,number,value,datetime_start,datetime_complete,duration,params_batch_size_scaler,params_constant_learning_rate,params_depth,params_epochs,params_kernel_l2,params_num_trees,params_temperature,user_attrs_accuracy_test,user_attrs_accuracy_valid,user_attrs_approximate_feature_sparsity,user_attrs_approximate_feature_sparsity_history,user_attrs_approximate_weight_sparsity,user_attrs_approximate_weight_sparsity_history,user_attrs_auc_test,user_attrs_auc_valid,user_attrs_feature_sparsity,user_attrs_feature_sparsity_history,user_attrs_num_epochs,user_attrs_val_loss_history,user_attrs_weight_sparsity,user_attrs_weight_sparsity_history,state
72,72,0.9240380775721039,2024-08-31 03:19:18.198918,2024-08-31 03:27:53.577937,0 days 00:08:35.379019,1,0.02236803547934612,5,270,0.03977702539971387,72,0.018951272555728076,0.936,0.9375,33,"[33, 33, 33, 33, 33, 33, 33, 33, 33, 33, 33, 33, 33, 33, 33, 33, 33, 33, 33, 33, 33, 33, 33, 33, 33, 33, 33, 33, 33, 33, 33, 33, 33, 33, 33, 33, 33, 33, 33, 33, 33, 33, 33, 33, 33, 33, 33, 33, 33, 33, 33, 33, 33, 33, 33, 33, 33, 33, 33, 33, 33, 33, 33, 33, 33, 33, 33, 33, 33, 33, 33, 33, 33, 33, 33, 33, 33, 33, 33, 33, 33, 33, 33, 33, 33, 33, 33, 33, 33, 33, 33, 33, 33, 33, 33, 33, 33, 33, 33, 33, 33, 33, 33, 33, 33, 33, 33, 33, 33, 33, 33, 33, 33, 33, 33, 33, 33, 33, 33, 33, 33, 33, 33, 33, 33, 33, 33, 33, 33, 33, 33, 33, 33, 33, 33, 33, 33, 33, 33, 33, 33, 33, 33, 33, 33, 33, 33, 33, 33, 33, 33, 33, 33, 33, 33, 33, 33, 33, 33, 33, 33, 33, 33, 33, 33, 33, 33, 33, 33, 33, 33, 33, 33, 33, 33, 33, 33, 33, 33, 33, 33, 33, 33, 33, 33, 33, 33, 33, 33, 33, 33, 33, 33, 33, 33, 33, 33, 33, 33, 33, 33, 33, 33, 33, 33, 33, 33, 33, 33, 33, 33, 33, 33, 33, 33, 33, 33, 33, 33, 33, 33, 33, 33, 33, 33, 33, 33, 33, 33, 33, 33, 33, 33, 33, 33, 33, 33, 33, 33, 33, 33, 33, 33, 33, 33, 33, 33, 33, 33, 33, 33, 33, 33, 33, 33, 33, 33, 33, 33, 33, 33, 33, 33, 33, 33, 33, 33, 33, 33, 33]",32.95161290322581,"[32.93189964157706, 32.9336917562724, 32.937275985663085, 32.935483870967744, 32.931451612903224, 32.93189964157706, 32.92652329749104, 32.931451612903224, 32.93503584229391, 32.94310035842294, 32.933243727598565, 32.94310035842294, 32.94220430107527, 32.935931899641574, 32.937724014336915, 32.93906810035842, 32.937724014336915, 32.94086021505377, 32.937275985663085, 32.93145161290323, 32.937724014336915, 32.93951612903226, 32.93727598566308, 32.94220430107527, 32.94489247311828, 32.939068100358426, 32.94086021505376, 32.94086021505376, 32.94041218637993, 32.94041218637993, 32.939516129032256, 32.93637992831541, 32.93503584229391, 32.933243727598565, 32.93413978494624, 32.933243727598565, 32.93503584229391, 32.94041218637993, 32.93503584229391, 32.93100358422939, 32.939516129032256, 32.943548387096776, 32.943996415770606, 32.943548387096776, 32.943548387096776, 32.946236559139784, 32.943548387096776, 32.942204301075265, 32.94220430107527, 32.9413082437276, 32.939068100358426, 32.94041218637993, 32.93100358422939, 32.935483870967744, 32.93817204301075, 32.9426523297491, 32.93817204301075, 32.93279569892473, 32.93010752688172, 32.92786738351255, 32.92921146953405, 32.93189964157706, 32.93413978494623, 32.935483870967744, 32.93503584229391, 32.939068100358426, 32.93862007168459, 32.94041218637992, 32.93458781362007, 32.935931899641574, 32.93503584229391, 32.93100358422939, 32.93100358422939, 32.935931899641574, 32.93906810035842, 32.94041218637993, 32.9426523297491, 32.94086021505376, 32.94086021505376, 32.939516129032256, 32.939068100358426, 32.93682795698925, 32.93817204301075, 32.93817204301075, 32.939516129032256, 32.939516129032256, 32.93503584229391, 32.93413978494623, 32.93637992831541, 32.939068100358426, 32.939068100358426, 32.93682795698925, 32.937724014336915, 32.94086021505376, 32.93637992831541, 32.93817204301075, 32.94489247311828, 32.93996415770609, 32.93817204301075, 32.93682795698925, 32.9426523297491, 32.94399641577061, 32.93862007168459, 32.93503584229391, 32.93010752688172, 32.92921146953405, 32.92921146953405, 32.931003584229394, 32.93458781362008, 32.9336917562724, 32.93279569892473, 32.93637992831541, 32.93727598566308, 32.93817204301075, 32.939068100358426, 32.93413978494623, 32.93503584229391, 32.93413978494624, 32.937724014336915, 32.93727598566308, 32.93637992831541, 32.937275985663085, 32.93996415770609, 32.939516129032256, 32.941756272401435, 32.937275985663085, 32.93996415770609, 32.939516129032256, 32.94220430107527, 32.94489247311828, 32.94220430107527, 32.943996415770606, 32.94489247311828, 32.94354838709677, 32.941756272401435, 32.939516129032256, 32.939516129032256, 32.9336917562724, 32.937724014336915, 32.937275985663085, 32.94220430107527, 32.941756272401435, 32.93817204301075, 32.93593189964158, 32.939068100358426, 32.94041218637993, 32.93772401433692, 32.94444444444445, 32.93996415770609, 32.94489247311828, 32.94444444444445, 32.941756272401435, 32.94399641577061, 32.94847670250896, 32.94399641577061, 32.94086021505376, 32.942204301075265, 32.9413082437276, 32.93906810035842, 32.93817204301075, 32.93817204301075, 32.93772401433692, 32.94041218637993, 32.94041218637993, 32.937724014336915, 32.94041218637992, 32.933243727598565, 32.939516129032256, 32.93817204301075, 32.933243727598565, 32.935931899641574, 32.93413978494623, 32.93458781362007, 32.93593189964158, 32.93503584229391, 32.937724014336915, 32.937724014336915, 32.93996415770609, 32.93862007168458, 32.939068100358426, 32.9413082437276, 32.94578853046595, 32.94220430107527, 32.941756272401435, 32.942204301075265, 32.94220430107527, 32.9413082437276, 32.94220430107527, 32.93996415770609, 32.939068100358426, 32.939516129032256, 32.93817204301075, 32.93682795698925, 32.93593189964158, 32.93817204301075, 32.93772401433692, 32.93055555555556, 32.93503584229391, 32.937275985663085, 32.93593189964158, 32.937724014336915, 32.935483870967744, 32.93637992831541, 32.93772401433692, 32.935483870967744, 32.9336917562724, 32.9336917562724, 32.93458781362007, 32.93413978494623, 32.935931899641574, 32.935931899641574, 32.93458781362007, 32.93458781362007, 32.93727598566308, 32.93682795698925, 32.93906810035842, 32.9336917562724, 32.9323476702509, 32.933243727598565, 32.93682795698925, 32.93413978494624, 32.93862007168459, 32.93772401433692, 32.94041218637992, 32.946236559139784, 32.950716845878134, 32.95116487455197, 32.948028673835125, 32.94489247311828, 32.94444444444444, 32.94578853046595, 32.94354838709677, 32.94310035842294, 32.94310035842294, 32.937724014336915, 32.937724014336915, 32.94041218637993, 32.94220430107527, 32.94220430107527, 32.94399641577061, 32.94220430107527, 32.939516129032256, 32.93862007168459, 32.93862007168459, 32.93996415770609, 32.941756272401435, 32.9413082437276, 32.94220430107527, 32.94578853046595, 32.94534050179212, 32.939516129032256, 32.9413082437276, 32.9336917562724, 32.93637992831541, 32.937724014336915, 32.93637992831541, 32.93862007168459, 32.94220430107527, 32.94534050179212, 32.94713261648746, 32.94534050179212, 32.94847670250896, 32.948028673835125, 32.94534050179211, 32.945788530465954, 32.94847670250896, 32.95519713261648, 32.950268817204304, 32.950268817204304, 32.95161290322581]",0.9084949512462952,0.9240380775721039,33,"[33, 33, 33, 33, 33, 33, 33, 33, 33, 33, 33, 33, 33, 33, 33, 33, 33, 33, 33, 33, 33, 33, 33, 33, 33, 33, 33, 33, 33, 33, 33, 33, 33, 33, 33, 33, 33, 33, 33, 33, 33, 33, 33, 33, 33, 33, 33, 33, 33, 33, 33, 33, 33, 33, 33, 33, 33, 33, 33, 33, 33, 33, 33, 33, 33, 33, 33, 33, 33, 33, 33, 33, 33, 33, 33, 33, 33, 33, 33, 33, 33, 33, 33, 33, 33, 33, 33, 33, 33, 33, 33, 33, 33, 33, 33, 33, 33, 33, 33, 33, 33, 33, 33, 33, 33, 33, 33, 33, 33, 33, 33, 33, 33, 33, 33, 33, 33, 33, 33, 33, 33, 33, 33, 33, 33, 33, 33, 33, 33, 33, 33, 33, 33, 33, 33, 33, 33, 33, 33, 33, 33, 33, 33, 33, 33, 33, 33, 33, 33, 33, 33, 33, 33, 33, 33, 33, 33, 33, 33, 33, 33, 33, 33, 33, 33, 33, 33, 33, 33, 33, 33, 33, 33, 33, 33, 33, 33, 33, 33, 33, 33, 33, 33, 33, 33, 33, 33, 33, 33, 33, 33, 33, 33, 33, 33, 33, 33, 33, 33, 33, 33, 33, 33, 33, 33, 33, 33, 33, 33, 33, 33, 33, 33, 33, 33, 33, 33, 33, 33, 33, 33, 33, 33, 33, 33, 33, 33, 33, 33, 33, 33, 33, 33, 33, 33, 33, 33, 33, 33, 33, 33, 33, 33, 33, 33, 33, 33, 33, 33, 33, 33, 33, 33, 33, 33, 33, 33, 33, 33, 33, 33, 33, 33, 33, 33, 33, 33, 33, 33, 33]",270,"[0.3976322114467621, 0.39030957221984863, 0.3849926292896271, 0.38135969638824463, 0.37814486026763916, 0.3754991888999939, 0.37361010909080505, 0.37181556224823, 0.37029117345809937, 0.36878037452697754, 0.3674018085002899, 0.36625784635543823, 0.3650517761707306, 0.36429595947265625, 0.3628171980381012, 0.36178192496299744, 0.3605707287788391, 0.35958170890808105, 0.35858315229415894, 0.35761773586273193, 0.35646167397499084, 0.35548335313796997, 0.3545358180999756, 0.3535817265510559, 0.35317888855934143, 0.3516389727592468, 0.3506837487220764, 0.34977081418037415, 0.3487177789211273, 0.34765613079071045, 0.34672480821609497, 0.34610193967819214, 0.34487223625183105, 0.3444952666759491, 0.3433087170124054, 0.3422160744667053, 0.34122326970100403, 0.34070679545402527, 0.339463472366333, 0.33859434723854065, 0.3376729190349579, 0.3368980288505554, 0.3358800411224365, 0.3349597454071045, 0.33401358127593994, 0.33319514989852905, 0.3324089050292969, 0.3313814103603363, 0.33073243498802185, 0.3294353187084198, 0.3287009000778198, 0.32758742570877075, 0.32696861028671265, 0.32592278718948364, 0.3247585594654083, 0.3237561881542206, 0.3228113055229187, 0.32179394364356995, 0.32058432698249817, 0.31953802704811096, 0.3185754716396332, 0.31753507256507874, 0.3165196478366852, 0.3156506419181824, 0.3143765926361084, 0.3129918873310089, 0.311872273683548, 0.31082284450531006, 0.309603750705719, 0.3083491027355194, 0.3071632981300354, 0.30586498975753784, 0.3044885993003845, 0.30325737595558167, 0.30212831497192383, 0.3009064793586731, 0.2994018495082855, 0.2984243333339691, 0.2968812584877014, 0.2961721420288086, 0.294389545917511, 0.29312747716903687, 0.29148051142692566, 0.2903042733669281, 0.2888304591178894, 0.28745508193969727, 0.2864651381969452, 0.2849496006965637, 0.2834242582321167, 0.2822798192501068, 0.28082001209259033, 0.2795213460922241, 0.2781856060028076, 0.27709904313087463, 0.2758568823337555, 0.27462586760520935, 0.27343615889549255, 0.27226483821868896, 0.2710282504558563, 0.26983630657196045, 0.26872459053993225, 0.2681078016757965, 0.2666170597076416, 0.2660553455352783, 0.2648142874240875, 0.2634722888469696, 0.2625483572483063, 0.2614656388759613, 0.26045769453048706, 0.25963976979255676, 0.25869864225387573, 0.2577416002750397, 0.257246732711792, 0.25614339113235474, 0.2551988661289215, 0.25427407026290894, 0.253845751285553, 0.25288447737693787, 0.25231629610061646, 0.251118540763855, 0.2502914369106293, 0.2496809959411621, 0.24894332885742188, 0.24810035526752472, 0.2473485767841339, 0.24665381014347076, 0.24617017805576324, 0.24525026977062225, 0.24449694156646729, 0.24398118257522583, 0.24323509633541107, 0.24265450239181519, 0.24157869815826416, 0.24154263734817505, 0.24047081172466278, 0.2400086373090744, 0.23942488431930542, 0.2393798828125, 0.23824049532413483, 0.23775054514408112, 0.23707279562950134, 0.23676960170269012, 0.23620158433914185, 0.23544885218143463, 0.23474249243736267, 0.23462526500225067, 0.23361225426197052, 0.23310887813568115, 0.2326095700263977, 0.23206865787506104, 0.23134686052799225, 0.2308731973171234, 0.23046311736106873, 0.22979871928691864, 0.22973941266536713, 0.22913962602615356, 0.22928909957408905, 0.2283691167831421, 0.22766998410224915, 0.22764728963375092, 0.22687238454818726, 0.22664527595043182, 0.22589457035064697, 0.2256927639245987, 0.22524604201316833, 0.22528673708438873, 0.22417400777339935, 0.22364971041679382, 0.2233428955078125, 0.2229737490415573, 0.22272837162017822, 0.22216778993606567, 0.22176682949066162, 0.2213926911354065, 0.22118057310581207, 0.22086013853549957, 0.22041355073451996, 0.22031491994857788, 0.219640851020813, 0.2199356108903885, 0.2192661613225937, 0.21895353496074677, 0.21841254830360413, 0.2178756147623062, 0.21775025129318237, 0.2174343466758728, 0.21679361164569855, 0.21677345037460327, 0.21623672544956207, 0.2164408564567566, 0.2158994823694229, 0.2154771089553833, 0.21499069035053253, 0.2149817794561386, 0.21511802077293396, 0.21410861611366272, 0.21444036066532135, 0.21375465393066406, 0.2136402279138565, 0.21308539807796478, 0.2132008671760559, 0.21325623989105225, 0.21256032586097717, 0.21263158321380615, 0.211765855550766, 0.21210290491580963, 0.21163013577461243, 0.21139837801456451, 0.210858553647995, 0.2103741317987442, 0.2107744812965393, 0.2105533480644226, 0.21010540425777435, 0.20995880663394928, 0.20972700417041779, 0.2090456336736679, 0.20948228240013123, 0.20897284150123596, 0.20962952077388763, 0.20867449045181274, 0.20846673846244812, 0.20842543244361877, 0.20790883898735046, 0.2078300416469574, 0.2080555111169815, 0.2072562575340271, 0.20708289742469788, 0.20653726160526276, 0.20680531859397888, 0.20704656839370728, 0.20634490251541138, 0.206705242395401, 0.2063993513584137, 0.2057163268327713, 0.20579953491687775, 0.20541059970855713, 0.20495668053627014, 0.20486831665039062, 0.2050851583480835, 0.20466989278793335, 0.20474806427955627, 0.20453126728534698, 0.20421656966209412, 0.2040100246667862, 0.20382478833198547, 0.20436857640743256, 0.20374105870723724, 0.20385129749774933, 0.20361356437206268, 0.2036774754524231, 0.20328105986118317, 0.20289406180381775, 0.20227724313735962, 0.20263303816318512, 0.20203298330307007, 0.20159034430980682, 0.20175771415233612, 0.20181694626808167, 0.2010551393032074, 0.2014312595129013, 0.20169584453105927, 0.20160846412181854, 0.2013295739889145, 0.20087696611881256, 0.20156174898147583, 0.20078331232070923, 0.2017681896686554, 0.20118385553359985, 0.20047414302825928, 0.20025721192359924]",33.0,"[33.0, 33.0, 33.0, 33.0, 33.0, 33.0, 33.0, 33.0, 33.0, 33.0, 33.0, 33.0, 33.0, 33.0, 33.0, 33.0, 33.0, 33.0, 33.0, 33.0, 33.0, 33.0, 33.0, 33.0, 33.0, 33.0, 33.0, 33.0, 33.0, 33.0, 33.0, 33.0, 33.0, 33.0, 33.0, 33.0, 33.0, 33.0, 33.0, 33.0, 33.0, 33.0, 33.0, 33.0, 33.0, 33.0, 33.0, 33.0, 33.0, 33.0, 33.0, 33.0, 33.0, 33.0, 33.0, 33.0, 33.0, 33.0, 33.0, 33.0, 33.0, 33.0, 33.0, 33.0, 33.0, 33.0, 33.0, 33.0, 33.0, 33.0, 33.0, 33.0, 33.0, 33.0, 33.0, 33.0, 33.0, 33.0, 33.0, 33.0, 33.0, 33.0, 33.0, 33.0, 33.0, 33.0, 33.0, 33.0, 33.0, 33.0, 33.0, 33.0, 33.0, 33.0, 33.0, 33.0, 33.0, 33.0, 33.0, 33.0, 33.0, 33.0, 33.0, 33.0, 33.0, 33.0, 33.0, 33.0, 33.0, 33.0, 33.0, 33.0, 33.0, 33.0, 33.0, 33.0, 33.0, 33.0, 33.0, 33.0, 33.0, 33.0, 33.0, 33.0, 33.0, 33.0, 33.0, 33.0, 33.0, 33.0, 33.0, 33.0, 33.0, 33.0, 33.0, 33.0, 33.0, 33.0, 33.0, 33.0, 33.0, 33.0, 33.0, 33.0, 33.0, 33.0, 33.0, 33.0, 33.0, 33.0, 33.0, 33.0, 33.0, 33.0, 33.0, 33.0, 33.0, 33.0, 33.0, 33.0, 33.0, 33.0, 33.0, 33.0, 33.0, 33.0, 33.0, 33.0, 33.0, 33.0, 33.0, 33.0, 33.0, 33.0, 33.0, 33.0, 33.0, 33.0, 33.0, 33.0, 33.0, 33.0, 33.0, 33.0, 33.0, 33.0, 33.0, 33.0, 33.0, 33.0, 33.0, 33.0, 33.0, 33.0, 33.0, 33.0, 33.0, 33.0, 33.0, 33.0, 33.0, 33.0, 33.0, 33.0, 33.0, 33.0, 33.0, 33.0, 33.0, 33.0, 33.0, 33.0, 33.0, 33.0, 33.0, 33.0, 33.0, 33.0, 33.0, 33.0, 33.0, 33.0, 33.0, 33.0, 33.0, 33.0, 33.0, 33.0, 33.0, 33.0, 33.0, 33.0, 33.0, 33.0, 33.0, 33.0, 33.0, 33.0, 33.0, 33.0, 33.0, 33.0, 33.0, 33.0, 33.0, 33.0, 33.0, 33.0, 33.0, 33.0, 33.0, 33.0, 33.0, 33.0, 33.0, 33.0, 33.0, 33.0, 33.0, 33.0, 33.0, 33.0, 33.0, 33.0, 33.0, 33.0, 33.0, 33.0, 33.0, 33.0]",COMPLETE
