,number,value,datetime_start,datetime_complete,duration,params_batch_size_scaler,params_constant_learning_rate,params_depth,params_epochs,params_kernel_l2,params_num_trees,params_temperature,user_attrs_accuracy_test,user_attrs_accuracy_valid,user_attrs_approximate_feature_sparsity,user_attrs_approximate_feature_sparsity_history,user_attrs_approximate_weight_sparsity,user_attrs_approximate_weight_sparsity_history,user_attrs_auc_test,user_attrs_auc_valid,user_attrs_feature_sparsity,user_attrs_feature_sparsity_history,user_attrs_num_epochs,user_attrs_val_loss_history,user_attrs_weight_sparsity,user_attrs_weight_sparsity_history,state
152,152,0.9249397792119128,2024-08-31 06:45:11.407507,2024-08-31 06:46:04.429084,0 days 00:00:53.021577,64,7.068543282313018,4,245,0.0024136777417540275,32,0.00010060552730776144,0.936,0.93875,31,"[33, 33, 33, 33, 33, 33, 33, 33, 33, 33, 33, 33, 33, 33, 33, 33, 33, 33, 33, 33, 33, 33, 33, 33, 33, 33, 33, 33, 33, 33, 33, 33, 33, 33, 33, 33, 33, 33, 33, 33, 33, 33, 33, 33, 33, 33, 33, 33, 33, 33, 33, 33, 33, 33, 33, 33, 33, 33, 33, 33, 33, 33, 33, 33, 33, 33, 33, 33, 33, 33, 33, 33, 33, 33, 33, 33, 33, 33, 33, 33, 33, 33, 33, 33, 33, 33, 33, 33, 33, 33, 33, 33, 33, 33, 33, 33, 33, 33, 33, 33, 33, 33, 33, 32, 32, 32, 32, 32, 32, 32, 32, 32, 32, 32, 32, 32, 32, 32, 32, 32, 32, 32, 32, 32, 32, 32, 32, 32, 32, 32, 32, 32, 32, 32, 32, 32, 32, 32, 32, 32, 32, 32, 32, 32, 32, 32, 32, 32, 32, 32, 32, 32, 32, 32, 32, 32, 32, 32, 32, 32, 32, 32, 32, 32, 32, 32, 32, 32, 32, 32, 32, 32, 32, 32, 32, 32, 32, 32, 32, 32, 32, 31, 31, 31, 31, 31, 31, 31, 31, 31, 31, 31, 31, 31, 31, 31, 31, 31, 31, 31, 31, 31, 31, 31, 31, 31, 31, 31, 31, 31, 31, 31, 31, 31, 31, 31, 31, 31, 31, 31, 31, 31, 31, 31, 31, 31, 31, 31, 31, 31, 31, 31, 31, 31, 31, 31, 31, 31, 31, 31, 31, 31, 31, 31, 31]",30.975,"[32.97708333333333, 32.97708333333333, 32.96458333333334, 32.97916666666667, 32.975, 32.97291666666667, 32.97916666666667, 32.9625, 32.94583333333333, 32.96041666666667, 32.97916666666667, 32.9625, 32.96666666666667, 32.97291666666667, 32.96875, 32.96875, 32.97916666666667, 32.97708333333333, 32.96875, 32.97916666666667, 32.952083333333334, 32.975, 32.975, 32.985416666666666, 32.956250000000004, 32.958333333333336, 32.96666666666667, 32.96458333333334, 32.97708333333333, 32.96875, 32.975, 32.9875, 32.975, 32.97291666666666, 32.96666666666667, 32.96458333333334, 32.96458333333334, 32.96875, 32.97916666666667, 32.96041666666667, 32.98125, 32.975, 32.97708333333333, 32.97916666666667, 32.97291666666667, 32.975, 32.97916666666667, 32.975, 32.983333333333334, 32.97083333333333, 32.981249999999996, 32.97291666666667, 32.97708333333333, 32.97708333333333, 32.98125, 32.98125, 32.975, 32.96666666666667, 32.97916666666667, 32.962500000000006, 32.96875, 32.96875, 32.96458333333334, 32.975, 32.96666666666667, 32.96666666666667, 32.98125, 32.98125, 32.97916666666667, 32.97708333333333, 32.97708333333333, 32.96666666666667, 32.975, 32.98125, 32.96666666666667, 32.97708333333333, 32.97291666666667, 32.97291666666667, 32.97291666666667, 32.97916666666667, 32.97291666666666, 32.97083333333333, 32.97291666666667, 32.97291666666666, 32.975, 32.98125, 32.97291666666667, 32.96666666666667, 32.962500000000006, 32.96458333333333, 32.96458333333334, 32.97291666666667, 32.97083333333333, 32.97083333333333, 32.97291666666667, 32.97083333333333, 32.97291666666667, 32.98125, 32.96666666666667, 32.97083333333333, 32.96458333333334, 32.97291666666667, 32.96458333333334, 31.96875, 31.98333333333333, 31.979166666666668, 31.985416666666666, 31.964583333333337, 31.970833333333335, 31.974999999999998, 31.977083333333333, 31.96875, 31.979166666666668, 31.972916666666666, 31.979166666666668, 31.97291666666667, 31.979166666666668, 31.964583333333334, 31.972916666666666, 31.977083333333333, 31.985416666666666, 31.983333333333334, 31.972916666666666, 31.97291666666667, 31.979166666666668, 31.983333333333334, 31.9875, 31.985416666666666, 31.981250000000003, 31.975, 31.964583333333334, 31.970833333333335, 31.977083333333333, 31.98125, 31.981250000000003, 31.981250000000003, 31.970833333333335, 31.977083333333333, 31.977083333333333, 31.974999999999998, 31.977083333333333, 31.983333333333334, 31.9875, 31.97291666666667, 31.981250000000003, 31.964583333333334, 31.975, 31.9875, 31.981250000000003, 31.974999999999998, 31.970833333333335, 31.97291666666667, 31.981250000000003, 31.979166666666668, 31.97291666666667, 31.983333333333334, 31.960416666666667, 31.977083333333333, 31.979166666666668, 31.977083333333333, 31.981250000000003, 31.979166666666668, 31.98125, 31.979166666666668, 31.9875, 31.983333333333334, 31.981250000000003, 31.975, 31.979166666666668, 31.983333333333334, 31.98125, 31.985416666666666, 31.974999999999998, 31.981250000000003, 31.9875, 31.983333333333334, 31.977083333333333, 31.985416666666666, 31.985416666666666, 31.98125, 31.98125, 30.989583333333336, 30.979166666666668, 30.96875, 30.985416666666666, 30.9875, 30.983333333333334, 30.989583333333336, 30.9875, 30.979166666666668, 30.970833333333335, 30.977083333333333, 30.979166666666668, 30.974999999999998, 30.9875, 30.99375, 30.985416666666666, 30.970833333333335, 30.979166666666668, 30.985416666666666, 30.97291666666667, 30.981250000000003, 30.975, 30.975, 30.970833333333335, 30.975, 30.985416666666666, 30.975, 30.96875, 30.97291666666667, 30.977083333333333, 30.979166666666668, 30.97291666666667, 30.970833333333335, 30.975, 30.977083333333333, 30.977083333333333, 30.981250000000003, 30.975, 30.977083333333333, 30.975, 30.981250000000003, 30.989583333333336, 30.975, 30.977083333333333, 30.985416666666666, 30.985416666666666, 30.970833333333335, 30.989583333333336, 30.979166666666668, 30.979166666666668, 30.9875, 30.983333333333334, 30.97291666666667, 30.985416666666666, 30.977083333333333, 30.983333333333334, 30.989583333333336, 30.99375, 30.974999999999998, 30.989583333333336, 30.981250000000003, 30.985416666666666, 30.985416666666666, 30.975]",0.8983726748074207,0.9249397792119128,31,"[33, 33, 33, 33, 33, 33, 33, 33, 33, 33, 33, 33, 33, 33, 33, 33, 33, 33, 33, 33, 33, 33, 33, 33, 33, 33, 33, 33, 33, 33, 33, 33, 33, 33, 33, 33, 33, 33, 33, 33, 33, 33, 33, 33, 33, 33, 33, 33, 33, 33, 33, 33, 33, 33, 33, 33, 33, 33, 33, 33, 33, 33, 33, 33, 33, 33, 33, 33, 33, 33, 33, 33, 33, 33, 33, 33, 33, 33, 33, 33, 33, 33, 33, 33, 33, 33, 33, 33, 33, 33, 33, 33, 33, 33, 33, 33, 33, 33, 33, 33, 33, 33, 33, 32, 32, 32, 32, 32, 32, 32, 32, 32, 32, 32, 32, 32, 32, 32, 32, 32, 32, 32, 32, 32, 32, 32, 32, 32, 32, 32, 32, 32, 32, 32, 32, 32, 32, 32, 32, 32, 32, 32, 32, 32, 32, 32, 32, 32, 32, 32, 32, 32, 32, 32, 32, 32, 32, 32, 32, 32, 32, 32, 32, 32, 32, 32, 32, 32, 32, 32, 32, 32, 32, 32, 32, 32, 32, 32, 32, 32, 32, 31, 31, 31, 31, 31, 31, 31, 31, 31, 31, 31, 31, 31, 31, 31, 31, 31, 31, 31, 31, 31, 31, 31, 31, 31, 31, 31, 31, 31, 31, 31, 31, 31, 31, 31, 31, 31, 31, 31, 31, 31, 31, 31, 31, 31, 31, 31, 31, 31, 31, 31, 31, 31, 31, 31, 31, 31, 31, 31, 31, 31, 31, 31, 31]",245,"[0.5501323938369751, 0.8825417160987854, 0.637869119644165, 0.5972764492034912, 0.3655592203140259, 0.46802985668182373, 0.4093034267425537, 0.34045514464378357, 0.8347879648208618, 0.35715705156326294, 0.3402777910232544, 0.6857660412788391, 0.5352999567985535, 0.6603827476501465, 0.2747252583503723, 0.6585572957992554, 0.26397785544395447, 0.6255761384963989, 0.31661850214004517, 0.25334158539772034, 0.26061487197875977, 0.25862622261047363, 0.51365065574646, 0.23014448583126068, 0.28887829184532166, 0.23795026540756226, 0.23667138814926147, 0.21884842216968536, 0.3397221267223358, 0.5054685473442078, 0.2102997899055481, 0.2903144061565399, 0.19968900084495544, 0.2311408966779709, 0.4048263132572174, 0.22797198593616486, 0.22583843767642975, 0.2563277781009674, 0.33503493666648865, 0.277345210313797, 0.19828061759471893, 0.21992184221744537, 0.4777986407279968, 0.238590806722641, 0.18685565888881683, 0.2023342251777649, 0.19411228597164154, 0.21386662125587463, 0.2994387447834015, 0.20680207014083862, 0.4678983986377716, 0.19265204668045044, 0.2151273787021637, 0.19559377431869507, 0.17861256003379822, 0.17447388172149658, 0.19122405350208282, 0.19149979948997498, 0.17851309478282928, 0.23333537578582764, 0.18917876482009888, 0.2040618360042572, 0.5098645687103271, 0.268283873796463, 0.25790148973464966, 0.22574910521507263, 0.17257021367549896, 0.17772294580936432, 0.2082947939634323, 0.17830312252044678, 0.21101535856723785, 0.23890674114227295, 0.1808594912290573, 0.1705605536699295, 0.18560124933719635, 0.2234458029270172, 0.17927047610282898, 0.19341377913951874, 0.17300766706466675, 0.17722159624099731, 0.1756942868232727, 0.17192524671554565, 0.43498003482818604, 0.1909724622964859, 0.1755678504705429, 0.23084670305252075, 0.20485101640224457, 0.19878381490707397, 0.1685553342103958, 0.17173033952713013, 0.19380147755146027, 0.17026706039905548, 0.18913941085338593, 0.20420031249523163, 0.18604110181331635, 0.20361267030239105, 0.1809331476688385, 0.16668055951595306, 0.19683533906936646, 0.27126240730285645, 0.17738814651966095, 0.19648408889770508, 0.20407810807228088, 0.17554496228694916, 0.17219673097133636, 0.1944248378276825, 0.17896640300750732, 0.3672460913658142, 0.18959912657737732, 0.18362155556678772, 0.18814657628536224, 0.17652803659439087, 0.1751960813999176, 0.17828619480133057, 0.16480229794979095, 0.16882459819316864, 0.16952452063560486, 0.1767728626728058, 0.1801522672176361, 0.177416130900383, 0.18061190843582153, 0.19314202666282654, 0.17685222625732422, 0.17947709560394287, 0.25462567806243896, 0.18202538788318634, 0.1774938702583313, 0.21328161656856537, 0.18153436481952667, 0.18145444989204407, 0.19917935132980347, 0.1793280988931656, 0.19101713597774506, 0.18816328048706055, 0.18823784589767456, 0.1876513659954071, 0.19531755149364471, 0.19907979667186737, 0.1912049502134323, 0.18273454904556274, 0.19102852046489716, 0.21924473345279694, 0.1910979151725769, 0.19666138291358948, 0.2462875247001648, 0.19245733320713043, 0.19540587067604065, 0.2208162248134613, 0.18576596677303314, 0.22418592870235443, 0.19281478226184845, 0.22576288878917694, 0.19886860251426697, 0.1940750628709793, 0.2143281102180481, 0.20700909197330475, 0.20152875781059265, 0.19909581542015076, 0.20165574550628662, 0.20001572370529175, 0.2034999281167984, 0.20665481686592102, 0.20361922681331635, 0.20301777124404907, 0.1996123492717743, 0.2073926478624344, 0.23801341652870178, 0.21936073899269104, 0.19693678617477417, 0.1986188441514969, 0.21080046892166138, 0.21642747521400452, 0.20191055536270142, 0.20479415357112885, 0.21218915283679962, 0.2109154760837555, 0.20638608932495117, 0.2019161731004715, 0.23014189302921295, 0.24150434136390686, 0.20792241394519806, 0.20969624817371368, 0.21530725061893463, 0.21194034814834595, 0.2068786770105362, 0.21484778821468353, 0.23380382359027863, 0.23250557482242584, 0.23118245601654053, 0.22983430325984955, 0.2255672663450241, 0.2789062261581421, 0.21663330495357513, 0.22113999724388123, 0.23960870504379272, 0.21609927713871002, 0.23088546097278595, 0.2246076911687851, 0.2283887267112732, 0.26048511266708374, 0.24395263195037842, 0.23988912999629974, 0.2225450575351715, 0.22835899889469147, 0.23089556396007538, 0.2311214953660965, 0.22376024723052979, 0.22787120938301086, 0.29888418316841125, 0.22834278643131256, 0.23297153413295746, 0.2840036451816559, 0.23857615888118744, 0.2549494504928589, 0.23599624633789062, 0.24780212342739105, 0.23310452699661255, 0.2411167472600937, 0.23913472890853882, 0.23848719894886017, 0.2752639651298523, 0.2843288779258728, 0.24672392010688782, 0.2583627700805664, 0.25133901834487915, 0.25553712248802185, 0.25940191745758057, 0.2541157305240631, 0.24684181809425354, 0.26046666502952576, 0.2533561587333679, 0.25094154477119446, 0.25347408652305603, 0.25365906953811646, 0.25085827708244324, 0.2528630793094635, 0.2541902959346771, 0.25811004638671875, 0.2668718993663788, 0.29168009757995605, 0.249717578291893, 0.253792405128479, 0.2753440737724304, 0.26227250695228577, 0.2555956244468689]",31.0,"[33.0, 33.0, 33.0, 33.0, 33.0, 33.0, 33.0, 33.0, 33.0, 33.0, 33.0, 33.0, 33.0, 33.0, 33.0, 33.0, 33.0, 33.0, 33.0, 33.0, 33.0, 33.0, 33.0, 33.0, 33.0, 33.0, 33.0, 33.0, 33.0, 33.0, 33.0, 33.0, 33.0, 33.0, 33.0, 33.0, 33.0, 33.0, 33.0, 33.0, 33.0, 33.0, 33.0, 33.0, 33.0, 33.0, 33.0, 33.0, 33.0, 33.0, 33.0, 33.0, 33.0, 33.0, 33.0, 33.0, 33.0, 33.0, 33.0, 33.0, 33.0, 33.0, 33.0, 33.0, 33.0, 33.0, 33.0, 33.0, 33.0, 33.0, 33.0, 33.0, 33.0, 33.0, 33.0, 33.0, 33.0, 33.0, 33.0, 33.0, 33.0, 33.0, 33.0, 33.0, 33.0, 33.0, 33.0, 33.0, 33.0, 33.0, 33.0, 33.0, 33.0, 33.0, 33.0, 33.0, 33.0, 33.0, 33.0, 33.0, 33.0, 33.0, 33.0, 32.0, 32.0, 32.0, 32.0, 32.0, 32.0, 32.0, 32.0, 32.0, 32.0, 32.0, 32.0, 32.0, 32.0, 32.0, 32.0, 32.0, 32.0, 32.0, 32.0, 32.0, 32.0, 32.0, 32.0, 32.0, 32.0, 32.0, 32.0, 32.0, 32.0, 32.0, 32.0, 32.0, 32.0, 32.0, 32.0, 32.0, 32.0, 32.0, 32.0, 32.0, 32.0, 32.0, 32.0, 32.0, 32.0, 32.0, 32.0, 32.0, 32.0, 32.0, 32.0, 32.0, 32.0, 32.0, 32.0, 32.0, 32.0, 32.0, 32.0, 32.0, 32.0, 32.0, 32.0, 32.0, 32.0, 32.0, 32.0, 32.0, 32.0, 32.0, 32.0, 32.0, 32.0, 32.0, 32.0, 32.0, 32.0, 31.0, 31.0, 31.0, 31.0, 31.0, 31.0, 31.0, 31.0, 31.0, 31.0, 31.0, 31.0, 31.0, 31.0, 31.0, 31.0, 31.0, 31.0, 31.0, 31.0, 31.0, 31.0, 31.0, 31.0, 31.0, 31.0, 31.0, 31.0, 31.0, 31.0, 31.0, 31.0, 31.0, 31.0, 31.0, 31.0, 31.0, 31.0, 31.0, 31.0, 31.0, 31.0, 31.0, 31.0, 31.0, 31.0, 31.0, 31.0, 31.0, 31.0, 31.0, 31.0, 31.0, 31.0, 31.0, 31.0, 31.0, 31.0, 31.0, 31.0, 31.0, 31.0, 31.0, 31.0]",COMPLETE
