,number,value,datetime_start,datetime_complete,duration,params_batch_size_scaler,params_constant_learning_rate,params_depth,params_epochs,params_kernel_l2,params_num_trees,params_temperature,user_attrs_accuracy_test,user_attrs_accuracy_valid,user_attrs_approximate_feature_sparsity,user_attrs_approximate_feature_sparsity_history,user_attrs_approximate_weight_sparsity,user_attrs_approximate_weight_sparsity_history,user_attrs_auc_test,user_attrs_auc_valid,user_attrs_feature_sparsity,user_attrs_feature_sparsity_history,user_attrs_num_epochs,user_attrs_val_loss_history,user_attrs_weight_sparsity,user_attrs_weight_sparsity_history,state
146,146,0.7245687933943914,2024-08-31 06:19:11.622512,2024-08-31 06:22:04.534360,0 days 00:02:52.911848,16,0.011372057029963559,4,410,0.03389496542023859,96,0.005061132162075278,0.871,0.86875,33,"[33, 33, 33, 33, 33, 33, 33, 33, 33, 33, 33, 33, 33, 33, 33, 33, 33, 33, 33, 33, 33, 33, 33, 33, 33, 33, 33, 33, 33, 33, 33, 33, 33, 33, 33, 33, 33, 33, 33, 33, 33, 33, 33, 33, 33, 33, 33, 33, 33, 33, 33, 33, 33, 33, 33, 33, 33, 33, 33, 33, 33, 33, 33, 33, 33, 33, 33, 33, 33, 33, 33, 33, 33, 33, 33, 33, 33, 33, 33, 33, 33, 33, 33, 33, 33, 33, 33, 33, 33, 33, 33, 33, 33, 33, 33, 33, 33, 33, 33, 33, 33, 33, 33, 33, 33, 33, 33, 33, 33, 33, 33, 33, 33, 33, 33, 33, 33, 33, 33, 33, 33, 33, 33, 33, 33, 33, 33, 33, 33, 33, 33, 33, 33, 33, 33, 33, 33, 33, 33, 33, 33, 33, 33, 33, 33, 33, 33, 33, 33, 33, 33, 33, 33, 33, 33, 33, 33, 33, 33, 33, 33, 33, 33, 33, 33, 33, 33, 33, 33, 33, 33, 33, 33, 33, 33, 33, 33, 33, 33, 33, 33, 33, 33, 33, 33, 33, 33, 33, 33, 33, 33, 33, 33, 33, 33, 33, 33, 33, 33, 33, 33, 33, 33, 33, 33, 33, 33, 33, 33, 33, 33, 33, 33, 33, 33, 33, 33, 33, 33, 33, 33, 33, 33, 33, 33, 33, 33, 33, 33, 33, 33, 33, 33, 33, 33, 33, 33, 33, 33, 33, 33, 33, 33, 33, 33, 33, 33, 33, 33, 33, 33, 33, 33, 33, 33, 33, 33, 33, 33, 33, 33, 33, 33, 33, 33, 33, 33, 33, 33, 33, 33, 33, 33, 33, 33, 33, 33, 33, 33, 33, 33, 33, 33, 33, 33, 33, 33, 33, 33, 33, 33, 33, 33, 33, 33, 33, 33, 33, 33, 33, 33, 33, 33, 33, 33, 33, 33, 33, 33, 33, 33, 33, 33, 33, 33, 33, 33, 33, 33, 33, 33, 33, 33, 33, 33, 33, 33, 33, 33, 33, 33, 33, 33, 33, 33, 33, 33, 33, 33, 33, 33, 33, 33, 33, 33, 33, 33, 33, 33, 33, 33, 33, 33, 33, 33, 33, 33, 33, 33, 33, 33, 33, 33, 33, 33, 33, 33, 33, 33, 33, 33, 33, 33, 33, 33, 33, 33, 33, 33, 33, 33, 33, 33, 33, 33, 33, 33, 33, 33, 33, 33, 33, 33, 33, 33, 33, 33, 33, 33, 33, 33, 33, 33, 33, 33, 33, 33, 33, 33, 33]",32.95902777777778,"[32.94791666666667, 32.94722222222222, 32.94513888888889, 32.947916666666664, 32.95, 32.94583333333333, 32.94583333333333, 32.94652777777778, 32.94513888888889, 32.94305555555555, 32.93958333333333, 32.94722222222222, 32.94722222222222, 32.95, 32.950694444444444, 32.950694444444444, 32.94722222222222, 32.94513888888889, 32.94444444444444, 32.94583333333333, 32.94375, 32.94305555555556, 32.94513888888889, 32.94305555555556, 32.94513888888889, 32.94444444444444, 32.94097222222222, 32.93819444444445, 32.93819444444445, 32.94097222222222, 32.94027777777778, 32.929861111111116, 32.927083333333336, 32.92777777777778, 32.925000000000004, 32.927083333333336, 32.93055555555556, 32.92986111111111, 32.92916666666667, 32.93541666666667, 32.93958333333334, 32.94305555555556, 32.94375, 32.94513888888889, 32.94513888888889, 32.94444444444445, 32.94375, 32.94027777777778, 32.94097222222222, 32.94375, 32.94513888888889, 32.94097222222222, 32.93819444444445, 32.93958333333334, 32.94444444444444, 32.94722222222222, 32.94236111111111, 32.94305555555555, 32.94583333333333, 32.94652777777778, 32.94722222222222, 32.93680555555556, 32.9375, 32.93541666666667, 32.93958333333334, 32.94236111111111, 32.94444444444444, 32.94583333333333, 32.94861111111111, 32.949305555555554, 32.952777777777776, 32.95763888888889, 32.952777777777776, 32.95, 32.947916666666664, 32.94652777777778, 32.94444444444445, 32.94236111111111, 32.94236111111111, 32.94097222222222, 32.94375, 32.94236111111111, 32.94375, 32.94305555555556, 32.94166666666666, 32.93888888888889, 32.93680555555556, 32.93472222222222, 32.93472222222222, 32.93680555555555, 32.94097222222222, 32.94375, 32.94722222222222, 32.94652777777778, 32.94861111111111, 32.94513888888889, 32.94444444444444, 32.94236111111111, 32.93958333333333, 32.94236111111111, 32.94375, 32.94444444444444, 32.94305555555555, 32.94236111111111, 32.94097222222222, 32.93958333333333, 32.94027777777778, 32.93958333333333, 32.94027777777778, 32.93819444444444, 32.93888888888889, 32.93541666666667, 32.93541666666667, 32.93888888888889, 32.94097222222222, 32.94097222222222, 32.9375, 32.93680555555555, 32.94166666666667, 32.94236111111111, 32.94097222222222, 32.94513888888889, 32.94513888888889, 32.94513888888889, 32.94236111111111, 32.94236111111111, 32.94444444444444, 32.94583333333333, 32.94444444444444, 32.94444444444444, 32.94305555555555, 32.94583333333333, 32.94513888888889, 32.94583333333333, 32.94652777777778, 32.94722222222222, 32.949305555555554, 32.950694444444444, 32.953472222222224, 32.952083333333334, 32.954861111111114, 32.952777777777776, 32.955555555555556, 32.954166666666666, 32.953472222222224, 32.954166666666666, 32.954861111111114, 32.952777777777776, 32.95208333333333, 32.949305555555554, 32.949999999999996, 32.952083333333334, 32.952777777777776, 32.952777777777776, 32.94861111111111, 32.947916666666664, 32.95, 32.952083333333334, 32.95486111111111, 32.95277777777778, 32.950694444444444, 32.94722222222222, 32.950694444444444, 32.949305555555554, 32.94652777777778, 32.94861111111111, 32.95, 32.952083333333334, 32.955555555555556, 32.955555555555556, 32.95625, 32.956944444444446, 32.955555555555556, 32.95138888888889, 32.953472222222224, 32.951388888888886, 32.949999999999996, 32.953472222222224, 32.952777777777776, 32.952083333333334, 32.95, 32.95138888888889, 32.95138888888889, 32.952777777777776, 32.953472222222224, 32.95277777777778, 32.952083333333334, 32.949999999999996, 32.95, 32.954166666666666, 32.955555555555556, 32.954166666666666, 32.954861111111114, 32.953472222222224, 32.952083333333334, 32.952777777777776, 32.951388888888886, 32.949999999999996, 32.949999999999996, 32.94861111111111, 32.94722222222222, 32.94513888888889, 32.949305555555554, 32.950694444444444, 32.955555555555556, 32.95625, 32.953472222222224, 32.954166666666666, 32.953472222222224, 32.955555555555556, 32.954166666666666, 32.954166666666666, 32.950694444444444, 32.949999999999996, 32.94861111111111, 32.950694444444444, 32.952083333333334, 32.949999999999996, 32.95, 32.949999999999996, 32.951388888888886, 32.949305555555554, 32.95, 32.949999999999996, 32.951388888888886, 32.94722222222222, 32.94861111111111, 32.94861111111111, 32.947916666666664, 32.94861111111111, 32.949305555555554, 32.949999999999996, 32.952083333333334, 32.954861111111114, 32.955555555555556, 32.954861111111114, 32.952777777777776, 32.95138888888889, 32.95138888888889, 32.953472222222224, 32.954861111111114, 32.955555555555556, 32.956944444444446, 32.956944444444446, 32.956944444444446, 32.95833333333333, 32.95902777777778, 32.96041666666667, 32.96111111111111, 32.95902777777778, 32.96041666666667, 32.96180555555556, 32.96180555555556, 32.96111111111111, 32.95902777777778, 32.95902777777778, 32.95902777777778, 32.95763888888889, 32.96041666666667, 32.96041666666667, 32.95763888888889, 32.96041666666667, 32.959722222222226, 32.95902777777778, 32.95763888888889, 32.95763888888889, 32.956250000000004, 32.95625, 32.954861111111114, 32.950694444444444, 32.94930555555556, 32.95277777777778, 32.95416666666667, 32.953472222222224, 32.953472222222224, 32.953472222222224, 32.954166666666666, 32.954861111111114, 32.956250000000004, 32.955555555555556, 32.955555555555556, 32.953472222222224, 32.952777777777776, 32.954166666666666, 32.95625, 32.953472222222224, 32.951388888888886, 32.953472222222224, 32.951388888888886, 32.953472222222224, 32.953472222222224, 32.953472222222224, 32.952777777777776, 32.952777777777776, 32.954166666666666, 32.952083333333334, 32.954166666666666, 32.95763888888889, 32.95763888888889, 32.95902777777778, 32.95902777777778, 32.95902777777778, 32.95972222222222, 32.95902777777778, 32.958333333333336, 32.95902777777778, 32.958333333333336, 32.95902777777778, 32.96180555555556, 32.96180555555555, 32.9625, 32.9625, 32.96041666666667, 32.95763888888889, 32.95763888888889, 32.95763888888889, 32.95763888888889, 32.95763888888889, 32.954166666666666, 32.95347222222222, 32.953472222222224, 32.952083333333334, 32.951388888888886, 32.949305555555554, 32.949305555555554, 32.94722222222222, 32.94583333333333, 32.94583333333333, 32.946527777777774, 32.950694444444444, 32.951388888888886, 32.953472222222224, 32.951388888888886, 32.95486111111111, 32.95694444444444, 32.95625, 32.95625, 32.955555555555556, 32.955555555555556, 32.955555555555556, 32.95625, 32.954861111111114, 32.955555555555556, 32.952777777777776, 32.952083333333334, 32.95347222222222, 32.952083333333334, 32.955555555555556, 32.95486111111111, 32.954166666666666, 32.952777777777776, 32.952083333333334, 32.952777777777776, 32.952083333333334, 32.955555555555556, 32.956944444444446, 32.956944444444446, 32.95763888888889, 32.96041666666667, 32.96041666666667, 32.96041666666667, 32.96111111111111, 32.9625, 32.96180555555555, 32.96041666666667, 32.95902777777778, 32.95902777777778, 32.95833333333333, 32.96041666666667, 32.96180555555556, 32.96041666666667, 32.95972222222222, 32.96041666666667, 32.95902777777778, 32.95833333333333, 32.95902777777778, 32.95972222222222, 32.96041666666667, 32.95902777777778, 32.958333333333336, 32.956944444444446, 32.956944444444446, 32.956944444444446, 32.958333333333336, 32.956944444444446, 32.956944444444446, 32.95763888888889, 32.95902777777778, 32.95902777777778, 32.95763888888889, 32.95833333333333, 32.95763888888889, 32.95763888888889, 32.95902777777778, 32.958333333333336, 32.95625, 32.955555555555556, 32.95625, 32.956944444444446, 32.956944444444446, 32.95763888888889, 32.95763888888889, 32.95902777777778, 32.96111111111111, 32.958333333333336, 32.95763888888889, 32.95763888888889, 32.95763888888889, 32.95902777777778, 32.95902777777778]",0.7594349358894972,0.7245687933943914,33,"[33, 33, 33, 33, 33, 33, 33, 33, 33, 33, 33, 33, 33, 33, 33, 33, 33, 33, 33, 33, 33, 33, 33, 33, 33, 33, 33, 33, 33, 33, 33, 33, 33, 33, 33, 33, 33, 33, 33, 33, 33, 33, 33, 33, 33, 33, 33, 33, 33, 33, 33, 33, 33, 33, 33, 33, 33, 33, 33, 33, 33, 33, 33, 33, 33, 33, 33, 33, 33, 33, 33, 33, 33, 33, 33, 33, 33, 33, 33, 33, 33, 33, 33, 33, 33, 33, 33, 33, 33, 33, 33, 33, 33, 33, 33, 33, 33, 33, 33, 33, 33, 33, 33, 33, 33, 33, 33, 33, 33, 33, 33, 33, 33, 33, 33, 33, 33, 33, 33, 33, 33, 33, 33, 33, 33, 33, 33, 33, 33, 33, 33, 33, 33, 33, 33, 33, 33, 33, 33, 33, 33, 33, 33, 33, 33, 33, 33, 33, 33, 33, 33, 33, 33, 33, 33, 33, 33, 33, 33, 33, 33, 33, 33, 33, 33, 33, 33, 33, 33, 33, 33, 33, 33, 33, 33, 33, 33, 33, 33, 33, 33, 33, 33, 33, 33, 33, 33, 33, 33, 33, 33, 33, 33, 33, 33, 33, 33, 33, 33, 33, 33, 33, 33, 33, 33, 33, 33, 33, 33, 33, 33, 33, 33, 33, 33, 33, 33, 33, 33, 33, 33, 33, 33, 33, 33, 33, 33, 33, 33, 33, 33, 33, 33, 33, 33, 33, 33, 33, 33, 33, 33, 33, 33, 33, 33, 33, 33, 33, 33, 33, 33, 33, 33, 33, 33, 33, 33, 33, 33, 33, 33, 33, 33, 33, 33, 33, 33, 33, 33, 33, 33, 33, 33, 33, 33, 33, 33, 33, 33, 33, 33, 33, 33, 33, 33, 33, 33, 33, 33, 33, 33, 33, 33, 33, 33, 33, 33, 33, 33, 33, 33, 33, 33, 33, 33, 33, 33, 33, 33, 33, 33, 33, 33, 33, 33, 33, 33, 33, 33, 33, 33, 33, 33, 33, 33, 33, 33, 33, 33, 33, 33, 33, 33, 33, 33, 33, 33, 33, 33, 33, 33, 33, 33, 33, 33, 33, 33, 33, 33, 33, 33, 33, 33, 33, 33, 33, 33, 33, 33, 33, 33, 33, 33, 33, 33, 33, 33, 33, 33, 33, 33, 33, 33, 33, 33, 33, 33, 33, 33, 33, 33, 33, 33, 33, 33, 33, 33, 33, 33, 33, 33, 33, 33, 33, 33, 33, 33, 33, 33, 33, 33, 33, 33, 33, 33, 33, 33, 33, 33, 33]",410,"[0.5658336877822876, 0.4813219904899597, 0.4426391124725342, 0.42440906167030334, 0.4144483804702759, 0.408891499042511, 0.4055297076702118, 0.40342843532562256, 0.40202537178993225, 0.4010542631149292, 0.40029335021972656, 0.39962807297706604, 0.3990651071071625, 0.3985743224620819, 0.3981195390224457, 0.3976801633834839, 0.39726540446281433, 0.3968806862831116, 0.3964909613132477, 0.39611613750457764, 0.39575836062431335, 0.3953859806060791, 0.3950278162956238, 0.394695520401001, 0.3943527936935425, 0.3940111994743347, 0.393686443567276, 0.39335471391677856, 0.39301377534866333, 0.3926965594291687, 0.39237746596336365, 0.392063707113266, 0.39177101850509644, 0.3914751410484314, 0.3911799192428589, 0.39088791608810425, 0.39059460163116455, 0.39031440019607544, 0.3900333344936371, 0.3897559344768524, 0.38948866724967957, 0.3892214298248291, 0.38895705342292786, 0.38870325684547424, 0.38844937086105347, 0.3882070779800415, 0.3879531919956207, 0.3877136707305908, 0.3874620795249939, 0.3872291147708893, 0.3869951665401459, 0.38675326108932495, 0.3865206837654114, 0.38629651069641113, 0.38607257604599, 0.3858528435230255, 0.3856428265571594, 0.3854351341724396, 0.3852265477180481, 0.3850270211696625, 0.3848118484020233, 0.38461777567863464, 0.3844224512577057, 0.384204626083374, 0.3840245306491852, 0.3838217854499817, 0.3836391568183899, 0.38346198201179504, 0.38325536251068115, 0.38306960463523865, 0.38289183378219604, 0.3827083110809326, 0.38252943754196167, 0.3823583722114563, 0.38218510150909424, 0.3820161521434784, 0.3818413019180298, 0.381687194108963, 0.3815149664878845, 0.38134557008743286, 0.38117900490760803, 0.3810110092163086, 0.3808590769767761, 0.3806998133659363, 0.38054409623146057, 0.3803808093070984, 0.38022032380104065, 0.3800654113292694, 0.37992992997169495, 0.3797799050807953, 0.37963512539863586, 0.3794921934604645, 0.3793518841266632, 0.3792131841182709, 0.3790811598300934, 0.3789491355419159, 0.3788103759288788, 0.3786787688732147, 0.3785440921783447, 0.3784138560295105, 0.37827959656715393, 0.3781450390815735, 0.37801593542099, 0.37788841128349304, 0.3777599632740021, 0.3776378333568573, 0.37753066420555115, 0.37741583585739136, 0.37728336453437805, 0.3771554231643677, 0.37703925371170044, 0.3769254684448242, 0.3767986297607422, 0.3766780495643616, 0.3765617609024048, 0.3764573931694031, 0.3763442933559418, 0.37623655796051025, 0.37612244486808777, 0.37602272629737854, 0.375922292470932, 0.3758217990398407, 0.37571877241134644, 0.37562429904937744, 0.37552371621131897, 0.37541496753692627, 0.37531280517578125, 0.37520501017570496, 0.375102162361145, 0.3750265836715698, 0.37493380904197693, 0.37483811378479004, 0.3747258484363556, 0.3746524751186371, 0.3745573163032532, 0.3744388520717621, 0.3743569552898407, 0.37424933910369873, 0.37414565682411194, 0.3740495443344116, 0.3739670515060425, 0.37389063835144043, 0.37379807233810425, 0.37370187044143677, 0.37361428141593933, 0.3735460937023163, 0.37346500158309937, 0.3733845055103302, 0.3732818365097046, 0.37320518493652344, 0.37311840057373047, 0.37304461002349854, 0.3729608952999115, 0.37287193536758423, 0.3727734386920929, 0.3726879060268402, 0.3725990951061249, 0.3725048005580902, 0.37242230772972107, 0.37234199047088623, 0.37226223945617676, 0.37218308448791504, 0.3720972537994385, 0.37202221155166626, 0.3719499111175537, 0.3718968629837036, 0.3718162477016449, 0.3717298209667206, 0.3716401159763336, 0.37156447768211365, 0.37149184942245483, 0.3714252710342407, 0.37134310603141785, 0.3712703585624695, 0.3711850345134735, 0.3710956275463104, 0.37101802229881287, 0.3709479868412018, 0.3708699345588684, 0.37079891562461853, 0.3707353174686432, 0.37066078186035156, 0.3705841898918152, 0.37051156163215637, 0.3704339563846588, 0.37036579847335815, 0.37028777599334717, 0.3702350854873657, 0.3701651096343994, 0.37010252475738525, 0.3700352907180786, 0.3699690103530884, 0.36990121006965637, 0.3698331117630005, 0.36977314949035645, 0.3697289228439331, 0.36965373158454895, 0.369582861661911, 0.3695053458213806, 0.369446724653244, 0.3693851828575134, 0.36932045221328735, 0.3692605495452881, 0.3691979646682739, 0.3691234588623047, 0.3690635561943054, 0.36898285150527954, 0.3689090311527252, 0.3688291311264038, 0.36875611543655396, 0.3686967194080353, 0.368636816740036, 0.36859720945358276, 0.36853325366973877, 0.36846065521240234, 0.36839932203292847, 0.36835455894470215, 0.3683094084262848, 0.36823922395706177, 0.3681812286376953, 0.3681189715862274, 0.3680585026741028, 0.36798447370529175, 0.36792317032814026, 0.3678544759750366, 0.3677724003791809, 0.3677070140838623, 0.36764881014823914, 0.3675711154937744, 0.3675181567668915, 0.3674463629722595, 0.367380827665329, 0.3673427700996399, 0.3672752380371094, 0.36721348762512207, 0.36717239022254944, 0.3671213984489441, 0.36705848574638367, 0.36701568961143494, 0.36695122718811035, 0.36689209938049316, 0.36684557795524597, 0.3668038547039032, 0.36676785349845886, 0.36670956015586853, 0.36665141582489014, 0.36658433079719543, 0.36650940775871277, 0.36643242835998535, 0.36638057231903076, 0.36632466316223145, 0.36626678705215454, 0.3661964535713196, 0.3661346733570099, 0.3660798966884613, 0.3660237789154053, 0.3659778833389282, 0.3659268617630005, 0.36587515473365784, 0.365825355052948, 0.36576712131500244, 0.3657008409500122, 0.3656425178050995, 0.36558234691619873, 0.3655300438404083, 0.36546725034713745, 0.36540117859840393, 0.3653547763824463, 0.3652941584587097, 0.3652343451976776, 0.3651825785636902, 0.3651147782802582, 0.36504659056663513, 0.3650034964084625, 0.36495235562324524, 0.3648931086063385, 0.36484086513519287, 0.36479994654655457, 0.3647522032260895, 0.3646899461746216, 0.3646409213542938, 0.36458420753479004, 0.36453261971473694, 0.36447277665138245, 0.3644247353076935, 0.36439019441604614, 0.36435067653656006, 0.364289790391922, 0.3642318844795227, 0.3641737103462219, 0.36411988735198975, 0.3640502095222473, 0.3639666438102722, 0.3639117479324341, 0.36386096477508545, 0.3638061285018921, 0.3637731075286865, 0.3637246787548065, 0.3636934757232666, 0.3636370599269867, 0.36356955766677856, 0.36351653933525085, 0.36344069242477417, 0.3633687496185303, 0.3633092939853668, 0.36325109004974365, 0.36320579051971436, 0.36313915252685547, 0.36308231949806213, 0.3630494177341461, 0.3630026876926422, 0.36295849084854126, 0.3629123568534851, 0.36286985874176025, 0.36281272768974304, 0.3627661168575287, 0.3627241849899292, 0.36266350746154785, 0.36261191964149475, 0.362557590007782, 0.36249634623527527, 0.3624483048915863, 0.3624033033847809, 0.3623500168323517, 0.3622897267341614, 0.362242192029953, 0.3622000515460968, 0.36213648319244385, 0.36208710074424744, 0.362028568983078, 0.36196276545524597, 0.3618996739387512, 0.3618312478065491, 0.36178088188171387, 0.3617335855960846, 0.36168816685676575, 0.3616352379322052, 0.36158546805381775, 0.3615271747112274, 0.3614782989025116, 0.3614208996295929, 0.361364483833313, 0.36132338643074036, 0.36126574873924255, 0.3612031936645508, 0.3611701726913452, 0.3611277639865875, 0.3610733449459076, 0.36102011799812317, 0.3609685003757477, 0.36091387271881104, 0.3608618974685669, 0.3608056306838989, 0.3607529401779175, 0.36070746183395386, 0.36066848039627075, 0.36062386631965637, 0.3605647683143616, 0.36050426959991455, 0.3604591488838196, 0.3604007065296173, 0.36033913493156433, 0.3602892756462097, 0.36024418473243713, 0.36021652817726135, 0.3601652979850769, 0.360105961561203, 0.3600662648677826, 0.36002734303474426, 0.3599792420864105, 0.35992592573165894, 0.3598479926586151, 0.3597759008407593, 0.35974520444869995, 0.3596789240837097, 0.3596307337284088, 0.3595651388168335, 0.359528124332428, 0.3595047891139984, 0.3594498932361603, 0.3594028949737549, 0.35934457182884216, 0.3592939078807831, 0.35922789573669434, 0.35916706919670105, 0.3591134548187256, 0.35905563831329346, 0.35900792479515076, 0.3589591979980469, 0.35889261960983276, 0.3588368892669678, 0.35878756642341614, 0.35872700810432434, 0.35866641998291016, 0.3586275577545166, 0.35856425762176514, 0.3585326373577118, 0.3584965169429779, 0.35844627022743225, 0.35840609669685364, 0.35835760831832886, 0.3583066463470459, 0.35826483368873596, 0.35821452736854553, 0.3581755459308624, 0.3581489622592926, 0.35811179876327515, 0.35805264115333557, 0.35799893736839294, 0.35794928669929504]",33.0,"[33.0, 33.0, 33.0, 33.0, 33.0, 33.0, 33.0, 33.0, 33.0, 33.0, 33.0, 33.0, 33.0, 33.0, 33.0, 33.0, 33.0, 33.0, 33.0, 33.0, 33.0, 33.0, 33.0, 33.0, 33.0, 33.0, 33.0, 33.0, 33.0, 33.0, 33.0, 33.0, 33.0, 33.0, 33.0, 33.0, 33.0, 33.0, 33.0, 33.0, 33.0, 33.0, 33.0, 33.0, 33.0, 33.0, 33.0, 33.0, 33.0, 33.0, 33.0, 33.0, 33.0, 33.0, 33.0, 33.0, 33.0, 33.0, 33.0, 33.0, 33.0, 33.0, 33.0, 33.0, 33.0, 33.0, 33.0, 33.0, 33.0, 33.0, 33.0, 33.0, 33.0, 33.0, 33.0, 33.0, 33.0, 33.0, 33.0, 33.0, 33.0, 33.0, 33.0, 33.0, 33.0, 33.0, 33.0, 33.0, 33.0, 33.0, 33.0, 33.0, 33.0, 33.0, 33.0, 33.0, 33.0, 33.0, 33.0, 33.0, 33.0, 33.0, 33.0, 33.0, 33.0, 33.0, 33.0, 33.0, 33.0, 33.0, 33.0, 33.0, 33.0, 33.0, 33.0, 33.0, 33.0, 33.0, 33.0, 33.0, 33.0, 33.0, 33.0, 33.0, 33.0, 33.0, 33.0, 33.0, 33.0, 33.0, 33.0, 33.0, 33.0, 33.0, 33.0, 33.0, 33.0, 33.0, 33.0, 33.0, 33.0, 33.0, 33.0, 33.0, 33.0, 33.0, 33.0, 33.0, 33.0, 33.0, 33.0, 33.0, 33.0, 33.0, 33.0, 33.0, 33.0, 33.0, 33.0, 33.0, 33.0, 33.0, 33.0, 33.0, 33.0, 33.0, 33.0, 33.0, 33.0, 33.0, 33.0, 33.0, 33.0, 33.0, 33.0, 33.0, 33.0, 33.0, 33.0, 33.0, 33.0, 33.0, 33.0, 33.0, 33.0, 33.0, 33.0, 33.0, 33.0, 33.0, 33.0, 33.0, 33.0, 33.0, 33.0, 33.0, 33.0, 33.0, 33.0, 33.0, 33.0, 33.0, 33.0, 33.0, 33.0, 33.0, 33.0, 33.0, 33.0, 33.0, 33.0, 33.0, 33.0, 33.0, 33.0, 33.0, 33.0, 33.0, 33.0, 33.0, 33.0, 33.0, 33.0, 33.0, 33.0, 33.0, 33.0, 33.0, 33.0, 33.0, 33.0, 33.0, 33.0, 33.0, 33.0, 33.0, 33.0, 33.0, 33.0, 33.0, 33.0, 33.0, 33.0, 33.0, 33.0, 33.0, 33.0, 33.0, 33.0, 33.0, 33.0, 33.0, 33.0, 33.0, 33.0, 33.0, 33.0, 33.0, 33.0, 33.0, 33.0, 33.0, 33.0, 33.0, 33.0, 33.0, 33.0, 33.0, 33.0, 33.0, 33.0, 33.0, 33.0, 33.0, 33.0, 33.0, 33.0, 33.0, 33.0, 33.0, 33.0, 33.0, 33.0, 33.0, 33.0, 33.0, 33.0, 33.0, 33.0, 33.0, 33.0, 33.0, 33.0, 33.0, 33.0, 33.0, 33.0, 33.0, 33.0, 33.0, 33.0, 33.0, 3