,number,value,datetime_start,datetime_complete,duration,params_batch_size_scaler,params_constant_learning_rate,params_depth,params_epochs,params_kernel_l2,params_num_trees,params_temperature,user_attrs_accuracy_test,user_attrs_accuracy_valid,user_attrs_approximate_feature_sparsity,user_attrs_approximate_feature_sparsity_history,user_attrs_approximate_weight_sparsity,user_attrs_approximate_weight_sparsity_history,user_attrs_auc_test,user_attrs_auc_valid,user_attrs_feature_sparsity,user_attrs_feature_sparsity_history,user_attrs_num_epochs,user_attrs_val_loss_history,user_attrs_weight_sparsity,user_attrs_weight_sparsity_history,state
20,20,0.8821347142249873,2024-08-31 01:08:39.440532,2024-08-31 01:09:11.422356,0 days 00:00:31.981824,16,0.15126560373964446,1,230,0.00506000748476136,28,0.004891698763065982,0.892,0.8975,9,"[33, 33, 33, 33, 33, 33, 33, 33, 33, 33, 33, 33, 33, 33, 33, 33, 33, 33, 33, 33, 31, 31, 30, 29, 27, 27, 26, 26, 25, 25, 24, 23, 22, 22, 22, 21, 21, 21, 21, 21, 21, 20, 20, 19, 17, 17, 17, 16, 16, 16, 16, 16, 16, 16, 16, 16, 16, 16, 16, 15, 15, 15, 15, 15, 15, 15, 14, 14, 14, 14, 14, 13, 13, 13, 13, 13, 13, 13, 13, 13, 13, 13, 13, 13, 13, 13, 13, 13, 13, 13, 13, 13, 13, 13, 13, 13, 13, 12, 12, 12, 12, 12, 11, 11, 11, 11, 11, 11, 11, 11, 11, 11, 10, 10, 10, 10, 10, 10, 10, 10, 10, 10, 10, 10, 10, 10, 10, 10, 10, 10, 10, 10, 10, 10, 10, 10, 10, 10, 10, 10, 10, 10, 10, 10, 10, 10, 10, 10, 10, 10, 10, 10, 10, 10, 10, 10, 10, 10, 10, 10, 10, 10, 10, 10, 10, 10, 10, 10, 10, 10, 10, 10, 10, 10, 10, 10, 10, 10, 10, 10, 10, 10, 10, 10, 10, 10, 10, 10, 10, 10, 10, 10, 10, 10, 10, 10, 10, 10, 10, 10, 10, 10, 10, 10, 10, 9, 9, 9, 9, 9, 9, 9, 9, 9, 9, 9, 9, 9, 9, 9, 9, 9, 9, 9, 9, 9, 9, 9, 9, 9]",9.0,"[33.0, 33.0, 33.0, 33.0, 33.0, 33.0, 32.92857142857143, 32.964285714285715, 33.0, 33.0, 32.964285714285715, 33.0, 33.0, 33.0, 32.964285714285715, 33.0, 33.0, 33.0, 33.0, 33.0, 31.0, 31.0, 30.0, 29.0, 27.0, 26.964285714285715, 26.0, 25.964285714285715, 25.0, 25.0, 24.0, 23.0, 22.0, 22.0, 22.0, 21.0, 21.0, 21.0, 21.0, 21.0, 21.0, 20.0, 20.0, 19.0, 17.0, 17.0, 17.0, 15.964285714285715, 15.964285714285715, 16.0, 15.964285714285715, 16.0, 16.0, 16.0, 16.0, 16.0, 16.0, 16.0, 16.0, 15.0, 15.0, 15.0, 15.0, 15.0, 15.0, 15.0, 14.0, 14.0, 14.0, 14.0, 13.964285714285715, 13.0, 12.928571428571429, 12.964285714285715, 13.0, 12.964285714285715, 12.964285714285715, 12.964285714285715, 12.964285714285715, 12.964285714285715, 13.0, 13.0, 13.0, 13.0, 13.0, 13.0, 13.0, 13.0, 13.0, 13.0, 13.0, 13.0, 13.0, 13.0, 13.0, 13.0, 13.0, 12.0, 12.0, 12.0, 12.0, 11.964285714285715, 11.0, 11.0, 11.0, 11.0, 11.0, 11.0, 11.0, 11.0, 11.0, 11.0, 10.0, 9.964285714285715, 10.0, 10.0, 10.0, 10.0, 10.0, 10.0, 10.0, 9.964285714285715, 10.0, 10.0, 10.0, 10.0, 10.0, 10.0, 10.0, 10.0, 10.0, 10.0, 10.0, 10.0, 10.0, 10.0, 10.0, 10.0, 10.0, 10.0, 10.0, 10.0, 10.0, 10.0, 10.0, 10.0, 10.0, 10.0, 10.0, 10.0, 10.0, 10.0, 10.0, 10.0, 10.0, 9.964285714285715, 9.964285714285715, 10.0, 10.0, 10.0, 9.964285714285715, 9.964285714285715, 10.0, 10.0, 10.0, 10.0, 9.964285714285715, 10.0, 10.0, 10.0, 10.0, 10.0, 10.0, 10.0, 10.0, 10.0, 10.0, 10.0, 10.0, 10.0, 10.0, 10.0, 10.0, 10.0, 10.0, 9.964285714285715, 10.0, 10.0, 10.0, 10.0, 10.0, 10.0, 10.0, 10.0, 9.964285714285715, 10.0, 10.0, 10.0, 10.0, 9.964285714285715, 9.964285714285715, 10.0, 10.0, 10.0, 9.964285714285715, 8.964285714285715, 9.0, 9.0, 9.0, 9.0, 9.0, 8.964285714285715, 9.0, 9.0, 9.0, 9.0, 8.964285714285715, 9.0, 9.0, 9.0, 9.0, 9.0, 9.0, 9.0, 9.0, 9.0, 9.0, 9.0, 9.0, 9.0]",0.8783758122177363,0.8821347142249873,9,"[33, 33, 33, 33, 33, 33, 33, 33, 33, 33, 33, 33, 33, 33, 33, 33, 33, 33, 33, 33, 31, 31, 30, 29, 27, 27, 26, 26, 25, 25, 24, 23, 22, 22, 22, 21, 21, 21, 21, 21, 21, 20, 20, 19, 17, 17, 17, 16, 16, 16, 16, 16, 16, 16, 16, 16, 16, 16, 16, 15, 15, 15, 15, 15, 15, 15, 14, 14, 14, 14, 14, 13, 13, 13, 13, 13, 13, 13, 13, 13, 13, 13, 13, 13, 13, 13, 13, 13, 13, 13, 13, 13, 13, 13, 13, 13, 13, 12, 12, 12, 12, 12, 11, 11, 11, 11, 11, 11, 11, 11, 11, 11, 10, 10, 10, 10, 10, 10, 10, 10, 10, 10, 10, 10, 10, 10, 10, 10, 10, 10, 10, 10, 10, 10, 10, 10, 10, 10, 10, 10, 10, 10, 10, 10, 10, 10, 10, 10, 10, 10, 10, 10, 10, 10, 10, 10, 10, 10, 10, 10, 10, 10, 10, 10, 10, 10, 10, 10, 10, 10, 10, 10, 10, 10, 10, 10, 10, 10, 10, 10, 10, 10, 10, 10, 10, 10, 10, 10, 10, 10, 10, 10, 10, 10, 10, 10, 10, 10, 10, 10, 10, 10, 10, 10, 10, 9, 9, 9, 9, 9, 9, 9, 9, 9, 9, 9, 9, 9, 9, 9, 9, 9, 9, 9, 9, 9, 9, 9, 9, 9]",230,"[0.41452574729919434, 0.40235793590545654, 0.40107858180999756, 0.39026597142219543, 0.3866595923900604, 0.3833736181259155, 0.38211768865585327, 0.37889495491981506, 0.3756925165653229, 0.3763762414455414, 0.3716390132904053, 0.370657742023468, 0.36790138483047485, 0.36691784858703613, 0.36657601594924927, 0.3637121915817261, 0.3627344071865082, 0.3597746789455414, 0.35836246609687805, 0.36326009035110474, 0.36390402913093567, 0.3616694211959839, 0.3578559458255768, 0.3613775968551636, 0.36238494515419006, 0.3599822223186493, 0.3562357425689697, 0.3544709086418152, 0.3533543646335602, 0.35181114077568054, 0.3536124527454376, 0.35072699189186096, 0.3519688546657562, 0.3464815616607666, 0.3463785648345947, 0.3444386422634125, 0.3426567316055298, 0.34289905428886414, 0.34152552485466003, 0.341178297996521, 0.3402489125728607, 0.3381854295730591, 0.33807313442230225, 0.3394862711429596, 0.33651968836784363, 0.33677807450294495, 0.33560600876808167, 0.3352997303009033, 0.33422181010246277, 0.33668258786201477, 0.33366063237190247, 0.3332446813583374, 0.33237263560295105, 0.3346375524997711, 0.33138081431388855, 0.33152031898498535, 0.3305550813674927, 0.3302851915359497, 0.329863578081131, 0.3331528902053833, 0.3321084678173065, 0.3323827087879181, 0.3315638601779938, 0.33066898584365845, 0.3325801491737366, 0.32832688093185425, 0.3258967697620392, 0.3300929367542267, 0.32496312260627747, 0.324306845664978, 0.32380712032318115, 0.3264664113521576, 0.32456210255622864, 0.32407912611961365, 0.32584914565086365, 0.32123610377311707, 0.3208208978176117, 0.32028454542160034, 0.3195043206214905, 0.32081544399261475, 0.3201383948326111, 0.317999929189682, 0.317099392414093, 0.31920552253723145, 0.31594082713127136, 0.31540587544441223, 0.3148643374443054, 0.31602349877357483, 0.31456008553504944, 0.3154965341091156, 0.3141528367996216, 0.3120254576206207, 0.3119688332080841, 0.3112516701221466, 0.3117659091949463, 0.3093831241130829, 0.30875253677368164, 0.31139713525772095, 0.3122028410434723, 0.31225672364234924, 0.30799710750579834, 0.3093806803226471, 0.30659449100494385, 0.3060019612312317, 0.3040940761566162, 0.3032154142856598, 0.3039632737636566, 0.30221986770629883, 0.301762193441391, 0.3005221486091614, 0.30013224482536316, 0.30191922187805176, 0.303728312253952, 0.3013850152492523, 0.29984259605407715, 0.2988102436065674, 0.29843226075172424, 0.2982848286628723, 0.29837456345558167, 0.29699286818504333, 0.2959708273410797, 0.2959224283695221, 0.29596835374832153, 0.29447904229164124, 0.29442262649536133, 0.29335516691207886, 0.2934282422065735, 0.2930360734462738, 0.29169905185699463, 0.29125991463661194, 0.2907370626926422, 0.29063138365745544, 0.2900121808052063, 0.2901582717895508, 0.28910624980926514, 0.2896096110343933, 0.2894001305103302, 0.2887803912162781, 0.28764763474464417, 0.28764504194259644, 0.2877393066883087, 0.28717443346977234, 0.2861533463001251, 0.28573381900787354, 0.28529807925224304, 0.28672558069229126, 0.286800354719162, 0.28439566493034363, 0.2840649485588074, 0.28416693210601807, 0.28361228108406067, 0.2837800085544586, 0.28360599279403687, 0.2835949659347534, 0.2833905518054962, 0.2822953462600708, 0.2855507731437683, 0.2822805941104889, 0.28206145763397217, 0.2810686230659485, 0.2849336564540863, 0.2806341052055359, 0.28162598609924316, 0.28305044770240784, 0.28521519899368286, 0.28377223014831543, 0.2795158326625824, 0.2807612717151642, 0.28408488631248474, 0.2817259728908539, 0.2783888876438141, 0.2791604697704315, 0.2783120274543762, 0.27985793352127075, 0.2778788208961487, 0.2785608768463135, 0.27727052569389343, 0.27755841612815857, 0.2768693268299103, 0.28029951453208923, 0.27667927742004395, 0.2770916819572449, 0.27691006660461426, 0.2769351303577423, 0.2772895097732544, 0.2758423388004303, 0.2764717936515808, 0.2760309875011444, 0.2828366756439209, 0.28085923194885254, 0.2755582928657532, 0.2746548354625702, 0.2756616473197937, 0.27464890480041504, 0.2765999734401703, 0.27488192915916443, 0.27401137351989746, 0.28026366233825684, 0.27528542280197144, 0.27357691526412964, 0.27335700392723083, 0.27362775802612305, 0.27346229553222656, 0.2740931808948517, 0.2731471359729767, 0.2728472948074341, 0.27197590470314026, 0.2729842960834503, 0.272866427898407, 0.27187690138816833, 0.2736317813396454, 0.27454978227615356, 0.27185094356536865, 0.2710827887058258, 0.2712765038013458, 0.271659791469574, 0.2712826430797577, 0.2750851809978485, 0.27053016424179077, 0.2712886929512024, 0.27026236057281494, 0.27086466550827026, 0.2716844081878662, 0.27038052678108215, 0.2702694535255432, 0.27002331614494324, 0.2700246274471283, 0.2730499505996704, 0.2695499360561371, 0.26975002884864807]",9.0,"[33.0, 33.0, 33.0, 33.0, 33.0, 33.0, 33.0, 33.0, 33.0, 33.0, 33.0, 33.0, 33.0, 33.0, 33.0, 33.0, 33.0, 33.0, 33.0, 33.0, 31.0, 31.0, 30.0, 29.0, 27.0, 27.0, 26.0, 26.0, 25.0, 25.0, 24.0, 23.0, 22.0, 22.0, 22.0, 21.0, 21.0, 21.0, 21.0, 21.0, 21.0, 20.0, 20.0, 19.0, 17.0, 17.0, 17.0, 16.0, 16.0, 16.0, 16.0, 16.0, 16.0, 16.0, 16.0, 16.0, 16.0, 16.0, 16.0, 15.0, 15.0, 15.0, 15.0, 15.0, 15.0, 15.0, 14.0, 14.0, 14.0, 14.0, 14.0, 13.0, 13.0, 13.0, 13.0, 13.0, 13.0, 13.0, 13.0, 13.0, 13.0, 13.0, 13.0, 13.0, 13.0, 13.0, 13.0, 13.0, 13.0, 13.0, 13.0, 13.0, 13.0, 13.0, 13.0, 13.0, 13.0, 12.0, 12.0, 12.0, 12.0, 12.0, 11.0, 11.0, 11.0, 11.0, 11.0, 11.0, 11.0, 11.0, 11.0, 11.0, 10.0, 10.0, 10.0, 10.0, 10.0, 10.0, 10.0, 10.0, 10.0, 10.0, 10.0, 10.0, 10.0, 10.0, 10.0, 10.0, 10.0, 10.0, 10.0, 10.0, 10.0, 10.0, 10.0, 10.0, 10.0, 10.0, 10.0, 10.0, 10.0, 10.0, 10.0, 10.0, 10.0, 10.0, 10.0, 10.0, 10.0, 10.0, 10.0, 10.0, 10.0, 10.0, 10.0, 10.0, 10.0, 10.0, 10.0, 10.0, 10.0, 10.0, 10.0, 10.0, 10.0, 10.0, 10.0, 10.0, 10.0, 10.0, 10.0, 10.0, 10.0, 10.0, 10.0, 10.0, 10.0, 10.0, 10.0, 10.0, 10.0, 10.0, 10.0, 10.0, 10.0, 10.0, 10.0, 10.0, 10.0, 10.0, 10.0, 10.0, 10.0, 10.0, 10.0, 10.0, 10.0, 10.0, 10.0, 10.0, 10.0, 10.0, 10.0, 10.0, 10.0, 9.0, 9.0, 9.0, 9.0, 9.0, 9.0, 9.0, 9.0, 9.0, 9.0, 9.0, 9.0, 9.0, 9.0, 9.0, 9.0, 9.0, 9.0, 9.0, 9.0, 9.0, 9.0, 9.0, 9.0, 9.0]",COMPLETE
21,21,0.5,2024-08-31 01:09:12.067319,2024-08-31 01:10:59.012982,0 days 00:01:46.945663,16,7.288820716531925,4,300,0.7678209421617778,6,0.05964243881226319,0.859,0.85875,0,"[0, 0, 0, 0, 0, 0, 0, 0, 0, 0, 0, 0, 0, 0, 0, 0, 0, 0, 0, 0, 0, 0, 0, 0, 0, 0, 0, 0, 0, 0, 0, 0, 0, 0, 0, 0, 0, 0, 0, 0, 0, 0, 0, 0, 0, 0, 0, 0, 0, 0, 0, 0, 0, 0, 0, 0, 0, 0, 0, 0, 0, 0, 0, 0, 0, 0, 0, 0, 0, 0, 0, 0, 0, 0, 0, 0, 0, 0, 0, 0, 0, 0, 0, 0, 0, 0, 0, 0, 0, 0, 0, 0, 0, 0, 0, 0, 0, 0, 0, 0, 0, 0, 0, 0, 0, 0, 0, 0, 0, 0, 0, 0, 0, 0, 0, 0, 0, 0, 0, 0, 0, 0, 0, 0, 0, 0, 0, 0, 0, 0, 0, 0, 0, 0, 0, 0, 0, 0, 0, 0, 0, 0, 0, 0, 0, 0, 0, 0, 0, 0, 0, 0, 0, 0, 0, 0, 0, 0, 0, 0, 0, 0, 0, 0, 0, 0, 0, 0, 0, 0, 0, 0, 0, 0, 0, 0, 0, 0, 0, 0, 0, 0, 0, 0, 0, 0, 0, 0, 0, 0, 0, 0, 0, 0, 0, 0, 0, 0, 0, 0, 0, 0, 0, 0, 0, 0, 0, 0, 0, 0, 0, 0, 0, 0, 0, 0, 0, 0, 0, 0, 0, 0, 0, 0, 0, 0, 0, 0, 0, 0, 0, 0, 0, 0, 0, 0, 0, 0, 0, 0, 0, 0, 0, 0, 0, 0, 0, 0, 0, 0, 0, 0, 0, 0, 0, 0, 0, 0, 0, 0, 0, 0, 0, 0, 0, 0, 0, 0, 0, 0, 0, 0, 0, 0, 0, 0, 0, 0, 0, 0, 0, 0, 0, 0, 0, 0, 0, 0, 0, 0, 0, 0, 0, 0, 0, 0, 0, 0, 0, 0]",0.0,"[0.0, 0.0, 0.0, 0.0, 0.0, 0.0, 0.0, 0.0, 0.0, 0.0, 0.0, 0.0, 0.0, 0.0, 0.0, 0.0, 0.0, 0.0, 0.0, 0.0, 0.0, 0.0, 0.0, 0.0, 0.0, 0.0, 0.0, 0.0, 0.0, 0.0, 0.0, 0.0, 0.0, 0.0, 0.0, 0.0, 0.0, 0.0, 0.0, 0.0, 0.0, 0.0, 0.0, 0.0, 0.0, 0.0, 0.0, 0.0, 0.0, 0.0, 0.0, 0.0, 0.0, 0.0, 0.0, 0.0, 0.0, 0.0, 0.0, 0.0, 0.0, 0.0, 0.0, 0.0, 0.0, 0.0, 0.0, 0.0, 0.0, 0.0, 0.0, 0.0, 0.0, 0.0, 0.0, 0.0, 0.0, 0.0, 0.0, 0.0, 0.0, 0.0, 0.0, 0.0, 0.0, 0.0, 0.0, 0.0, 0.0, 0.0, 0.0, 0.0, 0.0, 0.0, 0.0, 0.0, 0.0, 0.0, 0.0, 0.0, 0.0, 0.0, 0.0, 0.0, 0.0, 0.0, 0.0, 0.0, 0.0, 0.0, 0.0, 0.0, 0.0, 0.0, 0.0, 0.0, 0.0, 0.0, 0.0, 0.0, 0.0, 0.0, 0.0, 0.0, 0.0, 0.0, 0.0, 0.0, 0.0, 0.0, 0.0, 0.0, 0.0, 0.0, 0.0, 0.0, 0.0, 0.0, 0.0, 0.0, 0.0, 0.0, 0.0, 0.0, 0.0, 0.0, 0.0, 0.0, 0.0, 0.0, 0.0, 0.0, 0.0, 0.0, 0.0, 0.0, 0.0, 0.0, 0.0, 0.0, 0.0, 0.0, 0.0, 0.0, 0.0, 0.0, 0.0, 0.0, 0.0, 0.0, 0.0, 0.0, 0.0, 0.0, 0.0, 0.0, 0.0, 0.0, 0.0, 0.0, 0.0, 0.0, 0.0, 0.0, 0.0, 0.0, 0.0, 0.0, 0.0, 0.0, 0.0, 0.0, 0.0, 0.0, 0.0, 0.0, 0.0, 0.0, 0.0, 0.0, 0.0, 0.0, 0.0, 0.0, 0.0, 0.0, 0.0, 0.0, 0.0, 0.0, 0.0, 0.0, 0.0, 0.0, 0.0, 0.0, 0.0, 0.0, 0.0, 0.0, 0.0, 0.0, 0.0, 0.0, 0.0, 0.0, 0.0, 0.0, 0.0, 0.0, 0.0, 0.0, 0.0, 0.0, 0.0, 0.0, 0.0, 0.0, 0.0, 0.0, 0.0, 0.0, 0.0, 0.0, 0.0, 0.0, 0.0, 0.0, 0.0, 0.0, 0.0, 0.0, 0.0, 0.0, 0.0, 0.0, 0.0, 0.0, 0.0, 0.0, 0.0, 0.0, 0.0, 0.0, 0.0, 0.0, 0.0, 0.0, 0.0, 0.0, 0.0, 0.0, 0.0, 0.0, 0.0, 0.0, 0.0, 0.0, 0.0, 0.0, 0.0, 0.0, 0.0, 0.0, 0.0, 0.0, 0.0, 0.0, 0.0, 0.0, 0.0, 0.0, 0.0, 0.0, 0.0, 0.0, 0.0, 0.0, 0.0, 0.0]",0.5,0.5,0,"[0, 0, 0, 0, 0, 0, 0, 0, 0, 0, 0, 0, 0, 0, 0, 0, 0, 0, 0, 0, 0, 0, 0, 0, 0, 0, 0, 0, 0, 0, 0, 0, 0, 0, 0, 0, 0, 0, 0, 0, 0, 0, 0, 0, 0, 0, 0, 0, 0, 0, 0, 0, 0, 0, 0, 0, 0, 0, 0, 0, 0, 0, 0, 0, 0, 0, 0, 0, 0, 0, 0, 0, 0, 0, 0, 0, 0, 0, 0, 0, 0, 0, 0, 0, 0, 0, 0, 0, 0, 0, 0, 0, 0, 0, 0, 0, 0, 0, 0, 0, 0, 0, 0, 0, 0, 0, 0, 0, 0, 0, 0, 0, 0, 0, 0, 0, 0, 0, 0, 0, 0, 0, 0, 0, 0, 0, 0, 0, 0, 0, 0, 0, 0, 0, 0, 0, 0, 0, 0, 0, 0, 0, 0, 0, 0, 0, 0, 0, 0, 0, 0, 0, 0, 0, 0, 0, 0, 0, 0, 0, 0, 0, 0, 0, 0, 0, 0, 0, 0, 0, 0, 0, 0, 0, 0, 0, 0, 0, 0, 0, 0, 0, 0, 0, 0, 0, 0, 0, 0, 0, 0, 0, 0, 0, 0, 0, 0, 0, 0, 0, 0, 0, 0, 0, 0, 0, 0, 0, 0, 0, 0, 0, 0, 0, 0, 0, 0, 0, 0, 0, 0, 0, 0, 0, 0, 0, 0, 0, 0, 0, 0, 0, 0, 0, 0, 0, 0, 0, 0, 0, 0, 0, 0, 0, 0, 0, 0, 0, 0, 0, 0, 0, 0, 0, 0, 0, 0, 0, 0, 0, 0, 0, 0, 0, 0, 0, 0, 0, 0, 0, 0, 0, 0, 0, 0, 0, 0, 0, 0, 0, 0, 0, 0, 0, 0, 0, 0, 0, 0, 0, 0, 0, 0, 0, 0, 0, 0, 0, 0, 0]",300,"[0.41930297017097473, 0.40897291898727417, 0.4085064232349396, 0.40725353360176086, 0.40870437026023865, 0.4073507785797119, 0.4074430763721466, 0.40724268555641174, 0.4072277545928955, 0.4093364477157593, 0.4073960483074188, 0.40722864866256714, 0.40768563747406006, 0.40895745158195496, 0.41080302000045776, 0.4076468348503113, 0.4072391092777252, 0.4083225727081299, 0.4079945683479309, 0.4075164794921875, 0.4084637463092804, 0.41017329692840576, 0.4094698429107666, 0.40778395533561707, 0.40737465023994446, 0.40729233622550964, 0.4072328805923462, 0.4099370241165161, 0.4076974093914032, 0.40825241804122925, 0.4090959131717682, 0.41603875160217285, 0.4078754782676697, 0.407449871301651, 0.41617894172668457, 0.4089978337287903, 0.41095268726348877, 0.40736085176467896, 0.41405802965164185, 0.40843844413757324, 0.40993401408195496, 0.4076547622680664, 0.4081173241138458, 0.41145965456962585, 0.41211920976638794, 0.4086669981479645, 0.4100791811943054, 0.4100150167942047, 0.4075068533420563, 0.4085693359375, 0.408907026052475, 0.4125593304634094, 0.40723320841789246, 0.40726229548454285, 0.40843120217323303, 0.408460795879364, 0.40925511717796326, 0.4104633331298828, 0.41082480549812317, 0.41318607330322266, 0.4073473811149597, 0.40727683901786804, 0.40951213240623474, 0.4075782001018524, 0.40973567962646484, 0.40825846791267395, 0.40830084681510925, 0.4099925756454468, 0.41136616468429565, 0.4072307348251343, 0.40776538848876953, 0.4076359272003174, 0.4098568260669708, 0.4078986644744873, 0.40744274854660034, 0.40792572498321533, 0.4135185182094574, 0.40784862637519836, 0.4083866477012634, 0.40739548206329346, 0.4126691520214081, 0.41307273507118225, 0.4075656533241272, 0.4072655439376831, 0.41123539209365845, 0.4079703986644745, 0.4116584360599518, 0.40858498215675354, 0.40951237082481384, 0.4089794158935547, 0.40956825017929077, 0.4085901379585266, 0.4192444682121277, 0.40948837995529175, 0.40999525785446167, 0.4078437387943268, 0.41137734055519104, 0.40910804271698, 0.40722644329071045, 0.40731263160705566, 0.41066765785217285, 0.4073033034801483, 0.4073903262615204, 0.40842005610466003, 0.4150722622871399, 0.4092617928981781, 0.4075841009616852, 0.40904369950294495, 0.408108115196228, 0.4186323583126068, 0.40803709626197815, 0.4073890447616577, 0.4073427617549896, 0.41027963161468506, 0.4077042043209076, 0.40836942195892334, 0.40723761916160583, 0.40762859582901, 0.40782320499420166, 0.40947502851486206, 0.40748393535614014, 0.4082831144332886, 0.40888047218322754, 0.40733054280281067, 0.40820443630218506, 0.40802836418151855, 0.4120664894580841, 0.40997451543807983, 0.4103495478630066, 0.40735486149787903, 0.40742558240890503, 0.4091963469982147, 0.40723708271980286, 0.40962228178977966, 0.4084586203098297, 0.4113166034221649, 0.40875113010406494, 0.4072287380695343, 0.40778881311416626, 0.4072333872318268, 0.4125994145870209, 0.40723541378974915, 0.4095456600189209, 0.4076002240180969, 0.41257473826408386, 0.4080444574356079, 0.40722641348838806, 0.4079485833644867, 0.40761661529541016, 0.40972980856895447, 0.40779539942741394, 0.41165095567703247, 0.4076228737831116, 0.4072399139404297, 0.4077151417732239, 0.40868768095970154, 0.40864527225494385, 0.41196396946907043, 0.40879127383232117, 0.4089602530002594, 0.40732982754707336, 0.4073576331138611, 0.4090624153614044, 0.40836101770401, 0.4087032377719879, 0.4163912534713745, 0.4086442291736603, 0.408633828163147, 0.40878087282180786, 0.40921303629875183, 0.41204845905303955, 0.41159236431121826, 0.4109596312046051, 0.4104032516479492, 0.41097816824913025, 0.4105502963066101, 0.4073464870452881, 0.40761861205101013, 0.4124077260494232, 0.41039368510246277, 0.41314637660980225, 0.4081265330314636, 0.4090925455093384, 0.4136085510253906, 0.40722838044166565, 0.4082445204257965, 0.4087086021900177, 0.40804943442344666, 0.4096524119377136, 0.4154370129108429, 0.40727755427360535, 0.4087921977043152, 0.4078507125377655, 0.40728050470352173, 0.40752509236335754, 0.40724995732307434, 0.4097049832344055, 0.407380074262619, 0.40726974606513977, 0.40727242827415466, 0.40727078914642334, 0.4073498547077179, 0.4100089967250824, 0.4077936112880707, 0.40745261311531067, 0.41133415699005127, 0.41772598028182983, 0.40802016854286194, 0.40823638439178467, 0.40722838044166565, 0.4073452651500702, 0.4076268672943115, 0.40973979234695435, 0.415029376745224, 0.4085316061973572, 0.40977418422698975, 0.4104093909263611, 0.40723082423210144, 0.4088817834854126, 0.4078177511692047, 0.4073718786239624, 0.40722641348838806, 0.40791216492652893, 0.40838244557380676, 0.41015738248825073, 0.4073174297809601, 0.40789273381233215, 0.40734755992889404, 0.41041281819343567, 0.41202297806739807, 0.4072275161743164, 0.40750452876091003, 0.4072268009185791, 0.4097103476524353, 0.4077300727367401, 0.4074036478996277, 0.4084233343601227, 0.4088408350944519, 0.40722692012786865, 0.41224926710128784, 0.41203558444976807, 0.4076170325279236, 0.4102551341056824, 0.40741991996765137, 0.41718199849128723, 0.40732109546661377, 0.40878069400787354, 0.40724048018455505, 0.4078344702720642, 0.4103037118911743, 0.410258412361145, 0.4302107095718384, 0.40798133611679077, 0.40772855281829834, 0.40778353810310364, 0.40824466943740845, 0.40878745913505554, 0.40760481357574463, 0.40895286202430725, 0.4082190990447998, 0.4082614481449127, 0.4072796702384949, 0.4093067944049835, 0.41166266798973083, 0.407708078622818, 0.40761253237724304, 0.4074418246746063, 0.4072686433792114, 0.4101579785346985, 0.40779033303260803, 0.4074282944202423, 0.407230943441391, 0.4114389717578888, 0.41737717390060425, 0.4073006808757782, 0.4072556793689728, 0.4093729853630066, 0.4086073637008667, 0.41307875514030457, 0.40781646966934204, 0.4072580635547638, 0.40724900364875793, 0.4090871512889862, 0.40956565737724304, 0.40730735659599304, 0.40759724378585815, 0.4108041822910309, 0.4072727560997009, 0.40759947896003723, 0.4073110818862915, 0.4074404537677765, 0.4093035161495209, 0.40901073813438416, 0.40734851360321045, 0.41066649556159973, 0.40766119956970215, 0.41027405858039856, 0.40727123618125916, 0.4072277545928955, 0.4112906754016876]",0.0,"[0.0, 0.0, 0.0, 0.0, 0.0, 0.0, 0.0, 0.0, 0.0, 0.0, 0.0, 0.0, 0.0, 0.0, 0.0, 0.0, 0.0, 0.0, 0.0, 0.0, 0.0, 0.0, 0.0, 0.0, 0.0, 0.0, 0.0, 0.0, 0.0, 0.0, 0.0, 0.0, 0.0, 0.0, 0.0, 0.0, 0.0, 0.0, 0.0, 0.0, 0.0, 0.0, 0.0, 0.0, 0.0, 0.0, 0.0, 0.0, 0.0, 0.0, 0.0, 0.0, 0.0, 0.0, 0.0, 0.0, 0.0, 0.0, 0.0, 0.0, 0.0, 0.0, 0.0, 0.0, 0.0, 0.0, 0.0, 0.0, 0.0, 0.0, 0.0, 0.0, 0.0, 0.0, 0.0, 0.0, 0.0, 0.0, 0.0, 0.0, 0.0, 0.0, 0.0, 0.0, 0.0, 0.0, 0.0, 0.0, 0.0, 0.0, 0.0, 0.0, 0.0, 0.0, 0.0, 0.0, 0.0, 0.0, 0.0, 0.0, 0.0, 0.0, 0.0, 0.0, 0.0, 0.0, 0.0, 0.0, 0.0, 0.0, 0.0, 0.0, 0.0, 0.0, 0.0, 0.0, 0.0, 0.0, 0.0, 0.0, 0.0, 0.0, 0.0, 0.0, 0.0, 0.0, 0.0, 0.0, 0.0, 0.0, 0.0, 0.0, 0.0, 0.0, 0.0, 0.0, 0.0, 0.0, 0.0, 0.0, 0.0, 0.0, 0.0, 0.0, 0.0, 0.0, 0.0, 0.0, 0.0, 0.0, 0.0, 0.0, 0.0, 0.0, 0.0, 0.0, 0.0, 0.0, 0.0, 0.0, 0.0, 0.0, 0.0, 0.0, 0.0, 0.0, 0.0, 0.0, 0.0, 0.0, 0.0, 0.0, 0.0, 0.0, 0.0, 0.0, 0.0, 0.0, 0.0, 0.0, 0.0, 0.0, 0.0, 0.0, 0.0, 0.0, 0.0, 0.0, 0.0, 0.0, 0.0, 0.0, 0.0, 0.0, 0.0, 0.0, 0.0, 0.0, 0.0, 0.0, 0.0, 0.0, 0.0, 0.0, 0.0, 0.0, 0.0, 0.0, 0.0, 0.0, 0.0, 0.0, 0.0, 0.0, 0.0, 0.0, 0.0, 0.0, 0.0, 0.0, 0.0, 0.0, 0.0, 0.0, 0.0, 0.0, 0.0, 0.0, 0.0, 0.0, 0.0, 0.0, 0.0, 0.0, 0.0, 0.0, 0.0, 0.0, 0.0, 0.0, 0.0, 0.0, 0.0, 0.0, 0.0, 0.0, 0.0, 0.0, 0.0, 0.0, 0.0, 0.0, 0.0, 0.0, 0.0, 0.0, 0.0, 0.0, 0.0, 0.0, 0.0, 0.0, 0.0, 0.0, 0.0, 0.0, 0.0, 0.0, 0.0, 0.0, 0.0, 0.0, 0.0, 0.0, 0.0, 0.0, 0.0, 0.0, 0.0, 0.0, 0.0, 0.0, 0.0, 0.0, 0.0, 0.0, 0.0, 0.0, 0.0, 0.0, 0.0, 0.0, 0.0, 0.0, 0.0, 0.0, 0.0, 0.0, 0.0, 0.0]",COMPLETE
