,number,value,datetime_start,datetime_complete,duration,params_batch_size_scaler,params_constant_learning_rate,params_depth,params_epochs,params_kernel_l2,params_num_trees,params_temperature,user_attrs_accuracy_test,user_attrs_accuracy_valid,user_attrs_approximate_feature_sparsity,user_attrs_approximate_feature_sparsity_history,user_attrs_approximate_weight_sparsity,user_attrs_approximate_weight_sparsity_history,user_attrs_auc_test,user_attrs_auc_valid,user_attrs_feature_sparsity,user_attrs_feature_sparsity_history,user_attrs_num_epochs,user_attrs_val_loss_history,user_attrs_weight_sparsity,user_attrs_weight_sparsity_history,state
23,23,0.9148922466540429,2024-08-31 01:12:35.489595,2024-08-31 01:14:16.798012,0 days 00:01:41.308417,1,0.049609586303999254,2,195,0.00134491733899861,13,0.032819509843642986,0.936,0.94125,33,"[33, 33, 33, 33, 33, 33, 33, 33, 33, 33, 33, 33, 33, 33, 33, 33, 33, 33, 33, 33, 33, 33, 33, 33, 33, 33, 33, 33, 33, 33, 33, 33, 33, 33, 33, 33, 33, 33, 33, 33, 33, 33, 33, 33, 33, 33, 33, 33, 33, 33, 33, 33, 33, 33, 33, 33, 33, 33, 33, 33, 33, 33, 33, 33, 33, 33, 33, 33, 33, 33, 33, 33, 33, 33, 33, 33, 33, 33, 33, 33, 33, 33, 33, 33, 33, 33, 33, 33, 33, 33, 33, 33, 33, 33, 33, 33, 33, 33, 33, 33, 33, 33, 33, 33, 33, 33, 33, 33, 33, 33, 33, 33, 33, 33, 33, 33, 33, 33, 33, 33, 33, 33, 33, 33, 33, 33, 33, 33, 33, 33, 33, 33, 33, 33, 33, 33, 33, 33, 33, 33, 33, 33, 33, 33, 33, 33, 33, 33, 33, 33, 33, 33, 33, 33, 33, 33, 33, 33, 33, 33, 33, 33, 33, 33, 33, 33, 33, 33, 33, 33, 33, 33, 33, 33, 33, 33, 33, 33, 33, 33, 33, 33, 33, 33, 33, 33, 33, 33, 33, 33, 33, 33, 33, 33, 33]",33.0,"[33.0, 32.97435897435898, 33.0, 32.97435897435898, 33.0, 33.0, 33.0, 33.0, 32.97435897435898, 33.0, 33.0, 33.0, 33.0, 32.97435897435898, 32.97435897435898, 33.0, 33.0, 32.97435897435898, 33.0, 33.0, 32.97435897435897, 32.94871794871795, 33.0, 32.97435897435898, 32.94871794871795, 33.0, 32.97435897435898, 33.0, 33.0, 33.0, 33.0, 33.0, 33.0, 32.94871794871795, 33.0, 32.94871794871795, 32.97435897435898, 33.0, 33.0, 33.0, 33.0, 32.97435897435898, 32.94871794871795, 33.0, 33.0, 33.0, 33.0, 33.0, 33.0, 32.97435897435898, 32.97435897435898, 33.0, 33.0, 33.0, 33.0, 33.0, 33.0, 33.0, 33.0, 32.97435897435898, 32.97435897435898, 33.0, 33.0, 33.0, 32.97435897435898, 33.0, 32.94871794871795, 32.94871794871795, 33.0, 33.0, 32.97435897435898, 33.0, 32.97435897435898, 33.0, 32.97435897435898, 33.0, 33.0, 33.0, 33.0, 33.0, 32.97435897435898, 33.0, 33.0, 33.0, 33.0, 33.0, 33.0, 33.0, 32.97435897435898, 33.0, 33.0, 32.97435897435898, 32.97435897435898, 32.97435897435898, 32.97435897435898, 33.0, 33.0, 33.0, 33.0, 32.97435897435898, 33.0, 33.0, 33.0, 33.0, 32.97435897435898, 33.0, 33.0, 33.0, 33.0, 33.0, 33.0, 33.0, 33.0, 33.0, 33.0, 33.0, 33.0, 33.0, 33.0, 33.0, 32.97435897435898, 33.0, 32.97435897435898, 32.94871794871795, 33.0, 33.0, 32.97435897435898, 33.0, 32.97435897435898, 33.0, 33.0, 32.97435897435898, 33.0, 32.97435897435898, 33.0, 33.0, 33.0, 33.0, 32.97435897435898, 33.0, 33.0, 33.0, 33.0, 33.0, 33.0, 33.0, 33.0, 33.0, 33.0, 33.0, 33.0, 33.0, 33.0, 33.0, 33.0, 32.97435897435898, 33.0, 33.0, 33.0, 32.94871794871795, 32.94871794871795, 33.0, 32.94871794871795, 33.0, 33.0, 32.97435897435898, 32.94871794871795, 32.97435897435898, 33.0, 32.97435897435898, 33.0, 32.97435897435898, 33.0, 32.94871794871795, 33.0, 32.97435897435898, 33.0, 33.0, 32.97435897435898, 32.97435897435898, 33.0, 33.0, 32.97435897435898, 32.97435897435898, 33.0, 33.0, 33.0, 33.0, 33.0, 33.0, 32.97435897435898, 33.0, 33.0, 33.0, 33.0]",0.914076239070666,0.9148922466540429,33,"[33, 33, 33, 33, 33, 33, 33, 33, 33, 33, 33, 33, 33, 33, 33, 33, 33, 33, 33, 33, 33, 33, 33, 33, 33, 33, 33, 33, 33, 33, 33, 33, 33, 33, 33, 33, 33, 33, 33, 33, 33, 33, 33, 33, 33, 33, 33, 33, 33, 33, 33, 33, 33, 33, 33, 33, 33, 33, 33, 33, 33, 33, 33, 33, 33, 33, 33, 33, 33, 33, 33, 33, 33, 33, 33, 33, 33, 33, 33, 33, 33, 33, 33, 33, 33, 33, 33, 33, 33, 33, 33, 33, 33, 33, 33, 33, 33, 33, 33, 33, 33, 33, 33, 33, 33, 33, 33, 33, 33, 33, 33, 33, 33, 33, 33, 33, 33, 33, 33, 33, 33, 33, 33, 33, 33, 33, 33, 33, 33, 33, 33, 33, 33, 33, 33, 33, 33, 33, 33, 33, 33, 33, 33, 33, 33, 33, 33, 33, 33, 33, 33, 33, 33, 33, 33, 33, 33, 33, 33, 33, 33, 33, 33, 33, 33, 33, 33, 33, 33, 33, 33, 33, 33, 33, 33, 33, 33, 33, 33, 33, 33, 33, 33, 33, 33, 33, 33, 33, 33, 33, 33, 33, 33, 33, 33]",195,"[0.3827457129955292, 0.3680875897407532, 0.35976165533065796, 0.34767842292785645, 0.3378966450691223, 0.33203357458114624, 0.319742351770401, 0.3107055723667145, 0.30240142345428467, 0.29399412870407104, 0.2851148843765259, 0.2813509404659271, 0.2732669711112976, 0.27119821310043335, 0.265242338180542, 0.2583812177181244, 0.25528985261917114, 0.24898596107959747, 0.24690334498882294, 0.24283115565776825, 0.24121345579624176, 0.235630601644516, 0.2339271605014801, 0.23129719495773315, 0.22984503209590912, 0.229684978723526, 0.22597932815551758, 0.2268163114786148, 0.2244044840335846, 0.22364138066768646, 0.22270280122756958, 0.21880894899368286, 0.22147759795188904, 0.21483398973941803, 0.2148209512233734, 0.21385473012924194, 0.21497969329357147, 0.21272018551826477, 0.2107362151145935, 0.20810678601264954, 0.20842720568180084, 0.20897431671619415, 0.20802940428256989, 0.21208041906356812, 0.20775717496871948, 0.20397117733955383, 0.2079765647649765, 0.203420490026474, 0.20447881519794464, 0.20175403356552124, 0.20184208452701569, 0.2025630623102188, 0.2002027928829193, 0.19795292615890503, 0.19935905933380127, 0.1983187347650528, 0.1985475867986679, 0.19663803279399872, 0.19903936982154846, 0.19753044843673706, 0.19700008630752563, 0.19906967878341675, 0.19582805037498474, 0.20229773223400116, 0.19494368135929108, 0.2002510279417038, 0.19663913547992706, 0.19558221101760864, 0.19412243366241455, 0.19544440507888794, 0.19236783683300018, 0.19433480501174927, 0.19139555096626282, 0.19174706935882568, 0.1931922882795334, 0.19420883059501648, 0.19336721301078796, 0.19073349237442017, 0.19277681410312653, 0.1918654441833496, 0.19823646545410156, 0.19445648789405823, 0.1897561252117157, 0.1921459585428238, 0.18931947648525238, 0.19104643166065216, 0.19376486539840698, 0.19049829244613647, 0.19064073264598846, 0.18869633972644806, 0.19005544483661652, 0.19352948665618896, 0.19058698415756226, 0.19093391299247742, 0.19399167597293854, 0.19058334827423096, 0.19385427236557007, 0.18890191614627838, 0.19749125838279724, 0.19080303609371185, 0.1912992298603058, 0.18961761891841888, 0.19160456955432892, 0.19041477143764496, 0.1912323534488678, 0.19131100177764893, 0.19242557883262634, 0.18776731193065643, 0.19281457364559174, 0.19239263236522675, 0.19125054776668549, 0.19363340735435486, 0.188869908452034, 0.19565662741661072, 0.19014447927474976, 0.19015707075595856, 0.1915803700685501, 0.1895313858985901, 0.19168521463871002, 0.19399438798427582, 0.19481702148914337, 0.1936894804239273, 0.1933170109987259, 0.1900041699409485, 0.19399288296699524, 0.19114956259727478, 0.19354835152626038, 0.1939668208360672, 0.19351334869861603, 0.19220930337905884, 0.19321562349796295, 0.19226008653640747, 0.1925330013036728, 0.19067803025245667, 0.19153811037540436, 0.19625070691108704, 0.19306211173534393, 0.19415178894996643, 0.19547969102859497, 0.19278430938720703, 0.1920742243528366, 0.1915748566389084, 0.19724860787391663, 0.19672466814517975, 0.19629301130771637, 0.19586902856826782, 0.19520927965641022, 0.19487863779067993, 0.19746018946170807, 0.19977612793445587, 0.1940147429704666, 0.19366686046123505, 0.19545921683311462, 0.19936944544315338, 0.1986498087644577, 0.1993846893310547, 0.1994384378194809, 0.1974266618490219, 0.1991029977798462, 0.199640691280365, 0.20029062032699585, 0.20221944153308868, 0.20642367005348206, 0.20223313570022583, 0.20419897139072418, 0.20823803544044495, 0.20131957530975342, 0.211842879652977, 0.20666486024856567, 0.20271605253219604, 0.20132577419281006, 0.2040713131427765, 0.1994311511516571, 0.20307472348213196, 0.20090286433696747, 0.20214660465717316, 0.20365411043167114, 0.20258979499340057, 0.20304326713085175, 0.20767830312252045, 0.20659670233726501, 0.20517617464065552, 0.20700345933437347, 0.2070179581642151, 0.2039225548505783, 0.20779575407505035, 0.20950321853160858, 0.20716920495033264, 0.21382980048656464, 0.2063121199607849, 0.2125481218099594, 0.20879684388637543, 0.21182352304458618, 0.20971278846263885, 0.21282897889614105]",33.0,"[33.0, 33.0, 33.0, 33.0, 33.0, 33.0, 33.0, 33.0, 33.0, 33.0, 33.0, 33.0, 33.0, 33.0, 33.0, 33.0, 33.0, 33.0, 33.0, 33.0, 33.0, 33.0, 33.0, 33.0, 33.0, 33.0, 33.0, 33.0, 33.0, 33.0, 33.0, 33.0, 33.0, 33.0, 33.0, 33.0, 33.0, 33.0, 33.0, 33.0, 33.0, 33.0, 33.0, 33.0, 33.0, 33.0, 33.0, 33.0, 33.0, 33.0, 33.0, 33.0, 33.0, 33.0, 33.0, 33.0, 33.0, 33.0, 33.0, 33.0, 33.0, 33.0, 33.0, 33.0, 33.0, 33.0, 33.0, 33.0, 33.0, 33.0, 33.0, 33.0, 33.0, 33.0, 33.0, 33.0, 33.0, 33.0, 33.0, 33.0, 33.0, 33.0, 33.0, 33.0, 33.0, 33.0, 33.0, 33.0, 33.0, 33.0, 33.0, 33.0, 33.0, 33.0, 33.0, 33.0, 33.0, 33.0, 33.0, 33.0, 33.0, 33.0, 33.0, 33.0, 33.0, 33.0, 33.0, 33.0, 33.0, 33.0, 33.0, 33.0, 33.0, 33.0, 33.0, 33.0, 33.0, 33.0, 33.0, 33.0, 33.0, 33.0, 33.0, 33.0, 33.0, 33.0, 33.0, 33.0, 33.0, 33.0, 33.0, 33.0, 33.0, 33.0, 33.0, 33.0, 33.0, 33.0, 33.0, 33.0, 33.0, 33.0, 33.0, 33.0, 33.0, 33.0, 33.0, 33.0, 33.0, 33.0, 33.0, 33.0, 33.0, 33.0, 33.0, 33.0, 33.0, 33.0, 33.0, 33.0, 33.0, 33.0, 33.0, 33.0, 33.0, 33.0, 33.0, 33.0, 33.0, 33.0, 33.0, 33.0, 33.0, 33.0, 33.0, 33.0, 33.0, 33.0, 33.0, 33.0, 33.0, 33.0, 33.0, 33.0, 33.0, 33.0, 33.0, 33.0, 33.0, 33.0, 33.0, 33.0, 33.0, 33.0, 33.0]",COMPLETE
24,24,0.7245494712163955,2024-08-31 01:14:17.412831,2024-08-31 01:15:19.581280,0 days 00:01:02.168449,16,0.017706096850623305,6,55,0.018533940497292515,16,0.04218781582637045,0.859,0.85875,33,"[33, 33, 33, 33, 33, 33, 33, 33, 33, 33, 33, 33, 33, 33, 33, 33, 33, 33, 33, 33, 33, 33, 33, 33, 33, 33, 33, 33, 33, 33, 33, 33, 33, 33, 33, 33, 33, 33, 33, 33, 33, 33, 33, 33, 33, 33, 33, 33, 33, 33, 33, 33, 33, 33, 33]",32.93849206349206,"[32.95734126984127, 32.967261904761905, 32.96329365079365, 32.96031746031746, 32.958333333333336, 32.9563492063492, 32.9593253968254, 32.95734126984127, 32.95039682539683, 32.95337301587301, 32.95634920634921, 32.951388888888886, 32.95337301587301, 32.95337301587301, 32.955357142857146, 32.94940476190476, 32.95337301587301, 32.955357142857146, 32.95138888888889, 32.95436507936508, 32.95138888888889, 32.94940476190476, 32.95337301587301, 32.9563492063492, 32.958333333333336, 32.95734126984127, 32.958333333333336, 32.96031746031746, 32.964285714285715, 32.96031746031746, 32.96329365079365, 32.96825396825397, 32.96825396825397, 32.96626984126984, 32.961309523809526, 32.96031746031746, 32.96230158730159, 32.96230158730159, 32.961309523809526, 32.96031746031746, 32.9593253968254, 32.958333333333336, 32.9593253968254, 32.95734126984127, 32.9593253968254, 32.95634920634921, 32.94940476190476, 32.954365079365076, 32.95734126984127, 32.955357142857146, 32.95039682539683, 32.95039682539683, 32.95039682539682, 32.942460317460316, 32.93849206349206]",0.747124728572726,0.7245494712163955,33,"[33, 33, 33, 33, 33, 33, 33, 33, 33, 33, 33, 33, 33, 33, 33, 33, 33, 33, 33, 33, 33, 33, 33, 33, 33, 33, 33, 33, 33, 33, 33, 33, 33, 33, 33, 33, 33, 33, 33, 33, 33, 33, 33, 33, 33, 33, 33, 33, 33, 33, 33, 33, 33, 33, 33]",55,"[0.7081248760223389, 0.684307336807251, 0.6624816060066223, 0.6424393653869629, 0.624118447303772, 0.6072958111763, 0.5918072462081909, 0.577666163444519, 0.5647343993186951, 0.552773118019104, 0.5418184995651245, 0.5315790772438049, 0.522190272808075, 0.5135172605514526, 0.5055081844329834, 0.4980885982513428, 0.4913076162338257, 0.4849821925163269, 0.47905322909355164, 0.47355252504348755, 0.4684990644454956, 0.46373993158340454, 0.4592873752117157, 0.45520931482315063, 0.4513741433620453, 0.4477511942386627, 0.44434911012649536, 0.441240131855011, 0.4383118450641632, 0.4355751872062683, 0.4329775869846344, 0.43057554960250854, 0.42830169200897217, 0.42612433433532715, 0.4240645170211792, 0.4221525490283966, 0.4203982949256897, 0.4186728596687317, 0.4170535206794739, 0.41551750898361206, 0.41407662630081177, 0.4127277433872223, 0.4114326238632202, 0.41018974781036377, 0.4089805483818054, 0.407850980758667, 0.40678879618644714, 0.4057590067386627, 0.40479499101638794, 0.4038621187210083, 0.4029628336429596, 0.4021441638469696, 0.40134063363075256, 0.40058982372283936, 0.3998756408691406]",33.0,"[33.0, 33.0, 33.0, 33.0, 33.0, 33.0, 33.0, 33.0, 33.0, 33.0, 33.0, 33.0, 33.0, 33.0, 33.0, 33.0, 33.0, 33.0, 33.0, 33.0, 33.0, 33.0, 33.0, 33.0, 33.0, 33.0, 33.0, 33.0, 33.0, 33.0, 33.0, 33.0, 33.0, 33.0, 33.0, 33.0, 33.0, 33.0, 33.0, 33.0, 33.0, 33.0, 33.0, 33.0, 33.0, 33.0, 33.0, 33.0, 33.0, 33.0, 33.0, 33.0, 33.0, 33.0, 33.0]",COMPLETE
25,25,0.6827813631152504,2024-08-31 01:15:19.592720,2024-08-31 01:15:32.743228,0 days 00:00:13.150508,16,0.03185595456474709,4,20,0.08509921695979224,34,0.006765800704914583,0.859,0.85875,33,"[33, 33, 33, 33, 33, 33, 33, 33, 33, 33, 33, 33, 33, 33, 33, 33, 33, 33, 33, 33]",32.976470588235294,"[32.97450980392157, 32.97450980392157, 32.96470588235294, 32.96862745098039, 32.98039215686275, 32.98039215686275, 32.98823529411764, 32.98235294117647, 32.98627450980392, 32.97843137254902, 32.97254901960785, 32.970588235294116, 32.976470588235294, 32.97254901960784, 32.97450980392157, 32.97843137254902, 32.976470588235294, 32.97843137254902, 32.98235294117647, 32.976470588235294]",0.7266655107786557,0.6827813631152504,33,"[33, 33, 33, 33, 33, 33, 33, 33, 33, 33, 33, 33, 33, 33, 33, 33, 33, 33, 33, 33]",20,"[0.5543015003204346, 0.47846898436546326, 0.4453027844429016, 0.4294741749763489, 0.4209904372692108, 0.4159510135650635, 0.4126501977443695, 0.41036003828048706, 0.4085572063922882, 0.40713179111480713, 0.40593716502189636, 0.4048626720905304, 0.40383124351501465, 0.40287771821022034, 0.40197521448135376, 0.40113574266433716, 0.4003232717514038, 0.3995382785797119, 0.39877521991729736, 0.39804890751838684]",33.0,"[33.0, 33.0, 33.0, 33.0, 33.0, 33.0, 33.0, 33.0, 33.0, 33.0, 33.0, 33.0, 33.0, 33.0, 33.0, 33.0, 33.0, 33.0, 33.0, 33.0]",COMPLETE
26,26,0.7935167652097745,2024-08-31 01:15:33.353317,2024-08-31 01:18:19.557784,0 days 00:02:46.204467,4,0.5646243737052351,6,100,0.020979596998538422,45,0.010054572212417755,0.881,0.87,2,"[33, 4, 2, 2, 2, 2, 2, 2, 2, 2, 2, 2, 2, 2, 2, 2, 2, 2, 2, 2, 2, 2, 2, 2, 2, 2, 2, 2, 2, 2, 2, 2, 2, 2, 2, 2, 2, 2, 2, 2, 2, 2, 2, 2, 2, 2, 2, 2, 2, 2, 2, 2, 2, 2, 2, 2, 2, 2, 2, 2, 2, 2, 2, 2, 2, 2, 2, 2, 2, 2, 2, 2, 2, 2, 2, 2, 2, 2, 2, 2, 2, 2, 2, 2, 2, 2, 2, 2, 2, 2, 2, 2, 2, 2, 2, 2, 2, 2, 2, 2]",1.9957671957671956,"[32.92768959435626, 3.988712522045855, 1.9975308641975307, 1.9954144620811287, 1.9950617283950618, 1.9989417989417988, 1.9968253968253968, 1.9971781305114638, 1.99647266313933, 1.9950617283950618, 1.9971781305114638, 1.9961199294532628, 1.9975308641975307, 1.9968253968253968, 1.9968253968253968, 1.9950617283950618, 1.99647266313933, 1.997530864197531, 1.9961199294532628, 1.99647266313933, 1.9950617283950618, 1.9950617283950618, 1.997530864197531, 1.9971781305114638, 1.9975308641975307, 1.9947089947089947, 1.9954144620811287, 1.9961199294532628, 1.9943562610229275, 1.9943562610229275, 1.9961199294532628, 1.99647266313933, 1.9950617283950618, 1.9957671957671959, 1.9950617283950618, 1.9954144620811287, 1.9947089947089947, 1.9971781305114638, 1.99647266313933, 1.99647266313933, 1.99647266313933, 1.9968253968253968, 1.9950617283950618, 1.9950617283950618, 1.99647266313933, 1.9961199294532628, 1.9985890652557319, 1.99647266313933, 1.99647266313933, 1.9971781305114638, 1.9968253968253968, 1.9961199294532628, 1.9975308641975307, 1.9968253968253968, 1.9968253968253968, 1.9968253968253968, 1.9961199294532628, 1.9978835978835978, 1.9975308641975307, 1.9968253968253968, 1.9961199294532628, 1.9961199294532628, 1.9961199294532628, 1.9957671957671959, 1.9971781305114638, 1.99647266313933, 1.999294532627866, 1.9985890652557319, 1.9978835978835978, 1.9978835978835978, 1.9975308641975307, 1.9985890652557319, 1.9985890652557319, 1.9968253968253968, 1.9975308641975307, 1.998236331569665, 1.9971781305114638, 1.9975308641975307, 1.9978835978835978, 1.9978835978835978, 1.9961199294532628, 1.9950617283950618, 1.9964726631393297, 1.9978835978835978, 1.9971781305114638, 1.9957671957671959, 1.9936507936507937, 1.9957671957671956, 1.9954144620811287, 1.9968253968253968, 1.9957671957671959, 1.9971781305114638, 1.9971781305114638, 1.9968253968253968, 1.9954144620811287, 1.9954144620811287, 1.9968253968253968, 1.9964726631393297, 1.9961199294532628, 1.9957671957671956]",0.8003698841635086,0.7935167652097745,2,"[33, 4, 2, 2, 2, 2, 2, 2, 2, 2, 2, 2, 2, 2, 2, 2, 2, 2, 2, 2, 2, 2, 2, 2, 2, 2, 2, 2, 2, 2, 2, 2, 2, 2, 2, 2, 2, 2, 2, 2, 2, 2, 2, 2, 2, 2, 2, 2, 2, 2, 2, 2, 2, 2, 2, 2, 2, 2, 2, 2, 2, 2, 2, 2, 2, 2, 2, 2, 2, 2, 2, 2, 2, 2, 2, 2, 2, 2, 2, 2, 2, 2, 2, 2, 2, 2, 2, 2, 2, 2, 2, 2, 2, 2, 2, 2, 2, 2, 2, 2]",100,"[0.38168224692344666, 0.38555872440338135, 0.3877856433391571, 0.38455599546432495, 0.38184651732444763, 0.37999603152275085, 0.37791746854782104, 0.37693923711776733, 0.3755832314491272, 0.3743014931678772, 0.3731774091720581, 0.3723658621311188, 0.3712618350982666, 0.3702002763748169, 0.36925140023231506, 0.36863285303115845, 0.36741554737091064, 0.3667048513889313, 0.36603671312332153, 0.36541464924812317, 0.3645964562892914, 0.3640413284301758, 0.3628847897052765, 0.362931489944458, 0.36191287636756897, 0.36095088720321655, 0.3597947359085083, 0.3593299090862274, 0.35828453302383423, 0.35756850242614746, 0.3566710352897644, 0.35628682374954224, 0.355326771736145, 0.3541201651096344, 0.3531566262245178, 0.35233157873153687, 0.3513880670070648, 0.35067352652549744, 0.3496361970901489, 0.34842240810394287, 0.3476557433605194, 0.34681615233421326, 0.345758318901062, 0.3451755940914154, 0.3443012237548828, 0.34339264035224915, 0.3442348837852478, 0.34200507402420044, 0.34241390228271484, 0.34053653478622437, 0.3399626910686493, 0.3404175043106079, 0.33899393677711487, 0.3395652770996094, 0.33950114250183105, 0.3380598723888397, 0.33770546317100525, 0.33732086420059204, 0.33711951971054077, 0.33668243885040283, 0.3365342319011688, 0.3365826904773712, 0.33594605326652527, 0.33586519956588745, 0.3361061215400696, 0.3354642391204834, 0.33562391996383667, 0.33535754680633545, 0.33585652709007263, 0.3357720673084259, 0.33500441908836365, 0.3348800241947174, 0.3346855938434601, 0.33510416746139526, 0.3347240388393402, 0.3343273103237152, 0.33430781960487366, 0.3343042731285095, 0.33421364426612854, 0.3344343602657318, 0.3349173665046692, 0.33398672938346863, 0.334188848733902, 0.33406177163124084, 0.3351452648639679, 0.3338004946708679, 0.33381423354148865, 0.3335362374782562, 0.3336104452610016, 0.3333108127117157, 0.3335341215133667, 0.33342134952545166, 0.3333563208580017, 0.3335111141204834, 0.33373719453811646, 0.3331438899040222, 0.33291125297546387, 0.33328235149383545, 0.3329482972621918, 0.3332549035549164]",2.0,"[33.0, 4.0, 2.0, 2.0, 2.0, 2.0, 2.0, 2.0, 2.0, 2.0, 2.0, 2.0, 2.0, 2.0, 2.0, 2.0, 2.0, 2.0, 2.0, 2.0, 2.0, 2.0, 2.0, 2.0, 2.0, 2.0, 2.0, 2.0, 2.0, 2.0, 2.0, 2.0, 2.0, 2.0, 2.0, 2.0, 2.0, 2.0, 2.0, 2.0, 2.0, 2.0, 2.0, 2.0, 2.0, 2.0, 2.0, 2.0, 2.0, 2.0, 2.0, 2.0, 2.0, 2.0, 2.0, 2.0, 2.0, 2.0, 2.0, 2.0, 2.0, 2.0, 2.0, 2.0, 2.0, 2.0, 2.0, 2.0, 2.0, 2.0, 2.0, 2.0, 2.0, 2.0, 2.0, 2.0, 2.0, 2.0, 2.0, 2.0, 2.0, 2.0, 2.0, 2.0, 2.0, 2.0, 2.0, 2.0, 2.0, 2.0, 2.0, 2.0, 2.0, 2.0, 2.0, 2.0, 2.0, 2.0, 2.0, 2.0]",COMPLETE
