,number,value,datetime_start,datetime_complete,duration,params_batch_size_scaler,params_constant_learning_rate,params_depth,params_epochs,params_kernel_l2,params_num_trees,params_temperature,user_attrs_accuracy_test,user_attrs_accuracy_valid,user_attrs_approximate_feature_sparsity,user_attrs_approximate_feature_sparsity_history,user_attrs_approximate_weight_sparsity,user_attrs_approximate_weight_sparsity_history,user_attrs_auc_test,user_attrs_auc_valid,user_attrs_feature_sparsity,user_attrs_feature_sparsity_history,user_attrs_num_epochs,user_attrs_val_loss_history,user_attrs_weight_sparsity,user_attrs_weight_sparsity_history,state
102,102,0.655556414319022,2024-08-31 04:34:35.839321,2024-08-31 04:35:48.339812,0 days 00:01:12.500491,4,6.4034507815111,1,465,0.009672466868423919,63,0.00026364012753616093,0.866,0.86625,29,"[33, 32, 30, 30, 30, 30, 30, 30, 30, 30, 30, 30, 30, 30, 30, 30, 30, 30, 30, 30, 30, 30, 30, 30, 30, 30, 30, 30, 30, 30, 30, 30, 30, 30, 30, 30, 30, 30, 30, 30, 30, 30, 30, 30, 30, 30, 30, 30, 30, 30, 30, 30, 30, 30, 30, 30, 30, 30, 30, 30, 30, 30, 30, 30, 30, 30, 30, 30, 30, 30, 30, 30, 30, 30, 30, 30, 30, 30, 30, 30, 30, 30, 30, 30, 30, 30, 30, 30, 30, 30, 30, 30, 30, 30, 30, 30, 30, 30, 30, 30, 30, 30, 30, 30, 30, 30, 30, 30, 30, 30, 30, 30, 30, 30, 30, 30, 30, 30, 30, 30, 30, 30, 30, 30, 30, 30, 30, 30, 30, 30, 30, 30, 30, 30, 30, 30, 30, 30, 30, 30, 30, 30, 30, 30, 30, 30, 30, 30, 30, 30, 30, 30, 30, 30, 30, 30, 30, 30, 30, 30, 30, 30, 30, 30, 30, 30, 30, 30, 30, 30, 30, 30, 30, 30, 30, 30, 30, 30, 30, 30, 30, 30, 30, 30, 30, 30, 30, 30, 30, 30, 30, 30, 30, 30, 30, 30, 30, 30, 30, 30, 30, 30, 30, 30, 30, 30, 30, 30, 30, 30, 30, 30, 30, 30, 30, 30, 30, 29, 29, 29, 29, 29, 29, 29, 29, 29, 29, 29, 29, 29, 29, 29, 29, 29, 29, 29, 29, 29, 29, 29, 29, 29, 29, 29, 29, 29, 29, 29, 29, 29, 29, 29, 29, 29, 29, 29, 29, 29, 29, 29, 29, 29, 29, 29, 29, 29, 29, 29, 29, 29, 29, 29, 29, 29, 29, 29, 29, 29, 29, 29, 29, 29, 29, 29, 29, 29, 29, 29, 29, 29, 29, 29, 29, 29, 29, 29, 29, 29, 29, 29, 29, 29, 29, 29, 29, 29, 29, 29, 29, 29, 29, 29, 29, 29, 29, 29, 29, 29, 29, 29, 29, 29, 29, 29, 29, 29, 29, 29, 29, 29, 29, 29, 29, 29, 29, 29, 29, 29, 29, 29, 29, 29, 29, 29, 29, 29, 29, 29, 29, 29, 29, 29, 29, 29, 29, 29, 29, 29, 29, 29, 29, 29, 29, 29, 29, 29, 29, 29, 29, 29, 29, 29, 29, 29, 29, 29, 29, 29, 29, 29, 29, 29, 29, 29, 29, 29, 29, 29, 29, 29, 29, 29, 29, 29, 29, 29, 29, 29, 29, 29, 29, 29, 29, 29, 29, 29, 29, 29, 29, 29, 29, 29, 29, 29, 29, 29, 29, 29, 29, 29, 29, 29, 29, 29, 29, 29, 29, 29, 29, 29, 29, 29, 29, 29, 29, 29, 29, 29, 29, 29, 29, 29, 29, 29, 29, 29, 29, 29, 29, 29, 29, 29, 29, 29, 29, 29, 29, 29, 29, 29, 29, 29, 29, 29, 29]",26.23809523809524,"[32.96825396825397, 32.0, 29.984126984126984, 30.0, 30.0, 30.0, 30.0, 30.0, 30.0, 30.0, 30.0, 30.0, 30.0, 30.0, 30.0, 30.0, 30.0, 30.0, 30.0, 30.0, 30.0, 30.0, 30.0, 30.0, 30.0, 30.0, 30.0, 29.984126984126984, 29.984126984126984, 30.0, 30.0, 30.0, 30.0, 30.0, 30.0, 30.0, 30.0, 30.0, 30.0, 30.0, 30.0, 30.0, 30.0, 30.0, 30.0, 30.0, 30.0, 30.0, 30.0, 30.0, 30.0, 30.0, 30.0, 30.0, 30.0, 30.0, 29.984126984126984, 30.0, 30.0, 30.0, 30.0, 30.0, 30.0, 30.0, 30.0, 30.0, 30.0, 30.0, 29.984126984126984, 30.0, 30.0, 30.0, 30.0, 30.0, 30.0, 30.0, 30.0, 30.0, 30.0, 30.0, 30.0, 30.0, 30.0, 30.0, 30.0, 30.0, 30.0, 30.0, 30.0, 30.0, 30.0, 30.0, 30.0, 30.0, 30.0, 30.0, 30.0, 30.0, 30.0, 30.0, 29.984126984126984, 30.0, 30.0, 30.0, 30.0, 30.0, 30.0, 30.0, 30.0, 29.984126984126984, 30.0, 29.984126984126984, 30.0, 30.0, 30.0, 30.0, 30.0, 30.0, 30.0, 30.0, 30.0, 30.0, 30.0, 30.0, 30.0, 30.0, 30.0, 30.0, 30.0, 30.0, 30.0, 30.0, 30.0, 30.0, 30.0, 30.0, 30.0, 30.0, 30.0, 30.0, 30.0, 30.0, 30.0, 30.0, 30.0, 30.0, 30.0, 30.0, 30.0, 30.0, 30.0, 30.0, 30.0, 30.0, 30.0, 30.0, 30.0, 30.0, 30.0, 29.984126984126984, 30.0, 30.0, 30.0, 30.0, 30.0, 30.0, 30.0, 30.0, 30.0, 30.0, 30.0, 30.0, 30.0, 30.0, 30.0, 30.0, 30.0, 30.0, 30.0, 30.0, 30.0, 30.0, 30.0, 30.0, 30.0, 30.0, 30.0, 29.984126984126984, 29.984126984126984, 29.984126984126984, 29.984126984126984, 29.984126984126984, 29.984126984126984, 29.984126984126984, 29.984126984126984, 29.984126984126984, 29.984126984126984, 29.96825396825397, 29.984126984126984, 29.984126984126984, 29.984126984126984, 29.984126984126984, 29.984126984126984, 29.984126984126984, 29.96825396825397, 29.984126984126984, 29.984126984126984, 29.984126984126984, 29.984126984126984, 29.984126984126984, 29.984126984126984, 29.984126984126984, 29.984126984126984, 29.984126984126984, 29.984126984126984, 29.96825396825397, 29.984126984126984, 29.0, 29.0, 29.0, 29.0, 29.0, 29.0, 29.0, 29.0, 29.0, 29.0, 29.0, 29.0, 29.0, 29.0, 29.0, 29.0, 29.0, 29.0, 29.0, 28.984126984126984, 28.984126984126984, 28.984126984126984, 28.984126984126984, 28.984126984126984, 28.984126984126984, 28.96825396825397, 28.96825396825397, 28.96825396825397, 28.96825396825397, 28.952380952380953, 28.96825396825397, 28.952380952380953, 28.952380952380953, 28.936507936507937, 28.904761904761905, 28.904761904761905, 28.873015873015873, 28.857142857142858, 28.857142857142858, 28.841269841269842, 28.825396825396826, 28.80952380952381, 28.80952380952381, 28.80952380952381, 28.793650793650794, 28.793650793650794, 28.793650793650794, 28.77777777777778, 28.746031746031747, 28.746031746031747, 28.6984126984127, 28.6984126984127, 28.6984126984127, 28.682539682539684, 28.666666666666668, 28.650793650793652, 28.634920634920636, 28.634920634920636, 28.603174603174605, 28.571428571428573, 28.571428571428573, 28.571428571428573, 28.539682539682538, 28.539682539682538, 28.523809523809522, 28.539682539682538, 28.539682539682538, 28.539682539682538, 28.539682539682538, 28.523809523809522, 28.539682539682538, 28.539682539682538, 28.539682539682538, 28.539682539682538, 28.539682539682538, 28.539682539682538, 28.539682539682538, 28.539682539682538, 28.539682539682538, 28.539682539682538, 28.523809523809522, 28.523809523809522, 28.523809523809522, 28.523809523809522, 28.523809523809522, 28.507936507936506, 28.507936507936506, 28.507936507936506, 28.507936507936506, 28.507936507936506, 28.49206349206349, 28.507936507936506, 28.507936507936506, 28.476190476190474, 28.428571428571427, 28.428571428571427, 28.428571428571427, 28.428571428571427, 28.41269841269841, 28.38095238095238, 28.38095238095238, 28.38095238095238, 28.38095238095238, 28.365079365079364, 28.365079365079364, 28.333333333333332, 28.317460317460316, 28.285714285714285, 28.26984126984127, 28.26984126984127, 28.26984126984127, 28.22222222222222, 28.19047619047619, 28.19047619047619, 28.19047619047619, 28.174603174603174, 28.142857142857142, 28.142857142857142, 28.126984126984127, 28.126984126984127, 28.11111111111111, 28.11111111111111, 28.11111111111111, 28.07936507936508, 28.07936507936508, 28.07936507936508, 28.07936507936508, 28.07936507936508, 28.07936507936508, 28.07936507936508, 28.07936507936508, 28.07936507936508, 28.07936507936508, 28.047619047619047, 28.047619047619047, 28.047619047619047, 28.047619047619047, 28.047619047619047, 28.047619047619047, 28.047619047619047, 28.047619047619047, 28.03174603174603, 28.03174603174603, 28.015873015873012, 28.015873015873012, 28.015873015873012, 28.015873015873012, 28.015873015873012, 28.015873015873012, 28.0, 27.98412698412698, 27.95238095238095, 27.9047619047619, 27.888888888888886, 27.87301587301587, 27.825396825396822, 27.79365079365079, 27.79365079365079, 27.777777777777775, 27.746031746031743, 27.71428571428571, 27.71428571428571, 27.666666666666664, 27.666666666666664, 27.65079365079365, 27.634920634920633, 27.619047619047617, 27.587301587301585, 27.587301587301585, 27.587301587301585, 27.57142857142857, 27.523809523809522, 27.507936507936506, 27.507936507936506, 27.507936507936506, 27.476190476190474, 27.41269841269841, 27.396825396825395, 27.38095238095238, 27.333333333333332, 27.3015873015873, 27.26984126984127, 27.26984126984127, 27.238095238095237, 27.22222222222222, 27.22222222222222, 27.206349206349206, 27.206349206349206, 27.19047619047619, 27.158730158730158, 27.142857142857142, 27.126984126984127, 27.126984126984127, 27.095238095238095, 27.07936507936508, 27.07936507936508, 27.07936507936508, 27.07936507936508, 27.047619047619047, 27.03174603174603, 26.984126984126984, 26.96825396825397, 26.952380952380953, 26.952380952380953, 26.92063492063492, 26.88888888888889, 26.873015873015873, 26.857142857142858, 26.825396825396826, 26.793650793650794, 26.761904761904763, 26.761904761904763, 26.682539682539684, 26.650793650793652, 26.634920634920636, 26.61904761904762, 26.61904761904762, 26.571428571428573, 26.50793650793651, 26.476190476190478, 26.42857142857143, 26.3968253968254, 26.380952380952383, 26.380952380952383, 26.333333333333336, 26.333333333333336, 26.333333333333336, 26.333333333333336, 26.28571428571429, 26.301587301587304, 26.23809523809524, 26.253968253968257, 26.253968253968257, 26.253968253968257, 26.23809523809524, 26.23809523809524, 26.23809523809524, 26.23809523809524, 26.23809523809524, 26.23809523809524, 26.222222222222225, 26.23809523809524, 26.23809523809524, 26.23809523809524, 26.23809523809524, 26.23809523809524, 26.23809523809524, 26.23809523809524]",0.6613908635309077,0.655556414319022,29,"[33, 32, 30, 30, 30, 30, 30, 30, 30, 30, 30, 30, 30, 30, 30, 30, 30, 30, 30, 30, 30, 30, 30, 30, 30, 30, 30, 30, 30, 30, 30, 30, 30, 30, 30, 30, 30, 30, 30, 30, 30, 30, 30, 30, 30, 30, 30, 30, 30, 30, 30, 30, 30, 30, 30, 30, 30, 30, 30, 30, 30, 30, 30, 30, 30, 30, 30, 30, 30, 30, 30, 30, 30, 30, 30, 30, 30, 30, 30, 30, 30, 30, 30, 30, 30, 30, 30, 30, 30, 30, 30, 30, 30, 30, 30, 30, 30, 30, 30, 30, 30, 30, 30, 30, 30, 30, 30, 30, 30, 30, 30, 30, 30, 30, 30, 30, 30, 30, 30, 30, 30, 30, 30, 30, 30, 30, 30, 30, 30, 30, 30, 30, 30, 30, 30, 30, 30, 30, 30, 30, 30, 30, 30, 30, 30, 30, 30, 30, 30, 30, 30, 30, 30, 30, 30, 30, 30, 30, 30, 30, 30, 30, 30, 30, 30, 30, 30, 30, 30, 30, 30, 30, 30, 30, 30, 30, 30, 30, 30, 30, 30, 30, 30, 30, 30, 30, 30, 30, 30, 30, 30, 30, 30, 30, 30, 30, 30, 30, 30, 30, 30, 30, 30, 30, 30, 30, 30, 30, 30, 30, 30, 30, 30, 30, 30, 30, 30, 29, 29, 29, 29, 29, 29, 29, 29, 29, 29, 29, 29, 29, 29, 29, 29, 29, 29, 29, 29, 29, 29, 29, 29, 29, 29, 29, 29, 29, 29, 29, 29, 29, 29, 29, 29, 29, 29, 29, 29, 29, 29, 29, 29, 29, 29, 29, 29, 29, 29, 29, 29, 29, 29, 29, 29, 29, 29, 29, 29, 29, 29, 29, 29, 29, 29, 29, 29, 29, 29, 29, 29, 29, 29, 29, 29, 29, 29, 29, 29, 29, 29, 29, 29, 29, 29, 29, 29, 29, 29, 29, 29, 29, 29, 29, 29, 29, 29, 29, 29, 29, 29, 29, 29, 29, 29, 29, 29, 29, 29, 29, 29, 29, 29, 29, 29, 29, 29, 29, 29, 29, 29, 29, 29, 29, 29, 29, 29, 29, 29, 29, 29, 29, 29, 29, 29, 29, 29, 29, 29, 29, 29, 29, 29, 29, 29, 29, 29, 29, 29, 29, 29, 29, 29, 29, 29, 29, 29, 29, 29, 29, 29, 29, 29, 29, 29, 29, 29, 29, 29, 29, 29, 29, 29, 29, 29, 29, 29, 29, 29, 29, 29, 29, 29, 29, 29, 29, 29, 29, 29, 29, 29, 29, 29, 29, 29, 29, 29, 29, 29, 29, 29, 29, 29, 29, 29, 29, 29, 29, 29, 29, 29, 29, 29, 29, 29, 29, 29, 29, 29, 29, 29, 29, 29, 29, 29, 29, 29, 29, 29, 29, 29, 29, 29, 29, 29, 29, 29, 29, 29, 29, 29, 29, 29, 29, 29, 29, 29]",465,"[18.876174926757812, 44.749237060546875, 6.686165809631348, 3.209855079650879, 6.429521560668945, 5.930761337280273, 11.183066368103027, 4.152510166168213, 8.986444473266602, 6.380800247192383, 3.8666534423828125, 7.087262153625488, 3.7306759357452393, 3.3952713012695312, 4.335042476654053, 3.276209831237793, 14.967384338378906, 13.706281661987305, 3.897508144378662, 14.451577186584473, 5.413050651550293, 4.251247406005859, 4.316033840179443, 4.063053131103516, 4.1940717697143555, 3.205305576324463, 3.212259292602539, 5.8064680099487305, 11.04699420928955, 3.9103095531463623, 18.41368293762207, 7.019582748413086, 3.281606435775757, 33.8696403503418, 4.455271244049072, 6.1289963722229, 7.528204917907715, 4.830438613891602, 6.248291492462158, 6.144690990447998, 4.3244757652282715, 4.163303852081299, 3.7562525272369385, 4.324892997741699, 4.153764247894287, 6.313437461853027, 4.517101287841797, 4.5589375495910645, 5.911322593688965, 5.751872539520264, 6.1686530113220215, 7.126115798950195, 8.13676643371582, 6.104413032531738, 44.422996520996094, 3.9654526710510254, 5.1250176429748535, 20.12567710876465, 3.8568921089172363, 7.269188404083252, 24.56403160095215, 4.259445667266846, 4.810988903045654, 3.5771427154541016, 28.562084197998047, 3.6156582832336426, 5.145623683929443, 11.699699401855469, 12.935405731201172, 7.786335468292236, 4.26661491394043, 4.576655864715576, 8.776507377624512, 4.245724678039551, 4.439164638519287, 12.72102165222168, 4.958285331726074, 3.824875593185425, 3.487321138381958, 7.8504838943481445, 9.757287979125977, 4.050278186798096, 6.6075215339660645, 11.150395393371582, 3.866530179977417, 4.835154056549072, 4.5980401039123535, 5.43841552734375, 3.633312463760376, 5.239791393280029, 3.634828567504883, 3.7962288856506348, 3.8081629276275635, 3.5253961086273193, 3.603569269180298, 3.848012924194336, 3.0050859451293945, 7.3474040031433105, 5.229722499847412, 12.157596588134766, 12.793706893920898, 6.026667594909668, 4.560540199279785, 4.175998687744141, 3.1979520320892334, 3.750459909439087, 2.8601491451263428, 11.178844451904297, 4.123471736907959, 5.06544303894043, 3.7337799072265625, 9.01901626586914, 3.3508923053741455, 7.48776388168335, 3.690537691116333, 19.247825622558594, 4.968580722808838, 4.401729106903076, 3.952288866043091, 11.491682052612305, 8.935687065124512, 12.067909240722656, 18.020713806152344, 5.282055854797363, 5.316403388977051, 3.8738160133361816, 5.022287368774414, 17.536531448364258, 10.051836967468262, 5.323700428009033, 4.583684921264648, 9.577384948730469, 4.368136405944824, 11.297686576843262, 8.154218673706055, 4.3390727043151855, 3.6820287704467773, 35.470882415771484, 5.2431793212890625, 4.985171318054199, 4.254596710205078, 4.711534023284912, 6.3966875076293945, 6.542060375213623, 10.259116172790527, 29.845264434814453, 3.829134464263916, 5.9278645515441895, 5.567647933959961, 3.3804285526275635, 3.5448172092437744, 4.561803817749023, 35.582786560058594, 3.4102792739868164, 4.421224117279053, 7.347176551818848, 9.369845390319824, 7.388406276702881, 5.600687026977539, 4.0266923904418945, 8.832913398742676, 4.321530342102051, 3.799031972885132, 5.800234317779541, 8.578962326049805, 5.399880886077881, 3.053722858428955, 3.7949156761169434, 4.644558906555176, 7.320006847381592, 4.007691860198975, 5.752695083618164, 13.876725196838379, 3.5170679092407227, 4.890350818634033, 3.7015511989593506, 4.706923961639404, 5.559475898742676, 33.856590270996094, 3.7545101642608643, 5.271625995635986, 3.099888563156128, 11.225848197937012, 3.8075201511383057, 3.3307745456695557, 15.229198455810547, 5.559661388397217, 6.027722358703613, 4.542964935302734, 3.7569799423217773, 3.204854726791382, 4.197339057922363, 25.838623046875, 5.999035835266113, 4.570461273193359, 7.987533092498779, 4.030604362487793, 3.2032904624938965, 3.099597692489624, 4.359652519226074, 12.071698188781738, 6.3271026611328125, 4.040710926055908, 3.589447259902954, 3.8354997634887695, 4.490546226501465, 3.401845693588257, 3.4677679538726807, 5.485546112060547, 4.755741119384766, 10.177421569824219, 3.3202390670776367, 3.4810280799865723, 6.600857734680176, 6.1805925369262695, 9.145573616027832, 5.980130672454834, 2.914417028427124, 3.8155603408813477, 38.25532150268555, 18.834970474243164, 3.930111885070801, 3.9679384231567383, 4.290523052215576, 4.361780166625977, 3.3809804916381836, 3.5688576698303223, 3.313413381576538, 6.269112586975098, 3.079813003540039, 4.259861946105957, 6.769157886505127, 6.545090198516846, 5.932887554168701, 8.459406852722168, 6.06998348236084, 23.1923828125, 6.059698581695557, 4.699586391448975, 3.6231114864349365, 3.7451586723327637, 3.609062910079956, 5.5002593994140625, 11.427037239074707, 3.656538724899292, 5.898125171661377, 14.776200294494629, 4.011530876159668, 24.069164276123047, 4.14012336730957, 10.542754173278809, 5.280453681945801, 12.521134376525879, 4.882786750793457, 5.056450366973877, 8.5585298538208, 4.727902412414551, 5.067391395568848, 3.4894444942474365, 5.163424491882324, 4.768171787261963, 13.656262397766113, 8.20772933959961, 4.193544864654541, 3.816913366317749, 7.046460151672363, 3.2308881282806396, 4.7937846183776855, 3.073855400085449, 3.783367872238159, 4.272187232971191, 3.407672166824341, 4.180318832397461, 3.5838406085968018, 3.4345993995666504, 2.9262185096740723, 3.971590995788574, 3.6267387866973877, 6.954465389251709, 7.158942699432373, 30.823902130126953, 4.6941609382629395, 6.44677734375, 6.692119598388672, 4.47117805480957, 6.940342426300049, 9.354275703430176, 9.431306838989258, 3.9848127365112305, 5.903366565704346, 3.706404447555542, 5.838594913482666, 8.738993644714355, 6.809118270874023, 5.209546089172363, 4.163325309753418, 4.797609329223633, 14.863249778747559, 4.638586044311523, 4.1635565757751465, 7.070621490478516, 19.70989418029785, 8.077445030212402, 3.8281607627868652, 5.093202590942383, 4.9171247482299805, 7.747783184051514, 16.419713973999023, 2.8809163570404053, 7.536095142364502, 3.643540620803833, 11.299284934997559, 7.908548355102539, 3.966317653656006, 5.843364238739014, 18.097562789916992, 4.8177714347839355, 9.300792694091797, 3.8659372329711914, 7.9960036277771, 5.036437511444092, 3.8977160453796387, 7.662965774536133, 3.9666123390197754, 15.184765815734863, 4.401683807373047, 8.559255599975586, 5.324117660522461, 5.808913707733154, 4.153001308441162, 3.671426773071289, 5.471495151519775, 14.773597717285156, 8.965224266052246, 7.728918552398682, 12.98487663269043, 4.1906938552856445, 5.249518871307373, 13.66700553894043, 16.04058074951172, 3.9561374187469482, 4.114022254943848, 4.195989608764648, 5.952503204345703, 4.828253269195557, 6.642222881317139, 4.311367034912109, 5.494746685028076, 6.4209723472595215, 3.4251677989959717, 3.4883878231048584, 5.3269267082214355, 5.5223283767700195, 10.993673324584961, 8.557088851928711, 4.068631172180176, 5.058352947235107, 3.891721487045288, 12.791790008544922, 4.624659061431885, 4.577861785888672, 6.177819728851318, 6.312402248382568, 5.137633800506592, 10.736250877380371, 5.294379234313965, 6.2434983253479, 19.057981491088867, 24.509010314941406, 4.450790882110596, 6.2524027824401855, 4.573716640472412, 7.450036525726318, 5.825352668762207, 5.809821605682373, 5.255698204040527, 3.5851080417633057, 5.477777481079102, 11.414397239685059, 5.960446357727051, 4.367687225341797, 3.427622079849243, 3.6640491485595703, 4.322665214538574, 4.390685081481934, 6.4798407554626465, 4.160017490386963, 7.380868434906006, 5.119207382202148, 4.385169982910156, 3.787494421005249, 4.225362777709961, 3.834859609603882, 6.206158638000488, 6.407974720001221, 3.661008596420288, 3.75234317779541, 8.204706192016602, 4.115183353424072, 15.231224060058594, 4.393938064575195, 10.088968276977539, 3.9620437622070312, 4.586731910705566, 6.264206409454346, 8.335891723632812, 9.562241554260254, 7.920915126800537, 6.984395980834961, 4.959869861602783, 3.875796318054199, 9.082625389099121, 16.54174041748047, 6.682196617126465, 9.455660820007324, 4.83608865737915, 7.165459632873535, 4.472832202911377, 4.977049827575684, 7.521338939666748, 4.400722503662109, 14.491376876831055, 8.911153793334961, 6.220880508422852, 7.456412315368652, 4.909713268280029, 11.316861152648926, 17.036806106567383, 5.795397758483887, 4.048091888427734, 3.5950586795806885, 3.1453588008880615, 5.203299045562744, 7.904291152954102, 7.510465145111084, 3.6188442707061768, 3.709017276763916, 4.0761494636535645, 4.6926069259643555, 4.416917324066162, 6.628901958465576, 3.862642288208008, 3.9255785942077637, 5.038858413696289, 8.37374496459961, 4.330824375152588, 3.792116641998291, 3.7773783206939697, 18.001497268676758, 3.9674148559570312, 3.7691609859466553, 29.729270935058594, 8.511212348937988, 4.058492183685303, 5.42453670501709, 4.725619316101074, 4.6065354347229, 5.858736515045166, 3.867295503616333, 5.894730091094971, 8.783400535583496, 4.546623706817627, 11.728252410888672, 42.738128662109375, 16.095054626464844]",29.0,"[33.0, 32.0, 30.0, 30.0, 30.0, 30.0, 30.0, 30.0, 30.0, 30.0, 30.0, 30.0, 30.0, 30.0, 30.0, 30.0, 30.0, 30.0, 30.0, 30.0, 30.0, 30.0, 30.0, 30.0, 30.0, 30.0, 30.0, 30.0, 30.0, 30.0, 30.0, 30.0, 30.0, 30.0, 30.0, 30.0, 30.0, 30.0, 30.0, 30.0, 30.0, 30.0, 30.0, 30.0, 30.0, 30.0, 30.0, 30.0, 30.0, 30.0, 30.0, 30.0, 30.0, 30.0, 30.0, 30.0, 30.0, 30.0, 30.0, 30.0, 30.0, 30.0, 30.0, 30.0, 30.0, 30.0, 30.0, 30.0, 30.0, 30.0, 30.0, 30.0, 30.0, 30.0, 30.0, 30.0, 30.0, 30.0, 30.0, 30.0, 30.0, 30.0, 30.0, 30.0, 30.0, 30.0, 30.0, 30.0, 30.0, 30.0, 30.0, 30.0, 30.0, 30.0, 30.0, 30.0, 30.0, 30.0, 30.0, 30.0, 30.0, 30.0, 30.0, 30.0, 30.0, 30.0, 30.0, 30.0, 30.0, 30.0, 30.0, 30.0, 30.0, 30.0, 30.0, 30.0, 30.0, 30.0, 30.0, 30.0, 30.0, 30.0, 30.0, 30.0, 30.0, 30.0, 30.0, 30.0, 30.0, 30.0, 30.0, 30.0, 30.0, 30.0, 30.0, 30.0, 30.0, 30.0, 30.0, 30.0, 30.0, 30.0, 30.0, 30.0, 30.0, 30.0, 30.0, 30.0, 30.0, 30.0, 30.0, 30.0, 30.0, 30.0, 30.0, 30.0, 30.0, 30.0, 30.0, 30.0, 30.0, 30.0, 30.0, 30.0, 30.0, 30.0, 30.0, 30.0, 30.0, 30.0, 30.0, 30.0, 30.0, 30.0, 30.0, 30.0, 30.0, 30.0, 30.0, 30.0, 30.0, 30.0, 30.0, 30.0, 30.0, 30.0, 30.0, 30.0, 30.0, 30.0, 30.0, 30.0, 30.0, 30.0, 30.0, 30.0, 30.0, 30.0, 30.0, 30.0, 30.0, 30.0, 30.0, 30.0, 30.0, 30.0, 30.0, 30.0, 30.0, 30.0, 30.0, 30.0, 30.0, 30.0, 30.0, 30.0, 30.0, 29.0, 29.0, 29.0, 29.0, 29.0, 29.0, 29.0, 29.0, 29.0, 29.0, 29.0, 29.0, 29.0, 29.0, 29.0, 29.0, 29.0, 29.0, 29.0, 29.0, 29.0, 29.0, 29.0, 29.0, 29.0, 29.0, 29.0, 29.0, 29.0, 29.0, 29.0, 29.0, 29.0, 29.0, 29.0, 29.0, 29.0, 29.0, 29.0, 29.0, 29.0, 29.0, 29.0, 29.0, 29.0, 29.0, 29.0, 29.0, 29.0, 29.0, 29.0, 29.0, 29.0, 29.0, 29.0, 29.0, 29.0, 29.0, 29.0, 29.0, 29.0, 29.0, 29.0, 29.0, 29.0, 29.0, 29.0, 29.0, 29.0, 29.0, 29.0, 29.0, 29.0, 29.0, 29.0, 29.0, 29.0, 29.0, 29.0, 29.0, 29.0, 29.0, 29.0, 29.0, 29.0, 29.0, 29.0, 29.0, 29.0, 29.0, 29.0, 29.0, 29.0, 29.0, 29.0, 29.0, 29.0, 29.0, 29.0, 29.0, 29.0, 29.0, 29.0, 29.0, 29.0, 29.0, 29.0, 29.0, 29.0, 29.0, 29.0