,number,value,datetime_start,datetime_complete,duration,params_batch_size_scaler,params_constant_learning_rate,params_depth,params_epochs,params_kernel_l2,params_num_trees,params_temperature,user_attrs_accuracy_test,user_attrs_accuracy_valid,user_attrs_approximate_feature_sparsity,user_attrs_approximate_feature_sparsity_history,user_attrs_approximate_weight_sparsity,user_attrs_approximate_weight_sparsity_history,user_attrs_auc_test,user_attrs_auc_valid,user_attrs_feature_sparsity,user_attrs_feature_sparsity_history,user_attrs_num_epochs,user_attrs_val_loss_history,user_attrs_weight_sparsity,user_attrs_weight_sparsity_history,state
120,120,0.8993121304633458,2024-08-31 05:39:13.016842,2024-08-31 05:39:38.954061,0 days 00:00:25.937219,64,9.516579353522337,2,300,0.0031320995296155,52,0.0049542584652244055,0.911,0.91,21,"[33, 23, 21, 21, 21, 21, 21, 21, 21, 21, 21, 21, 21, 21, 21, 21, 21, 21, 21, 21, 21, 21, 21, 21, 21, 21, 21, 21, 21, 21, 21, 21, 21, 21, 21, 21, 21, 21, 21, 21, 21, 21, 21, 21, 21, 21, 21, 21, 21, 21, 21, 21, 21, 21, 21, 21, 21, 21, 21, 21, 21, 21, 21, 21, 21, 21, 21, 21, 21, 21, 21, 21, 21, 21, 21, 21, 21, 21, 21, 21, 21, 21, 21, 21, 21, 21, 21, 21, 21, 21, 21, 21, 21, 21, 21, 21, 21, 21, 21, 21, 21, 21, 21, 21, 21, 21, 21, 21, 21, 21, 21, 21, 21, 21, 21, 21, 21, 21, 21, 21, 21, 21, 21, 21, 21, 21, 21, 21, 21, 21, 21, 21, 21, 21, 21, 21, 21, 21, 21, 21, 21, 21, 21, 21, 21, 21, 21, 21, 21, 21, 21, 21, 21, 21, 21, 21, 21, 21, 21, 21, 21, 21, 21, 21, 21, 21, 21, 21, 21, 21, 21, 21, 21, 21, 21, 21, 21, 21, 21, 21, 21, 21, 21, 21, 21, 21, 21, 21, 21, 21, 21, 21, 21, 21, 21, 21, 21, 21, 21, 21, 21, 21, 21, 21, 21, 21, 21, 21, 21, 21, 21, 21, 21, 21, 21, 21, 21, 21, 21, 21, 21, 21, 21, 21, 21, 21, 21, 21, 21, 21, 21, 21, 21, 21, 21, 21, 21, 21, 21, 21, 21, 21, 21, 21, 21, 21, 21, 21, 21, 21, 21, 21, 21, 21, 21, 21, 21, 21, 21, 21, 21, 21, 21, 21, 21, 21, 21, 21, 21, 21, 21, 21, 21, 21, 21, 21, 21, 21, 21, 21, 21, 21, 21, 21, 21, 21, 21, 21, 21, 21, 21, 21, 21, 21, 21, 21, 21, 21, 21, 21]",21.0,"[33.0, 22.923076923076923, 20.980769230769234, 21.0, 21.0, 21.0, 21.0, 20.993589743589745, 21.0, 20.993589743589745, 21.0, 21.0, 20.98717948717949, 21.0, 21.0, 21.0, 20.993589743589745, 20.993589743589745, 21.0, 21.0, 20.993589743589745, 20.993589743589745, 20.993589743589745, 20.993589743589745, 21.0, 21.0, 21.0, 21.0, 21.0, 20.993589743589745, 21.0, 21.0, 20.993589743589745, 21.0, 21.0, 21.0, 21.0, 21.0, 20.993589743589745, 20.98717948717949, 20.993589743589745, 20.993589743589745, 21.0, 20.993589743589745, 21.0, 21.0, 21.0, 21.0, 21.0, 21.0, 20.993589743589745, 21.0, 21.0, 21.0, 21.0, 21.0, 21.0, 21.0, 20.993589743589745, 20.993589743589745, 21.0, 21.0, 21.0, 20.993589743589745, 21.0, 20.98076923076923, 20.993589743589745, 21.0, 21.0, 21.0, 20.993589743589745, 20.98717948717949, 21.0, 21.0, 21.0, 21.0, 21.0, 20.993589743589745, 21.0, 20.993589743589745, 21.0, 21.0, 21.0, 21.0, 21.0, 21.0, 21.0, 21.0, 20.993589743589745, 21.0, 21.0, 20.993589743589745, 21.0, 21.0, 20.993589743589745, 21.0, 20.993589743589745, 21.0, 21.0, 20.993589743589745, 21.0, 21.0, 21.0, 21.0, 21.0, 21.0, 21.0, 21.0, 21.0, 21.0, 20.993589743589745, 20.98717948717949, 20.98717948717949, 21.0, 21.0, 21.0, 20.993589743589745, 20.993589743589745, 21.0, 21.0, 20.993589743589745, 21.0, 21.0, 21.0, 21.0, 21.0, 20.993589743589745, 21.0, 21.0, 21.0, 21.0, 21.0, 21.0, 20.980769230769234, 20.993589743589745, 20.993589743589745, 21.0, 20.993589743589745, 21.0, 20.993589743589745, 21.0, 21.0, 20.993589743589745, 21.0, 21.0, 21.0, 21.0, 21.0, 21.0, 21.0, 21.0, 21.0, 21.0, 21.0, 20.98717948717949, 21.0, 21.0, 21.0, 20.98717948717949, 20.993589743589745, 21.0, 20.993589743589745, 21.0, 21.0, 21.0, 21.0, 20.993589743589745, 20.993589743589745, 21.0, 21.0, 21.0, 21.0, 21.0, 21.0, 21.0, 21.0, 20.993589743589745, 21.0, 21.0, 20.993589743589745, 21.0, 20.993589743589745, 20.993589743589745, 20.993589743589745, 20.993589743589745, 21.0, 20.98717948717949, 21.0, 20.993589743589745, 21.0, 21.0, 21.0, 21.0, 21.0, 21.0, 21.0, 21.0, 21.0, 21.0, 21.0, 21.0, 21.0, 21.0, 20.993589743589745, 21.0, 21.0, 21.0, 21.0, 21.0, 21.0, 21.0, 20.993589743589745, 21.0, 21.0, 21.0, 21.0, 21.0, 21.0, 21.0, 21.0, 21.0, 21.0, 21.0, 21.0, 21.0, 21.0, 20.993589743589745, 20.993589743589745, 20.993589743589745, 21.0, 21.0, 21.0, 21.0, 21.0, 21.0, 21.0, 20.993589743589745, 21.0, 21.0, 20.993589743589745, 21.0, 21.0, 21.0, 21.0, 21.0, 21.0, 21.0, 20.993589743589745, 21.0, 20.98717948717949, 20.993589743589745, 21.0, 21.0, 21.0, 21.0, 20.993589743589745, 21.0, 21.0, 21.0, 21.0, 21.0, 20.98717948717949, 20.993589743589745, 20.993589743589745, 21.0, 21.0, 20.993589743589745, 21.0, 21.0, 21.0, 21.0, 21.0, 21.0, 21.0, 20.993589743589745, 21.0, 21.0, 21.0, 20.993589743589745, 21.0, 20.993589743589745, 21.0, 20.993589743589745, 21.0, 21.0, 21.0, 21.0, 21.0, 21.0, 20.993589743589745, 21.0, 21.0, 21.0, 21.0, 21.0, 21.0, 21.0, 21.0, 20.993589743589745, 21.0]",0.8788340392506543,0.8993121304633458,21,"[33, 23, 21, 21, 21, 21, 21, 21, 21, 21, 21, 21, 21, 21, 21, 21, 21, 21, 21, 21, 21, 21, 21, 21, 21, 21, 21, 21, 21, 21, 21, 21, 21, 21, 21, 21, 21, 21, 21, 21, 21, 21, 21, 21, 21, 21, 21, 21, 21, 21, 21, 21, 21, 21, 21, 21, 21, 21, 21, 21, 21, 21, 21, 21, 21, 21, 21, 21, 21, 21, 21, 21, 21, 21, 21, 21, 21, 21, 21, 21, 21, 21, 21, 21, 21, 21, 21, 21, 21, 21, 21, 21, 21, 21, 21, 21, 21, 21, 21, 21, 21, 21, 21, 21, 21, 21, 21, 21, 21, 21, 21, 21, 21, 21, 21, 21, 21, 21, 21, 21, 21, 21, 21, 21, 21, 21, 21, 21, 21, 21, 21, 21, 21, 21, 21, 21, 21, 21, 21, 21, 21, 21, 21, 21, 21, 21, 21, 21, 21, 21, 21, 21, 21, 21, 21, 21, 21, 21, 21, 21, 21, 21, 21, 21, 21, 21, 21, 21, 21, 21, 21, 21, 21, 21, 21, 21, 21, 21, 21, 21, 21, 21, 21, 21, 21, 21, 21, 21, 21, 21, 21, 21, 21, 21, 21, 21, 21, 21, 21, 21, 21, 21, 21, 21, 21, 21, 21, 21, 21, 21, 21, 21, 21, 21, 21, 21, 21, 21, 21, 21, 21, 21, 21, 21, 21, 21, 21, 21, 21, 21, 21, 21, 21, 21, 21, 21, 21, 21, 21, 21, 21, 21, 21, 21, 21, 21, 21, 21, 21, 21, 21, 21, 21, 21, 21, 21, 21, 21, 21, 21, 21, 21, 21, 21, 21, 21, 21, 21, 21, 21, 21, 21, 21, 21, 21, 21, 21, 21, 21, 21, 21, 21, 21, 21, 21, 21, 21, 21, 21, 21, 21, 21, 21, 21, 21, 21, 21, 21, 21, 21]",300,"[20.89984703063965, 35.21971893310547, 46.665077209472656, 69.85536193847656, 70.84844207763672, 35.047122955322266, 8.405903816223145, 17.785503387451172, 86.34326171875, 21.674301147460938, 5.825952053070068, 51.53385925292969, 8.170520782470703, 62.06546401977539, 13.551874160766602, 4.571374416351318, 86.56166076660156, 23.52212905883789, 5.582197666168213, 69.9483413696289, 8.40814208984375, 18.84775161743164, 13.548114776611328, 10.578487396240234, 23.734159469604492, 4.725702285766602, 31.929920196533203, 4.27750301361084, 30.73879623413086, 5.667957782745361, 2.9264168739318848, 13.23001480102539, 9.453883171081543, 9.835328102111816, 7.346529960632324, 18.2933349609375, 12.01607894897461, 2.4921133518218994, 13.863750457763672, 33.8489875793457, 4.211231708526611, 31.4399471282959, 5.407360076904297, 21.178390502929688, 2.7569668292999268, 8.073589324951172, 2.3413920402526855, 25.411470413208008, 5.253294467926025, 3.7317328453063965, 10.218549728393555, 3.043834924697876, 11.81376838684082, 3.8965072631835938, 22.61020278930664, 4.784955978393555, 28.766874313354492, 5.363096237182617, 19.751333236694336, 4.255384922027588, 6.125988960266113, 17.043725967407227, 1.9217371940612793, 24.765825271606445, 5.325672149658203, 6.624801158905029, 3.0811192989349365, 15.427350997924805, 4.537265300750732, 4.010900020599365, 3.410844326019287, 2.011054515838623, 3.4523098468780518, 10.894434928894043, 4.437536239624023, 1.9873380661010742, 6.899768829345703, 2.633775234222412, 3.2602269649505615, 12.725322723388672, 2.2371127605438232, 10.695395469665527, 2.7087252140045166, 6.339855194091797, 2.222905158996582, 5.458966255187988, 1.8956433534622192, 5.966526508331299, 4.746889591217041, 8.187227249145508, 2.6192049980163574, 2.996328353881836, 2.7691094875335693, 2.890587568283081, 4.413872718811035, 2.2221622467041016, 3.1693761348724365, 3.736722946166992, 7.967065811157227, 5.140424728393555, 6.355770111083984, 3.3301515579223633, 1.9768154621124268, 2.0299172401428223, 2.0175466537475586, 2.7617156505584717, 3.0749576091766357, 2.9069337844848633, 2.6443655490875244, 2.8411169052124023, 2.2639143466949463, 3.77587890625, 2.8180856704711914, 2.5145163536071777, 2.1437010765075684, 1.698494553565979, 2.1451120376586914, 4.147873401641846, 3.01785945892334, 2.3545031547546387, 4.62407922744751, 2.7311666011810303, 2.947310209274292, 1.9364502429962158, 2.2145752906799316, 4.132486343383789, 3.119976758956909, 1.820612907409668, 2.5722968578338623, 3.34749174118042, 4.9224324226379395, 2.2288005352020264, 1.8682094812393188, 1.6698566675186157, 3.3040804862976074, 2.5292787551879883, 3.236795425415039, 3.579010009765625, 3.212124824523926, 7.969137191772461, 2.826624870300293, 1.8931673765182495, 1.684420108795166, 1.5947879552841187, 2.0901434421539307, 1.6578545570373535, 1.7411457300186157, 1.5263855457305908, 2.0337183475494385, 6.612262725830078, 1.5962951183319092, 7.41799259185791, 6.067134857177734, 3.0005414485931396, 2.0201873779296875, 1.7645665407180786, 3.597914218902588, 1.7982600927352905, 1.757334589958191, 1.950437307357788, 1.7765694856643677, 1.6189215183258057, 2.266725778579712, 2.265099048614502, 6.629693508148193, 6.530893325805664, 2.5024971961975098, 2.17801833152771, 1.8747801780700684, 1.738541603088379, 1.6837563514709473, 2.0616567134857178, 5.264011859893799, 2.3707690238952637, 1.6175481081008911, 1.6976258754730225, 1.5719417333602905, 3.9629721641540527, 1.7185859680175781, 1.899445652961731, 1.688117504119873, 1.7251852750778198, 1.8438849449157715, 1.9873664379119873, 1.685786247253418, 1.6066083908081055, 1.7227239608764648, 1.7938076257705688, 1.8104723691940308, 1.5978312492370605, 1.6568658351898193, 2.763249397277832, 2.6715216636657715, 2.625581741333008, 1.99653959274292, 1.7191795110702515, 2.261773109436035, 2.1824545860290527, 1.700218677520752, 1.9573912620544434, 1.8623723983764648, 1.5045349597930908, 1.5430752038955688, 1.6067743301391602, 1.6602178812026978, 1.547029733657837, 1.5289744138717651, 1.6178467273712158, 1.540169358253479, 1.4640707969665527, 1.4788849353790283, 1.5412397384643555, 1.5147358179092407, 1.5236784219741821, 1.5362941026687622, 1.5517536401748657, 1.4813766479492188, 1.5050853490829468, 1.4866342544555664, 1.8957141637802124, 1.7990875244140625, 1.4974533319473267, 1.5468899011611938, 1.5536938905715942, 1.6169620752334595, 1.8250648975372314, 9.87761116027832, 8.404117584228516, 2.119689702987671, 2.811140537261963, 1.8345000743865967, 1.8885616064071655, 1.6895174980163574, 4.150943756103516, 1.5668838024139404, 1.5203216075897217, 1.5791501998901367, 1.598573923110962, 1.633386492729187, 1.6723692417144775, 5.9632487297058105, 2.19879150390625, 2.164217948913574, 1.718959093093872, 2.0795581340789795, 2.7965636253356934, 3.1139111518859863, 1.8435138463974, 2.5177109241485596, 1.9474050998687744, 1.8917019367218018, 1.827694296836853, 1.9431407451629639, 1.7862133979797363, 1.7769300937652588, 1.793939471244812, 1.7746400833129883, 1.7677265405654907, 1.810060977935791, 1.8216460943222046, 1.7507442235946655, 1.7546439170837402, 1.7726472616195679, 1.761104941368103, 1.7032403945922852, 1.7380785942077637, 1.735288381576538, 1.7418148517608643, 2.001235008239746, 1.6483430862426758, 1.6851260662078857, 1.6903023719787598, 1.6718155145645142, 1.6715381145477295, 1.6729862689971924, 1.6747217178344727, 1.6748498678207397, 1.762763261795044, 1.667887568473816, 1.669553279876709, 1.6678814888000488, 1.64430832862854, 1.6449501514434814, 1.6480826139450073, 1.6488404273986816, 1.6516952514648438, 1.6483935117721558, 1.6320134401321411, 1.6571048498153687, 1.6270588636398315, 1.6866858005523682, 1.6503288745880127, 1.6423414945602417, 1.6422473192214966, 1.64167058467865, 1.6324834823608398, 1.6285028457641602, 1.6200957298278809, 1.627719759941101, 1.6195367574691772]",21.0,"[33.0, 23.0, 21.0, 21.0, 21.0, 21.0, 21.0, 21.0, 21.0, 21.0, 21.0, 21.0, 21.0, 21.0, 21.0, 21.0, 21.0, 21.0, 21.0, 21.0, 21.0, 21.0, 21.0, 21.0, 21.0, 21.0, 21.0, 21.0, 21.0, 21.0, 21.0, 21.0, 21.0, 21.0, 21.0, 21.0, 21.0, 21.0, 21.0, 21.0, 21.0, 21.0, 21.0, 21.0, 21.0, 21.0, 21.0, 21.0, 21.0, 21.0, 21.0, 21.0, 21.0, 21.0, 21.0, 21.0, 21.0, 21.0, 21.0, 21.0, 21.0, 21.0, 21.0, 21.0, 21.0, 21.0, 21.0, 21.0, 21.0, 21.0, 21.0, 21.0, 21.0, 21.0, 21.0, 21.0, 21.0, 21.0, 21.0, 21.0, 21.0, 21.0, 21.0, 21.0, 21.0, 21.0, 21.0, 21.0, 21.0, 21.0, 21.0, 21.0, 21.0, 21.0, 21.0, 21.0, 21.0, 21.0, 21.0, 21.0, 21.0, 21.0, 21.0, 21.0, 21.0, 21.0, 21.0, 21.0, 21.0, 21.0, 21.0, 21.0, 21.0, 21.0, 21.0, 21.0, 21.0, 21.0, 21.0, 21.0, 21.0, 21.0, 21.0, 21.0, 21.0, 21.0, 21.0, 21.0, 21.0, 21.0, 21.0, 21.0, 21.0, 21.0, 21.0, 21.0, 21.0, 21.0, 21.0, 21.0, 21.0, 21.0, 21.0, 21.0, 21.0, 21.0, 21.0, 21.0, 21.0, 21.0, 21.0, 21.0, 21.0, 21.0, 21.0, 21.0, 21.0, 21.0, 21.0, 21.0, 21.0, 21.0, 21.0, 21.0, 21.0, 21.0, 21.0, 21.0, 21.0, 21.0, 21.0, 21.0, 21.0, 21.0, 21.0, 21.0, 21.0, 21.0, 21.0, 21.0, 21.0, 21.0, 21.0, 21.0, 21.0, 21.0, 21.0, 21.0, 21.0, 21.0, 21.0, 21.0, 21.0, 21.0, 21.0, 21.0, 21.0, 21.0, 21.0, 21.0, 21.0, 21.0, 21.0, 21.0, 21.0, 21.0, 21.0, 21.0, 21.0, 21.0, 21.0, 21.0, 21.0, 21.0, 21.0, 21.0, 21.0, 21.0, 21.0, 21.0, 21.0, 21.0, 21.0, 21.0, 21.0, 21.0, 21.0, 21.0, 21.0, 21.0, 21.0, 21.0, 21.0, 21.0, 21.0, 21.0, 21.0, 21.0, 21.0, 21.0, 21.0, 21.0, 21.0, 21.0, 21.0, 21.0, 21.0, 21.0, 21.0, 21.0, 21.0, 21.0, 21.0, 21.0, 21.0, 21.0, 21.0, 21.0, 21.0, 21.0, 21.0, 21.0, 21.0, 21.0, 21.0, 21.0, 21.0, 21.0, 21.0, 21.0, 21.0, 21.0, 21.0, 21.0, 21.0, 21.0, 21.0, 21.0, 21.0, 21.0, 21.0, 21.0, 21.0, 21.0, 21.0, 21.0, 21.0, 21.0, 21.0, 21.0, 21.0, 21.0, 21.0, 21.0, 21.0, 21.0, 21.0, 21.0, 21.0, 21.0]",COMPLETE
