,number,value,datetime_start,datetime_complete,duration,params_batch_size_scaler,params_constant_learning_rate,params_depth,params_epochs,params_kernel_l2,params_num_trees,params_temperature,user_attrs_accuracy_test,user_attrs_accuracy_valid,user_attrs_approximate_feature_sparsity,user_attrs_approximate_feature_sparsity_history,user_attrs_approximate_weight_sparsity,user_attrs_approximate_weight_sparsity_history,user_attrs_auc_test,user_attrs_auc_valid,user_attrs_feature_sparsity,user_attrs_feature_sparsity_history,user_attrs_num_epochs,user_attrs_val_loss_history,user_attrs_weight_sparsity,user_attrs_weight_sparsity_history,state
29,29,0.9307364326106837,2024-08-31 01:25:34.037343,2024-08-31 01:25:47.189602,0 days 00:00:13.152259,16,0.4820562205390143,1,185,0.02028636446378856,58,0.00014899623609252507,0.937,0.945,21,"[33, 33, 33, 33, 33, 33, 33, 33, 33, 33, 33, 33, 33, 33, 33, 33, 33, 33, 33, 33, 33, 33, 33, 33, 33, 33, 33, 33, 33, 33, 33, 33, 33, 33, 33, 33, 33, 33, 33, 33, 33, 33, 33, 33, 33, 33, 33, 33, 33, 33, 33, 33, 33, 33, 33, 33, 33, 33, 33, 33, 33, 33, 33, 33, 33, 33, 33, 33, 33, 33, 33, 33, 33, 33, 33, 33, 33, 33, 33, 33, 33, 33, 33, 33, 33, 33, 33, 33, 33, 33, 33, 33, 33, 33, 33, 33, 33, 32, 32, 32, 32, 32, 31, 31, 30, 30, 30, 30, 30, 30, 30, 30, 29, 29, 29, 29, 29, 29, 29, 28, 28, 28, 28, 28, 28, 28, 27, 27, 27, 27, 27, 27, 27, 27, 27, 27, 27, 27, 27, 27, 27, 27, 26, 26, 26, 26, 26, 26, 26, 26, 26, 26, 26, 24, 23, 23, 23, 23, 23, 23, 23, 23, 23, 23, 23, 23, 23, 23, 23, 23, 22, 22, 22, 22, 22, 22, 22, 22, 22, 22, 22, 22, 22, 21, 21]",20.96551724137931,"[33.0, 33.0, 32.98275862068965, 33.0, 32.96551724137931, 33.0, 32.96551724137931, 33.0, 32.98275862068965, 32.98275862068965, 32.96551724137931, 33.0, 33.0, 33.0, 33.0, 32.98275862068965, 32.98275862068965, 32.96551724137931, 33.0, 32.96551724137931, 32.96551724137931, 32.98275862068965, 33.0, 33.0, 32.94827586206897, 32.98275862068965, 32.98275862068965, 32.94827586206897, 32.96551724137931, 32.96551724137931, 32.98275862068965, 32.94827586206897, 32.98275862068965, 32.96551724137931, 32.96551724137931, 33.0, 32.96551724137931, 32.93103448275862, 33.0, 32.94827586206897, 32.96551724137931, 32.96551724137931, 32.98275862068965, 32.96551724137931, 32.98275862068965, 32.98275862068965, 32.96551724137931, 32.98275862068965, 32.98275862068965, 33.0, 33.0, 33.0, 32.98275862068965, 32.98275862068965, 32.96551724137931, 32.98275862068965, 32.98275862068965, 32.98275862068965, 32.96551724137931, 33.0, 33.0, 33.0, 32.96551724137931, 32.94827586206897, 32.98275862068965, 32.98275862068965, 33.0, 32.98275862068965, 32.96551724137931, 32.98275862068965, 32.98275862068965, 32.96551724137931, 33.0, 32.98275862068965, 32.96551724137931, 32.98275862068965, 32.94827586206897, 32.98275862068965, 33.0, 32.96551724137931, 32.93103448275862, 32.96551724137931, 32.94827586206897, 33.0, 33.0, 32.98275862068965, 33.0, 32.98275862068965, 32.98275862068966, 32.94827586206897, 32.94827586206897, 32.96551724137931, 32.94827586206897, 32.98275862068965, 33.0, 32.94827586206897, 32.98275862068965, 31.982758620689655, 31.982758620689655, 32.0, 31.96551724137931, 31.982758620689655, 30.982758620689655, 30.93103448275862, 29.982758620689655, 30.0, 29.982758620689655, 29.982758620689655, 30.0, 30.0, 30.0, 29.982758620689655, 29.0, 28.948275862068964, 28.982758620689655, 29.0, 28.982758620689655, 28.982758620689655, 28.982758620689655, 28.0, 28.0, 27.96551724137931, 28.0, 28.0, 27.982758620689655, 27.96551724137931, 26.96551724137931, 26.96551724137931, 26.982758620689655, 27.0, 26.96551724137931, 27.0, 26.96551724137931, 26.982758620689655, 27.0, 27.0, 27.0, 26.96551724137931, 27.0, 26.982758620689655, 27.0, 26.96551724137931, 26.0, 26.0, 26.0, 26.0, 26.0, 26.0, 25.982758620689655, 26.0, 26.0, 26.0, 26.0, 23.96551724137931, 22.96551724137931, 23.0, 22.982758620689655, 23.0, 22.96551724137931, 23.0, 22.982758620689655, 22.982758620689655, 22.982758620689655, 22.96551724137931, 22.982758620689655, 22.982758620689655, 22.982758620689655, 22.96551724137931, 23.0, 23.0, 21.982758620689655, 21.982758620689655, 21.96551724137931, 22.0, 21.982758620689655, 21.96551724137931, 21.96551724137931, 21.982758620689655, 22.0, 21.96551724137931, 21.948275862068964, 22.0, 21.982758620689655, 20.948275862068964, 20.96551724137931]",0.9162971953203048,0.9307364326106837,21,"[33, 33, 33, 33, 33, 33, 33, 33, 33, 33, 33, 33, 33, 33, 33, 33, 33, 33, 33, 33, 33, 33, 33, 33, 33, 33, 33, 33, 33, 33, 33, 33, 33, 33, 33, 33, 33, 33, 33, 33, 33, 33, 33, 33, 33, 33, 33, 33, 33, 33, 33, 33, 33, 33, 33, 33, 33, 33, 33, 33, 33, 33, 33, 33, 33, 33, 33, 33, 33, 33, 33, 33, 33, 33, 33, 33, 33, 33, 33, 33, 33, 33, 33, 33, 33, 33, 33, 33, 33, 33, 33, 33, 33, 33, 33, 33, 33, 32, 32, 32, 32, 32, 31, 31, 30, 30, 30, 30, 30, 30, 30, 30, 29, 29, 29, 29, 29, 29, 29, 28, 28, 28, 28, 28, 28, 28, 27, 27, 27, 27, 27, 27, 27, 27, 27, 27, 27, 27, 27, 27, 27, 27, 26, 26, 26, 26, 26, 26, 26, 26, 26, 26, 26, 24, 23, 23, 23, 23, 23, 23, 23, 23, 23, 23, 23, 23, 23, 23, 23, 23, 22, 22, 22, 22, 22, 22, 22, 22, 22, 22, 22, 22, 22, 21, 21]",185,"[0.4207109212875366, 0.389250248670578, 0.39727744460105896, 0.6154120564460754, 0.7858930230140686, 0.37125563621520996, 0.44850659370422363, 0.3585304319858551, 0.869357168674469, 0.9894121289253235, 0.3828059732913971, 0.34869521856307983, 0.724423348903656, 0.530465304851532, 0.4460562765598297, 0.3526363670825958, 0.5674378871917725, 0.4251590669155121, 0.3407062292098999, 0.4692259132862091, 0.40911856293678284, 0.34550225734710693, 0.36908912658691406, 0.6512233018875122, 0.49972817301750183, 0.42236441373825073, 0.3297341465950012, 0.45057013630867004, 1.1822447776794434, 0.3689892292022705, 0.3222016394138336, 0.44255656003952026, 0.35123106837272644, 0.37233731150627136, 0.3253735303878784, 0.3383004069328308, 0.31272855401039124, 0.39602145552635193, 0.7723130583763123, 0.475602924823761, 0.6391459703445435, 0.5276935696601868, 0.3909917175769806, 0.47724732756614685, 0.5158860683441162, 0.3027491867542267, 0.46978816390037537, 0.28480616211891174, 0.34652191400527954, 0.27173325419425964, 0.27641430497169495, 0.4745737910270691, 0.3348581790924072, 0.2752915322780609, 0.5801828503608704, 0.3553257882595062, 0.299996554851532, 0.273858904838562, 0.35735321044921875, 0.45284315943717957, 0.37476468086242676, 0.24101820588111877, 0.324942409992218, 0.23368877172470093, 0.4249974489212036, 0.289033442735672, 0.31337013840675354, 0.23601865768432617, 0.40719056129455566, 0.2445507049560547, 0.2737852931022644, 0.3756661117076874, 0.32576248049736023, 0.22907936573028564, 0.2487913966178894, 0.25433310866355896, 0.25268471240997314, 0.24452592432498932, 0.23178859055042267, 0.2253899723291397, 0.2473556101322174, 0.23108109831809998, 0.25061261653900146, 0.2366345375776291, 0.22856596112251282, 0.2266409993171692, 0.3372207283973694, 0.2700065076351166, 0.22683915495872498, 0.230488583445549, 0.2431466281414032, 0.22594408690929413, 0.2621982991695404, 0.3121210038661957, 0.36912497878074646, 0.2495647668838501, 0.2363176792860031, 0.23327518999576569, 0.26981326937675476, 0.2612643241882324, 0.25434884428977966, 0.2207803726196289, 0.2204238325357437, 0.22018086910247803, 0.2163277566432953, 0.22004581987857819, 0.2533119022846222, 0.34143203496932983, 0.2279045283794403, 0.21875602006912231, 0.24858449399471283, 0.2683064341545105, 0.22069281339645386, 0.24455295503139496, 0.2562023997306824, 0.23661135137081146, 0.26459801197052, 0.24697910249233246, 0.31603094935417175, 0.3379790186882019, 0.2257142961025238, 0.2220514863729477, 0.23116835951805115, 0.22516803443431854, 0.21803563833236694, 0.22654683887958527, 0.22397726774215698, 0.46605750918388367, 0.22561630606651306, 0.21996687352657318, 0.22187259793281555, 0.3016433119773865, 0.24197645485401154, 0.2751002013683319, 0.331365704536438, 0.24232889711856842, 0.24667440354824066, 0.22508226335048676, 0.2244144082069397, 0.2989353835582733, 0.231099933385849, 0.21346820890903473, 0.2255837321281433, 0.22434002161026, 0.21924926340579987, 0.2139337658882141, 0.22774314880371094, 0.2440548837184906, 0.21720796823501587, 0.24101780354976654, 0.2249428778886795, 0.24280139803886414, 0.31462934613227844, 0.21939292550086975, 0.2175743132829666, 0.20989637076854706, 0.250098317861557, 0.2127523422241211, 0.2080690711736679, 0.34683939814567566, 0.20820190012454987, 0.2092282623052597, 0.22221408784389496, 0.21061740815639496, 0.22678455710411072, 0.280493825674057, 0.2297106236219406, 0.23461663722991943, 0.20582547783851624, 0.2070547491312027, 0.2533641755580902, 0.2276170402765274, 0.2005113959312439, 0.2117970585823059, 0.20322734117507935, 0.20695748925209045, 0.20282281935214996, 0.20834876596927643, 0.23954318463802338, 0.21620431542396545, 0.21122628450393677, 0.23033180832862854, 0.19771869480609894, 0.225703626871109, 0.20335713028907776]",21.0,"[33.0, 33.0, 33.0, 33.0, 33.0, 33.0, 33.0, 33.0, 33.0, 33.0, 33.0, 33.0, 33.0, 33.0, 33.0, 33.0, 33.0, 33.0, 33.0, 33.0, 33.0, 33.0, 33.0, 33.0, 33.0, 33.0, 33.0, 33.0, 33.0, 33.0, 33.0, 33.0, 33.0, 33.0, 33.0, 33.0, 33.0, 33.0, 33.0, 33.0, 33.0, 33.0, 33.0, 33.0, 33.0, 33.0, 33.0, 33.0, 33.0, 33.0, 33.0, 33.0, 33.0, 33.0, 33.0, 33.0, 33.0, 33.0, 33.0, 33.0, 33.0, 33.0, 33.0, 33.0, 33.0, 33.0, 33.0, 33.0, 33.0, 33.0, 33.0, 33.0, 33.0, 33.0, 33.0, 33.0, 33.0, 33.0, 33.0, 33.0, 33.0, 33.0, 33.0, 33.0, 33.0, 33.0, 33.0, 33.0, 33.0, 33.0, 33.0, 33.0, 33.0, 33.0, 33.0, 33.0, 33.0, 32.0, 32.0, 32.0, 32.0, 32.0, 31.0, 31.0, 30.0, 30.0, 30.0, 30.0, 30.0, 30.0, 30.0, 30.0, 29.0, 29.0, 29.0, 29.0, 29.0, 29.0, 29.0, 28.0, 28.0, 28.0, 28.0, 28.0, 28.0, 28.0, 27.0, 27.0, 27.0, 27.0, 27.0, 27.0, 27.0, 27.0, 27.0, 27.0, 27.0, 27.0, 27.0, 27.0, 27.0, 27.0, 26.0, 26.0, 26.0, 26.0, 26.0, 26.0, 26.0, 26.0, 26.0, 26.0, 26.0, 24.0, 23.0, 23.0, 23.0, 23.0, 23.0, 23.0, 23.0, 23.0, 23.0, 23.0, 23.0, 23.0, 23.0, 23.0, 23.0, 23.0, 22.0, 22.0, 22.0, 22.0, 22.0, 22.0, 22.0, 22.0, 22.0, 22.0, 22.0, 22.0, 22.0, 21.0, 21.0]",COMPLETE
30,30,0.5,2024-08-31 01:25:47.194088,2024-08-31 01:26:06.111472,0 days 00:00:18.917384,64,4.0170291882740425,3,290,0.002282683782188399,28,0.02446544590914691,0.859,0.85875,0,"[1, 0, 0, 0, 0, 0, 0, 0, 0, 0, 0, 0, 0, 0, 0, 0, 0, 0, 0, 0, 0, 0, 0, 0, 0, 0, 0, 0, 0, 0, 0, 0, 0, 0, 0, 0, 0, 0, 0, 0, 0, 0, 0, 0, 0, 0, 0, 0, 0, 0, 0, 0, 0, 0, 0, 0, 0, 0, 0, 0, 0, 0, 0, 0, 0, 0, 0, 0, 0, 0, 0, 0, 0, 0, 0, 0, 0, 0, 0, 0, 0, 0, 0, 0, 0, 0, 0, 0, 0, 0, 0, 0, 0, 0, 0, 0, 0, 0, 0, 0, 0, 0, 0, 0, 0, 0, 0, 0, 0, 0, 0, 0, 0, 0, 0, 0, 0, 0, 0, 0, 0, 0, 0, 0, 0, 0, 0, 0, 0, 0, 0, 0, 0, 0, 0, 0, 0, 0, 0, 0, 0, 0, 0, 0, 0, 0, 0, 0, 0, 0, 0, 0, 0, 0, 0, 0, 0, 0, 0, 0, 0, 0, 0, 0, 0, 0, 0, 0, 0, 0, 0, 0, 0, 0, 0, 0, 0, 0, 0, 0, 0, 0, 0, 0, 0, 0, 0, 0, 0, 0, 0, 0, 0, 0, 0, 0, 0, 0, 0, 0, 0, 0, 0, 0, 0, 0, 0, 0, 0, 0, 0, 0, 0, 0, 0, 0, 0, 0, 0, 0, 0, 0, 0, 0, 0, 0, 0, 0, 0, 0, 0, 0, 0, 0, 0, 0, 0, 0, 0, 0, 0, 0, 0, 0, 0, 0, 0, 0, 0, 0, 0, 0, 0, 0, 0, 0, 0, 0, 0, 0, 0, 0, 0, 0, 0, 0, 0, 0, 0, 0, 0, 0, 0, 0, 0, 0, 0, 0, 0, 0, 0, 0, 0, 0, 0, 0, 0, 0, 0, 0]",0.0,"[1.0, 0.0, 0.0, 0.0, 0.0, 0.0, 0.0, 0.0, 0.0, 0.0, 0.0, 0.0, 0.0, 0.0, 0.0, 0.0, 0.0, 0.0, 0.0, 0.0, 0.0, 0.0, 0.0, 0.0, 0.0, 0.0, 0.0, 0.0, 0.0, 0.0, 0.0, 0.0, 0.0, 0.0, 0.0, 0.0, 0.0, 0.0, 0.0, 0.0, 0.0, 0.0, 0.0, 0.0, 0.0, 0.0, 0.0, 0.0, 0.0, 0.0, 0.0, 0.0, 0.0, 0.0, 0.0, 0.0, 0.0, 0.0, 0.0, 0.0, 0.0, 0.0, 0.0, 0.0, 0.0, 0.0, 0.0, 0.0, 0.0, 0.0, 0.0, 0.0, 0.0, 0.0, 0.0, 0.0, 0.0, 0.0, 0.0, 0.0, 0.0, 0.0, 0.0, 0.0, 0.0, 0.0, 0.0, 0.0, 0.0, 0.0, 0.0, 0.0, 0.0, 0.0, 0.0, 0.0, 0.0, 0.0, 0.0, 0.0, 0.0, 0.0, 0.0, 0.0, 0.0, 0.0, 0.0, 0.0, 0.0, 0.0, 0.0, 0.0, 0.0, 0.0, 0.0, 0.0, 0.0, 0.0, 0.0, 0.0, 0.0, 0.0, 0.0, 0.0, 0.0, 0.0, 0.0, 0.0, 0.0, 0.0, 0.0, 0.0, 0.0, 0.0, 0.0, 0.0, 0.0, 0.0, 0.0, 0.0, 0.0, 0.0, 0.0, 0.0, 0.0, 0.0, 0.0, 0.0, 0.0, 0.0, 0.0, 0.0, 0.0, 0.0, 0.0, 0.0, 0.0, 0.0, 0.0, 0.0, 0.0, 0.0, 0.0, 0.0, 0.0, 0.0, 0.0, 0.0, 0.0, 0.0, 0.0, 0.0, 0.0, 0.0, 0.0, 0.0, 0.0, 0.0, 0.0, 0.0, 0.0, 0.0, 0.0, 0.0, 0.0, 0.0, 0.0, 0.0, 0.0, 0.0, 0.0, 0.0, 0.0, 0.0, 0.0, 0.0, 0.0, 0.0, 0.0, 0.0, 0.0, 0.0, 0.0, 0.0, 0.0, 0.0, 0.0, 0.0, 0.0, 0.0, 0.0, 0.0, 0.0, 0.0, 0.0, 0.0, 0.0, 0.0, 0.0, 0.0, 0.0, 0.0, 0.0, 0.0, 0.0, 0.0, 0.0, 0.0, 0.0, 0.0, 0.0, 0.0, 0.0, 0.0, 0.0, 0.0, 0.0, 0.0, 0.0, 0.0, 0.0, 0.0, 0.0, 0.0, 0.0, 0.0, 0.0, 0.0, 0.0, 0.0, 0.0, 0.0, 0.0, 0.0, 0.0, 0.0, 0.0, 0.0, 0.0, 0.0, 0.0, 0.0, 0.0, 0.0, 0.0, 0.0, 0.0, 0.0, 0.0, 0.0, 0.0, 0.0, 0.0, 0.0, 0.0, 0.0, 0.0, 0.0, 0.0, 0.0, 0.0, 0.0, 0.0, 0.0, 0.0, 0.0, 0.0, 0.0, 0.0, 0.0]",0.5,0.5,0,"[1, 0, 0, 0, 0, 0, 0, 0, 0, 0, 0, 0, 0, 0, 0, 0, 0, 0, 0, 0, 0, 0, 0, 0, 0, 0, 0, 0, 0, 0, 0, 0, 0, 0, 0, 0, 0, 0, 0, 0, 0, 0, 0, 0, 0, 0, 0, 0, 0, 0, 0, 0, 0, 0, 0, 0, 0, 0, 0, 0, 0, 0, 0, 0, 0, 0, 0, 0, 0, 0, 0, 0, 0, 0, 0, 0, 0, 0, 0, 0, 0, 0, 0, 0, 0, 0, 0, 0, 0, 0, 0, 0, 0, 0, 0, 0, 0, 0, 0, 0, 0, 0, 0, 0, 0, 0, 0, 0, 0, 0, 0, 0, 0, 0, 0, 0, 0, 0, 0, 0, 0, 0, 0, 0, 0, 0, 0, 0, 0, 0, 0, 0, 0, 0, 0, 0, 0, 0, 0, 0, 0, 0, 0, 0, 0, 0, 0, 0, 0, 0, 0, 0, 0, 0, 0, 0, 0, 0, 0, 0, 0, 0, 0, 0, 0, 0, 0, 0, 0, 0, 0, 0, 0, 0, 0, 0, 0, 0, 0, 0, 0, 0, 0, 0, 0, 0, 0, 0, 0, 0, 0, 0, 0, 0, 0, 0, 0, 0, 0, 0, 0, 0, 0, 0, 0, 0, 0, 0, 0, 0, 0, 0, 0, 0, 0, 0, 0, 0, 0, 0, 0, 0, 0, 0, 0, 0, 0, 0, 0, 0, 0, 0, 0, 0, 0, 0, 0, 0, 0, 0, 0, 0, 0, 0, 0, 0, 0, 0, 0, 0, 0, 0, 0, 0, 0, 0, 0, 0, 0, 0, 0, 0, 0, 0, 0, 0, 0, 0, 0, 0, 0, 0, 0, 0, 0, 0, 0, 0, 0, 0, 0, 0, 0, 0, 0, 0, 0, 0, 0, 0]",290,"[1.2762033939361572, 0.44962283968925476, 0.4442428648471832, 0.42690131068229675, 0.7901090979576111, 0.42266085743904114, 0.9688836932182312, 0.524996280670166, 1.0278092622756958, 0.8614194393157959, 0.9448356032371521, 0.7164897322654724, 0.44761526584625244, 0.4191652536392212, 0.8822999000549316, 1.0974749326705933, 0.549653947353363, 0.40770798921585083, 0.707472026348114, 0.4982001483440399, 0.4087632894515991, 0.5464970469474792, 1.2314977645874023, 0.44593387842178345, 0.8504946827888489, 1.3349030017852783, 0.6897151470184326, 1.054492712020874, 0.534841001033783, 0.41076233983039856, 1.0582126379013062, 0.4507272243499756, 0.4160205125808716, 0.5097845196723938, 0.43110397458076477, 0.5422108173370361, 0.42952755093574524, 0.8320528268814087, 0.40723320841789246, 0.45339691638946533, 0.5488623976707458, 0.7190650105476379, 0.5267489552497864, 1.827064871788025, 0.6421738266944885, 0.8324136137962341, 0.5057948231697083, 0.43687358498573303, 0.6408073902130127, 0.4214535653591156, 1.3415069580078125, 0.44581061601638794, 0.4157847464084625, 0.40777966380119324, 0.8382211327552795, 0.4456331729888916, 0.49483367800712585, 0.5139407515525818, 0.4119794964790344, 0.47727683186531067, 0.41075438261032104, 1.370314359664917, 0.8580254912376404, 0.9246406555175781, 0.4161047339439392, 0.4421112835407257, 0.5360770225524902, 0.8773669600486755, 0.5644566416740417, 1.1568684577941895, 0.5539888143539429, 1.4253909587860107, 1.4822289943695068, 1.1462523937225342, 0.6583794951438904, 1.2165967226028442, 0.40786445140838623, 0.5307703614234924, 0.6063994765281677, 1.1207382678985596, 0.43222251534461975, 0.5044402480125427, 0.6234735250473022, 0.41525954008102417, 0.43621620535850525, 0.9186113476753235, 0.5128246545791626, 1.043704867362976, 0.5998501181602478, 0.44199004769325256, 0.45308709144592285, 0.4440862238407135, 0.4201667010784149, 1.1729017496109009, 0.4449353814125061, 0.4359607696533203, 0.4090491533279419, 0.47493964433670044, 0.641208291053772, 0.5056046843528748, 1.0983467102050781, 0.42120155692100525, 0.7907180786132812, 0.479758083820343, 0.535227358341217, 1.0746033191680908, 0.5702394247055054, 0.5848563313484192, 0.40796270966529846, 0.6032909154891968, 0.41577327251434326, 0.6163370609283447, 0.43514207005500793, 0.8918881416320801, 0.8173201084136963, 1.062890887260437, 0.4088955819606781, 0.9441509246826172, 0.48607006669044495, 1.0329071283340454, 0.5443576574325562, 0.42844605445861816, 0.8384525775909424, 0.5019687414169312, 0.6170330047607422, 0.43477004766464233, 0.5656048059463501, 0.7079015970230103, 0.41894328594207764, 0.47704917192459106, 0.590120792388916, 0.9843835234642029, 0.5302402377128601, 0.5799127817153931, 0.6743839383125305, 0.4144560992717743, 1.1368998289108276, 0.5790393948554993, 0.5029959678649902, 0.41392257809638977, 0.7070131897926331, 0.8494189977645874, 0.960328996181488, 0.4919287860393524, 0.42245322465896606, 0.7992739081382751, 0.6171787977218628, 0.6609428524971008, 0.5742948651313782, 0.40722620487213135, 1.1673895120620728, 0.6347044110298157, 1.0789729356765747, 0.5906525254249573, 1.031806468963623, 0.5210217833518982, 0.5130343437194824, 1.0056627988815308, 0.42875128984451294, 0.7731810212135315, 0.6848056316375732, 0.9294956922531128, 0.4553958773612976, 0.5366021394729614, 0.8405217528343201, 0.7371212840080261, 0.8107067346572876, 1.150754690170288, 0.7383349537849426, 0.628058135509491, 0.5776165127754211, 0.4076541066169739, 0.5258269309997559, 1.5261650085449219, 0.6187475323677063, 0.407286673784256, 1.0816645622253418, 0.5593668222427368, 0.4162810146808624, 0.41562363505363464, 0.7578991055488586, 0.4298986792564392, 0.5409705638885498, 0.4119829535484314, 0.5103049874305725, 0.4907529056072235, 0.8702548742294312, 0.5838963985443115, 0.9436109066009521, 0.7267627120018005, 0.9690631031990051, 0.9102809429168701, 0.4612296223640442, 0.4297977387905121, 0.4191901385784149, 0.796247661113739, 0.5156323909759521, 0.4107232987880707, 0.9420951008796692, 0.456600546836853, 1.1251953840255737, 0.6418088674545288, 0.47306713461875916, 0.43023574352264404, 0.6420189142227173, 1.0327357053756714, 0.407238245010376, 0.5315181612968445, 0.7422029376029968, 1.056415319442749, 1.056827425956726, 0.5941274166107178, 1.287817358970642, 0.669161856174469, 0.40725889801979065, 0.9668824672698975, 0.4712139070034027, 0.43211686611175537, 0.4569125473499298, 0.4164491295814514, 0.567166805267334, 1.136292576789856, 0.4921341836452484, 0.4379531741142273, 0.4110400378704071, 0.6089284420013428, 0.5068744421005249, 0.9746922254562378, 0.5080418586730957, 0.5987960696220398, 0.47230952978134155, 0.4531894028186798, 0.48374107480049133, 0.40920257568359375, 0.8178764581680298, 0.4196130633354187, 0.5926263332366943, 0.860393762588501, 0.7358013987541199, 1.5694339275360107, 0.6852220892906189, 0.8728296160697937, 0.5437316298484802, 0.4072321951389313, 0.41293761134147644, 1.2051855325698853, 0.4519975185394287, 0.5206030607223511, 0.776273787021637, 0.6939236521720886, 1.09048330783844, 0.5841257572174072, 0.5416012406349182, 0.9621543288230896, 0.41332992911338806, 0.8148411512374878, 0.40843430161476135, 0.43482697010040283, 0.4106525480747223, 0.5696282982826233, 0.40803974866867065, 1.1194268465042114, 0.4141044616699219, 1.4228200912475586, 0.61149001121521, 0.6428040862083435, 0.527529776096344, 1.136324167251587, 0.4169319272041321, 1.2453513145446777, 0.40980833768844604, 0.43931350111961365, 0.4290211498737335, 0.4097408950328827, 1.606684684753418, 1.4320199489593506, 0.5367993712425232, 0.4628673493862152, 0.4461761713027954, 0.42260420322418213, 0.6255879402160645, 0.5721588134765625, 1.1679633855819702, 0.44515183568000793, 0.4253684878349304, 0.8851884603500366, 0.4415065050125122, 0.42933303117752075, 0.4072990417480469, 1.045889139175415]",0.0,"[1.0, 0.0, 0.0, 0.0, 0.0, 0.0, 0.0, 0.0, 0.0, 0.0, 0.0, 0.0, 0.0, 0.0, 0.0, 0.0, 0.0, 0.0, 0.0, 0.0, 0.0, 0.0, 0.0, 0.0, 0.0, 0.0, 0.0, 0.0, 0.0, 0.0, 0.0, 0.0, 0.0, 0.0, 0.0, 0.0, 0.0, 0.0, 0.0, 0.0, 0.0, 0.0, 0.0, 0.0, 0.0, 0.0, 0.0, 0.0, 0.0, 0.0, 0.0, 0.0, 0.0, 0.0, 0.0, 0.0, 0.0, 0.0, 0.0, 0.0, 0.0, 0.0, 0.0, 0.0, 0.0, 0.0, 0.0, 0.0, 0.0, 0.0, 0.0, 0.0, 0.0, 0.0, 0.0, 0.0, 0.0, 0.0, 0.0, 0.0, 0.0, 0.0, 0.0, 0.0, 0.0, 0.0, 0.0, 0.0, 0.0, 0.0, 0.0, 0.0, 0.0, 0.0, 0.0, 0.0, 0.0, 0.0, 0.0, 0.0, 0.0, 0.0, 0.0, 0.0, 0.0, 0.0, 0.0, 0.0, 0.0, 0.0, 0.0, 0.0, 0.0, 0.0, 0.0, 0.0, 0.0, 0.0, 0.0, 0.0, 0.0, 0.0, 0.0, 0.0, 0.0, 0.0, 0.0, 0.0, 0.0, 0.0, 0.0, 0.0, 0.0, 0.0, 0.0, 0.0, 0.0, 0.0, 0.0, 0.0, 0.0, 0.0, 0.0, 0.0, 0.0, 0.0, 0.0, 0.0, 0.0, 0.0, 0.0, 0.0, 0.0, 0.0, 0.0, 0.0, 0.0, 0.0, 0.0, 0.0, 0.0, 0.0, 0.0, 0.0, 0.0, 0.0, 0.0, 0.0, 0.0, 0.0, 0.0, 0.0, 0.0, 0.0, 0.0, 0.0, 0.0, 0.0, 0.0, 0.0, 0.0, 0.0, 0.0, 0.0, 0.0, 0.0, 0.0, 0.0, 0.0, 0.0, 0.0, 0.0, 0.0, 0.0, 0.0, 0.0, 0.0, 0.0, 0.0, 0.0, 0.0, 0.0, 0.0, 0.0, 0.0, 0.0, 0.0, 0.0, 0.0, 0.0, 0.0, 0.0, 0.0, 0.0, 0.0, 0.0, 0.0, 0.0, 0.0, 0.0, 0.0, 0.0, 0.0, 0.0, 0.0, 0.0, 0.0, 0.0, 0.0, 0.0, 0.0, 0.0, 0.0, 0.0, 0.0, 0.0, 0.0, 0.0, 0.0, 0.0, 0.0, 0.0, 0.0, 0.0, 0.0, 0.0, 0.0, 0.0, 0.0, 0.0, 0.0, 0.0, 0.0, 0.0, 0.0, 0.0, 0.0, 0.0, 0.0, 0.0, 0.0, 0.0, 0.0, 0.0, 0.0, 0.0, 0.0, 0.0, 0.0, 0.0, 0.0, 0.0, 0.0, 0.0, 0.0, 0.0, 0.0, 0.0, 0.0, 0.0, 0.0, 0.0, 0.0, 0.0, 0.0, 0.0, 0.0, 0.0, 0.0, 0.0]",COMPLETE
