,number,value,datetime_start,datetime_complete,duration,params_batch_size_scaler,params_constant_learning_rate,params_depth,params_epochs,params_kernel_l2,params_num_trees,params_temperature,user_attrs_accuracy_test,user_attrs_accuracy_valid,user_attrs_approximate_feature_sparsity,user_attrs_approximate_feature_sparsity_history,user_attrs_approximate_weight_sparsity,user_attrs_approximate_weight_sparsity_history,user_attrs_auc_test,user_attrs_auc_valid,user_attrs_feature_sparsity,user_attrs_feature_sparsity_history,user_attrs_num_epochs,user_attrs_val_loss_history,user_attrs_weight_sparsity,user_attrs_weight_sparsity_history,state
126,126,0.8110419806520591,2024-08-31 05:43:59.233766,2024-08-31 05:44:38.471346,0 days 00:00:39.237580,16,0.025285180526431996,2,245,0.020057080956231245,66,0.001022867082415968,0.873,0.8725,33,"[33, 33, 33, 33, 33, 33, 33, 33, 33, 33, 33, 33, 33, 33, 33, 33, 33, 33, 33, 33, 33, 33, 33, 33, 33, 33, 33, 33, 33, 33, 33, 33, 33, 33, 33, 33, 33, 33, 33, 33, 33, 33, 33, 33, 33, 33, 33, 33, 33, 33, 33, 33, 33, 33, 33, 33, 33, 33, 33, 33, 33, 33, 33, 33, 33, 33, 33, 33, 33, 33, 33, 33, 33, 33, 33, 33, 33, 33, 33, 33, 33, 33, 33, 33, 33, 33, 33, 33, 33, 33, 33, 33, 33, 33, 33, 33, 33, 33, 33, 33, 33, 33, 33, 33, 33, 33, 33, 33, 33, 33, 33, 33, 33, 33, 33, 33, 33, 33, 33, 33, 33, 33, 33, 33, 33, 33, 33, 33, 33, 33, 33, 33, 33, 33, 33, 33, 33, 33, 33, 33, 33, 33, 33, 33, 33, 33, 33, 33, 33, 33, 33, 33, 33, 33, 33, 33, 33, 33, 33, 33, 33, 33, 33, 33, 33, 33, 33, 33, 33, 33, 33, 33, 33, 33, 33, 33, 33, 33, 33, 33, 33, 33, 33, 33, 33, 33, 33, 33, 33, 33, 33, 33, 33, 33, 33, 33, 33, 33, 33, 33, 33, 33, 33, 33, 33, 33, 33, 33, 33, 33, 33, 33, 33, 33, 33, 33, 33, 33, 33, 33, 33, 33, 33, 33, 33, 33, 33, 33, 33, 33, 33, 33, 33, 33, 33, 33, 33, 33, 33, 33, 33, 33, 33, 33, 33]",32.97979797979798,"[32.98989898989899, 32.97979797979798, 32.98989898989899, 32.97979797979798, 32.984848484848484, 32.994949494949495, 32.994949494949495, 32.98989898989899, 32.984848484848484, 32.984848484848484, 32.98989898989899, 32.98989898989899, 32.994949494949495, 32.994949494949495, 32.98989898989899, 32.98989898989899, 32.98989898989899, 32.98989898989899, 32.98989898989899, 32.98989898989899, 32.994949494949495, 32.98989898989899, 32.98989898989899, 33.0, 32.98989898989899, 32.984848484848484, 32.98989898989899, 32.97979797979798, 32.984848484848484, 32.97979797979798, 32.984848484848484, 32.994949494949495, 32.984848484848484, 32.98989898989899, 32.994949494949495, 32.994949494949495, 32.984848484848484, 32.97979797979798, 32.974747474747474, 32.97979797979798, 32.974747474747474, 32.974747474747474, 32.97979797979798, 32.994949494949495, 33.0, 33.0, 32.98989898989899, 32.98989898989899, 32.98989898989899, 32.984848484848484, 32.984848484848484, 32.98989898989899, 32.97979797979798, 32.974747474747474, 32.964646464646464, 32.984848484848484, 32.97979797979798, 32.98989898989899, 32.984848484848484, 32.974747474747474, 32.964646464646464, 32.984848484848484, 32.97979797979798, 32.984848484848484, 32.984848484848484, 32.97979797979798, 32.98989898989899, 32.984848484848484, 32.97979797979798, 32.97979797979798, 32.97979797979798, 32.97979797979798, 32.98989898989899, 32.984848484848484, 32.984848484848484, 32.964646464646464, 32.984848484848484, 32.98989898989899, 32.984848484848484, 32.96969696969697, 32.974747474747474, 32.97979797979798, 32.97979797979798, 32.97979797979798, 32.984848484848484, 32.98989898989899, 32.994949494949495, 32.994949494949495, 32.98989898989899, 33.0, 32.974747474747474, 32.984848484848484, 32.97979797979798, 32.97979797979798, 32.974747474747474, 32.97979797979798, 32.97979797979798, 32.98989898989899, 32.994949494949495, 33.0, 32.994949494949495, 32.98989898989899, 32.97979797979798, 32.97979797979798, 32.97979797979798, 32.984848484848484, 32.984848484848484, 32.97979797979798, 32.984848484848484, 32.97979797979798, 32.97979797979798, 32.974747474747474, 32.984848484848484, 32.97979797979798, 32.97979797979798, 32.984848484848484, 32.97979797979798, 32.97979797979798, 32.98989898989899, 32.984848484848484, 32.98989898989899, 32.98989898989899, 32.994949494949495, 32.98989898989899, 32.984848484848484, 32.97979797979798, 32.97979797979798, 32.984848484848484, 32.974747474747474, 32.984848484848484, 32.97979797979798, 32.984848484848484, 32.97979797979798, 32.98989898989899, 32.97979797979798, 32.974747474747474, 32.974747474747474, 32.98989898989899, 32.984848484848484, 32.984848484848484, 32.974747474747474, 32.974747474747474, 32.96969696969697, 32.984848484848484, 32.97979797979798, 32.994949494949495, 33.0, 32.994949494949495, 32.994949494949495, 33.0, 32.994949494949495, 32.994949494949495, 32.984848484848484, 32.984848484848484, 32.994949494949495, 32.994949494949495, 32.994949494949495, 32.98989898989899, 32.984848484848484, 32.97979797979798, 32.984848484848484, 32.98989898989899, 32.98989898989899, 32.97979797979798, 32.98989898989899, 32.994949494949495, 32.98989898989899, 32.984848484848484, 32.984848484848484, 32.974747474747474, 33.0, 33.0, 32.994949494949495, 32.994949494949495, 33.0, 32.994949494949495, 32.97979797979798, 32.97979797979798, 32.984848484848484, 32.98989898989899, 32.98989898989899, 32.98989898989899, 32.984848484848484, 32.98989898989899, 32.994949494949495, 32.984848484848484, 32.984848484848484, 32.98989898989899, 32.984848484848484, 32.97979797979798, 32.974747474747474, 32.964646464646464, 32.974747474747474, 32.97979797979798, 32.974747474747474, 32.97979797979798, 32.96969696969697, 32.974747474747474, 32.97979797979798, 32.96969696969697, 32.974747474747474, 32.984848484848484, 32.98989898989899, 32.984848484848484, 32.974747474747474, 32.974747474747474, 32.974747474747474, 32.974747474747474, 32.984848484848484, 32.974747474747474, 32.964646464646464, 32.964646464646464, 32.964646464646464, 32.974747474747474, 32.96969696969697, 32.96969696969697, 32.974747474747474, 32.96969696969697, 32.974747474747474, 32.97979797979798, 32.97979797979798, 32.974747474747474, 32.964646464646464, 32.964646464646464, 32.95454545454545, 32.964646464646464, 32.95454545454545, 32.94949494949495, 32.95454545454545, 32.964646464646464, 32.964646464646464, 32.96969696969697, 32.96969696969697, 32.96969696969697, 32.964646464646464, 32.96969696969697, 32.97979797979798, 32.984848484848484, 32.97979797979798, 32.97979797979798, 32.97979797979798, 32.97979797979798, 32.96969696969697, 32.974747474747474, 32.97979797979798]",0.8301340004458425,0.8110419806520591,33,"[33, 33, 33, 33, 33, 33, 33, 33, 33, 33, 33, 33, 33, 33, 33, 33, 33, 33, 33, 33, 33, 33, 33, 33, 33, 33, 33, 33, 33, 33, 33, 33, 33, 33, 33, 33, 33, 33, 33, 33, 33, 33, 33, 33, 33, 33, 33, 33, 33, 33, 33, 33, 33, 33, 33, 33, 33, 33, 33, 33, 33, 33, 33, 33, 33, 33, 33, 33, 33, 33, 33, 33, 33, 33, 33, 33, 33, 33, 33, 33, 33, 33, 33, 33, 33, 33, 33, 33, 33, 33, 33, 33, 33, 33, 33, 33, 33, 33, 33, 33, 33, 33, 33, 33, 33, 33, 33, 33, 33, 33, 33, 33, 33, 33, 33, 33, 33, 33, 33, 33, 33, 33, 33, 33, 33, 33, 33, 33, 33, 33, 33, 33, 33, 33, 33, 33, 33, 33, 33, 33, 33, 33, 33, 33, 33, 33, 33, 33, 33, 33, 33, 33, 33, 33, 33, 33, 33, 33, 33, 33, 33, 33, 33, 33, 33, 33, 33, 33, 33, 33, 33, 33, 33, 33, 33, 33, 33, 33, 33, 33, 33, 33, 33, 33, 33, 33, 33, 33, 33, 33, 33, 33, 33, 33, 33, 33, 33, 33, 33, 33, 33, 33, 33, 33, 33, 33, 33, 33, 33, 33, 33, 33, 33, 33, 33, 33, 33, 33, 33, 33, 33, 33, 33, 33, 33, 33, 33, 33, 33, 33, 33, 33, 33, 33, 33, 33, 33, 33, 33, 33, 33, 33, 33, 33, 33]",245,"[0.41373732686042786, 0.4103964567184448, 0.40809059143066406, 0.4058336019515991, 0.403877854347229, 0.40212109684944153, 0.4004157781600952, 0.3988151252269745, 0.39731258153915405, 0.3957868814468384, 0.39449116587638855, 0.3932594358921051, 0.3922201991081238, 0.39102309942245483, 0.39000648260116577, 0.3890853524208069, 0.3882080912590027, 0.387483686208725, 0.38662606477737427, 0.38609832525253296, 0.38512471318244934, 0.38487493991851807, 0.38391581177711487, 0.3831382095813751, 0.3824739456176758, 0.3820561170578003, 0.3814319372177124, 0.38093990087509155, 0.3803350329399109, 0.37996724247932434, 0.3793177306652069, 0.3787599802017212, 0.3782978355884552, 0.37796851992607117, 0.3774276077747345, 0.3770330846309662, 0.37654948234558105, 0.37619251012802124, 0.375766783952713, 0.3753972351551056, 0.3749813735485077, 0.3746926188468933, 0.3742479085922241, 0.37388893961906433, 0.37351271510124207, 0.373111367225647, 0.3728105127811432, 0.3725098669528961, 0.37238457798957825, 0.3718961775302887, 0.37145769596099854, 0.37131571769714355, 0.37112313508987427, 0.37069207429885864, 0.3703085780143738, 0.36985769867897034, 0.369579017162323, 0.3692140281200409, 0.36895856261253357, 0.36919528245925903, 0.3683517575263977, 0.3679543733596802, 0.367567777633667, 0.36727645993232727, 0.3669965863227844, 0.366673082113266, 0.3664025366306305, 0.3661649227142334, 0.3662327229976654, 0.36557361483573914, 0.36541733145713806, 0.3650568127632141, 0.3647827208042145, 0.36450260877609253, 0.3642286956310272, 0.3639114797115326, 0.3637006878852844, 0.36330851912498474, 0.3630594313144684, 0.3629143238067627, 0.36254218220710754, 0.36223721504211426, 0.36198168992996216, 0.361573189496994, 0.36140117049217224, 0.36116111278533936, 0.36074501276016235, 0.3605331480503082, 0.36018645763397217, 0.35990819334983826, 0.3595367670059204, 0.3592314124107361, 0.35903576016426086, 0.35867682099342346, 0.3585454523563385, 0.3582766056060791, 0.35789915919303894, 0.35777583718299866, 0.3573395609855652, 0.35724732279777527, 0.3570035994052887, 0.3565782904624939, 0.35621511936187744, 0.3560523986816406, 0.35570433735847473, 0.35568374395370483, 0.35520943999290466, 0.35500937700271606, 0.3546902537345886, 0.3544502556324005, 0.3542526662349701, 0.35396409034729004, 0.35371658205986023, 0.35353198647499084, 0.35326698422431946, 0.35303711891174316, 0.3528551757335663, 0.3525727391242981, 0.3522803783416748, 0.3521018326282501, 0.3517753481864929, 0.35155999660491943, 0.3514285385608673, 0.35124829411506653, 0.35104572772979736, 0.3506629168987274, 0.35042521357536316, 0.3503798246383667, 0.34997349977493286, 0.34963154792785645, 0.34944993257522583, 0.3491728603839874, 0.3489331901073456, 0.3487561047077179, 0.34851473569869995, 0.3482797145843506, 0.3481224477291107, 0.34784743189811707, 0.34744900465011597, 0.3472474217414856, 0.34700730443000793, 0.34678080677986145, 0.34654566645622253, 0.3462747633457184, 0.3461204767227173, 0.34591659903526306, 0.3456765115261078, 0.34552860260009766, 0.34535253047943115, 0.34502115845680237, 0.34482264518737793, 0.34446194767951965, 0.3443740904331207, 0.34409382939338684, 0.3438667058944702, 0.34370720386505127, 0.3435986638069153, 0.3432389795780182, 0.3430488109588623, 0.3428513705730438, 0.3428953289985657, 0.34258025884628296, 0.3424402177333832, 0.3421855568885803, 0.3418956398963928, 0.3416768014431, 0.3415414094924927, 0.341293603181839, 0.34092995524406433, 0.34098097681999207, 0.34043189883232117, 0.34042513370513916, 0.3400406539440155, 0.33975955843925476, 0.339631050825119, 0.3393508493900299, 0.3394841253757477, 0.33903390169143677, 0.3387002944946289, 0.3384934663772583, 0.3382466435432434, 0.33820685744285583, 0.3379448652267456, 0.33756664395332336, 0.3373523950576782, 0.3371259570121765, 0.3369564712047577, 0.33672359585762024, 0.3365219831466675, 0.3367072641849518, 0.3363220989704132, 0.33606693148612976, 0.3359033465385437, 0.3356457054615021, 0.3353985548019409, 0.3351685404777527, 0.3349647521972656, 0.33508288860321045, 0.33458060026168823, 0.3346235156059265, 0.33435750007629395, 0.33395346999168396, 0.33377301692962646, 0.3335118889808655, 0.3332917392253876, 0.3331594169139862, 0.3329189419746399, 0.3326932489871979, 0.3324909210205078, 0.33238381147384644, 0.3321443796157837, 0.3320292532444, 0.33182719349861145, 0.3315432369709015, 0.3313061594963074, 0.3311241865158081, 0.3310595750808716, 0.33083462715148926, 0.3305909335613251, 0.3302214741706848, 0.33025169372558594, 0.330108106136322, 0.32970646023750305, 0.3294905126094818, 0.3292837142944336, 0.3290892541408539, 0.32902154326438904, 0.32880744338035583, 0.3284887969493866, 0.3282720148563385, 0.32832324504852295, 0.328144907951355, 0.3277561664581299, 0.3275030851364136, 0.3273927569389343, 0.3272719085216522, 0.3270476162433624, 0.32692763209342957, 0.3267213702201843, 0.3267524838447571, 0.32632675766944885, 0.3260928988456726, 0.32591038942337036, 0.32581374049186707, 0.32562023401260376]",33.0,"[33.0, 33.0, 33.0, 33.0, 33.0, 33.0, 33.0, 33.0, 33.0, 33.0, 33.0, 33.0, 33.0, 33.0, 33.0, 33.0, 33.0, 33.0, 33.0, 33.0, 33.0, 33.0, 33.0, 33.0, 33.0, 33.0, 33.0, 33.0, 33.0, 33.0, 33.0, 33.0, 33.0, 33.0, 33.0, 33.0, 33.0, 33.0, 33.0, 33.0, 33.0, 33.0, 33.0, 33.0, 33.0, 33.0, 33.0, 33.0, 33.0, 33.0, 33.0, 33.0, 33.0, 33.0, 33.0, 33.0, 33.0, 33.0, 33.0, 33.0, 33.0, 33.0, 33.0, 33.0, 33.0, 33.0, 33.0, 33.0, 33.0, 33.0, 33.0, 33.0, 33.0, 33.0, 33.0, 33.0, 33.0, 33.0, 33.0, 33.0, 33.0, 33.0, 33.0, 33.0, 33.0, 33.0, 33.0, 33.0, 33.0, 33.0, 33.0, 33.0, 33.0, 33.0, 33.0, 33.0, 33.0, 33.0, 33.0, 33.0, 33.0, 33.0, 33.0, 33.0, 33.0, 33.0, 33.0, 33.0, 33.0, 33.0, 33.0, 33.0, 33.0, 33.0, 33.0, 33.0, 33.0, 33.0, 33.0, 33.0, 33.0, 33.0, 33.0, 33.0, 33.0, 33.0, 33.0, 33.0, 33.0, 33.0, 33.0, 33.0, 33.0, 33.0, 33.0, 33.0, 33.0, 33.0, 33.0, 33.0, 33.0, 33.0, 33.0, 33.0, 33.0, 33.0, 33.0, 33.0, 33.0, 33.0, 33.0, 33.0, 33.0, 33.0, 33.0, 33.0, 33.0, 33.0, 33.0, 33.0, 33.0, 33.0, 33.0, 33.0, 33.0, 33.0, 33.0, 33.0, 33.0, 33.0, 33.0, 33.0, 33.0, 33.0, 33.0, 33.0, 33.0, 33.0, 33.0, 33.0, 33.0, 33.0, 33.0, 33.0, 33.0, 33.0, 33.0, 33.0, 33.0, 33.0, 33.0, 33.0, 33.0, 33.0, 33.0, 33.0, 33.0, 33.0, 33.0, 33.0, 33.0, 33.0, 33.0, 33.0, 33.0, 33.0, 33.0, 33.0, 33.0, 33.0, 33.0, 33.0, 33.0, 33.0, 33.0, 33.0, 33.0, 33.0, 33.0, 33.0, 33.0, 33.0, 33.0, 33.0, 33.0, 33.0, 33.0, 33.0, 33.0, 33.0, 33.0, 33.0, 33.0, 33.0, 33.0, 33.0, 33.0, 33.0, 33.0, 33.0, 33.0, 33.0, 33.0, 33.0, 33.0]",COMPLETE
