,number,value,datetime_start,datetime_complete,duration,params_batch_size_scaler,params_constant_learning_rate,params_depth,params_epochs,params_kernel_l2,params_num_trees,params_temperature,user_attrs_accuracy_test,user_attrs_accuracy_valid,user_attrs_approximate_feature_sparsity,user_attrs_approximate_feature_sparsity_history,user_attrs_approximate_weight_sparsity,user_attrs_approximate_weight_sparsity_history,user_attrs_auc_test,user_attrs_auc_valid,user_attrs_feature_sparsity,user_attrs_feature_sparsity_history,user_attrs_num_epochs,user_attrs_val_loss_history,user_attrs_weight_sparsity,user_attrs_weight_sparsity_history,state
90,90,0.5,2024-08-31 04:10:41.646089,2024-08-31 04:13:20.191954,0 days 00:02:38.545865,64,4.442003751139853,5,400,0.0995426589139717,61,0.031596408904995585,0.859,0.85875,0,"[0, 0, 0, 0, 0, 0, 0, 0, 0, 0, 0, 0, 0, 0, 0, 0, 0, 0, 0, 0, 0, 0, 0, 0, 0, 0, 0, 0, 0, 0, 0, 0, 0, 0, 0, 0, 0, 0, 0, 0, 0, 0, 0, 0, 0, 0, 0, 0, 0, 0, 0, 0, 0, 0, 0, 0, 0, 0, 0, 0, 0, 0, 0, 0, 0, 0, 0, 0, 0, 0, 0, 0, 0, 0, 0, 0, 0, 0, 0, 0, 0, 0, 0, 0, 0, 0, 0, 0, 0, 0, 0, 0, 0, 0, 0, 0, 0, 0, 0, 0, 0, 0, 0, 0, 0, 0, 0, 0, 0, 0, 0, 0, 0, 0, 0, 0, 0, 0, 0, 0, 0, 0, 0, 0, 0, 0, 0, 0, 0, 0, 0, 0, 0, 0, 0, 0, 0, 0, 0, 0, 0, 0, 0, 0, 0, 0, 0, 0, 0, 0, 0, 0, 0, 0, 0, 0, 0, 0, 0, 0, 0, 0, 0, 0, 0, 0, 0, 0, 0, 0, 0, 0, 0, 0, 0, 0, 0, 0, 0, 0, 0, 0, 0, 0, 0, 0, 0, 0, 0, 0, 0, 0, 0, 0, 0, 0, 0, 0, 0, 0, 0, 0, 0, 0, 0, 0, 0, 0, 0, 0, 0, 0, 0, 0, 0, 0, 0, 0, 0, 0, 0, 0, 0, 0, 0, 0, 0, 0, 0, 0, 0, 0, 0, 0, 0, 0, 0, 0, 0, 0, 0, 0, 0, 0, 0, 0, 0, 0, 0, 0, 0, 0, 0, 0, 0, 0, 0, 0, 0, 0, 0, 0, 0, 0, 0, 0, 0, 0, 0, 0, 0, 0, 0, 0, 0, 0, 0, 0, 0, 0, 0, 0, 0, 0, 0, 0, 0, 0, 0, 0, 0, 0, 0, 0, 0, 0, 0, 0, 0, 0, 0, 0, 0, 0, 0, 0, 0, 0, 0, 0, 0, 0, 0, 0, 0, 0, 0, 0, 0, 0, 0, 0, 0, 0, 0, 0, 0, 0, 0, 0, 0, 0, 0, 0, 0, 0, 0, 0, 0, 0, 0, 0, 0, 0, 0, 0, 0, 0, 0, 0, 0, 0, 0, 0, 0, 0, 0, 0, 0, 0, 0, 0, 0, 0, 0, 0, 0, 0, 0, 0, 0, 0, 0, 0, 0, 0, 0, 0, 0, 0, 0, 0, 0, 0, 0, 0, 0, 0, 0, 0, 0, 0, 0, 0, 0, 0, 0, 0, 0, 0]",0.0,"[0.0, 0.0, 0.0, 0.0, 0.0, 0.0, 0.0, 0.0, 0.0, 0.0, 0.0, 0.0, 0.0, 0.0, 0.0, 0.0, 0.0, 0.0, 0.0, 0.0, 0.0, 0.0, 0.0, 0.0, 0.0, 0.0, 0.0, 0.0, 0.0, 0.0, 0.0, 0.0, 0.0, 0.0, 0.0, 0.0, 0.0, 0.0, 0.0, 0.0, 0.0, 0.0, 0.0, 0.0, 0.0, 0.0, 0.0, 0.0, 0.0, 0.0, 0.0, 0.0, 0.0, 0.0, 0.0, 0.0, 0.0, 0.0, 0.0, 0.0, 0.0, 0.0, 0.0, 0.0, 0.0, 0.0, 0.0, 0.0, 0.0, 0.0, 0.0, 0.0, 0.0, 0.0, 0.0, 0.0, 0.0, 0.0, 0.0, 0.0, 0.0, 0.0, 0.0, 0.0, 0.0, 0.0, 0.0, 0.0, 0.0, 0.0, 0.0, 0.0, 0.0, 0.0, 0.0, 0.0, 0.0, 0.0, 0.0, 0.0, 0.0, 0.0, 0.0, 0.0, 0.0, 0.0, 0.0, 0.0, 0.0, 0.0, 0.0, 0.0, 0.0, 0.0, 0.0, 0.0, 0.0, 0.0, 0.0, 0.0, 0.0, 0.0, 0.0, 0.0, 0.0, 0.0, 0.0, 0.0, 0.0, 0.0, 0.0, 0.0, 0.0, 0.0, 0.0, 0.0, 0.0, 0.0, 0.0, 0.0, 0.0, 0.0, 0.0, 0.0, 0.0, 0.0, 0.0, 0.0, 0.0, 0.0, 0.0, 0.0, 0.0, 0.0, 0.0, 0.0, 0.0, 0.0, 0.0, 0.0, 0.0, 0.0, 0.0, 0.0, 0.0, 0.0, 0.0, 0.0, 0.0, 0.0, 0.0, 0.0, 0.0, 0.0, 0.0, 0.0, 0.0, 0.0, 0.0, 0.0, 0.0, 0.0, 0.0, 0.0, 0.0, 0.0, 0.0, 0.0, 0.0, 0.0, 0.0, 0.0, 0.0, 0.0, 0.0, 0.0, 0.0, 0.0, 0.0, 0.0, 0.0, 0.0, 0.0, 0.0, 0.0, 0.0, 0.0, 0.0, 0.0, 0.0, 0.0, 0.0, 0.0, 0.0, 0.0, 0.0, 0.0, 0.0, 0.0, 0.0, 0.0, 0.0, 0.0, 0.0, 0.0, 0.0, 0.0, 0.0, 0.0, 0.0, 0.0, 0.0, 0.0, 0.0, 0.0, 0.0, 0.0, 0.0, 0.0, 0.0, 0.0, 0.0, 0.0, 0.0, 0.0, 0.0, 0.0, 0.0, 0.0, 0.0, 0.0, 0.0, 0.0, 0.0, 0.0, 0.0, 0.0, 0.0, 0.0, 0.0, 0.0, 0.0, 0.0, 0.0, 0.0, 0.0, 0.0, 0.0, 0.0, 0.0, 0.0, 0.0, 0.0, 0.0, 0.0, 0.0, 0.0, 0.0, 0.0, 0.0, 0.0, 0.0, 0.0, 0.0, 0.0, 0.0, 0.0, 0.0, 0.0, 0.0, 0.0, 0.0, 0.0, 0.0, 0.0, 0.0, 0.0, 0.0, 0.0, 0.0, 0.0, 0.0, 0.0, 0.0, 0.0, 0.0, 0.0, 0.0, 0.0, 0.0, 0.0, 0.0, 0.0, 0.0, 0.0, 0.0, 0.0, 0.0, 0.0, 0.0, 0.0, 0.0, 0.0, 0.0, 0.0, 0.0, 0.0, 0.0, 0.0, 0.0, 0.0, 0.0, 0.0, 0.0, 0.0, 0.0, 0.0, 0.0, 0.0, 0.0, 0.0, 0.0, 0.0, 0.0, 0.0, 0.0, 0.0, 0.0, 0.0, 0.0, 0.0, 0.0, 0.0, 0.0, 0.0, 0.0, 0.0, 0.0, 0.0, 0.0, 0.0, 0.0, 0.0, 0.0, 0.0, 0.0, 0.0, 0.0, 0.0, 0.0, 0.0, 0.0, 0.0, 0.0, 0.0, 0.0, 0.0, 0.0, 0.0, 0.0, 0.0, 0.0, 0.0, 0.0, 0.0, 0.0, 0.0, 0.0, 0.0, 0.0, 0.0, 0.0, 0.0, 0.0, 0.0, 0.0, 0.0, 0.0, 0.0, 0.0]",0.5,0.5,0,"[0, 0, 0, 0, 0, 0, 0, 0, 0, 0, 0, 0, 0, 0, 0, 0, 0, 0, 0, 0, 0, 0, 0, 0, 0, 0, 0, 0, 0, 0, 0, 0, 0, 0, 0, 0, 0, 0, 0, 0, 0, 0, 0, 0, 0, 0, 0, 0, 0, 0, 0, 0, 0, 0, 0, 0, 0, 0, 0, 0, 0, 0, 0, 0, 0, 0, 0, 0, 0, 0, 0, 0, 0, 0, 0, 0, 0, 0, 0, 0, 0, 0, 0, 0, 0, 0, 0, 0, 0, 0, 0, 0, 0, 0, 0, 0, 0, 0, 0, 0, 0, 0, 0, 0, 0, 0, 0, 0, 0, 0, 0, 0, 0, 0, 0, 0, 0, 0, 0, 0, 0, 0, 0, 0, 0, 0, 0, 0, 0, 0, 0, 0, 0, 0, 0, 0, 0, 0, 0, 0, 0, 0, 0, 0, 0, 0, 0, 0, 0, 0, 0, 0, 0, 0, 0, 0, 0, 0, 0, 0, 0, 0, 0, 0, 0, 0, 0, 0, 0, 0, 0, 0, 0, 0, 0, 0, 0, 0, 0, 0, 0, 0, 0, 0, 0, 0, 0, 0, 0, 0, 0, 0, 0, 0, 0, 0, 0, 0, 0, 0, 0, 0, 0, 0, 0, 0, 0, 0, 0, 0, 0, 0, 0, 0, 0, 0, 0, 0, 0, 0, 0, 0, 0, 0, 0, 0, 0, 0, 0, 0, 0, 0, 0, 0, 0, 0, 0, 0, 0, 0, 0, 0, 0, 0, 0, 0, 0, 0, 0, 0, 0, 0, 0, 0, 0, 0, 0, 0, 0, 0, 0, 0, 0, 0, 0, 0, 0, 0, 0, 0, 0, 0, 0, 0, 0, 0, 0, 0, 0, 0, 0, 0, 0, 0, 0, 0, 0, 0, 0, 0, 0, 0, 0, 0, 0, 0, 0, 0, 0, 0, 0, 0, 0, 0, 0, 0, 0, 0, 0, 0, 0, 0, 0, 0, 0, 0, 0, 0, 0, 0, 0, 0, 0, 0, 0, 0, 0, 0, 0, 0, 0, 0, 0, 0, 0, 0, 0, 0, 0, 0, 0, 0, 0, 0, 0, 0, 0, 0, 0, 0, 0, 0, 0, 0, 0, 0, 0, 0, 0, 0, 0, 0, 0, 0, 0, 0, 0, 0, 0, 0, 0, 0, 0, 0, 0, 0, 0, 0, 0, 0, 0, 0, 0, 0, 0, 0, 0, 0, 0, 0, 0, 0, 0, 0, 0, 0, 0, 0, 0, 0]",400,"[0.42342880368232727, 0.4326099455356598, 0.49714410305023193, 0.41950973868370056, 0.42219793796539307, 0.44684287905693054, 0.40923216938972473, 0.41127029061317444, 0.4085197150707245, 0.42243483662605286, 0.41057127714157104, 0.4441964626312256, 0.41911134123802185, 0.42185890674591064, 0.4501740336418152, 0.45870742201805115, 0.41078701615333557, 0.4780619144439697, 0.40806999802589417, 0.43217453360557556, 0.48324915766716003, 0.4078054130077362, 0.4192518889904022, 0.475563645362854, 0.4147006571292877, 0.4073168933391571, 0.4105629622936249, 0.40791454911231995, 0.4834015369415283, 0.4140372574329376, 0.4306248426437378, 0.40828871726989746, 0.40800368785858154, 0.40938568115234375, 0.41111212968826294, 0.4081941246986389, 0.4787839949131012, 0.41479483246803284, 0.4167487621307373, 0.4285781979560852, 0.4582868814468384, 0.41401687264442444, 0.40729591250419617, 0.4987078905105591, 0.439017653465271, 0.4488644301891327, 0.4340561330318451, 0.4324761629104614, 0.4321301281452179, 0.4219117760658264, 0.413585901260376, 0.41609862446784973, 0.4100964069366455, 0.40744873881340027, 0.43103140592575073, 0.48052847385406494, 0.4079229235649109, 0.4075126349925995, 0.5186232924461365, 0.40754926204681396, 0.408430278301239, 0.443013072013855, 0.41409724950790405, 0.4620063900947571, 0.41516169905662537, 0.41061556339263916, 0.43065953254699707, 0.40763723850250244, 0.4210900068283081, 0.6617965698242188, 0.44327232241630554, 0.4126027822494507, 0.4285813271999359, 0.4252851903438568, 0.412922739982605, 0.41911497712135315, 0.41064438223838806, 0.6253812909126282, 0.4094294011592865, 0.42599770426750183, 0.4657476544380188, 0.4691926836967468, 0.502545952796936, 0.4212149679660797, 0.44033241271972656, 0.4086241126060486, 0.4245561957359314, 0.4865109324455261, 0.4204132556915283, 0.41307175159454346, 0.41497841477394104, 0.41915175318717957, 0.4115813970565796, 0.4141562581062317, 0.4174710214138031, 0.5029174089431763, 0.43774622678756714, 0.42524924874305725, 0.5189617276191711, 0.421324223279953, 0.4163118004798889, 0.4819593131542206, 0.4195076823234558, 0.45411571860313416, 0.45284682512283325, 0.4100379943847656, 0.41323044896125793, 0.407533198595047, 0.41863927245140076, 0.407745897769928, 0.4985062777996063, 0.4092167317867279, 0.4246031939983368, 0.4321921467781067, 0.4898203909397125, 0.43633368611335754, 0.4163500666618347, 0.424307256937027, 0.5069708824157715, 0.43675827980041504, 0.4394128918647766, 0.5179110169410706, 0.40722739696502686, 0.4651941657066345, 0.412496417760849, 0.4072315990924835, 0.4080635905265808, 0.407679945230484, 0.40735867619514465, 0.4508795142173767, 0.4073496162891388, 0.4146624803543091, 0.5102276802062988, 0.4264751374721527, 0.42547768354415894, 0.40743499994277954, 0.414164662361145, 0.4391545355319977, 0.4456142485141754, 0.4675906300544739, 0.48143821954727173, 0.4462958872318268, 0.4101886451244354, 0.4416728615760803, 0.41699692606925964, 0.4691030979156494, 0.4077577292919159, 0.40726062655448914, 0.42166459560394287, 0.5511369109153748, 0.4111096262931824, 0.4080836772918701, 0.4097904562950134, 0.40748077630996704, 0.553231418132782, 0.4072490632534027, 0.42650100588798523, 0.4222554862499237, 0.41953346133232117, 0.4265899658203125, 0.4384736716747284, 0.4777964651584625, 0.4074898660182953, 0.4241461157798767, 0.40791529417037964, 0.4075028598308563, 0.44712698459625244, 0.4283161461353302, 0.41460418701171875, 0.40770453214645386, 0.4401983618736267, 0.5025869011878967, 0.4074465036392212, 0.5487501621246338, 0.4072533845901489, 0.4094003438949585, 0.4136805832386017, 0.43204376101493835, 0.4100010395050049, 0.419755756855011, 0.5628803372383118, 0.44065162539482117, 0.4106723368167877, 0.407296359539032, 0.4156743586063385, 0.45740237832069397, 0.4072323739528656, 0.40959495306015015, 0.4112575650215149, 0.43395012617111206, 0.4684353768825531, 0.4184163808822632, 0.4982757270336151, 0.4179634153842926, 0.4124746024608612, 0.424630731344223, 0.4257027506828308, 0.4073784351348877, 0.4185682237148285, 0.42857658863067627, 0.4311235845088959, 0.4084545075893402, 0.4586225152015686, 0.4093469977378845, 0.41497620940208435, 0.5293233394622803, 0.4074697196483612, 0.4254820942878723, 0.4073929190635681, 0.4081297218799591, 0.4441835284233093, 0.40924322605133057, 0.42239898443222046, 0.42566952109336853, 0.45333054661750793, 0.42458343505859375, 0.42251336574554443, 0.41411149501800537, 0.47977516055107117, 0.45893314480781555, 0.4242335259914398, 0.4181661605834961, 0.42185986042022705, 0.41283562779426575, 0.4243620038032532, 0.4107154607772827, 0.4452129304409027, 0.4509042799472809, 0.4795955717563629, 0.40801918506622314, 0.43239766359329224, 0.4072539806365967, 0.42495018243789673, 0.4931582510471344, 0.42122939229011536, 0.6161399483680725, 0.41649311780929565, 0.40900376439094543, 0.4129594564437866, 0.4453226327896118, 0.4151318669319153, 0.45030173659324646, 0.40740859508514404, 0.40795421600341797, 0.41398951411247253, 0.4222111403942108, 0.4724887013435364, 0.41576439142227173, 0.40724676847457886, 0.416970431804657, 0.4360189437866211, 0.4098057448863983, 0.4160132110118866, 0.47177574038505554, 0.40780705213546753, 0.42145514488220215, 0.4283824563026428, 0.40768951177597046, 0.4083596169948578, 0.4577552378177643, 0.4073311686515808, 0.4423404633998871, 0.41402748227119446, 0.40910103917121887, 0.4823371171951294, 0.40731194615364075, 0.5417888164520264, 0.43776482343673706, 0.4152454435825348, 0.4883515238761902, 0.4775724709033966, 0.5466471910476685, 0.4790869951248169, 0.4215548634529114, 0.45139166712760925, 0.41018280386924744, 0.41691911220550537, 0.4171924591064453, 0.472505122423172, 0.4096824526786804, 0.46143561601638794, 0.4082510769367218, 0.43724867701530457, 0.41750285029411316, 0.4627273678779602, 0.4092276096343994, 0.42253920435905457, 0.4099268317222595, 0.42105385661125183, 0.4131622612476349, 0.4076513350009918, 0.42510002851486206, 0.4072960317134857, 0.41976234316825867, 0.41192495822906494, 0.469107985496521, 0.40936601161956787, 0.42771732807159424, 0.43567055463790894, 0.411392480134964, 0.41962701082229614, 0.4379945993423462, 0.44404685497283936, 0.4551571309566498, 0.43499207496643066, 0.4301057457923889, 0.41335681080818176, 0.4087222218513489, 0.4482855498790741, 0.40777942538261414, 0.6079999804496765, 0.42141517996788025, 0.42804598808288574, 0.44585269689559937, 0.40924087166786194, 0.4110769033432007, 0.41278156638145447, 0.4085271954536438, 0.4365679919719696, 0.43243348598480225, 0.44102057814598083, 0.4084823727607727, 0.4106637239456177, 0.41244715452194214, 0.4232296049594879, 0.6234727501869202, 0.4280318319797516, 0.40792742371559143, 0.40849563479423523, 0.4376528263092041, 0.42522132396698, 0.4074053466320038, 0.4115854501724243, 0.4210493862628937, 0.4255357086658478, 0.46007224917411804, 0.42609259486198425, 0.5342333912849426, 0.4138698875904083, 0.4136051833629608, 0.409097284078598, 0.43600994348526, 0.4198213219642639, 0.42552417516708374, 0.44061461091041565, 0.40951454639434814, 0.45754122734069824, 0.45899584889411926, 0.41798660159111023, 0.40917664766311646, 0.4222732186317444, 0.4322337210178375, 0.4456031322479248, 0.4303930699825287, 0.4811538755893707, 0.4416919946670532, 0.472998708486557, 0.4173687994480133, 0.4077913761138916, 0.4084467589855194, 0.4616450369358063, 0.41276687383651733, 0.46688804030418396, 0.410175621509552, 0.48599350452423096, 0.4121575951576233, 0.4221005141735077, 0.4532364010810852, 0.44167399406433105, 0.47577452659606934, 0.4748607277870178, 0.40827134251594543, 0.43698662519454956, 0.5054416656494141, 0.40880826115608215, 0.4099799394607544, 0.4410356283187866, 0.5598113536834717, 0.4143846929073334, 0.41045594215393066, 0.42462989687919617, 0.4375949203968048, 0.42549607157707214, 0.4116462469100952, 0.4154902994632721, 0.40941324830055237, 0.4105328321456909, 0.5482986569404602, 0.5558485388755798, 0.40885552763938904, 0.4097980856895447, 0.44518956542015076, 0.4122311472892761, 0.411681205034256, 0.4173901677131653, 0.411724328994751, 0.4434719979763031, 0.4097837209701538, 0.4144335091114044, 0.4075247049331665]",0.0,"[0.0, 0.0, 0.0, 0.0, 0.0, 0.0, 0.0, 0.0, 0.0, 0.0, 0.0, 0.0, 0.0, 0.0, 0.0, 0.0, 0.0, 0.0, 0.0, 0.0, 0.0, 0.0, 0.0, 0.0, 0.0, 0.0, 0.0, 0.0, 0.0, 0.0, 0.0, 0.0, 0.0, 0.0, 0.0, 0.0, 0.0, 0.0, 0.0, 0.0, 0.0, 0.0, 0.0, 0.0, 0.0, 0.0, 0.0, 0.0, 0.0, 0.0, 0.0, 0.0, 0.0, 0.0, 0.0, 0.0, 0.0, 0.0, 0.0, 0.0, 0.0, 0.0, 0.0, 0.0, 0.0, 0.0, 0.0, 0.0, 0.0, 0.0, 0.0, 0.0, 0.0, 0.0, 0.0, 0.0, 0.0, 0.0, 0.0, 0.0, 0.0, 0.0, 0.0, 0.0, 0.0, 0.0, 0.0, 0.0, 0.0, 0.0, 0.0, 0.0, 0.0, 0.0, 0.0, 0.0, 0.0, 0.0, 0.0, 0.0, 0.0, 0.0, 0.0, 0.0, 0.0, 0.0, 0.0, 0.0, 0.0, 0.0, 0.0, 0.0, 0.0, 0.0, 0.0, 0.0, 0.0, 0.0, 0.0, 0.0, 0.0, 0.0, 0.0, 0.0, 0.0, 0.0, 0.0, 0.0, 0.0, 0.0, 0.0, 0.0, 0.0, 0.0, 0.0, 0.0, 0.0, 0.0, 0.0, 0.0, 0.0, 0.0, 0.0, 0.0, 0.0, 0.0, 0.0, 0.0, 0.0, 0.0, 0.0, 0.0, 0.0, 0.0, 0.0, 0.0, 0.0, 0.0, 0.0, 0.0, 0.0, 0.0, 0.0, 0.0, 0.0, 0.0, 0.0, 0.0, 0.0, 0.0, 0.0, 0.0, 0.0, 0.0, 0.0, 0.0, 0.0, 0.0, 0.0, 0.0, 0.0, 0.0, 0.0, 0.0, 0.0, 0.0, 0.0, 0.0, 0.0, 0.0, 0.0, 0.0, 0.0, 0.0, 0.0, 0.0, 0.0, 0.0, 0.0, 0.0, 0.0, 0.0, 0.0, 0.0, 0.0, 0.0, 0.0, 0.0, 0.0, 0.0, 0.0, 0.0, 0.0, 0.0, 0.0, 0.0, 0.0, 0.0, 0.0, 0.0, 0.0, 0.0, 0.0, 0.0, 0.0, 0.0, 0.0, 0.0, 0.0, 0.0, 0.0, 0.0, 0.0, 0.0, 0.0, 0.0, 0.0, 0.0, 0.0, 0.0, 0.0, 0.0, 0.0, 0.0, 0.0, 0.0, 0.0, 0.0, 0.0, 0.0, 0.0, 0.0, 0.0, 0.0, 0.0, 0.0, 0.0, 0.0, 0.0, 0.0, 0.0, 0.0, 0.0, 0.0, 0.0, 0.0, 0.0, 0.0, 0.0, 0.0, 0.0, 0.0, 0.0, 0.0, 0.0, 0.0, 0.0, 0.0, 0.0, 0.0, 0.0, 0.0, 0.0, 0.0, 0.0, 0.0, 0.0, 0.0, 0.0, 0.0, 0.0, 0.0, 0.0, 0.0, 0.0, 0.0, 0.0, 0.0, 0.0, 0.0, 0.0, 0.0, 0.0, 0.0, 0.0, 0.0, 0.0, 0.0, 0.0, 0.0, 0.0, 0.0, 0.0, 0.0, 0.0, 0.0, 0.0, 0.0, 0.0, 0.0, 0.0, 0.0, 0.0, 0.0, 0.0, 0.0, 0.0, 0.0, 0.0, 0.0, 0.0, 0.0, 0.0, 0.0, 0.0, 0.0, 0.0, 0.0, 0.0, 0.0, 0.0, 0.0, 0.0, 0.0, 0.0, 0.0, 0.0, 0.0, 0.0, 0.0, 0.0, 0.0, 0.0, 0.0, 0.0, 0.0, 0.0, 0.0, 0.0, 0.0, 0.0, 0.0, 0.0, 0.0, 0.0, 0.0, 0.0, 0.0, 0.0, 0.0, 0.0, 0.0, 0.0, 0.0, 0.0, 0.0, 0.0, 0.0, 0.0, 0.0, 0.0, 0.0, 0.0, 0.0, 0.0, 0.0, 0.0, 0.0, 0.0, 0.0, 0.0, 0.0, 0.0, 0.0, 0.0, 0.0, 0.0, 0.0, 0.0, 0.0]",COMPLETE
91,91,0.5,2024-08-31 04:13:23.501076,2024-08-31 04:13:47.690489,0 days 00:00:24.189413,64,1.7894451191806573,4,50,0.3808889304629865,2,0.0025147748645147636,0.859,0.85875,0,"[33, 33, 21, 1, 1, 0, 0, 0, 0, 0, 0, 0, 0, 0, 0, 0, 0, 0, 0, 0, 0, 0, 0, 0, 0, 0, 0, 0, 0, 0, 0, 0, 0, 0, 0, 0, 0, 0, 0, 0, 0, 0, 0, 0, 0, 0, 0, 0, 0, 0]",0.0,"[32.96666666666667, 32.96666666666667, 21.0, 1.0, 1.0, 0.0, 0.0, 0.0, 0.0, 0.0, 0.0, 0.0, 0.0, 0.0, 0.0, 0.0, 0.0, 0.0, 0.0, 0.0, 0.0, 0.0, 0.0, 0.0, 0.0, 0.0, 0.0, 0.0, 0.0, 0.0, 0.0, 0.0, 0.0, 0.0, 0.0, 0.0, 0.0, 0.0, 0.0, 0.0, 0.0, 0.0, 0.0, 0.0, 0.0, 0.0, 0.0, 0.0, 0.0, 0.0]",0.5,0.5,0,"[33, 33, 21, 1, 1, 0, 0, 0, 0, 0, 0, 0, 0, 0, 0, 0, 0, 0, 0, 0, 0, 0, 0, 0, 0, 0, 0, 0, 0, 0, 0, 0, 0, 0, 0, 0, 0, 0, 0, 0, 0, 0, 0, 0, 0, 0, 0, 0, 0, 0]",50,"[0.7267749309539795, 0.6101474761962891, 0.5098640322685242, 0.42007020115852356, 0.4139682650566101, 0.4134742021560669, 0.41128525137901306, 0.4087924063205719, 0.40826284885406494, 0.40771883726119995, 0.40743768215179443, 0.40732985734939575, 0.40774521231651306, 0.4074935019016266, 0.40745094418525696, 0.4072784185409546, 0.40730467438697815, 0.40725404024124146, 0.4072290360927582, 0.4072272479534149, 0.40726715326309204, 0.40729278326034546, 0.40730780363082886, 0.40728291869163513, 0.4072875678539276, 0.40727242827415466, 0.4072384238243103, 0.40722769498825073, 0.40724480152130127, 0.4073125422000885, 0.4072706699371338, 0.4072782099246979, 0.4072284400463104, 0.40722787380218506, 0.4072381854057312, 0.4072325825691223, 0.40730559825897217, 0.4073231518268585, 0.40735572576522827, 0.4074256122112274, 0.4075666069984436, 0.40736663341522217, 0.4074317216873169, 0.407387375831604, 0.40725472569465637, 0.40728217363357544, 0.40744268894195557, 0.40733540058135986, 0.4072515368461609, 0.40731725096702576]",0.0,"[33.0, 33.0, 21.0, 1.0, 1.0, 0.0, 0.0, 0.0, 0.0, 0.0, 0.0, 0.0, 0.0, 0.0, 0.0, 0.0, 0.0, 0.0, 0.0, 0.0, 0.0, 0.0, 0.0, 0.0, 0.0, 0.0, 0.0, 0.0, 0.0, 0.0, 0.0, 0.0, 0.0, 0.0, 0.0, 0.0, 0.0, 0.0, 0.0, 0.0, 0.0, 0.0, 0.0, 0.0, 0.0, 0.0, 0.0, 0.0, 0.0, 0.0]",COMPLETE
92,92,0.9310198245546237,2024-08-31 04:13:50.943718,2024-08-31 04:15:00.044633,0 days 00:01:09.100915,16,5.970971379153592,5,50,0.008205328388494255,63,0.00021494852555910504,0.952,0.95,27,"[33, 33, 33, 33, 33, 33, 33, 33, 33, 33, 33, 33, 33, 33, 33, 33, 33, 33, 33, 31, 31, 31, 30, 30, 30, 30, 29, 28, 28, 28, 28, 28, 28, 27, 27, 27, 27, 27, 27, 27, 27, 27, 27, 27, 27, 27, 27, 27, 27, 27]",26.964157706093193,"[32.94521249359959, 32.9441884280594, 32.94930875576037, 32.93958013312852, 32.94009216589862, 32.93497183819765, 32.940604198668716, 32.94777265745008, 32.94726062467998, 32.94930875576037, 32.95033282130056, 32.939068100358426, 32.95596518177164, 32.943676395289295, 32.95340501792115, 32.951356886840756, 32.94111623143881, 32.93958013312852, 32.939068100358426, 30.9431643625192, 30.942652329749105, 30.94726062467998, 29.952380952380953, 29.95340501792115, 29.941116231438812, 29.946236559139784, 28.94623655913978, 27.952380952380956, 27.956989247311828, 27.956989247311828, 27.954941116231442, 27.950332821300563, 27.945212493599588, 26.95801331285202, 26.952892985151053, 26.955453149001535, 26.956477214541735, 26.954429083461342, 26.95852534562212, 26.959549411162318, 26.961597542242703, 26.95494111623144, 26.957501280081924, 26.966717869943675, 26.963645673323093, 26.96671786994368, 26.9626216077829, 26.963645673323093, 26.959549411162314, 26.964157706093193]",0.9138533178114087,0.9310198245546237,27,"[33, 33, 33, 33, 33, 33, 33, 33, 33, 33, 33, 33, 33, 33, 33, 33, 33, 33, 33, 31, 31, 31, 30, 30, 30, 30, 29, 28, 28, 28, 28, 28, 28, 27, 27, 27, 27, 27, 27, 27, 27, 27, 27, 27, 27, 27, 27, 27, 27, 27]",50,"[0.4586043953895569, 0.46202415227890015, 0.4218460023403168, 0.5624884963035583, 0.3165964186191559, 0.3708036541938782, 0.32358184456825256, 0.3583267629146576, 0.24164173007011414, 0.24081259965896606, 0.40772873163223267, 0.3507136106491089, 0.21588027477264404, 0.2078402191400528, 0.2625776529312134, 0.20032161474227905, 0.2565925121307373, 0.27769795060157776, 0.19686588644981384, 0.21441154181957245, 0.18803353607654572, 0.26890990138053894, 0.20249585807323456, 0.23495501279830933, 0.2505095601081848, 0.18365460634231567, 0.19511036574840546, 0.22777995467185974, 0.1830645054578781, 0.1890927255153656, 0.2124299257993698, 0.1844114065170288, 0.17781881988048553, 0.22719641029834747, 0.18316993117332458, 0.19577556848526, 0.17738573253154755, 0.18111392855644226, 0.18244388699531555, 0.21396812796592712, 0.18486247956752777, 0.1869589388370514, 0.22295957803726196, 0.1757795661687851, 0.18190518021583557, 0.21548740565776825, 0.1780225783586502, 0.1791161596775055, 0.19945572316646576, 0.1742052435874939]",27.0,"[33.0, 33.0, 33.0, 33.0, 33.0, 33.0, 33.0, 33.0, 33.0, 33.0, 33.0, 33.0, 33.0, 33.0, 33.0, 33.0, 33.0, 33.0, 33.0, 31.0, 31.0, 31.0, 30.0, 30.0, 30.0, 30.0, 29.0, 28.0, 28.0, 28.0, 28.0, 28.0, 28.0, 27.0, 27.0, 27.0, 27.0, 27.0, 27.0, 27.0, 27.0, 27.0, 27.0, 27.0, 27.0, 27.0, 27.0, 27.0, 27.0, 27.0]",COMPLETE
