,number,value,datetime_start,datetime_complete,duration,params_batch_size_scaler,params_constant_learning_rate,params_depth,params_epochs,params_kernel_l2,params_num_trees,params_temperature,user_attrs_accuracy_test,user_attrs_accuracy_valid,user_attrs_approximate_feature_sparsity,user_attrs_approximate_feature_sparsity_history,user_attrs_approximate_weight_sparsity,user_attrs_approximate_weight_sparsity_history,user_attrs_auc_test,user_attrs_auc_valid,user_attrs_feature_sparsity,user_attrs_feature_sparsity_history,user_attrs_num_epochs,user_attrs_val_loss_history,user_attrs_weight_sparsity,user_attrs_weight_sparsity_history,state
97,97,0.9084257577514137,2024-08-31 04:17:02.374679,2024-08-31 04:25:03.889870,0 days 00:08:01.515191,1,0.18880690182781637,6,305,0.0035016124489286138,6,0.0005965877180941131,0.928,0.9225,33,"[33, 33, 33, 33, 33, 33, 33, 33, 33, 33, 33, 33, 33, 33, 33, 33, 33, 33, 33, 33, 33, 33, 33, 33, 33, 33, 33, 33, 33, 33, 33, 33, 33, 33, 33, 33, 33, 33, 33, 33, 33, 33, 33, 33, 33, 33, 33, 33, 33, 33, 33, 33, 33, 33, 33, 33, 33, 33, 33, 33, 33, 33, 33, 33, 33, 33, 33, 33, 33, 33, 33, 33, 33, 33, 33, 33, 33, 33, 33, 33, 33, 33, 33, 33, 33, 33, 33, 33, 33, 33, 33, 33, 33, 33, 33, 33, 33, 33, 33, 33, 33, 33, 33, 33, 33, 33, 33, 33, 33, 33, 33, 33, 33, 33, 33, 33, 33, 33, 33, 33, 33, 33, 33, 33, 33, 33, 33, 33, 33, 33, 33, 33, 33, 33, 33, 33, 33, 33, 33, 33, 33, 33, 33, 33, 33, 33, 33, 33, 33, 33, 33, 33, 33, 33, 33, 33, 33, 33, 33, 33, 33, 33, 33, 33, 33, 33, 33, 33, 33, 33, 33, 33, 33, 33, 33, 33, 33, 33, 33, 33, 33, 33, 33, 33, 33, 33, 33, 33, 33, 33, 33, 33, 33, 33, 33, 33, 33, 33, 33, 33, 33, 33, 33, 33, 33, 33, 33, 33, 33, 33, 33, 33, 33, 33, 33, 33, 33, 33, 33, 33, 33, 33, 33, 33, 33, 33, 33, 33, 33, 33, 33, 33, 33, 33, 33, 33, 33, 33, 33, 33, 33, 33, 33, 33, 33, 33, 33, 33, 33, 33, 33, 33, 33, 33, 33, 33, 33, 33, 33, 33, 33, 33, 33, 33, 33, 33, 33, 33, 33, 33, 33, 33, 33, 33, 33, 33, 33, 33, 33, 33, 33, 33, 33, 33, 33, 33, 33, 33, 33, 33, 33, 33, 33, 33, 33, 33, 33, 33, 33, 33, 33, 33, 33, 33, 33]",32.97883597883598,"[32.96825396825397, 32.970899470899475, 32.98148148148148, 32.976190476190474, 32.960317460317455, 32.96825396825397, 32.97089947089947, 32.976190476190474, 32.96825396825396, 32.978835978835974, 32.98412698412699, 32.96825396825397, 32.98412698412698, 32.98148148148148, 32.97089947089947, 32.97883597883598, 32.98148148148148, 32.957671957671955, 32.98412698412698, 32.98412698412698, 32.97089947089947, 32.976190476190474, 32.98148148148148, 32.970899470899475, 32.98148148148148, 32.978835978835974, 32.98677248677248, 32.98412698412698, 32.978835978835974, 32.96560846560846, 32.978835978835974, 32.96560846560847, 32.957671957671955, 32.973544973544975, 32.97089947089947, 32.96825396825397, 32.978835978835974, 32.98677248677248, 32.98148148148148, 32.973544973544975, 32.96296296296296, 32.976190476190474, 32.97089947089947, 32.96825396825397, 32.978835978835974, 32.96296296296296, 32.96560846560847, 32.973544973544975, 32.97089947089947, 32.96560846560846, 32.976190476190474, 32.960317460317455, 32.96825396825397, 32.96825396825397, 32.96825396825396, 32.96296296296296, 32.976190476190474, 32.97089947089947, 32.98412698412699, 32.98941798941799, 32.98148148148148, 32.98941798941799, 32.97883597883598, 32.973544973544975, 32.98412698412698, 32.976190476190474, 32.97089947089947, 32.96560846560847, 32.97089947089947, 32.973544973544975, 32.976190476190474, 32.973544973544975, 32.96560846560847, 32.96560846560847, 32.976190476190474, 32.978835978835974, 32.976190476190474, 32.96296296296296, 32.96825396825397, 32.976190476190474, 32.97089947089947, 32.98412698412698, 32.978835978835974, 32.976190476190474, 32.98412698412698, 32.98412698412699, 32.98941798941799, 32.98148148148148, 32.976190476190474, 32.973544973544975, 32.96825396825397, 32.976190476190474, 32.97089947089947, 32.98412698412698, 32.98412698412699, 32.98412698412698, 32.98412698412698, 32.98412698412698, 32.978835978835974, 32.97089947089947, 32.98941798941799, 32.98677248677249, 32.98941798941799, 32.97089947089947, 32.973544973544975, 32.978835978835974, 32.973544973544975, 32.98677248677249, 32.98412698412698, 32.978835978835974, 32.978835978835974, 32.976190476190474, 32.976190476190474, 32.98412698412699, 32.98148148148148, 32.976190476190474, 32.973544973544975, 32.98148148148148, 32.98677248677248, 32.992063492063494, 32.98941798941799, 32.98941798941799, 32.98941798941799, 32.98941798941799, 32.97883597883598, 32.98941798941799, 32.976190476190474, 32.973544973544975, 32.973544973544975, 32.970899470899475, 32.97883597883598, 32.976190476190474, 32.98677248677248, 32.98677248677249, 32.98148148148148, 32.98148148148148, 32.978835978835974, 32.978835978835974, 32.98677248677248, 32.976190476190474, 32.976190476190474, 32.97089947089947, 32.96560846560847, 32.97089947089947, 32.976190476190474, 32.98412698412699, 32.973544973544975, 32.97089947089947, 32.97089947089947, 32.976190476190474, 32.98148148148148, 32.976190476190474, 32.976190476190474, 32.976190476190474, 32.97089947089947, 32.96825396825397, 32.970899470899475, 32.96825396825397, 32.96560846560847, 32.973544973544975, 32.973544973544975, 32.97089947089947, 32.97089947089947, 32.960317460317455, 32.96825396825397, 32.96560846560847, 32.973544973544975, 32.97089947089947, 32.96296296296296, 32.973544973544975, 32.978835978835974, 32.978835978835974, 32.97089947089947, 32.98412698412699, 32.97883597883598, 32.97883597883598, 32.978835978835974, 32.976190476190474, 32.978835978835974, 32.976190476190474, 32.978835978835974, 32.96825396825397, 32.96825396825396, 32.973544973544975, 32.96825396825397, 32.976190476190474, 32.973544973544975, 32.97089947089947, 32.978835978835974, 32.98677248677249, 32.978835978835974, 32.978835978835974, 32.976190476190474, 32.973544973544975, 32.96825396825396, 32.957671957671955, 32.97089947089947, 32.96296296296296, 32.960317460317455, 32.97089947089947, 32.98677248677249, 32.98677248677249, 32.98148148148148, 32.98677248677249, 32.98677248677249, 32.97883597883598, 32.976190476190474, 32.98412698412698, 32.978835978835974, 32.976190476190474, 32.978835978835974, 32.973544973544975, 32.976190476190474, 32.978835978835974, 32.98412698412698, 32.98677248677249, 32.976190476190474, 32.97089947089947, 32.96825396825397, 32.97089947089947, 32.96825396825397, 32.973544973544975, 32.96825396825397, 32.973544973544975, 32.976190476190474, 32.98148148148148, 32.97883597883598, 32.97089947089947, 32.95767195767196, 32.955026455026456, 32.955026455026456, 32.95238095238095, 32.96031746031746, 32.955026455026456, 32.96296296296296, 32.96031746031746, 32.96296296296296, 32.970899470899475, 32.96825396825397, 32.970899470899475, 32.970899470899475, 32.96560846560846, 32.970899470899475, 32.96560846560847, 32.96825396825397, 32.96560846560847, 32.97089947089947, 32.973544973544975, 32.970899470899475, 32.97883597883598, 32.97883597883598, 32.96296296296296, 32.970899470899475, 32.973544973544975, 32.976190476190474, 32.976190476190474, 32.97089947089947, 32.973544973544975, 32.973544973544975, 32.973544973544975, 32.96296296296296, 32.96825396825397, 32.96825396825397, 32.970899470899475, 32.97883597883598, 32.970899470899475, 32.976190476190474, 32.96560846560847, 32.96296296296296, 32.96560846560847, 32.970899470899475, 32.976190476190474, 32.96825396825397, 32.96296296296296, 32.96031746031746, 32.960317460317455, 32.96296296296296, 32.96560846560846, 32.96296296296296, 32.96825396825397, 32.957671957671955, 32.96031746031746, 32.96296296296296, 32.96825396825397, 32.96825396825397, 32.96825396825397, 32.96560846560847, 32.97089947089947, 32.97089947089947, 32.96560846560847, 32.96560846560846, 32.976190476190474, 32.96825396825397, 32.973544973544975, 32.973544973544975, 32.976190476190474, 32.97089947089947, 32.976190476190474, 32.973544973544975, 32.973544973544975, 32.96560846560846, 32.973544973544975, 32.97883597883598, 32.976190476190474, 32.97883597883598]",0.9064391218553653,0.9084257577514137,33,"[33, 33, 33, 33, 33, 33, 33, 33, 33, 33, 33, 33, 33, 33, 33, 33, 33, 33, 33, 33, 33, 33, 33, 33, 33, 33, 33, 33, 33, 33, 33, 33, 33, 33, 33, 33, 33, 33, 33, 33, 33, 33, 33, 33, 33, 33, 33, 33, 33, 33, 33, 33, 33, 33, 33, 33, 33, 33, 33, 33, 33, 33, 33, 33, 33, 33, 33, 33, 33, 33, 33, 33, 33, 33, 33, 33, 33, 33, 33, 33, 33, 33, 33, 33, 33, 33, 33, 33, 33, 33, 33, 33, 33, 33, 33, 33, 33, 33, 33, 33, 33, 33, 33, 33, 33, 33, 33, 33, 33, 33, 33, 33, 33, 33, 33, 33, 33, 33, 33, 33, 33, 33, 33, 33, 33, 33, 33, 33, 33, 33, 33, 33, 33, 33, 33, 33, 33, 33, 33, 33, 33, 33, 33, 33, 33, 33, 33, 33, 33, 33, 33, 33, 33, 33, 33, 33, 33, 33, 33, 33, 33, 33, 33, 33, 33, 33, 33, 33, 33, 33, 33, 33, 33, 33, 33, 33, 33, 33, 33, 33, 33, 33, 33, 33, 33, 33, 33, 33, 33, 33, 33, 33, 33, 33, 33, 33, 33, 33, 33, 33, 33, 33, 33, 33, 33, 33, 33, 33, 33, 33, 33, 33, 33, 33, 33, 33, 33, 33, 33, 33, 33, 33, 33, 33, 33, 33, 33, 33, 33, 33, 33, 33, 33, 33, 33, 33, 33, 33, 33, 33, 33, 33, 33, 33, 33, 33, 33, 33, 33, 33, 33, 33, 33, 33, 33, 33, 33, 33, 33, 33, 33, 33, 33, 33, 33, 33, 33, 33, 33, 33, 33, 33, 33, 33, 33, 33, 33, 33, 33, 33, 33, 33, 33, 33, 33, 33, 33, 33, 33, 33, 33, 33, 33, 33, 33, 33, 33, 33, 33, 33, 33, 33, 33, 33, 33]",305,"[0.3700390160083771, 0.3519613742828369, 0.33247584104537964, 0.31145381927490234, 0.29302048683166504, 0.27719947695732117, 0.26763004064559937, 0.2547326982021332, 0.24729417264461517, 0.24068395793437958, 0.23170119524002075, 0.23481641709804535, 0.2209630161523819, 0.21838882565498352, 0.21193498373031616, 0.21183054149150848, 0.20784805715084076, 0.19943292438983917, 0.19737951457500458, 0.19332079589366913, 0.19111430644989014, 0.18849141895771027, 0.18654754757881165, 0.1863577514886856, 0.18683481216430664, 0.1867474764585495, 0.17832089960575104, 0.1789073497056961, 0.1777055561542511, 0.1796223223209381, 0.17540673911571503, 0.18131360411643982, 0.17908906936645508, 0.17094965279102325, 0.17144443094730377, 0.16644778847694397, 0.16445256769657135, 0.16818208992481232, 0.16367505490779877, 0.1637720912694931, 0.16194672882556915, 0.1570877581834793, 0.16219806671142578, 0.1617799699306488, 0.16544033586978912, 0.16458164155483246, 0.17170172929763794, 0.16675610840320587, 0.1669241189956665, 0.16070765256881714, 0.16680674254894257, 0.17071698606014252, 0.16380777955055237, 0.1650732457637787, 0.16645964980125427, 0.16484013199806213, 0.16633981466293335, 0.16505493223667145, 0.16976991295814514, 0.17306993901729584, 0.1780143678188324, 0.16834652423858643, 0.168518528342247, 0.16781747341156006, 0.17219161987304688, 0.1714983731508255, 0.17457523941993713, 0.16955122351646423, 0.17631155252456665, 0.17652897536754608, 0.17608682811260223, 0.1761125773191452, 0.18118390440940857, 0.17504028975963593, 0.1801455318927765, 0.1788785308599472, 0.18095505237579346, 0.1828145831823349, 0.18648786842823029, 0.18128570914268494, 0.1827545166015625, 0.183928444981575, 0.1902409791946411, 0.1883474886417389, 0.18141581118106842, 0.20056498050689697, 0.1851072758436203, 0.1885165274143219, 0.18261420726776123, 0.1881079524755478, 0.19152402877807617, 0.19336305558681488, 0.1900889277458191, 0.1918979287147522, 0.19342325627803802, 0.19638533890247345, 0.20071372389793396, 0.20067918300628662, 0.20384320616722107, 0.20534272491931915, 0.20078402757644653, 0.210672989487648, 0.20593927800655365, 0.20880500972270966, 0.21088267862796783, 0.20954491198062897, 0.207682266831398, 0.20784501731395721, 0.21050453186035156, 0.20581458508968353, 0.20858390629291534, 0.21788257360458374, 0.21535652875900269, 0.215530127286911, 0.21942664682865143, 0.22015953063964844, 0.21495568752288818, 0.22108322381973267, 0.22369518876075745, 0.21765144169330597, 0.2236231565475464, 0.22652001678943634, 0.22575655579566956, 0.22334237396717072, 0.22449491918087006, 0.22676433622837067, 0.23207582533359528, 0.231692373752594, 0.23282499611377716, 0.23608389496803284, 0.23660051822662354, 0.23560038208961487, 0.24244432151317596, 0.2450377643108368, 0.2431531846523285, 0.24542658030986786, 0.24349147081375122, 0.24549366533756256, 0.24977470934391022, 0.24976877868175507, 0.2540739178657532, 0.25279662013053894, 0.25045880675315857, 0.2549193501472473, 0.2502707540988922, 0.25972655415534973, 0.2527906894683838, 0.25979283452033997, 0.2604791522026062, 0.258136123418808, 0.26180410385131836, 0.2629104256629944, 0.26231855154037476, 0.2713935673236847, 0.27008047699928284, 0.26712581515312195, 0.27133437991142273, 0.27110040187835693, 0.2722378969192505, 0.2731133699417114, 0.279363214969635, 0.278138130903244, 0.2797088325023651, 0.28184235095977783, 0.2823232412338257, 0.28145021200180054, 0.2916097640991211, 0.28548309206962585, 0.2868766188621521, 0.2864685654640198, 0.2927607595920563, 0.2864922881126404, 0.29512906074523926, 0.29804787039756775, 0.2939552068710327, 0.2960366904735565, 0.300543874502182, 0.30247095227241516, 0.2979215383529663, 0.3018428087234497, 0.3021118640899658, 0.306393563747406, 0.3080252707004547, 0.3036474883556366, 0.30467116832733154, 0.3075881600379944, 0.30556994676589966, 0.3126556873321533, 0.3127446174621582, 0.31537604331970215, 0.31396475434303284, 0.31738460063934326, 0.3212563693523407, 0.3196379542350769, 0.31845036149024963, 0.32830357551574707, 0.32637497782707214, 0.31813177466392517, 0.3256281316280365, 0.32770323753356934, 0.32505807280540466, 0.32992836833000183, 0.3325105905532837, 0.327727735042572, 0.3289855718612671, 0.3292045593261719, 0.33556967973709106, 0.33511191606521606, 0.33050429821014404, 0.33895111083984375, 0.3369550406932831, 0.33704036474227905, 0.33728736639022827, 0.33856722712516785, 0.342266321182251, 0.33848321437835693, 0.34267517924308777, 0.3411439061164856, 0.3423985242843628, 0.3427436053752899, 0.3444715440273285, 0.3491412401199341, 0.34761229157447815, 0.3443339467048645, 0.34971657395362854, 0.35125333070755005, 0.3512389063835144, 0.3493342101573944, 0.35539188981056213, 0.35190486907958984, 0.35080552101135254, 0.3472185432910919, 0.35289299488067627, 0.3554394543170929, 0.3545757234096527, 0.3599053919315338, 0.3586795926094055, 0.3564203381538391, 0.3582729697227478, 0.36310428380966187, 0.36125314235687256, 0.3652859032154083, 0.3612442910671234, 0.3622681796550751, 0.3639320433139801, 0.36520007252693176, 0.3646989166736603, 0.3667325973510742, 0.36916255950927734, 0.3652433753013611, 0.3661922812461853, 0.36581602692604065, 0.3666957914829254, 0.36605921387672424, 0.3690320551395416, 0.37346798181533813, 0.3716098368167877, 0.3733142614364624, 0.3741915225982666, 0.3703981339931488, 0.3732949495315552, 0.37359562516212463, 0.3741622269153595, 0.3775918185710907, 0.37624457478523254, 0.37607792019844055, 0.3764094412326813, 0.3761330544948578, 0.37745484709739685, 0.3813912868499756, 0.37704887986183167, 0.3788646459579468, 0.3785867691040039, 0.38380205631256104, 0.3810941278934479, 0.3811061978340149, 0.38170790672302246, 0.3832942247390747, 0.3821837902069092, 0.38252586126327515, 0.38283172249794006, 0.3870706260204315, 0.38799941539764404, 0.3877474069595337, 0.3841980993747711, 0.38669145107269287, 0.38812321424484253, 0.38960152864456177, 0.38814589381217957, 0.3872216045856476, 0.3880437910556793, 0.3875530958175659, 0.3905525505542755, 0.390608012676239, 0.38976502418518066, 0.3896837532520294, 0.3897084891796112, 0.3877018392086029, 0.39115387201309204, 0.39237380027770996, 0.39119720458984375, 0.39379382133483887, 0.3944106996059418, 0.39424461126327515, 0.3952715992927551]",33.0,"[33.0, 33.0, 33.0, 33.0, 33.0, 33.0, 33.0, 33.0, 33.0, 33.0, 33.0, 33.0, 33.0, 33.0, 33.0, 33.0, 33.0, 33.0, 33.0, 33.0, 33.0, 33.0, 33.0, 33.0, 33.0, 33.0, 33.0, 33.0, 33.0, 33.0, 33.0, 33.0, 33.0, 33.0, 33.0, 33.0, 33.0, 33.0, 33.0, 33.0, 33.0, 33.0, 33.0, 33.0, 33.0, 33.0, 33.0, 33.0, 33.0, 33.0, 33.0, 33.0, 33.0, 33.0, 33.0, 33.0, 33.0, 33.0, 33.0, 33.0, 33.0, 33.0, 33.0, 33.0, 33.0, 33.0, 33.0, 33.0, 33.0, 33.0, 33.0, 33.0, 33.0, 33.0, 33.0, 33.0, 33.0, 33.0, 33.0, 33.0, 33.0, 33.0, 33.0, 33.0, 33.0, 33.0, 33.0, 33.0, 33.0, 33.0, 33.0, 33.0, 33.0, 33.0, 33.0, 33.0, 33.0, 33.0, 33.0, 33.0, 33.0, 33.0, 33.0, 33.0, 33.0, 33.0, 33.0, 33.0, 33.0, 33.0, 33.0, 33.0, 33.0, 33.0, 33.0, 33.0, 33.0, 33.0, 33.0, 33.0, 33.0, 33.0, 33.0, 33.0, 33.0, 33.0, 33.0, 33.0, 33.0, 33.0, 33.0, 33.0, 33.0, 33.0, 33.0, 33.0, 33.0, 33.0, 33.0, 33.0, 33.0, 33.0, 33.0, 33.0, 33.0, 33.0, 33.0, 33.0, 33.0, 33.0, 33.0, 33.0, 33.0, 33.0, 33.0, 33.0, 33.0, 33.0, 33.0, 33.0, 33.0, 33.0, 33.0, 33.0, 33.0, 33.0, 33.0, 33.0, 33.0, 33.0, 33.0, 33.0, 33.0, 33.0, 33.0, 33.0, 33.0, 33.0, 33.0, 33.0, 33.0, 33.0, 33.0, 33.0, 33.0, 33.0, 33.0, 33.0, 33.0, 33.0, 33.0, 33.0, 33.0, 33.0, 33.0, 33.0, 33.0, 33.0, 33.0, 33.0, 33.0, 33.0, 33.0, 33.0, 33.0, 33.0, 33.0, 33.0, 33.0, 33.0, 33.0, 33.0, 33.0, 33.0, 33.0, 33.0, 33.0, 33.0, 33.0, 33.0, 33.0, 33.0, 33.0, 33.0, 33.0, 33.0, 33.0, 33.0, 33.0, 33.0, 33.0, 33.0, 33.0, 33.0, 33.0, 33.0, 33.0, 33.0, 33.0, 33.0, 33.0, 33.0, 33.0, 33.0, 33.0, 33.0, 33.0, 33.0, 33.0, 33.0, 33.0, 33.0, 33.0, 33.0, 33.0, 33.0, 33.0, 33.0, 33.0, 33.0, 33.0, 33.0, 33.0, 33.0, 33.0, 33.0, 33.0, 33.0, 33.0, 33.0, 33.0, 33.0, 33.0, 33.0, 33.0, 33.0, 33.0, 33.0, 33.0, 33.0, 33.0, 33.0, 33.0, 33.0, 33.0, 33.0, 33.0, 33.0, 33.0, 33.0, 33.0, 33.0, 33.0, 33.0, 33.0, 33.0, 33.0, 33.0, 33.0, 33.0, 33.0, 33.0, 33.0, 33.0, 33.0]",COMPLETE
98,98,0.6899048060697401,2024-08-31 04:25:06.473121,2024-08-31 04:25:24.199249,0 days 00:00:17.726128,64,0.06847519638874486,4,60,0.011159959834091168,87,0.0008299932614295896,0.86,0.85875,33,"[33, 33, 33, 33, 33, 33, 33, 33, 33, 33, 33, 33, 33, 33, 33, 33, 33, 33, 33, 33, 33, 33, 33, 33, 33, 33, 33, 33, 33, 33, 33, 33, 33, 33, 33, 33, 33, 33, 33, 33, 33, 33, 33, 33, 33, 33, 33, 33, 33, 33, 33, 33, 33, 33, 33, 33, 33, 33, 33, 33]",32.95172413793103,"[32.948659003831416, 32.9448275862069, 32.9455938697318, 32.9455938697318, 32.94099616858237, 32.946360153256705, 32.944061302681995, 32.95019157088123, 32.95249042145594, 32.95249042145594, 32.95019157088122, 32.948659003831416, 32.946360153256705, 32.94712643678161, 32.94789272030651, 32.9448275862069, 32.94789272030651, 32.9455938697318, 32.9448275862069, 32.9455938697318, 32.95172413793104, 32.95095785440613, 32.943295019157084, 32.95095785440613, 32.95172413793103, 32.94789272030651, 32.94329501915709, 32.94099616858238, 32.941762452107284, 32.944061302681995, 32.9448275862069, 32.94022988505747, 32.94252873563218, 32.94252873563218, 32.94252873563218, 32.944061302681995, 32.94789272030651, 32.9455938697318, 32.9448275862069, 32.94176245210728, 32.94022988505747, 32.937164750957855, 32.937164750957855, 32.93486590038314, 32.93793103448275, 32.93639846743295, 32.93563218390805, 32.93716475095785, 32.943295019157084, 32.94176245210728, 32.94712643678161, 32.946360153256705, 32.95019157088122, 32.94789272030651, 32.94789272030651, 32.95325670498084, 32.95095785440613, 32.948659003831416, 32.94789272030651, 32.95172413793103]",0.7290515938870037,0.6899048060697401,33,"[33, 33, 33, 33, 33, 33, 33, 33, 33, 33, 33, 33, 33, 33, 33, 33, 33, 33, 33, 33, 33, 33, 33, 33, 33, 33, 33, 33, 33, 33, 33, 33, 33, 33, 33, 33, 33, 33, 33, 33, 33, 33, 33, 33, 33, 33, 33, 33, 33, 33, 33, 33, 33, 33, 33, 33, 33, 33, 33, 33]",60,"[0.49259433150291443, 0.4275875985622406, 0.40952709317207336, 0.4032325744628906, 0.40098807215690613, 0.39984625577926636, 0.39857548475265503, 0.39757171273231506, 0.39686644077301025, 0.3959152102470398, 0.3952562212944031, 0.39427635073661804, 0.3934260904788971, 0.3926028311252594, 0.3919045329093933, 0.3910588324069977, 0.3904890716075897, 0.38994893431663513, 0.38947442173957825, 0.3888394832611084, 0.3881339728832245, 0.38755929470062256, 0.38694390654563904, 0.3863843083381653, 0.3858214318752289, 0.3853820562362671, 0.38518065214157104, 0.3845445513725281, 0.3838690221309662, 0.3833615481853485, 0.38289353251457214, 0.3825075924396515, 0.38214024901390076, 0.3817189931869507, 0.3812801241874695, 0.3808932602405548, 0.3805602788925171, 0.38039344549179077, 0.37995636463165283, 0.379617303609848, 0.3792802393436432, 0.37889423966407776, 0.3785778880119324, 0.3782654106616974, 0.3779670000076294, 0.3776054382324219, 0.3774522840976715, 0.37717530131340027, 0.3766258656978607, 0.3763805031776428, 0.37612494826316833, 0.37582337856292725, 0.3755323886871338, 0.37542641162872314, 0.3751901388168335, 0.3752402365207672, 0.3746911585330963, 0.374411404132843, 0.37405383586883545, 0.37387245893478394]",33.0,"[33.0, 33.0, 33.0, 33.0, 33.0, 33.0, 33.0, 33.0, 33.0, 33.0, 33.0, 33.0, 33.0, 33.0, 33.0, 33.0, 33.0, 33.0, 33.0, 33.0, 33.0, 33.0, 33.0, 33.0, 33.0, 33.0, 33.0, 33.0, 33.0, 33.0, 33.0, 33.0, 33.0, 33.0, 33.0, 33.0, 33.0, 33.0, 33.0, 33.0, 33.0, 33.0, 33.0, 33.0, 33.0, 33.0, 33.0, 33.0, 33.0, 33.0, 33.0, 33.0, 33.0, 33.0, 33.0, 33.0, 33.0, 33.0, 33.0, 33.0]",COMPLETE
