,number,value,datetime_start,datetime_complete,duration,params_batch_size_scaler,params_constant_learning_rate,params_depth,params_epochs,params_kernel_l2,params_num_trees,params_temperature,user_attrs_accuracy_test,user_attrs_accuracy_valid,user_attrs_approximate_feature_sparsity,user_attrs_approximate_feature_sparsity_history,user_attrs_approximate_weight_sparsity,user_attrs_approximate_weight_sparsity_history,user_attrs_auc_test,user_attrs_auc_valid,user_attrs_feature_sparsity,user_attrs_feature_sparsity_history,user_attrs_num_epochs,user_attrs_val_loss_history,user_attrs_weight_sparsity,user_attrs_weight_sparsity_history,state
81,81,0.5,2024-08-31 04:00:15.433843,2024-08-31 04:00:30.695568,0 days 00:00:15.261725,64,0.5337446181756872,1,205,0.011775130806779468,73,0.02197562283995936,0.859,0.85875,0,"[33, 33, 33, 33, 32, 27, 9, 3, 0, 0, 0, 0, 0, 0, 0, 0, 0, 0, 0, 0, 0, 0, 0, 0, 0, 0, 0, 0, 0, 0, 0, 0, 0, 0, 0, 0, 0, 0, 0, 0, 0, 0, 0, 0, 0, 0, 0, 0, 0, 0, 0, 0, 0, 0, 0, 0, 0, 0, 0, 0, 0, 0, 0, 0, 0, 0, 0, 0, 0, 0, 0, 0, 0, 0, 0, 0, 0, 0, 0, 0, 0, 0, 0, 0, 0, 0, 0, 0, 0, 0, 0, 0, 0, 0, 0, 0, 0, 0, 0, 0, 0, 0, 0, 0, 0, 0, 0, 0, 0, 0, 0, 0, 0, 0, 0, 0, 0, 0, 0, 0, 0, 0, 0, 0, 0, 0, 0, 0, 0, 0, 0, 0, 0, 0, 0, 0, 0, 0, 0, 0, 0, 0, 0, 0, 0, 0, 0, 0, 0, 0, 0, 0, 0, 0, 0, 0, 0, 0, 0, 0, 0, 0, 0, 0, 0, 0, 0, 0, 0, 0, 0, 0, 0, 0, 0, 0, 0, 0, 0, 0, 0, 0, 0, 0, 0, 0, 0, 0, 0, 0, 0, 0, 0, 0, 0, 0, 0, 0, 0, 0, 0, 0, 0, 0, 0]",0.0,"[32.986301369863014, 32.986301369863014, 32.986301369863014, 32.95890410958904, 31.986301369863014, 26.986301369863014, 9.0, 3.0, 0.0, 0.0, 0.0, 0.0, 0.0, 0.0, 0.0, 0.0, 0.0, 0.0, 0.0, 0.0, 0.0, 0.0, 0.0, 0.0, 0.0, 0.0, 0.0, 0.0, 0.0, 0.0, 0.0, 0.0, 0.0, 0.0, 0.0, 0.0, 0.0, 0.0, 0.0, 0.0, 0.0, 0.0, 0.0, 0.0, 0.0, 0.0, 0.0, 0.0, 0.0, 0.0, 0.0, 0.0, 0.0, 0.0, 0.0, 0.0, 0.0, 0.0, 0.0, 0.0, 0.0, 0.0, 0.0, 0.0, 0.0, 0.0, 0.0, 0.0, 0.0, 0.0, 0.0, 0.0, 0.0, 0.0, 0.0, 0.0, 0.0, 0.0, 0.0, 0.0, 0.0, 0.0, 0.0, 0.0, 0.0, 0.0, 0.0, 0.0, 0.0, 0.0, 0.0, 0.0, 0.0, 0.0, 0.0, 0.0, 0.0, 0.0, 0.0, 0.0, 0.0, 0.0, 0.0, 0.0, 0.0, 0.0, 0.0, 0.0, 0.0, 0.0, 0.0, 0.0, 0.0, 0.0, 0.0, 0.0, 0.0, 0.0, 0.0, 0.0, 0.0, 0.0, 0.0, 0.0, 0.0, 0.0, 0.0, 0.0, 0.0, 0.0, 0.0, 0.0, 0.0, 0.0, 0.0, 0.0, 0.0, 0.0, 0.0, 0.0, 0.0, 0.0, 0.0, 0.0, 0.0, 0.0, 0.0, 0.0, 0.0, 0.0, 0.0, 0.0, 0.0, 0.0, 0.0, 0.0, 0.0, 0.0, 0.0, 0.0, 0.0, 0.0, 0.0, 0.0, 0.0, 0.0, 0.0, 0.0, 0.0, 0.0, 0.0, 0.0, 0.0, 0.0, 0.0, 0.0, 0.0, 0.0, 0.0, 0.0, 0.0, 0.0, 0.0, 0.0, 0.0, 0.0, 0.0, 0.0, 0.0, 0.0, 0.0, 0.0, 0.0, 0.0, 0.0, 0.0, 0.0, 0.0, 0.0, 0.0, 0.0, 0.0, 0.0, 0.0, 0.0]",0.5,0.5,0,"[33, 33, 33, 33, 32, 27, 9, 3, 0, 0, 0, 0, 0, 0, 0, 0, 0, 0, 0, 0, 0, 0, 0, 0, 0, 0, 0, 0, 0, 0, 0, 0, 0, 0, 0, 0, 0, 0, 0, 0, 0, 0, 0, 0, 0, 0, 0, 0, 0, 0, 0, 0, 0, 0, 0, 0, 0, 0, 0, 0, 0, 0, 0, 0, 0, 0, 0, 0, 0, 0, 0, 0, 0, 0, 0, 0, 0, 0, 0, 0, 0, 0, 0, 0, 0, 0, 0, 0, 0, 0, 0, 0, 0, 0, 0, 0, 0, 0, 0, 0, 0, 0, 0, 0, 0, 0, 0, 0, 0, 0, 0, 0, 0, 0, 0, 0, 0, 0, 0, 0, 0, 0, 0, 0, 0, 0, 0, 0, 0, 0, 0, 0, 0, 0, 0, 0, 0, 0, 0, 0, 0, 0, 0, 0, 0, 0, 0, 0, 0, 0, 0, 0, 0, 0, 0, 0, 0, 0, 0, 0, 0, 0, 0, 0, 0, 0, 0, 0, 0, 0, 0, 0, 0, 0, 0, 0, 0, 0, 0, 0, 0, 0, 0, 0, 0, 0, 0, 0, 0, 0, 0, 0, 0, 0, 0, 0, 0, 0, 0, 0, 0, 0, 0, 0, 0]",205,"[0.421159565448761, 1.265246033668518, 1.2305659055709839, 1.0132724046707153, 1.8516536951065063, 0.3849155902862549, 1.097872018814087, 0.49943074584007263, 1.0198718309402466, 2.2268991470336914, 3.2446532249450684, 0.9104278087615967, 0.4830882251262665, 0.4084359407424927, 2.7267115116119385, 1.878228783607483, 1.3339474201202393, 2.22981595993042, 2.3629775047302246, 1.8424203395843506, 1.349724531173706, 2.3241591453552246, 2.0644311904907227, 2.1837821006774902, 3.11368465423584, 0.5207253098487854, 2.740783452987671, 0.8693267703056335, 0.40759482979774475, 1.2364240884780884, 3.0473694801330566, 1.0868630409240723, 0.6413760185241699, 0.6471726894378662, 1.6745038032531738, 0.4080806374549866, 2.6201012134552, 0.424483060836792, 1.8685517311096191, 1.7956674098968506, 0.8426529765129089, 0.4268989562988281, 1.8547781705856323, 0.4242991507053375, 0.8471114635467529, 0.48328346014022827, 0.408692866563797, 2.915335178375244, 1.407839059829712, 1.0568385124206543, 1.158311128616333, 1.3384889364242554, 2.185105085372925, 2.546795606613159, 0.4322725534439087, 0.4411526918411255, 1.6974352598190308, 0.9432885646820068, 0.7414852380752563, 1.208572268486023, 0.945106029510498, 1.7113360166549683, 2.53584361076355, 1.7384811639785767, 2.1982533931732178, 1.693928837776184, 0.4115675091743469, 1.9002400636672974, 1.4899863004684448, 1.4844403266906738, 1.1104249954223633, 1.1048729419708252, 1.633631706237793, 0.41373658180236816, 0.913499116897583, 0.4154036045074463, 0.4333399832248688, 1.3377078771591187, 2.5442867279052734, 0.5683959722518921, 1.9944490194320679, 1.5663424730300903, 0.6095964908599854, 0.568362295627594, 1.3951237201690674, 3.0823845863342285, 0.6188842058181763, 0.9934173822402954, 0.799854576587677, 1.101027250289917, 0.9756069779396057, 0.42358750104904175, 0.917837917804718, 0.4152787923812866, 1.4310286045074463, 1.1859064102172852, 2.6813201904296875, 1.1594181060791016, 0.8300222754478455, 0.8418946862220764, 0.9709227085113525, 0.4809660017490387, 0.8062608242034912, 0.4239121973514557, 2.2946784496307373, 1.8661302328109741, 1.6481884717941284, 0.8627251386642456, 2.596113681793213, 0.687670111656189, 1.485859990119934, 0.9867393970489502, 0.5492687225341797, 1.8362699747085571, 0.43028727173805237, 1.1484748125076294, 2.3353989124298096, 1.9621093273162842, 2.092789649963379, 3.3772706985473633, 0.44579392671585083, 0.9054968953132629, 1.6426931619644165, 0.41193416714668274, 0.4218009114265442, 2.509565591812134, 0.7206123471260071, 0.8952292799949646, 0.41538679599761963, 2.3979098796844482, 1.0457683801651, 0.438240647315979, 0.4708178639411926, 1.9436979293823242, 3.7842371463775635, 0.5754901766777039, 1.4857105016708374, 1.5106823444366455, 0.9222109913825989, 0.7194815278053284, 0.8913190364837646, 1.0443757772445679, 0.8592576384544373, 1.0975115299224854, 1.060510277748108, 0.6764180064201355, 0.6953473091125488, 0.7667003870010376, 1.2831746339797974, 1.1774611473083496, 2.8030426502227783, 1.9529812335968018, 3.235546588897705, 0.40753012895584106, 0.5436642169952393, 1.7860174179077148, 2.5881049633026123, 1.9292306900024414, 3.5624706745147705, 0.42364585399627686, 1.7444665431976318, 0.6698458790779114, 0.4155478775501251, 0.6189481616020203, 0.708504319190979, 0.4113743305206299, 0.4176168143749237, 1.0048162937164307, 0.7022111415863037, 1.3347467184066772, 2.274397134780884, 2.286923408508301, 2.136425495147705, 2.779660701751709, 1.013582468032837, 0.5804367661476135, 1.101806640625, 1.3256769180297852, 2.192625045776367, 2.807124614715576, 0.7562503218650818, 1.284822702407837, 0.7535061836242676, 1.0257240533828735, 0.4801991283893585, 1.4734727144241333, 1.665458083152771, 1.6576532125473022, 0.48036453127861023, 1.846437692642212, 1.1125143766403198, 0.6451463103294373, 1.441809058189392, 2.2162864208221436, 2.4514880180358887, 0.4136635959148407, 2.0943121910095215, 2.2137677669525146, 1.8142890930175781, 0.6589385867118835, 0.5479238033294678, 2.1578283309936523, 2.8459038734436035, 1.4569036960601807, 1.0304312705993652]",0.0,"[33.0, 33.0, 33.0, 33.0, 32.0, 27.0, 9.0, 3.0, 0.0, 0.0, 0.0, 0.0, 0.0, 0.0, 0.0, 0.0, 0.0, 0.0, 0.0, 0.0, 0.0, 0.0, 0.0, 0.0, 0.0, 0.0, 0.0, 0.0, 0.0, 0.0, 0.0, 0.0, 0.0, 0.0, 0.0, 0.0, 0.0, 0.0, 0.0, 0.0, 0.0, 0.0, 0.0, 0.0, 0.0, 0.0, 0.0, 0.0, 0.0, 0.0, 0.0, 0.0, 0.0, 0.0, 0.0, 0.0, 0.0, 0.0, 0.0, 0.0, 0.0, 0.0, 0.0, 0.0, 0.0, 0.0, 0.0, 0.0, 0.0, 0.0, 0.0, 0.0, 0.0, 0.0, 0.0, 0.0, 0.0, 0.0, 0.0, 0.0, 0.0, 0.0, 0.0, 0.0, 0.0, 0.0, 0.0, 0.0, 0.0, 0.0, 0.0, 0.0, 0.0, 0.0, 0.0, 0.0, 0.0, 0.0, 0.0, 0.0, 0.0, 0.0, 0.0, 0.0, 0.0, 0.0, 0.0, 0.0, 0.0, 0.0, 0.0, 0.0, 0.0, 0.0, 0.0, 0.0, 0.0, 0.0, 0.0, 0.0, 0.0, 0.0, 0.0, 0.0, 0.0, 0.0, 0.0, 0.0, 0.0, 0.0, 0.0, 0.0, 0.0, 0.0, 0.0, 0.0, 0.0, 0.0, 0.0, 0.0, 0.0, 0.0, 0.0, 0.0, 0.0, 0.0, 0.0, 0.0, 0.0, 0.0, 0.0, 0.0, 0.0, 0.0, 0.0, 0.0, 0.0, 0.0, 0.0, 0.0, 0.0, 0.0, 0.0, 0.0, 0.0, 0.0, 0.0, 0.0, 0.0, 0.0, 0.0, 0.0, 0.0, 0.0, 0.0, 0.0, 0.0, 0.0, 0.0, 0.0, 0.0, 0.0, 0.0, 0.0, 0.0, 0.0, 0.0, 0.0, 0.0, 0.0, 0.0, 0.0, 0.0, 0.0, 0.0, 0.0, 0.0, 0.0, 0.0, 0.0, 0.0, 0.0, 0.0, 0.0, 0.0]",COMPLETE
82,82,0.9146217361621002,2024-08-31 04:00:32.557740,2024-08-31 04:01:46.807411,0 days 00:01:14.249671,4,6.2473935944433086,4,140,0.014827882957226552,77,0.0004974910315503283,0.9,0.9175,17,"[33, 32, 26, 22, 19, 19, 19, 19, 19, 19, 19, 19, 19, 19, 19, 19, 19, 18, 18, 18, 18, 18, 18, 18, 18, 18, 18, 18, 18, 18, 18, 18, 18, 18, 18, 18, 18, 18, 18, 18, 18, 18, 18, 18, 18, 18, 18, 18, 18, 18, 18, 18, 18, 18, 18, 18, 18, 18, 18, 18, 18, 18, 18, 18, 18, 18, 18, 18, 18, 18, 18, 18, 18, 18, 18, 18, 18, 18, 18, 18, 18, 18, 18, 18, 18, 18, 18, 18, 18, 18, 18, 18, 18, 18, 18, 18, 18, 18, 18, 18, 18, 18, 18, 18, 18, 18, 18, 18, 18, 18, 18, 18, 18, 18, 18, 18, 18, 18, 18, 18, 18, 18, 18, 18, 18, 18, 18, 17, 17, 17, 17, 17, 17, 17, 17, 17, 17, 17, 17, 17]",16.95411255411255,"[32.95238095238095, 31.961038961038962, 25.972294372294375, 21.97922077922078, 18.980952380952385, 18.974025974025974, 18.976623376623376, 18.985281385281386, 18.974025974025974, 18.974025974025974, 18.980952380952377, 18.979220779220782, 18.98268398268398, 18.985281385281386, 18.98701298701299, 18.98095238095238, 18.97922077922078, 17.98874458874459, 17.98701298701299, 17.97835497835498, 17.98095238095238, 17.982683982683984, 17.980952380952377, 17.98181818181818, 17.986147186147186, 17.974025974025974, 17.986147186147186, 17.98787878787879, 17.984415584415583, 17.981818181818184, 17.983549783549783, 17.985281385281386, 17.982683982683984, 17.978354978354982, 17.984415584415583, 17.97922077922078, 17.975757575757576, 17.975757575757576, 17.97835497835498, 17.975757575757576, 17.97748917748918, 17.98008658008658, 17.97748917748918, 17.980086580086578, 17.97229437229437, 17.985281385281386, 17.97922077922078, 17.974891774891773, 17.98181818181818, 17.974025974025974, 17.970562770562772, 17.98181818181818, 17.969696969696972, 17.986147186147186, 17.98095238095238, 17.96883116883117, 17.979220779220782, 17.97142857142857, 17.983549783549783, 17.97835497835498, 17.98008658008658, 17.97056277056277, 17.969696969696972, 17.97142857142857, 17.97402597402597, 17.97922077922078, 17.966233766233767, 17.97835497835498, 17.970562770562772, 17.98008658008658, 17.97835497835498, 17.981818181818184, 17.96883116883117, 17.97142857142857, 17.97922077922078, 17.97056277056277, 17.96796536796537, 17.977489177489176, 17.976623376623376, 17.975757575757576, 17.976623376623376, 17.97835497835498, 17.966233766233763, 17.962770562770565, 17.96709956709957, 17.96883116883117, 17.97835497835498, 17.967965367965366, 17.966233766233767, 17.97922077922078, 17.965367965367964, 17.97056277056277, 17.969696969696972, 17.97142857142857, 17.967099567099567, 17.95064935064935, 17.96017316017316, 17.961904761904766, 17.955844155844158, 17.96363636363636, 17.96277056277056, 17.96277056277056, 17.964502164502164, 17.974025974025974, 17.955844155844154, 17.956709956709954, 17.959307359307356, 17.95844155844156, 17.965367965367964, 17.953246753246752, 17.953246753246752, 17.958441558441557, 17.95064935064935, 17.95930735930736, 17.951515151515153, 17.96017316017316, 17.954112554112555, 17.95757575757576, 17.957575757575757, 17.955844155844154, 17.96017316017316, 17.94891774891775, 17.961038961038962, 17.954112554112555, 17.955844155844154, 17.953246753246752, 17.952380952380953, 16.949783549783547, 16.957575757575757, 16.954112554112555, 16.96363636363636, 16.95930735930736, 16.954978354978355, 16.951515151515153, 16.948051948051948, 16.952380952380953, 16.948051948051948, 16.954112554112555, 16.963636363636365, 16.95411255411255]",0.8597082208406609,0.9146217361621002,17,"[33, 32, 26, 22, 19, 19, 19, 19, 19, 19, 19, 19, 19, 19, 19, 19, 19, 18, 18, 18, 18, 18, 18, 18, 18, 18, 18, 18, 18, 18, 18, 18, 18, 18, 18, 18, 18, 18, 18, 18, 18, 18, 18, 18, 18, 18, 18, 18, 18, 18, 18, 18, 18, 18, 18, 18, 18, 18, 18, 18, 18, 18, 18, 18, 18, 18, 18, 18, 18, 18, 18, 18, 18, 18, 18, 18, 18, 18, 18, 18, 18, 18, 18, 18, 18, 18, 18, 18, 18, 18, 18, 18, 18, 18, 18, 18, 18, 18, 18, 18, 18, 18, 18, 18, 18, 18, 18, 18, 18, 18, 18, 18, 18, 18, 18, 18, 18, 18, 18, 18, 18, 18, 18, 18, 18, 18, 18, 17, 17, 17, 17, 17, 17, 17, 17, 17, 17, 17, 17, 17]",140,"[3.4697844982147217, 0.633877158164978, 0.3220551013946533, 2.9199841022491455, 0.3145964443683624, 0.3332725763320923, 0.7813597321510315, 0.6555375456809998, 0.26605352759361267, 1.4945025444030762, 0.2794444262981415, 0.2549450695514679, 0.3268246054649353, 0.30197563767433167, 0.2735661268234253, 0.17920982837677002, 0.6776884198188782, 0.35641318559646606, 0.28422796726226807, 0.18793457746505737, 0.1837397962808609, 0.21404248476028442, 0.20231309533119202, 0.24060283601284027, 0.7521553635597229, 0.25689440965652466, 0.5014299154281616, 0.2891625463962555, 0.2884679138660431, 0.17916852235794067, 0.24798671901226044, 0.20637919008731842, 0.18825072050094604, 0.17199589312076569, 0.23295332491397858, 0.230899378657341, 0.3598007559776306, 0.3785901665687561, 0.21750043332576752, 0.198308065533638, 0.5183216333389282, 0.5184871554374695, 0.30727043747901917, 0.18208183348178864, 0.486837774515152, 0.217935711145401, 0.21981285512447357, 0.2343941181898117, 0.35366368293762207, 0.23891054093837738, 0.23244427144527435, 0.42725858092308044, 0.2521253824234009, 0.19164876639842987, 0.21661831438541412, 0.24586153030395508, 0.21826156973838806, 0.2010166347026825, 0.25237709283828735, 0.2061026245355606, 0.19966140389442444, 0.3534662127494812, 0.2978575825691223, 0.2098803073167801, 0.3478257656097412, 0.312324583530426, 0.2190651297569275, 0.2792187035083771, 0.4131435453891754, 0.3812948167324066, 0.3867887258529663, 0.26269814372062683, 0.2324959635734558, 0.24898849427700043, 0.2733853757381439, 0.277010053396225, 0.2563420534133911, 0.40649473667144775, 0.255109965801239, 0.25496920943260193, 0.26994845271110535, 0.24763496220111847, 0.2556959390640259, 0.29494228959083557, 0.2456522136926651, 0.29990872740745544, 0.25952228903770447, 0.24918119609355927, 0.2392224669456482, 0.27712690830230713, 0.39479389786720276, 0.26242074370384216, 0.2588880658149719, 0.28918561339378357, 0.25720345973968506, 0.25910940766334534, 0.3718474209308624, 0.2949564456939697, 0.48588356375694275, 0.27988213300704956, 0.2831468880176544, 0.33938995003700256, 0.3001430034637451, 0.3333702087402344, 0.2654510736465454, 0.2783069908618927, 0.2809435725212097, 0.27134257555007935, 0.2930954098701477, 0.30807167291641235, 0.3206329047679901, 0.3248791992664337, 0.28829777240753174, 0.3022988736629486, 0.295452356338501, 0.29777073860168457, 0.2897881269454956, 0.33793896436691284, 0.3194446861743927, 0.3919459879398346, 0.35971298813819885, 0.32531973719596863, 0.872758686542511, 0.2965960204601288, 0.2941839396953583, 0.3188175559043884, 0.29520952701568604, 0.34895026683807373, 0.32519325613975525, 0.3760030269622803, 0.41857612133026123, 0.3082730174064636, 0.327289342880249, 0.41256070137023926, 0.33065125346183777, 0.332773357629776, 0.3467654883861542, 0.3229464292526245, 0.40594205260276794, 0.39960506558418274]",17.0,"[33.0, 32.0, 26.0, 22.0, 19.0, 19.0, 19.0, 19.0, 19.0, 19.0, 19.0, 19.0, 19.0, 19.0, 19.0, 19.0, 19.0, 18.0, 18.0, 18.0, 18.0, 18.0, 18.0, 18.0, 18.0, 18.0, 18.0, 18.0, 18.0, 18.0, 18.0, 18.0, 18.0, 18.0, 18.0, 18.0, 18.0, 18.0, 18.0, 18.0, 18.0, 18.0, 18.0, 18.0, 18.0, 18.0, 18.0, 18.0, 18.0, 18.0, 18.0, 18.0, 18.0, 18.0, 18.0, 18.0, 18.0, 18.0, 18.0, 18.0, 18.0, 18.0, 18.0, 18.0, 18.0, 18.0, 18.0, 18.0, 18.0, 18.0, 18.0, 18.0, 18.0, 18.0, 18.0, 18.0, 18.0, 18.0, 18.0, 18.0, 18.0, 18.0, 18.0, 18.0, 18.0, 18.0, 18.0, 18.0, 18.0, 18.0, 18.0, 18.0, 18.0, 18.0, 18.0, 18.0, 18.0, 18.0, 18.0, 18.0, 18.0, 18.0, 18.0, 18.0, 18.0, 18.0, 18.0, 18.0, 18.0, 18.0, 18.0, 18.0, 18.0, 18.0, 18.0, 18.0, 18.0, 18.0, 18.0, 18.0, 18.0, 18.0, 18.0, 18.0, 18.0, 18.0, 18.0, 17.0, 17.0, 17.0, 17.0, 17.0, 17.0, 17.0, 17.0, 17.0, 17.0, 17.0, 17.0, 17.0]",COMPLETE
