,number,value,datetime_start,datetime_complete,duration,params_batch_size_scaler,params_constant_learning_rate,params_depth,params_epochs,params_kernel_l2,params_num_trees,params_temperature,user_attrs_accuracy_test,user_attrs_accuracy_valid,user_attrs_approximate_feature_sparsity,user_attrs_approximate_feature_sparsity_history,user_attrs_approximate_weight_sparsity,user_attrs_approximate_weight_sparsity_history,user_attrs_auc_test,user_attrs_auc_valid,user_attrs_feature_sparsity,user_attrs_feature_sparsity_history,user_attrs_num_epochs,user_attrs_val_loss_history,user_attrs_weight_sparsity,user_attrs_weight_sparsity_history,state
138,138,0.9158197111978462,2024-08-31 06:12:34.906319,2024-08-31 06:12:58.399425,0 days 00:00:23.493106,16,0.1685594346329023,2,205,0.6255961275618718,89,0.00014236750989730864,0.909,0.89625,16,"[33, 33, 33, 33, 33, 33, 33, 33, 33, 33, 33, 33, 33, 33, 33, 33, 33, 33, 33, 33, 33, 33, 33, 33, 33, 33, 33, 33, 33, 33, 33, 33, 33, 33, 33, 33, 33, 33, 33, 33, 33, 33, 33, 33, 33, 33, 33, 33, 33, 33, 33, 33, 33, 33, 33, 33, 33, 33, 33, 33, 33, 33, 33, 33, 33, 33, 33, 33, 33, 33, 33, 33, 33, 33, 33, 33, 33, 33, 33, 33, 33, 33, 33, 33, 33, 33, 33, 33, 33, 33, 33, 33, 33, 33, 33, 33, 33, 33, 33, 33, 33, 33, 33, 33, 32, 32, 30, 26, 26, 24, 22, 22, 21, 21, 20, 20, 20, 20, 20, 20, 20, 20, 20, 19, 18, 18, 18, 17, 17, 17, 17, 17, 16, 16, 16, 16, 16, 16, 16, 16, 16, 16, 16, 16, 16, 16, 16, 16, 16, 16, 16, 16, 16, 16, 16, 16, 16, 16, 16, 16, 16, 16, 16, 16, 16, 16, 16, 16, 16, 16, 16, 16, 16, 16, 16, 16, 16, 16, 16, 16, 16, 16, 16, 16, 16, 16, 16, 16, 16, 16, 16, 16, 16, 16, 16, 16, 16, 16, 16, 16, 16, 16, 16, 16, 16]",15.92883895131086,"[32.97752808988764, 32.95505617977528, 32.9812734082397, 32.9625468164794, 32.9625468164794, 32.9625468164794, 32.97752808988764, 32.97003745318352, 32.97003745318352, 32.97003745318352, 32.97003745318352, 32.97752808988764, 32.97378277153558, 32.95880149812734, 32.97752808988764, 32.9812734082397, 32.96629213483146, 32.97752808988764, 32.9625468164794, 32.9812734082397, 32.9625468164794, 32.97378277153558, 32.95880149812734, 32.97003745318352, 32.9625468164794, 32.9812734082397, 32.97378277153558, 32.98876404494382, 32.98876404494382, 32.97378277153558, 32.95880149812734, 32.97003745318352, 32.97378277153558, 32.96629213483146, 32.97752808988764, 32.95505617977528, 32.95505617977528, 32.951310861423224, 32.951310861423224, 32.97003745318352, 32.95505617977528, 32.9625468164794, 32.97378277153558, 32.97378277153558, 32.96629213483146, 32.947565543071164, 32.97752808988764, 32.96629213483146, 32.943820224719104, 32.951310861423224, 32.97378277153558, 32.95505617977528, 32.97003745318352, 32.9625468164794, 32.97378277153558, 32.9625468164794, 32.95505617977528, 32.97378277153558, 32.95505617977528, 32.96629213483146, 32.947565543071164, 32.947565543071164, 32.95880149812734, 32.97003745318352, 32.95880149812734, 32.96629213483146, 32.95505617977528, 32.951310861423224, 32.951310861423224, 32.943820224719104, 32.951310861423224, 32.947565543071164, 32.936329588014985, 32.940074906367045, 32.940074906367045, 32.940074906367045, 32.947565543071164, 32.928838951310865, 32.921348314606746, 32.93632958801498, 32.936329588014985, 32.928838951310865, 32.947565543071164, 32.951310861423224, 32.92883895131086, 32.936329588014985, 32.940074906367045, 32.932584269662925, 32.92134831460674, 32.9250936329588, 32.95880149812734, 32.932584269662925, 32.92883895131086, 32.936329588014985, 32.928838951310865, 32.951310861423224, 32.925093632958806, 32.936329588014985, 32.936329588014985, 32.925093632958806, 32.940074906367045, 32.936329588014985, 32.917602996254686, 32.92134831460674, 31.94756554307116, 31.92134831460674, 29.917602996254683, 25.936329588014985, 25.94756554307116, 23.966292134831463, 21.936329588014978, 21.9438202247191, 20.958801498127343, 20.962546816479403, 19.973782771535582, 19.98876404494382, 19.98501872659176, 19.970037453183522, 19.970037453183522, 19.95505617977528, 19.962546816479403, 19.955056179775283, 19.955056179775283, 18.951310861423224, 17.958801498127343, 17.958801498127343, 17.970037453183522, 16.98501872659176, 16.973782771535582, 16.95880149812734, 16.9812734082397, 16.970037453183522, 15.977528089887642, 15.958801498127343, 15.970037453183522, 15.970037453183522, 15.970037453183522, 15.958801498127343, 15.970037453183522, 15.96629213483146, 15.99250936329588, 15.99250936329588, 15.970037453183522, 15.970037453183522, 15.966292134831463, 15.98876404494382, 15.962546816479403, 15.9625468164794, 15.981273408239701, 15.966292134831463, 15.981273408239701, 15.95880149812734, 15.966292134831463, 15.970037453183522, 15.970037453183522, 15.973782771535582, 15.973782771535582, 15.985018726591761, 15.985018726591761, 15.966292134831463, 15.966292134831463, 15.973782771535582, 15.96629213483146, 15.966292134831463, 15.9625468164794, 15.95131086142322, 15.940074906367041, 15.95505617977528, 15.95880149812734, 15.973782771535582, 15.9625468164794, 15.9438202247191, 15.966292134831463, 15.947565543071162, 15.966292134831463, 15.951310861423222, 15.9438202247191, 15.94007490636704, 15.966292134831463, 15.962546816479403, 15.962546816479403, 15.95880149812734, 15.95880149812734, 15.962546816479403, 15.9625468164794, 15.94756554307116, 15.94756554307116, 15.95131086142322, 15.955056179775283, 15.951310861423222, 15.9438202247191, 15.966292134831463, 15.932584269662922, 15.9438202247191, 15.970037453183522, 15.966292134831463, 15.977528089887642, 15.981273408239701, 15.958801498127341, 15.95880149812734, 15.943820224719099, 15.917602996254681, 15.9250936329588, 15.9438202247191, 15.92883895131086]",0.8990166695563867,0.9158197111978462,16,"[33, 33, 33, 33, 33, 33, 33, 33, 33, 33, 33, 33, 33, 33, 33, 33, 33, 33, 33, 33, 33, 33, 33, 33, 33, 33, 33, 33, 33, 33, 33, 33, 33, 33, 33, 33, 33, 33, 33, 33, 33, 33, 33, 33, 33, 33, 33, 33, 33, 33, 33, 33, 33, 33, 33, 33, 33, 33, 33, 33, 33, 33, 33, 33, 33, 33, 33, 33, 33, 33, 33, 33, 33, 33, 33, 33, 33, 33, 33, 33, 33, 33, 33, 33, 33, 33, 33, 33, 33, 33, 33, 33, 33, 33, 33, 33, 33, 33, 33, 33, 33, 33, 33, 33, 32, 32, 30, 26, 26, 24, 22, 22, 21, 21, 20, 20, 20, 20, 20, 20, 20, 20, 20, 19, 18, 18, 18, 17, 17, 17, 17, 17, 16, 16, 16, 16, 16, 16, 16, 16, 16, 16, 16, 16, 16, 16, 16, 16, 16, 16, 16, 16, 16, 16, 16, 16, 16, 16, 16, 16, 16, 16, 16, 16, 16, 16, 16, 16, 16, 16, 16, 16, 16, 16, 16, 16, 16, 16, 16, 16, 16, 16, 16, 16, 16, 16, 16, 16, 16, 16, 16, 16, 16, 16, 16, 16, 16, 16, 16, 16, 16, 16, 16, 16, 16]",205,"[0.5263194441795349, 0.5132065415382385, 0.5034593343734741, 0.5028375387191772, 0.492019921541214, 0.4948769509792328, 0.5009724497795105, 0.4775362014770508, 0.4763311743736267, 0.5004902482032776, 0.46730828285217285, 0.4630666673183441, 0.45995986461639404, 0.4564629793167114, 0.4528830051422119, 0.4628501534461975, 0.44655680656433105, 0.44467273354530334, 0.4408143162727356, 0.43833476305007935, 0.4372895061969757, 0.4337400794029236, 0.4314686059951782, 0.42726677656173706, 0.42456474900245667, 0.422378271818161, 0.42327776551246643, 0.4177147150039673, 0.4153708517551422, 0.4130688011646271, 0.41260308027267456, 0.4113842844963074, 0.406713604927063, 0.4084300100803375, 0.40433451533317566, 0.40970587730407715, 0.39995887875556946, 0.3970354199409485, 0.3954872786998749, 0.3928472101688385, 0.3915702700614929, 0.39421820640563965, 0.3879085183143616, 0.390542596578598, 0.38528701663017273, 0.3848094940185547, 0.38157281279563904, 0.3796672821044922, 0.3909631073474884, 0.37864482402801514, 0.38288745284080505, 0.37541162967681885, 0.3734794855117798, 0.37170326709747314, 0.3714951276779175, 0.37547439336776733, 0.3668457269668579, 0.3666238486766815, 0.36401602625846863, 0.36275309324264526, 0.3614039123058319, 0.3618602454662323, 0.3597504794597626, 0.35717296600341797, 0.356459379196167, 0.3555116653442383, 0.3545524477958679, 0.3538679778575897, 0.35155314207077026, 0.35212254524230957, 0.3546655774116516, 0.34723687171936035, 0.34644782543182373, 0.3452754616737366, 0.34520840644836426, 0.3424634039402008, 0.3416520059108734, 0.3408661186695099, 0.33944636583328247, 0.3383687138557434, 0.3431072235107422, 0.3436886668205261, 0.3397485315799713, 0.3351271450519562, 0.3324066400527954, 0.33775484561920166, 0.33171093463897705, 0.33208128809928894, 0.3274185061454773, 0.3281654715538025, 0.3335384130477905, 0.324379563331604, 0.32277214527130127, 0.3373340368270874, 0.3211457133293152, 0.3202265799045563, 0.3204631805419922, 0.3241616487503052, 0.31600916385650635, 0.3155122995376587, 0.3137383759021759, 0.3125145435333252, 0.31178826093673706, 0.31017011404037476, 0.30921828746795654, 0.3094838857650757, 0.31087926030158997, 0.30434998869895935, 0.3037893772125244, 0.3002946376800537, 0.29777294397354126, 0.2975377142429352, 0.2972818911075592, 0.2943607270717621, 0.2913993000984192, 0.2914724051952362, 0.2919621169567108, 0.2900637686252594, 0.2905353903770447, 0.29855623841285706, 0.28923189640045166, 0.2884705364704132, 0.28680387139320374, 0.28593000769615173, 0.29010745882987976, 0.2852695882320404, 0.2840328514575958, 0.286526620388031, 0.2848367393016815, 0.2859618067741394, 0.2870338559150696, 0.2831451892852783, 0.2907942831516266, 0.2853010892868042, 0.28118017315864563, 0.28089261054992676, 0.28090888261795044, 0.2799340784549713, 0.2826339602470398, 0.2869374454021454, 0.2782457172870636, 0.27942928671836853, 0.2766875624656677, 0.27809420228004456, 0.2790219485759735, 0.2784513533115387, 0.2754634916782379, 0.27739855647087097, 0.2742916941642761, 0.2771574556827545, 0.2732841372489929, 0.2748495638370514, 0.2759788930416107, 0.27597329020500183, 0.27257615327835083, 0.2712923288345337, 0.27054569125175476, 0.27159982919692993, 0.27262964844703674, 0.2694496512413025, 0.27296483516693115, 0.27313855290412903, 0.2679940164089203, 0.26801788806915283, 0.2672293782234192, 0.2691788077354431, 0.26860731840133667, 0.2741168141365051, 0.265901118516922, 0.26666897535324097, 0.2651943862438202, 0.26480481028556824, 0.26595166325569153, 0.2664918303489685, 0.2650778889656067, 0.2636517584323883, 0.2652707099914551, 0.26497870683670044, 0.2642599940299988, 0.26311489939689636, 0.2619423568248749, 0.269212931394577, 0.2622719705104828, 0.26207560300827026, 0.26377707719802856, 0.2617696523666382, 0.26497554779052734, 0.26046788692474365, 0.2626288831233978, 0.2596763074398041, 0.25907158851623535, 0.26637834310531616, 0.2605176568031311, 0.25702065229415894, 0.2572188675403595, 0.25806039571762085, 0.25807029008865356, 0.2570314407348633, 0.2617231607437134, 0.2569812536239624, 0.25641223788261414, 0.25697416067123413, 0.257124662399292, 0.2573055922985077, 0.25556492805480957]",16.0,"[33.0, 33.0, 33.0, 33.0, 33.0, 33.0, 33.0, 33.0, 33.0, 33.0, 33.0, 33.0, 33.0, 33.0, 33.0, 33.0, 33.0, 33.0, 33.0, 33.0, 33.0, 33.0, 33.0, 33.0, 33.0, 33.0, 33.0, 33.0, 33.0, 33.0, 33.0, 33.0, 33.0, 33.0, 33.0, 33.0, 33.0, 33.0, 33.0, 33.0, 33.0, 33.0, 33.0, 33.0, 33.0, 33.0, 33.0, 33.0, 33.0, 33.0, 33.0, 33.0, 33.0, 33.0, 33.0, 33.0, 33.0, 33.0, 33.0, 33.0, 33.0, 33.0, 33.0, 33.0, 33.0, 33.0, 33.0, 33.0, 33.0, 33.0, 33.0, 33.0, 33.0, 33.0, 33.0, 33.0, 33.0, 33.0, 33.0, 33.0, 33.0, 33.0, 33.0, 33.0, 33.0, 33.0, 33.0, 33.0, 33.0, 33.0, 33.0, 33.0, 33.0, 33.0, 33.0, 33.0, 33.0, 33.0, 33.0, 33.0, 33.0, 33.0, 33.0, 33.0, 32.0, 32.0, 30.0, 26.0, 26.0, 24.0, 22.0, 22.0, 21.0, 21.0, 20.0, 20.0, 20.0, 20.0, 20.0, 20.0, 20.0, 20.0, 20.0, 19.0, 18.0, 18.0, 18.0, 17.0, 17.0, 17.0, 17.0, 17.0, 16.0, 16.0, 16.0, 16.0, 16.0, 16.0, 16.0, 16.0, 16.0, 16.0, 16.0, 16.0, 16.0, 16.0, 16.0, 16.0, 16.0, 16.0, 16.0, 16.0, 16.0, 16.0, 16.0, 16.0, 16.0, 16.0, 16.0, 16.0, 16.0, 16.0, 16.0, 16.0, 16.0, 16.0, 16.0, 16.0, 16.0, 16.0, 16.0, 16.0, 16.0, 16.0, 16.0, 16.0, 16.0, 16.0, 16.0, 16.0, 16.0, 16.0, 16.0, 16.0, 16.0, 16.0, 16.0, 16.0, 16.0, 16.0, 16.0, 16.0, 16.0, 16.0, 16.0, 16.0, 16.0, 16.0, 16.0, 16.0, 16.0, 16.0, 16.0, 16.0, 16.0]",COMPLETE
139,139,0.5,2024-08-31 06:13:02.388802,2024-08-31 06:13:32.326642,0 days 00:00:29.937840,4,0.7413302362831065,3,70,0.00751366759274022,23,0.04811584737562756,0.859,0.85875,0,"[0, 0, 0, 0, 0, 0, 0, 0, 0, 0, 0, 0, 0, 0, 0, 0, 0, 0, 0, 0, 0, 0, 0, 0, 0, 0, 0, 0, 0, 0, 0, 0, 0, 0, 0, 0, 0, 0, 0, 0, 0, 0, 0, 0, 0, 0, 0, 0, 0, 0, 0, 0, 0, 0, 0, 0, 0, 0, 0, 0, 0, 0, 0, 0, 0, 0, 0, 0, 0, 0]",0.0,"[0.0, 0.0, 0.0, 0.0, 0.0, 0.0, 0.0, 0.0, 0.0, 0.0, 0.0, 0.0, 0.0, 0.0, 0.0, 0.0, 0.0, 0.0, 0.0, 0.0, 0.0, 0.0, 0.0, 0.0, 0.0, 0.0, 0.0, 0.0, 0.0, 0.0, 0.0, 0.0, 0.0, 0.0, 0.0, 0.0, 0.0, 0.0, 0.0, 0.0, 0.0, 0.0, 0.0, 0.0, 0.0, 0.0, 0.0, 0.0, 0.0, 0.0, 0.0, 0.0, 0.0, 0.0, 0.0, 0.0, 0.0, 0.0, 0.0, 0.0, 0.0, 0.0, 0.0, 0.0, 0.0, 0.0, 0.0, 0.0, 0.0, 0.0]",0.5,0.5,0,"[0, 0, 0, 0, 0, 0, 0, 0, 0, 0, 0, 0, 0, 0, 0, 0, 0, 0, 0, 0, 0, 0, 0, 0, 0, 0, 0, 0, 0, 0, 0, 0, 0, 0, 0, 0, 0, 0, 0, 0, 0, 0, 0, 0, 0, 0, 0, 0, 0, 0, 0, 0, 0, 0, 0, 0, 0, 0, 0, 0, 0, 0, 0, 0, 0, 0, 0, 0, 0, 0]",70,"[0.41162124276161194, 0.4078786373138428, 0.40971866250038147, 0.40939804911613464, 0.410527765750885, 0.40777114033699036, 0.41168829798698425, 0.40762650966644287, 0.4074539542198181, 0.4072872996330261, 0.40722692012786865, 0.4091830849647522, 0.4106425940990448, 0.4118269085884094, 0.4080863893032074, 0.41298022866249084, 0.4085921049118042, 0.4136059880256653, 0.40748047828674316, 0.40969452261924744, 0.40807029604911804, 0.40740767121315, 0.41069862246513367, 0.41043660044670105, 0.40910378098487854, 0.40806907415390015, 0.4099847376346588, 0.4127199053764343, 0.4072767496109009, 0.407253623008728, 0.4087166488170624, 0.40783143043518066, 0.4072866439819336, 0.41081932187080383, 0.40749499201774597, 0.4074225127696991, 0.4074220359325409, 0.4084582030773163, 0.40739449858665466, 0.4322775602340698, 0.4097636044025421, 0.4093051552772522, 0.4087991416454315, 0.40809565782546997, 0.4084288477897644, 0.4072439968585968, 0.4078699052333832, 0.41024476289749146, 0.4101446866989136, 0.4177054166793823, 0.41004085540771484, 0.4082530736923218, 0.4077737331390381, 0.4090525507926941, 0.40883612632751465, 0.41058245301246643, 0.40895211696624756, 0.40834590792655945, 0.41191235184669495, 0.42099884152412415, 0.40729960799217224, 0.408921480178833, 0.4110146462917328, 0.40732139348983765, 0.40908119082450867, 0.40870243310928345, 0.41807350516319275, 0.40728363394737244, 0.4087940454483032, 0.4106000065803528]",0.0,"[0.0, 0.0, 0.0, 0.0, 0.0, 0.0, 0.0, 0.0, 0.0, 0.0, 0.0, 0.0, 0.0, 0.0, 0.0, 0.0, 0.0, 0.0, 0.0, 0.0, 0.0, 0.0, 0.0, 0.0, 0.0, 0.0, 0.0, 0.0, 0.0, 0.0, 0.0, 0.0, 0.0, 0.0, 0.0, 0.0, 0.0, 0.0, 0.0, 0.0, 0.0, 0.0, 0.0, 0.0, 0.0, 0.0, 0.0, 0.0, 0.0, 0.0, 0.0, 0.0, 0.0, 0.0, 0.0, 0.0, 0.0, 0.0, 0.0, 0.0, 0.0, 0.0, 0.0, 0.0, 0.0, 0.0, 0.0, 0.0, 0.0, 0.0]",COMPLETE
