,number,value,datetime_start,datetime_complete,duration,params_batch_size_scaler,params_constant_learning_rate,params_depth,params_epochs,params_kernel_l2,params_num_trees,params_temperature,user_attrs_accuracy_test,user_attrs_accuracy_valid,user_attrs_approximate_feature_sparsity,user_attrs_approximate_feature_sparsity_history,user_attrs_approximate_weight_sparsity,user_attrs_approximate_weight_sparsity_history,user_attrs_auc_test,user_attrs_auc_valid,user_attrs_feature_sparsity,user_attrs_feature_sparsity_history,user_attrs_num_epochs,user_attrs_val_loss_history,user_attrs_weight_sparsity,user_attrs_weight_sparsity_history,state
10,10,0.5,2024-08-31 00:50:56.248570,2024-08-31 00:51:18.301503,0 days 00:00:22.052933,64,8.686579248577939,1,370,0.10865662405349867,63,0.030065511793871253,0.859,0.85875,1,"[4, 12, 12, 6, 3, 2, 2, 2, 2, 1, 5, 4, 4, 4, 4, 3, 2, 2, 1, 1, 5, 2, 2, 2, 2, 2, 2, 2, 2, 2, 2, 2, 2, 2, 2, 2, 1, 1, 1, 1, 1, 0, 0, 2, 1, 1, 1, 1, 1, 1, 1, 1, 1, 1, 1, 1, 1, 0, 1, 1, 1, 1, 1, 1, 1, 1, 1, 1, 1, 1, 1, 1, 1, 1, 1, 1, 1, 1, 1, 1, 1, 1, 1, 1, 1, 1, 1, 1, 1, 1, 1, 1, 1, 1, 1, 1, 1, 1, 1, 1, 1, 1, 1, 1, 1, 1, 1, 1, 1, 1, 1, 1, 1, 1, 1, 1, 1, 1, 1, 0, 1, 1, 2, 2, 2, 2, 2, 1, 4, 2, 2, 2, 2, 1, 2, 2, 2, 2, 2, 2, 1, 2, 1, 2, 2, 2, 1, 0, 2, 2, 2, 2, 1, 4, 4, 3, 3, 2, 2, 2, 2, 2, 2, 2, 2, 2, 2, 2, 2, 1, 1, 1, 1, 1, 1, 1, 1, 1, 1, 1, 1, 1, 1, 1, 1, 1, 1, 1, 1, 1, 1, 1, 1, 1, 1, 1, 1, 1, 1, 1, 1, 1, 1, 1, 1, 1, 1, 1, 1, 1, 1, 1, 1, 1, 1, 1, 1, 1, 1, 1, 1, 1, 1, 1, 1, 1, 1, 1, 1, 0, 2, 2, 0, 0, 1, 1, 1, 3, 2, 2, 2, 2, 2, 1, 1, 1, 1, 1, 1, 1, 1, 1, 1, 1, 1, 1, 1, 1, 1, 1, 1, 1, 1, 1, 1, 1, 1, 1, 1, 1, 1, 1, 0, 1, 1, 1, 1, 1, 1, 1, 1, 1, 1, 1, 1, 1, 1, 1, 0, 1, 1, 1, 1, 1, 1, 1, 1, 1, 1, 1, 1, 1, 1, 1, 1, 1, 1, 1, 1, 1, 1, 1, 1, 1, 1, 1, 1, 1, 1, 1, 1, 1, 1, 1, 1, 1, 1, 1, 1, 1, 1, 1, 1, 1, 1, 0, 1, 1, 1, 1, 1, 1, 1, 1, 1, 1, 1, 1, 1, 1, 1, 1, 1, 1, 1, 1, 1, 1, 1, 1, 1, 1, 1, 1, 1, 1, 1, 1, 1, 1]",1.0,"[4.0, 12.0, 12.0, 6.0, 3.0, 2.0, 2.0, 2.0, 2.0, 1.0, 5.0, 4.0, 4.0, 4.0, 4.0, 3.0, 2.0, 2.0, 1.0, 1.0, 5.0, 2.0, 2.0, 2.0, 2.0, 2.0, 2.0, 2.0, 2.0, 2.0, 2.0, 2.0, 2.0, 2.0, 2.0, 2.0, 1.0, 1.0, 1.0, 1.0, 1.0, 0.0, 0.0, 2.0, 1.0, 1.0, 1.0, 1.0, 1.0, 1.0, 1.0, 1.0, 1.0, 1.0, 1.0, 1.0, 1.0, 0.0, 1.0, 1.0, 1.0, 1.0, 1.0, 1.0, 1.0, 1.0, 1.0, 1.0, 1.0, 1.0, 1.0, 1.0, 1.0, 1.0, 1.0, 1.0, 1.0, 1.0, 1.0, 1.0, 1.0, 1.0, 1.0, 1.0, 1.0, 1.0, 1.0, 1.0, 1.0, 1.0, 1.0, 1.0, 1.0, 1.0, 1.0, 1.0, 1.0, 1.0, 1.0, 1.0, 1.0, 1.0, 1.0, 1.0, 1.0, 1.0, 1.0, 1.0, 1.0, 1.0, 1.0, 1.0, 1.0, 1.0, 1.0, 1.0, 1.0, 1.0, 1.0, 0.0, 1.0, 1.0, 2.0, 2.0, 2.0, 1.9841269841269842, 2.0, 1.0, 4.0, 2.0, 2.0, 2.0, 2.0, 1.0, 2.0, 2.0, 2.0, 2.0, 2.0, 2.0, 1.0, 2.0, 1.0, 2.0, 2.0, 2.0, 1.0, 0.0, 2.0, 2.0, 2.0, 2.0, 1.0, 4.0, 4.0, 3.0, 3.0, 2.0, 2.0, 2.0, 2.0, 2.0, 2.0, 2.0, 2.0, 2.0, 2.0, 2.0, 2.0, 1.0, 1.0, 1.0, 1.0, 1.0, 1.0, 1.0, 1.0, 1.0, 1.0, 1.0, 1.0, 1.0, 1.0, 1.0, 1.0, 1.0, 1.0, 1.0, 1.0, 1.0, 1.0, 1.0, 1.0, 1.0, 1.0, 1.0, 1.0, 1.0, 1.0, 1.0, 1.0, 1.0, 1.0, 1.0, 1.0, 1.0, 1.0, 1.0, 1.0, 1.0, 1.0, 1.0, 1.0, 1.0, 1.0, 1.0, 1.0, 1.0, 1.0, 1.0, 1.0, 1.0, 1.0, 1.0, 1.0, 1.0, 1.0, 1.0, 1.0, 0.0, 2.0, 2.0, 0.0, 0.0, 1.0, 1.0, 1.0, 3.0, 2.0, 2.0, 2.0, 2.0, 2.0, 1.0, 1.0, 1.0, 1.0, 1.0, 1.0, 1.0, 1.0, 1.0, 1.0, 1.0, 1.0, 1.0, 1.0, 1.0, 1.0, 1.0, 1.0, 1.0, 1.0, 1.0, 1.0, 1.0, 1.0, 1.0, 1.0, 1.0, 1.0, 1.0, 0.0, 1.0, 1.0, 1.0, 1.0, 1.0, 1.0, 1.0, 1.0, 1.0, 1.0, 1.0, 1.0, 1.0, 1.0, 1.0, 0.0, 1.0, 1.0, 1.0, 1.0, 1.0, 1.0, 1.0, 1.0, 1.0, 1.0, 1.0, 1.0, 1.0, 1.0, 1.0, 1.0, 1.0, 1.0, 1.0, 1.0, 1.0, 1.0, 1.0, 1.0, 1.0, 1.0, 1.0, 1.0, 1.0, 1.0, 1.0, 1.0, 1.0, 1.0, 1.0, 1.0, 1.0, 1.0, 1.0, 1.0, 1.0, 1.0, 1.0, 1.0, 1.0, 1.0, 0.0, 1.0, 1.0, 1.0, 1.0, 1.0, 1.0, 1.0, 1.0, 1.0, 1.0, 1.0, 1.0, 1.0, 1.0, 1.0, 1.0, 1.0, 1.0, 1.0, 1.0, 1.0, 1.0, 1.0, 1.0, 1.0, 1.0, 1.0, 1.0, 1.0, 1.0, 1.0, 1.0, 1.0, 1.0]",0.5,0.5,1,"[4, 12, 12, 6, 3, 2, 2, 2, 2, 1, 5, 4, 4, 4, 4, 3, 2, 2, 1, 1, 5, 2, 2, 2, 2, 2, 2, 2, 2, 2, 2, 2, 2, 2, 2, 2, 1, 1, 1, 1, 1, 0, 0, 2, 1, 1, 1, 1, 1, 1, 1, 1, 1, 1, 1, 1, 1, 0, 1, 1, 1, 1, 1, 1, 1, 1, 1, 1, 1, 1, 1, 1, 1, 1, 1, 1, 1, 1, 1, 1, 1, 1, 1, 1, 1, 1, 1, 1, 1, 1, 1, 1, 1, 1, 1, 1, 1, 1, 1, 1, 1, 1, 1, 1, 1, 1, 1, 1, 1, 1, 1, 1, 1, 1, 1, 1, 1, 1, 1, 0, 1, 1, 2, 2, 2, 2, 2, 1, 4, 2, 2, 2, 2, 1, 2, 2, 2, 2, 2, 2, 1, 2, 1, 2, 2, 2, 1, 0, 2, 2, 2, 2, 1, 4, 4, 3, 3, 2, 2, 2, 2, 2, 2, 2, 2, 2, 2, 2, 2, 1, 1, 1, 1, 1, 1, 1, 1, 1, 1, 1, 1, 1, 1, 1, 1, 1, 1, 1, 1, 1, 1, 1, 1, 1, 1, 1, 1, 1, 1, 1, 1, 1, 1, 1, 1, 1, 1, 1, 1, 1, 1, 1, 1, 1, 1, 1, 1, 1, 1, 1, 1, 1, 1, 1, 1, 1, 1, 1, 1, 0, 2, 2, 0, 0, 1, 1, 1, 3, 2, 2, 2, 2, 2, 1, 1, 1, 1, 1, 1, 1, 1, 1, 1, 1, 1, 1, 1, 1, 1, 1, 1, 1, 1, 1, 1, 1, 1, 1, 1, 1, 1, 1, 0, 1, 1, 1, 1, 1, 1, 1, 1, 1, 1, 1, 1, 1, 1, 1, 0, 1, 1, 1, 1, 1, 1, 1, 1, 1, 1, 1, 1, 1, 1, 1, 1, 1, 1, 1, 1, 1, 1, 1, 1, 1, 1, 1, 1, 1, 1, 1, 1, 1, 1, 1, 1, 1, 1, 1, 1, 1, 1, 1, 1, 1, 1, 0, 1, 1, 1, 1, 1, 1, 1, 1, 1, 1, 1, 1, 1, 1, 1, 1, 1, 1, 1, 1, 1, 1, 1, 1, 1, 1, 1, 1, 1, 1, 1, 1, 1, 1]",370,"[2.1131834983825684, 4.844842910766602, 63.4310417175293, 97.54443359375, 13.274114608764648, 74.85619354248047, 63.257957458496094, 61.59574890136719, 77.29800415039062, 36.891841888427734, 41.872642517089844, 88.91049194335938, 7.661455154418945, 72.8323745727539, 117.2913589477539, 46.8160285949707, 107.88388061523438, 25.250917434692383, 88.73149108886719, 5.995056629180908, 65.6106185913086, 77.17023468017578, 64.83258819580078, 50.32789993286133, 112.0749740600586, 34.381038665771484, 94.81452178955078, 11.758103370666504, 74.77915954589844, 47.424564361572266, 62.07600402832031, 120.9194107055664, 44.018192291259766, 24.707246780395508, 80.95721435546875, 11.236471176147461, 54.84303283691406, 114.49867248535156, 32.392574310302734, 92.60990905761719, 5.155798435211182, 68.15827178955078, 154.11605834960938, 39.80836868286133, 95.36813354492188, 18.851898193359375, 82.43732452392578, 31.276994705200195, 65.74320220947266, 151.2449188232422, 40.30466079711914, 104.24847412109375, 19.5396728515625, 86.24181365966797, 2.0013537406921387, 70.83080291748047, 56.75554275512695, 57.250186920166016, 121.52676391601562, 37.375492095947266, 99.29055786132812, 13.476806640625, 76.04344940185547, 44.867889404296875, 55.31162643432617, 117.36829376220703, 34.0192756652832, 96.48347473144531, 15.891374588012695, 83.5020523071289, 16.9907169342041, 60.14073181152344, 120.54574584960938, 39.504878997802734, 104.3202896118164, 24.88201141357422, 91.82292938232422, 5.42863655090332, 71.72445678710938, 62.9447135925293, 56.70091247558594, 118.87031555175781, 41.60116195678711, 60.182518005371094, 116.99946594238281, 31.52312660217285, 91.38095092773438, 11.715143203735352, 84.8515396118164, 10.859569549560547, 67.28911590576172, 72.41693115234375, 57.06184005737305, 118.45285034179688, 37.80455780029297, 97.62651062011719, 10.456355094909668, 76.5335693359375, 78.37574768066406, 53.573055267333984, 121.50382995605469, 36.54909133911133, 100.73428344726562, 26.99671173095703, 93.3738021850586, 13.916312217712402, 76.74567413330078, 68.46089172363281, 55.475074768066406, 122.37967681884766, 35.50445556640625, 95.68885803222656, 9.832427978515625, 80.72484588623047, 2.3009912967681885, 69.53315734863281, 91.22289276123047, 52.9620246887207, 120.95137023925781, 44.92811584472656, 117.65293884277344, 34.74913787841797, 103.8484115600586, 25.217750549316406, 84.4614028930664, 3.1107802391052246, 68.18070220947266, 109.4719467163086, 46.013893127441406, 107.3458023071289, 20.13611602783203, 45.2344856262207, 108.92080688476562, 23.487730026245117, 115.65287780761719, 28.682382583618164, 88.5361099243164, 9.831429481506348, 56.513484954833984, 82.97234344482422, 21.916427612304688, 20.828641891479492, 42.83368682861328, 102.71699523925781, 22.6531925201416, 45.49460983276367, 105.41348266601562, 29.709922790527344, 92.80081939697266, 9.015170097351074, 75.93790435791016, 20.89594268798828, 55.98336410522461, 119.90705871582031, 35.35816955566406, 88.6633071899414, 18.797727584838867, 24.223522186279297, 82.4845962524414, 16.04461097717285, 59.91383361816406, 105.73995208740234, 23.239952087402344, 79.97307586669922, 17.022993087768555, 15.065712928771973, 59.8397331237793, 111.15380859375, 28.2655029296875, 91.67045593261719, 0.9958910346031189, 68.2896728515625, 57.02683639526367, 61.80888366699219, 111.390625, 32.7384033203125, 94.09020233154297, 13.139806747436523, 75.59284973144531, 59.75004577636719, 56.4056510925293, 122.88420867919922, 42.20246887207031, 84.99933624267578, 4.077276706695557, 72.17028045654297, 66.78987884521484, 63.44437026977539, 109.65196228027344, 17.937450408935547, 86.59696960449219, 1.4160946607589722, 67.43507385253906, 93.20825958251953, 49.06599426269531, 111.15879821777344, 26.51397132873535, 95.24645233154297, 0.8054640889167786, 75.52749633789062, 43.486392974853516, 58.542335510253906, 118.07635498046875, 35.71710968017578, 96.14464569091797, 15.847249984741211, 79.36511993408203, 21.639083862304688, 51.881595611572266, 112.04405975341797, 22.694520950317383, 69.59408569335938, 119.43138885498047, 48.12602996826172, 117.2314682006836, 30.25439453125, 99.7358169555664, 20.132646560668945, 77.59461212158203, 13.27466106414795, 67.69268798828125, 114.87413787841797, 43.325584411621094, 97.18238067626953, 6.885582447052002, 72.53400421142578, 111.27356719970703, 47.175235748291016, 112.57864379882812, 28.207569122314453, 85.46896362304688, 5.469454765319824, 68.79236602783203, 101.02381134033203, 47.789146423339844, 121.3742446899414, 37.81338882446289, 110.84597778320312, 28.825265884399414, 89.654052734375, 7.461052894592285, 74.26527404785156, 60.948368072509766, 61.990196228027344, 114.86979675292969, 37.493621826171875, 97.54515838623047, 17.486919403076172, 85.4648666381836, 9.551687240600586, 71.02266693115234, 100.1912612915039, 50.64814376831055, 114.91785430908203, 30.040136337280273, 89.53375244140625, 5.907414436340332, 71.61709594726562, 138.4511260986328, 43.6365852355957, 94.7013931274414, 10.517376899719238, 78.5947265625, 54.87986755371094, 61.55583190917969, 123.34835052490234, 43.51969909667969, 104.51338195800781, 23.826921463012695, 92.58500671386719, 3.30827260017395, 69.22929382324219, 49.98933410644531, 59.37636184692383, 119.61144256591797, 37.956825256347656, 103.5947036743164, 24.55950927734375, 89.87035369873047, 6.466348171234131, 75.27013397216797, 91.87870025634766, 52.747413635253906, 111.18316650390625, 24.910400390625, 84.50122833251953, 2.3402175903320312, 65.08954620361328, 116.86968994140625, 46.50261688232422, 112.52764892578125, 31.407798767089844, 93.81403350830078, 11.609292030334473, 75.58192443847656, 111.53642272949219, 50.022029876708984, 121.96002960205078, 44.01557540893555, 83.30481719970703, 1.242116093635559, 58.90263366699219, 118.01547241210938, 39.98786163330078, 103.65716552734375, 26.036754608154297, 78.74490356445312, 3.443145751953125, 62.241554260253906, 126.26605224609375, 46.5624885559082, 116.66812133789062, 41.713478088378906, 106.68818664550781, 23.860376358032227, 92.01618194580078, 3.717569351196289, 70.6529312133789, 84.1919174194336, 44.78373718261719, 40.79751968383789, 54.970890045166016, 108.75894165039062, 29.37757110595703, 93.1062240600586, 13.69073486328125, 80.2038345336914, 73.99994659423828, 52.291893005371094, 111.48051452636719, 28.746828079223633, 92.48448944091797, 13.843328475952148, 68.28428649902344, 152.47760009765625, 38.8836555480957, 103.08174133300781, 18.721561431884766, 83.02934265136719, 46.12962341308594, 60.01545715332031, 121.7619400024414, 39.5170783996582, 81.97709655761719, 3.52423095703125, 69.84165954589844, 95.77992248535156, 51.823516845703125, 111.5073013305664, 26.601696014404297, 83.96473693847656, 15.266207695007324, 62.725425720214844, 126.35781860351562, 43.88621520996094, 20.140228271484375, 82.94371032714844, 38.71477127075195, 68.30583190917969, 118.00917053222656, 50.446022033691406, 116.6962661743164, 37.21515655517578, 101.78231811523438, 17.15192413330078, 77.2695083618164, 43.8686637878418, 60.066043853759766, 122.44556427001953, 41.89496994018555]",1.0,"[4.0, 12.0, 12.0, 6.0, 3.0, 2.0, 2.0, 2.0, 2.0, 1.0, 5.0, 4.0, 4.0, 4.0, 4.0, 3.0, 2.0, 2.0, 1.0, 1.0, 5.0, 2.0, 2.0, 2.0, 2.0, 2.0, 2.0, 2.0, 2.0, 2.0, 2.0, 2.0, 2.0, 2.0, 2.0, 2.0, 1.0, 1.0, 1.0, 1.0, 1.0, 0.0, 0.0, 2.0, 1.0, 1.0, 1.0, 1.0, 1.0, 1.0, 1.0, 1.0, 1.0, 1.0, 1.0, 1.0, 1.0, 0.0, 1.0, 1.0, 1.0, 1.0, 1.0, 1.0, 1.0, 1.0, 1.0, 1.0, 1.0, 1.0, 1.0, 1.0, 1.0, 1.0, 1.0, 1.0, 1.0, 1.0, 1.0, 1.0, 1.0, 1.0, 1.0, 1.0, 1.0, 1.0, 1.0, 1.0, 1.0, 1.0, 1.0, 1.0, 1.0, 1.0, 1.0, 1.0, 1.0, 1.0, 1.0, 1.0, 1.0, 1.0, 1.0, 1.0, 1.0, 1.0, 1.0, 1.0, 1.0, 1.0, 1.0, 1.0, 1.0, 1.0, 1.0, 1.0, 1.0, 1.0, 1.0, 0.0, 1.0, 1.0, 2.0, 2.0, 2.0, 2.0, 2.0, 1.0, 4.0, 2.0, 2.0, 2.0, 2.0, 1.0, 2.0, 2.0, 2.0, 2.0, 2.0, 2.0, 1.0, 2.0, 1.0, 2.0, 2.0, 2.0, 1.0, 0.0, 2.0, 2.0, 2.0, 2.0, 1.0, 4.0, 4.0, 3.0, 3.0, 2.0, 2.0, 2.0, 2.0, 2.0, 2.0, 2.0, 2.0, 2.0, 2.0, 2.0, 2.0, 1.0, 1.0, 1.0, 1.0, 1.0, 1.0, 1.0, 1.0, 1.0, 1.0, 1.0, 1.0, 1.0, 1.0, 1.0, 1.0, 1.0, 1.0, 1.0, 1.0, 1.0, 1.0, 1.0, 1.0, 1.0, 1.0, 1.0, 1.0, 1.0, 1.0, 1.0, 1.0, 1.0, 1.0, 1.0, 1.0, 1.0, 1.0, 1.0, 1.0, 1.0, 1.0, 1.0, 1.0, 1.0, 1.0, 1.0, 1.0, 1.0, 1.0, 1.0, 1.0, 1.0, 1.0, 1.0, 1.0, 1.0, 1.0, 1.0, 1.0, 0.0, 2.0, 2.0, 0.0, 0.0, 1.0, 1.0, 1.0, 3.0, 2.0, 2.0, 2.0, 2.0, 2.0, 1.0, 1.0, 1.0, 1.0, 1.0, 1.0, 1.0, 1.0, 1.0, 1.0, 1.0, 1.0, 1.0, 1.0, 1.0, 1.0, 1.0, 1.0, 1.0, 1.0, 1.0, 1.0, 1.0, 1.0, 1.0, 1.0, 1.0, 1.0, 1.0, 0.0, 1.0, 1.0, 1.0, 1.0, 1.0, 1.0, 1.0, 1.0, 1.0, 1.0, 1.0, 1.0, 1.0, 1.0, 1.0, 0.0, 1.0, 1.0, 1.0, 1.0, 1.0, 1.0, 1.0, 1.0, 1.0, 1.0, 1.0, 1.0, 1.0, 1.0, 1.0, 1.0, 1.0, 1.0, 1.0, 1.0, 1.0, 1.0, 1.0, 1.0, 1.0, 1.0, 1.0, 1.0, 1.0, 1.0, 1.0, 1.0, 1.0, 1.0, 1.0, 1.0, 1.0, 1.0, 1.0, 1.0, 1.0, 1.0, 1.0, 1.0, 1.0, 1.0, 0.0, 1.0, 1.0, 1.0, 1.0, 1.0, 1.0, 1.0, 1.0, 1.0, 1.0, 1.0, 1.0, 1.0, 1.0, 1.0, 1.0, 1.0, 1.0, 1.0, 1.0, 1.0, 1.0, 1.0, 1.0, 1.0, 1.0, 1.0, 1.0, 1.0, 1.0, 1.0, 1.0, 1.0, 1.0]",COMPLETE
