,number,value,datetime_start,datetime_complete,duration,params_batch_size_scaler,params_constant_learning_rate,params_depth,params_epochs,params_kernel_l2,params_num_trees,params_temperature,user_attrs_accuracy_test,user_attrs_accuracy_valid,user_attrs_approximate_feature_sparsity,user_attrs_approximate_feature_sparsity_history,user_attrs_approximate_weight_sparsity,user_attrs_approximate_weight_sparsity_history,user_attrs_auc_test,user_attrs_auc_valid,user_attrs_feature_sparsity,user_attrs_feature_sparsity_history,user_attrs_num_epochs,user_attrs_val_loss_history,user_attrs_weight_sparsity,user_attrs_weight_sparsity_history,state
28,28,0.8843889683245094,2024-08-31 01:19:13.006773,2024-08-31 01:25:33.561998,0 days 00:06:20.555225,16,0.3291707313082135,6,405,0.0023423398104601427,66,0.052769943241719,0.92,0.91125,20,"[33, 33, 33, 33, 32, 29, 24, 20, 20, 20, 20, 20, 20, 20, 20, 20, 20, 20, 20, 20, 20, 20, 20, 20, 20, 20, 20, 20, 20, 20, 20, 20, 20, 20, 20, 20, 20, 20, 20, 20, 20, 20, 20, 20, 20, 20, 20, 20, 20, 20, 20, 20, 20, 20, 20, 20, 20, 20, 20, 20, 20, 20, 20, 20, 20, 20, 20, 20, 20, 20, 20, 20, 20, 20, 20, 20, 20, 20, 20, 20, 20, 20, 20, 20, 20, 20, 20, 20, 20, 20, 20, 20, 20, 20, 20, 20, 20, 20, 20, 20, 20, 20, 20, 20, 20, 20, 20, 20, 20, 20, 20, 20, 20, 20, 20, 20, 20, 20, 20, 20, 20, 20, 20, 20, 20, 20, 20, 20, 20, 20, 20, 20, 20, 20, 20, 20, 20, 20, 20, 20, 20, 20, 20, 20, 20, 20, 20, 20, 20, 20, 20, 20, 20, 20, 20, 20, 20, 20, 20, 20, 20, 20, 20, 20, 20, 20, 20, 20, 20, 20, 20, 20, 20, 20, 20, 20, 20, 20, 20, 20, 20, 20, 20, 20, 20, 20, 20, 20, 20, 20, 20, 20, 20, 20, 20, 20, 20, 20, 20, 20, 20, 20, 20, 20, 20, 20, 20, 20, 20, 20, 20, 20, 20, 20, 20, 20, 20, 20, 20, 20, 20, 20, 20, 20, 20, 20, 20, 20, 20, 20, 20, 20, 20, 20, 20, 20, 20, 20, 20, 20, 20, 20, 20, 20, 20, 20, 20, 20, 20, 20, 20, 20, 20, 20, 20, 20, 20, 20, 20, 20, 20, 20, 20, 20, 20, 20, 20, 20, 20, 20, 20, 20, 20, 20, 20, 20, 20, 20, 20, 20, 20, 20, 20, 20, 20, 20, 20, 20, 20, 20, 20, 20, 20, 20, 20, 20, 20, 20, 20, 20, 20, 20, 20, 20, 20, 20, 20, 20, 20, 20, 20, 20, 20, 20, 20, 20, 20, 20, 20, 20, 20, 20, 20, 20, 20, 20, 20, 20, 20, 20, 20, 20, 20, 20, 20, 20, 20, 20, 20, 20, 20, 20, 20, 20, 20, 20, 20, 20, 20, 20, 20, 20, 20, 20, 20, 20, 20, 20, 20, 20, 20, 20, 20, 20, 20, 20, 20, 20, 20, 20, 20, 20, 20, 20, 20, 20, 20, 20, 20, 20, 20, 20, 20, 20, 20, 20, 20, 20, 20, 20, 20, 20, 20, 20, 20, 20, 20, 20, 20, 20, 20, 20, 20, 20, 20]",19.949013949013953,"[32.914862914862915, 32.91462241462242, 32.91534391534391, 32.916065416065415, 31.922318422318426, 28.924723424723425, 23.937710437710436, 19.946127946127948, 19.946608946608944, 19.951899951899954, 19.949494949494948, 19.948773448773448, 19.947811447811446, 19.952380952380953, 19.94997594997595, 19.94877344877345, 19.94973544973545, 19.94853294853295, 19.943722943722946, 19.937469937469935, 19.942520442520443, 19.944684944684944, 19.948532948532947, 19.947330447330444, 19.94973544973545, 19.947330447330447, 19.945165945165947, 19.948532948532947, 19.948532948532947, 19.94757094757095, 19.950456950456953, 19.947330447330447, 19.94997594997595, 19.945646945646946, 19.946368446368446, 19.946608946608947, 19.943963443963444, 19.945406445406444, 19.94276094276094, 19.946608946608947, 19.946127946127945, 19.947330447330447, 19.945887445887447, 19.948773448773448, 19.945406445406448, 19.94925444925445, 19.949013949013946, 19.944925444925445, 19.948051948051948, 19.94420394420394, 19.944203944203945, 19.944444444444446, 19.943963443963444, 19.944444444444443, 19.94276094276094, 19.942039442039444, 19.94203944203944, 19.94252044252044, 19.94348244348244, 19.946849446849445, 19.944444444444443, 19.939874939874944, 19.94203944203944, 19.939634439634442, 19.942039442039444, 19.944203944203945, 19.946849446849445, 19.945406445406448, 19.947811447811446, 19.943001443001442, 19.94179894179894, 19.940115440115438, 19.94420394420394, 19.945887445887443, 19.94805194805195, 19.944925444925445, 19.946608946608947, 19.947811447811446, 19.948532948532947, 19.946368446368446, 19.946608946608947, 19.944444444444446, 19.943001443001442, 19.944444444444446, 19.94420394420394, 19.94276094276094, 19.949975949975947, 19.947811447811446, 19.948532948532947, 19.949494949494948, 19.945887445887443, 19.949494949494948, 19.95141895141895, 19.94949494949495, 19.94829244829245, 19.95045695045695, 19.949254449254447, 19.945887445887443, 19.944444444444443, 19.93939393939394, 19.943482443482445, 19.944203944203945, 19.944203944203945, 19.94276094276094, 19.948292448292445, 19.95117845117845, 19.94829244829245, 19.950697450697454, 19.951178451178453, 19.945887445887443, 19.94877344877345, 19.948773448773448, 19.95310245310245, 19.95214045214045, 19.951899951899954, 19.95021645021645, 19.95165945165945, 19.955026455026456, 19.955747955747956, 19.954785954785955, 19.954304954304956, 19.95117845117845, 19.94973544973545, 19.950697450697447, 19.95189995189995, 19.95117845117845, 19.951659451659452, 19.95214045214045, 19.94997594997595, 19.950456950456953, 19.950937950937952, 19.955266955266953, 19.953102453102456, 19.95045695045695, 19.95021645021645, 19.946127946127948, 19.94997594997595, 19.947089947089946, 19.947811447811446, 19.945406445406448, 19.945406445406448, 19.944925444925445, 19.94684944684945, 19.948051948051948, 19.94997594997595, 19.949254449254447, 19.94925444925445, 19.948292448292445, 19.948532948532947, 19.949494949494948, 19.94853294853295, 19.947811447811446, 19.94757094757095, 19.95069745069745, 19.954064454064454, 19.952621452621454, 19.951659451659452, 19.95069745069745, 19.95045695045695, 19.95069745069745, 19.951418951418955, 19.950456950456953, 19.948773448773448, 19.94853294853295, 19.94925444925445, 19.94853294853295, 19.94853294853295, 19.94877344877345, 19.949975949975954, 19.949494949494948, 19.94973544973545, 19.954064454064454, 19.954064454064454, 19.955026455026456, 19.951899951899954, 19.95238095238095, 19.95141895141895, 19.95286195286195, 19.95189995189995, 19.952621452621454, 19.951178451178453, 19.950697450697447, 19.953102453102453, 19.952380952380953, 19.949975949975954, 19.951418951418955, 19.94997594997595, 19.951178451178453, 19.946608946608947, 19.94949494949495, 19.947330447330447, 19.94805194805195, 19.946608946608947, 19.94612794612794, 19.94949494949495, 19.947330447330447, 19.945646945646946, 19.946608946608944, 19.94708994708995, 19.948532948532947, 19.946608946608947, 19.944925444925445, 19.943722943722946, 19.943001443001442, 19.94083694083694, 19.94324194324194, 19.945646945646946, 19.945887445887447, 19.946368446368446, 19.94420394420394, 19.94420394420394, 19.943001443001442, 19.944203944203945, 19.945887445887443, 19.947570947570945, 19.949013949013946, 19.951418951418955, 19.951418951418955, 19.95117845117845, 19.949254449254447, 19.94997594997595, 19.951659451659452, 19.95069745069745, 19.953342953342954, 19.953342953342954, 19.95214045214045, 19.951659451659452, 19.950697450697454, 19.950456950456953, 19.94901394901395, 19.949735449735453, 19.946608946608947, 19.950456950456953, 19.94901394901395, 19.95021645021645, 19.95021645021645, 19.951418951418948, 19.947330447330447, 19.946368446368442, 19.946368446368446, 19.949494949494948, 19.94925444925445, 19.95189995189995, 19.94853294853295, 19.94805194805195, 19.94805194805195, 19.948051948051948, 19.94468494468494, 19.946608946608947, 19.947570947570945, 19.947570947570945, 19.947811447811446, 19.94708994708995, 19.947570947570945, 19.95045695045695, 19.949975949975947, 19.95021645021645, 19.949494949494948, 19.951659451659452, 19.953823953823953, 19.953342953342958, 19.954545454545457, 19.955988455988457, 19.953342953342958, 19.953583453583455, 19.954785954785955, 19.954785954785955, 19.952861952861955, 19.952621452621454, 19.953823953823953, 19.955507455507455, 19.954785954785955, 19.952861952861955, 19.956709956709958, 19.95478595478595, 19.953823953823953, 19.953583453583455, 19.954545454545457, 19.954064454064454, 19.955747955747956, 19.955747955747956, 19.954785954785955, 19.953823953823953, 19.952621452621454, 19.95117845117845, 19.953823953823953, 19.953342953342954, 19.95358345358345, 19.954304954304952, 19.95238095238095, 19.95117845117845, 19.94853294853295, 19.94829244829245, 19.947811447811446, 19.948292448292445, 19.94973544973545, 19.951899951899954, 19.95214045214045, 19.95069745069745, 19.949494949494948, 19.95189995189995, 19.95117845117845, 19.95117845117845, 19.955266955266957, 19.95622895622896, 19.95286195286195, 19.951659451659452, 19.951659451659452, 19.951659451659452, 19.95262145262145, 19.95093795093795, 19.953102453102453, 19.952861952861955, 19.950937950937952, 19.951418951418955, 19.948773448773448, 19.95093795093795, 19.95189995189995, 19.95406445406445, 19.95334295334295, 19.952621452621454, 19.955747955747956, 19.953823953823953, 19.952621452621454, 19.95093795093795, 19.95141895141895, 19.94901394901395, 19.947330447330447, 19.95045695045695, 19.94949494949495, 19.949494949494948, 19.950216450216452, 19.95021645021645, 19.949735449735453, 19.949494949494948, 19.94805194805195, 19.94997594997595, 19.95021645021645, 19.949975949975954, 19.949975949975947, 19.94757094757095, 19.94997594997595, 19.949494949494948, 19.951418951418948, 19.95117845117845, 19.948051948051948, 19.94925444925445, 19.94997594997595, 19.950937950937952, 19.95021645021645, 19.950216450216452, 19.95214045214045, 19.95141895141895, 19.952380952380953, 19.954785954785955, 19.954545454545453, 19.95406445406445, 19.953583453583455, 19.953583453583455, 19.954064454064454, 19.95574795574796, 19.954545454545453, 19.957190957190956, 19.958633958633957, 19.954785954785958, 19.955988455988457, 19.957912457912457, 19.958152958152958, 19.95695045695046, 19.956228956228955, 19.955988455988457, 19.955507455507455, 19.95646945646946, 19.95767195767196, 19.956228956228955, 19.95478595478595, 19.954064454064454, 19.951659451659452, 19.95262145262145, 19.955266955266953, 19.956469456469456, 19.955026455026456, 19.952621452621454, 19.953102453102453, 19.954785954785958, 19.956709956709958, 19.958152958152958, 19.95863395863396, 19.95719095719096, 19.958152958152958, 19.957671957671955, 19.955266955266953, 19.954545454545453, 19.955266955266953, 19.955266955266957, 19.95165945165945, 19.952380952380953, 19.95214045214045, 19.950216450216452, 19.94853294853295, 19.95069745069745, 19.948292448292445, 19.948773448773448, 19.94829244829245, 19.949013949013953]",0.8844277115894286,0.8843889683245094,20,"[33, 33, 33, 33, 32, 29, 24, 20, 20, 20, 20, 20, 20, 20, 20, 20, 20, 20, 20, 20, 20, 20, 20, 20, 20, 20, 20, 20, 20, 20, 20, 20, 20, 20, 20, 20, 20, 20, 20, 20, 20, 20, 20, 20, 20, 20, 20, 20, 20, 20, 20, 20, 20, 20, 20, 20, 20, 20, 20, 20, 20, 20, 20, 20, 20, 20, 20, 20, 20, 20, 20, 20, 20, 20, 20, 20, 20, 20, 20, 20, 20, 20, 20, 20, 20, 20, 20, 20, 20, 20, 20, 20, 20, 20, 20, 20, 20, 20, 20, 20, 20, 20, 20, 20, 20, 20, 20, 20, 20, 20, 20, 20, 20, 20, 20, 20, 20, 20, 20, 20, 20, 20, 20, 20, 20, 20, 20, 20, 20, 20, 20, 20, 20, 20, 20, 20, 20, 20, 20, 20, 20, 20, 20, 20, 20, 20, 20, 20, 20, 20, 20, 20, 20, 20, 20, 20, 20, 20, 20, 20, 20, 20, 20, 20, 20, 20, 20, 20, 20, 20, 20, 20, 20, 20, 20, 20, 20, 20, 20, 20, 20, 20, 20, 20, 20, 20, 20, 20, 20, 20, 20, 20, 20, 20, 20, 20, 20, 20, 20, 20, 20, 20, 20, 20, 20, 20, 20, 20, 20, 20, 20, 20, 20, 20, 20, 20, 20, 20, 20, 20, 20, 20, 20, 20, 20, 20, 20, 20, 20, 20, 20, 20, 20, 20, 20, 20, 20, 20, 20, 20, 20, 20, 20, 20, 20, 20, 20, 20, 20, 20, 20, 20, 20, 20, 20, 20, 20, 20, 20, 20, 20, 20, 20, 20, 20, 20, 20, 20, 20, 20, 20, 20, 20, 20, 20, 20, 20, 20, 20, 20, 20, 20, 20, 20, 20, 20, 20, 20, 20, 20, 20, 20, 20, 20, 20, 20, 20, 20, 20, 20, 20, 20, 20, 20, 20, 20, 20, 20, 20, 20, 20, 20, 20, 20, 20, 20, 20, 20, 20, 20, 20, 20, 20, 20, 20, 20, 20, 20, 20, 20, 20, 20, 20, 20, 20, 20, 20, 20, 20, 20, 20, 20, 20, 20, 20, 20, 20, 20, 20, 20, 20, 20, 20, 20, 20, 20, 20, 20, 20, 20, 20, 20, 20, 20, 20, 20, 20, 20, 20, 20, 20, 20, 20, 20, 20, 20, 20, 20, 20, 20, 20, 20, 20, 20, 20, 20, 20, 20, 20, 20, 20, 20, 20, 20, 20, 20, 20, 20, 20, 20, 20, 20, 20, 20, 20]",405,"[0.41209837794303894, 0.3963949978351593, 0.391732394695282, 0.38831695914268494, 0.3857325315475464, 0.38360217213630676, 0.3820000886917114, 0.38105419278144836, 0.3796003758907318, 0.3784492015838623, 0.37739288806915283, 0.3763028681278229, 0.3752880096435547, 0.3744940459728241, 0.37383824586868286, 0.3731679916381836, 0.3724622428417206, 0.3718475103378296, 0.37143784761428833, 0.3707365095615387, 0.37015774846076965, 0.3695937693119049, 0.3691176474094391, 0.36864006519317627, 0.36824774742126465, 0.3677337169647217, 0.36716851592063904, 0.366718590259552, 0.36628761887550354, 0.36598652601242065, 0.36546844244003296, 0.3651185929775238, 0.36457669734954834, 0.3640713393688202, 0.3636626899242401, 0.36317360401153564, 0.36280590295791626, 0.36241164803504944, 0.3620094954967499, 0.361558198928833, 0.36105483770370483, 0.36062172055244446, 0.3602006137371063, 0.35986027121543884, 0.35939857363700867, 0.3590067923069, 0.35860615968704224, 0.3581908941268921, 0.3578365445137024, 0.35737353563308716, 0.3568660020828247, 0.3563368320465088, 0.3560229539871216, 0.3555086851119995, 0.3550800383090973, 0.354533314704895, 0.354216068983078, 0.35361725091934204, 0.35324355959892273, 0.3529096841812134, 0.3523133397102356, 0.3518895208835602, 0.3514377474784851, 0.3509698808193207, 0.3505342900753021, 0.3500586748123169, 0.3498300313949585, 0.3492541015148163, 0.34862345457077026, 0.3481970727443695, 0.34798428416252136, 0.34715762734413147, 0.34674641489982605, 0.34615975618362427, 0.34577831625938416, 0.34531527757644653, 0.3448632061481476, 0.34416934847831726, 0.3437408208847046, 0.34310445189476013, 0.3425807058811188, 0.3419957458972931, 0.3414061665534973, 0.3408224880695343, 0.3402024507522583, 0.3396378755569458, 0.3391125500202179, 0.33845651149749756, 0.33786091208457947, 0.3372799754142761, 0.33671846985816956, 0.3362809717655182, 0.3355707824230194, 0.33505547046661377, 0.33414486050605774, 0.33366909623146057, 0.33294427394866943, 0.33225464820861816, 0.33153191208839417, 0.3308734893798828, 0.3301120698451996, 0.32949620485305786, 0.3287358582019806, 0.3280486762523651, 0.3272300958633423, 0.3264688551425934, 0.325831800699234, 0.32506126165390015, 0.32440289855003357, 0.32365158200263977, 0.32307669520378113, 0.3222603499889374, 0.32170605659484863, 0.3207336664199829, 0.31996074318885803, 0.31933653354644775, 0.318630188703537, 0.31791138648986816, 0.3171074390411377, 0.3163626492023468, 0.31546539068222046, 0.31477513909339905, 0.3140406012535095, 0.3132767081260681, 0.3124276101589203, 0.31172874569892883, 0.31094491481781006, 0.31041741371154785, 0.30961519479751587, 0.3090047538280487, 0.3082965612411499, 0.30757376551628113, 0.3069598972797394, 0.3062731623649597, 0.3056022524833679, 0.30490243434906006, 0.30413827300071716, 0.3035743832588196, 0.30299174785614014, 0.30240771174430847, 0.3017978370189667, 0.30116236209869385, 0.30071818828582764, 0.3001158833503723, 0.2995183765888214, 0.29913413524627686, 0.29850703477859497, 0.29806381464004517, 0.29749786853790283, 0.296877920627594, 0.2963797450065613, 0.29597797989845276, 0.29547926783561707, 0.29509851336479187, 0.2944141626358032, 0.2940063178539276, 0.2935037612915039, 0.29313933849334717, 0.29272153973579407, 0.2923694849014282, 0.2919362783432007, 0.29150426387786865, 0.2910950779914856, 0.2907799482345581, 0.2903570234775543, 0.2900007963180542, 0.28961458802223206, 0.2892693281173706, 0.2889241576194763, 0.28870245814323425, 0.2884289622306824, 0.28806281089782715, 0.28763607144355774, 0.2874172329902649, 0.2869134545326233, 0.28657615184783936, 0.286283403635025, 0.28585976362228394, 0.2854539453983307, 0.28517112135887146, 0.28483229875564575, 0.2845000624656677, 0.28418469429016113, 0.28391698002815247, 0.28372716903686523, 0.2833709418773651, 0.28303107619285583, 0.2827095687389374, 0.28246426582336426, 0.2822660207748413, 0.28204864263534546, 0.28186190128326416, 0.281607061624527, 0.2813762128353119, 0.2810703217983246, 0.2808445692062378, 0.2807008624076843, 0.28048175573349, 0.2801283001899719, 0.2798115611076355, 0.2796849310398102, 0.2793729603290558, 0.27917900681495667, 0.2790142893791199, 0.27876222133636475, 0.2785578668117523, 0.27831780910491943, 0.27806735038757324, 0.27787157893180847, 0.27760812640190125, 0.27731093764305115, 0.2771055996417999, 0.27683207392692566, 0.27664893865585327, 0.27645552158355713, 0.27609214186668396, 0.27584078907966614, 0.2757412791252136, 0.27548301219940186, 0.2753710448741913, 0.2751406729221344, 0.27494820952415466, 0.2747332453727722, 0.2744563817977905, 0.2742278575897217, 0.2740277051925659, 0.2738136947154999, 0.2735733389854431, 0.27344080805778503, 0.2731553018093109, 0.272914320230484, 0.27273011207580566, 0.2725319564342499, 0.2723015248775482, 0.272221177816391, 0.27199721336364746, 0.2717439830303192, 0.271467924118042, 0.27125635743141174, 0.27105334401130676, 0.27070334553718567, 0.27046775817871094, 0.2702631652355194, 0.27002617716789246, 0.2698706388473511, 0.2697584927082062, 0.26968204975128174, 0.2694637179374695, 0.2692278027534485, 0.26905712485313416, 0.2688489258289337, 0.2685801088809967, 0.2684341073036194, 0.2682095170021057, 0.26793530583381653, 0.2676233947277069, 0.2674348056316376, 0.26728975772857666, 0.2670266032218933, 0.2667996287345886, 0.2667189836502075, 0.2665064036846161, 0.2662283778190613, 0.2660258412361145, 0.26584431529045105, 0.2656225860118866, 0.26528143882751465, 0.26513728499412537, 0.2649235427379608, 0.26474905014038086, 0.26466408371925354, 0.26436468958854675, 0.2642309367656708, 0.26395130157470703, 0.2638726234436035, 0.2636769413948059, 0.26339519023895264, 0.2631906270980835, 0.26310107111930847, 0.2628966271877289, 0.2626821994781494, 0.2624213993549347, 0.2622521221637726, 0.26217183470726013, 0.2618570625782013, 0.2617785930633545, 0.2616959512233734, 0.2612948417663574, 0.26097673177719116, 0.260783851146698, 0.2606571912765503, 0.26047298312187195, 0.2601379156112671, 0.259956955909729, 0.2598060667514801, 0.25969502329826355, 0.2594512701034546, 0.2593766450881958, 0.2592053711414337, 0.25908029079437256, 0.259072870016098, 0.25888070464134216, 0.2586442530155182, 0.2585916221141815, 0.25858399271965027, 0.2583053708076477, 0.2580415606498718, 0.25791341066360474, 0.25791966915130615, 0.2575346529483795, 0.25714215636253357, 0.25695469975471497, 0.25683099031448364, 0.2567099630832672, 0.25645631551742554, 0.25632262229919434, 0.2561609148979187, 0.2561088800430298, 0.2558194100856781, 0.2556636929512024, 0.2555505633354187, 0.2553963363170624, 0.25530022382736206, 0.2551322281360626, 0.2549842894077301, 0.25476977229118347, 0.25465238094329834, 0.25447311997413635, 0.2543603181838989, 0.25400781631469727, 0.2541784942150116, 0.25376030802726746, 0.25351354479789734, 0.2533658444881439, 0.253317654132843, 0.25311195850372314, 0.25298503041267395, 0.25301989912986755, 0.25273430347442627, 0.25243550539016724, 0.2521818280220032, 0.2521732747554779, 0.2520788609981537, 0.2518385946750641, 0.251756489276886, 0.2513466477394104, 0.2511921525001526, 0.25104430317878723, 0.2509026527404785, 0.25077593326568604, 0.25059545040130615, 0.25054121017456055, 0.25049811601638794, 0.2504463493824005, 0.25029048323631287, 0.2501377463340759, 0.24996724724769592, 0.2499733716249466, 0.2497769296169281, 0.24968093633651733, 0.24962776899337769, 0.24952641129493713, 0.24934221804141998, 0.24927863478660583, 0.2491634488105774, 0.24919338524341583, 0.24896851181983948, 0.24880839884281158, 0.24881210923194885, 0.24863572418689728, 0.24843111634254456, 0.24830959737300873, 0.2484668493270874, 0.24826207756996155, 0.24799419939517975, 0.24797819554805756, 0.2478778064250946, 0.24761924147605896, 0.24743953347206116, 0.2474307417869568, 0.24717207252979279, 0.24700824916362762, 0.24695336818695068, 0.2467593401670456, 0.2467862367630005, 0.24654769897460938, 0.24629829823970795, 0.24608926475048065, 0.2460722178220749, 0.24614274501800537, 0.2462034821510315, 0.24586166441440582, 0.24568212032318115, 0.2455265074968338, 0.2453153431415558, 0.24520130455493927, 0.2451285570859909, 0.24504148960113525, 0.24499928951263428, 0.24527736008167267, 0.2451922446489334, 0.2448132485151291, 0.2449745386838913, 0.2446957230567932, 0.24459142982959747]",20.0,"[33.0, 33.0, 33.0, 33.0, 32.0, 29.0, 24.0, 20.0, 20.0, 20.0, 20.0, 20.0, 20.0, 20.0, 20.0, 20.0, 20.0, 20.0, 20.0, 20.0, 20.0, 20.0, 20.0, 20.0, 20.0, 20.0, 20.0, 20.0, 20.0, 20.0, 20.0, 20.0, 20.0, 20.0, 20.0, 20.0, 20.0, 20.0, 20.0, 20.0, 20.0, 20.0, 20.0, 20.0, 20.0, 20.0, 20.0, 20.0, 20.0, 20.0, 20.0, 20.0, 20.0, 20.0, 20.0, 20.0, 20.0, 20.0, 20.0, 20.0, 20.0, 20.0, 20.0, 20.0, 20.0, 20.0, 20.0, 20.0, 20.0, 20.0, 20.0, 20.0, 20.0, 20.0, 20.0, 20.0, 20.0, 20.0, 20.0, 20.0, 20.0, 20.0, 20.0, 20.0, 20.0, 20.0, 20.0, 20.0, 20.0, 20.0, 20.0, 20.0, 20.0, 20.0, 20.0, 20.0, 20.0, 20.0, 20.0, 20.0, 20.0, 20.0, 20.0, 20.0, 20.0, 20.0, 20.0, 20.0, 20.0, 20.0, 20.0, 20.0, 20.0, 20.0, 20.0, 20.0, 20.0, 20.0, 20.0, 20.0, 20.0, 20.0, 20.0, 20.0, 20.0, 20.0, 20.0, 20.0, 20.0, 20.0, 20.0, 20.0, 20.0, 20.0, 20.0, 20.0, 20.0, 20.0, 20.0, 20.0, 20.0, 20.0, 20.0, 20.0, 20.0, 20.0, 20.0, 20.0, 20.0, 20.0, 20.0, 20.0, 20.0, 20.0, 20.0, 20.0, 20.0, 20.0, 20.0, 20.0, 20.0, 20.0, 20.0, 20.0, 20.0, 20.0, 20.0, 20.0, 20.0, 20.0, 20.0, 20.0, 20.0, 20.0, 20.0, 20.0, 20.0, 20.0, 20.0, 20.0, 20.0, 20.0, 20.0, 20.0, 20.0, 20.0, 20.0, 20.0, 20.0, 20.0, 20.0, 20.0, 20.0, 20.0, 20.0, 20.0, 20.0, 20.0, 20.0, 20.0, 20.0, 20.0, 20.0, 20.0, 20.0, 20.0, 20.0, 20.0, 20.0, 20.0, 20.0, 20.0, 20.0, 20.0, 20.0, 20.0, 20.0, 20.0, 20.0, 20.0, 20.0, 20.0, 20.0, 20.0, 20.0, 20.0, 20.0, 20.0, 20.0, 20.0, 20.0, 20.0, 20.0, 20.0, 20.0, 20.0, 20.0, 20.0, 20.0, 20.0, 20.0, 20.0, 20.0, 20.0, 20.0, 20.0, 20.0, 20.0, 20.0, 20.0, 20.0, 20.0, 20.0, 20.0, 20.0, 20.0, 20.0, 20.0, 20.0, 20.0, 20.0, 20.0, 20.0, 20.0, 20.0, 20.0, 20.0, 20.0, 20.0, 20.0, 20.0