,number,value,datetime_start,datetime_complete,duration,params_batch_size_scaler,params_constant_learning_rate,params_depth,params_epochs,params_kernel_l2,params_num_trees,params_temperature,user_attrs_accuracy_test,user_attrs_accuracy_valid,user_attrs_approximate_feature_sparsity,user_attrs_approximate_feature_sparsity_history,user_attrs_approximate_weight_sparsity,user_attrs_approximate_weight_sparsity_history,user_attrs_auc_test,user_attrs_auc_valid,user_attrs_feature_sparsity,user_attrs_feature_sparsity_history,user_attrs_num_epochs,user_attrs_val_loss_history,user_attrs_weight_sparsity,user_attrs_weight_sparsity_history,state
151,151,0.9302598188867849,2024-08-31 06:41:27.544273,2024-08-31 06:45:06.769495,0 days 00:03:39.225222,1,0.0220057226877999,4,310,0.041528081372527885,26,0.05305171068182923,0.943,0.9475,33,"[33, 33, 33, 33, 33, 33, 33, 33, 33, 33, 33, 33, 33, 33, 33, 33, 33, 33, 33, 33, 33, 33, 33, 33, 33, 33, 33, 33, 33, 33, 33, 33, 33, 33, 33, 33, 33, 33, 33, 33, 33, 33, 33, 33, 33, 33, 33, 33, 33, 33, 33, 33, 33, 33, 33, 33, 33, 33, 33, 33, 33, 33, 33, 33, 33, 33, 33, 33, 33, 33, 33, 33, 33, 33, 33, 33, 33, 33, 33, 33, 33, 33, 33, 33, 33, 33, 33, 33, 33, 33, 33, 33, 33, 33, 33, 33, 33, 33, 33, 33, 33, 33, 33, 33, 33, 33, 33, 33, 33, 33, 33, 33, 33, 33, 33, 33, 33, 33, 33, 33, 33, 33, 33, 33, 33, 33, 33, 33, 33, 33, 33, 33, 33, 33, 33, 33, 33, 33, 33, 33, 33, 33, 33, 33, 33, 33, 33, 33, 33, 33, 33, 33, 33, 33, 33, 33, 33, 33, 33, 33, 33, 33, 33, 33, 33, 33, 33, 33, 33, 33, 33, 33, 33, 33, 33, 33, 33, 33, 33, 33, 33, 33, 33, 33, 33, 33, 33, 33, 33, 33, 33, 33, 33, 33, 33, 33, 33, 33, 33, 33, 33, 33, 33, 33, 33, 33, 33, 33, 33, 33, 33, 33, 33, 33, 33, 33, 33, 33, 33, 33, 33, 33, 33, 33, 33, 33, 33, 33, 33, 33, 33, 33, 33, 33, 33, 33, 33, 33, 33, 33, 33, 33, 33, 33, 33, 33, 33, 33, 33, 33, 33, 33, 33, 33, 33, 33, 33, 33, 33, 33, 33, 33, 33, 33, 33, 33, 33, 33, 33, 33, 33, 33, 33, 33, 33, 33, 33, 33, 33, 33, 33, 33, 33, 33, 33, 33, 33, 33, 33, 33, 33, 33, 33, 33, 33, 33, 33, 33, 33, 33, 33, 33, 33, 33, 33, 33, 33, 33, 33, 33]",32.97179487179487,"[32.97692307692308, 32.97179487179487, 32.98717948717949, 32.95641025641026, 32.96666666666667, 32.96923076923077, 32.94871794871795, 32.95128205128205, 32.96153846153846, 32.96153846153846, 32.95641025641026, 32.97948717948718, 32.97435897435898, 32.96410256410257, 32.97435897435898, 32.97435897435898, 32.96410256410257, 32.95897435897436, 32.96923076923077, 32.97435897435898, 32.96153846153846, 32.96666666666667, 32.97435897435898, 32.97692307692308, 32.97435897435898, 32.98205128205128, 32.96153846153846, 32.97435897435898, 32.97948717948718, 32.97435897435898, 32.98717948717949, 32.96666666666667, 32.97435897435898, 32.97179487179487, 32.98205128205128, 32.96410256410256, 32.97435897435898, 32.96923076923077, 32.97435897435898, 32.98205128205128, 32.98461538461538, 32.97692307692308, 32.96410256410256, 32.96153846153846, 32.96666666666667, 32.95384615384616, 32.96923076923077, 32.96153846153846, 32.96153846153846, 32.97179487179487, 32.95897435897436, 32.97435897435898, 32.96923076923077, 32.97948717948718, 32.95641025641026, 32.97179487179487, 32.96923076923077, 32.96923076923077, 32.97179487179487, 32.97948717948718, 32.96923076923077, 32.97692307692308, 32.95384615384616, 32.96666666666667, 32.97692307692308, 32.97179487179487, 32.97692307692308, 32.96923076923077, 32.97692307692308, 32.97179487179487, 32.97435897435898, 32.96153846153846, 32.95641025641026, 32.96410256410256, 32.96410256410256, 32.97692307692308, 32.97435897435898, 32.97692307692308, 32.97692307692308, 32.97179487179487, 32.96923076923077, 32.96923076923077, 32.97179487179487, 32.96923076923077, 32.97948717948718, 32.95897435897436, 32.96923076923077, 32.97179487179487, 32.96666666666667, 32.97948717948718, 32.97948717948718, 32.94871794871795, 32.96410256410256, 32.96410256410256, 32.96666666666667, 32.97179487179487, 32.96666666666667, 32.97692307692308, 32.98461538461538, 32.98205128205128, 32.98205128205128, 32.97692307692308, 32.97692307692308, 32.97692307692308, 32.97179487179487, 32.98717948717949, 32.97948717948718, 32.98974358974359, 32.98717948717949, 32.98461538461538, 32.96923076923077, 32.98461538461538, 32.97435897435898, 32.96666666666667, 32.97179487179487, 32.97179487179487, 32.97692307692308, 32.97179487179487, 32.98205128205128, 32.96410256410256, 32.97692307692308, 32.98461538461538, 32.98205128205128, 32.96666666666667, 32.96410256410256, 32.97435897435898, 32.96923076923077, 32.97435897435898, 32.96666666666667, 32.95897435897436, 32.96923076923077, 32.96410256410256, 32.96923076923077, 32.97435897435898, 32.98205128205128, 32.98461538461538, 32.96923076923077, 32.98717948717949, 32.97692307692308, 32.97692307692308, 32.96923076923077, 32.97435897435898, 32.98205128205128, 32.97435897435898, 32.97692307692308, 32.97948717948718, 32.96923076923077, 32.98205128205128, 32.97179487179487, 32.97179487179487, 32.97435897435898, 32.96923076923077, 32.97179487179487, 32.97692307692308, 32.96923076923077, 32.97435897435898, 32.97435897435898, 32.97948717948718, 32.96923076923077, 32.98205128205128, 32.97692307692308, 32.97179487179487, 32.97179487179487, 32.97948717948718, 32.98461538461538, 32.97948717948718, 32.97179487179487, 32.97179487179487, 32.97435897435898, 32.98205128205128, 32.98717948717949, 32.97435897435898, 32.96666666666667, 32.97692307692308, 32.98205128205128, 32.97179487179487, 32.97179487179487, 32.96666666666667, 32.96666666666667, 32.97435897435898, 32.97435897435898, 32.96923076923077, 32.96153846153846, 32.96923076923077, 32.97179487179487, 32.97948717948718, 32.97435897435898, 32.97692307692308, 32.98205128205128, 32.97435897435898, 32.97948717948718, 32.97435897435898, 32.97435897435898, 32.97435897435898, 32.97948717948718, 32.96923076923077, 32.98205128205128, 32.98461538461538, 32.98205128205128, 32.98205128205128, 32.96666666666667, 32.97179487179487, 32.96923076923077, 32.97179487179487, 32.96153846153846, 32.97179487179487, 32.97692307692308, 32.98717948717949, 32.98974358974359, 32.98717948717949, 32.98205128205128, 32.97948717948718, 32.98717948717949, 32.97435897435898, 32.97435897435898, 32.97435897435898, 32.98974358974359, 32.98461538461538, 32.97692307692308, 32.96923076923077, 32.96923076923077, 32.96923076923077, 32.97948717948718, 32.97948717948718, 32.97179487179487, 32.97435897435898, 32.97435897435898, 32.96666666666667, 32.97692307692308, 32.98205128205128, 32.97435897435898, 32.97692307692308, 32.97948717948718, 32.97692307692308, 32.97692307692308, 32.96923076923077, 32.97179487179487, 32.96666666666667, 32.96666666666667, 32.96410256410256, 32.97179487179487, 32.97692307692308, 32.97692307692308, 32.96410256410256, 32.96923076923077, 32.96923076923077, 32.97948717948718, 32.96923076923077, 32.97692307692308, 32.97435897435898, 32.97692307692308, 32.96666666666667, 32.97179487179487, 32.97692307692308, 32.97692307692308, 32.97179487179487, 32.96923076923077, 32.96410256410256, 32.95128205128205, 32.95128205128205, 32.95128205128205, 32.95641025641026, 32.96923076923077, 32.97692307692308, 32.97179487179487, 32.97692307692308, 32.97179487179487, 32.97435897435898, 32.97435897435898, 32.97179487179487, 32.96923076923077, 32.97435897435898, 32.96410256410256, 32.96666666666667, 32.97179487179487, 32.97692307692308, 32.97692307692308, 32.97179487179487, 32.97692307692308, 32.98461538461538, 32.97435897435898, 32.98461538461538, 32.97948717948718, 32.96923076923077, 32.96410256410256, 32.97179487179487, 32.96923076923077, 32.96666666666667, 32.96666666666667, 32.97179487179487, 32.97692307692308, 32.97692307692308, 32.97948717948718, 32.97692307692308, 32.98205128205128, 32.99230769230769, 32.97179487179487, 32.96666666666667, 32.96410256410257, 32.95897435897436, 32.96153846153846, 32.97435897435898, 32.97435897435898, 32.96923076923077, 32.96923076923077, 32.97948717948718, 32.98205128205128, 32.97948717948718, 32.97179487179487, 32.97179487179487]",0.9151000255946631,0.9302598188867849,33,"[33, 33, 33, 33, 33, 33, 33, 33, 33, 33, 33, 33, 33, 33, 33, 33, 33, 33, 33, 33, 33, 33, 33, 33, 33, 33, 33, 33, 33, 33, 33, 33, 33, 33, 33, 33, 33, 33, 33, 33, 33, 33, 33, 33, 33, 33, 33, 33, 33, 33, 33, 33, 33, 33, 33, 33, 33, 33, 33, 33, 33, 33, 33, 33, 33, 33, 33, 33, 33, 33, 33, 33, 33, 33, 33, 33, 33, 33, 33, 33, 33, 33, 33, 33, 33, 33, 33, 33, 33, 33, 33, 33, 33, 33, 33, 33, 33, 33, 33, 33, 33, 33, 33, 33, 33, 33, 33, 33, 33, 33, 33, 33, 33, 33, 33, 33, 33, 33, 33, 33, 33, 33, 33, 33, 33, 33, 33, 33, 33, 33, 33, 33, 33, 33, 33, 33, 33, 33, 33, 33, 33, 33, 33, 33, 33, 33, 33, 33, 33, 33, 33, 33, 33, 33, 33, 33, 33, 33, 33, 33, 33, 33, 33, 33, 33, 33, 33, 33, 33, 33, 33, 33, 33, 33, 33, 33, 33, 33, 33, 33, 33, 33, 33, 33, 33, 33, 33, 33, 33, 33, 33, 33, 33, 33, 33, 33, 33, 33, 33, 33, 33, 33, 33, 33, 33, 33, 33, 33, 33, 33, 33, 33, 33, 33, 33, 33, 33, 33, 33, 33, 33, 33, 33, 33, 33, 33, 33, 33, 33, 33, 33, 33, 33, 33, 33, 33, 33, 33, 33, 33, 33, 33, 33, 33, 33, 33, 33, 33, 33, 33, 33, 33, 33, 33, 33, 33, 33, 33, 33, 33, 33, 33, 33, 33, 33, 33, 33, 33, 33, 33, 33, 33, 33, 33, 33, 33, 33, 33, 33, 33, 33, 33, 33, 33, 33, 33, 33, 33, 33, 33, 33, 33, 33, 33, 33, 33, 33, 33, 33, 33, 33, 33, 33, 33, 33, 33, 33, 33, 33, 33]",310,"[0.3953508734703064, 0.3860044777393341, 0.3805454671382904, 0.37674880027770996, 0.3734072148799896, 0.3708869516849518, 0.3685058653354645, 0.36668241024017334, 0.3644481301307678, 0.36255669593811035, 0.36103489995002747, 0.35895678400993347, 0.35710278153419495, 0.35538458824157715, 0.3536016345024109, 0.35189980268478394, 0.35009318590164185, 0.3482215106487274, 0.34698721766471863, 0.3446594178676605, 0.34318217635154724, 0.34088218212127686, 0.33901962637901306, 0.3372775614261627, 0.335591584444046, 0.3337974548339844, 0.331777423620224, 0.3302217423915863, 0.3281485438346863, 0.3258390724658966, 0.32437950372695923, 0.3218487501144409, 0.31984996795654297, 0.31818288564682007, 0.31566691398620605, 0.3142239451408386, 0.3114492893218994, 0.30916041135787964, 0.30682510137557983, 0.3047993779182434, 0.3028772473335266, 0.3010440170764923, 0.2989843487739563, 0.29675549268722534, 0.2945282459259033, 0.2925416827201843, 0.2908150255680084, 0.28897204995155334, 0.2867365777492523, 0.28497183322906494, 0.283255398273468, 0.28185465931892395, 0.2803553640842438, 0.27879467606544495, 0.2771851718425751, 0.275649756193161, 0.2741706371307373, 0.2728186547756195, 0.27142322063446045, 0.2702312171459198, 0.2692336440086365, 0.26812419295310974, 0.26681727170944214, 0.2657020092010498, 0.26498061418533325, 0.26349350810050964, 0.2626306116580963, 0.2613441050052643, 0.26019853353500366, 0.2592528462409973, 0.25864776968955994, 0.25739356875419617, 0.25643056631088257, 0.2553613781929016, 0.25453412532806396, 0.2536957561969757, 0.25274381041526794, 0.25179022550582886, 0.25095391273498535, 0.25043976306915283, 0.24938428401947021, 0.24914520978927612, 0.24826723337173462, 0.24724052846431732, 0.24641868472099304, 0.2455054521560669, 0.24493278563022614, 0.2443433701992035, 0.2434982806444168, 0.24267923831939697, 0.2422366738319397, 0.24130219221115112, 0.24017204344272614, 0.23951494693756104, 0.23898978531360626, 0.23859350383281708, 0.23804113268852234, 0.23740173876285553, 0.23629288375377655, 0.23594945669174194, 0.2349199503660202, 0.23439346253871918, 0.23420359194278717, 0.23331071436405182, 0.23231971263885498, 0.2316034883260727, 0.23125295341014862, 0.2306297868490219, 0.230366051197052, 0.22984585165977478, 0.22886741161346436, 0.22828306257724762, 0.2277989536523819, 0.22742201387882233, 0.22680920362472534, 0.22596435248851776, 0.22607927024364471, 0.2251417338848114, 0.2248353511095047, 0.22433628141880035, 0.22338275611400604, 0.22298263013362885, 0.222966730594635, 0.22194510698318481, 0.2221078872680664, 0.2211257368326187, 0.22122149169445038, 0.22044122219085693, 0.22044217586517334, 0.21995437145233154, 0.21899797022342682, 0.2192995697259903, 0.2182670533657074, 0.217744842171669, 0.21754632890224457, 0.2175379991531372, 0.21655187010765076, 0.21632494032382965, 0.21595962345600128, 0.2159929871559143, 0.21553941071033478, 0.21504268050193787, 0.21428078413009644, 0.21415619552135468, 0.21346166729927063, 0.21351337432861328, 0.21328012645244598, 0.2124694585800171, 0.21253585815429688, 0.21191126108169556, 0.21146221458911896, 0.21174082159996033, 0.21119828522205353, 0.21095412969589233, 0.21059907972812653, 0.21144773066043854, 0.21015405654907227, 0.2101808339357376, 0.21012641489505768, 0.20984947681427002, 0.20953170955181122, 0.2091655135154724, 0.2091103345155716, 0.20876739919185638, 0.20852059125900269, 0.20795591175556183, 0.20753011107444763, 0.20749278366565704, 0.20729383826255798, 0.2072155773639679, 0.20669037103652954, 0.2065005749464035, 0.20709571242332458, 0.2064727395772934, 0.20642581582069397, 0.2069251835346222, 0.20562656223773956, 0.2058175802230835, 0.20537056028842926, 0.20517995953559875, 0.2055228352546692, 0.20504243671894073, 0.20564499497413635, 0.20586924254894257, 0.204177126288414, 0.20447751879692078, 0.20388740301132202, 0.20353560149669647, 0.20396167039871216, 0.20307870209217072, 0.20485617220401764, 0.20335550606250763, 0.20286573469638824, 0.20279988646507263, 0.20226068794727325, 0.20281578600406647, 0.20366953313350677, 0.20298917591571808, 0.2017044574022293, 0.20227406919002533, 0.20242123305797577, 0.20122624933719635, 0.2007489800453186, 0.20139126479625702, 0.20139749348163605, 0.20164652168750763, 0.20157068967819214, 0.20052780210971832, 0.20095939934253693, 0.20089298486709595, 0.19994622468948364, 0.20017008483409882, 0.20068016648292542, 0.19972914457321167, 0.20025159418582916, 0.19962993264198303, 0.19918197393417358, 0.1989511251449585, 0.1990765929222107, 0.1987452358007431, 0.19901233911514282, 0.19890132546424866, 0.19932128489017487, 0.19842863082885742, 0.1984390765428543, 0.19860975444316864, 0.19919049739837646, 0.1989283710718155, 0.19870395958423615, 0.19806455075740814, 0.19741502404212952, 0.19767461717128754, 0.19739621877670288, 0.19778603315353394, 0.19803327322006226, 0.19766300916671753, 0.19760431349277496, 0.19716595113277435, 0.19757719337940216, 0.19660229980945587, 0.19636227190494537, 0.19628305733203888, 0.19722743332386017, 0.1970399022102356, 0.19686317443847656, 0.19645220041275024, 0.1957901567220688, 0.19652870297431946, 0.19610244035720825, 0.19584935903549194, 0.1960112750530243, 0.19609719514846802, 0.1961248517036438, 0.19661983847618103, 0.19611020386219025, 0.195354163646698, 0.1954532414674759, 0.194803848862648, 0.1963883936405182, 0.19590316712856293, 0.1949400156736374, 0.19447796046733856, 0.1945646107196808, 0.1951979696750641, 0.19393177330493927, 0.19472287595272064, 0.19372199475765228, 0.19490021467208862, 0.1943942904472351, 0.19467586278915405, 0.1942182183265686, 0.19431309401988983, 0.19447436928749084, 0.19375748932361603, 0.19369083642959595, 0.19268186390399933, 0.19310522079467773, 0.19276292622089386, 0.19299554824829102, 0.1929701864719391, 0.19295340776443481, 0.19253961741924286, 0.19361868500709534, 0.19315919280052185, 0.19289983808994293, 0.19252261519432068, 0.19319815933704376, 0.1922294795513153, 0.19200101494789124, 0.19325490295886993, 0.19166314601898193, 0.1918436586856842, 0.1926821917295456, 0.19246560335159302, 0.1911417543888092, 0.19237224757671356, 0.19138310849666595, 0.19115722179412842, 0.19123047590255737, 0.19239594042301178, 0.19259348511695862, 0.19153781235218048, 0.19129396975040436, 0.19030624628067017, 0.19188956916332245, 0.19172486662864685, 0.19234775006771088, 0.19192752242088318, 0.19085700809955597, 0.1913822889328003]",33.0,"[33.0, 33.0, 33.0, 33.0, 33.0, 33.0, 33.0, 33.0, 33.0, 33.0, 33.0, 33.0, 33.0, 33.0, 33.0, 33.0, 33.0, 33.0, 33.0, 33.0, 33.0, 33.0, 33.0, 33.0, 33.0, 33.0, 33.0, 33.0, 33.0, 33.0, 33.0, 33.0, 33.0, 33.0, 33.0, 33.0, 33.0, 33.0, 33.0, 33.0, 33.0, 33.0, 33.0, 33.0, 33.0, 33.0, 33.0, 33.0, 33.0, 33.0, 33.0, 33.0, 33.0, 33.0, 33.0, 33.0, 33.0, 33.0, 33.0, 33.0, 33.0, 33.0, 33.0, 33.0, 33.0, 33.0, 33.0, 33.0, 33.0, 33.0, 33.0, 33.0, 33.0, 33.0, 33.0, 33.0, 33.0, 33.0, 33.0, 33.0, 33.0, 33.0, 33.0, 33.0, 33.0, 33.0, 33.0, 33.0, 33.0, 33.0, 33.0, 33.0, 33.0, 33.0, 33.0, 33.0, 33.0, 33.0, 33.0, 33.0, 33.0, 33.0, 33.0, 33.0, 33.0, 33.0, 33.0, 33.0, 33.0, 33.0, 33.0, 33.0, 33.0, 33.0, 33.0, 33.0, 33.0, 33.0, 33.0, 33.0, 33.0, 33.0, 33.0, 33.0, 33.0, 33.0, 33.0, 33.0, 33.0, 33.0, 33.0, 33.0, 33.0, 33.0, 33.0, 33.0, 33.0, 33.0, 33.0, 33.0, 33.0, 33.0, 33.0, 33.0, 33.0, 33.0, 33.0, 33.0, 33.0, 33.0, 33.0, 33.0, 33.0, 33.0, 33.0, 33.0, 33.0, 33.0, 33.0, 33.0, 33.0, 33.0, 33.0, 33.0, 33.0, 33.0, 33.0, 33.0, 33.0, 33.0, 33.0, 33.0, 33.0, 33.0, 33.0, 33.0, 33.0, 33.0, 33.0, 33.0, 33.0, 33.0, 33.0, 33.0, 33.0, 33.0, 33.0, 33.0, 33.0, 33.0, 33.0, 33.0, 33.0, 33.0, 33.0, 33.0, 33.0, 33.0, 33.0, 33.0, 33.0, 33.0, 33.0, 33.0, 33.0, 33.0, 33.0, 33.0, 33.0, 33.0, 33.0, 33.0, 33.0, 33.0, 33.0, 33.0, 33.0, 33.0, 33.0, 33.0, 33.0, 33.0, 33.0, 33.0, 33.0, 33.0, 33.0, 33.0, 33.0, 33.0, 33.0, 33.0, 33.0, 33.0, 33.0, 33.0, 33.0, 33.0, 33.0, 33.0, 33.0, 33.0, 33.0, 33.0, 33.0, 33.0, 33.0, 33.0, 33.0, 33.0, 33.0, 33.0, 33.0, 33.0, 33.0, 33.0, 33.0, 33.0, 33.0, 33.0, 33.0, 33.0, 33.0, 33.0, 33.0, 33.0, 33.0, 33.0, 33.0, 33.0, 33.0, 33.0, 33.0, 33.0, 33.0, 33.0, 33.0, 33.0, 33.0, 33.0, 33.0, 33.0, 33.0, 33.0, 33.0, 33.0, 33.0, 33.0, 33.0, 33.0, 33.0, 33.0, 33.0, 33.0, 33.0, 33.0, 33.0, 33.0, 33.0, 33.0, 33.0, 33.0, 33.0, 33.0, 33.0, 33.0, 33.0, 33.0, 33.0, 33.0]",COMPLETE
