,number,value,datetime_start,datetime_complete,duration,params_batch_size_scaler,params_constant_learning_rate,params_depth,params_epochs,params_kernel_l2,params_num_trees,params_temperature,user_attrs_accuracy_test,user_attrs_accuracy_valid,user_attrs_approximate_feature_sparsity,user_attrs_approximate_feature_sparsity_history,user_attrs_approximate_weight_sparsity,user_attrs_approximate_weight_sparsity_history,user_attrs_auc_test,user_attrs_auc_valid,user_attrs_feature_sparsity,user_attrs_feature_sparsity_history,user_attrs_num_epochs,user_attrs_val_loss_history,user_attrs_weight_sparsity,user_attrs_weight_sparsity_history,state
49,49,0.9125220594865453,2024-08-31 01:59:42.148282,2024-08-31 02:00:04.710959,0 days 00:00:22.562677,16,0.1187556112154168,2,170,0.11476193260448347,58,0.01921129606988504,0.901,0.9,33,"[33, 33, 33, 33, 33, 33, 33, 33, 33, 33, 33, 33, 33, 33, 33, 33, 33, 33, 33, 33, 33, 33, 33, 33, 33, 33, 33, 33, 33, 33, 33, 33, 33, 33, 33, 33, 33, 33, 33, 33, 33, 33, 33, 33, 33, 33, 33, 33, 33, 33, 33, 33, 33, 33, 33, 33, 33, 33, 33, 33, 33, 33, 33, 33, 33, 33, 33, 33, 33, 33, 33, 33, 33, 33, 33, 33, 33, 33, 33, 33, 33, 33, 33, 33, 33, 33, 33, 33, 33, 33, 33, 33, 33, 33, 33, 33, 33, 33, 33, 33, 33, 33, 33, 33, 33, 33, 33, 33, 33, 33, 33, 33, 33, 33, 33, 33, 33, 33, 33, 33, 33, 33, 33, 33, 33, 33, 33, 33, 33, 33, 33, 33, 33, 33, 33, 33, 33, 33, 33, 33, 33, 33, 33, 33, 33, 33, 33, 33, 33, 33, 33, 33, 33, 33, 33, 33, 33, 33, 33, 33, 33, 33, 33, 33, 33, 33, 33, 33, 33, 33]",32.97701149425288,"[32.98850574712644, 32.99425287356322, 32.98850574712644, 32.99425287356322, 32.98275862068966, 32.97701149425288, 32.97701149425288, 32.98850574712644, 32.98850574712644, 32.97701149425288, 32.97701149425288, 32.97701149425288, 32.97126436781609, 32.98850574712644, 32.97126436781609, 32.97701149425287, 32.97701149425288, 32.97126436781609, 32.96551724137931, 32.97701149425288, 32.97701149425288, 32.96551724137931, 32.95977011494253, 32.98275862068966, 32.98850574712644, 32.97701149425288, 32.98850574712644, 32.97701149425288, 32.97701149425288, 32.97701149425288, 32.97126436781609, 32.97126436781609, 32.96551724137931, 32.98850574712644, 32.99425287356322, 32.98275862068965, 32.96551724137931, 32.98850574712644, 32.98275862068965, 32.97701149425288, 32.98850574712644, 32.98275862068966, 32.96551724137931, 32.97126436781609, 32.97701149425288, 32.97126436781609, 32.97701149425288, 32.97126436781609, 32.96551724137931, 32.95402298850575, 32.95977011494253, 32.96551724137931, 32.97701149425288, 32.97126436781609, 32.98275862068966, 32.98850574712644, 32.97701149425288, 32.97701149425288, 32.98275862068966, 32.97701149425288, 32.98275862068966, 32.97126436781609, 32.96551724137931, 32.97701149425288, 32.97701149425288, 32.98850574712644, 32.96551724137931, 32.97126436781609, 32.97126436781609, 32.97701149425288, 32.98275862068966, 32.97126436781609, 32.98275862068966, 32.97126436781609, 32.97701149425288, 32.96551724137931, 32.97126436781609, 32.97701149425288, 32.97701149425288, 32.98275862068966, 32.98850574712644, 32.98275862068965, 32.98850574712644, 32.98850574712644, 32.96551724137931, 32.97701149425288, 32.97126436781609, 32.97701149425288, 32.96551724137931, 32.97701149425288, 32.97126436781609, 32.95977011494253, 32.97701149425288, 32.95402298850575, 32.97701149425288, 32.97701149425288, 32.97701149425288, 32.98275862068966, 32.98850574712644, 32.97126436781609, 32.96551724137931, 32.97126436781609, 32.98275862068966, 32.97701149425288, 32.96551724137931, 32.97701149425288, 32.99425287356322, 32.97701149425288, 32.98850574712644, 32.98850574712644, 32.98275862068966, 32.98275862068966, 32.98850574712644, 32.99425287356322, 32.97126436781609, 32.97126436781609, 32.99425287356322, 32.99425287356322, 32.97126436781609, 32.97126436781609, 32.96551724137931, 32.97701149425288, 32.96551724137931, 32.98275862068965, 32.99425287356322, 32.97701149425288, 32.98275862068966, 32.99425287356322, 32.99425287356322, 32.98275862068966, 32.95977011494253, 32.95977011494253, 32.95977011494253, 32.95977011494253, 32.95402298850575, 32.97701149425288, 32.94827586206897, 32.96551724137931, 32.98275862068966, 32.98275862068966, 32.98850574712644, 32.98850574712644, 32.97701149425288, 32.97701149425288, 32.97701149425288, 32.98850574712644, 32.98850574712644, 32.96551724137931, 32.97701149425288, 32.98275862068966, 32.96551724137931, 32.98850574712644, 32.99425287356322, 32.98275862068966, 32.95977011494253, 32.97126436781609, 32.98275862068966, 32.97126436781609, 32.98275862068966, 32.99425287356322, 32.99425287356322, 32.99425287356322, 32.97126436781609, 32.98850574712644, 32.98275862068965, 32.97701149425288, 32.98850574712644, 32.99425287356322, 32.97701149425288, 32.97701149425288]",0.891792369487859,0.9125220594865453,33,"[33, 33, 33, 33, 33, 33, 33, 33, 33, 33, 33, 33, 33, 33, 33, 33, 33, 33, 33, 33, 33, 33, 33, 33, 33, 33, 33, 33, 33, 33, 33, 33, 33, 33, 33, 33, 33, 33, 33, 33, 33, 33, 33, 33, 33, 33, 33, 33, 33, 33, 33, 33, 33, 33, 33, 33, 33, 33, 33, 33, 33, 33, 33, 33, 33, 33, 33, 33, 33, 33, 33, 33, 33, 33, 33, 33, 33, 33, 33, 33, 33, 33, 33, 33, 33, 33, 33, 33, 33, 33, 33, 33, 33, 33, 33, 33, 33, 33, 33, 33, 33, 33, 33, 33, 33, 33, 33, 33, 33, 33, 33, 33, 33, 33, 33, 33, 33, 33, 33, 33, 33, 33, 33, 33, 33, 33, 33, 33, 33, 33, 33, 33, 33, 33, 33, 33, 33, 33, 33, 33, 33, 33, 33, 33, 33, 33, 33, 33, 33, 33, 33, 33, 33, 33, 33, 33, 33, 33, 33, 33, 33, 33, 33, 33, 33, 33, 33, 33, 33, 33]",170,"[0.4376874268054962, 0.4286406338214874, 0.420857697725296, 0.42044147849082947, 0.4124399423599243, 0.40985462069511414, 0.40774205327033997, 0.40547531843185425, 0.40537339448928833, 0.4023163616657257, 0.401184618473053, 0.3980270326137543, 0.396689236164093, 0.3964432179927826, 0.3933541774749756, 0.3943491280078888, 0.39563480019569397, 0.3891054093837738, 0.39064574241638184, 0.38598382472991943, 0.38513877987861633, 0.38291430473327637, 0.38200342655181885, 0.38032904267311096, 0.3814519941806793, 0.3789141774177551, 0.37655091285705566, 0.37569552659988403, 0.3741593658924103, 0.3749682307243347, 0.37613245844841003, 0.3713996112346649, 0.3698478639125824, 0.36866387724876404, 0.3682822287082672, 0.3673568069934845, 0.3663339614868164, 0.36445096135139465, 0.3638474941253662, 0.3620701730251312, 0.361400306224823, 0.3618422746658325, 0.3637210428714752, 0.3584635853767395, 0.3577404022216797, 0.3590819537639618, 0.3556362986564636, 0.35401293635368347, 0.3530593514442444, 0.35204946994781494, 0.3538118004798889, 0.3498263955116272, 0.34889113903045654, 0.34793785214424133, 0.35048210620880127, 0.3466709852218628, 0.3463977575302124, 0.346798300743103, 0.3431204855442047, 0.341979056596756, 0.3435642719268799, 0.3392525613307953, 0.33826449513435364, 0.3369801640510559, 0.3363945484161377, 0.3362203538417816, 0.33410894870758057, 0.3337234556674957, 0.3319051265716553, 0.33108818531036377, 0.330086886882782, 0.3304365277290344, 0.32757508754730225, 0.32622069120407104, 0.3250966966152191, 0.3242033123970032, 0.3227316737174988, 0.3235916197299957, 0.3209468424320221, 0.31944361329078674, 0.3195298910140991, 0.318055659532547, 0.31625595688819885, 0.31521478295326233, 0.3139452040195465, 0.3131457269191742, 0.31223824620246887, 0.3123127520084381, 0.3105625510215759, 0.3130389451980591, 0.3081032335758209, 0.3064830005168915, 0.3058232069015503, 0.30484655499458313, 0.3041411340236664, 0.30314967036247253, 0.30231213569641113, 0.3012252449989319, 0.30078694224357605, 0.301433265209198, 0.3012453019618988, 0.2977166175842285, 0.2966981530189514, 0.2966356575489044, 0.2946045994758606, 0.29385054111480713, 0.29339316487312317, 0.2921941876411438, 0.29185938835144043, 0.291013240814209, 0.28990164399147034, 0.28938913345336914, 0.2890186011791229, 0.28749924898147583, 0.2871134877204895, 0.286559134721756, 0.2863462269306183, 0.28473079204559326, 0.28452450037002563, 0.2845851480960846, 0.2831605076789856, 0.28376907110214233, 0.28209975361824036, 0.2821633815765381, 0.2811122238636017, 0.2811666429042816, 0.2848082482814789, 0.27910125255584717, 0.2784723937511444, 0.2778891921043396, 0.27839234471321106, 0.276640921831131, 0.2772044241428375, 0.2756873071193695, 0.27542081475257874, 0.2761702835559845, 0.2749781012535095, 0.2736590802669525, 0.2730506658554077, 0.27283215522766113, 0.27204838395118713, 0.27219197154045105, 0.2722882926464081, 0.27134469151496887, 0.2708075940608978, 0.27057161927223206, 0.2720058560371399, 0.2698986530303955, 0.2725979685783386, 0.26854589581489563, 0.26815065741539, 0.2687646746635437, 0.26708149909973145, 0.2698756158351898, 0.26617956161499023, 0.2653689682483673, 0.2649485468864441, 0.2651155889034271, 0.26442286372184753, 0.2648000419139862, 0.2639663517475128, 0.26318299770355225, 0.2628559470176697, 0.26294541358947754, 0.2617279291152954, 0.26139482855796814, 0.2619767189025879, 0.26100945472717285, 0.26134607195854187, 0.26037582755088806]",33.0,"[33.0, 33.0, 33.0, 33.0, 33.0, 33.0, 33.0, 33.0, 33.0, 33.0, 33.0, 33.0, 33.0, 33.0, 33.0, 33.0, 33.0, 33.0, 33.0, 33.0, 33.0, 33.0, 33.0, 33.0, 33.0, 33.0, 33.0, 33.0, 33.0, 33.0, 33.0, 33.0, 33.0, 33.0, 33.0, 33.0, 33.0, 33.0, 33.0, 33.0, 33.0, 33.0, 33.0, 33.0, 33.0, 33.0, 33.0, 33.0, 33.0, 33.0, 33.0, 33.0, 33.0, 33.0, 33.0, 33.0, 33.0, 33.0, 33.0, 33.0, 33.0, 33.0, 33.0, 33.0, 33.0, 33.0, 33.0, 33.0, 33.0, 33.0, 33.0, 33.0, 33.0, 33.0, 33.0, 33.0, 33.0, 33.0, 33.0, 33.0, 33.0, 33.0, 33.0, 33.0, 33.0, 33.0, 33.0, 33.0, 33.0, 33.0, 33.0, 33.0, 33.0, 33.0, 33.0, 33.0, 33.0, 33.0, 33.0, 33.0, 33.0, 33.0, 33.0, 33.0, 33.0, 33.0, 33.0, 33.0, 33.0, 33.0, 33.0, 33.0, 33.0, 33.0, 33.0, 33.0, 33.0, 33.0, 33.0, 33.0, 33.0, 33.0, 33.0, 33.0, 33.0, 33.0, 33.0, 33.0, 33.0, 33.0, 33.0, 33.0, 33.0, 33.0, 33.0, 33.0, 33.0, 33.0, 33.0, 33.0, 33.0, 33.0, 33.0, 33.0, 33.0, 33.0, 33.0, 33.0, 33.0, 33.0, 33.0, 33.0, 33.0, 33.0, 33.0, 33.0, 33.0, 33.0, 33.0, 33.0, 33.0, 33.0, 33.0, 33.0, 33.0, 33.0, 33.0, 33.0, 33.0, 33.0]",COMPLETE
