,number,value,datetime_start,datetime_complete,duration,params_batch_size_scaler,params_constant_learning_rate,params_depth,params_epochs,params_kernel_l2,params_num_trees,params_temperature,user_attrs_accuracy_test,user_attrs_accuracy_valid,user_attrs_approximate_feature_sparsity,user_attrs_approximate_feature_sparsity_history,user_attrs_approximate_weight_sparsity,user_attrs_approximate_weight_sparsity_history,user_attrs_auc_test,user_attrs_auc_valid,user_attrs_feature_sparsity,user_attrs_feature_sparsity_history,user_attrs_num_epochs,user_attrs_val_loss_history,user_attrs_weight_sparsity,user_attrs_weight_sparsity_history,state
75,75,0.8967293993378933,2024-08-31 03:28:27.201726,2024-08-31 03:30:36.744647,0 days 00:02:09.542921,1,0.41287278562644386,2,295,0.016757322678851903,67,0.0002215676193225877,0.91,0.9175,29,"[33, 33, 33, 33, 33, 33, 33, 33, 33, 33, 33, 33, 33, 33, 32, 32, 32, 32, 31, 31, 31, 31, 31, 31, 31, 31, 31, 31, 31, 31, 31, 31, 31, 31, 31, 31, 31, 31, 31, 31, 31, 31, 31, 31, 30, 30, 30, 30, 30, 30, 30, 30, 30, 30, 30, 30, 30, 30, 30, 30, 30, 30, 30, 30, 30, 30, 30, 30, 30, 30, 30, 30, 30, 30, 30, 30, 30, 30, 30, 30, 30, 30, 30, 30, 30, 30, 30, 30, 30, 30, 30, 30, 30, 30, 30, 30, 30, 30, 30, 30, 30, 30, 30, 30, 30, 30, 29, 29, 29, 29, 29, 29, 29, 29, 29, 29, 29, 29, 29, 29, 29, 29, 29, 29, 29, 29, 29, 29, 29, 29, 29, 29, 29, 29, 29, 29, 29, 29, 29, 29, 29, 29, 29, 29, 29, 29, 29, 29, 29, 29, 29, 29, 29, 29, 29, 29, 29, 29, 29, 29, 29, 29, 29, 29, 29, 29, 29, 29, 29, 29, 29, 29, 29, 29, 29, 29, 29, 29, 29, 29, 29, 29, 29, 29, 29, 29, 29, 29, 29, 29, 29, 29, 29, 29, 29, 29, 29, 29, 29, 29, 29, 29, 29, 29, 29, 29, 29, 29, 29, 29, 29, 29, 29, 29, 29, 29, 29, 29, 29, 29, 29, 29, 29, 29, 29, 29, 29, 29, 29, 29, 29, 29, 29, 29, 29, 29, 29, 29, 29, 29, 29, 29, 29, 29, 29, 29, 29, 29, 29, 29, 29, 29, 29, 29, 29, 29, 29, 29, 29, 29, 29, 29, 29, 29, 29, 29, 29, 29, 29, 29, 29, 29, 29, 29, 29, 29, 29, 29, 29, 29, 29, 29, 29, 29, 29, 29, 29, 29, 29, 29, 29, 29, 29, 29, 29]",28.7363184079602,"[32.99004975124378, 32.98507462686567, 32.98009950248756, 32.97014925373134, 32.99004975124378, 32.99004975124378, 32.98009950248756, 32.98507462686567, 32.98507462686567, 32.98009950248756, 32.98009950248756, 32.960199004975124, 32.98009950248756, 32.97014925373134, 31.980099502487562, 31.975124378109452, 31.980099502487562, 31.970149253731343, 30.98507462686567, 30.98507462686567, 30.98507462686567, 30.980099502487562, 30.960199004975124, 30.975124378109452, 30.970149253731343, 30.98507462686567, 30.99004975124378, 30.99004975124378, 30.980099502487562, 30.980099502487562, 30.975124378109452, 30.99004975124378, 30.965174129353233, 30.98507462686567, 30.980099502487562, 30.970149253731343, 30.975124378109452, 30.99004975124378, 30.980099502487562, 30.99004975124378, 30.965174129353233, 30.99004975124378, 30.98507462686567, 30.970149253731343, 29.980099502487562, 29.970149253731343, 29.960199004975124, 29.98507462686567, 29.950248756218905, 29.98507462686567, 29.960199004975124, 29.975124378109452, 29.955223880597014, 29.99004975124378, 29.98507462686567, 29.970149253731343, 29.975124378109452, 29.99004975124378, 29.975124378109452, 29.98507462686567, 29.98507462686567, 29.970149253731343, 29.99502487562189, 29.99004975124378, 29.970149253731343, 29.960199004975124, 29.965174129353233, 29.980099502487562, 29.980099502487562, 29.965174129353233, 29.965174129353233, 29.99004975124378, 29.99004975124378, 29.965174129353233, 29.970149253731343, 29.975124378109452, 29.955223880597014, 29.975124378109452, 29.965174129353233, 29.965174129353233, 29.970149253731343, 29.980099502487562, 29.975124378109452, 29.965174129353233, 29.98507462686567, 29.99502487562189, 29.970149253731343, 29.960199004975124, 29.960199004975124, 29.98507462686567, 29.950248756218905, 29.975124378109452, 29.975124378109452, 29.980099502487562, 29.965174129353233, 29.945273631840795, 29.955223880597014, 29.960199004975124, 29.98507462686567, 29.955223880597014, 29.950248756218905, 29.960199004975124, 29.920398009950247, 29.975124378109452, 29.925373134328357, 29.960199004975124, 28.940298507462686, 28.945273631840795, 28.925373134328357, 28.940298507462686, 28.925373134328357, 28.960199004975124, 28.935323383084576, 28.955223880597014, 28.955223880597014, 28.950248756218905, 28.940298507462686, 28.950248756218905, 28.955223880597014, 28.930348258706466, 28.930348258706466, 28.955223880597014, 28.960199004975124, 28.945273631840795, 28.945273631840795, 28.950248756218905, 28.940298507462686, 28.935323383084576, 28.915422885572138, 28.90049751243781, 28.955223880597014, 28.955223880597014, 28.930348258706466, 28.940298507462686, 28.915422885572138, 28.925373134328357, 28.930348258706466, 28.925373134328357, 28.940298507462686, 28.90547263681592, 28.920398009950247, 28.930348258706466, 28.940298507462686, 28.925373134328357, 28.955223880597014, 28.920398009950247, 28.935323383084576, 28.905472636815922, 28.940298507462686, 28.91044776119403, 28.945273631840795, 28.90049751243781, 28.935323383084576, 28.930348258706466, 28.91044776119403, 28.945273631840795, 28.920398009950247, 28.90547263681592, 28.945273631840795, 28.940298507462686, 28.930348258706466, 28.950248756218905, 28.90547263681592, 28.91044776119403, 28.940298507462686, 28.930348258706466, 28.930348258706466, 28.92537313432836, 28.940298507462686, 28.925373134328357, 28.930348258706466, 28.915422885572138, 28.89054726368159, 28.91044776119403, 28.925373134328357, 28.920398009950247, 28.935323383084576, 28.91044776119403, 28.945273631840795, 28.91044776119403, 28.91044776119403, 28.90547263681592, 28.915422885572138, 28.88557213930348, 28.89054726368159, 28.91044776119403, 28.90547263681592, 28.89054726368159, 28.920398009950247, 28.925373134328357, 28.88557213930348, 28.920398009950247, 28.88059701492537, 28.8955223880597, 28.89054726368159, 28.8955223880597, 28.915422885572138, 28.90049751243781, 28.865671641791042, 28.90547263681592, 28.860696517412933, 28.860696517412933, 28.87562189054726, 28.850746268656714, 28.87562189054726, 28.845771144278604, 28.835820895522385, 28.87562189054726, 28.865671641791042, 28.88059701492537, 28.845771144278604, 28.87562189054726, 28.89054726368159, 28.87562189054726, 28.865671641791042, 28.8955223880597, 28.89054726368159, 28.855721393034823, 28.860696517412933, 28.8955223880597, 28.865671641791042, 28.88059701492537, 28.860696517412936, 28.860696517412933, 28.865671641791042, 28.850746268656714, 28.855721393034823, 28.855721393034827, 28.83084577114428, 28.840796019900495, 28.80597014925373, 28.796019900497512, 28.850746268656714, 28.83582089552239, 28.81094527363184, 28.8407960199005, 28.875621890547265, 28.845771144278604, 28.845771144278604, 28.830845771144276, 28.855721393034823, 28.825870646766166, 28.800995024875625, 28.820895522388057, 28.80597014925373, 28.81094527363184, 28.81592039800995, 28.82089552238806, 28.8407960199005, 28.81094527363184, 28.800995024875622, 28.796019900497512, 28.796019900497512, 28.830845771144276, 28.820895522388057, 28.756218905472636, 28.80597014925373, 28.81592039800995, 28.766169154228855, 28.81592039800995, 28.776119402985074, 28.76119402985075, 28.815920398009947, 28.78606965174129, 28.7363184079602, 28.80597014925373, 28.74626865671642, 28.796019900497512, 28.80597014925373, 28.80597014925373, 28.786069651741293, 28.74626865671642, 28.74626865671642, 28.771144278606965, 28.81592039800995, 28.7363184079602, 28.7363184079602, 28.796019900497512, 28.781094527363184, 28.781094527363184, 28.74129353233831, 28.766169154228855, 28.741293532338307, 28.791044776119403, 28.71144278606965, 28.701492537313435, 28.691542288557216, 28.721393034825873, 28.671641791044777, 28.701492537313435, 28.65174129353234, 28.726368159203982, 28.7363184079602, 28.686567164179106, 28.7363184079602]",0.8980341647470669,0.8967293993378933,29,"[33, 33, 33, 33, 33, 33, 33, 33, 33, 33, 33, 33, 33, 33, 32, 32, 32, 32, 31, 31, 31, 31, 31, 31, 31, 31, 31, 31, 31, 31, 31, 31, 31, 31, 31, 31, 31, 31, 31, 31, 31, 31, 31, 31, 30, 30, 30, 30, 30, 30, 30, 30, 30, 30, 30, 30, 30, 30, 30, 30, 30, 30, 30, 30, 30, 30, 30, 30, 30, 30, 30, 30, 30, 30, 30, 30, 30, 30, 30, 30, 30, 30, 30, 30, 30, 30, 30, 30, 30, 30, 30, 30, 30, 30, 30, 30, 30, 30, 30, 30, 30, 30, 30, 30, 30, 30, 29, 29, 29, 29, 29, 29, 29, 29, 29, 29, 29, 29, 29, 29, 29, 29, 29, 29, 29, 29, 29, 29, 29, 29, 29, 29, 29, 29, 29, 29, 29, 29, 29, 29, 29, 29, 29, 29, 29, 29, 29, 29, 29, 29, 29, 29, 29, 29, 29, 29, 29, 29, 29, 29, 29, 29, 29, 29, 29, 29, 29, 29, 29, 29, 29, 29, 29, 29, 29, 29, 29, 29, 29, 29, 29, 29, 29, 29, 29, 29, 29, 29, 29, 29, 29, 29, 29, 29, 29, 29, 29, 29, 29, 29, 29, 29, 29, 29, 29, 29, 29, 29, 29, 29, 29, 29, 29, 29, 29, 29, 29, 29, 29, 29, 29, 29, 29, 29, 29, 29, 29, 29, 29, 29, 29, 29, 29, 29, 29, 29, 29, 29, 29, 29, 29, 29, 29, 29, 29, 29, 29, 29, 29, 29, 29, 29, 29, 29, 29, 29, 29, 29, 29, 29, 29, 29, 29, 29, 29, 29, 29, 29, 29, 29, 29, 29, 29, 29, 29, 29, 29, 29, 29, 29, 29, 29, 29, 29, 29, 29, 29, 29, 29, 29, 29, 29, 29, 29, 29]",295,"[0.37647369503974915, 0.2986833453178406, 0.26185476779937744, 0.26695752143859863, 0.21871791779994965, 0.2521423399448395, 0.20894908905029297, 0.2180185765028, 0.2529200315475464, 0.23660272359848022, 0.2327762097120285, 0.208867147564888, 0.22271087765693665, 0.21803754568099976, 0.2093285322189331, 0.200381800532341, 0.22607851028442383, 0.31206920742988586, 0.21036256849765778, 0.20281186699867249, 0.1971866488456726, 0.19648027420043945, 0.2167578935623169, 0.2123107761144638, 0.22579334676265717, 0.1967320591211319, 0.28190144896507263, 0.1976366639137268, 0.24411822855472565, 0.2375362366437912, 0.22720561921596527, 0.2225533127784729, 0.21176029741764069, 0.23927032947540283, 0.21806538105010986, 0.25305289030075073, 0.21401041746139526, 0.22863434255123138, 0.21978135406970978, 0.21844735741615295, 0.22500547766685486, 0.24219460785388947, 0.21480968594551086, 0.23241740465164185, 0.254255473613739, 0.22386467456817627, 0.2328636348247528, 0.22381781041622162, 0.2532913088798523, 0.22763735055923462, 0.2534200847148895, 0.24804110825061798, 0.26174917817115784, 0.24658706784248352, 0.24973581731319427, 0.2582953870296478, 0.32895901799201965, 0.2578131854534149, 0.2869562804698944, 0.24745967984199524, 0.25601813197135925, 0.26642054319381714, 0.2790144979953766, 0.2801000773906708, 0.275791198015213, 0.2987133264541626, 0.30560073256492615, 0.29105284810066223, 0.2874755561351776, 0.3043800890445709, 0.2960309684276581, 0.2986682057380676, 0.3111531734466553, 0.28758159279823303, 0.3066502809524536, 0.3137612044811249, 0.31051018834114075, 0.31820476055145264, 0.3115352690219879, 0.31377291679382324, 0.3458682894706726, 0.32906195521354675, 0.32017984986305237, 0.3223215937614441, 0.3077852129936218, 0.33826565742492676, 0.3152860105037689, 0.3464636504650116, 0.3582214415073395, 0.34720519185066223, 0.3628593683242798, 0.3393031060695648, 0.35401371121406555, 0.3503994047641754, 0.3434782922267914, 0.33146217465400696, 0.34306541085243225, 0.34409329295158386, 0.3640149235725403, 0.3561651110649109, 0.3415645956993103, 0.3329838812351227, 0.380610853433609, 0.3618423342704773, 0.3872564733028412, 0.37573787569999695, 0.38758915662765503, 0.3945213258266449, 0.40091264247894287, 0.3781350255012512, 0.38598641753196716, 0.366580992937088, 0.3734312951564789, 0.39536094665527344, 0.37786078453063965, 0.36609700322151184, 0.3785790205001831, 0.36902469396591187, 0.37997549772262573, 0.3793557286262512, 0.40112075209617615, 0.390199214220047, 0.3896339535713196, 0.3905960023403168, 0.3894823491573334, 0.3909117579460144, 0.37129727005958557, 0.3932613730430603, 0.3812596797943115, 0.38449612259864807, 0.37130317091941833, 0.37982672452926636, 0.3670450448989868, 0.3831108510494232, 0.3689272701740265, 0.37321576476097107, 0.3845812678337097, 0.4086953401565552, 0.40487509965896606, 0.38690727949142456, 0.3784830868244171, 0.4102901220321655, 0.42021697759628296, 0.3927561938762665, 0.39753010869026184, 0.39908167719841003, 0.4311520755290985, 0.4051932394504547, 0.42264828085899353, 0.4247465133666992, 0.39228907227516174, 0.3918204605579376, 0.4434446394443512, 0.39597856998443604, 0.42615917325019836, 0.4090592563152313, 0.4743521809577942, 0.3836129903793335, 0.451935738325119, 0.49986743927001953, 0.4388384521007538, 0.4184119403362274, 0.4106066823005676, 0.4072193205356598, 0.40577343106269836, 0.4191436767578125, 0.4035281240940094, 0.392120361328125, 0.40030211210250854, 0.4013548195362091, 0.38833343982696533, 0.394356906414032, 0.38993343710899353, 0.456066370010376, 0.3953356146812439, 0.39588668942451477, 0.41695788502693176, 0.4814221262931824, 0.48573893308639526, 0.6676319241523743, 0.44185709953308105, 0.4565620422363281, 0.4527198374271393, 0.4307669401168823, 0.44961297512054443, 0.4302869439125061, 0.42787429690361023, 0.4285871088504791, 0.436628520488739, 0.4209688901901245, 0.4150492548942566, 0.41234833002090454, 0.42494121193885803, 0.4146536886692047, 0.4156076908111572, 0.4225594699382782, 0.39770957827568054, 0.40228232741355896, 0.4209579527378082, 0.38600417971611023, 0.42553576827049255, 0.40114256739616394, 0.4294893145561218, 0.45559245347976685, 0.48453450202941895, 0.5048556327819824, 0.4758409261703491, 0.6011630892753601, 0.5195679664611816, 0.5068261623382568, 0.5074175000190735, 0.47507965564727783, 0.46270179748535156, 0.4596913456916809, 0.45898663997650146, 0.4546230733394623, 0.4551229774951935, 0.46287986636161804, 0.44488319754600525, 0.4487597644329071, 0.439411461353302, 0.4346167743206024, 0.4326702058315277, 0.42279887199401855, 0.42106494307518005, 0.4476315379142761, 0.42636939883232117, 0.4269762933254242, 0.407237708568573, 0.42027488350868225, 0.42207854986190796, 0.408301442861557, 0.42774373292922974, 0.4703733026981354, 0.6225525140762329, 0.538984477519989, 0.5155825614929199, 0.4844551384449005, 0.4955061078071594, 0.5081737041473389, 0.47581177949905396, 0.47237735986709595, 0.4618128538131714, 0.46208980679512024, 0.4491187334060669, 0.45373237133026123, 0.45258697867393494, 0.4641434848308563, 0.4407905340194702, 0.4349394738674164, 0.43044036626815796, 0.4292750656604767, 0.4268004298210144, 0.4264414608478546, 0.4243822395801544, 0.41882818937301636, 0.4154547154903412, 0.42595431208610535, 0.4238402843475342, 0.43801048398017883, 0.44338634610176086, 0.41375863552093506, 0.45524632930755615, 0.42157459259033203, 0.44167301058769226, 0.8108751773834229, 0.6614079475402832, 0.6171556115150452, 0.4993220567703247, 0.5433778762817383, 0.5169050693511963, 0.4821244478225708, 0.47580116987228394, 0.4824894070625305, 0.47812503576278687, 0.4634495973587036, 0.4674219489097595, 0.4678327441215515, 0.46449902653694153, 0.4549349844455719, 0.45140209794044495, 0.4433967173099518, 0.4429444968700409, 0.4471636712551117, 0.44970420002937317, 0.43853244185447693, 0.4389914572238922, 0.4343003034591675, 0.46617192029953003, 0.43310150504112244, 0.4617590606212616, 0.4634002447128296, 0.48259779810905457, 0.5907102823257446, 0.5546292662620544]",29.0,"[33.0, 33.0, 33.0, 33.0, 33.0, 33.0, 33.0, 33.0, 33.0, 33.0, 33.0, 33.0, 33.0, 33.0, 32.0, 32.0, 32.0, 32.0, 31.0, 31.0, 31.0, 31.0, 31.0, 31.0, 31.0, 31.0, 31.0, 31.0, 31.0, 31.0, 31.0, 31.0, 31.0, 31.0, 31.0, 31.0, 31.0, 31.0, 31.0, 31.0, 31.0, 31.0, 31.0, 31.0, 30.0, 30.0, 30.0, 30.0, 30.0, 30.0, 30.0, 30.0, 30.0, 30.0, 30.0, 30.0, 30.0, 30.0, 30.0, 30.0, 30.0, 30.0, 30.0, 30.0, 30.0, 30.0, 30.0, 30.0, 30.0, 30.0, 30.0, 30.0, 30.0, 30.0, 30.0, 30.0, 30.0, 30.0, 30.0, 30.0, 30.0, 30.0, 30.0, 30.0, 30.0, 30.0, 30.0, 30.0, 30.0, 30.0, 30.0, 30.0, 30.0, 30.0, 30.0, 30.0, 30.0, 30.0, 30.0, 30.0, 30.0, 30.0, 30.0, 30.0, 30.0, 30.0, 29.0, 29.0, 29.0, 29.0, 29.0, 29.0, 29.0, 29.0, 29.0, 29.0, 29.0, 29.0, 29.0, 29.0, 29.0, 29.0, 29.0, 29.0, 29.0, 29.0, 29.0, 29.0, 29.0, 29.0, 29.0, 29.0, 29.0, 29.0, 29.0, 29.0, 29.0, 29.0, 29.0, 29.0, 29.0, 29.0, 29.0, 29.0, 29.0, 29.0, 29.0, 29.0, 29.0, 29.0, 29.0, 29.0, 29.0, 29.0, 29.0, 29.0, 29.0, 29.0, 29.0, 29.0, 29.0, 29.0, 29.0, 29.0, 29.0, 29.0, 29.0, 29.0, 29.0, 29.0, 29.0, 29.0, 29.0, 29.0, 29.0, 29.0, 29.0, 29.0, 29.0, 29.0, 29.0, 29.0, 29.0, 29.0, 29.0, 29.0, 29.0, 29.0, 29.0, 29.0, 29.0, 29.0, 29.0, 29.0, 29.0, 29.0, 29.0, 29.0, 29.0, 29.0, 29.0, 29.0, 29.0, 29.0, 29.0, 29.0, 29.0, 29.0, 29.0, 29.0, 29.0, 29.0, 29.0, 29.0, 29.0, 29.0, 29.0, 29.0, 29.0, 29.0, 29.0, 29.0, 29.0, 29.0, 29.0, 29.0, 29.0, 29.0, 29.0, 29.0, 29.0, 29.0, 29.0, 29.0, 29.0, 29.0, 29.0, 29.0, 29.0, 29.0, 29.0, 29.0, 29.0, 29.0, 29.0, 29.0, 29.0, 29.0, 29.0, 29.0, 29.0, 29.0, 29.0, 29.0, 29.0, 29.0, 29.0, 29.0, 29.0, 29.0, 29.0, 29.0, 29.0, 29.0, 29.0, 29.0, 29.0, 29.0, 29.0, 29.0, 29.0, 29.0, 29.0, 29.0, 29.0, 29.0, 29.0, 29.0, 29.0, 29.0, 29.0, 29.0, 29.0, 29.0, 29.0, 29.0, 29.0, 29.0, 29.0, 29.0, 29.0, 29.0, 29.0, 29.0, 29.0]",COMPLETE
