,number,value,datetime_start,datetime_complete,duration,params_batch_size_scaler,params_constant_learning_rate,params_depth,params_epochs,params_kernel_l2,params_num_trees,params_temperature,user_attrs_accuracy_test,user_attrs_accuracy_valid,user_attrs_approximate_feature_sparsity,user_attrs_approximate_feature_sparsity_history,user_attrs_approximate_weight_sparsity,user_attrs_approximate_weight_sparsity_history,user_attrs_auc_test,user_attrs_auc_valid,user_attrs_feature_sparsity,user_attrs_feature_sparsity_history,user_attrs_num_epochs,user_attrs_val_loss_history,user_attrs_weight_sparsity,user_attrs_weight_sparsity_history,state
104,104,0.5,2024-08-31 04:41:19.619192,2024-08-31 04:45:46.534602,0 days 00:04:26.915410,4,4.230037112238785,5,275,0.14826904267627056,79,0.001171905414634736,0.859,0.85875,0,"[33, 9, 8, 8, 8, 7, 7, 7, 7, 6, 6, 6, 6, 6, 6, 6, 5, 5, 5, 5, 3, 2, 2, 2, 2, 2, 2, 2, 2, 2, 2, 2, 2, 2, 2, 2, 2, 2, 2, 2, 2, 2, 2, 2, 2, 2, 2, 2, 1, 1, 1, 1, 1, 1, 1, 1, 1, 1, 1, 1, 1, 1, 1, 1, 1, 1, 1, 1, 1, 1, 1, 1, 1, 1, 1, 1, 1, 1, 1, 1, 1, 1, 1, 1, 1, 1, 1, 1, 1, 1, 1, 0, 0, 0, 0, 0, 0, 0, 0, 0, 0, 0, 0, 0, 0, 0, 0, 0, 0, 0, 0, 0, 0, 0, 0, 0, 0, 0, 0, 0, 0, 0, 0, 0, 0, 0, 0, 0, 0, 0, 0, 0, 0, 0, 0, 0, 0, 0, 0, 0, 0, 0, 0, 0, 0, 0, 0, 0, 0, 0, 0, 0, 0, 0, 0, 0, 0, 0, 0, 0, 0, 0, 0, 0, 0, 0, 0, 0, 0, 0, 0, 0, 0, 0, 0, 0, 0, 0, 0, 0, 0, 0, 0, 0, 0, 0, 0, 0, 0, 0, 0, 0, 0, 0, 0, 0, 0, 0, 0, 0, 0, 0, 0, 0, 0, 0, 0, 0, 0, 0, 0, 0, 0, 0, 0, 0, 0, 0, 0, 0, 0, 0, 0, 0, 0, 0, 0, 0, 0, 0, 0, 0, 0, 0, 0, 0, 0, 0, 0, 0, 0, 0, 0, 0, 0, 0, 0, 0, 0, 0, 0, 0, 0, 0, 0, 0, 0, 0, 0, 0, 0, 0, 0, 0, 0, 0, 0, 0, 0, 0, 0, 0, 0, 0, 0]",0.0,"[32.92772560228665, 8.984891792568394, 7.983666802776644, 7.97917517354022, 7.986116782360146, 6.984891792568395, 6.986525112290731, 6.987341772151899, 6.987750102082483, 5.989383421804818, 5.991425071457737, 5.986525112290731, 5.991016741527154, 5.9881584320130665, 5.987750102082482, 5.986933442221314, 4.992241731318906, 4.994283380971825, 4.991833401388321, 4.992650061249489, 2.9938750510412415, 1.9979583503470804, 1.999591670069416, 1.9975500204164964, 1.9963250306247449, 1.9979583503470804, 1.9967333605553286, 1.9971416904859125, 1.9971416904859125, 1.9963250306247446, 1.9963250306247446, 1.9975500204164964, 1.9963250306247446, 1.9946917109024092, 1.9983666802776643, 1.9963250306247449, 1.9967333605553286, 1.9983666802776643, 1.9971416904859125, 1.9979583503470804, 1.9979583503470804, 1.9979583503470804, 1.9975500204164964, 1.9971416904859125, 1.9963250306247446, 1.9967333605553286, 1.9979583503470804, 1.9967333605553286, 0.9983666802776644, 0.9987750102082482, 0.9991833401388321, 0.9987750102082482, 0.9983666802776644, 0.9979583503470805, 0.9979583503470805, 0.9983666802776644, 0.9991833401388321, 0.9991833401388321, 0.9983666802776644, 0.9987750102082482, 0.9987750102082482, 0.9991833401388321, 0.9983666802776644, 0.9983666802776644, 0.9987750102082482, 0.9983666802776644, 0.9983666802776644, 0.9983666802776644, 0.9983666802776644, 0.9979583503470805, 0.9983666802776644, 0.9975500204164965, 0.9971416904859126, 0.9983666802776644, 0.9971416904859126, 0.9975500204164965, 0.9975500204164965, 0.9975500204164965, 0.9979583503470805, 0.9975500204164965, 0.9975500204164965, 0.9975500204164965, 0.9971416904859126, 0.9967333605553287, 0.9967333605553287, 0.9967333605553287, 0.9971416904859126, 0.9975500204164965, 0.9975500204164965, 0.9971416904859126, 0.9963250306247448, 0.0, 0.0, 0.0, 0.0, 0.0, 0.0, 0.0, 0.0, 0.0, 0.0, 0.0, 0.0, 0.0, 0.0, 0.0, 0.0, 0.0, 0.0, 0.0, 0.0, 0.0, 0.0, 0.0, 0.0, 0.0, 0.0, 0.0, 0.0, 0.0, 0.0, 0.0, 0.0, 0.0, 0.0, 0.0, 0.0, 0.0, 0.0, 0.0, 0.0, 0.0, 0.0, 0.0, 0.0, 0.0, 0.0, 0.0, 0.0, 0.0, 0.0, 0.0, 0.0, 0.0, 0.0, 0.0, 0.0, 0.0, 0.0, 0.0, 0.0, 0.0, 0.0, 0.0, 0.0, 0.0, 0.0, 0.0, 0.0, 0.0, 0.0, 0.0, 0.0, 0.0, 0.0, 0.0, 0.0, 0.0, 0.0, 0.0, 0.0, 0.0, 0.0, 0.0, 0.0, 0.0, 0.0, 0.0, 0.0, 0.0, 0.0, 0.0, 0.0, 0.0, 0.0, 0.0, 0.0, 0.0, 0.0, 0.0, 0.0, 0.0, 0.0, 0.0, 0.0, 0.0, 0.0, 0.0, 0.0, 0.0, 0.0, 0.0, 0.0, 0.0, 0.0, 0.0, 0.0, 0.0, 0.0, 0.0, 0.0, 0.0, 0.0, 0.0, 0.0, 0.0, 0.0, 0.0, 0.0, 0.0, 0.0, 0.0, 0.0, 0.0, 0.0, 0.0, 0.0, 0.0, 0.0, 0.0, 0.0, 0.0, 0.0, 0.0, 0.0, 0.0, 0.0, 0.0, 0.0, 0.0, 0.0, 0.0, 0.0, 0.0, 0.0, 0.0, 0.0, 0.0, 0.0, 0.0, 0.0, 0.0, 0.0, 0.0, 0.0, 0.0, 0.0, 0.0, 0.0, 0.0, 0.0, 0.0, 0.0, 0.0, 0.0, 0.0, 0.0, 0.0, 0.0, 0.0, 0.0, 0.0, 0.0, 0.0, 0.0]",0.5,0.5,0,"[33, 9, 8, 8, 8, 7, 7, 7, 7, 6, 6, 6, 6, 6, 6, 6, 5, 5, 5, 5, 3, 2, 2, 2, 2, 2, 2, 2, 2, 2, 2, 2, 2, 2, 2, 2, 2, 2, 2, 2, 2, 2, 2, 2, 2, 2, 2, 2, 1, 1, 1, 1, 1, 1, 1, 1, 1, 1, 1, 1, 1, 1, 1, 1, 1, 1, 1, 1, 1, 1, 1, 1, 1, 1, 1, 1, 1, 1, 1, 1, 1, 1, 1, 1, 1, 1, 1, 1, 1, 1, 1, 0, 0, 0, 0, 0, 0, 0, 0, 0, 0, 0, 0, 0, 0, 0, 0, 0, 0, 0, 0, 0, 0, 0, 0, 0, 0, 0, 0, 0, 0, 0, 0, 0, 0, 0, 0, 0, 0, 0, 0, 0, 0, 0, 0, 0, 0, 0, 0, 0, 0, 0, 0, 0, 0, 0, 0, 0, 0, 0, 0, 0, 0, 0, 0, 0, 0, 0, 0, 0, 0, 0, 0, 0, 0, 0, 0, 0, 0, 0, 0, 0, 0, 0, 0, 0, 0, 0, 0, 0, 0, 0, 0, 0, 0, 0, 0, 0, 0, 0, 0, 0, 0, 0, 0, 0, 0, 0, 0, 0, 0, 0, 0, 0, 0, 0, 0, 0, 0, 0, 0, 0, 0, 0, 0, 0, 0, 0, 0, 0, 0, 0, 0, 0, 0, 0, 0, 0, 0, 0, 0, 0, 0, 0, 0, 0, 0, 0, 0, 0, 0, 0, 0, 0, 0, 0, 0, 0, 0, 0, 0, 0, 0, 0, 0, 0, 0, 0, 0, 0, 0, 0, 0, 0, 0, 0, 0, 0, 0, 0, 0, 0, 0, 0, 0]",275,"[0.41296908259391785, 0.3191886246204376, 0.3988860845565796, 0.28045654296875, 0.2912141680717468, 0.2564697563648224, 0.2625042498111725, 0.33018290996551514, 0.35067853331565857, 0.28127753734588623, 0.3367779552936554, 0.27194327116012573, 0.29058030247688293, 0.36059683561325073, 0.29590070247650146, 0.29280099272727966, 0.41569235920906067, 0.30611422657966614, 0.3045955002307892, 0.42344510555267334, 0.35877156257629395, 0.40291938185691833, 0.43432778120040894, 0.521501362323761, 0.40109288692474365, 0.7821242809295654, 1.6612329483032227, 0.4017947316169739, 0.381602019071579, 0.45098960399627686, 0.3843884766101837, 0.40976813435554504, 0.378540962934494, 0.6790180802345276, 0.8061617016792297, 0.3848998248577118, 0.6496977210044861, 0.43760955333709717, 0.8360292911529541, 0.39027076959609985, 0.4921760559082031, 0.42277994751930237, 0.5606086850166321, 0.38037940859794617, 0.3767850399017334, 0.4452696740627289, 0.37602293491363525, 0.4750354290008545, 0.3937452435493469, 0.49002665281295776, 0.4922700524330139, 0.9697417616844177, 0.40512701869010925, 0.47189033031463623, 0.39886435866355896, 0.39908328652381897, 0.3971041738986969, 1.1985067129135132, 0.4951545000076294, 0.4037485420703888, 0.5205596685409546, 0.5592142343521118, 0.4441739022731781, 1.1786571741104126, 1.1655253171920776, 0.3939616084098816, 0.4776947498321533, 0.4177555739879608, 0.6038806438446045, 0.408929705619812, 0.5857183337211609, 0.4514702558517456, 0.392747163772583, 0.47242727875709534, 0.41774311661720276, 0.8067183494567871, 0.7296295166015625, 0.4016651511192322, 0.6905474066734314, 0.492024302482605, 1.0184407234191895, 0.39785483479499817, 0.4202968180179596, 0.4651540517807007, 0.6239528656005859, 0.5723044872283936, 0.49590885639190674, 0.46229296922683716, 0.4562036395072937, 0.4108820855617523, 0.5236055850982666, 0.42199066281318665, 0.8949354290962219, 0.9548980593681335, 0.49657920002937317, 0.5919799208641052, 0.6523818373680115, 0.49992087483406067, 0.6073726415634155, 0.6530124545097351, 0.4118574857711792, 0.4181375801563263, 0.4948086440563202, 0.4693690836429596, 0.407693088054657, 0.6351364254951477, 0.7383701205253601, 0.4533134698867798, 0.4569270610809326, 0.5505427718162537, 0.4422368109226227, 0.408814936876297, 0.7759931683540344, 0.924855649471283, 0.5050016641616821, 0.4485379755496979, 0.40722858905792236, 0.5767543911933899, 0.452587366104126, 0.40944185853004456, 1.3506053686141968, 0.5559713244438171, 0.8475014567375183, 0.6731185913085938, 0.4354947805404663, 0.9021093845367432, 0.46168509125709534, 0.7167398929595947, 0.4126039147377014, 0.4986386001110077, 0.4482298195362091, 0.6185476183891296, 0.5103157758712769, 1.206007480621338, 0.6853291988372803, 0.6035143136978149, 0.4076559543609619, 0.4819369912147522, 0.4082287549972534, 0.6334267854690552, 0.4082311689853668, 0.5788015723228455, 0.4505176842212677, 0.5618565678596497, 0.9845188856124878, 0.4870319664478302, 0.49526599049568176, 1.3445751667022705, 0.7330731749534607, 0.5793100595474243, 0.8033064007759094, 0.8790761828422546, 0.41836971044540405, 0.5503789186477661, 0.40877464413642883, 0.44258564710617065, 0.48170214891433716, 0.40834271907806396, 0.5787422060966492, 0.40892845392227173, 0.41587507724761963, 0.4077964127063751, 0.43244946002960205, 0.4289393723011017, 0.48275575041770935, 0.4180848300457001, 0.4172385036945343, 0.7741013169288635, 0.41283661127090454, 0.40851306915283203, 0.610809326171875, 0.5300086736679077, 0.6069899201393127, 0.42503777146339417, 0.48657625913619995, 0.4079868197441101, 0.41004952788352966, 0.4171130061149597, 0.4219314157962799, 0.42445647716522217, 0.4101167321205139, 0.4132581353187561, 0.8839361667633057, 0.4537028968334198, 0.6693717241287231, 0.4837966859340668, 0.4097277522087097, 0.6044788956642151, 0.90861976146698, 0.4480689764022827, 0.49806296825408936, 0.4457300901412964, 0.541683554649353, 0.555506706237793, 0.5282244682312012, 0.5296579599380493, 0.4924200177192688, 0.40726950764656067, 0.5242803692817688, 0.42339852452278137, 0.5478032827377319, 0.41021502017974854, 0.4880105257034302, 0.9272202849388123, 0.47082653641700745, 0.41640934348106384, 0.4607955515384674, 0.41563525795936584, 0.4450916349887848, 0.41036197543144226, 0.5033648014068604, 0.5140318274497986, 1.0681300163269043, 0.4208369553089142, 0.6885272264480591, 0.533475399017334, 0.4761839210987091, 0.6026449203491211, 0.4152725338935852, 0.522932231426239, 0.6903349161148071, 0.5334904789924622, 1.0340983867645264, 0.608904242515564, 0.438643217086792, 0.6410334706306458, 1.0218335390090942, 0.5810191035270691, 0.9158192276954651, 0.4327164888381958, 0.49741825461387634, 0.49322378635406494, 0.43244239687919617, 0.49778175354003906, 1.2829179763793945, 0.40779250860214233, 0.6010701060295105, 0.4140986502170563, 1.019487977027893, 0.48973411321640015, 0.4079280495643616, 0.6011128425598145, 0.4219300448894501, 0.6683371067047119, 0.42966997623443604, 0.983529269695282, 0.4135792851448059, 0.6594725251197815, 0.40738776326179504, 0.4081701338291168, 0.4083320200443268, 0.7803530097007751, 0.40933945775032043, 0.4532037079334259, 0.6159660220146179, 0.46822765469551086, 0.542612612247467, 0.4191140830516815, 0.6624233722686768, 0.45840442180633545, 0.4310331344604492, 0.40833064913749695, 0.48543164134025574, 0.5668516755104065, 0.7744683623313904, 0.6614665985107422, 0.7234541177749634, 0.42993247509002686, 0.46003344655036926, 0.4134886562824249, 0.6920062899589539, 0.4870035946369171, 0.41506123542785645, 0.75303053855896, 0.4131009578704834]",0.0,"[33.0, 9.0, 8.0, 8.0, 8.0, 7.0, 7.0, 7.0, 7.0, 6.0, 6.0, 6.0, 6.0, 6.0, 6.0, 6.0, 5.0, 5.0, 5.0, 5.0, 3.0, 2.0, 2.0, 2.0, 2.0, 2.0, 2.0, 2.0, 2.0, 2.0, 2.0, 2.0, 2.0, 2.0, 2.0, 2.0, 2.0, 2.0, 2.0, 2.0, 2.0, 2.0, 2.0, 2.0, 2.0, 2.0, 2.0, 2.0, 1.0, 1.0, 1.0, 1.0, 1.0, 1.0, 1.0, 1.0, 1.0, 1.0, 1.0, 1.0, 1.0, 1.0, 1.0, 1.0, 1.0, 1.0, 1.0, 1.0, 1.0, 1.0, 1.0, 1.0, 1.0, 1.0, 1.0, 1.0, 1.0, 1.0, 1.0, 1.0, 1.0, 1.0, 1.0, 1.0, 1.0, 1.0, 1.0, 1.0, 1.0, 1.0, 1.0, 0.0, 0.0, 0.0, 0.0, 0.0, 0.0, 0.0, 0.0, 0.0, 0.0, 0.0, 0.0, 0.0, 0.0, 0.0, 0.0, 0.0, 0.0, 0.0, 0.0, 0.0, 0.0, 0.0, 0.0, 0.0, 0.0, 0.0, 0.0, 0.0, 0.0, 0.0, 0.0, 0.0, 0.0, 0.0, 0.0, 0.0, 0.0, 0.0, 0.0, 0.0, 0.0, 0.0, 0.0, 0.0, 0.0, 0.0, 0.0, 0.0, 0.0, 0.0, 0.0, 0.0, 0.0, 0.0, 0.0, 0.0, 0.0, 0.0, 0.0, 0.0, 0.0, 0.0, 0.0, 0.0, 0.0, 0.0, 0.0, 0.0, 0.0, 0.0, 0.0, 0.0, 0.0, 0.0, 0.0, 0.0, 0.0, 0.0, 0.0, 0.0, 0.0, 0.0, 0.0, 0.0, 0.0, 0.0, 0.0, 0.0, 0.0, 0.0, 0.0, 0.0, 0.0, 0.0, 0.0, 0.0, 0.0, 0.0, 0.0, 0.0, 0.0, 0.0, 0.0, 0.0, 0.0, 0.0, 0.0, 0.0, 0.0, 0.0, 0.0, 0.0, 0.0, 0.0, 0.0, 0.0, 0.0, 0.0, 0.0, 0.0, 0.0, 0.0, 0.0, 0.0, 0.0, 0.0, 0.0, 0.0, 0.0, 0.0, 0.0, 0.0, 0.0, 0.0, 0.0, 0.0, 0.0, 0.0, 0.0, 0.0, 0.0, 0.0, 0.0, 0.0, 0.0, 0.0, 0.0, 0.0, 0.0, 0.0, 0.0, 0.0, 0.0, 0.0, 0.0, 0.0, 0.0, 0.0, 0.0, 0.0, 0.0, 0.0, 0.0, 0.0, 0.0, 0.0, 0.0, 0.0, 0.0, 0.0, 0.0, 0.0, 0.0, 0.0, 0.0, 0.0, 0.0, 0.0, 0.0, 0.0, 0.0, 0.0, 0.0]",COMPLETE
