,number,value,datetime_start,datetime_complete,duration,params_batch_size_scaler,params_constant_learning_rate,params_depth,params_epochs,params_kernel_l2,params_num_trees,params_temperature,user_attrs_accuracy_test,user_attrs_accuracy_valid,user_attrs_approximate_feature_sparsity,user_attrs_approximate_feature_sparsity_history,user_attrs_approximate_weight_sparsity,user_attrs_approximate_weight_sparsity_history,user_attrs_auc_test,user_attrs_auc_valid,user_attrs_feature_sparsity,user_attrs_feature_sparsity_history,user_attrs_num_epochs,user_attrs_val_loss_history,user_attrs_weight_sparsity,user_attrs_weight_sparsity_history,state
8,8,0.5,2024-08-31 00:49:48.341431,2024-08-31 00:50:39.519877,0 days 00:00:51.178446,16,0.5187093958651711,3,410,0.03394148877759384,85,0.06027845046946915,0.859,0.85875,0,"[33, 0, 0, 0, 0, 0, 0, 0, 0, 0, 0, 0, 0, 0, 0, 0, 0, 0, 0, 0, 0, 0, 0, 0, 0, 0, 0, 0, 0, 0, 0, 0, 0, 0, 0, 0, 0, 0, 0, 0, 0, 0, 0, 0, 0, 0, 0, 0, 0, 0, 0, 0, 0, 0, 0, 0, 0, 0, 0, 0, 0, 0, 0, 0, 0, 0, 0, 0, 0, 0, 0, 0, 0, 0, 0, 0, 0, 0, 0, 0, 0, 0, 0, 0, 0, 0, 0, 0, 0, 0, 0, 0, 0, 0, 0, 0, 0, 0, 0, 0, 0, 0, 0, 0, 0, 0, 0, 0, 0, 0, 0, 0, 0, 0, 0, 0, 0, 0, 0, 0, 0, 0, 0, 0, 0, 0, 0, 0, 0, 0, 0, 0, 0, 0, 0, 0, 0, 0, 0, 0, 0, 0, 0, 0, 0, 0, 0, 0, 0, 0, 0, 0, 0, 0, 0, 0, 0, 0, 0, 0, 0, 0, 0, 0, 0, 0, 0, 0, 0, 0, 0, 0, 0, 0, 0, 0, 0, 0, 0, 0, 0, 0, 0, 0, 0, 0, 0, 0, 0, 0, 0, 0, 0, 0, 0, 0, 0, 0, 0, 0, 0, 0, 0, 0, 0, 0, 0, 0, 0, 0, 0, 0, 0, 0, 0, 0, 0, 0, 0, 0, 0, 0, 0, 0, 0, 0, 0, 0, 0, 0, 0, 0, 0, 0, 0, 0, 0, 0, 0, 0, 0, 0, 0, 0, 0, 0, 0, 0, 0, 0, 0, 0, 0, 0, 0, 0, 0, 0, 0, 0, 0, 0, 0, 0, 0, 0, 0, 0, 0, 0, 0, 0, 0, 0, 0, 0, 0, 0, 0, 0, 0, 0, 0, 0, 0, 0, 0, 0, 0, 0, 0, 0, 0, 0, 0, 0, 0, 0, 0, 0, 0, 0, 0, 0, 0, 0, 0, 0, 0, 0, 0, 0, 0, 0, 0, 0, 0, 0, 0, 0, 0, 0, 0, 0, 0, 0, 0, 0, 0, 0, 0, 0, 0, 0, 0, 0, 0, 0, 0, 0, 0, 0, 0, 0, 0, 0, 0, 0, 0, 0, 0, 0, 0, 0, 0, 0, 0, 0, 0, 0, 0, 0, 0, 0, 0, 0, 0, 0, 0, 0, 0, 0, 0, 0, 0, 0, 0, 0, 0, 0, 0, 0, 0, 0, 0, 0, 0, 0, 0, 0, 0, 0, 0, 0, 0, 0, 0, 0, 0, 0, 0, 0, 0, 0, 0, 0, 0, 0, 0, 0]",0.0,"[32.969747899159664, 0.0, 0.0, 0.0, 0.0, 0.0, 0.0, 0.0, 0.0, 0.0, 0.0, 0.0, 0.0, 0.0, 0.0, 0.0, 0.0, 0.0, 0.0, 0.0, 0.0, 0.0, 0.0, 0.0, 0.0, 0.0, 0.0, 0.0, 0.0, 0.0, 0.0, 0.0, 0.0, 0.0, 0.0, 0.0, 0.0, 0.0, 0.0, 0.0, 0.0, 0.0, 0.0, 0.0, 0.0, 0.0, 0.0, 0.0, 0.0, 0.0, 0.0, 0.0, 0.0, 0.0, 0.0, 0.0, 0.0, 0.0, 0.0, 0.0, 0.0, 0.0, 0.0, 0.0, 0.0, 0.0, 0.0, 0.0, 0.0, 0.0, 0.0, 0.0, 0.0, 0.0, 0.0, 0.0, 0.0, 0.0, 0.0, 0.0, 0.0, 0.0, 0.0, 0.0, 0.0, 0.0, 0.0, 0.0, 0.0, 0.0, 0.0, 0.0, 0.0, 0.0, 0.0, 0.0, 0.0, 0.0, 0.0, 0.0, 0.0, 0.0, 0.0, 0.0, 0.0, 0.0, 0.0, 0.0, 0.0, 0.0, 0.0, 0.0, 0.0, 0.0, 0.0, 0.0, 0.0, 0.0, 0.0, 0.0, 0.0, 0.0, 0.0, 0.0, 0.0, 0.0, 0.0, 0.0, 0.0, 0.0, 0.0, 0.0, 0.0, 0.0, 0.0, 0.0, 0.0, 0.0, 0.0, 0.0, 0.0, 0.0, 0.0, 0.0, 0.0, 0.0, 0.0, 0.0, 0.0, 0.0, 0.0, 0.0, 0.0, 0.0, 0.0, 0.0, 0.0, 0.0, 0.0, 0.0, 0.0, 0.0, 0.0, 0.0, 0.0, 0.0, 0.0, 0.0, 0.0, 0.0, 0.0, 0.0, 0.0, 0.0, 0.0, 0.0, 0.0, 0.0, 0.0, 0.0, 0.0, 0.0, 0.0, 0.0, 0.0, 0.0, 0.0, 0.0, 0.0, 0.0, 0.0, 0.0, 0.0, 0.0, 0.0, 0.0, 0.0, 0.0, 0.0, 0.0, 0.0, 0.0, 0.0, 0.0, 0.0, 0.0, 0.0, 0.0, 0.0, 0.0, 0.0, 0.0, 0.0, 0.0, 0.0, 0.0, 0.0, 0.0, 0.0, 0.0, 0.0, 0.0, 0.0, 0.0, 0.0, 0.0, 0.0, 0.0, 0.0, 0.0, 0.0, 0.0, 0.0, 0.0, 0.0, 0.0, 0.0, 0.0, 0.0, 0.0, 0.0, 0.0, 0.0, 0.0, 0.0, 0.0, 0.0, 0.0, 0.0, 0.0, 0.0, 0.0, 0.0, 0.0, 0.0, 0.0, 0.0, 0.0, 0.0, 0.0, 0.0, 0.0, 0.0, 0.0, 0.0, 0.0, 0.0, 0.0, 0.0, 0.0, 0.0, 0.0, 0.0, 0.0, 0.0, 0.0, 0.0, 0.0, 0.0, 0.0, 0.0, 0.0, 0.0, 0.0, 0.0, 0.0, 0.0, 0.0, 0.0, 0.0, 0.0, 0.0, 0.0, 0.0, 0.0, 0.0, 0.0, 0.0, 0.0, 0.0, 0.0, 0.0, 0.0, 0.0, 0.0, 0.0, 0.0, 0.0, 0.0, 0.0, 0.0, 0.0, 0.0, 0.0, 0.0, 0.0, 0.0, 0.0, 0.0, 0.0, 0.0, 0.0, 0.0, 0.0, 0.0, 0.0, 0.0, 0.0, 0.0, 0.0, 0.0, 0.0, 0.0, 0.0, 0.0, 0.0, 0.0, 0.0, 0.0, 0.0, 0.0, 0.0, 0.0, 0.0, 0.0, 0.0, 0.0, 0.0, 0.0, 0.0, 0.0, 0.0, 0.0, 0.0, 0.0, 0.0, 0.0, 0.0, 0.0, 0.0, 0.0, 0.0, 0.0, 0.0, 0.0, 0.0, 0.0, 0.0, 0.0, 0.0, 0.0, 0.0, 0.0, 0.0, 0.0, 0.0, 0.0, 0.0, 0.0, 0.0, 0.0, 0.0, 0.0, 0.0, 0.0, 0.0, 0.0, 0.0, 0.0, 0.0, 0.0, 0.0, 0.0, 0.0, 0.0, 0.0, 0.0, 0.0, 0.0, 0.0, 0.0, 0.0, 0.0, 0.0, 0.0, 0.0, 0.0, 0.0, 0.0, 0.0]",0.5,0.5,0,"[33, 0, 0, 0, 0, 0, 0, 0, 0, 0, 0, 0, 0, 0, 0, 0, 0, 0, 0, 0, 0, 0, 0, 0, 0, 0, 0, 0, 0, 0, 0, 0, 0, 0, 0, 0, 0, 0, 0, 0, 0, 0, 0, 0, 0, 0, 0, 0, 0, 0, 0, 0, 0, 0, 0, 0, 0, 0, 0, 0, 0, 0, 0, 0, 0, 0, 0, 0, 0, 0, 0, 0, 0, 0, 0, 0, 0, 0, 0, 0, 0, 0, 0, 0, 0, 0, 0, 0, 0, 0, 0, 0, 0, 0, 0, 0, 0, 0, 0, 0, 0, 0, 0, 0, 0, 0, 0, 0, 0, 0, 0, 0, 0, 0, 0, 0, 0, 0, 0, 0, 0, 0, 0, 0, 0, 0, 0, 0, 0, 0, 0, 0, 0, 0, 0, 0, 0, 0, 0, 0, 0, 0, 0, 0, 0, 0, 0, 0, 0, 0, 0, 0, 0, 0, 0, 0, 0, 0, 0, 0, 0, 0, 0, 0, 0, 0, 0, 0, 0, 0, 0, 0, 0, 0, 0, 0, 0, 0, 0, 0, 0, 0, 0, 0, 0, 0, 0, 0, 0, 0, 0, 0, 0, 0, 0, 0, 0, 0, 0, 0, 0, 0, 0, 0, 0, 0, 0, 0, 0, 0, 0, 0, 0, 0, 0, 0, 0, 0, 0, 0, 0, 0, 0, 0, 0, 0, 0, 0, 0, 0, 0, 0, 0, 0, 0, 0, 0, 0, 0, 0, 0, 0, 0, 0, 0, 0, 0, 0, 0, 0, 0, 0, 0, 0, 0, 0, 0, 0, 0, 0, 0, 0, 0, 0, 0, 0, 0, 0, 0, 0, 0, 0, 0, 0, 0, 0, 0, 0, 0, 0, 0, 0, 0, 0, 0, 0, 0, 0, 0, 0, 0, 0, 0, 0, 0, 0, 0, 0, 0, 0, 0, 0, 0, 0, 0, 0, 0, 0, 0, 0, 0, 0, 0, 0, 0, 0, 0, 0, 0, 0, 0, 0, 0, 0, 0, 0, 0, 0, 0, 0, 0, 0, 0, 0, 0, 0, 0, 0, 0, 0, 0, 0, 0, 0, 0, 0, 0, 0, 0, 0, 0, 0, 0, 0, 0, 0, 0, 0, 0, 0, 0, 0, 0, 0, 0, 0, 0, 0, 0, 0, 0, 0, 0, 0, 0, 0, 0, 0, 0, 0, 0, 0, 0, 0, 0, 0, 0, 0, 0, 0, 0, 0, 0, 0, 0, 0, 0, 0, 0, 0, 0, 0, 0, 0, 0, 0, 0, 0, 0, 0]",410,"[0.38854920864105225, 0.40739205479621887, 0.4262635111808777, 0.4083486497402191, 0.41287678480148315, 0.4252798855304718, 0.40780770778656006, 0.4072761535644531, 0.41110095381736755, 0.4178023636341095, 0.4073299467563629, 0.41017672419548035, 0.40737178921699524, 0.40732333064079285, 0.4093603193759918, 0.4128950238227844, 0.4072263240814209, 0.4078492820262909, 0.4139629006385803, 0.4083957374095917, 0.4161999225616455, 0.41189059615135193, 0.4073149859905243, 0.4072387218475342, 0.462149977684021, 0.4078172743320465, 0.40837398171424866, 0.414927214384079, 0.4073416590690613, 0.4436240792274475, 0.41272249817848206, 0.4073307514190674, 0.4083203375339508, 0.4086017906665802, 0.4280184507369995, 0.4153731167316437, 0.4082668721675873, 0.4283173084259033, 0.4108869135379791, 0.4127053916454315, 0.42593804001808167, 0.4074212908744812, 0.4072641134262085, 0.4124229848384857, 0.41336172819137573, 0.4086628258228302, 0.409061461687088, 0.40749695897102356, 0.41516008973121643, 0.4079919159412384, 0.41361933946609497, 0.4084653854370117, 0.4074322581291199, 0.4252054989337921, 0.4114251434803009, 0.4241449236869812, 0.4204023778438568, 0.4133945405483246, 0.4292454123497009, 0.4299127459526062, 0.40953347086906433, 0.4146907329559326, 0.46996253728866577, 0.4359680116176605, 0.40727290511131287, 0.4307518005371094, 0.41567620635032654, 0.4188375771045685, 0.41994473338127136, 0.4097360670566559, 0.4085201025009155, 0.41507214307785034, 0.40724727511405945, 0.42145922780036926, 0.4209214150905609, 0.4073107838630676, 0.4086615741252899, 0.43833810091018677, 0.4277026057243347, 0.41337963938713074, 0.4183901846408844, 0.4079757332801819, 0.4079669117927551, 0.44147181510925293, 0.411906361579895, 0.4073936343193054, 0.40839168429374695, 0.4073552191257477, 0.40800976753234863, 0.41040435433387756, 0.40738505125045776, 0.41922447085380554, 0.4474421441555023, 0.4091487526893616, 0.4237291216850281, 0.4072262942790985, 0.4114476442337036, 0.40864506363868713, 0.4117370843887329, 0.40864571928977966, 0.4150615632534027, 0.4110805094242096, 0.41530460119247437, 0.4244964122772217, 0.4135553240776062, 0.40722811222076416, 0.4100351631641388, 0.4093675911426544, 0.40722933411598206, 0.4151344299316406, 0.40877264738082886, 0.40745124220848083, 0.4194207787513733, 0.4184291362762451, 0.4084998071193695, 0.4173826575279236, 0.40727293491363525, 0.41126441955566406, 0.4113742709159851, 0.4105648100376129, 0.4175238311290741, 0.41233670711517334, 0.4104137420654297, 0.4110982120037079, 0.40748217701911926, 0.40742576122283936, 0.41571906208992004, 0.42059147357940674, 0.40723514556884766, 0.4073311984539032, 0.4193517565727234, 0.4072955846786499, 0.40727242827415466, 0.4211745858192444, 0.4206346273422241, 0.41763609647750854, 0.4073433578014374, 0.41007113456726074, 0.4076004922389984, 0.42602747678756714, 0.40774381160736084, 0.43553394079208374, 0.4106330871582031, 0.41272804141044617, 0.4082520604133606, 0.4082038104534149, 0.41510045528411865, 0.4074375629425049, 0.4073953628540039, 0.4084826409816742, 0.41051289439201355, 0.44683533906936646, 0.4483528137207031, 0.41725048422813416, 0.40728920698165894, 0.41015201807022095, 0.4072415232658386, 0.4180900454521179, 0.4081648886203766, 0.4099653661251068, 0.4126633405685425, 0.4243808090686798, 0.4219643771648407, 0.41017454862594604, 0.4219847619533539, 0.41275274753570557, 0.42254164814949036, 0.41712328791618347, 0.4093930125236511, 0.43399208784103394, 0.40952667593955994, 0.41916683316230774, 0.4091210663318634, 0.417044997215271, 0.4134102165699005, 0.4085778295993805, 0.41211968660354614, 0.41769132018089294, 0.44271713495254517, 0.45435288548469543, 0.4089990258216858, 0.41077274084091187, 0.40971800684928894, 0.41845589876174927, 0.41775739192962646, 0.41054537892341614, 0.4227350950241089, 0.4081081449985504, 0.43080219626426697, 0.4084247946739197, 0.41036951541900635, 0.4082561135292053, 0.41008228063583374, 0.4081708490848541, 0.4076794683933258, 0.4072679877281189, 0.4094812273979187, 0.41309085488319397, 0.4121055603027344, 0.4319242835044861, 0.4473363161087036, 0.41776353120803833, 0.4085741937160492, 0.4072948396205902, 0.40771761536598206, 0.4072655141353607, 0.4123431146144867, 0.4220840334892273, 0.40724098682403564, 0.4079537093639374, 0.4272634983062744, 0.42025861144065857, 0.4094804525375366, 0.40765997767448425, 0.40774184465408325, 0.408835232257843, 0.4085570275783539, 0.43082019686698914, 0.4095824062824249, 0.40964290499687195, 0.40764668583869934, 0.4474402964115143, 0.40812674164772034, 0.41518479585647583, 0.40745726227760315, 0.4140762984752655, 0.412170946598053, 0.4082806706428528, 0.4073247015476227, 0.4086289703845978, 0.41269588470458984, 0.4243060350418091, 0.41943812370300293, 0.41739943623542786, 0.41093599796295166, 0.4151773750782013, 0.4074340760707855, 0.40792611241340637, 0.4074040949344635, 0.40746936202049255, 0.4093458652496338, 0.43712547421455383, 0.4072413742542267, 0.46947330236434937, 0.4073333442211151, 0.41066959500312805, 0.4150652289390564, 0.4074358344078064, 0.4072425365447998, 0.4133344888687134, 0.44728541374206543, 0.41863274574279785, 0.41844847798347473, 0.40846848487854004, 0.40732714533805847, 0.4074694514274597, 0.4154456853866577, 0.44459712505340576, 0.4097059667110443, 0.42526206374168396, 0.42014601826667786, 0.4210696816444397, 0.41558384895324707, 0.43425801396369934, 0.4359152913093567, 0.4170460104942322, 0.4073881506919861, 0.4114595055580139, 0.41262829303741455, 0.4223409593105316, 0.4105480909347534, 0.4081765115261078, 0.40913721919059753, 0.407439649105072, 0.4119349718093872, 0.4076393246650696, 0.4073023200035095, 0.4072370231151581, 0.408646821975708, 0.40869849920272827, 0.40746432542800903, 0.4072399139404297, 0.4087302088737488, 0.409485399723053, 0.41350850462913513, 0.4102616608142853, 0.41094571352005005, 0.4151664674282074, 0.4072670340538025, 0.4089900553226471, 0.4111587107181549, 0.41608914732933044, 0.4085747003555298, 0.40759363770484924, 0.40965133905410767, 0.4072571098804474, 0.43927356600761414, 0.4122103750705719, 0.4099544584751129, 0.4078019857406616, 0.40961718559265137, 0.42182835936546326, 0.4195534586906433, 0.4390450716018677, 0.40808770060539246, 0.4076493978500366, 0.41027605533599854, 0.4180569350719452, 0.4161777198314667, 0.42411336302757263, 0.4164198935031891, 0.41429460048675537, 0.42446789145469666, 0.4209795296192169, 0.410592645406723, 0.4114053249359131, 0.4095298647880554, 0.4086293876171112, 0.42173853516578674, 0.41972899436950684, 0.40823954343795776, 0.4079064428806305, 0.41104820370674133, 0.4072529077529907, 0.414561927318573, 0.4178173840045929, 0.4103122651576996, 0.42598167061805725, 0.4170495569705963, 0.4084015190601349, 0.40725189447402954, 0.4086359143257141, 0.4079039692878723, 0.40981003642082214, 0.41159674525260925, 0.4074205756187439, 0.4074152112007141, 0.42859023809432983, 0.40743502974510193, 0.4073646068572998, 0.42369595170021057, 0.40726330876350403, 0.42732399702072144, 0.4164484739303589, 0.4084067642688751, 0.4074625074863434, 0.4192688465118408, 0.40828830003738403, 0.42286139726638794, 0.40987733006477356, 0.4162498712539673, 0.41306331753730774, 0.4083227813243866, 0.4463064968585968, 0.41725990176200867, 0.4072529673576355, 0.4080153703689575, 0.40779605507850647, 0.40722981095314026, 0.40730077028274536, 0.4503546953201294, 0.41399046778678894, 0.4079943895339966, 0.4141593873500824, 0.4072374999523163, 0.40728041529655457, 0.41122686862945557, 0.41580572724342346, 0.4373979866504669, 0.4079078435897827, 0.4119008779525757, 0.42529088258743286, 0.4151533246040344, 0.4073375463485718, 0.4072631001472473, 0.40826401114463806, 0.4074704349040985, 0.43069905042648315, 0.40760916471481323, 0.43220072984695435, 0.467448890209198, 0.4213542640209198, 0.41298848390579224, 0.407272070646286, 0.40763622522354126, 0.40968528389930725, 0.4246577322483063, 0.4086049199104309, 0.43033042550086975, 0.40871909260749817, 0.4074975252151489, 0.42250892519950867, 0.4079993963241577, 0.40814724564552307, 0.4150107502937317, 0.4073318541049957, 0.40771788358688354, 0.408039927482605, 0.412372350692749, 0.41640761494636536, 0.40732190012931824, 0.4101836085319519, 0.4085080623626709, 0.41414588689804077, 0.4085667133331299, 0.46934032440185547, 0.45214369893074036, 0.4156922399997711, 0.4080546200275421, 0.4101322293281555]",0.0,"[33.0, 0.0, 0.0, 0.0, 0.0, 0.0, 0.0, 0.0, 0.0, 0.0, 0.0, 0.0, 0.0, 0.0, 0.0, 0.0, 0.0, 0.0, 0.0, 0.0, 0.0, 0.0, 0.0, 0.0, 0.0, 0.0, 0.0, 0.0, 0.0, 0.0, 0.0, 0.0, 0.0, 0.0, 0.0, 0.0, 0.0, 0.0, 0.0, 0.0, 0.0, 0.0, 0.0, 0.0, 0.0, 0.0, 0.0, 0.0, 0.0, 0.0, 0.0, 0.0, 0.0, 0.0, 0.0, 0.0, 0.0, 0.0, 0.0, 0.0, 0.0, 0.0, 0.0, 0.0, 0.0, 0.0, 0.0, 0.0, 0.0, 0.0, 0.0, 0.0, 0.0, 0.0, 0.0, 0.0, 0.0, 0.0, 0.0, 0.0, 0.0, 0.0, 0.0, 0.0, 0.0, 0.0, 0.0, 0.0, 0.0, 0.0, 0.0, 0.0, 0.0, 0.0, 0.0, 0.0, 0.0, 0.0, 0.0, 0.0, 0.0, 0.0, 0.0, 0.0, 0.0, 0.0, 0.0, 0.0, 0.0, 0.0, 0.0, 0.0, 0.0, 0.0, 0.0, 0.0, 0.0, 0.0, 0.0, 0.0, 0.0, 0.0, 0.0, 0.0, 0.0, 0.0, 0.0, 0.0, 0.0, 0.0, 0.0, 0.0, 0.0, 0.0, 0.0, 0.0, 0.0, 0.0, 0.0, 0.0, 0.0, 0.0, 0.0, 0.0, 0.0, 0.0, 0.0, 0.0, 0.0, 0.0, 0.0, 0.0, 0.0, 0.0, 0.0, 0.0, 0.0, 0.0, 0.0, 0.0, 0.0, 0.0, 0.0, 0.0, 0.0, 0.0, 0.0, 0.0, 0.0, 0.0, 0.0, 0.0, 0.0, 0.0, 0.0, 0.0, 0.0, 0.0, 0.0, 0.0, 0.0, 0.0, 0.0, 0.0, 0.0, 0.0, 0.0, 0.0, 0.0, 0.0, 0.0, 0.0, 0.0, 0.0, 0.0, 0.0, 0.0, 0.0, 0.0, 0.0, 0.0, 0.0, 0.0, 0.0, 0.0, 0.0, 0.0, 0.0, 0.0, 0.0, 0.0, 0.0, 0.0, 0.0, 0.0, 0.0, 0.0, 0.0, 0.0, 0.0, 0.0, 0.0, 0.0, 0.0, 0.0, 0.0, 0.0, 0.0, 0.0, 0.0, 0.0, 0.0, 0.0, 0.0, 0.0, 0.0, 0.0, 0.0, 0.0, 0.0, 0.0, 0.0, 0.0, 0.0, 0.0, 0.0, 0.0, 0.0, 0.0, 0.0, 0.0, 0.0, 0.0, 0.0, 0.0, 0.0, 0.0, 0.0, 0.0, 0.0, 0.0, 0.0, 0.0, 0.0, 0.0, 0.0, 0.0, 0.0, 0.0, 0.0, 0.0, 0.0, 0.0, 0.0, 0.0, 0.0, 0.0, 0.0, 0.0, 0.0, 0.0, 0.0, 0.0, 0.0, 0.0, 0.0, 0.0, 0.0, 0.0, 0.0, 0.0, 0.0, 0.0, 0.0, 0.0, 0.0, 0.0, 0.0, 0.0, 0.0, 0.0, 0.0, 0.0, 0.0, 0.0, 0.0, 0.0, 0.0, 0.0, 0.0, 0.0, 0.0, 0.0, 0.0, 0.0, 0.0, 0.0, 0.0, 0.0, 0.0, 0.0, 0.0, 0.0, 0.0, 0.0, 0.0, 0.0, 0.0, 0.0, 0.0, 0.0, 0.0, 0.0, 0.0, 0.0, 0.0, 0.0, 0.0, 0.0, 0.0, 0.0, 0.0, 0.0, 0.0, 0.0, 0.0, 0.0, 0.0, 0.0, 0.0, 0.0, 0.0, 0.0, 0.0, 0.0, 0.0, 0.0, 0.0, 0.0, 0.0, 0.0, 0.0, 0.0, 0.0, 0.0, 0.0, 0.0, 0.0, 0.0, 0.0, 0.0, 0.0, 0.0, 0.0, 0.0, 0.0, 0.0, 0.0, 0.0, 0.0, 0.0, 0.0, 0.0, 0.0, 0.0, 0.0, 0.0, 0.0, 0.0, 0.0, 0.0, 0.0, 0.0, 0.0, 0.0, 0.0, 0.0, 0.0, 0.0, 0.0, 0.0, 0.0, 0.0, 0.0, 0.0, 0.0, 0.0, 0.0, 0.0, 0.0]",COMPLETE
