,number,value,datetime_start,datetime_complete,duration,params_batch_size_scaler,params_constant_learning_rate,params_depth,params_epochs,params_kernel_l2,params_num_trees,params_temperature,user_attrs_accuracy_test,user_attrs_accuracy_valid,user_attrs_approximate_feature_sparsity,user_attrs_approximate_feature_sparsity_history,user_attrs_approximate_weight_sparsity,user_attrs_approximate_weight_sparsity_history,user_attrs_auc_test,user_attrs_auc_valid,user_attrs_feature_sparsity,user_attrs_feature_sparsity_history,user_attrs_num_epochs,user_attrs_val_loss_history,user_attrs_weight_sparsity,user_attrs_weight_sparsity_history,state
22,22,0.9217838234725819,2024-08-31 01:10:59.715923,2024-08-31 01:12:34.880589,0 days 00:01:35.164666,16,7.275585049585747,3,330,0.003463768822125999,94,0.0020467764776427814,0.928,0.94,26,"[33, 28, 28, 28, 28, 28, 28, 28, 28, 28, 28, 28, 28, 28, 28, 28, 28, 28, 28, 28, 28, 28, 28, 28, 28, 28, 28, 28, 28, 28, 28, 28, 28, 28, 28, 28, 28, 28, 28, 28, 28, 28, 28, 28, 28, 28, 28, 28, 28, 28, 28, 28, 28, 28, 28, 28, 28, 28, 28, 28, 28, 28, 28, 28, 28, 28, 28, 28, 28, 28, 28, 28, 28, 28, 28, 28, 28, 28, 28, 28, 28, 28, 28, 28, 28, 28, 28, 28, 28, 28, 28, 28, 28, 28, 28, 28, 28, 28, 28, 28, 28, 28, 28, 28, 28, 28, 28, 28, 28, 28, 28, 28, 28, 28, 28, 28, 28, 28, 28, 28, 28, 28, 28, 28, 28, 28, 28, 28, 28, 28, 28, 28, 28, 28, 28, 28, 28, 28, 28, 28, 28, 28, 28, 28, 28, 28, 28, 28, 28, 28, 28, 28, 28, 28, 28, 28, 28, 28, 28, 28, 28, 28, 28, 28, 28, 28, 28, 28, 28, 28, 28, 28, 28, 28, 28, 28, 28, 28, 28, 28, 28, 28, 28, 28, 28, 28, 28, 28, 28, 28, 28, 28, 28, 28, 28, 28, 28, 28, 28, 28, 28, 28, 28, 28, 28, 28, 28, 28, 28, 28, 28, 28, 28, 28, 28, 28, 27, 27, 27, 27, 27, 27, 27, 27, 27, 27, 27, 27, 27, 27, 27, 27, 27, 27, 27, 27, 27, 27, 27, 27, 27, 27, 27, 27, 27, 27, 27, 27, 27, 27, 27, 27, 27, 27, 27, 27, 27, 27, 27, 27, 27, 27, 27, 27, 27, 27, 27, 27, 27, 27, 27, 27, 27, 27, 27, 27, 27, 27, 27, 27, 27, 27, 27, 27, 27, 27, 27, 27, 27, 27, 27, 27, 27, 27, 27, 27, 27, 27, 27, 27, 27, 27, 27, 27, 27, 27, 27, 27, 27, 27, 27, 27, 27, 27, 27, 27, 27, 27, 27, 27, 27, 27, 27, 27, 27, 27, 27, 26, 26, 26]",25.993920972644375,"[32.962006079027354, 27.98480243161094, 27.980243161094226, 27.97872340425532, 27.98328267477204, 27.981762917933132, 27.98328267477204, 27.981762917933132, 27.986322188449847, 27.98936170212766, 27.98784194528875, 27.992401215805472, 27.989361702127656, 27.98936170212766, 27.99544072948328, 27.987841945288753, 27.993920972644375, 27.99240121580547, 27.996960486322187, 27.98480243161094, 27.990881458966562, 27.983282674772035, 27.98784194528875, 27.990881458966562, 27.99240121580547, 27.98936170212766, 27.990881458966562, 27.99240121580547, 27.989361702127656, 27.993920972644375, 27.99240121580547, 27.992401215805472, 27.993920972644375, 27.993920972644375, 27.990881458966562, 27.986322188449847, 27.99240121580547, 27.98936170212766, 27.992401215805472, 27.99240121580547, 27.990881458966562, 27.98936170212766, 27.992401215805472, 27.993920972644375, 27.987841945288757, 27.992401215805472, 27.99544072948328, 27.990881458966562, 27.989361702127656, 27.99240121580547, 27.98480243161094, 27.98480243161094, 27.98480243161094, 27.98632218844985, 27.986322188449847, 27.986322188449847, 27.984802431610944, 27.98936170212766, 27.99240121580547, 27.990881458966562, 27.993920972644375, 27.996960486322187, 27.993920972644375, 27.998480243161094, 27.993920972644375, 27.993920972644375, 27.993920972644375, 27.99240121580547, 27.986322188449847, 27.992401215805472, 27.993920972644375, 27.99240121580547, 27.99544072948328, 27.99240121580547, 27.990881458966562, 27.98936170212766, 27.99240121580547, 27.990881458966562, 27.992401215805472, 27.992401215805472, 27.990881458966562, 27.992401215805472, 27.990881458966566, 27.984802431610944, 27.989361702127656, 27.986322188449847, 27.98480243161094, 27.98480243161094, 27.987841945288753, 27.993920972644375, 27.99240121580547, 27.996960486322187, 27.992401215805472, 27.990881458966562, 27.992401215805472, 27.99240121580547, 27.99240121580547, 27.99240121580547, 27.987841945288753, 27.990881458966562, 27.990881458966566, 27.993920972644375, 27.993920972644375, 27.99240121580547, 27.99240121580547, 27.99240121580547, 27.99240121580547, 27.99544072948328, 27.992401215805472, 27.993920972644375, 27.993920972644375, 27.990881458966562, 27.992401215805472, 27.992401215805472, 27.98936170212766, 27.98936170212766, 27.987841945288753, 27.990881458966562, 27.98936170212766, 27.990881458966566, 27.992401215805472, 27.992401215805472, 27.99240121580547, 27.992401215805472, 27.986322188449847, 27.987841945288753, 27.992401215805472, 27.993920972644375, 27.99240121580547, 27.99544072948328, 27.993920972644375, 27.99240121580547, 27.99544072948328, 27.99544072948328, 27.98936170212766, 27.990881458966562, 27.990881458966562, 27.990881458966566, 27.990881458966562, 27.993920972644375, 27.99544072948328, 27.992401215805472, 27.993920972644375, 27.99240121580547, 27.993920972644375, 27.992401215805472, 27.98936170212766, 27.990881458966562, 27.98936170212766, 27.992401215805472, 27.990881458966562, 27.992401215805472, 27.987841945288753, 27.986322188449847, 27.986322188449847, 27.984802431610944, 27.98328267477204, 27.980243161094226, 27.980243161094226, 27.981762917933132, 27.98176291793313, 27.981762917933132, 27.981762917933132, 27.983282674772035, 27.98480243161094, 27.98480243161094, 27.98480243161094, 27.986322188449847, 27.987841945288753, 27.98936170212766, 27.990881458966562, 27.990881458966562, 27.990881458966562, 27.986322188449847, 27.98936170212766, 27.99240121580547, 27.990881458966566, 27.98936170212766, 27.98936170212766, 27.990881458966562, 27.98936170212766, 27.992401215805472, 27.990881458966562, 27.990881458966562, 27.993920972644375, 27.99240121580547, 27.990881458966562, 27.99240121580547, 27.99240121580547, 27.98936170212766, 27.987841945288753, 27.990881458966562, 27.984802431610944, 27.987841945288753, 27.98328267477204, 27.987841945288753, 27.98936170212766, 27.98936170212766, 27.986322188449847, 27.984802431610944, 27.984802431610944, 27.98480243161094, 27.984802431610944, 27.987841945288753, 27.98936170212766, 27.992401215805472, 27.98936170212766, 27.986322188449847, 27.987841945288757, 27.98936170212766, 27.990881458966562, 27.990881458966562, 27.992401215805472, 27.992401215805472, 27.990881458966562, 27.990881458966562, 26.996960486322187, 26.993920972644375, 26.996960486322187, 26.990881458966566, 26.989361702127656, 26.98936170212766, 26.992401215805472, 26.983282674772035, 26.98936170212766, 26.98936170212766, 26.983282674772035, 26.983282674772035, 26.977203647416413, 26.975683890577503, 26.980243161094226, 26.98480243161094, 26.98176291793313, 26.987841945288753, 26.987841945288753, 26.987841945288753, 26.98936170212766, 26.989361702127656, 26.986322188449847, 26.986322188449847, 26.98784194528875, 26.986322188449847, 26.987841945288753, 26.98936170212766, 26.983282674772035, 26.987841945288753, 26.98936170212766, 26.987841945288753, 26.986322188449847, 26.986322188449847, 26.987841945288753, 26.983282674772035, 26.98784194528875, 26.98936170212766, 26.990881458966562, 26.98936170212766, 26.992401215805472, 26.990881458966566, 26.992401215805472, 26.993920972644375, 26.993920972644375, 26.992401215805472, 26.993920972644375, 26.99544072948328, 26.992401215805472, 26.990881458966566, 26.992401215805472, 26.98936170212766, 26.980243161094226, 26.986322188449847, 26.98936170212766, 26.98936170212766, 26.990881458966562, 26.98936170212766, 26.984802431610944, 26.990881458966562, 26.98936170212766, 26.986322188449847, 26.986322188449847, 26.987841945288753, 26.986322188449847, 26.990881458966562, 26.986322188449847, 26.98480243161094, 26.983282674772035, 26.981762917933132, 26.97872340425532, 26.986322188449847, 26.986322188449847, 26.98480243161094, 26.98480243161094, 26.984802431610944, 26.98936170212766, 26.990881458966562, 26.983282674772035, 26.983282674772035, 26.984802431610944, 26.987841945288753, 26.986322188449847, 26.987841945288753, 26.984802431610944, 26.980243161094226, 26.984802431610944, 26.984802431610944, 26.98328267477204, 26.984802431610944, 26.98936170212766, 26.98936170212766, 26.986322188449847, 26.98784194528875, 26.986322188449847, 26.990881458966562, 26.993920972644375, 26.990881458966562, 26.990881458966562, 26.987841945288753, 26.98480243161094, 26.98784194528875, 26.98936170212766, 26.981762917933132, 26.986322188449847, 26.990881458966562, 26.992401215805472, 26.990881458966562, 26.98936170212766, 26.987841945288753, 26.992401215805472, 25.986322188449847, 25.993920972644375, 25.993920972644375]",0.89306384629992,0.9217838234725819,26,"[33, 28, 28, 28, 28, 28, 28, 28, 28, 28, 28, 28, 28, 28, 28, 28, 28, 28, 28, 28, 28, 28, 28, 28, 28, 28, 28, 28, 28, 28, 28, 28, 28, 28, 28, 28, 28, 28, 28, 28, 28, 28, 28, 28, 28, 28, 28, 28, 28, 28, 28, 28, 28, 28, 28, 28, 28, 28, 28, 28, 28, 28, 28, 28, 28, 28, 28, 28, 28, 28, 28, 28, 28, 28, 28, 28, 28, 28, 28, 28, 28, 28, 28, 28, 28, 28, 28, 28, 28, 28, 28, 28, 28, 28, 28, 28, 28, 28, 28, 28, 28, 28, 28, 28, 28, 28, 28, 28, 28, 28, 28, 28, 28, 28, 28, 28, 28, 28, 28, 28, 28, 28, 28, 28, 28, 28, 28, 28, 28, 28, 28, 28, 28, 28, 28, 28, 28, 28, 28, 28, 28, 28, 28, 28, 28, 28, 28, 28, 28, 28, 28, 28, 28, 28, 28, 28, 28, 28, 28, 28, 28, 28, 28, 28, 28, 28, 28, 28, 28, 28, 28, 28, 28, 28, 28, 28, 28, 28, 28, 28, 28, 28, 28, 28, 28, 28, 28, 28, 28, 28, 28, 28, 28, 28, 28, 28, 28, 28, 28, 28, 28, 28, 28, 28, 28, 28, 28, 28, 28, 28, 28, 28, 28, 28, 28, 28, 27, 27, 27, 27, 27, 27, 27, 27, 27, 27, 27, 27, 27, 27, 27, 27, 27, 27, 27, 27, 27, 27, 27, 27, 27, 27, 27, 27, 27, 27, 27, 27, 27, 27, 27, 27, 27, 27, 27, 27, 27, 27, 27, 27, 27, 27, 27, 27, 27, 27, 27, 27, 27, 27, 27, 27, 27, 27, 27, 27, 27, 27, 27, 27, 27, 27, 27, 27, 27, 27, 27, 27, 27, 27, 27, 27, 27, 27, 27, 27, 27, 27, 27, 27, 27, 27, 27, 27, 27, 27, 27, 27, 27, 27, 27, 27, 27, 27, 27, 27, 27, 27, 27, 27, 27, 27, 27, 27, 27, 27, 27, 26, 26, 26]",330,"[3.5901052951812744, 3.736823320388794, 2.337068557739258, 16.008642196655273, 1.9116816520690918, 18.7054500579834, 4.034178733825684, 8.30855941772461, 6.874888896942139, 2.7413222789764404, 5.908994197845459, 5.203780651092529, 2.4629430770874023, 1.0643789768218994, 0.7124524116516113, 1.3278131484985352, 2.7564945220947266, 1.4811207056045532, 1.6995391845703125, 3.8614981174468994, 0.6413337588310242, 0.5887778401374817, 0.659925103187561, 1.4927010536193848, 0.8303146958351135, 0.8191519379615784, 1.4686522483825684, 0.6078431606292725, 0.603452205657959, 0.7084292769432068, 0.8515554666519165, 0.6292194128036499, 2.329165458679199, 0.6441282033920288, 0.5898835062980652, 2.184368371963501, 0.9699576497077942, 0.5275276303291321, 0.4949066638946533, 0.5131868720054626, 0.484125018119812, 0.48775020241737366, 0.5147228837013245, 0.5238938331604004, 0.5046252608299255, 0.49995437264442444, 0.48976409435272217, 0.4846826195716858, 0.484346479177475, 0.4833368957042694, 0.4781356751918793, 0.4872573912143707, 0.4868510961532593, 0.48214805126190186, 0.48694053292274475, 0.4813559055328369, 0.4850492477416992, 0.4855695366859436, 0.48119625449180603, 0.4840202033519745, 0.4852686822414398, 0.4848296642303467, 0.48563599586486816, 0.4847078323364258, 0.4838950037956238, 0.48610633611679077, 0.4860325753688812, 0.4840792715549469, 0.48435211181640625, 0.48397332429885864, 0.48428571224212646, 0.4861241579055786, 0.4849925637245178, 0.4853123128414154, 0.485376238822937, 0.4846988022327423, 0.48344478011131287, 0.48404473066329956, 0.4837140738964081, 0.482930451631546, 0.4832812249660492, 0.48530155420303345, 0.48355603218078613, 0.4840928614139557, 0.4835224449634552, 0.4833400845527649, 0.48511096835136414, 0.4837379455566406, 0.4827955961227417, 0.48267269134521484, 0.48152199387550354, 0.4814279079437256, 0.48149827122688293, 0.4825752377510071, 0.48300254344940186, 0.48256462812423706, 0.48325905203819275, 0.4857207238674164, 0.48339763283729553, 0.4842454493045807, 0.4837138056755066, 0.4822268784046173, 0.4828673303127289, 0.4822904169559479, 0.4828627109527588, 0.4826311767101288, 0.48306137323379517, 0.4828903079032898, 0.4833676218986511, 0.4826386272907257, 0.4832829236984253, 0.4820597469806671, 0.482308566570282, 0.4811613857746124, 0.4816676378250122, 0.4814337193965912, 0.4810304641723633, 0.4809166193008423, 0.48127734661102295, 0.4800603985786438, 0.48086318373680115, 0.48071756958961487, 0.4816400110721588, 0.4814029037952423, 0.4800545871257782, 0.48050761222839355, 0.4795965850353241, 0.4804229438304901, 0.47795501351356506, 0.4802410900592804, 0.4804411828517914, 0.47941407561302185, 0.47976818680763245, 0.47954732179641724, 0.47948959469795227, 0.4795617163181305, 0.47973141074180603, 0.47949039936065674, 0.47861307859420776, 0.4779919385910034, 0.4782077372074127, 0.47789284586906433, 0.4785720407962799, 0.47726452350616455, 0.47795218229293823, 0.47810134291648865, 0.47852978110313416, 0.478266179561615, 0.4780064523220062, 0.4782264828681946, 0.4774317443370819, 0.4783483147621155, 0.47689083218574524, 0.47742146253585815, 0.47738972306251526, 0.4772704839706421, 0.4770081639289856, 0.47588875889778137, 0.476500928401947, 0.47797343134880066, 0.4778355062007904, 0.47576990723609924, 0.4758259952068329, 0.47561904788017273, 0.47534969449043274, 0.47621509432792664, 0.4754447042942047, 0.47470593452453613, 0.47497880458831787, 0.47593802213668823, 0.4749755859375, 0.4759802520275116, 0.4750652313232422, 0.47484973073005676, 0.4760570824146271, 0.47526663541793823, 0.4745946228504181, 0.47412312030792236, 0.47467556595802307, 0.4752761423587799, 0.47540533542633057, 0.4748705327510834, 0.475023090839386, 0.47429603338241577, 0.4738190472126007, 0.47327080368995667, 0.47255176305770874, 0.4731843173503876, 0.4731326401233673, 0.4744163453578949, 0.47341880202293396, 0.474598228931427, 0.47348618507385254, 0.47279685735702515, 0.47252535820007324, 0.47281578183174133, 0.47240763902664185, 0.47258102893829346, 0.47274497151374817, 0.4726743996143341, 0.4718778729438782, 0.4715177118778229, 0.4727462828159332, 0.471165269613266, 0.4710390567779541, 0.4709632098674774, 0.4715766906738281, 0.4720829725265503, 0.4702867269515991, 0.47075751423835754, 0.4711029827594757, 0.47104087471961975, 0.47033077478408813, 0.47073063254356384, 0.47104302048683167, 0.4697878658771515, 0.5186975002288818, 0.4961208403110504, 0.485696941614151, 0.4879153072834015, 0.48997417092323303, 0.48932650685310364, 0.4870695471763611, 0.4889988601207733, 0.4872991442680359, 0.49088454246520996, 0.4902894198894501, 0.49103423953056335, 0.4887383282184601, 0.48712852597236633, 0.4882946312427521, 0.48698824644088745, 0.4884412884712219, 0.48668810725212097, 0.4863041937351227, 0.4873586893081665, 0.48657119274139404, 0.4865719676017761, 0.48585575819015503, 0.4851551949977875, 0.4837484657764435, 0.4842098355293274, 0.484412282705307, 0.4847612679004669, 0.4850447475910187, 0.48461711406707764, 0.48347803950309753, 0.4834572672843933, 0.4838196635246277, 0.4834738075733185, 0.4828646183013916, 0.4831490218639374, 0.48320963978767395, 0.483295738697052, 0.4840540289878845, 0.4833999574184418, 0.4819936752319336, 0.4816618859767914, 0.48084500432014465, 0.4811093509197235, 0.4820840060710907, 0.4807617664337158, 0.48094382882118225, 0.4817429482936859, 0.4817567765712738, 0.4809349775314331, 0.4800988733768463, 0.4802969694137573, 0.47979679703712463, 0.48036062717437744, 0.4802922010421753, 0.48010048270225525, 0.4800959825515747, 0.4798291325569153, 0.47902461886405945, 0.4785856306552887, 0.47980472445487976, 0.47897303104400635, 0.47902557253837585, 0.47945117950439453, 0.4780871570110321, 0.4775034189224243, 0.47886449098587036, 0.477857768535614, 0.47807323932647705, 0.4784921705722809, 0.47746261954307556, 0.4771556556224823, 0.4780918061733246, 0.4772685766220093, 0.476238489151001, 0.4763873815536499, 0.4762694537639618, 0.47628214955329895, 0.475788414478302, 0.4753834903240204, 0.47541341185569763, 0.4750295877456665, 0.47488903999328613, 0.473835289478302, 0.47473105788230896, 0.4746831953525543, 0.47439852356910706, 0.47413262724876404, 0.47541677951812744, 0.47523507475852966, 0.4741818904876709, 0.47452205419540405, 0.47326645255088806, 0.47302964329719543, 0.47291165590286255, 0.47294220328330994, 0.47290554642677307, 0.47196415066719055, 0.47323891520500183, 0.47120097279548645, 0.47191083431243896, 0.4722446799278259, 0.47234535217285156, 0.47273775935173035, 0.47180038690567017, 0.4718283712863922, 0.47036248445510864, 0.4719160497188568, 0.47160470485687256, 0.47095736861228943, 0.47082599997520447, 0.448455810546875, 0.4606434106826782, 0.4659833610057831]",26.0,"[33.0, 28.0, 28.0, 28.0, 28.0, 28.0, 28.0, 28.0, 28.0, 28.0, 28.0, 28.0, 28.0, 28.0, 28.0, 28.0, 28.0, 28.0, 28.0, 28.0, 28.0, 28.0, 28.0, 28.0, 28.0, 28.0, 28.0, 28.0, 28.0, 28.0, 28.0, 28.0, 28.0, 28.0, 28.0, 28.0, 28.0, 28.0, 28.0, 28.0, 28.0, 28.0, 28.0, 28.0, 28.0, 28.0, 28.0, 28.0, 28.0, 28.0, 28.0, 28.0, 28.0, 28.0, 28.0, 28.0, 28.0, 28.0, 28.0, 28.0, 28.0, 28.0, 28.0, 28.0, 28.0, 28.0, 28.0, 28.0, 28.0, 28.0, 28.0, 28.0, 28.0, 28.0, 28.0, 28.0, 28.0, 28.0, 28.0, 28.0, 28.0, 28.0, 28.0, 28.0, 28.0, 28.0, 28.0, 28.0, 28.0, 28.0, 28.0, 28.0, 28.0, 28.0, 28.0, 28.0, 28.0, 28.0, 28.0, 28.0, 28.0, 28.0, 28.0, 28.0, 28.0, 28.0, 28.0, 28.0, 28.0, 28.0, 28.0, 28.0, 28.0, 28.0, 28.0, 28.0, 28.0, 28.0, 28.0, 28.0, 28.0, 28.0, 28.0, 28.0, 28.0, 28.0, 28.0, 28.0, 28.0, 28.0, 28.0, 28.0, 28.0, 28.0, 28.0, 28.0, 28.0, 28.0, 28.0, 28.0, 28.0, 28.0, 28.0, 28.0, 28.0, 28.0, 28.0, 28.0, 28.0, 28.0, 28.0, 28.0, 28.0, 28.0, 28.0, 28.0, 28.0, 28.0, 28.0, 28.0, 28.0, 28.0, 28.0, 28.0, 28.0, 28.0, 28.0, 28.0, 28.0, 28.0, 28.0, 28.0, 28.0, 28.0, 28.0, 28.0, 28.0, 28.0, 28.0, 28.0, 28.0, 28.0, 28.0, 28.0, 28.0, 28.0, 28.0, 28.0, 28.0, 28.0, 28.0, 28.0, 28.0, 28.0, 28.0, 28.0, 28.0, 28.0, 28.0, 28.0, 28.0, 28.0, 28.0, 28.0, 28.0, 28.0, 28.0, 28.0, 28.0, 28.0, 28.0, 28.0, 28.0, 28.0, 28.0, 28.0, 27.0, 27.0, 27.0, 27.0, 27.0, 27.0, 27.0, 27.0, 27.0, 27.0, 27.0, 27.0, 27.0, 27.0, 27.0, 27.0, 27.0, 27.0, 27.0, 27.0, 27.0, 27.0, 27.0, 27.0, 27.0, 27.0, 27.0, 27.0, 27.0, 27.0, 27.0, 27.0, 27.0, 27.0, 27.0, 27.0, 27.0, 27.0, 27.0, 27.0, 27.0, 27.0, 27.0, 27.0, 27.0, 27.0, 27.0, 27.0, 27.0, 27.0, 27.0, 27.0, 27.0, 27.0, 27.0, 27.0, 27.0, 27.0, 27.0, 27.0, 27.0, 27.0, 27.0, 27.0, 27.0, 27.0, 27.0, 27.0, 27.0, 27.0, 27.0, 27.0, 27.0, 27.0, 27.0, 27.0, 27.0, 27.0, 27.0, 27.0, 27.0, 27.0, 27.0, 27.0, 27.0, 27.0, 27.0, 27.0, 27.0, 27.0, 27.0, 27.0, 27.0, 27.0, 27.0, 27.0, 27.0, 27.0, 27.0, 27.0, 27.0, 27.0, 27.0, 27.0, 27.0, 27.0, 27.0, 27.0, 27.0, 27.0, 27.0, 26.0, 26.0, 26.0]",COMPLETE
