,number,value,datetime_start,datetime_complete,duration,params_batch_size_scaler,params_constant_learning_rate,params_depth,params_epochs,params_kernel_l2,params_num_trees,params_temperature,user_attrs_accuracy_test,user_attrs_accuracy_valid,user_attrs_approximate_feature_sparsity,user_attrs_approximate_feature_sparsity_history,user_attrs_approximate_weight_sparsity,user_attrs_approximate_weight_sparsity_history,user_attrs_auc_test,user_attrs_auc_valid,user_attrs_feature_sparsity,user_attrs_feature_sparsity_history,user_attrs_num_epochs,user_attrs_val_loss_history,user_attrs_weight_sparsity,user_attrs_weight_sparsity_history,state
133,133,0.8387242209941904,2024-08-31 06:04:21.994640,2024-08-31 06:08:56.673068,0 days 00:04:34.678428,4,7.763402724263223,6,165,0.009914178164364289,93,0.0015062522834666551,0.888,0.8875,4,"[6, 5, 5, 5, 5, 5, 4, 4, 4, 4, 4, 4, 4, 4, 4, 4, 4, 4, 4, 4, 4, 4, 4, 4, 4, 4, 4, 4, 4, 4, 4, 4, 4, 4, 4, 4, 4, 4, 4, 4, 4, 4, 4, 4, 4, 4, 4, 4, 4, 4, 4, 4, 4, 4, 4, 4, 4, 4, 4, 4, 4, 4, 4, 4, 4, 4, 4, 4, 4, 4, 4, 4, 4, 4, 4, 4, 4, 4, 4, 4, 4, 4, 4, 4, 4, 4, 4, 4, 4, 4, 4, 4, 4, 4, 4, 4, 4, 4, 4, 4, 4, 4, 4, 4, 4, 4, 4, 4, 4, 4, 4, 4, 4, 4, 4, 4, 4, 4, 4, 4, 4, 4, 4, 4, 4, 4, 4, 4, 4, 4, 4, 4, 4, 4, 4, 4, 4, 4, 4, 4, 4, 4, 4, 4, 4, 4, 4, 4, 4, 4, 4, 4, 4, 4, 4, 4, 4, 4, 4, 4, 4, 4, 4, 4, 4]",3.9928315412186377,"[5.982761563406724, 4.991466120498378, 4.989759344598054, 4.992490186038573, 4.989588667008022, 4.993514251578768, 3.9921488308585085, 3.994708994708995, 3.9931728963987028, 3.995562382659157, 3.993514251578768, 3.992660863628606, 3.993514251578768, 3.9936849291688, 3.994026284348865, 3.9936849291688, 3.9953917050691246, 3.9950503498890595, 3.993514251578768, 3.9930022188086705, 3.9938556067588324, 3.9938556067588324, 3.992660863628606, 3.9940262843488648, 3.995221027479092, 3.99436763952893, 3.995221027479092, 3.993514251578768, 3.9938556067588324, 3.9941969619388975, 3.99436763952893, 3.9938556067588324, 3.9936849291688, 3.9930022188086705, 3.9940262843488648, 3.9936849291688, 3.9931728963987028, 3.99505034988906, 3.9928315412186377, 3.9936849291688, 3.9931728963987028, 3.991636798088411, 3.992660863628606, 3.9936849291688, 3.9911247653183137, 3.9919781532684757, 3.9923195084485408, 3.9928315412186377, 3.992490186038573, 3.990783410138249, 3.992490186038573, 3.993514251578768, 3.993343573988735, 3.99436763952893, 3.993514251578768, 3.994196961938897, 3.9953917050691246, 3.994708994708995, 3.9945383171189626, 3.994879672299027, 3.994879672299027, 3.994879672299027, 3.994026284348865, 3.995221027479092, 3.9940262843488648, 3.9938556067588324, 3.993343573988735, 3.995221027479092, 3.9918074756784434, 3.994708994708995, 3.99436763952893, 3.9930022188086705, 3.9938556067588324, 3.9930022188086705, 3.9936849291688, 3.9941969619388975, 3.9950503498890595, 3.9923195084485408, 3.9940262843488648, 3.994026284348865, 3.993514251578768, 3.9953917050691246, 3.994538317118962, 3.994026284348865, 3.993343573988735, 3.9947089947089944, 3.9941969619388975, 3.9921488308585085, 3.994026284348865, 3.9928315412186377, 3.994026284348865, 3.9931728963987028, 3.9936849291687997, 3.9930022188086705, 3.993514251578768, 3.9931728963987028, 3.993343573988735, 3.993514251578768, 3.994196961938897, 3.9930022188086705, 3.993514251578768, 3.993514251578768, 3.9928315412186377, 3.9938556067588324, 3.99436763952893, 3.9931728963987028, 3.994196961938897, 3.993172896398703, 3.9940262843488648, 3.992490186038573, 3.9926608636286054, 3.9926608636286054, 3.9928315412186377, 3.9921488308585085, 3.992148830858508, 3.9909540877282814, 3.993172896398703, 3.991636798088411, 3.991636798088411, 3.993343573988735, 3.9907834101382487, 3.991636798088411, 3.9918074756784434, 3.992490186038573, 3.9918074756784434, 3.9933435739887355, 3.991636798088411, 3.9928315412186377, 3.9919781532684757, 3.991636798088411, 3.9936849291688, 3.994026284348865, 3.992660863628606, 3.993514251578768, 3.992490186038573, 3.9918074756784434, 3.994196961938897, 3.99436763952893, 3.9909540877282814, 3.994026284348865, 3.993343573988735, 3.9921488308585085, 3.992490186038573, 3.9921488308585085, 3.9931728963987028, 3.9930022188086705, 3.9931728963987028, 3.992660863628606, 3.9923195084485408, 3.992490186038573, 3.993343573988735, 3.9928315412186377, 3.9938556067588324, 3.9921488308585085, 3.992831541218638, 3.9933435739887355, 3.9928315412186377, 3.992660863628606, 3.993514251578768, 3.993343573988735, 3.993514251578768, 3.9914661204983783, 3.9930022188086705, 3.994538317118962, 3.9928315412186377]",0.833353974190672,0.8387242209941904,4,"[6, 5, 5, 5, 5, 5, 4, 4, 4, 4, 4, 4, 4, 4, 4, 4, 4, 4, 4, 4, 4, 4, 4, 4, 4, 4, 4, 4, 4, 4, 4, 4, 4, 4, 4, 4, 4, 4, 4, 4, 4, 4, 4, 4, 4, 4, 4, 4, 4, 4, 4, 4, 4, 4, 4, 4, 4, 4, 4, 4, 4, 4, 4, 4, 4, 4, 4, 4, 4, 4, 4, 4, 4, 4, 4, 4, 4, 4, 4, 4, 4, 4, 4, 4, 4, 4, 4, 4, 4, 4, 4, 4, 4, 4, 4, 4, 4, 4, 4, 4, 4, 4, 4, 4, 4, 4, 4, 4, 4, 4, 4, 4, 4, 4, 4, 4, 4, 4, 4, 4, 4, 4, 4, 4, 4, 4, 4, 4, 4, 4, 4, 4, 4, 4, 4, 4, 4, 4, 4, 4, 4, 4, 4, 4, 4, 4, 4, 4, 4, 4, 4, 4, 4, 4, 4, 4, 4, 4, 4, 4, 4, 4, 4, 4, 4]",165,"[0.4820534586906433, 0.3618238568305969, 0.3979267179965973, 0.3278683125972748, 0.31679511070251465, 0.3193398416042328, 0.3224490284919739, 0.30636051297187805, 0.3665987253189087, 0.30519333481788635, 0.33507078886032104, 0.3303387463092804, 0.33581364154815674, 0.3385781943798065, 0.3791747987270355, 0.2988225817680359, 0.41232165694236755, 0.3411293029785156, 0.31152838468551636, 0.2969594895839691, 0.39970138669013977, 0.3239785432815552, 0.32778316736221313, 0.6790388226509094, 0.4278835356235504, 0.2957213521003723, 0.3031880855560303, 0.3297857344150543, 0.31289660930633545, 0.4443449378013611, 0.2962433695793152, 0.5828190445899963, 0.37944766879081726, 0.33372098207473755, 0.43469807505607605, 0.3366677463054657, 0.3716118335723877, 0.3125646114349365, 0.5666986107826233, 0.30741074681282043, 0.31070640683174133, 0.9395787119865417, 0.37769967317581177, 0.5256744623184204, 0.3049994707107544, 0.4968724846839905, 0.28997138142585754, 0.3614250123500824, 0.300673246383667, 0.3567059636116028, 0.3012441396713257, 0.2970651090145111, 0.3440784811973572, 0.47287270426750183, 0.45439091324806213, 0.5901227593421936, 0.29410290718078613, 0.32715266942977905, 0.30716636776924133, 0.30398085713386536, 0.3008390963077545, 0.2919429540634155, 0.5131900310516357, 0.31950345635414124, 0.34359973669052124, 0.4575347900390625, 0.2937345802783966, 0.31365907192230225, 0.32994765043258667, 0.3048284649848938, 0.8034216165542603, 0.34915482997894287, 0.29895511269569397, 0.42650988698005676, 0.2904776334762573, 0.2899254560470581, 0.2923504114151001, 0.29515495896339417, 0.33353570103645325, 1.0617244243621826, 0.31458306312561035, 0.3833041489124298, 0.4464679956436157, 0.30275067687034607, 0.3884719908237457, 0.3341820240020752, 0.613987147808075, 0.31918489933013916, 0.37239325046539307, 0.3610839545726776, 0.29086580872535706, 0.3923448920249939, 0.38928020000457764, 0.33325740694999695, 0.2955561578273773, 0.2922624945640564, 0.6778842806816101, 0.3211754262447357, 0.3706594407558441, 0.394256591796875, 0.35627076029777527, 0.32243794202804565, 0.31736791133880615, 0.30213189125061035, 0.33830946683883667, 0.33164680004119873, 0.4426954686641693, 0.3764863610267639, 0.30779656767845154, 0.2957085371017456, 0.744811475276947, 0.3458974361419678, 0.2945544421672821, 0.33973702788352966, 0.2974475026130676, 0.29192638397216797, 0.32161781191825867, 0.3105856776237488, 0.3012503683567047, 0.38902291655540466, 0.3235923647880554, 0.3093108534812927, 0.370341032743454, 0.30262720584869385, 0.2904103398323059, 0.29605889320373535, 0.5979579091072083, 0.2986401319503784, 0.2929053008556366, 0.29138991236686707, 0.29297375679016113, 0.3182741403579712, 0.29289424419403076, 0.32182133197784424, 0.3020843267440796, 0.6689357161521912, 0.3040708899497986, 0.29204869270324707, 0.3075932264328003, 0.3067569434642792, 0.3021687865257263, 0.7598960399627686, 0.3781968653202057, 0.39185288548469543, 0.3232467770576477, 0.30036652088165283, 0.3060271143913269, 0.3016706109046936, 0.39121052622795105, 0.32071614265441895, 0.3065694570541382, 0.5155815482139587, 0.295415997505188, 0.3077933192253113, 0.2928408086299896, 0.5799165964126587, 0.3259046971797943, 0.3568180203437805, 0.3558448553085327, 0.2978205382823944, 0.3485899865627289, 0.3375547528266907, 0.29496198892593384, 0.3744812309741974, 0.29765772819519043]",4.0,"[6.0, 5.0, 5.0, 5.0, 5.0, 5.0, 4.0, 4.0, 4.0, 4.0, 4.0, 4.0, 4.0, 4.0, 4.0, 4.0, 4.0, 4.0, 4.0, 4.0, 4.0, 4.0, 4.0, 4.0, 4.0, 4.0, 4.0, 4.0, 4.0, 4.0, 4.0, 4.0, 4.0, 4.0, 4.0, 4.0, 4.0, 4.0, 4.0, 4.0, 4.0, 4.0, 4.0, 4.0, 4.0, 4.0, 4.0, 4.0, 4.0, 4.0, 4.0, 4.0, 4.0, 4.0, 4.0, 4.0, 4.0, 4.0, 4.0, 4.0, 4.0, 4.0, 4.0, 4.0, 4.0, 4.0, 4.0, 4.0, 4.0, 4.0, 4.0, 4.0, 4.0, 4.0, 4.0, 4.0, 4.0, 4.0, 4.0, 4.0, 4.0, 4.0, 4.0, 4.0, 4.0, 4.0, 4.0, 4.0, 4.0, 4.0, 4.0, 4.0, 4.0, 4.0, 4.0, 4.0, 4.0, 4.0, 4.0, 4.0, 4.0, 4.0, 4.0, 4.0, 4.0, 4.0, 4.0, 4.0, 4.0, 4.0, 4.0, 4.0, 4.0, 4.0, 4.0, 4.0, 4.0, 4.0, 4.0, 4.0, 4.0, 4.0, 4.0, 4.0, 4.0, 4.0, 4.0, 4.0, 4.0, 4.0, 4.0, 4.0, 4.0, 4.0, 4.0, 4.0, 4.0, 4.0, 4.0, 4.0, 4.0, 4.0, 4.0, 4.0, 4.0, 4.0, 4.0, 4.0, 4.0, 4.0, 4.0, 4.0, 4.0, 4.0, 4.0, 4.0, 4.0, 4.0, 4.0, 4.0, 4.0, 4.0, 4.0, 4.0, 4.0]",COMPLETE
134,134,0.9232909533562622,2024-08-31 06:08:59.150348,2024-08-31 06:09:14.316308,0 days 00:00:15.165960,1,0.06506759606313484,3,30,0.023885958225898365,8,0.013268080698862579,0.928,0.93,33,"[33, 33, 33, 33, 33, 33, 33, 33, 33, 33, 33, 33, 33, 33, 33, 33, 33, 33, 33, 33, 33, 33, 33, 33, 33, 33, 33, 33, 33, 33]",32.98214285714286,"[32.98214285714286, 33.0, 32.98214285714286, 33.0, 33.0, 32.964285714285715, 33.0, 32.98214285714286, 32.98214285714286, 32.98214285714286, 33.0, 33.0, 32.98214285714286, 33.0, 32.964285714285715, 32.98214285714286, 32.964285714285715, 33.0, 33.0, 32.98214285714286, 32.98214285714286, 32.964285714285715, 32.98214285714286, 33.0, 33.0, 32.98214285714286, 33.0, 33.0, 32.98214285714286, 32.98214285714286]",0.9067611192298484,0.9232909533562622,33,"[33, 33, 33, 33, 33, 33, 33, 33, 33, 33, 33, 33, 33, 33, 33, 33, 33, 33, 33, 33, 33, 33, 33, 33, 33, 33, 33, 33, 33, 33]",30,"[0.382528692483902, 0.36793506145477295, 0.35935792326927185, 0.347530335187912, 0.3373875021934509, 0.3259258270263672, 0.3147917687892914, 0.30470559000968933, 0.2968654930591583, 0.288642019033432, 0.2834877669811249, 0.27661028504371643, 0.2723143696784973, 0.2669839560985565, 0.2618975043296814, 0.2581758201122284, 0.2552592158317566, 0.25042498111724854, 0.2464430034160614, 0.24443885684013367, 0.24218639731407166, 0.2398851215839386, 0.2366277128458023, 0.23277443647384644, 0.22968225181102753, 0.2319491058588028, 0.22862491011619568, 0.23044556379318237, 0.22683510184288025, 0.2245628982782364]",33.0,"[33.0, 33.0, 33.0, 33.0, 33.0, 33.0, 33.0, 33.0, 33.0, 33.0, 33.0, 33.0, 33.0, 33.0, 33.0, 33.0, 33.0, 33.0, 33.0, 33.0, 33.0, 33.0, 33.0, 33.0, 33.0, 33.0, 33.0, 33.0, 33.0, 33.0]",COMPLETE
135,135,0.6943102626528063,2024-08-31 06:09:14.319640,2024-08-31 06:09:29.938128,0 days 00:00:15.618488,64,0.01662415210340203,4,90,0.002055988983933937,77,0.0005806209363116204,0.859,0.85875,33,"[33, 33, 33, 33, 33, 33, 33, 33, 33, 33, 33, 33, 33, 33, 33, 33, 33, 33, 33, 33, 33, 33, 33, 33, 33, 33, 33, 33, 33, 33, 33, 33, 33, 33, 33, 33, 33, 33, 33, 33, 33, 33, 33, 33, 33, 33, 33, 33, 33, 33, 33, 33, 33, 33, 33, 33, 33, 33, 33, 33, 33, 33, 33, 33, 33, 33, 33, 33, 33, 33, 33, 33, 33, 33, 33, 33, 33, 33, 33, 33, 33, 33, 33, 33, 33, 33, 33, 33, 33, 33]",32.95497835497835,"[32.95930735930736, 32.96363636363636, 32.96190476190476, 32.962770562770565, 32.960173160173156, 32.96190476190476, 32.95497835497835, 32.95670995670996, 32.95757575757575, 32.954112554112555, 32.954112554112555, 32.95844155844156, 32.95497835497836, 32.95324675324675, 32.954112554112555, 32.95844155844156, 32.95757575757575, 32.95844155844156, 32.955844155844154, 32.95670995670996, 32.95497835497835, 32.95670995670996, 32.954112554112555, 32.95238095238095, 32.954112554112555, 32.95670995670996, 32.955844155844154, 32.95757575757575, 32.96103896103896, 32.96190476190476, 32.96103896103896, 32.96103896103896, 32.95930735930736, 32.96103896103896, 32.96103896103896, 32.96103896103896, 32.960173160173156, 32.960173160173156, 32.96363636363636, 32.964502164502164, 32.96277056277056, 32.96103896103896, 32.95757575757575, 32.95930735930736, 32.96103896103896, 32.960173160173156, 32.95930735930736, 32.960173160173156, 32.96103896103896, 32.960173160173156, 32.96190476190476, 32.96277056277056, 32.96190476190476, 32.96277056277056, 32.96103896103896, 32.96103896103896, 32.95844155844156, 32.95844155844156, 32.95844155844156, 32.95497835497835, 32.95670995670995, 32.95930735930736, 32.955844155844154, 32.952380952380956, 32.94891774891775, 32.95324675324675, 32.954112554112555, 32.954112554112555, 32.95238095238095, 32.95151515151515, 32.954112554112555, 32.95324675324675, 32.954112554112555, 32.95497835497835, 32.95670995670995, 32.95757575757575, 32.95930735930736, 32.95930735930736, 32.95930735930736, 32.95930735930736, 32.95930735930736, 32.95757575757575, 32.95757575757575, 32.95844155844156, 32.95844155844156, 32.95844155844156, 32.95757575757575, 32.95497835497835, 32.95497835497835, 32.95497835497835]",0.7156102675880744,0.6943102626528063,33,"[33, 33, 33, 33, 33, 33, 33, 33, 33, 33, 33, 33, 33, 33, 33, 33, 33, 33, 33, 33, 33, 33, 33, 33, 33, 33, 33, 33, 33, 33, 33, 33, 33, 33, 33, 33, 33, 33, 33, 33, 33, 33, 33, 33, 33, 33, 33, 33, 33, 33, 33, 33, 33, 33, 33, 33, 33, 33, 33, 33, 33, 33, 33, 33, 33, 33, 33, 33, 33, 33, 33, 33, 33, 33, 33, 33, 33, 33, 33, 33, 33, 33, 33, 33, 33, 33, 33, 33, 33, 33]",90,"[0.6265555620193481, 0.5679369568824768, 0.5271137356758118, 0.4975203573703766, 0.4748293161392212, 0.4584929347038269, 0.44600245356559753, 0.43609723448753357, 0.4295310080051422, 0.4241451323032379, 0.4195481538772583, 0.41545113921165466, 0.41264456510543823, 0.40999239683151245, 0.40825900435447693, 0.4065474271774292, 0.40526407957077026, 0.40404006838798523, 0.4030138850212097, 0.40209171175956726, 0.40136587619781494, 0.4009169340133667, 0.4005298912525177, 0.40012142062187195, 0.39949625730514526, 0.39901506900787354, 0.3986513018608093, 0.39834821224212646, 0.39805421233177185, 0.397731751203537, 0.39756548404693604, 0.3974096179008484, 0.3971317410469055, 0.39686262607574463, 0.3966350555419922, 0.39642608165740967, 0.3962276577949524, 0.3960166275501251, 0.39585280418395996, 0.39564087986946106, 0.3954241871833801, 0.3952433466911316, 0.39500921964645386, 0.39479681849479675, 0.3946073055267334, 0.39440998435020447, 0.394275963306427, 0.3941151797771454, 0.3939453363418579, 0.3937629461288452, 0.3935422897338867, 0.39335304498672485, 0.3931904733181, 0.3930363059043884, 0.39284640550613403, 0.3926648199558258, 0.39250630140304565, 0.3923436999320984, 0.39217767119407654, 0.392015278339386, 0.3918612599372864, 0.3916821777820587, 0.3915309011936188, 0.3913813531398773, 0.39120084047317505, 0.39103326201438904, 0.390900582075119, 0.390745609998703, 0.39060166478157043, 0.39042386412620544, 0.3902716040611267, 0.3900963068008423, 0.389954537153244, 0.3898313045501709, 0.38966500759124756, 0.3895494043827057, 0.389387845993042, 0.38922154903411865, 0.3890973627567291, 0.38893330097198486, 0.3887835741043091, 0.38863077759742737, 0.3885096609592438, 0.3883717656135559, 0.3882298171520233, 0.3880671262741089, 0.38793057203292847, 0.38782230019569397, 0.38767683506011963, 0.3875667154788971]",33.0,"[33.0, 33.0, 33.0, 33.0, 33.0, 33.0, 33.0, 33.0, 33.0, 33.0, 33.0, 33.0, 33.0, 33.0, 33.0, 33.0, 33.0, 33.0, 33.0, 33.0, 33.0, 33.0, 33.0, 33.0, 33.0, 33.0, 33.0, 33.0, 33.0, 33.0, 33.0, 33.0, 33.0, 33.0, 33.0, 33.0, 33.0, 33.0, 33.0, 33.0, 33.0, 33.0, 33.0, 33.0, 33.0, 33.0, 33.0, 33.0, 33.0, 33.0, 33.0, 33.0, 33.0, 33.0, 33.0, 33.0, 33.0, 33.0, 33.0, 33.0, 33.0, 33.0, 33.0, 33.0, 33.0, 33.0, 33.0, 33.0, 33.0, 33.0, 33.0, 33.0, 33.0, 33.0, 33.0, 33.0, 33.0, 33.0, 33.0, 33.0, 33.0, 33.0, 33.0, 33.0, 33.0, 33.0, 33.0, 33.0, 33.0, 33.0]",COMPLETE
