,number,value,datetime_start,datetime_complete,duration,params_batch_size_scaler,params_constant_learning_rate,params_depth,params_epochs,params_kernel_l2,params_num_trees,params_temperature,user_attrs_accuracy_test,user_attrs_accuracy_valid,user_attrs_approximate_feature_sparsity,user_attrs_approximate_feature_sparsity_history,user_attrs_approximate_weight_sparsity,user_attrs_approximate_weight_sparsity_history,user_attrs_auc_test,user_attrs_auc_valid,user_attrs_feature_sparsity,user_attrs_feature_sparsity_history,user_attrs_num_epochs,user_attrs_val_loss_history,user_attrs_weight_sparsity,user_attrs_weight_sparsity_history,state
70,70,0.8724736252270356,2024-08-31 03:12:55.947161,2024-08-31 03:13:35.930259,0 days 00:00:39.983098,16,0.028494720855787983,2,360,0.07339023064648702,30,0.006823515994713164,0.882,0.8775,33,"[33, 33, 33, 33, 33, 33, 33, 33, 33, 33, 33, 33, 33, 33, 33, 33, 33, 33, 33, 33, 33, 33, 33, 33, 33, 33, 33, 33, 33, 33, 33, 33, 33, 33, 33, 33, 33, 33, 33, 33, 33, 33, 33, 33, 33, 33, 33, 33, 33, 33, 33, 33, 33, 33, 33, 33, 33, 33, 33, 33, 33, 33, 33, 33, 33, 33, 33, 33, 33, 33, 33, 33, 33, 33, 33, 33, 33, 33, 33, 33, 33, 33, 33, 33, 33, 33, 33, 33, 33, 33, 33, 33, 33, 33, 33, 33, 33, 33, 33, 33, 33, 33, 33, 33, 33, 33, 33, 33, 33, 33, 33, 33, 33, 33, 33, 33, 33, 33, 33, 33, 33, 33, 33, 33, 33, 33, 33, 33, 33, 33, 33, 33, 33, 33, 33, 33, 33, 33, 33, 33, 33, 33, 33, 33, 33, 33, 33, 33, 33, 33, 33, 33, 33, 33, 33, 33, 33, 33, 33, 33, 33, 33, 33, 33, 33, 33, 33, 33, 33, 33, 33, 33, 33, 33, 33, 33, 33, 33, 33, 33, 33, 33, 33, 33, 33, 33, 33, 33, 33, 33, 33, 33, 33, 33, 33, 33, 33, 33, 33, 33, 33, 33, 33, 33, 33, 33, 33, 33, 33, 33, 33, 33, 33, 33, 33, 33, 33, 33, 33, 33, 33, 33, 33, 33, 33, 33, 33, 33, 33, 33, 33, 33, 33, 33, 33, 33, 33, 33, 33, 33, 33, 33, 33, 33, 33, 33, 33, 33, 33, 33, 33, 33, 33, 33, 33, 33, 33, 33, 33, 33, 33, 33, 33, 33, 33, 33, 33, 33, 33, 33, 33, 33, 33, 33, 33, 33, 33, 33, 33, 33, 33, 33, 33, 33, 33, 33, 33, 33, 33, 33, 33, 33, 33, 33, 33, 33, 33, 33, 33, 33, 33, 33, 33, 33, 33, 33, 33, 33, 33, 33, 33, 33, 33, 33, 33, 33, 33, 33, 33, 33, 33, 33, 33, 33, 33, 33, 33, 33, 33, 33, 33, 33, 33, 33, 33, 33, 33, 33, 33, 33, 33, 33, 33, 33, 33, 33, 33, 33, 33, 33, 33, 33, 33, 33, 33, 33, 33, 33, 33, 33]",32.94444444444444,"[32.96666666666667, 32.96666666666667, 32.94444444444444, 32.96666666666667, 32.977777777777774, 32.98888888888889, 32.96666666666667, 32.977777777777774, 32.98888888888889, 32.98888888888889, 32.977777777777774, 32.977777777777774, 32.977777777777774, 32.977777777777774, 32.977777777777774, 32.977777777777774, 32.98888888888889, 32.977777777777774, 32.96666666666667, 32.98888888888889, 32.977777777777774, 32.98888888888889, 32.98888888888889, 32.96666666666667, 32.977777777777774, 32.977777777777774, 32.96666666666667, 32.96666666666667, 32.977777777777774, 32.977777777777774, 32.977777777777774, 32.955555555555556, 32.96666666666667, 32.96666666666667, 32.96666666666667, 32.96666666666667, 32.977777777777774, 32.977777777777774, 32.977777777777774, 32.96666666666667, 32.93333333333334, 32.96666666666667, 32.96666666666667, 32.96666666666667, 32.977777777777774, 32.98888888888889, 32.977777777777774, 32.977777777777774, 32.977777777777774, 32.98888888888889, 32.977777777777774, 32.98888888888889, 32.96666666666667, 32.955555555555556, 32.98888888888889, 32.98888888888889, 32.977777777777774, 32.977777777777774, 32.98888888888889, 32.98888888888889, 32.977777777777774, 32.98888888888889, 32.98888888888889, 32.977777777777774, 32.98888888888889, 32.98888888888889, 32.96666666666667, 32.977777777777774, 32.96666666666667, 32.96666666666667, 32.96666666666667, 32.96666666666667, 32.977777777777774, 32.977777777777774, 32.96666666666667, 32.96666666666667, 32.955555555555556, 32.955555555555556, 32.955555555555556, 32.96666666666667, 32.96666666666667, 32.96666666666667, 32.977777777777774, 32.977777777777774, 32.977777777777774, 32.977777777777774, 32.977777777777774, 32.977777777777774, 32.96666666666667, 32.977777777777774, 32.96666666666667, 32.96666666666667, 32.977777777777774, 32.98888888888889, 32.977777777777774, 32.96666666666667, 32.977777777777774, 32.96666666666667, 32.98888888888889, 32.98888888888889, 32.977777777777774, 32.98888888888889, 32.98888888888889, 32.98888888888889, 32.96666666666667, 32.98888888888889, 32.977777777777774, 32.96666666666667, 32.96666666666667, 32.96666666666667, 32.96666666666667, 32.955555555555556, 32.955555555555556, 32.977777777777774, 32.977777777777774, 32.98888888888889, 32.977777777777774, 32.977777777777774, 32.98888888888889, 32.98888888888889, 32.98888888888889, 32.98888888888889, 32.98888888888889, 32.98888888888889, 32.98888888888889, 32.98888888888889, 32.98888888888889, 32.96666666666667, 32.96666666666667, 32.955555555555556, 32.94444444444444, 32.94444444444444, 32.96666666666667, 32.977777777777774, 32.955555555555556, 32.96666666666667, 32.94444444444444, 32.955555555555556, 32.955555555555556, 32.955555555555556, 32.955555555555556, 32.96666666666667, 32.955555555555556, 32.955555555555556, 32.977777777777774, 32.955555555555556, 32.977777777777774, 32.955555555555556, 32.96666666666667, 32.977777777777774, 32.96666666666667, 32.96666666666667, 32.93333333333334, 32.94444444444444, 32.955555555555556, 32.955555555555556, 32.977777777777774, 32.977777777777774, 32.955555555555556, 32.96666666666667, 32.977777777777774, 32.977777777777774, 32.955555555555556, 32.96666666666667, 32.955555555555556, 32.96666666666667, 32.96666666666667, 32.96666666666667, 32.955555555555556, 32.955555555555556, 32.955555555555556, 32.955555555555556, 32.955555555555556, 32.955555555555556, 32.977777777777774, 32.977777777777774, 32.977777777777774, 32.96666666666667, 32.96666666666667, 32.977777777777774, 32.977777777777774, 32.955555555555556, 32.96666666666667, 32.977777777777774, 32.96666666666667, 32.955555555555556, 32.955555555555556, 32.96666666666667, 32.977777777777774, 32.977777777777774, 32.98888888888889, 32.977777777777774, 32.96666666666667, 32.96666666666667, 32.96666666666667, 32.977777777777774, 32.955555555555556, 32.94444444444444, 32.96666666666667, 32.96666666666667, 32.96666666666667, 32.96666666666667, 32.96666666666667, 32.98888888888889, 32.98888888888889, 32.98888888888889, 32.98888888888889, 32.977777777777774, 32.977777777777774, 32.98888888888889, 32.96666666666667, 32.977777777777774, 32.977777777777774, 32.96666666666667, 32.96666666666667, 32.96666666666667, 32.96666666666667, 32.977777777777774, 32.977777777777774, 32.977777777777774, 32.96666666666667, 32.96666666666667, 32.96666666666667, 32.96666666666667, 32.96666666666667, 32.96666666666667, 32.96666666666667, 32.96666666666667, 32.955555555555556, 32.94444444444444, 32.96666666666667, 32.96666666666667, 32.955555555555556, 32.96666666666667, 32.977777777777774, 32.955555555555556, 32.955555555555556, 32.977777777777774, 32.96666666666667, 32.977777777777774, 32.98888888888889, 32.98888888888889, 32.977777777777774, 32.98888888888889, 32.98888888888889, 32.98888888888889, 32.98888888888889, 32.977777777777774, 32.955555555555556, 32.977777777777774, 32.977777777777774, 32.977777777777774, 32.977777777777774, 32.96666666666667, 32.955555555555556, 32.96666666666667, 32.955555555555556, 32.94444444444444, 32.94444444444444, 32.94444444444444, 32.94444444444444, 32.96666666666667, 32.955555555555556, 32.96666666666667, 32.96666666666667, 32.955555555555556, 32.977777777777774, 32.98888888888889, 32.96666666666667, 32.955555555555556, 32.955555555555556, 32.96666666666667, 32.977777777777774, 32.98888888888889, 32.955555555555556, 32.96666666666667, 32.977777777777774, 32.977777777777774, 32.96666666666667, 32.96666666666667, 32.977777777777774, 32.977777777777774, 32.977777777777774, 32.96666666666667, 32.96666666666667, 32.977777777777774, 32.977777777777774, 32.98888888888889, 32.98888888888889, 32.93333333333334, 32.96666666666667, 32.98888888888889, 32.977777777777774, 32.98888888888889, 32.98888888888889, 32.977777777777774, 32.96666666666667, 32.977777777777774, 32.96666666666667, 32.96666666666667, 32.955555555555556, 32.977777777777774, 32.98888888888889, 32.98888888888889, 32.977777777777774, 32.96666666666667, 32.96666666666667, 32.955555555555556, 32.96666666666667, 32.96666666666667, 32.977777777777774, 32.98888888888889, 32.98888888888889, 32.98888888888889, 32.98888888888889, 32.98888888888889, 32.977777777777774, 32.977777777777774, 32.977777777777774, 32.955555555555556, 32.955555555555556, 32.96666666666667, 32.96666666666667, 32.94444444444444, 32.955555555555556, 32.955555555555556, 32.955555555555556, 32.955555555555556, 32.96666666666667, 32.955555555555556, 32.96666666666667, 32.955555555555556, 32.96666666666667, 32.955555555555556, 32.96666666666667, 32.96666666666667, 32.955555555555556, 32.955555555555556, 32.977777777777774, 32.96666666666667, 32.96666666666667, 32.96666666666667, 32.955555555555556, 32.922222222222224, 32.93333333333334, 32.922222222222224, 32.96666666666667, 32.955555555555556, 32.96666666666667, 32.96666666666667, 32.955555555555556, 32.96666666666667, 32.977777777777774, 32.955555555555556, 32.94444444444444, 32.955555555555556, 32.955555555555556, 32.94444444444444, 32.955555555555556, 32.94444444444444]",0.866849957479834,0.8724736252270356,33,"[33, 33, 33, 33, 33, 33, 33, 33, 33, 33, 33, 33, 33, 33, 33, 33, 33, 33, 33, 33, 33, 33, 33, 33, 33, 33, 33, 33, 33, 33, 33, 33, 33, 33, 33, 33, 33, 33, 33, 33, 33, 33, 33, 33, 33, 33, 33, 33, 33, 33, 33, 33, 33, 33, 33, 33, 33, 33, 33, 33, 33, 33, 33, 33, 33, 33, 33, 33, 33, 33, 33, 33, 33, 33, 33, 33, 33, 33, 33, 33, 33, 33, 33, 33, 33, 33, 33, 33, 33, 33, 33, 33, 33, 33, 33, 33, 33, 33, 33, 33, 33, 33, 33, 33, 33, 33, 33, 33, 33, 33, 33, 33, 33, 33, 33, 33, 33, 33, 33, 33, 33, 33, 33, 33, 33, 33, 33, 33, 33, 33, 33, 33, 33, 33, 33, 33, 33, 33, 33, 33, 33, 33, 33, 33, 33, 33, 33, 33, 33, 33, 33, 33, 33, 33, 33, 33, 33, 33, 33, 33, 33, 33, 33, 33, 33, 33, 33, 33, 33, 33, 33, 33, 33, 33, 33, 33, 33, 33, 33, 33, 33, 33, 33, 33, 33, 33, 33, 33, 33, 33, 33, 33, 33, 33, 33, 33, 33, 33, 33, 33, 33, 33, 33, 33, 33, 33, 33, 33, 33, 33, 33, 33, 33, 33, 33, 33, 33, 33, 33, 33, 33, 33, 33, 33, 33, 33, 33, 33, 33, 33, 33, 33, 33, 33, 33, 33, 33, 33, 33, 33, 33, 33, 33, 33, 33, 33, 33, 33, 33, 33, 33, 33, 33, 33, 33, 33, 33, 33, 33, 33, 33, 33, 33, 33, 33, 33, 33, 33, 33, 33, 33, 33, 33, 33, 33, 33, 33, 33, 33, 33, 33, 33, 33, 33, 33, 33, 33, 33, 33, 33, 33, 33, 33, 33, 33, 33, 33, 33, 33, 33, 33, 33, 33, 33, 33, 33, 33, 33, 33, 33, 33, 33, 33, 33, 33, 33, 33, 33, 33, 33, 33, 33, 33, 33, 33, 33, 33, 33, 33, 33, 33, 33, 33, 33, 33, 33, 33, 33, 33, 33, 33, 33, 33, 33, 33, 33, 33, 33, 33, 33, 33, 33, 33, 33, 33, 33, 33, 33, 33, 33]",360,"[0.5490030646324158, 0.4626331627368927, 0.44924721121788025, 0.4448484182357788, 0.4419526159763336, 0.4395407438278198, 0.4373303949832916, 0.43518802523612976, 0.4332592785358429, 0.4314108192920685, 0.42969468235969543, 0.42812085151672363, 0.42661789059638977, 0.42525291442871094, 0.42390263080596924, 0.4226386249065399, 0.42147621512413025, 0.42040783166885376, 0.41940367221832275, 0.4184371829032898, 0.4174540042877197, 0.4165010452270508, 0.4156802296638489, 0.4148653447628021, 0.4140833914279938, 0.4134383797645569, 0.4127421975135803, 0.41200366616249084, 0.41136637330055237, 0.41074442863464355, 0.41025418043136597, 0.40957751870155334, 0.4089866280555725, 0.4085180163383484, 0.4079826772212982, 0.4075325131416321, 0.4070081412792206, 0.40654438734054565, 0.4060647487640381, 0.40563762187957764, 0.405180960893631, 0.404771625995636, 0.4043442904949188, 0.40393343567848206, 0.40360575914382935, 0.4031972885131836, 0.402793288230896, 0.4023924171924591, 0.40197524428367615, 0.40162962675094604, 0.4012392461299896, 0.4009194076061249, 0.4005289375782013, 0.4002622365951538, 0.3998088836669922, 0.39946281909942627, 0.3991418480873108, 0.3987424373626709, 0.39841094613075256, 0.3981202244758606, 0.39782512187957764, 0.39748460054397583, 0.39719024300575256, 0.3968786299228668, 0.3964669108390808, 0.3962495028972626, 0.39593175053596497, 0.3957018554210663, 0.39531657099723816, 0.3950132429599762, 0.39476650953292847, 0.39444607496261597, 0.39403587579727173, 0.39372512698173523, 0.39348316192626953, 0.3931928873062134, 0.3928951919078827, 0.39253005385398865, 0.39215755462646484, 0.39191386103630066, 0.3916587829589844, 0.39133739471435547, 0.3910438120365143, 0.39071300625801086, 0.39040374755859375, 0.3901382088661194, 0.389833003282547, 0.38947978615760803, 0.38914424180984497, 0.38887128233909607, 0.388609379529953, 0.3883456289768219, 0.3879653811454773, 0.3876725137233734, 0.3874337375164032, 0.38708430528640747, 0.386860728263855, 0.38650184869766235, 0.3862473964691162, 0.38586825132369995, 0.38561126589775085, 0.38530972599983215, 0.3850336968898773, 0.38477465510368347, 0.384489506483078, 0.38419637084007263, 0.38389351963996887, 0.38358038663864136, 0.3833581805229187, 0.383078396320343, 0.382754921913147, 0.3824925720691681, 0.3821747899055481, 0.38187968730926514, 0.38161128759384155, 0.38133904337882996, 0.38111165165901184, 0.3807908296585083, 0.3805273473262787, 0.38022759556770325, 0.3799404203891754, 0.3796329200267792, 0.37936097383499146, 0.37914425134658813, 0.3788343667984009, 0.3785742521286011, 0.37837207317352295, 0.37810927629470825, 0.3778338134288788, 0.3775685131549835, 0.3773660957813263, 0.37701615691185, 0.376718133687973, 0.37639716267585754, 0.37613818049430847, 0.3759033977985382, 0.3755759298801422, 0.37526580691337585, 0.3749712407588959, 0.37466007471084595, 0.3744053542613983, 0.37408551573753357, 0.3737789988517761, 0.37349405884742737, 0.37323665618896484, 0.3729165196418762, 0.37268176674842834, 0.37241461873054504, 0.37212124466896057, 0.371987521648407, 0.37167850136756897, 0.3714277148246765, 0.37107113003730774, 0.3707609474658966, 0.3704734742641449, 0.3702130913734436, 0.37009909749031067, 0.3697960674762726, 0.36953407526016235, 0.36918747425079346, 0.36894920468330383, 0.3687411844730377, 0.3684678375720978, 0.3682384192943573, 0.36800089478492737, 0.367823988199234, 0.3674478828907013, 0.36708903312683105, 0.36682674288749695, 0.3666166663169861, 0.36635076999664307, 0.3660924434661865, 0.3657681941986084, 0.36553019285202026, 0.36525267362594604, 0.364980548620224, 0.3646816313266754, 0.36446526646614075, 0.36415451765060425, 0.36386942863464355, 0.3635685443878174, 0.3632824420928955, 0.3630976378917694, 0.36282971501350403, 0.3625811040401459, 0.3622625768184662, 0.36190372705459595, 0.3616238832473755, 0.3612991273403168, 0.36107879877090454, 0.36078932881355286, 0.3605715036392212, 0.3602730929851532, 0.3599246144294739, 0.35974636673927307, 0.3594132661819458, 0.35915058851242065, 0.35877135396003723, 0.3585242033004761, 0.35822197794914246, 0.3580176830291748, 0.3577631115913391, 0.35752272605895996, 0.3573068380355835, 0.3569034934043884, 0.35671889781951904, 0.35635340213775635, 0.35612785816192627, 0.35576918721199036, 0.3554637134075165, 0.35518038272857666, 0.35489025712013245, 0.35462942719459534, 0.3543349802494049, 0.354102224111557, 0.3538155257701874, 0.35358738899230957, 0.35328972339630127, 0.35300034284591675, 0.3527226746082306, 0.35241517424583435, 0.3522299826145172, 0.3519997000694275, 0.3516593873500824, 0.35146191716194153, 0.35116249322891235, 0.3509087860584259, 0.3506007790565491, 0.3503388464450836, 0.35001057386398315, 0.3497964143753052, 0.3493702709674835, 0.34905120730400085, 0.34880179166793823, 0.3485371768474579, 0.34837234020233154, 0.3480563759803772, 0.3476938009262085, 0.34749576449394226, 0.3472507894039154, 0.34689369797706604, 0.346696674823761, 0.3464392423629761, 0.34610801935195923, 0.3458297848701477, 0.3454449474811554, 0.3451535105705261, 0.34485718607902527, 0.34454432129859924, 0.3442538380622864, 0.34399861097335815, 0.34370315074920654, 0.3436255156993866, 0.34326761960983276, 0.3430800139904022, 0.3427613079547882, 0.34245288372039795, 0.3421502411365509, 0.34187477827072144, 0.3415659964084625, 0.3413335680961609, 0.341008722782135, 0.3406618535518646, 0.34035998582839966, 0.3400331735610962, 0.339714914560318, 0.33948254585266113, 0.33916544914245605, 0.33881673216819763, 0.3385574221611023, 0.3382565677165985, 0.33802005648612976, 0.3377102315425873, 0.3374340832233429, 0.3371264338493347, 0.3368402421474457, 0.3364855945110321, 0.3361321687698364, 0.3358220160007477, 0.3355201780796051, 0.3352249264717102, 0.33493679761886597, 0.3346332311630249, 0.3344039022922516, 0.3341524600982666, 0.3338146209716797, 0.3334966003894806, 0.33316269516944885, 0.33288660645484924, 0.3326272964477539, 0.332304984331131, 0.3319939076900482, 0.3316969573497772, 0.33143454790115356, 0.33112359046936035, 0.3308541774749756, 0.33054810762405396, 0.33026057481765747, 0.3299260437488556, 0.3296468257904053, 0.3293059170246124, 0.32897722721099854, 0.32876983284950256, 0.32853007316589355, 0.3281565010547638, 0.327838659286499, 0.3275368809700012, 0.32723701000213623, 0.3270123600959778, 0.3266688883304596, 0.32644712924957275, 0.32618191838264465, 0.3259022533893585, 0.3256605565547943, 0.3252849280834198, 0.3250923156738281, 0.3247597813606262, 0.3244556486606598, 0.3240719735622406, 0.32376372814178467, 0.3234896957874298, 0.3231254518032074, 0.32288795709609985, 0.3226427137851715, 0.32232630252838135, 0.3220193088054657, 0.32174447178840637, 0.32142502069473267, 0.3211495280265808, 0.3208692669868469, 0.3205723464488983, 0.3202085793018341, 0.32004278898239136, 0.31983280181884766, 0.3194732069969177, 0.31911468505859375, 0.31875503063201904, 0.3184828460216522, 0.31822317838668823, 0.3179823160171509, 0.31772908568382263, 0.31749096512794495, 0.31717100739479065, 0.3168866038322449, 0.3166375458240509, 0.3163594901561737, 0.31607770919799805, 0.31577053666114807, 0.315550833940506, 0.315306156873703, 0.3150559663772583, 0.314678817987442, 0.3143709599971771, 0.31413573026657104, 0.31384289264678955, 0.31355997920036316, 0.3132423162460327, 0.3130001723766327, 0.31279057264328003, 0.31250840425491333]",33.0,"[33.0, 33.0, 33.0, 33.0, 33.0, 33.0, 33.0, 33.0, 33.0, 33.0, 33.0, 33.0, 33.0, 33.0, 33.0, 33.0, 33.0, 33.0, 33.0, 33.0, 33.0, 33.0, 33.0, 33.0, 33.0, 33.0, 33.0, 33.0, 33.0, 33.0, 33.0, 33.0, 33.0, 33.0, 33.0, 33.0, 33.0, 33.0, 33.0, 33.0, 33.0, 33.0, 33.0, 33.0, 33.0, 33.0, 33.0, 33.0, 33.0, 33.0, 33.0, 33.0, 33.0, 33.0, 33.0, 33.0, 33.0, 33.0, 33.0, 33.0, 33.0, 33.0, 33.0, 33.0, 33.0, 33.0, 33.0, 33.0, 33.0, 33.0, 33.0, 33.0, 33.0, 33.0, 33.0, 33.0, 33.0, 33.0, 33.0, 33.0, 33.0, 33.0, 33.0, 33.0, 33.0, 33.0, 33.0, 33.0, 33.0, 33.0, 33.0, 33.0, 33.0, 33.0, 33.0, 33.0, 33.0, 33.0, 33.0, 33.0, 33.0, 33.0, 33.0, 33.0, 33.0, 33.0, 33.0, 33.0, 33.0, 33.0, 33.0, 33.0, 33.0, 33.0, 33.0, 33.0, 33.0, 33.0, 33.0, 33.0, 33.0, 33.0, 33.0, 33.0, 33.0, 33.0, 33.0, 33.0, 33.0, 33.0, 33.0, 33.0, 33.0, 33.0, 33.0, 33.0, 33.0, 33.0, 33.0, 33.0, 33.0, 33.0, 33.0, 33.0, 33.0, 33.0, 33.0, 33.0, 33.0, 33.0, 33.0, 33.0, 33.0, 33.0, 33.0, 33.0, 33.0, 33.0, 33.0, 33.0, 33.0, 33.0, 33.0, 33.0, 33.0, 33.0, 33.0, 33.0, 33.0, 33.0, 33.0, 33.0, 33.0, 33.0, 33.0, 33.0, 33.0, 33.0, 33.0, 33.0, 33.0, 33.0, 33.0, 33.0, 33.0, 33.0, 33.0, 33.0, 33.0, 33.0, 33.0, 33.0, 33.0, 33.0, 33.0, 33.0, 33.0, 33.0, 33.0, 33.0, 33.0, 33.0, 33.0, 33.0, 33.0, 33.0, 33.0, 33.0, 33.0, 33.0, 33.0, 33.0, 33.0, 33.0, 33.0, 33.0, 33.0, 33.0, 33.0, 33.0, 33.0, 33.0, 33.0, 33.0, 33.0, 33.0, 33.0, 33.0, 33.0, 33.0, 33.0, 33.0, 33.0, 33.0, 33.0, 33.0, 33.0, 33.0, 33.0, 33.0, 33.0, 33.0, 33.0, 33.0, 33.0, 33.0, 33.0, 33.0, 33.0, 33.0, 33.0, 33.0, 33.0, 33.0, 33.0, 33.0, 33.0, 33.0, 33.0, 33.0, 33.0, 33.0, 33.0, 33.0, 33.0, 33.0, 33.0, 33.0, 33.0, 33.0, 33.0, 33.0, 33.0, 33.0, 33.0, 33.0, 33.0, 33.0, 33.0, 33.0, 33.0, 33.0, 33.0, 33.0, 33.0, 33.0, 33.0, 33.0, 33.0, 33.0, 33.0, 33.0, 33.0, 33.0, 33.0, 33.0, 33.0, 33.0, 33.0, 33.0, 33.0, 33.0, 33.0, 33.0, 33.0, 33.0, 33.0, 33.0, 33.0, 33.0, 33.0, 33.0, 33.0, 33.0, 33.0, 33.0, 33.0, 33.0, 33.0, 33.0, 33.0, 33.0, 33.0, 33.0, 33.0, 33.0, 33.0, 33.0, 33.0, 33.0, 33.0, 33.0, 33.0, 33.0, 33.0, 33.0, 33.0, 33.0, 33.0, 33.0, 33.0, 33.0, 33.0, 33.0, 33.0, 33.0, 33.0, 33.0, 33.0, 33.0, 33.0, 33.0, 33.0, 33.0, 33.0, 33.0, 33.0, 33.0, 33.0, 33.0]",COMPLETE
