,number,value,datetime_start,datetime_complete,duration,params_batch_size_scaler,params_constant_learning_rate,params_depth,params_epochs,params_kernel_l2,params_num_trees,params_temperature,user_attrs_accuracy_test,user_attrs_accuracy_valid,user_attrs_approximate_feature_sparsity,user_attrs_approximate_feature_sparsity_history,user_attrs_approximate_weight_sparsity,user_attrs_approximate_weight_sparsity_history,user_attrs_auc_test,user_attrs_auc_valid,user_attrs_feature_sparsity,user_attrs_feature_sparsity_history,user_attrs_num_epochs,user_attrs_val_loss_history,user_attrs_weight_sparsity,user_attrs_weight_sparsity_history,state
68,68,0.7120480220530457,2024-08-31 03:11:30.580194,2024-08-31 03:12:45.921295,0 days 00:01:15.341101,64,0.03194412444461554,4,340,0.6102225441748832,28,0.00027487697089752033,0.866,0.86625,33,"[33, 33, 33, 33, 33, 33, 33, 33, 33, 33, 33, 33, 33, 33, 33, 33, 33, 33, 33, 33, 33, 33, 33, 33, 33, 33, 33, 33, 33, 33, 33, 33, 33, 33, 33, 33, 33, 33, 33, 33, 33, 33, 33, 33, 33, 33, 33, 33, 33, 33, 33, 33, 33, 33, 33, 33, 33, 33, 33, 33, 33, 33, 33, 33, 33, 33, 33, 33, 33, 33, 33, 33, 33, 33, 33, 33, 33, 33, 33, 33, 33, 33, 33, 33, 33, 33, 33, 33, 33, 33, 33, 33, 33, 33, 33, 33, 33, 33, 33, 33, 33, 33, 33, 33, 33, 33, 33, 33, 33, 33, 33, 33, 33, 33, 33, 33, 33, 33, 33, 33, 33, 33, 33, 33, 33, 33, 33, 33, 33, 33, 33, 33, 33, 33, 33, 33, 33, 33, 33, 33, 33, 33, 33, 33, 33, 33, 33, 33, 33, 33, 33, 33, 33, 33, 33, 33, 33, 33, 33, 33, 33, 33, 33, 33, 33, 33, 33, 33, 33, 33, 33, 33, 33, 33, 33, 33, 33, 33, 33, 33, 33, 33, 33, 33, 33, 33, 33, 33, 33, 33, 33, 33, 33, 33, 33, 33, 33, 33, 33, 33, 33, 33, 33, 33, 33, 33, 33, 33, 33, 33, 33, 33, 33, 33, 33, 33, 33, 33, 33, 33, 33, 33, 33, 33, 33, 33, 33, 33, 33, 33, 33, 33, 33, 33, 33, 33, 33, 33, 33, 33, 33, 33, 33, 33, 33, 33, 33, 33, 33, 33, 33, 33, 33, 33, 33, 33, 33, 33, 33, 33, 33, 33, 33, 33, 33, 33, 33, 33, 33, 33, 33, 33, 33, 33, 33, 33, 33, 33, 33, 33, 33, 33, 33, 33, 33, 33, 33, 33, 33, 33, 33, 33, 33, 33, 33, 33, 33, 33, 33, 33, 33, 33, 33, 33, 33, 33, 33, 33, 33, 33, 33, 33, 33, 33, 33, 33, 33, 33, 33, 33, 33, 33, 33, 33, 33, 33, 33, 33, 33, 33, 33, 33, 33, 33, 33, 33, 33, 33, 33, 33]",32.957142857142856,"[32.971428571428575, 32.96904761904762, 32.97857142857143, 32.96666666666667, 32.976190476190474, 32.964285714285715, 32.96666666666667, 32.96666666666667, 32.971428571428575, 32.96190476190476, 32.964285714285715, 32.97857142857143, 32.97857142857143, 32.971428571428575, 32.96666666666667, 32.96904761904762, 32.964285714285715, 32.97380952380952, 32.971428571428575, 32.96666666666667, 32.964285714285715, 32.97380952380952, 32.971428571428575, 32.96904761904762, 32.96666666666667, 32.964285714285715, 32.964285714285715, 32.971428571428575, 32.95952380952381, 32.96666666666667, 32.97380952380952, 32.964285714285715, 32.96904761904762, 32.96904761904762, 32.971428571428575, 32.971428571428575, 32.97380952380952, 32.97380952380952, 32.97380952380952, 32.964285714285715, 32.94761904761905, 32.95, 32.96666666666667, 32.96666666666667, 32.971428571428575, 32.96904761904762, 32.964285714285715, 32.96190476190476, 32.964285714285715, 32.971428571428575, 32.96190476190476, 32.96666666666667, 32.971428571428575, 32.96666666666667, 32.96666666666667, 32.97380952380953, 32.96904761904762, 32.96666666666667, 32.96666666666667, 32.964285714285715, 32.964285714285715, 32.964285714285715, 32.96904761904762, 32.969047619047615, 32.976190476190474, 32.971428571428575, 32.97857142857143, 32.98095238095238, 32.98095238095238, 32.98809523809524, 32.98095238095238, 32.97380952380952, 32.96666666666667, 32.97380952380952, 32.969047619047615, 32.96666666666667, 32.969047619047615, 32.97380952380952, 32.97380952380952, 32.976190476190474, 32.97857142857143, 32.97380952380952, 32.97380952380952, 32.97619047619048, 32.971428571428575, 32.969047619047615, 32.96904761904762, 32.97380952380952, 32.97380952380952, 32.97380952380952, 32.971428571428575, 32.971428571428575, 32.971428571428575, 32.97380952380952, 32.971428571428575, 32.96904761904762, 32.971428571428575, 32.969047619047615, 32.96904761904762, 32.96904761904762, 32.964285714285715, 32.96666666666667, 32.97380952380952, 32.964285714285715, 32.969047619047615, 32.96666666666667, 32.969047619047615, 32.969047619047615, 32.97380952380952, 32.97380952380952, 32.964285714285715, 32.96190476190476, 32.96190476190476, 32.96666666666667, 32.964285714285715, 32.96190476190476, 32.964285714285715, 32.969047619047615, 32.96190476190476, 32.96190476190476, 32.97380952380952, 32.971428571428575, 32.969047619047615, 32.971428571428575, 32.97380952380952, 32.97380952380952, 32.969047619047615, 32.96904761904762, 32.96904761904762, 32.971428571428575, 32.97380952380952, 32.969047619047615, 32.97380952380952, 32.97142857142857, 32.976190476190474, 32.97380952380952, 32.97380952380952, 32.97380952380952, 32.97857142857143, 32.976190476190474, 32.97380952380952, 32.976190476190474, 32.97142857142857, 32.97380952380952, 32.97142857142857, 32.97142857142857, 32.97142857142857, 32.97380952380953, 32.97380952380952, 32.97380952380952, 32.97142857142857, 32.976190476190474, 32.97857142857143, 32.97857142857143, 32.96904761904762, 32.971428571428575, 32.96904761904762, 32.96904761904762, 32.971428571428575, 32.96904761904762, 32.96904761904762, 32.96666666666667, 32.96190476190476, 32.95952380952381, 32.96190476190476, 32.957142857142856, 32.95952380952381, 32.96190476190476, 32.96190476190476, 32.964285714285715, 32.96666666666667, 32.971428571428575, 32.971428571428575, 32.971428571428575, 32.95952380952381, 32.964285714285715, 32.97142857142857, 32.971428571428575, 32.976190476190474, 32.97857142857143, 32.976190476190474, 32.97857142857143, 32.983333333333334, 32.983333333333334, 32.98095238095238, 32.98571428571429, 32.98571428571429, 32.98571428571429, 32.98095238095238, 32.976190476190474, 32.98095238095238, 32.97857142857143, 32.97857142857143, 32.983333333333334, 32.98095238095238, 32.976190476190474, 32.976190476190474, 32.98095238095238, 32.983333333333334, 32.983333333333334, 32.98095238095238, 32.98095238095238, 32.97857142857143, 32.97380952380952, 32.976190476190474, 32.97857142857143, 32.97857142857143, 32.976190476190474, 32.97857142857143, 32.97857142857143, 32.97857142857143, 32.97380952380952, 32.971428571428575, 32.971428571428575, 32.969047619047615, 32.969047619047615, 32.969047619047615, 32.971428571428575, 32.97857142857143, 32.976190476190474, 32.976190476190474, 32.96904761904762, 32.96666666666667, 32.96904761904762, 32.971428571428575, 32.964285714285715, 32.964285714285715, 32.96666666666667, 32.96190476190476, 32.964285714285715, 32.971428571428575, 32.97380952380952, 32.97380952380952, 32.97857142857143, 32.976190476190474, 32.971428571428575, 32.969047619047615, 32.971428571428575, 32.969047619047615, 32.976190476190474, 32.98095238095238, 32.98095238095238, 32.976190476190474, 32.97857142857143, 32.97857142857143, 32.97857142857143, 32.98095238095238, 32.98571428571429, 32.983333333333334, 32.98095238095238, 32.98095238095238, 32.97619047619048, 32.97619047619048, 32.98095238095238, 32.98095238095238, 32.983333333333334, 32.98571428571429, 32.983333333333334, 32.983333333333334, 32.983333333333334, 32.983333333333334, 32.97857142857143, 32.97857142857143, 32.97857142857143, 32.976190476190474, 32.97380952380952, 32.97380952380952, 32.97380952380952, 32.96666666666667, 32.96904761904762, 32.96904761904762, 32.96904761904762, 32.97857142857143, 32.976190476190474, 32.976190476190474, 32.971428571428575, 32.971428571428575, 32.97380952380952, 32.976190476190474, 32.98095238095238, 32.97857142857143, 32.976190476190474, 32.971428571428575, 32.971428571428575, 32.964285714285715, 32.964285714285715, 32.971428571428575, 32.96666666666667, 32.96666666666667, 32.964285714285715, 32.964285714285715, 32.96190476190476, 32.95476190476191, 32.94761904761905, 32.945238095238096, 32.95, 32.95, 32.95, 32.94761904761904, 32.95, 32.95238095238095, 32.95952380952381, 32.96190476190476, 32.96190476190476, 32.96190476190476, 32.96904761904762, 32.96666666666667, 32.96666666666667, 32.95952380952381, 32.96190476190476, 32.96190476190476, 32.964285714285715, 32.964285714285715, 32.96904761904762, 32.971428571428575, 32.969047619047615, 32.96904761904762, 32.96190476190476, 32.964285714285715, 32.96904761904762, 32.96666666666667, 32.96904761904762, 32.96904761904762, 32.97380952380953, 32.97380952380953, 32.97380952380952, 32.97380952380953, 32.96904761904762, 32.96904761904762, 32.96904761904762, 32.96904761904762, 32.96904761904762, 32.96666666666667, 32.964285714285715, 32.96190476190476, 32.964285714285715, 32.96190476190476, 32.957142857142856, 32.957142857142856, 32.957142857142856]",0.7452918204410539,0.7120480220530457,33,"[33, 33, 33, 33, 33, 33, 33, 33, 33, 33, 33, 33, 33, 33, 33, 33, 33, 33, 33, 33, 33, 33, 33, 33, 33, 33, 33, 33, 33, 33, 33, 33, 33, 33, 33, 33, 33, 33, 33, 33, 33, 33, 33, 33, 33, 33, 33, 33, 33, 33, 33, 33, 33, 33, 33, 33, 33, 33, 33, 33, 33, 33, 33, 33, 33, 33, 33, 33, 33, 33, 33, 33, 33, 33, 33, 33, 33, 33, 33, 33, 33, 33, 33, 33, 33, 33, 33, 33, 33, 33, 33, 33, 33, 33, 33, 33, 33, 33, 33, 33, 33, 33, 33, 33, 33, 33, 33, 33, 33, 33, 33, 33, 33, 33, 33, 33, 33, 33, 33, 33, 33, 33, 33, 33, 33, 33, 33, 33, 33, 33, 33, 33, 33, 33, 33, 33, 33, 33, 33, 33, 33, 33, 33, 33, 33, 33, 33, 33, 33, 33, 33, 33, 33, 33, 33, 33, 33, 33, 33, 33, 33, 33, 33, 33, 33, 33, 33, 33, 33, 33, 33, 33, 33, 33, 33, 33, 33, 33, 33, 33, 33, 33, 33, 33, 33, 33, 33, 33, 33, 33, 33, 33, 33, 33, 33, 33, 33, 33, 33, 33, 33, 33, 33, 33, 33, 33, 33, 33, 33, 33, 33, 33, 33, 33, 33, 33, 33, 33, 33, 33, 33, 33, 33, 33, 33, 33, 33, 33, 33, 33, 33, 33, 33, 33, 33, 33, 33, 33, 33, 33, 33, 33, 33, 33, 33, 33, 33, 33, 33, 33, 33, 33, 33, 33, 33, 33, 33, 33, 33, 33, 33, 33, 33, 33, 33, 33, 33, 33, 33, 33, 33, 33, 33, 33, 33, 33, 33, 33, 33, 33, 33, 33, 33, 33, 33, 33, 33, 33, 33, 33, 33, 33, 33, 33, 33, 33, 33, 33, 33, 33, 33, 33, 33, 33, 33, 33, 33, 33, 33, 33, 33, 33, 33, 33, 33, 33, 33, 33, 33, 33, 33, 33, 33, 33, 33, 33, 33, 33, 33, 33, 33, 33, 33, 33, 33, 33, 33, 33, 33, 33]",340,"[0.8053486347198486, 0.735451340675354, 0.684365451335907, 0.6460972428321838, 0.6151713132858276, 0.5910352468490601, 0.5724054574966431, 0.5572555661201477, 0.5449856519699097, 0.5351621508598328, 0.5274672508239746, 0.5213263630867004, 0.5156210660934448, 0.5116659998893738, 0.5074688792228699, 0.5039710998535156, 0.5009607672691345, 0.4983961880207062, 0.49645793437957764, 0.4944320321083069, 0.4928918480873108, 0.49135327339172363, 0.49006783962249756, 0.488927960395813, 0.4879181683063507, 0.48704230785369873, 0.48623329401016235, 0.48547786474227905, 0.48476165533065796, 0.4840589165687561, 0.48365336656570435, 0.483077734708786, 0.482489675283432, 0.48198574781417847, 0.48152899742126465, 0.4810689687728882, 0.48058608174324036, 0.48006534576416016, 0.4796144962310791, 0.4791649281978607, 0.47873732447624207, 0.47828009724617004, 0.4779271185398102, 0.47753894329071045, 0.4772007465362549, 0.47689568996429443, 0.4766165614128113, 0.476287305355072, 0.47599053382873535, 0.475651353597641, 0.4752558767795563, 0.4749189615249634, 0.4746362268924713, 0.4743138551712036, 0.4739830493927002, 0.47362491488456726, 0.47330376505851746, 0.47299039363861084, 0.4726925790309906, 0.47241392731666565, 0.4721753001213074, 0.47187861800193787, 0.4715786874294281, 0.47126349806785583, 0.47102734446525574, 0.47077202796936035, 0.4704967737197876, 0.47030311822891235, 0.4700518548488617, 0.4697486460208893, 0.4694966971874237, 0.46922197937965393, 0.46899673342704773, 0.4687538146972656, 0.46849972009658813, 0.4683073163032532, 0.4680991768836975, 0.46788573265075684, 0.46765032410621643, 0.46742454171180725, 0.4671672582626343, 0.4669743478298187, 0.4667355418205261, 0.46650227904319763, 0.4663453698158264, 0.46614784002304077, 0.4659418761730194, 0.4657360911369324, 0.4655396342277527, 0.46537673473358154, 0.46519678831100464, 0.46495264768600464, 0.46472132205963135, 0.4644492268562317, 0.4642307758331299, 0.46398794651031494, 0.4637332558631897, 0.46354085206985474, 0.4633556008338928, 0.4631243646144867, 0.4628968834877014, 0.4626937210559845, 0.46252337098121643, 0.46228018403053284, 0.46208450198173523, 0.4619106948375702, 0.4616975784301758, 0.46151942014694214, 0.4612989127635956, 0.46110984683036804, 0.4608941376209259, 0.46071475744247437, 0.4605467915534973, 0.4603414833545685, 0.4601176083087921, 0.4599571228027344, 0.45977818965911865, 0.45959484577178955, 0.45942798256874084, 0.4592821002006531, 0.459085613489151, 0.4589194059371948, 0.4587291479110718, 0.45859813690185547, 0.45845526456832886, 0.4582759737968445, 0.4581664204597473, 0.4579891264438629, 0.45783543586730957, 0.4576546847820282, 0.4574887752532959, 0.45733797550201416, 0.45715445280075073, 0.45697638392448425, 0.45676738023757935, 0.45663270354270935, 0.45644477009773254, 0.456309974193573, 0.45619288086891174, 0.45603856444358826, 0.4559028148651123, 0.45575350522994995, 0.4556223750114441, 0.455461323261261, 0.45530831813812256, 0.45515120029449463, 0.45498231053352356, 0.45485323667526245, 0.45468589663505554, 0.4545431435108185, 0.4544212818145752, 0.45427048206329346, 0.45416438579559326, 0.4540140926837921, 0.4538806676864624, 0.4537114202976227, 0.4536180794239044, 0.4534497857093811, 0.45330023765563965, 0.4531541168689728, 0.45306891202926636, 0.45287540555000305, 0.4527469277381897, 0.45262089371681213, 0.4524487257003784, 0.4523342251777649, 0.4522021412849426, 0.45205584168434143, 0.4519113302230835, 0.4517148733139038, 0.4515373110771179, 0.45137345790863037, 0.4512518048286438, 0.45111000537872314, 0.4510115087032318, 0.4508179724216461, 0.4506707787513733, 0.45053631067276, 0.45041611790657043, 0.4502871334552765, 0.45012980699539185, 0.4500180780887604, 0.44987431168556213, 0.44974052906036377, 0.449579656124115, 0.4494836926460266, 0.44934433698654175, 0.4492223858833313, 0.4490875005722046, 0.44899314641952515, 0.44884681701660156, 0.44868746399879456, 0.4485796391963959, 0.4484245181083679, 0.448276162147522, 0.4481436610221863, 0.4480031728744507, 0.44787177443504333, 0.4477298855781555, 0.44761571288108826, 0.44746339321136475, 0.44737157225608826, 0.4472416043281555, 0.44708991050720215, 0.44691723585128784, 0.44680577516555786, 0.446716845035553, 0.4465808868408203, 0.44646748900413513, 0.44629305601119995, 0.4461959898471832, 0.44604095816612244, 0.4459030032157898, 0.44577574729919434, 0.4456290304660797, 0.4455203115940094, 0.4453895092010498, 0.44526776671409607, 0.445157915353775, 0.4449935257434845, 0.4448685944080353, 0.4447818696498871, 0.4447006583213806, 0.4446258246898651, 0.44448891282081604, 0.4443812966346741, 0.4442559480667114, 0.4441402554512024, 0.4440256953239441, 0.44392240047454834, 0.4437808692455292, 0.4436563551425934, 0.44355788826942444, 0.44344669580459595, 0.44335925579071045, 0.44322869181632996, 0.44307637214660645, 0.4429689049720764, 0.4428730905056, 0.4427526593208313, 0.4426495432853699, 0.4425596594810486, 0.44243323802948, 0.4423251748085022, 0.44221168756484985, 0.4420807957649231, 0.4419732689857483, 0.4419025480747223, 0.44178667664527893, 0.441712349653244, 0.4415726363658905, 0.44148993492126465, 0.44136664271354675, 0.44126060605049133, 0.4411575198173523, 0.4410855770111084, 0.4409862756729126, 0.44090136885643005, 0.44078168272972107, 0.440657377243042, 0.44054853916168213, 0.4404231011867523, 0.44031187891960144, 0.4401847720146179, 0.4400412440299988, 0.43993380665779114, 0.439871609210968, 0.4397362470626831, 0.4396282434463501, 0.439484566450119, 0.43937283754348755, 0.43928107619285583, 0.4391590356826782, 0.4390285611152649, 0.4389234781265259, 0.43882492184638977, 0.43875062465667725, 0.43862107396125793, 0.4385240972042084, 0.43841683864593506, 0.43828868865966797, 0.438166081905365, 0.4380824565887451, 0.4379710853099823, 0.4378671944141388, 0.43776625394821167, 0.4377109408378601, 0.43763992190361023, 0.43752381205558777, 0.4374358654022217, 0.43738308548927307, 0.437284916639328, 0.4372074007987976, 0.4371219873428345, 0.43702784180641174, 0.43687543272972107, 0.43675413727760315, 0.4366382360458374, 0.43653687834739685, 0.4364359378814697, 0.4363558292388916, 0.4362860918045044, 0.4361872971057892, 0.4361160397529602, 0.43600690364837646, 0.4359186291694641, 0.4358375668525696, 0.4357181787490845, 0.4356135427951813, 0.4355248510837555, 0.43539705872535706, 0.43531349301338196, 0.4352167248725891, 0.43511244654655457, 0.43502354621887207, 0.43492621183395386, 0.4348694086074829, 0.43474969267845154, 0.43464869260787964, 0.4345727860927582, 0.43447884917259216, 0.4343653619289398, 0.43425679206848145, 0.4341886639595032, 0.43407750129699707, 0.4339961111545563, 0.43388649821281433, 0.43377232551574707, 0.4337111711502075, 0.43362492322921753, 0.4335620105266571, 0.4334777593612671, 0.4333835244178772, 0.4332621693611145, 0.4331456422805786, 0.43312299251556396, 0.43301981687545776, 0.43292438983917236, 0.43282824754714966, 0.4327186644077301]",33.0,"[33.0, 33.0, 33.0, 33.0, 33.0, 33.0, 33.0, 33.0, 33.0, 33.0, 33.0, 33.0, 33.0, 33.0, 33.0, 33.0, 33.0, 33.0, 33.0, 33.0, 33.0, 33.0, 33.0, 33.0, 33.0, 33.0, 33.0, 33.0, 33.0, 33.0, 33.0, 33.0, 33.0, 33.0, 33.0, 33.0, 33.0, 33.0, 33.0, 33.0, 33.0, 33.0, 33.0, 33.0, 33.0, 33.0, 33.0, 33.0, 33.0, 33.0, 33.0, 33.0, 33.0, 33.0, 33.0, 33.0, 33.0, 33.0, 33.0, 33.0, 33.0, 33.0, 33.0, 33.0, 33.0, 33.0, 33.0, 33.0, 33.0, 33.0, 33.0, 33.0, 33.0, 33.0, 33.0, 33.0, 33.0, 33.0, 33.0, 33.0, 33.0, 33.0, 33.0, 33.0, 33.0, 33.0, 33.0, 33.0, 33.0, 33.0, 33.0, 33.0, 33.0, 33.0, 33.0, 33.0, 33.0, 33.0, 33.0, 33.0, 33.0, 33.0, 33.0, 33.0, 33.0, 33.0, 33.0, 33.0, 33.0, 33.0, 33.0, 33.0, 33.0, 33.0, 33.0, 33.0, 33.0, 33.0, 33.0, 33.0, 33.0, 33.0, 33.0, 33.0, 33.0, 33.0, 33.0, 33.0, 33.0, 33.0, 33.0, 33.0, 33.0, 33.0, 33.0, 33.0, 33.0, 33.0, 33.0, 33.0, 33.0, 33.0, 33.0, 33.0, 33.0, 33.0, 33.0, 33.0, 33.0, 33.0, 33.0, 33.0, 33.0, 33.0, 33.0, 33.0, 33.0, 33.0, 33.0, 33.0, 33.0, 33.0, 33.0, 33.0, 33.0, 33.0, 33.0, 33.0, 33.0, 33.0, 33.0, 33.0, 33.0, 33.0, 33.0, 33.0, 33.0, 33.0, 33.0, 33.0, 33.0, 33.0, 33.0, 33.0, 33.0, 33.0, 33.0, 33.0, 33.0, 33.0, 33.0, 33.0, 33.0, 33.0, 33.0, 33.0, 33.0, 33.0, 33.0, 33.0, 33.0, 33.0, 33.0, 33.0, 33.0, 33.0, 33.0, 33.0, 33.0, 33.0, 33.0, 33.0, 33.0, 33.0, 33.0, 33.0, 33.0, 33.0, 33.0, 33.0, 33.0, 33.0, 33.0, 33.0, 33.0, 33.0, 33.0, 33.0, 33.0, 33.0, 33.0, 33.0, 33.0, 33.0, 33.0, 33.0, 33.0, 33.0, 33.0, 33.0, 33.0, 33.0, 33.0, 33.0, 33.0, 33.0, 33.0, 33.0, 33.0, 33.0, 33.0, 33.0, 33.0, 33.0, 33.0, 33.0, 33.0, 33.0, 33.0, 33.0, 33.0, 33.0, 33.0, 33.0, 33.0, 33.0, 33.0, 33.0, 33.0, 33.0, 33.0, 33.0, 33.0, 33.0, 33.0, 33.0, 33.0, 33.0, 33.0, 33.0, 33.0, 33.0, 33.0, 33.0, 33.0, 33.0, 33.0, 33.0, 33.0, 33.0, 33.0, 33.0, 33.0, 33.0, 33.0, 33.0, 33.0, 33.0, 33.0, 33.0, 33.0, 33.0, 33.0, 33.0, 33.0, 33.0, 33.0, 33.0, 33.0, 33.0, 33.0, 33.0, 33.0, 33.0, 33.0, 33.0, 33.0, 33.0, 33.0, 33.0, 33.0, 33.0, 33.0, 33.0, 33.0, 33.0, 33.0, 33.0, 33.0, 33.0, 33.0, 33.0, 33.0, 33.0, 33.0, 33.0, 33.0, 33.0, 33.0, 33.0]",COMPLETE
