,number,value,datetime_start,datetime_complete,duration,params_batch_size_scaler,params_constant_learning_rate,params_depth,params_epochs,params_kernel_l2,params_num_trees,params_temperature,user_attrs_accuracy_test,user_attrs_accuracy_valid,user_attrs_approximate_feature_sparsity,user_attrs_approximate_feature_sparsity_history,user_attrs_approximate_weight_sparsity,user_attrs_approximate_weight_sparsity_history,user_attrs_auc_test,user_attrs_auc_valid,user_attrs_feature_sparsity,user_attrs_feature_sparsity_history,user_attrs_num_epochs,user_attrs_val_loss_history,user_attrs_weight_sparsity,user_attrs_weight_sparsity_history,state
27,27,0.9232136646442786,2024-08-31 01:18:20.025499,2024-08-31 01:19:12.233243,0 days 00:00:52.207744,16,0.12357538363864161,3,440,0.3798777300115949,58,0.03176367019498331,0.93,0.92875,16,"[33, 33, 33, 33, 33, 33, 33, 33, 33, 33, 33, 33, 33, 33, 33, 33, 33, 33, 33, 33, 33, 33, 33, 33, 33, 33, 33, 33, 33, 33, 33, 33, 33, 33, 33, 33, 33, 33, 33, 33, 33, 33, 33, 33, 33, 33, 33, 33, 33, 33, 33, 33, 33, 33, 33, 33, 33, 33, 33, 33, 33, 33, 33, 33, 33, 33, 33, 33, 33, 33, 33, 33, 33, 33, 33, 33, 33, 33, 33, 33, 33, 33, 33, 33, 33, 33, 33, 33, 33, 33, 33, 33, 33, 33, 33, 33, 33, 33, 33, 33, 33, 33, 33, 33, 33, 33, 33, 33, 33, 33, 33, 33, 33, 33, 33, 33, 33, 33, 33, 33, 33, 33, 33, 33, 33, 33, 33, 33, 33, 33, 33, 33, 33, 33, 33, 33, 33, 33, 33, 33, 32, 32, 32, 32, 32, 32, 31, 30, 29, 29, 27, 27, 26, 26, 26, 23, 23, 23, 23, 22, 22, 22, 22, 21, 21, 21, 21, 21, 21, 21, 21, 20, 20, 20, 20, 20, 20, 20, 20, 20, 19, 19, 19, 19, 19, 19, 18, 18, 18, 18, 18, 18, 18, 18, 18, 18, 18, 18, 18, 18, 18, 18, 18, 17, 17, 17, 17, 16, 16, 16, 16, 16, 16, 16, 16, 16, 16, 16, 16, 16, 16, 16, 16, 16, 16, 16, 16, 16, 16, 16, 16, 16, 16, 16, 16, 16, 16, 16, 16, 16, 16, 16, 16, 16, 16, 16, 16, 16, 16, 16, 16, 16, 16, 16, 16, 16, 16, 16, 16, 16, 16, 16, 16, 16, 16, 16, 16, 16, 16, 16, 16, 16, 16, 16, 16, 16, 16, 16, 16, 16, 16, 16, 16, 16, 16, 16, 16, 16, 16, 16, 16, 16, 16, 16, 16, 16, 16, 16, 16, 16, 16, 16, 16, 16, 16, 16, 16, 16, 16, 16, 16, 16, 16, 16, 16, 16, 16, 16, 16, 16, 16, 16, 16, 16, 16, 16, 16, 16, 16, 16, 16, 16, 16, 16, 16, 16, 16, 16, 16, 16, 16, 16, 16, 16, 16, 16, 16, 16, 16, 16, 16, 16, 16, 16, 16, 16, 16, 16, 16, 16, 16, 16, 16, 16, 16, 16, 16, 16, 16, 16, 16, 16, 16, 16, 16, 16, 16, 16, 16, 16, 16, 16, 16, 16, 16, 16, 16, 16, 16, 16, 16, 16, 16, 16, 16, 16, 16, 16, 16, 16, 16, 16, 16, 16, 16, 16, 16, 16, 16, 16, 16, 16, 16, 16, 16, 16, 16, 16, 16, 16, 16, 16, 16, 16, 16, 16, 16, 16, 16, 16, 16, 16, 16, 16, 16, 16, 16, 16, 16, 16]",15.955665024630541,"[32.98522167487685, 32.98522167487685, 32.98522167487685, 32.97536945812808, 32.960591133004925, 32.96551724137931, 32.977832512315274, 32.96551724137931, 32.96551724137931, 32.953201970443345, 32.96551724137931, 32.960591133004925, 32.970443349753694, 32.98275862068965, 32.98029556650246, 32.97536945812808, 32.97536945812808, 32.97536945812808, 32.97536945812808, 32.977832512315274, 32.970443349753694, 32.967980295566505, 32.97536945812808, 32.98275862068965, 32.97536945812808, 32.967980295566505, 32.963054187192114, 32.97290640394088, 32.97290640394088, 32.97290640394088, 32.977832512315274, 32.970443349753694, 32.967980295566505, 32.970443349753694, 32.963054187192114, 32.95566502463054, 32.967980295566505, 32.967980295566505, 32.97536945812808, 32.98029556650246, 32.98768472906404, 32.977832512315274, 32.97290640394088, 32.963054187192114, 32.97290640394088, 32.97536945812808, 32.977832512315274, 32.967980295566505, 32.96551724137931, 32.97290640394088, 32.970443349753694, 32.967980295566505, 32.95812807881774, 32.98275862068965, 32.97290640394088, 32.970443349753694, 32.977832512315274, 32.98275862068965, 32.97290640394088, 32.977832512315274, 32.970443349753694, 32.96551724137931, 32.97290640394088, 32.967980295566505, 32.963054187192114, 32.960591133004925, 32.96551724137931, 32.96551724137931, 32.970443349753694, 32.963054187192114, 32.967980295566505, 32.960591133004925, 32.963054187192114, 32.963054187192114, 32.95812807881774, 32.960591133004925, 32.95812807881774, 32.967980295566505, 32.960591133004925, 32.95812807881774, 32.967980295566505, 32.967980295566505, 32.977832512315274, 32.970443349753694, 32.967980295566505, 32.960591133004925, 32.967980295566505, 32.960591133004925, 32.96551724137931, 32.97536945812808, 32.95812807881774, 32.963054187192114, 32.977832512315274, 32.96551724137931, 32.95812807881774, 32.95566502463054, 32.960591133004925, 32.95073891625616, 32.95812807881774, 32.96551724137931, 32.970443349753694, 32.970443349753694, 32.95566502463054, 32.97290640394088, 32.97290640394088, 32.960591133004925, 32.963054187192114, 32.94581280788177, 32.960591133004925, 32.960591133004925, 32.96551724137931, 32.967980295566505, 32.96551724137931, 32.95812807881774, 32.95073891625616, 32.943349753694584, 32.960591133004925, 32.96551724137931, 32.967980295566505, 32.960591133004925, 32.95320197044335, 32.960591133004925, 32.95812807881774, 32.967980295566505, 32.97536945812808, 32.96551724137931, 32.95812807881774, 32.97290640394088, 32.960591133004925, 32.95812807881774, 32.960591133004925, 32.967980295566505, 32.960591133004925, 32.96551724137931, 32.960591133004925, 32.95812807881774, 32.95812807881774, 32.963054187192114, 32.94827586206897, 32.94827586206897, 31.967980295566502, 31.972906403940886, 31.963054187192117, 31.97536945812808, 31.963054187192117, 31.963054187192117, 30.972906403940886, 29.97536945812808, 28.970443349753694, 28.972906403940886, 26.972906403940886, 26.96551724137931, 25.958128078817733, 25.950738916256157, 25.967980295566502, 22.958128078817733, 22.958128078817733, 22.967980295566502, 22.96551724137931, 21.967980295566502, 21.96551724137931, 21.960591133004925, 21.97783251231527, 20.972906403940886, 20.972906403940886, 20.970443349753694, 20.97536945812808, 20.972906403940886, 20.96551724137931, 20.96551724137931, 20.950738916256157, 19.96551724137931, 19.982758620689655, 19.970443349753694, 19.97783251231527, 19.958128078817733, 19.967980295566502, 19.963054187192117, 19.97536945812808, 19.970443349753694, 18.97536945812808, 18.980295566502463, 18.980295566502463, 18.985221674876847, 18.985221674876847, 18.982758620689655, 17.99014778325123, 17.985221674876847, 17.99014778325123, 17.985221674876847, 17.97536945812808, 17.985221674876847, 17.972906403940886, 17.99014778325123, 17.985221674876847, 17.97536945812808, 17.972906403940886, 17.97783251231527, 17.980295566502463, 17.980295566502463, 17.97783251231527, 17.97536945812808, 17.967980295566502, 16.985221674876847, 16.970443349753694, 16.967980295566502, 16.97536945812808, 15.967980295566502, 15.963054187192117, 15.980295566502463, 15.975369458128078, 15.970443349753694, 15.97783251231527, 15.972906403940886, 15.980295566502463, 15.97783251231527, 15.975369458128078, 15.970443349753694, 15.982758620689655, 15.98768472906404, 15.980295566502463, 15.975369458128078, 15.97783251231527, 15.985221674876847, 15.985221674876847, 15.98768472906404, 15.982758620689655, 15.97783251231527, 15.975369458128078, 15.975369458128078, 15.97783251231527, 15.972906403940886, 15.967980295566502, 15.960591133004925, 15.960591133004925, 15.960591133004925, 15.963054187192117, 15.960591133004925, 15.958128078817733, 15.963054187192117, 15.963054187192117, 15.970443349753694, 15.970443349753694, 15.96551724137931, 15.960591133004925, 15.958128078817733, 15.972906403940886, 15.96551724137931, 15.963054187192117, 15.967980295566502, 15.963054187192117, 15.950738916256157, 15.958128078817733, 15.967980295566502, 15.96551724137931, 15.975369458128078, 15.982758620689655, 15.980295566502463, 15.985221674876847, 15.982758620689655, 15.963054187192117, 15.970443349753694, 15.970443349753694, 15.970443349753694, 15.97783251231527, 15.972906403940886, 15.982758620689655, 15.980295566502463, 15.97783251231527, 15.97783251231527, 15.970443349753694, 15.963054187192117, 15.960591133004925, 15.96551724137931, 15.963054187192117, 15.960591133004925, 15.96551724137931, 15.980295566502463, 15.975369458128078, 15.980295566502463, 15.963054187192117, 15.967980295566502, 15.970443349753694, 15.963054187192117, 15.948275862068964, 15.948275862068964, 15.960591133004925, 15.960591133004925, 15.972906403940886, 15.975369458128078, 15.97783251231527, 15.960591133004925, 15.970443349753694, 15.96551724137931, 15.967980295566502, 15.96551724137931, 15.960591133004925, 15.963054187192117, 15.958128078817733, 15.963054187192117, 15.96551724137931, 15.975369458128078, 15.967980295566502, 15.967980295566502, 15.960591133004925, 15.967980295566502, 15.96551724137931, 15.972906403940886, 15.960591133004925, 15.963054187192117, 15.970443349753694, 15.97783251231527, 15.96551724137931, 15.97783251231527, 15.990147783251231, 15.985221674876847, 15.982758620689655, 15.985221674876847, 15.985221674876847, 15.985221674876847, 15.985221674876847, 15.980295566502463, 15.972906403940886, 15.975369458128078, 15.975369458128078, 15.980295566502463, 15.972906403940886, 15.975369458128078, 15.980295566502463, 15.982758620689655, 15.990147783251231, 15.990147783251231, 15.992610837438423, 15.985221674876847, 15.982758620689655, 15.985221674876847, 15.975369458128078, 15.967980295566502, 15.972906403940886, 15.98768472906404, 15.980295566502463, 15.97783251231527, 15.97783251231527, 15.982758620689655, 15.980295566502463, 15.982758620689655, 15.980295566502463, 15.975369458128078, 15.975369458128078, 15.97783251231527, 15.975369458128078, 15.97783251231527, 15.97783251231527, 15.97783251231527, 15.980295566502463, 15.982758620689655, 15.985221674876847, 15.985221674876847, 15.980295566502463, 15.975369458128078, 15.980295566502463, 15.970443349753694, 15.96551724137931, 15.970443349753694, 15.96551724137931, 15.97783251231527, 15.967980295566502, 15.972906403940886, 15.967980295566502, 15.975369458128078, 15.970443349753694, 15.960591133004925, 15.967980295566502, 15.970443349753694, 15.967980295566502, 15.96551724137931, 15.967980295566502, 15.972906403940886, 15.963054187192117, 15.967980295566502, 15.967980295566502, 15.96551724137931, 15.960591133004925, 15.960591133004925, 15.955665024630541, 15.955665024630541, 15.96551724137931, 15.967980295566502, 15.963054187192117, 15.96551724137931, 15.967980295566502, 15.970443349753694, 15.960591133004925, 15.958128078817733, 15.960591133004925, 15.960591133004925, 15.963054187192117, 15.955665024630541, 15.963054187192117, 15.958128078817733, 15.958128078817733, 15.960591133004925, 15.96551724137931, 15.970443349753694, 15.970443349753694, 15.980295566502463, 15.97783251231527, 15.972906403940886, 15.967980295566502, 15.972906403940886, 15.972906403940886, 15.97783251231527, 15.975369458128078, 15.972906403940886, 15.972906403940886, 15.970443349753694, 15.96551724137931, 15.970443349753694, 15.967980295566502, 15.963054187192117, 15.96551724137931, 15.972906403940886, 15.967980295566502, 15.972906403940886, 15.963054187192117, 15.967980295566502, 15.967980295566502, 15.970443349753694, 15.970443349753694, 15.972906403940886, 15.970443349753694, 15.96551724137931, 15.975369458128078, 15.967980295566502, 15.967980295566502, 15.972906403940886, 15.97783251231527, 15.963054187192117, 15.953201970443349, 15.955665024630541]",0.9071243983190085,0.9232136646442786,16,"[33, 33, 33, 33, 33, 33, 33, 33, 33, 33, 33, 33, 33, 33, 33, 33, 33, 33, 33, 33, 33, 33, 33, 33, 33, 33, 33, 33, 33, 33, 33, 33, 33, 33, 33, 33, 33, 33, 33, 33, 33, 33, 33, 33, 33, 33, 33, 33, 33, 33, 33, 33, 33, 33, 33, 33, 33, 33, 33, 33, 33, 33, 33, 33, 33, 33, 33, 33, 33, 33, 33, 33, 33, 33, 33, 33, 33, 33, 33, 33, 33, 33, 33, 33, 33, 33, 33, 33, 33, 33, 33, 33, 33, 33, 33, 33, 33, 33, 33, 33, 33, 33, 33, 33, 33, 33, 33, 33, 33, 33, 33, 33, 33, 33, 33, 33, 33, 33, 33, 33, 33, 33, 33, 33, 33, 33, 33, 33, 33, 33, 33, 33, 33, 33, 33, 33, 33, 33, 33, 33, 32, 32, 32, 32, 32, 32, 31, 30, 29, 29, 27, 27, 26, 26, 26, 23, 23, 23, 23, 22, 22, 22, 22, 21, 21, 21, 21, 21, 21, 21, 21, 20, 20, 20, 20, 20, 20, 20, 20, 20, 19, 19, 19, 19, 19, 19, 18, 18, 18, 18, 18, 18, 18, 18, 18, 18, 18, 18, 18, 18, 18, 18, 18, 17, 17, 17, 17, 16, 16, 16, 16, 16, 16, 16, 16, 16, 16, 16, 16, 16, 16, 16, 16, 16, 16, 16, 16, 16, 16, 16, 16, 16, 16, 16, 16, 16, 16, 16, 16, 16, 16, 16, 16, 16, 16, 16, 16, 16, 16, 16, 16, 16, 16, 16, 16, 16, 16, 16, 16, 16, 16, 16, 16, 16, 16, 16, 16, 16, 16, 16, 16, 16, 16, 16, 16, 16, 16, 16, 16, 16, 16, 16, 16, 16, 16, 16, 16, 16, 16, 16, 16, 16, 16, 16, 16, 16, 16, 16, 16, 16, 16, 16, 16, 16, 16, 16, 16, 16, 16, 16, 16, 16, 16, 16, 16, 16, 16, 16, 16, 16, 16, 16, 16, 16, 16, 16, 16, 16, 16, 16, 16, 16, 16, 16, 16, 16, 16, 16, 16, 16, 16, 16, 16, 16, 16, 16, 16, 16, 16, 16, 16, 16, 16, 16, 16, 16, 16, 16, 16, 16, 16, 16, 16, 16, 16, 16, 16, 16, 16, 16, 16, 16, 16, 16, 16, 16, 16, 16, 16, 16, 16, 16, 16, 16, 16, 16, 16, 16, 16, 16, 16, 16, 16, 16, 16, 16, 16, 16, 16, 16, 16, 16, 16, 16, 16, 16, 16, 16, 16, 16, 16, 16, 16, 16, 16, 16, 16, 16, 16, 16, 16, 16, 16, 16, 16, 16, 16, 16, 16, 16, 16, 16, 16, 16, 16, 16, 16, 16, 16, 16]",440,"[0.4551776945590973, 0.44811782240867615, 0.4430844485759735, 0.439519464969635, 0.4354560375213623, 0.4326522946357727, 0.4302026629447937, 0.4280018210411072, 0.4259830117225647, 0.42444777488708496, 0.4225807189941406, 0.4227301776409149, 0.41948002576828003, 0.41843223571777344, 0.41701656579971313, 0.41534140706062317, 0.4140044152736664, 0.4150979518890381, 0.4122568368911743, 0.4106769263744354, 0.40915459394454956, 0.4084400236606598, 0.40829792618751526, 0.4055619537830353, 0.40469467639923096, 0.4034116864204407, 0.4023534059524536, 0.4014425277709961, 0.40010809898376465, 0.3991830050945282, 0.3979884386062622, 0.3975285589694977, 0.3970799744129181, 0.39515411853790283, 0.39376622438430786, 0.39286985993385315, 0.3920842111110687, 0.39147353172302246, 0.39028728008270264, 0.38940420746803284, 0.38834255933761597, 0.38747090101242065, 0.38741493225097656, 0.3859081268310547, 0.3853560984134674, 0.38406258821487427, 0.3831194341182709, 0.38322722911834717, 0.381460040807724, 0.3806260824203491, 0.37973707914352417, 0.37859755754470825, 0.37869054079055786, 0.3771331012248993, 0.37748920917510986, 0.37618932127952576, 0.37464144825935364, 0.37413081526756287, 0.3735472559928894, 0.37237927317619324, 0.37141066789627075, 0.37061360478401184, 0.3708602786064148, 0.3708163797855377, 0.3685338497161865, 0.3679639399051666, 0.3671627938747406, 0.36654502153396606, 0.3653908669948578, 0.3649166226387024, 0.3638695478439331, 0.3630101680755615, 0.36236122250556946, 0.361515611410141, 0.3609715402126312, 0.3601839542388916, 0.35962140560150146, 0.35832279920578003, 0.35765841603279114, 0.3573692739009857, 0.3566725254058838, 0.355459064245224, 0.35489168763160706, 0.35391244292259216, 0.3530092239379883, 0.3521025478839874, 0.3513440191745758, 0.35069698095321655, 0.34984326362609863, 0.34893572330474854, 0.34848925471305847, 0.34743937849998474, 0.3466479182243347, 0.3458258807659149, 0.34490418434143066, 0.34391212463378906, 0.34301528334617615, 0.34186142683029175, 0.3413713872432709, 0.3404860198497772, 0.33943283557891846, 0.33859583735466003, 0.3377796411514282, 0.3368954062461853, 0.3361338675022125, 0.335342139005661, 0.33428868651390076, 0.3335106670856476, 0.3324057459831238, 0.33220818638801575, 0.33090588450431824, 0.33057311177253723, 0.32909470796585083, 0.32847991585731506, 0.32747676968574524, 0.327427476644516, 0.3258455693721771, 0.3249627649784088, 0.32481929659843445, 0.32335272431373596, 0.32255905866622925, 0.3218344449996948, 0.32094141840934753, 0.3200282156467438, 0.3197339177131653, 0.31868305802345276, 0.3180437982082367, 0.31742000579833984, 0.31653815507888794, 0.315974622964859, 0.31547173857688904, 0.3143152594566345, 0.3144533634185791, 0.3125656843185425, 0.312249094247818, 0.31124457716941833, 0.3100954294204712, 0.30961093306541443, 0.3092059791088104, 0.3087976276874542, 0.30799898505210876, 0.3073081374168396, 0.3067131042480469, 0.30639544129371643, 0.3060310482978821, 0.3047560751438141, 0.3034188151359558, 0.3021349012851715, 0.30114102363586426, 0.29987603425979614, 0.29861676692962646, 0.2973736524581909, 0.29621654748916626, 0.2956455945968628, 0.2951330244541168, 0.2926366925239563, 0.2919740080833435, 0.2915083169937134, 0.29120004177093506, 0.28872150182724, 0.2882388234138489, 0.28773781657218933, 0.28725865483283997, 0.2852964401245117, 0.2845284342765808, 0.2843796908855438, 0.2836778461933136, 0.28332531452178955, 0.2827092111110687, 0.28232625126838684, 0.28180181980133057, 0.27908438444137573, 0.27966219186782837, 0.2785860002040863, 0.2780405879020691, 0.27811259031295776, 0.2774435877799988, 0.27715468406677246, 0.2769277095794678, 0.2769591808319092, 0.2761169373989105, 0.276223361492157, 0.27573108673095703, 0.27596065402030945, 0.2759023904800415, 0.2751351594924927, 0.27504825592041016, 0.2755817472934723, 0.2747322916984558, 0.27444541454315186, 0.27424952387809753, 0.27399271726608276, 0.27360308170318604, 0.27375081181526184, 0.27347466349601746, 0.2726842164993286, 0.2727329134941101, 0.2721233069896698, 0.2722059488296509, 0.2716342508792877, 0.27127698063850403, 0.27111566066741943, 0.2708081007003784, 0.27212363481521606, 0.27177929878234863, 0.2716500163078308, 0.27143630385398865, 0.2691183388233185, 0.26893338561058044, 0.26816895604133606, 0.26802143454551697, 0.2677842080593109, 0.26761555671691895, 0.26763272285461426, 0.26744115352630615, 0.26679232716560364, 0.26618319749832153, 0.26592010259628296, 0.26613321900367737, 0.2661556005477905, 0.2652134299278259, 0.2650899887084961, 0.2648177146911621, 0.2644849717617035, 0.2646770179271698, 0.26454827189445496, 0.2638838291168213, 0.2637650668621063, 0.26357823610305786, 0.26296496391296387, 0.2630106806755066, 0.26277750730514526, 0.26226356625556946, 0.26211750507354736, 0.26221174001693726, 0.2626156806945801, 0.2620856761932373, 0.2609829902648926, 0.2608993947505951, 0.2606254518032074, 0.26042407751083374, 0.2602657079696655, 0.26024380326271057, 0.26061829924583435, 0.2596096098423004, 0.25934702157974243, 0.25902366638183594, 0.25849947333335876, 0.2584095597267151, 0.25811129808425903, 0.2587008774280548, 0.257892906665802, 0.25801172852516174, 0.2573769688606262, 0.25746697187423706, 0.2569384276866913, 0.25671619176864624, 0.25744855403900146, 0.25688666105270386, 0.25641894340515137, 0.2573080062866211, 0.25591084361076355, 0.2556036114692688, 0.25555598735809326, 0.255199134349823, 0.25508883595466614, 0.25497668981552124, 0.25480157136917114, 0.254642516374588, 0.25456705689430237, 0.25438985228538513, 0.25381746888160706, 0.2535196542739868, 0.2533358335494995, 0.25311532616615295, 0.25301072001457214, 0.2530522048473358, 0.25268101692199707, 0.2522865831851959, 0.25243687629699707, 0.2520546019077301, 0.25201016664505005, 0.25167757272720337, 0.25163668394088745, 0.2516450881958008, 0.2513193190097809, 0.2513382136821747, 0.2512896955013275, 0.25097569823265076, 0.25077804923057556, 0.2504643499851227, 0.25024348497390747, 0.2504088282585144, 0.24991479516029358, 0.24980585277080536, 0.2495143711566925, 0.24948012828826904, 0.2493368685245514, 0.25005418062210083, 0.24900782108306885, 0.24885974824428558, 0.25010672211647034, 0.24858276546001434, 0.24862825870513916, 0.24841326475143433, 0.2485043853521347, 0.24774646759033203, 0.24868030846118927, 0.24746175110340118, 0.24768057465553284, 0.24807208776474, 0.24708999693393707, 0.2472853809595108, 0.2467125654220581, 0.24708062410354614, 0.24645310640335083, 0.24642890691757202, 0.24649816751480103, 0.24597446620464325, 0.24636241793632507, 0.2463722974061966, 0.24555249512195587, 0.24581649899482727, 0.2466605007648468, 0.24536526203155518, 0.24491189420223236, 0.24516046047210693, 0.24478287994861603, 0.24456973373889923, 0.2445160150527954, 0.2443968802690506, 0.24416328966617584, 0.24383993446826935, 0.24462923407554626, 0.24405090510845184, 0.24412289261817932, 0.24377970397472382, 0.24373102188110352, 0.24360710382461548, 0.24361169338226318, 0.24361887574195862, 0.24357300996780396, 0.24304798245429993, 0.24469231069087982, 0.24315179884433746, 0.2424229234457016, 0.2427297979593277, 0.2431364208459854, 0.2427828162908554, 0.24245725572109222, 0.2427264004945755, 0.24236571788787842, 0.24198928475379944, 0.24185125529766083, 0.24216319620609283, 0.24148887395858765, 0.24207593500614166, 0.24127689003944397, 0.2422105073928833, 0.240997314453125, 0.24140623211860657, 0.24171561002731323, 0.2409089058637619, 0.24108882248401642, 0.2411123812198639, 0.24074894189834595, 0.2408030927181244, 0.24068225920200348, 0.24053646624088287, 0.2400890737771988, 0.2406659573316574, 0.2401573807001114, 0.24004438519477844, 0.23991018533706665, 0.24006396532058716, 0.24014116823673248, 0.24055802822113037, 0.23937614262104034, 0.23942062258720398, 0.23897384107112885, 0.23921848833560944, 0.23990441858768463, 0.23892121016979218, 0.2390655279159546, 0.2393668293952942, 0.2390647530555725, 0.23864060640335083, 0.23934322595596313, 0.23809616267681122, 0.23845425248146057, 0.23827271163463593, 0.23855550587177277, 0.23868554830551147, 0.23796512186527252, 0.2384951412677765, 0.23782843351364136, 0.23808452486991882, 0.23773828148841858, 0.23851753771305084, 0.23778024315834045, 0.23784908652305603, 0.23808439075946808, 0.23750537633895874, 0.2375624030828476, 0.23754826188087463, 0.2367580085992813, 0.23663969337940216, 0.2367117702960968, 0.23674295842647552, 0.23776274919509888, 0.23662404716014862, 0.23712687194347382, 0.23663631081581116, 0.23763002455234528, 0.23626717925071716, 0.23694540560245514, 0.23701250553131104, 0.23628105223178864, 0.2361503541469574, 0.23603904247283936, 0.23628655076026917, 0.23627498745918274, 0.23608747124671936, 0.23718753457069397, 0.23598314821720123, 0.23535381257534027, 0.23621103167533875, 0.23537606000900269, 0.23537872731685638, 0.23525676131248474, 0.23566584289073944, 0.23561593890190125, 0.23460990190505981, 0.2350903004407882