,number,value,datetime_start,datetime_complete,duration,params_batch_size_scaler,params_constant_learning_rate,params_depth,params_epochs,params_kernel_l2,params_num_trees,params_temperature,user_attrs_accuracy_test,user_attrs_accuracy_valid,user_attrs_approximate_feature_sparsity,user_attrs_approximate_feature_sparsity_history,user_attrs_approximate_weight_sparsity,user_attrs_approximate_weight_sparsity_history,user_attrs_auc_test,user_attrs_auc_valid,user_attrs_feature_sparsity,user_attrs_feature_sparsity_history,user_attrs_num_epochs,user_attrs_val_loss_history,user_attrs_weight_sparsity,user_attrs_weight_sparsity_history,state
86,86,0.6844173075189035,2024-08-31 04:05:42.799183,2024-08-31 04:06:25.168768,0 days 00:00:42.369585,16,0.04950411756257724,6,20,0.03693984986302496,63,0.0021322269372149806,0.859,0.85875,33,"[33, 33, 33, 33, 33, 33, 33, 33, 33, 33, 33, 33, 33, 33, 33, 33, 33, 33, 33, 33]",32.91887125220459,"[32.91383219954648, 32.91433610481229, 32.91609977324263, 32.9143361048123, 32.91358024691358, 32.91584782060973, 32.91559586797682, 32.92013101536911, 32.92164273116654, 32.9196271101033, 32.91836734693877, 32.91584782060973, 32.916351725875536, 32.91559586797682, 32.916603678508444, 32.91358024691358, 32.9143361048123, 32.9145880574452, 32.917359536407155, 32.91887125220459]",0.7230905142876014,0.6844173075189035,33,"[33, 33, 33, 33, 33, 33, 33, 33, 33, 33, 33, 33, 33, 33, 33, 33, 33, 33, 33, 33]",20,"[0.48279520869255066, 0.45081332325935364, 0.43254002928733826, 0.4215099811553955, 0.4144020974636078, 0.4095197916030884, 0.40635085105895996, 0.4040255844593048, 0.40220698714256287, 0.40065810084342957, 0.3994823098182678, 0.39842933416366577, 0.39756789803504944, 0.39679843187332153, 0.39604541659355164, 0.395359069108963, 0.3946879208087921, 0.39406588673591614, 0.39347076416015625, 0.39291912317276]",33.0,"[33.0, 33.0, 33.0, 33.0, 33.0, 33.0, 33.0, 33.0, 33.0, 33.0, 33.0, 33.0, 33.0, 33.0, 33.0, 33.0, 33.0, 33.0, 33.0, 33.0]",COMPLETE
87,87,0.9441202612358465,2024-08-31 04:06:29.006680,2024-08-31 04:09:26.627025,0 days 00:02:57.620345,1,0.24071715172499727,4,130,0.08843471363557721,49,0.014299777312866899,0.959,0.955,23,"[33, 33, 33, 33, 33, 33, 33, 33, 33, 33, 32, 32, 29, 29, 28, 26, 26, 26, 26, 26, 26, 26, 26, 25, 25, 24, 24, 24, 23, 23, 23, 23, 23, 23, 23, 23, 23, 23, 23, 23, 23, 23, 23, 23, 23, 23, 23, 23, 23, 23, 23, 23, 23, 23, 23, 23, 23, 23, 23, 23, 23, 23, 23, 23, 23, 23, 23, 23, 23, 23, 23, 23, 23, 23, 23, 23, 23, 23, 23, 23, 23, 23, 23, 23, 23, 23, 23, 23, 23, 23, 23, 23, 23, 23, 23, 23, 23, 23, 23, 23, 23, 23, 23, 23, 23, 23, 23, 23, 23, 23, 23, 23, 23, 23, 23, 23, 23, 23, 23, 23, 23, 23, 23, 23, 23, 23, 23, 23, 23, 23]",22.938775510204085,"[32.95918367346939, 32.95102040816327, 32.95102040816327, 32.96190476190476, 32.9687074829932, 32.95510204081633, 32.94829931972789, 32.96054421768707, 32.95374149659864, 32.94829931972789, 31.965986394557824, 31.963265306122448, 28.9469387755102, 28.955102040816328, 27.967346938775513, 25.971428571428575, 25.965986394557827, 25.95918367346939, 25.965986394557824, 25.974149659863947, 25.971428571428575, 25.970068027210885, 25.9687074829932, 24.97278911564626, 24.94965986394558, 23.975510204081633, 23.951020408163266, 23.965986394557824, 22.9687074829932, 22.96734693877551, 22.965986394557827, 22.96734693877551, 22.96734693877551, 22.9687074829932, 22.95918367346939, 22.971428571428575, 22.96734693877551, 22.9687074829932, 22.97278911564626, 22.979591836734695, 22.97823129251701, 22.96326530612245, 22.964625850340134, 22.957823129251704, 22.96734693877551, 22.95374149659864, 22.96190476190476, 22.970068027210885, 22.956462585034014, 22.963265306122448, 22.964625850340134, 22.956462585034014, 22.964625850340138, 22.961904761904766, 22.961904761904766, 22.961904761904766, 22.961904761904766, 22.953741496598642, 22.95918367346939, 22.952380952380953, 22.945578231292515, 22.960544217687076, 22.960544217687076, 22.957823129251697, 22.964625850340134, 22.960544217687076, 22.972789115646258, 22.956462585034014, 22.951020408163266, 22.964625850340138, 22.95374149659864, 22.955102040816325, 22.961904761904762, 22.964625850340138, 22.959183673469386, 22.96598639455782, 22.946938775510205, 22.95374149659864, 22.9578231292517, 22.955102040816325, 22.95374149659864, 22.956462585034014, 22.955102040816328, 22.94557823129252, 22.942857142857143, 22.949659863945577, 22.956462585034014, 22.949659863945577, 22.93605442176871, 22.949659863945577, 22.951020408163266, 22.942857142857143, 22.94557823129252, 22.949659863945577, 22.94557823129252, 22.945578231292515, 22.94829931972789, 22.949659863945577, 22.94421768707483, 22.952380952380953, 22.953741496598642, 22.9469387755102, 22.946938775510205, 22.94421768707483, 22.945578231292515, 22.951020408163263, 22.93469387755102, 22.94013605442177, 22.921088435374152, 22.941496598639457, 22.94829931972789, 22.94013605442177, 22.93741496598639, 22.92517006802721, 22.94829931972789, 22.946938775510205, 22.937414965986395, 22.93741496598639, 22.937414965986395, 22.94557823129252, 22.95374149659864, 22.940136054421767, 22.9469387755102, 22.940136054421767, 22.93469387755102, 22.92108843537415, 22.9265306122449, 22.937414965986395, 22.941496598639457, 22.938775510204085]",0.9254947613504074,0.9441202612358465,23,"[33, 33, 33, 33, 33, 33, 33, 33, 33, 33, 32, 32, 29, 29, 28, 26, 26, 26, 26, 26, 26, 26, 26, 25, 25, 24, 24, 24, 23, 23, 23, 23, 23, 23, 23, 23, 23, 23, 23, 23, 23, 23, 23, 23, 23, 23, 23, 23, 23, 23, 23, 23, 23, 23, 23, 23, 23, 23, 23, 23, 23, 23, 23, 23, 23, 23, 23, 23, 23, 23, 23, 23, 23, 23, 23, 23, 23, 23, 23, 23, 23, 23, 23, 23, 23, 23, 23, 23, 23, 23, 23, 23, 23, 23, 23, 23, 23, 23, 23, 23, 23, 23, 23, 23, 23, 23, 23, 23, 23, 23, 23, 23, 23, 23, 23, 23, 23, 23, 23, 23, 23, 23, 23, 23, 23, 23, 23, 23, 23, 23]",130,"[0.3648877739906311, 0.3472402095794678, 0.3335586190223694, 0.3128426969051361, 0.29396864771842957, 0.2881697714328766, 0.27154311537742615, 0.27473801374435425, 0.25074830651283264, 0.24821247160434723, 0.23372679948806763, 0.22792841494083405, 0.22861914336681366, 0.22370433807373047, 0.2235199511051178, 0.2206193506717682, 0.21731282770633698, 0.2129257768392563, 0.2046917974948883, 0.21570084989070892, 0.21160070598125458, 0.20701590180397034, 0.21610020101070404, 0.2039041519165039, 0.1938970685005188, 0.19632232189178467, 0.1938486546278, 0.19433046877384186, 0.19482538104057312, 0.1958666294813156, 0.18609076738357544, 0.18858402967453003, 0.19151565432548523, 0.18517281115055084, 0.1915268450975418, 0.1881018429994583, 0.1917310357093811, 0.1756569743156433, 0.18256951868534088, 0.17932122945785522, 0.1838396042585373, 0.18294879794120789, 0.18606144189834595, 0.1838647723197937, 0.17399710416793823, 0.17411738634109497, 0.1754741072654724, 0.17577895522117615, 0.18413761258125305, 0.17263174057006836, 0.16854053735733032, 0.17457892000675201, 0.17870257794857025, 0.16982699930667877, 0.18431371450424194, 0.16949495673179626, 0.16634564101696014, 0.1691320538520813, 0.17131415009498596, 0.16686072945594788, 0.16914592683315277, 0.16540704667568207, 0.1683523803949356, 0.163777157664299, 0.18225082755088806, 0.16216985881328583, 0.16471542418003082, 0.1629878580570221, 0.17539168894290924, 0.1787123829126358, 0.16684472560882568, 0.165671706199646, 0.1742321401834488, 0.165423184633255, 0.1669187992811203, 0.1678141951560974, 0.16687427461147308, 0.16844338178634644, 0.17129231989383698, 0.1737821400165558, 0.1666172742843628, 0.16983945667743683, 0.16013166308403015, 0.1727694571018219, 0.16639606654644012, 0.1645631343126297, 0.1645996868610382, 0.1663437783718109, 0.17112712562084198, 0.19018390774726868, 0.16840432584285736, 0.16156280040740967, 0.16603346168994904, 0.17616280913352966, 0.1689235121011734, 0.16595281660556793, 0.1653398871421814, 0.164983868598938, 0.16346979141235352, 0.16100163757801056, 0.17679569125175476, 0.17252062261104584, 0.1713251918554306, 0.17392799258232117, 0.16840654611587524, 0.17057563364505768, 0.1676991879940033, 0.1706644594669342, 0.17659038305282593, 0.1872963309288025, 0.1718829721212387, 0.17510981857776642, 0.1689601093530655, 0.1826355755329132, 0.17038622498512268, 0.19264239072799683, 0.16743101179599762, 0.17510336637496948, 0.1783134788274765, 0.1753913164138794, 0.1733156442642212, 0.1691422015428543, 0.1833120584487915, 0.1794561743736267, 0.17809846997261047, 0.17361196875572205, 0.18392376601696014, 0.17668022215366364, 0.1838361620903015, 0.17500127851963043]",23.0,"[33.0, 33.0, 33.0, 33.0, 33.0, 33.0, 33.0, 33.0, 33.0, 33.0, 32.0, 32.0, 29.0, 29.0, 28.0, 26.0, 26.0, 26.0, 26.0, 26.0, 26.0, 26.0, 26.0, 25.0, 25.0, 24.0, 24.0, 24.0, 23.0, 23.0, 23.0, 23.0, 23.0, 23.0, 23.0, 23.0, 23.0, 23.0, 23.0, 23.0, 23.0, 23.0, 23.0, 23.0, 23.0, 23.0, 23.0, 23.0, 23.0, 23.0, 23.0, 23.0, 23.0, 23.0, 23.0, 23.0, 23.0, 23.0, 23.0, 23.0, 23.0, 23.0, 23.0, 23.0, 23.0, 23.0, 23.0, 23.0, 23.0, 23.0, 23.0, 23.0, 23.0, 23.0, 23.0, 23.0, 23.0, 23.0, 23.0, 23.0, 23.0, 23.0, 23.0, 23.0, 23.0, 23.0, 23.0, 23.0, 23.0, 23.0, 23.0, 23.0, 23.0, 23.0, 23.0, 23.0, 23.0, 23.0, 23.0, 23.0, 23.0, 23.0, 23.0, 23.0, 23.0, 23.0, 23.0, 23.0, 23.0, 23.0, 23.0, 23.0, 23.0, 23.0, 23.0, 23.0, 23.0, 23.0, 23.0, 23.0, 23.0, 23.0, 23.0, 23.0, 23.0, 23.0, 23.0, 23.0, 23.0, 23.0]",COMPLETE
