,number,value,datetime_start,datetime_complete,duration,params_batch_size_scaler,params_constant_learning_rate,params_depth,params_epochs,params_kernel_l2,params_num_trees,params_temperature,user_attrs_accuracy_test,user_attrs_accuracy_valid,user_attrs_approximate_feature_sparsity,user_attrs_approximate_feature_sparsity_history,user_attrs_approximate_weight_sparsity,user_attrs_approximate_weight_sparsity_history,user_attrs_auc_test,user_attrs_auc_valid,user_attrs_feature_sparsity,user_attrs_feature_sparsity_history,user_attrs_num_epochs,user_attrs_val_loss_history,user_attrs_weight_sparsity,user_attrs_weight_sparsity_history,state
113,113,0.9375442799912406,2024-08-31 05:07:33.206147,2024-08-31 05:08:19.131380,0 days 00:00:45.925233,64,4.8596772727671596,3,500,0.014207517637869916,95,0.000586181728229498,0.951,0.95625,20,"[33, 33, 33, 33, 33, 33, 33, 33, 33, 33, 33, 33, 33, 33, 33, 33, 33, 33, 33, 33, 33, 33, 33, 33, 33, 32, 31, 30, 30, 30, 30, 29, 28, 26, 26, 25, 25, 25, 24, 24, 24, 24, 24, 23, 23, 23, 23, 23, 23, 23, 23, 23, 23, 22, 22, 22, 22, 22, 22, 22, 22, 22, 22, 22, 22, 22, 22, 22, 22, 22, 22, 22, 22, 22, 22, 22, 22, 22, 22, 22, 22, 21, 21, 21, 21, 21, 21, 21, 21, 21, 21, 21, 21, 21, 21, 21, 21, 21, 21, 21, 21, 21, 21, 21, 21, 21, 21, 21, 21, 21, 21, 21, 21, 21, 21, 21, 21, 21, 21, 21, 21, 21, 21, 21, 21, 21, 21, 21, 21, 21, 21, 21, 21, 21, 21, 21, 21, 21, 21, 21, 21, 21, 21, 21, 21, 21, 21, 21, 21, 21, 21, 21, 21, 21, 21, 21, 21, 21, 21, 21, 21, 21, 21, 21, 21, 21, 21, 21, 21, 21, 21, 21, 21, 21, 21, 21, 21, 21, 21, 21, 21, 21, 21, 21, 21, 21, 21, 21, 21, 21, 21, 21, 21, 21, 21, 21, 21, 21, 21, 21, 21, 21, 21, 21, 21, 21, 21, 21, 21, 21, 21, 21, 21, 21, 21, 21, 21, 21, 21, 21, 21, 21, 21, 21, 21, 21, 21, 21, 21, 21, 21, 21, 21, 21, 21, 21, 21, 21, 21, 21, 21, 21, 21, 21, 21, 21, 21, 21, 21, 21, 21, 21, 21, 21, 21, 21, 21, 21, 21, 21, 21, 21, 21, 21, 21, 21, 21, 21, 21, 21, 21, 21, 21, 21, 21, 21, 21, 21, 21, 21, 21, 21, 21, 21, 21, 21, 21, 21, 21, 21, 21, 21, 21, 21, 21, 21, 21, 21, 21, 21, 21, 21, 21, 21, 21, 21, 21, 21, 21, 21, 21, 21, 21, 21, 21, 21, 21, 21, 21, 21, 21, 21, 21, 21, 21, 21, 21, 21, 21, 21, 21, 21, 21, 21, 21, 21, 21, 21, 21, 21, 21, 21, 21, 21, 21, 21, 21, 21, 21, 21, 21, 21, 21, 21, 21, 21, 21, 21, 21, 21, 21, 21, 21, 21, 21, 21, 21, 21, 21, 21, 21, 21, 21, 21, 21, 21, 21, 21, 21, 21, 21, 21, 21, 21, 21, 21, 21, 21, 21, 21, 21, 21, 21, 21, 21, 21, 21, 21, 21, 21, 21, 21, 21, 21, 21, 21, 21, 21, 21, 21, 21, 21, 21, 21, 21, 21, 21, 21, 21, 21, 21, 21, 21, 21, 21, 21, 21, 21, 21, 21, 21, 21, 21, 21, 21, 21, 21, 21, 21, 21, 21, 21, 21, 21, 21, 21, 21, 21, 21, 21, 21, 21, 21, 21, 21, 21, 21, 21, 21, 21, 21, 21, 21, 21, 21, 21, 21, 21, 21, 21, 21, 21, 21, 21, 21, 20, 20, 20, 20, 20, 20, 20, 20, 20, 20, 20, 20, 20, 20, 20, 20, 20, 20, 20, 20, 20, 20, 20, 20, 20]",19.993984962406017,"[32.96390977443609, 32.9609022556391, 32.96992481203008, 32.97894736842105, 32.968421052631584, 32.95639097744361, 32.97593984962406, 32.96992481203007, 32.98045112781955, 32.974436090225566, 32.97744360902256, 32.96691729323308, 32.95639097744361, 32.962406015037594, 32.96691729323309, 32.97293233082707, 32.96992481203007, 32.971428571428575, 32.9609022556391, 32.97593984962406, 32.971428571428575, 32.96992481203007, 32.97744360902256, 32.971428571428575, 32.971428571428575, 31.96390977443609, 30.971428571428575, 29.981954887218045, 29.978947368421053, 29.974436090225566, 29.971428571428575, 28.975939849624062, 27.98045112781955, 25.97293233082707, 25.98496240601504, 24.98496240601504, 24.978947368421053, 24.969924812030076, 23.977443609022558, 23.98045112781955, 23.98045112781955, 23.986466165413535, 23.98947368421053, 22.97293233082707, 22.98045112781955, 22.986466165413535, 22.974436090225566, 22.98045112781955, 22.98045112781955, 22.977443609022558, 22.981954887218045, 22.98045112781955, 22.978947368421053, 21.98045112781955, 21.984962406015036, 21.98796992481203, 21.981954887218045, 21.98045112781955, 21.983458646616544, 21.981954887218045, 21.98345864661654, 21.975939849624062, 21.98496240601504, 21.989473684210527, 21.98496240601504, 21.981954887218045, 21.98195488721805, 21.978947368421053, 21.975939849624062, 21.974436090225566, 21.98796992481203, 21.98345864661654, 21.98496240601504, 21.989473684210527, 21.977443609022558, 21.987969924812028, 21.992481203007518, 21.984962406015036, 21.981954887218045, 21.987969924812035, 21.977443609022558, 20.98345864661654, 20.981954887218045, 20.989473684210527, 20.993984962406017, 20.984962406015036, 20.990977443609022, 20.981954887218045, 20.981954887218045, 20.98045112781955, 20.98345864661654, 20.98496240601504, 20.98796992481203, 20.986466165413532, 20.981954887218045, 20.989473684210527, 20.990977443609026, 20.986466165413535, 20.987969924812028, 20.98796992481203, 20.978947368421053, 20.984962406015036, 20.98496240601504, 20.984962406015036, 20.978947368421053, 20.981954887218045, 20.98345864661654, 20.981954887218045, 20.989473684210527, 20.98345864661654, 20.98345864661654, 20.98345864661654, 20.987969924812035, 20.986466165413535, 20.990977443609026, 20.98496240601504, 20.98045112781955, 20.981954887218045, 20.990977443609022, 20.98796992481203, 20.989473684210527, 20.981954887218045, 20.989473684210527, 20.98796992481203, 20.99248120300752, 20.986466165413532, 20.986466165413532, 20.989473684210527, 20.990977443609022, 20.986466165413535, 20.987969924812028, 20.981954887218045, 20.993984962406017, 20.98496240601504, 20.986466165413535, 20.99248120300752, 20.984962406015036, 20.986466165413532, 20.983458646616544, 20.984962406015036, 20.981954887218045, 20.983458646616544, 20.981954887218045, 20.978947368421053, 20.986466165413535, 20.984962406015036, 20.984962406015036, 20.975939849624062, 20.98045112781955, 20.986466165413535, 20.98496240601504, 20.978947368421053, 20.97293233082707, 20.989473684210527, 20.98947368421053, 20.99248120300752, 20.990977443609022, 20.986466165413532, 20.987969924812028, 20.98345864661654, 20.98796992481203, 20.98496240601504, 20.989473684210527, 20.981954887218045, 20.99248120300752, 20.986466165413535, 20.986466165413535, 20.986466165413535, 20.986466165413535, 20.98496240601504, 20.98345864661654, 20.989473684210527, 20.984962406015036, 20.98796992481203, 20.98796992481203, 20.98796992481203, 20.98796992481203, 20.977443609022558, 20.984962406015036, 20.986466165413532, 20.986466165413532, 20.99248120300752, 20.986466165413535, 20.98195488721805, 20.975939849624062, 20.975939849624062, 20.977443609022558, 20.983458646616544, 20.978947368421053, 20.990977443609022, 20.989473684210527, 20.986466165413535, 20.977443609022558, 20.981954887218045, 20.983458646616544, 20.977443609022558, 20.98195488721805, 20.98195488721805, 20.977443609022558, 20.975939849624062, 20.986466165413535, 20.977443609022558, 20.986466165413535, 20.983458646616544, 20.981954887218045, 20.983458646616544, 20.986466165413535, 20.986466165413535, 20.983458646616544, 20.98345864661654, 20.98045112781955, 20.974436090225566, 20.977443609022558, 20.974436090225566, 20.974436090225566, 20.98045112781955, 20.974436090225566, 20.983458646616544, 20.978947368421053, 20.98496240601504, 20.981954887218045, 20.989473684210527, 20.981954887218045, 20.975939849624062, 20.984962406015036, 20.989473684210527, 20.986466165413535, 20.981954887218045, 20.977443609022558, 20.98796992481203, 20.981954887218045, 20.983458646616544, 20.978947368421053, 20.978947368421053, 20.984962406015036, 20.98345864661654, 20.97142857142857, 20.978947368421053, 20.978947368421053, 20.981954887218045, 20.974436090225566, 20.977443609022558, 20.98496240601504, 20.983458646616544, 20.98045112781955, 20.981954887218045, 20.98345864661654, 20.978947368421053, 20.984962406015036, 20.98496240601504, 20.981954887218045, 20.987969924812035, 20.974436090225566, 20.984962406015036, 20.986466165413532, 20.981954887218045, 20.984962406015036, 20.977443609022558, 20.977443609022558, 20.977443609022558, 20.981954887218045, 20.978947368421053, 20.978947368421053, 20.98496240601504, 20.990977443609026, 20.98195488721805, 20.969924812030076, 20.974436090225566, 20.977443609022558, 20.975939849624062, 20.984962406015036, 20.972932330827067, 20.986466165413535, 20.977443609022558, 20.986466165413535, 20.981954887218045, 20.978947368421053, 20.98496240601504, 20.986466165413535, 20.98195488721805, 20.981954887218045, 20.974436090225566, 20.984962406015036, 20.98045112781955, 20.98045112781955, 20.986466165413535, 20.983458646616544, 20.986466165413535, 20.990977443609026, 20.989473684210527, 20.977443609022558, 20.983458646616544, 20.98496240601504, 20.981954887218045, 20.986466165413535, 20.98496240601504, 20.983458646616544, 20.986466165413535, 20.989473684210527, 20.987969924812028, 20.98796992481203, 20.98345864661654, 20.986466165413535, 20.981954887218045, 20.989473684210527, 20.984962406015036, 20.977443609022558, 20.98496240601504, 20.990977443609026, 20.989473684210527, 20.98796992481203, 20.989473684210527, 20.98345864661654, 20.990977443609022, 20.98496240601504, 20.98496240601504, 20.989473684210527, 20.98796992481203, 20.986466165413532, 20.986466165413535, 20.989473684210527, 20.983458646616544, 20.989473684210527, 20.981954887218045, 20.983458646616544, 20.98796992481203, 20.981954887218045, 20.98796992481203, 20.98345864661654, 20.98496240601504, 20.978947368421053, 20.974436090225566, 20.984962406015036, 20.98045112781955, 20.98045112781955, 20.981954887218045, 20.98045112781955, 20.978947368421053, 20.98045112781955, 20.98345864661654, 20.98345864661654, 20.975939849624062, 20.974436090225563, 20.98045112781955, 20.97142857142857, 20.98045112781955, 20.975939849624062, 20.98045112781955, 20.974436090225566, 20.975939849624062, 20.96691729323308, 20.974436090225566, 20.978947368421053, 20.972932330827067, 20.98045112781955, 20.97293233082707, 20.978947368421053, 20.989473684210527, 20.99248120300752, 20.989473684210527, 20.984962406015036, 20.986466165413535, 20.98345864661654, 20.98496240601504, 20.989473684210527, 20.986466165413535, 20.98496240601504, 20.978947368421053, 20.981954887218045, 20.981954887218045, 20.98045112781955, 20.98045112781955, 20.983458646616544, 20.978947368421053, 20.98045112781955, 20.981954887218045, 20.98345864661654, 20.98045112781955, 20.98345864661654, 20.984962406015036, 20.984962406015036, 20.975939849624062, 20.98045112781955, 20.98045112781955, 20.971428571428575, 20.97293233082707, 20.971428571428575, 20.977443609022558, 20.981954887218045, 20.98045112781955, 20.974436090225566, 20.978947368421053, 20.98045112781955, 20.981954887218045, 20.981954887218045, 20.983458646616544, 20.978947368421053, 20.975939849624062, 20.978947368421053, 20.981954887218045, 20.986466165413535, 20.98045112781955, 20.98796992481203, 20.986466165413535, 20.98345864661654, 20.989473684210527, 20.98345864661654, 20.98796992481203, 20.98045112781955, 20.984962406015036, 20.98345864661654, 20.981954887218045, 20.98345864661654, 20.978947368421053, 20.984962406015036, 20.98045112781955, 20.98345864661654, 20.96992481203008, 20.984962406015036, 20.981954887218045, 20.98496240601504, 20.975939849624062, 20.974436090225563, 20.969924812030076, 20.98345864661654, 20.981954887218045, 20.974436090225566, 20.981954887218045, 20.986466165413535, 20.98345864661654, 20.97293233082707, 20.98796992481203, 20.98796992481203, 20.984962406015036, 20.984962406015036, 20.98345864661654, 20.981954887218045, 20.977443609022558, 20.981954887218045, 20.98345864661654, 20.981954887218045, 20.984962406015036, 20.978947368421053, 20.98796992481203, 20.98796992481203, 20.992481203007518, 20.98796992481203, 20.98496240601504, 20.98045112781955, 20.989473684210527, 20.984962406015036, 20.984962406015036, 20.981954887218045, 20.984962406015036, 20.986466165413532, 20.984962406015036, 20.989473684210527, 20.98345864661654, 20.986466165413532, 20.98496240601504, 20.987969924812028, 20.984962406015036, 20.98345864661654, 20.984962406015036, 20.989473684210527, 20.98796992481203, 20.990977443609022, 20.984962406015036, 20.98796992481203, 20.98496240601504, 20.98045112781955, 20.974436090225563, 20.978947368421053, 20.98195488721805, 20.986466165413535, 19.975939849624062, 19.984962406015036, 19.984962406015036, 19.98496240601504, 19.990977443609026, 19.986466165413535, 19.98045112781955, 19.98345864661654, 19.98496240601504, 19.990977443609026, 19.981954887218045, 19.984962406015036, 19.98496240601504, 19.995488721804513, 19.98796992481203, 19.98345864661654, 19.98345864661654, 19.984962406015036, 19.98045112781955, 19.98345864661654, 19.986466165413535, 19.98345864661654, 19.977443609022558, 19.978947368421053, 19.993984962406017]",0.9364220312254888,0.9375442799912406,20,"[33, 33, 33, 33, 33, 33, 33, 33, 33, 33, 33, 33, 33, 33, 33, 33, 33, 33, 33, 33, 33, 33, 33, 33, 33, 32, 31, 30, 30, 30, 30, 29, 28, 26, 26, 25, 25, 25, 24, 24, 24, 24, 24, 23, 23, 23, 23, 23, 23, 23, 23, 23, 23, 22, 22, 22, 22, 22, 22, 22, 22, 22, 22, 22, 22, 22, 22, 22, 22, 22, 22, 22, 22, 22, 22, 22, 22, 22, 22, 22, 22, 21, 21, 21, 21, 21, 21, 21, 21, 21, 21, 21, 21, 21, 21, 21, 21, 21, 21, 21, 21, 21, 21, 21, 21, 21, 21, 21, 21, 21, 21, 21, 21, 21, 21, 21, 21, 21, 21, 21, 21, 21, 21, 21, 21, 21, 21, 21, 21, 21, 21, 21, 21, 21, 21, 21, 21, 21, 21, 21, 21, 21, 21, 21, 21, 21, 21, 21, 21, 21, 21, 21, 21, 21, 21, 21, 21, 21, 21, 21, 21, 21, 21, 21, 21, 21, 21, 21, 21, 21, 21, 21, 21, 21, 21, 21, 21, 21, 21, 21, 21, 21, 21, 21, 21, 21, 21, 21, 21, 21, 21, 21, 21, 21, 21, 21, 21, 21, 21, 21, 21, 21, 21, 21, 21, 21, 21, 21, 21, 21, 21, 21, 21, 21, 21, 21, 21, 21, 21, 21, 21, 21, 21, 21, 21, 21, 21, 21, 21, 21, 21, 21, 21, 21, 21, 21, 21, 21, 21, 21, 21, 21, 21, 21, 21, 21, 21, 21, 21, 21, 21, 21, 21, 21, 21, 21, 21, 21, 21, 21, 21, 21, 21, 21, 21, 21, 21, 21, 21, 21, 21, 21, 21, 21, 21, 21, 21, 21, 21, 21, 21, 21, 21, 21, 21, 21, 21, 21, 21, 21, 21, 21, 21, 21, 21, 21, 21, 21, 21, 21, 21, 21, 21, 21, 21, 21, 21, 21, 21, 21, 21, 21, 21, 21, 21, 21, 21, 21, 21, 21, 21, 21, 21, 21, 21, 21, 21, 21, 21, 21, 21, 21, 21, 21, 21, 21, 21, 21, 21, 21, 21, 21, 21, 21, 21, 21, 21, 21, 21, 21, 21, 21, 21, 21, 21, 21, 21, 21, 21, 21, 21, 21, 21, 21, 21, 21, 21, 21, 21, 21, 21, 21, 21, 21, 21, 21, 21, 21, 21, 21, 21, 21, 21, 21, 21, 21, 21, 21, 21, 21, 21, 21, 21, 21, 21, 21, 21, 21, 21, 21, 21, 21, 21, 21, 21, 21, 21, 21, 21, 21, 21, 21, 21, 21, 21, 21, 21, 21, 21, 21, 21, 21, 21, 21, 21, 21, 21, 21, 21, 21, 21, 21, 21, 21, 21, 21, 21, 21, 21, 21, 21, 21, 21, 21, 21, 21, 21, 21, 21, 21, 21, 21, 21, 21, 21, 21, 21, 21, 21, 21, 21, 21, 21, 21, 21, 21, 21, 21, 21, 21, 21, 21, 21, 21, 21, 20, 20, 20, 20, 20, 20, 20, 20, 20, 20, 20, 20, 20, 20, 20, 20, 20, 20, 20, 20, 20, 20, 20, 20, 20]",500,"[13.10345458984375, 3.1598081588745117, 11.033557891845703, 1.4456541538238525, 1.052548885345459, 6.479689121246338, 0.8455073833465576, 3.3065905570983887, 8.083884239196777, 1.7294373512268066, 1.6905319690704346, 0.7721537947654724, 3.462394952774048, 0.7491326928138733, 11.229290008544922, 2.8315956592559814, 1.7644660472869873, 5.249349594116211, 2.5379815101623535, 3.659313440322876, 0.41857069730758667, 3.601222038269043, 0.6808875203132629, 2.7894530296325684, 1.4343152046203613, 2.2024383544921875, 1.3101820945739746, 0.9916611313819885, 1.8474147319793701, 0.8369516730308533, 1.5425077676773071, 0.33086299896240234, 12.264676094055176, 3.255647659301758, 1.198167085647583, 0.781144380569458, 1.2087023258209229, 0.5392026901245117, 3.0460498332977295, 0.35481929779052734, 1.5929512977600098, 0.3671346604824066, 0.9341858625411987, 0.41312313079833984, 0.5338423848152161, 1.5603127479553223, 1.6128500699996948, 1.577194094657898, 5.5894365310668945, 0.5323389172554016, 0.6905428171157837, 3.139357328414917, 0.3329256772994995, 2.024068593978882, 0.41710349917411804, 0.4605874717235565, 1.5168609619140625, 0.5552492141723633, 0.3913067877292633, 0.4089297354221344, 0.8599720001220703, 0.3706913888454437, 0.9889643788337708, 1.115504503250122, 5.954961776733398, 0.5137180685997009, 4.483397483825684, 0.5515286922454834, 0.41728201508522034, 0.8313751220703125, 1.6955468654632568, 0.9039676189422607, 0.44470393657684326, 0.7704363465309143, 0.28120818734169006, 1.6172786951065063, 0.33526381850242615, 0.47285664081573486, 0.5016699433326721, 0.7278288006782532, 0.30904772877693176, 1.136121153831482, 0.951175332069397, 1.358952283859253, 1.5185185670852661, 0.2822512984275818, 0.2192590832710266, 6.438988208770752, 0.5597564578056335, 0.32500943541526794, 0.678908109664917, 0.44267338514328003, 0.33218714594841003, 0.7977541089057922, 0.24002261459827423, 4.671932220458984, 0.3722347915172577, 0.41537943482398987, 0.30756065249443054, 0.24016232788562775, 0.4172460436820984, 0.255139023065567, 0.8159005641937256, 0.27530062198638916, 1.1345680952072144, 0.9276512861251831, 0.38354170322418213, 0.4556539058685303, 1.1069927215576172, 0.23722711205482483, 0.36042603850364685, 0.7562926411628723, 0.31192728877067566, 0.2534627318382263, 0.42527827620506287, 0.25893932580947876, 0.44777053594589233, 1.375768780708313, 0.3804921805858612, 1.1577527523040771, 0.38157227635383606, 1.0730314254760742, 0.4632222056388855, 0.22221404314041138, 0.19893939793109894, 1.2079747915267944, 0.3824114501476288, 0.4271138906478882, 0.21239779889583588, 0.3045447766780853, 0.2640475928783417, 0.6736029982566833, 0.39309799671173096, 0.8478402495384216, 0.25455307960510254, 0.666826069355011, 0.27396759390830994, 0.5406880378723145, 0.34793609380722046, 0.8115773797035217, 0.352216899394989, 0.24030427634716034, 0.2263517528772354, 0.3385465741157532, 0.8930648565292358, 0.4707208573818207, 0.6729062795639038, 0.36402884125709534, 0.20834368467330933, 0.5326071977615356, 0.32753777503967285, 0.21472306549549103, 0.20513086020946503, 0.19699105620384216, 3.2804172039031982, 0.24262315034866333, 0.2110186070203781, 0.7911608815193176, 0.42528441548347473, 0.24357017874717712, 0.22885486483573914, 0.29226458072662354, 0.3055521845817566, 0.2561769187450409, 0.2665543854236603, 0.3817373514175415, 0.21863383054733276, 0.39372605085372925, 0.27714571356773376, 0.24328336119651794, 0.3088163435459137, 0.21772879362106323, 0.17791613936424255, 0.20337262749671936, 0.256069540977478, 0.18642199039459229, 0.5844861268997192, 0.26867547631263733, 0.468502402305603, 0.213830828666687, 0.20242799818515778, 0.246620774269104, 0.2244444340467453, 0.19604378938674927, 0.8887462019920349, 0.7169126272201538, 0.751445472240448, 0.3053402304649353, 0.3319939076900482, 0.3370414972305298, 0.2599792182445526, 0.2193858027458191, 0.3425133228302002, 0.26286932826042175, 0.20238694548606873, 0.18528467416763306, 0.9885212182998657, 0.22640328109264374, 0.20646825432777405, 0.4524000585079193, 0.23841619491577148, 0.35046663880348206, 0.20681053400039673, 0.22653314471244812, 1.009589672088623, 0.2657570540904999, 0.29514214396476746, 0.23468159139156342, 0.3470393121242523, 0.28730639815330505, 2.0197489261627197, 0.2469194084405899, 0.19824077188968658, 0.7378246784210205, 0.20822027325630188, 0.23013201355934143, 0.36272135376930237, 0.36204850673675537, 0.43412014842033386, 0.2651918828487396, 0.2049662470817566, 0.4322453439235687, 0.19891856610774994, 0.20620116591453552, 0.411408931016922, 0.3495955765247345, 0.20471052825450897, 0.5777698159217834, 0.4673788547515869, 0.3424871563911438, 0.24340412020683289, 0.42589783668518066, 0.39766260981559753, 0.6837891340255737, 0.39370518922805786, 0.6557577252388, 0.5480815172195435, 0.2701512575149536, 0.23264512419700623, 0.22305762767791748, 0.2674853503704071, 0.36453497409820557, 0.6504564881324768, 0.3310098946094513, 0.23201413452625275, 0.21429768204689026, 0.37676846981048584, 0.21516941487789154, 0.21507582068443298, 0.254090279340744, 0.3072589933872223, 0.23571902513504028, 0.3428255319595337, 0.2990541458129883, 0.20593398809432983, 0.3392105996608734, 0.2526805102825165, 0.21979521214962006, 0.21345224976539612, 0.20178957283496857, 0.3395240306854248, 0.2070908397436142, 0.3151313066482544, 0.1978890597820282, 0.18901142477989197, 0.2846267521381378, 0.22649787366390228, 0.21725302934646606, 0.1925746202468872, 0.6617099046707153, 0.3594297766685486, 0.23951777815818787, 0.2579384446144104, 0.21746787428855896, 0.31336119771003723, 0.22165575623512268, 0.3917876183986664, 0.21073666214942932, 0.21690765023231506, 0.6025024056434631, 0.28979814052581787, 0.2592258155345917, 0.23354607820510864, 0.23387287557125092, 0.32344910502433777, 0.2387634664773941, 0.2060498744249344, 0.18713778257369995, 0.7524109482765198, 0.21199974417686462, 0.20807336270809174, 0.2467314600944519, 0.23451368510723114, 0.27097663283348083, 0.22730562090873718, 0.22291475534439087, 0.24171122908592224, 0.3854770362377167, 0.2565789520740509, 0.5631762146949768, 0.25057336688041687, 0.25901252031326294, 0.23266664147377014, 0.24777637422084808, 0.19543561339378357, 0.1870134025812149, 0.5568469762802124, 0.27016520500183105, 0.2780161201953888, 0.3216860592365265, 0.2506901025772095, 0.22949926555156708, 0.23980937898159027, 0.21592077612876892, 0.28734031319618225, 0.553909420967102, 0.21526770293712616, 0.23368540406227112, 0.22929994761943817, 0.26330748200416565, 0.20627953112125397, 0.2750331163406372, 0.2089594006538391, 0.2025897353887558, 0.2419847697019577, 0.26097020506858826, 0.22010083496570587, 0.19116373360157013, 0.1945207417011261, 0.3765789866447449, 0.21098417043685913, 0.4659962058067322, 0.22604194283485413, 0.29651305079460144, 0.1960674524307251, 0.19889289140701294, 0.56205153465271, 0.20335803925991058, 0.1956699788570404, 0.291619211435318, 0.5997019410133362, 0.22169676423072815, 0.200944721698761, 0.3463548421859741, 0.20415812730789185, 0.22926577925682068, 0.3309669494628906, 0.19597569108009338, 0.3217521011829376, 0.27278587222099304, 0.20255032181739807, 0.20460262894630432, 0.19945108890533447, 0.19557185471057892, 0.31628212332725525, 0.203907772898674, 0.8694614171981812, 0.4959494471549988, 0.2470727