,number,value,datetime_start,datetime_complete,duration,params_batch_size_scaler,params_constant_learning_rate,params_depth,params_epochs,params_kernel_l2,params_num_trees,params_temperature,user_attrs_accuracy_test,user_attrs_accuracy_valid,user_attrs_approximate_feature_sparsity,user_attrs_approximate_feature_sparsity_history,user_attrs_approximate_weight_sparsity,user_attrs_approximate_weight_sparsity_history,user_attrs_auc_test,user_attrs_auc_valid,user_attrs_feature_sparsity,user_attrs_feature_sparsity_history,user_attrs_num_epochs,user_attrs_val_loss_history,user_attrs_weight_sparsity,user_attrs_weight_sparsity_history,state
114,114,0.5487305329056691,2024-08-31 05:08:21.224578,2024-08-31 05:14:55.191956,0 days 00:06:33.967378,1,0.09221274812338347,1,490,0.18533984486190594,90,0.029257981971665736,0.86,0.86625,1,"[33, 33, 33, 33, 33, 24, 15, 10, 9, 9, 5, 4, 3, 3, 3, 3, 3, 3, 3, 3, 3, 3, 3, 3, 3, 3, 3, 3, 3, 3, 3, 3, 3, 3, 3, 3, 3, 3, 3, 3, 3, 3, 2, 2, 2, 2, 2, 2, 2, 2, 2, 2, 2, 2, 2, 2, 2, 2, 2, 2, 2, 2, 2, 2, 2, 2, 2, 2, 2, 2, 2, 2, 2, 2, 2, 2, 2, 2, 2, 1, 1, 1, 1, 1, 1, 1, 1, 1, 1, 1, 1, 1, 1, 1, 1, 1, 1, 1, 1, 1, 1, 1, 1, 1, 1, 1, 1, 1, 1, 1, 1, 1, 1, 1, 1, 1, 1, 1, 1, 1, 1, 1, 1, 1, 1, 1, 1, 1, 1, 1, 1, 1, 1, 1, 1, 1, 1, 1, 1, 1, 1, 1, 1, 1, 1, 1, 1, 1, 1, 1, 1, 1, 1, 1, 1, 1, 1, 1, 1, 1, 1, 1, 1, 1, 1, 1, 1, 1, 1, 1, 1, 1, 1, 1, 1, 1, 1, 1, 1, 1, 1, 1, 1, 1, 1, 1, 1, 1, 1, 1, 1, 1, 1, 1, 1, 1, 1, 1, 1, 1, 1, 1, 1, 1, 1, 1, 1, 1, 1, 1, 1, 1, 1, 1, 1, 1, 1, 1, 1, 1, 1, 1, 1, 1, 1, 1, 1, 1, 1, 1, 1, 1, 1, 1, 1, 1, 1, 1, 1, 1, 1, 1, 1, 1, 1, 1, 1, 1, 1, 1, 1, 1, 1, 1, 1, 1, 1, 1, 1, 1, 1, 1, 1, 1, 1, 1, 1, 1, 1, 1, 1, 1, 1, 1, 1, 1, 1, 1, 1, 1, 1, 1, 1, 1, 1, 1, 1, 1, 1, 1, 1, 1, 1, 1, 1, 1, 1, 1, 1, 1, 1, 1, 1, 1, 1, 1, 1, 1, 1, 1, 1, 1, 1, 1, 1, 1, 1, 1, 1, 1, 1, 1, 1, 1, 1, 1, 1, 1, 1, 1, 1, 1, 1, 1, 1, 1, 1, 1, 1, 1, 1, 1, 1, 1, 1, 1, 1, 1, 1, 1, 1, 1, 1, 1, 1, 1, 1, 1, 1, 1, 1, 1, 1, 1, 1, 1, 1, 1, 1, 1, 1, 1, 1, 1, 1, 1, 1, 1, 1, 1, 1, 1, 1, 1, 1, 1, 1, 1, 1, 1, 1, 1, 1, 1, 1, 1, 1, 1, 1, 1, 1, 1, 1, 1, 1, 1, 1, 1, 1, 1, 1, 1, 1, 1, 1, 1, 1, 1, 1, 1, 1, 1, 1, 1, 1, 1, 1, 1, 1, 1, 1, 1, 1, 1, 1, 1, 1, 1, 1, 1, 1, 1, 1, 1, 1, 1, 1, 1, 1, 1, 1, 1, 1, 1, 1, 1, 1, 1, 1, 1, 1, 1, 1, 1, 1, 1, 1, 1, 1, 1, 1, 1, 1, 1, 1, 1, 1, 1, 1, 1, 1, 1, 1, 1, 1, 1, 1, 1, 1, 1]",1.0,"[32.98888888888889, 32.96666666666667, 32.96666666666667, 32.98888888888889, 32.98888888888889, 24.0, 15.0, 10.0, 9.0, 8.988888888888889, 4.988888888888889, 3.988888888888889, 3.0, 3.0, 3.0, 3.0, 3.0, 3.0, 3.0, 3.0, 3.0, 3.0, 3.0, 2.988888888888889, 3.0, 2.977777777777778, 3.0, 3.0, 3.0, 3.0, 3.0, 2.988888888888889, 3.0, 3.0, 3.0, 3.0, 3.0, 2.988888888888889, 3.0, 3.0, 3.0, 3.0, 2.0, 2.0, 2.0, 2.0, 2.0, 2.0, 2.0, 2.0, 2.0, 1.988888888888889, 2.0, 2.0, 2.0, 2.0, 2.0, 2.0, 2.0, 2.0, 2.0, 2.0, 2.0, 2.0, 2.0, 2.0, 2.0, 2.0, 2.0, 2.0, 2.0, 2.0, 2.0, 1.988888888888889, 1.988888888888889, 1.988888888888889, 1.988888888888889, 1.988888888888889, 1.988888888888889, 0.9888888888888889, 0.9888888888888889, 0.9888888888888889, 0.9888888888888889, 0.9888888888888889, 0.9888888888888889, 1.0, 1.0, 1.0, 1.0, 1.0, 1.0, 1.0, 1.0, 1.0, 1.0, 1.0, 1.0, 1.0, 1.0, 1.0, 1.0, 1.0, 1.0, 1.0, 1.0, 1.0, 1.0, 1.0, 1.0, 1.0, 1.0, 1.0, 1.0, 1.0, 1.0, 1.0, 1.0, 1.0, 1.0, 1.0, 1.0, 1.0, 1.0, 1.0, 1.0, 1.0, 1.0, 1.0, 1.0, 1.0, 1.0, 1.0, 1.0, 1.0, 1.0, 1.0, 1.0, 1.0, 1.0, 1.0, 1.0, 1.0, 1.0, 1.0, 1.0, 1.0, 1.0, 1.0, 1.0, 1.0, 1.0, 1.0, 1.0, 1.0, 1.0, 1.0, 1.0, 1.0, 1.0, 1.0, 1.0, 1.0, 1.0, 1.0, 1.0, 1.0, 1.0, 1.0, 1.0, 1.0, 1.0, 1.0, 1.0, 1.0, 1.0, 1.0, 1.0, 1.0, 1.0, 1.0, 1.0, 1.0, 1.0, 1.0, 1.0, 1.0, 1.0, 1.0, 1.0, 1.0, 1.0, 1.0, 1.0, 1.0, 1.0, 1.0, 1.0, 1.0, 1.0, 1.0, 1.0, 1.0, 1.0, 1.0, 1.0, 1.0, 1.0, 1.0, 1.0, 1.0, 1.0, 1.0, 1.0, 1.0, 1.0, 1.0, 1.0, 1.0, 1.0, 1.0, 1.0, 1.0, 1.0, 1.0, 1.0, 1.0, 1.0, 1.0, 1.0, 1.0, 1.0, 1.0, 1.0, 1.0, 1.0, 1.0, 1.0, 1.0, 1.0, 1.0, 1.0, 1.0, 1.0, 1.0, 1.0, 1.0, 1.0, 1.0, 1.0, 1.0, 1.0, 1.0, 1.0, 1.0, 1.0, 1.0, 1.0, 1.0, 1.0, 1.0, 1.0, 1.0, 1.0, 1.0, 1.0, 1.0, 1.0, 1.0, 1.0, 1.0, 1.0, 1.0, 1.0, 1.0, 1.0, 1.0, 1.0, 1.0, 1.0, 1.0, 1.0, 1.0, 1.0, 1.0, 1.0, 1.0, 1.0, 1.0, 1.0, 1.0, 1.0, 1.0, 1.0, 1.0, 1.0, 1.0, 1.0, 1.0, 1.0, 1.0, 1.0, 1.0, 1.0, 1.0, 1.0, 1.0, 1.0, 1.0, 1.0, 1.0, 1.0, 1.0, 1.0, 1.0, 1.0, 1.0, 1.0, 1.0, 1.0, 1.0, 1.0, 1.0, 1.0, 1.0, 1.0, 1.0, 1.0, 1.0, 1.0, 1.0, 1.0, 1.0, 1.0, 1.0, 1.0, 1.0, 1.0, 1.0, 1.0, 1.0, 1.0, 1.0, 1.0, 1.0, 1.0, 1.0, 1.0, 1.0, 1.0, 1.0, 1.0, 1.0, 1.0, 1.0, 1.0, 1.0, 1.0, 1.0, 1.0, 1.0, 1.0, 1.0, 1.0, 1.0, 1.0, 1.0, 1.0, 1.0, 1.0, 1.0, 1.0, 1.0, 1.0, 1.0, 1.0, 1.0, 1.0, 1.0, 1.0, 1.0, 1.0, 1.0, 1.0, 1.0, 1.0, 1.0, 1.0, 1.0, 1.0, 1.0, 1.0, 1.0, 1.0, 1.0, 1.0, 1.0, 1.0, 1.0, 1.0, 1.0, 1.0, 1.0, 1.0, 1.0, 1.0, 1.0, 1.0, 1.0, 1.0, 1.0, 1.0, 1.0, 1.0, 1.0, 1.0, 1.0, 1.0, 1.0, 1.0, 1.0, 1.0, 1.0, 1.0, 1.0, 1.0, 1.0, 1.0, 1.0, 1.0, 1.0, 1.0, 1.0, 1.0, 1.0, 1.0, 1.0, 1.0, 1.0, 1.0, 1.0, 1.0, 1.0, 1.0, 1.0, 1.0, 1.0, 1.0, 1.0, 1.0, 1.0, 1.0, 1.0, 1.0, 1.0, 1.0, 1.0, 1.0, 1.0, 1.0, 1.0, 1.0, 1.0, 1.0, 1.0, 1.0, 1.0, 1.0, 1.0, 1.0, 1.0, 1.0, 1.0, 1.0, 1.0, 1.0, 1.0, 1.0, 1.0, 1.0, 1.0, 1.0, 1.0, 1.0, 1.0, 1.0, 1.0, 1.0, 1.0, 1.0, 1.0]",0.530222343315252,0.5487305329056691,1,"[33, 33, 33, 33, 33, 24, 15, 10, 9, 9, 5, 4, 3, 3, 3, 3, 3, 3, 3, 3, 3, 3, 3, 3, 3, 3, 3, 3, 3, 3, 3, 3, 3, 3, 3, 3, 3, 3, 3, 3, 3, 3, 2, 2, 2, 2, 2, 2, 2, 2, 2, 2, 2, 2, 2, 2, 2, 2, 2, 2, 2, 2, 2, 2, 2, 2, 2, 2, 2, 2, 2, 2, 2, 2, 2, 2, 2, 2, 2, 1, 1, 1, 1, 1, 1, 1, 1, 1, 1, 1, 1, 1, 1, 1, 1, 1, 1, 1, 1, 1, 1, 1, 1, 1, 1, 1, 1, 1, 1, 1, 1, 1, 1, 1, 1, 1, 1, 1, 1, 1, 1, 1, 1, 1, 1, 1, 1, 1, 1, 1, 1, 1, 1, 1, 1, 1, 1, 1, 1, 1, 1, 1, 1, 1, 1, 1, 1, 1, 1, 1, 1, 1, 1, 1, 1, 1, 1, 1, 1, 1, 1, 1, 1, 1, 1, 1, 1, 1, 1, 1, 1, 1, 1, 1, 1, 1, 1, 1, 1, 1, 1, 1, 1, 1, 1, 1, 1, 1, 1, 1, 1, 1, 1, 1, 1, 1, 1, 1, 1, 1, 1, 1, 1, 1, 1, 1, 1, 1, 1, 1, 1, 1, 1, 1, 1, 1, 1, 1, 1, 1, 1, 1, 1, 1, 1, 1, 1, 1, 1, 1, 1, 1, 1, 1, 1, 1, 1, 1, 1, 1, 1, 1, 1, 1, 1, 1, 1, 1, 1, 1, 1, 1, 1, 1, 1, 1, 1, 1, 1, 1, 1, 1, 1, 1, 1, 1, 1, 1, 1, 1, 1, 1, 1, 1, 1, 1, 1, 1, 1, 1, 1, 1, 1, 1, 1, 1, 1, 1, 1, 1, 1, 1, 1, 1, 1, 1, 1, 1, 1, 1, 1, 1, 1, 1, 1, 1, 1, 1, 1, 1, 1, 1, 1, 1, 1, 1, 1, 1, 1, 1, 1, 1, 1, 1, 1, 1, 1, 1, 1, 1, 1, 1, 1, 1, 1, 1, 1, 1, 1, 1, 1, 1, 1, 1, 1, 1, 1, 1, 1, 1, 1, 1, 1, 1, 1, 1, 1, 1, 1, 1, 1, 1, 1, 1, 1, 1, 1, 1, 1, 1, 1, 1, 1, 1, 1, 1, 1, 1, 1, 1, 1, 1, 1, 1, 1, 1, 1, 1, 1, 1, 1, 1, 1, 1, 1, 1, 1, 1, 1, 1, 1, 1, 1, 1, 1, 1, 1, 1, 1, 1, 1, 1, 1, 1, 1, 1, 1, 1, 1, 1, 1, 1, 1, 1, 1, 1, 1, 1, 1, 1, 1, 1, 1, 1, 1, 1, 1, 1, 1, 1, 1, 1, 1, 1, 1, 1, 1, 1, 1, 1, 1, 1, 1, 1, 1, 1, 1, 1, 1, 1, 1, 1, 1, 1, 1, 1, 1, 1, 1, 1, 1, 1, 1, 1, 1, 1, 1, 1, 1, 1, 1, 1, 1, 1, 1, 1, 1, 1, 1, 1]",490,"[0.45848768949508667, 0.5163537263870239, 0.4200233221054077, 0.40321436524391174, 0.38533133268356323, 0.36959362030029297, 0.3516581654548645, 0.3402283489704132, 0.3553450107574463, 0.3651030361652374, 0.39445194602012634, 0.42236846685409546, 0.3595857322216034, 0.41472718119621277, 0.40364664793014526, 0.3709123134613037, 0.3577028214931488, 0.3743962049484253, 0.3843327462673187, 0.3719744384288788, 0.3620109260082245, 0.3941723108291626, 0.35695579648017883, 0.35623303055763245, 0.3728357255458832, 0.37340134382247925, 0.3554341197013855, 0.37823331356048584, 0.3703416883945465, 0.4852615296840668, 0.38219016790390015, 0.3585647940635681, 0.35628098249435425, 0.36900272965431213, 0.354607492685318, 0.39853888750076294, 0.5078972578048706, 0.3965061902999878, 0.4359557330608368, 0.36687105894088745, 0.4090769588947296, 0.35937297344207764, 0.3776198923587799, 0.4215507209300995, 0.4237511157989502, 0.3930782675743103, 0.3801214098930359, 0.38777899742126465, 0.4404081404209137, 0.38262370228767395, 0.3765197992324829, 0.3786611258983612, 0.4464392066001892, 0.40119099617004395, 0.6569605469703674, 0.38659271597862244, 0.37765443325042725, 0.37684208154678345, 0.4520735442638397, 0.46406322717666626, 0.48024699091911316, 0.3785291016101837, 0.8265810608863831, 0.4039820432662964, 0.376872181892395, 0.3855605721473694, 0.4808944761753082, 0.38626861572265625, 0.3790692090988159, 0.3768749237060547, 0.39434814453125, 0.4372269809246063, 0.40704479813575745, 0.3886670768260956, 0.4172945022583008, 0.3770005702972412, 0.3792143166065216, 0.4203622043132782, 0.4154834747314453, 0.4181950092315674, 0.4374457597732544, 0.4153437912464142, 0.45324042439460754, 0.42400485277175903, 0.3934025466442108, 0.3942621648311615, 0.3965663015842438, 0.4004207253456116, 0.44032055139541626, 0.4567073583602905, 0.3931613564491272, 0.45915040373802185, 0.5605743527412415, 0.47336798906326294, 0.3926135003566742, 0.39320576190948486, 0.4249476194381714, 0.41404277086257935, 0.3959242105484009, 0.4044892191886902, 0.4575313925743103, 0.407293438911438, 0.39824676513671875, 0.42669928073883057, 0.40151649713516235, 0.41869017481803894, 0.4088268578052521, 0.4082353115081787, 0.4065646827220917, 0.3928315043449402, 0.44150272011756897, 0.4016372561454773, 0.42556503415107727, 0.45762893557548523, 0.4004596471786499, 0.4529710114002228, 0.4061581790447235, 0.3928496539592743, 0.39291369915008545, 0.3954436182975769, 0.41683387756347656, 0.3970538079738617, 0.4201061725616455, 0.40852054953575134, 0.42067429423332214, 0.5563949346542358, 0.40498143434524536, 0.419099360704422, 0.45808446407318115, 0.4205041527748108, 0.42395827174186707, 0.44012650847435, 0.4651888608932495, 0.3929310142993927, 0.3938710391521454, 0.3999944031238556, 0.39755526185035706, 0.39463263750076294, 0.41076427698135376, 0.4578522741794586, 0.5343800187110901, 0.412784218788147, 0.3927459418773651, 0.4612022042274475, 0.4659990966320038, 0.4788534641265869, 0.440154105424881, 0.4331705570220947, 0.4042731523513794, 0.4305168390274048, 0.4261225163936615, 0.4274868071079254, 0.39272013306617737, 0.3970112204551697, 0.40795838832855225, 0.4307944178581238, 0.4007149636745453, 0.44537410140037537, 0.4050201177597046, 0.42461860179901123, 0.4684358537197113, 0.3953975439071655, 0.3995196223258972, 0.4537392556667328, 0.5176491737365723, 0.3961339592933655, 0.4198349118232727, 0.3929978907108307, 0.5355277061462402, 0.4133686125278473, 0.3932015597820282, 0.4860549867153168, 0.4261639416217804, 0.44245123863220215, 0.3949284255504608, 0.3930421769618988, 0.4381842315196991, 0.4136851131916046, 0.4274267852306366, 0.4148441553115845, 0.40795761346817017, 0.4218238890171051, 0.4069868326187134, 0.41431480646133423, 0.4281335771083832, 0.5311709642410278, 0.41634654998779297, 0.4578370153903961, 0.39310577511787415, 0.44878125190734863, 0.4776594042778015, 0.4068430960178375, 0.45544230937957764, 0.3960641026496887, 0.39806559681892395, 0.4265391230583191, 0.9710254073143005, 0.3936978578567505, 0.4349072277545929, 0.3950445055961609, 0.4117780923843384, 0.4078146815299988, 0.3969726264476776, 0.42552080750465393, 0.4591817855834961, 0.5140749216079712, 0.4506053030490875, 0.3930066227912903, 0.3928995430469513, 0.406846284866333, 0.40671950578689575, 0.397573858499527, 0.4003113806247711, 0.42156341671943665, 0.4282733201980591, 0.4076139032840729, 0.3944009840488434, 0.40727347135543823, 0.3982996642589569, 0.43468013405799866, 0.4202362298965454, 0.4115429222583771, 0.4138323962688446, 0.40706387162208557, 0.41287195682525635, 0.39521923661231995, 0.5256277322769165, 0.5022774338722229, 0.4036916494369507, 0.39707934856414795, 0.43033942580223083, 0.41886577010154724, 0.42812514305114746, 0.41675427556037903, 0.41631442308425903, 0.3930825889110565, 0.40837258100509644, 0.3973195254802704, 0.39480239152908325, 0.501741886138916, 0.4087025821208954, 0.43719732761383057, 0.4087144136428833, 0.529115617275238, 0.4083541929721832, 0.39749622344970703, 0.4168538749217987, 0.47887369990348816, 0.4441940188407898, 0.4144158661365509, 0.5557577610015869, 0.46723806858062744, 0.39413392543792725, 0.4424881637096405, 0.41159483790397644, 0.4142393469810486, 0.3983200192451477, 0.4301764965057373, 0.5261104106903076, 0.4719221591949463, 0.3943197727203369, 0.4123833477497101, 0.4707411527633667, 0.3968285024166107, 0.40542876720428467, 0.40630680322647095, 0.43770697712898254, 0.3945574462413788, 0.419784814119339, 0.4076019525527954, 0.4053000509738922, 0.5707318782806396, 0.4066888391971588, 0.3930160105228424, 0.4480736255645752, 0.3932133615016937, 0.4020164906978607, 0.3947514295578003, 0.4895224869251251, 0.41075316071510315, 0.3933803141117096, 0.40815022587776184, 0.39707526564598083, 0.4203277826309204, 0.3931037485599518, 0.39348992705345154, 0.39836585521698, 0.7299981713294983, 0.5926353335380554, 0.3942132890224457, 0.42470210790634155, 0.42905452847480774, 0.4241737425327301, 0.417007714509964, 0.41518542170524597, 0.46471816301345825, 0.4069765508174896, 0.4500192701816559, 0.3976305425167084, 0.40143078565597534, 0.4254489243030548, 0.5279870629310608, 0.39499932527542114, 0.44497576355934143, 0.432389497756958, 0.4413314759731293, 0.40684860944747925, 0.7937937378883362, 0.43024981021881104, 0.4134923219680786, 0.4014793634414673, 0.4593532085418701, 0.4283128082752228, 0.41559502482414246, 0.39419394731521606, 0.39315876364707947, 0.4028227925300598, 0.4457783102989197, 0.44445037841796875, 0.4053836762905121, 0.43474888801574707, 0.4046905040740967, 0.4694939851760864, 0.4066445529460907, 0.39690130949020386, 0.3933490514755249, 0.40615737438201904, 0.39291611313819885, 0.4036712646484375, 0.42930102348327637, 0.4092646539211273, 0.40184399485588074, 0.5139948129653931, 0.39308789372444153, 0.3953408896923065, 0.3986007571220398, 0.43549656867980957, 0.5267413258552551, 0.5716298818588257, 0.39312025904655457, 0.44555607438087463, 0.4262678623199463, 0.4306374490261078, 0.39774250984191895, 0.49682778120040894, 0.3971133530139923, 0.46410736441612244, 0.39330849051475525, 0.40373554825782776, 0.4300552010536194, 0.44919243454933167, 0.39404091238975525, 0.39309749007225037, 0.393080472946167, 0.39303088188171387, 0.46995779871940613, 0.3929312825202942, 0.40779006481170654, 0.4298638105392456, 0.4662690758705139, 0.4343879818916321, 0.3933352530002594, 0.39741185307502747, 0.3942432701587677, 0.4201725423336029, 0.4201337695121765, 0.4412585198879242, 0.39474746584892273, 0.4665206968784332, 0.486141175031662, 0.3957299292087555, 0.39415329694747925, 0.39406758546829224, 0.4127454459667206, 0.3949415683746338, 0.419881671667099, 0.5413656234741211, 0.4116775393486023, 0.3930988609790802, 0.40865853428840637, 0.41915062069892883, 0.419747918844223, 0.3946866989135742, 0.4776555299758911, 0.3931679129600525, 0.40223634243011475, 0.39658573269844055, 0.40302497148513794, 0.41268226504325867, 0.4391135275363922, 0.4048856496810913, 0.4923075735569, 0.4031038284301758, 0.4592462480068207, 0.4026252329349518, 0.4202951490879059, 0.39377906918525696, 0.3929632604122162, 0.3953063189983368, 0.42114803194999695, 0.45786887407302856, 0.4062199890613556, 0.42639628052711487, 0.4313119053840637, 0.3933686316013336, 0.45052772760391235, 0.48666179180145264, 0.408588171005249, 0.42755162715911865, 0.39309224486351013, 0.4117749035358429, 0.39309778809547424, 0.45181235671043396, 0.4352656900882721, 0.42135387659072876, 0.4981022775173187, 0.5851101875305176, 0.49239999055862427, 0.4480702579021454, 0.39330005645751953, 0.4275684058666229, 0.4357771575450897, 0.4504365622997284, 0.4450659155845642, 0.470292866230011, 0.416485071182251, 0.45675116777420044, 0.4011816382408142, 0.7864060401916504, 0.4051700234413147, 0.5112277865409851, 0.4385709762573242, 0.39316028356552124, 0.4154999852180481, 0.4180101156234741, 0.45024925470352173, 0.3931432366371155, 0.5930618047714233, 0.39521506428718567, 0.4251936376094818, 0.46002551913261414, 0.39482441544532776, 0.3937641382217407, 0.41971147060394287, 0.44423970580101013, 0.5884691476821899, 0.4030887484550476, 0.5065144300460815, 0.410069078207016, 0.3936658501625061, 0.4137171804904938, 0.4581455588340759, 0.3973146677017212, 0.4008646011352539, 0.3932766616344452, 0.39319172501564026, 0.4345613420009613, 0.4524543881416321, 0.4000172019004822, 0.4375578761100769, 0.394163578748703, 0.40594279766082764, 0.39354121685028076, 0.47834041714668274, 0.39513346552848816, 0.4240128993988037, 0.42779213190078735, 0.4421684145927429, 0.41173985600471497, 0.5408629179000854, 0.4188971221446991, 0.3934146463871002, 0.4342253804206848, 0.41473907232284546, 0.4355721175670624, 0.3991146385669708, 0.3931347727775574, 0.3954407870769501, 0.4081152379512787, 0.5903139710426331, 0.39395105838775635, 0.4218171238899231, 0.39469271898269653, 0.3932321071624756, 0.40916210412979126, 0.39330440759658813, 0.3978092074394226, 0.4007478356361389, 0.42009666562080383, 0.3947567641735077]",1.0,"[33.0, 33.0, 33.0, 33.0, 33.0, 24.0, 15.0, 10.0, 9.0, 9.0, 5.0, 4.0, 3.0, 3.0, 3.0, 3.0, 3.0, 3.0, 3.0, 3.0, 3.0, 3.0, 3.0, 3.0, 3.0, 3.0, 3.0, 3.0, 3.0, 3.0, 3.0, 3.0, 3.0, 3.0, 3.0, 3.0, 3.0, 3.0, 3.0, 3.0, 3.0, 3.0, 2.0, 2.0, 2.0, 2.0, 2.0, 2.0, 2.0, 2.0, 2.0, 2.0, 2.0, 2.0, 2.0, 2.0, 2.0, 2.0, 2.0, 2.0, 2.0, 2.0, 2.0, 2.0, 2.0, 2.0, 2.0, 2.0, 2.0, 2.0, 2.0, 2.0, 2.0, 2.0, 2.0, 2.0, 2.0, 2.0, 2.0, 1.0, 1.0, 1.0, 1.0, 1.0, 1.0, 1.0, 1.0, 1.0, 1.0, 1.0, 1.0, 1.0, 1.0, 1.0, 1.0, 1.0, 1.0, 1.0, 1.0, 1.0, 1.0, 1.0, 1.0, 1.0, 1.0, 1.0, 1.0, 1.0, 1.0, 1.0, 1.0, 1.0, 1.0, 1.0, 1.0, 1.0, 1.0, 1.0, 1.0, 1.0, 1.0, 1.0, 1.0, 1.0, 1.0, 1.0, 1.0, 1.0, 1.0, 1.0, 1.0, 1.0, 1.0, 1.0, 1.0, 1.0, 1.0, 1.0, 1.0, 1.0, 1.0, 1.0, 1.0, 1.0, 1.0, 1.0, 1.0, 1.0, 1.0, 1.0, 1.0, 1.0, 1.0, 1.0, 1.0, 1.0, 1.0, 1.0, 1.0, 1.0, 1.0, 1.0, 1.0, 1.0, 1.0, 1.0, 1.0, 1.0, 1.0, 1.0, 1.0, 1.0, 1.0, 1.0, 1.0, 1.0, 1.0, 1.0, 1.0, 1.0, 1.0, 1.0, 1.0, 1.0, 1.0, 1.0, 1.0, 1.0, 1.0, 1.0, 1.0, 1.0, 1.0, 1.0, 1.0, 1.0, 1.0, 1.0, 1.0, 1.0, 1.0, 1.0, 1.0, 1.0, 1.0, 1.0, 1.0, 1.0, 1.0, 1.0, 1.0, 1.0, 1.0, 1.0, 1.0, 1.0, 1.0, 1.0, 1.0, 1.0, 1.0, 1.0, 1.0, 1.0, 1.0, 1.0, 1.0, 1.0, 1.0, 1.0, 1.0, 1.0, 1.0, 1.0, 1.0, 1.0, 1.0, 1.0, 1.0, 1.0, 1.0, 1.0, 1.0, 1.0, 1.0, 1.0, 1.0, 1.0, 1.0, 1.0, 1.0, 1.0, 1.0, 1.0, 1.0, 1.0, 1.0, 1.0, 1.0, 1.0, 1.0, 1.0, 1.0, 1.0, 1.0, 1.0, 1.0, 1.0, 1.0, 1.0, 1.0, 1.0, 1.0, 1.0, 1.0, 1.0, 1.0, 1.0, 1.0, 1.0, 1.0, 1.0, 1.0, 1.0, 1.0, 1.0, 1.0, 1.0, 1.0, 1.0, 1.0, 1.0, 1.0, 1.0, 1.0, 1.0, 1.0, 1.0, 1.0, 1.0, 1.0, 1.0, 1.0, 1.0, 1.0, 1.0, 1.0, 1.0, 1.0, 1.0, 1.0, 1.0, 1.0, 1.0, 1.0, 1.0, 1.0, 1.0, 1.0, 1.0, 1.0, 1.0, 1.0, 1.0, 1.0, 1.0, 1.0, 1.0, 1.0, 1.0, 1.0, 1.0, 1.0, 1.0, 1.0, 1.0, 1.0, 1.0, 1.0, 1.0, 1.0, 1.0, 1.0, 1.0, 1.0, 1.0, 1.0, 1.0, 1.0, 1.0, 1.0, 1.0, 1.0, 1.0, 1.0, 1.0, 1.0, 1.0, 1.0, 1.0, 1.0, 1.0, 1.0, 1.0, 1.0, 1.0, 1.0, 1.0, 1.0, 1.0, 1.0, 1.0, 1.0, 1.0, 1.0, 1.0, 1.0, 1.0, 1.0, 1.0, 1.0, 1.0, 1.0, 1.0, 1.0, 1.0, 1.0, 1.0, 1.0, 1.0, 1.0, 1.0, 1.0, 1.0, 1.0, 1.0, 1.0, 1.0, 1.0, 1.0, 1.0, 1.0, 1.0, 1.0, 1.0, 1.0, 1.0, 1.0, 1.0, 1.0, 1.0, 1.0, 1.0, 1.0, 1.0, 1.0, 1.0, 1.0, 1.0, 1.0, 1.0, 1.0, 1.0, 1.0, 1.0, 1.0, 1.0, 1.0, 1.0, 1.0, 1.0, 1.0, 1.0, 1.0, 1.0, 1.0, 1.0, 1.0, 1.0, 1.0, 1.0, 1.0, 1.0, 1.0, 1.0, 1.0, 1.0, 1.0, 1.0, 1.0, 1.0, 1.0, 1.0, 1.0, 1.0, 1.0, 1.0, 1.0, 1.0, 1.0, 1.0, 1.0, 1.0, 1.0, 1.0, 1.0, 1.0, 1.0, 1.0, 1.0, 1.0, 1.0, 1.0, 1.0, 1.0, 1.0, 1.0, 1.0, 1.0, 1.0, 1.0, 1.0, 1.0, 1.0, 1.0, 1.0, 1.0, 1.0, 1.0, 1.0]",COMPLETE
