,number,value,datetime_start,datetime_complete,duration,params_batch_size_scaler,params_constant_learning_rate,params_depth,params_epochs,params_kernel_l2,params_num_trees,params_temperature,user_attrs_accuracy_test,user_attrs_accuracy_valid,user_attrs_approximate_feature_sparsity,user_attrs_approximate_feature_sparsity_history,user_attrs_approximate_weight_sparsity,user_attrs_approximate_weight_sparsity_history,user_attrs_auc_test,user_attrs_auc_valid,user_attrs_feature_sparsity,user_attrs_feature_sparsity_history,user_attrs_num_epochs,user_attrs_val_loss_history,user_attrs_weight_sparsity,user_attrs_weight_sparsity_history,state
155,155,0.9244760469400111,2024-08-31 06:54:48.903520,2024-08-31 06:55:41.550795,0 days 00:00:52.647275,4,0.1213534484605277,3,95,0.05815342097209441,46,0.0003199401341656358,0.934,0.9425,33,"[33, 33, 33, 33, 33, 33, 33, 33, 33, 33, 33, 33, 33, 33, 33, 33, 33, 33, 33, 33, 33, 33, 33, 33, 33, 33, 33, 33, 33, 33, 33, 33, 33, 33, 33, 33, 33, 33, 33, 33, 33, 33, 33, 33, 33, 33, 33, 33, 33, 33, 33, 33, 33, 33, 33, 33, 33, 33, 33, 33, 33, 33, 33, 33, 33, 33, 33, 33, 33, 33, 33, 33, 33, 33, 33, 33, 33, 33, 33, 33, 33, 33, 33, 33, 33, 33, 33, 33, 33, 33, 33, 33, 33, 33, 33]",32.97826086956522,"[32.97204968944099, 32.98136645962733, 32.98757763975155, 32.95962732919254, 32.96894409937888, 32.96273291925466, 32.953416149068325, 32.96894409937888, 32.95652173913044, 32.97204968944099, 32.96894409937888, 32.962732919254655, 32.95962732919255, 32.96273291925466, 32.97204968944099, 32.95962732919254, 32.975155279503106, 32.96273291925466, 32.97204968944099, 32.97204968944099, 32.975155279503106, 32.96583850931677, 32.96894409937888, 32.97826086956522, 32.95031055900621, 32.97826086956522, 32.96894409937889, 32.97204968944099, 32.98757763975155, 32.95652173913044, 32.97826086956522, 32.97826086956522, 32.975155279503106, 32.975155279503106, 32.981366459627324, 32.975155279503106, 32.96273291925466, 32.975155279503106, 32.984472049689444, 32.97204968944099, 32.97826086956522, 32.97826086956522, 32.975155279503106, 32.97204968944099, 32.97204968944099, 32.97204968944099, 32.96894409937888, 32.97204968944099, 32.96894409937889, 32.97826086956522, 32.97826086956522, 32.96894409937888, 32.96583850931677, 32.96273291925466, 32.94409937888199, 32.98136645962733, 32.98136645962733, 32.984472049689444, 32.98136645962733, 32.975155279503106, 32.975155279503106, 32.97204968944099, 32.975155279503106, 32.95962732919254, 32.953416149068325, 32.962732919254655, 32.96894409937888, 32.96894409937888, 32.96894409937888, 32.96894409937888, 32.975155279503106, 32.984472049689444, 32.975155279503106, 32.97204968944099, 32.96273291925466, 32.97826086956522, 32.96894409937888, 32.97204968944099, 32.975155279503106, 32.975155279503106, 32.975155279503106, 32.97204968944099, 32.975155279503106, 32.95652173913044, 32.975155279503106, 32.962732919254655, 32.96273291925466, 32.975155279503106, 32.96894409937889, 32.96894409937889, 32.97204968944099, 32.975155279503106, 32.97204968944099, 32.95962732919254, 32.97826086956522]",0.9074216266646852,0.9244760469400111,33,"[33, 33, 33, 33, 33, 33, 33, 33, 33, 33, 33, 33, 33, 33, 33, 33, 33, 33, 33, 33, 33, 33, 33, 33, 33, 33, 33, 33, 33, 33, 33, 33, 33, 33, 33, 33, 33, 33, 33, 33, 33, 33, 33, 33, 33, 33, 33, 33, 33, 33, 33, 33, 33, 33, 33, 33, 33, 33, 33, 33, 33, 33, 33, 33, 33, 33, 33, 33, 33, 33, 33, 33, 33, 33, 33, 33, 33, 33, 33, 33, 33, 33, 33, 33, 33, 33, 33, 33, 33, 33, 33, 33, 33, 33, 33]",95,"[0.393731951713562, 0.3829326629638672, 0.37712913751602173, 0.37319275736808777, 0.36809107661247253, 0.3661716878414154, 0.36051684617996216, 0.356948584318161, 0.354232519865036, 0.3523145914077759, 0.3485901355743408, 0.34410998225212097, 0.3406517505645752, 0.33747589588165283, 0.33502501249313354, 0.3311443626880646, 0.32892999053001404, 0.32391467690467834, 0.32002007961273193, 0.32001885771751404, 0.31343144178390503, 0.30963265895843506, 0.30544769763946533, 0.30246102809906006, 0.2991372346878052, 0.2945541441440582, 0.2912978529930115, 0.28818315267562866, 0.2857510447502136, 0.2815222442150116, 0.27945613861083984, 0.2763020992279053, 0.27427786588668823, 0.2724696099758148, 0.2705456018447876, 0.2678949236869812, 0.26776227355003357, 0.2656000256538391, 0.2630058228969574, 0.2624766230583191, 0.2602079510688782, 0.25852328538894653, 0.25771045684814453, 0.2564108669757843, 0.25642871856689453, 0.25483274459838867, 0.25422781705856323, 0.2513056695461273, 0.24973268806934357, 0.24926838278770447, 0.2479923814535141, 0.24777065217494965, 0.2457933872938156, 0.24503187835216522, 0.24383434653282166, 0.24231503903865814, 0.2409348040819168, 0.24201034009456635, 0.24068020284175873, 0.24195905029773712, 0.23724862933158875, 0.23593097925186157, 0.23969034850597382, 0.2359006255865097, 0.23450785875320435, 0.23242983222007751, 0.23139837384223938, 0.2307901531457901, 0.2315959483385086, 0.22863832116127014, 0.22811442613601685, 0.22687788307666779, 0.22703808546066284, 0.2252829223871231, 0.22472375631332397, 0.22580911219120026, 0.228143572807312, 0.22344982624053955, 0.22128638625144958, 0.22062233090400696, 0.22044965624809265, 0.22003576159477234, 0.22096771001815796, 0.21842531859874725, 0.21833373606204987, 0.21720606088638306, 0.2157798558473587, 0.215745747089386, 0.21593505144119263, 0.21535234153270721, 0.21653448045253754, 0.21352772414684296, 0.21315813064575195, 0.21333709359169006, 0.21434268355369568]",33.0,"[33.0, 33.0, 33.0, 33.0, 33.0, 33.0, 33.0, 33.0, 33.0, 33.0, 33.0, 33.0, 33.0, 33.0, 33.0, 33.0, 33.0, 33.0, 33.0, 33.0, 33.0, 33.0, 33.0, 33.0, 33.0, 33.0, 33.0, 33.0, 33.0, 33.0, 33.0, 33.0, 33.0, 33.0, 33.0, 33.0, 33.0, 33.0, 33.0, 33.0, 33.0, 33.0, 33.0, 33.0, 33.0, 33.0, 33.0, 33.0, 33.0, 33.0, 33.0, 33.0, 33.0, 33.0, 33.0, 33.0, 33.0, 33.0, 33.0, 33.0, 33.0, 33.0, 33.0, 33.0, 33.0, 33.0, 33.0, 33.0, 33.0, 33.0, 33.0, 33.0, 33.0, 33.0, 33.0, 33.0, 33.0, 33.0, 33.0, 33.0, 33.0, 33.0, 33.0, 33.0, 33.0, 33.0, 33.0, 33.0, 33.0, 33.0, 33.0, 33.0, 33.0, 33.0, 33.0]",COMPLETE
156,156,0.927825224459301,2024-08-31 06:55:46.492843,2024-08-31 06:58:38.357022,0 days 00:02:51.864179,4,0.09677430614730399,4,265,0.03219168724099494,56,0.03058827287445172,0.94,0.94625,33,"[33, 33, 33, 33, 33, 33, 33, 33, 33, 33, 33, 33, 33, 33, 33, 33, 33, 33, 33, 33, 33, 33, 33, 33, 33, 33, 33, 33, 33, 33, 33, 33, 33, 33, 33, 33, 33, 33, 33, 33, 33, 33, 33, 33, 33, 33, 33, 33, 33, 33, 33, 33, 33, 33, 33, 33, 33, 33, 33, 33, 33, 33, 33, 33, 33, 33, 33, 33, 33, 33, 33, 33, 33, 33, 33, 33, 33, 33, 33, 33, 33, 33, 33, 33, 33, 33, 33, 33, 33, 33, 33, 33, 33, 33, 33, 33, 33, 33, 33, 33, 33, 33, 33, 33, 33, 33, 33, 33, 33, 33, 33, 33, 33, 33, 33, 33, 33, 33, 33, 33, 33, 33, 33, 33, 33, 33, 33, 33, 33, 33, 33, 33, 33, 33, 33, 33, 33, 33, 33, 33, 33, 33, 33, 33, 33, 33, 33, 33, 33, 33, 33, 33, 33, 33, 33, 33, 33, 33, 33, 33, 33, 33, 33, 33, 33, 33, 33, 33, 33, 33, 33, 33, 33, 33, 33, 33, 33, 33, 33, 33, 33, 33, 33, 33, 33, 33, 33, 33, 33, 33, 33, 33, 33, 33, 33, 33, 33, 33, 33, 33, 33, 33, 33, 33, 33, 33, 33, 33, 33, 33, 33, 33, 33, 33, 33, 33, 33, 33, 33, 33, 33, 33, 33, 33, 33, 33, 33, 33, 33, 33, 33, 33, 33, 33, 33, 33, 33, 33, 33, 33, 33, 33, 33, 33, 33, 33, 33, 33, 33, 33, 33, 33, 33, 33, 33, 33, 33, 33, 33, 33, 33, 33, 33, 33, 33]",32.958333333333336,"[32.958333333333336, 32.96785714285714, 32.95952380952381, 32.97261904761905, 32.96666666666667, 32.964285714285715, 32.97261904761905, 32.96666666666667, 32.97261904761905, 32.96666666666667, 32.95595238095238, 32.95714285714286, 32.958333333333336, 32.96071428571429, 32.964285714285715, 32.965476190476195, 32.96666666666667, 32.970238095238095, 32.96785714285714, 32.95833333333333, 32.9547619047619, 32.96547619047619, 32.96309523809524, 32.96190476190476, 32.95357142857143, 32.95952380952381, 32.964285714285715, 32.9547619047619, 32.95, 32.951190476190476, 32.95357142857143, 32.94880952380953, 32.963095238095235, 32.952380952380956, 32.95833333333333, 32.96904761904762, 32.963095238095235, 32.96666666666667, 32.96547619047619, 32.965476190476195, 32.952380952380956, 32.96309523809524, 32.96190476190476, 32.96547619047619, 32.96071428571429, 32.95952380952381, 32.963095238095235, 32.95476190476191, 32.96071428571429, 32.94642857142857, 32.96071428571429, 32.96785714285714, 32.970238095238095, 32.96666666666667, 32.97261904761905, 32.963095238095235, 32.94880952380953, 32.952380952380956, 32.96190476190476, 32.945238095238096, 32.945238095238096, 32.95714285714286, 32.95595238095238, 32.95238095238095, 32.94761904761905, 32.952380952380956, 32.94880952380952, 32.94761904761905, 32.94642857142857, 32.951190476190476, 32.957142857142856, 32.96190476190476, 32.95595238095238, 32.951190476190476, 32.95595238095238, 32.96071428571429, 32.963095238095235, 32.963095238095235, 32.971428571428575, 32.96785714285715, 32.96785714285715, 32.9547619047619, 32.958333333333336, 32.96309523809524, 32.95357142857143, 32.95, 32.96071428571429, 32.959523809523816, 32.96190476190476, 32.95952380952381, 32.95476190476191, 32.96785714285714, 32.957142857142856, 32.96785714285714, 32.95595238095238, 32.96071428571429, 32.95595238095238, 32.95595238095238, 32.957142857142856, 32.95595238095238, 32.96071428571429, 32.95, 32.95, 32.95357142857143, 32.958333333333336, 32.95595238095238, 32.95952380952381, 32.95476190476191, 32.952380952380956, 32.964285714285715, 32.964285714285715, 32.96190476190476, 32.96785714285715, 32.96904761904762, 32.97261904761905, 32.965476190476195, 32.965476190476195, 32.964285714285715, 32.96071428571429, 32.963095238095235, 32.963095238095235, 32.958333333333336, 32.95952380952381, 32.96309523809524, 32.971428571428575, 32.97261904761905, 32.971428571428575, 32.964285714285715, 32.96309523809524, 32.96190476190476, 32.965476190476195, 32.964285714285715, 32.959523809523816, 32.95595238095238, 32.96309523809524, 32.971428571428575, 32.95952380952381, 32.97261904761905, 32.963095238095235, 32.96190476190476, 32.95476190476191, 32.95476190476191, 32.95952380952381, 32.95952380952381, 32.96904761904762, 32.96666666666667, 32.965476190476195, 32.96666666666667, 32.96309523809524, 32.970238095238095, 32.96309523809524, 32.96309523809524, 32.95952380952381, 32.95714285714286, 32.95595238095238, 32.95357142857143, 32.95476190476191, 32.94761904761905, 32.9404761904762, 32.95357142857143, 32.96071428571429, 32.96309523809524, 32.96071428571429, 32.965476190476195, 32.96071428571429, 32.96071428571429, 32.95357142857143, 32.95476190476191, 32.95476190476191, 32.96071428571429, 32.96071428571429, 32.964285714285715, 32.96190476190476, 32.971428571428575, 32.96071428571429, 32.964285714285715, 32.96785714285714, 32.971428571428575, 32.96309523809524, 32.964285714285715, 32.95952380952381, 32.96071428571428, 32.970238095238095, 32.964285714285715, 32.96785714285714, 32.95952380952381, 32.96309523809524, 32.969047619047615, 32.95952380952381, 32.96666666666667, 32.96904761904762, 32.964285714285715, 32.97380952380953, 32.97380952380952, 32.971428571428575, 32.96904761904762, 32.971428571428575, 32.96309523809524, 32.963095238095235, 32.964285714285715, 32.964285714285715, 32.96785714285714, 32.96666666666667, 32.96785714285715, 32.96904761904762, 32.96785714285715, 32.964285714285715, 32.96190476190476, 32.96309523809524, 32.977380952380955, 32.96547619047619, 32.963095238095235, 32.971428571428575, 32.97142857142857, 32.97261904761905, 32.96785714285714, 32.96547619047619, 32.96785714285714, 32.96309523809524, 32.97261904761905, 32.96785714285714, 32.970238095238095, 32.96071428571429, 32.964285714285715, 32.963095238095235, 32.97142857142857, 32.96666666666667, 32.971428571428575, 32.97261904761905, 32.97619047619048, 32.97857142857143, 32.96666666666667, 32.96547619047619, 32.964285714285715, 32.96309523809524, 32.96190476190476, 32.964285714285715, 32.965476190476195, 32.958333333333336, 32.96071428571429, 32.951190476190476, 32.95952380952381, 32.96309523809524, 32.96785714285714, 32.96071428571429, 32.958333333333336, 32.96666666666667, 32.96904761904762, 32.96071428571429, 32.963095238095235, 32.958333333333336, 32.9547619047619, 32.957142857142856, 32.96190476190476, 32.963095238095235, 32.965476190476195, 32.963095238095235, 32.96071428571429, 32.95952380952381, 32.951190476190476, 32.96071428571429, 32.964285714285715, 32.963095238095235, 32.95952380952381, 32.958333333333336]",0.9129533764314436,0.927825224459301,33,"[33, 33, 33, 33, 33, 33, 33, 33, 33, 33, 33, 33, 33, 33, 33, 33, 33, 33, 33, 33, 33, 33, 33, 33, 33, 33, 33, 33, 33, 33, 33, 33, 33, 33, 33, 33, 33, 33, 33, 33, 33, 33, 33, 33, 33, 33, 33, 33, 33, 33, 33, 33, 33, 33, 33, 33, 33, 33, 33, 33, 33, 33, 33, 33, 33, 33, 33, 33, 33, 33, 33, 33, 33, 33, 33, 33, 33, 33, 33, 33, 33, 33, 33, 33, 33, 33, 33, 33, 33, 33, 33, 33, 33, 33, 33, 33, 33, 33, 33, 33, 33, 33, 33, 33, 33, 33, 33, 33, 33, 33, 33, 33, 33, 33, 33, 33, 33, 33, 33, 33, 33, 33, 33, 33, 33, 33, 33, 33, 33, 33, 33, 33, 33, 33, 33, 33, 33, 33, 33, 33, 33, 33, 33, 33, 33, 33, 33, 33, 33, 33, 33, 33, 33, 33, 33, 33, 33, 33, 33, 33, 33, 33, 33, 33, 33, 33, 33, 33, 33, 33, 33, 33, 33, 33, 33, 33, 33, 33, 33, 33, 33, 33, 33, 33, 33, 33, 33, 33, 33, 33, 33, 33, 33, 33, 33, 33, 33, 33, 33, 33, 33, 33, 33, 33, 33, 33, 33, 33, 33, 33, 33, 33, 33, 33, 33, 33, 33, 33, 33, 33, 33, 33, 33, 33, 33, 33, 33, 33, 33, 33, 33, 33, 33, 33, 33, 33, 33, 33, 33, 33, 33, 33, 33, 33, 33, 33, 33, 33, 33, 33, 33, 33, 33, 33, 33, 33, 33, 33, 33, 33, 33, 33, 33, 33, 33]",265,"[0.3931378424167633, 0.3846110999584198, 0.3786490559577942, 0.37498533725738525, 0.3717845678329468, 0.3691454231739044, 0.36692410707473755, 0.3649199306964874, 0.36289265751838684, 0.3620178699493408, 0.3592317998409271, 0.3581160306930542, 0.3557067811489105, 0.3542104661464691, 0.352196604013443, 0.35044243931770325, 0.34837105870246887, 0.346576988697052, 0.3449135720729828, 0.34312203526496887, 0.3415263891220093, 0.33997291326522827, 0.33783382177352905, 0.3363240361213684, 0.33438244462013245, 0.33266502618789673, 0.330409437417984, 0.32891738414764404, 0.3268688917160034, 0.3248734772205353, 0.32274147868156433, 0.32197627425193787, 0.3190299868583679, 0.31710249185562134, 0.3145871162414551, 0.3123585283756256, 0.3106020987033844, 0.30804550647735596, 0.30552607774734497, 0.3036412298679352, 0.3012206554412842, 0.29897341132164, 0.2968001067638397, 0.2947223484516144, 0.2921222448348999, 0.2901358902454376, 0.2876354157924652, 0.2853938937187195, 0.2835182845592499, 0.2811432480812073, 0.27938830852508545, 0.2774932086467743, 0.27544230222702026, 0.27365434169769287, 0.27196359634399414, 0.2704273462295532, 0.2685537338256836, 0.2677746117115021, 0.2655138075351715, 0.26408782601356506, 0.2627035975456238, 0.2613908648490906, 0.2608272135257721, 0.2594456970691681, 0.2578642666339874, 0.25746282935142517, 0.2559003531932831, 0.25463229417800903, 0.2533411681652069, 0.2522035837173462, 0.25113150477409363, 0.2500373125076294, 0.24920207262039185, 0.2482285052537918, 0.24794630706310272, 0.24638715386390686, 0.24590885639190674, 0.2450690120458603, 0.24376849830150604, 0.24295444786548615, 0.2422986924648285, 0.24144622683525085, 0.2407616227865219, 0.24028879404067993, 0.2391320765018463, 0.23880313336849213, 0.23765848577022552, 0.23655582964420319, 0.23679333925247192, 0.23591509461402893, 0.23484480381011963, 0.23411057889461517, 0.23325124382972717, 0.23307743668556213, 0.2317170649766922, 0.23241159319877625, 0.23055826127529144, 0.22998583316802979, 0.22912299633026123, 0.228653222322464, 0.22791248559951782, 0.22768594324588776, 0.22705234587192535, 0.22744421660900116, 0.22597239911556244, 0.22570472955703735, 0.22462350130081177, 0.22387032210826874, 0.22371219098567963, 0.22312359511852264, 0.22233934700489044, 0.22207078337669373, 0.22146716713905334, 0.22103816270828247, 0.22027848660945892, 0.21951068937778473, 0.2206527143716812, 0.21862228214740753, 0.2193029820919037, 0.21813693642616272, 0.21760380268096924, 0.21714188158512115, 0.2177199125289917, 0.21603427827358246, 0.21590013802051544, 0.2152392715215683, 0.2156958132982254, 0.21469703316688538, 0.21469420194625854, 0.21406427025794983, 0.2131410539150238, 0.21306316554546356, 0.21258041262626648, 0.21194282174110413, 0.2119046449661255, 0.21163877844810486, 0.21096090972423553, 0.21073561906814575, 0.2101479172706604, 0.2106894850730896, 0.2093527615070343, 0.20950356125831604, 0.20924648642539978, 0.20836177468299866, 0.2086237072944641, 0.2082308828830719, 0.20761297643184662, 0.20765115320682526, 0.20731626451015472, 0.20788143575191498, 0.20923002064228058, 0.2068450152873993, 0.20633858442306519, 0.20636363327503204, 0.2064306139945984, 0.20553497970104218, 0.20566239953041077, 0.20509782433509827, 0.2061954140663147, 0.20481306314468384, 0.20400376617908478, 0.20329025387763977, 0.20308078825473785, 0.20301416516304016, 0.20212876796722412, 0.20225878059864044, 0.2037307769060135, 0.20219266414642334, 0.20099733769893646, 0.20222529768943787, 0.20255430042743683, 0.20177507400512695, 0.20178966224193573, 0.20092205703258514, 0.20036880671977997, 0.19992196559906006, 0.19993919134140015, 0.20064538717269897, 0.20080462098121643, 0.20005933940410614, 0.20027771592140198, 0.2014150768518448, 0.19868820905685425, 0.19874326884746552, 0.200616717338562, 0.19851991534233093, 0.19990473985671997, 0.19830286502838135, 0.1996614634990692, 0.19874538481235504, 0.1976901888847351, 0.19900096952915192, 0.19816352427005768, 0.19751639664173126, 0.19704775512218475, 0.19674484431743622, 0.19747395813465118, 0.1980433464050293, 0.19607920944690704, 0.19606517255306244, 0.19711816310882568, 0.19589219987392426, 0.19618096947669983, 0.19751769304275513, 0.19812937080860138, 0.19549816846847534, 0.19640587270259857, 0.19761918485164642, 0.1953614354133606, 0.19545720517635345, 0.19591622054576874, 0.1950230598449707, 0.1950734555721283, 0.1942167729139328, 0.19599635899066925, 0.19471275806427002, 0.19373272359371185, 0.19388163089752197, 0.1940324753522873, 0.19451558589935303, 0.1931670755147934, 0.19468802213668823, 0.1947088986635208, 0.19340011477470398, 0.19263401627540588, 0.19479668140411377, 0.1939096301794052, 0.19389180839061737, 0.19285465776920319, 0.19252659380435944, 0.19153158366680145, 0.19345049560070038, 0.1925189048051834, 0.1928798258304596, 0.1917710304260254, 0.1928635835647583, 0.1929490715265274, 0.19198733568191528, 0.1923210769891739, 0.19115902483463287, 0.19362683594226837, 0.1931452751159668, 0.1925017535686493, 0.19255094230175018, 0.19265951216220856, 0.1920580416917801, 0.1945132613182068, 0.19150763750076294, 0.1915464848279953, 0.19273126125335693, 0.19208760559558868, 0.19116415083408356, 0.1922065168619156, 0.1921059787273407, 0.1917489618062973, 0.19036969542503357, 0.1923477053642273, 0.19159074127674103, 0.18942810595035553, 0.19275176525115967, 0.19008636474609375, 0.1891651749610901, 0.1907743662595749, 0.18965557217597961, 0.19004569947719574]",33.0,"[33.0, 33.0, 33.0, 33.0, 33.0, 33.0, 33.0, 33.0, 33.0, 33.0, 33.0, 33.0, 33.0, 33.0, 33.0, 33.0, 33.0, 33.0, 33.0, 33.0, 33.0, 33.0, 33.0, 33.0, 33.0, 33.0, 33.0, 33.0, 33.0, 33.0, 33.0, 33.0, 33.0, 33.0, 33.0, 33.0, 33.0, 33.0, 33.0, 33.0, 33.0, 33.0, 33.0, 33.0, 33.0, 33.0, 33.0, 33.0, 33.0, 33.0, 33.0, 33.0, 33.0, 33.0, 33.0, 33.0, 33.0, 33.0, 33.0, 33.0, 33.0, 33.0, 33.0, 33.0, 33.0, 33.0, 33.0, 33.0, 33.0, 33.0, 33.0, 33.0, 33.0, 33.0, 33.0, 33.0, 33.0, 33.0, 33.0, 33.0, 33.0, 33.0, 33.0, 33.0, 33.0, 33.0, 33.0, 33.0, 33.0, 33.0, 33.0, 33.0, 33.0, 33.0, 33.0, 33.0, 33.0, 33.0, 33.0, 33.0, 33.0, 33.0, 33.0, 33.0, 33.0, 33.0, 33.0, 33.0, 33.0, 33.0, 33.0, 33.0, 33.0, 33.0, 33.0, 33.0, 33.0, 33.0, 33.0, 33.0, 33.0, 33.0, 33.0, 33.0, 33.0, 33.0, 33.0, 33.0, 33.0, 33.0, 33.0, 33.0, 33.0, 33.0, 33.0, 33.0, 33.0, 33.0, 33.0, 33.0, 33.0, 33.0, 33.0, 33.0, 33.0, 33.0, 33.0, 33.0, 33.0, 33.0, 33.0, 33.0, 33.0, 33.0, 33.0, 33.0, 33.0, 33.0, 33.0, 33.0, 33.0, 33.0, 33.0, 33.0, 33.0, 33.0, 33.0, 33.0, 33.0, 33.0, 33.0, 33.0, 33.0, 33.0, 33.0, 33.0, 33.0, 33.0, 33.0, 33.0, 33.0, 33.0, 33.0, 33.0, 33.0, 33.0, 33.0, 33.0, 33.0, 33.0, 33.0, 33.0, 33.0, 33.0, 33.0, 33.0, 33.0, 33.0, 33.0, 33.0, 33.0, 33.0, 33.0, 33.0, 33.0, 33.0, 33.0, 33.0, 33.0, 33.0, 33.0, 33.0, 33.0, 33.0, 33.0, 33.0, 33.0, 33.0, 33.0, 33.0, 33.0, 33.0, 33.0, 33.0, 33.0, 33.0, 33.0, 33.0, 33.0, 33.0, 33.0, 33.0, 33.0, 33.0, 33.0, 33.0, 33.0, 33.0, 33.0, 33.0, 33.0, 33.0, 33.0, 33.0, 33.0, 33.0, 33.0, 33.0, 33.0, 33.0, 33.0, 33.0, 33.0, 33.0, 33.0, 33.0, 33.0, 33.0, 33.0, 33.0, 33.0, 33.0, 33.0, 33.0, 33.0]",COMPLETE
