,number,value,datetime_start,datetime_complete,duration,params_batch_size_scaler,params_constant_learning_rate,params_depth,params_epochs,params_kernel_l2,params_num_trees,params_temperature,user_attrs_accuracy_test,user_attrs_accuracy_valid,user_attrs_approximate_feature_sparsity,user_attrs_approximate_feature_sparsity_history,user_attrs_approximate_weight_sparsity,user_attrs_approximate_weight_sparsity_history,user_attrs_auc_test,user_attrs_auc_valid,user_attrs_feature_sparsity,user_attrs_feature_sparsity_history,user_attrs_num_epochs,user_attrs_val_loss_history,user_attrs_weight_sparsity,user_attrs_weight_sparsity_history,state
38,38,0.9329391609022168,2024-08-31 01:38:42.314687,2024-08-31 01:41:30.034136,0 days 00:02:47.719449,1,0.07354696792804614,2,350,0.03221042524805461,9,0.005497819576985986,0.938,0.94,14,"[33, 33, 33, 33, 33, 30, 27, 25, 22, 21, 17, 16, 16, 15, 15, 15, 15, 15, 15, 15, 15, 15, 15, 15, 15, 15, 15, 15, 15, 15, 15, 15, 15, 15, 15, 15, 15, 15, 15, 15, 15, 15, 15, 15, 15, 15, 15, 15, 15, 15, 15, 15, 15, 15, 15, 15, 15, 15, 15, 15, 15, 15, 15, 15, 15, 15, 15, 15, 15, 15, 15, 15, 15, 15, 15, 15, 15, 15, 15, 15, 15, 15, 15, 15, 15, 15, 15, 15, 15, 14, 14, 14, 14, 14, 14, 14, 14, 14, 14, 14, 14, 14, 14, 14, 14, 14, 14, 14, 14, 14, 14, 14, 14, 14, 14, 14, 14, 14, 14, 14, 14, 14, 14, 14, 14, 14, 14, 14, 14, 14, 14, 14, 14, 14, 14, 14, 14, 14, 14, 14, 14, 14, 14, 14, 14, 14, 14, 14, 14, 14, 14, 14, 14, 14, 14, 14, 14, 14, 14, 14, 14, 14, 14, 14, 14, 14, 14, 14, 14, 14, 14, 14, 14, 14, 14, 14, 14, 14, 14, 14, 14, 14, 14, 14, 14, 14, 14, 14, 14, 14, 14, 14, 14, 14, 14, 14, 14, 14, 14, 14, 14, 14, 14, 14, 14, 14, 14, 14, 14, 14, 14, 14, 14, 14, 14, 14, 14, 14, 14, 14, 14, 14, 14, 14, 14, 14, 14, 14, 14, 14, 14, 14, 14, 14, 14, 14, 14, 14, 14, 14, 14, 14, 14, 14, 14, 14, 14, 14, 14, 14, 14, 14, 14, 14, 14, 14, 14, 14, 14, 14, 14, 14, 14, 14, 14, 14, 14, 14, 14, 14, 14, 14, 14, 14, 14, 14, 14, 14, 14, 14, 14, 14, 14, 14, 14, 14, 14, 14, 14, 14, 14, 14, 14, 14, 14, 14, 14, 14, 14, 14, 14, 14, 14, 14, 14, 14, 14, 14, 14, 14, 14, 14, 14, 14, 14, 14, 14, 14, 14, 14, 14, 14, 14, 14, 14, 14, 14, 14, 14, 14, 14, 14, 14, 14, 14, 14, 14, 14, 14, 14, 14, 14, 14, 14, 14, 14, 14, 14, 14, 14]",13.88888888888889,"[33.0, 33.0, 32.925925925925924, 32.96296296296296, 32.96296296296296, 30.0, 27.0, 25.0, 21.962962962962962, 21.0, 17.0, 16.0, 16.0, 15.0, 15.0, 14.962962962962962, 15.0, 15.0, 15.0, 15.0, 15.0, 15.0, 14.962962962962962, 15.0, 15.0, 15.0, 14.962962962962962, 14.962962962962962, 15.0, 15.0, 14.962962962962962, 15.0, 15.0, 15.0, 15.0, 15.0, 14.962962962962962, 15.0, 14.962962962962962, 14.962962962962962, 15.0, 15.0, 14.962962962962962, 15.0, 15.0, 15.0, 15.0, 15.0, 14.962962962962962, 15.0, 15.0, 15.0, 14.962962962962962, 15.0, 15.0, 15.0, 15.0, 15.0, 14.925925925925924, 14.962962962962962, 15.0, 14.962962962962962, 14.962962962962962, 15.0, 14.962962962962962, 14.962962962962962, 15.0, 14.962962962962962, 14.962962962962962, 15.0, 14.962962962962962, 15.0, 15.0, 15.0, 15.0, 15.0, 15.0, 14.925925925925926, 14.88888888888889, 15.0, 15.0, 14.962962962962962, 14.962962962962962, 14.962962962962962, 15.0, 15.0, 15.0, 15.0, 15.0, 14.0, 14.0, 13.962962962962962, 13.962962962962962, 14.0, 13.962962962962962, 13.962962962962962, 13.962962962962962, 13.962962962962962, 13.962962962962962, 13.962962962962962, 13.962962962962962, 14.0, 13.962962962962962, 14.0, 14.0, 13.925925925925924, 13.962962962962962, 14.0, 13.925925925925926, 14.0, 13.962962962962962, 14.0, 14.0, 14.0, 14.0, 13.962962962962962, 14.0, 14.0, 14.0, 13.962962962962962, 14.0, 14.0, 14.0, 14.0, 13.962962962962962, 13.88888888888889, 13.925925925925924, 14.0, 13.962962962962962, 13.925925925925926, 14.0, 14.0, 13.962962962962962, 13.962962962962962, 14.0, 13.962962962962962, 13.962962962962962, 13.962962962962962, 13.88888888888889, 13.962962962962962, 13.962962962962962, 13.962962962962962, 14.0, 13.962962962962962, 13.925925925925924, 14.0, 14.0, 13.962962962962962, 13.925925925925926, 14.0, 13.925925925925926, 13.962962962962962, 13.925925925925924, 14.0, 13.925925925925926, 14.0, 13.962962962962962, 14.0, 13.925925925925924, 14.0, 14.0, 14.0, 13.962962962962962, 13.925925925925924, 14.0, 14.0, 14.0, 13.888888888888888, 13.962962962962962, 13.962962962962962, 14.0, 13.962962962962962, 13.962962962962962, 13.962962962962962, 14.0, 13.962962962962962, 13.962962962962962, 13.962962962962962, 13.925925925925924, 13.962962962962962, 13.925925925925926, 13.962962962962962, 13.925925925925924, 13.962962962962962, 14.0, 14.0, 13.925925925925926, 14.0, 13.962962962962962, 14.0, 13.925925925925924, 13.962962962962962, 13.962962962962962, 14.0, 13.962962962962962, 14.0, 13.851851851851851, 13.851851851851851, 14.0, 13.88888888888889, 13.962962962962962, 13.962962962962962, 14.0, 14.0, 14.0, 13.925925925925926, 13.88888888888889, 13.814814814814813, 13.925925925925926, 13.88888888888889, 13.962962962962962, 13.962962962962962, 13.851851851851851, 14.0, 13.962962962962962, 13.962962962962962, 13.962962962962962, 13.962962962962962, 13.925925925925924, 13.925925925925924, 14.0, 14.0, 14.0, 13.962962962962962, 13.925925925925926, 13.88888888888889, 13.962962962962962, 14.0, 13.962962962962962, 13.88888888888889, 13.925925925925926, 13.962962962962962, 13.962962962962962, 14.0, 13.851851851851851, 13.962962962962962, 13.925925925925924, 14.0, 13.88888888888889, 13.962962962962962, 13.925925925925926, 13.925925925925924, 13.925925925925926, 14.0, 13.851851851851851, 13.925925925925926, 13.925925925925926, 13.962962962962962, 13.962962962962962, 13.962962962962962, 14.0, 13.851851851851851, 14.0, 14.0, 13.777777777777777, 13.88888888888889, 13.962962962962962, 14.0, 13.962962962962962, 13.925925925925924, 13.962962962962962, 14.0, 13.962962962962962, 13.851851851851851, 13.88888888888889, 14.0, 13.888888888888888, 13.888888888888888, 13.814814814814815, 13.925925925925924, 13.925925925925924, 13.925925925925924, 13.925925925925924, 13.88888888888889, 13.925925925925924, 13.925925925925926, 13.88888888888889, 13.925925925925924, 13.814814814814815, 13.925925925925924, 13.925925925925924, 13.88888888888889, 13.925925925925924, 13.925925925925924, 13.925925925925924, 13.925925925925926, 13.88888888888889, 13.925925925925926, 13.962962962962962, 13.925925925925924, 13.925925925925924, 13.962962962962962, 13.88888888888889, 14.0, 13.88888888888889, 13.925925925925924, 13.962962962962962, 14.0, 13.851851851851851, 13.962962962962962, 13.925925925925924, 13.925925925925924, 13.814814814814815, 13.962962962962962, 13.925925925925926, 13.962962962962962, 13.777777777777775, 13.962962962962962, 14.0, 13.962962962962962, 13.88888888888889, 13.962962962962962, 14.0, 13.962962962962962, 13.851851851851851, 13.888888888888888, 14.0, 13.962962962962962, 14.0, 13.925925925925924, 13.962962962962962, 14.0, 13.925925925925926, 13.962962962962962, 13.962962962962962, 13.962962962962962, 13.962962962962962, 14.0, 13.962962962962962, 13.962962962962962, 13.962962962962962, 14.0, 13.851851851851851, 13.962962962962962, 13.88888888888889, 14.0, 14.0, 14.0, 13.962962962962962, 14.0, 13.962962962962962, 13.925925925925926, 14.0, 13.851851851851851, 14.0, 14.0, 13.925925925925926, 14.0, 14.0, 13.88888888888889]",0.9108810343546428,0.9329391609022168,14,"[33, 33, 33, 33, 33, 30, 27, 25, 22, 21, 17, 16, 16, 15, 15, 15, 15, 15, 15, 15, 15, 15, 15, 15, 15, 15, 15, 15, 15, 15, 15, 15, 15, 15, 15, 15, 15, 15, 15, 15, 15, 15, 15, 15, 15, 15, 15, 15, 15, 15, 15, 15, 15, 15, 15, 15, 15, 15, 15, 15, 15, 15, 15, 15, 15, 15, 15, 15, 15, 15, 15, 15, 15, 15, 15, 15, 15, 15, 15, 15, 15, 15, 15, 15, 15, 15, 15, 15, 15, 14, 14, 14, 14, 14, 14, 14, 14, 14, 14, 14, 14, 14, 14, 14, 14, 14, 14, 14, 14, 14, 14, 14, 14, 14, 14, 14, 14, 14, 14, 14, 14, 14, 14, 14, 14, 14, 14, 14, 14, 14, 14, 14, 14, 14, 14, 14, 14, 14, 14, 14, 14, 14, 14, 14, 14, 14, 14, 14, 14, 14, 14, 14, 14, 14, 14, 14, 14, 14, 14, 14, 14, 14, 14, 14, 14, 14, 14, 14, 14, 14, 14, 14, 14, 14, 14, 14, 14, 14, 14, 14, 14, 14, 14, 14, 14, 14, 14, 14, 14, 14, 14, 14, 14, 14, 14, 14, 14, 14, 14, 14, 14, 14, 14, 14, 14, 14, 14, 14, 14, 14, 14, 14, 14, 14, 14, 14, 14, 14, 14, 14, 14, 14, 14, 14, 14, 14, 14, 14, 14, 14, 14, 14, 14, 14, 14, 14, 14, 14, 14, 14, 14, 14, 14, 14, 14, 14, 14, 14, 14, 14, 14, 14, 14, 14, 14, 14, 14, 14, 14, 14, 14, 14, 14, 14, 14, 14, 14, 14, 14, 14, 14, 14, 14, 14, 14, 14, 14, 14, 14, 14, 14, 14, 14, 14, 14, 14, 14, 14, 14, 14, 14, 14, 14, 14, 14, 14, 14, 14, 14, 14, 14, 14, 14, 14, 14, 14, 14, 14, 14, 14, 14, 14, 14, 14, 14, 14, 14, 14, 14, 14, 14, 14, 14, 14, 14, 14, 14, 14, 14, 14, 14, 14, 14, 14, 14, 14, 14, 14, 14, 14, 14, 14, 14, 14, 14, 14, 14, 14, 14, 14]",350,"[0.41200879216194153, 0.3957347571849823, 0.3821333944797516, 0.37383171916007996, 0.36683040857315063, 0.3531275689601898, 0.3409520387649536, 0.33495643734931946, 0.3187985122203827, 0.306643009185791, 0.2951059937477112, 0.28659287095069885, 0.28064656257629395, 0.2767782509326935, 0.2752230167388916, 0.2719527781009674, 0.26287752389907837, 0.2603176236152649, 0.2577984929084778, 0.2561463713645935, 0.2530623972415924, 0.25216174125671387, 0.24691082537174225, 0.24207644164562225, 0.24152594804763794, 0.24028125405311584, 0.23787476122379303, 0.24026143550872803, 0.2380417287349701, 0.23573704063892365, 0.23748861253261566, 0.23283684253692627, 0.23372572660446167, 0.23133796453475952, 0.231082022190094, 0.22956201434135437, 0.23245851695537567, 0.22945302724838257, 0.2315283566713333, 0.22948743402957916, 0.23126532137393951, 0.2242307811975479, 0.22877970337867737, 0.22461852431297302, 0.22661840915679932, 0.22622373700141907, 0.2230253964662552, 0.21816056966781616, 0.21778802573680878, 0.23040343821048737, 0.226295605301857, 0.2181846797466278, 0.22671855986118317, 0.2204202115535736, 0.21665170788764954, 0.22416383028030396, 0.21826255321502686, 0.21636171638965607, 0.21824318170547485, 0.21462605893611908, 0.2188602238893509, 0.21728868782520294, 0.21181030571460724, 0.21508780121803284, 0.22505226731300354, 0.21936388313770294, 0.21008695662021637, 0.21509045362472534, 0.2131933569908142, 0.21259455382823944, 0.21999822556972504, 0.21581146121025085, 0.21677535772323608, 0.21298150718212128, 0.21464043855667114, 0.21189206838607788, 0.20932932198047638, 0.2144114077091217, 0.22203147411346436, 0.22351229190826416, 0.21316397190093994, 0.2100270688533783, 0.21374033391475677, 0.21525710821151733, 0.21543490886688232, 0.2080768644809723, 0.2052626758813858, 0.20435823500156403, 0.20880500972270966, 0.21419686079025269, 0.2064591348171234, 0.21125315129756927, 0.20617471635341644, 0.2159685343503952, 0.21088817715644836, 0.22570203244686127, 0.21344926953315735, 0.20904242992401123, 0.2134600281715393, 0.21847611665725708, 0.20627108216285706, 0.20839643478393555, 0.20472896099090576, 0.2052956223487854, 0.2068825662136078, 0.2042815238237381, 0.20483198761940002, 0.20845189690589905, 0.20716191828250885, 0.20620189607143402, 0.21161332726478577, 0.21569634974002838, 0.20593705773353577, 0.21911485493183136, 0.21310608088970184, 0.20878882706165314, 0.2023005485534668, 0.2104925662279129, 0.21050472557544708, 0.2046557068824768, 0.20891675353050232, 0.2087458372116089, 0.20138077437877655, 0.2081238031387329, 0.2025127410888672, 0.2042582929134369, 0.1999257206916809, 0.2012559324502945, 0.2043045461177826, 0.20653118193149567, 0.20611828565597534, 0.22496774792671204, 0.20268097519874573, 0.20538955926895142, 0.21186991035938263, 0.2047768533229828, 0.2056775987148285, 0.20217260718345642, 0.2039508819580078, 0.2039775401353836, 0.20442238450050354, 0.2089204043149948, 0.20257611572742462, 0.20792993903160095, 0.22214700281620026, 0.20489276945590973, 0.2111368030309677, 0.19807691872119904, 0.20752370357513428, 0.20014171302318573, 0.2140951156616211, 0.21078941226005554, 0.19767646491527557, 0.2083846479654312, 0.20811110734939575, 0.20292185246944427, 0.19634941220283508, 0.2075691819190979, 0.21192419528961182, 0.19696660339832306, 0.204843670129776, 0.20094089210033417, 0.2032473385334015, 0.2004433274269104, 0.20173455774784088, 0.20252807438373566, 0.1943516880273819, 0.19776268303394318, 0.2038584202528, 0.20953306555747986, 0.19554899632930756, 0.20410223305225372, 0.204663947224617, 0.20040082931518555, 0.20051716268062592, 0.2098177969455719, 0.19773836433887482, 0.21375371515750885, 0.1929512768983841, 0.1964402049779892, 0.19845709204673767, 0.20346061885356903, 0.20817390084266663, 0.19853805005550385, 0.20630623400211334, 0.19800888001918793, 0.2141295224428177, 0.20822934806346893, 0.19227565824985504, 0.21661069989204407, 0.2089509218931198, 0.20806926488876343, 0.2024933248758316, 0.19740574061870575, 0.204009547829628, 0.19911670684814453, 0.217470183968544, 0.20135945081710815, 0.2037455141544342, 0.19764840602874756, 0.21249769628047943, 0.20164719223976135, 0.19647133350372314, 0.1983225792646408, 0.19877231121063232, 0.1986130177974701, 0.19978640973567963, 0.20557820796966553, 0.21509502828121185, 0.19941481947898865, 0.20728141069412231, 0.1937302201986313, 0.19861900806427002, 0.20224913954734802, 0.19352306425571442, 0.19475413858890533, 0.20171135663986206, 0.19783955812454224, 0.2023240625858307, 0.2013811618089676, 0.200413778424263, 0.19832277297973633, 0.2018277496099472, 0.20790092647075653, 0.19694830477237701, 0.218598410487175, 0.21144632995128632, 0.19691884517669678, 0.21189607679843903, 0.19482114911079407, 0.20465123653411865, 0.21496526896953583, 0.19831103086471558, 0.18986640870571136, 0.20023126900196075, 0.21159765124320984, 0.19858327507972717, 0.2027740627527237, 0.20053598284721375, 0.20979459583759308, 0.20066910982131958, 0.20045962929725647, 0.20702490210533142, 0.20074492692947388, 0.2072451263666153, 0.18922370672225952, 0.20061777532100677, 0.196578711271286, 0.2019493132829666, 0.1973573863506317, 0.20462827384471893, 0.21541787683963776, 0.2186487317085266, 0.20453761518001556, 0.2003748118877411, 0.19936208426952362, 0.20440368354320526, 0.19977864623069763, 0.19693659245967865, 0.2025269716978073, 0.20728512108325958, 0.19872786104679108, 0.19804593920707703, 0.20694220066070557, 0.19508421421051025, 0.2149217277765274, 0.20176702737808228, 0.20131753385066986, 0.19657957553863525, 0.19610337913036346, 0.19765914976596832, 0.19659049808979034, 0.20001563429832458, 0.1964978575706482, 0.21179533004760742, 0.20213010907173157, 0.1994497925043106, 0.2025439441204071, 0.20119231939315796, 0.18931981921195984, 0.19689518213272095, 0.18921545147895813, 0.19911344349384308, 0.20002318918704987, 0.1939373016357422, 0.1980307698249817, 0.1987234354019165, 0.19904199242591858, 0.20785605907440186, 0.1952815055847168, 0.19238442182540894, 0.20472383499145508, 0.1858074814081192, 0.18975788354873657, 0.21172045171260834, 0.2338540107011795, 0.20506322383880615, 0.19942957162857056, 0.1901579350233078, 0.19956453144550323, 0.1988777369260788, 0.1880846917629242, 0.20819853246212006, 0.2073630392551422, 0.18792831897735596, 0.19704368710517883, 0.19418029487133026, 0.19582301378250122, 0.21922868490219116, 0.19752511382102966, 0.19557638466358185, 0.20092758536338806, 0.19593924283981323, 0.2069890946149826, 0.19692911207675934, 0.19924546778202057, 0.20159366726875305, 0.18677398562431335, 0.21576303243637085, 0.1897841840982437, 0.19116975367069244, 0.2019239366054535, 0.20122754573822021, 0.2015935778617859, 0.19406923651695251, 0.19363683462142944, 0.20439372956752777, 0.1990339607000351, 0.2019728124141693, 0.20250597596168518, 0.19892536103725433, 0.1984839290380478, 0.1914626508951187, 0.2000601440668106, 0.20679718255996704, 0.19837549328804016, 0.1980937123298645, 0.19412487745285034, 0.20040136575698853, 0.1958843171596527, 0.2005523145198822, 0.19807817041873932, 0.1986512392759323, 0.19802728295326233, 0.18522897362709045, 0.20400631427764893, 0.20257794857025146, 0.19886696338653564, 0.18818601965904236, 0.19527801871299744]",14.0,"[33.0, 33.0, 33.0, 33.0, 33.0, 30.0, 27.0, 25.0, 22.0, 21.0, 17.0, 16.0, 16.0, 15.0, 15.0, 15.0, 15.0, 15.0, 15.0, 15.0, 15.0, 15.0, 15.0, 15.0, 15.0, 15.0, 15.0, 15.0, 15.0, 15.0, 15.0, 15.0, 15.0, 15.0, 15.0, 15.0, 15.0, 15.0, 15.0, 15.0, 15.0, 15.0, 15.0, 15.0, 15.0, 15.0, 15.0, 15.0, 15.0, 15.0, 15.0, 15.0, 15.0, 15.0, 15.0, 15.0, 15.0, 15.0, 15.0, 15.0, 15.0, 15.0, 15.0, 15.0, 15.0, 15.0, 15.0, 15.0, 15.0, 15.0, 15.0, 15.0, 15.0, 15.0, 15.0, 15.0, 15.0, 15.0, 15.0, 15.0, 15.0, 15.0, 15.0, 15.0, 15.0, 15.0, 15.0, 15.0, 15.0, 14.0, 14.0, 14.0, 14.0, 14.0, 14.0, 14.0, 14.0, 14.0, 14.0, 14.0, 14.0, 14.0, 14.0, 14.0, 14.0, 14.0, 14.0, 14.0, 14.0, 14.0, 14.0, 14.0, 14.0, 14.0, 14.0, 14.0, 14.0, 14.0, 14.0, 14.0, 14.0, 14.0, 14.0, 14.0, 14.0, 14.0, 14.0, 14.0, 14.0, 14.0, 14.0, 14.0, 14.0, 14.0, 14.0, 14.0, 14.0, 14.0, 14.0, 14.0, 14.0, 14.0, 14.0, 14.0, 14.0, 14.0, 14.0, 14.0, 14.0, 14.0, 14.0, 14.0, 14.0, 14.0, 14.0, 14.0, 14.0, 14.0, 14.0, 14.0, 14.0, 14.0, 14.0, 14.0, 14.0, 14.0, 14.0, 14.0, 14.0, 14.0, 14.0, 14.0, 14.0, 14.0, 14.0, 14.0, 14.0, 14.0, 14.0, 14.0, 14.0, 14.0, 14.0, 14.0, 14.0, 14.0, 14.0, 14.0, 14.0, 14.0, 14.0, 14.0, 14.0, 14.0, 14.0, 14.0, 14.0, 14.0, 14.0, 14.0, 14.0, 14.0, 14.0, 14.0, 14.0, 14.0, 14.0, 14.0, 14.0, 14.0, 14.0, 14.0, 14.0, 14.0, 14.0, 14.0, 14.0, 14.0, 14.0, 14.0, 14.0, 14.0, 14.0, 14.0, 14.0, 14.0, 14.0, 14.0, 14.0, 14.0, 14.0, 14.0, 14.0, 14.0, 14.0, 14.0, 14.0, 14.0, 14.0, 14.0, 14.0, 14.0, 14.0, 14.0, 14.0, 14.0, 14.0, 14.0, 14.0, 14.0, 14.0, 14.0, 14.0, 14.0, 14.0, 14.0, 14.0, 14.0, 14.0, 14.0, 14.0, 14.0, 14.0, 14.0, 14.0, 14.0, 14.0, 14.0, 14.0, 14.0, 14.0, 14.0, 14.0, 14.0, 14.0, 14.0, 14.0, 14.0, 14.0, 14.0, 14.0, 14.0, 14.0, 14.0, 14.0, 14.0, 14.0, 14.0, 14.0, 14.0, 14.0, 14.0, 14.0, 14.0, 14.0, 14.0, 14.0, 14.0, 14.0, 14.0, 14.0, 14.0, 14.0, 14.0, 14.0, 14.0, 14.0, 14.0, 14.0, 14.0, 14.0, 14.0, 14.0, 14.0, 14.0, 14.0, 14.0, 14.0, 14.0, 14.0, 14.0, 14.0, 14.0, 14.0, 14.0, 14.0, 14.0, 14.0, 14.0, 14.0, 14.0, 14.0, 14.0, 14.0, 14.0, 14.0, 14.0, 14.0, 14.0, 14.0, 14.0, 14.0, 14.0, 14.0, 14.0, 14.0, 14.0, 14.0, 14.0, 14.0]",COMPLETE
