,number,value,datetime_start,datetime_complete,duration,params_batch_size_scaler,params_constant_learning_rate,params_depth,params_epochs,params_kernel_l2,params_num_trees,params_temperature,user_attrs_accuracy_test,user_attrs_accuracy_valid,user_attrs_approximate_feature_sparsity,user_attrs_approximate_feature_sparsity_history,user_attrs_approximate_weight_sparsity,user_attrs_approximate_weight_sparsity_history,user_attrs_auc_test,user_attrs_auc_valid,user_attrs_feature_sparsity,user_attrs_feature_sparsity_history,user_attrs_num_epochs,user_attrs_val_loss_history,user_attrs_weight_sparsity,user_attrs_weight_sparsity_history,state
77,77,0.5,2024-08-31 03:33:04.464667,2024-08-31 03:33:47.792331,0 days 00:00:43.327664,1,0.33210246692754053,2,90,0.03426376617011151,6,0.0004140296267526315,0.859,0.85875,0,"[33, 16, 7, 6, 5, 4, 4, 4, 4, 2, 2, 2, 2, 2, 2, 2, 1, 0, 0, 0, 0, 0, 0, 0, 0, 0, 0, 0, 0, 0, 0, 0, 0, 0, 0, 0, 0, 0, 0, 0, 0, 0, 0, 0, 0, 0, 0, 0, 0, 0, 0, 0, 0, 0, 0, 0, 0, 0, 0, 0, 0, 0, 0, 0, 0, 0, 0, 0, 0, 0, 0, 0, 0, 0, 0, 0, 0, 0, 0, 0, 0, 0, 0, 0, 0, 0, 0, 0, 0, 0]",0.0,"[33.0, 16.0, 7.0, 6.0, 5.0, 4.0, 4.0, 4.0, 4.0, 2.0, 2.0, 2.0, 2.0, 1.9444444444444444, 2.0, 2.0, 1.0, 0.0, 0.0, 0.0, 0.0, 0.0, 0.0, 0.0, 0.0, 0.0, 0.0, 0.0, 0.0, 0.0, 0.0, 0.0, 0.0, 0.0, 0.0, 0.0, 0.0, 0.0, 0.0, 0.0, 0.0, 0.0, 0.0, 0.0, 0.0, 0.0, 0.0, 0.0, 0.0, 0.0, 0.0, 0.0, 0.0, 0.0, 0.0, 0.0, 0.0, 0.0, 0.0, 0.0, 0.0, 0.0, 0.0, 0.0, 0.0, 0.0, 0.0, 0.0, 0.0, 0.0, 0.0, 0.0, 0.0, 0.0, 0.0, 0.0, 0.0, 0.0, 0.0, 0.0, 0.0, 0.0, 0.0, 0.0, 0.0, 0.0, 0.0, 0.0, 0.0, 0.0]",0.5,0.5,0,"[33, 16, 7, 6, 5, 4, 4, 4, 4, 2, 2, 2, 2, 2, 2, 2, 1, 0, 0, 0, 0, 0, 0, 0, 0, 0, 0, 0, 0, 0, 0, 0, 0, 0, 0, 0, 0, 0, 0, 0, 0, 0, 0, 0, 0, 0, 0, 0, 0, 0, 0, 0, 0, 0, 0, 0, 0, 0, 0, 0, 0, 0, 0, 0, 0, 0, 0, 0, 0, 0, 0, 0, 0, 0, 0, 0, 0, 0, 0, 0, 0, 0, 0, 0, 0, 0, 0, 0, 0, 0]",90,"[0.37313008308410645, 0.3190256357192993, 0.32592785358428955, 0.32125213742256165, 0.32130372524261475, 0.3404046297073364, 0.33368685841560364, 0.3134012818336487, 0.3097262978553772, 0.36626702547073364, 0.34854838252067566, 0.3491101861000061, 0.3433429002761841, 0.33736804127693176, 0.33893734216690063, 0.33634114265441895, 0.395625501871109, 0.4449746012687683, 0.41277438402175903, 0.40828177332878113, 0.408895343542099, 0.41039738059043884, 0.4080536365509033, 0.4075131118297577, 0.4087596833705902, 0.4109218716621399, 0.4073565602302551, 0.4078889489173889, 0.40722721815109253, 0.41073939204216003, 0.4072326719760895, 0.41249287128448486, 0.40751227736473083, 0.4121238589286804, 0.4074031412601471, 0.4119873344898224, 0.4091385006904602, 0.40740227699279785, 0.41534554958343506, 0.40784287452697754, 0.4077313542366028, 0.41075029969215393, 0.40804436802864075, 0.4073179364204407, 0.41039833426475525, 0.40864139795303345, 0.4081621468067169, 0.40778160095214844, 0.4092975854873657, 0.4087345600128174, 0.40839526057243347, 0.4075985848903656, 0.40734994411468506, 0.4093727767467499, 0.41092222929000854, 0.40724998712539673, 0.4082454442977905, 0.41213497519493103, 0.4113687574863434, 0.4109393060207367, 0.4089466333389282, 0.40965908765792847, 0.42211011052131653, 0.43916434049606323, 0.4149000644683838, 0.40784376859664917, 0.4124859571456909, 0.40744099020957947, 0.41061702370643616, 0.4158118963241577, 0.41483521461486816, 0.4072283208370209, 0.4095468521118164, 0.4078364074230194, 0.41709643602371216, 0.414244145154953, 0.4072832465171814, 0.4094163775444031, 0.4076566994190216, 0.407439649105072, 0.4119004011154175, 0.40731102228164673, 0.4091576337814331, 0.40772774815559387, 0.4145262837409973, 0.4122549295425415, 0.41145431995391846, 0.4077157974243164, 0.40776360034942627, 0.40746310353279114]",0.0,"[33.0, 16.0, 7.0, 6.0, 5.0, 4.0, 4.0, 4.0, 4.0, 2.0, 2.0, 2.0, 2.0, 2.0, 2.0, 2.0, 1.0, 0.0, 0.0, 0.0, 0.0, 0.0, 0.0, 0.0, 0.0, 0.0, 0.0, 0.0, 0.0, 0.0, 0.0, 0.0, 0.0, 0.0, 0.0, 0.0, 0.0, 0.0, 0.0, 0.0, 0.0, 0.0, 0.0, 0.0, 0.0, 0.0, 0.0, 0.0, 0.0, 0.0, 0.0, 0.0, 0.0, 0.0, 0.0, 0.0, 0.0, 0.0, 0.0, 0.0, 0.0, 0.0, 0.0, 0.0, 0.0, 0.0, 0.0, 0.0, 0.0, 0.0, 0.0, 0.0, 0.0, 0.0, 0.0, 0.0, 0.0, 0.0, 0.0, 0.0, 0.0, 0.0, 0.0, 0.0, 0.0, 0.0, 0.0, 0.0, 0.0, 0.0]",COMPLETE
78,78,0.6918756682253224,2024-08-31 03:33:49.610551,2024-08-31 03:33:53.574148,0 days 00:00:03.963597,64,7.1525661808761845,2,15,0.12519342039043552,32,0.00016507454461595514,0.874,0.88125,30,"[33, 33, 33, 33, 33, 33, 33, 33, 33, 33, 32, 30, 30, 30, 30]",29.96875,"[32.958333333333336, 32.989583333333336, 33.0, 32.97916666666667, 32.989583333333336, 32.989583333333336, 33.0, 33.0, 33.0, 32.989583333333336, 31.989583333333336, 30.0, 29.989583333333336, 30.0, 29.96875]",0.7062228056704561,0.6918756682253224,30,"[33, 33, 33, 33, 33, 33, 33, 33, 33, 33, 32, 30, 30, 30, 30]",15,"[2.71274995803833, 1.1660187244415283, 1.7485358715057373, 9.563669204711914, 16.04346466064453, 27.1015682220459, 32.62750244140625, 15.5241060256958, 12.139305114746094, 26.350893020629883, 12.682708740234375, 11.852309226989746, 26.516834259033203, 6.012241840362549, 1.6310207843780518]",30.0,"[33.0, 33.0, 33.0, 33.0, 33.0, 33.0, 33.0, 33.0, 33.0, 33.0, 32.0, 30.0, 30.0, 30.0, 30.0]",COMPLETE
