,number,value,datetime_start,datetime_complete,duration,params_batch_size_scaler,params_constant_learning_rate,params_depth,params_epochs,params_kernel_l2,params_num_trees,params_temperature,user_attrs_accuracy_test,user_attrs_accuracy_valid,user_attrs_approximate_feature_sparsity,user_attrs_approximate_feature_sparsity_history,user_attrs_approximate_weight_sparsity,user_attrs_approximate_weight_sparsity_history,user_attrs_auc_test,user_attrs_auc_valid,user_attrs_feature_sparsity,user_attrs_feature_sparsity_history,user_attrs_num_epochs,user_attrs_val_loss_history,user_attrs_weight_sparsity,user_attrs_weight_sparsity_history,state
117,117,0.9216550089526091,2024-08-31 05:25:55.416471,2024-08-31 05:37:12.852041,0 days 00:11:17.435570,1,0.0662188139598359,5,495,0.008461713564209225,35,0.0004968679136890754,0.934,0.92875,33,"[33, 33, 33, 33, 33, 33, 33, 33, 33, 33, 33, 33, 33, 33, 33, 33, 33, 33, 33, 33, 33, 33, 33, 33, 33, 33, 33, 33, 33, 33, 33, 33, 33, 33, 33, 33, 33, 33, 33, 33, 33, 33, 33, 33, 33, 33, 33, 33, 33, 33, 33, 33, 33, 33, 33, 33, 33, 33, 33, 33, 33, 33, 33, 33, 33, 33, 33, 33, 33, 33, 33, 33, 33, 33, 33, 33, 33, 33, 33, 33, 33, 33, 33, 33, 33, 33, 33, 33, 33, 33, 33, 33, 33, 33, 33, 33, 33, 33, 33, 33, 33, 33, 33, 33, 33, 33, 33, 33, 33, 33, 33, 33, 33, 33, 33, 33, 33, 33, 33, 33, 33, 33, 33, 33, 33, 33, 33, 33, 33, 33, 33, 33, 33, 33, 33, 33, 33, 33, 33, 33, 33, 33, 33, 33, 33, 33, 33, 33, 33, 33, 33, 33, 33, 33, 33, 33, 33, 33, 33, 33, 33, 33, 33, 33, 33, 33, 33, 33, 33, 33, 33, 33, 33, 33, 33, 33, 33, 33, 33, 33, 33, 33, 33, 33, 33, 33, 33, 33, 33, 33, 33, 33, 33, 33, 33, 33, 33, 33, 33, 33, 33, 33, 33, 33, 33, 33, 33, 33, 33, 33, 33, 33, 33, 33, 33, 33, 33, 33, 33, 33, 33, 33, 33, 33, 33, 33, 33, 33, 33, 33, 33, 33, 33, 33, 33, 33, 33, 33, 33, 33, 33, 33, 33, 33, 33, 33, 33, 33, 33, 33, 33, 33, 33, 33, 33, 33, 33, 33, 33, 33, 33, 33, 33, 33, 33, 33, 33, 33, 33, 33, 33, 33, 33, 33, 33, 33, 33, 33, 33, 33, 33, 33, 33, 33, 33, 33, 33, 33, 33, 33, 33, 33, 33, 33, 33, 33, 33, 33, 33, 33, 33, 33, 33, 33, 33, 33, 33, 33, 33, 33, 33, 33, 33, 33, 33, 33, 33, 33, 33, 33, 33, 33, 33, 33, 33, 33, 33, 33, 33, 33, 33, 33, 33, 33, 33, 33, 33, 33, 33, 33, 33, 33, 33, 33, 33, 33, 33, 33, 33, 33, 33, 33, 33, 33, 33, 33, 33, 33, 33, 33, 33, 33, 33, 33, 33, 33, 33, 33, 33, 33, 33, 33, 33, 33, 33, 33, 33, 33, 33, 33, 33, 33, 33, 33, 33, 33, 33, 33, 33, 33, 33, 33, 33, 33, 33, 33, 33, 33, 33, 33, 33, 33, 33, 33, 33, 33, 33, 33, 33, 33, 33, 33, 33, 33, 33, 33, 33, 33, 33, 33, 33, 33, 33, 33, 33, 33, 33, 33, 33, 33, 33, 33, 33, 33, 33, 33, 33, 33, 33, 33, 33, 33, 33, 33, 33, 33, 33, 33, 33, 33, 33, 33, 33, 33, 33, 33, 33, 33, 33, 33, 33, 33, 33, 33, 33, 33, 33, 33, 33, 33, 33, 33, 33, 33, 33, 33, 33, 33, 33, 33, 33, 33, 33, 33, 33, 33, 33, 33, 33, 33, 33, 33, 33, 33, 33]",32.953917050691246,"[32.96036866359447, 32.964055299539176, 32.96866359447005, 32.96221198156682, 32.954838709677425, 32.963133640552996, 32.95944700460829, 32.962211981566824, 32.961290322580645, 32.95760368663595, 32.95852534562212, 32.94746543778802, 32.952073732718894, 32.95852534562212, 32.95576036866359, 32.95668202764977, 32.96036866359447, 32.95852534562212, 32.95760368663594, 32.96036866359447, 32.95852534562212, 32.95483870967742, 32.95299539170507, 32.95944700460829, 32.95760368663595, 32.96036866359447, 32.96682027649769, 32.9557603686636, 32.95576036866359, 32.96221198156682, 32.961290322580645, 32.95852534562212, 32.94838709677419, 32.95944700460829, 32.95668202764977, 32.95023041474654, 32.941935483870964, 32.95760368663595, 32.953917050691246, 32.952995391705066, 32.9557603686636, 32.96036866359447, 32.95023041474654, 32.9557603686636, 32.951152073732715, 32.946543778801846, 32.94746543778802, 32.9557603686636, 32.95760368663595, 32.96036866359447, 32.96405529953917, 32.9668202764977, 32.9668202764977, 32.96774193548387, 32.96405529953917, 32.95483870967742, 32.96589861751152, 32.962211981566824, 32.94838709677419, 32.961290322580645, 32.95668202764977, 32.961290322580645, 32.96405529953917, 32.953917050691246, 32.95299539170507, 32.952073732718894, 32.952073732718894, 32.94746543778802, 32.95299539170507, 32.952073732718894, 32.94193548387097, 32.94746543778802, 32.95944700460829, 32.961290322580645, 32.953917050691246, 32.95483870967742, 32.953917050691246, 32.95483870967742, 32.95668202764977, 32.963133640552996, 32.96036866359447, 32.96497695852535, 32.961290322580645, 32.96036866359447, 32.95668202764977, 32.96036866359447, 32.96405529953917, 32.96774193548387, 32.96405529953917, 32.96774193548387, 32.962211981566824, 32.961290322580645, 32.96405529953917, 32.95760368663595, 32.960368663594465, 32.95852534562212, 32.95760368663595, 32.952073732718894, 32.95668202764977, 32.95115207373272, 32.95760368663594, 32.9557603686636, 32.95483870967742, 32.952995391705066, 32.951152073732715, 32.95115207373272, 32.95852534562212, 32.94654377880184, 32.952995391705066, 32.962211981566824, 32.9668202764977, 32.95852534562212, 32.96405529953917, 32.95576036866359, 32.95576036866359, 32.95944700460829, 32.96036866359447, 32.95944700460829, 32.95944700460829, 32.96221198156682, 32.96405529953917, 32.95852534562212, 32.952073732718894, 32.961290322580645, 32.968663594470044, 32.961290322580645, 32.95668202764977, 32.95023041474654, 32.963133640552996, 32.95483870967742, 32.9557603686636, 32.95944700460829, 32.963133640552996, 32.953917050691246, 32.95483870967742, 32.94930875576036, 32.94838709677419, 32.953917050691246, 32.951152073732715, 32.94930875576037, 32.95023041474654, 32.946543778801846, 32.953917050691246, 32.95760368663594, 32.95023041474654, 32.95483870967742, 32.95760368663594, 32.95023041474654, 32.95023041474654, 32.95576036866359, 32.952073732718894, 32.953917050691246, 32.95760368663594, 32.96036866359447, 32.95483870967742, 32.96221198156682, 32.953917050691246, 32.95668202764977, 32.962211981566824, 32.96497695852535, 32.958525345622114, 32.96682027649769, 32.96497695852535, 32.961290322580645, 32.963133640552996, 32.96958525345622, 32.970506912442396, 32.96589861751152, 32.968663594470044, 32.96774193548387, 32.96589861751152, 32.96221198156682, 32.971428571428575, 32.969585253456216, 32.96589861751152, 32.95760368663595, 32.96405529953917, 32.96774193548387, 32.96405529953917, 32.961290322580645, 32.95760368663594, 32.95944700460829, 32.96221198156682, 32.968663594470044, 32.969585253456216, 32.96036866359447, 32.96405529953917, 32.97235023041475, 32.96589861751152, 32.9668202764977, 32.961290322580645, 32.961290322580645, 32.96129032258065, 32.96589861751152, 32.96221198156682, 32.96589861751153, 32.96036866359447, 32.96405529953917, 32.963133640552996, 32.961290322580645, 32.96036866359447, 32.96682027649769, 32.95944700460829, 32.96036866359447, 32.960368663594465, 32.961290322580645, 32.961290322580645, 32.95944700460829, 32.96589861751152, 32.962211981566824, 32.96221198156682, 32.96405529953917, 32.961290322580645, 32.961290322580645, 32.963133640552996, 32.95760368663594, 32.9557603686636, 32.968663594470044, 32.96405529953917, 32.96589861751152, 32.963133640552996, 32.95760368663595, 32.96497695852535, 32.96497695852535, 32.962211981566824, 32.95944700460829, 32.951152073732715, 32.94930875576037, 32.95668202764977, 32.952995391705066, 32.95668202764977, 32.9557603686636, 32.95852534562212, 32.95760368663595, 32.96036866359447, 32.96774193548387, 32.96497695852534, 32.96221198156682, 32.958525345622114, 32.953917050691246, 32.95944700460829, 32.962211981566824, 32.9668202764977, 32.95944700460829, 32.95760368663595, 32.95668202764977, 32.9557603686636, 32.96036866359447, 32.961290322580645, 32.96221198156682, 32.95576036866359, 32.95760368663595, 32.961290322580645, 32.96405529953917, 32.95760368663594, 32.96497695852535, 32.963133640552996, 32.961290322580645, 32.96313364055299, 32.96866359447005, 32.952995391705066, 32.9557603686636, 32.95576036866359, 32.962211981566824, 32.95668202764977, 32.96589861751152, 32.968663594470044, 32.963133640552996, 32.96497695852535, 32.958525345622114, 32.95944700460829, 32.95576036866359, 32.95760368663594, 32.952995391705066, 32.95299539170507, 32.95944700460829, 32.95299539170507, 32.95483870967742, 32.953917050691246, 32.95852534562212, 32.952073732718894, 32.95852534562212, 32.952073732718894, 32.953917050691246, 32.95023041474654, 32.95576036866359, 32.96036866359447, 32.95668202764977, 32.95115207373272, 32.960368663594465, 32.95852534562212, 32.961290322580645, 32.963133640552996, 32.95852534562212, 32.962211981566824, 32.96405529953917, 32.962211981566824, 32.962211981566824, 32.96221198156682, 32.962211981566824, 32.96036866359447, 32.961290322580645, 32.963133640552996, 32.9668202764977, 32.96774193548387, 32.96589861751152, 32.963133640552996, 32.96405529953917, 32.95944700460829, 32.963133640552996, 32.96221198156682, 32.96958525345622, 32.97235023041475, 32.96497695852534, 32.961290322580645, 32.96497695852535, 32.96405529953917, 32.96774193548387, 32.961290322580645, 32.95760368663594, 32.95944700460829, 32.960368663594465, 32.9557603686636, 32.952073732718894, 32.95391705069124, 32.94930875576037, 32.95299539170507, 32.95668202764977, 32.96036866359447, 32.9557603686636, 32.94562211981567, 32.94746543778802, 32.952073732718894, 32.952073732718894, 32.95023041474654, 32.95023041474654, 32.95668202764977, 32.961290322580645, 32.95483870967742, 32.952073732718894, 32.95668202764977, 32.952073732718894, 32.95944700460829, 32.95852534562212, 32.95483870967742, 32.95115207373272, 32.95023041474654, 32.952995391705066, 32.96405529953917, 32.95944700460829, 32.96221198156682, 32.963133640552996, 32.95944700460829, 32.95668202764977, 32.95944700460829, 32.95576036866359, 32.963133640552996, 32.95944700460829, 32.96036866359447, 32.95760368663595, 32.96036866359447, 32.963133640552996, 32.96405529953917, 32.96221198156682, 32.96405529953917, 32.96221198156682, 32.96036866359447, 32.96405529953917, 32.96497695852535, 32.96682027649769, 32.96866359447005, 32.96497695852535, 32.95944700460829, 32.95944700460829, 32.963133640552996, 32.95668202764977, 32.96036866359447, 32.963133640552996, 32.96682027649769, 32.96405529953917, 32.961290322580645, 32.95944700460829, 32.962211981566824, 32.96405529953917, 32.96589861751153, 32.96497695852534, 32.96036866359447, 32.963133640552996, 32.96497695852535, 32.96129032258065, 32.96405529953917, 32.96405529953917, 32.96497695852535, 32.96036866359447, 32.961290322580645, 32.963133640552996, 32.96589861751152, 32.96221198156682, 32.96589861751152, 32.96774193548387, 32.96589861751152, 32.96497695852535, 32.96774193548387, 32.970506912442396, 32.96774193548387, 32.9668202764977, 32.96405529953917, 32.96036866359447, 32.963133640552996, 32.95760368663595, 32.964055299539176, 32.963133640552996, 32.95852534562212, 32.9594470046083, 32.96589861751152, 32.96682027649769, 32.96221198156682, 32.96682027649769, 32.963133640552996, 32.96682027649769, 32.95760368663594, 32.961290322580645, 32.963133640552996, 32.961290322580645, 32.95576036866359, 32.953917050691246, 32.95483870967742, 32.96497695852535, 32.9594470046083, 32.961290322580645, 32.96221198156682, 32.960368663594465, 32.95944700460829, 32.96036866359447, 32.95760368663595, 32.9557603686636, 32.95944700460829, 32.954838709677425, 32.95668202764977, 32.9557603686636, 32.95944700460829, 32.9557603686636, 32.952073732718894, 32.95023041474654, 32.9483870967742, 32.954838709677425, 32.95483870967742, 32.953917050691246, 32.95668202764977, 32.96405529953917, 32.962211981566824, 32.96036866359447, 32.96497695852534, 32.968663594470044, 32.96589861751152, 32.962211981566824, 32.963133640552996, 32.96221198156682, 32.96405529953917, 32.96221198156682, 32.96497695852534, 32.96774193548387, 32.96589861751152, 32.96589861751152, 32.962211981566824, 32.96589861751152, 32.96497695852534, 32.968663594470044, 32.96589861751152, 32.970506912442396, 32.9668202764977, 32.96405529953917, 32.95944700460829, 32.961290322580645, 32.96036866359447, 32.961290322580645, 32.953917050691246, 32.95760368663594, 32.95668202764977, 32.95944700460829, 32.953917050691246, 32.95483870967742, 32.95668202764977, 32.94654377880184, 32.94838709677419, 32.94930875576037, 32.94930875576037, 32.95483870967742, 32.94930875576037, 32.953917050691246, 32.95023041474654, 32.951152073732715, 32.95483870967742, 32.95576036866359, 32.953917050691246]",0.9069014770597512,0.9216550089526091,33,"[33, 33, 33, 33, 33, 33, 33, 33, 33, 33, 33, 33, 33, 33, 33, 33, 33, 33, 33, 33, 33, 33, 33, 33, 33, 33, 33, 33, 33, 33, 33, 33, 33, 33, 33, 33, 33, 33, 33, 33, 33, 33, 33, 33, 33, 33, 33, 33, 33, 33, 33, 33, 33, 33, 33, 33, 33, 33, 33, 33, 33, 33, 33, 33, 33, 33, 33, 33, 33, 33, 33, 33, 33, 33, 33, 33, 33, 33, 33, 33, 33, 33, 33, 33, 33, 33, 33, 33, 33, 33, 33, 33, 33, 33, 33, 33, 33, 33, 33, 33, 33, 33, 33, 33, 33, 33, 33, 33, 33, 33, 33, 33, 33, 33, 33, 33, 33, 33, 33, 33, 33, 33, 33, 33, 33, 33, 33, 33, 33, 33, 33, 33, 33, 33, 33, 33, 33, 33, 33, 33, 33, 33, 33, 33, 33, 33, 33, 33, 33, 33, 33, 33, 33, 33, 33, 33, 33, 33, 33, 33, 33, 33, 33, 33, 33, 33, 33, 33, 33, 33, 33, 33, 33, 33, 33, 33, 33, 33, 33, 33, 33, 33, 33, 33, 33, 33, 33, 33, 33, 33, 33, 33, 33, 33, 33, 33, 33, 33, 33, 33, 33, 33, 33, 33, 33, 33, 33, 33, 33, 33, 33, 33, 33, 33, 33, 33, 33, 33, 33, 33, 33, 33, 33, 33, 33, 33, 33, 33, 33, 33, 33, 33, 33, 33, 33, 33, 33, 33, 33, 33, 33, 33, 33, 33, 33, 33, 33, 33, 33, 33, 33, 33, 33, 33, 33, 33, 33, 33, 33, 33, 33, 33, 33, 33, 33, 33, 33, 33, 33, 33, 33, 33, 33, 33, 33, 33, 33, 33, 33, 33, 33, 33, 33, 33, 33, 33, 33, 33, 33, 33, 33, 33, 33, 33, 33, 33, 33, 33, 33, 33, 33, 33, 33, 33, 33, 33, 33, 33, 33, 33, 33, 33, 33, 33, 33, 33, 33, 33, 33, 33, 33, 33, 33, 33, 33, 33, 33, 33, 33, 33, 33, 33, 33, 33, 33, 33, 33, 33, 33, 33, 33, 33, 33, 33, 33, 33, 33, 33, 33, 33, 33, 33, 33, 33, 33, 33, 33, 33, 33, 33, 33, 33, 33, 33, 33, 33, 33, 33, 33, 33, 33, 33, 33, 33, 33, 33, 33, 33, 33, 33, 33, 33, 33, 33, 33, 33, 33, 33, 33, 33, 33, 33, 33, 33, 33, 33, 33, 33, 33, 33, 33, 33, 33, 33, 33, 33, 33, 33, 33, 33, 33, 33, 33, 33, 33, 33, 33, 33, 33, 33, 33, 33, 33, 33, 33, 33, 33, 33, 33, 33, 33, 33, 33, 33, 33, 33, 33, 33, 33, 33, 33, 33, 33, 33, 33, 33, 33, 33, 33, 33, 33, 33, 33, 33, 33, 33, 33, 33, 33, 33, 33, 33, 33, 33, 33, 33, 33, 33, 33, 33, 33, 33, 33, 33, 33, 33, 33, 33, 33, 33, 33, 33, 33, 33, 33, 33, 33, 33, 33, 33, 33, 33, 33, 33, 33]",495,"[0.38474956154823303, 0.37504103779792786, 0.36918288469314575, 0.3658449947834015, 0.36247920989990234, 0.35774722695350647, 0.353885293006897, 0.35041573643684387, 0.34701603651046753, 0.3433573246002197, 0.33983054757118225, 0.3358646631240845, 0.3319624960422516, 0.32774582505226135, 0.32293495535850525, 0.3183194100856781, 0.31449732184410095, 0.30840733647346497, 0.30427220463752747, 0.2990753650665283, 0.294254869222641, 0.28882309794425964, 0.28459981083869934, 0.2810908257961273, 0.2764875292778015, 0.2726362943649292, 0.2695853114128113, 0.2667452096939087, 0.2635214924812317, 0.26052069664001465, 0.2587241530418396, 0.2555445432662964, 0.2532491385936737, 0.25102782249450684, 0.24968551099300385, 0.2473440021276474, 0.24560914933681488, 0.24461548030376434, 0.2416909784078598, 0.24037818610668182, 0.23863139748573303, 0.23608583211898804, 0.2348850816488266, 0.2355937510728836, 0.23321908712387085, 0.2298816740512848, 0.22910138964653015, 0.22787027060985565, 0.22686053812503815, 0.22408907115459442, 0.22378544509410858, 0.2214588224887848, 0.21989235281944275, 0.22046926617622375, 0.21889756619930267, 0.21698756515979767, 0.21565143764019012, 0.21453966200351715, 0.2132977694272995, 0.2134530395269394, 0.21096332371234894, 0.21126405894756317, 0.2095796912908554, 0.20928476750850677, 0.2076580822467804, 0.20706674456596375, 0.20730891823768616, 0.20536468923091888, 0.20424282550811768, 0.20376300811767578, 0.20300163328647614, 0.20209835469722748, 0.20228257775306702, 0.20133793354034424, 0.2017519623041153, 0.2008196860551834, 0.1989721655845642, 0.19938509166240692, 0.19752590358257294, 0.197239488363266, 0.19703346490859985, 0.1952749490737915, 0.19512903690338135, 0.19553297758102417, 0.1958882361650467, 0.19497571885585785, 0.19350898265838623, 0.1930868923664093, 0.19265243411064148, 0.19367431104183197, 0.1929832398891449, 0.19305363297462463, 0.19135591387748718, 0.19204574823379517, 0.19027043879032135, 0.19067847728729248, 0.19134679436683655, 0.19022057950496674, 0.18944834172725677, 0.1893470734357834, 0.19006386399269104, 0.18980848789215088, 0.18954597413539886, 0.18998605012893677, 0.1893741637468338, 0.19006872177124023, 0.18783290684223175, 0.1869325041770935, 0.18716493248939514, 0.18640652298927307, 0.18691062927246094, 0.18711930513381958, 0.1866503357887268, 0.1856992542743683, 0.1859155148267746, 0.18556208908557892, 0.18603229522705078, 0.18765874207019806, 0.18594306707382202, 0.1852048635482788, 0.1846948266029358, 0.18540173768997192, 0.18369635939598083, 0.18376295268535614, 0.18395908176898956, 0.18384981155395508, 0.18337684869766235, 0.18373285233974457, 0.18465135991573334, 0.1840135008096695, 0.18476150929927826, 0.18351927399635315, 0.18547868728637695, 0.18384137749671936, 0.18302637338638306, 0.18176256120204926, 0.18169748783111572, 0.18582262098789215, 0.18270818889141083, 0.1819736659526825, 0.180818572640419, 0.18053752183914185, 0.18234486877918243, 0.18183188140392303, 0.18137302994728088, 0.18065975606441498, 0.18120288848876953, 0.1810516119003296, 0.18125641345977783, 0.18107780814170837, 0.18210111558437347, 0.17943786084651947, 0.18082590401172638, 0.18302127718925476, 0.1790873110294342, 0.18073111772537231, 0.17967276275157928, 0.18078114092350006, 0.17877960205078125, 0.18002212047576904, 0.18020030856132507, 0.17943988740444183, 0.17900139093399048, 0.17837019264698029, 0.1780095100402832, 0.17996172606945038, 0.18048767745494843, 0.18077078461647034, 0.1782706081867218, 0.1789063811302185, 0.1817581057548523, 0.17834092676639557, 0.17792658507823944, 0.1782863587141037, 0.17948606610298157, 0.17855414748191833, 0.1781812310218811, 0.17921678721904755, 0.17875352501869202, 0.17751117050647736, 0.17618419229984283, 0.17881718277931213, 0.1779688447713852, 0.17782002687454224, 0.17750415205955505, 0.17951181530952454, 0.17806679010391235, 0.1778104603290558, 0.1772778183221817, 0.1774437129497528, 0.18035410344600677, 0.1774844378232956, 0.17924077808856964, 0.17899629473686218, 0.17745210230350494, 0.17683054506778717, 0.17678169906139374, 0.18012680113315582, 0.18287193775177002, 0.1787867546081543, 0.17757968604564667, 0.17916427552700043, 0.17815619707107544, 0.1789732724428177, 0.17742720246315002, 0.1759130358695984, 0.1775791198015213, 0.17940214276313782, 0.17833028733730316, 0.17659758031368256, 0.1797906458377838, 0.17655935883522034, 0.17973870038986206, 0.1794741302728653, 0.17802825570106506, 0.17790204286575317, 0.17661702632904053, 0.1778355836868286, 0.1786811202764511, 0.17949463427066803, 0.17909970879554749, 0.17755043506622314, 0.18076010048389435, 0.18128177523612976, 0.18177084624767303, 0.17834730446338654, 0.17826606333255768, 0.18060936033725739, 0.17846077680587769, 0.17912212014198303, 0.18085773289203644, 0.1789509803056717, 0.17729750275611877, 0.18007498979568481, 0.18023183941841125, 0.18171720206737518, 0.18009544909000397, 0.1807895302772522, 0.17917898297309875, 0.1786084622144699, 0.1802065521478653, 0.18034225702285767, 0.17918068170547485, 0.17902825772762299, 0.18182379007339478, 0.181003138422966, 0.17934949696063995, 0.17820455133914948, 0.18085835874080658, 0.1812111735343933, 0.18161414563655853, 0.1818075031042099, 0.17974063754081726, 0.18198789656162262, 0.1821630597114563, 0.18055109679698944, 0.18197011947631836, 0.1821736842393875, 0.18268191814422607, 0.18016356229782104, 0.1825898289680481, 0.18108320236206055, 0.1826985776424408, 0.18222317099571228, 0.18165908753871918, 0.1801171451807022, 0.18158355355262756, 0.1819445788860321, 0.1829560101032257, 0.1827344298362732, 0.18198195099830627, 0.1838812232017517, 0.18066808581352234, 0.18300868570804596, 0.1844165027141571, 0.1832277476787567, 0.18274949491024017, 0.18492652475833893, 0.18333984911441803, 0.18613044917583466, 0.18316781520843506, 0.18793052434921265, 0.18550486862659454, 0.18611501157283783, 0.18541750311851501, 0.18473169207572937, 0.18519312143325806, 0.18605028092861176, 0.18658043444156647, 0.18467670679092407, 0.18704701960086823, 0.18788813054561615, 0.18626165390014648, 0.18796151876449585, 0.18675170838832855, 0.1880890429019928, 0.18747778236865997, 0.1890925019979477, 0.1902831643819809, 0.19025464355945587, 0.18941499292850494, 0.1889534443616867, 0.190935418009758, 0.19071374833583832, 0.19003883004188538, 0.1898254007101059, 0.19343574345111847, 0.19241218268871307, 0.19169656932353973, 0.1927003115415573, 0.19244764745235443, 0.19199341535568237, 0.1923183649778366, 0.19330568611621857, 0.19232754409313202, 0.19329188764095306, 0.19523309171199799, 0.195124089717865, 0.19402435421943665, 0.19676677882671356, 0.19385801255702972, 0.1951301544904709, 0.1975831538438797, 0.19693993031978607, 0.195301815867424, 0.19672128558158875, 0.19773279130458832, 0.19750122725963593, 0.1957853138446808, 0.19792558252811432, 0.20104433596134186, 0.1988903433084488, 0.20076146721839905, 0.19892971217632294, 0.2007775455713272, 0.2010161578655243, 0.2000472992658615, 0.20142827928066254, 0.20238663256168365, 0.2007281631231308, 0.20393653213977814, 0.2033800482749939, 0.20462627708911896, 0.20423662662506104, 0.20378966629505157, 0.2029597908258438, 0.20271418988704681, 0.2044200450181961, 0.2048606276512146, 0.20460481941699982, 0.20546524226665497, 0.20438796281814575, 0.20396459102630615, 0.20481519401073456, 0.2052009403705597, 0.20600491762161255, 0.2076074779033661, 0.20715075731277466, 0.2086135894060135, 0.21056011319160461, 0.20954160392284393, 0.20913146436214447, 0.20907114446163177, 0.211321160197258, 0.21312405169010162, 0.21065910160541534, 0.2129238098859787, 0.212331280112266