,number,value,datetime_start,datetime_complete,duration,params_batch_size_scaler,params_constant_learning_rate,params_depth,params_epochs,params_kernel_l2,params_num_trees,params_temperature,user_attrs_accuracy_test,user_attrs_accuracy_valid,user_attrs_approximate_feature_sparsity,user_attrs_approximate_feature_sparsity_history,user_attrs_approximate_weight_sparsity,user_attrs_approximate_weight_sparsity_history,user_attrs_auc_test,user_attrs_auc_valid,user_attrs_feature_sparsity,user_attrs_feature_sparsity_history,user_attrs_num_epochs,user_attrs_val_loss_history,user_attrs_weight_sparsity,user_attrs_weight_sparsity_history,state
110,110,0.6088418286509255,2024-08-31 04:53:18.971879,2024-08-31 04:54:53.639729,0 days 00:01:34.667850,16,6.047710750160265,4,145,0.007548679710566027,43,0.0030121370834045656,0.141,0.14125,1,"[33, 5, 4, 4, 4, 2, 2, 2, 1, 1, 1, 1, 1, 1, 1, 1, 1, 1, 1, 1, 1, 1, 1, 1, 1, 1, 1, 1, 1, 1, 1, 1, 1, 1, 1, 1, 1, 1, 1, 1, 1, 1, 1, 1, 1, 1, 1, 1, 1, 1, 1, 1, 1, 1, 1, 1, 1, 1, 1, 1, 1, 1, 1, 1, 1, 1, 1, 1, 1, 1, 1, 1, 1, 1, 1, 1, 1, 1, 1, 1, 1, 1, 1, 1, 1, 1, 1, 1, 1, 1, 1, 1, 1, 1, 1, 1, 1, 1, 1, 1, 1, 1, 1, 1, 1, 1, 1, 1, 1, 1, 1, 1, 1, 1, 1, 1, 1, 1, 1, 1, 1, 1, 1, 1, 1, 1, 1, 1, 1, 1, 1, 1, 1, 1, 1, 1, 1, 1, 1, 1, 1, 1, 1, 1, 1]",1.0,"[32.96589147286822, 4.996899224806201, 3.9984496124031006, 3.9953488372093022, 3.9968992248062016, 1.9968992248062016, 2.0, 2.0, 1.0, 1.0, 1.0, 0.9984496124031008, 1.0, 0.9984496124031008, 0.9984496124031008, 1.0, 1.0, 1.0, 1.0, 1.0, 1.0, 0.9984496124031008, 1.0, 1.0, 1.0, 1.0, 1.0, 1.0, 1.0, 1.0, 1.0, 1.0, 1.0, 1.0, 1.0, 1.0, 0.9984496124031008, 1.0, 1.0, 1.0, 0.9984496124031008, 0.9968992248062015, 1.0, 0.9984496124031008, 1.0, 1.0, 1.0, 1.0, 0.9984496124031008, 1.0, 1.0, 1.0, 1.0, 1.0, 1.0, 1.0, 1.0, 1.0, 1.0, 1.0, 1.0, 1.0, 1.0, 1.0, 1.0, 1.0, 1.0, 1.0, 1.0, 1.0, 1.0, 1.0, 1.0, 1.0, 1.0, 1.0, 1.0, 1.0, 1.0, 1.0, 1.0, 1.0, 1.0, 1.0, 1.0, 1.0, 1.0, 1.0, 1.0, 1.0, 1.0, 1.0, 1.0, 1.0, 1.0, 1.0, 0.9984496124031008, 0.9984496124031008, 0.9984496124031008, 0.9984496124031008, 0.9984496124031008, 0.9984496124031008, 0.9984496124031008, 0.9984496124031008, 0.9984496124031008, 0.9984496124031008, 0.9984496124031008, 0.9984496124031008, 0.9984496124031008, 0.9984496124031008, 0.9984496124031008, 0.9984496124031008, 0.9984496124031008, 0.9984496124031008, 0.9984496124031008, 0.9984496124031008, 0.9984496124031008, 0.9984496124031008, 0.9984496124031008, 0.9984496124031008, 0.9984496124031008, 0.9984496124031008, 0.9984496124031008, 0.9984496124031008, 0.9984496124031008, 0.9984496124031008, 0.9984496124031008, 0.9984496124031008, 0.9984496124031008, 0.9984496124031008, 0.9984496124031008, 0.9984496124031008, 0.9984496124031008, 0.9984496124031008, 0.9984496124031008, 0.9984496124031008, 0.9984496124031008, 0.9984496124031008, 0.9984496124031008, 0.9984496124031008, 0.9984496124031008, 0.9984496124031008, 0.9984496124031008, 0.9984496124031008, 1.0]",0.6144865793145584,0.6088418286509255,1,"[33, 5, 4, 4, 4, 2, 2, 2, 1, 1, 1, 1, 1, 1, 1, 1, 1, 1, 1, 1, 1, 1, 1, 1, 1, 1, 1, 1, 1, 1, 1, 1, 1, 1, 1, 1, 1, 1, 1, 1, 1, 1, 1, 1, 1, 1, 1, 1, 1, 1, 1, 1, 1, 1, 1, 1, 1, 1, 1, 1, 1, 1, 1, 1, 1, 1, 1, 1, 1, 1, 1, 1, 1, 1, 1, 1, 1, 1, 1, 1, 1, 1, 1, 1, 1, 1, 1, 1, 1, 1, 1, 1, 1, 1, 1, 1, 1, 1, 1, 1, 1, 1, 1, 1, 1, 1, 1, 1, 1, 1, 1, 1, 1, 1, 1, 1, 1, 1, 1, 1, 1, 1, 1, 1, 1, 1, 1, 1, 1, 1, 1, 1, 1, 1, 1, 1, 1, 1, 1, 1, 1, 1, 1, 1, 1]",145,"[1.3568289279937744, 0.3906106948852539, 0.4878334701061249, 2.074958086013794, 0.3497086465358734, 0.6040564179420471, 1.5072036981582642, 0.8419999480247498, 0.5673970580101013, 1.431950330734253, 0.49129176139831543, 0.6212980151176453, 0.956282377243042, 1.189650058746338, 0.4438616633415222, 0.8609674572944641, 1.225118637084961, 0.44207534193992615, 0.4185435175895691, 0.41830065846443176, 0.771304190158844, 0.7975611686706543, 0.5512599945068359, 0.517875075340271, 0.5231196880340576, 0.790566623210907, 0.5736674666404724, 0.5261250138282776, 1.6589632034301758, 1.0213769674301147, 1.023073673248291, 0.43588897585868835, 1.038429617881775, 0.9614470601081848, 0.6174997091293335, 1.121604084968567, 1.82819402217865, 0.6776246428489685, 0.9076699614524841, 0.6232067346572876, 2.0284557342529297, 0.4429318308830261, 1.4679245948791504, 0.6249342560768127, 0.51750648021698, 0.43472400307655334, 1.8430421352386475, 0.4999624490737915, 2.11942720413208, 0.960325300693512, 0.40195831656455994, 0.5855836868286133, 0.6152992248535156, 0.9717022776603699, 1.0855069160461426, 0.6620624661445618, 0.40816619992256165, 0.8405082821846008, 1.0458730459213257, 0.48361000418663025, 0.4730822741985321, 0.8079671263694763, 0.5544632077217102, 1.134752631187439, 0.659288763999939, 1.3461391925811768, 1.2450717687606812, 1.9166882038116455, 0.4291425049304962, 0.5477535128593445, 0.6342268586158752, 0.5069771409034729, 0.43519800901412964, 0.4405500292778015, 0.4720461666584015, 0.3999059200286865, 0.8165335655212402, 0.47542300820350647, 0.5275461077690125, 1.1113303899765015, 0.44183769822120667, 0.6968016624450684, 0.7507609724998474, 0.5221506953239441, 0.4016475975513458, 0.4923856258392334, 0.4704040288925171, 0.4287876486778259, 0.7408563494682312, 1.212105393409729, 0.8047401309013367, 1.5699717998504639, 0.43319153785705566, 0.38814738392829895, 0.3953324258327484, 0.42499735951423645, 0.5326452851295471, 0.48521187901496887, 1.2680656909942627, 0.497724711894989, 0.4473632574081421, 0.8242260813713074, 0.48829758167266846, 1.082819938659668, 1.236262559890747, 0.7167589068412781, 0.6265990734100342, 0.49183449149131775, 0.4200473725795746, 0.4670686423778534, 0.4072277843952179, 1.3502418994903564, 0.9161258935928345, 0.4849284291267395, 0.6159069538116455, 0.6658266186714172, 1.2041109800338745, 0.48353058099746704, 0.44402310252189636, 1.7280670404434204, 0.5551595091819763, 0.5565159320831299, 0.4566478431224823, 1.6963920593261719, 0.40786197781562805, 0.4590090215206146, 0.4991582930088043, 1.5567535161972046, 0.39064180850982666, 0.8414989709854126, 1.3770191669464111, 0.8718448877334595, 0.5225583910942078, 0.45444899797439575, 1.436760425567627, 0.46412765979766846, 0.5886275768280029, 0.4978362023830414, 0.385465532541275, 1.831647515296936, 0.9752179980278015, 1.2684698104858398, 0.3921376168727875, 0.4111570119857788, 1.0832678079605103]",1.0,"[33.0, 5.0, 4.0, 4.0, 4.0, 2.0, 2.0, 2.0, 1.0, 1.0, 1.0, 1.0, 1.0, 1.0, 1.0, 1.0, 1.0, 1.0, 1.0, 1.0, 1.0, 1.0, 1.0, 1.0, 1.0, 1.0, 1.0, 1.0, 1.0, 1.0, 1.0, 1.0, 1.0, 1.0, 1.0, 1.0, 1.0, 1.0, 1.0, 1.0, 1.0, 1.0, 1.0, 1.0, 1.0, 1.0, 1.0, 1.0, 1.0, 1.0, 1.0, 1.0, 1.0, 1.0, 1.0, 1.0, 1.0, 1.0, 1.0, 1.0, 1.0, 1.0, 1.0, 1.0, 1.0, 1.0, 1.0, 1.0, 1.0, 1.0, 1.0, 1.0, 1.0, 1.0, 1.0, 1.0, 1.0, 1.0, 1.0, 1.0, 1.0, 1.0, 1.0, 1.0, 1.0, 1.0, 1.0, 1.0, 1.0, 1.0, 1.0, 1.0, 1.0, 1.0, 1.0, 1.0, 1.0, 1.0, 1.0, 1.0, 1.0, 1.0, 1.0, 1.0, 1.0, 1.0, 1.0, 1.0, 1.0, 1.0, 1.0, 1.0, 1.0, 1.0, 1.0, 1.0, 1.0, 1.0, 1.0, 1.0, 1.0, 1.0, 1.0, 1.0, 1.0, 1.0, 1.0, 1.0, 1.0, 1.0, 1.0, 1.0, 1.0, 1.0, 1.0, 1.0, 1.0, 1.0, 1.0, 1.0, 1.0, 1.0, 1.0, 1.0, 1.0]",COMPLETE
