,number,value,datetime_start,datetime_complete,duration,params_batch_size_scaler,params_constant_learning_rate,params_depth,params_epochs,params_kernel_l2,params_num_trees,params_temperature,user_attrs_accuracy_test,user_attrs_accuracy_valid,user_attrs_approximate_feature_sparsity,user_attrs_approximate_feature_sparsity_history,user_attrs_approximate_weight_sparsity,user_attrs_approximate_weight_sparsity_history,user_attrs_auc_test,user_attrs_auc_valid,user_attrs_feature_sparsity,user_attrs_feature_sparsity_history,user_attrs_num_epochs,user_attrs_val_loss_history,user_attrs_weight_sparsity,user_attrs_weight_sparsity_history,state
6,6,0.8807435174092824,2024-08-31 00:47:55.072580,2024-08-31 00:49:00.302853,0 days 00:01:05.230273,1,3.4381985060970446,4,45,0.06191556237660553,87,0.0005449556074899307,0.868,0.8725,9,"[27, 18, 17, 16, 14, 14, 14, 14, 14, 14, 14, 14, 12, 11, 11, 11, 10, 10, 10, 10, 10, 10, 9, 9, 9, 9, 9, 9, 9, 9, 9, 9, 9, 9, 9, 9, 9, 9, 9, 9, 9, 9, 9, 9, 9]",8.944061302681993,"[26.957854406130267, 17.973946360153256, 16.98773946360153, 15.98390804597701, 13.98544061302682, 13.980076628352492, 13.970114942528735, 13.979310344827589, 13.98007662835249, 13.975478927203065, 13.971647509578544, 13.97088122605364, 11.986973180076626, 10.983141762452108, 10.98007662835249, 10.980842911877396, 9.974712643678162, 9.978544061302681, 9.977777777777778, 9.978544061302681, 9.981609195402298, 9.969348659003831, 8.981609195402298, 8.97624521072797, 8.971647509578544, 8.976245210727969, 8.971647509578544, 8.969348659003831, 8.969348659003831, 8.960919540229886, 8.967816091954022, 8.967816091954022, 8.963984674329502, 8.963218390804597, 8.963984674329502, 8.966283524904215, 8.959386973180077, 8.955555555555556, 8.943295019157087, 8.958620689655174, 8.952490421455938, 8.948659003831418, 8.957088122605365, 8.935632183908046, 8.944061302681993]",0.8625896845251365,0.8807435174092824,9,"[27, 18, 17, 16, 14, 14, 14, 14, 14, 14, 14, 14, 12, 11, 11, 11, 10, 10, 10, 10, 10, 10, 9, 9, 9, 9, 9, 9, 9, 9, 9, 9, 9, 9, 9, 9, 9, 9, 9, 9, 9, 9, 9, 9, 9]",45,"[2.6115829944610596, 0.3009209930896759, 0.3149367570877075, 0.3125583529472351, 0.3736312985420227, 0.40586766600608826, 0.6298853754997253, 0.3963152766227722, 0.270864874124527, 0.3266918957233429, 0.3290973901748657, 0.5354376435279846, 0.4564630389213562, 0.5087953209877014, 0.5415194034576416, 0.44490206241607666, 0.4473986029624939, 0.3623539209365845, 3.606752872467041, 1.5349700450897217, 0.3887537121772766, 0.393208384513855, 0.7483544945716858, 0.5419166684150696, 0.41114670038223267, 1.636009693145752, 0.33661922812461853, 0.32729214429855347, 0.33868998289108276, 0.3798472583293915, 0.48177510499954224, 0.5079881548881531, 0.3795100450515747, 1.0884485244750977, 0.41401785612106323, 2.2934885025024414, 0.43024522066116333, 0.3370160758495331, 0.4226212799549103, 2.0960237979888916, 0.5665266513824463, 0.37423545122146606, 0.5580599308013916, 0.40191832184791565, 0.8955720663070679]",9.0,"[27.0, 18.0, 17.0, 16.0, 14.0, 14.0, 14.0, 14.0, 14.0, 14.0, 14.0, 14.0, 12.0, 11.0, 11.0, 11.0, 10.0, 10.0, 10.0, 10.0, 10.0, 10.0, 9.0, 9.0, 9.0, 9.0, 9.0, 9.0, 9.0, 9.0, 9.0, 9.0, 9.0, 9.0, 9.0, 9.0, 9.0, 9.0, 9.0, 9.0, 9.0, 9.0, 9.0, 9.0, 9.0]",COMPLETE
7,7,0.9088894900233154,2024-08-31 00:49:00.425075,2024-08-31 00:49:48.215797,0 days 00:00:47.790722,4,0.01567485157341011,1,310,0.012329658307469297,55,0.02010361242663734,0.889,0.8975,33,"[33, 33, 33, 33, 33, 33, 33, 33, 33, 33, 33, 33, 33, 33, 33, 33, 33, 33, 33, 33, 33, 33, 33, 33, 33, 33, 33, 33, 33, 33, 33, 33, 33, 33, 33, 33, 33, 33, 33, 33, 33, 33, 33, 33, 33, 33, 33, 33, 33, 33, 33, 33, 33, 33, 33, 33, 33, 33, 33, 33, 33, 33, 33, 33, 33, 33, 33, 33, 33, 33, 33, 33, 33, 33, 33, 33, 33, 33, 33, 33, 33, 33, 33, 33, 33, 33, 33, 33, 33, 33, 33, 33, 33, 33, 33, 33, 33, 33, 33, 33, 33, 33, 33, 33, 33, 33, 33, 33, 33, 33, 33, 33, 33, 33, 33, 33, 33, 33, 33, 33, 33, 33, 33, 33, 33, 33, 33, 33, 33, 33, 33, 33, 33, 33, 33, 33, 33, 33, 33, 33, 33, 33, 33, 33, 33, 33, 33, 33, 33, 33, 33, 33, 33, 33, 33, 33, 33, 33, 33, 33, 33, 33, 33, 33, 33, 33, 33, 33, 33, 33, 33, 33, 33, 33, 33, 33, 33, 33, 33, 33, 33, 33, 33, 33, 33, 33, 33, 33, 33, 33, 33, 33, 33, 33, 33, 33, 33, 33, 33, 33, 33, 33, 33, 33, 33, 33, 33, 33, 33, 33, 33, 33, 33, 33, 33, 33, 33, 33, 33, 33, 33, 33, 33, 33, 33, 33, 33, 33, 33, 33, 33, 33, 33, 33, 33, 33, 33, 33, 33, 33, 33, 33, 33, 33, 33, 33, 33, 33, 33, 33, 33, 33, 33, 33, 33, 33, 33, 33, 33, 33, 33, 33, 33, 33, 33, 33, 33, 33, 33, 33, 33, 33, 33, 33, 33, 33, 33, 33, 33, 33, 33, 33, 33, 33, 33, 33, 33, 33, 33, 33, 33, 33, 33, 33, 33, 33, 33, 33, 33, 33, 33, 33, 33, 33, 33, 33, 33, 33, 33, 33]",32.981818181818184,"[32.981818181818184, 33.0, 33.0, 33.0, 32.981818181818184, 32.96363636363637, 33.0, 33.0, 32.945454545454545, 32.96363636363637, 33.0, 33.0, 33.0, 32.981818181818184, 32.981818181818184, 32.96363636363637, 32.96363636363637, 32.96363636363637, 32.981818181818184, 32.981818181818184, 33.0, 32.981818181818184, 33.0, 33.0, 33.0, 32.981818181818184, 32.96363636363637, 32.945454545454545, 32.96363636363637, 32.96363636363637, 32.96363636363637, 32.96363636363637, 32.96363636363637, 32.981818181818184, 32.981818181818184, 32.981818181818184, 32.981818181818184, 32.981818181818184, 32.96363636363637, 32.96363636363637, 32.981818181818184, 32.96363636363637, 33.0, 33.0, 33.0, 33.0, 33.0, 32.981818181818184, 33.0, 33.0, 33.0, 33.0, 33.0, 33.0, 33.0, 33.0, 33.0, 33.0, 33.0, 32.981818181818184, 33.0, 33.0, 33.0, 33.0, 33.0, 33.0, 33.0, 32.981818181818184, 32.96363636363637, 33.0, 33.0, 32.981818181818184, 32.981818181818184, 32.981818181818184, 32.981818181818184, 32.96363636363637, 32.96363636363637, 32.96363636363637, 32.96363636363637, 32.981818181818184, 32.981818181818184, 33.0, 33.0, 33.0, 33.0, 32.981818181818184, 33.0, 33.0, 33.0, 33.0, 32.981818181818184, 32.981818181818184, 32.981818181818184, 33.0, 32.981818181818184, 33.0, 33.0, 32.96363636363637, 33.0, 32.981818181818184, 33.0, 32.981818181818184, 32.96363636363637, 32.981818181818184, 32.981818181818184, 33.0, 33.0, 33.0, 33.0, 33.0, 33.0, 33.0, 33.0, 33.0, 32.981818181818184, 33.0, 33.0, 33.0, 33.0, 33.0, 33.0, 33.0, 33.0, 32.981818181818184, 32.981818181818184, 32.981818181818184, 33.0, 33.0, 33.0, 33.0, 33.0, 33.0, 33.0, 32.981818181818184, 33.0, 33.0, 32.96363636363637, 32.981818181818184, 32.981818181818184, 32.981818181818184, 32.981818181818184, 32.981818181818184, 32.981818181818184, 32.981818181818184, 32.981818181818184, 32.981818181818184, 32.981818181818184, 32.981818181818184, 32.981818181818184, 32.96363636363637, 32.981818181818184, 32.981818181818184, 32.981818181818184, 32.981818181818184, 32.96363636363637, 32.981818181818184, 32.981818181818184, 32.981818181818184, 32.96363636363637, 32.981818181818184, 32.981818181818184, 32.981818181818184, 32.981818181818184, 32.981818181818184, 32.96363636363637, 32.96363636363637, 32.981818181818184, 33.0, 33.0, 32.981818181818184, 32.981818181818184, 33.0, 33.0, 33.0, 33.0, 33.0, 33.0, 33.0, 33.0, 33.0, 33.0, 33.0, 33.0, 33.0, 33.0, 33.0, 32.981818181818184, 33.0, 33.0, 32.981818181818184, 33.0, 32.981818181818184, 32.981818181818184, 32.96363636363637, 32.96363636363637, 32.981818181818184, 33.0, 32.981818181818184, 32.96363636363637, 32.981818181818184, 32.96363636363637, 32.96363636363637, 32.981818181818184, 32.981818181818184, 32.981818181818184, 32.981818181818184, 32.981818181818184, 33.0, 32.981818181818184, 32.981818181818184, 33.0, 33.0, 33.0, 32.981818181818184, 33.0, 33.0, 32.96363636363637, 32.981818181818184, 32.96363636363637, 33.0, 33.0, 33.0, 33.0, 33.0, 33.0, 33.0, 32.981818181818184, 33.0, 33.0, 33.0, 33.0, 32.981818181818184, 33.0, 33.0, 33.0, 33.0, 32.981818181818184, 33.0, 33.0, 33.0, 33.0, 33.0, 33.0, 33.0, 33.0, 33.0, 32.981818181818184, 32.981818181818184, 32.981818181818184, 32.981818181818184, 33.0, 32.981818181818184, 32.981818181818184, 32.981818181818184, 32.981818181818184, 32.981818181818184, 32.981818181818184, 32.981818181818184, 32.945454545454545, 32.981818181818184, 32.981818181818184, 32.981818181818184, 32.981818181818184, 32.981818181818184, 32.981818181818184, 33.0, 32.981818181818184, 33.0, 32.981818181818184, 33.0, 33.0, 33.0, 32.981818181818184, 33.0, 32.981818181818184, 32.96363636363637, 32.981818181818184, 33.0, 33.0, 33.0, 32.981818181818184, 32.96363636363637, 32.96363636363637, 32.96363636363637, 32.96363636363637, 32.96363636363637, 32.981818181818184, 32.96363636363637, 32.96363636363637, 32.96363636363637, 32.981818181818184, 32.945454545454545, 32.945454545454545, 32.96363636363637, 32.981818181818184, 33.0, 33.0, 33.0, 32.981818181818184, 33.0, 33.0, 33.0, 32.981818181818184, 33.0, 33.0, 33.0, 33.0, 33.0, 33.0, 32.981818181818184]",0.8950288559185595,0.9088894900233154,33,"[33, 33, 33, 33, 33, 33, 33, 33, 33, 33, 33, 33, 33, 33, 33, 33, 33, 33, 33, 33, 33, 33, 33, 33, 33, 33, 33, 33, 33, 33, 33, 33, 33, 33, 33, 33, 33, 33, 33, 33, 33, 33, 33, 33, 33, 33, 33, 33, 33, 33, 33, 33, 33, 33, 33, 33, 33, 33, 33, 33, 33, 33, 33, 33, 33, 33, 33, 33, 33, 33, 33, 33, 33, 33, 33, 33, 33, 33, 33, 33, 33, 33, 33, 33, 33, 33, 33, 33, 33, 33, 33, 33, 33, 33, 33, 33, 33, 33, 33, 33, 33, 33, 33, 33, 33, 33, 33, 33, 33, 33, 33, 33, 33, 33, 33, 33, 33, 33, 33, 33, 33, 33, 33, 33, 33, 33, 33, 33, 33, 33, 33, 33, 33, 33, 33, 33, 33, 33, 33, 33, 33, 33, 33, 33, 33, 33, 33, 33, 33, 33, 33, 33, 33, 33, 33, 33, 33, 33, 33, 33, 33, 33, 33, 33, 33, 33, 33, 33, 33, 33, 33, 33, 33, 33, 33, 33, 33, 33, 33, 33, 33, 33, 33, 33, 33, 33, 33, 33, 33, 33, 33, 33, 33, 33, 33, 33, 33, 33, 33, 33, 33, 33, 33, 33, 33, 33, 33, 33, 33, 33, 33, 33, 33, 33, 33, 33, 33, 33, 33, 33, 33, 33, 33, 33, 33, 33, 33, 33, 33, 33, 33, 33, 33, 33, 33, 33, 33, 33, 33, 33, 33, 33, 33, 33, 33, 33, 33, 33, 33, 33, 33, 33, 33, 33, 33, 33, 33, 33, 33, 33, 33, 33, 33, 33, 33, 33, 33, 33, 33, 33, 33, 33, 33, 33, 33, 33, 33, 33, 33, 33, 33, 33, 33, 33, 33, 33, 33, 33, 33, 33, 33, 33, 33, 33, 33, 33, 33, 33, 33, 33, 33, 33, 33, 33, 33, 33, 33, 33, 33, 33]",310,"[0.42768728733062744, 0.42140713334083557, 0.41460034251213074, 0.40958985686302185, 0.406282514333725, 0.4021570682525635, 0.3992536664009094, 0.3966340124607086, 0.39442336559295654, 0.3924401104450226, 0.3911994993686676, 0.38902968168258667, 0.38755691051483154, 0.3861629068851471, 0.38627615571022034, 0.38415831327438354, 0.3826017677783966, 0.38152146339416504, 0.3814171254634857, 0.37977132201194763, 0.3784843385219574, 0.37747669219970703, 0.37653911113739014, 0.3756316900253296, 0.3748612701892853, 0.37430956959724426, 0.373004674911499, 0.37255868315696716, 0.37160855531692505, 0.37162208557128906, 0.3697908818721771, 0.368801474571228, 0.36801669001579285, 0.36769160628318787, 0.3664248585700989, 0.36601895093917847, 0.3648388683795929, 0.3640957772731781, 0.363754540681839, 0.3626094162464142, 0.36322781443595886, 0.36133071780204773, 0.36066433787345886, 0.35971951484680176, 0.3591288626194, 0.3584745526313782, 0.3577021360397339, 0.35718798637390137, 0.3569324016571045, 0.35571280121803284, 0.3552550971508026, 0.3543969392776489, 0.35373783111572266, 0.3543531894683838, 0.35265278816223145, 0.3519640266895294, 0.3516908884048462, 0.35073646903038025, 0.35056987404823303, 0.3496573567390442, 0.3490869402885437, 0.349003404378891, 0.3482957184314728, 0.34910157322883606, 0.3471471667289734, 0.347992479801178, 0.3460882604122162, 0.3453221917152405, 0.3451988101005554, 0.3443341553211212, 0.3445468544960022, 0.3434111773967743, 0.34321993589401245, 0.34265491366386414, 0.3423689603805542, 0.34159767627716064, 0.34238559007644653, 0.34111136198043823, 0.34105658531188965, 0.3402245044708252, 0.33957427740097046, 0.3406603932380676, 0.3396051824092865, 0.33852022886276245, 0.33795368671417236, 0.3382550776004791, 0.33719944953918457, 0.3372843563556671, 0.3363223373889923, 0.336683452129364, 0.3358384370803833, 0.33532166481018066, 0.33518078923225403, 0.3345758318901062, 0.33423176407814026, 0.3346484899520874, 0.336830735206604, 0.3332515358924866, 0.3329988718032837, 0.3334997296333313, 0.3324415683746338, 0.33227550983428955, 0.33229750394821167, 0.3321717381477356, 0.331539124250412, 0.3312811553478241, 0.3305082321166992, 0.3309117257595062, 0.3300693929195404, 0.3297038674354553, 0.32988810539245605, 0.32902488112449646, 0.32941901683807373, 0.3284989893436432, 0.3289516866207123, 0.32822173833847046, 0.3288060426712036, 0.32735875248908997, 0.3269905745983124, 0.3277454376220703, 0.3266739547252655, 0.32618576288223267, 0.32591885328292847, 0.32692843675613403, 0.3255472183227539, 0.3253358006477356, 0.325468510389328, 0.3247849643230438, 0.32647544145584106, 0.32436656951904297, 0.32428836822509766, 0.32374995946884155, 0.3242608606815338, 0.3245560824871063, 0.32315579056739807, 0.3229737877845764, 0.3227400481700897, 0.32246893644332886, 0.3220747411251068, 0.32192984223365784, 0.32210013270378113, 0.32212600111961365, 0.32138344645500183, 0.3209555745124817, 0.3212093710899353, 0.3206254243850708, 0.320199191570282, 0.31987711787223816, 0.31968358159065247, 0.3193659484386444, 0.31930920481681824, 0.3189232349395752, 0.31863126158714294, 0.3185657262802124, 0.31873324513435364, 0.3177938163280487, 0.31844788789749146, 0.31729376316070557, 0.3173060119152069, 0.3168058693408966, 0.3165111839771271, 0.31620991230010986, 0.3159192204475403, 0.3161347508430481, 0.3158520758152008, 0.3152221739292145, 0.3164777457714081, 0.31508883833885193, 0.31427937746047974, 0.31523987650871277, 0.3137134313583374, 0.31340187788009644, 0.3133523166179657, 0.31338757276535034, 0.31263089179992676, 0.31268906593322754, 0.3121967017650604, 0.3114051818847656, 0.3111283779144287, 0.3106578290462494, 0.3102859854698181, 0.30988451838493347, 0.30996373295783997, 0.30956387519836426, 0.3088138699531555, 0.3094443678855896, 0.30869361758232117, 0.3078094720840454, 0.3087397813796997, 0.3068520724773407, 0.3068952262401581, 0.3068835437297821, 0.30566737055778503, 0.306002676486969, 0.3048531413078308, 0.30467459559440613, 0.3092505931854248, 0.30340102314949036, 0.3029789626598358, 0.3024120330810547, 0.30171337723731995, 0.3012393116950989, 0.3010844886302948, 0.3004523515701294, 0.30007603764533997, 0.2995624840259552, 0.29882171750068665, 0.298136830329895, 0.2977024018764496, 0.2976953387260437, 0.2973082661628723, 0.2962759733200073, 0.29606154561042786, 0.29548174142837524, 0.2951163053512573, 0.2944534122943878, 0.29329702258110046, 0.29302674531936646, 0.29377806186676025, 0.2917451858520508, 0.2912806272506714, 0.29064589738845825, 0.28994181752204895, 0.28991299867630005, 0.2889586389064789, 0.28865811228752136, 0.2878596782684326, 0.2873549461364746, 0.2866791784763336, 0.28599053621292114, 0.286967933177948, 0.2848823666572571, 0.2841584384441376, 0.2839444577693939, 0.28335627913475037, 0.2834056615829468, 0.2818071246147156, 0.2828386127948761, 0.2807583212852478, 0.2801348567008972, 0.2796264886856079, 0.2790346145629883, 0.2784217894077301, 0.27783024311065674, 0.27782538533210754, 0.27676278352737427, 0.27629581093788147, 0.27567481994628906, 0.2758241891860962, 0.2747189402580261, 0.2749720811843872, 0.27343717217445374, 0.27309131622314453, 0.2725917100906372, 0.27278611063957214, 0.2717408835887909, 0.27124661207199097, 0.27095890045166016, 0.2700113356113434, 0.26925328373908997, 0.26874083280563354, 0.26873457431793213, 0.2678585946559906, 0.2672140896320343, 0.2673569619655609, 0.26681432127952576, 0.266658216714859, 0.2652830183506012, 0.26579296588897705, 0.26444825530052185, 0.26449891924858093, 0.263886421918869, 0.26371467113494873, 0.2633728086948395, 0.2620570659637451, 0.26173025369644165, 0.26110684871673584, 0.2606563866138458, 0.26019400358200073, 0.2603840231895447, 0.2598794996738434, 0.25932615995407104, 0.25921544432640076, 0.2584526538848877, 0.25841280817985535, 0.25730201601982117, 0.25785723328590393, 0.2569780945777893, 0.25646403431892395, 0.2562405467033386, 0.2553117573261261, 0.2552524209022522, 0.25460946559906006, 0.25423380732536316, 0.2545987069606781, 0.2537127733230591, 0.25348806381225586, 0.2526702284812927, 0.252977192401886, 0.25283530354499817, 0.25311511754989624, 0.25183576345443726, 0.2511446177959442, 0.25224390625953674, 0.25375497341156006, 0.2505216896533966, 0.24986368417739868, 0.24956034123897552, 0.24935594201087952, 0.24976997077465057]",33.0,"[33.0, 33.0, 33.0, 33.0, 33.0, 33.0, 33.0, 33.0, 33.0, 33.0, 33.0, 33.0, 33.0, 33.0, 33.0, 33.0, 33.0, 33.0, 33.0, 33.0, 33.0, 33.0, 33.0, 33.0, 33.0, 33.0, 33.0, 33.0, 33.0, 33.0, 33.0, 33.0, 33.0, 33.0, 33.0, 33.0, 33.0, 33.0, 33.0, 33.0, 33.0, 33.0, 33.0, 33.0, 33.0, 33.0, 33.0, 33.0, 33.0, 33.0, 33.0, 33.0, 33.0, 33.0, 33.0, 33.0, 33.0, 33.0, 33.0, 33.0, 33.0, 33.0, 33.0, 33.0, 33.0, 33.0, 33.0, 33.0, 33.0, 33.0, 33.0, 33.0, 33.0, 33.0, 33.0, 33.0, 33.0, 33.0, 33.0, 33.0, 33.0, 33.0, 33.0, 33.0, 33.0, 33.0, 33.0, 33.0, 33.0, 33.0, 33.0, 33.0, 33.0, 33.0, 33.0, 33.0, 33.0, 33.0, 33.0, 33.0, 33.0, 33.0, 33.0, 33.0, 33.0, 33.0, 33.0, 33.0, 33.0, 33.0, 33.0, 33.0, 33.0, 33.0, 33.0, 33.0, 33.0, 33.0, 33.0, 33.0, 33.0, 33.0, 33.0, 33.0, 33.0, 33.0, 33.0, 33.0, 33.0, 33.0, 33.0, 33.0, 33.0, 33.0, 33.0, 33.0, 33.0, 33.0, 33.0, 33.0, 33.0, 33.0, 33.0, 33.0, 33.0, 33.0, 33.0, 33.0, 33.0, 33.0, 33.0, 33.0, 33.0, 33.0, 33.0, 33.0, 33.0, 33.0, 33.0, 33.0, 33.0, 33.0, 33.0, 33.0, 33.0, 33.0, 33.0, 33.0, 33.0, 33.0, 33.0, 33.0, 33.0, 33.0, 33.0, 33.0, 33.0, 33.0, 33.0, 33.0, 33.0, 33.0, 33.0, 33.0, 33.0, 33.0, 33.0, 33.0, 33.0, 33.0, 33.0, 33.0, 33.0, 33.0, 33.0, 33.0, 33.0, 33.0, 33.0, 33.0, 33.0, 33.0, 33.0, 33.0, 33.0, 33.0, 33.0, 33.0, 33.0, 33.0, 33.0, 33.0, 33.0, 33.0, 33.0, 33.0, 33.0, 33.0, 33.0, 33.0, 33.0, 33.0, 33.0, 33.0, 33.0, 33.0, 33.0, 33.0, 33.0, 33.0, 33.0, 33.0, 33.0, 33.0, 33.0, 33.0, 33.0, 33.0, 33.0, 33.0, 33.0, 33.0, 33.0, 33.0, 33.0, 33.0, 33.0, 33.0, 33.0, 33.0, 33.0, 33.0, 33.0, 33.0, 33.0, 33.0, 33.0, 33.0, 33.0, 33.0, 33.0, 33.0, 33.0, 33.0, 33.0, 33.0, 33.0, 33.0, 33.0, 33.0, 33.0, 33.0, 33.0, 33.0, 33.0, 33.0, 33.0, 33.0, 33.0, 33.0, 33.0, 33.0, 33.0, 33.0, 33.0, 33.0, 33.0, 33.0, 33.0, 33.0, 33.0, 33.0, 33.0, 33.0, 33.0, 33.0, 33.0, 33.0, 33.0, 33.0, 33.0, 33.0, 33.0, 33.0, 33.0, 33.0, 33.0, 33.0, 33.0, 33.0]",COMPLETE
