,number,value,datetime_start,datetime_complete,duration,params_batch_size_scaler,params_constant_learning_rate,params_depth,params_epochs,params_kernel_l2,params_num_trees,params_temperature,user_attrs_accuracy_test,user_attrs_accuracy_valid,user_attrs_approximate_feature_sparsity,user_attrs_approximate_feature_sparsity_history,user_attrs_approximate_weight_sparsity,user_attrs_approximate_weight_sparsity_history,user_attrs_auc_test,user_attrs_auc_valid,user_attrs_feature_sparsity,user_attrs_feature_sparsity_history,user_attrs_num_epochs,user_attrs_val_loss_history,user_attrs_weight_sparsity,user_attrs_weight_sparsity_history,state
31,31,0.7030438871069548,2024-08-31 01:26:06.631915,2024-08-31 01:26:21.512438,0 days 00:00:14.880523,16,0.01205871977222976,5,20,0.09392103333575569,57,0.0005628928515934418,0.859,0.85875,33,"[33, 33, 33, 33, 33, 33, 33, 33, 33, 33, 33, 33, 33, 33, 33, 33, 33, 33, 33, 33]",32.94453876627051,"[32.94397283531409, 32.94227504244482, 32.94510469722694, 32.942840973401246, 32.94227504244482, 32.93944538766271, 32.943972835314085, 32.94453876627051, 32.94114318053197, 32.933220147142045, 32.93718166383701, 32.93548387096774, 32.93887945670628, 32.9417091114884, 32.94001131861913, 32.93661573288058, 32.937747594793436, 32.940577249575554, 32.942840973401246, 32.94453876627051]",0.716138673535944,0.7030438871069548,33,"[33, 33, 33, 33, 33, 33, 33, 33, 33, 33, 33, 33, 33, 33, 33, 33, 33, 33, 33, 33]",20,"[0.5668897032737732, 0.5298556685447693, 0.5026782751083374, 0.4819372892379761, 0.46580153703689575, 0.4535973370075226, 0.4438992440700531, 0.43630000948905945, 0.43019989132881165, 0.42535722255706787, 0.42146188020706177, 0.41812530159950256, 0.4154878258705139, 0.41311314702033997, 0.41113021969795227, 0.4094420373439789, 0.4080340266227722, 0.4067893326282501, 0.40571802854537964, 0.40479832887649536]",33.0,"[33.0, 33.0, 33.0, 33.0, 33.0, 33.0, 33.0, 33.0, 33.0, 33.0, 33.0, 33.0, 33.0, 33.0, 33.0, 33.0, 33.0, 33.0, 33.0, 33.0]",COMPLETE
