,number,value,datetime_start,datetime_complete,duration,params_batch_size_scaler,params_constant_learning_rate,params_depth,params_epochs,params_kernel_l2,params_num_trees,params_temperature,user_attrs_accuracy_test,user_attrs_accuracy_valid,user_attrs_approximate_feature_sparsity,user_attrs_approximate_feature_sparsity_history,user_attrs_approximate_weight_sparsity,user_attrs_approximate_weight_sparsity_history,user_attrs_auc_test,user_attrs_auc_valid,user_attrs_feature_sparsity,user_attrs_feature_sparsity_history,user_attrs_num_epochs,user_attrs_val_loss_history,user_attrs_weight_sparsity,user_attrs_weight_sparsity_history,state
108,108,0.5,2024-08-31 04:51:23.147383,2024-08-31 04:51:50.805885,0 days 00:00:27.658502,64,1.2337452599762584,2,285,0.046243564005894335,7,0.08093245425382237,0.859,0.85875,0,"[0, 0, 0, 0, 0, 0, 0, 0, 0, 0, 0, 0, 0, 0, 0, 0, 0, 0, 0, 0, 0, 0, 0, 0, 0, 0, 0, 0, 0, 0, 0, 0, 0, 0, 0, 0, 0, 0, 0, 0, 0, 0, 0, 0, 0, 0, 0, 0, 0, 0, 0, 0, 0, 0, 0, 0, 0, 0, 0, 0, 0, 0, 0, 0, 0, 0, 0, 0, 0, 0, 0, 0, 0, 0, 0, 0, 0, 0, 0, 0, 0, 0, 0, 0, 0, 0, 0, 0, 0, 0, 0, 0, 0, 0, 0, 0, 0, 0, 0, 0, 0, 0, 0, 0, 0, 0, 0, 0, 0, 0, 0, 0, 0, 0, 0, 0, 0, 0, 0, 0, 0, 0, 0, 0, 0, 0, 0, 0, 0, 0, 0, 0, 0, 0, 0, 0, 0, 0, 0, 0, 0, 0, 0, 0, 0, 0, 0, 0, 0, 0, 0, 0, 0, 0, 0, 0, 0, 0, 0, 0, 0, 0, 0, 0, 0, 0, 0, 0, 0, 0, 0, 0, 0, 0, 0, 0, 0, 0, 0, 0, 0, 0, 0, 0, 0, 0, 0, 0, 0, 0, 0, 0, 0, 0, 0, 0, 0, 0, 0, 0, 0, 0, 0, 0, 0, 0, 0, 0, 0, 0, 0, 0, 0, 0, 0, 0, 0, 0, 0, 0, 0, 0, 0, 0, 0, 0, 0, 0, 0, 0, 0, 0, 0, 0, 0, 0, 0, 0, 0, 0, 0, 0, 0, 0, 0, 0, 0, 0, 0, 0, 0, 0, 0, 0, 0, 0, 0, 0, 0, 0, 0, 0, 0, 0, 0, 0, 0, 0, 0, 0, 0, 0, 0, 0, 0, 0, 0, 0, 0, 0, 0, 0, 0, 0, 0]",0.0,"[0.0, 0.0, 0.0, 0.0, 0.0, 0.0, 0.0, 0.0, 0.0, 0.0, 0.0, 0.0, 0.0, 0.0, 0.0, 0.0, 0.0, 0.0, 0.0, 0.0, 0.0, 0.0, 0.0, 0.0, 0.0, 0.0, 0.0, 0.0, 0.0, 0.0, 0.0, 0.0, 0.0, 0.0, 0.0, 0.0, 0.0, 0.0, 0.0, 0.0, 0.0, 0.0, 0.0, 0.0, 0.0, 0.0, 0.0, 0.0, 0.0, 0.0, 0.0, 0.0, 0.0, 0.0, 0.0, 0.0, 0.0, 0.0, 0.0, 0.0, 0.0, 0.0, 0.0, 0.0, 0.0, 0.0, 0.0, 0.0, 0.0, 0.0, 0.0, 0.0, 0.0, 0.0, 0.0, 0.0, 0.0, 0.0, 0.0, 0.0, 0.0, 0.0, 0.0, 0.0, 0.0, 0.0, 0.0, 0.0, 0.0, 0.0, 0.0, 0.0, 0.0, 0.0, 0.0, 0.0, 0.0, 0.0, 0.0, 0.0, 0.0, 0.0, 0.0, 0.0, 0.0, 0.0, 0.0, 0.0, 0.0, 0.0, 0.0, 0.0, 0.0, 0.0, 0.0, 0.0, 0.0, 0.0, 0.0, 0.0, 0.0, 0.0, 0.0, 0.0, 0.0, 0.0, 0.0, 0.0, 0.0, 0.0, 0.0, 0.0, 0.0, 0.0, 0.0, 0.0, 0.0, 0.0, 0.0, 0.0, 0.0, 0.0, 0.0, 0.0, 0.0, 0.0, 0.0, 0.0, 0.0, 0.0, 0.0, 0.0, 0.0, 0.0, 0.0, 0.0, 0.0, 0.0, 0.0, 0.0, 0.0, 0.0, 0.0, 0.0, 0.0, 0.0, 0.0, 0.0, 0.0, 0.0, 0.0, 0.0, 0.0, 0.0, 0.0, 0.0, 0.0, 0.0, 0.0, 0.0, 0.0, 0.0, 0.0, 0.0, 0.0, 0.0, 0.0, 0.0, 0.0, 0.0, 0.0, 0.0, 0.0, 0.0, 0.0, 0.0, 0.0, 0.0, 0.0, 0.0, 0.0, 0.0, 0.0, 0.0, 0.0, 0.0, 0.0, 0.0, 0.0, 0.0, 0.0, 0.0, 0.0, 0.0, 0.0, 0.0, 0.0, 0.0, 0.0, 0.0, 0.0, 0.0, 0.0, 0.0, 0.0, 0.0, 0.0, 0.0, 0.0, 0.0, 0.0, 0.0, 0.0, 0.0, 0.0, 0.0, 0.0, 0.0, 0.0, 0.0, 0.0, 0.0, 0.0, 0.0, 0.0, 0.0, 0.0, 0.0, 0.0, 0.0, 0.0, 0.0, 0.0, 0.0, 0.0, 0.0, 0.0, 0.0, 0.0, 0.0, 0.0, 0.0, 0.0, 0.0, 0.0, 0.0, 0.0, 0.0, 0.0, 0.0, 0.0, 0.0, 0.0, 0.0, 0.0, 0.0, 0.0, 0.0, 0.0, 0.0, 0.0, 0.0, 0.0, 0.0, 0.0]",0.5,0.5,0,"[0, 0, 0, 0, 0, 0, 0, 0, 0, 0, 0, 0, 0, 0, 0, 0, 0, 0, 0, 0, 0, 0, 0, 0, 0, 0, 0, 0, 0, 0, 0, 0, 0, 0, 0, 0, 0, 0, 0, 0, 0, 0, 0, 0, 0, 0, 0, 0, 0, 0, 0, 0, 0, 0, 0, 0, 0, 0, 0, 0, 0, 0, 0, 0, 0, 0, 0, 0, 0, 0, 0, 0, 0, 0, 0, 0, 0, 0, 0, 0, 0, 0, 0, 0, 0, 0, 0, 0, 0, 0, 0, 0, 0, 0, 0, 0, 0, 0, 0, 0, 0, 0, 0, 0, 0, 0, 0, 0, 0, 0, 0, 0, 0, 0, 0, 0, 0, 0, 0, 0, 0, 0, 0, 0, 0, 0, 0, 0, 0, 0, 0, 0, 0, 0, 0, 0, 0, 0, 0, 0, 0, 0, 0, 0, 0, 0, 0, 0, 0, 0, 0, 0, 0, 0, 0, 0, 0, 0, 0, 0, 0, 0, 0, 0, 0, 0, 0, 0, 0, 0, 0, 0, 0, 0, 0, 0, 0, 0, 0, 0, 0, 0, 0, 0, 0, 0, 0, 0, 0, 0, 0, 0, 0, 0, 0, 0, 0, 0, 0, 0, 0, 0, 0, 0, 0, 0, 0, 0, 0, 0, 0, 0, 0, 0, 0, 0, 0, 0, 0, 0, 0, 0, 0, 0, 0, 0, 0, 0, 0, 0, 0, 0, 0, 0, 0, 0, 0, 0, 0, 0, 0, 0, 0, 0, 0, 0, 0, 0, 0, 0, 0, 0, 0, 0, 0, 0, 0, 0, 0, 0, 0, 0, 0, 0, 0, 0, 0, 0, 0, 0, 0, 0, 0, 0, 0, 0, 0, 0, 0, 0, 0, 0, 0, 0, 0]",285,"[0.4088960886001587, 0.4086993336677551, 0.41161811351776123, 0.4078790247440338, 0.41225722432136536, 0.4076423645019531, 0.40796416997909546, 0.40737298130989075, 0.4073614478111267, 0.4083888530731201, 0.4072665870189667, 0.40724506974220276, 0.4104152023792267, 0.4075424075126648, 0.40803831815719604, 0.40743395686149597, 0.4121819734573364, 0.40724098682403564, 0.4072303771972656, 0.41277357935905457, 0.40741583704948425, 0.4104481041431427, 0.4072413742542267, 0.40970689058303833, 0.40740767121315, 0.4087057113647461, 0.4074495732784271, 0.4131225645542145, 0.40966296195983887, 0.4072273373603821, 0.41084426641464233, 0.4092746675014496, 0.4087923467159271, 0.4075522720813751, 0.40723130106925964, 0.4072677195072174, 0.407969206571579, 0.40783584117889404, 0.4072462320327759, 0.40795695781707764, 0.41481536626815796, 0.40722960233688354, 0.4076769948005676, 0.4089732766151428, 0.4087020456790924, 0.40810638666152954, 0.40890371799468994, 0.40794676542282104, 0.40873244404792786, 0.4076778292655945, 0.40741902589797974, 0.4106144607067108, 0.408191442489624, 0.4082100987434387, 0.4073246717453003, 0.407785564661026, 0.40777388215065, 0.40791428089141846, 0.4091654121875763, 0.4074512720108032, 0.4074459969997406, 0.4076252281665802, 0.40722641348838806, 0.40792015194892883, 0.4088524878025055, 0.4116706848144531, 0.409199982881546, 0.4072268605232239, 0.4073196053504944, 0.4105972349643707, 0.4074253737926483, 0.4072560966014862, 0.4072262644767761, 0.40730178356170654, 0.4171465039253235, 0.40742751955986023, 0.40819793939590454, 0.4089002311229706, 0.40965813398361206, 0.4075455367565155, 0.40788689255714417, 0.40730226039886475, 0.407234787940979, 0.4080144464969635, 0.4078809320926666, 0.4082199037075043, 0.40724098682403564, 0.40744635462760925, 0.4074634611606598, 0.4072575271129608, 0.40867409110069275, 0.4088134765625, 0.40724387764930725, 0.4075756072998047, 0.40877556800842285, 0.4087461829185486, 0.4085022807121277, 0.40725159645080566, 0.40790268778800964, 0.40796715021133423, 0.4115258455276489, 0.40792205929756165, 0.40777748823165894, 0.41191238164901733, 0.4093528687953949, 0.4088219404220581, 0.41166865825653076, 0.4076831340789795, 0.40994805097579956, 0.41576912999153137, 0.4113454818725586, 0.4076310992240906, 0.4101041555404663, 0.4075055420398712, 0.4072577655315399, 0.4082690179347992, 0.4083515405654907, 0.40885964035987854, 0.4074043333530426, 0.4079219698905945, 0.4074367582798004, 0.40732505917549133, 0.40741172432899475, 0.4105255603790283, 0.4077746570110321, 0.4073355197906494, 0.4078633785247803, 0.40744292736053467, 0.4074902832508087, 0.4080670475959778, 0.40750834345817566, 0.40722599625587463, 0.40829241275787354, 0.40735191106796265, 0.407342791557312, 0.40924522280693054, 0.4118669927120209, 0.4101002514362335, 0.40737155079841614, 0.4073268473148346, 0.40739575028419495, 0.4097021520137787, 0.4075659215450287, 0.40805286169052124, 0.40722739696502686, 0.4117758870124817, 0.4104692041873932, 0.4088505804538727, 0.40800541639328003, 0.4141555726528168, 0.40852317214012146, 0.40829935669898987, 0.40799200534820557, 0.40734803676605225, 0.4076393246650696, 0.40907588601112366, 0.41085338592529297, 0.4105706810951233, 0.4132043719291687, 0.4107695519924164, 0.41034629940986633, 0.4072272777557373, 0.40736162662506104, 0.40763089060783386, 0.40729591250419617, 0.4072270095348358, 0.4081762731075287, 0.4072577655315399, 0.408875435590744, 0.40767449140548706, 0.40773218870162964, 0.4075997471809387, 0.40722987055778503, 0.4072909653186798, 0.4073629677295685, 0.4086014926433563, 0.40860670804977417, 0.4095720052719116, 0.409773588180542, 0.40921303629875183, 0.40744948387145996, 0.40787360072135925, 0.4080274999141693, 0.41166552901268005, 0.40734657645225525, 0.40752851963043213, 0.40782108902931213, 0.40965354442596436, 0.40789151191711426, 0.4108229875564575, 0.4081343710422516, 0.4072940945625305, 0.40788817405700684, 0.4072261452674866, 0.4073987603187561, 0.40886834263801575, 0.40867939591407776, 0.40784984827041626, 0.4084087312221527, 0.40724220871925354, 0.40764090418815613, 0.40931031107902527, 0.40872207283973694, 0.40882501006126404, 0.40730521082878113, 0.4075521230697632, 0.4072836935520172, 0.4087200462818146, 0.4107762277126312, 0.4076289236545563, 0.40728485584259033, 0.4072296917438507, 0.4080442488193512, 0.40818488597869873, 0.40724125504493713, 0.4073633551597595, 0.40723156929016113, 0.4076944589614868, 0.40739139914512634, 0.41058406233787537, 0.4083074629306793, 0.4072732925415039, 0.4073425233364105, 0.4080286920070648, 0.40746280550956726, 0.4099465310573578, 0.41010159254074097, 0.40722617506980896, 0.4085926115512848, 0.40819427371025085, 0.4072364866733551, 0.41176730394363403, 0.40722620487213135, 0.40757033228874207, 0.4073716104030609, 0.4080948531627655, 0.4085545241832733, 0.40732184052467346, 0.40722861886024475, 0.40926048159599304, 0.4106637239456177, 0.40743565559387207, 0.40882179141044617, 0.40841972827911377, 0.40762442350387573, 0.4081916809082031, 0.4083481729030609, 0.40774279832839966, 0.4074828624725342, 0.4082147181034088, 0.4075077176094055, 0.40786492824554443, 0.4119480848312378, 0.4079585373401642, 0.40744513273239136, 0.40810883045196533, 0.4074326455593109, 0.40785452723503113, 0.4072262644767761, 0.4113326370716095, 0.4090811014175415, 0.4072280824184418, 0.4083942472934723, 0.4090295433998108, 0.4093087911605835, 0.40808379650115967, 0.4079288840293884, 0.4091818928718567, 0.40748435258865356, 0.41086333990097046, 0.41010546684265137, 0.4072950780391693, 0.40722647309303284, 0.4112507700920105, 0.40730342268943787, 0.4129589796066284, 0.40726134181022644, 0.40722644329071045, 0.4073094129562378, 0.4080933630466461, 0.40734612941741943, 0.4104551076889038, 0.40786200761795044, 0.4092494249343872, 0.40829458832740784]",0.0,"[0.0, 0.0, 0.0, 0.0, 0.0, 0.0, 0.0, 0.0, 0.0, 0.0, 0.0, 0.0, 0.0, 0.0, 0.0, 0.0, 0.0, 0.0, 0.0, 0.0, 0.0, 0.0, 0.0, 0.0, 0.0, 0.0, 0.0, 0.0, 0.0, 0.0, 0.0, 0.0, 0.0, 0.0, 0.0, 0.0, 0.0, 0.0, 0.0, 0.0, 0.0, 0.0, 0.0, 0.0, 0.0, 0.0, 0.0, 0.0, 0.0, 0.0, 0.0, 0.0, 0.0, 0.0, 0.0, 0.0, 0.0, 0.0, 0.0, 0.0, 0.0, 0.0, 0.0, 0.0, 0.0, 0.0, 0.0, 0.0, 0.0, 0.0, 0.0, 0.0, 0.0, 0.0, 0.0, 0.0, 0.0, 0.0, 0.0, 0.0, 0.0, 0.0, 0.0, 0.0, 0.0, 0.0, 0.0, 0.0, 0.0, 0.0, 0.0, 0.0, 0.0, 0.0, 0.0, 0.0, 0.0, 0.0, 0.0, 0.0, 0.0, 0.0, 0.0, 0.0, 0.0, 0.0, 0.0, 0.0, 0.0, 0.0, 0.0, 0.0, 0.0, 0.0, 0.0, 0.0, 0.0, 0.0, 0.0, 0.0, 0.0, 0.0, 0.0, 0.0, 0.0, 0.0, 0.0, 0.0, 0.0, 0.0, 0.0, 0.0, 0.0, 0.0, 0.0, 0.0, 0.0, 0.0, 0.0, 0.0, 0.0, 0.0, 0.0, 0.0, 0.0, 0.0, 0.0, 0.0, 0.0, 0.0, 0.0, 0.0, 0.0, 0.0, 0.0, 0.0, 0.0, 0.0, 0.0, 0.0, 0.0, 0.0, 0.0, 0.0, 0.0, 0.0, 0.0, 0.0, 0.0, 0.0, 0.0, 0.0, 0.0, 0.0, 0.0, 0.0, 0.0, 0.0, 0.0, 0.0, 0.0, 0.0, 0.0, 0.0, 0.0, 0.0, 0.0, 0.0, 0.0, 0.0, 0.0, 0.0, 0.0, 0.0, 0.0, 0.0, 0.0, 0.0, 0.0, 0.0, 0.0, 0.0, 0.0, 0.0, 0.0, 0.0, 0.0, 0.0, 0.0, 0.0, 0.0, 0.0, 0.0, 0.0, 0.0, 0.0, 0.0, 0.0, 0.0, 0.0, 0.0, 0.0, 0.0, 0.0, 0.0, 0.0, 0.0, 0.0, 0.0, 0.0, 0.0, 0.0, 0.0, 0.0, 0.0, 0.0, 0.0, 0.0, 0.0, 0.0, 0.0, 0.0, 0.0, 0.0, 0.0, 0.0, 0.0, 0.0, 0.0, 0.0, 0.0, 0.0, 0.0, 0.0, 0.0, 0.0, 0.0, 0.0, 0.0, 0.0, 0.0, 0.0, 0.0, 0.0, 0.0, 0.0, 0.0, 0.0, 0.0, 0.0, 0.0, 0.0, 0.0, 0.0, 0.0, 0.0, 0.0, 0.0, 0.0, 0.0, 0.0, 0.0, 0.0, 0.0, 0.0]",COMPLETE
109,109,0.5511844495111489,2024-08-31 04:51:53.919192,2024-08-31 04:53:18.964118,0 days 00:01:25.044926,4,0.11936196430517505,1,235,0.05793269031762102,48,0.024657279098361108,0.859,0.85875,1,"[33, 33, 33, 32, 32, 32, 32, 31, 30, 29, 29, 28, 27, 24, 20, 20, 20, 17, 17, 15, 15, 15, 15, 14, 13, 13, 13, 13, 13, 13, 13, 13, 12, 12, 12, 12, 12, 12, 12, 12, 12, 12, 12, 12, 12, 12, 12, 12, 11, 11, 8, 8, 8, 8, 8, 8, 8, 8, 8, 8, 8, 8, 8, 8, 8, 8, 8, 8, 8, 8, 8, 8, 8, 8, 8, 8, 8, 8, 8, 8, 8, 8, 8, 8, 8, 8, 8, 8, 8, 8, 8, 8, 8, 8, 8, 8, 8, 8, 8, 8, 8, 8, 8, 8, 8, 8, 8, 8, 8, 8, 8, 8, 8, 8, 8, 8, 8, 8, 8, 8, 8, 8, 8, 8, 8, 8, 8, 8, 8, 8, 8, 8, 8, 8, 8, 8, 8, 8, 8, 8, 8, 8, 8, 8, 8, 8, 8, 8, 8, 8, 8, 8, 8, 8, 8, 8, 8, 8, 8, 8, 8, 8, 8, 8, 8, 8, 8, 8, 8, 8, 8, 8, 8, 8, 8, 8, 8, 8, 8, 8, 8, 8, 8, 8, 8, 8, 8, 8, 8, 8, 8, 8, 8, 8, 8, 8, 8, 8, 8, 8, 8, 8, 8, 8, 8, 8, 8, 8, 7, 7, 7, 7, 7, 6, 6, 6, 5, 5, 5, 5, 5, 4, 2, 2, 2, 2, 2, 2, 1, 1, 1, 1, 1, 1, 1]",1.0,"[33.0, 33.0, 32.979166666666664, 32.0, 31.979166666666664, 31.979166666666664, 32.0, 31.0, 30.0, 29.0, 28.979166666666664, 27.979166666666668, 27.0, 24.0, 20.0, 20.0, 19.979166666666664, 17.0, 16.979166666666664, 14.979166666666666, 15.0, 15.0, 15.0, 14.0, 13.0, 13.0, 13.0, 12.979166666666666, 13.0, 13.0, 13.0, 13.0, 12.0, 12.0, 11.979166666666666, 12.0, 12.0, 12.0, 12.0, 12.0, 12.0, 11.979166666666666, 11.979166666666666, 12.0, 12.0, 12.0, 12.0, 11.979166666666666, 11.0, 10.958333333333332, 7.958333333333333, 8.0, 7.979166666666666, 8.0, 8.0, 8.0, 8.0, 8.0, 8.0, 8.0, 8.0, 7.979166666666666, 8.0, 8.0, 8.0, 8.0, 8.0, 8.0, 7.979166666666667, 8.0, 8.0, 8.0, 8.0, 8.0, 8.0, 8.0, 8.0, 8.0, 8.0, 7.979166666666666, 8.0, 8.0, 8.0, 8.0, 8.0, 8.0, 8.0, 8.0, 8.0, 8.0, 8.0, 8.0, 8.0, 8.0, 8.0, 8.0, 8.0, 8.0, 8.0, 8.0, 8.0, 8.0, 7.979166666666666, 8.0, 8.0, 8.0, 8.0, 8.0, 8.0, 8.0, 8.0, 8.0, 8.0, 8.0, 8.0, 8.0, 8.0, 7.979166666666666, 7.979166666666666, 8.0, 8.0, 7.979166666666666, 8.0, 7.979166666666667, 7.979166666666667, 7.979166666666667, 7.979166666666667, 8.0, 8.0, 8.0, 8.0, 8.0, 8.0, 8.0, 8.0, 8.0, 8.0, 8.0, 7.979166666666666, 8.0, 8.0, 8.0, 8.0, 8.0, 8.0, 8.0, 8.0, 8.0, 8.0, 8.0, 7.979166666666666, 8.0, 8.0, 8.0, 8.0, 8.0, 8.0, 8.0, 8.0, 8.0, 7.979166666666666, 8.0, 8.0, 8.0, 8.0, 8.0, 8.0, 8.0, 8.0, 8.0, 7.979166666666666, 8.0, 7.979166666666666, 7.979166666666666, 7.979166666666666, 8.0, 8.0, 8.0, 8.0, 8.0, 8.0, 8.0, 8.0, 7.979166666666666, 8.0, 8.0, 8.0, 8.0, 8.0, 7.979166666666666, 7.979166666666666, 7.979166666666666, 7.979166666666666, 7.979166666666666, 7.979166666666666, 7.979166666666666, 7.979166666666666, 7.979166666666666, 7.958333333333332, 8.0, 7.979166666666666, 8.0, 7.979166666666666, 7.979166666666666, 8.0, 8.0, 8.0, 8.0, 7.0, 7.0, 7.0, 7.0, 7.0, 6.0, 6.0, 5.979166666666667, 5.0, 4.979166666666667, 4.979166666666667, 5.0, 5.0, 4.0, 1.9791666666666665, 2.0, 2.0, 2.0, 2.0, 2.0, 1.0, 1.0, 1.0, 1.0, 1.0, 1.0, 1.0]",0.5741213187030937,0.5511844495111489,1,"[33, 33, 33, 32, 32, 32, 32, 31, 30, 29, 29, 28, 27, 24, 20, 20, 20, 17, 17, 15, 15, 15, 15, 14, 13, 13, 13, 13, 13, 13, 13, 13, 12, 12, 12, 12, 12, 12, 12, 12, 12, 12, 12, 12, 12, 12, 12, 12, 11, 11, 8, 8, 8, 8, 8, 8, 8, 8, 8, 8, 8, 8, 8, 8, 8, 8, 8, 8, 8, 8, 8, 8, 8, 8, 8, 8, 8, 8, 8, 8, 8, 8, 8, 8, 8, 8, 8, 8, 8, 8, 8, 8, 8, 8, 8, 8, 8, 8, 8, 8, 8, 8, 8, 8, 8, 8, 8, 8, 8, 8, 8, 8, 8, 8, 8, 8, 8, 8, 8, 8, 8, 8, 8, 8, 8, 8, 8, 8, 8, 8, 8, 8, 8, 8, 8, 8, 8, 8, 8, 8, 8, 8, 8, 8, 8, 8, 8, 8, 8, 8, 8, 8, 8, 8, 8, 8, 8, 8, 8, 8, 8, 8, 8, 8, 8, 8, 8, 8, 8, 8, 8, 8, 8, 8, 8, 8, 8, 8, 8, 8, 8, 8, 8, 8, 8, 8, 8, 8, 8, 8, 8, 8, 8, 8, 8, 8, 8, 8, 8, 8, 8, 8, 8, 8, 8, 8, 8, 8, 7, 7, 7, 7, 7, 6, 6, 6, 5, 5, 5, 5, 5, 4, 2, 2, 2, 2, 2, 2, 1, 1, 1, 1, 1, 1, 1]",235,"[0.43786656856536865, 0.41399872303009033, 0.4063953459262848, 0.41359007358551025, 0.3915920555591583, 0.39541205763816833, 0.3818318843841553, 0.37537968158721924, 0.3679490387439728, 0.3757132291793823, 0.3613992929458618, 0.3552893102169037, 0.35338294506073, 0.3495955765247345, 0.3473789095878601, 0.3434865474700928, 0.3379495143890381, 0.3275156021118164, 0.32576602697372437, 0.3192826807498932, 0.3169024884700775, 0.3152872920036316, 0.31256380677223206, 0.31444188952445984, 0.30862846970558167, 0.30242758989334106, 0.30658411979675293, 0.29813772439956665, 0.29468196630477905, 0.29282769560813904, 0.292376846075058, 0.2887705862522125, 0.28917616605758667, 0.28674232959747314, 0.28724417090415955, 0.2864425778388977, 0.2809849679470062, 0.27828314900398254, 0.27852198481559753, 0.283148854970932, 0.28944045305252075, 0.2763579189777374, 0.27333298325538635, 0.2713904082775116, 0.27277329564094543, 0.270222544670105, 0.27072855830192566, 0.2685547173023224, 0.27746662497520447, 0.27513954043388367, 0.2824828624725342, 0.276614248752594, 0.2819119691848755, 0.2750639021396637, 0.27170422673225403, 0.2705296277999878, 0.2715829610824585, 0.27598610520362854, 0.2657409608364105, 0.2674587368965149, 0.2666718661785126, 0.26379767060279846, 0.27764663100242615, 0.2698040306568146, 0.26381489634513855, 0.2619611620903015, 0.2616608142852783, 0.26097607612609863, 0.2616592347621918, 0.26173892617225647, 0.2646462917327881, 0.2592398524284363, 0.2583252787590027, 0.2608005702495575, 0.26110512018203735, 0.25793007016181946, 0.26594841480255127, 0.2564595341682434, 0.28597506880760193, 0.26709458231925964, 0.26847153902053833, 0.2593846619129181, 0.2556299865245819, 0.2627609968185425, 0.25475648045539856, 0.2558911442756653, 0.2562743127346039, 0.25532180070877075, 0.25392648577690125, 0.2545107901096344, 0.2548823356628418, 0.2608760893344879, 0.2533608675003052, 0.2544168531894684, 0.2523159086704254, 0.2529274523258209, 0.25492820143699646, 0.25532984733581543, 0.2587684392929077, 0.252641886472702, 0.252221941947937, 0.2516821622848511, 0.2531464695930481, 0.2684047520160675, 0.25219783186912537, 0.25361061096191406, 0.257810115814209, 0.2503378093242645, 0.25499799847602844, 0.24908919632434845, 0.25221630930900574, 0.251537561416626, 0.25768887996673584, 0.2507289946079254, 0.24907948076725006, 0.2550676465034485, 0.2612330913543701, 0.2532963752746582, 0.2502542734146118, 0.24952168762683868, 0.24890318512916565, 0.25616511702537537, 0.24922002851963043, 0.25099503993988037, 0.25055938959121704, 0.24676257371902466, 0.26143014430999756, 0.24691790342330933, 0.2465934008359909, 0.24783582985401154, 0.24715371429920197, 0.2520701289176941, 0.2686574459075928, 0.2545044422149658, 0.24847881495952606, 0.25326451659202576, 0.24691259860992432, 0.24952690303325653, 0.24718952178955078, 0.24673202633857727, 0.25012916326522827, 0.2497294396162033, 0.2458363175392151, 0.24590528011322021, 0.2477259635925293, 0.24811923503875732, 0.24627381563186646, 0.24471977353096008, 0.2444191575050354, 0.24510623514652252, 0.2465410679578781, 0.24623829126358032, 0.24564743041992188, 0.24900628626346588, 0.2438630312681198, 0.24717815220355988, 0.25280091166496277, 0.26355254650115967, 0.24432891607284546, 0.24734334647655487, 0.24848289787769318, 0.25712430477142334, 0.2445845752954483, 0.24992474913597107, 0.24518321454524994, 0.2491927295923233, 0.24549594521522522, 0.24869504570960999, 0.2453431636095047, 0.2542397379875183, 0.24704304337501526, 0.2499043494462967, 0.2445986419916153, 0.24968235194683075, 0.24334949254989624, 0.24322402477264404, 0.24367821216583252, 0.24406588077545166, 0.24264660477638245, 0.24285808205604553, 0.24252735078334808, 0.2464558184146881, 0.24634157121181488, 0.2599814534187317, 0.24318040907382965, 0.24394820630550385, 0.24704788625240326, 0.2480536252260208, 0.2540438771247864, 0.24292661249637604, 0.24027986824512482, 0.242386594414711, 0.24370622634887695, 0.2432202398777008, 0.240788534283638, 0.24848133325576782, 0.2406308501958847, 0.24631746113300323, 0.2500188946723938, 0.244863361120224, 0.24430117011070251, 0.24075482785701752, 0.24079473316669464, 0.2421770989894867, 0.2665652334690094, 0.24117252230644226, 0.24227218329906464, 0.2448565512895584, 0.28436946868896484, 0.2841535806655884, 0.27153387665748596, 0.2705135643482208, 0.2725428640842438, 0.30355727672576904, 0.299290269613266, 0.2998974323272705, 0.3605172038078308, 0.32510244846343994, 0.3241345286369324, 0.3371827006340027, 0.34000542759895325, 0.3403458893299103, 0.40082958340644836, 0.39271366596221924, 0.39861488342285156, 0.3925367593765259, 0.39475589990615845, 0.3929174542427063, 0.4149239659309387, 0.41333168745040894, 0.408513605594635, 0.4075671434402466, 0.40895703434944153, 0.4104359745979309, 0.4066829979419708]",1.0,"[33.0, 33.0, 33.0, 32.0, 32.0, 32.0, 32.0, 31.0, 30.0, 29.0, 29.0, 28.0, 27.0, 24.0, 20.0, 20.0, 20.0, 17.0, 17.0, 15.0, 15.0, 15.0, 15.0, 14.0, 13.0, 13.0, 13.0, 13.0, 13.0, 13.0, 13.0, 13.0, 12.0, 12.0, 12.0, 12.0, 12.0, 12.0, 12.0, 12.0, 12.0, 12.0, 12.0, 12.0, 12.0, 12.0, 12.0, 12.0, 11.0, 11.0, 8.0, 8.0, 8.0, 8.0, 8.0, 8.0, 8.0, 8.0, 8.0, 8.0, 8.0, 8.0, 8.0, 8.0, 8.0, 8.0, 8.0, 8.0, 8.0, 8.0, 8.0, 8.0, 8.0, 8.0, 8.0, 8.0, 8.0, 8.0, 8.0, 8.0, 8.0, 8.0, 8.0, 8.0, 8.0, 8.0, 8.0, 8.0, 8.0, 8.0, 8.0, 8.0, 8.0, 8.0, 8.0, 8.0, 8.0, 8.0, 8.0, 8.0, 8.0, 8.0, 8.0, 8.0, 8.0, 8.0, 8.0, 8.0, 8.0, 8.0, 8.0, 8.0, 8.0, 8.0, 8.0, 8.0, 8.0, 8.0, 8.0, 8.0, 8.0, 8.0, 8.0, 8.0, 8.0, 8.0, 8.0, 8.0, 8.0, 8.0, 8.0, 8.0, 8.0, 8.0, 8.0, 8.0, 8.0, 8.0, 8.0, 8.0, 8.0, 8.0, 8.0, 8.0, 8.0, 8.0, 8.0, 8.0, 8.0, 8.0, 8.0, 8.0, 8.0, 8.0, 8.0, 8.0, 8.0, 8.0, 8.0, 8.0, 8.0, 8.0, 8.0, 8.0, 8.0, 8.0, 8.0, 8.0, 8.0, 8.0, 8.0, 8.0, 8.0, 8.0, 8.0, 8.0, 8.0, 8.0, 8.0, 8.0, 8.0, 8.0, 8.0, 8.0, 8.0, 8.0, 8.0, 8.0, 8.0, 8.0, 8.0, 8.0, 8.0, 8.0, 8.0, 8.0, 8.0, 8.0, 8.0, 8.0, 8.0, 8.0, 8.0, 8.0, 8.0, 8.0, 8.0, 8.0, 7.0, 7.0, 7.0, 7.0, 7.0, 6.0, 6.0, 6.0, 5.0, 5.0, 5.0, 5.0, 5.0, 4.0, 2.0, 2.0, 2.0, 2.0, 2.0, 2.0, 1.0, 1.0, 1.0, 1.0, 1.0, 1.0, 1.0]",COMPLETE
