,number,value,datetime_start,datetime_complete,duration,params_batch_size_scaler,params_constant_learning_rate,params_depth,params_epochs,params_kernel_l2,params_num_trees,params_temperature,user_attrs_accuracy_test,user_attrs_accuracy_valid,user_attrs_approximate_feature_sparsity,user_attrs_approximate_feature_sparsity_history,user_attrs_approximate_weight_sparsity,user_attrs_approximate_weight_sparsity_history,user_attrs_auc_test,user_attrs_auc_valid,user_attrs_feature_sparsity,user_attrs_feature_sparsity_history,user_attrs_num_epochs,user_attrs_val_loss_history,user_attrs_weight_sparsity,user_attrs_weight_sparsity_history,state
69,69,0.6815962695315017,2024-08-31 03:12:47.753317,2024-08-31 03:12:55.939166,0 days 00:00:08.185849,64,0.03532256008708472,1,65,0.0034166159061588923,79,0.00018353805806926456,0.86,0.85875,33,"[33, 33, 33, 33, 33, 33, 33, 33, 33, 33, 33, 33, 33, 33, 33, 33, 33, 33, 33, 33, 33, 33, 33, 33, 33, 33, 33, 33, 33, 33, 33, 33, 33, 33, 33, 33, 33, 33, 33, 33, 33, 33, 33, 33, 33, 33, 33, 33, 33, 33, 33, 33, 33, 33, 33, 33, 33, 33, 33, 33, 33, 33, 33, 33, 33]",33.0,"[33.0, 32.9873417721519, 33.0, 32.9873417721519, 33.0, 33.0, 33.0, 33.0, 33.0, 33.0, 33.0, 33.0, 33.0, 32.9873417721519, 32.9873417721519, 33.0, 33.0, 33.0, 33.0, 33.0, 33.0, 33.0, 33.0, 33.0, 33.0, 33.0, 32.9873417721519, 32.9873417721519, 33.0, 32.9873417721519, 32.9873417721519, 32.9873417721519, 32.9873417721519, 32.9873417721519, 32.9746835443038, 32.9873417721519, 32.9873417721519, 33.0, 33.0, 33.0, 32.9873417721519, 33.0, 32.9873417721519, 32.9746835443038, 32.9746835443038, 32.9746835443038, 32.9873417721519, 32.9873417721519, 32.9873417721519, 33.0, 33.0, 32.9873417721519, 32.9873417721519, 32.9746835443038, 32.9746835443038, 32.962025316455694, 32.962025316455694, 32.9746835443038, 32.9873417721519, 33.0, 33.0, 33.0, 33.0, 33.0, 33.0]",0.727012277181945,0.6815962695315017,33,"[33, 33, 33, 33, 33, 33, 33, 33, 33, 33, 33, 33, 33, 33, 33, 33, 33, 33, 33, 33, 33, 33, 33, 33, 33, 33, 33, 33, 33, 33, 33, 33, 33, 33, 33, 33, 33, 33, 33, 33, 33, 33, 33, 33, 33, 33, 33, 33, 33, 33, 33, 33, 33, 33, 33, 33, 33, 33, 33, 33, 33, 33, 33, 33, 33]",65,"[0.4136522710323334, 0.4100240468978882, 0.40827617049217224, 0.4073730707168579, 0.4058840870857239, 0.40390875935554504, 0.40399032831192017, 0.40214458107948303, 0.4005049467086792, 0.3995571434497833, 0.3984178304672241, 0.3983484208583832, 0.3967021107673645, 0.3958932161331177, 0.39483892917633057, 0.3942858576774597, 0.3946385979652405, 0.3928362727165222, 0.3920934796333313, 0.3918348550796509, 0.3907928168773651, 0.3907061517238617, 0.3898581564426422, 0.3892109990119934, 0.38870102167129517, 0.3888554275035858, 0.3875516653060913, 0.3871678411960602, 0.38733071088790894, 0.38611021637916565, 0.38575640320777893, 0.38636699318885803, 0.3851202726364136, 0.3847225606441498, 0.3842838406562805, 0.38428711891174316, 0.3837479054927826, 0.38339534401893616, 0.38302546739578247, 0.3835873305797577, 0.3822328448295593, 0.3819882273674011, 0.38259074091911316, 0.3815073072910309, 0.3809358477592468, 0.3813536465167999, 0.3802820146083832, 0.3800126314163208, 0.38000306487083435, 0.37986719608306885, 0.3797040581703186, 0.3791506588459015, 0.3800731897354126, 0.37854766845703125, 0.3785744607448578, 0.3777402937412262, 0.37749040126800537, 0.37813639640808105, 0.38022109866142273, 0.3769424855709076, 0.3772604763507843, 0.3772691786289215, 0.37809598445892334, 0.37636610865592957, 0.376287579536438]",33.0,"[33.0, 33.0, 33.0, 33.0, 33.0, 33.0, 33.0, 33.0, 33.0, 33.0, 33.0, 33.0, 33.0, 33.0, 33.0, 33.0, 33.0, 33.0, 33.0, 33.0, 33.0, 33.0, 33.0, 33.0, 33.0, 33.0, 33.0, 33.0, 33.0, 33.0, 33.0, 33.0, 33.0, 33.0, 33.0, 33.0, 33.0, 33.0, 33.0, 33.0, 33.0, 33.0, 33.0, 33.0, 33.0, 33.0, 33.0, 33.0, 33.0, 33.0, 33.0, 33.0, 33.0, 33.0, 33.0, 33.0, 33.0, 33.0, 33.0, 33.0, 33.0, 33.0, 33.0, 33.0, 33.0]",COMPLETE
