,number,value,datetime_start,datetime_complete,duration,params_batch_size_scaler,params_constant_learning_rate,params_depth,params_epochs,params_kernel_l2,params_num_trees,params_temperature,user_attrs_accuracy_test,user_attrs_accuracy_valid,user_attrs_approximate_feature_sparsity,user_attrs_approximate_feature_sparsity_history,user_attrs_approximate_weight_sparsity,user_attrs_approximate_weight_sparsity_history,user_attrs_auc_test,user_attrs_auc_valid,user_attrs_feature_sparsity,user_attrs_feature_sparsity_history,user_attrs_num_epochs,user_attrs_val_loss_history,user_attrs_weight_sparsity,user_attrs_weight_sparsity_history,state
89,89,0.9169275160696114,2024-08-31 04:09:49.182480,2024-08-31 04:10:41.640697,0 days 00:00:52.458217,16,0.07395100729500427,3,445,0.24702260950042013,35,0.003498850317420618,0.917,0.90375,21,"[33, 33, 33, 33, 33, 33, 33, 33, 33, 33, 33, 33, 33, 33, 33, 33, 33, 33, 33, 33, 33, 33, 33, 33, 33, 33, 33, 33, 33, 33, 33, 33, 33, 33, 33, 33, 33, 33, 33, 33, 33, 33, 33, 33, 33, 33, 33, 33, 33, 33, 33, 33, 33, 33, 33, 33, 33, 33, 33, 33, 33, 33, 33, 33, 33, 33, 33, 33, 33, 33, 33, 33, 33, 33, 33, 33, 33, 33, 33, 33, 33, 33, 33, 33, 33, 33, 33, 33, 33, 33, 33, 33, 33, 33, 33, 33, 33, 33, 33, 33, 33, 33, 33, 33, 33, 33, 33, 33, 33, 33, 33, 33, 33, 33, 33, 33, 33, 33, 33, 33, 33, 33, 33, 33, 33, 33, 33, 33, 33, 33, 33, 33, 33, 33, 33, 33, 33, 33, 33, 33, 33, 33, 33, 33, 33, 33, 33, 33, 33, 33, 33, 33, 33, 33, 33, 33, 33, 33, 33, 33, 33, 33, 33, 33, 33, 33, 33, 33, 33, 33, 33, 33, 33, 33, 33, 33, 33, 33, 33, 33, 33, 33, 33, 33, 33, 33, 33, 33, 33, 33, 33, 33, 33, 33, 33, 33, 33, 33, 33, 33, 33, 33, 33, 33, 33, 33, 33, 33, 33, 33, 33, 33, 33, 33, 33, 33, 33, 33, 33, 33, 33, 33, 33, 33, 33, 33, 33, 33, 33, 33, 33, 33, 33, 33, 33, 33, 33, 33, 33, 33, 33, 33, 33, 33, 33, 33, 33, 33, 33, 33, 33, 33, 33, 33, 33, 33, 33, 33, 33, 33, 33, 33, 33, 33, 33, 33, 33, 33, 33, 33, 33, 33, 33, 33, 33, 33, 33, 33, 33, 33, 33, 33, 33, 33, 33, 33, 33, 33, 33, 33, 33, 33, 33, 33, 33, 33, 33, 33, 33, 33, 33, 33, 33, 33, 33, 33, 33, 33, 33, 33, 33, 32, 32, 32, 32, 32, 32, 32, 32, 32, 32, 32, 32, 32, 32, 32, 32, 32, 32, 32, 32, 31, 31, 30, 30, 30, 30, 30, 30, 30, 30, 29, 29, 29, 29, 29, 29, 29, 29, 29, 29, 29, 29, 29, 29, 29, 28, 28, 28, 28, 28, 28, 28, 27, 27, 27, 27, 27, 27, 27, 27, 27, 27, 27, 27, 27, 27, 27, 27, 27, 27, 27, 27, 27, 27, 27, 27, 26, 26, 26, 26, 26, 26, 26, 26, 26, 25, 25, 25, 25, 25, 25, 24, 24, 24, 24, 24, 24, 24, 24, 23, 22, 22, 22, 22, 22, 22, 22, 22, 22, 22, 22, 22, 22, 22, 22, 22, 22, 22, 22, 22, 22, 22, 22, 22, 22, 22, 22, 22, 21, 21, 21, 21, 21, 21]",20.959183673469386,"[32.99591836734694, 32.971428571428575, 32.97959183673469, 32.987755102040815, 32.987755102040815, 32.987755102040815, 33.0, 32.987755102040815, 32.99183673469388, 32.99591836734694, 32.99183673469388, 32.987755102040815, 32.97551020408163, 32.987755102040815, 32.987755102040815, 32.987755102040815, 32.987755102040815, 32.97551020408163, 32.99183673469388, 32.987755102040815, 32.987755102040815, 32.98367346938775, 32.97959183673469, 32.97142857142857, 32.971428571428575, 32.97959183673469, 32.967346938775506, 32.97959183673469, 32.97551020408163, 32.98367346938775, 32.99183673469388, 32.97551020408163, 32.98367346938775, 32.97959183673469, 32.987755102040815, 32.97959183673469, 32.98367346938775, 32.97551020408163, 32.99183673469388, 32.97551020408163, 32.967346938775506, 32.967346938775506, 32.967346938775506, 32.971428571428575, 32.97959183673469, 32.97959183673469, 32.95918367346939, 32.97959183673469, 32.98367346938775, 32.99591836734694, 32.99591836734694, 33.0, 32.99183673469388, 32.95918367346939, 32.967346938775506, 32.97551020408163, 32.98367346938775, 32.97551020408163, 32.97959183673469, 32.98367346938775, 32.97959183673469, 32.97959183673469, 32.97959183673469, 32.97959183673469, 32.97959183673469, 32.97959183673469, 32.97551020408163, 32.97959183673469, 32.987755102040815, 32.97959183673469, 32.96734693877551, 32.97959183673469, 32.98367346938775, 32.987755102040815, 32.987755102040815, 32.96326530612245, 32.97142857142857, 32.98367346938775, 32.98367346938775, 32.987755102040815, 32.98367346938775, 32.97959183673469, 32.987755102040815, 32.98367346938775, 32.99183673469388, 32.987755102040815, 32.97959183673469, 32.99183673469388, 32.99183673469388, 32.98367346938775, 32.987755102040815, 32.971428571428575, 32.97551020408163, 32.967346938775506, 32.97551020408163, 32.97551020408163, 32.97142857142857, 32.97959183673469, 32.98367346938775, 32.97959183673469, 32.97959183673469, 32.97551020408164, 32.97551020408163, 32.97551020408163, 32.98367346938775, 32.987755102040815, 32.98367346938775, 32.98367346938775, 32.99183673469388, 33.0, 32.99591836734694, 32.98367346938775, 32.99591836734694, 32.97959183673469, 32.98367346938775, 32.97142857142857, 32.97551020408163, 32.99591836734694, 32.99183673469388, 32.987755102040815, 32.98367346938775, 32.98367346938775, 32.987755102040815, 32.97959183673469, 32.987755102040815, 32.98367346938775, 32.971428571428575, 32.97551020408163, 32.97142857142857, 32.98367346938775, 32.97551020408163, 32.97551020408163, 32.97959183673469, 32.97959183673469, 32.95918367346939, 32.967346938775506, 32.97959183673469, 32.98367346938775, 32.967346938775506, 32.97142857142857, 32.98367346938775, 32.98367346938775, 32.97551020408163, 32.98367346938775, 32.97551020408163, 32.97959183673469, 32.97959183673469, 32.97551020408163, 32.95918367346939, 32.95918367346939, 32.946938775510205, 32.95918367346939, 32.98367346938775, 32.97551020408163, 32.96734693877551, 32.97142857142857, 32.97551020408163, 32.97959183673469, 32.97551020408163, 32.98367346938775, 32.97551020408163, 32.97959183673469, 32.98367346938775, 32.97551020408163, 32.967346938775506, 32.98367346938775, 32.97959183673469, 32.97959183673469, 32.98367346938775, 32.97142857142857, 32.97142857142857, 32.95918367346939, 32.96326530612245, 32.97959183673469, 32.97551020408163, 32.96326530612245, 32.967346938775506, 32.967346938775506, 32.97959183673469, 32.97959183673469, 32.97551020408163, 32.97551020408163, 32.967346938775506, 32.97959183673469, 32.967346938775506, 32.97142857142857, 32.967346938775506, 32.97959183673469, 32.97551020408163, 32.967346938775506, 32.97551020408163, 32.98367346938775, 32.97551020408163, 32.97959183673469, 32.97959183673469, 32.96734693877551, 32.97551020408163, 32.967346938775506, 32.97551020408163, 32.97551020408163, 32.97551020408163, 32.97551020408163, 32.967346938775506, 32.97959183673469, 32.97959183673469, 32.98367346938775, 32.98367346938775, 32.97142857142857, 32.95918367346939, 32.963265306122445, 32.97142857142857, 32.97142857142857, 32.95102040816327, 32.97142857142857, 32.97551020408163, 32.95102040816327, 32.97959183673469, 32.97551020408163, 32.97551020408163, 32.97959183673469, 32.97142857142857, 32.97551020408163, 32.967346938775506, 32.95510204081633, 32.97959183673469, 32.97551020408163, 32.97551020408163, 32.97142857142857, 32.96326530612245, 32.97551020408163, 32.97142857142857, 32.96734693877551, 32.967346938775506, 32.95510204081633, 32.95918367346938, 32.97551020408163, 32.96326530612245, 32.967346938775506, 32.96326530612245, 32.95510204081633, 32.95510204081633, 32.95510204081633, 32.95510204081633, 32.95510204081633, 32.95510204081633, 32.93877551020408, 32.95102040816327, 32.93877551020408, 32.94285714285714, 32.94285714285714, 32.94285714285714, 32.95102040816327, 32.946938775510205, 32.95510204081633, 32.96326530612245, 32.95918367346939, 32.95510204081633, 32.963265306122445, 32.967346938775506, 32.97959183673469, 32.967346938775506, 32.97551020408163, 32.97142857142857, 32.95102040816327, 32.95918367346939, 32.96326530612245, 32.97142857142857, 32.97551020408163, 32.95918367346939, 32.96326530612245, 32.96326530612245, 32.971428571428575, 32.96326530612245, 32.96326530612245, 32.95510204081633, 32.967346938775506, 32.96326530612245, 32.95918367346938, 32.967346938775506, 32.95918367346939, 32.96326530612245, 32.967346938775506, 32.97551020408163, 32.97551020408163, 32.96326530612245, 32.95510204081633, 32.95510204081633, 32.971428571428575, 32.95510204081633, 32.95510204081633, 32.95918367346939, 32.946938775510205, 32.95510204081633, 32.95510204081633, 32.946938775510205, 32.94285714285714, 32.93469387755102, 32.95510204081633, 32.95510204081633, 32.967346938775506, 32.95510204081633, 32.96326530612245, 32.95102040816327, 32.971428571428575, 32.95918367346939, 32.96326530612245, 32.967346938775506, 32.96326530612245, 32.97551020408163, 32.95510204081633, 32.96326530612245, 31.963265306122445, 31.963265306122445, 31.95918367346939, 31.96734693877551, 31.96734693877551, 31.97959183673469, 31.97551020408163, 31.97959183673469, 31.96734693877551, 31.971428571428568, 31.95918367346939, 31.946938775510205, 31.959183673469386, 31.96734693877551, 31.97551020408163, 31.967346938775506, 31.97551020408163, 31.95918367346939, 31.946938775510205, 31.946938775510205, 30.951020408163266, 30.95918367346939, 29.96734693877551, 29.95918367346939, 29.955102040816328, 29.96734693877551, 29.97142857142857, 29.959183673469386, 29.955102040816325, 29.963265306122448, 28.96734693877551, 28.942857142857143, 28.96326530612245, 28.96734693877551, 28.955102040816325, 28.951020408163263, 28.963265306122448, 28.95918367346939, 28.96734693877551, 28.96326530612245, 28.96326530612245, 28.97142857142857, 28.955102040816325, 28.94285714285714, 28.94285714285714, 27.951020408163266, 27.951020408163263, 27.955102040816325, 27.955102040816325, 27.942857142857143, 27.951020408163266, 27.96734693877551, 26.971428571428568, 26.96734693877551, 26.963265306122448, 26.971428571428568, 26.971428571428568, 26.97959183673469, 26.97551020408163, 26.987755102040815, 26.97551020408163, 26.963265306122448, 26.96326530612245, 26.955102040816325, 26.951020408163263, 26.967346938775506, 26.963265306122448, 26.963265306122448, 26.967346938775506, 26.96734693877551, 26.955102040816328, 26.95918367346939, 26.95918367346939, 26.93877551020408, 26.942857142857143, 26.955102040816328, 25.97142857142857, 25.955102040816328, 25.946938775510205, 25.963265306122448, 25.96734693877551, 25.96734693877551, 25.97142857142857, 25.967346938775506, 25.96734693877551, 24.987755102040815, 24.983673469387753, 24.971428571428568, 24.983673469387753, 24.983673469387753, 24.987755102040815, 23.97959183673469, 23.971428571428568, 23.971428571428568, 23.97959183673469, 23.97551020408163, 23.983673469387753, 23.983673469387753, 23.97551020408163, 22.96734693877551, 21.95918367346939, 21.951020408163266, 21.951020408163266, 21.963265306122448, 21.955102040816325, 21.955102040816325, 21.951020408163266, 21.959183673469386, 21.971428571428568, 21.97959183673469, 21.983673469387753, 21.97959183673469, 21.975510204081633, 21.987755102040815, 21.97959183673469, 21.96734693877551, 21.96734693877551, 21.96326530612245, 21.967346938775513, 21.96734693877551, 21.96734693877551, 21.97551020408163, 21.97142857142857, 21.97551020408163, 21.971428571428568, 21.975510204081633, 21.97142857142857, 21.971428571428568, 20.97142857142857, 20.963265306122448, 20.959183673469386, 20.963265306122448, 20.955102040816325, 20.959183673469386]",0.8980589337758734,0.9169275160696114,21,"[33, 33, 33, 33, 33, 33, 33, 33, 33, 33, 33, 33, 33, 33, 33, 33, 33, 33, 33, 33, 33, 33, 33, 33, 33, 33, 33, 33, 33, 33, 33, 33, 33, 33, 33, 33, 33, 33, 33, 33, 33, 33, 33, 33, 33, 33, 33, 33, 33, 33, 33, 33, 33, 33, 33, 33, 33, 33, 33, 33, 33, 33, 33, 33, 33, 33, 33, 33, 33, 33, 33, 33, 33, 33, 33, 33, 33, 33, 33, 33, 33, 33, 33, 33, 33, 33, 33, 33, 33, 33, 33, 33, 33, 33, 33, 33, 33, 33, 33, 33, 33, 33, 33, 33, 33, 33, 33, 33, 33, 33, 33, 33, 33, 33, 33, 33, 33, 33, 33, 33, 33, 33, 33, 33, 33, 33, 33, 33, 33, 33, 33, 33, 33, 33, 33, 33, 33, 33, 33, 33, 33, 33, 33, 33, 33, 33, 33, 33, 33, 33, 33, 33, 33, 33, 33, 33, 33, 33, 33, 33, 33, 33, 33, 33, 33, 33, 33, 33, 33, 33, 33, 33, 33, 33, 33, 33, 33, 33, 33, 33, 33, 33, 33, 33, 33, 33, 33, 33, 33, 33, 33, 33, 33, 33, 33, 33, 33, 33, 33, 33, 33, 33, 33, 33, 33, 33, 33, 33, 33, 33, 33, 33, 33, 33, 33, 33, 33, 33, 33, 33, 33, 33, 33, 33, 33, 33, 33, 33, 33, 33, 33, 33, 33, 33, 33, 33, 33, 33, 33, 33, 33, 33, 33, 33, 33, 33, 33, 33, 33, 33, 33, 33, 33, 33, 33, 33, 33, 33, 33, 33, 33, 33, 33, 33, 33, 33, 33, 33, 33, 33, 33, 33, 33, 33, 33, 33, 33, 33, 33, 33, 33, 33, 33, 33, 33, 33, 33, 33, 33, 33, 33, 33, 33, 33, 33, 33, 33, 33, 33, 33, 33, 33, 33, 33, 33, 33, 33, 33, 33, 33, 33, 32, 32, 32, 32, 32, 32, 32, 32, 32, 32, 32, 32, 32, 32, 32, 32, 32, 32, 32, 32, 31, 31, 30, 30, 30, 30, 30, 30, 30, 30, 29, 29, 29, 29, 29, 29, 29, 29, 29, 29, 29, 29, 29, 29, 29, 28, 28, 28, 28, 28, 28, 28, 27, 27, 27, 27, 27, 27, 27, 27, 27, 27, 27, 27, 27, 27, 27, 27, 27, 27, 27, 27, 27, 27, 27, 27, 26, 26, 26, 26, 26, 26, 26, 26, 26, 25, 25, 25, 25, 25, 25, 24, 24, 24, 24, 24, 24, 24, 24, 23, 22, 22, 22, 22, 22, 22, 22, 22, 22, 22, 22, 22, 22, 22, 22, 22, 22, 22, 22, 22, 22, 22, 22, 22, 22, 22, 22, 22, 21, 21, 21, 21, 21, 21]",445,"[0.4733771085739136, 0.46531611680984497, 0.4598371386528015, 0.45510104298591614, 0.45104607939720154, 0.4475359320640564, 0.4444233179092407, 0.4418907165527344, 0.43942126631736755, 0.43728744983673096, 0.43534451723098755, 0.4334331452846527, 0.4318261742591858, 0.43041831254959106, 0.4288662374019623, 0.42752334475517273, 0.4263598620891571, 0.42528972029685974, 0.4243530333042145, 0.4232581853866577, 0.4222310781478882, 0.4209708273410797, 0.42001664638519287, 0.4191346764564514, 0.4185430407524109, 0.4176040589809418, 0.4166654348373413, 0.41557228565216064, 0.4148010015487671, 0.41392016410827637, 0.41312500834465027, 0.4126235842704773, 0.4116978049278259, 0.41079089045524597, 0.4100227653980255, 0.40932926535606384, 0.4086325168609619, 0.40780746936798096, 0.4074941575527191, 0.4066442847251892, 0.4058878421783447, 0.4049128592014313, 0.40431109070777893, 0.40353962779045105, 0.40277454257011414, 0.402208149433136, 0.40159592032432556, 0.4010113477706909, 0.40018248558044434, 0.39938685297966003, 0.39879027009010315, 0.3981960415840149, 0.3973786532878876, 0.39670848846435547, 0.3961449861526489, 0.39543819427490234, 0.3947909474372864, 0.3939618170261383, 0.39328017830848694, 0.39261186122894287, 0.3920854330062866, 0.3913770020008087, 0.390671968460083, 0.3900413513183594, 0.3893083930015564, 0.388814777135849, 0.387934148311615, 0.38723674416542053, 0.3869999945163727, 0.3859737813472748, 0.38540157675743103, 0.3848142623901367, 0.38405653834342957, 0.3833788335323334, 0.38280579447746277, 0.3822198808193207, 0.38173598051071167, 0.38106876611709595, 0.3803655207157135, 0.37961018085479736, 0.3791632056236267, 0.37852609157562256, 0.3780248165130615, 0.37722206115722656, 0.3764829635620117, 0.3758890628814697, 0.37531235814094543, 0.37482011318206787, 0.3741787075996399, 0.3735004663467407, 0.37275204062461853, 0.3722015619277954, 0.3715378940105438, 0.37087395787239075, 0.37028640508651733, 0.3696461021900177, 0.36910223960876465, 0.36864596605300903, 0.36796990036964417, 0.3672071695327759, 0.36661216616630554, 0.3659694790840149, 0.3654248118400574, 0.3648366630077362, 0.36425817012786865, 0.36364251375198364, 0.36290472745895386, 0.3624410331249237, 0.3617466390132904, 0.3609548807144165, 0.3604203164577484, 0.3597821295261383, 0.3589988052845001, 0.35845768451690674, 0.35796257853507996, 0.35701805353164673, 0.3563746511936188, 0.3559378683567047, 0.35510364174842834, 0.3544841706752777, 0.3538341820240021, 0.3533405363559723, 0.35251152515411377, 0.3518282175064087, 0.3512316048145294, 0.35073938965797424, 0.349963903427124, 0.34942367672920227, 0.3487432599067688, 0.3480386435985565, 0.3476300835609436, 0.346856027841568, 0.3460509777069092, 0.3455737233161926, 0.34485527873039246, 0.3443226218223572, 0.34364327788352966, 0.34284472465515137, 0.34217846393585205, 0.34147703647613525, 0.3408823013305664, 0.3402794301509857, 0.3395511209964752, 0.33913299441337585, 0.338336706161499, 0.33787301182746887, 0.33711379766464233, 0.3364623188972473, 0.3357354402542114, 0.33518072962760925, 0.3347961902618408, 0.3339961767196655, 0.3334476947784424, 0.33273154497146606, 0.3322564661502838, 0.33157119154930115, 0.33092236518859863, 0.33040550351142883, 0.3298965394496918, 0.3292774260044098, 0.32872647047042847, 0.32817190885543823, 0.3274156451225281, 0.3268214464187622, 0.32628849148750305, 0.3256783187389374, 0.3251674175262451, 0.3245753049850464, 0.3242607116699219, 0.3235706090927124, 0.32305294275283813, 0.322459876537323, 0.3219511806964874, 0.32139068841934204, 0.3208879232406616, 0.3206429183483124, 0.3199155926704407, 0.3195226192474365, 0.31897908449172974, 0.31879761815071106, 0.3183711767196655, 0.31764161586761475, 0.3171192705631256, 0.31655216217041016, 0.31595268845558167, 0.3153855800628662, 0.3150304853916168, 0.31439515948295593, 0.3138900697231293, 0.31339818239212036, 0.312990665435791, 0.3125096261501312, 0.3120691776275635, 0.31156936287879944, 0.3113127648830414, 0.3107556104660034, 0.31030094623565674, 0.30983874201774597, 0.3093799650669098, 0.30910375714302063, 0.3087758421897888, 0.30840274691581726, 0.3078421652317047, 0.3075588345527649, 0.30720555782318115, 0.30686426162719727, 0.306473046541214, 0.30619490146636963, 0.3059958219528198, 0.3056042790412903, 0.30525681376457214, 0.30472639203071594, 0.3043355643749237, 0.30417564511299133, 0.3036525547504425, 0.3032265603542328, 0.3027760088443756, 0.30237114429473877, 0.3019340932369232, 0.30158036947250366, 0.3012882471084595, 0.30099809169769287, 0.30078911781311035, 0.3005622923374176, 0.2998845875263214, 0.29953375458717346, 0.29930832982063293, 0.2991536259651184, 0.2989962100982666, 0.29863813519477844, 0.29847583174705505, 0.29830408096313477, 0.2978976368904114, 0.2976863384246826, 0.2971479296684265, 0.2968803942203522, 0.296548992395401, 0.29638707637786865, 0.2959843575954437, 0.2956172227859497, 0.29549935460090637, 0.2949613630771637, 0.2945149838924408, 0.29438674449920654, 0.2940565049648285, 0.293680340051651, 0.2934861481189728, 0.29339078068733215, 0.29297512769699097, 0.2925807535648346, 0.29222962260246277, 0.2920069098472595, 0.29175740480422974, 0.29140937328338623, 0.29110535979270935, 0.2909300923347473, 0.2906712293624878, 0.29080742597579956, 0.2905009090900421, 0.2902122139930725, 0.2899168133735657, 0.28944161534309387, 0.2892540991306305, 0.2890700101852417, 0.28884804248809814, 0.2886331081390381, 0.28859156370162964, 0.2883560061454773, 0.2879308760166168, 0.2878096401691437, 0.28753024339675903, 0.287386417388916, 0.28699013590812683, 0.28680679202079773, 0.2864673435688019, 0.2862057387828827, 0.28617823123931885, 0.2857961654663086, 0.28542396426200867, 0.28516241908073425, 0.2849656641483307, 0.284597784280777, 0.284763365983963, 0.2844987213611603, 0.2843112051486969, 0.2840639352798462, 0.28386378288269043, 0.2839984595775604, 0.28344133496284485, 0.28333109617233276, 0.2831740379333496, 0.28305160999298096, 0.2825523316860199, 0.2821691036224365, 0.2819858491420746, 0.2817712724208832, 0.2818218171596527, 0.28146040439605713, 0.28140538930892944, 0.2808592915534973, 0.28095370531082153, 0.28076502680778503, 0.2804960608482361, 0.2804892361164093, 0.28048941493034363, 0.28012698888778687, 0.2800036370754242, 0.27966487407684326, 0.27957087755203247, 0.27910277247428894, 0.278883695602417, 0.27827194333076477, 0.27814429998397827, 0.2778488099575043, 0.277654767036438, 0.27761968970298767, 0.27722835540771484, 0.2771952450275421, 0.27681779861450195, 0.276539146900177, 0.2762420177459717, 0.2761814296245575, 0.2759740948677063, 0.2757074236869812, 0.275516152381897, 0.27513587474823, 0.27516260743141174, 0.27513957023620605, 0.27496740221977234, 0.2746068835258484, 0.2745024561882019, 0.2739821970462799, 0.2738572955131531, 0.27321335673332214, 0.27312058210372925, 0.2729299068450928, 0.2727504074573517, 0.27276846766471863, 0.2724735140800476, 0.272506982088089, 0.2723062336444855, 0.27131596207618713, 0.2709869146347046, 0.2708120048046112, 0.2705468237400055, 0.2705579102039337, 0.27040138840675354, 0.2705567479133606, 0.27014395594596863, 0.26993638277053833, 0.2696191072463989, 0.2693488299846649, 0.2692703902721405, 0.2692704498767853, 0.26918673515319824, 0.26926398277282715, 0.26907166838645935, 0.26895615458488464, 0.26897868514060974, 0.2683506906032562, 0.268158882856369, 0.26813000440597534, 0.2679060399532318, 0.2669571042060852, 0.2666206657886505, 0.26644647121429443, 0.266397088766098, 0.26626139879226685, 0.26636549830436707, 0.2663455009460449, 0.2662419080734253, 0.2659890353679657, 0.2660626173019409, 0.2657111883163452, 0.2655991017818451, 0.2652823328971863, 0.26485100388526917, 0.26481959223747253, 0.26468992233276367, 0.2647073566913605, 0.26468518376350403, 0.26452478766441345, 0.2641674876213074, 0.2642911672592163, 0.26402366161346436, 0.26374882459640503, 0.26351940631866455, 0.2616361379623413, 0.2619028687477112, 0.2616327702999115, 0.261274516582489, 0.2615031599998474, 0.2611982822418213, 0.2611081004142761, 0.2609063982963562, 0.2606959640979767, 0.2593652606010437, 0.25919193029403687, 0.25873875617980957, 0.25855305790901184, 0.2583128809928894, 0.2582665979862213, 0.2572285532951355, 0.2570669949054718, 0.25715136528015137, 0.2570009231567383, 0.25707805156707764, 0.25699394941329956, 0.2565736472606659, 0.25641387701034546, 0.2551145553588867, 0.2554685175418854, 0.2552289664745331, 0.25489044189453125, 0.2548849284648895, 0.25457191467285156, 0.25441762804985046, 0.2543172538280487, 0.25417473912239075, 0.253935307264328, 0.2538931965827942, 0.25376030802726746, 0.25352224707603455, 0.253473162651062, 0.25362321734428406, 0.2534058392047882, 0.25325602293014526, 0.25331321358680725, 0.2529205083847046, 0.252910852432251, 0.2528573274612427, 0.2526836097240448, 0.25227081775665283, 0.2521280348300934, 0.25210249423980713, 0.2521827816963196, 0.25215402245521545, 0.25205567479133606, 0.2518531084060669, 0.25079232454299927, 0.250499963760376, 0.250