,number,value,datetime_start,datetime_complete,duration,params_batch_size_scaler,params_constant_learning_rate,params_depth,params_epochs,params_kernel_l2,params_num_trees,params_temperature,user_attrs_accuracy_test,user_attrs_accuracy_valid,user_attrs_approximate_feature_sparsity,user_attrs_approximate_feature_sparsity_history,user_attrs_approximate_weight_sparsity,user_attrs_approximate_weight_sparsity_history,user_attrs_auc_test,user_attrs_auc_valid,user_attrs_feature_sparsity,user_attrs_feature_sparsity_history,user_attrs_num_epochs,user_attrs_val_loss_history,user_attrs_weight_sparsity,user_attrs_weight_sparsity_history,state
150,150,0.5,2024-08-31 06:36:06.791966,2024-08-31 06:41:24.015283,0 days 00:05:17.223317,1,0.4122869556834302,4,440,0.09079879560981649,6,0.017260886411016238,0.859,0.85875,0,"[0, 0, 0, 0, 0, 0, 0, 0, 0, 0, 0, 0, 0, 0, 0, 0, 0, 0, 0, 0, 0, 0, 0, 0, 0, 0, 0, 0, 0, 0, 0, 0, 0, 0, 0, 0, 0, 0, 0, 0, 0, 0, 0, 0, 0, 0, 0, 0, 0, 0, 0, 0, 0, 0, 0, 0, 0, 0, 0, 0, 0, 0, 0, 0, 0, 0, 0, 0, 0, 0, 0, 0, 0, 0, 0, 0, 0, 0, 0, 0, 0, 0, 0, 0, 0, 0, 0, 0, 0, 0, 0, 0, 0, 0, 0, 0, 0, 0, 0, 0, 0, 0, 0, 0, 0, 0, 0, 0, 0, 0, 0, 0, 0, 0, 0, 0, 0, 0, 0, 0, 0, 0, 0, 0, 0, 0, 0, 0, 0, 0, 0, 0, 0, 0, 0, 0, 0, 0, 0, 0, 0, 0, 0, 0, 0, 0, 0, 0, 0, 0, 0, 0, 0, 0, 0, 0, 0, 0, 0, 0, 0, 0, 0, 0, 0, 0, 0, 0, 0, 0, 0, 0, 0, 0, 0, 0, 0, 0, 0, 0, 0, 0, 0, 0, 0, 0, 0, 0, 0, 0, 0, 0, 0, 0, 0, 0, 0, 0, 0, 0, 0, 0, 0, 0, 0, 0, 0, 0, 0, 0, 0, 0, 0, 0, 0, 0, 0, 0, 0, 0, 0, 0, 0, 0, 0, 0, 0, 0, 0, 0, 0, 0, 0, 0, 0, 0, 0, 0, 0, 0, 0, 0, 0, 0, 0, 0, 0, 0, 0, 0, 0, 0, 0, 0, 0, 0, 0, 0, 0, 0, 0, 0, 0, 0, 0, 0, 0, 0, 0, 0, 0, 0, 0, 0, 0, 0, 0, 0, 0, 0, 0, 0, 0, 0, 0, 0, 0, 0, 0, 0, 0, 0, 0, 0, 0, 0, 0, 0, 0, 0, 0, 0, 0, 0, 0, 0, 0, 0, 0, 0, 0, 0, 0, 0, 0, 0, 0, 0, 0, 0, 0, 0, 0, 0, 0, 0, 0, 0, 0, 0, 0, 0, 0, 0, 0, 0, 0, 0, 0, 0, 0, 0, 0, 0, 0, 0, 0, 0, 0, 0, 0, 0, 0, 0, 0, 0, 0, 0, 0, 0, 0, 0, 0, 0, 0, 0, 0, 0, 0, 0, 0, 0, 0, 0, 0, 0, 0, 0, 0, 0, 0, 0, 0, 0, 0, 0, 0, 0, 0, 0, 0, 0, 0, 0, 0, 0, 0, 0, 0, 0, 0, 0, 0, 0, 0, 0, 0, 0, 0, 0, 0, 0, 0, 0, 0, 0, 0, 0, 0, 0, 0, 0, 0, 0, 0, 0, 0, 0, 0, 0, 0, 0, 0, 0, 0, 0, 0, 0, 0, 0]",0.0,"[0.0, 0.0, 0.0, 0.0, 0.0, 0.0, 0.0, 0.0, 0.0, 0.0, 0.0, 0.0, 0.0, 0.0, 0.0, 0.0, 0.0, 0.0, 0.0, 0.0, 0.0, 0.0, 0.0, 0.0, 0.0, 0.0, 0.0, 0.0, 0.0, 0.0, 0.0, 0.0, 0.0, 0.0, 0.0, 0.0, 0.0, 0.0, 0.0, 0.0, 0.0, 0.0, 0.0, 0.0, 0.0, 0.0, 0.0, 0.0, 0.0, 0.0, 0.0, 0.0, 0.0, 0.0, 0.0, 0.0, 0.0, 0.0, 0.0, 0.0, 0.0, 0.0, 0.0, 0.0, 0.0, 0.0, 0.0, 0.0, 0.0, 0.0, 0.0, 0.0, 0.0, 0.0, 0.0, 0.0, 0.0, 0.0, 0.0, 0.0, 0.0, 0.0, 0.0, 0.0, 0.0, 0.0, 0.0, 0.0, 0.0, 0.0, 0.0, 0.0, 0.0, 0.0, 0.0, 0.0, 0.0, 0.0, 0.0, 0.0, 0.0, 0.0, 0.0, 0.0, 0.0, 0.0, 0.0, 0.0, 0.0, 0.0, 0.0, 0.0, 0.0, 0.0, 0.0, 0.0, 0.0, 0.0, 0.0, 0.0, 0.0, 0.0, 0.0, 0.0, 0.0, 0.0, 0.0, 0.0, 0.0, 0.0, 0.0, 0.0, 0.0, 0.0, 0.0, 0.0, 0.0, 0.0, 0.0, 0.0, 0.0, 0.0, 0.0, 0.0, 0.0, 0.0, 0.0, 0.0, 0.0, 0.0, 0.0, 0.0, 0.0, 0.0, 0.0, 0.0, 0.0, 0.0, 0.0, 0.0, 0.0, 0.0, 0.0, 0.0, 0.0, 0.0, 0.0, 0.0, 0.0, 0.0, 0.0, 0.0, 0.0, 0.0, 0.0, 0.0, 0.0, 0.0, 0.0, 0.0, 0.0, 0.0, 0.0, 0.0, 0.0, 0.0, 0.0, 0.0, 0.0, 0.0, 0.0, 0.0, 0.0, 0.0, 0.0, 0.0, 0.0, 0.0, 0.0, 0.0, 0.0, 0.0, 0.0, 0.0, 0.0, 0.0, 0.0, 0.0, 0.0, 0.0, 0.0, 0.0, 0.0, 0.0, 0.0, 0.0, 0.0, 0.0, 0.0, 0.0, 0.0, 0.0, 0.0, 0.0, 0.0, 0.0, 0.0, 0.0, 0.0, 0.0, 0.0, 0.0, 0.0, 0.0, 0.0, 0.0, 0.0, 0.0, 0.0, 0.0, 0.0, 0.0, 0.0, 0.0, 0.0, 0.0, 0.0, 0.0, 0.0, 0.0, 0.0, 0.0, 0.0, 0.0, 0.0, 0.0, 0.0, 0.0, 0.0, 0.0, 0.0, 0.0, 0.0, 0.0, 0.0, 0.0, 0.0, 0.0, 0.0, 0.0, 0.0, 0.0, 0.0, 0.0, 0.0, 0.0, 0.0, 0.0, 0.0, 0.0, 0.0, 0.0, 0.0, 0.0, 0.0, 0.0, 0.0, 0.0, 0.0, 0.0, 0.0, 0.0, 0.0, 0.0, 0.0, 0.0, 0.0, 0.0, 0.0, 0.0, 0.0, 0.0, 0.0, 0.0, 0.0, 0.0, 0.0, 0.0, 0.0, 0.0, 0.0, 0.0, 0.0, 0.0, 0.0, 0.0, 0.0, 0.0, 0.0, 0.0, 0.0, 0.0, 0.0, 0.0, 0.0, 0.0, 0.0, 0.0, 0.0, 0.0, 0.0, 0.0, 0.0, 0.0, 0.0, 0.0, 0.0, 0.0, 0.0, 0.0, 0.0, 0.0, 0.0, 0.0, 0.0, 0.0, 0.0, 0.0, 0.0, 0.0, 0.0, 0.0, 0.0, 0.0, 0.0, 0.0, 0.0, 0.0, 0.0, 0.0, 0.0, 0.0, 0.0, 0.0, 0.0, 0.0, 0.0, 0.0, 0.0, 0.0, 0.0, 0.0, 0.0, 0.0, 0.0, 0.0, 0.0, 0.0, 0.0, 0.0, 0.0, 0.0, 0.0, 0.0, 0.0, 0.0, 0.0, 0.0, 0.0, 0.0, 0.0, 0.0, 0.0, 0.0, 0.0, 0.0, 0.0, 0.0, 0.0, 0.0, 0.0, 0.0, 0.0, 0.0, 0.0, 0.0, 0.0, 0.0, 0.0, 0.0, 0.0, 0.0, 0.0, 0.0, 0.0, 0.0, 0.0, 0.0, 0.0, 0.0, 0.0, 0.0, 0.0, 0.0, 0.0, 0.0, 0.0, 0.0, 0.0, 0.0, 0.0, 0.0, 0.0, 0.0, 0.0, 0.0, 0.0, 0.0, 0.0, 0.0]",0.5,0.5,0,"[0, 0, 0, 0, 0, 0, 0, 0, 0, 0, 0, 0, 0, 0, 0, 0, 0, 0, 0, 0, 0, 0, 0, 0, 0, 0, 0, 0, 0, 0, 0, 0, 0, 0, 0, 0, 0, 0, 0, 0, 0, 0, 0, 0, 0, 0, 0, 0, 0, 0, 0, 0, 0, 0, 0, 0, 0, 0, 0, 0, 0, 0, 0, 0, 0, 0, 0, 0, 0, 0, 0, 0, 0, 0, 0, 0, 0, 0, 0, 0, 0, 0, 0, 0, 0, 0, 0, 0, 0, 0, 0, 0, 0, 0, 0, 0, 0, 0, 0, 0, 0, 0, 0, 0, 0, 0, 0, 0, 0, 0, 0, 0, 0, 0, 0, 0, 0, 0, 0, 0, 0, 0, 0, 0, 0, 0, 0, 0, 0, 0, 0, 0, 0, 0, 0, 0, 0, 0, 0, 0, 0, 0, 0, 0, 0, 0, 0, 0, 0, 0, 0, 0, 0, 0, 0, 0, 0, 0, 0, 0, 0, 0, 0, 0, 0, 0, 0, 0, 0, 0, 0, 0, 0, 0, 0, 0, 0, 0, 0, 0, 0, 0, 0, 0, 0, 0, 0, 0, 0, 0, 0, 0, 0, 0, 0, 0, 0, 0, 0, 0, 0, 0, 0, 0, 0, 0, 0, 0, 0, 0, 0, 0, 0, 0, 0, 0, 0, 0, 0, 0, 0, 0, 0, 0, 0, 0, 0, 0, 0, 0, 0, 0, 0, 0, 0, 0, 0, 0, 0, 0, 0, 0, 0, 0, 0, 0, 0, 0, 0, 0, 0, 0, 0, 0, 0, 0, 0, 0, 0, 0, 0, 0, 0, 0, 0, 0, 0, 0, 0, 0, 0, 0, 0, 0, 0, 0, 0, 0, 0, 0, 0, 0, 0, 0, 0, 0, 0, 0, 0, 0, 0, 0, 0, 0, 0, 0, 0, 0, 0, 0, 0, 0, 0, 0, 0, 0, 0, 0, 0, 0, 0, 0, 0, 0, 0, 0, 0, 0, 0, 0, 0, 0, 0, 0, 0, 0, 0, 0, 0, 0, 0, 0, 0, 0, 0, 0, 0, 0, 0, 0, 0, 0, 0, 0, 0, 0, 0, 0, 0, 0, 0, 0, 0, 0, 0, 0, 0, 0, 0, 0, 0, 0, 0, 0, 0, 0, 0, 0, 0, 0, 0, 0, 0, 0, 0, 0, 0, 0, 0, 0, 0, 0, 0, 0, 0, 0, 0, 0, 0, 0, 0, 0, 0, 0, 0, 0, 0, 0, 0, 0, 0, 0, 0, 0, 0, 0, 0, 0, 0, 0, 0, 0, 0, 0, 0, 0, 0, 0, 0, 0, 0, 0, 0, 0, 0, 0, 0, 0, 0, 0, 0, 0, 0, 0, 0, 0, 0, 0, 0, 0]",440,"[0.4072285592556, 0.40791112184524536, 0.40851718187332153, 0.4079633355140686, 0.407272070646286, 0.4073019027709961, 0.4073123037815094, 0.40723946690559387, 0.4074934422969818, 0.4074518084526062, 0.40749362111091614, 0.40782585740089417, 0.40725308656692505, 0.4072280526161194, 0.4074457883834839, 0.40730583667755127, 0.4096623957157135, 0.410191148519516, 0.40906044840812683, 0.4076468348503113, 0.40749263763427734, 0.40737926959991455, 0.41057005524635315, 0.40727299451828003, 0.40728387236595154, 0.40744128823280334, 0.40725037455558777, 0.40814122557640076, 0.40761348605155945, 0.40822234749794006, 0.4080032706260681, 0.4106372594833374, 0.40737536549568176, 0.4074081778526306, 0.4082423746585846, 0.40724313259124756, 0.40725791454315186, 0.40728041529655457, 0.4076625108718872, 0.4076851010322571, 0.40722668170928955, 0.40856853127479553, 0.40731847286224365, 0.40723729133605957, 0.40741267800331116, 0.40722620487213135, 0.407349556684494, 0.40838074684143066, 0.41288626194000244, 0.40880775451660156, 0.40722644329071045, 0.40726006031036377, 0.4073249101638794, 0.40723028779029846, 0.40722742676734924, 0.4090798497200012, 0.4074980914592743, 0.4075486660003662, 0.40741556882858276, 0.40748104453086853, 0.40757182240486145, 0.4081305265426636, 0.4072732627391815, 0.40752995014190674, 0.4073789119720459, 0.4072294533252716, 0.407301127910614, 0.40738871693611145, 0.40736666321754456, 0.40745580196380615, 0.4072991907596588, 0.4072321951389313, 0.4081178307533264, 0.40793609619140625, 0.4073171615600586, 0.4072415828704834, 0.4076440930366516, 0.4073161780834198, 0.40729984641075134, 0.4073601961135864, 0.40723320841789246, 0.408120721578598, 0.4113670587539673, 0.40894177556037903, 0.4078136086463928, 0.40731239318847656, 0.40732914209365845, 0.4074576497077942, 0.40753012895584106, 0.40723541378974915, 0.40733665227890015, 0.40723931789398193, 0.40733107924461365, 0.40779417753219604, 0.4080250859260559, 0.4072476625442505, 0.40724173188209534, 0.4083065688610077, 0.4072767496109009, 0.40725576877593994, 0.4072359502315521, 0.4077836275100708, 0.40736839175224304, 0.40744301676750183, 0.4072272479534149, 0.40769532322883606, 0.4078887701034546, 0.4091251492500305, 0.40866929292678833, 0.40754032135009766, 0.40722617506980896, 0.4072413146495819, 0.4073849618434906, 0.40740326046943665, 0.40799903869628906, 0.4073609411716461, 0.40880411863327026, 0.4073663353919983, 0.4076582193374634, 0.40748894214630127, 0.4073403477668762, 0.40918678045272827, 0.4098909795284271, 0.40800103545188904, 0.4079197645187378, 0.4073037803173065, 0.4073373079299927, 0.4072558879852295, 0.40742912888526917, 0.4075625240802765, 0.40754783153533936, 0.407245934009552, 0.40727412700653076, 0.4089689254760742, 0.4078851342201233, 0.4072505533695221, 0.40729355812072754, 0.40724754333496094, 0.40726524591445923, 0.40940675139427185, 0.4076920449733734, 0.4072748124599457, 0.40748390555381775, 0.4075373113155365, 0.4073866307735443, 0.40751686692237854, 0.40722861886024475, 0.4076065123081207, 0.4073697328567505, 0.40725478529930115, 0.4077116847038269, 0.40762612223625183, 0.4074954688549042, 0.4081681966781616, 0.41127970814704895, 0.4072262644767761, 0.4074302017688751, 0.40754199028015137, 0.4090755879878998, 0.4074181318283081, 0.4093736410140991, 0.40723681449890137, 0.4072807729244232, 0.40750980377197266, 0.408681720495224, 0.4072685241699219, 0.40966513752937317, 0.4074506461620331, 0.40736958384513855, 0.4072316288948059, 0.40733009576797485, 0.40726393461227417, 0.4076883792877197, 0.4095912575721741, 0.40769779682159424, 0.4115874767303467, 0.4082580506801605, 0.4075276553630829, 0.40725165605545044, 0.4078274965286255, 0.40726134181022644, 0.4075681269168854, 0.4074349105358124, 0.4079602062702179, 0.407429575920105, 0.40723296999931335, 0.40724754333496094, 0.40729042887687683, 0.4080186188220978, 0.4075443148612976, 0.4083783030509949, 0.4081069529056549, 0.4089718163013458, 0.40761059522628784, 0.40735533833503723, 0.4074702560901642, 0.40726256370544434, 0.40738579630851746, 0.40793389081954956, 0.4072386622428894, 0.40731188654899597, 0.4072308838367462, 0.4082254469394684, 0.4098336696624756, 0.40843665599823, 0.4076765775680542, 0.40723717212677, 0.4074690341949463, 0.40767133235931396, 0.4072268605232239, 0.4072803556919098, 0.4073336720466614, 0.4091981053352356, 0.40916481614112854, 0.407875657081604, 0.40731269121170044, 0.4074539244174957, 0.4072667062282562, 0.40990015864372253, 0.40724021196365356, 0.4076641798019409, 0.40736714005470276, 0.4073871970176697, 0.40730929374694824, 0.4072922170162201, 0.4072991609573364, 0.4072263836860657, 0.4072445333003998, 0.40742024779319763, 0.4072471857070923, 0.407688707113266, 0.40742817521095276, 0.40730762481689453, 0.40734219551086426, 0.4072469472885132, 0.4080501198768616, 0.40728825330734253, 0.40728750824928284, 0.4075968861579895, 0.4072260558605194, 0.40763768553733826, 0.408834844827652, 0.4073592722415924, 0.40781787037849426, 0.4076579213142395, 0.40746039152145386, 0.4074654281139374, 0.40730342268943787, 0.4078303575515747, 0.4078201651573181, 0.40858498215675354, 0.40723124146461487, 0.4085841774940491, 0.4080274701118469, 0.407255619764328, 0.40735310316085815, 0.40760311484336853, 0.40750351548194885, 0.4095023274421692, 0.4074476957321167, 0.4072269797325134, 0.40749403834342957, 0.4076085388660431, 0.40755385160446167, 0.4073925316333771, 0.40833842754364014, 0.4073635935783386, 0.40728721022605896, 0.40793856978416443, 0.4085980951786041, 0.4072315990924835, 0.40724045038223267, 0.40722906589508057, 0.40732529759407043, 0.40749436616897583, 0.4076317548751831, 0.40785130858421326, 0.4072346091270447, 0.40722760558128357, 0.407313734292984, 0.4074607789516449, 0.4072738289833069, 0.40764015913009644, 0.407828152179718, 0.4072740077972412, 0.4072422385215759, 0.40722644329071045, 0.4073770046234131, 0.4072574973106384, 0.4077543616294861, 0.4082731604576111, 0.4072374701499939, 0.4072262942790985, 0.40767669677734375, 0.40722641348838806, 0.40726345777511597, 0.4073350131511688, 0.4072600305080414, 0.4073154330253601, 0.4072975814342499, 0.4072401523590088, 0.40810301899909973, 0.407433420419693, 0.40728163719177246, 0.4084959328174591, 0.40723592042922974, 0.40723010897636414, 0.4079509675502777, 0.407958447933197, 0.40938273072242737, 0.4074462950229645, 0.40739044547080994, 0.40735629200935364, 0.40934014320373535, 0.40732306241989136, 0.4086679220199585, 0.40773361921310425, 0.4072303771972656, 0.4073171317577362, 0.407487690448761, 0.40722906589508057, 0.4084238111972809, 0.4075254797935486, 0.4090607762336731, 0.40752285718917847, 0.4075987637042999, 0.4085955023765564, 0.4072391092777252, 0.4072510898113251, 0.40876486897468567, 0.4079822599887848, 0.40770041942596436, 0.4076286554336548, 0.4074518084526062, 0.4075040817260742, 0.4076654314994812, 0.4072882831096649, 0.4072328209877014, 0.40799176692962646, 0.4096231758594513, 0.40733271837234497, 0.40725570917129517, 0.4084182381629944, 0.40837639570236206, 0.40753594040870667, 0.4074538052082062, 0.4084722101688385, 0.40829116106033325, 0.4076089560985565, 0.4077390730381012, 0.41002270579338074, 0.40788504481315613, 0.4077132046222687, 0.4072268307209015, 0.408258855342865, 0.40730273723602295, 0.4074902832508087, 0.40778660774230957, 0.4084843695163727, 0.40748703479766846, 0.40737736225128174, 0.4072420001029968, 0.40724876523017883, 0.4078778326511383, 0.40782588720321655, 0.40723758935928345, 0.40737542510032654, 0.40859004855155945, 0.41009464859962463, 0.4072936177253723, 0.40727901458740234, 0.40727460384368896, 0.40775954723358154, 0.40842297673225403, 0.40726158022880554, 0.40723660588264465, 0.4072542190551758, 0.4077806770801544, 0.4075615704059601, 0.4075581431388855, 0.40845736861228943, 0.4072360098361969, 0.40743544697761536, 0.40726569294929504, 0.4075128436088562, 0.4076694846153259, 0.4074593484401703, 0.4074235260486603, 0.40737059712409973, 0.41035330295562744, 0.4074530303478241, 0.407444030046463, 0.40800416469573975, 0.4072883725166321, 0.40816837549209595, 0.408500075340271, 0.4072462022304535, 0.40758728981018066, 0.40747565031051636, 0.4076930582523346, 0.4073002338409424, 0.40723010897636414, 0.4077749252319336, 0.40869423747062683, 0.4072644114494324, 0.4072563648223877, 0.4082203805446625, 0.40732550621032715, 0.4073582589626312, 0.40726834535598755, 0.4074103534221649, 0.40732041001319885, 0.4073236584663391, 0.4098392426967621, 0.40872061252593994, 0.4072343111038208, 0.40747734904289246, 0.4081416726112366, 0.407691091299057, 0.4072531461715698, 0.4077829420566559, 0.40843039751052856, 0.40722882747650146, 0.40822848677635193, 0.40740489959716797, 0.40905439853668213, 0.40724003314971924, 0.407560259103775, 0.40743908286094666, 0.407277375459671, 0.4072520434856415, 0.4073720872402191, 0.40741169452667236, 0.4073437452316284, 0.4075964689254761, 0.4072914123535156, 0.40748006105422974, 0.4072265923023224, 0.4075324237346649, 0.4073266088962555]",0.0,"[0.0, 0.0, 0.0, 0.0, 0.0, 0.0, 0.0, 0.0, 0.0, 0.0, 0.0, 0.0, 0.0, 0.0, 0.0, 0.0, 0.0, 0.0, 0.0, 0.0, 0.0, 0.0, 0.0, 0.0, 0.0, 0.0, 0.0, 0.0, 0.0, 0.0, 0.0, 0.0, 0.0, 0.0, 0.0, 0.0, 0.0, 0.0, 0.0, 0.0, 0.0, 0.0, 0.0, 0.0, 0.0, 0.0, 0.0, 0.0, 0.0, 0.0, 0.0, 0.0, 0.0, 0.0, 0.0, 0.0, 0.0, 0.0, 0.0, 0.0, 0.0, 0.0, 0.0, 0.0, 0.0, 0.0, 0.0, 0.0, 0.0, 0.0, 0.0, 0.0, 0.0, 0.0, 0.0, 0.0, 0.0, 0.0, 0.0, 0.0, 0.0, 0.0, 0.0, 0.0, 0.0, 0.0, 0.0, 0.0, 0.0, 0.0, 0.0, 0.0, 0.0, 0.0, 0.0, 0.0, 0.0, 0.0, 0.0, 0.0, 0.0, 0.0, 0.0, 0.0, 0.0, 0.0, 0.0, 0.0, 0.0, 0.0, 0.0, 0.0, 0.0, 0.0, 0.0, 0.0, 0.0, 0.0, 0.0, 0.0, 0.0, 0.0, 0.0, 0.0, 0.0, 0.0, 0.0, 0.0, 0.0, 0.0, 0.0, 0.0, 0.0, 0.0, 0.0, 0.0, 0.0, 0.0, 0.0, 0.0, 0.0, 0.0, 0.0, 0.0, 0.0, 0.0, 0.0, 0.0, 0.0, 0.0, 0.0, 0.0, 0.0, 0.0, 0.0, 0.0, 0.0, 0.0, 0.0, 0.0, 0.0, 0.0, 0.0, 0.0, 0.0, 0.0, 0.0, 0.0, 0.0, 0.0, 0.0, 0.0, 0.0, 0.0, 0.0, 0.0, 0.0, 0.0, 0.0, 0.0, 0.0, 0.0, 0.0, 0.0, 0.0, 0.0, 0.0, 0.0, 0.0, 0.0, 0.0, 0.0, 0.0, 0.0, 0.0, 0.0, 0.0, 0.0, 0.0, 0.0, 0.0, 0.0, 0.0, 0.0, 0.0, 0.0, 0.0, 0.0, 0.0, 0.0, 0.0, 0.0, 0.0, 0.0, 0.0, 0.0, 0.0, 0.0, 0.0, 0.0, 0.0, 0.0, 0.0, 0.0, 0.0, 0.0, 0.0, 0.0, 0.0, 0.0, 0.0, 0.0, 0.0, 0.0, 0.0, 0.0, 0.0, 0.0, 0.0, 0.0, 0.0, 0.0, 0.0, 0.0, 0.0, 0.0, 0.0, 0.0, 0.0, 0.0, 0.0, 0.0, 0.0, 0.0, 0.0, 0.0, 0.0, 0.0, 0.0, 0.0, 0.0, 0.0, 0.0, 0.0, 0.0, 0.0, 0.0, 0.0, 0.0, 0.0, 0.0, 0.0, 0.0, 0.0, 0.0, 0.0, 0.0, 0.0, 0.0, 0.0, 0.0, 0.0, 0.0, 0.0, 0.0, 0.0, 0.0, 0.0, 0.0, 0.0, 0.0, 0.0, 0.0, 0.0, 0.0, 0.0, 0.0, 0.0, 0.0, 0.0, 0.0, 0.0, 0.0, 0.0, 0.0, 0.0, 0.0, 0.0, 0.0, 0.0, 0.0, 0.0, 0.0, 0.0, 0.0, 0.0, 0.0, 0.0, 0.0, 0.0, 0.0, 0.0, 0.0, 0.0, 0.0, 0.0, 0.0, 0.0, 0.0, 0.0, 0.0, 0.0, 0.0, 0.0, 0.0, 0.0, 0.0, 0.0, 0.0, 0.0, 0.0, 0.0, 0.0, 0.0, 0.0, 0.0, 0.0, 0.0, 0.0, 0.0, 0.0, 0.0, 0.0, 0.0, 0.0, 0.0, 0.0, 0.0, 0.0, 0.0, 0.0, 0.0, 0.0, 0.0, 0.0, 0.0, 0.0, 0.0, 0.0, 0.0, 0.0, 0.0, 0.0, 0.0, 0.0, 0.0, 0.0, 0.0, 0.0, 0.0, 0.0, 0.0, 0.0, 0.0, 0.0, 0.0, 0.0, 0.0, 0.0, 0.0, 0.0, 0.0, 0.0, 0.0, 0.0, 0.0, 0.0, 0.0, 0.0, 0.0, 0.0, 0.0, 0.0, 0.0, 0.0, 0.0, 0.0, 0.0, 0.0, 0.0, 0.0, 0.0, 0.0, 0.0, 0.0, 0.0, 0.0, 0.0, 0.0, 0.0, 0.0, 0.0, 0.0, 0.0, 0.0, 0.0, 0.0, 0.0, 0.0, 0.0, 0.0, 0.0, 0.0, 0.0, 0.0, 0.0, 0.0, 0.0, 0.0, 0.0]",COMPLETE
