,number,value,datetime_start,datetime_complete,duration,params_batch_size_scaler,params_constant_learning_rate,params_depth,params_epochs,params_kernel_l2,params_num_trees,params_temperature,user_attrs_accuracy_test,user_attrs_accuracy_valid,user_attrs_approximate_feature_sparsity,user_attrs_approximate_feature_sparsity_history,user_attrs_approximate_weight_sparsity,user_attrs_approximate_weight_sparsity_history,user_attrs_auc_test,user_attrs_auc_valid,user_attrs_feature_sparsity,user_attrs_feature_sparsity_history,user_attrs_num_epochs,user_attrs_val_loss_history,user_attrs_weight_sparsity,user_attrs_weight_sparsity_history,state
67,67,0.7811698934703919,2024-08-31 03:06:40.469500,2024-08-31 03:11:26.903996,0 days 00:04:46.434496,16,0.0957865834113581,6,265,0.1543172059209818,65,0.0059734217130299125,0.88,0.87375,33,"[33, 33, 33, 33, 33, 33, 33, 33, 33, 33, 33, 33, 33, 33, 33, 33, 33, 33, 33, 33, 33, 33, 33, 33, 33, 33, 33, 33, 33, 33, 33, 33, 33, 33, 33, 33, 33, 33, 33, 33, 33, 33, 33, 33, 33, 33, 33, 33, 33, 33, 33, 33, 33, 33, 33, 33, 33, 33, 33, 33, 33, 33, 33, 33, 33, 33, 33, 33, 33, 33, 33, 33, 33, 33, 33, 33, 33, 33, 33, 33, 33, 33, 33, 33, 33, 33, 33, 33, 33, 33, 33, 33, 33, 33, 33, 33, 33, 33, 33, 33, 33, 33, 33, 33, 33, 33, 33, 33, 33, 33, 33, 33, 33, 33, 33, 33, 33, 33, 33, 33, 33, 33, 33, 33, 33, 33, 33, 33, 33, 33, 33, 33, 33, 33, 33, 33, 33, 33, 33, 33, 33, 33, 33, 33, 33, 33, 33, 33, 33, 33, 33, 33, 33, 33, 33, 33, 33, 33, 33, 33, 33, 33, 33, 33, 33, 33, 33, 33, 33, 33, 33, 33, 33, 33, 33, 33, 33, 33, 33, 33, 33, 33, 33, 33, 33, 33, 33, 33, 33, 33, 33, 33, 33, 33, 33, 33, 33, 33, 33, 33, 33, 33, 33, 33, 33, 33, 33, 33, 33, 33, 33, 33, 33, 33, 33, 33, 33, 33, 33, 33, 33, 33, 33, 33, 33, 33, 33, 33, 33, 33, 33, 33, 33, 33, 33, 33, 33, 33, 33, 33, 33, 33, 33, 33, 33, 33, 33, 33, 33, 33, 33, 33, 33, 33, 33, 33, 33, 33, 33, 33, 33, 33, 33, 33, 33]",32.91477411477412,"[32.914041514041514, 32.915018315018315, 32.914529914529915, 32.91208791208791, 32.91794871794872, 32.919169719169716, 32.91526251526251, 32.91330891330891, 32.91746031746032, 32.91575091575092, 32.91794871794872, 32.915995115995116, 32.91330891330891, 32.91379731379732, 32.913553113553114, 32.913553113553114, 32.91697191697192, 32.91257631257631, 32.91282051282052, 32.90793650793651, 32.90769230769231, 32.90720390720391, 32.90720390720391, 32.91013431013431, 32.91575091575092, 32.917216117216114, 32.91648351648352, 32.91672771672772, 32.917216117216114, 32.91575091575092, 32.917216117216114, 32.91746031746032, 32.91746031746032, 32.91428571428571, 32.90769230769231, 32.91233211233211, 32.913553113553114, 32.91282051282052, 32.91257631257631, 32.908424908424905, 32.91159951159951, 32.909401709401706, 32.904761904761905, 32.908424908424905, 32.90622710622711, 32.909401709401706, 32.91013431013431, 32.909890109890114, 32.90818070818071, 32.90866910866911, 32.91111111111111, 32.913553113553114, 32.910866910866915, 32.90915750915751, 32.90598290598291, 32.9054945054945, 32.905250305250306, 32.9035409035409, 32.90671550671551, 32.9064713064713, 32.909890109890114, 32.909890109890114, 32.91159951159951, 32.914529914529915, 32.91526251526251, 32.914041514041514, 32.915995115995116, 32.913553113553114, 32.910866910866915, 32.91037851037851, 32.914529914529915, 32.911843711843716, 32.91379731379732, 32.91526251526251, 32.911843711843716, 32.911843711843716, 32.913553113553114, 32.91697191697192, 32.91477411477412, 32.913553113553114, 32.91575091575092, 32.91330891330891, 32.91575091575092, 32.915018315018315, 32.91428571428571, 32.91282051282052, 32.91159951159951, 32.91233211233211, 32.91526251526251, 32.91379731379732, 32.91257631257631, 32.91037851037851, 32.91257631257631, 32.91575091575092, 32.91648351648352, 32.914529914529915, 32.91575091575092, 32.91623931623931, 32.91892551892552, 32.91770451770452, 32.91794871794872, 32.91697191697192, 32.91941391941392, 32.915995115995116, 32.91746031746032, 32.914041514041514, 32.91330891330891, 32.910866910866915, 32.90598290598291, 32.90866910866911, 32.90671550671551, 32.909401709401706, 32.91013431013431, 32.90500610500611, 32.90500610500611, 32.9045177045177, 32.9064713064713, 32.909401709401706, 32.91013431013431, 32.91111111111111, 32.91135531135531, 32.905738705738706, 32.9023199023199, 32.9023199023199, 32.9006105006105, 32.9025641025641, 32.9054945054945, 32.90695970695971, 32.91013431013431, 32.91208791208791, 32.915018315018315, 32.91746031746032, 32.917216117216114, 32.91892551892552, 32.91892551892552, 32.91477411477412, 32.915995115995116, 32.91623931623931, 32.915506715506716, 32.914041514041514, 32.914529914529915, 32.91477411477412, 32.91746031746032, 32.91697191697192, 32.91257631257631, 32.91233211233211, 32.911843711843716, 32.91111111111111, 32.91111111111111, 32.91257631257631, 32.91111111111111, 32.91208791208791, 32.911843711843716, 32.91282051282052, 32.91135531135531, 32.91037851037851, 32.908424908424905, 32.90671550671551, 32.904273504273505, 32.90598290598291, 32.905738705738706, 32.908424908424905, 32.90866910866911, 32.90866910866911, 32.91159951159951, 32.90964590964591, 32.90891330891331, 32.909401709401706, 32.91159951159951, 32.91135531135531, 32.914529914529915, 32.913553113553114, 32.911843711843716, 32.91257631257631, 32.910866910866915, 32.90964590964591, 32.909401709401706, 32.909401709401706, 32.90891330891331, 32.91159951159951, 32.910866910866915, 32.91257631257631, 32.91330891330891, 32.91111111111111, 32.911843711843716, 32.913553113553114, 32.91379731379732, 32.91575091575092, 32.91648351648352, 32.914041514041514, 32.91575091575092, 32.91746031746032, 32.91623931623931, 32.913553113553114, 32.91477411477412, 32.91379731379732, 32.914529914529915, 32.91526251526251, 32.91477411477412, 32.913553113553114, 32.91233211233211, 32.91330891330891, 32.91379731379732, 32.915995115995116, 32.91428571428571, 32.915506715506716, 32.91257631257631, 32.91208791208791, 32.908424908424905, 32.909401709401706, 32.90866910866911, 32.90720390720391, 32.90793650793651, 32.90671550671551, 32.90818070818071, 32.910866910866915, 32.91330891330891, 32.913553113553114, 32.91282051282052, 32.91037851037851, 32.90964590964591, 32.91111111111111, 32.91306471306471, 32.91477411477412, 32.91648351648352, 32.91672771672772, 32.91648351648352, 32.91477411477412, 32.91526251526251, 32.915995115995116, 32.913553113553114, 32.91208791208791, 32.90964590964591, 32.91037851037851, 32.90964590964591, 32.91135531135531, 32.91306471306471, 32.91379731379732, 32.91111111111111, 32.907448107448104, 32.905738705738706, 32.90769230769231, 32.909401709401706, 32.90793650793651, 32.908424908424905, 32.90915750915751, 32.91037851037851, 32.911843711843716, 32.91208791208791, 32.911843711843716, 32.91233211233211, 32.911843711843716, 32.91208791208791, 32.91159951159951, 32.91135531135531, 32.91111111111111, 32.910866910866915, 32.91233211233211, 32.913553113553114, 32.913553113553114, 32.91282051282052, 32.914041514041514, 32.915018315018315, 32.91330891330891, 32.91477411477412]",0.8088656610440972,0.7811698934703919,33,"[33, 33, 33, 33, 33, 33, 33, 33, 33, 33, 33, 33, 33, 33, 33, 33, 33, 33, 33, 33, 33, 33, 33, 33, 33, 33, 33, 33, 33, 33, 33, 33, 33, 33, 33, 33, 33, 33, 33, 33, 33, 33, 33, 33, 33, 33, 33, 33, 33, 33, 33, 33, 33, 33, 33, 33, 33, 33, 33, 33, 33, 33, 33, 33, 33, 33, 33, 33, 33, 33, 33, 33, 33, 33, 33, 33, 33, 33, 33, 33, 33, 33, 33, 33, 33, 33, 33, 33, 33, 33, 33, 33, 33, 33, 33, 33, 33, 33, 33, 33, 33, 33, 33, 33, 33, 33, 33, 33, 33, 33, 33, 33, 33, 33, 33, 33, 33, 33, 33, 33, 33, 33, 33, 33, 33, 33, 33, 33, 33, 33, 33, 33, 33, 33, 33, 33, 33, 33, 33, 33, 33, 33, 33, 33, 33, 33, 33, 33, 33, 33, 33, 33, 33, 33, 33, 33, 33, 33, 33, 33, 33, 33, 33, 33, 33, 33, 33, 33, 33, 33, 33, 33, 33, 33, 33, 33, 33, 33, 33, 33, 33, 33, 33, 33, 33, 33, 33, 33, 33, 33, 33, 33, 33, 33, 33, 33, 33, 33, 33, 33, 33, 33, 33, 33, 33, 33, 33, 33, 33, 33, 33, 33, 33, 33, 33, 33, 33, 33, 33, 33, 33, 33, 33, 33, 33, 33, 33, 33, 33, 33, 33, 33, 33, 33, 33, 33, 33, 33, 33, 33, 33, 33, 33, 33, 33, 33, 33, 33, 33, 33, 33, 33, 33, 33, 33, 33, 33, 33, 33, 33, 33, 33, 33, 33, 33]",265,"[0.5151386857032776, 0.4427848756313324, 0.4179658889770508, 0.4078328311443329, 0.402958482503891, 0.4000290334224701, 0.39800721406936646, 0.39642533659935, 0.3951144516468048, 0.39392781257629395, 0.3928879499435425, 0.391882985830307, 0.39092227816581726, 0.3900052309036255, 0.38915854692459106, 0.3883402645587921, 0.38758042454719543, 0.3868531286716461, 0.3861193358898163, 0.3854484260082245, 0.3847886323928833, 0.38416317105293274, 0.38354814052581787, 0.3829513192176819, 0.3824390172958374, 0.38188228011131287, 0.3813712000846863, 0.38085323572158813, 0.3803577423095703, 0.3798697590827942, 0.37938392162323, 0.37894168496131897, 0.378506064414978, 0.3781109154224396, 0.3776808977127075, 0.37725749611854553, 0.37688973546028137, 0.37652522325515747, 0.3761589825153351, 0.37581202387809753, 0.3754805624485016, 0.37515032291412354, 0.37481966614723206, 0.3745010793209076, 0.3742106258869171, 0.3739207088947296, 0.3736315071582794, 0.37336093187332153, 0.3731204867362976, 0.3728264272212982, 0.3725869655609131, 0.37233027815818787, 0.37207865715026855, 0.37183165550231934, 0.37158194184303284, 0.37128832936286926, 0.3710504472255707, 0.3708253502845764, 0.37055861949920654, 0.37031567096710205, 0.3700779974460602, 0.36985674500465393, 0.36959603428840637, 0.3693661391735077, 0.3691503405570984, 0.3689533472061157, 0.36873096227645874, 0.36852630972862244, 0.3683053255081177, 0.3680790364742279, 0.3678878843784332, 0.367684006690979, 0.36745837330818176, 0.3672323524951935, 0.3670445680618286, 0.36679473519325256, 0.3666304349899292, 0.3664354085922241, 0.3662276566028595, 0.36603423953056335, 0.36587250232696533, 0.36572375893592834, 0.36552315950393677, 0.36531445384025574, 0.3650824725627899, 0.36485862731933594, 0.3646911680698395, 0.3645176589488983, 0.3643163740634918, 0.3641180694103241, 0.3639141917228699, 0.3637618124485016, 0.3635556101799011, 0.3633529245853424, 0.36315467953681946, 0.3629433512687683, 0.36275023221969604, 0.36255839467048645, 0.3623650074005127, 0.3621870279312134, 0.36199936270713806, 0.3617992699146271, 0.36168158054351807, 0.3614950478076935, 0.3613033592700958, 0.36115241050720215, 0.36096078157424927, 0.3607867956161499, 0.36070767045021057, 0.3604724407196045, 0.3602498173713684, 0.36006978154182434, 0.3598896265029907, 0.3596755564212799, 0.359463095664978, 0.35928070545196533, 0.35909178853034973, 0.3589007556438446, 0.35873451828956604, 0.3585571050643921, 0.3583966791629791, 0.35824814438819885, 0.3580959737300873, 0.357872873544693, 0.3577161431312561, 0.3575335443019867, 0.35730311274528503, 0.35708749294281006, 0.3569144904613495, 0.35676780343055725, 0.3565710186958313, 0.3564119040966034, 0.3562268018722534, 0.3560347259044647, 0.3558221161365509, 0.3556036651134491, 0.3554036319255829, 0.3552420437335968, 0.3550698459148407, 0.35488417744636536, 0.35473158955574036, 0.35450854897499084, 0.3543528616428375, 0.3541654646396637, 0.35397106409072876, 0.35379940271377563, 0.35361263155937195, 0.3534483015537262, 0.35325294733047485, 0.35308852791786194, 0.3529217839241028, 0.3527321517467499, 0.35256755352020264, 0.35240691900253296, 0.35222506523132324, 0.35202234983444214, 0.35185161232948303, 0.3516944944858551, 0.3514816164970398, 0.3512681722640991, 0.3511234223842621, 0.35094842314720154, 0.3508630096912384, 0.35065019130706787, 0.3504554033279419, 0.3502520024776459, 0.35010823607444763, 0.3499075174331665, 0.3497280180454254, 0.349558025598526, 0.34940600395202637, 0.34925156831741333, 0.3490465581417084, 0.34885987639427185, 0.34869149327278137, 0.34854355454444885, 0.34837833046913147, 0.3481643795967102, 0.34800484776496887, 0.3478280305862427, 0.3476211130619049, 0.3474832773208618, 0.3472524583339691, 0.3470543622970581, 0.34686383605003357, 0.3466901481151581, 0.3465043902397156, 0.3463231921195984, 0.3461560904979706, 0.3459765315055847, 0.3458349108695984, 0.3456401824951172, 0.3454377353191376, 0.3452710807323456, 0.3451308310031891, 0.3449767231941223, 0.3448375463485718, 0.34470152854919434, 0.3445057272911072, 0.34432560205459595, 0.3440638780593872, 0.3438725769519806, 0.34364232420921326, 0.3434448540210724, 0.34327805042266846, 0.3430943191051483, 0.34290337562561035, 0.3427138924598694, 0.3425610363483429, 0.34238651394844055, 0.3421986699104309, 0.3420003056526184, 0.3418411910533905, 0.34163975715637207, 0.3414686322212219, 0.3412516713142395, 0.34106019139289856, 0.3408859968185425, 0.340737521648407, 0.34053829312324524, 0.3403777778148651, 0.3401991128921509, 0.33999478816986084, 0.33979207277297974, 0.3396681249141693, 0.339496374130249, 0.3393162488937378, 0.3391837179660797, 0.3389871120452881, 0.3387964367866516, 0.33859139680862427, 0.3383847773075104, 0.3382148742675781, 0.3379933536052704, 0.33782777190208435, 0.3376310467720032, 0.33741259574890137, 0.3372078239917755, 0.3370036780834198, 0.3367672264575958, 0.33658158779144287, 0.336389422416687, 0.33621034026145935, 0.3360085189342499, 0.33579516410827637, 0.3355913460254669, 0.3354029059410095, 0.3351895809173584, 0.3350299894809723, 0.3348281979560852, 0.33464646339416504, 0.33446189761161804, 0.33423545956611633, 0.33401405811309814, 0.3338150084018707, 0.3336144983768463, 0.33342066407203674, 0.33317896723747253, 0.3329581022262573, 0.3328002095222473, 0.3326014578342438, 0.33239591121673584, 0.33222249150276184, 0.3320138156414032, 0.33182838559150696]",33.0,"[33.0, 33.0, 33.0, 33.0, 33.0, 33.0, 33.0, 33.0, 33.0, 33.0, 33.0, 33.0, 33.0, 33.0, 33.0, 33.0, 33.0, 33.0, 33.0, 33.0, 33.0, 33.0, 33.0, 33.0, 33.0, 33.0, 33.0, 33.0, 33.0, 33.0, 33.0, 33.0, 33.0, 33.0, 33.0, 33.0, 33.0, 33.0, 33.0, 33.0, 33.0, 33.0, 33.0, 33.0, 33.0, 33.0, 33.0, 33.0, 33.0, 33.0, 33.0, 33.0, 33.0, 33.0, 33.0, 33.0, 33.0, 33.0, 33.0, 33.0, 33.0, 33.0, 33.0, 33.0, 33.0, 33.0, 33.0, 33.0, 33.0, 33.0, 33.0, 33.0, 33.0, 33.0, 33.0, 33.0, 33.0, 33.0, 33.0, 33.0, 33.0, 33.0, 33.0, 33.0, 33.0, 33.0, 33.0, 33.0, 33.0, 33.0, 33.0, 33.0, 33.0, 33.0, 33.0, 33.0, 33.0, 33.0, 33.0, 33.0, 33.0, 33.0, 33.0, 33.0, 33.0, 33.0, 33.0, 33.0, 33.0, 33.0, 33.0, 33.0, 33.0, 33.0, 33.0, 33.0, 33.0, 33.0, 33.0, 33.0, 33.0, 33.0, 33.0, 33.0, 33.0, 33.0, 33.0, 33.0, 33.0, 33.0, 33.0, 33.0, 33.0, 33.0, 33.0, 33.0, 33.0, 33.0, 33.0, 33.0, 33.0, 33.0, 33.0, 33.0, 33.0, 33.0, 33.0, 33.0, 33.0, 33.0, 33.0, 33.0, 33.0, 33.0, 33.0, 33.0, 33.0, 33.0, 33.0, 33.0, 33.0, 33.0, 33.0, 33.0, 33.0, 33.0, 33.0, 33.0, 33.0, 33.0, 33.0, 33.0, 33.0, 33.0, 33.0, 33.0, 33.0, 33.0, 33.0, 33.0, 33.0, 33.0, 33.0, 33.0, 33.0, 33.0, 33.0, 33.0, 33.0, 33.0, 33.0, 33.0, 33.0, 33.0, 33.0, 33.0, 33.0, 33.0, 33.0, 33.0, 33.0, 33.0, 33.0, 33.0, 33.0, 33.0, 33.0, 33.0, 33.0, 33.0, 33.0, 33.0, 33.0, 33.0, 33.0, 33.0, 33.0, 33.0, 33.0, 33.0, 33.0, 33.0, 33.0, 33.0, 33.0, 33.0, 33.0, 33.0, 33.0, 33.0, 33.0, 33.0, 33.0, 33.0, 33.0, 33.0, 33.0, 33.0, 33.0, 33.0, 33.0, 33.0, 33.0, 33.0, 33.0, 33.0, 33.0, 33.0, 33.0, 33.0, 33.0, 33.0, 33.0, 33.0, 33.0, 33.0, 33.0, 33.0, 33.0, 33.0, 33.0, 33.0, 33.0, 33.0, 33.0]",COMPLETE
