,number,value,datetime_start,datetime_complete,duration,params_batch_size_scaler,params_constant_learning_rate,params_depth,params_epochs,params_kernel_l2,params_num_trees,params_temperature,user_attrs_accuracy_test,user_attrs_accuracy_valid,user_attrs_approximate_feature_sparsity,user_attrs_approximate_feature_sparsity_history,user_attrs_approximate_weight_sparsity,user_attrs_approximate_weight_sparsity_history,user_attrs_auc_test,user_attrs_auc_valid,user_attrs_feature_sparsity,user_attrs_feature_sparsity_history,user_attrs_num_epochs,user_attrs_val_loss_history,user_attrs_weight_sparsity,user_attrs_weight_sparsity_history,state
88,88,0.7041774548827142,2024-08-31 04:09:28.438920,2024-08-31 04:09:47.372757,0 days 00:00:18.933837,64,0.016334520304255654,1,290,0.6725966669956426,37,0.06244887968173507,0.86,0.85875,33,"[33, 33, 33, 33, 33, 33, 33, 33, 33, 33, 33, 33, 33, 33, 33, 33, 33, 33, 33, 33, 33, 33, 33, 33, 33, 33, 33, 33, 33, 33, 33, 33, 33, 33, 33, 33, 33, 33, 33, 33, 33, 33, 33, 33, 33, 33, 33, 33, 33, 33, 33, 33, 33, 33, 33, 33, 33, 33, 33, 33, 33, 33, 33, 33, 33, 33, 33, 33, 33, 33, 33, 33, 33, 33, 33, 33, 33, 33, 33, 33, 33, 33, 33, 33, 33, 33, 33, 33, 33, 33, 33, 33, 33, 33, 33, 33, 33, 33, 33, 33, 33, 33, 33, 33, 33, 33, 33, 33, 33, 33, 33, 33, 33, 33, 33, 33, 33, 33, 33, 33, 33, 33, 33, 33, 33, 33, 33, 33, 33, 33, 33, 33, 33, 33, 33, 33, 33, 33, 33, 33, 33, 33, 33, 33, 33, 33, 33, 33, 33, 33, 33, 33, 33, 33, 33, 33, 33, 33, 33, 33, 33, 33, 33, 33, 33, 33, 33, 33, 33, 33, 33, 33, 33, 33, 33, 33, 33, 33, 33, 33, 33, 33, 33, 33, 33, 33, 33, 33, 33, 33, 33, 33, 33, 33, 33, 33, 33, 33, 33, 33, 33, 33, 33, 33, 33, 33, 33, 33, 33, 33, 33, 33, 33, 33, 33, 33, 33, 33, 33, 33, 33, 33, 33, 33, 33, 33, 33, 33, 33, 33, 33, 33, 33, 33, 33, 33, 33, 33, 33, 33, 33, 33, 33, 33, 33, 33, 33, 33, 33, 33, 33, 33, 33, 33, 33, 33, 33, 33, 33, 33, 33, 33, 33, 33, 33, 33, 33, 33, 33, 33, 33, 33, 33, 33, 33, 33, 33, 33, 33, 33, 33, 33, 33, 33, 33, 33, 33, 33, 33, 33]",32.945945945945944,"[32.97297297297297, 32.97297297297297, 32.97297297297297, 32.97297297297297, 32.945945945945944, 32.91891891891892, 32.97297297297297, 32.97297297297297, 32.97297297297297, 32.97297297297297, 32.97297297297297, 33.0, 33.0, 33.0, 33.0, 33.0, 33.0, 33.0, 33.0, 33.0, 32.97297297297297, 33.0, 33.0, 33.0, 33.0, 33.0, 33.0, 33.0, 32.97297297297297, 33.0, 33.0, 33.0, 33.0, 32.97297297297297, 32.97297297297297, 33.0, 32.97297297297297, 33.0, 33.0, 33.0, 33.0, 33.0, 33.0, 32.97297297297297, 32.97297297297297, 33.0, 33.0, 33.0, 33.0, 33.0, 33.0, 33.0, 33.0, 33.0, 33.0, 32.97297297297297, 33.0, 33.0, 33.0, 33.0, 33.0, 33.0, 33.0, 33.0, 33.0, 33.0, 33.0, 33.0, 33.0, 33.0, 33.0, 33.0, 33.0, 33.0, 33.0, 33.0, 33.0, 32.97297297297297, 32.97297297297297, 32.97297297297297, 32.97297297297297, 32.97297297297297, 32.97297297297297, 32.97297297297297, 33.0, 33.0, 33.0, 33.0, 33.0, 33.0, 33.0, 33.0, 32.97297297297297, 32.97297297297297, 33.0, 33.0, 33.0, 33.0, 33.0, 33.0, 33.0, 33.0, 33.0, 33.0, 33.0, 33.0, 33.0, 33.0, 32.97297297297297, 32.97297297297297, 32.97297297297297, 33.0, 33.0, 33.0, 33.0, 33.0, 33.0, 33.0, 33.0, 33.0, 33.0, 33.0, 33.0, 33.0, 32.97297297297297, 32.97297297297297, 33.0, 33.0, 33.0, 33.0, 32.97297297297297, 33.0, 33.0, 33.0, 33.0, 33.0, 33.0, 33.0, 33.0, 33.0, 33.0, 33.0, 33.0, 33.0, 33.0, 32.97297297297297, 32.945945945945944, 32.97297297297297, 32.97297297297297, 32.97297297297297, 32.97297297297297, 33.0, 33.0, 33.0, 32.97297297297297, 32.97297297297297, 32.97297297297297, 33.0, 33.0, 33.0, 33.0, 33.0, 33.0, 33.0, 33.0, 33.0, 33.0, 33.0, 33.0, 33.0, 33.0, 32.97297297297297, 33.0, 33.0, 33.0, 33.0, 33.0, 32.97297297297297, 33.0, 33.0, 33.0, 33.0, 33.0, 33.0, 33.0, 33.0, 33.0, 33.0, 32.97297297297297, 32.97297297297297, 32.97297297297297, 32.97297297297297, 32.945945945945944, 32.91891891891892, 32.91891891891892, 32.945945945945944, 32.945945945945944, 32.945945945945944, 32.972972972972975, 33.0, 33.0, 32.97297297297297, 32.97297297297297, 32.97297297297297, 32.97297297297297, 33.0, 33.0, 32.97297297297297, 33.0, 33.0, 33.0, 33.0, 33.0, 33.0, 33.0, 32.97297297297297, 32.97297297297297, 32.97297297297297, 33.0, 33.0, 33.0, 32.97297297297297, 32.97297297297297, 32.97297297297297, 32.97297297297297, 33.0, 33.0, 33.0, 33.0, 32.972972972972975, 32.972972972972975, 32.945945945945944, 32.97297297297297, 32.97297297297297, 32.97297297297297, 32.97297297297297, 33.0, 32.97297297297297, 32.97297297297297, 32.97297297297297, 32.945945945945944, 32.945945945945944, 32.97297297297297, 33.0, 33.0, 33.0, 33.0, 33.0, 33.0, 33.0, 33.0, 33.0, 33.0, 33.0, 33.0, 33.0, 33.0, 33.0, 33.0, 33.0, 32.97297297297297, 32.97297297297297, 32.97297297297297, 32.945945945945944, 32.97297297297297, 32.945945945945944, 32.945945945945944, 32.97297297297297, 32.945945945945944, 32.945945945945944, 32.97297297297297, 32.945945945945944, 32.945945945945944, 32.945945945945944, 32.91891891891892, 32.945945945945944, 32.945945945945944, 32.945945945945944, 32.945945945945944, 32.945945945945944, 32.945945945945944, 32.91891891891892, 32.91891891891892, 32.91891891891892, 32.91891891891892, 32.89189189189189, 32.89189189189189, 32.91891891891892, 32.91891891891892, 32.945945945945944]",0.7417993873793541,0.7041774548827142,33,"[33, 33, 33, 33, 33, 33, 33, 33, 33, 33, 33, 33, 33, 33, 33, 33, 33, 33, 33, 33, 33, 33, 33, 33, 33, 33, 33, 33, 33, 33, 33, 33, 33, 33, 33, 33, 33, 33, 33, 33, 33, 33, 33, 33, 33, 33, 33, 33, 33, 33, 33, 33, 33, 33, 33, 33, 33, 33, 33, 33, 33, 33, 33, 33, 33, 33, 33, 33, 33, 33, 33, 33, 33, 33, 33, 33, 33, 33, 33, 33, 33, 33, 33, 33, 33, 33, 33, 33, 33, 33, 33, 33, 33, 33, 33, 33, 33, 33, 33, 33, 33, 33, 33, 33, 33, 33, 33, 33, 33, 33, 33, 33, 33, 33, 33, 33, 33, 33, 33, 33, 33, 33, 33, 33, 33, 33, 33, 33, 33, 33, 33, 33, 33, 33, 33, 33, 33, 33, 33, 33, 33, 33, 33, 33, 33, 33, 33, 33, 33, 33, 33, 33, 33, 33, 33, 33, 33, 33, 33, 33, 33, 33, 33, 33, 33, 33, 33, 33, 33, 33, 33, 33, 33, 33, 33, 33, 33, 33, 33, 33, 33, 33, 33, 33, 33, 33, 33, 33, 33, 33, 33, 33, 33, 33, 33, 33, 33, 33, 33, 33, 33, 33, 33, 33, 33, 33, 33, 33, 33, 33, 33, 33, 33, 33, 33, 33, 33, 33, 33, 33, 33, 33, 33, 33, 33, 33, 33, 33, 33, 33, 33, 33, 33, 33, 33, 33, 33, 33, 33, 33, 33, 33, 33, 33, 33, 33, 33, 33, 33, 33, 33, 33, 33, 33, 33, 33, 33, 33, 33, 33, 33, 33, 33, 33, 33, 33, 33, 33, 33, 33, 33, 33, 33, 33, 33, 33, 33, 33, 33, 33, 33, 33, 33, 33, 33, 33, 33, 33, 33, 33]",290,"[1.0919561386108398, 1.0759214162826538, 1.0682908296585083, 1.0622599124908447, 1.0577127933502197, 1.0535836219787598, 1.0494221448898315, 1.0455889701843262, 1.0417072772979736, 1.0380733013153076, 1.034299373626709, 1.0305910110473633, 1.0269540548324585, 1.0235239267349243, 1.0199487209320068, 1.016431450843811, 1.0129282474517822, 1.0095319747924805, 1.0061414241790771, 1.0027425289154053, 0.9991805553436279, 0.9958173632621765, 0.9924371242523193, 0.9891111850738525, 0.985819935798645, 0.9828436970710754, 0.9792845249176025, 0.9760510921478271, 0.9728454351425171, 0.9696557521820068, 0.9665228128433228, 0.9634029865264893, 0.9602430462837219, 0.9571183919906616, 0.9542268514633179, 0.9511455297470093, 0.9482184648513794, 0.9451385736465454, 0.9421728253364563, 0.9392068386077881, 0.9362707734107971, 0.9332868456840515, 0.9304117560386658, 0.9276213645935059, 0.9246609210968018, 0.9218333959579468, 0.918989360332489, 0.9161532521247864, 0.9133695363998413, 0.9105688333511353, 0.9077537655830383, 0.9050447344779968, 0.9022467136383057, 0.8995293974876404, 0.8968513011932373, 0.8941978216171265, 0.8914947509765625, 0.8888695240020752, 0.8864933252334595, 0.8837804198265076, 0.881113588809967, 0.8785548210144043, 0.8759825229644775, 0.8733924627304077, 0.870756983757019, 0.8682112693786621, 0.8658439517021179, 0.8632507920265198, 0.8607515096664429, 0.8582002520561218, 0.8558077812194824, 0.8533320426940918, 0.8509935140609741, 0.8485355973243713, 0.8461976051330566, 0.8437040448188782, 0.8413558006286621, 0.8389114141464233, 0.8365516066551208, 0.834281861782074, 0.8320575952529907, 0.8297250270843506, 0.8274625539779663, 0.8252108097076416, 0.8229354619979858, 0.8207298517227173, 0.8184713125228882, 0.8164457082748413, 0.8141329288482666, 0.8117916584014893, 0.8096754550933838, 0.8074067831039429, 0.8052744269371033, 0.8031435608863831, 0.8010289072990417, 0.7989211082458496, 0.7968682646751404, 0.7947788238525391, 0.7927840948104858, 0.7906152606010437, 0.7885555028915405, 0.7864381670951843, 0.7845007181167603, 0.7824583649635315, 0.7805740237236023, 0.7786853909492493, 0.7768157720565796, 0.7746541500091553, 0.7725309133529663, 0.7705570459365845, 0.7686662077903748, 0.766598105430603, 0.7648597955703735, 0.7630668878555298, 0.7612602710723877, 0.7591122388839722, 0.7572693824768066, 0.7553057074546814, 0.753466784954071, 0.7516810894012451, 0.7499902844429016, 0.7482420206069946, 0.7460290789604187, 0.7440199255943298, 0.7420605421066284, 0.7402371168136597, 0.738484799861908, 0.7367093563079834, 0.7349677085876465, 0.7332066297531128, 0.7314205169677734, 0.7297683954238892, 0.7280531525611877, 0.7262412309646606, 0.7245350480079651, 0.7228696942329407, 0.7211962938308716, 0.7195098400115967, 0.7177578806877136, 0.7160323858261108, 0.7144958972930908, 0.7128283977508545, 0.7110797166824341, 0.7094516754150391, 0.7078940868377686, 0.706322193145752, 0.7047783136367798, 0.7031677961349487, 0.7015707492828369, 0.6999313831329346, 0.6983067989349365, 0.6967686414718628, 0.6951596736907959, 0.6935628652572632, 0.6920556426048279, 0.6905038356781006, 0.6890949010848999, 0.687482476234436, 0.6859748363494873, 0.6844203472137451, 0.682905375957489, 0.6814196109771729, 0.6799423098564148, 0.6784906983375549, 0.6770123839378357, 0.675556480884552, 0.6741359233856201, 0.6726926565170288, 0.6712743639945984, 0.669858455657959, 0.6685369610786438, 0.6670896410942078, 0.6657550930976868, 0.6644338369369507, 0.6629970073699951, 0.6616195440292358, 0.6603214740753174, 0.6588087677955627, 0.6574050188064575, 0.6560051441192627, 0.6546065807342529, 0.6532958745956421, 0.6519452929496765, 0.6505671739578247, 0.649319052696228, 0.6479693055152893, 0.6467022895812988, 0.6453473567962646, 0.6440450549125671, 0.6427536010742188, 0.641472339630127, 0.6401723623275757, 0.6389235258102417, 0.6376286149024963, 0.6363971829414368, 0.6351394653320312, 0.633877158164978, 0.6326471567153931, 0.6315146684646606, 0.6302473545074463, 0.6289669275283813, 0.6277851462364197, 0.626539945602417, 0.6254698634147644, 0.6242390275001526, 0.6230791807174683, 0.621840238571167, 0.6208249926567078, 0.619707465171814, 0.6186030507087708, 0.6173028945922852, 0.6160127520561218, 0.6148871183395386, 0.6137225031852722, 0.6126149892807007, 0.6116356253623962, 0.6105970740318298, 0.6092116832733154, 0.6081154942512512, 0.6069586277008057, 0.6059513092041016, 0.6047582626342773, 0.6036198139190674, 0.6025139689445496, 0.6014517545700073, 0.6003247499465942, 0.5993660092353821, 0.5983021855354309, 0.5971880555152893, 0.5961482524871826, 0.5951948165893555, 0.5941661596298218, 0.5929445028305054, 0.5919235944747925, 0.5909773111343384, 0.589892566204071, 0.5887945890426636, 0.5877947807312012, 0.5868139266967773, 0.585759162902832, 0.5847764015197754, 0.5838768482208252, 0.5829652547836304, 0.5819129347801208, 0.5808478593826294, 0.5798442959785461, 0.578895092010498, 0.5779464840888977, 0.5770769119262695, 0.576090931892395, 0.5751924514770508, 0.574128270149231, 0.5730878114700317, 0.5720576047897339, 0.5712639689445496, 0.5702803134918213, 0.5694769620895386, 0.5686427354812622, 0.5676246285438538, 0.56684410572052, 0.5658189058303833, 0.5649058818817139, 0.56401526927948, 0.5630704164505005, 0.5622409582138062, 0.5613943934440613, 0.5604703426361084, 0.559481143951416, 0.5585516095161438, 0.5576882362365723, 0.5567963123321533, 0.5559296607971191, 0.5550550222396851, 0.5541996955871582, 0.553371250629425, 0.5525490045547485, 0.5517480373382568, 0.550865888595581, 0.5500609874725342, 0.5493435859680176, 0.5483854413032532, 0.5475152134895325, 0.5467681884765625, 0.5459012985229492, 0.5451486706733704, 0.5443512797355652, 0.5433930158615112, 0.5425686240196228, 0.5418925285339355, 0.541079580783844]",33.0,"[33.0, 33.0, 33.0, 33.0, 33.0, 33.0, 33.0, 33.0, 33.0, 33.0, 33.0, 33.0, 33.0, 33.0, 33.0, 33.0, 33.0, 33.0, 33.0, 33.0, 33.0, 33.0, 33.0, 33.0, 33.0, 33.0, 33.0, 33.0, 33.0, 33.0, 33.0, 33.0, 33.0, 33.0, 33.0, 33.0, 33.0, 33.0, 33.0, 33.0, 33.0, 33.0, 33.0, 33.0, 33.0, 33.0, 33.0, 33.0, 33.0, 33.0, 33.0, 33.0, 33.0, 33.0, 33.0, 33.0, 33.0, 33.0, 33.0, 33.0, 33.0, 33.0, 33.0, 33.0, 33.0, 33.0, 33.0, 33.0, 33.0, 33.0, 33.0, 33.0, 33.0, 33.0, 33.0, 33.0, 33.0, 33.0, 33.0, 33.0, 33.0, 33.0, 33.0, 33.0, 33.0, 33.0, 33.0, 33.0, 33.0, 33.0, 33.0, 33.0, 33.0, 33.0, 33.0, 33.0, 33.0, 33.0, 33.0, 33.0, 33.0, 33.0, 33.0, 33.0, 33.0, 33.0, 33.0, 33.0, 33.0, 33.0, 33.0, 33.0, 33.0, 33.0, 33.0, 33.0, 33.0, 33.0, 33.0, 33.0, 33.0, 33.0, 33.0, 33.0, 33.0, 33.0, 33.0, 33.0, 33.0, 33.0, 33.0, 33.0, 33.0, 33.0, 33.0, 33.0, 33.0, 33.0, 33.0, 33.0, 33.0, 33.0, 33.0, 33.0, 33.0, 33.0, 33.0, 33.0, 33.0, 33.0, 33.0, 33.0, 33.0, 33.0, 33.0, 33.0, 33.0, 33.0, 33.0, 33.0, 33.0, 33.0, 33.0, 33.0, 33.0, 33.0, 33.0, 33.0, 33.0, 33.0, 33.0, 33.0, 33.0, 33.0, 33.0, 33.0, 33.0, 33.0, 33.0, 33.0, 33.0, 33.0, 33.0, 33.0, 33.0, 33.0, 33.0, 33.0, 33.0, 33.0, 33.0, 33.0, 33.0, 33.0, 33.0, 33.0, 33.0, 33.0, 33.0, 33.0, 33.0, 33.0, 33.0, 33.0, 33.0, 33.0, 33.0, 33.0, 33.0, 33.0, 33.0, 33.0, 33.0, 33.0, 33.0, 33.0, 33.0, 33.0, 33.0, 33.0, 33.0, 33.0, 33.0, 33.0, 33.0, 33.0, 33.0, 33.0, 33.0, 33.0, 33.0, 33.0, 33.0, 33.0, 33.0, 33.0, 33.0, 33.0, 33.0, 33.0, 33.0, 33.0, 33.0, 33.0, 33.0, 33.0, 33.0, 33.0, 33.0, 33.0, 33.0, 33.0, 33.0, 33.0, 33.0, 33.0, 33.0, 33.0, 33.0, 33.0, 33.0, 33.0, 33.0, 33.0, 33.0, 33.0, 33.0, 33.0, 33.0, 33.0, 33.0, 33.0, 33.0, 33.0, 33.0, 33.0, 33.0, 33.0, 33.0, 33.0, 33.0, 33.0, 33.0, 33.0, 33.0, 33.0, 33.0, 33.0, 33.0, 33.0]",COMPLETE
