,number,value,datetime_start,datetime_complete,duration,params_batch_size_scaler,params_constant_learning_rate,params_depth,params_epochs,params_kernel_l2,params_num_trees,params_temperature,user_attrs_accuracy_test,user_attrs_accuracy_valid,user_attrs_approximate_feature_sparsity,user_attrs_approximate_feature_sparsity_history,user_attrs_approximate_weight_sparsity,user_attrs_approximate_weight_sparsity_history,user_attrs_auc_test,user_attrs_auc_valid,user_attrs_feature_sparsity,user_attrs_feature_sparsity_history,user_attrs_num_epochs,user_attrs_val_loss_history,user_attrs_weight_sparsity,user_attrs_weight_sparsity_history,state
129,129,0.9110278110548621,2024-08-31 05:57:33.483312,2024-08-31 05:58:36.961294,0 days 00:01:03.477982,16,0.44095192530651495,3,370,0.1137220855216448,72,0.0008972976131269756,0.933,0.93,12,"[33, 33, 33, 33, 33, 33, 33, 33, 33, 33, 33, 33, 33, 33, 33, 33, 33, 33, 33, 33, 33, 33, 33, 33, 33, 33, 33, 33, 33, 33, 33, 33, 33, 33, 33, 33, 33, 33, 33, 33, 33, 33, 33, 33, 33, 33, 33, 33, 33, 33, 33, 33, 33, 33, 33, 33, 33, 33, 33, 33, 32, 30, 29, 28, 25, 23, 23, 22, 21, 21, 20, 19, 19, 19, 19, 19, 19, 19, 19, 19, 19, 18, 18, 18, 17, 17, 17, 17, 17, 17, 17, 17, 17, 17, 17, 17, 17, 17, 17, 17, 17, 17, 17, 17, 17, 17, 17, 17, 17, 17, 17, 17, 17, 17, 17, 17, 17, 17, 17, 17, 17, 17, 17, 17, 17, 17, 17, 17, 17, 17, 17, 17, 17, 17, 17, 17, 17, 17, 17, 17, 17, 17, 17, 17, 17, 17, 17, 17, 17, 17, 17, 17, 17, 16, 16, 16, 15, 15, 15, 15, 15, 15, 14, 14, 14, 14, 14, 14, 14, 14, 14, 14, 14, 14, 14, 14, 14, 14, 14, 14, 14, 14, 14, 14, 14, 14, 14, 14, 14, 14, 14, 13, 13, 13, 13, 13, 13, 13, 13, 13, 13, 13, 13, 13, 13, 13, 13, 13, 13, 13, 13, 13, 13, 13, 13, 13, 13, 13, 13, 13, 13, 13, 13, 13, 13, 13, 13, 13, 13, 13, 13, 13, 13, 13, 13, 13, 13, 13, 13, 13, 13, 13, 13, 13, 13, 13, 13, 13, 13, 13, 13, 13, 13, 13, 13, 12, 12, 12, 12, 12, 12, 12, 12, 12, 12, 12, 12, 12, 12, 12, 12, 12, 12, 12, 12, 12, 12, 12, 12, 12, 12, 12, 12, 12, 12, 12, 12, 12, 12, 12, 12, 12, 12, 12, 12, 12, 12, 12, 12, 12, 12, 12, 12, 12, 12, 12, 12, 12, 12, 12, 12, 12, 12, 12, 12, 12, 12, 12, 12, 12, 12, 12, 12, 12, 12, 12, 12, 12, 12, 12, 12, 12, 12, 12, 12, 12, 12, 12, 12, 12, 12, 12, 12, 12, 12, 12, 12, 12, 12, 12, 12, 12, 12, 12, 12, 12, 12, 12, 12, 12, 12, 12, 12, 12, 12, 12, 12, 12, 12, 12]",11.982142857142858,"[32.96031746031746, 32.9563492063492, 32.954365079365076, 32.954365079365076, 32.95634920634921, 32.96230158730159, 32.95039682539683, 32.94444444444444, 32.95238095238095, 32.96230158730159, 32.9563492063492, 32.96825396825397, 32.96825396825397, 32.952380952380956, 32.970238095238095, 32.96428571428571, 32.96230158730159, 32.97222222222222, 32.96031746031746, 32.95833333333333, 32.964285714285715, 32.96230158730159, 32.976190476190474, 32.976190476190474, 32.96626984126984, 32.96626984126984, 32.96825396825397, 32.964285714285715, 32.9563492063492, 32.970238095238095, 32.95833333333333, 32.96825396825397, 32.964285714285715, 32.964285714285715, 32.94444444444444, 32.954365079365076, 32.96230158730159, 32.95238095238095, 32.948412698412696, 32.94047619047619, 32.96230158730159, 32.97420634920635, 32.96825396825397, 32.96230158730159, 32.95039682539682, 32.948412698412696, 32.970238095238095, 32.964285714285715, 32.9781746031746, 32.96626984126984, 32.96626984126984, 32.96626984126984, 32.96825396825397, 32.96230158730159, 32.97420634920635, 32.96825396825397, 32.97817460317461, 32.97222222222222, 32.97420634920635, 32.97420634920635, 31.97222222222222, 29.97222222222222, 28.966269841269842, 27.964285714285715, 24.97222222222222, 22.960317460317462, 22.974206349206348, 21.97222222222222, 20.980158730158728, 20.984126984126984, 19.9781746031746, 18.982142857142854, 18.98015873015873, 18.982142857142858, 18.966269841269842, 18.9781746031746, 18.97222222222222, 18.984126984126984, 18.9781746031746, 18.980158730158728, 18.976190476190478, 17.98611111111111, 17.97222222222222, 17.980158730158728, 16.980158730158728, 16.97222222222222, 16.978174603174605, 16.984126984126984, 16.982142857142854, 16.984126984126984, 16.982142857142854, 16.982142857142854, 16.988095238095237, 16.98611111111111, 16.98412698412698, 16.9781746031746, 16.980158730158728, 16.98015873015873, 16.97222222222222, 16.984126984126984, 16.990079365079367, 16.982142857142858, 16.98015873015873, 16.984126984126984, 16.988095238095237, 16.98611111111111, 16.984126984126984, 16.984126984126984, 16.97222222222222, 16.982142857142858, 16.970238095238095, 16.966269841269842, 16.96825396825397, 16.97222222222222, 16.974206349206348, 16.976190476190474, 16.98611111111111, 16.990079365079367, 16.98611111111111, 16.984126984126984, 16.982142857142858, 16.976190476190474, 16.98809523809524, 16.984126984126984, 16.976190476190478, 16.982142857142858, 16.982142857142858, 16.986111111111114, 16.98611111111111, 16.982142857142858, 16.97222222222222, 16.982142857142858, 16.986111111111114, 16.988095238095237, 16.98015873015873, 16.98015873015873, 16.98015873015873, 16.986111111111114, 16.990079365079367, 16.98611111111111, 16.976190476190474, 16.978174603174605, 16.982142857142858, 16.974206349206348, 16.978174603174605, 16.984126984126984, 16.990079365079367, 16.988095238095237, 16.98611111111111, 16.98611111111111, 16.984126984126984, 16.984126984126984, 16.982142857142858, 15.982142857142858, 15.984126984126984, 15.98015873015873, 14.984126984126984, 14.984126984126984, 14.982142857142858, 14.988095238095237, 14.988095238095237, 14.990079365079366, 13.982142857142858, 13.988095238095237, 13.984126984126984, 13.984126984126984, 13.98611111111111, 13.98611111111111, 13.984126984126984, 13.98611111111111, 13.990079365079366, 13.988095238095239, 13.984126984126984, 13.990079365079364, 13.98611111111111, 13.988095238095237, 13.990079365079366, 13.984126984126984, 13.978174603174605, 13.97420634920635, 13.980158730158731, 13.976190476190478, 13.976190476190478, 13.962301587301589, 13.972222222222221, 13.98611111111111, 13.972222222222223, 13.980158730158731, 13.980158730158731, 13.976190476190476, 13.988095238095237, 12.992063492063492, 12.988095238095237, 12.98611111111111, 12.976190476190478, 12.976190476190476, 12.982142857142858, 12.976190476190476, 12.980158730158731, 12.984126984126984, 12.984126984126984, 12.982142857142858, 12.98611111111111, 12.980158730158731, 12.980158730158731, 12.97420634920635, 12.978174603174603, 12.97420634920635, 12.972222222222221, 12.980158730158731, 12.978174603174605, 12.982142857142858, 12.980158730158731, 12.966269841269842, 12.984126984126984, 12.976190476190476, 12.982142857142858, 12.980158730158731, 12.982142857142858, 12.982142857142858, 12.984126984126984, 12.982142857142858, 12.990079365079366, 12.990079365079366, 12.98611111111111, 12.98611111111111, 12.984126984126984, 12.98611111111111, 12.984126984126984, 12.986111111111112, 12.984126984126984, 12.982142857142858, 12.982142857142858, 12.976190476190476, 12.984126984126984, 12.980158730158731, 12.970238095238095, 12.978174603174605, 12.97420634920635, 12.976190476190478, 12.968253968253968, 12.978174603174603, 12.968253968253968, 12.974206349206348, 12.970238095238095, 12.97420634920635, 12.976190476190476, 12.980158730158731, 12.98611111111111, 12.98611111111111, 12.978174603174603, 12.972222222222223, 12.97420634920635, 12.97420634920635, 12.978174603174603, 11.978174603174603, 11.978174603174605, 11.976190476190476, 11.98611111111111, 11.980158730158731, 11.984126984126984, 11.980158730158731, 11.982142857142858, 11.974206349206348, 11.980158730158731, 11.976190476190476, 11.978174603174603, 11.972222222222221, 11.97420634920635, 11.978174603174603, 11.984126984126984, 11.98611111111111, 11.98611111111111, 11.98611111111111, 11.978174603174603, 11.988095238095237, 11.990079365079366, 11.98611111111111, 11.988095238095237, 11.988095238095239, 11.980158730158731, 11.98611111111111, 11.964285714285715, 11.980158730158731, 11.992063492063494, 11.98611111111111, 11.988095238095239, 11.982142857142858, 11.984126984126984, 11.978174603174605, 11.978174603174605, 11.982142857142858, 11.980158730158731, 11.980158730158731, 11.978174603174605, 11.974206349206348, 11.98611111111111, 11.982142857142858, 11.988095238095237, 11.988095238095237, 11.980158730158731, 11.984126984126982, 11.984126984126984, 11.990079365079364, 11.986111111111112, 11.98611111111111, 11.98611111111111, 11.988095238095239, 11.988095238095239, 11.988095238095237, 11.978174603174603, 11.988095238095237, 11.990079365079364, 11.988095238095237, 11.98015873015873, 11.980158730158731, 11.984126984126984, 11.980158730158731, 11.984126984126984, 11.97420634920635, 11.978174603174605, 11.984126984126984, 11.974206349206348, 11.976190476190478, 11.978174603174605, 11.970238095238095, 11.974206349206352, 11.982142857142858, 11.976190476190476, 11.978174603174603, 11.972222222222223, 11.97420634920635, 11.982142857142858, 11.97420634920635, 11.978174603174605, 11.968253968253968, 11.972222222222223, 11.982142857142858, 11.97420634920635, 11.978174603174605, 11.976190476190476, 11.976190476190478, 11.980158730158731, 11.970238095238095, 11.980158730158731, 11.97420634920635, 11.97420634920635, 11.978174603174605, 11.976190476190478, 11.98611111111111, 11.982142857142858, 11.980158730158731, 11.990079365079364, 11.984126984126984, 11.990079365079366, 11.98611111111111, 11.98611111111111, 11.988095238095239, 11.976190476190476, 11.984126984126984, 11.984126984126984, 11.98611111111111, 11.982142857142858, 11.980158730158731, 11.984126984126984, 11.984126984126984, 11.976190476190476, 11.980158730158731, 11.978174603174605, 11.982142857142858]",0.9161898628621439,0.9110278110548621,12,"[33, 33, 33, 33, 33, 33, 33, 33, 33, 33, 33, 33, 33, 33, 33, 33, 33, 33, 33, 33, 33, 33, 33, 33, 33, 33, 33, 33, 33, 33, 33, 33, 33, 33, 33, 33, 33, 33, 33, 33, 33, 33, 33, 33, 33, 33, 33, 33, 33, 33, 33, 33, 33, 33, 33, 33, 33, 33, 33, 33, 32, 30, 29, 28, 25, 23, 23, 22, 21, 21, 20, 19, 19, 19, 19, 19, 19, 19, 19, 19, 19, 18, 18, 18, 17, 17, 17, 17, 17, 17, 17, 17, 17, 17, 17, 17, 17, 17, 17, 17, 17, 17, 17, 17, 17, 17, 17, 17, 17, 17, 17, 17, 17, 17, 17, 17, 17, 17, 17, 17, 17, 17, 17, 17, 17, 17, 17, 17, 17, 17, 17, 17, 17, 17, 17, 17, 17, 17, 17, 17, 17, 17, 17, 17, 17, 17, 17, 17, 17, 17, 17, 17, 17, 16, 16, 16, 15, 15, 15, 15, 15, 15, 14, 14, 14, 14, 14, 14, 14, 14, 14, 14, 14, 14, 14, 14, 14, 14, 14, 14, 14, 14, 14, 14, 14, 14, 14, 14, 14, 14, 14, 13, 13, 13, 13, 13, 13, 13, 13, 13, 13, 13, 13, 13, 13, 13, 13, 13, 13, 13, 13, 13, 13, 13, 13, 13, 13, 13, 13, 13, 13, 13, 13, 13, 13, 13, 13, 13, 13, 13, 13, 13, 13, 13, 13, 13, 13, 13, 13, 13, 13, 13, 13, 13, 13, 13, 13, 13, 13, 13, 13, 13, 13, 13, 13, 12, 12, 12, 12, 12, 12, 12, 12, 12, 12, 12, 12, 12, 12, 12, 12, 12, 12, 12, 12, 12, 12, 12, 12, 12, 12, 12, 12, 12, 12, 12, 12, 12, 12, 12, 12, 12, 12, 12, 12, 12, 12, 12, 12, 12, 12, 12, 12, 12, 12, 12, 12, 12, 12, 12, 12, 12, 12, 12, 12, 12, 12, 12, 12, 12, 12, 12, 12, 12, 12, 12, 12, 12, 12, 12, 12, 12, 12, 12, 12, 12, 12, 12, 12, 12, 12, 12, 12, 12, 12, 12, 12, 12, 12, 12, 12, 12, 12, 12, 12, 12, 12, 12, 12, 12, 12, 12, 12, 12, 12, 12, 12, 12, 12, 12]",370,"[0.4014531373977661, 0.38981515169143677, 0.38329312205314636, 0.37879931926727295, 0.3792162239551544, 0.3718837797641754, 0.38038405776023865, 0.37704646587371826, 0.37878087162971497, 0.36102351546287537, 0.36331692337989807, 0.35861167311668396, 0.35273948311805725, 0.3501557409763336, 0.3628019094467163, 0.3523307740688324, 0.34191668033599854, 0.34287726879119873, 0.3389114737510681, 0.33793535828590393, 0.33328482508659363, 0.3309962749481201, 0.32899802923202515, 0.32633116841316223, 0.32341820001602173, 0.3340784013271332, 0.319533109664917, 0.31707441806793213, 0.3160110414028168, 0.31034940481185913, 0.31109118461608887, 0.3060224652290344, 0.30441245436668396, 0.3015958070755005, 0.298114538192749, 0.296914666891098, 0.30263063311576843, 0.29190826416015625, 0.29158711433410645, 0.2896827459335327, 0.2842826545238495, 0.286871999502182, 0.2781556248664856, 0.27766597270965576, 0.28313711285591125, 0.27358144521713257, 0.2734009027481079, 0.27100130915641785, 0.2681627869606018, 0.26616060733795166, 0.2667301893234253, 0.2626245319843292, 0.26140299439430237, 0.2601747214794159, 0.2592920958995819, 0.2596402168273926, 0.25789251923561096, 0.25819188356399536, 0.2545244097709656, 0.25316813588142395, 0.2512305974960327, 0.25147363543510437, 0.25039419531822205, 0.2483510822057724, 0.24713079631328583, 0.2437146157026291, 0.24320581555366516, 0.24271588027477264, 0.23983842134475708, 0.23875656723976135, 0.24425818026065826, 0.2375914603471756, 0.24032913148403168, 0.2355155497789383, 0.23872093856334686, 0.235917866230011, 0.23545414209365845, 0.2356942594051361, 0.2319297194480896, 0.23080375790596008, 0.2322060912847519, 0.23406541347503662, 0.23396019637584686, 0.23116613924503326, 0.2307133674621582, 0.2269212007522583, 0.23521503806114197, 0.22568750381469727, 0.22766003012657166, 0.22512811422348022, 0.231114000082016, 0.22551469504833221, 0.22349567711353302, 0.2232169359922409, 0.2208583950996399, 0.22067710757255554, 0.21976417303085327, 0.2183578908443451, 0.21842488646507263, 0.22352708876132965, 0.2196435183286667, 0.21903787553310394, 0.21706493198871613, 0.21816854178905487, 0.2161160111427307, 0.21643434464931488, 0.22805874049663544, 0.21519379317760468, 0.21474233269691467, 0.2239106297492981, 0.21281343698501587, 0.21262766420841217, 0.21886436641216278, 0.2189139425754547, 0.21340075135231018, 0.21226105093955994, 0.2137000411748886, 0.21166492998600006, 0.21186962723731995, 0.21121561527252197, 0.21304568648338318, 0.21154449880123138, 0.210565984249115, 0.21221964061260223, 0.2102828174829483, 0.21525569260120392, 0.20977523922920227, 0.21305988729000092, 0.21022763848304749, 0.21209821105003357, 0.21393613517284393, 0.20853862166404724, 0.20716209709644318, 0.20948553085327148, 0.21189998090267181, 0.2064303606748581, 0.20715796947479248, 0.20876474678516388, 0.2092054784297943, 0.20687925815582275, 0.20658425986766815, 0.2066155970096588, 0.20610283315181732, 0.20605134963989258, 0.20741277933120728, 0.20645391941070557, 0.20534193515777588, 0.20846401154994965, 0.2085651159286499, 0.20618228614330292, 0.20396830141544342, 0.2042156457901001, 0.20437084138393402, 0.20516248047351837, 0.21179383993148804, 0.20711232721805573, 0.21956148743629456, 0.223626047372818, 0.2189546823501587, 0.20861174166202545, 0.2056388109922409, 0.2165551781654358, 0.22394920885562897, 0.22217094898223877, 0.22919489443302155, 0.22185958921909332, 0.23012585937976837, 0.22294898331165314, 0.2208603024482727, 0.22187145054340363, 0.22258971631526947, 0.22384460270404816, 0.22097323834896088, 0.22154663503170013, 0.22061243653297424, 0.22061046957969666, 0.21933753788471222, 0.22524607181549072, 0.2199036031961441, 0.22512172162532806, 0.22103412449359894, 0.22043925523757935, 0.21966691315174103, 0.22648409008979797, 0.22162693738937378, 0.21890559792518616, 0.21883638203144073, 0.21870771050453186, 0.22012446820735931, 0.217564657330513, 0.21877795457839966, 0.22367386519908905, 0.22286346554756165, 0.2246696799993515, 0.22289139032363892, 0.2228696495294571, 0.22202982008457184, 0.22275499999523163, 0.22026130557060242, 0.21965818107128143, 0.2211216390132904, 0.22198021411895752, 0.2192971259355545, 0.2197064608335495, 0.21894684433937073, 0.2224753350019455, 0.21928665041923523, 0.21905094385147095, 0.21852423250675201, 0.21903522312641144, 0.21908481419086456, 0.21872784197330475, 0.21962617337703705, 0.2184298187494278, 0.2186799943447113, 0.22978144884109497, 0.22622047364711761, 0.21922050416469574, 0.21734048426151276, 0.21781302988529205, 0.2175208479166031, 0.22381998598575592, 0.21718023717403412, 0.21718578040599823, 0.21698302030563354, 0.2181011140346527, 0.21728762984275818, 0.21783308684825897, 0.22605936229228973, 0.22101858258247375, 0.21859726309776306, 0.21744389832019806, 0.21624277532100677, 0.21741662919521332, 0.22034874558448792, 0.21618421375751495, 0.21654655039310455, 0.21667128801345825, 0.21855080127716064, 0.21693485975265503, 0.21622033417224884, 0.21692098677158356, 0.21582210063934326, 0.22553114593029022, 0.22042667865753174, 0.21537576615810394, 0.21777819097042084, 0.21888412535190582, 0.21608099341392517, 0.21735264360904694, 0.2201680690050125, 0.21569648385047913, 0.21847759187221527, 0.21826082468032837, 0.21460208296775818, 0.22292892634868622, 0.22160568833351135, 0.22259317338466644, 0.21792501211166382, 0.2184228003025055, 0.21660961210727692, 0.2166672945022583, 0.2157454490661621, 0.21541692316532135, 0.2161419838666916, 0.2160601168870926, 0.21490360796451569, 0.21609210968017578, 0.216319739818573, 0.21831320226192474, 0.21547222137451172, 0.21432960033416748, 0.21490783989429474, 0.2194145917892456, 0.21805992722511292, 0.21357400715351105, 0.21722039580345154, 0.2138170599937439, 0.21378999948501587, 0.21446627378463745, 0.2174272984266281, 0.21986502408981323, 0.21604661643505096, 0.21291673183441162, 0.21262207627296448, 0.21334238350391388, 0.21535374224185944, 0.22093205153942108, 0.21440990269184113, 0.21275770664215088, 0.21517787873744965, 0.21436302363872528, 0.21400710940361023, 0.2141183316707611, 0.21344485878944397, 0.21657176315784454, 0.21264585852622986, 0.21705850958824158, 0.21618276834487915, 0.21208515763282776, 0.21233968436717987, 0.21284368634223938, 0.21736840903759003, 0.2129916399717331, 0.21231329441070557, 0.21381475031375885, 0.22139520943164825, 0.21160219609737396, 0.2118515968322754, 0.21678708493709564, 0.2121056318283081, 0.2124168425798416, 0.2147209793329239, 0.21142783761024475, 0.2111024111509323, 0.2106928676366806, 0.21121461689472198, 0.21153271198272705, 0.2110127955675125, 0.21429778635501862, 0.2107659876346588, 0.21226072311401367, 0.2110237330198288, 0.21054022014141083, 0.21102941036224365, 0.21044807136058807, 0.21000126004219055, 0.21575351059436798, 0.20979847013950348, 0.21023200452327728, 0.21019315719604492, 0.21123309433460236, 0.21058273315429688, 0.21160255372524261, 0.21287129819393158, 0.20997896790504456, 0.21549572050571442, 0.210391566157341, 0.21126298606395721, 0.21154403686523438, 0.21810662746429443, 0.20993143320083618, 0.21077226102352142, 0.20940664410591125, 0.21451835334300995, 0.21268095076084137, 0.2217359095811844, 0.20960035920143127, 0.20902034640312195, 0.20977987349033356, 0.21353298425674438, 0.2082127034664154, 0.2098505198955536, 0.20969180762767792, 0.20967836678028107, 0.2105908989906311, 0.21453924477100372, 0.20939138531684875, 0.2112634778022766, 0.2118561565876007, 0.2103770673274994, 0.2093403935432434, 0.20902982354164124, 0.21484701335430145, 0.20946954190731049, 0.20975282788276672, 0.20954358577728271, 0.20791196823120117, 0.20871196687221527, 0.20815299451351166]",12.0,"[33.0, 33.0, 33.0, 33.0, 33.0, 33.0, 33.0, 33.0, 33.0, 33.0, 33.0, 33.0, 33.0, 33.0, 33.0, 33.0, 33.0, 33.0, 33.0, 33.0, 33.0, 33.0, 33.0, 33.0, 33.0, 33.0, 33.0, 33.0, 33.0, 33.0, 33.0, 33.0, 33.0, 33.0, 33.0, 33.0, 33.0, 33.0, 33.0, 33.0, 33.0, 33.0, 33.0, 33.0, 33.0, 33.0, 33.0, 33.0, 33.0, 33.0, 33.0, 33.0, 33.0, 33.0, 33.0, 33.0, 33.0, 33.0, 33.0, 33.0, 32.0, 30.0, 29.0, 28.0, 25.0, 23.0, 23.0, 22.0, 21.0, 21.0, 20.0, 19.0, 19.0, 19.0, 19.0, 19.0, 19.0, 19.0, 19.0, 19.0, 19.0, 18.0, 18.0, 18.0, 17.0, 17.0, 17.0, 17.0, 17.0, 17.0, 17.0, 17.0, 17.0, 17.0, 17.0, 17.0, 17.0, 17.0, 17.0, 17.0, 17.0, 17.0, 17.0, 17.0, 17.0, 17.0, 17.0, 17.0, 17.0, 17.0, 17.0, 17.0, 17.0, 17.0, 17.0, 17.0, 17.0, 17.0, 17.0, 17.0, 17.0, 17.0, 17.0, 17.0, 17.0, 17.0, 17.0, 17.0, 17.0, 17.0, 17.0, 17.0, 17.0, 17.0, 17.0, 17.0, 17.0, 17.0, 17.0, 17.0, 17.0, 17.0, 17.0, 17.0, 17.0, 17.0, 17.0, 17.0, 17.0, 17.0, 17.0, 17.0, 17.0, 16.0, 16.0, 16.0, 15.0, 15.0, 15.0, 15.0, 15.0, 15.0, 14.0, 14.0, 14.0, 14.0, 14.0, 14.0, 14.0, 14.0, 14.0, 14.0, 14.0, 14.0, 14.0, 14.0, 14.0, 14.0, 14.0, 14.0, 14.0, 14.0, 14.0, 14.0, 14.0, 14.0, 14.0, 14.0, 14.0, 14.0, 14.0, 13.0, 13.0, 13.0, 13.0, 13.0, 13.0, 13.0, 13.0, 13.0, 13.0, 13.0, 13.0, 13.0, 13.0, 13.0, 13.0, 13.0, 13.0, 13.0, 13.0, 13.0, 13.0, 13.0, 13.0, 13.0, 13.0, 13.0, 13.0, 13.0, 13.0, 13.0, 13.0, 13.0, 13.0, 13.0, 13.0, 13.0, 13.0, 13.0, 13.0, 13.0, 13.0, 13.0, 13.0, 13.0, 13.0, 13.0, 13.0, 13.0, 13.0, 13.0, 13.0, 13.0, 13.0, 13.0, 13.0, 13.0, 13.0, 13.0, 13.0, 13.0, 13.0, 13.0, 13.0, 12.0, 12.0, 12.0, 12.0, 12.0, 12.0, 12.0, 12.0, 12.0, 12.0, 12.0, 12.0, 12.0, 12.0, 12.0, 12.0, 12.0, 12.0, 12.0, 12.0, 12.0, 12.0, 12.0, 12.0, 12.0, 12.0, 12.0, 12.0, 12.0, 12.0, 12.0, 12.0, 12.0, 12.0, 12.0, 12.0, 12.0, 12.0, 12.0, 12.0, 12.0, 12.0, 12.0, 12.0, 12.0, 12.0, 12.0, 12.0, 12.0, 12.0, 12.0, 12.0, 12.0, 12.0, 12.0, 12.0, 12.0, 12.0, 12.0, 12.0, 12.0, 12.0, 12.0, 12.0, 12.0, 12.0, 12.0, 12.0, 12.0, 12.0, 12.0, 12.0, 12.0, 12.0, 12.0, 12.0, 12.0, 12.0, 12.0, 12.0, 12.0, 12.0, 12.0, 12.0, 12.0, 12.0, 12.0, 12.0, 12.0, 12.0, 12.0, 12.0, 12.0, 12.0, 12.0, 12.0, 12.0, 12.0, 12.0, 12.0, 12.0, 12.0, 12.0, 12.0, 12.0, 12.0, 12.0, 12.0, 12.0, 12.0, 12.0, 12.0, 12.0, 12.0, 12.0]",COMPLETE
