,number,value,datetime_start,datetime_complete,duration,params_batch_size_scaler,params_constant_learning_rate,params_depth,params_epochs,params_kernel_l2,params_num_trees,params_temperature,user_attrs_accuracy_test,user_attrs_accuracy_valid,user_attrs_approximate_feature_sparsity,user_attrs_approximate_feature_sparsity_history,user_attrs_approximate_weight_sparsity,user_attrs_approximate_weight_sparsity_history,user_attrs_auc_test,user_attrs_auc_valid,user_attrs_feature_sparsity,user_attrs_feature_sparsity_history,user_attrs_num_epochs,user_attrs_val_loss_history,user_attrs_weight_sparsity,user_attrs_weight_sparsity_history,state
122,122,0.9291777769190143,2024-08-31 05:40:25.088452,2024-08-31 05:41:04.887021,0 days 00:00:39.798569,64,6.904401208906105,5,160,0.018891549600611537,27,0.0001003037131896963,0.919,0.91,31,"[33, 33, 33, 33, 33, 33, 33, 33, 33, 33, 33, 33, 33, 33, 33, 33, 33, 33, 33, 33, 33, 33, 33, 33, 33, 33, 33, 33, 33, 33, 33, 33, 33, 33, 33, 33, 33, 33, 33, 33, 33, 33, 33, 33, 33, 33, 33, 33, 33, 33, 33, 33, 33, 33, 33, 33, 33, 33, 33, 33, 33, 33, 33, 33, 33, 33, 33, 33, 33, 33, 33, 33, 33, 33, 33, 33, 33, 33, 33, 33, 33, 33, 33, 33, 33, 33, 33, 33, 33, 33, 33, 32, 32, 32, 32, 32, 32, 32, 32, 32, 32, 32, 32, 32, 32, 32, 32, 32, 32, 32, 32, 32, 32, 32, 32, 32, 32, 32, 32, 32, 32, 32, 32, 32, 32, 32, 32, 32, 32, 32, 32, 32, 32, 32, 32, 32, 32, 32, 32, 32, 32, 32, 32, 32, 32, 32, 32, 32, 32, 32, 32, 32, 32, 32, 32, 32, 32, 32, 32, 31]",30.956989247311824,"[32.956989247311824, 32.96535244922342, 32.9689366786141, 32.96057347670251, 32.96296296296296, 32.96296296296296, 32.94862604540024, 32.966547192353644, 32.95221027479092, 32.961768219832734, 32.96296296296296, 32.94384707287933, 32.96057347670251, 32.95459976105137, 32.9557945041816, 32.96535244922342, 32.96296296296296, 32.97849462365591, 32.952210274790914, 32.95818399044205, 32.95937873357228, 32.96296296296296, 32.96057347670251, 32.966547192353644, 32.973715651135, 32.96774193548387, 32.96415770609319, 32.95459976105137, 32.97252090800478, 32.96296296296296, 32.95937873357228, 32.9689366786141, 32.961768219832734, 32.966547192353644, 32.96535244922342, 32.96415770609319, 32.97013142174433, 32.96296296296296, 32.98327359617682, 32.96057347670251, 32.97252090800478, 32.96535244922342, 32.96057347670251, 32.97252090800478, 32.96057347670251, 32.95340501792114, 32.95818399044205, 32.96296296296296, 32.9557945041816, 32.966547192353644, 32.94862604540024, 32.961768219832734, 32.96296296296296, 32.95818399044205, 32.96774193548387, 32.97013142174433, 32.9689366786141, 32.96774193548387, 32.95818399044205, 32.95818399044205, 32.96535244922342, 32.951015531660694, 32.966547192353644, 32.96774193548387, 32.966547192353644, 32.966547192353644, 32.95818399044205, 32.96296296296296, 32.952210274790914, 32.96415770609319, 32.951015531660694, 32.96296296296296, 32.97013142174433, 32.956989247311824, 32.95340501792115, 32.96415770609319, 32.961768219832734, 32.961768219832734, 32.97610513739546, 32.97371565113501, 32.966547192353644, 32.96296296296296, 32.95459976105137, 32.9689366786141, 32.95818399044205, 32.9557945041816, 32.94862604540024, 32.961768219832734, 32.966547192353644, 32.97013142174433, 32.956989247311824, 31.9689366786141, 31.956989247311824, 31.966547192353644, 31.962962962962962, 31.961768219832734, 31.956989247311824, 31.956989247311824, 31.948626045400236, 31.966547192353644, 31.971326164874547, 31.960573476702507, 31.961768219832734, 31.9689366786141, 31.958183990442055, 31.97132616487455, 31.96415770609319, 31.968936678614092, 31.973715651135002, 31.966547192353644, 31.955794504181597, 31.962962962962962, 31.960573476702507, 31.965352449223417, 31.97132616487455, 31.96415770609319, 31.961768219832734, 31.97252090800478, 31.966547192353644, 31.967741935483865, 31.968936678614096, 31.9689366786141, 31.966547192353644, 31.965352449223413, 31.968936678614092, 31.96415770609319, 31.962962962962962, 31.961768219832734, 31.951015531660694, 31.9689366786141, 31.96415770609319, 31.96415770609319, 31.973715651135002, 31.954599761051373, 31.954599761051373, 31.956989247311824, 31.960573476702507, 31.952210274790918, 31.972520908004775, 31.948626045400236, 31.960573476702507, 31.954599761051377, 31.96415770609319, 31.949820788530467, 31.97013142174432, 31.967741935483872, 31.971326164874547, 31.95937873357228, 31.970131421744327, 31.962962962962962, 31.9689366786141, 31.966547192353644, 31.962962962962962, 31.970131421744323, 31.96415770609319, 31.959378733572283, 31.965352449223417, 31.96654719235364, 31.96774193548387, 30.956989247311824]",0.9061996879102369,0.9291777769190143,31,"[33, 33, 33, 33, 33, 33, 33, 33, 33, 33, 33, 33, 33, 33, 33, 33, 33, 33, 33, 33, 33, 33, 33, 33, 33, 33, 33, 33, 33, 33, 33, 33, 33, 33, 33, 33, 33, 33, 33, 33, 33, 33, 33, 33, 33, 33, 33, 33, 33, 33, 33, 33, 33, 33, 33, 33, 33, 33, 33, 33, 33, 33, 33, 33, 33, 33, 33, 33, 33, 33, 33, 33, 33, 33, 33, 33, 33, 33, 33, 33, 33, 33, 33, 33, 33, 33, 33, 33, 33, 33, 33, 32, 32, 32, 32, 32, 32, 32, 32, 32, 32, 32, 32, 32, 32, 32, 32, 32, 32, 32, 32, 32, 32, 32, 32, 32, 32, 32, 32, 32, 32, 32, 32, 32, 32, 32, 32, 32, 32, 32, 32, 32, 32, 32, 32, 32, 32, 32, 32, 32, 32, 32, 32, 32, 32, 32, 32, 32, 32, 32, 32, 32, 32, 32, 32, 32, 32, 32, 32, 31]",160,"[0.37526780366897583, 0.3812185525894165, 0.36018043756484985, 0.36284297704696655, 0.3896079957485199, 0.34339234232902527, 0.335633784532547, 0.3260785639286041, 0.32170331478118896, 0.305661678314209, 0.29834023118019104, 0.29168084263801575, 0.3044012486934662, 0.2729644179344177, 0.2877914011478424, 0.25996777415275574, 0.25901922583580017, 0.25482478737831116, 0.23968248069286346, 0.24322795867919922, 0.23824331164360046, 0.27633485198020935, 0.23661628365516663, 0.222076416015625, 0.21774306893348694, 0.22001810371875763, 0.21522404253482819, 0.21522854268550873, 0.2501060962677002, 0.21537737548351288, 0.2201675921678543, 0.2016163319349289, 0.20681796967983246, 0.21162505447864532, 0.2071843147277832, 0.23031896352767944, 0.2912003993988037, 0.2116367369890213, 0.2579454481601715, 0.20629720389842987, 0.2027086317539215, 0.19566629827022552, 0.19964981079101562, 0.19986461102962494, 0.2006872296333313, 0.20304381847381592, 0.21060754358768463, 0.1906621903181076, 0.19124659895896912, 0.275196373462677, 0.19473478198051453, 0.20948751270771027, 0.19343416392803192, 0.2086087465286255, 0.19584542512893677, 0.19505423307418823, 0.2138635218143463, 0.191127210855484, 0.19406931102275848, 0.20270057022571564, 0.1923583596944809, 0.1900518387556076, 0.23023231327533722, 0.18658101558685303, 0.18711641430854797, 0.19264501333236694, 0.18694542348384857, 0.1965673565864563, 0.18919342756271362, 0.20116426050662994, 0.21709246933460236, 0.21328002214431763, 0.21230420470237732, 0.1980159431695938, 0.21319183707237244, 0.18933989107608795, 0.18540067970752716, 0.2002144306898117, 0.19059598445892334, 0.19772443175315857, 0.1878216564655304, 0.18845397233963013, 0.19455882906913757, 0.1846117526292801, 0.19935469329357147, 0.1944456845521927, 0.2120891809463501, 0.18810172379016876, 0.19484002888202667, 0.18578381836414337, 0.19429752230644226, 0.1952911913394928, 0.19866934418678284, 0.19648002088069916, 0.23293769359588623, 0.17921391129493713, 0.18149034678936005, 0.1854667216539383, 0.17378395795822144, 0.2044679969549179, 0.18683691322803497, 0.1836242526769638, 0.2590254545211792, 0.18118959665298462, 0.18639525771141052, 0.18212656676769257, 0.1776023805141449, 0.1862228512763977, 0.19867856800556183, 0.18650121986865997, 0.1883116513490677, 0.1786918044090271, 0.18160930275917053, 0.2108721286058426, 0.18936121463775635, 0.28580403327941895, 0.19593802094459534, 0.17551027238368988, 0.18028928339481354, 0.18389981985092163, 0.18159347772598267, 0.22690196335315704, 0.18533892929553986, 0.19213958084583282, 0.2032482922077179, 0.2041701376438141, 0.1828165054321289, 0.16995614767074585, 0.1772652566432953, 0.19536180794239044, 0.1943022757768631, 0.2011995166540146, 0.17869406938552856, 0.2264575958251953, 0.1863878220319748, 0.2069898098707199, 0.18007460236549377, 0.2027275264263153, 0.23520365357398987, 0.1984218955039978, 0.19252023100852966, 0.19078783690929413, 0.21097269654273987, 0.197214275598526, 0.18744169175624847, 0.18325921893119812, 0.198388010263443, 0.1933227777481079, 0.18053708970546722, 0.20005516707897186, 0.25198888778686523, 0.230509415268898, 0.18137602508068085, 0.19135667383670807, 0.17918431758880615, 0.1953623741865158, 0.2063502073287964, 0.20102596282958984, 0.19407996535301208, 0.25962504744529724]",31.0,"[33.0, 33.0, 33.0, 33.0, 33.0, 33.0, 33.0, 33.0, 33.0, 33.0, 33.0, 33.0, 33.0, 33.0, 33.0, 33.0, 33.0, 33.0, 33.0, 33.0, 33.0, 33.0, 33.0, 33.0, 33.0, 33.0, 33.0, 33.0, 33.0, 33.0, 33.0, 33.0, 33.0, 33.0, 33.0, 33.0, 33.0, 33.0, 33.0, 33.0, 33.0, 33.0, 33.0, 33.0, 33.0, 33.0, 33.0, 33.0, 33.0, 33.0, 33.0, 33.0, 33.0, 33.0, 33.0, 33.0, 33.0, 33.0, 33.0, 33.0, 33.0, 33.0, 33.0, 33.0, 33.0, 33.0, 33.0, 33.0, 33.0, 33.0, 33.0, 33.0, 33.0, 33.0, 33.0, 33.0, 33.0, 33.0, 33.0, 33.0, 33.0, 33.0, 33.0, 33.0, 33.0, 33.0, 33.0, 33.0, 33.0, 33.0, 33.0, 32.0, 32.0, 32.0, 32.0, 32.0, 32.0, 32.0, 32.0, 32.0, 32.0, 32.0, 32.0, 32.0, 32.0, 32.0, 32.0, 32.0, 32.0, 32.0, 32.0, 32.0, 32.0, 32.0, 32.0, 32.0, 32.0, 32.0, 32.0, 32.0, 32.0, 32.0, 32.0, 32.0, 32.0, 32.0, 32.0, 32.0, 32.0, 32.0, 32.0, 32.0, 32.0, 32.0, 32.0, 32.0, 32.0, 32.0, 32.0, 32.0, 32.0, 32.0, 32.0, 32.0, 32.0, 32.0, 32.0, 32.0, 32.0, 32.0, 32.0, 32.0, 32.0, 32.0, 32.0, 32.0, 32.0, 32.0, 32.0, 31.0]",COMPLETE
