,number,value,datetime_start,datetime_complete,duration,params_batch_size_scaler,params_constant_learning_rate,params_depth,params_epochs,params_kernel_l2,params_num_trees,params_temperature,user_attrs_accuracy_test,user_attrs_accuracy_valid,user_attrs_approximate_feature_sparsity,user_attrs_approximate_feature_sparsity_history,user_attrs_approximate_weight_sparsity,user_attrs_approximate_weight_sparsity_history,user_attrs_auc_test,user_attrs_auc_valid,user_attrs_feature_sparsity,user_attrs_feature_sparsity_history,user_attrs_num_epochs,user_attrs_val_loss_history,user_attrs_weight_sparsity,user_attrs_weight_sparsity_history,state
73,73,0.8850072780203785,2024-08-31 03:27:55.013286,2024-08-31 03:28:13.220501,0 days 00:00:18.207215,64,0.3018732809896277,3,180,0.11349337529121573,67,0.0008557493587190905,0.888,0.885,33,"[33, 33, 33, 33, 33, 33, 33, 33, 33, 33, 33, 33, 33, 33, 33, 33, 33, 33, 33, 33, 33, 33, 33, 33, 33, 33, 33, 33, 33, 33, 33, 33, 33, 33, 33, 33, 33, 33, 33, 33, 33, 33, 33, 33, 33, 33, 33, 33, 33, 33, 33, 33, 33, 33, 33, 33, 33, 33, 33, 33, 33, 33, 33, 33, 33, 33, 33, 33, 33, 33, 33, 33, 33, 33, 33, 33, 33, 33, 33, 33, 33, 33, 33, 33, 33, 33, 33, 33, 33, 33, 33, 33, 33, 33, 33, 33, 33, 33, 33, 33, 33, 33, 33, 33, 33, 33, 33, 33, 33, 33, 33, 33, 33, 33, 33, 33, 33, 33, 33, 33, 33, 33, 33, 33, 33, 33, 33, 33, 33, 33, 33, 33, 33, 33, 33, 33, 33, 33, 33, 33, 33, 33, 33, 33, 33, 33, 33, 33, 33, 33, 33, 33, 33, 33, 33, 33, 33, 33, 33, 33, 33, 33, 33, 33, 33, 33, 33, 33, 33, 33, 33, 33, 33, 33, 33, 33, 33, 33, 33, 33]",32.97441364605544,"[32.9637526652452, 32.97014925373134, 32.97441364605544, 32.97014925373134, 32.96588486140725, 32.97441364605544, 32.97228144989339, 32.97228144989339, 32.95735607675906, 32.97654584221748, 32.96588486140725, 32.9637526652452, 32.97441364605544, 32.96588486140725, 32.97441364605544, 32.9680170575693, 32.96801705756929, 32.97228144989339, 32.9637526652452, 32.97228144989339, 32.9637526652452, 32.9637526652452, 32.9637526652452, 32.96588486140725, 32.9680170575693, 32.96588486140725, 32.96162046908316, 32.9680170575693, 32.97441364605544, 32.97441364605544, 32.97441364605544, 32.98294243070362, 32.97654584221748, 32.97441364605544, 32.97654584221748, 32.98294243070362, 32.97014925373134, 32.97014925373134, 32.97228144989339, 32.96588486140725, 32.96588486140725, 32.96588486140725, 32.96588486140725, 32.97014925373134, 32.97441364605544, 32.97654584221748, 32.97441364605544, 32.95735607675906, 32.9680170575693, 32.96162046908316, 32.95522388059702, 32.95522388059701, 32.96162046908316, 32.94243070362474, 32.970149253731336, 32.95948827292111, 32.957356076759055, 32.95309168443497, 32.95095948827292, 32.944562899786774, 32.946695095948826, 32.95522388059702, 32.95948827292111, 32.9637526652452, 32.95948827292111, 32.95522388059702, 32.953091684434966, 32.95095948827292, 32.95522388059702, 32.97014925373134, 32.96162046908315, 32.95522388059702, 32.95948827292111, 32.97228144989339, 32.96588486140725, 32.97014925373134, 32.97654584221748, 32.95735607675906, 32.96162046908316, 32.965884861407254, 32.965884861407254, 32.96162046908316, 32.95948827292111, 32.9680170575693, 32.9680170575693, 32.97014925373134, 32.96588486140725, 32.9637526652452, 32.9680170575693, 32.96588486140725, 32.96588486140725, 32.95948827292111, 32.97014925373134, 32.97441364605544, 32.9680170575693, 32.95948827292111, 32.9680170575693, 32.95948827292111, 32.96588486140725, 32.97014925373134, 32.97441364605544, 32.96162046908316, 32.963752665245195, 32.95948827292111, 32.95948827292111, 32.95948827292111, 32.96162046908316, 32.95948827292111, 32.95948827292111, 32.95095948827292, 32.96162046908316, 32.96162046908316, 32.96588486140725, 32.95735607675906, 32.95522388059702, 32.95948827292111, 32.9680170575693, 32.97228144989339, 32.96588486140725, 32.95522388059702, 32.97228144989339, 32.9637526652452, 32.96588486140725, 32.96588486140725, 32.97867803837953, 32.97867803837953, 32.96162046908316, 32.95522388059702, 32.9637526652452, 32.97014925373134, 32.97441364605544, 32.97228144989339, 32.97014925373134, 32.9680170575693, 32.96588486140725, 32.96588486140725, 32.95948827292111, 32.97228144989339, 32.97654584221748, 32.97228144989339, 32.9680170575693, 32.97014925373134, 32.97441364605544, 32.97228144989339, 32.94882729211088, 32.95735607675906, 32.9637526652452, 32.97014925373134, 32.9680170575693, 32.957356076759055, 32.96588486140725, 32.97228144989339, 32.953091684434966, 32.95095948827292, 32.953091684434966, 32.96588486140725, 32.95948827292111, 32.9637526652452, 32.9637526652452, 32.95095948827292, 32.94882729211087, 32.96162046908316, 32.95948827292111, 32.9680170575693, 32.9680170575693, 32.95522388059702, 32.95522388059702, 32.96588486140725, 32.96588486140725, 32.96162046908316, 32.97441364605544, 32.96588486140725, 32.95095948827292, 32.94882729211087, 32.95522388059702, 32.953091684434966, 32.95735607675906, 32.96162046908316, 32.96162046908316, 32.97441364605544]",0.8743219478364253,0.8850072780203785,33,"[33, 33, 33, 33, 33, 33, 33, 33, 33, 33, 33, 33, 33, 33, 33, 33, 33, 33, 33, 33, 33, 33, 33, 33, 33, 33, 33, 33, 33, 33, 33, 33, 33, 33, 33, 33, 33, 33, 33, 33, 33, 33, 33, 33, 33, 33, 33, 33, 33, 33, 33, 33, 33, 33, 33, 33, 33, 33, 33, 33, 33, 33, 33, 33, 33, 33, 33, 33, 33, 33, 33, 33, 33, 33, 33, 33, 33, 33, 33, 33, 33, 33, 33, 33, 33, 33, 33, 33, 33, 33, 33, 33, 33, 33, 33, 33, 33, 33, 33, 33, 33, 33, 33, 33, 33, 33, 33, 33, 33, 33, 33, 33, 33, 33, 33, 33, 33, 33, 33, 33, 33, 33, 33, 33, 33, 33, 33, 33, 33, 33, 33, 33, 33, 33, 33, 33, 33, 33, 33, 33, 33, 33, 33, 33, 33, 33, 33, 33, 33, 33, 33, 33, 33, 33, 33, 33, 33, 33, 33, 33, 33, 33, 33, 33, 33, 33, 33, 33, 33, 33, 33, 33, 33, 33, 33, 33, 33, 33, 33, 33]",180,"[0.42046672105789185, 0.4120452404022217, 0.4067317545413971, 0.40333691239356995, 0.39942657947540283, 0.3967946171760559, 0.3946918845176697, 0.39685457944869995, 0.38989171385765076, 0.4069831073284149, 0.38733670115470886, 0.3863629400730133, 0.38750216364860535, 0.38749009370803833, 0.3824559152126312, 0.3816148638725281, 0.3811376988887787, 0.379980206489563, 0.37993916869163513, 0.37878525257110596, 0.37779346108436584, 0.38202953338623047, 0.3759113550186157, 0.3743304908275604, 0.3739798367023468, 0.37502291798591614, 0.37777426838874817, 0.3780934512615204, 0.3770512640476227, 0.3713746964931488, 0.37190964818000793, 0.3705804944038391, 0.3691500127315521, 0.3695273995399475, 0.3681676387786865, 0.36801213026046753, 0.36742913722991943, 0.36948561668395996, 0.3668566942214966, 0.3657452464103699, 0.36815565824508667, 0.3675260841846466, 0.3653225600719452, 0.3630744218826294, 0.36251023411750793, 0.3627066910266876, 0.36338216066360474, 0.36229756474494934, 0.36140960454940796, 0.36215564608573914, 0.3624271750450134, 0.36079347133636475, 0.3588659167289734, 0.35960620641708374, 0.3573172092437744, 0.3569674789905548, 0.35626259446144104, 0.35548001527786255, 0.3558293282985687, 0.35426199436187744, 0.3529911935329437, 0.35225164890289307, 0.35149306058883667, 0.35269755125045776, 0.3507469594478607, 0.3502348065376282, 0.34950894117355347, 0.34974879026412964, 0.34840306639671326, 0.34721505641937256, 0.35377657413482666, 0.3477122485637665, 0.34886425733566284, 0.3465041220188141, 0.3486577272415161, 0.34527379274368286, 0.3448125422000885, 0.3440435528755188, 0.34510526061058044, 0.3429025709629059, 0.34524983167648315, 0.34154951572418213, 0.3423267602920532, 0.34026774764060974, 0.3399185538291931, 0.33955276012420654, 0.33887314796447754, 0.3379700183868408, 0.33824074268341064, 0.3372535705566406, 0.340239018201828, 0.33865052461624146, 0.33626869320869446, 0.3362008035182953, 0.3374578356742859, 0.3346180021762848, 0.3337828516960144, 0.3341135084629059, 0.3343372642993927, 0.3323972225189209, 0.33148497343063354, 0.33461397886276245, 0.3310142755508423, 0.33121681213378906, 0.3280174136161804, 0.32739049196243286, 0.32736241817474365, 0.3265262246131897, 0.3263241648674011, 0.3260231912136078, 0.3248825967311859, 0.3241965174674988, 0.32398390769958496, 0.32349109649658203, 0.3239975869655609, 0.328323632478714, 0.32355231046676636, 0.3207777440547943, 0.32031750679016113, 0.31933075189590454, 0.3188340365886688, 0.31796643137931824, 0.31911787390708923, 0.31773197650909424, 0.3187863528728485, 0.3158688545227051, 0.31979596614837646, 0.31416869163513184, 0.3145407736301422, 0.31337034702301025, 0.3132398724555969, 0.3127266764640808, 0.3116912841796875, 0.31188490986824036, 0.31037387251853943, 0.3159337639808655, 0.3084045350551605, 0.3078829348087311, 0.30678680539131165, 0.30541425943374634, 0.3076273798942566, 0.30535566806793213, 0.30536332726478577, 0.30487918853759766, 0.3039414882659912, 0.3039562702178955, 0.30457648634910583, 0.30742785334587097, 0.3010035753250122, 0.2999255657196045, 0.3008163273334503, 0.30022287368774414, 0.3011457026004791, 0.2967176139354706, 0.29485154151916504, 0.29435545206069946, 0.2942045331001282, 0.29984939098358154, 0.2956520915031433, 0.2931370437145233, 0.2919556200504303, 0.2933230996131897, 0.2968842387199402, 0.2909518778324127, 0.29125484824180603, 0.291177362203598, 0.29054445028305054, 0.28941673040390015, 0.288672536611557, 0.29130688309669495, 0.2870855927467346, 0.2862989902496338, 0.28616100549697876, 0.28594690561294556, 0.2865722179412842, 0.2856440246105194, 0.2835470139980316, 0.2836866080760956, 0.2847697138786316, 0.2831600308418274]",33.0,"[33.0, 33.0, 33.0, 33.0, 33.0, 33.0, 33.0, 33.0, 33.0, 33.0, 33.0, 33.0, 33.0, 33.0, 33.0, 33.0, 33.0, 33.0, 33.0, 33.0, 33.0, 33.0, 33.0, 33.0, 33.0, 33.0, 33.0, 33.0, 33.0, 33.0, 33.0, 33.0, 33.0, 33.0, 33.0, 33.0, 33.0, 33.0, 33.0, 33.0, 33.0, 33.0, 33.0, 33.0, 33.0, 33.0, 33.0, 33.0, 33.0, 33.0, 33.0, 33.0, 33.0, 33.0, 33.0, 33.0, 33.0, 33.0, 33.0, 33.0, 33.0, 33.0, 33.0, 33.0, 33.0, 33.0, 33.0, 33.0, 33.0, 33.0, 33.0, 33.0, 33.0, 33.0, 33.0, 33.0, 33.0, 33.0, 33.0, 33.0, 33.0, 33.0, 33.0, 33.0, 33.0, 33.0, 33.0, 33.0, 33.0, 33.0, 33.0, 33.0, 33.0, 33.0, 33.0, 33.0, 33.0, 33.0, 33.0, 33.0, 33.0, 33.0, 33.0, 33.0, 33.0, 33.0, 33.0, 33.0, 33.0, 33.0, 33.0, 33.0, 33.0, 33.0, 33.0, 33.0, 33.0, 33.0, 33.0, 33.0, 33.0, 33.0, 33.0, 33.0, 33.0, 33.0, 33.0, 33.0, 33.0, 33.0, 33.0, 33.0, 33.0, 33.0, 33.0, 33.0, 33.0, 33.0, 33.0, 33.0, 33.0, 33.0, 33.0, 33.0, 33.0, 33.0, 33.0, 33.0, 33.0, 33.0, 33.0, 33.0, 33.0, 33.0, 33.0, 33.0, 33.0, 33.0, 33.0, 33.0, 33.0, 33.0, 33.0, 33.0, 33.0, 33.0, 33.0, 33.0, 33.0, 33.0, 33.0, 33.0, 33.0, 33.0, 33.0, 33.0, 33.0, 33.0, 33.0, 33.0]",COMPLETE
74,74,0.5,2024-08-31 03:28:14.591716,2024-08-31 03:28:27.194705,0 days 00:00:12.602989,64,3.5266853266499485,1,220,0.48180660458249436,64,0.007043154487347578,0.859,0.85875,1,"[33, 5, 11, 1, 1, 8, 3, 3, 3, 3, 3, 3, 2, 3, 3, 2, 1, 1, 3, 3, 1, 2, 2, 2, 2, 2, 2, 2, 3, 3, 0, 3, 3, 2, 0, 0, 3, 2, 0, 0, 0, 3, 0, 0, 2, 0, 0, 4, 3, 0, 0, 3, 3, 2, 0, 0, 3, 1, 1, 1, 1, 1, 1, 1, 1, 1, 1, 2, 0, 0, 2, 2, 0, 0, 2, 0, 0, 3, 1, 0, 0, 2, 0, 0, 3, 2, 2, 0, 0, 3, 2, 0, 0, 3, 2, 0, 2, 2, 0, 2, 2, 0, 2, 2, 0, 0, 3, 0, 0, 1, 0, 1, 1, 1, 2, 0, 0, 3, 3, 0, 0, 3, 0, 0, 3, 3, 2, 0, 0, 2, 2, 0, 0, 3, 2, 0, 0, 2, 0, 0, 3, 1, 0, 2, 2, 0, 0, 3, 0, 0, 2, 0, 0, 1, 1, 0, 3, 2, 2, 0, 0, 1, 1, 1, 1, 1, 0, 3, 2, 1, 1, 1, 2, 0, 0, 0, 3, 1, 1, 1, 0, 0, 0, 0, 0, 1, 1, 0, 0, 2, 2, 0, 0, 3, 2, 0, 0, 3, 3, 0, 0, 2, 0, 0, 3, 2, 0, 0, 0, 0, 0, 0, 0, 0, 0, 0, 0, 1, 1, 1]",1.0,"[32.984375, 5.0, 11.0, 1.0, 1.0, 8.0, 3.0, 3.0, 3.0, 3.0, 3.0, 3.0, 2.0, 3.0, 3.0, 2.0, 1.0, 1.0, 2.984375, 3.0, 1.0, 2.0, 2.0, 2.0, 2.0, 2.0, 2.0, 2.0, 3.0, 3.0, 0.0, 3.0, 3.0, 2.0, 0.0, 0.0, 3.0, 2.0, 0.0, 0.0, 0.0, 3.0, 0.0, 0.0, 2.0, 0.0, 0.0, 4.0, 3.0, 0.0, 0.0, 3.0, 3.0, 2.0, 0.0, 0.0, 3.0, 1.0, 1.0, 1.0, 1.0, 1.0, 1.0, 1.0, 1.0, 1.0, 1.0, 2.0, 0.0, 0.0, 2.0, 2.0, 0.0, 0.0, 2.0, 0.0, 0.0, 3.0, 1.0, 0.0, 0.0, 2.0, 0.0, 0.0, 3.0, 2.0, 2.0, 0.0, 0.0, 3.0, 2.0, 0.0, 0.0, 3.0, 2.0, 0.0, 2.0, 2.0, 0.0, 2.0, 2.0, 0.0, 2.0, 2.0, 0.0, 0.0, 3.0, 0.0, 0.0, 1.0, 0.0, 1.0, 1.0, 1.0, 2.0, 0.0, 0.0, 3.0, 3.0, 0.0, 0.0, 3.0, 0.0, 0.0, 3.0, 3.0, 2.0, 0.0, 0.0, 2.0, 2.0, 0.0, 0.0, 3.0, 2.0, 0.0, 0.0, 2.0, 0.0, 0.0, 3.0, 1.0, 0.0, 2.0, 2.0, 0.0, 0.0, 3.0, 0.0, 0.0, 2.0, 0.0, 0.0, 1.0, 1.0, 0.0, 3.0, 2.0, 2.0, 0.0, 0.0, 1.0, 1.0, 1.0, 1.0, 1.0, 0.0, 3.0, 2.0, 1.0, 1.0, 1.0, 2.0, 0.0, 0.0, 0.0, 3.0, 1.0, 1.0, 1.0, 0.0, 0.0, 0.0, 0.0, 0.0, 1.0, 1.0, 0.0, 0.0, 2.0, 2.0, 0.0, 0.0, 3.0, 2.0, 0.0, 0.0, 3.0, 3.0, 0.0, 0.0, 2.0, 0.0, 0.0, 3.0, 2.0, 0.0, 0.0, 0.0, 0.0, 0.0, 0.0, 0.0, 0.0, 0.0, 0.0, 0.0, 1.0, 1.0, 1.0]",0.5,0.5,1,"[33, 5, 11, 1, 1, 8, 3, 3, 3, 3, 3, 3, 2, 3, 3, 2, 1, 1, 3, 3, 1, 2, 2, 2, 2, 2, 2, 2, 3, 3, 0, 3, 3, 2, 0, 0, 3, 2, 0, 0, 0, 3, 0, 0, 2, 0, 0, 4, 3, 0, 0, 3, 3, 2, 0, 0, 3, 1, 1, 1, 1, 1, 1, 1, 1, 1, 1, 2, 0, 0, 2, 2, 0, 0, 2, 0, 0, 3, 1, 0, 0, 2, 0, 0, 3, 2, 2, 0, 0, 3, 2, 0, 0, 3, 2, 0, 2, 2, 0, 2, 2, 0, 2, 2, 0, 0, 3, 0, 0, 1, 0, 1, 1, 1, 2, 0, 0, 3, 3, 0, 0, 3, 0, 0, 3, 3, 2, 0, 0, 2, 2, 0, 0, 3, 2, 0, 0, 2, 0, 0, 3, 1, 0, 2, 2, 0, 0, 3, 0, 0, 2, 0, 0, 1, 1, 0, 3, 2, 2, 0, 0, 1, 1, 1, 1, 1, 0, 3, 2, 1, 1, 1, 2, 0, 0, 0, 3, 1, 1, 1, 0, 0, 0, 0, 0, 1, 1, 0, 0, 2, 2, 0, 0, 3, 2, 0, 0, 3, 3, 0, 0, 2, 0, 0, 3, 2, 0, 0, 0, 0, 0, 0, 0, 0, 0, 0, 0, 1, 1, 1]",220,"[20.16581153869629, 1.3986458778381348, 11.411219596862793, 27.871444702148438, 5.1551361083984375, 20.972972869873047, 36.127357482910156, 11.98767375946045, 31.300392150878906, 6.113966464996338, 20.966819763183594, 28.43395233154297, 8.515289306640625, 23.846115112304688, 15.1744384765625, 17.439189910888672, 30.624319076538086, 8.852984428405762, 23.040550231933594, 38.30601119995117, 16.986099243164062, 32.86640167236328, 11.692503929138184, 25.296781539916992, 1.9388153553009033, 22.31078338623047, 29.907470703125, 15.914668083190918, 34.041629791259766, 9.158920288085938, 15.31894302368164, 31.479957580566406, 7.974756240844727, 17.841562271118164, 30.25165557861328, 10.22462272644043, 22.949769973754883, 15.780527114868164, 32.471805572509766, 11.127166748046875, 30.397619247436523, 7.120364189147949, 21.781112670898438, 2.9834344387054443, 15.999442100524902, 30.62337875366211, 9.524503707885742, 25.579111099243164, 11.591442108154297, 30.980714797973633, 11.123493194580078, 24.368335723876953, 10.210476875305176, 30.826805114746094, 19.8231143951416, 6.69821834564209, 13.532022476196289, 25.111557006835938, 5.165152549743652, 13.466413497924805, 22.92705535888672, 1.1775435209274292, 14.496352195739746, 24.70508575439453, 7.230907440185547, 21.42841148376465, 29.460338592529297, 13.953638076782227, 29.525484085083008, 9.994704246520996, 24.51386070251465, 13.159873008728027, 17.965360641479492, 12.743967056274414, 9.671551704406738, 27.11908531188965, 5.977933406829834, 20.976119995117188, 36.91184616088867, 17.451854705810547, 21.714384078979492, 11.384652137756348, 27.436738967895508, 4.927067279815674, 22.587095260620117, 33.34598159790039, 9.245469093322754, 26.829063415527344, 5.4253058433532715, 17.090312957763672, 11.558917999267578, 29.794349670410156, 6.954916954040527, 22.055248260498047, 33.18003845214844, 12.840968132019043, 26.65353775024414, 8.000186920166016, 11.350981712341309, 25.44234848022461, 9.414624214172363, 14.036408424377441, 28.05664825439453, 3.4930508136749268, 21.859922409057617, 7.256925106048584, 11.708870887756348, 32.61518859863281, 11.184513092041016, 17.35112762451172, 7.278701305389404, 10.258044242858887, 23.979690551757812, 33.24881362915039, 20.25434684753418, 35.37138748168945, 14.162342071533203, 29.817136764526367, 22.77191162109375, 23.126195907592773, 1.6189007759094238, 17.33270263671875, 34.565975189208984, 13.900171279907227, 30.894628524780273, 9.1539306640625, 18.589500427246094, 27.424604415893555, 6.253705024719238, 23.362775802612305, 41.095909118652344, 19.473031997680664, 21.97955322265625, 9.074366569519043, 8.253890991210938, 17.808473587036133, 26.478784561157227, 6.348509311676025, 23.3732852935791, 22.118677139282227, 12.488759994506836, 32.41269302368164, 11.252117156982422, 25.54340171813965, 29.758207321166992, 20.308259963989258, 5.985764980316162, 8.529373168945312, 24.586570739746094, 5.92416524887085, 19.907310485839844, 30.3289737701416, 9.883325576782227, 15.866659164428711, 10.013533592224121, 11.929760932922363, 22.60405921936035, 33.051639556884766, 8.253721237182617, 24.1290225982666, 1.0547890663146973, 11.991402626037598, 25.985767364501953, 3.765472173690796, 17.029945373535156, 16.146053314208984, 15.113544464111328, 28.416086196899414, 4.453891754150391, 13.369839668273926, 27.09990882873535, 2.3162946701049805, 20.115306854248047, 37.40031051635742, 16.929197311401367, 26.312265396118164, 7.994950771331787, 20.542945861816406, 23.083396911621094, 6.894412040710449, 20.40822410583496, 1.0084800720214844, 5.201789379119873, 18.8939151763916, 5.578427314758301, 10.211485862731934, 20.09825325012207, 24.8997745513916, 6.706140518188477, 21.159645080566406, 3.015070915222168, 20.825956344604492, 26.007640838623047, 9.147375106811523, 17.88027572631836, 33.31511688232422, 11.622527122497559, 26.385770797729492, 39.56367874145508, 23.0429744720459, 0.9158028960227966, 17.05288314819336, 33.00749969482422, 10.452558517456055, 22.433813095092773, 39.23509979248047, 19.268047332763672, 4.4380669593811035, 14.958029747009277, 18.178247451782227, 0.5774564743041992, 25.775550842285156, 7.652945518493652, 20.023359298706055, 2.1026222705841064, 17.016399383544922, 22.935497283935547, 7.6346116065979, 19.655025482177734, 28.159048080444336]",1.0,"[33.0, 5.0, 11.0, 1.0, 1.0, 8.0, 3.0, 3.0, 3.0, 3.0, 3.0, 3.0, 2.0, 3.0, 3.0, 2.0, 1.0, 1.0, 3.0, 3.0, 1.0, 2.0, 2.0, 2.0, 2.0, 2.0, 2.0, 2.0, 3.0, 3.0, 0.0, 3.0, 3.0, 2.0, 0.0, 0.0, 3.0, 2.0, 0.0, 0.0, 0.0, 3.0, 0.0, 0.0, 2.0, 0.0, 0.0, 4.0, 3.0, 0.0, 0.0, 3.0, 3.0, 2.0, 0.0, 0.0, 3.0, 1.0, 1.0, 1.0, 1.0, 1.0, 1.0, 1.0, 1.0, 1.0, 1.0, 2.0, 0.0, 0.0, 2.0, 2.0, 0.0, 0.0, 2.0, 0.0, 0.0, 3.0, 1.0, 0.0, 0.0, 2.0, 0.0, 0.0, 3.0, 2.0, 2.0, 0.0, 0.0, 3.0, 2.0, 0.0, 0.0, 3.0, 2.0, 0.0, 2.0, 2.0, 0.0, 2.0, 2.0, 0.0, 2.0, 2.0, 0.0, 0.0, 3.0, 0.0, 0.0, 1.0, 0.0, 1.0, 1.0, 1.0, 2.0, 0.0, 0.0, 3.0, 3.0, 0.0, 0.0, 3.0, 0.0, 0.0, 3.0, 3.0, 2.0, 0.0, 0.0, 2.0, 2.0, 0.0, 0.0, 3.0, 2.0, 0.0, 0.0, 2.0, 0.0, 0.0, 3.0, 1.0, 0.0, 2.0, 2.0, 0.0, 0.0, 3.0, 0.0, 0.0, 2.0, 0.0, 0.0, 1.0, 1.0, 0.0, 3.0, 2.0, 2.0, 0.0, 0.0, 1.0, 1.0, 1.0, 1.0, 1.0, 0.0, 3.0, 2.0, 1.0, 1.0, 1.0, 2.0, 0.0, 0.0, 0.0, 3.0, 1.0, 1.0, 1.0, 0.0, 0.0, 0.0, 0.0, 0.0, 1.0, 1.0, 0.0, 0.0, 2.0, 2.0, 0.0, 0.0, 3.0, 2.0, 0.0, 0.0, 3.0, 3.0, 0.0, 0.0, 2.0, 0.0, 0.0, 3.0, 2.0, 0.0, 0.0, 0.0, 0.0, 0.0, 0.0, 0.0, 0.0, 0.0, 0.0, 0.0, 1.0, 1.0, 1.0]",COMPLETE
