,number,value,datetime_start,datetime_complete,duration,params_batch_size_scaler,params_constant_learning_rate,params_depth,params_epochs,params_kernel_l2,params_num_trees,params_temperature,user_attrs_accuracy_test,user_attrs_accuracy_valid,user_attrs_approximate_feature_sparsity,user_attrs_approximate_feature_sparsity_history,user_attrs_approximate_weight_sparsity,user_attrs_approximate_weight_sparsity_history,user_attrs_auc_test,user_attrs_auc_valid,user_attrs_feature_sparsity,user_attrs_feature_sparsity_history,user_attrs_num_epochs,user_attrs_val_loss_history,user_attrs_weight_sparsity,user_attrs_weight_sparsity_history,state
85,85,0.9301438858188095,2024-08-31 04:04:53.050966,2024-08-31 04:05:40.983445,0 days 00:00:47.932479,64,1.0070860509192168,3,480,0.003033152790562458,75,0.00089234480985648,0.951,0.9575,18,"[33, 33, 33, 33, 33, 33, 33, 33, 33, 33, 33, 33, 33, 33, 33, 33, 33, 33, 33, 33, 33, 33, 33, 33, 33, 33, 33, 33, 33, 33, 33, 33, 33, 33, 33, 33, 33, 33, 33, 33, 33, 33, 33, 33, 33, 33, 33, 33, 33, 33, 33, 33, 33, 33, 33, 33, 33, 33, 33, 33, 33, 33, 33, 33, 33, 33, 33, 33, 33, 33, 33, 33, 33, 33, 33, 33, 33, 33, 33, 33, 33, 33, 33, 33, 33, 33, 33, 33, 33, 33, 33, 33, 33, 33, 33, 33, 33, 32, 32, 31, 31, 31, 30, 30, 27, 27, 25, 25, 25, 25, 24, 24, 23, 23, 23, 22, 22, 22, 22, 22, 22, 22, 21, 21, 21, 21, 21, 21, 21, 21, 21, 21, 21, 21, 20, 20, 20, 20, 20, 20, 20, 20, 20, 20, 20, 20, 20, 20, 20, 20, 20, 20, 20, 20, 20, 20, 20, 20, 20, 20, 20, 19, 19, 19, 19, 19, 19, 19, 19, 19, 19, 19, 19, 19, 19, 19, 19, 19, 19, 19, 19, 19, 19, 19, 19, 19, 19, 19, 19, 19, 19, 19, 19, 19, 19, 19, 19, 19, 19, 19, 19, 19, 19, 19, 19, 19, 19, 19, 19, 19, 19, 19, 19, 19, 19, 19, 19, 19, 19, 19, 19, 19, 19, 19, 19, 19, 19, 19, 19, 19, 19, 19, 19, 19, 19, 19, 19, 19, 19, 19, 19, 19, 19, 19, 19, 19, 19, 19, 19, 19, 19, 19, 19, 19, 19, 19, 19, 19, 19, 19, 19, 19, 19, 19, 19, 19, 19, 19, 19, 19, 19, 19, 19, 19, 19, 19, 19, 19, 19, 19, 19, 19, 19, 19, 19, 19, 19, 19, 19, 19, 19, 19, 19, 19, 19, 19, 19, 19, 19, 19, 19, 19, 19, 19, 19, 19, 19, 19, 19, 19, 19, 19, 19, 19, 19, 19, 19, 19, 19, 19, 19, 19, 19, 19, 19, 19, 19, 19, 19, 19, 19, 19, 19, 19, 19, 19, 19, 19, 19, 18, 18, 18, 18, 18, 18, 18, 18, 18, 18, 18, 18, 18, 18, 18, 18, 18, 18, 18, 18, 18, 18, 18, 18, 18, 18, 18, 18, 18, 18, 18, 18, 18, 18, 18, 18, 18, 18, 18, 18, 18, 18, 18, 18, 18, 18, 18, 18, 18, 18, 18, 18, 18, 18, 18, 18, 18, 18, 18, 18, 18, 18, 18, 18, 18, 18, 18, 18, 18, 18, 18, 18, 18, 18, 18, 18, 18, 18, 18, 18, 18, 18, 18, 18, 18, 18, 18, 18, 18, 18, 18, 18, 18, 18, 18, 18, 18, 18, 18, 18, 18, 18, 18, 18, 18, 18, 18, 18, 18, 18, 18, 18, 18, 18, 18, 18, 18, 18, 18, 18, 18, 18, 18, 18, 18, 18, 18, 18, 18, 18, 18, 18, 18, 18, 18, 18, 18, 18, 18, 18, 18]",17.99047619047619,"[32.9752380952381, 32.97142857142857, 32.97333333333333, 32.97904761904762, 32.9752380952381, 32.9752380952381, 32.97714285714286, 32.96952380952381, 32.973333333333336, 32.97714285714286, 32.96952380952381, 32.95809523809523, 32.967619047619046, 32.96380952380952, 32.96190476190476, 32.97333333333333, 32.97904761904762, 32.9752380952381, 32.967619047619046, 32.967619047619046, 32.971428571428575, 32.97142857142857, 32.967619047619046, 32.98095238095238, 32.95809523809524, 32.96380952380952, 32.9752380952381, 32.98285714285714, 32.967619047619046, 32.967619047619046, 32.965714285714284, 32.97142857142857, 32.95619047619048, 32.96, 32.973333333333336, 32.97714285714285, 32.971428571428575, 32.9752380952381, 32.9752380952381, 32.973333333333336, 32.95619047619048, 32.96952380952381, 32.946666666666665, 32.96952380952381, 32.965714285714284, 32.96380952380952, 32.971428571428575, 32.967619047619046, 32.96190476190476, 32.96952380952381, 32.9752380952381, 32.98285714285714, 32.96952380952381, 32.97333333333333, 32.96952380952381, 32.97904761904762, 32.967619047619046, 32.95619047619048, 32.97714285714286, 32.97333333333333, 32.97904761904762, 32.98095238095238, 32.9847619047619, 32.973333333333336, 32.96761904761905, 32.97714285714286, 32.97904761904762, 32.973333333333336, 32.98095238095238, 32.971428571428575, 32.97904761904762, 32.98285714285714, 32.965714285714284, 32.965714285714284, 32.9752380952381, 32.97904761904762, 32.971428571428575, 32.96952380952381, 32.97714285714286, 32.97714285714286, 32.98095238095238, 32.973333333333336, 32.97333333333333, 32.97714285714286, 32.96380952380952, 32.96952380952381, 32.9752380952381, 32.973333333333336, 32.96, 32.973333333333336, 32.96952380952381, 32.96380952380952, 32.971428571428575, 32.9752380952381, 32.96761904761905, 32.967619047619046, 32.96380952380952, 31.969523809523814, 31.971428571428575, 30.980952380952377, 30.96952380952381, 30.963809523809523, 29.971428571428575, 29.961904761904762, 26.965714285714288, 26.975238095238097, 24.97714285714286, 24.967619047619046, 24.961904761904762, 24.961904761904762, 23.98857142857143, 23.982857142857142, 22.97904761904762, 22.98095238095238, 22.986666666666665, 21.984761904761907, 21.975238095238094, 21.973333333333333, 21.97904761904762, 21.97904761904762, 21.973333333333333, 21.97904761904762, 20.975238095238094, 20.996190476190478, 20.97904761904762, 20.98857142857143, 20.984761904761903, 20.99238095238095, 20.986666666666665, 20.98857142857143, 20.994285714285713, 20.97714285714286, 20.982857142857142, 20.975238095238097, 19.98095238095238, 19.98857142857143, 19.994285714285716, 19.98857142857143, 19.98095238095238, 19.988571428571426, 19.99047619047619, 19.98857142857143, 19.984761904761903, 19.982857142857142, 19.99047619047619, 19.98857142857143, 19.986666666666665, 19.99047619047619, 19.986666666666665, 19.984761904761903, 19.984761904761903, 19.986666666666665, 19.973333333333336, 19.984761904761903, 19.97714285714286, 19.99047619047619, 19.982857142857142, 19.986666666666665, 19.98095238095238, 19.98857142857143, 19.98857142857143, 18.988571428571426, 18.984761904761903, 18.982857142857142, 18.99047619047619, 18.988571428571426, 18.984761904761903, 18.99238095238095, 18.994285714285716, 18.990476190476187, 18.986666666666665, 18.986666666666665, 18.984761904761907, 18.986666666666665, 18.98095238095238, 18.994285714285716, 18.98857142857143, 18.99238095238095, 18.982857142857142, 18.984761904761907, 18.97714285714286, 18.990476190476194, 18.98857142857143, 18.98095238095238, 18.97714285714286, 18.984761904761903, 18.982857142857142, 18.982857142857142, 18.986666666666668, 18.982857142857142, 18.982857142857142, 18.97714285714286, 18.984761904761903, 18.97714285714286, 18.982857142857142, 18.982857142857142, 18.982857142857142, 18.982857142857142, 18.99047619047619, 18.97904761904762, 18.97904761904762, 18.982857142857142, 18.984761904761903, 18.98857142857143, 18.97904761904762, 18.97714285714286, 18.984761904761903, 18.97904761904762, 18.98095238095238, 18.969523809523807, 18.975238095238094, 18.994285714285713, 18.988571428571426, 18.988571428571426, 18.986666666666668, 18.963809523809523, 18.975238095238097, 18.98095238095238, 18.97142857142857, 18.982857142857142, 18.975238095238094, 18.990476190476187, 18.99047619047619, 18.98095238095238, 18.980952380952385, 18.990476190476194, 18.98857142857143, 18.982857142857142, 18.986666666666665, 18.98857142857143, 18.97904761904762, 18.97904761904762, 18.984761904761907, 18.98857142857143, 18.98857142857143, 18.984761904761903, 18.990476190476187, 18.984761904761907, 18.99238095238095, 18.99047619047619, 18.994285714285713, 18.984761904761903, 18.99047619047619, 18.98857142857143, 18.99238095238095, 18.994285714285713, 18.996190476190478, 18.996190476190478, 18.99238095238095, 18.990476190476187, 18.994285714285713, 18.994285714285713, 18.99238095238095, 18.98857142857143, 18.984761904761903, 18.98095238095238, 18.994285714285716, 18.98095238095238, 18.986666666666665, 18.984761904761903, 18.994285714285713, 18.982857142857142, 18.994285714285713, 18.969523809523807, 18.98857142857143, 18.99047619047619, 18.982857142857142, 18.98095238095238, 18.986666666666668, 18.99238095238095, 18.99809523809524, 18.99238095238095, 18.986666666666665, 18.982857142857142, 18.99238095238095, 18.988571428571426, 18.996190476190478, 18.996190476190478, 18.99047619047619, 18.99238095238095, 18.986666666666665, 18.994285714285716, 18.994285714285716, 18.996190476190478, 18.990476190476187, 18.99238095238095, 18.988571428571426, 18.99238095238095, 18.982857142857142, 18.99047619047619, 18.994285714285716, 18.98857142857143, 18.98857142857143, 18.988571428571426, 18.994285714285716, 18.99238095238095, 18.99047619047619, 18.99047619047619, 18.982857142857142, 18.984761904761903, 18.994285714285713, 18.986666666666665, 18.99809523809524, 18.99047619047619, 18.986666666666665, 18.986666666666665, 18.980952380952377, 18.988571428571433, 18.984761904761903, 18.980952380952377, 18.982857142857142, 18.98095238095238, 18.975238095238097, 18.984761904761903, 18.982857142857142, 18.984761904761903, 18.986666666666665, 18.988571428571426, 18.984761904761903, 18.982857142857142, 18.986666666666665, 18.99047619047619, 18.996190476190478, 18.98857142857143, 18.99047619047619, 18.984761904761903, 18.992380952380955, 18.990476190476187, 18.99047619047619, 18.996190476190478, 18.99047619047619, 18.996190476190478, 18.992380952380955, 18.988571428571426, 18.98857142857143, 18.98095238095238, 18.994285714285713, 18.982857142857142, 18.994285714285716, 17.986666666666665, 17.986666666666665, 17.984761904761903, 17.984761904761903, 17.97714285714286, 17.98095238095238, 17.988571428571426, 17.98857142857143, 17.99809523809524, 17.99047619047619, 17.99047619047619, 17.986666666666665, 17.996190476190478, 17.984761904761903, 17.984761904761903, 17.986666666666665, 17.99238095238095, 17.986666666666668, 17.982857142857142, 17.984761904761903, 17.984761904761903, 17.98857142857143, 17.984761904761903, 17.988571428571426, 17.990476190476194, 17.98857142857143, 17.99238095238095, 17.994285714285716, 17.986666666666665, 17.982857142857142, 17.98095238095238, 17.98095238095238, 17.984761904761903, 17.986666666666668, 17.986666666666665, 17.98857142857143, 17.984761904761907, 17.982857142857142, 17.98857142857143, 17.982857142857142, 17.98857142857143, 17.986666666666665, 17.986666666666668, 17.99047619047619, 17.99238095238095, 17.988571428571426, 17.98857142857143, 17.992380952380955, 17.984761904761903, 17.97904761904762, 17.982857142857142, 17.98095238095238, 17.98095238095238, 17.984761904761903, 17.982857142857142, 17.986666666666665, 17.973333333333333, 17.98857142857143, 17.984761904761903, 17.98857142857143, 17.97714285714286, 17.99047619047619, 17.988571428571426, 17.99238095238095, 17.984761904761903, 17.982857142857142, 17.986666666666668, 17.984761904761903, 17.98857142857143, 17.98857142857143, 17.98857142857143, 17.984761904761903, 17.994285714285716, 17.994285714285716, 17.98857142857143, 17.986666666666668, 17.98095238095238, 17.982857142857142, 17.982857142857142, 17.982857142857142, 17.984761904761903, 17.982857142857142, 17.98095238095238, 17.98095238095238, 17.97904761904762, 17.98095238095238, 17.98857142857143, 17.986666666666665, 17.990476190476187, 17.98095238095238, 17.982857142857146, 17.979047619047616, 17.97714285714286, 17.986666666666665, 17.986666666666665, 17.99238095238095, 17.982857142857142, 17.984761904761903, 17.984761904761907, 17.99047619047619, 17.98095238095238, 17.986666666666668, 17.986666666666668, 17.982857142857142, 17.99238095238095, 17.984761904761903, 17.99047619047619, 17.986666666666665, 17.99238095238095, 17.994285714285713, 17.994285714285713, 17.97904761904762, 17.98857142857143, 17.984761904761903, 17.984761904761907, 17.99238095238095, 17.982857142857142, 17.99238095238095, 17.986666666666668, 17.984761904761903, 17.986666666666665, 17.98095238095238, 17.984761904761903, 17.984761904761903, 17.99047619047619, 17.982857142857142, 17.99238095238095, 17.982857142857142, 17.984761904761903, 17.98857142857143, 17.98857142857143, 17.99238095238095, 17.986666666666668, 17.98095238095238, 17.982857142857142, 17.99047619047619, 17.982857142857142, 17.988571428571426, 17.986666666666665, 17.98857142857143, 17.99047619047619]",0.9170980605850444,0.9301438858188095,18,"[33, 33, 33, 33, 33, 33, 33, 33, 33, 33, 33, 33, 33, 33, 33, 33, 33, 33, 33, 33, 33, 33, 33, 33, 33, 33, 33, 33, 33, 33, 33, 33, 33, 33, 33, 33, 33, 33, 33, 33, 33, 33, 33, 33, 33, 33, 33, 33, 33, 33, 33, 33, 33, 33, 33, 33, 33, 33, 33, 33, 33, 33, 33, 33, 33, 33, 33, 33, 33, 33, 33, 33, 33, 33, 33, 33, 33, 33, 33, 33, 33, 33, 33, 33, 33, 33, 33, 33, 33, 33, 33, 33, 33, 33, 33, 33, 33, 32, 32, 31, 31, 31, 30, 30, 27, 27, 25, 25, 25, 25, 24, 24, 23, 23, 23, 22, 22, 22, 22, 22, 22, 22, 21, 21, 21, 21, 21, 21, 21, 21, 21, 21, 21, 21, 20, 20, 20, 20, 20, 20, 20, 20, 20, 20, 20, 20, 20, 20, 20, 20, 20, 20, 20, 20, 20, 20, 20, 20, 20, 20, 20, 19, 19, 19, 19, 19, 19, 19, 19, 19, 19, 19, 19, 19, 19, 19, 19, 19, 19, 19, 19, 19, 19, 19, 19, 19, 19, 19, 19, 19, 19, 19, 19, 19, 19, 19, 19, 19, 19, 19, 19, 19, 19, 19, 19, 19, 19, 19, 19, 19, 19, 19, 19, 19, 19, 19, 19, 19, 19, 19, 19, 19, 19, 19, 19, 19, 19, 19, 19, 19, 19, 19, 19, 19, 19, 19, 19, 19, 19, 19, 19, 19, 19, 19, 19, 19, 19, 19, 19, 19, 19, 19, 19, 19, 19, 19, 19, 19, 19, 19, 19, 19, 19, 19, 19, 19, 19, 19, 19, 19, 19, 19, 19, 19, 19, 19, 19, 19, 19, 19, 19, 19, 19, 19, 19, 19, 19, 19, 19, 19, 19, 19, 19, 19, 19, 19, 19, 19, 19, 19, 19, 19, 19, 19, 19, 19, 19, 19, 19, 19, 19, 19, 19, 19, 19, 19, 19, 19, 19, 19, 19, 19, 19, 19, 19, 19, 19, 19, 19, 19, 19, 19, 19, 19, 19, 19, 19, 19, 19, 18, 18, 18, 18, 18, 18, 18, 18, 18, 18, 18, 18, 18, 18, 18, 18, 18, 18, 18, 18, 18, 18, 18, 18, 18, 18, 18, 18, 18, 18, 18, 18, 18, 18, 18, 18, 18, 18, 18, 18, 18, 18, 18, 18, 18, 18, 18, 18, 18, 18, 18, 18, 18, 18, 18, 18, 18, 18, 18, 18, 18, 18, 18, 18, 18, 18, 18, 18, 18, 18, 18, 18, 18, 18, 18, 18, 18, 18, 18, 18, 18, 18, 18, 18, 18, 18, 18, 18, 18, 18, 18, 18, 18, 18, 18, 18, 18, 18, 18, 18, 18, 18, 18, 18, 18, 18, 18, 18, 18, 18, 18, 18, 18, 18, 18, 18, 18, 18, 18, 18, 18, 18, 18, 18, 18, 18, 18, 18, 18, 18, 18, 18, 18, 18, 18, 18, 18, 18, 18, 18, 18]",480,"[0.46628642082214355, 0.5114232301712036, 0.3821813464164734, 0.4304158389568329, 0.3671969175338745, 0.37180012464523315, 0.3752591013908386, 0.6192834377288818, 0.3685176968574524, 0.4955873489379883, 0.40392276644706726, 0.3496663570404053, 0.3478667438030243, 0.3678987920284271, 0.46824800968170166, 0.36275139451026917, 0.3412734270095825, 0.3369552493095398, 0.41200774908065796, 0.36396753787994385, 0.3312843441963196, 0.33101317286491394, 0.3313337564468384, 0.3780384957790375, 0.37213435769081116, 0.3313545882701874, 0.32547837495803833, 0.3225487768650055, 0.5315991044044495, 0.3739835023880005, 0.40323325991630554, 0.32431647181510925, 0.3479154706001282, 0.3364950120449066, 0.3310771584510803, 0.3368098735809326, 0.30399712920188904, 0.3037267029285431, 0.37494105100631714, 0.2999236285686493, 0.2981439530849457, 0.3174435794353485, 0.33786123991012573, 0.2903195023536682, 0.31881609559059143, 0.3323761224746704, 0.32941752672195435, 0.29159724712371826, 0.28210535645484924, 0.2902132272720337, 0.33651238679885864, 0.2756568193435669, 0.27037104964256287, 0.2734580636024475, 0.2675088942050934, 0.3425964415073395, 0.27420857548713684, 0.2649334967136383, 0.26259589195251465, 0.27223777770996094, 0.26342305541038513, 0.2576349079608917, 0.2548092007637024, 0.26048368215560913, 0.26366811990737915, 0.25938743352890015, 0.2655690014362335, 0.2533060908317566, 0.2502514123916626, 0.2532917261123657, 0.28144386410713196, 0.2674810290336609, 0.26128333806991577, 0.2652141749858856, 0.25216856598854065, 0.24669872224330902, 0.25158578157424927, 0.2532150447368622, 0.2941145598888397, 0.2470625936985016, 0.28368619084358215, 0.24466532468795776, 0.2742299735546112, 0.24543149769306183, 0.24522967636585236, 0.3012753427028656, 0.23814290761947632, 0.24028895795345306, 0.26401492953300476, 0.24001958966255188, 0.24078962206840515, 0.23839139938354492, 0.23675817251205444, 0.24027425050735474, 0.237574964761734, 0.2513551414012909, 0.25040969252586365, 0.26421305537223816, 0.23456493020057678, 0.286140501499176, 0.23228543996810913, 0.2392963171005249, 0.26869139075279236, 0.23429548740386963, 0.23554858565330505, 0.23635339736938477, 0.23542581498622894, 0.24845735728740692, 0.23825128376483917, 0.2362775206565857, 0.22807316482067108, 0.24520249664783478, 0.22194984555244446, 0.22166460752487183, 0.22864729166030884, 0.23271296918392181, 0.23162811994552612, 0.2212015986442566, 0.22603975236415863, 0.2200833261013031, 0.2190970778465271, 0.2412285953760147, 0.22487640380859375, 0.21303600072860718, 0.214064821600914, 0.22803758084774017, 0.22205552458763123, 0.21448735892772675, 0.21434444189071655, 0.21975725889205933, 0.2169634848833084, 0.2086932510137558, 0.20806355774402618, 0.21079687774181366, 0.260886013507843, 0.20863749086856842, 0.20692799985408783, 0.22090300917625427, 0.211033433675766, 0.21218451857566833, 0.20618559420108795, 0.2918170690536499, 0.21898683905601501, 0.24999870359897614, 0.20360545814037323, 0.2094394713640213, 0.23940926790237427, 0.20939086377620697, 0.20768150687217712, 0.2076328992843628, 0.20886364579200745, 0.20318220555782318, 0.20825381577014923, 0.2115188091993332, 0.2036568522453308, 0.20451202988624573, 0.20291796326637268, 0.20070785284042358, 0.20715990662574768, 0.2135082483291626, 0.2171805053949356, 0.20831644535064697, 0.2026698738336563, 0.2527771294116974, 0.20482657849788666, 0.20438380539417267, 0.204745352268219, 0.1988762617111206, 0.20194998383522034, 0.20255647599697113, 0.22172650694847107, 0.2056332528591156, 0.1982278823852539, 0.21242637932300568, 0.2008446753025055, 0.1975886970758438, 0.19726444780826569, 0.19590352475643158, 0.21516254544258118, 0.2082628458738327, 0.198928102850914, 0.19754895567893982, 0.1960778385400772, 0.20245479047298431, 0.19451820850372314, 0.1970592439174652, 0.20426198840141296, 0.19806158542633057, 0.1928817182779312, 0.19382256269454956, 0.21887920796871185, 0.1995244026184082, 0.1999392956495285, 0.19309668242931366, 0.19457106292247772, 0.19534271955490112, 0.19966450333595276, 0.2105145901441574, 0.21003861725330353, 0.19214557111263275, 0.18804536759853363, 0.18744491040706635, 0.20362457633018494, 0.19087007641792297, 0.19967535138130188, 0.18822486698627472, 0.1924835592508316, 0.19865283370018005, 0.18863271176815033, 0.1954280436038971, 0.1894933581352234, 0.20262999832630157, 0.1925145536661148, 0.18642403185367584, 0.18541263043880463, 0.18688374757766724, 0.21296028792858124, 0.18812784552574158, 0.20405960083007812, 0.1872567981481552, 0.18657802045345306, 0.184505894780159, 0.1980818212032318, 0.18932144343852997, 0.20780088007450104, 0.183048814535141, 0.18374593555927277, 0.18137387931346893, 0.18337582051753998, 0.18583796918392181, 0.18674354255199432, 0.19572633504867554, 0.1939287781715393, 0.18557600677013397, 0.19699370861053467, 0.1913783997297287, 0.1837630718946457, 0.18334488570690155, 0.1837172955274582, 0.19271837174892426, 0.17975740134716034, 0.17999297380447388, 0.1839006394147873, 0.18636994063854218, 0.18847543001174927, 0.1844521015882492, 0.18277877569198608, 0.1900637000799179, 0.18107616901397705, 0.18383701145648956, 0.17900744080543518, 0.18034131824970245, 0.1825430989265442, 0.18023306131362915, 0.18304593861103058, 0.18396008014678955, 0.18216067552566528, 0.18286609649658203, 0.18144993484020233, 0.18121185898780823, 0.19149139523506165, 0.20427855849266052, 0.1820693016052246, 0.20099717378616333, 0.17941397428512573, 0.19358424842357635, 0.1884433776140213, 0.1806154102087021, 0.19407059252262115, 0.17649328708648682, 0.1852646768093109, 0.17863866686820984, 0.1778826266527176, 0.18360835313796997, 0.1799292117357254, 0.17795298993587494, 0.2115221470594406, 0.1924043446779251, 0.1940963864326477, 0.18458738923072815, 0.18161886930465698, 0.19511377811431885, 0.20650148391723633, 0.180206298828125, 0.18379703164100647, 0.17437463998794556, 0.20102976262569427, 0.17972604930400848, 0.17460627853870392, 0.17683295905590057, 0.1865519881248474, 0.1761118471622467, 0.17539623379707336, 0.17469465732574463, 0.18211066722869873, 0.17687350511550903, 0.17868457734584808, 0.17439694702625275, 0.17694802582263947, 0.18013077974319458, 0.17376206815242767, 0.20180782675743103, 0.1757190078496933, 0.17492927610874176, 0.19144433736801147, 0.17857497930526733, 0.17585133016109467, 0.17076267302036285, 0.1701768934726715, 0.18119794130325317, 0.17817197740077972, 0.17513008415699005, 0.1750299334526062, 0.18705449998378754, 0.1725909262895584, 0.18639346957206726, 0.17156873643398285, 0.17227424681186676, 0.1747792363166809, 0.18178428709506989, 0.1694948524236679, 0.21295928955078125, 0.18029871582984924, 0.17224527895450592, 0.18199613690376282, 0.18275780975818634, 0.2292214334011078, 0.17330941557884216, 0.173953577876091, 0.1712718904018402, 0.17398478090763092, 0.17558342218399048, 0.16952098906040192, 0.16925296187400818, 0.16691575944423676, 0.1834755390882492, 0.1747632920742035, 0.17773909866809845, 0.21806126832962036, 0.18099267780780792, 0.18064852058887482, 0.17145629227161407, 0.17608317732810974, 0.1706119328737259, 0.17584042251110077, 0.17597566545009613, 0.1784614771604538, 0.19661346077919006, 0.17404712736606598, 0.17437832057476044, 0.17962303757667542, 0.1717967987060547, 0.17464618384838104, 0.17018240690231323, 0.18136823177337646, 0.1690465807914734, 0.17092227935791016, 0.20636162161827087, 0.1710326075553894, 0.2030564248561859, 0.1825094074010849, 0.17708419263362885, 0.17618413269519806, 0.17450876533985138, 0.17080751061439514, 0.17570918798446655, 0.16926006972789764, 0.17249202728271484, 0.17204156517982483, 0.16972064971923828, 0.17211779952049255, 0.18103818595409393, 0.16923147439956665, 0.1712213009595871, 0.18292218446731567, 0.16850526630878448, 0.17181986570358276, 0.1723296046257019, 0.1778089702129364, 0.17048077285289764, 0.16797976195812225, 0.1712140589952469, 0.19318804144859314, 0.169648721814155