,number,value,datetime_start,datetime_complete,duration,params_batch_size_scaler,params_constant_learning_rate,params_depth,params_epochs,params_kernel_l2,params_num_trees,params_temperature,user_attrs_accuracy_test,user_attrs_accuracy_valid,user_attrs_approximate_feature_sparsity,user_attrs_approximate_feature_sparsity_history,user_attrs_approximate_weight_sparsity,user_attrs_approximate_weight_sparsity_history,user_attrs_auc_test,user_attrs_auc_valid,user_attrs_feature_sparsity,user_attrs_feature_sparsity_history,user_attrs_num_epochs,user_attrs_val_loss_history,user_attrs_weight_sparsity,user_attrs_weight_sparsity_history,state
39,39,0.5,2024-08-31 01:41:31.028297,2024-08-31 01:44:12.019358,0 days 00:02:40.991061,16,7.7650902090626595,5,380,0.6657214367810111,70,0.00105040764582127,0.859,0.85875,0,"[33, 33, 8, 6, 6, 6, 5, 5, 5, 5, 5, 5, 5, 5, 5, 5, 1, 1, 1, 1, 1, 1, 1, 1, 1, 1, 1, 1, 1, 1, 1, 1, 1, 1, 1, 1, 1, 1, 1, 1, 1, 1, 1, 1, 1, 1, 1, 1, 1, 1, 1, 1, 1, 1, 1, 1, 1, 1, 1, 1, 1, 0, 0, 0, 0, 0, 0, 0, 0, 0, 0, 0, 0, 0, 0, 0, 0, 0, 0, 0, 0, 0, 0, 0, 0, 0, 0, 0, 0, 0, 0, 0, 0, 0, 0, 0, 0, 0, 0, 0, 0, 0, 0, 0, 0, 0, 0, 0, 0, 0, 0, 0, 0, 0, 0, 0, 0, 0, 0, 0, 0, 0, 0, 0, 0, 0, 0, 0, 0, 0, 0, 0, 0, 0, 0, 0, 0, 0, 0, 0, 0, 0, 0, 0, 0, 0, 0, 0, 0, 0, 0, 0, 0, 0, 0, 0, 0, 0, 0, 0, 0, 0, 0, 0, 0, 0, 0, 0, 0, 0, 0, 0, 0, 0, 0, 0, 0, 0, 0, 0, 0, 0, 0, 0, 0, 0, 0, 0, 0, 0, 0, 0, 0, 0, 0, 0, 0, 0, 0, 0, 0, 0, 0, 0, 0, 0, 0, 0, 0, 0, 0, 0, 0, 0, 0, 0, 0, 0, 0, 0, 0, 0, 0, 0, 0, 0, 0, 0, 0, 0, 0, 0, 0, 0, 0, 0, 0, 0, 0, 0, 0, 0, 0, 0, 0, 0, 0, 0, 0, 0, 0, 0, 0, 0, 0, 0, 0, 0, 0, 0, 0, 0, 0, 0, 0, 0, 0, 0, 0, 0, 0, 0, 0, 0, 0, 0, 0, 0, 0, 0, 0, 0, 0, 0, 0, 0, 0, 0, 0, 0, 0, 0, 0, 0, 0, 0, 0, 0, 0, 0, 0, 0, 0, 0, 0, 0, 0, 0, 0, 0, 0, 0, 0, 0, 0, 0, 0, 0, 0, 0, 0, 0, 0, 0, 0, 0, 0, 0, 0, 0, 0, 0, 0, 0, 0, 0, 0, 0, 0, 0, 0, 0, 0, 0, 0, 0, 0, 0, 0, 0, 0, 0, 0, 0, 0, 0, 0, 0, 0, 0, 0, 0, 0, 0, 0, 0, 0, 0, 0, 0, 0, 0, 0, 0, 0, 0, 0, 0, 0, 0]",0.0,"[32.93778801843318, 32.93271889400921, 7.983870967741935, 5.9884792626728105, 5.986175115207374, 5.989400921658986, 4.988940092165898, 4.989400921658986, 4.991244239631337, 4.987557603686636, 4.990783410138249, 4.991244239631336, 4.992165898617511, 4.991705069124424, 4.990783410138249, 4.993548387096775, 0.9995391705069124, 0.9981566820276497, 0.9995391705069124, 0.9990783410138249, 0.9986175115207373, 0.9990783410138249, 1.0, 0.9995391705069124, 0.9990783410138249, 1.0, 0.9995391705069124, 0.9986175115207373, 0.9990783410138249, 0.9990783410138249, 1.0, 1.0, 1.0, 0.9995391705069124, 0.9990783410138249, 0.9990783410138249, 0.9990783410138249, 0.9995391705069124, 1.0, 1.0, 1.0, 1.0, 1.0, 0.9995391705069124, 0.9990783410138249, 0.9990783410138249, 0.9995391705069124, 0.9995391705069124, 0.9995391705069124, 0.9995391705069124, 0.9995391705069124, 0.9995391705069124, 0.9990783410138249, 0.9990783410138249, 0.9995391705069124, 1.0, 0.9995391705069124, 1.0, 0.9995391705069124, 0.9995391705069124, 0.9995391705069124, 0.0, 0.0, 0.0, 0.0, 0.0, 0.0, 0.0, 0.0, 0.0, 0.0, 0.0, 0.0, 0.0, 0.0, 0.0, 0.0, 0.0, 0.0, 0.0, 0.0, 0.0, 0.0, 0.0, 0.0, 0.0, 0.0, 0.0, 0.0, 0.0, 0.0, 0.0, 0.0, 0.0, 0.0, 0.0, 0.0, 0.0, 0.0, 0.0, 0.0, 0.0, 0.0, 0.0, 0.0, 0.0, 0.0, 0.0, 0.0, 0.0, 0.0, 0.0, 0.0, 0.0, 0.0, 0.0, 0.0, 0.0, 0.0, 0.0, 0.0, 0.0, 0.0, 0.0, 0.0, 0.0, 0.0, 0.0, 0.0, 0.0, 0.0, 0.0, 0.0, 0.0, 0.0, 0.0, 0.0, 0.0, 0.0, 0.0, 0.0, 0.0, 0.0, 0.0, 0.0, 0.0, 0.0, 0.0, 0.0, 0.0, 0.0, 0.0, 0.0, 0.0, 0.0, 0.0, 0.0, 0.0, 0.0, 0.0, 0.0, 0.0, 0.0, 0.0, 0.0, 0.0, 0.0, 0.0, 0.0, 0.0, 0.0, 0.0, 0.0, 0.0, 0.0, 0.0, 0.0, 0.0, 0.0, 0.0, 0.0, 0.0, 0.0, 0.0, 0.0, 0.0, 0.0, 0.0, 0.0, 0.0, 0.0, 0.0, 0.0, 0.0, 0.0, 0.0, 0.0, 0.0, 0.0, 0.0, 0.0, 0.0, 0.0, 0.0, 0.0, 0.0, 0.0, 0.0, 0.0, 0.0, 0.0, 0.0, 0.0, 0.0, 0.0, 0.0, 0.0, 0.0, 0.0, 0.0, 0.0, 0.0, 0.0, 0.0, 0.0, 0.0, 0.0, 0.0, 0.0, 0.0, 0.0, 0.0, 0.0, 0.0, 0.0, 0.0, 0.0, 0.0, 0.0, 0.0, 0.0, 0.0, 0.0, 0.0, 0.0, 0.0, 0.0, 0.0, 0.0, 0.0, 0.0, 0.0, 0.0, 0.0, 0.0, 0.0, 0.0, 0.0, 0.0, 0.0, 0.0, 0.0, 0.0, 0.0, 0.0, 0.0, 0.0, 0.0, 0.0, 0.0, 0.0, 0.0, 0.0, 0.0, 0.0, 0.0, 0.0, 0.0, 0.0, 0.0, 0.0, 0.0, 0.0, 0.0, 0.0, 0.0, 0.0, 0.0, 0.0, 0.0, 0.0, 0.0, 0.0, 0.0, 0.0, 0.0, 0.0, 0.0, 0.0, 0.0, 0.0, 0.0, 0.0, 0.0, 0.0, 0.0, 0.0, 0.0, 0.0, 0.0, 0.0, 0.0, 0.0, 0.0, 0.0, 0.0, 0.0, 0.0, 0.0, 0.0, 0.0, 0.0, 0.0, 0.0, 0.0, 0.0, 0.0, 0.0, 0.0, 0.0, 0.0, 0.0, 0.0, 0.0, 0.0, 0.0, 0.0, 0.0, 0.0, 0.0, 0.0, 0.0, 0.0, 0.0, 0.0, 0.0, 0.0, 0.0, 0.0, 0.0, 0.0, 0.0, 0.0, 0.0, 0.0, 0.0, 0.0, 0.0, 0.0, 0.0, 0.0, 0.0, 0.0, 0.0, 0.0, 0.0, 0.0, 0.0, 0.0, 0.0, 0.0, 0.0, 0.0, 0.0, 0.0, 0.0, 0.0, 0.0, 0.0, 0.0]",0.5,0.5,0,"[33, 33, 8, 6, 6, 6, 5, 5, 5, 5, 5, 5, 5, 5, 5, 5, 1, 1, 1, 1, 1, 1, 1, 1, 1, 1, 1, 1, 1, 1, 1, 1, 1, 1, 1, 1, 1, 1, 1, 1, 1, 1, 1, 1, 1, 1, 1, 1, 1, 1, 1, 1, 1, 1, 1, 1, 1, 1, 1, 1, 1, 0, 0, 0, 0, 0, 0, 0, 0, 0, 0, 0, 0, 0, 0, 0, 0, 0, 0, 0, 0, 0, 0, 0, 0, 0, 0, 0, 0, 0, 0, 0, 0, 0, 0, 0, 0, 0, 0, 0, 0, 0, 0, 0, 0, 0, 0, 0, 0, 0, 0, 0, 0, 0, 0, 0, 0, 0, 0, 0, 0, 0, 0, 0, 0, 0, 0, 0, 0, 0, 0, 0, 0, 0, 0, 0, 0, 0, 0, 0, 0, 0, 0, 0, 0, 0, 0, 0, 0, 0, 0, 0, 0, 0, 0, 0, 0, 0, 0, 0, 0, 0, 0, 0, 0, 0, 0, 0, 0, 0, 0, 0, 0, 0, 0, 0, 0, 0, 0, 0, 0, 0, 0, 0, 0, 0, 0, 0, 0, 0, 0, 0, 0, 0, 0, 0, 0, 0, 0, 0, 0, 0, 0, 0, 0, 0, 0, 0, 0, 0, 0, 0, 0, 0, 0, 0, 0, 0, 0, 0, 0, 0, 0, 0, 0, 0, 0, 0, 0, 0, 0, 0, 0, 0, 0, 0, 0, 0, 0, 0, 0, 0, 0, 0, 0, 0, 0, 0, 0, 0, 0, 0, 0, 0, 0, 0, 0, 0, 0, 0, 0, 0, 0, 0, 0, 0, 0, 0, 0, 0, 0, 0, 0, 0, 0, 0, 0, 0, 0, 0, 0, 0, 0, 0, 0, 0, 0, 0, 0, 0, 0, 0, 0, 0, 0, 0, 0, 0, 0, 0, 0, 0, 0, 0, 0, 0, 0, 0, 0, 0, 0, 0, 0, 0, 0, 0, 0, 0, 0, 0, 0, 0, 0, 0, 0, 0, 0, 0, 0, 0, 0, 0, 0, 0, 0, 0, 0, 0, 0, 0, 0, 0, 0, 0, 0, 0, 0, 0, 0, 0, 0, 0, 0, 0, 0, 0, 0, 0, 0, 0, 0, 0, 0, 0, 0, 0, 0, 0, 0, 0, 0, 0, 0, 0, 0, 0, 0, 0, 0, 0]",380,"[1.0592105388641357, 0.9134491086006165, 0.4942275881767273, 0.3679938018321991, 0.5700787901878357, 0.4676041901111603, 0.6901745796203613, 1.649155616760254, 0.6498745083808899, 0.43734386563301086, 1.280002474784851, 0.5672696232795715, 0.5425114631652832, 1.7013441324234009, 0.6377795338630676, 1.373104214668274, 0.9682145118713379, 1.7828975915908813, 0.5211795568466187, 0.3986779451370239, 0.3991844654083252, 0.6081444025039673, 0.8512857556343079, 0.4054173231124878, 0.8560622334480286, 0.5426002740859985, 0.5793704986572266, 0.7897982597351074, 0.9858457446098328, 1.1400439739227295, 1.1249762773513794, 1.1865888833999634, 0.6347447037696838, 1.9057416915893555, 0.6829730272293091, 1.9299767017364502, 0.8517276644706726, 0.8044475317001343, 0.5810211300849915, 1.6993675231933594, 1.0129079818725586, 0.6524599194526672, 0.8075014352798462, 0.6082388162612915, 0.4089740812778473, 1.7694934606552124, 1.1138606071472168, 0.4527967870235443, 0.6010943055152893, 0.43949684500694275, 0.903981626033783, 2.6168885231018066, 0.7278257608413696, 0.4478098750114441, 0.8546810150146484, 0.8294121026992798, 0.6032593250274658, 0.6701398491859436, 0.4449236989021301, 0.8400236368179321, 1.684087872505188, 0.40815144777297974, 0.7166878581047058, 0.6915263533592224, 0.8164352178573608, 0.7390705347061157, 0.41845181584358215, 1.3753551244735718, 0.9942992329597473, 1.4796048402786255, 1.630039095878601, 0.7570163607597351, 1.1295584440231323, 0.4245094358921051, 0.44506049156188965, 0.8167269229888916, 0.7225435376167297, 0.8524765968322754, 1.4813618659973145, 1.6066354513168335, 1.5673353672027588, 0.6892801523208618, 0.4113837778568268, 1.968679666519165, 1.518244743347168, 0.9896590709686279, 0.5903220772743225, 1.1089096069335938, 0.41628047823905945, 0.9969391822814941, 1.5783615112304688, 0.8607675433158875, 0.4109917879104614, 1.7002661228179932, 1.3296971321105957, 1.3510435819625854, 1.352433681488037, 0.992891788482666, 0.6062214374542236, 0.8167225122451782, 0.5923547744750977, 1.0478911399841309, 0.43337899446487427, 0.5842604637145996, 0.485678493976593, 0.5670413374900818, 0.7997500896453857, 0.42233455181121826, 0.4203017055988312, 0.6126514077186584, 0.5407975912094116, 0.42680874466896057, 0.9341118335723877, 0.646644651889801, 0.44794952869415283, 2.2027416229248047, 2.301976442337036, 0.7147841453552246, 1.6687854528427124, 1.2341325283050537, 1.2916111946105957, 1.8381696939468384, 1.2699850797653198, 0.49832576513290405, 0.6137272715568542, 1.3885905742645264, 1.7544540166854858, 0.703178882598877, 0.4618208408355713, 1.9899444580078125, 1.0450292825698853, 1.90348219871521, 1.5620611906051636, 0.8560653924942017, 2.1871581077575684, 0.4379177987575531, 0.7327439785003662, 0.9004945158958435, 1.0030009746551514, 0.9208493232727051, 0.4879171848297119, 1.2803764343261719, 0.9522503614425659, 0.4436423182487488, 3.503425359725952, 0.6063580513000488, 2.146084785461426, 0.4383147060871124, 0.5066951513290405, 0.4448704421520233, 1.020755410194397, 0.45052462816238403, 1.3492010831832886, 0.46595656871795654, 0.5387141108512878, 2.473417282104492, 1.273542046546936, 0.5662193298339844, 0.6074240803718567, 0.5488052368164062, 0.41629207134246826, 2.229189157485962, 1.4897582530975342, 0.8482539653778076, 0.8141839504241943, 0.6731951832771301, 1.2037311792373657, 0.4435977041721344, 2.3879828453063965, 0.7385025024414062, 2.1060686111450195, 1.4041956663131714, 0.6456307768821716, 0.8108469247817993, 0.6289253234863281, 2.6502585411071777, 1.2063716650009155, 0.4087583124637604, 0.8457182049751282, 0.6892609596252441, 1.9961557388305664, 0.8128544688224792, 0.4139721393585205, 0.4076584279537201, 2.315371036529541, 1.3773140907287598, 1.6684461832046509, 2.0878820419311523, 0.5802103877067566, 0.4090234041213989, 0.45753440260887146, 2.034862518310547, 2.828543186187744, 0.7491108775138855, 1.5138235092163086, 1.6404255628585815, 1.4592564105987549, 1.4630751609802246, 0.7767865061759949, 0.5275115370750427, 0.5532227158546448, 0.5481870174407959, 2.3844149112701416, 1.4702585935592651, 0.81828773021698, 0.4744434356689453, 2.2711050510406494, 1.5730373859405518, 0.7330874800682068, 0.4099949300289154, 1.2554231882095337, 0.9522548913955688, 2.0092275142669678, 0.6113197207450867, 1.1577339172363281, 0.6457642316818237, 2.187523603439331, 2.104307174682617, 0.7378430366516113, 1.2749855518341064, 0.7709536552429199, 0.7844167947769165, 1.0874137878417969, 0.6033127307891846, 0.9295710921287537, 0.586890459060669, 0.4807300567626953, 1.146173119544983, 0.7816922664642334, 0.49776554107666016, 0.5863341689109802, 0.42468875646591187, 2.015164613723755, 2.1512980461120605, 2.3433876037597656, 1.163757085800171, 0.7857229113578796, 0.4101361930370331, 0.597618043422699, 0.9442610740661621, 1.7031193971633911, 1.7844830751419067, 0.8622320294380188, 0.552775502204895, 0.9459962248802185, 1.5267175436019897, 0.5203874111175537, 0.5518072247505188, 0.445698618888855, 0.8455837965011597, 0.40856707096099854, 1.1894621849060059, 0.8146220445632935, 0.9298307299613953, 0.8081172704696655, 0.5054857134819031, 0.9999439120292664, 1.3997143507003784, 0.606135904788971, 0.4821465015411377, 1.1150776147842407, 1.834671974182129, 0.8755546808242798, 1.1366188526153564, 1.625511646270752, 0.5846725702285767, 0.7925257086753845, 0.4221026599407196, 0.447936475276947, 0.5109967589378357, 0.9643141031265259, 1.8285540342330933, 0.44675999879837036, 1.098434567451477, 0.5410756468772888, 0.5896739363670349, 0.8335557579994202, 1.382051706314087, 1.0873610973358154, 1.1324447393417358, 1.1452932357788086, 1.8617804050445557, 0.47144457697868347, 1.0175809860229492, 0.8583014011383057, 0.695137083530426, 0.44584742188453674, 0.5200141668319702, 0.6418710947036743, 1.6376900672912598, 1.6937530040740967, 0.526016354560852, 0.8262370228767395, 2.1224546432495117, 1.7086185216903687, 2.770716667175293, 2.103118419647217, 0.7748355865478516, 0.6843824982643127, 2.3596456050872803, 1.213984727859497, 0.6134420037269592, 2.1974925994873047, 0.5899287462234497, 0.7775245904922485, 0.5867383480072021, 1.4143427610397339, 2.3802754878997803, 0.46564051508903503, 1.1350585222244263, 0.5985433459281921, 0.49419915676116943, 0.6910171508789062, 0.8878023028373718, 1.2843337059020996, 0.6883484125137329, 2.3440375328063965, 1.745334267616272, 0.5893677473068237, 0.697475790977478, 1.2822667360305786, 1.8924087285995483, 1.2187446355819702, 0.4661325216293335, 1.132656455039978, 0.4493825435638428, 0.8922235369682312, 1.6115319728851318, 0.4947156012058258, 0.45384854078292847, 0.40828272700309753, 0.897599458694458, 0.5603530406951904, 0.8022345900535583, 0.42186251282691956, 1.564284086227417, 0.40723660588264465, 3.2021822929382324, 0.5392453074455261, 0.5146373510360718, 1.9489226341247559, 0.6732933521270752, 0.8542191386222839, 1.658860206604004, 0.6561858654022217, 0.5560170412063599, 1.719436764717102, 1.4426349401474, 0.574732780456543, 0.421621173620224, 0.8019630908966064, 1.4340935945510864, 1.4735195636749268, 0.6556344628334045, 0.4568474590778351, 0.8068243265151978, 1.1220418214797974, 1.7986464500427246, 1.4753988981246948, 0.6310550570487976, 0.7949627637863159, 0.4331335127353668, 2.4034032821655273, 1.3575730323791504, 0.8993940949440002, 0.5236939787864685, 0.45900866389274597, 1.9920240640640259, 1.346910834312439, 2.8218369483947754, 0.45775356888771057, 0.8647957444190979, 1.36081862449646, 2.3519227504730225, 0.4501195549964905, 0.806194007396698, 1.287988305091858, 1.1590075492858887, 0.5048224329948425, 0.4457712173461914]",0.0,"[33.0, 33.0, 8.0, 6.0, 6.0, 6.0, 5.0, 5.0, 5.0, 5.0, 5.0, 5.0, 5.0, 5.0, 5.0, 5.0, 1.0, 1.0, 1.0, 1.0, 1.0, 1.0, 1.0, 1.0, 1.0, 1.0, 1.0, 1.0, 1.0, 1.0, 1.0, 1.0, 1.0, 1.0, 1.0, 1.0, 1.0, 1.0, 1.0, 1.0, 1.0, 1.0, 1.0, 1.0, 1.0, 1.0, 1.0, 1.0, 1.0, 1.0, 1.0, 1.0, 1.0, 1.0, 1.0, 1.0, 1.0, 1.0, 1.0, 1.0, 1.0, 0.0, 0.0, 0.0, 0.0, 0.0, 0.0, 0.0, 0.0, 0.0, 0.0, 0.0, 0.0, 0.0, 0.0, 0.0, 0.0, 0.0, 0.0, 0.0, 0.0, 0.0, 0.0, 0.0, 0.0, 0.0, 0.0, 0.0, 0.0, 0.0, 0.0, 0.0, 0.0, 0.0, 0.0, 0.0, 0.0, 0.0, 0.0, 0.0, 0.0, 0.0, 0.0, 0.0, 0.0, 0.0, 0.0, 0.0, 0.0, 0.0, 0.0, 0.0, 0.0, 0.0, 0.0, 0.0, 0.0, 0.0, 0.0, 0.0, 0.0, 0.0, 0.0, 0.0, 0.0, 0.0, 0.0, 0.0, 0.0, 0.0, 0.0, 0.0, 0.0, 0.0, 0.0, 0.0, 0.0, 0.0, 0.0, 0.0, 0.0, 0.0, 0.0, 0.0, 0.0, 0.0, 0.0, 0.0, 0.0, 0.0, 0.0, 0.0, 0.0, 0.0, 0.0, 0.0, 0.0, 0.0, 0.0, 0.0, 0.0, 0.0, 0.0, 0.0, 0.0, 0.0, 0.0, 0.0, 0.0, 0.0, 0.0, 0.0, 0.0, 0.0, 0.0, 0.0, 0.0, 0.0, 0.0, 0.0, 0.0, 0.0, 0.0, 0.0, 0.0, 0.0, 0.0, 0.0, 0.0, 0.0, 0.0, 0.0, 0.0, 0.0, 0.0, 0.0, 0.0, 0.0, 0.0, 0.0, 0.0, 0.0, 0.0, 0.0, 0.0, 0.0, 0.0, 0.0, 0.0, 0.0, 0.0, 0.0, 0.0, 0.0, 0.0, 0.0, 0.0, 0.0, 0.0, 0.0, 0.0, 0.0, 0.0, 0.0, 0.0, 0.0, 0.0, 0.0, 0.0, 0.0, 0.0, 0.0, 0.0, 0.0, 0.0, 0.0, 0.0, 0.0, 0.0, 0.0, 0.0, 0.0, 0.0, 0.0, 0.0, 0.0, 0.0, 0.0, 0.0, 0.0, 0.0, 0.0, 0.0, 0.0, 0.0, 0.0, 0.0, 0.0, 0.0, 0.0, 0.0, 0.0, 0.0, 0.0, 0.0, 0.0, 0.0, 0.0, 0.0, 0.0, 0.0, 0.0, 0.0, 0.0, 0.0, 0.0, 0.0, 0.0, 0.0, 0.0, 0.0, 0.0, 0.0, 0.0, 0.0, 0.0, 0.0, 0.0, 0.0, 0.0, 0.0, 0.0, 0.0, 0.0, 0.0, 0.0, 0.0, 0.0, 0.0, 0.0, 0.0, 0.0, 0.0, 0.0, 0.0, 0.0, 0.0, 0.0, 0.0, 0.0, 0.0, 0.0, 0.0, 0.0, 0.0, 0.0, 0.0, 0.0, 0.0, 0.0, 0.0, 0.0, 0.0, 0.0, 0.0, 0.0, 0.0, 0.0, 0.0, 0.0, 0.0, 0.0, 0.0, 0.0, 0.0, 0.0, 0.0, 0.0, 0.0, 0.0, 0.0, 0.0, 0.0, 0.0, 0.0, 0.0, 0.0, 0.0, 0.0, 0.0, 0.0, 0.0, 0.0, 0.0, 0.0, 0.0, 0.0, 0.0, 0.0, 0.0, 0.0, 0.0, 0.0, 0.0, 0.0, 0.0, 0.0, 0.0, 0.0, 0.0, 0.0, 0.0, 0.0, 0.0, 0.0, 0.0, 0.0, 0.0, 0.0, 0.0]",COMPLETE
