,number,value,datetime_start,datetime_complete,duration,params_batch_size_scaler,params_constant_learning_rate,params_depth,params_epochs,params_kernel_l2,params_num_trees,params_temperature,user_attrs_accuracy_test,user_attrs_accuracy_valid,user_attrs_approximate_feature_sparsity,user_attrs_approximate_feature_sparsity_history,user_attrs_approximate_weight_sparsity,user_attrs_approximate_weight_sparsity_history,user_attrs_auc_test,user_attrs_auc_valid,user_attrs_feature_sparsity,user_attrs_feature_sparsity_history,user_attrs_num_epochs,user_attrs_val_loss_history,user_attrs_weight_sparsity,user_attrs_weight_sparsity_history,state
115,115,0.9096108513351625,2024-08-31 05:14:55.203320,2024-08-31 05:24:31.903901,0 days 00:09:36.700581,4,0.09730980388983664,6,205,0.0030832169836261247,97,0.08370760764378095,0.918,0.91,33,"[33, 33, 33, 33, 33, 33, 33, 33, 33, 33, 33, 33, 33, 33, 33, 33, 33, 33, 33, 33, 33, 33, 33, 33, 33, 33, 33, 33, 33, 33, 33, 33, 33, 33, 33, 33, 33, 33, 33, 33, 33, 33, 33, 33, 33, 33, 33, 33, 33, 33, 33, 33, 33, 33, 33, 33, 33, 33, 33, 33, 33, 33, 33, 33, 33, 33, 33, 33, 33, 33, 33, 33, 33, 33, 33, 33, 33, 33, 33, 33, 33, 33, 33, 33, 33, 33, 33, 33, 33, 33, 33, 33, 33, 33, 33, 33, 33, 33, 33, 33, 33, 33, 33, 33, 33, 33, 33, 33, 33, 33, 33, 33, 33, 33, 33, 33, 33, 33, 33, 33, 33, 33, 33, 33, 33, 33, 33, 33, 33, 33, 33, 33, 33, 33, 33, 33, 33, 33, 33, 33, 33, 33, 33, 33, 33, 33, 33, 33, 33, 33, 33, 33, 33, 33, 33, 33, 33, 33, 33, 33, 33, 33, 33, 33, 33, 33, 33, 33, 33, 33, 33, 33, 33, 33, 33, 33, 33, 33, 33, 33, 33, 33, 33, 33, 33, 33, 33, 33, 33, 33, 33, 33, 33, 33, 33, 33, 33, 33, 33, 33, 33, 33, 33, 33, 33]",32.90230731467845,"[32.89494354442808, 32.89412534773359, 32.897725413189335, 32.89739813451153, 32.89870724922271, 32.893798069055805, 32.885779741449845, 32.88545246277205, 32.88676157748323, 32.889707085583375, 32.89510718376698, 32.89314351170022, 32.893634429716904, 32.89477990508918, 32.88757977417771, 32.89101620029455, 32.885616102110944, 32.891998036327934, 32.8993618065783, 32.902470954017346, 32.90328915071183, 32.90263459335624, 32.89837997054492, 32.8995254459172, 32.89805269186712, 32.8993618065783, 32.89870724922271, 32.8993618065783, 32.895270823105875, 32.89723449517264, 32.89723449517264, 32.90001636393389, 32.898543609883816, 32.901652757322864, 32.90116183930617, 32.90116183930617, 32.90034364261169, 32.900998199967276, 32.900834560628375, 32.89788905252823, 32.8993618065783, 32.8993618065783, 32.89461626575029, 32.89559810178367, 32.89903452790051, 32.89445262641139, 32.896743577155945, 32.89494354442808, 32.89412534773359, 32.89805269186712, 32.89461626575029, 32.89592538046146, 32.896907216494846, 32.8993618065783, 32.89576174112257, 32.892816233022415, 32.89265259368352, 32.89625265913926, 32.897561773850434, 32.8996890852561, 32.89805269186712, 32.897561773850434, 32.89788905252823, 32.89903452790051, 32.89494354442808, 32.90001636393389, 32.89788905252823, 32.898543609883816, 32.89903452790051, 32.8993618065783, 32.89723449517264, 32.89592538046146, 32.896907216494846, 32.89592538046146, 32.89068892161676, 32.89183439698904, 32.888070692194404, 32.88921616756669, 32.889543446244474, 32.89019800360006, 32.89167075765014, 32.89052528227786, 32.88921616756669, 32.88643429880543, 32.89232531500573, 32.89608901980036, 32.895270823105875, 32.89543446244477, 32.89085256095565, 32.8939617083947, 32.893634429716904, 32.8939617083947, 32.89330715103911, 32.89085256095565, 32.892816233022415, 32.89576174112257, 32.89445262641139, 32.89657993781705, 32.898543609883816, 32.89903452790051, 32.896907216494846, 32.89543446244477, 32.897070855833746, 32.89608901980036, 32.89461626575029, 32.89657993781705, 32.896743577155945, 32.901489117983964, 32.89821633120602, 32.89821633120602, 32.89657993781705, 32.90116183930617, 32.89788905252823, 32.89608901980036, 32.89494354442808, 32.89445262641139, 32.897561773850434, 32.89330715103911, 32.89625265913926, 32.89330715103911, 32.89543446244477, 32.893634429716904, 32.89150711831124, 32.89248895434463, 32.89576174112257, 32.89559810178367, 32.8993618065783, 32.89608901980036, 32.89494354442808, 32.89428898707249, 32.893634429716904, 32.89494354442808, 32.8939617083947, 32.897070855833746, 32.89592538046146, 32.90018000327279, 32.900670921289475, 32.90018000327279, 32.90198003600065, 32.90050728195058, 32.89903452790051, 32.90116183930617, 32.901489117983964, 32.90230731467845, 32.896743577155945, 32.89592538046146, 32.89461626575029, 32.89543446244477, 32.89428898707249, 32.895270823105875, 32.89576174112257, 32.895270823105875, 32.89739813451153, 32.900670921289475, 32.90001636393389, 32.900834560628375, 32.8996890852561, 32.89805269186712, 32.8993618065783, 32.899198167239405, 32.900998199967276, 32.90132547864506, 32.900670921289475, 32.90001636393389, 32.90050728195058, 32.90034364261169, 32.90018000327279, 32.90230731467845, 32.90214367533955, 32.903943708067416, 32.90443462608411, 32.90427098674522, 32.900834560628375, 32.896907216494846, 32.89641629847816, 32.897561773850434, 32.89723449517264, 32.89494354442808, 32.89428898707249, 32.893470790378004, 32.89183439698904, 32.892979872361316, 32.89150711831124, 32.89216167566683, 32.89216167566683, 32.89150711831124, 32.89216167566683, 32.892816233022415, 32.89559810178367, 32.90050728195058, 32.89985272459499, 32.90001636393389, 32.90132547864506, 32.90018000327279, 32.897725413189335, 32.89805269186712, 32.900670921289475, 32.90132547864506, 32.90328915071183, 32.90296187203404, 32.90263459335624, 32.90296187203404, 32.90345279005073, 32.90443462608411, 32.90230731467845]",0.8924528769226958,0.9096108513351625,33,"[33, 33, 33, 33, 33, 33, 33, 33, 33, 33, 33, 33, 33, 33, 33, 33, 33, 33, 33, 33, 33, 33, 33, 33, 33, 33, 33, 33, 33, 33, 33, 33, 33, 33, 33, 33, 33, 33, 33, 33, 33, 33, 33, 33, 33, 33, 33, 33, 33, 33, 33, 33, 33, 33, 33, 33, 33, 33, 33, 33, 33, 33, 33, 33, 33, 33, 33, 33, 33, 33, 33, 33, 33, 33, 33, 33, 33, 33, 33, 33, 33, 33, 33, 33, 33, 33, 33, 33, 33, 33, 33, 33, 33, 33, 33, 33, 33, 33, 33, 33, 33, 33, 33, 33, 33, 33, 33, 33, 33, 33, 33, 33, 33, 33, 33, 33, 33, 33, 33, 33, 33, 33, 33, 33, 33, 33, 33, 33, 33, 33, 33, 33, 33, 33, 33, 33, 33, 33, 33, 33, 33, 33, 33, 33, 33, 33, 33, 33, 33, 33, 33, 33, 33, 33, 33, 33, 33, 33, 33, 33, 33, 33, 33, 33, 33, 33, 33, 33, 33, 33, 33, 33, 33, 33, 33, 33, 33, 33, 33, 33, 33, 33, 33, 33, 33, 33, 33, 33, 33, 33, 33, 33, 33, 33, 33, 33, 33, 33, 33, 33, 33, 33, 33, 33, 33]",205,"[0.40206706523895264, 0.39491352438926697, 0.39085716009140015, 0.3874411880970001, 0.38461509346961975, 0.38218921422958374, 0.3800048828125, 0.3780934512615204, 0.37649470567703247, 0.375041127204895, 0.37370479106903076, 0.3725191354751587, 0.371443510055542, 0.37041038274765015, 0.3694213032722473, 0.3685498535633087, 0.3678644299507141, 0.36705294251441956, 0.3664032220840454, 0.3655776083469391, 0.3646206557750702, 0.3639478385448456, 0.36318981647491455, 0.36285361647605896, 0.36190590262413025, 0.361104816198349, 0.3604166805744171, 0.3597337603569031, 0.35922175645828247, 0.35873791575431824, 0.3580392897129059, 0.35731902718544006, 0.35653117299079895, 0.35577502846717834, 0.3551900088787079, 0.3545128107070923, 0.35394981503486633, 0.3533259332180023, 0.35256388783454895, 0.35196590423583984, 0.35125648975372314, 0.3507272005081177, 0.35017871856689453, 0.3494313955307007, 0.34868958592414856, 0.34815993905067444, 0.34738728404045105, 0.34687840938568115, 0.3460899591445923, 0.34562575817108154, 0.34484612941741943, 0.3445618748664856, 0.3438669443130493, 0.34301331639289856, 0.34233203530311584, 0.3419378995895386, 0.3408922255039215, 0.34032782912254333, 0.33960750699043274, 0.33905327320098877, 0.3384590148925781, 0.3376181423664093, 0.3372146487236023, 0.336637943983078, 0.3360314667224884, 0.33509719371795654, 0.33425453305244446, 0.3336373269557953, 0.332950234413147, 0.3322702646255493, 0.3317999541759491, 0.3310559391975403, 0.33031001687049866, 0.3294045329093933, 0.32884106040000916, 0.32830196619033813, 0.3271825909614563, 0.32642897963523865, 0.3257015645503998, 0.32514873147010803, 0.32421958446502686, 0.3234829306602478, 0.3227488398551941, 0.321945458650589, 0.3209422826766968, 0.32026875019073486, 0.31942012906074524, 0.31852957606315613, 0.31761065125465393, 0.316753625869751, 0.31606894731521606, 0.3152741491794586, 0.314055472612381, 0.3131837844848633, 0.3125091791152954, 0.3114590346813202, 0.31056085228919983, 0.3094947338104248, 0.3084557056427002, 0.307455450296402, 0.30641797184944153, 0.30540958046913147, 0.30454617738723755, 0.3035110831260681, 0.30236390233039856, 0.30136075615882874, 0.30043280124664307, 0.299463152885437, 0.2982420027256012, 0.2972051501274109, 0.2960510551929474, 0.29486292600631714, 0.2937743663787842, 0.292714923620224, 0.29177847504615784, 0.29067349433898926, 0.2895415425300598, 0.28825056552886963, 0.28714489936828613, 0.286177396774292, 0.28500017523765564, 0.2838544547557831, 0.282804399728775, 0.28176990151405334, 0.28076785802841187, 0.2795161008834839, 0.2785220742225647, 0.2772952616214752, 0.27621904015541077, 0.27523958683013916, 0.27416330575942993, 0.2733563482761383, 0.2720091938972473, 0.2711181044578552, 0.27014580368995667, 0.2692658305168152, 0.26818668842315674, 0.26719093322753906, 0.26638108491897583, 0.26525378227233887, 0.26450422406196594, 0.26375284790992737, 0.262769877910614, 0.2618837058544159, 0.26087328791618347, 0.2601381242275238, 0.25942423939704895, 0.2584976255893707, 0.25758376717567444, 0.25690633058547974, 0.25602948665618896, 0.255351722240448, 0.25456562638282776, 0.253844678401947, 0.25312063097953796, 0.2524468004703522, 0.2518954575061798, 0.2512272894382477, 0.2506352663040161, 0.2500862777233124, 0.24935570359230042, 0.2487173080444336, 0.24804283678531647, 0.24758632481098175, 0.24695080518722534, 0.24638913571834564, 0.24608981609344482, 0.2452789694070816, 0.24497193098068237, 0.24409274756908417, 0.24367889761924744, 0.24294476211071014, 0.24268890917301178, 0.242238387465477, 0.24182657897472382, 0.24093051254749298, 0.24056610465049744, 0.2401602566242218, 0.239555224776268, 0.23922699689865112, 0.23887529969215393, 0.23820719122886658, 0.2378690391778946, 0.23716974258422852, 0.23697403073310852, 0.23643094301223755, 0.23605699837207794, 0.23580771684646606, 0.23560194671154022, 0.23500043153762817, 0.23460227251052856, 0.23399561643600464, 0.23346145451068878, 0.23334819078445435, 0.23298969864845276, 0.23265932500362396, 0.2319868803024292, 0.23239123821258545, 0.2312818169593811, 0.23077930510044098, 0.23058219254016876, 0.23018208146095276, 0.2299722284078598, 0.22950875759124756, 0.22897686064243317]",33.0,"[33.0, 33.0, 33.0, 33.0, 33.0, 33.0, 33.0, 33.0, 33.0, 33.0, 33.0, 33.0, 33.0, 33.0, 33.0, 33.0, 33.0, 33.0, 33.0, 33.0, 33.0, 33.0, 33.0, 33.0, 33.0, 33.0, 33.0, 33.0, 33.0, 33.0, 33.0, 33.0, 33.0, 33.0, 33.0, 33.0, 33.0, 33.0, 33.0, 33.0, 33.0, 33.0, 33.0, 33.0, 33.0, 33.0, 33.0, 33.0, 33.0, 33.0, 33.0, 33.0, 33.0, 33.0, 33.0, 33.0, 33.0, 33.0, 33.0, 33.0, 33.0, 33.0, 33.0, 33.0, 33.0, 33.0, 33.0, 33.0, 33.0, 33.0, 33.0, 33.0, 33.0, 33.0, 33.0, 33.0, 33.0, 33.0, 33.0, 33.0, 33.0, 33.0, 33.0, 33.0, 33.0, 33.0, 33.0, 33.0, 33.0, 33.0, 33.0, 33.0, 33.0, 33.0, 33.0, 33.0, 33.0, 33.0, 33.0, 33.0, 33.0, 33.0, 33.0, 33.0, 33.0, 33.0, 33.0, 33.0, 33.0, 33.0, 33.0, 33.0, 33.0, 33.0, 33.0, 33.0, 33.0, 33.0, 33.0, 33.0, 33.0, 33.0, 33.0, 33.0, 33.0, 33.0, 33.0, 33.0, 33.0, 33.0, 33.0, 33.0, 33.0, 33.0, 33.0, 33.0, 33.0, 33.0, 33.0, 33.0, 33.0, 33.0, 33.0, 33.0, 33.0, 33.0, 33.0, 33.0, 33.0, 33.0, 33.0, 33.0, 33.0, 33.0, 33.0, 33.0, 33.0, 33.0, 33.0, 33.0, 33.0, 33.0, 33.0, 33.0, 33.0, 33.0, 33.0, 33.0, 33.0, 33.0, 33.0, 33.0, 33.0, 33.0, 33.0, 33.0, 33.0, 33.0, 33.0, 33.0, 33.0, 33.0, 33.0, 33.0, 33.0, 33.0, 33.0, 33.0, 33.0, 33.0, 33.0, 33.0, 33.0, 33.0, 33.0, 33.0, 33.0, 33.0, 33.0, 33.0, 33.0, 33.0, 33.0, 33.0, 33.0]",COMPLETE
