,number,value,datetime_start,datetime_complete,duration,params_batch_size_scaler,params_constant_learning_rate,params_depth,params_epochs,params_kernel_l2,params_num_trees,params_temperature,user_attrs_accuracy_test,user_attrs_accuracy_valid,user_attrs_approximate_feature_sparsity,user_attrs_approximate_feature_sparsity_history,user_attrs_approximate_weight_sparsity,user_attrs_approximate_weight_sparsity_history,user_attrs_auc_test,user_attrs_auc_valid,user_attrs_feature_sparsity,user_attrs_feature_sparsity_history,user_attrs_num_epochs,user_attrs_val_loss_history,user_attrs_weight_sparsity,user_attrs_weight_sparsity_history,state
131,131,0.93471680127784,2024-08-31 05:59:10.317581,2024-08-31 06:03:42.615263,0 days 00:04:32.297682,1,0.04373939504768677,2,260,0.045794770616844095,98,0.003226320092658195,0.945,0.9475,33,"[33, 33, 33, 33, 33, 33, 33, 33, 33, 33, 33, 33, 33, 33, 33, 33, 33, 33, 33, 33, 33, 33, 33, 33, 33, 33, 33, 33, 33, 33, 33, 33, 33, 33, 33, 33, 33, 33, 33, 33, 33, 33, 33, 33, 33, 33, 33, 33, 33, 33, 33, 33, 33, 33, 33, 33, 33, 33, 33, 33, 33, 33, 33, 33, 33, 33, 33, 33, 33, 33, 33, 33, 33, 33, 33, 33, 33, 33, 33, 33, 33, 33, 33, 33, 33, 33, 33, 33, 33, 33, 33, 33, 33, 33, 33, 33, 33, 33, 33, 33, 33, 33, 33, 33, 33, 33, 33, 33, 33, 33, 33, 33, 33, 33, 33, 33, 33, 33, 33, 33, 33, 33, 33, 33, 33, 33, 33, 33, 33, 33, 33, 33, 33, 33, 33, 33, 33, 33, 33, 33, 33, 33, 33, 33, 33, 33, 33, 33, 33, 33, 33, 33, 33, 33, 33, 33, 33, 33, 33, 33, 33, 33, 33, 33, 33, 33, 33, 33, 33, 33, 33, 33, 33, 33, 33, 33, 33, 33, 33, 33, 33, 33, 33, 33, 33, 33, 33, 33, 33, 33, 33, 33, 33, 33, 33, 33, 33, 33, 33, 33, 33, 33, 33, 33, 33, 33, 33, 33, 33, 33, 33, 33, 33, 33, 33, 33, 33, 33, 33, 33, 33, 33, 33, 33, 33, 33, 33, 33, 33, 33, 33, 33, 33, 33, 33, 33, 33, 33, 33, 33, 33, 33, 33, 33, 33, 33, 33, 33, 33, 33, 33, 33, 33, 33, 33, 33, 33, 33, 33, 33]",32.945578231292515,"[32.97278911564626, 32.98299319727891, 32.9795918367347, 32.976190476190474, 32.993197278911566, 32.97278911564626, 32.98299319727891, 32.97278911564626, 32.96938775510204, 32.982993197278915, 32.976190476190474, 32.98299319727891, 32.97278911564626, 32.98979591836735, 32.97959183673469, 32.97278911564626, 32.97959183673469, 32.98299319727891, 32.98299319727891, 32.976190476190474, 32.98639455782313, 32.96258503401361, 32.98299319727891, 32.993197278911566, 32.97278911564626, 32.98979591836735, 32.965986394557824, 32.98299319727891, 32.97278911564626, 32.98299319727891, 32.982993197278915, 32.97959183673469, 32.98299319727891, 32.965986394557824, 32.96258503401361, 32.95918367346938, 32.97278911564626, 32.95238095238095, 32.976190476190474, 32.97278911564626, 32.98299319727891, 32.98299319727891, 32.98979591836735, 32.982993197278915, 32.99659863945578, 32.98979591836735, 32.98299319727891, 32.98299319727891, 32.97278911564626, 32.98639455782313, 32.98639455782313, 32.95918367346939, 32.965986394557824, 32.9625850340136, 32.95238095238095, 32.965986394557824, 32.97278911564626, 32.96598639455782, 32.97278911564626, 32.982993197278915, 32.95918367346938, 32.955782312925166, 32.976190476190474, 32.97278911564626, 32.96938775510204, 32.96938775510204, 32.97959183673469, 32.976190476190474, 32.96938775510204, 32.976190476190474, 32.96938775510204, 32.96258503401361, 32.98639455782313, 32.97278911564626, 32.98299319727891, 32.976190476190474, 32.976190476190474, 32.976190476190474, 32.98299319727891, 32.976190476190474, 32.98299319727891, 32.97278911564626, 32.976190476190474, 32.96938775510204, 32.97278911564626, 32.96938775510204, 32.96938775510204, 32.965986394557824, 32.976190476190474, 32.97959183673469, 32.9795918367347, 32.97278911564626, 32.982993197278915, 32.96938775510204, 32.96938775510204, 32.976190476190474, 32.97959183673469, 32.96258503401361, 32.96938775510204, 32.97959183673469, 32.965986394557824, 32.97278911564626, 32.98979591836735, 32.98639455782313, 32.98299319727891, 32.976190476190474, 32.965986394557824, 32.98299319727891, 32.945578231292515, 32.96258503401361, 32.96258503401361, 32.97278911564626, 32.976190476190474, 32.98979591836735, 32.976190476190474, 32.982993197278915, 32.96938775510204, 32.96938775510204, 32.96938775510204, 32.98639455782313, 32.98639455782313, 32.98299319727891, 32.98299319727891, 32.982993197278915, 32.98979591836735, 32.98639455782313, 32.976190476190474, 32.976190476190474, 32.98979591836735, 32.96938775510204, 32.965986394557824, 32.976190476190474, 32.96258503401361, 32.976190476190474, 32.965986394557824, 32.976190476190474, 32.976190476190474, 32.97959183673469, 32.98639455782313, 32.97278911564626, 32.955782312925166, 32.965986394557824, 32.955782312925166, 32.96938775510204, 32.96938775510204, 32.976190476190474, 32.982993197278915, 32.97278911564626, 32.97278911564626, 32.97959183673469, 32.976190476190474, 32.97278911564626, 32.9625850340136, 32.96938775510204, 32.97278911564626, 32.97959183673469, 32.9625850340136, 32.976190476190474, 32.96938775510204, 32.95238095238095, 32.976190476190474, 32.96938775510204, 32.97278911564626, 32.97959183673469, 32.96938775510204, 32.96258503401361, 32.9625850340136, 32.95918367346938, 32.95918367346938, 32.95238095238095, 32.96598639455782, 32.976190476190474, 32.976190476190474, 32.965986394557824, 32.965986394557824, 32.96258503401361, 32.965986394557824, 32.98639455782313, 32.97959183673469, 32.95918367346938, 32.98299319727891, 32.98299319727891, 32.976190476190474, 32.976190476190474, 32.97959183673469, 32.976190476190474, 32.96938775510204, 32.95238095238095, 32.95918367346939, 32.96938775510204, 32.97959183673469, 32.96938775510204, 32.98299319727891, 32.97959183673469, 32.965986394557824, 32.95238095238095, 32.97278911564626, 32.95918367346939, 32.976190476190474, 32.97278911564626, 32.96938775510204, 32.97278911564626, 32.965986394557824, 32.96598639455782, 32.95918367346939, 32.96258503401361, 32.96938775510204, 32.955782312925166, 32.95918367346938, 32.95918367346938, 32.94897959183673, 32.95918367346939, 32.96258503401361, 32.95238095238095, 32.96938775510204, 32.96258503401361, 32.95238095238095, 32.96258503401361, 32.965986394557824, 32.96938775510204, 32.976190476190474, 32.955782312925166, 32.965986394557824, 32.97278911564626, 32.96938775510204, 32.96938775510204, 32.96258503401361, 32.96938775510204, 32.96938775510204, 32.976190476190474, 32.94897959183673, 32.97278911564626, 32.97278911564626, 32.97278911564626, 32.97278911564626, 32.976190476190474, 32.97278911564626, 32.94897959183673, 32.94897959183673, 32.96258503401361, 32.96258503401361, 32.95918367346938, 32.96938775510204, 32.955782312925166, 32.965986394557824, 32.95918367346939, 32.95238095238095, 32.95918367346939, 32.955782312925166, 32.94897959183673, 32.95238095238095, 32.982993197278915, 32.9625850340136, 32.96938775510204, 32.96938775510204, 32.98979591836735, 32.97278911564626, 32.96938775510204, 32.96258503401361, 32.945578231292515]",0.9081151594712638,0.93471680127784,33,"[33, 33, 33, 33, 33, 33, 33, 33, 33, 33, 33, 33, 33, 33, 33, 33, 33, 33, 33, 33, 33, 33, 33, 33, 33, 33, 33, 33, 33, 33, 33, 33, 33, 33, 33, 33, 33, 33, 33, 33, 33, 33, 33, 33, 33, 33, 33, 33, 33, 33, 33, 33, 33, 33, 33, 33, 33, 33, 33, 33, 33, 33, 33, 33, 33, 33, 33, 33, 33, 33, 33, 33, 33, 33, 33, 33, 33, 33, 33, 33, 33, 33, 33, 33, 33, 33, 33, 33, 33, 33, 33, 33, 33, 33, 33, 33, 33, 33, 33, 33, 33, 33, 33, 33, 33, 33, 33, 33, 33, 33, 33, 33, 33, 33, 33, 33, 33, 33, 33, 33, 33, 33, 33, 33, 33, 33, 33, 33, 33, 33, 33, 33, 33, 33, 33, 33, 33, 33, 33, 33, 33, 33, 33, 33, 33, 33, 33, 33, 33, 33, 33, 33, 33, 33, 33, 33, 33, 33, 33, 33, 33, 33, 33, 33, 33, 33, 33, 33, 33, 33, 33, 33, 33, 33, 33, 33, 33, 33, 33, 33, 33, 33, 33, 33, 33, 33, 33, 33, 33, 33, 33, 33, 33, 33, 33, 33, 33, 33, 33, 33, 33, 33, 33, 33, 33, 33, 33, 33, 33, 33, 33, 33, 33, 33, 33, 33, 33, 33, 33, 33, 33, 33, 33, 33, 33, 33, 33, 33, 33, 33, 33, 33, 33, 33, 33, 33, 33, 33, 33, 33, 33, 33, 33, 33, 33, 33, 33, 33, 33, 33, 33, 33, 33, 33, 33, 33, 33, 33, 33, 33]",260,"[0.382466197013855, 0.37688812613487244, 0.3783666491508484, 0.3584892153739929, 0.3577553629875183, 0.34463226795196533, 0.3394313454627991, 0.33113598823547363, 0.32953211665153503, 0.32239317893981934, 0.3183947801589966, 0.30805543065071106, 0.3043361008167267, 0.29907676577568054, 0.3086969256401062, 0.28497642278671265, 0.3039781153202057, 0.27454283833503723, 0.270291805267334, 0.26919716596603394, 0.2636108100414276, 0.28974345326423645, 0.2586214542388916, 0.2597150504589081, 0.25825968384742737, 0.24803152680397034, 0.24884168803691864, 0.24660786986351013, 0.244632288813591, 0.2562432885169983, 0.24259701371192932, 0.24011117219924927, 0.23623348772525787, 0.23811334371566772, 0.23547960817813873, 0.23830223083496094, 0.2313864380121231, 0.2380271553993225, 0.23418094217777252, 0.22645288705825806, 0.22594478726387024, 0.22446176409721375, 0.2330763041973114, 0.2262532263994217, 0.22716720402240753, 0.22425638139247894, 0.22030910849571228, 0.2208138108253479, 0.21857669949531555, 0.22171618044376373, 0.21708346903324127, 0.21775779128074646, 0.22030150890350342, 0.21668754518032074, 0.2314588874578476, 0.21634767949581146, 0.23940536379814148, 0.2291446328163147, 0.211674764752388, 0.22560250759124756, 0.2122124880552292, 0.21159078180789948, 0.21249991655349731, 0.21602091193199158, 0.2141537219285965, 0.2159971296787262, 0.21077793836593628, 0.22075510025024414, 0.2094695270061493, 0.21282093226909637, 0.21118302643299103, 0.20671197772026062, 0.2096376270055771, 0.20710815489292145, 0.2115573287010193, 0.20864975452423096, 0.21004585921764374, 0.20810383558273315, 0.20519281923770905, 0.219212144613266, 0.20956173539161682, 0.2111300677061081, 0.2045121192932129, 0.21250130236148834, 0.20961500704288483, 0.21121762692928314, 0.20213229954242706, 0.20637205243110657, 0.19924156367778778, 0.2053370624780655, 0.20458096265792847, 0.2043432742357254, 0.20542758703231812, 0.21263965964317322, 0.20593662559986115, 0.20997008681297302, 0.2025744467973709, 0.20281869173049927, 0.19785180687904358, 0.21053795516490936, 0.205184668302536, 0.20429393649101257, 0.20214495062828064, 0.20300579071044922, 0.20048797130584717, 0.2141060084104538, 0.19957897067070007, 0.19977827370166779, 0.2026406079530716, 0.20686498284339905, 0.19919724762439728, 0.20394766330718994, 0.2005932480096817, 0.20735567808151245, 0.19791078567504883, 0.20154181122779846, 0.20937515795230865, 0.1977401226758957, 0.20286594331264496, 0.20211192965507507, 0.1980072408914566, 0.20002716779708862, 0.2035471498966217, 0.1973377764225006, 0.20217500627040863, 0.19795048236846924, 0.2000584453344345, 0.20127297937870026, 0.1980983316898346, 0.20400682091712952, 0.21362829208374023, 0.1951039433479309, 0.20796345174312592, 0.19799202680587769, 0.19802670180797577, 0.20452453196048737, 0.19993643462657928, 0.1951945722103119, 0.20436783134937286, 0.19775927066802979, 0.20511943101882935, 0.19734539091587067, 0.19642184674739838, 0.20307153463363647, 0.19766971468925476, 0.19730855524539948, 0.19461476802825928, 0.1967114955186844, 0.19346855580806732, 0.20358611643314362, 0.1987413763999939, 0.20028656721115112, 0.19434498250484467, 0.19881018996238708, 0.20303550362586975, 0.20779676735401154, 0.2001393884420395, 0.19666548073291779, 0.19281955063343048, 0.2000543624162674, 0.1978323608636856, 0.1989494264125824, 0.1986127346754074, 0.1983647495508194, 0.20068193972110748, 0.20352569222450256, 0.2031760960817337, 0.19632947444915771, 0.19666288793087006, 0.19904249906539917, 0.20726259052753448, 0.20209559798240662, 0.20119628310203552, 0.20121443271636963, 0.21158987283706665, 0.19997753202915192, 0.19316788017749786, 0.19721826910972595, 0.19598665833473206, 0.20379255712032318, 0.20463180541992188, 0.1962583214044571, 0.19409938156604767, 0.20010405778884888, 0.2057853490114212, 0.19940845668315887, 0.20255665481090546, 0.19882352650165558, 0.19565069675445557, 0.2007080614566803, 0.19801472127437592, 0.21816885471343994, 0.2013089507818222, 0.2024717926979065, 0.20892877876758575, 0.19767910242080688, 0.19778822362422943, 0.19960325956344604, 0.20010268688201904, 0.20021668076515198, 0.20062705874443054, 0.20651648938655853, 0.20780521631240845, 0.21255606412887573, 0.2119186520576477, 0.1997818797826767, 0.1942225992679596, 0.21151018142700195, 0.200653538107872, 0.20541243255138397, 0.19603043794631958, 0.21269923448562622, 0.22171039879322052, 0.20190230011940002, 0.20406346023082733, 0.20457115769386292, 0.2086501121520996, 0.2036878764629364, 0.20169569551944733, 0.2016783505678177, 0.20358934998512268, 0.20200887322425842, 0.20296667516231537, 0.20693011581897736, 0.19976255297660828, 0.19684487581253052, 0.1993190348148346, 0.20706824958324432, 0.20176084339618683, 0.2002926617860794, 0.20573395490646362, 0.19961188733577728, 0.19897978007793427, 0.19871389865875244, 0.21311192214488983, 0.2067762166261673, 0.20638549327850342, 0.2061031013727188, 0.2026209980249405, 0.2063787281513214, 0.22621577978134155, 0.20460999011993408, 0.20744100213050842, 0.20969286561012268, 0.20109540224075317, 0.2039213925600052, 0.20167380571365356, 0.20105156302452087, 0.20782755315303802, 0.21024732291698456, 0.20305368304252625, 0.20208397507667542, 0.2045171707868576, 0.20233602821826935, 0.20333924889564514, 0.2116478532552719, 0.20355015993118286, 0.20504015684127808, 0.20632784068584442, 0.20997393131256104]",33.0,"[33.0, 33.0, 33.0, 33.0, 33.0, 33.0, 33.0, 33.0, 33.0, 33.0, 33.0, 33.0, 33.0, 33.0, 33.0, 33.0, 33.0, 33.0, 33.0, 33.0, 33.0, 33.0, 33.0, 33.0, 33.0, 33.0, 33.0, 33.0, 33.0, 33.0, 33.0, 33.0, 33.0, 33.0, 33.0, 33.0, 33.0, 33.0, 33.0, 33.0, 33.0, 33.0, 33.0, 33.0, 33.0, 33.0, 33.0, 33.0, 33.0, 33.0, 33.0, 33.0, 33.0, 33.0, 33.0, 33.0, 33.0, 33.0, 33.0, 33.0, 33.0, 33.0, 33.0, 33.0, 33.0, 33.0, 33.0, 33.0, 33.0, 33.0, 33.0, 33.0, 33.0, 33.0, 33.0, 33.0, 33.0, 33.0, 33.0, 33.0, 33.0, 33.0, 33.0, 33.0, 33.0, 33.0, 33.0, 33.0, 33.0, 33.0, 33.0, 33.0, 33.0, 33.0, 33.0, 33.0, 33.0, 33.0, 33.0, 33.0, 33.0, 33.0, 33.0, 33.0, 33.0, 33.0, 33.0, 33.0, 33.0, 33.0, 33.0, 33.0, 33.0, 33.0, 33.0, 33.0, 33.0, 33.0, 33.0, 33.0, 33.0, 33.0, 33.0, 33.0, 33.0, 33.0, 33.0, 33.0, 33.0, 33.0, 33.0, 33.0, 33.0, 33.0, 33.0, 33.0, 33.0, 33.0, 33.0, 33.0, 33.0, 33.0, 33.0, 33.0, 33.0, 33.0, 33.0, 33.0, 33.0, 33.0, 33.0, 33.0, 33.0, 33.0, 33.0, 33.0, 33.0, 33.0, 33.0, 33.0, 33.0, 33.0, 33.0, 33.0, 33.0, 33.0, 33.0, 33.0, 33.0, 33.0, 33.0, 33.0, 33.0, 33.0, 33.0, 33.0, 33.0, 33.0, 33.0, 33.0, 33.0, 33.0, 33.0, 33.0, 33.0, 33.0, 33.0, 33.0, 33.0, 33.0, 33.0, 33.0, 33.0, 33.0, 33.0, 33.0, 33.0, 33.0, 33.0, 33.0, 33.0, 33.0, 33.0, 33.0, 33.0, 33.0, 33.0, 33.0, 33.0, 33.0, 33.0, 33.0, 33.0, 33.0, 33.0, 33.0, 33.0, 33.0, 33.0, 33.0, 33.0, 33.0, 33.0, 33.0, 33.0, 33.0, 33.0, 33.0, 33.0, 33.0, 33.0, 33.0, 33.0, 33.0, 33.0, 33.0, 33.0, 33.0, 33.0, 33.0, 33.0, 33.0, 33.0, 33.0, 33.0, 33.0, 33.0, 33.0, 33.0, 33.0, 33.0, 33.0, 33.0, 33.0, 33.0, 33.0, 33.0, 33.0, 33.0, 33.0]",COMPLETE
132,132,0.5,2024-08-31 06:03:45.874106,2024-08-31 06:04:19.475458,0 days 00:00:33.601352,1,3.80015135294139,1,85,0.13900221432534624,43,0.0005669975208348144,0.859,0.85875,0,"[23, 22, 7, 5, 0, 1, 4, 11, 3, 1, 6, 3, 2, 0, 1, 3, 0, 2, 2, 1, 1, 2, 2, 2, 2, 2, 1, 0, 1, 1, 5, 3, 0, 2, 4, 0, 0, 2, 1, 1, 1, 0, 1, 0, 2, 1, 0, 2, 3, 2, 0, 4, 4, 1, 3, 0, 1, 0, 4, 2, 1, 4, 3, 1, 1, 2, 0, 1, 1, 2, 1, 3, 2, 0, 2, 0, 2, 1, 0, 0, 0, 1, 5, 3, 0]",0.0,"[23.0, 22.0, 6.976744186046512, 4.953488372093023, 0.0, 1.0, 4.0, 10.930232558139535, 2.9767441860465116, 0.9767441860465116, 5.976744186046512, 3.0, 2.0, 0.0, 0.9767441860465116, 3.0, 0.0, 1.9534883720930232, 1.9767441860465116, 1.0, 1.0, 2.0, 2.0, 2.0, 2.0, 1.9767441860465116, 1.0, 0.0, 1.0, 0.9767441860465116, 4.953488372093023, 2.953488372093023, 0.0, 2.0, 3.9069767441860463, 0.0, 0.0, 1.9534883720930232, 1.0, 0.9767441860465116, 0.9767441860465116, 0.0, 1.0, 0.0, 1.9767441860465116, 1.0, 0.0, 1.9767441860465116, 3.0, 1.9767441860465116, 0.0, 4.0, 4.0, 0.9767441860465116, 3.0, 0.0, 1.0, 0.0, 3.9767441860465116, 1.9767441860465116, 1.0, 4.0, 2.953488372093023, 1.0, 1.0, 1.9534883720930232, 0.0, 1.0, 1.0, 2.0, 1.0, 2.9767441860465116, 2.0, 0.0, 1.9767441860465116, 0.0, 1.9767441860465116, 0.9767441860465116, 0.0, 0.0, 0.0, 1.0, 5.0, 2.9767441860465116, 0.0]",0.5,0.5,0,"[23, 22, 7, 5, 0, 1, 4, 11, 3, 1, 6, 3, 2, 0, 1, 3, 0, 2, 2, 1, 1, 2, 2, 2, 2, 2, 1, 0, 1, 1, 5, 3, 0, 2, 4, 0, 0, 2, 1, 1, 1, 0, 1, 0, 2, 1, 0, 2, 3, 2, 0, 4, 4, 1, 3, 0, 1, 0, 4, 2, 1, 4, 3, 1, 1, 2, 0, 1, 1, 2, 1, 3, 2, 0, 2, 0, 2, 1, 0, 0, 0, 1, 5, 3, 0]",85,"[5.863544940948486, 11.347037315368652, 28.403234481811523, 9.321222305297852, 13.406133651733398, 4.113251686096191, 18.819154739379883, 19.990787506103516, 12.049164772033691, 14.049627304077148, 16.64006805419922, 20.46031951904297, 7.606816291809082, 22.71917724609375, 21.890710830688477, 19.60091209411621, 18.278905868530273, 1.7047077417373657, 14.101271629333496, 14.719953536987305, 23.00165557861328, 25.037490844726562, 29.149999618530273, 23.314929962158203, 31.0172061920166, 21.71405601501465, 13.81225299835205, 13.565507888793945, 18.649110794067383, 5.147101879119873, 3.780564308166504, 3.6548755168914795, 6.0108113288879395, 16.655561447143555, 7.144886493682861, 5.781324863433838, 9.713447570800781, 2.842226266860962, 4.859675407409668, 3.0243804454803467, 9.513481140136719, 6.316914081573486, 28.547033309936523, 15.029272079467773, 3.5669944286346436, 5.487342357635498, 3.7394039630889893, 3.974611282348633, 11.335723876953125, 4.571507930755615, 17.213342666625977, 11.084200859069824, 21.386188507080078, 6.724639892578125, 23.984107971191406, 16.627477645874023, 6.083526611328125, 23.371850967407227, 6.664238452911377, 4.905941963195801, 26.242250442504883, 14.771960258483887, 2.672454833984375, 2.681182861328125, 12.993823051452637, 3.0870819091796875, 12.169781684875488, 5.256467342376709, 3.7271852493286133, 61.62424850463867, 16.374305725097656, 12.445657730102539, 48.80937194824219, 23.26578140258789, 13.79332160949707, 20.91946792602539, 3.388146162033081, 5.655808925628662, 9.882328033447266, 9.046146392822266, 9.374157905578613, 10.99095344543457, 16.672868728637695, 25.511838912963867, 9.086357116699219]",0.0,"[23.0, 22.0, 7.0, 5.0, 0.0, 1.0, 4.0, 11.0, 3.0, 1.0, 6.0, 3.0, 2.0, 0.0, 1.0, 3.0, 0.0, 2.0, 2.0, 1.0, 1.0, 2.0, 2.0, 2.0, 2.0, 2.0, 1.0, 0.0, 1.0, 1.0, 5.0, 3.0, 0.0, 2.0, 4.0, 0.0, 0.0, 2.0, 1.0, 1.0, 1.0, 0.0, 1.0, 0.0, 2.0, 1.0, 0.0, 2.0, 3.0, 2.0, 0.0, 4.0, 4.0, 1.0, 3.0, 0.0, 1.0, 0.0, 4.0, 2.0, 1.0, 4.0, 3.0, 1.0, 1.0, 2.0, 0.0, 1.0, 1.0, 2.0, 1.0, 3.0, 2.0, 0.0, 2.0, 0.0, 2.0, 1.0, 0.0, 0.0, 0.0, 1.0, 5.0, 3.0, 0.0]",COMPLETE
