,number,value,datetime_start,datetime_complete,duration,params_batch_size_scaler,params_constant_learning_rate,params_depth,params_epochs,params_kernel_l2,params_num_trees,params_temperature,user_attrs_accuracy_test,user_attrs_accuracy_valid,user_attrs_approximate_feature_sparsity,user_attrs_approximate_feature_sparsity_history,user_attrs_approximate_weight_sparsity,user_attrs_approximate_weight_sparsity_history,user_attrs_auc_test,user_attrs_auc_valid,user_attrs_feature_sparsity,user_attrs_feature_sparsity_history,user_attrs_num_epochs,user_attrs_val_loss_history,user_attrs_weight_sparsity,user_attrs_weight_sparsity_history,state
3,3,0.9107186562069277,2024-08-31 00:33:39.288143,2024-08-31 00:35:57.479890,0 days 00:02:18.191747,4,0.029831165501950023,4,320,0.016013502457514095,55,0.008900518906538096,0.914,0.905,33,"[33, 33, 33, 33, 33, 33, 33, 33, 33, 33, 33, 33, 33, 33, 33, 33, 33, 33, 33, 33, 33, 33, 33, 33, 33, 33, 33, 33, 33, 33, 33, 33, 33, 33, 33, 33, 33, 33, 33, 33, 33, 33, 33, 33, 33, 33, 33, 33, 33, 33, 33, 33, 33, 33, 33, 33, 33, 33, 33, 33, 33, 33, 33, 33, 33, 33, 33, 33, 33, 33, 33, 33, 33, 33, 33, 33, 33, 33, 33, 33, 33, 33, 33, 33, 33, 33, 33, 33, 33, 33, 33, 33, 33, 33, 33, 33, 33, 33, 33, 33, 33, 33, 33, 33, 33, 33, 33, 33, 33, 33, 33, 33, 33, 33, 33, 33, 33, 33, 33, 33, 33, 33, 33, 33, 33, 33, 33, 33, 33, 33, 33, 33, 33, 33, 33, 33, 33, 33, 33, 33, 33, 33, 33, 33, 33, 33, 33, 33, 33, 33, 33, 33, 33, 33, 33, 33, 33, 33, 33, 33, 33, 33, 33, 33, 33, 33, 33, 33, 33, 33, 33, 33, 33, 33, 33, 33, 33, 33, 33, 33, 33, 33, 33, 33, 33, 33, 33, 33, 33, 33, 33, 33, 33, 33, 33, 33, 33, 33, 33, 33, 33, 33, 33, 33, 33, 33, 33, 33, 33, 33, 33, 33, 33, 33, 33, 33, 33, 33, 33, 33, 33, 33, 33, 33, 33, 33, 33, 33, 33, 33, 33, 33, 33, 33, 33, 33, 33, 33, 33, 33, 33, 33, 33, 33, 33, 33, 33, 33, 33, 33, 33, 33, 33, 33, 33, 33, 33, 33, 33, 33, 33, 33, 33, 33, 33, 33, 33, 33, 33, 33, 33, 33, 33, 33, 33, 33, 33, 33, 33, 33, 33, 33, 33, 33, 33, 33, 33, 33, 33, 33, 33, 33, 33, 33, 33, 33, 33, 33, 33, 33, 33, 33, 33, 33, 33, 33, 33, 33, 33, 33, 33, 33, 33, 33, 33, 33, 33, 33, 33, 33]",32.96,"[32.95757575757576, 32.95878787878788, 32.9539393939394, 32.96242424242425, 32.95757575757576, 32.95757575757576, 32.95030303030303, 32.95151515151515, 32.95878787878788, 32.96484848484849, 32.97090909090909, 32.95757575757576, 32.96121212121212, 32.95515151515151, 32.97212121212121, 32.95878787878788, 32.95878787878788, 32.96242424242424, 32.96848484848485, 32.97090909090909, 32.96363636363636, 32.96242424242424, 32.96969696969697, 32.96727272727273, 32.96606060606061, 32.96121212121212, 32.96969696969697, 32.96484848484848, 32.96484848484849, 32.96727272727273, 32.96727272727273, 32.96484848484849, 32.96363636363637, 32.96484848484849, 32.96848484848485, 32.96848484848485, 32.96484848484849, 32.97090909090909, 32.96848484848485, 32.97818181818182, 32.974545454545456, 32.974545454545456, 32.97454545454545, 32.97212121212121, 32.96121212121212, 32.96969696969697, 32.973333333333336, 32.96606060606061, 32.96727272727273, 32.96727272727273, 32.96484848484848, 32.95393939393939, 32.958787878787874, 32.95878787878788, 32.95515151515151, 32.95151515151515, 32.96606060606061, 32.96484848484849, 32.96121212121212, 32.96606060606061, 32.96242424242424, 32.96727272727273, 32.96121212121212, 32.96363636363636, 32.96727272727273, 32.96848484848485, 32.96727272727273, 32.974545454545456, 32.96969696969697, 32.96969696969697, 32.96848484848485, 32.9660606060606, 32.96727272727273, 32.970909090909096, 32.96242424242424, 32.96242424242425, 32.95272727272727, 32.95272727272727, 32.95757575757576, 32.96121212121212, 32.96606060606061, 32.96606060606061, 32.96242424242424, 32.96, 32.96242424242424, 32.96, 32.96363636363636, 32.96121212121212, 32.95636363636363, 32.95515151515151, 32.95515151515151, 32.96484848484849, 32.96363636363637, 32.95757575757575, 32.95757575757575, 32.95151515151515, 32.95515151515151, 32.96, 32.95272727272727, 32.94787878787879, 32.95393939393939, 32.95515151515151, 32.96484848484849, 32.95636363636363, 32.959999999999994, 32.96121212121212, 32.959999999999994, 32.95636363636363, 32.95515151515151, 32.96, 32.96363636363637, 32.96121212121213, 32.95515151515151, 32.96, 32.96242424242424, 32.96727272727273, 32.96121212121212, 32.95515151515151, 32.95636363636363, 32.96121212121212, 32.959999999999994, 32.96121212121212, 32.96606060606061, 32.96727272727273, 32.96848484848485, 32.96727272727273, 32.96848484848485, 32.973333333333336, 32.96848484848485, 32.96363636363636, 32.96242424242424, 32.96242424242424, 32.95636363636364, 32.95636363636363, 32.96242424242424, 32.95515151515151, 32.95272727272727, 32.95636363636364, 32.95151515151515, 32.96242424242424, 32.96242424242424, 32.96121212121212, 32.96121212121212, 32.96969696969697, 32.96606060606061, 32.96848484848485, 32.96848484848485, 32.96363636363636, 32.96363636363637, 32.95878787878788, 32.96848484848485, 32.972121212121216, 32.95757575757576, 32.95878787878788, 32.95636363636364, 32.96242424242424, 32.96848484848485, 32.96242424242424, 32.95878787878788, 32.96363636363636, 32.96484848484848, 32.96606060606061, 32.95636363636364, 32.95030303030303, 32.95515151515152, 32.95030303030303, 32.95393939393939, 32.95636363636363, 32.96, 32.95393939393939, 32.96242424242424, 32.96121212121212, 32.96969696969697, 32.97090909090909, 32.96121212121212, 32.96363636363636, 32.96, 32.96242424242424, 32.96242424242424, 32.96363636363636, 32.96121212121212, 32.96363636363637, 32.95393939393939, 32.95515151515151, 32.96121212121212, 32.96484848484848, 32.972121212121216, 32.97333333333333, 32.96121212121212, 32.95515151515151, 32.96, 32.96848484848485, 32.96606060606061, 32.96969696969697, 32.96606060606061, 32.96727272727273, 32.97212121212121, 32.97333333333333, 32.970909090909096, 32.97212121212121, 32.97090909090909, 32.972121212121216, 32.96969696969697, 32.96484848484849, 32.974545454545456, 32.97212121212121, 32.97333333333333, 32.96606060606061, 32.97090909090909, 32.96969696969697, 32.97333333333333, 32.96969696969697, 32.97090909090909, 32.97575757575758, 32.97818181818182, 32.97575757575758, 32.97090909090909, 32.97212121212121, 32.97090909090909, 32.9769696969697, 32.97575757575758, 32.9769696969697, 32.979393939393944, 32.97575757575758, 32.97818181818182, 32.974545454545456, 32.973333333333336, 32.97090909090909, 32.97090909090909, 32.97575757575758, 32.96969696969697, 32.96848484848485, 32.96727272727273, 32.96848484848485, 32.96484848484849, 32.96606060606061, 32.96121212121212, 32.959999999999994, 32.95757575757576, 32.95515151515151, 32.96363636363637, 32.96242424242425, 32.96484848484849, 32.96121212121212, 32.96606060606061, 32.96848484848485, 32.96727272727273, 32.96606060606061, 32.96484848484849, 32.96727272727273, 32.97090909090909, 32.96969696969697, 32.96727272727273, 32.96363636363637, 32.96606060606061, 32.96363636363636, 32.96484848484849, 32.96848484848485, 32.96484848484849, 32.96727272727273, 32.97212121212121, 32.96848484848485, 32.97090909090909, 32.97575757575758, 32.972121212121216, 32.97090909090909, 32.96606060606061, 32.96606060606061, 32.96363636363636, 32.96727272727273, 32.95878787878788, 32.95757575757576, 32.96, 32.96, 32.96, 32.95757575757576, 32.95393939393939, 32.95757575757576, 32.95878787878788, 32.95393939393939, 32.96121212121212, 32.96484848484849, 32.96363636363637, 32.96727272727273, 32.96242424242425, 32.96484848484849, 32.95878787878788, 32.96727272727273, 32.96, 32.96484848484849, 32.96242424242424, 32.96242424242425, 32.96242424242424, 32.96606060606061, 32.96363636363637, 32.96727272727273, 32.96606060606061, 32.96363636363636, 32.96121212121212, 32.96121212121212, 32.96484848484848, 32.96727272727273, 32.973333333333336, 32.96969696969697, 32.96969696969697, 32.97212121212121, 32.96727272727273, 32.96484848484848, 32.96727272727273, 32.96242424242424, 32.95757575757575, 32.958787878787874, 32.95515151515151, 32.95030303030303, 32.95393939393939, 32.95878787878788, 32.96, 32.95757575757576, 32.96, 32.96]",0.8923785698362767,0.9107186562069277,33,"[33, 33, 33, 33, 33, 33, 33, 33, 33, 33, 33, 33, 33, 33, 33, 33, 33, 33, 33, 33, 33, 33, 33, 33, 33, 33, 33, 33, 33, 33, 33, 33, 33, 33, 33, 33, 33, 33, 33, 33, 33, 33, 33, 33, 33, 33, 33, 33, 33, 33, 33, 33, 33, 33, 33, 33, 33, 33, 33, 33, 33, 33, 33, 33, 33, 33, 33, 33, 33, 33, 33, 33, 33, 33, 33, 33, 33, 33, 33, 33, 33, 33, 33, 33, 33, 33, 33, 33, 33, 33, 33, 33, 33, 33, 33, 33, 33, 33, 33, 33, 33, 33, 33, 33, 33, 33, 33, 33, 33, 33, 33, 33, 33, 33, 33, 33, 33, 33, 33, 33, 33, 33, 33, 33, 33, 33, 33, 33, 33, 33, 33, 33, 33, 33, 33, 33, 33, 33, 33, 33, 33, 33, 33, 33, 33, 33, 33, 33, 33, 33, 33, 33, 33, 33, 33, 33, 33, 33, 33, 33, 33, 33, 33, 33, 33, 33, 33, 33, 33, 33, 33, 33, 33, 33, 33, 33, 33, 33, 33, 33, 33, 33, 33, 33, 33, 33, 33, 33, 33, 33, 33, 33, 33, 33, 33, 33, 33, 33, 33, 33, 33, 33, 33, 33, 33, 33, 33, 33, 33, 33, 33, 33, 33, 33, 33, 33, 33, 33, 33, 33, 33, 33, 33, 33, 33, 33, 33, 33, 33, 33, 33, 33, 33, 33, 33, 33, 33, 33, 33, 33, 33, 33, 33, 33, 33, 33, 33, 33, 33, 33, 33, 33, 33, 33, 33, 33, 33, 33, 33, 33, 33, 33, 33, 33, 33, 33, 33, 33, 33, 33, 33, 33, 33, 33, 33, 33, 33, 33, 33, 33, 33, 33, 33, 33, 33, 33, 33, 33, 33, 33, 33, 33, 33, 33, 33, 33, 33, 33, 33, 33, 33, 33, 33, 33, 33, 33, 33, 33, 33, 33, 33, 33, 33, 33, 33, 33, 33, 33, 33, 33]",320,"[0.4023212194442749, 0.3943290412425995, 0.3908632695674896, 0.3880404531955719, 0.3855912685394287, 0.38346123695373535, 0.3817102909088135, 0.37996920943260193, 0.37858420610427856, 0.3772675395011902, 0.37594231963157654, 0.37482312321662903, 0.373900830745697, 0.3728463351726532, 0.3719140589237213, 0.37111830711364746, 0.37034446001052856, 0.36960723996162415, 0.36877140402793884, 0.3680933713912964, 0.36739131808280945, 0.3667548894882202, 0.36608412861824036, 0.36554160714149475, 0.364885151386261, 0.36436954140663147, 0.3638268709182739, 0.36307403445243835, 0.36238136887550354, 0.36178362369537354, 0.36137279868125916, 0.3605429530143738, 0.3601035177707672, 0.35938388109207153, 0.35884422063827515, 0.35835400223731995, 0.3576276898384094, 0.35710540413856506, 0.3565066456794739, 0.3562038540840149, 0.35544440150260925, 0.35477176308631897, 0.3542095422744751, 0.353796124458313, 0.3531742990016937, 0.35263684391975403, 0.3520573675632477, 0.35162654519081116, 0.3508668839931488, 0.3503480851650238, 0.349883496761322, 0.3492671251296997, 0.34870919585227966, 0.3481350243091583, 0.34762993454933167, 0.34702983498573303, 0.3465364873409271, 0.3460884988307953, 0.3455718755722046, 0.3449094295501709, 0.34430941939353943, 0.34384214878082275, 0.3433578610420227, 0.34295547008514404, 0.3421667516231537, 0.34167614579200745, 0.341091513633728, 0.34077203273773193, 0.3400219678878784, 0.33974629640579224, 0.3391760289669037, 0.338561087846756, 0.33798426389694214, 0.33742374181747437, 0.33677875995635986, 0.33628833293914795, 0.33583351969718933, 0.3352217376232147, 0.3346296548843384, 0.3340332508087158, 0.3334978222846985, 0.33295533061027527, 0.3324074447154999, 0.33179253339767456, 0.3312050700187683, 0.3306844234466553, 0.33012837171554565, 0.3295300304889679, 0.3289826214313507, 0.3284161686897278, 0.32794609665870667, 0.3272324800491333, 0.3267093896865845, 0.32608237862586975, 0.325535386800766, 0.3249976336956024, 0.32426297664642334, 0.3236629068851471, 0.32322627305984497, 0.3225262463092804, 0.32214033603668213, 0.3214000463485718, 0.32069680094718933, 0.32006192207336426, 0.31940707564353943, 0.31887713074684143, 0.31816670298576355, 0.3174936771392822, 0.3168884515762329, 0.3164346516132355, 0.31559979915618896, 0.31496256589889526, 0.31432875990867615, 0.3138183057308197, 0.31299495697021484, 0.3123404085636139, 0.31171122193336487, 0.31094396114349365, 0.31026023626327515, 0.3097539246082306, 0.3088904023170471, 0.3081566095352173, 0.3075202405452728, 0.30685970187187195, 0.30605921149253845, 0.3053697645664215, 0.3047713339328766, 0.30406132340431213, 0.3032910227775574, 0.3025508522987366, 0.30187752842903137, 0.30118781328201294, 0.300482839345932, 0.2997834086418152, 0.2990835905075073, 0.2983885705471039, 0.2976440191268921, 0.2969042956829071, 0.29623663425445557, 0.29546722769737244, 0.29476597905158997, 0.29416877031326294, 0.293423593044281, 0.29277244210243225, 0.29201576113700867, 0.29135531187057495, 0.29066431522369385, 0.2899799942970276, 0.28934189677238464, 0.28855109214782715, 0.28786298632621765, 0.287184476852417, 0.28662705421447754, 0.285925030708313, 0.2852078676223755, 0.2845659554004669, 0.28389081358909607, 0.2832306921482086, 0.2826411724090576, 0.2820300757884979, 0.2813972532749176, 0.2807672619819641, 0.2800792157649994, 0.279451847076416, 0.27892524003982544, 0.27829957008361816, 0.2777309715747833, 0.277141809463501, 0.2765571177005768, 0.27608880400657654, 0.2755151689052582, 0.27485591173171997, 0.2742868959903717, 0.27375859022140503, 0.2732591927051544, 0.27270612120628357, 0.2721606194972992, 0.2716410756111145, 0.2712263762950897, 0.270684152841568, 0.27011629939079285, 0.2696216106414795, 0.26912060379981995, 0.2686382532119751, 0.2681944668292999, 0.26773664355278015, 0.2672309875488281, 0.2667918801307678, 0.2663004398345947, 0.2658993899822235, 0.2654276192188263, 0.26502928137779236, 0.26458054780960083, 0.26413479447364807, 0.26370951533317566, 0.26333048939704895, 0.2629797160625458, 0.26257139444351196, 0.2622009515762329, 0.26179420948028564, 0.2613648772239685, 0.26097097992897034, 0.2605924606323242, 0.2602160573005676, 0.2598431706428528, 0.25951647758483887, 0.2591439485549927, 0.25872841477394104, 0.25830066204071045, 0.2579937279224396, 0.2577522397041321, 0.25727102160453796, 0.2569175064563751, 0.2567177712917328, 0.25626736879348755, 0.2559839189052582, 0.25558391213417053, 0.25532960891723633, 0.255011647939682, 0.2546645402908325, 0.2544042468070984, 0.2540591359138489, 0.2537189722061157, 0.2533389925956726, 0.25302693247795105, 0.2527748942375183, 0.2524256706237793, 0.2522106468677521, 0.2518189549446106, 0.2515730559825897, 0.2512257695198059, 0.2509070336818695, 0.2506876587867737, 0.25041672587394714, 0.2500256597995758, 0.24983349442481995, 0.2494598925113678, 0.2491750568151474, 0.24890628457069397, 0.24861091375350952, 0.2483835220336914, 0.24805837869644165, 0.24785660207271576, 0.24759142100811005, 0.24729034304618835, 0.2470530867576599, 0.2467498630285263, 0.24645854532718658, 0.24636603891849518, 0.24590790271759033, 0.24556097388267517, 0.24537815153598785, 0.24514852464199066, 0.24481044709682465, 0.2446233630180359, 0.24434643983840942, 0.24414142966270447, 0.24397026002407074, 0.24356785416603088, 0.24326694011688232, 0.243061363697052, 0.24274006485939026, 0.2426697313785553, 0.24236610531806946, 0.24216899275779724, 0.24189819395542145, 0.2416738122701645, 0.2415832132101059, 0.24122148752212524, 0.2408570796251297, 0.24065901339054108, 0.2404737025499344, 0.24029211699962616, 0.24004784226417542, 0.2397192120552063, 0.23961137235164642, 0.23930807411670685, 0.2389727085828781, 0.23871542513370514, 0.2386619597673416, 0.23844198882579803, 0.23816382884979248, 0.23776599764823914, 0.23762905597686768, 0.23738370835781097, 0.2373199462890625, 0.23690134286880493, 0.2367819994688034, 0.23662997782230377, 0.2363988310098648, 0.23620326817035675, 0.23596401512622833, 0.2358943223953247, 0.2354893684387207, 0.23530252277851105, 0.23497875034809113, 0.23476821184158325, 0.23470573127269745, 0.23427893221378326, 0.23425878584384918, 0.2340131402015686, 0.233751118183136, 0.23367290198802948, 0.23344570398330688, 0.23327253758907318, 0.23289991915225983, 0.2326267808675766, 0.23250409960746765, 0.2323530614376068, 0.232088103890419, 0.23187574744224548, 0.23171743750572205, 0.23146529495716095, 0.2311938852071762, 0.2311469465494156, 0.23083624243736267, 0.23070621490478516, 0.23054873943328857, 0.23013775050640106, 0.22990623116493225]",33.0,"[33.0, 33.0, 33.0, 33.0, 33.0, 33.0, 33.0, 33.0, 33.0, 33.0, 33.0, 33.0, 33.0, 33.0, 33.0, 33.0, 33.0, 33.0, 33.0, 33.0, 33.0, 33.0, 33.0, 33.0, 33.0, 33.0, 33.0, 33.0, 33.0, 33.0, 33.0, 33.0, 33.0, 33.0, 33.0, 33.0, 33.0, 33.0, 33.0, 33.0, 33.0, 33.0, 33.0, 33.0, 33.0, 33.0, 33.0, 33.0, 33.0, 33.0, 33.0, 33.0, 33.0, 33.0, 33.0, 33.0, 33.0, 33.0, 33.0, 33.0, 33.0, 33.0, 33.0, 33.0, 33.0, 33.0, 33.0, 33.0, 33.0, 33.0, 33.0, 33.0, 33.0, 33.0, 33.0, 33.0, 33.0, 33.0, 33.0, 33.0, 33.0, 33.0, 33.0, 33.0, 33.0, 33.0, 33.0, 33.0, 33.0, 33.0, 33.0, 33.0, 33.0, 33.0, 33.0, 33.0, 33.0, 33.0, 33.0, 33.0, 33.0, 33.0, 33.0, 33.0, 33.0, 33.0, 33.0, 33.0, 33.0, 33.0, 33.0, 33.0, 33.0, 33.0, 33.0, 33.0, 33.0, 33.0, 33.0, 33.0, 33.0, 33.0, 33.0, 33.0, 33.0, 33.0, 33.0, 33.0, 33.0, 33.0, 33.0, 33.0, 33.0, 33.0, 33.0, 33.0, 33.0, 33.0, 33.0, 33.0, 33.0, 33.0, 33.0, 33.0, 33.0, 33.0, 33.0, 33.0, 33.0, 33.0, 33.0, 33.0, 33.0, 33.0, 33.0, 33.0, 33.0, 33.0, 33.0, 33.0, 33.0, 33.0, 33.0, 33.0, 33.0, 33.0, 33.0, 33.0, 33.0, 33.0, 33.0, 33.0, 33.0, 33.0, 33.0, 33.0, 33.0, 33.0, 33.0, 33.0, 33.0, 33.0, 33.0, 33.0, 33.0, 33.0, 33.0, 33.0, 33.0, 33.0, 33.0, 33.0, 33.0, 33.0, 33.0, 33.0, 33.0, 33.0, 33.0, 33.0, 33.0, 33.0, 33.0, 33.0, 33.0, 33.0, 33.0, 33.0, 33.0, 33.0, 33.0, 33.0, 33.0, 33.0, 33.0, 33.0, 33.0, 33.0, 33.0, 33.0, 33.0, 33.0, 33.0, 33.0, 33.0, 33.0, 33.0, 33.0, 33.0, 33.0, 33.0, 33.0, 33.0, 33.0, 33.0, 33.0, 33.0, 33.0, 33.0, 33.0, 33.0, 33.0, 33.0, 33.0, 33.0, 33.0, 33.0, 33.0, 33.0, 33.0, 33.0, 33.0, 33.0, 33.0, 33.0, 33.0, 33.0, 33.0, 33.0, 33.0, 33.0, 33.0, 33.0, 33.0, 33.0, 33.0, 33.0, 33.0, 33.0, 33.0, 33.0, 33.0, 33.0, 33.0, 33.0, 33.0, 33.0, 33.0, 33.0, 33.0, 33.0, 33.0, 33.0, 33.0, 33.0, 33.0, 33.0, 33.0, 33.0, 33.0, 33.0, 33.0, 33.0, 33.0, 33.0, 33.0, 33.0, 33.0, 33.0, 33.0, 33.0, 33.0, 33.0, 33.0, 33.0, 33.0, 33.0, 33.0, 33.0, 33.0, 33.0, 33.0, 33.0, 33.0, 33.0, 33.0, 33.0, 33.0, 33.0, 33.0]",COMPLETE
