,number,value,datetime_start,datetime_complete,duration,params_batch_size_scaler,params_constant_learning_rate,params_depth,params_epochs,params_kernel_l2,params_num_trees,params_temperature,user_attrs_accuracy_test,user_attrs_accuracy_valid,user_attrs_approximate_feature_sparsity,user_attrs_approximate_feature_sparsity_history,user_attrs_approximate_weight_sparsity,user_attrs_approximate_weight_sparsity_history,user_attrs_auc_test,user_attrs_auc_valid,user_attrs_feature_sparsity,user_attrs_feature_sparsity_history,user_attrs_num_epochs,user_attrs_val_loss_history,user_attrs_weight_sparsity,user_attrs_weight_sparsity_history,state
118,118,0.6777189524803235,2024-08-31 05:37:16.019391,2024-08-31 05:38:07.016104,0 days 00:00:50.996713,64,0.021722091382830235,6,120,0.6832828128062592,16,0.0007750065443759056,0.859,0.85875,33,"[33, 33, 33, 33, 33, 33, 33, 33, 33, 33, 33, 33, 33, 33, 33, 33, 33, 33, 33, 33, 33, 33, 33, 33, 33, 33, 33, 33, 33, 33, 33, 33, 33, 33, 33, 33, 33, 33, 33, 33, 33, 33, 33, 33, 33, 33, 33, 33, 33, 33, 33, 33, 33, 33, 33, 33, 33, 33, 33, 33, 33, 33, 33, 33, 33, 33, 33, 33, 33, 33, 33, 33, 33, 33, 33, 33, 33, 33, 33, 33, 33, 33, 33, 33, 33, 33, 33, 33, 33, 33, 33, 33, 33, 33, 33, 33, 33, 33, 33, 33, 33, 33, 33, 33, 33, 33, 33, 33, 33, 33, 33, 33, 33, 33, 33, 33, 33, 33, 33, 33]",32.94444444444444,"[32.96329365079365, 32.96626984126984, 32.96527777777778, 32.96031746031746, 32.961309523809526, 32.967261904761905, 32.967261904761905, 32.967261904761905, 32.964285714285715, 32.96230158730159, 32.964285714285715, 32.958333333333336, 32.95634920634921, 32.955357142857146, 32.954365079365076, 32.96031746031746, 32.96230158730159, 32.96626984126984, 32.96230158730159, 32.95734126984127, 32.95734126984127, 32.9593253968254, 32.95734126984127, 32.9593253968254, 32.95734126984127, 32.958333333333336, 32.95734126984127, 32.95634920634921, 32.9593253968254, 32.958333333333336, 32.958333333333336, 32.96031746031746, 32.95634920634921, 32.952380952380956, 32.95337301587301, 32.951388888888886, 32.95138888888889, 32.95039682539682, 32.94444444444444, 32.94742063492063, 32.948412698412696, 32.948412698412696, 32.94742063492063, 32.945436507936506, 32.94642857142857, 32.94642857142857, 32.94642857142857, 32.948412698412696, 32.945436507936506, 32.94444444444444, 32.945436507936506, 32.94742063492063, 32.94345238095238, 32.94742063492063, 32.94642857142857, 32.94940476190476, 32.95337301587301, 32.95833333333333, 32.9593253968254, 32.95734126984127, 32.95436507936508, 32.95436507936508, 32.955357142857146, 32.95634920634921, 32.95734126984127, 32.95436507936508, 32.95138888888889, 32.951388888888886, 32.951388888888886, 32.95337301587301, 32.95337301587301, 32.95535714285714, 32.9563492063492, 32.95039682539682, 32.95337301587301, 32.95238095238095, 32.95238095238095, 32.954365079365076, 32.95238095238095, 32.94940476190476, 32.952380952380956, 32.95634920634921, 32.958333333333336, 32.958333333333336, 32.95734126984127, 32.95734126984127, 32.95337301587302, 32.94940476190476, 32.95337301587302, 32.95039682539682, 32.95039682539682, 32.95039682539682, 32.95039682539682, 32.948412698412696, 32.942460317460316, 32.94047619047619, 32.942460317460316, 32.94742063492063, 32.94642857142857, 32.94642857142857, 32.94742063492063, 32.95039682539682, 32.948412698412696, 32.94742063492063, 32.94940476190476, 32.95039682539682, 32.951388888888886, 32.951388888888886, 32.94940476190476, 32.94940476190476, 32.945436507936506, 32.94146825396825, 32.94345238095238, 32.942460317460316, 32.93948412698413, 32.94345238095238, 32.945436507936506, 32.94642857142857, 32.945436507936506, 32.94444444444444]",0.7179137872670679,0.6777189524803235,33,"[33, 33, 33, 33, 33, 33, 33, 33, 33, 33, 33, 33, 33, 33, 33, 33, 33, 33, 33, 33, 33, 33, 33, 33, 33, 33, 33, 33, 33, 33, 33, 33, 33, 33, 33, 33, 33, 33, 33, 33, 33, 33, 33, 33, 33, 33, 33, 33, 33, 33, 33, 33, 33, 33, 33, 33, 33, 33, 33, 33, 33, 33, 33, 33, 33, 33, 33, 33, 33, 33, 33, 33, 33, 33, 33, 33, 33, 33, 33, 33, 33, 33, 33, 33, 33, 33, 33, 33, 33, 33, 33, 33, 33, 33, 33, 33, 33, 33, 33, 33, 33, 33, 33, 33, 33, 33, 33, 33, 33, 33, 33, 33, 33, 33, 33, 33, 33, 33, 33, 33]",120,"[0.5949191451072693, 0.5908358097076416, 0.5869572162628174, 0.5832595229148865, 0.5797996520996094, 0.5762004256248474, 0.572715699672699, 0.5692458152770996, 0.5658919811248779, 0.5626882314682007, 0.5595940947532654, 0.556613028049469, 0.5537499785423279, 0.5510013103485107, 0.5483590960502625, 0.5457473993301392, 0.5432079434394836, 0.5406978726387024, 0.5382084250450134, 0.535801112651825, 0.5334811806678772, 0.5312640070915222, 0.529066264629364, 0.5268008708953857, 0.5247429609298706, 0.5226545929908752, 0.5206908583641052, 0.5187762379646301, 0.5169347524642944, 0.5151504278182983, 0.513485848903656, 0.5119261741638184, 0.5102872848510742, 0.508590817451477, 0.5070264935493469, 0.505476713180542, 0.5039772391319275, 0.5025821924209595, 0.5012630224227905, 0.49989253282546997, 0.49855026602745056, 0.4973219931125641, 0.496016263961792, 0.4947645962238312, 0.49349772930145264, 0.4923222064971924, 0.4911670386791229, 0.49005287885665894, 0.48894259333610535, 0.4878927171230316, 0.4868636429309845, 0.4857712984085083, 0.48473212122917175, 0.4836980700492859, 0.4827137887477875, 0.48173296451568604, 0.48084843158721924, 0.47991830110549927, 0.47900471091270447, 0.4781273305416107, 0.47729483246803284, 0.476516991853714, 0.475760817527771, 0.47492045164108276, 0.47405776381492615, 0.47322309017181396, 0.4724428951740265, 0.471650630235672, 0.4709223210811615, 0.47019511461257935, 0.4694896340370178, 0.4687710702419281, 0.46809056401252747, 0.46744096279144287, 0.4668223261833191, 0.4661988914012909, 0.4656238853931427, 0.46509161591529846, 0.46454352140426636, 0.4639565646648407, 0.4633898138999939, 0.4627937972545624, 0.46227771043777466, 0.46179747581481934, 0.46124663949012756, 0.4607616066932678, 0.46021825075149536, 0.45971983671188354, 0.45922714471817017, 0.458738774061203, 0.45831498503685, 0.4578678607940674, 0.457381010055542, 0.4569205343723297, 0.45648443698883057, 0.45601117610931396, 0.4555599093437195, 0.45513564348220825, 0.45472681522369385, 0.45432427525520325, 0.4538927972316742, 0.4535297155380249, 0.453125, 0.4527393579483032, 0.45236682891845703, 0.4519614279270172, 0.45156100392341614, 0.4512253701686859, 0.4508625864982605, 0.4505842328071594, 0.45028743147850037, 0.44995707273483276, 0.4496708810329437, 0.4493327736854553, 0.4490378201007843, 0.44872844219207764, 0.4484527111053467, 0.44815680384635925, 0.4479156732559204, 0.44763535261154175]",33.0,"[33.0, 33.0, 33.0, 33.0, 33.0, 33.0, 33.0, 33.0, 33.0, 33.0, 33.0, 33.0, 33.0, 33.0, 33.0, 33.0, 33.0, 33.0, 33.0, 33.0, 33.0, 33.0, 33.0, 33.0, 33.0, 33.0, 33.0, 33.0, 33.0, 33.0, 33.0, 33.0, 33.0, 33.0, 33.0, 33.0, 33.0, 33.0, 33.0, 33.0, 33.0, 33.0, 33.0, 33.0, 33.0, 33.0, 33.0, 33.0, 33.0, 33.0, 33.0, 33.0, 33.0, 33.0, 33.0, 33.0, 33.0, 33.0, 33.0, 33.0, 33.0, 33.0, 33.0, 33.0, 33.0, 33.0, 33.0, 33.0, 33.0, 33.0, 33.0, 33.0, 33.0, 33.0, 33.0, 33.0, 33.0, 33.0, 33.0, 33.0, 33.0, 33.0, 33.0, 33.0, 33.0, 33.0, 33.0, 33.0, 33.0, 33.0, 33.0, 33.0, 33.0, 33.0, 33.0, 33.0, 33.0, 33.0, 33.0, 33.0, 33.0, 33.0, 33.0, 33.0, 33.0, 33.0, 33.0, 33.0, 33.0, 33.0, 33.0, 33.0, 33.0, 33.0, 33.0, 33.0, 33.0, 33.0, 33.0, 33.0]",COMPLETE
119,119,0.83009364815602,2024-08-31 05:38:10.313538,2024-08-31 05:39:13.009273,0 days 00:01:02.695735,64,0.43549234248932644,5,195,0.012976980708227764,98,0.0017739537887168683,0.876,0.875,26,"[33, 33, 33, 33, 33, 33, 33, 33, 33, 33, 33, 33, 33, 33, 33, 33, 33, 33, 33, 33, 33, 33, 33, 33, 33, 33, 33, 33, 33, 33, 33, 33, 33, 33, 33, 33, 33, 33, 33, 33, 33, 33, 33, 33, 33, 33, 33, 33, 33, 33, 33, 33, 33, 33, 33, 33, 33, 33, 33, 33, 33, 33, 33, 33, 33, 33, 33, 33, 33, 33, 33, 33, 33, 33, 33, 33, 33, 33, 33, 33, 33, 33, 33, 33, 33, 33, 33, 33, 33, 33, 33, 33, 33, 33, 33, 33, 33, 33, 33, 33, 33, 33, 33, 33, 33, 33, 33, 33, 33, 33, 33, 33, 33, 33, 33, 33, 33, 33, 33, 33, 33, 33, 33, 33, 33, 33, 33, 33, 33, 33, 33, 33, 33, 33, 33, 33, 33, 33, 33, 33, 33, 33, 33, 33, 33, 33, 33, 33, 33, 33, 33, 33, 33, 33, 33, 33, 33, 33, 33, 33, 33, 33, 33, 33, 33, 33, 33, 33, 33, 33, 33, 33, 33, 33, 33, 33, 33, 33, 33, 33, 33, 33, 33, 32, 32, 32, 32, 31, 31, 31, 31, 31, 31, 27, 26]",25.938117182356816,"[32.92165898617512, 32.927583936800524, 32.9292297564187, 32.92824226464779, 32.92725477287689, 32.92890059249506, 32.93350888742594, 32.93449637919684, 32.93383805134957, 32.93087557603687, 32.93745885450954, 32.93943383805135, 32.9321922317314, 32.934825543120475, 32.93811718235681, 32.935483870967744, 32.935813034891375, 32.935154707044106, 32.93712969058591, 32.93252139565503, 32.93087557603687, 32.92988808426596, 32.93186306780777, 32.92692560895326, 32.9302172481896, 32.923304805793286, 32.92857142857143, 32.93153390388413, 32.92955892034233, 32.92988808426596, 32.92791310072416, 32.924292297564186, 32.926596445029624, 32.92890059249507, 32.93350888742594, 32.92922975641869, 32.92890059249506, 32.926596445029624, 32.923304805793286, 32.924292297564186, 32.922317314022386, 32.92791310072416, 32.9292297564187, 32.92955892034233, 32.92824226464779, 32.93054641211323, 32.92198815009875, 32.92955892034233, 32.92067149440422, 32.92198815009875, 32.93054641211324, 32.935813034891375, 32.93811718235681, 32.92988808426596, 32.93350888742594, 32.92824226464779, 32.93252139565504, 32.926596445029624, 32.925938117182355, 32.92363396971692, 32.925608953258724, 32.92132982225149, 32.91935483870967, 32.92198815009875, 32.926596445029624, 32.925938117182355, 32.927583936800524, 32.92791310072416, 32.92955892034233, 32.924950625411455, 32.924950625411455, 32.93186306780777, 32.92890059249506, 32.93383805134957, 32.934825543120475, 32.93087557603686, 32.92922975641869, 32.9312047399605, 32.92758393680053, 32.924950625411455, 32.926596445029624, 32.925938117182355, 32.92758393680053, 32.927583936800524, 32.933838051349575, 32.9302172481896, 32.93153390388413, 32.93054641211323, 32.93778801843318, 32.93877551020408, 32.93614219881501, 32.934825543120475, 32.9302172481896, 32.92857142857143, 32.92758393680053, 32.934825543120475, 32.933179723502306, 32.93449637919684, 32.924950625411455, 32.925608953258724, 32.925608953258724, 32.92725477287689, 32.92890059249506, 32.92626728110599, 32.92955892034233, 32.93186306780777, 32.9312047399605, 32.92824226464779, 32.9312047399605, 32.93285055957867, 32.936471362738644, 32.93614219881501, 32.934825543120475, 32.92857142857142, 32.9302172481896, 32.934167215273206, 32.93054641211323, 32.93054641211323, 32.9312047399605, 32.92857142857142, 32.93021724818959, 32.93712969058591, 32.93910467412771, 32.935813034891375, 32.93449637919684, 32.93252139565503, 32.92824226464779, 32.926596445029624, 32.9282422646478, 32.92857142857143, 32.9292297564187, 32.935483870967744, 32.932192231731406, 32.92890059249507, 32.925608953258724, 32.92988808426597, 32.923304805793286, 32.91869651086241, 32.92363396971692, 32.92001316655694, 32.92100065832785, 32.92198815009875, 32.92264647794602, 32.92363396971692, 32.924950625411455, 32.927583936800524, 32.922317314022386, 32.92824226464779, 32.923304805793286, 32.925938117182355, 32.926925608953255, 32.92824226464779, 32.926925608953255, 32.92297564186965, 32.92067149440422, 32.92264647794602, 32.92132982225148, 32.92100065832784, 32.917050691244235, 32.92198815009875, 32.92330480579328, 32.92626728110599, 32.925608953258724, 32.924950625411455, 32.9302172481896, 32.92593811718236, 32.92626728110599, 32.92791310072416, 32.926596445029624, 32.92165898617512, 32.924950625411455, 32.9272547728769, 32.92165898617512, 32.92264647794602, 32.92725477287689, 32.92462146148782, 32.92363396971692, 32.925608953258724, 32.92132982225149, 32.91869651086241, 32.922975641869655, 32.923304805793286, 32.92067149440421, 31.921658986175114, 31.92890059249506, 31.931533903884137, 31.925279789335086, 30.936471362738644, 30.939104674127716, 30.93877551020408, 30.93614219881501, 30.93647136273864, 30.933838051349568, 26.938775510204078, 25.938117182356816]",0.8456311561357013,0.83009364815602,26,"[33, 33, 33, 33, 33, 33, 33, 33, 33, 33, 33, 33, 33, 33, 33, 33, 33, 33, 33, 33, 33, 33, 33, 33, 33, 33, 33, 33, 33, 33, 33, 33, 33, 33, 33, 33, 33, 33, 33, 33, 33, 33, 33, 33, 33, 33, 33, 33, 33, 33, 33, 33, 33, 33, 33, 33, 33, 33, 33, 33, 33, 33, 33, 33, 33, 33, 33, 33, 33, 33, 33, 33, 33, 33, 33, 33, 33, 33, 33, 33, 33, 33, 33, 33, 33, 33, 33, 33, 33, 33, 33, 33, 33, 33, 33, 33, 33, 33, 33, 33, 33, 33, 33, 33, 33, 33, 33, 33, 33, 33, 33, 33, 33, 33, 33, 33, 33, 33, 33, 33, 33, 33, 33, 33, 33, 33, 33, 33, 33, 33, 33, 33, 33, 33, 33, 33, 33, 33, 33, 33, 33, 33, 33, 33, 33, 33, 33, 33, 33, 33, 33, 33, 33, 33, 33, 33, 33, 33, 33, 33, 33, 33, 33, 33, 33, 33, 33, 33, 33, 33, 33, 33, 33, 33, 33, 33, 33, 33, 33, 33, 33, 33, 33, 32, 32, 32, 32, 31, 31, 31, 31, 31, 31, 27, 26]",195,"[0.40865302085876465, 0.3998575210571289, 0.3961234986782074, 0.39445438981056213, 0.39085468649864197, 0.38881370425224304, 0.3868219256401062, 0.3850539028644562, 0.385387122631073, 0.3820202946662903, 0.38087520003318787, 0.3798810541629791, 0.37905463576316833, 0.3776633143424988, 0.37673673033714294, 0.37689048051834106, 0.3753150999546051, 0.3773020803928375, 0.37413734197616577, 0.3733947277069092, 0.3727717995643616, 0.3727390170097351, 0.3726070523262024, 0.3706398010253906, 0.37025320529937744, 0.3700674772262573, 0.3694615066051483, 0.369531512260437, 0.36844345927238464, 0.36791104078292847, 0.3676551580429077, 0.3676084578037262, 0.36692166328430176, 0.3662582039833069, 0.36583414673805237, 0.36549362540245056, 0.3651760220527649, 0.3657178580760956, 0.36501654982566833, 0.36407390236854553, 0.3639295995235443, 0.36317726969718933, 0.3630448579788208, 0.3628682792186737, 0.36541157960891724, 0.3622054159641266, 0.36181506514549255, 0.36193257570266724, 0.36067286133766174, 0.3603176772594452, 0.3599855899810791, 0.360632985830307, 0.36003178358078003, 0.3588005304336548, 0.35849979519844055, 0.35795965790748596, 0.35767900943756104, 0.3576394021511078, 0.35678017139434814, 0.35727059841156006, 0.3563900887966156, 0.3564656376838684, 0.35590705275535583, 0.35542142391204834, 0.35498276352882385, 0.3547849953174591, 0.35410377383232117, 0.3554179072380066, 0.35346511006355286, 0.35299432277679443, 0.3527037799358368, 0.35224905610084534, 0.3523593544960022, 0.351464182138443, 0.3515182435512543, 0.3504943549633026, 0.34988346695899963, 0.34911641478538513, 0.34889838099479675, 0.34863758087158203, 0.3483084440231323, 0.3481829762458801, 0.34800833463668823, 0.3476969003677368, 0.34813666343688965, 0.3473886251449585, 0.3469049334526062, 0.34744471311569214, 0.3463855981826782, 0.34621351957321167, 0.34551751613616943, 0.3452411890029907, 0.34472644329071045, 0.34444427490234375, 0.34450438618659973, 0.3441476821899414, 0.34380555152893066, 0.34373629093170166, 0.3430030941963196, 0.34265461564064026, 0.3424498736858368, 0.3416972756385803, 0.34160083532333374, 0.34123557806015015, 0.3417186737060547, 0.34094464778900146, 0.3410548269748688, 0.3401685357093811, 0.33960407972335815, 0.33929070830345154, 0.33943507075309753, 0.3387503921985626, 0.3389491140842438, 0.33815279603004456, 0.3376711308956146, 0.33743736147880554, 0.3371179699897766, 0.33662328124046326, 0.3367190659046173, 0.3357146382331848, 0.3351665139198303, 0.33515170216560364, 0.33555302023887634, 0.33602750301361084, 0.3340393304824829, 0.33352676033973694, 0.3350848853588104, 0.3326341509819031, 0.3323808014392853, 0.33200132846832275, 0.3325858414173126, 0.3312722146511078, 0.331100732088089, 0.3307415246963501, 0.3307235836982727, 0.3307536244392395, 0.33027544617652893, 0.33002591133117676, 0.3312138319015503, 0.32928046584129333, 0.3291596472263336, 0.32916516065597534, 0.32906901836395264, 0.32977718114852905, 0.3300226330757141, 0.32807740569114685, 0.32859429717063904, 0.32737064361572266, 0.32748275995254517, 0.3257664144039154, 0.32588040828704834, 0.325400710105896, 0.3248615562915802, 0.32508859038352966, 0.32432854175567627, 0.3233453631401062, 0.3232036828994751, 0.32361072301864624, 0.323774516582489, 0.3232190012931824, 0.3230830132961273, 0.3215842545032501, 0.3230220377445221, 0.32147035002708435, 0.32174354791641235, 0.3210534155368805, 0.32104265689849854, 0.3217732608318329, 0.3202810287475586, 0.31959068775177, 0.3201063871383667, 0.3191556930541992, 0.32096320390701294, 0.31822705268859863, 0.31762832403182983, 0.31716400384902954, 0.31636637449264526, 0.316213995218277, 0.3163616359233856, 0.3149949312210083, 0.3156549334526062, 0.3133811056613922, 0.3132176399230957, 0.313602089881897, 0.3130750060081482, 0.3125703036785126, 0.3123231828212738, 0.3130313456058502, 0.31337466835975647, 0.312492311000824, 0.31191837787628174, 0.3124426305294037, 0.310793936252594, 0.311897873878479, 0.30891871452331543]",26.0,"[33.0, 33.0, 33.0, 33.0, 33.0, 33.0, 33.0, 33.0, 33.0, 33.0, 33.0, 33.0, 33.0, 33.0, 33.0, 33.0, 33.0, 33.0, 33.0, 33.0, 33.0, 33.0, 33.0, 33.0, 33.0, 33.0, 33.0, 33.0, 33.0, 33.0, 33.0, 33.0, 33.0, 33.0, 33.0, 33.0, 33.0, 33.0, 33.0, 33.0, 33.0, 33.0, 33.0, 33.0, 33.0, 33.0, 33.0, 33.0, 33.0, 33.0, 33.0, 33.0, 33.0, 33.0, 33.0, 33.0, 33.0, 33.0, 33.0, 33.0, 33.0, 33.0, 33.0, 33.0, 33.0, 33.0, 33.0, 33.0, 33.0, 33.0, 33.0, 33.0, 33.0, 33.0, 33.0, 33.0, 33.0, 33.0, 33.0, 33.0, 33.0, 33.0, 33.0, 33.0, 33.0, 33.0, 33.0, 33.0, 33.0, 33.0, 33.0, 33.0, 33.0, 33.0, 33.0, 33.0, 33.0, 33.0, 33.0, 33.0, 33.0, 33.0, 33.0, 33.0, 33.0, 33.0, 33.0, 33.0, 33.0, 33.0, 33.0, 33.0, 33.0, 33.0, 33.0, 33.0, 33.0, 33.0, 33.0, 33.0, 33.0, 33.0, 33.0, 33.0, 33.0, 33.0, 33.0, 33.0, 33.0, 33.0, 33.0, 33.0, 33.0, 33.0, 33.0, 33.0, 33.0, 33.0, 33.0, 33.0, 33.0, 33.0, 33.0, 33.0, 33.0, 33.0, 33.0, 33.0, 33.0, 33.0, 33.0, 33.0, 33.0, 33.0, 33.0, 33.0, 33.0, 33.0, 33.0, 33.0, 33.0, 33.0, 33.0, 33.0, 33.0, 33.0, 33.0, 33.0, 33.0, 33.0, 33.0, 33.0, 33.0, 33.0, 33.0, 33.0, 33.0, 33.0, 33.0, 33.0, 33.0, 33.0, 33.0, 32.0, 32.0, 32.0, 32.0, 31.0, 31.0, 31.0, 31.0, 31.0, 31.0, 27.0, 26.0]",COMPLETE
