,number,value,datetime_start,datetime_complete,duration,params_batch_size_scaler,params_constant_learning_rate,params_depth,params_epochs,params_kernel_l2,params_num_trees,params_temperature,user_attrs_accuracy_test,user_attrs_accuracy_valid,user_attrs_approximate_feature_sparsity,user_attrs_approximate_feature_sparsity_history,user_attrs_approximate_weight_sparsity,user_attrs_approximate_weight_sparsity_history,user_attrs_auc_test,user_attrs_auc_valid,user_attrs_feature_sparsity,user_attrs_feature_sparsity_history,user_attrs_num_epochs,user_attrs_val_loss_history,user_attrs_weight_sparsity,user_attrs_weight_sparsity_history,state
103,103,0.9072535456196622,2024-08-31 04:35:50.501416,2024-08-31 04:41:17.378268,0 days 00:05:26.876852,16,0.2830671729074745,6,250,0.0019428559187425474,76,0.00026197553388538703,0.913,0.90625,33,"[33, 33, 33, 33, 33, 33, 33, 33, 33, 33, 33, 33, 33, 33, 33, 33, 33, 33, 33, 33, 33, 33, 33, 33, 33, 33, 33, 33, 33, 33, 33, 33, 33, 33, 33, 33, 33, 33, 33, 33, 33, 33, 33, 33, 33, 33, 33, 33, 33, 33, 33, 33, 33, 33, 33, 33, 33, 33, 33, 33, 33, 33, 33, 33, 33, 33, 33, 33, 33, 33, 33, 33, 33, 33, 33, 33, 33, 33, 33, 33, 33, 33, 33, 33, 33, 33, 33, 33, 33, 33, 33, 33, 33, 33, 33, 33, 33, 33, 33, 33, 33, 33, 33, 33, 33, 33, 33, 33, 33, 33, 33, 33, 33, 33, 33, 33, 33, 33, 33, 33, 33, 33, 33, 33, 33, 33, 33, 33, 33, 33, 33, 33, 33, 33, 33, 33, 33, 33, 33, 33, 33, 33, 33, 33, 33, 33, 33, 33, 33, 33, 33, 33, 33, 33, 33, 33, 33, 33, 33, 33, 33, 33, 33, 33, 33, 33, 33, 33, 33, 33, 33, 33, 33, 33, 33, 33, 33, 33, 33, 33, 33, 33, 33, 33, 33, 33, 33, 33, 33, 33, 33, 33, 33, 33, 33, 33, 33, 33, 33, 33, 33, 33, 33, 33, 33, 33, 33, 33, 33, 33, 33, 33, 33, 33, 33, 33, 33, 33, 33, 33, 33, 33, 33, 33, 33, 33, 33, 33, 33, 33, 33, 33, 33, 33, 33, 33, 33, 33, 33, 33, 33, 33, 33, 33, 33, 33, 33, 33, 33, 33]",32.91311612364244,"[32.91186299081036, 32.911862990810356, 32.91499582289056, 32.91520467836258, 32.91060985797828, 32.91040100250627, 32.91311612364244, 32.918128654970765, 32.906223893066, 32.909774436090224, 32.902464494569756, 32.90685045948204, 32.90873015873016, 32.906432748538016, 32.91290726817043, 32.91478696741855, 32.90643274853801, 32.91060985797828, 32.91708437761069, 32.913951545530495, 32.91290726817043, 32.91228070175438, 32.91019214703425, 32.909774436090224, 32.91019214703425, 32.90685045948204, 32.90601503759399, 32.90685045948204, 32.9124895572264, 32.90998329156224, 32.90768588137009, 32.902464494569756, 32.90392648287385, 32.9108187134503, 32.91207184628237, 32.911862990810356, 32.90956558061821, 32.9078947368421, 32.90329991645781, 32.90768588137009, 32.90601503759399, 32.90434419381788, 32.90789473684211, 32.916040100250626, 32.916457811194654, 32.916457811194654, 32.913951545530495, 32.90998329156224, 32.907059314954054, 32.911236424394325, 32.90998329156224, 32.91228070175438, 32.90998329156224, 32.909774436090224, 32.91060985797828, 32.91186299081036, 32.909356725146196, 32.90914786967418, 32.90350877192982, 32.90601503759399, 32.90747702589808, 32.90643274853801, 32.90852130325815, 32.909774436090224, 32.91040100250626, 32.908939014202176, 32.909565580618214, 32.91186299081036, 32.914369256474515, 32.914160401002505, 32.91290726817042, 32.91520467836257, 32.911445279866335, 32.9124895572264, 32.91290726817043, 32.91207184628237, 32.91019214703425, 32.909774436090224, 32.90873015873016, 32.90831244778613, 32.91102756892231, 32.91081871345029, 32.91040100250627, 32.91019214703425, 32.91499582289056, 32.90873015873016, 32.91081871345029, 32.90873015873016, 32.91040100250627, 32.91040100250626, 32.9124895572264, 32.91290726817043, 32.91081871345029, 32.911654135338345, 32.90810359231412, 32.90873015873016, 32.91207184628237, 32.91207184628237, 32.90810359231412, 32.904553049289895, 32.89954051796157, 32.906223893066, 32.909147869674186, 32.909356725146196, 32.909565580618214, 32.90685045948204, 32.90350877192982, 32.904761904761905, 32.90852130325814, 32.91186299081036, 32.9124895572264, 32.91102756892231, 32.91207184628237, 32.909565580618214, 32.90831244778613, 32.90831244778613, 32.90413533834586, 32.90434419381788, 32.902255639097746, 32.90100250626566, 32.90559732664996, 32.90267335004177, 32.90580618212197, 32.90517961570593, 32.90643274853801, 32.90873015873016, 32.911445279866335, 32.91081871345029, 32.91019214703425, 32.911654135338345, 32.90893901420217, 32.90852130325814, 32.91228070175438, 32.90956558061821, 32.90831244778613, 32.90768588137009, 32.91060985797828, 32.90434419381788, 32.90601503759398, 32.90956558061821, 32.91102756892231, 32.91081871345029, 32.90998329156224, 32.913951545530495, 32.912489557226394, 32.91123642439432, 32.91207184628237, 32.91457811194653, 32.91541353383458, 32.91624895572264, 32.91457811194653, 32.916666666666664, 32.91687552213868, 32.91436925647452, 32.91123642439432, 32.91624895572264, 32.91624895572264, 32.91541353383458, 32.916666666666664, 32.91332497911445, 32.9124895572264, 32.91186299081036, 32.9124895572264, 32.91269841269841, 32.91228070175438, 32.91332497911445, 32.91311612364243, 32.909774436090224, 32.91228070175438, 32.91123642439432, 32.90893901420217, 32.90601503759399, 32.907477025898075, 32.90998329156224, 32.91102756892231, 32.916248955722644, 32.91436925647452, 32.91478696741854, 32.91499582289056, 32.91624895572264, 32.916040100250626, 32.91290726817043, 32.91457811194653, 32.91332497911445, 32.913951545530495, 32.91040100250627, 32.911445279866335, 32.911862990810356, 32.913324979114456, 32.91374269005848, 32.90893901420217, 32.90705931495405, 32.90810359231412, 32.90747702589808, 32.90831244778613, 32.90852130325815, 32.90852130325814, 32.90998329156224, 32.91081871345029, 32.90831244778614, 32.90810359231412, 32.91123642439432, 32.911862990810356, 32.91207184628237, 32.91228070175438, 32.91186299081036, 32.90810359231412, 32.909565580618214, 32.906432748538016, 32.90956558061821, 32.91081871345029, 32.91040100250627, 32.907268170426065, 32.909565580618214, 32.91353383458647, 32.91436925647452, 32.9124895572264, 32.91102756892231, 32.909147869674186, 32.91228070175438, 32.90998329156224, 32.91311612364244, 32.91144527986633, 32.911445279866335, 32.91457811194653, 32.91311612364244, 32.91311612364244, 32.91311612364244, 32.913324979114456, 32.91541353383459, 32.91457811194653, 32.913951545530495, 32.91207184628237, 32.91290726817042, 32.913951545530495, 32.91060985797828, 32.91060985797828, 32.9108187134503, 32.909983291562234, 32.909983291562234, 32.90601503759398, 32.90643274853801, 32.907268170426065, 32.90747702589808, 32.904553049289895, 32.90893901420217, 32.91123642439432, 32.909774436090224, 32.909147869674186, 32.91311612364244]",0.8881926039679985,0.9072535456196622,33,"[33, 33, 33, 33, 33, 33, 33, 33, 33, 33, 33, 33, 33, 33, 33, 33, 33, 33, 33, 33, 33, 33, 33, 33, 33, 33, 33, 33, 33, 33, 33, 33, 33, 33, 33, 33, 33, 33, 33, 33, 33, 33, 33, 33, 33, 33, 33, 33, 33, 33, 33, 33, 33, 33, 33, 33, 33, 33, 33, 33, 33, 33, 33, 33, 33, 33, 33, 33, 33, 33, 33, 33, 33, 33, 33, 33, 33, 33, 33, 33, 33, 33, 33, 33, 33, 33, 33, 33, 33, 33, 33, 33, 33, 33, 33, 33, 33, 33, 33, 33, 33, 33, 33, 33, 33, 33, 33, 33, 33, 33, 33, 33, 33, 33, 33, 33, 33, 33, 33, 33, 33, 33, 33, 33, 33, 33, 33, 33, 33, 33, 33, 33, 33, 33, 33, 33, 33, 33, 33, 33, 33, 33, 33, 33, 33, 33, 33, 33, 33, 33, 33, 33, 33, 33, 33, 33, 33, 33, 33, 33, 33, 33, 33, 33, 33, 33, 33, 33, 33, 33, 33, 33, 33, 33, 33, 33, 33, 33, 33, 33, 33, 33, 33, 33, 33, 33, 33, 33, 33, 33, 33, 33, 33, 33, 33, 33, 33, 33, 33, 33, 33, 33, 33, 33, 33, 33, 33, 33, 33, 33, 33, 33, 33, 33, 33, 33, 33, 33, 33, 33, 33, 33, 33, 33, 33, 33, 33, 33, 33, 33, 33, 33, 33, 33, 33, 33, 33, 33, 33, 33, 33, 33, 33, 33, 33, 33, 33, 33, 33, 33]",250,"[0.4086785614490509, 0.3973478674888611, 0.3934631049633026, 0.39052295684814453, 0.3880322575569153, 0.3855105936527252, 0.3834652006626129, 0.3816891610622406, 0.38015612959861755, 0.3785681128501892, 0.37723788619041443, 0.3760282099246979, 0.3749181032180786, 0.37398287653923035, 0.37307748198509216, 0.37214770913124084, 0.37135547399520874, 0.3705223798751831, 0.3696979284286499, 0.369087815284729, 0.36854925751686096, 0.36782920360565186, 0.3670753836631775, 0.3663780689239502, 0.3657594323158264, 0.3652833104133606, 0.36462098360061646, 0.3639680743217468, 0.3633638322353363, 0.36285513639450073, 0.36228451132774353, 0.3616373836994171, 0.3609967827796936, 0.3604724109172821, 0.3598972260951996, 0.3593360185623169, 0.35882073640823364, 0.358367383480072, 0.35781311988830566, 0.35742348432540894, 0.356825590133667, 0.35631343722343445, 0.3556135892868042, 0.35510626435279846, 0.35457491874694824, 0.35412949323654175, 0.3536739647388458, 0.35315239429473877, 0.3525623083114624, 0.352162629365921, 0.35163643956184387, 0.35099083185195923, 0.3504346013069153, 0.3499161899089813, 0.349417120218277, 0.3488839864730835, 0.3487810492515564, 0.3480489253997803, 0.34728363156318665, 0.3468201160430908, 0.3463195562362671, 0.3459547758102417, 0.34530138969421387, 0.34477007389068604, 0.3444059491157532, 0.3437468409538269, 0.3434178829193115, 0.3427152931690216, 0.3421745300292969, 0.3417209982872009, 0.34126904606819153, 0.34074991941452026, 0.34024378657341003, 0.33959460258483887, 0.3391439914703369, 0.3386395275592804, 0.33815598487854004, 0.33783820271492004, 0.33692318201065063, 0.3366328775882721, 0.33597275614738464, 0.3354787826538086, 0.33504027128219604, 0.3343823552131653, 0.3338984251022339, 0.33355894684791565, 0.3328478932380676, 0.33228954672813416, 0.33168697357177734, 0.33112943172454834, 0.3307093381881714, 0.33017781376838684, 0.329715371131897, 0.32903361320495605, 0.3283710777759552, 0.32789772748947144, 0.3274887800216675, 0.3270008862018585, 0.32646986842155457, 0.3258988559246063, 0.32513344287872314, 0.3245031237602234, 0.3240872919559479, 0.3235154449939728, 0.32284626364707947, 0.3222138583660126, 0.32164835929870605, 0.320992112159729, 0.32046544551849365, 0.3198627829551697, 0.31916412711143494, 0.3184652030467987, 0.31796351075172424, 0.31710317730903625, 0.31643038988113403, 0.31587135791778564, 0.315255343914032, 0.31458109617233276, 0.31369879841804504, 0.3129993975162506, 0.3124924600124359, 0.31166020035743713, 0.3109034597873688, 0.3104040026664734, 0.30973225831985474, 0.30894985795021057, 0.30789393186569214, 0.3071933388710022, 0.306449294090271, 0.30571281909942627, 0.3049541711807251, 0.30407947301864624, 0.30352362990379333, 0.3027469515800476, 0.30172866582870483, 0.30119380354881287, 0.3004671633243561, 0.29947903752326965, 0.29866111278533936, 0.2980177104473114, 0.2970545291900635, 0.2964688837528229, 0.29549357295036316, 0.2946702241897583, 0.2936348617076874, 0.29296746850013733, 0.2918640971183777, 0.29091131687164307, 0.2901647686958313, 0.28949302434921265, 0.2886306345462799, 0.28785085678100586, 0.2872788608074188, 0.2862973213195801, 0.28567495942115784, 0.28468945622444153, 0.28389182686805725, 0.2831399440765381, 0.28226083517074585, 0.2814851701259613, 0.2806681990623474, 0.27993881702423096, 0.27900588512420654, 0.27831488847732544, 0.27758562564849854, 0.27679726481437683, 0.2760031223297119, 0.27524781227111816, 0.27459511160850525, 0.2741314172744751, 0.27311691641807556, 0.272560715675354, 0.27169904112815857, 0.27103662490844727, 0.27026253938674927, 0.2697419226169586, 0.2691498100757599, 0.2682153880596161, 0.2675182819366455, 0.26689276099205017, 0.2662394046783447, 0.26570045948028564, 0.26489201188087463, 0.2644268572330475, 0.2638316750526428, 0.2633730173110962, 0.2626830041408539, 0.2619946002960205, 0.2614395320415497, 0.2608761191368103, 0.2604324519634247, 0.25984176993370056, 0.2591343820095062, 0.25857090950012207, 0.2581900358200073, 0.2575041949748993, 0.2568722665309906, 0.25630006194114685, 0.2557147443294525, 0.25537484884262085, 0.25463441014289856, 0.2543049156665802, 0.25371304154396057, 0.2531888484954834, 0.25263118743896484, 0.25237175822257996, 0.2518880367279053, 0.25122135877609253, 0.25096115469932556, 0.2505285143852234, 0.2498389631509781, 0.24946118891239166, 0.24908003211021423, 0.24865393340587616, 0.2482415735721588, 0.24778541922569275, 0.24720235168933868, 0.2466551810503006, 0.2463940978050232, 0.24640239775180817, 0.24578265845775604, 0.24508769810199738, 0.24486999213695526, 0.24455708265304565, 0.2443998008966446, 0.24363598227500916, 0.24318496882915497, 0.24276454746723175, 0.24236780405044556, 0.2420932799577713, 0.2415512502193451, 0.24119983613491058, 0.24075958132743835, 0.24039232730865479, 0.23999781906604767, 0.23939311504364014, 0.2390429675579071, 0.23858170211315155, 0.23829597234725952, 0.23799854516983032, 0.23734377324581146, 0.23711252212524414, 0.23674578964710236, 0.2364301085472107, 0.23599910736083984, 0.23563802242279053, 0.2351974993944168, 0.23496320843696594, 0.2345486581325531, 0.2343190610408783]",33.0,"[33.0, 33.0, 33.0, 33.0, 33.0, 33.0, 33.0, 33.0, 33.0, 33.0, 33.0, 33.0, 33.0, 33.0, 33.0, 33.0, 33.0, 33.0, 33.0, 33.0, 33.0, 33.0, 33.0, 33.0, 33.0, 33.0, 33.0, 33.0, 33.0, 33.0, 33.0, 33.0, 33.0, 33.0, 33.0, 33.0, 33.0, 33.0, 33.0, 33.0, 33.0, 33.0, 33.0, 33.0, 33.0, 33.0, 33.0, 33.0, 33.0, 33.0, 33.0, 33.0, 33.0, 33.0, 33.0, 33.0, 33.0, 33.0, 33.0, 33.0, 33.0, 33.0, 33.0, 33.0, 33.0, 33.0, 33.0, 33.0, 33.0, 33.0, 33.0, 33.0, 33.0, 33.0, 33.0, 33.0, 33.0, 33.0, 33.0, 33.0, 33.0, 33.0, 33.0, 33.0, 33.0, 33.0, 33.0, 33.0, 33.0, 33.0, 33.0, 33.0, 33.0, 33.0, 33.0, 33.0, 33.0, 33.0, 33.0, 33.0, 33.0, 33.0, 33.0, 33.0, 33.0, 33.0, 33.0, 33.0, 33.0, 33.0, 33.0, 33.0, 33.0, 33.0, 33.0, 33.0, 33.0, 33.0, 33.0, 33.0, 33.0, 33.0, 33.0, 33.0, 33.0, 33.0, 33.0, 33.0, 33.0, 33.0, 33.0, 33.0, 33.0, 33.0, 33.0, 33.0, 33.0, 33.0, 33.0, 33.0, 33.0, 33.0, 33.0, 33.0, 33.0, 33.0, 33.0, 33.0, 33.0, 33.0, 33.0, 33.0, 33.0, 33.0, 33.0, 33.0, 33.0, 33.0, 33.0, 33.0, 33.0, 33.0, 33.0, 33.0, 33.0, 33.0, 33.0, 33.0, 33.0, 33.0, 33.0, 33.0, 33.0, 33.0, 33.0, 33.0, 33.0, 33.0, 33.0, 33.0, 33.0, 33.0, 33.0, 33.0, 33.0, 33.0, 33.0, 33.0, 33.0, 33.0, 33.0, 33.0, 33.0, 33.0, 33.0, 33.0, 33.0, 33.0, 33.0, 33.0, 33.0, 33.0, 33.0, 33.0, 33.0, 33.0, 33.0, 33.0, 33.0, 33.0, 33.0, 33.0, 33.0, 33.0, 33.0, 33.0, 33.0, 33.0, 33.0, 33.0, 33.0, 33.0, 33.0, 33.0, 33.0, 33.0, 33.0, 33.0, 33.0, 33.0, 33.0, 33.0, 33.0, 33.0, 33.0, 33.0, 33.0, 33.0, 33.0, 33.0, 33.0, 33.0, 33.0, 33.0, 33.0, 33.0, 33.0, 33.0, 33.0, 33.0]",COMPLETE
