,number,value,datetime_start,datetime_complete,duration,params_batch_size_scaler,params_constant_learning_rate,params_depth,params_epochs,params_kernel_l2,params_num_trees,params_temperature,user_attrs_accuracy_test,user_attrs_accuracy_valid,user_attrs_approximate_feature_sparsity,user_attrs_approximate_feature_sparsity_history,user_attrs_approximate_weight_sparsity,user_attrs_approximate_weight_sparsity_history,user_attrs_auc_test,user_attrs_auc_valid,user_attrs_feature_sparsity,user_attrs_feature_sparsity_history,user_attrs_num_epochs,user_attrs_val_loss_history,user_attrs_weight_sparsity,user_attrs_weight_sparsity_history,state
130,130,0.7743942497198284,2024-08-31 05:58:36.970721,2024-08-31 05:59:07.826588,0 days 00:00:30.855867,64,0.03256460693604228,2,440,0.004479736365160233,17,0.003039798197559412,0.878,0.88,33,"[33, 33, 33, 33, 33, 33, 33, 33, 33, 33, 33, 33, 33, 33, 33, 33, 33, 33, 33, 33, 33, 33, 33, 33, 33, 33, 33, 33, 33, 33, 33, 33, 33, 33, 33, 33, 33, 33, 33, 33, 33, 33, 33, 33, 33, 33, 33, 33, 33, 33, 33, 33, 33, 33, 33, 33, 33, 33, 33, 33, 33, 33, 33, 33, 33, 33, 33, 33, 33, 33, 33, 33, 33, 33, 33, 33, 33, 33, 33, 33, 33, 33, 33, 33, 33, 33, 33, 33, 33, 33, 33, 33, 33, 33, 33, 33, 33, 33, 33, 33, 33, 33, 33, 33, 33, 33, 33, 33, 33, 33, 33, 33, 33, 33, 33, 33, 33, 33, 33, 33, 33, 33, 33, 33, 33, 33, 33, 33, 33, 33, 33, 33, 33, 33, 33, 33, 33, 33, 33, 33, 33, 33, 33, 33, 33, 33, 33, 33, 33, 33, 33, 33, 33, 33, 33, 33, 33, 33, 33, 33, 33, 33, 33, 33, 33, 33, 33, 33, 33, 33, 33, 33, 33, 33, 33, 33, 33, 33, 33, 33, 33, 33, 33, 33, 33, 33, 33, 33, 33, 33, 33, 33, 33, 33, 33, 33, 33, 33, 33, 33, 33, 33, 33, 33, 33, 33, 33, 33, 33, 33, 33, 33, 33, 33, 33, 33, 33, 33, 33, 33, 33, 33, 33, 33, 33, 33, 33, 33, 33, 33, 33, 33, 33, 33, 33, 33, 33, 33, 33, 33, 33, 33, 33, 33, 33, 33, 33, 33, 33, 33, 33, 33, 33, 33, 33, 33, 33, 33, 33, 33, 33, 33, 33, 33, 33, 33, 33, 33, 33, 33, 33, 33, 33, 33, 33, 33, 33, 33, 33, 33, 33, 33, 33, 33, 33, 33, 33, 33, 33, 33, 33, 33, 33, 33, 33, 33, 33, 33, 33, 33, 33, 33, 33, 33, 33, 33, 33, 33, 33, 33, 33, 33, 33, 33, 33, 33, 33, 33, 33, 33, 33, 33, 33, 33, 33, 33, 33, 33, 33, 33, 33, 33, 33, 33, 33, 33, 33, 33, 33, 33, 33, 33, 33, 33, 33, 33, 33, 33, 33, 33, 33, 33, 33, 33, 33, 33, 33, 33, 33, 33, 33, 33, 33, 33, 33, 33, 33, 33, 33, 33, 33, 33, 33, 33, 33, 33, 33, 33, 33, 33, 33, 33, 33, 33, 33, 33, 33, 33, 33, 33, 33, 33, 33, 33, 33, 33, 33, 33, 33, 33, 33, 33, 33, 33, 33, 33, 33, 33, 33, 33, 33, 33, 33, 33, 33, 33, 33, 33, 33, 33, 33, 33, 33, 33, 33, 33, 33, 33, 33, 33, 33, 33, 33, 33, 33, 33, 33, 33, 33, 33]",33.0,"[33.0, 33.0, 33.0, 33.0, 33.0, 33.0, 33.0, 33.0, 33.0, 32.98039215686275, 32.98039215686275, 32.98039215686275, 33.0, 33.0, 33.0, 32.98039215686275, 32.98039215686275, 32.96078431372549, 32.98039215686275, 32.98039215686275, 32.98039215686275, 32.96078431372549, 32.98039215686275, 32.98039215686275, 32.98039215686275, 33.0, 33.0, 32.98039215686275, 32.98039215686275, 33.0, 33.0, 33.0, 32.98039215686275, 32.98039215686275, 32.98039215686275, 32.98039215686275, 33.0, 33.0, 33.0, 33.0, 33.0, 32.98039215686275, 33.0, 33.0, 32.98039215686275, 32.98039215686275, 32.98039215686275, 32.98039215686275, 33.0, 33.0, 33.0, 33.0, 33.0, 32.98039215686275, 32.98039215686275, 32.98039215686275, 32.98039215686275, 33.0, 33.0, 33.0, 33.0, 33.0, 33.0, 33.0, 32.98039215686275, 32.98039215686275, 33.0, 33.0, 33.0, 32.98039215686275, 32.98039215686275, 32.98039215686275, 33.0, 33.0, 33.0, 33.0, 32.98039215686275, 32.98039215686275, 32.98039215686275, 33.0, 33.0, 33.0, 33.0, 33.0, 33.0, 33.0, 33.0, 33.0, 33.0, 33.0, 33.0, 32.96078431372549, 33.0, 32.96078431372549, 33.0, 32.98039215686275, 32.98039215686275, 32.98039215686275, 32.98039215686275, 32.98039215686275, 32.98039215686275, 32.98039215686275, 32.96078431372549, 32.98039215686275, 32.96078431372549, 32.98039215686275, 32.98039215686275, 32.98039215686275, 32.96078431372549, 32.96078431372549, 32.98039215686275, 32.98039215686275, 32.98039215686275, 32.98039215686275, 33.0, 33.0, 32.98039215686275, 32.98039215686275, 32.98039215686275, 33.0, 33.0, 33.0, 32.98039215686275, 32.98039215686275, 33.0, 33.0, 33.0, 33.0, 33.0, 32.98039215686275, 33.0, 33.0, 33.0, 33.0, 32.98039215686275, 32.96078431372549, 32.98039215686275, 33.0, 32.98039215686275, 33.0, 33.0, 33.0, 33.0, 33.0, 33.0, 32.98039215686274, 32.98039215686274, 33.0, 32.98039215686275, 33.0, 33.0, 32.98039215686275, 32.94117647058823, 32.94117647058823, 32.98039215686275, 32.98039215686275, 33.0, 33.0, 33.0, 33.0, 32.98039215686275, 33.0, 33.0, 33.0, 33.0, 33.0, 33.0, 33.0, 33.0, 33.0, 33.0, 33.0, 33.0, 33.0, 33.0, 33.0, 33.0, 33.0, 33.0, 33.0, 33.0, 33.0, 33.0, 33.0, 33.0, 33.0, 33.0, 33.0, 33.0, 33.0, 32.98039215686275, 32.98039215686275, 32.98039215686275, 33.0, 32.98039215686275, 32.98039215686275, 32.98039215686275, 32.98039215686275, 32.98039215686275, 32.98039215686275, 32.98039215686275, 32.98039215686275, 32.98039215686275, 32.98039215686275, 33.0, 33.0, 33.0, 33.0, 33.0, 32.98039215686275, 32.98039215686275, 33.0, 32.98039215686275, 33.0, 33.0, 32.98039215686275, 33.0, 33.0, 33.0, 33.0, 33.0, 33.0, 33.0, 33.0, 33.0, 32.98039215686275, 33.0, 33.0, 32.96078431372549, 32.98039215686275, 32.98039215686275, 32.98039215686275, 32.98039215686275, 32.98039215686275, 32.98039215686275, 33.0, 32.96078431372549, 32.96078431372549, 32.98039215686275, 33.0, 32.98039215686275, 32.98039215686275, 32.98039215686275, 33.0, 32.98039215686275, 33.0, 33.0, 33.0, 33.0, 33.0, 33.0, 33.0, 33.0, 33.0, 32.98039215686275, 32.98039215686275, 32.98039215686275, 32.98039215686275, 32.98039215686275, 32.98039215686275, 32.98039215686275, 32.98039215686275, 32.98039215686275, 32.98039215686275, 32.98039215686275, 32.98039215686275, 32.98039215686275, 33.0, 33.0, 33.0, 33.0, 33.0, 32.98039215686275, 33.0, 33.0, 33.0, 33.0, 33.0, 33.0, 33.0, 33.0, 33.0, 33.0, 33.0, 33.0, 32.98039215686275, 33.0, 33.0, 33.0, 33.0, 33.0, 33.0, 32.98039215686275, 32.96078431372549, 32.96078431372549, 32.96078431372549, 32.98039215686275, 32.98039215686275, 32.98039215686275, 32.98039215686275, 32.98039215686275, 33.0, 33.0, 32.98039215686275, 32.98039215686275, 33.0, 33.0, 33.0, 33.0, 33.0, 33.0, 32.98039215686275, 32.96078431372549, 32.98039215686275, 32.98039215686275, 32.96078431372549, 32.96078431372549, 32.94117647058823, 32.96078431372549, 32.96078431372549, 32.94117647058823, 32.96078431372549, 32.98039215686275, 32.98039215686275, 32.98039215686275, 32.98039215686275, 33.0, 33.0, 32.98039215686275, 32.96078431372549, 32.96078431372549, 33.0, 32.98039215686275, 33.0, 32.98039215686275, 32.96078431372549, 32.98039215686275, 32.98039215686275, 32.98039215686275, 33.0, 33.0, 33.0, 33.0, 32.98039215686275, 32.98039215686275, 32.98039215686275, 33.0, 33.0, 33.0, 33.0, 33.0, 33.0, 33.0, 33.0, 33.0, 33.0, 33.0, 33.0, 33.0, 33.0, 33.0, 32.98039215686275, 33.0, 33.0, 33.0, 32.98039215686275, 33.0, 33.0, 32.98039215686275, 33.0, 33.0, 33.0, 32.98039215686275, 33.0, 33.0, 32.98039215686275, 32.98039215686275, 32.98039215686275, 32.98039215686275, 32.98039215686275, 33.0, 33.0, 33.0, 33.0, 33.0, 33.0, 32.98039215686275, 32.96078431372549, 32.96078431372549, 32.98039215686274, 32.96078431372549, 32.96078431372549, 32.96078431372549, 32.96078431372549, 32.96078431372549, 33.0, 33.0, 33.0, 33.0, 33.0, 33.0, 33.0, 33.0, 32.98039215686275, 33.0, 32.98039215686275, 32.98039215686275, 33.0, 33.0, 33.0, 33.0, 33.0, 32.98039215686275, 33.0, 33.0, 33.0, 33.0, 33.0, 33.0, 33.0, 33.0, 33.0, 33.0, 33.0, 33.0, 33.0, 32.98039215686275, 33.0, 32.98039215686275, 32.98039215686275, 32.98039215686275, 33.0, 33.0, 33.0, 33.0, 33.0, 33.0, 33.0, 33.0, 33.0]",0.8027972489865339,0.7743942497198284,33,"[33, 33, 33, 33, 33, 33, 33, 33, 33, 33, 33, 33, 33, 33, 33, 33, 33, 33, 33, 33, 33, 33, 33, 33, 33, 33, 33, 33, 33, 33, 33, 33, 33, 33, 33, 33, 33, 33, 33, 33, 33, 33, 33, 33, 33, 33, 33, 33, 33, 33, 33, 33, 33, 33, 33, 33, 33, 33, 33, 33, 33, 33, 33, 33, 33, 33, 33, 33, 33, 33, 33, 33, 33, 33, 33, 33, 33, 33, 33, 33, 33, 33, 33, 33, 33, 33, 33, 33, 33, 33, 33, 33, 33, 33, 33, 33, 33, 33, 33, 33, 33, 33, 33, 33, 33, 33, 33, 33, 33, 33, 33, 33, 33, 33, 33, 33, 33, 33, 33, 33, 33, 33, 33, 33, 33, 33, 33, 33, 33, 33, 33, 33, 33, 33, 33, 33, 33, 33, 33, 33, 33, 33, 33, 33, 33, 33, 33, 33, 33, 33, 33, 33, 33, 33, 33, 33, 33, 33, 33, 33, 33, 33, 33, 33, 33, 33, 33, 33, 33, 33, 33, 33, 33, 33, 33, 33, 33, 33, 33, 33, 33, 33, 33, 33, 33, 33, 33, 33, 33, 33, 33, 33, 33, 33, 33, 33, 33, 33, 33, 33, 33, 33, 33, 33, 33, 33, 33, 33, 33, 33, 33, 33, 33, 33, 33, 33, 33, 33, 33, 33, 33, 33, 33, 33, 33, 33, 33, 33, 33, 33, 33, 33, 33, 33, 33, 33, 33, 33, 33, 33, 33, 33, 33, 33, 33, 33, 33, 33, 33, 33, 33, 33, 33, 33, 33, 33, 33, 33, 33, 33, 33, 33, 33, 33, 33, 33, 33, 33, 33, 33, 33, 33, 33, 33, 33, 33, 33, 33, 33, 33, 33, 33, 33, 33, 33, 33, 33, 33, 33, 33, 33, 33, 33, 33, 33, 33, 33, 33, 33, 33, 33, 33, 33, 33, 33, 33, 33, 33, 33, 33, 33, 33, 33, 33, 33, 33, 33, 33, 33, 33, 33, 33, 33, 33, 33, 33, 33, 33, 33, 33, 33, 33, 33, 33, 33, 33, 33, 33, 33, 33, 33, 33, 33, 33, 33, 33, 33, 33, 33, 33, 33, 33, 33, 33, 33, 33, 33, 33, 33, 33, 33, 33, 33, 33, 33, 33, 33, 33, 33, 33, 33, 33, 33, 33, 33, 33, 33, 33, 33, 33, 33, 33, 33, 33, 33, 33, 33, 33, 33, 33, 33, 33, 33, 33, 33, 33, 33, 33, 33, 33, 33, 33, 33, 33, 33, 33, 33, 33, 33, 33, 33, 33, 33, 33, 33, 33, 33, 33, 33, 33, 33, 33, 33, 33, 33, 33, 33, 33, 33, 33, 33, 33, 33, 33, 33, 33, 33, 33, 33, 33]",440,"[0.5646397471427917, 0.5010639429092407, 0.466594398021698, 0.4437914192676544, 0.4288165271282196, 0.41982129216194153, 0.4132097363471985, 0.4097295105457306, 0.406568706035614, 0.4040828347206116, 0.4024926424026489, 0.4008389413356781, 0.39997443556785583, 0.39876383543014526, 0.39786580204963684, 0.3972030282020569, 0.3965173363685608, 0.39590322971343994, 0.3955274522304535, 0.3949284255504608, 0.3943835198879242, 0.39386993646621704, 0.39346709847450256, 0.39296677708625793, 0.39246952533721924, 0.3920661211013794, 0.391581654548645, 0.39120373129844666, 0.39072826504707336, 0.39037567377090454, 0.3899158239364624, 0.38956180214881897, 0.3893168568611145, 0.38890793919563293, 0.3885188400745392, 0.38814494013786316, 0.3878633379936218, 0.3875301480293274, 0.38718825578689575, 0.3869449496269226, 0.38650184869766235, 0.3862132132053375, 0.3859489858150482, 0.38562220335006714, 0.3853091895580292, 0.38500526547431946, 0.3847653269767761, 0.3845341205596924, 0.3843870460987091, 0.38407450914382935, 0.38376492261886597, 0.38351330161094666, 0.3832533359527588, 0.38300859928131104, 0.38281476497650146, 0.38255593180656433, 0.3823835253715515, 0.382208913564682, 0.3819667100906372, 0.3816728889942169, 0.381422221660614, 0.381231427192688, 0.3810213804244995, 0.3808494806289673, 0.3806909918785095, 0.3805220127105713, 0.38039448857307434, 0.38026368618011475, 0.38008713722229004, 0.3799237012863159, 0.3796800971031189, 0.37945252656936646, 0.3792528212070465, 0.37905219197273254, 0.37884390354156494, 0.37866702675819397, 0.378448486328125, 0.3782902657985687, 0.37812745571136475, 0.37805789709091187, 0.3779786229133606, 0.3777790367603302, 0.3775734603404999, 0.3773672878742218, 0.37721702456474304, 0.3771311044692993, 0.3769899308681488, 0.37686774134635925, 0.37665852904319763, 0.37648314237594604, 0.3763347268104553, 0.3761593699455261, 0.3760000467300415, 0.37589171528816223, 0.37574541568756104, 0.3756730556488037, 0.3754943609237671, 0.37537381052970886, 0.3752210736274719, 0.375083327293396, 0.3749442398548126, 0.37478265166282654, 0.3746136426925659, 0.37450462579727173, 0.37441688776016235, 0.37426576018333435, 0.37416326999664307, 0.374058336019516, 0.37397053837776184, 0.37378042936325073, 0.3736182153224945, 0.3734888732433319, 0.3733818829059601, 0.37328675389289856, 0.37318289279937744, 0.3730818033218384, 0.37291717529296875, 0.3727830648422241, 0.3726225197315216, 0.372460275888443, 0.3723648488521576, 0.37224024534225464, 0.3721679449081421, 0.37203893065452576, 0.37187308073043823, 0.37174078822135925, 0.37163493037223816, 0.3714669942855835, 0.3713117241859436, 0.3712453842163086, 0.37114235758781433, 0.3710494339466095, 0.370978444814682, 0.37083446979522705, 0.3706347644329071, 0.3704892694950104, 0.3703739047050476, 0.37025535106658936, 0.37008804082870483, 0.37000414729118347, 0.3698934316635132, 0.3697761297225952, 0.3696468472480774, 0.36952757835388184, 0.3693813681602478, 0.369293212890625, 0.369169682264328, 0.3690861165523529, 0.3690369129180908, 0.36895233392715454, 0.36886847019195557, 0.36883458495140076, 0.3687094449996948, 0.36867618560791016, 0.36847972869873047, 0.36832886934280396, 0.3682641088962555, 0.36821797490119934, 0.3680484890937805, 0.36794236302375793, 0.36792656779289246, 0.367904394865036, 0.36772143840789795, 0.3675660192966461, 0.3673955798149109, 0.36734145879745483, 0.36721664667129517, 0.3670613467693329, 0.3669101297855377, 0.36673882603645325, 0.3666275441646576, 0.36642515659332275, 0.366299033164978, 0.36613282561302185, 0.3660147488117218, 0.3659672439098358, 0.3657923638820648, 0.36566540598869324, 0.36555689573287964, 0.36541256308555603, 0.3653293550014496, 0.3652978539466858, 0.3651563227176666, 0.36500081419944763, 0.3648366630077362, 0.36474791169166565, 0.36463847756385803, 0.36450204253196716, 0.3643902838230133, 0.36431246995925903, 0.3641816973686218, 0.3641430139541626, 0.364075243473053, 0.3640040159225464, 0.36392879486083984, 0.36387237906455994, 0.3637341558933258, 0.36370450258255005, 0.36362773180007935, 0.3634451925754547, 0.3634088635444641, 0.3633086085319519, 0.363138884305954, 0.3630513846874237, 0.36299851536750793, 0.3629019558429718, 0.3627903461456299, 0.36268576979637146, 0.3626297116279602, 0.36262062191963196, 0.36256685853004456, 0.3624376654624939, 0.3623862862586975, 0.36210715770721436, 0.36206164956092834, 0.36190077662467957, 0.36172226071357727, 0.36166369915008545, 0.3614192306995392, 0.3612948954105377, 0.36129605770111084, 0.36118584871292114, 0.36111679673194885, 0.36107829213142395, 0.36088061332702637, 0.3607492744922638, 0.36063653230667114, 0.36052510142326355, 0.3604566156864166, 0.36030814051628113, 0.36021146178245544, 0.360225647687912, 0.36013394594192505, 0.3598819971084595, 0.359707236289978, 0.3596474826335907, 0.35964977741241455, 0.35937634110450745, 0.3593217730522156, 0.3592456579208374, 0.3590810298919678, 0.3588979244232178, 0.3588491678237915, 0.35872551798820496, 0.3587101399898529, 0.3586452603340149, 0.358478307723999, 0.3584144711494446, 0.3583778440952301, 0.3582352101802826, 0.3581569790840149, 0.3580065667629242, 0.3579639792442322, 0.3578492999076843, 0.35775887966156006, 0.35761547088623047, 0.3574889898300171, 0.35730475187301636, 0.35719749331474304, 0.3570029139518738, 0.356941819190979, 0.3568370044231415, 0.35676470398902893, 0.35665223002433777, 0.3565446436405182, 0.3564382791519165, 0.35630103945732117, 0.3562568724155426, 0.3561776876449585, 0.35611075162887573, 0.35602912306785583, 0.355895459651947, 0.35584843158721924, 0.35566070675849915, 0.3554227352142334, 0.3553975820541382, 0.3551919460296631, 0.35506442189216614, 0.3548877239227295, 0.35478392243385315, 0.35469377040863037, 0.3546369969844818, 0.35458797216415405, 0.3544939160346985, 0.3543698489665985, 0.3542979955673218, 0.3541441857814789, 0.3539605438709259, 0.3539070785045624, 0.3538472652435303, 0.3537096381187439, 0.3535340130329132, 0.3534144461154938, 0.35331904888153076, 0.35318103432655334, 0.3531486988067627, 0.3531700372695923, 0.3530406653881073, 0.3529621958732605, 0.3528507649898529, 0.3527369797229767, 0.35270583629608154, 0.3526891767978668, 0.352568656206131, 0.3525329530239105, 0.3524724841117859, 0.35237371921539307, 0.3523038625717163, 0.35218092799186707, 0.3520200848579407, 0.3518989086151123, 0.35185232758522034, 0.35178521275520325, 0.351576566696167, 0.3514653742313385, 0.35145702958106995, 0.3512842655181885, 0.35118937492370605, 0.35108938813209534, 0.3509223461151123, 0.3508327603340149, 0.3506907522678375, 0.3505733609199524, 0.35053154826164246, 0.35043951869010925, 0.3502659499645233, 0.3501392602920532, 0.35003262758255005, 0.3498441278934479, 0.34967830777168274, 0.3495110273361206, 0.34944796562194824, 0.3493388891220093, 0.3492218255996704, 0.3490487039089203, 0.3488767147064209, 0.34874361753463745, 0.3486851751804352, 0.3485826253890991, 0.34847795963287354, 0.3482849895954132, 0.3480798602104187, 0.3479992747306824, 0.34785139560699463, 0.3478441536426544, 0.3476787805557251, 0.34762492775917053, 0.3475536108016968, 0.34735751152038574, 0.347383052110672, 0.3472992777824402, 0.3471921980381012, 0.34714770317077637, 0.3469797372817993, 0.3468521237373352, 0.3466402292251587, 0.3465103805065155, 0.3464287519454956, 0.3463539779186249, 0.3462007939815521, 0.3461306393146515, 0.34604158997535706, 0.34591060876846313, 0.34588783979415894, 0.34581321477890015, 0.34561583399772644, 0.3454972803592682, 0.3454133868217468, 0.3453419506549835, 0.3453918695449829, 0.34520676732063293, 0.3451945185661316, 0.3450682759284973, 0.34504464268684387, 0.3449310064315796, 0.3447500467300415, 0.34464654326438904, 0.3447323739528656, 0.3445756137371063, 0.3445168435573578, 0.3443950414657593, 0.3442912697792053, 0.3441140055656433, 0.343956857919693, 0.3437761664390564, 0.343787282705307, 0.34369975328445435, 0.3435489535331726, 0.3434445261955261, 0.3433595597743988, 0.34318169951438904, 0.3430553078651428, 0.3428938388824463, 0.3427537977695465, 0.3425939679145813, 0.34239697456359863, 0.34234705567359924, 0.3421493172645569, 0.34208545088768005, 0.3419336676597595, 0.34185895323753357, 0.3417190611362457, 0.3416934311389923, 0.3416086435317993, 0.3415897488594055, 0.34144842624664307, 0.34137219190597534, 0.3411964178085327, 0.34124577045440674, 0.3412414789199829, 0.34118035435676575, 0.3410537838935852, 0.3409074544906616, 0.3407794237136841, 0.3406637907028198, 0.3405607342720032, 0.3404635190963745, 0.3402642011642456, 0.3401515483856201, 0.3401433825492859, 0.3400520980358124, 0.33994224667549133, 0.33975255489349365, 0.3396083116531372, 0.3394411504268646, 0.33930182456970215, 0.3391127288341522, 0.3390918970108032, 0.3389911949634552, 0.33886799216270447, 0.33864375948905945, 0.3384507894515991, 0.338334858417511, 0.3382529020309448, 0.3381481468677521, 0.33807486295700073, 0.33790189027786255, 0.33775410056114197, 0.3377004861831665, 0.33757027983665466]",33.0,"[33.0, 33.0, 33.0, 33.0, 33.0, 33.0, 33.0, 33.0, 33.0, 33.0, 33.0, 33.0, 33.0, 33.0, 33.0, 33.0, 33.0, 33.0, 33.0, 33.0, 33.0, 33.0, 33.0, 33.0, 33.0, 33.0, 33.0, 33.0, 33.0, 33.0, 33.0, 33.0, 33.0, 33.0, 33.0, 33.0, 33.0, 33.0, 33.0, 33.0, 33.0, 33.0, 33.0, 33.0, 33.0, 33.0, 33.0, 33.0, 33.0, 33.0, 33.0, 33.0, 33.0, 33.0, 33.0, 33.0, 33.0, 33.0, 33.0, 33.0, 33.0, 33.0, 33.0, 33.0, 33.0, 33.0, 33.0, 33.0, 33.0, 33.0, 33.0, 33.0, 33.0, 33.0, 33.0, 33.0, 33.0, 33.0, 33.0, 33.0, 33.0, 33.0, 33.0, 33.0, 33.0, 33.0, 33.0, 33.0, 33.0, 33.0, 33.0, 33.0, 33.0, 33.0, 33.0, 33.0, 33.0, 33.0, 33.0, 33.0, 33.0, 33.0, 33.0, 33.0, 33.0, 33.0, 33.0, 33.0, 33.0, 33.0, 33.0, 33.0, 33.0, 33.0, 33.0, 33.0, 33.0, 33.0, 33.0, 33.0, 33.0, 33.0, 33.0, 33.0, 33.0, 33.0, 33.0, 33.0, 33.0, 33.0, 33.0, 33.0, 33.0, 33.0, 33.0, 33.0, 33.0, 33.0, 33.0, 33.0, 33.0, 33.0, 33.0, 33.0, 33.0, 33.0, 33.0, 33.0, 33.0, 33.0, 33.0, 33.0, 33.0, 33.0, 33.0, 33.0, 33.0, 33.0, 33.0, 33.0, 33.0, 33.0, 33.0, 33.0, 33.0, 33.0, 33.0, 33.0, 33.0, 33.0, 33.0, 33.0, 33.0, 33.0, 33.0, 33.0, 33.0, 33.0, 33.0, 33.0, 33.0, 33.0, 33.0, 33.0, 33.0, 33.0, 33.0, 33.0, 33.0, 33.0, 33.0, 33.0, 33.0, 33.0, 33.0, 33.0, 33.0, 33.0, 33.0, 33.0, 33.0, 33.0, 33.0, 33.0, 33.0, 33.0, 33.0, 33.0, 33.0, 33.0, 33.0, 33.0, 33.0, 33.0, 33.0, 33.0, 33.0, 33.0, 33.0, 33.0, 33.0, 33.0, 33.0, 33.0, 33.0, 33.0, 33.0, 33.0, 33.0, 33.0, 33.0, 33.0, 33.0, 33.0, 33.0, 33.0, 33.0, 33.0, 33.0, 33.0, 33.0, 33.0, 33.0, 33.0, 33.0, 33.0, 33.0, 33.0, 33.0, 33.0, 33.0, 33.0, 33.0, 33.0, 33.0, 33.0, 33.0, 33.0, 33.0, 33.0, 33.0, 33.0, 33.0, 33.0, 33.0, 33.0, 33.0, 33.0, 33.0, 33.0, 33.0, 33.0, 33.0, 33.0, 33.0, 33.0, 33.0, 33.0, 33.0, 33.0, 33.0, 33.0, 33.0, 33.0, 33.0, 33.0, 33.0, 33.0, 33.0, 33.0, 33.0, 33.0, 33.0, 33.0, 33.0, 33.0, 33.0, 33.0, 33.0, 33.0, 33.0, 33.0, 33.0, 33.0, 33.0, 33.0, 33.0, 33.0, 33.0, 33.0, 33.0, 33.0, 33.0, 33.0, 33.0, 33.0, 33.0, 33.0, 33.0, 33.0, 33.0, 33.0, 33.0, 33.0, 33.0, 33.0, 33.0, 33.0, 33.0, 33.0, 33.0, 33.0, 33.0, 33.0, 33.0, 33.0, 33.0, 33.0, 33.0, 33.0, 33.0, 33.0, 33.0, 33.0, 33.0, 33.0, 33.0, 33.0, 33.0, 33.0, 33.0, 33.0, 33.0, 33.0, 33.0, 33.0, 33.0, 33.0, 33.0, 33.0, 33.0, 33.0, 33.0, 33.0, 33.0, 33.0, 33.0, 33.0, 33.0, 33.0, 33.0, 33.0, 33.0, 33.0, 33.0, 33.0, 33.0, 33.0, 33.0, 33.0, 33.0, 33.0, 33.0, 33.0, 33.0, 33.0, 33.0, 33.0, 33.0, 33.0, 33.0, 33.0, 33.0, 33.0, 33.0, 33.0, 33.0, 33.0, 33.0, 33.0, 33.0, 33.0, 33.0, 33.0, 33.0, 33.0, 33.0, 33.0, 33.0, 33.0, 33.0, 33.0, 33.0, 33.0, 33.0, 33.0, 33.0, 33.0, 33.0, 33.0, 33.0, 33.0, 33.0, 33.0, 33.0, 33.0, 33.0, 33.0, 33.0, 33.0, 33.0, 33.0, 33.0, 33.0, 33.0, 33.0, 33.0, 33.0, 33.0, 33.0]",COMPLETE
