,number,value,datetime_start,datetime_complete,duration,params_batch_size_scaler,params_constant_learning_rate,params_depth,params_epochs,params_kernel_l2,params_num_trees,params_temperature,user_attrs_accuracy_test,user_attrs_accuracy_valid,user_attrs_approximate_feature_sparsity,user_attrs_approximate_feature_sparsity_history,user_attrs_approximate_weight_sparsity,user_attrs_approximate_weight_sparsity_history,user_attrs_auc_test,user_attrs_auc_valid,user_attrs_feature_sparsity,user_attrs_feature_sparsity_history,user_attrs_num_epochs,user_attrs_val_loss_history,user_attrs_weight_sparsity,user_attrs_weight_sparsity_history,state
50,50,0.6088418286509255,2024-08-31 02:00:04.717634,2024-08-31 02:35:00.342389,0 days 00:34:55.624755,1,1.436466431874653,6,395,0.4775260743023418,99,0.002318722203162569,0.859,0.85875,1,"[3, 2, 1, 1, 1, 1, 1, 1, 1, 1, 1, 1, 1, 1, 1, 1, 1, 1, 1, 1, 1, 1, 1, 1, 1, 1, 1, 1, 1, 1, 1, 1, 1, 1, 1, 1, 1, 1, 1, 1, 1, 1, 1, 1, 1, 1, 1, 1, 1, 1, 1, 1, 1, 1, 1, 1, 1, 1, 1, 1, 1, 1, 1, 1, 1, 1, 1, 1, 1, 1, 1, 1, 1, 1, 1, 1, 1, 1, 1, 1, 1, 1, 1, 1, 1, 1, 1, 1, 1, 1, 1, 1, 1, 1, 1, 1, 1, 1, 1, 1, 1, 1, 1, 1, 1, 1, 1, 1, 1, 1, 1, 1, 1, 1, 1, 1, 1, 1, 1, 1, 1, 1, 1, 1, 1, 1, 1, 1, 1, 1, 1, 1, 1, 1, 1, 1, 1, 1, 1, 1, 1, 1, 1, 1, 1, 1, 1, 1, 1, 1, 1, 1, 1, 1, 1, 1, 1, 1, 1, 1, 1, 1, 1, 1, 1, 1, 1, 1, 1, 1, 1, 1, 1, 1, 1, 1, 1, 1, 1, 1, 1, 1, 1, 1, 1, 1, 1, 1, 1, 1, 1, 1, 1, 1, 1, 1, 1, 1, 1, 1, 1, 1, 1, 1, 1, 1, 1, 1, 1, 1, 1, 1, 1, 1, 1, 1, 1, 1, 1, 1, 1, 1, 1, 1, 1, 1, 1, 1, 1, 1, 1, 1, 1, 1, 1, 1, 1, 1, 1, 1, 1, 1, 1, 1, 1, 1, 1, 1, 1, 1, 1, 1, 1, 1, 1, 1, 1, 1, 1, 1, 1, 1, 1, 1, 1, 1, 1, 1, 1, 1, 1, 1, 1, 1, 1, 1, 1, 1, 1, 1, 1, 1, 1, 1, 1, 1, 1, 1, 1, 1, 1, 1, 1, 1, 1, 1, 1, 1, 1, 1, 1, 1, 1, 1, 1, 1, 1, 1, 1, 1, 1, 1, 1, 1, 1, 1, 1, 1, 1, 1, 1, 1, 1, 1, 1, 1, 1, 1, 1, 1, 1, 1, 1, 1, 1, 1, 1, 1, 1, 1, 1, 1, 1, 1, 1, 1, 1, 1, 1, 1, 1, 1, 1, 1, 1, 1, 1, 1, 1, 1, 1, 1, 1, 1, 1, 1, 1, 1, 1, 1, 1, 1, 1, 1, 1, 1, 1, 1, 1, 1, 1, 1, 1, 1, 1, 1, 1, 1, 1, 1, 1, 1, 1, 1, 1]",0.9975949975949976,"[2.9913419913419914, 1.9955106621773289, 0.9969536636203303, 0.9964726631393298, 0.9974346641013307, 0.9987173320506654, 0.9974346641013307, 0.9972743306076639, 0.996312329645663, 0.9977553310886644, 0.9974346641013307, 0.9980759980759981, 0.9983966650633317, 0.9975949975949976, 0.996312329645663, 0.9964726631393298, 0.9969536636203303, 0.9971139971139971, 0.9979156645823313, 0.9971139971139971, 0.9979156645823313, 0.9961519961519961, 0.9958313291646625, 0.996312329645663, 0.9974346641013307, 0.9979156645823313, 0.9980759980759981, 0.9977553310886644, 0.9971139971139971, 0.9961519961519961, 0.9966329966329966, 0.9975949975949976, 0.9975949975949976, 0.9971139971139971, 0.9975949975949976, 0.9974346641013307, 0.9971139971139971, 0.9977553310886644, 0.9969536636203303, 0.9966329966329966, 0.9959916626583293, 0.9969536636203303, 0.9977553310886644, 0.9974346641013307, 0.9975949975949976, 0.9966329966329966, 0.9971139971139971, 0.9969536636203303, 0.9964726631393298, 0.9956709956709957, 0.9958313291646625, 0.9961519961519961, 0.9966329966329966, 0.9959916626583293, 0.9964726631393298, 0.9967933301266635, 0.9969536636203303, 0.9969536636203303, 0.9966329966329966, 0.9961519961519961, 0.9969536636203303, 0.9971139971139971, 0.9974346641013307, 0.9974346641013307, 0.9980759980759981, 0.9983966650633317, 0.9979156645823313, 0.9974346641013307, 0.9967933301266635, 0.9966329966329966, 0.9964726631393298, 0.9959916626583293, 0.9964726631393298, 0.9964726631393298, 0.9961519961519961, 0.9967933301266635, 0.9964726631393298, 0.996312329645663, 0.9959916626583293, 0.9958313291646625, 0.9959916626583293, 0.9956709956709957, 0.9956709956709957, 0.9959916626583293, 0.9961519961519961, 0.9959916626583293, 0.9958313291646625, 0.9959916626583293, 0.9959916626583293, 0.996312329645663, 0.9961519961519961, 0.9956709956709957, 0.996312329645663, 0.9964726631393298, 0.9964726631393298, 0.9974346641013307, 0.9972743306076639, 0.9969536636203303, 0.9967933301266635, 0.9967933301266635, 0.9967933301266635, 0.9972743306076639, 0.9974346641013307, 0.9974346641013307, 0.9975949975949976, 0.9972743306076639, 0.9975949975949976, 0.9974346641013307, 0.9971139971139971, 0.9969536636203303, 0.9969536636203303, 0.9969536636203303, 0.9969536636203303, 0.9969536636203303, 0.9967933301266635, 0.9967933301266635, 0.9971139971139971, 0.9972743306076639, 0.9972743306076639, 0.9971139971139971, 0.9971139971139971, 0.9967933301266635, 0.9967933301266635, 0.9969536636203303, 0.9967933301266635, 0.9967933301266635, 0.9972743306076639, 0.9971139971139971, 0.9971139971139971, 0.9972743306076639, 0.9971139971139971, 0.9972743306076639, 0.9971139971139971, 0.9971139971139971, 0.9971139971139971, 0.9971139971139971, 0.9971139971139971, 0.9971139971139971, 0.9971139971139971, 0.9971139971139971, 0.9971139971139971, 0.9972743306076639, 0.9972743306076639, 0.9972743306076639, 0.9972743306076639, 0.9972743306076639, 0.9972743306076639, 0.9972743306076639, 0.9972743306076639, 0.9972743306076639, 0.9972743306076639, 0.9971139971139971, 0.9971139971139971, 0.9971139971139971, 0.9972743306076639, 0.9972743306076639, 0.9971139971139971, 0.9972743306076639, 0.9972743306076639, 0.9972743306076639, 0.9974346641013307, 0.9974346641013307, 0.9972743306076639, 0.9974346641013307, 0.9972743306076639, 0.9972743306076639, 0.9972743306076639, 0.9972743306076639, 0.9972743306076639, 0.9972743306076639, 0.9972743306076639, 0.9972743306076639, 0.9972743306076639, 0.9972743306076639, 0.9972743306076639, 0.9972743306076639, 0.9972743306076639, 0.9972743306076639, 0.9972743306076639, 0.9972743306076639, 0.9972743306076639, 0.9972743306076639, 0.9972743306076639, 0.9972743306076639, 0.9972743306076639, 0.9972743306076639, 0.9972743306076639, 0.9972743306076639, 0.9972743306076639, 0.9972743306076639, 0.9972743306076639, 0.9972743306076639, 0.9972743306076639, 0.9971139971139971, 0.9972743306076639, 0.9972743306076639, 0.9972743306076639, 0.9972743306076639, 0.9972743306076639, 0.9972743306076639, 0.9972743306076639, 0.9974346641013307, 0.9974346641013307, 0.9972743306076639, 0.9971139971139971, 0.9972743306076639, 0.9974346641013307, 0.9972743306076639, 0.9972743306076639, 0.9974346641013307, 0.9972743306076639, 0.9974346641013307, 0.9974346641013307, 0.9974346641013307, 0.9974346641013307, 0.9972743306076639, 0.9974346641013307, 0.9972743306076639, 0.9972743306076639, 0.9972743306076639, 0.9974346641013307, 0.9974346641013307, 0.9972743306076639, 0.9974346641013307, 0.9974346641013307, 0.9974346641013307, 0.9974346641013307, 0.9974346641013307, 0.9974346641013307, 0.9974346641013307, 0.9974346641013307, 0.9974346641013307, 0.9974346641013307, 0.9974346641013307, 0.9974346641013307, 0.9974346641013307, 0.9975949975949976, 0.9975949975949976, 0.9974346641013307, 0.9974346641013307, 0.9975949975949976, 0.9975949975949976, 0.9975949975949976, 0.9974346641013307, 0.9975949975949976, 0.9974346641013307, 0.9974346641013307, 0.9974346641013307, 0.9977553310886644, 0.9975949975949976, 0.9974346641013307, 0.9975949975949976, 0.9975949975949976, 0.9977553310886644, 0.9977553310886644, 0.9975949975949976, 0.9975949975949976, 0.9975949975949976, 0.9977553310886644, 0.9977553310886644, 0.9975949975949976, 0.9975949975949976, 0.9975949975949976, 0.9975949975949976, 0.9975949975949976, 0.9977553310886644, 0.9977553310886644, 0.9977553310886644, 0.9975949975949976, 0.9977553310886644, 0.9977553310886644, 0.9977553310886644, 0.9975949975949976, 0.9975949975949976, 0.9977553310886644, 0.9977553310886644, 0.9975949975949976, 0.9975949975949976, 0.9977553310886644, 0.9975949975949976, 0.9975949975949976, 0.9975949975949976, 0.9975949975949976, 0.9975949975949976, 0.9974346641013307, 0.9975949975949976, 0.9975949975949976, 0.9975949975949976, 0.9975949975949976, 0.9975949975949976, 0.9975949975949976, 0.9977553310886644, 0.9975949975949976, 0.9977553310886644, 0.9977553310886644, 0.9977553310886644, 0.9975949975949976, 0.9977553310886644, 0.9977553310886644, 0.9977553310886644, 0.9977553310886644, 0.9977553310886644, 0.9977553310886644, 0.9977553310886644, 0.9977553310886644, 0.9977553310886644, 0.9977553310886644, 0.9977553310886644, 0.9977553310886644, 0.9977553310886644, 0.9977553310886644, 0.9977553310886644, 0.9977553310886644, 0.9977553310886644, 0.9977553310886644, 0.9977553310886644, 0.9977553310886644, 0.9977553310886644, 0.9977553310886644, 0.9977553310886644, 0.9977553310886644, 0.9977553310886644, 0.9977553310886644, 0.9977553310886644, 0.9977553310886644, 0.9977553310886644, 0.9977553310886644, 0.9977553310886644, 0.9977553310886644, 0.9977553310886644, 0.9977553310886644, 0.9977553310886644, 0.9977553310886644, 0.9977553310886644, 0.9977553310886644, 0.9977553310886644, 0.9977553310886644, 0.9977553310886644, 0.9977553310886644, 0.9977553310886644, 0.9977553310886644, 0.9977553310886644, 0.9977553310886644, 0.9975949975949976, 0.9975949975949976, 0.9975949975949976, 0.9975949975949976, 0.9975949975949976, 0.9975949975949976, 0.9975949975949976, 0.9975949975949976, 0.9974346641013307, 0.9974346641013307, 0.9974346641013307, 0.9975949975949976, 0.9974346641013307, 0.9975949975949976, 0.9975949975949976, 0.9975949975949976, 0.9975949975949976, 0.9975949975949976, 0.9975949975949976, 0.9975949975949976, 0.9975949975949976, 0.9975949975949976, 0.9975949975949976, 0.9975949975949976, 0.9975949975949976, 0.9975949975949976, 0.9975949975949976, 0.9975949975949976, 0.9975949975949976, 0.9977553310886644, 0.9977553310886644, 0.9977553310886644, 0.9977553310886644, 0.9975949975949976, 0.9975949975949976, 0.9975949975949976, 0.9975949975949976, 0.9977553310886644, 0.9975949975949976, 0.9975949975949976, 0.9977553310886644, 0.9975949975949976, 0.9975949975949976, 0.9975949975949976, 0.9975949975949976, 0.9975949975949976, 0.9975949975949976, 0.9975949975949976, 0.9975949975949976, 0.9975949975949976, 0.9975949975949976, 0.9975949975949976]",0.6144865793145584,0.6088418286509255,1,"[3, 2, 1, 1, 1, 1, 1, 1, 1, 1, 1, 1, 1, 1, 1, 1, 1, 1, 1, 1, 1, 1, 1, 1, 1, 1, 1, 1, 1, 1, 1, 1, 1, 1, 1, 1, 1, 1, 1, 1, 1, 1, 1, 1, 1, 1, 1, 1, 1, 1, 1, 1, 1, 1, 1, 1, 1, 1, 1, 1, 1, 1, 1, 1, 1, 1, 1, 1, 1, 1, 1, 1, 1, 1, 1, 1, 1, 1, 1, 1, 1, 1, 1, 1, 1, 1, 1, 1, 1, 1, 1, 1, 1, 1, 1, 1, 1, 1, 1, 1, 1, 1, 1, 1, 1, 1, 1, 1, 1, 1, 1, 1, 1, 1, 1, 1, 1, 1, 1, 1, 1, 1, 1, 1, 1, 1, 1, 1, 1, 1, 1, 1, 1, 1, 1, 1, 1, 1, 1, 1, 1, 1, 1, 1, 1, 1, 1, 1, 1, 1, 1, 1, 1, 1, 1, 1, 1, 1, 1, 1, 1, 1, 1, 1, 1, 1, 1, 1, 1, 1, 1, 1, 1, 1, 1, 1, 1, 1, 1, 1, 1, 1, 1, 1, 1, 1, 1, 1, 1, 1, 1, 1, 1, 1, 1, 1, 1, 1, 1, 1, 1, 1, 1, 1, 1, 1, 1, 1, 1, 1, 1, 1, 1, 1, 1, 1, 1, 1, 1, 1, 1, 1, 1, 1, 1, 1, 1, 1, 1, 1, 1, 1, 1, 1, 1, 1, 1, 1, 1, 1, 1, 1, 1, 1, 1, 1, 1, 1, 1, 1, 1, 1, 1, 1, 1, 1, 1, 1, 1, 1, 1, 1, 1, 1, 1, 1, 1, 1, 1, 1, 1, 1, 1, 1, 1, 1, 1, 1, 1, 1, 1, 1, 1, 1, 1, 1, 1, 1, 1, 1, 1, 1, 1, 1, 1, 1, 1, 1, 1, 1, 1, 1, 1, 1, 1, 1, 1, 1, 1, 1, 1, 1, 1, 1, 1, 1, 1, 1, 1, 1, 1, 1, 1, 1, 1, 1, 1, 1, 1, 1, 1, 1, 1, 1, 1, 1, 1, 1, 1, 1, 1, 1, 1, 1, 1, 1, 1, 1, 1, 1, 1, 1, 1, 1, 1, 1, 1, 1, 1, 1, 1, 1, 1, 1, 1, 1, 1, 1, 1, 1, 1, 1, 1, 1, 1, 1, 1, 1, 1, 1, 1, 1, 1, 1, 1, 1, 1, 1, 1, 1, 1, 1, 1, 1, 1]",395,"[0.39295437932014465, 0.387462854385376, 0.39035385847091675, 0.38590890169143677, 0.41217583417892456, 0.3842036724090576, 0.3854968249797821, 0.38534724712371826, 0.38501331210136414, 0.38816899061203003, 0.3853255808353424, 0.38541850447654724, 0.38533636927604675, 0.42016860842704773, 0.38404572010040283, 0.38388562202453613, 0.43300291895866394, 0.3838743269443512, 0.421306848526001, 0.3899320662021637, 0.3865927457809448, 0.3835600018501282, 0.39953529834747314, 0.38372641801834106, 0.3836061358451843, 0.39327332377433777, 0.4007725417613983, 0.39174607396125793, 0.3877052068710327, 0.38363906741142273, 0.4210759103298187, 0.38404178619384766, 0.38344138860702515, 0.3843539357185364, 0.38387566804885864, 0.41093307733535767, 0.39705753326416016, 0.3840577304363251, 0.39064812660217285, 0.3846246600151062, 0.3898804187774658, 0.3894481956958771, 0.3838413655757904, 0.3837498724460602, 0.446063756942749, 0.3958571255207062, 0.38383638858795166, 0.3838770389556885, 0.38339290022850037, 0.38555198907852173, 0.3836010694503784, 0.3935149013996124, 0.3838151693344116, 0.38830894231796265, 0.38862013816833496, 0.38342320919036865, 0.4108593463897705, 0.39650291204452515, 0.38346192240715027, 0.40774932503700256, 0.38386422395706177, 0.4360591173171997, 0.3834770619869232, 0.3987949788570404, 0.385280579328537, 0.38905033469200134, 0.38993149995803833, 0.39099445939064026, 0.40152713656425476, 0.39121177792549133, 0.3950762450695038, 0.38597938418388367, 0.38514694571495056, 0.4091089963912964, 0.38869544863700867, 0.41083839535713196, 0.3842530846595764, 0.388924777507782, 0.40244507789611816, 0.40085509419441223, 0.4413120150566101, 0.3835536539554596, 0.38442257046699524, 0.38376715779304504, 0.4094683825969696, 0.3834918737411499, 0.3959103524684906, 0.38564589619636536, 0.3835750222206116, 0.40211430191993713, 0.3920929729938507, 0.4016076326370239, 0.39280804991722107, 0.3898579478263855, 0.40581172704696655, 0.41648009419441223, 0.38796013593673706, 0.3903813660144806, 0.38645118474960327, 0.389512836933136, 0.3836188018321991, 0.46212002635002136, 0.41576889157295227, 0.38591620326042175, 0.38690653443336487, 0.38545605540275574, 0.39002692699432373, 0.383655846118927, 0.3847624957561493, 0.3856487572193146, 0.38377514481544495, 0.383394330739975, 0.4055715799331665, 0.3904678225517273, 0.3886982798576355, 0.40102535486221313, 0.4869424104690552, 0.4641381800174713, 0.383600652217865, 0.3973039388656616, 0.38563239574432373, 0.3915378451347351, 0.39445894956588745, 0.38342970609664917, 0.39594173431396484, 0.3833070695400238, 0.3835461139678955, 0.38501620292663574, 0.3927595019340515, 0.39416930079460144, 0.3998783826828003, 0.38345423340797424, 0.3842473328113556, 0.4574328362941742, 0.385385125875473, 0.4633837044239044, 0.39203402400016785, 0.39454787969589233, 0.3945580720901489, 0.40294548869132996, 0.4065733253955841, 0.3833696246147156, 0.3875294029712677, 0.3848883807659149, 0.4387999475002289, 0.40589436888694763, 0.38896122574806213, 0.3900143504142761, 0.3835015892982483, 0.38500162959098816, 0.3892804682254791, 0.38575848937034607, 0.3887975811958313, 0.4278559386730194, 0.3866307735443115, 0.38564246892929077, 0.393276184797287, 0.38329315185546875, 0.3838365077972412, 0.3981444835662842, 0.42723751068115234, 0.38699808716773987, 0.392813503742218, 0.4769609868526459, 0.3944662809371948, 0.38351452350616455, 0.38337936997413635, 0.3835352063179016, 0.3978022336959839, 0.383437842130661, 0.3906538784503937, 0.43764927983283997, 0.39412152767181396, 0.3832928538322449, 0.38349106907844543, 0.4020180106163025, 0.3891913890838623, 0.3833431005477905, 0.4253985583782196, 0.4222850501537323, 0.38330838084220886, 0.4021831154823303, 0.38777410984039307, 0.3849908411502838, 0.3895777761936188, 0.3877193033695221, 0.3848270773887634, 0.3878190219402313, 0.487903892993927, 0.3998229503631592, 0.39886146783828735, 0.39382705092430115, 0.4112905263900757, 0.3863721191883087, 0.4027228057384491, 0.3859931528568268, 0.38774964213371277, 0.38349276781082153, 0.3937077224254608, 0.4071430265903473, 0.38329410552978516, 0.38332322239875793, 0.38498711585998535, 0.38599440455436707, 0.4480666220188141, 0.3860471248626709, 0.4009760320186615, 0.38403037190437317, 0.43109971284866333, 0.3861023187637329, 0.39161261916160583, 0.38341864943504333, 0.38796740770339966, 0.3881210684776306, 0.3877096176147461, 0.38448017835617065, 0.38332679867744446, 0.3882412612438202, 0.3837173879146576, 0.3847273588180542, 0.38354983925819397, 0.39557361602783203, 0.3834998309612274, 0.4006296396255493, 0.42309680581092834, 0.3856464624404907, 0.38397759199142456, 0.3846632242202759, 0.3934486508369446, 0.39140787720680237, 0.39333394169807434, 0.3883031904697418, 0.43044012784957886, 0.3877514898777008, 0.41189175844192505, 0.40408259630203247, 0.3881269693374634, 0.3846818208694458, 0.3863813281059265, 0.38330456614494324, 0.39608657360076904, 0.3909488916397095, 0.3934503495693207, 0.39529383182525635, 0.38546597957611084, 0.3945276737213135, 0.3840622305870056, 0.3864786624908447, 0.4003926217556, 0.38328784704208374, 0.4173904359340668, 0.38505855202674866, 0.3834773898124695, 0.4155401587486267, 0.3914988338947296, 0.3935249447822571, 0.40159347653388977, 0.38506439328193665, 0.4065392017364502, 0.39962852001190186, 0.38697564601898193, 0.3974865972995758, 0.4034445583820343, 0.38822805881500244, 0.39446884393692017, 0.38330379128456116, 0.39918118715286255, 0.3898140788078308, 0.3843878209590912, 0.38372281193733215, 0.38692742586135864, 0.3965602517127991, 0.41162368655204773, 0.3846559226512909, 0.3839373290538788, 0.4098483920097351, 0.4131167232990265, 0.39108532667160034, 0.4077185094356537, 0.38387036323547363, 0.3872314691543579, 0.3832988739013672, 0.38329291343688965, 0.3872881233692169, 0.38344302773475647, 0.41632628440856934, 0.38589736819267273, 0.40153008699417114, 0.42649760842323303, 0.38714340329170227, 0.39757484197616577, 0.39058730006217957, 0.3886112570762634, 0.3843122124671936, 0.39363136887550354, 0.38378891348838806, 0.3882922828197479, 0.4442386329174042, 0.3914465308189392, 0.4082626700401306, 0.383487731218338, 0.3844382166862488, 0.43814903497695923, 0.38629472255706787, 0.38869765400886536, 0.38358113169670105, 0.4049907922744751, 0.38611218333244324, 0.4153568148612976, 0.39062976837158203, 0.3884061574935913, 0.4023977518081665, 0.3853016197681427, 0.3973098397254944, 0.3947772681713104, 0.3834956884384155, 0.39496567845344543, 0.3879474699497223, 0.3838368356227875, 0.3868336081504822, 0.3833734095096588, 0.3946625590324402, 0.38350990414619446, 0.3944658935070038, 0.38585570454597473, 0.39220133423805237, 0.38514766097068787, 0.3908616602420807, 0.38637176156044006, 0.38332390785217285, 0.3833068013191223, 0.38390350341796875, 0.38342908024787903, 0.38412871956825256, 0.3839033842086792, 0.38726672530174255, 0.38434913754463196, 0.3914681673049927, 0.38597437739372253, 0.38954466581344604, 0.3838847279548645, 0.43156301975250244, 0.39983507990837097, 0.3845968246459961, 0.4213602542877197, 0.38577553629875183, 0.38361838459968567, 0.39432358741760254, 0.383311003446579, 0.38421666622161865, 0.38388147950172424, 0.3888671398162842, 0.38414624333381653, 0.38813745975494385, 0.38658902049064636, 0.3859443962574005, 0.4020855724811554, 0.43401047587394714, 0.3843913972377777, 0.38594192266464233, 0.4160669445991516, 0.3914312422275543, 0.3834487795829773, 0.3840284049510956, 0.5636401176452637, 0.3857711851596832, 0.38787388801574707, 0.3877415060997009, 0.5678984522819519, 0.41314753890037537, 0.3834351599216461, 0.4041597247123718, 0.4523236155509949, 0.39689895510673523, 0.3975662589073181, 0.41719529032707214, 0.4436163306236267, 0.3834368586540222, 0.3863821029663086, 0.47562962770462036, 0.3843350112438202, 0.39562729001045227, 0.3879687190055847, 0.38427260518074036, 0.38402512669563293, 0.4898366928100586, 0.38856497406959534, 0.3835314214229584, 0.3973747491836548, 0.40031081438064575, 0.3841549754142761, 0.43893757462501526, 0.38386285305023193, 0.3846815526485443, 0.3988671898841858]",1.0,"[3.0, 2.0, 1.0, 1.0, 1.0, 1.0, 1.0, 1.0, 1.0, 1.0, 1.0, 1.0, 1.0, 1.0, 1.0, 1.0, 1.0, 1.0, 1.0, 1.0, 1.0, 1.0, 1.0, 1.0, 1.0, 1.0, 1.0, 1.0, 1.0, 1.0, 1.0, 1.0, 1.0, 1.0, 1.0, 1.0, 1.0, 1.0, 1.0, 1.0, 1.0, 1.0, 1.0, 1.0, 1.0, 1.0, 1.0, 1.0, 1.0, 1.0, 1.0, 1.0, 1.0, 1.0, 1.0, 1.0, 1.0, 1.0, 1.0, 1.0, 1.0, 1.0, 1.0, 1.0, 1.0, 1.0, 1.0, 1.0, 1.0, 1.0, 1.0, 1.0, 1.0, 1.0, 1.0, 1.0, 1.0, 1.0, 1.0, 1.0, 1.0, 1.0, 1.0, 1.0, 1.0, 1.0, 1.0, 1.0, 1.0, 1.0, 1.0, 1.0, 1.0, 1.0, 1.0, 1.0, 1.0, 1.0, 1.0, 1.0, 1.0, 1.0, 1.0, 1.0, 1.0, 1.0, 1.0, 1.0, 1.0, 1.0, 1.0, 1.0, 1.0, 1.0, 1.0, 1.0, 1.0, 1.0, 1.0, 1.0, 1.0, 1.0, 1.0, 1.0, 1.0, 1.0, 1.0, 1.0, 1.0, 1.0, 1.0, 1.0, 1.0, 1.0, 1.0, 1.0, 1.0, 1.0, 1.0, 1.0, 1.0, 1.0, 1.0, 1.0, 1.0, 1.0, 1.0, 1.0, 1.0, 1.0, 1.0, 1.0, 1.0, 1.0, 1.0, 1.0, 1.0, 1.0, 1.0, 1.0, 1.0, 1.0, 1.0, 1.0, 1.0, 1.0, 1.0, 1.0, 1.0, 1.0, 1.0, 1.0, 1.0, 1.0, 1.0, 1.0, 1.0, 1.0, 1.0, 1.0, 1.0, 1.0, 1.0, 1.0, 1.0, 1.0, 1.0, 1.0, 1.0, 1.0, 1.0, 1.0, 1.0, 1.0, 1.0, 1.0, 1.0, 1.0, 1.0, 1.0, 1.0, 1.0, 1.0, 1.0, 1.0, 1.0, 1.0, 1.0, 1.0, 1.0, 1.0, 1.0, 1.0, 1.0, 1.0, 1.0, 1.0, 1.0, 1.0, 1.0, 1.0, 1.0, 1.0, 1.0, 1.0, 1.0, 1.0, 1.0, 1.0, 1.0, 1.0, 1.0, 1.0, 1.0, 1.0, 1.0, 1.0, 1.0, 1.0, 1.0, 1.0, 1.0, 1.0, 1.0, 1.0, 1.0, 1.0, 1.0, 1.0, 1.0, 1.0, 1.0, 1.0, 1.0, 1.0, 1.0, 1.0, 1.0, 1.0, 1.0, 1.0, 1.0, 1.0, 1.0, 1.0, 1.0, 1.0, 1.0, 1.0, 1.0, 1.0, 1.0, 1.0, 1.0, 1.0, 1.0, 1.0, 1.0, 1.0, 1.0, 1.0, 1.0, 1.0, 1.0, 1.0, 1.0, 1.0, 1.0, 1.0, 1.0, 1.0, 1.0, 1.0, 1.0, 1.0, 1.0, 1.0, 1.0, 1.0, 1.0, 1.0, 1.0, 1.0, 1.0, 1.0, 1.0, 1.0, 1.0, 1.0, 1.0, 1.0, 1.0, 1.0, 1.0, 1.0, 1.0, 1.0, 1.0, 1.0, 1.0, 1.0, 1.0, 1.0, 1.0, 1.0, 1.0, 1.0, 1.0, 1.0, 1.0, 1.0, 1.0, 1.0, 1.0, 1.0, 1.0, 1.0, 1.0, 1.0, 1.0, 1.0, 1.0, 1.0, 1.0, 1.0, 1.0, 1.0, 1.0, 1.0, 1.0, 1.0, 1.0, 1.0, 1.0, 1.0, 1.0, 1.0, 1.0, 1.0, 1.0, 1.0, 1.0, 1.0, 1.0, 1.0, 1.0, 1.0, 1.0, 1.0, 1.0, 1.0, 1.0, 1.0, 1.0, 1.0, 1.0, 1.0, 1.0, 1.0, 1.0, 1.0, 1.0, 1.0, 1.0, 1.0, 1.0, 1.0, 1.0, 1.0, 1.0, 1.0, 1.0, 1.0, 1.0, 1.0]",COMPLETE
