,number,value,datetime_start,datetime_complete,duration,params_batch_size_scaler,params_constant_learning_rate,params_depth,params_epochs,params_kernel_l2,params_num_trees,params_temperature,user_attrs_accuracy_test,user_attrs_accuracy_valid,user_attrs_approximate_feature_sparsity,user_attrs_approximate_feature_sparsity_history,user_attrs_approximate_weight_sparsity,user_attrs_approximate_weight_sparsity_history,user_attrs_auc_test,user_attrs_auc_valid,user_attrs_feature_sparsity,user_attrs_feature_sparsity_history,user_attrs_num_epochs,user_attrs_val_loss_history,user_attrs_weight_sparsity,user_attrs_weight_sparsity_history,state
17,17,0.8803570738493643,2024-08-31 01:05:16.447442,2024-08-31 01:05:37.731378,0 days 00:00:21.283936,16,7.369088664303212,2,170,0.005894062851432388,16,0.0008642016612943722,0.893,0.88125,8,"[33, 32, 29, 29, 29, 29, 28, 28, 28, 28, 28, 28, 28, 28, 28, 27, 27, 27, 27, 27, 27, 27, 27, 27, 27, 27, 27, 27, 27, 27, 27, 26, 26, 26, 26, 26, 26, 26, 26, 26, 25, 25, 25, 25, 25, 24, 24, 24, 22, 21, 20, 19, 18, 18, 18, 17, 15, 15, 15, 15, 15, 15, 14, 14, 14, 11, 11, 11, 11, 11, 10, 10, 10, 10, 10, 10, 10, 10, 10, 10, 10, 10, 10, 10, 10, 10, 10, 10, 10, 10, 10, 10, 10, 10, 10, 10, 10, 10, 10, 10, 10, 10, 10, 10, 10, 10, 10, 10, 9, 9, 9, 9, 9, 9, 9, 9, 9, 9, 9, 9, 9, 9, 9, 8, 8, 8, 8, 8, 8, 8, 8, 8, 8, 8, 8, 8, 8, 8, 8, 8, 8, 8, 8, 8, 8, 8, 8, 8, 8, 8, 8, 8, 8, 8, 8, 8, 8, 8, 8, 8, 8, 8, 8, 8, 8, 8, 8, 8, 8, 8]",8.0,"[33.0, 32.0, 29.0, 28.979166666666664, 28.979166666666664, 28.958333333333332, 28.0, 28.0, 27.979166666666664, 27.979166666666664, 27.979166666666664, 27.979166666666664, 28.0, 28.0, 28.0, 27.0, 26.979166666666664, 27.0, 27.0, 26.979166666666664, 27.0, 27.0, 27.0, 27.0, 27.0, 27.0, 27.0, 27.0, 27.0, 27.0, 26.979166666666664, 26.0, 26.0, 26.0, 26.0, 26.0, 26.0, 26.0, 26.0, 26.0, 24.979166666666664, 25.0, 25.0, 25.0, 25.0, 24.0, 23.979166666666664, 23.979166666666664, 22.0, 21.0, 20.0, 19.0, 18.0, 18.0, 18.0, 16.979166666666664, 15.0, 15.0, 14.979166666666666, 15.0, 15.0, 14.979166666666666, 14.0, 14.0, 14.0, 11.0, 11.0, 11.0, 11.0, 11.0, 10.0, 10.0, 10.0, 10.0, 10.0, 10.0, 10.0, 10.0, 10.0, 10.0, 10.0, 10.0, 9.979166666666666, 10.0, 10.0, 10.0, 10.0, 10.0, 10.0, 10.0, 9.979166666666666, 10.0, 10.0, 10.0, 10.0, 10.0, 10.0, 10.0, 10.0, 10.0, 10.0, 10.0, 10.0, 10.0, 10.0, 10.0, 10.0, 10.0, 9.0, 9.0, 9.0, 9.0, 9.0, 9.0, 9.0, 9.0, 9.0, 9.0, 8.979166666666666, 9.0, 8.979166666666666, 9.0, 9.0, 8.0, 8.0, 8.0, 8.0, 8.0, 8.0, 8.0, 8.0, 8.0, 8.0, 8.0, 8.0, 8.0, 8.0, 8.0, 8.0, 8.0, 8.0, 8.0, 8.0, 8.0, 8.0, 7.979166666666666, 8.0, 8.0, 8.0, 8.0, 8.0, 8.0, 8.0, 8.0, 8.0, 8.0, 8.0, 8.0, 8.0, 8.0, 8.0, 7.979166666666666, 8.0, 8.0, 8.0, 8.0, 8.0, 8.0, 8.0, 8.0]",0.8759484473947109,0.8803570738493643,8,"[33, 32, 29, 29, 29, 29, 28, 28, 28, 28, 28, 28, 28, 28, 28, 27, 27, 27, 27, 27, 27, 27, 27, 27, 27, 27, 27, 27, 27, 27, 27, 26, 26, 26, 26, 26, 26, 26, 26, 26, 25, 25, 25, 25, 25, 24, 24, 24, 22, 21, 20, 19, 18, 18, 18, 17, 15, 15, 15, 15, 15, 15, 14, 14, 14, 11, 11, 11, 11, 11, 10, 10, 10, 10, 10, 10, 10, 10, 10, 10, 10, 10, 10, 10, 10, 10, 10, 10, 10, 10, 10, 10, 10, 10, 10, 10, 10, 10, 10, 10, 10, 10, 10, 10, 10, 10, 10, 10, 9, 9, 9, 9, 9, 9, 9, 9, 9, 9, 9, 9, 9, 9, 9, 8, 8, 8, 8, 8, 8, 8, 8, 8, 8, 8, 8, 8, 8, 8, 8, 8, 8, 8, 8, 8, 8, 8, 8, 8, 8, 8, 8, 8, 8, 8, 8, 8, 8, 8, 8, 8, 8, 8, 8, 8, 8, 8, 8, 8, 8, 8]",170,"[1.2321478128433228, 12.779546737670898, 9.584939956665039, 1.6124500036239624, 3.0626823902130127, 0.8092870116233826, 2.2593588829040527, 8.05016803741455, 1.4679498672485352, 1.579290747642517, 4.504898548126221, 1.309869647026062, 0.9922177195549011, 0.765673816204071, 0.41258686780929565, 0.49060213565826416, 0.806151270866394, 0.6287919878959656, 2.8980300426483154, 1.2931207418441772, 0.7770295143127441, 1.5066447257995605, 0.5885347127914429, 0.5821772217750549, 1.2413840293884277, 0.5617846846580505, 0.6997634768486023, 0.5149938464164734, 0.8808456659317017, 0.5121747851371765, 0.5588846802711487, 0.5309203863143921, 0.5770881175994873, 0.5624632239341736, 0.7757046222686768, 0.865132212638855, 0.7803348302841187, 0.43150416016578674, 0.5483641624450684, 1.0272648334503174, 3.225146532058716, 0.500723123550415, 0.5009956955909729, 0.521856963634491, 0.4697376489639282, 2.054175853729248, 0.4376096725463867, 0.44069403409957886, 0.5877544283866882, 0.8927890062332153, 3.877734661102295, 0.5490581393241882, 0.45281052589416504, 0.6684355139732361, 0.5723217129707336, 0.7373246550559998, 2.586533784866333, 0.7562841773033142, 0.9114429354667664, 0.9970267415046692, 0.5950450897216797, 0.6851842403411865, 0.5498452186584473, 0.6468348503112793, 3.302206039428711, 0.7691056132316589, 6.5112199783325195, 0.6707219481468201, 0.537345290184021, 3.2068188190460205, 1.0422114133834839, 1.8805500268936157, 2.7658607959747314, 0.7638418674468994, 2.2744340896606445, 0.6404331922531128, 2.9939818382263184, 0.9845356941223145, 6.597266674041748, 3.8245575428009033, 2.0804412364959717, 0.5904668569564819, 7.7237772941589355, 5.634541034698486, 1.0437591075897217, 0.7924835681915283, 0.6790727972984314, 1.0883172750473022, 2.3305022716522217, 0.6600878834724426, 1.4892144203186035, 5.030218601226807, 0.5105507373809814, 0.5440492033958435, 2.0730950832366943, 3.175288677215576, 0.47978687286376953, 2.3015365600585938, 0.7697799205780029, 0.5968262553215027, 0.8144380450248718, 0.8815829753875732, 1.391873836517334, 2.1336233615875244, 0.7470940351486206, 1.265548825263977, 0.6368461847305298, 0.6562631130218506, 0.6349576115608215, 1.2776607275009155, 1.4450219869613647, 1.0257166624069214, 2.7679555416107178, 3.9155142307281494, 1.4231339693069458, 2.1152212619781494, 0.4238964915275574, 2.244051933288574, 0.4304295778274536, 0.6253795027732849, 2.982961654663086, 0.9565076231956482, 1.848671555519104, 0.385654091835022, 1.1018004417419434, 2.7819924354553223, 0.9623137712478638, 0.6946043968200684, 0.6089799404144287, 0.5814860463142395, 0.8137827515602112, 1.3862320184707642, 0.3880731165409088, 2.5313515663146973, 0.7514192461967468, 1.6632740497589111, 2.5814645290374756, 0.5630156993865967, 2.0458686351776123, 0.9809390306472778, 0.4287433326244354, 0.49388840794563293, 0.7147762179374695, 0.9061184525489807, 0.4348903298377991, 0.3341503441333771, 0.5271130204200745, 0.48052978515625, 0.4027221202850342, 0.455016165971756, 1.2056796550750732, 0.8901308178901672, 0.45583394169807434, 0.5728633403778076, 0.565411388874054, 0.4329123795032501, 0.5473560094833374, 0.45611900091171265, 0.6879669427871704, 0.5343533158302307, 1.1370702981948853, 3.4944260120391846, 0.5310662388801575, 0.5210353136062622, 0.5417102575302124, 1.313502550125122, 1.0763165950775146, 0.8046798706054688, 0.5541170835494995, 0.6962994337081909]",8.0,"[33.0, 32.0, 29.0, 29.0, 29.0, 29.0, 28.0, 28.0, 28.0, 28.0, 28.0, 28.0, 28.0, 28.0, 28.0, 27.0, 27.0, 27.0, 27.0, 27.0, 27.0, 27.0, 27.0, 27.0, 27.0, 27.0, 27.0, 27.0, 27.0, 27.0, 27.0, 26.0, 26.0, 26.0, 26.0, 26.0, 26.0, 26.0, 26.0, 26.0, 25.0, 25.0, 25.0, 25.0, 25.0, 24.0, 24.0, 24.0, 22.0, 21.0, 20.0, 19.0, 18.0, 18.0, 18.0, 17.0, 15.0, 15.0, 15.0, 15.0, 15.0, 15.0, 14.0, 14.0, 14.0, 11.0, 11.0, 11.0, 11.0, 11.0, 10.0, 10.0, 10.0, 10.0, 10.0, 10.0, 10.0, 10.0, 10.0, 10.0, 10.0, 10.0, 10.0, 10.0, 10.0, 10.0, 10.0, 10.0, 10.0, 10.0, 10.0, 10.0, 10.0, 10.0, 10.0, 10.0, 10.0, 10.0, 10.0, 10.0, 10.0, 10.0, 10.0, 10.0, 10.0, 10.0, 10.0, 10.0, 9.0, 9.0, 9.0, 9.0, 9.0, 9.0, 9.0, 9.0, 9.0, 9.0, 9.0, 9.0, 9.0, 9.0, 9.0, 8.0, 8.0, 8.0, 8.0, 8.0, 8.0, 8.0, 8.0, 8.0, 8.0, 8.0, 8.0, 8.0, 8.0, 8.0, 8.0, 8.0, 8.0, 8.0, 8.0, 8.0, 8.0, 8.0, 8.0, 8.0, 8.0, 8.0, 8.0, 8.0, 8.0, 8.0, 8.0, 8.0, 8.0, 8.0, 8.0, 8.0, 8.0, 8.0, 8.0, 8.0, 8.0, 8.0, 8.0, 8.0, 8.0, 8.0]",COMPLETE
18,18,0.5,2024-08-31 01:05:38.179473,2024-08-31 01:06:40.256399,0 days 00:01:02.076926,64,6.878359712001625,4,310,0.6311571468074599,45,0.015979278241268616,0.859,0.85875,0,"[0, 0, 0, 0, 0, 0, 0, 0, 0, 0, 0, 0, 0, 0, 0, 0, 0, 0, 0, 0, 0, 0, 0, 0, 0, 0, 0, 0, 0, 0, 0, 0, 0, 0, 0, 0, 0, 0, 0, 0, 0, 0, 0, 0, 0, 0, 0, 0, 0, 0, 0, 0, 0, 0, 0, 0, 0, 0, 0, 0, 0, 0, 0, 0, 0, 0, 0, 0, 0, 0, 0, 0, 0, 0, 0, 0, 0, 0, 0, 0, 0, 0, 0, 0, 0, 0, 0, 0, 0, 0, 0, 0, 0, 0, 0, 0, 0, 0, 0, 0, 0, 0, 0, 0, 0, 0, 0, 0, 0, 0, 0, 0, 0, 0, 0, 0, 0, 0, 0, 0, 0, 0, 0, 0, 0, 0, 0, 0, 0, 0, 0, 0, 0, 0, 0, 0, 0, 0, 0, 0, 0, 0, 0, 0, 0, 0, 0, 0, 0, 0, 0, 0, 0, 0, 0, 0, 0, 0, 0, 0, 0, 0, 0, 0, 0, 0, 0, 0, 0, 0, 0, 0, 0, 0, 0, 0, 0, 0, 0, 0, 0, 0, 0, 0, 0, 0, 0, 0, 0, 0, 0, 0, 0, 0, 0, 0, 0, 0, 0, 0, 0, 0, 0, 0, 0, 0, 0, 0, 0, 0, 0, 0, 0, 0, 0, 0, 0, 0, 0, 0, 0, 0, 0, 0, 0, 0, 0, 0, 0, 0, 0, 0, 0, 0, 0, 0, 0, 0, 0, 0, 0, 0, 0, 0, 0, 0, 0, 0, 0, 0, 0, 0, 0, 0, 0, 0, 0, 0, 0, 0, 0, 0, 0, 0, 0, 0, 0, 0, 0, 0, 0, 0, 0, 0, 0, 0, 0, 0, 0, 0, 0, 0, 0, 0, 0, 0, 0, 0, 0, 0, 0, 0, 0, 0, 0, 0, 0, 0, 0, 0, 0, 0, 0, 0, 0, 0, 0, 0, 0, 0]",0.0,"[0.0, 0.0, 0.0, 0.0, 0.0, 0.0, 0.0, 0.0, 0.0, 0.0, 0.0, 0.0, 0.0, 0.0, 0.0, 0.0, 0.0, 0.0, 0.0, 0.0, 0.0, 0.0, 0.0, 0.0, 0.0, 0.0, 0.0, 0.0, 0.0, 0.0, 0.0, 0.0, 0.0, 0.0, 0.0, 0.0, 0.0, 0.0, 0.0, 0.0, 0.0, 0.0, 0.0, 0.0, 0.0, 0.0, 0.0, 0.0, 0.0, 0.0, 0.0, 0.0, 0.0, 0.0, 0.0, 0.0, 0.0, 0.0, 0.0, 0.0, 0.0, 0.0, 0.0, 0.0, 0.0, 0.0, 0.0, 0.0, 0.0, 0.0, 0.0, 0.0, 0.0, 0.0, 0.0, 0.0, 0.0, 0.0, 0.0, 0.0, 0.0, 0.0, 0.0, 0.0, 0.0, 0.0, 0.0, 0.0, 0.0, 0.0, 0.0, 0.0, 0.0, 0.0, 0.0, 0.0, 0.0, 0.0, 0.0, 0.0, 0.0, 0.0, 0.0, 0.0, 0.0, 0.0, 0.0, 0.0, 0.0, 0.0, 0.0, 0.0, 0.0, 0.0, 0.0, 0.0, 0.0, 0.0, 0.0, 0.0, 0.0, 0.0, 0.0, 0.0, 0.0, 0.0, 0.0, 0.0, 0.0, 0.0, 0.0, 0.0, 0.0, 0.0, 0.0, 0.0, 0.0, 0.0, 0.0, 0.0, 0.0, 0.0, 0.0, 0.0, 0.0, 0.0, 0.0, 0.0, 0.0, 0.0, 0.0, 0.0, 0.0, 0.0, 0.0, 0.0, 0.0, 0.0, 0.0, 0.0, 0.0, 0.0, 0.0, 0.0, 0.0, 0.0, 0.0, 0.0, 0.0, 0.0, 0.0, 0.0, 0.0, 0.0, 0.0, 0.0, 0.0, 0.0, 0.0, 0.0, 0.0, 0.0, 0.0, 0.0, 0.0, 0.0, 0.0, 0.0, 0.0, 0.0, 0.0, 0.0, 0.0, 0.0, 0.0, 0.0, 0.0, 0.0, 0.0, 0.0, 0.0, 0.0, 0.0, 0.0, 0.0, 0.0, 0.0, 0.0, 0.0, 0.0, 0.0, 0.0, 0.0, 0.0, 0.0, 0.0, 0.0, 0.0, 0.0, 0.0, 0.0, 0.0, 0.0, 0.0, 0.0, 0.0, 0.0, 0.0, 0.0, 0.0, 0.0, 0.0, 0.0, 0.0, 0.0, 0.0, 0.0, 0.0, 0.0, 0.0, 0.0, 0.0, 0.0, 0.0, 0.0, 0.0, 0.0, 0.0, 0.0, 0.0, 0.0, 0.0, 0.0, 0.0, 0.0, 0.0, 0.0, 0.0, 0.0, 0.0, 0.0, 0.0, 0.0, 0.0, 0.0, 0.0, 0.0, 0.0, 0.0, 0.0, 0.0, 0.0, 0.0, 0.0, 0.0, 0.0, 0.0, 0.0, 0.0, 0.0, 0.0, 0.0, 0.0, 0.0, 0.0, 0.0, 0.0, 0.0, 0.0, 0.0, 0.0, 0.0, 0.0, 0.0, 0.0, 0.0, 0.0, 0.0, 0.0, 0.0, 0.0, 0.0, 0.0, 0.0, 0.0, 0.0, 0.0, 0.0, 0.0, 0.0]",0.5,0.5,0,"[0, 0, 0, 0, 0, 0, 0, 0, 0, 0, 0, 0, 0, 0, 0, 0, 0, 0, 0, 0, 0, 0, 0, 0, 0, 0, 0, 0, 0, 0, 0, 0, 0, 0, 0, 0, 0, 0, 0, 0, 0, 0, 0, 0, 0, 0, 0, 0, 0, 0, 0, 0, 0, 0, 0, 0, 0, 0, 0, 0, 0, 0, 0, 0, 0, 0, 0, 0, 0, 0, 0, 0, 0, 0, 0, 0, 0, 0, 0, 0, 0, 0, 0, 0, 0, 0, 0, 0, 0, 0, 0, 0, 0, 0, 0, 0, 0, 0, 0, 0, 0, 0, 0, 0, 0, 0, 0, 0, 0, 0, 0, 0, 0, 0, 0, 0, 0, 0, 0, 0, 0, 0, 0, 0, 0, 0, 0, 0, 0, 0, 0, 0, 0, 0, 0, 0, 0, 0, 0, 0, 0, 0, 0, 0, 0, 0, 0, 0, 0, 0, 0, 0, 0, 0, 0, 0, 0, 0, 0, 0, 0, 0, 0, 0, 0, 0, 0, 0, 0, 0, 0, 0, 0, 0, 0, 0, 0, 0, 0, 0, 0, 0, 0, 0, 0, 0, 0, 0, 0, 0, 0, 0, 0, 0, 0, 0, 0, 0, 0, 0, 0, 0, 0, 0, 0, 0, 0, 0, 0, 0, 0, 0, 0, 0, 0, 0, 0, 0, 0, 0, 0, 0, 0, 0, 0, 0, 0, 0, 0, 0, 0, 0, 0, 0, 0, 0, 0, 0, 0, 0, 0, 0, 0, 0, 0, 0, 0, 0, 0, 0, 0, 0, 0, 0, 0, 0, 0, 0, 0, 0, 0, 0, 0, 0, 0, 0, 0, 0, 0, 0, 0, 0, 0, 0, 0, 0, 0, 0, 0, 0, 0, 0, 0, 0, 0, 0, 0, 0, 0, 0, 0, 0, 0, 0, 0, 0, 0, 0, 0, 0, 0, 0, 0, 0, 0, 0, 0, 0, 0, 0]",310,"[1.1733452081680298, 0.617419958114624, 1.3402208089828491, 2.2377676963806152, 2.5814554691314697, 0.4204476475715637, 0.5906340479850769, 1.5358476638793945, 0.9696801900863647, 2.4670488834381104, 1.0537220239639282, 1.118656039237976, 0.9753756523132324, 0.546701192855835, 1.0443347692489624, 0.739371657371521, 2.0202689170837402, 1.5451092720031738, 1.162354826927185, 0.4471026659011841, 1.2284133434295654, 2.785069465637207, 2.5861241817474365, 1.8476577997207642, 2.08266544342041, 2.786001682281494, 1.4135029315948486, 1.0537124872207642, 0.7923733592033386, 0.4272870719432831, 1.6844061613082886, 0.4085012674331665, 2.1310083866119385, 2.8713855743408203, 2.0430026054382324, 1.7699806690216064, 0.504253089427948, 1.0034741163253784, 1.3422257900238037, 1.7103620767593384, 0.5550834536552429, 2.227145195007324, 2.252971887588501, 1.692221999168396, 0.5048538446426392, 1.080142617225647, 1.795497179031372, 2.0455870628356934, 2.4326353073120117, 1.2671798467636108, 2.4437243938446045, 1.0185246467590332, 0.47798240184783936, 0.709175705909729, 1.3023810386657715, 1.9646430015563965, 3.251566171646118, 0.5139322876930237, 2.897336483001709, 1.0193332433700562, 0.40785568952560425, 2.8442063331604004, 1.2384910583496094, 0.7937911748886108, 2.911921501159668, 1.3814293146133423, 1.479037880897522, 1.3472518920898438, 1.6162854433059692, 0.7772262096405029, 0.41569414734840393, 0.49047037959098816, 1.798854112625122, 2.300032615661621, 1.5907891988754272, 0.9715661406517029, 1.0604655742645264, 0.6707437634468079, 1.1017652750015259, 0.4297996759414673, 0.9220423698425293, 1.2835302352905273, 2.0856451988220215, 2.5592856407165527, 0.4832949936389923, 1.3481107950210571, 1.500471591949463, 0.8491581082344055, 2.3418936729431152, 1.6025619506835938, 0.7497578263282776, 0.4216298758983612, 0.52705979347229, 3.3699514865875244, 0.45420601963996887, 2.3305304050445557, 1.8237814903259277, 0.41261619329452515, 2.0885732173919678, 3.1472110748291016, 0.4074007272720337, 0.7030465602874756, 1.1859263181686401, 0.6133546233177185, 0.5483172535896301, 1.2751959562301636, 1.943406581878662, 1.8091496229171753, 2.3935320377349854, 1.1294069290161133, 0.4663454294204712, 1.2556174993515015, 0.8169729709625244, 0.4373281002044678, 1.3192815780639648, 2.8614349365234375, 2.0346262454986572, 1.8733820915222168, 2.881622314453125, 0.5649898648262024, 2.2346150875091553, 2.658513069152832, 0.76238614320755, 0.7889335751533508, 0.7532124519348145, 0.5419477224349976, 2.8924126625061035, 1.5546941757202148, 1.116369605064392, 0.90810227394104, 0.43959152698516846, 1.2609002590179443, 2.479090452194214, 0.9240449666976929, 2.1636548042297363, 3.058603525161743, 0.6087543964385986, 1.0594679117202759, 0.5379937887191772, 1.5295671224594116, 0.8930367231369019, 2.0913193225860596, 3.2512946128845215, 0.4540984332561493, 0.6592900156974792, 0.8136013746261597, 0.6157279014587402, 0.6079999804496765, 1.5448579788208008, 1.8681124448776245, 0.7790477275848389, 1.1035996675491333, 1.8687047958374023, 1.5553719997406006, 1.4902077913284302, 1.1393944025039673, 0.5591921806335449, 1.9238194227218628, 3.3177802562713623, 0.40789055824279785, 1.9035333395004272, 2.658432722091675, 0.40782082080841064, 2.5487430095672607, 0.4685821533203125, 0.8893949389457703, 2.872159957885742, 2.6946544647216797, 1.7003079652786255, 0.7070686221122742, 2.078043222427368, 1.4056826829910278, 1.093052864074707, 0.4159661829471588, 0.8785275816917419, 0.42257222533226013, 2.2959542274475098, 1.2002540826797485, 1.632680058479309, 2.5513243675231934, 1.6441376209259033, 0.5294620394706726, 2.6954760551452637, 1.1419504880905151, 0.8670943379402161, 3.094770908355713, 0.4113844633102417, 1.004602313041687, 1.224581003189087, 2.229194402694702, 2.7701873779296875, 1.0128556489944458, 0.41152405738830566, 0.5810402631759644, 1.2869000434875488, 1.210176944732666, 1.6581220626831055, 1.0641980171203613, 0.7706814408302307, 0.4959166347980499, 0.9324087500572205, 0.40784919261932373, 1.5327270030975342, 1.1223491430282593, 1.4016073942184448, 2.3699452877044678, 0.9156033396720886, 3.0759027004241943, 0.7644906640052795, 0.7785276174545288, 0.7061843872070312, 0.6190356016159058, 0.5947965979576111, 1.378617286682129, 2.369328498840332, 1.1716227531433105, 1.7384228706359863, 0.4756679832935333, 1.4051988124847412, 2.3807413578033447, 1.203977108001709, 0.7440211772918701, 0.40767890214920044, 1.2085751295089722, 2.2070114612579346, 2.1563167572021484, 2.8605575561523438, 1.2229024171829224, 0.9548347592353821, 3.2825798988342285, 0.43856117129325867, 1.1645828485488892, 1.1412674188613892, 0.7206571698188782, 0.5976389050483704, 1.0776485204696655, 1.723970890045166, 1.1842297315597534, 0.860202431678772, 0.9721806049346924, 0.47972026467323303, 1.8851224184036255, 0.900017261505127, 2.1429479122161865, 2.1656687259674072, 2.783428430557251, 0.7380532622337341, 1.578513741493225, 1.1374703645706177, 1.710080862045288, 0.9421017169952393, 0.41114354133605957, 0.41471272706985474, 2.5219130516052246, 0.7429458498954773, 0.5169024467468262, 1.956142544746399, 2.376354455947876, 1.705145239830017, 0.5466150045394897, 3.1676876544952393, 0.4785851240158081, 1.509842872619629, 1.7669938802719116, 1.3200699090957642, 0.7915957570075989, 0.4685753583908081, 1.7018147706985474, 1.6138932704925537, 1.466191053390503, 1.9328362941741943, 2.782376289367676, 0.7371057868003845, 0.5665411353111267, 1.8623830080032349, 0.4216769337654114, 1.9921127557754517, 3.7199547290802, 0.43955597281455994, 0.4591565728187561, 0.5959804058074951, 1.4496548175811768, 2.023991346359253, 3.540116310119629, 0.4657076299190521, 0.4397132396697998, 0.6200800538063049, 0.9604107737541199, 2.905421733856201, 0.6359841823577881, 0.41724085807800293, 1.571219801902771, 1.2891656160354614, 2.211850643157959, 2.2748517990112305, 2.176574230194092, 1.9594078063964844, 2.9905872344970703, 0.9752832651138306, 0.4219111204147339, 0.5994489789009094, 1.0823018550872803, 1.1462712287902832, 0.7403826713562012, 0.5965664386749268, 1.549201488494873, 0.4072928726673126, 1.6046475172042847, 0.45557767152786255, 0.41030243039131165]",0.0,"[0.0, 0.0, 0.0, 0.0, 0.0, 0.0, 0.0, 0.0, 0.0, 0.0, 0.0, 0.0, 0.0, 0.0, 0.0, 0.0, 0.0, 0.0, 0.0, 0.0, 0.0, 0.0, 0.0, 0.0, 0.0, 0.0, 0.0, 0.0, 0.0, 0.0, 0.0, 0.0, 0.0, 0.0, 0.0, 0.0, 0.0, 0.0, 0.0, 0.0, 0.0, 0.0, 0.0, 0.0, 0.0, 0.0, 0.0, 0.0, 0.0, 0.0, 0.0, 0.0, 0.0, 0.0, 0.0, 0.0, 0.0, 0.0, 0.0, 0.0, 0.0, 0.0, 0.0, 0.0, 0.0, 0.0, 0.0, 0.0, 0.0, 0.0, 0.0, 0.0, 0.0, 0.0, 0.0, 0.0, 0.0, 0.0, 0.0, 0.0, 0.0, 0.0, 0.0, 0.0, 0.0, 0.0, 0.0, 0.0, 0.0, 0.0, 0.0, 0.0, 0.0, 0.0, 0.0, 0.0, 0.0, 0.0, 0.0, 0.0, 0.0, 0.0, 0.0, 0.0, 0.0, 0.0, 0.0, 0.0, 0.0, 0.0, 0.0, 0.0, 0.0, 0.0, 0.0, 0.0, 0.0, 0.0, 0.0, 0.0, 0.0, 0.0, 0.0, 0.0, 0.0, 0.0, 0.0, 0.0, 0.0, 0.0, 0.0, 0.0, 0.0, 0.0, 0.0, 0.0, 0.0, 0.0, 0.0, 0.0, 0.0, 0.0, 0.0, 0.0, 0.0, 0.0, 0.0, 0.0, 0.0, 0.0, 0.0, 0.0, 0.0, 0.0, 0.0, 0.0, 0.0, 0.0, 0.0, 0.0, 0.0, 0.0, 0.0, 0.0, 0.0, 0.0, 0.0, 0.0, 0.0, 0.0, 0.0, 0.0, 0.0, 0.0, 0.0, 0.0, 0.0, 0.0, 0.0, 0.0, 0.0, 0.0, 0.0, 0.0, 0.0, 0.0, 0.0, 0.0, 0.0, 0.0, 0.0, 0.0, 0.0, 0.0, 0.0, 0.0, 0.0, 0.0, 0.0, 0.0, 0.0, 0.0, 0.0, 0.0, 0.0, 0.0, 0.0, 0.0, 0.0, 0.0, 0.0, 0.0, 0.0, 0.0, 0.0, 0.0, 0.0, 0.0, 0.0, 0.0, 0.0, 0.0, 0.0, 0.0, 0.0, 0.0, 0.0, 0.0, 0.0, 0.0, 0.0, 0.0, 0.0, 0.0, 0.0, 0.0, 0.0, 0.0, 0.0, 0.0, 0.0, 0.0, 0.0, 0.0, 0.0, 0.0, 0.0, 0.0, 0.0, 0.0, 0.0, 0.0, 0.0, 0.0, 0.0, 0.0, 0.0, 0.0, 0.0, 0.0, 0.0, 0.0, 0.0, 0.0, 0.0, 0.0, 0.0, 0.0, 0.0, 0.0, 0.0, 0.0, 0.0, 0.0, 0.0, 0.0, 0.0, 0.0, 0.0, 0.0, 0.0, 0.0, 0.0, 0.0, 0.0, 0.0, 0.0, 0.0, 0.0, 0.0, 0.0, 0.0, 0.0, 0.0, 0.0, 0.0, 0.0, 0.0, 0.0, 0.0, 0.0, 0.0, 0.0, 0.0, 0.0, 0.0, 0.0, 0.0, 0.0, 0.0]",COMPLETE
