,number,value,datetime_start,datetime_complete,duration,params_batch_size_scaler,params_constant_learning_rate,params_depth,params_epochs,params_kernel_l2,params_num_trees,params_temperature,user_attrs_accuracy_test,user_attrs_accuracy_valid,user_attrs_approximate_feature_sparsity,user_attrs_approximate_feature_sparsity_history,user_attrs_approximate_weight_sparsity,user_attrs_approximate_weight_sparsity_history,user_attrs_auc_test,user_attrs_auc_valid,user_attrs_feature_sparsity,user_attrs_feature_sparsity_history,user_attrs_num_epochs,user_attrs_val_loss_history,user_attrs_weight_sparsity,user_attrs_weight_sparsity_history,state
148,148,0.5,2024-08-31 06:22:50.724082,2024-08-31 06:29:36.821371,0 days 00:06:46.097289,4,0.8479412742325078,5,410,0.21271983694059315,44,0.07424025956792497,0.859,0.85875,0,"[0, 0, 0, 0, 0, 0, 0, 0, 0, 0, 0, 0, 0, 0, 0, 0, 0, 0, 0, 0, 0, 0, 0, 0, 0, 0, 0, 0, 0, 0, 0, 0, 0, 0, 0, 0, 0, 0, 0, 0, 0, 0, 0, 0, 0, 0, 0, 0, 0, 0, 0, 0, 0, 0, 0, 0, 0, 0, 0, 0, 0, 0, 0, 0, 0, 0, 0, 0, 0, 0, 0, 0, 0, 0, 0, 0, 0, 0, 0, 0, 0, 0, 0, 0, 0, 0, 0, 0, 0, 0, 0, 0, 0, 0, 0, 0, 0, 0, 0, 0, 0, 0, 0, 0, 0, 0, 0, 0, 0, 0, 0, 0, 0, 0, 0, 0, 0, 0, 0, 0, 0, 0, 0, 0, 0, 0, 0, 0, 0, 0, 0, 0, 0, 0, 0, 0, 0, 0, 0, 0, 0, 0, 0, 0, 0, 0, 0, 0, 0, 0, 0, 0, 0, 0, 0, 0, 0, 0, 0, 0, 0, 0, 0, 0, 0, 0, 0, 0, 0, 0, 0, 0, 0, 0, 0, 0, 0, 0, 0, 0, 0, 0, 0, 0, 0, 0, 0, 0, 0, 0, 0, 0, 0, 0, 0, 0, 0, 0, 0, 0, 0, 0, 0, 0, 0, 0, 0, 0, 0, 0, 0, 0, 0, 0, 0, 0, 0, 0, 0, 0, 0, 0, 0, 0, 0, 0, 0, 0, 0, 0, 0, 0, 0, 0, 0, 0, 0, 0, 0, 0, 0, 0, 0, 0, 0, 0, 0, 0, 0, 0, 0, 0, 0, 0, 0, 0, 0, 0, 0, 0, 0, 0, 0, 0, 0, 0, 0, 0, 0, 0, 0, 0, 0, 0, 0, 0, 0, 0, 0, 0, 0, 0, 0, 0, 0, 0, 0, 0, 0, 0, 0, 0, 0, 0, 0, 0, 0, 0, 0, 0, 0, 0, 0, 0, 0, 0, 0, 0, 0, 0, 0, 0, 0, 0, 0, 0, 0, 0, 0, 0, 0, 0, 0, 0, 0, 0, 0, 0, 0, 0, 0, 0, 0, 0, 0, 0, 0, 0, 0, 0, 0, 0, 0, 0, 0, 0, 0, 0, 0, 0, 0, 0, 0, 0, 0, 0, 0, 0, 0, 0, 0, 0, 0, 0, 0, 0, 0, 0, 0, 0, 0, 0, 0, 0, 0, 0, 0, 0, 0, 0, 0, 0, 0, 0, 0, 0, 0, 0, 0, 0, 0, 0, 0, 0, 0, 0, 0, 0, 0, 0, 0, 0, 0, 0, 0, 0, 0, 0, 0, 0]",0.0,"[0.0, 0.0, 0.0, 0.0, 0.0, 0.0, 0.0, 0.0, 0.0, 0.0, 0.0, 0.0, 0.0, 0.0, 0.0, 0.0, 0.0, 0.0, 0.0, 0.0, 0.0, 0.0, 0.0, 0.0, 0.0, 0.0, 0.0, 0.0, 0.0, 0.0, 0.0, 0.0, 0.0, 0.0, 0.0, 0.0, 0.0, 0.0, 0.0, 0.0, 0.0, 0.0, 0.0, 0.0, 0.0, 0.0, 0.0, 0.0, 0.0, 0.0, 0.0, 0.0, 0.0, 0.0, 0.0, 0.0, 0.0, 0.0, 0.0, 0.0, 0.0, 0.0, 0.0, 0.0, 0.0, 0.0, 0.0, 0.0, 0.0, 0.0, 0.0, 0.0, 0.0, 0.0, 0.0, 0.0, 0.0, 0.0, 0.0, 0.0, 0.0, 0.0, 0.0, 0.0, 0.0, 0.0, 0.0, 0.0, 0.0, 0.0, 0.0, 0.0, 0.0, 0.0, 0.0, 0.0, 0.0, 0.0, 0.0, 0.0, 0.0, 0.0, 0.0, 0.0, 0.0, 0.0, 0.0, 0.0, 0.0, 0.0, 0.0, 0.0, 0.0, 0.0, 0.0, 0.0, 0.0, 0.0, 0.0, 0.0, 0.0, 0.0, 0.0, 0.0, 0.0, 0.0, 0.0, 0.0, 0.0, 0.0, 0.0, 0.0, 0.0, 0.0, 0.0, 0.0, 0.0, 0.0, 0.0, 0.0, 0.0, 0.0, 0.0, 0.0, 0.0, 0.0, 0.0, 0.0, 0.0, 0.0, 0.0, 0.0, 0.0, 0.0, 0.0, 0.0, 0.0, 0.0, 0.0, 0.0, 0.0, 0.0, 0.0, 0.0, 0.0, 0.0, 0.0, 0.0, 0.0, 0.0, 0.0, 0.0, 0.0, 0.0, 0.0, 0.0, 0.0, 0.0, 0.0, 0.0, 0.0, 0.0, 0.0, 0.0, 0.0, 0.0, 0.0, 0.0, 0.0, 0.0, 0.0, 0.0, 0.0, 0.0, 0.0, 0.0, 0.0, 0.0, 0.0, 0.0, 0.0, 0.0, 0.0, 0.0, 0.0, 0.0, 0.0, 0.0, 0.0, 0.0, 0.0, 0.0, 0.0, 0.0, 0.0, 0.0, 0.0, 0.0, 0.0, 0.0, 0.0, 0.0, 0.0, 0.0, 0.0, 0.0, 0.0, 0.0, 0.0, 0.0, 0.0, 0.0, 0.0, 0.0, 0.0, 0.0, 0.0, 0.0, 0.0, 0.0, 0.0, 0.0, 0.0, 0.0, 0.0, 0.0, 0.0, 0.0, 0.0, 0.0, 0.0, 0.0, 0.0, 0.0, 0.0, 0.0, 0.0, 0.0, 0.0, 0.0, 0.0, 0.0, 0.0, 0.0, 0.0, 0.0, 0.0, 0.0, 0.0, 0.0, 0.0, 0.0, 0.0, 0.0, 0.0, 0.0, 0.0, 0.0, 0.0, 0.0, 0.0, 0.0, 0.0, 0.0, 0.0, 0.0, 0.0, 0.0, 0.0, 0.0, 0.0, 0.0, 0.0, 0.0, 0.0, 0.0, 0.0, 0.0, 0.0, 0.0, 0.0, 0.0, 0.0, 0.0, 0.0, 0.0, 0.0, 0.0, 0.0, 0.0, 0.0, 0.0, 0.0, 0.0, 0.0, 0.0, 0.0, 0.0, 0.0, 0.0, 0.0, 0.0, 0.0, 0.0, 0.0, 0.0, 0.0, 0.0, 0.0, 0.0, 0.0, 0.0, 0.0, 0.0, 0.0, 0.0, 0.0, 0.0, 0.0, 0.0, 0.0, 0.0, 0.0, 0.0, 0.0, 0.0, 0.0, 0.0, 0.0, 0.0, 0.0, 0.0, 0.0, 0.0, 0.0, 0.0, 0.0, 0.0, 0.0, 0.0, 0.0, 0.0, 0.0, 0.0, 0.0, 0.0, 0.0, 0.0, 0.0, 0.0, 0.0, 0.0, 0.0, 0.0, 0.0, 0.0, 0.0, 0.0, 0.0, 0.0, 0.0, 0.0, 0.0, 0.0, 0.0, 0.0, 0.0, 0.0, 0.0, 0.0, 0.0, 0.0, 0.0, 0.0, 0.0, 0.0, 0.0, 0.0, 0.0, 0.0, 0.0, 0.0, 0.0, 0.0, 0.0, 0.0, 0.0, 0.0, 0.0, 0.0]",0.5,0.5,0,"[0, 0, 0, 0, 0, 0, 0, 0, 0, 0, 0, 0, 0, 0, 0, 0, 0, 0, 0, 0, 0, 0, 0, 0, 0, 0, 0, 0, 0, 0, 0, 0, 0, 0, 0, 0, 0, 0, 0, 0, 0, 0, 0, 0, 0, 0, 0, 0, 0, 0, 0, 0, 0, 0, 0, 0, 0, 0, 0, 0, 0, 0, 0, 0, 0, 0, 0, 0, 0, 0, 0, 0, 0, 0, 0, 0, 0, 0, 0, 0, 0, 0, 0, 0, 0, 0, 0, 0, 0, 0, 0, 0, 0, 0, 0, 0, 0, 0, 0, 0, 0, 0, 0, 0, 0, 0, 0, 0, 0, 0, 0, 0, 0, 0, 0, 0, 0, 0, 0, 0, 0, 0, 0, 0, 0, 0, 0, 0, 0, 0, 0, 0, 0, 0, 0, 0, 0, 0, 0, 0, 0, 0, 0, 0, 0, 0, 0, 0, 0, 0, 0, 0, 0, 0, 0, 0, 0, 0, 0, 0, 0, 0, 0, 0, 0, 0, 0, 0, 0, 0, 0, 0, 0, 0, 0, 0, 0, 0, 0, 0, 0, 0, 0, 0, 0, 0, 0, 0, 0, 0, 0, 0, 0, 0, 0, 0, 0, 0, 0, 0, 0, 0, 0, 0, 0, 0, 0, 0, 0, 0, 0, 0, 0, 0, 0, 0, 0, 0, 0, 0, 0, 0, 0, 0, 0, 0, 0, 0, 0, 0, 0, 0, 0, 0, 0, 0, 0, 0, 0, 0, 0, 0, 0, 0, 0, 0, 0, 0, 0, 0, 0, 0, 0, 0, 0, 0, 0, 0, 0, 0, 0, 0, 0, 0, 0, 0, 0, 0, 0, 0, 0, 0, 0, 0, 0, 0, 0, 0, 0, 0, 0, 0, 0, 0, 0, 0, 0, 0, 0, 0, 0, 0, 0, 0, 0, 0, 0, 0, 0, 0, 0, 0, 0, 0, 0, 0, 0, 0, 0, 0, 0, 0, 0, 0, 0, 0, 0, 0, 0, 0, 0, 0, 0, 0, 0, 0, 0, 0, 0, 0, 0, 0, 0, 0, 0, 0, 0, 0, 0, 0, 0, 0, 0, 0, 0, 0, 0, 0, 0, 0, 0, 0, 0, 0, 0, 0, 0, 0, 0, 0, 0, 0, 0, 0, 0, 0, 0, 0, 0, 0, 0, 0, 0, 0, 0, 0, 0, 0, 0, 0, 0, 0, 0, 0, 0, 0, 0, 0, 0, 0, 0, 0, 0, 0, 0, 0, 0, 0, 0, 0, 0, 0, 0, 0, 0, 0, 0, 0, 0, 0]",410,"[0.40774086117744446, 0.40852195024490356, 0.4075075387954712, 0.4076787829399109, 0.4096553921699524, 0.40779006481170654, 0.40736106038093567, 0.408664733171463, 0.407231867313385, 0.4116288423538208, 0.40814313292503357, 0.41143372654914856, 0.4090924859046936, 0.40763622522354126, 0.40725773572921753, 0.40908917784690857, 0.4102381765842438, 0.4136354923248291, 0.4093831777572632, 0.4072439670562744, 0.40752896666526794, 0.4090006649494171, 0.4075915217399597, 0.4078735411167145, 0.40849852561950684, 0.4078913927078247, 0.40724003314971924, 0.40732914209365845, 0.40765467286109924, 0.40838634967803955, 0.408233642578125, 0.4072633385658264, 0.4073878228664398, 0.40746009349823, 0.4078490734100342, 0.4077593982219696, 0.4072299599647522, 0.40913230180740356, 0.4105362594127655, 0.4082067608833313, 0.40806469321250916, 0.4109804630279541, 0.4087275266647339, 0.40769702196121216, 0.407250314950943, 0.4074171185493469, 0.40722694993019104, 0.4074603319168091, 0.4077850580215454, 0.41417911648750305, 0.40788257122039795, 0.40727221965789795, 0.4073788523674011, 0.4072374701499939, 0.4081202745437622, 0.4082792401313782, 0.4076651632785797, 0.40958455204963684, 0.40749019384384155, 0.40742748975753784, 0.40932708978652954, 0.40774616599082947, 0.4084547758102417, 0.4072262644767761, 0.40769898891448975, 0.4088406264781952, 0.4157164692878723, 0.41351035237312317, 0.40727606415748596, 0.4074828028678894, 0.4077858030796051, 0.4072650969028473, 0.40723463892936707, 0.40840184688568115, 0.40848028659820557, 0.4090335965156555, 0.4085771441459656, 0.4078465402126312, 0.40831834077835083, 0.40787455439567566, 0.4073426127433777, 0.40740787982940674, 0.4103464186191559, 0.40722882747650146, 0.40790656208992004, 0.4078322947025299, 0.4073246121406555, 0.40732261538505554, 0.40733978152275085, 0.41009894013404846, 0.408369243144989, 0.4072834849357605, 0.40769240260124207, 0.40768107771873474, 0.4092918634414673, 0.40728312730789185, 0.4074312150478363, 0.40788933634757996, 0.40768659114837646, 0.41348689794540405, 0.4092937409877777, 0.4075680673122406, 0.40745294094085693, 0.4089164733886719, 0.4090055823326111, 0.40936991572380066, 0.4088435471057892, 0.4077862799167633, 0.40722736716270447, 0.4081234633922577, 0.4087095558643341, 0.4168320894241333, 0.40729519724845886, 0.40838250517845154, 0.4078332185745239, 0.4074937403202057, 0.4072263240814209, 0.4106716215610504, 0.4093322455883026, 0.4076967239379883, 0.40726155042648315, 0.40811842679977417, 0.4126633107662201, 0.4087696075439453, 0.408676415681839, 0.40778136253356934, 0.40859657526016235, 0.407694935798645, 0.4074235260486603, 0.4081638753414154, 0.4073024094104767, 0.4087749123573303, 0.40853381156921387, 0.40728759765625, 0.4074932038784027, 0.40727218985557556, 0.40789997577667236, 0.40882736444473267, 0.4108799695968628, 0.410980224609375, 0.4096600413322449, 0.4073820114135742, 0.40734997391700745, 0.4083453118801117, 0.40735602378845215, 0.4108712077140808, 0.4074810743331909, 0.40735453367233276, 0.40776196122169495, 0.40929076075553894, 0.4072553515434265, 0.4085718095302582, 0.4131053686141968, 0.4093286395072937, 0.4075494110584259, 0.40788599848747253, 0.4080825448036194, 0.4087318480014801, 0.4077736735343933, 0.4074072241783142, 0.4072921872138977, 0.40939098596572876, 0.4079967439174652, 0.40743905305862427, 0.40798652172088623, 0.4072326421737671, 0.40767231583595276, 0.4091491997241974, 0.40739479660987854, 0.4090058505535126, 0.4076998233795166, 0.4089747369289398, 0.4072471261024475, 0.4078352451324463, 0.40787801146507263, 0.40723496675491333, 0.4075801372528076, 0.40722858905792236, 0.4073983430862427, 0.4081892669200897, 0.409989595413208, 0.4072262644767761, 0.40939009189605713, 0.4072457253932953, 0.4115202724933624, 0.4076572060585022, 0.40785929560661316, 0.4118477702140808, 0.408066987991333, 0.40781542658805847, 0.4072592556476593, 0.40891072154045105, 0.41164571046829224, 0.4072459042072296, 0.40728089213371277, 0.40776440501213074, 0.4072335958480835, 0.4079498052597046, 0.40734824538230896, 0.4097307324409485, 0.4097115993499756, 0.4088701903820038, 0.40725621581077576, 0.40827763080596924, 0.40722665190696716, 0.4072766602039337, 0.40723854303359985, 0.40751633048057556, 0.41198840737342834, 0.4073113203048706, 0.4073449671268463, 0.407227098941803, 0.4072900116443634, 0.41051140427589417, 0.4075976312160492, 0.4099418520927429, 0.40729600191116333, 0.4073205590248108, 0.4083862006664276, 0.4113503396511078, 0.4073183536529541, 0.4088731110095978, 0.4072267413139343, 0.4075159728527069, 0.4073854684829712, 0.4074501097202301, 0.4130222797393799, 0.40739062428474426, 0.407623291015625, 0.4179200232028961, 0.4072777032852173, 0.4083753526210785, 0.4082656800746918, 0.40851813554763794, 0.4072585701942444, 0.4090212285518646, 0.4073033630847931, 0.4094967246055603, 0.40724143385887146, 0.4111159145832062, 0.4083893597126007, 0.4074217975139618, 0.4072333574295044, 0.4072268605232239, 0.40742141008377075, 0.40835314989089966, 0.40769320726394653, 0.4118967056274414, 0.40882039070129395, 0.40791937708854675, 0.40837550163269043, 0.4085088074207306, 0.41059303283691406, 0.40752357244491577, 0.4089682400226593, 0.4084085524082184, 0.4091201424598694, 0.40903007984161377, 0.40802001953125, 0.40816429257392883, 0.4072272777557373, 0.40773963928222656, 0.4072365462779999, 0.40774449706077576, 0.40868374705314636, 0.41723933815956116, 0.40723469853401184, 0.40782982110977173, 0.40768295526504517, 0.40850165486335754, 0.40753328800201416, 0.40799373388290405, 0.407741904258728, 0.40784913301467896, 0.4175429046154022, 0.40727001428604126, 0.4078003168106079, 0.40732425451278687, 0.40725478529930115, 0.40752550959587097, 0.4072645306587219, 0.40722665190696716, 0.40758728981018066, 0.4090927839279175, 0.4080025851726532, 0.40778595209121704, 0.40839684009552, 0.4097960591316223, 0.4090280830860138, 0.40818822383880615, 0.4073275625705719, 0.40724536776542664, 0.40849658846855164, 0.4072265326976776, 0.40734267234802246, 0.40878191590309143, 0.4075450599193573, 0.40842849016189575, 0.40733593702316284, 0.4084622859954834, 0.40725910663604736, 0.41116437315940857, 0.4075252115726471, 0.4072357416152954, 0.40766316652297974, 0.40871086716651917, 0.4073864817619324, 0.40731799602508545, 0.41036561131477356, 0.41033345460891724, 0.4073297381401062, 0.4072312116622925, 0.4076750576496124, 0.4080204367637634, 0.40892264246940613, 0.4072299301624298, 0.40791043639183044, 0.40922290086746216, 0.4088327884674072, 0.40740638971328735, 0.41027840971946716, 0.4080365300178528, 0.40729081630706787, 0.407603919506073, 0.4084949195384979, 0.40723323822021484, 0.4072760343551636, 0.4079960584640503, 0.4115746319293976, 0.4099128246307373, 0.4231635630130768, 0.40905776619911194, 0.41009247303009033, 0.4074937105178833, 0.4076143503189087, 0.4073236584663391, 0.40801119804382324, 0.40884101390838623, 0.407863974571228, 0.40723463892936707, 0.407307893037796, 0.40722617506980896, 0.41140952706336975, 0.4081212282180786, 0.40853217244148254, 0.40738850831985474, 0.40724384784698486, 0.40723124146461487, 0.4080424904823303, 0.4074265956878662, 0.40728744864463806, 0.40727072954177856, 0.4075498878955841, 0.4165145456790924, 0.4085227847099304, 0.4080871343612671, 0.4088228642940521, 0.40722835063934326, 0.4072343409061432, 0.4115355312824249, 0.40775957703590393, 0.4074835479259491, 0.4088600277900696, 0.4075718820095062, 0.40736380219459534, 0.4072296619415283, 0.407327264547348, 0.40877875685691833, 0.41057533025741577, 0.4074018895626068, 0.4097597002983093, 0.4084659516811371, 0.40724292397499084, 0.407833069562912, 0.40925824642181396, 0.40954098105430603, 0.407560259103775, 0.40872207283973694, 0.40722858905792236, 0.40722721815109253, 0.407250314950943, 0.4130404591560364, 0.40839332342147827, 0.4072641134262085, 0.40725764632225037, 0.4076479375362396, 0.40728750824928284, 0.4073679447174072, 0.4085358679294586, 0.4075538218021393, 0.4076042175292969, 0.407654345035553, 0.40735799074172974, 0.4078167974948883, 0.4104975163936615, 0.41024330258369446, 0.407304584980011, 0.4072294235229492, 0.4079614579677582, 0.4103642404079437, 0.4073457717895508, 0.4073827862739563, 0.407537043094635, 0.4072897732257843, 0.41640031337738037, 0.4080994725227356, 0.4075433313846588, 0.4075782001018524, 0.4081991910934448, 0.4076002836227417]",0.0,"[0.0, 0.0, 0.0, 0.0, 0.0, 0.0, 0.0, 0.0, 0.0, 0.0, 0.0, 0.0, 0.0, 0.0, 0.0, 0.0, 0.0, 0.0, 0.0, 0.0, 0.0, 0.0, 0.0, 0.0, 0.0, 0.0, 0.0, 0.0, 0.0, 0.0, 0.0, 0.0, 0.0, 0.0, 0.0, 0.0, 0.0, 0.0, 0.0, 0.0, 0.0, 0.0, 0.0, 0.0, 0.0, 0.0, 0.0, 0.0, 0.0, 0.0, 0.0, 0.0, 0.0, 0.0, 0.0, 0.0, 0.0, 0.0, 0.0, 0.0, 0.0, 0.0, 0.0, 0.0, 0.0, 0.0, 0.0, 0.0, 0.0, 0.0, 0.0, 0.0, 0.0, 0.0, 0.0, 0.0, 0.0, 0.0, 0.0, 0.0, 0.0, 0.0, 0.0, 0.0, 0.0, 0.0, 0.0, 0.0, 0.0, 0.0, 0.0, 0.0, 0.0, 0.0, 0.0, 0.0, 0.0, 0.0, 0.0, 0.0, 0.0, 0.0, 0.0, 0.0, 0.0, 0.0, 0.0, 0.0, 0.0, 0.0, 0.0, 0.0, 0.0, 0.0, 0.0, 0.0, 0.0, 0.0, 0.0, 0.0, 0.0, 0.0, 0.0, 0.0, 0.0, 0.0, 0.0, 0.0, 0.0, 0.0, 0.0, 0.0, 0.0, 0.0, 0.0, 0.0, 0.0, 0.0, 0.0, 0.0, 0.0, 0.0, 0.0, 0.0, 0.0, 0.0, 0.0, 0.0, 0.0, 0.0, 0.0, 0.0, 0.0, 0.0, 0.0, 0.0, 0.0, 0.0, 0.0, 0.0, 0.0, 0.0, 0.0, 0.0, 0.0, 0.0, 0.0, 0.0, 0.0, 0.0, 0.0, 0.0, 0.0, 0.0, 0.0, 0.0, 0.0, 0.0, 0.0, 0.0, 0.0, 0.0, 0.0, 0.0, 0.0, 0.0, 0.0, 0.0, 0.0, 0.0, 0.0, 0.0, 0.0, 0.0, 0.0, 0.0, 0.0, 0.0, 0.0, 0.0, 0.0, 0.0, 0.0, 0.0, 0.0, 0.0, 0.0, 0.0, 0.0, 0.0, 0.0, 0.0, 0.0, 0.0, 0.0, 0.0, 0.0, 0.0, 0.0, 0.0, 0.0, 0.0, 0.0, 0.0, 0.0, 0.0, 0.0, 0.0, 0.0, 0.0, 0.0, 0.0, 0.0, 0.0, 0.0, 0.0, 0.0, 0.0, 0.0, 0.0, 0.0, 0.0, 0.0, 0.0, 0.0, 0.0, 0.0, 0.0, 0.0, 0.0, 0.0, 0.0, 0.0, 0.0, 0.0, 0.0, 0.0, 0.0, 0.0, 0.0, 0.0, 0.0, 0.0, 0.0, 0.0, 0.0, 0.0, 0.0, 0.0, 0.0, 0.0, 0.0, 0.0, 0.0, 0.0, 0.0, 0.0, 0.0, 0.0, 0.0, 0.0, 0.0, 0.0, 0.0, 0.0, 0.0, 0.0, 0.0, 0.0, 0.0, 0.0, 0.0, 0.0, 0.0, 0.0, 0.0, 0.0, 0.0, 0.0, 0.0, 0.0, 0.0, 0.0, 0.0, 0.0, 0.0, 0.0, 0.0, 0.0, 0.0, 0.0, 0.0, 0.0, 0.0, 0.0, 0.0, 0.0, 0.0, 0.0, 0.0, 0.0, 0.0, 0.0, 0.0, 0.0, 0.0, 0.0, 0.0, 0.0, 0.0, 0.0, 0.0, 0.0, 0.0, 0.0, 0.0, 0.0, 0.0, 0.0, 0.0, 0.0, 0.0, 0.0, 0.0, 0.0, 0.0, 0.0, 0.0, 0.0, 0.0, 0.0, 0.0, 0.0, 0.0, 0.0, 0.0, 0.0, 0.0, 0.0, 0.0, 0.0, 0.0, 0.0, 0.0, 0.0, 0.0, 0.0, 0.0, 0.0, 0.0, 0.0, 0.0, 0.0, 0.0, 0.0, 0.0, 0.0, 0.0, 0.0, 0.0, 0.0, 0.0, 0.0, 0.0, 0.0, 0.0, 0.0, 0.0, 0.0, 0.0, 0.0, 0.0, 0.0, 0.0, 0.0, 0.0, 0.0, 0.0, 0.0, 0.0, 0.0, 0.0, 0.0, 0.0, 0.0, 0.0, 0.0, 0.0, 0.0, 0.0]",COMPLETE
