,number,value,datetime_start,datetime_complete,duration,params_batch_size_scaler,params_constant_learning_rate,params_depth,params_epochs,params_kernel_l2,params_num_trees,params_temperature,user_attrs_accuracy_test,user_attrs_accuracy_valid,user_attrs_approximate_feature_sparsity,user_attrs_approximate_feature_sparsity_history,user_attrs_approximate_weight_sparsity,user_attrs_approximate_weight_sparsity_history,user_attrs_auc_test,user_attrs_auc_valid,user_attrs_feature_sparsity,user_attrs_feature_sparsity_history,user_attrs_num_epochs,user_attrs_val_loss_history,user_attrs_weight_sparsity,user_attrs_weight_sparsity_history,state
57,57,0.5,2024-08-31 02:44:59.720664,2024-08-31 02:47:23.208548,0 days 00:02:23.487884,1,1.449386882947904,1,435,0.05249502104310289,12,0.00488580258003238,0.859,0.85875,0,"[0, 0, 0, 0, 0, 0, 0, 0, 0, 0, 0, 0, 0, 0, 0, 0, 0, 0, 0, 0, 0, 0, 0, 0, 0, 0, 0, 0, 0, 0, 0, 0, 0, 0, 0, 0, 0, 0, 0, 0, 0, 0, 0, 0, 0, 0, 0, 0, 0, 0, 0, 0, 0, 0, 0, 0, 0, 0, 0, 0, 0, 0, 0, 0, 0, 0, 0, 0, 0, 0, 0, 0, 0, 0, 0, 0, 0, 0, 0, 0, 0, 0, 0, 0, 0, 0, 0, 0, 0, 0, 0, 0, 0, 0, 0, 0, 0, 0, 0, 0, 0, 0, 0, 0, 0, 0, 0, 0, 0, 0, 0, 0, 0, 0, 0, 0, 0, 0, 0, 0, 0, 0, 0, 0, 0, 0, 0, 0, 0, 0, 0, 0, 0, 0, 0, 0, 0, 0, 0, 0, 0, 0, 0, 0, 0, 0, 0, 0, 0, 0, 0, 0, 0, 0, 0, 0, 0, 0, 0, 0, 0, 0, 0, 0, 0, 0, 0, 0, 0, 0, 0, 0, 0, 0, 0, 0, 0, 0, 0, 0, 0, 0, 0, 0, 0, 0, 0, 0, 0, 0, 0, 0, 0, 0, 0, 0, 0, 0, 0, 0, 0, 0, 0, 0, 0, 0, 0, 0, 0, 0, 0, 0, 0, 0, 0, 0, 0, 0, 0, 0, 0, 0, 0, 0, 0, 0, 0, 0, 0, 0, 0, 0, 0, 0, 0, 0, 0, 0, 0, 0, 0, 0, 0, 0, 0, 0, 0, 0, 0, 0, 0, 0, 0, 0, 0, 0, 0, 0, 0, 0, 0, 0, 0, 0, 0, 0, 0, 0, 0, 0, 0, 0, 0, 0, 0, 0, 0, 0, 0, 0, 0, 0, 0, 0, 0, 0, 0, 0, 0, 0, 0, 0, 0, 0, 0, 0, 0, 0, 0, 0, 0, 0, 0, 0, 0, 0, 0, 0, 0, 0, 0, 0, 0, 0, 0, 0, 0, 0, 0, 0, 0, 0, 0, 0, 0, 0, 0, 0, 0, 0, 0, 0, 0, 0, 0, 0, 0, 0, 0, 0, 0, 0, 0, 0, 0, 0, 0, 0, 0, 0, 0, 0, 0, 0, 0, 0, 0, 0, 0, 0, 0, 0, 0, 0, 0, 0, 0, 0, 0, 0, 0, 0, 0, 0, 0, 0, 0, 0, 0, 0, 0, 0, 0, 0, 0, 0, 0, 0, 0, 0, 0, 0, 0, 0, 0, 0, 0, 0, 0, 0, 0, 0, 0, 0, 0, 0, 0, 0, 0, 0, 0, 0, 0, 0, 0, 0, 0, 0, 0, 0, 0, 0, 0, 0, 0, 0, 0, 0, 0, 0, 0, 0, 0, 0, 0]",0.0,"[0.0, 0.0, 0.0, 0.0, 0.0, 0.0, 0.0, 0.0, 0.0, 0.0, 0.0, 0.0, 0.0, 0.0, 0.0, 0.0, 0.0, 0.0, 0.0, 0.0, 0.0, 0.0, 0.0, 0.0, 0.0, 0.0, 0.0, 0.0, 0.0, 0.0, 0.0, 0.0, 0.0, 0.0, 0.0, 0.0, 0.0, 0.0, 0.0, 0.0, 0.0, 0.0, 0.0, 0.0, 0.0, 0.0, 0.0, 0.0, 0.0, 0.0, 0.0, 0.0, 0.0, 0.0, 0.0, 0.0, 0.0, 0.0, 0.0, 0.0, 0.0, 0.0, 0.0, 0.0, 0.0, 0.0, 0.0, 0.0, 0.0, 0.0, 0.0, 0.0, 0.0, 0.0, 0.0, 0.0, 0.0, 0.0, 0.0, 0.0, 0.0, 0.0, 0.0, 0.0, 0.0, 0.0, 0.0, 0.0, 0.0, 0.0, 0.0, 0.0, 0.0, 0.0, 0.0, 0.0, 0.0, 0.0, 0.0, 0.0, 0.0, 0.0, 0.0, 0.0, 0.0, 0.0, 0.0, 0.0, 0.0, 0.0, 0.0, 0.0, 0.0, 0.0, 0.0, 0.0, 0.0, 0.0, 0.0, 0.0, 0.0, 0.0, 0.0, 0.0, 0.0, 0.0, 0.0, 0.0, 0.0, 0.0, 0.0, 0.0, 0.0, 0.0, 0.0, 0.0, 0.0, 0.0, 0.0, 0.0, 0.0, 0.0, 0.0, 0.0, 0.0, 0.0, 0.0, 0.0, 0.0, 0.0, 0.0, 0.0, 0.0, 0.0, 0.0, 0.0, 0.0, 0.0, 0.0, 0.0, 0.0, 0.0, 0.0, 0.0, 0.0, 0.0, 0.0, 0.0, 0.0, 0.0, 0.0, 0.0, 0.0, 0.0, 0.0, 0.0, 0.0, 0.0, 0.0, 0.0, 0.0, 0.0, 0.0, 0.0, 0.0, 0.0, 0.0, 0.0, 0.0, 0.0, 0.0, 0.0, 0.0, 0.0, 0.0, 0.0, 0.0, 0.0, 0.0, 0.0, 0.0, 0.0, 0.0, 0.0, 0.0, 0.0, 0.0, 0.0, 0.0, 0.0, 0.0, 0.0, 0.0, 0.0, 0.0, 0.0, 0.0, 0.0, 0.0, 0.0, 0.0, 0.0, 0.0, 0.0, 0.0, 0.0, 0.0, 0.0, 0.0, 0.0, 0.0, 0.0, 0.0, 0.0, 0.0, 0.0, 0.0, 0.0, 0.0, 0.0, 0.0, 0.0, 0.0, 0.0, 0.0, 0.0, 0.0, 0.0, 0.0, 0.0, 0.0, 0.0, 0.0, 0.0, 0.0, 0.0, 0.0, 0.0, 0.0, 0.0, 0.0, 0.0, 0.0, 0.0, 0.0, 0.0, 0.0, 0.0, 0.0, 0.0, 0.0, 0.0, 0.0, 0.0, 0.0, 0.0, 0.0, 0.0, 0.0, 0.0, 0.0, 0.0, 0.0, 0.0, 0.0, 0.0, 0.0, 0.0, 0.0, 0.0, 0.0, 0.0, 0.0, 0.0, 0.0, 0.0, 0.0, 0.0, 0.0, 0.0, 0.0, 0.0, 0.0, 0.0, 0.0, 0.0, 0.0, 0.0, 0.0, 0.0, 0.0, 0.0, 0.0, 0.0, 0.0, 0.0, 0.0, 0.0, 0.0, 0.0, 0.0, 0.0, 0.0, 0.0, 0.0, 0.0, 0.0, 0.0, 0.0, 0.0, 0.0, 0.0, 0.0, 0.0, 0.0, 0.0, 0.0, 0.0, 0.0, 0.0, 0.0, 0.0, 0.0, 0.0, 0.0, 0.0, 0.0, 0.0, 0.0, 0.0, 0.0, 0.0, 0.0, 0.0, 0.0, 0.0, 0.0, 0.0, 0.0, 0.0, 0.0, 0.0, 0.0, 0.0, 0.0, 0.0, 0.0, 0.0, 0.0, 0.0, 0.0, 0.0, 0.0, 0.0, 0.0, 0.0, 0.0, 0.0, 0.0, 0.0, 0.0, 0.0, 0.0, 0.0, 0.0, 0.0, 0.0, 0.0, 0.0, 0.0, 0.0, 0.0, 0.0, 0.0, 0.0, 0.0, 0.0, 0.0, 0.0, 0.0, 0.0, 0.0, 0.0, 0.0, 0.0, 0.0, 0.0, 0.0, 0.0, 0.0, 0.0, 0.0, 0.0, 0.0, 0.0, 0.0, 0.0, 0.0, 0.0, 0.0, 0.0, 0.0, 0.0, 0.0, 0.0, 0.0, 0.0, 0.0, 0.0, 0.0, 0.0, 0.0, 0.0, 0.0, 0.0]",0.5,0.5,0,"[0, 0, 0, 0, 0, 0, 0, 0, 0, 0, 0, 0, 0, 0, 0, 0, 0, 0, 0, 0, 0, 0, 0, 0, 0, 0, 0, 0, 0, 0, 0, 0, 0, 0, 0, 0, 0, 0, 0, 0, 0, 0, 0, 0, 0, 0, 0, 0, 0, 0, 0, 0, 0, 0, 0, 0, 0, 0, 0, 0, 0, 0, 0, 0, 0, 0, 0, 0, 0, 0, 0, 0, 0, 0, 0, 0, 0, 0, 0, 0, 0, 0, 0, 0, 0, 0, 0, 0, 0, 0, 0, 0, 0, 0, 0, 0, 0, 0, 0, 0, 0, 0, 0, 0, 0, 0, 0, 0, 0, 0, 0, 0, 0, 0, 0, 0, 0, 0, 0, 0, 0, 0, 0, 0, 0, 0, 0, 0, 0, 0, 0, 0, 0, 0, 0, 0, 0, 0, 0, 0, 0, 0, 0, 0, 0, 0, 0, 0, 0, 0, 0, 0, 0, 0, 0, 0, 0, 0, 0, 0, 0, 0, 0, 0, 0, 0, 0, 0, 0, 0, 0, 0, 0, 0, 0, 0, 0, 0, 0, 0, 0, 0, 0, 0, 0, 0, 0, 0, 0, 0, 0, 0, 0, 0, 0, 0, 0, 0, 0, 0, 0, 0, 0, 0, 0, 0, 0, 0, 0, 0, 0, 0, 0, 0, 0, 0, 0, 0, 0, 0, 0, 0, 0, 0, 0, 0, 0, 0, 0, 0, 0, 0, 0, 0, 0, 0, 0, 0, 0, 0, 0, 0, 0, 0, 0, 0, 0, 0, 0, 0, 0, 0, 0, 0, 0, 0, 0, 0, 0, 0, 0, 0, 0, 0, 0, 0, 0, 0, 0, 0, 0, 0, 0, 0, 0, 0, 0, 0, 0, 0, 0, 0, 0, 0, 0, 0, 0, 0, 0, 0, 0, 0, 0, 0, 0, 0, 0, 0, 0, 0, 0, 0, 0, 0, 0, 0, 0, 0, 0, 0, 0, 0, 0, 0, 0, 0, 0, 0, 0, 0, 0, 0, 0, 0, 0, 0, 0, 0, 0, 0, 0, 0, 0, 0, 0, 0, 0, 0, 0, 0, 0, 0, 0, 0, 0, 0, 0, 0, 0, 0, 0, 0, 0, 0, 0, 0, 0, 0, 0, 0, 0, 0, 0, 0, 0, 0, 0, 0, 0, 0, 0, 0, 0, 0, 0, 0, 0, 0, 0, 0, 0, 0, 0, 0, 0, 0, 0, 0, 0, 0, 0, 0, 0, 0, 0, 0, 0, 0, 0, 0, 0, 0, 0, 0, 0, 0, 0, 0, 0, 0, 0, 0, 0, 0, 0, 0, 0, 0, 0, 0, 0, 0, 0, 0, 0, 0, 0, 0, 0, 0, 0, 0, 0, 0, 0]",435,"[0.5204770565032959, 0.4093373417854309, 0.4561645984649658, 0.554622232913971, 0.9841576218605042, 1.1749494075775146, 0.466342568397522, 0.4355039596557617, 0.41075053811073303, 1.4729365110397339, 0.5421555042266846, 0.8320838809013367, 0.4734283685684204, 0.5700140595436096, 0.5304365158081055, 0.6630868315696716, 0.5605968236923218, 0.4076211154460907, 0.4074704349040985, 0.47506123781204224, 0.41369399428367615, 0.4925512373447418, 1.2241864204406738, 0.9168875217437744, 1.277193307876587, 0.4510405659675598, 0.4105771780014038, 0.4506184458732605, 0.5788009166717529, 0.4300762116909027, 0.42415982484817505, 1.276279330253601, 1.5259089469909668, 0.720370888710022, 0.6528393626213074, 0.40817558765411377, 1.5628520250320435, 0.5472100973129272, 0.7643636465072632, 0.8712803721427917, 0.40752315521240234, 1.5110962390899658, 0.5209529399871826, 1.0285834074020386, 1.217862606048584, 0.4144560992717743, 0.5732350945472717, 1.1439063549041748, 0.5133161544799805, 0.4545603096485138, 0.4141991436481476, 0.43608421087265015, 0.5043549537658691, 0.42766913771629333, 1.0589946508407593, 0.4480927586555481, 0.45126011967658997, 0.7500885128974915, 0.4072268009185791, 1.1727012395858765, 0.4078761041164398, 0.5427363514900208, 0.5974267721176147, 1.2202569246292114, 0.9293182492256165, 1.7726091146469116, 0.47286996245384216, 0.5544881224632263, 0.4590933322906494, 0.4109363853931427, 0.8608412146568298, 0.6684753894805908, 1.1216295957565308, 0.7510070204734802, 0.7626709938049316, 0.45214614272117615, 0.4904711842536926, 1.0210838317871094, 0.4841107428073883, 0.5472382307052612, 0.4810040593147278, 0.46116408705711365, 0.40972286462783813, 0.983376681804657, 1.1392015218734741, 0.6798555254936218, 0.5826209187507629, 0.48396244645118713, 0.482367604970932, 0.6459375023841858, 0.47470107674598694, 0.4539966583251953, 0.5768559575080872, 0.40722617506980896, 0.40950924158096313, 0.7678907513618469, 1.4187089204788208, 0.40797674655914307, 1.1642723083496094, 1.0088016986846924, 1.0585938692092896, 0.4146401882171631, 0.5447622537612915, 0.7225586771965027, 0.4472491145133972, 0.7112686634063721, 0.7219074368476868, 0.5279119610786438, 0.513249933719635, 0.6289858222007751, 1.0835038423538208, 0.5169782638549805, 0.645622730255127, 0.578260064125061, 0.4384070336818695, 0.42052990198135376, 0.44283318519592285, 0.40952128171920776, 0.5165075659751892, 0.47153088450431824, 0.4616461992263794, 0.4993853271007538, 0.9912742376327515, 0.42132866382598877, 0.6440687775611877, 1.3264753818511963, 0.48190975189208984, 1.0076489448547363, 2.405405044555664, 1.8193436861038208, 1.5571627616882324, 0.408548504114151, 0.6440625190734863, 0.5622885227203369, 0.4752112627029419, 0.4089903235435486, 0.6098990440368652, 0.4088345468044281, 0.4176943898200989, 0.8326969742774963, 0.4813360571861267, 1.3651907444000244, 0.4328451156616211, 0.40954819321632385, 1.6135613918304443, 0.5368096828460693, 0.8501055240631104, 0.4275234639644623, 0.5260225534439087, 1.341537594795227, 0.8133016228675842, 2.1050984859466553, 0.648287296295166, 0.7000302672386169, 0.778334379196167, 0.4392344653606415, 0.4093745946884155, 0.4794042110443115, 0.9779624938964844, 0.40758824348449707, 0.5368093848228455, 0.7204205393791199, 0.8257014751434326, 0.722777247428894, 0.5129764676094055, 0.9182741045951843, 0.5287309885025024, 0.45384299755096436, 0.45788276195526123, 1.2299760580062866, 1.2059401273727417, 0.8088471293449402, 2.3731839656829834, 0.6945527791976929, 0.4994795322418213, 0.4072786271572113, 1.2119626998901367, 0.4093697667121887, 0.5603784918785095, 0.4471803903579712, 0.4405643343925476, 0.41255033016204834, 0.4160480499267578, 0.4213295876979828, 1.401556372642517, 0.4199311435222626, 0.6722401976585388, 0.42133471369743347, 0.5681509971618652, 0.5140329003334045, 1.3065972328186035, 0.4072844982147217, 1.2921398878097534, 0.5022907853126526, 0.5491678714752197, 0.47452065348625183, 0.43658894300460815, 0.8989068865776062, 0.4174219071865082, 1.3469966650009155, 1.052167534828186, 0.6713497638702393, 0.5729793310165405, 0.40969154238700867, 0.47792068123817444, 0.40723296999931335, 0.5872871279716492, 0.7004188299179077, 0.6846188902854919, 0.5316107273101807, 0.6569289565086365, 0.42844536900520325, 0.9526328444480896, 0.5794348120689392, 0.4243484437465668, 0.8050442337989807, 1.1018563508987427, 0.4093695878982544, 0.4737512469291687, 1.0659633874893188, 0.45107051730155945, 0.44938865303993225, 0.4810788333415985, 0.4940267503261566, 0.6243679523468018, 0.490188330411911, 0.4079388380050659, 0.4074200689792633, 0.4462396502494812, 0.48508208990097046, 0.568150520324707, 0.5224766731262207, 0.4531869888305664, 0.59150630235672, 0.9267809391021729, 0.4114607572555542, 0.7132072448730469, 0.5118578672409058, 0.9065011739730835, 0.9347488284111023, 0.8678541779518127, 0.8349415063858032, 0.4227781593799591, 0.4949922561645508, 0.4093731641769409, 0.408720463514328, 0.409033864736557, 0.905124843120575, 0.45678237080574036, 0.6714730262756348, 1.199216365814209, 0.7320894002914429, 0.4683611989021301, 0.4470508098602295, 0.6254622936248779, 0.5319268703460693, 0.49302351474761963, 0.6059879064559937, 1.4600900411605835, 0.8944777846336365, 0.5832293629646301, 0.6020997762680054, 0.640021800994873, 0.4474477767944336, 0.4634217917919159, 0.9841357469558716, 0.408224493265152, 1.524060845375061, 1.3630006313323975, 1.130712628364563, 0.4091356694698334, 0.5344899296760559, 0.4611484408378601, 0.6558031439781189, 0.6846441626548767, 0.7762623429298401, 0.4739038050174713, 0.4869450032711029, 0.6603623032569885, 0.407242089509964, 0.4470455050468445, 0.5323641300201416, 0.5358073115348816, 0.8738117814064026, 0.5134782195091248, 0.6152637004852295, 0.4098224639892578, 0.606344997882843, 0.6400271654129028, 0.5283125638961792, 0.4343520402908325, 0.447050541639328, 0.5215667486190796, 0.6475126147270203, 0.44406750798225403, 0.9039085507392883, 0.5192144513130188, 1.1529170274734497, 0.4417043626308441, 0.4569413661956787, 0.7133655548095703, 0.5350539684295654, 0.5364972352981567, 1.151868462562561, 0.8358555436134338, 0.8310639262199402, 0.5136417150497437, 0.531024158000946, 2.395906448364258, 0.5198641419410706, 0.40987154841423035, 0.4093693196773529, 1.0383672714233398, 0.9249029755592346, 0.4092531204223633, 1.1628443002700806, 1.3255201578140259, 0.7725197076797485, 1.173919916152954, 1.3032042980194092, 0.45820480585098267, 0.4207783639431, 0.63819420337677, 0.9158210754394531, 0.9807372093200684, 0.5705140829086304, 0.5923938751220703, 0.4361390173435211, 0.5732713937759399, 0.6174071431159973, 0.49823886156082153, 1.1844536066055298, 0.4477373957633972, 1.2997790575027466, 0.5178658962249756, 0.658619225025177, 0.5990363955497742, 0.4726893901824951, 0.4109019339084625, 0.6623584032058716, 0.4090759754180908, 0.4085632264614105, 0.6314370632171631, 0.6441413760185242, 0.8772088885307312, 0.6269237399101257, 0.8842094540596008, 0.5330180525779724, 0.5131723880767822, 0.4623059034347534, 0.9860665798187256, 0.5087482929229736, 0.4510202705860138, 0.4076794385910034, 0.4093609154224396, 0.5870888829231262, 0.4554937779903412, 0.4427911639213562, 1.0067752599716187, 0.6277896761894226, 0.41574612259864807, 0.6515368819236755, 1.1870633363723755, 1.060998797416687, 0.9711974859237671, 0.4214165508747101, 1.5454003810882568, 0.46450406312942505, 0.6056398153305054, 0.49125203490257263, 0.4076104760169983, 0.5509798526763916, 0.4567495286464691, 0.40722981095314026, 0.5702986121177673, 0.44705063104629517, 1.2424349784851074, 0.43618878722190857, 0.44725218415260315, 0.4675257205963135, 0.4213290810585022, 0.5362343192100525, 0.4964181184768677, 0.7057852149009705, 0.463333398103714, 0.42921242117881775, 0.45502498745918274, 0.8341295123100281, 0.5471498966217041, 1.301273226737976, 1.4782291650772095, 0.477949857711792, 0.5335621237754822, 0.41495952010154724, 1.461236834526062, 0.5740209817886353, 0.5400794148445129, 0.40950682759284973, 0.5077014565467834, 0.6825211048126221, 0.644435703754425, 0.4133324921131134, 0.55852872133255, 0.7026352882385254, 0.4395490884780884, 0.5638270378112793, 0.4343394339084625, 0.45869505405426025, 1.3052788972854614, 0.48244309425354004, 1.4349876642227173, 1.3042510747909546, 0.5610014200210571, 0.5470176935195923, 0.7522051334381104, 0.5130218267440796, 0.42080849409103394, 0.9627957940101624, 0.40950316190719604, 0.42132866382598877, 0.40936964750289917, 0.688417911529541, 0.5404412746429443, 0.4087735116481781, 0.4679926633834839, 1.5856305360794067, 0.6625992655754089, 1.8248374462127686, 0.5275850892066956, 0.4089631736278534, 0.4670695960521698, 0.9808003902435303, 0.42824894189834595, 1.5848912000656128, 0.8613460659980774]",0.0,"[0.0, 0.0, 0.0, 0.0, 0.0, 0.0, 0.0, 0.0, 0.0, 0.0, 0.0, 0.0, 0.0, 0.0, 0.0, 0.0, 0.0, 0.0, 0.0, 0.0, 0.0, 0.0, 0.0, 0.0, 0.0, 0.0, 0.0, 0.0, 0.0, 0.0, 0.0, 0.0, 0.0, 0.0, 0.0, 0.0, 0.0, 0.0, 0.0, 0.0, 0.0, 0.0, 0.0, 0.0, 0.0, 0.0, 0.0, 0.0, 0.0, 0.0, 0.0, 0.0, 0.0, 0.0, 0.0, 0.0, 0.0, 0.0, 0.0, 0.0, 0.0, 0.0, 0.0, 0.0, 0.0, 0.0, 0.0, 0.0, 0.0, 0.0, 0.0, 0.0, 0.0, 0.0, 0.0, 0.0, 0.0, 0.0, 0.0, 0.0, 0.0, 0.0, 0.0, 0.0, 0.0, 0.0, 0.0, 0.0, 0.0, 0.0, 0.0, 0.0, 0.0, 0.0, 0.0, 0.0, 0.0, 0.0, 0.0, 0.0, 0.0, 0.0, 0.0, 0.0, 0.0, 0.0, 0.0, 0.0, 0.0, 0.0, 0.0, 0.0, 0.0, 0.0, 0.0, 0.0, 0.0, 0.0, 0.0, 0.0, 0.0, 0.0, 0.0, 0.0, 0.0, 0.0, 0.0, 0.0, 0.0, 0.0, 0.0, 0.0, 0.0, 0.0, 0.0, 0.0, 0.0, 0.0, 0.0, 0.0, 0.0, 0.0, 0.0, 0.0, 0.0, 0.0, 0.0, 0.0, 0.0, 0.0, 0.0, 0.0, 0.0, 0.0, 0.0, 0.0, 0.0, 0.0, 0.0, 0.0, 0.0, 0.0, 0.0, 0.0, 0.0, 0.0, 0.0, 0.0, 0.0, 0.0, 0.0, 0.0, 0.0, 0.0, 0.0, 0.0, 0.0, 0.0, 0.0, 0.0, 0.0, 0.0, 0.0, 0.0, 0.0, 0.0, 0.0, 0.0, 0.0, 0.0, 0.0, 0.0, 0.0, 0.0, 0.0, 0.0, 0.0, 0.0, 0.0, 0.0, 0.0, 0.0, 0.0, 0.0, 0.0, 0.0, 0.0, 0.0, 0.0, 0.0, 0.0, 0.0, 0.0, 0.0, 0.0, 0.0, 0.0, 0.0, 0.0, 0.0, 0.0, 0.0, 0.0, 0.0, 0.0, 0.0, 0.0, 0.0, 0.0, 0.0, 0.0, 0.0, 0.0, 0.0, 0.0, 0.0, 0.0, 0.0, 0.0, 0.0, 0.0, 0.0, 0.0, 0.0, 0.0, 0.0, 0.0, 0.0, 0.0, 0.0, 0.0, 0.0, 0.0, 0.0, 0.0, 0.0, 0.0, 0.0, 0.0, 0.0, 0.0, 0.0, 0.0, 0.0, 0.0, 0.0, 0.0, 0.0, 0.0, 0.0, 0.0, 0.0, 0.0, 0.0, 0.0, 0.0, 0.0, 0.0, 0.0, 0.0, 0.0, 0.0, 0.0, 0.0, 0.0, 0.0, 0.0, 0.0, 0.0, 0.0, 0.0, 0.0, 0.0, 0.0, 0.0, 0.0, 0.0, 0.0, 0.0, 0.0, 0.0, 0.0, 0.0, 0.0, 0.0, 0.0, 0.0, 0.0, 0.0, 0.0, 0.0, 0.0, 0.0, 0.0, 0.0, 0.0, 0.0, 0.0, 0.0, 0.0, 0.0, 0.0, 0.0, 0.0, 0.0, 0.0, 0.0, 0.0, 0.0, 0.0, 0.0, 0.0, 0.0, 0.0, 0.0, 0.0, 0.0, 0.0, 0.0, 0.0, 0.0, 0.0, 0.0, 0.0, 0.0, 0.0, 0.0, 0.0, 0.0, 0.0, 0.0, 0.0, 0.0, 0.0, 0.0, 0.0, 0.0, 0.0, 0.0, 0.0, 0.0, 0.0, 0.0, 0.0, 0.0, 0.0, 0.0, 0.0, 0.0, 0.0, 0.0, 0.0, 0.0, 0.0, 0.0, 0.0, 0.0, 0.0, 0.0, 0.0, 0.0, 0.0, 0.0, 0.0, 0.0, 0.0, 0.0, 0.0, 0.0, 0.0, 0.0, 0.0, 0.0, 0.0, 0.0, 0.0, 0.0, 0.0, 0.0, 0.0, 0.0, 0.0, 0.0, 0.0, 0.0, 0.0, 0.0, 0.0, 0.0, 0.0, 0.0, 0.0, 0.0, 0.0, 0.0, 0.0, 0.0, 0.0, 0.0, 0.0, 0.0, 0.0, 0.0, 0.0, 0.0, 0.0, 0.0, 0.0, 0.0, 0.0, 0.0, 0.0, 0.0, 0.0, 0.0]",COMPLETE
