,number,value,datetime_start,datetime_complete,duration,params_batch_size_scaler,params_constant_learning_rate,params_depth,params_epochs,params_kernel_l2,params_num_trees,params_temperature,user_attrs_accuracy_test,user_attrs_accuracy_valid,user_attrs_approximate_feature_sparsity,user_attrs_approximate_feature_sparsity_history,user_attrs_approximate_weight_sparsity,user_attrs_approximate_weight_sparsity_history,user_attrs_auc_test,user_attrs_auc_valid,user_attrs_feature_sparsity,user_attrs_feature_sparsity_history,user_attrs_num_epochs,user_attrs_val_loss_history,user_attrs_weight_sparsity,user_attrs_weight_sparsity_history,state
137,137,0.9004006131571151,2024-08-31 06:10:26.158767,2024-08-31 06:12:32.372723,0 days 00:02:06.213956,16,0.09350158701428754,5,420,0.004327193959816172,60,0.0001363198176955321,0.903,0.8975,33,"[33, 33, 33, 33, 33, 33, 33, 33, 33, 33, 33, 33, 33, 33, 33, 33, 33, 33, 33, 33, 33, 33, 33, 33, 33, 33, 33, 33, 33, 33, 33, 33, 33, 33, 33, 33, 33, 33, 33, 33, 33, 33, 33, 33, 33, 33, 33, 33, 33, 33, 33, 33, 33, 33, 33, 33, 33, 33, 33, 33, 33, 33, 33, 33, 33, 33, 33, 33, 33, 33, 33, 33, 33, 33, 33, 33, 33, 33, 33, 33, 33, 33, 33, 33, 33, 33, 33, 33, 33, 33, 33, 33, 33, 33, 33, 33, 33, 33, 33, 33, 33, 33, 33, 33, 33, 33, 33, 33, 33, 33, 33, 33, 33, 33, 33, 33, 33, 33, 33, 33, 33, 33, 33, 33, 33, 33, 33, 33, 33, 33, 33, 33, 33, 33, 33, 33, 33, 33, 33, 33, 33, 33, 33, 33, 33, 33, 33, 33, 33, 33, 33, 33, 33, 33, 33, 33, 33, 33, 33, 33, 33, 33, 33, 33, 33, 33, 33, 33, 33, 33, 33, 33, 33, 33, 33, 33, 33, 33, 33, 33, 33, 33, 33, 33, 33, 33, 33, 33, 33, 33, 33, 33, 33, 33, 33, 33, 33, 33, 33, 33, 33, 33, 33, 33, 33, 33, 33, 33, 33, 33, 33, 33, 33, 33, 33, 33, 33, 33, 33, 33, 33, 33, 33, 33, 33, 33, 33, 33, 33, 33, 33, 33, 33, 33, 33, 33, 33, 33, 33, 33, 33, 33, 33, 33, 33, 33, 33, 33, 33, 33, 33, 33, 33, 33, 33, 33, 33, 33, 33, 33, 33, 33, 33, 33, 33, 33, 33, 33, 33, 33, 33, 33, 33, 33, 33, 33, 33, 33, 33, 33, 33, 33, 33, 33, 33, 33, 33, 33, 33, 33, 33, 33, 33, 33, 33, 33, 33, 33, 33, 33, 33, 33, 33, 33, 33, 33, 33, 33, 33, 33, 33, 33, 33, 33, 33, 33, 33, 33, 33, 33, 33, 33, 33, 33, 33, 33, 33, 33, 33, 33, 33, 33, 33, 33, 33, 33, 33, 33, 33, 33, 33, 33, 33, 33, 33, 33, 33, 33, 33, 33, 33, 33, 33, 33, 33, 33, 33, 33, 33, 33, 33, 33, 33, 33, 33, 33, 33, 33, 33, 33, 33, 33, 33, 33, 33, 33, 33, 33, 33, 33, 33, 33, 33, 33, 33, 33, 33, 33, 33, 33, 33, 33, 33, 33, 33, 33, 33, 33, 33, 33, 33, 33, 33, 33, 33, 33, 33, 33, 33, 33, 33, 33, 33, 33, 33, 33, 33, 33, 33, 33]",32.94731182795699,"[32.93709677419355, 32.94139784946237, 32.93763440860215, 32.93387096774194, 32.93440860215054, 32.93225806451613, 32.94569892473118, 32.95, 32.94032258064516, 32.94462365591398, 32.94193548387097, 32.943010752688174, 32.94193548387097, 32.943010752688174, 32.94516129032258, 32.94623655913979, 32.94516129032259, 32.94086021505377, 32.939784946236564, 32.9483870967742, 32.93978494623656, 32.943548387096776, 32.943548387096776, 32.94462365591398, 32.94032258064516, 32.93387096774194, 32.93494623655914, 32.93924731182796, 32.94408602150538, 32.95, 32.950537634408605, 32.94086021505377, 32.94247311827957, 32.94193548387097, 32.942473118279565, 32.946774193548386, 32.94784946236559, 32.950537634408605, 32.95, 32.9489247311828, 32.95215053763441, 32.9489247311828, 32.951075268817206, 32.95322580645161, 32.9489247311828, 32.94462365591398, 32.943548387096776, 32.94731182795699, 32.946774193548386, 32.946236559139784, 32.94784946236559, 32.94731182795699, 32.94247311827957, 32.94462365591398, 32.94892473118279, 32.94838709677419, 32.94784946236559, 32.94784946236559, 32.950537634408605, 32.95, 32.94462365591398, 32.943548387096776, 32.9483870967742, 32.947849462365596, 32.9489247311828, 32.94569892473118, 32.939784946236564, 32.94408602150538, 32.93763440860215, 32.938709677419354, 32.94193548387097, 32.94247311827957, 32.941935483870964, 32.938709677419354, 32.94247311827957, 32.94139784946236, 32.941935483870964, 32.94086021505376, 32.94193548387097, 32.94462365591398, 32.947311827956995, 32.94408602150538, 32.94193548387097, 32.94408602150538, 32.938709677419354, 32.946236559139784, 32.943010752688174, 32.943010752688174, 32.94569892473118, 32.94462365591398, 32.94462365591398, 32.946236559139784, 32.9494623655914, 32.943548387096776, 32.94462365591398, 32.946774193548386, 32.946774193548386, 32.94569892473118, 32.94193548387097, 32.94731182795699, 32.95, 32.947849462365596, 32.94784946236559, 32.94408602150538, 32.94247311827957, 32.943548387096776, 32.94784946236559, 32.947849462365596, 32.94408602150538, 32.94731182795699, 32.94569892473118, 32.94784946236559, 32.946774193548386, 32.940322580645166, 32.94193548387097, 32.943548387096776, 32.94462365591398, 32.94408602150538, 32.94569892473118, 32.943010752688174, 32.94193548387097, 32.94032258064516, 32.93655913978495, 32.935483870967744, 32.93978494623656, 32.936021505376345, 32.935483870967744, 32.935483870967744, 32.941935483870964, 32.943010752688174, 32.94032258064516, 32.94139784946237, 32.93763440860215, 32.93763440860215, 32.93763440860215, 32.94193548387097, 32.94247311827957, 32.93763440860215, 32.943010752688174, 32.93709677419355, 32.93709677419355, 32.943010752688174, 32.94247311827957, 32.94462365591398, 32.94086021505377, 32.9489247311828, 32.946774193548386, 32.9483870967742, 32.943548387096776, 32.94086021505377, 32.943010752688174, 32.94193548387097, 32.94086021505377, 32.941935483870964, 32.94569892473118, 32.946774193548386, 32.94784946236559, 32.95215053763441, 32.95, 32.946236559139784, 32.946774193548386, 32.94139784946237, 32.938709677419354, 32.94193548387097, 32.94086021505377, 32.93494623655914, 32.94193548387097, 32.94247311827957, 32.94193548387097, 32.94462365591398, 32.94462365591398, 32.946236559139784, 32.94462365591398, 32.94139784946237, 32.946236559139784, 32.943548387096776, 32.951075268817206, 32.95322580645161, 32.95322580645161, 32.95322580645161, 32.95161290322581, 32.953763440860214, 32.95322580645161, 32.95215053763441, 32.95161290322581, 32.9489247311828, 32.95322580645161, 32.95698924731183, 32.95537634408602, 32.95268817204301, 32.95161290322581, 32.95537634408603, 32.95698924731183, 32.95537634408603, 32.94784946236559, 32.946236559139784, 32.9494623655914, 32.95322580645161, 32.9489247311828, 32.94731182795699, 32.946236559139784, 32.94462365591398, 32.94569892473118, 32.94139784946237, 32.93978494623656, 32.943548387096776, 32.94838709677419, 32.94516129032258, 32.94408602150538, 32.943010752688174, 32.94516129032258, 32.943010752688174, 32.94193548387097, 32.94086021505377, 32.94408602150538, 32.94247311827957, 32.93817204301075, 32.938709677419354, 32.936021505376345, 32.935483870967744, 32.93709677419355, 32.935483870967744, 32.93763440860215, 32.938709677419354, 32.93655913978495, 32.936021505376345, 32.93118279569892, 32.93118279569892, 32.93440860215054, 32.936021505376345, 32.946236559139784, 32.951075268817206, 32.9494623655914, 32.94784946236559, 32.95, 32.94623655913979, 32.9489247311828, 32.95, 32.947849462365596, 32.951075268817206, 32.95215053763441, 32.950537634408605, 32.951075268817206, 32.95268817204301, 32.953763440860214, 32.95268817204301, 32.94892473118279, 32.951075268817206, 32.95161290322581, 32.950537634408605, 32.95, 32.949999999999996, 32.95215053763441, 32.95, 32.9483870967742, 32.9494623655914, 32.9489247311828, 32.95215053763441, 32.94784946236559, 32.9489247311828, 32.94731182795699, 32.9483870967742, 32.93978494623656, 32.94247311827957, 32.94247311827957, 32.939247311827955, 32.93763440860215, 32.94247311827957, 32.942473118279565, 32.94193548387097, 32.93709677419355, 32.93978494623656, 32.93763440860215, 32.93440860215054, 32.93655913978495, 32.93333333333334, 32.932795698924735, 32.93494623655914, 32.939247311827955, 32.940322580645166, 32.94032258064516, 32.93817204301075, 32.93494623655914, 32.939247311827955, 32.94086021505377, 32.940322580645166, 32.93655913978495, 32.93870967741936, 32.94139784946237, 32.94462365591398, 32.94408602150538, 32.94086021505377, 32.94032258064516, 32.94086021505377, 32.94032258064516, 32.943010752688174, 32.946774193548386, 32.94462365591398, 32.943548387096776, 32.939247311827955, 32.94086021505377, 32.94569892473118, 32.94677419354839, 32.94247311827957, 32.94408602150538, 32.946236559139784, 32.94892473118279, 32.951075268817206, 32.95322580645161, 32.947311827956995, 32.9483870967742, 32.946236559139784, 32.947849462365596, 32.947849462365596, 32.94462365591398, 32.94677419354839, 32.9494623655914, 32.950537634408605, 32.95, 32.95483870967742, 32.953763440860214, 32.954838709677425, 32.95215053763441, 32.95, 32.9489247311828, 32.9489247311828, 32.950537634408605, 32.9494623655914, 32.9483870967742, 32.9489247311828, 32.9494623655914, 32.947311827956995, 32.946236559139784, 32.949462365591394, 32.946236559139784, 32.943548387096776, 32.94569892473118, 32.94731182795699, 32.94569892473118, 32.946236559139784, 32.94784946236559, 32.9494623655914, 32.94892473118279, 32.951075268817206, 32.953763440860214, 32.95752688172043, 32.953763440860214, 32.951075268817206, 32.95215053763441, 32.95, 32.9483870967742, 32.951075268817206, 32.954838709677425, 32.958064516129035, 32.95645161290323, 32.95376344086022, 32.953763440860214, 32.95268817204301, 32.954301075268816, 32.95322580645161, 32.95268817204301, 32.950537634408605, 32.946774193548386, 32.946774193548386, 32.9489247311828, 32.947849462365596, 32.947849462365596, 32.9489247311828, 32.94569892473118, 32.94731182795699, 32.94462365591398, 32.94462365591398, 32.946774193548386, 32.9483870967742, 32.9494623655914, 32.946774193548386, 32.946236559139784, 32.95161290322581, 32.947849462365596, 32.946774193548386, 32.950537634408605, 32.950537634408605, 32.9494623655914, 32.9494623655914, 32.9483870967742, 32.9489247311828, 32.94784946236559, 32.947311827956995, 32.947311827956995, 32.947849462365596, 32.94569892473118, 32.947311827956995, 32.9483870967742, 32.950537634408605, 32.95322580645162, 32.94892473118279, 32.950537634408605, 32.9494623655914, 32.946774193548386, 32.947311827956995, 32.947311827956995, 32.946236559139784, 32.94516129032258, 32.94139784946237, 32.94408602150538, 32.94516129032258, 32.94569892473118, 32.94408602150538, 32.94516129032258, 32.946236559139784, 32.94731182795699, 32.946774193548386, 32.946236559139784, 32.94408602150538, 32.94247311827957, 32.94462365591398, 32.946774193548386, 32.946236559139784, 32.94731182795699, 32.94731182795699]",0.8841387395866875,0.9004006131571151,33,"[33, 33, 33, 33, 33, 33, 33, 33, 33, 33, 33, 33, 33, 33, 33, 33, 33, 33, 33, 33, 33, 33, 33, 33, 33, 33, 33, 33, 33, 33, 33, 33, 33, 33, 33, 33, 33, 33, 33, 33, 33, 33, 33, 33, 33, 33, 33, 33, 33, 33, 33, 33, 33, 33, 33, 33, 33, 33, 33, 33, 33, 33, 33, 33, 33, 33, 33, 33, 33, 33, 33, 33, 33, 33, 33, 33, 33, 33, 33, 33, 33, 33, 33, 33, 33, 33, 33, 33, 33, 33, 33, 33, 33, 33, 33, 33, 33, 33, 33, 33, 33, 33, 33, 33, 33, 33, 33, 33, 33, 33, 33, 33, 33, 33, 33, 33, 33, 33, 33, 33, 33, 33, 33, 33, 33, 33, 33, 33, 33, 33, 33, 33, 33, 33, 33, 33, 33, 33, 33, 33, 33, 33, 33, 33, 33, 33, 33, 33, 33, 33, 33, 33, 33, 33, 33, 33, 33, 33, 33, 33, 33, 33, 33, 33, 33, 33, 33, 33, 33, 33, 33, 33, 33, 33, 33, 33, 33, 33, 33, 33, 33, 33, 33, 33, 33, 33, 33, 33, 33, 33, 33, 33, 33, 33, 33, 33, 33, 33, 33, 33, 33, 33, 33, 33, 33, 33, 33, 33, 33, 33, 33, 33, 33, 33, 33, 33, 33, 33, 33, 33, 33, 33, 33, 33, 33, 33, 33, 33, 33, 33, 33, 33, 33, 33, 33, 33, 33, 33, 33, 33, 33, 33, 33, 33, 33, 33, 33, 33, 33, 33, 33, 33, 33, 33, 33, 33, 33, 33, 33, 33, 33, 33, 33, 33, 33, 33, 33, 33, 33, 33, 33, 33, 33, 33, 33, 33, 33, 33, 33, 33, 33, 33, 33, 33, 33, 33, 33, 33, 33, 33, 33, 33, 33, 33, 33, 33, 33, 33, 33, 33, 33, 33, 33, 33, 33, 33, 33, 33, 33, 33, 33, 33, 33, 33, 33, 33, 33, 33, 33, 33, 33, 33, 33, 33, 33, 33, 33, 33, 33, 33, 33, 33, 33, 33, 33, 33, 33, 33, 33, 33, 33, 33, 33, 33, 33, 33, 33, 33, 33, 33, 33, 33, 33, 33, 33, 33, 33, 33, 33, 33, 33, 33, 33, 33, 33, 33, 33, 33, 33, 33, 33, 33, 33, 33, 33, 33, 33, 33, 33, 33, 33, 33, 33, 33, 33, 33, 33, 33, 33, 33, 33, 33, 33, 33, 33, 33, 33, 33, 33, 33, 33, 33, 33, 33, 33, 33, 33, 33, 33, 33, 33, 33, 33, 33, 33, 33, 33, 33, 33, 33]",420,"[0.435343474149704, 0.4060472846031189, 0.3982486426830292, 0.3948500454425812, 0.39255934953689575, 0.39059412479400635, 0.38894179463386536, 0.38743793964385986, 0.38601478934288025, 0.38467079401016235, 0.383502721786499, 0.38240376114845276, 0.381391704082489, 0.380412757396698, 0.3795093595981598, 0.37861400842666626, 0.3777664601802826, 0.3770536482334137, 0.37631717324256897, 0.3756042420864105, 0.3749721944332123, 0.37435072660446167, 0.37371620535850525, 0.3731665313243866, 0.37266311049461365, 0.37212318181991577, 0.37166762351989746, 0.3712298572063446, 0.3707822859287262, 0.37028634548187256, 0.3698820471763611, 0.3694464862346649, 0.3690059185028076, 0.3686159551143646, 0.3682295083999634, 0.36793410778045654, 0.3675369918346405, 0.36714571714401245, 0.3668009042739868, 0.36646097898483276, 0.366092324256897, 0.36581477522850037, 0.36555415391921997, 0.36525416374206543, 0.3649170398712158, 0.36461493372917175, 0.3641916513442993, 0.3638671934604645, 0.363577663898468, 0.3632241189479828, 0.3629574477672577, 0.36264240741729736, 0.3624856472015381, 0.362125962972641, 0.36181461811065674, 0.36151325702667236, 0.36110538244247437, 0.3608686923980713, 0.36062952876091003, 0.3603110909461975, 0.3600273132324219, 0.3596732020378113, 0.35935714840888977, 0.3590829074382782, 0.3588051497936249, 0.35851237177848816, 0.35817068815231323, 0.3578202724456787, 0.35755839943885803, 0.35733669996261597, 0.35711246728897095, 0.3568194508552551, 0.3565945327281952, 0.35627037286758423, 0.35591450333595276, 0.3556542694568634, 0.3554295301437378, 0.3552263677120209, 0.3549872934818268, 0.3547610938549042, 0.35440415143966675, 0.3540731370449066, 0.3537261188030243, 0.3534259796142578, 0.35320863127708435, 0.35292312502861023, 0.35259097814559937, 0.3523220717906952, 0.35204991698265076, 0.35184451937675476, 0.3515537679195404, 0.35125285387039185, 0.35092952847480774, 0.35077667236328125, 0.3504723608493805, 0.3501558303833008, 0.349833607673645, 0.3496609032154083, 0.349486768245697, 0.34929439425468445, 0.3490712344646454, 0.3487299978733063, 0.34848159551620483, 0.3480793237686157, 0.347777396440506, 0.3475625514984131, 0.347423791885376, 0.34714919328689575, 0.34692898392677307, 0.34662342071533203, 0.34633299708366394, 0.3460616171360016, 0.34581702947616577, 0.3454780876636505, 0.34518054127693176, 0.34492701292037964, 0.3447064161300659, 0.3444359600543976, 0.34417420625686646, 0.34391918778419495, 0.34358683228492737, 0.343392938375473, 0.34309372305870056, 0.3427830934524536, 0.3424533009529114, 0.34219077229499817, 0.3419211506843567, 0.3417096734046936, 0.3414642810821533, 0.34116530418395996, 0.34099215269088745, 0.340718537569046, 0.3404574692249298, 0.34017157554626465, 0.339914470911026, 0.3396570086479187, 0.33940497040748596, 0.33912357687950134, 0.3388415277004242, 0.33865031599998474, 0.33838099241256714, 0.3380889892578125, 0.3377813398838043, 0.33756640553474426, 0.3374238610267639, 0.3371821641921997, 0.33690619468688965, 0.3366320729255676, 0.3362506926059723, 0.33604174852371216, 0.33575353026390076, 0.33549585938453674, 0.335112065076828, 0.3348216116428375, 0.3345794975757599, 0.3343069553375244, 0.33413657546043396, 0.3338695466518402, 0.3335534930229187, 0.3333764672279358, 0.3331072926521301, 0.3327999413013458, 0.33249133825302124, 0.3322305977344513, 0.33204782009124756, 0.33174625039100647, 0.33147335052490234, 0.3311072289943695, 0.33085253834724426, 0.33056414127349854, 0.33041268587112427, 0.3300728499889374, 0.32983142137527466, 0.3295624256134033, 0.329274982213974, 0.3290184736251831, 0.32871291041374207, 0.3284812569618225, 0.32811814546585083, 0.32787758111953735, 0.32768192887306213, 0.32728812098503113, 0.3269895315170288, 0.3266964256763458, 0.3263682425022125, 0.32613006234169006, 0.32587864995002747, 0.32559677958488464, 0.325345903635025, 0.32498976588249207, 0.3246394395828247, 0.3243556320667267, 0.3241135776042938, 0.3238372504711151, 0.32343900203704834, 0.32310688495635986, 0.3227976858615875, 0.3224126696586609, 0.3221491873264313, 0.321787565946579, 0.3214455842971802, 0.3211314082145691, 0.3209017515182495, 0.3205755352973938, 0.3202909529209137, 0.3198994994163513, 0.31963759660720825, 0.31931501626968384, 0.31905075907707214, 0.3186556100845337, 0.3183146119117737, 0.3179301619529724, 0.3175743520259857, 0.31728509068489075, 0.3169545531272888, 0.31661364436149597, 0.31628137826919556, 0.3160257637500763, 0.315639466047287, 0.31532570719718933, 0.3149276077747345, 0.31459811329841614, 0.3141849637031555, 0.3138316869735718, 0.3134578764438629, 0.31308379769325256, 0.3126872777938843, 0.31235572695732117, 0.31194084882736206, 0.3116101026535034, 0.31123101711273193, 0.31085315346717834, 0.31044480204582214, 0.3101233243942261, 0.3098050653934479, 0.3093869090080261, 0.3089778423309326, 0.30860209465026855, 0.30819153785705566, 0.30782055854797363, 0.30749738216400146, 0.3070451617240906, 0.3066776692867279, 0.30629608035087585, 0.3058328330516815, 0.3054509460926056, 0.305044949054718, 0.30463746190071106, 0.30418235063552856, 0.3037749230861664, 0.30333200097084045, 0.3028936982154846, 0.3025730550289154, 0.3021787703037262, 0.3017936050891876, 0.30133146047592163, 0.3008840084075928, 0.300482839345932, 0.3000766336917877, 0.29963767528533936, 0.29929614067077637, 0.2988189458847046, 0.298399955034256, 0.2979755997657776, 0.29757851362228394, 0.29715991020202637, 0.29670485854148865, 0.2962566018104553, 0.29587405920028687, 0.29539355635643005, 0.29492664337158203, 0.29452234506607056, 0.2941434979438782, 0.2936246693134308, 0.2932051420211792, 0.2927064001560211, 0.292313814163208, 0.29185017943382263, 0.291398823261261, 0.2909453511238098, 0.29050329327583313, 0.29015204310417175, 0.2897047698497772, 0.28931471705436707, 0.2887224853038788, 0.28831636905670166, 0.2878474295139313, 0.2873183488845825, 0.2869807183742523, 0.28647539019584656, 0.28594592213630676, 0.2855352461338043, 0.28514721989631653, 0.2847454249858856, 0.2843778431415558, 0.2839125394821167, 0.28351834416389465, 0.2830762267112732, 0.2826004922389984, 0.28215235471725464, 0.28175634145736694, 0.28130361437797546, 0.2808452248573303, 0.28041791915893555, 0.27992552518844604, 0.2795705199241638, 0.2790704667568207, 0.2786770462989807, 0.27826833724975586, 0.2778147757053375, 0.2773589789867401, 0.276883065700531, 0.2765708267688751, 0.2762008309364319, 0.2758210003376007, 0.27547961473464966, 0.27507340908050537, 0.2747146785259247, 0.27432605624198914, 0.2738977372646332, 0.2734646201133728, 0.27309781312942505, 0.2727075517177582, 0.27228406071662903, 0.27195221185684204, 0.2715633809566498, 0.27121487259864807, 0.2708149254322052, 0.2703925371170044, 0.2700497508049011, 0.2696458101272583, 0.2692809998989105, 0.2688932418823242, 0.26856377720832825, 0.2681548595428467, 0.26777034997940063, 0.2673380970954895, 0.2668566405773163, 0.26648372411727905, 0.2661918103694916, 0.26581403613090515, 0.26552844047546387, 0.2651839554309845, 0.26479372382164, 0.2644369602203369, 0.26414039731025696, 0.26380693912506104, 0.2634865641593933, 0.2631474435329437, 0.2628195881843567, 0.26252007484436035, 0.2622297406196594, 0.2618847191333771, 0.26160985231399536, 0.2612079083919525, 0.26095283031463623, 0.26061880588531494, 0.26028916239738464, 0.2599727511405945, 0.25959980487823486, 0.25926101207733154, 0.25895455479621887, 0.2586733102798462, 0.2583138644695282, 0.2581276297569275, 0.25779104232788086, 0.2574528753757477, 0.2571714222431183, 0.25692257285118103, 0.25662165880203247, 0.25630876421928406, 0.25593626499176025, 0.25565552711486816, 0.2553832530975342, 0.2550894021987915, 0.25482314825057983, 0.2545173764228821, 0.2542990744113922, 0.2539604902267456, 0.25370854139328003, 0.25352659821510315, 0.25323164463043213, 0.2529911696910858, 0.2526947259902954, 0.25246936082839966, 0.2521483600139618, 0.2518709599971771, 0.25154921412467957, 0.25127795338630676, 0.2510181665420532, 0.2507883310317993, 0.25058838725090027, 0.2504598796367645, 0.250173419713974, 0.24998578429222107, 0.24964600801467896, 0.2494187355041504, 0.24917948246002197, 0.2489572912454605, 0.24871715903282166, 0.2484665811061859, 0.24825629591941833, 0.24806798994541168, 0.24786391854286194, 0.24758510291576385, 0.24734027683734894, 0.2470664381980896, 0.24687685072422028, 0.24668282270431519, 0.24640542268753052, 0.2462068498134613, 0.24594224989414215, 0.24570119380950928, 0.24555841088294983, 0.24534185230731964, 0.24513456225395203, 0.24488788843154907, 0.2446913868188858, 0.24446043372154236, 0.2442641258239746]",33.0,"[33.0, 33.0, 33.0, 33.0, 33.0, 33.0, 33.0, 33.0, 33.0, 33.0, 33.0, 33.0, 33.0, 33.0, 33.0, 33.0, 33.0, 33.0, 33.0, 33.0, 33.0, 33.0, 33.0, 33.0, 33.0, 33.0, 33.0, 33.0, 33.0, 33.0, 33.0, 33.0, 33.0, 33.0, 33.0, 33.0, 33.0, 33.0, 33.0, 33.0, 33.0, 33.0, 33.0, 33.0, 33.0, 33.0, 33.0, 33.0, 33.0, 33.0, 33.0, 33.0, 33.0, 33.0, 33.0, 33.0, 33.0, 33.0, 33.0, 33.0, 33.0, 33.0, 33.0, 33.0, 33.0, 33.0, 33.0, 33.0, 33.0, 33.0, 33.0, 33.0, 33.0, 33.0, 33.0, 33.0, 33.0, 33.0, 33.0, 33.0, 33.0, 33.0, 33.0, 33.0, 33.0, 33.0, 33.0, 33.0, 33.0, 33.0, 33.0, 33.0, 33.0, 33.0, 33.0, 33.0, 33.0, 33.0, 33.0, 33.0, 33.0, 33.0, 33.0, 33.0, 33.0, 33.0, 33.0, 33.0, 33.0, 33.0, 33.0, 33.0, 33.0, 33.0, 33.0, 33.0, 33.0, 33.0, 33.0, 33.0, 33.0, 33.0, 33.0, 33.0, 33.0, 33.0, 33.0, 33.0, 33.0, 33.0, 33.0, 33.0, 33.0, 33.0, 33.0, 33.0, 33.0, 33.0, 33.0, 33.0, 33.0, 33.0, 33.0, 33.0, 33.0, 33.0, 33.0, 33.0, 33.0, 33.0, 33.0, 33.0, 33.0, 33.0, 33.0, 33.0, 33.0, 33.0, 33.0, 33.0, 33.0, 33.0, 33.0, 33.0, 33.0, 33.0, 33.0, 33.0, 33.0, 33.0, 33.0, 33.0, 33.0, 33.0, 33.0, 33.0, 33.0, 33.0, 33.0, 33.0, 33.0, 33.0, 33.0, 33.0, 33.0, 33.0, 33.0, 33.0, 33.0, 33.0, 33.0, 33.0, 33.0, 33.0, 33.0, 33.0, 33.0, 33.0, 33.0, 33.0, 33.0, 33.0, 33.0, 33.0, 33.0, 33