,number,value,datetime_start,datetime_complete,duration,params_batch_size_scaler,params_constant_learning_rate,params_depth,params_epochs,params_kernel_l2,params_num_trees,params_temperature,user_attrs_accuracy_test,user_attrs_accuracy_valid,user_attrs_approximate_feature_sparsity,user_attrs_approximate_feature_sparsity_history,user_attrs_approximate_weight_sparsity,user_attrs_approximate_weight_sparsity_history,user_attrs_auc_test,user_attrs_auc_valid,user_attrs_feature_sparsity,user_attrs_feature_sparsity_history,user_attrs_num_epochs,user_attrs_val_loss_history,user_attrs_weight_sparsity,user_attrs_weight_sparsity_history,state
105,105,0.9235872267521994,2024-08-31 04:45:46.540181,2024-08-31 04:48:01.998790,0 days 00:02:15.458609,1,0.16415382815738722,2,300,0.0012653070809675497,48,0.0007281773914453823,0.92,0.9325,33,"[33, 33, 33, 33, 33, 33, 33, 33, 33, 33, 33, 33, 33, 33, 33, 33, 33, 33, 33, 33, 33, 33, 33, 33, 33, 33, 33, 33, 33, 33, 33, 33, 33, 33, 33, 33, 33, 33, 33, 33, 33, 33, 33, 33, 33, 33, 33, 33, 33, 33, 33, 33, 33, 33, 33, 33, 33, 33, 33, 33, 33, 33, 33, 33, 33, 33, 33, 33, 33, 33, 33, 33, 33, 33, 33, 33, 33, 33, 33, 33, 33, 33, 33, 33, 33, 33, 33, 33, 33, 33, 33, 33, 33, 33, 33, 33, 33, 33, 33, 33, 33, 33, 33, 33, 33, 33, 33, 33, 33, 33, 33, 33, 33, 33, 33, 33, 33, 33, 33, 33, 33, 33, 33, 33, 33, 33, 33, 33, 33, 33, 33, 33, 33, 33, 33, 33, 33, 33, 33, 33, 33, 33, 33, 33, 33, 33, 33, 33, 33, 33, 33, 33, 33, 33, 33, 33, 33, 33, 33, 33, 33, 33, 33, 33, 33, 33, 33, 33, 33, 33, 33, 33, 33, 33, 33, 33, 33, 33, 33, 33, 33, 33, 33, 33, 33, 33, 33, 33, 33, 33, 33, 33, 33, 33, 33, 33, 33, 33, 33, 33, 33, 33, 33, 33, 33, 33, 33, 33, 33, 33, 33, 33, 33, 33, 33, 33, 33, 33, 33, 33, 33, 33, 33, 33, 33, 33, 33, 33, 33, 33, 33, 33, 33, 33, 33, 33, 33, 33, 33, 33, 33, 33, 33, 33, 33, 33, 33, 33, 33, 33, 33, 33, 33, 33, 33, 33, 33, 33, 33, 33, 33, 33, 33, 33, 33, 33, 33, 33, 33, 33, 33, 33, 33, 33, 33, 33, 33, 33, 33, 33, 33, 33, 33, 33, 33, 33, 33, 33, 33, 33, 33, 33, 33, 33, 33, 33, 33, 33, 33, 33]",33.0,"[32.97222222222222, 32.986111111111114, 32.979166666666664, 32.986111111111114, 32.979166666666664, 32.979166666666664, 32.979166666666664, 32.986111111111114, 32.979166666666664, 32.979166666666664, 32.97222222222222, 32.979166666666664, 32.99305555555556, 32.96527777777778, 32.95833333333333, 32.986111111111114, 32.986111111111114, 32.986111111111114, 32.97222222222222, 32.95833333333333, 32.979166666666664, 32.97222222222222, 32.96527777777778, 32.986111111111114, 32.986111111111114, 32.979166666666664, 32.979166666666664, 32.986111111111114, 32.96527777777778, 32.979166666666664, 32.979166666666664, 33.0, 32.986111111111114, 33.0, 33.0, 33.0, 32.986111111111114, 32.979166666666664, 32.986111111111114, 32.96527777777778, 32.99305555555556, 32.99305555555556, 32.986111111111114, 33.0, 32.97222222222222, 32.986111111111114, 32.979166666666664, 32.99305555555556, 33.0, 32.986111111111114, 32.99305555555556, 32.99305555555556, 32.99305555555556, 32.986111111111114, 32.986111111111114, 32.986111111111114, 32.99305555555556, 33.0, 32.99305555555556, 32.99305555555556, 32.99305555555556, 32.99305555555556, 32.99305555555556, 32.979166666666664, 32.99305555555556, 32.99305555555556, 32.97222222222222, 33.0, 32.979166666666664, 32.99305555555556, 32.99305555555556, 32.986111111111114, 32.986111111111114, 32.99305555555556, 32.99305555555556, 32.986111111111114, 32.97222222222222, 32.979166666666664, 32.99305555555556, 32.99305555555556, 32.99305555555556, 32.99305555555556, 32.986111111111114, 32.97222222222222, 32.986111111111114, 32.986111111111114, 32.986111111111114, 32.986111111111114, 32.99305555555556, 32.97222222222222, 32.97222222222222, 32.979166666666664, 32.986111111111114, 32.99305555555556, 32.986111111111114, 32.986111111111114, 32.979166666666664, 32.99305555555556, 32.979166666666664, 32.97222222222222, 32.986111111111114, 32.97222222222222, 32.99305555555556, 32.979166666666664, 32.95833333333333, 32.99305555555556, 32.99305555555556, 32.979166666666664, 32.986111111111114, 32.979166666666664, 32.986111111111114, 32.979166666666664, 32.951388888888886, 32.94444444444444, 32.979166666666664, 32.97222222222222, 32.97222222222222, 32.986111111111114, 32.97222222222222, 32.96527777777778, 32.979166666666664, 32.986111111111114, 32.979166666666664, 32.97222222222222, 32.96527777777778, 32.979166666666664, 32.986111111111114, 32.97222222222222, 32.979166666666664, 32.99305555555556, 32.99305555555556, 32.99305555555556, 32.979166666666664, 32.979166666666664, 32.986111111111114, 32.979166666666664, 32.986111111111114, 32.97222222222222, 32.986111111111114, 32.99305555555556, 32.97222222222222, 32.986111111111114, 32.96527777777778, 32.97222222222222, 32.979166666666664, 32.979166666666664, 32.99305555555556, 32.979166666666664, 32.979166666666664, 32.979166666666664, 32.979166666666664, 32.986111111111114, 32.99305555555556, 32.97222222222222, 32.979166666666664, 32.986111111111114, 32.986111111111114, 32.979166666666664, 32.97222222222222, 32.97222222222222, 32.95833333333333, 32.97222222222222, 32.979166666666664, 32.97222222222222, 32.97222222222222, 32.979166666666664, 32.96527777777778, 32.986111111111114, 32.979166666666664, 32.979166666666664, 32.979166666666664, 32.979166666666664, 32.95833333333333, 32.97222222222222, 32.979166666666664, 32.97222222222222, 32.979166666666664, 32.979166666666664, 32.979166666666664, 32.97222222222222, 32.97222222222222, 32.986111111111114, 32.986111111111114, 32.97222222222222, 32.979166666666664, 32.96527777777778, 32.951388888888886, 32.951388888888886, 32.951388888888886, 32.986111111111114, 32.97222222222222, 32.986111111111114, 32.979166666666664, 32.979166666666664, 32.986111111111114, 32.986111111111114, 32.986111111111114, 32.979166666666664, 32.986111111111114, 32.986111111111114, 32.979166666666664, 32.99305555555556, 32.986111111111114, 32.986111111111114, 32.986111111111114, 32.96527777777778, 32.979166666666664, 32.979166666666664, 33.0, 32.99305555555556, 33.0, 33.0, 32.99305555555556, 33.0, 32.99305555555556, 32.99305555555556, 33.0, 32.99305555555556, 32.99305555555556, 32.979166666666664, 32.99305555555556, 32.99305555555556, 32.99305555555556, 32.99305555555556, 32.986111111111114, 32.986111111111114, 32.99305555555556, 32.986111111111114, 32.979166666666664, 32.99305555555556, 32.99305555555556, 33.0, 32.99305555555556, 32.99305555555556, 32.99305555555556, 32.979166666666664, 32.986111111111114, 32.986111111111114, 32.99305555555556, 32.99305555555556, 32.99305555555556, 32.99305555555556, 33.0, 32.979166666666664, 32.97222222222222, 33.0, 32.96527777777778, 32.99305555555556, 32.986111111111114, 32.986111111111114, 32.99305555555556, 33.0, 32.986111111111114, 32.986111111111114, 32.99305555555556, 32.986111111111114, 32.979166666666664, 32.986111111111114, 32.979166666666664, 32.97222222222222, 32.97222222222222, 33.0, 32.986111111111114, 32.99305555555556, 32.97222222222222, 33.0, 32.979166666666664, 32.986111111111114, 33.0, 32.979166666666664, 32.99305555555556, 33.0, 32.99305555555556, 33.0, 32.99305555555556, 32.979166666666664, 32.99305555555556, 32.99305555555556, 32.99305555555556, 32.99305555555556, 32.99305555555556, 33.0, 32.99305555555556, 33.0, 33.0, 33.0, 32.99305555555556, 33.0, 32.99305555555556, 32.99305555555556, 32.99305555555556, 33.0, 32.986111111111114, 32.96527777777778, 32.986111111111114, 32.979166666666664, 32.986111111111114, 32.99305555555556, 32.986111111111114, 33.0]",0.8795317002287006,0.9235872267521994,33,"[33, 33, 33, 33, 33, 33, 33, 33, 33, 33, 33, 33, 33, 33, 33, 33, 33, 33, 33, 33, 33, 33, 33, 33, 33, 33, 33, 33, 33, 33, 33, 33, 33, 33, 33, 33, 33, 33, 33, 33, 33, 33, 33, 33, 33, 33, 33, 33, 33, 33, 33, 33, 33, 33, 33, 33, 33, 33, 33, 33, 33, 33, 33, 33, 33, 33, 33, 33, 33, 33, 33, 33, 33, 33, 33, 33, 33, 33, 33, 33, 33, 33, 33, 33, 33, 33, 33, 33, 33, 33, 33, 33, 33, 33, 33, 33, 33, 33, 33, 33, 33, 33, 33, 33, 33, 33, 33, 33, 33, 33, 33, 33, 33, 33, 33, 33, 33, 33, 33, 33, 33, 33, 33, 33, 33, 33, 33, 33, 33, 33, 33, 33, 33, 33, 33, 33, 33, 33, 33, 33, 33, 33, 33, 33, 33, 33, 33, 33, 33, 33, 33, 33, 33, 33, 33, 33, 33, 33, 33, 33, 33, 33, 33, 33, 33, 33, 33, 33, 33, 33, 33, 33, 33, 33, 33, 33, 33, 33, 33, 33, 33, 33, 33, 33, 33, 33, 33, 33, 33, 33, 33, 33, 33, 33, 33, 33, 33, 33, 33, 33, 33, 33, 33, 33, 33, 33, 33, 33, 33, 33, 33, 33, 33, 33, 33, 33, 33, 33, 33, 33, 33, 33, 33, 33, 33, 33, 33, 33, 33, 33, 33, 33, 33, 33, 33, 33, 33, 33, 33, 33, 33, 33, 33, 33, 33, 33, 33, 33, 33, 33, 33, 33, 33, 33, 33, 33, 33, 33, 33, 33, 33, 33, 33, 33, 33, 33, 33, 33, 33, 33, 33, 33, 33, 33, 33, 33, 33, 33, 33, 33, 33, 33, 33, 33, 33, 33, 33, 33, 33, 33, 33, 33, 33, 33, 33, 33, 33, 33, 33, 33]",300,"[0.3586941063404083, 0.335721880197525, 0.3215214014053345, 0.3086133301258087, 0.2705751657485962, 0.2521337866783142, 0.24689079821109772, 0.24812276661396027, 0.2409798949956894, 0.2144395262002945, 0.22390326857566833, 0.20140214264392853, 0.21168416738510132, 0.23820409178733826, 0.20363527536392212, 0.21968989074230194, 0.20073318481445312, 0.19081823527812958, 0.18933387100696564, 0.18716959655284882, 0.1879955530166626, 0.2554217278957367, 0.20396894216537476, 0.1978805512189865, 0.18398146331310272, 0.18921101093292236, 0.18809188902378082, 0.17881137132644653, 0.187256321310997, 0.18542684614658356, 0.2026798278093338, 0.19374582171440125, 0.1806771159172058, 0.18911513686180115, 0.19028699398040771, 0.1776917576789856, 0.2287062704563141, 0.18235041201114655, 0.19255200028419495, 0.18379062414169312, 0.17446716129779816, 0.2359122335910797, 0.20579349994659424, 0.18513992428779602, 0.18508408963680267, 0.18693159520626068, 0.18645107746124268, 0.18320916593074799, 0.1785113662481308, 0.18103423714637756, 0.17866626381874084, 0.17539331316947937, 0.181688591837883, 0.1839439421892166, 0.1795388162136078, 0.18649807572364807, 0.18365143239498138, 0.17643481492996216, 0.18266697227954865, 0.18738439679145813, 0.19246776401996613, 0.1807563751935959, 0.18712839484214783, 0.18131625652313232, 0.17926283180713654, 0.19343525171279907, 0.17959889769554138, 0.18405702710151672, 0.19337831437587738, 0.21447719633579254, 0.18036168813705444, 0.19444288313388824, 0.19225257635116577, 0.1894957423210144, 0.1836644560098648, 0.1900554895401001, 0.19367989897727966, 0.1991201788187027, 0.2181490957736969, 0.22703346610069275, 0.19947095215320587, 0.1984112560749054, 0.1989721804857254, 0.1963869035243988, 0.19887050986289978, 0.21391794085502625, 0.19520621001720428, 0.19561994075775146, 0.1984437108039856, 0.2041531801223755, 0.20535646378993988, 0.20301172137260437, 0.2066543996334076, 0.2138587236404419, 0.2189631462097168, 0.1994902491569519, 0.2285148799419403, 0.21904988586902618, 0.21723152697086334, 0.2299635261297226, 0.2214289903640747, 0.21006830036640167, 0.22884948551654816, 0.21831555664539337, 0.21817289292812347, 0.22743573784828186, 0.21985408663749695, 0.27179691195487976, 0.2233840376138687, 0.2278222143650055, 0.23578405380249023, 0.2264261096715927, 0.22392168641090393, 0.22757801413536072, 0.23554039001464844, 0.23043406009674072, 0.23011092841625214, 0.234483540058136, 0.23255880177021027, 0.2361373007297516, 0.23548166453838348, 0.25905394554138184, 0.2459631860256195, 0.24700620770454407, 0.25246745347976685, 0.250080406665802, 0.2542451322078705, 0.25104138255119324, 0.2521083950996399, 0.2532237470149994, 0.2579716444015503, 0.2545854151248932, 0.24888956546783447, 0.2556588649749756, 0.2686995565891266, 0.25458651781082153, 0.2546127438545227, 0.2689964175224304, 0.2622201442718506, 0.27255144715309143, 0.27314817905426025, 0.2720562815666199, 0.27122628688812256, 0.2627711296081543, 0.2714974880218506, 0.27401989698410034, 0.2729680836200714, 0.28252896666526794, 0.27149638533592224, 0.2753502130508423, 0.2717870771884918, 0.272068053483963, 0.2759706974029541, 0.2774112820625305, 0.2848876416683197, 0.280916303396225, 0.28073954582214355, 0.28598323464393616, 0.2828333079814911, 0.28391462564468384, 0.29024678468704224, 0.287264883518219, 0.29019486904144287, 0.28695568442344666, 0.2869277596473694, 0.29458072781562805, 0.29205960035324097, 0.2912059724330902, 0.2987736463546753, 0.29531604051589966, 0.3009686768054962, 0.29484766721725464, 0.2959582209587097, 0.30133581161499023, 0.2965804934501648, 0.3004300594329834, 0.3077094554901123, 0.3026430308818817, 0.3020082414150238, 0.30105599761009216, 0.3045123815536499, 0.3056643307209015, 0.30834880471229553, 0.3063373267650604, 0.3110201358795166, 0.31350696086883545, 0.31066033244132996, 0.3136768341064453, 0.31101348996162415, 0.322925865650177, 0.3221009373664856, 0.31787747144699097, 0.3149671256542206, 0.32080787420272827, 0.31963714957237244, 0.31972643733024597, 0.3189907670021057, 0.3182307183742523, 0.32065531611442566, 0.3264380991458893, 0.3210238516330719, 0.3269518315792084, 0.32469844818115234, 0.3258608281612396, 0.3257170617580414, 0.3277747333049774, 0.3266841471195221, 0.3233550190925598, 0.3277076482772827, 0.33010295033454895, 0.3305211663246155, 0.3303079903125763, 0.32859984040260315, 0.3314113914966583, 0.3331385850906372, 0.33401429653167725, 0.3362676501274109, 0.33368435502052307, 0.33707335591316223, 0.33697792887687683, 0.33587753772735596, 0.3381012976169586, 0.33767184615135193, 0.33715084195137024, 0.3379625082015991, 0.34340983629226685, 0.34157711267471313, 0.34341681003570557, 0.34387004375457764, 0.3453351855278015, 0.34411799907684326, 0.3436167538166046, 0.34493470191955566, 0.3434797525405884, 0.34695565700531006, 0.34472736716270447, 0.3486397862434387, 0.34929314255714417, 0.35044220089912415, 0.3454396426677704, 0.3448374569416046, 0.3485417664051056, 0.3498305380344391, 0.3505443334579468, 0.35031798481941223, 0.3523595333099365, 0.35302191972732544, 0.3500765264034271, 0.3542798161506653, 0.3538093864917755, 0.3517884314060211, 0.35157665610313416, 0.3585134744644165, 0.3550041615962982, 0.3536144196987152, 0.3567965626716614, 0.3566252887248993, 0.357850581407547, 0.35900378227233887, 0.3573974370956421, 0.3579588830471039, 0.35913994908332825, 0.3592473864555359, 0.36131617426872253, 0.3597111403942108, 0.35985323786735535, 0.36045706272125244, 0.36227893829345703, 0.36071422696113586, 0.36587342619895935, 0.3619281053543091, 0.361815869808197, 0.3660377562046051, 0.3649604320526123, 0.3648911714553833, 0.3661860227584839, 0.36753836274147034, 0.36622267961502075, 0.368788480758667, 0.36743977665901184, 0.36723029613494873, 0.36730000376701355, 0.3685816824436188, 0.3701741397380829, 0.36741313338279724, 0.3699323236942291, 0.3692536950111389, 0.3703940212726593, 0.3716685473918915, 0.3721058666706085, 0.369389146566391, 0.3706340491771698, 0.37306270003318787, 0.37129199504852295, 0.37257328629493713, 0.37197643518447876, 0.3740577697753906, 0.3755464255809784, 0.37359723448753357, 0.3741297125816345]",33.0,"[33.0, 33.0, 33.0, 33.0, 33.0, 33.0, 33.0, 33.0, 33.0, 33.0, 33.0, 33.0, 33.0, 33.0, 33.0, 33.0, 33.0, 33.0, 33.0, 33.0, 33.0, 33.0, 33.0, 33.0, 33.0, 33.0, 33.0, 33.0, 33.0, 33.0, 33.0, 33.0, 33.0, 33.0, 33.0, 33.0, 33.0, 33.0, 33.0, 33.0, 33.0, 33.0, 33.0, 33.0, 33.0, 33.0, 33.0, 33.0, 33.0, 33.0, 33.0, 33.0, 33.0, 33.0, 33.0, 33.0, 33.0, 33.0, 33.0, 33.0, 33.0, 33.0, 33.0, 33.0, 33.0, 33.0, 33.0, 33.0, 33.0, 33.0, 33.0, 33.0, 33.0, 33.0, 33.0, 33.0, 33.0, 33.0, 33.0, 33.0, 33.0, 33.0, 33.0, 33.0, 33.0, 33.0, 33.0, 33.0, 33.0, 33.0, 33.0, 33.0, 33.0, 33.0, 33.0, 33.0, 33.0, 33.0, 33.0, 33.0, 33.0, 33.0, 33.0, 33.0, 33.0, 33.0, 33.0, 33.0, 33.0, 33.0, 33.0, 33.0, 33.0, 33.0, 33.0, 33.0, 33.0, 33.0, 33.0, 33.0, 33.0, 33.0, 33.0, 33.0, 33.0, 33.0, 33.0, 33.0, 33.0, 33.0, 33.0, 33.0, 33.0, 33.0, 33.0, 33.0, 33.0, 33.0, 33.0, 33.0, 33.0, 33.0, 33.0, 33.0, 33.0, 33.0, 33.0, 33.0, 33.0, 33.0, 33.0, 33.0, 33.0, 33.0, 33.0, 33.0, 33.0, 33.0, 33.0, 33.0, 33.0, 33.0, 33.0, 33.0, 33.0, 33.0, 33.0, 33.0, 33.0, 33.0, 33.0, 33.0, 33.0, 33.0, 33.0, 33.0, 33.0, 33.0, 33.0, 33.0, 33.0, 33.0, 33.0, 33.0, 33.0, 33.0, 33.0, 33.0, 33.0, 33.0, 33.0, 33.0, 33.0, 33.0, 33.0, 33.0, 33.0, 33.0, 33.0, 33.0, 33.0, 33.0, 33.0, 33.0, 33.0, 33.0, 33.0, 33.0, 33.0, 33.0, 33.0, 33.0, 33.0, 33.0, 33.0, 33.0, 33.0, 33.0, 33.0, 33.0, 33.0, 33.0, 33.0, 33.0, 33.0, 33.0, 33.0, 33.0, 33.0, 33.0, 33.0, 33.0, 33.0, 33.0, 33.0, 33.0, 33.0, 33.0, 33.0, 33.0, 33.0, 33.0, 33.0, 33.0, 33.0, 33.0, 33.0, 33.0, 33.0, 33.0, 33.0, 33.0, 33.0, 33.0, 33.0, 33.0, 33.0, 33.0, 33.0, 33.0, 33.0, 33.0, 33.0, 33.0, 33.0, 33.0, 33.0, 33.0, 33.0, 33.0, 33.0, 33.0, 33.0, 33.0, 33.0, 33.0, 33.0, 33.0, 33.0, 33.0, 33.0, 33.0, 33.0, 33.0, 33.0, 33.0, 33.0, 33.0, 33.0, 33.0, 33.0, 33.0, 33.0, 33.0, 33.0, 33.0, 33.0, 33.0, 33.0, 33.0]",COMPLETE
106,106,0.5,2024-08-31 04:48:03.833375,2024-08-31 04:48:35.176662,0 days 00:00:31.343287,4,7.333345847201845,4,120,0.001184304446761416,26,0.014081059596389974,0.859,0.85875,0,"[0, 0, 0, 0, 0, 0, 0, 0, 0, 0, 0, 0, 0, 0, 0, 0, 0, 0, 0, 0, 0, 0, 0, 0, 0, 0, 0, 0, 0, 0, 0, 0, 0, 0, 0, 0, 0, 0, 0, 0, 0, 0, 0, 0, 0, 0, 0, 0, 0, 0, 0, 0, 0, 0, 0, 0, 0, 0, 0, 0, 0, 0, 0, 0, 0, 0, 0, 0, 0, 0, 0, 0, 0, 0, 0, 0, 0, 0, 0, 0, 0, 0, 0, 0, 0, 0, 0, 0, 0, 0, 0, 0, 0, 0, 0, 0, 0, 0, 0, 0, 0, 0, 0, 0, 0, 0, 0, 0, 0, 0, 0, 0, 0, 0, 0, 0, 0, 0, 0, 0]",0.0,"[0.0, 0.0, 0.0, 0.0, 0.0, 0.0, 0.0, 0.0, 0.0, 0.0, 0.0, 0.0, 0.0, 0.0, 0.0, 0.0, 0.0, 0.0, 0.0, 0.0, 0.0, 0.0, 0.0, 0.0, 0.0, 0.0, 0.0, 0.0, 0.0, 0.0, 0.0, 0.0, 0.0, 0.0, 0.0, 0.0, 0.0, 0.0, 0.0, 0.0, 0.0, 0.0, 0.0, 0.0, 0.0, 0.0, 0.0, 0.0, 0.0, 0.0, 0.0, 0.0, 0.0, 0.0, 0.0, 0.0, 0.0, 0.0, 0.0, 0.0, 0.0, 0.0, 0.0, 0.0, 0.0, 0.0, 0.0, 0.0, 0.0, 0.0, 0.0, 0.0, 0.0, 0.0, 0.0, 0.0, 0.0, 0.0, 0.0, 0.0, 0.0, 0.0, 0.0, 0.0, 0.0, 0.0, 0.0, 0.0, 0.0, 0.0, 0.0, 0.0, 0.0, 0.0, 0.0, 0.0, 0.0, 0.0, 0.0, 0.0, 0.0, 0.0, 0.0, 0.0, 0.0, 0.0, 0.0, 0.0, 0.0, 0.0, 0.0, 0.0, 0.0, 0.0, 0.0, 0.0, 0.0, 0.0, 0.0, 0.0]",0.5,0.5,0,"[0, 0, 0, 0, 0, 0, 0, 0, 0, 0, 0, 0, 0, 0, 0, 0, 0, 0, 0, 0, 0, 0, 0, 0, 0, 0, 0, 0, 0, 0, 0, 0, 0, 0, 0, 0, 0, 0, 0, 0, 0, 0, 0, 0, 0, 0, 0, 0, 0, 0, 0, 0, 0, 0, 0, 0, 0, 0, 0, 0, 0, 0, 0, 0, 0, 0, 0, 0, 0, 0, 0, 0, 0, 0, 0, 0, 0, 0, 0, 0, 0, 0, 0, 0, 0, 0, 0, 0, 0, 0, 0, 0, 0, 0, 0, 0, 0, 0, 0, 0, 0, 0, 0, 0, 0, 0, 0, 0, 0, 0, 0, 0, 0, 0, 0, 0, 0, 0, 0, 0]",120,"[0.40746986865997314, 0.40725570917129517, 0.7364507913589478, 0.9338681101799011, 0.4297502636909485, 1.004839301109314, 0.40765511989593506, 1.8190115690231323, 0.41969168186187744, 0.42033177614212036, 0.4503999650478363, 0.5634411573410034, 1.0548914670944214, 0.42986801266670227, 1.3302875757217407, 0.5642316937446594, 0.5089395642280579, 0.5429083704948425, 0.4957675635814667, 0.4293738603591919, 0.5455721020698547, 0.4220042824745178, 1.898716926574707, 0.8597886562347412, 1.5754590034484863, 0.4075298607349396, 1.223629355430603, 0.46591681241989136, 0.4583101272583008, 0.424594521522522, 0.4256187677383423, 0.8470058441162109, 1.5594375133514404, 1.136338233947754, 1.5014821290969849, 0.6173245310783386, 1.26054048538208, 0.6333828568458557, 0.5787377953529358, 0.4098763167858124, 0.4109928011894226, 0.4404655694961548, 0.5756959915161133, 0.4585672616958618, 0.4391639232635498, 0.6887133717536926, 0.4178481996059418, 1.0730267763137817, 0.42442190647125244, 0.4251401424407959, 0.881476640701294, 1.115321397781372, 0.442622572183609, 0.8288878798484802, 0.4958024322986603, 0.4472077190876007, 0.4073144793510437, 0.6768006682395935, 0.4274086654186249, 0.5066699385643005, 0.41558220982551575, 0.4114218056201935, 1.3347336053848267, 0.4091896414756775, 0.6957517266273499, 0.4161965250968933, 0.40798988938331604, 0.4713938534259796, 0.44381487369537354, 1.474058985710144, 0.4078789949417114, 0.47793281078338623, 0.44620200991630554, 0.5582022666931152, 0.40894198417663574, 0.8848195672035217, 0.5695436000823975, 0.5687692165374756, 0.4842471182346344, 0.8457759618759155, 0.9275240898132324, 1.0349787473678589, 1.2284672260284424, 0.40805643796920776, 1.134096384048462, 0.46688026189804077, 0.7363992929458618, 1.0201349258422852, 0.5417348146438599, 0.4826488196849823, 0.5110204219818115, 0.4310750663280487, 0.4075159728527069, 0.4254526197910309, 0.6847348213195801, 0.7675309777259827, 0.4971894919872284, 1.6171821355819702, 0.5046576857566833, 0.5111198425292969, 0.6710721850395203, 1.059488296508789, 0.4369752109050751, 0.561143696308136, 0.6204785108566284, 0.47380995750427246, 0.46877655386924744, 0.5178956389427185, 1.1588621139526367, 0.6293932199478149, 0.4493037760257721, 0.792366087436676, 0.4079817533493042, 0.41257303953170776, 0.4078470468521118, 0.4333003759384155, 0.4843388497829437, 0.407613605260849, 0.6121853590011597, 0.44153645634651184]",0.0,"[0.0, 0.0, 0.0, 0.0, 0.0, 0.0, 0.0, 0.0, 0.0, 0.0, 0.0, 0.0, 0.0, 0.0, 0.0, 0.0, 0.0, 0.0, 0.0, 0.0, 0.0, 0.0, 0.0, 0.0, 0.0, 0.0, 0.0, 0.0, 0.0, 0.0, 0.0, 0.0, 0.0, 0.0, 0.0, 0.0, 0.0, 0.0, 0.0, 0.0, 0.0, 0.0, 0.0, 0.0, 0.0, 0.0, 0.0, 0.0, 0.0, 0.0, 0.0, 0.0, 0.0, 0.0, 0.0, 0.0, 0.0, 0.0, 0.0, 0.0, 0.0, 0.0, 0.0, 0.0, 0.0, 0.0, 0.0, 0.0, 0.0, 0.0, 0.0, 0.0, 0.0, 0.0, 0.0, 0.0, 0.0, 0.0, 0.0, 0.0, 0.0, 0.0, 0.0, 0.0, 0.0, 0.0, 0.0, 0.0, 0.0, 0.0, 0.0, 0.0, 0.0, 0.0, 0.0, 0.0, 0.0, 0.0, 0.0, 0.0, 0.0, 0.0, 0.0, 0.0, 0.0, 0.0, 0.0, 0.0, 0.0, 0.0, 0.0, 0.0, 0.0, 0.0, 0.0, 0.0, 0.0, 0.0, 0.0, 0.0]",COMPLETE
