,number,value,datetime_start,datetime_complete,duration,params_batch_size_scaler,params_constant_learning_rate,params_depth,params_epochs,params_kernel_l2,params_num_trees,params_temperature,user_attrs_accuracy_test,user_attrs_accuracy_valid,user_attrs_approximate_feature_sparsity,user_attrs_approximate_feature_sparsity_history,user_attrs_approximate_weight_sparsity,user_attrs_approximate_weight_sparsity_history,user_attrs_auc_test,user_attrs_auc_valid,user_attrs_feature_sparsity,user_attrs_feature_sparsity_history,user_attrs_num_epochs,user_attrs_val_loss_history,user_attrs_weight_sparsity,user_attrs_weight_sparsity_history,state
83,83,0.8093673918924141,2024-08-31 04:01:50.290538,2024-08-31 04:02:39.882126,0 days 00:00:49.591588,64,0.04738157074834833,2,440,0.03426667918935729,71,0.04609648645707043,0.878,0.8725,33,"[33, 33, 33, 33, 33, 33, 33, 33, 33, 33, 33, 33, 33, 33, 33, 33, 33, 33, 33, 33, 33, 33, 33, 33, 33, 33, 33, 33, 33, 33, 33, 33, 33, 33, 33, 33, 33, 33, 33, 33, 33, 33, 33, 33, 33, 33, 33, 33, 33, 33, 33, 33, 33, 33, 33, 33, 33, 33, 33, 33, 33, 33, 33, 33, 33, 33, 33, 33, 33, 33, 33, 33, 33, 33, 33, 33, 33, 33, 33, 33, 33, 33, 33, 33, 33, 33, 33, 33, 33, 33, 33, 33, 33, 33, 33, 33, 33, 33, 33, 33, 33, 33, 33, 33, 33, 33, 33, 33, 33, 33, 33, 33, 33, 33, 33, 33, 33, 33, 33, 33, 33, 33, 33, 33, 33, 33, 33, 33, 33, 33, 33, 33, 33, 33, 33, 33, 33, 33, 33, 33, 33, 33, 33, 33, 33, 33, 33, 33, 33, 33, 33, 33, 33, 33, 33, 33, 33, 33, 33, 33, 33, 33, 33, 33, 33, 33, 33, 33, 33, 33, 33, 33, 33, 33, 33, 33, 33, 33, 33, 33, 33, 33, 33, 33, 33, 33, 33, 33, 33, 33, 33, 33, 33, 33, 33, 33, 33, 33, 33, 33, 33, 33, 33, 33, 33, 33, 33, 33, 33, 33, 33, 33, 33, 33, 33, 33, 33, 33, 33, 33, 33, 33, 33, 33, 33, 33, 33, 33, 33, 33, 33, 33, 33, 33, 33, 33, 33, 33, 33, 33, 33, 33, 33, 33, 33, 33, 33, 33, 33, 33, 33, 33, 33, 33, 33, 33, 33, 33, 33, 33, 33, 33, 33, 33, 33, 33, 33, 33, 33, 33, 33, 33, 33, 33, 33, 33, 33, 33, 33, 33, 33, 33, 33, 33, 33, 33, 33, 33, 33, 33, 33, 33, 33, 33, 33, 33, 33, 33, 33, 33, 33, 33, 33, 33, 33, 33, 33, 33, 33, 33, 33, 33, 33, 33, 33, 33, 33, 33, 33, 33, 33, 33, 33, 33, 33, 33, 33, 33, 33, 33, 33, 33, 33, 33, 33, 33, 33, 33, 33, 33, 33, 33, 33, 33, 33, 33, 33, 33, 33, 33, 33, 33, 33, 33, 33, 33, 33, 33, 33, 33, 33, 33, 33, 33, 33, 33, 33, 33, 33, 33, 33, 33, 33, 33, 33, 33, 33, 33, 33, 33, 33, 33, 33, 33, 33, 33, 33, 33, 33, 33, 33, 33, 33, 33, 33, 33, 33, 33, 33, 33, 33, 33, 33, 33, 33, 33, 33, 33, 33, 33, 33, 33, 33, 33, 33, 33, 33, 33, 33, 33, 33, 33, 33, 33, 33, 33, 33, 33, 33, 33, 33, 33, 33, 33, 33, 33, 33, 33, 33, 33]",32.95774647887324,"[32.948356807511736, 32.95305164319249, 32.95305164319249, 32.948356807511736, 32.96244131455399, 32.971830985915496, 32.971830985915496, 32.967136150234744, 32.967136150234744, 32.985915492957744, 32.990610328638496, 32.98122065727699, 32.97652582159625, 32.98122065727699, 32.97652582159625, 32.971830985915496, 32.985915492957744, 32.98122065727699, 32.98122065727699, 32.971830985915496, 32.967136150234744, 32.967136150234744, 32.95774647887324, 32.96244131455399, 32.971830985915496, 32.96244131455399, 32.96244131455399, 32.96244131455399, 32.967136150234744, 32.96244131455399, 32.971830985915496, 32.971830985915496, 32.971830985915496, 32.971830985915496, 32.97652582159625, 32.985915492957744, 32.98122065727699, 32.985915492957744, 32.971830985915496, 32.971830985915496, 32.97652582159625, 32.97652582159625, 32.971830985915496, 32.97652582159625, 32.97652582159625, 32.971830985915496, 32.97652582159625, 32.985915492957744, 32.98122065727699, 32.98122065727699, 32.985915492957744, 32.971830985915496, 32.96244131455399, 32.967136150234744, 32.98122065727699, 32.98122065727699, 32.97652582159625, 32.97652582159625, 32.971830985915496, 32.967136150234744, 32.97652582159624, 32.97652582159624, 32.98122065727699, 32.985915492957744, 32.990610328638496, 32.985915492957744, 32.985915492957744, 32.98122065727699, 32.99530516431925, 32.99530516431925, 33.0, 32.99530516431925, 32.99530516431925, 32.97652582159624, 32.985915492957744, 32.985915492957744, 32.990610328638496, 32.98122065727699, 32.97652582159625, 32.985915492957744, 32.99530516431925, 33.0, 32.99530516431925, 32.990610328638496, 32.985915492957744, 32.98122065727699, 32.99530516431925, 32.97652582159624, 32.97183098591549, 32.97183098591549, 32.97652582159624, 32.98122065727699, 32.98122065727699, 32.985915492957744, 32.98122065727699, 32.985915492957744, 32.98122065727699, 32.97652582159625, 32.985915492957744, 32.990610328638496, 32.985915492957744, 32.985915492957744, 32.985915492957744, 32.98122065727699, 32.985915492957744, 32.971830985915496, 32.97652582159625, 32.97652582159625, 32.971830985915496, 32.97652582159625, 32.985915492957744, 32.985915492957744, 32.985915492957744, 32.98122065727699, 32.97652582159625, 32.98122065727699, 32.98122065727699, 32.98122065727699, 32.98122065727699, 32.98122065727699, 32.98122065727699, 32.98122065727699, 32.967136150234744, 32.967136150234744, 32.985915492957744, 32.98122065727699, 32.985915492957744, 32.967136150234744, 32.967136150234744, 32.97652582159625, 32.971830985915496, 32.98122065727699, 32.98122065727699, 32.98122065727699, 32.98122065727699, 32.990610328638496, 32.990610328638496, 32.985915492957744, 32.990610328638496, 32.98122065727699, 32.971830985915496, 32.98122065727699, 32.990610328638496, 32.985915492957744, 32.985915492957744, 32.99530516431925, 32.985915492957744, 32.971830985915496, 32.97652582159625, 32.97652582159625, 32.97652582159625, 32.97652582159625, 32.98122065727699, 32.98122065727699, 32.99530516431925, 32.98122065727699, 32.985915492957744, 32.990610328638496, 32.985915492957744, 32.985915492957744, 33.0, 33.0, 32.99530516431925, 32.99530516431925, 32.990610328638496, 32.985915492957744, 32.990610328638496, 32.990610328638496, 32.99530516431925, 33.0, 33.0, 33.0, 32.99530516431925, 32.990610328638496, 32.990610328638496, 32.990610328638496, 33.0, 32.99530516431925, 32.99530516431925, 32.99530516431925, 32.99530516431925, 32.99530516431925, 32.985915492957744, 32.990610328638496, 33.0, 33.0, 32.990610328638496, 32.985915492957744, 32.990610328638496, 32.990610328638496, 32.990610328638496, 32.990610328638496, 32.990610328638496, 32.990610328638496, 32.990610328638496, 32.990610328638496, 32.990610328638496, 32.985915492957744, 32.99530516431925, 32.990610328638496, 32.97652582159624, 32.971830985915496, 32.971830985915496, 32.98122065727699, 32.97652582159625, 32.971830985915496, 32.971830985915496, 32.971830985915496, 32.98122065727699, 32.97652582159625, 32.97652582159625, 32.97652582159625, 32.985915492957744, 32.985915492957744, 32.98122065727699, 32.97652582159625, 32.97652582159625, 32.97652582159625, 32.97652582159625, 32.97652582159625, 32.98122065727699, 32.98122065727699, 32.98122065727699, 32.985915492957744, 32.97652582159625, 32.97652582159625, 32.98122065727699, 32.97652582159625, 32.98122065727699, 32.985915492957744, 32.985915492957744, 32.97652582159624, 32.97652582159624, 32.97652582159625, 32.971830985915496, 32.967136150234744, 32.97652582159625, 32.990610328638496, 32.990610328638496, 32.985915492957744, 32.985915492957744, 32.990610328638496, 32.99530516431925, 32.99530516431925, 32.990610328638496, 32.990610328638496, 32.985915492957744, 32.985915492957744, 32.990610328638496, 32.985915492957744, 32.985915492957744, 32.990610328638496, 32.985915492957744, 32.985915492957744, 32.985915492957744, 32.985915492957744, 32.97652582159625, 32.971830985915496, 32.97652582159625, 32.98122065727699, 32.98122065727699, 32.98122065727699, 32.98122065727699, 32.98122065727699, 32.97652582159625, 32.985915492957744, 32.985915492957744, 32.98122065727699, 32.98122065727699, 32.990610328638496, 32.990610328638496, 32.985915492957744, 32.985915492957744, 32.98122065727699, 32.985915492957744, 32.985915492957744, 32.98122065727699, 32.971830985915496, 32.97183098591549, 32.97652582159624, 32.98122065727699, 32.97652582159624, 32.97183098591549, 32.97183098591549, 32.97652582159624, 32.98122065727699, 32.96244131455399, 32.967136150234744, 32.96244131455399, 32.971830985915496, 32.967136150234744, 32.967136150234744, 32.98122065727699, 32.985915492957744, 32.98122065727699, 32.967136150234744, 32.97652582159624, 32.971830985915496, 32.97652582159625, 32.971830985915496, 32.97652582159624, 32.97652582159624, 32.98122065727699, 32.98122065727699, 32.97652582159625, 32.97652582159625, 32.98122065727699, 32.967136150234744, 32.98122065727699, 32.971830985915496, 32.971830985915496, 32.971830985915496, 32.971830985915496, 32.967136150234744, 32.98122065727699, 32.97652582159625, 32.98122065727699, 32.967136150234744, 32.971830985915496, 32.98122065727699, 32.971830985915496, 32.967136150234744, 32.967136150234744, 32.967136150234744, 32.96244131455399, 32.96244131455399, 32.96244131455399, 32.971830985915496, 32.967136150234744, 32.967136150234744, 32.96244131455399, 32.971830985915496, 32.971830985915496, 32.96244131455399, 32.967136150234744, 32.967136150234744, 32.971830985915496, 32.97652582159625, 32.97652582159625, 32.97652582159625, 32.97652582159625, 32.97652582159625, 32.97652582159625, 32.971830985915496, 32.97652582159625, 32.98122065727699, 32.98122065727699, 32.971830985915496, 32.98122065727699, 32.98122065727699, 32.97652582159625, 32.97652582159625, 32.97652582159625, 32.971830985915496, 32.97652582159625, 32.971830985915496, 32.97652582159625, 32.971830985915496, 32.97652582159625, 32.97652582159625, 32.985915492957744, 32.985915492957744, 32.971830985915496, 32.971830985915496, 32.97652582159624, 32.967136150234744, 32.971830985915496, 32.971830985915496, 32.971830985915496, 32.971830985915496, 32.985915492957744, 32.985915492957744, 32.98122065727699, 32.985915492957744, 32.985915492957744, 32.985915492957744, 32.990610328638496, 32.985915492957744, 32.98122065727699, 32.971830985915496, 32.971830985915496, 32.971830985915496, 32.97652582159624, 32.98122065727699, 32.98122065727699, 32.98122065727699, 32.985915492957744, 32.98122065727699, 32.985915492957744, 32.98122065727699, 32.98122065727699, 32.98122065727699, 32.98122065727699, 32.985915492957744, 32.985915492957744, 32.985915492957744, 32.98122065727699, 32.98122065727699, 32.971830985915496, 32.97652582159625, 32.98122065727699, 32.985915492957744, 32.990610328638496, 32.985915492957744, 32.985915492957744, 32.985915492957744, 32.98122065727699, 32.97652582159624, 32.98122065727699, 32.98122065727699, 32.98122065727699, 32.98122065727699, 32.98122065727699, 32.97652582159625, 32.98122065727699, 32.98122065727699, 32.98122065727699, 32.97652582159624, 32.97652582159624, 32.98122065727699, 32.98122065727699, 32.985915492957744, 32.98122065727699, 32.98122065727699, 32.98122065727699, 32.990610328638496, 32.985915492957744, 32.98122065727699, 32.990610328638496, 32.971830985915496, 32.990610328638496, 32.99530516431925, 32.990610328638496, 32.985915492957744, 32.97652582159625, 32.967136150234744, 32.96244131455399, 32.95305164319249, 32.95774647887324, 32.95774647887324]",0.82641038978195,0.8093673918924141,33,"[33, 33, 33, 33, 33, 33, 33, 33, 33, 33, 33, 33, 33, 33, 33, 33, 33, 33, 33, 33, 33, 33, 33, 33, 33, 33, 33, 33, 33, 33, 33, 33, 33, 33, 33, 33, 33, 33, 33, 33, 33, 33, 33, 33, 33, 33, 33, 33, 33, 33, 33, 33, 33, 33, 33, 33, 33, 33, 33, 33, 33, 33, 33, 33, 33, 33, 33, 33, 33, 33, 33, 33, 33, 33, 33, 33, 33, 33, 33, 33, 33, 33, 33, 33, 33, 33, 33, 33, 33, 33, 33, 33, 33, 33, 33, 33, 33, 33, 33, 33, 33, 33, 33, 33, 33, 33, 33, 33, 33, 33, 33, 33, 33, 33, 33, 33, 33, 33, 33, 33, 33, 33, 33, 33, 33, 33, 33, 33, 33, 33, 33, 33, 33, 33, 33, 33, 33, 33, 33, 33, 33, 33, 33, 33, 33, 33, 33, 33, 33, 33, 33, 33, 33, 33, 33, 33, 33, 33, 33, 33, 33, 33, 33, 33, 33, 33, 33, 33, 33, 33, 33, 33, 33, 33, 33, 33, 33, 33, 33, 33, 33, 33, 33, 33, 33, 33, 33, 33, 33, 33, 33, 33, 33, 33, 33, 33, 33, 33, 33, 33, 33, 33, 33, 33, 33, 33, 33, 33, 33, 33, 33, 33, 33, 33, 33, 33, 33, 33, 33, 33, 33, 33, 33, 33, 33, 33, 33, 33, 33, 33, 33, 33, 33, 33, 33, 33, 33, 33, 33, 33, 33, 33, 33, 33, 33, 33, 33, 33, 33, 33, 33, 33, 33, 33, 33, 33, 33, 33, 33, 33, 33, 33, 33, 33, 33, 33, 33, 33, 33, 33, 33, 33, 33, 33, 33, 33, 33, 33, 33, 33, 33, 33, 33, 33, 33, 33, 33, 33, 33, 33, 33, 33, 33, 33, 33, 33, 33, 33, 33, 33, 33, 33, 33, 33, 33, 33, 33, 33, 33, 33, 33, 33, 33, 33, 33, 33, 33, 33, 33, 33, 33, 33, 33, 33, 33, 33, 33, 33, 33, 33, 33, 33, 33, 33, 33, 33, 33, 33, 33, 33, 33, 33, 33, 33, 33, 33, 33, 33, 33, 33, 33, 33, 33, 33, 33, 33, 33, 33, 33, 33, 33, 33, 33, 33, 33, 33, 33, 33, 33, 33, 33, 33, 33, 33, 33, 33, 33, 33, 33, 33, 33, 33, 33, 33, 33, 33, 33, 33, 33, 33, 33, 33, 33, 33, 33, 33, 33, 33, 33, 33, 33, 33, 33, 33, 33, 33, 33, 33, 33, 33, 33, 33, 33, 33, 33, 33, 33, 33, 33, 33, 33, 33, 33, 33, 33, 33, 33, 33, 33, 33, 33, 33, 33, 33, 33, 33, 33, 33, 33, 33]",440,"[0.4094771146774292, 0.4074278771877289, 0.40639975666999817, 0.4042689800262451, 0.40334293246269226, 0.4025190770626068, 0.4016907513141632, 0.40080592036247253, 0.3999456465244293, 0.3993735611438751, 0.3986038863658905, 0.398535817861557, 0.39880722761154175, 0.3974929451942444, 0.3964313268661499, 0.3960074484348297, 0.3950492739677429, 0.3947340250015259, 0.39393845200538635, 0.39342132210731506, 0.3929506540298462, 0.39244553446769714, 0.3918858468532562, 0.39156216382980347, 0.39125561714172363, 0.3907710611820221, 0.390407919883728, 0.39033040404319763, 0.38971951603889465, 0.3895123600959778, 0.3892826735973358, 0.38882648944854736, 0.38854914903640747, 0.38795292377471924, 0.38772523403167725, 0.3874428868293762, 0.3871098458766937, 0.3868093490600586, 0.38639599084854126, 0.3860967755317688, 0.3858814537525177, 0.38562729954719543, 0.38529449701309204, 0.38504350185394287, 0.38494765758514404, 0.38477733731269836, 0.3846840262413025, 0.3840932846069336, 0.38403213024139404, 0.3838059902191162, 0.3834376633167267, 0.3833378851413727, 0.38319000601768494, 0.38275641202926636, 0.3827935755252838, 0.3846001923084259, 0.3823881447315216, 0.38202759623527527, 0.38191595673561096, 0.38175395131111145, 0.38148680329322815, 0.38124462962150574, 0.38092201948165894, 0.3809117078781128, 0.38048017024993896, 0.38074684143066406, 0.38037827610969543, 0.3800661861896515, 0.37987664341926575, 0.3797878921031952, 0.37940436601638794, 0.37936100363731384, 0.3791883885860443, 0.38012582063674927, 0.3787735104560852, 0.3786698281764984, 0.3785304129123688, 0.378506064414978, 0.3782161772251129, 0.37795180082321167, 0.3778485059738159, 0.37747591733932495, 0.37739768624305725, 0.37726452946662903, 0.3769224286079407, 0.37670063972473145, 0.3768770098686218, 0.37635722756385803, 0.3761378824710846, 0.3760451376438141, 0.37582507729530334, 0.3757210075855255, 0.37581419944763184, 0.375617116689682, 0.37537530064582825, 0.37497007846832275, 0.3747774064540863, 0.3746003806591034, 0.37455257773399353, 0.3743291199207306, 0.3743504583835602, 0.3740648925304413, 0.3739253282546997, 0.37400367856025696, 0.37472617626190186, 0.3735652267932892, 0.3734619915485382, 0.3733314871788025, 0.37309643626213074, 0.3729933798313141, 0.3727157711982727, 0.37262144684791565, 0.3726261854171753, 0.372385174036026, 0.3722328245639801, 0.37278977036476135, 0.3725694715976715, 0.37159955501556396, 0.3715397119522095, 0.37134304642677307, 0.3711720407009125, 0.3717353940010071, 0.3707174062728882, 0.37064337730407715, 0.37045496702194214, 0.3704450726509094, 0.37093040347099304, 0.37047234177589417, 0.3696972131729126, 0.3694380223751068, 0.36939680576324463, 0.3691018223762512, 0.3689211905002594, 0.3687485158443451, 0.36867985129356384, 0.36858975887298584, 0.3687683939933777, 0.3684963583946228, 0.36811211705207825, 0.3679226040840149, 0.36782506108283997, 0.3682776391506195, 0.3682636618614197, 0.3675142228603363, 0.36807119846343994, 0.3676105737686157, 0.36688587069511414, 0.36738622188568115, 0.3666743338108063, 0.36632710695266724, 0.36616024374961853, 0.36601847410202026, 0.3657020330429077, 0.3657478988170624, 0.36587783694267273, 0.3651808500289917, 0.3652290999889374, 0.36494237184524536, 0.3653823137283325, 0.3654690682888031, 0.36616846919059753, 0.3652402460575104, 0.3644355535507202, 0.36419686675071716, 0.36398276686668396, 0.3641257882118225, 0.36395958065986633, 0.3639630377292633, 0.3644667863845825, 0.36343875527381897, 0.36303845047950745, 0.3629012405872345, 0.3628963530063629, 0.3625149428844452, 0.3626147210597992, 0.3622644543647766, 0.3620796203613281, 0.3624476492404938, 0.36197593808174133, 0.3617282807826996, 0.36140546202659607, 0.3613992929458618, 0.3611708879470825, 0.3610585927963257, 0.3606993556022644, 0.3605426847934723, 0.3602776825428009, 0.3602270185947418, 0.3599861264228821, 0.3598940968513489, 0.3596727252006531, 0.35952767729759216, 0.3600355386734009, 0.35920602083206177, 0.359345406293869, 0.35940229892730713, 0.3596954047679901, 0.35985085368156433, 0.3593894839286804, 0.3587489724159241, 0.35850241780281067, 0.3584514856338501, 0.35822346806526184, 0.3579680621623993, 0.3578343689441681, 0.3577362298965454, 0.35760509967803955, 0.35753265023231506, 0.35729825496673584, 0.35751456022262573, 0.35691437125205994, 0.3566878139972687, 0.3567122519016266, 0.3565199375152588, 0.3565201461315155, 0.3566250205039978, 0.35621216893196106, 0.35601651668548584, 0.3559689223766327, 0.35612067580223083, 0.3556768298149109, 0.35557979345321655, 0.3552948236465454, 0.3551478981971741, 0.35575857758522034, 0.35484328866004944, 0.3550912141799927, 0.354562371969223, 0.35445135831832886, 0.35556161403656006, 0.3544050455093384, 0.3540287911891937, 0.3539169430732727, 0.35374927520751953, 0.3539573550224304, 0.35341233015060425, 0.353320837020874, 0.35315489768981934, 0.3531116247177124, 0.3528296947479248, 0.35280150175094604, 0.3526567220687866, 0.3527461588382721, 0.3526073694229126, 0.3524763882160187, 0.3523252606391907, 0.3519817590713501, 0.3519419729709625, 0.3517334759235382, 0.35159534215927124, 0.3517676889896393, 0.3518591821193695, 0.3525303304195404, 0.3515281677246094, 0.3515721261501312, 0.3510194718837738, 0.35128331184387207, 0.35111314058303833, 0.3510994613170624, 0.3507789671421051, 0.3504734933376312, 0.35065242648124695, 0.3500016927719116, 0.34997043013572693, 0.34971854090690613, 0.3495102822780609, 0.34939488768577576, 0.3492475748062134, 0.3492510914802551, 0.349747896194458, 0.3487691581249237, 0.3486931324005127, 0.3495476543903351, 0.34852367639541626, 0.3483758270740509, 0.34826910495758057, 0.3479415774345398, 0.3479795455932617, 0.34808114171028137, 0.34783026576042175, 0.3478558659553528, 0.3477983772754669, 0.3476830720901489, 0.3474366068840027, 0.34725600481033325, 0.3475415110588074, 0.34687986969947815, 0.34688660502433777, 0.3467581868171692, 0.34666672348976135, 0.3464598059654236, 0.34633272886276245, 0.34659796953201294, 0.3463333249092102, 0.34611499309539795, 0.34598565101623535, 0.3460090756416321, 0.34572696685791016, 0.3457332253456116, 0.34538719058036804, 0.34545671939849854, 0.34538328647613525, 0.34491610527038574, 0.34483662247657776, 0.3443959951400757, 0.34426620602607727, 0.34427738189697266, 0.3439698815345764, 0.34392353892326355, 0.34414249658584595, 0.3439651131629944, 0.34388259053230286, 0.34352484345436096, 0.34330809116363525, 0.34401190280914307, 0.3435037136077881, 0.3431025445461273, 0.34330010414123535, 0.34344130754470825, 0.3428967297077179, 0.34351176023483276, 0.3425130546092987, 0.3423480987548828, 0.34207236766815186, 0.34201183915138245, 0.34191182255744934, 0.3417882025241852, 0.3417096734046936, 0.34178125858306885, 0.34168606996536255, 0.34142380952835083, 0.3412277102470398, 0.3411550223827362, 0.34114569425582886, 0.3409828543663025, 0.3409488797187805, 0.3413124978542328, 0.3405742645263672, 0.3404790461063385, 0.3403107821941376, 0.34021732211112976, 0.3401125371456146, 0.34025806188583374, 0.34060633182525635, 0.3400314450263977, 0.3399837613105774, 0.339850515127182, 0.3399209678173065, 0.3396647274494171, 0.3396027684211731, 0.3392961919307709, 0.3391496241092682, 0.33931681513786316, 0.34002575278282166, 0.33902427554130554, 0.33856451511383057, 0.33854758739471436, 0.33860257267951965, 0.3384305536746979, 0.338299036026001, 0.3380284905433655, 0.3382119834423065, 0.3380029797554016, 0.3377818167209625, 0.33764970302581787, 0.337502121925354, 0.33754146099090576, 0.33727505803108215, 0.3372505307197571, 0.33739203214645386, 0.3368585705757141, 0.33682698011398315, 0.33669236302375793, 0.3372327387332916, 0.33648622035980225, 0.3361132740974426, 0.33618128299713135, 0.3359687924385071, 0.3359750509262085, 0.3357769846916199, 0.3359881341457367, 0.33594661951065063, 0.3356632590293884, 0.3355397880077362, 0.335013747215271, 0.3348301947116852, 0.334708034992218, 0.3349083960056305, 0.33440715074539185, 0.3342810571193695, 0.334366112947464, 0.33411797881126404, 0.3339567184448242, 0.3340340554714203, 0.3335602283477783, 0.33343374729156494, 0.33352071046829224, 0.33351022005081177, 0.33314940333366394, 0.33301421999931335, 0.3329777419567108, 0.3330826163291931, 0.33311939239501953, 0.3328086733818054, 0.33279678225517273, 0.33252254128456116, 0.3324316442012787, 0.3322545289993286, 0.3321647346019745, 0.33200588822364807, 0.3319433331489563, 0.33194592595100403, 0.33156096935272217, 0.33153530955314636, 0.3313196897506714, 0.3312426507472992, 0.33115336298942566, 0.33116480708122253, 0.33079302310943604, 0.33085528016090393, 0.33059847354888916, 0.3307746648788452, 0.33027517795562744, 0.330083429813385, 0.3300681412220001, 0.3299217224121094, 0.3297693133354187, 0.3295642137527466, 0.3294927179813385, 0.3293526768684387, 0.32961148023605347, 0.3297303318977356, 0.3293764591217041, 0.3294127583503723, 0.3292672336101532, 0.3289276957511902, 0.32873985171318054, 0.3289650082588196, 0.3288770914077759, 0.32877692580223083]",33.0,"[33.0, 33.0, 33.0, 33.0, 33.0, 33.0, 33.0, 33.0, 33.0, 33.0, 33.0, 33.0, 33.0, 33.0, 33.0, 33.0, 33.0, 33.0, 33.0, 33.0, 33.0, 33.0, 33.0, 33.0, 33.0, 33.0, 33.0, 