,number,value,datetime_start,datetime_complete,duration,params_batch_size_scaler,params_constant_learning_rate,params_depth,params_epochs,params_kernel_l2,params_num_trees,params_temperature,user_attrs_accuracy_test,user_attrs_accuracy_valid,user_attrs_approximate_feature_sparsity,user_attrs_approximate_feature_sparsity_history,user_attrs_approximate_weight_sparsity,user_attrs_approximate_weight_sparsity_history,user_attrs_auc_test,user_attrs_auc_valid,user_attrs_feature_sparsity,user_attrs_feature_sparsity_history,user_attrs_num_epochs,user_attrs_val_loss_history,user_attrs_weight_sparsity,user_attrs_weight_sparsity_history,state
157,157,0.9069443907717277,2024-08-31 06:58:42.334263,2024-08-31 06:59:02.073013,0 days 00:00:19.738750,1,0.03739470629145069,3,35,0.08394318955239699,11,0.0004295703080623538,0.911,0.89875,33,"[33, 33, 33, 33, 33, 33, 33, 33, 33, 33, 33, 33, 33, 33, 33, 33, 33, 33, 33, 33, 33, 33, 33, 33, 33, 33, 33, 33, 33, 33, 33, 33, 33, 33, 33]",32.98701298701299,"[33.0, 32.97402597402598, 32.96103896103896, 32.98701298701299, 32.96103896103896, 32.98701298701299, 33.0, 32.98701298701299, 32.98701298701299, 33.0, 32.97402597402598, 33.0, 32.97402597402598, 32.97402597402598, 33.0, 33.0, 32.97402597402598, 33.0, 32.97402597402598, 32.97402597402598, 32.98701298701299, 32.98701298701299, 32.98701298701299, 32.98701298701299, 33.0, 32.97402597402598, 32.98701298701299, 32.98701298701299, 33.0, 33.0, 32.98701298701299, 33.0, 33.0, 32.96103896103896, 32.98701298701299]",0.8913547833122796,0.9069443907717277,33,"[33, 33, 33, 33, 33, 33, 33, 33, 33, 33, 33, 33, 33, 33, 33, 33, 33, 33, 33, 33, 33, 33, 33, 33, 33, 33, 33, 33, 33, 33, 33, 33, 33, 33, 33]",35,"[0.4356262981891632, 0.42094066739082336, 0.41164249181747437, 0.40476521849632263, 0.39723044633865356, 0.39091289043426514, 0.3855946362018585, 0.37861528992652893, 0.3710714280605316, 0.3644261658191681, 0.35732972621917725, 0.35143738985061646, 0.3450648784637451, 0.33890074491500854, 0.33343878388404846, 0.32880687713623047, 0.323557049036026, 0.318340539932251, 0.3146485984325409, 0.31038758158683777, 0.30696195363998413, 0.3035750091075897, 0.3003648817539215, 0.29912033677101135, 0.2953772246837616, 0.2931596338748932, 0.28868281841278076, 0.287140429019928, 0.2836582660675049, 0.2821466326713562, 0.2799277603626251, 0.27739018201828003, 0.2758913040161133, 0.27323997020721436, 0.27124854922294617]",33.0,"[33.0, 33.0, 33.0, 33.0, 33.0, 33.0, 33.0, 33.0, 33.0, 33.0, 33.0, 33.0, 33.0, 33.0, 33.0, 33.0, 33.0, 33.0, 33.0, 33.0, 33.0, 33.0, 33.0, 33.0, 33.0, 33.0, 33.0, 33.0, 33.0, 33.0, 33.0, 33.0, 33.0, 33.0, 33.0]",COMPLETE
158,158,0.6891190374979068,2024-08-31 06:59:05.294845,2024-08-31 06:59:10.113676,0 days 00:00:04.818831,64,0.053333627453732706,2,30,0.0048042001902362476,90,0.0014581376379204738,0.859,0.85875,33,"[33, 33, 33, 33, 33, 33, 33, 33, 33, 33, 33, 33, 33, 33, 33, 33, 33, 33, 33, 33, 33, 33, 33, 33, 33, 33, 33, 33, 33, 33]",32.96296296296296,"[32.977777777777774, 32.97037037037037, 32.98148148148148, 32.974074074074075, 32.977777777777774, 32.977777777777774, 32.959259259259255, 32.974074074074075, 32.97037037037037, 32.96666666666666, 32.95925925925926, 32.959259259259255, 32.96666666666667, 32.955555555555556, 32.955555555555556, 32.955555555555556, 32.95185185185185, 32.95185185185185, 32.94814814814815, 32.96296296296296, 32.96666666666666, 32.974074074074075, 32.974074074074075, 32.977777777777774, 32.977777777777774, 32.96666666666667, 32.95925925925926, 32.96666666666666, 32.96666666666667, 32.96296296296296]",0.7174596884056176,0.6891190374979068,33,"[33, 33, 33, 33, 33, 33, 33, 33, 33, 33, 33, 33, 33, 33, 33, 33, 33, 33, 33, 33, 33, 33, 33, 33, 33, 33, 33, 33, 33, 33]",30,"[0.41882938146591187, 0.41255638003349304, 0.40998905897140503, 0.40880709886550903, 0.4064447283744812, 0.4044477045536041, 0.4028615653514862, 0.4010573923587799, 0.39940181374549866, 0.3980752229690552, 0.3968832492828369, 0.3952030837535858, 0.393912136554718, 0.3928689956665039, 0.3919128179550171, 0.39090684056282043, 0.39075419306755066, 0.3887440860271454, 0.3876383900642395, 0.38692840933799744, 0.38583409786224365, 0.38497424125671387, 0.3848284184932709, 0.3836442828178406, 0.3826119601726532, 0.3818747401237488, 0.3810025155544281, 0.3802955746650696, 0.379705548286438, 0.3792843520641327]",33.0,"[33.0, 33.0, 33.0, 33.0, 33.0, 33.0, 33.0, 33.0, 33.0, 33.0, 33.0, 33.0, 33.0, 33.0, 33.0, 33.0, 33.0, 33.0, 33.0, 33.0, 33.0, 33.0, 33.0, 33.0, 33.0, 33.0, 33.0, 33.0, 33.0, 33.0]",COMPLETE
159,159,0.8922208911388492,2024-08-31 06:59:13.452956,2024-08-31 07:03:36.791596,0 days 00:04:23.338640,16,0.6917782229852293,6,305,0.14521021478900545,45,0.0015954467689388181,0.925,0.925,8,"[33, 33, 33, 33, 33, 33, 33, 33, 33, 33, 33, 33, 33, 33, 33, 33, 33, 33, 33, 33, 33, 33, 33, 33, 33, 33, 33, 32, 26, 21, 19, 15, 15, 15, 15, 14, 14, 14, 13, 12, 11, 11, 10, 10, 10, 9, 9, 9, 9, 9, 9, 9, 9, 9, 8, 8, 8, 8, 8, 8, 8, 8, 8, 8, 8, 8, 8, 8, 8, 8, 8, 8, 8, 8, 8, 8, 8, 8, 8, 8, 8, 8, 8, 8, 8, 8, 8, 8, 8, 8, 8, 8, 8, 8, 8, 8, 8, 8, 8, 8, 8, 8, 8, 8, 8, 8, 8, 8, 8, 8, 8, 8, 8, 8, 8, 8, 8, 8, 8, 8, 8, 8, 8, 8, 8, 8, 8, 8, 8, 8, 8, 8, 8, 8, 8, 8, 8, 8, 8, 8, 8, 8, 8, 8, 8, 8, 8, 8, 8, 8, 8, 8, 8, 8, 8, 8, 8, 8, 8, 8, 8, 8, 8, 8, 8, 8, 8, 8, 8, 8, 8, 8, 8, 8, 8, 8, 8, 8, 8, 8, 8, 8, 8, 8, 8, 8, 8, 8, 8, 8, 8, 8, 8, 8, 8, 8, 8, 8, 8, 8, 8, 8, 8, 8, 8, 8, 8, 8, 8, 8, 8, 8, 8, 8, 8, 8, 8, 8, 8, 8, 8, 8, 8, 8, 8, 8, 8, 8, 8, 8, 8, 8, 8, 8, 8, 8, 8, 8, 8, 8, 8, 8, 8, 8, 8, 8, 8, 8, 8, 8, 8, 8, 8, 8, 8, 8, 8, 8, 8, 8, 8, 8, 8, 8, 8, 8, 8, 8, 8, 8, 8, 8, 8, 8, 8, 8, 8, 8, 8, 8, 8, 8, 8, 8, 8, 8, 8, 8, 8, 8, 8, 8, 8, 8, 8, 8, 8, 8, 8, 8, 8, 8, 8, 8, 8]",7.98694885361552,"[32.92592592592593, 32.929805996472666, 32.931922398589066, 32.927336860670195, 32.92663139329806, 32.92134038800705, 32.914991181657854, 32.92204585537919, 32.92416225749559, 32.92980599647266, 32.92663139329806, 32.92451499118165, 32.92239858906525, 32.92310405643739, 32.923809523809524, 32.92204585537919, 32.916049382716054, 32.92451499118166, 32.921693121693124, 32.91746031746032, 32.91499118165785, 32.91887125220458, 32.92627865961199, 32.92310405643739, 32.92310405643739, 32.926984126984124, 32.93227513227513, 31.932980599647266, 25.94814814814815, 20.951322751322753, 18.96049382716049, 14.966490299823633, 14.96084656084656, 14.966490299823633, 14.968959435626102, 13.972134038800707, 13.97636684303351, 13.973897707231039, 12.971428571428572, 11.969664902998236, 10.978483245149912, 10.97636684303351, 9.981657848324515, 9.981657848324515, 9.979188712522046, 8.982363315696649, 8.983774250440916, 8.982010582010583, 8.984479717813052, 8.985537918871252, 8.98589065255732, 8.986948853615521, 8.982363315696649, 8.982010582010581, 7.985537918871252, 7.981657848324515, 7.987301587301587, 7.985537918871252, 7.987654320987654, 7.988007054673721, 7.983774250440916, 7.9865961199294535, 7.986243386243386, 7.98589065255732, 7.98342151675485, 7.985185185185184, 7.983774250440917, 7.9830687830687825, 7.9865961199294535, 7.982363315696649, 7.985185185185185, 7.983774250440916, 7.985890652557319, 7.984832451499118, 7.985185185185184, 7.984832451499118, 7.988007054673721, 7.98589065255732, 7.9865961199294535, 7.9865961199294535, 7.98694885361552, 7.9869488536155195, 7.986243386243387, 7.985185185185185, 7.985537918871253, 7.987301587301588, 7.98447971781305, 7.98447971781305, 7.985537918871252, 7.98589065255732, 7.984126984126984, 7.984479717813051, 7.9830687830687825, 7.984126984126984, 7.982716049382716, 7.984126984126984, 7.986243386243386, 7.9865961199294535, 7.983774250440917, 7.982010582010583, 7.982010582010583, 7.985537918871253, 7.980246913580247, 7.98447971781305, 7.9827160493827165, 7.983068783068783, 7.982363315696649, 7.981305114638447, 7.980246913580247, 7.981305114638448, 7.984479717813051, 7.9865961199294535, 7.985537918871252, 7.98589065255732, 7.983774250440916, 7.982010582010583, 7.982363315696649, 7.984832451499117, 7.979894179894179, 7.982363315696649, 7.984126984126984, 7.985185185185186, 7.988359788359788, 7.987301587301587, 7.988712522045855, 7.987654320987654, 7.98694885361552, 7.988712522045855, 7.98694885361552, 7.989770723104056, 7.985537918871253, 7.987654320987654, 7.988007054673721, 7.988712522045855, 7.98694885361552, 7.9869488536155195, 7.9869488536155195, 7.985537918871252, 7.986243386243387, 7.986243386243387, 7.98447971781305, 7.98589065255732, 7.985185185185185, 7.987301587301587, 7.987301587301587, 7.983774250440917, 7.982716049382716, 7.9830687830687825, 7.984126984126984, 7.984479717813051, 7.982363315696649, 7.985890652557318, 7.9827160493827165, 7.981305114638449, 7.982363315696649, 7.98342151675485, 7.983774250440917, 7.984126984126984, 7.9830687830687825, 7.980246913580247, 7.98236331569665, 7.9791887125220455, 7.978483245149912, 7.978483245149912, 7.980599647266315, 7.980952380952381, 7.982363315696649, 7.982010582010582, 7.980246913580247, 7.980952380952381, 7.978483245149912, 7.980599647266313, 7.981657848324515, 7.980599647266314, 7.982010582010582, 7.981657848324515, 7.981657848324515, 7.981305114638447, 7.980952380952381, 7.979541446208113, 7.982010582010583, 7.980599647266314, 7.9791887125220455, 7.982010582010582, 7.982010582010582, 7.984479717813051, 7.980952380952381, 7.982363315696649, 7.9830687830687825, 7.98342151675485, 7.984126984126983, 7.982010582010582, 7.980599647266313, 7.981657848324515, 7.983774250440918, 7.979894179894181, 7.979894179894179, 7.9827160493827165, 7.980599647266314, 7.9830687830687825, 7.984126984126984, 7.9830687830687825, 7.981657848324515, 7.979894179894179, 7.983774250440917, 7.98342151675485, 7.981305114638449, 7.980246913580247, 7.98236331569665, 7.985185185185186, 7.985185185185184, 7.984126984126984, 7.982716049382716, 7.9830687830687825, 7.983774250440917, 7.983774250440917, 7.980246913580247, 7.981657848324516, 7.983068783068783, 7.981305114638448, 7.983774250440916, 7.980599647266314, 7.982010582010582, 7.980246913580247, 7.979541446208113, 7.982363315696649, 7.980952380952381, 7.979894179894179, 7.981305114638447, 7.981305114638448, 7.981657848324515, 7.982010582010582, 7.981657848324516, 7.981305114638448, 7.982363315696649, 7.984479717813051, 7.984126984126983, 7.984126984126984, 7.98342151675485, 7.983774250440917, 7.984832451499118, 7.984832451499118, 7.981657848324515, 7.98342151675485, 7.98342151675485, 7.9830687830687825, 7.981305114638448, 7.980246913580247, 7.978835978835979, 7.9791887125220455, 7.97989417989418, 7.980952380952381, 7.980246913580247, 7.978483245149912, 7.978483245149912, 7.978835978835979, 7.978130511463845, 7.977072310405643, 7.977072310405644, 7.9788359788359795, 7.982010582010581, 7.978483245149913, 7.978483245149912, 7.982010582010583, 7.980246913580247, 7.98342151675485, 7.981657848324515, 7.980952380952381, 7.9827160493827165, 7.980246913580247, 7.979894179894179, 7.981305114638448, 7.980246913580247, 7.983774250440917, 7.985537918871252, 7.9869488536155195, 7.985185185185185, 7.984126984126984, 7.9830687830687825, 7.985185185185186, 7.984832451499118, 7.983068783068783, 7.981657848324515, 7.981657848324515, 7.983774250440917, 7.9834215167548495, 7.982716049382716, 7.984479717813051, 7.984479717813051, 7.98342151675485, 7.983774250440916, 7.98589065255732, 7.9865961199294535, 7.984479717813051, 7.984126984126984, 7.981305114638448, 7.982363315696649, 7.983774250440917, 7.9830687830687825, 7.985185185185185, 7.985185185185185, 7.985537918871252, 7.985185185185186, 7.987301587301587, 7.98694885361552]",0.8854349854275546,0.8922208911388492,8,"[33, 33, 33, 33, 33, 33, 33, 33, 33, 33, 33, 33, 33, 33, 33, 33, 33, 33, 33, 33, 33, 33, 33, 33, 33, 33, 33, 32, 26, 21, 19, 15, 15, 15, 15, 14, 14, 14, 13, 12, 11, 11, 10, 10, 10, 9, 9, 9, 9, 9, 9, 9, 9, 9, 8, 8, 8, 8, 8, 8, 8, 8, 8, 8, 8, 8, 8, 8, 8, 8, 8, 8, 8, 8, 8, 8, 8, 8, 8, 8, 8, 8, 8, 8, 8, 8, 8, 8, 8, 8, 8, 8, 8, 8, 8, 8, 8, 8, 8, 8, 8, 8, 8, 8, 8, 8, 8, 8, 8, 8, 8, 8, 8, 8, 8, 8, 8, 8, 8, 8, 8, 8, 8, 8, 8, 8, 8, 8, 8, 8, 8, 8, 8, 8, 8, 8, 8, 8, 8, 8, 8, 8, 8, 8, 8, 8, 8, 8, 8, 8, 8, 8, 8, 8, 8, 8, 8, 8, 8, 8, 8, 8, 8, 8, 8, 8, 8, 8, 8, 8, 8, 8, 8, 8, 8, 8, 8, 8, 8, 8, 8, 8, 8, 8, 8, 8, 8, 8, 8, 8, 8, 8, 8, 8, 8, 8, 8, 8, 8, 8, 8, 8, 8, 8, 8, 8, 8, 8, 8, 8, 8, 8, 8, 8, 8, 8, 8, 8, 8, 8, 8, 8, 8, 8, 8, 8, 8, 8, 8, 8, 8, 8, 8, 8, 8, 8, 8, 8, 8, 8, 8, 8, 8, 8, 8, 8, 8, 8, 8, 8, 8, 8, 8, 8, 8, 8, 8, 8, 8, 8, 8, 8, 8, 8, 8, 8, 8, 8, 8, 8, 8, 8, 8, 8, 8, 8, 8, 8, 8, 8, 8, 8, 8, 8, 8, 8, 8, 8, 8, 8, 8, 8, 8, 8, 8, 8, 8, 8, 8, 8, 8, 8, 8, 8, 8]",305,"[0.39817389845848083, 0.38963645696640015, 0.38434556126594543, 0.38037821650505066, 0.37746062874794006, 0.37476494908332825, 0.37284988164901733, 0.3706624507904053, 0.36899253726005554, 0.36708804965019226, 0.36570557951927185, 0.3643167018890381, 0.36309948563575745, 0.3611510992050171, 0.3594917356967926, 0.35819685459136963, 0.35685616731643677, 0.35598886013031006, 0.354056179523468, 0.352550208568573, 0.3517652153968811, 0.3498198688030243, 0.34843364357948303, 0.34695762395858765, 0.3455066680908203, 0.34401318430900574, 0.34251222014427185, 0.3410112261772156, 0.33961543440818787, 0.33822301030158997, 0.3350973129272461, 0.3323875665664673, 0.3310903310775757, 0.3300466537475586, 0.32833901047706604, 0.3288802206516266, 0.3278615176677704, 0.32628363370895386, 0.3249152898788452, 0.3288131654262543, 0.3256198763847351, 0.32375863194465637, 0.3241995871067047, 0.3219316601753235, 0.32027125358581543, 0.31969523429870605, 0.31815382838249207, 0.3166978359222412, 0.31520095467567444, 0.3138098418712616, 0.3123321533203125, 0.31089621782302856, 0.3093671500682831, 0.307847797870636, 0.31053850054740906, 0.3089239001274109, 0.30746912956237793, 0.30595970153808594, 0.30458998680114746, 0.3031406104564667, 0.30181822180747986, 0.30054759979248047, 0.29923418164253235, 0.29792577028274536, 0.29655683040618896, 0.29542645812034607, 0.2939566373825073, 0.2927476763725281, 0.29146191477775574, 0.2904561460018158, 0.2892341911792755, 0.2880127727985382, 0.28694865107536316, 0.2858474850654602, 0.28478294610977173, 0.2837197780609131, 0.2825353145599365, 0.2815691828727722, 0.28070950508117676, 0.2798919379711151, 0.27884092926979065, 0.27794888615608215, 0.2771836221218109, 0.276277631521225, 0.2756583094596863, 0.2747330069541931, 0.27378278970718384, 0.2731126546859741, 0.2724522650241852, 0.27174320816993713, 0.2709141969680786, 0.27058395743370056, 0.26955169439315796, 0.2693766951560974, 0.268411248922348, 0.2676278054714203, 0.26678961515426636, 0.2660588026046753, 0.2654997408390045, 0.26474902033805847, 0.264180064201355, 0.2634091079235077, 0.2629088759422302, 0.26240214705467224, 0.26161232590675354, 0.2610999643802643, 0.260629266500473, 0.26002398133277893, 0.2595325708389282, 0.25909462571144104, 0.25856104493141174, 0.258154034614563, 0.25780582427978516, 0.25722628831863403, 0.256621778011322, 0.2560923099517822, 0.2553953528404236, 0.25504714250564575, 0.2543586790561676, 0.253934770822525, 0.25370293855667114, 0.25328654050827026, 0.25298774242401123, 0.25275513529777527, 0.2520732581615448, 0.25142937898635864, 0.25098705291748047, 0.2505571246147156, 0.2502939999103546, 0.24974238872528076, 0.2492392361164093, 0.2489253580570221, 0.24870674312114716, 0.24815425276756287, 0.2477397918701172, 0.24741290509700775, 0.24691849946975708, 0.24662190675735474, 0.24617169797420502, 0.24557244777679443, 0.24535998702049255, 0.24490350484848022, 0.24463924765586853, 0.24458804726600647, 0.2442515790462494, 0.2441733479499817, 0.2437443733215332, 0.2434748262166977, 0.2432045340538025, 0.24325931072235107, 0.24243906140327454, 0.24207721650600433, 0.24163490533828735, 0.24139173328876495, 0.2410915344953537, 0.2410520613193512, 0.24050569534301758, 0.24025201797485352, 0.2398429661989212, 0.2399686872959137, 0.23941807448863983, 0.2391788810491562, 0.2388768345117569, 0.23863926529884338, 0.23824205994606018, 0.23833869397640228, 0.23797258734703064, 0.23774495720863342, 0.23743246495723724, 0.23728038370609283, 0.236964151263237, 0.23709428310394287, 0.2366134077310562, 0.23644644021987915, 0.23700052499771118, 0.236088827252388, 0.23594695329666138, 0.23586921393871307, 0.23603412508964539, 0.23576737940311432, 0.23546533286571503, 0.2352912575006485, 0.23498305678367615, 0.23470483720302582, 0.23470932245254517, 0.23444198071956635, 0.23427093029022217, 0.2339354008436203, 0.23385196924209595, 0.2336660921573639, 0.23357732594013214, 0.23351964354515076, 0.2333894670009613, 0.23338639736175537, 0.23363350331783295, 0.2331698089838028, 0.2331065982580185, 0.232764333486557, 0.23292911052703857, 0.2325543463230133, 0.2324596345424652, 0.23253877460956573, 0.2322033941745758, 0.23240503668785095, 0.23199866712093353, 0.23211057484149933, 0.23196269571781158, 0.23166944086551666, 0.23145832121372223, 0.23155555129051208, 0.2311992049217224, 0.23112991452217102, 0.23142009973526, 0.23169754445552826, 0.23119287192821503, 0.2309100478887558, 0.23047925531864166, 0.23079600930213928, 0.2309287190437317, 0.2307535707950592, 0.23030336201190948, 0.23099163174629211, 0.23028793931007385, 0.22992733120918274, 0.2299957126379013, 0.22982221841812134, 0.22958828508853912, 0.22975488007068634, 0.22956512868404388, 0.2297455221414566, 0.22942645847797394, 0.22915391623973846, 0.2290365993976593, 0.2289097011089325, 0.22886234521865845, 0.2290961891412735, 0.22898311913013458, 0.228770911693573, 0.22875413298606873, 0.22871553897857666, 0.22840164601802826, 0.22831730544567108, 0.22835756838321686, 0.22851818799972534, 0.2284427136182785, 0.2283002883195877, 0.22798746824264526, 0.22816114127635956, 0.22770236432552338, 0.2277076542377472, 0.22769001126289368, 0.22786155343055725, 0.2279209941625595, 0.22795996069908142, 0.22757256031036377, 0.22753001749515533, 0.22744765877723694, 0.22776785492897034, 0.22762584686279297, 0.22678011655807495, 0.22668373584747314, 0.22791501879692078, 0.22704128921031952, 0.2266235202550888, 0.2266422063112259, 0.22634297609329224, 0.2266344428062439, 0.2266317754983902, 0.22658123075962067, 0.22679248452186584, 0.2271467000246048, 0.22663277387619019, 0.2264283150434494, 0.22635720670223236, 0.22614842653274536, 0.22641660273075104, 0.22621747851371765, 0.22611135244369507, 0.22602702677249908, 0.2256966531276703, 0.2257593721151352, 0.22557266056537628, 0.22572235763072968, 0.2254990041255951, 0.2256813496351242, 0.2258071005344391, 0.22537846863269806, 0.22563934326171875, 0.22676339745521545, 0.22548139095306396, 0.22600801289081573, 0.22533823549747467, 0.22513245046138763, 0.22493961453437805, 0.2248746156692505, 0.2252965122461319, 0.22508136928081512, 0.22482091188430786, 0.2249598354101181, 0.22468827664852142, 0.22560614347457886, 0.2247011810541153, 0.2253333330154419, 0.224794402718544, 0.22451265156269073]",8.0,"[33.0, 33.0, 33.0, 33.0, 33.0, 33.0, 33.0, 33.0, 33.0, 33.0, 33.0, 33.0, 33.0, 33.0, 33.0, 33.0, 33.0, 33.0, 33.0, 33.0, 33.0, 33.0, 33.0, 33.0, 33.0, 33.0, 33.0, 32.0, 26.0, 21.0, 19.0, 15.0, 15.0, 15.0, 15.0, 14.0, 14.0, 14.0, 13.0, 12.0, 11.0, 11.0, 10.0, 10.0, 10.0, 9.0, 9.0, 9.0, 9.0, 9.0, 9.0, 9.0, 9.0, 9.0, 8.0, 8.0, 8.0, 8.0, 8.0, 8.0, 8.0, 8.0, 8.0, 8.0, 8.0, 8.0, 8.0, 8.0, 8.0, 8.0, 8.0, 8.0, 8.0, 8.0, 8.0, 8.0, 8.0, 8.0, 8.0, 8.0, 8.0, 8.0, 8.0, 8.0, 8.0, 8.0, 8.0, 8.0, 8.0, 8.0, 8.0, 8.0, 8.0, 8.0, 8.0, 8.0, 8.0, 8.0, 8.0, 8.0, 8.0, 8.0, 8.0, 8.0, 8.0, 8.0, 8.0, 8.0, 8.0, 8.0, 8.0, 8.0, 8.0, 8.0, 8.0, 8.0, 8.0, 8.0, 8.0, 8.0, 8.0, 8.0, 8.0, 8.0, 8.0, 8.0, 8.0, 8.0, 8.0, 8.0, 8.0, 8.0, 8.0, 8.0, 8.0, 8.0, 8.0, 8.0, 8.0, 8.0, 8.0, 8.0, 8.0, 8.0, 8.0, 8.0, 8.0, 8.0, 8.0, 8.0, 8.0, 8.0, 8.0, 8.0, 8.0, 8.0, 8.0, 8.0, 8.0, 8.0, 8.0, 8.0, 8.0, 8.0, 8.0, 8.0, 8.0, 8.0, 8.0, 8.0, 8.0, 8.0, 8.0, 8.0, 8.0, 8.0, 8.0, 8.0, 8.0, 8.0, 8.0, 8.0, 8.0, 8.0, 8.0, 8.0, 8.0, 8.0, 8.0, 8.0, 8.0, 8.0, 8.0, 8.0, 8.0, 8.0, 8.0, 8.0, 8.0, 8.0, 8.0, 8.0, 8.0, 8.0, 8.0, 8.0, 8.0, 8.0, 8.0, 8.0, 8.0, 8.0, 8.0, 8.0, 8.0, 8.0, 8.0, 8.0, 8.0, 8.0, 8.0, 8.0, 8.0, 8.0, 8.0, 8.0, 8.0, 8.0, 8.0, 8.0, 8.0, 8.0, 8.0, 8.0, 8.0, 8.0, 8.0, 8.0, 8.0, 8.0, 8.0, 8.0, 8.0, 8.0, 8.0, 8.0, 8.0, 8.0, 8.0, 8.0, 8.0, 8.0, 8.0, 8.0, 8.0, 8.0, 8.0, 8.0, 8.0, 8.0, 8.0, 8.0, 8.0, 8.0, 8.0, 8.0, 8.0, 8.0, 8.0, 8.0, 8.0, 8.0, 8.0, 8.0, 8.0, 8.0, 8.0, 8.0, 8.0, 8.0, 8.0, 8.0, 8.0, 8.0, 8.0, 8.0, 8.0, 8.0, 8.0, 8.0, 8.0, 8.0, 8.0, 8.0, 8.0, 8.0, 8.0, 8.0, 8.0, 8.0, 8.0, 8.0, 8.0, 8.0, 8.0]",COMPLETE
