,number,value,datetime_start,datetime_complete,duration,params_batch_size_scaler,params_constant_learning_rate,params_depth,params_epochs,params_kernel_l2,params_num_trees,params_temperature,user_attrs_accuracy_test,user_attrs_accuracy_valid,user_attrs_approximate_feature_sparsity,user_attrs_approximate_feature_sparsity_history,user_attrs_approximate_weight_sparsity,user_attrs_approximate_weight_sparsity_history,user_attrs_auc_test,user_attrs_auc_valid,user_attrs_feature_sparsity,user_attrs_feature_sparsity_history,user_attrs_num_epochs,user_attrs_val_loss_history,user_attrs_weight_sparsity,user_attrs_weight_sparsity_history,state
107,107,0.5,2024-08-31 04:48:37.025596,2024-08-31 04:51:20.312962,0 days 00:02:43.287366,4,0.4649389531903818,4,475,0.01221552060573659,68,0.03856033485098244,0.859,0.85875,0,"[0, 0, 0, 0, 0, 0, 0, 0, 0, 0, 0, 0, 0, 0, 0, 0, 0, 0, 0, 0, 0, 0, 0, 0, 0, 0, 0, 0, 0, 0, 0, 0, 0, 0, 0, 0, 0, 0, 0, 0, 0, 0, 0, 0, 0, 0, 0, 0, 0, 0, 0, 0, 0, 0, 0, 0, 0, 0, 0, 0, 0, 0, 0, 0, 0, 0, 0, 0, 0, 0, 0, 0, 0, 0, 0, 0, 0, 0, 0, 0, 0, 0, 0, 0, 0, 0, 0, 0, 0, 0, 0, 0, 0, 0, 0, 0, 0, 0, 0, 0, 0, 0, 0, 0, 0, 0, 0, 0, 0, 0, 0, 0, 0, 0, 0, 0, 0, 0, 0, 0, 0, 0, 0, 0, 0, 0, 0, 0, 0, 0, 0, 0, 0, 0, 0, 0, 0, 0, 0, 0, 0, 0, 0, 0, 0, 0, 0, 0, 0, 0, 0, 0, 0, 0, 0, 0, 0, 0, 0, 0, 0, 0, 0, 0, 0, 0, 0, 0, 0, 0, 0, 0, 0, 0, 0, 0, 0, 0, 0, 0, 0, 0, 0, 0, 0, 0, 0, 0, 0, 0, 0, 0, 0, 0, 0, 0, 0, 0, 0, 0, 0, 0, 0, 0, 0, 0, 0, 0, 0, 0, 0, 0, 0, 0, 0, 0, 0, 0, 0, 0, 0, 0, 0, 0, 0, 0, 0, 0, 0, 0, 0, 0, 0, 0, 0, 0, 0, 0, 0, 0, 0, 0, 0, 0, 0, 0, 0, 0, 0, 0, 0, 0, 0, 0, 0, 0, 0, 0, 0, 0, 0, 0, 0, 0, 0, 0, 0, 0, 0, 0, 0, 0, 0, 0, 0, 0, 0, 0, 0, 0, 0, 0, 0, 0, 0, 0, 0, 0, 0, 0, 0, 0, 0, 0, 0, 0, 0, 0, 0, 0, 0, 0, 0, 0, 0, 0, 0, 0, 0, 0, 0, 0, 0, 0, 0, 0, 0, 0, 0, 0, 0, 0, 0, 0, 0, 0, 0, 0, 0, 0, 0, 0, 0, 0, 0, 0, 0, 0, 0, 0, 0, 0, 0, 0, 0, 0, 0, 0, 0, 0, 0, 0, 0, 0, 0, 0, 0, 0, 0, 0, 0, 0, 0, 0, 0, 0, 0, 0, 0, 0, 0, 0, 0, 0, 0, 0, 0, 0, 0, 0, 0, 0, 0, 0, 0, 0, 0, 0, 0, 0, 0, 0, 0, 0, 0, 0, 0, 0, 0, 0, 0, 0, 0, 0, 0, 0, 0, 0, 0, 0, 0, 0, 0, 0, 0, 0, 0, 0, 0, 0, 0, 0, 0, 0, 0, 0, 0, 0, 0, 0, 0, 0, 0, 0, 0, 0, 0, 0, 0, 0, 0, 0, 0, 0, 0, 0, 0, 0, 0, 0, 0, 0, 0, 0, 0, 0, 0, 0, 0, 0, 0, 0, 0, 0, 0, 0, 0, 0, 0, 0, 0, 0, 0, 0, 0]",0.0,"[0.0, 0.0, 0.0, 0.0, 0.0, 0.0, 0.0, 0.0, 0.0, 0.0, 0.0, 0.0, 0.0, 0.0, 0.0, 0.0, 0.0, 0.0, 0.0, 0.0, 0.0, 0.0, 0.0, 0.0, 0.0, 0.0, 0.0, 0.0, 0.0, 0.0, 0.0, 0.0, 0.0, 0.0, 0.0, 0.0, 0.0, 0.0, 0.0, 0.0, 0.0, 0.0, 0.0, 0.0, 0.0, 0.0, 0.0, 0.0, 0.0, 0.0, 0.0, 0.0, 0.0, 0.0, 0.0, 0.0, 0.0, 0.0, 0.0, 0.0, 0.0, 0.0, 0.0, 0.0, 0.0, 0.0, 0.0, 0.0, 0.0, 0.0, 0.0, 0.0, 0.0, 0.0, 0.0, 0.0, 0.0, 0.0, 0.0, 0.0, 0.0, 0.0, 0.0, 0.0, 0.0, 0.0, 0.0, 0.0, 0.0, 0.0, 0.0, 0.0, 0.0, 0.0, 0.0, 0.0, 0.0, 0.0, 0.0, 0.0, 0.0, 0.0, 0.0, 0.0, 0.0, 0.0, 0.0, 0.0, 0.0, 0.0, 0.0, 0.0, 0.0, 0.0, 0.0, 0.0, 0.0, 0.0, 0.0, 0.0, 0.0, 0.0, 0.0, 0.0, 0.0, 0.0, 0.0, 0.0, 0.0, 0.0, 0.0, 0.0, 0.0, 0.0, 0.0, 0.0, 0.0, 0.0, 0.0, 0.0, 0.0, 0.0, 0.0, 0.0, 0.0, 0.0, 0.0, 0.0, 0.0, 0.0, 0.0, 0.0, 0.0, 0.0, 0.0, 0.0, 0.0, 0.0, 0.0, 0.0, 0.0, 0.0, 0.0, 0.0, 0.0, 0.0, 0.0, 0.0, 0.0, 0.0, 0.0, 0.0, 0.0, 0.0, 0.0, 0.0, 0.0, 0.0, 0.0, 0.0, 0.0, 0.0, 0.0, 0.0, 0.0, 0.0, 0.0, 0.0, 0.0, 0.0, 0.0, 0.0, 0.0, 0.0, 0.0, 0.0, 0.0, 0.0, 0.0, 0.0, 0.0, 0.0, 0.0, 0.0, 0.0, 0.0, 0.0, 0.0, 0.0, 0.0, 0.0, 0.0, 0.0, 0.0, 0.0, 0.0, 0.0, 0.0, 0.0, 0.0, 0.0, 0.0, 0.0, 0.0, 0.0, 0.0, 0.0, 0.0, 0.0, 0.0, 0.0, 0.0, 0.0, 0.0, 0.0, 0.0, 0.0, 0.0, 0.0, 0.0, 0.0, 0.0, 0.0, 0.0, 0.0, 0.0, 0.0, 0.0, 0.0, 0.0, 0.0, 0.0, 0.0, 0.0, 0.0, 0.0, 0.0, 0.0, 0.0, 0.0, 0.0, 0.0, 0.0, 0.0, 0.0, 0.0, 0.0, 0.0, 0.0, 0.0, 0.0, 0.0, 0.0, 0.0, 0.0, 0.0, 0.0, 0.0, 0.0, 0.0, 0.0, 0.0, 0.0, 0.0, 0.0, 0.0, 0.0, 0.0, 0.0, 0.0, 0.0, 0.0, 0.0, 0.0, 0.0, 0.0, 0.0, 0.0, 0.0, 0.0, 0.0, 0.0, 0.0, 0.0, 0.0, 0.0, 0.0, 0.0, 0.0, 0.0, 0.0, 0.0, 0.0, 0.0, 0.0, 0.0, 0.0, 0.0, 0.0, 0.0, 0.0, 0.0, 0.0, 0.0, 0.0, 0.0, 0.0, 0.0, 0.0, 0.0, 0.0, 0.0, 0.0, 0.0, 0.0, 0.0, 0.0, 0.0, 0.0, 0.0, 0.0, 0.0, 0.0, 0.0, 0.0, 0.0, 0.0, 0.0, 0.0, 0.0, 0.0, 0.0, 0.0, 0.0, 0.0, 0.0, 0.0, 0.0, 0.0, 0.0, 0.0, 0.0, 0.0, 0.0, 0.0, 0.0, 0.0, 0.0, 0.0, 0.0, 0.0, 0.0, 0.0, 0.0, 0.0, 0.0, 0.0, 0.0, 0.0, 0.0, 0.0, 0.0, 0.0, 0.0, 0.0, 0.0, 0.0, 0.0, 0.0, 0.0, 0.0, 0.0, 0.0, 0.0, 0.0, 0.0, 0.0, 0.0, 0.0, 0.0, 0.0, 0.0, 0.0, 0.0, 0.0, 0.0, 0.0, 0.0, 0.0, 0.0, 0.0, 0.0, 0.0, 0.0, 0.0, 0.0, 0.0, 0.0, 0.0, 0.0, 0.0, 0.0, 0.0, 0.0, 0.0, 0.0, 0.0, 0.0, 0.0, 0.0, 0.0, 0.0, 0.0, 0.0, 0.0, 0.0, 0.0, 0.0, 0.0, 0.0, 0.0, 0.0, 0.0, 0.0, 0.0, 0.0, 0.0, 0.0, 0.0, 0.0, 0.0, 0.0, 0.0, 0.0, 0.0, 0.0, 0.0, 0.0, 0.0, 0.0, 0.0, 0.0, 0.0, 0.0, 0.0, 0.0, 0.0, 0.0, 0.0, 0.0, 0.0, 0.0, 0.0, 0.0, 0.0]",0.5,0.5,0,"[0, 0, 0, 0, 0, 0, 0, 0, 0, 0, 0, 0, 0, 0, 0, 0, 0, 0, 0, 0, 0, 0, 0, 0, 0, 0, 0, 0, 0, 0, 0, 0, 0, 0, 0, 0, 0, 0, 0, 0, 0, 0, 0, 0, 0, 0, 0, 0, 0, 0, 0, 0, 0, 0, 0, 0, 0, 0, 0, 0, 0, 0, 0, 0, 0, 0, 0, 0, 0, 0, 0, 0, 0, 0, 0, 0, 0, 0, 0, 0, 0, 0, 0, 0, 0, 0, 0, 0, 0, 0, 0, 0, 0, 0, 0, 0, 0, 0, 0, 0, 0, 0, 0, 0, 0, 0, 0, 0, 0, 0, 0, 0, 0, 0, 0, 0, 0, 0, 0, 0, 0, 0, 0, 0, 0, 0, 0, 0, 0, 0, 0, 0, 0, 0, 0, 0, 0, 0, 0, 0, 0, 0, 0, 0, 0, 0, 0, 0, 0, 0, 0, 0, 0, 0, 0, 0, 0, 0, 0, 0, 0, 0, 0, 0, 0, 0, 0, 0, 0, 0, 0, 0, 0, 0, 0, 0, 0, 0, 0, 0, 0, 0, 0, 0, 0, 0, 0, 0, 0, 0, 0, 0, 0, 0, 0, 0, 0, 0, 0, 0, 0, 0, 0, 0, 0, 0, 0, 0, 0, 0, 0, 0, 0, 0, 0, 0, 0, 0, 0, 0, 0, 0, 0, 0, 0, 0, 0, 0, 0, 0, 0, 0, 0, 0, 0, 0, 0, 0, 0, 0, 0, 0, 0, 0, 0, 0, 0, 0, 0, 0, 0, 0, 0, 0, 0, 0, 0, 0, 0, 0, 0, 0, 0, 0, 0, 0, 0, 0, 0, 0, 0, 0, 0, 0, 0, 0, 0, 0, 0, 0, 0, 0, 0, 0, 0, 0, 0, 0, 0, 0, 0, 0, 0, 0, 0, 0, 0, 0, 0, 0, 0, 0, 0, 0, 0, 0, 0, 0, 0, 0, 0, 0, 0, 0, 0, 0, 0, 0, 0, 0, 0, 0, 0, 0, 0, 0, 0, 0, 0, 0, 0, 0, 0, 0, 0, 0, 0, 0, 0, 0, 0, 0, 0, 0, 0, 0, 0, 0, 0, 0, 0, 0, 0, 0, 0, 0, 0, 0, 0, 0, 0, 0, 0, 0, 0, 0, 0, 0, 0, 0, 0, 0, 0, 0, 0, 0, 0, 0, 0, 0, 0, 0, 0, 0, 0, 0, 0, 0, 0, 0, 0, 0, 0, 0, 0, 0, 0, 0, 0, 0, 0, 0, 0, 0, 0, 0, 0, 0, 0, 0, 0, 0, 0, 0, 0, 0, 0, 0, 0, 0, 0, 0, 0, 0, 0, 0, 0, 0, 0, 0, 0, 0, 0, 0, 0, 0, 0, 0, 0, 0, 0, 0, 0, 0, 0, 0, 0, 0, 0, 0, 0, 0, 0, 0, 0, 0, 0, 0, 0, 0, 0, 0, 0, 0, 0, 0, 0, 0, 0, 0, 0, 0, 0, 0, 0]",475,"[0.409386545419693, 0.40786048769950867, 0.41015076637268066, 0.4111716151237488, 0.4072262942790985, 0.4072261452674866, 0.41304436326026917, 0.4098779261112213, 0.4104045629501343, 0.4079403281211853, 0.4154217839241028, 0.41658589243888855, 0.40936988592147827, 0.4075598418712616, 0.407379150390625, 0.4094548523426056, 0.407228022813797, 0.40745821595191956, 0.4082440137863159, 0.40841424465179443, 0.4105023145675659, 0.4095982015132904, 0.41460055112838745, 0.4147607088088989, 0.4079780578613281, 0.407810240983963, 0.4075242877006531, 0.4085545241832733, 0.40748274326324463, 0.40832605957984924, 0.4072732627391815, 0.41106754541397095, 0.40722692012786865, 0.41515353322029114, 0.4098946750164032, 0.4075058102607727, 0.40948840975761414, 0.4083799123764038, 0.40796616673469543, 0.4075171649456024, 0.4173128604888916, 0.4099459946155548, 0.4078666567802429, 0.40726375579833984, 0.4072912633419037, 0.4115332365036011, 0.4093894064426422, 0.4074341952800751, 0.4077082574367523, 0.40742629766464233, 0.40739452838897705, 0.4078792631626129, 0.40729930996894836, 0.41369739174842834, 0.4136822521686554, 0.41130560636520386, 0.40725135803222656, 0.4110110402107239, 0.40899044275283813, 0.41689571738243103, 0.4086860418319702, 0.4072302579879761, 0.4122459888458252, 0.40737080574035645, 0.4073140025138855, 0.4074852764606476, 0.4143187999725342, 0.4072273373603821, 0.40994125604629517, 0.40868133306503296, 0.4083387851715088, 0.4077966809272766, 0.4094823896884918, 0.41022807359695435, 0.4096052050590515, 0.4190848469734192, 0.40730607509613037, 0.42204922437667847, 0.4154082238674164, 0.41280341148376465, 0.4076622724533081, 0.4072748124599457, 0.4082399606704712, 0.4078822433948517, 0.4072396457195282, 0.4072318375110626, 0.4079195261001587, 0.41069918870925903, 0.41207391023635864, 0.41020023822784424, 0.4089025557041168, 0.40752002596855164, 0.40727561712265015, 0.40724000334739685, 0.40829983353614807, 0.4113922119140625, 0.4136006534099579, 0.40730369091033936, 0.4135216176509857, 0.40805724263191223, 0.4087648093700409, 0.40734776854515076, 0.41951653361320496, 0.4076319634914398, 0.4111137092113495, 0.4078037738800049, 0.40723660588264465, 0.4092480540275574, 0.40819063782691956, 0.4075462818145752, 0.4081788659095764, 0.40741172432899475, 0.4208441972732544, 0.40757209062576294, 0.40828853845596313, 0.40734970569610596, 0.40739235281944275, 0.4078187644481659, 0.40833961963653564, 0.4083736836910248, 0.40808165073394775, 0.4107699692249298, 0.40740829706192017, 0.4096408784389496, 0.40860235691070557, 0.4073103368282318, 0.4097321331501007, 0.4074508249759674, 0.40857696533203125, 0.40875327587127686, 0.40788909792900085, 0.4086448550224304, 0.40791088342666626, 0.4101932644844055, 0.40807202458381653, 0.4099372923374176, 0.4075773358345032, 0.40822407603263855, 0.4074760377407074, 0.4096187353134155, 0.4072433412075043, 0.40731483697891235, 0.4136010408401489, 0.4103415608406067, 0.40741798281669617, 0.40749743580818176, 0.40890830755233765, 0.418485552072525, 0.4093874394893646, 0.4075411856174469, 0.4073212742805481, 0.4146735370159149, 0.40734681487083435, 0.40899696946144104, 0.40725177526474, 0.40821924805641174, 0.4072647988796234, 0.4092937707901001, 0.4072311520576477, 0.4150983393192291, 0.4072589576244354, 0.4181361496448517, 0.41032883524894714, 0.4137747585773468, 0.4088430404663086, 0.4078069031238556, 0.42303386330604553, 0.40731972455978394, 0.40991833806037903, 0.4074002802371979, 0.4088732898235321, 0.42386600375175476, 0.4079499840736389, 0.40857818722724915, 0.40879204869270325, 0.40758591890335083, 0.4123024344444275, 0.40732598304748535, 0.40747401118278503, 0.4074735641479492, 0.4086175262928009, 0.4072553217411041, 0.4072481393814087, 0.4112997055053711, 0.4088355600833893, 0.4076767861843109, 0.41342833638191223, 0.41374480724334717, 0.4073008596897125, 0.40724536776542664, 0.41268160939216614, 0.4102310240268707, 0.40786418318748474, 0.4072732925415039, 0.4082416296005249, 0.4175056517124176, 0.4085487723350525, 0.40728771686553955, 0.4074573218822479, 0.4082738757133484, 0.40760377049446106, 0.40911006927490234, 0.4073287844657898, 0.4171721339225769, 0.4081115424633026, 0.42511603236198425, 0.4152330160140991, 0.4089231491088867, 0.4072280526161194, 0.4142664670944214, 0.40743526816368103, 0.4073582589626312, 0.40729713439941406, 0.41000357270240784, 0.4080016613006592, 0.40868744254112244, 0.4077814519405365, 0.41538548469543457, 0.41029098629951477, 0.4083569347858429, 0.409267783164978, 0.4121271073818207, 0.4078088700771332, 0.41077888011932373, 0.40764614939689636, 0.40923434495925903, 0.4124871790409088, 0.4172491729259491, 0.40815022587776184, 0.4078225791454315, 0.40910470485687256, 0.40878430008888245, 0.4076087176799774, 0.4101071059703827, 0.4097902774810791, 0.40822625160217285, 0.4076354205608368, 0.41150158643722534, 0.4105398952960968, 0.41097623109817505, 0.4096415638923645, 0.4077349901199341, 0.41368699073791504, 0.40790873765945435, 0.4073835611343384, 0.41393986344337463, 0.4120950400829315, 0.4082105755805969, 0.40940701961517334, 0.412456750869751, 0.4114784300327301, 0.4091796576976776, 0.41197314858436584, 0.41098853945732117, 0.41120511293411255, 0.4078282415866852, 0.40767166018486023, 0.40845587849617004, 0.41586968302726746, 0.4075598418712616, 0.40866097807884216, 0.4072912335395813, 0.40889957547187805, 0.41211768984794617, 0.4073396623134613, 0.40807533264160156, 0.4072701930999756, 0.4088224470615387, 0.4087159335613251, 0.4080735445022583, 0.4072567820549011, 0.41109299659729004, 0.40736058354377747, 0.4087776243686676, 0.40743428468704224, 0.40768638253211975, 0.4102939963340759, 0.4073983132839203, 0.4088784158229828, 0.4072312116622925, 0.4094010889530182, 0.408014714717865, 0.40856167674064636, 0.40734371542930603, 0.40723109245300293, 0.4078090786933899, 0.4119504690170288, 0.4076520502567291, 0.4072553515434265, 0.41508182883262634, 0.4084218740463257, 0.40786921977996826, 0.40965068340301514, 0.4072897434234619, 0.4073905050754547, 0.4081887900829315, 0.41401222348213196, 0.4280533194541931, 0.4106844961643219, 0.4073448181152344, 0.4095059335231781, 0.4072294235229492, 0.40829411149024963, 0.41014230251312256, 0.4117113947868347, 0.4106261134147644, 0.4107987582683563, 0.42016735672950745, 0.407553106546402, 0.4072287082672119, 0.4118533730506897, 0.4134291112422943, 0.40872010588645935, 0.4161592721939087, 0.40742096304893494, 0.40906602144241333, 0.41249483823776245, 0.4072338044643402, 0.4175293445587158, 0.40725502371788025, 0.4215627908706665, 0.40766310691833496, 0.40794527530670166, 0.4080561399459839, 0.4080086052417755, 0.408321350812912, 0.41591209173202515, 0.4081576466560364, 0.4097607433795929, 0.40978991985321045, 0.4074336886405945, 0.4083690941333771, 0.4072533845901489, 0.407624751329422, 0.40897122025489807, 0.40733271837234497, 0.4072600305080414, 0.407342791557312, 0.40732890367507935, 0.40726879239082336, 0.4090332090854645, 0.4109860956668854, 0.4074209928512573, 0.40737926959991455, 0.4074556231498718, 0.40960702300071716, 0.4086277484893799, 0.40737488865852356, 0.4072447121143341, 0.407257080078125, 0.40788376331329346, 0.4084599018096924, 0.4168269634246826, 0.4090496897697449, 0.40860337018966675, 0.412179172039032, 0.40722617506980896, 0.4132532775402069, 0.4116407036781311, 0.408029705286026, 0.4134123623371124, 0.41205063462257385, 0.4102413058280945, 0.41501083970069885, 0.40777087211608887, 0.40835779905319214, 0.4078059494495392, 0.41046226024627686, 0.41211172938346863, 0.410586953163147, 0.4080767035484314, 0.4093362092971802, 0.40800461173057556, 0.407561331987381, 0.4092574417591095, 0.4079453647136688, 0.4072295129299164, 0.4075010418891907, 0.4072470963001251, 0.40725651383399963, 0.41375160217285156, 0.4079258441925049, 0.408915638923645, 0.40723323822021484, 0.4088306427001953, 0.42124828696250916, 0.40757298469543457, 0.4088611304759979, 0.4101462662220001, 0.40810465812683105, 0.4077712595462799, 0.4091346859931946, 0.40779900550842285, 0.40731796622276306, 0.41047629714012146, 0.4073246717453003, 0.40911829471588135, 0.4141320288181305, 0.4078181982040405, 0.40842124819755554, 0.40989384055137634, 0.40771904587745667, 0.41261643171310425, 0.41068920493125916, 0.40811458230018616, 0.4079115390777588, 0.40722641348838806, 0.4072417914867401, 0.4111076593399048, 0.4272231161594391, 0.4098755717277527, 0.4106794595718384, 0.4072452783584595, 0.40968799591064453, 0.407256156206131, 0.41336697340011597, 0.41798752546310425, 0.4079646170139313, 0.41040995717048645, 0.4076215624809265, 0.4072379767894745, 0.40876296162605286, 0.40755409002304077, 0.40807971358299255, 0.41025981307029724, 0.4075641334056854, 0.42095187306404114, 0.40767890214920044, 0.41461145877838135, 0.4072265625, 0.40805044770240784, 0.4115102291107178, 0.40835192799568176, 0.4104539453983307, 0.40973687171936035, 0.40747201442718506, 0.4189445972442627, 0.40763404965400696, 0.408687025308609, 0.4096260368824005, 0.41163158416748047, 0.407487690448761, 0.4086519181728363, 0.4086819589138031, 0.4079306721687317, 0.40804949402809143, 0.40729957818984985, 0.41137969493865967, 0.41087600588798523, 0.40867283940315247, 0.4178563952445984, 0.40896275639533997, 0.4097777307033539, 0.40795204043388367, 0.4113067388534546, 0.40808019042015076, 0.4128921627998352, 0.40752169489860535, 0.4265199601650238, 0.40739479660987854, 0.4110322892665863, 0.4072808027267456, 0.4074333608150482, 0.415432333946228, 0.40757378935813904, 0.4083494246006012, 0.40980374813079834, 0.41100528836250305, 0.4078836739063263, 0.4073460102081299, 0.40804535150527954, 0.4075476825237274, 0.40976378321647644, 0.41843798756599426, 0.40722620487213135]",0.0,"[0.0, 0.0, 0.0, 0.0, 0.0, 0.0, 0.0, 0.0, 0.0, 0.0, 0.0, 0.0, 0.0, 0.0, 0.0, 0.0, 0.0, 0.0, 0.0, 0.0, 0.0, 0.0, 0.0, 0.0, 0.0, 0.0, 0.0, 0.0, 0.0, 0.0, 0.0, 0.0, 0.0, 0.0, 0.0, 0.0, 0.0, 0.0, 0.0, 0.0, 0.0, 0.0, 0.0, 0.0, 0.0, 0.0, 0.0, 0.0, 0.0, 0.0, 0.0, 0.0, 0.0, 0.0, 0.0, 0.0, 0.0, 0.0, 0.0, 0.0, 0.0, 0.0, 0.0, 0.0, 0.0, 0.0, 0.0, 0.0, 0.0, 0.0, 0.0, 0.0, 0.0, 0.0, 0.0, 0.0, 0.0, 0.0, 0.0, 0.0, 0.0, 0.0, 0.0, 0.0, 0.0, 0.0, 0.0, 0.0, 0.0, 0.0, 0.0, 0.0, 0.0, 0.0, 0.0, 0.0, 0.0, 0.0, 0.0, 0.0, 0.0, 0.0, 0.0, 0.0, 0.0, 0.0, 0.0, 0.0, 0.0, 0.0, 0.0, 0.0, 0.0, 0.0, 0.0, 0.0, 0.0, 0.0, 0.0, 0.0, 0.0, 0.0, 0.0, 0.0, 0.0, 0.0, 0.0, 0.0, 0.0, 0.0, 0.0, 0.0, 0.0, 0.0, 0.0, 0.0, 0.0, 0.0, 0.0, 0.0, 0.0, 0.0, 0.0, 0.0, 0.0, 0.0, 0.0, 0.0, 0.0, 0.0, 0.0, 0.0, 0.0, 0.0, 0.0, 0.0, 0.0, 0.0, 0.0, 0.0, 0.0, 0.0, 0.0, 0.0, 0.0, 0.0, 0.0, 0.0, 0.0, 0.0, 0.0, 0.0, 0.0, 0.0, 0.0, 0.0, 0.0, 0.0, 0.0, 0.0, 0.0, 0.0, 0.0, 0.0, 0.0, 0.0, 0.0, 0.0, 0.0, 0.0, 0.0, 0.0, 0.0, 0.0, 0.0, 0.0, 0.0, 0.0, 0.0, 0.0, 0.0, 0.0, 0.0, 0.0, 0.0, 0.0, 0.0, 0.0, 0.0, 0.0, 0.0, 0.0, 0.0, 0.0, 0.0, 0.0, 0.0, 0.0, 0.0, 0.0, 0.0, 0.0, 0.0, 0.0, 0.0, 0.0, 0.0, 0.0, 0.0, 0.0, 0.0, 0.0, 0.0, 0.0, 0.0, 0.0, 0.0, 0.0, 0.0, 0.0, 0.0, 0.0, 0.0, 0.0, 0.0, 0.0, 0.0, 0.0, 0.0, 0.0, 0.0, 0.0, 0.0, 0.0, 0.0, 0.0, 0.0, 0.0, 0.0, 0.0, 0.0, 0.0, 0.0, 0.0, 0.0, 0.0, 0.0, 0.0, 0.0, 0.0, 0.0, 0.0, 0.0, 0.0, 0.0, 0.0, 0.0, 0.0, 0.0, 0.0, 0.0, 0.0, 0.0, 0.0, 0.0, 0.0, 0.0, 0.0, 0.0, 0.0, 0.0, 0.0, 0.0, 0.0, 0.0, 0.0, 0.0, 0.0, 0.0, 0.0, 0.0, 0.0, 0.0, 0.0, 0.0, 0.0, 0.0, 0.0, 0.0, 0.0, 0.0, 0.0, 0.0, 0.0, 0.0, 0.0, 0.0, 0.0, 0.0, 0.0, 0.0, 0.0, 0.0, 0.0, 0.0, 0.0, 0.0, 0.0, 0.0, 0.0, 0.0, 0.0, 0.0, 0.0, 0.0, 0.0, 0.0, 0.0, 0.0, 0.0, 0.0, 0.0, 0.0, 0.0, 0.0, 0.0, 0.0, 0.0, 0.0, 0.0, 0.0, 0.0, 0.0, 0.0, 0.0, 0.0, 0.0, 0.0, 0.0, 0.0, 0.0, 0.0, 0.0, 0.0, 0.0, 0.0, 0.0, 0.0, 0.0, 0.0, 0.0, 0.0, 0.0, 0.0, 0.0, 0.0, 0.0, 0.0, 0.0, 0.0, 0.0, 0.0, 0.0, 0.0, 0.0, 0.0, 0.0, 0.0, 0.0, 0.0, 0.0, 0.0, 0.0, 0.0, 0.0, 0.0, 0.0, 0.0, 0.0, 0.0, 0.0, 0.0, 0.0, 0.0, 0.0, 0.0, 0.0, 0.0, 0.0, 0.0, 0.0, 0.0, 0.0, 0.0, 0.0, 0.0, 0.0, 0.0, 0.0, 0.0, 0.0, 0.0, 0.0, 0.0, 0.0, 0.0, 0.0, 0.0, 0.0, 0.0, 0.0, 0.0, 0.0, 0.0, 0.0, 0.0, 0.0, 0.0, 0.0, 0.0, 0.0, 0.0, 0.0, 0.0, 0.0, 0.0, 0.0, 0.0, 0.0, 0.0, 0.0, 0.0, 0.0, 0.0, 0.0, 0.0, 0.0, 0.0, 0.0, 0.0, 0.0, 0.0, 0.0, 0.0, 0.0, 0.0, 0.0, 0.0, 0.0, 0.0, 0.0, 0.0, 0.0, 0.0, 0.0]",COMPLETE
