,number,value,datetime_start,datetime_complete,duration,params_batch_size_scaler,params_constant_learning_rate,params_depth,params_epochs,params_kernel_l2,params_num_trees,params_temperature,user_attrs_accuracy_test,user_attrs_accuracy_valid,user_attrs_approximate_feature_sparsity,user_attrs_approximate_feature_sparsity_history,user_attrs_approximate_weight_sparsity,user_attrs_approximate_weight_sparsity_history,user_attrs_auc_test,user_attrs_auc_valid,user_attrs_feature_sparsity,user_attrs_feature_sparsity_history,user_attrs_num_epochs,user_attrs_val_loss_history,user_attrs_weight_sparsity,user_attrs_weight_sparsity_history,state
9,9,0.7980832399428063,2024-08-31 00:50:40.399735,2024-08-31 00:50:56.241547,0 days 00:00:15.841812,64,0.11242311968217274,3,200,0.07191008132891576,19,0.0020431435257853518,0.887,0.885,33,"[33, 33, 33, 33, 33, 33, 33, 33, 33, 33, 33, 33, 33, 33, 33, 33, 33, 33, 33, 33, 33, 33, 33, 33, 33, 33, 33, 33, 33, 33, 33, 33, 33, 33, 33, 33, 33, 33, 33, 33, 33, 33, 33, 33, 33, 33, 33, 33, 33, 33, 33, 33, 33, 33, 33, 33, 33, 33, 33, 33, 33, 33, 33, 33, 33, 33, 33, 33, 33, 33, 33, 33, 33, 33, 33, 33, 33, 33, 33, 33, 33, 33, 33, 33, 33, 33, 33, 33, 33, 33, 33, 33, 33, 33, 33, 33, 33, 33, 33, 33, 33, 33, 33, 33, 33, 33, 33, 33, 33, 33, 33, 33, 33, 33, 33, 33, 33, 33, 33, 33, 33, 33, 33, 33, 33, 33, 33, 33, 33, 33, 33, 33, 33, 33, 33, 33, 33, 33, 33, 33, 33, 33, 33, 33, 33, 33, 33, 33, 33, 33, 33, 33, 33, 33, 33, 33, 33, 33, 33, 33, 33, 33, 33, 33, 33, 33, 33, 33, 33, 33, 33, 33, 33, 33, 33, 33, 33, 33, 33, 33, 33, 33, 33, 33, 33, 33, 33, 33, 33, 33, 33, 33, 33, 33, 33, 33, 33, 33, 33, 33]",32.954887218045116,"[32.992481203007515, 33.0, 32.992481203007515, 32.984962406015036, 33.0, 32.992481203007515, 32.992481203007515, 32.992481203007515, 32.96992481203007, 32.96992481203007, 32.984962406015036, 32.97744360902256, 32.984962406015036, 32.992481203007515, 32.97744360902256, 32.984962406015036, 32.97744360902256, 33.0, 32.992481203007515, 32.992481203007515, 33.0, 32.992481203007515, 33.0, 32.96992481203008, 32.97744360902256, 32.96992481203007, 32.984962406015036, 32.97744360902256, 32.984962406015036, 32.97744360902256, 32.984962406015036, 32.97744360902256, 32.96992481203008, 32.96992481203008, 33.0, 32.984962406015036, 32.992481203007515, 32.992481203007515, 32.984962406015036, 32.97744360902256, 32.96992481203007, 32.97744360902256, 32.97744360902256, 32.97744360902256, 32.984962406015036, 32.962406015037594, 32.97744360902256, 32.96992481203007, 32.984962406015036, 32.984962406015036, 32.992481203007515, 32.97744360902256, 32.992481203007515, 32.962406015037594, 32.96992481203008, 32.96992481203007, 32.96992481203007, 32.97744360902256, 32.992481203007515, 32.984962406015036, 32.992481203007515, 32.984962406015036, 32.96992481203007, 32.97744360902256, 32.984962406015036, 32.992481203007515, 33.0, 33.0, 32.984962406015036, 33.0, 33.0, 32.992481203007515, 32.984962406015036, 32.984962406015036, 32.992481203007515, 32.97744360902256, 32.984962406015036, 32.992481203007515, 32.992481203007515, 32.992481203007515, 32.97744360902256, 32.97744360902256, 32.992481203007515, 32.992481203007515, 32.992481203007515, 32.96992481203007, 32.97744360902256, 32.97744360902256, 32.962406015037594, 32.96992481203007, 33.0, 32.96992481203007, 32.97744360902256, 32.96992481203007, 32.97744360902256, 32.96992481203007, 32.97744360902256, 32.992481203007515, 32.992481203007515, 33.0, 32.992481203007515, 32.992481203007515, 32.96992481203007, 32.97744360902256, 32.97744360902256, 32.984962406015036, 32.984962406015036, 32.97744360902256, 32.984962406015036, 32.992481203007515, 32.97744360902256, 32.984962406015036, 32.992481203007515, 32.992481203007515, 32.992481203007515, 32.96992481203007, 32.992481203007515, 33.0, 32.984962406015036, 32.992481203007515, 32.96992481203007, 32.97744360902256, 32.992481203007515, 32.992481203007515, 32.984962406015036, 32.984962406015036, 32.984962406015036, 32.984962406015036, 32.97744360902256, 32.992481203007515, 33.0, 32.97744360902256, 32.984962406015036, 33.0, 32.992481203007515, 32.984962406015036, 33.0, 33.0, 33.0, 33.0, 32.984962406015036, 32.984962406015036, 32.992481203007515, 33.0, 32.992481203007515, 32.992481203007515, 32.984962406015036, 33.0, 32.97744360902256, 32.992481203007515, 32.984962406015036, 32.96992481203007, 32.97744360902256, 32.984962406015036, 32.962406015037594, 32.962406015037594, 32.962406015037594, 32.984962406015036, 32.97744360902256, 32.97744360902256, 32.97744360902256, 33.0, 32.992481203007515, 32.984962406015036, 33.0, 33.0, 32.984962406015036, 32.992481203007515, 32.992481203007515, 32.992481203007515, 32.992481203007515, 32.984962406015036, 32.984962406015036, 32.984962406015036, 32.984962406015036, 32.992481203007515, 32.992481203007515, 32.984962406015036, 32.97744360902256, 32.984962406015036, 32.97744360902256, 32.984962406015036, 32.984962406015036, 32.984962406015036, 32.992481203007515, 32.962406015037594, 32.992481203007515, 32.984962406015036, 32.992481203007515, 32.984962406015036, 32.984962406015036, 32.984962406015036, 32.97744360902256, 32.984962406015036, 33.0, 33.0, 33.0, 32.992481203007515, 32.992481203007515, 32.954887218045116]",0.8160982174555602,0.7980832399428063,33,"[33, 33, 33, 33, 33, 33, 33, 33, 33, 33, 33, 33, 33, 33, 33, 33, 33, 33, 33, 33, 33, 33, 33, 33, 33, 33, 33, 33, 33, 33, 33, 33, 33, 33, 33, 33, 33, 33, 33, 33, 33, 33, 33, 33, 33, 33, 33, 33, 33, 33, 33, 33, 33, 33, 33, 33, 33, 33, 33, 33, 33, 33, 33, 33, 33, 33, 33, 33, 33, 33, 33, 33, 33, 33, 33, 33, 33, 33, 33, 33, 33, 33, 33, 33, 33, 33, 33, 33, 33, 33, 33, 33, 33, 33, 33, 33, 33, 33, 33, 33, 33, 33, 33, 33, 33, 33, 33, 33, 33, 33, 33, 33, 33, 33, 33, 33, 33, 33, 33, 33, 33, 33, 33, 33, 33, 33, 33, 33, 33, 33, 33, 33, 33, 33, 33, 33, 33, 33, 33, 33, 33, 33, 33, 33, 33, 33, 33, 33, 33, 33, 33, 33, 33, 33, 33, 33, 33, 33, 33, 33, 33, 33, 33, 33, 33, 33, 33, 33, 33, 33, 33, 33, 33, 33, 33, 33, 33, 33, 33, 33, 33, 33, 33, 33, 33, 33, 33, 33, 33, 33, 33, 33, 33, 33, 33, 33, 33, 33, 33, 33]",200,"[0.4795842468738556, 0.44112569093704224, 0.42813754081726074, 0.42139410972595215, 0.4181152582168579, 0.4157896041870117, 0.41435879468917847, 0.41305360198020935, 0.4118802547454834, 0.41098153591156006, 0.4098922610282898, 0.4088801443576813, 0.40805289149284363, 0.4073796570301056, 0.40661802887916565, 0.4060617685317993, 0.4054360091686249, 0.4048570394515991, 0.40418997406959534, 0.40353184938430786, 0.40288498997688293, 0.4022342264652252, 0.4017361104488373, 0.4013294577598572, 0.4007773995399475, 0.4002506732940674, 0.39965933561325073, 0.3993254601955414, 0.39904993772506714, 0.39843618869781494, 0.398074746131897, 0.3975713849067688, 0.3971458375453949, 0.3967844843864441, 0.396407812833786, 0.39590880274772644, 0.39563196897506714, 0.3952767848968506, 0.3949240744113922, 0.3945178687572479, 0.39410001039505005, 0.39386242628097534, 0.3934958279132843, 0.3931245505809784, 0.3928684890270233, 0.39256295561790466, 0.39212167263031006, 0.39176785945892334, 0.39153680205345154, 0.39125457406044006, 0.39099109172821045, 0.39060524106025696, 0.3904851973056793, 0.3901245892047882, 0.3897972106933594, 0.38951483368873596, 0.38913291692733765, 0.3892000615596771, 0.3886167109012604, 0.3884141147136688, 0.38810235261917114, 0.3878364861011505, 0.38755476474761963, 0.3872416019439697, 0.3869716227054596, 0.38667547702789307, 0.3861529231071472, 0.3859882652759552, 0.3859238028526306, 0.38561344146728516, 0.38523849844932556, 0.3850725293159485, 0.38459813594818115, 0.38426655530929565, 0.3840253949165344, 0.38388001918792725, 0.3835254907608032, 0.3834308981895447, 0.38380640745162964, 0.383113831281662, 0.3828616440296173, 0.38277679681777954, 0.3823198676109314, 0.3818141520023346, 0.38137322664260864, 0.3810158669948578, 0.3808055520057678, 0.38022691011428833, 0.37989330291748047, 0.37958386540412903, 0.37941986322402954, 0.37919116020202637, 0.3789430260658264, 0.3785554766654968, 0.37825000286102295, 0.3781370222568512, 0.3777446448802948, 0.3774995505809784, 0.37730371952056885, 0.3770591616630554, 0.37674370408058167, 0.3765126168727875, 0.3761400878429413, 0.37568342685699463, 0.37549445033073425, 0.3752456605434418, 0.3746928870677948, 0.3745304346084595, 0.3742920756340027, 0.37419208884239197, 0.37384188175201416, 0.3733808994293213, 0.3729516565799713, 0.37274742126464844, 0.37243106961250305, 0.372101366519928, 0.3720618188381195, 0.3719181418418884, 0.37179747223854065, 0.37123772501945496, 0.3710149824619293, 0.3705863058567047, 0.37046346068382263, 0.3702997863292694, 0.3702479600906372, 0.37053996324539185, 0.36974766850471497, 0.3698377311229706, 0.3693975508213043, 0.36884456872940063, 0.36843881011009216, 0.36805903911590576, 0.36803099513053894, 0.36758509278297424, 0.3673752546310425, 0.367208331823349, 0.3668823540210724, 0.36658522486686707, 0.3662426471710205, 0.3657136559486389, 0.36547625064849854, 0.36522719264030457, 0.3648698925971985, 0.3645949959754944, 0.36446502804756165, 0.3640924096107483, 0.3638336658477783, 0.3637547194957733, 0.3634301424026489, 0.36308789253234863, 0.36272135376930237, 0.3624759912490845, 0.3619494140148163, 0.36155423521995544, 0.36126673221588135, 0.3609694540500641, 0.3608953058719635, 0.36064615845680237, 0.36051514744758606, 0.36028265953063965, 0.3600129187107086, 0.3599567413330078, 0.35979893803596497, 0.35945919156074524, 0.35929635167121887, 0.3587852716445923, 0.35847732424736023, 0.3583049774169922, 0.3578963577747345, 0.3574143648147583, 0.3569391667842865, 0.3566300570964813, 0.3564024865627289, 0.35568001866340637, 0.3552355170249939, 0.3549700677394867, 0.35445892810821533, 0.35406920313835144, 0.35392001271247864, 0.35385578870773315, 0.35353192687034607, 0.3529277443885803, 0.3526136875152588, 0.3523552715778351, 0.35216620564460754, 0.351884126663208, 0.3515372574329376, 0.35110437870025635, 0.3511870503425598, 0.35080015659332275, 0.35013824701309204, 0.3496266305446625, 0.3493676781654358, 0.34900134801864624, 0.3486316204071045, 0.348402738571167, 0.34790492057800293, 0.34736597537994385, 0.34710055589675903, 0.3469786047935486]",33.0,"[33.0, 33.0, 33.0, 33.0, 33.0, 33.0, 33.0, 33.0, 33.0, 33.0, 33.0, 33.0, 33.0, 33.0, 33.0, 33.0, 33.0, 33.0, 33.0, 33.0, 33.0, 33.0, 33.0, 33.0, 33.0, 33.0, 33.0, 33.0, 33.0, 33.0, 33.0, 33.0, 33.0, 33.0, 33.0, 33.0, 33.0, 33.0, 33.0, 33.0, 33.0, 33.0, 33.0, 33.0, 33.0, 33.0, 33.0, 33.0, 33.0, 33.0, 33.0, 33.0, 33.0, 33.0, 33.0, 33.0, 33.0, 33.0, 33.0, 33.0, 33.0, 33.0, 33.0, 33.0, 33.0, 33.0, 33.0, 33.0, 33.0, 33.0, 33.0, 33.0, 33.0, 33.0, 33.0, 33.0, 33.0, 33.0, 33.0, 33.0, 33.0, 33.0, 33.0, 33.0, 33.0, 33.0, 33.0, 33.0, 33.0, 33.0, 33.0, 33.0, 33.0, 33.0, 33.0, 33.0, 33.0, 33.0, 33.0, 33.0, 33.0, 33.0, 33.0, 33.0, 33.0, 33.0, 33.0, 33.0, 33.0, 33.0, 33.0, 33.0, 33.0, 33.0, 33.0, 33.0, 33.0, 33.0, 33.0, 33.0, 33.0, 33.0, 33.0, 33.0, 33.0, 33.0, 33.0, 33.0, 33.0, 33.0, 33.0, 33.0, 33.0, 33.0, 33.0, 33.0, 33.0, 33.0, 33.0, 33.0, 33.0, 33.0, 33.0, 33.0, 33.0, 33.0, 33.0, 33.0, 33.0, 33.0, 33.0, 33.0, 33.0, 33.0, 33.0, 33.0, 33.0, 33.0, 33.0, 33.0, 33.0, 33.0, 33.0, 33.0, 33.0, 33.0, 33.0, 33.0, 33.0, 33.0, 33.0, 33.0, 33.0, 33.0, 33.0, 33.0, 33.0, 33.0, 33.0, 33.0, 33.0, 33.0, 33.0, 33.0, 33.0, 33.0, 33.0, 33.0, 33.0, 33.0, 33.0, 33.0, 33.0, 33.0, 33.0, 33.0, 33.0, 33.0, 33.0, 33.0]",COMPLETE
