,number,value,datetime_start,datetime_complete,duration,params_batch_size_scaler,params_constant_learning_rate,params_depth,params_epochs,params_kernel_l2,params_num_trees,params_temperature,user_attrs_accuracy_test,user_attrs_accuracy_valid,user_attrs_approximate_feature_sparsity,user_attrs_approximate_feature_sparsity_history,user_attrs_approximate_weight_sparsity,user_attrs_approximate_weight_sparsity_history,user_attrs_auc_test,user_attrs_auc_valid,user_attrs_feature_sparsity,user_attrs_feature_sparsity_history,user_attrs_num_epochs,user_attrs_val_loss_history,user_attrs_weight_sparsity,user_attrs_weight_sparsity_history,state
136,136,0.5,2024-08-31 06:09:32.471302,2024-08-31 06:10:23.614212,0 days 00:00:51.142910,4,0.9323005916418942,2,390,0.4434744253152058,6,0.024098603334286834,0.859,0.85875,0,"[0, 0, 0, 0, 0, 0, 0, 0, 0, 0, 0, 0, 0, 0, 0, 0, 0, 0, 0, 0, 0, 0, 0, 0, 0, 0, 0, 0, 0, 0, 0, 0, 0, 0, 0, 0, 0, 0, 0, 0, 0, 0, 0, 0, 0, 0, 0, 0, 0, 0, 0, 0, 0, 0, 0, 0, 0, 0, 0, 0, 0, 0, 0, 0, 0, 0, 0, 0, 0, 0, 0, 0, 0, 0, 0, 0, 0, 0, 0, 0, 0, 0, 0, 0, 0, 0, 0, 0, 0, 0, 0, 0, 0, 0, 0, 0, 0, 0, 0, 0, 0, 0, 0, 0, 0, 0, 0, 0, 0, 0, 0, 0, 0, 0, 0, 0, 0, 0, 0, 0, 0, 0, 0, 0, 0, 0, 0, 0, 0, 0, 0, 0, 0, 0, 0, 0, 0, 0, 0, 0, 0, 0, 0, 0, 0, 0, 0, 0, 0, 0, 0, 0, 0, 0, 0, 0, 0, 0, 0, 0, 0, 0, 0, 0, 0, 0, 0, 0, 0, 0, 0, 0, 0, 0, 0, 0, 0, 0, 0, 0, 0, 0, 0, 0, 0, 0, 0, 0, 0, 0, 0, 0, 0, 0, 0, 0, 0, 0, 0, 0, 0, 0, 0, 0, 0, 0, 0, 0, 0, 0, 0, 0, 0, 0, 0, 0, 0, 0, 0, 0, 0, 0, 0, 0, 0, 0, 0, 0, 0, 0, 0, 0, 0, 0, 0, 0, 0, 0, 0, 0, 0, 0, 0, 0, 0, 0, 0, 0, 0, 0, 0, 0, 0, 0, 0, 0, 0, 0, 0, 0, 0, 0, 0, 0, 0, 0, 0, 0, 0, 0, 0, 0, 0, 0, 0, 0, 0, 0, 0, 0, 0, 0, 0, 0, 0, 0, 0, 0, 0, 0, 0, 0, 0, 0, 0, 0, 0, 0, 0, 0, 0, 0, 0, 0, 0, 0, 0, 0, 0, 0, 0, 0, 0, 0, 0, 0, 0, 0, 0, 0, 0, 0, 0, 0, 0, 0, 0, 0, 0, 0, 0, 0, 0, 0, 0, 0, 0, 0, 0, 0, 0, 0, 0, 0, 0, 0, 0, 0, 0, 0, 0, 0, 0, 0, 0, 0, 0, 0, 0, 0, 0, 0, 0, 0, 0, 0, 0, 0, 0, 0, 0, 0, 0, 0, 0, 0, 0, 0, 0, 0, 0, 0, 0, 0, 0, 0, 0, 0, 0, 0]",0.0,"[0.0, 0.0, 0.0, 0.0, 0.0, 0.0, 0.0, 0.0, 0.0, 0.0, 0.0, 0.0, 0.0, 0.0, 0.0, 0.0, 0.0, 0.0, 0.0, 0.0, 0.0, 0.0, 0.0, 0.0, 0.0, 0.0, 0.0, 0.0, 0.0, 0.0, 0.0, 0.0, 0.0, 0.0, 0.0, 0.0, 0.0, 0.0, 0.0, 0.0, 0.0, 0.0, 0.0, 0.0, 0.0, 0.0, 0.0, 0.0, 0.0, 0.0, 0.0, 0.0, 0.0, 0.0, 0.0, 0.0, 0.0, 0.0, 0.0, 0.0, 0.0, 0.0, 0.0, 0.0, 0.0, 0.0, 0.0, 0.0, 0.0, 0.0, 0.0, 0.0, 0.0, 0.0, 0.0, 0.0, 0.0, 0.0, 0.0, 0.0, 0.0, 0.0, 0.0, 0.0, 0.0, 0.0, 0.0, 0.0, 0.0, 0.0, 0.0, 0.0, 0.0, 0.0, 0.0, 0.0, 0.0, 0.0, 0.0, 0.0, 0.0, 0.0, 0.0, 0.0, 0.0, 0.0, 0.0, 0.0, 0.0, 0.0, 0.0, 0.0, 0.0, 0.0, 0.0, 0.0, 0.0, 0.0, 0.0, 0.0, 0.0, 0.0, 0.0, 0.0, 0.0, 0.0, 0.0, 0.0, 0.0, 0.0, 0.0, 0.0, 0.0, 0.0, 0.0, 0.0, 0.0, 0.0, 0.0, 0.0, 0.0, 0.0, 0.0, 0.0, 0.0, 0.0, 0.0, 0.0, 0.0, 0.0, 0.0, 0.0, 0.0, 0.0, 0.0, 0.0, 0.0, 0.0, 0.0, 0.0, 0.0, 0.0, 0.0, 0.0, 0.0, 0.0, 0.0, 0.0, 0.0, 0.0, 0.0, 0.0, 0.0, 0.0, 0.0, 0.0, 0.0, 0.0, 0.0, 0.0, 0.0, 0.0, 0.0, 0.0, 0.0, 0.0, 0.0, 0.0, 0.0, 0.0, 0.0, 0.0, 0.0, 0.0, 0.0, 0.0, 0.0, 0.0, 0.0, 0.0, 0.0, 0.0, 0.0, 0.0, 0.0, 0.0, 0.0, 0.0, 0.0, 0.0, 0.0, 0.0, 0.0, 0.0, 0.0, 0.0, 0.0, 0.0, 0.0, 0.0, 0.0, 0.0, 0.0, 0.0, 0.0, 0.0, 0.0, 0.0, 0.0, 0.0, 0.0, 0.0, 0.0, 0.0, 0.0, 0.0, 0.0, 0.0, 0.0, 0.0, 0.0, 0.0, 0.0, 0.0, 0.0, 0.0, 0.0, 0.0, 0.0, 0.0, 0.0, 0.0, 0.0, 0.0, 0.0, 0.0, 0.0, 0.0, 0.0, 0.0, 0.0, 0.0, 0.0, 0.0, 0.0, 0.0, 0.0, 0.0, 0.0, 0.0, 0.0, 0.0, 0.0, 0.0, 0.0, 0.0, 0.0, 0.0, 0.0, 0.0, 0.0, 0.0, 0.0, 0.0, 0.0, 0.0, 0.0, 0.0, 0.0, 0.0, 0.0, 0.0, 0.0, 0.0, 0.0, 0.0, 0.0, 0.0, 0.0, 0.0, 0.0, 0.0, 0.0, 0.0, 0.0, 0.0, 0.0, 0.0, 0.0, 0.0, 0.0, 0.0, 0.0, 0.0, 0.0, 0.0, 0.0, 0.0, 0.0, 0.0, 0.0, 0.0, 0.0, 0.0, 0.0, 0.0, 0.0, 0.0, 0.0, 0.0, 0.0, 0.0, 0.0, 0.0, 0.0, 0.0, 0.0, 0.0, 0.0, 0.0, 0.0, 0.0, 0.0, 0.0, 0.0, 0.0, 0.0, 0.0, 0.0, 0.0, 0.0, 0.0, 0.0, 0.0, 0.0, 0.0, 0.0, 0.0, 0.0, 0.0, 0.0, 0.0, 0.0, 0.0, 0.0, 0.0, 0.0, 0.0, 0.0, 0.0, 0.0, 0.0, 0.0, 0.0, 0.0, 0.0, 0.0, 0.0, 0.0, 0.0, 0.0, 0.0, 0.0, 0.0, 0.0, 0.0, 0.0, 0.0, 0.0, 0.0]",0.5,0.5,0,"[0, 0, 0, 0, 0, 0, 0, 0, 0, 0, 0, 0, 0, 0, 0, 0, 0, 0, 0, 0, 0, 0, 0, 0, 0, 0, 0, 0, 0, 0, 0, 0, 0, 0, 0, 0, 0, 0, 0, 0, 0, 0, 0, 0, 0, 0, 0, 0, 0, 0, 0, 0, 0, 0, 0, 0, 0, 0, 0, 0, 0, 0, 0, 0, 0, 0, 0, 0, 0, 0, 0, 0, 0, 0, 0, 0, 0, 0, 0, 0, 0, 0, 0, 0, 0, 0, 0, 0, 0, 0, 0, 0, 0, 0, 0, 0, 0, 0, 0, 0, 0, 0, 0, 0, 0, 0, 0, 0, 0, 0, 0, 0, 0, 0, 0, 0, 0, 0, 0, 0, 0, 0, 0, 0, 0, 0, 0, 0, 0, 0, 0, 0, 0, 0, 0, 0, 0, 0, 0, 0, 0, 0, 0, 0, 0, 0, 0, 0, 0, 0, 0, 0, 0, 0, 0, 0, 0, 0, 0, 0, 0, 0, 0, 0, 0, 0, 0, 0, 0, 0, 0, 0, 0, 0, 0, 0, 0, 0, 0, 0, 0, 0, 0, 0, 0, 0, 0, 0, 0, 0, 0, 0, 0, 0, 0, 0, 0, 0, 0, 0, 0, 0, 0, 0, 0, 0, 0, 0, 0, 0, 0, 0, 0, 0, 0, 0, 0, 0, 0, 0, 0, 0, 0, 0, 0, 0, 0, 0, 0, 0, 0, 0, 0, 0, 0, 0, 0, 0, 0, 0, 0, 0, 0, 0, 0, 0, 0, 0, 0, 0, 0, 0, 0, 0, 0, 0, 0, 0, 0, 0, 0, 0, 0, 0, 0, 0, 0, 0, 0, 0, 0, 0, 0, 0, 0, 0, 0, 0, 0, 0, 0, 0, 0, 0, 0, 0, 0, 0, 0, 0, 0, 0, 0, 0, 0, 0, 0, 0, 0, 0, 0, 0, 0, 0, 0, 0, 0, 0, 0, 0, 0, 0, 0, 0, 0, 0, 0, 0, 0, 0, 0, 0, 0, 0, 0, 0, 0, 0, 0, 0, 0, 0, 0, 0, 0, 0, 0, 0, 0, 0, 0, 0, 0, 0, 0, 0, 0, 0, 0, 0, 0, 0, 0, 0, 0, 0, 0, 0, 0, 0, 0, 0, 0, 0, 0, 0, 0, 0, 0, 0, 0, 0, 0, 0, 0, 0, 0, 0, 0, 0, 0, 0, 0, 0, 0, 0, 0, 0, 0, 0]",390,"[0.410444438457489, 0.40885940194129944, 0.40916764736175537, 0.4072682857513428, 0.4090612530708313, 0.40726619958877563, 0.40732407569885254, 0.40753495693206787, 0.4082411825656891, 0.40758252143859863, 0.4074460566043854, 0.4077815115451813, 0.41110241413116455, 0.4087856709957123, 0.40788647532463074, 0.41012290120124817, 0.4075181484222412, 0.4074852764606476, 0.40740957856178284, 0.4079485833644867, 0.4072520136833191, 0.4072622060775757, 0.4072832763195038, 0.4099586009979248, 0.4111652076244354, 0.4092988967895508, 0.4081875681877136, 0.4244973361492157, 0.4074438512325287, 0.4072316288948059, 0.40969547629356384, 0.40981441736221313, 0.4072263836860657, 0.4141276478767395, 0.41078072786331177, 0.4083603322505951, 0.4076492190361023, 0.40738776326179504, 0.4075149893760681, 0.41039761900901794, 0.4108982980251312, 0.4090931713581085, 0.4082147479057312, 0.4072275161743164, 0.4084082543849945, 0.4083801507949829, 0.41352662444114685, 0.40722715854644775, 0.4074278175830841, 0.4112601578235626, 0.4080914556980133, 0.4076675474643707, 0.4115202724933624, 0.407231867313385, 0.4078356921672821, 0.4081738591194153, 0.40745994448661804, 0.40729305148124695, 0.40961897373199463, 0.4074483811855316, 0.4094700515270233, 0.407277911901474, 0.40739956498146057, 0.40730226039886475, 0.4075543284416199, 0.4076356589794159, 0.41052478551864624, 0.40724799036979675, 0.40896666049957275, 0.411478191614151, 0.4073150157928467, 0.4097607135772705, 0.4077762961387634, 0.40744316577911377, 0.4129829406738281, 0.41239359974861145, 0.41028499603271484, 0.40813374519348145, 0.40922030806541443, 0.40738555788993835, 0.4076029062271118, 0.4106263816356659, 0.4093623757362366, 0.4072466790676117, 0.4074506461620331, 0.4100896418094635, 0.4157128930091858, 0.40876251459121704, 0.41081711649894714, 0.40984341502189636, 0.40820255875587463, 0.40743502974510193, 0.4072492718696594, 0.40741392970085144, 0.40780970454216003, 0.40722811222076416, 0.407917857170105, 0.41019898653030396, 0.40905389189720154, 0.4101148843765259, 0.4095274806022644, 0.4073975086212158, 0.4109105169773102, 0.40727904438972473, 0.4076508581638336, 0.4088062047958374, 0.40723443031311035, 0.40931010246276855, 0.4096485376358032, 0.41355037689208984, 0.4073312282562256, 0.40753600001335144, 0.4101101756095886, 0.4094291031360626, 0.40739622712135315, 0.40810084342956543, 0.409214586019516, 0.40823233127593994, 0.4076911509037018, 0.4080207049846649, 0.4072490632534027, 0.4073849022388458, 0.4079315960407257, 0.4078974425792694, 0.4076310098171234, 0.40766870975494385, 0.40756139159202576, 0.40788811445236206, 0.40805381536483765, 0.4077083170413971, 0.407308429479599, 0.40734151005744934, 0.40962299704551697, 0.4088074862957001, 0.40729576349258423, 0.4095613956451416, 0.4120844900608063, 0.4136343002319336, 0.4077558219432831, 0.4088793098926544, 0.40849098563194275, 0.4076607823371887, 0.40725672245025635, 0.4072278141975403, 0.40769535303115845, 0.40773332118988037, 0.40722882747650146, 0.4072501063346863, 0.40722641348838806, 0.40723472833633423, 0.40773284435272217, 0.40733250975608826, 0.4081423282623291, 0.4073207378387451, 0.4073505699634552, 0.40744778513908386, 0.40722763538360596, 0.4088410437107086, 0.41416409611701965, 0.4072442352771759, 0.40868252515792847, 0.4082105755805969, 0.4110129177570343, 0.40784770250320435, 0.4083733856678009, 0.4075123071670532, 0.40833380818367004, 0.4087621569633484, 0.4074876308441162, 0.40747055411338806, 0.40729987621307373, 0.40774139761924744, 0.40774762630462646, 0.40798282623291016, 0.409994900226593, 0.40722644329071045, 0.409076452255249, 0.40727517008781433, 0.4073053300380707, 0.4083566963672638, 0.4075753688812256, 0.40750589966773987, 0.40722617506980896, 0.4073522090911865, 0.4078879654407501, 0.4081026315689087, 0.40965282917022705, 0.4076414108276367, 0.40722960233688354, 0.4103418290615082, 0.41141441464424133, 0.4075145423412323, 0.4072595536708832, 0.40768784284591675, 0.40722641348838806, 0.407846063375473, 0.41212162375450134, 0.40875527262687683, 0.4081205725669861, 0.40736058354377747, 0.4214082658290863, 0.4091329872608185, 0.4087934195995331, 0.4085013270378113, 0.4086112082004547, 0.40737175941467285, 0.40882059931755066, 0.4072273373603821, 0.41047775745391846, 0.40732693672180176, 0.4149419069290161, 0.40736058354377747, 0.4093098044395447, 0.40758827328681946, 0.4073539674282074, 0.40966665744781494, 0.4083772897720337, 0.4076407253742218, 0.407234787940979, 0.40766993165016174, 0.41407203674316406, 0.4100113809108734, 0.4081798493862152, 0.4109213948249817, 0.40864667296409607, 0.4072261452674866, 0.4073334038257599, 0.41186532378196716, 0.40778592228889465, 0.41185298562049866, 0.4084320366382599, 0.40740054845809937, 0.4072844982147217, 0.4078330993652344, 0.40732038021087646, 0.4073219299316406, 0.40740901231765747, 0.4073909819126129, 0.40803271532058716, 0.40994980931282043, 0.4113710820674896, 0.40774914622306824, 0.40724265575408936, 0.40818551182746887, 0.4074436128139496, 0.4072294235229492, 0.40744417905807495, 0.40826916694641113, 0.4087650179862976, 0.40756434202194214, 0.41158169507980347, 0.40770241618156433, 0.40723204612731934, 0.40757542848587036, 0.4073762595653534, 0.4078914225101471, 0.41076382994651794, 0.4093611538410187, 0.4073091149330139, 0.4072829484939575, 0.4075257480144501, 0.4072306752204895, 0.40909844636917114, 0.40738120675086975, 0.4076038599014282, 0.40763142704963684, 0.41210082173347473, 0.40795275568962097, 0.4074275493621826, 0.4077976942062378, 0.40795478224754333, 0.40800392627716064, 0.4109032452106476, 0.4086040258407593, 0.4077453315258026, 0.4073694348335266, 0.40736618638038635, 0.4076332449913025, 0.4077693819999695, 0.4072272777557373, 0.4072323143482208, 0.40724173188209534, 0.40734028816223145, 0.40764662623405457, 0.4072338044643402, 0.4078740179538727, 0.40747836232185364, 0.40778231620788574, 0.40840888023376465, 0.4076317548751831, 0.4072270095348358, 0.4094877541065216, 0.4101620614528656, 0.4077100455760956, 0.4076045751571655, 0.4095178246498108, 0.40864336490631104, 0.40785348415374756, 0.40924888849258423, 0.40744996070861816, 0.4072292745113373, 0.40756189823150635, 0.4099251925945282, 0.40793582797050476, 0.41284629702568054, 0.41747787594795227, 0.4080527424812317, 0.4096248745918274, 0.4075482189655304, 0.40849560499191284, 0.410587877035141, 0.4072330892086029, 0.40903082489967346, 0.40797775983810425, 0.4076946973800659, 0.40828150510787964, 0.4092954695224762, 0.41439807415008545, 0.40760594606399536, 0.4085780680179596, 0.40821143984794617, 0.40893352031707764, 0.41156166791915894, 0.40933719277381897, 0.40983161330223083, 0.4079294204711914, 0.40804195404052734, 0.40913090109825134, 0.40781256556510925, 0.4092845916748047, 0.41741737723350525, 0.41064590215682983, 0.4085027575492859, 0.41118746995925903, 0.40859708189964294, 0.40763595700263977, 0.40739765763282776, 0.4072905480861664, 0.4073885977268219, 0.4077587425708771, 0.40794649720191956, 0.4092525243759155, 0.4124698340892792, 0.40795382857322693, 0.40736714005470276, 0.40768149495124817, 0.40733012557029724, 0.40735119581222534, 0.4073493182659149, 0.4075727164745331, 0.4074569344520569, 0.4090389013290405, 0.4087907373905182, 0.4081555902957916, 0.40779006481170654, 0.40866512060165405, 0.4080348312854767, 0.4101985991001129, 0.40741249918937683, 0.40726548433303833, 0.4105526804924011, 0.4073389172554016, 0.4089377224445343, 0.40722641348838806, 0.4167395830154419, 0.40730881690979004, 0.40728503465652466, 0.40869131684303284, 0.40867725014686584, 0.4072316884994507, 0.40969571471214294, 0.41148003935813904, 0.4102058708667755, 0.4084397554397583, 0.4117089509963989, 0.4078477919101715, 0.41009578108787537, 0.4187619686126709, 0.40734073519706726, 0.40802323818206787, 0.40842577815055847, 0.4187801480293274, 0.4081367552280426, 0.409160315990448, 0.40982434153556824, 0.4072262942790985, 0.4073809087276459, 0.409123957157135, 0.4073071777820587, 0.4120541512966156]",0.0,"[0.0, 0.0, 0.0, 0.0, 0.0, 0.0, 0.0, 0.0, 0.0, 0.0, 0.0, 0.0, 0.0, 0.0, 0.0, 0.0, 0.0, 0.0, 0.0, 0.0, 0.0, 0.0, 0.0, 0.0, 0.0, 0.0, 0.0, 0.0, 0.0, 0.0, 0.0, 0.0, 0.0, 0.0, 0.0, 0.0, 0.0, 0.0, 0.0, 0.0, 0.0, 0.0, 0.0, 0.0, 0.0, 0.0, 0.0, 0.0, 0.0, 0.0, 0.0, 0.0, 0.0, 0.0, 0.0, 0.0, 0.0, 0.0, 0.0, 0.0, 0.0, 0.0, 0.0, 0.0, 0.0, 0.0, 0.0, 0.0, 0.0, 0.0, 0.0, 0.0, 0.0, 0.0, 0.0, 0.0, 0.0, 0.0, 0.0, 0.0, 0.0, 0.0, 0.0, 0.0, 0.0, 0.0, 0.0, 0.0, 0.0, 0.0, 0.0, 0.0, 0.0, 0.0, 0.0, 0.0, 0.0, 0.0, 0.0, 0.0, 0.0, 0.0, 0.0, 0.0, 0.0, 0.0, 0.0, 0.0, 0.0, 0.0, 0.0, 0.0, 0.0, 0.0, 0.0, 0.0, 0.0, 0.0, 0.0, 0.0, 0.0, 0.0, 0.0, 0.0, 0.0, 0.0, 0.0, 0.0, 0.0, 0.0, 0.0, 0.0, 0.0, 0.0, 0.0, 0.0, 0.0, 0.0, 0.0, 0.0, 0.0, 0.0, 0.0, 0.0, 0.0, 0.0, 0.0, 0.0, 0.0, 0.0, 0.0, 0.0, 0.0, 0.0, 0.0, 0.0, 0.0, 0.0, 0.0, 0.0, 0.0, 0.0, 0.0, 0.0, 0.0, 0.0, 0.0, 0.0, 0.0, 0.0, 0.0, 0.0, 0.0, 0.0, 0.0, 0.0, 0.0, 0.0, 0.0, 0.0, 0.0, 0.0, 0.0, 0.0, 0.0, 0.0, 0.0, 0.0, 0.0, 0.0, 0.0, 0.0, 0.0, 0.0, 0.0, 0.0, 0.0, 0.0, 0.0, 0.0, 0.0, 0.0, 0.0, 0.0, 0.0, 0.0, 0.0, 0.0, 0.0, 0.0, 0.0, 0.0, 0.0, 0.0, 0.0, 0.0, 0.0, 0.0, 0.0, 0.0, 0.0, 0.0, 0.0, 0.0, 0.0, 0.0, 0.0, 0.0, 0.0, 0.0, 0.0, 0.0, 0.0, 0.0, 0.0, 0.0, 0.0, 0.0, 0.0, 0.0, 0.0, 0.0, 0.0, 0.0, 0.0, 0.0, 0.0, 0.0, 0.0, 0.0, 0.0, 0.0, 0.0, 0.0, 0.0, 0.0, 0.0, 0.0, 0.0, 0.0, 0.0, 0.0, 0.0, 0.0, 0.0, 0.0, 0.0, 0.0, 0.0, 0.0, 0.0, 0.0, 0.0, 0.0, 0.0, 0.0, 0.0, 0.0, 0.0, 0.0, 0.0, 0.0, 0.0, 0.0, 0.0, 0.0, 0.0, 0.0, 0.0, 0.0, 0.0, 0.0, 0.0, 0.0, 0.0, 0.0, 0.0, 0.0, 0.0, 0.0, 0.0, 0.0, 0.0, 0.0, 0.0, 0.0, 0.0, 0.0, 0.0, 0.0, 0.0, 0.0, 0.0, 0.0, 0.0, 0.0, 0.0, 0.0, 0.0, 0.0, 0.0, 0.0, 0.0, 0.0, 0.0, 0.0, 0.0, 0.0, 0.0, 0.0, 0.0, 0.0, 0.0, 0.0, 0.0, 0.0, 0.0, 0.0, 0.0, 0.0, 0.0, 0.0, 0.0, 0.0, 0.0, 0.0, 0.0, 0.0, 0.0, 0.0, 0.0, 0.0, 0.0, 0.0, 0.0, 0.0, 0.0, 0.0, 0.0, 0.0, 0.0, 0.0, 0.0, 0.0, 0.0, 0.0, 0.0, 0.0, 0.0, 0.0, 0.0, 0.0, 0.0, 0.0, 0.0, 0.0, 0.0, 0.0, 0.0, 0.0, 0.0, 0.0, 0.0, 0.0, 0.0, 0.0, 0.0, 0.0, 0.0, 0.0]",COMPLETE
