,number,value,datetime_start,datetime_complete,duration,params_batch_size_scaler,params_constant_learning_rate,params_depth,params_epochs,params_kernel_l2,params_num_trees,params_temperature,user_attrs_accuracy_test,user_attrs_accuracy_valid,user_attrs_approximate_feature_sparsity,user_attrs_approximate_feature_sparsity_history,user_attrs_approximate_weight_sparsity,user_attrs_approximate_weight_sparsity_history,user_attrs_auc_test,user_attrs_auc_valid,user_attrs_feature_sparsity,user_attrs_feature_sparsity_history,user_attrs_num_epochs,user_attrs_val_loss_history,user_attrs_weight_sparsity,user_attrs_weight_sparsity_history,state
19,19,0.9291648954670169,2024-08-31 01:06:40.735366,2024-08-31 01:08:39.429692,0 days 00:01:58.694326,16,0.16747377379993666,3,445,0.38191576547231265,74,0.00031286311225365204,0.941,0.94375,18,"[33, 33, 33, 33, 33, 33, 33, 33, 33, 33, 33, 33, 33, 33, 33, 33, 33, 33, 33, 33, 33, 33, 33, 33, 33, 33, 33, 33, 33, 33, 33, 33, 33, 33, 33, 33, 33, 33, 33, 33, 33, 33, 33, 33, 33, 33, 33, 33, 33, 33, 33, 33, 33, 33, 33, 33, 33, 33, 33, 33, 33, 33, 33, 33, 33, 33, 33, 33, 33, 33, 33, 33, 33, 33, 33, 33, 33, 33, 33, 33, 33, 33, 33, 33, 33, 33, 33, 33, 33, 33, 33, 33, 33, 33, 33, 33, 33, 33, 33, 33, 33, 33, 33, 33, 33, 33, 33, 33, 33, 33, 33, 33, 33, 33, 33, 33, 33, 33, 33, 33, 33, 33, 33, 33, 33, 33, 33, 33, 33, 33, 33, 33, 33, 33, 33, 33, 33, 33, 33, 33, 33, 33, 33, 33, 33, 33, 33, 33, 33, 33, 33, 33, 33, 33, 33, 33, 33, 33, 33, 33, 33, 33, 33, 33, 33, 33, 33, 33, 33, 33, 33, 33, 33, 33, 33, 33, 33, 33, 33, 33, 33, 33, 33, 33, 33, 33, 33, 33, 33, 33, 32, 32, 32, 32, 30, 29, 27, 27, 27, 27, 27, 26, 25, 25, 23, 23, 23, 23, 23, 23, 23, 23, 23, 23, 22, 22, 22, 22, 22, 22, 22, 21, 21, 21, 21, 21, 21, 21, 21, 21, 21, 21, 21, 21, 21, 21, 21, 21, 21, 21, 21, 21, 21, 21, 21, 21, 21, 21, 21, 21, 21, 21, 21, 21, 21, 21, 21, 21, 21, 21, 21, 21, 21, 21, 21, 21, 20, 20, 20, 20, 20, 20, 20, 20, 20, 20, 20, 20, 20, 20, 20, 20, 20, 20, 20, 20, 20, 20, 20, 20, 20, 20, 20, 20, 20, 20, 20, 20, 20, 20, 20, 20, 20, 20, 20, 20, 20, 20, 20, 20, 20, 20, 20, 20, 19, 19, 19, 19, 19, 19, 19, 19, 19, 19, 19, 19, 19, 19, 19, 19, 19, 19, 19, 19, 19, 18, 18, 18, 18, 18, 18, 18, 18, 18, 18, 18, 18, 18, 18, 18, 18, 18, 18, 18, 18, 18, 18, 18, 18, 18, 18, 18, 18, 18, 18, 18, 18, 18, 18, 18, 18, 18, 18, 18, 18, 18, 18, 18, 18, 18, 18, 18, 18, 18, 18, 18, 18, 18, 18, 18, 18, 18, 18, 18, 18, 18, 18, 18, 18, 18, 18, 18, 18, 18, 18, 18, 18, 18, 18, 18, 18, 18, 18, 18, 18, 18, 18, 18, 18, 18, 18, 18, 18, 18, 18, 18, 18, 18, 18, 18, 18, 18, 18, 18, 18, 18, 18, 18, 18, 18, 18, 18, 18, 18, 18]",17.94980694980695,"[32.96718146718147, 32.965250965250966, 32.95945945945946, 32.95752895752896, 32.95945945945946, 32.96138996138996, 32.95752895752896, 32.96718146718147, 32.96138996138996, 32.96911196911197, 32.95366795366795, 32.963320463320464, 32.96138996138996, 32.96138996138996, 32.95752895752896, 32.963320463320464, 32.96718146718147, 32.97104247104247, 32.96911196911197, 32.96138996138996, 32.96718146718147, 32.972972972972975, 32.97876447876448, 32.986486486486484, 32.96718146718147, 32.96911196911197, 32.972972972972975, 32.978764478764475, 32.95945945945946, 32.97490347490348, 32.97490347490347, 32.97683397683397, 32.97876447876448, 32.97490347490348, 32.980694980694985, 32.97104247104247, 32.972972972972975, 32.963320463320464, 32.98262548262549, 32.97876447876448, 32.980694980694985, 32.972972972972975, 32.97683397683398, 32.963320463320464, 32.97104247104247, 32.97104247104247, 32.97490347490348, 32.97490347490348, 32.97490347490348, 32.95752895752896, 32.97104247104247, 32.965250965250966, 32.972972972972975, 32.96138996138996, 32.965250965250966, 32.963320463320464, 32.972972972972975, 32.963320463320464, 32.94787644787645, 32.949806949806955, 32.963320463320464, 32.95366795366796, 32.95945945945946, 32.94980694980695, 32.95752895752896, 32.95366795366795, 32.95945945945946, 32.963320463320464, 32.95752895752896, 32.972972972972975, 32.97104247104247, 32.96718146718147, 32.963320463320464, 32.94787644787645, 32.963320463320464, 32.93822393822394, 32.95945945945946, 32.95366795366795, 32.96138996138996, 32.96718146718147, 32.95752895752896, 32.963320463320464, 32.972972972972975, 32.96718146718147, 32.97104247104247, 32.94980694980695, 32.95945945945946, 32.965250965250966, 32.972972972972975, 32.955598455598455, 32.95945945945946, 32.955598455598455, 32.97104247104247, 32.97876447876448, 32.965250965250966, 32.963320463320464, 32.955598455598455, 32.965250965250966, 32.949806949806955, 32.95752895752896, 32.947876447876446, 32.94980694980695, 32.95945945945946, 32.965250965250966, 32.96138996138996, 32.95945945945946, 32.96911196911197, 32.963320463320464, 32.955598455598455, 32.94980694980695, 32.949806949806955, 32.94208494208494, 32.955598455598455, 32.96138996138996, 32.93822393822394, 32.95173745173745, 32.95366795366795, 32.95173745173746, 32.95173745173745, 32.96911196911197, 32.96718146718147, 32.94787644787645, 32.94787644787645, 32.95752895752896, 32.95752895752896, 32.94980694980695, 32.95366795366795, 32.955598455598455, 32.96138996138996, 32.96911196911197, 32.95366795366795, 32.96138996138996, 32.940154440154444, 32.95366795366795, 32.947876447876446, 32.94980694980695, 32.963320463320464, 32.95945945945946, 32.95173745173745, 32.955598455598455, 32.945945945945944, 32.95366795366795, 32.94980694980695, 32.95366795366795, 32.949806949806955, 32.95173745173746, 32.94401544401544, 32.94980694980695, 32.94401544401544, 32.94980694980695, 32.940154440154444, 32.945945945945944, 32.94980694980695, 32.949806949806955, 32.94401544401545, 32.94594594594595, 32.94401544401545, 32.94980694980695, 32.94980694980695, 32.947876447876446, 32.95366795366795, 32.94594594594595, 32.95945945945946, 32.94594594594595, 32.95752895752896, 32.95752895752896, 32.95752895752896, 32.955598455598455, 32.955598455598455, 32.93050193050193, 32.94401544401545, 32.947876447876446, 32.94594594594595, 32.94208494208494, 32.940154440154444, 32.95173745173745, 32.965250965250966, 32.95752895752896, 32.955598455598455, 32.95752895752896, 32.95752895752896, 32.94980694980695, 32.955598455598455, 32.95945945945946, 32.96911196911197, 32.95366795366795, 32.94401544401544, 32.942084942084946, 32.95752895752896, 32.955598455598455, 31.965250965250966, 31.951737451737454, 31.93822393822394, 31.930501930501933, 29.94208494208494, 28.93822393822394, 26.957528957528957, 26.94980694980695, 26.957528957528957, 26.963320463320464, 26.963320463320464, 25.963320463320464, 24.95945945945946, 24.963320463320464, 22.95945945945946, 22.95173745173745, 22.96911196911197, 22.963320463320464, 22.957528957528957, 22.955598455598455, 22.94980694980695, 22.94787644787645, 22.961389961389962, 22.961389961389962, 21.965250965250966, 21.976833976833976, 21.984555984555985, 21.97683397683398, 21.972972972972975, 21.974903474903474, 21.96911196911197, 20.972972972972975, 20.965250965250966, 20.95945945945946, 20.96911196911197, 20.955598455598455, 20.961389961389962, 20.965250965250966, 20.96718146718147, 20.963320463320464, 20.95945945945946, 20.963320463320464, 20.957528957528957, 20.94980694980695, 20.957528957528957, 20.955598455598455, 20.95173745173745, 20.957528957528957, 20.953667953667953, 20.955598455598455, 20.955598455598455, 20.953667953667953, 20.940154440154437, 20.947876447876446, 20.945945945945944, 20.947876447876446, 20.94980694980695, 20.945945945945944, 20.963320463320464, 20.967181467181465, 20.97876447876448, 20.972972972972975, 20.957528957528957, 20.957528957528957, 20.957528957528957, 20.963320463320464, 20.963320463320464, 20.961389961389962, 20.953667953667953, 20.963320463320464, 20.957528957528957, 20.957528957528957, 20.955598455598455, 20.95945945945946, 20.95945945945946, 20.965250965250966, 19.95945945945946, 19.95945945945946, 19.96718146718147, 19.957528957528957, 19.961389961389962, 19.95945945945946, 19.957528957528957, 19.965250965250966, 19.963320463320464, 19.95173745173745, 19.961389961389962, 19.957528957528957, 19.96718146718147, 19.972972972972975, 19.963320463320464, 19.96911196911197, 19.974903474903478, 19.974903474903474, 19.972972972972972, 19.976833976833976, 19.963320463320464, 19.972972972972975, 19.96911196911197, 19.95945945945946, 19.963320463320464, 19.963320463320464, 19.965250965250966, 19.961389961389962, 19.96911196911197, 19.95945945945946, 19.95945945945946, 19.963320463320464, 19.972972972972975, 19.955598455598455, 19.95945945945946, 19.96911196911197, 19.95945945945946, 19.96718146718147, 19.961389961389962, 19.976833976833976, 19.976833976833976, 19.971042471042473, 19.96911196911197, 19.965250965250966, 19.971042471042473, 19.965250965250966, 19.965250965250966, 19.961389961389962, 18.961389961389962, 18.957528957528957, 18.974903474903478, 18.972972972972975, 18.961389961389962, 18.96718146718147, 18.965250965250966, 18.965250965250966, 18.95945945945946, 18.95945945945946, 18.961389961389962, 18.953667953667953, 18.94980694980695, 18.95173745173745, 18.95945945945946, 18.955598455598455, 18.94980694980695, 18.965250965250966, 18.96718146718147, 18.96718146718147, 18.96911196911197, 17.957528957528957, 17.96718146718147, 17.96911196911197, 17.96911196911197, 17.974903474903478, 17.974903474903478, 17.974903474903474, 17.96718146718147, 17.96718146718147, 17.96911196911197, 17.972972972972975, 17.967181467181465, 17.963320463320464, 17.963320463320464, 17.963320463320464, 17.972972972972972, 17.96718146718147, 17.961389961389962, 17.96718146718147, 17.971042471042473, 17.96911196911197, 17.974903474903474, 17.963320463320464, 17.955598455598455, 17.961389961389962, 17.963320463320464, 17.955598455598455, 17.957528957528957, 17.957528957528957, 17.963320463320464, 17.965250965250966, 17.965250965250966, 17.965250965250966, 17.953667953667953, 17.957528957528957, 17.965250965250966, 17.972972972972975, 17.971042471042473, 17.965250965250966, 17.972972972972975, 17.965250965250966, 17.96911196911197, 17.961389961389962, 17.961389961389962, 17.953667953667953, 17.957528957528957, 17.947876447876446, 17.953667953667953, 17.945945945945947, 17.945945945945947, 17.961389961389962, 17.95173745173745, 17.963320463320464, 17.965250965250966, 17.95945945945946, 17.953667953667953, 17.95173745173745, 17.95173745173745, 17.955598455598455, 17.963320463320464, 17.95945945945946, 17.95173745173745, 17.955598455598455, 17.945945945945944, 17.955598455598455, 17.961389961389962, 17.96718146718147, 17.963320463320464, 17.96332046332046, 17.94401544401544, 17.95173745173745, 17.972972972972975, 17.972972972972975, 17.974903474903478, 17.96911196911197, 17.96718146718147, 17.965250965250966, 17.957528957528957, 17.953667953667953, 17.957528957528957, 17.957528957528957, 17.961389961389962, 17.95945945945946, 17.957528957528957, 17.95945945945946, 17.955598455598455, 17.95173745173745, 17.94980694980695, 17.957528957528957, 17.95173745173745, 17.95173745173745, 17.95173745173745, 17.961389961389962, 17.95945945945946, 17.953667953667953, 17.94787644787645, 17.95173745173745, 17.963320463320464, 17.963320463320464, 17.961389961389962, 17.961389961389962, 17.965250965250966, 17.96718146718147, 17.955598455598455, 17.95945945945946, 17.972972972972975, 17.961389961389962, 17.955598455598455, 17.95945945945946, 17.94980694980695]",0.9134157316358293,0.9291648954670169,18,"[33, 33, 33, 33, 33, 33, 33, 33, 33, 33, 33, 33, 33, 33, 33, 33, 33, 33, 33, 33, 33, 33, 33, 33, 33, 33, 33, 33, 33, 33, 33, 33, 33, 33, 33, 33, 33, 33, 33, 33, 33, 33, 33, 33, 33, 33, 33, 33, 33, 33, 33, 33, 33, 33, 33, 33, 33, 33, 33, 33, 33, 33, 33, 33, 33, 33, 33, 33, 33, 33, 33, 33, 33, 33, 33, 33, 33, 33, 33, 33, 33, 33, 33, 33, 33, 33, 33, 33, 33, 33, 33, 33, 33, 33, 33, 33, 33, 33, 33, 33, 33, 33, 33, 33, 33, 33, 33, 33, 33, 33, 33, 33, 33, 33, 33, 33, 33, 33, 33, 33, 33, 33, 33, 33, 33, 33, 33, 33, 33, 33, 33, 33, 33, 33, 33, 33, 33, 33, 33, 33, 33, 33, 33, 33, 33, 33, 33, 33, 33, 33, 33, 33, 33, 33, 33, 33, 33, 33, 33, 33, 33, 33, 33, 33, 33, 33, 33, 33, 33, 33, 33, 33, 33, 33, 33, 33, 33, 33, 33, 33, 33, 33, 33, 33, 33, 33, 33, 33, 33, 33, 32, 32, 32, 32, 30, 29, 27, 27, 27, 27, 27, 26, 25, 25, 23, 23, 23, 23, 23, 23, 23, 23, 23, 23, 22, 22, 22, 22, 22, 22, 22, 21, 21, 21, 21, 21, 21, 21, 21, 21, 21, 21, 21, 21, 21, 21, 21, 21, 21, 21, 21, 21, 21, 21, 21, 21, 21, 21, 21, 21, 21, 21, 21, 21, 21, 21, 21, 21, 21, 21, 21, 21, 21, 21, 21, 21, 20, 20, 20, 20, 20, 20, 20, 20, 20, 20, 20, 20, 20, 20, 20, 20, 20, 20, 20, 20, 20, 20, 20, 20, 20, 20, 20, 20, 20, 20, 20, 20, 20, 20, 20, 20, 20, 20, 20, 20, 20, 20, 20, 20, 20, 20, 20, 20, 19, 19, 19, 19, 19, 19, 19, 19, 19, 19, 19, 19, 19, 19, 19, 19, 19, 19, 19, 19, 19, 18, 18, 18, 18, 18, 18, 18, 18, 18, 18, 18, 18, 18, 18, 18, 18, 18, 18, 18, 18, 18, 18, 18, 18, 18, 18, 18, 18, 18, 18, 18, 18, 18, 18, 18, 18, 18, 18, 18, 18, 18, 18, 18, 18, 18, 18, 18, 18, 18, 18, 18, 18, 18, 18, 18, 18, 18, 18, 18, 18, 18, 18, 18, 18, 18, 18, 18, 18, 18, 18, 18, 18, 18, 18, 18, 18, 18, 18, 18, 18, 18, 18, 18, 18, 18, 18, 18, 18, 18, 18, 18, 18, 18, 18, 18, 18, 18, 18, 18, 18, 18, 18, 18, 18, 18, 18, 18, 18, 18, 18]",445,"[0.44066688418388367, 0.43232882022857666, 0.4274410307407379, 0.4224763810634613, 0.41901925206184387, 0.4164750277996063, 0.41495445370674133, 0.4126054048538208, 0.4109680950641632, 0.4087775945663452, 0.40852928161621094, 0.4077606499195099, 0.40481579303741455, 0.4047985374927521, 0.4015650153160095, 0.40024033188819885, 0.3987818658351898, 0.39751091599464417, 0.3969896733760834, 0.395070880651474, 0.39649665355682373, 0.3921305537223816, 0.39199307560920715, 0.38935431838035583, 0.39152175188064575, 0.38701900839805603, 0.3862867057323456, 0.38523659110069275, 0.38373827934265137, 0.382551908493042, 0.3814496099948883, 0.3801755905151367, 0.3791482448577881, 0.37946781516075134, 0.38106364011764526, 0.3763391375541687, 0.3749455511569977, 0.37369728088378906, 0.37310296297073364, 0.37217339873313904, 0.371003657579422, 0.3700743615627289, 0.3692176938056946, 0.3680313527584076, 0.3671557307243347, 0.37026312947273254, 0.3654932379722595, 0.3644603490829468, 0.3633030951023102, 0.36221668124198914, 0.3613199293613434, 0.3616413176059723, 0.3596063256263733, 0.35864123702049255, 0.3587989807128906, 0.3570401668548584, 0.3563998341560364, 0.35588619112968445, 0.35621947050094604, 0.35696548223495483, 0.3517298102378845, 0.35085436701774597, 0.35271671414375305, 0.35242268443107605, 0.34818828105926514, 0.34952494502067566, 0.34574663639068604, 0.3445938527584076, 0.34374159574508667, 0.34250643849372864, 0.34174197912216187, 0.3407190442085266, 0.3398202955722809, 0.3395235538482666, 0.3375248312950134, 0.33684250712394714, 0.3358396589756012, 0.33455953001976013, 0.33348900079727173, 0.33231791853904724, 0.33170086145401, 0.3297124207019806, 0.3289659023284912, 0.3278048634529114, 0.32779181003570557, 0.3255292773246765, 0.3249928653240204, 0.32405489683151245, 0.32321470975875854, 0.32104113698005676, 0.3199489414691925, 0.3201778829097748, 0.31905287504196167, 0.3172345459461212, 0.31592318415641785, 0.31480228900909424, 0.31510719656944275, 0.3127020597457886, 0.3118661344051361, 0.31073787808418274, 0.31211715936660767, 0.3092150390148163, 0.3082053065299988, 0.3071199357509613, 0.30624982714653015, 0.3051217794418335, 0.30450332164764404, 0.3038141131401062, 0.30278149247169495, 0.3021264672279358, 0.30118802189826965, 0.30056560039520264, 0.299541711807251, 0.2989160418510437, 0.2981204092502594, 0.2972053587436676, 0.29703253507614136, 0.2958700656890869, 0.2963300049304962, 0.2951875329017639, 0.29417839646339417, 0.29407116770744324, 0.29297757148742676, 0.2923033833503723, 0.2936951518058777, 0.2919842600822449, 0.2914694547653198, 0.2902083992958069, 0.2897161543369293, 0.28892040252685547, 0.2879106402397156, 0.2876129150390625, 0.2876657545566559, 0.28784334659576416, 0.28599074482917786, 0.28564536571502686, 0.2845686674118042, 0.28409358859062195, 0.2834402024745941, 0.28329598903656006, 0.28247883915901184, 0.2822915315628052, 0.2809537649154663, 0.2804405689239502, 0.2802511155605316, 0.2800014019012451, 0.27981266379356384, 0.27903276681900024, 0.2807471454143524, 0.27918505668640137, 0.27784842252731323, 0.2789336144924164, 0.27642622590065, 0.27662795782089233, 0.27567750215530396, 0.2774670720100403, 0.2748437821865082, 0.2745841145515442, 0.2748096287250519, 0.27491843700408936, 0.2732316255569458, 0.27292436361312866, 0.2727096974849701, 0.27276304364204407, 0.2735294699668884, 0.271589457988739, 0.2718372642993927, 0.27293816208839417, 0.27069053053855896, 0.2696695327758789, 0.2693738639354706, 0.26940494775772095, 0.2683262228965759, 0.2683705687522888, 0.2711271345615387, 0.26768776774406433, 0.2678516209125519, 0.2672193944454193, 0.2675492465496063, 0.26579850912094116, 0.2651616632938385, 0.265125572681427, 0.2652256488800049, 0.26429933309555054, 0.26416653394699097, 0.2639272212982178, 0.2633207142353058, 0.26272016763687134, 0.2633892297744751, 0.26289674639701843, 0.26322299242019653, 0.26268792152404785, 0.2626931667327881, 0.26183241605758667, 0.2609740197658539, 0.2612450122833252, 0.25869297981262207, 0.2585490345954895, 0.25821560621261597, 0.258797287940979, 0.25815093517303467, 0.2552277743816376, 0.2562263309955597, 0.25573039054870605, 0.25377357006073, 0.2531457841396332, 0.2522973120212555, 0.2517402470111847, 0.25257715582847595, 0.2509903311729431, 0.25071343779563904, 0.2506103515625, 0.2507249116897583, 0.25030970573425293, 0.2494308352470398, 0.250270277261734, 0.24898558855056763, 0.2492714524269104, 0.24763904511928558, 0.24712081253528595, 0.24669086933135986, 0.2455194890499115, 0.24535994231700897, 0.2454097419977188, 0.24486993253231049, 0.24448014795780182, 0.24523082375526428, 0.24430875480175018, 0.2454128861427307, 0.24885401129722595, 0.24304619431495667, 0.24272435903549194, 0.24311427772045135, 0.24243362247943878, 0.24366730451583862, 0.241798996925354, 0.24212047457695007, 0.24347999691963196, 0.2412036657333374, 0.24227721989154816, 0.24114657938480377, 0.24379056692123413, 0.24062353372573853, 0.24093450605869293, 0.23977407813072205, 0.23955602943897247, 0.2405642718076706, 0.23977921903133392, 0.2410123646259308, 0.2390926033258438, 0.23828385770320892, 0.23834389448165894, 0.23838847875595093, 0.23831495642662048, 0.2399872988462448, 0.2372700721025467, 0.23709814250469208, 0.23666873574256897, 0.23736287653446198, 0.23668377101421356, 0.23632296919822693, 0.23579923808574677, 0.23867546021938324, 0.23627214133739471, 0.23613232374191284, 0.2369549572467804, 0.2340320199728012, 0.23397845029830933, 0.2348678708076477, 0.23468168079853058, 0.2347613126039505, 0.23380427062511444, 0.2340247929096222, 0.234181210398674, 0.23356705904006958, 0.23422758281230927, 0.23392723500728607, 0.23400837182998657, 0.23391176760196686, 0.23308944702148438, 0.232927143573761, 0.2332545667886734, 0.23296087980270386, 0.23225398361682892, 0.23305921256542206, 0.23175731301307678, 0.23392438888549805, 0.23180928826332092, 0.23256716132164001, 0.23315472900867462, 0.23229794204235077, 0.23147878050804138, 0.2308887094259262, 0.2310425192117691, 0.23081083595752716, 0.23109087347984314, 0.2304811030626297, 0.23026162385940552, 0.23088188469409943, 0.22959080338478088, 0.23042605817317963, 0.22958292067050934, 0.2304578721523285, 0.2320745438337326, 0.23142263293266296, 0.22909404337406158, 0.2285453826189041, 0.2287607342004776, 0.22968553006649017, 0.22860708832740784, 0.22877593338489532, 0.22876505553722382, 0.22909826040267944, 0.2298945188522339, 0.2313481867313385, 0.23170524835586548, 0.23143507540225983, 0.23146528005599976, 0.2294825166463852, 0.22929441928863525, 0.22914482653141022, 0.2299715280532837, 0.2294338345527649, 0.2295120805501938, 0.22831125557422638, 0.2288893759250641, 0.22803321480751038, 0.22896844148635864, 0.23059417307376862, 0.22688695788383484, 0.2298688441514969, 0.2264804244041443, 0.22868603467941284, 0.22634375095367432, 0.2262391597032547, 0.23551976680755615, 0.22685863077640533, 0.22749096155166626, 0.22740833461284637, 0.2285965383052826, 0.22665603458881378, 0.2269393503665924, 0.2270166426897049, 0.22735649347305298, 0.22672489285469055, 0.22587177157402039, 0.2265998125076294, 0.22550317645072937, 0.2260712832212448, 0.22575534880161285, 0.22657866775989532, 0.2260548621416092, 0.22596529126167297, 0.22541339695453644, 0.22483865916728973, 0.22572557628154755, 0.22433553636074066, 0.22486382722854614, 0.226381316781044, 0.22623661160469055, 0.2242162674665451, 0.22442883253097534, 0.22367775440216064, 0.2238093763589859, 0.22427989542484283, 0.22349165380001068, 0.22376984357833862, 0.22385667264461517, 0.22378674149513245, 0.22433432936668396, 0.2249804139137268, 0.22389884293079376, 0.22548528015613556, 0.22275623679161072, 0.22494089603424072, 0.22346171736717224, 0.2232896387577057, 0.22295597195625305, 0.22225749492645264, 0.22321456670761108, 0.22218574583530426, 0.22243157029151917, 0.22189241647720337, 0.22481389343738556, 0.22365380823612213, 0.2228185087442398, 0.22174574434757233, 0.22182102501392365, 0.22518493235111237, 0.2230163961648941, 0.2220878154039383, 0.2213585078716278, 0.22070875763893127, 0.220947265625, 0.22003723680973053, 0.22002415359020233, 0.2204807698726654, 0.2205028533935547, 0.22048580646514893, 0.22106266021728516, 0.2212030440568924, 0.22041334211826324, 0.2200174778699875, 0.22028011083602905, 0.2210761308670044, 0.21967194974422455, 0.21938060224056244, 0.21963249146938324, 0.21968615055084229, 0.22138305008411407, 0.21934367716312408, 0.21897754073143005, 0.21956966817378998, 0.22015994787216187, 0.2191314846277237, 0.21990476548671722, 0.21844463050365448, 0.22105272114276886, 0.22020292282104492, 0.22005651891231537, 0.21859098970890045, 0.21918626129627228, 0.21837730705738068, 0.21846909821033478, 0.21870015561580658, 0.21812795102596283, 0.2192445546388626, 0.21785348653793335, 0.21815571188926697, 0.21913261711597443, 0.2185395061969757, 0.2