,number,value,datetime_start,datetime_complete,duration,params_batch_size_scaler,params_constant_learning_rate,params_depth,params_epochs,params_kernel_l2,params_num_trees,params_temperature,user_attrs_accuracy_test,user_attrs_accuracy_valid,user_attrs_approximate_feature_sparsity,user_attrs_approximate_feature_sparsity_history,user_attrs_approximate_weight_sparsity,user_attrs_approximate_weight_sparsity_history,user_attrs_auc_test,user_attrs_auc_valid,user_attrs_feature_sparsity,user_attrs_feature_sparsity_history,user_attrs_num_epochs,user_attrs_val_loss_history,user_attrs_weight_sparsity,user_attrs_weight_sparsity_history,state
15,15,0.6886424237740079,2024-08-31 00:52:54.091215,2024-08-31 00:54:13.994016,0 days 00:01:19.902801,64,0.018463693074294716,5,345,0.01046596431068761,83,0.002155867143004561,0.859,0.85875,33,"[33, 33, 33, 33, 33, 33, 33, 33, 33, 33, 33, 33, 33, 33, 33, 33, 33, 33, 33, 33, 33, 33, 33, 33, 33, 33, 33, 33, 33, 33, 33, 33, 33, 33, 33, 33, 33, 33, 33, 33, 33, 33, 33, 33, 33, 33, 33, 33, 33, 33, 33, 33, 33, 33, 33, 33, 33, 33, 33, 33, 33, 33, 33, 33, 33, 33, 33, 33, 33, 33, 33, 33, 33, 33, 33, 33, 33, 33, 33, 33, 33, 33, 33, 33, 33, 33, 33, 33, 33, 33, 33, 33, 33, 33, 33, 33, 33, 33, 33, 33, 33, 33, 33, 33, 33, 33, 33, 33, 33, 33, 33, 33, 33, 33, 33, 33, 33, 33, 33, 33, 33, 33, 33, 33, 33, 33, 33, 33, 33, 33, 33, 33, 33, 33, 33, 33, 33, 33, 33, 33, 33, 33, 33, 33, 33, 33, 33, 33, 33, 33, 33, 33, 33, 33, 33, 33, 33, 33, 33, 33, 33, 33, 33, 33, 33, 33, 33, 33, 33, 33, 33, 33, 33, 33, 33, 33, 33, 33, 33, 33, 33, 33, 33, 33, 33, 33, 33, 33, 33, 33, 33, 33, 33, 33, 33, 33, 33, 33, 33, 33, 33, 33, 33, 33, 33, 33, 33, 33, 33, 33, 33, 33, 33, 33, 33, 33, 33, 33, 33, 33, 33, 33, 33, 33, 33, 33, 33, 33, 33, 33, 33, 33, 33, 33, 33, 33, 33, 33, 33, 33, 33, 33, 33, 33, 33, 33, 33, 33, 33, 33, 33, 33, 33, 33, 33, 33, 33, 33, 33, 33, 33, 33, 33, 33, 33, 33, 33, 33, 33, 33, 33, 33, 33, 33, 33, 33, 33, 33, 33, 33, 33, 33, 33, 33, 33, 33, 33, 33, 33, 33, 33, 33, 33, 33, 33, 33, 33, 33, 33, 33, 33, 33, 33, 33, 33, 33, 33, 33, 33, 33, 33, 33, 33, 33, 33, 33, 33, 33, 33, 33, 33, 33, 33, 33, 33, 33, 33, 33, 33, 33, 33, 33, 33, 33, 33, 33, 33, 33, 33, 33, 33, 33, 33, 33, 33]",32.92965410027205,"[32.933929265448896, 32.9374271278663, 32.937815779246016, 32.93703847648659, 32.93975903614458, 32.93703847648659, 32.938981733385155, 32.93626117372717, 32.93587252234745, 32.937815779246016, 32.93781577924602, 32.940536338904, 32.940536338903996, 32.938981733385155, 32.939370384764864, 32.940536338904, 32.940536338904, 32.93975903614458, 32.94092499028372, 32.94092499028372, 32.94014768752429, 32.93937038476487, 32.93703847648659, 32.93742712786631, 32.937815779246016, 32.938981733385155, 32.93975903614458, 32.93975903614458, 32.939370384764864, 32.940536338904, 32.93703847648659, 32.936649825106876, 32.93820443062573, 32.93975903614458, 32.93859308200544, 32.93975903614458, 32.941313641663434, 32.940147687524295, 32.938981733385155, 32.93859308200544, 32.938981733385155, 32.93781577924602, 32.93664982510688, 32.93820443062573, 32.93859308200544, 32.938981733385155, 32.93664982510688, 32.93703847648659, 32.936649825106876, 32.935483870967744, 32.93315196268947, 32.93315196268947, 32.934317916828604, 32.935095219588035, 32.93509521958803, 32.93237465993004, 32.93237465993004, 32.93120870579091, 32.93198600855033, 32.93120870579091, 32.93082005441119, 32.93120870579091, 32.93198600855033, 32.932763311309756, 32.93159735717062, 32.93043140303148, 32.93120870579091, 32.93237465993004, 32.93159735717062, 32.93237465993004, 32.93082005441119, 32.933151962689465, 32.93237465993004, 32.932763311309756, 32.934317916828604, 32.93159735717062, 32.930431403031484, 32.93004275165177, 32.93354061406918, 32.93354061406918, 32.933929265448896, 32.933151962689465, 32.932763311309756, 32.931597357170624, 32.930431403031484, 32.93082005441119, 32.93082005441119, 32.93082005441119, 32.92965410027206, 32.929265448892345, 32.92887679751263, 32.93004275165177, 32.930431403031484, 32.93004275165177, 32.930431403031484, 32.930431403031484, 32.93120870579091, 32.932763311309756, 32.93082005441119, 32.93004275165177, 32.929265448892345, 32.93004275165177, 32.93120870579091, 32.932763311309756, 32.934317916828604, 32.933929265448896, 32.933151962689465, 32.93354061406918, 32.93120870579091, 32.93082005441119, 32.93237465993004, 32.93159735717062, 32.93198600855033, 32.933151962689465, 32.93354061406918, 32.93120870579091, 32.93004275165177, 32.928876797512636, 32.92887679751263, 32.92965410027205, 32.93043140303148, 32.93159735717062, 32.930431403031484, 32.93082005441119, 32.93043140303148, 32.93159735717062, 32.93237465993004, 32.93159735717062, 32.934317916828604, 32.93392926544889, 32.93509521958803, 32.935095219588035, 32.93237465993004, 32.93237465993004, 32.93159735717062, 32.93237465993004, 32.93198600855033, 32.93237465993004, 32.93237465993004, 32.932763311309756, 32.93237465993004, 32.932763311309756, 32.93237465993004, 32.93198600855033, 32.932763311309756, 32.93354061406918, 32.93587252234745, 32.93509521958803, 32.93354061406918, 32.93354061406918, 32.932763311309756, 32.93315196268947, 32.933929265448896, 32.93470656820832, 32.933929265448896, 32.933929265448896, 32.933929265448896, 32.93354061406918, 32.93198600855033, 32.931597357170624, 32.92848814613292, 32.93004275165177, 32.92848814613292, 32.929265448892345, 32.92965410027206, 32.930431403031484, 32.92848814613292, 32.9277108433735, 32.92887679751263, 32.93082005441119, 32.93198600855033, 32.930431403031484, 32.92965410027206, 32.930431403031484, 32.92965410027206, 32.92887679751263, 32.929265448892345, 32.92887679751263, 32.93043140303148, 32.928876797512636, 32.92848814613292, 32.92732219199379, 32.924212980956085, 32.92382432957637, 32.924212980956085, 32.92226972405752, 32.92537893509522, 32.92576758647493, 32.923435678196654, 32.92576758647493, 32.92499028371551, 32.92654488923436, 32.924212980956085, 32.924212980956085, 32.925378935095225, 32.92460163233579, 32.92537893509522, 32.92576758647493, 32.92499028371551, 32.92848814613292, 32.92848814613292, 32.92848814613292, 32.929265448892345, 32.92887679751263, 32.92732219199379, 32.929265448892345, 32.930431403031484, 32.9308200544112, 32.92965410027206, 32.929265448892345, 32.9277108433735, 32.9277108433735, 32.92887679751263, 32.929265448892345, 32.92965410027206, 32.930431403031484, 32.93198600855033, 32.93315196268947, 32.932763311309756, 32.93159735717062, 32.93082005441119, 32.930431403031484, 32.92848814613291, 32.92848814613291, 32.928099494753205, 32.92848814613292, 32.92965410027206, 32.92848814613292, 32.92771084337349, 32.92732219199378, 32.928099494753205, 32.9312087057909, 32.93120870579091, 32.93004275165177, 32.928099494753205, 32.92965410027206, 32.930431403031484, 32.93043140303148, 32.93237465993004, 32.93198600855033, 32.93159735717062, 32.93120870579091, 32.92887679751263, 32.929265448892345, 32.92771084337349, 32.92576758647493, 32.92615623785464, 32.928099494753205, 32.92654488923436, 32.92693354061407, 32.92615623785465, 32.925378935095225, 32.92343567819666, 32.92499028371551, 32.92460163233579, 32.92537893509522, 32.923435678196654, 32.923047026816946, 32.923047026816946, 32.923047026816946, 32.92343567819666, 32.923047026816946, 32.92343567819666, 32.92499028371551, 32.92382432957637, 32.92460163233579, 32.92460163233579, 32.92654488923436, 32.923435678196654, 32.92421298095608, 32.92460163233579, 32.92460163233579, 32.92421298095608, 32.92576758647493, 32.925767586474926, 32.9277108433735, 32.92537893509522, 32.92576758647493, 32.92615623785464, 32.92732219199378, 32.92693354061407, 32.926933540614066, 32.92732219199378, 32.926933540614066, 32.928099494753205, 32.93004275165177, 32.93004275165177, 32.93004275165177, 32.93004275165177, 32.93082005441119, 32.92809949475321, 32.928876797512636, 32.93004275165177, 32.93004275165177, 32.93043140303148, 32.93043140303148, 32.93159735717062, 32.93159735717062, 32.9312087057909, 32.92965410027205, 32.928099494753205, 32.92965410027205, 32.929265448892345, 32.929265448892345, 32.92887679751263, 32.92887679751263, 32.92965410027205, 32.92926544889234, 32.92965410027205, 32.929265448892345, 32.93004275165177, 32.92965410027206, 32.930042751651776, 32.929265448892345, 32.92965410027206, 32.92965410027206, 32.92965410027206, 32.9312087057909, 32.93043140303148, 32.93315196268947, 32.934317916828604, 32.93587252234746, 32.935095219588035, 32.93354061406918, 32.933929265448896, 32.933929265448896, 32.933929265448896, 32.932763311309756, 32.93315196268947, 32.93354061406918, 32.93082005441119, 32.930431403031484, 32.93004275165177, 32.93082005441119, 32.92965410027206, 32.93004275165177, 32.92848814613292, 32.93004275165177, 32.92809949475321, 32.92848814613292, 32.929265448892345, 32.93004275165177, 32.928876797512636, 32.92848814613292, 32.92965410027205]",0.724535374301307,0.6886424237740079,33,"[33, 33, 33, 33, 33, 33, 33, 33, 33, 33, 33, 33, 33, 33, 33, 33, 33, 33, 33, 33, 33, 33, 33, 33, 33, 33, 33, 33, 33, 33, 33, 33, 33, 33, 33, 33, 33, 33, 33, 33, 33, 33, 33, 33, 33, 33, 33, 33, 33, 33, 33, 33, 33, 33, 33, 33, 33, 33, 33, 33, 33, 33, 33, 33, 33, 33, 33, 33, 33, 33, 33, 33, 33, 33, 33, 33, 33, 33, 33, 33, 33, 33, 33, 33, 33, 33, 33, 33, 33, 33, 33, 33, 33, 33, 33, 33, 33, 33, 33, 33, 33, 33, 33, 33, 33, 33, 33, 33, 33, 33, 33, 33, 33, 33, 33, 33, 33, 33, 33, 33, 33, 33, 33, 33, 33, 33, 33, 33, 33, 33, 33, 33, 33, 33, 33, 33, 33, 33, 33, 33, 33, 33, 33, 33, 33, 33, 33, 33, 33, 33, 33, 33, 33, 33, 33, 33, 33, 33, 33, 33, 33, 33, 33, 33, 33, 33, 33, 33, 33, 33, 33, 33, 33, 33, 33, 33, 33, 33, 33, 33, 33, 33, 33, 33, 33, 33, 33, 33, 33, 33, 33, 33, 33, 33, 33, 33, 33, 33, 33, 33, 33, 33, 33, 33, 33, 33, 33, 33, 33, 33, 33, 33, 33, 33, 33, 33, 33, 33, 33, 33, 33, 33, 33, 33, 33, 33, 33, 33, 33, 33, 33, 33, 33, 33, 33, 33, 33, 33, 33, 33, 33, 33, 33, 33, 33, 33, 33, 33, 33, 33, 33, 33, 33, 33, 33, 33, 33, 33, 33, 33, 33, 33, 33, 33, 33, 33, 33, 33, 33, 33, 33, 33, 33, 33, 33, 33, 33, 33, 33, 33, 33, 33, 33, 33, 33, 33, 33, 33, 33, 33, 33, 33, 33, 33, 33, 33, 33, 33, 33, 33, 33, 33, 33, 33, 33, 33, 33, 33, 33, 33, 33, 33, 33, 33, 33, 33, 33, 33, 33, 33, 33, 33, 33, 33, 33, 33, 33, 33, 33, 33, 33, 33, 33, 33, 33, 33, 33, 33, 33, 33, 33, 33, 33, 33, 33]",345,"[0.6447234153747559, 0.6025698184967041, 0.5708332061767578, 0.5449007749557495, 0.5233948826789856, 0.5045637488365173, 0.48911410570144653, 0.4768790304660797, 0.46648460626602173, 0.4577158987522125, 0.4498733878135681, 0.44423285126686096, 0.4383765757083893, 0.4339982569217682, 0.42993876338005066, 0.4264671206474304, 0.42359989881515503, 0.4209018051624298, 0.41834744811058044, 0.41654932498931885, 0.4146336615085602, 0.41282787919044495, 0.4114096760749817, 0.41025248169898987, 0.4091908931732178, 0.4081040620803833, 0.4073224663734436, 0.40658068656921387, 0.4058900475502014, 0.40540584921836853, 0.404867947101593, 0.4044698476791382, 0.4039318859577179, 0.40346163511276245, 0.40312784910202026, 0.40274515748023987, 0.4023813009262085, 0.4020330011844635, 0.40161430835723877, 0.4012852907180786, 0.40098002552986145, 0.4007352888584137, 0.4004236161708832, 0.4000888168811798, 0.3998444080352783, 0.3995925486087799, 0.39941075444221497, 0.3991967737674713, 0.3989635109901428, 0.3987390995025635, 0.39854195713996887, 0.3983291685581207, 0.39814722537994385, 0.39791789650917053, 0.3977881371974945, 0.3976331651210785, 0.3974730372428894, 0.39730602502822876, 0.39715033769607544, 0.3969615697860718, 0.3968028128147125, 0.39664557576179504, 0.39650893211364746, 0.396363228559494, 0.39621102809906006, 0.39606812596321106, 0.39592206478118896, 0.3957968056201935, 0.3956727087497711, 0.3955420255661011, 0.3954191207885742, 0.3952830135822296, 0.39515969157218933, 0.39503127336502075, 0.3949336111545563, 0.3947879672050476, 0.39466172456741333, 0.39456644654273987, 0.3944484293460846, 0.3943239152431488, 0.3941890597343445, 0.39404478669166565, 0.3939208984375, 0.39379486441612244, 0.39367973804473877, 0.3935566842556, 0.3934171795845032, 0.3932868540287018, 0.393184095621109, 0.39307481050491333, 0.3929600119590759, 0.39282408356666565, 0.3927008807659149, 0.3925739526748657, 0.3924747407436371, 0.39235419034957886, 0.39225855469703674, 0.39212852716445923, 0.3920179605484009, 0.3919137716293335, 0.391780287027359, 0.3916596472263336, 0.3915427029132843, 0.39143508672714233, 0.3913264870643616, 0.39120692014694214, 0.39108994603157043, 0.39101070165634155, 0.3909153640270233, 0.39081114530563354, 0.39070042967796326, 0.3905915319919586, 0.3904803991317749, 0.3903685510158539, 0.39025771617889404, 0.39015689492225647, 0.390053927898407, 0.3899461328983307, 0.3898323178291321, 0.38973456621170044, 0.3896256983280182, 0.3895225524902344, 0.38943785429000854, 0.3893435001373291, 0.38925978541374207, 0.3891545534133911, 0.38903677463531494, 0.3889181613922119, 0.3888227045536041, 0.3887195587158203, 0.38862666487693787, 0.38854271173477173, 0.3884553015232086, 0.3883582651615143, 0.38826367259025574, 0.3881880044937134, 0.38810890913009644, 0.388010710477829, 0.3879370391368866, 0.3878551721572876, 0.38776978850364685, 0.3877028226852417, 0.38762274384498596, 0.38753241300582886, 0.38745734095573425, 0.38737818598747253, 0.3872811794281006, 0.3871970474720001, 0.3870922923088074, 0.38698410987854004, 0.3868989050388336, 0.38681530952453613, 0.386743426322937, 0.38664400577545166, 0.3865690529346466, 0.386467844247818, 0.38638269901275635, 0.3863142728805542, 0.3862193822860718, 0.386132150888443, 0.3860647976398468, 0.38598743081092834, 0.3859003484249115, 0.38581451773643494, 0.38574641942977905, 0.38565441966056824, 0.38558468222618103, 0.3855276107788086, 0.38545310497283936, 0.38538140058517456, 0.38530081510543823, 0.3852258324623108, 0.3851502239704132, 0.38506820797920227, 0.38498347997665405, 0.38489723205566406, 0.38482433557510376, 0.3847395181655884, 0.38465428352355957, 0.3845721185207367, 0.38448527455329895, 0.38440749049186707, 0.38434749841690063, 0.38427814841270447, 0.3842010200023651, 0.3841235637664795, 0.38406381011009216, 0.3839908838272095, 0.38392123579978943, 0.3838506042957306, 0.3837701678276062, 0.3836967349052429, 0.3836347460746765, 0.38355740904808044, 0.3834960460662842, 0.38342785835266113, 0.38335728645324707, 0.38329246640205383, 0.3832172155380249, 0.3831403851509094, 0.38307568430900574, 0.3829911947250366, 0.38292235136032104, 0.3828561007976532, 0.38280028104782104, 0.38272571563720703, 0.38266879320144653, 0.3826107680797577, 0.3825477957725525, 0.3824801743030548, 0.3824240565299988, 0.38235655426979065, 0.38226136565208435, 0.38218018412590027, 0.3821012079715729, 0.38203442096710205, 0.3819895088672638, 0.3819049596786499, 0.3818299472332001, 0.38176077604293823, 0.3817012310028076, 0.3816368579864502, 0.3815905451774597, 0.38154762983322144, 0.3814760446548462, 0.38140803575515747, 0.38135242462158203, 0.38130298256874084, 0.3812485635280609, 0.3811873495578766, 0.38113167881965637, 0.3810840845108032, 0.38102492690086365, 0.3809719383716583, 0.38090717792510986, 0.38086262345314026, 0.38079822063446045, 0.38074183464050293, 0.38070136308670044, 0.38062962889671326, 0.38055601716041565, 0.38049912452697754, 0.38043418526649475, 0.38038167357444763, 0.38030731678009033, 0.3802516460418701, 0.38020628690719604, 0.38016968965530396, 0.38009312748908997, 0.3800369203090668, 0.3799917697906494, 0.3799419701099396, 0.3798883557319641, 0.3798486292362213, 0.3797954320907593, 0.3797433376312256, 0.3796754777431488, 0.3796182870864868, 0.37956324219703674, 0.3794998228549957, 0.37944769859313965, 0.37939488887786865, 0.3793570399284363, 0.3793102502822876, 0.3792531490325928, 0.379192054271698, 0.37913256883621216, 0.379085898399353, 0.3790145218372345, 0.3789750337600708, 0.37892356514930725, 0.3788715600967407, 0.3788085877895355, 0.37874358892440796, 0.3786885142326355, 0.378632128238678, 0.37856900691986084, 0.3785051703453064, 0.37846100330352783, 0.3784197270870209, 0.3783985376358032, 0.3783687353134155, 0.3783227801322937, 0.3782680034637451, 0.3782201409339905, 0.3781673312187195, 0.37812718749046326, 0.3780827224254608, 0.37803977727890015, 0.37800097465515137, 0.377949595451355, 0.3778940439224243, 0.3778376877307892, 0.37781932950019836, 0.3777697682380676, 0.37771815061569214, 0.377669095993042, 0.3776077926158905, 0.3775613307952881, 0.37750351428985596, 0.3774627447128296, 0.3774181604385376, 0.37734344601631165, 0.3772997260093689, 0.37726378440856934, 0.3772221505641937, 0.3771840035915375, 0.37713778018951416, 0.3770838677883148, 0.3770343065261841, 0.37699082493782043, 0.37697097659111023, 0.3769272565841675, 0.3769020140171051, 0.37686091661453247, 0.3767954111099243, 0.376753568649292, 0.37668150663375854, 0.37663719058036804, 0.3766055703163147, 0.37655875086784363, 0.37651851773262024, 0.3764733076095581, 0.37642183899879456, 0.3763855993747711, 0.3763178884983063, 0.37627550959587097, 0.3762356638908386, 0.37620118260383606, 0.3761712312698364, 0.37613505125045776, 0.3760949671268463, 0.37606707215309143, 0.3760131597518921, 0.3759685754776001, 0.3759321868419647, 0.3759198486804962, 0.3759078085422516, 0.3758609890937805, 0.37582531571388245, 0.3757694959640503, 0.3757215738296509, 0.37570807337760925, 0.37567299604415894, 0.3756255805492401]",33.0,"[33.0, 33.0, 33.0, 33.0, 33.0, 33.0, 33.0, 33.0, 33.0, 33.0, 33.0, 33.0, 33.0, 33.0, 33.0, 33.0, 33.0, 33.0, 33.0, 33.0, 33.0, 33.0, 33.0, 33.0, 33.0, 33.0, 33.0, 33.0, 33.0, 33.0, 33.0, 33.0, 33.0, 33.0, 33.0, 33.0, 33.0, 33.0, 33.0, 33.0, 33.0, 33.0, 33.0, 33.0, 33.0, 33.0, 33.0, 33.0, 33.0, 33.0, 33.0, 33.0, 33.0, 33.0, 33.0, 33.0, 33.0, 33.0, 33.0, 33.0, 33.0, 33.0, 33.0, 33.0, 33.0, 33.0, 33.0, 33.0, 33.0, 33.0, 33.0, 33.0, 33.0, 33.0, 33.0, 33.0, 33.0, 33.0, 33.0, 33.0, 33.0, 33.0, 33.0, 33.0, 33.0, 33.0, 33.0, 33.0, 33.0, 33.0, 33.0, 33.0, 33.0, 33.0, 33.0, 33.0, 33.0, 33.0, 33.0, 33.0, 33.0, 33.0, 33.0, 33.0, 33.0, 33.0, 33.0, 33.0, 33.0, 33.0, 33.0, 33.0, 33.0, 33.0, 33.0, 33.0, 33.0, 33.0, 33.0, 33.0, 33.0, 33.0, 33.0, 33.0, 33.0, 33.0, 33.0, 33.0, 33.0, 33.0, 33.0, 33.0, 33.0, 33.0, 33.0, 33.0, 33.0, 33.0, 33.0, 33.0, 33.0, 33.0, 33.0, 33.0, 33.0, 33.0, 33.0, 33.0, 33.0, 33.0, 33.0, 33.0, 33.0, 33.0, 33.0, 33.0, 33.0, 33.0, 33.0, 33.0, 33.0, 33.0, 33.0, 33.0, 33.0, 33.0, 33.0, 33.0, 33.0, 33.0, 33.0, 33.0, 33.0, 33.0, 33.0, 33.0, 33.0, 33.0, 33.0, 33.0, 33.0, 33.0, 33.0, 33.0, 33.0, 33.0, 33.0, 33.0, 33.0, 33.0, 33.0, 33.0, 33.0, 33.0, 33.0, 33.0, 33.0, 33.0, 33.0, 33.0, 33.0, 33.0, 33.0, 33.0, 33.0, 33.0, 33.0, 33.0, 33.0, 33.0, 33.0, 33.0, 33.0, 33.0, 33.0, 33.0, 33.0, 33.0, 33.0, 33.0, 33.0, 33.0, 33.0, 33.0, 33.0, 33.0, 33.0, 33.0, 33.0, 33.0, 33.0, 33.0, 33.0, 33.0, 33.0, 33.0, 33.0, 33.0, 33.0, 33.0, 33.0, 33.0, 33.0, 33.0, 33.0, 33.0, 33.0, 33.0, 33.0, 33.0, 33.0, 33.0, 33.0, 33.0, 33.0, 33.0, 33.0, 33.0, 33.0, 33.0, 33.0, 33.0, 33.0, 33.0, 33.0, 33.0, 33.0, 33.0, 33.0, 33.0, 33.0, 33.0, 33.0, 33.0, 33.0, 33.0, 33.0, 33.0, 33.0, 33.0, 33.0, 33.0, 33.0, 33.0, 33.0, 33.0, 33.0, 33.0, 33.0, 33.0, 33.0, 33.0, 33.0, 33.0, 33.0, 33.0, 33.0, 33.0, 33.0, 33.0, 33.0, 33.0, 33.0, 33.0, 33.0, 33.0, 33.0, 33.0, 33.0, 33.0, 33.0, 33.0, 33.0, 33.0, 33.0, 33.0, 33.0, 33.0, 33.0, 33.0, 33.0, 33.0, 33.0, 33.0, 33.0, 33.0, 33.0, 33.0, 33.0, 33.0, 33.0, 33.0, 33.0, 33.0, 33.0, 33.0, 33.0, 33.0, 33.0, 33.0, 33.0, 33.0, 33.0, 33.0, 33.0]",COMPLETE
