,number,value,datetime_start,datetime_complete,duration,params_batch_size_scaler,params_constant_learning_rate,params_depth,params_epochs,params_kernel_l2,params_num_trees,params_temperature,user_attrs_accuracy_test,user_attrs_accuracy_valid,user_attrs_approximate_feature_sparsity,user_attrs_approximate_feature_sparsity_history,user_attrs_approximate_weight_sparsity,user_attrs_approximate_weight_sparsity_history,user_attrs_auc_test,user_attrs_auc_valid,user_attrs_feature_sparsity,user_attrs_feature_sparsity_history,user_attrs_num_epochs,user_attrs_val_loss_history,user_attrs_weight_sparsity,user_attrs_weight_sparsity_history,state
112,112,0.8450618953768468,2024-08-31 04:56:11.849128,2024-08-31 05:07:30.304751,0 days 00:11:18.455623,1,1.20684634235868,4,470,0.0013753974734948928,98,0.0023532163110367437,0.879,0.88375,4,"[6, 5, 4, 4, 4, 4, 4, 4, 4, 4, 4, 4, 4, 4, 4, 4, 4, 4, 4, 4, 4, 4, 4, 4, 4, 4, 4, 4, 4, 4, 4, 4, 4, 4, 4, 4, 4, 4, 4, 4, 4, 4, 4, 4, 4, 4, 4, 4, 4, 4, 4, 4, 4, 4, 4, 4, 4, 4, 4, 4, 4, 4, 4, 4, 4, 4, 4, 4, 4, 4, 4, 4, 4, 4, 4, 4, 4, 4, 4, 4, 4, 4, 4, 4, 4, 4, 4, 4, 4, 4, 4, 4, 4, 4, 4, 4, 4, 4, 4, 4, 4, 4, 4, 4, 4, 4, 4, 4, 4, 4, 4, 4, 4, 4, 4, 4, 4, 4, 4, 4, 4, 4, 4, 4, 4, 4, 4, 4, 4, 4, 4, 4, 4, 4, 4, 4, 4, 4, 4, 4, 4, 4, 4, 4, 4, 4, 4, 4, 4, 4, 4, 4, 4, 4, 4, 4, 4, 4, 4, 4, 4, 4, 4, 4, 4, 4, 4, 4, 4, 4, 4, 4, 4, 4, 4, 4, 4, 4, 4, 4, 4, 4, 4, 4, 4, 4, 4, 4, 4, 4, 4, 4, 4, 4, 4, 4, 4, 4, 4, 4, 4, 4, 4, 4, 4, 4, 4, 4, 4, 4, 4, 4, 4, 4, 4, 4, 4, 4, 4, 4, 4, 4, 4, 4, 4, 4, 4, 4, 4, 4, 4, 4, 4, 4, 4, 4, 4, 4, 4, 4, 4, 4, 4, 4, 4, 4, 4, 4, 4, 4, 4, 4, 4, 4, 4, 4, 4, 4, 4, 4, 4, 4, 4, 4, 4, 4, 4, 4, 4, 4, 4, 4, 4, 4, 4, 4, 4, 4, 4, 4, 4, 4, 4, 4, 4, 4, 4, 4, 4, 4, 4, 4, 4, 4, 4, 4, 4, 4, 4, 4, 4, 4, 4, 4, 4, 4, 4, 4, 4, 4, 4, 4, 4, 4, 4, 4, 4, 4, 4, 4, 4, 4, 4, 4, 4, 4, 4, 4, 4, 4, 4, 4, 4, 4, 4, 4, 4, 4, 4, 4, 4, 4, 4, 4, 4, 4, 4, 4, 4, 4, 4, 4, 4, 4, 4, 4, 4, 4, 4, 4, 4, 4, 4, 4, 4, 4, 4, 4, 4, 4, 4, 4, 4, 4, 4, 4, 4, 4, 4, 4, 4, 4, 4, 4, 4, 4, 4, 4, 4, 4, 4, 4, 4, 4, 4, 4, 4, 4, 4, 4, 4, 4, 4, 4, 4, 4, 4, 4, 4, 4, 4, 4, 4, 4, 4, 4, 4, 4, 4, 4, 4, 4, 4, 4, 4, 4, 4, 4, 4, 4, 4, 4, 4, 4, 4, 4, 4, 4, 4, 4, 4, 4, 4, 4, 4, 4, 4, 4, 4, 4, 4, 4, 4, 4, 4, 4, 4, 4, 4, 4, 4, 4, 4, 4, 4, 4, 4, 4, 4, 4]",3.993877551020408,"[5.991156462585034, 4.992517006802721, 3.9945578231292513, 3.9993197278911565, 3.9979591836734696, 3.9952380952380953, 3.998639455782313, 3.998639455782313, 3.997278911564626, 3.9959183673469383, 3.997959183673469, 3.998639455782313, 3.9993197278911565, 3.994557823129252, 3.9959183673469387, 3.996598639455782, 3.9931972789115644, 3.993197278911565, 3.997278911564626, 3.9952380952380953, 3.996598639455782, 3.9959183673469387, 3.996598639455782, 3.9959183673469383, 3.9931972789115644, 3.9938775510204083, 3.9952380952380953, 3.9959183673469387, 3.9952380952380953, 3.991156462585034, 3.9938775510204083, 3.996598639455782, 3.994557823129252, 3.996598639455782, 3.993197278911565, 3.9959183673469387, 3.9938775510204083, 3.994557823129252, 3.994557823129252, 3.9952380952380953, 3.9918367346938775, 3.9918367346938775, 3.993877551020408, 3.993877551020408, 3.9918367346938775, 3.994557823129252, 3.9952380952380953, 3.996598639455782, 3.997959183673469, 3.9952380952380953, 3.996598639455782, 3.996598639455782, 3.9959183673469387, 3.996598639455782, 3.997278911564626, 3.9959183673469383, 3.9993197278911565, 3.996598639455782, 3.996598639455782, 3.9945578231292513, 3.996598639455782, 3.998639455782313, 3.9945578231292513, 3.997278911564626, 3.9952380952380953, 3.997278911564626, 3.996598639455782, 3.9959183673469387, 3.9931972789115644, 3.9959183673469387, 3.9938775510204083, 3.9938775510204083, 3.989795918367347, 3.9952380952380953, 3.9938775510204083, 3.998639455782313, 3.997959183673469, 3.998639455782313, 3.997278911564626, 3.9952380952380953, 3.9959183673469387, 3.994557823129252, 3.996598639455782, 3.9959183673469387, 3.9904761904761905, 3.9972789115646257, 3.9959183673469387, 3.994557823129252, 3.9959183673469387, 3.9945578231292513, 3.9938775510204083, 3.9959183673469383, 3.9952380952380953, 3.9931972789115644, 3.993877551020408, 3.996598639455782, 3.9952380952380953, 3.996598639455782, 3.9952380952380953, 3.996598639455782, 3.996598639455782, 3.9952380952380953, 3.9979591836734696, 3.997278911564626, 3.993877551020408, 3.9945578231292513, 3.996598639455782, 3.9938775510204083, 3.9959183673469387, 3.9931972789115644, 3.9959183673469387, 3.9925170068027214, 3.9952380952380953, 3.9952380952380953, 3.9931972789115644, 3.9952380952380953, 3.9938775510204083, 3.9959183673469387, 3.991156462585034, 3.993877551020408, 3.993877551020408, 3.9945578231292513, 3.9931972789115644, 3.9931972789115644, 3.9897959183673466, 3.993877551020408, 3.992517006802721, 3.9959183673469387, 3.9959183673469387, 3.995918367346939, 3.9979591836734696, 3.995918367346939, 3.9979591836734696, 3.996598639455782, 3.9952380952380953, 3.998639455782313, 3.993877551020408, 3.9993197278911565, 3.995918367346939, 3.996598639455782, 3.996598639455782, 3.9925170068027214, 3.9925170068027214, 3.9959183673469387, 3.9945578231292513, 3.9959183673469387, 3.994557823129252, 3.997278911564626, 3.993877551020408, 3.996598639455782, 3.9918367346938775, 3.9959183673469387, 3.996598639455782, 3.9979591836734696, 3.994557823129252, 3.996598639455782, 3.994557823129252, 3.9945578231292513, 3.9952380952380953, 3.9952380952380953, 3.9945578231292513, 3.998639455782313, 3.9959183673469387, 3.9952380952380953, 3.9952380952380953, 3.9931972789115644, 3.997959183673469, 3.9952380952380953, 3.997278911564626, 3.996598639455782, 3.993877551020408, 3.997278911564626, 3.998639455782313, 3.9952380952380953, 3.9959183673469387, 3.9952380952380953, 3.997278911564626, 3.9959183673469387, 3.9959183673469387, 3.995918367346939, 3.995918367346939, 3.997959183673469, 3.9952380952380953, 3.9938775510204083, 3.993877551020408, 3.9938775510204083, 3.997278911564626, 3.9931972789115644, 3.997959183673469, 3.9931972789115644, 3.9938775510204083, 3.992517006802721, 3.9931972789115644, 3.996598639455782, 3.9959183673469387, 3.9945578231292513, 3.9931972789115644, 3.997278911564626, 3.9959183673469387, 3.992517006802721, 3.996598639455782, 3.997278911564626, 3.996598639455782, 3.992517006802721, 3.994557823129252, 3.9931972789115644, 3.9952380952380953, 3.997278911564626, 3.9952380952380953, 3.997278911564626, 3.996598639455782, 3.996598639455782, 3.9945578231292513, 3.995918367346939, 3.9952380952380953, 3.9952380952380953, 3.9959183673469387, 3.9925170068027214, 3.9952380952380953, 3.995918367346939, 3.996598639455782, 3.9959183673469383, 3.9952380952380953, 3.9959183673469387, 3.9952380952380953, 3.993877551020408, 3.9931972789115644, 3.992517006802721, 3.996598639455782, 3.997278911564626, 3.997959183673469, 3.996598639455782, 3.996598639455782, 3.996598639455782, 3.998639455782313, 3.9959183673469387, 3.9952380952380953, 3.9945578231292513, 3.9959183673469387, 3.9945578231292513, 3.9952380952380953, 3.9938775510204083, 3.9952380952380953, 3.995918367346939, 3.9952380952380953, 3.9959183673469383, 3.9952380952380953, 3.9904761904761905, 3.9938775510204083, 3.9945578231292513, 3.9938775510204083, 3.9959183673469383, 3.9952380952380953, 3.9931972789115644, 3.9959183673469387, 3.997278911564626, 3.9952380952380953, 3.9959183673469383, 3.997959183673469, 3.9959183673469387, 3.9952380952380953, 3.9952380952380953, 3.9938775510204083, 3.998639455782313, 3.9959183673469387, 3.9925170068027214, 3.9925170068027214, 3.9925170068027214, 3.9952380952380953, 3.996598639455782, 3.9938775510204083, 3.9938775510204083, 3.9959183673469387, 3.9938775510204083, 3.9959183673469387, 3.9925170068027214, 3.9945578231292513, 3.9945578231292513, 3.996598639455782, 3.992517006802721, 3.994557823129252, 3.996598639455782, 3.9952380952380953, 3.994557823129252, 3.996598639455782, 3.996598639455782, 3.9952380952380953, 3.996598639455782, 3.9959183673469387, 3.998639455782313, 3.997278911564626, 3.996598639455782, 3.997959183673469, 3.997278911564626, 3.9952380952380953, 3.9938775510204083, 3.997278911564626, 3.9959183673469387, 3.998639455782313, 3.9959183673469387, 3.9959183673469387, 3.995918367346939, 3.997278911564626, 3.996598639455782, 3.9952380952380953, 3.996598639455782, 3.9945578231292513, 3.9959183673469387, 3.996598639455782, 3.997278911564626, 3.9979591836734696, 3.9952380952380953, 3.9993197278911565, 3.9979591836734696, 3.996598639455782, 3.997278911564626, 3.995918367346939, 3.9979591836734696, 3.996598639455782, 3.996598639455782, 3.9938775510204083, 3.997278911564626, 3.997278911564626, 3.997278911564626, 3.9959183673469387, 3.996598639455782, 3.996598639455782, 3.996598639455782, 3.996598639455782, 3.997278911564626, 3.998639455782313, 3.9938775510204083, 3.996598639455782, 3.994557823129252, 3.9952380952380953, 3.996598639455782, 3.9938775510204083, 3.997278911564626, 3.9959183673469387, 3.993877551020408, 3.9959183673469387, 3.997278911564626, 3.9952380952380953, 3.998639455782313, 3.997278911564626, 3.9959183673469387, 3.9952380952380953, 3.9959183673469387, 3.9931972789115644, 3.992517006802721, 3.9959183673469387, 3.9952380952380953, 3.996598639455782, 3.9938775510204083, 3.9938775510204083, 3.9959183673469387, 3.9959183673469387, 3.9979591836734696, 3.9952380952380953, 3.995918367346939, 3.996598639455782, 3.9952380952380953, 3.997278911564626, 3.9979591836734696, 3.997278911564626, 3.997959183673469, 3.997278911564626, 3.9959183673469387, 3.9952380952380953, 3.996598639455782, 3.9931972789115644, 3.993877551020408, 3.9959183673469387, 3.9945578231292513, 3.9952380952380953, 3.9959183673469383, 3.9931972789115644, 3.9904761904761905, 3.992517006802721, 3.9952380952380953, 3.9918367346938775, 3.996598639455782, 3.9952380952380953, 3.9945578231292513, 3.9931972789115644, 3.993877551020408, 3.9972789115646257, 3.9952380952380953, 3.9952380952380953, 3.993877551020408, 3.9945578231292513, 3.991156462585034, 3.9938775510204083, 3.9938775510204083, 3.9931972789115644, 3.9918367346938775, 3.9931972789115644, 3.994557823129252, 3.9931972789115644, 3.9952380952380953, 3.9952380952380953, 3.9952380952380953, 3.9979591836734696, 3.996598639455782, 3.995918367346939, 3.995918367346939, 3.9945578231292513, 3.9959183673469387, 3.996598639455782, 3.9959183673469387, 3.996598639455782, 3.9952380952380953, 3.9959183673469387, 3.9959183673469387, 3.9931972789115644, 3.9931972789115644, 3.9931972789115644, 3.9952380952380953, 3.996598639455782, 3.9952380952380953, 3.9959183673469387, 3.996598639455782, 3.9959183673469387, 3.9938775510204083, 3.9931972789115644, 3.996598639455782, 3.9938775510204083, 3.9938775510204083, 3.9959183673469387, 3.9952380952380953, 3.994557823129252, 3.997278911564626, 3.9931972789115644, 3.9945578231292513, 3.9979591836734696, 3.996598639455782, 3.997278911564626, 3.993877551020408, 3.9959183673469387, 3.9959183673469387, 3.9952380952380953, 3.9952380952380953, 3.9952380952380953, 3.992517006802721, 3.9959183673469387, 3.9945578231292513, 3.996598639455782, 3.9952380952380953, 3.996598639455782, 3.9925170068027214, 3.9938775510204083, 3.995918367346939, 3.992517006802721, 3.9925170068027214, 3.9952380952380953, 3.9952380952380953, 3.997278911564626, 3.9925170068027214, 3.993877551020408, 3.9945578231292513, 3.9918367346938775, 3.9945578231292513, 3.9959183673469387, 3.9938775510204083, 3.9959183673469387, 3.992517006802721, 3.9952380952380953, 3.9952380952380953, 3.9952380952380953, 3.993877551020408]",0.8327182357846415,0.8450618953768468,4,"[6, 5, 4, 4, 4, 4, 4, 4, 4, 4, 4, 4, 4, 4, 4, 4, 4, 4, 4, 4, 4, 4, 4, 4, 4, 4, 4, 4, 4, 4, 4, 4, 4, 4, 4, 4, 4, 4, 4, 4, 4, 4, 4, 4, 4, 4, 4, 4, 4, 4, 4, 4, 4, 4, 4, 4, 4, 4, 4, 4, 4, 4, 4, 4, 4, 4, 4, 4, 4, 4, 4, 4, 4, 4, 4, 4, 4, 4, 4, 4, 4, 4, 4, 4, 4, 4, 4, 4, 4, 4, 4, 4, 4, 4, 4, 4, 4, 4, 4, 4, 4, 4, 4, 4, 4, 4, 4, 4, 4, 4, 4, 4, 4, 4, 4, 4, 4, 4, 4, 4, 4, 4, 4, 4, 4, 4, 4, 4, 4, 4, 4, 4, 4, 4, 4, 4, 4, 4, 4, 4, 4, 4, 4, 4, 4, 4, 4, 4, 4, 4, 4, 4, 4, 4, 4, 4, 4, 4, 4, 4, 4, 4, 4, 4, 4, 4, 4, 4, 4, 4, 4, 4, 4, 4, 4, 4, 4, 4, 4, 4, 4, 4, 4, 4, 4, 4, 4, 4, 4, 4, 4, 4, 4, 4, 4, 4, 4, 4, 4, 4, 4, 4, 4, 4, 4, 4, 4, 4, 4, 4, 4, 4, 4, 4, 4, 4, 4, 4, 4, 4, 4, 4, 4, 4, 4, 4, 4, 4, 4, 4, 4, 4, 4, 4, 4, 4, 4, 4, 4, 4, 4, 4, 4, 4, 4, 4, 4, 4, 4, 4, 4, 4, 4, 4, 4, 4, 4, 4, 4, 4, 4, 4, 4, 4, 4, 4, 4, 4, 4, 4, 4, 4, 4, 4, 4, 4, 4, 4, 4, 4, 4, 4, 4, 4, 4, 4, 4, 4, 4, 4, 4, 4, 4, 4, 4, 4, 4, 4, 4, 4, 4, 4, 4, 4, 4, 4, 4, 4, 4, 4, 4, 4, 4, 4, 4, 4, 4, 4, 4, 4, 4, 4, 4, 4, 4, 4, 4, 4, 4, 4, 4, 4, 4, 4, 4, 4, 4, 4, 4, 4, 4, 4, 4, 4, 4, 4, 4, 4, 4, 4, 4, 4, 4, 4, 4, 4, 4, 4, 4, 4, 4, 4, 4, 4, 4, 4, 4, 4, 4, 4, 4, 4, 4, 4, 4, 4, 4, 4, 4, 4, 4, 4, 4, 4, 4, 4, 4, 4, 4, 4, 4, 4, 4, 4, 4, 4, 4, 4, 4, 4, 4, 4, 4, 4, 4, 4, 4, 4, 4, 4, 4, 4, 4, 4, 4, 4, 4, 4, 4, 4, 4, 4, 4, 4, 4, 4, 4, 4, 4, 4, 4, 4, 4, 4, 4, 4, 4, 4, 4, 4, 4, 4, 4, 4, 4, 4, 4, 4, 4, 4, 4, 4, 4, 4, 4, 4, 4, 4, 4, 4, 4, 4, 4, 4, 4, 4, 4, 4, 4, 4]",470,"[0.35654011368751526, 0.501776397228241, 0.4745972454547882, 0.3141584098339081, 0.4021299481391907, 0.4512134790420532, 0.31538134813308716, 0.3522310256958008, 0.30392342805862427, 0.30501607060432434, 0.31419187784194946, 0.3159591555595398, 0.3123873770236969, 0.4461619257926941, 0.4152161478996277, 0.34412381052970886, 0.37168797850608826, 0.2972307503223419, 0.3106840252876282, 0.380483478307724, 0.32947543263435364, 0.2955065071582794, 0.6104245185852051, 0.2959144115447998, 0.30819177627563477, 0.2940462827682495, 0.47245654463768005, 0.3040362298488617, 0.38447219133377075, 0.3029487729072571, 0.4239075779914856, 0.30483657121658325, 0.4914586544036865, 0.30121609568595886, 0.3171827495098114, 0.33993327617645264, 0.29640036821365356, 0.3101774752140045, 0.30541691184043884, 0.296311616897583, 0.45475390553474426, 0.47129470109939575, 0.33295363187789917, 0.6643103957176208, 0.314079612493515, 0.30966997146606445, 0.3175395727157593, 0.34280160069465637, 0.30939385294914246, 0.3197558522224426, 0.31118062138557434, 0.364520788192749, 0.29770132899284363, 0.3077959418296814, 0.31225278973579407, 0.31389206647872925, 0.3106733560562134, 0.3372211158275604, 0.5453051924705505, 0.3239138722419739, 0.291874498128891, 0.5451744794845581, 0.9039341807365417, 0.37274670600891113, 0.3008996844291687, 0.5582916736602783, 0.38463759422302246, 0.3346669673919678, 0.410359650850296, 0.5699556469917297, 0.39152848720550537, 0.3044511079788208, 0.5932590961456299, 0.30298182368278503, 0.6765400767326355, 0.3106629252433777, 0.3125482499599457, 0.29526814818382263, 0.300235390663147, 0.4227054715156555, 0.3081410527229309, 0.3016991913318634, 0.33294183015823364, 0.31160685420036316, 0.4653291404247284, 0.30268365144729614, 0.3346657454967499, 0.29192453622817993, 0.32434216141700745, 0.3490917682647705, 0.3483599126338959, 0.30010300874710083, 0.35438716411590576, 0.2904309332370758, 0.35174810886383057, 0.34376195073127747, 0.3001521825790405, 0.4355449378490448, 0.39320799708366394, 0.3945261240005493, 0.44217556715011597, 0.292453795671463, 0.3288261294364929, 0.37626534700393677, 0.2999495267868042, 0.4008791446685791, 0.29106175899505615, 0.3576076626777649, 0.35564228892326355, 0.6258711814880371, 0.3484731614589691, 0.29350030422210693, 0.3011876046657562, 0.34576156735420227, 0.4926976263523102, 0.3650740683078766, 0.2961031496524811, 0.383443683385849, 0.32436421513557434, 0.8593670725822449, 0.3034202456474304, 0.3155897259712219, 0.29255127906799316, 0.29070714116096497, 0.36985358595848083, 0.3022747337818146, 0.31659117341041565, 0.30085763335227966, 0.36588019132614136, 0.4201020896434784, 0.3051402270793915, 0.3282446265220642, 0.29199928045272827, 0.4764917492866516, 0.4692448079586029, 0.38326793909072876, 0.628075122833252, 0.34695252776145935, 0.4032142758369446, 0.2919084429740906, 0.33256644010543823, 0.31661519408226013, 0.3273519277572632, 0.32514476776123047, 0.500939130783081, 0.45192715525627136, 0.3163488507270813, 0.3057483434677124, 0.2978041172027588, 0.2920808494091034, 0.31791964173316956, 0.3757958710193634, 0.46047818660736084, 0.29326555132865906, 0.2946465015411377, 0.2930421531200409, 0.31383782625198364, 0.31456077098846436, 0.3033101558685303, 0.45192572474479675, 0.36816370487213135, 0.295665979385376, 0.3023652136325836, 0.38291457295417786, 0.32231956720352173, 0.2980976700782776, 0.31594955921173096, 0.30594903230667114, 0.45427006483078003, 0.4691300690174103, 0.4913521111011505, 0.30227574706077576, 0.3390443027019501, 0.2940433919429779, 0.3438679873943329, 0.29291602969169617, 0.7208893299102783, 0.30199775099754333, 0.288878470659256, 0.2996874153614044, 0.3125349283218384, 0.4036114513874054, 0.3365533947944641, 0.31887951493263245, 0.3996948003768921, 0.490474671125412, 0.2927228808403015, 0.5677427053451538, 0.3742060363292694, 0.3693179190158844, 0.5373229384422302, 0.5594300627708435, 0.3526628613471985, 0.29413342475891113, 0.3021771311759949, 0.30490681529045105, 0.5040229558944702, 0.3047887086868286, 0.30221182107925415, 0.32232025265693665, 0.30143654346466064, 0.3582279086112976, 0.31382113695144653, 0.3581032454967499, 0.31243619322776794, 1.3107718229293823, 0.33790919184684753, 0.3011668920516968, 0.42294707894325256, 0.30017054080963135, 0.29037946462631226, 0.5606661438941956, 0.31015756726264954, 0.29657667875289917, 0.3580123782157898, 0.3812604546546936, 0.4093421697616577, 0.32499179244041443, 0.44638022780418396, 0.43591082096099854, 0.4366646707057953, 0.36531880497932434, 0.33828243613243103, 0.3288459777832031, 0.3541339039802551, 0.31751811504364014, 0.2980094850063324, 0.593136191368103, 0.40545654296875, 0.3068121075630188, 0.37494099140167236, 0.291106253862381, 0.31226420402526855, 0.3338720202445984, 0.2953461706638336, 0.2959589660167694, 0.39626938104629517, 0.5201475620269775, 0.2975979149341583, 0.3225004971027374, 0.3443291485309601, 0.3221281170845032, 0.36911457777023315, 0.31158676743507385, 0.7197850942611694, 0.30613377690315247, 0.5603853464126587, 0.3243411183357239, 0.3055504262447357, 0.29901137948036194, 0.29078295826911926, 0.2998921275138855, 0.3119979202747345, 0.3343350887298584, 0.484340637922287, 0.8331816792488098, 0.31195032596588135, 0.3378109037876129, 0.2972263693809509, 0.3176409602165222, 0.2933596968650818, 0.40485164523124695, 0.2948673963546753, 0.36093342304229736, 0.2920522689819336, 0.2991805672645569, 0.6314053535461426, 0.3286621570587158, 0.3089917302131653, 0.29962804913520813, 0.35840553045272827, 0.38783982396125793, 0.533094584941864, 0.2955063283443451, 0.3013925850391388, 0.4414978325366974, 0.33373138308525085, 0.30251166224479675, 1.0108435153961182, 0.3600948750972748, 0.30485326051712036, 0.3585289418697357, 0.3324321508407593, 0.3497108221054077, 0.3037070333957672, 0.4843734800815582, 0.34508150815963745, 0.30638113617897034, 0.3374250531196594, 0.33279579877853394, 0.2908344566822052, 0.29929596185684204, 0.31640154123306274, 0.29688796401023865, 0.3188249170780182, 0.44435080885887146, 0.296053022146225, 0.32357555627822876, 0.34532591700553894, 0.30526256561279297, 0.3433886766433716, 0.37063002586364746, 0.29116350412368774, 0.30148911476135254, 0.3537280261516571, 0.2929648458957672, 0.29869553446769714, 0.29580187797546387, 0.2967109978199005, 0.2977791130542755, 0.30885693430900574, 0.29181742668151855, 0.302250474691391, 0.3858070373535156, 0.397858202457428, 0.5722343921661377, 0.2934451997280121, 0.3431522846221924, 0.292011559009552, 0.3610587418079376, 0.30439382791519165, 0.4774283170700073, 0.3411606252193451, 0.3233465254306793, 0.3032260239124298, 0.45734909176826477, 0.304097056388855, 0.31798672676086426, 0.335051029920578, 0.30234965682029724, 0.347940593957901, 0.9575890302658081, 0.374727338552475, 0.30756843090057373, 0.29623085260391235, 0.29994285106658936, 0.3126770555973053, 0.3071690797805786, 0.3011474907398224, 0.31737664341926575, 0.3151196539402008, 0.33793318271636963, 0.3958439230918884, 0.38438037037849426, 0.2955758571624756, 0.742978036403656, 0.32562652230262756, 0.3137613534927368, 0.3313747048377991, 0.4070813059806824, 0.3157278299331665, 0.29338738322257996, 0.29378730058670044, 0.3089951276779175, 0.40111014246940613, 0.3343246877193451, 0.38127070665359497, 0.32664379477500916, 0.31547418236732483, 0.4035881757736206, 0.31175121665000916, 0.2960711419582367, 0.29653123021125793, 0.3159385323524475, 0.3023453652858734, 0.2932354211807251, 0.4086988568305969, 0.2934562861919403, 0.3429543673992157, 0.3182671070098877, 0.29669132828712463, 0.3239932954311371, 0.34281617403030396, 0.30322903394699097, 0.29157721996307373, 0.2982693016529083, 0.43555977940559387, 0.32691890001296997, 0.3715461790561676, 0.49778348207473755, 0.4192309081554413, 0.35106655955314636, 0.31479892134666443, 0.301079660654068, 0.36832401156425476, 0.6495884656906128, 0.37756022810935974, 0.30600666999816895, 0.4511556923389435, 0.3001810610294342, 0.30291321873664856, 0.3136669397354126, 0.32592764496803284, 0.3450263738632202, 0.32494500279426575, 0.35769492387771606, 0.342537522315979, 0.2917267084121704, 0.35832419991493225, 0.30078840255737305, 0.2911001741886139, 0.3291482925415039, 0.30222806334495544, 0.29061126708984375, 0.3071058988571167, 0.37964409589767456, 0.32954177260398865, 0.30544528365135193, 0.42915230989456177, 0.3153577148914337, 0.3606303036212921, 0.3587653338909149, 0.3484269976615906, 0.30331629514694214, 0.3472331762313843, 0.34666478633880615, 0.2977791130542755, 0.2974059283733368, 0.30760326981544495, 0.36163702607154846, 0.3008805215358734, 0.30892014503479004, 0.34126949310302734, 0.3012681305408478, 0.31523755192756653, 0.3510209918022156, 0.45431044697761536, 0.30423325300216675, 0.3601895272731781, 0.37032467126846313, 0.3536255657672882, 0.33171936869621277, 0.29160088300704956, 0.2960740923881531, 0.30449140071868896, 0.2941838204860687, 0.30705079436302185, 0.370158851146698, 0.2939106225967407, 0.3013179898262024, 0.45021721720695496, 0.4242140054702759, 0.30820026993751526, 0.3243131637573242, 0.32370808720588684, 0.301473557949066