,number,value,datetime_start,datetime_complete,duration,params_batch_size_scaler,params_constant_learning_rate,params_depth,params_epochs,params_kernel_l2,params_num_trees,params_temperature,user_attrs_accuracy_test,user_attrs_accuracy_valid,user_attrs_approximate_feature_sparsity,user_attrs_approximate_feature_sparsity_history,user_attrs_approximate_weight_sparsity,user_attrs_approximate_weight_sparsity_history,user_attrs_auc_test,user_attrs_auc_valid,user_attrs_feature_sparsity,user_attrs_feature_sparsity_history,user_attrs_num_epochs,user_attrs_val_loss_history,user_attrs_weight_sparsity,user_attrs_weight_sparsity_history,state
116,116,0.928636755935129,2024-08-31 05:24:34.751391,2024-08-31 05:25:52.048933,0 days 00:01:17.297542,16,1.5100240556535953,4,430,0.001747005196230062,7,0.00043240526353886507,0.947,0.94375,20,"[33, 33, 33, 33, 33, 33, 33, 33, 33, 33, 33, 33, 33, 33, 33, 33, 33, 33, 33, 33, 33, 33, 33, 33, 33, 33, 33, 33, 33, 32, 31, 31, 29, 28, 28, 27, 27, 26, 26, 26, 25, 25, 24, 24, 24, 23, 23, 23, 22, 22, 22, 22, 22, 22, 22, 22, 22, 22, 22, 22, 22, 22, 22, 22, 22, 21, 21, 21, 21, 21, 21, 21, 21, 21, 21, 21, 21, 21, 21, 21, 21, 21, 21, 21, 21, 21, 21, 21, 21, 21, 21, 21, 21, 21, 21, 21, 21, 21, 21, 21, 21, 21, 21, 21, 21, 21, 21, 21, 21, 21, 21, 21, 21, 21, 21, 21, 21, 21, 21, 21, 21, 21, 20, 20, 20, 20, 20, 20, 20, 20, 20, 20, 20, 20, 20, 20, 20, 20, 20, 20, 20, 20, 20, 20, 20, 20, 20, 20, 20, 20, 20, 20, 20, 20, 20, 20, 20, 20, 20, 20, 20, 20, 20, 20, 20, 20, 20, 20, 20, 20, 20, 20, 20, 20, 20, 20, 20, 20, 20, 20, 20, 20, 20, 20, 20, 20, 20, 20, 20, 20, 20, 20, 20, 20, 20, 20, 20, 20, 20, 20, 20, 20, 20, 20, 20, 20, 20, 20, 20, 20, 20, 20, 20, 20, 20, 20, 20, 20, 20, 20, 20, 20, 20, 20, 20, 20, 20, 20, 20, 20, 20, 20, 20, 20, 20, 20, 20, 20, 20, 20, 20, 20, 20, 20, 20, 20, 20, 20, 20, 20, 20, 20, 20, 20, 20, 20, 20, 20, 20, 20, 20, 20, 20, 20, 20, 20, 20, 20, 20, 20, 20, 20, 20, 20, 20, 20, 20, 20, 20, 20, 20, 20, 20, 20, 20, 20, 20, 20, 20, 20, 20, 20, 20, 20, 20, 20, 20, 20, 20, 20, 20, 20, 20, 20, 20, 20, 20, 20, 20, 20, 20, 20, 20, 20, 20, 20, 20, 20, 20, 20, 20, 20, 20, 20, 20, 20, 20, 20, 20, 20, 20, 20, 20, 20, 20, 20, 20, 20, 20, 20, 20, 20, 20, 20, 20, 20, 20, 20, 20, 20, 20, 20, 20, 20, 20, 20, 20, 20, 20, 20, 20, 20, 20, 20, 20, 20, 20, 20, 20, 20, 20, 20, 20, 20, 20, 20, 20, 20, 20, 20, 20, 20, 20, 20, 20, 20, 20, 20, 20, 20, 20, 20, 20, 20, 20, 20, 20, 20, 20, 20, 20, 20, 20, 20, 20, 20, 20, 20, 20, 20, 20, 20, 20, 20, 20, 20, 20, 20, 20, 20, 20, 20, 20, 20, 20, 20, 20, 20, 20, 20]",20.0,"[32.99047619047619, 32.971428571428575, 32.99047619047619, 33.0, 32.99047619047619, 32.971428571428575, 33.0, 32.99047619047619, 32.99047619047619, 32.98095238095238, 32.98095238095238, 32.98095238095238, 32.98095238095238, 32.98095238095238, 32.971428571428575, 32.99047619047619, 32.99047619047619, 33.0, 32.99047619047619, 32.99047619047619, 32.971428571428575, 33.0, 32.99047619047619, 32.98095238095238, 32.971428571428575, 32.99047619047619, 32.99047619047619, 32.99047619047619, 33.0, 31.98095238095238, 31.0, 31.0, 29.0, 27.99047619047619, 27.99047619047619, 26.97142857142857, 26.99047619047619, 25.99047619047619, 26.0, 26.0, 25.0, 24.99047619047619, 23.99047619047619, 23.99047619047619, 23.99047619047619, 22.99047619047619, 23.0, 23.0, 22.0, 21.99047619047619, 22.0, 21.99047619047619, 21.99047619047619, 22.0, 21.98095238095238, 22.0, 22.0, 22.0, 22.0, 21.99047619047619, 22.0, 21.99047619047619, 22.0, 21.99047619047619, 21.99047619047619, 21.0, 21.0, 21.0, 21.0, 21.0, 21.0, 21.0, 21.0, 21.0, 21.0, 21.0, 20.98095238095238, 20.99047619047619, 21.0, 21.0, 20.99047619047619, 20.99047619047619, 21.0, 20.99047619047619, 20.99047619047619, 20.99047619047619, 21.0, 21.0, 21.0, 20.99047619047619, 20.98095238095238, 21.0, 21.0, 21.0, 21.0, 20.99047619047619, 20.99047619047619, 20.99047619047619, 21.0, 20.97142857142857, 21.0, 20.99047619047619, 21.0, 21.0, 20.99047619047619, 20.99047619047619, 21.0, 21.0, 20.98095238095238, 21.0, 20.98095238095238, 21.0, 21.0, 20.99047619047619, 21.0, 20.99047619047619, 20.99047619047619, 21.0, 20.98095238095238, 20.98095238095238, 20.99047619047619, 20.99047619047619, 20.0, 19.99047619047619, 19.99047619047619, 19.99047619047619, 19.99047619047619, 20.0, 20.0, 19.99047619047619, 19.98095238095238, 20.0, 19.99047619047619, 20.0, 20.0, 20.0, 20.0, 20.0, 20.0, 20.0, 19.99047619047619, 19.99047619047619, 19.99047619047619, 19.98095238095238, 19.99047619047619, 19.99047619047619, 19.99047619047619, 19.99047619047619, 19.99047619047619, 20.0, 20.0, 20.0, 20.0, 20.0, 19.99047619047619, 19.99047619047619, 20.0, 20.0, 20.0, 19.99047619047619, 20.0, 20.0, 19.99047619047619, 20.0, 19.99047619047619, 19.99047619047619, 20.0, 20.0, 19.98095238095238, 20.0, 19.99047619047619, 20.0, 20.0, 19.99047619047619, 20.0, 20.0, 20.0, 20.0, 20.0, 20.0, 19.99047619047619, 20.0, 19.99047619047619, 19.99047619047619, 20.0, 19.99047619047619, 20.0, 19.98095238095238, 20.0, 19.98095238095238, 19.99047619047619, 19.98095238095238, 20.0, 19.98095238095238, 19.98095238095238, 19.99047619047619, 19.99047619047619, 19.99047619047619, 19.99047619047619, 19.97142857142857, 19.99047619047619, 20.0, 19.99047619047619, 20.0, 20.0, 20.0, 20.0, 20.0, 19.99047619047619, 19.99047619047619, 20.0, 20.0, 19.99047619047619, 20.0, 20.0, 20.0, 20.0, 20.0, 20.0, 20.0, 20.0, 20.0, 20.0, 19.99047619047619, 19.99047619047619, 20.0, 19.99047619047619, 20.0, 20.0, 20.0, 19.99047619047619, 19.99047619047619, 20.0, 20.0, 19.99047619047619, 20.0, 19.99047619047619, 20.0, 20.0, 20.0, 20.0, 20.0, 20.0, 19.99047619047619, 20.0, 19.99047619047619, 20.0, 20.0, 20.0, 20.0, 19.98095238095238, 20.0, 19.99047619047619, 20.0, 20.0, 20.0, 20.0, 20.0, 20.0, 20.0, 20.0, 20.0, 19.99047619047619, 20.0, 20.0, 20.0, 20.0, 20.0, 20.0, 19.99047619047619, 19.99047619047619, 20.0, 20.0, 20.0, 19.99047619047619, 20.0, 20.0, 19.98095238095238, 20.0, 20.0, 20.0, 19.98095238095238, 19.99047619047619, 20.0, 19.99047619047619, 19.99047619047619, 20.0, 19.99047619047619, 19.99047619047619, 19.99047619047619, 20.0, 19.99047619047619, 19.98095238095238, 19.99047619047619, 20.0, 20.0, 20.0, 19.99047619047619, 19.99047619047619, 20.0, 20.0, 19.99047619047619, 19.99047619047619, 19.99047619047619, 19.99047619047619, 19.99047619047619, 19.99047619047619, 20.0, 20.0, 20.0, 19.99047619047619, 19.99047619047619, 20.0, 19.99047619047619, 20.0, 20.0, 20.0, 20.0, 20.0, 19.98095238095238, 19.98095238095238, 20.0, 19.99047619047619, 19.99047619047619, 20.0, 20.0, 20.0, 19.99047619047619, 19.99047619047619, 20.0, 20.0, 20.0, 20.0, 20.0, 20.0, 19.98095238095238, 20.0, 19.97142857142857, 19.99047619047619, 19.99047619047619, 20.0, 20.0, 19.99047619047619, 20.0, 19.98095238095238, 19.98095238095238, 19.99047619047619, 19.99047619047619, 20.0, 19.99047619047619, 20.0, 20.0, 20.0, 19.98095238095238, 20.0, 19.98095238095238, 19.99047619047619, 19.99047619047619, 19.99047619047619, 19.99047619047619, 19.99047619047619, 20.0, 19.99047619047619, 20.0, 19.98095238095238, 19.98095238095238, 20.0, 20.0, 19.99047619047619, 19.99047619047619, 20.0, 20.0, 20.0, 20.0, 19.99047619047619, 20.0, 19.99047619047619, 20.0, 19.98095238095238, 20.0, 20.0, 20.0, 20.0, 19.98095238095238, 19.98095238095238, 20.0, 20.0, 19.98095238095238, 19.99047619047619, 19.99047619047619, 19.99047619047619, 20.0, 19.98095238095238, 19.98095238095238, 20.0, 20.0, 20.0, 20.0, 19.99047619047619, 20.0, 20.0, 20.0, 20.0, 19.99047619047619, 19.99047619047619, 20.0, 20.0, 19.99047619047619, 19.99047619047619, 20.0, 20.0, 20.0, 19.99047619047619, 20.0, 20.0, 20.0, 19.99047619047619, 19.99047619047619, 20.0, 20.0, 20.0, 20.0, 20.0, 20.0, 20.0, 20.0, 20.0, 20.0, 20.0, 20.0]",0.9271790553092414,0.928636755935129,20,"[33, 33, 33, 33, 33, 33, 33, 33, 33, 33, 33, 33, 33, 33, 33, 33, 33, 33, 33, 33, 33, 33, 33, 33, 33, 33, 33, 33, 33, 32, 31, 31, 29, 28, 28, 27, 27, 26, 26, 26, 25, 25, 24, 24, 24, 23, 23, 23, 22, 22, 22, 22, 22, 22, 22, 22, 22, 22, 22, 22, 22, 22, 22, 22, 22, 21, 21, 21, 21, 21, 21, 21, 21, 21, 21, 21, 21, 21, 21, 21, 21, 21, 21, 21, 21, 21, 21, 21, 21, 21, 21, 21, 21, 21, 21, 21, 21, 21, 21, 21, 21, 21, 21, 21, 21, 21, 21, 21, 21, 21, 21, 21, 21, 21, 21, 21, 21, 21, 21, 21, 21, 21, 20, 20, 20, 20, 20, 20, 20, 20, 20, 20, 20, 20, 20, 20, 20, 20, 20, 20, 20, 20, 20, 20, 20, 20, 20, 20, 20, 20, 20, 20, 20, 20, 20, 20, 20, 20, 20, 20, 20, 20, 20, 20, 20, 20, 20, 20, 20, 20, 20, 20, 20, 20, 20, 20, 20, 20, 20, 20, 20, 20, 20, 20, 20, 20, 20, 20, 20, 20, 20, 20, 20, 20, 20, 20, 20, 20, 20, 20, 20, 20, 20, 20, 20, 20, 20, 20, 20, 20, 20, 20, 20, 20, 20, 20, 20, 20, 20, 20, 20, 20, 20, 20, 20, 20, 20, 20, 20, 20, 20, 20, 20, 20, 20, 20, 20, 20, 20, 20, 20, 20, 20, 20, 20, 20, 20, 20, 20, 20, 20, 20, 20, 20, 20, 20, 20, 20, 20, 20, 20, 20, 20, 20, 20, 20, 20, 20, 20, 20, 20, 20, 20, 20, 20, 20, 20, 20, 20, 20, 20, 20, 20, 20, 20, 20, 20, 20, 20, 20, 20, 20, 20, 20, 20, 20, 20, 20, 20, 20, 20, 20, 20, 20, 20, 20, 20, 20, 20, 20, 20, 20, 20, 20, 20, 20, 20, 20, 20, 20, 20, 20, 20, 20, 20, 20, 20, 20, 20, 20, 20, 20, 20, 20, 20, 20, 20, 20, 20, 20, 20, 20, 20, 20, 20, 20, 20, 20, 20, 20, 20, 20, 20, 20, 20, 20, 20, 20, 20, 20, 20, 20, 20, 20, 20, 20, 20, 20, 20, 20, 20, 20, 20, 20, 20, 20, 20, 20, 20, 20, 20, 20, 20, 20, 20, 20, 20, 20, 20, 20, 20, 20, 20, 20, 20, 20, 20, 20, 20, 20, 20, 20, 20, 20, 20, 20, 20, 20, 20, 20, 20, 20, 20, 20, 20, 20, 20, 20, 20, 20, 20, 20, 20, 20, 20, 20, 20, 20, 20, 20]",430,"[0.3689718544483185, 0.35434916615486145, 0.3417395353317261, 0.3275328576564789, 0.3139449656009674, 0.3006983995437622, 0.28828322887420654, 0.27906352281570435, 0.271042138338089, 0.2656012177467346, 0.2580132782459259, 0.24645012617111206, 0.2436269372701645, 0.23579800128936768, 0.2323209047317505, 0.22558417916297913, 0.22084271907806396, 0.21601371467113495, 0.21303996443748474, 0.21148709952831268, 0.2096075415611267, 0.21033327281475067, 0.20865172147750854, 0.20245076715946198, 0.2024083286523819, 0.20141592621803284, 0.19736935198307037, 0.19884905219078064, 0.1917853206396103, 0.18994739651679993, 0.18842653930187225, 0.19022275507450104, 0.193184494972229, 0.19796907901763916, 0.19248878955841064, 0.1946686953306198, 0.18880262970924377, 0.1875140368938446, 0.18618319928646088, 0.1821473240852356, 0.1828630417585373, 0.18386133015155792, 0.17753809690475464, 0.17848166823387146, 0.17672967910766602, 0.17242811620235443, 0.17216482758522034, 0.17418105900287628, 0.17165356874465942, 0.17103929817676544, 0.16741608083248138, 0.17112284898757935, 0.16943340003490448, 0.16531358659267426, 0.1669614017009735, 0.16696882247924805, 0.16941949725151062, 0.165080726146698, 0.16833926737308502, 0.17179954051971436, 0.16290053725242615, 0.16322380304336548, 0.16227437555789948, 0.17134277522563934, 0.16406121850013733, 0.163472980260849, 0.1603543907403946, 0.16076189279556274, 0.15697817504405975, 0.16387712955474854, 0.16074185073375702, 0.16363295912742615, 0.15659575164318085, 0.1586208939552307, 0.15755099058151245, 0.1613561511039734, 0.1564912050962448, 0.1604834944009781, 0.15853331983089447, 0.16584163904190063, 0.1603415459394455, 0.15632937848567963, 0.1574765294790268, 0.15461133420467377, 0.15661798417568207, 0.15579290688037872, 0.16250258684158325, 0.15518398582935333, 0.15711288154125214, 0.15572011470794678, 0.15897150337696075, 0.15836101770401, 0.15978144109249115, 0.15533699095249176, 0.1559629589319229, 0.1554170548915863, 0.15515217185020447, 0.15246877074241638, 0.15986944735050201, 0.1590050905942917, 0.15385739505290985, 0.1570051908493042, 0.1556250900030136, 0.15331125259399414, 0.1503993570804596, 0.15638244152069092, 0.15372729301452637, 0.16250808537006378, 0.15496830642223358, 0.15180440247058868, 0.15265649557113647, 0.1553647667169571, 0.15143947303295135, 0.15287728607654572, 0.15116465091705322, 0.15013942122459412, 0.1532350778579712, 0.15242913365364075, 0.15037834644317627, 0.15752041339874268, 0.15247534215450287, 0.15307214856147766, 0.15447291731834412, 0.152535542845726, 0.14786039292812347, 0.14992833137512207, 0.14978502690792084, 0.1490159034729004, 0.1500389128923416, 0.1515509933233261, 0.15224513411521912, 0.14856146275997162, 0.14945493638515472, 0.15381008386611938, 0.1490716189146042, 0.14967116713523865, 0.1538604199886322, 0.15318869054317474, 0.14893755316734314, 0.1502063125371933, 0.15616147220134735, 0.1482776403427124, 0.15476574003696442, 0.14774884283542633, 0.14679908752441406, 0.14819805324077606, 0.14490698277950287, 0.14654096961021423, 0.1446390599012375, 0.14649325609207153, 0.1462644338607788, 0.14741738140583038, 0.14950546622276306, 0.15688593685626984, 0.15022015571594238, 0.15216565132141113, 0.14571276307106018, 0.15042923390865326, 0.14784789085388184, 0.15040560066699982, 0.14600786566734314, 0.1480429768562317, 0.14677786827087402, 0.14596323668956757, 0.1476445347070694, 0.15138724446296692, 0.1442820131778717, 0.1480848491191864, 0.15499036014080048, 0.15207652747631073, 0.14797908067703247, 0.14997704327106476, 0.14931149780750275, 0.1490076333284378, 0.14637355506420135, 0.14902465045452118, 0.14873413741588593, 0.14793793857097626, 0.15108530223369598, 0.1484214961528778, 0.15025214850902557, 0.14908850193023682, 0.1510528028011322, 0.15204006433486938, 0.14975515007972717, 0.15233738720417023, 0.15808138251304626, 0.14952610433101654, 0.15288810431957245, 0.15090622007846832, 0.15992523729801178, 0.15829361975193024, 0.15121342241764069, 0.15192469954490662, 0.15520544350147247, 0.1512090265750885, 0.1548376977443695, 0.15329593420028687, 0.16908769309520721, 0.15695440769195557, 0.15364064276218414, 0.15201446413993835, 0.15555024147033691, 0.15781259536743164, 0.15631747245788574, 0.1549500972032547, 0.1543813943862915, 0.1528392732143402, 0.15861330926418304, 0.1572854220867157, 0.15992939472198486, 0.15903089940547943, 0.15379901230335236, 0.15782541036605835, 0.1594654768705368, 0.15681251883506775, 0.16054609417915344, 0.16430656611919403, 0.15909859538078308, 0.158583864569664, 0.1840483695268631, 0.16413429379463196, 0.1615159809589386, 0.15951113402843475, 0.1582561433315277, 0.16070908308029175, 0.16107851266860962, 0.16157808899879456, 0.1584722399711609, 0.15819796919822693, 0.17037124931812286, 0.1628747135400772, 0.16623829305171967, 0.1606179177761078, 0.1582021564245224, 0.16333642601966858, 0.16475793719291687, 0.16011133790016174, 0.1622375249862671, 0.16115789115428925, 0.1638004630804062, 0.1630897969007492, 0.16864551603794098, 0.17593982815742493, 0.17110781371593475, 0.1704043596982956, 0.16486725211143494, 0.16977018117904663, 0.16968707740306854, 0.17364782094955444, 0.165939062833786, 0.16689305007457733, 0.1661446988582611, 0.16576828062534332, 0.17149712145328522, 0.1730649620294571, 0.16621337831020355, 0.16923284530639648, 0.17157921195030212, 0.16737981140613556, 0.17303399741649628, 0.1698678731918335, 0.17421124875545502, 0.17232435941696167, 0.17319904267787933, 0.1724337786436081, 0.17970427870750427, 0.17316675186157227, 0.17205795645713806, 0.17715059220790863, 0.17249739170074463, 0.1728249043226242, 0.1731944978237152, 0.17227059602737427, 0.17511804401874542, 0.17817969620227814, 0.1755162477493286, 0.17555344104766846, 0.17474395036697388, 0.172856405377388, 0.1755775809288025, 0.1756654977798462, 0.17420139908790588, 0.1754211038351059, 0.17953720688819885, 0.18218934535980225, 0.18863390386104584, 0.18030914664268494, 0.1774401068687439, 0.18497604131698608, 0.17619159817695618, 0.1890561729669571, 0.1858285367488861, 0.18137414753437042, 0.18204084038734436, 0.17976917326450348, 0.1915857493877411, 0.18090614676475525, 0.18344606459140778, 0.18277820944786072, 0.18650458753108978, 0.18190228939056396, 0.18717560172080994, 0.1875617653131485, 0.18489713966846466, 0.18429811298847198, 0.1858452558517456, 0.1880808025598526, 0.18783441185951233, 0.1894487887620926, 0.18976245820522308, 0.19129659235477448, 0.205960214138031, 0.19232229888439178, 0.19120869040489197, 0.19160863757133484, 0.1899239718914032, 0.19128967821598053, 0.1968807578086853, 0.19115933775901794, 0.19068847596645355, 0.19301463663578033, 0.1900559812784195, 0.19409336149692535, 0.19223430752754211, 0.19446147978305817, 0.1958000212907791, 0.1955299973487854, 0.21313652396202087, 0.1930711716413498, 0.19248969852924347, 0.19462598860263824, 0.19842387735843658, 0.19731174409389496, 0.19439424574375153, 0.19298020005226135, 0.19230833649635315, 0.19466286897659302, 0.19466067850589752, 0.2008608877658844, 0.20894841849803925, 0.19896836578845978, 0.2018466591835022, 0.19732984900474548, 0.2003740519285202, 0.20290489494800568, 0.1990519016981125, 0.1993250995874405, 0.19885697960853577, 0.19956430792808533, 0.19989164173603058, 0.2020256668329239, 0.20747479796409607, 0.20147740840911865, 0.20562094449996948, 0.20324428379535675, 0.20302364230155945, 0.19965152442455292, 0.20484215021133423, 0.20793142914772034, 0.20285362005233765, 0.20201194286346436, 0.20742164552211761, 0.207312673330307, 0.20733807981014252, 0.21162422001361847, 0.21157681941986084, 0.2086215615272522, 0.21267323195934296, 0.20776106417179108, 0.2376585751771927, 0.20545634627342224, 0.20891903340816498, 0.21433943510055542, 0.20773117244243622, 0.2093968391418457, 0.20752191543579102, 0.20854651927947998, 0.21848775446414948, 0.21116994321346283, 0.21362347900867462, 0.21349211037158966, 0.21334967017173767, 0.21855145692825317, 0.21120214462280273, 0.2162034809589386, 0.22169063985347748, 0.21230322122573853, 0.21201421320438385, 0.2148977667093277, 0.21295681595802307, 0.2213152050971985, 0.21418756246566772, 0.21728084981441498, 0.21780018508434296, 0.22744762897491455, 0.22037294507026672, 0.21827402710914612, 0.2206222116947174, 0.21941831707954407, 0.22521072626113892, 0.22881263494491577, 0.2256888598203659, 0.22340066730976105, 0.23007553815841675, 0.22142496705055237, 0.21959078311920166, 0.21899667382240295, 0.22081415355205536, 0.22653652727603912, 0.22448328137397766, 0.2276894599199295, 0.22303134202957153, 0.22240719199180603, 0.22332510352134705, 0.22904634475708008, 0.22610430419445038, 0.22580699622631073, 0.2303197681903839, 0.22623533010482788, 0.22661051154136658, 0.2278003692626953, 0.2286372184753418, 0.22469466924667358, 0.23217231035232544, 0.227582648396492, 0.22833673655986786, 0.2259167730808258, 0.2313143014907837, 0.23055458068847656]",20.0,"[33.0, 33.0, 33.0, 33.0, 33.0, 33.0, 33.0, 33.0, 33.0, 33.0, 33.0, 33.0, 33.0, 33.0, 33.0, 33.0, 33.0, 33.0, 33.0, 33.0, 33.0, 33.0, 33.0, 33.0, 33.0, 33.0, 33.0, 33.0, 33.0, 32.0, 31.0, 31.0, 29.0, 28.0, 28.0, 27.0, 27.0, 26.0, 26.0, 26.0, 25.0, 25.0, 24.0, 24.0, 24.0, 23.0, 23.0, 23.0, 22.0, 22.0, 22.0, 22.0, 22.0, 22.0, 22.0, 22.0, 22.0, 22.0, 22.0, 22.0, 22.0, 22.0, 22.0, 22.0, 22.0, 21.0, 21.0, 21.0, 21.0, 21.0, 21.0, 21.0, 21.0, 21.0, 21.0, 21.0, 21.0, 21.0, 21.0, 21.0, 21.0, 21.0, 21.0, 21.0, 21.0, 21.0, 21.0, 21.0, 21.0, 21.0, 21.0, 21.0, 21.0, 21.0, 21.0, 21.0, 21.0, 21.0, 21.0, 21.0, 21.0, 21.0, 21.0, 21.0, 21.0, 21.0, 21.0, 21.0, 21.0, 21.0, 21.0, 21.0, 21.0, 21.0, 21.0, 21.0, 21.0, 21.0, 21.0, 21.0, 21.0, 21.0, 20.0, 20.0, 20.0, 20.0, 20.0, 20.0, 20.0, 20.0, 20.0, 20.0, 20.0, 20.0, 20.0, 20.0, 20.0, 20.0, 20.0, 20.0, 20.0, 20.0, 20.0, 20.0, 20.0, 20.0, 20.0, 20.0, 20.0, 20.0, 20.0, 20.0, 20.0, 20.0, 20.0, 20.0, 20.0, 20.0, 20.0, 20.0, 20.0, 20.0, 20.0, 20.0, 20.0, 20.0, 20.0, 20.0, 20.0, 20.0, 20.0, 20.0, 20.0, 20.0, 20.0, 20.0, 20.0, 20.0, 20.0, 20.0, 20.0, 20.0, 20.0, 20.0, 20.0, 20.0, 20.0, 20.0, 20.0, 20.0, 20.0, 20.0, 20.0, 20.0, 20.0, 20.0, 20.0, 20.0, 20.0, 20.0, 20.0, 20.0, 20.0, 20.0, 20.0, 20.0, 20.0, 20.0, 20.0, 20.0, 20.0, 20.0, 20.0, 20.0, 20.0, 20.0, 20.0, 20.0, 20.0, 20.0, 20.0, 20.0, 20.0, 20.0, 20.0, 20.0, 20.0, 20.0, 20.0, 20.0, 20.0, 20.0, 20.0, 20.0, 20.0, 20.0, 20.0, 20.0, 20.0, 20.0, 20.0, 20.0, 20.0, 20.0, 20.0, 20.0, 20.0, 20.0, 20.0, 20.0, 20.0, 20.0, 20.0, 20.0, 20.0, 20.0, 20.0, 20.0, 20.0, 20.0, 20.0, 20.0, 20.0, 20.0, 20.0, 20.0, 20.0, 20.0, 20.0, 20.0, 20.0, 20.0, 20.0, 20.0, 20.0, 20.0, 20.0, 20.0, 20.0, 20.0, 20.0, 20.0, 20.0, 20.0, 20.0, 20.0, 20.0, 20.0, 20.0, 20.0, 20.0, 20.0, 20.0, 20.0, 20.0, 20.0, 20.0, 20.0, 20.0, 20.0, 20.0, 20.0, 20.0, 20.0, 20.0, 20.0, 20.0, 20.0, 20.0, 20.0, 20.0, 20.0, 20.0, 20.0, 20.0, 20.0, 20.0, 20.0, 20.0, 20.0, 20.0, 20.0, 20.0, 20.0, 20.0, 20.0, 20.0, 20.0, 20.0, 20.0, 20.0, 20.0, 20.0, 20.0, 20.0, 20.0, 20.0, 20.0, 20.0, 20.0, 20.0, 20.0, 20.0, 20.0, 20.0, 20.0, 20.0, 20.0, 20.0, 20.0, 20.0, 20.0, 20.0, 20.0, 20.0, 20.0, 20.0, 20.0, 20.0, 20.0, 20.0, 20.0, 20.0, 20.0, 20.0, 20.0, 20.0, 20.0, 20.0, 20.0, 20.0, 20.0, 20.0, 20.0, 20.0, 20.0, 20.0, 20.0, 20.0, 20.0, 20.0, 20.0, 20.0, 20.0, 20.0, 20.0, 20.0, 20.0, 20.0, 20.0, 20.0, 20.0, 20.0, 20.0, 20.0, 20.0, 20.0, 20.0, 20.0, 20.0, 20.0, 20.0, 20.0, 20.0, 20.0, 20.0, 20.0, 20.0, 20.0, 20.0, 20.0, 20.0, 20.0, 20.0, 20.0, 20.0, 20.0, 20.0, 20.0, 20.0, 20.0, 20.0, 20.0, 20.0, 20.0, 20.0, 20.0, 20.0, 20.0, 20.0]",COMPLETE
