,number,value,datetime_start,datetime_complete,duration,params_batch_size_scaler,params_constant_learning_rate,params_depth,params_epochs,params_kernel_l2,params_num_trees,params_temperature,user_attrs_accuracy_test,user_attrs_accuracy_valid,user_attrs_approximate_feature_sparsity,user_attrs_approximate_feature_sparsity_history,user_attrs_approximate_weight_sparsity,user_attrs_approximate_weight_sparsity_history,user_attrs_auc_test,user_attrs_auc_valid,user_attrs_feature_sparsity,user_attrs_feature_sparsity_history,user_attrs_num_epochs,user_attrs_val_loss_history,user_attrs_weight_sparsity,user_attrs_weight_sparsity_history,state
4,4,0.78141464105834,2024-08-31 00:35:58.848129,2024-08-31 00:37:15.981025,0 days 00:01:17.132896,16,0.13388357662108655,5,130,0.04615540741274238,51,0.007495360612116703,0.88,0.875,33,"[33, 33, 33, 33, 33, 33, 33, 33, 33, 33, 33, 33, 33, 33, 33, 33, 33, 33, 33, 33, 33, 33, 33, 33, 33, 33, 33, 33, 33, 33, 33, 33, 33, 33, 33, 33, 33, 33, 33, 33, 33, 33, 33, 33, 33, 33, 33, 33, 33, 33, 33, 33, 33, 33, 33, 33, 33, 33, 33, 33, 33, 33, 33, 33, 33, 33, 33, 33, 33, 33, 33, 33, 33, 33, 33, 33, 33, 33, 33, 33, 33, 33, 33, 33, 33, 33, 33, 33, 33, 33, 33, 33, 33, 33, 33, 33, 33, 33, 33, 33, 33, 33, 33, 33, 33, 33, 33, 33, 33, 33, 33, 33, 33, 33, 33, 33, 33, 33, 33, 33, 33, 33, 33, 33, 33, 33, 33, 33, 33, 33]",32.94370651486401,"[32.9392789373814, 32.95635673624289, 32.94750158127767, 32.951296647691336, 32.94054395951929, 32.94370651486401, 32.93674889310563, 32.942441492726125, 32.939911448450346, 32.93611638203669, 32.94750158127767, 32.95066413662239, 32.94939911448451, 32.94813409234662, 32.95003162555345, 32.95003162555345, 32.94750158127768, 32.94813409234661, 32.95572422517394, 32.95003162555345, 32.948766603415564, 32.9449715370019, 32.94560404807084, 32.94370651486401, 32.94307400379507, 32.948766603415564, 32.94750158127767, 32.95003162555345, 32.95003162555345, 32.95066413662239, 32.95192915876028, 32.94686907020873, 32.951296647691336, 32.953194180898166, 32.946869070208734, 32.94750158127767, 32.95003162555345, 32.95635673624288, 32.95762175838077, 32.95572422517394, 32.95445920303605, 32.95635673624288, 32.957621758380775, 32.95445920303605, 32.953194180898166, 32.957621758380775, 32.955091714104995, 32.946236559139784, 32.953194180898166, 32.94939911448451, 32.94939911448451, 32.955091714104995, 32.95635673624289, 32.95003162555345, 32.94939911448451, 32.95066413662239, 32.955091714104995, 32.946236559139784, 32.94686907020873, 32.9449715370019, 32.94686907020873, 32.94813409234661, 32.94813409234661, 32.94560404807084, 32.94813409234661, 32.939911448450346, 32.93991144845035, 32.942441492726125, 32.94686907020873, 32.95192915876028, 32.94560404807084, 32.94180898165718, 32.94560404807084, 32.95256166982922, 32.95066413662239, 32.94686907020873, 32.94939911448451, 32.94813409234661, 32.9449715370019, 32.94623655913979, 32.94750158127768, 32.94750158127768, 32.940543959519296, 32.94560404807084, 32.94750158127768, 32.946869070208734, 32.93927893738141, 32.93864642631247, 32.93801391524352, 32.94117647058823, 32.942441492726125, 32.94560404807084, 32.94117647058824, 32.944339025932955, 32.94307400379507, 32.94054395951929, 32.94307400379507, 32.94117647058823, 32.94370651486401, 32.94370651486401, 32.942441492726125, 32.944339025932955, 32.942441492726125, 32.94813409234662, 32.946869070208734, 32.94813409234661, 32.9449715370019, 32.94370651486401, 32.9449715370019, 32.95003162555345, 32.95192915876028, 32.95256166982922, 32.95445920303605, 32.95382669196711, 32.951296647691336, 32.94560404807084, 32.94750158127768, 32.9449715370019, 32.94117647058823, 32.94560404807084, 32.94813409234661, 32.94686907020873, 32.951296647691336, 32.9449715370019, 32.94370651486401, 32.94370651486401, 32.9392789373814, 32.94370651486401, 32.94686907020873, 32.94370651486401]",0.8084776129261304,0.78141464105834,33,"[33, 33, 33, 33, 33, 33, 33, 33, 33, 33, 33, 33, 33, 33, 33, 33, 33, 33, 33, 33, 33, 33, 33, 33, 33, 33, 33, 33, 33, 33, 33, 33, 33, 33, 33, 33, 33, 33, 33, 33, 33, 33, 33, 33, 33, 33, 33, 33, 33, 33, 33, 33, 33, 33, 33, 33, 33, 33, 33, 33, 33, 33, 33, 33, 33, 33, 33, 33, 33, 33, 33, 33, 33, 33, 33, 33, 33, 33, 33, 33, 33, 33, 33, 33, 33, 33, 33, 33, 33, 33, 33, 33, 33, 33, 33, 33, 33, 33, 33, 33, 33, 33, 33, 33, 33, 33, 33, 33, 33, 33, 33, 33, 33, 33, 33, 33, 33, 33, 33, 33, 33, 33, 33, 33, 33, 33, 33, 33, 33, 33]",130,"[0.42747747898101807, 0.40377768874168396, 0.3983516991138458, 0.39520350098609924, 0.39271727204322815, 0.3907286524772644, 0.38893765211105347, 0.38717886805534363, 0.38564082980155945, 0.38419559597969055, 0.3829971253871918, 0.38182008266448975, 0.38071465492248535, 0.3796978294849396, 0.37870240211486816, 0.37784451246261597, 0.377090722322464, 0.37619030475616455, 0.37540772557258606, 0.3746705651283264, 0.3739870488643646, 0.3735024929046631, 0.37278541922569275, 0.3721727132797241, 0.37156882882118225, 0.37101250886917114, 0.37048548460006714, 0.37003859877586365, 0.3695978820323944, 0.3690943121910095, 0.36867547035217285, 0.3680611550807953, 0.36752620339393616, 0.3671802580356598, 0.36681392788887024, 0.36624714732170105, 0.3657587170600891, 0.3655381500720978, 0.36508166790008545, 0.3646598756313324, 0.3642396926879883, 0.3639177680015564, 0.3635704815387726, 0.3631148040294647, 0.3627493679523468, 0.36230984330177307, 0.36199745535850525, 0.36159080266952515, 0.3611147999763489, 0.3608783483505249, 0.3604172170162201, 0.36006787419319153, 0.35972264409065247, 0.3592240810394287, 0.3588160574436188, 0.35840344429016113, 0.3580184280872345, 0.35758131742477417, 0.3571787178516388, 0.3568033277988434, 0.35644352436065674, 0.3560202717781067, 0.35572341084480286, 0.3552703559398651, 0.35489192605018616, 0.35447925329208374, 0.3540708124637604, 0.3536776006221771, 0.35333892703056335, 0.35289329290390015, 0.35254189372062683, 0.3521425724029541, 0.3517320156097412, 0.3514724671840668, 0.3510863482952118, 0.3506222069263458, 0.35026684403419495, 0.34980690479278564, 0.3494085669517517, 0.34904319047927856, 0.34871071577072144, 0.3483773469924927, 0.34805384278297424, 0.3477590084075928, 0.3473884165287018, 0.3470921218395233, 0.34668266773223877, 0.3463660776615143, 0.34592780470848083, 0.34547674655914307, 0.34505560994148254, 0.3447771966457367, 0.3443962037563324, 0.34395840764045715, 0.3435440957546234, 0.3432081341743469, 0.34279006719589233, 0.3424374759197235, 0.3420971930027008, 0.3417264223098755, 0.3413854241371155, 0.3410142660140991, 0.34061965346336365, 0.34013256430625916, 0.33980900049209595, 0.3394811153411865, 0.3391250967979431, 0.3387085199356079, 0.33840087056159973, 0.33790722489356995, 0.3375564217567444, 0.3371691107749939, 0.33692872524261475, 0.33645015954971313, 0.3360346257686615, 0.33556026220321655, 0.335242360830307, 0.3348333239555359, 0.3346259593963623, 0.33421123027801514, 0.3338218927383423, 0.333389550447464, 0.3329671025276184, 0.3324842154979706, 0.3320353329181671, 0.33162838220596313, 0.3312486410140991, 0.33086517453193665, 0.33046436309814453, 0.33002638816833496]",33.0,"[33.0, 33.0, 33.0, 33.0, 33.0, 33.0, 33.0, 33.0, 33.0, 33.0, 33.0, 33.0, 33.0, 33.0, 33.0, 33.0, 33.0, 33.0, 33.0, 33.0, 33.0, 33.0, 33.0, 33.0, 33.0, 33.0, 33.0, 33.0, 33.0, 33.0, 33.0, 33.0, 33.0, 33.0, 33.0, 33.0, 33.0, 33.0, 33.0, 33.0, 33.0, 33.0, 33.0, 33.0, 33.0, 33.0, 33.0, 33.0, 33.0, 33.0, 33.0, 33.0, 33.0, 33.0, 33.0, 33.0, 33.0, 33.0, 33.0, 33.0, 33.0, 33.0, 33.0, 33.0, 33.0, 33.0, 33.0, 33.0, 33.0, 33.0, 33.0, 33.0, 33.0, 33.0, 33.0, 33.0, 33.0, 33.0, 33.0, 33.0, 33.0, 33.0, 33.0, 33.0, 33.0, 33.0, 33.0, 33.0, 33.0, 33.0, 33.0, 33.0, 33.0, 33.0, 33.0, 33.0, 33.0, 33.0, 33.0, 33.0, 33.0, 33.0, 33.0, 33.0, 33.0, 33.0, 33.0, 33.0, 33.0, 33.0, 33.0, 33.0, 33.0, 33.0, 33.0, 33.0, 33.0, 33.0, 33.0, 33.0, 33.0, 33.0, 33.0, 33.0, 33.0, 33.0, 33.0, 33.0, 33.0, 33.0]",COMPLETE
5,5,0.9130501990184334,2024-08-31 00:37:15.988240,2024-08-31 00:47:54.950747,0 days 00:10:38.962507,1,0.3114457033862251,6,220,0.30943134587424365,19,0.001779626704616062,0.938,0.94375,11,"[33, 33, 33, 33, 20, 15, 15, 14, 14, 14, 14, 14, 14, 14, 14, 14, 14, 14, 14, 14, 14, 13, 13, 13, 13, 13, 11, 11, 11, 11, 11, 11, 11, 11, 11, 11, 11, 11, 11, 11, 11, 11, 11, 11, 11, 11, 11, 11, 11, 11, 11, 11, 11, 11, 11, 11, 11, 11, 11, 11, 11, 11, 11, 11, 11, 11, 11, 11, 11, 11, 11, 11, 11, 11, 11, 11, 11, 11, 11, 11, 11, 11, 11, 11, 11, 11, 11, 11, 11, 11, 11, 11, 11, 11, 11, 11, 11, 11, 11, 11, 11, 11, 11, 11, 11, 11, 11, 11, 11, 11, 11, 11, 11, 11, 11, 11, 11, 11, 11, 11, 11, 11, 11, 11, 11, 11, 11, 11, 11, 11, 11, 11, 11, 11, 11, 11, 11, 11, 11, 11, 11, 11, 11, 11, 11, 11, 11, 11, 11, 11, 11, 11, 11, 11, 11, 11, 11, 11, 11, 11, 11, 11, 11, 11, 11, 11, 11, 11, 11, 11, 11, 11, 11, 11, 11, 11, 11, 11, 11, 11, 11, 11, 11, 11, 11, 11, 11, 11, 11, 11, 11, 11, 11, 11, 11, 11, 11, 11, 11, 11, 11, 11, 11, 11, 11, 11, 11, 11, 11, 11, 11, 11, 11, 11, 11, 11, 11, 11, 11, 11]",10.051796157059313,"[32.941520467836256, 32.955722639933164, 32.94569757727652, 32.95488721804511, 19.967418546365916, 14.974937343358395, 14.974937343358395, 13.977443609022556, 13.977443609022556, 13.97159565580618, 13.984962406015038, 13.97076023391813, 13.9766081871345, 13.979949874686715, 13.965747702589807, 13.967418546365916, 13.964912280701755, 13.970760233918128, 13.96908939014202, 13.969924812030074, 13.973266499582289, 12.979114452798662, 12.968253968253967, 12.967418546365913, 12.964912280701753, 12.969924812030072, 10.969924812030074, 10.974101921470341, 10.971595655806182, 10.97159565580618, 10.974101921470343, 10.963241436925646, 10.969089390142022, 10.962406015037594, 10.968253968253968, 10.973266499582289, 10.96658312447786, 10.972431077694234, 10.962406015037594, 10.96908939014202, 10.95655806182122, 10.957393483709273, 10.95655806182122, 10.955722639933166, 10.958228905597327, 10.953216374269006, 10.9515455304929, 10.948203842940686, 10.94235588972431, 10.939014202172096, 10.943191311612365, 10.948203842940686, 10.952380952380953, 10.94903926482874, 10.948203842940686, 10.932330827067668, 10.93483709273183, 10.93734335839599, 10.945697577276524, 10.939849624060152, 10.93483709273183, 10.934001670843777, 10.929824561403507, 10.936507936507937, 10.93483709273183, 10.930659983291562, 10.934001670843775, 10.923976608187134, 10.923976608187134, 10.921470342522973, 10.911445279866332, 10.912280701754385, 10.92063492063492, 10.916457811194652, 10.911445279866332, 10.913951545530493, 10.908939014202172, 10.895572263993316, 10.909774436090224, 10.892230576441102, 10.890559732664995, 10.899749373433583, 10.891395154553049, 10.87468671679198, 10.867167919799497, 10.876357560568087, 10.87218045112782, 10.861319966583125, 10.861319966583125, 10.868838763575607, 10.863826232247286, 10.859649122807017, 10.861319966583125, 10.837928153717627, 10.85797827903091, 10.839598997493733, 10.839598997493734, 10.840434419381788, 10.829573934837093, 10.83375104427736, 10.81203007518797, 10.801169590643275, 10.823725981620719, 10.81453634085213, 10.806182121971595, 10.793650793650793, 10.788638262322472, 10.776106934001671, 10.796157059314954, 10.779448621553884, 10.77861319966583, 10.775271512113617, 10.761069340016707, 10.768588137009191, 10.769423558897243, 10.743525480367584, 10.758563074352548, 10.753550543024227, 10.763575605680867, 10.745196324143691, 10.731829573934839, 10.720133667502088, 10.726817042606516, 10.707602339181287, 10.730158730158731, 10.716791979949875, 10.714285714285714, 10.695906432748538, 10.678362573099415, 10.675856307435254, 10.685881370091895, 10.674185463659146, 10.663324979114453, 10.66750208855472, 10.651629072681706, 10.627401837928154, 10.628237259816208, 10.606516290726816, 10.615705931495405, 10.602339181286549, 10.604010025062657, 10.610693400167083, 10.594820384294067, 10.593984962406015, 10.590643274853802, 10.593149540517961, 10.57393483709273, 10.56892230576441, 10.552213868003342, 10.574770258980786, 10.56641604010025, 10.528822055137844, 10.54720133667502, 10.531328320802004, 10.523809523809524, 10.550543024227236, 10.5062656641604, 10.516290726817042, 10.509607351712614, 10.486215538847118, 10.482873851294903, 10.498746867167918, 10.447786131996658, 10.468671679197994, 10.47702589807853, 10.494569757727653, 10.45530492898914, 10.450292397660817, 10.477861319966584, 10.471177944862156, 10.422723475355053, 10.43358395989975, 10.521303258145362, 10.426900584795323, 10.457811194653301, 10.430242272347535, 10.451127819548871, 10.444444444444443, 10.427736006683377, 10.435254803675857, 10.463659147869674, 10.312447786131996, 10.374269005847951, 10.34001670843776, 10.393483709273182, 10.342522974101922, 10.342522974101922, 10.32330827067669, 10.3015873015873, 10.282372598162071, 10.269005847953217, 10.24561403508772, 10.256474519632414, 10.285714285714286, 10.275689223057643, 10.275689223057643, 10.196324143692564, 10.182121971595654, 10.242272347535504, 10.333333333333334, 10.192982456140351, 10.271512113617375, 10.176274018379281, 10.299916457811193, 10.230576441102757, 10.152046783625732, 10.040100250626566, 10.142021720969089, 10.121971595655804, 10.245614035087717, 10.183792815371762, 10.253968253968255, 10.094402673350041, 10.116959064327485, 10.140350877192983, 10.096908939014202, 10.19966583124478, 10.101921470342523, 10.223057644110277, 10.051796157059313]",0.8893402356360274,0.9130501990184334,11,"[33, 33, 33, 33, 20, 15, 15, 14, 14, 14, 14, 14, 14, 14, 14, 14, 14, 14, 14, 14, 14, 13, 13, 13, 13, 13, 11, 11, 11, 11, 11, 11, 11, 11, 11, 11, 11, 11, 11, 11, 11, 11, 11, 11, 11, 11, 11, 11, 11, 11, 11, 11, 11, 11, 11, 11, 11, 11, 11, 11, 11, 11, 11, 11, 11, 11, 11, 11, 11, 11, 11, 11, 11, 11, 11, 11, 11, 11, 11, 11, 11, 11, 11, 11, 11, 11, 11, 11, 11, 11, 11, 11, 11, 11, 11, 11, 11, 11, 11, 11, 11, 11, 11, 11, 11, 11, 11, 11, 11, 11, 11, 11, 11, 11, 11, 11, 11, 11, 11, 11, 11, 11, 11, 11, 11, 11, 11, 11, 11, 11, 11, 11, 11, 11, 11, 11, 11, 11, 11, 11, 11, 11, 11, 11, 11, 11, 11, 11, 11, 11, 11, 11, 11, 11, 11, 11, 11, 11, 11, 11, 11, 11, 11, 11, 11, 11, 11, 11, 11, 11, 11, 11, 11, 11, 11, 11, 11, 11, 11, 11, 11, 11, 11, 11, 11, 11, 11, 11, 11, 11, 11, 11, 11, 11, 11, 11, 11, 11, 11, 11, 11, 11, 11, 11, 11, 11, 11, 11, 11, 11, 11, 11, 11, 11, 11, 11, 11, 11, 11, 11]",220,"[0.38623127341270447, 0.3730097711086273, 0.3563673496246338, 0.3402644693851471, 0.3198709785938263, 0.3043878972530365, 0.29456233978271484, 0.28663986921310425, 0.2793435752391815, 0.2712175250053406, 0.2663517892360687, 0.26143813133239746, 0.2577451467514038, 0.2537422776222229, 0.2500833570957184, 0.2479247897863388, 0.24361707270145416, 0.24021995067596436, 0.2400122880935669, 0.2393072247505188, 0.23420265316963196, 0.23954765498638153, 0.2382775843143463, 0.23225194215774536, 0.23187755048274994, 0.2267400026321411, 0.23613792657852173, 0.23092401027679443, 0.22711119055747986, 0.22478151321411133, 0.22282111644744873, 0.22254805266857147, 0.22018584609031677, 0.22463282942771912, 0.22155599296092987, 0.2208617776632309, 0.21768856048583984, 0.22939547896385193, 0.21668864786624908, 0.22420576214790344, 0.21681395173072815, 0.21736964583396912, 0.21694225072860718, 0.21555888652801514, 0.21481549739837646, 0.21298067271709442, 0.21017161011695862, 0.21212686598300934, 0.21225634217262268, 0.21443000435829163, 0.21232759952545166, 0.21349714696407318, 0.20904956758022308, 0.2111343890428543, 0.21407033503055573, 0.21431533992290497, 0.210462287068367, 0.20828241109848022, 0.20691750943660736, 0.21345406770706177, 0.2022472321987152, 0.20586149394512177, 0.2115395963191986, 0.21343815326690674, 0.2142007201910019, 0.20718054473400116, 0.20306245982646942, 0.21119756996631622, 0.20708495378494263, 0.20678997039794922, 0.20261122286319733, 0.2019115388393402, 0.2019854187965393, 0.2055944949388504, 0.20245741307735443, 0.2077142596244812, 0.20582646131515503, 0.21471774578094482, 0.2023879885673523, 0.20140445232391357, 0.21669287979602814, 0.2045430690050125, 0.2054525762796402, 0.20701469480991364, 0.210726797580719, 0.20813274383544922, 0.2101619690656662, 0.20330314338207245, 0.2084970474243164, 0.2037276029586792, 0.2075778841972351, 0.21149347722530365, 0.2028011530637741, 0.20119735598564148, 0.20314177870750427, 0.20401105284690857, 0.20047329366207123, 0.20795847475528717, 0.20045363903045654, 0.21178865432739258, 0.2012428492307663, 0.19814127683639526, 0.21143192052841187, 0.21219831705093384, 0.211070254445076, 0.2066604197025299, 0.1992352157831192, 0.1971360594034195, 0.20159831643104553, 0.2064659148454666, 0.2051449716091156, 0.19777841866016388, 0.1940842866897583, 0.2021874487400055, 0.20216104388237, 0.19760288298130035, 0.1986844688653946, 0.20091520249843597, 0.19692325592041016, 0.2072448879480362, 0.20378154516220093, 0.19470345973968506, 0.21067313849925995, 0.19882041215896606, 0.20779523253440857, 0.1968126893043518, 0.20478439331054688, 0.1995774656534195, 0.19499391317367554, 0.19435475766658783, 0.19508357346057892, 0.21374885737895966, 0.19448839128017426, 0.1990690380334854, 0.20141306519508362, 0.20148564875125885, 0.1994379460811615, 0.19574910402297974, 0.1982143372297287, 0.19977422058582306, 0.19459085166454315, 0.19878627359867096, 0.2052943855524063, 0.19797521829605103, 0.1962798535823822, 0.19942706823349, 0.21059924364089966, 0.2016766369342804, 0.20257125794887543, 0.19649261236190796, 0.1939195841550827, 0.19947189092636108, 0.20425544679164886, 0.19633787870407104, 0.19685764610767365, 0.19560594856739044, 0.19620275497436523, 0.19449004530906677, 0.1922711879014969, 0.18823282420635223, 0.1981973797082901, 0.20310592651367188, 0.19813008606433868, 0.20097079873085022, 0.19425468146800995, 0.1922760009765625, 0.20153461396694183, 0.19891206920146942, 0.19324630498886108, 0.19599252939224243, 0.2093975692987442, 0.19368524849414825, 0.19488196074962616, 0.2011692225933075, 0.1937551498413086, 0.19289225339889526, 0.19459350407123566, 0.19002875685691833, 0.19862160086631775, 0.1958097666501999, 0.18796487152576447, 0.19544681906700134, 0.19500060379505157, 0.1976611316204071, 0.18943485617637634, 0.2070075273513794, 0.19926191866397858, 0.19488519430160522, 0.19612668454647064, 0.19620896875858307, 0.19618533551692963, 0.1962014138698578, 0.19445760548114777, 0.1921931654214859, 0.1940961331129074, 0.1955481767654419, 0.19895289838314056, 0.1926630735397339, 0.20156627893447876, 0.1935073882341385, 0.19649730622768402, 0.19018106162548065, 0.19376811385154724, 0.19315792620182037, 0.18720491230487823, 0.19524674117565155, 0.19649480283260345, 0.19122396409511566, 0.20435787737369537, 0.19034288823604584, 0.19299247860908508, 0.20627234876155853, 0.1971566528081894, 0.18804419040679932, 0.19762469828128815, 0.19045011699199677, 0.1902559995651245, 0.19612814486026764, 0.1945629119873047, 0.1947982758283615]",11.0,"[33.0, 33.0, 33.0, 33.0, 20.0, 15.0, 15.0, 14.0, 14.0, 14.0, 14.0, 14.0, 14.0, 14.0, 14.0, 14.0, 14.0, 14.0, 14.0, 14.0, 14.0, 13.0, 13.0, 13.0, 13.0, 13.0, 11.0, 11.0, 11.0, 11.0, 11.0, 11.0, 11.0, 11.0, 11.0, 11.0, 11.0, 11.0, 11.0, 11.0, 11.0, 11.0, 11.0, 11.0, 11.0, 11.0, 11.0, 11.0, 11.0, 11.0, 11.0, 11.0, 11.0, 11.0, 11.0, 11.0, 11.0, 11.0, 11.0, 11.0, 11.0, 11.0, 11.0, 11.0, 11.0, 11.0, 11.0, 11.0, 11.0, 11.0, 11.0, 11.0, 11.0, 11.0, 11.0, 11.0, 11.0, 11.0, 11.0, 11.0, 11.0, 11.0, 11.0, 11.0, 11.0, 11.0, 11.0, 11.0, 11.0, 11.0, 11.0, 11.0, 11.0, 11.0, 11.0, 11.0, 11.0, 11.0, 11.0, 11.0, 11.0, 11.0, 11.0, 11.0, 11.0, 11.0, 11.0, 11.0, 11.0, 11.0, 11.0, 11.0, 11.0, 11.0, 11.0, 11.0, 11.0, 11.0, 11.0, 11.0, 11.0, 11.0, 11.0, 11.0, 11.0, 11.0, 11.0, 11.0, 11.0, 11.0, 11.0, 11.0, 11.0, 11.0, 11.0, 11.0, 11.0, 11.0, 11.0, 11.0, 11.0, 11.0, 11.0, 11.0, 11.0, 11.0, 11.0, 11.0, 11.0, 11.0, 11.0, 11.0, 11.0, 11.0, 11.0, 11.0, 11.0, 11.0, 11.0, 11.0, 11.0, 11.0, 11.0, 11.0, 11.0, 11.0, 11.0, 11.0, 11.0, 11.0, 11.0, 11.0, 11.0, 11.0, 11.0, 11.0, 11.0, 11.0, 11.0, 11.0, 11.0, 11.0, 11.0, 11.0, 11.0, 11.0, 11.0, 11.0, 11.0, 11.0, 11.0, 11.0, 11.0, 11.0, 11.0, 11.0, 11.0, 11.0, 11.0, 11.0, 11.0, 11.0, 11.0, 11.0, 11.0, 11.0, 11.0, 11.0, 11.0, 11.0, 11.0, 11.0, 11.0, 11.0, 11.0, 11.0, 11.0, 11.0, 11.0, 11.0]",COMPLETE
