,number,value,datetime_start,datetime_complete,duration,params_batch_size_scaler,params_constant_learning_rate,params_depth,params_epochs,params_kernel_l2,params_num_trees,params_temperature,user_attrs_accuracy_test,user_attrs_accuracy_valid,user_attrs_approximate_feature_sparsity,user_attrs_approximate_feature_sparsity_history,user_attrs_approximate_weight_sparsity,user_attrs_approximate_weight_sparsity_history,user_attrs_auc_test,user_attrs_auc_valid,user_attrs_feature_sparsity,user_attrs_feature_sparsity_history,user_attrs_num_epochs,user_attrs_val_loss_history,user_attrs_weight_sparsity,user_attrs_weight_sparsity_history,state
62,62,0.686452576934472,2024-08-31 02:49:57.149485,2024-08-31 02:50:19.607885,0 days 00:00:22.458400,64,0.012464480547386508,2,210,0.00818085588217779,14,0.0936652677523421,0.86,0.86,33,"[33, 33, 33, 33, 33, 33, 33, 33, 33, 33, 33, 33, 33, 33, 33, 33, 33, 33, 33, 33, 33, 33, 33, 33, 33, 33, 33, 33, 33, 33, 33, 33, 33, 33, 33, 33, 33, 33, 33, 33, 33, 33, 33, 33, 33, 33, 33, 33, 33, 33, 33, 33, 33, 33, 33, 33, 33, 33, 33, 33, 33, 33, 33, 33, 33, 33, 33, 33, 33, 33, 33, 33, 33, 33, 33, 33, 33, 33, 33, 33, 33, 33, 33, 33, 33, 33, 33, 33, 33, 33, 33, 33, 33, 33, 33, 33, 33, 33, 33, 33, 33, 33, 33, 33, 33, 33, 33, 33, 33, 33, 33, 33, 33, 33, 33, 33, 33, 33, 33, 33, 33, 33, 33, 33, 33, 33, 33, 33, 33, 33, 33, 33, 33, 33, 33, 33, 33, 33, 33, 33, 33, 33, 33, 33, 33, 33, 33, 33, 33, 33, 33, 33, 33, 33, 33, 33, 33, 33, 33, 33, 33, 33, 33, 33, 33, 33, 33, 33, 33, 33, 33, 33, 33, 33, 33, 33, 33, 33, 33, 33, 33, 33, 33, 33, 33, 33, 33, 33, 33, 33, 33, 33, 33, 33, 33, 33, 33, 33, 33, 33, 33, 33, 33, 33, 33, 33, 33, 33, 33, 33]",32.95238095238095,"[33.0, 33.0, 33.0, 33.0, 32.976190476190474, 32.976190476190474, 33.0, 32.976190476190474, 32.976190476190474, 32.92857142857143, 32.95238095238095, 32.976190476190474, 33.0, 33.0, 33.0, 33.0, 33.0, 33.0, 33.0, 32.976190476190474, 32.976190476190474, 33.0, 33.0, 32.976190476190474, 33.0, 33.0, 33.0, 33.0, 32.976190476190474, 32.976190476190474, 33.0, 33.0, 33.0, 33.0, 33.0, 33.0, 33.0, 32.976190476190474, 32.976190476190474, 32.976190476190474, 33.0, 33.0, 33.0, 33.0, 32.976190476190474, 33.0, 33.0, 32.976190476190474, 33.0, 32.976190476190474, 32.976190476190474, 33.0, 33.0, 33.0, 33.0, 33.0, 33.0, 32.976190476190474, 32.976190476190474, 33.0, 33.0, 33.0, 33.0, 33.0, 33.0, 32.976190476190474, 33.0, 33.0, 33.0, 33.0, 33.0, 32.95238095238095, 32.95238095238095, 32.95238095238095, 32.95238095238095, 32.95238095238095, 32.95238095238095, 32.92857142857143, 32.92857142857143, 32.904761904761905, 32.92857142857143, 32.92857142857143, 32.976190476190474, 32.976190476190474, 32.976190476190474, 32.976190476190474, 33.0, 33.0, 33.0, 33.0, 33.0, 33.0, 33.0, 33.0, 33.0, 33.0, 33.0, 33.0, 33.0, 32.976190476190474, 33.0, 33.0, 33.0, 33.0, 33.0, 33.0, 33.0, 33.0, 32.976190476190474, 32.976190476190474, 32.976190476190474, 33.0, 33.0, 33.0, 33.0, 33.0, 33.0, 33.0, 33.0, 33.0, 33.0, 33.0, 33.0, 33.0, 33.0, 33.0, 33.0, 33.0, 33.0, 33.0, 33.0, 33.0, 32.976190476190474, 32.976190476190474, 32.976190476190474, 33.0, 33.0, 33.0, 33.0, 33.0, 33.0, 32.976190476190474, 33.0, 32.976190476190474, 32.976190476190474, 32.976190476190474, 32.976190476190474, 32.976190476190474, 32.976190476190474, 32.976190476190474, 32.976190476190474, 32.976190476190474, 32.976190476190474, 33.0, 32.976190476190474, 32.976190476190474, 32.976190476190474, 32.976190476190474, 32.976190476190474, 33.0, 33.0, 33.0, 33.0, 33.0, 33.0, 33.0, 32.976190476190474, 32.976190476190474, 32.95238095238095, 32.95238095238095, 32.95238095238095, 32.95238095238095, 32.95238095238095, 32.976190476190474, 33.0, 33.0, 33.0, 33.0, 33.0, 33.0, 33.0, 33.0, 33.0, 33.0, 33.0, 33.0, 33.0, 33.0, 33.0, 33.0, 33.0, 33.0, 33.0, 33.0, 33.0, 33.0, 33.0, 33.0, 33.0, 33.0, 32.976190476190474, 32.976190476190474, 33.0, 33.0, 33.0, 33.0, 33.0, 32.95238095238095, 32.976190476190474, 32.95238095238095]",0.7204072028335768,0.686452576934472,33,"[33, 33, 33, 33, 33, 33, 33, 33, 33, 33, 33, 33, 33, 33, 33, 33, 33, 33, 33, 33, 33, 33, 33, 33, 33, 33, 33, 33, 33, 33, 33, 33, 33, 33, 33, 33, 33, 33, 33, 33, 33, 33, 33, 33, 33, 33, 33, 33, 33, 33, 33, 33, 33, 33, 33, 33, 33, 33, 33, 33, 33, 33, 33, 33, 33, 33, 33, 33, 33, 33, 33, 33, 33, 33, 33, 33, 33, 33, 33, 33, 33, 33, 33, 33, 33, 33, 33, 33, 33, 33, 33, 33, 33, 33, 33, 33, 33, 33, 33, 33, 33, 33, 33, 33, 33, 33, 33, 33, 33, 33, 33, 33, 33, 33, 33, 33, 33, 33, 33, 33, 33, 33, 33, 33, 33, 33, 33, 33, 33, 33, 33, 33, 33, 33, 33, 33, 33, 33, 33, 33, 33, 33, 33, 33, 33, 33, 33, 33, 33, 33, 33, 33, 33, 33, 33, 33, 33, 33, 33, 33, 33, 33, 33, 33, 33, 33, 33, 33, 33, 33, 33, 33, 33, 33, 33, 33, 33, 33, 33, 33, 33, 33, 33, 33, 33, 33, 33, 33, 33, 33, 33, 33, 33, 33, 33, 33, 33, 33, 33, 33, 33, 33, 33, 33, 33, 33, 33, 33, 33, 33]",210,"[0.4232150912284851, 0.4220598340034485, 0.4210060238838196, 0.4201061725616455, 0.41934481263160706, 0.418518990278244, 0.4179227948188782, 0.41717851161956787, 0.41651442646980286, 0.4159686267375946, 0.415321946144104, 0.41479313373565674, 0.41418007016181946, 0.4136112630367279, 0.41322460770606995, 0.41280901432037354, 0.4123140573501587, 0.4119206666946411, 0.4114767014980316, 0.4110129475593567, 0.4106121361255646, 0.41021910309791565, 0.4097974896430969, 0.4093720614910126, 0.4089719355106354, 0.40863215923309326, 0.40832263231277466, 0.40794646739959717, 0.40758246183395386, 0.4072628319263458, 0.4068581461906433, 0.406526654958725, 0.4061426520347595, 0.40576890110969543, 0.40542906522750854, 0.40509793162345886, 0.4048428237438202, 0.40458405017852783, 0.40431272983551025, 0.4040183126926422, 0.40371689200401306, 0.4034072756767273, 0.40308475494384766, 0.40282246470451355, 0.402549147605896, 0.40223991870880127, 0.40193983912467957, 0.40166932344436646, 0.4014202952384949, 0.40113595128059387, 0.40083634853363037, 0.40057000517845154, 0.4002782702445984, 0.4000210464000702, 0.39977142214775085, 0.3995227515697479, 0.39923882484436035, 0.398969829082489, 0.39872342348098755, 0.39851319789886475, 0.3982972800731659, 0.39806997776031494, 0.39787402749061584, 0.3976140320301056, 0.3973575532436371, 0.397133469581604, 0.3968871831893921, 0.3967195749282837, 0.3964734375476837, 0.39620518684387207, 0.39598333835601807, 0.39577752351760864, 0.3955613672733307, 0.39535191655158997, 0.3951643705368042, 0.394951730966568, 0.39475739002227783, 0.39453721046447754, 0.39430510997772217, 0.39407458901405334, 0.3938828408718109, 0.39369088411331177, 0.3934909403324127, 0.3933090269565582, 0.393123060464859, 0.39292415976524353, 0.39277684688568115, 0.3925471603870392, 0.39237916469573975, 0.3921947479248047, 0.39203616976737976, 0.39186546206474304, 0.39167964458465576, 0.3915001153945923, 0.391302227973938, 0.3911363184452057, 0.39094772934913635, 0.3907495439052582, 0.39058899879455566, 0.39043211936950684, 0.39026719331741333, 0.390107125043869, 0.3899332880973816, 0.38976848125457764, 0.3896097242832184, 0.38946497440338135, 0.38929253816604614, 0.3891467750072479, 0.38900133967399597, 0.3888668417930603, 0.3887052536010742, 0.38851693272590637, 0.3883718252182007, 0.38821494579315186, 0.38808879256248474, 0.3879373073577881, 0.38780829310417175, 0.3876573145389557, 0.38756394386291504, 0.38740289211273193, 0.38725367188453674, 0.38709843158721924, 0.3869777321815491, 0.3868039846420288, 0.38664162158966064, 0.3865104019641876, 0.3863377273082733, 0.3862016797065735, 0.38605448603630066, 0.38593700528144836, 0.3857938051223755, 0.38566863536834717, 0.38555121421813965, 0.3854176998138428, 0.3852749168872833, 0.38516002893447876, 0.38500434160232544, 0.38487380743026733, 0.38477906584739685, 0.38466089963912964, 0.3845246434211731, 0.38438665866851807, 0.3842827081680298, 0.38416701555252075, 0.38405293226242065, 0.38395899534225464, 0.3838604986667633, 0.3837389349937439, 0.38362109661102295, 0.38350120186805725, 0.3833742141723633, 0.3832317590713501, 0.38311395049095154, 0.38298195600509644, 0.38286784291267395, 0.3827376663684845, 0.38262471556663513, 0.3824957311153412, 0.3823774456977844, 0.38227853178977966, 0.38218533992767334, 0.38208988308906555, 0.38199180364608765, 0.3818715214729309, 0.3817554712295532, 0.3816366195678711, 0.3815504312515259, 0.3814679980278015, 0.38136976957321167, 0.3812623918056488, 0.38115394115448, 0.381051242351532, 0.3809489905834198, 0.38084685802459717, 0.38073956966400146, 0.3806542456150055, 0.38053658604621887, 0.3804408609867096, 0.3803606927394867, 0.3802676498889923, 0.3801838159561157, 0.3801118731498718, 0.3800179660320282, 0.37992173433303833, 0.37981972098350525, 0.3797456622123718, 0.3796415627002716, 0.3795279562473297, 0.3794076144695282, 0.3793257772922516, 0.37926220893859863, 0.37916603684425354, 0.3790794312953949, 0.3789891302585602, 0.378899484872818, 0.37882018089294434, 0.3787153363227844, 0.37861141562461853, 0.3785473108291626, 0.3784835934638977, 0.378389447927475, 0.3783039152622223, 0.3782409727573395, 0.3781711459159851, 0.3781055212020874, 0.3780633509159088, 0.3779873251914978, 0.3779112994670868, 0.3778177499771118, 0.3777362108230591]",33.0,"[33.0, 33.0, 33.0, 33.0, 33.0, 33.0, 33.0, 33.0, 33.0, 33.0, 33.0, 33.0, 33.0, 33.0, 33.0, 33.0, 33.0, 33.0, 33.0, 33.0, 33.0, 33.0, 33.0, 33.0, 33.0, 33.0, 33.0, 33.0, 33.0, 33.0, 33.0, 33.0, 33.0, 33.0, 33.0, 33.0, 33.0, 33.0, 33.0, 33.0, 33.0, 33.0, 33.0, 33.0, 33.0, 33.0, 33.0, 33.0, 33.0, 33.0, 33.0, 33.0, 33.0, 33.0, 33.0, 33.0, 33.0, 33.0, 33.0, 33.0, 33.0, 33.0, 33.0, 33.0, 33.0, 33.0, 33.0, 33.0, 33.0, 33.0, 33.0, 33.0, 33.0, 33.0, 33.0, 33.0, 33.0, 33.0, 33.0, 33.0, 33.0, 33.0, 33.0, 33.0, 33.0, 33.0, 33.0, 33.0, 33.0, 33.0, 33.0, 33.0, 33.0, 33.0, 33.0, 33.0, 33.0, 33.0, 33.0, 33.0, 33.0, 33.0, 33.0, 33.0, 33.0, 33.0, 33.0, 33.0, 33.0, 33.0, 33.0, 33.0, 33.0, 33.0, 33.0, 33.0, 33.0, 33.0, 33.0, 33.0, 33.0, 33.0, 33.0, 33.0, 33.0, 33.0, 33.0, 33.0, 33.0, 33.0, 33.0, 33.0, 33.0, 33.0, 33.0, 33.0, 33.0, 33.0, 33.0, 33.0, 33.0, 33.0, 33.0, 33.0, 33.0, 33.0, 33.0, 33.0, 33.0, 33.0, 33.0, 33.0, 33.0, 33.0, 33.0, 33.0, 33.0, 33.0, 33.0, 33.0, 33.0, 33.0, 33.0, 33.0, 33.0, 33.0, 33.0, 33.0, 33.0, 33.0, 33.0, 33.0, 33.0, 33.0, 33.0, 33.0, 33.0, 33.0, 33.0, 33.0, 33.0, 33.0, 33.0, 33.0, 33.0, 33.0, 33.0, 33.0, 33.0, 33.0, 33.0, 33.0, 33.0, 33.0, 33.0, 33.0, 33.0, 33.0, 33.0, 33.0, 33.0, 33.0, 33.0, 33.0, 33.0, 33.0, 33.0, 33.0, 33.0, 33.0]",COMPLETE
63,63,0.7241050611224897,2024-08-31 02:50:21.387035,2024-08-31 02:50:35.932022,0 days 00:00:14.544987,16,0.029088425043659098,1,65,0.003873805252411727,86,0.00011725874185831467,0.873,0.86875,33,"[33, 33, 33, 33, 33, 33, 33, 33, 33, 33, 33, 33, 33, 33, 33, 33, 33, 33, 33, 33, 33, 33, 33, 33, 33, 33, 33, 33, 33, 33, 33, 33, 33, 33, 33, 33, 33, 33, 33, 33, 33, 33, 33, 33, 33, 33, 33, 33, 33, 33, 33, 33, 33, 33, 33, 33, 33, 33, 33, 33, 33, 33, 33, 33, 33]",32.96511627906977,"[32.97674418604651, 32.96511627906977, 32.97674418604651, 32.96511627906977, 32.98837209302326, 33.0, 33.0, 32.98837209302326, 32.98837209302326, 32.97674418604651, 32.98837209302326, 32.96511627906977, 32.96511627906977, 33.0, 33.0, 33.0, 33.0, 32.97674418604651, 32.97674418604651, 32.98837209302326, 33.0, 33.0, 32.98837209302326, 33.0, 32.98837209302326, 32.97674418604651, 32.97674418604651, 32.98837209302326, 32.97674418604651, 32.94186046511628, 32.96511627906977, 32.96511627906977, 32.96511627906977, 33.0, 33.0, 32.98837209302326, 32.98837209302326, 32.95348837209302, 32.97674418604651, 32.97674418604651, 32.97674418604651, 32.97674418604651, 32.97674418604651, 32.96511627906977, 32.97674418604651, 32.97674418604651, 32.97674418604651, 32.98837209302326, 32.98837209302326, 32.97674418604651, 32.96511627906977, 32.97674418604651, 32.98837209302326, 32.97674418604651, 32.98837209302326, 32.98837209302326, 32.97674418604651, 32.96511627906977, 32.96511627906977, 32.98837209302326, 32.97674418604651, 32.97674418604651, 32.95348837209302, 32.94186046511628, 32.96511627906977]",0.7597239078922382,0.7241050611224897,33,"[33, 33, 33, 33, 33, 33, 33, 33, 33, 33, 33, 33, 33, 33, 33, 33, 33, 33, 33, 33, 33, 33, 33, 33, 33, 33, 33, 33, 33, 33, 33, 33, 33, 33, 33, 33, 33, 33, 33, 33, 33, 33, 33, 33, 33, 33, 33, 33, 33, 33, 33, 33, 33, 33, 33, 33, 33, 33, 33, 33, 33, 33, 33, 33, 33]",65,"[0.4191245138645172, 0.41591179370880127, 0.4123391807079315, 0.4095016419887543, 0.4069898724555969, 0.4045097231864929, 0.40213340520858765, 0.4004800021648407, 0.3989020884037018, 0.39650726318359375, 0.3949250280857086, 0.3932921886444092, 0.3919024169445038, 0.39075592160224915, 0.38937243819236755, 0.38942310214042664, 0.38707172870635986, 0.38656386733055115, 0.38513705134391785, 0.38438335061073303, 0.3832763433456421, 0.38262084126472473, 0.38332539796829224, 0.38230791687965393, 0.3803332448005676, 0.3797397315502167, 0.3790266513824463, 0.377979576587677, 0.37768688797950745, 0.3767523467540741, 0.37610799074172974, 0.375914067029953, 0.3750286400318146, 0.3749209940433502, 0.3743998408317566, 0.3733433187007904, 0.37630558013916016, 0.3726244270801544, 0.3723560571670532, 0.37143784761428833, 0.37084174156188965, 0.37033024430274963, 0.37137606739997864, 0.36951079964637756, 0.3711898922920227, 0.36908039450645447, 0.3681866526603699, 0.3676837682723999, 0.3694804012775421, 0.3668290376663208, 0.367033451795578, 0.3658987879753113, 0.3654806613922119, 0.36517223715782166, 0.36524564027786255, 0.36432868242263794, 0.36407071352005005, 0.36356139183044434, 0.3632206320762634, 0.36270755529403687, 0.36238452792167664, 0.3625531494617462, 0.36250409483909607, 0.36130964756011963, 0.36135876178741455]",33.0,"[33.0, 33.0, 33.0, 33.0, 33.0, 33.0, 33.0, 33.0, 33.0, 33.0, 33.0, 33.0, 33.0, 33.0, 33.0, 33.0, 33.0, 33.0, 33.0, 33.0, 33.0, 33.0, 33.0, 33.0, 33.0, 33.0, 33.0, 33.0, 33.0, 33.0, 33.0, 33.0, 33.0, 33.0, 33.0, 33.0, 33.0, 33.0, 33.0, 33.0, 33.0, 33.0, 33.0, 33.0, 33.0, 33.0, 33.0, 33.0, 33.0, 33.0, 33.0, 33.0, 33.0, 33.0, 33.0, 33.0, 33.0, 33.0, 33.0, 33.0, 33.0, 33.0, 33.0, 33.0, 33.0]",COMPLETE
