,number,value,datetime_start,datetime_complete,duration,params_batch_size_scaler,params_constant_learning_rate,params_depth,params_epochs,params_kernel_l2,params_num_trees,params_temperature,user_attrs_accuracy_test,user_attrs_accuracy_valid,user_attrs_approximate_feature_sparsity,user_attrs_approximate_feature_sparsity_history,user_attrs_approximate_weight_sparsity,user_attrs_approximate_weight_sparsity_history,user_attrs_auc_test,user_attrs_auc_valid,user_attrs_feature_sparsity,user_attrs_feature_sparsity_history,user_attrs_num_epochs,user_attrs_val_loss_history,user_attrs_weight_sparsity,user_attrs_weight_sparsity_history,state
153,153,0.9196068580850434,2024-08-31 06:46:08.700471,2024-08-31 06:51:26.376666,0 days 00:05:17.676195,4,0.07488815123637856,6,245,0.018220288797476083,20,0.0005004189719054531,0.934,0.9275,33,"[33, 33, 33, 33, 33, 33, 33, 33, 33, 33, 33, 33, 33, 33, 33, 33, 33, 33, 33, 33, 33, 33, 33, 33, 33, 33, 33, 33, 33, 33, 33, 33, 33, 33, 33, 33, 33, 33, 33, 33, 33, 33, 33, 33, 33, 33, 33, 33, 33, 33, 33, 33, 33, 33, 33, 33, 33, 33, 33, 33, 33, 33, 33, 33, 33, 33, 33, 33, 33, 33, 33, 33, 33, 33, 33, 33, 33, 33, 33, 33, 33, 33, 33, 33, 33, 33, 33, 33, 33, 33, 33, 33, 33, 33, 33, 33, 33, 33, 33, 33, 33, 33, 33, 33, 33, 33, 33, 33, 33, 33, 33, 33, 33, 33, 33, 33, 33, 33, 33, 33, 33, 33, 33, 33, 33, 33, 33, 33, 33, 33, 33, 33, 33, 33, 33, 33, 33, 33, 33, 33, 33, 33, 33, 33, 33, 33, 33, 33, 33, 33, 33, 33, 33, 33, 33, 33, 33, 33, 33, 33, 33, 33, 33, 33, 33, 33, 33, 33, 33, 33, 33, 33, 33, 33, 33, 33, 33, 33, 33, 33, 33, 33, 33, 33, 33, 33, 33, 33, 33, 33, 33, 33, 33, 33, 33, 33, 33, 33, 33, 33, 33, 33, 33, 33, 33, 33, 33, 33, 33, 33, 33, 33, 33, 33, 33, 33, 33, 33, 33, 33, 33, 33, 33, 33, 33, 33, 33, 33, 33, 33, 33, 33, 33, 33, 33, 33, 33, 33, 33, 33, 33, 33, 33, 33, 33]",32.94285714285714,"[32.953968253968256, 32.95079365079365, 32.95, 32.95238095238095, 32.9531746031746, 32.95238095238095, 32.952380952380956, 32.939682539682536, 32.94206349206349, 32.9515873015873, 32.94206349206349, 32.945238095238096, 32.9515873015873, 32.955555555555556, 32.946825396825396, 32.95, 32.9531746031746, 32.94920634920635, 32.94920634920635, 32.9531746031746, 32.955555555555556, 32.9531746031746, 32.9515873015873, 32.95396825396825, 32.9531746031746, 32.95, 32.95238095238095, 32.94920634920635, 32.95079365079365, 32.953968253968256, 32.95873015873016, 32.955555555555556, 32.9531746031746, 32.95793650793651, 32.96111111111111, 32.96031746031746, 32.95952380952381, 32.952380952380956, 32.95634920634921, 32.96031746031746, 32.962698412698415, 32.961111111111116, 32.952380952380956, 32.948412698412696, 32.9515873015873, 32.95873015873016, 32.953968253968256, 32.955555555555556, 32.9515873015873, 32.94920634920635, 32.95476190476191, 32.95079365079365, 32.946825396825396, 32.9531746031746, 32.9515873015873, 32.94920634920635, 32.95, 32.9531746031746, 32.94761904761905, 32.95, 32.95238095238095, 32.953968253968256, 32.955555555555556, 32.955555555555556, 32.951587301587296, 32.950793650793656, 32.955555555555556, 32.955555555555556, 32.96269841269841, 32.95396825396825, 32.95238095238095, 32.957142857142856, 32.94920634920635, 32.94920634920635, 32.94444444444444, 32.94126984126984, 32.94365079365079, 32.948412698412696, 32.9515873015873, 32.94285714285714, 32.94761904761905, 32.94603174603174, 32.945238095238096, 32.94444444444444, 32.94285714285714, 32.95, 32.955555555555556, 32.949999999999996, 32.93571428571428, 32.946825396825396, 32.946825396825396, 32.94444444444444, 32.94285714285714, 32.95238095238095, 32.95238095238095, 32.9547619047619, 32.9563492063492, 32.95079365079365, 32.94920634920635, 32.94444444444444, 32.94444444444444, 32.94761904761905, 32.94920634920635, 32.95079365079365, 32.94126984126984, 32.9420634920635, 32.94444444444444, 32.945238095238096, 32.94047619047619, 32.94365079365079, 32.94365079365079, 32.94603174603175, 32.946825396825396, 32.945238095238096, 32.94126984126984, 32.94285714285714, 32.9515873015873, 32.951587301587296, 32.95079365079365, 32.9515873015873, 32.960317460317455, 32.95873015873016, 32.957142857142856, 32.953968253968256, 32.9547619047619, 32.95, 32.953968253968256, 32.952380952380956, 32.95634920634921, 32.952380952380956, 32.951587301587296, 32.94761904761905, 32.94603174603175, 32.9515873015873, 32.94920634920635, 32.95238095238095, 32.950793650793656, 32.9515873015873, 32.9436507936508, 32.94761904761905, 32.94603174603175, 32.94761904761905, 32.945238095238096, 32.9436507936508, 32.94047619047619, 32.94047619047619, 32.94047619047619, 32.94365079365079, 32.93492063492064, 32.94126984126984, 32.94047619047619, 32.946825396825396, 32.946825396825396, 32.9547619047619, 32.955555555555556, 32.9531746031746, 32.95, 32.94920634920635, 32.9484126984127, 32.95, 32.94761904761904, 32.94444444444444, 32.94206349206349, 32.94761904761905, 32.948412698412696, 32.94285714285714, 32.93730158730159, 32.93809523809524, 32.94603174603175, 32.94920634920635, 32.94761904761905, 32.9531746031746, 32.946825396825396, 32.94603174603174, 32.94761904761904, 32.94603174603175, 32.946825396825396, 32.94920634920635, 32.95079365079365, 32.95, 32.9515873015873, 32.9515873015873, 32.957142857142856, 32.9531746031746, 32.952380952380956, 32.9484126984127, 32.94761904761905, 32.94285714285714, 32.9436507936508, 32.9484126984127, 32.953968253968256, 32.9547619047619, 32.95238095238095, 32.95634920634921, 32.9547619047619, 32.957142857142856, 32.9515873015873, 32.948412698412696, 32.94920634920635, 32.94761904761905, 32.95, 32.94761904761905, 32.945238095238096, 32.94920634920635, 32.94285714285714, 32.9436507936508, 32.94047619047619, 32.946825396825396, 32.946825396825396, 32.945238095238096, 32.94285714285714, 32.93968253968254, 32.94047619047619, 32.93650793650794, 32.94126984126984, 32.94206349206349, 32.948412698412696, 32.94047619047619, 32.93650793650794, 32.93809523809524, 32.93809523809524, 32.93650793650794, 32.93571428571429, 32.939682539682536, 32.93809523809524, 32.93888888888889, 32.94444444444444, 32.953968253968256, 32.94920634920635, 32.9515873015873, 32.95634920634921, 32.9547619047619, 32.95, 32.94761904761905, 32.946825396825396, 32.94126984126984, 32.945238095238096, 32.95, 32.94603174603175, 32.94603174603175, 32.94603174603174, 32.94920634920635, 32.94603174603175, 32.94285714285714, 32.94285714285714]",0.9055226677895294,0.9196068580850434,33,"[33, 33, 33, 33, 33, 33, 33, 33, 33, 33, 33, 33, 33, 33, 33, 33, 33, 33, 33, 33, 33, 33, 33, 33, 33, 33, 33, 33, 33, 33, 33, 33, 33, 33, 33, 33, 33, 33, 33, 33, 33, 33, 33, 33, 33, 33, 33, 33, 33, 33, 33, 33, 33, 33, 33, 33, 33, 33, 33, 33, 33, 33, 33, 33, 33, 33, 33, 33, 33, 33, 33, 33, 33, 33, 33, 33, 33, 33, 33, 33, 33, 33, 33, 33, 33, 33, 33, 33, 33, 33, 33, 33, 33, 33, 33, 33, 33, 33, 33, 33, 33, 33, 33, 33, 33, 33, 33, 33, 33, 33, 33, 33, 33, 33, 33, 33, 33, 33, 33, 33, 33, 33, 33, 33, 33, 33, 33, 33, 33, 33, 33, 33, 33, 33, 33, 33, 33, 33, 33, 33, 33, 33, 33, 33, 33, 33, 33, 33, 33, 33, 33, 33, 33, 33, 33, 33, 33, 33, 33, 33, 33, 33, 33, 33, 33, 33, 33, 33, 33, 33, 33, 33, 33, 33, 33, 33, 33, 33, 33, 33, 33, 33, 33, 33, 33, 33, 33, 33, 33, 33, 33, 33, 33, 33, 33, 33, 33, 33, 33, 33, 33, 33, 33, 33, 33, 33, 33, 33, 33, 33, 33, 33, 33, 33, 33, 33, 33, 33, 33, 33, 33, 33, 33, 33, 33, 33, 33, 33, 33, 33, 33, 33, 33, 33, 33, 33, 33, 33, 33, 33, 33, 33, 33, 33, 33]",245,"[0.43867242336273193, 0.41016677021980286, 0.3983413279056549, 0.39190974831581116, 0.38771429657936096, 0.3845100700855255, 0.38189956545829773, 0.3797050714492798, 0.37777242064476013, 0.3760553002357483, 0.3744810223579407, 0.37304890155792236, 0.3717305064201355, 0.3704799711704254, 0.36933282017707825, 0.3682728111743927, 0.3672455847263336, 0.36619827151298523, 0.36522093415260315, 0.3642768859863281, 0.36338719725608826, 0.3624764680862427, 0.36159053444862366, 0.3607296049594879, 0.3598604202270508, 0.3590034544467926, 0.35812199115753174, 0.3572562038898468, 0.3563676178455353, 0.3554869592189789, 0.35462749004364014, 0.353739857673645, 0.35287684202194214, 0.3520069122314453, 0.35112693905830383, 0.35022854804992676, 0.3492913544178009, 0.3483671545982361, 0.34743061661720276, 0.3465118706226349, 0.3455592393875122, 0.3446093797683716, 0.343672513961792, 0.34267914295196533, 0.3416861593723297, 0.3406888246536255, 0.33964869379997253, 0.3386443257331848, 0.3376290500164032, 0.33656540513038635, 0.33551108837127686, 0.3343985080718994, 0.33326080441474915, 0.33214813470840454, 0.3309890031814575, 0.3298388421535492, 0.32867431640625, 0.3275211751461029, 0.3263438940048218, 0.3251626193523407, 0.32394924759864807, 0.3227536082267761, 0.32151034474372864, 0.3202506899833679, 0.3189750015735626, 0.3177371323108673, 0.3164786100387573, 0.31520912051200867, 0.313947856426239, 0.31263887882232666, 0.31134548783302307, 0.310062974691391, 0.3087559640407562, 0.3074483573436737, 0.30616745352745056, 0.30487295985221863, 0.3036002516746521, 0.302331805229187, 0.30106329917907715, 0.2998116910457611, 0.29859015345573425, 0.29735878109931946, 0.29614728689193726, 0.29492518305778503, 0.29371145367622375, 0.29252535104751587, 0.29138609766960144, 0.2901986837387085, 0.2890975773334503, 0.2879878282546997, 0.2868987023830414, 0.28584209084510803, 0.2848167419433594, 0.2837666869163513, 0.28272712230682373, 0.28173568844795227, 0.2807689905166626, 0.279781699180603, 0.2788231372833252, 0.2779025733470917, 0.27699902653694153, 0.2760862410068512, 0.2752262055873871, 0.27435094118118286, 0.2734656035900116, 0.27265864610671997, 0.27181825041770935, 0.2710150480270386, 0.2702319025993347, 0.2694394886493683, 0.26865658164024353, 0.26786819100379944, 0.26713746786117554, 0.2664155960083008, 0.26567375659942627, 0.2649496793746948, 0.26424935460090637, 0.26356494426727295, 0.2628512680530548, 0.2621341943740845, 0.261481910943985, 0.26078835129737854, 0.26015540957450867, 0.25946101546287537, 0.25881463289260864, 0.25819095969200134, 0.2575182616710663, 0.2568875551223755, 0.2562154531478882, 0.2556242048740387, 0.25507229566574097, 0.2544632852077484, 0.2538476288318634, 0.2532474100589752, 0.2526526153087616, 0.25208911299705505, 0.2515372335910797, 0.25087931752204895, 0.25029894709587097, 0.2497566193342209, 0.24916701018810272, 0.2485896497964859, 0.24802234768867493, 0.24745234847068787, 0.24692964553833008, 0.2464192807674408, 0.24585479497909546, 0.24524082243442535, 0.24475187063217163, 0.24422721564769745, 0.24368692934513092, 0.24316200613975525, 0.2426147609949112, 0.24219326674938202, 0.2416750192642212, 0.2410999834537506, 0.24055658280849457, 0.2400401085615158, 0.23952864110469818, 0.23900894820690155, 0.23849044740200043, 0.23798337578773499, 0.23743513226509094, 0.23697462677955627, 0.23650775849819183, 0.2360512912273407, 0.23569221794605255, 0.2351880818605423, 0.23470552265644073, 0.23426423966884613, 0.2337653785943985, 0.233228862285614, 0.23277564346790314, 0.23233520984649658, 0.2318633794784546, 0.23139148950576782, 0.2309095710515976, 0.23049673438072205, 0.23012949526309967, 0.2296541929244995, 0.22916242480278015, 0.22872844338417053, 0.22836610674858093, 0.22790998220443726, 0.22746990621089935, 0.22703097760677338, 0.22665676474571228, 0.22628231346607208, 0.22587089240550995, 0.22541946172714233, 0.22500823438167572, 0.22465971112251282, 0.2242758721113205, 0.22382095456123352, 0.2234519124031067, 0.22305060923099518, 0.22269278764724731, 0.2222820520401001, 0.2219790667295456, 0.22159656882286072, 0.22112619876861572, 0.22090747952461243, 0.2204102873802185, 0.22014093399047852, 0.2197542041540146, 0.21941199898719788, 0.21903669834136963, 0.21868549287319183, 0.21832409501075745, 0.21790775656700134, 0.21756643056869507, 0.2172340601682663, 0.21692346036434174, 0.21666429936885834, 0.21625728905200958, 0.21585418283939362, 0.21561670303344727, 0.21529622375965118, 0.21495851874351501, 0.2145729511976242, 0.21431651711463928, 0.21394266188144684, 0.21362170577049255, 0.2134321630001068, 0.21311652660369873, 0.2128407508134842, 0.21266451478004456, 0.2122681736946106, 0.21189841628074646, 0.2116425335407257, 0.21140359342098236, 0.21107187867164612, 0.21070212125778198, 0.2104046493768692, 0.2100912481546402, 0.20980098843574524, 0.20954908430576324, 0.20928260684013367, 0.20906001329421997, 0.20885305106639862, 0.20849166810512543, 0.20823170244693756, 0.20801523327827454, 0.207679882645607, 0.20734629034996033]",33.0,"[33.0, 33.0, 33.0, 33.0, 33.0, 33.0, 33.0, 33.0, 33.0, 33.0, 33.0, 33.0, 33.0, 33.0, 33.0, 33.0, 33.0, 33.0, 33.0, 33.0, 33.0, 33.0, 33.0, 33.0, 33.0, 33.0, 33.0, 33.0, 33.0, 33.0, 33.0, 33.0, 33.0, 33.0, 33.0, 33.0, 33.0, 33.0, 33.0, 33.0, 33.0, 33.0, 33.0, 33.0, 33.0, 33.0, 33.0, 33.0, 33.0, 33.0, 33.0, 33.0, 33.0, 33.0, 33.0, 33.0, 33.0, 33.0, 33.0, 33.0, 33.0, 33.0, 33.0, 33.0, 33.0, 33.0, 33.0, 33.0, 33.0, 33.0, 33.0, 33.0, 33.0, 33.0, 33.0, 33.0, 33.0, 33.0, 33.0, 33.0, 33.0, 33.0, 33.0, 33.0, 33.0, 33.0, 33.0, 33.0, 33.0, 33.0, 33.0, 33.0, 33.0, 33.0, 33.0, 33.0, 33.0, 33.0, 33.0, 33.0, 33.0, 33.0, 33.0, 33.0, 33.0, 33.0, 33.0, 33.0, 33.0, 33.0, 33.0, 33.0, 33.0, 33.0, 33.0, 33.0, 33.0, 33.0, 33.0, 33.0, 33.0, 33.0, 33.0, 33.0, 33.0, 33.0, 33.0, 33.0, 33.0, 33.0, 33.0, 33.0, 33.0, 33.0, 33.0, 33.0, 33.0, 33.0, 33.0, 33.0, 33.0, 33.0, 33.0, 33.0, 33.0, 33.0, 33.0, 33.0, 33.0, 33.0, 33.0, 33.0, 33.0, 33.0, 33.0, 33.0, 33.0, 33.0, 33.0, 33.0, 33.0, 33.0, 33.0, 33.0, 33.0, 33.0, 33.0, 33.0, 33.0, 33.0, 33.0, 33.0, 33.0, 33.0, 33.0, 33.0, 33.0, 33.0, 33.0, 33.0, 33.0, 33.0, 33.0, 33.0, 33.0, 33.0, 33.0, 33.0, 33.0, 33.0, 33.0, 33.0, 33.0, 33.0, 33.0, 33.0, 33.0, 33.0, 33.0, 33.0, 33.0, 33.0, 33.0, 33.0, 33.0, 33.0, 33.0, 33.0, 33.0, 33.0, 33.0, 33.0, 33.0, 33.0, 33.0, 33.0, 33.0, 33.0, 33.0, 33.0, 33.0, 33.0, 33.0, 33.0, 33.0, 33.0, 33.0, 33.0, 33.0, 33.0, 33.0, 33.0, 33.0, 33.0, 33.0, 33.0, 33.0, 33.0, 33.0, 33.0, 33.0, 33.0, 33.0, 33.0, 33.0]",COMPLETE
