,number,value,datetime_start,datetime_complete,duration,params_batch_size_scaler,params_constant_learning_rate,params_depth,params_epochs,params_kernel_l2,params_num_trees,params_temperature,user_attrs_accuracy_test,user_attrs_accuracy_valid,user_attrs_approximate_feature_sparsity,user_attrs_approximate_feature_sparsity_history,user_attrs_approximate_weight_sparsity,user_attrs_approximate_weight_sparsity_history,user_attrs_auc_test,user_attrs_auc_valid,user_attrs_feature_sparsity,user_attrs_feature_sparsity_history,user_attrs_num_epochs,user_attrs_val_loss_history,user_attrs_weight_sparsity,user_attrs_weight_sparsity_history,state
65,65,0.8891164612075074,2024-08-31 02:58:10.176133,2024-08-31 03:01:58.154268,0 days 00:03:47.978135,16,1.1323292290669336,6,240,0.3611809061133064,51,0.0011830290466984348,0.926,0.92625,7,"[33, 33, 33, 33, 33, 33, 33, 33, 33, 33, 33, 33, 33, 33, 33, 33, 33, 33, 32, 21, 18, 15, 15, 12, 11, 11, 10, 10, 10, 9, 9, 8, 8, 8, 8, 8, 8, 8, 8, 8, 8, 8, 8, 8, 8, 8, 8, 8, 8, 8, 8, 8, 8, 8, 8, 8, 8, 8, 8, 8, 8, 8, 8, 8, 8, 8, 8, 8, 8, 8, 8, 8, 8, 8, 8, 8, 8, 8, 8, 8, 8, 8, 8, 8, 7, 7, 7, 7, 7, 7, 7, 7, 7, 7, 7, 7, 7, 7, 7, 7, 7, 7, 7, 7, 7, 7, 7, 7, 7, 7, 7, 7, 7, 7, 7, 7, 7, 7, 7, 7, 7, 7, 7, 7, 7, 7, 7, 7, 7, 7, 7, 7, 7, 7, 7, 7, 7, 7, 7, 7, 7, 7, 7, 7, 7, 7, 7, 7, 7, 7, 7, 7, 7, 7, 7, 7, 7, 7, 7, 7, 7, 7, 7, 7, 7, 7, 7, 7, 7, 7, 7, 7, 7, 7, 7, 7, 7, 7, 7, 7, 7, 7, 7, 7, 7, 7, 7, 7, 7, 7, 7, 7, 7, 7, 7, 7, 7, 7, 7, 7, 7, 7, 7, 7, 7, 7, 7, 7, 7, 7, 7, 7, 7, 7, 7, 7, 7, 7, 7, 7, 7, 7, 7, 7, 7, 7, 7, 7, 7, 7, 7, 7, 7, 7, 7, 7, 7, 7, 7, 7]",6.973544973544973,"[32.91534391534392, 32.91783380018674, 32.91534391534392, 32.920323685029565, 32.91970121381886, 32.91596638655462, 32.91907874260816, 32.91658885776533, 32.91565515094927, 32.91098661686897, 32.91938997821351, 32.91285403050109, 32.918145035792094, 32.92156862745098, 32.92187986305633, 32.91907874260816, 32.92187986305633, 32.91378773731715, 31.918145035792094, 20.949579831932773, 17.95860566448802, 14.963274198568316, 14.965452847805789, 11.967631497043262, 10.9713663243075, 10.976346093993152, 9.978524743230626, 9.97883597883598, 9.976346093993152, 8.976657329598506, 8.973856209150327, 7.980703392468097, 7.981325863678805, 7.980703392468098, 7.9825708061002185, 7.982882041705571, 7.977591036414565, 7.979769685652039, 7.979458450046686, 7.981014628073452, 7.9788359788359795, 7.976657329598506, 7.9797696856520375, 7.982259570494865, 7.981637099284159, 7.9791472144413325, 7.980392156862745, 7.978213507625273, 7.9751011515717405, 7.97510115157174, 7.9788359788359795, 7.97696856520386, 7.980392156862745, 7.979147214441332, 7.980392156862745, 7.980703392468097, 7.977591036414567, 7.9825708061002185, 7.9825708061002185, 7.984126984126984, 7.982882041705571, 7.982259570494866, 7.984749455337691, 7.979147214441332, 7.980392156862745, 7.982882041705571, 7.97696856520386, 7.9760348583878, 7.978213507625272, 7.979769685652039, 7.981014628073451, 7.982259570494865, 7.9835045129162765, 7.981948334889511, 7.981948334889511, 7.982259570494865, 7.979769685652038, 7.9791472144413325, 7.976034858387799, 7.976657329598506, 7.975723622782446, 7.977591036414566, 7.978213507625272, 7.980703392468098, 6.983193277310924, 6.983504512916277, 6.9825708061002185, 6.981948334889511, 6.973856209150327, 6.978213507625272, 6.983815748521631, 6.985060690943044, 6.983815748521631, 6.9869281045751634, 6.98568316215375, 6.985060690943044, 6.981325863678805, 6.983193277310924, 6.98755057578587, 6.986305633364457, 6.985371926548398, 6.984749455337691, 6.981948334889511, 6.981637099284158, 6.980703392468099, 6.981948334889512, 6.98381574852163, 6.984126984126984, 6.98381574852163, 6.980392156862745, 6.980392156862745, 6.979769685652039, 6.981325863678805, 6.981948334889511, 6.978524743230626, 6.981325863678805, 6.981325863678805, 6.979458450046685, 6.979147214441332, 6.979769685652039, 6.978524743230626, 6.980080921257391, 6.981325863678805, 6.978524743230626, 6.983504512916277, 6.982259570494865, 6.981948334889511, 6.9825708061002185, 6.982259570494865, 6.98381574852163, 6.984438219732338, 6.98381574852163, 6.984438219732338, 6.98381574852163, 6.982259570494865, 6.981948334889511, 6.981948334889511, 6.979769685652039, 6.980080921257391, 6.981948334889511, 6.981325863678805, 6.978213507625273, 6.978213507625273, 6.981637099284159, 6.981325863678805, 6.977279800809212, 6.976657329598506, 6.976657329598506, 6.981325863678805, 6.9760348583878, 6.978835978835979, 6.979458450046685, 6.978524743230626, 6.9791472144413325, 6.97696856520386, 6.976968565203859, 6.977279800809212, 6.981014628073452, 6.980080921257391, 6.981637099284159, 6.981637099284158, 6.980703392468098, 6.97790227201992, 6.977902272019919, 6.979458450046685, 6.976968565203859, 6.977902272019919, 6.979458450046685, 6.981325863678805, 6.978213507625272, 6.976346093993152, 6.97416744475568, 6.977591036414566, 6.977591036414566, 6.973856209150327, 6.974478680361033, 6.977279800809212, 6.977902272019919, 6.97696856520386, 6.974789915966387, 6.976346093993152, 6.978835978835979, 6.977591036414566, 6.976968565203859, 6.97696856520386, 6.976346093993152, 6.977902272019919, 6.974789915966387, 6.976968565203859, 6.978835978835979, 6.976346093993153, 6.977591036414566, 6.979458450046685, 6.977591036414566, 6.979147214441332, 6.979458450046685, 6.977279800809213, 6.9791472144413325, 6.977279800809213, 6.97510115157174, 6.976346093993152, 6.976346093993152, 6.977591036414566, 6.977279800809212, 6.978835978835979, 6.9754123871770926, 6.9754123871770926, 6.974789915966387, 6.975723622782446, 6.9754123871770926, 6.9754123871770926, 6.974789915966387, 6.972922502334267, 6.972922502334267, 6.97416744475568, 6.977902272019919, 6.974789915966387, 6.972922502334267, 6.971055088702148, 6.972922502334267, 6.97230003112356, 6.973544973544973, 6.973544973544973, 6.97416744475568, 6.973856209150327, 6.973544973544973, 6.974789915966387, 6.977279800809213, 6.973856209150327, 6.974167444755681, 6.975723622782446, 6.97510115157174, 6.977591036414566, 6.977279800809212, 6.974167444755681, 6.972300031123561, 6.9716775599128535, 6.969810146280735, 6.970432617491441, 6.973544973544973]",0.8849148358226206,0.8891164612075074,7,"[33, 33, 33, 33, 33, 33, 33, 33, 33, 33, 33, 33, 33, 33, 33, 33, 33, 33, 32, 21, 18, 15, 15, 12, 11, 11, 10, 10, 10, 9, 9, 8, 8, 8, 8, 8, 8, 8, 8, 8, 8, 8, 8, 8, 8, 8, 8, 8, 8, 8, 8, 8, 8, 8, 8, 8, 8, 8, 8, 8, 8, 8, 8, 8, 8, 8, 8, 8, 8, 8, 8, 8, 8, 8, 8, 8, 8, 8, 8, 8, 8, 8, 8, 8, 7, 7, 7, 7, 7, 7, 7, 7, 7, 7, 7, 7, 7, 7, 7, 7, 7, 7, 7, 7, 7, 7, 7, 7, 7, 7, 7, 7, 7, 7, 7, 7, 7, 7, 7, 7, 7, 7, 7, 7, 7, 7, 7, 7, 7, 7, 7, 7, 7, 7, 7, 7, 7, 7, 7, 7, 7, 7, 7, 7, 7, 7, 7, 7, 7, 7, 7, 7, 7, 7, 7, 7, 7, 7, 7, 7, 7, 7, 7, 7, 7, 7, 7, 7, 7, 7, 7, 7, 7, 7, 7, 7, 7, 7, 7, 7, 7, 7, 7, 7, 7, 7, 7, 7, 7, 7, 7, 7, 7, 7, 7, 7, 7, 7, 7, 7, 7, 7, 7, 7, 7, 7, 7, 7, 7, 7, 7, 7, 7, 7, 7, 7, 7, 7, 7, 7, 7, 7, 7, 7, 7, 7, 7, 7, 7, 7, 7, 7, 7, 7, 7, 7, 7, 7, 7, 7]",240,"[0.396943062543869, 0.3879891335964203, 0.38233712315559387, 0.37951210141181946, 0.375425785779953, 0.3743082284927368, 0.37084248661994934, 0.3678775429725647, 0.3659941852092743, 0.363646000623703, 0.36268386244773865, 0.36100560426712036, 0.35780465602874756, 0.35467368364334106, 0.3524777293205261, 0.350211501121521, 0.34792381525039673, 0.3459973931312561, 0.34350067377090454, 0.340135395526886, 0.3358097970485687, 0.33352145552635193, 0.33173760771751404, 0.32918238639831543, 0.3327745497226715, 0.3294695019721985, 0.3280203342437744, 0.3256499469280243, 0.3232022821903229, 0.3216251730918884, 0.31943660974502563, 0.32107582688331604, 0.31846943497657776, 0.3160143792629242, 0.31387442350387573, 0.3117171823978424, 0.3099321126937866, 0.3068954646587372, 0.3045567572116852, 0.30240464210510254, 0.3001098334789276, 0.2982885539531708, 0.2963976562023163, 0.2949379086494446, 0.29303476214408875, 0.29144203662872314, 0.2895641028881073, 0.28823840618133545, 0.2861364483833313, 0.2853931486606598, 0.2837352454662323, 0.2826559543609619, 0.28186991810798645, 0.28029075264930725, 0.2791253626346588, 0.2779567837715149, 0.27639907598495483, 0.27600473165512085, 0.2749062180519104, 0.273822546005249, 0.27272146940231323, 0.27183645963668823, 0.2706693708896637, 0.26999348402023315, 0.26897406578063965, 0.2685334086418152, 0.26716411113739014, 0.2668353021144867, 0.2661929726600647, 0.2651699185371399, 0.26449477672576904, 0.2634270191192627, 0.26298490166664124, 0.26232612133026123, 0.26245057582855225, 0.26104435324668884, 0.26135188341140747, 0.2597179114818573, 0.2593276798725128, 0.25847119092941284, 0.25814956426620483, 0.2570704519748688, 0.25649455189704895, 0.25605642795562744, 0.26003652811050415, 0.25839102268218994, 0.2574499547481537, 0.25747406482696533, 0.25600650906562805, 0.2557023763656616, 0.25412049889564514, 0.25390949845314026, 0.25267428159713745, 0.2524913549423218, 0.25191643834114075, 0.2514379918575287, 0.25009673833847046, 0.24951690435409546, 0.24947209656238556, 0.24899721145629883, 0.2502986192703247, 0.24782106280326843, 0.24702925980091095, 0.24661719799041748, 0.24635064601898193, 0.24605566263198853, 0.24579258263111115, 0.2450442761182785, 0.2455027550458908, 0.2443302720785141, 0.2439340353012085, 0.2435615509748459, 0.2438904345035553, 0.24340324103832245, 0.24302825331687927, 0.24303536117076874, 0.2429988831281662, 0.2420692890882492, 0.2418949455022812, 0.2415580302476883, 0.24103078246116638, 0.24177764356136322, 0.24147546291351318, 0.2443011999130249, 0.2407391369342804, 0.24034935235977173, 0.24005798995494843, 0.24009652435779572, 0.23999419808387756, 0.23962298035621643, 0.23896698653697968, 0.2388833612203598, 0.24008601903915405, 0.23892755806446075, 0.2386517971754074, 0.23827879130840302, 0.23776794970035553, 0.23817525804042816, 0.2380998730659485, 0.2376878410577774, 0.2380254864692688, 0.2388966977596283, 0.2374737411737442, 0.23809145390987396, 0.23821739852428436, 0.23755207657814026, 0.2374233454465866, 0.23769912123680115, 0.23690463602542877, 0.23719197511672974, 0.23670169711112976, 0.23706717789173126, 0.2381429225206375, 0.23713327944278717, 0.2363765686750412, 0.23742233216762543, 0.23739400506019592, 0.23602847754955292, 0.23602858185768127, 0.2364993840456009, 0.23628263175487518, 0.2356462925672531, 0.23587335646152496, 0.23577624559402466, 0.23551908135414124, 0.23506690561771393, 0.23506568372249603, 0.23537106812000275, 0.23695828020572662, 0.23509877920150757, 0.23521608114242554, 0.23519988358020782, 0.23460614681243896, 0.2345188558101654, 0.23437035083770752, 0.2353506088256836, 0.2347632348537445, 0.23412854969501495, 0.23443453013896942, 0.23435457050800323, 0.2343219369649887, 0.2339857518672943, 0.2344360202550888, 0.23371225595474243, 0.23478086292743683, 0.23314598202705383, 0.23342184722423553, 0.23371988534927368, 0.23349662125110626, 0.23551006615161896, 0.2340121865272522, 0.2333691567182541, 0.23423849046230316, 0.23377464711666107, 0.23439469933509827, 0.2334342747926712, 0.23322124779224396, 0.2343153953552246, 0.2332877516746521, 0.23401746153831482, 0.23310783505439758, 0.2324201762676239, 0.23272863030433655, 0.23208367824554443, 0.23298195004463196, 0.23367901146411896, 0.23316067457199097, 0.23223833739757538, 0.2342432141304016, 0.2315325140953064, 0.2323748767375946, 0.23118603229522705, 0.23215803503990173, 0.2320522665977478, 0.23199144005775452, 0.23202304542064667, 0.23164933919906616, 0.23251871764659882, 0.23203156888484955, 0.23160003125667572, 0.23106242716312408, 0.23093010485172272, 0.23109006881713867, 0.23122306168079376, 0.23091638088226318, 0.23040349781513214, 0.23041151463985443, 0.23044359683990479, 0.23033079504966736, 0.23124666512012482, 0.22990423440933228, 0.2323806881904602, 0.23135845363140106, 0.23112905025482178, 0.23051127791404724, 0.2298070788383484, 0.22978824377059937, 0.22938168048858643, 0.22950446605682373, 0.23209311068058014]",7.0,"[33.0, 33.0, 33.0, 33.0, 33.0, 33.0, 33.0, 33.0, 33.0, 33.0, 33.0, 33.0, 33.0, 33.0, 33.0, 33.0, 33.0, 33.0, 32.0, 21.0, 18.0, 15.0, 15.0, 12.0, 11.0, 11.0, 10.0, 10.0, 10.0, 9.0, 9.0, 8.0, 8.0, 8.0, 8.0, 8.0, 8.0, 8.0, 8.0, 8.0, 8.0, 8.0, 8.0, 8.0, 8.0, 8.0, 8.0, 8.0, 8.0, 8.0, 8.0, 8.0, 8.0, 8.0, 8.0, 8.0, 8.0, 8.0, 8.0, 8.0, 8.0, 8.0, 8.0, 8.0, 8.0, 8.0, 8.0, 8.0, 8.0, 8.0, 8.0, 8.0, 8.0, 8.0, 8.0, 8.0, 8.0, 8.0, 8.0, 8.0, 8.0, 8.0, 8.0, 8.0, 7.0, 7.0, 7.0, 7.0, 7.0, 7.0, 7.0, 7.0, 7.0, 7.0, 7.0, 7.0, 7.0, 7.0, 7.0, 7.0, 7.0, 7.0, 7.0, 7.0, 7.0, 7.0, 7.0, 7.0, 7.0, 7.0, 7.0, 7.0, 7.0, 7.0, 7.0, 7.0, 7.0, 7.0, 7.0, 7.0, 7.0, 7.0, 7.0, 7.0, 7.0, 7.0, 7.0, 7.0, 7.0, 7.0, 7.0, 7.0, 7.0, 7.0, 7.0, 7.0, 7.0, 7.0, 7.0, 7.0, 7.0, 7.0, 7.0, 7.0, 7.0, 7.0, 7.0, 7.0, 7.0, 7.0, 7.0, 7.0, 7.0, 7.0, 7.0, 7.0, 7.0, 7.0, 7.0, 7.0, 7.0, 7.0, 7.0, 7.0, 7.0, 7.0, 7.0, 7.0, 7.0, 7.0, 7.0, 7.0, 7.0, 7.0, 7.0, 7.0, 7.0, 7.0, 7.0, 7.0, 7.0, 7.0, 7.0, 7.0, 7.0, 7.0, 7.0, 7.0, 7.0, 7.0, 7.0, 7.0, 7.0, 7.0, 7.0, 7.0, 7.0, 7.0, 7.0, 7.0, 7.0, 7.0, 7.0, 7.0, 7.0, 7.0, 7.0, 7.0, 7.0, 7.0, 7.0, 7.0, 7.0, 7.0, 7.0, 7.0, 7.0, 7.0, 7.0, 7.0, 7.0, 7.0, 7.0, 7.0, 7.0, 7.0, 7.0, 7.0, 7.0, 7.0, 7.0, 7.0, 7.0, 7.0, 7.0, 7.0, 7.0, 7.0, 7.0, 7.0]",COMPLETE
