,number,value,datetime_start,datetime_complete,duration,params_batch_size_scaler,params_constant_learning_rate,params_depth,params_epochs,params_kernel_l2,params_num_trees,params_temperature,user_attrs_accuracy_test,user_attrs_accuracy_valid,user_attrs_approximate_feature_sparsity,user_attrs_approximate_feature_sparsity_history,user_attrs_approximate_weight_sparsity,user_attrs_approximate_weight_sparsity_history,user_attrs_auc_test,user_attrs_auc_valid,user_attrs_feature_sparsity,user_attrs_feature_sparsity_history,user_attrs_num_epochs,user_attrs_val_loss_history,user_attrs_weight_sparsity,user_attrs_weight_sparsity_history,state
79,79,0.9174427741495021,2024-08-31 03:33:55.278139,2024-08-31 03:45:40.603705,0 days 00:11:45.325566,1,0.1727056004655238,5,470,0.0063267604190034655,33,0.008616947195096909,0.933,0.9325,33,"[33, 33, 33, 33, 33, 33, 33, 33, 33, 33, 33, 33, 33, 33, 33, 33, 33, 33, 33, 33, 33, 33, 33, 33, 33, 33, 33, 33, 33, 33, 33, 33, 33, 33, 33, 33, 33, 33, 33, 33, 33, 33, 33, 33, 33, 33, 33, 33, 33, 33, 33, 33, 33, 33, 33, 33, 33, 33, 33, 33, 33, 33, 33, 33, 33, 33, 33, 33, 33, 33, 33, 33, 33, 33, 33, 33, 33, 33, 33, 33, 33, 33, 33, 33, 33, 33, 33, 33, 33, 33, 33, 33, 33, 33, 33, 33, 33, 33, 33, 33, 33, 33, 33, 33, 33, 33, 33, 33, 33, 33, 33, 33, 33, 33, 33, 33, 33, 33, 33, 33, 33, 33, 33, 33, 33, 33, 33, 33, 33, 33, 33, 33, 33, 33, 33, 33, 33, 33, 33, 33, 33, 33, 33, 33, 33, 33, 33, 33, 33, 33, 33, 33, 33, 33, 33, 33, 33, 33, 33, 33, 33, 33, 33, 33, 33, 33, 33, 33, 33, 33, 33, 33, 33, 33, 33, 33, 33, 33, 33, 33, 33, 33, 33, 33, 33, 33, 33, 33, 33, 33, 33, 33, 33, 33, 33, 33, 33, 33, 33, 33, 33, 33, 33, 33, 33, 33, 33, 33, 33, 33, 33, 33, 33, 33, 33, 33, 33, 33, 33, 33, 33, 33, 33, 33, 33, 33, 33, 33, 33, 33, 33, 33, 33, 33, 33, 33, 33, 33, 33, 33, 33, 33, 33, 33, 33, 33, 33, 33, 33, 33, 33, 33, 33, 33, 33, 33, 33, 33, 33, 33, 33, 33, 33, 33, 33, 33, 33, 33, 33, 33, 33, 33, 33, 33, 33, 33, 33, 33, 33, 33, 33, 33, 33, 33, 33, 33, 33, 33, 33, 33, 33, 33, 33, 33, 33, 33, 33, 33, 33, 33, 33, 33, 33, 33, 33, 33, 33, 33, 33, 33, 33, 33, 33, 33, 33, 33, 33, 33, 33, 33, 33, 33, 33, 33, 33, 33, 33, 33, 33, 33, 33, 33, 33, 33, 33, 33, 33, 33, 33, 33, 33, 33, 33, 33, 33, 33, 33, 33, 33, 33, 33, 33, 33, 33, 33, 33, 33, 33, 33, 33, 33, 33, 33, 33, 33, 33, 33, 33, 33, 33, 33, 33, 33, 33, 33, 33, 33, 33, 33, 33, 33, 33, 33, 33, 33, 33, 33, 33, 33, 33, 33, 33, 33, 33, 33, 33, 33, 33, 33, 33, 33, 33, 33, 33, 33, 33, 33, 33, 33, 33, 33, 33, 33, 33, 33, 33, 33, 33, 33, 33, 33, 33, 33, 33, 33, 33, 33, 33, 33, 33, 33, 33, 33, 33, 33, 33, 33, 33, 33, 33, 33, 33, 33, 33, 33, 33, 33, 33, 33, 33, 33, 33, 33, 33, 33, 33, 33, 33, 33, 33, 33, 33, 33, 33, 33, 33, 33, 33, 33, 33]",32.956989247311824,"[32.95992179863148, 32.95307917888563, 32.95992179863148, 32.96285434995112, 32.95210166177908, 32.95796676441838, 32.95307917888563, 32.95307917888563, 32.95992179863148, 32.95698924731183, 32.95796676441837, 32.950146627565985, 32.95796676441838, 32.95992179863148, 32.956011730205276, 32.95405669599218, 32.950146627565985, 32.96383186705767, 32.946236559139784, 32.94819159335289, 32.945259042033236, 32.96285434995113, 32.95796676441837, 32.95601173020528, 32.956989247311824, 32.95894428152493, 32.95210166177908, 32.956989247311824, 32.945259042033236, 32.95210166177908, 32.95405669599218, 32.95796676441837, 32.95405669599218, 32.95894428152493, 32.956011730205276, 32.96969696969697, 32.96480938416423, 32.951124144672534, 32.956989247311824, 32.960899315738025, 32.95503421309873, 32.956989247311824, 32.960899315738025, 32.96774193548387, 32.96285434995113, 32.95307917888563, 32.95992179863148, 32.956011730205276, 32.95405669599218, 32.95796676441837, 32.95503421309873, 32.956011730205276, 32.95992179863148, 32.94916911045943, 32.95992179863148, 32.956011730205276, 32.956011730205276, 32.95503421309873, 32.95503421309873, 32.95894428152493, 32.946236559139784, 32.956011730205276, 32.956989247311824, 32.96285434995112, 32.95894428152493, 32.956011730205276, 32.95210166177908, 32.961876832844574, 32.961876832844574, 32.95992179863148, 32.95796676441838, 32.95796676441838, 32.96774193548387, 32.96871945259042, 32.96285434995112, 32.96285434995112, 32.95796676441838, 32.960899315738025, 32.95894428152493, 32.95503421309873, 32.95992179863148, 32.96285434995112, 32.965786901270775, 32.951124144672534, 32.96383186705767, 32.95992179863148, 32.965786901270775, 32.96480938416422, 32.961876832844574, 32.95796676441838, 32.94916911045944, 32.956011730205276, 32.96871945259042, 32.956989247311824, 32.972629521016614, 32.95894428152493, 32.965786901270775, 32.956011730205276, 32.965786901270775, 32.96383186705767, 32.96285434995112, 32.95894428152493, 32.956989247311824, 32.95992179863148, 32.95894428152493, 32.965786901270775, 32.960899315738025, 32.95894428152493, 32.96871945259042, 32.960899315738025, 32.96383186705767, 32.95992179863148, 32.95503421309873, 32.960899315738025, 32.95698924731183, 32.96774193548387, 32.961876832844574, 32.95992179863148, 32.96285434995112, 32.965786901270775, 32.96383186705768, 32.95992179863148, 32.95405669599218, 32.95698924731183, 32.96676441837732, 32.95698924731183, 32.96871945259042, 32.96285434995112, 32.96383186705768, 32.961876832844574, 32.961876832844574, 32.95894428152493, 32.96480938416423, 32.96774193548387, 32.960899315738025, 32.95796676441838, 32.96676441837732, 32.95894428152492, 32.961876832844574, 32.95601173020528, 32.960899315738025, 32.956989247311824, 32.961876832844574, 32.95698924731183, 32.956989247311824, 32.961876832844574, 32.96480938416423, 32.951124144672534, 32.95601173020528, 32.96676441837732, 32.95405669599218, 32.95698924731183, 32.95405669599218, 32.95307917888563, 32.961876832844574, 32.95796676441838, 32.94330400782014, 32.951124144672534, 32.95503421309873, 32.95307917888563, 32.94916911045943, 32.94819159335288, 32.95307917888563, 32.95210166177908, 32.95210166177908, 32.950146627565985, 32.950146627565985, 32.95894428152493, 32.95307917888563, 32.95796676441838, 32.95698924731183, 32.95796676441837, 32.95894428152493, 32.96676441837732, 32.95796676441837, 32.951124144672534, 32.95698924731183, 32.95307917888563, 32.960899315738025, 32.95992179863148, 32.95796676441837, 32.94916911045944, 32.95796676441838, 32.95405669599218, 32.95796676441838, 32.961876832844574, 32.96480938416423, 32.951124144672534, 32.95503421309873, 32.961876832844574, 32.96774193548387, 32.96578690127077, 32.961876832844574, 32.961876832844574, 32.961876832844574, 32.956989247311824, 32.95503421309873, 32.95796676441838, 32.95210166177908, 32.951124144672534, 32.951124144672534, 32.95014662756598, 32.950146627565985, 32.956011730205276, 32.95405669599218, 32.96480938416423, 32.96285434995112, 32.950146627565985, 32.94916911045943, 32.95307917888563, 32.95210166177908, 32.956989247311824, 32.96383186705768, 32.960899315738025, 32.960899315738025, 32.96383186705768, 32.95894428152493, 32.95992179863148, 32.95894428152493, 32.95503421309873, 32.961876832844574, 32.956989247311824, 32.95210166177908, 32.95307917888563, 32.960899315738025, 32.95894428152493, 32.95894428152493, 32.95210166177908, 32.950146627565985, 32.95405669599218, 32.95796676441838, 32.95992179863148, 32.956989247311824, 32.95405669599218, 32.94819159335288, 32.950146627565985, 32.950146627565985, 32.950146627565985, 32.94819159335289, 32.956011730205276, 32.95992179863148, 32.95796676441837, 32.96383186705767, 32.961876832844574, 32.95796676441837, 32.95307917888563, 32.956989247311824, 32.95405669599218, 32.95796676441837, 32.95992179863148, 32.95894428152493, 32.95405669599218, 32.95503421309873, 32.956989247311824, 32.96383186705767, 32.95796676441838, 32.956989247311824, 32.95307917888563, 32.950146627565985, 32.950146627565985, 32.95307917888563, 32.950146627565985, 32.95307917888563, 32.95307917888563, 32.951124144672534, 32.95014662756598, 32.94330400782014, 32.946236559139784, 32.95014662756598, 32.94916911045944, 32.94916911045943, 32.94232649071359, 32.94232649071359, 32.941348973607035, 32.94330400782014, 32.94330400782014, 32.94819159335289, 32.94330400782014, 32.946236559139784, 32.945259042033236, 32.951124144672534, 32.95307917888563, 32.95307917888563, 32.95307917888563, 32.95503421309873, 32.951124144672534, 32.95503421309873, 32.956011730205276, 32.95992179863148, 32.96480938416423, 32.96383186705767, 32.961876832844574, 32.960899315738025, 32.95698924731183, 32.95894428152493, 32.95601173020528, 32.95698924731183, 32.95210166177908, 32.95601173020528, 32.95698924731183, 32.96285434995113, 32.96383186705768, 32.961876832844574, 32.960899315738025, 32.95894428152493, 32.965786901270775, 32.960899315738025, 32.960899315738025, 32.96285434995112, 32.95894428152493, 32.961876832844574, 32.95992179863148, 32.96285434995112, 32.96285434995112, 32.96383186705768, 32.961876832844574, 32.96480938416423, 32.96285434995112, 32.95992179863148, 32.95503421309873, 32.95601173020528, 32.956989247311824, 32.95405669599218, 32.95698924731183, 32.95894428152493, 32.95796676441838, 32.95894428152493, 32.961876832844574, 32.95894428152493, 32.95992179863148, 32.961876832844574, 32.96383186705767, 32.96285434995112, 32.961876832844574, 32.96480938416423, 32.965786901270775, 32.96285434995112, 32.96285434995112, 32.961876832844574, 32.96383186705768, 32.960899315738025, 32.960899315738025, 32.95796676441838, 32.95894428152493, 32.95405669599218, 32.95210166177908, 32.951124144672534, 32.95307917888563, 32.946236559139784, 32.94428152492669, 32.94916911045944, 32.94916911045944, 32.94819159335288, 32.950146627565985, 32.94916911045943, 32.946236559139784, 32.94819159335288, 32.941348973607035, 32.94721407624634, 32.94721407624633, 32.945259042033236, 32.94330400782014, 32.94330400782014, 32.94330400782014, 32.94330400782014, 32.93841642228739, 32.94232649071359, 32.94721407624633, 32.94721407624633, 32.94819159335288, 32.945259042033236, 32.95014662756598, 32.94819159335288, 32.945259042033236, 32.94819159335289, 32.95210166177908, 32.94916911045944, 32.950146627565985, 32.950146627565985, 32.950146627565985, 32.951124144672534, 32.94819159335289, 32.94819159335288, 32.94721407624633, 32.951124144672534, 32.95210166177908, 32.956011730205276, 32.956989247311824, 32.956011730205276, 32.95698924731183, 32.95503421309873, 32.95503421309873, 32.951124144672534, 32.95307917888563, 32.95307917888563, 32.95405669599218, 32.95405669599218, 32.95307917888563, 32.951124144672534, 32.951124144672534, 32.94819159335288, 32.951124144672534, 32.95210166177908, 32.95210166177908, 32.956989247311824, 32.95992179863148, 32.96285434995112, 32.96480938416423, 32.965786901270775, 32.96676441837732, 32.96383186705767, 32.96480938416423, 32.96480938416423, 32.96285434995112, 32.960899315738025, 32.960899315738025, 32.965786901270775, 32.96285434995113, 32.96285434995112, 32.95992179863148, 32.960899315738025, 32.961876832844574, 32.95894428152493, 32.95992179863148, 32.95992179863148, 32.95796676441838, 32.95894428152493, 32.956989247311824, 32.95796676441838, 32.95307917888563, 32.956011730205276, 32.95405669599218, 32.95405669599218, 32.956011730205276, 32.95405669599218, 32.95796676441838, 32.95894428152493, 32.960899315738025, 32.956989247311824, 32.95894428152492, 32.95894428152492, 32.95992179863148, 32.961876832844574, 32.95992179863148, 32.956989247311824, 32.956989247311824, 32.956989247311824, 32.96285434995112, 32.961876832844574, 32.961876832844574, 32.96383186705767, 32.95894428152493, 32.95796676441838, 32.95796676441838, 32.95503421309873, 32.956011730205276, 32.956011730205276, 32.95405669599218, 32.95307917888563, 32.95405669599218, 32.95307917888563, 32.95307917888563, 32.95307917888563, 32.95307917888563, 32.95405669599218, 32.95503421309873, 32.95796676441837, 32.95894428152492, 32.95796676441838, 32.956989247311824]",0.9087963077634392,0.9174427741495021,33,"[33, 33, 33, 33, 33, 33, 33, 33, 33, 33, 33, 33, 33, 33, 33, 33, 33, 33, 33, 33, 33, 33, 33, 33, 33, 33, 33, 33, 33, 33, 33, 33, 33, 33, 33, 33, 33, 33, 33, 33, 33, 33, 33, 33, 33, 33, 33, 33, 33, 33, 33, 33, 33, 33, 33, 33, 33, 33, 33, 33, 33, 33, 33, 33, 33, 33, 33, 33, 33, 33, 33, 33, 33, 33, 33, 33, 33, 33, 33, 33, 33, 33, 33, 33, 33, 33, 33, 33, 33, 33, 33, 33, 33, 33, 33, 33, 33, 33, 33, 33, 33, 33, 33, 33, 33, 33, 33, 33, 33, 33, 33, 33, 33, 33, 33, 33, 33, 33, 33, 33, 33, 33, 33, 33, 33, 33, 33, 33, 33, 33, 33, 33, 33, 33, 33, 33, 33, 33, 33, 33, 33, 33, 33, 33, 33, 33, 33, 33, 33, 33, 33, 33, 33, 33, 33, 33, 33, 33, 33, 33, 33, 33, 33, 33, 33, 33, 33, 33, 33, 33, 33, 33, 33, 33, 33, 33, 33, 33, 33, 33, 33, 33, 33, 33, 33, 33, 33, 33, 33, 33, 33, 33, 33, 33, 33, 33, 33, 33, 33, 33, 33, 33, 33, 33, 33, 33, 33, 33, 33, 33, 33, 33, 33, 33, 33, 33, 33, 33, 33, 33, 33, 33, 33, 33, 33, 33, 33, 33, 33, 33, 33, 33, 33, 33, 33, 33, 33, 33, 33, 33, 33, 33, 33, 33, 33, 33, 33, 33, 33, 33, 33, 33, 33, 33, 33, 33, 33, 33, 33, 33, 33, 33, 33, 33, 33, 33, 33, 33, 33, 33, 33, 33, 33, 33, 33, 33, 33, 33, 33, 33, 33, 33, 33, 33, 33, 33, 33, 33, 33, 33, 33, 33, 33, 33, 33, 33, 33, 33, 33, 33, 33, 33, 33, 33, 33, 33, 33, 33, 33, 33, 33, 33, 33, 33, 33, 33, 33, 33, 33, 33, 33, 33, 33, 33, 33, 33, 33, 33, 33, 33, 33, 33, 33, 33, 33, 33, 33, 33, 33, 33, 33, 33, 33, 33, 33, 33, 33, 33, 33, 33, 33, 33, 33, 33, 33, 33, 33, 33, 33, 33, 33, 33, 33, 33, 33, 33, 33, 33, 33, 33, 33, 33, 33, 33, 33, 33, 33, 33, 33, 33, 33, 33, 33, 33, 33, 33, 33, 33, 33, 33, 33, 33, 33, 33, 33, 33, 33, 33, 33, 33, 33, 33, 33, 33, 33, 33, 33, 33, 33, 33, 33, 33, 33, 33, 33, 33, 33, 33, 33, 33, 33, 33, 33, 33, 33, 33, 33, 33, 33, 33, 33, 33, 33, 33, 33, 33, 33, 33, 33, 33, 33, 33, 33, 33, 33, 33, 33, 33, 33, 33, 33, 33, 33, 33, 33, 33, 33, 33, 33, 33, 33, 33, 33, 33, 33, 33, 33, 33, 33, 33]",470,"[0.3709895610809326, 0.3591182231903076, 0.3503170907497406, 0.34120091795921326, 0.33033475279808044, 0.32039427757263184, 0.31270405650138855, 0.29948535561561584, 0.28501325845718384, 0.274899959564209, 0.26362529397010803, 0.2576955556869507, 0.2520579993724823, 0.2476581335067749, 0.24917902052402496, 0.23817092180252075, 0.2331731617450714, 0.23135536909103394, 0.22686152160167694, 0.22330351173877716, 0.217577263712883, 0.21638545393943787, 0.21587100625038147, 0.21126551926136017, 0.2125694453716278, 0.2080937772989273, 0.20409037172794342, 0.20153406262397766, 0.20364302396774292, 0.19918720424175262, 0.20171122252941132, 0.19760321080684662, 0.1939949244260788, 0.19557315111160278, 0.19756802916526794, 0.19064860045909882, 0.19358684122562408, 0.19248197972774506, 0.18907985091209412, 0.18816626071929932, 0.18799038231372833, 0.19013109803199768, 0.1863405853509903, 0.1866058111190796, 0.18925823271274567, 0.1857895404100418, 0.1788044422864914, 0.18406984210014343, 0.1836625635623932, 0.17971006035804749, 0.18010185658931732, 0.1797020584344864, 0.17850235104560852, 0.1856381744146347, 0.17789410054683685, 0.17524459958076477, 0.17972443997859955, 0.17725706100463867, 0.1782032549381256, 0.17722202837467194, 0.1786975860595703, 0.17546315491199493, 0.1737927943468094, 0.17273657023906708, 0.17574428021907806, 0.17078952491283417, 0.17188535630702972, 0.17094871401786804, 0.17788010835647583, 0.16930094361305237, 0.17135576903820038, 0.17277051508426666, 0.1770300418138504, 0.16878964006900787, 0.17352335155010223, 0.17043378949165344, 0.17091146111488342, 0.17004570364952087, 0.1697923094034195, 0.1745058000087738, 0.16968856751918793, 0.17315761744976044, 0.18011359870433807, 0.173187717795372, 0.17427745461463928, 0.17775152623653412, 0.17807283997535706, 0.17810815572738647, 0.17843511700630188, 0.17373669147491455, 0.18026718497276306, 0.17377497255802155, 0.18018710613250732, 0.18372701108455658, 0.17898240685462952, 0.18067945539951324, 0.17933721840381622, 0.17696832120418549, 0.18531465530395508, 0.1804981827735901, 0.17806480824947357, 0.18444891273975372, 0.18038851022720337, 0.18775707483291626, 0.1805802881717682, 0.17915263772010803, 0.1808803528547287, 0.18006201088428497, 0.18719783425331116, 0.18087059259414673, 0.18687883019447327, 0.18441492319107056, 0.18858996033668518, 0.18768855929374695, 0.18604297935962677, 0.18402762711048126, 0.1819198727607727, 0.19405728578567505, 0.1872161626815796, 0.18825797736644745, 0.18823890388011932, 0.1857297569513321, 0.18577979505062103, 0.19078411161899567, 0.18755878508090973, 0.20006731152534485, 0.19155895709991455, 0.19201189279556274, 0.19559289515018463, 0.197856143116951, 0.19258619844913483, 0.20335981249809265, 0.1969749629497528, 0.19762031733989716, 0.19973573088645935, 0.1946796178817749, 0.20151132345199585, 0.19736111164093018, 0.20250840485095978, 0.21237534284591675, 0.20163094997406006, 0.2001296430826187, 0.20793241262435913, 0.20182323455810547, 0.20283547043800354, 0.2024245411157608, 0.21221019327640533, 0.2088174819946289, 0.20887188613414764, 0.20663093030452728, 0.20840881764888763, 0.21046827733516693, 0.2065107524394989, 0.20558485388755798, 0.21010248363018036, 0.21759694814682007, 0.21790331602096558, 0.21220719814300537, 0.21458877623081207, 0.2149224430322647, 0.21522165834903717, 0.21947899460792542, 0.21727657318115234, 0.217635840177536, 0.2192578762769699, 0.22134244441986084, 0.22742561995983124, 0.22006280720233917, 0.22335320711135864, 0.22606296837329865, 0.2298707515001297, 0.2294999063014984, 0.23194213211536407, 0.2251773625612259, 0.23306803405284882, 0.24344661831855774, 0.2342388778924942, 0.22943490743637085, 0.2347588986158371, 0.23644475638866425, 0.24277818202972412, 0.24113966524600983, 0.23801881074905396, 0.2362789660692215, 0.25240588188171387, 0.24365797638893127, 0.247889906167984, 0.24817270040512085, 0.24474044144153595, 0.24724765121936798, 0.24487468600273132, 0.24431230127811432, 0.25286591053009033, 0.24940833449363708, 0.25175002217292786, 0.24938642978668213, 0.252628892660141, 0.2542180120944977, 0.2545520067214966, 0.25683867931365967, 0.2578775882720947, 0.2536381483078003, 0.2645711600780487, 0.26072418689727783, 0.2622135281562805, 0.26010310649871826, 0.26016345620155334, 0.26135584712028503, 0.2673116624355316, 0.26606285572052, 0.262118935585022, 0.26475322246551514, 0.2632996141910553, 0.268802672624588, 0.26771652698516846, 0.27067792415618896, 0.26651498675346375, 0.27308928966522217, 0.270037442445755, 0.276105135679245, 0.2715657353401184, 0.27030670642852783, 0.274926096200943, 0.27254563570022583, 0.27798277139663696, 0.2780386209487915, 0.2771299481391907, 0.27640780806541443, 0.28050386905670166, 0.2807481288909912, 0.28182148933410645, 0.2851351797580719, 0.2854793667793274, 0.28243592381477356, 0.2814093232154846, 0.28881198167800903, 0.2856980562210083, 0.2876296937465668, 0.29265648126602173, 0.2890361547470093, 0.2878357172012329, 0.29011452198028564, 0.29091596603393555, 0.28955355286598206, 0.2928425967693329, 0.29488372802734375, 0.29390349984169006, 0.29578715562820435, 0.2964107096195221, 0.2967468798160553, 0.29447537660598755, 0.29775410890579224, 0.29805970191955566, 0.29823601245880127, 0.3030250072479248, 0.3008086681365967, 0.30054691433906555, 0.3020049035549164, 0.30241715908050537, 0.3035466969013214, 0.3045922517776489, 0.30365556478500366, 0.30445921421051025, 0.30700382590293884, 0.31137433648109436, 0.306261271238327, 0.3083227574825287, 0.30901509523391724, 0.3091026544570923, 0.31185203790664673, 0.3099035918712616, 0.309937983751297, 0.3107371926307678, 0.3143574297428131, 0.3135084807872772, 0.31238865852355957, 0.31409069895744324, 0.315544456243515, 0.3134240210056305, 0.31613945960998535, 0.31558501720428467, 0.3155033588409424, 0.3161470890045166, 0.31685689091682434, 0.31731733679771423, 0.31835082173347473, 0.3168095052242279, 0.31837043166160583, 0.3209606409072876, 0.320221871137619, 0.32123827934265137, 0.3217489719390869, 0.32198256254196167, 0.3222253918647766, 0.32336124777793884, 0.3219045400619507, 0.32487478852272034, 0.3242396414279938, 0.32478082180023193, 0.3249024450778961, 0.3243173658847809, 0.32608452439308167, 0.3277430236339569, 0.3261881172657013, 0.32560092210769653, 0.329964280128479, 0.3283979892730713, 0.3284030258655548, 0.3285242021083832, 0.32915371656417847, 0.3300514221191406, 0.32965901494026184, 0.33122584223747253, 0.3313540518283844, 0.3328789472579956, 0.3322928547859192, 0.3325725793838501, 0.33252209424972534, 0.3335105776786804, 0.33413243293762207, 0.33355629444122314, 0.3349757492542267, 0.33566534519195557, 0.33544597029685974, 0.33539310097694397, 0.3368205726146698, 0.3363249897956848, 0.33712440729141235, 0.33674731850624084, 0.33702290058135986, 0.339660108089447, 0.3393970727920532, 0.33871859312057495, 0.33882391452789307, 0.33845993876457214, 0.33940476179122925, 0.3392779231071472, 0.3401336371898651, 0.34083935618400574, 0.3426212668418884, 0.3423158526420593, 0.34372374415397644, 0.3427852392196655, 0.34269943833351135, 0.34264785051345825, 0.34372836351394653, 0.34415242075920105, 0.3443957269191742, 0.3448413610458374, 0.3460792601108551, 0.3450435996055603, 0.34555962681770325, 0.346851646900177, 0.34709274768829346, 0.34610557556152344, 0.3458721935749054, 0.3479749262332916, 0.3478362262248993, 0.3481607437133789, 0.3480879068374634, 0.3486449718475342, 0.34877827763557434, 0.3491421043872833, 0.3491858243942261, 0.3501054048538208, 0.3506566286087036, 0.3508288562297821, 0.35085320472717285, 0.35147663950920105, 0.3513908088207245, 0.3522418141365051, 0.3524809181690216, 0.35193711519241333, 0.35316169261932373, 0.35322269797325134, 0.3532783091068268, 0.35312801599502563, 0.3538702130317688, 0.3540632128715515, 0.35444286465644836, 0.35404670238494873, 0.35486888885498047, 0.3548952043056488, 0.3562680780887604, 0.35646525025367737, 0.35580605268478394, 0.35634806752204895, 0.3556525707244873, 0.3561881184577942, 0.3562409579753876, 0.3569497764110565, 0.3578799068927765, 0.35822251439094543, 0.35784485936164856, 0.3583197295665741, 0.35865291953086853, 0.3587624430656433, 0.35836848616600037, 0.3592119514942169, 0.35936489701271057, 0.3599044382572174, 0.3608353