,number,value,datetime_start,datetime_complete,duration,params_batch_size_scaler,params_constant_learning_rate,params_depth,params_epochs,params_kernel_l2,params_num_trees,params_temperature,user_attrs_accuracy_test,user_attrs_accuracy_valid,user_attrs_approximate_feature_sparsity,user_attrs_approximate_feature_sparsity_history,user_attrs_approximate_weight_sparsity,user_attrs_approximate_weight_sparsity_history,user_attrs_auc_test,user_attrs_auc_valid,user_attrs_feature_sparsity,user_attrs_feature_sparsity_history,user_attrs_num_epochs,user_attrs_val_loss_history,user_attrs_weight_sparsity,user_attrs_weight_sparsity_history,state
32,32,0.7789800466308563,2024-08-31 01:26:22.048462,2024-08-31 01:28:32.576071,0 days 00:02:10.527609,64,0.08211965631028767,6,475,0.029731187224297424,7,0.05315308222475189,0.886,0.8875,33,"[33, 33, 33, 33, 33, 33, 33, 33, 33, 33, 33, 33, 33, 33, 33, 33, 33, 33, 33, 33, 33, 33, 33, 33, 33, 33, 33, 33, 33, 33, 33, 33, 33, 33, 33, 33, 33, 33, 33, 33, 33, 33, 33, 33, 33, 33, 33, 33, 33, 33, 33, 33, 33, 33, 33, 33, 33, 33, 33, 33, 33, 33, 33, 33, 33, 33, 33, 33, 33, 33, 33, 33, 33, 33, 33, 33, 33, 33, 33, 33, 33, 33, 33, 33, 33, 33, 33, 33, 33, 33, 33, 33, 33, 33, 33, 33, 33, 33, 33, 33, 33, 33, 33, 33, 33, 33, 33, 33, 33, 33, 33, 33, 33, 33, 33, 33, 33, 33, 33, 33, 33, 33, 33, 33, 33, 33, 33, 33, 33, 33, 33, 33, 33, 33, 33, 33, 33, 33, 33, 33, 33, 33, 33, 33, 33, 33, 33, 33, 33, 33, 33, 33, 33, 33, 33, 33, 33, 33, 33, 33, 33, 33, 33, 33, 33, 33, 33, 33, 33, 33, 33, 33, 33, 33, 33, 33, 33, 33, 33, 33, 33, 33, 33, 33, 33, 33, 33, 33, 33, 33, 33, 33, 33, 33, 33, 33, 33, 33, 33, 33, 33, 33, 33, 33, 33, 33, 33, 33, 33, 33, 33, 33, 33, 33, 33, 33, 33, 33, 33, 33, 33, 33, 33, 33, 33, 33, 33, 33, 33, 33, 33, 33, 33, 33, 33, 33, 33, 33, 33, 33, 33, 33, 33, 33, 33, 33, 33, 33, 33, 33, 33, 33, 33, 33, 33, 33, 33, 33, 33, 33, 33, 33, 33, 33, 33, 33, 33, 33, 33, 33, 33, 33, 33, 33, 33, 33, 33, 33, 33, 33, 33, 33, 33, 33, 33, 33, 33, 33, 33, 33, 33, 33, 33, 33, 33, 33, 33, 33, 33, 33, 33, 33, 33, 33, 33, 33, 33, 33, 33, 33, 33, 33, 33, 33, 33, 33, 33, 33, 33, 33, 33, 33, 33, 33, 33, 33, 33, 33, 33, 33, 33, 33, 33, 33, 33, 33, 33, 33, 33, 33, 33, 33, 33, 33, 33, 33, 33, 33, 33, 33, 33, 33, 33, 33, 33, 33, 33, 33, 33, 33, 33, 33, 33, 33, 33, 33, 33, 33, 33, 33, 33, 33, 33, 33, 33, 33, 33, 33, 33, 33, 33, 33, 33, 33, 33, 33, 33, 33, 33, 33, 33, 33, 33, 33, 33, 33, 33, 33, 33, 33, 33, 33, 33, 33, 33, 33, 33, 33, 33, 33, 33, 33, 33, 33, 33, 33, 33, 33, 33, 33, 33, 33, 33, 33, 33, 33, 33, 33, 33, 33, 33, 33, 33, 33, 33, 33, 33, 33, 33, 33, 33, 33, 33, 33, 33, 33, 33, 33, 33, 33, 33, 33, 33, 33, 33, 33, 33, 33, 33, 33, 33, 33, 33, 33, 33, 33, 33, 33, 33, 33, 33, 33, 33, 33, 33]",32.95918367346939,"[32.97278911564626, 32.97052154195012, 32.97052154195011, 32.96825396825397, 32.97278911564626, 32.96825396825397, 32.97278911564626, 32.97052154195011, 32.956916099773245, 32.97732426303855, 32.97732426303855, 32.97052154195011, 32.98412698412699, 32.9750566893424, 32.97052154195011, 32.965986394557824, 32.95918367346939, 32.961451247165535, 32.97278911564626, 32.97052154195011, 32.9750566893424, 32.9795918367347, 32.97052154195011, 32.97505668934241, 32.965986394557824, 32.97278911564626, 32.965986394557824, 32.96371882086168, 32.96825396825397, 32.965986394557824, 32.96371882086168, 32.96825396825397, 32.96825396825397, 32.956916099773245, 32.97278911564626, 32.97052154195011, 32.961451247165535, 32.965986394557824, 32.96825396825397, 32.956916099773245, 32.965986394557824, 32.95691609977324, 32.950113378684804, 32.961451247165535, 32.965986394557824, 32.965986394557824, 32.961451247165535, 32.965986394557824, 32.965986394557824, 32.956916099773245, 32.950113378684804, 32.961451247165535, 32.96371882086168, 32.965986394557824, 32.96371882086168, 32.96371882086168, 32.961451247165535, 32.96825396825397, 32.965986394557824, 32.96371882086168, 32.96371882086168, 32.96371882086168, 32.961451247165535, 32.961451247165535, 32.97052154195011, 32.96825396825397, 32.96825396825397, 32.96371882086168, 32.96371882086168, 32.96371882086168, 32.965986394557824, 32.97052154195011, 32.97052154195011, 32.96825396825397, 32.96825396825397, 32.96825396825397, 32.97052154195011, 32.961451247165535, 32.95918367346938, 32.96371882086168, 32.961451247165535, 32.96825396825397, 32.97052154195011, 32.96825396825397, 32.965986394557824, 32.96371882086168, 32.965986394557824, 32.97278911564626, 32.97278911564626, 32.95918367346939, 32.9546485260771, 32.961451247165535, 32.965986394557824, 32.97052154195011, 32.96825396825397, 32.96371882086168, 32.95918367346939, 32.961451247165535, 32.965986394557824, 32.961451247165535, 32.961451247165535, 32.961451247165535, 32.97052154195011, 32.965986394557824, 32.965986394557824, 32.96371882086168, 32.96371882086168, 32.961451247165535, 32.96371882086168, 32.96371882086168, 32.97278911564626, 32.96825396825397, 32.97278911564626, 32.97052154195011, 32.97278911564626, 32.97052154195011, 32.961451247165535, 32.96371882086168, 32.96371882086168, 32.961451247165535, 32.961451247165535, 32.961451247165535, 32.96825396825397, 32.97052154195011, 32.96825396825397, 32.965986394557824, 32.97278911564626, 32.97052154195011, 32.97052154195011, 32.97052154195011, 32.96825396825397, 32.965986394557824, 32.977324263038554, 32.97505668934241, 32.97278911564626, 32.977324263038554, 32.97278911564626, 32.97052154195011, 32.97052154195011, 32.97278911564626, 32.96825396825397, 32.9750566893424, 32.9750566893424, 32.97732426303855, 32.9750566893424, 32.97278911564626, 32.97278911564626, 32.97052154195011, 32.96825396825397, 32.965986394557824, 32.96825396825397, 32.95918367346939, 32.95918367346939, 32.965986394557824, 32.965986394557824, 32.956916099773245, 32.956916099773245, 32.956916099773245, 32.956916099773245, 32.956916099773245, 32.965986394557824, 32.97278911564626, 32.97052154195011, 32.96825396825397, 32.968253968253975, 32.972789115646265, 32.972789115646265, 32.965986394557824, 32.96371882086168, 32.95918367346939, 32.965986394557824, 32.965986394557824, 32.96825396825397, 32.965986394557824, 32.96371882086168, 32.965986394557824, 32.961451247165535, 32.96371882086168, 32.96825396825397, 32.96825396825397, 32.96825396825397, 32.965986394557824, 32.97278911564626, 32.95918367346939, 32.961451247165535, 32.96825396825397, 32.96825396825397, 32.96371882086168, 32.965986394557824, 32.965986394557824, 32.96371882086168, 32.97278911564626, 32.97278911564626, 32.9750566893424, 32.97278911564626, 32.9750566893424, 32.9750566893424, 32.97732426303855, 32.9750566893424, 32.97278911564626, 32.965986394557824, 32.97052154195011, 32.96371882086168, 32.961451247165535, 32.95918367346939, 32.9546485260771, 32.956916099773245, 32.952380952380956, 32.95238095238095, 32.956916099773245, 32.95918367346939, 32.956916099773245, 32.95238095238095, 32.961451247165535, 32.956916099773245, 32.956916099773245, 32.956916099773245, 32.95238095238095, 32.952380952380956, 32.95918367346939, 32.956916099773245, 32.961451247165535, 32.96825396825397, 32.96825396825397, 32.96825396825397, 32.97052154195011, 32.965986394557824, 32.96371882086168, 32.96371882086168, 32.96825396825397, 32.97278911564626, 32.97052154195011, 32.95918367346939, 32.96371882086168, 32.95918367346939, 32.96825396825397, 32.96825396825397, 32.97052154195011, 32.965986394557824, 32.96371882086168, 32.961451247165535, 32.96825396825397, 32.96825396825397, 32.97278911564626, 32.9750566893424, 32.9750566893424, 32.965986394557824, 32.96825396825397, 32.96825396825397, 32.96825396825397, 32.97052154195011, 32.97278911564626, 32.97278911564626, 32.97278911564626, 32.97278911564626, 32.977324263038554, 32.97278911564626, 32.97052154195011, 32.972789115646265, 32.97278911564626, 32.97052154195011, 32.97052154195011, 32.97052154195011, 32.97278911564626, 32.97052154195011, 32.97278911564626, 32.98185941043084, 32.97732426303855, 32.98185941043084, 32.9750566893424, 32.97278911564626, 32.97959183673469, 32.9750566893424, 32.97278911564626, 32.97278911564626, 32.97052154195011, 32.97052154195011, 32.97732426303855, 32.97278911564626, 32.97052154195011, 32.97278911564626, 32.97278911564626, 32.96371882086168, 32.965986394557824, 32.96825396825397, 32.965986394557824, 32.961451247165535, 32.96371882086168, 32.96825396825397, 32.97052154195011, 32.965986394557824, 32.965986394557824, 32.97052154195011, 32.97052154195011, 32.9750566893424, 32.96825396825397, 32.96825396825397, 32.97052154195011, 32.97052154195011, 32.965986394557824, 32.96825396825397, 32.97052154195011, 32.9750566893424, 32.97732426303855, 32.977324263038554, 32.97505668934241, 32.977324263038554, 32.97732426303855, 32.97732426303855, 32.97959183673469, 32.97732426303855, 32.981859410430836, 32.98412698412699, 32.97959183673469, 32.9750566893424, 32.97732426303855, 32.97732426303855, 32.9750566893424, 32.9750566893424, 32.9750566893424, 32.97278911564626, 32.97278911564626, 32.97278911564626, 32.97732426303855, 32.977324263038554, 32.97278911564626, 32.97278911564626, 32.97052154195011, 32.9750566893424, 32.977324263038554, 32.97732426303855, 32.98185941043084, 32.97732426303855, 32.98185941043084, 32.98185941043084, 32.97732426303855, 32.97959183673469, 32.97959183673469, 32.9795918367347, 32.9750566893424, 32.9750566893424, 32.9750566893424, 32.9750566893424, 32.97278911564626, 32.97278911564626, 32.9750566893424, 32.97052154195011, 32.9750566893424, 32.97052154195011, 32.97278911564626, 32.97959183673469, 32.97959183673469, 32.97732426303855, 32.97732426303855, 32.97732426303855, 32.97732426303855, 32.97732426303855, 32.97052154195011, 32.97278911564626, 32.96825396825397, 32.97278911564626, 32.97052154195011, 32.97052154195011, 32.9750566893424, 32.977324263038554, 32.9750566893424, 32.97732426303855, 32.96825396825397, 32.96825396825397, 32.97278911564626, 32.96825396825397, 32.965986394557824, 32.96825396825397, 32.965986394557824, 32.97052154195011, 32.9795918367347, 32.97278911564626, 32.97052154195011, 32.9750566893424, 32.9750566893424, 32.97959183673469, 32.9750566893424, 32.97278911564626, 32.9750566893424, 32.9750566893424, 32.97052154195011, 32.97052154195011, 32.96825396825397, 32.965986394557824, 32.965986394557824, 32.96825396825397, 32.97278911564626, 32.97732426303855, 32.9750566893424, 32.97278911564626, 32.97278911564626, 32.97278911564626, 32.97732426303855, 32.9750566893424, 32.97959183673469, 32.97732426303855, 32.98185941043084, 32.98185941043084, 32.97732426303855, 32.97732426303855, 32.97278911564626, 32.97052154195011, 32.97052154195011, 32.97052154195011, 32.97278911564626, 32.97052154195011, 32.97278911564626, 32.97052154195011, 32.97278911564626, 32.965986394557824, 32.96371882086167, 32.96371882086167, 32.965986394557824, 32.96825396825397, 32.965986394557824, 32.961451247165535, 32.95918367346939, 32.961451247165535, 32.96371882086168, 32.961451247165535, 32.95918367346939, 32.961451247165535, 32.965986394557824, 32.965986394557824, 32.965986394557824, 32.96371882086168, 32.965986394557824, 32.961451247165535, 32.961451247165535, 32.965986394557824, 32.96371882086168, 32.961451247165535, 32.961451247165535, 32.961451247165535, 32.95918367346939, 32.95918367346939, 32.961451247165535, 32.95918367346939, 32.961451247165535, 32.96371882086168, 32.95918367346939, 32.961451247165535, 32.961451247165535, 32.965986394557824, 32.965986394557824, 32.96825396825397, 32.965986394557824, 32.96371882086168, 32.96371882086168, 32.961451247165535, 32.965986394557824, 32.96371882086168, 32.95918367346939, 32.965986394557824, 32.97052154195011, 32.97052154195011, 32.97052154195011, 32.9750566893424, 32.96825396825397, 32.97278911564626, 32.97052154195011, 32.97278911564626, 32.97732426303855, 32.97052154195011, 32.97278911564626, 32.97278911564626, 32.96825396825397, 32.96371882086168, 32.965986394557824, 32.95918367346939]",0.8051172813513985,0.7789800466308563,33,"[33, 33, 33, 33, 33, 33, 33, 33, 33, 33, 33, 33, 33, 33, 33, 33, 33, 33, 33, 33, 33, 33, 33, 33, 33, 33, 33, 33, 33, 33, 33, 33, 33, 33, 33, 33, 33, 33, 33, 33, 33, 33, 33, 33, 33, 33, 33, 33, 33, 33, 33, 33, 33, 33, 33, 33, 33, 33, 33, 33, 33, 33, 33, 33, 33, 33, 33, 33, 33, 33, 33, 33, 33, 33, 33, 33, 33, 33, 33, 33, 33, 33, 33, 33, 33, 33, 33, 33, 33, 33, 33, 33, 33, 33, 33, 33, 33, 33, 33, 33, 33, 33, 33, 33, 33, 33, 33, 33, 33, 33, 33, 33, 33, 33, 33, 33, 33, 33, 33, 33, 33, 33, 33, 33, 33, 33, 33, 33, 33, 33, 33, 33, 33, 33, 33, 33, 33, 33, 33, 33, 33, 33, 33, 33, 33, 33, 33, 33, 33, 33, 33, 33, 33, 33, 33, 33, 33, 33, 33, 33, 33, 33, 33, 33, 33, 33, 33, 33, 33, 33, 33, 33, 33, 33, 33, 33, 33, 33, 33, 33, 33, 33, 33, 33, 33, 33, 33, 33, 33, 33, 33, 33, 33, 33, 33, 33, 33, 33, 33, 33, 33, 33, 33, 33, 33, 33, 33, 33, 33, 33, 33, 33, 33, 33, 33, 33, 33, 33, 33, 33, 33, 33, 33, 33, 33, 33, 33, 33, 33, 33, 33, 33, 33, 33, 33, 33, 33, 33, 33, 33, 33, 33, 33, 33, 33, 33, 33, 33, 33, 33, 33, 33, 33, 33, 33, 33, 33, 33, 33, 33, 33, 33, 33, 33, 33, 33, 33, 33, 33, 33, 33, 33, 33, 33, 33, 33, 33, 33, 33, 33, 33, 33, 33, 33, 33, 33, 33, 33, 33, 33, 33, 33, 33, 33, 33, 33, 33, 33, 33, 33, 33, 33, 33, 33, 33, 33, 33, 33, 33, 33, 33, 33, 33, 33, 33, 33, 33, 33, 33, 33, 33, 33, 33, 33, 33, 33, 33, 33, 33, 33, 33, 33, 33, 33, 33, 33, 33, 33, 33, 33, 33, 33, 33, 33, 33, 33, 33, 33, 33, 33, 33, 33, 33, 33, 33, 33, 33, 33, 33, 33, 33, 33, 33, 33, 33, 33, 33, 33, 33, 33, 33, 33, 33, 33, 33, 33, 33, 33, 33, 33, 33, 33, 33, 33, 33, 33, 33, 33, 33, 33, 33, 33, 33, 33, 33, 33, 33, 33, 33, 33, 33, 33, 33, 33, 33, 33, 33, 33, 33, 33, 33, 33, 33, 33, 33, 33, 33, 33, 33, 33, 33, 33, 33, 33, 33, 33, 33, 33, 33, 33, 33, 33, 33, 33, 33, 33, 33, 33, 33, 33, 33, 33, 33, 33, 33, 33, 33, 33, 33, 33, 33, 33, 33, 33, 33, 33, 33, 33, 33, 33, 33, 33, 33, 33, 33, 33, 33, 33, 33, 33, 33, 33, 33, 33, 33]",475,"[0.785178005695343, 0.7575457692146301, 0.7330560088157654, 0.7104041576385498, 0.6889249682426453, 0.669070303440094, 0.650478184223175, 0.6335684061050415, 0.6180599927902222, 0.6033014059066772, 0.5900498032569885, 0.5775458812713623, 0.5656633973121643, 0.5543846487998962, 0.5439997315406799, 0.5342470407485962, 0.5251126289367676, 0.5168415904045105, 0.5093318223953247, 0.5023416876792908, 0.49573662877082825, 0.48907554149627686, 0.48344171047210693, 0.47746166586875916, 0.4724685549736023, 0.4674685299396515, 0.46265026926994324, 0.4583405554294586, 0.45442578196525574, 0.45056357979774475, 0.4471372961997986, 0.44366827607154846, 0.4403999447822571, 0.4372001886367798, 0.4342952072620392, 0.43165987730026245, 0.42917492985725403, 0.42691290378570557, 0.4246370196342468, 0.4224608540534973, 0.4203914999961853, 0.41851723194122314, 0.4167478084564209, 0.4149961471557617, 0.4134926199913025, 0.4117510914802551, 0.41017046570777893, 0.40879547595977783, 0.40735530853271484, 0.4061540365219116, 0.40502098202705383, 0.40396809577941895, 0.402947336435318, 0.401913046836853, 0.4007919430732727, 0.3998205065727234, 0.3989221453666687, 0.39803969860076904, 0.39713984727859497, 0.3961845636367798, 0.39534592628479004, 0.3946017324924469, 0.3937930762767792, 0.39311903715133667, 0.39241358637809753, 0.3917202651500702, 0.39102908968925476, 0.3903515636920929, 0.3897649347782135, 0.3892321288585663, 0.38866469264030457, 0.388162225484848, 0.3876757323741913, 0.38717108964920044, 0.3866455554962158, 0.3861415982246399, 0.3857078552246094, 0.38530388474464417, 0.38484010100364685, 0.3843552768230438, 0.3839186429977417, 0.3835052251815796, 0.38309982419013977, 0.3827132284641266, 0.3823442757129669, 0.38196101784706116, 0.38163235783576965, 0.3813095986843109, 0.3809884786605835, 0.3806423842906952, 0.3804078996181488, 0.38006532192230225, 0.3797794580459595, 0.37946778535842896, 0.3792048692703247, 0.3789353668689728, 0.3786431849002838, 0.37835827469825745, 0.3781358599662781, 0.3778500258922577, 0.37754830718040466, 0.37729302048683167, 0.37699249386787415, 0.3767470419406891, 0.37652456760406494, 0.3762138783931732, 0.37596550583839417, 0.3757251501083374, 0.3755074441432953, 0.3752806484699249, 0.37509477138519287, 0.3748289942741394, 0.3745783865451813, 0.3743915855884552, 0.37420064210891724, 0.37398892641067505, 0.37377306818962097, 0.3735528290271759, 0.37331825494766235, 0.37311509251594543, 0.3728928864002228, 0.3727244436740875, 0.3725334107875824, 0.3724096417427063, 0.3722352683544159, 0.3720157742500305, 0.37183311581611633, 0.3716924786567688, 0.37149083614349365, 0.37128207087516785, 0.3710973262786865, 0.37096282839775085, 0.3708063066005707, 0.3706163167953491, 0.370466411113739, 0.3703228235244751, 0.3701862692832947, 0.3700709044933319, 0.3699013888835907, 0.36977267265319824, 0.3696492314338684, 0.36954087018966675, 0.369378000497818, 0.36921942234039307, 0.3690983057022095, 0.3689541518688202, 0.36879080533981323, 0.36868390440940857, 0.36855006217956543, 0.36842983961105347, 0.36829182505607605, 0.3681424856185913, 0.36796650290489197, 0.36782220005989075, 0.367654025554657, 0.3675059378147125, 0.3673659563064575, 0.3672584593296051, 0.3671904504299164, 0.36707809567451477, 0.3669525980949402, 0.3668574392795563, 0.36673301458358765, 0.3665982186794281, 0.36642447113990784, 0.3662349283695221, 0.3660845458507538, 0.3659559190273285, 0.365820974111557, 0.3656463921070099, 0.3655012249946594, 0.3653937578201294, 0.36529460549354553, 0.365169882774353, 0.36499640345573425, 0.3648781180381775, 0.3647517263889313, 0.36470577120780945, 0.36454591155052185, 0.36442479491233826, 0.36431214213371277, 0.3642021417617798, 0.3640786111354828, 0.36395472288131714, 0.3638218641281128, 0.3637181222438812, 0.3635658323764801, 0.3634381890296936, 0.3632951080799103, 0.3631986379623413, 0.3630874752998352, 0.3629869222640991, 0.3629130423069, 0.36277875304222107, 0.36262795329093933, 0.36253899335861206, 0.3624311685562134, 0.36230555176734924, 0.3622002899646759, 0.36207008361816406, 0.36195191740989685, 0.3618476986885071, 0.3617193102836609, 0.36157605051994324, 0.36149856448173523, 0.3613913059234619, 0.36129334568977356, 0.36116236448287964, 0.3610565662384033, 0.3609756529331207, 0.36086025834083557, 0.3607698678970337, 0.3607223927974701, 0.3606136441230774, 0.3605287969112396, 0.36042267084121704, 0.36030423641204834, 0.360214501619339, 0.3600631356239319, 0.3599449396133423, 0.3598535656929016, 0.35975387692451477, 0.35964950919151306, 0.35951822996139526, 0.35946810245513916, 0.3593924343585968, 0.3592938184738159, 0.3591691851615906, 0.3590089678764343, 0.3589053750038147, 0.35878169536590576, 0.3587101399898529, 0.35859423875808716, 0.3584847152233124, 0.35837337374687195, 0.35824504494667053, 0.3581372797489166, 0.35803359746932983, 0.35795319080352783, 0.35783851146698, 0.35772210359573364, 0.3576478064060211, 0.35751861333847046, 0.3574236035346985, 0.35733655095100403, 0.3572351336479187, 0.35714012384414673, 0.3570740818977356, 0.3569406270980835, 0.3567996323108673, 0.3567001223564148, 0.35665732622146606, 0.3565271496772766, 0.35645121335983276, 0.35632073879241943, 0.3562399744987488, 0.3561704754829407, 0.3559890687465668, 0.3558667004108429, 0.3557431101799011, 0.3556462228298187, 0.35552752017974854, 0.35542333126068115, 0.3553439676761627, 0.3552420437335968, 0.35517266392707825, 0.3550480902194977, 0.3549184799194336, 0.3547951579093933, 0.3546501398086548, 0.3546037971973419, 0.35455000400543213, 0.35441985726356506, 0.35430994629859924, 0.354188472032547, 0.35405808687210083, 0.3539379835128784, 0.35381004214286804, 0.3536891043186188, 0.3535633981227875, 0.3534545600414276, 0.35334059596061707, 0.3532182574272156, 0.3531303107738495, 0.35301825404167175, 0.3529175817966461, 0.3528095483779907, 0.3527125120162964, 0.35260558128356934, 0.35248854756355286, 0.3523760139942169, 0.3522129952907562, 0.3520873785018921, 0.35195931792259216, 0.3518289625644684, 0.35173267126083374, 0.3516143560409546, 0.3514903783798218, 0.35138243436813354, 0.3513127565383911, 0.35122254490852356, 0.3511216342449188, 0.3510114550590515, 0.3509277105331421, 0.3507969379425049, 0.3507022559642792, 0.35058078169822693, 0.35047978162765503, 0.3503382205963135, 0.3502289056777954, 0.35008639097213745, 0.34997445344924927, 0.3498914837837219, 0.34981822967529297, 0.34968507289886475, 0.3495818078517914, 0.34952104091644287, 0.3493749499320984, 0.34933558106422424, 0.3492280840873718, 0.34917181730270386, 0.349048912525177, 0.34892189502716064, 0.34884321689605713, 0.34871500730514526, 0.34860682487487793, 0.3484806418418884, 0.34840720891952515, 0.34827283024787903, 0.34824708104133606, 0.3481493890285492, 0.34805405139923096, 0.3480004072189331, 0.34786900877952576, 0.34776419401168823, 0.3476516008377075, 0.3475436866283417, 0.3474539816379547, 0.347371369600296, 0.34720349311828613, 0.3470996022224426, 0.347008615732193, 0.3468822240829468, 0.34677931666374207, 0.34660106897354126, 0.3464725613594055, 0.34636935591697693, 0.3462536931037903, 0.34612715244293213, 0.3460148870944977, 0.3458472192287445, 0.34573689103126526, 0.345610111951828, 0.34546706080436707, 0.3453587591648102, 0.34520184993743896, 0.3450944423675537, 0.34497565031051636, 0.34485602378845215, 0.3447479009628296, 0.34459593892097473, 0.3444894552230835, 0.3443683385848999, 0.34426581859588623, 0.34409552812576294, 0.34395861625671387, 0.34378987550735474, 0.34365314245224, 0.34353429079055786, 0.3434251546859741, 0.34330692887306213, 0.3431888818740845, 0.343069851398468, 0.3429740071296692, 0.34285449981689453, 0.3427192270755768, 0.3425922691822052, 0.3424185812473297, 0.3422762155532837, 0.34213170409202576, 0.3419409692287445, 0.3418338894844055, 0.341767817735672, 0.34166014194488525, 0.34156689047813416, 0.34145233035087585, 0.34136053919792175, 0.34123870730400085, 0.3411761522293091, 0.34104087948799133, 0.34092244505882263, 0.3407835364341736, 0.3406582772731781, 0.340591162443161, 0.3404407501220703, 0.3402930200099945, 0.3401781916618347, 0.3400493860244751, 0.33995017409324646, 0.33977919816970825, 0.3396642208099365, 0.33957985043525696, 0.33