,number,value,datetime_start,datetime_complete,duration,params_batch_size_scaler,params_constant_learning_rate,params_depth,params_epochs,params_kernel_l2,params_num_trees,params_temperature,user_attrs_accuracy_test,user_attrs_accuracy_valid,user_attrs_approximate_feature_sparsity,user_attrs_approximate_feature_sparsity_history,user_attrs_approximate_weight_sparsity,user_attrs_approximate_weight_sparsity_history,user_attrs_auc_test,user_attrs_auc_valid,user_attrs_feature_sparsity,user_attrs_feature_sparsity_history,user_attrs_num_epochs,user_attrs_val_loss_history,user_attrs_weight_sparsity,user_attrs_weight_sparsity_history,state
40,40,0.5,2024-08-31 01:44:12.027517,2024-08-31 01:44:27.249909,0 days 00:00:15.222392,64,0.26593850135329344,1,260,0.09005424040546767,13,0.03179450199964572,0.859,0.85875,0,"[33, 30, 17, 4, 0, 0, 0, 0, 0, 0, 0, 0, 0, 0, 0, 0, 0, 0, 0, 0, 0, 0, 0, 0, 0, 0, 0, 0, 0, 0, 0, 0, 0, 0, 0, 0, 0, 0, 0, 0, 0, 0, 0, 0, 0, 0, 0, 0, 0, 0, 0, 0, 0, 0, 0, 0, 0, 0, 0, 0, 0, 0, 0, 0, 0, 0, 0, 0, 0, 0, 0, 0, 0, 0, 0, 0, 0, 0, 0, 0, 0, 0, 0, 0, 0, 0, 0, 0, 0, 0, 0, 0, 0, 0, 0, 0, 0, 0, 0, 0, 0, 0, 0, 0, 0, 0, 0, 0, 0, 0, 0, 0, 0, 0, 0, 0, 0, 0, 0, 0, 0, 0, 0, 0, 0, 0, 0, 0, 0, 0, 0, 0, 0, 0, 0, 0, 0, 0, 0, 0, 0, 0, 0, 0, 0, 0, 0, 0, 0, 0, 0, 0, 0, 0, 0, 0, 0, 0, 0, 0, 0, 0, 0, 0, 0, 0, 0, 0, 0, 0, 0, 0, 0, 0, 0, 0, 0, 0, 0, 0, 0, 0, 0, 0, 0, 0, 0, 0, 0, 0, 0, 0, 0, 0, 0, 0, 0, 0, 0, 0, 0, 0, 0, 0, 0, 0, 0, 0, 0, 0, 0, 0, 0, 0, 0, 0, 0, 0, 0, 0, 0, 0, 0, 0, 0, 0, 0, 0, 0, 0, 0, 0, 0, 0, 0, 0, 0, 0, 0, 0, 0, 0, 0, 0, 0, 0, 0, 0, 0, 0, 0, 0, 0, 0, 0, 0, 0, 0, 0, 0]",0.0,"[33.0, 30.0, 17.0, 4.0, 0.0, 0.0, 0.0, 0.0, 0.0, 0.0, 0.0, 0.0, 0.0, 0.0, 0.0, 0.0, 0.0, 0.0, 0.0, 0.0, 0.0, 0.0, 0.0, 0.0, 0.0, 0.0, 0.0, 0.0, 0.0, 0.0, 0.0, 0.0, 0.0, 0.0, 0.0, 0.0, 0.0, 0.0, 0.0, 0.0, 0.0, 0.0, 0.0, 0.0, 0.0, 0.0, 0.0, 0.0, 0.0, 0.0, 0.0, 0.0, 0.0, 0.0, 0.0, 0.0, 0.0, 0.0, 0.0, 0.0, 0.0, 0.0, 0.0, 0.0, 0.0, 0.0, 0.0, 0.0, 0.0, 0.0, 0.0, 0.0, 0.0, 0.0, 0.0, 0.0, 0.0, 0.0, 0.0, 0.0, 0.0, 0.0, 0.0, 0.0, 0.0, 0.0, 0.0, 0.0, 0.0, 0.0, 0.0, 0.0, 0.0, 0.0, 0.0, 0.0, 0.0, 0.0, 0.0, 0.0, 0.0, 0.0, 0.0, 0.0, 0.0, 0.0, 0.0, 0.0, 0.0, 0.0, 0.0, 0.0, 0.0, 0.0, 0.0, 0.0, 0.0, 0.0, 0.0, 0.0, 0.0, 0.0, 0.0, 0.0, 0.0, 0.0, 0.0, 0.0, 0.0, 0.0, 0.0, 0.0, 0.0, 0.0, 0.0, 0.0, 0.0, 0.0, 0.0, 0.0, 0.0, 0.0, 0.0, 0.0, 0.0, 0.0, 0.0, 0.0, 0.0, 0.0, 0.0, 0.0, 0.0, 0.0, 0.0, 0.0, 0.0, 0.0, 0.0, 0.0, 0.0, 0.0, 0.0, 0.0, 0.0, 0.0, 0.0, 0.0, 0.0, 0.0, 0.0, 0.0, 0.0, 0.0, 0.0, 0.0, 0.0, 0.0, 0.0, 0.0, 0.0, 0.0, 0.0, 0.0, 0.0, 0.0, 0.0, 0.0, 0.0, 0.0, 0.0, 0.0, 0.0, 0.0, 0.0, 0.0, 0.0, 0.0, 0.0, 0.0, 0.0, 0.0, 0.0, 0.0, 0.0, 0.0, 0.0, 0.0, 0.0, 0.0, 0.0, 0.0, 0.0, 0.0, 0.0, 0.0, 0.0, 0.0, 0.0, 0.0, 0.0, 0.0, 0.0, 0.0, 0.0, 0.0, 0.0, 0.0, 0.0, 0.0, 0.0, 0.0, 0.0, 0.0, 0.0, 0.0, 0.0, 0.0, 0.0, 0.0, 0.0, 0.0, 0.0, 0.0, 0.0, 0.0, 0.0, 0.0, 0.0, 0.0, 0.0, 0.0, 0.0, 0.0, 0.0, 0.0, 0.0, 0.0, 0.0, 0.0]",0.5,0.5,0,"[33, 30, 17, 4, 0, 0, 0, 0, 0, 0, 0, 0, 0, 0, 0, 0, 0, 0, 0, 0, 0, 0, 0, 0, 0, 0, 0, 0, 0, 0, 0, 0, 0, 0, 0, 0, 0, 0, 0, 0, 0, 0, 0, 0, 0, 0, 0, 0, 0, 0, 0, 0, 0, 0, 0, 0, 0, 0, 0, 0, 0, 0, 0, 0, 0, 0, 0, 0, 0, 0, 0, 0, 0, 0, 0, 0, 0, 0, 0, 0, 0, 0, 0, 0, 0, 0, 0, 0, 0, 0, 0, 0, 0, 0, 0, 0, 0, 0, 0, 0, 0, 0, 0, 0, 0, 0, 0, 0, 0, 0, 0, 0, 0, 0, 0, 0, 0, 0, 0, 0, 0, 0, 0, 0, 0, 0, 0, 0, 0, 0, 0, 0, 0, 0, 0, 0, 0, 0, 0, 0, 0, 0, 0, 0, 0, 0, 0, 0, 0, 0, 0, 0, 0, 0, 0, 0, 0, 0, 0, 0, 0, 0, 0, 0, 0, 0, 0, 0, 0, 0, 0, 0, 0, 0, 0, 0, 0, 0, 0, 0, 0, 0, 0, 0, 0, 0, 0, 0, 0, 0, 0, 0, 0, 0, 0, 0, 0, 0, 0, 0, 0, 0, 0, 0, 0, 0, 0, 0, 0, 0, 0, 0, 0, 0, 0, 0, 0, 0, 0, 0, 0, 0, 0, 0, 0, 0, 0, 0, 0, 0, 0, 0, 0, 0, 0, 0, 0, 0, 0, 0, 0, 0, 0, 0, 0, 0, 0, 0, 0, 0, 0, 0, 0, 0, 0, 0, 0, 0, 0, 0]",260,"[0.5595605373382568, 0.5361435413360596, 0.47854912281036377, 0.4204917252063751, 0.40748634934425354, 0.4080381691455841, 0.40793558955192566, 0.40732046961784363, 0.4072558283805847, 0.4097529947757721, 0.4073774814605713, 0.4078184962272644, 0.4115722179412842, 0.4077815115451813, 0.40762490034103394, 0.4088318645954132, 0.40763840079307556, 0.40730780363082886, 0.40952208638191223, 0.407341867685318, 0.41183456778526306, 0.4094178080558777, 0.40723198652267456, 0.4107287526130676, 0.41044333577156067, 0.40757906436920166, 0.4073885381221771, 0.40803852677345276, 0.4084315896034241, 0.40757080912590027, 0.4072427451610565, 0.40836524963378906, 0.40757155418395996, 0.40893837809562683, 0.41034191846847534, 0.40773510932922363, 0.4072694480419159, 0.40735018253326416, 0.4080667197704315, 0.4082511067390442, 0.40818077325820923, 0.40725967288017273, 0.4082515239715576, 0.4073331356048584, 0.40733519196510315, 0.40727755427360535, 0.40927639603614807, 0.40780362486839294, 0.40738144516944885, 0.40830764174461365, 0.4073910415172577, 0.40852898359298706, 0.40932342410087585, 0.4075305163860321, 0.407236248254776, 0.4076225161552429, 0.4074326455593109, 0.4072449803352356, 0.4092305898666382, 0.40895435214042664, 0.4090561270713806, 0.4085184335708618, 0.4073983132839203, 0.40724074840545654, 0.4075286388397217, 0.4072449505329132, 0.4080612063407898, 0.40775546431541443, 0.4084431827068329, 0.40731126070022583, 0.40737923979759216, 0.4072849750518799, 0.40722641348838806, 0.40748804807662964, 0.40742039680480957, 0.407226026058197, 0.4085824191570282, 0.4094076454639435, 0.40784934163093567, 0.4072688817977905, 0.40856418013572693, 0.4078465402126312, 0.4072325527667999, 0.41193798184394836, 0.4076167345046997, 0.4089754521846771, 0.40726909041404724, 0.4086949825286865, 0.4073548913002014, 0.4087378680706024, 0.4079834818840027, 0.4073377251625061, 0.4072263240814209, 0.4075070321559906, 0.40730607509613037, 0.40722671151161194, 0.4072599411010742, 0.4075413644313812, 0.40922215580940247, 0.40726011991500854, 0.40740910172462463, 0.407256543636322, 0.40725597739219666, 0.4085746109485626, 0.4072718024253845, 0.4073159396648407, 0.40875405073165894, 0.4072260558605194, 0.40737420320510864, 0.40742775797843933, 0.40789100527763367, 0.4074290990829468, 0.40779227018356323, 0.40760064125061035, 0.4072466194629669, 0.40757066011428833, 0.4092162251472473, 0.40723147988319397, 0.40723663568496704, 0.40779104828834534, 0.4084363579750061, 0.40723541378974915, 0.40801453590393066, 0.4075799584388733, 0.4100070893764496, 0.4075796902179718, 0.40746963024139404, 0.40754491090774536, 0.40760207176208496, 0.4077931344509125, 0.4083048105239868, 0.4077964127063751, 0.4072660207748413, 0.40751346945762634, 0.407333642244339, 0.4087767004966736, 0.4073723554611206, 0.40723690390586853, 0.40768715739250183, 0.40989261865615845, 0.40733572840690613, 0.40783676505088806, 0.40802454948425293, 0.40855324268341064, 0.4075632393360138, 0.4075649380683899, 0.4075056314468384, 0.40814027190208435, 0.4075607359409332, 0.4074355363845825, 0.40722739696502686, 0.4080754816532135, 0.407286673784256, 0.40739333629608154, 0.407250314950943, 0.4078353941440582, 0.4072566330432892, 0.40784507989883423, 0.4088178277015686, 0.407752126455307, 0.407746285200119, 0.4072268307209015, 0.4072299301624298, 0.40722665190696716, 0.40847107768058777, 0.4072396755218506, 0.4073622524738312, 0.407277375459671, 0.40786200761795044, 0.41031646728515625, 0.4098258316516876, 0.40977737307548523, 0.40738287568092346, 0.407663494348526, 0.4076184332370758, 0.4096566140651703, 0.4073088467121124, 0.40845367312431335, 0.40797215700149536, 0.4100326597690582, 0.40834322571754456, 0.40722954273223877, 0.40782085061073303, 0.40752625465393066, 0.40816521644592285, 0.4076036512851715, 0.41098809242248535, 0.40780213475227356, 0.4079418182373047, 0.4075660705566406, 0.4074995517730713, 0.40858227014541626, 0.40780240297317505, 0.40743812918663025, 0.40724503993988037, 0.4072287082672119, 0.40725594758987427, 0.40723350644111633, 0.40761733055114746, 0.40737441182136536, 0.407267302274704, 0.40781378746032715, 0.4089756906032562, 0.41071319580078125, 0.40759503841400146, 0.4080243706703186, 0.4083994925022125, 0.40731513500213623, 0.407270610332489, 0.4073096513748169, 0.4087267220020294, 0.4078736901283264, 0.4075653851032257, 0.40760621428489685, 0.40736085176467896, 0.4072268009185791, 0.40747129917144775, 0.4072585999965668, 0.40726593136787415, 0.40751194953918457, 0.4073212444782257, 0.40812453627586365, 0.4076077342033386, 0.4080255627632141, 0.4072328209877014, 0.4128294885158539, 0.40783900022506714, 0.4076094329357147, 0.40723761916160583, 0.40780213475227356, 0.4077891409397125, 0.4077647030353546, 0.40754926204681396, 0.40735870599746704, 0.4078533947467804, 0.4075072407722473, 0.4081078767776489, 0.4132987856864929, 0.40727055072784424, 0.4072660207748413, 0.40801048278808594, 0.4074651002883911, 0.4072831869125366, 0.4079821705818176, 0.4074659049510956, 0.4072873294353485, 0.4072670042514801, 0.40742331743240356, 0.40771088004112244, 0.40800225734710693, 0.41142258048057556, 0.4088066816329956, 0.40787869691848755, 0.40799427032470703, 0.40961021184921265, 0.408122718334198, 0.40756937861442566, 0.4104728400707245, 0.4077095091342926, 0.407270610332489]",0.0,"[33.0, 30.0, 17.0, 4.0, 0.0, 0.0, 0.0, 0.0, 0.0, 0.0, 0.0, 0.0, 0.0, 0.0, 0.0, 0.0, 0.0, 0.0, 0.0, 0.0, 0.0, 0.0, 0.0, 0.0, 0.0, 0.0, 0.0, 0.0, 0.0, 0.0, 0.0, 0.0, 0.0, 0.0, 0.0, 0.0, 0.0, 0.0, 0.0, 0.0, 0.0, 0.0, 0.0, 0.0, 0.0, 0.0, 0.0, 0.0, 0.0, 0.0, 0.0, 0.0, 0.0, 0.0, 0.0, 0.0, 0.0, 0.0, 0.0, 0.0, 0.0, 0.0, 0.0, 0.0, 0.0, 0.0, 0.0, 0.0, 0.0, 0.0, 0.0, 0.0, 0.0, 0.0, 0.0, 0.0, 0.0, 0.0, 0.0, 0.0, 0.0, 0.0, 0.0, 0.0, 0.0, 0.0, 0.0, 0.0, 0.0, 0.0, 0.0, 0.0, 0.0, 0.0, 0.0, 0.0, 0.0, 0.0, 0.0, 0.0, 0.0, 0.0, 0.0, 0.0, 0.0, 0.0, 0.0, 0.0, 0.0, 0.0, 0.0, 0.0, 0.0, 0.0, 0.0, 0.0, 0.0, 0.0, 0.0, 0.0, 0.0, 0.0, 0.0, 0.0, 0.0, 0.0, 0.0, 0.0, 0.0, 0.0, 0.0, 0.0, 0.0, 0.0, 0.0, 0.0, 0.0, 0.0, 0.0, 0.0, 0.0, 0.0, 0.0, 0.0, 0.0, 0.0, 0.0, 0.0, 0.0, 0.0, 0.0, 0.0, 0.0, 0.0, 0.0, 0.0, 0.0, 0.0, 0.0, 0.0, 0.0, 0.0, 0.0, 0.0, 0.0, 0.0, 0.0, 0.0, 0.0, 0.0, 0.0, 0.0, 0.0, 0.0, 0.0, 0.0, 0.0, 0.0, 0.0, 0.0, 0.0, 0.0, 0.0, 0.0, 0.0, 0.0, 0.0, 0.0, 0.0, 0.0, 0.0, 0.0, 0.0, 0.0, 0.0, 0.0, 0.0, 0.0, 0.0, 0.0, 0.0, 0.0, 0.0, 0.0, 0.0, 0.0, 0.0, 0.0, 0.0, 0.0, 0.0, 0.0, 0.0, 0.0, 0.0, 0.0, 0.0, 0.0, 0.0, 0.0, 0.0, 0.0, 0.0, 0.0, 0.0, 0.0, 0.0, 0.0, 0.0, 0.0, 0.0, 0.0, 0.0, 0.0, 0.0, 0.0, 0.0, 0.0, 0.0, 0.0, 0.0, 0.0, 0.0, 0.0, 0.0, 0.0, 0.0, 0.0, 0.0, 0.0, 0.0, 0.0, 0.0, 0.0, 0.0, 0.0, 0.0, 0.0, 0.0, 0.0]",COMPLETE
