,number,value,datetime_start,datetime_complete,duration,params_batch_size_scaler,params_constant_learning_rate,params_depth,params_epochs,params_kernel_l2,params_num_trees,params_temperature,user_attrs_accuracy_test,user_attrs_accuracy_valid,user_attrs_approximate_feature_sparsity,user_attrs_approximate_feature_sparsity_history,user_attrs_approximate_weight_sparsity,user_attrs_approximate_weight_sparsity_history,user_attrs_auc_test,user_attrs_auc_valid,user_attrs_feature_sparsity,user_attrs_feature_sparsity_history,user_attrs_num_epochs,user_attrs_val_loss_history,user_attrs_weight_sparsity,user_attrs_weight_sparsity_history,state
46,46,0.9154461490899255,2024-08-31 01:49:27.738485,2024-08-31 01:55:32.377403,0 days 00:06:04.638918,4,0.09756328039905891,6,220,0.014508337539515595,50,0.0030451363967095276,0.92,0.915,33,"[33, 33, 33, 33, 33, 33, 33, 33, 33, 33, 33, 33, 33, 33, 33, 33, 33, 33, 33, 33, 33, 33, 33, 33, 33, 33, 33, 33, 33, 33, 33, 33, 33, 33, 33, 33, 33, 33, 33, 33, 33, 33, 33, 33, 33, 33, 33, 33, 33, 33, 33, 33, 33, 33, 33, 33, 33, 33, 33, 33, 33, 33, 33, 33, 33, 33, 33, 33, 33, 33, 33, 33, 33, 33, 33, 33, 33, 33, 33, 33, 33, 33, 33, 33, 33, 33, 33, 33, 33, 33, 33, 33, 33, 33, 33, 33, 33, 33, 33, 33, 33, 33, 33, 33, 33, 33, 33, 33, 33, 33, 33, 33, 33, 33, 33, 33, 33, 33, 33, 33, 33, 33, 33, 33, 33, 33, 33, 33, 33, 33, 33, 33, 33, 33, 33, 33, 33, 33, 33, 33, 33, 33, 33, 33, 33, 33, 33, 33, 33, 33, 33, 33, 33, 33, 33, 33, 33, 33, 33, 33, 33, 33, 33, 33, 33, 33, 33, 33, 33, 33, 33, 33, 33, 33, 33, 33, 33, 33, 33, 33, 33, 33, 33, 33, 33, 33, 33, 33, 33, 33, 33, 33, 33, 33, 33, 33, 33, 33, 33, 33, 33, 33, 33, 33, 33, 33, 33, 33, 33, 33, 33, 33, 33, 33, 33, 33, 33, 33, 33, 33]",32.92984126984127,"[32.925714285714285, 32.92539682539683, 32.92634920634921, 32.9215873015873, 32.928888888888885, 32.92, 32.91936507936508, 32.925714285714285, 32.91936507936508, 32.92634920634921, 32.922222222222224, 32.92126984126984, 32.92603174603175, 32.9247619047619, 32.92444444444445, 32.92190476190476, 32.92603174603175, 32.919047619047625, 32.922222222222224, 32.92603174603175, 32.92698412698413, 32.92634920634921, 32.93111111111111, 32.93047619047619, 32.930476190476185, 32.92984126984127, 32.92761904761905, 32.930793650793646, 32.92698412698413, 32.92761904761905, 32.93047619047619, 32.92888888888889, 32.929206349206346, 32.92507936507936, 32.92666666666667, 32.925396825396824, 32.92666666666666, 32.923809523809524, 32.93111111111111, 32.93523809523809, 32.93079365079365, 32.92603174603175, 32.93238095238095, 32.931428571428576, 32.93079365079365, 32.93015873015873, 32.93142857142857, 32.93206349206349, 32.92825396825397, 32.92793650793651, 32.92825396825397, 32.92825396825397, 32.92666666666666, 32.92761904761905, 32.92285714285714, 32.92507936507936, 32.91873015873016, 32.922222222222224, 32.92603174603175, 32.92190476190476, 32.922222222222224, 32.92444444444445, 32.92349206349206, 32.92825396825397, 32.9368253968254, 32.935873015873014, 32.92190476190476, 32.92666666666666, 32.92698412698413, 32.92730158730159, 32.92825396825397, 32.9231746031746, 32.92793650793651, 32.92603174603175, 32.927301587301585, 32.9215873015873, 32.92126984126984, 32.92476190476191, 32.92444444444445, 32.925714285714285, 32.92793650793651, 32.9215873015873, 32.92126984126984, 32.91968253968254, 32.92126984126984, 32.9263492063492, 32.92793650793651, 32.92952380952381, 32.92603174603175, 32.92603174603175, 32.92222222222222, 32.92349206349206, 32.9231746031746, 32.92476190476191, 32.92952380952381, 32.92730158730159, 32.925714285714285, 32.929206349206346, 32.926984126984124, 32.92444444444445, 32.92761904761905, 32.92761904761905, 32.92285714285714, 32.931111111111115, 32.925714285714285, 32.926984126984124, 32.92761904761905, 32.92603174603175, 32.92984126984127, 32.932698412698414, 32.92825396825397, 32.929206349206346, 32.92857142857143, 32.92793650793651, 32.93111111111111, 32.93015873015872, 32.93396825396825, 32.93333333333333, 32.934603174603176, 32.934603174603176, 32.935873015873014, 32.93079365079365, 32.931111111111115, 32.934603174603176, 32.93142857142857, 32.92984126984127, 32.932698412698414, 32.93269841269841, 32.93492063492063, 32.93015873015873, 32.93396825396825, 32.92952380952381, 32.93206349206349, 32.92507936507936, 32.92285714285714, 32.92507936507936, 32.925714285714285, 32.92666666666667, 32.92444444444445, 32.92698412698413, 32.92730158730159, 32.93174603174603, 32.92603174603175, 32.93174603174603, 32.926984126984124, 32.925714285714285, 32.931428571428576, 32.93015873015873, 32.93079365079365, 32.92825396825397, 32.92984126984127, 32.92952380952381, 32.92698412698413, 32.92857142857143, 32.92825396825397, 32.925714285714285, 32.92857142857143, 32.925396825396824, 32.92952380952381, 32.929206349206346, 32.93142857142857, 32.92952380952381, 32.92888888888889, 32.93047619047619, 32.93269841269841, 32.926984126984124, 32.93238095238095, 32.92857142857143, 32.92920634920635, 32.92825396825397, 32.92539682539683, 32.924126984126985, 32.9215873015873, 32.92190476190476, 32.9247619047619, 32.92761904761905, 32.92825396825397, 32.928888888888885, 32.93111111111111, 32.930793650793646, 32.93015873015873, 32.92698412698413, 32.92761904761905, 32.93079365079365, 32.92793650793651, 32.92952380952381, 32.92952380952381, 32.93015873015873, 32.93079365079365, 32.926984126984124, 32.92825396825397, 32.93111111111111, 32.93079365079365, 32.932698412698414, 32.932698412698414, 32.93142857142857, 32.93333333333334, 32.93238095238095, 32.9336507936508, 32.93269841269841, 32.93396825396825, 32.934603174603176, 32.934285714285714, 32.93365079365079, 32.93333333333333, 32.928888888888885, 32.92698412698413, 32.92634920634921, 32.92634920634921, 32.92412698412698, 32.925396825396824, 32.92857142857143, 32.929206349206346, 32.925396825396824, 32.925396825396824, 32.92952380952381, 32.92539682539683, 32.92507936507936, 32.92857142857143, 32.92984126984127]",0.8983313930927435,0.9154461490899255,33,"[33, 33, 33, 33, 33, 33, 33, 33, 33, 33, 33, 33, 33, 33, 33, 33, 33, 33, 33, 33, 33, 33, 33, 33, 33, 33, 33, 33, 33, 33, 33, 33, 33, 33, 33, 33, 33, 33, 33, 33, 33, 33, 33, 33, 33, 33, 33, 33, 33, 33, 33, 33, 33, 33, 33, 33, 33, 33, 33, 33, 33, 33, 33, 33, 33, 33, 33, 33, 33, 33, 33, 33, 33, 33, 33, 33, 33, 33, 33, 33, 33, 33, 33, 33, 33, 33, 33, 33, 33, 33, 33, 33, 33, 33, 33, 33, 33, 33, 33, 33, 33, 33, 33, 33, 33, 33, 33, 33, 33, 33, 33, 33, 33, 33, 33, 33, 33, 33, 33, 33, 33, 33, 33, 33, 33, 33, 33, 33, 33, 33, 33, 33, 33, 33, 33, 33, 33, 33, 33, 33, 33, 33, 33, 33, 33, 33, 33, 33, 33, 33, 33, 33, 33, 33, 33, 33, 33, 33, 33, 33, 33, 33, 33, 33, 33, 33, 33, 33, 33, 33, 33, 33, 33, 33, 33, 33, 33, 33, 33, 33, 33, 33, 33, 33, 33, 33, 33, 33, 33, 33, 33, 33, 33, 33, 33, 33, 33, 33, 33, 33, 33, 33, 33, 33, 33, 33, 33, 33, 33, 33, 33, 33, 33, 33, 33, 33, 33, 33, 33, 33]",220,"[0.40654927492141724, 0.39555004239082336, 0.39052680134773254, 0.3869270384311676, 0.38394489884376526, 0.38137683272361755, 0.3792266845703125, 0.37728726863861084, 0.37562665343284607, 0.37411636114120483, 0.3726804256439209, 0.3714764416217804, 0.37023475766181946, 0.3692076802253723, 0.36821305751800537, 0.3673156797885895, 0.3664216697216034, 0.36543136835098267, 0.3645560145378113, 0.363705039024353, 0.36287030577659607, 0.36200451850891113, 0.36132389307022095, 0.3604208827018738, 0.3597198724746704, 0.3589330315589905, 0.35822945833206177, 0.35736003518104553, 0.3565785884857178, 0.35578063130378723, 0.35493242740631104, 0.3541877865791321, 0.35336604714393616, 0.3526379466056824, 0.3519303500652313, 0.3511295020580292, 0.350337415933609, 0.34957998991012573, 0.34888726472854614, 0.34802693128585815, 0.3474575877189636, 0.3465212881565094, 0.34580814838409424, 0.3450174033641815, 0.3442095220088959, 0.3435661196708679, 0.3425920903682709, 0.34180665016174316, 0.3410086929798126, 0.34021297097206116, 0.33940228819847107, 0.3387660086154938, 0.33788785338401794, 0.3369869887828827, 0.3363551199436188, 0.33556056022644043, 0.3345957100391388, 0.33381491899490356, 0.33295658230781555, 0.33208680152893066, 0.3312110900878906, 0.3303845524787903, 0.32940155267715454, 0.32848575711250305, 0.3275151550769806, 0.3266502022743225, 0.3258483409881592, 0.32469698786735535, 0.32376614212989807, 0.32282397150993347, 0.3218573331832886, 0.3207820653915405, 0.319932222366333, 0.31868427991867065, 0.31763094663619995, 0.31653618812561035, 0.31547561287879944, 0.3143453896045685, 0.31321385502815247, 0.31208112835884094, 0.31099236011505127, 0.30992352962493896, 0.30869701504707336, 0.30757707357406616, 0.3062809407711029, 0.30505967140197754, 0.3039388060569763, 0.3027383089065552, 0.30154475569725037, 0.30026909708976746, 0.2990100681781769, 0.29781222343444824, 0.2966171205043793, 0.2954213619232178, 0.2940788269042969, 0.29287436604499817, 0.291702538728714, 0.2905319333076477, 0.2894406318664551, 0.2881667912006378, 0.2869494557380676, 0.2858138382434845, 0.2845720946788788, 0.2834664285182953, 0.28231319785118103, 0.28121453523635864, 0.28006798028945923, 0.2790623605251312, 0.2780125141143799, 0.2771269679069519, 0.2760224938392639, 0.27500155568122864, 0.274018257856369, 0.2729719281196594, 0.27204108238220215, 0.27100446820259094, 0.270172119140625, 0.2693933844566345, 0.26837918162345886, 0.267459511756897, 0.2665790915489197, 0.2657390236854553, 0.2649514675140381, 0.2641060948371887, 0.26335737109184265, 0.2624776065349579, 0.2618340849876404, 0.26107916235923767, 0.26034894585609436, 0.2596224248409271, 0.2589329183101654, 0.25825992226600647, 0.2575792372226715, 0.2568677067756653, 0.2561785578727722, 0.255476713180542, 0.25476935505867004, 0.2541942894458771, 0.2535005807876587, 0.2528664469718933, 0.25243061780929565, 0.25161275267601013, 0.25101107358932495, 0.2504080533981323, 0.24975234270095825, 0.24921785295009613, 0.24871334433555603, 0.24818193912506104, 0.24760407209396362, 0.24702058732509613, 0.24637499451637268, 0.2460179328918457, 0.2454604208469391, 0.244789719581604, 0.24430657923221588, 0.2438225895166397, 0.24336373805999756, 0.2427707314491272, 0.24221615493297577, 0.2417898029088974, 0.24130366742610931, 0.24078881740570068, 0.2402082085609436, 0.2397036999464035, 0.23916292190551758, 0.2386997938156128, 0.23817013204097748, 0.23768942058086395, 0.23719054460525513, 0.23675408959388733, 0.2361331582069397, 0.23564377427101135, 0.23538212478160858, 0.23505879938602448, 0.2344953417778015, 0.23404449224472046, 0.23348888754844666, 0.23313407599925995, 0.23285314440727234, 0.23237167298793793, 0.23191751539707184, 0.23147091269493103, 0.2311617136001587, 0.23064519464969635, 0.2302497923374176, 0.2297607660293579, 0.2292572259902954, 0.2289162129163742, 0.22853979468345642, 0.22815828025341034, 0.22782999277114868, 0.22744779288768768, 0.22695392370224, 0.22661101818084717, 0.22611850500106812, 0.22580403089523315, 0.22549055516719818, 0.22506055235862732, 0.22469472885131836, 0.224382221698761, 0.22403477132320404, 0.22368520498275757, 0.2235003262758255, 0.2231874316930771, 0.22279228270053864, 0.22229450941085815, 0.22190918028354645, 0.221687912940979, 0.22110611200332642, 0.22100044786930084, 0.22062069177627563, 0.2203197032213211, 0.22013580799102783, 0.21952831745147705, 0.21914230287075043, 0.21892055869102478, 0.21865788102149963, 0.21841925382614136, 0.21804508566856384, 0.21775901317596436]",33.0,"[33.0, 33.0, 33.0, 33.0, 33.0, 33.0, 33.0, 33.0, 33.0, 33.0, 33.0, 33.0, 33.0, 33.0, 33.0, 33.0, 33.0, 33.0, 33.0, 33.0, 33.0, 33.0, 33.0, 33.0, 33.0, 33.0, 33.0, 33.0, 33.0, 33.0, 33.0, 33.0, 33.0, 33.0, 33.0, 33.0, 33.0, 33.0, 33.0, 33.0, 33.0, 33.0, 33.0, 33.0, 33.0, 33.0, 33.0, 33.0, 33.0, 33.0, 33.0, 33.0, 33.0, 33.0, 33.0, 33.0, 33.0, 33.0, 33.0, 33.0, 33.0, 33.0, 33.0, 33.0, 33.0, 33.0, 33.0, 33.0, 33.0, 33.0, 33.0, 33.0, 33.0, 33.0, 33.0, 33.0, 33.0, 33.0, 33.0, 33.0, 33.0, 33.0, 33.0, 33.0, 33.0, 33.0, 33.0, 33.0, 33.0, 33.0, 33.0, 33.0, 33.0, 33.0, 33.0, 33.0, 33.0, 33.0, 33.0, 33.0, 33.0, 33.0, 33.0, 33.0, 33.0, 33.0, 33.0, 33.0, 33.0, 33.0, 33.0, 33.0, 33.0, 33.0, 33.0, 33.0, 33.0, 33.0, 33.0, 33.0, 33.0, 33.0, 33.0, 33.0, 33.0, 33.0, 33.0, 33.0, 33.0, 33.0, 33.0, 33.0, 33.0, 33.0, 33.0, 33.0, 33.0, 33.0, 33.0, 33.0, 33.0, 33.0, 33.0, 33.0, 33.0, 33.0, 33.0, 33.0, 33.0, 33.0, 33.0, 33.0, 33.0, 33.0, 33.0, 33.0, 33.0, 33.0, 33.0, 33.0, 33.0, 33.0, 33.0, 33.0, 33.0, 33.0, 33.0, 33.0, 33.0, 33.0, 33.0, 33.0, 33.0, 33.0, 33.0, 33.0, 33.0, 33.0, 33.0, 33.0, 33.0, 33.0, 33.0, 33.0, 33.0, 33.0, 33.0, 33.0, 33.0, 33.0, 33.0, 33.0, 33.0, 33.0, 33.0, 33.0, 33.0, 33.0, 33.0, 33.0, 33.0, 33.0, 33.0, 33.0, 33.0, 33.0, 33.0, 33.0, 33.0, 33.0, 33.0, 33.0, 33.0, 33.0, 33.0, 33.0, 33.0, 33.0, 33.0, 33.0]",COMPLETE
