,number,value,datetime_start,datetime_complete,duration,params_batch_size_scaler,params_constant_learning_rate,params_depth,params_epochs,params_kernel_l2,params_num_trees,params_temperature,user_attrs_accuracy_test,user_attrs_accuracy_valid,user_attrs_approximate_feature_sparsity,user_attrs_approximate_feature_sparsity_history,user_attrs_approximate_weight_sparsity,user_attrs_approximate_weight_sparsity_history,user_attrs_auc_test,user_attrs_auc_valid,user_attrs_feature_sparsity,user_attrs_feature_sparsity_history,user_attrs_num_epochs,user_attrs_val_loss_history,user_attrs_weight_sparsity,user_attrs_weight_sparsity_history,state
47,47,0.7310352822970205,2024-08-31 01:55:33.410057,2024-08-31 01:59:01.413696,0 days 00:03:28.003639,64,0.1290245600703388,6,360,0.023619875759819192,49,0.07487836824608965,0.879,0.87625,33,"[33, 33, 33, 33, 33, 33, 33, 33, 33, 33, 33, 33, 33, 33, 33, 33, 33, 33, 33, 33, 33, 33, 33, 33, 33, 33, 33, 33, 33, 33, 33, 33, 33, 33, 33, 33, 33, 33, 33, 33, 33, 33, 33, 33, 33, 33, 33, 33, 33, 33, 33, 33, 33, 33, 33, 33, 33, 33, 33, 33, 33, 33, 33, 33, 33, 33, 33, 33, 33, 33, 33, 33, 33, 33, 33, 33, 33, 33, 33, 33, 33, 33, 33, 33, 33, 33, 33, 33, 33, 33, 33, 33, 33, 33, 33, 33, 33, 33, 33, 33, 33, 33, 33, 33, 33, 33, 33, 33, 33, 33, 33, 33, 33, 33, 33, 33, 33, 33, 33, 33, 33, 33, 33, 33, 33, 33, 33, 33, 33, 33, 33, 33, 33, 33, 33, 33, 33, 33, 33, 33, 33, 33, 33, 33, 33, 33, 33, 33, 33, 33, 33, 33, 33, 33, 33, 33, 33, 33, 33, 33, 33, 33, 33, 33, 33, 33, 33, 33, 33, 33, 33, 33, 33, 33, 33, 33, 33, 33, 33, 33, 33, 33, 33, 33, 33, 33, 33, 33, 33, 33, 33, 33, 33, 33, 33, 33, 33, 33, 33, 33, 33, 33, 33, 33, 33, 33, 33, 33, 33, 33, 33, 33, 33, 33, 33, 33, 33, 33, 33, 33, 33, 33, 33, 33, 33, 33, 33, 33, 33, 33, 33, 33, 33, 33, 33, 33, 33, 33, 33, 33, 33, 33, 33, 33, 33, 33, 33, 33, 33, 33, 33, 33, 33, 33, 33, 33, 33, 33, 33, 33, 33, 33, 33, 33, 33, 33, 33, 33, 33, 33, 33, 33, 33, 33, 33, 33, 33, 33, 33, 33, 33, 33, 33, 33, 33, 33, 33, 33, 33, 33, 33, 33, 33, 33, 33, 33, 33, 33, 33, 33, 33, 33, 33, 33, 33, 33, 33, 33, 33, 33, 33, 33, 33, 33, 33, 33, 33, 33, 33, 33, 33, 33, 33, 33, 33, 33, 33, 33, 33, 33, 33, 33, 33, 33, 33, 33, 33, 33, 33, 33, 33, 33, 33, 33, 33, 33, 33, 33, 33, 33, 33, 33, 33, 33, 33, 33, 33, 33, 33, 33]",32.929057337220605,"[32.92257855523162, 32.9290573372206, 32.93424036281179, 32.9303530936184, 32.91933916423712, 32.91901522513768, 32.91998704243603, 32.92257855523162, 32.91836734693877, 32.920634920634924, 32.91383219954649, 32.917719468739875, 32.91933916423713, 32.917719468739875, 32.91804340783933, 32.92095885973438, 32.92225461613217, 32.92290249433106, 32.91933916423712, 32.91577583414318, 32.90767735665695, 32.90962099125365, 32.911564625850346, 32.910592808551996, 32.91642371234208, 32.91674765144153, 32.91804340783933, 32.915127955944286, 32.91480401684483, 32.91901522513768, 32.919663103336575, 32.920634920634924, 32.91577583414318, 32.91707159054098, 32.92160673793327, 32.91836734693877, 32.91998704243602, 32.92225461613217, 32.92193067703272, 32.92614188532556, 32.9303530936184, 32.930029154518955, 32.932944606414, 32.932620667314545, 32.930029154518955, 32.932944606414, 32.9290573372206, 32.926141885325556, 32.924198250728864, 32.92193067703272, 32.92128279883382, 32.92290249433106, 32.92290249433107, 32.92095885973437, 32.923226433430514, 32.92095885973437, 32.92095885973437, 32.918691286038225, 32.91998704243603, 32.91739552964043, 32.919663103336575, 32.918691286038225, 32.91804340783933, 32.91901522513767, 32.91674765144153, 32.92160673793327, 32.924522189828316, 32.92387431162941, 32.921282798833815, 32.922254616132165, 32.92743764172335, 32.92387431162942, 32.92355037252997, 32.924198250728864, 32.923226433430514, 32.92484612892777, 32.92257855523162, 32.92387431162941, 32.92225461613217, 32.92484612892776, 32.925170068027214, 32.927113702623906, 32.92549400712666, 32.92581794622611, 32.926141885325556, 32.928085519922256, 32.92290249433106, 32.92452218982831, 32.926141885325556, 32.92678976352446, 32.927113702623906, 32.92355037252997, 32.92128279883382, 32.91933916423712, 32.92128279883382, 32.92160673793327, 32.92031098153547, 32.91933916423712, 32.92063492063492, 32.91933916423712, 32.92095885973437, 32.92355037252997, 32.92646582442501, 32.92678976352446, 32.9297052154195, 32.9277615808228, 32.92581794622611, 32.92678976352446, 32.923226433430514, 32.92290249433107, 32.924522189828316, 32.92387431162941, 32.92646582442501, 32.927113702623906, 32.92549400712666, 32.927113702623906, 32.92549400712666, 32.92257855523162, 32.92678976352446, 32.92581794622611, 32.927113702623906, 32.92193067703272, 32.925170068027214, 32.925170068027214, 32.927113702623906, 32.926141885325556, 32.92646582442501, 32.92581794622611, 32.92257855523162, 32.922254616132165, 32.92193067703272, 32.92484612892776, 32.92549400712666, 32.923226433430514, 32.92387431162941, 32.92452218982831, 32.92581794622611, 32.921606737933274, 32.92225461613217, 32.91933916423712, 32.91901522513768, 32.92193067703272, 32.92031098153547, 32.923226433430514, 32.92290249433107, 32.92387431162941, 32.92193067703272, 32.91674765144153, 32.91609977324263, 32.91642371234208, 32.91739552964043, 32.92095885973437, 32.92160673793327, 32.92225461613217, 32.92193067703272, 32.92160673793327, 32.92225461613217, 32.92225461613217, 32.92355037252997, 32.92290249433107, 32.92581794622611, 32.924198250728864, 32.92484612892776, 32.92193067703272, 32.92257855523162, 32.92063492063492, 32.92355037252997, 32.92257855523162, 32.92193067703272, 32.92355037252997, 32.92063492063492, 32.924522189828316, 32.92840945902171, 32.92614188532556, 32.92484612892776, 32.925170068027214, 32.92484612892776, 32.92581794622611, 32.928085519922256, 32.92549400712666, 32.92452218982831, 32.92614188532556, 32.92549400712666, 32.92484612892776, 32.923226433430514, 32.92128279883382, 32.92387431162941, 32.92484612892776, 32.923226433430514, 32.923226433430514, 32.92257855523162, 32.92290249433107, 32.92614188532556, 32.9277615808228, 32.927113702623906, 32.92355037252997, 32.927113702623906, 32.92743764172336, 32.92549400712666, 32.92257855523162, 32.92031098153547, 32.91933916423712, 32.92257855523162, 32.92549400712666, 32.92549400712666, 32.92387431162942, 32.92257855523162, 32.92938127632006, 32.92938127632005, 32.93002915451895, 32.930677032717846, 32.92873339812115, 32.9297052154195, 32.93197278911565, 32.934564301911244, 32.93683187560739, 32.93683187560739, 32.93391642371234, 32.93391642371234, 32.93586005830904, 32.93326854551344, 32.9310009718173, 32.92678976352446, 32.928085519922256, 32.92776158082281, 32.92743764172336, 32.92776158082281, 32.93002915451895, 32.928085519922256, 32.92581794622611, 32.924198250728864, 32.92290249433107, 32.924522189828316, 32.92355037252997, 32.924198250728864, 32.922254616132165, 32.91836734693877, 32.91901522513768, 32.91998704243602, 32.91739552964042, 32.91739552964043, 32.917071590540985, 32.918691286038225, 32.91998704243603, 32.92063492063492, 32.92290249433107, 32.91998704243602, 32.92031098153547, 32.92193067703272, 32.92128279883382, 32.92355037252997, 32.922254616132165, 32.922254616132165, 32.92549400712666, 32.925170068027214, 32.929057337220605, 32.928085519922256, 32.92938127632005, 32.92678976352446, 32.92355037252997, 32.92549400712666, 32.926141885325556, 32.924198250728864, 32.92290249433106, 32.92484612892776, 32.92355037252997, 32.925170068027214, 32.924522189828316, 32.92484612892776, 32.927113702623906, 32.927113702623906, 32.92581794622611, 32.928085519922256, 32.924198250728864, 32.92484612892776, 32.92549400712666, 32.927113702623906, 32.92257855523162, 32.91998704243602, 32.91933916423712, 32.919663103336575, 32.91998704243602, 32.92031098153547, 32.91804340783933, 32.92063492063492, 32.91933916423712, 32.919663103336575, 32.92257855523162, 32.925170068027214, 32.926789763524454, 32.92484612892776, 32.926141885325556, 32.92452218982831, 32.926789763524454, 32.92484612892776, 32.92484612892776, 32.924198250728864, 32.925170068027214, 32.924522189828316, 32.92484612892776, 32.924522189828316, 32.92646582442501, 32.926141885325556, 32.92549400712666, 32.92452218982831, 32.92452218982831, 32.92549400712666, 32.9284094590217, 32.9303530936184, 32.92840945902171, 32.928085519922256, 32.92840945902171, 32.92678976352446, 32.92840945902171, 32.928085519922256, 32.92678976352446, 32.92549400712666, 32.92938127632005, 32.9284094590217, 32.92873339812115, 32.92743764172336, 32.92355037252997, 32.926141885325556, 32.92743764172336, 32.928085519922256, 32.9310009718173, 32.93067703271785, 32.9303530936184, 32.93067703271785, 32.9284094590217, 32.9290573372206, 32.92873339812115, 32.93229672821509, 32.93132491091674, 32.932944606414, 32.93132491091675, 32.93132491091675, 32.93132491091675, 32.931000971817305, 32.9277615808228, 32.927113702623906, 32.92678976352446, 32.929057337220605, 32.92776158082281, 32.930029154518955, 32.93002915451895, 32.9303530936184, 32.932944606414, 32.93197278911565, 32.93391642371234, 32.9322967282151, 32.9310009718173, 32.92840945902171, 32.92581794622611, 32.92549400712666, 32.9303530936184, 32.929057337220605, 32.9310009718173, 32.929057337220605, 32.929057337220605]",0.7674766139086355,0.7310352822970205,33,"[33, 33, 33, 33, 33, 33, 33, 33, 33, 33, 33, 33, 33, 33, 33, 33, 33, 33, 33, 33, 33, 33, 33, 33, 33, 33, 33, 33, 33, 33, 33, 33, 33, 33, 33, 33, 33, 33, 33, 33, 33, 33, 33, 33, 33, 33, 33, 33, 33, 33, 33, 33, 33, 33, 33, 33, 33, 33, 33, 33, 33, 33, 33, 33, 33, 33, 33, 33, 33, 33, 33, 33, 33, 33, 33, 33, 33, 33, 33, 33, 33, 33, 33, 33, 33, 33, 33, 33, 33, 33, 33, 33, 33, 33, 33, 33, 33, 33, 33, 33, 33, 33, 33, 33, 33, 33, 33, 33, 33, 33, 33, 33, 33, 33, 33, 33, 33, 33, 33, 33, 33, 33, 33, 33, 33, 33, 33, 33, 33, 33, 33, 33, 33, 33, 33, 33, 33, 33, 33, 33, 33, 33, 33, 33, 33, 33, 33, 33, 33, 33, 33, 33, 33, 33, 33, 33, 33, 33, 33, 33, 33, 33, 33, 33, 33, 33, 33, 33, 33, 33, 33, 33, 33, 33, 33, 33, 33, 33, 33, 33, 33, 33, 33, 33, 33, 33, 33, 33, 33, 33, 33, 33, 33, 33, 33, 33, 33, 33, 33, 33, 33, 33, 33, 33, 33, 33, 33, 33, 33, 33, 33, 33, 33, 33, 33, 33, 33, 33, 33, 33, 33, 33, 33, 33, 33, 33, 33, 33, 33, 33, 33, 33, 33, 33, 33, 33, 33, 33, 33, 33, 33, 33, 33, 33, 33, 33, 33, 33, 33, 33, 33, 33, 33, 33, 33, 33, 33, 33, 33, 33, 33, 33, 33, 33, 33, 33, 33, 33, 33, 33, 33, 33, 33, 33, 33, 33, 33, 33, 33, 33, 33, 33, 33, 33, 33, 33, 33, 33, 33, 33, 33, 33, 33, 33, 33, 33, 33, 33, 33, 33, 33, 33, 33, 33, 33, 33, 33, 33, 33, 33, 33, 33, 33, 33, 33, 33, 33, 33, 33, 33, 33, 33, 33, 33, 33, 33, 33, 33, 33, 33, 33, 33, 33, 33, 33, 33, 33, 33, 33, 33, 33, 33, 33, 33, 33, 33, 33, 33, 33, 33, 33, 33, 33, 33, 33, 33, 33, 33, 33, 33]",360,"[0.7240834832191467, 0.6142323613166809, 0.5457442402839661, 0.5017244815826416, 0.4708139896392822, 0.45185619592666626, 0.4376794397830963, 0.42762383818626404, 0.42002108693122864, 0.4136011004447937, 0.41017672419548035, 0.4072149395942688, 0.404602974653244, 0.4026294946670532, 0.4013063907623291, 0.3999031186103821, 0.3987483084201813, 0.397917777299881, 0.3969256281852722, 0.39622193574905396, 0.3956388831138611, 0.3950718939304352, 0.39429762959480286, 0.39370179176330566, 0.39318856596946716, 0.39264219999313354, 0.3920203745365143, 0.391584575176239, 0.39108026027679443, 0.39055225253105164, 0.390129953622818, 0.38974276185035706, 0.3894155025482178, 0.3890153765678406, 0.3886198103427887, 0.38832661509513855, 0.3879960775375366, 0.3876187205314636, 0.38723137974739075, 0.38696324825286865, 0.3866786062717438, 0.38642701506614685, 0.38604405522346497, 0.38575366139411926, 0.3854939937591553, 0.3851143717765808, 0.3848065137863159, 0.3846176564693451, 0.3844003975391388, 0.3839954137802124, 0.38365423679351807, 0.38333451747894287, 0.3830609917640686, 0.3828105628490448, 0.38249659538269043, 0.3822115957736969, 0.38193389773368835, 0.3816380798816681, 0.3814394772052765, 0.3812243342399597, 0.3809637427330017, 0.3807712197303772, 0.38053467869758606, 0.38031715154647827, 0.3800916373729706, 0.3798227310180664, 0.37965694069862366, 0.3794543147087097, 0.37926092743873596, 0.37907180190086365, 0.37885451316833496, 0.37865039706230164, 0.3784547746181488, 0.37824466824531555, 0.37806281447410583, 0.3778175711631775, 0.3775981664657593, 0.37741562724113464, 0.3772331178188324, 0.3770241439342499, 0.37684494256973267, 0.3766617476940155, 0.3765193819999695, 0.37634512782096863, 0.37618592381477356, 0.37605050206184387, 0.3758278787136078, 0.3756665289402008, 0.3754858374595642, 0.3754318952560425, 0.3752603232860565, 0.3751640319824219, 0.37501439452171326, 0.37492379546165466, 0.37475860118865967, 0.3745545446872711, 0.37430036067962646, 0.37411317229270935, 0.3739594519138336, 0.3737388849258423, 0.3736456632614136, 0.37344732880592346, 0.37329527735710144, 0.3731277585029602, 0.37303629517555237, 0.3729122281074524, 0.37274420261383057, 0.3726292550563812, 0.37250223755836487, 0.372389554977417, 0.3722688555717468, 0.3721041977405548, 0.3719750940799713, 0.37186741828918457, 0.37173712253570557, 0.3716016709804535, 0.3714371919631958, 0.3713184595108032, 0.3712110221385956, 0.3710955083370209, 0.3709591031074524, 0.37086617946624756, 0.3707239031791687, 0.37064075469970703, 0.3705589175224304, 0.3704546391963959, 0.3703504800796509, 0.3702264130115509, 0.37012559175491333, 0.3701285421848297, 0.3700160086154938, 0.36993488669395447, 0.3698086142539978, 0.3696781098842621, 0.36958885192871094, 0.36947017908096313, 0.3693767189979553, 0.36929085850715637, 0.36926034092903137, 0.3691657781600952, 0.36904701590538025, 0.3689247965812683, 0.3688111901283264, 0.36872172355651855, 0.3686237037181854, 0.36853599548339844, 0.368449866771698, 0.36842718720436096, 0.3683256506919861, 0.36821964383125305, 0.3680565655231476, 0.3678984045982361, 0.3678015172481537, 0.3676658570766449, 0.36755967140197754, 0.3675040900707245, 0.3674144446849823, 0.3673304617404938, 0.3672643005847931, 0.36724022030830383, 0.3671092689037323, 0.3670497536659241, 0.36692917346954346, 0.36678847670555115, 0.36660367250442505, 0.3664446175098419, 0.3663995862007141, 0.3663756549358368, 0.3663497269153595, 0.3662458658218384, 0.36607781052589417, 0.3659595549106598, 0.3659011125564575, 0.36578428745269775, 0.3656504452228546, 0.3654821813106537, 0.3653782308101654, 0.36525627970695496, 0.3651638925075531, 0.365090548992157, 0.3649681508541107, 0.3649164140224457, 0.364808052778244, 0.36476507782936096, 0.36464717984199524, 0.3645405173301697, 0.36442965269088745, 0.36429375410079956, 0.3642224967479706, 0.3641830086708069, 0.36409518122673035, 0.3639846444129944, 0.3638194799423218, 0.3636901378631592, 0.3636338412761688, 0.36359265446662903, 0.363514244556427, 0.36343613266944885, 0.36335790157318115, 0.3632720708847046, 0.36319491267204285, 0.3630886971950531, 0.3629879653453827, 0.3629087209701538, 0.36288148164749146, 0.36274632811546326, 0.362701952457428, 0.3626407980918884, 0.3625878393650055, 0.3626452386379242, 0.36252304911613464, 0.36236855387687683, 0.36221304535865784, 0.3621772527694702, 0.36211803555488586, 0.36207640171051025, 0.36192286014556885, 0.3618675470352173, 0.36173945665359497, 0.3615513741970062, 0.3614574670791626, 0.3613710403442383, 0.36125364899635315, 0.36124199628829956, 0.3611692786216736, 0.3611246943473816, 0.36098524928092957, 0.36096686124801636, 0.3608552813529968, 0.36083516478538513, 0.36065828800201416, 0.3606356084346771, 0.3605457544326782, 0.3604215383529663, 0.36033836007118225, 0.36030465364456177, 0.3601897954940796, 0.36014315485954285, 0.36002591252326965, 0.35994628071784973, 0.359887033700943, 0.35979998111724854, 0.35981932282447815, 0.3597695827484131, 0.3596831262111664, 0.35959145426750183, 0.3594743609428406, 0.35942399501800537, 0.35931891202926636, 0.3592507541179657, 0.3592202365398407, 0.359091579914093, 0.3590637445449829, 0.3590026795864105, 0.3588826060295105, 0.35884085297584534, 0.35873958468437195, 0.3586353659629822, 0.3585457503795624, 0.3585832715034485, 0.35855168104171753, 0.3584536015987396, 0.3583492040634155, 0.3582448959350586, 0.35815849900245667, 0.3580092489719391, 0.3579219579696655, 0.3579089045524597, 0.3577851355075836, 0.3577798902988434, 0.35771214962005615, 0.3576112985610962, 0.3575253188610077, 0.3574735224246979, 0.3573886752128601, 0.35726863145828247, 0.3572405278682709, 0.35709166526794434, 0.35700252652168274, 0.3569165766239166, 0.3568269610404968, 0.35673511028289795, 0.3566642999649048, 0.35660332441329956, 0.3565516769886017, 0.35643675923347473, 0.3563729524612427, 0.3562522232532501, 0.35615625977516174, 0.3561021685600281, 0.3559795618057251, 0.35592782497406006, 0.3558068573474884, 0.35571524500846863, 0.35563987493515015, 0.3555513620376587, 0.35544830560684204, 0.3553801476955414, 0.355319619178772, 0.3552355468273163, 0.35521551966667175, 0.3551458716392517, 0.3550334870815277, 0.35495221614837646, 0.35486462712287903, 0.35476917028427124, 0.35469016432762146, 0.3546309769153595, 0.3545888662338257, 0.3544831871986389, 0.35437339544296265, 0.3543648421764374, 0.3542160391807556, 0.35415658354759216, 0.354076623916626, 0.35404232144355774, 0.35398033261299133, 0.3539011478424072, 0.3538263440132141, 0.3538128137588501, 0.3537120521068573, 0.35364967584609985, 0.35359418392181396, 0.3535345196723938, 0.3534987270832062, 0.35331782698631287, 0.3532659411430359, 0.3531376123428345, 0.35308951139450073, 0.35302257537841797, 0.3529452085494995, 0.35289105772972107, 0.35285311937332153, 0.3527589440345764, 0.35277557373046875, 0.35263392329216003, 0.35245516896247864, 0.35241976380348206, 0.35240113735198975, 0.35232532024383545, 0.3522658944129944, 0.3521670401096344, 0.35209545493125916, 0.3519950211048126, 0.35199883580207825, 0.3519090414047241, 0.35185059905052185, 0.35183092951774597, 0.35189804434776306, 0.35186341404914856, 0.35174715518951416, 0.35165855288505554, 0.3515864908695221, 0.3514847159385681, 0.35140135884284973, 0.3513528108596802, 0.3511931598186493, 0.351095974445343, 0.35107144713401794, 0.35098910331726074]",33.0,"[33.0, 33.0, 33.0, 33.0, 33.0, 33.0, 33.0, 33.0, 33.0, 33.0, 33.0, 33.0, 33.0, 33.0, 33.0, 33.0, 33.0, 33.0, 33.0, 33.0, 33.0, 33.0, 33.0, 33.0, 33.0, 33.0, 33.0, 33.0, 33.0, 33.0, 33.0, 33.0, 33.0, 33.0, 33.0, 33.0, 33.0, 33.0, 33.0, 33.0, 33.0, 33.0, 33.0, 33.0, 33.0, 33.0, 33.0, 33.0, 33.0, 33.0, 33.0, 33.0, 33.0, 33.0, 33.0, 33.0, 33.0, 33.0, 33.0, 33.0, 33.0, 33.0, 33.0, 33.0, 33.0, 33.0, 33.0, 33.0, 33.0, 33.0, 33.0, 33.0, 33.0, 33.0, 33.0, 33.0, 33.0, 33.0, 33.0, 33.0, 33.0, 33.0, 33.0, 33.0, 33.0, 33.0, 33.0, 33.0, 33.0, 33.0, 33.0, 33.0, 33.0, 33.0, 33.0, 33.0, 33.0, 33.0, 33.0, 33.0, 33.0, 33.0, 33.0, 33.0, 33.0, 33.0, 33.0, 33.0, 33.0, 33.0, 33.0, 33.0, 33.0, 33.0, 33.0, 33.0, 33.0, 33.0, 33.0, 33.0, 33.0, 33.0, 33.0, 33.0, 33.0, 33.0, 33.0, 33.0, 33.0, 33.0, 33.0, 33.0, 33.0, 33.0, 33.0, 33.0, 33.0, 33.0, 33.0, 33.0, 33.0, 33.0, 33.0, 33.0, 33.0, 33.0, 33.0, 33.0, 33.0, 33.0, 33.0, 33.0, 33.0, 33.0, 33.0, 33.0, 33.0, 33.0, 33.0, 33.0, 33.0, 33.0, 33.0, 33.0, 33.0, 33.0, 33.0, 33.0, 33.0, 33.0, 33.0, 33.0, 33.0, 33.0, 33.0, 33.0, 33.0, 33.0, 33.0, 33.0, 33.0, 33.0, 33.0, 33.0, 33.0, 33.0, 33.0, 33.0, 33.0, 33.0, 33.0, 33.0, 33.0, 33.0, 33.0, 33.0, 33.0, 33.0, 33.0, 33.0, 33.0, 33.0, 33.0, 33.0, 33.0, 33.0, 33.0, 33.0, 33.0, 33.0, 33.0, 33.0, 33.0, 33.0, 33.0, 33.0, 33.0, 33.0, 33.0, 33.0, 33.0, 33.0, 33.0, 33.0, 33.0, 33.0, 33.0, 33.0, 33.0, 33.0, 33.0, 33.0, 33.0, 33.0, 33.0, 33.0, 33.0, 33.0, 33.0, 33.0, 33.0, 33.0, 33.0, 33.0, 33.0, 33.0, 33.0, 33.0, 33.0, 33.0, 33.0, 33.0, 33.0, 33.0, 33.0, 33.0, 33.0, 33.0, 33.0, 33.0, 33.0, 33.0, 33.0, 33.0, 33.0, 33.0, 33.0, 33.0, 33.0, 33.0, 33.0, 33.0, 33.0, 33.0, 33.0, 33.0, 33.0, 33.0, 33.0, 33.0, 33.0, 33.0, 33.0, 33.0, 33.0, 33.0, 33.0, 33.0, 33.0, 33.0, 33.0, 33.0, 33.0, 33.0, 33.0, 33.0, 33.0, 33.0, 33.0, 33.0, 33.0, 33.0, 33.0, 33.0, 33.0, 33.0, 33.0, 33.0, 33.0, 33.0, 33.0, 33.0, 33.0, 33.0, 33.0, 33.0, 33.0, 33.0, 33.0, 33.0, 33.0, 33.0, 33.0, 33.0, 33.0, 33.0, 33.0, 33.0, 33.0, 33.0, 33.0, 33.0, 33.0, 33.0, 33.0, 33.0, 33.0, 33.0, 33.0, 33.0, 33.0, 33.0, 33.0, 33.0, 33.0, 33.0, 33.0, 33.0, 33.0, 33.0, 33.0, 33.0, 33.0, 33.0, 33.0, 33.0, 33.0, 33.0, 33.0, 33.0]",COMPLETE
48,48,0.5,2024-08-31 01:59:02.637301,2024-08-31 01:59:41.004201,0 days 00:00:38.366900,1,4.930270668666396,5,10,0.07275627623318341,68,0.026367053713029633,0.859,0.85875,0,"[0, 0, 0, 0, 0, 0, 0, 0, 0, 0]",0.0,"[0.0, 0.0, 0.0, 0.0, 0.0, 0.0, 0.0, 0.0, 0.0, 0.0]",0.5,0.5,0,"[0, 0, 0, 0, 0, 0, 0, 0, 0, 0]",10,"[1.4899840354919434, 1.1409707069396973, 0.42529159784317017, 0.4588850140571594, 2.020725965499878, 0.7521433234214783, 0.9594300985336304, 0.4717450737953186, 1.2354885339736938, 0.7079506516456604]",0.0,"[0.0, 0.0, 0.0, 0.0, 0.0, 0.0, 0.0, 0.0, 0.0, 0.0]",COMPLETE
