,number,value,datetime_start,datetime_complete,duration,params_batch_size_scaler,params_constant_learning_rate,params_depth,params_epochs,params_kernel_l2,params_num_trees,params_temperature,user_attrs_accuracy_test,user_attrs_accuracy_valid,user_attrs_approximate_feature_sparsity,user_attrs_approximate_feature_sparsity_history,user_attrs_approximate_weight_sparsity,user_attrs_approximate_weight_sparsity_history,user_attrs_auc_test,user_attrs_auc_valid,user_attrs_feature_sparsity,user_attrs_feature_sparsity_history,user_attrs_num_epochs,user_attrs_val_loss_history,user_attrs_weight_sparsity,user_attrs_weight_sparsity_history,state
51,51,0.8443662969689945,2024-08-31 02:35:01.264699,2024-08-31 02:35:06.543039,0 days 00:00:05.278340,4,0.06452341364196786,1,35,0.013462535579940274,59,0.0002309518369610053,0.858,0.86125,33,"[33, 33, 33, 33, 33, 33, 33, 33, 33, 33, 33, 33, 33, 33, 33, 33, 33, 33, 33, 33, 33, 33, 33, 33, 33, 33, 33, 33, 33, 33, 33, 33, 33, 33, 33]",33.0,"[32.983050847457626, 33.0, 32.983050847457626, 32.983050847457626, 33.0, 33.0, 32.983050847457626, 32.983050847457626, 33.0, 33.0, 32.983050847457626, 33.0, 33.0, 32.96610169491525, 33.0, 32.983050847457626, 32.983050847457626, 33.0, 32.983050847457626, 32.983050847457626, 32.983050847457626, 32.96610169491525, 32.983050847457626, 33.0, 33.0, 32.983050847457626, 33.0, 32.983050847457626, 32.932203389830505, 32.94915254237288, 32.96610169491525, 32.983050847457626, 33.0, 32.983050847457626, 33.0]",0.8483805183332095,0.8443662969689945,33,"[33, 33, 33, 33, 33, 33, 33, 33, 33, 33, 33, 33, 33, 33, 33, 33, 33, 33, 33, 33, 33, 33, 33, 33, 33, 33, 33, 33, 33, 33, 33, 33, 33, 33, 33]",35,"[0.41130703687667847, 0.4001764953136444, 0.3892805576324463, 0.38523295521736145, 0.3799983263015747, 0.38568398356437683, 0.3740144968032837, 0.37146008014678955, 0.36780768632888794, 0.36444538831710815, 0.35943397879600525, 0.35975533723831177, 0.37931329011917114, 0.3490871489048004, 0.3464852273464203, 0.34492477774620056, 0.34492605924606323, 0.34211620688438416, 0.3400146961212158, 0.33724433183670044, 0.335626482963562, 0.33904892206192017, 0.3328874707221985, 0.33309727907180786, 0.3295222222805023, 0.32882142066955566, 0.3276490271091461, 0.3267432749271393, 0.3268769085407257, 0.3243407905101776, 0.32292571663856506, 0.32541629672050476, 0.3215827941894531, 0.3205466568470001, 0.31900152564048767]",33.0,"[33.0, 33.0, 33.0, 33.0, 33.0, 33.0, 33.0, 33.0, 33.0, 33.0, 33.0, 33.0, 33.0, 33.0, 33.0, 33.0, 33.0, 33.0, 33.0, 33.0, 33.0, 33.0, 33.0, 33.0, 33.0, 33.0, 33.0, 33.0, 33.0, 33.0, 33.0, 33.0, 33.0, 33.0, 33.0]",COMPLETE
52,52,0.5,2024-08-31 02:35:07.362167,2024-08-31 02:35:38.180845,0 days 00:00:30.818678,4,6.102995484564691,1,225,0.35629800876772494,26,0.06322835957012023,0.859,0.85875,3,"[0, 2, 0, 2, 0, 1, 0, 1, 0, 1, 1, 0, 0, 2, 0, 0, 0, 4, 0, 1, 1, 0, 2, 1, 0, 2, 0, 2, 0, 1, 2, 1, 1, 0, 1, 1, 1, 1, 0, 0, 1, 1, 1, 0, 0, 0, 0, 1, 0, 0, 0, 0, 0, 1, 0, 0, 2, 0, 0, 1, 0, 0, 1, 1, 0, 1, 3, 1, 0, 2, 1, 1, 2, 2, 0, 2, 2, 1, 0, 2, 2, 0, 0, 0, 0, 0, 0, 2, 2, 0, 0, 0, 0, 0, 1, 0, 2, 1, 0, 0, 0, 0, 3, 2, 1, 1, 0, 0, 1, 0, 0, 0, 1, 0, 0, 4, 0, 0, 2, 2, 3, 2, 2, 1, 0, 0, 2, 1, 2, 2, 0, 1, 1, 1, 0, 2, 1, 0, 0, 2, 0, 3, 0, 1, 1, 0, 0, 1, 0, 0, 2, 0, 0, 0, 0, 2, 2, 0, 0, 1, 0, 1, 1, 0, 0, 0, 1, 2, 2, 0, 1, 0, 1, 0, 0, 2, 2, 2, 1, 0, 0, 0, 1, 0, 0, 0, 1, 1, 1, 0, 1, 1, 7, 0, 0, 2, 1, 1, 0, 0, 0, 0, 2, 0, 1, 1, 2, 0, 0, 1, 2, 1, 0, 0, 0, 1, 0, 1, 0, 2, 0, 0, 0, 1, 3]",3.0,"[0.0, 2.0, 0.0, 2.0, 0.0, 1.0, 0.0, 1.0, 0.0, 1.0, 1.0, 0.0, 0.0, 2.0, 0.0, 0.0, 0.0, 4.0, 0.0, 1.0, 1.0, 0.0, 2.0, 1.0, 0.0, 2.0, 0.0, 2.0, 0.0, 1.0, 2.0, 1.0, 1.0, 0.0, 1.0, 1.0, 1.0, 1.0, 0.0, 0.0, 1.0, 1.0, 1.0, 0.0, 0.0, 0.0, 0.0, 1.0, 0.0, 0.0, 0.0, 0.0, 0.0, 1.0, 0.0, 0.0, 2.0, 0.0, 0.0, 1.0, 0.0, 0.0, 1.0, 1.0, 0.0, 1.0, 3.0, 1.0, 0.0, 2.0, 1.0, 1.0, 2.0, 2.0, 0.0, 2.0, 2.0, 1.0, 0.0, 2.0, 2.0, 0.0, 0.0, 0.0, 0.0, 0.0, 0.0, 2.0, 2.0, 0.0, 0.0, 0.0, 0.0, 0.0, 1.0, 0.0, 2.0, 1.0, 0.0, 0.0, 0.0, 0.0, 3.0, 2.0, 1.0, 1.0, 0.0, 0.0, 1.0, 0.0, 0.0, 0.0, 1.0, 0.0, 0.0, 4.0, 0.0, 0.0, 2.0, 2.0, 3.0, 2.0, 2.0, 1.0, 0.0, 0.0, 2.0, 1.0, 2.0, 2.0, 0.0, 1.0, 1.0, 1.0, 0.0, 2.0, 1.0, 0.0, 0.0, 2.0, 0.0, 3.0, 0.0, 1.0, 1.0, 0.0, 0.0, 1.0, 0.0, 0.0, 2.0, 0.0, 0.0, 0.0, 0.0, 2.0, 2.0, 0.0, 0.0, 1.0, 0.0, 1.0, 1.0, 0.0, 0.0, 0.0, 1.0, 2.0, 2.0, 0.0, 1.0, 0.0, 1.0, 0.0, 0.0, 2.0, 2.0, 2.0, 1.0, 0.0, 0.0, 0.0, 1.0, 0.0, 0.0, 0.0, 1.0, 1.0, 1.0, 0.0, 1.0, 1.0, 7.0, 0.0, 0.0, 2.0, 1.0, 1.0, 0.0, 0.0, 0.0, 0.0, 2.0, 0.0, 1.0, 1.0, 2.0, 0.0, 0.0, 1.0, 2.0, 1.0, 0.0, 0.0, 0.0, 1.0, 0.0, 1.0, 0.0, 2.0, 0.0, 0.0, 0.0, 1.0, 3.0]",0.5,0.5,3,"[0, 2, 0, 2, 0, 1, 0, 1, 0, 1, 1, 0, 0, 2, 0, 0, 0, 4, 0, 1, 1, 0, 2, 1, 0, 2, 0, 2, 0, 1, 2, 1, 1, 0, 1, 1, 1, 1, 0, 0, 1, 1, 1, 0, 0, 0, 0, 1, 0, 0, 0, 0, 0, 1, 0, 0, 2, 0, 0, 1, 0, 0, 1, 1, 0, 1, 3, 1, 0, 2, 1, 1, 2, 2, 0, 2, 2, 1, 0, 2, 2, 0, 0, 0, 0, 0, 0, 2, 2, 0, 0, 0, 0, 0, 1, 0, 2, 1, 0, 0, 0, 0, 3, 2, 1, 1, 0, 0, 1, 0, 0, 0, 1, 0, 0, 4, 0, 0, 2, 2, 3, 2, 2, 1, 0, 0, 2, 1, 2, 2, 0, 1, 1, 1, 0, 2, 1, 0, 0, 2, 0, 3, 0, 1, 1, 0, 0, 1, 0, 0, 2, 0, 0, 0, 0, 2, 2, 0, 0, 1, 0, 1, 1, 0, 0, 0, 1, 2, 2, 0, 1, 0, 1, 0, 0, 2, 2, 2, 1, 0, 0, 0, 1, 0, 0, 0, 1, 1, 1, 0, 1, 1, 7, 0, 0, 2, 1, 1, 0, 0, 0, 0, 2, 0, 1, 1, 2, 0, 0, 1, 2, 1, 0, 0, 0, 1, 0, 1, 0, 2, 0, 0, 0, 1, 3]",225,"[21.517784118652344, 4.075319766998291, 9.395169258117676, 28.46240234375, 22.477767944335938, 21.954931259155273, 16.48859405517578, 36.328495025634766, 2.0389983654022217, 12.241454124450684, 4.330941677093506, 0.7732628583908081, 14.625260353088379, 29.749486923217773, 24.477859497070312, 17.066028594970703, 10.110108375549316, 40.708770751953125, 2.406510829925537, 30.316936492919922, 25.38025665283203, 8.021727561950684, 27.82497787475586, 16.460330963134766, 27.22978973388672, 28.45196533203125, 0.4947425127029419, 27.902929306030273, 2.7276833057403564, 19.32495880126953, 9.825639724731445, 9.809919357299805, 15.95849323272705, 12.384880065917969, 8.390872955322266, 21.678150177001953, 17.463560104370117, 11.728996276855469, 16.90869140625, 0.8400442004203796, 24.451128005981445, 2.6282172203063965, 19.945741653442383, 11.781542778015137, 12.22265911102295, 1.9199371337890625, 24.461469650268555, 21.86339569091797, 23.172761917114258, 12.749556541442871, 22.96746063232422, 12.810450553894043, 13.515754699707031, 27.71734046936035, 15.583344459533691, 12.486567497253418, 24.589191436767578, 9.7564697265625, 8.117709159851074, 11.313709259033203, 18.2658748626709, 6.441862106323242, 3.3728368282318115, 23.56708335876465, 19.106037139892578, 25.127370834350586, 30.248046875, 29.214370727539062, 49.26481628417969, 20.55855941772461, 13.184603691101074, 20.3626651763916, 17.601451873779297, 15.385342597961426, 35.74842834472656, 10.225663185119629, 29.659257888793945, 7.8372578620910645, 6.509045600891113, 20.54974365234375, 12.323393821716309, 19.486478805541992, 27.038076400756836, 2.3886773586273193, 27.767906188964844, 4.29920768737793, 18.409208297729492, 29.173490524291992, 8.848938941955566, 5.01456880569458, 17.640419006347656, 18.7352237701416, 7.995403289794922, 8.30665111541748, 15.56594467163086, 21.649263381958008, 19.4239559173584, 10.690557479858398, 12.000330924987793, 9.585094451904297, 13.488110542297363, 2.7174062728881836, 38.001121520996094, 29.426389694213867, 17.564067840576172, 4.199772834777832, 7.433774471282959, 6.991815567016602, 23.213895797729492, 1.6511435508728027, 2.413451671600342, 39.535362243652344, 13.12933349609375, 5.579001426696777, 20.18598175048828, 39.532470703125, 7.027751445770264, 23.559131622314453, 21.30634117126465, 27.280038833618164, 32.8050651550293, 12.312939643859863, 30.89822006225586, 6.385314464569092, 8.836407661437988, 25.727895736694336, 29.395496368408203, 19.22785186767578, 28.746841430664062, 18.198101043701172, 17.479122161865234, 16.760337829589844, 11.452597618103027, 27.266321182250977, 1.5800166130065918, 30.4224910736084, 26.33849334716797, 27.02159881591797, 16.979883193969727, 28.424522399902344, 2.7083280086517334, 29.652996063232422, 4.591000556945801, 23.665271759033203, 15.372270584106445, 6.510568618774414, 17.329021453857422, 14.579410552978516, 2.1977479457855225, 1.9073975086212158, 30.603269577026367, 21.068193435668945, 13.591726303100586, 6.524972438812256, 8.705759048461914, 28.235797882080078, 11.657021522521973, 27.5341796875, 17.953250885009766, 30.860366821289062, 28.812406539916992, 5.674635410308838, 13.495013236999512, 18.89835548400879, 11.18676471710205, 15.518974304199219, 11.71423625946045, 3.789111375808716, 26.256084442138672, 13.565559387207031, 28.457595825195312, 9.704977989196777, 10.80429458618164, 20.36308479309082, 21.97311019897461, 30.772668838500977, 25.213777542114258, 7.16792106628418, 28.670686721801758, 16.56048011779785, 24.536909103393555, 18.790651321411133, 13.940821647644043, 1.426163673400879, 2.901876926422119, 26.23284912109375, 10.047078132629395, 26.667219161987305, 20.306255340576172, 7.204876899719238, 27.957372665405273, 22.062944412231445, 42.276466369628906, 2.6085829734802246, 37.633338928222656, 13.364518165588379, 6.606359481811523, 16.94659996032715, 11.467914581298828, 5.186356067657471, 35.3292121887207, 17.04802703857422, 11.585514068603516, 3.0208852291107178, 22.795576095581055, 20.75794219970703, 15.07773208618164, 10.4842529296875, 3.4834582805633545, 26.370834350585938, 20.696453094482422, 23.146974563598633, 10.082889556884766, 11.849540710449219, 19.081069946289062, 16.261388778686523, 6.299120903015137, 20.298765182495117, 22.6812801361084, 21.265085220336914, 0.41849255561828613, 0.42858532071113586, 27.305192947387695, 16.627037048339844, 21.79758071899414]",3.0,"[0.0, 2.0, 0.0, 2.0, 0.0, 1.0, 0.0, 1.0, 0.0, 1.0, 1.0, 0.0, 0.0, 2.0, 0.0, 0.0, 0.0, 4.0, 0.0, 1.0, 1.0, 0.0, 2.0, 1.0, 0.0, 2.0, 0.0, 2.0, 0.0, 1.0, 2.0, 1.0, 1.0, 0.0, 1.0, 1.0, 1.0, 1.0, 0.0, 0.0, 1.0, 1.0, 1.0, 0.0, 0.0, 0.0, 0.0, 1.0, 0.0, 0.0, 0.0, 0.0, 0.0, 1.0, 0.0, 0.0, 2.0, 0.0, 0.0, 1.0, 0.0, 0.0, 1.0, 1.0, 0.0, 1.0, 3.0, 1.0, 0.0, 2.0, 1.0, 1.0, 2.0, 2.0, 0.0, 2.0, 2.0, 1.0, 0.0, 2.0, 2.0, 0.0, 0.0, 0.0, 0.0, 0.0, 0.0, 2.0, 2.0, 0.0, 0.0, 0.0, 0.0, 0.0, 1.0, 0.0, 2.0, 1.0, 0.0, 0.0, 0.0, 0.0, 3.0, 2.0, 1.0, 1.0, 0.0, 0.0, 1.0, 0.0, 0.0, 0.0, 1.0, 0.0, 0.0, 4.0, 0.0, 0.0, 2.0, 2.0, 3.0, 2.0, 2.0, 1.0, 0.0, 0.0, 2.0, 1.0, 2.0, 2.0, 0.0, 1.0, 1.0, 1.0, 0.0, 2.0, 1.0, 0.0, 0.0, 2.0, 0.0, 3.0, 0.0, 1.0, 1.0, 0.0, 0.0, 1.0, 0.0, 0.0, 2.0, 0.0, 0.0, 0.0, 0.0, 2.0, 2.0, 0.0, 0.0, 1.0, 0.0, 1.0, 1.0, 0.0, 0.0, 0.0, 1.0, 2.0, 2.0, 0.0, 1.0, 0.0, 1.0, 0.0, 0.0, 2.0, 2.0, 2.0, 1.0, 0.0, 0.0, 0.0, 1.0, 0.0, 0.0, 0.0, 1.0, 1.0, 1.0, 0.0, 1.0, 1.0, 7.0, 0.0, 0.0, 2.0, 1.0, 1.0, 0.0, 0.0, 0.0, 0.0, 2.0, 0.0, 1.0, 1.0, 2.0, 0.0, 0.0, 1.0, 2.0, 1.0, 0.0, 0.0, 0.0, 1.0, 0.0, 1.0, 0.0, 2.0, 0.0, 0.0, 0.0, 1.0, 3.0]",COMPLETE
