,number,value,datetime_start,datetime_complete,duration,params_batch_size_scaler,params_constant_learning_rate,params_depth,params_epochs,params_kernel_l2,params_num_trees,params_temperature,user_attrs_accuracy_test,user_attrs_accuracy_valid,user_attrs_approximate_feature_sparsity,user_attrs_approximate_feature_sparsity_history,user_attrs_approximate_weight_sparsity,user_attrs_approximate_weight_sparsity_history,user_attrs_auc_test,user_attrs_auc_valid,user_attrs_feature_sparsity,user_attrs_feature_sparsity_history,user_attrs_num_epochs,user_attrs_val_loss_history,user_attrs_weight_sparsity,user_attrs_weight_sparsity_history,state
54,54,0.5,2024-08-31 02:41:23.935201,2024-08-31 02:41:47.981889,0 days 00:00:24.046688,64,0.4640778559572465,1,460,0.5665314637901,15,0.005679197883295191,0.859,0.85875,0,"[33, 33, 31, 6, 0, 0, 0, 0, 0, 0, 0, 0, 0, 0, 0, 0, 0, 0, 0, 0, 0, 0, 0, 0, 0, 0, 0, 0, 0, 0, 0, 0, 0, 0, 0, 0, 0, 0, 0, 0, 0, 0, 0, 0, 0, 0, 0, 0, 0, 0, 0, 0, 0, 0, 0, 0, 0, 0, 0, 0, 0, 0, 0, 0, 0, 0, 0, 0, 0, 0, 0, 0, 0, 0, 0, 0, 0, 0, 0, 0, 0, 0, 0, 0, 0, 0, 0, 0, 0, 0, 0, 0, 0, 0, 0, 0, 0, 0, 0, 0, 0, 0, 0, 0, 0, 0, 0, 0, 0, 0, 0, 0, 0, 0, 0, 0, 0, 0, 0, 0, 0, 0, 0, 0, 0, 0, 0, 0, 0, 0, 0, 0, 0, 0, 0, 0, 0, 0, 0, 0, 0, 0, 0, 0, 0, 0, 0, 0, 0, 0, 0, 0, 0, 0, 0, 0, 0, 0, 0, 0, 0, 0, 0, 0, 0, 0, 0, 0, 0, 0, 0, 0, 0, 0, 0, 0, 0, 0, 0, 0, 0, 0, 0, 0, 0, 0, 0, 0, 0, 0, 0, 0, 0, 0, 0, 0, 0, 0, 0, 0, 0, 0, 0, 0, 0, 0, 0, 0, 0, 0, 0, 0, 0, 0, 0, 0, 0, 0, 0, 0, 0, 0, 0, 0, 0, 0, 0, 0, 0, 0, 0, 0, 0, 0, 0, 0, 0, 0, 0, 0, 0, 0, 0, 0, 0, 0, 0, 0, 0, 0, 0, 0, 0, 0, 0, 0, 0, 0, 0, 0, 0, 0, 0, 0, 0, 0, 0, 0, 0, 0, 0, 0, 0, 0, 0, 0, 0, 0, 0, 0, 0, 0, 0, 0, 0, 0, 0, 0, 0, 0, 0, 0, 0, 0, 0, 0, 0, 0, 0, 0, 0, 0, 0, 0, 0, 0, 0, 0, 0, 0, 0, 0, 0, 0, 0, 0, 0, 0, 0, 0, 0, 0, 0, 0, 0, 0, 0, 0, 0, 0, 0, 0, 0, 0, 0, 0, 0, 0, 0, 0, 0, 0, 0, 0, 0, 0, 0, 0, 0, 0, 0, 0, 0, 0, 0, 0, 0, 0, 0, 0, 0, 0, 0, 0, 0, 0, 0, 0, 0, 0, 0, 0, 0, 0, 0, 0, 0, 0, 0, 0, 0, 0, 0, 0, 0, 0, 0, 0, 0, 0, 0, 0, 0, 0, 0, 0, 0, 0, 0, 0, 0, 0, 0, 0, 0, 0, 0, 0, 0, 0, 0, 0, 0, 0, 0, 0, 0, 0, 0, 0, 0, 0, 0, 0, 0, 0, 0, 0, 0, 0, 0, 0, 0, 0, 0, 0, 0, 0, 0, 0, 0, 0, 0, 0, 0, 0, 0, 0, 0, 0, 0, 0, 0, 0, 0, 0, 0, 0, 0, 0]",0.0,"[33.0, 33.0, 31.0, 6.0, 0.0, 0.0, 0.0, 0.0, 0.0, 0.0, 0.0, 0.0, 0.0, 0.0, 0.0, 0.0, 0.0, 0.0, 0.0, 0.0, 0.0, 0.0, 0.0, 0.0, 0.0, 0.0, 0.0, 0.0, 0.0, 0.0, 0.0, 0.0, 0.0, 0.0, 0.0, 0.0, 0.0, 0.0, 0.0, 0.0, 0.0, 0.0, 0.0, 0.0, 0.0, 0.0, 0.0, 0.0, 0.0, 0.0, 0.0, 0.0, 0.0, 0.0, 0.0, 0.0, 0.0, 0.0, 0.0, 0.0, 0.0, 0.0, 0.0, 0.0, 0.0, 0.0, 0.0, 0.0, 0.0, 0.0, 0.0, 0.0, 0.0, 0.0, 0.0, 0.0, 0.0, 0.0, 0.0, 0.0, 0.0, 0.0, 0.0, 0.0, 0.0, 0.0, 0.0, 0.0, 0.0, 0.0, 0.0, 0.0, 0.0, 0.0, 0.0, 0.0, 0.0, 0.0, 0.0, 0.0, 0.0, 0.0, 0.0, 0.0, 0.0, 0.0, 0.0, 0.0, 0.0, 0.0, 0.0, 0.0, 0.0, 0.0, 0.0, 0.0, 0.0, 0.0, 0.0, 0.0, 0.0, 0.0, 0.0, 0.0, 0.0, 0.0, 0.0, 0.0, 0.0, 0.0, 0.0, 0.0, 0.0, 0.0, 0.0, 0.0, 0.0, 0.0, 0.0, 0.0, 0.0, 0.0, 0.0, 0.0, 0.0, 0.0, 0.0, 0.0, 0.0, 0.0, 0.0, 0.0, 0.0, 0.0, 0.0, 0.0, 0.0, 0.0, 0.0, 0.0, 0.0, 0.0, 0.0, 0.0, 0.0, 0.0, 0.0, 0.0, 0.0, 0.0, 0.0, 0.0, 0.0, 0.0, 0.0, 0.0, 0.0, 0.0, 0.0, 0.0, 0.0, 0.0, 0.0, 0.0, 0.0, 0.0, 0.0, 0.0, 0.0, 0.0, 0.0, 0.0, 0.0, 0.0, 0.0, 0.0, 0.0, 0.0, 0.0, 0.0, 0.0, 0.0, 0.0, 0.0, 0.0, 0.0, 0.0, 0.0, 0.0, 0.0, 0.0, 0.0, 0.0, 0.0, 0.0, 0.0, 0.0, 0.0, 0.0, 0.0, 0.0, 0.0, 0.0, 0.0, 0.0, 0.0, 0.0, 0.0, 0.0, 0.0, 0.0, 0.0, 0.0, 0.0, 0.0, 0.0, 0.0, 0.0, 0.0, 0.0, 0.0, 0.0, 0.0, 0.0, 0.0, 0.0, 0.0, 0.0, 0.0, 0.0, 0.0, 0.0, 0.0, 0.0, 0.0, 0.0, 0.0, 0.0, 0.0, 0.0, 0.0, 0.0, 0.0, 0.0, 0.0, 0.0, 0.0, 0.0, 0.0, 0.0, 0.0, 0.0, 0.0, 0.0, 0.0, 0.0, 0.0, 0.0, 0.0, 0.0, 0.0, 0.0, 0.0, 0.0, 0.0, 0.0, 0.0, 0.0, 0.0, 0.0, 0.0, 0.0, 0.0, 0.0, 0.0, 0.0, 0.0, 0.0, 0.0, 0.0, 0.0, 0.0, 0.0, 0.0, 0.0, 0.0, 0.0, 0.0, 0.0, 0.0, 0.0, 0.0, 0.0, 0.0, 0.0, 0.0, 0.0, 0.0, 0.0, 0.0, 0.0, 0.0, 0.0, 0.0, 0.0, 0.0, 0.0, 0.0, 0.0, 0.0, 0.0, 0.0, 0.0, 0.0, 0.0, 0.0, 0.0, 0.0, 0.0, 0.0, 0.0, 0.0, 0.0, 0.0, 0.0, 0.0, 0.0, 0.0, 0.0, 0.0, 0.0, 0.0, 0.0, 0.0, 0.0, 0.0, 0.0, 0.0, 0.0, 0.0, 0.0, 0.0, 0.0, 0.0, 0.0, 0.0, 0.0, 0.0, 0.0, 0.0, 0.0, 0.0, 0.0, 0.0, 0.0, 0.0, 0.0, 0.0, 0.0, 0.0, 0.0, 0.0, 0.0, 0.0, 0.0, 0.0, 0.0, 0.0, 0.0, 0.0, 0.0, 0.0, 0.0, 0.0, 0.0, 0.0, 0.0, 0.0, 0.0, 0.0, 0.0, 0.0, 0.0, 0.0, 0.0, 0.0, 0.0, 0.0, 0.0, 0.0, 0.0, 0.0, 0.0, 0.0, 0.0, 0.0, 0.0, 0.0, 0.0, 0.0, 0.0, 0.0, 0.0, 0.0, 0.0, 0.0, 0.0, 0.0, 0.0, 0.0, 0.0, 0.0, 0.0, 0.0, 0.0, 0.0, 0.0, 0.0, 0.0, 0.0, 0.0, 0.0, 0.0, 0.0, 0.0, 0.0, 0.0, 0.0, 0.0, 0.0, 0.0, 0.0, 0.0, 0.0, 0.0, 0.0, 0.0, 0.0, 0.0, 0.0]",0.5,0.5,0,"[33, 33, 31, 6, 0, 0, 0, 0, 0, 0, 0, 0, 0, 0, 0, 0, 0, 0, 0, 0, 0, 0, 0, 0, 0, 0, 0, 0, 0, 0, 0, 0, 0, 0, 0, 0, 0, 0, 0, 0, 0, 0, 0, 0, 0, 0, 0, 0, 0, 0, 0, 0, 0, 0, 0, 0, 0, 0, 0, 0, 0, 0, 0, 0, 0, 0, 0, 0, 0, 0, 0, 0, 0, 0, 0, 0, 0, 0, 0, 0, 0, 0, 0, 0, 0, 0, 0, 0, 0, 0, 0, 0, 0, 0, 0, 0, 0, 0, 0, 0, 0, 0, 0, 0, 0, 0, 0, 0, 0, 0, 0, 0, 0, 0, 0, 0, 0, 0, 0, 0, 0, 0, 0, 0, 0, 0, 0, 0, 0, 0, 0, 0, 0, 0, 0, 0, 0, 0, 0, 0, 0, 0, 0, 0, 0, 0, 0, 0, 0, 0, 0, 0, 0, 0, 0, 0, 0, 0, 0, 0, 0, 0, 0, 0, 0, 0, 0, 0, 0, 0, 0, 0, 0, 0, 0, 0, 0, 0, 0, 0, 0, 0, 0, 0, 0, 0, 0, 0, 0, 0, 0, 0, 0, 0, 0, 0, 0, 0, 0, 0, 0, 0, 0, 0, 0, 0, 0, 0, 0, 0, 0, 0, 0, 0, 0, 0, 0, 0, 0, 0, 0, 0, 0, 0, 0, 0, 0, 0, 0, 0, 0, 0, 0, 0, 0, 0, 0, 0, 0, 0, 0, 0, 0, 0, 0, 0, 0, 0, 0, 0, 0, 0, 0, 0, 0, 0, 0, 0, 0, 0, 0, 0, 0, 0, 0, 0, 0, 0, 0, 0, 0, 0, 0, 0, 0, 0, 0, 0, 0, 0, 0, 0, 0, 0, 0, 0, 0, 0, 0, 0, 0, 0, 0, 0, 0, 0, 0, 0, 0, 0, 0, 0, 0, 0, 0, 0, 0, 0, 0, 0, 0, 0, 0, 0, 0, 0, 0, 0, 0, 0, 0, 0, 0, 0, 0, 0, 0, 0, 0, 0, 0, 0, 0, 0, 0, 0, 0, 0, 0, 0, 0, 0, 0, 0, 0, 0, 0, 0, 0, 0, 0, 0, 0, 0, 0, 0, 0, 0, 0, 0, 0, 0, 0, 0, 0, 0, 0, 0, 0, 0, 0, 0, 0, 0, 0, 0, 0, 0, 0, 0, 0, 0, 0, 0, 0, 0, 0, 0, 0, 0, 0, 0, 0, 0, 0, 0, 0, 0, 0, 0, 0, 0, 0, 0, 0, 0, 0, 0, 0, 0, 0, 0, 0, 0, 0, 0, 0, 0, 0, 0, 0, 0, 0, 0, 0, 0, 0, 0, 0, 0, 0, 0, 0, 0, 0, 0, 0, 0, 0, 0, 0, 0, 0, 0, 0, 0, 0, 0, 0, 0, 0, 0, 0, 0, 0, 0, 0, 0, 0, 0]",460,"[1.033402681350708, 0.8672875165939331, 0.731432318687439, 0.4720427393913269, 0.4090596139431, 0.4079113006591797, 0.40787896513938904, 0.41422584652900696, 0.4118506610393524, 0.4088987410068512, 0.4072333574295044, 0.40784838795661926, 0.40736308693885803, 0.4074684977531433, 0.4103814363479614, 0.4144164025783539, 0.409086674451828, 0.4072261154651642, 0.41354188323020935, 0.40744301676750183, 0.4076687693595886, 0.40801185369491577, 0.4080106317996979, 0.40776732563972473, 0.407226026058197, 0.40722715854644775, 0.40804871916770935, 0.41640448570251465, 0.40902724862098694, 0.40802332758903503, 0.4091964662075043, 0.4074636399745941, 0.40989789366722107, 0.40793442726135254, 0.4074271321296692, 0.4155777096748352, 0.40722712874412537, 0.4079746901988983, 0.4086788296699524, 0.41016051173210144, 0.4280237555503845, 0.40904366970062256, 0.4073891341686249, 0.40745314955711365, 0.42005738615989685, 0.4074581265449524, 0.4072495996952057, 0.40736570954322815, 0.4075147211551666, 0.4134155511856079, 0.4072287082672119, 0.4072912633419037, 0.4298798441886902, 0.4080670475959778, 0.4099390506744385, 0.4089021384716034, 0.40722617506980896, 0.4117242395877838, 0.4087139368057251, 0.4074033498764038, 0.40790557861328125, 0.4302537441253662, 0.42815878987312317, 0.4136578440666199, 0.40788528323173523, 0.4121372699737549, 0.41007041931152344, 0.4078017771244049, 0.40949195623397827, 0.4080500304698944, 0.4074333608150482, 0.41158345341682434, 0.40892478823661804, 0.40746811032295227, 0.41397735476493835, 0.4074099659919739, 0.4073103368282318, 0.4079257845878601, 0.4319835603237152, 0.41189536452293396, 0.4118328392505646, 0.40884390473365784, 0.4073309600353241, 0.4072265923023224, 0.4080561101436615, 0.409323126077652, 0.4074645936489105, 0.41464951634407043, 0.41046103835105896, 0.4078992009162903, 0.4182925522327423, 0.4074278175830841, 0.4090384542942047, 0.4079495668411255, 0.4115305244922638, 0.4119226038455963, 0.40803858637809753, 0.4080405533313751, 0.4089967608451843, 0.4099254608154297, 0.40809404850006104, 0.4074307382106781, 0.40900951623916626, 0.409015417098999, 0.4079543948173523, 0.4072287678718567, 0.4081883132457733, 0.4102853536605835, 0.40885084867477417, 0.40737420320510864, 0.4079795777797699, 0.40741562843322754, 0.4102385342121124, 0.41162723302841187, 0.410045325756073, 0.40723758935928345, 0.4073999524116516, 0.4074939787387848, 0.40744659304618835, 0.41026389598846436, 0.4079759120941162, 0.41378548741340637, 0.4088408648967743, 0.4073794186115265, 0.41008254885673523, 0.4074658453464508, 0.41021737456321716, 0.4087834656238556, 0.41017869114875793, 0.4156858026981354, 0.4072262942790985, 0.4106987714767456, 0.4135189950466156, 0.4077768623828888, 0.40906181931495667, 0.40798306465148926, 0.4079412817955017, 0.408852219581604, 0.41650593280792236, 0.413910835981369, 0.41351333260536194, 0.407887727022171, 0.4102804660797119, 0.4073884189128876, 0.4075172543525696, 0.40744805335998535, 0.4080442190170288, 0.41042327880859375, 0.4072306752204895, 0.4089590311050415, 0.407227098941803, 0.40725576877593994, 0.41246941685676575, 0.4079238772392273, 0.41353121399879456, 0.40888503193855286, 0.408028781414032, 0.4102308750152588, 0.4239770472049713, 0.4072262644767761, 0.41019341349601746, 0.40799933671951294, 0.4157556891441345, 0.41352054476737976, 0.4204140603542328, 0.41153115034103394, 0.40791401267051697, 0.4079267084598541, 0.4079088568687439, 0.4078705906867981, 0.4098218083381653, 0.40725767612457275, 0.4088863432407379, 0.40729087591171265, 0.407227098941803, 0.40798354148864746, 0.40723904967308044, 0.40740761160850525, 0.40788087248802185, 0.4073870778083801, 0.42044222354888916, 0.4101102948188782, 0.4073474109172821, 0.4090946912765503, 0.40791550278663635, 0.4116949141025543, 0.40884849429130554, 0.4072296917438507, 0.40749484300613403, 0.40746238827705383, 0.4090045988559723, 0.41621771454811096, 0.41165709495544434, 0.40998610854148865, 0.4086352586746216, 0.4079183340072632, 0.41008883714675903, 0.40739357471466064, 0.40892738103866577, 0.40793663263320923, 0.4072285592556, 0.407380074262619, 0.4072262644767761, 0.4080171585083008, 0.40737923979759216, 0.4073529541492462, 0.4072262644767761, 0.41026565432548523, 0.4073810577392578, 0.41027557849884033, 0.4090578556060791, 0.4088706076145172, 0.4072277545928955, 0.40752002596855164, 0.40722715854644775, 0.4102708697319031, 0.41535118222236633, 0.40993788838386536, 0.40724045038223267, 0.40799716114997864, 0.4178398847579956, 0.40722915530204773, 0.4378872811794281, 0.415353387594223, 0.40905502438545227, 0.4100397527217865, 0.4078899025917053, 0.4121924638748169, 0.40918147563934326, 0.40724167227745056, 0.41035187244415283, 0.4115934669971466, 0.40875008702278137, 0.4273740351200104, 0.4072490632534027, 0.40723150968551636, 0.4101962149143219, 0.41408851742744446, 0.4281078279018402, 0.4114040434360504, 0.41172105073928833, 0.41329094767570496, 0.4088931977748871, 0.41396278142929077, 0.40891221165657043, 0.407304048538208, 0.408891499042511, 0.407387912273407, 0.41819271445274353, 0.41201287508010864, 0.4103585481643677, 0.40743106603622437, 0.4073950946331024, 0.40890777111053467, 0.4079054594039917, 0.40796157717704773, 0.4079739451408386, 0.42148736119270325, 0.41140037775039673, 0.4363256096839905, 0.42742645740509033, 0.4378739893436432, 0.4082474410533905, 0.40794846415519714, 0.4089331030845642, 0.40752360224723816, 0.4073329269886017, 0.4079449772834778, 0.40904220938682556, 0.4072282314300537, 0.4081735610961914, 0.41236191987991333, 0.4079483151435852, 0.41036278009414673, 0.4103187918663025, 0.4168896973133087, 0.4086160361766815, 0.40856337547302246, 0.40744391083717346, 0.40814492106437683, 0.4072268605232239, 0.40722715854644775, 0.41140133142471313, 0.4085404574871063, 0.40763965249061584, 0.4074454605579376, 0.4087369441986084, 0.40755611658096313, 0.4080626666545868, 0.40793266892433167, 0.4215681552886963, 0.4116921126842499, 0.4088132977485657, 0.40997448563575745, 0.4079441726207733, 0.40818339586257935, 0.41032400727272034, 0.4080084264278412, 0.41538679599761963, 0.41363948583602905, 0.4120085537433624, 0.41203975677490234, 0.4100095331668854, 0.4080452024936676, 0.4072262644767761, 0.4086119532585144, 0.41174671053886414, 0.4072306752204895, 0.41015690565109253, 0.40882012248039246, 0.4073813557624817, 0.4074539244174957, 0.4079999029636383, 0.4133765697479248, 0.4080440104007721, 0.4072263240814209, 0.4105078876018524, 0.41030219197273254, 0.4089530110359192, 0.4101048409938812, 0.41962212324142456, 0.40887877345085144, 0.4091545343399048, 0.4079420566558838, 0.41032639145851135, 0.407469242811203, 0.4072261154651642, 0.4078807830810547, 0.44991356134414673, 0.41222909092903137, 0.4072296619415283, 0.42745155096054077, 0.40765243768692017, 0.407228022813797, 0.4078713357448578, 0.4274134039878845, 0.4101670980453491, 0.4154086410999298, 0.4072262644767761, 0.4102199971675873, 0.40724217891693115, 0.4073340594768524, 0.4079858362674713, 0.4117397367954254, 0.41015228629112244, 0.4104536473751068, 0.40737906098365784, 0.4093075692653656, 0.407913476228714, 0.40736863017082214, 0.41876670718193054, 0.40786778926849365, 0.40895983576774597, 0.4088515341281891, 0.4072272777557373, 0.40804171562194824, 0.40890994668006897, 0.4074898660182953, 0.41234320402145386, 0.40745270252227783, 0.40977564454078674, 0.4115181863307953, 0.4090113043785095, 0.41440334916114807, 0.40862753987312317, 0.40788087248802185, 0.40723469853401184, 0.407929390668869, 0.4077354371547699, 0.41355109214782715, 0.408070832490921, 0.4079957604408264, 0.4100300669670105, 0.4242805540561676, 0.40751132369041443, 0.4073461890220642, 0.4080427587032318, 0.4073801338672638, 0.4145878553390503, 0.40730082988739014, 0.40873175859451294, 0.4074571132659912, 0.40725842118263245, 0.4105001389980316, 0.4087773263454437, 0.40800467133522034, 0.41218212246894836, 0.40796905755996704, 0.4132998585700989, 0.41036170721054077, 0.40883880853652954, 0.4156678020954132, 0.4074660539627075, 0.42047110199928284, 0.41214054822921753, 0.4120978116989136, 0.4080694615840912, 0.40739455819129944, 0.40790092945098877, 0.4089619517326355, 0.40722620487213135, 0.40736162662506104, 0.41028088331222534, 0.4089578688144684, 0.40736863017082214, 0.4079045355319977, 0.41195327043533325, 0.40887290239334106, 0.4143173098564148, 0.4076699912548065, 0.4283014237880707, 0.4154490530490875, 0.41009947657585144, 0.40783554315567017, 0.407889723777771, 0.40899306535720825, 0.4131607115268707, 0.4105152189731598, 0.4381372928619385, 0.40835320949554443, 0.40754494071006775, 0.41037067770957947, 0.4080566465854645, 0.40804779529571533, 0.4100904166698456, 0.4081791639328003, 0.40742722153663635, 0.41008201241493225, 0.40890130400657654, 0.4234688878059387, 0.40723010897636414, 0.4072263240814209, 0.4074060022830963, 0.40815460681915283, 0.4100601077079773, 0.40736761689186096, 0.40796124935150146, 0.40787795186042786, 0.4072343707084656, 0.4072303771972656, 0.4103355407714844, 0.4088575839996338, 0.4078240692615509, 0.4077111780643463, 0.4190142750740051, 0.4231860339641571, 0.41779232025146484, 0.40723010897636414, 0.4099006652832031, 0.40895146131515503, 0.4137672483921051, 0.40894562005996704, 0.40731266140937805, 0.4091901481151581, 0.407232403755188, 0.4101230502128601, 0.4177115559577942, 0.407928466796875, 0.40787026286125183, 0.40738341212272644]",0.0,"[33.0, 33.0, 31.0, 6.0, 0.0, 0.0, 0.0, 0.0, 0.0, 0.0, 0.0, 0.0, 0.0, 0.0, 0.0, 0.0, 0.0, 0.0, 0.0, 0.0, 0.0, 0.0, 0.0, 0.0, 0.0, 0.0, 0.0, 0.0, 0.0, 0.0, 0.0, 0.0, 0.0, 0.0, 0.0, 0.0, 0.0, 0.0, 0.0, 0.0, 0.0, 0.0, 0.0, 0.0, 0.0, 0.0, 0.0, 0.0, 0.0, 0.0, 0.0, 0.0, 0.0, 0.0, 0.0, 0.0, 0.0, 0.0, 0.0, 0.0, 0.0, 0.0, 0.0, 0.0, 0.0, 0.0, 0.0, 0.0, 0.0, 0.0, 0.0, 0.0, 0.0, 0.0, 0.0, 0.0, 0.0, 0.0, 0.0, 0.0, 0.0, 0.0, 0.0, 0.0, 0.0, 0.0, 0.0, 0.0, 0.0, 0.0, 0.0, 0.0, 0.0, 0.0, 0.0, 0.0, 0.0, 0.0, 0.0, 0.0, 0.0, 0.0, 0.0, 0.0, 0.0, 0.0, 0.0, 0.0, 0.0, 0.0, 0.0, 0.0, 0.0, 0.0, 0.0, 0.0, 0.0, 0.0, 0.0, 0.0, 0.0, 0.0, 0.0, 0.0, 0.0, 0.0, 0.0, 0.0, 0.0, 0.0, 0.0, 0.0, 0.0, 0.0, 0.0, 0.0, 0.0, 0.0, 0.0, 0.0, 0.0, 0.0, 0.0, 0.0, 0.0, 0.0, 0.0, 0.0, 0.0, 0.0, 0.0, 0.0, 0.0, 0.0, 0.0, 0.0, 0.0, 0.0, 0.0, 0.0, 0.0, 0.0, 0.0, 0.0, 0.0, 0.0, 0.0, 0.0, 0.0, 0.0, 0.0, 0.0, 0.0, 0.0, 0.0, 0.0, 0.0, 0.0, 0.0, 0.0, 0.0, 0.0, 0.0, 0.0, 0.0, 0.0, 0.0, 0.0, 0.0, 0.0, 0.0, 0.0, 0.0, 0.0, 0.0, 0.0, 0.0, 0.0, 0.0, 0.0, 0.0, 0.0, 0.0, 0.0, 0.0, 0.0, 0.0, 0.0, 0.0, 0.0, 0.0, 0.0, 0.0, 0.0, 0.0, 0.0, 0.0, 0.0, 0.0, 0.0, 0.0, 0.0, 0.0, 0.0, 0.0, 0.0, 0.0, 0.0, 0.0, 0.0, 0.0, 0.0, 0.0, 0.0, 0.0, 0.0, 0.0, 0.0, 0.0, 0.0, 0.0, 0.0, 0.0, 0.0, 0.0, 0.0, 0.0, 0.0, 0.0, 0.0, 0.0, 0.0, 0.0, 0.0, 0.0, 0.0, 0.0, 0.0, 0.0, 0.0, 0.0, 0.0, 0.0, 0.0, 0.0, 0.0, 0.0, 0.0, 0.0, 0.0, 0.0, 0.0, 0.0, 0.0, 0.0, 0.0, 0.0, 0.0, 0.0, 0.0, 0.0, 0.0, 0.0, 0.0, 0.0, 0.0, 0.0, 0.0, 0.0, 0.0, 0.0, 0.0, 0.0, 0.0, 0.0, 0.0, 0.0, 0.0, 0.0, 0.0, 0.0, 0.0, 0.0, 0.0, 0.0, 0.0, 0.0, 0.0, 0.0, 0.0, 0.0, 0.0, 0.0, 0.0, 0.0, 0.0, 0.0, 0.0, 0.0, 0.0, 0.0, 0.0, 0.0, 0.0, 0.0, 0.0, 0.0, 0.0, 0.0, 0.0, 0.0, 0.0, 0.0, 0.0, 0.0, 0.0, 0.0, 0.0, 0.0, 0.0, 0.0, 0.0, 0.0, 0.0, 0.0, 0.0, 0.0, 0.0, 0.0, 0.0, 0.0, 0.0, 0.0, 0.0, 0.0, 0.0, 0.0, 0.0, 0.0, 0.0, 0.0, 0.0, 0.0, 0.0, 0.0, 0.0, 0.0, 0.0, 0.0, 0.0, 0.0, 0.0, 0.0, 0.0, 0.0, 0.0, 0.0, 0.0, 0.0, 0.0, 0.0, 0.0, 0.0, 0.0, 0.0, 0.0, 0.0, 0.0, 0.0, 0.0, 0.0, 0.0, 0.0, 0.0, 0.0, 0.0, 0.0, 0.0, 0.0, 0.0, 0.0, 0.0, 0.0, 0.0, 0.0, 0.0, 0.0, 0.0, 0.0, 0.0, 0.0, 0.0, 0.0, 0.0, 0.0, 0.0, 0.0, 0.0, 0.0, 0.0, 0.0, 0.0, 0.0, 0.0, 0.0, 0.0, 0.0, 0.0, 0.0, 0.0, 0.0, 0.0, 0.0, 0.0, 0.0, 0.0, 0.0, 0.0, 0.0, 0.0, 0.0, 0.0, 0.0, 0.0, 0.0, 0.0, 0.0, 0.0, 0.0, 0.0, 0.0, 0.0, 0.0, 0.0, 0.0, 0.0, 0.0, 0.0, 0.0, 0.0]",COMPLETE
