,number,value,datetime_start,datetime_complete,duration,params_batch_size_scaler,params_constant_learning_rate,params_depth,params_epochs,params_kernel_l2,params_num_trees,params_temperature,user_attrs_accuracy_test,user_attrs_accuracy_valid,user_attrs_approximate_feature_sparsity,user_attrs_approximate_feature_sparsity_history,user_attrs_approximate_weight_sparsity,user_attrs_approximate_weight_sparsity_history,user_attrs_auc_test,user_attrs_auc_valid,user_attrs_feature_sparsity,user_attrs_feature_sparsity_history,user_attrs_num_epochs,user_attrs_val_loss_history,user_attrs_weight_sparsity,user_attrs_weight_sparsity_history,state
99,99,0.7930981180198632,2024-08-31 04:25:27.772895,2024-08-31 04:32:16.572955,0 days 00:06:48.800060,1,3.3787672272213958,4,435,0.004420115746566567,49,0.0018113202461209944,0.888,0.87875,5,"[5, 5, 5, 5, 5, 5, 5, 5, 5, 5, 5, 5, 5, 5, 5, 5, 5, 5, 5, 5, 5, 5, 5, 5, 5, 5, 5, 5, 5, 5, 5, 5, 5, 5, 5, 5, 5, 5, 5, 5, 5, 5, 5, 5, 5, 5, 5, 5, 5, 5, 5, 5, 5, 5, 5, 5, 5, 5, 5, 5, 5, 5, 5, 5, 5, 5, 5, 5, 5, 5, 5, 5, 5, 5, 5, 5, 5, 5, 5, 5, 5, 5, 5, 5, 5, 5, 5, 5, 5, 5, 5, 5, 5, 5, 5, 5, 5, 5, 5, 5, 5, 5, 5, 5, 5, 5, 5, 5, 5, 5, 5, 5, 5, 5, 5, 5, 5, 5, 5, 5, 5, 5, 5, 5, 5, 5, 5, 5, 5, 5, 5, 5, 5, 5, 5, 5, 5, 5, 5, 5, 5, 5, 5, 5, 5, 5, 5, 5, 5, 5, 5, 5, 5, 5, 5, 5, 5, 5, 5, 5, 5, 5, 5, 5, 5, 5, 5, 5, 5, 5, 5, 5, 5, 5, 5, 5, 5, 5, 5, 5, 5, 5, 5, 5, 5, 5, 5, 5, 5, 5, 5, 5, 5, 5, 5, 5, 5, 5, 5, 5, 5, 5, 5, 5, 5, 5, 5, 5, 5, 5, 5, 5, 5, 5, 5, 5, 5, 5, 5, 5, 5, 5, 5, 5, 5, 5, 5, 5, 5, 5, 5, 5, 5, 5, 5, 5, 5, 5, 5, 5, 5, 5, 5, 5, 5, 5, 5, 5, 5, 5, 5, 5, 5, 5, 5, 5, 5, 5, 5, 5, 5, 5, 5, 5, 5, 5, 5, 5, 5, 5, 5, 5, 5, 5, 5, 5, 5, 5, 5, 5, 5, 5, 5, 5, 5, 5, 5, 5, 5, 5, 5, 5, 5, 5, 5, 5, 5, 5, 5, 5, 5, 5, 5, 5, 5, 5, 5, 5, 5, 5, 5, 5, 5, 5, 5, 5, 5, 5, 5, 5, 5, 5, 5, 5, 5, 5, 5, 5, 5, 5, 5, 5, 5, 5, 5, 5, 5, 5, 5, 5, 5, 5, 5, 5, 5, 5, 5, 5, 5, 5, 5, 5, 5, 5, 5, 5, 5, 5, 5, 5, 5, 5, 5, 5, 5, 5, 5, 5, 5, 5, 5, 5, 5, 5, 5, 5, 5, 5, 5, 5, 5, 5, 5, 5, 5, 5, 5, 5, 5, 5, 5, 5, 5, 5, 5, 5, 5, 5, 5, 5, 5, 5, 5, 5, 5, 5, 5, 5, 5, 5, 5, 5, 5, 5, 5, 5, 5, 5, 5, 5, 5, 5, 5, 5, 5, 5, 5, 5, 5, 5, 5, 5, 5, 5, 5]",4.522448979591837,"[4.9918367346938775, 4.997278911564626, 4.995918367346939, 4.995918367346939, 4.995918367346939, 4.997278911564626, 4.997278911564626, 4.994557823129252, 4.994557823129251, 4.997278911564626, 4.995918367346939, 4.994557823129252, 4.998639455782313, 4.995918367346939, 4.994557823129252, 4.994557823129252, 5.0, 4.997278911564626, 4.998639455782313, 4.998639455782313, 4.989115646258504, 4.994557823129252, 4.998639455782313, 4.995918367346939, 4.997278911564626, 4.993197278911564, 4.9904761904761905, 4.995918367346939, 4.989115646258504, 4.993197278911564, 4.993197278911564, 4.993197278911564, 4.993197278911564, 4.998639455782313, 4.9918367346938775, 4.995918367346939, 4.995918367346939, 4.993197278911565, 4.9904761904761905, 4.994557823129252, 4.993197278911564, 4.994557823129252, 4.998639455782313, 4.993197278911564, 4.995918367346939, 4.993197278911564, 4.995918367346939, 4.989115646258504, 4.9904761904761905, 4.994557823129252, 4.993197278911564, 4.998639455782313, 4.987755102040817, 4.9904761904761905, 4.9904761904761905, 4.9918367346938775, 4.9904761904761905, 4.9904761904761905, 4.9904761904761905, 4.987755102040817, 4.983673469387755, 4.987755102040817, 4.985034013605443, 4.985034013605442, 4.983673469387755, 4.9904761904761905, 4.980952380952381, 4.994557823129252, 4.994557823129252, 4.9904761904761905, 4.997278911564626, 4.987755102040817, 4.9904761904761905, 4.994557823129251, 4.991836734693878, 4.983673469387755, 4.9904761904761905, 4.980952380952381, 4.989115646258503, 4.985034013605443, 4.987755102040817, 4.983673469387755, 4.987755102040817, 4.9904761904761905, 4.979591836734694, 4.987755102040817, 4.980952380952381, 4.982312925170068, 4.983673469387755, 4.982312925170068, 4.982312925170068, 4.983673469387755, 4.983673469387755, 4.989115646258504, 4.989115646258504, 4.982312925170068, 4.993197278911564, 4.9904761904761905, 4.993197278911564, 4.9918367346938775, 4.979591836734694, 4.98639455782313, 4.983673469387755, 4.97687074829932, 4.975510204081633, 4.974149659863945, 4.970068027210885, 4.974149659863945, 4.983673469387756, 4.9714285714285715, 4.978231292517007, 4.968707482993198, 4.976870748299319, 4.975510204081632, 4.9727891156462585, 4.970068027210885, 4.979591836734694, 4.980952380952381, 4.980952380952381, 4.975510204081632, 4.976870748299319, 4.976870748299319, 4.978231292517007, 4.98639455782313, 4.961904761904762, 4.978231292517007, 4.976870748299319, 4.956462585034013, 4.974149659863945, 4.961904761904762, 4.9714285714285715, 4.963265306122449, 4.960544217687074, 4.961904761904762, 4.960544217687074, 4.964625850340136, 4.955102040816326, 4.9714285714285715, 4.975510204081632, 4.974149659863945, 4.9578231292517, 4.956462585034014, 4.9578231292517, 4.974149659863945, 4.978231292517007, 4.9714285714285715, 4.9714285714285715, 4.96734693877551, 4.960544217687075, 4.961904761904762, 4.975510204081632, 4.964625850340136, 4.961904761904762, 4.964625850340136, 4.964625850340136, 4.956462585034013, 4.948299319727891, 4.929251700680272, 4.963265306122449, 4.9578231292517, 4.921088435374149, 4.9578231292517, 4.956462585034013, 4.961904761904762, 4.9523809523809526, 4.937414965986394, 4.949659863945579, 4.937414965986394, 4.960544217687075, 4.968707482993198, 4.960544217687074, 4.923809523809524, 4.959183673469388, 4.942857142857143, 4.968707482993198, 4.903401360544217, 4.922448979591837, 4.961904761904762, 4.970068027210885, 4.906122448979592, 4.904761904761904, 4.960544217687074, 4.8979591836734695, 4.93061224489796, 4.88843537414966, 4.8979591836734695, 4.931972789115647, 4.892517006802721, 4.940136054421768, 4.956462585034014, 4.963265306122449, 4.94421768707483, 4.9523809523809526, 4.914285714285715, 4.938775510204081, 4.908843537414966, 4.946938775510205, 4.9360544217687075, 4.9537414965986395, 4.946938775510204, 4.9523809523809526, 4.951020408163265, 4.9578231292517, 4.8802721088435375, 4.876190476190477, 4.874829931972789, 4.945578231292517, 4.941496598639456, 4.938775510204082, 4.94421768707483, 4.9346938775510205, 4.9360544217687075, 4.933333333333333, 4.8979591836734695, 4.891156462585034, 4.933333333333334, 4.930612244897959, 4.925170068027211, 4.940136054421768, 4.895238095238095, 4.922448979591836, 4.869387755102041, 4.908843537414966, 4.918367346938775, 4.9156462585034015, 4.870748299319728, 4.853061224489796, 4.930612244897959, 4.861224489795918, 4.906122448979592, 4.907482993197279, 4.8231292517006805, 4.92517006802721, 4.869387755102041, 4.922448979591837, 4.91156462585034, 4.8789115646258505, 4.919727891156462, 4.892517006802722, 4.851700680272109, 4.919727891156462, 4.85578231292517, 4.863945578231292, 4.925170068027211, 4.925170068027211, 4.91156462585034, 4.911564625850341, 4.895238095238095, 4.853061224489796, 4.853061224489796, 4.858503401360544, 4.840816326530613, 4.923809523809524, 4.854421768707483, 4.9170068027210885, 4.922448979591836, 4.910204081632653, 4.912925170068028, 4.919727891156462, 4.925170068027211, 4.922448979591836, 4.908843537414966, 4.885714285714286, 4.83265306122449, 4.832653061224489, 4.820408163265307, 4.828571428571428, 4.88843537414966, 4.911564625850341, 4.8965986394557826, 4.908843537414966, 4.906122448979592, 4.912925170068028, 4.8231292517006805, 4.839455782312926, 4.885714285714285, 4.903401360544217, 4.926530612244898, 4.918367346938775, 4.912925170068028, 4.908843537414966, 4.892517006802721, 4.895238095238095, 4.914285714285715, 4.906122448979592, 4.877551020408163, 4.866666666666667, 4.88843537414966, 4.891156462585034, 4.877551020408163, 4.844897959183673, 4.8244897959183675, 4.814965986394558, 4.795918367346939, 4.851700680272109, 4.812244897959184, 4.798639455782313, 4.843537414965986, 4.857142857142858, 4.851700680272109, 4.808163265306122, 4.834013605442177, 4.812244897959184, 4.902040816326531, 4.795918367346939, 4.817687074829932, 4.827210884353741, 4.809523809523809, 4.813605442176871, 4.834013605442177, 4.77687074829932, 4.793197278911565, 4.8244897959183675, 4.81360544217687, 4.810884353741496, 4.7877551020408164, 4.77687074829932, 4.770068027210884, 4.82312925170068, 4.8244897959183675, 4.797278911564626, 4.798639455782313, 4.8, 4.77687074829932, 4.783673469387755, 4.7687074829931975, 4.722448979591837, 4.793197278911565, 4.730612244897959, 4.8054421768707485, 4.761904761904762, 4.733333333333333, 4.723809523809524, 4.775510204081633, 4.764625850340136, 4.757823129251701, 4.763265306122449, 4.741496598639456, 4.727891156462586, 4.7863945578231295, 4.733333333333333, 4.695238095238095, 4.703401360544218, 4.700680272108843, 4.689795918367347, 4.685714285714286, 4.676190476190476, 4.6938775510204085, 4.685714285714286, 4.684353741496599, 4.680272108843537, 4.68843537414966, 4.67891156462585, 4.677551020408163, 4.704761904761905, 4.696598639455782, 4.640816326530612, 4.668027210884354, 4.648979591836735, 4.6367346938775515, 4.654421768707483, 4.654421768707483, 4.661224489795918, 4.610884353741497, 4.6204081632653065, 4.625850340136054, 4.598639455782313, 4.640816326530612, 4.625850340136054, 4.608163265306123, 4.606802721088435, 4.593197278911565, 4.610884353741497, 4.587755102040816, 4.572789115646258, 4.595918367346939, 4.687074829931973, 4.681632653061224, 4.658503401360544, 4.685714285714286, 4.602721088435374, 4.6204081632653065, 4.692517006802721, 4.651700680272109, 4.648979591836735, 4.587755102040816, 4.59047619047619, 4.589115646258503, 4.597278911564626, 4.601360544217687, 4.644897959183673, 4.642176870748299, 4.6367346938775515, 4.666666666666667, 4.710204081632653, 4.697959183673469, 4.710204081632653, 4.648979591836734, 4.672108843537415, 4.654421768707483, 4.639455782312925, 4.606802721088435, 4.640816326530612, 4.663945578231292, 4.6204081632653065, 4.593197278911564, 4.610884353741497, 4.644897959183673, 4.647619047619048, 4.6557823129251705, 4.662585034013605, 4.636734693877551, 4.605442176870748, 4.6204081632653065, 4.625850340136054, 4.642176870748299, 4.62312925170068, 4.625850340136054, 4.6013605442176875, 4.555102040816326, 4.553741496598639, 4.533333333333333, 4.515646258503401, 4.5278911564625846, 4.52108843537415, 4.522448979591837, 4.5455782312925175, 4.537414965986395, 4.526530612244898, 4.546938775510204, 4.515646258503401, 4.548299319727891, 4.531972789115646, 4.542857142857143, 4.522448979591837]",0.8154005564775139,0.7930981180198632,5,"[5, 5, 5, 5, 5, 5, 5, 5, 5, 5, 5, 5, 5, 5, 5, 5, 5, 5, 5, 5, 5, 5, 5, 5, 5, 5, 5, 5, 5, 5, 5, 5, 5, 5, 5, 5, 5, 5, 5, 5, 5, 5, 5, 5, 5, 5, 5, 5, 5, 5, 5, 5, 5, 5, 5, 5, 5, 5, 5, 5, 5, 5, 5, 5, 5, 5, 5, 5, 5, 5, 5, 5, 5, 5, 5, 5, 5, 5, 5, 5, 5, 5, 5, 5, 5, 5, 5, 5, 5, 5, 5, 5, 5, 5, 5, 5, 5, 5, 5, 5, 5, 5, 5, 5, 5, 5, 5, 5, 5, 5, 5, 5, 5, 5, 5, 5, 5, 5, 5, 5, 5, 5, 5, 5, 5, 5, 5, 5, 5, 5, 5, 5, 5, 5, 5, 5, 5, 5, 5, 5, 5, 5, 5, 5, 5, 5, 5, 5, 5, 5, 5, 5, 5, 5, 5, 5, 5, 5, 5, 5, 5, 5, 5, 5, 5, 5, 5, 5, 5, 5, 5, 5, 5, 5, 5, 5, 5, 5, 5, 5, 5, 5, 5, 5, 5, 5, 5, 5, 5, 5, 5, 5, 5, 5, 5, 5, 5, 5, 5, 5, 5, 5, 5, 5, 5, 5, 5, 5, 5, 5, 5, 5, 5, 5, 5, 5, 5, 5, 5, 5, 5, 5, 5, 5, 5, 5, 5, 5, 5, 5, 5, 5, 5, 5, 5, 5, 5, 5, 5, 5, 5, 5, 5, 5, 5, 5, 5, 5, 5, 5, 5, 5, 5, 5, 5, 5, 5, 5, 5, 5, 5, 5, 5, 5, 5, 5, 5, 5, 5, 5, 5, 5, 5, 5, 5, 5, 5, 5, 5, 5, 5, 5, 5, 5, 5, 5, 5, 5, 5, 5, 5, 5, 5, 5, 5, 5, 5, 5, 5, 5, 5, 5, 5, 5, 5, 5, 5, 5, 5, 5, 5, 5, 5, 5, 5, 5, 5, 5, 5, 5, 5, 5, 5, 5, 5, 5, 5, 5, 5, 5, 5, 5, 5, 5, 5, 5, 5, 5, 5, 5, 5, 5, 5, 5, 5, 5, 5, 5, 5, 5, 5, 5, 5, 5, 5, 5, 5, 5, 5, 5, 5, 5, 5, 5, 5, 5, 5, 5, 5, 5, 5, 5, 5, 5, 5, 5, 5, 5, 5, 5, 5, 5, 5, 5, 5, 5, 5, 5, 5, 5, 5, 5, 5, 5, 5, 5, 5, 5, 5, 5, 5, 5, 5, 5, 5, 5, 5, 5, 5, 5, 5, 5, 5, 5, 5, 5, 5, 5, 5, 5, 5, 5, 5, 5, 5, 5, 5, 5, 5, 5, 5, 5, 5, 5, 5]",435,"[0.40740472078323364, 0.643235981464386, 0.5968567132949829, 0.6185137629508972, 0.7331335544586182, 0.51787269115448, 0.33219802379608154, 0.4219328761100769, 0.3845764994621277, 0.45694172382354736, 0.3951244354248047, 0.7605655789375305, 0.3527371287345886, 0.366018682718277, 0.4497990906238556, 0.5903013944625854, 1.8269189596176147, 0.3895101249217987, 0.6335731744766235, 0.3491278886795044, 0.38339290022850037, 0.408001184463501, 0.47647735476493835, 0.42534351348876953, 0.39928263425827026, 0.6316776871681213, 0.891867458820343, 0.6096194982528687, 0.4278608560562134, 0.47475624084472656, 0.5897964835166931, 0.451985239982605, 1.1987708806991577, 0.46419039368629456, 1.11091947555542, 0.37249186635017395, 1.222856044769287, 0.390255331993103, 0.6408582925796509, 0.4135938882827759, 0.3375617265701294, 0.3516625165939331, 0.36197030544281006, 0.4875251054763794, 0.4066094160079956, 1.4431936740875244, 0.4699290096759796, 0.8793895244598389, 1.3582746982574463, 0.4109267294406891, 0.5372806191444397, 0.6666633486747742, 0.43322888016700745, 0.3860669732093811, 0.3789616525173187, 0.6857906579971313, 0.32477012276649475, 0.6302139759063721, 0.3462090790271759, 0.36547377705574036, 0.6092286109924316, 0.3505682349205017, 0.34450915455818176, 0.36655792593955994, 0.3492039740085602, 0.38945242762565613, 0.47490987181663513, 0.490851491689682, 0.4028629660606384, 0.7718124985694885, 0.49393609166145325, 0.3434475064277649, 0.5341362953186035, 0.40742579102516174, 0.468184232711792, 1.1108105182647705, 0.4175831973552704, 0.39811062812805176, 0.46294674277305603, 0.4444516897201538, 0.3369205892086029, 0.3880951404571533, 0.42350316047668457, 0.391196608543396, 0.35369205474853516, 0.49508917331695557, 0.3729272484779358, 0.4101533889770508, 0.39838969707489014, 0.41330647468566895, 0.4100108742713928, 0.4792030453681946, 0.7984853386878967, 0.35709095001220703, 0.5955715775489807, 0.33032897114753723, 0.4372001886367798, 0.527391254901886, 0.6723390817642212, 0.403430700302124, 0.4019995927810669, 0.8544682264328003, 0.4454538822174072, 0.3678475618362427, 0.32636359333992004, 0.3685581684112549, 0.3780597448348999, 0.32617151737213135, 0.5777660012245178, 0.8598856925964355, 0.4419301152229309, 0.5977585315704346, 0.33055949211120605, 0.34976741671562195, 0.3494616746902466, 0.6757618188858032, 0.4673852026462555, 0.3430347442626953, 0.5349370837211609, 0.37874874472618103, 0.3706766366958618, 0.417305588722229, 0.46026626229286194, 0.3765947222709656, 0.3654859960079193, 0.4415266811847687, 0.35790494084358215, 0.332973450422287, 0.39546704292297363, 0.3991446793079376, 0.5917249917984009, 0.36341774463653564, 0.4744010269641876, 0.680948793888092, 0.52555912733078, 0.46038883924484253, 0.6089932918548584, 0.3299025297164917, 0.5360862016677856, 1.001358151435852, 0.3641771376132965, 0.735434353351593, 0.3838663101196289, 0.36540526151657104, 0.40705549716949463, 0.39508816599845886, 0.8512423038482666, 0.32838621735572815, 0.41271302103996277, 0.35840699076652527, 1.597310185432434, 0.3515341281890869, 0.6903530359268188, 0.3697628378868103, 0.38204842805862427, 0.4582132399082184, 0.40069666504859924, 0.41761860251426697, 0.3782416582107544, 0.3378423750400543, 0.5340743064880371, 0.48674628138542175, 0.3652757406234741, 0.3522791266441345, 0.6501671671867371, 0.5198960304260254, 0.3540005385875702, 0.36883294582366943, 0.45454350113868713, 0.6748381853103638, 1.999269723892212, 0.3719731271266937, 0.6401492357254028, 0.5857141613960266, 0.3739369511604309, 0.34025493264198303, 0.3606751561164856, 0.3837355673313141, 0.41189953684806824, 0.3680405914783478, 0.39299476146698, 0.4791291058063507, 0.3783155083656311, 1.8921242952346802, 0.37710297107696533, 0.35037821531295776, 2.5354666709899902, 0.6919973492622375, 0.3547733426094055, 0.42440691590309143, 0.4089851677417755, 0.924675703048706, 0.35930413007736206, 0.361616849899292, 0.49536988139152527, 0.3326515853404999, 0.7139895558357239, 0.6238894462585449, 0.3910793662071228, 0.3356141746044159, 0.7883625030517578, 0.5690366625785828, 0.462337464094162, 0.34948304295539856, 0.3812006115913391, 1.3548965454101562, 0.4864107072353363, 0.4312737286090851, 0.3574810326099396, 0.5418480634689331, 0.35039058327674866, 0.4081977605819702, 0.4326154291629791, 0.5448200106620789, 0.4911819398403168, 0.3409120440483093, 0.37034130096435547, 1.6390395164489746, 0.5799664855003357, 0.3780566453933716, 0.4408401846885681, 1.1775587797164917, 0.35146549344062805, 0.3710082769393921, 0.5318665504455566, 0.5932711362838745, 0.6727932691574097, 0.34577998518943787, 0.36074525117874146, 0.785510241985321, 0.6380780935287476, 0.4107067883014679, 0.4412257671356201, 0.35660961270332336, 0.4007369577884674, 0.6482223272323608, 0.5218923091888428, 0.6609670519828796, 0.35692524909973145, 0.36837416887283325, 0.4595656096935272, 1.5226995944976807, 0.3371695578098297, 0.5081679224967957, 0.5217383503913879, 0.42936745285987854, 0.4083543121814728, 0.4476151764392853, 0.34958890080451965, 0.3850209414958954, 0.455256849527359, 0.3487921953201294, 1.0941569805145264, 0.3262578547000885, 0.6658719778060913, 0.5363278388977051, 0.33514195680618286, 0.36279037594795227, 0.38008418679237366, 0.5788792967796326, 0.39098861813545227, 0.373052179813385, 0.5978626012802124, 0.8804975748062134, 0.5320597887039185, 0.7204654812812805, 0.575722336769104, 0.7673972249031067, 0.4411473572254181, 0.9583427906036377, 0.6105374693870544, 0.9809777140617371, 0.41154298186302185, 0.40656986832618713, 0.3633369505405426, 0.3732531666755676, 0.5389060378074646, 0.49412307143211365, 0.8641173839569092, 0.3543201684951782, 0.4388214945793152, 0.3595142364501953, 0.5508070588111877, 0.5779171586036682, 0.5984410047531128, 0.4233992099761963, 0.3782232701778412, 0.5926219820976257, 0.4898799955844879, 0.34478524327278137, 0.5398755073547363, 0.3832355737686157, 0.3788958489894867, 0.47979536652565, 0.3814598321914673, 0.3282686173915863, 0.7191134691238403, 0.5409839153289795, 1.410639762878418, 0.8616352081298828, 0.5477477312088013, 0.3440461754798889, 0.37926730513572693, 0.6393234133720398, 0.36262089014053345, 0.6115286350250244, 0.8981163501739502, 1.008853793144226, 0.8514710068702698, 0.8752409219741821, 0.4042101204395294, 0.40094131231307983, 0.39861980080604553, 0.3386005461215973, 0.5614803433418274, 0.6069970726966858, 0.4642695188522339, 0.3552576005458832, 0.5250430107116699, 0.3310857117176056, 0.33972853422164917, 0.5058367252349854, 0.6299088001251221, 0.368190735578537, 0.5143915414810181, 0.35480910539627075, 0.5014236569404602, 0.5240195393562317, 0.37333422899246216, 0.4319899380207062, 0.4502330720424652, 0.3550041913986206, 0.3715275824069977, 0.4662565588951111, 0.3511165678501129, 0.8218684196472168, 0.35518357157707214, 0.43939322233200073, 0.45288413763046265, 0.5282938480377197, 0.35203734040260315, 0.44012781977653503, 0.37838518619537354, 0.516620934009552, 0.4185231328010559, 0.33992359042167664, 0.34863921999931335, 0.7001165747642517, 0.43345147371292114, 0.4509107172489166, 0.4021778404712677, 0.323673814535141, 0.43479371070861816, 0.6995836496353149, 0.4134264886379242, 0.37418776750564575, 0.3446044623851776, 0.41837313771247864, 1.2649919986724854, 0.39754074811935425, 0.5823686122894287, 0.35834187269210815, 0.6396423578262329, 0.4230189919471741, 0.37879449129104614, 0.36151066422462463, 0.41075828671455383, 0.45633795857429504, 0.36485108733177185, 0.32930636405944824, 0.3709457814693451, 0.4219101071357727, 0.798336923122406, 0.3566834628582001, 0.35177239775657654, 0.36191821098327637, 0.4399947226047516, 0.3666652739048004, 1.1688530445098877, 0.5499187707901001, 0.5646598935127258, 0.33422455191612244, 1.103302240371704, 0.9515002369880676, 0.46941646933555603, 1.0440549850463867, 0.8966932892799377, 0.3604910969734192, 0.3662160038948059, 0.4071817100048065, 0.43124786019325256, 0.43500959873199463, 0.41830185055732727, 0.6253138780593872, 0.3773139715194702, 0.5145977139472961, 0.3562310039997101, 0.43594473600387573, 0.353882372379303, 1.022757649421692, 0.5619633197784424, 0.40370604395866394, 0.5208099484443665, 0.5917465090751648, 0.9938507676124573, 0.35835880041122437, 0.4224374294281006, 0.44100430607795715, 1.2637171745300293, 0.3870615065097809, 0.7059400081634521, 0.5491944551467896, 0.39967894554138184, 0.6014244556427002, 0.37501925230026245, 0.3414974510669708, 0.5326041579246521, 0.7757729291915894, 0.38832327723503113, 0.3991016149520874, 0.3936975598335266, 0.4248638451099396, 0.46473512053489685, 0.42664873600006104, 0.3695944845676422, 1.7157891988754272, 0.37059399485588074, 0.46204787492752075, 0.3467749357223511, 0.6412426829338074, 0.3286922872066498, 0.4244256317615509, 0.8100619316101074, 0.40669146180152893, 0.42339733242988586]",5.0,"[5.0, 5.0, 5.0, 5.0, 5.0, 5.0, 5.0, 5.0, 5.0, 5.0, 5.0, 5.0, 5.0, 5.0, 5.0, 5.0, 5.0, 5.0, 5.0, 5.0, 5.0, 5.0, 5.0, 5.0, 5.0, 5.0, 5.0, 5.0, 5.0, 5.0, 5.0, 5.0, 5.0, 5.0, 5.0, 5.0, 5.0, 5.0, 5.0, 5.0, 5.0, 5.0, 5.0, 5.0, 5.0, 5.0, 5.0, 5.0, 5.0, 5.0, 5.0, 5.0, 5.0, 5.0, 5.0, 5.0, 5.0, 5.0, 5.0, 5.0, 5.0, 5.0, 5.0, 5.0, 5.0, 5.0, 5.0, 5.0, 5.0, 5.0, 5.0, 5.0, 5.0, 5.0, 5.0, 5.0, 5.0, 5.0, 5.0, 5.0, 5.0, 5.0, 5.0, 5.0, 5.0, 5.0, 5.0, 5.0, 5.0, 5.0, 5.0, 5.0, 5.0, 5.0, 5.0, 5.0, 5.0, 5.0, 5.0, 5.0, 5.0, 5.0, 5.0, 5.0, 5.0, 5.0, 5.0, 5.0, 5.0, 5.0, 5.0, 5.0, 5.0, 5.0, 5.0, 5.0, 5.0, 5.0, 5.0, 5.0, 5.0, 5.0, 5.0, 5.0, 5.0, 5.0, 5.0, 5.0, 5.0, 5.0, 5.0, 5.0, 5.0, 5.0, 5.0, 5.0, 5.0, 5.0, 5.0, 5.0, 5.0, 5.0, 5.0, 5.0, 5.0, 5.0, 5.0, 5.0, 5.0, 5.0, 5.0, 5.0, 5.0, 5.0, 5.0, 5.0, 5.0, 5.0, 5.0, 5.0, 5.0, 5.0, 5.0, 5.0, 5.0, 5.0, 5.0, 5.0, 5.0, 5.0, 5.0, 5.0, 5.0, 5.0, 5.0, 5.0, 5.0, 5.0, 5.0, 5.0, 5.0, 5.0, 5.0, 5.0, 5.0, 5.0, 5.0, 5.0, 5.0, 5.0, 5.0, 5.0, 5.0, 5.0, 5.0, 5.0, 5.0, 5.0, 5.0, 5.0, 5.0, 5.0, 5.0, 5.0, 5.0, 5.0, 5.0, 5.0, 5.0, 5.0, 5.0, 5.0, 5.0, 5.0, 5.0, 5.0, 5.0, 5.0, 5.0, 5.0, 5.0, 5.0, 5.0, 5.0, 5.0, 5.0, 5.0, 5.0, 5.0, 5.0, 5.0, 5.0, 5.0, 5.0, 5.0, 5.0, 5.0, 5.0, 5.0, 5.0, 5.0, 5.0, 5.0, 5.0, 5.0, 5.0, 5.0, 5.0, 5.0, 5.0, 5.0, 5.0, 5.0, 5.0, 5.0, 5.0, 5.0, 5.0, 5.0, 5.0, 5.0, 5.0, 5.0, 5.0, 5.0, 5.0, 5.0, 5.0, 5.0, 5.0, 5.0, 5.0, 5.0, 5.0, 5.0, 5.0, 5.0, 5.0, 5.0, 5.0, 5.0, 5.0, 5.0, 5.0, 5.0, 5.0, 5.0, 5.0, 