,number,value,datetime_start,datetime_complete,duration,params_batch_size_scaler,params_constant_learning_rate,params_depth,params_epochs,params_kernel_l2,params_num_trees,params_temperature,user_attrs_accuracy_test,user_attrs_accuracy_valid,user_attrs_approximate_feature_sparsity,user_attrs_approximate_feature_sparsity_history,user_attrs_approximate_weight_sparsity,user_attrs_approximate_weight_sparsity_history,user_attrs_auc_test,user_attrs_auc_valid,user_attrs_feature_sparsity,user_attrs_feature_sparsity_history,user_attrs_num_epochs,user_attrs_val_loss_history,user_attrs_weight_sparsity,user_attrs_weight_sparsity_history,state
66,66,0.7131300640208165,2024-08-31 03:02:00.116850,2024-08-31 03:06:39.011891,0 days 00:04:38.895041,16,0.014018263469947365,5,440,0.06648925701231037,70,0.024751220304871917,0.871,0.8675,33,"[33, 33, 33, 33, 33, 33, 33, 33, 33, 33, 33, 33, 33, 33, 33, 33, 33, 33, 33, 33, 33, 33, 33, 33, 33, 33, 33, 33, 33, 33, 33, 33, 33, 33, 33, 33, 33, 33, 33, 33, 33, 33, 33, 33, 33, 33, 33, 33, 33, 33, 33, 33, 33, 33, 33, 33, 33, 33, 33, 33, 33, 33, 33, 33, 33, 33, 33, 33, 33, 33, 33, 33, 33, 33, 33, 33, 33, 33, 33, 33, 33, 33, 33, 33, 33, 33, 33, 33, 33, 33, 33, 33, 33, 33, 33, 33, 33, 33, 33, 33, 33, 33, 33, 33, 33, 33, 33, 33, 33, 33, 33, 33, 33, 33, 33, 33, 33, 33, 33, 33, 33, 33, 33, 33, 33, 33, 33, 33, 33, 33, 33, 33, 33, 33, 33, 33, 33, 33, 33, 33, 33, 33, 33, 33, 33, 33, 33, 33, 33, 33, 33, 33, 33, 33, 33, 33, 33, 33, 33, 33, 33, 33, 33, 33, 33, 33, 33, 33, 33, 33, 33, 33, 33, 33, 33, 33, 33, 33, 33, 33, 33, 33, 33, 33, 33, 33, 33, 33, 33, 33, 33, 33, 33, 33, 33, 33, 33, 33, 33, 33, 33, 33, 33, 33, 33, 33, 33, 33, 33, 33, 33, 33, 33, 33, 33, 33, 33, 33, 33, 33, 33, 33, 33, 33, 33, 33, 33, 33, 33, 33, 33, 33, 33, 33, 33, 33, 33, 33, 33, 33, 33, 33, 33, 33, 33, 33, 33, 33, 33, 33, 33, 33, 33, 33, 33, 33, 33, 33, 33, 33, 33, 33, 33, 33, 33, 33, 33, 33, 33, 33, 33, 33, 33, 33, 33, 33, 33, 33, 33, 33, 33, 33, 33, 33, 33, 33, 33, 33, 33, 33, 33, 33, 33, 33, 33, 33, 33, 33, 33, 33, 33, 33, 33, 33, 33, 33, 33, 33, 33, 33, 33, 33, 33, 33, 33, 33, 33, 33, 33, 33, 33, 33, 33, 33, 33, 33, 33, 33, 33, 33, 33, 33, 33, 33, 33, 33, 33, 33, 33, 33, 33, 33, 33, 33, 33, 33, 33, 33, 33, 33, 33, 33, 33, 33, 33, 33, 33, 33, 33, 33, 33, 33, 33, 33, 33, 33, 33, 33, 33, 33, 33, 33, 33, 33, 33, 33, 33, 33, 33, 33, 33, 33, 33, 33, 33, 33, 33, 33, 33, 33, 33, 33, 33, 33, 33, 33, 33, 33, 33, 33, 33, 33, 33, 33, 33, 33, 33, 33, 33, 33, 33, 33, 33, 33, 33, 33, 33, 33, 33, 33, 33, 33, 33, 33, 33, 33, 33, 33, 33, 33, 33, 33, 33, 33, 33, 33, 33, 33, 33, 33]",32.92350230414746,"[32.93087557603687, 32.93594470046083, 32.93594470046083, 32.93271889400921, 32.941474654377885, 32.94193548387097, 32.94101382488479, 32.9410138248848, 32.94562211981567, 32.94516129032258, 32.94239631336406, 32.944700460829495, 32.943778801843315, 32.9442396313364, 32.94147465437788, 32.940552995391705, 32.935483870967744, 32.936866359447, 32.94009216589862, 32.94147465437788, 32.93778801843318, 32.937327188940095, 32.939631336405526, 32.94101382488479, 32.93963133640553, 32.9410138248848, 32.94285714285714, 32.94423963133641, 32.94423963133641, 32.94331797235023, 32.945161290322574, 32.94285714285714, 32.940552995391705, 32.93917050691244, 32.94009216589862, 32.936405529953916, 32.93732718894009, 32.938709677419354, 32.940552995391705, 32.940552995391705, 32.94101382488479, 32.93917050691245, 32.94009216589862, 32.94239631336406, 32.94147465437788, 32.94009216589862, 32.93917050691245, 32.94147465437788, 32.94423963133641, 32.94423963133641, 32.943778801843315, 32.941935483870964, 32.94147465437788, 32.940552995391705, 32.939631336405526, 32.94147465437788, 32.94654377880184, 32.944700460829495, 32.938709677419354, 32.93594470046083, 32.93502304147465, 32.936405529953916, 32.93410138248848, 32.93548387096774, 32.93502304147465, 32.936405529953916, 32.93410138248848, 32.931336405529954, 32.931336405529954, 32.93364055299539, 32.936866359447, 32.93778801843318, 32.939631336405526, 32.93594470046083, 32.93502304147465, 32.93594470046082, 32.936866359447, 32.936405529953916, 32.93502304147465, 32.937327188940095, 32.93271889400921, 32.93087557603686, 32.92995391705069, 32.92995391705069, 32.9294930875576, 32.93087557603687, 32.933179723502306, 32.93410138248848, 32.933179723502306, 32.93225806451613, 32.93225806451613, 32.92995391705069, 32.929953917050696, 32.92995391705069, 32.933179723502306, 32.93502304147466, 32.93271889400921, 32.93502304147466, 32.933179723502306, 32.933179723502306, 32.93271889400921, 32.93502304147465, 32.93502304147465, 32.936405529953916, 32.93594470046083, 32.93778801843318, 32.936405529953916, 32.93502304147465, 32.936405529953916, 32.93732718894009, 32.939631336405526, 32.94239631336406, 32.94331797235023, 32.943778801843315, 32.94377880184332, 32.93917050691244, 32.94101382488479, 32.94009216589861, 32.938709677419354, 32.937788018433174, 32.93594470046083, 32.93548387096774, 32.934562211981564, 32.93087557603686, 32.930414746543775, 32.931336405529954, 32.93364055299539, 32.93548387096774, 32.93502304147465, 32.93502304147465, 32.93087557603687, 32.93041474654378, 32.93271889400922, 32.93364055299539, 32.93133640552995, 32.93364055299539, 32.93179723502304, 32.930414746543775, 32.932258064516134, 32.9294930875576, 32.93041474654378, 32.9294930875576, 32.93271889400922, 32.93179723502304, 32.93179723502304, 32.936405529953916, 32.937327188940095, 32.93732718894009, 32.936405529953916, 32.936866359447, 32.938709677419354, 32.93917050691244, 32.940552995391705, 32.93917050691245, 32.940552995391705, 32.93917050691244, 32.93778801843318, 32.940552995391705, 32.940552995391705, 32.94193548387097, 32.941474654377885, 32.940552995391705, 32.94193548387097, 32.940552995391705, 32.94009216589862, 32.94101382488479, 32.93917050691244, 32.93824884792627, 32.93778801843318, 32.93824884792627, 32.93594470046083, 32.934562211981564, 32.936405529953916, 32.936866359447, 32.93963133640553, 32.93778801843318, 32.93778801843318, 32.93963133640553, 32.938709677419354, 32.936405529953916, 32.934562211981564, 32.93502304147465, 32.936405529953916, 32.938709677419354, 32.937788018433174, 32.940552995391705, 32.938709677419354, 32.93917050691244, 32.936405529953916, 32.934562211981564, 32.933179723502306, 32.93364055299539, 32.93364055299539, 32.927188940092165, 32.92534562211981, 32.92672811059908, 32.92811059907834, 32.930414746543775, 32.92995391705069, 32.93087557603686, 32.93087557603686, 32.92995391705069, 32.93087557603686, 32.93179723502304, 32.930414746543775, 32.93364055299539, 32.93410138248848, 32.936405529953916, 32.936405529953916, 32.936405529953916, 32.937788018433174, 32.93594470046082, 32.934562211981564, 32.93364055299539, 32.935483870967744, 32.936866359447, 32.934562211981564, 32.93502304147465, 32.936405529953916, 32.93502304147466, 32.933179723502306, 32.93364055299539, 32.93502304147466, 32.934562211981564, 32.93502304147465, 32.93502304147466, 32.93502304147466, 32.93502304147466, 32.93410138248848, 32.934562211981564, 32.93410138248848, 32.933179723502306, 32.93225806451613, 32.93179723502304, 32.93364055299539, 32.932258064516134, 32.93087557603687, 32.933179723502306, 32.93225806451613, 32.931336405529954, 32.93271889400922, 32.93410138248848, 32.93364055299539, 32.93179723502304, 32.933179723502306, 32.9331797235023, 32.93179723502304, 32.92903225806451, 32.93087557603686, 32.93179723502304, 32.92995391705069, 32.92811059907834, 32.92903225806452, 32.92995391705069, 32.930414746543775, 32.92995391705069, 32.93087557603687, 32.93179723502304, 32.930414746543775, 32.93225806451613, 32.93364055299539, 32.93410138248848, 32.93225806451613, 32.930414746543775, 32.92995391705069, 32.92995391705069, 32.92995391705069, 32.92903225806452, 32.92857142857142, 32.928110599078344, 32.92764976958525, 32.927188940092165, 32.92811059907834, 32.927188940092165, 32.927188940092165, 32.92857142857143, 32.92857142857143, 32.92903225806452, 32.92903225806452, 32.93041474654378, 32.92764976958526, 32.928110599078344, 32.92764976958525, 32.92488479262673, 32.923963133640555, 32.92488479262673, 32.927188940092165, 32.927188940092165, 32.92626728110599, 32.92534562211981, 32.92534562211981, 32.928110599078344, 32.92672811059908, 32.92488479262673, 32.92580645161291, 32.923963133640555, 32.92258064516129, 32.92027649769585, 32.922119815668204, 32.921198156682024, 32.92027649769585, 32.919815668202766, 32.92165898617512, 32.922119815668204, 32.92119815668203, 32.92073732718894, 32.92396313364055, 32.92165898617512, 32.923041474654376, 32.922119815668204, 32.922119815668204, 32.92488479262673, 32.92442396313364, 32.92672811059908, 32.928110599078344, 32.92672811059908, 32.927188940092165, 32.927188940092165, 32.92903225806452, 32.928110599078344, 32.92764976958526, 32.93087557603687, 32.93041474654378, 32.93087557603687, 32.9294930875576, 32.928110599078344, 32.92995391705069, 32.92903225806452, 32.93087557603686, 32.93179723502304, 32.92903225806452, 32.92811059907834, 32.92672811059908, 32.927188940092165, 32.9258064516129, 32.92488479262673, 32.92534562211981, 32.92672811059907, 32.92488479262673, 32.9258064516129, 32.92534562211981, 32.92534562211981, 32.92258064516129, 32.92165898617511, 32.92258064516129, 32.92488479262673, 32.92534562211982, 32.9294930875576, 32.929953917050696, 32.928110599078344, 32.92764976958525, 32.9294930875576, 32.92995391705069, 32.930414746543775, 32.931336405529954, 32.92995391705069, 32.93225806451613, 32.93271889400921, 32.93225806451613, 32.93225806451613, 32.93271889400921, 32.9331797235023, 32.9331797235023, 32.931336405529954, 32.931336405529954, 32.93179723502304, 32.931336405529954, 32.93087557603687, 32.930414746543775, 32.930414746543775, 32.931336405529954, 32.93087557603686, 32.92995391705069, 32.928110599078344, 32.927188940092165, 32.92811059907834, 32.92995391705069, 32.930414746543775, 32.93087557603686, 32.93271889400921, 32.931336405529954, 32.93179723502304, 32.93087557603686, 32.93087557603686, 32.92995391705069, 32.92995391705069, 32.92857142857143, 32.92534562211981, 32.92626728110599, 32.92672811059908, 32.928110599078344, 32.931336405529954, 32.93087557603687, 32.93225806451613, 32.93502304147466, 32.93271889400921, 32.93179723502304, 32.93225806451613, 32.931336405529954, 32.93271889400921, 32.93225806451613, 32.933179723502306, 32.93179723502304, 32.93271889400921, 32.93225806451613, 32.9294930875576, 32.92995391705069, 32.930414746543775, 32.92811059907834, 32.928110599078344, 32.927188940092165, 32.927188940092165, 32.92903225806452, 32.92857142857142, 32.927188940092165, 32.927188940092165, 32.92764976958525, 32.9294930875576, 32.92811059907834, 32.9258064516129, 32.927188940092165, 32.92534562211981, 32.92672811059908, 32.926267281105986, 32.9258064516129, 32.92672811059908, 32.92764976958525, 32.927188940092165, 32.926267281105986, 32.92488479262673, 32.927188940092165, 32.92764976958525, 32.927188940092165, 32.9258064516129, 32.92442396313364, 32.92442396313364, 32.923963133640555, 32.92350230414746, 32.92488479262673, 32.92350230414746]",0.7488833296179791,0.7131300640208165,33,"[33, 33, 33, 33, 33, 33, 33, 33, 33, 33, 33, 33, 33, 33, 33, 33, 33, 33, 33, 33, 33, 33, 33, 33, 33, 33, 33, 33, 33, 33, 33, 33, 33, 33, 33, 33, 33, 33, 33, 33, 33, 33, 33, 33, 33, 33, 33, 33, 33, 33, 33, 33, 33, 33, 33, 33, 33, 33, 33, 33, 33, 33, 33, 33, 33, 33, 33, 33, 33, 33, 33, 33, 33, 33, 33, 33, 33, 33, 33, 33, 33, 33, 33, 33, 33, 33, 33, 33, 33, 33, 33, 33, 33, 33, 33, 33, 33, 33, 33, 33, 33, 33, 33, 33, 33, 33, 33, 33, 33, 33, 33, 33, 33, 33, 33, 33, 33, 33, 33, 33, 33, 33, 33, 33, 33, 33, 33, 33, 33, 33, 33, 33, 33, 33, 33, 33, 33, 33, 33, 33, 33, 33, 33, 33, 33, 33, 33, 33, 33, 33, 33, 33, 33, 33, 33, 33, 33, 33, 33, 33, 33, 33, 33, 33, 33, 33, 33, 33, 33, 33, 33, 33, 33, 33, 33, 33, 33, 33, 33, 33, 33, 33, 33, 33, 33, 33, 33, 33, 33, 33, 33, 33, 33, 33, 33, 33, 33, 33, 33, 33, 33, 33, 33, 33, 33, 33, 33, 33, 33, 33, 33, 33, 33, 33, 33, 33, 33, 33, 33, 33, 33, 33, 33, 33, 33, 33, 33, 33, 33, 33, 33, 33, 33, 33, 33, 33, 33, 33, 33, 33, 33, 33, 33, 33, 33, 33, 33, 33, 33, 33, 33, 33, 33, 33, 33, 33, 33, 33, 33, 33, 33, 33, 33, 33, 33, 33, 33, 33, 33, 33, 33, 33, 33, 33, 33, 33, 33, 33, 33, 33, 33, 33, 33, 33, 33, 33, 33, 33, 33, 33, 33, 33, 33, 33, 33, 33, 33, 33, 33, 33, 33, 33, 33, 33, 33, 33, 33, 33, 33, 33, 33, 33, 33, 33, 33, 33, 33, 33, 33, 33, 33, 33, 33, 33, 33, 33, 33, 33, 33, 33, 33, 33, 33, 33, 33, 33, 33, 33, 33, 33, 33, 33, 33, 33, 33, 33, 33, 33, 33, 33, 33, 33, 33, 33, 33, 33, 33, 33, 33, 33, 33, 33, 33, 33, 33, 33, 33, 33, 33, 33, 33, 33, 33, 33, 33, 33, 33, 33, 33, 33, 33, 33, 33, 33, 33, 33, 33, 33, 33, 33, 33, 33, 33, 33, 33, 33, 33, 33, 33, 33, 33, 33, 33, 33, 33, 33, 33, 33, 33, 33, 33, 33, 33, 33, 33, 33, 33, 33, 33, 33, 33, 33, 33, 33, 33, 33, 33, 33, 33, 33, 33, 33, 33, 33, 33, 33, 33, 33, 33, 33]",440,"[0.48111018538475037, 0.46038681268692017, 0.4455532431602478, 0.4348163902759552, 0.4270702004432678, 0.421260803937912, 0.41684332489967346, 0.41339311003685, 0.4107005000114441, 0.4086403548717499, 0.4068647027015686, 0.4054807424545288, 0.40428197383880615, 0.40331557393074036, 0.40246379375457764, 0.40171968936920166, 0.4010947048664093, 0.40053340792655945, 0.40002745389938354, 0.3995680510997772, 0.3991323709487915, 0.39872077107429504, 0.39834457635879517, 0.3979794681072235, 0.3976239860057831, 0.3973046541213989, 0.39699065685272217, 0.39667949080467224, 0.396370530128479, 0.39606884121894836, 0.3957793116569519, 0.39549171924591064, 0.39520904421806335, 0.3949311077594757, 0.3946712017059326, 0.39440807700157166, 0.39415520429611206, 0.3938896059989929, 0.3936341404914856, 0.39338332414627075, 0.39313438534736633, 0.3928897976875305, 0.39264824986457825, 0.39241623878479004, 0.39218294620513916, 0.3919484317302704, 0.3917240500450134, 0.39149710536003113, 0.3912723660469055, 0.3910496234893799, 0.3908279836177826, 0.3906154930591583, 0.39040616154670715, 0.3901948928833008, 0.3899795114994049, 0.3897763192653656, 0.3895839750766754, 0.38938888907432556, 0.3891834616661072, 0.38898906111717224, 0.38879382610321045, 0.38859009742736816, 0.3884010314941406, 0.388209730386734, 0.3880246877670288, 0.3878329396247864, 0.3876495659351349, 0.38746532797813416, 0.38728949427604675, 0.3871057629585266, 0.3869369924068451, 0.3867534399032593, 0.38657546043395996, 0.38640540838241577, 0.3862466514110565, 0.3860735595226288, 0.3859022557735443, 0.3857358694076538, 0.3855813145637512, 0.3854154944419861, 0.3852578401565552, 0.3850972652435303, 0.38493773341178894, 0.38478168845176697, 0.38463127613067627, 0.3844791352748871, 0.3843250274658203, 0.38417449593544006, 0.38403260707855225, 0.3838852047920227, 0.38374829292297363, 0.3836035430431366, 0.3834587037563324, 0.3833185136318207, 0.38317984342575073, 0.38303497433662415, 0.38290560245513916, 0.3827683925628662, 0.3826378285884857, 0.38250732421875, 0.3823762834072113, 0.3822556734085083, 0.3821301758289337, 0.381997287273407, 0.38186341524124146, 0.3817406892776489, 0.38161522150039673, 0.38149356842041016, 0.38137394189834595, 0.3812573254108429, 0.38114044070243835, 0.3810180723667145, 0.38090628385543823, 0.3807915151119232, 0.3806713819503784, 0.3805501461029053, 0.3804372549057007, 0.3803289830684662, 0.3802160918712616, 0.3801068961620331, 0.3799956440925598, 0.379887193441391, 0.37977465987205505, 0.37967002391815186, 0.3795713782310486, 0.3794656991958618, 0.379353791475296, 0.3792482018470764, 0.37914618849754333, 0.3790443539619446, 0.3789536952972412, 0.37885308265686035, 0.378754585981369, 0.37865573167800903, 0.3785512149333954, 0.3784548044204712, 0.37835928797721863, 0.37826088070869446, 0.37815961241722107, 0.37806519865989685, 0.3779745101928711, 0.37788504362106323, 0.3777928948402405, 0.3776983916759491, 0.3776036202907562, 0.3775183856487274, 0.3774296045303345, 0.3773428797721863, 0.37724581360816956, 0.3771616220474243, 0.37707823514938354, 0.3769920766353607, 0.37690314650535583, 0.37681588530540466, 0.3767344355583191, 0.37665480375289917, 0.37657883763313293, 0.3765026926994324, 0.3764134645462036, 0.3763284981250763, 0.37624990940093994, 0.3761734664440155, 0.37608733773231506, 0.3760167956352234, 0.37593314051628113, 0.37585940957069397, 0.3757777512073517, 0.375700980424881, 0.3756203055381775, 0.375548392534256, 0.3754618763923645, 0.37539350986480713, 0.37531280517578125, 0.375243604183197, 0.3751688301563263, 0.37509191036224365, 0.3750309348106384, 0.37495705485343933, 0.37489205598831177, 0.37482956051826477, 0.3747633695602417, 0.37469732761383057, 0.37463241815567017, 0.3745530843734741, 0.3744814693927765, 0.3744088411331177, 0.3743380010128021, 0.37426918745040894, 0.37420204281806946, 0.3741244375705719, 0.3740508258342743, 0.37397655844688416, 0.3739047944545746, 0.3738308250904083, 0.37376564741134644, 0.37369805574417114, 0.37363511323928833, 0.3735734820365906, 0.37350785732269287, 0.37344253063201904, 0.37337565422058105, 0.3733150064945221, 0.3732520341873169, 0.3731928765773773, 0.3731229305267334, 0.37306100130081177, 0.3729988932609558, 0.37293025851249695, 0.37286195158958435, 0.37279418110847473, 0.3727336525917053, 0.3726678490638733, 0.37261122465133667, 0.37254977226257324, 0.37249016761779785, 0.3724280297756195, 0.37236306071281433, 0.37230420112609863, 0.3722435235977173, 0.3721812963485718, 0.372125506401062, 0.37205493450164795, 0.37199825048446655, 0.3719501495361328, 0.3718903064727783, 0.371825635433197, 0.3717692196369171, 0.37171217799186707, 0.37165072560310364, 0.37160101532936096, 0.37153512239456177, 0.3714829683303833, 0.37142157554626465, 0.37136635184288025, 0.37131133675575256, 0.37126418948173523, 0.3712120056152344, 0.37116777896881104, 0.3711082339286804, 0.3710487484931946, 0.3709809184074402, 0.3709193468093872, 0.37086161971092224, 0.37081122398376465, 0.37074679136276245, 0.37070000171661377, 0.3706400394439697, 0.3705865740776062, 0.370525598526001, 0.37047383189201355, 0.37041476368904114, 0.37035807967185974, 0.3703101873397827, 0.37025997042655945, 0.37021365761756897, 0.37016335129737854, 0.37011510133743286, 0.3700563311576843, 0.3700082004070282, 0.36995020508766174, 0.3698972761631012, 0.36983704566955566, 0.36978814005851746, 0.3697385787963867, 0.36968159675598145, 0.3696304261684418, 0.3695714473724365, 0.3695138692855835, 0.3694651126861572, 0.3694128394126892, 0.36934563517570496, 0.36931124329566956, 0.3692563772201538, 0.36920806765556335, 0.36916178464889526, 0.36911287903785706, 0.36906108260154724, 0.3690069615840912, 0.36895760893821716, 0.3689076900482178, 0.36885398626327515, 0.3687981069087982, 0.36874741315841675, 0.36870285868644714, 0.3686552941799164, 0.3685978651046753, 0.3685583770275116, 0.36850884556770325, 0.3684620261192322, 0.36841335892677307, 0.36837098002433777, 0.3683079779148102, 0.36825960874557495, 0.36822232604026794, 0.3681829869747162, 0.3681255578994751, 0.36807236075401306, 0.3680161237716675, 0.36796391010284424, 0.3679195046424866, 0.36788222193717957, 0.36782580614089966, 0.3677781820297241, 0.36774104833602905, 0.3676965832710266, 0.3676470220088959, 0.3675904870033264, 0.3675481081008911, 0.36749759316444397, 0.36744698882102966, 0.3674035370349884, 0.36735549569129944, 0.367304265499115, 0.36726075410842896, 0.3672124147415161, 0.3671654462814331, 0.3671269118785858, 0.3670881390571594, 0.3670455813407898, 0.3670008182525635, 0.36695533990859985, 0.36691075563430786, 0.3668641149997711, 0.3668176233768463, 0.36677414178848267, 0.36673110723495483, 0.3666916787624359, 0.36664894223213196, 0.3666115999221802, 0.3665647506713867, 0.36651772260665894, 0.36646568775177, 0.3664182722568512, 0.36637017130851746, 0.3663269281387329, 0.3662791848182678, 0.366230309009552, 0.3661859631538391, 0.36614012718200684, 0.3660910427570343, 0.3660499155521393, 0.36600518226623535, 0.3659532964229584, 0.36590057611465454, 0.3658539950847626, 0.3658052086830139, 0.3657662868499756, 0.3657251000404358, 0.36568325757980347, 0.36563822627067566, 0.36558979749679565, 0.3655420243740082, 0.36549556255340576, 0.3654657304286957, 0.3654218018054962, 0.3653821051120758, 0.36533841490745544, 0.36528846621513367, 0.36523550748825073, 0.3651854693889618, 0.36514046788215637, 0.365093469619751, 0.3650470972061157, 0.364999383687973, 0.36496007442474365, 0.364924818277359, 0.36487826704978943, 0.3648326098918915, 0.3647959530353546, 0.3647533655166626, 0.3647174835205078, 0.3646729290485382, 0.3646269738674164, 0.364581823348999, 0.3645397126674652, 0.3644876778125763, 0.36443468928337097, 0.36438047885894775, 0.364334374666214, 0.36427921056747437, 0.3642357587814331, 0.36420154571533203, 0.3641589879989624, 0.36412087082862854, 0.36407676339149475, 0.36402952671051025, 0.36399784684181213, 0.36394912004470825, 0.36389705538749695, 0.3638606369495392, 0.3638140857219696, 0.3637760579586029, 0.36373448371887207, 0.3636901378631592, 0.3636459708213806, 0.36360129714012146, 0.3635522127151489, 0.3635059595108032, 0.3634668290615082, 0.36342480778694153, 0.3633853495121002, 0.3633516728878021, 0.36330389976501465, 0.36326485872268677, 0.36323586106300354, 0.3631950616836548, 0.36316168308258057, 0.36311668157577515, 0.3630772829055786, 0.3630339503288269, 0.36298668384552, 0.36294806003570557, 0.36290261149406433, 0.36286380887031555, 0.36282458901405334, 0.3627835810184479, 0.36273789405822754, 0.362691730260849, 0.3626422882080078, 0.36260825395584106, 0.3625565469264984, 0.36251625418663025, 0.36247652769088745, 0.3624327480792999, 0.36238768696784973, 0.3623383045196533, 0.36229777336120605, 0.36225757002830505, 0.3622211813926697, 0.36217740178108215, 0.36214232444763184, 0.3620983064174652, 0.36206382513046265, 0.3620215356349945, 0.3619782328605652, 0.36194610595703125, 0.361898273229599, 0.3618634343147278, 0.3618190884590149, 0.36177894473075867]",33.0,"[33.0, 33.0, 33.0, 33.0, 33.0, 33.0, 33.0, 33.0, 33.0, 33.0, 33.0, 33.0, 33.0, 33.0, 33.0, 33.0, 33.0, 33.0, 33.0, 33.0, 33.0, 