,number,value,datetime_start,datetime_complete,duration,params_batch_size_scaler,params_constant_learning_rate,params_depth,params_epochs,params_kernel_l2,params_num_trees,params_temperature,user_attrs_accuracy_test,user_attrs_accuracy_valid,user_attrs_approximate_feature_sparsity,user_attrs_approximate_feature_sparsity_history,user_attrs_approximate_weight_sparsity,user_attrs_approximate_weight_sparsity_history,user_attrs_auc_test,user_attrs_auc_valid,user_attrs_feature_sparsity,user_attrs_feature_sparsity_history,user_attrs_num_epochs,user_attrs_val_loss_history,user_attrs_weight_sparsity,user_attrs_weight_sparsity_history,state
147,147,0.8183457639345106,2024-08-31 06:22:08.956181,2024-08-31 06:22:47.209330,0 days 00:00:38.253149,64,0.17776784085917618,2,420,0.1380537422125464,30,0.0599623572692109,0.874,0.8675,4,"[33, 33, 33, 33, 33, 33, 33, 33, 33, 33, 33, 33, 33, 33, 33, 33, 33, 33, 33, 33, 33, 33, 33, 33, 33, 33, 32, 31, 31, 31, 31, 31, 31, 31, 31, 31, 30, 30, 30, 30, 29, 29, 28, 28, 28, 28, 28, 27, 26, 26, 26, 25, 25, 25, 25, 25, 25, 25, 23, 23, 23, 23, 23, 23, 23, 22, 22, 22, 20, 20, 19, 18, 17, 17, 16, 16, 16, 16, 16, 14, 12, 12, 12, 11, 11, 11, 11, 10, 10, 10, 9, 9, 9, 9, 9, 9, 9, 9, 9, 8, 8, 8, 8, 8, 8, 8, 8, 8, 8, 8, 8, 7, 7, 7, 7, 7, 7, 7, 7, 7, 7, 7, 7, 7, 7, 7, 7, 7, 7, 7, 7, 7, 7, 7, 6, 6, 6, 6, 6, 6, 6, 6, 6, 6, 6, 6, 6, 6, 6, 6, 6, 6, 6, 6, 6, 6, 6, 6, 6, 6, 6, 6, 6, 6, 6, 6, 6, 6, 6, 6, 6, 6, 6, 6, 6, 6, 6, 6, 6, 6, 6, 6, 6, 6, 6, 6, 6, 6, 6, 6, 6, 6, 6, 6, 6, 6, 6, 6, 6, 6, 6, 6, 6, 6, 6, 6, 6, 6, 6, 6, 6, 6, 6, 5, 5, 5, 5, 5, 5, 5, 5, 5, 5, 5, 5, 5, 5, 5, 5, 5, 5, 5, 5, 5, 5, 5, 5, 4, 4, 4, 4, 4, 4, 4, 4, 4, 4, 4, 4, 4, 4, 4, 4, 4, 4, 4, 4, 4, 4, 4, 4, 4, 4, 4, 4, 4, 4, 4, 4, 4, 4, 4, 4, 4, 4, 4, 4, 4, 4, 4, 4, 4, 4, 4, 4, 4, 4, 4, 4, 4, 4, 4, 4, 4, 4, 4, 4, 4, 4, 4, 4, 4, 4, 4, 4, 4, 4, 4, 4, 4, 4, 4, 4, 4, 4, 4, 4, 4, 4, 4, 4, 4, 4, 4, 4, 4, 4, 4, 4, 4, 4, 4, 4, 4, 4, 4, 4, 4, 4, 4, 4, 4, 4, 4, 4, 4, 4, 4, 4, 4, 4, 4, 4, 4, 4, 4, 4, 4, 4, 4, 4, 4, 4, 4, 4, 4, 4, 4, 4, 4, 4, 4, 4, 4, 4, 4, 4, 4, 4, 4, 4, 4, 4, 4, 4, 4, 4, 4, 4, 4, 4, 4, 4, 4, 4, 4, 4, 4, 4, 4, 4, 4, 4, 4, 4, 4, 4, 4, 4, 4, 4, 4, 4, 4, 4, 4, 4, 4, 4, 4]",3.988888888888889,"[32.98888888888889, 33.0, 33.0, 32.977777777777774, 33.0, 33.0, 33.0, 33.0, 33.0, 33.0, 33.0, 32.977777777777774, 32.98888888888889, 33.0, 33.0, 32.98888888888889, 33.0, 33.0, 32.98888888888889, 32.98888888888889, 32.98888888888889, 32.977777777777774, 32.96666666666667, 32.98888888888889, 32.977777777777774, 33.0, 31.977777777777778, 30.988888888888887, 30.988888888888887, 30.977777777777778, 31.0, 31.0, 30.988888888888887, 31.0, 30.988888888888887, 30.977777777777778, 30.0, 29.988888888888887, 29.988888888888887, 29.977777777777778, 28.955555555555556, 28.96666666666667, 27.988888888888887, 27.988888888888887, 27.988888888888887, 27.988888888888887, 27.988888888888887, 26.988888888888887, 25.988888888888887, 25.988888888888887, 26.0, 25.0, 25.0, 25.0, 25.0, 24.988888888888887, 24.988888888888887, 25.0, 22.988888888888887, 22.988888888888887, 22.988888888888887, 23.0, 23.0, 22.988888888888887, 22.988888888888887, 22.0, 21.988888888888887, 21.988888888888887, 20.0, 19.988888888888887, 18.988888888888887, 17.988888888888887, 16.988888888888887, 17.0, 15.988888888888889, 16.0, 16.0, 15.977777777777778, 15.977777777777778, 13.988888888888889, 12.0, 11.988888888888889, 12.0, 10.988888888888889, 10.988888888888889, 10.988888888888889, 11.0, 9.988888888888889, 9.988888888888889, 10.0, 9.0, 9.0, 9.0, 9.0, 9.0, 9.0, 9.0, 8.977777777777778, 9.0, 8.0, 7.988888888888889, 7.988888888888889, 7.988888888888889, 8.0, 8.0, 7.988888888888889, 7.988888888888889, 8.0, 8.0, 7.988888888888889, 8.0, 6.988888888888889, 7.0, 6.988888888888889, 6.988888888888889, 7.0, 7.0, 7.0, 7.0, 6.988888888888889, 6.988888888888889, 7.0, 7.0, 7.0, 7.0, 7.0, 7.0, 7.0, 7.0, 7.0, 7.0, 7.0, 7.0, 7.0, 6.0, 6.0, 6.0, 6.0, 6.0, 5.988888888888889, 6.0, 6.0, 6.0, 5.988888888888889, 6.0, 6.0, 6.0, 6.0, 6.0, 6.0, 6.0, 5.988888888888889, 6.0, 5.988888888888889, 6.0, 5.988888888888889, 5.988888888888889, 5.988888888888889, 6.0, 6.0, 6.0, 6.0, 6.0, 5.988888888888889, 5.988888888888889, 6.0, 6.0, 5.988888888888889, 6.0, 6.0, 5.988888888888889, 5.988888888888889, 6.0, 6.0, 5.988888888888889, 5.988888888888889, 6.0, 6.0, 6.0, 6.0, 6.0, 6.0, 6.0, 6.0, 6.0, 6.0, 6.0, 5.988888888888889, 5.988888888888889, 5.988888888888889, 6.0, 5.977777777777778, 6.0, 6.0, 6.0, 6.0, 6.0, 6.0, 6.0, 6.0, 6.0, 6.0, 6.0, 6.0, 6.0, 6.0, 6.0, 6.0, 6.0, 6.0, 6.0, 5.988888888888889, 6.0, 5.0, 5.0, 5.0, 5.0, 5.0, 5.0, 5.0, 4.988888888888889, 5.0, 4.977777777777778, 5.0, 4.977777777777778, 4.988888888888889, 5.0, 5.0, 5.0, 5.0, 5.0, 5.0, 5.0, 4.988888888888889, 5.0, 5.0, 5.0, 3.988888888888889, 4.0, 4.0, 4.0, 4.0, 4.0, 4.0, 4.0, 4.0, 4.0, 4.0, 3.988888888888889, 4.0, 3.988888888888889, 3.988888888888889, 4.0, 4.0, 4.0, 4.0, 4.0, 3.988888888888889, 3.988888888888889, 4.0, 4.0, 4.0, 4.0, 4.0, 4.0, 4.0, 3.988888888888889, 4.0, 4.0, 4.0, 4.0, 4.0, 4.0, 4.0, 4.0, 4.0, 4.0, 4.0, 3.988888888888889, 3.988888888888889, 3.977777777777778, 3.988888888888889, 4.0, 4.0, 4.0, 4.0, 4.0, 4.0, 4.0, 4.0, 4.0, 4.0, 4.0, 4.0, 3.988888888888889, 4.0, 4.0, 4.0, 4.0, 3.977777777777778, 3.988888888888889, 3.988888888888889, 3.988888888888889, 3.988888888888889, 3.988888888888889, 3.977777777777778, 3.988888888888889, 3.988888888888889, 3.988888888888889, 3.988888888888889, 3.988888888888889, 3.988888888888889, 3.977777777777778, 3.977777777777778, 3.977777777777778, 3.988888888888889, 3.977777777777778, 3.988888888888889, 3.988888888888889, 3.988888888888889, 4.0, 3.988888888888889, 3.977777777777778, 3.977777777777778, 3.988888888888889, 3.988888888888889, 3.988888888888889, 3.988888888888889, 3.988888888888889, 3.988888888888889, 3.988888888888889, 4.0, 4.0, 4.0, 4.0, 4.0, 4.0, 4.0, 4.0, 4.0, 4.0, 4.0, 4.0, 4.0, 3.988888888888889, 3.988888888888889, 4.0, 4.0, 4.0, 4.0, 4.0, 4.0, 4.0, 4.0, 4.0, 4.0, 4.0, 4.0, 4.0, 4.0, 4.0, 4.0, 3.988888888888889, 3.988888888888889, 4.0, 4.0, 4.0, 4.0, 4.0, 4.0, 3.988888888888889, 4.0, 4.0, 4.0, 4.0, 4.0, 4.0, 4.0, 4.0, 4.0, 4.0, 4.0, 4.0, 4.0, 4.0, 4.0, 3.988888888888889, 4.0, 4.0, 4.0, 4.0, 4.0, 4.0, 4.0, 4.0, 4.0, 4.0, 4.0, 4.0, 4.0, 4.0, 4.0, 4.0, 4.0, 4.0, 4.0, 4.0, 4.0, 4.0, 4.0, 4.0, 4.0, 3.988888888888889, 4.0, 4.0, 4.0, 3.988888888888889, 3.988888888888889, 3.988888888888889, 3.988888888888889]",0.8092537091620637,0.8183457639345106,4,"[33, 33, 33, 33, 33, 33, 33, 33, 33, 33, 33, 33, 33, 33, 33, 33, 33, 33, 33, 33, 33, 33, 33, 33, 33, 33, 32, 31, 31, 31, 31, 31, 31, 31, 31, 31, 30, 30, 30, 30, 29, 29, 28, 28, 28, 28, 28, 27, 26, 26, 26, 25, 25, 25, 25, 25, 25, 25, 23, 23, 23, 23, 23, 23, 23, 22, 22, 22, 20, 20, 19, 18, 17, 17, 16, 16, 16, 16, 16, 14, 12, 12, 12, 11, 11, 11, 11, 10, 10, 10, 9, 9, 9, 9, 9, 9, 9, 9, 9, 8, 8, 8, 8, 8, 8, 8, 8, 8, 8, 8, 8, 7, 7, 7, 7, 7, 7, 7, 7, 7, 7, 7, 7, 7, 7, 7, 7, 7, 7, 7, 7, 7, 7, 7, 6, 6, 6, 6, 6, 6, 6, 6, 6, 6, 6, 6, 6, 6, 6, 6, 6, 6, 6, 6, 6, 6, 6, 6, 6, 6, 6, 6, 6, 6, 6, 6, 6, 6, 6, 6, 6, 6, 6, 6, 6, 6, 6, 6, 6, 6, 6, 6, 6, 6, 6, 6, 6, 6, 6, 6, 6, 6, 6, 6, 6, 6, 6, 6, 6, 6, 6, 6, 6, 6, 6, 6, 6, 6, 6, 6, 6, 6, 6, 5, 5, 5, 5, 5, 5, 5, 5, 5, 5, 5, 5, 5, 5, 5, 5, 5, 5, 5, 5, 5, 5, 5, 5, 4, 4, 4, 4, 4, 4, 4, 4, 4, 4, 4, 4, 4, 4, 4, 4, 4, 4, 4, 4, 4, 4, 4, 4, 4, 4, 4, 4, 4, 4, 4, 4, 4, 4, 4, 4, 4, 4, 4, 4, 4, 4, 4, 4, 4, 4, 4, 4, 4, 4, 4, 4, 4, 4, 4, 4, 4, 4, 4, 4, 4, 4, 4, 4, 4, 4, 4, 4, 4, 4, 4, 4, 4, 4, 4, 4, 4, 4, 4, 4, 4, 4, 4, 4, 4, 4, 4, 4, 4, 4, 4, 4, 4, 4, 4, 4, 4, 4, 4, 4, 4, 4, 4, 4, 4, 4, 4, 4, 4, 4, 4, 4, 4, 4, 4, 4, 4, 4, 4, 4, 4, 4, 4, 4, 4, 4, 4, 4, 4, 4, 4, 4, 4, 4, 4, 4, 4, 4, 4, 4, 4, 4, 4, 4, 4, 4, 4, 4, 4, 4, 4, 4, 4, 4, 4, 4, 4, 4, 4, 4, 4, 4, 4, 4, 4, 4, 4, 4, 4, 4, 4, 4, 4, 4, 4, 4, 4, 4, 4, 4, 4, 4, 4]",420,"[0.48216578364372253, 0.47435179352760315, 0.4714980721473694, 0.4677949845790863, 0.4650881886482239, 0.4623207449913025, 0.4609639048576355, 0.45831072330474854, 0.45668619871139526, 0.45664599537849426, 0.45294997096061707, 0.45063868165016174, 0.4491904377937317, 0.4477756917476654, 0.44689834117889404, 0.44568049907684326, 0.4441438615322113, 0.44296109676361084, 0.44223153591156006, 0.44002944231033325, 0.4403640627861023, 0.4385329484939575, 0.43765145540237427, 0.4376676082611084, 0.43573036789894104, 0.4348050057888031, 0.4323608875274658, 0.42988720536231995, 0.4291490614414215, 0.4288429021835327, 0.4285076856613159, 0.42686617374420166, 0.42646968364715576, 0.42489445209503174, 0.4243568181991577, 0.4232613742351532, 0.42201006412506104, 0.42031097412109375, 0.41975414752960205, 0.4184781312942505, 0.41725653409957886, 0.4176650643348694, 0.4156450629234314, 0.4165269434452057, 0.4156709313392639, 0.41373851895332336, 0.41307419538497925, 0.4090660810470581, 0.40675610303878784, 0.4039601981639862, 0.4032021760940552, 0.4010502099990845, 0.40050068497657776, 0.40059834718704224, 0.3993839919567108, 0.39883261919021606, 0.3992200791835785, 0.39803051948547363, 0.3929806649684906, 0.392292320728302, 0.39297449588775635, 0.391571581363678, 0.39053288102149963, 0.390725702047348, 0.38974130153656006, 0.3875606656074524, 0.3911418914794922, 0.38783085346221924, 0.3807761073112488, 0.3817160725593567, 0.3779461979866028, 0.3772045373916626, 0.3743038475513458, 0.37448710203170776, 0.3751299977302551, 0.37224090099334717, 0.3725954294204712, 0.37166568636894226, 0.37171632051467896, 0.3694455027580261, 0.36421117186546326, 0.3635386526584625, 0.3634422719478607, 0.367239385843277, 0.3655203878879547, 0.3654922544956207, 0.3653261959552765, 0.36442118883132935, 0.3641171157360077, 0.3647920489311218, 0.36071258783340454, 0.3596172034740448, 0.3596540689468384, 0.35947972536087036, 0.35894134640693665, 0.35863906145095825, 0.3582421541213989, 0.3584825098514557, 0.35805875062942505, 0.3574730157852173, 0.3567183315753937, 0.3571453094482422, 0.356746643781662, 0.35666754841804504, 0.3561132550239563, 0.357147753238678, 0.3559543490409851, 0.3558630049228668, 0.356711208820343, 0.355711430311203, 0.35593581199645996, 0.3532908260822296, 0.3531637489795685, 0.3542954623699188, 0.35286083817481995, 0.35225823521614075, 0.3519638776779175, 0.351942241191864, 0.3521667718887329, 0.3513393700122833, 0.3516923487186432, 0.35105594992637634, 0.3507082760334015, 0.3507337272167206, 0.3502391576766968, 0.3502434492111206, 0.35031330585479736, 0.35020846128463745, 0.34987393021583557, 0.3496284782886505, 0.3495909571647644, 0.3494533598423004, 0.3494630753993988, 0.34922072291374207, 0.3585973083972931, 0.3581385910511017, 0.35886555910110474, 0.35787972807884216, 0.3578307330608368, 0.35787567496299744, 0.3576752543449402, 0.35778772830963135, 0.3572337031364441, 0.35763171315193176, 0.35720038414001465, 0.3567802309989929, 0.3567981421947479, 0.3565833270549774, 0.356810063123703, 0.35637015104293823, 0.3565763533115387, 0.3561222553253174, 0.3575185537338257, 0.35656964778900146, 0.35615262389183044, 0.3563344180583954, 0.35561874508857727, 0.35549309849739075, 0.3556164801120758, 0.35564368963241577, 0.355136513710022, 0.3553355038166046, 0.3580889403820038, 0.3568761348724365, 0.3554301857948303, 0.35485175251960754, 0.3546595275402069, 0.3546977639198303, 0.3542928993701935, 0.354127436876297, 0.354404091835022, 0.35426148772239685, 0.35626667737960815, 0.35528695583343506, 0.35367122292518616, 0.3535321056842804, 0.35339412093162537, 0.3531593978404999, 0.35597190260887146, 0.3532038629055023, 0.3542450964450836, 0.35259896516799927, 0.3525577783584595, 0.35233011841773987, 0.35222262144088745, 0.35283753275871277, 0.35273343324661255, 0.352168470621109, 0.3518367111682892, 0.35241374373435974, 0.351801335811615, 0.35173261165618896, 0.35175976157188416, 0.35147225856781006, 0.3525451421737671, 0.35161927342414856, 0.3513282537460327, 0.3519335091114044, 0.35141223669052124, 0.35193929076194763, 0.3510062098503113, 0.35068702697753906, 0.35048577189445496, 0.35045021772384644, 0.35051020979881287, 0.3501936197280884, 0.35002291202545166, 0.35011616349220276, 0.3498903214931488, 0.3505496680736542, 0.3502267599105835, 0.35002976655960083, 0.3498871922492981, 0.3548305630683899, 0.3531777858734131, 0.3531198799610138, 0.3526066243648529, 0.35309523344039917, 0.3524411916732788, 0.3521842062473297, 0.35287758708000183, 0.35212430357933044, 0.35142725706100464, 0.351125568151474, 0.35081082582473755, 0.35045382380485535, 0.35047799348831177, 0.3504534661769867, 0.3515307903289795, 0.34962618350982666, 0.3496451675891876, 0.34943538904190063, 0.3492228388786316, 0.3489111363887787, 0.34886065125465393, 0.34894588589668274, 0.34863021969795227, 0.3782385289669037, 0.3495537042617798, 0.3489108383655548, 0.34957611560821533, 0.3484043776988983, 0.3495655953884125, 0.3485308587551117, 0.34799522161483765, 0.3478502929210663, 0.34770071506500244, 0.3474081754684448, 0.34849098324775696, 0.3471910357475281, 0.3471994698047638, 0.3467106521129608, 0.34662628173828125, 0.34651100635528564, 0.3463343679904938, 0.34616997838020325, 0.3459532856941223, 0.34590232372283936, 0.34581661224365234, 0.34565258026123047, 0.34545788168907166, 0.34524643421173096, 0.3458459973335266, 0.3467593491077423, 0.3451865017414093, 0.34510672092437744, 0.3452564477920532, 0.3449074923992157, 0.3452898859977722, 0.3457503616809845, 0.34508955478668213, 0.3441058099269867, 0.34394508600234985, 0.34380853176116943, 0.3440539836883545, 0.3440166711807251, 0.3437187671661377, 0.34336236119270325, 0.34353169798851013, 0.34378963708877563, 0.34291180968284607, 0.34277135133743286, 0.3426082134246826, 0.3437684178352356, 0.3424133360385895, 0.34216412901878357, 0.3420252203941345, 0.34331923723220825, 0.3419417142868042, 0.34235072135925293, 0.3415025472640991, 0.3414401113986969, 0.34225043654441833, 0.34115391969680786, 0.34105557203292847, 0.34395289421081543, 0.3418002426624298, 0.34085187315940857, 0.3408249020576477, 0.3405379056930542, 0.34030646085739136, 0.3404080271720886, 0.34021177887916565, 0.34014996886253357, 0.34072062373161316, 0.3400711715221405, 0.34212180972099304, 0.34038984775543213, 0.3400944471359253, 0.3399072587490082, 0.3397759199142456, 0.33934181928634644, 0.33905601501464844, 0.3389676809310913, 0.33918145298957825, 0.33867818117141724, 0.33885061740875244, 0.33845284581184387, 0.338507741689682, 0.338265597820282, 0.33807700872421265, 0.34078705310821533, 0.3381812274456024, 0.33850693702697754, 0.3388752341270447, 0.33766278624534607, 0.3377976715564728, 0.33777758479118347, 0.3377194106578827, 0.3374808430671692, 0.337280809879303, 0.33714208006858826, 0.33719825744628906, 0.3378553092479706, 0.3369550406932831, 0.3370317816734314, 0.33766716718673706, 0.3370431661605835, 0.33702439069747925, 0.33666297793388367, 0.3367762267589569, 0.3364209234714508, 0.33622419834136963, 0.3361419439315796, 0.3362526297569275, 0.33656546473503113, 0.33607614040374756, 0.33590298891067505, 0.3387223482131958, 0.3356940448284149, 0.3356698751449585, 0.3371043801307678, 0.3354282081127167, 0.3361140191555023, 0.3351646661758423, 0.3351585268974304, 0.3352510333061218, 0.3350813388824463, 0.3355015814304352, 0.335702121257782, 0.33464667201042175, 0.33547621965408325, 0.33485376834869385, 0.33501937985420227, 0.33434760570526123, 0.3346644341945648, 0.33424532413482666, 0.3341936767101288, 0.3344324231147766, 0.33490797877311707, 0.3367866575717926, 0.33451125025749207, 0.3337032198905945, 0.33368515968322754, 0.33358874917030334, 0.33348536491394043, 0.33379122614860535, 0.33348292112350464, 0.3340833783149719, 0.33320000767707825, 0.33333733677864075, 0.3339945673942566, 0.33355847001075745, 0.3347786068916321, 0.33330410718917847, 0.3328426480293274, 0.33305662870407104, 0.33374103903770447, 0.33303147554397583, 0.3333258032798767, 0.3327057957649231, 0.3332533538341522, 0.33326494693756104, 0.334635853767395, 0.3323792517185211, 0.33301690220832825, 0.33198606967926025, 0.3325914144515991, 0.33182114362716675, 0.332304447889328, 0.3334346413612366, 0.33246004581451416, 0.33180341124534607, 0.33159172534942627, 0.33154237270355225, 0.3314579129219055, 0.3314940929412842, 0.3314189016819, 0.33217594027519226, 0.33188140392303467, 0.331429123878479, 0.3312169313430786, 0.33434444665908813, 0.33143359422683716, 0.330965131521225, 0.33099210262298584, 0.33119314908981323, 0.33112889528274536, 0.33073320984840393, 0.330715537071228]",4.0,"[33.0, 33.0, 33.0, 33.0, 33.0, 33.0, 33.0, 33.0, 33.0, 33.0, 33.0, 33.0, 33.0, 33.0, 33.0, 33.0, 33.0, 33.0, 33.0, 33.0, 33.0, 33.0, 33.0, 33.0, 33.0, 33.0, 32.0, 31.0, 31.0, 31.0, 31.0, 31.0, 31.0, 31.0, 31.0, 31.0, 30.0, 30.0, 30.0, 30.0, 29.0, 29.0, 28.0, 28.0, 28.0, 28.0, 28.0, 27.0, 26.0, 26.0, 26.0, 25.0, 25.0, 25.0, 25.0, 25.0, 25.0, 25.0, 23.0, 23.0, 23.0, 23.0, 23.0, 23.0, 23.0, 22.0, 22.0, 22.0, 20.0, 20.0, 19.0, 18.0, 17.0, 17.0, 16.0, 16.0, 16.0, 16.0, 16.0, 14.0, 12.0, 12.0, 12.0, 11.0, 11.0, 11.0, 11.0, 10.0, 10.0, 10.0, 9.0, 9.0, 9.0, 9.0, 9.0, 9.0, 9.0, 9.0, 9.0, 8.0, 8.0, 8.0, 8.0, 8.0, 8.0, 8.0, 8.0, 8.0, 8.0, 8.0, 8.0, 7.0, 7.0, 7.0, 7.0, 7.0, 7.0, 7.0, 7.0, 7.0, 7.0, 7.0, 7.0, 7.0, 7.0, 7.0, 7.0, 7.0, 7.0, 7.0, 7.0, 7.0, 7.0, 7.0, 6.0, 6.0, 6.0, 6.0, 6.0, 6.0, 6.0, 6.0, 6.0, 6.0, 6.0, 6.0, 6.0, 6.0, 6.0, 6.0, 6.0, 6.0, 6.0, 6.0, 6.0, 6.0, 6.0, 6.0, 6.0, 6.0, 6.0, 6.0, 6.0, 6.0, 6.0, 6.0, 6.0, 6.0, 6.0, 6.0, 6.0, 6.0, 6.0, 6.0, 6.0, 6.0, 6.0, 6.0, 6.0, 6.0, 6.0, 6.0, 6.0, 6.0, 6.0, 6.0, 6.0, 6.0, 6.0, 6.0, 6.0, 6.0, 6.0, 6.0, 6.0, 6.0, 6.0, 6.0, 6.0, 6.0, 6.0, 6.0, 6.0, 6.0, 6.0, 6.0, 6.0, 6.0, 6.0, 6.0, 6.0, 6.0, 6.0, 5.0, 5.0, 5.0, 5.0, 5.0, 5.0, 5.0, 5.0, 5.0, 5.0, 5.0, 5.0, 5.0, 5.0, 5.0, 5.0, 5.0, 5.0, 5.0, 5.0, 5.0, 5.0, 5.0, 5.0, 4.0, 4.0, 4.0, 4.0, 4.0, 4.0, 4.0, 4.0, 4.0, 4.0, 4.0, 4.0, 4.0, 4.0, 4.0, 4.0, 4.0, 4.0, 4.0, 4.0, 4.0, 4.0, 4.0, 4.0, 4.0, 4.0, 4.0, 4.0, 4.0, 4.0, 4.0, 4.0, 4.0, 4.0, 4.0, 4.0, 4.0, 4.0, 4.0, 4.0, 4.0, 4.0, 4.0, 4.0, 4.0, 4.0, 4.0, 4.0, 4.0, 4.0, 4.0, 4.0, 4.0, 4.0, 4.0, 4.0, 4.0, 4.0, 4.0, 4.0, 4.0, 4.0, 4.0, 4.0, 4.0, 4.0, 4.0, 4.0, 4.0, 4.0, 4.0, 4.0, 4.0, 4.0, 4.0, 4.0, 4.0, 4.0, 4.0, 4.0, 4.0, 4.0, 4.0, 4.0, 4.0, 4.0, 4.0, 4.0, 4.0, 4.0, 4.0, 4.0, 4.0, 4.0, 4.0, 4.0, 4.0, 4.0, 4.0, 4.0, 4.0, 4.0, 4.0, 4.0, 4.0, 4.0, 4.0, 4.0, 4.0, 4.0, 4.0, 4.0, 4.0, 4.0, 4.0, 4.0, 4.0, 4.0, 4.0, 4.0, 4.0, 4.0, 4.0, 4.0, 4.0, 4.0, 4.0, 4.0, 4.0, 4.0, 4.0, 4.0, 4.0, 4.0, 4.0, 4.0, 4.0, 4.0, 4.0, 4.0, 4.0, 4.0, 4.0, 4.0, 4.0, 4.0, 4.0, 4.0, 4.0, 4.0, 4.0, 4.0, 4.0, 4.0, 4.0, 4.0, 4.0, 4.0, 4.0, 4.0, 4.0, 4.0, 4.0, 4.0, 4.0, 4.0, 4.0, 4.0, 4.0, 4.0, 4.0, 4.0, 4.0, 4.0, 4.0, 4.0, 4.0, 4.0, 4.0, 4.0, 4.0, 4.0, 4.0]",COMPLETE
