,number,value,datetime_start,datetime_complete,duration,params_batch_size_scaler,params_constant_learning_rate,params_depth,params_epochs,params_kernel_l2,params_num_trees,params_temperature,user_attrs_accuracy_test,user_attrs_accuracy_valid,user_attrs_approximate_feature_sparsity,user_attrs_approximate_feature_sparsity_history,user_attrs_approximate_weight_sparsity,user_attrs_approximate_weight_sparsity_history,user_attrs_auc_test,user_attrs_auc_valid,user_attrs_feature_sparsity,user_attrs_feature_sparsity_history,user_attrs_num_epochs,user_attrs_val_loss_history,user_attrs_weight_sparsity,user_attrs_weight_sparsity_history,state
61,61,0.9302984632427768,2024-08-31 02:49:36.185734,2024-08-31 02:49:56.104485,0 days 00:00:19.918751,64,1.2557498881152478,3,345,0.0017072355185165796,18,0.000389049040408715,0.942,0.94625,26,"[33, 33, 33, 33, 33, 33, 33, 33, 33, 33, 33, 33, 33, 33, 33, 33, 33, 33, 33, 33, 33, 33, 33, 33, 33, 33, 33, 33, 33, 33, 33, 33, 33, 33, 33, 33, 33, 33, 33, 33, 33, 33, 33, 33, 33, 33, 33, 33, 33, 33, 33, 33, 33, 33, 33, 33, 33, 33, 33, 33, 33, 33, 33, 33, 33, 33, 33, 33, 33, 33, 33, 33, 33, 33, 33, 33, 33, 33, 33, 33, 33, 33, 33, 33, 33, 33, 33, 33, 33, 33, 33, 33, 33, 33, 33, 33, 33, 33, 33, 33, 33, 33, 33, 33, 33, 33, 33, 33, 33, 33, 33, 33, 33, 33, 33, 32, 32, 32, 32, 32, 32, 32, 32, 32, 32, 32, 32, 32, 32, 32, 32, 32, 32, 32, 32, 32, 31, 30, 30, 30, 30, 30, 30, 30, 30, 30, 30, 30, 30, 30, 30, 30, 30, 30, 30, 30, 30, 30, 30, 30, 30, 30, 30, 30, 30, 30, 29, 29, 29, 29, 29, 29, 29, 29, 29, 29, 29, 29, 29, 29, 29, 29, 29, 29, 29, 29, 29, 29, 29, 29, 29, 29, 29, 29, 29, 29, 29, 29, 29, 29, 29, 29, 29, 29, 29, 29, 28, 28, 28, 28, 28, 28, 28, 28, 28, 28, 28, 28, 27, 27, 27, 27, 27, 27, 27, 27, 27, 27, 27, 27, 27, 27, 27, 27, 27, 26, 26, 26, 26, 26, 26, 26, 26, 26, 26, 26, 26, 26, 26, 26, 26, 26, 26, 26, 26, 26, 26, 26, 26, 26, 26, 26, 26, 26, 26, 26, 26, 26, 26, 26, 26, 26, 26, 26, 26, 26, 26, 26, 26, 26, 26, 26, 26, 26, 26, 26, 26, 26, 26, 26, 26, 26, 26, 26, 26, 26, 26, 26, 26, 26, 26, 26, 26, 26, 26, 26, 26, 26, 26, 26, 26, 26, 26, 26, 26, 26, 26, 26, 26, 26, 26, 26, 26, 26, 26, 26, 26, 26, 26, 26, 26, 26, 26, 26, 26, 26, 26, 26, 26, 26, 26, 26, 26, 26, 26]",25.976190476190474,"[32.96825396825397, 32.96825396825397, 32.96825396825397, 32.98412698412699, 32.992063492063494, 32.976190476190474, 32.98412698412699, 33.0, 32.98412698412699, 32.98412698412699, 32.98412698412699, 32.976190476190474, 32.976190476190474, 32.992063492063494, 32.992063492063494, 32.98412698412699, 32.992063492063494, 32.992063492063494, 32.98412698412699, 32.98412698412699, 32.992063492063494, 32.976190476190474, 32.976190476190474, 32.98412698412699, 32.976190476190474, 32.98412698412699, 32.992063492063494, 33.0, 33.0, 33.0, 32.98412698412699, 32.992063492063494, 32.98412698412699, 32.992063492063494, 32.992063492063494, 32.98412698412699, 32.98412698412699, 32.976190476190474, 32.96825396825397, 32.992063492063494, 32.96031746031746, 32.992063492063494, 32.992063492063494, 32.976190476190474, 32.96031746031746, 32.992063492063494, 32.992063492063494, 32.976190476190474, 32.98412698412699, 33.0, 33.0, 32.96825396825397, 32.992063492063494, 32.992063492063494, 32.992063492063494, 32.98412698412699, 32.98412698412699, 32.96825396825397, 32.976190476190474, 32.976190476190474, 32.992063492063494, 32.98412698412699, 32.96825396825397, 32.98412698412699, 32.98412698412699, 32.992063492063494, 32.98412698412699, 32.98412698412699, 32.992063492063494, 32.96031746031746, 33.0, 33.0, 32.976190476190474, 32.94444444444444, 32.992063492063494, 32.96825396825397, 32.992063492063494, 32.98412698412699, 32.96031746031746, 32.992063492063494, 32.992063492063494, 32.976190476190474, 32.98412698412699, 32.992063492063494, 32.98412698412699, 32.976190476190474, 32.992063492063494, 33.0, 32.96825396825397, 33.0, 32.98412698412699, 33.0, 32.96031746031746, 32.992063492063494, 32.98412698412699, 32.992063492063494, 32.992063492063494, 32.98412698412699, 32.976190476190474, 32.976190476190474, 32.992063492063494, 32.992063492063494, 32.992063492063494, 32.98412698412699, 32.976190476190474, 32.976190476190474, 32.992063492063494, 32.98412698412699, 32.98412698412699, 32.98412698412699, 33.0, 32.992063492063494, 33.0, 32.98412698412699, 32.98412698412699, 31.992063492063494, 32.0, 31.984126984126984, 31.976190476190474, 31.976190476190474, 32.0, 32.0, 31.984126984126984, 31.976190476190474, 31.96825396825397, 31.960317460317462, 31.992063492063494, 31.984126984126984, 32.0, 31.984126984126984, 31.992063492063494, 31.976190476190474, 31.96825396825397, 31.992063492063494, 31.976190476190474, 31.984126984126984, 30.992063492063494, 30.0, 29.984126984126984, 29.960317460317462, 29.984126984126984, 29.96825396825397, 29.984126984126984, 29.984126984126984, 30.0, 29.992063492063494, 29.984126984126988, 29.976190476190474, 29.992063492063494, 29.984126984126984, 29.984126984126984, 29.984126984126984, 29.984126984126984, 29.976190476190474, 29.992063492063494, 30.0, 29.984126984126988, 30.0, 30.0, 30.0, 30.0, 29.976190476190474, 29.992063492063494, 30.0, 29.976190476190474, 29.984126984126984, 28.984126984126984, 28.992063492063494, 28.992063492063494, 28.984126984126984, 28.976190476190474, 28.992063492063494, 28.992063492063494, 28.984126984126984, 29.0, 28.984126984126984, 28.976190476190474, 28.992063492063494, 29.0, 28.992063492063494, 29.0, 29.0, 28.992063492063494, 29.0, 28.984126984126984, 28.984126984126984, 28.992063492063494, 28.992063492063494, 28.992063492063494, 28.976190476190474, 28.992063492063494, 28.96825396825397, 28.984126984126984, 28.984126984126984, 29.0, 28.992063492063494, 28.992063492063494, 28.960317460317462, 28.984126984126984, 28.992063492063494, 28.984126984126984, 28.960317460317462, 28.992063492063494, 28.96825396825397, 28.96825396825397, 28.960317460317462, 27.992063492063494, 27.992063492063494, 27.992063492063494, 27.992063492063494, 27.976190476190474, 28.0, 27.976190476190474, 27.976190476190474, 27.984126984126984, 28.0, 27.992063492063494, 27.992063492063494, 27.0, 27.0, 26.976190476190474, 26.992063492063494, 27.0, 26.992063492063494, 26.992063492063494, 26.984126984126984, 26.992063492063494, 26.984126984126984, 26.984126984126984, 26.984126984126984, 26.976190476190474, 26.992063492063494, 26.984126984126984, 26.984126984126984, 26.984126984126984, 25.976190476190474, 25.992063492063494, 25.992063492063494, 26.0, 25.976190476190474, 25.992063492063494, 25.992063492063494, 25.976190476190474, 25.984126984126984, 25.992063492063494, 25.992063492063494, 26.0, 25.992063492063494, 26.0, 25.992063492063494, 26.0, 26.0, 26.0, 25.984126984126984, 25.984126984126984, 26.0, 26.0, 26.0, 25.992063492063494, 26.0, 26.0, 25.992063492063494, 25.992063492063494, 26.0, 26.0, 25.984126984126984, 26.0, 25.992063492063494, 25.984126984126984, 25.992063492063494, 25.992063492063494, 25.992063492063494, 26.0, 25.992063492063494, 25.976190476190474, 26.0, 26.0, 26.0, 26.0, 25.984126984126984, 25.992063492063494, 26.0, 25.992063492063494, 26.0, 25.992063492063494, 25.984126984126984, 25.992063492063494, 25.992063492063494, 25.992063492063494, 26.0, 26.0, 26.0, 26.0, 25.960317460317462, 25.984126984126984, 25.984126984126984, 25.976190476190474, 25.976190476190474, 25.992063492063494, 25.992063492063494, 25.984126984126984, 25.992063492063494, 25.992063492063494, 25.976190476190474, 25.992063492063494, 26.0, 26.0, 25.992063492063494, 25.992063492063494, 25.992063492063494, 25.992063492063494, 25.992063492063494, 25.976190476190474, 25.992063492063494, 25.984126984126984, 25.992063492063494, 26.0, 25.992063492063494, 25.992063492063494, 25.992063492063494, 26.0, 26.0, 26.0, 25.976190476190474, 25.96825396825397, 25.976190476190474, 25.976190476190474, 25.992063492063494, 26.0, 25.984126984126984, 25.992063492063494, 25.992063492063494, 26.0, 25.992063492063494, 25.984126984126984, 25.992063492063494, 26.0, 25.960317460317462, 25.984126984126984, 26.0, 25.992063492063494, 26.0, 25.992063492063494, 25.992063492063494, 25.976190476190474]",0.9086848471338105,0.9302984632427768,26,"[33, 33, 33, 33, 33, 33, 33, 33, 33, 33, 33, 33, 33, 33, 33, 33, 33, 33, 33, 33, 33, 33, 33, 33, 33, 33, 33, 33, 33, 33, 33, 33, 33, 33, 33, 33, 33, 33, 33, 33, 33, 33, 33, 33, 33, 33, 33, 33, 33, 33, 33, 33, 33, 33, 33, 33, 33, 33, 33, 33, 33, 33, 33, 33, 33, 33, 33, 33, 33, 33, 33, 33, 33, 33, 33, 33, 33, 33, 33, 33, 33, 33, 33, 33, 33, 33, 33, 33, 33, 33, 33, 33, 33, 33, 33, 33, 33, 33, 33, 33, 33, 33, 33, 33, 33, 33, 33, 33, 33, 33, 33, 33, 33, 33, 33, 32, 32, 32, 32, 32, 32, 32, 32, 32, 32, 32, 32, 32, 32, 32, 32, 32, 32, 32, 32, 32, 31, 30, 30, 30, 30, 30, 30, 30, 30, 30, 30, 30, 30, 30, 30, 30, 30, 30, 30, 30, 30, 30, 30, 30, 30, 30, 30, 30, 30, 30, 29, 29, 29, 29, 29, 29, 29, 29, 29, 29, 29, 29, 29, 29, 29, 29, 29, 29, 29, 29, 29, 29, 29, 29, 29, 29, 29, 29, 29, 29, 29, 29, 29, 29, 29, 29, 29, 29, 29, 29, 28, 28, 28, 28, 28, 28, 28, 28, 28, 28, 28, 28, 27, 27, 27, 27, 27, 27, 27, 27, 27, 27, 27, 27, 27, 27, 27, 27, 27, 26, 26, 26, 26, 26, 26, 26, 26, 26, 26, 26, 26, 26, 26, 26, 26, 26, 26, 26, 26, 26, 26, 26, 26, 26, 26, 26, 26, 26, 26, 26, 26, 26, 26, 26, 26, 26, 26, 26, 26, 26, 26, 26, 26, 26, 26, 26, 26, 26, 26, 26, 26, 26, 26, 26, 26, 26, 26, 26, 26, 26, 26, 26, 26, 26, 26, 26, 26, 26, 26, 26, 26, 26, 26, 26, 26, 26, 26, 26, 26, 26, 26, 26, 26, 26, 26, 26, 26, 26, 26, 26, 26, 26, 26, 26, 26, 26, 26, 26, 26, 26, 26, 26, 26, 26, 26, 26, 26, 26, 26]",345,"[0.4011189639568329, 0.3804834485054016, 0.37179338932037354, 0.36870747804641724, 0.3651650547981262, 0.3629573881626129, 0.3551878035068512, 0.35113850235939026, 0.3463085889816284, 0.34339022636413574, 0.34386521577835083, 0.3361141085624695, 0.3389682471752167, 0.3263087868690491, 0.3205629289150238, 0.3251378536224365, 0.31432387232780457, 0.3135809302330017, 0.3101744055747986, 0.3074190020561218, 0.30729877948760986, 0.29676997661590576, 0.2948664426803589, 0.3030856251716614, 0.2860819101333618, 0.2832050621509552, 0.28164374828338623, 0.2776636779308319, 0.27699893712997437, 0.277508020401001, 0.27060550451278687, 0.2650908827781677, 0.26531511545181274, 0.26077747344970703, 0.2661606967449188, 0.25754624605178833, 0.25558778643608093, 0.2558789849281311, 0.25475409626960754, 0.25397026538848877, 0.25264036655426025, 0.24505485594272614, 0.2457597851753235, 0.2518538534641266, 0.24578484892845154, 0.250499427318573, 0.24877509474754333, 0.2401837408542633, 0.23791584372520447, 0.23734912276268005, 0.2406432032585144, 0.23600058257579803, 0.23565807938575745, 0.23633886873722076, 0.2362063080072403, 0.24368427693843842, 0.23068024218082428, 0.23121879994869232, 0.22895315289497375, 0.23162131011486053, 0.2277335226535797, 0.2282504141330719, 0.22700248658657074, 0.22062234580516815, 0.22229903936386108, 0.22216331958770752, 0.23111934959888458, 0.22420519590377808, 0.22003671526908875, 0.21931205689907074, 0.21775059401988983, 0.2178882658481598, 0.22053055465221405, 0.2204820215702057, 0.2227160781621933, 0.22131703794002533, 0.2176017016172409, 0.21426834166049957, 0.21512065827846527, 0.21836595237255096, 0.22657835483551025, 0.21649235486984253, 0.21272200345993042, 0.21519917249679565, 0.20986491441726685, 0.21034973859786987, 0.21312692761421204, 0.22057095170021057, 0.20665177702903748, 0.20637798309326172, 0.20683112740516663, 0.20212914049625397, 0.20301546156406403, 0.20388156175613403, 0.20526526868343353, 0.20548023283481598, 0.20254932343959808, 0.20184658467769623, 0.20359289646148682, 0.20025166869163513, 0.19927111268043518, 0.20300036668777466, 0.20483839511871338, 0.19876833260059357, 0.2023480087518692, 0.2006431370973587, 0.21050019562244415, 0.20122087001800537, 0.19710679352283478, 0.2055586874485016, 0.19966167211532593, 0.19447322189807892, 0.19731348752975464, 0.19671843945980072, 0.1989249587059021, 0.19795532524585724, 0.21773768961429596, 0.19721122086048126, 0.19523030519485474, 0.19425708055496216, 0.19618359208106995, 0.19828206300735474, 0.19376152753829956, 0.19565801322460175, 0.21954312920570374, 0.19298642873764038, 0.19268694519996643, 0.19801922142505646, 0.19098792970180511, 0.19063667953014374, 0.19031108915805817, 0.19416198134422302, 0.19233231246471405, 0.1891857087612152, 0.2004087120294571, 0.19432279467582703, 0.1907210797071457, 0.19364964962005615, 0.19005893170833588, 0.1914369910955429, 0.19082224369049072, 0.18979188799858093, 0.18905839323997498, 0.1940481811761856, 0.19527852535247803, 0.1931421160697937, 0.19082923233509064, 0.1855999231338501, 0.18948866426944733, 0.19585725665092468, 0.1981888711452484, 0.19175399839878082, 0.20121848583221436, 0.18626104295253754, 0.18680958449840546, 0.18907707929611206, 0.18538527190685272, 0.18508724868297577, 0.19202813506126404, 0.18588745594024658, 0.18937449157238007, 0.18541309237480164, 0.18880432844161987, 0.1866462081670761, 0.19050568342208862, 0.18840628862380981, 0.19106079638004303, 0.18215899169445038, 0.1902274191379547, 0.18847140669822693, 0.20309971272945404, 0.1892291009426117, 0.18576493859291077, 0.1841142326593399, 0.18679119646549225, 0.19425353407859802, 0.1869581639766693, 0.1903846114873886, 0.18646684288978577, 0.18446451425552368, 0.18138422071933746, 0.18237070739269257, 0.1831761747598648, 0.18530791997909546, 0.18400609493255615, 0.18385425209999084, 0.18055664002895355, 0.18617543578147888, 0.18190383911132812, 0.19494572281837463, 0.1846918910741806, 0.18493692576885223, 0.183923602104187, 0.18188489973545074, 0.18087337911128998, 0.17936187982559204, 0.1806126981973648, 0.1806638389825821, 0.18916484713554382, 0.1861046403646469, 0.18064680695533752, 0.17885346710681915, 0.1779458373785019, 0.18086032569408417, 0.18590056896209717, 0.1823151707649231, 0.18285490572452545, 0.19264037907123566, 0.18624448776245117, 0.18154214322566986, 0.18530434370040894, 0.1799481362104416, 0.18113574385643005, 0.1802816241979599, 0.18505977094173431, 0.19555801153182983, 0.18090249598026276, 0.17814403772354126, 0.18148858845233917, 0.18065181374549866, 0.18441396951675415, 0.17570020258426666, 0.17762784659862518, 0.18022699654102325, 0.19329361617565155, 0.18180780112743378, 0.18210436403751373, 0.19044460356235504, 0.1846877932548523, 0.17755937576293945, 0.17941905558109283, 0.18062344193458557, 0.18086117506027222, 0.1821635365486145, 0.17759406566619873, 0.18272395431995392, 0.17245613038539886, 0.17754235863685608, 0.17582742869853973, 0.17451755702495575, 0.17299224436283112, 0.17555198073387146, 0.17680446803569794, 0.1771736741065979, 0.17712564766407013, 0.18577447533607483, 0.1746106594800949, 0.1788654327392578, 0.17726868391036987, 0.17526310682296753, 0.17469406127929688, 0.17095595598220825, 0.1719062626361847, 0.17427663505077362, 0.1762169897556305, 0.16962891817092896, 0.1750374734401703, 0.17572923004627228, 0.17246800661087036, 0.17453545331954956, 0.1778871715068817, 0.1785660684108734, 0.18369488418102264, 0.1737465113401413, 0.1724407821893692, 0.1928623765707016, 0.1813182234764099, 0.17943482100963593, 0.17390844225883484, 0.1822485476732254, 0.17763465642929077, 0.17215381562709808, 0.17372535169124603, 0.1735508292913437, 0.17233240604400635, 0.18693244457244873, 0.1816650629043579, 0.1759566366672516, 0.17653174698352814, 0.17012201249599457, 0.17158551514148712, 0.1716981828212738, 0.1747703105211258, 0.17340344190597534, 0.17665915191173553, 0.1756718009710312, 0.17250996828079224, 0.1782316416501999, 0.17184190452098846, 0.1763233244419098, 0.17271442711353302, 0.1820889413356781, 0.17412622272968292, 0.18025770783424377, 0.17467759549617767, 0.1738988310098648, 0.17168815433979034, 0.16747216880321503, 0.17873884737491608, 0.17638534307479858, 0.1771192103624344, 0.1766565442085266, 0.1782885044813156, 0.17062486708164215, 0.1745968759059906, 0.1730560064315796, 0.17169706523418427, 0.17739547789096832, 0.17896200716495514, 0.18033070862293243, 0.172529399394989, 0.18147820234298706, 0.1805218756198883, 0.17884290218353271, 0.17627353966236115, 0.18070147931575775, 0.17567013204097748, 0.17309841513633728, 0.17476099729537964, 0.1879616677761078, 0.17434367537498474, 0.17437613010406494, 0.17332857847213745, 0.17932544648647308, 0.17220181226730347, 0.17109638452529907, 0.17785076797008514, 0.17543095350265503, 0.17838287353515625, 0.17471686005592346, 0.17602825164794922, 0.17843736708164215, 0.18063436448574066, 0.18120718002319336, 0.17886541783809662, 0.1989169716835022, 0.18285846710205078, 0.1731107532978058, 0.1839878410100937, 0.1914958506822586, 0.17543889582157135, 0.17312824726104736, 0.17330151796340942, 0.1722642183303833, 0.17781707644462585]",26.0,"[33.0, 33.0, 33.0, 33.0, 33.0, 33.0, 33.0, 33.0, 33.0, 33.0, 33.0, 33.0, 33.0, 33.0, 33.0, 33.0, 33.0, 33.0, 33.0, 33.0, 33.0, 33.0, 33.0, 33.0, 33.0, 33.0, 33.0, 33.0, 33.0, 33.0, 33.0, 33.0, 33.0, 33.0, 33.0, 33.0, 33.0, 33.0, 33.0, 33.0, 33.0, 33.0, 33.0, 33.0, 33.0, 33.0, 33.0, 33.0, 33.0, 33.0, 33.0, 33.0, 33.0, 33.0, 33.0, 33.0, 33.0, 33.0, 33.0, 33.0, 33.0, 33.0, 33.0, 33.0, 33.0, 33.0, 33.0, 33.0, 33.0, 33.0, 33.0, 33.0, 33.0, 33.0, 33.0, 33.0, 33.0, 33.0, 33.0, 33.0, 33.0, 33.0, 33.0, 33.0, 33.0, 33.0, 33.0, 33.0, 33.0, 33.0, 33.0, 33.0, 33.0, 33.0, 33.0, 33.0, 33.0, 33.0, 33.0, 33.0, 33.0, 33.0, 33.0, 33.0, 33.0, 33.0, 33.0, 33.0, 33.0, 33.0, 33.0, 33.0, 33.0, 33.0, 33.0, 32.0, 32.0, 32.0, 32.0, 32.0, 32.0, 32.0, 32.0, 32.0, 32.0, 32.0, 32.0, 32.0, 32.0, 32.0, 32.0, 32.0, 32.0, 32.0, 32.0, 32.0, 31.0, 30.0, 30.0, 30.0, 30.0, 30.0, 30.0, 30.0, 30.0, 30.0, 30.0, 30.0, 30.0, 30.0, 30.0, 30.0, 30.0, 30.0, 30.0, 30.0, 30.0, 30.0, 30.0, 30.0, 30.0, 30.0, 30.0, 30.0, 30.0, 30.0, 29.0, 29.0, 29.0, 29.0, 29.0, 29.0, 29.0, 29.0, 29.0, 29.0, 29.0, 29.0, 29.0, 29.0, 29.0, 29.0, 29.0, 29.0, 29.0, 29.0, 29.0, 29.0, 29.0, 29.0, 29.0, 29.0, 29.0, 29.0, 29.0, 29.0, 29.0, 29.0, 29.0, 29.0, 29.0, 29.0, 29.0, 29.0, 29.0, 29.0, 28.0, 28.0, 28.0, 28.0, 28.0, 28.0, 28.0, 28.0, 28.0, 28.0, 28.0, 28.0, 27.0, 27.0, 27.0, 27.0, 27.0, 27.0, 27.0, 27.0, 27.0, 27.0, 27.0, 27.0, 27.0, 27.0, 27.0, 27.0, 27.0, 26.0, 26.0, 26.0, 26.0, 26.0, 26.0, 26.0, 26.0, 26.0, 26.0, 26.0, 26.0, 26.0, 26.0, 26.0, 26.0, 26.0, 26.0, 26.0, 26.0, 26.0, 26.0, 26.0, 26.0, 26.0, 26.0, 26.0, 26.0, 26.0, 26.0, 26.0, 26.0, 26.0, 26.0, 26.0, 26.0, 26.0, 26.0, 26.0, 26.0, 26.0, 26.0, 26.0, 26.0, 26.0, 26.0, 26.0, 26.0, 26.0, 26.0, 26.0, 26.0, 26.0, 26.0, 26.0, 26.0, 26.0, 26.0, 26.0, 26.0, 26.0, 26.0, 26.0, 26.0, 26.0, 26.0, 26.0, 26.0, 26.0, 26.0, 26.0, 26.0, 26.0, 26.0, 26.0, 26.0, 26.0, 26.0, 26.0, 26.0, 26.0, 26.0, 26.0, 26.0, 26.0, 26.0, 26.0, 26.0, 26.0, 26.0, 26.0, 26.0, 26.0, 26.0, 26.0, 26.0, 26.0, 26.0, 26.0, 26.0, 26.0, 26.0, 26.0, 26.0, 26.0, 26.0, 26.0, 26.0, 26.0, 26.0]",COMPLETE
