,number,value,datetime_start,datetime_complete,duration,params_batch_size_scaler,params_constant_learning_rate,params_depth,params_epochs,params_kernel_l2,params_num_trees,params_temperature,user_attrs_accuracy_test,user_attrs_accuracy_valid,user_attrs_approximate_feature_sparsity,user_attrs_approximate_feature_sparsity_history,user_attrs_approximate_weight_sparsity,user_attrs_approximate_weight_sparsity_history,user_attrs_auc_test,user_attrs_auc_valid,user_attrs_feature_sparsity,user_attrs_feature_sparsity_history,user_attrs_num_epochs,user_attrs_val_loss_history,user_attrs_weight_sparsity,user_attrs_weight_sparsity_history,state
127,127,0.8361994564027257,2024-08-31 05:44:42.377761,2024-08-31 05:53:31.788465,0 days 00:08:49.410704,1,4.643650843025376,3,420,0.01088554299907422,95,0.0002639602016431079,0.797,0.81375,30,"[33, 30, 30, 30, 30, 30, 30, 30, 30, 30, 30, 30, 30, 30, 30, 30, 30, 30, 30, 30, 30, 30, 30, 30, 30, 30, 30, 30, 30, 30, 30, 30, 30, 30, 30, 30, 30, 30, 30, 30, 30, 30, 30, 30, 30, 30, 30, 30, 30, 30, 30, 30, 30, 30, 30, 30, 30, 30, 30, 30, 30, 30, 30, 30, 30, 30, 30, 30, 30, 30, 30, 30, 30, 30, 30, 30, 30, 30, 30, 30, 30, 30, 30, 30, 30, 30, 30, 30, 30, 30, 30, 30, 30, 30, 30, 30, 30, 30, 30, 30, 30, 30, 30, 30, 30, 30, 30, 30, 30, 30, 30, 30, 30, 30, 30, 30, 30, 30, 30, 30, 30, 30, 30, 30, 30, 30, 30, 30, 30, 30, 30, 30, 30, 30, 30, 30, 30, 30, 30, 30, 30, 30, 30, 30, 30, 30, 30, 30, 30, 30, 30, 30, 30, 30, 30, 30, 30, 30, 30, 30, 30, 30, 30, 30, 30, 30, 30, 30, 30, 30, 30, 30, 30, 30, 30, 30, 30, 30, 30, 30, 30, 30, 30, 30, 30, 30, 30, 30, 30, 30, 30, 30, 30, 30, 30, 30, 30, 30, 30, 30, 30, 30, 30, 30, 30, 30, 30, 30, 30, 30, 30, 30, 30, 30, 30, 30, 30, 30, 30, 30, 30, 30, 30, 30, 30, 30, 30, 30, 30, 30, 30, 30, 30, 30, 30, 30, 30, 30, 30, 30, 30, 30, 30, 30, 30, 30, 30, 30, 30, 30, 30, 30, 30, 30, 30, 30, 30, 30, 30, 30, 30, 30, 30, 30, 30, 30, 30, 30, 30, 30, 30, 30, 30, 30, 30, 30, 30, 30, 30, 30, 30, 30, 30, 30, 30, 30, 30, 30, 30, 30, 30, 30, 30, 30, 30, 30, 30, 30, 30, 30, 30, 30, 30, 30, 30, 30, 30, 30, 30, 30, 30, 30, 30, 30, 30, 30, 30, 30, 30, 30, 30, 30, 30, 30, 30, 30, 30, 30, 30, 30, 30, 30, 30, 30, 30, 30, 30, 30, 30, 30, 30, 30, 30, 30, 30, 30, 30, 30, 30, 30, 30, 30, 30, 30, 30, 30, 30, 30, 30, 30, 30, 30, 30, 30, 30, 30, 30, 30, 30, 30, 30, 30, 30, 30, 30, 30, 30, 30, 30, 30, 30, 30, 30, 30, 30, 30, 30, 30, 30, 30, 30, 30, 30, 30, 30, 30, 30, 30, 30, 30, 30, 30, 30, 30, 30, 30, 30, 30, 30, 30, 30, 30, 30, 30, 30, 30, 30, 30, 30, 30]",28.126315789473686,"[32.97744360902256, 29.98045112781955, 29.99248120300752, 29.98947368421053, 29.995488721804513, 29.990977443609026, 29.993984962406017, 29.993984962406017, 29.99699248120301, 29.995488721804513, 29.995488721804513, 29.990977443609026, 29.995488721804513, 29.993984962406017, 29.998496240601504, 29.99699248120301, 29.99699248120301, 29.998496240601504, 30.0, 29.993984962406017, 29.998496240601504, 29.995488721804513, 29.993984962406017, 29.99699248120301, 29.995488721804513, 29.998496240601504, 30.0, 29.995488721804513, 29.998496240601504, 29.99699248120301, 29.998496240601504, 30.0, 29.998496240601504, 29.99699248120301, 29.998496240601504, 29.998496240601504, 29.998496240601504, 29.998496240601504, 29.99699248120301, 29.99699248120301, 29.99699248120301, 29.998496240601504, 29.99699248120301, 29.995488721804513, 29.99699248120301, 29.99699248120301, 29.99699248120301, 29.998496240601504, 29.99699248120301, 29.998496240601504, 29.998496240601504, 29.99699248120301, 29.99699248120301, 29.99699248120301, 29.99699248120301, 29.99699248120301, 29.995488721804513, 29.995488721804513, 29.99699248120301, 30.0, 30.0, 30.0, 29.998496240601504, 29.998496240601504, 30.0, 29.998496240601504, 29.998496240601504, 30.0, 29.99699248120301, 30.0, 29.998496240601504, 29.99699248120301, 30.0, 29.998496240601504, 29.998496240601504, 30.0, 29.998496240601504, 29.998496240601504, 29.998496240601504, 29.998496240601504, 29.998496240601504, 30.0, 30.0, 30.0, 29.998496240601504, 29.998496240601504, 30.0, 29.998496240601504, 29.998496240601504, 29.995488721804513, 29.99699248120301, 29.998496240601504, 29.99699248120301, 29.998496240601504, 29.99699248120301, 29.998496240601504, 29.998496240601504, 29.998496240601504, 29.998496240601504, 29.998496240601504, 29.998496240601504, 29.998496240601504, 29.998496240601504, 29.998496240601504, 29.99699248120301, 29.998496240601504, 29.998496240601504, 29.998496240601504, 29.99699248120301, 29.998496240601504, 29.995488721804513, 29.99699248120301, 29.99699248120301, 29.998496240601504, 29.998496240601504, 29.99699248120301, 29.99699248120301, 29.993984962406017, 29.995488721804513, 29.998496240601504, 30.0, 30.0, 29.998496240601504, 29.998496240601504, 30.0, 30.0, 29.998496240601504, 29.998496240601504, 30.0, 29.99699248120301, 30.0, 30.0, 29.998496240601504, 30.0, 29.998496240601504, 29.998496240601504, 30.0, 29.998496240601504, 29.998496240601504, 29.998496240601504, 30.0, 29.998496240601504, 29.99699248120301, 29.99699248120301, 30.0, 29.998496240601504, 29.998496240601504, 29.998496240601504, 29.99699248120301, 29.998496240601504, 29.995488721804513, 29.998496240601504, 29.998496240601504, 29.998496240601504, 29.998496240601504, 29.998496240601504, 30.0, 29.998496240601504, 29.998496240601504, 30.0, 29.998496240601504, 30.0, 30.0, 29.995488721804513, 29.998496240601504, 29.99699248120301, 29.993984962406017, 29.998496240601504, 29.99699248120301, 29.99699248120301, 29.998496240601504, 29.995488721804513, 29.99699248120301, 29.99248120300752, 29.99248120300752, 29.995488721804513, 29.99699248120301, 29.99248120300752, 29.99248120300752, 29.99248120300752, 29.990977443609026, 29.98796992481203, 29.99248120300752, 29.990977443609026, 29.989473684210527, 29.98796992481203, 29.986466165413535, 29.989473684210527, 29.989473684210527, 29.981954887218045, 29.98345864661654, 29.983458646616544, 29.983458646616544, 29.981954887218045, 29.98045112781955, 29.98195488721805, 29.98496240601504, 29.981954887218045, 29.981954887218045, 29.98045112781955, 29.975939849624062, 29.97142857142857, 29.975939849624062, 29.98045112781955, 29.977443609022558, 29.977443609022558, 29.97142857142857, 29.974436090225566, 29.972932330827067, 29.975939849624062, 29.974436090225566, 29.977443609022558, 29.969924812030076, 29.98045112781955, 29.975939849624062, 29.96842105263158, 29.97142857142857, 29.972932330827067, 29.975939849624062, 29.97293233082707, 29.972932330827067, 29.97142857142857, 29.97142857142857, 29.96842105263158, 29.96541353383459, 29.965413533834585, 29.965413533834585, 29.9609022556391, 29.9609022556391, 29.9609022556391, 29.965413533834585, 29.951879699248124, 29.959398496240603, 29.962406015037594, 29.95338345864662, 29.957894736842107, 29.957894736842107, 29.95639097744361, 29.954887218045116, 29.956390977443608, 29.954887218045116, 29.951879699248124, 29.959398496240603, 29.95187969924812, 29.95187969924812, 29.954887218045116, 29.945864661654134, 29.938345864661656, 29.93984962406015, 29.938345864661656, 29.929323308270675, 29.93684210526316, 29.930827067669174, 29.935338345864665, 29.938345864661656, 29.938345864661656, 29.942857142857143, 29.938345864661656, 29.93233082706767, 29.927819548872183, 29.92781954887218, 29.929323308270675, 29.92781954887218, 29.92781954887218, 29.926315789473687, 29.930827067669174, 29.926315789473684, 29.918796992481205, 29.9203007518797, 29.90375939849624, 29.90375939849624, 29.891729323308276, 29.899248120300754, 29.893233082706764, 29.905263157894737, 29.899248120300754, 29.891729323308276, 29.894736842105264, 29.896240601503763, 29.887218045112785, 29.87669172932331, 29.890225563909773, 29.885714285714283, 29.87218045112782, 29.881203007518796, 29.875187969924813, 29.864661654135336, 29.86917293233083, 29.86917293233083, 29.872180451127818, 29.86766917293233, 29.86315789473684, 29.857142857142858, 29.842105263157894, 29.842105263157894, 29.830075187969925, 29.834586466165415, 29.830075187969925, 29.837593984962407, 29.827067669172934, 29.82706766917293, 29.81503759398496, 29.815037593984965, 29.804511278195488, 29.807518796992483, 29.786466165413533, 29.792481203007522, 29.77744360902256, 29.786466165413533, 29.77894736842105, 29.77744360902256, 29.77593984962406, 29.7609022556391, 29.765413533834586, 29.75187969924812, 29.75187969924812, 29.745864661654135, 29.745864661654135, 29.741353383458648, 29.72481203007519, 29.7203007518797, 29.699248120300755, 29.702255639097746, 29.705263157894738, 29.685714285714287, 29.67518796992481, 29.67669172932331, 29.664661654135337, 29.670676691729323, 29.651127819548876, 29.646616541353385, 29.633082706766917, 29.633082706766917, 29.62857142857143, 29.616541353383457, 29.610526315789475, 29.607518796992483, 29.603007518796993, 29.59548872180451, 29.59097744360902, 29.577443609022556, 29.560902255639096, 29.541353383458645, 29.53684210526316, 29.54135338345865, 29.521804511278194, 29.51578947368421, 29.49924812030075, 29.47518796992481, 29.466165413533837, 29.457142857142856, 29.43157894736842, 29.431578947368422, 29.42556390977444, 29.40601503759399, 29.412030075187968, 29.3984962406015, 29.38947368421053, 29.377443609022556, 29.357894736842102, 29.359398496240598, 29.33533834586466, 29.312781954887217, 29.291729323308267, 29.273684210526316, 29.273684210526316, 29.258646616541352, 29.254135338345865, 29.248120300751882, 29.225563909774436, 29.227067669172936, 29.206015037593986, 29.18947368421053, 29.174436090225566, 29.15338345864662, 29.130827067669173, 29.106766917293232, 29.093233082706764, 29.078195488721807, 29.060150375939852, 29.046616541353384, 29.0406015037594, 29.04360902255639, 29.01654135338346, 28.989473684210523, 28.96390977443609, 28.981954887218045, 28.96691729323308, 28.94887218045113, 28.926315789473684, 28.89924812030075, 28.876691729323305, 28.846616541353384, 28.839097744360902, 28.79548872180451, 28.790977443609023, 28.75639097744361, 28.738345864661653, 28.741353383458648, 28.682706766917295, 28.666165413533832, 28.622556390977444, 28.616541353383457, 28.603007518796993, 28.58796992481203, 28.56842105263158, 28.5187969924812, 28.49172932330827, 28.466165413533837, 28.434586466165413, 28.39699248120301, 28.365413533834587, 28.338345864661655, 28.311278195488722, 28.284210526315793, 28.249624060150374, 28.22105263157895, 28.186466165413535, 28.15488721804511, 28.126315789473686]",0.8029871448740495,0.8361994564027257,30,"[33, 30, 30, 30, 30, 30, 30, 30, 30, 30, 30, 30, 30, 30, 30, 30, 30, 30, 30, 30, 30, 30, 30, 30, 30, 30, 30, 30, 30, 30, 30, 30, 30, 30, 30, 30, 30, 30, 30, 30, 30, 30, 30, 30, 30, 30, 30, 30, 30, 30, 30, 30, 30, 30, 30, 30, 30, 30, 30, 30, 30, 30, 30, 30, 30, 30, 30, 30, 30, 30, 30, 30, 30, 30, 30, 30, 30, 30, 30, 30, 30, 30, 30, 30, 30, 30, 30, 30, 30, 30, 30, 30, 30, 30, 30, 30, 30, 30, 30, 30, 30, 30, 30, 30, 30, 30, 30, 30, 30, 30, 30, 30, 30, 30, 30, 30, 30, 30, 30, 30, 30, 30, 30, 30, 30, 30, 30, 30, 30, 30, 30, 30, 30, 30, 30, 30, 30, 30, 30, 30, 30, 30, 30, 30, 30, 30, 30, 30, 30, 30, 30, 30, 30, 30, 30, 30, 30, 30, 30, 30, 30, 30, 30, 30, 30, 30, 30, 30, 30, 30, 30, 30, 30, 30, 30, 30, 30, 30, 30, 30, 30, 30, 30, 30, 30, 30, 30, 30, 30, 30, 30, 30, 30, 30, 30, 30, 30, 30, 30, 30, 30, 30, 30, 30, 30, 30, 30, 30, 30, 30, 30, 30, 30, 30, 30, 30, 30, 30, 30, 30, 30, 30, 30, 30, 30, 30, 30, 30, 30, 30, 30, 30, 30, 30, 30, 30, 30, 30, 30, 30, 30, 30, 30, 30, 30, 30, 30, 30, 30, 30, 30, 30, 30, 30, 30, 30, 30, 30, 30, 30, 30, 30, 30, 30, 30, 30, 30, 30, 30, 30, 30, 30, 30, 30, 30, 30, 30, 30, 30, 30, 30, 30, 30, 30, 30, 30, 30, 30, 30, 30, 30, 30, 30, 30, 30, 30, 30, 30, 30, 30, 30, 30, 30, 30, 30, 30, 30, 30, 30, 30, 30, 30, 30, 30, 30, 30, 30, 30, 30, 30, 30, 30, 30, 30, 30, 30, 30, 30, 30, 30, 30, 30, 30, 30, 30, 30, 30, 30, 30, 30, 30, 30, 30, 30, 30, 30, 30, 30, 30, 30, 30, 30, 30, 30, 30, 30, 30, 30, 30, 30, 30, 30, 30, 30, 30, 30, 30, 30, 30, 30, 30, 30, 30, 30, 30, 30, 30, 30, 30, 30, 30, 30, 30, 30, 30, 30, 30, 30, 30, 30, 30, 30, 30, 30, 30, 30, 30, 30, 30, 30, 30, 30, 30, 30, 30, 30, 30, 30, 30, 30, 30, 30, 30, 30, 30, 30, 30, 30, 30, 30]",420,"[2.619500160217285, 2.036379098892212, 3.7576675415039062, 2.589686393737793, 5.858444690704346, 2.2107627391815186, 4.467169284820557, 2.480534791946411, 3.342155694961548, 2.4366533756256104, 4.533544063568115, 3.172259569168091, 3.7335410118103027, 7.6880316734313965, 5.977161407470703, 4.7712860107421875, 4.535608291625977, 4.465291500091553, 6.037820816040039, 5.464827060699463, 5.394822597503662, 5.235042572021484, 5.456649303436279, 6.072247505187988, 5.4216766357421875, 6.711565971374512, 5.640476703643799, 6.433128833770752, 6.6642165184021, 7.361566066741943, 6.908022403717041, 6.2110724449157715, 6.327883720397949, 6.855224609375, 6.881126880645752, 6.570310592651367, 8.272994041442871, 7.5184550285339355, 6.433656215667725, 6.473749160766602, 6.604724884033203, 7.093924522399902, 10.411747932434082, 7.4434638023376465, 6.834801197052002, 8.625454902648926, 7.2749481201171875, 7.489395618438721, 6.56295108795166, 6.797266006469727, 7.3856096267700195, 6.992605209350586, 7.4139018058776855, 8.638050079345703, 6.9972429275512695, 7.592215061187744, 7.958745956420898, 8.245018005371094, 7.506310939788818, 8.951216697692871, 8.144795417785645, 9.013205528259277, 8.672098159790039, 8.414673805236816, 8.448339462280273, 7.746920108795166, 8.31751537322998, 8.128630638122559, 8.128473281860352, 8.0318021774292, 8.611191749572754, 7.615109443664551, 8.152514457702637, 10.207969665527344, 8.920104026794434, 9.410308837890625, 9.51456069946289, 11.038784980773926, 11.745882987976074, 10.557700157165527, 7.712662220001221, 8.540997505187988, 8.541098594665527, 10.364144325256348, 8.76220417022705, 9.14838695526123, 9.356773376464844, 9.284626007080078, 8.649652481079102, 8.569060325622559, 9.925004005432129, 8.97778606414795, 8.054481506347656, 10.277466773986816, 9.368379592895508, 9.381745338439941, 8.661755561828613, 8.60412311553955, 8.5385103225708, 8.325765609741211, 8.313714981079102, 8.522478103637695, 10.130927085876465, 9.016016006469727, 9.225439071655273, 8.912113189697266, 8.688687324523926, 8.185211181640625, 8.067427635192871, 8.4424467086792, 9.094283103942871, 9.828274726867676, 9.327220916748047, 9.952831268310547, 14.499791145324707, 10.530982971191406, 8.900362014770508, 9.580269813537598, 11.711246490478516, 8.637680053710938, 9.313521385192871, 9.310725212097168, 9.199180603027344, 10.072647094726562, 9.575130462646484, 8.810011863708496, 9.171509742736816, 9.789340019226074, 9.180890083312988, 8.354260444641113, 10.045732498168945, 9.291398048400879, 10.691241264343262, 8.825421333312988, 7.8135294914245605, 10.046358108520508, 8.286395072937012, 8.614336013793945, 12.772896766662598, 9.399585723876953, 9.103606224060059, 9.88701343536377, 12.449438095092773, 9.90551471710205, 9.596161842346191, 11.2374906539917, 10.42553997039795, 8.737164497375488, 8.881341934204102, 9.343849182128906, 9.413146018981934, 8.368731498718262, 8.849894523620605, 8.08337116241455, 9.45007038116455, 8.860633850097656, 9.244080543518066, 8.383016586303711, 8.718539237976074, 16.242029190063477, 8.894505500793457, 9.393133163452148, 9.744702339172363, 9.832123756408691, 8.891851425170898, 8.907078742980957, 8.553193092346191, 8.468974113464355, 9.10070514678955, 8.971927642822266, 8.173535346984863, 11.003632545471191, 11.296051025390625, 9.276074409484863, 8.6411771774292, 10.421886444091797, 10.026934623718262, 9.761921882629395, 9.61487102508545, 8.958056449890137, 9.328264236450195, 10.480935096740723, 10.288459777832031, 9.705204010009766, 10.298229217529297, 8.765074729919434, 8.377552032470703, 9.150267601013184, 9.194406509399414, 11.080657005310059, 9.09752082824707, 9.749762535095215, 10.564986228942871, 10.014143943786621, 9.977287292480469, 10.517197608947754, 9.6264009475708, 10.177035331726074, 9.609331130981445, 8.317253112792969, 8.448400497436523, 9.14057731628418, 8.505682945251465, 9.134377479553223, 8.802597045898438, 9.565747261047363, 9.392805099487305, 9.564628601074219, 9.71542739868164, 8.015909194946289, 9.4833402633667, 9.106966972351074, 9.755751609802246, 9.006468772888184, 9.052711486816406, 10.600870132446289, 9.185701370239258, 11.983511924743652, 9.03561782836914, 10.046810150146484, 10.126321792602539, 9.764910697937012, 8.985773086547852, 10.202264785766602, 9.319339752197266, 9.521389961242676, 8.897623062133789, 9.368148803710938, 8.530664443969727, 11.76892375946045, 10.506364822387695, 10.856722831726074, 9.49258804321289, 10.588313102722168, 9.55553913116455, 9.27415657043457, 10.08168888092041, 9.690978050231934, 10.113792419433594, 12.566195487976074, 9.290960311889648, 11.780303001403809, 8.117399215698242, 9.280622482299805, 8.25166130065918, 9.254304885864258, 9.031155586242676, 9.805780410766602, 9.031414031982422, 9.010618209838867, 8.633139610290527, 9.454998970031738, 9.656967163085938, 8.835081100463867, 8.560015678405762, 10.18358325958252, 8.06319808959961, 10.475869178771973, 11.724893569946289, 9.854912757873535, 8.58137321472168, 9.297865867614746, 9.004505157470703, 9.110815048217773, 10.70916748046875, 8.179919242858887, 9.891942977905273, 9.20074462890625, 9.543993949890137, 8.71399211883545, 9.139506340026855, 9.709144592285156, 11.036764144897461, 10.464507102966309, 10.056341171264648, 13.43400764465332, 10.327614784240723, 10.136977195739746, 9.543501853942871, 9.59932804107666, 11.538067817687988, 10.696019172668457, 9.270572662353516, 10.450323104858398, 9.811408042907715, 9.77730655670166, 10.175312995910645, 10.161450386047363, 11.617059707641602, 10.567244529724121, 9.036445617675781, 9.811759948730469, 9.548447608947754, 9.144909858703613, 10.828470230102539, 8.577961921691895, 8.312773704528809, 10.262774467468262, 9.030858993530273, 9.030255317687988, 8.223962783813477, 9.254302978515625, 9.666752815246582, 8.594531059265137, 9.119227409362793, 10.686610221862793, 9.125192642211914, 11.439949989318848, 9.854788780212402, 12.254975318908691, 9.709327697753906, 9.157816886901855, 9.587769508361816, 13.143845558166504, 9.6192626953125, 12.569266319274902, 11.887476921081543, 9.712815284729004, 9.647514343261719, 13.550363540649414, 9.217813491821289, 9.588708877563477, 12.949009895324707, 10.747905731201172, 10.886056900024414, 9.71712875366211, 10.129112243652344, 9.580761909484863, 10.07668399810791, 9.113007545471191, 9.889634132385254, 10.652393341064453, 9.70137882232666, 11.307001113891602, 11.05938720703125, 10.767987251281738, 9.439781188964844, 10.141188621520996, 10.566788673400879, 8.826855659484863, 9.008174896240234, 9.531484603881836, 9.903059005737305, 9.481687545776367, 10.261948585510254, 8.588444709777832, 10.631856918334961, 10.585932731628418, 12.765754699707031, 11.741477012634277, 10.0781888961792, 11.205926895141602, 8.887258529663086, 11.612456321716309, 9.84865951538086, 10.567885398864746, 10.179121017456055, 10.070462226867676, 10.451930046081543, 11.647661209106445, 10.111671447753906, 9.206648826599121, 9.912057876586914, 9.396476745605469, 10.058686256408691, 9.106937408447266, 9.14638900756836, 11.4684419631958, 9.666885375976562, 9.216468811035156, 9.414365768432617, 13.095170021057129, 10.219837188720703, 9.547410011291504, 11.015251159667969, 9.46914291381836, 9.53878116607666, 9.71215534210205, 9.352331161499023, 10.663673400878906, 11.990278244018555, 20.013729095458984, 9.817893981933594, 12.080604553222656, 9.707080841064453, 10.628765106201172, 9.159331321716309, 13.083401679992676, 12.980524063110352, 9.203714370727539, 9.747550964355469, 10.614795684814453, 10.572318077087402, 11.734946250915527, 11.486995697021484, 13.649559020996094, 9.79132080078125, 14.31750774383545, 9.47248363494873, 9.300997734069824, 13.340675354003906, 11.15628433227539, 10.895129203796387, 10.71061897277832, 9.68601131439209, 10.158666610717773, 9.778651237487793, 10.411184310913086, 12.074670791625977, 10.375101089477539, 10.390589714050293, 9.257574081420898, 16.587085723876953, 9.794839859008789, 9.33464241027832, 8.790389060974121, 9.853691101074219, 11.234594345092773, 9.915170669555664, 12.49914836883545]",30.0,"[33.0, 30.0, 30.0, 30.0, 30.0, 30.0, 30.0, 30.0, 30.0, 30.0, 30.0, 30.0, 30.0, 30.0, 30.0, 30.0, 30.0, 30.0, 30.0, 30.0, 30.0, 30.0, 30.0, 30.0, 30.0, 30.0, 30.0, 30.0, 30.0, 30.0, 30.0, 30.0, 30.0, 30.0, 30.0, 30.0, 30.0, 30.0, 30.0, 30.0, 30.0, 30.0, 30.0, 30.0, 30.0, 30.0, 30.0, 30.0, 30.0, 30.0, 30.0, 30.0, 30.0, 30.0, 30.0, 30.0, 30.0, 30.0, 30.0, 30.0, 30.0, 30.0, 30.0, 30.0, 30.0, 30.0, 30.0, 30.0, 30.0, 30.0, 30.0, 30.0, 30.0, 30.0, 30.0, 30.0, 30.0, 30.0, 30.0, 30.0, 30.0, 30.0, 30.0, 30.0, 30.0, 30.0, 30.0, 30.0, 30.0, 30.0, 30.0, 30.0, 30.0, 30.0, 30.0, 30.0, 30.0, 30.0, 30.0, 30.0, 30.0, 30.0, 30.0, 30.0, 30.0, 30.0, 30.0, 30.0, 30.0, 30.0, 30.0, 30.0, 30.0, 30.0, 30.0, 30.0, 30.0, 30.0, 30.0, 30.0, 30.0, 30.0, 30.0, 30.0, 30.0, 30.0, 30.0, 30.0, 30.0, 30.0, 30.0, 30.0, 30.0, 30.0, 30.0, 30.0, 30.0, 30.0, 30.0, 30.0, 30.0, 30.0, 30.0, 30.0, 30.0, 30.0, 30.0, 30.0, 30.0, 30.0, 30.0, 30.0, 30.0, 30.0, 30.0, 30.0, 30.0, 30.0, 30.0, 30.0, 30.0, 30.0, 30.0, 30.0, 30.0, 30.0, 30.0, 30.0, 30.0, 30.0, 30.0, 30.0, 30.0, 30.0, 30.0, 30.0, 30.0, 30.0, 30.0, 30.0, 30.0, 30.0, 30.0, 30.0, 30.0, 30.0, 30.0, 30.0, 30.0, 30.0, 30.0, 30.0, 30.0, 30.0, 30.0, 30.0, 30.0, 30.0, 30.0, 30.0, 30.0, 30.0, 30.0, 30.0, 30.0, 30.0, 30.0, 30.0, 30.0, 30.0, 30.0, 30.0, 30.0, 30.0, 30.0, 30.0, 30.0, 30.0, 30.0, 30.0, 30.0, 30.0, 30.0, 30.0, 30.0, 30.0, 30.0, 30.0, 30.0, 30.0, 30.0, 30.0, 30.0, 30.0, 30.0, 30.0, 30.0, 30.0, 30.0, 30.0, 30.0, 30.0, 30.0, 30.0, 30.0, 30.0, 30.0, 30.0, 30.0, 30.0, 30.0, 30.0, 30.0, 30.0, 30.0, 30.0, 30.0, 30.0, 30.0, 30.0, 30.0, 30.0, 30.0, 30.0, 30.0, 30.0, 30.0, 30.0, 30.0, 30.0, 30.0, 30.0, 30.0, 30.0, 30.0, 30.0, 30.0, 30.0, 30.0, 30.0, 30.0, 30.0, 30.0, 30.0, 30.0, 30.0, 30.0, 30.0, 30.0, 30.0, 30.0, 30.0, 30.0, 30.0, 30.0, 30.0, 30.0, 30.0, 30.0, 30.0, 30.0, 30.0, 30.0, 30.0, 30.0, 30.0, 30.0, 30