,number,value,datetime_start,datetime_complete,duration,params_batch_size_scaler,params_constant_learning_rate,params_depth,params_epochs,params_kernel_l2,params_num_trees,params_temperature,user_attrs_accuracy_test,user_attrs_accuracy_valid,user_attrs_approximate_feature_sparsity,user_attrs_approximate_feature_sparsity_history,user_attrs_approximate_weight_sparsity,user_attrs_approximate_weight_sparsity_history,user_attrs_auc_test,user_attrs_auc_valid,user_attrs_feature_sparsity,user_attrs_feature_sparsity_history,user_attrs_num_epochs,user_attrs_val_loss_history,user_attrs_weight_sparsity,user_attrs_weight_sparsity_history,state
56,56,0.5775463410235602,2024-08-31 02:42:15.296120,2024-08-31 02:44:58.557001,0 days 00:02:43.260881,4,9.375694315777672,4,240,0.2341840765114615,92,0.0029060952130004983,0.859,0.85875,4,"[17, 19, 20, 20, 20, 20, 20, 18, 18, 18, 18, 18, 17, 17, 17, 17, 17, 16, 11, 10, 10, 10, 10, 10, 10, 10, 10, 10, 10, 10, 10, 10, 10, 10, 10, 10, 10, 10, 10, 10, 10, 10, 10, 10, 10, 10, 10, 10, 10, 10, 10, 9, 9, 9, 9, 9, 9, 9, 8, 8, 8, 9, 9, 8, 8, 8, 8, 8, 8, 8, 8, 7, 7, 7, 7, 7, 7, 7, 7, 7, 7, 7, 7, 7, 7, 7, 7, 6, 6, 6, 5, 5, 5, 5, 5, 5, 5, 5, 5, 5, 4, 4, 4, 4, 4, 4, 4, 4, 4, 5, 5, 5, 5, 5, 5, 5, 5, 5, 5, 5, 5, 5, 4, 4, 4, 4, 4, 4, 4, 4, 4, 4, 4, 4, 4, 4, 4, 4, 4, 4, 4, 4, 4, 5, 4, 4, 4, 4, 4, 4, 4, 4, 4, 4, 4, 4, 4, 4, 4, 4, 4, 4, 4, 4, 4, 4, 4, 4, 4, 4, 4, 4, 4, 4, 4, 4, 4, 4, 4, 4, 4, 4, 4, 4, 4, 4, 4, 4, 4, 4, 4, 4, 4, 4, 4, 4, 4, 4, 4, 4, 4, 4, 4, 5, 4, 4, 4, 4, 4, 4, 4, 4, 4, 4, 4, 4, 4, 4, 4, 4, 4, 4, 5, 4, 4, 4, 4, 4, 4, 4, 4, 4, 4, 4, 4, 4, 4, 4, 4, 4]",0.6521739130434783,"[16.957971014492752, 18.971739130434784, 19.97536231884058, 19.970289855072465, 19.97608695652174, 19.968840579710147, 19.960869565217394, 17.969565217391306, 17.95507246376812, 17.96304347826087, 17.950724637681162, 17.944927536231884, 16.942028985507246, 16.93913043478261, 16.92391304347826, 16.904347826086955, 16.918115942028983, 15.890579710144928, 10.943478260869565, 9.953623188405796, 9.960144927536232, 9.947826086956521, 9.947101449275362, 9.947826086956521, 9.936231884057971, 9.952173913043477, 9.939130434782609, 9.94927536231884, 9.920289855072465, 9.929710144927537, 9.933333333333334, 9.918840579710144, 9.91231884057971, 9.897826086956522, 9.889855072463767, 9.892753623188405, 9.880434782608695, 9.860869565217392, 9.865217391304347, 9.889855072463767, 9.843478260869565, 9.821014492753623, 9.80072463768116, 9.776811594202897, 9.78623188405797, 9.783333333333333, 9.801449275362318, 9.809420289855073, 9.799999999999999, 9.690579710144927, 9.731159420289856, 8.747826086956522, 8.739855072463769, 8.736231884057972, 8.654347826086957, 8.602173913043478, 8.566666666666666, 8.516666666666666, 7.601449275362319, 7.5224637681159425, 7.560869565217391, 8.508695652173913, 8.469565217391304, 7.496376811594203, 7.415217391304347, 7.421014492753624, 7.362318840579711, 7.313768115942029, 7.22463768115942, 7.175362318840579, 7.102898550724637, 6.214492753623188, 6.22536231884058, 6.309420289855073, 6.257971014492753, 6.344927536231884, 6.2956521739130435, 6.520289855072464, 6.525362318840579, 6.357971014492755, 6.315217391304348, 6.141304347826087, 6.085507246376812, 5.928985507246377, 5.76304347826087, 5.6753623188405795, 5.65072463768116, 4.733333333333333, 4.889130434782608, 4.565217391304348, 3.6543478260869566, 3.6427536231884057, 3.6659420289855067, 3.7804347826086953, 3.951449275362319, 3.9717391304347824, 3.9608695652173918, 3.993478260869565, 3.9434782608695653, 3.4840579710144928, 2.646376811594203, 2.7086956521739127, 2.631159420289855, 2.6405797101449275, 2.67463768115942, 2.6601449275362317, 2.4855072463768115, 2.3355072463768116, 2.3130434782608695, 2.53768115942029, 2.8688405797101453, 3.054347826086957, 3.2065217391304346, 3.134782608695652, 3.147101449275363, 3.077536231884058, 3.046376811594203, 3.0239130434782613, 2.966666666666667, 2.9818840579710146, 2.9420289855072466, 2.85, 2.1847826086956523, 2.2485507246376812, 2.216666666666667, 2.177536231884058, 2.178985507246377, 2.196376811594203, 2.15, 2.163768115942029, 2.127536231884058, 2.097101449275362, 2.0876811594202898, 2.0101449275362318, 1.9528985507246377, 1.8615942028985508, 1.7557971014492753, 1.6775362318840576, 1.6398550724637682, 1.6427536231884057, 1.6804347826086956, 1.6065217391304345, 1.6478260869565218, 2.0188405797101447, 1.626086956521739, 1.6043478260869568, 1.6304347826086958, 1.6130434782608698, 1.5985507246376813, 1.6369565217391304, 1.5507246376811594, 1.5007246376811594, 1.4695652173913043, 1.4608695652173913, 1.4840579710144928, 1.448550724637681, 1.4253623188405797, 1.4101449275362317, 1.378985507246377, 1.3413043478260869, 1.3130434782608695, 1.3057971014492755, 1.3166666666666667, 1.2565217391304349, 1.2195652173913043, 1.1557971014492754, 1.1340579710144927, 1.1297101449275364, 1.1717391304347826, 1.122463768115942, 1.1043478260869566, 1.0869565217391304, 1.0123188405797103, 1.0442028985507246, 1.0630434782608695, 1.0768115942028986, 1.063768115942029, 1.0717391304347825, 1.03768115942029, 1.0021739130434781, 0.9891304347826086, 0.9579710144927537, 0.9913043478260869, 1.0144927536231885, 0.9753623188405798, 0.9884057971014493, 0.9739130434782608, 0.9195652173913044, 0.9355072463768116, 0.9101449275362319, 0.903623188405797, 0.8760869565217392, 0.8369565217391305, 0.8239130434782608, 0.8442028985507247, 0.8420289855072465, 0.818840579710145, 0.8159420289855073, 0.8123188405797102, 0.7644927536231884, 0.7630434782608696, 0.7471014492753624, 0.741304347826087, 0.8913043478260869, 0.7108695652173913, 0.6811594202898551, 0.6753623188405797, 0.6891304347826087, 0.7181159420289855, 0.7231884057971015, 0.7304347826086957, 0.68768115942029, 0.6934782608695651, 0.6775362318840579, 0.6630434782608695, 0.6579710144927536, 0.6391304347826087, 0.6195652173913044, 0.6311594202898552, 0.6297101449275362, 0.6282608695652173, 0.6231884057971013, 0.7971014492753623, 0.7289855072463768, 0.7449275362318841, 0.6826086956521739, 0.7, 0.6840579710144927, 0.672463768115942, 0.6615942028985506, 0.6405797101449275, 0.6304347826086957, 0.6253623188405797, 0.622463768115942, 0.6311594202898552, 0.6210144927536232, 0.6173913043478261, 0.6101449275362318, 0.5869565217391305, 0.6521739130434783]",0.6088557534325745,0.5775463410235602,4,"[17, 19, 20, 20, 20, 20, 20, 18, 18, 18, 18, 18, 17, 17, 17, 17, 17, 16, 11, 10, 10, 10, 10, 10, 10, 10, 10, 10, 10, 10, 10, 10, 10, 10, 10, 10, 10, 10, 10, 10, 10, 10, 10, 10, 10, 10, 10, 10, 10, 10, 10, 9, 9, 9, 9, 9, 9, 9, 8, 8, 8, 9, 9, 8, 8, 8, 8, 8, 8, 8, 8, 7, 7, 7, 7, 7, 7, 7, 7, 7, 7, 7, 7, 7, 7, 7, 7, 6, 6, 6, 5, 5, 5, 5, 5, 5, 5, 5, 5, 5, 4, 4, 4, 4, 4, 4, 4, 4, 4, 5, 5, 5, 5, 5, 5, 5, 5, 5, 5, 5, 5, 5, 4, 4, 4, 4, 4, 4, 4, 4, 4, 4, 4, 4, 4, 4, 4, 4, 4, 4, 4, 4, 4, 5, 4, 4, 4, 4, 4, 4, 4, 4, 4, 4, 4, 4, 4, 4, 4, 4, 4, 4, 4, 4, 4, 4, 4, 4, 4, 4, 4, 4, 4, 4, 4, 4, 4, 4, 4, 4, 4, 4, 4, 4, 4, 4, 4, 4, 4, 4, 4, 4, 4, 4, 4, 4, 4, 4, 4, 4, 4, 4, 4, 5, 4, 4, 4, 4, 4, 4, 4, 4, 4, 4, 4, 4, 4, 4, 4, 4, 4, 4, 5, 4, 4, 4, 4, 4, 4, 4, 4, 4, 4, 4, 4, 4, 4, 4, 4, 4]",240,"[4.815369129180908, 16.753599166870117, 4.317880630493164, 4.640176296234131, 4.247224807739258, 4.984927177429199, 1.9275577068328857, 2.7026453018188477, 2.166121482849121, 3.021505117416382, 2.192185401916504, 2.3985185623168945, 2.2425055503845215, 1.0455973148345947, 2.7822539806365967, 0.9774931073188782, 1.0472267866134644, 1.6513460874557495, 1.7833079099655151, 2.4622390270233154, 2.5261220932006836, 15.767451286315918, 8.766376495361328, 3.2065088748931885, 5.402092933654785, 13.11922836303711, 2.057532548904419, 13.090771675109863, 2.250446319580078, 7.1037750244140625, 4.181649684906006, 2.6404030323028564, 5.842059135437012, 2.643760919570923, 2.5290822982788086, 1.5334888696670532, 10.022625923156738, 12.937119483947754, 8.716279983520508, 2.6395316123962402, 2.135633945465088, 4.064028739929199, 2.095585823059082, 6.656987190246582, 11.101762771606445, 2.939847707748413, 14.263175964355469, 5.952108860015869, 14.139107704162598, 1.4299824237823486, 4.6750874519348145, 6.693614482879639, 2.68388295173645, 3.4956061840057373, 3.668499708175659, 1.4015541076660156, 8.713196754455566, 0.807100236415863, 1.4177545309066772, 1.443404197692871, 10.9600248336792, 1.8603657484054565, 1.9445134401321411, 0.9651690721511841, 3.014113187789917, 4.471775054931641, 1.8019870519638062, 1.357113003730774, 5.760001182556152, 0.9549260139465332, 7.271702289581299, 2.076761245727539, 1.6005024909973145, 2.5748484134674072, 4.469532489776611, 1.3078398704528809, 1.0158607959747314, 1.0181281566619873, 1.6896933317184448, 1.8843885660171509, 5.491596698760986, 9.903146743774414, 1.7588468790054321, 9.621063232421875, 1.2697269916534424, 10.205737113952637, 0.8664842247962952, 6.160595893859863, 5.232607364654541, 1.771937608718872, 7.991165637969971, 0.7308302521705627, 2.4931862354278564, 1.4461299180984497, 1.2917606830596924, 2.697705030441284, 0.8063914775848389, 1.0975898504257202, 3.356959581375122, 1.8758763074874878, 1.1658166646957397, 0.9709655046463013, 2.711374282836914, 9.685368537902832, 0.8396365642547607, 7.166582107543945, 6.166281700134277, 1.5290637016296387, 3.9341161251068115, 2.2840070724487305, 10.830793380737305, 3.1368460655212402, 11.13779067993164, 6.641354560852051, 8.249195098876953, 7.522421360015869, 9.628506660461426, 1.1340656280517578, 14.089369773864746, 1.500092625617981, 1.680483341217041, 1.815486192703247, 1.9783645868301392, 3.129868745803833, 2.752931594848633, 2.012392282485962, 0.965606153011322, 1.8596447706222534, 0.7612866759300232, 2.871171474456787, 9.730122566223145, 1.3577978610992432, 6.152227401733398, 1.6950221061706543, 2.330214738845825, 2.4504120349884033, 6.7593865394592285, 0.6994937658309937, 6.679501533508301, 1.043507695198059, 5.751131534576416, 10.37890911102295, 3.433234453201294, 2.900928258895874, 8.135124206542969, 3.5071299076080322, 1.8535102605819702, 6.9028544425964355, 10.094670295715332, 1.7276976108551025, 0.7427154779434204, 1.36594820022583, 1.5804758071899414, 0.9936071634292603, 8.787302017211914, 1.9604897499084473, 1.385536789894104, 2.241870880126953, 2.2187180519104004, 1.9519380331039429, 4.817800998687744, 2.6368377208709717, 1.2687207460403442, 2.0838711261749268, 9.389044761657715, 1.5149362087249756, 6.642009258270264, 10.416499137878418, 2.128291368484497, 0.8860387206077576, 1.1239091157913208, 3.204493761062622, 8.373058319091797, 1.1667026281356812, 8.82919692993164, 2.298849105834961, 1.0160139799118042, 2.6193289756774902, 2.3126468658447266, 0.9692110419273376, 3.5193700790405273, 3.022364616394043, 2.745811700820923, 8.57545280456543, 0.9500203728675842, 13.709423065185547, 1.6042866706848145, 5.888382434844971, 3.335190773010254, 5.084900379180908, 2.892918109893799, 11.570106506347656, 2.3014180660247803, 2.0931131839752197, 7.501728534698486, 1.6487913131713867, 7.957442760467529, 5.327974319458008, 1.267794132232666, 3.2961862087249756, 0.8555158376693726, 0.9132159352302551, 4.286867141723633, 4.105747699737549, 1.7462127208709717, 1.791930079460144, 7.832843780517578, 2.9441826343536377, 13.685206413269043, 1.956068515777588, 13.493782043457031, 2.7403793334960938, 4.5333027839660645, 0.8526619672775269, 2.868504047393799, 1.0406357049942017, 5.1580119132995605, 3.7932939529418945, 1.1195385456085205, 1.0235918760299683, 1.5223809480667114, 2.226975679397583, 11.824697494506836, 1.9496772289276123, 1.4836431741714478, 1.5136429071426392, 10.828197479248047, 5.7100629806518555, 1.5540528297424316, 8.312005996704102, 10.973706245422363, 1.2645461559295654, 11.638642311096191, 1.613861083984375, 1.8806395530700684, 0.9826292991638184, 1.6780511140823364, 1.4288380146026611, 1.2191529273986816, 13.80697250366211]",4.0,"[17.0, 19.0, 20.0, 20.0, 20.0, 20.0, 20.0, 18.0, 18.0, 18.0, 18.0, 18.0, 17.0, 17.0, 17.0, 17.0, 17.0, 16.0, 11.0, 10.0, 10.0, 10.0, 10.0, 10.0, 10.0, 10.0, 10.0, 10.0, 10.0, 10.0, 10.0, 10.0, 10.0, 10.0, 10.0, 10.0, 10.0, 10.0, 10.0, 10.0, 10.0, 10.0, 10.0, 10.0, 10.0, 10.0, 10.0, 10.0, 10.0, 10.0, 10.0, 9.0, 9.0, 9.0, 9.0, 9.0, 9.0, 9.0, 8.0, 8.0, 8.0, 9.0, 9.0, 8.0, 8.0, 8.0, 8.0, 8.0, 8.0, 8.0, 8.0, 7.0, 7.0, 7.0, 7.0, 7.0, 7.0, 7.0, 7.0, 7.0, 7.0, 7.0, 7.0, 7.0, 7.0, 7.0, 7.0, 6.0, 6.0, 6.0, 5.0, 5.0, 5.0, 5.0, 5.0, 5.0, 5.0, 5.0, 5.0, 5.0, 4.0, 4.0, 4.0, 4.0, 4.0, 4.0, 4.0, 4.0, 4.0, 5.0, 5.0, 5.0, 5.0, 5.0, 5.0, 5.0, 5.0, 5.0, 5.0, 5.0, 5.0, 5.0, 4.0, 4.0, 4.0, 4.0, 4.0, 4.0, 4.0, 4.0, 4.0, 4.0, 4.0, 4.0, 4.0, 4.0, 4.0, 4.0, 4.0, 4.0, 4.0, 4.0, 4.0, 5.0, 4.0, 4.0, 4.0, 4.0, 4.0, 4.0, 4.0, 4.0, 4.0, 4.0, 4.0, 4.0, 4.0, 4.0, 4.0, 4.0, 4.0, 4.0, 4.0, 4.0, 4.0, 4.0, 4.0, 4.0, 4.0, 4.0, 4.0, 4.0, 4.0, 4.0, 4.0, 4.0, 4.0, 4.0, 4.0, 4.0, 4.0, 4.0, 4.0, 4.0, 4.0, 4.0, 4.0, 4.0, 4.0, 4.0, 4.0, 4.0, 4.0, 4.0, 4.0, 4.0, 4.0, 4.0, 4.0, 4.0, 4.0, 4.0, 4.0, 4.999275362318841, 4.0, 4.0, 4.0, 4.0, 4.0, 4.0, 4.0, 4.0, 4.0, 4.0, 4.0, 4.0, 4.0, 4.0, 4.0, 4.0, 4.0, 4.0, 4.999275362318841, 4.0, 4.0, 4.0, 4.0, 4.0, 4.0, 4.0, 4.0, 4.0, 4.0, 4.0, 4.0, 4.0, 4.0, 4.0, 4.0, 4.0]",COMPLETE
