,number,value,datetime_start,datetime_complete,duration,params_batch_size_scaler,params_constant_learning_rate,params_depth,params_epochs,params_kernel_l2,params_num_trees,params_temperature,user_attrs_accuracy_test,user_attrs_accuracy_valid,user_attrs_approximate_feature_sparsity,user_attrs_approximate_feature_sparsity_history,user_attrs_approximate_weight_sparsity,user_attrs_approximate_weight_sparsity_history,user_attrs_auc_test,user_attrs_auc_valid,user_attrs_feature_sparsity,user_attrs_feature_sparsity_history,user_attrs_num_epochs,user_attrs_val_loss_history,user_attrs_weight_sparsity,user_attrs_weight_sparsity_history,state
141,141,0.5302649714675839,2024-08-31 06:15:29.403396,2024-08-31 06:16:37.198288,0 days 00:01:07.794892,16,4.997249953542587,1,340,0.04146023055308775,79,0.003315629554674482,0.859,0.85875,6,"[29, 17, 15, 14, 12, 11, 11, 11, 11, 11, 11, 11, 11, 11, 11, 11, 11, 11, 11, 10, 10, 9, 9, 8, 9, 9, 9, 9, 8, 8, 8, 8, 9, 9, 9, 8, 8, 8, 8, 6, 6, 7, 7, 6, 7, 7, 7, 7, 7, 7, 7, 7, 6, 6, 6, 6, 6, 6, 7, 7, 7, 7, 7, 6, 7, 8, 8, 8, 8, 8, 8, 7, 6, 6, 6, 6, 6, 6, 7, 7, 7, 7, 7, 6, 6, 6, 6, 6, 6, 7, 7, 7, 7, 7, 8, 8, 8, 8, 8, 8, 8, 8, 8, 7, 7, 7, 6, 7, 7, 6, 6, 7, 7, 6, 7, 7, 6, 7, 7, 7, 7, 7, 6, 6, 8, 8, 8, 8, 8, 8, 8, 8, 8, 7, 7, 7, 7, 7, 7, 7, 7, 7, 7, 7, 7, 6, 6, 6, 6, 6, 7, 6, 6, 6, 7, 7, 7, 7, 7, 7, 7, 7, 7, 6, 6, 7, 7, 6, 7, 6, 6, 7, 7, 6, 6, 6, 6, 6, 6, 6, 6, 7, 6, 7, 6, 6, 7, 6, 7, 6, 6, 6, 6, 7, 7, 7, 7, 7, 7, 7, 7, 7, 7, 6, 7, 6, 6, 12, 10, 10, 10, 10, 10, 8, 8, 7, 7, 7, 7, 7, 7, 7, 7, 7, 7, 7, 7, 7, 7, 7, 7, 7, 7, 7, 6, 6, 6, 7, 7, 7, 6, 6, 6, 6, 6, 7, 7, 6, 6, 7, 6, 7, 7, 6, 7, 6, 7, 7, 6, 6, 6, 7, 7, 6, 7, 7, 7, 6, 6, 6, 6, 6, 6, 6, 6, 7, 7, 7, 6, 7, 7, 7, 6, 6, 6, 6, 7, 6, 7, 7, 7, 7, 7, 7, 7, 7, 7, 6, 6, 6, 6, 6, 6, 7, 7, 6, 6, 6, 6, 6, 6, 7, 7, 7, 7, 7, 7, 7, 7, 6, 6, 6, 6, 7, 6, 7, 6, 6, 6, 6, 6, 7, 7, 7, 6, 6, 7, 7, 7, 6]",5.924050632911393,"[28.9873417721519, 17.0, 15.0, 13.987341772151899, 12.0, 11.0, 11.0, 11.0, 11.0, 11.0, 11.0, 11.0, 11.0, 11.0, 11.0, 11.0, 11.0, 11.0, 11.0, 10.0, 10.0, 9.0, 9.0, 8.0, 9.0, 9.0, 9.0, 9.0, 8.0, 8.0, 8.0, 8.0, 9.0, 9.0, 9.0, 8.0, 7.987341772151899, 8.0, 8.0, 6.0, 6.0, 7.0, 7.0, 6.0, 7.0, 7.0, 7.0, 7.0, 7.0, 7.0, 7.0, 7.0, 6.0, 6.0, 6.0, 6.0, 5.987341772151899, 6.0, 7.0, 7.0, 7.0, 7.0, 7.0, 6.0, 7.0, 8.0, 8.0, 8.0, 8.0, 7.987341772151899, 8.0, 7.0, 5.987341772151899, 6.0, 6.0, 6.0, 6.0, 6.0, 7.0, 7.0, 7.0, 7.0, 7.0, 6.0, 6.0, 6.0, 6.0, 6.0, 6.0, 7.0, 7.0, 7.0, 7.0, 7.0, 8.0, 8.0, 7.987341772151899, 8.0, 8.0, 8.0, 8.0, 7.987341772151899, 8.0, 7.0, 7.0, 6.987341772151899, 6.0, 7.0, 7.0, 6.0, 6.0, 6.987341772151899, 6.987341772151899, 6.0, 6.987341772151899, 6.987341772151899, 6.0, 6.987341772151899, 6.987341772151899, 6.987341772151899, 6.987341772151899, 6.987341772151899, 6.0, 6.0, 7.974683544303797, 7.974683544303797, 7.974683544303797, 7.974683544303797, 7.974683544303797, 7.974683544303797, 7.974683544303797, 7.974683544303797, 7.974683544303797, 6.987341772151899, 6.987341772151899, 6.987341772151899, 6.987341772151899, 6.987341772151899, 6.987341772151899, 6.987341772151899, 6.987341772151899, 6.987341772151899, 6.987341772151899, 6.987341772151899, 6.987341772151899, 6.0, 6.0, 6.0, 6.0, 6.0, 6.974683544303797, 6.0, 5.987341772151899, 6.0, 6.987341772151899, 6.987341772151899, 6.974683544303797, 6.987341772151899, 6.987341772151899, 6.987341772151899, 6.987341772151899, 6.987341772151899, 6.987341772151899, 6.0, 6.0, 6.974683544303797, 6.974683544303797, 6.0, 6.974683544303797, 6.0, 6.0, 6.987341772151899, 6.987341772151899, 6.0, 6.0, 6.0, 6.0, 6.0, 6.0, 5.987341772151899, 6.0, 6.987341772151899, 6.0, 6.987341772151899, 6.0, 6.0, 6.987341772151899, 6.0, 6.987341772151899, 6.0, 6.0, 6.0, 6.0, 6.987341772151899, 6.974683544303797, 6.974683544303797, 6.987341772151899, 6.987341772151899, 6.987341772151899, 6.974683544303797, 6.987341772151899, 6.974683544303797, 6.987341772151899, 6.0, 6.987341772151899, 6.0, 6.0, 11.886075949367088, 9.924050632911392, 9.949367088607595, 9.924050632911392, 9.924050632911392, 9.936708860759493, 7.949367088607595, 7.949367088607595, 6.974683544303797, 6.962025316455696, 6.974683544303797, 6.974683544303797, 6.974683544303797, 6.974683544303797, 6.974683544303797, 6.974683544303797, 6.974683544303797, 6.974683544303797, 6.974683544303797, 6.974683544303797, 6.974683544303797, 6.974683544303797, 6.974683544303797, 6.974683544303797, 6.974683544303797, 6.974683544303797, 6.974683544303797, 5.974683544303797, 5.962025316455696, 5.936708860759493, 6.949367088607595, 6.962025316455696, 6.962025316455696, 5.962025316455696, 5.949367088607595, 5.962025316455696, 5.974683544303797, 5.974683544303797, 6.949367088607595, 6.962025316455696, 5.974683544303797, 5.962025316455696, 6.936708860759493, 5.974683544303797, 6.949367088607595, 6.949367088607595, 5.949367088607595, 6.936708860759493, 5.962025316455696, 6.936708860759493, 6.924050632911392, 5.936708860759493, 5.936708860759493, 5.924050632911392, 6.911392405063291, 6.924050632911392, 5.936708860759493, 6.89873417721519, 6.89873417721519, 6.89873417721519, 5.924050632911393, 5.924050632911393, 5.924050632911393, 5.924050632911393, 5.924050632911393, 5.9113924050632916, 5.89873417721519, 5.9113924050632916, 6.886075949367089, 6.89873417721519, 6.9113924050632916, 5.924050632911393, 6.9113924050632916, 6.9113924050632916, 6.89873417721519, 5.924050632911393, 5.924050632911393, 5.9113924050632916, 5.924050632911393, 6.89873417721519, 5.924050632911393, 6.9113924050632916, 6.9113924050632916, 6.886075949367089, 6.9113924050632916, 6.89873417721519, 6.9113924050632916, 6.9113924050632916, 6.9113924050632916, 6.9113924050632916, 5.924050632911393, 5.924050632911393, 5.924050632911393, 5.924050632911393, 5.924050632911393, 5.9113924050632916, 6.89873417721519, 6.89873417721519, 5.924050632911393, 5.924050632911393, 5.924050632911393, 5.9113924050632916, 5.9113924050632916, 5.9113924050632916, 6.9113924050632916, 6.9113924050632916, 6.886075949367089, 6.89873417721519, 6.89873417721519, 6.9113924050632916, 6.9113924050632916, 6.9113924050632916, 5.924050632911393, 5.9113924050632916, 5.9113924050632916, 5.924050632911393, 6.9113924050632916, 5.924050632911393, 6.886075949367089, 5.9113924050632916, 5.89873417721519, 5.89873417721519, 5.924050632911393, 5.9113924050632916, 6.9113924050632916, 6.89873417721519, 6.886075949367089, 5.9113924050632916, 5.9113924050632916, 6.9113924050632916, 6.89873417721519, 6.9113924050632916, 5.924050632911393]",0.5526713397567681,0.5302649714675839,6,"[29, 17, 15, 14, 12, 11, 11, 11, 11, 11, 11, 11, 11, 11, 11, 11, 11, 11, 11, 10, 10, 9, 9, 8, 9, 9, 9, 9, 8, 8, 8, 8, 9, 9, 9, 8, 8, 8, 8, 6, 6, 7, 7, 6, 7, 7, 7, 7, 7, 7, 7, 7, 6, 6, 6, 6, 6, 6, 7, 7, 7, 7, 7, 6, 7, 8, 8, 8, 8, 8, 8, 7, 6, 6, 6, 6, 6, 6, 7, 7, 7, 7, 7, 6, 6, 6, 6, 6, 6, 7, 7, 7, 7, 7, 8, 8, 8, 8, 8, 8, 8, 8, 8, 7, 7, 7, 6, 7, 7, 6, 6, 7, 7, 6, 7, 7, 6, 7, 7, 7, 7, 7, 6, 6, 8, 8, 8, 8, 8, 8, 8, 8, 8, 7, 7, 7, 7, 7, 7, 7, 7, 7, 7, 7, 7, 6, 6, 6, 6, 6, 7, 6, 6, 6, 7, 7, 7, 7, 7, 7, 7, 7, 7, 6, 6, 7, 7, 6, 7, 6, 6, 7, 7, 6, 6, 6, 6, 6, 6, 6, 6, 7, 6, 7, 6, 6, 7, 6, 7, 6, 6, 6, 6, 7, 7, 7, 7, 7, 7, 7, 7, 7, 7, 6, 7, 6, 6, 12, 10, 10, 10, 10, 10, 8, 8, 7, 7, 7, 7, 7, 7, 7, 7, 7, 7, 7, 7, 7, 7, 7, 7, 7, 7, 7, 6, 6, 6, 7, 7, 7, 6, 6, 6, 6, 6, 7, 7, 6, 6, 7, 6, 7, 7, 6, 7, 6, 7, 7, 6, 6, 6, 7, 7, 6, 7, 7, 7, 6, 6, 6, 6, 6, 6, 6, 6, 7, 7, 7, 6, 7, 7, 7, 6, 6, 6, 6, 7, 6, 7, 7, 7, 7, 7, 7, 7, 7, 7, 6, 6, 6, 6, 6, 6, 7, 7, 6, 6, 6, 6, 6, 6, 7, 7, 7, 7, 7, 7, 7, 7, 6, 6, 6, 6, 7, 6, 7, 6, 6, 6, 6, 6, 7, 7, 7, 6, 6, 7, 7, 7, 6]",340,"[30.936063766479492, 88.32952880859375, 59.13193893432617, 66.47704315185547, 13.2140474319458, 56.01533508300781, 50.45954513549805, 4.049278736114502, 29.564573287963867, 17.432235717773438, 36.3817024230957, 24.112873077392578, 1.8390235900878906, 36.319217681884766, 14.463829040527344, 39.70560836791992, 37.4793815612793, 12.241549491882324, 28.626422882080078, 22.942129135131836, 32.62065124511719, 11.1656494140625, 11.028250694274902, 2.7565202713012695, 23.714275360107422, 35.88532638549805, 26.510509490966797, 14.989522933959961, 36.55302429199219, 51.201744079589844, 31.20940589904785, 43.67890930175781, 15.759082794189453, 14.537981033325195, 7.253766059875488, 3.3520846366882324, 40.16389083862305, 16.341995239257812, 15.001256942749023, 39.37767028808594, 17.01706886291504, 7.65767765045166, 3.429633378982544, 29.875986099243164, 7.718204498291016, 16.13257598876953, 11.374127388000488, 16.910194396972656, 41.026493072509766, 55.439483642578125, 10.523819923400879, 5.118227005004883, 7.4681291580200195, 4.060277938842773, 40.45878982543945, 40.40480422973633, 14.285279273986816, 30.152877807617188, 11.621601104736328, 5.557734966278076, 29.695077896118164, 44.30941390991211, 32.00242614746094, 3.375642776489258, 28.53722381591797, 10.651598930358887, 6.157893180847168, 10.973993301391602, 28.01288414001465, 35.3369026184082, 28.871295928955078, 4.005529403686523, 5.243346691131592, 23.209247589111328, 29.46511459350586, 3.0199639797210693, 12.423103332519531, 6.1909284591674805, 19.758481979370117, 8.771404266357422, 23.46356773376465, 41.866153717041016, 5.653748035430908, 12.544913291931152, 35.08238220214844, 4.4475860595703125, 42.698307037353516, 5.17399787902832, 19.036745071411133, 16.578468322753906, 32.414833068847656, 12.573969841003418, 8.195952415466309, 45.18031692504883, 46.84219741821289, 44.79829406738281, 19.17449951171875, 25.761302947998047, 22.617660522460938, 19.22066307067871, 12.817017555236816, 27.59881019592285, 45.653663635253906, 42.568477630615234, 14.061905860900879, 14.781957626342773, 16.36394500732422, 26.7681941986084, 4.600739479064941, 9.80490779876709, 23.483678817749023, 37.36045455932617, 21.284379959106445, 21.744861602783203, 28.529043197631836, 6.1592607498168945, 8.797933578491211, 6.279728412628174, 6.977977752685547, 4.969677925109863, 4.526588439941406, 4.813097953796387, 20.69976234436035, 5.441333770751953, 31.839397430419922, 6.136927604675293, 27.517780303955078, 13.345252990722656, 22.172807693481445, 55.366058349609375, 11.792760848999023, 32.26741027832031, 7.351407527923584, 9.457359313964844, 16.87889289855957, 16.022113800048828, 45.809574127197266, 27.78250503540039, 45.24239730834961, 20.131731033325195, 29.158533096313477, 39.44414520263672, 13.312154769897461, 12.747153282165527, 13.298707008361816, 44.29033660888672, 6.5528435707092285, 15.443523406982422, 29.097185134887695, 3.7056045532226562, 4.8564372062683105, 17.462379455566406, 25.60399627685547, 10.686383247375488, 41.59282684326172, 27.72446060180664, 30.128461837768555, 11.292574882507324, 24.852293014526367, 8.49869155883789, 42.66130065917969, 21.440587997436523, 19.810935974121094, 6.827979564666748, 3.738743543624878, 11.58544921875, 14.633284568786621, 7.877809524536133, 13.475642204284668, 8.815397262573242, 9.262478828430176, 31.559377670288086, 12.314109802246094, 26.474834442138672, 29.872732162475586, 14.099905967712402, 26.188282012939453, 6.238091945648193, 5.437611103057861, 3.1992874145507812, 31.300825119018555, 33.66974639892578, 17.205984115600586, 37.12128829956055, 5.050004482269287, 37.230445861816406, 44.811527252197266, 7.056061267852783, 18.07313346862793, 27.169662475585938, 16.1871280670166, 4.8254523277282715, 4.816680908203125, 14.37356185913086, 9.454523086547852, 3.5754239559173584, 4.6112470626831055, 5.802023410797119, 51.99054718017578, 12.832477569580078, 33.48853302001953, 23.281965255737305, 48.5539436340332, 24.18268394470215, 23.511537551879883, 25.138181686401367, 18.776023864746094, 21.44988250732422, 18.295259475708008, 30.808460235595703, 20.94329261779785, 12.246045112609863, 51.271217346191406, 53.09059143066406, 19.6672306060791, 44.50727081298828, 11.834449768066406, 19.973106384277344, 40.845558166503906, 29.993391036987305, 8.146775245666504, 21.281946182250977, 15.116676330566406, 6.9877800941467285, 6.350003242492676, 43.84235382080078, 22.547164916992188, 20.540973663330078, 42.073760986328125, 15.711394309997559, 26.854101181030273, 48.06211471557617, 37.9231071472168, 40.32107925415039, 11.194184303283691, 36.9727668762207, 10.355483055114746, 41.101722717285156, 11.30909538269043, 12.448251724243164, 8.125982284545898, 21.545238494873047, 7.1356682777404785, 10.515076637268066, 17.233306884765625, 7.972621917724609, 9.394981384277344, 2.8093554973602295, 3.2633817195892334, 16.90114402770996, 13.953879356384277, 14.156806945800781, 11.376864433288574, 3.3952388763427734, 25.715608596801758, 4.259668350219727, 35.102970123291016, 10.694074630737305, 19.101106643676758, 5.896707057952881, 34.405548095703125, 13.895272254943848, 5.644485950469971, 27.311189651489258, 18.262414932250977, 13.213614463806152, 5.076566696166992, 7.71165657043457, 4.447341442108154, 15.75364875793457, 14.964066505432129, 8.316654205322266, 3.8459043502807617, 12.679814338684082, 17.005691528320312, 44.617881774902344, 14.15199089050293, 12.067317962646484, 3.9280951023101807, 21.624937057495117, 31.294649124145508, 12.329419136047363, 6.0724263191223145, 18.3746280670166, 35.73815155029297, 7.7134881019592285, 11.715764045715332, 17.66005516052246, 12.535821914672852, 12.624271392822266, 18.20181655883789, 10.341456413269043, 26.3393611907959, 6.877178192138672, 9.871177673339844, 4.712081432342529, 37.68000793457031, 13.40239143371582, 34.36772537231445, 10.785296440124512, 4.009350299835205, 26.420942306518555, 4.387342929840088, 22.64703369140625, 17.209360122680664, 10.45130729675293, 40.39384460449219, 5.557264804840088, 14.462080955505371, 6.2429890632629395, 9.428365707397461, 39.371578216552734, 26.43431854248047, 13.17255973815918, 20.119794845581055, 53.04423522949219, 11.845863342285156, 6.787809371948242, 3.123814344406128, 10.986286163330078, 27.46892547607422, 15.419517517089844, 5.838846206665039, 15.547268867492676, 14.387763977050781, 9.542688369750977, 17.883092880249023, 13.052240371704102, 32.389198303222656, 5.051804065704346, 33.4039306640625, 48.18193435668945, 11.107552528381348, 5.419353008270264, 42.57731628417969, 19.022151947021484, 29.583850860595703, 16.29840850830078, 5.2391252517700195, 31.696733474731445]",6.0,"[29.0, 17.0, 15.0, 14.0, 12.0, 11.0, 11.0, 11.0, 11.0, 11.0, 11.0, 11.0, 11.0, 11.0, 11.0, 11.0, 11.0, 11.0, 11.0, 10.0, 10.0, 9.0, 9.0, 8.0, 9.0, 9.0, 9.0, 9.0, 8.0, 8.0, 8.0, 8.0, 9.0, 9.0, 9.0, 8.0, 8.0, 8.0, 8.0, 6.0, 6.0, 7.0, 7.0, 6.0, 7.0, 7.0, 7.0, 7.0, 7.0, 7.0, 7.0, 7.0, 6.0, 6.0, 6.0, 6.0, 6.0, 6.0, 7.0, 7.0, 7.0, 7.0, 7.0, 6.0, 7.0, 8.0, 8.0, 8.0, 8.0, 8.0, 8.0, 7.0, 6.0, 6.0, 6.0, 6.0, 6.0, 6.0, 7.0, 7.0, 7.0, 7.0, 7.0, 6.0, 6.0, 6.0, 6.0, 6.0, 6.0, 7.0, 7.0, 7.0, 7.0, 7.0, 8.0, 8.0, 8.0, 8.0, 8.0, 8.0, 8.0, 8.0, 8.0, 7.0, 7.0, 7.0, 6.0, 7.0, 7.0, 6.0, 6.0, 7.0, 7.0, 6.0, 7.0, 7.0, 6.0, 7.0, 7.0, 7.0, 7.0, 7.0, 6.0, 6.0, 8.0, 8.0, 8.0, 8.0, 8.0, 8.0, 8.0, 8.0, 8.0, 7.0, 7.0, 7.0, 7.0, 7.0, 7.0, 7.0, 7.0, 7.0, 7.0, 7.0, 7.0, 6.0, 6.0, 6.0, 6.0, 6.0, 7.0, 6.0, 6.0, 6.0, 7.0, 7.0, 7.0, 7.0, 7.0, 7.0, 7.0, 7.0, 7.0, 6.0, 6.0, 7.0, 7.0, 6.0, 7.0, 6.0, 6.0, 7.0, 7.0, 6.0, 6.0, 6.0, 6.0, 6.0, 6.0, 6.0, 6.0, 7.0, 6.0, 7.0, 6.0, 6.0, 7.0, 6.0, 7.0, 6.0, 6.0, 6.0, 6.0, 7.0, 7.0, 7.0, 7.0, 7.0, 7.0, 7.0, 7.0, 7.0, 7.0, 6.0, 7.0, 6.0, 6.0, 12.0, 10.0, 10.0, 10.0, 10.0, 10.0, 8.0, 8.0, 7.0, 7.0, 7.0, 7.0, 7.0, 7.0, 7.0, 7.0, 7.0, 7.0, 7.0, 7.0, 7.0, 7.0, 7.0, 7.0, 7.0, 7.0, 7.0, 6.0, 6.0, 6.0, 7.0, 7.0, 7.0, 6.0, 6.0, 6.0, 6.0, 6.0, 7.0, 7.0, 6.0, 6.0, 7.0, 6.0, 7.0, 7.0, 6.0, 7.0, 6.0, 7.0, 7.0, 6.0, 6.0, 6.0, 7.0, 7.0, 6.0, 7.0, 7.0, 7.0, 6.0, 6.0, 6.0, 6.0, 6.0, 6.0, 6.0, 6.0, 7.0, 7.0, 7.0, 6.0, 7.0, 7.0, 7.0, 6.0, 6.0, 6.0, 6.0, 7.0, 6.0, 7.0, 7.0, 7.0, 7.0, 7.0, 7.0, 7.0, 7.0, 7.0, 6.0, 6.0, 6.0, 6.0, 6.0, 6.0, 7.0, 7.0, 6.0, 6.0, 6.0, 6.0, 6.0, 6.0, 7.0, 7.0, 7.0, 7.0, 7.0, 7.0, 7.0, 7.0, 6.0, 6.0, 6.0, 6.0, 7.0, 6.0, 7.0, 6.0, 6.0, 6.0, 6.0, 6.0, 7.0, 7.0, 7.0, 6.0, 6.0, 7.0, 7.0, 7.0, 6.0]",COMPLETE
142,142,0.7702206592727132,2024-08-31 06:16:41.787289,2024-08-31 06:16:57.453639,0 days 00:00:15.666350,64,0.09717954582572333,1,105,0.21532708943050097,87,0.0040659317214196715,0.877,0.87,33,"[33, 33, 33, 33, 33, 33, 33, 33, 33, 33, 33, 33, 33, 33, 33, 33, 33, 33, 33, 33, 33, 33, 33, 33, 33, 33, 33, 33, 33, 33, 33, 33, 33, 33, 33, 33, 33, 33, 33, 33, 33, 33, 33, 33, 33, 33, 33, 33, 33, 33, 33, 33, 33, 33, 33, 33, 33, 33, 33, 33, 33, 33, 33, 33, 33, 33, 33, 33, 33, 33, 33, 33, 33, 33, 33, 33, 33, 33, 33, 33, 33, 33, 33, 33, 33, 33, 33, 33, 33, 33, 33, 33, 33, 33, 33, 33, 33, 33, 33, 33, 33, 33, 33, 33, 33]",32.98850574712644,"[33.0, 32.98850574712644, 32.98850574712644, 32.98850574712644, 33.0, 33.0, 33.0, 32.98850574712644, 32.98850574712644, 33.0, 33.0, 33.0, 32.97701149425288, 32.98850574712644, 32.94252873563219, 32.95402298850575, 32.98850574712644, 33.0, 33.0, 33.0, 32.98850574712644, 32.98850574712644, 32.94252873563218, 32.96551724137931, 32.97701149425288, 32.98850574712644, 32.98850574712644, 32.98850574712644, 32.97701149425288, 33.0, 32.97701149425288, 32.98850574712644, 32.98850574712644, 33.0, 32.98850574712644, 32.97701149425288, 32.97701149425288, 33.0, 32.98850574712644, 32.98850574712644, 32.94252873563218, 32.98850574712644, 32.96551724137931, 32.96551724137931, 32.97701149425288, 32.96551724137931, 32.96551724137931, 32.96551724137931, 32.96551724137931, 32.96551724137931, 32.97701149425288, 32.96551724137931, 32.95402298850575, 33.0, 32.97701149425288, 32.97701149425288, 32.98850574712644, 33.0, 32.98850574712644, 33.0, 32.98850574712644, 33.0, 32.98850574712644, 32.98850574712644, 33.0, 33.0, 33.0, 33.0, 33.0, 32.98850574712644, 32.98850574712644, 32.98850574712644, 32.97701149425288, 32.98850574712644, 33.0, 32.98850574712644, 32.96551724137931, 32.96551724137931, 32.97701149425288, 33.0, 33.0, 32.97701149425288, 33.0, 32.98850574712644, 33.0, 33.0, 33.0, 33.0, 33.0, 33.0, 33.0, 33.0, 33.0, 32.96551724137931, 32.97701149425288, 32.96551724137931, 32.97701149425288, 32.97701149425288, 32.97701149425288, 32.98850574712644, 32.98850574712644, 32.97701149425288, 32.95402298850575, 32.96551724137931, 32.98850574712644]",0.798115902542128,0.7702206592727132,33,"[33, 33, 33, 33, 33, 33, 33, 33, 33, 33, 33, 33, 33, 33, 33, 33, 33, 33, 33, 33, 33, 33, 33, 33, 33, 33, 33, 33, 33, 33, 33, 33, 33, 33, 33, 33, 33, 33, 33, 33, 33, 33, 33, 33, 33, 33, 33, 33, 33, 33, 33, 33, 33, 33, 33, 33, 33, 33, 33, 33, 33, 33, 33, 33, 33, 33, 33, 33, 33, 33, 33, 33, 33, 33, 33, 33, 33, 33, 33, 33, 33, 33, 33, 33, 33, 33, 33, 33, 33, 33, 33, 33, 33, 33, 33, 33, 33, 33, 33, 33, 33, 33, 33, 33, 33]",105,"[0.5252653956413269, 0.5229253768920898, 0.5266900062561035, 0.5231353640556335, 0.514395534992218, 0.5093656182289124, 0.5192662477493286, 0.5126416683197021, 0.5034432411193848, 0.50294029712677, 0.4982001781463623, 0.49687817692756653, 0.49562227725982666, 0.5012167692184448, 0.49269065260887146, 0.4910276532173157, 0.4937235713005066, 0.4947771728038788, 0.4868389368057251, 0.48638442158699036, 0.4844931662082672, 0.48576557636260986, 0.4867248237133026, 0.48185664415359497, 0.4842594265937805, 0.4792500436306, 0.486887127161026, 0.47972020506858826, 0.4852868616580963, 0.477899432182312, 0.4781445562839508, 0.4754564166069031, 0.47419100999832153, 0.47384846210479736, 0.47091418504714966, 0.4769364595413208, 0.47034159302711487, 0.47091060876846313, 0.4677870571613312, 0.46666789054870605, 0.4693198502063751, 0.4669486880302429, 0.4682723581790924, 0.4734143018722534, 0.4796539545059204, 0.4635903835296631, 0.46320533752441406, 0.4604767858982086, 0.4696089029312134, 0.4596583843231201, 0.47086644172668457, 0.4601172208786011, 0.45932796597480774, 0.45657429099082947, 0.45566368103027344, 0.4562874734401703, 0.460249125957489, 0.46202418208122253, 0.4524327218532562, 0.4519640803337097, 0.4551793932914734, 0.45118412375450134, 0.4591867923736572, 0.44968166947364807, 0.44965484738349915, 0.44823458790779114, 0.46073541045188904, 0.449235737323761, 0.446125328540802, 0.46136710047721863, 0.44868728518486023, 0.44564682245254517, 0.44596967101097107, 0.4440665543079376, 0.442588210105896, 0.4452750086784363, 0.44498783349990845, 0.44048526883125305, 0.43919694423675537, 0.43848279118537903, 0.44281110167503357, 0.4435316324234009, 0.4378429651260376, 0.43524056673049927, 0.438752144575119, 0.4348584711551666, 0.4408669173717499, 0.43688687682151794, 0.43268927931785583, 0.4383031725883484, 0.43133819103240967, 0.4305703341960907, 0.43154916167259216, 0.43340927362442017, 0.433805912733078, 0.428559273481369, 0.430459201335907, 0.42785152792930603, 0.4476644992828369, 0.42834463715553284, 0.42792195081710815, 0.4266234338283539, 0.43676814436912537, 0.4248737096786499, 0.4239528179168701]",33.0,"[33.0, 33.0, 33.0, 33.0, 33.0, 33.0, 33.0, 33.0, 33.0, 33.0, 33.0, 33.0, 33.0, 33.0, 33.0, 33.0, 33.0, 33.0, 33.0, 33.0, 33.0, 33.0, 33.0, 33.0, 33.0, 33.0, 33.0, 33.0, 33.0, 33.0, 33.0, 33.0, 33.0, 33.0, 33.0, 33.0, 33.0, 33.0, 33.0, 33.0, 33.0, 33.0, 33.0, 33.0, 33.0, 33.0, 33.0, 33.0, 33.0, 33.0, 33.0, 33.0, 33.0, 33.0, 33.0, 33.0, 33.0, 33.0, 33.0, 33.0, 33.0, 33.0, 33.0, 33.0, 33.0, 33.0, 33.0, 33.0, 33.0, 33.0, 33.0, 33.0, 33.0, 33.0, 33.0, 33.0, 33.0, 33.0, 33.0, 33.0, 33.0, 33.0, 33.0, 33.0, 33.0, 33.0, 33.0, 33.0, 33.0, 33.0, 33.0, 33.0, 33.0, 33.0, 33.0, 33.0, 33.0, 33.0, 33.0, 33.0, 33.0, 33.0, 33.0, 33.0, 33.0]",COMPLETE
143,143,0.6979685950200306,2024-08-31 06:17:01.925206,2024-08-31 06:17:08.409030,0 days 00:00:06.483824,4,0.07429231864167418,2,5,0.07815990960880233,85,0.0002044942778257372,0.862,0.85875,33,"[33, 33, 33, 33, 33]",32.96862745098039,"[32.96078431372549, 32.96078431372549, 32.976470588235294, 32.97254901960784, 32.96862745098039]",0.7279947819912649,0.6979685950200306,33,"[33, 33, 33, 33, 33]",5,"[0.41377198696136475, 0.40103036165237427, 0.396483838558197, 0.38919949531555176, 0.3850176930427551]",33.0,"[33.0, 33.0, 33.0, 33.0, 33.0]",COMPLETE
