,number,value,datetime_start,datetime_complete,duration,params_batch_size_scaler,params_constant_learning_rate,params_depth,params_epochs,params_kernel_l2,params_num_trees,params_temperature,user_attrs_accuracy_test,user_attrs_accuracy_valid,user_attrs_approximate_feature_sparsity,user_attrs_approximate_feature_sparsity_history,user_attrs_approximate_weight_sparsity,user_attrs_approximate_weight_sparsity_history,user_attrs_auc_test,user_attrs_auc_valid,user_attrs_feature_sparsity,user_attrs_feature_sparsity_history,user_attrs_num_epochs,user_attrs_val_loss_history,user_attrs_weight_sparsity,user_attrs_weight_sparsity_history,state
53,53,0.923806211436153,2024-08-31 02:35:39.544759,2024-08-31 02:41:23.024788,0 days 00:05:43.480029,64,5.554525549327457,6,410,0.001316522877617134,80,0.0003375091420246112,0.941,0.945,15,"[33, 33, 33, 33, 33, 33, 33, 33, 33, 33, 33, 33, 33, 33, 33, 33, 33, 33, 33, 33, 33, 33, 33, 33, 33, 33, 33, 33, 33, 33, 33, 33, 33, 33, 33, 33, 33, 33, 33, 33, 33, 33, 33, 33, 32, 29, 28, 24, 23, 23, 23, 23, 23, 23, 23, 23, 22, 22, 22, 22, 22, 22, 21, 20, 20, 20, 20, 20, 20, 20, 20, 20, 20, 20, 20, 20, 20, 20, 20, 20, 20, 20, 20, 20, 20, 20, 20, 20, 20, 20, 20, 20, 20, 20, 20, 20, 20, 20, 18, 18, 18, 18, 18, 18, 18, 18, 18, 18, 18, 18, 18, 18, 18, 18, 18, 18, 18, 18, 18, 18, 18, 18, 18, 18, 18, 18, 18, 18, 18, 18, 17, 17, 17, 17, 17, 17, 17, 17, 17, 17, 17, 17, 17, 17, 17, 17, 17, 17, 17, 17, 17, 17, 17, 17, 17, 17, 17, 17, 17, 17, 17, 17, 17, 17, 17, 17, 17, 17, 17, 17, 17, 17, 17, 17, 17, 17, 17, 17, 17, 17, 17, 17, 17, 17, 17, 17, 17, 17, 17, 17, 17, 17, 17, 17, 17, 17, 17, 17, 17, 17, 17, 17, 17, 17, 17, 17, 17, 17, 17, 17, 17, 17, 17, 17, 17, 17, 17, 17, 17, 17, 17, 16, 16, 16, 16, 16, 16, 16, 16, 16, 16, 16, 16, 16, 16, 16, 16, 16, 16, 16, 16, 16, 16, 16, 16, 16, 16, 16, 16, 16, 16, 16, 16, 16, 16, 16, 16, 16, 16, 16, 16, 16, 16, 16, 16, 16, 16, 16, 16, 16, 16, 16, 16, 16, 16, 16, 16, 16, 16, 16, 16, 16, 16, 16, 16, 16, 16, 16, 16, 16, 16, 16, 16, 16, 16, 16, 16, 16, 16, 16, 16, 16, 16, 16, 16, 16, 16, 16, 16, 16, 16, 16, 16, 16, 16, 16, 16, 16, 15, 15, 15, 15, 15, 15, 15, 15, 15, 15, 15, 15, 15, 15, 15, 15, 15, 15, 15, 15, 15, 15, 15, 15, 15, 15, 15, 15, 15, 15, 15, 15, 15, 15, 15, 15, 15, 15, 15, 15, 15, 15, 15, 15, 15, 15, 15, 15, 15, 15, 15, 15, 15, 15, 15, 15, 15, 15, 15, 15, 15, 15, 15, 15, 15, 15, 15, 15, 15, 15, 15, 15, 15, 15, 15, 15, 15, 15, 15, 15, 15, 15, 15, 15, 15, 15, 15, 15, 15, 15, 15, 15]",14.964682539682537,"[32.8938492063492, 32.91289682539682, 32.90257936507936, 32.908928571428575, 32.90257936507937, 32.903373015873015, 32.89960317460317, 32.90297619047619, 32.90853174603175, 32.90535714285714, 32.900198412698415, 32.9, 32.90277777777778, 32.906150793650795, 32.90813492063492, 32.907738095238095, 32.910515873015875, 32.90734126984127, 32.90734126984127, 32.910714285714285, 32.912103174603175, 32.91111111111111, 32.904960317460315, 32.908928571428575, 32.911904761904765, 32.904761904761905, 32.90396825396825, 32.910515873015875, 32.90674603174604, 32.911904761904765, 32.903373015873015, 32.9093253968254, 32.90138888888889, 32.90873015873016, 32.90654761904762, 32.90555555555556, 32.903373015873015, 32.901785714285715, 32.90972222222222, 32.90376984126984, 32.900198412698415, 32.90277777777778, 32.91031746031746, 32.90833333333333, 31.912499999999998, 28.914087301587305, 27.918650793650794, 23.932539682539684, 22.936309523809527, 22.9359126984127, 22.938492063492067, 22.931746031746034, 22.9390873015873, 22.93095238095238, 22.928373015873017, 22.935714285714287, 21.942658730158733, 21.939484126984127, 21.941666666666666, 21.938095238095237, 21.94107142857143, 21.945833333333336, 20.946825396825393, 19.951984126984126, 19.947420634920636, 19.94325396825397, 19.943650793650793, 19.943253968253966, 19.94186507936508, 19.943055555555556, 19.942261904761903, 19.942460317460316, 19.947023809523813, 19.94642857142857, 19.94583333333333, 19.94642857142857, 19.941468253968253, 19.949404761904763, 19.95, 19.949801587301586, 19.94781746031746, 19.950396825396826, 19.95, 19.94920634920635, 19.947420634920636, 19.950198412698416, 19.952182539682543, 19.950793650793653, 19.95297619047619, 19.94940476190476, 19.953174603174602, 19.951190476190476, 19.95138888888889, 19.952579365079362, 19.951785714285716, 19.947619047619046, 19.947222222222223, 19.952380952380953, 17.954365079365083, 17.95674603174603, 17.95873015873016, 17.96170634920635, 17.95595238095238, 17.958928571428572, 17.959325396825395, 17.95575396825397, 17.96011904761905, 17.95714285714286, 17.95873015873016, 17.95595238095238, 17.954761904761906, 17.95357142857143, 17.956944444444446, 17.953968253968256, 17.95337301587302, 17.959325396825395, 17.959325396825395, 17.96011904761905, 17.95436507936508, 17.957539682539682, 17.95654761904762, 17.95873015873016, 17.961904761904762, 17.957341269841272, 17.95654761904762, 17.958134920634922, 17.954166666666666, 17.952976190476193, 17.952579365079366, 17.954166666666666, 16.957142857142856, 16.962896825396825, 16.959920634920636, 16.961309523809526, 16.95952380952381, 16.95714285714286, 16.964087301587302, 16.961309523809522, 16.961904761904762, 16.96031746031746, 16.95873015873016, 16.95813492063492, 16.95654761904762, 16.95813492063492, 16.956944444444446, 16.95952380952381, 16.961111111111112, 16.959126984126986, 16.960714285714282, 16.96150793650794, 16.95793650793651, 16.95436507936508, 16.959126984126986, 16.961309523809522, 16.96230158730159, 16.961309523809526, 16.959722222222222, 16.959920634920636, 16.95793650793651, 16.958134920634922, 16.958928571428572, 16.959126984126986, 16.957738095238096, 16.956746031746032, 16.95952380952381, 16.960317460317462, 16.95793650793651, 16.955158730158733, 16.954563492063492, 16.95634920634921, 16.952777777777776, 16.953174603174606, 16.957142857142856, 16.953968253968256, 16.949404761904763, 16.952579365079366, 16.952976190476193, 16.95436507936508, 16.957142857142856, 16.954960317460316, 16.954761904761906, 16.95436507936508, 16.95297619047619, 16.956150793650792, 16.956150793650792, 16.955952380952382, 16.95595238095238, 16.95873015873016, 16.95813492063492, 16.956944444444446, 16.956746031746032, 16.959126984126982, 16.956150793650796, 16.957142857142856, 16.95734126984127, 16.95734126984127, 16.963690476190475, 16.958531746031746, 16.958333333333336, 16.957142857142856, 16.958134920634922, 16.9609126984127, 16.962698412698412, 16.96150793650794, 16.95952380952381, 16.95674603174603, 16.95734126984127, 16.956746031746032, 16.961309523809526, 16.958134920634922, 16.96011904761905, 16.96031746031746, 16.959920634920636, 16.956944444444446, 16.959325396825395, 16.959722222222222, 16.961507936507935, 16.959920634920636, 16.96170634920635, 16.961507936507935, 16.959722222222222, 15.9625, 15.96170634920635, 15.95952380952381, 15.964087301587302, 15.96170634920635, 15.961111111111112, 15.958928571428572, 15.95892857142857, 15.962301587301589, 15.961309523809526, 15.962301587301589, 15.959126984126984, 15.961309523809524, 15.96170634920635, 15.961111111111112, 15.961706349206349, 15.959920634920636, 15.961111111111112, 15.961507936507935, 15.959722222222222, 15.96190476190476, 15.962698412698414, 15.961507936507937, 15.961904761904762, 15.965277777777777, 15.964880952380954, 15.96706349206349, 15.961904761904762, 15.960119047619047, 15.959920634920634, 15.9625, 15.960714285714285, 15.960912698412699, 15.957738095238096, 15.96388888888889, 15.960714285714285, 15.962499999999999, 15.962896825396825, 15.960515873015874, 15.959920634920636, 15.960912698412697, 15.960912698412699, 15.960714285714284, 15.9625, 15.960515873015872, 15.961706349206349, 15.963293650793652, 15.962103174603174, 15.960515873015876, 15.964087301587302, 15.962698412698412, 15.959325396825397, 15.959126984126984, 15.960714285714285, 15.963888888888889, 15.964880952380952, 15.962301587301587, 15.962499999999999, 15.961904761904762, 15.958730158730159, 15.959920634920636, 15.962301587301587, 15.960912698412699, 15.962301587301587, 15.955753968253967, 15.962301587301589, 15.962301587301589, 15.963293650793652, 15.960714285714285, 15.960714285714285, 15.963095238095237, 15.965476190476188, 15.960714285714287, 15.9625, 15.96190476190476, 15.962103174603174, 15.962499999999999, 15.959920634920636, 15.961111111111112, 15.960912698412699, 15.96329365079365, 15.95952380952381, 15.960714285714285, 15.959920634920636, 15.962698412698414, 15.964484126984129, 15.964484126984127, 15.962103174603175, 15.962698412698412, 15.964484126984127, 15.964880952380952, 15.966865079365078, 15.966269841269842, 15.963293650793652, 15.96468253968254, 15.96686507936508, 15.965674603174602, 14.96984126984127, 14.968253968253968, 14.969246031746033, 14.971428571428572, 14.969642857142855, 14.968253968253967, 14.970238095238097, 14.967460317460318, 14.968650793650795, 14.967261904761905, 14.96607142857143, 14.967261904761903, 14.96468253968254, 14.968452380952382, 14.96845238095238, 14.967261904761907, 14.970039682539685, 14.96547619047619, 14.966865079365078, 14.967261904761903, 14.967460317460318, 14.965674603174602, 14.963690476190477, 14.965674603174604, 14.964880952380954, 14.964087301587302, 14.966468253968253, 14.964484126984127, 14.962301587301589, 14.962301587301587, 14.964285714285715, 14.965674603174602, 14.962896825396825, 14.962698412698412, 14.96547619047619, 14.968452380952378, 14.96607142857143, 14.966666666666665, 14.969047619047618, 14.965476190476192, 14.967261904761905, 14.963888888888889, 14.965079365079365, 14.964285714285714, 14.961904761904764, 14.964880952380952, 14.966071428571428, 14.964087301587302, 14.967063492063494, 14.962896825396824, 14.966666666666667, 14.965079365079365, 14.962499999999999, 14.967857142857143, 14.96904761904762, 14.96984126984127, 14.96765873015873, 14.964880952380954, 14.963888888888889, 14.965476190476192, 14.971031746031748, 14.966468253968255, 14.965079365079367, 14.96626984126984, 14.966666666666667, 14.967460317460317, 14.967261904761905, 14.967460317460318, 14.967857142857142, 14.968452380952384, 14.966666666666667, 14.965674603174602, 14.967658730158732, 14.968650793650795, 14.966269841269842, 14.967658730158728, 14.968650793650795, 14.967261904761905, 14.966468253968253, 14.969642857142857, 14.966666666666669, 14.966468253968252, 14.967658730158732, 14.967460317460318, 14.966468253968252, 14.97142857142857, 14.968650793650793, 14.965873015873019, 14.966269841269842, 14.970833333333333, 14.964285714285714, 14.964682539682537]",0.9084371568457469,0.923806211436153,15,"[33, 33, 33, 33, 33, 33, 33, 33, 33, 33, 33, 33, 33, 33, 33, 33, 33, 33, 33, 33, 33, 33, 33, 33, 33, 33, 33, 33, 33, 33, 33, 33, 33, 33, 33, 33, 33, 33, 33, 33, 33, 33, 33, 33, 32, 29, 28, 24, 23, 23, 23, 23, 23, 23, 23, 23, 22, 22, 22, 22, 22, 22, 21, 20, 20, 20, 20, 20, 20, 20, 20, 20, 20, 20, 20, 20, 20, 20, 20, 20, 20, 20, 20, 20, 20, 20, 20, 20, 20, 20, 20, 20, 20, 20, 20, 20, 20, 20, 18, 18, 18, 18, 18, 18, 18, 18, 18, 18, 18, 18, 18, 18, 18, 18, 18, 18, 18, 18, 18, 18, 18, 18, 18, 18, 18, 18, 18, 18, 18, 18, 17, 17, 17, 17, 17, 17, 17, 17, 17, 17, 17, 17, 17, 17, 17, 17, 17, 17, 17, 17, 17, 17, 17, 17, 17, 17, 17, 17, 17, 17, 17, 17, 17, 17, 17, 17, 17, 17, 17, 17, 17, 17, 17, 17, 17, 17, 17, 17, 17, 17, 17, 17, 17, 17, 17, 17, 17, 17, 17, 17, 17, 17, 17, 17, 17, 17, 17, 17, 17, 17, 17, 17, 17, 17, 17, 17, 17, 17, 17, 17, 17, 17, 17, 17, 17, 17, 17, 17, 17, 17, 17, 16, 16, 16, 16, 16, 16, 16, 16, 16, 16, 16, 16, 16, 16, 16, 16, 16, 16, 16, 16, 16, 16, 16, 16, 16, 16, 16, 16, 16, 16, 16, 16, 16, 16, 16, 16, 16, 16, 16, 16, 16, 16, 16, 16, 16, 16, 16, 16, 16, 16, 16, 16, 16, 16, 16, 16, 16, 16, 16, 16, 16, 16, 16, 16, 16, 16, 16, 16, 16, 16, 16, 16, 16, 16, 16, 16, 16, 16, 16, 16, 16, 16, 16, 16, 16, 16, 16, 16, 16, 16, 16, 16, 16, 16, 16, 16, 16, 15, 15, 15, 15, 15, 15, 15, 15, 15, 15, 15, 15, 15, 15, 15, 15, 15, 15, 15, 15, 15, 15, 15, 15, 15, 15, 15, 15, 15, 15, 15, 15, 15, 15, 15, 15, 15, 15, 15, 15, 15, 15, 15, 15, 15, 15, 15, 15, 15, 15, 15, 15, 15, 15, 15, 15, 15, 15, 15, 15, 15, 15, 15, 15, 15, 15, 15, 15, 15, 15, 15, 15, 15, 15, 15, 15, 15, 15, 15, 15, 15, 15, 15, 15, 15, 15, 15, 15, 15, 15, 15, 15]",410,"[0.3912079632282257, 0.39981383085250854, 0.37027621269226074, 0.3723074197769165, 0.3783668875694275, 0.35873493552207947, 0.35813045501708984, 0.35664793848991394, 0.35455748438835144, 0.3650638163089752, 0.3435298204421997, 0.3550413250923157, 0.35918599367141724, 0.33943846821784973, 0.3345060646533966, 0.33997976779937744, 0.37602701783180237, 0.33047646284103394, 0.3279151916503906, 0.3317188024520874, 0.3130981922149658, 0.3232618272304535, 0.30342897772789, 0.32083234190940857, 0.3038129210472107, 0.29506921768188477, 0.2857881486415863, 0.3071996569633484, 0.2784499526023865, 0.30146917700767517, 0.27277207374572754, 0.273413747549057, 0.2631959617137909, 0.26024842262268066, 0.2545187771320343, 0.2597385048866272, 0.25992920994758606, 0.25787633657455444, 0.25016745924949646, 0.24415697157382965, 0.2503797113895416, 0.2717534303665161, 0.24698911607265472, 0.24176138639450073, 0.2680288553237915, 0.23461471498012543, 0.23933571577072144, 0.2427085041999817, 0.23409917950630188, 0.23008984327316284, 0.2340807467699051, 0.2335471361875534, 0.228581503033638, 0.25248071551322937, 0.2281269133090973, 0.2257293164730072, 0.2184874415397644, 0.2172953486442566, 0.2290036827325821, 0.21298354864120483, 0.2099158614873886, 0.2090994268655777, 0.20947879552841187, 0.2170853465795517, 0.2162400633096695, 0.2122609168291092, 0.2140941172838211, 0.2320806384086609, 0.20700834691524506, 0.20594963431358337, 0.2051507979631424, 0.20404241979122162, 0.20202060043811798, 0.2104063630104065, 0.22203290462493896, 0.2016376256942749, 0.2018263190984726, 0.20410914719104767, 0.20799411833286285, 0.1989937424659729, 0.21084444224834442, 0.19571998715400696, 0.20445051789283752, 0.20067353546619415, 0.19656671583652496, 0.19216607511043549, 0.19145657122135162, 0.19331903755664825, 0.19635742902755737, 0.1911914199590683, 0.19282492995262146, 0.18683761358261108, 0.18996518850326538, 0.2211056649684906, 0.19172462821006775, 0.18191751837730408, 0.18532945215702057, 0.18563753366470337, 0.20543284714221954, 0.20257069170475006, 0.2063005566596985, 0.20965969562530518, 0.2079087197780609, 0.2054511308670044, 0.23059917986392975, 0.203344464302063, 0.21047665178775787, 0.20572137832641602, 0.20174117386341095, 0.20008347928524017, 0.20225383341312408, 0.20397724211215973, 0.19791702926158905, 0.20098741352558136, 0.20905251801013947, 0.2085898071527481, 0.19999577105045319, 0.20044651627540588, 0.22676876187324524, 0.20315982401371002, 0.19992589950561523, 0.19827333092689514, 0.194611057639122, 0.1983523964881897, 0.20683766901493073, 0.19565148651599884, 0.1933295577764511, 0.2013384848833084, 0.19727234542369843, 0.22156080603599548, 0.24823793768882751, 0.22609277069568634, 0.19004935026168823, 0.19537898898124695, 0.19772452116012573, 0.20989032089710236, 0.20482328534126282, 0.1972995400428772, 0.19602085649967194, 0.19260592758655548, 0.1969219595193863, 0.1958482414484024, 0.20060572028160095, 0.2049276977777481, 0.21933642029762268, 0.22223316133022308, 0.20363560318946838, 0.1949337124824524, 0.19833222031593323, 0.1930055171251297, 0.20524397492408752, 0.23402681946754456, 0.1958480328321457, 0.1902768313884735, 0.19216112792491913, 0.19315260648727417, 0.19357867538928986, 0.19205960631370544, 0.18922559916973114, 0.22340892255306244, 0.1988818496465683, 0.19158275425434113, 0.1992010921239853, 0.2047642469406128, 0.19860689342021942, 0.19101129472255707, 0.19000299274921417, 0.18934717774391174, 0.18784482777118683, 0.2003791630268097, 0.19080214202404022, 0.19219355285167694, 0.18929344415664673, 0.18945685029029846, 0.1888616383075714, 0.18982602655887604, 0.1957911103963852, 0.202501580119133, 0.19709895551204681, 0.2102765440940857, 0.192299023270607, 0.19230075180530548, 0.21417787671089172, 0.2059391736984253, 0.19040992856025696, 0.19734908640384674, 0.20981468260288239, 0.191657155752182, 0.18858951330184937, 0.19653579592704773, 0.19316129386425018, 0.21867777407169342, 0.1943116933107376, 0.18966245651245117, 0.19093626737594604, 0.18521970510482788, 0.18801994621753693, 0.1893572211265564, 0.18564839661121368, 0.1960252970457077, 0.19880828261375427, 0.20072494447231293, 0.19096428155899048, 0.18927477300167084, 0.19763317704200745, 0.21564246714115143, 0.191533163189888, 0.18506483733654022, 0.18919463455677032, 0.19011887907981873, 0.19478446245193481, 0.19165563583374023, 0.190474733710289, 0.19062580168247223, 0.20995183289051056, 0.18289177119731903, 0.19910721480846405, 0.18844926357269287, 0.1909632682800293, 0.18707843124866486, 0.18924997746944427, 0.2129029780626297, 0.19835814833641052, 0.19362549483776093, 0.21048925817012787, 0.18381553888320923, 0.18573470413684845, 0.21581892669200897, 0.18782931566238403, 0.2090568095445633, 0.185542494058609, 0.202073872089386, 0.1821640431880951, 0.18576675653457642, 0.19485421478748322, 0.18986056745052338, 0.18891866505146027, 0.19370073080062866, 0.1846417933702469, 0.18489395081996918, 0.18517424166202545, 0.1847561001777649, 0.19767415523529053, 0.22741541266441345, 0.18577100336551666, 0.18758857250213623, 0.18679112195968628, 0.18518099188804626, 0.20041151344776154, 0.19778437912464142, 0.18418742716312408, 0.18265117704868317, 0.18356205523014069, 0.19074581563472748, 0.18951112031936646, 0.19125129282474518, 0.18739861249923706, 0.1984732747077942, 0.19825883209705353, 0.18889881670475006, 0.20650528371334076, 0.18550820648670197, 0.22580671310424805, 0.18155740201473236, 0.18058143556118011, 0.18331116437911987, 0.19387513399124146, 0.1860063374042511, 0.18218928575515747, 0.188476100564003, 0.18489165604114532, 0.19000555574893951, 0.18319319188594818, 0.18228846788406372, 0.18744125962257385, 0.18601031601428986, 0.18895965814590454, 0.1922122836112976, 0.18439097702503204, 0.1909750998020172, 0.18520629405975342, 0.1860632449388504, 0.26673129200935364, 0.18171052634716034, 0.192923903465271, 0.19534221291542053, 0.18364253640174866, 0.19287031888961792, 0.18558484315872192, 0.1863890141248703, 0.18428221344947815, 0.24891047179698944, 0.18462829291820526, 0.18905006349086761, 0.18301868438720703, 0.1902436465024948, 0.1892840564250946, 0.18539033830165863, 0.18595752120018005, 0.1864512413740158, 0.18285313248634338, 0.19006694853305817, 0.1849733144044876, 0.18764841556549072, 0.20181512832641602, 0.18781843781471252, 0.17840246856212616, 0.1817837655544281, 0.17681646347045898, 0.18439365923404694, 0.1937485635280609, 0.1836809366941452, 0.1828649640083313, 0.18818114697933197, 0.18220889568328857, 0.17925451695919037, 0.18062864243984222, 0.1848660111427307, 0.20093852281570435, 0.19455619156360626, 0.1875908523797989, 0.18633213639259338, 0.18697448074817657, 0.19472555816173553, 0.18125265836715698, 0.18916523456573486, 0.19127078354358673, 0.1817612200975418, 0.185102641582489, 0.18968838453292847, 0.22027118504047394, 0.19180497527122498, 0.18120403587818146, 0.18794313073158264, 0.17839521169662476, 0.18638736009597778, 0.18150126934051514, 0.1879868060350418, 0.1814652681350708, 0.17851291596889496, 0.1768091768026352, 0.18940502405166626, 0.1815088987350464, 0.2004685401916504, 0.1818135380744934, 0.17881636321544647, 0.18417364358901978, 0.20112968981266022, 0.18439985811710358, 0.18488286435604095, 0.17831918597221375, 0.19056247174739838, 0.18574552237987518, 0.192928746342659, 0.178961843252182, 0.2075883448123932, 0.18557877838611603, 0.1828862577676773, 0.18072177469730377, 0.1816023886203766, 0.18358369171619415, 0.1849644035100937, 0.19325079023838043, 0.18642720580101013, 0.18385478854179382, 0.20762963593006134, 0.1976354718208313, 0.19224804639816284, 0.17828217148780823, 0.19285829365253448, 0.17824488878250122, 0.18756943941116333, 0.18706685304641724, 0.18661010265350342, 0.18588592112064362, 0.23734983801841736, 0.1830878108739853, 0.1822139173746109, 0.1847873330116272, 0.19230574369430542, 0.18421398103237152, 0.1884862780570984, 0.1881355345249176, 0.2141217291355133, 0.18046608567237854, 0.19743603467941284, 0.18260392546653748, 0.18096084892749786, 0.17699934542179108, 0.19535315036773682, 0.2140866219997406, 0.183366596698761, 0.1840711534023285, 0.1813555210828781, 0.1798570454120636, 0.18030300736427307, 0.21548184752464294, 0.2646310329437256, 0.18666955828666687, 0.1797030121088028, 0.18741044402122498, 0.1863507330417633, 0.1826740801334381, 0.1971680223941803, 0.18603114783763885, 0.18812015652656555, 0.1841164082288742, 0.17984163761138916, 0.1899321973323822, 0.1877114474773407]",15.0,"[33.0, 33.0, 33.0, 33.0, 33.0, 33.0, 33.0, 33.0, 33.0, 33.0, 33.0, 33.0, 33.0, 33.0, 33.0, 33.0, 33.0, 33.0, 33.0, 33.0, 33.0, 33.0, 33.0, 33.0, 33.0, 33.0, 33.0, 33.0, 33.0, 33.0, 33.0, 33.0, 33.0, 33.0, 33.0, 33.0, 33.0, 33.0, 33.0, 33.0, 33.0, 33.0, 33.0, 33.0, 32.0, 29.0, 28.0, 24.0, 23.0, 23.0, 23.0, 23.0, 23.0, 23.0, 23.0, 23.0, 22.0, 22.0, 22.0, 22.0, 22.0, 22.0, 21.0, 20.0, 20.0, 20.0, 20.0, 20.0, 20.0, 20.0, 20.0, 20.0, 20.0, 20.0, 20.0, 20.0, 20.0, 20.0, 20.0, 20.0, 20.0, 20.0, 20.0, 20.0, 20.0, 20.0, 20.0, 20.0, 20.0, 20.0, 20.0, 20.0, 20.0, 20.0, 20.0, 20.0, 20.0, 20.0, 18.0, 18.0, 18.0, 18.0, 18.0, 18.0, 18.0, 18.0, 18.0, 18.0, 18.0, 18.0, 18.0, 18.0, 18.0, 18.0, 18.0, 18.0, 18.0, 18.0, 18.0, 18.0, 18.0, 18.0, 18.0, 18.0, 18.0, 18.0, 18.0, 18.0, 18.0, 18.0, 17.0, 17.0, 17.0, 17.0, 17.0, 17.0, 17.0, 17.0, 17.0, 17.0, 17.0, 17.0, 17.0, 17.0, 17.0, 17.0, 17.0, 17.0, 17.0, 17.0, 17.0, 17.0, 17.0, 17.0, 17.0, 17.0, 17.0, 17.0, 17.0, 17.0, 17.0, 17.0, 17.0, 17.0, 17.0, 17.0, 17.0, 17.0, 17.0, 17.0, 17.0, 17.0, 17.0, 17.0, 17.0, 17.0, 17.0, 17.0, 17.0, 17.0, 17.0, 17.0, 17.0, 17.0, 17.0, 17.0, 17.0, 17.0, 17.0, 17.0, 17.0, 17.0, 17.0, 17.0, 17.0, 17.0, 17.0, 17.0, 17.0, 17.0, 17.0, 17.0, 17.0, 17.0, 17.0, 17.0, 17.0, 17.0, 17.0, 17.0, 17.0, 17.0, 17.0, 17.0, 17.0, 17.0, 17.0, 17.0, 17.0, 17.0, 17.0, 16.0, 16.0, 16.0, 16.0, 16.0, 16.