,number,value,datetime_start,datetime_complete,duration,params_batch_size_scaler,params_constant_learning_rate,params_depth,params_epochs,params_kernel_l2,params_num_trees,params_temperature,user_attrs_accuracy_test,user_attrs_accuracy_valid,user_attrs_approximate_feature_sparsity,user_attrs_approximate_feature_sparsity_history,user_attrs_approximate_weight_sparsity,user_attrs_approximate_weight_sparsity_history,user_attrs_auc_test,user_attrs_auc_valid,user_attrs_feature_sparsity,user_attrs_feature_sparsity_history,user_attrs_num_epochs,user_attrs_val_loss_history,user_attrs_weight_sparsity,user_attrs_weight_sparsity_history,state
11,11,0.5,2024-08-31 00:51:18.501512,2024-08-31 00:52:15.610694,0 days 00:00:57.109182,16,1.8992782178066108,3,475,0.0033215391925038966,80,0.06726010627352343,0.859,0.85875,0,"[0, 0, 0, 0, 0, 0, 0, 0, 0, 0, 0, 0, 0, 0, 0, 0, 0, 0, 0, 0, 0, 0, 0, 0, 0, 0, 0, 0, 0, 0, 0, 0, 0, 0, 0, 0, 0, 0, 0, 0, 0, 0, 0, 0, 0, 0, 0, 0, 0, 0, 0, 0, 0, 0, 0, 0, 0, 0, 0, 0, 0, 0, 0, 0, 0, 0, 0, 0, 0, 0, 0, 0, 0, 0, 0, 0, 0, 0, 0, 0, 0, 0, 0, 0, 0, 0, 0, 0, 0, 0, 0, 0, 0, 0, 0, 0, 0, 0, 0, 0, 0, 0, 0, 0, 0, 0, 0, 0, 0, 0, 0, 0, 0, 0, 0, 0, 0, 0, 0, 0, 0, 0, 0, 0, 0, 0, 0, 0, 0, 0, 0, 0, 0, 0, 0, 0, 0, 0, 0, 0, 0, 0, 0, 0, 0, 0, 0, 0, 0, 0, 0, 0, 0, 0, 0, 0, 0, 0, 0, 0, 0, 0, 0, 0, 0, 0, 0, 0, 0, 0, 0, 0, 0, 0, 0, 0, 0, 0, 0, 0, 0, 0, 0, 0, 0, 0, 0, 0, 0, 0, 0, 0, 0, 0, 0, 0, 0, 0, 0, 0, 0, 0, 0, 0, 0, 0, 0, 0, 0, 0, 0, 0, 0, 0, 0, 0, 0, 0, 0, 0, 0, 0, 0, 0, 0, 0, 0, 0, 0, 0, 0, 0, 0, 0, 0, 0, 0, 0, 0, 0, 0, 0, 0, 0, 0, 0, 0, 0, 0, 0, 0, 0, 0, 0, 0, 0, 0, 0, 0, 0, 0, 0, 0, 0, 0, 0, 0, 0, 0, 0, 0, 0, 0, 0, 0, 0, 0, 0, 0, 0, 0, 0, 0, 0, 0, 0, 0, 0, 0, 0, 0, 0, 0, 0, 0, 0, 0, 0, 0, 0, 0, 0, 0, 0, 0, 0, 0, 0, 0, 0, 0, 0, 0, 0, 0, 0, 0, 0, 0, 0, 0, 0, 0, 0, 0, 0, 0, 0, 0, 0, 0, 0, 0, 0, 0, 0, 0, 0, 0, 0, 0, 0, 0, 0, 0, 0, 0, 0, 0, 0, 0, 0, 0, 0, 0, 0, 0, 0, 0, 0, 0, 0, 0, 0, 0, 0, 0, 0, 0, 0, 0, 0, 0, 0, 0, 0, 0, 0, 0, 0, 0, 0, 0, 0, 0, 0, 0, 0, 0, 0, 0, 0, 0, 0, 0, 0, 0, 0, 0, 0, 0, 0, 0, 0, 0, 0, 0, 0, 0, 0, 0, 0, 0, 0, 0, 0, 0, 0, 0, 0, 0, 0, 0, 0, 0, 0, 0, 0, 0, 0, 0, 0, 0, 0, 0, 0, 0, 0, 0, 0, 0, 0, 0, 0, 0, 0, 0, 0, 0, 0, 0, 0, 0, 0, 0, 0, 0, 0, 0, 0, 0, 0, 0, 0, 0, 0, 0, 0, 0, 0, 0, 0, 0, 0, 0]",0.0,"[0.0, 0.0, 0.0, 0.0, 0.0, 0.0, 0.0, 0.0, 0.0, 0.0, 0.0, 0.0, 0.0, 0.0, 0.0, 0.0, 0.0, 0.0, 0.0, 0.0, 0.0, 0.0, 0.0, 0.0, 0.0, 0.0, 0.0, 0.0, 0.0, 0.0, 0.0, 0.0, 0.0, 0.0, 0.0, 0.0, 0.0, 0.0, 0.0, 0.0, 0.0, 0.0, 0.0, 0.0, 0.0, 0.0, 0.0, 0.0, 0.0, 0.0, 0.0, 0.0, 0.0, 0.0, 0.0, 0.0, 0.0, 0.0, 0.0, 0.0, 0.0, 0.0, 0.0, 0.0, 0.0, 0.0, 0.0, 0.0, 0.0, 0.0, 0.0, 0.0, 0.0, 0.0, 0.0, 0.0, 0.0, 0.0, 0.0, 0.0, 0.0, 0.0, 0.0, 0.0, 0.0, 0.0, 0.0, 0.0, 0.0, 0.0, 0.0, 0.0, 0.0, 0.0, 0.0, 0.0, 0.0, 0.0, 0.0, 0.0, 0.0, 0.0, 0.0, 0.0, 0.0, 0.0, 0.0, 0.0, 0.0, 0.0, 0.0, 0.0, 0.0, 0.0, 0.0, 0.0, 0.0, 0.0, 0.0, 0.0, 0.0, 0.0, 0.0, 0.0, 0.0, 0.0, 0.0, 0.0, 0.0, 0.0, 0.0, 0.0, 0.0, 0.0, 0.0, 0.0, 0.0, 0.0, 0.0, 0.0, 0.0, 0.0, 0.0, 0.0, 0.0, 0.0, 0.0, 0.0, 0.0, 0.0, 0.0, 0.0, 0.0, 0.0, 0.0, 0.0, 0.0, 0.0, 0.0, 0.0, 0.0, 0.0, 0.0, 0.0, 0.0, 0.0, 0.0, 0.0, 0.0, 0.0, 0.0, 0.0, 0.0, 0.0, 0.0, 0.0, 0.0, 0.0, 0.0, 0.0, 0.0, 0.0, 0.0, 0.0, 0.0, 0.0, 0.0, 0.0, 0.0, 0.0, 0.0, 0.0, 0.0, 0.0, 0.0, 0.0, 0.0, 0.0, 0.0, 0.0, 0.0, 0.0, 0.0, 0.0, 0.0, 0.0, 0.0, 0.0, 0.0, 0.0, 0.0, 0.0, 0.0, 0.0, 0.0, 0.0, 0.0, 0.0, 0.0, 0.0, 0.0, 0.0, 0.0, 0.0, 0.0, 0.0, 0.0, 0.0, 0.0, 0.0, 0.0, 0.0, 0.0, 0.0, 0.0, 0.0, 0.0, 0.0, 0.0, 0.0, 0.0, 0.0, 0.0, 0.0, 0.0, 0.0, 0.0, 0.0, 0.0, 0.0, 0.0, 0.0, 0.0, 0.0, 0.0, 0.0, 0.0, 0.0, 0.0, 0.0, 0.0, 0.0, 0.0, 0.0, 0.0, 0.0, 0.0, 0.0, 0.0, 0.0, 0.0, 0.0, 0.0, 0.0, 0.0, 0.0, 0.0, 0.0, 0.0, 0.0, 0.0, 0.0, 0.0, 0.0, 0.0, 0.0, 0.0, 0.0, 0.0, 0.0, 0.0, 0.0, 0.0, 0.0, 0.0, 0.0, 0.0, 0.0, 0.0, 0.0, 0.0, 0.0, 0.0, 0.0, 0.0, 0.0, 0.0, 0.0, 0.0, 0.0, 0.0, 0.0, 0.0, 0.0, 0.0, 0.0, 0.0, 0.0, 0.0, 0.0, 0.0, 0.0, 0.0, 0.0, 0.0, 0.0, 0.0, 0.0, 0.0, 0.0, 0.0, 0.0, 0.0, 0.0, 0.0, 0.0, 0.0, 0.0, 0.0, 0.0, 0.0, 0.0, 0.0, 0.0, 0.0, 0.0, 0.0, 0.0, 0.0, 0.0, 0.0, 0.0, 0.0, 0.0, 0.0, 0.0, 0.0, 0.0, 0.0, 0.0, 0.0, 0.0, 0.0, 0.0, 0.0, 0.0, 0.0, 0.0, 0.0, 0.0, 0.0, 0.0, 0.0, 0.0, 0.0, 0.0, 0.0, 0.0, 0.0, 0.0, 0.0, 0.0, 0.0, 0.0, 0.0, 0.0, 0.0, 0.0, 0.0, 0.0, 0.0, 0.0, 0.0, 0.0, 0.0, 0.0, 0.0, 0.0, 0.0, 0.0, 0.0, 0.0, 0.0, 0.0, 0.0, 0.0, 0.0, 0.0, 0.0, 0.0, 0.0, 0.0, 0.0, 0.0, 0.0, 0.0, 0.0, 0.0, 0.0, 0.0, 0.0, 0.0, 0.0, 0.0, 0.0, 0.0, 0.0, 0.0, 0.0, 0.0, 0.0, 0.0, 0.0, 0.0, 0.0, 0.0, 0.0, 0.0, 0.0, 0.0, 0.0, 0.0, 0.0, 0.0, 0.0, 0.0, 0.0, 0.0, 0.0, 0.0, 0.0, 0.0, 0.0, 0.0, 0.0, 0.0, 0.0, 0.0, 0.0, 0.0, 0.0, 0.0, 0.0, 0.0, 0.0, 0.0, 0.0, 0.0, 0.0, 0.0, 0.0, 0.0, 0.0, 0.0, 0.0]",0.5,0.5,0,"[0, 0, 0, 0, 0, 0, 0, 0, 0, 0, 0, 0, 0, 0, 0, 0, 0, 0, 0, 0, 0, 0, 0, 0, 0, 0, 0, 0, 0, 0, 0, 0, 0, 0, 0, 0, 0, 0, 0, 0, 0, 0, 0, 0, 0, 0, 0, 0, 0, 0, 0, 0, 0, 0, 0, 0, 0, 0, 0, 0, 0, 0, 0, 0, 0, 0, 0, 0, 0, 0, 0, 0, 0, 0, 0, 0, 0, 0, 0, 0, 0, 0, 0, 0, 0, 0, 0, 0, 0, 0, 0, 0, 0, 0, 0, 0, 0, 0, 0, 0, 0, 0, 0, 0, 0, 0, 0, 0, 0, 0, 0, 0, 0, 0, 0, 0, 0, 0, 0, 0, 0, 0, 0, 0, 0, 0, 0, 0, 0, 0, 0, 0, 0, 0, 0, 0, 0, 0, 0, 0, 0, 0, 0, 0, 0, 0, 0, 0, 0, 0, 0, 0, 0, 0, 0, 0, 0, 0, 0, 0, 0, 0, 0, 0, 0, 0, 0, 0, 0, 0, 0, 0, 0, 0, 0, 0, 0, 0, 0, 0, 0, 0, 0, 0, 0, 0, 0, 0, 0, 0, 0, 0, 0, 0, 0, 0, 0, 0, 0, 0, 0, 0, 0, 0, 0, 0, 0, 0, 0, 0, 0, 0, 0, 0, 0, 0, 0, 0, 0, 0, 0, 0, 0, 0, 0, 0, 0, 0, 0, 0, 0, 0, 0, 0, 0, 0, 0, 0, 0, 0, 0, 0, 0, 0, 0, 0, 0, 0, 0, 0, 0, 0, 0, 0, 0, 0, 0, 0, 0, 0, 0, 0, 0, 0, 0, 0, 0, 0, 0, 0, 0, 0, 0, 0, 0, 0, 0, 0, 0, 0, 0, 0, 0, 0, 0, 0, 0, 0, 0, 0, 0, 0, 0, 0, 0, 0, 0, 0, 0, 0, 0, 0, 0, 0, 0, 0, 0, 0, 0, 0, 0, 0, 0, 0, 0, 0, 0, 0, 0, 0, 0, 0, 0, 0, 0, 0, 0, 0, 0, 0, 0, 0, 0, 0, 0, 0, 0, 0, 0, 0, 0, 0, 0, 0, 0, 0, 0, 0, 0, 0, 0, 0, 0, 0, 0, 0, 0, 0, 0, 0, 0, 0, 0, 0, 0, 0, 0, 0, 0, 0, 0, 0, 0, 0, 0, 0, 0, 0, 0, 0, 0, 0, 0, 0, 0, 0, 0, 0, 0, 0, 0, 0, 0, 0, 0, 0, 0, 0, 0, 0, 0, 0, 0, 0, 0, 0, 0, 0, 0, 0, 0, 0, 0, 0, 0, 0, 0, 0, 0, 0, 0, 0, 0, 0, 0, 0, 0, 0, 0, 0, 0, 0, 0, 0, 0, 0, 0, 0, 0, 0, 0, 0, 0, 0, 0, 0, 0, 0, 0, 0, 0, 0, 0, 0, 0, 0, 0, 0, 0, 0, 0, 0, 0, 0, 0, 0, 0, 0, 0, 0, 0, 0, 0, 0, 0]",475,"[0.5475879907608032, 2.557530641555786, 2.9654746055603027, 0.5129991173744202, 1.4011218547821045, 1.5997999906539917, 0.48929503560066223, 1.4271878004074097, 3.1606130599975586, 1.6109037399291992, 2.088621139526367, 2.829345703125, 2.9202566146850586, 0.6758485436439514, 1.412239670753479, 0.48756134510040283, 1.6233021020889282, 1.761640191078186, 1.380467414855957, 0.41749945282936096, 3.5806305408477783, 0.5994792580604553, 3.5675976276397705, 0.485922634601593, 1.7334544658660889, 1.1055279970169067, 3.994814157485962, 1.7403446435928345, 1.7254716157913208, 1.8870575428009033, 1.419793963432312, 2.1346840858459473, 2.328352689743042, 0.8416428565979004, 0.8448523879051208, 0.49733906984329224, 2.57086181640625, 1.9812180995941162, 1.9394923448562622, 0.6675434112548828, 1.1555585861206055, 0.47542181611061096, 0.5463447570800781, 0.4138626158237457, 1.1597288846969604, 1.1444156169891357, 1.4991704225540161, 1.8422648906707764, 2.7817025184631348, 1.5799047946929932, 1.4697529077529907, 2.5725998878479004, 2.100067377090454, 1.1803776025772095, 1.9752485752105713, 1.3683860301971436, 1.711574912071228, 0.4129410982131958, 2.3133816719055176, 0.42116299271583557, 0.4270554780960083, 1.3243008852005005, 1.0579911470413208, 0.5039997100830078, 0.4611133337020874, 0.6825581192970276, 1.9650758504867554, 1.9066575765609741, 0.6220763921737671, 0.8859604597091675, 1.2854149341583252, 1.969232439994812, 1.5201548337936401, 0.7356545925140381, 2.3855674266815186, 1.37259840965271, 0.6628279089927673, 0.43729519844055176, 2.0846681594848633, 2.54571795463562, 0.42065203189849854, 0.40971434116363525, 1.2621999979019165, 2.9060349464416504, 0.9111494421958923, 2.662503719329834, 1.5193336009979248, 3.2623183727264404, 2.936025619506836, 0.8949878215789795, 1.4730421304702759, 0.5993318557739258, 2.234330654144287, 2.1228253841400146, 1.5196703672409058, 0.9972988367080688, 2.475933074951172, 0.6010443568229675, 0.43374842405319214, 2.7995500564575195, 3.572190761566162, 0.8891873359680176, 0.5420790910720825, 1.4734528064727783, 0.42442965507507324, 0.939252495765686, 0.8726724982261658, 0.47562843561172485, 1.1283541917800903, 0.5601508617401123, 1.4590703248977661, 0.42401057481765747, 0.7241467237472534, 2.821521043777466, 1.2933762073516846, 2.4102251529693604, 0.6017963290214539, 0.8336457014083862, 1.7401264905929565, 1.32038152217865, 2.168933153152466, 2.8049371242523193, 0.815895140171051, 1.1261725425720215, 2.524136781692505, 1.0210061073303223, 0.45293182134628296, 2.1951606273651123, 0.8432312607765198, 1.733686089515686, 1.0226356983184814, 1.4282509088516235, 0.9137644171714783, 2.488842010498047, 1.2805626392364502, 2.529433488845825, 1.3732222318649292, 0.9288662075996399, 0.4379638433456421, 0.7608819603919983, 0.5052963495254517, 1.2981683015823364, 0.416584849357605, 1.6788389682769775, 2.156421422958374, 0.46774473786354065, 0.5666710734367371, 1.2127102613449097, 0.537351667881012, 2.913693428039551, 1.4166712760925293, 1.3428149223327637, 1.264851689338684, 0.7077587246894836, 1.677068829536438, 2.051438808441162, 0.7207194566726685, 0.8342565894126892, 1.1444933414459229, 0.5618845820426941, 1.1087827682495117, 1.137668490409851, 3.341562509536743, 0.6464921832084656, 1.7881300449371338, 1.3733221292495728, 0.4246393144130707, 0.9020266532897949, 2.800339937210083, 1.3595356941223145, 1.3141484260559082, 1.172562837600708, 1.734506368637085, 0.5230829119682312, 0.4457786977291107, 2.27698016166687, 0.8542038798332214, 1.4504530429840088, 0.7119799256324768, 0.8289154767990112, 1.2623118162155151, 0.4197385013103485, 0.43634265661239624, 0.5946981310844421, 0.5954131484031677, 0.506604015827179, 1.4115595817565918, 0.40748676657676697, 0.8476074934005737, 1.3469003438949585, 0.40752488374710083, 2.3275983333587646, 0.42127081751823425, 1.225987434387207, 2.443502902984619, 0.491473913192749, 1.0340386629104614, 0.6217288374900818, 0.4160464406013489, 1.5207405090332031, 0.42057791352272034, 0.44640183448791504, 1.8356508016586304, 1.89581298828125, 3.720369577407837, 1.1821227073669434, 0.5605920553207397, 2.3896985054016113, 0.7883242964744568, 0.8356174230575562, 0.41104456782341003, 1.1839944124221802, 1.7135841846466064, 0.5198589563369751, 2.4935410022735596, 0.6066210269927979, 1.1106045246124268, 1.2684799432754517, 0.4398403465747833, 1.4684457778930664, 1.8865694999694824, 0.41603755950927734, 1.9311813116073608, 2.3438479900360107, 1.6384308338165283, 0.6277092695236206, 2.897653818130493, 2.249667167663574, 3.3260762691497803, 1.5237165689468384, 0.8989042639732361, 1.5889636278152466, 0.7039840817451477, 0.7380629777908325, 0.4171174168586731, 0.664020836353302, 0.6011835336685181, 1.4798768758773804, 1.7654500007629395, 0.8643867373466492, 0.41796475648880005, 1.5752787590026855, 0.961458146572113, 2.900989055633545, 3.2780797481536865, 2.260831832885742, 0.4118419885635376, 0.9628925919532776, 0.4752856194972992, 3.7854232788085938, 2.836918592453003, 0.6633047461509705, 0.43396538496017456, 0.5393652319908142, 1.3842041492462158, 1.2821688652038574, 0.7785824537277222, 1.3447357416152954, 1.4052685499191284, 3.4384725093841553, 2.970954179763794, 1.1489078998565674, 1.1362501382827759, 1.1383286714553833, 1.025048017501831, 1.447206974029541, 0.6046327948570251, 0.4093378782272339, 2.5289151668548584, 1.0773298740386963, 0.5155731439590454, 3.0613045692443848, 0.4766062796115875, 0.822374701499939, 1.0661338567733765, 1.428163766860962, 0.4435802400112152, 0.5863474011421204, 2.101088047027588, 2.6904330253601074, 2.039613723754883, 1.521520733833313, 0.9902939796447754, 0.6457769870758057, 1.9791642427444458, 0.5926111340522766, 0.5344892740249634, 2.465064287185669, 3.5087172985076904, 0.9749591946601868, 1.750011920928955, 1.0601229667663574, 0.6894046664237976, 3.11933970451355, 0.8517428040504456, 0.532285213470459, 1.9430241584777832, 1.2779544591903687, 3.4663283824920654, 2.3360772132873535, 0.4444694221019745, 1.0516750812530518, 2.3488240242004395, 1.8495168685913086, 0.4133611023426056, 1.7297019958496094, 0.7858935594558716, 1.1299259662628174, 1.085903525352478, 1.2426985502243042, 2.090019941329956, 0.415465772151947, 2.104782819747925, 0.4551631808280945, 1.8216334581375122, 0.7037752270698547, 0.5487205386161804, 1.6037286520004272, 2.4466159343719482, 0.829190731048584, 0.6086388230323792, 2.470994710922241, 0.4125761091709137, 2.638056755065918, 0.8720148205757141, 0.532416820526123, 0.6445952653884888, 0.7332435846328735, 1.984997272491455, 0.6137474179267883, 2.051528215408325, 2.0892763137817383, 3.3098175525665283, 1.5842220783233643, 1.4473366737365723, 0.864814281463623, 1.7762975692749023, 1.3583500385284424, 1.380225658416748, 0.9792526364326477, 0.5342446565628052, 0.9191155433654785, 1.151188850402832, 0.5938544273376465, 0.7721804976463318, 0.4527752697467804, 0.429819256067276, 0.42903801798820496, 1.5302376747131348, 1.2978249788284302, 0.5769768953323364, 1.751041293144226, 0.43396323919296265, 1.4947137832641602, 2.263240098953247, 0.539711594581604, 1.543149471282959, 0.42993268370628357, 1.3920397758483887, 0.8582061529159546, 1.930693507194519, 1.367262601852417, 1.2263004779815674, 1.3644249439239502, 0.5251013040542603, 0.5272954702377319, 0.746528685092926, 0.5022255182266235, 0.41768306493759155, 0.5654472708702087, 1.4840792417526245, 0.974945604801178, 0.7972387075424194, 0.41935598850250244, 2.4962544441223145, 2.2898643016815186, 1.7843105792999268, 1.8796472549438477, 0.4139540493488312, 0.823499858379364, 0.8129894733428955, 2.378434419631958, 0.41336145997047424, 0.865041196346283, 1.6106116771697998, 0.4244764745235443, 1.646903395652771, 2.112166404724121, 1.8281687498092651, 2.338284969329834, 1.933689832687378, 3.7919225692749023, 0.9903006553649902, 0.6018000245094299, 1.1938549280166626, 2.6253879070281982, 1.1386635303497314, 3.5748519897460938, 0.9056106805801392, 1.0435692071914673, 2.1812305450439453, 1.7494285106658936, 0.8618566989898682, 0.4687921106815338, 0.8886713981628418, 1.8800066709518433, 0.7416651248931885, 1.3203158378601074, 1.6479030847549438, 2.0043814182281494, 0.4916985332965851, 3.7368979454040527, 1.237504482269287, 0.5830918550491333, 0.6484527587890625, 0.8281614184379578, 2.1915266513824463, 2.2631218433380127, 1.0747486352920532, 3.2897186279296875, 2.4702038764953613, 0.5383509397506714, 0.516287624835968, 2.227745532989502, 0.5684651732444763, 0.4483319818973541, 0.4116054177284241, 2.5821542739868164, 0.8754768967628479, 0.4319961667060852, 2.0243661403656006, 2.14570951461792, 0.5674769282341003, 0.8849607110023499, 1.6778546571731567, 1.200891137123108, 0.4735930562019348, 2.92236328125, 2.0120933055877686, 3.7914907932281494, 2.1910507678985596, 1.0138001441955566, 0.41438624262809753, 0.40960654616355896, 1.164698600769043, 2.511807918548584, 2.499330997467041, 3.016700506210327, 2.3926637172698975, 0.6822738647460938, 2.7621145248413086, 1.2549171447753906, 1.4537458419799805, 0.42853033542633057, 1.9809238910675049, 3.110335111618042, 1.6577012538909912, 2.0552279949188232, 0.5150641798973083, 0.983747124671936, 0.9591962695121765, 1.7448301315307617, 1.8781661987304688, 0.6594960689544678, 2.45747447013855, 0.6655387878417969, 2.281506061553955, 2.657214403152466, 1.4012246131896973, 2.5654189586639404, 1.9914952516555786, 0.42299312353134155, 3.8934969902038574, 2.035562038421631, 0.7799575924873352]",0.0,"[0.0, 0.0, 0.0, 0.0, 0.0, 0.0, 0.0, 0.0, 0.0, 0.0, 0.0, 0.0, 0.0, 0.0, 0.0, 0.0, 0.0, 0.0, 0.0, 0.0, 0.0, 0.0, 0.0, 0.0, 0.0, 0.0, 0.0, 0.0, 0.0, 0.0, 0.0, 0.0, 0.0, 0.0, 0.0, 0.0, 0.0, 0.0, 0.0, 0.0, 0.0, 0.0, 0.0, 0.0, 0.0, 0.0, 0.0, 0.0, 0.0, 0.0, 0.0, 0.0, 0.0, 0.0, 0.0, 0.0, 0.0, 0.0, 0.0, 0.0, 0.0, 0.0, 0.0, 0.0, 0.0, 0.0, 0.0, 0.0, 0.0, 0.0, 0.0, 0.0, 0.0, 0.0, 0.0, 0.0, 0.0, 0.0, 0.0, 0.0, 0.0, 0.0, 0.0, 0.0, 0.0, 0.0, 0.0, 0.0, 0.0, 0.0, 0.0, 0.0, 0.0, 0.0, 0.0, 0.0, 0.0, 0.0, 0.0, 0.0, 0.0, 0.0, 0.0, 0.0, 0.0, 0.0, 0.0, 0.0, 0.0, 0.0, 0.0, 0.0, 0.0, 0.0, 0.0, 0.0, 0.0, 0.0, 0.0, 0.0, 0.0, 0.0, 0.0, 0.0, 0.0, 0.0, 0.0, 0.0, 0.0, 0.0, 0.0, 0.0, 0.0, 0.0, 0.0, 0.0, 0.0, 0.0, 0.0, 0.0, 0.0, 0.0, 0.0, 0.0, 0.0, 0.0, 0.0, 0.0, 0.0, 0.0, 0.0, 0.0, 0.0, 0.0, 0.0, 0.0, 0.0, 0.0, 0.0, 0.0, 0.0, 0.0, 0.0, 0.0, 0.0, 0.0, 0.0, 0.0, 0.0, 0.0, 0.0, 0.0, 0.0, 0.0, 0.0, 0.0, 0.0, 0.0, 0.0, 0.0, 0.0, 0.0, 0.0, 0.0, 0.0, 0.0, 0.0, 0.0, 0.0, 0.0, 0.0, 0.0, 0.0, 0.0, 0.0, 0.0, 0.0, 0.0, 0.0, 0.0, 0.0, 0.0, 0.0, 0.0, 0.0, 0.0, 0.0, 0.0, 0.0, 0.0, 0.0, 0.0, 0.0, 0.0, 0.0, 0.0, 0.0, 0.0, 0.0, 0.0, 0.0, 0.0, 0.0, 0.0, 0.0, 0.0, 0.0, 0.0, 0.0, 0.0, 0.0, 0.0, 0.0, 0.0, 0.0, 0.0, 0.0, 0.0, 0.0, 0.0, 0.0, 0.0, 0.0, 0.0, 0.0, 0.0, 0.0, 0.0, 0.0, 0.0, 0.0, 0.0, 0.0, 0.0, 0.0, 0.0, 0.0, 0.0, 0.0, 0.0, 0.0, 0.0, 0.0, 0.0, 0.0, 0.0, 0.0, 0.0, 0.0, 0.0, 0.0, 0.0, 0.0, 0.0, 0.0, 0.0, 0.0, 0.0, 0.0, 0.0, 0.0, 0.0, 0.0, 0.0, 0.0, 0.0, 0.0, 0.0, 0.0, 0.0, 0.0, 0.0, 0.0, 0.0, 0.0, 0.0, 0.0, 0.0, 0.0, 0.0, 0.0, 0.0, 0.0, 0.0, 0.0, 0.0, 0.0, 0.0, 0.0, 0.0, 0.0, 0.0, 0.0, 0.0, 0.0, 0.0, 0.0, 0.0, 0.0, 0.0, 0.0, 0.0, 0.0, 0.0, 0.0, 0.0, 0.0, 0.0, 0.0, 0.0, 0.0, 0.0, 0.0, 0.0, 0.0, 0.0, 0.0, 0.0, 0.0, 0.0, 0.0, 0.0, 0.0, 0.0, 0.0, 0.0, 0.0, 0.0, 0.0, 0.0, 0.0, 0.0, 0.0, 0.0, 0.0, 0.0, 0.0, 0.0, 0.0, 0.0, 0.0, 0.0, 0.0, 0.0, 0.0, 0.0, 0.0, 0.0, 0.0, 0.0, 0.0, 0.0, 0.0, 0.0, 0.0, 0.0, 0.0, 0.0, 0.0, 0.0, 0.0, 0.0, 0.0, 0.0, 0.0, 0.0, 0.0, 0.0, 0.0, 0.0, 0.0, 0.0, 0.0, 0.0, 0.0, 0.0, 0.0, 0.0, 0.0, 0.0, 0.0, 0.0, 0.0, 0.0, 0.0, 0.0, 0.0, 0.0, 0.0, 0.0, 0.0, 0.0, 0.0, 0.0, 0.0, 0.0, 0.0, 0.0, 0.0, 0.0, 0.0, 0.0, 0.0, 0.0, 0.0, 0.0, 0.0, 0.0, 0.0, 0.0, 0.0, 0.0, 0.0, 0.0, 0.0, 0.0, 0.0, 0.0, 0.0, 0.0, 0.0, 0.0, 0.0, 0.0, 0.0, 0.0, 0.0, 0.0, 0.0, 0.0, 0.0, 0.0, 0.0, 0.0, 0.0, 0.0, 0.0, 0.0, 0.0, 0.0, 0.0, 0.0, 0.0, 0.0, 0.0, 0.0, 0.0, 0.0, 0.0, 0.0, 0.0, 0.0, 0.0, 0.0, 0.0]",COMPLETE
