,number,value,datetime_start,datetime_complete,duration,params_batch_size_scaler,params_constant_learning_rate,params_depth,params_epochs,params_kernel_l2,params_num_trees,params_temperature,user_attrs_accuracy_test,user_attrs_accuracy_valid,user_attrs_approximate_feature_sparsity,user_attrs_approximate_feature_sparsity_history,user_attrs_approximate_weight_sparsity,user_attrs_approximate_weight_sparsity_history,user_attrs_auc_test,user_attrs_auc_valid,user_attrs_feature_sparsity,user_attrs_feature_sparsity_history,user_attrs_num_epochs,user_attrs_val_loss_history,user_attrs_weight_sparsity,user_attrs_weight_sparsity_history,state
149,149,0.9182800685293246,2024-08-31 06:29:42.087501,2024-08-31 06:36:06.785271,0 days 00:06:24.697770,16,0.2073508581164515,6,440,0.09353749282432207,62,0.011133053729514467,0.928,0.9225,33,"[33, 33, 33, 33, 33, 33, 33, 33, 33, 33, 33, 33, 33, 33, 33, 33, 33, 33, 33, 33, 33, 33, 33, 33, 33, 33, 33, 33, 33, 33, 33, 33, 33, 33, 33, 33, 33, 33, 33, 33, 33, 33, 33, 33, 33, 33, 33, 33, 33, 33, 33, 33, 33, 33, 33, 33, 33, 33, 33, 33, 33, 33, 33, 33, 33, 33, 33, 33, 33, 33, 33, 33, 33, 33, 33, 33, 33, 33, 33, 33, 33, 33, 33, 33, 33, 33, 33, 33, 33, 33, 33, 33, 33, 33, 33, 33, 33, 33, 33, 33, 33, 33, 33, 33, 33, 33, 33, 33, 33, 33, 33, 33, 33, 33, 33, 33, 33, 33, 33, 33, 33, 33, 33, 33, 33, 33, 33, 33, 33, 33, 33, 33, 33, 33, 33, 33, 33, 33, 33, 33, 33, 33, 33, 33, 33, 33, 33, 33, 33, 33, 33, 33, 33, 33, 33, 33, 33, 33, 33, 33, 33, 33, 33, 33, 33, 33, 33, 33, 33, 33, 33, 33, 33, 33, 33, 33, 33, 33, 33, 33, 33, 33, 33, 33, 33, 33, 33, 33, 33, 33, 33, 33, 33, 33, 33, 33, 33, 33, 33, 33, 33, 33, 33, 33, 33, 33, 33, 33, 33, 33, 33, 33, 33, 33, 33, 33, 33, 33, 33, 33, 33, 33, 33, 33, 33, 33, 33, 33, 33, 33, 33, 33, 33, 33, 33, 33, 33, 33, 33, 33, 33, 33, 33, 33, 33, 33, 33, 33, 33, 33, 33, 33, 33, 33, 33, 33, 33, 33, 33, 33, 33, 33, 33, 33, 33, 33, 33, 33, 33, 33, 33, 33, 33, 33, 33, 33, 33, 33, 33, 33, 33, 33, 33, 33, 33, 33, 33, 33, 33, 33, 33, 33, 33, 33, 33, 33, 33, 33, 33, 33, 33, 33, 33, 33, 33, 33, 33, 33, 33, 33, 33, 33, 33, 33, 33, 33, 33, 33, 33, 33, 33, 33, 33, 33, 33, 33, 33, 33, 33, 33, 33, 33, 33, 33, 33, 33, 33, 33, 33, 33, 33, 33, 33, 33, 33, 33, 33, 33, 33, 33, 33, 33, 33, 33, 33, 33, 33, 33, 33, 33, 33, 33, 33, 33, 33, 33, 33, 33, 33, 33, 33, 33, 33, 33, 33, 33, 33, 33, 33, 33, 33, 33, 33, 33, 33, 33, 33, 33, 33, 33, 33, 33, 33, 33, 33, 33, 33, 33, 33, 33, 33, 33, 33, 33, 33, 33, 33, 33, 33, 33, 33, 33, 33, 33, 33, 33, 33, 33, 33, 33, 33, 33, 33, 33, 33, 33, 33, 33, 33, 33, 33, 33, 33, 33, 33, 33, 33, 33, 33, 33]",32.92805939580133,"[32.915514592933945, 32.922171018945214, 32.92089093701997, 32.915770609319, 32.91884280593958, 32.921402969790066, 32.92242703533026, 32.92165898617512, 32.92319508448541, 32.91705069124424, 32.92012288786482, 32.91935483870968, 32.91858678955453, 32.915002560163856, 32.91756272401434, 32.914746543778804, 32.91679467485919, 32.91244239631337, 32.9142345110087, 32.915514592933945, 32.91705069124424, 32.91986687147977, 32.92165898617511, 32.91679467485919, 32.9147465437788, 32.91500256016385, 32.912186379928315, 32.916538658474146, 32.913978494623656, 32.91705069124424, 32.916282642089094, 32.918074756784435, 32.91833077316948, 32.91449052739375, 32.90988223246288, 32.908858166922684, 32.91039426523297, 32.91269841269841, 32.91167434715822, 32.915514592933945, 32.915770609319, 32.922171018945214, 32.918074756784435, 32.92012288786482, 32.922939068100355, 32.92345110087046, 32.92063492063492, 32.9237071172555, 32.91909882232463, 32.92191500256016, 32.916538658474146, 32.92345110087045, 32.92626728110599, 32.9237071172555, 32.92268305171531, 32.92165898617512, 32.922427035330266, 32.92575524833589, 32.92165898617512, 32.92268305171531, 32.91935483870968, 32.91602662570404, 32.915514592933945, 32.915770609319, 32.91449052739376, 32.91449052739375, 32.91372247823861, 32.91756272401434, 32.91602662570404, 32.91909882232463, 32.921146953405014, 32.92319508448541, 32.919610855094724, 32.916282642089094, 32.91935483870968, 32.91602662570405, 32.91500256016385, 32.916538658474146, 32.91833077316949, 32.91833077316949, 32.91449052739375, 32.9147465437788, 32.91935483870968, 32.91756272401434, 32.91653865847414, 32.91781874039939, 32.91602662570404, 32.91423451100871, 32.9142345110087, 32.91730670762929, 32.91500256016385, 32.913722478238604, 32.92037890424987, 32.92165898617512, 32.9252432155658, 32.92293906810036, 32.92089093701997, 32.91781874039938, 32.92012288786482, 32.92268305171531, 32.92242703533026, 32.92089093701997, 32.92037890424987, 32.91781874039938, 32.918074756784435, 32.915514592933945, 32.91295442908346, 32.91449052739375, 32.91321044546851, 32.914746543778804, 32.912186379928315, 32.910650281618025, 32.91500256016385, 32.91449052739375, 32.916282642089094, 32.913978494623656, 32.91321044546851, 32.915002560163856, 32.9152585765489, 32.91730670762929, 32.916282642089094, 32.914746543778804, 32.91833077316949, 32.91679467485919, 32.91500256016385, 32.91500256016385, 32.91372247823861, 32.915770609319, 32.91833077316949, 32.91961085509473, 32.91781874039939, 32.922171018945214, 32.91781874039938, 32.916538658474146, 32.91730670762929, 32.91705069124424, 32.91858678955453, 32.91730670762929, 32.91679467485919, 32.91679467485919, 32.91833077316948, 32.92165898617512, 32.91756272401434, 32.91858678955453, 32.919610855094724, 32.91781874039938, 32.91295442908346, 32.91858678955453, 32.92242703533026, 32.92037890424987, 32.91858678955453, 32.916538658474146, 32.91730670762929, 32.91679467485919, 32.91730670762929, 32.91730670762929, 32.91756272401433, 32.91730670762929, 32.91909882232463, 32.91935483870968, 32.92012288786483, 32.92037890424987, 32.91781874039939, 32.92012288786483, 32.92012288786483, 32.92165898617512, 32.91884280593958, 32.91833077316949, 32.922171018945214, 32.91935483870968, 32.918074756784435, 32.91602662570404, 32.913210445468515, 32.91500256016385, 32.91423451100871, 32.91833077316949, 32.91090629800307, 32.913978494623656, 32.91346646185356, 32.91346646185356, 32.91269841269841, 32.91833077316949, 32.914746543778804, 32.913722478238604, 32.91167434715822, 32.90911418330773, 32.912186379928315, 32.910650281618025, 32.91193036354327, 32.916538658474146, 32.92114695340502, 32.91909882232463, 32.916538658474146, 32.913978494623656, 32.91602662570405, 32.91500256016385, 32.91833077316949, 32.91551459293395, 32.91653865847414, 32.91935483870968, 32.919610855094724, 32.92063492063492, 32.91833077316949, 32.915770609319, 32.91602662570404, 32.91730670762929, 32.91935483870968, 32.921402969790066, 32.91730670762929, 32.91858678955453, 32.91756272401434, 32.9152585765489, 32.916282642089094, 32.91909882232463, 32.9152585765489, 32.91833077316948, 32.917050691244235, 32.91935483870968, 32.92191500256016, 32.91833077316948, 32.92037890424987, 32.92114695340502, 32.92370711725551, 32.922171018945214, 32.91602662570405, 32.913722478238604, 32.91218637992832, 32.912954429083456, 32.91346646185356, 32.9142345110087, 32.917306707629294, 32.91833077316949, 32.92089093701997, 32.924475166410645, 32.922171018945214, 32.921402969790066, 32.92037890424987, 32.919866871479776, 32.91833077316948, 32.924731182795696, 32.92498719918075, 32.925499231950845, 32.92601126472094, 32.924731182795696, 32.92447516641065, 32.9237071172555, 32.921146953405014, 32.91909882232463, 32.916538658474146, 32.91781874039938, 32.91909882232463, 32.921146953405014, 32.91935483870968, 32.918074756784435, 32.91833077316948, 32.918074756784435, 32.916538658474146, 32.91321044546851, 32.915514592933945, 32.915514592933945, 32.91705069124424, 32.918842805939576, 32.919866871479776, 32.918842805939576, 32.916538658474146, 32.914746543778804, 32.9152585765489, 32.915770609319, 32.91295442908346, 32.914746543778804, 32.91423451100871, 32.915514592933945, 32.913210445468515, 32.915514592933945, 32.916282642089094, 32.91781874039939, 32.91730670762929, 32.92012288786483, 32.91756272401434, 32.91756272401434, 32.92089093701997, 32.92165898617512, 32.919866871479776, 32.92089093701997, 32.922427035330266, 32.91679467485919, 32.916538658474146, 32.91730670762929, 32.919610855094724, 32.91909882232463, 32.92165898617512, 32.92498719918075, 32.92652329749104, 32.929595494111624, 32.92908346134153, 32.92831541218638, 32.929595494111624, 32.92754736303124, 32.92754736303124, 32.92293906810036, 32.92012288786482, 32.92012288786482, 32.91884280593958, 32.919866871479776, 32.921402969790066, 32.92063492063492, 32.919610855094724, 32.92012288786482, 32.92191500256016, 32.923963133640555, 32.92242703533026, 32.92037890424987, 32.92345110087046, 32.92319508448541, 32.922171018945214, 32.92037890424987, 32.9242191500256, 32.922171018945214, 32.92370711725551, 32.9242191500256, 32.92165898617512, 32.92345110087046, 32.9247311827957, 32.92268305171531, 32.923963133640555, 32.922427035330266, 32.92063492063492, 32.91833077316949, 32.92012288786483, 32.92114695340502, 32.918074756784435, 32.915770609319, 32.92114695340502, 32.92089093701997, 32.91858678955453, 32.92089093701997, 32.920634920634924, 32.92191500256017, 32.922939068100355, 32.92242703533026, 32.92498719918075, 32.9242191500256, 32.92268305171531, 32.92396313364055, 32.92498719918075, 32.925499231950845, 32.92498719918075, 32.92677931387609, 32.92601126472094, 32.9252432155658, 32.924475166410645, 32.922171018945214, 32.9242191500256, 32.922939068100355, 32.92345110087046, 32.924731182795696, 32.9242191500256, 32.92089093701997, 32.92037890424987, 32.91935483870968, 32.91909882232463, 32.91602662570404, 32.915770609319, 32.91756272401434, 32.915770609319, 32.913722478238604, 32.91756272401434, 32.91346646185356, 32.90988223246288, 32.91013824884793, 32.91269841269841, 32.91346646185356, 32.91295442908346, 32.91116231438812, 32.912186379928315, 32.915258576548894, 32.916538658474146, 32.91781874039939, 32.9152585765489, 32.91705069124424, 32.916538658474146, 32.915770609319, 32.915002560163856, 32.91602662570405, 32.91705069124424, 32.91551459293395, 32.916538658474146, 32.916282642089094, 32.919866871479776, 32.919866871479776, 32.916538658474146, 32.915770609319, 32.91602662570405, 32.916538658474146, 32.91679467485919, 32.91705069124424, 32.91858678955453, 32.92165898617512, 32.91884280593958, 32.91884280593958, 32.91935483870968, 32.919866871479776, 32.92037890424987, 32.92191500256016, 32.9237071172555, 32.922427035330266, 32.92498719918075, 32.922171018945214, 32.92037890424987, 32.91833077316949, 32.91961085509473, 32.91909882232463, 32.916282642089094, 32.91858678955453, 32.92037890424987, 32.91833077316948, 32.918074756784435, 32.918074756784435, 32.91756272401434, 32.918074756784435, 32.91705069124424, 32.91858678955453, 32.919610855094724, 32.91833077316949, 32.91909882232463, 32.91705069124424, 32.91756272401434, 32.921402969790066, 32.9242191500256, 32.92114695340502, 32.92191500256016, 32.92524321556579, 32.92345110087046, 32.923963133640555, 32.92652329749104, 32.92652329749104, 32.92677931387609, 32.92754736303124, 32.927035330261134, 32.92805939580133]",0.9017412627250886,0.9182800685293246,33,"[33, 33, 33, 33, 33, 33, 33, 33, 33, 33, 33, 33, 33, 33, 33, 33, 33, 33, 33, 33, 33, 33, 33, 33, 33, 33, 33, 33, 33, 33, 33, 33, 33, 33, 33, 33, 33, 33, 33, 33, 33, 33, 33, 33, 33, 33, 33, 33, 33, 33, 33, 33, 33, 33, 33, 33, 33, 33, 33, 33, 33, 33, 33, 33, 33, 33, 33, 33, 33, 33, 33, 33, 33, 33, 33, 33, 33, 33, 33, 33, 33, 33, 33, 33, 33, 33, 33, 33, 33, 33, 33, 33, 33, 33, 33, 33, 33, 33, 33, 33, 33, 33, 33, 33, 33, 33, 33, 33, 33, 33, 33, 33, 33, 33, 33, 33, 33, 33, 33, 33, 33, 33, 33, 33, 33, 33, 33, 33, 33, 33, 33, 33, 33, 33, 33, 33, 33, 33, 33, 33, 33, 33, 33, 33, 33, 33, 33, 33, 33, 33, 33, 33, 33, 33, 33, 33, 33, 33, 33, 33, 33, 33, 33, 33, 33, 33, 33, 33, 33, 33, 33, 33, 33, 33, 33, 33, 33, 33, 33, 33, 33, 33, 33, 33, 33, 33, 33, 33, 33, 33, 33, 33, 33, 33, 33, 33, 33, 33, 33, 33, 33, 33, 33, 33, 33, 33, 33, 33, 33, 33, 33, 33, 33, 33, 33, 33, 33, 33, 33, 33, 33, 33, 33, 33, 33, 33, 33, 33, 33, 33, 33, 33, 33, 33, 33, 33, 33, 33, 33, 33, 33, 33, 33, 33, 33, 33, 33, 33, 33, 33, 33, 33, 33, 33, 33, 33, 33, 33, 33, 33, 33, 33, 33, 33, 33, 33, 33, 33, 33, 33, 33, 33, 33, 33, 33, 33, 33, 33, 33, 33, 33, 33, 33, 33, 33, 33, 33, 33, 33, 33, 33, 33, 33, 33, 33, 33, 33, 33, 33, 33, 33, 33, 33, 33, 33, 33, 33, 33, 33, 33, 33, 33, 33, 33, 33, 33, 33, 33, 33, 33, 33, 33, 33, 33, 33, 33, 33, 33, 33, 33, 33, 33, 33, 33, 33, 33, 33, 33, 33, 33, 33, 33, 33, 33, 33, 33, 33, 33, 33, 33, 33, 33, 33, 33, 33, 33, 33, 33, 33, 33, 33, 33, 33, 33, 33, 33, 33, 33, 33, 33, 33, 33, 33, 33, 33, 33, 33, 33, 33, 33, 33, 33, 33, 33, 33, 33, 33, 33, 33, 33, 33, 33, 33, 33, 33, 33, 33, 33, 33, 33, 33, 33, 33, 33, 33, 33, 33, 33, 33, 33, 33, 33, 33, 33, 33, 33, 33, 33, 33, 33, 33, 33, 33, 33, 33, 33, 33, 33, 33, 33, 33, 33, 33, 33, 33, 33, 33, 33, 33, 33]",440,"[0.43515315651893616, 0.40688756108283997, 0.3995274305343628, 0.3961320221424103, 0.3936484158039093, 0.391368567943573, 0.3894117474555969, 0.387643039226532, 0.38600099086761475, 0.384517639875412, 0.38313835859298706, 0.3819139003753662, 0.3807559609413147, 0.3795982599258423, 0.3787551522254944, 0.3778417110443115, 0.3769325017929077, 0.37609586119651794, 0.3753335177898407, 0.37453940510749817, 0.3738720417022705, 0.3732345998287201, 0.3725776970386505, 0.3720707297325134, 0.37142717838287354, 0.37091946601867676, 0.3703050911426544, 0.36974018812179565, 0.36917945742607117, 0.36869725584983826, 0.36808884143829346, 0.36774569749832153, 0.36720266938209534, 0.36680343747138977, 0.36628174781799316, 0.3658864498138428, 0.3653940260410309, 0.36493372917175293, 0.36454176902770996, 0.36403682827949524, 0.3636070489883423, 0.3631211519241333, 0.362726092338562, 0.3623100519180298, 0.36188194155693054, 0.36137714982032776, 0.3610334098339081, 0.36063700914382935, 0.360238254070282, 0.3598523437976837, 0.3595316410064697, 0.3591001629829407, 0.3586651086807251, 0.3582501709461212, 0.3578241765499115, 0.3574218451976776, 0.35704219341278076, 0.356545090675354, 0.35616400837898254, 0.35579249262809753, 0.35548219084739685, 0.355044960975647, 0.3546309173107147, 0.3543497323989868, 0.35388657450675964, 0.3535853624343872, 0.35313862562179565, 0.3526743948459625, 0.35239917039871216, 0.3519439995288849, 0.35157540440559387, 0.35125812888145447, 0.3508611023426056, 0.35042843222618103, 0.3500136137008667, 0.34957030415534973, 0.34909191727638245, 0.34872135519981384, 0.34840312600135803, 0.3480667471885681, 0.3475818336009979, 0.3472503423690796, 0.34698718786239624, 0.3465830981731415, 0.3462431728839874, 0.3458513617515564, 0.34546878933906555, 0.34504058957099915, 0.3448021411895752, 0.34419840574264526, 0.34385067224502563, 0.34341326355934143, 0.34301698207855225, 0.34277456998825073, 0.3422814607620239, 0.3417612314224243, 0.34142157435417175, 0.3409915268421173, 0.34068620204925537, 0.34030842781066895, 0.33981382846832275, 0.33948656916618347, 0.3389216959476471, 0.338485449552536, 0.3380211889743805, 0.33759692311286926, 0.33716145157814026, 0.33679768443107605, 0.33633434772491455, 0.3359452784061432, 0.3353695273399353, 0.3348819613456726, 0.33450934290885925, 0.3340907692909241, 0.3336828947067261, 0.3331972062587738, 0.332701712846756, 0.3321869373321533, 0.33166322112083435, 0.3312658965587616, 0.3309275805950165, 0.33033913373947144, 0.32992398738861084, 0.32936155796051025, 0.32894793152809143, 0.32846638560295105, 0.3280966281890869, 0.3276687562465668, 0.32719525694847107, 0.3267327547073364, 0.3262021243572235, 0.32557305693626404, 0.32501834630966187, 0.3244955539703369, 0.3240383565425873, 0.32358917593955994, 0.32295525074005127, 0.32245829701423645, 0.3219826817512512, 0.3214026987552643, 0.3209075629711151, 0.3204541504383087, 0.319858580827713, 0.3192847669124603, 0.3187682330608368, 0.31829190254211426, 0.31777724623680115, 0.31715521216392517, 0.31665757298469543, 0.31597602367401123, 0.315493106842041, 0.31496721506118774, 0.31433621048927307, 0.31380411982536316, 0.3132169842720032, 0.3126879632472992, 0.3121624290943146, 0.3116132915019989, 0.31092482805252075, 0.3102976679801941, 0.3096971809864044, 0.30924129486083984, 0.30859893560409546, 0.30799922347068787, 0.3073378801345825, 0.3067217767238617, 0.30613288283348083, 0.3054918944835663, 0.3049369156360626, 0.304281085729599, 0.3037849962711334, 0.30312272906303406, 0.30250728130340576, 0.3019292950630188, 0.30113956332206726, 0.3004988431930542, 0.29989317059516907, 0.2992015779018402, 0.2985995411872864, 0.29800719022750854, 0.2974705398082733, 0.2967299222946167, 0.2961560785770416, 0.2955297529697418, 0.2949449419975281, 0.294333815574646, 0.2935168147087097, 0.2929244637489319, 0.2922913432121277, 0.2915419936180115, 0.2909851372241974, 0.29023024439811707, 0.2897398769855499, 0.2891702353954315, 0.2885393798351288, 0.2879636287689209, 0.28735557198524475, 0.28669145703315735, 0.28604066371917725, 0.2853996157646179, 0.2848491966724396, 0.2841605246067047, 0.28355124592781067, 0.28293779492378235, 0.2824179232120514, 0.281828373670578, 0.2813023328781128, 0.2808304727077484, 0.2801624536514282, 0.279715359210968, 0.2791149616241455, 0.2786071300506592, 0.27805468440055847, 0.27738890051841736, 0.27675241231918335, 0.27611076831817627, 0.27547308802604675, 0.2750549614429474, 0.2745833694934845, 0.2739908695220947, 0.2734547257423401, 0.2728237509727478, 0.27234947681427, 0.2717534303665161, 0.27124959230422974, 0.2707117795944214, 0.27021706104278564, 0.26984184980392456, 0.2693607211112976, 0.2687775194644928, 0.2682245671749115, 0.26772549748420715, 0.2672048509120941, 0.2667830288410187, 0.2663750648498535, 0.26579806208610535, 0.2652702033519745, 0.26477789878845215, 0.26429909467697144, 0.26380670070648193, 0.26334017515182495, 0.2630421221256256, 0.2625825107097626, 0.26212307810783386, 0.2617148160934448, 0.26138773560523987, 0.2611031234264374, 0.260621577501297, 0.2602454125881195, 0.2598560154438019, 0.25941893458366394, 0.2589874565601349, 0.2587289810180664, 0.2581389546394348, 0.2576688528060913, 0.25732481479644775, 0.25685742497444153, 0.2565736770629883, 0.2561761140823364, 0.25590047240257263, 0.2555898427963257, 0.2552260756492615, 0.25479868054389954, 0.254406213760376, 0.2539859712123871, 0.2536819875240326, 0.2533365786075592, 0.2529624402523041, 0.2525891363620758, 0.25225830078125, 0.25182998180389404, 0.2515105903148651, 0.2512699365615845, 0.25093746185302734, 0.25054076313972473, 0.2502179443836212, 0.2500035762786865, 0.24967311322689056, 0.2494858205318451, 0.2491203248500824, 0.2487713098526001, 0.2484135627746582, 0.24808020889759064, 0.24778465926647186, 0.24747957289218903, 0.24718709290027618, 0.24690765142440796, 0.2466345578432083, 0.2463953047990799, 0.24593783915042877, 0.24571821093559265, 0.24552085995674133, 0.24512483179569244, 0.24480940401554108, 0.2445632517337799, 0.24429185688495636, 0.2439718097448349, 0.24372464418411255, 0.24344244599342346, 0.2432386577129364, 0.2430225908756256, 0.2426898181438446, 0.24231387674808502, 0.242045596241951, 0.24180997908115387, 0.24151496589183807, 0.24111980199813843, 0.2410099059343338, 0.24058987200260162, 0.24039596319198608, 0.24006079137325287, 0.23986507952213287, 0.23966491222381592, 0.23927511274814606, 0.23903696238994598, 0.2388627976179123, 0.23858243227005005, 0.23821419477462769, 0.2379264086484909, 0.2377258688211441, 0.2374456822872162, 0.23727452754974365, 0.23699676990509033, 0.23692792654037476, 0.23662973940372467, 0.23646022379398346, 0.23616823554039001, 0.23589132726192474, 0.23561014235019684, 0.2354840487241745, 0.23544162511825562, 0.23512011766433716, 0.23477910459041595, 0.2347562611103058, 0.23454494774341583, 0.23431773483753204, 0.23379018902778625, 0.23346200585365295, 0.23349569737911224, 0.23333367705345154, 0.232832133769989, 0.23265890777111053, 0.23253890872001648, 0.2323017120361328, 0.23181286454200745, 0.23155459761619568, 0.23138613998889923, 0.23124611377716064, 0.23110990226268768, 0.23081322014331818, 0.23061256110668182, 0.23045997321605682, 0.23030607402324677, 0.23015546798706055, 0.2297089397907257, 0.22938162088394165, 0.22931671142578125, 0.22914594411849976, 0.2290945053100586, 0.22880712151527405, 0.22873979806900024, 0.22849078476428986, 0.22825124859809875, 0.22803856432437897, 0.22777365148067474, 0.22762353718280792, 0.22731304168701172, 0.22731512784957886, 0.22690603137016296, 0.22666053473949432, 0.22641336917877197, 0.22646203637123108, 0.22603853046894073, 0.225906640291214, 0.22588691115379333, 0.225799560546875, 0.22545233368873596, 0.22523444890975952, 0.22502386569976807, 0.2249271422624588, 0.22460751235485077, 0.2243274301290512, 0.22419226169586182, 0.22403185069561005, 0.22380714118480682, 0.2235589474439621, 0.2235167920589447, 0.223127543926239, 0.22290372848510742, 0.2228984385728836, 0.22264567017555237, 0.22250720858573914, 0.22227831184864044, 0.2222440540790558, 0.22232943773269653, 0.22223447263240814, 0.2222687155008316, 0.22193314135074615, 0.22146613895893097, 0.22109316289424896, 0.22100777924060822, 0.2209397256374359, 0.2206788957118988, 0.22065556049346924, 0.22045841813087463, 0.22032402455806732, 0.22023096680641174, 0.2199786901473999, 0.21956026554107666, 0.21939413249492645, 0.21912699937820435, 0.21926851570606232, 0.2188190221786499, 0.21874092519283295, 0.21863359212875366, 0.2184145599603653, 0.218423992395401, 0.21821185946464539, 0.217741921544075, 0.21779756247997284, 0.21798935532569885, 0.2177284210920334, 0.21742267906665802, 0.21729585528373718, 0.21726641058921814, 0.21706071496009827, 0.21697379648685455, 0.21656440198421478, 0.21642188727855682, 0.21622677147388458, 0.2159101814031601, 0.21579910814762115, 0.21539515256881714, 0.21538665890693665, 0.21550224721431732, 0.21531468629837036, 0.21514935791492462, 0.21511225402355194, 0.21510779857635498, 0.21480055153369904]",33.0,"[33.0, 33.0, 33.0, 33.0, 33.0, 33.0, 33.0, 33.0, 33.0, 33.0, 33.0, 33.0, 33.0, 33.0, 33.0, 33.0, 33.0, 33.0, 33.0, 33.0