,number,value,datetime_start,datetime_complete,duration,params_batch_size_scaler,params_constant_learning_rate,params_depth,params_epochs,params_kernel_l2,params_num_trees,params_temperature,user_attrs_accuracy_test,user_attrs_accuracy_valid,user_attrs_approximate_feature_sparsity,user_attrs_approximate_feature_sparsity_history,user_attrs_approximate_weight_sparsity,user_attrs_approximate_weight_sparsity_history,user_attrs_auc_test,user_attrs_auc_valid,user_attrs_feature_sparsity,user_attrs_feature_sparsity_history,user_attrs_num_epochs,user_attrs_val_loss_history,user_attrs_weight_sparsity,user_attrs_weight_sparsity_history,state
55,55,0.8665095129523,2024-08-31 02:41:47.997187,2024-08-31 02:42:13.840193,0 days 00:00:25.843006,64,0.2015687747035475,1,330,0.0015019501666396046,8,0.00021087888012724743,0.857,0.865,20,"[33, 33, 33, 33, 33, 33, 33, 33, 33, 33, 33, 33, 33, 33, 33, 33, 33, 33, 33, 33, 33, 33, 33, 33, 33, 33, 33, 33, 33, 33, 33, 33, 33, 33, 33, 33, 33, 33, 33, 33, 33, 33, 33, 33, 33, 33, 33, 33, 33, 33, 33, 33, 33, 33, 33, 33, 32, 32, 32, 32, 32, 32, 32, 32, 32, 32, 32, 32, 32, 32, 32, 32, 32, 31, 31, 31, 31, 31, 31, 31, 31, 31, 31, 31, 31, 31, 31, 31, 31, 31, 31, 31, 31, 31, 31, 31, 31, 31, 31, 31, 31, 31, 31, 31, 31, 31, 31, 31, 31, 31, 30, 30, 30, 30, 30, 30, 30, 30, 30, 30, 30, 30, 30, 30, 30, 30, 30, 30, 30, 30, 30, 30, 30, 30, 30, 30, 30, 30, 30, 30, 30, 30, 30, 30, 30, 30, 30, 30, 29, 29, 29, 29, 29, 29, 29, 29, 29, 29, 29, 29, 29, 29, 29, 29, 29, 29, 29, 29, 29, 29, 29, 29, 29, 28, 28, 28, 28, 28, 28, 28, 28, 28, 28, 28, 27, 27, 27, 27, 26, 26, 26, 26, 26, 26, 26, 26, 26, 26, 26, 26, 26, 26, 26, 26, 25, 25, 25, 25, 25, 25, 25, 25, 25, 25, 25, 25, 25, 25, 25, 25, 24, 24, 24, 24, 24, 24, 24, 24, 24, 24, 24, 24, 24, 24, 24, 24, 24, 24, 24, 24, 24, 24, 23, 22, 21, 21, 21, 21, 21, 21, 21, 21, 21, 21, 21, 21, 21, 21, 21, 21, 21, 21, 21, 21, 21, 21, 21, 21, 21, 21, 21, 21, 21, 21, 21, 21, 21, 21, 21, 21, 21, 21, 21, 21, 21, 20, 20, 20, 20, 20, 20, 20, 20, 20, 20, 20, 20, 20, 20, 20, 20, 20, 20, 20, 20, 20, 20, 20, 20, 20, 20, 20, 20, 20, 20, 20, 20, 20, 20, 20, 20, 20, 20, 20, 20, 20, 20, 20, 20, 20]",20.0,"[33.0, 32.875, 33.0, 33.0, 32.75, 32.875, 32.875, 32.875, 32.875, 32.875, 32.875, 32.875, 33.0, 33.0, 32.875, 33.0, 32.875, 32.875, 32.875, 33.0, 32.75, 33.0, 32.875, 32.875, 32.875, 33.0, 33.0, 33.0, 33.0, 33.0, 33.0, 33.0, 33.0, 33.0, 33.0, 33.0, 33.0, 33.0, 33.0, 33.0, 33.0, 32.875, 32.875, 33.0, 32.875, 33.0, 33.0, 33.0, 33.0, 33.0, 33.0, 33.0, 32.875, 33.0, 33.0, 33.0, 32.0, 32.0, 32.0, 32.0, 32.0, 32.0, 32.0, 31.875, 32.0, 31.875, 32.0, 32.0, 32.0, 31.875, 32.0, 32.0, 31.875, 31.0, 31.0, 31.0, 31.0, 31.0, 31.0, 31.0, 30.875, 31.0, 31.0, 31.0, 30.875, 31.0, 30.875, 31.0, 31.0, 31.0, 31.0, 31.0, 31.0, 31.0, 30.875, 30.875, 30.875, 31.0, 31.0, 31.0, 31.0, 31.0, 31.0, 30.875, 31.0, 31.0, 31.0, 31.0, 31.0, 31.0, 29.75, 30.0, 29.875, 30.0, 30.0, 30.0, 30.0, 30.0, 30.0, 30.0, 30.0, 30.0, 30.0, 30.0, 29.875, 30.0, 29.875, 30.0, 29.875, 30.0, 30.0, 30.0, 29.875, 30.0, 30.0, 30.0, 30.0, 29.875, 30.0, 29.875, 29.875, 29.875, 30.0, 29.875, 30.0, 30.0, 30.0, 30.0, 29.0, 29.0, 28.875, 29.0, 29.0, 29.0, 29.0, 29.0, 29.0, 28.875, 28.875, 29.0, 29.0, 28.875, 29.0, 29.0, 28.875, 29.0, 29.0, 29.0, 29.0, 29.0, 28.875, 28.875, 28.875, 28.0, 28.0, 28.0, 28.0, 28.0, 28.0, 28.0, 28.0, 28.0, 28.0, 28.0, 27.0, 27.0, 27.0, 27.0, 26.0, 26.0, 26.0, 25.875, 26.0, 25.875, 26.0, 25.875, 26.0, 26.0, 26.0, 26.0, 26.0, 26.0, 26.0, 26.0, 25.0, 25.0, 25.0, 25.0, 25.0, 25.0, 25.0, 25.0, 25.0, 25.0, 25.0, 25.0, 24.875, 25.0, 25.0, 25.0, 24.0, 24.0, 23.875, 24.0, 24.0, 24.0, 24.0, 24.0, 24.0, 24.0, 24.0, 24.0, 24.0, 24.0, 24.0, 24.0, 24.0, 24.0, 24.0, 24.0, 24.0, 24.0, 23.0, 22.0, 21.0, 21.0, 21.0, 21.0, 21.0, 21.0, 21.0, 21.0, 21.0, 21.0, 21.0, 21.0, 21.0, 21.0, 21.0, 21.0, 21.0, 21.0, 21.0, 21.0, 21.0, 20.875, 20.875, 20.875, 21.0, 21.0, 21.0, 21.0, 21.0, 21.0, 21.0, 21.0, 21.0, 21.0, 21.0, 21.0, 21.0, 21.0, 21.0, 21.0, 21.0, 20.0, 20.0, 20.0, 20.0, 20.0, 20.0, 20.0, 20.0, 20.0, 20.0, 20.0, 20.0, 20.0, 20.0, 20.0, 20.0, 20.0, 20.0, 20.0, 20.0, 20.0, 20.0, 20.0, 20.0, 20.0, 20.0, 20.0, 20.0, 20.0, 20.0, 20.0, 20.0, 20.0, 20.0, 20.0, 20.0, 20.0, 20.0, 20.0, 20.0, 20.0, 20.0, 20.0, 20.0, 20.0]",0.8695332689338585,0.8665095129523,20,"[33, 33, 33, 33, 33, 33, 33, 33, 33, 33, 33, 33, 33, 33, 33, 33, 33, 33, 33, 33, 33, 33, 33, 33, 33, 33, 33, 33, 33, 33, 33, 33, 33, 33, 33, 33, 33, 33, 33, 33, 33, 33, 33, 33, 33, 33, 33, 33, 33, 33, 33, 33, 33, 33, 33, 33, 32, 32, 32, 32, 32, 32, 32, 32, 32, 32, 32, 32, 32, 32, 32, 32, 32, 31, 31, 31, 31, 31, 31, 31, 31, 31, 31, 31, 31, 31, 31, 31, 31, 31, 31, 31, 31, 31, 31, 31, 31, 31, 31, 31, 31, 31, 31, 31, 31, 31, 31, 31, 31, 31, 30, 30, 30, 30, 30, 30, 30, 30, 30, 30, 30, 30, 30, 30, 30, 30, 30, 30, 30, 30, 30, 30, 30, 30, 30, 30, 30, 30, 30, 30, 30, 30, 30, 30, 30, 30, 30, 30, 29, 29, 29, 29, 29, 29, 29, 29, 29, 29, 29, 29, 29, 29, 29, 29, 29, 29, 29, 29, 29, 29, 29, 29, 29, 28, 28, 28, 28, 28, 28, 28, 28, 28, 28, 28, 27, 27, 27, 27, 26, 26, 26, 26, 26, 26, 26, 26, 26, 26, 26, 26, 26, 26, 26, 26, 25, 25, 25, 25, 25, 25, 25, 25, 25, 25, 25, 25, 25, 25, 25, 25, 24, 24, 24, 24, 24, 24, 24, 24, 24, 24, 24, 24, 24, 24, 24, 24, 24, 24, 24, 24, 24, 24, 23, 22, 21, 21, 21, 21, 21, 21, 21, 21, 21, 21, 21, 21, 21, 21, 21, 21, 21, 21, 21, 21, 21, 21, 21, 21, 21, 21, 21, 21, 21, 21, 21, 21, 21, 21, 21, 21, 21, 21, 21, 21, 21, 20, 20, 20, 20, 20, 20, 20, 20, 20, 20, 20, 20, 20, 20, 20, 20, 20, 20, 20, 20, 20, 20, 20, 20, 20, 20, 20, 20, 20, 20, 20, 20, 20, 20, 20, 20, 20, 20, 20, 20, 20, 20, 20, 20, 20]",330,"[0.4260410964488983, 0.4127342700958252, 0.4096018671989441, 0.4081968665122986, 0.4071110785007477, 0.40550270676612854, 0.40463078022003174, 0.40319207310676575, 0.40237942337989807, 0.40141087770462036, 0.4002612233161926, 0.3993211090564728, 0.3983842432498932, 0.39742687344551086, 0.3965619206428528, 0.3963106572628021, 0.3951137065887451, 0.394522100687027, 0.3942960500717163, 0.39339905977249146, 0.3921038806438446, 0.3915676474571228, 0.39065539836883545, 0.38994327187538147, 0.3891046643257141, 0.3884389102458954, 0.3879573941230774, 0.3871336281299591, 0.386457622051239, 0.38563302159309387, 0.3848892152309418, 0.38421380519866943, 0.38360273838043213, 0.3831893503665924, 0.3826562166213989, 0.38214075565338135, 0.381710410118103, 0.3809409737586975, 0.38057127594947815, 0.3799883723258972, 0.3790757656097412, 0.3784976601600647, 0.377878338098526, 0.37733373045921326, 0.37781405448913574, 0.3764567971229553, 0.37552809715270996, 0.37605276703834534, 0.3745971620082855, 0.37373560667037964, 0.3731624484062195, 0.3727937340736389, 0.37216517329216003, 0.3720935583114624, 0.37148821353912354, 0.37118491530418396, 0.37066203355789185, 0.3702222406864166, 0.3693273961544037, 0.3689081072807312, 0.36868816614151, 0.36784523725509644, 0.36724644899368286, 0.3664679229259491, 0.36614054441452026, 0.36533889174461365, 0.36513787508010864, 0.36502841114997864, 0.3638727068901062, 0.36397725343704224, 0.3627758026123047, 0.36236512660980225, 0.3619101047515869, 0.3594220280647278, 0.35927096009254456, 0.35860008001327515, 0.3582608103752136, 0.35780447721481323, 0.3576759994029999, 0.3567996919155121, 0.35632389783859253, 0.3561641573905945, 0.3549858033657074, 0.35435882210731506, 0.3539768159389496, 0.35393717885017395, 0.35385897755622864, 0.3524593114852905, 0.35219115018844604, 0.35176196694374084, 0.3512822389602661, 0.3508780598640442, 0.35092487931251526, 0.3506213128566742, 0.3504806458950043, 0.3498603105545044, 0.34930360317230225, 0.34926387667655945, 0.3490539789199829, 0.34880170226097107, 0.34828221797943115, 0.3476943075656891, 0.34717023372650146, 0.34698688983917236, 0.34645840525627136, 0.34583592414855957, 0.34572556614875793, 0.34485235810279846, 0.34480342268943787, 0.3437512218952179, 0.34431448578834534, 0.3442190885543823, 0.3444128930568695, 0.3446975648403168, 0.34380242228507996, 0.34328538179397583, 0.343387633562088, 0.34302660822868347, 0.3428397476673126, 0.3429906368255615, 0.3425622880458832, 0.34187519550323486, 0.34156081080436707, 0.34109458327293396, 0.34118935465812683, 0.3419015109539032, 0.3405373692512512, 0.3403526544570923, 0.34074774384498596, 0.33955660462379456, 0.3399396538734436, 0.3387388586997986, 0.3390362560749054, 0.33811551332473755, 0.33796170353889465, 0.3377188444137573, 0.3376445770263672, 0.33709076046943665, 0.33739402890205383, 0.3372099697589874, 0.3372839093208313, 0.33653146028518677, 0.3354043960571289, 0.33542928099632263, 0.3350523114204407, 0.33512794971466064, 0.33444127440452576, 0.33421480655670166, 0.33472588658332825, 0.3348904848098755, 0.33512383699417114, 0.3350350558757782, 0.33438900113105774, 0.33492588996887207, 0.33452120423316956, 0.33383795619010925, 0.33430948853492737, 0.33374127745628357, 0.33455848693847656, 0.33453601598739624, 0.3337306082248688, 0.33374032378196716, 0.33354318141937256, 0.3327251672744751, 0.33196601271629333, 0.3315846920013428, 0.3311082124710083, 0.3314765989780426, 0.3309877812862396, 0.33121737837791443, 0.3305066227912903, 0.3309112787246704, 0.330251008272171, 0.3295438885688782, 0.32900378108024597, 0.32840004563331604, 0.3281453847885132, 0.32914942502975464, 0.32735905051231384, 0.3283349573612213, 0.3267858028411865, 0.3264932930469513, 0.3265657126903534, 0.3255586624145508, 0.32630860805511475, 0.3261653780937195, 0.32734936475753784, 0.32653847336769104, 0.326799213886261, 0.3258415162563324, 0.3261207938194275, 0.326239675283432, 0.3259556293487549, 0.32550543546676636, 0.3250277042388916, 0.3244398534297943, 0.32488852739334106, 0.3253927230834961, 0.3239527940750122, 0.323606938123703, 0.32355576753616333, 0.32296234369277954, 0.3231487572193146, 0.32260945439338684, 0.3242385983467102, 0.3248647451400757, 0.32499173283576965, 0.32503047585487366, 0.3253685235977173, 0.32377851009368896, 0.3238930404186249, 0.3241523504257202, 0.32381710410118103, 0.32336291670799255, 0.32261961698532104, 0.3226177990436554, 0.3233857750892639, 0.3218723237514496, 0.32102811336517334, 0.3207915127277374, 0.3200973868370056, 0.3202863037586212, 0.32068052887916565, 0.3197242021560669, 0.31966686248779297, 0.32016879320144653, 0.3182491958141327, 0.31882622838020325, 0.3191111981868744, 0.31823626160621643, 0.31887710094451904, 0.31795942783355713, 0.31676045060157776, 0.3172134757041931, 0.3167283236980438, 0.3164360523223877, 0.3174946904182434, 0.3165796995162964, 0.31664445996284485, 0.316696435213089, 0.31694620847702026, 0.31570664048194885, 0.3137582838535309, 0.3131474554538727, 0.31349337100982666, 0.31306999921798706, 0.3126736879348755, 0.31229403614997864, 0.31291311979293823, 0.314678817987442, 0.31337153911590576, 0.3132644593715668, 0.3156455159187317, 0.3123670816421509, 0.31103256344795227, 0.31074872612953186, 0.31197336316108704, 0.3115040957927704, 0.31077587604522705, 0.3104245662689209, 0.3104093670845032, 0.30978038907051086, 0.3095989227294922, 0.30908915400505066, 0.30918338894844055, 0.30876511335372925, 0.3085804581642151, 0.3083861768245697, 0.30872952938079834, 0.3078451156616211, 0.3082040548324585, 0.30832886695861816, 0.3079463541507721, 0.30746540427207947, 0.30666089057922363, 0.3072775602340698, 0.307716965675354, 0.30808401107788086, 0.3073173463344574, 0.30624768137931824, 0.3065938353538513, 0.3041337728500366, 0.3031940162181854, 0.303877592086792, 0.3041630983352661, 0.3009932339191437, 0.301398903131485, 0.30148017406463623, 0.3012661337852478, 0.30115193128585815, 0.3013123571872711, 0.3009665012359619, 0.301522433757782, 0.3025870621204376, 0.30161812901496887, 0.302270770072937, 0.3020280599594116, 0.30183136463165283, 0.3017619550228119, 0.30116742849349976, 0.3011641800403595, 0.3006840944290161, 0.3004506528377533, 0.3011978566646576, 0.30075111985206604, 0.3002490699291229, 0.30028972029685974, 0.3000835180282593, 0.30003592371940613, 0.2988370358943939, 0.30147263407707214, 0.29980194568634033, 0.2986484467983246, 0.3003179430961609, 0.29879242181777954, 0.298686146736145, 0.2989920675754547, 0.29861485958099365, 0.29882895946502686, 0.29848605394363403, 0.29796102643013, 0.2968808710575104, 0.29615697264671326, 0.29555243253707886, 0.29570141434669495, 0.29601871967315674, 0.29554909467697144, 0.29465463757514954, 0.29397428035736084, 0.2946055829524994]",20.0,"[33.0, 33.0, 33.0, 33.0, 33.0, 33.0, 33.0, 33.0, 33.0, 33.0, 33.0, 33.0, 33.0, 33.0, 33.0, 33.0, 33.0, 33.0, 33.0, 33.0, 33.0, 33.0, 33.0, 33.0, 33.0, 33.0, 33.0, 33.0, 33.0, 33.0, 33.0, 33.0, 33.0, 33.0, 33.0, 33.0, 33.0, 33.0, 33.0, 33.0, 33.0, 33.0, 33.0, 33.0, 33.0, 33.0, 33.0, 33.0, 33.0, 33.0, 33.0, 33.0, 33.0, 33.0, 33.0, 33.0, 32.0, 32.0, 32.0, 32.0, 32.0, 32.0, 32.0, 32.0, 32.0, 32.0, 32.0, 32.0, 32.0, 32.0, 32.0, 32.0, 32.0, 31.0, 31.0, 31.0, 31.0, 31.0, 31.0, 31.0, 31.0, 31.0, 31.0, 31.0, 31.0, 31.0, 31.0, 31.0, 31.0, 31.0, 31.0, 31.0, 31.0, 31.0, 31.0, 31.0, 31.0, 31.0, 31.0, 31.0, 31.0, 31.0, 31.0, 31.0, 31.0, 31.0, 31.0, 31.0, 31.0, 31.0, 30.0, 30.0, 30.0, 30.0, 30.0, 30.0, 30.0, 30.0, 30.0, 30.0, 30.0, 30.0, 30.0, 30.0, 30.0, 30.0, 30.0, 30.0, 30.0, 30.0, 30.0, 30.0, 30.0, 30.0, 30.0, 30.0, 30.0, 30.0, 30.0, 30.0, 30.0, 30.0, 30.0, 30.0, 30.0, 30.0, 30.0, 30.0, 29.0, 29.0, 29.0, 29.0, 29.0, 29.0, 29.0, 29.0, 29.0, 29.0, 29.0, 29.0, 29.0, 29.0, 29.0, 29.0, 29.0, 29.0, 29.0, 29.0, 29.0, 29.0, 29.0, 29.0, 29.0, 28.0, 28.0, 28.0, 28.0, 28.0, 28.0, 28.0, 28.0, 28.0, 28.0, 28.0, 27.0, 27.0, 27.0, 27.0, 26.0, 26.0, 26.0, 26.0, 26.0, 26.0, 26.0, 26.0, 26.0, 26.0, 26.0, 26.0, 26.0, 26.0, 26.0, 26.0, 25.0, 25.0, 25.0, 25.0, 25.0, 25.0, 25.0, 25.0, 25.0, 25.0, 25.0, 25.0, 25.0, 25.0, 25.0, 25.0, 24.0, 24.0, 24.0, 24.0, 24.0, 24.0, 24.0, 24.0, 24.0, 24.0, 24.0, 24.0, 24.0, 24.0, 24.0, 24.0, 24.0, 24.0, 24.0, 24.0, 24.0, 24.0, 23.0, 22.0, 21.0, 21.0, 21.0, 21.0, 21.0, 21.0, 21.0, 21.0, 21.0, 21.0, 21.0, 21.0, 21.0, 21.0, 21.0, 21.0, 21.0, 21.0, 21.0, 21.0, 21.0, 21.0, 21.0, 21.0, 21.0, 21.0, 21.0, 21.0, 21.0, 21.0, 21.0, 21.0, 21.0, 21.0, 21.0, 21.0, 21.0, 21.0, 21.0, 21.0, 21.0, 20.0, 20.0, 20.0, 20.0, 20.0, 20.0, 20.0, 20.0, 20.0, 20.0, 20.0, 20.0, 20.0, 20.0, 20.0, 20.0, 20.0, 20.0, 20.0, 20.0, 20.0, 20.0, 20.0, 20.0, 20.0, 20.0, 20.0, 20.0, 20.0, 20.0, 20.0, 20.0, 20.0, 20.0, 20.0, 20.0, 20.0, 20.0, 20.0, 20.0, 20.0, 20.0, 20.0, 20.0, 20.0]",COMPLETE
