,number,value,datetime_start,datetime_complete,duration,params_batch_size_scaler,params_constant_learning_rate,params_depth,params_epochs,params_kernel_l2,params_num_trees,params_temperature,user_attrs_accuracy_test,user_attrs_accuracy_valid,user_attrs_approximate_feature_sparsity,user_attrs_approximate_feature_sparsity_history,user_attrs_approximate_weight_sparsity,user_attrs_approximate_weight_sparsity_history,user_attrs_auc_test,user_attrs_auc_valid,user_attrs_feature_sparsity,user_attrs_feature_sparsity_history,user_attrs_num_epochs,user_attrs_val_loss_history,user_attrs_weight_sparsity,user_attrs_weight_sparsity_history,state
34,34,0.8884208627996547,2024-08-31 01:31:00.742663,2024-08-31 01:31:43.761958,0 days 00:00:43.019295,64,7.331583970457944,2,355,0.0027744764000565587,56,0.00015306901297643672,0.917,0.925,30,"[33, 33, 33, 33, 33, 33, 33, 33, 33, 33, 33, 33, 33, 33, 33, 33, 33, 33, 33, 33, 33, 33, 33, 33, 33, 33, 33, 33, 33, 33, 33, 33, 33, 33, 33, 33, 33, 33, 33, 33, 33, 33, 33, 33, 33, 33, 33, 33, 33, 33, 33, 33, 33, 33, 33, 33, 33, 33, 33, 32, 32, 32, 32, 32, 32, 32, 32, 32, 32, 32, 32, 32, 32, 32, 32, 32, 32, 32, 32, 32, 32, 32, 32, 32, 32, 32, 32, 32, 32, 32, 32, 32, 32, 32, 32, 32, 32, 32, 32, 32, 32, 32, 32, 32, 32, 32, 32, 32, 32, 32, 32, 32, 32, 32, 32, 32, 32, 32, 32, 32, 32, 32, 32, 32, 32, 32, 32, 32, 32, 32, 31, 31, 31, 31, 31, 31, 31, 31, 31, 31, 31, 31, 31, 31, 31, 31, 31, 31, 31, 31, 31, 31, 31, 31, 31, 31, 31, 31, 31, 31, 31, 31, 31, 31, 31, 31, 31, 31, 31, 31, 31, 31, 31, 31, 31, 31, 31, 31, 31, 31, 31, 31, 31, 31, 31, 31, 31, 31, 31, 31, 31, 31, 31, 31, 31, 31, 31, 31, 31, 31, 31, 31, 31, 31, 31, 31, 31, 31, 31, 31, 31, 31, 31, 31, 31, 31, 31, 30, 30, 30, 30, 30, 30, 30, 30, 30, 30, 30, 30, 30, 30, 30, 30, 30, 30, 30, 30, 30, 30, 30, 30, 30, 30, 30, 30, 30, 30, 30, 30, 30, 30, 30, 30, 30, 30, 30, 30, 30, 30, 30, 30, 30, 30, 30, 30, 30, 30, 30, 30, 30, 30, 30, 30, 30, 30, 30, 30, 30, 30, 30, 30, 30, 30, 30, 30, 30, 30, 30, 30, 30, 30, 30, 30, 30, 30, 30, 30, 30, 30, 30, 30, 30, 30, 30, 30, 30, 30, 30, 30, 30, 30, 30, 30, 30, 30, 30, 30, 30, 30, 30, 30, 30, 30, 30, 30, 30, 30, 30, 30, 30, 30, 30, 30, 30, 30, 30, 30, 30, 30, 30, 30, 30, 30, 30, 30, 30, 30, 30, 30, 30, 30, 30, 30, 30, 30]",30.0,"[32.98809523809524, 32.958333333333336, 32.98809523809524, 32.976190476190474, 32.98809523809524, 32.98809523809524, 32.976190476190474, 33.0, 32.98809523809524, 32.99404761904762, 32.99404761904762, 32.99404761904762, 32.99404761904762, 32.99404761904762, 32.970238095238095, 32.98809523809524, 32.98809523809524, 32.970238095238095, 32.98809523809524, 33.0, 33.0, 33.0, 32.99404761904762, 32.99404761904762, 33.0, 33.0, 32.99404761904762, 33.0, 32.99404761904762, 33.0, 33.0, 32.99404761904762, 32.98809523809524, 32.99404761904762, 32.99404761904762, 33.0, 33.0, 32.99404761904762, 33.0, 33.0, 33.0, 32.99404761904762, 32.99404761904762, 33.0, 32.99404761904762, 32.982142857142854, 32.99404761904762, 33.0, 33.0, 32.98809523809524, 33.0, 33.0, 33.0, 33.0, 33.0, 33.0, 33.0, 33.0, 32.99404761904762, 32.0, 31.988095238095237, 31.982142857142854, 32.0, 31.99404761904762, 31.982142857142854, 31.99404761904762, 31.976190476190474, 31.99404761904762, 31.988095238095237, 32.0, 32.0, 32.0, 31.99404761904762, 32.0, 32.0, 31.99404761904762, 32.0, 31.988095238095237, 31.976190476190474, 32.0, 31.99404761904762, 31.99404761904762, 31.988095238095237, 32.0, 31.99404761904762, 31.99404761904762, 31.982142857142854, 31.99404761904762, 31.99404761904762, 31.99404761904762, 32.0, 32.0, 32.0, 32.0, 32.0, 32.0, 31.99404761904762, 31.99404761904762, 32.0, 32.0, 32.0, 32.0, 32.0, 32.0, 31.99404761904762, 31.99404761904762, 31.99404761904762, 31.99404761904762, 32.0, 31.99404761904762, 32.0, 32.0, 32.0, 31.99404761904762, 32.0, 31.99404761904762, 31.99404761904762, 31.99404761904762, 31.99404761904762, 32.0, 32.0, 32.0, 32.0, 31.99404761904762, 32.0, 32.0, 32.0, 32.0, 32.0, 32.0, 31.0, 31.0, 30.99404761904762, 31.0, 31.0, 31.0, 31.0, 30.99404761904762, 31.0, 31.0, 31.0, 30.99404761904762, 30.988095238095237, 30.99404761904762, 30.988095238095237, 30.988095238095237, 30.988095238095237, 30.982142857142854, 30.988095238095237, 30.99404761904762, 30.99404761904762, 30.988095238095237, 30.99404761904762, 30.99404761904762, 30.99404761904762, 31.0, 31.0, 30.99404761904762, 31.0, 31.0, 30.99404761904762, 30.99404761904762, 31.0, 30.99404761904762, 31.0, 31.0, 31.0, 31.0, 31.0, 31.0, 30.99404761904762, 30.99404761904762, 31.0, 31.0, 30.99404761904762, 30.99404761904762, 31.0, 30.99404761904762, 30.99404761904762, 30.99404761904762, 30.99404761904762, 30.99404761904762, 30.99404761904762, 30.99404761904762, 30.99404761904762, 30.988095238095237, 30.99404761904762, 30.99404761904762, 30.988095238095237, 30.99404761904762, 30.988095238095237, 30.988095238095237, 30.982142857142854, 30.98809523809524, 30.98809523809524, 30.99404761904762, 30.99404761904762, 30.988095238095237, 30.988095238095237, 30.988095238095237, 30.99404761904762, 30.99404761904762, 31.0, 30.99404761904762, 30.988095238095237, 31.0, 30.988095238095237, 30.988095238095237, 31.0, 30.99404761904762, 31.0, 31.0, 31.0, 31.0, 30.988095238095237, 30.988095238095237, 30.988095238095237, 29.988095238095237, 29.99404761904762, 29.99404761904762, 30.0, 30.0, 29.99404761904762, 30.0, 30.0, 30.0, 30.0, 30.0, 30.0, 30.0, 30.0, 29.988095238095237, 30.0, 29.99404761904762, 29.99404761904762, 29.99404761904762, 30.0, 30.0, 30.0, 30.0, 30.0, 30.0, 29.99404761904762, 30.0, 30.0, 30.0, 30.0, 30.0, 30.0, 29.99404761904762, 30.0, 30.0, 29.988095238095237, 29.99404761904762, 29.98809523809524, 29.98809523809524, 29.98809523809524, 29.988095238095237, 29.99404761904762, 29.99404761904762, 29.99404761904762, 29.99404761904762, 29.99404761904762, 29.99404761904762, 29.99404761904762, 29.99404761904762, 29.99404761904762, 29.99404761904762, 29.99404761904762, 29.99404761904762, 29.988095238095237, 29.99404761904762, 30.0, 29.99404761904762, 29.99404761904762, 30.0, 29.99404761904762, 30.0, 29.988095238095237, 30.0, 29.988095238095237, 30.0, 30.0, 29.99404761904762, 29.988095238095237, 29.988095238095237, 30.0, 30.0, 29.99404761904762, 30.0, 29.988095238095237, 29.99404761904762, 29.99404761904762, 29.99404761904762, 30.0, 30.0, 30.0, 29.99404761904762, 29.99404761904762, 30.0, 29.99404761904762, 29.99404761904762, 30.0, 29.99404761904762, 29.99404761904762, 30.0, 30.0, 30.0, 30.0, 29.99404761904762, 30.0, 30.0, 30.0, 30.0, 30.0, 30.0, 29.988095238095237, 29.99404761904762, 30.0, 30.0, 29.99404761904762, 30.0, 30.0, 30.0, 30.0, 29.99404761904762, 29.99404761904762, 29.99404761904762, 30.0, 29.99404761904762, 29.99404761904762, 29.99404761904762, 29.99404761904762, 29.99404761904762, 29.99404761904762, 29.99404761904762, 29.99404761904762, 29.99404761904762, 30.0, 30.0, 29.99404761904762, 30.0, 29.99404761904762, 30.0, 29.99404761904762, 30.0, 29.99404761904762, 30.0, 30.0, 30.0, 30.0, 30.0, 30.0, 30.0, 30.0]",0.8773107439790618,0.8884208627996547,30,"[33, 33, 33, 33, 33, 33, 33, 33, 33, 33, 33, 33, 33, 33, 33, 33, 33, 33, 33, 33, 33, 33, 33, 33, 33, 33, 33, 33, 33, 33, 33, 33, 33, 33, 33, 33, 33, 33, 33, 33, 33, 33, 33, 33, 33, 33, 33, 33, 33, 33, 33, 33, 33, 33, 33, 33, 33, 33, 33, 32, 32, 32, 32, 32, 32, 32, 32, 32, 32, 32, 32, 32, 32, 32, 32, 32, 32, 32, 32, 32, 32, 32, 32, 32, 32, 32, 32, 32, 32, 32, 32, 32, 32, 32, 32, 32, 32, 32, 32, 32, 32, 32, 32, 32, 32, 32, 32, 32, 32, 32, 32, 32, 32, 32, 32, 32, 32, 32, 32, 32, 32, 32, 32, 32, 32, 32, 32, 32, 32, 32, 31, 31, 31, 31, 31, 31, 31, 31, 31, 31, 31, 31, 31, 31, 31, 31, 31, 31, 31, 31, 31, 31, 31, 31, 31, 31, 31, 31, 31, 31, 31, 31, 31, 31, 31, 31, 31, 31, 31, 31, 31, 31, 31, 31, 31, 31, 31, 31, 31, 31, 31, 31, 31, 31, 31, 31, 31, 31, 31, 31, 31, 31, 31, 31, 31, 31, 31, 31, 31, 31, 31, 31, 31, 31, 31, 31, 31, 31, 31, 31, 31, 31, 31, 31, 31, 31, 31, 30, 30, 30, 30, 30, 30, 30, 30, 30, 30, 30, 30, 30, 30, 30, 30, 30, 30, 30, 30, 30, 30, 30, 30, 30, 30, 30, 30, 30, 30, 30, 30, 30, 30, 30, 30, 30, 30, 30, 30, 30, 30, 30, 30, 30, 30, 30, 30, 30, 30, 30, 30, 30, 30, 30, 30, 30, 30, 30, 30, 30, 30, 30, 30, 30, 30, 30, 30, 30, 30, 30, 30, 30, 30, 30, 30, 30, 30, 30, 30, 30, 30, 30, 30, 30, 30, 30, 30, 30, 30, 30, 30, 30, 30, 30, 30, 30, 30, 30, 30, 30, 30, 30, 30, 30, 30, 30, 30, 30, 30, 30, 30, 30, 30, 30, 30, 30, 30, 30, 30, 30, 30, 30, 30, 30, 30, 30, 30, 30, 30, 30, 30, 30, 30, 30, 30, 30, 30]",355,"[22.983217239379883, 1.6737867593765259, 4.528389930725098, 10.87607192993164, 9.812474250793457, 23.071969985961914, 33.06889724731445, 52.548377990722656, 6.831680774688721, 34.364322662353516, 14.052010536193848, 31.758638381958008, 23.03289031982422, 7.096402168273926, 25.560993194580078, 3.8288469314575195, 2.3553669452667236, 7.028098106384277, 12.923181533813477, 15.264020919799805, 3.2213239669799805, 3.9808225631713867, 41.593894958496094, 9.441596984863281, 2.9302985668182373, 26.734722137451172, 5.648534774780273, 12.852899551391602, 5.8756608963012695, 39.84577941894531, 8.056296348571777, 3.93168568611145, 1.4279192686080933, 7.618788242340088, 3.1161282062530518, 5.209965229034424, 3.872849464416504, 12.349281311035156, 2.362442970275879, 2.4039688110351562, 1.7359061241149902, 7.49632453918457, 1.0913549661636353, 1.374300479888916, 14.191919326782227, 2.8072309494018555, 1.6862080097198486, 1.6126829385757446, 2.560905694961548, 4.207798480987549, 3.1601788997650146, 3.9321699142456055, 2.4300525188446045, 1.3415484428405762, 1.107747197151184, 0.9834633469581604, 14.369625091552734, 1.2552191019058228, 2.1423304080963135, 2.1530368328094482, 2.149484395980835, 1.4737870693206787, 1.2765324115753174, 2.641758680343628, 9.894730567932129, 1.0948795080184937, 1.0517730712890625, 2.986950159072876, 1.4827163219451904, 1.1117122173309326, 0.9585902690887451, 1.0238604545593262, 1.3235244750976562, 2.018484354019165, 1.7265301942825317, 2.8351666927337646, 1.2943059206008911, 1.3198137283325195, 1.5868018865585327, 1.104927897453308, 1.079411506652832, 2.0890908241271973, 2.195194721221924, 1.0542504787445068, 1.179970383644104, 2.2539005279541016, 3.521231174468994, 1.2175151109695435, 1.3242133855819702, 1.2568854093551636, 1.0662519931793213, 1.0676084756851196, 1.0433013439178467, 1.0750997066497803, 1.0821226835250854, 1.1735292673110962, 3.102242946624756, 2.635767936706543, 1.3195970058441162, 1.459131121635437, 1.2067726850509644, 1.2566170692443848, 1.2268260717391968, 1.2538697719573975, 1.1038520336151123, 1.1562122106552124, 1.1170724630355835, 1.085489273071289, 1.0869195461273193, 1.0847115516662598, 1.0752266645431519, 1.0764796733856201, 1.0731710195541382, 1.0673861503601074, 1.074587106704712, 1.064375638961792, 1.0609245300292969, 1.0655913352966309, 1.1359399557113647, 1.0498723983764648, 1.0533443689346313, 1.073425531387329, 1.0494617223739624, 1.0545185804367065, 1.0504933595657349, 1.0531909465789795, 1.0567762851715088, 1.06074059009552, 1.0623799562454224, 1.0512809753417969, 1.0648140907287598, 1.0452156066894531, 1.0478565692901611, 1.0546512603759766, 1.04555344581604, 1.0523622035980225, 1.0469255447387695, 1.0435839891433716, 1.0423071384429932, 1.0429333448410034, 1.0426816940307617, 1.0378940105438232, 1.0389217138290405, 1.0367859601974487, 1.0370306968688965, 1.0347875356674194, 1.0346052646636963, 1.0401860475540161, 1.0372453927993774, 1.0340924263000488, 1.0294618606567383, 1.03371262550354, 1.0343868732452393, 1.0277031660079956, 1.0270015001296997, 1.0264534950256348, 1.0246351957321167, 1.0262001752853394, 1.0231281518936157, 1.0250846147537231, 1.0249511003494263, 1.0291906595230103, 1.0272095203399658, 1.024619460105896, 1.0203452110290527, 1.0211352109909058, 1.0184872150421143, 1.0176295042037964, 1.0166252851486206, 1.0154070854187012, 1.0157642364501953, 1.0130515098571777, 1.0159703493118286, 1.0123765468597412, 1.0124837160110474, 1.0126436948776245, 1.0110681056976318, 1.0115786790847778, 1.0100823640823364, 1.008805513381958, 1.0086337327957153, 1.0078957080841064, 1.006082534790039, 1.0034101009368896, 1.0028023719787598, 1.0025417804718018, 1.0035470724105835, 1.0017952919006348, 1.0027574300765991, 1.0017539262771606, 1.0000485181808472, 0.9976963996887207, 0.9994570016860962, 0.996076226234436, 0.9970277547836304, 0.9960649609565735, 0.9946082830429077, 0.9953497052192688, 0.9934983253479004, 0.9920355081558228, 0.995663046836853, 0.9939762949943542, 0.9913413524627686, 0.9906883239746094, 0.9897939562797546, 0.9903314709663391, 0.9877688884735107, 0.9877021312713623, 0.9885120391845703, 0.9867033362388611, 0.9863891005516052, 0.984778881072998, 0.9839319586753845, 0.9821910262107849, 0.9817426800727844, 0.9804527759552002, 0.9780654907226562, 0.9787719249725342, 0.9785900712013245, 0.9768799543380737, 0.976035475730896, 0.9754828810691833, 0.987281084060669, 0.9765871167182922, 0.9748817682266235, 0.9732948541641235, 0.9726310968399048, 0.973534345626831, 0.970694899559021, 0.9707642197608948, 0.9706303477287292, 0.9680988788604736, 0.9676307439804077, 0.9681847095489502, 0.9677635431289673, 0.9679785370826721, 0.9673875570297241, 0.9642514586448669, 0.9671488404273987, 0.965537428855896, 0.9634782671928406, 0.961997389793396, 0.9611751437187195, 0.9624975323677063, 0.9611343145370483, 0.9605963826179504, 0.9596564769744873, 0.9596365094184875, 0.9575592279434204, 0.9572204351425171, 0.9578016400337219, 0.9561294317245483, 0.9558552503585815, 0.9549163579940796, 0.9545923471450806, 0.9532322883605957, 0.9527416229248047, 0.9521709680557251, 0.9517806172370911, 0.9518800973892212, 0.9504479765892029, 0.9495857954025269, 0.9490386247634888, 0.9481765031814575, 0.9474407434463501, 0.9460723400115967, 0.9451493620872498, 0.9474813342094421, 0.9448795318603516, 0.9433683753013611, 0.9429170489311218, 0.9418612718582153, 0.9433454871177673, 0.9412049651145935, 0.9404577016830444, 0.9382168054580688, 0.9374172687530518, 0.938728928565979, 0.9377231597900391, 0.936007559299469, 0.9358723163604736, 0.9346305727958679, 0.93517005443573, 0.9341052770614624, 0.9337823987007141, 0.9342323541641235, 0.9346244931221008, 0.9342496395111084, 0.9330713152885437, 0.9310569167137146, 0.9302532076835632, 0.9303674101829529, 0.9290885329246521, 0.9283745288848877, 0.9277452230453491, 0.9261435866355896, 0.9247958660125732, 0.926318883895874, 0.9252105951309204, 0.9231188297271729, 0.9233551621437073, 0.9211199283599854, 0.9208080768585205, 0.9205479621887207, 0.9193340539932251, 0.917747437953949, 0.9167256951332092, 0.9174256324768066, 0.9170379042625427, 0.916496217250824, 0.9167163372039795, 0.9154144525527954, 0.9153491258621216, 0.9144603610038757, 0.9145935773849487, 0.9138868451118469, 0.9130102396011353, 0.9122750163078308, 0.9116578698158264, 0.9108560681343079, 0.9106800556182861, 0.9098463654518127, 0.9105448722839355, 0.909477174282074, 0.9098106622695923, 0.9081082940101624, 0.9084514379501343, 0.9061444997787476, 0.9041169881820679, 0.9041404724121094, 0.9026329517364502, 0.9036393165588379, 0.9026308655738831, 0.9019581079483032, 0.9018679261207581, 0.9030774831771851, 0.9003136157989502, 0.8992136120796204, 0.8982375860214233, 0.8980467319488525, 0.8970531225204468, 0.897473931312561, 0.8969551920890808, 0.8955559730529785, 0.8957868218421936, 0.8961689472198486, 0.8945033550262451, 0.8956645727157593, 0.8936061263084412, 0.8939769864082336, 0.8933359384536743, 0.8924214243888855, 0.8926001191139221, 0.8922062516212463, 0.8910264372825623]",30.0,"[33.0, 33.0, 33.0, 33.0, 33.0, 33.0, 33.0, 33.0, 33.0, 33.0, 33.0, 33.0, 33.0, 33.0, 33.0, 33.0, 33.0, 33.0, 33.0, 33.0, 33.0, 33.0, 33.0, 33.0, 33.0, 33.0, 33.0, 33.0, 33.0, 33.0, 33.0, 33.0, 33.0, 33.0, 33.0, 33.0, 33.0, 33.0, 33.0, 33.0, 33.0, 33.0, 33.0, 33.0, 33.0, 33.0, 33.0, 33.0, 33.0, 33.0, 33.0, 33.0, 33.0, 33.0, 33.0, 33.0, 33.0, 33.0, 33.0, 32.0, 32.0, 32.0, 32.0, 32.0, 32.0, 32.0, 32.0, 32.0, 32.0, 32.0, 32.0, 32.0, 32.0, 32.0, 32.0, 32.0, 32.0, 32.0, 32.0, 32.0, 32.0, 32.0, 32.0, 32.0, 32.0, 32.0, 32.0, 32.0, 32.0, 32.0, 32.0, 32.0, 32.0, 32.0, 32.0, 32.0, 32.0, 32.0, 32.0, 32.0, 32.0, 32.0, 32.0, 32.0, 32.0, 32.0, 32.0, 32.0, 32.0, 32.0, 32.0, 32.0, 32.0, 32.0, 32.0, 32.0, 32.0, 32.0, 32.0, 32.0, 32.0, 32.0, 32.0, 32.0, 32.0, 32.0, 32.0, 32.0, 32.0, 32.0, 31.0, 31.0, 31.0, 31.0, 31.0, 31.0, 31.0, 31.0, 31.0, 31.0, 31.0, 31.0, 31.0, 31.0, 31.0, 31.0, 31.0, 31.0, 31.0, 31.0, 31.0, 31.0, 31.0, 31.0, 31.0, 31.0, 31.0, 31.0, 31.0, 31.0, 31.0, 31.0, 31.0, 31.0, 31.0, 31.0, 31.0, 31.0, 31.0, 31.0, 31.0, 31.0, 31.0, 31.0, 31.0, 31.0, 31.0, 31.0, 31.0, 31.0, 31.0, 31.0, 31.0, 31.0, 31.0, 31.0, 31.0, 31.0, 31.0, 31.0, 31.0, 31.0, 31.0, 31.0, 31.0, 31.0, 31.0, 31.0, 31.0, 31.0, 31.0, 31.0, 31.0, 31.0, 31.0, 31.0, 31.0, 31.0, 31.0, 31.0, 31.0, 31.0, 31.0, 31.0, 31.0, 31.0, 31.0, 30.0, 30.0, 30.0, 30.0, 30.0, 30.0, 30.0, 30.0, 30.0, 30.0, 30.0, 30.0, 30.0, 30.0, 30.0, 30.0, 30.0, 30.0, 30.0, 30.0, 30.0, 30.0, 30.0, 30.0, 30.0, 30.0, 30.0, 30.0, 30.0, 30.0, 30.0, 30.0, 30.0, 30.0, 30.0, 30.0, 30.0, 30.0, 30.0, 30.0, 30.0, 30.0, 30.0, 30.0, 30.0, 30.0, 30.0, 30.0, 30.0, 30.0, 30.0, 30.0, 30.0, 30.0, 30.0, 30.0, 30.0, 30.0, 30.0, 30.0, 30.0, 30.0, 30.0, 30.0, 30.0, 30.0, 30.0, 30.0, 30.0, 30.0, 30.0, 30.0, 30.0, 30.0, 30.0, 30.0, 30.0, 30.0, 30.0, 30.0, 30.0, 30.0, 30.0, 30.0, 30.0, 30.0, 30.0, 30.0, 30.0, 30.0, 30.0, 30.0, 30.0, 30.0, 30.0, 30.0, 30.0, 30.0, 30.0, 30.0, 30.0, 30.0, 30.0, 30.0, 30.0, 30.0, 30.0, 30.0, 30.0, 30.0, 30.0, 30.0, 30.0, 30.0, 30.0, 30.0, 30.0, 30.0, 30.0, 30.0, 30.0, 30.0, 30.0, 30.0, 30.0, 30.0, 30.0, 30.0, 30.0, 30.0, 30.0, 30.0, 30.0, 30.0, 30.0, 30.0, 30.0, 30.0]",COMPLETE
35,35,0.905810822995968,2024-08-31 01:31:43.768851,2024-08-31 01:32:25.940853,0 days 00:00:42.172002,1,0.2748295702144566,6,15,0.035500975894861155,61,0.002886033318440583,0.911,0.89875,33,"[33, 33, 33, 33, 33, 33, 33, 33, 33, 33, 33, 33, 33, 33, 33]",32.92037470725995,"[32.916211293260474, 32.909705958886285, 32.9143897996357, 32.912047879260996, 32.914129586260735, 32.91386937288576, 32.92011449388499, 32.91256830601093, 32.919073640385115, 32.92427790788446, 32.914910226385636, 32.91881342701015, 32.92011449388499, 32.914129586260735, 32.92037470725995]",0.8898851542697678,0.905810822995968,33,"[33, 33, 33, 33, 33, 33, 33, 33, 33, 33, 33, 33, 33, 33, 33]",15,"[0.3731653690338135, 0.36227402091026306, 0.3536838889122009, 0.3473863899707794, 0.3399043679237366, 0.3284820318222046, 0.31667420268058777, 0.30387112498283386, 0.29212620854377747, 0.2782602608203888, 0.26918932795524597, 0.2617764472961426, 0.25048500299453735, 0.2448062002658844, 0.23885494470596313]",33.0,"[33.0, 33.0, 33.0, 33.0, 33.0, 33.0, 33.0, 33.0, 33.0, 33.0, 33.0, 33.0, 33.0, 33.0, 33.0]",COMPLETE
