,number,value,datetime_start,datetime_complete,duration,params_batch_size_scaler,params_constant_learning_rate,params_depth,params_epochs,params_kernel_l2,params_num_trees,params_temperature,user_attrs_accuracy_test,user_attrs_accuracy_valid,user_attrs_approximate_feature_sparsity,user_attrs_approximate_feature_sparsity_history,user_attrs_approximate_weight_sparsity,user_attrs_approximate_weight_sparsity_history,user_attrs_auc_test,user_attrs_auc_valid,user_attrs_feature_sparsity,user_attrs_feature_sparsity_history,user_attrs_num_epochs,user_attrs_val_loss_history,user_attrs_weight_sparsity,user_attrs_weight_sparsity_history,state
84,84,0.9259831768236916,2024-08-31 04:02:42.117754,2024-08-31 04:04:53.038180,0 days 00:02:10.920426,4,0.28282104809374287,3,475,0.17560065292115115,88,0.004884075681757684,0.94,0.9325,14,"[33, 33, 33, 33, 33, 33, 33, 33, 33, 31, 29, 21, 18, 17, 17, 16, 15, 15, 15, 15, 15, 15, 15, 15, 15, 15, 15, 15, 15, 15, 15, 15, 15, 15, 15, 15, 15, 15, 15, 15, 15, 15, 15, 15, 15, 15, 15, 15, 15, 15, 15, 15, 15, 15, 15, 15, 15, 15, 15, 15, 15, 15, 15, 15, 15, 15, 15, 15, 15, 15, 15, 15, 15, 15, 15, 15, 15, 15, 15, 15, 15, 15, 15, 15, 15, 15, 15, 15, 15, 15, 15, 15, 15, 15, 15, 15, 15, 15, 15, 15, 15, 15, 15, 15, 15, 15, 15, 15, 15, 15, 15, 15, 15, 15, 15, 15, 15, 15, 15, 15, 15, 15, 15, 15, 15, 15, 15, 15, 15, 15, 15, 15, 15, 15, 15, 15, 15, 15, 15, 15, 15, 15, 15, 15, 15, 15, 15, 15, 15, 15, 15, 15, 15, 15, 15, 15, 15, 15, 15, 15, 15, 14, 14, 14, 14, 14, 14, 14, 14, 14, 14, 14, 14, 14, 14, 14, 14, 14, 14, 14, 14, 14, 14, 14, 14, 14, 14, 14, 14, 14, 14, 14, 14, 14, 14, 14, 14, 14, 14, 14, 14, 14, 14, 14, 14, 14, 14, 14, 14, 14, 14, 14, 14, 14, 14, 14, 14, 14, 14, 14, 14, 14, 14, 14, 14, 14, 14, 14, 14, 14, 14, 14, 14, 14, 14, 14, 14, 14, 14, 14, 14, 14, 14, 14, 14, 14, 14, 14, 14, 14, 14, 14, 14, 14, 14, 14, 14, 14, 14, 14, 14, 14, 14, 14, 14, 14, 14, 14, 14, 14, 14, 14, 14, 14, 14, 14, 14, 14, 14, 14, 14, 14, 14, 14, 14, 14, 14, 14, 14, 14, 14, 14, 14, 14, 14, 14, 14, 14, 14, 14, 14, 14, 14, 14, 14, 14, 14, 14, 14, 14, 14, 14, 14, 14, 14, 14, 14, 14, 14, 14, 14, 14, 14, 14, 14, 14, 14, 14, 14, 14, 14, 14, 14, 14, 14, 14, 14, 14, 14, 14, 14, 14, 14, 14, 14, 14, 14, 14, 14, 14, 14, 14, 14, 14, 14, 14, 14, 14, 14, 14, 14, 14, 14, 14, 14, 14, 14, 14, 14, 14, 14, 14, 14, 14, 14, 14, 14, 14, 14, 14, 14, 14, 14, 14, 14, 14, 14, 14, 14, 14, 14, 14, 14, 14, 14, 14, 14, 14, 14, 14, 14, 14, 14, 14, 14, 14, 14, 14, 14, 14, 14, 14, 14, 14, 14, 14, 14, 14, 14, 14, 14, 14, 14, 14, 14, 14, 14, 14, 14, 14, 14, 14, 14, 14, 14, 14, 14, 14, 14, 14, 14, 14, 14, 14, 14, 14, 14, 14, 14, 14, 14, 14, 14, 14, 14, 14, 14, 14, 14, 14, 14, 14, 14, 14, 14, 14, 14, 14, 14, 14, 14, 14, 14, 14, 14]",13.849025974025974,"[32.96266233766234, 32.97240259740259, 32.9724025974026, 32.96590909090909, 32.96753246753247, 32.97564935064935, 32.96590909090909, 32.96915584415584, 32.9724025974026, 30.965909090909093, 28.980519480519483, 20.978896103896105, 17.982142857142858, 16.98051948051948, 16.98538961038961, 15.977272727272727, 14.977272727272728, 14.977272727272727, 14.983766233766236, 14.983766233766234, 14.98538961038961, 14.987012987012987, 14.99025974025974, 14.982142857142858, 14.977272727272728, 14.978896103896105, 14.982142857142858, 14.985389610389609, 14.988636363636363, 14.993506493506494, 14.98538961038961, 14.977272727272728, 14.978896103896103, 14.978896103896101, 14.97564935064935, 14.978896103896105, 14.983766233766234, 14.977272727272727, 14.98051948051948, 14.978896103896103, 14.970779220779221, 14.978896103896105, 14.972402597402597, 14.974025974025976, 14.978896103896103, 14.987012987012987, 14.978896103896103, 14.983766233766236, 14.98538961038961, 14.978896103896103, 14.974025974025974, 14.987012987012987, 14.983766233766236, 14.983766233766236, 14.987012987012987, 14.98538961038961, 14.985389610389612, 14.988636363636363, 14.991883116883118, 14.98538961038961, 14.98214285714286, 14.983766233766232, 14.983766233766234, 14.98538961038961, 14.987012987012987, 14.975649350649348, 14.98538961038961, 14.977272727272727, 14.98051948051948, 14.978896103896105, 14.972402597402597, 14.983766233766234, 14.969155844155843, 14.978896103896103, 14.972402597402596, 14.97564935064935, 14.962662337662339, 14.978896103896103, 14.967532467532466, 14.974025974025974, 14.982142857142858, 14.97564935064935, 14.977272727272727, 14.98051948051948, 14.987012987012987, 14.977272727272727, 14.97564935064935, 14.972402597402596, 14.972402597402596, 14.975649350649352, 14.967532467532466, 14.982142857142858, 14.972402597402597, 14.967532467532466, 14.964285714285714, 14.967532467532468, 14.961038961038962, 14.97564935064935, 14.969155844155845, 14.96590909090909, 14.974025974025974, 14.969155844155845, 14.974025974025976, 14.977272727272727, 14.970779220779221, 14.978896103896101, 14.975649350649352, 14.97564935064935, 14.97564935064935, 14.970779220779221, 14.97077922077922, 14.982142857142856, 14.972402597402597, 14.974025974025974, 14.977272727272728, 14.969155844155843, 14.9724025974026, 14.972402597402596, 14.970779220779221, 14.970779220779221, 14.970779220779221, 14.974025974025974, 14.96590909090909, 14.978896103896105, 14.975649350649348, 14.957792207792208, 14.956168831168831, 14.956168831168831, 14.975649350649352, 14.967532467532468, 14.969155844155845, 14.977272727272727, 14.977272727272728, 14.970779220779221, 14.98051948051948, 14.974025974025972, 14.972402597402596, 14.978896103896103, 14.978896103896103, 14.978896103896105, 14.977272727272727, 14.969155844155845, 14.965909090909092, 14.959415584415584, 14.972402597402597, 14.967532467532468, 14.965909090909092, 14.962662337662339, 14.952922077922075, 14.957792207792208, 14.969155844155845, 14.97564935064935, 14.969155844155843, 14.967532467532468, 14.974025974025976, 14.975649350649352, 14.967532467532468, 14.974025974025976, 14.969155844155845, 14.956168831168831, 14.970779220779221, 13.96590909090909, 13.964285714285715, 13.96103896103896, 13.957792207792206, 13.948051948051948, 13.964285714285714, 13.967532467532468, 13.962662337662339, 13.970779220779221, 13.969155844155846, 13.98051948051948, 13.967532467532468, 13.957792207792208, 13.95779220779221, 13.952922077922077, 13.9512987012987, 13.948051948051948, 13.957792207792208, 13.962662337662339, 13.962662337662339, 13.969155844155845, 13.959415584415586, 13.957792207792208, 13.957792207792208, 13.965909090909093, 13.957792207792208, 13.961038961038962, 13.957792207792208, 13.959415584415584, 13.959415584415586, 13.956168831168833, 13.957792207792208, 13.969155844155846, 13.962662337662339, 13.957792207792208, 13.944805194805195, 13.952922077922079, 13.943181818181818, 13.944805194805195, 13.939935064935067, 13.9512987012987, 13.956168831168831, 13.964285714285714, 13.96103896103896, 13.951298701298702, 13.954545454545453, 13.9512987012987, 13.957792207792208, 13.957792207792208, 13.949675324675326, 13.956168831168831, 13.951298701298702, 13.9512987012987, 13.954545454545453, 13.954545454545455, 13.9512987012987, 13.952922077922079, 13.94805194805195, 13.956168831168831, 13.946428571428573, 13.952922077922077, 13.954545454545453, 13.952922077922079, 13.956168831168831, 13.959415584415584, 13.944805194805195, 13.962662337662339, 13.956168831168831, 13.957792207792208, 13.952922077922079, 13.954545454545453, 13.956168831168831, 13.957792207792208, 13.959415584415586, 13.96103896103896, 13.967532467532468, 13.959415584415584, 13.956168831168831, 13.956168831168833, 13.949675324675326, 13.954545454545453, 13.964285714285715, 13.946428571428573, 13.949675324675324, 13.94318181818182, 13.964285714285714, 13.964285714285714, 13.96103896103896, 13.956168831168831, 13.961038961038962, 13.962662337662337, 13.959415584415584, 13.954545454545455, 13.969155844155845, 13.954545454545455, 13.949675324675322, 13.957792207792208, 13.946428571428573, 13.96103896103896, 13.951298701298702, 13.941558441558442, 13.946428571428571, 13.944805194805197, 13.935064935064934, 13.939935064935066, 13.935064935064933, 13.944805194805195, 13.944805194805195, 13.936688311688313, 13.935064935064936, 13.930194805194805, 13.936688311688313, 13.941558441558442, 13.939935064935066, 13.941558441558442, 13.944805194805195, 13.948051948051948, 13.946428571428571, 13.939935064935066, 13.946428571428571, 13.946428571428571, 13.952922077922077, 13.949675324675326, 13.952922077922079, 13.946428571428573, 13.946428571428571, 13.949675324675324, 13.951298701298702, 13.952922077922077, 13.926948051948052, 13.939935064935064, 13.943181818181817, 13.956168831168831, 13.930194805194805, 13.939935064935066, 13.933441558441558, 13.943181818181818, 13.936688311688313, 13.923701298701298, 13.925324675324676, 13.931818181818182, 13.93181818181818, 13.92857142857143, 13.915584415584417, 13.9237012987013, 13.920454545454547, 13.936688311688313, 13.939935064935064, 13.933441558441558, 13.917207792207794, 13.920454545454547, 13.922077922077923, 13.93344155844156, 13.941558441558442, 13.93181818181818, 13.923701298701298, 13.93344155844156, 13.928571428571429, 13.915584415584414, 13.938311688311689, 13.938311688311689, 13.935064935064934, 13.935064935064934, 13.938311688311687, 13.930194805194807, 13.936688311688311, 13.930194805194805, 13.931818181818182, 13.923701298701298, 13.928571428571429, 13.915584415584414, 13.912337662337661, 13.91883116883117, 13.910714285714286, 13.918831168831169, 13.91396103896104, 13.918831168831169, 13.92694805194805, 13.913961038961038, 13.907467532467532, 13.920454545454547, 13.928571428571429, 13.926948051948054, 13.910714285714286, 13.917207792207794, 13.91883116883117, 13.931818181818183, 13.923701298701298, 13.928571428571429, 13.910714285714286, 13.928571428571429, 13.926948051948052, 13.915584415584414, 13.926948051948052, 13.912337662337663, 13.9237012987013, 13.907467532467532, 13.917207792207792, 13.91883116883117, 13.915584415584416, 13.915584415584416, 13.930194805194805, 13.909090909090908, 13.91883116883117, 13.913961038961041, 13.925324675324676, 13.918831168831169, 13.917207792207792, 13.918831168831169, 13.922077922077921, 13.920454545454545, 13.918831168831169, 13.902597402597403, 13.907467532467534, 13.922077922077923, 13.912337662337663, 13.909090909090908, 13.910714285714286, 13.90909090909091, 13.910714285714286, 13.902597402597403, 13.897727272727275, 13.90909090909091, 13.907467532467534, 13.909090909090908, 13.910714285714286, 13.907467532467534, 13.922077922077923, 13.910714285714286, 13.902597402597404, 13.909090909090908, 13.91396103896104, 13.894480519480519, 13.902597402597403, 13.910714285714286, 13.900974025974026, 13.915584415584416, 13.915584415584417, 13.897727272727273, 13.902597402597403, 13.90909090909091, 13.89935064935065, 13.89935064935065, 13.88961038961039, 13.910714285714286, 13.896103896103897, 13.900974025974026, 13.891233766233766, 13.887987012987013, 13.89448051948052, 13.918831168831169, 13.905844155844155, 13.905844155844155, 13.910714285714286, 13.88961038961039, 13.892857142857146, 13.907467532467534, 13.904220779220777, 13.887987012987013, 13.91396103896104, 13.90909090909091, 13.902597402597403, 13.91396103896104, 13.900974025974026, 13.909090909090912, 13.912337662337663, 13.907467532467532, 13.913961038961038, 13.91396103896104, 13.902597402597403, 13.915584415584416, 13.905844155844155, 13.91396103896104, 13.910714285714286, 13.907467532467532, 13.910714285714286, 13.891233766233766, 13.88961038961039, 13.89448051948052, 13.902597402597404, 13.897727272727273, 13.892857142857142, 13.902597402597403, 13.89448051948052, 13.886363636363637, 13.89448051948052, 13.883116883116884, 13.88474025974026, 13.88961038961039, 13.886363636363635, 13.883116883116882, 13.887987012987013, 13.873376623376624, 13.86525974025974, 13.881493506493506, 13.873376623376624, 13.88474025974026, 13.887987012987013, 13.87012987012987, 13.875, 13.883116883116884, 13.881493506493506, 13.870129870129869, 13.881493506493506, 13.866883116883118, 13.874999999999998, 13.870129870129873, 13.875, 13.866883116883116, 13.878246753246753, 13.88474025974026, 13.876623376623376, 13.873376623376624, 13.849025974025974]",0.9112360571008677,0.9259831768236916,14,"[33, 33, 33, 33, 33, 33, 33, 33, 33, 31, 29, 21, 18, 17, 17, 16, 15, 15, 15, 15, 15, 15, 15, 15, 15, 15, 15, 15, 15, 15, 15, 15, 15, 15, 15, 15, 15, 15, 15, 15, 15, 15, 15, 15, 15, 15, 15, 15, 15, 15, 15, 15, 15, 15, 15, 15, 15, 15, 15, 15, 15, 15, 15, 15, 15, 15, 15, 15, 15, 15, 15, 15, 15, 15, 15, 15, 15, 15, 15, 15, 15, 15, 15, 15, 15, 15, 15, 15, 15, 15, 15, 15, 15, 15, 15, 15, 15, 15, 15, 15, 15, 15, 15, 15, 15, 15, 15, 15, 15, 15, 15, 15, 15, 15, 15, 15, 15, 15, 15, 15, 15, 15, 15, 15, 15, 15, 15, 15, 15, 15, 15, 15, 15, 15, 15, 15, 15, 15, 15, 15, 15, 15, 15, 15, 15, 15, 15, 15, 15, 15, 15, 15, 15, 15, 15, 15, 15, 15, 15, 15, 15, 14, 14, 14, 14, 14, 14, 14, 14, 14, 14, 14, 14, 14, 14, 14, 14, 14, 14, 14, 14, 14, 14, 14, 14, 14, 14, 14, 14, 14, 14, 14, 14, 14, 14, 14, 14, 14, 14, 14, 14, 14, 14, 14, 14, 14, 14, 14, 14, 14, 14, 14, 14, 14, 14, 14, 14, 14, 14, 14, 14, 14, 14, 14, 14, 14, 14, 14, 14, 14, 14, 14, 14, 14, 14, 14, 14, 14, 14, 14, 14, 14, 14, 14, 14, 14, 14, 14, 14, 14, 14, 14, 14, 14, 14, 14, 14, 14, 14, 14, 14, 14, 14, 14, 14, 14, 14, 14, 14, 14, 14, 14, 14, 14, 14, 14, 14, 14, 14, 14, 14, 14, 14, 14, 14, 14, 14, 14, 14, 14, 14, 14, 14, 14, 14, 14, 14, 14, 14, 14, 14, 14, 14, 14, 14, 14, 14, 14, 14, 14, 14, 14, 14, 14, 14, 14, 14, 14, 14, 14, 14, 14, 14, 14, 14, 14, 14, 14, 14, 14, 14, 14, 14, 14, 14, 14, 14, 14, 14, 14, 14, 14, 14, 14, 14, 14, 14, 14, 14, 14, 14, 14, 14, 14, 14, 14, 14, 14, 14, 14, 14, 14, 14, 14, 14, 14, 14, 14, 14, 14, 14, 14, 14, 14, 14, 14, 14, 14, 14, 14, 14, 14, 14, 14, 14, 14, 14, 14, 14, 14, 14, 14, 14, 14, 14, 14, 14, 14, 14, 14, 14, 14, 14, 14, 14, 14, 14, 14, 14, 14, 14, 14, 14, 14, 14, 14, 14, 14, 14, 14, 14, 14, 14, 14, 14, 14, 14, 14, 14, 14, 14, 14, 14, 14, 14, 14, 14, 14, 14, 14, 14, 14, 14, 14, 14, 14, 14, 14, 14, 14, 14, 14, 14, 14, 14, 14, 14, 14, 14, 14, 14, 14, 14, 14, 14, 14, 14, 14, 14, 14, 14, 14, 14, 14, 14]",475,"[0.3897438943386078, 0.3777141273021698, 0.38382405042648315, 0.3662510812282562, 0.3607220947742462, 0.35962051153182983, 0.34912922978401184, 0.34351497888565063, 0.33607250452041626, 0.33575794100761414, 0.3245140016078949, 0.32388728857040405, 0.32335156202316284, 0.3083322048187256, 0.29304447770118713, 0.2961709499359131, 0.28537142276763916, 0.28041085600852966, 0.2755323350429535, 0.27118101716041565, 0.2659965753555298, 0.264156311750412, 0.2724585235118866, 0.2582818269729614, 0.2586515545845032, 0.2538904845714569, 0.25543907284736633, 0.26120609045028687, 0.2499411404132843, 0.2510439157485962, 0.24309684336185455, 0.2550135552883148, 0.2467145025730133, 0.2496558576822281, 0.24089279770851135, 0.23928555846214294, 0.23372726142406464, 0.2342667132616043, 0.23353774845600128, 0.23669125139713287, 0.2350999414920807, 0.2295311689376831, 0.22979772090911865, 0.228099063038826, 0.22511644661426544, 0.22539512813091278, 0.22607620060443878, 0.22619670629501343, 0.22562573850154877, 0.22195735573768616, 0.22663894295692444, 0.22634398937225342, 0.21903863549232483, 0.22428251802921295, 0.21778394281864166, 0.21917961537837982, 0.21758298575878143, 0.22109173238277435, 0.21828193962574005, 0.21588584780693054, 0.215672105550766, 0.219645157456398, 0.2242238074541092, 0.21461479365825653, 0.21908773481845856, 0.2167501300573349, 0.21290405094623566, 0.21270668506622314, 0.2169056534767151, 0.21106193959712982, 0.21055734157562256, 0.2115713506937027, 0.21437816321849823, 0.21217834949493408, 0.21362020075321198, 0.21415458619594574, 0.21256978809833527, 0.2123812884092331, 0.20921659469604492, 0.21005557477474213, 0.21623945236206055, 0.2160135805606842, 0.21023158729076385, 0.20988315343856812, 0.20681554079055786, 0.20661981403827667, 0.21451808512210846, 0.20643386244773865, 0.20817777514457703, 0.2049793004989624, 0.20753894746303558, 0.2063319981098175, 0.20923133194446564, 0.20325027406215668, 0.20626042783260345, 0.20913000404834747, 0.2044992297887802, 0.20236295461654663, 0.20995008945465088, 0.20505177974700928, 0.20571966469287872, 0.20377081632614136, 0.2052839994430542, 0.20158392190933228, 0.20172126591205597, 0.20972324907779694, 0.20114906132221222, 0.2075573205947876, 0.20245209336280823, 0.20008182525634766, 0.20050621032714844, 0.20013467967510223, 0.2057155817747116, 0.20437125861644745, 0.2031932771205902, 0.19992496073246002, 0.2006310671567917, 0.1982865184545517, 0.20185942947864532, 0.20405280590057373, 0.19866277277469635, 0.20057862997055054, 0.2021060436964035, 0.19727978110313416, 0.19944417476654053, 0.19722126424312592, 0.19926978647708893, 0.2100045382976532, 0.19651567935943604, 0.20100492238998413, 0.1949339509010315, 0.20826944708824158, 0.1961786299943924, 0.2066469043493271, 0.19670425355434418, 0.19483682513237, 0.20032230019569397, 0.197092205286026, 0.20454391837120056, 0.19844938814640045, 0.19749727845191956, 0.20385079085826874, 0.1972936987876892, 0.19253088533878326, 0.19763769209384918, 0.19918613135814667, 0.22504927217960358, 0.1936052143573761, 0.1938931792974472, 0.20168203115463257, 0.1963372379541397, 0.19727446138858795, 0.20157167315483093, 0.19601202011108398, 0.19425636529922485, 0.1900222897529602, 0.19986480474472046, 0.2054634541273117, 0.19677497446537018, 0.1941104531288147, 0.19336386024951935, 0.20410238206386566, 0.19789758324623108, 0.19374234974384308, 0.1955292820930481, 0.20842817425727844, 0.19660717248916626, 0.19713354110717773, 0.2008134126663208, 0.19587919116020203, 0.20110955834388733, 0.19496794044971466, 0.19290174543857574, 0.19534684717655182, 0.19361481070518494, 0.19539791345596313, 0.19075459241867065, 0.19603231549263, 0.1954696625471115, 0.19216986000537872, 0.19080688059329987, 0.19384410977363586, 0.19587446749210358, 0.1992899775505066, 0.19042648375034332, 0.19186639785766602, 0.1967734545469284, 0.1985132098197937, 0.19499105215072632, 0.19338320195674896, 0.19603079557418823, 0.19640479981899261, 0.1923164576292038, 0.1950637251138687, 0.19352015852928162, 0.19414597749710083, 0.1965707391500473, 0.19332319498062134, 0.19024762511253357, 0.19729509949684143, 0.20797578990459442, 0.201001837849617, 0.19140078127384186, 0.19698810577392578, 0.19345492124557495, 0.1918051689863205, 0.22891125082969666, 0.19090157747268677, 0.2009580284357071, 0.19293084740638733, 0.19927912950515747, 0.1964913159608841, 0.19960016012191772, 0.19276435673236847, 0.19136610627174377, 0.19930759072303772, 0.1926950067281723, 0.1952759027481079, 0.18983736634254456, 0.19140243530273438, 0.19387678802013397, 0.19190847873687744, 0.19382046163082123, 0.19857241213321686, 0.19395160675048828, 0.1950080245733261, 0.1930309236049652, 0.19262298941612244, 0.19020532071590424, 0.1935218870639801, 0.19045504927635193, 0.19315707683563232, 0.19343484938144684, 0.1946662962436676, 0.19671976566314697, 0.1919211745262146, 0.20624689757823944, 0.19306041300296783, 0.1977713704109192, 0.1900101900100708, 0.19103357195854187, 0.19099725782871246, 0.19297295808792114, 0.1958814561367035, 0.1888265460729599, 0.1891816258430481, 0.19438736140727997, 0.19312767684459686, 0.19728878140449524, 0.19759078323841095, 0.19177190959453583, 0.1901714950799942, 0.19569367170333862, 0.1921265423297882, 0.1908377856016159, 0.20412056148052216, 0.1898314356803894, 0.19201131165027618, 0.19773687422275543, 0.1923447847366333, 0.1953359991312027, 0.20369644463062286, 0.19090844690799713, 0.19417960941791534, 0.19717960059642792, 0.1877698451280594, 0.19182723760604858, 0.19317656755447388, 0.18725918233394623, 0.19535085558891296, 0.1876922845840454, 0.19745123386383057, 0.1918986737728119, 0.1884692758321762, 0.19426339864730835, 0.18973584473133087, 0.1954202502965927, 0.19468268752098083, 0.20464877784252167, 0.19417715072631836, 0.18966375291347504, 0.19568349421024323, 0.1885576844215393, 0.19024904072284698, 0.1905856877565384, 0.1878957748413086, 0.19533513486385345, 0.1950138658285141, 0.20114903151988983, 0.1891622543334961, 0.19560229778289795, 0.1910082846879959, 0.19082185626029968, 0.1961098462343216, 0.19346684217453003, 0.19339576363563538, 0.19997727870941162, 0.19599871337413788, 0.1957949995994568, 0.1899450272321701, 0.19690336287021637, 0.18824346363544464, 0.18994033336639404, 0.19484485685825348, 0.19720134139060974, 0.1898174285888672, 0.19746269285678864, 0.19957515597343445, 0.19109472632408142, 0.19828790426254272, 0.1882409304380417, 0.19138923287391663, 0.18867608904838562, 0.1986784040927887, 0.19243982434272766, 0.18902859091758728, 0.20014438033103943, 0.1890999972820282, 0.1905294954776764, 0.19130215048789978, 0.19002752006053925, 0.19038456678390503, 0.1915411502122879, 0.19201712310314178, 0.1923612654209137, 0.1941251903772354, 0.19422321021556854, 0.19421331584453583, 0.18988202512264252, 0.19239431619644165, 0.19780603051185608, 0.20090702176094055, 0.192918598651886, 0.19243337213993073, 0.1964326649904251, 0.1918225884437561, 0.19108574092388153, 0.18924011290073395, 0.19435149431228638, 0.19538088142871857, 0.19381064176559448, 0.1873471438884735, 0.1957952082157135, 0.20075778663158417, 0.18716123700141907, 0.18426072597503662, 0.19262152910232544, 0.1923614889383316, 0.1970980018377304, 0.18608152866363525, 0.18719075620174408, 0.19828327000141144, 0.1921154260635376, 0.19027721881866455, 0.20193853974342346, 0.18993791937828064, 0.1926325261592865, 0.19091959297657013, 0.1915096789598465, 0.19224126636981964, 0.1964920461177826, 0.1945352405309677, 0.19134144484996796, 0.19129759073257446, 0.19427131116390228, 0.19181033968925476, 0.19311483204364777, 0.20162387192249298, 0.19255433976650238, 0.21795597672462463, 0.20292747020721436, 0.21401502192020416, 0.18736043572425842, 0.19181925058364868, 0.1930023580789566, 0.1883876770734787, 0.18849189579486847, 0.19339007139205933, 0.19836971163749695, 0.1886412501335144, 0.1915186643600464, 0.19155047833919525, 0.19142040610313416, 0.191128030