,number,value,datetime_start,datetime_complete,duration,params_batch_size_scaler,params_constant_learning_rate,params_depth,params_epochs,params_kernel_l2,params_num_trees,params_temperature,user_attrs_accuracy_test,user_attrs_accuracy_valid,user_attrs_approximate_feature_sparsity,user_attrs_approximate_feature_sparsity_history,user_attrs_approximate_weight_sparsity,user_attrs_approximate_weight_sparsity_history,user_attrs_auc_test,user_attrs_auc_valid,user_attrs_feature_sparsity,user_attrs_feature_sparsity_history,user_attrs_num_epochs,user_attrs_val_loss_history,user_attrs_weight_sparsity,user_attrs_weight_sparsity_history,state
123,123,0.5783192281433963,2024-08-31 05:41:07.353082,2024-08-31 05:43:31.739907,0 days 00:02:24.386825,1,3.775745595890072,3,275,0.013431622431961061,20,0.00025397551133988827,0.867,0.86625,2,"[32, 29, 26, 23, 23, 21, 20, 20, 18, 18, 17, 17, 16, 16, 16, 16, 15, 15, 15, 15, 14, 13, 13, 13, 13, 12, 12, 12, 12, 12, 12, 12, 12, 12, 12, 12, 12, 12, 12, 12, 12, 12, 12, 12, 12, 12, 12, 12, 12, 12, 12, 12, 12, 12, 12, 12, 12, 12, 12, 12, 12, 12, 12, 12, 12, 12, 12, 12, 12, 12, 12, 12, 12, 12, 12, 12, 12, 12, 12, 12, 12, 11, 11, 11, 11, 10, 10, 10, 10, 10, 10, 10, 10, 10, 10, 10, 10, 10, 10, 10, 10, 10, 10, 10, 10, 10, 10, 10, 10, 10, 10, 10, 10, 10, 10, 10, 10, 10, 10, 10, 9, 8, 8, 8, 8, 8, 8, 8, 7, 7, 7, 6, 7, 6, 6, 6, 6, 6, 5, 5, 5, 5, 5, 3, 3, 3, 3, 3, 3, 3, 3, 3, 3, 3, 3, 3, 3, 4, 3, 3, 3, 3, 3, 3, 3, 3, 3, 3, 3, 3, 3, 3, 3, 3, 3, 3, 3, 3, 3, 3, 3, 3, 3, 3, 3, 3, 3, 3, 3, 3, 3, 3, 3, 3, 3, 3, 3, 3, 3, 3, 3, 3, 3, 3, 3, 3, 3, 3, 3, 3, 3, 3, 3, 3, 3, 3, 3, 3, 2, 2, 2, 2, 2, 4, 4, 2, 2, 2, 2, 2, 2, 2, 2, 2, 2, 2, 2, 2, 2, 2, 2, 2, 2, 2, 2, 2, 2, 2, 2, 2, 2, 2, 2, 2, 2, 2, 2, 2, 2, 2, 2, 2, 2, 2, 2, 2, 2, 2, 2, 2, 2, 2, 2, 2, 2]",0.12857142857142856,"[31.964285714285715, 28.978571428571428, 25.992857142857144, 22.978571428571428, 22.985714285714288, 20.985714285714288, 19.992857142857144, 19.985714285714288, 17.97142857142857, 17.95714285714286, 16.985714285714288, 16.992857142857144, 15.978571428571428, 15.978571428571428, 15.95, 15.957142857142859, 14.978571428571428, 14.971428571428572, 14.942857142857143, 14.914285714285715, 13.935714285714285, 12.964285714285715, 12.942857142857143, 12.907142857142857, 12.9, 11.907142857142858, 11.942857142857143, 11.864285714285714, 11.87857142857143, 11.821428571428573, 11.807142857142859, 11.72857142857143, 11.771428571428572, 11.62857142857143, 11.657142857142855, 11.635714285714284, 11.628571428571428, 11.55, 11.471428571428572, 11.499999999999998, 11.585714285714285, 11.464285714285715, 11.507142857142858, 11.407142857142857, 11.285714285714286, 11.264285714285714, 11.25, 11.02142857142857, 10.892857142857142, 11.221428571428572, 11.192857142857143, 11.057142857142857, 10.878571428571428, 10.671428571428573, 10.464285714285715, 10.892857142857142, 10.578571428571431, 10.571428571428571, 10.32857142857143, 10.178571428571429, 9.835714285714285, 10.364285714285714, 9.692857142857143, 9.957142857142857, 9.692857142857143, 9.485714285714286, 9.585714285714285, 9.414285714285715, 9.557142857142857, 9.185714285714285, 9.164285714285715, 8.9, 8.67142857142857, 8.628571428571428, 8.735714285714286, 8.55, 8.485714285714284, 8.435714285714287, 7.914285714285715, 7.9, 7.942857142857143, 7.5214285714285705, 7.314285714285714, 7.414285714285714, 7.335714285714286, 7.192857142857142, 6.892857142857143, 7.121428571428572, 7.307142857142856, 7.107142857142857, 6.892857142857143, 6.4642857142857135, 6.485714285714286, 6.3, 6.3, 6.071428571428572, 6.085714285714285, 5.864285714285714, 5.835714285714285, 5.614285714285715, 5.628571428571428, 5.692857142857142, 5.742857142857143, 5.578571428571429, 5.557142857142857, 5.378571428571429, 5.4, 5.214285714285714, 5.064285714285715, 5.007142857142857, 4.842857142857143, 4.785714285714286, 4.735714285714287, 4.578571428571428, 4.435714285714285, 4.385714285714286, 4.357142857142858, 4.25, 4.214285714285714, 4.064285714285715, 3.6, 3.1571428571428575, 3.0500000000000003, 3.0, 3.0214285714285714, 2.9714285714285715, 2.8857142857142857, 2.821428571428571, 2.414285714285714, 2.35, 2.428571428571429, 1.9642857142857144, 2.2, 1.95, 1.8571428571428572, 1.9000000000000001, 1.8571428571428572, 1.842857142857143, 1.5285714285714285, 1.5071428571428571, 1.5714285714285714, 1.5285714285714285, 1.5357142857142856, 0.9642857142857143, 0.9285714285714286, 0.9428571428571428, 0.9357142857142856, 0.9071428571428571, 0.8928571428571428, 0.8785714285714286, 0.8714285714285714, 0.8857142857142857, 0.8785714285714286, 0.8714285714285714, 0.8642857142857143, 0.8428571428571427, 0.85, 1.0714285714285714, 0.8714285714285713, 0.85, 0.8285714285714285, 0.8214285714285714, 0.8499999999999999, 0.8214285714285714, 0.8142857142857143, 0.7928571428571429, 0.7785714285714286, 0.7785714285714286, 0.7714285714285714, 0.7571428571428571, 0.7642857142857142, 0.7642857142857142, 0.7357142857142858, 0.7642857142857143, 0.7428571428571428, 0.7357142857142857, 0.7357142857142858, 0.7428571428571428, 0.7571428571428571, 0.7571428571428571, 0.7357142857142857, 0.7428571428571428, 0.7285714285714285, 0.7357142857142857, 0.7357142857142857, 0.7428571428571429, 0.75, 0.7428571428571429, 0.7285714285714286, 0.7214285714285714, 0.7071428571428571, 0.7142857142857143, 0.7071428571428571, 0.6857142857142857, 0.6857142857142857, 0.6857142857142857, 0.6571428571428571, 0.65, 0.6357142857142857, 0.6428571428571428, 0.6714285714285714, 0.6642857142857143, 0.6285714285714286, 0.6285714285714286, 0.6428571428571428, 0.6214285714285714, 0.6214285714285714, 0.6357142857142857, 0.6285714285714286, 0.6214285714285714, 0.6571428571428571, 0.6428571428571428, 0.6428571428571428, 0.6285714285714286, 0.6428571428571429, 0.6428571428571429, 0.6428571428571429, 0.6357142857142858, 0.42142857142857143, 0.42142857142857143, 0.42142857142857143, 0.40714285714285714, 0.38571428571428573, 0.6357142857142857, 0.6928571428571428, 0.4, 0.37857142857142856, 0.38571428571428573, 0.37857142857142856, 0.37142857142857144, 0.37142857142857144, 0.37142857142857144, 0.35, 0.34285714285714286, 0.32857142857142857, 0.3214285714285714, 0.3, 0.3, 0.2928571428571428, 0.3, 0.2928571428571428, 0.2928571428571428, 0.2785714285714286, 0.2928571428571428, 0.2642857142857143, 0.25, 0.22857142857142856, 0.22142857142857142, 0.22142857142857142, 0.20714285714285713, 0.19285714285714284, 0.19999999999999998, 0.20714285714285713, 0.19285714285714284, 0.19999999999999998, 0.1857142857142857, 0.17142857142857143, 0.15, 0.16428571428571428, 0.15714285714285714, 0.15714285714285714, 0.14285714285714285, 0.15714285714285714, 0.15000000000000002, 0.14285714285714285, 0.14285714285714285, 0.12857142857142856, 0.12857142857142856, 0.12857142857142856, 0.12142857142857143, 0.12142857142857143, 0.12142857142857143, 0.12142857142857143, 0.12142857142857143, 0.12857142857142856]",0.6459515022415971,0.5783192281433963,2,"[32, 29, 26, 23, 23, 21, 20, 20, 18, 18, 17, 17, 16, 16, 16, 16, 15, 15, 15, 15, 14, 13, 13, 13, 13, 12, 12, 12, 12, 12, 12, 12, 12, 12, 12, 12, 12, 12, 12, 12, 12, 12, 12, 12, 12, 12, 12, 12, 12, 12, 12, 12, 12, 12, 12, 12, 12, 12, 12, 12, 12, 12, 12, 12, 12, 12, 12, 12, 12, 12, 12, 12, 12, 12, 12, 12, 12, 12, 12, 12, 12, 11, 11, 11, 11, 10, 10, 10, 10, 10, 10, 10, 10, 10, 10, 10, 10, 10, 10, 10, 10, 10, 10, 10, 10, 10, 10, 10, 10, 10, 10, 10, 10, 10, 10, 10, 10, 10, 10, 10, 9, 8, 8, 8, 8, 8, 8, 8, 7, 7, 7, 6, 7, 6, 6, 6, 6, 6, 5, 5, 5, 5, 5, 3, 3, 3, 3, 3, 3, 3, 3, 3, 3, 3, 3, 3, 3, 4, 3, 3, 3, 3, 3, 3, 3, 3, 3, 3, 3, 3, 3, 3, 3, 3, 3, 3, 3, 3, 3, 3, 3, 3, 3, 3, 3, 3, 3, 3, 3, 3, 3, 3, 3, 3, 3, 3, 3, 3, 3, 3, 3, 3, 3, 3, 3, 3, 3, 3, 3, 3, 3, 3, 3, 3, 3, 3, 3, 3, 2, 2, 2, 2, 2, 4, 4, 2, 2, 2, 2, 2, 2, 2, 2, 2, 2, 2, 2, 2, 2, 2, 2, 2, 2, 2, 2, 2, 2, 2, 2, 2, 2, 2, 2, 2, 2, 2, 2, 2, 2, 2, 2, 2, 2, 2, 2, 2, 2, 2, 2, 2, 2, 2, 2, 2, 2]",275,"[0.33587807416915894, 0.3465040624141693, 0.3093082904815674, 0.33853480219841003, 0.22046813368797302, 0.2684989273548126, 0.26000192761421204, 0.2630251944065094, 0.19871152937412262, 0.19564662873744965, 0.22537946701049805, 0.19341981410980225, 0.22124435007572174, 0.19533081352710724, 0.1965254247188568, 0.21914811432361603, 0.2293609380722046, 0.28178372979164124, 0.3232041895389557, 0.2968441843986511, 0.2328711301088333, 0.24770194292068481, 0.2536914348602295, 0.24192863702774048, 0.3285492956638336, 0.36325961351394653, 0.30196070671081543, 0.21615858376026154, 0.2710389196872711, 0.2637287676334381, 0.2771632671356201, 0.2208295613527298, 0.21913591027259827, 0.2398935854434967, 0.22688700258731842, 0.24610546231269836, 0.22864103317260742, 0.19069097936153412, 0.23912277817726135, 0.2585690915584564, 0.2218286097049713, 0.34874194860458374, 0.21798104047775269, 0.1999412477016449, 0.24141563475131989, 0.2231084704399109, 0.23808500170707703, 0.3132472336292267, 0.6291691064834595, 0.21264058351516724, 0.5186715126037598, 0.27474331855773926, 0.23128175735473633, 0.2146025449037552, 0.21229204535484314, 0.19449394941329956, 0.3730921447277069, 0.20449835062026978, 0.20553886890411377, 0.20795761048793793, 0.24558372795581818, 0.2567233443260193, 0.2747521698474884, 0.2716192305088043, 0.21114519238471985, 0.29886043071746826, 0.20458239316940308, 0.3260301947593689, 0.2115967720746994, 0.24763116240501404, 0.19625812768936157, 0.373575896024704, 0.3230968415737152, 0.21223703026771545, 0.2331409454345703, 0.35001444816589355, 0.22462016344070435, 0.256532222032547, 0.2178393304347992, 0.21887817978858948, 0.42850232124328613, 0.3185562491416931, 0.3651205897331238, 0.3879408538341522, 0.2867071330547333, 0.39982834458351135, 0.4239754378795624, 0.2666091024875641, 0.26714280247688293, 0.3584842383861542, 0.2483268678188324, 0.28789329528808594, 0.2728625237941742, 0.23188331723213196, 0.26306161284446716, 0.29219815135002136, 0.2953476309776306, 0.3068808317184448, 0.2548763155937195, 0.24894556403160095, 0.2567916810512543, 0.2520799934864044, 0.30049312114715576, 0.3057835102081299, 0.2292647361755371, 0.2966228723526001, 0.2694607377052307, 0.24177560210227966, 0.24763916432857513, 0.6102209687232971, 0.2579174339771271, 0.2748018503189087, 0.2502627968788147, 0.3378629982471466, 0.4303467273712158, 0.46397122740745544, 0.2795776426792145, 0.2764672338962555, 0.23783846199512482, 0.3586694002151489, 0.7346012592315674, 0.8918080925941467, 0.4094797372817993, 0.3305344879627228, 0.39768487215042114, 0.48615333437919617, 0.3732460141181946, 0.4257289171218872, 0.4540290832519531, 0.3336993157863617, 0.3769132196903229, 0.33330807089805603, 1.5722739696502686, 0.43991154432296753, 0.48359420895576477, 0.37082695960998535, 0.3377077877521515, 0.5356605052947998, 0.4179617762565613, 0.61659175157547, 0.495235413312912, 0.3506254553794861, 0.6735196113586426, 0.39069560170173645, 0.4397258460521698, 0.40406811237335205, 0.3686853051185608, 0.5088982582092285, 0.43910300731658936, 0.5829640030860901, 0.642344057559967, 1.054742455482483, 0.810265302658081, 0.37563034892082214, 0.48565661907196045, 1.4223697185516357, 0.6808639764785767, 0.7505006194114685, 0.6282708644866943, 0.9273113012313843, 0.3878780007362366, 1.1567543745040894, 0.4887026250362396, 0.6049279570579529, 1.061553955078125, 0.7744878530502319, 0.48133036494255066, 0.49121180176734924, 0.43023037910461426, 1.0920661687850952, 0.500518798828125, 0.3756871819496155, 0.3813014626502991, 0.7680561542510986, 0.6691738367080688, 0.4276891350746155, 0.39784422516822815, 0.40872523188591003, 0.3895334005355835, 0.5794780850410461, 0.3829710781574249, 0.3871139883995056, 0.5003259778022766, 1.1090751886367798, 0.37969422340393066, 0.3891545236110687, 0.542987585067749, 0.5438024997711182, 0.40601855516433716, 1.2039456367492676, 3.902294874191284, 0.596384584903717, 1.162785291671753, 1.2578067779541016, 0.37022045254707336, 0.4736540913581848, 1.4753010272979736, 0.45830076932907104, 0.3935646414756775, 0.3789287805557251, 0.37275341153144836, 0.46753406524658203, 0.36339420080184937, 0.654512345790863, 0.48632538318634033, 1.020829439163208, 1.8335436582565308, 0.43189337849617004, 0.40795621275901794, 0.5217955112457275, 0.589390218257904, 0.4147810637950897, 0.3704065680503845, 0.540624737739563, 0.42994609475135803, 0.4148593842983246, 0.8686591982841492, 0.44562092423439026, 1.3760795593261719, 0.39958059787750244, 0.9529055953025818, 0.4431096017360687, 1.0688018798828125, 0.5495364665985107, 0.42748531699180603, 0.4354310631752014, 0.711700975894928, 0.512669563293457, 0.5053011178970337, 0.8264563083648682, 0.41191500425338745, 1.3450324535369873, 0.7904709577560425, 0.39686867594718933, 0.7769755721092224, 0.6503568887710571, 0.39151373505592346, 0.5616607069969177, 0.3878532648086548, 0.6214991807937622, 0.4131593406200409, 0.5684076547622681, 0.3921748995780945, 0.9110192060470581, 0.47996121644973755, 0.40548640489578247, 0.47447001934051514, 0.6804103255271912, 0.5792568325996399, 0.6503483057022095, 0.37765589356422424, 0.8621931672096252, 0.3913315236568451, 0.4051531255245209, 0.4894644618034363, 0.3846093714237213, 0.4925868511199951, 0.45389437675476074, 0.38871222734451294, 1.2708284854888916, 0.6387306451797485, 0.3924403786659241, 0.42750248312950134, 0.3852057158946991, 0.3781769573688507, 0.5575322508811951, 0.40059176087379456, 0.5205944180488586, 0.5231297016143799, 0.6207777261734009, 0.5421557426452637, 0.9860597252845764, 0.6191442012786865, 0.4198416471481323, 0.3883722424507141]",2.0,"[32.0, 29.0, 26.0, 23.0, 23.0, 21.0, 20.0, 20.0, 18.0, 18.0, 17.0, 17.0, 16.0, 16.0, 16.0, 16.0, 15.0, 15.0, 15.0, 15.0, 14.0, 13.0, 13.0, 13.0, 13.0, 12.0, 12.0, 12.0, 12.0, 12.0, 12.0, 12.0, 12.0, 12.0, 12.0, 12.0, 12.0, 12.0, 12.0, 12.0, 12.0, 12.0, 12.0, 12.0, 12.0, 12.0, 12.0, 12.0, 12.0, 12.0, 12.0, 12.0, 12.0, 12.0, 12.0, 12.0, 12.0, 12.0, 12.0, 12.0, 12.0, 12.0, 12.0, 12.0, 12.0, 12.0, 12.0, 12.0, 12.0, 12.0, 12.0, 12.0, 12.0, 12.0, 12.0, 12.0, 12.0, 12.0, 12.0, 12.0, 12.0, 11.0, 11.0, 11.0, 11.0, 10.0, 10.0, 10.0, 10.0, 10.0, 10.0, 10.0, 10.0, 10.0, 10.0, 10.0, 10.0, 10.0, 10.0, 10.0, 10.0, 10.0, 10.0, 10.0, 10.0, 10.0, 10.0, 10.0, 10.0, 10.0, 10.0, 10.0, 10.0, 10.0, 10.0, 10.0, 10.0, 10.0, 10.0, 10.0, 9.0, 8.0, 8.0, 8.0, 8.0, 8.0, 8.0, 8.0, 7.0, 7.0, 7.0, 6.0, 7.0, 6.0, 6.0, 6.0, 6.0, 6.0, 5.0, 5.0, 5.0, 5.0, 5.0, 3.0, 3.0, 3.0, 3.0, 3.0, 3.0, 3.0, 3.0, 3.0, 3.0, 3.0, 3.0, 3.0, 3.0, 4.0, 3.0, 3.0, 3.0, 3.0, 3.0, 3.0, 3.0, 3.0, 3.0, 3.0, 3.0, 3.0, 3.0, 3.0, 3.0, 3.0, 3.0, 3.0, 3.0, 3.0, 3.0, 3.0, 3.0, 3.0, 3.0, 3.0, 3.0, 3.0, 3.0, 3.0, 3.0, 3.0, 3.0, 3.0, 3.0, 3.0, 3.0, 3.0, 3.0, 3.0, 3.0, 3.0, 3.0, 3.0, 3.0, 3.0, 3.0, 3.0, 3.0, 3.0, 3.0, 3.0, 3.0, 3.0, 3.0, 3.0, 3.0, 3.0, 3.0, 3.0, 2.0, 2.0, 2.0, 2.0, 2.0, 4.0, 4.0, 2.0, 2.0, 2.0, 2.0, 2.0, 2.0, 2.0, 2.0, 2.0, 2.0, 2.0, 2.0, 2.0, 2.0, 2.0, 2.0, 2.0, 2.0, 2.0, 2.0, 2.0, 2.0, 2.0, 2.0, 2.0, 2.0, 2.0, 2.0, 2.0, 2.0, 2.0, 2.0, 2.0, 2.0, 2.0, 2.0, 2.0, 2.0, 2.0, 2.0, 2.0, 2.0, 2.0, 2.0, 2.0, 2.0, 2.0, 2.0, 2.0, 2.0]",COMPLETE
