,number,value,datetime_start,datetime_complete,duration,params_batch_size_scaler,params_constant_learning_rate,params_depth,params_epochs,params_kernel_l2,params_num_trees,params_temperature,user_attrs_accuracy_test,user_attrs_accuracy_valid,user_attrs_approximate_feature_sparsity,user_attrs_approximate_feature_sparsity_history,user_attrs_approximate_weight_sparsity,user_attrs_approximate_weight_sparsity_history,user_attrs_auc_test,user_attrs_auc_valid,user_attrs_feature_sparsity,user_attrs_feature_sparsity_history,user_attrs_num_epochs,user_attrs_val_loss_history,user_attrs_weight_sparsity,user_attrs_weight_sparsity_history,state
58,58,0.7122798881889967,2024-08-31 02:47:24.310044,2024-08-31 02:49:27.310487,0 days 00:02:03.000443,16,0.013200595629145339,6,270,0.013387354304706067,8,0.0067265231936538385,0.859,0.85875,33,"[33, 33, 33, 33, 33, 33, 33, 33, 33, 33, 33, 33, 33, 33, 33, 33, 33, 33, 33, 33, 33, 33, 33, 33, 33, 33, 33, 33, 33, 33, 33, 33, 33, 33, 33, 33, 33, 33, 33, 33, 33, 33, 33, 33, 33, 33, 33, 33, 33, 33, 33, 33, 33, 33, 33, 33, 33, 33, 33, 33, 33, 33, 33, 33, 33, 33, 33, 33, 33, 33, 33, 33, 33, 33, 33, 33, 33, 33, 33, 33, 33, 33, 33, 33, 33, 33, 33, 33, 33, 33, 33, 33, 33, 33, 33, 33, 33, 33, 33, 33, 33, 33, 33, 33, 33, 33, 33, 33, 33, 33, 33, 33, 33, 33, 33, 33, 33, 33, 33, 33, 33, 33, 33, 33, 33, 33, 33, 33, 33, 33, 33, 33, 33, 33, 33, 33, 33, 33, 33, 33, 33, 33, 33, 33, 33, 33, 33, 33, 33, 33, 33, 33, 33, 33, 33, 33, 33, 33, 33, 33, 33, 33, 33, 33, 33, 33, 33, 33, 33, 33, 33, 33, 33, 33, 33, 33, 33, 33, 33, 33, 33, 33, 33, 33, 33, 33, 33, 33, 33, 33, 33, 33, 33, 33, 33, 33, 33, 33, 33, 33, 33, 33, 33, 33, 33, 33, 33, 33, 33, 33, 33, 33, 33, 33, 33, 33, 33, 33, 33, 33, 33, 33, 33, 33, 33, 33, 33, 33, 33, 33, 33, 33, 33, 33, 33, 33, 33, 33, 33, 33, 33, 33, 33, 33, 33, 33, 33, 33, 33, 33, 33, 33, 33, 33, 33, 33, 33, 33, 33, 33, 33, 33, 33, 33, 33, 33, 33, 33, 33, 33]",32.96825396825397,"[32.96626984126984, 32.97222222222222, 32.97222222222222, 32.97222222222222, 32.97222222222222, 32.9781746031746, 32.97420634920635, 32.97222222222222, 32.97420634920635, 32.964285714285715, 32.97222222222222, 32.976190476190474, 32.976190476190474, 32.98809523809524, 32.986111111111114, 32.986111111111114, 32.98214285714286, 32.98412698412699, 32.976190476190474, 32.98015873015873, 32.980158730158735, 32.9781746031746, 32.97817460317461, 32.97817460317461, 32.97222222222222, 32.96825396825397, 32.96825396825397, 32.96825396825397, 32.96626984126984, 32.96230158730159, 32.97222222222222, 32.970238095238095, 32.96626984126984, 32.960317460317455, 32.964285714285715, 32.96031746031746, 32.96626984126984, 32.96825396825397, 32.97420634920635, 32.970238095238095, 32.97222222222222, 32.976190476190474, 32.9781746031746, 32.98015873015873, 32.98214285714286, 32.98015873015873, 32.982142857142854, 32.9781746031746, 32.9781746031746, 32.982142857142854, 32.9781746031746, 32.96825396825397, 32.97222222222222, 32.97420634920635, 32.96626984126984, 32.96626984126984, 32.964285714285715, 32.970238095238095, 32.970238095238095, 32.976190476190474, 32.97420634920635, 32.97222222222222, 32.9781746031746, 32.9781746031746, 32.97420634920635, 32.97222222222222, 32.9781746031746, 32.96626984126984, 32.96825396825397, 32.96626984126984, 32.96626984126984, 32.96230158730159, 32.96626984126984, 32.964285714285715, 32.96230158730159, 32.958333333333336, 32.964285714285715, 32.964285714285715, 32.96230158730159, 32.964285714285715, 32.970238095238095, 32.97420634920635, 32.9781746031746, 32.976190476190474, 32.970238095238095, 32.97222222222222, 32.97420634920635, 32.97420634920635, 32.96825396825397, 32.964285714285715, 32.964285714285715, 32.97222222222222, 32.96825396825397, 32.964285714285715, 32.964285714285715, 32.96825396825397, 32.964285714285715, 32.96825396825397, 32.96626984126984, 32.964285714285715, 32.970238095238095, 32.96031746031746, 32.96230158730159, 32.96031746031746, 32.96626984126984, 32.96626984126984, 32.964285714285715, 32.96825396825397, 32.970238095238095, 32.97420634920635, 32.976190476190474, 32.9781746031746, 32.97420634920635, 32.96825396825397, 32.96626984126984, 32.96626984126984, 32.96825396825397, 32.964285714285715, 32.96230158730159, 32.96626984126984, 32.97222222222222, 32.96825396825397, 32.97420634920635, 32.96825396825397, 32.976190476190474, 32.976190476190474, 32.97420634920635, 32.97222222222222, 32.970238095238095, 32.964285714285715, 32.96825396825397, 32.964285714285715, 32.96230158730159, 32.96626984126984, 32.95634920634921, 32.95634920634921, 32.96031746031746, 32.96626984126984, 32.970238095238095, 32.964285714285715, 32.964285714285715, 32.96626984126984, 32.96626984126984, 32.96230158730158, 32.96626984126984, 32.970238095238095, 32.970238095238095, 32.97222222222222, 32.96626984126984, 32.96031746031746, 32.96230158730159, 32.96825396825397, 32.96031746031746, 32.96626984126984, 32.96626984126984, 32.970238095238095, 32.96230158730159, 32.964285714285715, 32.96230158730159, 32.97222222222222, 32.96825396825397, 32.964285714285715, 32.96825396825397, 32.97222222222222, 32.970238095238095, 32.97420634920635, 32.976190476190474, 32.9781746031746, 32.98214285714286, 32.98412698412699, 32.98809523809524, 32.98214285714286, 32.98412698412699, 32.98412698412699, 32.98015873015873, 32.98015873015873, 32.982142857142854, 32.982142857142854, 32.9781746031746, 32.98015873015873, 32.98214285714286, 32.98214285714286, 32.98015873015873, 32.98015873015873, 32.9781746031746, 32.98015873015873, 32.98015873015873, 32.97817460317461, 32.97817460317461, 32.97817460317461, 32.97817460317461, 32.980158730158735, 32.97420634920635, 32.9781746031746, 32.97420634920635, 32.9781746031746, 32.976190476190474, 32.97420634920635, 32.976190476190474, 32.97420634920635, 32.97420634920635, 32.970238095238095, 32.976190476190474, 32.9781746031746, 32.9781746031746, 32.97420634920635, 32.97222222222222, 32.970238095238095, 32.970238095238095, 32.96626984126984, 32.96825396825397, 32.96230158730159, 32.964285714285715, 32.96825396825397, 32.96825396825397, 32.96626984126984, 32.96626984126984, 32.96626984126984, 32.96626984126984, 32.96825396825397, 32.96230158730159, 32.96825396825397, 32.96825396825397, 32.96825396825397, 32.96626984126984, 32.96626984126984, 32.96626984126984, 32.976190476190474, 32.97222222222222, 32.970238095238095, 32.970238095238095, 32.97420634920635, 32.97222222222222, 32.97222222222222, 32.964285714285715, 32.970238095238095, 32.970238095238095, 32.970238095238095, 32.96825396825397, 32.96825396825397, 32.97420634920635, 32.9781746031746, 32.97420634920635, 32.97420634920635, 32.97420634920635, 32.97222222222222, 32.97420634920635, 32.97222222222222, 32.97420634920635, 32.97420634920635, 32.976190476190474, 32.976190476190474, 32.9781746031746, 32.976190476190474, 32.976190476190474, 32.976190476190474, 32.97420634920635, 32.97420634920635, 32.9781746031746, 32.980158730158735, 32.980158730158735, 32.98214285714286, 32.980158730158735, 32.97817460317461, 32.97619047619048, 32.97619047619048, 32.97420634920635, 32.970238095238095, 32.97222222222222, 32.96825396825397]",0.7410521883436949,0.7122798881889967,33,"[33, 33, 33, 33, 33, 33, 33, 33, 33, 33, 33, 33, 33, 33, 33, 33, 33, 33, 33, 33, 33, 33, 33, 33, 33, 33, 33, 33, 33, 33, 33, 33, 33, 33, 33, 33, 33, 33, 33, 33, 33, 33, 33, 33, 33, 33, 33, 33, 33, 33, 33, 33, 33, 33, 33, 33, 33, 33, 33, 33, 33, 33, 33, 33, 33, 33, 33, 33, 33, 33, 33, 33, 33, 33, 33, 33, 33, 33, 33, 33, 33, 33, 33, 33, 33, 33, 33, 33, 33, 33, 33, 33, 33, 33, 33, 33, 33, 33, 33, 33, 33, 33, 33, 33, 33, 33, 33, 33, 33, 33, 33, 33, 33, 33, 33, 33, 33, 33, 33, 33, 33, 33, 33, 33, 33, 33, 33, 33, 33, 33, 33, 33, 33, 33, 33, 33, 33, 33, 33, 33, 33, 33, 33, 33, 33, 33, 33, 33, 33, 33, 33, 33, 33, 33, 33, 33, 33, 33, 33, 33, 33, 33, 33, 33, 33, 33, 33, 33, 33, 33, 33, 33, 33, 33, 33, 33, 33, 33, 33, 33, 33, 33, 33, 33, 33, 33, 33, 33, 33, 33, 33, 33, 33, 33, 33, 33, 33, 33, 33, 33, 33, 33, 33, 33, 33, 33, 33, 33, 33, 33, 33, 33, 33, 33, 33, 33, 33, 33, 33, 33, 33, 33, 33, 33, 33, 33, 33, 33, 33, 33, 33, 33, 33, 33, 33, 33, 33, 33, 33, 33, 33, 33, 33, 33, 33, 33, 33, 33, 33, 33, 33, 33, 33, 33, 33, 33, 33, 33, 33, 33, 33, 33, 33, 33, 33, 33, 33, 33, 33, 33]",270,"[0.6270873546600342, 0.6192282438278198, 0.6116719245910645, 0.6044297218322754, 0.5974922776222229, 0.5907793641090393, 0.5842921137809753, 0.5780959129333496, 0.5721520185470581, 0.5664138197898865, 0.5609506368637085, 0.5556234121322632, 0.5505040287971497, 0.5455572009086609, 0.5407898426055908, 0.5362236499786377, 0.5318267345428467, 0.5275311470031738, 0.5234171152114868, 0.5194457769393921, 0.5156214833259583, 0.5119027495384216, 0.5083155035972595, 0.5048840641975403, 0.5015555024147034, 0.49837517738342285, 0.49527600407600403, 0.492270290851593, 0.4893761873245239, 0.4865776300430298, 0.48386314511299133, 0.48124969005584717, 0.4787069261074066, 0.4762524664402008, 0.47389182448387146, 0.47156012058258057, 0.46932491660118103, 0.46715298295021057, 0.4650377631187439, 0.46299102902412415, 0.4610477387905121, 0.4591366946697235, 0.45730361342430115, 0.4554772973060608, 0.4537220001220703, 0.4520198404788971, 0.4503864049911499, 0.4487836956977844, 0.44720715284347534, 0.4456978738307953, 0.4442248046398163, 0.44280558824539185, 0.4414208233356476, 0.44008174538612366, 0.4387642741203308, 0.4374801218509674, 0.436228483915329, 0.43501949310302734, 0.43384426832199097, 0.43271374702453613, 0.4316011369228363, 0.43051669001579285, 0.4294698238372803, 0.42844679951667786, 0.42744186520576477, 0.4264627695083618, 0.42552733421325684, 0.4246007800102234, 0.4237026572227478, 0.42281123995780945, 0.42194560170173645, 0.42112019658088684, 0.42030730843544006, 0.4194931089878082, 0.4187246561050415, 0.4179530441761017, 0.4172232747077942, 0.4164929986000061, 0.41577285528182983, 0.4150853753089905, 0.4144025444984436, 0.4137391149997711, 0.41309207677841187, 0.41245347261428833, 0.411833256483078, 0.41122740507125854, 0.4106484651565552, 0.41007182002067566, 0.40951406955718994, 0.40896451473236084, 0.4084165692329407, 0.40787816047668457, 0.4073549211025238, 0.4068495035171509, 0.406334787607193, 0.4058547914028168, 0.4053804874420166, 0.40491345524787903, 0.4044443368911743, 0.4039827287197113, 0.4035402536392212, 0.4031064212322235, 0.40267622470855713, 0.40226173400878906, 0.4018455743789673, 0.4014394283294678, 0.4010425806045532, 0.4006580412387848, 0.40027499198913574, 0.3998941481113434, 0.39951974153518677, 0.39915475249290466, 0.3988032937049866, 0.39845359325408936, 0.39811092615127563, 0.3977666199207306, 0.39742451906204224, 0.39709556102752686, 0.39677706360816956, 0.3964520990848541, 0.39613762497901917, 0.39583590626716614, 0.39553695917129517, 0.39523789286613464, 0.3949481248855591, 0.3946586549282074, 0.39437779784202576, 0.39409729838371277, 0.39382120966911316, 0.3935512602329254, 0.39328262209892273, 0.39301785826683044, 0.3927572965621948, 0.3925064206123352, 0.3922490179538727, 0.39199361205101013, 0.39175423979759216, 0.39151111245155334, 0.3912733495235443, 0.3910401463508606, 0.3908093273639679, 0.3905887305736542, 0.39035969972610474, 0.39013445377349854, 0.3899170160293579, 0.38970619440078735, 0.38949376344680786, 0.3892800211906433, 0.3890652060508728, 0.3888578712940216, 0.38866034150123596, 0.38846030831336975, 0.3882555663585663, 0.3880561590194702, 0.38787245750427246, 0.3876824676990509, 0.38748982548713684, 0.38729536533355713, 0.38711217045783997, 0.3869327902793884, 0.38674595952033997, 0.38656771183013916, 0.3863903880119324, 0.38621360063552856, 0.3860401213169098, 0.3858630061149597, 0.38569357991218567, 0.3855244517326355, 0.38535359501838684, 0.38518357276916504, 0.3850213885307312, 0.384857177734375, 0.3846924901008606, 0.3845324218273163, 0.38437357544898987, 0.3842158615589142, 0.38405856490135193, 0.3838999569416046, 0.38374820351600647, 0.3835979402065277, 0.38345128297805786, 0.3833042085170746, 0.3831571638584137, 0.38301247358322144, 0.3828651010990143, 0.3827197551727295, 0.3825775980949402, 0.38243263959884644, 0.38229408860206604, 0.38215333223342896, 0.38201984763145447, 0.3818841576576233, 0.381745308637619, 0.3816094994544983, 0.3814728558063507, 0.38134345412254333, 0.3812081217765808, 0.3810804486274719, 0.38094425201416016, 0.38081634044647217, 0.3806895911693573, 0.380564421415329, 0.3804449439048767, 0.3803194463253021, 0.3801962733268738, 0.3800707161426544, 0.37995538115501404, 0.379831463098526, 0.379706472158432, 0.37958115339279175, 0.3794645667076111, 0.37934553623199463, 0.37922561168670654, 0.3791116774082184, 0.37899109721183777, 0.37887290120124817, 0.3787558674812317, 0.3786420524120331, 0.3785286843776703, 0.37841659784317017, 0.3783014416694641, 0.3781849145889282, 0.378073513507843, 0.3779645562171936, 0.3778521418571472, 0.37773850560188293, 0.37763187289237976, 0.3775213956832886, 0.37741270661354065, 0.37730202078819275, 0.37719520926475525, 0.37708526849746704, 0.37697863578796387, 0.37687060236930847, 0.3767625391483307, 0.3766579031944275, 0.3765530288219452, 0.37645065784454346, 0.3763458728790283, 0.37624260783195496, 0.3761403262615204, 0.3760424852371216, 0.3759402334690094, 0.3758363723754883, 0.37573757767677307, 0.3756380081176758, 0.37553784251213074, 0.3754379153251648, 0.3753359913825989, 0.3752351701259613, 0.3751351535320282, 0.37503743171691895, 0.37494370341300964, 0.37484484910964966, 0.3747440576553345, 0.3746488094329834, 0.37455201148986816, 0.37445420026779175, 0.37436243891716003, 0.3742694854736328, 0.37417328357696533, 0.37408119440078735, 0.3739871084690094, 0.3738898038864136, 0.37379658222198486, 0.3737022876739502, 0.3736073672771454, 0.3735145926475525, 0.3734193742275238, 0.3733261227607727]",33.0,"[33.0, 33.0, 33.0, 33.0, 33.0, 33.0, 33.0, 33.0, 33.0, 33.0, 33.0, 33.0, 33.0, 33.0, 33.0, 33.0, 33.0, 33.0, 33.0, 33.0, 33.0, 33.0, 33.0, 33.0, 33.0, 33.0, 33.0, 33.0, 33.0, 33.0, 33.0, 33.0, 33.0, 33.0, 33.0, 33.0, 33.0, 33.0, 33.0, 33.0, 33.0, 33.0, 33.0, 33.0, 33.0, 33.0, 33.0, 33.0, 33.0, 33.0, 33.0, 33.0, 33.0, 33.0, 33.0, 33.0, 33.0, 33.0, 33.0, 33.0, 33.0, 33.0, 33.0, 33.0, 33.0, 33.0, 33.0, 33.0, 33.0, 33.0, 33.0, 33.0, 33.0, 33.0, 33.0, 33.0, 33.0, 33.0, 33.0, 33.0, 33.0, 33.0, 33.0, 33.0, 33.0, 33.0, 33.0, 33.0, 33.0, 33.0, 33.0, 33.0, 33.0, 33.0, 33.0, 33.0, 33.0, 33.0, 33.0, 33.0, 33.0, 33.0, 33.0, 33.0, 33.0, 33.0, 33.0, 33.0, 33.0, 33.0, 33.0, 33.0, 33.0, 33.0, 33.0, 33.0, 33.0, 33.0, 33.0, 33.0, 33.0, 33.0, 33.0, 33.0, 33.0, 33.0, 33.0, 33.0, 33.0, 33.0, 33.0, 33.0, 33.0, 33.0, 33.0, 33.0, 33.0, 33.0, 33.0, 33.0, 33.0, 33.0, 33.0, 33.0, 33.0, 33.0, 33.0, 33.0, 33.0, 33.0, 33.0, 33.0, 33.0, 33.0, 33.0, 33.0, 33.0, 33.0, 33.0, 33.0, 33.0, 33.0, 33.0, 33.0, 33.0, 33.0, 33.0, 33.0, 33.0, 33.0, 33.0, 33.0, 33.0, 33.0, 33.0, 33.0, 33.0, 33.0, 33.0, 33.0, 33.0, 33.0, 33.0, 33.0, 33.0, 33.0, 33.0, 33.0, 33.0, 33.0, 33.0, 33.0, 33.0, 33.0, 33.0, 33.0, 33.0, 33.0, 33.0, 33.0, 33.0, 33.0, 33.0, 33.0, 33.0, 33.0, 33.0, 33.0, 33.0, 33.0, 33.0, 33.0, 33.0, 33.0, 33.0, 33.0, 33.0, 33.0, 33.0, 33.0, 33.0, 33.0, 33.0, 33.0, 33.0, 33.0, 33.0, 33.0, 33.0, 33.0, 33.0, 33.0, 33.0, 33.0, 33.0, 33.0, 33.0, 33.0, 33.0, 33.0, 33.0, 33.0, 33.0, 33.0, 33.0, 33.0, 33.0, 33.0, 33.0, 33.0, 33.0, 33.0, 33.0, 33.0, 33.0, 33.0, 33.0, 33.0, 33.0, 33.0, 33.0, 33.0, 33.0, 33.0, 33.0, 33.0, 33.0, 33.0, 33.0, 33.0]",COMPLETE
59,59,0.6691785498061341,2024-08-31 02:49:28.272742,2024-08-31 02:49:32.290518,0 days 00:00:04.017776,64,0.029492936090694248,1,55,0.0031317215880799307,98,0.09320898325085705,0.86,0.85875,33,"[33, 33, 33, 33, 33, 33, 33, 33, 33, 33, 33, 33, 33, 33, 33, 33, 33, 33, 33, 33, 33, 33, 33, 33, 33, 33, 33, 33, 33, 33, 33, 33, 33, 33, 33, 33, 33, 33, 33, 33, 33, 33, 33, 33, 33, 33, 33, 33, 33, 33, 33, 33, 33, 33, 33]",33.0,"[32.9795918367347, 32.9795918367347, 32.98979591836735, 32.98979591836735, 33.0, 33.0, 32.98979591836735, 32.98979591836735, 32.98979591836735, 32.98979591836735, 33.0, 32.98979591836735, 32.98979591836735, 33.0, 32.98979591836735, 32.98979591836735, 32.98979591836735, 33.0, 32.98979591836735, 33.0, 33.0, 32.98979591836735, 32.98979591836735, 32.98979591836735, 33.0, 33.0, 33.0, 33.0, 33.0, 32.98979591836735, 33.0, 33.0, 32.98979591836735, 32.98979591836735, 32.9795918367347, 32.9795918367347, 32.98979591836735, 32.98979591836735, 32.98979591836735, 32.98979591836735, 32.98979591836735, 32.9795918367347, 33.0, 33.0, 33.0, 33.0, 33.0, 32.98979591836735, 32.98979591836735, 32.98979591836735, 33.0, 32.98979591836735, 33.0, 33.0, 33.0]",0.7250555239062408,0.6691785498061341,33,"[33, 33, 33, 33, 33, 33, 33, 33, 33, 33, 33, 33, 33, 33, 33, 33, 33, 33, 33, 33, 33, 33, 33, 33, 33, 33, 33, 33, 33, 33, 33, 33, 33, 33, 33, 33, 33, 33, 33, 33, 33, 33, 33, 33, 33, 33, 33, 33, 33, 33, 33, 33, 33, 33, 33]",55,"[0.4131239950656891, 0.4107072949409485, 0.40946805477142334, 0.40840214490890503, 0.40828490257263184, 0.40624213218688965, 0.40556782484054565, 0.4052806496620178, 0.4041302800178528, 0.4043315649032593, 0.40162551403045654, 0.40089529752731323, 0.4001840651035309, 0.4002161920070648, 0.4003522992134094, 0.39942777156829834, 0.3979812562465668, 0.39765721559524536, 0.397338330745697, 0.396144837141037, 0.3959547281265259, 0.3968565762042999, 0.3953697085380554, 0.3938504755496979, 0.39356422424316406, 0.39296385645866394, 0.39252957701683044, 0.39213860034942627, 0.39153918623924255, 0.39458781480789185, 0.3904821276664734, 0.39045679569244385, 0.38977229595184326, 0.3892940282821655, 0.3892320394515991, 0.3887474536895752, 0.3894970715045929, 0.3880060613155365, 0.38727906346321106, 0.38691845536231995, 0.3867529332637787, 0.39213597774505615, 0.38611239194869995, 0.3854866027832031, 0.38529863953590393, 0.3852243721485138, 0.38475215435028076, 0.3844069242477417, 0.3847549557685852, 0.3838782012462616, 0.3838619589805603, 0.383402943611145, 0.382778137922287, 0.3832787275314331, 0.38253748416900635]",33.0,"[33.0, 33.0, 33.0, 33.0, 33.0, 33.0, 33.0, 33.0, 33.0, 33.0, 33.0, 33.0, 33.0, 33.0, 33.0, 33.0, 33.0, 33.0, 33.0, 33.0, 33.0, 33.0, 33.0, 33.0, 33.0, 33.0, 33.0, 33.0, 33.0, 33.0, 33.0, 33.0, 33.0, 33.0, 33.0, 33.0, 33.0, 33.0, 33.0, 33.0, 33.0, 33.0, 33.0, 33.0, 33.0, 33.0, 33.0, 33.0, 33.0, 33.0, 33.0, 33.0, 33.0, 33.0, 33.0]",COMPLETE
60,60,0.7962283108551997,2024-08-31 02:49:32.296106,2024-08-31 02:49:35.224820,0 days 00:00:02.928714,4,0.07835005447036851,1,15,0.01648119382539271,75,0.0009325161898160851,0.869,0.86375,33,"[33, 33, 33, 33, 33, 33, 33, 33, 33, 33, 33, 33, 33, 33, 33]",32.97333333333333,"[32.986666666666665, 32.96, 32.97333333333333, 32.986666666666665, 32.986666666666665, 33.0, 32.97333333333333, 32.986666666666665, 32.96, 32.97333333333333, 32.986666666666665, 32.986666666666665, 32.986666666666665, 32.97333333333333, 32.97333333333333]",0.816667905118107,0.7962283108551997,33,"[33, 33, 33, 33, 33, 33, 33, 33, 33, 33, 33, 33, 33, 33, 33]",15,"[0.38705775141716003, 0.38301554322242737, 0.3760868012905121, 0.37020012736320496, 0.37071144580841064, 0.36767303943634033, 0.3683775067329407, 0.3640693724155426, 0.3553180396556854, 0.36377689242362976, 0.3497309982776642, 0.34819427132606506, 0.3502925932407379, 0.346708744764328, 0.3410896956920624]",33.0,"[33.0, 33.0, 33.0, 33.0, 33.0, 33.0, 33.0, 33.0, 33.0, 33.0, 33.0, 33.0, 33.0, 33.0, 33.0]",COMPLETE
