,number,value,datetime_start,datetime_complete,duration,params_batch_size_scaler,params_constant_learning_rate,params_depth,params_epochs,params_kernel_l2,params_num_trees,params_temperature,user_attrs_accuracy_test,user_attrs_accuracy_valid,user_attrs_approximate_feature_sparsity,user_attrs_approximate_feature_sparsity_history,user_attrs_approximate_weight_sparsity,user_attrs_approximate_weight_sparsity_history,user_attrs_auc_test,user_attrs_auc_valid,user_attrs_feature_sparsity,user_attrs_feature_sparsity_history,user_attrs_num_epochs,user_attrs_val_loss_history,user_attrs_weight_sparsity,user_attrs_weight_sparsity_history,state
43,43,0.6894281923458413,2024-08-31 01:45:43.477377,2024-08-31 01:46:14.106826,0 days 00:00:30.629449,16,0.049787796613720375,5,55,0.006319851744460731,85,0.008424318055090045,0.86,0.85875,33,"[33, 33, 33, 33, 33, 33, 33, 33, 33, 33, 33, 33, 33, 33, 33, 33, 33, 33, 33, 33, 33, 33, 33, 33, 33, 33, 33, 33, 33, 33, 33, 33, 33, 33, 33, 33, 33, 33, 33, 33, 33, 33, 33, 33, 33, 33, 33, 33, 33, 33, 33, 33, 33, 33, 33]",32.92599620493359,"[32.93662239089184, 32.93586337760911, 32.93700189753321, 32.93700189753321, 32.93510436432638, 32.930170777988614, 32.93662239089184, 32.93586337760911, 32.934345351043646, 32.93396584440228, 32.93320683111955, 32.93396584440227, 32.93396584440228, 32.939658444022776, 32.935483870967744, 32.932068311195444, 32.932827324478176, 32.930929791271346, 32.92789373814042, 32.925616698292224, 32.92751423149905, 32.93168880455408, 32.925616698292224, 32.92979127134725, 32.93168880455408, 32.93055028462998, 32.92447817836812, 32.922201138519924, 32.92713472485769, 32.926375711574956, 32.930929791271346, 32.92979127134725, 32.930929791271346, 32.93130929791271, 32.93055028462998, 32.930170777988614, 32.93851992409867, 32.93700189753321, 32.93244781783681, 32.930170777988614, 32.93396584440228, 32.93396584440227, 32.93055028462998, 32.93282732447818, 32.928273244781785, 32.92409867172675, 32.928273244781785, 32.93244781783681, 32.93055028462998, 32.92903225806452, 32.932068311195444, 32.930929791271346, 32.928273244781785, 32.92713472485769, 32.92599620493359]",0.7227932859419249,0.6894281923458413,33,"[33, 33, 33, 33, 33, 33, 33, 33, 33, 33, 33, 33, 33, 33, 33, 33, 33, 33, 33, 33, 33, 33, 33, 33, 33, 33, 33, 33, 33, 33, 33, 33, 33, 33, 33, 33, 33, 33, 33, 33, 33, 33, 33, 33, 33, 33, 33, 33, 33, 33, 33, 33, 33, 33, 33]",55,"[0.4533293545246124, 0.41742050647735596, 0.40672534704208374, 0.4025470018386841, 0.40033799409866333, 0.398713618516922, 0.39747729897499084, 0.3963267505168915, 0.39527401328086853, 0.394313782453537, 0.39340418577194214, 0.3925018012523651, 0.3916621804237366, 0.3908414840698242, 0.3900620639324188, 0.38928714394569397, 0.3885436952114105, 0.38781797885894775, 0.387141615152359, 0.3865163028240204, 0.38589900732040405, 0.3852939307689667, 0.3846537470817566, 0.38409173488616943, 0.38352635502815247, 0.38300076127052307, 0.3824955224990845, 0.3819804787635803, 0.38151368498802185, 0.3810502886772156, 0.38057953119277954, 0.3801436722278595, 0.37976592779159546, 0.3794003427028656, 0.3790343999862671, 0.37863489985466003, 0.37823209166526794, 0.3778282403945923, 0.3774813413619995, 0.3771236836910248, 0.37677279114723206, 0.37644100189208984, 0.37614667415618896, 0.3758312165737152, 0.37557247281074524, 0.3753133714199066, 0.37504029273986816, 0.37474381923675537, 0.37441936135292053, 0.37412887811660767, 0.3738800287246704, 0.37362825870513916, 0.37335559725761414, 0.37312617897987366, 0.3728641867637634]",33.0,"[33.0, 33.0, 33.0, 33.0, 33.0, 33.0, 33.0, 33.0, 33.0, 33.0, 33.0, 33.0, 33.0, 33.0, 33.0, 33.0, 33.0, 33.0, 33.0, 33.0, 33.0, 33.0, 33.0, 33.0, 33.0, 33.0, 33.0, 33.0, 33.0, 33.0, 33.0, 33.0, 33.0, 33.0, 33.0, 33.0, 33.0, 33.0, 33.0, 33.0, 33.0, 33.0, 33.0, 33.0, 33.0, 33.0, 33.0, 33.0, 33.0, 33.0, 33.0, 33.0, 33.0, 33.0, 33.0]",COMPLETE
44,44,0.5,2024-08-31 01:46:14.954312,2024-08-31 01:47:28.135923,0 days 00:01:13.181611,1,1.9587370638729436,2,155,0.18712386443378576,53,0.002410468269795594,0.141,0.14125,0,"[0, 0, 0, 0, 0, 0, 0, 0, 0, 0, 0, 0, 0, 0, 0, 0, 0, 0, 0, 0, 0, 0, 0, 0, 0, 0, 0, 0, 0, 0, 0, 0, 0, 0, 0, 0, 0, 0, 0, 0, 0, 0, 0, 0, 0, 0, 0, 0, 0, 0, 0, 0, 0, 0, 0, 0, 0, 0, 0, 0, 0, 0, 0, 0, 0, 0, 0, 0, 0, 0, 0, 0, 0, 0, 0, 0, 0, 0, 0, 0, 0, 0, 0, 0, 0, 0, 0, 0, 0, 0, 0, 0, 0, 0, 0, 0, 0, 0, 0, 0, 0, 0, 0, 0, 0, 0, 0, 0, 0, 0, 0, 0, 0, 0, 0, 0, 0, 0, 0, 0, 0, 0, 0, 0, 0, 0, 0, 0, 0, 0, 0, 0, 0, 0, 0, 0, 0, 0, 0, 0, 0, 0, 0, 0, 0, 0, 0, 0, 0, 0, 0, 0, 0, 0, 0]",0.0,"[0.0, 0.0, 0.0, 0.0, 0.0, 0.0, 0.0, 0.0, 0.0, 0.0, 0.0, 0.0, 0.0, 0.0, 0.0, 0.0, 0.0, 0.0, 0.0, 0.0, 0.0, 0.0, 0.0, 0.0, 0.0, 0.0, 0.0, 0.0, 0.0, 0.0, 0.0, 0.0, 0.0, 0.0, 0.0, 0.0, 0.0, 0.0, 0.0, 0.0, 0.0, 0.0, 0.0, 0.0, 0.0, 0.0, 0.0, 0.0, 0.0, 0.0, 0.0, 0.0, 0.0, 0.0, 0.0, 0.0, 0.0, 0.0, 0.0, 0.0, 0.0, 0.0, 0.0, 0.0, 0.0, 0.0, 0.0, 0.0, 0.0, 0.0, 0.0, 0.0, 0.0, 0.0, 0.0, 0.0, 0.0, 0.0, 0.0, 0.0, 0.0, 0.0, 0.0, 0.0, 0.0, 0.0, 0.0, 0.0, 0.0, 0.0, 0.0, 0.0, 0.0, 0.0, 0.0, 0.0, 0.0, 0.0, 0.0, 0.0, 0.0, 0.0, 0.0, 0.0, 0.0, 0.0, 0.0, 0.0, 0.0, 0.0, 0.0, 0.0, 0.0, 0.0, 0.0, 0.0, 0.0, 0.0, 0.0, 0.0, 0.0, 0.0, 0.0, 0.0, 0.0, 0.0, 0.0, 0.0, 0.0, 0.0, 0.0, 0.0, 0.0, 0.0, 0.0, 0.0, 0.0, 0.0, 0.0, 0.0, 0.0, 0.0, 0.0, 0.0, 0.0, 0.0, 0.0, 0.0, 0.0, 0.0, 0.0, 0.0, 0.0, 0.0, 0.0]",0.5,0.5,0,"[0, 0, 0, 0, 0, 0, 0, 0, 0, 0, 0, 0, 0, 0, 0, 0, 0, 0, 0, 0, 0, 0, 0, 0, 0, 0, 0, 0, 0, 0, 0, 0, 0, 0, 0, 0, 0, 0, 0, 0, 0, 0, 0, 0, 0, 0, 0, 0, 0, 0, 0, 0, 0, 0, 0, 0, 0, 0, 0, 0, 0, 0, 0, 0, 0, 0, 0, 0, 0, 0, 0, 0, 0, 0, 0, 0, 0, 0, 0, 0, 0, 0, 0, 0, 0, 0, 0, 0, 0, 0, 0, 0, 0, 0, 0, 0, 0, 0, 0, 0, 0, 0, 0, 0, 0, 0, 0, 0, 0, 0, 0, 0, 0, 0, 0, 0, 0, 0, 0, 0, 0, 0, 0, 0, 0, 0, 0, 0, 0, 0, 0, 0, 0, 0, 0, 0, 0, 0, 0, 0, 0, 0, 0, 0, 0, 0, 0, 0, 0, 0, 0, 0, 0, 0, 0]",155,"[3.0330610275268555, 2.0703160762786865, 1.1119130849838257, 1.6546162366867065, 1.1322150230407715, 1.1911780834197998, 0.897919774055481, 5.1038289070129395, 0.7340065240859985, 2.0490660667419434, 2.2207252979278564, 2.720883369445801, 3.185398817062378, 2.817561149597168, 1.2721108198165894, 0.6389443874359131, 3.388820171356201, 6.17586612701416, 1.6772276163101196, 4.770925521850586, 6.582785129547119, 4.766889572143555, 3.3634233474731445, 3.877260684967041, 3.571716070175171, 3.870302200317383, 0.43692708015441895, 1.5838874578475952, 2.4450979232788086, 3.700573205947876, 2.440228223800659, 0.5679418444633484, 3.4267051219940186, 2.0428736209869385, 1.079827070236206, 0.7599169015884399, 5.590262413024902, 0.7323436141014099, 3.5119941234588623, 4.888717174530029, 4.042601585388184, 3.529477834701538, 0.4188276529312134, 6.082530498504639, 0.7276352643966675, 3.5481696128845215, 4.445278167724609, 0.4074437618255615, 1.4238064289093018, 5.0050201416015625, 3.8764095306396484, 1.9317986965179443, 4.014681816101074, 2.5880556106567383, 6.116239070892334, 1.1367939710617065, 3.9099600315093994, 0.5618635416030884, 0.8019421100616455, 5.251775741577148, 0.4877319633960724, 4.371176719665527, 1.1790893077850342, 4.785638809204102, 1.3302541971206665, 5.954670429229736, 5.944230556488037, 5.6457839012146, 4.619599342346191, 0.4796997010707855, 4.193545341491699, 1.232640027999878, 6.372967720031738, 0.6699270606040955, 1.0993448495864868, 4.3414998054504395, 2.0323405265808105, 1.8696539402008057, 3.4335849285125732, 4.786398410797119, 2.8955554962158203, 1.7219446897506714, 7.187374114990234, 4.660757064819336, 1.1189745664596558, 4.916543960571289, 4.722552299499512, 5.107212066650391, 0.4355744421482086, 0.7641688585281372, 3.8859505653381348, 3.7217633724212646, 3.402874231338501, 2.0691111087799072, 2.8800442218780518, 1.5422321557998657, 4.9068098068237305, 2.1504786014556885, 4.604075908660889, 4.80180025100708, 4.3164472579956055, 0.4554767906665802, 2.788193941116333, 1.5091862678527832, 4.0412702560424805, 0.9909012317657471, 2.154309034347534, 4.396914482116699, 5.658229827880859, 0.5459635257720947, 3.627394676208496, 3.8333303928375244, 1.974951982498169, 4.781250476837158, 4.1165771484375, 2.5973711013793945, 6.449300765991211, 0.7113094925880432, 4.864263534545898, 3.4492645263671875, 2.293914794921875, 3.4857306480407715, 1.9373924732208252, 5.57473087310791, 1.1443392038345337, 2.0731019973754883, 5.2772040367126465, 5.640316963195801, 0.41197773814201355, 0.42178109288215637, 3.839872360229492, 2.4920647144317627, 5.688594341278076, 1.3775811195373535, 4.9820966720581055, 5.231809616088867, 0.4903024435043335, 0.5190688967704773, 1.9718008041381836, 0.4189779758453369, 4.846108913421631, 0.6617076992988586, 1.6675324440002441, 3.8852787017822266, 0.42582088708877563, 3.483819007873535, 0.5561081171035767, 2.5337600708007812, 0.5170938968658447, 4.127159595489502, 3.3071258068084717, 2.966261386871338, 0.9159046411514282, 2.861830472946167, 0.7771963477134705]",0.0,"[0.0, 0.0, 0.0, 0.0, 0.0, 0.0, 0.0, 0.0, 0.0, 0.0, 0.0, 0.0, 0.0, 0.0, 0.0, 0.0, 0.0, 0.0, 0.0, 0.0, 0.0, 0.0, 0.0, 0.0, 0.0, 0.0, 0.0, 0.0, 0.0, 0.0, 0.0, 0.0, 0.0, 0.0, 0.0, 0.0, 0.0, 0.0, 0.0, 0.0, 0.0, 0.0, 0.0, 0.0, 0.0, 0.0, 0.0, 0.0, 0.0, 0.0, 0.0, 0.0, 0.0, 0.0, 0.0, 0.0, 0.0, 0.0, 0.0, 0.0, 0.0, 0.0, 0.0, 0.0, 0.0, 0.0, 0.0, 0.0, 0.0, 0.0, 0.0, 0.0, 0.0, 0.0, 0.0, 0.0, 0.0, 0.0, 0.0, 0.0, 0.0, 0.0, 0.0, 0.0, 0.0, 0.0, 0.0, 0.0, 0.0, 0.0, 0.0, 0.0, 0.0, 0.0, 0.0, 0.0, 0.0, 0.0, 0.0, 0.0, 0.0, 0.0, 0.0, 0.0, 0.0, 0.0, 0.0, 0.0, 0.0, 0.0, 0.0, 0.0, 0.0, 0.0, 0.0, 0.0, 0.0, 0.0, 0.0, 0.0, 0.0, 0.0, 0.0, 0.0, 0.0, 0.0, 0.0, 0.0, 0.0, 0.0, 0.0, 0.0, 0.0, 0.0, 0.0, 0.0, 0.0, 0.0, 0.0, 0.0, 0.0, 0.0, 0.0, 0.0, 0.0, 0.0, 0.0, 0.0, 0.0, 0.0, 0.0, 0.0, 0.0, 0.0, 0.0]",COMPLETE
