,number,value,datetime_start,datetime_complete,duration,params_batch_size_scaler,params_constant_learning_rate,params_depth,params_epochs,params_kernel_l2,params_num_trees,params_temperature,user_attrs_accuracy_test,user_attrs_accuracy_valid,user_attrs_approximate_feature_sparsity,user_attrs_approximate_feature_sparsity_history,user_attrs_approximate_weight_sparsity,user_attrs_approximate_weight_sparsity_history,user_attrs_auc_test,user_attrs_auc_valid,user_attrs_feature_sparsity,user_attrs_feature_sparsity_history,user_attrs_num_epochs,user_attrs_val_loss_history,user_attrs_weight_sparsity,user_attrs_weight_sparsity_history,state
93,93,0.5,2024-08-31 04:15:01.920757,2024-08-31 04:16:16.957801,0 days 00:01:15.037044,64,3.115909612699813,6,150,0.2846076615995198,17,0.00749906149337738,0.859,0.85875,0,"[33, 33, 33, 3, 1, 0, 0, 0, 0, 0, 0, 0, 0, 0, 0, 0, 0, 0, 0, 0, 0, 0, 0, 0, 0, 0, 0, 0, 0, 0, 0, 0, 0, 0, 0, 0, 0, 0, 0, 0, 0, 0, 0, 0, 0, 0, 0, 0, 0, 0, 0, 0, 0, 0, 0, 0, 0, 0, 0, 0, 0, 0, 0, 0, 0, 0, 0, 0, 0, 0, 0, 0, 0, 0, 0, 0, 0, 0, 0, 0, 0, 0, 0, 0, 0, 0, 0, 0, 0, 0, 0, 0, 0, 0, 0, 0, 0, 0, 0, 0, 0, 0, 0, 0, 0, 0, 0, 0, 0, 0, 0, 0, 0, 0, 0, 0, 0, 0, 0, 0, 0, 0, 0, 0, 0, 0, 0, 0, 0, 0, 0, 0, 0, 0, 0, 0, 0, 0, 0, 0, 0, 0, 0, 0, 0, 0, 0, 0, 0, 0]",0.0,"[32.9467787114846, 32.96078431372549, 32.95518207282913, 2.9981325863678805, 0.9971988795518207, 0.0, 0.0, 0.0, 0.0, 0.0, 0.0, 0.0, 0.0, 0.0, 0.0, 0.0, 0.0, 0.0, 0.0, 0.0, 0.0, 0.0, 0.0, 0.0, 0.0, 0.0, 0.0, 0.0, 0.0, 0.0, 0.0, 0.0, 0.0, 0.0, 0.0, 0.0, 0.0, 0.0, 0.0, 0.0, 0.0, 0.0, 0.0, 0.0, 0.0, 0.0, 0.0, 0.0, 0.0, 0.0, 0.0, 0.0, 0.0, 0.0, 0.0, 0.0, 0.0, 0.0, 0.0, 0.0, 0.0, 0.0, 0.0, 0.0, 0.0, 0.0, 0.0, 0.0, 0.0, 0.0, 0.0, 0.0, 0.0, 0.0, 0.0, 0.0, 0.0, 0.0, 0.0, 0.0, 0.0, 0.0, 0.0, 0.0, 0.0, 0.0, 0.0, 0.0, 0.0, 0.0, 0.0, 0.0, 0.0, 0.0, 0.0, 0.0, 0.0, 0.0, 0.0, 0.0, 0.0, 0.0, 0.0, 0.0, 0.0, 0.0, 0.0, 0.0, 0.0, 0.0, 0.0, 0.0, 0.0, 0.0, 0.0, 0.0, 0.0, 0.0, 0.0, 0.0, 0.0, 0.0, 0.0, 0.0, 0.0, 0.0, 0.0, 0.0, 0.0, 0.0, 0.0, 0.0, 0.0, 0.0, 0.0, 0.0, 0.0, 0.0, 0.0, 0.0, 0.0, 0.0, 0.0, 0.0, 0.0, 0.0, 0.0, 0.0, 0.0, 0.0]",0.5,0.5,0,"[33, 33, 33, 3, 1, 0, 0, 0, 0, 0, 0, 0, 0, 0, 0, 0, 0, 0, 0, 0, 0, 0, 0, 0, 0, 0, 0, 0, 0, 0, 0, 0, 0, 0, 0, 0, 0, 0, 0, 0, 0, 0, 0, 0, 0, 0, 0, 0, 0, 0, 0, 0, 0, 0, 0, 0, 0, 0, 0, 0, 0, 0, 0, 0, 0, 0, 0, 0, 0, 0, 0, 0, 0, 0, 0, 0, 0, 0, 0, 0, 0, 0, 0, 0, 0, 0, 0, 0, 0, 0, 0, 0, 0, 0, 0, 0, 0, 0, 0, 0, 0, 0, 0, 0, 0, 0, 0, 0, 0, 0, 0, 0, 0, 0, 0, 0, 0, 0, 0, 0, 0, 0, 0, 0, 0, 0, 0, 0, 0, 0, 0, 0, 0, 0, 0, 0, 0, 0, 0, 0, 0, 0, 0, 0, 0, 0, 0, 0, 0, 0]",150,"[0.40952175855636597, 0.39674559235572815, 0.3902188539505005, 0.38688984513282776, 0.39955946803092957, 0.41881510615348816, 0.4091814458370209, 0.40765121579170227, 0.4083632528781891, 0.40731483697891235, 0.40729689598083496, 0.4072301983833313, 0.4073825776576996, 0.4072458744049072, 0.4072279632091522, 0.4074600338935852, 0.40725186467170715, 0.40743473172187805, 0.4072495400905609, 0.4072328805923462, 0.40758946537971497, 0.4074314832687378, 0.40751034021377563, 0.40723076462745667, 0.40733733773231506, 0.4072742760181427, 0.407255619764328, 0.40730980038642883, 0.4072810709476471, 0.4072709381580353, 0.40723761916160583, 0.4075847268104553, 0.40739431977272034, 0.4072962701320648, 0.40763238072395325, 0.40749862790107727, 0.40747135877609253, 0.40739622712135315, 0.40728187561035156, 0.40722692012786865, 0.4072951376438141, 0.40724143385887146, 0.4080284833908081, 0.40786322951316833, 0.4074285626411438, 0.40729373693466187, 0.4076204001903534, 0.4072772264480591, 0.40788230299949646, 0.4076574742794037, 0.40724754333496094, 0.4073035418987274, 0.40737006068229675, 0.4073368310928345, 0.4072265625, 0.4072376489639282, 0.4072374105453491, 0.40779411792755127, 0.4072394073009491, 0.4073420763015747, 0.40757155418395996, 0.4072330594062805, 0.4073198735713959, 0.4072486162185669, 0.40738311409950256, 0.4075774848461151, 0.4076475501060486, 0.4073287546634674, 0.40726006031036377, 0.40746986865997314, 0.4074666500091553, 0.4073440432548523, 0.4073524475097656, 0.40722694993019104, 0.4072442650794983, 0.40746551752090454, 0.40747442841529846, 0.4075706899166107, 0.4072360694408417, 0.407370388507843, 0.4074358344078064, 0.40722641348838806, 0.4076945185661316, 0.40737318992614746, 0.4074726104736328, 0.4079531133174896, 0.40850603580474854, 0.4074883759021759, 0.40724846720695496, 0.4078764319419861, 0.40768975019454956, 0.4073735773563385, 0.40729087591171265, 0.40743184089660645, 0.4072430431842804, 0.40789657831192017, 0.4075295925140381, 0.40778881311416626, 0.407247930765152, 0.4072391390800476, 0.40755629539489746, 0.40723052620887756, 0.40811142325401306, 0.4072685241699219, 0.4076259136199951, 0.40771448612213135, 0.4072657525539398, 0.4073025584220886, 0.4075063467025757, 0.40747034549713135, 0.4074501097202301, 0.4073082208633423, 0.40811097621917725, 0.40763840079307556, 0.4072518050670624, 0.40731456875801086, 0.40722617506980896, 0.4074512720108032, 0.4072703421115875, 0.40723082423210144, 0.4078739285469055, 0.4074547290802002, 0.40726202726364136, 0.4073360860347748, 0.4073423743247986, 0.40722790360450745, 0.40725472569465637, 0.4072389304637909, 0.4073091745376587, 0.40789034962654114, 0.4077375531196594, 0.40725600719451904, 0.4073418378829956, 0.4078768789768219, 0.407342791557312, 0.407283216714859, 0.40741145610809326, 0.40730953216552734, 0.40744996070861816, 0.40742409229278564, 0.40727466344833374, 0.40729764103889465, 0.40726229548454285, 0.4072747826576233, 0.40733760595321655, 0.40732550621032715, 0.40731990337371826, 0.4073256552219391, 0.40722957253456116, 0.407228022813797]",0.0,"[33.0, 33.0, 33.0, 3.0, 1.0, 0.0, 0.0, 0.0, 0.0, 0.0, 0.0, 0.0, 0.0, 0.0, 0.0, 0.0, 0.0, 0.0, 0.0, 0.0, 0.0, 0.0, 0.0, 0.0, 0.0, 0.0, 0.0, 0.0, 0.0, 0.0, 0.0, 0.0, 0.0, 0.0, 0.0, 0.0, 0.0, 0.0, 0.0, 0.0, 0.0, 0.0, 0.0, 0.0, 0.0, 0.0, 0.0, 0.0, 0.0, 0.0, 0.0, 0.0, 0.0, 0.0, 0.0, 0.0, 0.0, 0.0, 0.0, 0.0, 0.0, 0.0, 0.0, 0.0, 0.0, 0.0, 0.0, 0.0, 0.0, 0.0, 0.0, 0.0, 0.0, 0.0, 0.0, 0.0, 0.0, 0.0, 0.0, 0.0, 0.0, 0.0, 0.0, 0.0, 0.0, 0.0, 0.0, 0.0, 0.0, 0.0, 0.0, 0.0, 0.0, 0.0, 0.0, 0.0, 0.0, 0.0, 0.0, 0.0, 0.0, 0.0, 0.0, 0.0, 0.0, 0.0, 0.0, 0.0, 0.0, 0.0, 0.0, 0.0, 0.0, 0.0, 0.0, 0.0, 0.0, 0.0, 0.0, 0.0, 0.0, 0.0, 0.0, 0.0, 0.0, 0.0, 0.0, 0.0, 0.0, 0.0, 0.0, 0.0, 0.0, 0.0, 0.0, 0.0, 0.0, 0.0, 0.0, 0.0, 0.0, 0.0, 0.0, 0.0, 0.0, 0.0, 0.0, 0.0, 0.0, 0.0]",COMPLETE
94,94,0.9319601705504243,2024-08-31 04:16:18.781438,2024-08-31 04:16:32.296473,0 days 00:00:13.515035,16,2.4172448554357455,2,130,0.08165113825432366,97,0.000350070017255656,0.95,0.94875,18,"[33, 33, 33, 33, 33, 33, 33, 33, 33, 33, 33, 33, 33, 33, 33, 32, 31, 29, 29, 29, 28, 28, 28, 28, 27, 27, 27, 27, 26, 25, 24, 24, 24, 24, 24, 24, 24, 24, 23, 23, 21, 21, 21, 21, 21, 21, 21, 21, 21, 21, 21, 20, 20, 20, 20, 20, 20, 20, 20, 20, 20, 20, 20, 20, 20, 20, 20, 20, 20, 20, 20, 20, 20, 20, 20, 20, 20, 20, 20, 20, 20, 20, 20, 20, 20, 18, 18, 18, 18, 18, 18, 18, 18, 18, 18, 18, 18, 18, 18, 18, 18, 18, 18, 18, 18, 18, 18, 18, 18, 18, 18, 18, 18, 18, 18, 18, 18, 18, 18, 18, 18, 18, 18, 18, 18, 18, 18, 18, 18, 18]",17.969072164948454,"[32.98969072164948, 32.98281786941581, 32.98969072164948, 32.97594501718213, 32.97938144329897, 32.96907216494846, 32.96219931271477, 32.97250859106529, 32.98281786941581, 32.96907216494846, 32.965635738831615, 32.97250859106529, 32.97250859106529, 32.98281786941581, 32.97594501718213, 31.972508591065292, 30.982817869415808, 28.97594501718213, 28.97594501718213, 28.986254295532646, 27.972508591065292, 27.97594501718213, 27.993127147766323, 27.982817869415808, 26.989690721649485, 26.989690721649485, 26.986254295532646, 26.972508591065292, 25.972508591065292, 24.972508591065292, 23.989690721649485, 23.989690721649485, 23.993127147766323, 23.965635738831615, 23.97938144329897, 23.97594501718213, 23.962199312714777, 23.962199312714777, 22.969072164948454, 22.965635738831615, 20.97594501718213, 20.99656357388316, 20.982817869415808, 20.97594501718213, 20.97938144329897, 20.97594501718213, 20.972508591065292, 20.969072164948454, 20.97938144329897, 20.97938144329897, 20.97938144329897, 19.972508591065292, 19.972508591065292, 19.982817869415808, 19.97594501718213, 19.986254295532646, 19.982817869415808, 19.986254295532646, 19.962199312714777, 19.989690721649485, 19.97938144329897, 19.972508591065292, 19.982817869415808, 19.972508591065292, 19.97594501718213, 19.97938144329897, 19.97594501718213, 19.982817869415808, 19.986254295532646, 19.969072164948454, 19.972508591065292, 19.986254295532646, 19.97594501718213, 19.962199312714777, 19.965635738831615, 19.982817869415808, 19.97938144329897, 19.97938144329897, 19.972508591065292, 19.982817869415808, 19.97938144329897, 19.97594501718213, 19.97938144329897, 19.97594501718213, 19.982817869415808, 17.97594501718213, 17.972508591065292, 17.986254295532646, 17.972508591065292, 17.97938144329897, 17.97594501718213, 17.989690721649485, 17.986254295532646, 17.97938144329897, 17.969072164948454, 17.982817869415808, 17.97938144329897, 17.97938144329897, 17.962199312714777, 17.965635738831615, 17.9553264604811, 17.97594501718213, 17.97594501718213, 17.97938144329897, 17.962199312714777, 17.97938144329897, 17.972508591065292, 17.982817869415808, 17.97938144329897, 17.972508591065292, 17.962199312714777, 17.95876288659794, 17.9553264604811, 17.962199312714777, 17.969072164948454, 17.972508591065292, 17.972508591065292, 17.97938144329897, 17.965635738831615, 17.962199312714777, 17.948453608247423, 17.97594501718213, 17.9553264604811, 17.948453608247423, 17.962199312714777, 17.95876288659794, 17.9553264604811, 17.9553264604811, 17.95189003436426, 17.969072164948454]",0.9214821786837738,0.9319601705504243,18,"[33, 33, 33, 33, 33, 33, 33, 33, 33, 33, 33, 33, 33, 33, 33, 32, 31, 29, 29, 29, 28, 28, 28, 28, 27, 27, 27, 27, 26, 25, 24, 24, 24, 24, 24, 24, 24, 24, 23, 23, 21, 21, 21, 21, 21, 21, 21, 21, 21, 21, 21, 20, 20, 20, 20, 20, 20, 20, 20, 20, 20, 20, 20, 20, 20, 20, 20, 20, 20, 20, 20, 20, 20, 20, 20, 20, 20, 20, 20, 20, 20, 20, 20, 20, 20, 18, 18, 18, 18, 18, 18, 18, 18, 18, 18, 18, 18, 18, 18, 18, 18, 18, 18, 18, 18, 18, 18, 18, 18, 18, 18, 18, 18, 18, 18, 18, 18, 18, 18, 18, 18, 18, 18, 18, 18, 18, 18, 18, 18, 18]",130,"[3.349641799926758, 2.1902360916137695, 3.443981647491455, 1.8049813508987427, 1.4394903182983398, 7.4463582038879395, 2.7491044998168945, 1.5960464477539062, 9.900640487670898, 6.259927272796631, 1.6025081872940063, 0.7899132370948792, 1.8397750854492188, 2.4641764163970947, 0.36673563718795776, 1.1956536769866943, 0.42916232347488403, 0.37915629148483276, 1.3436955213546753, 0.4721898138523102, 0.617104172706604, 0.43607452511787415, 0.483785480260849, 2.731710195541382, 4.036190986633301, 0.43573033809661865, 0.3270373046398163, 1.3215664625167847, 0.498699426651001, 5.305234432220459, 0.8078196048736572, 0.5456224679946899, 0.4718397855758667, 3.6096835136413574, 6.581155776977539, 1.13832426071167, 0.4289608299732208, 0.406345009803772, 0.3851023018360138, 0.3539554476737976, 0.5330685973167419, 0.4371541142463684, 1.389205813407898, 0.688824474811554, 0.3380681574344635, 0.6330737471580505, 0.5750292539596558, 0.5690271258354187, 2.3219752311706543, 0.39879441261291504, 1.4814337491989136, 0.30300894379615784, 0.6108978986740112, 1.23004150390625, 0.4489399790763855, 0.6589813232421875, 0.7909177541732788, 1.1063920259475708, 0.5218327045440674, 0.41189536452293396, 0.3554108440876007, 0.33323168754577637, 1.0182768106460571, 5.023727893829346, 0.31634294986724854, 0.5137439966201782, 0.6697551012039185, 0.3640097677707672, 0.47345638275146484, 0.6538927555084229, 0.3460392653942108, 1.15501070022583, 1.6352810859680176, 0.3665677011013031, 0.5676405429840088, 0.9079976677894592, 1.2941814661026, 0.7825639843940735, 0.33703479170799255, 7.4122209548950195, 0.36719828844070435, 0.6151578426361084, 0.5639632940292358, 1.6088981628417969, 0.4177103042602539, 1.2249667644500732, 1.3061028718948364, 1.4082428216934204, 1.1114898920059204, 2.0103981494903564, 0.5066516399383545, 0.3800121545791626, 0.46728962659835815, 0.8893164992332458, 0.4919046461582184, 0.2884282171726227, 1.4011969566345215, 1.1917763948440552, 0.3906090259552002, 0.8414319753646851, 0.4045470356941223, 0.5429214239120483, 0.35790106654167175, 0.46997177600860596, 0.7409488558769226, 0.2764260470867157, 0.37407952547073364, 1.5535529851913452, 0.3349665105342865, 6.83132266998291, 0.36158180236816406, 0.3099522292613983, 0.2932848334312439, 0.4025838077068329, 0.3431084156036377, 0.4284774661064148, 0.8316714763641357, 0.47802191972732544, 0.29072827100753784, 0.7404258847236633, 1.0470185279846191, 3.544999599456787, 1.320693016052246, 0.3844268321990967, 0.3918922543525696, 0.544918954372406, 0.31406474113464355, 2.703537940979004, 0.37856072187423706, 0.3264431059360504]",18.0,"[33.0, 33.0, 33.0, 33.0, 33.0, 33.0, 33.0, 33.0, 33.0, 33.0, 33.0, 33.0, 33.0, 33.0, 33.0, 32.0, 31.0, 29.0, 29.0, 29.0, 28.0, 28.0, 28.0, 28.0, 27.0, 27.0, 27.0, 27.0, 26.0, 25.0, 24.0, 24.0, 24.0, 24.0, 24.0, 24.0, 24.0, 24.0, 23.0, 23.0, 21.0, 21.0, 21.0, 21.0, 21.0, 21.0, 21.0, 21.0, 21.0, 21.0, 21.0, 20.0, 20.0, 20.0, 20.0, 20.0, 20.0, 20.0, 20.0, 20.0, 20.0, 20.0, 20.0, 20.0, 20.0, 20.0, 20.0, 20.0, 20.0, 20.0, 20.0, 20.0, 20.0, 20.0, 20.0, 20.0, 20.0, 20.0, 20.0, 20.0, 20.0, 20.0, 20.0, 20.0, 20.0, 18.0, 18.0, 18.0, 18.0, 18.0, 18.0, 18.0, 18.0, 18.0, 18.0, 18.0, 18.0, 18.0, 18.0, 18.0, 18.0, 18.0, 18.0, 18.0, 18.0, 18.0, 18.0, 18.0, 18.0, 18.0, 18.0, 18.0, 18.0, 18.0, 18.0, 18.0, 18.0, 18.0, 18.0, 18.0, 18.0, 18.0, 18.0, 18.0, 18.0, 18.0, 18.0, 18.0, 18.0, 18.0]",COMPLETE
95,95,0.7560768249797117,2024-08-31 04:16:32.299664,2024-08-31 04:16:40.216439,0 days 00:00:07.916775,4,0.058062721309126514,3,20,0.0012652181945566286,53,0.0002951789870257846,0.881,0.875,33,"[33, 33, 33, 33, 33, 33, 33, 33, 33, 33, 33, 33, 33, 33, 33, 33, 33, 33, 33, 33]",32.97574123989219,"[32.9811320754717, 32.97035040431267, 32.97304582210242, 32.96495956873315, 32.95956873315364, 32.96765498652291, 32.98382749326146, 32.9622641509434, 32.96765498652291, 32.97304582210242, 32.96765498652291, 32.97304582210242, 32.96765498652291, 32.9811320754717, 32.97574123989218, 32.97843665768194, 32.97574123989218, 32.9622641509434, 32.9811320754717, 32.97574123989219]",0.7867304056341284,0.7560768249797117,33,"[33, 33, 33, 33, 33, 33, 33, 33, 33, 33, 33, 33, 33, 33, 33, 33, 33, 33, 33, 33]",20,"[0.3967643082141876, 0.38640862703323364, 0.37966781854629517, 0.37498465180397034, 0.3714344799518585, 0.3694610297679901, 0.36609843373298645, 0.3640492260456085, 0.3617958724498749, 0.3606746792793274, 0.3583185076713562, 0.3562149107456207, 0.35432133078575134, 0.3528331518173218, 0.3510606288909912, 0.3490379750728607, 0.34738999605178833, 0.3453517556190491, 0.3435911238193512, 0.3420870900154114]",33.0,"[33.0, 33.0, 33.0, 33.0, 33.0, 33.0, 33.0, 33.0, 33.0, 33.0, 33.0, 33.0, 33.0, 33.0, 33.0, 33.0, 33.0, 33.0, 33.0, 33.0]",COMPLETE
96,96,0.5,2024-08-31 04:16:42.087807,2024-08-31 04:17:00.071182,0 days 00:00:17.983375,64,2.0411258497702027,4,175,0.8245967035938797,4,0.016598173981324984,0.859,0.85875,0,"[22, 0, 0, 0, 0, 0, 0, 0, 0, 0, 0, 0, 0, 0, 0, 0, 0, 0, 0, 0, 0, 0, 0, 0, 0, 0, 0, 0, 0, 0, 0, 0, 0, 0, 0, 0, 0, 0, 0, 0, 0, 0, 0, 0, 0, 0, 0, 0, 0, 0, 0, 0, 0, 0, 0, 0, 0, 0, 0, 0, 0, 0, 0, 0, 0, 0, 0, 0, 0, 0, 0, 0, 0, 0, 0, 0, 0, 0, 0, 0, 0, 0, 0, 0, 0, 0, 0, 0, 0, 0, 0, 0, 0, 0, 0, 0, 0, 0, 0, 0, 0, 0, 0, 0, 0, 0, 0, 0, 0, 0, 0, 0, 0, 0, 0, 0, 0, 0, 0, 0, 0, 0, 0, 0, 0, 0, 0, 0, 0, 0, 0, 0, 0, 0, 0, 0, 0, 0, 0, 0, 0, 0, 0, 0, 0, 0, 0, 0, 0, 0, 0, 0, 0, 0, 0, 0, 0, 0, 0, 0, 0, 0, 0, 0, 0, 0, 0, 0, 0, 0, 0, 0, 0, 0, 0]",0.0,"[22.0, 0.0, 0.0, 0.0, 0.0, 0.0, 0.0, 0.0, 0.0, 0.0, 0.0, 0.0, 0.0, 0.0, 0.0, 0.0, 0.0, 0.0, 0.0, 0.0, 0.0, 0.0, 0.0, 0.0, 0.0, 0.0, 0.0, 0.0, 0.0, 0.0, 0.0, 0.0, 0.0, 0.0, 0.0, 0.0, 0.0, 0.0, 0.0, 0.0, 0.0, 0.0, 0.0, 0.0, 0.0, 0.0, 0.0, 0.0, 0.0, 0.0, 0.0, 0.0, 0.0, 0.0, 0.0, 0.0, 0.0, 0.0, 0.0, 0.0, 0.0, 0.0, 0.0, 0.0, 0.0, 0.0, 0.0, 0.0, 0.0, 0.0, 0.0, 0.0, 0.0, 0.0, 0.0, 0.0, 0.0, 0.0, 0.0, 0.0, 0.0, 0.0, 0.0, 0.0, 0.0, 0.0, 0.0, 0.0, 0.0, 0.0, 0.0, 0.0, 0.0, 0.0, 0.0, 0.0, 0.0, 0.0, 0.0, 0.0, 0.0, 0.0, 0.0, 0.0, 0.0, 0.0, 0.0, 0.0, 0.0, 0.0, 0.0, 0.0, 0.0, 0.0, 0.0, 0.0, 0.0, 0.0, 0.0, 0.0, 0.0, 0.0, 0.0, 0.0, 0.0, 0.0, 0.0, 0.0, 0.0, 0.0, 0.0, 0.0, 0.0, 0.0, 0.0, 0.0, 0.0, 0.0, 0.0, 0.0, 0.0, 0.0, 0.0, 0.0, 0.0, 0.0, 0.0, 0.0, 0.0, 0.0, 0.0, 0.0, 0.0, 0.0, 0.0, 0.0, 0.0, 0.0, 0.0, 0.0, 0.0, 0.0, 0.0, 0.0, 0.0, 0.0, 0.0, 0.0, 0.0, 0.0, 0.0, 0.0, 0.0, 0.0, 0.0]",0.5,0.5,0,"[22, 0, 0, 0, 0, 0, 0, 0, 0, 0, 0, 0, 0, 0, 0, 0, 0, 0, 0, 0, 0, 0, 0, 0, 0, 0, 0, 0, 0, 0, 0, 0, 0, 0, 0, 0, 0, 0, 0, 0, 0, 0, 0, 0, 0, 0, 0, 0, 0, 0, 0, 0, 0, 0, 0, 0, 0, 0, 0, 0, 0, 0, 0, 0, 0, 0, 0, 0, 0, 0, 0, 0, 0, 0, 0, 0, 0, 0, 0, 0, 0, 0, 0, 0, 0, 0, 0, 0, 0, 0, 0, 0, 0, 0, 0, 0, 0, 0, 0, 0, 0, 0, 0, 0, 0, 0, 0, 0, 0, 0, 0, 0, 0, 0, 0, 0, 0, 0, 0, 0, 0, 0, 0, 0, 0, 0, 0, 0, 0, 0, 0, 0, 0, 0, 0, 0, 0, 0, 0, 0, 0, 0, 0, 0, 0, 0, 0, 0, 0, 0, 0, 0, 0, 0, 0, 0, 0, 0, 0, 0, 0, 0, 0, 0, 0, 0, 0, 0, 0, 0, 0, 0, 0, 0, 0]",175,"[0.6777853965759277, 0.4245851933956146, 0.4098297953605652, 0.40782517194747925, 0.40732014179229736, 0.40722984075546265, 0.4072326719760895, 0.4072299599647522, 0.4072847068309784, 0.4074386656284332, 0.40733131766319275, 0.40727460384368896, 0.4074474275112152, 0.4073683023452759, 0.4072522819042206, 0.40746915340423584, 0.4072437286376953, 0.40727755427360535, 0.40726906061172485, 0.4072856903076172, 0.40724700689315796, 0.4072515070438385, 0.40723252296447754, 0.4072520136833191, 0.40732285380363464, 0.40725722908973694, 0.40729454159736633, 0.4072493016719818, 0.40722978115081787, 0.4072715640068054, 0.40722885727882385, 0.4072283208370209, 0.4072326421737671, 0.40736401081085205, 0.4074713885784149, 0.4072349965572357, 0.40735650062561035, 0.40729251503944397, 0.40730926394462585, 0.40726739168167114, 0.40722793340682983, 0.4073409140110016, 0.40725433826446533, 0.4072718322277069, 0.4072856903076172, 0.4072396755218506, 0.407359778881073, 0.4072452187538147, 0.407497376203537, 0.40722915530204773, 0.4077644646167755, 0.4075375497341156, 0.4072280824184418, 0.4074167013168335, 0.40728846192359924, 0.40733376145362854, 0.40729349851608276, 0.40729081630706787, 0.4078892469406128, 0.4076186716556549, 0.4078572988510132, 0.4072493314743042, 0.4072500169277191, 0.4072359502315521, 0.40723732113838196, 0.40723395347595215, 0.407349556684494, 0.4072301387786865, 0.40742501616477966, 0.4072812795639038, 0.4072502553462982, 0.4075202941894531, 0.4073087275028229, 0.40747591853141785, 0.40722620487213135, 0.4072888493537903, 0.40723979473114014, 0.4072344899177551, 0.4072910249233246, 0.4073883891105652, 0.40740764141082764, 0.4072265326976776, 0.4072476625442505, 0.40724602341651917, 0.40761467814445496, 0.4074252247810364, 0.4076407253742218, 0.4073658883571625, 0.40740230679512024, 0.4072270691394806, 0.40725669264793396, 0.4073450565338135, 0.4072338044643402, 0.40724045038223267, 0.4072393476963043, 0.4072386920452118, 0.40722864866256714, 0.40722712874412537, 0.4072994589805603, 0.4073079824447632, 0.4073152244091034, 0.4080663323402405, 0.40734443068504333, 0.40740692615509033, 0.40739917755126953, 0.4073050022125244, 0.407319039106369, 0.4072292447090149, 0.4074065387248993, 0.40769729018211365, 0.4075746238231659, 0.40736153721809387, 0.4073743522167206, 0.40723878145217896, 0.40725234150886536, 0.40745067596435547, 0.4072341024875641, 0.40747421979904175, 0.4072915315628052, 0.40728962421417236, 0.4072379171848297, 0.4072692096233368, 0.40727683901786804, 0.4072346091270447, 0.407227098941803, 0.407235711812973, 0.40731117129325867, 0.4073958098888397, 0.40728744864463806, 0.40724432468414307, 0.4072847068309784, 0.4072783589363098, 0.4072602093219757, 0.40740159153938293, 0.40735098719596863, 0.40728700160980225, 0.40729889273643494, 0.40734368562698364, 0.4074462056159973, 0.4074626863002777, 0.4073256552219391, 0.40763458609580994, 0.40735924243927, 0.40727993845939636, 0.40724971890449524, 0.4072262644767761, 0.4072921872138977, 0.40734976530075073, 0.407234787940979, 0.40726691484451294, 0.4072309136390686, 0.4073551893234253, 0.4072272479534149, 0.40726256370544434, 0.4072449505329132, 0.40730762481689453, 0.40742066502571106, 0.4073408842086792, 0.40728485584259033, 0.4072895050048828, 0.4073241949081421, 0.40737012028694153, 0.40727218985557556, 0.40726524591445923, 0.4072296619415283, 0.40730053186416626, 0.4072377681732178, 0.40725287795066833, 0.4072830080986023, 0.4072566330432892, 0.40723922848701477, 0.40723443031311035, 0.4072469472885132, 0.4072427451610565, 0.40731582045555115]",0.0,"[22.0, 0.0, 0.0, 0.0, 0.0, 0.0, 0.0, 0.0, 0.0, 0.0, 0.0, 0.0, 0.0, 0.0, 0.0, 0.0, 0.0, 0.0, 0.0, 0.0, 0.0, 0.0, 0.0, 0.0, 0.0, 0.0, 0.0, 0.0, 0.0, 0.0, 0.0, 0.0, 0.0, 0.0, 0.0, 0.0, 0.0, 0.0, 0.0, 0.0, 0.0, 0.0, 0.0, 0.0, 0.0, 0.0, 0.0, 0.0, 0.0, 0.0, 0.0, 0.0, 0.0, 0.0, 0.0, 0.0, 0.0, 0.0, 0.0, 0.0, 0.0, 0.0, 0.0, 0.0, 0.0, 0.0, 0.0, 0.0, 0.0, 0.0, 0.0, 0.0, 0.0, 0.0, 0.0, 0.0, 0.0, 0.0, 0.0, 0.0, 0.0, 0.0, 0.0, 0.0, 0.0, 0.0, 0.0, 0.0, 0.0, 0.0, 0.0, 0.0, 0.0, 0.0, 0.0, 0.0, 0.0, 0.0, 0.0, 0.0, 0.0, 0.0, 0.0, 0.0, 0.0, 0.0, 0.0, 0.0, 0.0, 0.0, 0.0, 0.0, 0.0, 0.0, 0.0, 0.0, 0.0, 0.0, 0.0, 0.0, 0.0, 0.0, 0.0, 0.0, 0.0, 0.0, 0.0, 0.0, 0.0, 0.0, 0.0, 0.0, 0.0, 0.0, 0.0, 0.0, 0.0, 0.0, 0.0, 0.0, 0.0, 0.0, 0.0, 0.0, 0.0, 0.0, 0.0, 0.0, 0.0, 0.0, 0.0, 0.0, 0.0, 0.0, 0.0, 0.0, 0.0, 0.0, 0.0, 0.0, 0.0, 0.0, 0.0, 0.0, 0.0, 0.0, 0.0, 0.0, 0.0, 0.0, 0.0, 0.0, 0.0, 0.0, 0.0]",COMPLETE
