,number,value,datetime_start,datetime_complete,duration,params_batch_size_scaler,params_constant_learning_rate,params_depth,params_epochs,params_kernel_l2,params_num_trees,params_temperature,user_attrs_accuracy_test,user_attrs_accuracy_valid,user_attrs_approximate_feature_sparsity,user_attrs_approximate_feature_sparsity_history,user_attrs_approximate_weight_sparsity,user_attrs_approximate_weight_sparsity_history,user_attrs_auc_test,user_attrs_auc_valid,user_attrs_feature_sparsity,user_attrs_feature_sparsity_history,user_attrs_num_epochs,user_attrs_val_loss_history,user_attrs_weight_sparsity,user_attrs_weight_sparsity_history,state
64,64,0.8374360757944634,2024-08-31 02:50:37.954873,2024-08-31 02:58:10.166058,0 days 00:07:32.211185,1,1.0364716117167296,4,355,0.0013753312097567387,13,0.0024525371784859394,0.891,0.88375,4,"[6, 4, 4, 4, 4, 4, 4, 4, 4, 4, 4, 4, 4, 4, 4, 4, 4, 4, 4, 4, 4, 4, 4, 4, 4, 4, 4, 4, 4, 4, 4, 4, 4, 4, 4, 4, 4, 4, 4, 4, 4, 4, 4, 4, 4, 4, 4, 4, 4, 4, 4, 4, 4, 4, 4, 4, 4, 4, 4, 4, 4, 4, 4, 4, 4, 4, 4, 4, 4, 4, 4, 4, 4, 4, 4, 4, 4, 4, 4, 4, 4, 4, 4, 4, 4, 4, 4, 4, 4, 4, 4, 4, 4, 4, 4, 4, 4, 4, 4, 4, 4, 4, 4, 4, 4, 4, 4, 4, 4, 4, 4, 4, 4, 4, 4, 4, 4, 4, 4, 4, 4, 4, 4, 4, 4, 4, 4, 4, 4, 4, 4, 4, 4, 4, 4, 4, 4, 4, 4, 4, 4, 4, 4, 4, 4, 4, 4, 4, 4, 4, 4, 4, 4, 4, 4, 4, 4, 4, 4, 4, 4, 4, 4, 4, 4, 4, 4, 4, 4, 4, 4, 4, 4, 4, 4, 4, 4, 4, 4, 4, 4, 4, 4, 4, 4, 4, 4, 4, 4, 4, 4, 4, 4, 4, 4, 4, 4, 4, 4, 4, 4, 4, 4, 4, 4, 4, 4, 4, 4, 4, 4, 4, 4, 4, 4, 4, 4, 4, 4, 4, 4, 4, 4, 4, 4, 4, 4, 4, 4, 4, 4, 4, 4, 4, 4, 4, 4, 4, 4, 4, 4, 4, 4, 4, 4, 4, 4, 4, 4, 4, 4, 4, 4, 4, 4, 4, 4, 4, 4, 4, 4, 4, 4, 4, 4, 4, 4, 4, 4, 4, 4, 4, 4, 4, 4, 4, 4, 4, 4, 4, 4, 4, 4, 4, 4, 4, 4, 4, 4, 4, 4, 4, 4, 4, 4, 4, 4, 4, 4, 4, 4, 4, 4, 4, 4, 4, 4, 4, 4, 4, 4, 4, 4, 4, 4, 4, 4, 4, 4, 4, 4, 4, 4, 4, 4, 4, 4, 4, 4, 4, 4, 4, 4, 4, 4, 4, 4, 4, 4, 4, 4, 4, 4, 4, 4, 4, 4, 4, 4, 4, 4, 4, 4, 4, 4]",4.0,"[6.0, 4.0, 4.0, 4.0, 3.98974358974359, 4.0, 4.0, 3.994871794871795, 4.0, 4.0, 4.0, 4.0, 4.0, 4.0, 3.994871794871795, 4.0, 4.0, 4.0, 4.0, 4.0, 4.0, 3.98974358974359, 4.0, 4.0, 4.0, 4.0, 4.0, 4.0, 4.0, 4.0, 3.994871794871795, 4.0, 4.0, 4.0, 4.0, 3.994871794871795, 4.0, 4.0, 4.0, 3.994871794871795, 4.0, 3.994871794871795, 4.0, 4.0, 4.0, 4.0, 3.994871794871795, 4.0, 3.98974358974359, 3.98974358974359, 3.994871794871795, 4.0, 3.994871794871795, 4.0, 3.994871794871795, 4.0, 3.994871794871795, 4.0, 3.994871794871795, 4.0, 4.0, 4.0, 4.0, 3.994871794871795, 4.0, 3.994871794871795, 4.0, 3.994871794871795, 3.994871794871795, 4.0, 3.994871794871795, 4.0, 4.0, 3.994871794871795, 4.0, 4.0, 3.994871794871795, 4.0, 3.9846153846153847, 4.0, 3.994871794871795, 4.0, 4.0, 4.0, 4.0, 4.0, 4.0, 4.0, 4.0, 4.0, 4.0, 4.0, 4.0, 4.0, 4.0, 4.0, 3.994871794871795, 4.0, 4.0, 4.0, 4.0, 3.994871794871795, 3.994871794871795, 4.0, 4.0, 4.0, 4.0, 3.994871794871795, 4.0, 4.0, 4.0, 4.0, 4.0, 3.994871794871795, 4.0, 4.0, 4.0, 4.0, 4.0, 4.0, 4.0, 4.0, 4.0, 4.0, 4.0, 3.98974358974359, 3.994871794871795, 4.0, 3.98974358974359, 4.0, 4.0, 4.0, 4.0, 4.0, 4.0, 4.0, 4.0, 3.994871794871795, 3.98974358974359, 3.98974358974359, 3.98974358974359, 4.0, 3.98974358974359, 3.98974358974359, 3.994871794871795, 3.994871794871795, 4.0, 4.0, 4.0, 4.0, 4.0, 4.0, 4.0, 4.0, 3.994871794871795, 4.0, 3.994871794871795, 4.0, 4.0, 3.994871794871795, 4.0, 4.0, 3.994871794871795, 3.994871794871795, 4.0, 3.98974358974359, 4.0, 4.0, 4.0, 3.994871794871795, 4.0, 3.98974358974359, 4.0, 3.994871794871795, 4.0, 4.0, 4.0, 4.0, 3.994871794871795, 4.0, 3.98974358974359, 3.994871794871795, 4.0, 3.994871794871795, 4.0, 4.0, 4.0, 3.994871794871795, 4.0, 4.0, 4.0, 4.0, 4.0, 4.0, 4.0, 4.0, 4.0, 4.0, 3.994871794871795, 3.98974358974359, 4.0, 3.994871794871795, 3.994871794871795, 4.0, 3.98974358974359, 3.994871794871795, 4.0, 4.0, 3.994871794871795, 4.0, 3.994871794871795, 4.0, 4.0, 4.0, 4.0, 3.98974358974359, 4.0, 4.0, 4.0, 4.0, 4.0, 4.0, 4.0, 3.994871794871795, 4.0, 4.0, 3.994871794871795, 4.0, 4.0, 4.0, 4.0, 3.994871794871795, 3.994871794871795, 3.994871794871795, 4.0, 3.994871794871795, 4.0, 4.0, 4.0, 3.98974358974359, 4.0, 4.0, 4.0, 4.0, 4.0, 4.0, 4.0, 4.0, 4.0, 4.0, 4.0, 4.0, 4.0, 4.0, 3.98974358974359, 4.0, 3.994871794871795, 4.0, 4.0, 4.0, 4.0, 4.0, 4.0, 4.0, 4.0, 4.0, 4.0, 4.0, 4.0, 4.0, 4.0, 3.994871794871795, 3.9846153846153847, 3.994871794871795, 4.0, 4.0, 3.98974358974359, 3.994871794871795, 4.0, 4.0, 4.0, 3.994871794871795, 3.994871794871795, 3.98974358974359, 3.98974358974359, 4.0, 3.994871794871795, 3.994871794871795, 3.994871794871795, 4.0, 4.0, 3.98974358974359, 4.0, 4.0, 3.994871794871795, 4.0, 3.994871794871795, 4.0, 4.0, 3.994871794871795, 3.994871794871795, 3.98974358974359, 3.98974358974359, 3.98974358974359, 4.0, 3.994871794871795, 3.994871794871795, 3.994871794871795, 4.0, 3.994871794871795, 4.0, 3.994871794871795, 3.994871794871795, 4.0, 4.0, 4.0, 4.0, 4.0, 4.0, 3.994871794871795, 4.0, 4.0, 4.0, 4.0, 4.0, 4.0, 4.0, 4.0, 4.0, 4.0, 4.0, 4.0, 4.0, 4.0, 4.0, 4.0, 4.0, 4.0, 4.0, 3.994871794871795, 4.0, 4.0, 4.0, 4.0, 4.0, 3.994871794871795, 4.0, 4.0, 4.0, 4.0, 4.0, 3.994871794871795, 3.994871794871795, 3.994871794871795, 4.0]",0.8365656915925659,0.8374360757944634,4,"[6, 4, 4, 4, 4, 4, 4, 4, 4, 4, 4, 4, 4, 4, 4, 4, 4, 4, 4, 4, 4, 4, 4, 4, 4, 4, 4, 4, 4, 4, 4, 4, 4, 4, 4, 4, 4, 4, 4, 4, 4, 4, 4, 4, 4, 4, 4, 4, 4, 4, 4, 4, 4, 4, 4, 4, 4, 4, 4, 4, 4, 4, 4, 4, 4, 4, 4, 4, 4, 4, 4, 4, 4, 4, 4, 4, 4, 4, 4, 4, 4, 4, 4, 4, 4, 4, 4, 4, 4, 4, 4, 4, 4, 4, 4, 4, 4, 4, 4, 4, 4, 4, 4, 4, 4, 4, 4, 4, 4, 4, 4, 4, 4, 4, 4, 4, 4, 4, 4, 4, 4, 4, 4, 4, 4, 4, 4, 4, 4, 4, 4, 4, 4, 4, 4, 4, 4, 4, 4, 4, 4, 4, 4, 4, 4, 4, 4, 4, 4, 4, 4, 4, 4, 4, 4, 4, 4, 4, 4, 4, 4, 4, 4, 4, 4, 4, 4, 4, 4, 4, 4, 4, 4, 4, 4, 4, 4, 4, 4, 4, 4, 4, 4, 4, 4, 4, 4, 4, 4, 4, 4, 4, 4, 4, 4, 4, 4, 4, 4, 4, 4, 4, 4, 4, 4, 4, 4, 4, 4, 4, 4, 4, 4, 4, 4, 4, 4, 4, 4, 4, 4, 4, 4, 4, 4, 4, 4, 4, 4, 4, 4, 4, 4, 4, 4, 4, 4, 4, 4, 4, 4, 4, 4, 4, 4, 4, 4, 4, 4, 4, 4, 4, 4, 4, 4, 4, 4, 4, 4, 4, 4, 4, 4, 4, 4, 4, 4, 4, 4, 4, 4, 4, 4, 4, 4, 4, 4, 4, 4, 4, 4, 4, 4, 4, 4, 4, 4, 4, 4, 4, 4, 4, 4, 4, 4, 4, 4, 4, 4, 4, 4, 4, 4, 4, 4, 4, 4, 4, 4, 4, 4, 4, 4, 4, 4, 4, 4, 4, 4, 4, 4, 4, 4, 4, 4, 4, 4, 4, 4, 4, 4, 4, 4, 4, 4, 4, 4, 4, 4, 4, 4, 4, 4, 4, 4, 4, 4, 4, 4, 4, 4, 4, 4, 4, 4]",355,"[0.32782095670700073, 0.3211727440357208, 0.30602550506591797, 0.3061012625694275, 0.304213285446167, 0.30199354887008667, 0.292450487613678, 0.2964240312576294, 0.29423773288726807, 0.3030581772327423, 0.2921205759048462, 0.294440358877182, 0.29385900497436523, 0.2914051413536072, 0.2914460599422455, 0.2939743995666504, 0.29361531138420105, 0.2990511655807495, 0.29701656103134155, 0.2902499735355377, 0.2944357991218567, 0.28989890217781067, 0.29391035437583923, 0.2906333804130554, 0.29478055238723755, 0.2909216582775116, 0.29677483439445496, 0.288479745388031, 0.2953552305698395, 0.30060920119285583, 0.2926977276802063, 0.2999253571033478, 0.29567989706993103, 0.29863491654396057, 0.2921590507030487, 0.29185447096824646, 0.29200324416160583, 0.2897408604621887, 0.28988173604011536, 0.28986769914627075, 0.31744498014450073, 0.29295217990875244, 0.29007816314697266, 0.29314714670181274, 0.292726069688797, 0.29115545749664307, 0.29348719120025635, 0.2902722656726837, 0.28921326994895935, 0.29181212186813354, 0.29207026958465576, 0.2902470827102661, 0.3254753351211548, 0.2953384816646576, 0.2897907495498657, 0.29476380348205566, 0.29738810658454895, 0.3177722692489624, 0.29335805773735046, 0.2926267981529236, 0.29920774698257446, 0.2915337085723877, 0.29754507541656494, 0.28881993889808655, 0.29089778661727905, 0.28951728343963623, 0.29243266582489014, 0.2896062731742859, 0.30080661177635193, 0.29099294543266296, 0.2936365008354187, 0.28891363739967346, 0.2910122573375702, 0.29284295439720154, 0.2943620979785919, 0.2971106767654419, 0.30239391326904297, 0.2905406057834625, 0.29046785831451416, 0.2961615324020386, 0.2941668927669525, 0.2896385192871094, 0.2891203761100769, 0.29150474071502686, 0.2912553548812866, 0.2893414795398712, 0.2909192740917206, 0.29045069217681885, 0.2912919819355011, 0.2921968102455139, 0.2930240035057068, 0.2940492033958435, 0.28979748487472534, 0.2919292449951172, 0.29197239875793457, 0.30755114555358887, 0.2973048985004425, 0.30147770047187805, 0.29672375321388245, 0.2890376150608063, 0.2911171019077301, 0.2940654754638672, 0.2910812199115753, 0.2890360951423645, 0.2989075779914856, 0.317495733499527, 0.2906969487667084, 0.29066550731658936, 0.2897031009197235, 0.2956429123878479, 0.2917073667049408, 0.2898467183113098, 0.2938600480556488, 0.290617436170578, 0.30793213844299316, 0.2972220480442047, 0.2939296364784241, 0.2943059206008911, 0.2971096634864807, 0.3081253170967102, 0.2898673415184021, 0.290106862783432, 0.29451853036880493, 0.28966599702835083, 0.29599103331565857, 0.2911056876182556, 0.2895464599132538, 0.29709261655807495, 0.29139193892478943, 0.2942032516002655, 0.29245877265930176, 0.2901727855205536, 0.29037272930145264, 0.2935439348220825, 0.29042989015579224, 0.29896286129951477, 0.2901223599910736, 0.29354578256607056, 0.2909531593322754, 0.2904554605484009, 0.28953322768211365, 0.29517099261283875, 0.28933629393577576, 0.2904871702194214, 0.2976955771446228, 0.29531678557395935, 0.2908356785774231, 0.29974812269210815, 0.29320433735847473, 0.2927030324935913, 0.2916985750198364, 0.29020822048187256, 0.28973084688186646, 0.3136226534843445, 0.2913849353790283, 0.2975148856639862, 0.28935131430625916, 0.29638245701789856, 0.2930961549282074, 0.28920453786849976, 0.2929708659648895, 0.30560538172721863, 0.2902388870716095, 0.2962091863155365, 0.2938731908798218, 0.2909572124481201, 0.30003559589385986, 0.2935003340244293, 0.29493248462677, 0.29287704825401306, 0.2919197380542755, 0.2902860939502716, 0.29457715153694153, 0.29300379753112793, 0.29486823081970215, 0.301077663898468, 0.29128792881965637, 0.29031792283058167, 0.29190176725387573, 0.29435214400291443, 0.2960864007472992, 0.2944498658180237, 0.2986534833908081, 0.29222822189331055, 0.29089808464050293, 0.31596478819847107, 0.293000727891922, 0.293681800365448, 0.2895752787590027, 0.29083287715911865, 0.2903924286365509, 0.29703205823898315, 0.2925053834915161, 0.2915368378162384, 0.29272088408470154, 0.2895583212375641, 0.2916127145290375, 0.2906836271286011, 0.29514920711517334, 0.2891654968261719, 0.29346346855163574, 0.29546603560447693, 0.2901458144187927, 0.2959277033805847, 0.29571816325187683, 0.291279137134552, 0.29502347111701965, 0.2953346371650696, 0.2933153808116913, 0.28839072585105896, 0.30732306838035583, 0.29225754737854004, 0.289793998003006, 0.2953047454357147, 0.29099586606025696, 0.29074716567993164, 0.2945738732814789, 0.28948453068733215, 0.2892743647098541, 0.2953767478466034, 0.2892554998397827, 0.2887868285179138, 0.2932742238044739, 0.290192186832428, 0.2904851734638214, 0.2897803783416748, 0.29464879631996155, 0.2938269376754761, 0.2933729887008667, 0.29107311367988586, 0.2912707030773163, 0.2919934391975403, 0.2896374464035034, 0.29041022062301636, 0.291894793510437, 0.2975369691848755, 0.2912931740283966, 0.2906869649887085, 0.29211029410362244, 0.2931751012802124, 0.28889796137809753, 0.29133984446525574, 0.29145610332489014, 0.2898869514465332, 0.28949883580207825, 0.29721495509147644, 0.29162681102752686, 0.29069507122039795, 0.29426202178001404, 0.29052236676216125, 0.2920086979866028, 0.2922700047492981, 0.2966965436935425, 0.29005467891693115, 0.2939571440219879, 0.2926344871520996, 0.2893495559692383, 0.2943301796913147, 0.29624804854393005, 0.29168835282325745, 0.2909446358680725, 0.29571494460105896, 0.2999376058578491, 0.3008098900318146, 0.2920351028442383, 0.29030054807662964, 0.2923344671726227, 0.2905251085758209, 0.29649609327316284, 0.2907005250453949, 0.2893550992012024, 0.29479101300239563, 0.29046154022216797, 0.2954208254814148, 0.2896972596645355, 0.29063159227371216, 0.30175164341926575, 0.2906486392021179, 0.29036444425582886, 0.29235050082206726, 0.29600512981414795, 0.29890549182891846, 0.291948139667511, 0.30286410450935364, 0.2920604944229126, 0.29336968064308167, 0.29381197690963745, 0.28927114605903625, 0.2991204559803009, 0.2892701327800751, 0.29060110449790955, 0.3132574260234833, 0.2897897958755493, 0.31227558851242065, 0.31693020462989807, 0.28973478078842163, 0.29189205169677734, 0.2909548282623291, 0.29039719700813293, 0.2916443943977356, 0.29234427213668823, 0.2899321913719177, 0.30191558599472046, 0.2907865047454834, 0.29625827074050903, 0.28958386182785034, 0.28942736983299255, 0.28876838088035583, 0.2921651005744934, 0.29424065351486206, 0.28863275051116943, 0.290567010641098, 0.29123935103416443, 0.28947991132736206, 0.2896307110786438, 0.2887972891330719, 0.29426810145378113, 0.29037123918533325, 0.29241830110549927, 0.29156625270843506, 0.28927043080329895, 0.28997281193733215, 0.2903136610984802, 0.2905293405056, 0.28972941637039185, 0.2905755043029785, 0.289673388004303, 0.2911986708641052, 0.2884899973869324, 0.29387709498405457, 0.2900835871696472, 0.2896474003791809, 0.2902190685272217, 0.28857365250587463, 0.2901116609573364, 0.2933182418346405, 0.2979700267314911, 0.29009774327278137, 0.28922590613365173, 0.3026992678642273, 0.29428714513778687, 0.29797911643981934, 0.28864991664886475, 0.2930990159511566, 0.2918527126312256, 0.2917153239250183, 0.2899855375289917, 0.2893480956554413, 0.2957655191421509, 0.2893666923046112, 0.28950366377830505, 0.2896411716938019, 0.29230472445487976, 0.2911125421524048, 0.2931106984615326]",4.0,"[6.0, 4.0, 4.0, 4.0, 4.0, 4.0, 4.0, 4.0, 4.0, 4.0, 4.0, 4.0, 4.0, 4.0, 4.0, 4.0, 4.0, 4.0, 4.0, 4.0, 4.0, 4.0, 4.0, 4.0, 4.0, 4.0, 4.0, 4.0, 4.0, 4.0, 4.0, 4.0, 4.0, 4.0, 4.0, 4.0, 4.0, 4.0, 4.0, 4.0, 4.0, 4.0, 4.0, 4.0, 4.0, 4.0, 4.0, 4.0, 4.0, 4.0, 4.0, 4.0, 4.0, 4.0, 4.0, 4.0, 4.0, 4.0, 4.0, 4.0, 4.0, 4.0, 4.0, 4.0, 4.0, 4.0, 4.0, 4.0, 4.0, 4.0, 4.0, 4.0, 4.0, 4.0, 4.0, 4.0, 4.0, 4.0, 4.0, 4.0, 4.0, 4.0, 4.0, 4.0, 4.0, 4.0, 4.0, 4.0, 4.0, 4.0, 4.0, 4.0, 4.0, 4.0, 4.0, 4.0, 4.0, 4.0, 4.0, 4.0, 4.0, 4.0, 4.0, 4.0, 4.0, 4.0, 4.0, 4.0, 4.0, 4.0, 4.0, 4.0, 4.0, 4.0, 4.0, 4.0, 4.0, 4.0, 4.0, 4.0, 4.0, 4.0, 4.0, 4.0, 4.0, 4.0, 4.0, 4.0, 4.0, 4.0, 4.0, 4.0, 4.0, 4.0, 4.0, 4.0, 4.0, 4.0, 4.0, 4.0, 4.0, 4.0, 4.0, 4.0, 4.0, 4.0, 4.0, 4.0, 4.0, 4.0, 4.0, 4.0, 4.0, 4.0, 4.0, 4.0, 4.0, 4.0, 4.0, 4.0, 4.0, 4.0, 4.0, 4.0, 4.0, 4.0, 4.0, 4.0, 4.0, 4.0, 4.0, 4.0, 4.0, 4.0, 4.0, 4.0, 4.0, 4.0, 4.0, 4.0, 4.0, 4.0, 4.0, 4.0, 4.0, 4.0, 4.0, 4.0, 4.0, 4.0, 4.0, 4.0, 4.0, 4.0, 4.0, 4.0, 4.0, 4.0, 4.0, 4.0, 4.0, 4.0, 4.0, 4.0, 4.0, 4.0, 4.0, 4.0, 4.0, 4.0, 4.0, 4.0, 4.0, 4.0, 4.0, 4.0, 4.0, 4.0, 4.0, 4.0, 4.0, 4.0, 4.0, 4.0, 4.0, 4.0, 4.0, 4.0, 4.0, 4.0, 4.0, 4.0, 4.0, 4.0, 4.0, 4.0, 4.0, 4.0, 4.0, 4.0, 4.0, 4.0, 4.0, 4.0, 4.0, 4.0, 4.0, 4.0, 4.0, 4.0, 4.0, 4.0, 4.0, 4.0, 4.0, 4.0, 4.0, 4.0, 4.0, 4.0, 4.0, 4.0, 4.0, 4.0, 4.0, 4.0, 4.0, 4.0, 4.0, 4.0, 4.0, 4.0, 4.0, 4.0, 4.0, 4.0, 4.0, 4.0, 4.0, 4.0, 4.0, 4.0, 4.0, 4.0, 4.0, 4.0, 4.0, 4.0, 4.0, 4.0, 4.0, 4.0, 4.0, 4.0, 4.0, 4.0, 4.0, 4.0, 4.0, 4.0, 4.0, 4.0, 4.0, 4.0, 4.0, 4.0, 4.0, 4.0, 4.0, 4.0, 4.0, 4.0, 4.0, 4.0, 4.0, 4.0, 4.0, 4.0, 4.0, 4.0, 4.0, 4.0, 4.0, 4.0, 4.0, 4.0, 4.0, 4.0, 4.0, 4.0, 4.0, 4.0, 4.0, 4.0, 4.0, 4.0, 4.0, 4.0, 4.0, 4.0, 4.0, 4.0, 4.0, 4.0, 4.0, 4.0, 4.0, 4.0, 4.0, 4.0, 4.0, 4.0, 4.0, 4.0, 4.0]",COMPLETE
