,number,value,datetime_start,datetime_complete,duration,params_batch_size_scaler,params_constant_learning_rate,params_depth,params_epochs,params_kernel_l2,params_num_trees,params_temperature,user_attrs_accuracy_test,user_attrs_accuracy_valid,user_attrs_approximate_feature_sparsity,user_attrs_approximate_feature_sparsity_history,user_attrs_approximate_weight_sparsity,user_attrs_approximate_weight_sparsity_history,user_attrs_auc_test,user_attrs_auc_valid,user_attrs_feature_sparsity,user_attrs_feature_sparsity_history,user_attrs_num_epochs,user_attrs_val_loss_history,user_attrs_weight_sparsity,user_attrs_weight_sparsity_history,state
71,71,0.8391493089101003,2024-08-31 03:13:37.764580,2024-08-31 03:19:16.141554,0 days 00:05:38.376974,1,1.628360400786658,5,140,0.11935442099196966,37,0.00042699301420565593,0.869,0.85125,3,"[33, 27, 16, 15, 15, 14, 14, 14, 9, 9, 9, 9, 9, 8, 8, 8, 8, 8, 8, 8, 8, 8, 8, 8, 8, 8, 8, 7, 7, 7, 7, 7, 7, 6, 6, 6, 6, 5, 5, 5, 5, 5, 5, 5, 5, 5, 5, 5, 5, 5, 5, 5, 4, 4, 4, 4, 4, 4, 3, 3, 3, 3, 3, 3, 3, 3, 3, 3, 3, 3, 3, 3, 3, 3, 3, 3, 3, 3, 3, 3, 3, 3, 3, 3, 3, 3, 3, 3, 3, 3, 3, 3, 3, 3, 3, 3, 3, 3, 3, 3, 3, 3, 3, 3, 3, 3, 3, 3, 3, 3, 3, 3, 3, 3, 3, 3, 3, 3, 3, 3, 3, 3, 3, 3, 3, 3, 3, 3, 3, 3, 3, 3, 3, 3, 3, 3, 3, 3, 3, 3]",2.981691368788143,"[32.95204882301657, 26.96774193548387, 15.979075850043591, 14.976460331299041, 14.979075850043591, 13.97122929380994, 13.983435047951176, 13.969485614646905, 8.983435047951177, 8.976460331299041, 8.986922406277245, 8.978204010462074, 8.979075850043593, 7.983435047951176, 7.982563208369661, 7.97646033129904, 7.986050566695728, 7.9808195292066255, 7.98256320836966, 7.97384481255449, 7.972972972972974, 7.968613775065388, 7.970357454228422, 7.973844812554489, 7.973844812554489, 7.976460331299041, 7.971229293809939, 6.978204010462075, 6.966870095902354, 6.979075850043592, 6.964254577157803, 6.962510897994768, 6.9607672188317355, 5.969485614646905, 5.975588491717524, 5.972972972972973, 5.959895379250218, 4.972101133391456, 4.975588491717524, 4.9747166521360064, 4.9808195292066255, 4.97384481255449, 4.974716652136007, 4.970357454228422, 4.962510897994769, 4.96512641673932, 4.959895379250218, 4.966870095902355, 4.964254577157803, 4.965998256320837, 4.96512641673932, 4.952920662598082, 3.9625108979947687, 3.952048823016565, 3.960767218831735, 3.9546643417611156, 3.95640802092415, 3.954664341761116, 2.945945945945946, 2.951176983435048, 2.960767218831735, 2.9564080209241497, 2.955536181342633, 2.950305143853531, 2.959023539668701, 2.94768962510898, 2.9476896251089797, 2.971229293809939, 2.9415867480383606, 2.9520488230165647, 2.970357454228422, 2.9476896251089797, 2.964254577157803, 2.95640802092415, 2.951176983435048, 2.979075850043592, 2.972101133391456, 2.97384481255449, 2.975588491717524, 2.940714908456844, 2.971229293809939, 2.974716652136007, 2.945945945945946, 2.970357454228422, 2.962510897994769, 2.966870095902354, 2.972101133391456, 2.940714908456844, 2.9363557105492593, 2.979075850043592, 2.976460331299041, 2.972972972972973, 2.977332170880558, 2.965998256320837, 2.9799476896251087, 2.979075850043592, 2.974716652136007, 2.9799476896251087, 2.980819529206626, 2.962510897994769, 2.98256320836966, 2.97384481255449, 2.979075850043592, 2.967741935483871, 2.979947689625109, 2.98256320836966, 2.9633827375762856, 2.983435047951177, 2.977332170880558, 2.979947689625109, 2.9782040104620746, 2.980819529206626, 2.97384481255449, 2.969485614646905, 2.948561464690497, 2.972101133391456, 2.97384481255449, 2.983435047951177, 2.98256320836966, 2.977332170880558, 2.98256320836966, 2.979947689625109, 2.978204010462075, 2.977332170880558, 2.978204010462075, 2.978204010462075, 2.978204010462075, 2.9773321708805582, 2.979075850043592, 2.9816913687881432, 2.9747166521360073, 2.979075850043592, 2.976460331299041, 2.978204010462075, 2.978204010462075, 2.9773321708805582, 2.983435047951177, 2.975588491717524, 2.979075850043592, 2.981691368788143]",0.8360372856446965,0.8391493089101003,3,"[33, 27, 16, 15, 15, 14, 14, 14, 9, 9, 9, 9, 9, 8, 8, 8, 8, 8, 8, 8, 8, 8, 8, 8, 8, 8, 8, 7, 7, 7, 7, 7, 7, 6, 6, 6, 6, 5, 5, 5, 5, 5, 5, 5, 5, 5, 5, 5, 5, 5, 5, 5, 4, 4, 4, 4, 4, 4, 3, 3, 3, 3, 3, 3, 3, 3, 3, 3, 3, 3, 3, 3, 3, 3, 3, 3, 3, 3, 3, 3, 3, 3, 3, 3, 3, 3, 3, 3, 3, 3, 3, 3, 3, 3, 3, 3, 3, 3, 3, 3, 3, 3, 3, 3, 3, 3, 3, 3, 3, 3, 3, 3, 3, 3, 3, 3, 3, 3, 3, 3, 3, 3, 3, 3, 3, 3, 3, 3, 3, 3, 3, 3, 3, 3, 3, 3, 3, 3, 3, 3]",140,"[0.3142129182815552, 0.26160454750061035, 0.24433359503746033, 0.24295811355113983, 0.2254289835691452, 0.23201853036880493, 0.21574604511260986, 0.21849747002124786, 0.24156500399112701, 0.24043598771095276, 0.22836466133594513, 0.24213699996471405, 0.22877708077430725, 0.22845272719860077, 0.226067453622818, 0.2441881150007248, 0.22729456424713135, 0.22948750853538513, 0.22672909498214722, 0.22239740192890167, 0.22368206083774567, 0.24982695281505585, 0.2188740372657776, 0.22298750281333923, 0.2220674753189087, 0.23170332610607147, 0.22639526426792145, 0.23425136506557465, 0.22118031978607178, 0.22490057349205017, 0.23527027666568756, 0.22934694588184357, 0.2164919525384903, 0.2696954309940338, 0.26933011412620544, 0.2709677815437317, 0.26764753460884094, 0.2676161229610443, 0.2615739703178406, 0.2675626575946808, 0.2748388946056366, 0.2606489360332489, 0.26918819546699524, 0.26878821849823, 0.2587819993495941, 0.2672428786754608, 0.26246118545532227, 0.2643120288848877, 0.26619449257850647, 0.27625665068626404, 0.2642430365085602, 0.2645922005176544, 0.2801235616207123, 0.2793709635734558, 0.2729273736476898, 0.2862616181373596, 0.275109201669693, 0.272288978099823, 0.31813400983810425, 0.35561829805374146, 0.30910441279411316, 0.29893529415130615, 0.2969338893890381, 0.2977176010608673, 0.3020300567150116, 0.3021399974822998, 0.2972666025161743, 0.30172809958457947, 0.29355674982070923, 0.3012385666370392, 0.3167090117931366, 0.2955116927623749, 0.3010830879211426, 0.29530131816864014, 0.2981853187084198, 0.2984294593334198, 0.30897849798202515, 0.309975266456604, 0.3159940242767334, 0.2953719198703766, 0.325977623462677, 0.30062180757522583, 0.2964281439781189, 0.3018576502799988, 0.2971895933151245, 0.29621660709381104, 0.2955194115638733, 0.3188211917877197, 0.29292213916778564, 0.29774367809295654, 0.29434773325920105, 0.328088641166687, 0.35991355776786804, 0.3131796717643738, 0.30010733008384705, 0.30235564708709717, 0.2940259277820587, 0.29999402165412903, 0.31931257247924805, 0.33933430910110474, 0.29655998945236206, 0.2940424382686615, 0.3103618323802948, 0.30532020330429077, 0.3140612840652466, 0.322297602891922, 0.2995375990867615, 0.3065933287143707, 0.2955712378025055, 0.2955458164215088, 0.29758381843566895, 0.2965148389339447, 0.2949821352958679, 0.29594719409942627, 0.31388914585113525, 0.3052460849285126, 0.29659026861190796, 0.2955864369869232, 0.30300647020339966, 0.3031335771083832, 0.30478760600090027, 0.3011307716369629, 0.32151171565055847, 0.35774844884872437, 0.29434868693351746, 0.3165312111377716, 0.3002825081348419, 0.32926276326179504, 0.3086189031600952, 0.29932644963264465, 0.29581418633461, 0.2939043939113617, 0.3167255222797394, 0.30062592029571533, 0.3016897439956665, 0.29658690094947815, 0.2955663204193115, 0.2979406416416168, 0.2938380837440491, 0.3385862410068512]",3.0,"[33.0, 27.0, 16.0, 15.0, 15.0, 14.0, 14.0, 14.0, 9.0, 9.0, 9.0, 9.0, 9.0, 8.0, 8.0, 8.0, 8.0, 8.0, 8.0, 8.0, 8.0, 8.0, 8.0, 8.0, 8.0, 8.0, 8.0, 7.0, 7.0, 7.0, 7.0, 7.0, 7.0, 6.0, 6.0, 6.0, 6.0, 5.0, 5.0, 5.0, 5.0, 5.0, 5.0, 5.0, 5.0, 5.0, 5.0, 5.0, 5.0, 5.0, 5.0, 5.0, 4.0, 4.0, 4.0, 4.0, 4.0, 4.0, 3.0, 3.0, 3.0, 3.0, 3.0, 3.0, 3.0, 3.0, 3.0, 3.0, 3.0, 3.0, 3.0, 3.0, 3.0, 3.0, 3.0, 3.0, 3.0, 3.0, 3.0, 3.0, 3.0, 3.0, 3.0, 3.0, 3.0, 3.0, 3.0, 3.0, 3.0, 3.0, 3.0, 3.0, 3.0, 3.0, 3.0, 3.0, 3.0, 3.0, 3.0, 3.0, 3.0, 3.0, 3.0, 3.0, 3.0, 3.0, 3.0, 3.0, 3.0, 3.0, 3.0, 3.0, 3.0, 3.0, 3.0, 3.0, 3.0, 3.0, 3.0, 3.0, 3.0, 3.0, 3.0, 3.0, 3.0, 3.0, 3.0, 3.0, 3.0, 3.0, 3.0, 3.0, 3.0, 3.0, 3.0, 3.0, 3.0, 3.0, 3.0, 3.0]",COMPLETE
