,number,value,datetime_start,datetime_complete,duration,params_batch_size_scaler,params_constant_learning_rate,params_depth,params_epochs,params_kernel_l2,params_num_trees,params_temperature,user_attrs_accuracy_test,user_attrs_accuracy_valid,user_attrs_approximate_feature_sparsity,user_attrs_approximate_feature_sparsity_history,user_attrs_approximate_weight_sparsity,user_attrs_approximate_weight_sparsity_history,user_attrs_auc_test,user_attrs_auc_valid,user_attrs_feature_sparsity,user_attrs_feature_sparsity_history,user_attrs_num_epochs,user_attrs_val_loss_history,user_attrs_weight_sparsity,user_attrs_weight_sparsity_history,state
45,45,0.9388002215609744,2024-08-31 01:47:28.146652,2024-08-31 01:49:26.811736,0 days 00:01:58.665084,64,4.596074103452714,6,295,0.007629589500869167,30,0.00012384278845991675,0.939,0.94,31,"[33, 33, 33, 33, 33, 33, 33, 33, 33, 33, 33, 33, 33, 33, 33, 33, 33, 33, 33, 33, 33, 33, 33, 33, 33, 33, 33, 33, 33, 33, 33, 33, 33, 33, 33, 33, 33, 33, 33, 33, 33, 33, 33, 33, 33, 33, 33, 33, 33, 33, 33, 33, 33, 33, 33, 33, 33, 33, 33, 33, 33, 33, 33, 33, 33, 33, 33, 33, 33, 33, 33, 33, 33, 33, 33, 33, 33, 33, 33, 33, 33, 33, 33, 33, 33, 33, 33, 33, 33, 33, 33, 33, 33, 33, 33, 33, 33, 33, 33, 33, 33, 33, 33, 33, 33, 33, 33, 33, 33, 33, 33, 33, 33, 33, 33, 33, 33, 33, 33, 33, 33, 33, 33, 33, 33, 33, 33, 33, 33, 33, 33, 33, 33, 33, 33, 33, 33, 33, 33, 33, 32, 32, 32, 32, 32, 32, 32, 32, 32, 32, 32, 32, 32, 32, 32, 32, 32, 32, 32, 32, 32, 32, 32, 32, 32, 32, 32, 32, 32, 32, 32, 32, 32, 32, 32, 32, 32, 32, 32, 32, 32, 32, 32, 32, 32, 32, 32, 32, 32, 32, 32, 32, 32, 32, 32, 32, 32, 32, 32, 32, 32, 32, 32, 32, 32, 32, 32, 32, 32, 32, 32, 32, 32, 32, 32, 32, 32, 32, 32, 32, 32, 32, 32, 32, 32, 32, 32, 32, 32, 32, 31, 31, 31, 31, 31, 31, 31, 31, 31, 31, 31, 31, 31, 31, 31, 31, 31, 31, 31, 31, 31, 31, 31, 31, 31, 31, 31, 31, 31, 31, 31, 31, 31, 31, 31, 31, 31, 31, 31, 31, 31, 31, 31, 31, 31, 31, 31, 31, 31, 31, 31, 31, 31, 31, 31, 31, 31, 31, 31, 31, 31, 31, 31, 31, 31]",30.94973544973545,"[32.93121693121693, 32.93650793650794, 32.93597883597884, 32.93650793650794, 32.93968253968254, 32.94603174603174, 32.94497354497355, 32.94074074074074, 32.94179894179894, 32.94550264550264, 32.94603174603174, 32.94232804232804, 32.94179894179894, 32.94232804232804, 32.94656084656084, 32.93650793650794, 32.94126984126984, 32.94126984126984, 32.94232804232804, 32.94074074074074, 32.940740740740736, 32.94603174603175, 32.94285714285714, 32.94179894179894, 32.94338624338624, 32.94656084656085, 32.95026455026455, 32.93862433862434, 32.94814814814815, 32.951851851851856, 32.94550264550265, 32.94603174603174, 32.94021164021164, 32.94021164021164, 32.94497354497355, 32.94603174603175, 32.94179894179894, 32.93439153439154, 32.94338624338624, 32.94444444444444, 32.94550264550265, 32.937037037037044, 32.93650793650794, 32.939153439153436, 32.94444444444444, 32.94232804232804, 32.94603174603174, 32.94656084656085, 32.951322751322756, 32.94338624338624, 32.94497354497355, 32.94497354497355, 32.94656084656084, 32.94285714285714, 32.94656084656085, 32.94603174603175, 32.95026455026455, 32.94708994708995, 32.951851851851856, 32.94761904761905, 32.950793650793656, 32.94814814814815, 32.94867724867725, 32.94973544973545, 32.93809523809524, 32.94761904761905, 32.95873015873016, 32.94497354497355, 32.94973544973545, 32.94656084656084, 32.95026455026455, 32.94444444444444, 32.94867724867725, 32.953439153439156, 32.953439153439156, 32.94708994708994, 32.955026455026456, 32.953439153439156, 32.95185185185185, 32.951851851851856, 32.94497354497354, 32.95608465608466, 32.94973544973545, 32.957142857142856, 32.94814814814815, 32.94656084656085, 32.957142857142856, 32.959259259259255, 32.959259259259255, 32.952380952380956, 32.952910052910056, 32.956084656084656, 32.94708994708995, 32.94973544973545, 32.94761904761905, 32.94074074074074, 32.94656084656085, 32.94285714285714, 32.93756613756614, 32.94232804232804, 32.94179894179894, 32.94179894179894, 32.939682539682536, 32.94603174603175, 32.94338624338624, 32.94867724867725, 32.95079365079365, 32.94708994708995, 32.94920634920635, 32.94656084656085, 32.94550264550264, 32.94391534391534, 32.94920634920635, 32.94761904761905, 32.95026455026455, 32.94867724867725, 32.94708994708995, 32.94814814814815, 32.95026455026455, 32.94867724867725, 32.957142857142856, 32.957671957671955, 32.955026455026456, 32.951322751322756, 32.940740740740736, 32.95132275132275, 32.94761904761905, 32.93439153439154, 32.94497354497354, 32.94814814814815, 32.95820105820106, 32.95026455026455, 32.953439153439156, 32.93915343915344, 32.94814814814815, 32.94497354497355, 32.94497354497354, 32.95185185185185, 32.94603174603175, 32.93439153439154, 31.945502645502646, 31.943915343915343, 31.94232804232804, 31.94814814814815, 31.943915343915346, 31.94761904761905, 31.94126984126984, 31.941269841269843, 31.935449735449733, 31.944444444444446, 31.944444444444446, 31.944973544973546, 31.94973544973545, 31.951851851851856, 31.952380952380956, 31.944444444444443, 31.959259259259262, 31.94920634920635, 31.948677248677246, 31.94920634920635, 31.94920634920635, 31.94920634920635, 31.944444444444446, 31.955026455026456, 31.948148148148146, 31.951851851851853, 31.94973544973545, 31.94444444444444, 31.94761904761905, 31.94761904761905, 31.947619047619046, 31.94867724867725, 31.94814814814815, 31.94973544973545, 31.948677248677253, 31.94656084656085, 31.953968253968256, 31.94814814814815, 31.947089947089946, 31.94867724867725, 31.944973544973546, 31.94920634920635, 31.940740740740743, 31.943386243386243, 31.94973544973545, 31.952380952380953, 31.94708994708995, 31.941269841269843, 31.94761904761905, 31.955026455026456, 31.94761904761905, 31.955026455026456, 31.948148148148146, 31.946031746031746, 31.944973544973543, 31.94074074074074, 31.94973544973545, 31.94973544973545, 31.94074074074074, 31.939682539682543, 31.946031746031746, 31.94126984126984, 31.943915343915343, 31.94867724867725, 31.94285714285714, 31.94867724867725, 31.952380952380953, 31.95079365079365, 31.94920634920635, 31.945502645502643, 31.94814814814815, 31.952380952380953, 31.94761904761905, 31.950264550264546, 31.94761904761905, 31.94021164021164, 31.94920634920635, 31.943915343915343, 31.94867724867725, 31.94814814814815, 31.94761904761905, 31.94761904761905, 31.94708994708995, 31.946560846560846, 31.944444444444443, 31.94497354497355, 31.943915343915343, 31.93968253968254, 31.936507936507937, 31.938095238095237, 30.937566137566137, 30.940211640211643, 30.946560846560846, 30.943915343915343, 30.941798941798943, 30.94603174603175, 30.95026455026455, 30.94814814814815, 30.946031746031746, 30.942857142857143, 30.93809523809524, 30.947619047619046, 30.943915343915346, 30.947089947089946, 30.954497354497356, 30.94920634920635, 30.943915343915343, 30.94708994708995, 30.949206349206346, 30.947619047619046, 30.94867724867725, 30.954497354497356, 30.94656084656085, 30.94867724867725, 30.95661375661376, 30.953439153439156, 30.94285714285714, 30.953439153439152, 30.94708994708995, 30.94920634920635, 30.94285714285714, 30.94656084656085, 30.95132275132275, 30.953439153439156, 30.94603174603175, 30.94867724867725, 30.946560846560846, 30.945502645502646, 30.946031746031746, 30.946031746031746, 30.943915343915343, 30.95714285714286, 30.944973544973546, 30.94074074074074, 30.93915343915344, 30.94867724867725, 30.94973544973545, 30.94232804232804, 30.944444444444446, 30.952910052910052, 30.94920634920635, 30.936507936507937, 30.947619047619046, 30.94814814814815, 30.950264550264553, 30.943386243386243, 30.94761904761905, 30.943386243386243, 30.948148148148146, 30.94920634920635, 30.946560846560846, 30.946560846560846, 30.94814814814815, 30.950793650793653, 30.94973544973545]",0.9230343711556401,0.9388002215609744,31,"[33, 33, 33, 33, 33, 33, 33, 33, 33, 33, 33, 33, 33, 33, 33, 33, 33, 33, 33, 33, 33, 33, 33, 33, 33, 33, 33, 33, 33, 33, 33, 33, 33, 33, 33, 33, 33, 33, 33, 33, 33, 33, 33, 33, 33, 33, 33, 33, 33, 33, 33, 33, 33, 33, 33, 33, 33, 33, 33, 33, 33, 33, 33, 33, 33, 33, 33, 33, 33, 33, 33, 33, 33, 33, 33, 33, 33, 33, 33, 33, 33, 33, 33, 33, 33, 33, 33, 33, 33, 33, 33, 33, 33, 33, 33, 33, 33, 33, 33, 33, 33, 33, 33, 33, 33, 33, 33, 33, 33, 33, 33, 33, 33, 33, 33, 33, 33, 33, 33, 33, 33, 33, 33, 33, 33, 33, 33, 33, 33, 33, 33, 33, 33, 33, 33, 33, 33, 33, 33, 33, 32, 32, 32, 32, 32, 32, 32, 32, 32, 32, 32, 32, 32, 32, 32, 32, 32, 32, 32, 32, 32, 32, 32, 32, 32, 32, 32, 32, 32, 32, 32, 32, 32, 32, 32, 32, 32, 32, 32, 32, 32, 32, 32, 32, 32, 32, 32, 32, 32, 32, 32, 32, 32, 32, 32, 32, 32, 32, 32, 32, 32, 32, 32, 32, 32, 32, 32, 32, 32, 32, 32, 32, 32, 32, 32, 32, 32, 32, 32, 32, 32, 32, 32, 32, 32, 32, 32, 32, 32, 32, 31, 31, 31, 31, 31, 31, 31, 31, 31, 31, 31, 31, 31, 31, 31, 31, 31, 31, 31, 31, 31, 31, 31, 31, 31, 31, 31, 31, 31, 31, 31, 31, 31, 31, 31, 31, 31, 31, 31, 31, 31, 31, 31, 31, 31, 31, 31, 31, 31, 31, 31, 31, 31, 31, 31, 31, 31, 31, 31, 31, 31, 31, 31, 31, 31]",295,"[0.38661709427833557, 0.3749184012413025, 0.37130802869796753, 0.3683013916015625, 0.36315035820007324, 0.3586556911468506, 0.3541538119316101, 0.3520420789718628, 0.3495851755142212, 0.35107696056365967, 0.3451506495475769, 0.3449002802371979, 0.3371730446815491, 0.33093851804733276, 0.32412269711494446, 0.31961703300476074, 0.31457972526550293, 0.31330588459968567, 0.30775150656700134, 0.2999937832355499, 0.2940031588077545, 0.2957371771335602, 0.28384652733802795, 0.2786048948764801, 0.27562153339385986, 0.2762930691242218, 0.273566335439682, 0.26741963624954224, 0.27068525552749634, 0.2614603340625763, 0.25960156321525574, 0.2531437575817108, 0.24865488708019257, 0.24583682417869568, 0.2441091537475586, 0.243636354804039, 0.25430062413215637, 0.24034573137760162, 0.2468651384115219, 0.24013371765613556, 0.237986758351326, 0.236760213971138, 0.23178565502166748, 0.23704411089420319, 0.23091399669647217, 0.23265868425369263, 0.22507455945014954, 0.23147635161876678, 0.22175997495651245, 0.21963998675346375, 0.23708099126815796, 0.22558820247650146, 0.21853646636009216, 0.21572311222553253, 0.21855515241622925, 0.2269981950521469, 0.21341945230960846, 0.215929314494133, 0.2152356207370758, 0.20992855727672577, 0.20793099701404572, 0.2118481695652008, 0.20653370022773743, 0.20618154108524323, 0.20306935906410217, 0.2022782266139984, 0.19747500121593475, 0.20898276567459106, 0.20842772722244263, 0.20784863829612732, 0.21615739166736603, 0.20190370082855225, 0.20129269361495972, 0.2014884501695633, 0.2168104499578476, 0.19854938983917236, 0.19384557008743286, 0.19488568603992462, 0.20079340040683746, 0.19833709299564362, 0.19648925960063934, 0.1909645050764084, 0.21260370314121246, 0.18756841123104095, 0.1890842765569687, 0.19157132506370544, 0.19182121753692627, 0.19055014848709106, 0.1925087869167328, 0.18652063608169556, 0.20275893807411194, 0.1917228251695633, 0.18860040605068207, 0.19129250943660736, 0.1921348124742508, 0.18902349472045898, 0.18904343247413635, 0.22841505706310272, 0.19096839427947998, 0.19004179537296295, 0.20025259256362915, 0.18965335190296173, 0.1851242035627365, 0.18034511804580688, 0.1929357647895813, 0.18102745711803436, 0.19137482345104218, 0.18290936946868896, 0.1860072761774063, 0.18770906329154968, 0.18949122726917267, 0.18443985283374786, 0.18923109769821167, 0.1933414340019226, 0.20556186139583588, 0.18010221421718597, 0.18134909868240356, 0.18269531428813934, 0.18593473732471466, 0.1856500506401062, 0.17821836471557617, 0.1785133332014084, 0.17610125243663788, 0.17753006517887115, 0.18121767044067383, 0.18316346406936646, 0.17297691106796265, 0.18054237961769104, 0.20786167681217194, 0.17964085936546326, 0.17678800225257874, 0.19104476273059845, 0.17902763187885284, 0.1778433918952942, 0.17617395520210266, 0.18620942533016205, 0.18563634157180786, 0.1817035675048828, 0.17685160040855408, 0.19462387263774872, 0.17584995925426483, 0.17942532896995544, 0.18117780983448029, 0.1878400295972824, 0.18078608810901642, 0.18056756258010864, 0.18452219665050507, 0.18382960557937622, 0.18835730850696564, 0.1780407577753067, 0.18176576495170593, 0.17366890609264374, 0.1840633898973465, 0.18559113144874573, 0.17563007771968842, 0.1714279055595398, 0.1791580617427826, 0.17261183261871338, 0.17291490733623505, 0.170196995139122, 0.18667665123939514, 0.17803893983364105, 0.18709814548492432, 0.17277787625789642, 0.1722632199525833, 0.18433375656604767, 0.18510782718658447, 0.18694467842578888, 0.1763291358947754, 0.17765969038009644, 0.17165502905845642, 0.1769762933254242, 0.17896714806556702, 0.18449106812477112, 0.17701274156570435, 0.18158549070358276, 0.17700077593326569, 0.18674512207508087, 0.17750388383865356, 0.18275076150894165, 0.17191480100154877, 0.16996175050735474, 0.18067975342273712, 0.1716277152299881, 0.17268523573875427, 0.18726573884487152, 0.2053842693567276, 0.18079397082328796, 0.17185474932193756, 0.19477549195289612, 0.17110472917556763, 0.19663484394550323, 0.19095665216445923, 0.17514246702194214, 0.17069408297538757, 0.17311711609363556, 0.19879591464996338, 0.17271634936332703, 0.17945848405361176, 0.1739683896303177, 0.18018601834774017, 0.18778277933597565, 0.17690220475196838, 0.18088045716285706, 0.20596393942832947, 0.18890421092510223, 0.18147438764572144, 0.18549099564552307, 0.16836105287075043, 0.1699264943599701, 0.17304641008377075, 0.1833210587501526, 0.17970100045204163, 0.19316034018993378, 0.1769387274980545, 0.18860062956809998, 0.17309075593948364, 0.2217346578836441, 0.17461900413036346, 0.17931756377220154, 0.18334423005580902, 0.16787435114383698, 0.17609038949012756, 0.18308469653129578, 0.1779918521642685, 0.19319023191928864, 0.17274543642997742, 0.19430138170719147, 0.18029682338237762, 0.18490703403949738, 0.16796104609966278, 0.17409735918045044, 0.17091333866119385, 0.17110590636730194, 0.17408475279808044, 0.18193978071212769, 0.17989009618759155, 0.1796000599861145, 0.1859413981437683, 0.20130057632923126, 0.19316311180591583, 0.17757809162139893, 0.1952844113111496, 0.18604707717895508, 0.19272653758525848, 0.1744394451379776, 0.18188369274139404, 0.17400723695755005, 0.1793239712715149, 0.17781871557235718, 0.1743638664484024, 0.1725635975599289, 0.17433860898017883, 0.1767631322145462, 0.1736728996038437, 0.18415775895118713, 0.17462152242660522, 0.17277856171131134, 0.17937134206295013, 0.17962507903575897, 0.17719291150569916, 0.1790388524532318, 0.19641231000423431, 0.1842624545097351, 0.1767742782831192, 0.1849045604467392, 0.19678832590579987, 0.1822693943977356, 0.19051389396190643, 0.19600509107112885, 0.20263145864009857, 0.18621177971363068, 0.18735599517822266, 0.18854966759681702, 0.1811995506286621, 0.20137614011764526, 0.1758773922920227, 0.1741693615913391, 0.18022218346595764, 0.1841551810503006, 0.188847616314888, 0.21499833464622498, 0.19130481779575348, 0.20382538437843323, 0.18489497900009155, 0.19749192893505096, 0.1940506398677826, 0.1756824553012848, 0.188829705119133, 0.17960506677627563, 0.18943491578102112, 0.1874123364686966, 0.18405050039291382, 0.21349558234214783, 0.19287264347076416]",31.0,"[33.0, 33.0, 33.0, 33.0, 33.0, 33.0, 33.0, 33.0, 33.0, 33.0, 33.0, 33.0, 33.0, 33.0, 33.0, 33.0, 33.0, 33.0, 33.0, 33.0, 33.0, 33.0, 33.0, 33.0, 33.0, 33.0, 33.0, 33.0, 33.0, 33.0, 33.0, 33.0, 33.0, 33.0, 33.0, 33.0, 33.0, 33.0, 33.0, 33.0, 33.0, 33.0, 33.0, 33.0, 33.0, 33.0, 33.0, 33.0, 33.0, 33.0, 33.0, 33.0, 33.0, 33.0, 33.0, 33.0, 33.0, 33.0, 33.0, 33.0, 33.0, 33.0, 33.0, 33.0, 33.0, 33.0, 33.0, 33.0, 33.0, 33.0, 33.0, 33.0, 33.0, 33.0, 33.0, 33.0, 33.0, 33.0, 33.0, 33.0, 33.0, 33.0, 33.0, 33.0, 33.0, 33.0, 33.0, 33.0, 33.0, 33.0, 33.0, 33.0, 33.0, 33.0, 33.0, 33.0, 33.0, 33.0, 33.0, 33.0, 33.0, 33.0, 33.0, 33.0, 33.0, 33.0, 33.0, 33.0, 33.0, 33.0, 33.0, 33.0, 33.0, 33.0, 33.0, 33.0, 33.0, 33.0, 33.0, 33.0, 33.0, 33.0, 33.0, 33.0, 33.0, 33.0, 33.0, 33.0, 33.0, 33.0, 33.0, 33.0, 33.0, 33.0, 33.0, 33.0, 33.0, 33.0, 33.0, 33.0, 32.0, 32.0, 32.0, 32.0, 32.0, 32.0, 32.0, 32.0, 32.0, 32.0, 32.0, 32.0, 32.0, 32.0, 32.0, 32.0, 32.0, 32.0, 32.0, 32.0, 32.0, 32.0, 32.0, 32.0, 32.0, 32.0, 32.0, 32.0, 32.0, 32.0, 32.0, 32.0, 32.0, 32.0, 32.0, 32.0, 32.0, 32.0, 32.0, 32.0, 32.0, 32.0, 32.0, 32.0, 32.0, 32.0, 32.0, 32.0, 32.0, 32.0, 32.0, 32.0, 32.0, 32.0, 32.0, 32.0, 32.0, 32.0, 32.0, 32.0, 32.0, 32.0, 32.0, 32.0, 32.0, 32.0, 32.0, 32.0, 32.0, 32.0, 32.0, 32.0, 32.0, 32.0, 32.0, 32.0, 32.0, 32.0, 32.0, 32.0, 32.0, 32.0, 32.0, 32.0, 32.0, 32.0, 32.0, 32.0, 32.0, 32.0, 31.0, 31.0, 31.0, 31.0, 31.0, 31.0, 31.0, 31.0, 31.0, 31.0, 31.0, 31.0, 31.0, 31.0, 31.0, 31.0, 31.0, 31.0, 31.0, 31.0, 31.0, 31.0, 31.0, 31.0, 31.0, 31.0, 31.0, 31.0, 31.0, 31.0, 31.0, 31.0, 31.0, 31.0, 31.0, 31.0, 31.0, 31.0, 31.0, 31.0, 31.0, 31.0, 31.0, 31.0, 31.0, 31.0, 31.0, 31.0, 31.0, 31.0, 31.0, 31.0, 31.0, 31.0, 31.0, 31.0, 31.0, 31.0, 31.0, 31.0, 31.0, 31.0, 31.0, 31.0, 31.0]",COMPLETE
