,number,value,datetime_start,datetime_complete,duration,params_batch_size_scaler,params_constant_learning_rate,params_depth,params_epochs,params_kernel_l2,params_num_trees,params_temperature,user_attrs_accuracy_test,user_attrs_accuracy_valid,user_attrs_approximate_feature_sparsity,user_attrs_approximate_feature_sparsity_history,user_attrs_approximate_weight_sparsity,user_attrs_approximate_weight_sparsity_history,user_attrs_auc_test,user_attrs_auc_valid,user_attrs_feature_sparsity,user_attrs_feature_sparsity_history,user_attrs_num_epochs,user_attrs_val_loss_history,user_attrs_weight_sparsity,user_attrs_weight_sparsity_history,state
128,128,0.9268204712035141,2024-08-31 05:53:35.595590,2024-08-31 05:57:30.459726,0 days 00:03:54.864136,1,0.056317862052029516,2,360,0.0021541168551987657,43,0.004316469183344332,0.928,0.9425,33,"[33, 33, 33, 33, 33, 33, 33, 33, 33, 33, 33, 33, 33, 33, 33, 33, 33, 33, 33, 33, 33, 33, 33, 33, 33, 33, 33, 33, 33, 33, 33, 33, 33, 33, 33, 33, 33, 33, 33, 33, 33, 33, 33, 33, 33, 33, 33, 33, 33, 33, 33, 33, 33, 33, 33, 33, 33, 33, 33, 33, 33, 33, 33, 33, 33, 33, 33, 33, 33, 33, 33, 33, 33, 33, 33, 33, 33, 33, 33, 33, 33, 33, 33, 33, 33, 33, 33, 33, 33, 33, 33, 33, 33, 33, 33, 33, 33, 33, 33, 33, 33, 33, 33, 33, 33, 33, 33, 33, 33, 33, 33, 33, 33, 33, 33, 33, 33, 33, 33, 33, 33, 33, 33, 33, 33, 33, 33, 33, 33, 33, 33, 33, 33, 33, 33, 33, 33, 33, 33, 33, 33, 33, 33, 33, 33, 33, 33, 33, 33, 33, 33, 33, 33, 33, 33, 33, 33, 33, 33, 33, 33, 33, 33, 33, 33, 33, 33, 33, 33, 33, 33, 33, 33, 33, 33, 33, 33, 33, 33, 33, 33, 33, 33, 33, 33, 33, 33, 33, 33, 33, 33, 33, 33, 33, 33, 33, 33, 33, 33, 33, 33, 33, 33, 33, 33, 33, 33, 33, 33, 33, 33, 33, 33, 33, 33, 33, 33, 33, 33, 33, 33, 33, 33, 33, 33, 33, 33, 33, 33, 33, 33, 33, 33, 33, 33, 33, 33, 33, 33, 33, 33, 33, 33, 33, 33, 33, 33, 33, 33, 33, 33, 33, 33, 33, 33, 33, 33, 33, 33, 33, 33, 33, 33, 33, 33, 33, 33, 33, 33, 33, 33, 33, 33, 33, 33, 33, 33, 33, 33, 33, 33, 33, 33, 33, 33, 33, 33, 33, 33, 33, 33, 33, 33, 33, 33, 33, 33, 33, 33, 33, 33, 33, 33, 33, 33, 33, 33, 33, 33, 33, 33, 33, 33, 33, 33, 33, 33, 33, 33, 33, 33, 33, 33, 33, 33, 33, 33, 33, 33, 33, 33, 33, 33, 33, 33, 33, 33, 33, 33, 33, 33, 33, 33, 33, 33, 33, 33, 33, 33, 33, 33, 33, 33, 33, 33, 33, 33, 33, 33, 33]",32.992248062015506,"[33.0, 32.98449612403101, 32.98449612403101, 32.992248062015506, 32.992248062015506, 32.992248062015506, 32.98449612403101, 32.98449612403101, 32.992248062015506, 32.98449612403101, 33.0, 32.992248062015506, 33.0, 32.98449612403101, 32.992248062015506, 32.98449612403101, 32.992248062015506, 32.992248062015506, 32.95348837209302, 32.992248062015506, 32.992248062015506, 32.98449612403101, 32.97674418604651, 32.992248062015506, 32.992248062015506, 32.968992248062015, 32.97674418604651, 32.992248062015506, 32.98449612403101, 32.96124031007752, 32.97674418604651, 32.95348837209302, 32.992248062015506, 32.968992248062015, 32.98449612403101, 32.992248062015506, 32.98449612403101, 32.992248062015506, 32.98449612403101, 32.968992248062015, 32.98449612403101, 32.992248062015506, 33.0, 32.96124031007752, 32.992248062015506, 32.968992248062015, 32.992248062015506, 32.97674418604651, 32.98449612403101, 32.97674418604651, 32.98449612403101, 33.0, 32.97674418604651, 32.98449612403101, 32.992248062015506, 32.97674418604651, 32.98449612403101, 32.992248062015506, 33.0, 32.98449612403101, 32.96124031007752, 32.98449612403101, 32.97674418604651, 32.992248062015506, 32.992248062015506, 32.992248062015506, 32.992248062015506, 32.98449612403101, 32.992248062015506, 32.968992248062015, 32.97674418604651, 32.98449612403101, 32.98449612403101, 32.992248062015506, 32.968992248062015, 32.98449612403101, 32.992248062015506, 32.98449612403101, 32.992248062015506, 32.98449612403101, 32.968992248062015, 32.97674418604651, 32.968992248062015, 32.98449612403101, 32.992248062015506, 32.992248062015506, 32.992248062015506, 32.992248062015506, 32.97674418604651, 32.992248062015506, 32.97674418604651, 32.992248062015506, 32.97674418604651, 32.968992248062015, 32.992248062015506, 32.992248062015506, 32.992248062015506, 32.992248062015506, 32.992248062015506, 33.0, 32.97674418604651, 32.98449612403101, 32.98449612403101, 32.992248062015506, 32.98449612403101, 32.98449612403101, 32.945736434108525, 32.98449612403101, 32.992248062015506, 32.992248062015506, 32.97674418604651, 32.98449612403101, 33.0, 33.0, 32.98449612403101, 32.98449612403101, 33.0, 32.97674418604651, 32.992248062015506, 32.97674418604651, 33.0, 32.96124031007752, 33.0, 32.968992248062015, 32.96124031007752, 32.968992248062015, 32.98449612403101, 32.992248062015506, 33.0, 32.97674418604651, 33.0, 32.97674418604651, 32.992248062015506, 32.992248062015506, 33.0, 32.98449612403101, 32.98449612403101, 32.98449612403101, 32.98449612403101, 32.992248062015506, 32.992248062015506, 32.992248062015506, 32.992248062015506, 32.98449612403101, 32.992248062015506, 32.968992248062015, 32.98449612403101, 32.968992248062015, 32.968992248062015, 32.98449612403101, 32.98449612403101, 32.98449612403101, 32.992248062015506, 32.98449612403101, 32.98449612403101, 32.992248062015506, 32.992248062015506, 32.992248062015506, 32.98449612403101, 32.992248062015506, 32.992248062015506, 32.98449612403101, 33.0, 32.992248062015506, 33.0, 32.97674418604651, 33.0, 32.97674418604651, 32.968992248062015, 32.96124031007752, 32.97674418604651, 32.98449612403101, 33.0, 33.0, 32.992248062015506, 32.98449612403101, 33.0, 32.992248062015506, 32.992248062015506, 32.97674418604651, 32.98449612403101, 32.98449612403101, 33.0, 32.992248062015506, 32.97674418604651, 32.992248062015506, 32.992248062015506, 32.97674418604651, 32.992248062015506, 32.98449612403101, 32.98449612403101, 32.968992248062015, 32.97674418604651, 32.98449612403101, 32.98449612403101, 32.992248062015506, 32.992248062015506, 32.97674418604651, 32.968992248062015, 32.968992248062015, 32.992248062015506, 32.98449612403101, 32.992248062015506, 32.968992248062015, 32.992248062015506, 32.97674418604651, 32.992248062015506, 32.992248062015506, 33.0, 32.97674418604651, 32.992248062015506, 32.992248062015506, 32.98449612403101, 32.98449612403101, 33.0, 32.992248062015506, 33.0, 32.968992248062015, 32.992248062015506, 33.0, 32.98449612403101, 32.98449612403101, 32.97674418604651, 32.968992248062015, 32.97674418604651, 32.97674418604651, 32.98449612403101, 32.98449612403101, 32.98449612403101, 32.992248062015506, 33.0, 32.98449612403101, 32.992248062015506, 33.0, 33.0, 32.992248062015506, 32.992248062015506, 32.97674418604651, 32.97674418604651, 32.97674418604651, 32.968992248062015, 32.97674418604651, 32.98449612403101, 32.968992248062015, 33.0, 32.992248062015506, 32.968992248062015, 32.968992248062015, 32.992248062015506, 32.992248062015506, 32.98449612403101, 32.968992248062015, 32.98449612403101, 32.98449612403101, 33.0, 32.992248062015506, 33.0, 32.98449612403101, 32.992248062015506, 32.992248062015506, 32.992248062015506, 32.992248062015506, 32.992248062015506, 33.0, 33.0, 33.0, 33.0, 33.0, 33.0, 32.968992248062015, 32.992248062015506, 33.0, 32.98449612403101, 32.992248062015506, 32.97674418604651, 33.0, 32.992248062015506, 33.0, 33.0, 32.992248062015506, 32.98449612403101, 32.992248062015506, 33.0, 32.992248062015506, 32.992248062015506, 32.98449612403101, 32.98449612403101, 32.98449612403101, 32.968992248062015, 32.992248062015506, 32.992248062015506, 32.992248062015506, 32.98449612403101, 32.992248062015506, 33.0, 33.0, 33.0, 33.0, 32.992248062015506, 32.992248062015506, 33.0, 32.98449612403101, 33.0, 32.992248062015506, 33.0, 33.0, 33.0, 32.992248062015506, 32.98449612403101, 32.98449612403101, 32.968992248062015, 32.968992248062015, 33.0, 32.992248062015506, 33.0, 32.992248062015506, 32.992248062015506, 32.992248062015506, 32.96124031007752, 32.968992248062015, 32.992248062015506, 32.992248062015506, 32.98449612403101, 32.98449612403101, 32.97674418604651, 32.97674418604651, 32.98449612403101, 32.98449612403101, 32.968992248062015, 32.97674418604651, 32.992248062015506, 32.98449612403101, 32.97674418604651, 32.992248062015506, 32.97674418604651, 32.97674418604651, 32.97674418604651, 32.992248062015506, 32.992248062015506, 32.992248062015506, 32.992248062015506, 32.97674418604651, 32.98449612403101, 33.0, 32.992248062015506, 33.0, 33.0, 33.0, 32.992248062015506, 32.992248062015506, 32.992248062015506, 32.98449612403101, 32.992248062015506, 32.97674418604651, 33.0, 32.97674418604651, 32.992248062015506, 32.992248062015506, 33.0, 32.992248062015506]",0.9030292522230203,0.9268204712035141,33,"[33, 33, 33, 33, 33, 33, 33, 33, 33, 33, 33, 33, 33, 33, 33, 33, 33, 33, 33, 33, 33, 33, 33, 33, 33, 33, 33, 33, 33, 33, 33, 33, 33, 33, 33, 33, 33, 33, 33, 33, 33, 33, 33, 33, 33, 33, 33, 33, 33, 33, 33, 33, 33, 33, 33, 33, 33, 33, 33, 33, 33, 33, 33, 33, 33, 33, 33, 33, 33, 33, 33, 33, 33, 33, 33, 33, 33, 33, 33, 33, 33, 33, 33, 33, 33, 33, 33, 33, 33, 33, 33, 33, 33, 33, 33, 33, 33, 33, 33, 33, 33, 33, 33, 33, 33, 33, 33, 33, 33, 33, 33, 33, 33, 33, 33, 33, 33, 33, 33, 33, 33, 33, 33, 33, 33, 33, 33, 33, 33, 33, 33, 33, 33, 33, 33, 33, 33, 33, 33, 33, 33, 33, 33, 33, 33, 33, 33, 33, 33, 33, 33, 33, 33, 33, 33, 33, 33, 33, 33, 33, 33, 33, 33, 33, 33, 33, 33, 33, 33, 33, 33, 33, 33, 33, 33, 33, 33, 33, 33, 33, 33, 33, 33, 33, 33, 33, 33, 33, 33, 33, 33, 33, 33, 33, 33, 33, 33, 33, 33, 33, 33, 33, 33, 33, 33, 33, 33, 33, 33, 33, 33, 33, 33, 33, 33, 33, 33, 33, 33, 33, 33, 33, 33, 33, 33, 33, 33, 33, 33, 33, 33, 33, 33, 33, 33, 33, 33, 33, 33, 33, 33, 33, 33, 33, 33, 33, 33, 33, 33, 33, 33, 33, 33, 33, 33, 33, 33, 33, 33, 33, 33, 33, 33, 33, 33, 33, 33, 33, 33, 33, 33, 33, 33, 33, 33, 33, 33, 33, 33, 33, 33, 33, 33, 33, 33, 33, 33, 33, 33, 33, 33, 33, 33, 33, 33, 33, 33, 33, 33, 33, 33, 33, 33, 33, 33, 33, 33, 33, 33, 33, 33, 33, 33, 33, 33, 33, 33, 33, 33, 33, 33, 33, 33, 33, 33, 33, 33, 33, 33, 33, 33, 33, 33, 33, 33, 33, 33, 33, 33, 33, 33, 33, 33, 33, 33, 33, 33, 33, 33, 33, 33, 33, 33, 33, 33, 33, 33, 33, 33, 33]",360,"[0.39503157138824463, 0.3623325824737549, 0.35753539204597473, 0.356505423784256, 0.33958515524864197, 0.3332785665988922, 0.3261014521121979, 0.3263644874095917, 0.3183952271938324, 0.3172587454319, 0.3004506826400757, 0.3012860119342804, 0.2870611250400543, 0.27860939502716064, 0.26760777831077576, 0.2636839747428894, 0.25918543338775635, 0.2518851161003113, 0.262783020734787, 0.24282284080982208, 0.23940272629261017, 0.2382386028766632, 0.23277835547924042, 0.23094052076339722, 0.2280419021844864, 0.226190984249115, 0.22042961418628693, 0.2188728302717209, 0.22021116316318512, 0.2172086536884308, 0.21605852246284485, 0.2174791842699051, 0.21212543547153473, 0.21494734287261963, 0.2090366929769516, 0.20669430494308472, 0.20610354840755463, 0.20364145934581757, 0.20638097822666168, 0.20198726654052734, 0.20149631798267365, 0.20136791467666626, 0.19970621168613434, 0.20069746673107147, 0.1959340125322342, 0.19926662743091583, 0.19382040202617645, 0.1948108822107315, 0.1961195021867752, 0.1940152943134308, 0.19190549850463867, 0.19249409437179565, 0.19317808747291565, 0.1908796727657318, 0.19301190972328186, 0.19010965526103973, 0.19296035170555115, 0.1905033439397812, 0.18886244297027588, 0.19722788035869598, 0.1878546178340912, 0.1848623901605606, 0.1932595819234848, 0.18870094418525696, 0.18419525027275085, 0.1845448911190033, 0.18647700548171997, 0.1914963722229004, 0.18974898755550385, 0.18723149597644806, 0.1847486048936844, 0.18711033463478088, 0.18800754845142365, 0.18345217406749725, 0.1823308765888214, 0.18863897025585175, 0.19342441856861115, 0.1859186887741089, 0.18276453018188477, 0.18590047955513, 0.18598830699920654, 0.18305860459804535, 0.1849735975265503, 0.18491116166114807, 0.18471267819404602, 0.18271581828594208, 0.19010242819786072, 0.1865168958902359, 0.18348369002342224, 0.1824181228876114, 0.1833137720823288, 0.1869533658027649, 0.19957467913627625, 0.1813036948442459, 0.18618839979171753, 0.18430840969085693, 0.18768788874149323, 0.18269222974777222, 0.1810731440782547, 0.17987389862537384, 0.18070471286773682, 0.17819355428218842, 0.18207557499408722, 0.18654757738113403, 0.1976110339164734, 0.1844167858362198, 0.18117040395736694, 0.19444002211093903, 0.18775337934494019, 0.18634773790836334, 0.19156131148338318, 0.18400916457176208, 0.18233835697174072, 0.17965629696846008, 0.1847592145204544, 0.18477512896060944, 0.1863325536251068, 0.1838180422782898, 0.18370941281318665, 0.1918756365776062, 0.1842280924320221, 0.18978562951087952, 0.18344266712665558, 0.18815812468528748, 0.18966765701770782, 0.18790683150291443, 0.18204599618911743, 0.18471437692642212, 0.1848728209733963, 0.19070057570934296, 0.18540926277637482, 0.18637986481189728, 0.18382248282432556, 0.1895952969789505, 0.18714073300361633, 0.18622222542762756, 0.18669290840625763, 0.1880214512348175, 0.18660639226436615, 0.18513202667236328, 0.18655408918857574, 0.1839832067489624, 0.18959923088550568, 0.18566368520259857, 0.19369225203990936, 0.1905970573425293, 0.19930753111839294, 0.19118580222129822, 0.19443100690841675, 0.1926230490207672, 0.19362284243106842, 0.1902880221605301, 0.1909136176109314, 0.19465745985507965, 0.19429439306259155, 0.19065706431865692, 0.18978220224380493, 0.20790714025497437, 0.19275860488414764, 0.18990039825439453, 0.1939476728439331, 0.18988215923309326, 0.19622650742530823, 0.19238559901714325, 0.19309133291244507, 0.19893190264701843, 0.2004346251487732, 0.20866650342941284, 0.19572529196739197, 0.1933313012123108, 0.19666454195976257, 0.19737668335437775, 0.19542543590068817, 0.2002984583377838, 0.20074421167373657, 0.1959984451532364, 0.1997617930173874, 0.2012389749288559, 0.19511204957962036, 0.1986526995897293, 0.20024152100086212, 0.2013886272907257, 0.20101016759872437, 0.19873808324337006, 0.20504561066627502, 0.20107212662696838, 0.19913141429424286, 0.20200534164905548, 0.20620188117027283, 0.216212660074234, 0.20375066995620728, 0.2053724229335785, 0.20397913455963135, 0.21486921608448029, 0.20474256575107574, 0.20664407312870026, 0.21576480567455292, 0.2040797770023346, 0.20525974035263062, 0.2112177312374115, 0.22283199429512024, 0.20578207075595856, 0.21156705915927887, 0.21283946931362152, 0.20881807804107666, 0.2106613665819168, 0.21003280580043793, 0.21116501092910767, 0.20968537032604218, 0.21375498175621033, 0.2092142552137375, 0.21056663990020752, 0.21401719748973846, 0.2124934047460556, 0.21270771324634552, 0.2162083387374878, 0.21274055540561676, 0.21852105855941772, 0.2141905277967453, 0.21493160724639893, 0.21800050139427185, 0.21440398693084717, 0.21319551765918732, 0.214758038520813, 0.21516041457653046, 0.21800164878368378, 0.21465709805488586, 0.21466964483261108, 0.2179257720708847, 0.2202087640762329, 0.2168068140745163, 0.22369961440563202, 0.22447165846824646, 0.22110609710216522, 0.2240009307861328, 0.22165141999721527, 0.2209751456975937, 0.22351433336734772, 0.21889811754226685, 0.2206769734621048, 0.22352845966815948, 0.22058165073394775, 0.21977750957012177, 0.2246657758951187, 0.22336015105247498, 0.2223518192768097, 0.22455814480781555, 0.2309865802526474, 0.23227716982364655, 0.2266932725906372, 0.2282319813966751, 0.22662626206874847, 0.22639676928520203, 0.22998303174972534, 0.22732025384902954, 0.2277824729681015, 0.23099952936172485, 0.2321297824382782, 0.22856809198856354, 0.22846928238868713, 0.22774939239025116, 0.22957488894462585, 0.22981084883213043, 0.2287970930337906, 0.23520614206790924, 0.23624542355537415, 0.23414286971092224, 0.23205259442329407, 0.2339612990617752, 0.23248189687728882, 0.23065629601478577, 0.23498591780662537, 0.23679959774017334, 0.24021971225738525, 0.2345481514930725, 0.23564986884593964, 0.2357586920261383, 0.23849748075008392, 0.24021640419960022, 0.23581697046756744, 0.23700262606143951, 0.23857372999191284, 0.24330146610736847, 0.24108560383319855, 0.23681749403476715, 0.2410888522863388, 0.24346472322940826, 0.25003039836883545, 0.24094095826148987, 0.24122333526611328, 0.2408808320760727, 0.24591092765331268, 0.24259409308433533, 0.24533700942993164, 0.24521130323410034, 0.24317100644111633, 0.24358052015304565, 0.24864082038402557, 0.24376091361045837, 0.2428046017885208, 0.24693375825881958, 0.2458685040473938, 0.24792064726352692, 0.2459861934185028, 0.24730230867862701, 0.24651731550693512, 0.24650104343891144, 0.2475820779800415, 0.25062045454978943, 0.25046229362487793, 0.24773672223091125, 0.24836020171642303, 0.25506678223609924, 0.2520694434642792, 0.25550755858421326, 0.25536301732063293, 0.251044899225235, 0.2560160160064697, 0.2539880871772766, 0.25737130641937256, 0.2514663636684418, 0.25108858942985535, 0.25270792841911316, 0.25423353910446167, 0.2539777457714081, 0.25443941354751587, 0.2537798583507538, 0.25564220547676086, 0.2554612457752228, 0.25788891315460205, 0.25595366954803467, 0.26147329807281494, 0.25809335708618164, 0.2582651674747467, 0.25722628831863403, 0.25852152705192566, 0.2589279115200043, 0.2579866051673889, 0.2624445855617523, 0.2586732804775238, 0.26167070865631104, 0.2620360255241394, 0.2583765983581543, 0.26564300060272217, 0.2622845768928528, 0.26343879103660583, 0.26143139600753784, 0.261074036359787, 0.2623141407966614, 0.26592087745666504, 0.262291818857193, 0.2649742364883423, 0.2646431624889374, 0.2664613425731659, 0.2648351788520813, 0.2668425440788269, 0.2660382390022278, 0.26794180274009705, 0.26916074752807617, 0.26630929112434387]",33.0,"[33.0, 33.0, 33.0, 33.0, 33.0, 33.0, 33.0, 33.0, 33.0, 33.0, 33.0, 33.0, 33.0, 33.0, 33.0, 33.0, 33.0, 33.0, 33.0, 33.0, 33.0, 33.0, 33.0, 33.0, 33.0, 33.0, 33.0, 33.0, 33.0, 33.0, 33.0, 33.0, 33.0, 33.0, 33.0, 33.0, 33.0, 33.0, 33.0, 33.0, 33.0, 33.0, 33.0, 33.0, 33.0, 33.0, 33.0, 33.0, 33.0, 33.0, 33.0, 33.0, 33.0, 33.0, 33.0, 33.0, 33.0, 33.0, 33.0, 33.0, 33.0, 33.0, 33.0, 33.0, 33.0, 33.0, 33.0, 33.0, 33.0, 33.0, 33.0, 33.0, 33.0, 33.0, 33.0, 33.0, 33.0, 33.0, 33.0, 33.0, 33.0, 33.0, 33.0, 33.0, 33.0, 33.0, 33.0, 33.0, 33.0, 33.0, 33.0, 33.0, 33.0, 33.0, 33.0, 33.0, 33.0, 33.0, 33.0, 33.0, 33.0, 33.0, 33.0, 33.0, 33.0, 33.0, 33.0, 33.0, 33.0, 33.0, 33.0, 33.0, 33.0, 33.0, 33.0, 33.0, 33.0, 33.0, 33.0, 33.0, 33.0, 33.0, 33.0, 33.0, 33.0, 33.0, 33.0, 33.0, 33.0, 33.0, 33.0, 33.0, 33.0, 33.0, 33.0, 33.0, 33.0, 33.0, 33.0, 33.0, 33.0, 33.0, 33.0, 33.0, 33.0, 33.0, 33.0, 33.0, 33.0, 33.0, 33.0, 33.0, 33.0, 33.0, 33.0, 33.0, 33.0, 33.0, 33.0, 33.0, 33.0, 33.0, 33.0, 33.0, 33.0, 33.0, 33.0, 33.0, 33.0, 33.0, 33.0, 33.0, 33.0, 33.0, 33.0, 33.0, 33.0, 33.0, 33.0, 33.0, 33.0, 33.0, 33.0, 33.0, 33.0, 33.0, 33.0, 33.0, 33.0, 33.0, 33.0, 33.0, 33.0, 33.0, 33.0, 33.0, 33.0, 33.0, 33.0, 33.0, 33.0, 33.0, 33.0, 33.0, 33.0, 33.0, 33.0, 33.0, 33.0, 33.0, 33.0, 33.0, 33.0, 33.0, 33.0, 33.0, 33.0, 33.0, 33.0, 33.0, 33.0, 33.0, 33.0, 33.0, 33.0, 33.0, 33.0, 33.0, 33.0, 33.0, 33.0, 33.0, 33.0, 33.0, 33.0, 33.0, 33.0, 33.0, 33.0, 33.0, 33.0, 33.0, 33.0, 33.0, 33.0, 33.0, 33.0, 33.0, 33.0, 33.0, 33.0, 33.0, 33.0, 33.0, 33.0, 33.0, 33.0, 33.0, 33.0, 33.0, 33.0, 33.0, 33.0, 33.0, 33.0, 33.0, 33.0, 33.0, 33.0, 33.0, 33.0, 33.0, 33.0, 33.0, 33.0, 33.0, 33.0, 33.0, 33.0, 33.0, 33.0, 33.0, 33.0, 33.0, 33.0, 33.0, 33.0, 33.0, 33.0, 33.0, 33.0, 33.0, 33.0, 33.0, 33.0, 33.0, 33.0, 33.0, 33.0, 33.0, 33.0, 33.0, 33.0, 33.0, 33.0, 33.0, 33.0, 33.0, 33.0, 33.0, 33.0, 33.0, 33.0, 33.0, 33.0, 33.0, 33.0, 33.0, 33.0, 33.0, 33.0, 33.0, 33.0, 33.0, 33.0, 33.0, 33.0, 33.0, 33.0, 33.0, 33.0, 33.0, 33.0, 33.0, 33.0, 33.0, 33.0, 33.0, 33.0, 33.0, 33.0, 33.0, 33.0, 33.0, 33.0, 33.0, 33.0, 33.0, 33.0, 33.0, 33.0, 33.0, 33.0, 33.0, 33.0, 33.0, 33.0, 33.0, 33.0, 33.0]",COMPLETE
