,number,value,datetime_start,datetime_complete,duration,params_batch_size_scaler,params_constant_learning_rate,params_depth,params_epochs,params_kernel_l2,params_num_trees,params_temperature,user_attrs_accuracy_test,user_attrs_accuracy_valid,user_attrs_approximate_feature_sparsity,user_attrs_approximate_feature_sparsity_history,user_attrs_approximate_weight_sparsity,user_attrs_approximate_weight_sparsity_history,user_attrs_auc_test,user_attrs_auc_valid,user_attrs_feature_sparsity,user_attrs_feature_sparsity_history,user_attrs_num_epochs,user_attrs_val_loss_history,user_attrs_weight_sparsity,user_attrs_weight_sparsity_history,state
100,100,0.6979557135680334,2024-08-31 04:32:16.581427,2024-08-31 04:34:01.930677,0 days 00:01:45.349250,64,0.060274873501499376,6,240,0.0010434288705401032,29,0.048735260956245814,0.86,0.85875,33,"[33, 33, 33, 33, 33, 33, 33, 33, 33, 33, 33, 33, 33, 33, 33, 33, 33, 33, 33, 33, 33, 33, 33, 33, 33, 33, 33, 33, 33, 33, 33, 33, 33, 33, 33, 33, 33, 33, 33, 33, 33, 33, 33, 33, 33, 33, 33, 33, 33, 33, 33, 33, 33, 33, 33, 33, 33, 33, 33, 33, 33, 33, 33, 33, 33, 33, 33, 33, 33, 33, 33, 33, 33, 33, 33, 33, 33, 33, 33, 33, 33, 33, 33, 33, 33, 33, 33, 33, 33, 33, 33, 33, 33, 33, 33, 33, 33, 33, 33, 33, 33, 33, 33, 33, 33, 33, 33, 33, 33, 33, 33, 33, 33, 33, 33, 33, 33, 33, 33, 33, 33, 33, 33, 33, 33, 33, 33, 33, 33, 33, 33, 33, 33, 33, 33, 33, 33, 33, 33, 33, 33, 33, 33, 33, 33, 33, 33, 33, 33, 33, 33, 33, 33, 33, 33, 33, 33, 33, 33, 33, 33, 33, 33, 33, 33, 33, 33, 33, 33, 33, 33, 33, 33, 33, 33, 33, 33, 33, 33, 33, 33, 33, 33, 33, 33, 33, 33, 33, 33, 33, 33, 33, 33, 33, 33, 33, 33, 33, 33, 33, 33, 33, 33, 33, 33, 33, 33, 33, 33, 33, 33, 33, 33, 33, 33, 33, 33, 33, 33, 33, 33, 33, 33, 33, 33, 33, 33, 33, 33, 33, 33, 33, 33, 33, 33, 33, 33, 33, 33, 33]",32.93431855500821,"[32.94362342638205, 32.945265462506846, 32.95073891625616, 32.9496442255063, 32.94581280788177, 32.94690749863163, 32.946360153256705, 32.9480021893815, 32.94362342638205, 32.94690749863163, 32.94362342638205, 32.94252873563219, 32.94143404488232, 32.93869731800766, 32.93869731800766, 32.94690749863164, 32.94143404488232, 32.94581280788177, 32.94471811713191, 32.94088669950739, 32.94526546250684, 32.94362342638205, 32.93979200875753, 32.93650793650794, 32.93814997263273, 32.94526546250684, 32.94581280788177, 32.94581280788177, 32.94307608100711, 32.94088669950739, 32.941981390257254, 32.94307608100711, 32.94526546250684, 32.94307608100711, 32.93869731800766, 32.94033935413246, 32.940886699507395, 32.940339354132455, 32.944718117131906, 32.94581280788177, 32.94581280788177, 32.946360153256705, 32.94581280788177, 32.94362342638205, 32.94307608100712, 32.94307608100711, 32.94690749863164, 32.944718117131906, 32.93814997263273, 32.93541324575807, 32.93377120963328, 32.93158182813355, 32.928845101258894, 32.93158182813355, 32.93377120963328, 32.93103448275862, 32.930487137383686, 32.93103448275862, 32.92993979200875, 32.934865900383144, 32.93541324575807, 32.93486590038314, 32.93979200875752, 32.94417077175698, 32.941981390257254, 32.94088669950739, 32.93814997263273, 32.93814997263273, 32.93814997263273, 32.9376026272578, 32.93431855500821, 32.933223864258345, 32.93158182813355, 32.933223864258345, 32.93377120963328, 32.93431855500821, 32.93103448275862, 32.93158182813355, 32.92993979200876, 32.93267651888341, 32.927203065134094, 32.92665571975917, 32.92993979200876, 32.93377120963328, 32.933223864258345, 32.93431855500821, 32.934865900383144, 32.93377120963328, 32.934865900383144, 32.934865900383144, 32.934318555008204, 32.93541324575807, 32.93650793650794, 32.93814997263273, 32.93705528188286, 32.93377120963328, 32.93377120963327, 32.93267651888341, 32.93486590038314, 32.937602627257796, 32.93979200875752, 32.93705528188286, 32.937602627257796, 32.93541324575807, 32.93377120963328, 32.937602627257796, 32.93705528188287, 32.9376026272578, 32.93705528188287, 32.9376026272578, 32.93705528188286, 32.93541324575807, 32.93705528188287, 32.93814997263273, 32.93979200875753, 32.94088669950739, 32.93979200875753, 32.941981390257254, 32.94143404488232, 32.94033935413246, 32.941981390257254, 32.93979200875753, 32.93705528188287, 32.93541324575808, 32.93705528188287, 32.93541324575807, 32.939244663382595, 32.941981390257254, 32.94362342638205, 32.941981390257254, 32.94252873563219, 32.941981390257254, 32.941981390257254, 32.940339354132455, 32.94143404488232, 32.94307608100711, 32.939244663382595, 32.93869731800766, 32.93869731800766, 32.93979200875752, 32.94143404488232, 32.939244663382595, 32.94198139025725, 32.940339354132455, 32.93814997263273, 32.93979200875753, 32.93979200875753, 32.939244663382595, 32.940886699507395, 32.938149972632736, 32.938149972632736, 32.940886699507395, 32.941981390257254, 32.94307608100712, 32.94143404488232, 32.93979200875753, 32.940339354132455, 32.93979200875753, 32.93814997263273, 32.93650793650794, 32.93431855500821, 32.935960591133004, 32.93431855500821, 32.93541324575808, 32.93705528188287, 32.93979200875753, 32.94033935413246, 32.939244663382595, 32.93650793650794, 32.938149972632736, 32.94088669950739, 32.94252873563219, 32.94143404488232, 32.94033935413246, 32.939244663382595, 32.94033935413246, 32.93869731800766, 32.93979200875752, 32.93979200875753, 32.93814997263273, 32.93979200875753, 32.93869731800766, 32.9376026272578, 32.93650793650794, 32.93650793650794, 32.934865900383144, 32.93486590038314, 32.935960591133004, 32.937602627257796, 32.937602627257796, 32.93814997263273, 32.93705528188287, 32.93650793650794, 32.93377120963328, 32.93267651888341, 32.93377120963328, 32.93431855500821, 32.933223864258345, 32.93431855500821, 32.932129173508486, 32.93158182813355, 32.93267651888342, 32.93431855500821, 32.933223864258345, 32.933223864258345, 32.934865900383144, 32.935960591133004, 32.93431855500821, 32.93377120963328, 32.93267651888342, 32.930487137383686, 32.932129173508486, 32.93322386425835, 32.934865900383144, 32.93869731800766, 32.93979200875752, 32.938149972632736, 32.935960591133004, 32.93814997263273, 32.937602627257796, 32.935960591133004, 32.93650793650794, 32.935960591133004, 32.93541324575807, 32.93267651888341, 32.933223864258345, 32.93158182813355, 32.93048713738369, 32.93212917350848, 32.93267651888342, 32.93267651888342, 32.93650793650794, 32.93814997263273, 32.93814997263273, 32.93541324575807, 32.93705528188287, 32.93650793650794, 32.9376026272578, 32.93814997263273, 32.93431855500821]",0.7346081126825684,0.6979557135680334,33,"[33, 33, 33, 33, 33, 33, 33, 33, 33, 33, 33, 33, 33, 33, 33, 33, 33, 33, 33, 33, 33, 33, 33, 33, 33, 33, 33, 33, 33, 33, 33, 33, 33, 33, 33, 33, 33, 33, 33, 33, 33, 33, 33, 33, 33, 33, 33, 33, 33, 33, 33, 33, 33, 33, 33, 33, 33, 33, 33, 33, 33, 33, 33, 33, 33, 33, 33, 33, 33, 33, 33, 33, 33, 33, 33, 33, 33, 33, 33, 33, 33, 33, 33, 33, 33, 33, 33, 33, 33, 33, 33, 33, 33, 33, 33, 33, 33, 33, 33, 33, 33, 33, 33, 33, 33, 33, 33, 33, 33, 33, 33, 33, 33, 33, 33, 33, 33, 33, 33, 33, 33, 33, 33, 33, 33, 33, 33, 33, 33, 33, 33, 33, 33, 33, 33, 33, 33, 33, 33, 33, 33, 33, 33, 33, 33, 33, 33, 33, 33, 33, 33, 33, 33, 33, 33, 33, 33, 33, 33, 33, 33, 33, 33, 33, 33, 33, 33, 33, 33, 33, 33, 33, 33, 33, 33, 33, 33, 33, 33, 33, 33, 33, 33, 33, 33, 33, 33, 33, 33, 33, 33, 33, 33, 33, 33, 33, 33, 33, 33, 33, 33, 33, 33, 33, 33, 33, 33, 33, 33, 33, 33, 33, 33, 33, 33, 33, 33, 33, 33, 33, 33, 33, 33, 33, 33, 33, 33, 33, 33, 33, 33, 33, 33, 33, 33, 33, 33, 33, 33, 33]",240,"[0.8323284387588501, 0.7806280255317688, 0.7333526611328125, 0.6926910877227783, 0.657538890838623, 0.6271786093711853, 0.5996651649475098, 0.5763670206069946, 0.556506872177124, 0.5393731594085693, 0.5240705609321594, 0.5113813877105713, 0.4993000030517578, 0.48929470777511597, 0.4796108305454254, 0.4713015854358673, 0.4635738134384155, 0.45744046568870544, 0.4515248239040375, 0.44620808959007263, 0.44113072752952576, 0.437259316444397, 0.4334654211997986, 0.43003955483436584, 0.4270368218421936, 0.42400234937667847, 0.42157068848609924, 0.41930535435676575, 0.4170909523963928, 0.4151257276535034, 0.41300880908966064, 0.4113764464855194, 0.4096372723579407, 0.40812569856643677, 0.40679797530174255, 0.4055277705192566, 0.4044002592563629, 0.4034133553504944, 0.40224742889404297, 0.4014156460762024, 0.4006538689136505, 0.3999118506908417, 0.39909225702285767, 0.3984079360961914, 0.3977009654045105, 0.3971356451511383, 0.3965829908847809, 0.39608728885650635, 0.39558085799217224, 0.3950275778770447, 0.39458587765693665, 0.39410683512687683, 0.39366570115089417, 0.39325419068336487, 0.3928510546684265, 0.39252838492393494, 0.3921300172805786, 0.39179307222366333, 0.3914834260940552, 0.39109596610069275, 0.39080581068992615, 0.3904229998588562, 0.3901110589504242, 0.3897593319416046, 0.38948649168014526, 0.38925936818122864, 0.3889762759208679, 0.3886849880218506, 0.38850119709968567, 0.38824358582496643, 0.3880041241645813, 0.387796014547348, 0.38750848174095154, 0.3872803747653961, 0.38702166080474854, 0.38681864738464355, 0.38658297061920166, 0.3864094913005829, 0.3862125277519226, 0.3859991133213043, 0.3858574628829956, 0.38568785786628723, 0.3855098485946655, 0.38530319929122925, 0.38512879610061646, 0.3849410116672516, 0.3847413957118988, 0.38458773493766785, 0.3843920826911926, 0.3842109441757202, 0.3840000033378601, 0.38387832045555115, 0.38369378447532654, 0.38351136445999146, 0.3833684027194977, 0.38320156931877136, 0.3830760717391968, 0.38289082050323486, 0.3827399015426636, 0.3825577199459076, 0.3823823630809784, 0.3822416067123413, 0.382131963968277, 0.3819788098335266, 0.38181743025779724, 0.38169774413108826, 0.3815637528896332, 0.38140177726745605, 0.3812943398952484, 0.3811688721179962, 0.38103148341178894, 0.3809092342853546, 0.3807864487171173, 0.38064804673194885, 0.38053104281425476, 0.38043907284736633, 0.38032254576683044, 0.380194753408432, 0.38006412982940674, 0.3799414336681366, 0.3798310160636902, 0.37969398498535156, 0.3795582950115204, 0.37944671511650085, 0.37934035062789917, 0.37922829389572144, 0.37911880016326904, 0.3790039122104645, 0.37889525294303894, 0.3788033425807953, 0.3786699175834656, 0.3785688281059265, 0.378487229347229, 0.37837475538253784, 0.37827110290527344, 0.37816670536994934, 0.3780684173107147, 0.3779452443122864, 0.37783148884773254, 0.37770405411720276, 0.37757739424705505, 0.37746039032936096, 0.37736910581588745, 0.37725967168807983, 0.37713706493377686, 0.37704697251319885, 0.37696602940559387, 0.376865029335022, 0.3767806887626648, 0.3766837418079376, 0.376593679189682, 0.37650975584983826, 0.37638863921165466, 0.37626755237579346, 0.3761880099773407, 0.37608325481414795, 0.3760080635547638, 0.37592533230781555, 0.3758307993412018, 0.3757328689098358, 0.37565112113952637, 0.3755428194999695, 0.37546834349632263, 0.3753616213798523, 0.3752405047416687, 0.375142365694046, 0.3750680685043335, 0.3749803304672241, 0.37489378452301025, 0.3748089075088501, 0.3747333288192749, 0.3746470510959625, 0.37456172704696655, 0.37447407841682434, 0.37437689304351807, 0.37431076169013977, 0.37425345182418823, 0.37415754795074463, 0.3740592300891876, 0.3739723861217499, 0.3738935589790344, 0.37379977107048035, 0.37371671199798584, 0.3736291229724884, 0.3735407590866089, 0.37347859144210815, 0.3733900189399719, 0.37327030301094055, 0.3731732666492462, 0.3731108605861664, 0.37302693724632263, 0.3729230761528015, 0.37284141778945923, 0.3727520704269409, 0.3726625144481659, 0.3725862205028534, 0.37249696254730225, 0.3724157214164734, 0.3723655343055725, 0.3722805678844452, 0.37223172187805176, 0.37213921546936035, 0.37205493450164795, 0.3720014691352844, 0.3719155192375183, 0.37183716893196106, 0.371736615896225, 0.3716689944267273, 0.371590793132782, 0.37149688601493835, 0.3714219629764557, 0.3713337779045105, 0.3712402582168579, 0.37116873264312744, 0.3711181879043579, 0.3710540533065796, 0.3709715008735657, 0.3709064722061157, 0.3708411753177643, 0.37075209617614746, 0.3706933557987213, 0.3706403374671936, 0.37058189511299133, 0.3704923689365387, 0.37042438983917236, 0.3703933358192444, 0.3703263998031616, 0.37026023864746094, 0.37019166350364685, 0.3701087236404419, 0.37000641226768494, 0.36992940306663513, 0.36984577775001526, 0.36977511644363403, 0.36968979239463806, 0.36962082982063293, 0.3695772588253021, 0.36951324343681335, 0.36944007873535156, 0.36938029527664185]",33.0,"[33.0, 33.0, 33.0, 33.0, 33.0, 33.0, 33.0, 33.0, 33.0, 33.0, 33.0, 33.0, 33.0, 33.0, 33.0, 33.0, 33.0, 33.0, 33.0, 33.0, 33.0, 33.0, 33.0, 33.0, 33.0, 33.0, 33.0, 33.0, 33.0, 33.0, 33.0, 33.0, 33.0, 33.0, 33.0, 33.0, 33.0, 33.0, 33.0, 33.0, 33.0, 33.0, 33.0, 33.0, 33.0, 33.0, 33.0, 33.0, 33.0, 33.0, 33.0, 33.0, 33.0, 33.0, 33.0, 33.0, 33.0, 33.0, 33.0, 33.0, 33.0, 33.0, 33.0, 33.0, 33.0, 33.0, 33.0, 33.0, 33.0, 33.0, 33.0, 33.0, 33.0, 33.0, 33.0, 33.0, 33.0, 33.0, 33.0, 33.0, 33.0, 33.0, 33.0, 33.0, 33.0, 33.0, 33.0, 33.0, 33.0, 33.0, 33.0, 33.0, 33.0, 33.0, 33.0, 33.0, 33.0, 33.0, 33.0, 33.0, 33.0, 33.0, 33.0, 33.0, 33.0, 33.0, 33.0, 33.0, 33.0, 33.0, 33.0, 33.0, 33.0, 33.0, 33.0, 33.0, 33.0, 33.0, 33.0, 33.0, 33.0, 33.0, 33.0, 33.0, 33.0, 33.0, 33.0, 33.0, 33.0, 33.0, 33.0, 33.0, 33.0, 33.0, 33.0, 33.0, 33.0, 33.0, 33.0, 33.0, 33.0, 33.0, 33.0, 33.0, 33.0, 33.0, 33.0, 33.0, 33.0, 33.0, 33.0, 33.0, 33.0, 33.0, 33.0, 33.0, 33.0, 33.0, 33.0, 33.0, 33.0, 33.0, 33.0, 33.0, 33.0, 33.0, 33.0, 33.0, 33.0, 33.0, 33.0, 33.0, 33.0, 33.0, 33.0, 33.0, 33.0, 33.0, 33.0, 33.0, 33.0, 33.0, 33.0, 33.0, 33.0, 33.0, 33.0, 33.0, 33.0, 33.0, 33.0, 33.0, 33.0, 33.0, 33.0, 33.0, 33.0, 33.0, 33.0, 33.0, 33.0, 33.0, 33.0, 33.0, 33.0, 33.0, 33.0, 33.0, 33.0, 33.0, 33.0, 33.0, 33.0, 33.0, 33.0, 33.0, 33.0, 33.0, 33.0, 33.0, 33.0, 33.0, 33.0, 33.0, 33.0, 33.0, 33.0, 33.0, 33.0, 33.0, 33.0, 33.0, 33.0, 33.0, 33.0, 33.0, 33.0, 33.0, 33.0, 33.0]",COMPLETE
101,101,0.7141927838105911,2024-08-31 04:34:04.007659,2024-08-31 04:34:33.887386,0 days 00:00:29.879727,64,0.10147602875810938,5,135,0.0032460664943773352,13,0.010869624095222519,0.867,0.865,33,"[33, 33, 33, 33, 33, 33, 33, 33, 33, 33, 33, 33, 33, 33, 33, 33, 33, 33, 33, 33, 33, 33, 33, 33, 33, 33, 33, 33, 33, 33, 33, 33, 33, 33, 33, 33, 33, 33, 33, 33, 33, 33, 33, 33, 33, 33, 33, 33, 33, 33, 33, 33, 33, 33, 33, 33, 33, 33, 33, 33, 33, 33, 33, 33, 33, 33, 33, 33, 33, 33, 33, 33, 33, 33, 33, 33, 33, 33, 33, 33, 33, 33, 33, 33, 33, 33, 33, 33, 33, 33, 33, 33, 33, 33, 33, 33, 33, 33, 33, 33, 33, 33, 33, 33, 33, 33, 33, 33, 33, 33, 33, 33, 33, 33, 33, 33, 33, 33, 33, 33, 33, 33, 33, 33, 33, 33, 33, 33, 33, 33, 33, 33, 33, 33, 33]",32.98014888337469,"[32.9727047146402, 32.96774193548387, 32.9727047146402, 32.97518610421836, 32.977667493796524, 32.97022332506204, 32.97518610421836, 32.98263027295285, 32.98014888337469, 32.99007444168734, 32.98759305210918, 32.972704714640194, 32.98014888337469, 32.98263027295285, 32.977667493796524, 32.96526054590571, 32.97022332506204, 32.977667493796524, 32.98263027295285, 32.98014888337469, 32.98014888337469, 32.972704714640194, 32.97022332506203, 32.96526054590571, 32.95781637717121, 32.98014888337469, 32.98014888337469, 32.98511166253102, 32.98511166253102, 32.98511166253102, 32.98759305210918, 32.98759305210918, 32.98014888337469, 32.975186104218366, 32.96526054590571, 32.97022332506204, 32.98014888337469, 32.977667493796524, 32.96526054590571, 32.975186104218366, 32.98014888337469, 32.98263027295285, 32.977667493796524, 32.98014888337469, 32.96774193548387, 32.98014888337469, 32.97518610421836, 32.97518610421836, 32.97518610421836, 32.98014888337469, 32.977667493796524, 32.97022332506204, 32.96774193548387, 32.96029776674938, 32.96029776674938, 32.96277915632754, 32.96526054590571, 32.9727047146402, 32.97022332506204, 32.97518610421836, 32.98511166253102, 32.98014888337469, 32.977667493796524, 32.9727047146402, 32.97022332506204, 32.97022332506204, 32.96526054590571, 32.96526054590571, 32.96774193548387, 32.97022332506204, 32.96526054590571, 32.97022332506204, 32.9727047146402, 32.9727047146402, 32.977667493796524, 32.97022332506203, 32.97518610421836, 32.972704714640194, 32.9727047146402, 32.96774193548387, 32.96277915632754, 32.97022332506204, 32.96774193548387, 32.98511166253102, 32.99007444168734, 32.99007444168734, 32.98511166253102, 32.98263027295285, 32.98511166253102, 32.977667493796524, 32.98014888337469, 32.977667493796524, 32.97518610421836, 32.972704714640194, 32.96774193548387, 32.97022332506203, 32.972704714640194, 32.972704714640194, 32.96029776674938, 32.96526054590571, 32.96526054590571, 32.96526054590571, 32.9727047146402, 32.977667493796524, 32.96774193548387, 32.9727047146402, 32.9727047146402, 32.97022332506204, 32.96277915632754, 32.96526054590571, 32.972704714640194, 32.96774193548387, 32.97022332506204, 32.97022332506204, 32.9727047146402, 32.98014888337469, 32.96774193548387, 32.97518610421836, 32.98014888337469, 32.97022332506204, 32.977667493796524, 32.99007444168734, 32.98511166253102, 32.977667493796524, 32.977667493796524, 32.97518610421836, 32.97518610421836, 32.98014888337469, 32.97022332506204, 32.9727047146402, 32.98014888337469, 32.9727047146402, 32.977667493796524, 32.977667493796524, 32.98014888337469]",0.7530692954862572,0.7141927838105911,33,"[33, 33, 33, 33, 33, 33, 33, 33, 33, 33, 33, 33, 33, 33, 33, 33, 33, 33, 33, 33, 33, 33, 33, 33, 33, 33, 33, 33, 33, 33, 33, 33, 33, 33, 33, 33, 33, 33, 33, 33, 33, 33, 33, 33, 33, 33, 33, 33, 33, 33, 33, 33, 33, 33, 33, 33, 33, 33, 33, 33, 33, 33, 33, 33, 33, 33, 33, 33, 33, 33, 33, 33, 33, 33, 33, 33, 33, 33, 33, 33, 33, 33, 33, 33, 33, 33, 33, 33, 33, 33, 33, 33, 33, 33, 33, 33, 33, 33, 33, 33, 33, 33, 33, 33, 33, 33, 33, 33, 33, 33, 33, 33, 33, 33, 33, 33, 33, 33, 33, 33, 33, 33, 33, 33, 33, 33, 33, 33, 33, 33, 33, 33, 33, 33, 33]",135,"[0.695485532283783, 0.6368874907493591, 0.5904569625854492, 0.5538470149040222, 0.5254133343696594, 0.5025169253349304, 0.4837276339530945, 0.4680497646331787, 0.45623916387557983, 0.4464782476425171, 0.43801644444465637, 0.43106088042259216, 0.42523032426834106, 0.4202267825603485, 0.416449636220932, 0.4129413962364197, 0.4095081090927124, 0.40667229890823364, 0.40398871898651123, 0.4016619622707367, 0.3999751806259155, 0.3981063961982727, 0.39642852544784546, 0.39498454332351685, 0.39386889338493347, 0.39259666204452515, 0.3913007378578186, 0.39043939113616943, 0.3896119296550751, 0.3885873854160309, 0.38772475719451904, 0.38691243529319763, 0.3862183392047882, 0.3855409622192383, 0.38485509157180786, 0.3842470049858093, 0.3836492598056793, 0.38317787647247314, 0.3827280104160309, 0.38221386075019836, 0.3816446363925934, 0.381104975938797, 0.3806600868701935, 0.38031187653541565, 0.3798772096633911, 0.3794732987880707, 0.3790045976638794, 0.3787368834018707, 0.3783043324947357, 0.3779076039791107, 0.3775005340576172, 0.37725940346717834, 0.37690579891204834, 0.3765193223953247, 0.37613365054130554, 0.37572193145751953, 0.3754798173904419, 0.3751261234283447, 0.37481316924095154, 0.37455740571022034, 0.37424546480178833, 0.37395161390304565, 0.3737056851387024, 0.3733918070793152, 0.37305137515068054, 0.3727560043334961, 0.37248218059539795, 0.37224146723747253, 0.37198421359062195, 0.37168753147125244, 0.371418833732605, 0.3711814880371094, 0.3709122836589813, 0.37067118287086487, 0.370425820350647, 0.3701739013195038, 0.369874507188797, 0.36962831020355225, 0.3694063425064087, 0.3691755533218384, 0.36894768476486206, 0.36870747804641724, 0.3683827519416809, 0.3681851327419281, 0.3679658770561218, 0.36768677830696106, 0.3674379587173462, 0.3672807216644287, 0.36704549193382263, 0.3668220639228821, 0.3665488362312317, 0.3662932515144348, 0.36610671877861023, 0.3658495843410492, 0.36573201417922974, 0.3655146062374115, 0.3652586340904236, 0.36507147550582886, 0.3649276793003082, 0.3646785616874695, 0.3645123541355133, 0.36424311995506287, 0.3640713393688202, 0.3638900816440582, 0.3636993169784546, 0.3634685277938843, 0.36334583163261414, 0.3631525933742523, 0.36293789744377136, 0.3627733886241913, 0.3626140356063843, 0.3624942898750305, 0.36231642961502075, 0.3621850311756134, 0.36201903223991394, 0.3618163764476776, 0.3617139458656311, 0.3616044223308563, 0.36141690611839294, 0.36119315028190613, 0.36105111241340637, 0.3608429431915283, 0.36063480377197266, 0.36051005125045776, 0.36041760444641113, 0.36012017726898193, 0.35991284251213074, 0.359676718711853, 0.3594755530357361, 0.3592723608016968, 0.3590584695339203, 0.35886549949645996, 0.35865718126296997, 0.35846370458602905, 0.358262836933136]",33.0,"[33.0, 33.0, 33.0, 33.0, 33.0, 33.0, 33.0, 33.0, 33.0, 33.0, 33.0, 33.0, 33.0, 33.0, 33.0, 33.0, 33.0, 33.0, 33.0, 33.0, 33.0, 33.0, 33.0, 33.0, 33.0, 33.0, 33.0, 33.0, 33.0, 33.0, 33.0, 33.0, 33.0, 33.0, 33.0, 33.0, 33.0, 33.0, 33.0, 33.0, 33.0, 33.0, 33.0, 33.0, 33.0, 33.0, 33.0, 33.0, 33.0, 33.0, 33.0, 33.0, 33.0, 33.0, 33.0, 33.0, 33.0, 33.0, 33.0, 33.0, 33.0, 33.0, 33.0, 33.0, 33.0, 33.0, 33.0, 33.0, 33.0, 33.0, 33.0, 33.0, 33.0, 33.0, 33.0, 33.0, 33.0, 33.0, 33.0, 33.0, 33.0, 33.0, 33.0, 33.0, 33.0, 33.0, 33.0, 33.0, 33.0, 33.0, 33.0, 33.0, 33.0, 33.0, 33.0, 33.0, 33.0, 33.0, 33.0, 33.0, 33.0, 33.0, 33.0, 33.0, 33.0, 33.0, 33.0, 33.0, 33.0, 33.0, 33.0, 33.0, 33.0, 33.0, 33.0, 33.0, 33.0, 33.0, 33.0, 33.0, 33.0, 33.0, 33.0, 33.0, 33.0, 33.0, 33.0, 33.0, 33.0, 33.0, 33.0, 33.0, 33.0, 33.0, 33.0]",COMPLETE
