,number,value,datetime_start,datetime_complete,duration,params_batch_size_scaler,params_constant_learning_rate,params_depth,params_epochs,params_kernel_l2,params_num_trees,params_temperature,user_attrs_accuracy_test,user_attrs_accuracy_valid,user_attrs_approximate_feature_sparsity,user_attrs_approximate_feature_sparsity_history,user_attrs_approximate_weight_sparsity,user_attrs_approximate_weight_sparsity_history,user_attrs_auc_test,user_attrs_auc_valid,user_attrs_feature_sparsity,user_attrs_feature_sparsity_history,user_attrs_num_epochs,user_attrs_val_loss_history,user_attrs_weight_sparsity,user_attrs_weight_sparsity_history,state
160,160,0.7933557470598087,2024-08-31 07:03:36.802594,2024-08-31 07:06:01.824959,0 days 00:02:25.022365,1,4.552209435634159,2,145,0.0016210063720708437,69,0.020597522125040603,0.9,0.875,21,"[8, 10, 10, 10, 10, 10, 11, 11, 13, 13, 13, 13, 13, 13, 15, 15, 15, 15, 15, 15, 15, 15, 15, 15, 15, 16, 18, 18, 18, 19, 19, 19, 19, 20, 20, 20, 20, 20, 20, 20, 20, 20, 20, 20, 20, 20, 20, 20, 20, 20, 20, 20, 20, 20, 20, 20, 20, 20, 20, 20, 20, 20, 20, 20, 20, 20, 20, 20, 20, 20, 20, 20, 20, 20, 20, 20, 20, 20, 20, 20, 20, 20, 20, 20, 20, 20, 20, 20, 20, 20, 20, 20, 20, 20, 20, 20, 20, 20, 20, 20, 21, 21, 21, 21, 21, 21, 21, 21, 21, 21, 21, 21, 21, 21, 21, 21, 21, 21, 21, 21, 21, 21, 21, 21, 21, 21, 21, 21, 21, 21, 21, 21, 21, 21, 21, 21, 21, 21, 21, 21, 21, 21, 21, 21, 21]",20.995169082125603,"[8.0, 10.0, 10.0, 10.0, 10.0, 10.0, 11.0, 11.0, 13.0, 13.0, 13.0, 13.0, 13.0, 13.0, 14.995169082125603, 15.0, 15.0, 15.0, 15.0, 15.0, 15.0, 15.0, 15.0, 15.0, 15.0, 15.85024154589372, 17.990338164251206, 17.990338164251206, 18.0, 18.980676328502415, 19.0, 19.0, 18.990338164251206, 19.985507246376812, 20.0, 20.0, 20.0, 20.0, 20.0, 20.0, 20.0, 20.0, 20.0, 20.0, 20.0, 20.0, 20.0, 20.0, 20.0, 20.0, 20.0, 20.0, 20.0, 20.0, 20.0, 19.995169082125603, 20.0, 20.0, 20.0, 20.0, 20.0, 20.0, 20.0, 20.0, 20.0, 20.0, 20.0, 20.0, 20.0, 20.0, 20.0, 20.0, 19.995169082125603, 19.995169082125603, 20.0, 20.0, 19.995169082125603, 19.995169082125603, 20.0, 20.0, 19.995169082125603, 20.0, 20.0, 20.0, 20.0, 20.0, 20.0, 20.0, 20.0, 20.0, 19.995169082125603, 20.0, 20.0, 20.0, 20.0, 20.0, 20.0, 20.0, 20.0, 20.0, 20.966183574879228, 20.985507246376812, 20.990338164251206, 20.995169082125603, 20.995169082125603, 20.995169082125603, 20.995169082125603, 20.995169082125603, 20.995169082125603, 20.995169082125603, 20.995169082125603, 20.995169082125603, 20.995169082125603, 20.985507246376812, 20.995169082125603, 20.995169082125603, 20.995169082125603, 20.995169082125603, 20.995169082125603, 20.995169082125603, 20.995169082125603, 20.995169082125603, 20.995169082125603, 20.995169082125603, 20.990338164251206, 20.995169082125603, 20.995169082125603, 20.995169082125603, 20.995169082125603, 20.995169082125603, 20.995169082125603, 20.995169082125603, 20.995169082125603, 20.995169082125603, 20.995169082125603, 20.995169082125603, 20.995169082125603, 20.995169082125603, 20.995169082125603, 20.995169082125603, 20.995169082125603, 20.995169082125603, 20.995169082125603, 20.995169082125603, 20.995169082125603]",0.7901898133240863,0.7933557470598087,21,"[8, 10, 10, 10, 10, 10, 11, 11, 13, 13, 13, 13, 13, 13, 15, 15, 15, 15, 15, 15, 15, 15, 15, 15, 15, 16, 18, 18, 18, 19, 19, 19, 19, 20, 20, 20, 20, 20, 20, 20, 20, 20, 20, 20, 20, 20, 20, 20, 20, 20, 20, 20, 20, 20, 20, 20, 20, 20, 20, 20, 20, 20, 20, 20, 20, 20, 20, 20, 20, 20, 20, 20, 20, 20, 20, 20, 20, 20, 20, 20, 20, 20, 20, 20, 20, 20, 20, 20, 20, 20, 20, 20, 20, 20, 20, 20, 20, 20, 20, 20, 21, 21, 21, 21, 21, 21, 21, 21, 21, 21, 21, 21, 21, 21, 21, 21, 21, 21, 21, 21, 21, 21, 21, 21, 21, 21, 21, 21, 21, 21, 21, 21, 21, 21, 21, 21, 21, 21, 21, 21, 21, 21, 21, 21, 21]",145,"[12.114953994750977, 8.316566467285156, 8.318190574645996, 3.716038227081299, 5.6094865798950195, 4.922868251800537, 5.077052116394043, 3.326343059539795, 15.767729759216309, 7.594105243682861, 5.885195732116699, 4.180215358734131, 3.8084261417388916, 11.4281587600708, 13.406543731689453, 6.234139442443848, 6.603000640869141, 4.424781322479248, 10.486810684204102, 4.722982406616211, 10.9608154296875, 7.516420364379883, 9.011201858520508, 4.399783611297607, 6.314981460571289, 18.878276824951172, 5.264918327331543, 4.6239824295043945, 5.401715278625488, 4.96788215637207, 5.257533073425293, 3.95798397064209, 4.87959098815918, 6.935125827789307, 5.797661304473877, 4.521226406097412, 5.937074184417725, 4.560558319091797, 7.756349563598633, 4.964514255523682, 4.51542854309082, 6.677241802215576, 5.281854152679443, 6.2667155265808105, 5.097099781036377, 4.827540397644043, 5.718217849731445, 5.825264930725098, 7.170527935028076, 6.22612190246582, 5.052290439605713, 5.784347057342529, 6.260327339172363, 5.763134002685547, 5.6369948387146, 5.265655994415283, 5.704799652099609, 6.468339443206787, 5.591836929321289, 5.9044575691223145, 6.328449249267578, 5.554315090179443, 6.727756977081299, 6.459496974945068, 8.213155746459961, 6.699811935424805, 5.314902305603027, 5.602090835571289, 6.236734390258789, 8.54509162902832, 6.2168498039245605, 6.544551372528076, 6.412689685821533, 6.1159844398498535, 6.488861560821533, 5.818918228149414, 7.9999098777771, 7.585464000701904, 5.841343879699707, 6.4226298332214355, 6.271951675415039, 6.3837571144104, 7.277346134185791, 6.486251354217529, 6.440558910369873, 7.534770488739014, 11.011955261230469, 6.763636589050293, 7.262628078460693, 7.403261184692383, 6.811236381530762, 6.98068380355835, 6.976041793823242, 7.273555755615234, 6.263609409332275, 6.252758026123047, 6.562741279602051, 6.818077564239502, 6.352118015289307, 6.551245212554932, 7.292913913726807, 7.141976356506348, 7.354235649108887, 6.384685039520264, 8.182357788085938, 7.2711334228515625, 8.893077850341797, 7.208197593688965, 7.661030292510986, 8.324599266052246, 7.7176008224487305, 7.126550674438477, 6.9796576499938965, 8.307755470275879, 7.826650619506836, 8.10701847076416, 8.182636260986328, 6.9978461265563965, 6.708603382110596, 7.746336460113525, 6.5837836265563965, 13.730507850646973, 7.349084377288818, 6.993950843811035, 7.895584583282471, 7.954146862030029, 9.09689998626709, 7.3231306076049805, 7.772327423095703, 7.5503010749816895, 9.47482681274414, 8.923989295959473, 9.220033645629883, 7.260478496551514, 8.18508243560791, 7.0314555168151855, 7.558904647827148, 8.148898124694824, 8.853679656982422, 8.44731330871582, 9.457099914550781, 9.023841857910156, 7.630228042602539, 7.820109844207764, 7.313288688659668]",21.0,"[8.0, 10.0, 10.0, 10.0, 10.0, 10.0, 11.0, 11.0, 13.0, 13.0, 13.0, 13.0, 13.0, 13.0, 15.0, 15.0, 15.0, 15.0, 15.0, 15.0, 15.0, 15.0, 15.0, 15.0, 15.0, 16.0, 18.0, 18.0, 18.0, 19.0, 19.0, 19.0, 19.0, 20.0, 20.0, 20.0, 20.0, 20.0, 20.0, 20.0, 20.0, 20.0, 20.0, 20.0, 20.0, 20.0, 20.0, 20.0, 20.0, 20.0, 20.0, 20.0, 20.0, 20.0, 20.0, 20.0, 20.0, 20.0, 20.0, 20.0, 20.0, 20.0, 20.0, 20.0, 20.0, 20.0, 20.0, 20.0, 20.0, 20.0, 20.0, 20.0, 20.0, 20.0, 20.0, 20.0, 20.0, 20.0, 20.0, 20.0, 20.0, 20.0, 20.0, 20.0, 20.0, 20.0, 20.0, 20.0, 20.0, 20.0, 20.0, 20.0, 20.0, 20.0, 20.0, 20.0, 20.0, 20.0, 20.0, 20.0, 21.0, 21.0, 21.0, 21.0, 21.0, 21.0, 21.0, 21.0, 21.0, 21.0, 21.0, 21.0, 21.0, 21.0, 21.0, 21.0, 21.0, 21.0, 21.0, 21.0, 21.0, 21.0, 21.0, 21.0, 21.0, 21.0, 21.0, 21.0, 21.0, 21.0, 21.0, 21.0, 21.0, 21.0, 21.0, 21.0, 21.0, 21.0, 21.0, 21.0, 21.0, 21.0, 21.0, 21.0, 21.0]",COMPLETE
