,number,value,datetime_start,datetime_complete,duration,params_batch_size_scaler,params_constant_learning_rate,params_depth,params_epochs,params_kernel_l2,params_num_trees,params_temperature,user_attrs_accuracy_test,user_attrs_accuracy_valid,user_attrs_approximate_feature_sparsity,user_attrs_approximate_feature_sparsity_history,user_attrs_approximate_weight_sparsity,user_attrs_approximate_weight_sparsity_history,user_attrs_auc_test,user_attrs_auc_valid,user_attrs_feature_sparsity,user_attrs_feature_sparsity_history,user_attrs_num_epochs,user_attrs_val_loss_history,user_attrs_weight_sparsity,user_attrs_weight_sparsity_history,state
33,33,0.5,2024-08-31 01:28:33.439145,2024-08-31 01:31:00.063350,0 days 00:02:26.624205,1,3.4404662448542025,2,285,0.37366266290205374,42,0.0019929938631894724,0.141,0.14125,0,"[0, 0, 0, 0, 0, 0, 0, 0, 0, 0, 0, 0, 0, 0, 0, 0, 0, 0, 0, 0, 0, 0, 0, 0, 0, 0, 0, 0, 0, 0, 0, 0, 0, 0, 0, 0, 0, 0, 0, 0, 0, 0, 0, 0, 0, 0, 0, 0, 0, 0, 0, 0, 0, 0, 0, 0, 0, 0, 0, 0, 0, 0, 0, 0, 0, 0, 0, 0, 0, 0, 0, 0, 0, 0, 0, 0, 0, 0, 0, 0, 0, 0, 0, 0, 0, 0, 0, 0, 0, 0, 0, 0, 0, 0, 0, 0, 0, 0, 0, 0, 0, 0, 0, 0, 0, 0, 0, 0, 0, 0, 0, 0, 0, 0, 0, 0, 0, 0, 0, 0, 0, 0, 0, 0, 0, 0, 0, 0, 0, 0, 0, 0, 0, 0, 0, 0, 0, 0, 0, 0, 0, 0, 0, 0, 0, 0, 0, 0, 0, 0, 0, 0, 0, 0, 0, 0, 0, 0, 0, 0, 0, 0, 0, 0, 0, 0, 0, 0, 0, 0, 0, 0, 0, 0, 0, 0, 0, 0, 0, 0, 0, 0, 0, 0, 0, 0, 0, 0, 0, 0, 0, 0, 0, 0, 0, 0, 0, 0, 0, 0, 0, 0, 0, 0, 0, 0, 0, 0, 0, 0, 0, 0, 0, 0, 0, 0, 0, 0, 0, 0, 0, 0, 0, 0, 0, 0, 0, 0, 0, 0, 0, 0, 0, 0, 0, 0, 0, 0, 0, 0, 0, 0, 0, 0, 0, 0, 0, 0, 0, 0, 0, 0, 0, 0, 0, 0, 0, 0, 0, 0, 0, 0, 0, 0, 0, 0, 0, 0, 0, 0, 0, 0, 0, 0, 0, 0, 0, 0, 0, 0, 0, 0, 0, 0, 0]",0.0,"[0.0, 0.0, 0.0, 0.0, 0.0, 0.0, 0.0, 0.0, 0.0, 0.0, 0.0, 0.0, 0.0, 0.0, 0.0, 0.0, 0.0, 0.0, 0.0, 0.0, 0.0, 0.0, 0.0, 0.0, 0.0, 0.0, 0.0, 0.0, 0.0, 0.0, 0.0, 0.0, 0.0, 0.0, 0.0, 0.0, 0.0, 0.0, 0.0, 0.0, 0.0, 0.0, 0.0, 0.0, 0.0, 0.0, 0.0, 0.0, 0.0, 0.0, 0.0, 0.0, 0.0, 0.0, 0.0, 0.0, 0.0, 0.0, 0.0, 0.0, 0.0, 0.0, 0.0, 0.0, 0.0, 0.0, 0.0, 0.0, 0.0, 0.0, 0.0, 0.0, 0.0, 0.0, 0.0, 0.0, 0.0, 0.0, 0.0, 0.0, 0.0, 0.0, 0.0, 0.0, 0.0, 0.0, 0.0, 0.0, 0.0, 0.0, 0.0, 0.0, 0.0, 0.0, 0.0, 0.0, 0.0, 0.0, 0.0, 0.0, 0.0, 0.0, 0.0, 0.0, 0.0, 0.0, 0.0, 0.0, 0.0, 0.0, 0.0, 0.0, 0.0, 0.0, 0.0, 0.0, 0.0, 0.0, 0.0, 0.0, 0.0, 0.0, 0.0, 0.0, 0.0, 0.0, 0.0, 0.0, 0.0, 0.0, 0.0, 0.0, 0.0, 0.0, 0.0, 0.0, 0.0, 0.0, 0.0, 0.0, 0.0, 0.0, 0.0, 0.0, 0.0, 0.0, 0.0, 0.0, 0.0, 0.0, 0.0, 0.0, 0.0, 0.0, 0.0, 0.0, 0.0, 0.0, 0.0, 0.0, 0.0, 0.0, 0.0, 0.0, 0.0, 0.0, 0.0, 0.0, 0.0, 0.0, 0.0, 0.0, 0.0, 0.0, 0.0, 0.0, 0.0, 0.0, 0.0, 0.0, 0.0, 0.0, 0.0, 0.0, 0.0, 0.0, 0.0, 0.0, 0.0, 0.0, 0.0, 0.0, 0.0, 0.0, 0.0, 0.0, 0.0, 0.0, 0.0, 0.0, 0.0, 0.0, 0.0, 0.0, 0.0, 0.0, 0.0, 0.0, 0.0, 0.0, 0.0, 0.0, 0.0, 0.0, 0.0, 0.0, 0.0, 0.0, 0.0, 0.0, 0.0, 0.0, 0.0, 0.0, 0.0, 0.0, 0.0, 0.0, 0.0, 0.0, 0.0, 0.0, 0.0, 0.0, 0.0, 0.0, 0.0, 0.0, 0.0, 0.0, 0.0, 0.0, 0.0, 0.0, 0.0, 0.0, 0.0, 0.0, 0.0, 0.0, 0.0, 0.0, 0.0, 0.0, 0.0, 0.0, 0.0, 0.0, 0.0, 0.0, 0.0, 0.0, 0.0, 0.0, 0.0, 0.0, 0.0, 0.0, 0.0, 0.0, 0.0, 0.0, 0.0, 0.0, 0.0, 0.0, 0.0, 0.0, 0.0, 0.0, 0.0, 0.0, 0.0, 0.0, 0.0]",0.5,0.5,0,"[0, 0, 0, 0, 0, 0, 0, 0, 0, 0, 0, 0, 0, 0, 0, 0, 0, 0, 0, 0, 0, 0, 0, 0, 0, 0, 0, 0, 0, 0, 0, 0, 0, 0, 0, 0, 0, 0, 0, 0, 0, 0, 0, 0, 0, 0, 0, 0, 0, 0, 0, 0, 0, 0, 0, 0, 0, 0, 0, 0, 0, 0, 0, 0, 0, 0, 0, 0, 0, 0, 0, 0, 0, 0, 0, 0, 0, 0, 0, 0, 0, 0, 0, 0, 0, 0, 0, 0, 0, 0, 0, 0, 0, 0, 0, 0, 0, 0, 0, 0, 0, 0, 0, 0, 0, 0, 0, 0, 0, 0, 0, 0, 0, 0, 0, 0, 0, 0, 0, 0, 0, 0, 0, 0, 0, 0, 0, 0, 0, 0, 0, 0, 0, 0, 0, 0, 0, 0, 0, 0, 0, 0, 0, 0, 0, 0, 0, 0, 0, 0, 0, 0, 0, 0, 0, 0, 0, 0, 0, 0, 0, 0, 0, 0, 0, 0, 0, 0, 0, 0, 0, 0, 0, 0, 0, 0, 0, 0, 0, 0, 0, 0, 0, 0, 0, 0, 0, 0, 0, 0, 0, 0, 0, 0, 0, 0, 0, 0, 0, 0, 0, 0, 0, 0, 0, 0, 0, 0, 0, 0, 0, 0, 0, 0, 0, 0, 0, 0, 0, 0, 0, 0, 0, 0, 0, 0, 0, 0, 0, 0, 0, 0, 0, 0, 0, 0, 0, 0, 0, 0, 0, 0, 0, 0, 0, 0, 0, 0, 0, 0, 0, 0, 0, 0, 0, 0, 0, 0, 0, 0, 0, 0, 0, 0, 0, 0, 0, 0, 0, 0, 0, 0, 0, 0, 0, 0, 0, 0, 0, 0, 0, 0, 0, 0, 0]",285,"[4.316218376159668, 1.8947032690048218, 8.059764862060547, 1.1727473735809326, 3.336735725402832, 5.2344560623168945, 4.161391735076904, 0.5066840052604675, 1.1666152477264404, 1.0264317989349365, 1.7150944471359253, 7.2648420333862305, 2.6099865436553955, 2.317883014678955, 1.03750741481781, 8.136189460754395, 3.5846967697143555, 2.3089182376861572, 3.564260959625244, 1.1278458833694458, 7.835242748260498, 1.4331183433532715, 3.717414617538452, 3.709158420562744, 6.5587544441223145, 0.4113866686820984, 8.088994026184082, 2.3995299339294434, 2.643578290939331, 6.322365760803223, 2.2205612659454346, 8.125349998474121, 4.822488784790039, 0.7631618976593018, 7.862597465515137, 0.8816102743148804, 5.5022430419921875, 2.9751346111297607, 6.574055194854736, 2.1280815601348877, 0.6780120134353638, 5.293683052062988, 0.5515792369842529, 0.8896917700767517, 2.684033155441284, 1.1390442848205566, 0.41177424788475037, 1.5422074794769287, 0.6924751996994019, 3.354297399520874, 2.6765353679656982, 2.894247055053711, 0.4877345561981201, 4.906759262084961, 5.480065822601318, 6.281635761260986, 0.4262814223766327, 1.0214550495147705, 2.012230157852173, 4.590233325958252, 0.548872709274292, 1.1283159255981445, 5.082723617553711, 4.000278949737549, 0.46456244587898254, 8.517162322998047, 0.41112929582595825, 4.18669319152832, 1.356224775314331, 5.260648250579834, 6.811359405517578, 0.5127810835838318, 0.8612964153289795, 2.617917776107788, 0.977780282497406, 4.38444709777832, 6.124856472015381, 1.1107714176177979, 4.753973007202148, 6.2503662109375, 0.798474907875061, 4.778449058532715, 1.3378829956054688, 4.789691925048828, 0.49413642287254333, 6.941379547119141, 3.0174758434295654, 2.647559881210327, 1.4432826042175293, 1.410911202430725, 3.499546527862549, 1.1619302034378052, 5.1986613273620605, 6.876039981842041, 9.25271987915039, 5.449846267700195, 2.8023595809936523, 10.392660140991211, 0.46343743801116943, 2.3954427242279053, 3.918031930923462, 2.380077838897705, 0.4995175898075104, 0.9371579885482788, 8.01364803314209, 2.095100164413452, 2.6867499351501465, 6.292835235595703, 6.516396522521973, 3.651867389678955, 0.8366811871528625, 3.0434341430664062, 0.7362847328186035, 3.574681043624878, 2.4637558460235596, 2.4210495948791504, 1.090956687927246, 7.1480712890625, 0.5157692432403564, 3.3429784774780273, 1.0162354707717896, 3.8116419315338135, 0.5387269854545593, 7.529902458190918, 4.727083683013916, 5.991372585296631, 7.915772914886475, 0.48976680636405945, 7.485051155090332, 6.739899158477783, 1.214613914489746, 0.5273560285568237, 3.992035150527954, 1.4722942113876343, 6.761169910430908, 6.663220405578613, 0.48315364122390747, 7.866410732269287, 3.0681450366973877, 6.262742519378662, 1.7426053285598755, 0.8423596024513245, 5.270900249481201, 4.215527534484863, 4.197364330291748, 3.040102481842041, 2.863403558731079, 0.5500836968421936, 3.605910539627075, 9.052714347839355, 8.607985496520996, 7.344834804534912, 3.4412076473236084, 4.633720874786377, 4.657259941101074, 2.723585605621338, 6.879751205444336, 3.635462999343872, 0.9522225260734558, 1.338921308517456, 5.410102367401123, 2.7716524600982666, 2.9767794609069824, 6.5862250328063965, 2.963862895965576, 3.010073661804199, 5.359305381774902, 5.919327259063721, 3.7031548023223877, 0.7810476422309875, 2.275190830230713, 2.505776882171631, 6.629701137542725, 5.96040153503418, 3.8824939727783203, 6.776020526885986, 1.162136197090149, 6.0994977951049805, 0.542224109172821, 2.970492362976074, 1.237289547920227, 3.6267049312591553, 0.7561002373695374, 3.558190107345581, 2.803088665008545, 4.186758995056152, 4.765840530395508, 1.6161819696426392, 5.426752090454102, 6.502538681030273, 6.610054969787598, 1.0496952533721924, 7.397446155548096, 1.8438286781311035, 7.424277305603027, 1.718700885772705, 6.184621810913086, 3.295269727706909, 4.411640644073486, 6.1634650230407715, 2.537046432495117, 6.281404972076416, 2.607841730117798, 5.908553600311279, 1.0271676778793335, 3.4134042263031006, 3.107882499694824, 6.782964706420898, 0.4433404505252838, 6.523524284362793, 7.924161434173584, 7.534915924072266, 0.41826435923576355, 0.413291335105896, 2.871218681335449, 3.908426284790039, 5.720241069793701, 2.137448310852051, 6.662186145782471, 6.55671501159668, 2.7557122707366943, 5.886361122131348, 1.782772183418274, 1.394638180732727, 8.822957038879395, 2.3749208450317383, 8.043752670288086, 4.5840253829956055, 1.6846085786819458, 2.427267551422119, 1.3506208658218384, 5.5948028564453125, 4.861608505249023, 3.0130462646484375, 2.3730621337890625, 6.470191478729248, 10.35441780090332, 4.333950996398926, 2.0521230697631836, 5.345841884613037, 0.8831185102462769, 2.2850637435913086, 0.4285290539264679, 7.477281093597412, 6.736997127532959, 1.6853995323181152, 8.271320343017578, 7.271655082702637, 2.162367820739746, 3.653850793838501, 3.0346436500549316, 2.3815882205963135, 5.414944648742676, 6.053279876708984, 3.6135261058807373, 0.4259832799434662, 5.627092361450195, 0.5984441637992859, 4.9079694747924805, 4.193012237548828, 4.800142288208008, 1.6841557025909424, 6.50141716003418, 1.3247132301330566, 8.060718536376953, 5.481499671936035, 2.4503116607666016, 2.1915032863616943, 0.7486958503723145, 5.613137722015381, 2.4177350997924805, 0.4104451835155487, 2.9821102619171143, 6.502593994140625, 2.402237892150879, 8.796256065368652, 6.892584800720215, 0.4368753433227539, 1.8836477994918823, 8.696759223937988, 10.3280611038208, 1.7194817066192627, 6.732663154602051, 3.697114944458008, 2.711085319519043]",0.0,"[0.0, 0.0, 0.0, 0.0, 0.0, 0.0, 0.0, 0.0, 0.0, 0.0, 0.0, 0.0, 0.0, 0.0, 0.0, 0.0, 0.0, 0.0, 0.0, 0.0, 0.0, 0.0, 0.0, 0.0, 0.0, 0.0, 0.0, 0.0, 0.0, 0.0, 0.0, 0.0, 0.0, 0.0, 0.0, 0.0, 0.0, 0.0, 0.0, 0.0, 0.0, 0.0, 0.0, 0.0, 0.0, 0.0, 0.0, 0.0, 0.0, 0.0, 0.0, 0.0, 0.0, 0.0, 0.0, 0.0, 0.0, 0.0, 0.0, 0.0, 0.0, 0.0, 0.0, 0.0, 0.0, 0.0, 0.0, 0.0, 0.0, 0.0, 0.0, 0.0, 0.0, 0.0, 0.0, 0.0, 0.0, 0.0, 0.0, 0.0, 0.0, 0.0, 0.0, 0.0, 0.0, 0.0, 0.0, 0.0, 0.0, 0.0, 0.0, 0.0, 0.0, 0.0, 0.0, 0.0, 0.0, 0.0, 0.0, 0.0, 0.0, 0.0, 0.0, 0.0, 0.0, 0.0, 0.0, 0.0, 0.0, 0.0, 0.0, 0.0, 0.0, 0.0, 0.0, 0.0, 0.0, 0.0, 0.0, 0.0, 0.0, 0.0, 0.0, 0.0, 0.0, 0.0, 0.0, 0.0, 0.0, 0.0, 0.0, 0.0, 0.0, 0.0, 0.0, 0.0, 0.0, 0.0, 0.0, 0.0, 0.0, 0.0, 0.0, 0.0, 0.0, 0.0, 0.0, 0.0, 0.0, 0.0, 0.0, 0.0, 0.0, 0.0, 0.0, 0.0, 0.0, 0.0, 0.0, 0.0, 0.0, 0.0, 0.0, 0.0, 0.0, 0.0, 0.0, 0.0, 0.0, 0.0, 0.0, 0.0, 0.0, 0.0, 0.0, 0.0, 0.0, 0.0, 0.0, 0.0, 0.0, 0.0, 0.0, 0.0, 0.0, 0.0, 0.0, 0.0, 0.0, 0.0, 0.0, 0.0, 0.0, 0.0, 0.0, 0.0, 0.0, 0.0, 0.0, 0.0, 0.0, 0.0, 0.0, 0.0, 0.0, 0.0, 0.0, 0.0, 0.0, 0.0, 0.0, 0.0, 0.0, 0.0, 0.0, 0.0, 0.0, 0.0, 0.0, 0.0, 0.0, 0.0, 0.0, 0.0, 0.0, 0.0, 0.0, 0.0, 0.0, 0.0, 0.0, 0.0, 0.0, 0.0, 0.0, 0.0, 0.0, 0.0, 0.0, 0.0, 0.0, 0.0, 0.0, 0.0, 0.0, 0.0, 0.0, 0.0, 0.0, 0.0, 0.0, 0.0, 0.0, 0.0, 0.0, 0.0, 0.0, 0.0, 0.0, 0.0, 0.0, 0.0, 0.0, 0.0, 0.0, 0.0, 0.0, 0.0, 0.0, 0.0, 0.0, 0.0, 0.0, 0.0, 0.0, 0.0, 0.0, 0.0, 0.0, 0.0, 0.0, 0.0, 0.0, 0.0, 0.0]",COMPLETE
