,number,value,datetime_start,datetime_complete,duration,params_batch_size_scaler,params_constant_learning_rate,params_depth,params_epochs,params_kernel_l2,params_num_trees,params_temperature,user_attrs_accuracy_test,user_attrs_accuracy_valid,user_attrs_approximate_feature_sparsity,user_attrs_approximate_feature_sparsity_history,user_attrs_approximate_weight_sparsity,user_attrs_approximate_weight_sparsity_history,user_attrs_auc_test,user_attrs_auc_valid,user_attrs_feature_sparsity,user_attrs_feature_sparsity_history,user_attrs_num_epochs,user_attrs_val_loss_history,user_attrs_weight_sparsity,user_attrs_weight_sparsity_history,state
140,140,0.9257384292357436,2024-08-31 06:13:32.329751,2024-08-31 06:15:21.951840,0 days 00:01:49.622089,4,0.041961735634523524,1,365,0.13183844784437113,93,0.00016662201890380347,0.932,0.92875,17,"[33, 33, 33, 33, 33, 33, 33, 33, 33, 33, 33, 33, 33, 33, 33, 33, 33, 33, 33, 33, 33, 33, 33, 33, 33, 33, 33, 33, 33, 33, 33, 33, 33, 33, 33, 33, 33, 33, 33, 33, 33, 33, 33, 33, 33, 33, 33, 33, 33, 33, 33, 33, 33, 33, 33, 33, 33, 33, 33, 33, 33, 33, 33, 33, 33, 33, 33, 33, 33, 33, 33, 33, 33, 33, 33, 33, 33, 33, 33, 33, 33, 33, 33, 33, 33, 33, 33, 33, 33, 33, 33, 33, 33, 33, 33, 33, 33, 33, 33, 33, 33, 33, 33, 33, 33, 33, 33, 33, 33, 33, 33, 33, 33, 33, 33, 33, 33, 33, 33, 33, 33, 33, 33, 33, 33, 33, 33, 33, 33, 33, 33, 33, 33, 33, 33, 33, 33, 33, 33, 33, 33, 33, 33, 33, 33, 33, 33, 33, 33, 33, 33, 33, 33, 33, 33, 33, 33, 33, 33, 33, 33, 33, 33, 33, 33, 33, 33, 33, 31, 30, 30, 30, 30, 30, 28, 27, 27, 26, 26, 26, 25, 25, 25, 25, 25, 25, 25, 24, 24, 24, 23, 23, 23, 23, 23, 23, 22, 22, 22, 22, 22, 21, 20, 20, 20, 20, 20, 20, 20, 20, 20, 20, 20, 20, 20, 19, 19, 19, 19, 19, 19, 19, 19, 19, 19, 19, 19, 18, 18, 18, 18, 18, 18, 18, 18, 18, 18, 18, 18, 18, 18, 18, 18, 18, 18, 18, 18, 18, 18, 18, 18, 18, 18, 18, 18, 18, 18, 17, 17, 17, 17, 17, 17, 17, 17, 17, 17, 17, 17, 17, 17, 17, 17, 17, 17, 17, 17, 17, 17, 17, 17, 17, 17, 17, 17, 17, 17, 17, 17, 17, 17, 17, 17, 17, 17, 17, 17, 17, 17, 17, 17, 17, 17, 17, 17, 17, 17, 17, 17, 17, 17, 17, 17, 17, 17, 17, 17, 17, 17, 17, 17, 17, 17, 17, 17, 17, 17, 17, 17, 17, 17, 17, 17, 17, 17, 17, 17, 17, 17, 17, 17, 17, 17, 17, 17, 17, 17, 17, 17, 17, 17, 17, 17, 17, 17, 17, 17, 17, 17, 17, 17, 17, 17, 17, 17]",16.956989247311828,"[32.98924731182795, 32.98924731182795, 32.96774193548387, 33.0, 32.98924731182795, 32.97849462365591, 33.0, 32.97849462365591, 33.0, 33.0, 32.98924731182795, 32.956989247311824, 32.97849462365591, 32.98924731182795, 32.96774193548387, 32.98924731182795, 32.97849462365591, 32.96774193548387, 32.97849462365591, 32.96774193548387, 32.97849462365591, 32.98924731182795, 32.98924731182795, 32.97849462365591, 32.98924731182795, 32.98924731182795, 32.98924731182795, 32.98924731182795, 32.97849462365591, 32.98924731182795, 32.97849462365591, 32.98924731182795, 32.98924731182795, 32.98924731182795, 32.98924731182795, 32.98924731182795, 32.98924731182795, 32.97849462365591, 33.0, 32.98924731182795, 32.97849462365591, 32.96774193548387, 32.97849462365591, 32.97849462365591, 32.97849462365591, 33.0, 32.98924731182795, 33.0, 32.98924731182795, 33.0, 32.96774193548387, 32.98924731182795, 32.97849462365591, 32.98924731182795, 32.97849462365591, 32.97849462365591, 32.96774193548387, 32.97849462365591, 32.98924731182795, 32.946236559139784, 32.956989247311824, 32.946236559139784, 32.96774193548387, 32.96774193548387, 32.96774193548387, 32.956989247311824, 32.956989247311824, 32.97849462365591, 32.98924731182795, 32.97849462365591, 32.97849462365591, 32.98924731182795, 32.97849462365591, 32.96774193548387, 32.96774193548387, 32.946236559139784, 32.946236559139784, 32.98924731182795, 32.956989247311824, 32.97849462365591, 32.956989247311824, 32.97849462365591, 32.97849462365591, 32.96774193548387, 32.97849462365591, 32.96774193548387, 32.97849462365591, 32.96774193548387, 33.0, 33.0, 32.97849462365591, 33.0, 32.97849462365591, 32.97849462365591, 32.98924731182795, 33.0, 33.0, 33.0, 33.0, 32.97849462365591, 32.98924731182795, 32.96774193548387, 32.98924731182795, 32.98924731182795, 32.97849462365591, 32.98924731182795, 32.96774193548387, 32.946236559139784, 32.956989247311824, 32.97849462365591, 32.98924731182795, 32.96774193548387, 32.98924731182795, 32.97849462365591, 32.96774193548387, 32.98924731182795, 32.96774193548387, 32.95698924731183, 32.97849462365591, 32.98924731182795, 33.0, 32.96774193548387, 32.956989247311824, 32.96774193548387, 32.97849462365591, 33.0, 32.98924731182795, 32.98924731182795, 33.0, 33.0, 32.96774193548387, 32.98924731182795, 32.98924731182795, 33.0, 32.96774193548387, 32.98924731182795, 32.96774193548387, 32.98924731182795, 32.97849462365591, 32.96774193548387, 32.97849462365591, 32.946236559139784, 32.956989247311824, 32.956989247311824, 32.956989247311824, 32.96774193548387, 32.97849462365591, 32.98924731182795, 32.96774193548387, 32.98924731182795, 32.956989247311824, 32.95698924731183, 32.97849462365591, 32.98924731182795, 32.98924731182795, 32.97849462365591, 33.0, 32.96774193548387, 32.935483870967744, 32.97849462365591, 32.98924731182795, 32.956989247311824, 32.98924731182795, 32.946236559139784, 32.89247311827957, 32.956989247311824, 32.97849462365591, 32.935483870967744, 30.967741935483872, 29.956989247311828, 29.989247311827956, 29.96774193548387, 29.967741935483872, 29.956989247311828, 27.978494623655912, 26.967741935483872, 26.935483870967744, 25.9247311827957, 25.989247311827956, 25.978494623655912, 24.978494623655912, 24.967741935483872, 24.989247311827956, 24.978494623655912, 24.978494623655912, 25.0, 24.989247311827956, 23.989247311827956, 24.0, 23.989247311827956, 22.989247311827956, 22.978494623655912, 22.989247311827956, 22.989247311827956, 22.978494623655912, 22.946236559139784, 21.978494623655912, 21.978494623655912, 21.989247311827956, 21.978494623655912, 21.978494623655912, 20.989247311827956, 19.989247311827956, 19.989247311827956, 19.978494623655912, 19.967741935483872, 19.967741935483872, 19.989247311827956, 19.956989247311828, 19.978494623655912, 20.0, 20.0, 20.0, 19.967741935483872, 19.978494623655912, 18.989247311827956, 18.978494623655912, 18.989247311827956, 18.989247311827956, 18.989247311827956, 19.0, 19.0, 19.0, 18.978494623655912, 18.978494623655912, 18.978494623655912, 18.967741935483872, 18.0, 17.96774193548387, 17.956989247311828, 17.967741935483872, 17.956989247311828, 17.956989247311828, 17.978494623655912, 17.989247311827956, 17.956989247311828, 17.978494623655912, 17.978494623655912, 17.978494623655912, 17.978494623655912, 17.935483870967744, 17.956989247311828, 17.956989247311828, 17.967741935483872, 17.946236559139784, 17.956989247311828, 17.956989247311828, 17.978494623655912, 17.978494623655912, 17.989247311827956, 17.978494623655912, 17.967741935483872, 17.956989247311828, 17.978494623655912, 17.978494623655912, 17.967741935483872, 17.93548387096774, 16.93548387096774, 16.946236559139784, 16.93548387096774, 16.935483870967744, 16.967741935483872, 16.967741935483872, 16.967741935483872, 16.978494623655912, 16.989247311827956, 16.989247311827956, 16.978494623655912, 16.989247311827956, 16.989247311827956, 16.989247311827956, 16.978494623655912, 16.978494623655912, 16.989247311827956, 16.989247311827956, 16.978494623655912, 16.967741935483872, 16.96774193548387, 16.978494623655912, 16.978494623655912, 16.978494623655912, 16.967741935483872, 16.967741935483872, 16.96774193548387, 16.978494623655912, 17.0, 16.989247311827956, 16.978494623655912, 16.989247311827956, 16.989247311827956, 16.956989247311828, 16.967741935483872, 17.0, 16.989247311827956, 17.0, 16.978494623655912, 16.989247311827956, 16.978494623655912, 16.967741935483872, 16.989247311827956, 16.989247311827956, 17.0, 16.989247311827956, 16.978494623655912, 16.978494623655912, 16.978494623655912, 16.956989247311828, 16.956989247311828, 16.978494623655912, 16.956989247311828, 16.978494623655912, 16.956989247311828, 16.978494623655912, 16.956989247311828, 16.946236559139784, 16.946236559139784, 16.93548387096774, 16.967741935483872, 16.946236559139784, 16.946236559139784, 16.956989247311828, 16.967741935483872, 16.956989247311828, 16.967741935483872, 16.956989247311828, 16.93548387096774, 16.956989247311828, 16.956989247311828, 16.956989247311828, 16.956989247311828, 16.978494623655912, 16.956989247311828, 16.946236559139784, 16.989247311827956, 16.956989247311828, 16.967741935483872, 16.946236559139784, 16.956989247311828, 16.956989247311828, 16.93548387096774, 16.946236559139784, 16.967741935483872, 16.946236559139784, 16.935483870967744, 16.935483870967744, 16.913978494623656, 16.946236559139784, 16.956989247311828, 16.924731182795696, 16.956989247311828, 16.978494623655912, 16.946236559139784, 16.967741935483872, 16.978494623655912, 17.0, 16.989247311827956, 16.989247311827956, 16.989247311827956, 17.0, 16.989247311827956, 16.967741935483872, 16.956989247311828, 16.967741935483872, 16.946236559139784, 16.956989247311828]",0.9080325960419092,0.9257384292357436,17,"[33, 33, 33, 33, 33, 33, 33, 33, 33, 33, 33, 33, 33, 33, 33, 33, 33, 33, 33, 33, 33, 33, 33, 33, 33, 33, 33, 33, 33, 33, 33, 33, 33, 33, 33, 33, 33, 33, 33, 33, 33, 33, 33, 33, 33, 33, 33, 33, 33, 33, 33, 33, 33, 33, 33, 33, 33, 33, 33, 33, 33, 33, 33, 33, 33, 33, 33, 33, 33, 33, 33, 33, 33, 33, 33, 33, 33, 33, 33, 33, 33, 33, 33, 33, 33, 33, 33, 33, 33, 33, 33, 33, 33, 33, 33, 33, 33, 33, 33, 33, 33, 33, 33, 33, 33, 33, 33, 33, 33, 33, 33, 33, 33, 33, 33, 33, 33, 33, 33, 33, 33, 33, 33, 33, 33, 33, 33, 33, 33, 33, 33, 33, 33, 33, 33, 33, 33, 33, 33, 33, 33, 33, 33, 33, 33, 33, 33, 33, 33, 33, 33, 33, 33, 33, 33, 33, 33, 33, 33, 33, 33, 33, 33, 33, 33, 33, 33, 33, 31, 30, 30, 30, 30, 30, 28, 27, 27, 26, 26, 26, 25, 25, 25, 25, 25, 25, 25, 24, 24, 24, 23, 23, 23, 23, 23, 23, 22, 22, 22, 22, 22, 21, 20, 20, 20, 20, 20, 20, 20, 20, 20, 20, 20, 20, 20, 19, 19, 19, 19, 19, 19, 19, 19, 19, 19, 19, 19, 18, 18, 18, 18, 18, 18, 18, 18, 18, 18, 18, 18, 18, 18, 18, 18, 18, 18, 18, 18, 18, 18, 18, 18, 18, 18, 18, 18, 18, 18, 17, 17, 17, 17, 17, 17, 17, 17, 17, 17, 17, 17, 17, 17, 17, 17, 17, 17, 17, 17, 17, 17, 17, 17, 17, 17, 17, 17, 17, 17, 17, 17, 17, 17, 17, 17, 17, 17, 17, 17, 17, 17, 17, 17, 17, 17, 17, 17, 17, 17, 17, 17, 17, 17, 17, 17, 17, 17, 17, 17, 17, 17, 17, 17, 17, 17, 17, 17, 17, 17, 17, 17, 17, 17, 17, 17, 17, 17, 17, 17, 17, 17, 17, 17, 17, 17, 17, 17, 17, 17, 17, 17, 17, 17, 17, 17, 17, 17, 17, 17, 17, 17, 17, 17, 17, 17, 17, 17]",365,"[0.48285460472106934, 0.467351496219635, 0.457672655582428, 0.4560282826423645, 0.4481322467327118, 0.4474753141403198, 0.44269558787345886, 0.43721264600753784, 0.43409907817840576, 0.43827903270721436, 0.4288969337940216, 0.42541229724884033, 0.42263656854629517, 0.42007824778556824, 0.41760891675949097, 0.4155024290084839, 0.41292911767959595, 0.4114100933074951, 0.40864649415016174, 0.4077107906341553, 0.411487340927124, 0.4092152714729309, 0.4005226194858551, 0.3990362584590912, 0.3974758982658386, 0.3953492045402527, 0.3947255313396454, 0.3976796269416809, 0.3909262418746948, 0.4005339741706848, 0.38952401280403137, 0.386012464761734, 0.38473132252693176, 0.3844642639160156, 0.3826640248298645, 0.38100379705429077, 0.38425129652023315, 0.3792904019355774, 0.3794195055961609, 0.37588414549827576, 0.37652382254600525, 0.375578373670578, 0.3724670708179474, 0.3708772659301758, 0.37459102272987366, 0.3872760832309723, 0.3710367679595947, 0.36796146631240845, 0.36709079146385193, 0.3651646375656128, 0.3669028878211975, 0.366894006729126, 0.36783719062805176, 0.3701013922691345, 0.3610571324825287, 0.3611297607421875, 0.3609822988510132, 0.3604491949081421, 0.37008243799209595, 0.35918572545051575, 0.3564712107181549, 0.3581158518791199, 0.35674411058425903, 0.3647685945034027, 0.35299447178840637, 0.35270369052886963, 0.3526657223701477, 0.35239651799201965, 0.35105735063552856, 0.3520324230194092, 0.3494015634059906, 0.34897884726524353, 0.35062745213508606, 0.3488565683364868, 0.34721839427948, 0.34703564643859863, 0.3494611978530884, 0.34822532534599304, 0.3474360406398773, 0.3446255624294281, 0.36072373390197754, 0.34413227438926697, 0.3425345718860626, 0.34401217103004456, 0.34303075075149536, 0.34078288078308105, 0.3406394124031067, 0.33991432189941406, 0.34035229682922363, 0.34853214025497437, 0.339882493019104, 0.3374932110309601, 0.3364953100681305, 0.33671241998672485, 0.339794397354126, 0.3348015546798706, 0.33353835344314575, 0.33298951387405396, 0.33326485753059387, 0.3318333327770233, 0.33081573247909546, 0.3305250406265259, 0.32938259840011597, 0.33149051666259766, 0.32888737320899963, 0.3274657130241394, 0.3282126486301422, 0.32576724886894226, 0.32518288493156433, 0.32661888003349304, 0.323421448469162, 0.3220931589603424, 0.32059475779533386, 0.31982743740081787, 0.3211308717727661, 0.3240876793861389, 0.3176135718822479, 0.3211831748485565, 0.3139861226081848, 0.31429988145828247, 0.31429100036621094, 0.31111013889312744, 0.31140726804733276, 0.30780190229415894, 0.3077172338962555, 0.31048649549484253, 0.30870839953422546, 0.30562758445739746, 0.3051847517490387, 0.30005794763565063, 0.29757142066955566, 0.3003108501434326, 0.29500454664230347, 0.29465046525001526, 0.2931063175201416, 0.29198411107063293, 0.2901553213596344, 0.2885434627532959, 0.294484406709671, 0.28525230288505554, 0.286470890045166, 0.28893059492111206, 0.28243952989578247, 0.2816852629184723, 0.2804422974586487, 0.2788403034210205, 0.2795525789260864, 0.2779445946216583, 0.2776564359664917, 0.2768385410308838, 0.27435213327407837, 0.2741183042526245, 0.27507495880126953, 0.2726263701915741, 0.2805914282798767, 0.2719215452671051, 0.2696869671344757, 0.2689407467842102, 0.2680032551288605, 0.2665814459323883, 0.2677661180496216, 0.2675764560699463, 0.2678481936454773, 0.26440709829330444, 0.26960456371307373, 0.26567456126213074, 0.2670186161994934, 0.26708662509918213, 0.26116710901260376, 0.2602890431880951, 0.2592509388923645, 0.25885191559791565, 0.2585107386112213, 0.2584158480167389, 0.25702103972435, 0.25515949726104736, 0.25397706031799316, 0.2528581917285919, 0.2523954510688782, 0.25271543860435486, 0.25184255838394165, 0.25415611267089844, 0.251465767621994, 0.253228098154068, 0.2516573965549469, 0.251608282327652, 0.24968527257442474, 0.2548733055591583, 0.2514049708843231, 0.2511774003505707, 0.2546111047267914, 0.251826673746109, 0.25759854912757874, 0.25232070684432983, 0.2511666715145111, 0.250699907541275, 0.24961231648921967, 0.2490733563899994, 0.24930812418460846, 0.24907071888446808, 0.24904876947402954, 0.2473636120557785, 0.24899952113628387, 0.24810045957565308, 0.2474764883518219, 0.24704673886299133, 0.24825142323970795, 0.25053203105926514, 0.2474270761013031, 0.24855808913707733, 0.24644988775253296, 0.2474047690629959, 0.2525987923145294, 0.244563490152359, 0.2470974177122116, 0.24466367065906525, 0.24298352003097534, 0.2450832575559616, 0.2434057742357254, 0.2452571541070938, 0.24609340727329254, 0.2486949861049652, 0.2424173802137375, 0.2411244809627533, 0.24305430054664612, 0.24600626528263092, 0.24250930547714233, 0.2414042055606842, 0.24294497072696686, 0.24146825075149536, 0.24023565649986267, 0.2405104637145996, 0.24032673239707947, 0.2403029501438141, 0.24303872883319855, 0.23981566727161407, 0.24006709456443787, 0.2392229437828064, 0.2386535257101059, 0.24014291167259216, 0.2404840886592865, 0.24095462262630463, 0.2430715411901474, 0.24095208942890167, 0.237993985414505, 0.24397693574428558, 0.23862148821353912, 0.23796871304512024, 0.243408203125, 0.23793260753154755, 0.23897527158260345, 0.23629821836948395, 0.23607414960861206, 0.23821687698364258, 0.2371589094400406, 0.23909078538417816, 0.23595072329044342, 0.23990337550640106, 0.238754004240036, 0.2402178943157196, 0.23836830258369446, 0.23752442002296448, 0.23753371834754944, 0.23720286786556244, 0.24096781015396118, 0.23556752502918243, 0.2353360503911972, 0.23541614413261414, 0.235784649848938, 0.23473884165287018, 0.23485803604125977, 0.23362648487091064, 0.23448523879051208, 0.2342776358127594, 0.23377645015716553, 0.2357187420129776, 0.23380571603775024, 0.23397321999073029, 0.23440121114253998, 0.23346231877803802, 0.23398642241954803, 0.23366035521030426, 0.23328371345996857, 0.23360611498355865, 0.23374666273593903, 0.23360730707645416, 0.23377491533756256, 0.23278343677520752, 0.2325947880744934, 0.23318549990653992, 0.2351355403661728, 0.2386840432882309, 0.23462259769439697, 0.2314009666442871, 0.23193299770355225, 0.23143568634986877, 0.23545706272125244, 0.23118044435977936, 0.22971099615097046, 0.23018456995487213, 0.2310892939567566, 0.23335397243499756, 0.2307659536600113, 0.23037834465503693, 0.2315327674150467, 0.23067091405391693, 0.2304823249578476, 0.22947441041469574, 0.22942745685577393, 0.22988037765026093, 0.23002447187900543, 0.2291751503944397, 0.23219218850135803, 0.230984628200531, 0.23357315361499786, 0.22921764850616455, 0.22940419614315033, 0.22838114202022552, 0.2283252477645874, 0.22905272245407104, 0.22785137593746185, 0.22864221036434174, 0.2281133085489273, 0.22790300846099854, 0.2274473011493683, 0.22800514101982117, 0.22836318612098694, 0.22864343225955963, 0.22920136153697968, 0.22867107391357422, 0.22780784964561462, 0.22844535112380981, 0.22722820937633514, 0.2287665158510208, 0.22654405236244202, 0.22798679769039154, 0.22677938640117645, 0.22699415683746338, 0.22713452577590942, 0.22628872096538544, 0.22695446014404297, 0.2280600368976593, 0.22501441836357117, 0.2263694703578949, 0.22682517766952515, 0.2250557690858841, 0.2285536229610443, 0.22583547234535217, 0.22743210196495056, 0.2265651524066925, 0.22602449357509613, 0.23348844051361084, 0.22476229071617126, 0.2251434326171875, 0.22523553669452667, 0.22554711997509003, 0.23033632338047028, 0.22587724030017853, 0.22638338804244995, 0.2242298573255539, 0.2234439104795456, 0.2258961796760559, 0.22590550780296326, 0.22829627990722656, 0.22534365952014923]",17.0,"[33.0, 33.0, 33.0, 33.0, 33.0, 33.0, 33.0, 33.0, 33.0, 33.0, 33.0, 33.0, 33.0, 33.0, 33.0, 33.0, 33.0, 33.0, 33.0, 33.0, 33.0, 33.0, 33.0, 33.0, 33.0, 33.0, 33.0, 33.0, 33.0, 33.0, 33.0, 33.0, 33.0, 33.0, 33.0, 33.0, 33.0, 33.0, 33.0, 33.0, 33.0, 33.0, 33.0, 33.0, 33.0, 33.0, 33.0, 33.0, 33.0, 33.0, 33.0, 33.0, 33.0, 33.0, 33.0, 33.0, 33.0, 33.0, 33.0, 33.0, 33.0, 33.0, 33.0, 33.0, 33.0, 33.0, 33.0, 33.0, 33.0, 33.0, 33.0, 33.0, 33.0, 33.0, 33.0, 33.0, 33.0, 33.0, 33.0, 33.0, 33.0, 33.0, 33.0, 33.0, 33.0, 33.0, 33.0, 33.0, 33.0, 33.0, 33.0, 33.0, 33.0, 33.0, 33.0, 33.0, 33.0, 33.0, 33.0, 33.0, 33.0, 33.0, 33.0, 33.0, 33.0, 33.0, 33.0, 33.0, 33.0, 33.0, 33.0, 33.0, 33.0, 33.0, 33.0, 33.0, 33.0, 33.0, 33.0, 33.0, 33.0, 33.0, 33.0, 33.0, 33.0, 33.0, 33.0, 33.0, 33.0, 33.0, 33.0, 33.0, 33.0, 33.0, 33.0, 33.0, 33.0, 33.0, 33.0, 33.0, 33.0, 33.0, 33.0, 33.0, 33.0, 33.0, 33.0, 33.0, 33.0, 33.0, 33.0, 33.0, 33.0, 33.0, 33.0, 33.0, 33.0, 33.0, 33.0, 33.0, 33.0, 33.0, 33.0, 33.0, 33.0, 33.0, 33.0, 33.0, 31.0, 30.0, 30.0, 30.0, 30.0, 30.0, 28.0, 27.0, 27.0, 26.0, 26.0, 26.0, 25.0, 25.0, 25.0, 25.0, 25.0, 25.0, 25.0, 24.0, 24.0, 24.0, 23.0, 23.0, 23.0, 23.0, 23.0, 23.0, 22.0, 22.0, 22.0, 22.0, 22.0, 21.0, 20.0, 20.0, 20.0, 20.0, 20.0, 20.0, 20.0, 20.0, 20.0, 20.0, 20.0, 20.0, 20.0, 19.0, 19.0, 19.0, 19.0, 19.0, 19.0, 19.0, 19.0, 19.0, 19.0, 19.0, 19.0, 18.0, 18.0, 18.0, 18.0, 18.0, 18.0, 18.0, 18.0, 18.0, 18.0, 18.0, 18.0, 18.0, 18.0, 18.0, 18.0, 18.0, 18.0, 18.0, 18.0, 18.0, 18.0, 18.0, 18.0, 18.0, 18.0, 18.0, 18.0, 18.0, 18.0, 17.0, 17.0, 17.0, 17.0, 17.0, 17.0, 17.0, 17.0, 17.0, 17.0, 17.0, 17.0, 17.0, 17.0, 17.0, 17.0, 17.0, 17.0, 17.0, 17.0, 17.0, 17.0, 17.0, 17.0, 17.0, 17.0, 17.0, 17.0, 17.0, 17.0, 17.0, 17.0, 17.0, 17.0, 17.0, 17.0, 17.0, 17.0, 17.0, 17.0, 17.0, 17.0, 17.0, 17.0, 17.0, 17.0, 17.0, 17.0, 17.0, 17.0, 17.0, 17.0, 17.0, 17.0, 17.0, 17.0, 17.0, 17.0, 17.0, 17.0, 17.0, 17.0, 17.0, 17.0, 17.0, 17.0, 17.0, 17.0, 17.0, 17.0, 17.0, 17.0, 17.0, 17.0, 17.0, 17.0, 17.0, 17.0, 17.0, 17.0, 17.0, 17.0, 17.0, 17.0, 17.0, 17.0, 17.0, 17.0, 17.0, 17.0, 17.0, 17.0, 17.0, 17.0, 17.0, 17.0, 17.0, 17.0, 17.0, 17.0, 17.0, 17.0, 17.0, 17.0, 17.0, 17.0, 17.0, 17.0]",COMPLETE
