,number,value,datetime_start,datetime_complete,duration,params_batch_size_scaler,params_constant_learning_rate,params_depth,params_epochs,params_kernel_l2,params_num_trees,params_temperature,user_attrs_accuracy_test,user_attrs_accuracy_valid,user_attrs_approximate_feature_sparsity,user_attrs_approximate_feature_sparsity_history,user_attrs_approximate_weight_sparsity,user_attrs_approximate_weight_sparsity_history,user_attrs_auc_test,user_attrs_auc_valid,user_attrs_feature_sparsity,user_attrs_feature_sparsity_history,user_attrs_num_epochs,user_attrs_val_loss_history,user_attrs_weight_sparsity,user_attrs_weight_sparsity_history,state
111,111,0.9080264327394983,2024-08-31 04:54:56.337934,2024-08-31 04:56:07.528556,0 days 00:01:11.190622,16,2.201774890938369,3,390,0.0161630797335188,42,0.000160344458944567,0.923,0.92125,27,"[33, 33, 33, 33, 33, 33, 33, 33, 33, 33, 33, 33, 33, 33, 33, 33, 33, 33, 33, 33, 33, 33, 33, 33, 33, 33, 33, 33, 33, 33, 33, 33, 33, 33, 33, 33, 33, 33, 33, 33, 33, 33, 33, 33, 33, 33, 33, 33, 33, 33, 33, 32, 32, 32, 32, 32, 32, 32, 31, 31, 31, 31, 31, 31, 31, 31, 31, 31, 31, 31, 31, 31, 31, 31, 31, 31, 31, 31, 31, 31, 31, 31, 31, 31, 31, 31, 31, 31, 30, 30, 30, 30, 30, 30, 30, 30, 30, 30, 30, 30, 30, 30, 30, 30, 30, 30, 30, 30, 30, 30, 30, 30, 30, 30, 30, 30, 30, 30, 30, 30, 30, 30, 30, 30, 30, 30, 30, 30, 30, 30, 30, 30, 30, 30, 30, 30, 30, 30, 30, 30, 30, 30, 30, 30, 30, 30, 30, 30, 30, 30, 30, 30, 30, 30, 30, 30, 30, 30, 30, 30, 30, 30, 30, 30, 30, 30, 30, 29, 29, 29, 29, 29, 29, 29, 29, 29, 29, 29, 29, 29, 29, 29, 29, 29, 29, 29, 29, 29, 29, 29, 29, 29, 29, 29, 29, 29, 29, 29, 29, 29, 29, 29, 29, 29, 29, 29, 29, 29, 29, 29, 29, 29, 29, 29, 29, 29, 29, 29, 29, 29, 29, 29, 29, 29, 29, 29, 29, 29, 29, 29, 29, 29, 29, 29, 29, 29, 29, 29, 29, 29, 29, 29, 29, 29, 29, 29, 29, 29, 29, 29, 29, 29, 29, 29, 29, 29, 29, 29, 29, 29, 29, 29, 29, 29, 29, 29, 29, 29, 29, 29, 29, 29, 29, 29, 29, 29, 29, 29, 29, 29, 29, 29, 29, 29, 29, 29, 29, 29, 29, 29, 29, 29, 29, 29, 29, 29, 29, 29, 29, 29, 29, 29, 29, 29, 29, 29, 29, 29, 29, 29, 29, 29, 29, 29, 29, 29, 29, 29, 29, 29, 29, 29, 29, 29, 29, 29, 29, 29, 29, 29, 29, 29, 29, 29, 29, 29, 29, 29, 28, 28, 28, 28, 28, 28, 28, 28, 28, 28, 28, 28, 28, 28, 28, 28, 28, 28, 28, 28, 28, 28, 27, 27, 27, 27, 27, 27, 27, 27, 27, 27, 27, 27, 27, 27, 27, 27, 27, 27, 27, 27, 27, 27, 27, 27, 27, 27, 27, 27, 27, 27]",26.976190476190474,"[32.95918367346938, 32.982993197278915, 32.98299319727891, 32.97959183673469, 32.993197278911566, 32.98639455782313, 32.965986394557824, 32.97959183673469, 32.97278911564626, 32.97959183673469, 32.976190476190474, 32.98299319727891, 32.98639455782313, 32.96598639455782, 32.96938775510204, 32.97959183673469, 32.97959183673469, 32.99659863945578, 32.96938775510204, 32.97959183673469, 32.965986394557824, 32.965986394557824, 32.98299319727891, 32.96938775510204, 32.97959183673469, 32.982993197278915, 32.976190476190474, 32.9795918367347, 32.97278911564626, 32.97959183673469, 32.96258503401361, 32.98299319727891, 32.96938775510204, 32.96938775510204, 32.9625850340136, 32.97278911564626, 32.98639455782313, 32.98639455782313, 32.9625850340136, 32.97959183673469, 32.965986394557824, 32.97959183673469, 32.98299319727891, 32.976190476190474, 32.98639455782313, 32.976190476190474, 32.98979591836735, 32.98299319727891, 32.976190476190474, 32.98639455782313, 32.9795918367347, 31.98299319727891, 31.98299319727891, 31.972789115646258, 31.962585034013607, 31.976190476190474, 31.976190476190474, 31.97959183673469, 30.98639455782313, 30.993197278911566, 30.972789115646258, 30.959183673469386, 30.982993197278912, 30.98639455782313, 30.976190476190474, 30.993197278911566, 30.98299319727891, 30.97959183673469, 30.972789115646258, 30.96938775510204, 30.982993197278912, 30.98979591836735, 30.976190476190474, 30.96938775510204, 30.982993197278912, 30.98979591836735, 30.97959183673469, 30.972789115646258, 30.972789115646258, 30.97959183673469, 30.979591836734695, 30.98979591836735, 30.972789115646258, 30.98639455782313, 30.98639455782313, 30.97959183673469, 30.976190476190478, 30.976190476190474, 29.972789115646258, 29.972789115646258, 29.972789115646258, 29.98639455782313, 29.98639455782313, 29.976190476190474, 29.97959183673469, 29.97959183673469, 29.976190476190474, 29.97959183673469, 29.97959183673469, 29.98979591836735, 29.972789115646258, 29.98299319727891, 29.98299319727891, 29.972789115646258, 29.965986394557824, 29.98639455782313, 29.98639455782313, 29.98299319727891, 29.96938775510204, 29.98299319727891, 29.976190476190474, 29.98639455782313, 29.98299319727891, 29.97959183673469, 29.976190476190474, 29.962585034013607, 29.972789115646258, 29.989795918367346, 29.98299319727891, 29.976190476190474, 29.96938775510204, 29.962585034013607, 29.965986394557824, 29.965986394557824, 29.982993197278912, 29.986394557823132, 29.98979591836735, 29.972789115646258, 29.982993197278912, 29.976190476190474, 29.972789115646258, 29.979591836734695, 29.96938775510204, 29.996598639455783, 29.98299319727891, 29.98639455782313, 29.993197278911566, 29.97959183673469, 29.982993197278912, 29.982993197278912, 29.97959183673469, 29.972789115646258, 29.965986394557824, 29.972789115646258, 29.962585034013603, 29.96938775510204, 29.972789115646258, 29.959183673469386, 29.976190476190474, 29.97959183673469, 29.959183673469386, 29.989795918367346, 29.98979591836735, 29.993197278911566, 29.98299319727891, 29.98639455782313, 29.972789115646258, 29.993197278911566, 29.976190476190474, 29.97959183673469, 29.97959183673469, 29.976190476190474, 29.97959183673469, 29.976190476190474, 29.959183673469386, 29.98979591836735, 29.982993197278912, 28.965986394557824, 28.962585034013603, 28.97959183673469, 28.972789115646258, 28.976190476190474, 28.972789115646258, 28.965986394557824, 28.98639455782313, 28.972789115646258, 28.962585034013607, 28.98639455782313, 28.993197278911566, 28.98299319727891, 28.976190476190474, 28.965986394557824, 28.993197278911566, 28.962585034013607, 28.976190476190474, 28.98299319727891, 28.976190476190474, 28.972789115646258, 28.993197278911566, 28.96938775510204, 28.976190476190474, 28.976190476190474, 28.97959183673469, 28.96598639455782, 28.982993197278912, 28.976190476190474, 28.982993197278912, 28.98639455782313, 28.98979591836735, 28.97959183673469, 28.97959183673469, 28.98639455782313, 28.98979591836735, 28.976190476190474, 28.982993197278912, 28.98299319727891, 28.976190476190474, 28.96938775510204, 28.98299319727891, 28.96938775510204, 28.952380952380953, 28.97959183673469, 28.972789115646258, 28.972789115646258, 28.972789115646258, 28.972789115646258, 28.96598639455782, 28.97959183673469, 28.965986394557824, 28.976190476190474, 28.976190476190474, 28.972789115646258, 28.96938775510204, 28.96938775510204, 28.965986394557824, 28.98299319727891, 28.965986394557824, 28.962585034013607, 28.97959183673469, 28.948979591836732, 28.96938775510204, 28.972789115646258, 28.982993197278912, 28.976190476190474, 28.98299319727891, 28.948979591836732, 28.96938775510204, 28.982993197278912, 28.98639455782313, 28.98639455782313, 28.972789115646258, 28.96938775510204, 28.962585034013603, 28.96938775510204, 28.976190476190474, 28.96938775510204, 28.976190476190474, 28.959183673469386, 28.979591836734695, 28.962585034013607, 28.972789115646258, 28.965986394557824, 28.96938775510204, 28.96938775510204, 28.972789115646258, 28.98299319727891, 28.96598639455782, 28.96938775510204, 28.976190476190474, 28.989795918367346, 28.979591836734695, 28.98299319727891, 28.972789115646258, 28.972789115646258, 28.972789115646258, 28.976190476190474, 28.976190476190474, 28.996598639455783, 28.972789115646258, 28.97959183673469, 28.979591836734695, 28.98639455782313, 28.97959183673469, 28.972789115646258, 28.95578231292517, 28.976190476190474, 28.98979591836735, 28.97959183673469, 28.97959183673469, 28.986394557823132, 28.98639455782313, 28.98979591836735, 28.98639455782313, 28.989795918367346, 29.0, 28.955782312925166, 28.972789115646258, 28.96938775510204, 28.976190476190474, 28.965986394557824, 28.972789115646258, 28.97959183673469, 28.96938775510204, 28.97959183673469, 28.976190476190474, 28.972789115646258, 28.972789115646258, 28.982993197278912, 28.972789115646258, 28.965986394557824, 28.996598639455783, 28.98979591836735, 28.96938775510204, 28.98299319727891, 28.993197278911566, 28.98639455782313, 28.993197278911566, 28.98979591836735, 28.96938775510204, 28.97959183673469, 28.982993197278912, 28.98299319727891, 28.986394557823132, 28.976190476190478, 28.972789115646258, 28.98979591836735, 28.979591836734695, 28.982993197278912, 28.96938775510204, 28.972789115646258, 28.96598639455782, 28.96598639455782, 28.976190476190474, 28.976190476190474, 28.976190476190474, 28.972789115646258, 28.98299319727891, 28.976190476190474, 28.972789115646258, 28.965986394557824, 28.972789115646258, 28.97959183673469, 28.972789115646258, 28.98299319727891, 28.972789115646258, 28.96938775510204, 28.965986394557824, 28.97959183673469, 27.976190476190474, 27.96938775510204, 27.97959183673469, 27.98639455782313, 27.96938775510204, 27.96938775510204, 27.976190476190474, 27.959183673469386, 27.959183673469386, 27.98299319727891, 27.965986394557824, 27.952380952380956, 27.98639455782313, 27.94557823129252, 27.972789115646258, 27.965986394557824, 27.972789115646258, 27.96938775510204, 27.962585034013603, 27.95918367346939, 27.96938775510204, 27.962585034013603, 26.948979591836732, 26.95238095238095, 26.9421768707483, 26.95918367346939, 26.959183673469386, 26.95238095238095, 26.95918367346939, 26.972789115646258, 26.959183673469386, 26.965986394557824, 26.965986394557824, 26.96938775510204, 26.959183673469386, 26.965986394557824, 26.976190476190474, 26.965986394557824, 26.952380952380953, 26.945578231292515, 26.955782312925173, 26.95238095238095, 26.959183673469386, 26.955782312925166, 26.952380952380953, 26.945578231292515, 26.959183673469386, 26.965986394557824, 26.976190476190474, 26.959183673469386, 26.95578231292517, 26.976190476190474]",0.8973323755975527,0.9080264327394983,27,"[33, 33, 33, 33, 33, 33, 33, 33, 33, 33, 33, 33, 33, 33, 33, 33, 33, 33, 33, 33, 33, 33, 33, 33, 33, 33, 33, 33, 33, 33, 33, 33, 33, 33, 33, 33, 33, 33, 33, 33, 33, 33, 33, 33, 33, 33, 33, 33, 33, 33, 33, 32, 32, 32, 32, 32, 32, 32, 31, 31, 31, 31, 31, 31, 31, 31, 31, 31, 31, 31, 31, 31, 31, 31, 31, 31, 31, 31, 31, 31, 31, 31, 31, 31, 31, 31, 31, 31, 30, 30, 30, 30, 30, 30, 30, 30, 30, 30, 30, 30, 30, 30, 30, 30, 30, 30, 30, 30, 30, 30, 30, 30, 30, 30, 30, 30, 30, 30, 30, 30, 30, 30, 30, 30, 30, 30, 30, 30, 30, 30, 30, 30, 30, 30, 30, 30, 30, 30, 30, 30, 30, 30, 30, 30, 30, 30, 30, 30, 30, 30, 30, 30, 30, 30, 30, 30, 30, 30, 30, 30, 30, 30, 30, 30, 30, 30, 30, 29, 29, 29, 29, 29, 29, 29, 29, 29, 29, 29, 29, 29, 29, 29, 29, 29, 29, 29, 29, 29, 29, 29, 29, 29, 29, 29, 29, 29, 29, 29, 29, 29, 29, 29, 29, 29, 29, 29, 29, 29, 29, 29, 29, 29, 29, 29, 29, 29, 29, 29, 29, 29, 29, 29, 29, 29, 29, 29, 29, 29, 29, 29, 29, 29, 29, 29, 29, 29, 29, 29, 29, 29, 29, 29, 29, 29, 29, 29, 29, 29, 29, 29, 29, 29, 29, 29, 29, 29, 29, 29, 29, 29, 29, 29, 29, 29, 29, 29, 29, 29, 29, 29, 29, 29, 29, 29, 29, 29, 29, 29, 29, 29, 29, 29, 29, 29, 29, 29, 29, 29, 29, 29, 29, 29, 29, 29, 29, 29, 29, 29, 29, 29, 29, 29, 29, 29, 29, 29, 29, 29, 29, 29, 29, 29, 29, 29, 29, 29, 29, 29, 29, 29, 29, 29, 29, 29, 29, 29, 29, 29, 29, 29, 29, 29, 29, 29, 29, 29, 29, 29, 28, 28, 28, 28, 28, 28, 28, 28, 28, 28, 28, 28, 28, 28, 28, 28, 28, 28, 28, 28, 28, 28, 27, 27, 27, 27, 27, 27, 27, 27, 27, 27, 27, 27, 27, 27, 27, 27, 27, 27, 27, 27, 27, 27, 27, 27, 27, 27, 27, 27, 27, 27]",390,"[0.664618730545044, 0.5126941204071045, 0.38593336939811707, 0.4277553856372833, 0.3360910415649414, 0.41812220215797424, 0.3932006061077118, 0.34936487674713135, 0.5943502187728882, 0.289179265499115, 0.2598651051521301, 0.3462328314781189, 0.2912493050098419, 0.2998979687690735, 0.3473426401615143, 0.2204941213130951, 0.21337366104125977, 0.21138469874858856, 0.20614087581634521, 0.2510456144809723, 0.3135990798473358, 0.25079071521759033, 0.19772695004940033, 0.24281814694404602, 0.19911032915115356, 0.23145130276679993, 0.20135661959648132, 0.2535160183906555, 0.20690780878067017, 0.19152264297008514, 0.1986308991909027, 0.19682841002941132, 0.24419552087783813, 0.18243740499019623, 0.191512331366539, 0.19482488930225372, 0.20500542223453522, 0.20181430876255035, 0.19842053949832916, 0.18960407376289368, 0.18336868286132812, 0.18085423111915588, 0.18726283311843872, 0.19453001022338867, 0.1938275843858719, 0.1826498657464981, 0.18380314111709595, 0.18588456511497498, 0.2032337635755539, 0.21136167645454407, 0.18361656367778778, 0.1875147670507431, 0.18313585221767426, 0.19293417036533356, 0.1840481013059616, 0.1855282187461853, 0.1905050128698349, 0.1793450117111206, 0.1948201060295105, 0.18524688482284546, 0.18972238898277283, 0.20155128836631775, 0.19281812012195587, 0.18005451560020447, 0.18260477483272552, 0.20660211145877838, 0.18607550859451294, 0.21723413467407227, 0.19484882056713104, 0.2018555849790573, 0.21293386816978455, 0.1837836652994156, 0.19295281171798706, 0.19718416035175323, 0.19376741349697113, 0.19873720407485962, 0.1889495700597763, 0.18665152788162231, 0.19451221823692322, 0.20554739236831665, 0.2384529709815979, 0.2008209228515625, 0.22003677487373352, 0.19383731484413147, 0.19537556171417236, 0.2124166041612625, 0.20785915851593018, 0.19995680451393127, 0.1992635875940323, 0.2041042149066925, 0.2077050358057022, 0.21287071704864502, 0.21267589926719666, 0.22223706543445587, 0.22917544841766357, 0.2121916264295578, 0.25864797830581665, 0.2109270542860031, 0.21326564252376556, 0.19816134870052338, 0.20957015454769135, 0.20308318734169006, 0.22450564801692963, 0.2126949429512024, 0.3130377531051636, 0.20873330533504486, 0.20977790653705597, 0.2106022983789444, 0.2383527308702469, 0.21391180157661438, 0.22663715481758118, 0.279072642326355, 0.21432530879974365, 0.21419291198253632, 0.2171449065208435, 0.24052181839942932, 0.23090919852256775, 0.23340721428394318, 0.2410946637392044, 0.23343105614185333, 0.2332809865474701, 0.23684251308441162, 0.21597129106521606, 0.23384100198745728, 0.23579473793506622, 0.24864156544208527, 0.23114244639873505, 0.22892925143241882, 0.22853273153305054, 0.23175281286239624, 0.23708167672157288, 0.24716944992542267, 0.26686322689056396, 0.2445090115070343, 0.26614612340927124, 0.2427334189414978, 0.2427910417318344, 0.236331045627594, 0.24697060883045197, 0.24677500128746033, 0.247620090842247, 0.25103089213371277, 0.24057817459106445, 0.2505292296409607, 0.2813692092895508, 0.2511492073535919, 0.2523663640022278, 0.25322863459587097, 0.24642735719680786, 0.2787289321422577, 0.260367214679718, 0.2750045955181122, 0.2538866102695465, 0.2519342303276062, 0.2667006850242615, 0.2573598027229309, 0.2634209394454956, 0.27040064334869385, 0.26029905676841736, 0.263386070728302, 0.28392624855041504, 0.2631586790084839, 0.2983958125114441, 0.2676003575325012, 0.26048538088798523, 0.284522145986557, 0.2696291506290436, 0.27128154039382935, 0.2743672728538513, 0.3038247525691986, 0.27686941623687744, 0.3031701445579529, 0.271327942609787, 0.27846232056617737, 0.2877480983734131, 0.28095078468322754, 0.2721461355686188, 0.27744168043136597, 0.28432589769363403, 0.3126451075077057, 0.28324663639068604, 0.31933215260505676, 0.2706599533557892, 0.2906259298324585, 0.2829703986644745, 0.28160950541496277, 0.28928324580192566, 0.3094691038131714, 0.30747032165527344, 0.3050655424594879, 0.29570576548576355, 0.30031853914260864, 0.2936146557331085, 0.3049735724925995, 0.3065168559551239, 0.30463871359825134, 0.32189875841140747, 0.29019874334335327, 0.3084965646266937, 0.30539682507514954, 0.3026358187198639, 0.32930928468704224, 0.30612465739250183, 0.29946133494377136, 0.33578166365623474, 0.31227898597717285, 0.30680161714553833, 0.31022948026657104, 0.32312244176864624, 0.3133034110069275, 0.35731586813926697, 0.34032315015792847, 0.31109368801116943, 0.3129344880580902, 0.31478288769721985, 0.31538647413253784, 0.31989869475364685, 0.31327638030052185, 0.3282369375228882, 0.3139827847480774, 0.3142947554588318, 0.3149523437023163, 0.33962100744247437, 0.3344515562057495, 0.32359808683395386, 0.32475242018699646, 0.3294599950313568, 0.31603413820266724, 0.3294529616832733, 0.31577664613723755, 0.3237870931625366, 0.33314910531044006, 0.3280963897705078, 0.33372801542282104, 0.3305041193962097, 0.35325461626052856, 0.3364049196243286, 0.3320242166519165, 0.33032146096229553, 0.3344424366950989, 0.34204936027526855, 0.33978816866874695, 0.338916540145874, 0.3357555866241455, 0.33220532536506653, 0.34098052978515625, 0.3346773386001587, 0.33934807777404785, 0.34239548444747925, 0.360253244638443, 0.33478492498397827, 0.3415193557739258, 0.3412107825279236, 0.3431891202926636, 0.33001166582107544, 0.3449641168117523, 0.34351447224617004, 0.3501571714878082, 0.3395885229110718, 0.343257337808609, 0.3593509793281555, 0.3452511131763458, 0.3494558036327362, 0.34620779752731323, 0.34998661279678345, 0.3455153703689575, 0.3458980917930603, 0.3563264012336731, 0.34811484813690186, 0.348019003868103, 0.3537750542163849, 0.34501364827156067, 0.3463785946369171, 0.3482702970504761, 0.35623881220817566, 0.3529350757598877, 0.36301761865615845, 0.35338982939720154, 0.3559894263744354, 0.3561928868293762, 0.3620399236679077, 0.3527187705039978, 0.3597748875617981, 0.35561248660087585, 0.35474693775177, 0.36212101578712463, 0.35451218485832214, 0.35544371604919434, 0.3555760085582733, 0.3526974618434906, 0.35988906025886536, 0.36096617579460144, 0.3683778643608093, 0.3612214922904968, 0.361421674489975, 0.3623164892196655, 0.360773503780365, 0.3707577586174011, 0.3641858696937561, 0.3550630509853363, 0.3680584728717804, 0.36502930521965027, 0.3666647672653198, 0.363381952047348, 0.36743247509002686, 0.36386314034461975, 0.3677671551704407, 0.36861374974250793, 0.36193469166755676, 0.36331966519355774, 0.368834525346756, 0.3628503680229187, 0.3707271218299866, 0.3685000538825989, 0.36728695034980774, 0.3628075122833252, 0.3655206263065338, 0.3678748309612274, 0.3643532991409302, 0.36765748262405396, 0.3679126799106598, 0.37097764015197754, 0.3682962656021118, 0.37660282850265503, 0.3740374445915222, 0.3682202100753784, 0.37147143483161926, 0.36939528584480286, 0.3774482309818268, 0.3634492754936218, 0.36631307005882263, 0.36993885040283203, 0.37156814336776733, 0.3794768154621124, 0.3736395239830017, 0.36983516812324524, 0.36997246742248535, 0.3717437982559204, 0.3719180226325989, 0.36539018154144287, 0.3671307861804962, 0.3626514673233032, 0.36741212010383606, 0.36581355333328247, 0.36535632610321045, 0.3719055652618408, 0.3651033341884613, 0.36673957109451294, 0.36830252408981323, 0.3720565736293793, 0.36479681730270386, 0.3776569068431854, 0.36225050687789917, 0.3649790287017822, 0.3681766390800476, 0.37033310532569885, 0.3675849437713623, 0.37199532985687256, 0.37513187527656555, 0.3656104803085327, 0.38068366050720215, 0.39540061354637146, 0.36753764748573303, 0.4011252224445343, 0.3735648989677429, 0.37507277727127075, 0.37933361530303955, 0.3812619745731354, 0.3823298215866089, 0.38685375452041626, 0.37947237491607666, 0.3781883716583252, 0.3803184926509857, 0.3818151354789734, 0.3801824152469635, 0.3763815760612488, 0.3762439489364624, 0.36991918087005615, 0.3824462890625, 0.38658320903778076, 0.38716602325439453, 0.3764074444770813, 0.37913066148757935, 0.38153406977653503, 0.37813422083854675, 0.37817108631134033, 0.3810526728630066, 0.38061192631721497, 0.3769818842411041, 0.3816438913345337]",27.0,"[33.0, 33.0, 33.0, 33.0, 33.0, 33.0, 33.0, 33.0, 33.0, 33.0, 33.0, 33.0, 33.0, 33.0, 33.0, 33.0, 33.0, 33.0, 33.0, 33.0, 33.0, 33.0, 33.0, 33.0, 33.0, 33.0, 33.0, 33.0, 33.0, 33.0, 33.0, 33.0, 33.0, 33.0, 33.0, 33.0, 33.0, 33.0, 33.0, 33.0, 33.0, 33.0, 33.0, 33.0, 33.0, 33.0, 33.0, 33.0, 33.0, 33.0, 33.0, 32.0, 32.0, 32.0, 32.0, 32.0, 32.0, 32.0, 31.0, 31.0, 31.0, 31.0, 31.0, 31.0, 31.0, 31.0, 31.0, 31.0, 31.0, 31.0, 31.0, 31.0, 31.0, 31.0, 31.0, 31.0, 31.0, 31.0, 31.0, 31.0, 31.0, 31.0, 31.0, 31.0, 31.0, 31.0, 31.0, 31.0, 30.0, 30.0, 30.0, 30.0, 30.0, 30.0, 30.0, 30.0, 30.0, 30.0, 30.0, 30.0, 30.0, 30.0, 30.0, 30.0, 30.0, 30.0, 30.0, 30.0, 30.0, 30.0, 30.0, 30.0, 30.0, 30.0, 30.0, 30.0, 30.0, 30.0, 30.0, 30.0, 30.0, 30.0, 30.0, 30.0, 30.0, 30.0, 30.0, 30.0, 30.0, 30.0, 30.0, 30.0, 30.0, 30.0, 30.0, 30.0, 30.0, 30.0, 30.0, 30.0, 30.0, 30.0, 30.0, 30.0, 30.0, 30.0, 30.0, 30.0, 30.0, 30.0, 30.0, 30.0, 30.0, 30.0, 30.0, 30.0, 30.0, 30.0, 30.0, 30.0, 30.0, 30.0, 30.0, 30.0, 30.0, 30.0, 30.0, 29.0, 29.0, 29.0, 29.0, 29.0, 29.0, 29.0, 29.0, 29.0, 29.0, 29.0, 29.0, 29.0, 29.0, 29.0, 29.0, 29.0, 29.0, 29.0, 29.0, 29.0, 29.0, 29.0, 29.0, 29.0, 29.0, 29.0, 29.0, 29.0, 29.0, 29.0, 29.0, 29.0, 29.0, 29.0, 29.0, 29.0, 29.0, 29.0, 29.0, 29.0, 29.0, 29.0, 29.0, 29.0, 29.0, 29.0, 29.0, 29.0, 29.0, 29.0, 29.0, 29.0, 29.0, 29.0, 29.0, 29.0, 29.0, 29.0, 29.0, 29.0, 29.0, 29.0, 29.0, 29.0, 29.0, 29.0, 29.0, 29.0, 29.0, 29.0, 29.0, 29.0, 29.0, 29.0, 29.0, 29.0, 29.0, 29.0, 29.0, 29.0, 29.0, 29.0, 29.0, 29.0, 29.0, 29.0, 29.0, 29.0, 29.0, 29.0, 29.0, 29.0, 29.0, 29.0, 29.0, 29.0, 29.0, 29.0, 29.0, 29.0, 29.0, 29.0, 29.0, 29.0, 29.0, 29.0, 29.0, 29.0, 29.0, 29.0, 29.0, 29.0, 29.0, 29.0, 29.0, 29.0, 29.0, 29.0, 29.0, 29.0, 29.0, 29.0, 29.0, 29.0, 29.0, 29.0, 29.0, 29.0, 29.0, 29.0, 29.0, 29.0, 29.0, 29.0, 29.0, 29.0, 29.0, 29.0, 29.0, 29.0, 29.0, 29.0, 29.0, 29.0, 29.0, 29.0, 29.0, 29.0, 29.0, 29.0, 29.0, 29.0, 29.0, 29.0, 29.0, 29.0, 29.0, 29.0, 29.0, 29.0, 29.0, 29.0, 29.0, 29.0, 29.0, 29.0, 29.0, 29.0, 29.0, 29.0, 28.0, 28.0, 28.0, 28.0, 28.0, 28.0, 28.0, 28.0, 28.0, 28.0, 28.0, 28.0, 28.0, 28.0, 28.0, 28.0, 28.0, 28.0, 28.0, 28.0, 28.0, 28.0, 27.0, 27.0, 27.0, 27.0, 27.0, 27.0, 27.0, 27.0, 27.0, 27.0, 27.0, 27.0, 27.0, 27.0, 27.0, 27.0, 27.0, 27.0, 27.0, 27.0, 27.0, 27.0, 27.0, 27.0, 27.0, 27.0, 27.0, 27.0, 27.0, 27.0]",COMPLETE
