,number,value,datetime_start,datetime_complete,duration,params_batch_size_scaler,params_constant_learning_rate,params_depth,params_epochs,params_kernel_l2,params_num_trees,params_temperature,user_attrs_accuracy_test,user_attrs_accuracy_valid,user_attrs_approximate_feature_sparsity,user_attrs_approximate_feature_sparsity_history,user_attrs_approximate_weight_sparsity,user_attrs_approximate_weight_sparsity_history,user_attrs_auc_test,user_attrs_auc_valid,user_attrs_feature_sparsity,user_attrs_feature_sparsity_history,user_attrs_num_epochs,user_attrs_val_loss_history,user_attrs_weight_sparsity,user_attrs_weight_sparsity_history,state
154,154,0.9131790135384061,2024-08-31 06:51:31.568682,2024-08-31 06:54:48.892632,0 days 00:03:17.323950,4,3.0311403159735386,4,320,0.0031289432343424555,14,0.0007807242000545541,0.923,0.92375,14,"[33, 33, 21, 18, 17, 17, 16, 16, 16, 16, 16, 15, 15, 15, 15, 15, 15, 15, 15, 14, 14, 14, 14, 14, 14, 14, 14, 14, 14, 14, 14, 14, 14, 14, 14, 14, 14, 14, 14, 14, 14, 14, 14, 14, 14, 14, 14, 14, 14, 14, 14, 14, 14, 14, 14, 14, 14, 14, 14, 14, 14, 14, 14, 14, 14, 14, 14, 14, 14, 14, 14, 14, 14, 14, 14, 14, 14, 14, 14, 14, 14, 14, 14, 14, 14, 14, 14, 14, 14, 14, 14, 14, 14, 14, 14, 14, 14, 14, 14, 14, 14, 14, 14, 14, 14, 14, 14, 14, 14, 14, 14, 14, 14, 14, 14, 14, 14, 14, 14, 14, 14, 14, 14, 14, 14, 14, 14, 14, 14, 14, 14, 14, 14, 14, 14, 14, 14, 14, 14, 14, 14, 14, 14, 14, 14, 14, 14, 14, 14, 14, 14, 14, 14, 14, 14, 14, 14, 14, 14, 14, 14, 14, 14, 14, 14, 14, 14, 14, 14, 14, 14, 14, 14, 14, 14, 14, 14, 14, 14, 14, 14, 14, 14, 14, 14, 14, 14, 14, 14, 14, 14, 14, 14, 14, 14, 14, 14, 14, 14, 14, 14, 14, 14, 14, 14, 14, 14, 14, 14, 14, 14, 14, 14, 14, 14, 14, 14, 14, 14, 14, 14, 14, 14, 14, 14, 14, 14, 14, 14, 14, 14, 14, 14, 14, 14, 14, 14, 14, 14, 14, 14, 14, 14, 14, 14, 14, 14, 14, 14, 14, 14, 14, 14, 14, 14, 14, 14, 14, 14, 14, 14, 14, 14, 14, 14, 14, 14, 14, 14, 14, 14, 14, 14, 14, 14, 14, 14, 14, 14, 14, 14, 14, 14, 14, 14, 14, 14, 14, 14, 14, 14, 14, 14, 14, 14, 14, 14, 14, 14, 14, 14, 14, 14, 14, 14, 14, 14, 14, 14, 14, 14, 14, 14, 14, 14, 14, 14, 14, 14, 14]",13.99047619047619,"[32.98095238095238, 32.98095238095238, 20.99047619047619, 17.98095238095238, 16.98095238095238, 17.0, 15.995238095238095, 15.99047619047619, 15.995238095238095, 16.0, 16.0, 14.995238095238095, 15.0, 14.99047619047619, 15.0, 14.995238095238095, 14.985714285714286, 14.99047619047619, 15.0, 14.0, 13.995238095238095, 13.99047619047619, 14.0, 13.99047619047619, 13.995238095238095, 14.0, 13.995238095238095, 13.995238095238095, 13.99047619047619, 13.980952380952381, 13.99047619047619, 13.980952380952381, 13.976190476190476, 13.99047619047619, 13.980952380952381, 13.980952380952381, 13.985714285714286, 13.99047619047619, 13.99047619047619, 13.985714285714286, 13.995238095238095, 13.995238095238095, 14.0, 13.985714285714286, 13.985714285714286, 14.0, 14.0, 13.995238095238095, 14.0, 13.995238095238095, 14.0, 13.99047619047619, 14.0, 14.0, 13.995238095238095, 13.985714285714286, 13.99047619047619, 13.985714285714286, 14.0, 13.995238095238095, 13.99047619047619, 14.0, 13.995238095238095, 14.0, 13.99047619047619, 13.99047619047619, 13.99047619047619, 13.995238095238095, 13.985714285714286, 14.0, 13.99047619047619, 14.0, 13.995238095238095, 14.0, 14.0, 13.995238095238095, 13.995238095238095, 14.0, 14.0, 13.995238095238095, 13.985714285714286, 14.0, 14.0, 13.995238095238095, 14.0, 13.995238095238095, 14.0, 13.99047619047619, 13.985714285714286, 13.995238095238095, 13.99047619047619, 13.99047619047619, 13.995238095238095, 13.985714285714286, 14.0, 13.99047619047619, 13.980952380952381, 13.99047619047619, 13.995238095238095, 14.0, 13.99047619047619, 13.985714285714286, 13.985714285714286, 13.99047619047619, 13.995238095238095, 13.995238095238095, 13.99047619047619, 13.99047619047619, 13.99047619047619, 13.995238095238095, 13.995238095238095, 13.995238095238095, 13.995238095238095, 13.995238095238095, 14.0, 13.995238095238095, 13.995238095238095, 13.99047619047619, 14.0, 13.99047619047619, 13.99047619047619, 13.995238095238095, 14.0, 13.980952380952381, 13.980952380952381, 13.99047619047619, 13.99047619047619, 13.985714285714286, 13.99047619047619, 13.99047619047619, 13.976190476190476, 13.995238095238095, 13.985714285714286, 13.976190476190476, 14.0, 14.0, 13.985714285714286, 13.99047619047619, 13.985714285714286, 13.995238095238095, 13.99047619047619, 13.99047619047619, 13.995238095238095, 13.99047619047619, 14.0, 13.995238095238095, 13.985714285714286, 13.995238095238095, 13.99047619047619, 13.980952380952381, 13.99047619047619, 14.0, 13.995238095238095, 14.0, 13.995238095238095, 13.995238095238095, 14.0, 13.995238095238095, 14.0, 13.995238095238095, 14.0, 13.99047619047619, 13.995238095238095, 13.985714285714286, 13.995238095238095, 14.0, 14.0, 13.995238095238095, 14.0, 13.995238095238095, 14.0, 14.0, 13.995238095238095, 13.99047619047619, 13.995238095238095, 14.0, 14.0, 13.99047619047619, 13.995238095238095, 13.995238095238095, 13.995238095238095, 13.985714285714286, 13.995238095238095, 14.0, 14.0, 14.0, 13.995238095238095, 13.99047619047619, 14.0, 14.0, 13.995238095238095, 13.995238095238095, 14.0, 13.99047619047619, 14.0, 13.99047619047619, 13.99047619047619, 13.99047619047619, 13.99047619047619, 14.0, 13.995238095238095, 13.995238095238095, 14.0, 14.0, 13.995238095238095, 14.0, 14.0, 14.0, 13.995238095238095, 14.0, 14.0, 14.0, 14.0, 13.995238095238095, 14.0, 13.995238095238095, 13.995238095238095, 14.0, 13.995238095238095, 14.0, 14.0, 13.99047619047619, 13.99047619047619, 13.985714285714286, 13.980952380952381, 13.985714285714286, 13.980952380952381, 13.976190476190476, 13.980952380952381, 13.985714285714286, 13.995238095238095, 14.0, 13.99047619047619, 13.995238095238095, 14.0, 13.99047619047619, 13.995238095238095, 14.0, 13.995238095238095, 14.0, 13.995238095238095, 13.985714285714286, 14.0, 13.985714285714286, 13.99047619047619, 13.99047619047619, 13.995238095238095, 13.995238095238095, 14.0, 13.99047619047619, 13.99047619047619, 13.985714285714286, 14.0, 13.985714285714286, 13.985714285714286, 13.995238095238095, 13.995238095238095, 13.99047619047619, 13.980952380952381, 13.985714285714286, 13.985714285714286, 13.976190476190476, 13.99047619047619, 13.99047619047619, 13.976190476190476, 13.985714285714286, 13.985714285714286, 13.980952380952381, 13.985714285714286, 13.980952380952381, 13.980952380952381, 13.995238095238095, 13.985714285714286, 13.99047619047619, 13.99047619047619, 13.976190476190476, 13.985714285714286, 13.985714285714286, 13.985714285714286, 13.976190476190476, 13.985714285714286, 13.971428571428572, 13.985714285714286, 13.99047619047619, 13.99047619047619, 13.980952380952381, 13.99047619047619, 13.99047619047619, 13.985714285714286, 13.980952380952381, 13.976190476190476, 14.0, 13.99047619047619, 13.985714285714286, 13.995238095238095, 13.995238095238095, 13.995238095238095, 13.99047619047619, 13.971428571428572, 13.995238095238095, 13.985714285714286, 13.995238095238095, 13.99047619047619, 13.985714285714286, 13.995238095238095, 13.99047619047619, 13.99047619047619, 13.985714285714286, 13.976190476190476, 13.980952380952381, 13.99047619047619, 13.995238095238095, 13.980952380952381, 13.995238095238095, 14.0, 13.985714285714286, 13.995238095238095, 14.0, 13.995238095238095, 13.99047619047619]",0.908556873818311,0.9131790135384061,14,"[33, 33, 21, 18, 17, 17, 16, 16, 16, 16, 16, 15, 15, 15, 15, 15, 15, 15, 15, 14, 14, 14, 14, 14, 14, 14, 14, 14, 14, 14, 14, 14, 14, 14, 14, 14, 14, 14, 14, 14, 14, 14, 14, 14, 14, 14, 14, 14, 14, 14, 14, 14, 14, 14, 14, 14, 14, 14, 14, 14, 14, 14, 14, 14, 14, 14, 14, 14, 14, 14, 14, 14, 14, 14, 14, 14, 14, 14, 14, 14, 14, 14, 14, 14, 14, 14, 14, 14, 14, 14, 14, 14, 14, 14, 14, 14, 14, 14, 14, 14, 14, 14, 14, 14, 14, 14, 14, 14, 14, 14, 14, 14, 14, 14, 14, 14, 14, 14, 14, 14, 14, 14, 14, 14, 14, 14, 14, 14, 14, 14, 14, 14, 14, 14, 14, 14, 14, 14, 14, 14, 14, 14, 14, 14, 14, 14, 14, 14, 14, 14, 14, 14, 14, 14, 14, 14, 14, 14, 14, 14, 14, 14, 14, 14, 14, 14, 14, 14, 14, 14, 14, 14, 14, 14, 14, 14, 14, 14, 14, 14, 14, 14, 14, 14, 14, 14, 14, 14, 14, 14, 14, 14, 14, 14, 14, 14, 14, 14, 14, 14, 14, 14, 14, 14, 14, 14, 14, 14, 14, 14, 14, 14, 14, 14, 14, 14, 14, 14, 14, 14, 14, 14, 14, 14, 14, 14, 14, 14, 14, 14, 14, 14, 14, 14, 14, 14, 14, 14, 14, 14, 14, 14, 14, 14, 14, 14, 14, 14, 14, 14, 14, 14, 14, 14, 14, 14, 14, 14, 14, 14, 14, 14, 14, 14, 14, 14, 14, 14, 14, 14, 14, 14, 14, 14, 14, 14, 14, 14, 14, 14, 14, 14, 14, 14, 14, 14, 14, 14, 14, 14, 14, 14, 14, 14, 14, 14, 14, 14, 14, 14, 14, 14, 14, 14, 14, 14, 14, 14, 14, 14, 14, 14, 14, 14, 14, 14, 14, 14, 14, 14]",320,"[0.3028005361557007, 0.2569809854030609, 0.2337876260280609, 0.21410095691680908, 0.20071321725845337, 0.22020646929740906, 0.19439975917339325, 0.18558476865291595, 0.1935025155544281, 0.1741519719362259, 0.17837737500667572, 0.19776658713817596, 0.1901066154241562, 0.17823292315006256, 0.18727359175682068, 0.17934927344322205, 0.2031210958957672, 0.1712150126695633, 0.17516981065273285, 0.18260808289051056, 0.18264932930469513, 0.17925794422626495, 0.19692637026309967, 0.17528368532657623, 0.19419915974140167, 0.17616815865039825, 0.1713949739933014, 0.1715088039636612, 0.17131167650222778, 0.17454418540000916, 0.1612926721572876, 0.17360857129096985, 0.16432878375053406, 0.18741191923618317, 0.179124653339386, 0.17314393818378448, 0.1692730188369751, 0.1725969761610031, 0.1654474139213562, 0.17188197374343872, 0.16922812163829803, 0.17223379015922546, 0.17319649457931519, 0.1676337867975235, 0.1691281944513321, 0.17348121106624603, 0.1648269146680832, 0.16573433578014374, 0.16966266930103302, 0.1987193524837494, 0.17167268693447113, 0.17708484828472137, 0.1640944927930832, 0.1851927936077118, 0.17266952991485596, 0.17030438780784607, 0.17475704848766327, 0.1780136227607727, 0.17207813262939453, 0.17838841676712036, 0.1730273813009262, 0.16872787475585938, 0.1726430356502533, 0.1793694943189621, 0.17068418860435486, 0.1986372321844101, 0.1859295815229416, 0.17553900182247162, 0.17432409524917603, 0.17310696840286255, 0.18123802542686462, 0.17493776977062225, 0.18411001563072205, 0.1812782734632492, 0.17914065718650818, 0.17969194054603577, 0.18376630544662476, 0.18301434814929962, 0.17717626690864563, 0.18478268384933472, 0.18123716115951538, 0.1889553815126419, 0.18762949109077454, 0.1871950477361679, 0.1985030174255371, 0.1844521015882492, 0.1912035495042801, 0.19342926144599915, 0.18722520768642426, 0.18901559710502625, 0.19039727747440338, 0.18796341121196747, 0.19205835461616516, 0.19270458817481995, 0.1895788609981537, 0.1978415995836258, 0.21640540659427643, 0.20598895847797394, 0.19893914461135864, 0.19771979749202728, 0.19944006204605103, 0.204624742269516, 0.19871786236763, 0.20047621428966522, 0.2035466730594635, 0.2124651074409485, 0.21016637980937958, 0.19971567392349243, 0.20415151119232178, 0.21195344626903534, 0.21101394295692444, 0.21121098101139069, 0.208326056599617, 0.20927482843399048, 0.21475596725940704, 0.20752717554569244, 0.20628313720226288, 0.20975114405155182, 0.20876318216323853, 0.214814230799675, 0.2159299999475479, 0.23366954922676086, 0.21617671847343445, 0.21575404703617096, 0.2101348638534546, 0.2212206870317459, 0.2198277860879898, 0.21431809663772583, 0.21895723044872284, 0.22754791378974915, 0.22544902563095093, 0.22514723241329193, 0.24530471861362457, 0.22094909846782684, 0.23534896969795227, 0.22583428025245667, 0.23234128952026367, 0.22614890336990356, 0.22600679099559784, 0.23899273574352264, 0.23042592406272888, 0.22773566842079163, 0.24495597183704376, 0.23096229135990143, 0.22988010942935944, 0.24089166522026062, 0.2457195669412613, 0.2408636063337326, 0.23881879448890686, 0.23975563049316406, 0.23462460935115814, 0.2453848123550415, 0.23563125729560852, 0.23981231451034546, 0.2382356971502304, 0.24089068174362183, 0.2433909773826599, 0.2338244765996933, 0.24636131525039673, 0.24348168075084686, 0.24168823659420013, 0.24419435858726501, 0.2446509748697281, 0.24515506625175476, 0.246980682015419, 0.24876590073108673, 0.23928521573543549, 0.2516986131668091, 0.2630023658275604, 0.2554141879081726, 0.25972235202789307, 0.2609569728374481, 0.2573794722557068, 0.262866348028183, 0.25678902864456177, 0.2735207676887512, 0.25683215260505676, 0.2604050636291504, 0.2772844135761261, 0.26652154326438904, 0.28936779499053955, 0.2765132784843445, 0.269929438829422, 0.2710530161857605, 0.2819759249687195, 0.2632735073566437, 0.2932702302932739, 0.2703213393688202, 0.2796279489994049, 0.2742514908313751, 0.2920700013637543, 0.2687576413154602, 0.2721047103404999, 0.27881497144699097, 0.2862321138381958, 0.2912799119949341, 0.27921953797340393, 0.2911437749862671, 0.3131615221500397, 0.2850164771080017, 0.287578284740448, 0.2841646373271942, 0.2934444844722748, 0.29810547828674316, 0.2846754193305969, 0.3010593354701996, 0.2845417261123657, 0.3100690543651581, 0.29566851258277893, 0.29855555295944214, 0.31637996435165405, 0.3078242838382721, 0.30089864134788513, 0.29518574476242065, 0.3078082799911499, 0.297773540019989, 0.3006645441055298, 0.3115778863430023, 0.30936357378959656, 0.34421488642692566, 0.31770163774490356, 0.3246331810951233, 0.32795771956443787, 0.30191171169281006, 0.3155369162559509, 0.3153527081012726, 0.32023513317108154, 0.31145501136779785, 0.3237800598144531, 0.31749603152275085, 0.3255402743816376, 0.35431382060050964, 0.3205532431602478, 0.3211638927459717, 0.3456352651119232, 0.3280571699142456, 0.3382911682128906, 0.3266408443450928, 0.332718163728714, 0.34392043948173523, 0.3224647641181946, 0.33355531096458435, 0.32771068811416626, 0.3617045283317566, 0.3382500410079956, 0.3330080509185791, 0.336930513381958, 0.35272204875946045, 0.3352603018283844, 0.33739882707595825, 0.33544501662254333, 0.3468673825263977, 0.34279730916023254, 0.34485331177711487, 0.3532412350177765, 0.35237935185432434, 0.35376837849617004, 0.3479638993740082, 0.35188835859298706, 0.3682587146759033, 0.36949583888053894, 0.3667546808719635, 0.36403506994247437, 0.34992849826812744, 0.3530576229095459, 0.3537304401397705, 0.3615456819534302, 0.34849292039871216, 0.36168479919433594, 0.3599196672439575, 0.3591642677783966, 0.3599979281425476, 0.36913955211639404, 0.37661486864089966, 0.363849937915802, 0.3590051531791687, 0.36061251163482666, 0.3687055706977844, 0.40125054121017456, 0.3538540303707123, 0.37410300970077515, 0.3654747009277344, 0.37310028076171875, 0.3762151598930359, 0.3750430941581726, 0.3728283643722534, 0.4001263380050659, 0.3689556121826172, 0.395224004983902, 0.3678632378578186, 0.3786343038082123, 0.38825976848602295, 0.37000542879104614, 0.3744933307170868, 0.392141729593277, 0.3884545862674713, 0.4039670526981354, 0.38173434138298035, 0.39388057589530945, 0.4029349386692047, 0.39155468344688416, 0.38038694858551025, 0.39562174677848816, 0.40059399604797363, 0.388936847448349, 0.4191809594631195, 0.38535284996032715, 0.3891866207122803, 0.37738755345344543, 0.39061588048934937, 0.41371846199035645, 0.38928401470184326, 0.3957825005054474, 0.4001045227050781, 0.40073561668395996, 0.4020158052444458, 0.4237927496433258, 0.39268356561660767, 0.4099068343639374, 0.41235530376434326]",14.0,"[33.0, 33.0, 21.0, 18.0, 17.0, 17.0, 16.0, 16.0, 16.0, 16.0, 16.0, 15.0, 15.0, 15.0, 15.0, 15.0, 15.0, 15.0, 15.0, 14.0, 14.0, 14.0, 14.0, 14.0, 14.0, 14.0, 14.0, 14.0, 14.0, 14.0, 14.0, 14.0, 14.0, 14.0, 14.0, 14.0, 14.0, 14.0, 14.0, 14.0, 14.0, 14.0, 14.0, 14.0, 14.0, 14.0, 14.0, 14.0, 14.0, 14.0, 14.0, 14.0, 14.0, 14.0, 14.0, 14.0, 14.0, 14.0, 14.0, 14.0, 14.0, 14.0, 14.0, 14.0, 14.0, 14.0, 14.0, 14.0, 14.0, 14.0, 14.0, 14.0, 14.0, 14.0, 14.0, 14.0, 14.0, 14.0, 14.0, 14.0, 14.0, 14.0, 14.0, 14.0, 14.0, 14.0, 14.0, 14.0, 14.0, 14.0, 14.0, 14.0, 14.0, 14.0, 14.0, 14.0, 14.0, 14.0, 14.0, 14.0, 14.0, 14.0, 14.0, 14.0, 14.0, 14.0, 14.0, 14.0, 14.0, 14.0, 14.0, 14.0, 14.0, 14.0, 14.0, 14.0, 14.0, 14.0, 14.0, 14.0, 14.0, 14.0, 14.0, 14.0, 14.0, 14.0, 14.0, 14.0, 14.0, 14.0, 14.0, 14.0, 14.0, 14.0, 14.0, 14.0, 14.0, 14.0, 14.0, 14.0, 14.0, 14.0, 14.0, 14.0, 14.0, 14.0, 14.0, 14.0, 14.0, 14.0, 14.0, 14.0, 14.0, 14.0, 14.0, 14.0, 14.0, 14.0, 14.0, 14.0, 14.0, 14.0, 14.0, 14.0, 14.0, 14.0, 14.0, 14.0, 14.0, 14.0, 14.0, 14.0, 14.0, 14.0, 14.0, 14.0, 14.0, 14.0, 14.0, 14.0, 14.0, 14.0, 14.0, 14.0, 14.0, 14.0, 14.0, 14.0, 14.0, 14.0, 14.0, 14.0, 14.0, 14.0, 14.0, 14.0, 14.0, 14.0, 14.0, 14.0, 14.0, 14.0, 14.0, 14.0, 14.0, 14.0, 14.0, 14.0, 14.0, 14.0, 14.0, 14.0, 14.0, 14.0, 14.0, 14.0, 14.0, 14.0, 14.0, 14.0, 14.0, 14.0, 14.0, 14.0, 14.0, 14.0, 14.0, 14.0, 14.0, 14.0, 14.0, 14.0, 14.0, 14.0, 14.0, 14.0, 14.0, 14.0, 14.0, 14.0, 14.0, 14.0, 14.0, 14.0, 14.0, 14.0, 14.0, 14.0, 14.0, 14.0, 14.0, 14.0, 14.0, 14.0, 14.0, 14.0, 14.0, 14.0, 14.0, 14.0, 14.0, 14.0, 14.0, 14.0, 14.0, 14.0, 14.0, 14.0, 14.0, 14.0, 14.0, 14.0, 14.0, 14.0, 14.0, 14.0, 14.0, 14.0, 14.0, 14.0, 14.0, 14.0, 14.0, 14.0, 14.0, 14.0, 14.0, 14.0, 14.0, 14.0, 14.0, 14.0, 14.0, 14.0, 14.0, 14.0, 14.0, 14.0, 14.0, 14.0, 14.0, 14.0, 14.0, 14.0, 14.0, 14.0, 14.0, 14.0, 14.0, 14.0, 14.0, 14.0, 14.0, 14.0, 14.0, 14.0, 14.0, 14.0, 14.0, 14.0]",COMPLETE
