,number,value,datetime_start,datetime_complete,duration,params_batch_size_scaler,params_constant_learning_rate,params_depth,params_epochs,params_kernel_l2,params_num_trees,params_temperature,user_attrs_accuracy_test,user_attrs_accuracy_valid,user_attrs_approximate_feature_sparsity,user_attrs_approximate_feature_sparsity_history,user_attrs_approximate_weight_sparsity,user_attrs_approximate_weight_sparsity_history,user_attrs_auc_test,user_attrs_auc_valid,user_attrs_feature_sparsity,user_attrs_feature_sparsity_history,user_attrs_num_epochs,user_attrs_val_loss_history,user_attrs_weight_sparsity,user_attrs_weight_sparsity_history,state
76,76,0.8601331942136519,2024-08-31 03:30:38.414300,2024-08-31 03:33:02.621401,0 days 00:02:24.207101,4,0.011756892782212786,4,345,0.009663040694177508,26,0.0004031671019958396,0.894,0.8875,33,"[33, 33, 33, 33, 33, 33, 33, 33, 33, 33, 33, 33, 33, 33, 33, 33, 33, 33, 33, 33, 33, 33, 33, 33, 33, 33, 33, 33, 33, 33, 33, 33, 33, 33, 33, 33, 33, 33, 33, 33, 33, 33, 33, 33, 33, 33, 33, 33, 33, 33, 33, 33, 33, 33, 33, 33, 33, 33, 33, 33, 33, 33, 33, 33, 33, 33, 33, 33, 33, 33, 33, 33, 33, 33, 33, 33, 33, 33, 33, 33, 33, 33, 33, 33, 33, 33, 33, 33, 33, 33, 33, 33, 33, 33, 33, 33, 33, 33, 33, 33, 33, 33, 33, 33, 33, 33, 33, 33, 33, 33, 33, 33, 33, 33, 33, 33, 33, 33, 33, 33, 33, 33, 33, 33, 33, 33, 33, 33, 33, 33, 33, 33, 33, 33, 33, 33, 33, 33, 33, 33, 33, 33, 33, 33, 33, 33, 33, 33, 33, 33, 33, 33, 33, 33, 33, 33, 33, 33, 33, 33, 33, 33, 33, 33, 33, 33, 33, 33, 33, 33, 33, 33, 33, 33, 33, 33, 33, 33, 33, 33, 33, 33, 33, 33, 33, 33, 33, 33, 33, 33, 33, 33, 33, 33, 33, 33, 33, 33, 33, 33, 33, 33, 33, 33, 33, 33, 33, 33, 33, 33, 33, 33, 33, 33, 33, 33, 33, 33, 33, 33, 33, 33, 33, 33, 33, 33, 33, 33, 33, 33, 33, 33, 33, 33, 33, 33, 33, 33, 33, 33, 33, 33, 33, 33, 33, 33, 33, 33, 33, 33, 33, 33, 33, 33, 33, 33, 33, 33, 33, 33, 33, 33, 33, 33, 33, 33, 33, 33, 33, 33, 33, 33, 33, 33, 33, 33, 33, 33, 33, 33, 33, 33, 33, 33, 33, 33, 33, 33, 33, 33, 33, 33, 33, 33, 33, 33, 33, 33, 33, 33, 33, 33, 33, 33, 33, 33, 33, 33, 33, 33, 33, 33, 33, 33, 33, 33, 33, 33, 33, 33, 33, 33, 33, 33, 33, 33, 33, 33, 33, 33, 33, 33, 33, 33, 33, 33, 33, 33, 33, 33, 33, 33, 33, 33, 33]",32.95128205128205,"[32.96923076923077, 32.97179487179487, 32.97179487179487, 32.96666666666667, 32.96153846153846, 32.96666666666667, 32.96923076923077, 32.97435897435898, 32.98205128205128, 32.97948717948718, 32.98717948717949, 32.97948717948718, 32.97435897435898, 32.96923076923077, 32.97692307692308, 32.97692307692308, 32.97692307692308, 32.96923076923077, 32.96153846153846, 32.97948717948718, 32.98205128205128, 32.97179487179487, 32.97692307692308, 32.97692307692308, 32.97948717948718, 32.98461538461538, 32.98461538461538, 32.96153846153846, 32.96666666666667, 32.97435897435898, 32.97435897435897, 32.95384615384616, 32.97948717948718, 32.97435897435898, 32.96666666666667, 32.96410256410256, 32.96410256410256, 32.95897435897436, 32.96153846153846, 32.95641025641026, 32.95641025641026, 32.95897435897436, 32.96153846153846, 32.96666666666667, 32.97692307692308, 32.97948717948718, 32.98205128205128, 32.98205128205128, 32.98461538461538, 32.98461538461538, 32.98461538461538, 32.97948717948718, 32.97179487179487, 32.96923076923077, 32.96923076923077, 32.97435897435898, 32.96923076923077, 32.97435897435898, 32.96410256410257, 32.97179487179487, 32.96666666666667, 32.97179487179487, 32.97179487179487, 32.96666666666667, 32.96410256410256, 32.96410256410256, 32.96923076923077, 32.97692307692308, 32.97435897435898, 32.97435897435898, 32.97948717948718, 32.97179487179487, 32.97435897435898, 32.97948717948718, 32.97948717948718, 32.97948717948718, 32.97435897435898, 32.98461538461538, 32.97179487179487, 32.96923076923077, 32.96666666666667, 32.96923076923077, 32.96923076923077, 32.96153846153846, 32.97179487179487, 32.96923076923077, 32.96666666666667, 32.96666666666667, 32.96923076923077, 32.96923076923077, 32.96923076923077, 32.96666666666667, 32.96923076923077, 32.97179487179487, 32.96923076923077, 32.96666666666667, 32.96666666666667, 32.96923076923077, 32.97179487179487, 32.96923076923077, 32.96923076923077, 32.96410256410256, 32.96153846153846, 32.96923076923077, 32.96153846153846, 32.97179487179487, 32.97435897435898, 32.96666666666667, 32.95384615384616, 32.97435897435898, 32.96410256410256, 32.95897435897436, 32.97435897435898, 32.97179487179487, 32.97179487179487, 32.96923076923077, 32.97435897435898, 32.96923076923077, 32.96666666666667, 32.96410256410256, 32.96153846153846, 32.96923076923077, 32.96153846153846, 32.96666666666667, 32.96923076923077, 32.96666666666667, 32.96666666666667, 32.95897435897436, 32.95897435897436, 32.96410256410257, 32.97179487179487, 32.97948717948718, 32.96923076923077, 32.97435897435898, 32.98461538461539, 32.98717948717949, 32.98205128205128, 32.97948717948718, 32.97948717948718, 32.96923076923077, 32.97179487179487, 32.97948717948718, 32.97948717948718, 32.97435897435898, 32.97948717948718, 32.97692307692308, 32.97435897435898, 32.96666666666667, 32.96410256410256, 32.97692307692308, 32.97179487179487, 32.96923076923077, 32.97435897435898, 32.96923076923077, 32.97179487179487, 32.96666666666667, 32.94871794871795, 32.95897435897436, 32.96410256410256, 32.97435897435898, 32.97435897435898, 32.98205128205128, 32.97692307692308, 32.97948717948718, 32.97435897435898, 32.97179487179487, 32.97435897435898, 32.97179487179487, 32.96923076923077, 32.96666666666667, 32.96410256410257, 32.96410256410256, 32.96666666666667, 32.97435897435898, 32.97692307692308, 32.97435897435898, 32.96923076923077, 32.96923076923077, 32.97179487179487, 32.97692307692308, 32.97692307692308, 32.97692307692308, 32.96923076923077, 32.97692307692308, 32.97435897435898, 32.97948717948718, 32.97179487179487, 32.97948717948718, 32.97435897435898, 32.97435897435898, 32.98205128205128, 32.97948717948718, 32.97692307692308, 32.97692307692308, 32.97692307692308, 32.97692307692308, 32.96923076923077, 32.97692307692308, 32.96923076923077, 32.97179487179487, 32.96923076923077, 32.97179487179487, 32.97179487179487, 32.97179487179487, 32.97692307692308, 32.97692307692308, 32.97435897435898, 32.97179487179487, 32.97179487179487, 32.96923076923077, 32.96410256410256, 32.96666666666667, 32.97435897435898, 32.97179487179487, 32.96923076923077, 32.97179487179487, 32.96666666666667, 32.96666666666667, 32.97692307692308, 32.97179487179487, 32.96666666666667, 32.96666666666667, 32.96153846153846, 32.96923076923077, 32.96666666666667, 32.96923076923077, 32.96666666666667, 32.96410256410257, 32.96666666666667, 32.97435897435898, 32.97435897435898, 32.98205128205128, 32.98205128205128, 32.97948717948718, 32.97179487179487, 32.97435897435898, 32.96923076923077, 32.97179487179487, 32.98205128205128, 32.97435897435898, 32.96923076923077, 32.97435897435898, 32.97179487179487, 32.97179487179487, 32.96666666666667, 32.96666666666667, 32.96153846153846, 32.96923076923077, 32.96666666666667, 32.95897435897436, 32.97179487179487, 32.97435897435898, 32.96410256410257, 32.96923076923077, 32.97692307692308, 32.96923076923077, 32.96410256410256, 32.96153846153846, 32.96923076923077, 32.97179487179487, 32.96410256410256, 32.96410256410256, 32.95641025641025, 32.96153846153847, 32.96666666666667, 32.97435897435898, 32.97692307692308, 32.97692307692307, 32.97692307692307, 32.97692307692307, 32.97435897435898, 32.97435897435898, 32.97948717948718, 32.96923076923077, 32.97179487179487, 32.96153846153846, 32.96923076923077, 32.96923076923077, 32.96923076923077, 32.96666666666667, 32.97179487179487, 32.97435897435898, 32.97435897435898, 32.96410256410256, 32.96923076923077, 32.97435897435898, 32.96666666666667, 32.96923076923077, 32.97179487179487, 32.98205128205128, 32.97948717948718, 32.97692307692308, 32.97179487179487, 32.97435897435898, 32.96923076923077, 32.97179487179487, 32.96923076923077, 32.96666666666667, 32.96666666666667, 32.96666666666667, 32.97179487179487, 32.96923076923077, 32.97948717948718, 32.97692307692308, 32.97692307692308, 32.97948717948718, 32.98461538461538, 32.98205128205128, 32.97948717948718, 32.98205128205128, 32.97948717948718, 32.97435897435898, 32.97692307692308, 32.97948717948718, 32.97948717948718, 32.97692307692308, 32.97692307692308, 32.97435897435898, 32.97179487179487, 32.96923076923077, 32.97179487179487, 32.97435897435898, 32.97692307692308, 32.97435897435898, 32.97948717948718, 32.98461538461538, 32.98974358974359, 32.98461538461538, 32.98205128205128, 32.97692307692308, 32.97435897435898, 32.97179487179487, 32.97179487179487, 32.96923076923077, 32.96153846153846, 32.96153846153846, 32.95384615384616, 32.96153846153846, 32.96410256410256, 32.96666666666667, 32.96410256410256, 32.96153846153846, 32.95384615384616, 32.95128205128205, 32.95128205128205]",0.856983627671959,0.8601331942136519,33,"[33, 33, 33, 33, 33, 33, 33, 33, 33, 33, 33, 33, 33, 33, 33, 33, 33, 33, 33, 33, 33, 33, 33, 33, 33, 33, 33, 33, 33, 33, 33, 33, 33, 33, 33, 33, 33, 33, 33, 33, 33, 33, 33, 33, 33, 33, 33, 33, 33, 33, 33, 33, 33, 33, 33, 33, 33, 33, 33, 33, 33, 33, 33, 33, 33, 33, 33, 33, 33, 33, 33, 33, 33, 33, 33, 33, 33, 33, 33, 33, 33, 33, 33, 33, 33, 33, 33, 33, 33, 33, 33, 33, 33, 33, 33, 33, 33, 33, 33, 33, 33, 33, 33, 33, 33, 33, 33, 33, 33, 33, 33, 33, 33, 33, 33, 33, 33, 33, 33, 33, 33, 33, 33, 33, 33, 33, 33, 33, 33, 33, 33, 33, 33, 33, 33, 33, 33, 33, 33, 33, 33, 33, 33, 33, 33, 33, 33, 33, 33, 33, 33, 33, 33, 33, 33, 33, 33, 33, 33, 33, 33, 33, 33, 33, 33, 33, 33, 33, 33, 33, 33, 33, 33, 33, 33, 33, 33, 33, 33, 33, 33, 33, 33, 33, 33, 33, 33, 33, 33, 33, 33, 33, 33, 33, 33, 33, 33, 33, 33, 33, 33, 33, 33, 33, 33, 33, 33, 33, 33, 33, 33, 33, 33, 33, 33, 33, 33, 33, 33, 33, 33, 33, 33, 33, 33, 33, 33, 33, 33, 33, 33, 33, 33, 33, 33, 33, 33, 33, 33, 33, 33, 33, 33, 33, 33, 33, 33, 33, 33, 33, 33, 33, 33, 33, 33, 33, 33, 33, 33, 33, 33, 33, 33, 33, 33, 33, 33, 33, 33, 33, 33, 33, 33, 33, 33, 33, 33, 33, 33, 33, 33, 33, 33, 33, 33, 33, 33, 33, 33, 33, 33, 33, 33, 33, 33, 33, 33, 33, 33, 33, 33, 33, 33, 33, 33, 33, 33, 33, 33, 33, 33, 33, 33, 33, 33, 33, 33, 33, 33, 33, 33, 33, 33, 33, 33, 33, 33, 33, 33, 33, 33, 33, 33, 33, 33, 33, 33, 33, 33, 33, 33, 33, 33, 33, 33]",345,"[0.580786943435669, 0.47554004192352295, 0.43520587682724, 0.4170503318309784, 0.4076666533946991, 0.4023650884628296, 0.3988856375217438, 0.3964310586452484, 0.39455124735832214, 0.393006294965744, 0.39162200689315796, 0.39038699865341187, 0.38927677273750305, 0.38821151852607727, 0.3872087895870209, 0.3862574100494385, 0.3853606879711151, 0.38449767231941223, 0.3836711049079895, 0.38287353515625, 0.38210809230804443, 0.38136833906173706, 0.3806684613227844, 0.37999001145362854, 0.3793351352214813, 0.37871071696281433, 0.37810593843460083, 0.37751901149749756, 0.37696006894111633, 0.3764164447784424, 0.37588605284690857, 0.37537530064582825, 0.3748737573623657, 0.37439683079719543, 0.3739277720451355, 0.37347397208213806, 0.373024582862854, 0.3725900948047638, 0.3721697926521301, 0.3717583417892456, 0.37137123942375183, 0.37098369002342224, 0.3705955445766449, 0.37022361159324646, 0.3698562681674957, 0.3695019483566284, 0.36915355920791626, 0.36881205439567566, 0.36846524477005005, 0.36813658475875854, 0.3678148686885834, 0.3674861490726471, 0.3671718239784241, 0.3668571412563324, 0.366555392742157, 0.36624646186828613, 0.36594435572624207, 0.36564967036247253, 0.36535558104515076, 0.36506664752960205, 0.36478087306022644, 0.36450260877609253, 0.36421719193458557, 0.36394545435905457, 0.3636704981327057, 0.3634098768234253, 0.3631426990032196, 0.3628678023815155, 0.36260345578193665, 0.3623422384262085, 0.36207836866378784, 0.36181437969207764, 0.36155685782432556, 0.361299604177475, 0.36103740334510803, 0.36078861355781555, 0.36053234338760376, 0.3602806031703949, 0.36003026366233826, 0.3597679138183594, 0.35951516032218933, 0.35926806926727295, 0.35902026295661926, 0.3587762415409088, 0.3585326373577118, 0.3582833409309387, 0.3580387830734253, 0.3577887713909149, 0.35753098130226135, 0.35728514194488525, 0.3570476472377777, 0.3568038046360016, 0.3565579950809479, 0.3563157021999359, 0.3560641407966614, 0.3558279275894165, 0.35558220744132996, 0.3553403913974762, 0.35510072112083435, 0.35485583543777466, 0.35461339354515076, 0.3543640375137329, 0.3541160225868225, 0.3538733422756195, 0.3536350131034851, 0.353389710187912, 0.3531418740749359, 0.3528965711593628, 0.35265809297561646, 0.35241803526878357, 0.35217371582984924, 0.35193291306495667, 0.3516826629638672, 0.3514331579208374, 0.3511795401573181, 0.3509400486946106, 0.35068991780281067, 0.35044753551483154, 0.3501971364021301, 0.34995177388191223, 0.349691778421402, 0.34944793581962585, 0.34920063614845276, 0.3489506244659424, 0.34869879484176636, 0.3484514653682709, 0.34819144010543823, 0.34793558716773987, 0.34768542647361755, 0.3474361300468445, 0.34718286991119385, 0.3469346761703491, 0.346674382686615, 0.34641388058662415, 0.34616145491600037, 0.3459177315235138, 0.3456541895866394, 0.345403790473938, 0.34513527154922485, 0.34488674998283386, 0.3446239233016968, 0.34436771273612976, 0.34410199522972107, 0.3438431918621063, 0.3435828685760498, 0.34331566095352173, 0.34304919838905334, 0.3427945673465729, 0.3425324559211731, 0.3422679603099823, 0.342011421918869, 0.34174102544784546, 0.3414817750453949, 0.3412231504917145, 0.3409619629383087, 0.34069499373435974, 0.3404332995414734, 0.34016045928001404, 0.3398990333080292, 0.33961641788482666, 0.33935096859931946, 0.3390747308731079, 0.3388076722621918, 0.33854466676712036, 0.33826151490211487, 0.3379908800125122, 0.33772072196006775, 0.33744528889656067, 0.33717140555381775, 0.33688804507255554, 0.3366113603115082, 0.33632320165634155, 0.3360501825809479, 0.3357696831226349, 0.33549317717552185, 0.33521324396133423, 0.3349301218986511, 0.3346432149410248, 0.33435022830963135, 0.3340708911418915, 0.33378490805625916, 0.3335029184818268, 0.3332176208496094, 0.3329308032989502, 0.33264052867889404, 0.3323514461517334, 0.33205342292785645, 0.33176806569099426, 0.3314725160598755, 0.33118656277656555, 0.3308963477611542, 0.3306064307689667, 0.33031514286994934, 0.33002787828445435, 0.3297225534915924, 0.3294350802898407, 0.32913291454315186, 0.32883575558662415, 0.3285335600376129, 0.3282258212566376, 0.32793086767196655, 0.3276354968547821, 0.3273305594921112, 0.32704153656959534, 0.3267369568347931, 0.3264308273792267, 0.3261173665523529, 0.3258017599582672, 0.32549139857292175, 0.32518619298934937, 0.3248867392539978, 0.32457518577575684, 0.3242705464363098, 0.32397252321243286, 0.3236563205718994, 0.32334622740745544, 0.3230298161506653, 0.3227171301841736, 0.3224126398563385, 0.322106271982193, 0.32179224491119385, 0.32146766781806946, 0.3211512863636017, 0.3208306133747101, 0.3205207586288452, 0.32021522521972656, 0.31988921761512756, 0.3195660710334778, 0.31923291087150574, 0.31890130043029785, 0.31857338547706604, 0.31826454401016235, 0.31795263290405273, 0.31762945652008057, 0.3173130750656128, 0.31698790192604065, 0.31666800379753113, 0.3163408041000366, 0.31601187586784363, 0.31568148732185364, 0.31536179780960083, 0.3150377571582794, 0.31471484899520874, 0.31439173221588135, 0.3140641152858734, 0.3137330412864685, 0.313412070274353, 0.31307756900787354, 0.3127577006816864, 0.3124372363090515, 0.3121030628681183, 0.3117677867412567, 0.3114435374736786, 0.3111152946949005, 0.3107859194278717, 0.31045016646385193, 0.3101218342781067, 0.30979377031326294, 0.3094613552093506, 0.3091326653957367, 0.30880773067474365, 0.3084735572338104, 0.3081449866294861, 0.30781349539756775, 0.30748656392097473, 0.30715781450271606, 0.3068266808986664, 0.3064993917942047, 0.3061690032482147, 0.30583927035331726, 0.30551737546920776, 0.30519139766693115, 0.30486366152763367, 0.3045283555984497, 0.30420270562171936, 0.30387037992477417, 0.30353811383247375, 0.3032132089138031, 0.30289292335510254, 0.3025687038898468, 0.30224689841270447, 0.3019088804721832, 0.30158141255378723, 0.30125901103019714, 0.3009321987628937, 0.30059927701950073, 0.3002762496471405, 0.29995760321617126, 0.2996407151222229, 0.2993241250514984, 0.29899436235427856, 0.2986757457256317, 0.29836222529411316, 0.29804566502571106, 0.29773083329200745, 0.29741209745407104, 0.29709577560424805, 0.29677680134773254, 0.2964619994163513, 0.2961355447769165, 0.2958236038684845, 0.29551365971565247, 0.2952061593532562, 0.294895201921463, 0.29458343982696533, 0.2942732870578766, 0.2939639985561371, 0.2936638593673706, 0.2933666706085205, 0.2930654287338257, 0.2927616536617279, 0.292458176612854, 0.292153924703598, 0.291849285364151, 0.2915448248386383, 0.2912488281726837, 0.29095399379730225, 0.29065844416618347, 0.2903626561164856, 0.29007089138031006, 0.28978362679481506, 0.2894911468029022, 0.2892000377178192, 0.2889125347137451, 0.28862544894218445, 0.28833726048469543, 0.2880497872829437, 0.2877598702907562, 0.2874842584133148, 0.2872031629085541, 0.28691932559013367, 0.28663575649261475, 0.28636181354522705, 0.28608429431915283, 0.2858118414878845, 0.2855314016342163, 0.28525280952453613, 0.28497791290283203, 0.2847164273262024, 0.28444764018058777, 0.2841816842556, 0.28391990065574646, 0.28365617990493774, 0.28339236974716187, 0.2831324636936188]",33.0,"[33.0, 33.0, 33.0, 33.0, 33.0, 33.0, 33.0, 33.0, 33.0, 33.0, 33.0, 33.0, 33.0, 33.0, 33.0, 33.0, 33.0, 33.0, 33.0, 33.0, 33.0, 33.0, 33.0, 33.0, 33.0, 33.0, 33.0, 33.0, 33.0, 33.0, 33.0, 33.0, 33.0, 33.0, 33.0, 33.0, 33.0, 33.0, 33.0, 33.0, 33.0, 33.0, 33.0, 33.0, 33.0, 33.0, 33.0, 33.0, 33.0, 33.0, 33.0, 33.0, 33.0, 33.0, 33.0, 33.0, 33.0, 33.0, 33.0, 33.0, 33.0, 33.0, 33.0, 33.0, 33.0, 33.0, 33.0, 33.0, 33.0, 33.0, 33.0, 33.0, 33.0, 33.0, 33.0, 33.0, 33.0, 33.0, 33.0, 33.0, 33.0, 33.0, 33.0, 33.0, 33.0, 33.0, 33.0, 33.0, 33.0, 33.0, 33.0, 33.0, 33.0, 33.0, 33.0, 33.0, 33.0, 33.0, 33.0, 33.0, 33.0, 33.0, 33.0, 33.0, 33.0, 33.0, 33.0, 33.0, 33.0, 33.0, 33.0, 33.0, 33.0, 33.0, 33.0, 33.0, 33.0, 33.0, 33.0, 33.0, 33.0, 33.0, 33.0, 33.0, 33.0, 33.0, 33.0, 33.0, 33.0, 33.0, 33.0, 33.0, 33.0, 33.0, 33.0, 33.0, 33.0, 33.0, 33.0, 33.0, 33.0, 33.0, 33.0, 33.0, 33.0, 33.0, 33.0, 33.0, 33.0, 33.0, 33.0, 33.0, 33.0, 33.0, 33.0, 33.0, 33.0, 33.0, 33.0, 33.0, 33.0, 33.0, 33.0, 33.0, 33.0, 33.0, 33.0, 33.0, 33.0, 33.0, 33.0, 33.0, 33.0, 33.0, 33.0, 33.0, 33.0, 33.0, 33.0, 33.0, 33.0, 33.0, 33.0, 33.0, 33.0, 33.0, 33.0, 33.0, 33.0, 33.0, 33.0, 33.0, 33.0, 33.0, 33.0, 33.0, 33.0, 33.0, 33.0, 33.0, 33.0, 33.0, 33.0, 33.0, 33.0, 33.0, 33.0, 33.0, 33.0, 33.0, 33.0, 33.0, 33.0, 33.0, 33.0, 33.0, 33.0, 33.0, 33.0, 33.0, 33.0, 33.0, 33.0, 33.0, 33.0, 33.0, 33.0, 33.0, 33.0, 33.0, 33.0, 33.0, 33.0, 33.0, 33.0, 33.0, 33.0, 33.0, 33.0, 33.0, 33.0, 33.0, 33.0, 33.0, 33.0, 33.0, 33.0, 33.0, 33.0, 33.0, 33.0, 33.0, 33.0, 33.0, 33.0, 33.0, 33.0, 33.0, 33.0, 33.0, 33.0, 33.0, 33.0, 33.0, 33.0, 33.0, 33.0, 33.0, 33.0, 33.0, 33.0, 33.0, 33.0, 33.0, 33.0, 33.0, 33.0, 33.0, 33.0, 33.0, 33.0, 33.0, 33.0, 33.0, 33.0, 33.0, 33.0, 33.0, 33.0, 33.0, 33.0, 33.0, 33.0, 33.0, 33.0, 33.0, 33.0, 33.0, 33.0, 33.0, 33.0, 33.0, 33.0, 33.0, 33.0, 33.0, 33.0, 33.0, 33.0, 33.0, 33.0, 33.0, 33.0, 33.0, 33.0, 33.0, 33.0, 33.0, 33.0, 33.0, 33.0, 33.0, 33.0, 33.0, 33.0, 33.0, 33.0, 33.0, 33.0, 33.0, 33.0, 33.0, 33.0, 33.0, 33.0, 33.0, 33.0, 33.0, 33.0, 33.0, 33.0, 33.0, 33.0, 33.0, 33.0]",COMPLETE
