,number,value,datetime_start,datetime_complete,duration,params_batch_size_scaler,params_constant_learning_rate,params_depth,params_epochs,params_kernel_l2,params_num_trees,params_temperature,user_attrs_accuracy_test,user_attrs_accuracy_valid,user_attrs_approximate_feature_sparsity,user_attrs_approximate_feature_sparsity_history,user_attrs_approximate_weight_sparsity,user_attrs_approximate_weight_sparsity_history,user_attrs_auc_test,user_attrs_auc_valid,user_attrs_feature_sparsity,user_attrs_feature_sparsity_history,user_attrs_num_epochs,user_attrs_val_loss_history,user_attrs_weight_sparsity,user_attrs_weight_sparsity_history,state
124,124,0.5,2024-08-31 05:43:34.351002,2024-08-31 05:43:49.432275,0 days 00:00:15.081273,64,2.899127494678887,1,240,0.0012770904886698973,10,0.09518869123521752,0.859,0.85875,0,"[0, 0, 0, 0, 0, 0, 0, 0, 0, 0, 0, 0, 0, 0, 0, 0, 0, 0, 0, 0, 0, 0, 0, 0, 0, 0, 0, 0, 0, 0, 0, 0, 0, 0, 0, 0, 0, 0, 0, 0, 0, 0, 0, 0, 0, 0, 0, 0, 0, 0, 0, 0, 0, 0, 0, 0, 0, 0, 0, 0, 0, 0, 0, 0, 0, 0, 0, 0, 0, 0, 0, 0, 0, 0, 0, 0, 0, 0, 0, 0, 0, 0, 0, 0, 0, 0, 0, 0, 0, 0, 0, 0, 0, 0, 0, 0, 0, 0, 0, 0, 0, 0, 0, 0, 0, 0, 0, 0, 0, 0, 0, 0, 0, 0, 0, 0, 0, 0, 0, 0, 0, 0, 0, 0, 0, 0, 0, 0, 0, 0, 0, 0, 0, 0, 0, 0, 0, 0, 0, 0, 0, 0, 0, 0, 0, 0, 0, 0, 0, 0, 0, 0, 0, 0, 0, 0, 0, 0, 0, 0, 0, 0, 0, 0, 0, 0, 0, 0, 0, 0, 0, 0, 0, 0, 0, 0, 0, 0, 0, 0, 0, 0, 0, 0, 0, 0, 0, 0, 0, 0, 0, 0, 0, 0, 0, 0, 0, 0, 0, 0, 0, 0, 0, 0, 0, 0, 0, 0, 0, 0, 0, 0, 0, 0, 0, 0, 0, 0, 0, 0, 0, 0, 0, 0, 0, 0, 0, 0, 0, 0, 0, 0, 0, 0, 0, 0, 0, 0, 0, 0]",0.0,"[0.0, 0.0, 0.0, 0.0, 0.0, 0.0, 0.0, 0.0, 0.0, 0.0, 0.0, 0.0, 0.0, 0.0, 0.0, 0.0, 0.0, 0.0, 0.0, 0.0, 0.0, 0.0, 0.0, 0.0, 0.0, 0.0, 0.0, 0.0, 0.0, 0.0, 0.0, 0.0, 0.0, 0.0, 0.0, 0.0, 0.0, 0.0, 0.0, 0.0, 0.0, 0.0, 0.0, 0.0, 0.0, 0.0, 0.0, 0.0, 0.0, 0.0, 0.0, 0.0, 0.0, 0.0, 0.0, 0.0, 0.0, 0.0, 0.0, 0.0, 0.0, 0.0, 0.0, 0.0, 0.0, 0.0, 0.0, 0.0, 0.0, 0.0, 0.0, 0.0, 0.0, 0.0, 0.0, 0.0, 0.0, 0.0, 0.0, 0.0, 0.0, 0.0, 0.0, 0.0, 0.0, 0.0, 0.0, 0.0, 0.0, 0.0, 0.0, 0.0, 0.0, 0.0, 0.0, 0.0, 0.0, 0.0, 0.0, 0.0, 0.0, 0.0, 0.0, 0.0, 0.0, 0.0, 0.0, 0.0, 0.0, 0.0, 0.0, 0.0, 0.0, 0.0, 0.0, 0.0, 0.0, 0.0, 0.0, 0.0, 0.0, 0.0, 0.0, 0.0, 0.0, 0.0, 0.0, 0.0, 0.0, 0.0, 0.0, 0.0, 0.0, 0.0, 0.0, 0.0, 0.0, 0.0, 0.0, 0.0, 0.0, 0.0, 0.0, 0.0, 0.0, 0.0, 0.0, 0.0, 0.0, 0.0, 0.0, 0.0, 0.0, 0.0, 0.0, 0.0, 0.0, 0.0, 0.0, 0.0, 0.0, 0.0, 0.0, 0.0, 0.0, 0.0, 0.0, 0.0, 0.0, 0.0, 0.0, 0.0, 0.0, 0.0, 0.0, 0.0, 0.0, 0.0, 0.0, 0.0, 0.0, 0.0, 0.0, 0.0, 0.0, 0.0, 0.0, 0.0, 0.0, 0.0, 0.0, 0.0, 0.0, 0.0, 0.0, 0.0, 0.0, 0.0, 0.0, 0.0, 0.0, 0.0, 0.0, 0.0, 0.0, 0.0, 0.0, 0.0, 0.0, 0.0, 0.0, 0.0, 0.0, 0.0, 0.0, 0.0, 0.0, 0.0, 0.0, 0.0, 0.0, 0.0, 0.0, 0.0, 0.0, 0.0, 0.0, 0.0, 0.0, 0.0, 0.0, 0.0, 0.0, 0.0, 0.0, 0.0, 0.0, 0.0, 0.0, 0.0]",0.5,0.5,0,"[0, 0, 0, 0, 0, 0, 0, 0, 0, 0, 0, 0, 0, 0, 0, 0, 0, 0, 0, 0, 0, 0, 0, 0, 0, 0, 0, 0, 0, 0, 0, 0, 0, 0, 0, 0, 0, 0, 0, 0, 0, 0, 0, 0, 0, 0, 0, 0, 0, 0, 0, 0, 0, 0, 0, 0, 0, 0, 0, 0, 0, 0, 0, 0, 0, 0, 0, 0, 0, 0, 0, 0, 0, 0, 0, 0, 0, 0, 0, 0, 0, 0, 0, 0, 0, 0, 0, 0, 0, 0, 0, 0, 0, 0, 0, 0, 0, 0, 0, 0, 0, 0, 0, 0, 0, 0, 0, 0, 0, 0, 0, 0, 0, 0, 0, 0, 0, 0, 0, 0, 0, 0, 0, 0, 0, 0, 0, 0, 0, 0, 0, 0, 0, 0, 0, 0, 0, 0, 0, 0, 0, 0, 0, 0, 0, 0, 0, 0, 0, 0, 0, 0, 0, 0, 0, 0, 0, 0, 0, 0, 0, 0, 0, 0, 0, 0, 0, 0, 0, 0, 0, 0, 0, 0, 0, 0, 0, 0, 0, 0, 0, 0, 0, 0, 0, 0, 0, 0, 0, 0, 0, 0, 0, 0, 0, 0, 0, 0, 0, 0, 0, 0, 0, 0, 0, 0, 0, 0, 0, 0, 0, 0, 0, 0, 0, 0, 0, 0, 0, 0, 0, 0, 0, 0, 0, 0, 0, 0, 0, 0, 0, 0, 0, 0, 0, 0, 0, 0, 0, 0]",240,"[0.5373892784118652, 0.4072938561439514, 1.251536250114441, 0.5257301926612854, 0.4137849807739258, 0.7877472043037415, 0.4329916834831238, 0.47617995738983154, 0.9781072735786438, 0.5039997100830078, 0.46498245000839233, 0.5052715539932251, 0.5676754117012024, 0.4636019766330719, 0.7704054117202759, 0.49997007846832275, 0.46983352303504944, 0.41835516691207886, 0.7082247734069824, 1.31667160987854, 0.41406500339508057, 0.40735939145088196, 0.40961676836013794, 1.668177843093872, 1.1276475191116333, 0.5860083699226379, 0.6678113341331482, 0.46709921956062317, 0.42018166184425354, 0.6945216655731201, 0.7343857288360596, 0.5101332068443298, 0.4075365364551544, 0.4496228098869324, 0.4920702278614044, 0.5188284516334534, 0.473156213760376, 0.43420037627220154, 0.4235810935497284, 0.9974411725997925, 0.5679982900619507, 0.9602781534194946, 0.4076634347438812, 1.4061931371688843, 0.975395679473877, 0.40731507539749146, 0.8474812507629395, 0.4676731824874878, 0.4073683023452759, 0.43163612484931946, 0.9326192736625671, 0.7587389945983887, 1.3970773220062256, 0.7536468505859375, 1.0549582242965698, 0.6822723150253296, 0.6493580341339111, 1.130181074142456, 0.7298962473869324, 0.6581025719642639, 1.0992332696914673, 1.0193610191345215, 0.720629870891571, 1.0123002529144287, 0.6823863387107849, 0.9969332814216614, 1.0853465795516968, 0.8487184047698975, 0.9414976239204407, 0.518975019454956, 0.41321495175361633, 0.5382779836654663, 0.699942946434021, 1.0298007726669312, 0.5101960897445679, 0.680208146572113, 0.4468533396720886, 0.4707655608654022, 1.1680927276611328, 0.6308037638664246, 0.40827491879463196, 0.7514497637748718, 0.9789894223213196, 0.5493294596672058, 1.124069094657898, 0.597707211971283, 0.46832525730133057, 0.44948920607566833, 0.40726402401924133, 0.5415265560150146, 1.5469213724136353, 0.4284249544143677, 0.5213059186935425, 0.48478373885154724, 0.4246341586112976, 1.2112481594085693, 0.44366687536239624, 0.5490212440490723, 1.566900372505188, 0.6397262811660767, 0.7688775658607483, 0.4095381796360016, 0.4385254681110382, 0.4287959933280945, 0.602518618106842, 0.9254522919654846, 0.4119187891483307, 0.7682585716247559, 1.3496707677841187, 0.7192146182060242, 1.3206771612167358, 0.4097019135951996, 1.1272459030151367, 0.6373846530914307, 1.1803195476531982, 0.5682666897773743, 0.43138954043388367, 0.7586027383804321, 0.97074294090271, 0.6031113266944885, 0.5336072444915771, 0.8811073303222656, 0.4413747489452362, 0.5255977511405945, 0.7868514060974121, 1.0044636726379395, 0.5464760065078735, 0.4881693124771118, 0.6355708837509155, 1.2551162242889404, 0.47297248244285583, 0.4276614785194397, 0.42068159580230713, 0.5898131728172302, 0.4126112461090088, 1.5784765481948853, 1.3280880451202393, 0.40859344601631165, 1.152554988861084, 0.49004581570625305, 1.0099154710769653, 0.8442062139511108, 0.5827600359916687, 1.1591181755065918, 0.594662606716156, 0.5273042917251587, 1.3073480129241943, 0.6086044907569885, 0.86590975522995, 0.7584487199783325, 1.3207632303237915, 0.5287802815437317, 1.2310609817504883, 0.7149143815040588, 1.4642791748046875, 0.4413423240184784, 1.2565600872039795, 0.6910998821258545, 0.8137769103050232, 1.168123483657837, 0.4712287187576294, 0.6833435297012329, 0.4897000789642334, 0.5157475471496582, 0.5253109335899353, 0.9144202470779419, 0.4636540114879608, 0.5320748090744019, 1.6541634798049927, 1.44435453414917, 0.5596848726272583, 0.45771872997283936, 1.6368756294250488, 0.9136941432952881, 0.8181887269020081, 0.7373790144920349, 0.45085784792900085, 0.40728986263275146, 0.40744784474372864, 1.4235812425613403, 0.4335523247718811, 0.7177777290344238, 1.0694499015808105, 0.6477397084236145, 0.42475342750549316, 0.5078505873680115, 0.4310038685798645, 0.40894371271133423, 0.49751168489456177, 0.5227789878845215, 0.470636785030365, 0.509255051612854, 1.2807236909866333, 0.4096323847770691, 0.4078833758831024, 1.1668330430984497, 0.8864514231681824, 0.8307590484619141, 0.4072328507900238, 0.42305031418800354, 1.1114767789840698, 0.9067672491073608, 0.49861374497413635, 0.5004311800003052, 0.9345275163650513, 0.6089915633201599, 0.416363000869751, 0.6797340512275696, 0.4989725351333618, 0.7955782413482666, 1.4717260599136353, 0.4562700688838959, 0.4171883463859558, 0.4099434018135071, 1.087235450744629, 0.7037353515625, 1.206191062927246, 0.4644242525100708, 0.4090924859046936, 0.7239192128181458, 1.131984829902649, 0.9230679273605347, 0.7645671963691711, 1.8013650178909302, 0.7136045694351196, 1.4211446046829224, 0.5165927410125732, 0.4218868017196655, 0.4880020022392273, 0.407226026058197, 0.7613653540611267, 0.5228086709976196, 1.3582444190979004, 0.5006358623504639, 0.40792521834373474, 0.6304132342338562, 0.48600319027900696, 0.6288495063781738, 0.5270974040031433, 0.620240330696106]",0.0,"[0.0, 0.0, 0.0, 0.0, 0.0, 0.0, 0.0, 0.0, 0.0, 0.0, 0.0, 0.0, 0.0, 0.0, 0.0, 0.0, 0.0, 0.0, 0.0, 0.0, 0.0, 0.0, 0.0, 0.0, 0.0, 0.0, 0.0, 0.0, 0.0, 0.0, 0.0, 0.0, 0.0, 0.0, 0.0, 0.0, 0.0, 0.0, 0.0, 0.0, 0.0, 0.0, 0.0, 0.0, 0.0, 0.0, 0.0, 0.0, 0.0, 0.0, 0.0, 0.0, 0.0, 0.0, 0.0, 0.0, 0.0, 0.0, 0.0, 0.0, 0.0, 0.0, 0.0, 0.0, 0.0, 0.0, 0.0, 0.0, 0.0, 0.0, 0.0, 0.0, 0.0, 0.0, 0.0, 0.0, 0.0, 0.0, 0.0, 0.0, 0.0, 0.0, 0.0, 0.0, 0.0, 0.0, 0.0, 0.0, 0.0, 0.0, 0.0, 0.0, 0.0, 0.0, 0.0, 0.0, 0.0, 0.0, 0.0, 0.0, 0.0, 0.0, 0.0, 0.0, 0.0, 0.0, 0.0, 0.0, 0.0, 0.0, 0.0, 0.0, 0.0, 0.0, 0.0, 0.0, 0.0, 0.0, 0.0, 0.0, 0.0, 0.0, 0.0, 0.0, 0.0, 0.0, 0.0, 0.0, 0.0, 0.0, 0.0, 0.0, 0.0, 0.0, 0.0, 0.0, 0.0, 0.0, 0.0, 0.0, 0.0, 0.0, 0.0, 0.0, 0.0, 0.0, 0.0, 0.0, 0.0, 0.0, 0.0, 0.0, 0.0, 0.0, 0.0, 0.0, 0.0, 0.0, 0.0, 0.0, 0.0, 0.0, 0.0, 0.0, 0.0, 0.0, 0.0, 0.0, 0.0, 0.0, 0.0, 0.0, 0.0, 0.0, 0.0, 0.0, 0.0, 0.0, 0.0, 0.0, 0.0, 0.0, 0.0, 0.0, 0.0, 0.0, 0.0, 0.0, 0.0, 0.0, 0.0, 0.0, 0.0, 0.0, 0.0, 0.0, 0.0, 0.0, 0.0, 0.0, 0.0, 0.0, 0.0, 0.0, 0.0, 0.0, 0.0, 0.0, 0.0, 0.0, 0.0, 0.0, 0.0, 0.0, 0.0, 0.0, 0.0, 0.0, 0.0, 0.0, 0.0, 0.0, 0.0, 0.0, 0.0, 0.0, 0.0, 0.0, 0.0, 0.0, 0.0, 0.0, 0.0, 0.0, 0.0, 0.0, 0.0, 0.0, 0.0, 0.0]",COMPLETE
125,125,0.706985611418119,2024-08-31 05:43:49.436949,2024-08-31 05:43:56.780888,0 days 00:00:07.343939,64,0.1456337882081603,3,45,0.0022423538067240793,54,0.06069491977858821,0.864,0.865,33,"[33, 33, 33, 33, 33, 33, 33, 33, 33, 33, 33, 33, 33, 33, 33, 33, 33, 33, 33, 33, 33, 33, 33, 33, 33, 33, 33, 33, 33, 33, 33, 33, 33, 33, 33, 33, 33, 33, 33, 33, 33, 33, 33, 33, 33]",32.973544973544975,"[32.960317460317455, 32.97089947089947, 32.976190476190474, 32.970899470899475, 32.97089947089947, 32.96825396825397, 32.97089947089947, 32.960317460317455, 32.97089947089947, 32.96560846560846, 32.978835978835974, 32.98412698412699, 32.978835978835974, 32.97089947089947, 32.97883597883598, 32.978835978835974, 32.96560846560847, 32.96031746031746, 32.96296296296296, 32.976190476190474, 32.97089947089947, 32.96031746031746, 32.960317460317455, 32.96825396825397, 32.98148148148148, 32.978835978835974, 32.976190476190474, 32.976190476190474, 32.96560846560847, 32.96296296296296, 32.978835978835974, 32.952380952380956, 32.957671957671955, 32.96560846560847, 32.96296296296296, 32.96825396825397, 32.97089947089947, 32.96560846560847, 32.97089947089947, 32.96296296296296, 32.97089947089947, 32.973544973544975, 32.97089947089947, 32.96560846560847, 32.973544973544975]",0.7443010592887985,0.706985611418119,33,"[33, 33, 33, 33, 33, 33, 33, 33, 33, 33, 33, 33, 33, 33, 33, 33, 33, 33, 33, 33, 33, 33, 33, 33, 33, 33, 33, 33, 33, 33, 33, 33, 33, 33, 33, 33, 33, 33, 33, 33, 33, 33, 33, 33, 33]",45,"[0.40938135981559753, 0.405696302652359, 0.4020327031612396, 0.3989209830760956, 0.3979407846927643, 0.3948569595813751, 0.3932271897792816, 0.3904522657394409, 0.38848307728767395, 0.38684993982315063, 0.3854753375053406, 0.38426700234413147, 0.38310912251472473, 0.3820376992225647, 0.3809806704521179, 0.3794865906238556, 0.3786187469959259, 0.3778952658176422, 0.376769483089447, 0.376046746969223, 0.37535881996154785, 0.37461239099502563, 0.37370359897613525, 0.3733941316604614, 0.3726872503757477, 0.37310391664505005, 0.372257798910141, 0.3712715804576874, 0.3707887530326843, 0.37137371301651, 0.3708133399486542, 0.36883899569511414, 0.36818331480026245, 0.3677312135696411, 0.36751192808151245, 0.36722618341445923, 0.36635369062423706, 0.3659944534301758, 0.36584118008613586, 0.36538535356521606, 0.36578264832496643, 0.3647666871547699, 0.36540716886520386, 0.3640228509902954, 0.3638233244419098]",33.0,"[33.0, 33.0, 33.0, 33.0, 33.0, 33.0, 33.0, 33.0, 33.0, 33.0, 33.0, 33.0, 33.0, 33.0, 33.0, 33.0, 33.0, 33.0, 33.0, 33.0, 33.0, 33.0, 33.0, 33.0, 33.0, 33.0, 33.0, 33.0, 33.0, 33.0, 33.0, 33.0, 33.0, 33.0, 33.0, 33.0, 33.0, 33.0, 33.0, 33.0, 33.0, 33.0, 33.0, 33.0, 33.0]",COMPLETE
