,number,value,datetime_start,datetime_complete,duration,params_batch_size_scaler,params_constant_learning_rate,params_depth,params_epochs,params_kernel_l2,params_num_trees,params_temperature,user_attrs_accuracy_test,user_attrs_accuracy_valid,user_attrs_approximate_feature_sparsity,user_attrs_approximate_feature_sparsity_history,user_attrs_approximate_weight_sparsity,user_attrs_approximate_weight_sparsity_history,user_attrs_auc_test,user_attrs_auc_valid,user_attrs_feature_sparsity,user_attrs_feature_sparsity_history,user_attrs_num_epochs,user_attrs_val_loss_history,user_attrs_weight_sparsity,user_attrs_weight_sparsity_history,state
80,80,0.9267560639435277,2024-08-31 03:45:40.616004,2024-08-31 04:00:13.701282,0 days 00:14:33.085278,1,0.013762360446580984,5,475,0.017095015640373207,31,0.021178729611172162,0.939,0.9375,33,"[33, 33, 33, 33, 33, 33, 33, 33, 33, 33, 33, 33, 33, 33, 33, 33, 33, 33, 33, 33, 33, 33, 33, 33, 33, 33, 33, 33, 33, 33, 33, 33, 33, 33, 33, 33, 33, 33, 33, 33, 33, 33, 33, 33, 33, 33, 33, 33, 33, 33, 33, 33, 33, 33, 33, 33, 33, 33, 33, 33, 33, 33, 33, 33, 33, 33, 33, 33, 33, 33, 33, 33, 33, 33, 33, 33, 33, 33, 33, 33, 33, 33, 33, 33, 33, 33, 33, 33, 33, 33, 33, 33, 33, 33, 33, 33, 33, 33, 33, 33, 33, 33, 33, 33, 33, 33, 33, 33, 33, 33, 33, 33, 33, 33, 33, 33, 33, 33, 33, 33, 33, 33, 33, 33, 33, 33, 33, 33, 33, 33, 33, 33, 33, 33, 33, 33, 33, 33, 33, 33, 33, 33, 33, 33, 33, 33, 33, 33, 33, 33, 33, 33, 33, 33, 33, 33, 33, 33, 33, 33, 33, 33, 33, 33, 33, 33, 33, 33, 33, 33, 33, 33, 33, 33, 33, 33, 33, 33, 33, 33, 33, 33, 33, 33, 33, 33, 33, 33, 33, 33, 33, 33, 33, 33, 33, 33, 33, 33, 33, 33, 33, 33, 33, 33, 33, 33, 33, 33, 33, 33, 33, 33, 33, 33, 33, 33, 33, 33, 33, 33, 33, 33, 33, 33, 33, 33, 33, 33, 33, 33, 33, 33, 33, 33, 33, 33, 33, 33, 33, 33, 33, 33, 33, 33, 33, 33, 33, 33, 33, 33, 33, 33, 33, 33, 33, 33, 33, 33, 33, 33, 33, 33, 33, 33, 33, 33, 33, 33, 33, 33, 33, 33, 33, 33, 33, 33, 33, 33, 33, 33, 33, 33, 33, 33, 33, 33, 33, 33, 33, 33, 33, 33, 33, 33, 33, 33, 33, 33, 33, 33, 33, 33, 33, 33, 33, 33, 33, 33, 33, 33, 33, 33, 33, 33, 33, 33, 33, 33, 33, 33, 33, 33, 33, 33, 33, 33, 33, 33, 33, 33, 33, 33, 33, 33, 33, 33, 33, 33, 33, 33, 33, 33, 33, 33, 33, 33, 33, 33, 33, 33, 33, 33, 33, 33, 33, 33, 33, 33, 33, 33, 33, 33, 33, 33, 33, 33, 33, 33, 33, 33, 33, 33, 33, 33, 33, 33, 33, 33, 33, 33, 33, 33, 33, 33, 33, 33, 33, 33, 33, 33, 33, 33, 33, 33, 33, 33, 33, 33, 33, 33, 33, 33, 33, 33, 33, 33, 33, 33, 33, 33, 33, 33, 33, 33, 33, 33, 33, 33, 33, 33, 33, 33, 33, 33, 33, 33, 33, 33, 33, 33, 33, 33, 33, 33, 33, 33, 33, 33, 33, 33, 33, 33, 33, 33, 33, 33, 33, 33, 33, 33, 33, 33, 33, 33, 33, 33, 33, 33, 33, 33, 33, 33, 33, 33, 33, 33, 33, 33, 33, 33, 33, 33, 33, 33, 33]",32.966701352757546,"[32.971904266389174, 32.97294484911551, 32.96670135275754, 32.966701352757546, 32.96462018730489, 32.9573361082206, 32.96462018730489, 32.95941727367325, 32.96357960457856, 32.96462018730489, 32.96149843912591, 32.960457856399586, 32.96253902185224, 32.96253902185224, 32.958376690946935, 32.96566077003122, 32.96462018730489, 32.966701352757546, 32.96774193548387, 32.96982310093652, 32.95837669094693, 32.95941727367325, 32.960457856399586, 32.96357960457856, 32.96253902185224, 32.9531737773153, 32.960457856399586, 32.965660770031214, 32.9573361082206, 32.96357960457856, 32.96253902185224, 32.97086368366285, 32.96566077003122, 32.96462018730489, 32.96253902185224, 32.96670135275754, 32.95941727367325, 32.95213319458897, 32.95213319458897, 32.95109261186264, 32.95525494276795, 32.950052029136316, 32.958376690946935, 32.95525494276795, 32.954214360041625, 32.956295525494276, 32.95317377731529, 32.95109261186264, 32.95525494276795, 32.956295525494276, 32.95941727367326, 32.966701352757546, 32.9573361082206, 32.965660770031214, 32.9573361082206, 32.95525494276795, 32.954214360041625, 32.96253902185224, 32.95941727367325, 32.960457856399586, 32.9573361082206, 32.958376690946935, 32.943808532778355, 32.94588969823101, 32.95525494276795, 32.945889698231014, 32.94588969823101, 32.95525494276795, 32.95213319458897, 32.96462018730489, 32.9573361082206, 32.95109261186264, 32.95525494276795, 32.950052029136316, 32.9573361082206, 32.95525494276795, 32.956295525494276, 32.95109261186264, 32.94901144640999, 32.95941727367326, 32.95317377731529, 32.958376690946935, 32.95941727367326, 32.964620187304895, 32.95941727367325, 32.95525494276795, 32.96253902185224, 32.960457856399586, 32.95941727367326, 32.960457856399586, 32.960457856399586, 32.96774193548387, 32.95837669094693, 32.95109261186264, 32.95317377731529, 32.95109261186265, 32.947970863683665, 32.95213319458897, 32.95109261186264, 32.96149843912591, 32.96149843912591, 32.96149843912591, 32.96149843912591, 32.96982310093652, 32.95525494276795, 32.96357960457856, 32.96357960457856, 32.96774193548387, 32.96462018730489, 32.956295525494276, 32.9573361082206, 32.956295525494276, 32.96149843912591, 32.95837669094693, 32.96253902185224, 32.958376690946935, 32.96462018730489, 32.96982310093652, 32.97398543184183, 32.966701352757546, 32.96462018730489, 32.96357960457856, 32.96253902185224, 32.960457856399586, 32.97086368366285, 32.96774193548387, 32.96774193548387, 32.95941727367326, 32.96357960457856, 32.96566077003122, 32.960457856399586, 32.96774193548387, 32.96253902185224, 32.96774193548387, 32.97086368366285, 32.978147762747135, 32.96982310093652, 32.96670135275754, 32.96670135275754, 32.96253902185224, 32.96253902185224, 32.95525494276795, 32.95629552549427, 32.96253902185224, 32.96357960457857, 32.9687825182102, 32.97398543184183, 32.9687825182102, 32.960457856399586, 32.96149843912591, 32.9531737773153, 32.960457856399586, 32.96670135275754, 32.964620187304895, 32.965660770031214, 32.95941727367325, 32.97190426638918, 32.96253902185224, 32.96774193548387, 32.96982310093652, 32.9687825182102, 32.96982310093652, 32.96357960457856, 32.96149843912591, 32.96357960457856, 32.9687825182102, 32.97086368366285, 32.97294484911551, 32.96253902185224, 32.96253902185224, 32.96566077003122, 32.96462018730489, 32.96566077003122, 32.960457856399586, 32.9573361082206, 32.96357960457856, 32.96566077003122, 32.96774193548387, 32.97398543184183, 32.9687825182102, 32.966701352757546, 32.96774193548387, 32.96357960457856, 32.96982310093652, 32.96774193548387, 32.971904266389174, 32.96670135275754, 32.97294484911551, 32.97606659729448, 32.96357960457856, 32.960457856399586, 32.96774193548387, 32.9687825182102, 32.96357960457856, 32.96253902185224, 32.96462018730489, 32.95941727367326, 32.95837669094693, 32.960457856399586, 32.96462018730489, 32.96982310093652, 32.96253902185224, 32.96357960457856, 32.96149843912591, 32.96462018730489, 32.96149843912591, 32.95213319458897, 32.9531737773153, 32.95837669094693, 32.95837669094693, 32.95837669094693, 32.9573361082206, 32.96253902185224, 32.96253902185224, 32.95525494276795, 32.95213319458897, 32.952133194588974, 32.9573361082206, 32.95941727367325, 32.96462018730489, 32.96253902185224, 32.96149843912591, 32.96462018730489, 32.960457856399586, 32.966701352757546, 32.96357960457856, 32.96149843912591, 32.96357960457856, 32.95941727367325, 32.95525494276795, 32.95837669094693, 32.95837669094693, 32.96462018730489, 32.95941727367325, 32.956295525494276, 32.954214360041625, 32.95941727367326, 32.954214360041625, 32.9531737773153, 32.9573361082206, 32.95941727367326, 32.956295525494276, 32.95525494276795, 32.96253902185224, 32.964620187304895, 32.95837669094693, 32.960457856399586, 32.96357960457856, 32.96149843912591, 32.96462018730489, 32.96149843912591, 32.95941727367325, 32.96357960457856, 32.956295525494276, 32.954214360041625, 32.958376690946935, 32.958376690946935, 32.956295525494276, 32.96566077003122, 32.96253902185224, 32.958376690946935, 32.95525494276795, 32.95109261186264, 32.95109261186264, 32.956295525494276, 32.95525494276795, 32.954214360041625, 32.95213319458897, 32.95525494276795, 32.95837669094693, 32.96566077003122, 32.966701352757546, 32.9573361082206, 32.95837669094693, 32.95941727367325, 32.960457856399586, 32.9573361082206, 32.9573361082206, 32.961498439125904, 32.96253902185224, 32.960457856399586, 32.96357960457856, 32.96149843912591, 32.96253902185224, 32.96253902185224, 32.95837669094693, 32.96253902185224, 32.96357960457856, 32.96357960457856, 32.95837669094693, 32.96357960457856, 32.96774193548387, 32.96357960457856, 32.956295525494276, 32.960457856399586, 32.95733610822061, 32.960457856399586, 32.96253902185224, 32.960457856399586, 32.96253902185224, 32.96774193548387, 32.97086368366285, 32.971904266389174, 32.971904266389174, 32.96982310093652, 32.96253902185224, 32.960457856399586, 32.96462018730489, 32.96253902185224, 32.96774193548387, 32.96462018730489, 32.95941727367325, 32.95421436004162, 32.956295525494276, 32.95525494276795, 32.9573361082206, 32.9573361082206, 32.960457856399586, 32.96566077003122, 32.965660770031214, 32.971904266389174, 32.97294484911551, 32.97502601456816, 32.97398543184183, 32.97814776274714, 32.97710718002081, 32.97710718002081, 32.971904266389174, 32.97086368366285, 32.97502601456816, 32.97814776274714, 32.97502601456816, 32.97710718002081, 32.97606659729448, 32.97710718002081, 32.97502601456816, 32.96774193548387, 32.96774193548387, 32.971904266389174, 32.97086368366285, 32.97398543184183, 32.97086368366285, 32.96982310093652, 32.97086368366285, 32.97502601456816, 32.97294484911551, 32.9687825182102, 32.96357960457856, 32.96462018730489, 32.960457856399586, 32.95941727367325, 32.9573361082206, 32.960457856399586, 32.96253902185224, 32.95525494276795, 32.95525494276795, 32.958376690946935, 32.950052029136316, 32.95317377731529, 32.956295525494276, 32.95837669094693, 32.95941727367325, 32.95837669094693, 32.960457856399586, 32.956295525494276, 32.95525494276795, 32.956295525494276, 32.956295525494276, 32.95941727367325, 32.96149843912591, 32.954214360041625, 32.94901144640999, 32.94693028095733, 32.947970863683665, 32.95317377731529, 32.95213319458897, 32.956295525494276, 32.96149843912591, 32.96462018730489, 32.96357960457856, 32.96357960457856, 32.96357960457856, 32.9687825182102, 32.96670135275754, 32.96774193548387, 32.96357960457856, 32.9687825182102, 32.9687825182102, 32.9687825182102, 32.96566077003122, 32.960457856399586, 32.9573361082206, 32.95525494276795, 32.95941727367326, 32.96462018730489, 32.96566077003122, 32.96566077003122, 32.96774193548387, 32.96566077003122, 32.96357960457856, 32.96566077003122, 32.971904266389174, 32.96982310093652, 32.971904266389174, 32.966701352757546, 32.96566077003122, 32.96253902185224, 32.96253902185224, 32.96149843912591, 32.96253902185224, 32.965660770031214, 32.960457856399586, 32.96774193548387, 32.966701352757546, 32.96774193548387, 32.97086368366285, 32.965660770031214, 32.96357960457856, 32.96045785639958, 32.96357960457856, 32.96149843912591, 32.965660770031214, 32.96357960457856, 32.96774193548387, 32.96462018730489, 32.96045785639958, 32.95941727367325, 32.960457856399586, 32.958376690946935, 32.954214360041625, 32.950052029136316, 32.95213319458897, 32.956295525494276, 32.96462018730489, 32.96566077003122, 32.96253902185224, 32.96670135275754, 32.96462018730489, 32.96774193548387, 32.97086368366285, 32.96774193548387, 32.9687825182102, 32.97086368366285, 32.9687825182102, 32.96462018730489, 32.9573361082206, 32.96149843912591, 32.96357960457856, 32.961498439125904, 32.960457856399586, 32.95941727367325, 32.96149843912591, 32.960457856399586, 32.96253902185224, 32.965660770031214, 32.96149843912591, 32.96357960457856, 32.966701352757546, 32.96462018730489, 32.96253902185224, 32.96462018730489, 32.96462018730489, 32.961498439125904, 32.96253902185224, 32.96566077003122, 32.9687825182102, 32.9687825182102, 32.96982310093652, 32.9687825182102, 32.97086368366285, 32.96982310093652, 32.966701352757546, 32.96566077003122, 32.9687825182102, 32.966701352757546]",0.9129203510597016,0.9267560639435277,33,"[33, 33, 33, 33, 33, 33, 33, 33, 33, 33, 33, 33, 33, 33, 33, 33, 33, 33, 33, 33, 33, 33, 33, 33, 33, 33, 33, 33, 33, 33, 33, 33, 33, 33, 33, 33, 33, 33, 33, 33, 33, 33, 33, 33, 33, 33, 33, 33, 33, 33, 33, 33, 33, 33, 33, 33, 33, 33, 33, 33, 33, 33, 33, 33, 33, 33, 33, 33, 33, 33, 33, 33, 33, 33, 33, 33, 33, 33, 33, 33, 33, 33, 33, 33, 33, 33, 33, 33, 33, 33, 33, 33, 33, 33, 33, 33, 33, 33, 33, 33, 33, 33, 33, 33, 33, 33, 33, 33, 33, 33, 33, 33, 33, 33, 33, 33, 33, 33, 33, 33, 33, 33, 33, 33, 33, 33, 33, 33, 33, 33, 33, 33, 33, 33, 33, 33, 33, 33, 33, 33, 33, 33, 33, 33, 33, 33, 33, 33, 33, 33, 33, 33, 33, 33, 33, 33, 33, 33, 33, 33, 33, 33, 33, 33, 33, 33, 33, 33, 33, 33, 33, 33, 33, 33, 33, 33, 33, 33, 33, 33, 33, 33, 33, 33, 33, 33, 33, 33, 33, 33, 33, 33, 33, 33, 33, 33, 33, 33, 33, 33, 33, 33, 33, 33, 33, 33, 33, 33, 33, 33, 33, 33, 33, 33, 33, 33, 33, 33, 33, 33, 33, 33, 33, 33, 33, 33, 33, 33, 33, 33, 33, 33, 33, 33, 33, 33, 33, 33, 33, 33, 33, 33, 33, 33, 33, 33, 33, 33, 33, 33, 33, 33, 33, 33, 33, 33, 33, 33, 33, 33, 33, 33, 33, 33, 33, 33, 33, 33, 33, 33, 33, 33, 33, 33, 33, 33, 33, 33, 33, 33, 33, 33, 33, 33, 33, 33, 33, 33, 33, 33, 33, 33, 33, 33, 33, 33, 33, 33, 33, 33, 33, 33, 33, 33, 33, 33, 33, 33, 33, 33, 33, 33, 33, 33, 33, 33, 33, 33, 33, 33, 33, 33, 33, 33, 33, 33, 33, 33, 33, 33, 33, 33, 33, 33, 33, 33, 33, 33, 33, 33, 33, 33, 33, 33, 33, 33, 33, 33, 33, 33, 33, 33, 33, 33, 33, 33, 33, 33, 33, 33, 33, 33, 33, 33, 33, 33, 33, 33, 33, 33, 33, 33, 33, 33, 33, 33, 33, 33, 33, 33, 33, 33, 33, 33, 33, 33, 33, 33, 33, 33, 33, 33, 33, 33, 33, 33, 33, 33, 33, 33, 33, 33, 33, 33, 33, 33, 33, 33, 33, 33, 33, 33, 33, 33, 33, 33, 33, 33, 33, 33, 33, 33, 33, 33, 33, 33, 33, 33, 33, 33, 33, 33, 33, 33, 33, 33, 33, 33, 33, 33, 33, 33, 33, 33, 33, 33, 33, 33, 33, 33, 33, 33, 33, 33, 33, 33, 33, 33, 33, 33, 33, 33, 33, 33, 33, 33, 33, 33, 33, 33, 33, 33, 33, 33, 33]",475,"[0.4179919362068176, 0.40049999952316284, 0.3944535553455353, 0.39071032404899597, 0.38762253522872925, 0.3850269317626953, 0.3827403783798218, 0.3807882070541382, 0.3789747953414917, 0.377369225025177, 0.37589794397354126, 0.37458109855651855, 0.37335625290870667, 0.3721843361854553, 0.3711528778076172, 0.3701162338256836, 0.36923927068710327, 0.36828556656837463, 0.36735695600509644, 0.36650100350379944, 0.36571213603019714, 0.36485758423805237, 0.3639775514602661, 0.36327454447746277, 0.3624953329563141, 0.3617335557937622, 0.3609762191772461, 0.3601805567741394, 0.3595189154148102, 0.35877978801727295, 0.35805657505989075, 0.3572477698326111, 0.3564620912075043, 0.35585877299308777, 0.35505616664886475, 0.3543566167354584, 0.35361045598983765, 0.3528824746608734, 0.35212957859039307, 0.3514164388179779, 0.35063064098358154, 0.3499393165111542, 0.34916770458221436, 0.3484804928302765, 0.3477550148963928, 0.34700390696525574, 0.34627681970596313, 0.34543469548225403, 0.34467944502830505, 0.34391897916793823, 0.3431607782840729, 0.3425193428993225, 0.3416520953178406, 0.34096625447273254, 0.3401433229446411, 0.3393862843513489, 0.3385983407497406, 0.3378053307533264, 0.33693817257881165, 0.33614352345466614, 0.3353922665119171, 0.3345228135585785, 0.33373406529426575, 0.33297979831695557, 0.33207371830940247, 0.3311883211135864, 0.33029094338417053, 0.32939743995666504, 0.32850655913352966, 0.3276136517524719, 0.32677823305130005, 0.32588881254196167, 0.3249559700489044, 0.324051171541214, 0.3231346607208252, 0.32212600111961365, 0.3212219178676605, 0.3202182650566101, 0.319286584854126, 0.31833475828170776, 0.3173574209213257, 0.31635963916778564, 0.3153439462184906, 0.3143692910671234, 0.31338223814964294, 0.3123522996902466, 0.31128668785095215, 0.3103170096874237, 0.3091839849948883, 0.30822399258613586, 0.3071076571941376, 0.30600377917289734, 0.30501386523246765, 0.3039490878582001, 0.3029535710811615, 0.3019033968448639, 0.30088821053504944, 0.29986658692359924, 0.29870957136154175, 0.29763028025627136, 0.29656168818473816, 0.2955787181854248, 0.29460087418556213, 0.2935723066329956, 0.2924686074256897, 0.2914673388004303, 0.29039666056632996, 0.2894366383552551, 0.2884622812271118, 0.28748250007629395, 0.2865101397037506, 0.28560954332351685, 0.2846547067165375, 0.28372108936309814, 0.282886266708374, 0.28192538022994995, 0.28100910782814026, 0.2801591157913208, 0.2792639136314392, 0.2783892750740051, 0.27754780650138855, 0.2767195999622345, 0.275875985622406, 0.2750071883201599, 0.27418848872184753, 0.2734813988208771, 0.2726767063140869, 0.27193665504455566, 0.2711896002292633, 0.270504891872406, 0.2697347402572632, 0.26905545592308044, 0.26831915974617004, 0.26763856410980225, 0.2668914496898651, 0.2662549912929535, 0.2656250298023224, 0.26497048139572144, 0.264318585395813, 0.26371678709983826, 0.26310834288597107, 0.2625047266483307, 0.2618856132030487, 0.26132503151893616, 0.2607584297657013, 0.2601844370365143, 0.25968992710113525, 0.2589937448501587, 0.2584304213523865, 0.257953941822052, 0.257335901260376, 0.2567949891090393, 0.2563318908214569, 0.2558641731739044, 0.2552827000617981, 0.25473302602767944, 0.2543121874332428, 0.2537672817707062, 0.2532448470592499, 0.2527642846107483, 0.2522885799407959, 0.25180020928382874, 0.25127312541007996, 0.25087758898735046, 0.2503107786178589, 0.24984142184257507, 0.24943241477012634, 0.24892118573188782, 0.24851760268211365, 0.24802839756011963, 0.24761970341205597, 0.24718742072582245, 0.24674785137176514, 0.2463759481906891, 0.24600496888160706, 0.24542465806007385, 0.24507513642311096, 0.2446025311946869, 0.24425220489501953, 0.24374055862426758, 0.24334178864955902, 0.2428705245256424, 0.24244622886180878, 0.24203144013881683, 0.24167121946811676, 0.24129199981689453, 0.24083484709262848, 0.24043817818164825, 0.2401067018508911, 0.2397020012140274, 0.2393399477005005, 0.2389642596244812, 0.23868606984615326, 0.23822425305843353, 0.23788955807685852, 0.23755350708961487, 0.23709848523139954, 0.23664721846580505, 0.2362854778766632, 0.23596850037574768, 0.23561063408851624, 0.23526833951473236, 0.23489969968795776, 0.23458240926265717, 0.23412513732910156, 0.2337677925825119, 0.23366142809391022, 0.23333659768104553, 0.23296135663986206, 0.2325579822063446, 0.23219455778598785, 0.2317243218421936, 0.2315448373556137, 0.23133538663387299, 0.23090657591819763, 0.2305021733045578, 0.2301609218120575, 0.2297860085964203, 0.2295180857181549, 0.22925147414207458, 0.2289896458387375, 0.2286350280046463, 0.22831317782402039, 0.22793491184711456, 0.2277025431394577, 0.22754812240600586, 0.2270575314760208, 0.22687946259975433, 0.22652897238731384, 0.22626739740371704, 0.2260018140077591, 0.2255410999059677, 0.22510261833667755, 0.2249424159526825, 0.22459697723388672, 0.224398672580719, 0.22406801581382751, 0.22377407550811768, 0.22355647385120392, 0.22322601079940796, 0.2229185700416565, 0.22259292006492615, 0.22227463126182556, 0.22209829092025757, 0.2218138724565506, 0.22175151109695435, 0.2212667316198349, 0.22094379365444183, 0.22071723639965057, 0.22070951759815216, 0.22029747068881989, 0.21983972191810608, 0.21966995298862457, 0.21947194635868073, 0.21919149160385132, 0.21897341310977936, 0.21875663101673126, 0.21850809454917908, 0.21828554570674896, 0.21794761717319489, 0.2176869958639145, 0.21736553311347961, 0.2170690894126892, 0.2168457806110382, 0.21670852601528168, 0.21643461287021637, 0.2162335067987442, 0.21586157381534576, 0.2157091349363327, 0.2154160887002945, 0.21520046889781952, 0.21503205597400665, 0.2147689312696457, 0.21451972424983978, 0.2143576294183731, 0.21410296857357025, 0.21390165388584137, 0.21370095014572144, 0.21343328058719635, 0.21315568685531616, 0.2128804624080658, 0.21284526586532593, 0.2127627730369568, 0.21240897476673126, 0.21215501427650452, 0.2119770497083664, 0.2117094099521637, 0.2114756554365158, 0.21143025159835815, 0.21122689545154572, 0.21104001998901367, 0.21094292402267456, 0.21060077846050262, 0.21048104763031006, 0.21029023826122284, 0.20996776223182678, 0.20975404977798462, 0.20954370498657227, 0.20934408903121948, 0.2091924548149109, 0.2088957279920578, 0.20876671373844147, 0.20856474339962006, 0.20828872919082642, 0.20813581347465515, 0.20821471512317657, 0.20813710987567902, 0.2077040672302246, 0.20774343609809875, 0.20751149952411652, 0.20743170380592346, 0.20710685849189758, 0.20683859288692474, 0.20675857365131378, 0.20663513243198395, 0.2065453976392746, 0.20650464296340942, 0.20616403222084045, 0.20601890981197357, 0.20571547746658325, 0.20556892454624176, 0.20547401905059814, 0.20536042749881744, 0.20517422258853912, 0.20501244068145752, 0.2048501819372177, 0.20478752255439758, 0.20450706779956818, 0.20443716645240784, 0.20416633784770966, 0.20394925773143768, 0.2039741575717926, 0.20370729267597198, 0.20352725684642792, 0.20361848175525665, 0.20327971875667572, 0.20319700241088867, 0.20291094481945038, 0.2027895152568817, 0.20283302664756775, 0.20262984931468964, 0.20246392488479614, 0.20249585807323456, 0.20236925780773163, 0.20194916427135468, 0.201825350522995, 0.20167364180088043, 0.2015840709209442, 0.20145854353904724, 0.20139022171497345, 0.20121385157108307, 0.20124611258506775, 0.2012476921081543, 0.20109285414218903, 0.2008385807275772, 0.20041266083717346, 0.20030811429023743, 0.20021764934062958, 0.20022700726985931, 0.20011793076992035, 0.19998787343502045, 0.19987080991268158, 0.20005913078784943, 0.19983534514904022, 0.19987507164478302, 0.19973334670066833, 0.1994965672492981, 0.19916222989559174, 0.19902224838733673, 0.19885076582431793, 0.19881364703178406, 0.19871555268764496, 0.19866369664669037, 0.19873599708080292, 0.19845794141292572, 0.19832991063594818, 0.1982423961162567, 0.19819356501102448, 0.19786322116851807, 0.19765934348106384, 0.19787169992923737, 0.1976880580186844, 0.19771172106266022, 0.19762441515922546, 0.19764451682567596, 0.19724954664707184, 0.19713352620601654, 0.19701425731182098, 0.19672107696533203, 0.19682681560516357, 0.19671094417572021, 0.196705162525177, 0.19655540585517883, 0.19641070067882538, 0.1965387910604477, 0.1962234526872635, 0.1960391104221344, 0.1962120085954666, 0.19