,number,value,datetime_start,datetime_complete,duration,params_batch_size_scaler,params_constant_learning_rate,params_depth,params_epochs,params_kernel_l2,params_num_trees,params_temperature,user_attrs_accuracy_test,user_attrs_accuracy_valid,user_attrs_approximate_feature_sparsity,user_attrs_approximate_feature_sparsity_history,user_attrs_approximate_weight_sparsity,user_attrs_approximate_weight_sparsity_history,user_attrs_auc_test,user_attrs_auc_valid,user_attrs_feature_sparsity,user_attrs_feature_sparsity_history,user_attrs_num_epochs,user_attrs_val_loss_history,user_attrs_weight_sparsity,user_attrs_weight_sparsity_history,state
16,16,0.9214617871726501,2024-08-31 00:54:14.266080,2024-08-31 01:05:16.026811,0 days 00:11:01.760731,4,6.395471555401198,6,405,0.0018228328766640067,92,0.0001873836330222879,0.936,0.94625,22,"[33, 33, 33, 33, 33, 31, 27, 23, 23, 22, 22, 22, 22, 22, 22, 22, 22, 22, 22, 22, 22, 22, 22, 22, 22, 22, 22, 22, 22, 22, 22, 22, 22, 22, 22, 22, 22, 22, 22, 22, 22, 22, 22, 22, 22, 22, 22, 22, 22, 22, 22, 22, 22, 22, 22, 22, 22, 22, 22, 22, 22, 22, 22, 22, 22, 22, 22, 22, 22, 22, 22, 22, 22, 22, 22, 22, 22, 22, 22, 22, 22, 22, 22, 22, 22, 22, 22, 22, 22, 22, 22, 22, 22, 22, 22, 22, 22, 22, 22, 22, 22, 22, 22, 22, 22, 22, 22, 22, 22, 22, 22, 22, 22, 22, 22, 22, 22, 22, 22, 22, 22, 22, 22, 22, 22, 22, 22, 22, 22, 22, 22, 22, 22, 22, 22, 22, 22, 22, 22, 22, 22, 22, 22, 22, 22, 22, 22, 22, 22, 22, 22, 22, 22, 22, 22, 22, 22, 22, 22, 22, 22, 22, 22, 22, 22, 22, 22, 22, 22, 22, 22, 22, 22, 22, 22, 22, 22, 22, 22, 22, 22, 22, 22, 22, 22, 22, 22, 22, 22, 22, 22, 22, 22, 22, 22, 22, 22, 22, 22, 22, 22, 22, 22, 22, 22, 22, 22, 22, 22, 22, 22, 22, 22, 22, 22, 22, 22, 22, 22, 22, 22, 22, 22, 22, 22, 22, 22, 22, 22, 22, 22, 22, 22, 22, 22, 22, 22, 22, 22, 22, 22, 22, 22, 22, 22, 22, 22, 22, 22, 22, 22, 22, 22, 22, 22, 22, 22, 22, 22, 22, 22, 22, 22, 22, 22, 22, 22, 22, 22, 22, 22, 22, 22, 22, 22, 22, 22, 22, 22, 22, 22, 22, 22, 22, 22, 22, 22, 22, 22, 22, 22, 22, 22, 22, 22, 22, 22, 22, 22, 22, 22, 22, 22, 22, 22, 22, 22, 22, 22, 22, 22, 22, 22, 22, 22, 22, 22, 22, 22, 22, 22, 22, 22, 22, 22, 22, 22, 22, 22, 22, 22, 22, 22, 22, 22, 22, 22, 22, 22, 22, 22, 22, 22, 22, 22, 22, 22, 22, 22, 22, 22, 22, 22, 22, 22, 22, 22, 22, 22, 22, 22, 22, 22, 22, 22, 22, 22, 22, 22, 22, 22, 22, 22, 22, 22, 22, 22, 22, 22, 22, 22, 22, 22, 22, 22, 22, 22, 22, 22, 22, 22, 22, 22, 22, 22, 22, 22, 22, 22, 22, 22, 22, 22, 22, 22]",21.950310559006212,"[32.89699792960662, 32.906659765355414, 32.905797101449274, 32.901311249137336, 32.90320910973085, 30.918737060041412, 26.932194616977227, 22.938923395445137, 22.939095928226365, 21.943064182194618, 21.943064182194618, 21.950310559006212, 21.948240165631468, 21.9484126984127, 21.95134575569358, 21.94737750172533, 21.950828157349893, 21.94755003450656, 21.948585231193928, 21.948930296756387, 21.950310559006212, 21.949965493443752, 21.949792960662528, 21.944789510006903, 21.95134575569358, 21.951518288474812, 21.95220841959972, 21.944271911663215, 21.953416149068325, 21.946514837819183, 21.944444444444446, 21.944444444444446, 21.9484126984127, 21.950138026224984, 21.953243616287093, 21.947722567287784, 21.95186335403727, 21.950655624568668, 21.950310559006212, 21.94806763285024, 21.946859903381643, 21.946687370600415, 21.952035886818496, 21.945307108350587, 21.949102829537612, 21.949620427881296, 21.95048309178744, 21.94496204278813, 21.951000690131128, 21.951000690131128, 21.952898550724637, 21.948930296756384, 21.951000690131124, 21.948930296756384, 21.95462387853692, 21.947895100069015, 21.947204968944096, 21.94755003450656, 21.949620427881296, 21.94634230503796, 21.95065562456867, 21.95169082125604, 21.945479641131815, 21.946859903381643, 21.949792960662528, 21.94685990338164, 21.948757763975156, 21.949102829537612, 21.947722567287784, 21.946859903381647, 21.953243616287097, 21.95186335403727, 21.948067632850243, 21.952898550724637, 21.95013802622498, 21.950138026224984, 21.950655624568668, 21.95289855072464, 21.950655624568665, 21.952035886818496, 21.949965493443756, 21.952380952380953, 21.950310559006212, 21.951518288474812, 21.94875776397516, 21.947377501725327, 21.950655624568668, 21.948585231193928, 21.945652173913043, 21.949792960662524, 21.948585231193928, 21.948412698412696, 21.94789510006901, 21.9496204278813, 21.95151828847481, 21.949275362318843, 21.948240165631468, 21.945652173913047, 21.950310559006212, 21.946859903381643, 21.9472049689441, 21.9496204278813, 21.949792960662528, 21.953243616287097, 21.953243616287093, 21.951173222912356, 21.952035886818496, 21.95255348516218, 21.95496894409938, 21.95048309178744, 21.949275362318843, 21.952898550724637, 21.952380952380953, 21.94806763285024, 21.94893029675638, 21.951518288474812, 21.95151828847481, 21.950655624568668, 21.95514147688061, 21.94703243616287, 21.955659075224293, 21.952898550724637, 21.95583160800552, 21.95600414078675, 21.951518288474812, 21.951000690131128, 21.951690821256037, 21.952380952380953, 21.949965493443756, 21.95462387853692, 21.95703933747412, 21.952726017943412, 21.948757763975156, 21.950310559006212, 21.954968944099377, 21.95013802622498, 21.950655624568668, 21.95134575569358, 21.951173222912352, 21.95013802622498, 21.949965493443752, 21.948067632850243, 21.952208419599724, 21.953071083505865, 21.951863354037265, 21.95134575569358, 21.951863354037265, 21.9520358868185, 21.95272601794341, 21.951690821256037, 21.951345755693577, 21.953933747412005, 21.95255348516218, 21.95376121463078, 21.953243616287097, 21.95307108350587, 21.954968944099377, 21.952380952380953, 21.95272601794341, 21.95341614906832, 21.953071083505865, 21.95341614906832, 21.95272601794341, 21.95272601794341, 21.95255348516218, 21.953071083505865, 21.95186335403727, 21.95255348516218, 21.954106280193237, 21.95272601794341, 21.953071083505865, 21.952380952380953, 21.95358868184955, 21.95341614906832, 21.954451345755693, 21.95358868184955, 21.953071083505865, 21.953243616287093, 21.95358868184955, 21.95307108350587, 21.953071083505865, 21.953243616287093, 21.95376121463078, 21.953588681849553, 21.95393374741201, 21.95496894409938, 21.95289855072464, 21.953243616287097, 21.952380952380953, 21.953588681849553, 21.954796411318153, 21.953243616287093, 21.95272601794341, 21.954796411318153, 21.95376121463078, 21.953588681849553, 21.954106280193237, 21.95514147688061, 21.95376121463078, 21.95496894409938, 21.95393374741201, 21.954451345755697, 21.953243616287093, 21.955486542443065, 21.954451345755693, 21.95410628019324, 21.953416149068325, 21.953588681849556, 21.953588681849556, 21.952726017943412, 21.954796411318153, 21.953416149068325, 21.954796411318153, 21.956694271911665, 21.95514147688061, 21.955486542443065, 21.954796411318153, 21.95496894409938, 21.955314009661837, 21.95496894409938, 21.954796411318153, 21.954451345755693, 21.953416149068325, 21.953588681849553, 21.95410628019324, 21.953588681849556, 21.953933747412012, 21.95427881297447, 21.95255348516218, 21.952208419599724, 21.953071083505865, 21.95307108350587, 21.953243616287097, 21.953588681849553, 21.954106280193237, 21.953243616287097, 21.95255348516218, 21.953588681849553, 21.953588681849553, 21.95307108350587, 21.952208419599724, 21.95410628019324, 21.95169082125604, 21.952380952380953, 21.954106280193237, 21.952035886818496, 21.952898550724637, 21.952035886818496, 21.951518288474812, 21.95169082125604, 21.950828157349896, 21.95169082125604, 21.95186335403727, 21.952380952380953, 21.95255348516218, 21.951345755693584, 21.952035886818496, 21.950828157349896, 21.950310559006216, 21.950310559006216, 21.951518288474812, 21.94927536231884, 21.949620427881296, 21.950310559006212, 21.949965493443756, 21.951345755693584, 21.95169082125604, 21.95065562456867, 21.950483091787444, 21.948930296756384, 21.948930296756384, 21.949965493443756, 21.949965493443756, 21.949792960662528, 21.949620427881296, 21.94824016563147, 21.948585231193928, 21.948585231193928, 21.94824016563147, 21.948585231193928, 21.948930296756384, 21.949447895100068, 21.948930296756384, 21.94979296066253, 21.949620427881296, 21.95065562456867, 21.950310559006216, 21.949965493443752, 21.950138026224984, 21.950483091787444, 21.95065562456867, 21.949620427881296, 21.949792960662524, 21.949447895100064, 21.949447895100068, 21.94927536231884, 21.949102829537612, 21.948585231193924, 21.94789510006901, 21.948757763975156, 21.94944789510007, 21.948585231193924, 21.948930296756384, 21.947550034506556, 21.948412698412696, 21.948240165631468, 21.9484126984127, 21.949102829537612, 21.948412698412696, 21.948930296756384, 21.94893029675638, 21.94806763285024, 21.9484126984127, 21.948930296756384, 21.949102829537612, 21.94944789510007, 21.948757763975156, 21.949965493443756, 21.94927536231884, 21.949792960662528, 21.950310559006212, 21.949965493443756, 21.950655624568668, 21.95048309178744, 21.950310559006212, 21.95048309178744, 21.95048309178744, 21.95048309178744, 21.950310559006212, 21.950655624568668, 21.950828157349896, 21.950828157349896, 21.950655624568668, 21.950655624568668, 21.949792960662524, 21.950828157349896, 21.95048309178744, 21.951000690131124, 21.950828157349896, 21.95013802622498, 21.950655624568668, 21.950655624568668, 21.951000690131124, 21.950310559006212, 21.950310559006212, 21.949447895100068, 21.95013802622498, 21.95048309178744, 21.949620427881296, 21.94927536231884, 21.94927536231884, 21.948757763975156, 21.949620427881296, 21.950310559006212, 21.949792960662528, 21.95048309178744, 21.950483091787444, 21.95013802622498, 21.949965493443756, 21.950138026224984, 21.950655624568668, 21.950828157349893, 21.95100069013112, 21.949965493443752, 21.949620427881293, 21.949965493443756, 21.950483091787437, 21.950138026224984, 21.95031055900621, 21.949965493443752, 21.949620427881296, 21.949447895100064, 21.949447895100068, 21.949447895100068, 21.949792960662524, 21.949792960662528, 21.949447895100068, 21.9496204278813, 21.9496204278813, 21.94944789510007, 21.9496204278813, 21.9496204278813, 21.950138026224984, 21.94927536231884, 21.949620427881296, 21.949792960662524, 21.949102829537612, 21.949792960662524, 21.949102829537612, 21.948930296756384, 21.948930296756384, 21.949102829537612, 21.948757763975156, 21.949447895100068, 21.948757763975156, 21.94806763285024, 21.948757763975152, 21.948930296756384, 21.949620427881296, 21.94927536231884, 21.949792960662528, 21.950483091787437, 21.950483091787437, 21.950310559006212, 21.950310559006212]",0.928178072804432,0.9214617871726501,22,"[33, 33, 33, 33, 33, 31, 27, 23, 23, 22, 22, 22, 22, 22, 22, 22, 22, 22, 22, 22, 22, 22, 22, 22, 22, 22, 22, 22, 22, 22, 22, 22, 22, 22, 22, 22, 22, 22, 22, 22, 22, 22, 22, 22, 22, 22, 22, 22, 22, 22, 22, 22, 22, 22, 22, 22, 22, 22, 22, 22, 22, 22, 22, 22, 22, 22, 22, 22, 22, 22, 22, 22, 22, 22, 22, 22, 22, 22, 22, 22, 22, 22, 22, 22, 22, 22, 22, 22, 22, 22, 22, 22, 22, 22, 22, 22, 22, 22, 22, 22, 22, 22, 22, 22, 22, 22, 22, 22, 22, 22, 22, 22, 22, 22, 22, 22, 22, 22, 22, 22, 22, 22, 22, 22, 22, 22, 22, 22, 22, 22, 22, 22, 22, 22, 22, 22, 22, 22, 22, 22, 22, 22, 22, 22, 22, 22, 22, 22, 22, 22, 22, 22, 22, 22, 22, 22, 22, 22, 22, 22, 22, 22, 22, 22, 22, 22, 22, 22, 22, 22, 22, 22, 22, 22, 22, 22, 22, 22, 22, 22, 22, 22, 22, 22, 22, 22, 22, 22, 22, 22, 22, 22, 22, 22, 22, 22, 22, 22, 22, 22, 22, 22, 22, 22, 22, 22, 22, 22, 22, 22, 22, 22, 22, 22, 22, 22, 22, 22, 22, 22, 22, 22, 22, 22, 22, 22, 22, 22, 22, 22, 22, 22, 22, 22, 22, 22, 22, 22, 22, 22, 22, 22, 22, 22, 22, 22, 22, 22, 22, 22, 22, 22, 22, 22, 22, 22, 22, 22, 22, 22, 22, 22, 22, 22, 22, 22, 22, 22, 22, 22, 22, 22, 22, 22, 22, 22, 22, 22, 22, 22, 22, 22, 22, 22, 22, 22, 22, 22, 22, 22, 22, 22, 22, 22, 22, 22, 22, 22, 22, 22, 22, 22, 22, 22, 22, 22, 22, 22, 22, 22, 22, 22, 22, 22, 22, 22, 22, 22, 22, 22, 22, 22, 22, 22, 22, 22, 22, 22, 22, 22, 22, 22, 22, 22, 22, 22, 22, 22, 22, 22, 22, 22, 22, 22, 22, 22, 22, 22, 22, 22, 22, 22, 22, 22, 22, 22, 22, 22, 22, 22, 22, 22, 22, 22, 22, 22, 22, 22, 22, 22, 22, 22, 22, 22, 22, 22, 22, 22, 22, 22, 22, 22, 22, 22, 22, 22, 22, 22, 22, 22, 22, 22, 22, 22, 22, 22, 22, 22, 22, 22, 22, 22, 22, 22, 22]",405,"[0.6809594035148621, 0.32780882716178894, 0.2692684829235077, 0.2986838221549988, 0.2289394587278366, 0.24531696736812592, 0.21017025411128998, 0.1920281946659088, 0.23470190167427063, 0.2131393849849701, 0.1743382066488266, 0.18568500876426697, 0.1775341033935547, 0.1688307523727417, 0.24203118681907654, 0.1882150024175644, 0.16770921647548676, 0.1622280478477478, 0.1623779535293579, 0.1602085679769516, 0.15906649827957153, 0.1862083226442337, 0.160909503698349, 0.17190903425216675, 0.15988287329673767, 0.18439647555351257, 0.1611214578151703, 0.15816178917884827, 0.1615687608718872, 0.162109375, 0.16588784754276276, 0.15870921313762665, 0.1510956883430481, 0.15109311044216156, 0.15708184242248535, 0.15145763754844666, 0.16478577256202698, 0.1542181372642517, 0.1608809530735016, 0.16306476294994354, 0.15400879085063934, 0.15545666217803955, 0.1635327786207199, 0.15610593557357788, 0.1950979381799698, 0.16837674379348755, 0.1611979603767395, 0.17121320962905884, 0.16572782397270203, 0.17236103117465973, 0.18188923597335815, 0.19248349964618683, 0.18531452119350433, 0.18024398386478424, 0.18268464505672455, 0.21479567885398865, 0.1943379044532776, 0.19465090334415436, 0.19863957166671753, 0.20064285397529602, 0.22061261534690857, 0.20878776907920837, 0.21229928731918335, 0.20911620557308197, 0.22156758606433868, 0.2175494134426117, 0.2235545516014099, 0.2416342943906784, 0.23507364094257355, 0.23080512881278992, 0.23509341478347778, 0.23258475959300995, 0.23661673069000244, 0.24786622822284698, 0.23735065758228302, 0.2601638734340668, 0.26549115777015686, 0.2657511830329895, 0.24473080039024353, 0.26448583602905273, 0.26771247386932373, 0.267020046710968, 0.2714921832084656, 0.28714001178741455, 0.2703208029270172, 0.27052441239356995, 0.2696566879749298, 0.2773907780647278, 0.2820560932159424, 0.2907158136367798, 0.2876461148262024, 0.28449490666389465, 0.28371331095695496, 0.2878679931163788, 0.28233879804611206, 0.3070698082447052, 0.30930060148239136, 0.2913861870765686, 0.3067206144332886, 0.2976806163787842, 0.31570643186569214, 0.3061258792877197, 0.30504077672958374, 0.3061167895793915, 0.31839925050735474, 0.307942271232605, 0.31615614891052246, 0.31316184997558594, 0.31611567735671997, 0.3273826837539673, 0.32816997170448303, 0.32999664545059204, 0.3283224105834961, 0.32913675904273987, 0.3284721076488495, 0.3305901288986206, 0.3379170298576355, 0.33728909492492676, 0.3398190438747406, 0.3472742438316345, 0.3398706018924713, 0.34385889768600464, 0.3426419198513031, 0.3514600098133087, 0.34803807735443115, 0.3504655957221985, 0.3568578064441681, 0.3525266945362091, 0.35494542121887207, 0.3595149517059326, 0.35835957527160645, 0.35515719652175903, 0.356494665145874, 0.3571588099002838, 0.3635876178741455, 0.36530593037605286, 0.36777248978614807, 0.37199416756629944, 0.36968690156936646, 0.3774637281894684, 0.3768231272697449, 0.3738569915294647, 0.3751460015773773, 0.37669357657432556, 0.3806041479110718, 0.3864036202430725, 0.38204875588417053, 0.385189414024353, 0.3837890625, 0.386271595954895, 0.38845619559288025, 0.38595035672187805, 0.3972632884979248, 0.39608970284461975, 0.3951319456100464, 0.3947209417819977, 0.3967655897140503, 0.39871102571487427, 0.3972800076007843, 0.39663833379745483, 0.3987778425216675, 0.3991568386554718, 0.40350720286369324, 0.40563830733299255, 0.40635985136032104, 0.40700453519821167, 0.40546104311943054, 0.4095345437526703, 0.4106205403804779, 0.40970274806022644, 0.41334694623947144, 0.4129657447338104, 0.4135991036891937, 0.4127724766731262, 0.41275718808174133, 0.4181765019893646, 0.4180476665496826, 0.41754409670829773, 0.4172070622444153, 0.4184366464614868, 0.41741958260536194, 0.4193248450756073, 0.4214237630367279, 0.41981351375579834, 0.4209608733654022, 0.4218776822090149, 0.42656266689300537, 0.42411792278289795, 0.4237584173679352, 0.4271760582923889, 0.42754116654396057, 0.4276091456413269, 0.42621853947639465, 0.426766961812973, 0.42858603596687317, 0.43064820766448975, 0.4282682538032532, 0.4313898980617523, 0.43124157190322876, 0.43466463685035706, 0.43360060453414917, 0.43465250730514526, 0.4358753263950348, 0.43341290950775146, 0.43310829997062683, 0.4345017969608307, 0.4353584051132202, 0.4353603422641754, 0.4398801326751709, 0.43553242087364197, 0.43731972575187683, 0.43944525718688965, 0.4406462609767914, 0.4391593039035797, 0.4414588212966919, 0.439339816570282, 0.4405420422554016, 0.441598117351532, 0.4408366084098816, 0.4431900382041931, 0.442910373210907, 0.44402164220809937, 0.44503143429756165, 0.4459514617919922, 0.4459284842014313, 0.44670239090919495, 0.44601455330848694, 0.44454750418663025, 0.44742393493652344, 0.44814684987068176, 0.4472184479236603, 0.4496244192123413, 0.4483838975429535, 0.44885650277137756, 0.4507529139518738, 0.4514424502849579, 0.45061492919921875, 0.44930118322372437, 0.4500548541545868, 0.4515879154205322, 0.4510813057422638, 0.4526093602180481, 0.45241162180900574, 0.45413002371788025, 0.4532753825187683, 0.4545053541660309, 0.4540070593357086, 0.4545055627822876, 0.4565657079219818, 0.45727241039276123, 0.4579910635948181, 0.4561554193496704, 0.4580974876880646, 0.45604458451271057, 0.4574902355670929, 0.45908692479133606, 0.4576367437839508, 0.4579956829547882, 0.4589787721633911, 0.4590429961681366, 0.4606859087944031, 0.46041610836982727, 0.4599635601043701, 0.4612570106983185, 0.4614697992801666, 0.4626506567001343, 0.46362072229385376, 0.46200621128082275, 0.46216046810150146, 0.46333616971969604, 0.46429160237312317, 0.463378369808197, 0.4642725884914398, 0.4632216691970825, 0.4652499854564667, 0.4657374620437622, 0.4651361405849457, 0.46643587946891785, 0.466425359249115, 0.4658024311065674, 0.4661553204059601, 0.4666593670845032, 0.4676729142665863, 0.46776971220970154, 0.4677272140979767, 0.4690546691417694, 0.47016072273254395, 0.4699825346469879, 0.4696684181690216, 0.470468670129776, 0.4698167145252228, 0.47029635310173035, 0.4710874855518341, 0.47065380215644836, 0.4709884226322174, 0.4713228940963745, 0.4724638760089874, 0.47237977385520935, 0.4731052815914154, 0.4723522961139679, 0.4738825857639313, 0.4738331735134125, 0.4734226167201996, 0.47380802035331726, 0.4740974009037018, 0.47522273659706116, 0.47507643699645996, 0.4751209020614624, 0.47492849826812744, 0.47620639204978943, 0.47664114832878113, 0.4761885404586792, 0.47672343254089355, 0.47753509879112244, 0.477979838848114, 0.47794097661972046, 0.47720831632614136, 0.4791973829269409, 0.4787788689136505, 0.47942915558815, 0.4791690707206726, 0.47894617915153503, 0.4791112542152405, 0.4807555377483368, 0.48027801513671875, 0.4800877273082733, 0.48012539744377136, 0.4800356328487396, 0.48032158613204956, 0.4809677004814148, 0.481893390417099, 0.4814240634441376, 0.4813465178012848, 0.4818612337112427, 0.482418030500412, 0.4825918972492218, 0.48216888308525085, 0.48326587677001953, 0.4838293492794037, 0.4847618341445923, 0.48439711332321167, 0.4844699800014496, 0.48361068964004517, 0.48375004529953003, 0.484221875667572, 0.48422160744667053, 0.4855732321739197, 0.48587870597839355, 0.48587509989738464, 0.4855850636959076, 0.4861834645271301, 0.4868379235267639, 0.48689067363739014, 0.4860374927520752, 0.4865749478340149, 0.4869920313358307, 0.4871508479118347, 0.4882991909980774, 0.48821258544921875, 0.4883667826652527, 0.48884156346321106, 0.488576740026474, 0.48849546909332275, 0.48890480399131775, 0.48855674266815186, 0.48899340629577637, 0.4887852966785431, 0.48971736431121826, 0.49005067348480225, 0.4902455806732178, 0.4906488358974457, 0.49021801352500916, 0.4913513660430908, 0.49092525243759155, 0.4908449053764343, 0.4911227524280548, 0.49167683720588684, 0.4921037554740906, 0.49201297760009766, 0.49259552359580994, 0.4919998049736023, 0.49245408177375793, 0.4927197992801666, 0.4934825897216797, 0.4934506118297577, 0.49345189332962036, 0.49315503239631653, 0.4938719570636749, 0.4943380355834961, 0.49400848150253296, 0.494022935628891, 0.4947141706943512, 0.4945114552974701, 0.4944503903388977, 0.4945436418056488, 0.4958258867263794, 0.4959518015384674, 0.49622491002082825, 0.4959644079208374, 0.4959592819213867, 0.4963855445384979, 0.49689018726348877, 0.49710434675216675, 0.4967919588088989, 0.49689528346061707]",22.0,"[33.0, 33.0, 33.0, 33.0, 33.0, 31.0, 27.0, 23.0, 23.0, 22.0, 22.0, 22.0, 22.0, 22.0, 22.0, 22.0, 22.0, 22.0, 22.0, 22.0, 22.0, 22.0, 22.0, 22.0, 22.0, 22.0, 22.0, 22.0, 22.0, 22.0, 22.0, 22.0, 22.0, 22.0, 22.0, 22.0, 22.0, 22.0, 22.0, 22.0, 22.0, 22.0, 22.0, 22.0, 22.0, 22.0, 22.0, 22.0, 22.0, 22.0, 22.0, 22.0, 22.0, 22.0, 22.0, 22.0, 22.0, 22.0, 22.0, 22.0, 22.0, 22.0, 22.0, 22.0, 22.0, 22.0, 22.0, 22.0, 22.0, 22.0, 22.0, 22.0, 22.0, 22.0, 22.0, 22.0, 22.0, 22.0, 22.0, 22.0, 22.0, 22.0, 22.0, 22.0, 22.0, 22.0, 22.0, 22.0, 22.0, 22.0, 22.0, 22.0, 22.0, 22.0, 22.0, 22.0, 22.0, 22.0, 22.0, 22.0, 22.0, 22.0, 22.0, 22.0, 22.0, 22.0, 22.0, 22.0, 22.0, 22.0, 22.0, 22.0, 22.0, 22.0, 22.0, 22.0, 22.0, 22.0, 22.0, 22.0, 22.0, 22.0, 22.0, 22.0, 22.0, 22.0, 22.0, 22.0, 22.0, 22.0, 22.0, 22.0, 22.0, 22.0, 22.0, 22.0, 22.0, 22.0, 22.0, 22.0, 22.0, 22.0, 22.0, 22.0, 22.0, 22.0, 22.0, 22.0, 22.0, 22.0, 22.0, 22.0, 22.0, 22.0, 22.0, 22.0, 22.0, 22.0, 22.0, 22.0, 22.0, 22.0, 22.0, 22.0, 22.0, 22.0, 22.0, 22.0, 22.0, 22.0, 22.0, 22.0, 22.0, 22.0, 22.0, 22.0, 22.0, 22.0, 22.0, 22.0, 22.0, 22.0, 22.0, 22.0, 22.0, 22.0, 22.0, 22.0, 22.0, 22.0, 22.0, 22.0, 22.0, 22.0, 22.0, 22.0, 22.0, 22.0, 22.0, 22.0, 22.0, 22.0, 22.0, 22.0, 22.0, 22.0, 22.0, 22.0, 22.0, 22.0, 22.0, 22.0, 22.0, 22.0, 22.0, 22.0, 22.0, 22.0, 22.0, 22.0, 22.0, 22.0, 22.0, 22.0, 22.0, 22.0, 22.0, 22.0, 22.0, 22.0, 22.0, 22.0, 22.0, 22.0, 22.0, 22.0, 22.0, 22.0, 22.0, 22.0, 22.0, 22.0, 22.0, 22.0, 22.0, 22.0, 22.0, 22.0, 22.0, 22.0, 22.0, 22.0, 22.0, 22.0, 22.0, 22.0, 22.0, 22.0, 22.0, 22.0, 22.0, 22.0, 22.0, 22.0, 22.0, 22.0, 22.0, 22.0, 22.0, 22.0, 22.0, 22.0, 22.0, 22.