,number,value,datetime_start,datetime_complete,duration,params_batch_size_scaler,params_constant_learning_rate,params_depth,params_epochs,params_kernel_l2,params_num_trees,params_temperature,user_attrs_accuracy_test,user_attrs_accuracy_valid,user_attrs_approximate_feature_sparsity,user_attrs_approximate_feature_sparsity_history,user_attrs_approximate_weight_sparsity,user_attrs_approximate_weight_sparsity_history,user_attrs_auc_test,user_attrs_auc_valid,user_attrs_feature_sparsity,user_attrs_feature_sparsity_history,user_attrs_num_epochs,user_attrs_val_loss_history,user_attrs_weight_sparsity,user_attrs_weight_sparsity_history,state
36,36,0.929976426942845,2024-08-31 01:32:26.557412,2024-08-31 01:36:11.521226,0 days 00:03:44.963814,4,0.32185744051359105,6,165,0.14900162945782358,80,0.009210174216487592,0.943,0.95375,21,"[33, 33, 33, 33, 33, 33, 33, 33, 32, 30, 30, 30, 29, 28, 26, 26, 26, 26, 24, 23, 23, 23, 23, 23, 23, 23, 23, 22, 21, 21, 21, 21, 21, 21, 21, 21, 21, 21, 21, 21, 21, 21, 21, 21, 21, 21, 21, 21, 21, 21, 21, 21, 21, 21, 21, 21, 21, 21, 21, 21, 21, 21, 21, 21, 21, 21, 21, 21, 21, 21, 21, 21, 21, 21, 21, 21, 21, 21, 21, 21, 21, 21, 21, 21, 21, 21, 21, 21, 21, 21, 21, 21, 21, 21, 21, 21, 21, 21, 21, 21, 21, 21, 21, 21, 21, 21, 21, 21, 21, 21, 21, 21, 21, 21, 21, 21, 21, 21, 21, 21, 21, 21, 21, 21, 21, 21, 21, 21, 21, 21, 21, 21, 21, 21, 21, 21, 21, 21, 21, 21, 21, 21, 21, 21, 21, 21, 21, 21, 21, 21, 21, 21, 21, 21, 21, 21, 21, 21, 21, 21, 21, 21, 21, 21, 21]",20.942460317460316,"[32.900198412698415, 32.89821428571429, 32.90515873015873, 32.904563492063495, 32.90297619047619, 32.89503968253968, 32.90119047619047, 32.897420634920636, 31.905555555555555, 29.9140873015873, 29.90456349206349, 29.914285714285715, 28.90833333333333, 27.925198412698414, 25.926984126984127, 25.924603174603174, 25.927380952380954, 25.928571428571427, 23.93075396825397, 22.93392857142857, 22.93075396825397, 22.937896825396827, 22.932738095238097, 22.937698412698413, 22.935912698412697, 22.933928571428574, 22.938888888888886, 21.936309523809523, 20.941468253968257, 20.937896825396823, 20.940873015873013, 20.940674603174603, 20.934722222222224, 20.94325396825397, 20.940476190476186, 20.943849206349206, 20.939484126984127, 20.939285714285713, 20.941071428571426, 20.941269841269843, 20.937896825396827, 20.9375, 20.937896825396827, 20.94126984126984, 20.942460317460316, 20.939880952380953, 20.939484126984127, 20.938293650793653, 20.936507936507937, 20.93392857142857, 20.9375, 20.938690476190477, 20.938690476190477, 20.940277777777776, 20.943253968253966, 20.94265873015873, 20.94246031746032, 20.93710317460317, 20.938492063492063, 20.938492063492063, 20.943452380952383, 20.941269841269843, 20.941468253968253, 20.93888888888889, 20.940476190476193, 20.94146825396825, 20.93809523809524, 20.93730158730159, 20.93829365079365, 20.93888888888889, 20.935912698412697, 20.93948412698413, 20.93968253968254, 20.94126984126984, 20.93988095238095, 20.939285714285717, 20.939285714285717, 20.944047619047616, 20.941071428571426, 20.94325396825397, 20.941666666666666, 20.943849206349206, 20.94345238095238, 20.945436507936506, 20.946031746031746, 20.94107142857143, 20.9390873015873, 20.940674603174607, 20.941269841269843, 20.93968253968254, 20.94265873015873, 20.94424603174603, 20.944841269841273, 20.940674603174603, 20.94047619047619, 20.940277777777776, 20.93611111111111, 20.93829365079365, 20.936706349206347, 20.939484126984123, 20.938492063492067, 20.939285714285717, 20.938492063492063, 20.942460317460316, 20.939285714285717, 20.94107142857143, 20.94186507936508, 20.939880952380953, 20.938690476190477, 20.93988095238095, 20.939285714285717, 20.94047619047619, 20.94265873015873, 20.9375, 20.937698412698413, 20.93849206349206, 20.937301587301587, 20.93611111111111, 20.93531746031746, 20.93531746031746, 20.934126984126983, 20.935119047619047, 20.935714285714287, 20.939880952380953, 20.9375, 20.935515873015873, 20.940079365079367, 20.93888888888889, 20.938492063492063, 20.937301587301587, 20.938492063492063, 20.936904761904763, 20.934722222222224, 20.935714285714287, 20.9375, 20.938888888888886, 20.939285714285717, 20.940873015873017, 20.943849206349206, 20.93888888888889, 20.93968253968254, 20.944642857142856, 20.943650793650793, 20.939285714285713, 20.941468253968253, 20.938690476190477, 20.941071428571426, 20.938492063492067, 20.936111111111114, 20.94027777777778, 20.942063492063493, 20.942063492063493, 20.942857142857143, 20.94047619047619, 20.938095238095237, 20.939285714285713, 20.941666666666666, 20.942063492063493, 20.938690476190477, 20.939880952380953, 20.94246031746032, 20.941269841269843, 20.942460317460316, 20.942261904761907, 20.942460317460316]",0.9154633046838234,0.929976426942845,21,"[33, 33, 33, 33, 33, 33, 33, 33, 32, 30, 30, 30, 29, 28, 26, 26, 26, 26, 24, 23, 23, 23, 23, 23, 23, 23, 23, 22, 21, 21, 21, 21, 21, 21, 21, 21, 21, 21, 21, 21, 21, 21, 21, 21, 21, 21, 21, 21, 21, 21, 21, 21, 21, 21, 21, 21, 21, 21, 21, 21, 21, 21, 21, 21, 21, 21, 21, 21, 21, 21, 21, 21, 21, 21, 21, 21, 21, 21, 21, 21, 21, 21, 21, 21, 21, 21, 21, 21, 21, 21, 21, 21, 21, 21, 21, 21, 21, 21, 21, 21, 21, 21, 21, 21, 21, 21, 21, 21, 21, 21, 21, 21, 21, 21, 21, 21, 21, 21, 21, 21, 21, 21, 21, 21, 21, 21, 21, 21, 21, 21, 21, 21, 21, 21, 21, 21, 21, 21, 21, 21, 21, 21, 21, 21, 21, 21, 21, 21, 21, 21, 21, 21, 21, 21, 21, 21, 21, 21, 21, 21, 21, 21, 21, 21, 21]",165,"[0.39198845624923706, 0.38273584842681885, 0.376839280128479, 0.3729155659675598, 0.37005385756492615, 0.3677452802658081, 0.3648983836174011, 0.36459264159202576, 0.3601136803627014, 0.3595620095729828, 0.3566994369029999, 0.3543234169483185, 0.3518376648426056, 0.34864476323127747, 0.3466804027557373, 0.34461861848831177, 0.3436329960823059, 0.34018799662590027, 0.33811768889427185, 0.3352147042751312, 0.3329215943813324, 0.33069878816604614, 0.3284146189689636, 0.32624027132987976, 0.3235296607017517, 0.32085809111595154, 0.31806984543800354, 0.3161924183368683, 0.31388548016548157, 0.30974435806274414, 0.3064793050289154, 0.302854984998703, 0.2998408079147339, 0.2965351343154907, 0.29288172721862793, 0.28963780403137207, 0.2855634391307831, 0.2824286222457886, 0.27870750427246094, 0.27540913224220276, 0.2730438709259033, 0.2686782479286194, 0.26612380146980286, 0.26382148265838623, 0.26118558645248413, 0.25873082876205444, 0.25558167695999146, 0.2543489634990692, 0.25196292996406555, 0.2510119378566742, 0.24750806391239166, 0.24629490077495575, 0.24466179311275482, 0.24277327954769135, 0.24190440773963928, 0.23995140194892883, 0.2401500940322876, 0.23727218806743622, 0.2349681705236435, 0.23383159935474396, 0.23198646306991577, 0.23085832595825195, 0.2300998717546463, 0.22838464379310608, 0.2262866199016571, 0.22547605633735657, 0.2256195843219757, 0.22334425151348114, 0.2220207154750824, 0.22173164784908295, 0.22027933597564697, 0.2188851684331894, 0.21875564754009247, 0.2171763777732849, 0.21700458228588104, 0.214599609375, 0.21410389244556427, 0.21361438930034637, 0.21291130781173706, 0.21234017610549927, 0.21208946406841278, 0.2118983119726181, 0.20969289541244507, 0.20971184968948364, 0.20928357541561127, 0.20774254202842712, 0.20813868939876556, 0.20855313539505005, 0.20547550916671753, 0.20462696254253387, 0.20366020500659943, 0.2038099467754364, 0.20619884133338928, 0.2023547738790512, 0.20204900205135345, 0.20186302065849304, 0.2006276249885559, 0.20037256181240082, 0.1994239091873169, 0.19968579709529877, 0.2006816416978836, 0.19735968112945557, 0.19796399772167206, 0.19814252853393555, 0.1967238038778305, 0.19571316242218018, 0.19452741742134094, 0.19513866305351257, 0.19638116657733917, 0.19305583834648132, 0.19395317137241364, 0.1963057667016983, 0.1945001482963562, 0.19339601695537567, 0.19067180156707764, 0.19372697174549103, 0.19343702495098114, 0.18984296917915344, 0.19005733728408813, 0.19049835205078125, 0.1904139518737793, 0.1883799135684967, 0.1894483119249344, 0.18785494565963745, 0.18721319735050201, 0.187045618891716, 0.18728013336658478, 0.18554675579071045, 0.18600530922412872, 0.18620330095291138, 0.18498265743255615, 0.1850523054599762, 0.1859438270330429, 0.18421286344528198, 0.1832638531923294, 0.18305909633636475, 0.18534362316131592, 0.18196094036102295, 0.1819448471069336, 0.18287111818790436, 0.1830197125673294, 0.18037272989749908, 0.1814529001712799, 0.1839936226606369, 0.18092265725135803, 0.1829802542924881, 0.1798313558101654, 0.17811863124370575, 0.17967943847179413, 0.17834879457950592, 0.1796184927225113, 0.18156884610652924, 0.17814093828201294, 0.17946960031986237, 0.17823690176010132, 0.1768391728401184, 0.17765265703201294, 0.18076856434345245, 0.17614376544952393, 0.17435932159423828, 0.17519018054008484, 0.18000181019306183, 0.17725864052772522, 0.17924310266971588, 0.17762941122055054]",21.0,"[33.0, 33.0, 33.0, 33.0, 33.0, 33.0, 33.0, 33.0, 32.0, 30.0, 30.0, 30.0, 29.0, 28.0, 26.0, 26.0, 26.0, 26.0, 24.0, 23.0, 23.0, 23.0, 23.0, 23.0, 23.0, 23.0, 23.0, 22.0, 21.0, 21.0, 21.0, 21.0, 21.0, 21.0, 21.0, 21.0, 21.0, 21.0, 21.0, 21.0, 21.0, 21.0, 21.0, 21.0, 21.0, 21.0, 21.0, 21.0, 21.0, 21.0, 21.0, 21.0, 21.0, 21.0, 21.0, 21.0, 21.0, 21.0, 21.0, 21.0, 21.0, 21.0, 21.0, 21.0, 21.0, 21.0, 21.0, 21.0, 21.0, 21.0, 21.0, 21.0, 21.0, 21.0, 21.0, 21.0, 21.0, 21.0, 21.0, 21.0, 21.0, 21.0, 21.0, 21.0, 21.0, 21.0, 21.0, 21.0, 21.0, 21.0, 21.0, 21.0, 21.0, 21.0, 21.0, 21.0, 21.0, 21.0, 21.0, 21.0, 21.0, 21.0, 21.0, 21.0, 21.0, 21.0, 21.0, 21.0, 21.0, 21.0, 21.0, 21.0, 21.0, 21.0, 21.0, 21.0, 21.0, 21.0, 21.0, 21.0, 21.0, 21.0, 21.0, 21.0, 21.0, 21.0, 21.0, 21.0, 21.0, 21.0, 21.0, 21.0, 21.0, 21.0, 21.0, 21.0, 21.0, 21.0, 21.0, 21.0, 21.0, 21.0, 21.0, 21.0, 21.0, 21.0, 21.0, 21.0, 21.0, 21.0, 21.0, 21.0, 21.0, 21.0, 21.0, 21.0, 21.0, 21.0, 21.0, 21.0, 21.0, 21.0, 21.0, 21.0, 21.0]",COMPLETE
37,37,0.5,2024-08-31 01:36:12.235191,2024-08-31 01:38:41.361572,0 days 00:02:29.126381,4,0.51971772758151,4,320,0.013864993646605933,95,0.022167334047328378,0.859,0.85875,0,"[3, 0, 0, 0, 0, 0, 0, 0, 0, 0, 0, 0, 0, 0, 0, 0, 0, 0, 0, 0, 0, 0, 0, 0, 0, 0, 0, 0, 0, 0, 0, 0, 0, 0, 0, 0, 0, 0, 0, 0, 0, 0, 0, 0, 0, 0, 0, 0, 0, 0, 0, 0, 0, 0, 0, 0, 0, 0, 0, 0, 0, 0, 0, 0, 0, 0, 0, 0, 0, 0, 0, 0, 0, 0, 0, 0, 0, 0, 0, 0, 0, 0, 0, 0, 0, 0, 0, 0, 0, 0, 0, 0, 0, 0, 0, 0, 0, 0, 0, 0, 0, 0, 0, 0, 0, 0, 0, 0, 0, 0, 0, 0, 0, 0, 0, 0, 0, 0, 0, 0, 0, 0, 0, 0, 0, 0, 0, 0, 0, 0, 0, 0, 0, 0, 0, 0, 0, 0, 0, 0, 0, 0, 0, 0, 0, 0, 0, 0, 0, 0, 0, 0, 0, 0, 0, 0, 0, 0, 0, 0, 0, 0, 0, 0, 0, 0, 0, 0, 0, 0, 0, 0, 0, 0, 0, 0, 0, 0, 0, 0, 0, 0, 0, 0, 0, 0, 0, 0, 0, 0, 0, 0, 0, 0, 0, 0, 0, 0, 0, 0, 0, 0, 0, 0, 0, 0, 0, 0, 0, 0, 0, 0, 0, 0, 0, 0, 0, 0, 0, 0, 0, 0, 0, 0, 0, 0, 0, 0, 0, 0, 0, 0, 0, 0, 0, 0, 0, 0, 0, 0, 0, 0, 0, 0, 0, 0, 0, 0, 0, 0, 0, 0, 0, 0, 0, 0, 0, 0, 0, 0, 0, 0, 0, 0, 0, 0, 0, 0, 0, 0, 0, 0, 0, 0, 0, 0, 0, 0, 0, 0, 0, 0, 0, 0, 0, 0, 0, 0, 0, 0, 0, 0, 0, 0, 0, 0, 0, 0, 0, 0, 0, 0, 0, 0, 0, 0, 0, 0, 0, 0, 0, 0, 0, 0, 0, 0, 0, 0, 0, 0]",0.0,"[2.9943859649122806, 0.0, 0.0, 0.0, 0.0, 0.0, 0.0, 0.0, 0.0, 0.0, 0.0, 0.0, 0.0, 0.0, 0.0, 0.0, 0.0, 0.0, 0.0, 0.0, 0.0, 0.0, 0.0, 0.0, 0.0, 0.0, 0.0, 0.0, 0.0, 0.0, 0.0, 0.0, 0.0, 0.0, 0.0, 0.0, 0.0, 0.0, 0.0, 0.0, 0.0, 0.0, 0.0, 0.0, 0.0, 0.0, 0.0, 0.0, 0.0, 0.0, 0.0, 0.0, 0.0, 0.0, 0.0, 0.0, 0.0, 0.0, 0.0, 0.0, 0.0, 0.0, 0.0, 0.0, 0.0, 0.0, 0.0, 0.0, 0.0, 0.0, 0.0, 0.0, 0.0, 0.0, 0.0, 0.0, 0.0, 0.0, 0.0, 0.0, 0.0, 0.0, 0.0, 0.0, 0.0, 0.0, 0.0, 0.0, 0.0, 0.0, 0.0, 0.0, 0.0, 0.0, 0.0, 0.0, 0.0, 0.0, 0.0, 0.0, 0.0, 0.0, 0.0, 0.0, 0.0, 0.0, 0.0, 0.0, 0.0, 0.0, 0.0, 0.0, 0.0, 0.0, 0.0, 0.0, 0.0, 0.0, 0.0, 0.0, 0.0, 0.0, 0.0, 0.0, 0.0, 0.0, 0.0, 0.0, 0.0, 0.0, 0.0, 0.0, 0.0, 0.0, 0.0, 0.0, 0.0, 0.0, 0.0, 0.0, 0.0, 0.0, 0.0, 0.0, 0.0, 0.0, 0.0, 0.0, 0.0, 0.0, 0.0, 0.0, 0.0, 0.0, 0.0, 0.0, 0.0, 0.0, 0.0, 0.0, 0.0, 0.0, 0.0, 0.0, 0.0, 0.0, 0.0, 0.0, 0.0, 0.0, 0.0, 0.0, 0.0, 0.0, 0.0, 0.0, 0.0, 0.0, 0.0, 0.0, 0.0, 0.0, 0.0, 0.0, 0.0, 0.0, 0.0, 0.0, 0.0, 0.0, 0.0, 0.0, 0.0, 0.0, 0.0, 0.0, 0.0, 0.0, 0.0, 0.0, 0.0, 0.0, 0.0, 0.0, 0.0, 0.0, 0.0, 0.0, 0.0, 0.0, 0.0, 0.0, 0.0, 0.0, 0.0, 0.0, 0.0, 0.0, 0.0, 0.0, 0.0, 0.0, 0.0, 0.0, 0.0, 0.0, 0.0, 0.0, 0.0, 0.0, 0.0, 0.0, 0.0, 0.0, 0.0, 0.0, 0.0, 0.0, 0.0, 0.0, 0.0, 0.0, 0.0, 0.0, 0.0, 0.0, 0.0, 0.0, 0.0, 0.0, 0.0, 0.0, 0.0, 0.0, 0.0, 0.0, 0.0, 0.0, 0.0, 0.0, 0.0, 0.0, 0.0, 0.0, 0.0, 0.0, 0.0, 0.0, 0.0, 0.0, 0.0, 0.0, 0.0, 0.0, 0.0, 0.0, 0.0, 0.0, 0.0, 0.0, 0.0, 0.0, 0.0, 0.0, 0.0, 0.0, 0.0, 0.0, 0.0, 0.0, 0.0, 0.0, 0.0, 0.0, 0.0, 0.0, 0.0, 0.0, 0.0, 0.0, 0.0, 0.0, 0.0, 0.0, 0.0, 0.0, 0.0, 0.0, 0.0, 0.0, 0.0, 0.0, 0.0, 0.0, 0.0, 0.0, 0.0, 0.0, 0.0, 0.0]",0.5,0.5,0,"[3, 0, 0, 0, 0, 0, 0, 0, 0, 0, 0, 0, 0, 0, 0, 0, 0, 0, 0, 0, 0, 0, 0, 0, 0, 0, 0, 0, 0, 0, 0, 0, 0, 0, 0, 0, 0, 0, 0, 0, 0, 0, 0, 0, 0, 0, 0, 0, 0, 0, 0, 0, 0, 0, 0, 0, 0, 0, 0, 0, 0, 0, 0, 0, 0, 0, 0, 0, 0, 0, 0, 0, 0, 0, 0, 0, 0, 0, 0, 0, 0, 0, 0, 0, 0, 0, 0, 0, 0, 0, 0, 0, 0, 0, 0, 0, 0, 0, 0, 0, 0, 0, 0, 0, 0, 0, 0, 0, 0, 0, 0, 0, 0, 0, 0, 0, 0, 0, 0, 0, 0, 0, 0, 0, 0, 0, 0, 0, 0, 0, 0, 0, 0, 0, 0, 0, 0, 0, 0, 0, 0, 0, 0, 0, 0, 0, 0, 0, 0, 0, 0, 0, 0, 0, 0, 0, 0, 0, 0, 0, 0, 0, 0, 0, 0, 0, 0, 0, 0, 0, 0, 0, 0, 0, 0, 0, 0, 0, 0, 0, 0, 0, 0, 0, 0, 0, 0, 0, 0, 0, 0, 0, 0, 0, 0, 0, 0, 0, 0, 0, 0, 0, 0, 0, 0, 0, 0, 0, 0, 0, 0, 0, 0, 0, 0, 0, 0, 0, 0, 0, 0, 0, 0, 0, 0, 0, 0, 0, 0, 0, 0, 0, 0, 0, 0, 0, 0, 0, 0, 0, 0, 0, 0, 0, 0, 0, 0, 0, 0, 0, 0, 0, 0, 0, 0, 0, 0, 0, 0, 0, 0, 0, 0, 0, 0, 0, 0, 0, 0, 0, 0, 0, 0, 0, 0, 0, 0, 0, 0, 0, 0, 0, 0, 0, 0, 0, 0, 0, 0, 0, 0, 0, 0, 0, 0, 0, 0, 0, 0, 0, 0, 0, 0, 0, 0, 0, 0, 0, 0, 0, 0, 0, 0, 0, 0, 0, 0, 0, 0, 0]",320,"[0.388803094625473, 0.4148160517215729, 0.40819689631462097, 0.41165512800216675, 0.40762776136398315, 0.41507911682128906, 0.4093492031097412, 0.40751487016677856, 0.40751343965530396, 0.41404736042022705, 0.40722811222076416, 0.40747737884521484, 0.41692352294921875, 0.40787434577941895, 0.41182956099510193, 0.4076120853424072, 0.4144362211227417, 0.4197569787502289, 0.41094067692756653, 0.43076077103614807, 0.41033899784088135, 0.4081557095050812, 0.4072866141796112, 0.40975579619407654, 0.4074177145957947, 0.40730616450309753, 0.40890711545944214, 0.4092333912849426, 0.41316962242126465, 0.4093860387802124, 0.40821143984794617, 0.4163292646408081, 0.4081750512123108, 0.41326963901519775, 0.4257677495479584, 0.4083584249019623, 0.4130222201347351, 0.4075135290622711, 0.4166530668735504, 0.4112136960029602, 0.41595327854156494, 0.4195112884044647, 0.41949462890625, 0.4163294732570648, 0.4231243431568146, 0.4074156582355499, 0.41412103176116943, 0.4096595346927643, 0.40811336040496826, 0.41426485776901245, 0.41683754324913025, 0.4085635840892792, 0.40833550691604614, 0.40724486112594604, 0.4078720808029175, 0.4075203239917755, 0.407739520072937, 0.41205355525016785, 0.41216185688972473, 0.4072650671005249, 0.4293529987335205, 0.41435182094573975, 0.4072617292404175, 0.4141421616077423, 0.41452857851982117, 0.419667512178421, 0.4087352752685547, 0.40738511085510254, 0.40754735469818115, 0.4201003313064575, 0.40888386964797974, 0.4141296446323395, 0.42380890250205994, 0.40732741355895996, 0.40796419978141785, 0.4096931517124176, 0.410233736038208, 0.4073401987552643, 0.4082367420196533, 0.4072358310222626, 0.41861721873283386, 0.4110013544559479, 0.4074486196041107, 0.40896424651145935, 0.40772464871406555, 0.42702800035476685, 0.41235682368278503, 0.4072993993759155, 0.40741419792175293, 0.4178847372531891, 0.4075520634651184, 0.4117862284183502, 0.4160338342189789, 0.4073268473148346, 0.40776461362838745, 0.4127359688282013, 0.41133299469947815, 0.40734729170799255, 0.4108889400959015, 0.4109871983528137, 0.4095210134983063, 0.4075089395046234, 0.4086763858795166, 0.40726420283317566, 0.44577160477638245, 0.41913849115371704, 0.4147105813026428, 0.41303882002830505, 0.4085173010826111, 0.40894562005996704, 0.41843709349632263, 0.40729305148124695, 0.40748050808906555, 0.41476544737815857, 0.43413329124450684, 0.41250476241111755, 0.41090089082717896, 0.4077357053756714, 0.4434652626514435, 0.4088321626186371, 0.40767842531204224, 0.40907391905784607, 0.4167598485946655, 0.40732237696647644, 0.40754586458206177, 0.4186598062515259, 0.4075094163417816, 0.40747183561325073, 0.4083523452281952, 0.4111066460609436, 0.4078475832939148, 0.4131935238838196, 0.40724849700927734, 0.42495331168174744, 0.4077405035495758, 0.41661393642425537, 0.41143351793289185, 0.40864095091819763, 0.41946420073509216, 0.4191586971282959, 0.41090571880340576, 0.4576661288738251, 0.4073318839073181, 0.4139757454395294, 0.4072973132133484, 0.40746939182281494, 0.40987733006477356, 0.4072452783584595, 0.4078972637653351, 0.4078349769115448, 0.4081549346446991, 0.40847861766815186, 0.4136561453342438, 0.4073592722415924, 0.44583916664123535, 0.40749046206474304, 0.4271770119667053, 0.40734171867370605, 0.41173017024993896, 0.40805453062057495, 0.4076656103134155, 0.40781575441360474, 0.40750160813331604, 0.40728360414505005, 0.41801026463508606, 0.4100731611251831, 0.4144282937049866, 0.4078288674354553, 0.4080367386341095, 0.40832585096359253, 0.40775561332702637, 0.4495140314102173, 0.41010960936546326, 0.40865546464920044, 0.4102981686592102, 0.4073205292224884, 0.4081956148147583, 0.40830761194229126, 0.41205814480781555, 0.40758541226387024, 0.407400906085968, 0.40722736716270447, 0.4074215590953827, 0.40802085399627686, 0.4104055166244507, 0.40731364488601685, 0.4128236472606659, 0.41170942783355713, 0.40722668170928955, 0.41751396656036377, 0.4079430401325226, 0.42092975974082947, 0.40784764289855957, 0.4104877710342407, 0.4091867208480835, 0.4073985815048218, 0.43243086338043213, 0.42516058683395386, 0.4219672381877899, 0.40728896856307983, 0.4073121249675751, 0.4390909969806671, 0.4099430739879608, 0.40741556882858276, 0.4073575735092163, 0.41408663988113403, 0.410187304019928, 0.41515496373176575, 0.41049644351005554, 0.41481274366378784, 0.41403406858444214, 0.40722694993019104, 0.40772995352745056, 0.40964511036872864, 0.40860405564308167, 0.42285987734794617, 0.41418522596359253, 0.40874892473220825, 0.4139958322048187, 0.40851548314094543, 0.4114249050617218, 0.40934547781944275, 0.4136730432510376, 0.41916149854660034, 0.4108682870864868, 0.41295987367630005, 0.41561925411224365, 0.4184294641017914, 0.4375298023223877, 0.40761685371398926, 0.4086560010910034, 0.4086896777153015, 0.40823525190353394, 0.4078753590583801, 0.41307926177978516, 0.41085338592529297, 0.4143211841583252, 0.4160371422767639, 0.41080403327941895, 0.41099920868873596, 0.4108028709888458, 0.4341796934604645, 0.40728598833084106, 0.41982540488243103, 0.4087985157966614, 0.40863505005836487, 0.41889283061027527, 0.4103419780731201, 0.4108363091945648, 0.40978923439979553, 0.42024779319763184, 0.4073529839515686, 0.41216519474983215, 0.40728628635406494, 0.40722861886024475, 0.41088351607322693, 0.40908268094062805, 0.40834444761276245, 0.4073455333709717, 0.4087643325328827, 0.4179335832595825, 0.40984219312667847, 0.41126009821891785, 0.41135475039482117, 0.4144449532032013, 0.41092509031295776, 0.40823253989219666, 0.4119866192340851, 0.4127628207206726, 0.40735161304473877, 0.40747344493865967, 0.4076462984085083, 0.41837799549102783, 0.4091801941394806, 0.4167693257331848, 0.40722665190696716, 0.4195138216018677, 0.4109829068183899, 0.4109078347682953, 0.40726062655448914, 0.41658076643943787, 0.4090982675552368, 0.417464941740036, 0.40798136591911316, 0.40983909368515015, 0.4079979360103607, 0.40772584080696106, 0.4170750081539154, 0.40725964307785034, 0.40816012024879456, 0.41701605916023254, 0.4084528982639313, 0.4246390461921692, 0.41113945841789246, 0.4097460210323334, 0.4086213707923889, 0.4151860177516937, 0.41098272800445557, 0.42441216111183167, 0.4075881540775299, 0.4124121069908142, 0.41934773325920105, 0.41174110770225525, 0.4123893678188324, 0.40755385160446167, 0.4114396274089813, 0.4145330786705017, 0.41446399688720703, 0.41482535004615784, 0.4131518602371216, 0.40771484375, 0.4104359745979309, 0.40812209248542786, 0.4163796305656433, 0.42277631163597107, 0.4090297222137451, 0.411045640707016, 0.4281930923461914, 0.4254109561443329, 0.4073420464992523]",0.0,"[3.0, 0.0, 0.0, 0.0, 0.0, 0.0, 0.0, 0.0, 0.0, 0.0, 0.0, 0.0, 0.0, 0.0, 0.0, 0.0, 0.0, 0.0, 0.0, 0.0, 0.0, 0.0, 0.0, 0.0, 0.0, 0.0, 0.0, 0.0, 0.0, 0.0, 0.0, 0.0, 0.0, 0.0, 0.0, 0.0, 0.0, 0.0, 0.0, 0.0, 0.0, 0.0, 0.0, 0.0, 0.0, 0.0, 0.0, 0.0, 0.0, 0.0, 0.0, 0.0, 0.0, 0.0, 0.0, 0.0, 0.0, 0.0, 0.0, 0.0, 0.0, 0.0, 0.0, 0.0, 0.0, 0.0, 0.0, 0.0, 0.0, 0.0, 0.0, 0.0, 0.0, 0.0, 0.0, 0.0, 0.0, 0.0, 0.0, 0.0, 0.0, 0.0, 0.0, 0.0, 0.0, 0.0, 0.0, 0.0, 0.0, 0.0, 0.0, 0.0, 0.0, 0.0, 0.0, 0.0, 0.0, 0.0, 0.0, 0.0, 0.0, 0.0, 0.0, 0.0, 0.0, 0.0, 0.0, 0.0, 0.0, 0.0, 0.0, 0.0, 0.0, 0.0, 0.0, 0.0, 0.0, 0.0, 0.0, 0.0, 0.0, 0.0, 0.0, 0.0, 0.0, 0.0, 0.0, 0.0, 0.0, 0.0, 0.0, 0.0, 0.0, 0.0, 0.0, 0.0, 0.0, 0.0, 0.0, 0.0, 0.0, 0.0, 0.0, 0.0, 0.0, 0.0, 0.0, 0.0, 0.0, 0.0, 0.0, 0.0, 0.0, 0.0, 0.0, 0.0, 0.0, 0.0, 0.0, 0.0, 0.0, 0.0, 0.0, 0.0, 0.0, 0.0, 0.0, 0.0, 0.0, 0.0, 0.0, 0.0, 0.0, 0.0, 0.0, 0.0, 0.0, 0.0, 0.0, 0.0, 0.0, 0.0, 0.0, 0.0, 0.0, 0.0, 0.0, 0.0, 0.0, 0.0, 0.0, 0.0, 0.0, 0.0, 0.0, 0.0, 0.0, 0.0, 0.0, 0.0, 0.0, 0.0, 0.0, 0.0, 0.0, 0.0, 0.0, 0.0, 0.0, 0.0, 0.0, 0.0, 0.0, 0.0, 0.0, 0.0, 0.0, 0.0, 0.0, 0.0, 0.0, 0.0, 0.0, 0.0, 0.0, 0.0, 0.0, 0.0, 0.0, 0.0, 0.0, 0.0, 0.0, 0.0, 0.0, 0.0, 0.0, 0.0, 0.0, 0.0, 0.0, 0.0, 0.0, 0.0, 0.0, 0.0, 0.0, 0.0, 0.0, 0.0, 0.0, 0.0, 0.0, 0.0, 0.0, 0.0, 0.0, 0.0, 0.0, 0.0, 0.0, 0.0, 0.0, 0.0, 0.0, 0.0, 0.0, 0.0, 0.0, 0.0, 0.0, 0.0, 0.0, 0.0, 0.0, 0.0, 0.0, 0.0, 0.0, 0.0, 0.0, 0.0, 0.0, 0.0, 0.0, 0.0, 0.0, 0.0, 0.0, 0.0, 0.0, 0.0, 0.0, 0.0, 0.0, 0.0, 0.0, 0.0, 0.0, 0.0, 0.0, 0.0, 0.0, 0.0, 0.0, 0.0, 0.0, 0.0, 0.0, 0.0, 0.0, 0.0, 0.0, 0.0, 0.0, 0.0, 0.0, 0.0, 0.0, 0.0]",COMPLETE
