,number,value,datetime_start,datetime_complete,duration,params_batch_size_scaler,params_constant_learning_rate,params_depth,params_epochs,params_kernel_l2,params_num_trees,params_temperature,user_attrs_accuracy_test,user_attrs_accuracy_valid,user_attrs_approximate_feature_sparsity,user_attrs_approximate_feature_sparsity_history,user_attrs_approximate_weight_sparsity,user_attrs_approximate_weight_sparsity_history,user_attrs_auc_test,user_attrs_auc_valid,user_attrs_feature_sparsity,user_attrs_feature_sparsity_history,user_attrs_num_epochs,user_attrs_val_loss_history,user_attrs_weight_sparsity,user_attrs_weight_sparsity_history,state
12,12,0.5,2024-08-31 00:52:15.865217,2024-08-31 00:52:31.033729,0 days 00:00:15.168512,64,8.314458737960582,1,275,0.0012636676093762363,5,0.009385424221049817,0.859,0.85875,0,"[0, 0, 1, 0, 0, 2, 2, 2, 2, 1, 1, 0, 0, 0, 0, 0, 0, 0, 0, 0, 0, 0, 0, 0, 0, 0, 0, 0, 0, 0, 0, 0, 0, 0, 0, 0, 0, 0, 0, 0, 0, 0, 0, 0, 0, 0, 0, 0, 0, 0, 0, 0, 0, 0, 0, 0, 0, 0, 0, 0, 0, 0, 0, 0, 0, 0, 0, 0, 0, 0, 0, 0, 0, 0, 0, 0, 0, 0, 0, 0, 0, 0, 0, 0, 0, 0, 0, 0, 0, 0, 0, 0, 0, 0, 0, 0, 0, 0, 0, 0, 0, 0, 0, 0, 0, 0, 0, 0, 0, 0, 0, 0, 0, 0, 0, 0, 0, 0, 0, 0, 0, 0, 0, 0, 0, 0, 0, 0, 0, 0, 0, 0, 0, 0, 0, 0, 0, 0, 0, 0, 0, 0, 0, 0, 0, 0, 0, 0, 0, 0, 0, 0, 0, 0, 0, 0, 0, 0, 0, 0, 0, 0, 0, 0, 0, 0, 0, 0, 0, 0, 0, 0, 0, 0, 0, 0, 0, 0, 0, 0, 0, 0, 0, 0, 0, 0, 0, 0, 0, 0, 0, 0, 0, 0, 0, 0, 0, 0, 0, 0, 0, 0, 0, 0, 0, 0, 0, 0, 0, 0, 0, 0, 0, 0, 0, 0, 0, 0, 0, 0, 0, 0, 0, 0, 0, 0, 0, 0, 0, 0, 0, 0, 0, 0, 0, 0, 0, 0, 0, 0, 0, 0, 0, 0, 0, 0, 0, 0, 0, 0, 0, 0, 0, 0, 0, 0, 0, 0, 0, 0, 0, 0, 0, 0, 0, 0, 0, 0, 0, 0, 0, 0, 0, 0, 0]",0.0,"[0.0, 0.0, 1.0, 0.0, 0.0, 2.0, 2.0, 2.0, 2.0, 1.0, 1.0, 0.0, 0.0, 0.0, 0.0, 0.0, 0.0, 0.0, 0.0, 0.0, 0.0, 0.0, 0.0, 0.0, 0.0, 0.0, 0.0, 0.0, 0.0, 0.0, 0.0, 0.0, 0.0, 0.0, 0.0, 0.0, 0.0, 0.0, 0.0, 0.0, 0.0, 0.0, 0.0, 0.0, 0.0, 0.0, 0.0, 0.0, 0.0, 0.0, 0.0, 0.0, 0.0, 0.0, 0.0, 0.0, 0.0, 0.0, 0.0, 0.0, 0.0, 0.0, 0.0, 0.0, 0.0, 0.0, 0.0, 0.0, 0.0, 0.0, 0.0, 0.0, 0.0, 0.0, 0.0, 0.0, 0.0, 0.0, 0.0, 0.0, 0.0, 0.0, 0.0, 0.0, 0.0, 0.0, 0.0, 0.0, 0.0, 0.0, 0.0, 0.0, 0.0, 0.0, 0.0, 0.0, 0.0, 0.0, 0.0, 0.0, 0.0, 0.0, 0.0, 0.0, 0.0, 0.0, 0.0, 0.0, 0.0, 0.0, 0.0, 0.0, 0.0, 0.0, 0.0, 0.0, 0.0, 0.0, 0.0, 0.0, 0.0, 0.0, 0.0, 0.0, 0.0, 0.0, 0.0, 0.0, 0.0, 0.0, 0.0, 0.0, 0.0, 0.0, 0.0, 0.0, 0.0, 0.0, 0.0, 0.0, 0.0, 0.0, 0.0, 0.0, 0.0, 0.0, 0.0, 0.0, 0.0, 0.0, 0.0, 0.0, 0.0, 0.0, 0.0, 0.0, 0.0, 0.0, 0.0, 0.0, 0.0, 0.0, 0.0, 0.0, 0.0, 0.0, 0.0, 0.0, 0.0, 0.0, 0.0, 0.0, 0.0, 0.0, 0.0, 0.0, 0.0, 0.0, 0.0, 0.0, 0.0, 0.0, 0.0, 0.0, 0.0, 0.0, 0.0, 0.0, 0.0, 0.0, 0.0, 0.0, 0.0, 0.0, 0.0, 0.0, 0.0, 0.0, 0.0, 0.0, 0.0, 0.0, 0.0, 0.0, 0.0, 0.0, 0.0, 0.0, 0.0, 0.0, 0.0, 0.0, 0.0, 0.0, 0.0, 0.0, 0.0, 0.0, 0.0, 0.0, 0.0, 0.0, 0.0, 0.0, 0.0, 0.0, 0.0, 0.0, 0.0, 0.0, 0.0, 0.0, 0.0, 0.0, 0.0, 0.0, 0.0, 0.0, 0.0, 0.0, 0.0, 0.0, 0.0, 0.0, 0.0, 0.0, 0.0, 0.0, 0.0, 0.0, 0.0, 0.0, 0.0, 0.0, 0.0, 0.0, 0.0, 0.0, 0.0, 0.0, 0.0, 0.0, 0.0, 0.0, 0.0, 0.0, 0.0, 0.0, 0.0, 0.0, 0.0, 0.0, 0.0, 0.0, 0.0]",0.5,0.5,0,"[0, 0, 1, 0, 0, 2, 2, 2, 2, 1, 1, 0, 0, 0, 0, 0, 0, 0, 0, 0, 0, 0, 0, 0, 0, 0, 0, 0, 0, 0, 0, 0, 0, 0, 0, 0, 0, 0, 0, 0, 0, 0, 0, 0, 0, 0, 0, 0, 0, 0, 0, 0, 0, 0, 0, 0, 0, 0, 0, 0, 0, 0, 0, 0, 0, 0, 0, 0, 0, 0, 0, 0, 0, 0, 0, 0, 0, 0, 0, 0, 0, 0, 0, 0, 0, 0, 0, 0, 0, 0, 0, 0, 0, 0, 0, 0, 0, 0, 0, 0, 0, 0, 0, 0, 0, 0, 0, 0, 0, 0, 0, 0, 0, 0, 0, 0, 0, 0, 0, 0, 0, 0, 0, 0, 0, 0, 0, 0, 0, 0, 0, 0, 0, 0, 0, 0, 0, 0, 0, 0, 0, 0, 0, 0, 0, 0, 0, 0, 0, 0, 0, 0, 0, 0, 0, 0, 0, 0, 0, 0, 0, 0, 0, 0, 0, 0, 0, 0, 0, 0, 0, 0, 0, 0, 0, 0, 0, 0, 0, 0, 0, 0, 0, 0, 0, 0, 0, 0, 0, 0, 0, 0, 0, 0, 0, 0, 0, 0, 0, 0, 0, 0, 0, 0, 0, 0, 0, 0, 0, 0, 0, 0, 0, 0, 0, 0, 0, 0, 0, 0, 0, 0, 0, 0, 0, 0, 0, 0, 0, 0, 0, 0, 0, 0, 0, 0, 0, 0, 0, 0, 0, 0, 0, 0, 0, 0, 0, 0, 0, 0, 0, 0, 0, 0, 0, 0, 0, 0, 0, 0, 0, 0, 0, 0, 0, 0, 0, 0, 0, 0, 0, 0, 0, 0, 0]",275,"[3.537714958190918, 4.690243244171143, 4.672461986541748, 0.8418723344802856, 0.5136657357215881, 2.548233985900879, 7.137567520141602, 0.5344831347465515, 1.0827594995498657, 5.23532247543335, 0.9532545208930969, 0.4645264446735382, 4.9032416343688965, 1.540865421295166, 3.6987738609313965, 8.511821746826172, 2.6489288806915283, 6.950868129730225, 1.0096787214279175, 5.957913875579834, 0.4075304865837097, 7.425051689147949, 1.5476632118225098, 0.5130074620246887, 7.596694469451904, 1.6611425876617432, 3.2684435844421387, 0.9473171234130859, 5.04305362701416, 2.094590187072754, 7.196310043334961, 1.402063012123108, 4.571704864501953, 1.4325813055038452, 2.5480775833129883, 6.22923469543457, 1.4975597858428955, 3.0583441257476807, 2.642075777053833, 6.37148380279541, 0.5021096467971802, 5.919843673706055, 0.6786134243011475, 4.3234028816223145, 3.1907143592834473, 4.409811019897461, 8.397602081298828, 1.9846463203430176, 7.400899887084961, 1.3100014925003052, 5.791209697723389, 0.6435962915420532, 3.3710055351257324, 3.6124536991119385, 7.734711170196533, 1.9227789640426636, 5.485960006713867, 6.055156230926514, 3.828296422958374, 9.055866241455078, 3.87045955657959, 8.205962181091309, 1.9932589530944824, 6.197864532470703, 0.4089282751083374, 7.870123386383057, 1.4443137645721436, 5.9885663986206055, 3.539280414581299, 4.588801383972168, 3.9961347579956055, 7.893753528594971, 1.5033221244812012, 3.9935195446014404, 8.194860458374023, 2.480644464492798, 7.184747219085693, 0.5011422634124756, 6.764465808868408, 0.6557855010032654, 5.2445268630981445, 7.261684417724609, 3.448770046234131, 0.4934327304363251, 5.590909481048584, 5.179683208465576, 4.757012844085693, 4.25861930847168, 2.3883352279663086, 6.53658390045166, 3.3527326583862305, 3.711451768875122, 8.740775108337402, 3.323145866394043, 7.6366777420043945, 1.5472495555877686, 3.093778610229492, 2.8719005584716797, 6.576801776885986, 0.42276084423065186, 7.720824718475342, 1.4355049133300781, 6.133318901062012, 1.7812823057174683, 2.5773630142211914, 7.752596855163574, 1.4237759113311768, 3.919886589050293, 8.127305030822754, 2.3503293991088867, 7.009316444396973, 1.0163401365280151, 5.350174427032471, 7.807858467102051, 3.7776927947998047, 8.335990905761719, 2.337719678878784, 6.39134407043457, 0.5932031273841858, 3.144575595855713, 0.8023931384086609, 4.7486042976379395, 3.1651368141174316, 1.4124038219451904, 2.202972412109375, 6.720930576324463, 0.9159033298492432, 6.093957901000977, 0.5837488770484924, 4.3014397621154785, 8.77608871459961, 2.8249847888946533, 5.4868855476379395, 5.731558799743652, 4.070303440093994, 8.758883476257324, 3.411076545715332, 7.105573654174805, 0.7196606397628784, 5.835987567901611, 4.18534517288208, 4.741228103637695, 1.004345417022705, 4.854138374328613, 1.4414401054382324, 5.055441856384277, 0.44402462244033813, 7.08999490737915, 1.5518395900726318, 2.4357590675354004, 6.305186748504639, 0.696854829788208, 4.680250644683838, 3.3705270290374756, 6.893665790557861, 0.843274712562561, 5.044299125671387, 1.2267756462097168, 2.4295473098754883, 6.787379741668701, 0.6776072978973389, 4.7121710777282715, 4.901581287384033, 3.4340569972991943, 1.2146947383880615, 2.4231460094451904, 7.773316860198975, 1.5471729040145874, 2.9783759117126465, 7.546322822570801, 1.3395874500274658, 6.221776008605957, 0.6257955431938171, 4.000824451446533, 8.602151870727539, 2.5310802459716797, 6.427584171295166, 0.5536534786224365, 8.540661811828613, 2.3899343013763428, 7.285830020904541, 0.9493421912193298, 5.888201713562012, 4.166151523590088, 4.4666924476623535, 8.110527038574219, 2.349363088607788, 7.087586879730225, 1.0353336334228516, 5.738617420196533, 1.6139016151428223, 3.688178062438965, 6.240835666656494, 0.41771453619003296, 5.711874961853027, 0.5941831469535828, 3.8542587757110596, 7.631128311157227, 1.110749363899231, 6.016374588012695, 0.9517448544502258, 1.1552519798278809, 4.944732666015625, 2.8552768230438232, 3.2450051307678223, 1.2767879962921143, 5.007854461669922, 0.833067774772644, 6.083524227142334, 0.5889768004417419, 4.695085048675537, 2.0962114334106445, 6.574929237365723, 0.5007709264755249, 4.894936561584473, 3.9387755393981934, 7.996294975280762, 2.2408785820007324, 6.42936897277832, 1.3276071548461914, 2.628802537918091, 7.3922810554504395, 1.3303778171539307, 5.916455268859863, 3.761777877807617, 4.882755279541016, 1.6719905138015747, 7.440450668334961, 3.7448694705963135, 7.720238208770752, 1.616666555404663, 0.41471701860427856, 5.029903411865234, 1.0102790594100952, 1.3302581310272217, 2.656576633453369, 7.138497352600098, 2.086549758911133, 5.188515663146973, 6.621917724609375, 2.8581979274749756, 6.830661773681641, 0.8490068316459656, 6.327865123748779, 0.6738983392715454, 6.356054782867432, 3.27199649810791, 4.235771179199219, 8.841577529907227, 3.046311616897583, 4.658591270446777, 3.8292908668518066, 7.854513168334961, 1.6262396574020386, 2.60101318359375, 6.531625747680664, 0.6058650016784668, 5.266715049743652, 1.4372776746749878, 2.238163709640503, 7.161705493927002, 1.696803092956543, 1.948543906211853, 6.653833389282227, 0.5338918566703796, 5.245321273803711, 3.8426153659820557, 4.504507064819336, 7.524874210357666, 2.0213308334350586, 6.837142467498779, 0.9031684398651123, 5.331091403961182, 6.271841526031494, 4.915154457092285]",0.0,"[0.0, 0.0, 1.0, 0.0, 0.0, 2.0, 2.0, 2.0, 2.0, 1.0, 1.0, 0.0, 0.0, 0.0, 0.0, 0.0, 0.0, 0.0, 0.0, 0.0, 0.0, 0.0, 0.0, 0.0, 0.0, 0.0, 0.0, 0.0, 0.0, 0.0, 0.0, 0.0, 0.0, 0.0, 0.0, 0.0, 0.0, 0.0, 0.0, 0.0, 0.0, 0.0, 0.0, 0.0, 0.0, 0.0, 0.0, 0.0, 0.0, 0.0, 0.0, 0.0, 0.0, 0.0, 0.0, 0.0, 0.0, 0.0, 0.0, 0.0, 0.0, 0.0, 0.0, 0.0, 0.0, 0.0, 0.0, 0.0, 0.0, 0.0, 0.0, 0.0, 0.0, 0.0, 0.0, 0.0, 0.0, 0.0, 0.0, 0.0, 0.0, 0.0, 0.0, 0.0, 0.0, 0.0, 0.0, 0.0, 0.0, 0.0, 0.0, 0.0, 0.0, 0.0, 0.0, 0.0, 0.0, 0.0, 0.0, 0.0, 0.0, 0.0, 0.0, 0.0, 0.0, 0.0, 0.0, 0.0, 0.0, 0.0, 0.0, 0.0, 0.0, 0.0, 0.0, 0.0, 0.0, 0.0, 0.0, 0.0, 0.0, 0.0, 0.0, 0.0, 0.0, 0.0, 0.0, 0.0, 0.0, 0.0, 0.0, 0.0, 0.0, 0.0, 0.0, 0.0, 0.0, 0.0, 0.0, 0.0, 0.0, 0.0, 0.0, 0.0, 0.0, 0.0, 0.0, 0.0, 0.0, 0.0, 0.0, 0.0, 0.0, 0.0, 0.0, 0.0, 0.0, 0.0, 0.0, 0.0, 0.0, 0.0, 0.0, 0.0, 0.0, 0.0, 0.0, 0.0, 0.0, 0.0, 0.0, 0.0, 0.0, 0.0, 0.0, 0.0, 0.0, 0.0, 0.0, 0.0, 0.0, 0.0, 0.0, 0.0, 0.0, 0.0, 0.0, 0.0, 0.0, 0.0, 0.0, 0.0, 0.0, 0.0, 0.0, 0.0, 0.0, 0.0, 0.0, 0.0, 0.0, 0.0, 0.0, 0.0, 0.0, 0.0, 0.0, 0.0, 0.0, 0.0, 0.0, 0.0, 0.0, 0.0, 0.0, 0.0, 0.0, 0.0, 0.0, 0.0, 0.0, 0.0, 0.0, 0.0, 0.0, 0.0, 0.0, 0.0, 0.0, 0.0, 0.0, 0.0, 0.0, 0.0, 0.0, 0.0, 0.0, 0.0, 0.0, 0.0, 0.0, 0.0, 0.0, 0.0, 0.0, 0.0, 0.0, 0.0, 0.0, 0.0, 0.0, 0.0, 0.0, 0.0, 0.0, 0.0, 0.0, 0.0, 0.0, 0.0, 0.0, 0.0, 0.0, 0.0, 0.0, 0.0, 0.0, 0.0, 0.0, 0.0, 0.0, 0.0, 0.0, 0.0, 0.0]",COMPLETE
13,13,0.6239646532957195,2024-08-31 00:52:31.714876,2024-08-31 00:52:40.462448,0 days 00:00:08.747572,4,7.063286458453467,1,50,0.07853743899406425,73,0.0007313251029950543,0.678,0.66125,13,"[29, 29, 29, 28, 28, 27, 27, 26, 26, 25, 24, 23, 23, 24, 22, 23, 23, 23, 23, 23, 23, 23, 23, 22, 23, 22, 22, 22, 21, 20, 20, 21, 19, 19, 19, 17, 17, 18, 18, 18, 18, 17, 16, 14, 14, 15, 14, 13, 12, 13]",11.452054794520548,"[28.986301369863014, 29.0, 28.986301369863014, 27.986301369863014, 28.0, 27.0, 26.986301369863014, 26.0, 26.0, 24.986301369863014, 24.0, 23.0, 23.0, 23.945205479452056, 22.0, 22.972602739726028, 22.958904109589042, 22.945205479452056, 22.958904109589042, 22.917808219178085, 22.794520547945204, 22.71232876712329, 22.65753424657534, 21.54794520547945, 22.397260273972606, 21.273972602739725, 21.232876712328768, 21.068493150684933, 20.123287671232877, 19.136986301369863, 19.0958904109589, 19.986301369863014, 18.054794520547944, 18.027397260273972, 17.958904109589042, 15.986301369863014, 15.958904109589042, 16.78082191780822, 16.684931506849317, 16.54794520547945, 16.465753424657535, 15.561643835616438, 14.506849315068495, 12.82191780821918, 12.82191780821918, 13.575342465753424, 12.657534246575342, 11.684931506849315, 10.657534246575342, 11.452054794520548]",0.6578860459548047,0.6239646532957195,13,"[29, 29, 29, 28, 28, 27, 27, 26, 26, 25, 24, 23, 23, 24, 22, 23, 23, 23, 23, 23, 23, 23, 23, 22, 23, 22, 22, 22, 21, 20, 20, 21, 19, 19, 19, 17, 17, 18, 18, 18, 18, 17, 16, 14, 14, 15, 14, 13, 12, 13]",50,"[38.121524810791016, 12.183263778686523, 7.634871006011963, 19.514976501464844, 36.32316207885742, 25.39826202392578, 14.376896858215332, 12.301311492919922, 14.075353622436523, 10.967376708984375, 42.575923919677734, 11.859563827514648, 17.623855590820312, 38.15769958496094, 19.904993057250977, 6.086899280548096, 68.7429428100586, 27.0926513671875, 12.385395050048828, 14.753253936767578, 25.523969650268555, 14.995247840881348, 20.25551414489746, 27.180587768554688, 44.120887756347656, 12.566625595092773, 37.43304443359375, 13.510419845581055, 13.5344877243042, 17.244779586791992, 9.222795486450195, 18.304458618164062, 7.600261688232422, 36.649375915527344, 5.2053680419921875, 9.856123924255371, 15.496679306030273, 29.477771759033203, 37.583858489990234, 20.123884201049805, 23.720050811767578, 36.2302131652832, 31.007143020629883, 13.852477073669434, 12.878192901611328, 15.691320419311523, 7.767158031463623, 40.21735382080078, 12.396332740783691, 20.30358123779297]",12.863013698630137,"[29.0, 29.0, 29.0, 28.0, 28.0, 27.0, 27.0, 26.0, 26.0, 25.0, 24.0, 23.0, 23.0, 23.972602739726028, 22.0, 22.986301369863014, 22.986301369863014, 22.986301369863014, 22.986301369863014, 22.986301369863014, 22.986301369863014, 22.986301369863014, 22.986301369863014, 22.0, 22.986301369863014, 21.986301369863014, 21.986301369863014, 21.958904109589042, 21.0, 20.0, 19.958904109589042, 20.91780821917808, 18.958904109589042, 18.958904109589042, 18.958904109589042, 16.958904109589042, 16.958904109589042, 17.89041095890411, 17.89041095890411, 17.89041095890411, 17.89041095890411, 16.945205479452056, 15.808219178082192, 13.945205479452055, 13.945205479452055, 14.876712328767123, 13.945205479452055, 13.0, 11.931506849315069, 12.863013698630137]",COMPLETE
14,14,0.5,2024-08-31 00:52:40.706581,2024-08-31 00:52:54.086024,0 days 00:00:13.379443,64,1.449961144296707,2,205,0.19437722134886462,56,0.09384053077655417,0.859,0.85875,0,"[0, 0, 0, 0, 0, 0, 0, 0, 0, 0, 0, 0, 0, 0, 0, 0, 0, 0, 0, 0, 0, 0, 0, 0, 0, 0, 0, 0, 0, 0, 0, 0, 0, 0, 0, 0, 0, 0, 0, 0, 0, 0, 0, 0, 0, 0, 0, 0, 0, 0, 0, 0, 0, 0, 0, 0, 0, 0, 0, 0, 0, 0, 0, 0, 0, 0, 0, 0, 0, 0, 0, 0, 0, 0, 0, 0, 0, 0, 0, 0, 0, 0, 0, 0, 0, 0, 0, 0, 0, 0, 0, 0, 0, 0, 0, 0, 0, 0, 0, 0, 0, 0, 0, 0, 0, 0, 0, 0, 0, 0, 0, 0, 0, 0, 0, 0, 0, 0, 0, 0, 0, 0, 0, 0, 0, 0, 0, 0, 0, 0, 0, 0, 0, 0, 0, 0, 0, 0, 0, 0, 0, 0, 0, 0, 0, 0, 0, 0, 0, 0, 0, 0, 0, 0, 0, 0, 0, 0, 0, 0, 0, 0, 0, 0, 0, 0, 0, 0, 0, 0, 0, 0, 0, 0, 0, 0, 0, 0, 0, 0, 0, 0, 0, 0, 0, 0, 0, 0, 0, 0, 0, 0, 0, 0, 0, 0, 0, 0, 0, 0, 0, 0, 0, 0, 0]",0.0,"[0.0, 0.0, 0.0, 0.0, 0.0, 0.0, 0.0, 0.0, 0.0, 0.0, 0.0, 0.0, 0.0, 0.0, 0.0, 0.0, 0.0, 0.0, 0.0, 0.0, 0.0, 0.0, 0.0, 0.0, 0.0, 0.0, 0.0, 0.0, 0.0, 0.0, 0.0, 0.0, 0.0, 0.0, 0.0, 0.0, 0.0, 0.0, 0.0, 0.0, 0.0, 0.0, 0.0, 0.0, 0.0, 0.0, 0.0, 0.0, 0.0, 0.0, 0.0, 0.0, 0.0, 0.0, 0.0, 0.0, 0.0, 0.0, 0.0, 0.0, 0.0, 0.0, 0.0, 0.0, 0.0, 0.0, 0.0, 0.0, 0.0, 0.0, 0.0, 0.0, 0.0, 0.0, 0.0, 0.0, 0.0, 0.0, 0.0, 0.0, 0.0, 0.0, 0.0, 0.0, 0.0, 0.0, 0.0, 0.0, 0.0, 0.0, 0.0, 0.0, 0.0, 0.0, 0.0, 0.0, 0.0, 0.0, 0.0, 0.0, 0.0, 0.0, 0.0, 0.0, 0.0, 0.0, 0.0, 0.0, 0.0, 0.0, 0.0, 0.0, 0.0, 0.0, 0.0, 0.0, 0.0, 0.0, 0.0, 0.0, 0.0, 0.0, 0.0, 0.0, 0.0, 0.0, 0.0, 0.0, 0.0, 0.0, 0.0, 0.0, 0.0, 0.0, 0.0, 0.0, 0.0, 0.0, 0.0, 0.0, 0.0, 0.0, 0.0, 0.0, 0.0, 0.0, 0.0, 0.0, 0.0, 0.0, 0.0, 0.0, 0.0, 0.0, 0.0, 0.0, 0.0, 0.0, 0.0, 0.0, 0.0, 0.0, 0.0, 0.0, 0.0, 0.0, 0.0, 0.0, 0.0, 0.0, 0.0, 0.0, 0.0, 0.0, 0.0, 0.0, 0.0, 0.0, 0.0, 0.0, 0.0, 0.0, 0.0, 0.0, 0.0, 0.0, 0.0, 0.0, 0.0, 0.0, 0.0, 0.0, 0.0, 0.0, 0.0, 0.0, 0.0, 0.0, 0.0, 0.0, 0.0, 0.0, 0.0, 0.0, 0.0]",0.5,0.5,0,"[0, 0, 0, 0, 0, 0, 0, 0, 0, 0, 0, 0, 0, 0, 0, 0, 0, 0, 0, 0, 0, 0, 0, 0, 0, 0, 0, 0, 0, 0, 0, 0, 0, 0, 0, 0, 0, 0, 0, 0, 0, 0, 0, 0, 0, 0, 0, 0, 0, 0, 0, 0, 0, 0, 0, 0, 0, 0, 0, 0, 0, 0, 0, 0, 0, 0, 0, 0, 0, 0, 0, 0, 0, 0, 0, 0, 0, 0, 0, 0, 0, 0, 0, 0, 0, 0, 0, 0, 0, 0, 0, 0, 0, 0, 0, 0, 0, 0, 0, 0, 0, 0, 0, 0, 0, 0, 0, 0, 0, 0, 0, 0, 0, 0, 0, 0, 0, 0, 0, 0, 0, 0, 0, 0, 0, 0, 0, 0, 0, 0, 0, 0, 0, 0, 0, 0, 0, 0, 0, 0, 0, 0, 0, 0, 0, 0, 0, 0, 0, 0, 0, 0, 0, 0, 0, 0, 0, 0, 0, 0, 0, 0, 0, 0, 0, 0, 0, 0, 0, 0, 0, 0, 0, 0, 0, 0, 0, 0, 0, 0, 0, 0, 0, 0, 0, 0, 0, 0, 0, 0, 0, 0, 0, 0, 0, 0, 0, 0, 0, 0, 0, 0, 0, 0, 0]",205,"[0.41672471165657043, 1.802974820137024, 0.4703865051269531, 0.5718649625778198, 2.5354933738708496, 1.4421066045761108, 2.4194467067718506, 2.4513726234436035, 1.4098410606384277, 2.0293569564819336, 2.9333014488220215, 1.186303973197937, 0.8054325580596924, 0.554582417011261, 0.7016810774803162, 1.0552797317504883, 0.40943968296051025, 0.8077434301376343, 0.946592390537262, 2.3239340782165527, 2.9385688304901123, 1.3998668193817139, 1.1811565160751343, 1.5205563306808472, 1.6700063943862915, 0.6467463970184326, 1.5259170532226562, 0.7968496680259705, 2.262951612472534, 1.9229578971862793, 0.9583103656768799, 2.7093987464904785, 0.5753593444824219, 1.008070945739746, 2.8235085010528564, 0.8748710751533508, 0.4495121240615845, 1.9919253587722778, 1.310996651649475, 1.032191276550293, 3.4478206634521484, 0.6885414123535156, 0.8541766405105591, 0.41237297654151917, 2.2380785942077637, 3.241506338119507, 0.513479471206665, 3.089242458343506, 1.367647409439087, 0.9791839718818665, 1.785267949104309, 0.4153393507003784, 1.8460878133773804, 0.4248904287815094, 2.456554651260376, 1.5715092420578003, 1.3347958326339722, 2.6496191024780273, 0.5091837048530579, 3.8335061073303223, 0.5036770105361938, 2.083462953567505, 3.23447847366333, 1.3960720300674438, 1.0911815166473389, 0.6791430711746216, 1.2846275568008423, 2.9090356826782227, 0.6853755116462708, 1.646456003189087, 1.2661064863204956, 2.470243215560913, 0.9458402991294861, 3.2931389808654785, 0.5610443353652954, 3.367896318435669, 0.4139394462108612, 2.792965888977051, 0.9317387342453003, 0.43887633085250854, 0.9776412844657898, 0.7314543128013611, 0.9345051646232605, 2.7512176036834717, 0.41468262672424316, 0.9382581114768982, 0.4139375388622284, 0.4877680838108063, 1.9070316553115845, 3.3815441131591797, 0.7288148403167725, 0.9988200664520264, 0.4578191637992859, 2.0233571529388428, 2.9719207286834717, 0.6152045130729675, 0.9439635276794434, 0.4122730493545532, 3.0244336128234863, 1.5094932317733765, 1.2554932832717896, 1.2438819408416748, 2.655397891998291, 0.41993144154548645, 1.8821731805801392, 2.6419036388397217, 0.45613202452659607, 1.5274243354797363, 0.9629281759262085, 3.414196729660034, 0.503913164138794, 1.0561825037002563, 2.96505069732666, 1.3842556476593018, 1.1146721839904785, 2.3429176807403564, 1.9643945693969727, 2.7694833278656006, 1.4516681432724, 1.3109631538391113, 2.3508548736572266, 1.8750780820846558, 0.81733238697052, 0.4247767925262451, 0.5453314185142517, 3.332423210144043, 0.5013321042060852, 2.7583014965057373, 0.7363842725753784, 1.7333706617355347, 1.6468809843063354, 1.0400432348251343, 0.49693894386291504, 1.761110544204712, 0.7468003630638123, 1.019008755683899, 3.731527090072632, 0.6563568115234375, 1.2628830671310425, 2.6570234298706055, 0.4074171483516693, 1.298303484916687, 2.280388355255127, 2.9496355056762695, 1.3885983228683472, 1.1980500221252441, 2.4145617485046387, 2.27893328666687, 2.2964892387390137, 2.7772109508514404, 0.4309177100658417, 2.378854274749756, 2.250291109085083, 2.48663330078125, 0.736724317073822, 1.0187346935272217, 1.140934705734253, 1.2149741649627686, 0.6902170777320862, 1.0017378330230713, 1.4209004640579224, 1.2365169525146484, 1.7537075281143188, 0.4206480383872986, 2.91755747795105, 0.6968357563018799, 2.279954671859741, 1.642824649810791, 1.7512717247009277, 0.4680660367012024, 0.4391123056411743, 2.6569623947143555, 0.4178158640861511, 0.42984870076179504, 0.7261636257171631, 0.4090426564216614, 1.1722532510757446, 1.0097041130065918, 1.6166988611221313, 0.9876211285591125, 2.1191704273223877, 3.424060583114624, 0.40987682342529297, 1.6440373659133911, 0.549034059047699, 2.3941690921783447, 2.1154139041900635, 2.392012119293213, 2.621915578842163, 0.43226462602615356, 0.9328962564468384, 0.407255083322525, 0.6764336228370667, 0.8374996781349182, 0.41094231605529785, 1.603209376335144, 1.1098849773406982, 0.7022691369056702, 0.9346392750740051, 3.8627233505249023, 0.7058795094490051, 1.1402385234832764, 1.9180057048797607, 0.4582022726535797, 0.6639418005943298]",0.0,"[0.0, 0.0, 0.0, 0.0, 0.0, 0.0, 0.0, 0.0, 0.0, 0.0, 0.0, 0.0, 0.0, 0.0, 0.0, 0.0, 0.0, 0.0, 0.0, 0.0, 0.0, 0.0, 0.0, 0.0, 0.0, 0.0, 0.0, 0.0, 0.0, 0.0, 0.0, 0.0, 0.0, 0.0, 0.0, 0.0, 0.0, 0.0, 0.0, 0.0, 0.0, 0.0, 0.0, 0.0, 0.0, 0.0, 0.0, 0.0, 0.0, 0.0, 0.0, 0.0, 0.0, 0.0, 0.0, 0.0, 0.0, 0.0, 0.0, 0.0, 0.0, 0.0, 0.0, 0.0, 0.0, 0.0, 0.0, 0.0, 0.0, 0.0, 0.0, 0.0, 0.0, 0.0, 0.0, 0.0, 0.0, 0.0, 0.0, 0.0, 0.0, 0.0, 0.0, 0.0, 0.0, 0.0, 0.0, 0.0, 0.0, 0.0, 0.0, 0.0, 0.0, 0.0, 0.0, 0.0, 0.0, 0.0, 0.0, 0.0, 0.0, 0.0, 0.0, 0.0, 0.0, 0.0, 0.0, 0.0, 0.0, 0.0, 0.0, 0.0, 0.0, 0.0, 0.0, 0.0, 0.0, 0.0, 0.0, 0.0, 0.0, 0.0, 0.0, 0.0, 0.0, 0.0, 0.0, 0.0, 0.0, 0.0, 0.0, 0.0, 0.0, 0.0, 0.0, 0.0, 0.0, 0.0, 0.0, 0.0, 0.0, 0.0, 0.0, 0.0, 0.0, 0.0, 0.0, 0.0, 0.0, 0.0, 0.0, 0.0, 0.0, 0.0, 0.0, 0.0, 0.0, 0.0, 0.0, 0.0, 0.0, 0.0, 0.0, 0.0, 0.0, 0.0, 0.0, 0.0, 0.0, 0.0, 0.0, 0.0, 0.0, 0.0, 0.0, 0.0, 0.0, 0.0, 0.0, 0.0, 0.0, 0.0, 0.0, 0.0, 0.0, 0.0, 0.0, 0.0, 0.0, 0.0, 0.0, 0.0, 0.0, 0.0, 0.0, 0.0, 0.0, 0.0, 0.0, 0.0, 0.0, 0.0, 0.0, 0.0, 0.0]",COMPLETE
