,number,value,datetime_start,datetime_complete,duration,params_batch_size_scaler,params_constant_learning_rate,params_depth,params_epochs,params_kernel_l2,params_num_trees,params_temperature,user_attrs_accuracy_test,user_attrs_accuracy_valid,user_attrs_approximate_feature_sparsity,user_attrs_approximate_feature_sparsity_history,user_attrs_approximate_weight_sparsity,user_attrs_approximate_weight_sparsity_history,user_attrs_auc_test,user_attrs_auc_valid,user_attrs_feature_sparsity,user_attrs_feature_sparsity_history,user_attrs_num_epochs,user_attrs_val_loss_history,user_attrs_weight_sparsity,user_attrs_weight_sparsity_history,state
41,41,0.8976439824296996,2024-08-31 01:44:28.046125,2024-08-31 01:45:29.535220,0 days 00:01:01.489095,16,0.09962648544361133,5,270,0.02081721154793061,13,0.0004906802146058918,0.912,0.90375,33,"[33, 33, 33, 33, 33, 33, 33, 33, 33, 33, 33, 33, 33, 33, 33, 33, 33, 33, 33, 33, 33, 33, 33, 33, 33, 33, 33, 33, 33, 33, 33, 33, 33, 33, 33, 33, 33, 33, 33, 33, 33, 33, 33, 33, 33, 33, 33, 33, 33, 33, 33, 33, 33, 33, 33, 33, 33, 33, 33, 33, 33, 33, 33, 33, 33, 33, 33, 33, 33, 33, 33, 33, 33, 33, 33, 33, 33, 33, 33, 33, 33, 33, 33, 33, 33, 33, 33, 33, 33, 33, 33, 33, 33, 33, 33, 33, 33, 33, 33, 33, 33, 33, 33, 33, 33, 33, 33, 33, 33, 33, 33, 33, 33, 33, 33, 33, 33, 33, 33, 33, 33, 33, 33, 33, 33, 33, 33, 33, 33, 33, 33, 33, 33, 33, 33, 33, 33, 33, 33, 33, 33, 33, 33, 33, 33, 33, 33, 33, 33, 33, 33, 33, 33, 33, 33, 33, 33, 33, 33, 33, 33, 33, 33, 33, 33, 33, 33, 33, 33, 33, 33, 33, 33, 33, 33, 33, 33, 33, 33, 33, 33, 33, 33, 33, 33, 33, 33, 33, 33, 33, 33, 33, 33, 33, 33, 33, 33, 33, 33, 33, 33, 33, 33, 33, 33, 33, 33, 33, 33, 33, 33, 33, 33, 33, 33, 33, 33, 33, 33, 33, 33, 33, 33, 33, 33, 33, 33, 33, 33, 33, 33, 33, 33, 33, 33, 33, 33, 33, 33, 33, 33, 33, 33, 33, 33, 33, 33, 33, 33, 33, 33, 33, 33, 33, 33, 33, 33, 33, 33, 33, 33, 33, 33, 33, 33, 33, 33, 33, 33, 33]",32.97766749379653,"[32.97022332506204, 32.98511166253102, 32.97518610421836, 32.972704714640194, 32.97022332506204, 32.96526054590571, 32.95285359801488, 32.950372208436725, 32.96774193548387, 32.96526054590571, 32.96774193548387, 32.96526054590571, 32.98014888337469, 32.98263027295285, 32.98014888337469, 32.96774193548387, 32.97022332506204, 32.98014888337469, 32.98263027295285, 32.98014888337469, 32.99007444168734, 32.96774193548387, 32.98014888337469, 32.97518610421836, 32.977667493796524, 32.977667493796524, 32.97518610421836, 32.987593052109176, 32.9727047146402, 32.97518610421836, 32.98263027295285, 32.9727047146402, 32.96526054590571, 32.96774193548387, 32.97022332506204, 32.96029776674938, 32.9727047146402, 32.96029776674938, 32.96774193548387, 32.97518610421836, 32.98263027295285, 32.97518610421836, 32.9727047146402, 32.96774193548387, 32.96774193548387, 32.97518610421836, 32.9727047146402, 32.97022332506204, 32.9727047146402, 32.97022332506204, 32.9727047146402, 32.96774193548387, 32.96277915632754, 32.975186104218366, 32.97022332506204, 32.97022332506204, 32.975186104218366, 32.98014888337469, 32.9727047146402, 32.977667493796524, 32.977667493796524, 32.975186104218366, 32.96277915632754, 32.96526054590571, 32.96526054590571, 32.97022332506204, 32.98014888337469, 32.97518610421836, 32.972704714640194, 32.98263027295285, 32.98263027295285, 32.977667493796524, 32.98511166253101, 32.975186104218366, 32.97022332506204, 32.96774193548387, 32.96774193548387, 32.975186104218366, 32.98014888337469, 32.98511166253102, 32.98014888337469, 32.98263027295285, 32.972704714640194, 32.972704714640194, 32.98014888337469, 32.972704714640194, 32.972704714640194, 32.97022332506204, 32.97022332506204, 32.96277915632754, 32.96774193548387, 32.97518610421836, 32.96277915632754, 32.972704714640194, 32.972704714640194, 32.96774193548387, 32.96526054590571, 32.98014888337469, 32.975186104218366, 32.97766749379653, 32.9727047146402, 32.98263027295285, 32.977667493796524, 32.97518610421836, 32.977667493796524, 32.977667493796524, 32.96526054590571, 32.97022332506204, 32.977667493796524, 32.96526054590571, 32.975186104218366, 32.96526054590571, 32.96029776674938, 32.97022332506204, 32.96526054590571, 32.972704714640194, 32.97022332506204, 32.96774193548387, 32.98014888337469, 32.97518610421836, 32.98759305210918, 32.98014888337469, 32.977667493796524, 32.977667493796524, 32.972704714640194, 32.96774193548387, 32.97518610421836, 32.98014888337469, 32.98511166253102, 32.98759305210918, 32.99007444168734, 32.98759305210918, 32.99007444168734, 32.98511166253102, 32.972704714640194, 32.97518610421836, 32.98263027295285, 32.98263027295285, 32.97518610421836, 32.98759305210918, 32.977667493796524, 32.98511166253101, 32.98511166253102, 32.98014888337469, 32.972704714640194, 32.96774193548387, 32.96774193548387, 32.96526054590571, 32.96774193548387, 32.972704714640194, 32.972704714640194, 32.98511166253102, 32.98511166253102, 32.97766749379653, 32.98014888337469, 32.96774193548387, 32.9727047146402, 32.96277915632754, 32.96029776674938, 32.96277915632754, 32.96526054590571, 32.96774193548387, 32.96029776674938, 32.96277915632754, 32.96029776674938, 32.97518610421836, 32.9727047146402, 32.975186104218366, 32.97518610421836, 32.98014888337469, 32.97022332506204, 32.977667493796524, 32.977667493796524, 32.977667493796524, 32.97518610421836, 32.9727047146402, 32.98263027295285, 32.98263027295285, 32.977667493796524, 32.97518610421836, 32.96774193548387, 32.9727047146402, 32.9727047146402, 32.97518610421836, 32.98263027295285, 32.97518610421836, 32.977667493796524, 32.98263027295285, 32.98263027295285, 32.98014888337469, 32.98263027295285, 32.98263027295285, 32.977667493796524, 32.97518610421836, 32.96277915632754, 32.97022332506204, 32.96526054590571, 32.98014888337469, 32.98511166253102, 32.98759305210918, 32.98263027295285, 32.97022332506204, 32.972704714640194, 32.972704714640194, 32.97518610421836, 32.97518610421836, 32.97518610421836, 32.97518610421836, 32.96774193548387, 32.96774193548387, 32.97022332506204, 32.9727047146402, 32.96526054590571, 32.97518610421836, 32.99007444168734, 32.98014888337469, 32.98014888337469, 32.97518610421836, 32.977667493796524, 32.97022332506204, 32.97022332506204, 32.977667493796524, 32.97022332506204, 32.9727047146402, 32.97022332506204, 32.972704714640194, 32.9727047146402, 32.96774193548387, 32.96774193548387, 32.96277915632754, 32.96526054590571, 32.96774193548387, 32.97518610421836, 32.96774193548387, 32.97022332506204, 32.9727047146402, 32.96526054590571, 32.96774193548387, 32.972704714640194, 32.97022332506203, 32.977667493796524, 32.975186104218366, 32.97022332506204, 32.97518610421836, 32.9727047146402, 32.977667493796524, 32.98263027295285, 32.98263027295285, 32.977667493796524, 32.977667493796524, 32.975186104218366, 32.9727047146402, 32.96774193548387, 32.972704714640194, 32.977667493796524, 32.97518610421836, 32.977667493796524, 32.98014888337469, 32.97518610421836, 32.96526054590571, 32.975186104218366, 32.97022332506204, 32.9727047146402, 32.972704714640194, 32.977667493796524, 32.98014888337469, 32.98014888337469, 32.98263027295285, 32.98263027295285, 32.97766749379653]",0.8813068139598246,0.8976439824296996,33,"[33, 33, 33, 33, 33, 33, 33, 33, 33, 33, 33, 33, 33, 33, 33, 33, 33, 33, 33, 33, 33, 33, 33, 33, 33, 33, 33, 33, 33, 33, 33, 33, 33, 33, 33, 33, 33, 33, 33, 33, 33, 33, 33, 33, 33, 33, 33, 33, 33, 33, 33, 33, 33, 33, 33, 33, 33, 33, 33, 33, 33, 33, 33, 33, 33, 33, 33, 33, 33, 33, 33, 33, 33, 33, 33, 33, 33, 33, 33, 33, 33, 33, 33, 33, 33, 33, 33, 33, 33, 33, 33, 33, 33, 33, 33, 33, 33, 33, 33, 33, 33, 33, 33, 33, 33, 33, 33, 33, 33, 33, 33, 33, 33, 33, 33, 33, 33, 33, 33, 33, 33, 33, 33, 33, 33, 33, 33, 33, 33, 33, 33, 33, 33, 33, 33, 33, 33, 33, 33, 33, 33, 33, 33, 33, 33, 33, 33, 33, 33, 33, 33, 33, 33, 33, 33, 33, 33, 33, 33, 33, 33, 33, 33, 33, 33, 33, 33, 33, 33, 33, 33, 33, 33, 33, 33, 33, 33, 33, 33, 33, 33, 33, 33, 33, 33, 33, 33, 33, 33, 33, 33, 33, 33, 33, 33, 33, 33, 33, 33, 33, 33, 33, 33, 33, 33, 33, 33, 33, 33, 33, 33, 33, 33, 33, 33, 33, 33, 33, 33, 33, 33, 33, 33, 33, 33, 33, 33, 33, 33, 33, 33, 33, 33, 33, 33, 33, 33, 33, 33, 33, 33, 33, 33, 33, 33, 33, 33, 33, 33, 33, 33, 33, 33, 33, 33, 33, 33, 33, 33, 33, 33, 33, 33, 33, 33, 33, 33, 33, 33, 33]",270,"[0.5723894834518433, 0.48953884840011597, 0.4480360746383667, 0.4254937767982483, 0.4122302234172821, 0.4038795530796051, 0.3980453908443451, 0.39395663142204285, 0.39085373282432556, 0.38845911622047424, 0.3864438533782959, 0.3847388029098511, 0.3831649124622345, 0.3817703127861023, 0.380545049905777, 0.3793463110923767, 0.3782312870025635, 0.3772415816783905, 0.3762985169887543, 0.37536847591400146, 0.3744908571243286, 0.3736817240715027, 0.37288233637809753, 0.37210264801979065, 0.37137994170188904, 0.3706558346748352, 0.36997559666633606, 0.36935070157051086, 0.36869707703590393, 0.36804449558258057, 0.36741316318511963, 0.3668399453163147, 0.3662709891796112, 0.3657040297985077, 0.36513108015060425, 0.3646112382411957, 0.36403125524520874, 0.36349132657051086, 0.36290889978408813, 0.36237460374832153, 0.3618071675300598, 0.36126112937927246, 0.3607860803604126, 0.3602341413497925, 0.35973381996154785, 0.3592377007007599, 0.35873985290527344, 0.358234167098999, 0.3577045500278473, 0.35714098811149597, 0.35664382576942444, 0.35612350702285767, 0.3556343913078308, 0.3551187515258789, 0.35458263754844666, 0.35402175784111023, 0.3535268306732178, 0.3530232608318329, 0.3524911105632782, 0.35200995206832886, 0.35147416591644287, 0.3509506583213806, 0.35041990876197815, 0.34989333152770996, 0.3493560552597046, 0.3487887978553772, 0.3482931852340698, 0.34775757789611816, 0.34724465012550354, 0.3467012345790863, 0.34617602825164795, 0.34562408924102783, 0.3450498580932617, 0.3444748818874359, 0.3439028263092041, 0.34331485629081726, 0.34278178215026855, 0.3422187566757202, 0.3417049050331116, 0.3411581814289093, 0.34056878089904785, 0.34001389145851135, 0.33944645524024963, 0.3388528525829315, 0.3382786512374878, 0.33767783641815186, 0.3370668888092041, 0.33647242188453674, 0.3359197974205017, 0.3353572189807892, 0.33477526903152466, 0.334189772605896, 0.3335925340652466, 0.33299607038497925, 0.3323710560798645, 0.3317357897758484, 0.33114302158355713, 0.3305153250694275, 0.32990139722824097, 0.32931387424468994, 0.3287055492401123, 0.3281344473361969, 0.3274343013763428, 0.3268320560455322, 0.3262055516242981, 0.32557809352874756, 0.32492512464523315, 0.3242887556552887, 0.3237142264842987, 0.32308194041252136, 0.3224959969520569, 0.32185986638069153, 0.3211987316608429, 0.32055363059043884, 0.3199253976345062, 0.3193128705024719, 0.318685919046402, 0.31802937388420105, 0.3173767924308777, 0.3167474567890167, 0.31608304381370544, 0.31536591053009033, 0.3146969676017761, 0.31404435634613037, 0.3134675920009613, 0.3128284513950348, 0.3122054934501648, 0.3115103244781494, 0.3109212815761566, 0.31029999256134033, 0.30962350964546204, 0.30901530385017395, 0.30834418535232544, 0.3076907694339752, 0.3070591986179352, 0.30644065141677856, 0.30578064918518066, 0.30516865849494934, 0.3045390248298645, 0.3039408326148987, 0.30330950021743774, 0.3026924431324005, 0.3020181953907013, 0.3014317750930786, 0.3007901906967163, 0.30015143752098083, 0.29956135153770447, 0.29898935556411743, 0.29838716983795166, 0.29778000712394714, 0.2971750497817993, 0.29654350876808167, 0.2959462106227875, 0.29538947343826294, 0.29480230808258057, 0.2942327857017517, 0.2936706840991974, 0.2931135892868042, 0.2925496995449066, 0.29192179441452026, 0.2913826107978821, 0.29080021381378174, 0.2902635931968689, 0.28972330689430237, 0.2892029881477356, 0.2886572480201721, 0.2881563901901245, 0.2876804769039154, 0.28712141513824463, 0.28662505745887756, 0.286124050617218, 0.28564611077308655, 0.28511208295822144, 0.2846308946609497, 0.28412726521492004, 0.28364360332489014, 0.28312405943870544, 0.28261080384254456, 0.2820926010608673, 0.2815909683704376, 0.28112754225730896, 0.2806274890899658, 0.28013765811920166, 0.27967286109924316, 0.2792399227619171, 0.27879834175109863, 0.2783171832561493, 0.27787724137306213, 0.27743491530418396, 0.2769806981086731, 0.2765461504459381, 0.27616432309150696, 0.2757361829280853, 0.2753215730190277, 0.2749013900756836, 0.2744656801223755, 0.27405211329460144, 0.27362173795700073, 0.2731778025627136, 0.2727711796760559, 0.27229639887809753, 0.27186667919158936, 0.2714156210422516, 0.2709936797618866, 0.2706393003463745, 0.2702074348926544, 0.2697570323944092, 0.2694275379180908, 0.2690311670303345, 0.26865512132644653, 0.26826271414756775, 0.267899751663208, 0.26750853657722473, 0.26718175411224365, 0.26682260632514954, 0.2664058208465576, 0.2659972310066223, 0.2656039893627167, 0.2652874290943146, 0.26490485668182373, 0.2645445168018341, 0.26422128081321716, 0.2639649510383606, 0.26358669996261597, 0.2632315754890442, 0.2628374695777893, 0.2625211775302887, 0.26223471760749817, 0.2618696391582489, 0.2615200877189636, 0.2611398994922638, 0.2608201801776886, 0.26051971316337585, 0.26018375158309937, 0.25984182953834534, 0.2594682574272156, 0.2591433823108673, 0.2588120400905609, 0.2584950625896454, 0.25824883580207825, 0.2579086422920227, 0.25760573148727417, 0.25732752680778503, 0.25698891282081604, 0.25669869780540466, 0.25635287165641785, 0.25607848167419434, 0.2557661235332489, 0.2554081976413727, 0.2551265060901642, 0.2547932267189026, 0.25449517369270325, 0.2541506588459015, 0.2538207173347473, 0.25354740023612976, 0.25327029824256897, 0.25296419858932495, 0.25269073247909546, 0.2523459196090698, 0.25214138627052307, 0.2519111931324005, 0.2515920400619507, 0.2512727975845337, 0.25100696086883545, 0.2507404088973999, 0.2505511939525604, 0.250190407037735, 0.2499106526374817, 0.2495741993188858, 0.2493567019701004]",33.0,"[33.0, 33.0, 33.0, 33.0, 33.0, 33.0, 33.0, 33.0, 33.0, 33.0, 33.0, 33.0, 33.0, 33.0, 33.0, 33.0, 33.0, 33.0, 33.0, 33.0, 33.0, 33.0, 33.0, 33.0, 33.0, 33.0, 33.0, 33.0, 33.0, 33.0, 33.0, 33.0, 33.0, 33.0, 33.0, 33.0, 33.0, 33.0, 33.0, 33.0, 33.0, 33.0, 33.0, 33.0, 33.0, 33.0, 33.0, 33.0, 33.0, 33.0, 33.0, 33.0, 33.0, 33.0, 33.0, 33.0, 33.0, 33.0, 33.0, 33.0, 33.0, 33.0, 33.0, 33.0, 33.0, 33.0, 33.0, 33.0, 33.0, 33.0, 33.0, 33.0, 33.0, 33.0, 33.0, 33.0, 33.0, 33.0, 33.0, 33.0, 33.0, 33.0, 33.0, 33.0, 33.0, 33.0, 33.0, 33.0, 33.0, 33.0, 33.0, 33.0, 33.0, 33.0, 33.0, 33.0, 33.0, 33.0, 33.0, 33.0, 33.0, 33.0, 33.0, 33.0, 33.0, 33.0, 33.0, 33.0, 33.0, 33.0, 33.0, 33.0, 33.0, 33.0, 33.0, 33.0, 33.0, 33.0, 33.0, 33.0, 33.0, 33.0, 33.0, 33.0, 33.0, 33.0, 33.0, 33.0, 33.0, 33.0, 33.0, 33.0, 33.0, 33.0, 33.0, 33.0, 33.0, 33.0, 33.0, 33.0, 33.0, 33.0, 33.0, 33.0, 33.0, 33.0, 33.0, 33.0, 33.0, 33.0, 33.0, 33.0, 33.0, 33.0, 33.0, 33.0, 33.0, 33.0, 33.0, 33.0, 33.0, 33.0, 33.0, 33.0, 33.0, 33.0, 33.0, 33.0, 33.0, 33.0, 33.0, 33.0, 33.0, 33.0, 33.0, 33.0, 33.0, 33.0, 33.0, 33.0, 33.0, 33.0, 33.0, 33.0, 33.0, 33.0, 33.0, 33.0, 33.0, 33.0, 33.0, 33.0, 33.0, 33.0, 33.0, 33.0, 33.0, 33.0, 33.0, 33.0, 33.0, 33.0, 33.0, 33.0, 33.0, 33.0, 33.0, 33.0, 33.0, 33.0, 33.0, 33.0, 33.0, 33.0, 33.0, 33.0, 33.0, 33.0, 33.0, 33.0, 33.0, 33.0, 33.0, 33.0, 33.0, 33.0, 33.0, 33.0, 33.0, 33.0, 33.0, 33.0, 33.0, 33.0, 33.0, 33.0, 33.0, 33.0, 33.0, 33.0, 33.0, 33.0, 33.0, 33.0, 33.0, 33.0, 33.0, 33.0, 33.0, 33.0, 33.0, 33.0, 33.0, 33.0, 33.0, 33.0, 33.0, 33.0, 33.0, 33.0, 33.0, 33.0, 33.0, 33.0, 33.0, 33.0, 33.0, 33.0, 33.0, 33.0]",COMPLETE
42,42,0.931122876170602,2024-08-31 01:45:31.013445,2024-08-31 01:45:42.638655,0 days 00:00:11.625210,16,0.8161243578488935,2,95,0.19677477972203428,74,0.00018545859604044126,0.941,0.94125,16,"[33, 33, 33, 33, 33, 33, 33, 33, 33, 33, 33, 33, 33, 33, 33, 33, 33, 33, 33, 33, 33, 33, 33, 33, 33, 33, 33, 33, 33, 33, 33, 33, 33, 33, 33, 33, 33, 31, 29, 27, 24, 22, 22, 22, 21, 21, 21, 21, 21, 21, 20, 19, 19, 19, 19, 19, 18, 17, 17, 17, 17, 17, 17, 17, 17, 17, 17, 17, 17, 17, 17, 17, 17, 17, 17, 17, 17, 17, 17, 17, 17, 17, 17, 17, 17, 16, 16, 16, 16, 16, 16, 16, 16, 16, 16]",15.972972972972972,"[32.97747747747748, 32.97747747747748, 32.98198198198198, 32.98198198198198, 32.98198198198198, 32.986486486486484, 32.990990990990994, 32.972972972972975, 32.97747747747748, 32.972972972972975, 32.968468468468465, 32.96396396396396, 32.968468468468465, 32.968468468468465, 32.945945945945944, 32.97747747747748, 32.97297297297297, 32.96396396396396, 32.96846846846847, 32.95945945945946, 32.97297297297297, 32.96396396396396, 32.945945945945944, 32.950450450450454, 32.95045045045045, 32.95945945945946, 32.97297297297297, 32.95945945945946, 32.95045045045045, 32.95045045045045, 32.968468468468465, 32.96396396396396, 32.95945945945946, 32.932432432432435, 32.97747747747748, 32.95945945945946, 32.97297297297297, 30.95945945945946, 28.968468468468465, 26.963963963963963, 23.96846846846847, 21.98198198198198, 21.972972972972975, 21.986486486486484, 20.96846846846847, 20.986486486486484, 20.990990990990994, 20.97747747747748, 20.97747747747748, 20.98198198198198, 19.972972972972972, 18.98198198198198, 18.968468468468465, 18.98198198198198, 18.98198198198198, 18.97747747747748, 17.995495495495497, 16.98198198198198, 16.98198198198198, 16.972972972972972, 16.986486486486484, 16.968468468468465, 16.954954954954957, 16.968468468468465, 16.97747747747748, 16.98198198198198, 16.97747747747748, 16.972972972972972, 16.963963963963963, 16.986486486486484, 16.972972972972972, 16.972972972972972, 16.963963963963963, 16.96846846846847, 16.932432432432435, 16.97747747747748, 16.97747747747748, 16.972972972972972, 16.96846846846847, 16.98198198198198, 16.98198198198198, 16.950450450450454, 16.97747747747748, 16.963963963963963, 16.98198198198198, 15.963963963963963, 15.972972972972972, 15.954954954954953, 15.968468468468469, 15.977477477477477, 15.95945945945946, 15.968468468468469, 15.972972972972972, 15.977477477477477, 15.972972972972972]",0.9156036625137262,0.931122876170602,16,"[33, 33, 33, 33, 33, 33, 33, 33, 33, 33, 33, 33, 33, 33, 33, 33, 33, 33, 33, 33, 33, 33, 33, 33, 33, 33, 33, 33, 33, 33, 33, 33, 33, 33, 33, 33, 33, 31, 29, 27, 24, 22, 22, 22, 21, 21, 21, 21, 21, 21, 20, 19, 19, 19, 19, 19, 18, 17, 17, 17, 17, 17, 17, 17, 17, 17, 17, 17, 17, 17, 17, 17, 17, 17, 17, 17, 17, 17, 17, 17, 17, 17, 17, 17, 17, 16, 16, 16, 16, 16, 16, 16, 16, 16, 16]",95,"[0.5456979274749756, 0.8547548055648804, 0.4193159341812134, 0.4093972146511078, 1.551328182220459, 0.5017229914665222, 0.382091224193573, 0.42367514967918396, 0.3779436945915222, 1.0212693214416504, 0.6153161525726318, 0.3708328902721405, 0.7859635949134827, 0.5673267245292664, 0.3538236916065216, 0.37173405289649963, 0.41317617893218994, 0.34745827317237854, 0.3209715187549591, 0.347535640001297, 0.31915032863616943, 0.3176936209201813, 0.37896811962127686, 0.3539999723434448, 0.46635115146636963, 0.34708282351493835, 0.29906904697418213, 0.31702303886413574, 0.2949982285499573, 0.38884875178337097, 0.27302032709121704, 0.27121978998184204, 0.29498347640037537, 0.30615368485450745, 0.26690730452537537, 0.36370861530303955, 0.27496999502182007, 0.2607920467853546, 0.253684401512146, 0.24718093872070312, 0.5303760766983032, 0.3825094699859619, 0.5599502325057983, 0.2474912852048874, 0.23291832208633423, 0.29878905415534973, 0.26834186911582947, 0.23018856346607208, 0.2615727484226227, 0.24938924610614777, 0.4798817038536072, 0.24743133783340454, 0.2891578674316406, 0.4005109369754791, 0.4867309629917145, 0.24663320183753967, 0.23186367750167847, 0.7058843970298767, 0.25746721029281616, 0.31304293870925903, 0.22501075267791748, 0.22862271964550018, 0.25308406352996826, 0.3942522704601288, 0.25768595933914185, 0.2265024185180664, 0.2329186201095581, 0.273371160030365, 0.24029266834259033, 0.3460808992385864, 0.2406785935163498, 0.25382474064826965, 0.5399662852287292, 0.26714321970939636, 0.24473324418067932, 0.21696501970291138, 0.32186129689216614, 0.3692803978919983, 0.3353019058704376, 0.386627733707428, 0.27446839213371277, 0.2175103724002838, 0.2367870956659317, 0.25008052587509155, 0.21737438440322876, 0.30228137969970703, 0.21980400383472443, 0.22653822600841522, 0.2162053883075714, 0.22601959109306335, 0.37938761711120605, 0.27122533321380615, 0.21151381731033325, 0.2244819849729538, 0.21218647062778473]",16.0,"[33.0, 33.0, 33.0, 33.0, 33.0, 33.0, 33.0, 33.0, 33.0, 33.0, 33.0, 33.0, 33.0, 33.0, 33.0, 33.0, 33.0, 33.0, 33.0, 33.0, 33.0, 33.0, 33.0, 33.0, 33.0, 33.0, 33.0, 33.0, 33.0, 33.0, 33.0, 33.0, 33.0, 33.0, 33.0, 33.0, 33.0, 31.0, 29.0, 27.0, 24.0, 22.0, 22.0, 22.0, 21.0, 21.0, 21.0, 21.0, 21.0, 21.0, 20.0, 19.0, 19.0, 19.0, 19.0, 19.0, 18.0, 17.0, 17.0, 17.0, 17.0, 17.0, 17.0, 17.0, 17.0, 17.0, 17.0, 17.0, 17.0, 17.0, 17.0, 17.0, 17.0, 17.0, 17.0, 17.0, 17.0, 17.0, 17.0, 17.0, 17.0, 17.0, 17.0, 17.0, 17.0, 16.0, 16.0, 16.0, 16.0, 16.0, 16.0, 16.0, 16.0, 16.0, 16.0]",COMPLETE
