,number,value,datetime_start,datetime_complete,duration,params_batch_size_scaler,params_constant_learning_rate,params_depth,params_epochs,params_kernel_l2,params_num_trees,params_temperature,user_attrs_accuracy_test,user_attrs_accuracy_valid,user_attrs_approximate_feature_sparsity,user_attrs_approximate_feature_sparsity_history,user_attrs_approximate_weight_sparsity,user_attrs_approximate_weight_sparsity_history,user_attrs_auc_test,user_attrs_auc_valid,user_attrs_feature_sparsity,user_attrs_feature_sparsity_history,user_attrs_num_epochs,user_attrs_val_loss_history,user_attrs_weight_sparsity,user_attrs_weight_sparsity_history,state
121,121,0.7304298540531489,2024-08-31 05:39:41.710594,2024-08-31 05:40:21.580646,0 days 00:00:39.870052,64,0.015517349694004607,2,485,0.1744868866118736,21,0.0003100008204946041,0.869,0.86625,33,"[33, 33, 33, 33, 33, 33, 33, 33, 33, 33, 33, 33, 33, 33, 33, 33, 33, 33, 33, 33, 33, 33, 33, 33, 33, 33, 33, 33, 33, 33, 33, 33, 33, 33, 33, 33, 33, 33, 33, 33, 33, 33, 33, 33, 33, 33, 33, 33, 33, 33, 33, 33, 33, 33, 33, 33, 33, 33, 33, 33, 33, 33, 33, 33, 33, 33, 33, 33, 33, 33, 33, 33, 33, 33, 33, 33, 33, 33, 33, 33, 33, 33, 33, 33, 33, 33, 33, 33, 33, 33, 33, 33, 33, 33, 33, 33, 33, 33, 33, 33, 33, 33, 33, 33, 33, 33, 33, 33, 33, 33, 33, 33, 33, 33, 33, 33, 33, 33, 33, 33, 33, 33, 33, 33, 33, 33, 33, 33, 33, 33, 33, 33, 33, 33, 33, 33, 33, 33, 33, 33, 33, 33, 33, 33, 33, 33, 33, 33, 33, 33, 33, 33, 33, 33, 33, 33, 33, 33, 33, 33, 33, 33, 33, 33, 33, 33, 33, 33, 33, 33, 33, 33, 33, 33, 33, 33, 33, 33, 33, 33, 33, 33, 33, 33, 33, 33, 33, 33, 33, 33, 33, 33, 33, 33, 33, 33, 33, 33, 33, 33, 33, 33, 33, 33, 33, 33, 33, 33, 33, 33, 33, 33, 33, 33, 33, 33, 33, 33, 33, 33, 33, 33, 33, 33, 33, 33, 33, 33, 33, 33, 33, 33, 33, 33, 33, 33, 33, 33, 33, 33, 33, 33, 33, 33, 33, 33, 33, 33, 33, 33, 33, 33, 33, 33, 33, 33, 33, 33, 33, 33, 33, 33, 33, 33, 33, 33, 33, 33, 33, 33, 33, 33, 33, 33, 33, 33, 33, 33, 33, 33, 33, 33, 33, 33, 33, 33, 33, 33, 33, 33, 33, 33, 33, 33, 33, 33, 33, 33, 33, 33, 33, 33, 33, 33, 33, 33, 33, 33, 33, 33, 33, 33, 33, 33, 33, 33, 33, 33, 33, 33, 33, 33, 33, 33, 33, 33, 33, 33, 33, 33, 33, 33, 33, 33, 33, 33, 33, 33, 33, 33, 33, 33, 33, 33, 33, 33, 33, 33, 33, 33, 33, 33, 33, 33, 33, 33, 33, 33, 33, 33, 33, 33, 33, 33, 33, 33, 33, 33, 33, 33, 33, 33, 33, 33, 33, 33, 33, 33, 33, 33, 33, 33, 33, 33, 33, 33, 33, 33, 33, 33, 33, 33, 33, 33, 33, 33, 33, 33, 33, 33, 33, 33, 33, 33, 33, 33, 33, 33, 33, 33, 33, 33, 33, 33, 33, 33, 33, 33, 33, 33, 33, 33, 33, 33, 33, 33, 33, 33, 33, 33, 33, 33, 33, 33, 33, 33, 33, 33, 33, 33, 33, 33, 33, 33, 33, 33, 33, 33, 33, 33, 33, 33, 33, 33, 33, 33, 33, 33, 33, 33, 33, 33, 33, 33, 33, 33, 33, 33, 33, 33, 33, 33, 33, 33, 33, 33, 33, 33, 33, 33, 33, 33, 33, 33, 33]",33.0,"[33.0, 32.98412698412699, 33.0, 32.98412698412699, 32.98412698412699, 33.0, 32.98412698412699, 32.96825396825397, 33.0, 33.0, 32.96825396825397, 33.0, 33.0, 33.0, 33.0, 33.0, 32.98412698412699, 32.98412698412699, 33.0, 33.0, 32.98412698412699, 32.96825396825397, 32.98412698412699, 32.96825396825397, 32.98412698412699, 32.98412698412699, 32.98412698412699, 32.98412698412699, 32.98412698412699, 32.96825396825397, 32.95238095238095, 32.95238095238095, 32.98412698412699, 32.98412698412699, 32.98412698412699, 32.98412698412699, 32.98412698412699, 32.96825396825397, 32.96825396825397, 32.95238095238095, 32.96825396825397, 32.96825396825397, 32.98412698412699, 33.0, 32.98412698412699, 32.98412698412699, 32.98412698412699, 32.98412698412699, 32.98412698412699, 32.98412698412699, 32.98412698412699, 32.98412698412699, 32.98412698412699, 33.0, 33.0, 33.0, 32.98412698412699, 32.98412698412699, 32.98412698412699, 32.98412698412699, 32.98412698412699, 32.98412698412699, 32.96825396825397, 32.95238095238095, 32.95238095238095, 32.95238095238095, 32.95238095238095, 32.95238095238095, 32.95238095238095, 32.96825396825397, 33.0, 33.0, 33.0, 33.0, 33.0, 33.0, 32.98412698412699, 32.96825396825397, 32.96825396825397, 32.98412698412699, 32.98412698412699, 32.98412698412699, 32.96825396825397, 32.96825396825397, 32.96825396825397, 32.96825396825397, 32.96825396825397, 32.96825396825397, 32.96825396825397, 32.96825396825397, 32.98412698412699, 32.98412698412699, 32.98412698412699, 32.96825396825397, 32.96825396825397, 32.98412698412699, 32.98412698412699, 33.0, 33.0, 33.0, 32.96825396825397, 32.93650793650794, 32.93650793650794, 32.93650793650794, 32.95238095238095, 32.95238095238095, 32.98412698412699, 32.98412698412699, 33.0, 33.0, 33.0, 33.0, 32.98412698412699, 32.98412698412699, 33.0, 32.98412698412699, 32.98412698412699, 33.0, 33.0, 33.0, 33.0, 32.98412698412699, 32.98412698412699, 32.98412698412699, 32.98412698412699, 33.0, 32.98412698412699, 33.0, 32.98412698412699, 33.0, 33.0, 33.0, 33.0, 33.0, 33.0, 33.0, 33.0, 33.0, 33.0, 33.0, 33.0, 32.98412698412699, 32.98412698412699, 32.98412698412699, 32.98412698412699, 32.96825396825397, 32.93650793650794, 32.96825396825397, 32.96825396825397, 32.96825396825397, 32.96825396825397, 32.96825396825397, 32.96825396825397, 32.96825396825397, 32.98412698412699, 32.98412698412699, 32.96825396825397, 32.96825396825397, 32.96825396825397, 32.95238095238095, 32.95238095238095, 32.95238095238095, 32.98412698412699, 32.98412698412699, 32.98412698412699, 32.98412698412699, 32.98412698412699, 33.0, 33.0, 32.98412698412699, 32.98412698412699, 32.98412698412699, 33.0, 33.0, 32.98412698412699, 32.98412698412699, 32.98412698412699, 32.98412698412699, 32.98412698412699, 33.0, 33.0, 32.98412698412699, 32.98412698412699, 32.98412698412699, 33.0, 33.0, 33.0, 33.0, 33.0, 33.0, 32.98412698412699, 33.0, 33.0, 33.0, 33.0, 32.98412698412699, 32.98412698412699, 32.93650793650794, 32.95238095238095, 32.95238095238095, 32.96825396825397, 32.98412698412699, 32.98412698412699, 32.98412698412699, 32.98412698412699, 32.98412698412699, 32.98412698412699, 32.98412698412699, 32.98412698412699, 32.98412698412699, 32.98412698412699, 32.96825396825397, 32.95238095238095, 32.96825396825397, 32.96825396825397, 32.98412698412699, 32.96825396825397, 32.95238095238095, 32.95238095238095, 32.95238095238095, 32.96825396825397, 32.96825396825397, 32.98412698412699, 32.98412698412699, 33.0, 32.98412698412699, 33.0, 32.98412698412699, 32.98412698412699, 32.98412698412699, 32.98412698412699, 32.98412698412699, 32.98412698412699, 32.96825396825397, 32.96825396825397, 32.96825396825397, 32.96825396825397, 32.96825396825397, 32.96825396825397, 32.96825396825397, 32.98412698412699, 32.98412698412699, 32.98412698412699, 33.0, 33.0, 32.98412698412699, 32.98412698412699, 33.0, 33.0, 33.0, 33.0, 33.0, 33.0, 33.0, 33.0, 33.0, 33.0, 33.0, 33.0, 33.0, 33.0, 33.0, 33.0, 32.98412698412699, 33.0, 33.0, 32.98412698412699, 32.98412698412699, 32.98412698412699, 32.98412698412699, 32.98412698412699, 33.0, 33.0, 32.96825396825397, 32.96825396825397, 32.98412698412699, 33.0, 33.0, 33.0, 33.0, 33.0, 33.0, 33.0, 33.0, 33.0, 33.0, 33.0, 33.0, 33.0, 33.0, 33.0, 32.98412698412699, 32.98412698412699, 32.98412698412699, 32.98412698412699, 32.98412698412699, 32.98412698412699, 32.98412698412699, 32.98412698412699, 32.96825396825397, 32.95238095238095, 32.95238095238095, 32.98412698412699, 32.98412698412699, 32.98412698412699, 32.96825396825397, 32.96825396825397, 32.98412698412699, 32.98412698412699, 33.0, 33.0, 33.0, 33.0, 33.0, 33.0, 33.0, 32.98412698412699, 32.98412698412699, 32.98412698412699, 32.98412698412699, 32.96825396825397, 32.96825396825397, 32.98412698412699, 32.96825396825397, 32.98412698412699, 32.96825396825397, 32.96825396825397, 32.96825396825397, 32.98412698412699, 32.98412698412699, 32.98412698412699, 32.98412698412699, 32.98412698412699, 32.98412698412699, 32.95238095238095, 32.95238095238095, 32.93650793650794, 32.93650793650794, 32.95238095238095, 32.96825396825397, 32.98412698412699, 32.98412698412699, 32.98412698412699, 32.96825396825397, 32.96825396825397, 32.95238095238095, 32.95238095238095, 32.95238095238095, 32.96825396825397, 32.95238095238095, 32.95238095238095, 32.95238095238095, 32.98412698412699, 32.98412698412699, 32.98412698412699, 32.96825396825397, 32.98412698412699, 32.98412698412699, 32.96825396825397, 32.98412698412699, 32.98412698412699, 32.98412698412699, 32.96825396825397, 32.96825396825397, 32.98412698412699, 32.98412698412699, 32.98412698412699, 32.98412698412699, 32.98412698412699, 32.98412698412699, 32.98412698412699, 32.98412698412699, 32.98412698412699, 32.98412698412699, 32.98412698412699, 32.98412698412699, 32.98412698412699, 32.98412698412699, 32.98412698412699, 33.0, 32.98412698412699, 32.98412698412699, 32.98412698412699, 33.0, 33.0, 33.0, 33.0, 33.0, 32.98412698412699, 33.0, 32.98412698412699, 32.98412698412699, 32.98412698412699, 32.98412698412699, 32.98412698412699, 32.98412698412699, 32.98412698412699, 32.98412698412699, 33.0, 33.0, 33.0, 33.0, 33.0, 33.0, 32.98412698412699, 32.98412698412699, 32.96825396825397, 32.98412698412699, 32.98412698412699, 32.98412698412699, 32.98412698412699, 32.98412698412699, 32.98412698412699, 33.0, 33.0, 33.0, 33.0, 33.0, 33.0, 33.0, 33.0, 32.98412698412699, 32.96825396825397, 32.98412698412699, 32.98412698412699, 32.98412698412699, 32.98412698412699, 32.98412698412699, 32.98412698412699, 32.98412698412699, 32.98412698412699, 32.98412698412699, 32.96825396825397, 32.96825396825397, 32.96825396825397, 32.96825396825397, 32.96825396825397, 32.95238095238095, 32.96825396825397, 32.96825396825397, 32.98412698412698, 32.98412698412698, 32.98412698412698, 32.98412698412698, 32.98412698412698, 32.98412698412698, 32.96825396825397, 32.98412698412698, 33.0, 33.0, 33.0, 33.0, 33.0, 33.0, 33.0, 33.0, 33.0, 33.0, 32.98412698412699, 33.0, 32.98412698412699, 32.98412698412699, 32.98412698412699, 32.98412698412699, 32.98412698412699, 32.98412698412699, 33.0, 33.0, 33.0, 32.98412698412699, 33.0, 33.0, 33.0, 33.0, 33.0, 33.0, 33.0, 33.0, 33.0, 33.0, 33.0, 33.0, 33.0, 33.0, 33.0]",0.7636043890719044,0.7304298540531489,33,"[33, 33, 33, 33, 33, 33, 33, 33, 33, 33, 33, 33, 33, 33, 33, 33, 33, 33, 33, 33, 33, 33, 33, 33, 33, 33, 33, 33, 33, 33, 33, 33, 33, 33, 33, 33, 33, 33, 33, 33, 33, 33, 33, 33, 33, 33, 33, 33, 33, 33, 33, 33, 33, 33, 33, 33, 33, 33, 33, 33, 33, 33, 33, 33, 33, 33, 33, 33, 33, 33, 33, 33, 33, 33, 33, 33, 33, 33, 33, 33, 33, 33, 33, 33, 33, 33, 33, 33, 33, 33, 33, 33, 33, 33, 33, 33, 33, 33, 33, 33, 33, 33, 33, 33, 33, 33, 33, 33, 33, 33, 33, 33, 33, 33, 33, 33, 33, 33, 33, 33, 33, 33, 33, 33, 33, 33, 33, 33, 33, 33, 33, 33, 33, 33, 33, 33, 33, 33, 33, 33, 33, 33, 33, 33, 33, 33, 33, 33, 33, 33, 33, 33, 33, 33, 33, 33, 33, 33, 33, 33, 33, 33, 33, 33, 33, 33, 33, 33, 33, 33, 33, 33, 33, 33, 33, 33, 33, 33, 33, 33, 33, 33, 33, 33, 33, 33, 33, 33, 33, 33, 33, 33, 33, 33, 33, 33, 33, 33, 33, 33, 33, 33, 33, 33, 33, 33, 33, 33, 33, 33, 33, 33, 33, 33, 33, 33, 33, 33, 33, 33, 33, 33, 33, 33, 33, 33, 33, 33, 33, 33, 33, 33, 33, 33, 33, 33, 33, 33, 33, 33, 33, 33, 33, 33, 33, 33, 33, 33, 33, 33, 33, 33, 33, 33, 33, 33, 33, 33, 33, 33, 33, 33, 33, 33, 33, 33, 33, 33, 33, 33, 33, 33, 33, 33, 33, 33, 33, 33, 33, 33, 33, 33, 33, 33, 33, 33, 33, 33, 33, 33, 33, 33, 33, 33, 33, 33, 33, 33, 33, 33, 33, 33, 33, 33, 33, 33, 33, 33, 33, 33, 33, 33, 33, 33, 33, 33, 33, 33, 33, 33, 33, 33, 33, 33, 33, 33, 33, 33, 33, 33, 33, 33, 33, 33, 33, 33, 33, 33, 33, 33, 33, 33, 33, 33, 33, 33, 33, 33, 33, 33, 33, 33, 33, 33, 33, 33, 33, 33, 33, 33, 33, 33, 33, 33, 33, 33, 33, 33, 33, 33, 33, 33, 33, 33, 33, 33, 33, 33, 33, 33, 33, 33, 33, 33, 33, 33, 33, 33, 33, 33, 33, 33, 33, 33, 33, 33, 33, 33, 33, 33, 33, 33, 33, 33, 33, 33, 33, 33, 33, 33, 33, 33, 33, 33, 33, 33, 33, 33, 33, 33, 33, 33, 33, 33, 33, 33, 33, 33, 33, 33, 33, 33, 33, 33, 33, 33, 33, 33, 33, 33, 33, 33, 33, 33, 33, 33, 33, 33, 33, 33, 33, 33, 33, 33, 33, 33, 33, 33, 33, 33, 33, 33, 33, 33, 33, 33, 33, 33, 33, 33, 33, 33, 33, 33, 33, 33, 33, 33, 33, 33, 33, 33, 33, 33, 33]",485,"[0.7638561725616455, 0.7016570568084717, 0.6527813673019409, 0.6214890480041504, 0.5987352132797241, 0.5810011029243469, 0.5678178668022156, 0.5583682060241699, 0.5503582954406738, 0.5446773171424866, 0.5402138829231262, 0.5361339449882507, 0.5330777168273926, 0.5306093096733093, 0.5286710262298584, 0.5270443558692932, 0.5256158709526062, 0.5244554877281189, 0.5232864022254944, 0.5224292278289795, 0.5214705467224121, 0.5206265449523926, 0.5199891328811646, 0.5193724632263184, 0.5187419056892395, 0.5181609392166138, 0.517535924911499, 0.5169628262519836, 0.5164827704429626, 0.5160536766052246, 0.5156057476997375, 0.5150788426399231, 0.5146549344062805, 0.5142682194709778, 0.5139193534851074, 0.5134323835372925, 0.5129977464675903, 0.5126029253005981, 0.5121433138847351, 0.5117510557174683, 0.511346697807312, 0.5109777450561523, 0.5106033682823181, 0.510243833065033, 0.5098583698272705, 0.5094809532165527, 0.5091482996940613, 0.5087747573852539, 0.5083968639373779, 0.5080706477165222, 0.5076890587806702, 0.5073655247688293, 0.5070347189903259, 0.5066784024238586, 0.5063444375991821, 0.5060635805130005, 0.5057972073554993, 0.5055472254753113, 0.5052601099014282, 0.5049360394477844, 0.5046170353889465, 0.5043327212333679, 0.5040223002433777, 0.503755509853363, 0.5034664273262024, 0.5031815767288208, 0.5028365850448608, 0.5025539994239807, 0.5022541880607605, 0.5019595623016357, 0.501669704914093, 0.5014088153839111, 0.5011533498764038, 0.5008898377418518, 0.5006181001663208, 0.5004091262817383, 0.5001097917556763, 0.4998381733894348, 0.4995949864387512, 0.4992985427379608, 0.49899742007255554, 0.4987015426158905, 0.49845486879348755, 0.49818676710128784, 0.4979046881198883, 0.49764877557754517, 0.49739351868629456, 0.49716877937316895, 0.4968959093093872, 0.4966939687728882, 0.4964026212692261, 0.4961591958999634, 0.49594488739967346, 0.49570536613464355, 0.495511919260025, 0.4952467679977417, 0.4950612783432007, 0.49481627345085144, 0.49452483654022217, 0.4942764937877655, 0.49407318234443665, 0.4938511550426483, 0.4935990273952484, 0.4934026300907135, 0.493169903755188, 0.4929228723049164, 0.4927287697792053, 0.4925283193588257, 0.49227869510650635, 0.4920741021633148, 0.4918384850025177, 0.49159863591194153, 0.49140775203704834, 0.4912271797657013, 0.49098026752471924, 0.49079442024230957, 0.49059006571769714, 0.4903927743434906, 0.4901478886604309, 0.4899195432662964, 0.48969680070877075, 0.489480197429657, 0.48932206630706787, 0.4891420304775238, 0.4890090525150299, 0.4887886941432953, 0.48853743076324463, 0.4883398711681366, 0.48817694187164307, 0.48800456523895264, 0.48780640959739685, 0.4876214861869812, 0.4874170422554016, 0.4872473478317261, 0.48705151677131653, 0.48686978220939636, 0.48669546842575073, 0.4864889979362488, 0.48631682991981506, 0.48611682653427124, 0.4859594404697418, 0.48575037717819214, 0.4855753183364868, 0.4853947162628174, 0.4852266013622284, 0.48507481813430786, 0.4848865270614624, 0.48470255732536316, 0.4845167100429535, 0.48431161046028137, 0.48414841294288635, 0.4839843511581421, 0.4837847948074341, 0.483636736869812, 0.48345792293548584, 0.48327332735061646, 0.4831385910511017, 0.4829484820365906, 0.48276692628860474, 0.4825983941555023, 0.4824417233467102, 0.4822702407836914, 0.48210567235946655, 0.4819387197494507, 0.4817766547203064, 0.481635183095932, 0.48147860169410706, 0.48128893971443176, 0.4811209738254547, 0.4809436798095703, 0.4807649254798889, 0.48062747716903687, 0.48047909140586853, 0.4803404211997986, 0.48017582297325134, 0.4800174832344055, 0.4798470735549927, 0.4796808958053589, 0.4794995188713074, 0.4793328046798706, 0.47920358180999756, 0.47907161712646484, 0.47892656922340393, 0.47877034544944763, 0.4786309003829956, 0.47847431898117065, 0.47831666469573975, 0.4781692624092102, 0.4780256152153015, 0.4778539538383484, 0.47769200801849365, 0.4775403141975403, 0.47740018367767334, 0.4772832989692688, 0.477103590965271, 0.47697436809539795, 0.47678062319755554, 0.4766421914100647, 0.4765019118785858, 0.47633612155914307, 0.47615736722946167, 0.4760231673717499, 0.47584670782089233, 0.47570857405662537, 0.47554442286491394, 0.47540733218193054, 0.4752545952796936, 0.4751113951206207, 0.4749598801136017, 0.4748130142688751, 0.4746738374233246, 0.47451090812683105, 0.47440674901008606, 0.47425633668899536, 0.4740893244743347, 0.47398537397384644, 0.4738348126411438, 0.4736935496330261, 0.4735278785228729, 0.47335511445999146, 0.4732104241847992, 0.4730803966522217, 0.4729543924331665, 0.47287043929100037, 0.4727077782154083, 0.4725644290447235, 0.4724176526069641, 0.47230255603790283, 0.47214266657829285, 0.4720247685909271, 0.4718945026397705, 0.47171393036842346, 0.47158554196357727, 0.4714478552341461, 0.4713360667228699, 0.4711904227733612, 0.47108322381973267, 0.47092753648757935, 0.470799058675766, 0.4706673324108124, 0.47053396701812744, 0.47039422392845154, 0.47025352716445923, 0.47010335326194763, 0.4699612557888031, 0.46981534361839294, 0.4696614444255829, 0.4695131778717041, 0.4694031774997711, 0.46927955746650696, 0.46916908025741577, 0.46906405687332153, 0.4689640700817108, 0.4688527584075928, 0.4687255620956421, 0.46858546137809753, 0.4684571325778961, 0.4683235287666321, 0.4681642949581146, 0.46801912784576416, 0.46789515018463135, 0.4677577316761017, 0.46761608123779297, 0.4674636125564575, 0.46732887625694275, 0.4672117531299591, 0.46704810857772827, 0.4669185280799866, 0.4667849838733673, 0.4666651785373688, 0.4665542542934418, 0.46640506386756897, 0.4662449359893799, 0.46612367033958435, 0.4659569561481476, 0.46580827236175537, 0.465675950050354, 0.4655740261077881, 0.46542471647262573, 0.4652431011199951, 0.46511489152908325, 0.46498385071754456, 0.46485501527786255, 0.4647424817085266, 0.46455323696136475, 0.4644243121147156, 0.46430957317352295, 0.46414488554000854, 0.4640550911426544, 0.46390601992607117, 0.4638441205024719, 0.46371132135391235, 0.46361035108566284, 0.46345987915992737, 0.46337753534317017, 0.46325263381004333, 0.46313631534576416, 0.46298104524612427, 0.4628410339355469, 0.46267440915107727, 0.4625857472419739, 0.46252769231796265, 0.4624401926994324, 0.46233677864074707, 0.46219930052757263, 0.46206292510032654, 0.4619433283805847, 0.4617961645126343, 0.4616870582103729, 0.46154364943504333, 0.46139007806777954, 0.4612991213798523, 0.46116647124290466, 0.46107929944992065, 0.4609641134738922, 0.4608708322048187, 0.46077224612236023, 0.4606562554836273, 0.46056702733039856, 0.4603677988052368, 0.46024781465530396, 0.4601253569126129, 0.4599955677986145, 0.45989349484443665, 0.4597579836845398, 0.45963722467422485, 0.45949891209602356, 0.4593682885169983, 0.45926302671432495, 0.4591658115386963, 0.4590297341346741, 0.458901047706604, 0.4587782025337219, 0.45864999294281006, 0.4584912359714508, 0.4584289789199829, 0.45832687616348267, 0.45821094512939453, 0.45803987979888916, 0.45792973041534424, 0.45784294605255127, 0.45772361755371094, 0.45754000544548035, 0.45746371150016785, 0.457343190908432, 0.45724573731422424, 0.4571583867073059, 0.45704832673072815, 0.45693740248680115, 0.45683789253234863, 0.45668670535087585, 0.456595242023468, 0.45650941133499146, 0.45635899901390076, 0.45625805854797363, 0.45613449811935425, 0.4560019373893738, 0.4558470845222473, 0.4557376205921173, 0.4555822014808655, 0.45548099279403687, 0.45538070797920227, 0.455267995595932, 0.45515671372413635, 0.4550558924674988, 0.45492079854011536, 0.45477986335754395, 0.45468348264694214, 0.45458927750587463, 0.45446932315826416, 0.45436713099479675, 0.4542599022388458, 0.45411980152130127, 0.4540034234523773, 0.4539118707180023, 0.4537985324859619, 0.4536799490451813, 0.4535832107067108, 0.4534498453140259, 0.453339546918869, 0.45327338576316833, 0.45316603779792786, 0.45306721329689026, 0.45292723178863525, 0.45279014110565186, 0.45269137620925903, 0.452612966299057, 0.45254939794540405, 0.4524550139904022, 0.45237237215042114, 0.45224425196647644, 0.4521487057209015, 0.45204398036003113, 0.451889306306839, 0.4517791271209717, 0.45166125893592834, 0.45152828097343445, 0.4514113664627075, 0.45131611824035645, 0.4511944651603699, 0.45111823081970215, 0.45105645060539246, 0.45096519589424133, 0.45085835456848145, 0.4507681131362915, 0.45063313841819763, 0.4505784213542938, 0.45042818784713745, 0.4503043293952942, 0.4502270817756653, 0.4500810205936432, 0.4499276876449585, 0.4498327374458313, 0.4497256577014923, 0.44960638880729675, 0.44947975873947144, 0.4493403732776642, 0.4492127299308777, 0.449137419462204, 0.4490562677383423, 0.44899308681488037, 0.4488365054130554, 0.44876015186309814, 0.4486735165119171, 0.44853031635284424, 0.4484333097934723, 0.4483303725719452, 0.44823890924453735, 0.44818592071533203, 0.4480818808078766, 0.4479869604110718, 0.44784796237945557, 0.44774216413497925, 0.447643518447876, 0.44748350977897644, 0.44737598299980164, 0.44729283452033997, 0.4471842050552368, 0.4471033811569214, 0.44698888063430786, 0.44689619541168213, 0.44677838683128357, 0.44667184352874756, 0.44658929109573364, 0.44652941823005676, 0.4464593827724457, 0.44636332988739014, 0.4462621808052063, 0.4461911916732788, 0.44603610038757324, 0.4458996057510376, 0.4457564651966095, 0.445632666349411, 0.44552361965179443, 0.44546663761138916, 0.4453694522380829, 0.445252925157547, 0.4451639652252197, 0.44507086277008057, 0.44498270750045776, 0.44487717747688293, 0.4447784423828125, 0.44465160369873047, 0.44458094239234924, 0.44448617100715637, 0.4444020986557007, 0.4442867934703827, 0.444175124168396, 0.4441007971763611, 0.4440351128578186, 0.4439668655395508, 0.4438832402229309, 0.44376981258392334, 0.44368231296539307, 0.4435182809829712, 0.44339510798454285, 0.44326603412628174, 0.44319161772727966, 0.44311293959617615, 0.4429638981819153, 0.4428488612174988, 0.44275376200675964, 0.44261690974235535, 0.44250020384788513, 0.4424009323120117]",33.0,"[33.0, 33.0, 33.0, 33.0, 33.0, 33.0, 33.0, 33.0, 33.0, 33.0, 33.0, 33.0, 33.0, 33.0, 33.0, 33.0, 33.0, 33.0, 33.0, 33.0, 33.0, 33.0, 33.0, 33.0, 33.0, 33.0, 33.0, 33.0, 33.0, 33.0, 33.0, 33.0, 33.0, 33.0, 3