,number,value,datetime_start,datetime_complete,duration,params_batch_size_scaler,params_constant_learning_rate,params_depth,params_epochs,params_kernel_l2,params_num_trees,params_temperature,user_attrs_accuracy_test,user_attrs_accuracy_valid,user_attrs_approximate_feature_sparsity,user_attrs_approximate_feature_sparsity_history,user_attrs_approximate_weight_sparsity,user_attrs_approximate_weight_sparsity_history,user_attrs_auc_test,user_attrs_auc_valid,user_attrs_feature_sparsity,user_attrs_feature_sparsity_history,user_attrs_num_epochs,user_attrs_val_loss_history,user_attrs_weight_sparsity,user_attrs_weight_sparsity_history,state
144,144,0.828650925532326,2024-08-31 06:17:13.884681,2024-08-31 06:18:00.909889,0 days 00:00:47.025208,64,2.130670700804384,4,165,0.006515146181743263,98,0.0023953594494381517,0.856,0.85625,3,"[33, 33, 33, 33, 33, 33, 33, 33, 33, 33, 33, 33, 33, 33, 33, 33, 29, 17, 10, 10, 8, 7, 7, 6, 6, 6, 4, 4, 4, 4, 4, 4, 4, 4, 4, 4, 4, 4, 4, 4, 4, 4, 4, 4, 4, 4, 4, 4, 4, 4, 4, 3, 3, 3, 3, 3, 3, 3, 3, 3, 3, 3, 3, 3, 3, 3, 3, 3, 3, 3, 3, 3, 3, 3, 3, 3, 3, 3, 3, 3, 3, 3, 3, 3, 3, 3, 3, 3, 3, 3, 3, 3, 3, 3, 3, 3, 3, 3, 3, 3, 3, 3, 3, 3, 3, 3, 3, 3, 3, 3, 3, 3, 3, 3, 3, 3, 3, 3, 3, 3, 3, 3, 3, 3, 3, 3, 3, 3, 3, 3, 3, 3, 3, 3, 3, 3, 3, 3, 3, 3, 3, 3, 3, 3, 3, 3, 3, 3, 3, 3, 3, 3, 3, 3, 3, 3, 3, 3, 3, 3, 3, 3, 3, 3, 3]",2.9979591836734696,"[32.94965986394558, 32.94625850340136, 32.94013605442177, 32.95510204081633, 32.94761904761905, 32.944217687074826, 32.94421768707483, 32.94761904761905, 32.95102040816327, 32.94353741496599, 32.945578231292515, 32.94965986394558, 32.94421768707483, 32.94897959183673, 32.94489795918368, 32.94897959183673, 28.95986394557823, 16.972789115646258, 9.982993197278912, 9.98843537414966, 7.987755102040816, 6.989795918367347, 6.987074829931972, 5.987074829931974, 5.993877551020407, 5.993877551020407, 3.9952380952380953, 3.9972789115646257, 3.996598639455782, 3.9945578231292513, 3.9952380952380953, 3.9952380952380953, 3.997278911564626, 3.9931972789115644, 3.9979591836734696, 3.9952380952380953, 3.9959183673469387, 3.996598639455782, 3.9965986394557826, 3.9965986394557826, 3.9952380952380953, 3.996598639455782, 3.994557823129252, 3.996598639455782, 3.9972789115646257, 3.9979591836734696, 3.993877551020408, 3.9952380952380953, 3.9979591836734696, 3.995918367346939, 3.9952380952380953, 2.995918367346939, 2.9931972789115644, 2.9959183673469387, 2.998639455782313, 2.9959183673469387, 2.997959183673469, 2.9972789115646257, 2.996598639455782, 2.9952380952380953, 2.994557823129252, 2.9979591836734696, 2.997959183673469, 2.9959183673469387, 2.9959183673469387, 2.9952380952380953, 2.9959183673469387, 2.997959183673469, 2.996598639455782, 2.998639455782313, 2.997278911564626, 2.997278911564626, 2.9959183673469387, 2.998639455782313, 2.996598639455782, 2.998639455782313, 2.997278911564626, 2.996598639455782, 2.9972789115646257, 2.996598639455782, 2.9972789115646257, 2.9959183673469387, 2.9959183673469387, 2.996598639455782, 2.9972789115646257, 2.996598639455782, 2.997278911564626, 2.997959183673469, 2.9959183673469387, 2.9952380952380953, 2.9959183673469387, 2.9972789115646257, 2.996598639455782, 2.996598639455782, 2.9979591836734696, 2.998639455782313, 2.9979591836734696, 2.998639455782313, 2.996598639455782, 2.992517006802721, 2.9959183673469387, 2.9979591836734696, 3.0, 2.9931972789115644, 2.996598639455782, 2.9938775510204083, 2.996598639455782, 2.9925170068027214, 2.9972789115646257, 2.996598639455782, 2.996598639455782, 2.996598639455782, 2.996598639455782, 2.9952380952380953, 2.9972789115646257, 2.9959183673469387, 2.9959183673469387, 2.997278911564626, 2.998639455782313, 2.997959183673469, 2.996598639455782, 2.996598639455782, 2.996598639455782, 2.997278911564626, 2.9979591836734696, 2.997278911564626, 2.9993197278911565, 2.9979591836734696, 2.996598639455782, 2.9979591836734696, 2.997959183673469, 2.996598639455782, 2.9979591836734696, 2.997959183673469, 2.9979591836734696, 2.9993197278911565, 2.9993197278911565, 2.9979591836734696, 2.997959183673469, 2.9972789115646257, 2.997278911564626, 2.998639455782313, 2.9959183673469387, 2.9993197278911565, 3.0, 2.998639455782313, 3.0, 2.997959183673469, 2.998639455782313, 2.996598639455782, 2.9979591836734696, 2.9993197278911565, 2.998639455782313, 2.996598639455782, 2.996598639455782, 2.9972789115646257, 2.9952380952380953, 2.9959183673469387, 2.9972789115646257, 2.996598639455782, 2.998639455782313, 2.998639455782313, 2.998639455782313, 2.9979591836734696, 2.9979591836734696]",0.8197310083471627,0.828650925532326,3,"[33, 33, 33, 33, 33, 33, 33, 33, 33, 33, 33, 33, 33, 33, 33, 33, 29, 17, 10, 10, 8, 7, 7, 6, 6, 6, 4, 4, 4, 4, 4, 4, 4, 4, 4, 4, 4, 4, 4, 4, 4, 4, 4, 4, 4, 4, 4, 4, 4, 4, 4, 3, 3, 3, 3, 3, 3, 3, 3, 3, 3, 3, 3, 3, 3, 3, 3, 3, 3, 3, 3, 3, 3, 3, 3, 3, 3, 3, 3, 3, 3, 3, 3, 3, 3, 3, 3, 3, 3, 3, 3, 3, 3, 3, 3, 3, 3, 3, 3, 3, 3, 3, 3, 3, 3, 3, 3, 3, 3, 3, 3, 3, 3, 3, 3, 3, 3, 3, 3, 3, 3, 3, 3, 3, 3, 3, 3, 3, 3, 3, 3, 3, 3, 3, 3, 3, 3, 3, 3, 3, 3, 3, 3, 3, 3, 3, 3, 3, 3, 3, 3, 3, 3, 3, 3, 3, 3, 3, 3, 3, 3, 3, 3, 3, 3]",165,"[0.39738941192626953, 0.38077351450920105, 0.9963963031768799, 0.6426947712898254, 0.3968937397003174, 0.4349219501018524, 0.7003090381622314, 0.373490571975708, 0.42778709530830383, 0.3541073501110077, 0.48641785979270935, 0.4094271957874298, 0.6295077800750732, 0.6617347002029419, 0.6135604977607727, 0.6224534511566162, 0.625251054763794, 0.48010531067848206, 0.3844802975654602, 0.33301466703414917, 0.4806670844554901, 0.3533598780632019, 0.4599407911300659, 0.38223159313201904, 0.3480425775051117, 0.38642436265945435, 0.9319033026695251, 0.35482752323150635, 0.3559933602809906, 0.8002238273620605, 0.6098716855049133, 0.4302006661891937, 0.4311952292919159, 0.36977237462997437, 0.38429951667785645, 0.6055982708930969, 0.4659532308578491, 0.40751248598098755, 0.4348892569541931, 0.48074209690093994, 0.36270928382873535, 0.8901962041854858, 0.3533201217651367, 0.3464205265045166, 0.3605616092681885, 0.39196330308914185, 0.46550247073173523, 0.6400966048240662, 0.49295124411582947, 0.3547092080116272, 0.49439990520477295, 0.445473313331604, 0.4184526801109314, 0.4094800055027008, 0.42802223563194275, 0.367898166179657, 0.3735654950141907, 0.3505917489528656, 0.38479793071746826, 0.5395950078964233, 0.6079139709472656, 0.7848926782608032, 0.35829412937164307, 0.35060131549835205, 0.4063017964363098, 0.3371673822402954, 0.365975946187973, 0.3592468202114105, 0.5023050904273987, 0.3387991786003113, 0.5513784885406494, 0.614377498626709, 0.5982460379600525, 0.6346231698989868, 0.34021613001823425, 0.39257025718688965, 0.42596036195755005, 0.5166434645652771, 0.353062242269516, 0.37747126817703247, 0.3712737560272217, 0.36520645022392273, 0.33542928099632263, 0.5827467441558838, 0.5382919907569885, 0.4620336592197418, 0.5675285458564758, 0.525974690914154, 0.49182090163230896, 0.7220263481140137, 0.3497540354728699, 0.4692736864089966, 0.3282230794429779, 0.5588179230690002, 0.615333616733551, 0.36368224024772644, 0.3300592303276062, 0.3880876302719116, 0.33982717990875244, 0.45765435695648193, 0.5113878846168518, 0.7843126058578491, 0.7912330031394958, 0.33082541823387146, 0.3398507237434387, 0.41144317388534546, 0.4030674993991852, 0.34438052773475647, 0.3159698247909546, 0.41917648911476135, 0.35828763246536255, 0.3337966501712799, 0.3179487884044647, 0.754697322845459, 0.34311583638191223, 0.32689008116722107, 0.3267410397529602, 0.3752763271331787, 0.33428260684013367, 0.31409531831741333, 0.39228665828704834, 0.33525288105010986, 0.450216680765152, 0.421735942363739, 0.3930530250072479, 0.4453080892562866, 0.3532627522945404, 0.4766606390476227, 0.37289315462112427, 0.34477469325065613, 0.5929761528968811, 0.466001957654953, 0.3384053707122803, 0.5554084181785583, 0.309972882270813, 0.4917863607406616, 0.36647269129753113, 0.317513108253479, 0.36325758695602417, 0.3652961850166321, 0.652126133441925, 0.3444346487522125, 0.3090091943740845, 0.48218193650245667, 0.3605268597602844, 0.4079359769821167, 0.3119215667247772, 0.4330079257488251, 0.4270687997341156, 0.41638028621673584, 0.4773804545402527, 0.330692321062088, 0.34994810819625854, 0.4472219944000244, 0.34522953629493713, 0.3122096657752991, 0.3064920902252197, 0.31132614612579346, 0.3131016194820404, 0.3444172143936157, 0.35918304324150085, 0.32587137818336487, 0.31804993748664856, 0.3262641131877899, 0.3479832708835602]",3.0,"[33.0, 33.0, 33.0, 33.0, 33.0, 33.0, 33.0, 33.0, 33.0, 33.0, 33.0, 33.0, 33.0, 33.0, 33.0, 33.0, 29.0, 17.0, 10.0, 10.0, 8.0, 7.0, 7.0, 6.0, 6.0, 6.0, 4.0, 4.0, 4.0, 4.0, 4.0, 4.0, 4.0, 4.0, 4.0, 4.0, 4.0, 4.0, 4.0, 4.0, 4.0, 4.0, 4.0, 4.0, 4.0, 4.0, 4.0, 4.0, 4.0, 4.0, 4.0, 3.0, 3.0, 3.0, 3.0, 3.0, 3.0, 3.0, 3.0, 3.0, 3.0, 3.0, 3.0, 3.0, 3.0, 3.0, 3.0, 3.0, 3.0, 3.0, 3.0, 3.0, 3.0, 3.0, 3.0, 3.0, 3.0, 3.0, 3.0, 3.0, 3.0, 3.0, 3.0, 3.0, 3.0, 3.0, 3.0, 3.0, 3.0, 3.0, 3.0, 3.0, 3.0, 3.0, 3.0, 3.0, 3.0, 3.0, 3.0, 3.0, 3.0, 3.0, 3.0, 3.0, 3.0, 3.0, 3.0, 3.0, 3.0, 3.0, 3.0, 3.0, 3.0, 3.0, 3.0, 3.0, 3.0, 3.0, 3.0, 3.0, 3.0, 3.0, 3.0, 3.0, 3.0, 3.0, 3.0, 3.0, 3.0, 3.0, 3.0, 3.0, 3.0, 3.0, 3.0, 3.0, 3.0, 3.0, 3.0, 3.0, 3.0, 3.0, 3.0, 3.0, 3.0, 3.0, 3.0, 3.0, 3.0, 3.0, 3.0, 3.0, 3.0, 3.0, 3.0, 3.0, 3.0, 3.0, 3.0, 3.0, 3.0, 3.0, 3.0, 3.0, 3.0]",COMPLETE
145,145,0.8730790534709072,2024-08-31 06:18:00.914278,2024-08-31 06:19:05.796400,0 days 00:01:04.882122,4,5.6068963823929066,1,225,0.0014171458547823667,59,0.001509327324666426,0.91,0.90625,29,"[29, 29, 29, 29, 29, 29, 29, 29, 29, 29, 29, 29, 29, 29, 29, 29, 29, 29, 29, 29, 29, 29, 29, 29, 29, 29, 29, 29, 29, 29, 29, 29, 29, 29, 29, 29, 29, 29, 29, 29, 29, 29, 29, 29, 29, 29, 29, 29, 29, 29, 29, 29, 29, 29, 29, 29, 29, 29, 29, 29, 29, 29, 29, 29, 29, 29, 29, 29, 29, 29, 29, 29, 29, 29, 29, 29, 29, 29, 29, 29, 29, 29, 29, 29, 29, 29, 29, 29, 29, 29, 29, 29, 29, 29, 29, 29, 29, 29, 29, 29, 29, 29, 29, 29, 29, 29, 29, 29, 29, 29, 29, 29, 29, 29, 29, 29, 29, 29, 29, 29, 29, 29, 29, 29, 29, 29, 29, 29, 29, 29, 29, 29, 29, 29, 29, 29, 29, 29, 29, 29, 29, 29, 29, 29, 29, 29, 29, 29, 29, 29, 29, 29, 29, 29, 29, 29, 29, 29, 29, 29, 29, 29, 29, 29, 29, 29, 29, 29, 29, 29, 29, 29, 29, 29, 29, 29, 29, 29, 29, 29, 29, 29, 29, 29, 29, 29, 29, 29, 29, 29, 29, 29, 29, 29, 29, 29, 29, 29, 29, 29, 29, 29, 29, 29, 29, 29, 29, 29, 29, 29, 29, 29, 29, 29, 29, 29, 29, 29, 29, 29, 29, 29, 29, 29, 29]",29.0,"[29.0, 29.0, 29.0, 29.0, 28.983050847457626, 29.0, 29.0, 29.0, 29.0, 29.0, 29.0, 29.0, 29.0, 29.0, 28.983050847457626, 29.0, 29.0, 28.983050847457626, 28.983050847457626, 29.0, 29.0, 29.0, 29.0, 29.0, 29.0, 29.0, 29.0, 29.0, 29.0, 28.983050847457626, 29.0, 29.0, 29.0, 29.0, 29.0, 29.0, 29.0, 28.983050847457626, 29.0, 29.0, 29.0, 29.0, 29.0, 29.0, 29.0, 29.0, 29.0, 29.0, 29.0, 29.0, 29.0, 29.0, 29.0, 29.0, 29.0, 29.0, 29.0, 29.0, 29.0, 29.0, 29.0, 29.0, 29.0, 29.0, 29.0, 29.0, 29.0, 29.0, 29.0, 29.0, 29.0, 29.0, 29.0, 29.0, 29.0, 29.0, 29.0, 29.0, 29.0, 29.0, 29.0, 29.0, 29.0, 29.0, 29.0, 29.0, 29.0, 29.0, 29.0, 28.983050847457626, 29.0, 29.0, 29.0, 29.0, 29.0, 29.0, 29.0, 29.0, 29.0, 29.0, 29.0, 29.0, 29.0, 29.0, 29.0, 29.0, 29.0, 29.0, 29.0, 28.983050847457626, 29.0, 29.0, 29.0, 29.0, 29.0, 29.0, 29.0, 29.0, 29.0, 29.0, 29.0, 29.0, 29.0, 29.0, 29.0, 29.0, 29.0, 29.0, 29.0, 29.0, 29.0, 29.0, 29.0, 29.0, 29.0, 29.0, 29.0, 29.0, 29.0, 29.0, 29.0, 29.0, 29.0, 29.0, 29.0, 29.0, 29.0, 29.0, 29.0, 29.0, 29.0, 29.0, 29.0, 29.0, 29.0, 29.0, 28.983050847457626, 29.0, 29.0, 29.0, 29.0, 29.0, 29.0, 29.0, 29.0, 29.0, 29.0, 29.0, 28.983050847457626, 29.0, 29.0, 29.0, 29.0, 29.0, 29.0, 29.0, 29.0, 29.0, 29.0, 29.0, 29.0, 29.0, 29.0, 29.0, 29.0, 29.0, 29.0, 29.0, 29.0, 29.0, 29.0, 29.0, 29.0, 29.0, 29.0, 29.0, 28.983050847457626, 29.0, 28.983050847457626, 29.0, 29.0, 29.0, 29.0, 29.0, 29.0, 29.0, 29.0, 29.0, 29.0, 29.0, 29.0, 29.0, 29.0, 29.0, 29.0, 29.0, 29.0, 29.0, 29.0, 29.0, 28.983050847457626, 29.0, 29.0, 29.0, 29.0]",0.8683030738364749,0.8730790534709072,29,"[29, 29, 29, 29, 29, 29, 29, 29, 29, 29, 29, 29, 29, 29, 29, 29, 29, 29, 29, 29, 29, 29, 29, 29, 29, 29, 29, 29, 29, 29, 29, 29, 29, 29, 29, 29, 29, 29, 29, 29, 29, 29, 29, 29, 29, 29, 29, 29, 29, 29, 29, 29, 29, 29, 29, 29, 29, 29, 29, 29, 29, 29, 29, 29, 29, 29, 29, 29, 29, 29, 29, 29, 29, 29, 29, 29, 29, 29, 29, 29, 29, 29, 29, 29, 29, 29, 29, 29, 29, 29, 29, 29, 29, 29, 29, 29, 29, 29, 29, 29, 29, 29, 29, 29, 29, 29, 29, 29, 29, 29, 29, 29, 29, 29, 29, 29, 29, 29, 29, 29, 29, 29, 29, 29, 29, 29, 29, 29, 29, 29, 29, 29, 29, 29, 29, 29, 29, 29, 29, 29, 29, 29, 29, 29, 29, 29, 29, 29, 29, 29, 29, 29, 29, 29, 29, 29, 29, 29, 29, 29, 29, 29, 29, 29, 29, 29, 29, 29, 29, 29, 29, 29, 29, 29, 29, 29, 29, 29, 29, 29, 29, 29, 29, 29, 29, 29, 29, 29, 29, 29, 29, 29, 29, 29, 29, 29, 29, 29, 29, 29, 29, 29, 29, 29, 29, 29, 29, 29, 29, 29, 29, 29, 29, 29, 29, 29, 29, 29, 29, 29, 29, 29, 29, 29, 29]",225,"[22.298795700073242, 4.363796234130859, 6.2829084396362305, 3.5267419815063477, 22.17532730102539, 2.1152281761169434, 4.103750705718994, 2.606038808822632, 3.497357130050659, 1.7609118223190308, 2.390791893005371, 3.2070353031158447, 2.3583364486694336, 1.8242765665054321, 2.5434861183166504, 3.479658603668213, 5.628952503204346, 4.806391716003418, 3.341965913772583, 4.978209018707275, 1.984941005706787, 2.7443723678588867, 2.4154508113861084, 2.4400224685668945, 7.028509616851807, 1.9849891662597656, 3.979702949523926, 3.5173449516296387, 3.0002167224884033, 2.5072267055511475, 2.815774440765381, 3.267622947692871, 2.906205177307129, 2.8247857093811035, 2.188615560531616, 9.230353355407715, 2.331202745437622, 2.1233294010162354, 2.479403257369995, 3.8251099586486816, 3.2146964073181152, 2.91336727142334, 2.813464641571045, 2.5414302349090576, 3.134161949157715, 2.773134708404541, 2.792637348175049, 3.3502895832061768, 4.060232639312744, 2.457590103149414, 4.324213981628418, 4.10641622543335, 2.7562694549560547, 3.0105037689208984, 2.9710662364959717, 5.137734889984131, 2.7562365531921387, 3.3611581325531006, 2.640373945236206, 3.170945644378662, 2.956528425216675, 2.8551273345947266, 7.928094387054443, 2.9618468284606934, 3.0880956649780273, 2.7682344913482666, 2.8796334266662598, 3.491250991821289, 3.6186578273773193, 3.368541955947876, 5.4888997077941895, 3.0377578735351562, 2.848393201828003, 3.1867055892944336, 2.8704376220703125, 3.6149604320526123, 2.773127794265747, 2.9314513206481934, 3.0615832805633545, 3.010270595550537, 3.1528501510620117, 3.0986969470977783, 2.8322713375091553, 3.0143356323242188, 3.0139474868774414, 2.884617328643799, 2.993008613586426, 3.1042141914367676, 2.620495557785034, 2.892594575881958, 2.9355628490448, 2.6919608116149902, 2.6881649494171143, 2.6906213760375977, 2.5411369800567627, 2.92720365524292, 2.4326584339141846, 3.014296531677246, 2.602992057800293, 2.5610718727111816, 2.551192283630371, 2.9679250717163086, 3.1669278144836426, 3.4882400035858154, 2.5479018688201904, 2.458805799484253, 2.761824369430542, 2.8500609397888184, 2.99320125579834, 2.8838281631469727, 2.9849884510040283, 2.6701364517211914, 2.663020133972168, 3.07088565826416, 2.821784257888794, 2.5842227935791016, 2.8961386680603027, 3.5347137451171875, 2.6103508472442627, 2.8006293773651123, 3.410524368286133, 2.873753547668457, 2.6681151390075684, 2.9046316146850586, 2.743278741836548, 2.9112744331359863, 2.454529047012329, 2.5586965084075928, 2.9454684257507324, 2.8716542720794678, 3.214493751525879, 3.092590093612671, 2.7333672046661377, 2.422884941101074, 3.604349136352539, 3.0781869888305664, 5.380202770233154, 3.142453670501709, 2.4342610836029053, 2.6568825244903564, 4.429896831512451, 2.654886245727539, 3.374601125717163, 2.958554983139038, 3.0782289505004883, 2.578958511352539, 2.6502761840820312, 2.9052767753601074, 2.2751269340515137, 2.6948845386505127, 2.5995912551879883, 2.619133234024048, 4.00230073928833, 2.857773780822754, 3.1731481552124023, 2.8586089611053467, 2.2571420669555664, 2.95223331451416, 2.7409560680389404, 3.0324018001556396, 2.3409159183502197, 3.4330530166625977, 2.5611486434936523, 2.5275754928588867, 2.421682357788086, 2.8752975463867188, 3.0499367713928223, 3.0400965213775635, 2.81064510345459, 2.9465219974517822, 2.586228847503662, 3.299720048904419, 3.0501036643981934, 2.955599784851074, 3.3256003856658936, 5.01378059387207, 3.054729700088501, 3.1738898754119873, 3.2833404541015625, 3.547381639480591, 3.6151676177978516, 2.819784164428711, 2.868593692779541, 2.6377687454223633, 3.7991669178009033, 2.75048828125, 3.075044631958008, 3.039829730987549, 2.96981143951416, 2.7982265949249268, 3.2679028511047363, 3.0394251346588135, 3.4897377490997314, 3.0954854488372803, 3.1329398155212402, 3.5607876777648926, 3.3139355182647705, 3.2227566242218018, 3.154256820678711, 3.607860803604126, 3.382748603820801, 3.2254250049591064, 2.926738977432251, 2.9061408042907715, 2.825946092605591, 2.8704781532287598, 3.33724308013916, 3.671632766723633, 3.066549062728882, 3.1624631881713867, 2.9978296756744385, 3.5609471797943115, 3.822190523147583, 3.5419929027557373, 3.3814661502838135, 3.0049686431884766, 3.2183523178100586, 3.1020493507385254, 3.118570327758789, 3.0479013919830322, 2.8545632362365723, 2.8074278831481934, 3.099257707595825, 3.0068886280059814, 2.909029006958008]",29.0,"[29.0, 29.0, 29.0, 29.0, 29.0, 29.0, 29.0, 29.0, 29.0, 29.0, 29.0, 29.0, 29.0, 29.0, 29.0, 29.0, 29.0, 29.0, 29.0, 29.0, 29.0, 29.0, 29.0, 29.0, 29.0, 29.0, 29.0, 29.0, 29.0, 29.0, 29.0, 29.0, 29.0, 29.0, 29.0, 29.0, 29.0, 29.0, 29.0, 29.0, 29.0, 29.0, 29.0, 29.0, 29.0, 29.0, 29.0, 29.0, 29.0, 29.0, 29.0, 29.0, 29.0, 29.0, 29.0, 29.0, 29.0, 29.0, 29.0, 29.0, 29.0, 29.0, 29.0, 29.0, 29.0, 29.0, 29.0, 29.0, 29.0, 29.0, 29.0, 29.0, 29.0, 29.0, 29.0, 29.0, 29.0, 29.0, 29.0, 29.0, 29.0, 29.0, 29.0, 29.0, 29.0, 29.0, 29.0, 29.0, 29.0, 29.0, 29.0, 29.0, 29.0, 29.0, 29.0, 29.0, 29.0, 29.0, 29.0, 29.0, 29.0, 29.0, 29.0, 29.0, 29.0, 29.0, 29.0, 29.0, 29.0, 29.0, 29.0, 29.0, 29.0, 29.0, 29.0, 29.0, 29.0, 29.0, 29.0, 29.0, 29.0, 29.0, 29.0, 29.0, 29.0, 29.0, 29.0, 29.0, 29.0, 29.0, 29.0, 29.0, 29.0, 29.0, 29.0, 29.0, 29.0, 29.0, 29.0, 29.0, 29.0, 29.0, 29.0, 29.0, 29.0, 29.0, 29.0, 29.0, 29.0, 29.0, 29.0, 29.0, 29.0, 29.0, 29.0, 29.0, 29.0, 29.0, 29.0, 29.0, 29.0, 29.0, 29.0, 29.0, 29.0, 29.0, 29.0, 29.0, 29.0, 29.0, 29.0, 29.0, 29.0, 29.0, 29.0, 29.0, 29.0, 29.0, 29.0, 29.0, 29.0, 29.0, 29.0, 29.0, 29.0, 29.0, 29.0, 29.0, 29.0, 29.0, 29.0, 29.0, 29.0, 29.0, 29.0, 29.0, 29.0, 29.0, 29.0, 29.0, 29.0, 29.0, 29.0, 29.0, 29.0, 29.0, 29.0, 29.0, 29.0, 29.0, 29.0, 29.0, 29.0, 29.0, 29.0, 29.0, 29.0, 29.0, 29.0, 29.0, 29.0, 29.0, 29.0, 29.0, 29.0]",COMPLETE
