,number,value,datetime_start,datetime_complete,duration,params_batch_size_scaler,params_constant_learning_rate,params_depth,params_epochs,params_kernel_l2,params_num_trees,params_temperature,user_attrs_accuracy_test,user_attrs_accuracy_valid,user_attrs_approximate_feature_sparsity,user_attrs_approximate_feature_sparsity_history,user_attrs_approximate_weight_sparsity,user_attrs_approximate_weight_sparsity_history,user_attrs_auc_test,user_attrs_auc_valid,user_attrs_feature_sparsity,user_attrs_feature_sparsity_history,user_attrs_num_epochs,user_attrs_val_loss_history,user_attrs_weight_sparsity,user_attrs_weight_sparsity_history,state
90,90,0.928829977715088,2024-08-31 05:28:22.250240,2024-08-31 05:32:08.054815,0 days 00:03:45.804575,1,0.03128244774746117,4,295,0.5070934261339689,24,0.01121267585122953,0.94,0.9475,19,"[33, 33, 33, 33, 33, 33, 33, 33, 33, 33, 33, 33, 33, 33, 33, 33, 33, 33, 33, 33, 33, 33, 33, 33, 33, 33, 33, 33, 33, 33, 33, 33, 33, 33, 33, 33, 33, 33, 33, 33, 33, 33, 33, 33, 33, 33, 33, 33, 33, 33, 33, 33, 33, 33, 33, 33, 33, 33, 33, 33, 32, 32, 31, 31, 31, 30, 28, 26, 25, 24, 23, 23, 23, 23, 23, 23, 23, 23, 23, 23, 23, 23, 23, 23, 23, 23, 23, 23, 23, 23, 23, 22, 22, 22, 22, 22, 22, 21, 21, 21, 21, 21, 21, 21, 21, 21, 21, 20, 20, 20, 20, 19, 19, 19, 19, 19, 19, 19, 19, 19, 19, 19, 19, 19, 19, 19, 19, 19, 19, 19, 19, 19, 19, 19, 19, 19, 19, 19, 19, 19, 19, 19, 19, 19, 19, 19, 19, 19, 19, 19, 19, 19, 19, 19, 19, 19, 19, 19, 19, 19, 19, 19, 19, 19, 19, 19, 19, 19, 19, 19, 19, 19, 19, 19, 19, 19, 19, 19, 19, 19, 19, 19, 19, 19, 19, 19, 19, 19, 19, 19, 19, 19, 19, 19, 19, 19, 19, 19, 19, 19, 19, 19, 19, 19, 19, 19, 19, 19, 19, 19, 19, 19, 19, 19, 19, 19, 19, 19, 19, 19, 19, 19, 19, 19, 19, 19, 19, 19, 19, 19, 19, 19, 19, 19, 19, 19, 19, 19, 19, 19, 19, 19, 19, 19, 19, 19, 19, 19, 19, 19, 19, 19, 19, 19, 19, 19, 19, 19, 19, 19, 19, 19, 19, 19, 19, 19, 19, 19, 19, 19, 19, 19, 19, 19, 19, 19, 19, 19, 19, 19, 19, 19, 19, 19, 19, 19, 19, 19, 19, 19, 19, 19, 19, 19, 19]",18.694444444444443,"[32.96666666666667, 32.96944444444445, 32.96666666666667, 32.96666666666667, 32.977777777777774, 32.96944444444444, 32.96666666666667, 32.96388888888889, 32.977777777777774, 32.980555555555554, 32.975, 32.955555555555556, 32.96388888888889, 32.96666666666667, 32.96388888888889, 32.95, 32.97222222222222, 32.96111111111111, 32.96666666666666, 32.96666666666667, 32.949999999999996, 32.958333333333336, 32.96944444444445, 32.94722222222222, 32.94722222222222, 32.975, 32.94722222222222, 32.94166666666666, 32.949999999999996, 32.955555555555556, 32.94722222222222, 32.94722222222222, 32.94444444444444, 32.93055555555556, 32.94444444444444, 32.94166666666666, 32.93888888888889, 32.93333333333334, 32.94166666666666, 32.955555555555556, 32.955555555555556, 32.94166666666667, 32.94444444444444, 32.93611111111112, 32.92777777777778, 32.94444444444444, 32.95277777777778, 32.94444444444444, 32.93888888888889, 32.93333333333334, 32.95, 32.93055555555556, 32.925, 32.93611111111111, 32.955555555555556, 32.93055555555556, 32.94166666666666, 32.93888888888889, 32.93333333333334, 32.94444444444444, 31.95, 31.950000000000003, 30.941666666666663, 30.919444444444444, 30.93888888888889, 29.925, 27.947222222222223, 25.947222222222223, 24.95277777777778, 23.93888888888889, 22.925, 22.933333333333334, 22.950000000000003, 22.958333333333332, 22.958333333333336, 22.95, 22.958333333333336, 22.969444444444445, 22.952777777777776, 22.93888888888889, 22.933333333333334, 22.944444444444446, 22.941666666666666, 22.947222222222226, 22.95, 22.952777777777776, 22.958333333333336, 22.91388888888889, 22.92777777777778, 22.916666666666664, 22.944444444444446, 21.936111111111114, 21.93611111111111, 21.930555555555557, 21.941666666666666, 21.933333333333334, 21.91111111111111, 20.93611111111111, 20.930555555555557, 20.916666666666668, 20.93333333333333, 20.93888888888889, 20.947222222222223, 20.944444444444443, 20.93333333333333, 20.908333333333335, 20.930555555555554, 19.916666666666668, 19.922222222222224, 19.930555555555557, 19.930555555555557, 18.933333333333334, 18.944444444444443, 18.947222222222223, 18.930555555555557, 18.916666666666668, 18.936111111111114, 18.93611111111111, 18.93888888888889, 18.92222222222222, 18.919444444444448, 18.930555555555557, 18.933333333333334, 18.941666666666666, 18.936111111111114, 18.92222222222222, 18.930555555555554, 18.922222222222224, 18.922222222222224, 18.919444444444444, 18.919444444444448, 18.919444444444444, 18.925, 18.93611111111111, 18.93611111111111, 18.930555555555557, 18.925, 18.933333333333334, 18.93888888888889, 18.919444444444444, 18.925, 18.922222222222224, 18.925, 18.913888888888888, 18.90555555555556, 18.87777777777778, 18.87777777777778, 18.91111111111111, 18.9, 18.87777777777778, 18.89166666666667, 18.88611111111111, 18.897222222222222, 18.9, 18.894444444444442, 18.897222222222222, 18.9, 18.908333333333335, 18.908333333333335, 18.897222222222222, 18.90277777777778, 18.902777777777775, 18.87777777777778, 18.875, 18.883333333333333, 18.886111111111113, 18.866666666666667, 18.86666666666667, 18.84444444444445, 18.852777777777778, 18.844444444444445, 18.85833333333333, 18.849999999999998, 18.849999999999998, 18.866666666666667, 18.86111111111111, 18.852777777777778, 18.819444444444446, 18.85, 18.833333333333332, 18.836111111111112, 18.83888888888889, 18.858333333333334, 18.84722222222222, 18.85, 18.827777777777776, 18.816666666666663, 18.833333333333332, 18.825, 18.830555555555556, 18.847222222222225, 18.80277777777778, 18.80277777777778, 18.81388888888889, 18.81666666666667, 18.81666666666667, 18.816666666666666, 18.808333333333334, 18.841666666666665, 18.805555555555554, 18.794444444444444, 18.772222222222226, 18.808333333333334, 18.794444444444444, 18.769444444444446, 18.78888888888889, 18.769444444444446, 18.791666666666664, 18.81388888888889, 18.808333333333334, 18.797222222222224, 18.8, 18.786111111111115, 18.81388888888889, 18.79722222222222, 18.78888888888889, 18.79722222222222, 18.791666666666668, 18.799999999999997, 18.816666666666663, 18.799999999999997, 18.825, 18.794444444444444, 18.772222222222222, 18.808333333333334, 18.81666666666667, 18.8, 18.802777777777777, 18.78888888888889, 18.799999999999997, 18.78888888888889, 18.780555555555555, 18.791666666666668, 18.791666666666668, 18.797222222222224, 18.81388888888889, 18.81388888888889, 18.808333333333334, 18.8, 18.80555555555556, 18.805555555555554, 18.808333333333334, 18.81111111111111, 18.8, 18.8, 18.805555555555554, 18.805555555555554, 18.816666666666666, 18.797222222222224, 18.81111111111111, 18.783333333333335, 18.780555555555555, 18.788888888888888, 18.788888888888888, 18.772222222222226, 18.76666666666667, 18.772222222222222, 18.76388888888889, 18.775000000000002, 18.772222222222222, 18.76388888888889, 18.755555555555556, 18.755555555555556, 18.769444444444446, 18.769444444444446, 18.741666666666667, 18.76388888888889, 18.775, 18.755555555555556, 18.761111111111113, 18.766666666666666, 18.744444444444444, 18.71388888888889, 18.73611111111111, 18.744444444444447, 18.711111111111112, 18.733333333333334, 18.708333333333336, 18.711111111111112, 18.70555555555556, 18.697222222222226, 18.683333333333334, 18.669444444444444, 18.650000000000002, 18.688888888888886, 18.694444444444443, 18.691666666666666, 18.67222222222222, 18.680555555555554, 18.702777777777776, 18.675, 18.677777777777777, 18.683333333333334, 18.683333333333337, 18.694444444444443]",0.9122020492243166,0.928829977715088,19,"[33, 33, 33, 33, 33, 33, 33, 33, 33, 33, 33, 33, 33, 33, 33, 33, 33, 33, 33, 33, 33, 33, 33, 33, 33, 33, 33, 33, 33, 33, 33, 33, 33, 33, 33, 33, 33, 33, 33, 33, 33, 33, 33, 33, 33, 33, 33, 33, 33, 33, 33, 33, 33, 33, 33, 33, 33, 33, 33, 33, 32, 32, 31, 31, 31, 30, 28, 26, 25, 24, 23, 23, 23, 23, 23, 23, 23, 23, 23, 23, 23, 23, 23, 23, 23, 23, 23, 23, 23, 23, 23, 22, 22, 22, 22, 22, 22, 21, 21, 21, 21, 21, 21, 21, 21, 21, 21, 20, 20, 20, 20, 19, 19, 19, 19, 19, 19, 19, 19, 19, 19, 19, 19, 19, 19, 19, 19, 19, 19, 19, 19, 19, 19, 19, 19, 19, 19, 19, 19, 19, 19, 19, 19, 19, 19, 19, 19, 19, 19, 19, 19, 19, 19, 19, 19, 19, 19, 19, 19, 19, 19, 19, 19, 19, 19, 19, 19, 19, 19, 19, 19, 19, 19, 19, 19, 19, 19, 19, 19, 19, 19, 19, 19, 19, 19, 19, 19, 19, 19, 19, 19, 19, 19, 19, 19, 19, 19, 19, 19, 19, 19, 19, 19, 19, 19, 19, 19, 19, 19, 19, 19, 19, 19, 19, 19, 19, 19, 19, 19, 19, 19, 19, 19, 19, 19, 19, 19, 19, 19, 19, 19, 19, 19, 19, 19, 19, 19, 19, 19, 19, 19, 19, 19, 19, 19, 19, 19, 19, 19, 19, 19, 19, 19, 19, 19, 19, 19, 19, 19, 19, 19, 19, 19, 19, 19, 19, 19, 19, 19, 19, 19, 19, 19, 19, 19, 19, 19, 19, 19, 19, 19, 19, 19, 19, 19, 19, 19, 19, 19, 19, 19, 19, 19, 19, 19]",295,"[0.47462913393974304, 0.4638402462005615, 0.4560127556324005, 0.44914817810058594, 0.4433278739452362, 0.43786168098449707, 0.4327402412891388, 0.4278712570667267, 0.42341122031211853, 0.4189319312572479, 0.414846807718277, 0.41044318675994873, 0.40635573863983154, 0.4026361405849457, 0.39857396483421326, 0.3945484459400177, 0.3905399441719055, 0.38695618510246277, 0.3825051188468933, 0.3785604238510132, 0.374535471200943, 0.37076571583747864, 0.3669339120388031, 0.36334335803985596, 0.3595541715621948, 0.355751633644104, 0.35230064392089844, 0.349112868309021, 0.34522220492362976, 0.3418962061405182, 0.33881503343582153, 0.33583882451057434, 0.33282139897346497, 0.33009424805641174, 0.3275187313556671, 0.3248126208782196, 0.3226402699947357, 0.3202456533908844, 0.3179842233657837, 0.31589844822883606, 0.31391942501068115, 0.3117370307445526, 0.3098289370536804, 0.3079867660999298, 0.3059827983379364, 0.3044866621494293, 0.30267009139060974, 0.3012823462486267, 0.29925331473350525, 0.2981314957141876, 0.29663798213005066, 0.29518309235572815, 0.2937483489513397, 0.29208090901374817, 0.2907464802265167, 0.28979623317718506, 0.28855374455451965, 0.28680285811424255, 0.28630438446998596, 0.2853412330150604, 0.2831389904022217, 0.28296324610710144, 0.2812928855419159, 0.28032776713371277, 0.2791181206703186, 0.27818548679351807, 0.2763504683971405, 0.27543532848358154, 0.2736721932888031, 0.2739297151565552, 0.2719029486179352, 0.2702215909957886, 0.2702985107898712, 0.2691093683242798, 0.2682252824306488, 0.26849642395973206, 0.2677203416824341, 0.2673421800136566, 0.26553863286972046, 0.26498785614967346, 0.2641848027706146, 0.26373255252838135, 0.2629387378692627, 0.2620401382446289, 0.2608162462711334, 0.26074355840682983, 0.2628210783004761, 0.2605210542678833, 0.2598143219947815, 0.2583286166191101, 0.2584347426891327, 0.25784188508987427, 0.25646063685417175, 0.2561274766921997, 0.25506383180618286, 0.2547171115875244, 0.2546311616897583, 0.25323987007141113, 0.2523256242275238, 0.25163429975509644, 0.2513761520385742, 0.25062283873558044, 0.2508097290992737, 0.24936065077781677, 0.2497301995754242, 0.2492762953042984, 0.24907855689525604, 0.2518842816352844, 0.2505195736885071, 0.2503933310508728, 0.2501198351383209, 0.2488258183002472, 0.24931398034095764, 0.24776321649551392, 0.24801433086395264, 0.2480926662683487, 0.24674414098262787, 0.2470376193523407, 0.24629512429237366, 0.2463863492012024, 0.24632315337657928, 0.24599674344062805, 0.2465279996395111, 0.24478410184383392, 0.24516037106513977, 0.2443399280309677, 0.2438041865825653, 0.24352207779884338, 0.24460750818252563, 0.24325504899024963, 0.24387313425540924, 0.242078498005867, 0.24277187883853912, 0.2420462667942047, 0.24207228422164917, 0.24194841086864471, 0.241099551320076, 0.24047592282295227, 0.2405077964067459, 0.24170616269111633, 0.23995639383792877, 0.23908263444900513, 0.23962540924549103, 0.24022702872753143, 0.23897184431552887, 0.23848780989646912, 0.2383309006690979, 0.2378108948469162, 0.23753301799297333, 0.23809728026390076, 0.23644228279590607, 0.23656867444515228, 0.23809055984020233, 0.23637916147708893, 0.23575223982334137, 0.23592936992645264, 0.2357247918844223, 0.23561125993728638, 0.23614129424095154, 0.23568092286586761, 0.23814687132835388, 0.2359137386083603, 0.23515039682388306, 0.23588508367538452, 0.23393326997756958, 0.23417621850967407, 0.23416534066200256, 0.2322809398174286, 0.23245567083358765, 0.23397594690322876, 0.23389317095279694, 0.2327421009540558, 0.2317781001329422, 0.23271280527114868, 0.23351667821407318, 0.2302992194890976, 0.2308652102947235, 0.23025932908058167, 0.23215517401695251, 0.23081699013710022, 0.23186254501342773, 0.2321295142173767, 0.22947780787944794, 0.2312227487564087, 0.2305341362953186, 0.2305501103401184, 0.23293882608413696, 0.23125800490379333, 0.22887550294399261, 0.22905389964580536, 0.2276914268732071, 0.22883325815200806, 0.2306460440158844, 0.22796855866909027, 0.22790218889713287, 0.22847770154476166, 0.22799554467201233, 0.22766898572444916, 0.22960998117923737, 0.22847211360931396, 0.22779850661754608, 0.2291109710931778, 0.22802229225635529, 0.2278355360031128, 0.22735661268234253, 0.2283162921667099, 0.22929136455059052, 0.22504648566246033, 0.22491209208965302, 0.2269269824028015, 0.22819966077804565, 0.22689832746982574, 0.2260204255580902, 0.22812236845493317, 0.22492559254169464, 0.22523751854896545, 0.22391098737716675, 0.2239094227552414, 0.2245589643716812, 0.22669900953769684, 0.22473707795143127, 0.2269197404384613, 0.22377783060073853, 0.2229977399110794, 0.22307386994361877, 0.22261108458042145, 0.2237221896648407, 0.2225681096315384, 0.2239796221256256, 0.22179721295833588, 0.2222692370414734, 0.22253179550170898, 0.22340445220470428, 0.2224675714969635, 0.22210602462291718, 0.22246026992797852, 0.2232063114643097, 0.2233867049217224, 0.22234676778316498, 0.21952056884765625, 0.22040648758411407, 0.22058334946632385, 0.22227449715137482, 0.21931596100330353, 0.22114676237106323, 0.22027473151683807, 0.22203999757766724, 0.22085966169834137, 0.22154425084590912, 0.22128847241401672, 0.22109420597553253, 0.21977081894874573, 0.2223125696182251, 0.21955110132694244, 0.2238762527704239, 0.21855409443378448, 0.2193751335144043, 0.21824823319911957, 0.21884970366954803, 0.2185899317264557, 0.22002467513084412, 0.21736913919448853, 0.21785803139209747, 0.21941107511520386, 0.22061660885810852, 0.21733738481998444, 0.21966738998889923, 0.21745002269744873, 0.2185066193342209, 0.21825118362903595, 0.2175079733133316, 0.21690550446510315, 0.21711868047714233, 0.21939019858837128, 0.21837548911571503, 0.2162756472826004, 0.2158772349357605, 0.21826152503490448, 0.21608802676200867, 0.2157791554927826, 0.21560397744178772, 0.2167523354291916, 0.21580244600772858, 0.21651017665863037, 0.2182006984949112, 0.21606968343257904, 0.21847029030323029, 0.2160906046628952, 0.21518480777740479, 0.2177296131849289, 0.21557465195655823, 0.2159576416015625, 0.2151450663805008, 0.2175668329000473, 0.21286439895629883]",19.0,"[33.0, 33.0, 33.0, 33.0, 33.0, 33.0, 33.0, 33.0, 33.0, 33.0, 33.0, 33.0, 33.0, 33.0, 33.0, 33.0, 33.0, 33.0, 33.0, 33.0, 33.0, 33.0, 33.0, 33.0, 33.0, 33.0, 33.0, 33.0, 33.0, 33.0, 33.0, 33.0, 33.0, 33.0, 33.0, 33.0, 33.0, 33.0, 33.0, 33.0, 33.0, 33.0, 33.0, 33.0, 33.0, 33.0, 33.0, 33.0, 33.0, 33.0, 33.0, 33.0, 33.0, 33.0, 33.0, 33.0, 33.0, 33.0, 33.0, 33.0, 32.0, 32.0, 31.0, 31.0, 31.0, 30.0, 28.0, 26.0, 25.0, 24.0, 23.0, 23.0, 23.0, 23.0, 23.0, 23.0, 23.0, 23.0, 23.0, 23.0, 23.0, 23.0, 23.0, 23.0, 23.0, 23.0, 23.0, 23.0, 23.0, 23.0, 23.0, 22.0, 22.0, 22.0, 22.0, 22.0, 22.0, 21.0, 21.0, 21.0, 21.0, 21.0, 21.0, 21.0, 21.0, 21.0, 21.0, 20.0, 20.0, 20.0, 20.0, 19.0, 19.0, 19.0, 19.0, 19.0, 19.0, 19.0, 19.0, 19.0, 19.0, 19.0, 19.0, 19.0, 19.0, 19.0, 19.0, 19.0, 19.0, 19.0, 19.0, 19.0, 19.0, 19.0, 19.0, 19.0, 19.0, 19.0, 19.0, 19.0, 19.0, 19.0, 19.0, 19.0, 19.0, 19.0, 19.0, 19.0, 19.0, 19.0, 19.0, 19.0, 19.0, 19.0, 19.0, 19.0, 19.0, 19.0, 19.0, 19.0, 19.0, 19.0, 19.0, 19.0, 19.0, 19.0, 19.0, 19.0, 19.0, 19.0, 19.0, 19.0, 19.0, 19.0, 19.0, 19.0, 19.0, 19.0, 19.0, 19.0, 19.0, 19.0, 19.0, 19.0, 19.0, 19.0, 19.0, 19.0, 19.0, 19.0, 19.0, 19.0, 19.0, 19.0, 19.0, 19.0, 19.0, 19.0, 19.0, 19.0, 19.0, 19.0, 19.0, 19.0, 19.0, 19.0, 19.0, 19.0, 19.0, 19.0, 19.0, 19.0, 19.0, 19.0, 19.0, 19.0, 19.0, 19.0, 19.0, 19.0, 19.0, 19.0, 19.0, 19.0, 19.0, 19.0, 19.0, 19.0, 19.0, 19.0, 19.0, 19.0, 19.0, 19.0, 19.0, 19.0, 19.0, 19.0, 19.0, 19.0, 19.0, 19.0, 19.0, 19.0, 19.0, 19.0, 19.0, 19.0, 19.0, 19.0, 19.0, 19.0, 19.0, 19.0, 19.0, 19.0, 19.0, 19.0, 19.0, 19.0, 19.0, 19.0, 19.0, 19.0, 19.0, 19.0, 19.0, 19.0, 19.0, 19.0, 19.0, 19.0, 19.0, 19.0, 19.0, 19.0, 19.0, 19.0, 19.0, 19.0, 19.0, 19.0, 19.0, 19.0, 19.0, 19.0, 19.0, 19.0, 19.0, 19.0, 19.0, 19.0, 19.0, 19.0, 19.0]",COMPLETE
