,number,value,datetime_start,datetime_complete,duration,params_batch_size_scaler,params_constant_learning_rate,params_depth,params_epochs,params_kernel_l2,params_num_trees,params_temperature,user_attrs_accuracy_test,user_attrs_accuracy_valid,user_attrs_approximate_feature_sparsity,user_attrs_approximate_feature_sparsity_history,user_attrs_approximate_weight_sparsity,user_attrs_approximate_weight_sparsity_history,user_attrs_auc_test,user_attrs_auc_valid,user_attrs_feature_sparsity,user_attrs_feature_sparsity_history,user_attrs_num_epochs,user_attrs_val_loss_history,user_attrs_weight_sparsity,user_attrs_weight_sparsity_history,state
70,70,0.8632440648709923,2024-08-31 03:36:12.382076,2024-08-31 03:36:22.630816,0 days 00:00:10.248740,16,4.2134441046575715,1,100,0.015341571130993725,33,0.0009333513332591316,0.859,0.85875,7,"[33, 33, 30, 29, 28, 25, 25, 24, 23, 23, 23, 23, 21, 20, 20, 20, 20, 20, 20, 18, 17, 17, 17, 17, 17, 17, 17, 15, 15, 15, 14, 9, 9, 9, 10, 9, 9, 10, 10, 9, 10, 10, 10, 10, 10, 10, 10, 10, 10, 10, 9, 9, 9, 9, 9, 9, 9, 9, 9, 9, 9, 9, 9, 9, 8, 8, 8, 8, 8, 8, 8, 7, 7, 7, 7, 8, 8, 8, 7, 9, 9, 9, 8, 7, 8, 8, 8, 8, 8, 7, 7, 8, 7, 7, 8, 7, 7, 7, 7, 7]",7.0,"[33.0, 33.0, 30.0, 29.0, 27.96969696969697, 24.96969696969697, 25.0, 24.0, 23.0, 22.96969696969697, 23.0, 22.96969696969697, 21.0, 20.0, 20.0, 20.0, 20.0, 20.0, 20.0, 18.0, 17.0, 17.0, 17.0, 17.0, 17.0, 17.0, 17.0, 15.0, 15.0, 15.0, 14.0, 9.0, 9.0, 9.0, 10.0, 9.0, 9.0, 10.0, 10.0, 9.0, 10.0, 10.0, 9.969696969696969, 10.0, 10.0, 10.0, 10.0, 10.0, 10.0, 10.0, 9.0, 9.0, 8.969696969696969, 9.0, 9.0, 9.0, 9.0, 9.0, 9.0, 9.0, 9.0, 9.0, 9.0, 9.0, 8.0, 8.0, 8.0, 8.0, 8.0, 8.0, 8.0, 7.0, 7.0, 7.0, 7.0, 8.0, 8.0, 8.0, 7.0, 9.0, 9.0, 9.0, 8.0, 7.0, 8.0, 8.0, 8.0, 8.0, 8.0, 7.0, 7.0, 8.0, 7.0, 7.0, 8.0, 7.0, 6.96969696969697, 6.96969696969697, 6.96969696969697, 7.0]",0.8551259505114803,0.8632440648709923,7,"[33, 33, 30, 29, 28, 25, 25, 24, 23, 23, 23, 23, 21, 20, 20, 20, 20, 20, 20, 18, 17, 17, 17, 17, 17, 17, 17, 15, 15, 15, 14, 9, 9, 9, 10, 9, 9, 10, 10, 9, 10, 10, 10, 10, 10, 10, 10, 10, 10, 10, 9, 9, 9, 9, 9, 9, 9, 9, 9, 9, 9, 9, 9, 9, 8, 8, 8, 8, 8, 8, 8, 7, 7, 7, 7, 8, 8, 8, 7, 9, 9, 9, 8, 7, 8, 8, 8, 8, 8, 7, 7, 8, 7, 7, 8, 7, 7, 7, 7, 7]",100,"[10.910026550292969, 7.7742600440979, 7.831757068634033, 16.027868270874023, 3.470287799835205, 1.1877819299697876, 1.4104504585266113, 5.8066534996032715, 8.34664535522461, 4.463957786560059, 2.6404764652252197, 3.2106213569641113, 1.3740304708480835, 1.0969420671463013, 4.634397983551025, 4.276854991912842, 7.608147621154785, 2.3679451942443848, 1.759446144104004, 0.775928258895874, 13.718801498413086, 3.4551007747650146, 4.64246129989624, 1.4677014350891113, 1.2085978984832764, 3.617241621017456, 1.6893272399902344, 3.7411370277404785, 0.6557184457778931, 1.1279668807983398, 4.836378574371338, 2.6372270584106445, 1.3758052587509155, 1.467746376991272, 2.315685272216797, 2.0588977336883545, 5.9375386238098145, 7.084059238433838, 7.403965950012207, 10.99843978881836, 2.131951332092285, 6.5215301513671875, 2.608351469039917, 5.340773105621338, 2.1896448135375977, 1.837945818901062, 1.3221557140350342, 18.632957458496094, 6.3839545249938965, 2.870213508605957, 2.416713237762451, 5.2551422119140625, 1.0450453758239746, 2.1717145442962646, 3.8596503734588623, 1.7288357019424438, 1.4995169639587402, 5.261479377746582, 4.0030670166015625, 1.0716900825500488, 1.934582233428955, 1.61506986618042, 1.5025818347930908, 1.2729390859603882, 8.72449779510498, 3.2029905319213867, 0.9510859847068787, 3.9259417057037354, 1.8507075309753418, 2.4026682376861572, 0.9832013845443726, 2.333059310913086, 2.0429892539978027, 7.630896091461182, 1.663563847541809, 12.708915710449219, 11.556736946105957, 4.788385391235352, 2.957068681716919, 2.5780069828033447, 9.617569923400879, 3.5622129440307617, 2.8485913276672363, 1.6227184534072876, 2.1967849731445312, 2.0852432250976562, 2.390960454940796, 3.774345636367798, 1.4494709968566895, 3.0523102283477783, 2.4307498931884766, 4.330327033996582, 3.1492931842803955, 3.875004291534424, 15.351222038269043, 7.443690776824951, 2.567427396774292, 0.970903217792511, 10.107518196105957, 2.1585607528686523]",7.0,"[33.0, 33.0, 30.0, 29.0, 28.0, 25.0, 25.0, 24.0, 23.0, 23.0, 23.0, 23.0, 21.0, 20.0, 20.0, 20.0, 20.0, 20.0, 20.0, 18.0, 17.0, 17.0, 17.0, 17.0, 17.0, 17.0, 17.0, 15.0, 15.0, 15.0, 14.0, 9.0, 9.0, 9.0, 10.0, 9.0, 9.0, 10.0, 10.0, 9.0, 10.0, 10.0, 10.0, 10.0, 10.0, 10.0, 10.0, 10.0, 10.0, 10.0, 9.0, 9.0, 9.0, 9.0, 9.0, 9.0, 9.0, 9.0, 9.0, 9.0, 9.0, 9.0, 9.0, 9.0, 8.0, 8.0, 8.0, 8.0, 8.0, 8.0, 8.0, 7.0, 7.0, 7.0, 7.0, 8.0, 8.0, 8.0, 7.0, 9.0, 9.0, 9.0, 8.0, 7.0, 8.0, 8.0, 8.0, 8.0, 8.0, 7.0, 7.0, 8.0, 7.0, 7.0, 8.0, 7.0, 7.0, 7.0, 7.0, 7.0]",COMPLETE
71,71,0.9154590305419227,2024-08-31 03:36:24.068743,2024-08-31 03:40:02.317277,0 days 00:03:38.248534,4,0.05677243949104973,5,300,0.13353843027261897,56,0.025709394719446655,0.917,0.91375,33,"[33, 33, 33, 33, 33, 33, 33, 33, 33, 33, 33, 33, 33, 33, 33, 33, 33, 33, 33, 33, 33, 33, 33, 33, 33, 33, 33, 33, 33, 33, 33, 33, 33, 33, 33, 33, 33, 33, 33, 33, 33, 33, 33, 33, 33, 33, 33, 33, 33, 33, 33, 33, 33, 33, 33, 33, 33, 33, 33, 33, 33, 33, 33, 33, 33, 33, 33, 33, 33, 33, 33, 33, 33, 33, 33, 33, 33, 33, 33, 33, 33, 33, 33, 33, 33, 33, 33, 33, 33, 33, 33, 33, 33, 33, 33, 33, 33, 33, 33, 33, 33, 33, 33, 33, 33, 33, 33, 33, 33, 33, 33, 33, 33, 33, 33, 33, 33, 33, 33, 33, 33, 33, 33, 33, 33, 33, 33, 33, 33, 33, 33, 33, 33, 33, 33, 33, 33, 33, 33, 33, 33, 33, 33, 33, 33, 33, 33, 33, 33, 33, 33, 33, 33, 33, 33, 33, 33, 33, 33, 33, 33, 33, 33, 33, 33, 33, 33, 33, 33, 33, 33, 33, 33, 33, 33, 33, 33, 33, 33, 33, 33, 33, 33, 33, 33, 33, 33, 33, 33, 33, 33, 33, 33, 33, 33, 33, 33, 33, 33, 33, 33, 33, 33, 33, 33, 33, 33, 33, 33, 33, 33, 33, 33, 33, 33, 33, 33, 33, 33, 33, 33, 33, 33, 33, 33, 33, 33, 33, 33, 33, 33, 33, 33, 33, 33, 33, 33, 33, 33, 33, 33, 33, 33, 33, 33, 33, 33, 33, 33, 33, 33, 33, 33, 33, 33, 33, 33, 33, 33, 33, 33, 33, 33, 33, 33, 33, 33, 33, 33, 33, 33, 33, 33, 33, 33, 33, 33, 33, 33, 33, 33, 33, 33, 33, 33, 33, 33, 33, 33, 33, 33, 33, 33, 33, 33, 33, 33, 33, 33, 33]",32.94412442396313,"[32.94585253456221, 32.93260368663594, 32.933179723502306, 32.93721198156682, 32.93778801843318, 32.94009216589862, 32.94412442396313, 32.93721198156682, 32.94066820276498, 32.93721198156682, 32.931451612903224, 32.94412442396313, 32.94930875576037, 32.94585253456221, 32.94815668202765, 32.94758064516129, 32.941820276497694, 32.94930875576037, 32.94873271889401, 32.94700460829493, 32.94873271889401, 32.94239631336406, 32.943548387096776, 32.94642857142857, 32.95161290322581, 32.94700460829493, 32.944700460829495, 32.94412442396313, 32.94009216589862, 32.94930875576037, 32.95046082949309, 32.94124423963134, 32.94642857142857, 32.94642857142857, 32.94815668202765, 32.95794930875576, 32.94930875576037, 32.94585253456221, 32.94297235023041, 32.94930875576037, 32.94930875576037, 32.94585253456221, 32.95276497695853, 32.95218894009217, 32.94873271889401, 32.94642857142857, 32.943548387096776, 32.95046082949309, 32.95449308755761, 32.94297235023042, 32.94527649769586, 32.947580645161295, 32.94642857142857, 32.94066820276498, 32.94700460829493, 32.95218894009217, 32.95449308755761, 32.951036866359445, 32.95218894009217, 32.94988479262673, 32.947580645161295, 32.943548387096776, 32.94527649769586, 32.953917050691246, 32.95046082949309, 32.95161290322581, 32.94930875576037, 32.94412442396313, 32.94585253456221, 32.94930875576037, 32.94585253456221, 32.94585253456221, 32.94527649769586, 32.94297235023041, 32.9389400921659, 32.94124423963134, 32.941820276497694, 32.941820276497694, 32.94066820276498, 32.94297235023042, 32.94124423963134, 32.94412442396313, 32.94527649769586, 32.94988479262673, 32.94930875576037, 32.94585253456221, 32.94873271889401, 32.94297235023042, 32.938364055299544, 32.93721198156682, 32.94066820276498, 32.940668202764975, 32.93663594470046, 32.933179723502306, 32.935483870967744, 32.93663594470046, 32.93260368663594, 32.940668202764975, 32.93605990783411, 32.939516129032256, 32.941820276497694, 32.943548387096776, 32.94412442396313, 32.94700460829493, 32.95046082949309, 32.94412442396313, 32.94527649769586, 32.944700460829495, 32.94297235023042, 32.944700460829495, 32.94527649769586, 32.94297235023042, 32.939516129032256, 32.93490783410138, 32.93663594470046, 32.9389400921659, 32.93605990783411, 32.934331797235025, 32.939516129032256, 32.9360599078341, 32.94124423963134, 32.94297235023041, 32.940668202764975, 32.93087557603687, 32.933179723502306, 32.93721198156682, 32.94066820276498, 32.93663594470046, 32.93202764976959, 32.93490783410138, 32.93721198156682, 32.94412442396313, 32.94009216589862, 32.94297235023042, 32.94815668202765, 32.94815668202765, 32.94700460829493, 32.94585253456221, 32.94124423963134, 32.94124423963134, 32.94585253456221, 32.944700460829495, 32.94873271889401, 32.953917050691246, 32.95622119815668, 32.95334101382488, 32.94930875576037, 32.944700460829495, 32.94124423963134, 32.93605990783411, 32.93721198156682, 32.93721198156682, 32.939516129032256, 32.94066820276498, 32.938364055299544, 32.934331797235025, 32.93605990783411, 32.94124423963134, 32.94124423963134, 32.941820276497694, 32.93663594470046, 32.93605990783411, 32.93490783410138, 32.93778801843318, 32.94297235023042, 32.94412442396313, 32.94527649769586, 32.9389400921659, 32.93490783410138, 32.941820276497694, 32.94412442396313, 32.94066820276498, 32.939516129032256, 32.938364055299544, 32.94124423963134, 32.93605990783411, 32.934331797235025, 32.93721198156682, 32.94066820276498, 32.941820276497694, 32.93663594470046, 32.93663594470046, 32.941820276497694, 32.93663594470046, 32.93778801843318, 32.94009216589862, 32.941820276497694, 32.941820276497694, 32.944700460829495, 32.94297235023042, 32.941820276497694, 32.94527649769586, 32.943548387096776, 32.94297235023042, 32.94873271889401, 32.95161290322581, 32.95334101382488, 32.95334101382488, 32.95161290322581, 32.95334101382488, 32.955069124423964, 32.95564516129032, 32.955069124423964, 32.95622119815668, 32.94873271889401, 32.947580645161295, 32.94642857142857, 32.94297235023042, 32.94930875576037, 32.94700460829493, 32.94815668202765, 32.95161290322581, 32.947580645161295, 32.94988479262673, 32.95161290322581, 32.94527649769585, 32.944700460829495, 32.943548387096776, 32.944700460829495, 32.94297235023042, 32.93778801843318, 32.94124423963134, 32.94297235023042, 32.938364055299544, 32.93663594470046, 32.939516129032256, 32.943548387096776, 32.94239631336406, 32.947580645161295, 32.947580645161295, 32.94873271889401, 32.94873271889401, 32.943548387096776, 32.93721198156682, 32.93836405529954, 32.94124423963134, 32.944700460829495, 32.94527649769585, 32.93836405529954, 32.939516129032256, 32.941820276497694, 32.9389400921659, 32.94239631336406, 32.941820276497694, 32.93778801843318, 32.9360599078341, 32.94009216589862, 32.93663594470046, 32.9389400921659, 32.933179723502306, 32.93663594470046, 32.939516129032256, 32.93721198156682, 32.9389400921659, 32.935483870967744, 32.935483870967744, 32.93605990783411, 32.93663594470046, 32.93605990783411, 32.94239631336406, 32.94412442396313, 32.941820276497694, 32.94066820276498, 32.9389400921659, 32.940668202764975, 32.9389400921659, 32.94297235023042, 32.94585253456221, 32.94412442396313, 32.940668202764975, 32.939516129032256, 32.94124423963134, 32.94642857142857, 32.944700460829495, 32.94815668202765, 32.94585253456221, 32.941820276497694, 32.94124423963134, 32.939516129032256, 32.941820276497694, 32.94297235023041, 32.94585253456221, 32.944700460829495, 32.94642857142857, 32.94758064516129, 32.944700460829495, 32.941820276497694, 32.94009216589862, 32.94527649769586, 32.94297235023042, 32.94239631336406, 32.941820276497694, 32.947580645161295, 32.94873271889401, 32.94700460829493, 32.94988479262673, 32.94815668202765, 32.944700460829495, 32.94700460829493, 32.94412442396313]",0.8969195584507799,0.9154590305419227,33,"[33, 33, 33, 33, 33, 33, 33, 33, 33, 33, 33, 33, 33, 33, 33, 33, 33, 33, 33, 33, 33, 33, 33, 33, 33, 33, 33, 33, 33, 33, 33, 33, 33, 33, 33, 33, 33, 33, 33, 33, 33, 33, 33, 33, 33, 33, 33, 33, 33, 33, 33, 33, 33, 33, 33, 33, 33, 33, 33, 33, 33, 33, 33, 33, 33, 33, 33, 33, 33, 33, 33, 33, 33, 33, 33, 33, 33, 33, 33, 33, 33, 33, 33, 33, 33, 33, 33, 33, 33, 33, 33, 33, 33, 33, 33, 33, 33, 33, 33, 33, 33, 33, 33, 33, 33, 33, 33, 33, 33, 33, 33, 33, 33, 33, 33, 33, 33, 33, 33, 33, 33, 33, 33, 33, 33, 33, 33, 33, 33, 33, 33, 33, 33, 33, 33, 33, 33, 33, 33, 33, 33, 33, 33, 33, 33, 33, 33, 33, 33, 33, 33, 33, 33, 33, 33, 33, 33, 33, 33, 33, 33, 33, 33, 33, 33, 33, 33, 33, 33, 33, 33, 33, 33, 33, 33, 33, 33, 33, 33, 33, 33, 33, 33, 33, 33, 33, 33, 33, 33, 33, 33, 33, 33, 33, 33, 33, 33, 33, 33, 33, 33, 33, 33, 33, 33, 33, 33, 33, 33, 33, 33, 33, 33, 33, 33, 33, 33, 33, 33, 33, 33, 33, 33, 33, 33, 33, 33, 33, 33, 33, 33, 33, 33, 33, 33, 33, 33, 33, 33, 33, 33, 33, 33, 33, 33, 33, 33, 33, 33, 33, 33, 33, 33, 33, 33, 33, 33, 33, 33, 33, 33, 33, 33, 33, 33, 33, 33, 33, 33, 33, 33, 33, 33, 33, 33, 33, 33, 33, 33, 33, 33, 33, 33, 33, 33, 33, 33, 33, 33, 33, 33, 33, 33, 33, 33, 33, 33, 33, 33, 33]",300,"[0.4106101095676422, 0.39924848079681396, 0.39458659291267395, 0.39097100496292114, 0.3879980742931366, 0.3855292797088623, 0.38326647877693176, 0.3813559412956238, 0.37967488169670105, 0.37823542952537537, 0.37681710720062256, 0.375606894493103, 0.3744884133338928, 0.3735704720020294, 0.3724857270717621, 0.3716338872909546, 0.3708901107311249, 0.3700297474861145, 0.3691902458667755, 0.3684121072292328, 0.3677537441253662, 0.3670230805873871, 0.3662930428981781, 0.3656999468803406, 0.36494484543800354, 0.3643375635147095, 0.36369869112968445, 0.36299240589141846, 0.3622974455356598, 0.3617563545703888, 0.361077219247818, 0.36037930846214294, 0.3598324656486511, 0.3592390716075897, 0.35857564210891724, 0.3578229248523712, 0.35729771852493286, 0.3568136990070343, 0.3560294806957245, 0.3554363250732422, 0.35472989082336426, 0.3541651964187622, 0.3536209464073181, 0.3530411422252655, 0.3524058163166046, 0.3517715334892273, 0.35106682777404785, 0.35055238008499146, 0.34987351298332214, 0.3492250144481659, 0.34873077273368835, 0.34815314412117004, 0.3474746346473694, 0.3469342887401581, 0.34625792503356934, 0.3455848693847656, 0.3450101912021637, 0.34437721967697144, 0.3438626527786255, 0.34325289726257324, 0.34250250458717346, 0.34190085530281067, 0.34131360054016113, 0.3406924903392792, 0.340079128742218, 0.3393653929233551, 0.3387607932090759, 0.3382592499256134, 0.33761975169181824, 0.3369540870189667, 0.33623379468917847, 0.3356647193431854, 0.3349250555038452, 0.334224671125412, 0.3337167799472809, 0.3329837918281555, 0.33235275745391846, 0.3316076397895813, 0.3309568762779236, 0.3302846848964691, 0.3295580744743347, 0.32898765802383423, 0.32820576429367065, 0.32752418518066406, 0.3267664611339569, 0.3260068893432617, 0.3253093957901001, 0.32457008957862854, 0.3238009512424469, 0.323078453540802, 0.32232901453971863, 0.3216205835342407, 0.3210010230541229, 0.3201804459095001, 0.3193618953227997, 0.3185094892978668, 0.3177146017551422, 0.3169495761394501, 0.3160978853702545, 0.31531384587287903, 0.31462597846984863, 0.31370308995246887, 0.3128599226474762, 0.31201493740081787, 0.31117191910743713, 0.31045642495155334, 0.3095564544200897, 0.30869901180267334, 0.3077419400215149, 0.30682995915412903, 0.30621522665023804, 0.30525174736976624, 0.3043133020401001, 0.3034093379974365, 0.30261412262916565, 0.30164676904678345, 0.30093294382095337, 0.29992884397506714, 0.2992430329322815, 0.29834604263305664, 0.2973993122577667, 0.29656895995140076, 0.2956587076187134, 0.2948521375656128, 0.29394418001174927, 0.29316264390945435, 0.29236865043640137, 0.2914455235004425, 0.2906856834888458, 0.2897765040397644, 0.2890211343765259, 0.2882341146469116, 0.28733810782432556, 0.28662818670272827, 0.28579580783843994, 0.2850418984889984, 0.2843782305717468, 0.28373873233795166, 0.2828519344329834, 0.2822589576244354, 0.2813935875892639, 0.280752956867218, 0.2800804376602173, 0.2793315052986145, 0.2787037193775177, 0.2781106233596802, 0.2774672210216522, 0.27674707770347595, 0.2761561870574951, 0.27551066875457764, 0.2748507857322693, 0.27429625391960144, 0.2737116813659668, 0.27319592237472534, 0.27257683873176575, 0.27202072739601135, 0.27149567008018494, 0.271032452583313, 0.27057912945747375, 0.2699213922023773, 0.26937419176101685, 0.2688870131969452, 0.2683295011520386, 0.2679300606250763, 0.2673968970775604, 0.26705402135849, 0.2664133310317993, 0.2660077214241028, 0.2655523121356964, 0.2650359869003296, 0.2646886706352234, 0.26415684819221497, 0.2637737989425659, 0.26327863335609436, 0.2628817856311798, 0.2623712718486786, 0.26195183396339417, 0.26154643297195435, 0.26127344369888306, 0.26085346937179565, 0.2604251503944397, 0.26011937856674194, 0.2596597671508789, 0.2592696249485016, 0.2589089274406433, 0.25845441222190857, 0.2580825090408325, 0.25779083371162415, 0.25737014412879944, 0.25711363554000854, 0.2566767930984497, 0.25633108615875244, 0.2559633255004883, 0.2557069957256317, 0.255270391702652, 0.2549930512905121, 0.2546931803226471, 0.2543722093105316, 0.2540053129196167, 0.2536652088165283, 0.2533150315284729, 0.25309425592422485, 0.25266146659851074, 0.2522588074207306, 0.251976877450943, 0.2517186105251312, 0.25137025117874146, 0.2511570453643799, 0.2509051561355591, 0.25050607323646545, 0.25013646483421326, 0.24991023540496826, 0.2496407926082611, 0.24921977519989014, 0.24880832433700562, 0.2485303431749344, 0.24821524322032928, 0.24803169071674347, 0.24782979488372803, 0.2475445717573166, 0.24716706573963165, 0.246835857629776, 0.24658411741256714, 0.2461496889591217, 0.24599209427833557, 0.24588878452777863, 0.2453964203596115, 0.24509529769420624, 0.24490831792354584, 0.24465446174144745, 0.24439650774002075, 0.24405471980571747, 0.24378198385238647, 0.2436019480228424, 0.2432924509048462, 0.242955282330513, 0.24289190769195557, 0.24258731305599213, 0.24228253960609436, 0.24188320338726044, 0.24172119796276093, 0.2414572685956955, 0.24124747514724731, 0.24099841713905334, 0.24052351713180542, 0.24033212661743164, 0.24021027982234955, 0.23991107940673828, 0.23961283266544342, 0.23935073614120483, 0.23938272893428802, 0.23899780213832855, 0.23868806660175323, 0.2384011447429657, 0.23809675872325897, 0.23792260885238647, 0.23778490722179413, 0.2374294102191925, 0.23725421726703644, 0.23681646585464478, 0.23664253950119019, 0.23649626970291138, 0.23627181351184845, 0.23599311709403992, 0.2357540726661682, 0.23562215268611908, 0.23539863526821136, 0.2352737933397293, 0.23496362566947937, 0.23465394973754883, 0.23449459671974182, 0.234479159116745, 0.2341153472661972, 0.2336227297782898, 0.2335076928138733, 0.2332076132297516, 0.2330399751663208, 0.23272547125816345, 0.23257482051849365, 0.23250816762447357, 0.23227527737617493, 0.23190954327583313, 0.23166364431381226, 0.23150748014450073, 0.23126661777496338, 0.2310865968465805, 0.23076118528842926, 0.23062026500701904, 0.23044902086257935, 0.23041267693042755, 0.23027485609054565, 0.22982998192310333, 0.22963543236255646, 0.2293877750635147, 0.2294803410768509, 0.22904329001903534, 0.22890013456344604, 0.2285376787185669, 0.22820688784122467, 0.22807857394218445]",33.0,"[33.0, 33.0, 33.0, 33.0, 33.0, 33.0, 33.0, 33.0, 33.0, 33.0, 33.0, 33.0, 33.0, 33.0, 33.0, 33.0, 33.0, 33.0, 33.0, 33.0, 33.0, 33.0, 33.0, 33.0, 33.0, 33.0, 33.0, 33.0, 33.0, 33.0, 33.0, 33.0, 33.0, 33.0, 33.0, 33.0, 33.0, 33.0, 33.0, 33.0, 33.0, 33.0, 33.0, 33.0, 33.0, 33.0, 33.0, 33.0, 33.0, 33.0, 33.0, 33.0, 33.0, 33.0, 33.0, 33.0, 33.0, 33.0, 33.0, 33.0, 33.0, 33.0, 33.0, 33.0, 33.0, 33.0, 33.0, 33.0, 33.0, 33.0, 33.0, 33.0, 33.0, 33.0, 33.0, 33.0, 33.0, 33.0, 33.0, 33.0, 33.0, 33.0, 33.0, 33.0, 33.0, 33.0, 33.0, 33.0, 33.0, 33.0, 33.0, 33.0, 33.0, 33.0, 33.0, 33.0, 33.0, 33.0, 33.0, 33.0, 33.0, 33.0, 33.0, 33.0, 33.0, 33.0, 33.0, 33.0, 33.0, 33.0, 33.0, 33.0, 33.0, 33.0, 33.0, 33.0, 33.0, 33.0, 33.0, 33.0, 33.0, 33.0, 33.0, 33.0, 33.0, 33.0, 33.0, 33.0, 33.0, 33.0, 33.0, 33.0, 33.0, 33.0, 33.0, 33.0, 33.0, 33.0, 33.0, 33.0, 33.0, 33.0, 33.0, 33.0, 33.0, 33.0, 33.0, 33.0, 33.0, 33.0, 33.0, 33.0, 33.0, 33.0, 33.0, 33.0, 33.0, 33.0, 33.0, 33.0, 33.0, 33.0, 33.0, 33.0, 33.0, 33.0, 33.0, 33.0, 33.0, 33.0, 33.0, 33.0, 33.0, 33.0, 33.0, 33.0, 33.0, 33.0, 33.0, 33.0, 33.0, 33.0, 33.0, 33.0, 33.0, 33.0, 33.0, 33.0, 33.0, 33.0, 33.0, 33.0, 33.0, 33.0, 33.0, 33.0, 33.0, 33.0, 33.0, 33.0, 33.0, 33.0, 33.0, 33.0, 33.0, 33.0, 33.0, 33.0, 33.0, 33.0, 33.0, 33.0, 33.0, 33.0, 33.0, 33.0, 33.0, 33.0, 33.0, 33.0, 33.0, 33.0, 33.0, 33.0, 33.0, 33.0, 33.0, 33.0, 33.0, 33.0, 33.0, 33.0, 33.0, 33.0, 33.0, 33.0, 33.0, 33.0, 33.0, 33.0, 33.0, 33.0, 33.0, 33.0, 33.0, 33.0, 33.0, 33.0, 33.0, 33.0, 33.0, 33.0, 33.0, 33.0, 33.0, 33.0, 33.0, 33.0, 33.0, 33.0, 33.0, 33.0, 33.0, 33.0, 33.0, 33.0, 33.0, 33.0, 33.0, 33.0, 33.0, 33.0, 33.0, 33.0, 33.0, 33.0, 33.0, 33.0, 33.0, 33.0, 33.0, 33.0, 33.0, 33.0, 33.0, 33.0, 33.0, 33.0, 33.0, 33.0, 33.0, 33.0, 33.0, 33.0, 33.0, 33.0, 33.0, 33.0, 33.0, 33.0]",COMPLETE
