,number,value,datetime_start,datetime_complete,duration,params_batch_size_scaler,params_constant_learning_rate,params_depth,params_epochs,params_kernel_l2,params_num_trees,params_temperature,user_attrs_accuracy_test,user_attrs_accuracy_valid,user_attrs_approximate_feature_sparsity,user_attrs_approximate_feature_sparsity_history,user_attrs_approximate_weight_sparsity,user_attrs_approximate_weight_sparsity_history,user_attrs_auc_test,user_attrs_auc_valid,user_attrs_feature_sparsity,user_attrs_feature_sparsity_history,user_attrs_num_epochs,user_attrs_val_loss_history,user_attrs_weight_sparsity,user_attrs_weight_sparsity_history,state
77,77,0.5,2024-08-31 04:29:08.408991,2024-08-31 04:36:35.644053,0 days 00:07:27.235062,1,0.5541553157866063,4,285,0.0015963161478343684,74,0.09231570228026018,0.859,0.85875,0,"[0, 0, 0, 0, 0, 0, 0, 0, 0, 0, 0, 0, 0, 0, 0, 0, 0, 0, 0, 0, 0, 0, 0, 0, 0, 0, 0, 0, 0, 0, 0, 0, 0, 0, 0, 0, 0, 0, 0, 0, 0, 0, 0, 0, 0, 0, 0, 0, 0, 0, 0, 0, 0, 0, 0, 0, 0, 0, 0, 0, 0, 0, 0, 0, 0, 0, 0, 0, 0, 0, 0, 0, 0, 0, 0, 0, 0, 0, 0, 0, 0, 0, 0, 0, 0, 0, 0, 0, 0, 0, 0, 0, 0, 0, 0, 0, 0, 0, 0, 0, 0, 0, 0, 0, 0, 0, 0, 0, 0, 0, 0, 0, 0, 0, 0, 0, 0, 0, 0, 0, 0, 0, 0, 0, 0, 0, 0, 0, 0, 0, 0, 0, 0, 0, 0, 0, 0, 0, 0, 0, 0, 0, 0, 0, 0, 0, 0, 0, 0, 0, 0, 0, 0, 0, 0, 0, 0, 0, 0, 0, 0, 0, 0, 0, 0, 0, 0, 0, 0, 0, 0, 0, 0, 0, 0, 0, 0, 0, 0, 0, 0, 0, 0, 0, 0, 0, 0, 0, 0, 0, 0, 0, 0, 0, 0, 0, 0, 0, 0, 0, 0, 0, 0, 0, 0, 0, 0, 0, 0, 0, 0, 0, 0, 0, 0, 0, 0, 0, 0, 0, 0, 0, 0, 0, 0, 0, 0, 0, 0, 0, 0, 0, 0, 0, 0, 0, 0, 0, 0, 0, 0, 0, 0, 0, 0, 0, 0, 0, 0, 0, 0, 0, 0, 0, 0, 0, 0, 0, 0, 0, 0, 0, 0, 0, 0, 0, 0, 0, 0, 0, 0, 0, 0, 0, 0, 0, 0, 0, 0, 0, 0, 0, 0, 0, 0]",0.0,"[0.0, 0.0, 0.0, 0.0, 0.0, 0.0, 0.0, 0.0, 0.0, 0.0, 0.0, 0.0, 0.0, 0.0, 0.0, 0.0, 0.0, 0.0, 0.0, 0.0, 0.0, 0.0, 0.0, 0.0, 0.0, 0.0, 0.0, 0.0, 0.0, 0.0, 0.0, 0.0, 0.0, 0.0, 0.0, 0.0, 0.0, 0.0, 0.0, 0.0, 0.0, 0.0, 0.0, 0.0, 0.0, 0.0, 0.0, 0.0, 0.0, 0.0, 0.0, 0.0, 0.0, 0.0, 0.0, 0.0, 0.0, 0.0, 0.0, 0.0, 0.0, 0.0, 0.0, 0.0, 0.0, 0.0, 0.0, 0.0, 0.0, 0.0, 0.0, 0.0, 0.0, 0.0, 0.0, 0.0, 0.0, 0.0, 0.0, 0.0, 0.0, 0.0, 0.0, 0.0, 0.0, 0.0, 0.0, 0.0, 0.0, 0.0, 0.0, 0.0, 0.0, 0.0, 0.0, 0.0, 0.0, 0.0, 0.0, 0.0, 0.0, 0.0, 0.0, 0.0, 0.0, 0.0, 0.0, 0.0, 0.0, 0.0, 0.0, 0.0, 0.0, 0.0, 0.0, 0.0, 0.0, 0.0, 0.0, 0.0, 0.0, 0.0, 0.0, 0.0, 0.0, 0.0, 0.0, 0.0, 0.0, 0.0, 0.0, 0.0, 0.0, 0.0, 0.0, 0.0, 0.0, 0.0, 0.0, 0.0, 0.0, 0.0, 0.0, 0.0, 0.0, 0.0, 0.0, 0.0, 0.0, 0.0, 0.0, 0.0, 0.0, 0.0, 0.0, 0.0, 0.0, 0.0, 0.0, 0.0, 0.0, 0.0, 0.0, 0.0, 0.0, 0.0, 0.0, 0.0, 0.0, 0.0, 0.0, 0.0, 0.0, 0.0, 0.0, 0.0, 0.0, 0.0, 0.0, 0.0, 0.0, 0.0, 0.0, 0.0, 0.0, 0.0, 0.0, 0.0, 0.0, 0.0, 0.0, 0.0, 0.0, 0.0, 0.0, 0.0, 0.0, 0.0, 0.0, 0.0, 0.0, 0.0, 0.0, 0.0, 0.0, 0.0, 0.0, 0.0, 0.0, 0.0, 0.0, 0.0, 0.0, 0.0, 0.0, 0.0, 0.0, 0.0, 0.0, 0.0, 0.0, 0.0, 0.0, 0.0, 0.0, 0.0, 0.0, 0.0, 0.0, 0.0, 0.0, 0.0, 0.0, 0.0, 0.0, 0.0, 0.0, 0.0, 0.0, 0.0, 0.0, 0.0, 0.0, 0.0, 0.0, 0.0, 0.0, 0.0, 0.0, 0.0, 0.0, 0.0, 0.0, 0.0, 0.0, 0.0, 0.0, 0.0, 0.0, 0.0, 0.0, 0.0, 0.0, 0.0, 0.0, 0.0, 0.0, 0.0, 0.0, 0.0, 0.0, 0.0, 0.0, 0.0, 0.0, 0.0, 0.0, 0.0, 0.0, 0.0, 0.0, 0.0, 0.0, 0.0, 0.0]",0.5,0.5,0,"[0, 0, 0, 0, 0, 0, 0, 0, 0, 0, 0, 0, 0, 0, 0, 0, 0, 0, 0, 0, 0, 0, 0, 0, 0, 0, 0, 0, 0, 0, 0, 0, 0, 0, 0, 0, 0, 0, 0, 0, 0, 0, 0, 0, 0, 0, 0, 0, 0, 0, 0, 0, 0, 0, 0, 0, 0, 0, 0, 0, 0, 0, 0, 0, 0, 0, 0, 0, 0, 0, 0, 0, 0, 0, 0, 0, 0, 0, 0, 0, 0, 0, 0, 0, 0, 0, 0, 0, 0, 0, 0, 0, 0, 0, 0, 0, 0, 0, 0, 0, 0, 0, 0, 0, 0, 0, 0, 0, 0, 0, 0, 0, 0, 0, 0, 0, 0, 0, 0, 0, 0, 0, 0, 0, 0, 0, 0, 0, 0, 0, 0, 0, 0, 0, 0, 0, 0, 0, 0, 0, 0, 0, 0, 0, 0, 0, 0, 0, 0, 0, 0, 0, 0, 0, 0, 0, 0, 0, 0, 0, 0, 0, 0, 0, 0, 0, 0, 0, 0, 0, 0, 0, 0, 0, 0, 0, 0, 0, 0, 0, 0, 0, 0, 0, 0, 0, 0, 0, 0, 0, 0, 0, 0, 0, 0, 0, 0, 0, 0, 0, 0, 0, 0, 0, 0, 0, 0, 0, 0, 0, 0, 0, 0, 0, 0, 0, 0, 0, 0, 0, 0, 0, 0, 0, 0, 0, 0, 0, 0, 0, 0, 0, 0, 0, 0, 0, 0, 0, 0, 0, 0, 0, 0, 0, 0, 0, 0, 0, 0, 0, 0, 0, 0, 0, 0, 0, 0, 0, 0, 0, 0, 0, 0, 0, 0, 0, 0, 0, 0, 0, 0, 0, 0, 0, 0, 0, 0, 0, 0, 0, 0, 0, 0, 0, 0]",285,"[0.41491225361824036, 0.4096526801586151, 0.4186634421348572, 0.4112301170825958, 0.4414065182209015, 0.41591253876686096, 0.42595627903938293, 0.41625910997390747, 0.42663127183914185, 0.40945786237716675, 0.4119429290294647, 0.43853050470352173, 0.4076671898365021, 0.40859442949295044, 0.4370588958263397, 0.41556790471076965, 0.41353511810302734, 0.4149806499481201, 0.4182612895965576, 0.4128671884536743, 0.4136887490749359, 0.40737971663475037, 0.40854132175445557, 0.5541868805885315, 0.40730762481689453, 0.4091852307319641, 0.4309762120246887, 0.40775570273399353, 0.41641321778297424, 0.4165209233760834, 0.4072534143924713, 0.4075508415699005, 0.41309791803359985, 0.44901302456855774, 0.4280869662761688, 0.41290491819381714, 0.4079899489879608, 0.4094430208206177, 0.41192376613616943, 0.42626461386680603, 0.4072374105453491, 0.40867364406585693, 0.40904247760772705, 0.41353005170822144, 0.4100029766559601, 0.4164320230484009, 0.4072345495223999, 0.4072694480419159, 0.42827337980270386, 0.4074746370315552, 0.4121932089328766, 0.4073810875415802, 0.40741392970085144, 0.41024261713027954, 0.41497528553009033, 0.41450026631355286, 0.41728562116622925, 0.41342446208000183, 0.4077795445919037, 0.4220184087753296, 0.41321125626564026, 0.4137616455554962, 0.43893423676490784, 0.41144606471061707, 0.4291446805000305, 0.42216965556144714, 0.4323936402797699, 0.4074752926826477, 0.4121261239051819, 0.4285138249397278, 0.4113699197769165, 0.4161469340324402, 0.4114919900894165, 0.41299426555633545, 0.40741202235221863, 0.42196670174598694, 0.41364794969558716, 0.4090172052383423, 0.4111608564853668, 0.4166649878025055, 0.5562405586242676, 0.4175284504890442, 0.40957069396972656, 0.44279932975769043, 0.4073302149772644, 0.4166221618652344, 0.4111073613166809, 0.4110231101512909, 0.44362637400627136, 0.4151512384414673, 0.4153349697589874, 0.41883423924446106, 0.4177212417125702, 0.40726661682128906, 0.4298626184463501, 0.40864601731300354, 0.4074149429798126, 0.4198281466960907, 0.4120093882083893, 0.41131818294525146, 0.43301379680633545, 0.5165439248085022, 0.41291356086730957, 0.4148809313774109, 0.4141941964626312, 0.43265843391418457, 0.41637513041496277, 0.4119243919849396, 0.4165339767932892, 0.4087085723876953, 0.4257463216781616, 0.4081594944000244, 0.41839489340782166, 0.4171674847602844, 0.4099786877632141, 0.4073420763015747, 0.4191969335079193, 0.4163622558116913, 0.4104047119617462, 0.44092753529548645, 0.4203082025051117, 0.4178420603275299, 0.41511207818984985, 0.40732917189598083, 0.44266077876091003, 0.41553181409835815, 0.4085966944694519, 0.4267471432685852, 0.4083040952682495, 0.407957524061203, 0.41556957364082336, 0.40927791595458984, 0.40737542510032654, 0.4075845777988434, 0.40743279457092285, 0.4078826904296875, 0.4109310507774353, 0.4254579544067383, 0.4072500467300415, 0.42264649271965027, 0.4156618118286133, 0.41119584441185, 0.4163796603679657, 0.41683492064476013, 0.4079276919364929, 0.40747225284576416, 0.420842707157135, 0.41266247630119324, 0.41281354427337646, 0.4102252125740051, 0.4072261452674866, 0.4232655465602875, 0.4123523235321045, 0.44506537914276123, 0.4226619601249695, 0.4136648178100586, 0.4104430675506592, 0.4141964018344879, 0.4073922038078308, 0.4165961444377899, 0.4076192378997803, 0.43134447932243347, 0.4169811010360718, 0.40852391719818115, 0.40777942538261414, 0.4074549973011017, 0.40960493683815, 0.41683119535446167, 0.40850594639778137, 0.4303554594516754, 0.4072626233100891, 0.4110766351222992, 0.42847684025764465, 0.4136509299278259, 0.41229328513145447, 0.41598036885261536, 0.4103780686855316, 0.41966307163238525, 0.4154139757156372, 0.4238929748535156, 0.4099002182483673, 0.4139472544193268, 0.41329365968704224, 0.40798622369766235, 0.41470587253570557, 0.4292232096195221, 0.40723907947540283, 0.41122472286224365, 0.4227718412876129, 0.4135790765285492, 0.4151942729949951, 0.4306749701499939, 0.4169848561286926, 0.41139599680900574, 0.4170563220977783, 0.4077630639076233, 0.40746429562568665, 0.41329777240753174, 0.440328985452652, 0.4163265526294708, 0.42300471663475037, 0.4076908230781555, 0.4101857841014862, 0.4133864641189575, 0.4073328375816345, 0.4159603416919708, 0.4154925048351288, 0.4875020682811737, 0.42886897921562195, 0.41231057047843933, 0.4243354797363281, 0.4412357211112976, 0.40724116563796997, 0.4122365713119507, 0.4142098128795624, 0.43656495213508606, 0.42464572191238403, 0.4185790717601776, 0.4108508825302124, 0.4185463786125183, 0.4161915183067322, 0.4073564410209656, 0.4103734493255615, 0.4072261452674866, 0.40724602341651917, 0.40919190645217896, 0.4073795974254608, 0.40726181864738464, 0.408499151468277, 0.4210245907306671, 0.4206787347793579, 0.4139181971549988, 0.41690540313720703, 0.416351854801178, 0.4293627142906189, 0.4327356219291687, 0.41143348813056946, 0.4095507860183716, 0.41604119539260864, 0.4601902663707733, 0.4078083038330078, 0.4164489805698395, 0.40860676765441895, 0.41584545373916626, 0.4084135890007019, 0.41790324449539185, 0.4183071255683899, 0.43286746740341187, 0.40722647309303284, 0.4111960232257843, 0.41707226634025574, 0.40761297941207886, 0.41261929273605347, 0.4074121117591858, 0.41002872586250305, 0.4428105652332306, 0.4183414578437805, 0.42929530143737793, 0.43494713306427, 0.43643736839294434, 0.4347841739654541, 0.4152193069458008, 0.45334553718566895, 0.4129328429698944, 0.41478046774864197, 0.4080476760864258, 0.4818428158760071, 0.4141513407230377, 0.4768294394016266, 0.42092952132225037, 0.41044601798057556, 0.41670864820480347, 0.40727370977401733, 0.4074389934539795, 0.4414658844470978, 0.4094600975513458, 0.41519060730934143, 0.4302155375480652, 0.41594958305358887, 0.41470497846603394, 0.4096480906009674, 0.43193140625953674, 0.4233512580394745, 0.4074023962020874, 0.4212673306465149]",0.0,"[0.0, 0.0, 0.0, 0.0, 0.0, 0.0, 0.0, 0.0, 0.0, 0.0, 0.0, 0.0, 0.0, 0.0, 0.0, 0.0, 0.0, 0.0, 0.0, 0.0, 0.0, 0.0, 0.0, 0.0, 0.0, 0.0, 0.0, 0.0, 0.0, 0.0, 0.0, 0.0, 0.0, 0.0, 0.0, 0.0, 0.0, 0.0, 0.0, 0.0, 0.0, 0.0, 0.0, 0.0, 0.0, 0.0, 0.0, 0.0, 0.0, 0.0, 0.0, 0.0, 0.0, 0.0, 0.0, 0.0, 0.0, 0.0, 0.0, 0.0, 0.0, 0.0, 0.0, 0.0, 0.0, 0.0, 0.0, 0.0, 0.0, 0.0, 0.0, 0.0, 0.0, 0.0, 0.0, 0.0, 0.0, 0.0, 0.0, 0.0, 0.0, 0.0, 0.0, 0.0, 0.0, 0.0, 0.0, 0.0, 0.0, 0.0, 0.0, 0.0, 0.0, 0.0, 0.0, 0.0, 0.0, 0.0, 0.0, 0.0, 0.0, 0.0, 0.0, 0.0, 0.0, 0.0, 0.0, 0.0, 0.0, 0.0, 0.0, 0.0, 0.0, 0.0, 0.0, 0.0, 0.0, 0.0, 0.0, 0.0, 0.0, 0.0, 0.0, 0.0, 0.0, 0.0, 0.0, 0.0, 0.0, 0.0, 0.0, 0.0, 0.0, 0.0, 0.0, 0.0, 0.0, 0.0, 0.0, 0.0, 0.0, 0.0, 0.0, 0.0, 0.0, 0.0, 0.0, 0.0, 0.0, 0.0, 0.0, 0.0, 0.0, 0.0, 0.0, 0.0, 0.0, 0.0, 0.0, 0.0, 0.0, 0.0, 0.0, 0.0, 0.0, 0.0, 0.0, 0.0, 0.0, 0.0, 0.0, 0.0, 0.0, 0.0, 0.0, 0.0, 0.0, 0.0, 0.0, 0.0, 0.0, 0.0, 0.0, 0.0, 0.0, 0.0, 0.0, 0.0, 0.0, 0.0, 0.0, 0.0, 0.0, 0.0, 0.0, 0.0, 0.0, 0.0, 0.0, 0.0, 0.0, 0.0, 0.0, 0.0, 0.0, 0.0, 0.0, 0.0, 0.0, 0.0, 0.0, 0.0, 0.0, 0.0, 0.0, 0.0, 0.0, 0.0, 0.0, 0.0, 0.0, 0.0, 0.0, 0.0, 0.0, 0.0, 0.0, 0.0, 0.0, 0.0, 0.0, 0.0, 0.0, 0.0, 0.0, 0.0, 0.0, 0.0, 0.0, 0.0, 0.0, 0.0, 0.0, 0.0, 0.0, 0.0, 0.0, 0.0, 0.0, 0.0, 0.0, 0.0, 0.0, 0.0, 0.0, 0.0, 0.0, 0.0, 0.0, 0.0, 0.0, 0.0, 0.0, 0.0, 0.0, 0.0, 0.0, 0.0, 0.0, 0.0, 0.0, 0.0, 0.0, 0.0, 0.0, 0.0, 0.0, 0.0, 0.0, 0.0, 0.0, 0.0, 0.0, 0.0, 0.0]",COMPLETE
78,78,0.5,2024-08-31 04:36:37.949967,2024-08-31 04:36:51.980990,0 days 00:00:14.031023,64,3.471376475687111,4,15,0.0012424009237928858,71,0.009127793783898835,0.859,0.85875,0,"[33, 33, 6, 0, 0, 0, 0, 0, 0, 0, 0, 0, 0, 0, 0]",0.0,"[32.968075117370894, 32.96338028169014, 5.990610328638498, 0.0, 0.0, 0.0, 0.0, 0.0, 0.0, 0.0, 0.0, 0.0, 0.0, 0.0, 0.0]",0.5,0.5,0,"[33, 33, 6, 0, 0, 0, 0, 0, 0, 0, 0, 0, 0, 0, 0]",15,"[0.7049208283424377, 0.8385007381439209, 0.38145697116851807, 0.4964929223060608, 0.784878134727478, 1.7655874490737915, 1.5389410257339478, 1.2295031547546387, 0.9005699157714844, 0.47987380623817444, 1.2816396951675415, 0.41717544198036194, 1.4225481748580933, 1.1416001319885254, 0.7743258476257324]",0.0,"[33.0, 33.0, 6.0, 0.0, 0.0, 0.0, 0.0, 0.0, 0.0, 0.0, 0.0, 0.0, 0.0, 0.0, 0.0]",COMPLETE
