,number,value,datetime_start,datetime_complete,duration,params_batch_size_scaler,params_constant_learning_rate,params_depth,params_epochs,params_kernel_l2,params_num_trees,params_temperature,user_attrs_accuracy_test,user_attrs_accuracy_valid,user_attrs_approximate_feature_sparsity,user_attrs_approximate_feature_sparsity_history,user_attrs_approximate_weight_sparsity,user_attrs_approximate_weight_sparsity_history,user_attrs_auc_test,user_attrs_auc_valid,user_attrs_feature_sparsity,user_attrs_feature_sparsity_history,user_attrs_num_epochs,user_attrs_val_loss_history,user_attrs_weight_sparsity,user_attrs_weight_sparsity_history,state
46,46,0.7677474204892376,2024-08-31 02:09:31.978326,2024-08-31 02:09:41.015367,0 days 00:00:09.037041,1,0.03339211168244705,3,10,0.0010081737695139563,44,0.01791934029286415,0.883,0.8775,33,"[33, 33, 33, 33, 33, 33, 33, 33, 33, 33]",32.96428571428571,"[32.97402597402598, 32.98701298701299, 32.98376623376623, 32.967532467532465, 32.980519480519476, 32.97402597402598, 32.97727272727273, 32.97402597402597, 32.98376623376623, 32.96428571428571]",0.7966958115572289,0.7677474204892376,33,"[33, 33, 33, 33, 33, 33, 33, 33, 33, 33]",10,"[0.3790598213672638, 0.3692353367805481, 0.3634049594402313, 0.35983288288116455, 0.3543356955051422, 0.35196641087532043, 0.3463303744792938, 0.34252655506134033, 0.3389187157154083, 0.33525267243385315]",33.0,"[33.0, 33.0, 33.0, 33.0, 33.0, 33.0, 33.0, 33.0, 33.0, 33.0]",COMPLETE
47,47,0.9247336759799565,2024-08-31 02:09:41.941636,2024-08-31 02:12:05.694666,0 days 00:02:23.753030,1,0.012459409366734646,1,300,0.0012825361273875794,89,0.007150815054694392,0.941,0.94,33,"[33, 33, 33, 33, 33, 33, 33, 33, 33, 33, 33, 33, 33, 33, 33, 33, 33, 33, 33, 33, 33, 33, 33, 33, 33, 33, 33, 33, 33, 33, 33, 33, 33, 33, 33, 33, 33, 33, 33, 33, 33, 33, 33, 33, 33, 33, 33, 33, 33, 33, 33, 33, 33, 33, 33, 33, 33, 33, 33, 33, 33, 33, 33, 33, 33, 33, 33, 33, 33, 33, 33, 33, 33, 33, 33, 33, 33, 33, 33, 33, 33, 33, 33, 33, 33, 33, 33, 33, 33, 33, 33, 33, 33, 33, 33, 33, 33, 33, 33, 33, 33, 33, 33, 33, 33, 33, 33, 33, 33, 33, 33, 33, 33, 33, 33, 33, 33, 33, 33, 33, 33, 33, 33, 33, 33, 33, 33, 33, 33, 33, 33, 33, 33, 33, 33, 33, 33, 33, 33, 33, 33, 33, 33, 33, 33, 33, 33, 33, 33, 33, 33, 33, 33, 33, 33, 33, 33, 33, 33, 33, 33, 33, 33, 33, 33, 33, 33, 33, 33, 33, 33, 33, 33, 33, 33, 33, 33, 33, 33, 33, 33, 33, 33, 33, 33, 33, 33, 33, 33, 33, 33, 33, 33, 33, 33, 33, 33, 33, 33, 33, 33, 33, 33, 33, 33, 33, 33, 33, 33, 33, 33, 33, 33, 33, 33, 33, 33, 33, 33, 33, 33, 33, 33, 33, 33, 33, 33, 33, 33, 33, 33, 33, 33, 33, 33, 33, 33, 33, 33, 33, 33, 33, 33, 33, 33, 33, 33, 33, 33, 33, 33, 33, 33, 33, 33, 33, 33, 33, 33, 33, 33, 33, 33, 33, 33, 33, 33, 33, 33, 33, 33, 33, 33, 33, 33, 33, 33, 33, 33, 33, 33, 33, 33, 33, 33, 33, 33, 33, 33, 33, 33, 33, 33, 33, 33, 33, 33, 33, 33, 33]",32.96629213483146,"[32.97752808988764, 32.98876404494382, 32.93258426966292, 32.98876404494382, 32.98876404494382, 33.0, 33.0, 32.98876404494382, 33.0, 33.0, 32.97752808988764, 32.98876404494382, 32.97752808988764, 32.98876404494382, 32.98876404494382, 32.98876404494382, 33.0, 32.98876404494382, 32.97752808988764, 32.97752808988764, 32.96629213483146, 32.96629213483146, 33.0, 32.98876404494382, 32.98876404494382, 32.98876404494382, 32.97752808988764, 32.98876404494382, 32.97752808988764, 32.98876404494382, 33.0, 32.97752808988764, 33.0, 32.97752808988764, 33.0, 33.0, 33.0, 33.0, 33.0, 32.98876404494382, 32.98876404494382, 33.0, 33.0, 32.97752808988764, 33.0, 32.97752808988764, 32.96629213483146, 32.97752808988764, 32.97752808988764, 32.97752808988764, 32.98876404494382, 32.95505617977528, 32.97752808988764, 32.98876404494382, 32.97752808988764, 32.97752808988764, 32.98876404494382, 33.0, 32.97752808988764, 33.0, 32.98876404494382, 32.98876404494382, 33.0, 32.98876404494382, 32.98876404494382, 32.97752808988764, 33.0, 32.96629213483146, 32.98876404494382, 32.98876404494382, 33.0, 32.96629213483146, 32.95505617977528, 32.95505617977528, 32.98876404494382, 32.98876404494382, 32.98876404494382, 32.98876404494382, 32.98876404494382, 32.98876404494382, 32.96629213483146, 32.97752808988764, 33.0, 33.0, 33.0, 33.0, 32.98876404494382, 32.97752808988764, 32.96629213483146, 33.0, 33.0, 32.98876404494382, 32.97752808988764, 32.97752808988764, 33.0, 32.98876404494382, 32.97752808988764, 32.97752808988764, 32.97752808988764, 32.95505617977528, 32.98876404494382, 32.95505617977528, 32.97752808988764, 32.98876404494382, 32.98876404494382, 32.98876404494382, 33.0, 33.0, 32.97752808988764, 33.0, 32.98876404494382, 32.98876404494382, 32.97752808988764, 32.98876404494382, 32.97752808988764, 32.98876404494382, 32.97752808988764, 32.96629213483146, 32.98876404494382, 32.97752808988764, 32.96629213483146, 32.97752808988764, 32.96629213483146, 32.96629213483146, 32.98876404494382, 32.96629213483146, 32.97752808988764, 32.98876404494382, 32.98876404494382, 32.98876404494382, 32.98876404494382, 33.0, 32.97752808988764, 33.0, 33.0, 33.0, 33.0, 33.0, 33.0, 32.97752808988764, 32.97752808988764, 32.98876404494382, 32.98876404494382, 32.98876404494382, 32.98876404494382, 32.97752808988764, 32.95505617977528, 32.96629213483146, 32.97752808988764, 32.96629213483146, 32.96629213483146, 32.96629213483146, 32.98876404494382, 32.98876404494382, 32.96629213483146, 32.97752808988764, 32.96629213483146, 32.98876404494382, 32.98876404494382, 32.98876404494382, 32.98876404494382, 32.98876404494382, 32.96629213483146, 32.97752808988764, 32.97752808988764, 32.97752808988764, 32.98876404494382, 32.97752808988764, 32.98876404494382, 32.96629213483146, 32.97752808988764, 32.97752808988764, 32.98876404494382, 33.0, 33.0, 33.0, 32.98876404494382, 33.0, 33.0, 33.0, 33.0, 33.0, 33.0, 32.97752808988764, 32.96629213483146, 32.95505617977528, 32.98876404494382, 32.97752808988764, 32.97752808988764, 32.97752808988764, 32.98876404494382, 32.97752808988764, 32.98876404494382, 32.98876404494382, 32.97752808988764, 32.97752808988764, 32.97752808988764, 32.98876404494382, 32.98876404494382, 33.0, 33.0, 33.0, 33.0, 33.0, 33.0, 33.0, 32.98876404494382, 32.98876404494382, 32.98876404494382, 32.98876404494382, 33.0, 32.98876404494382, 32.98876404494382, 33.0, 32.98876404494382, 33.0, 32.97752808988764, 32.96629213483146, 32.97752808988764, 32.97752808988764, 32.98876404494382, 32.97752808988764, 33.0, 32.98876404494382, 32.98876404494382, 32.97752808988764, 32.97752808988764, 33.0, 33.0, 33.0, 33.0, 32.98876404494382, 32.97752808988764, 32.97752808988764, 32.98876404494382, 33.0, 33.0, 33.0, 33.0, 33.0, 33.0, 32.98876404494382, 33.0, 32.98876404494382, 33.0, 33.0, 32.98876404494382, 32.98876404494382, 32.98876404494382, 32.98876404494382, 33.0, 32.98876404494382, 32.95505617977528, 32.97752808988764, 32.96629213483146, 32.96629213483146, 32.95505617977528, 33.0, 32.98876404494382, 32.98876404494382, 32.98876404494382, 33.0, 33.0, 33.0, 33.0, 33.0, 32.97752808988764, 32.98876404494382, 32.98876404494382, 32.98876404494382, 32.98876404494382, 32.97752808988764, 33.0, 32.96629213483146, 33.0, 32.97752808988764, 32.98876404494382, 32.97752808988764, 32.96629213483146, 32.98876404494382, 33.0, 33.0, 32.98876404494382, 32.98876404494382, 32.98876404494382, 32.97752808988764, 32.97752808988764, 32.97752808988764, 32.96629213483146, 32.97752808988764, 32.98876404494382, 32.96629213483146, 33.0, 32.98876404494382, 32.96629213483146, 32.98876404494382, 32.97752808988764, 32.96629213483146, 32.98876404494382, 32.96629213483146]",0.906951015117364,0.9247336759799565,33,"[33, 33, 33, 33, 33, 33, 33, 33, 33, 33, 33, 33, 33, 33, 33, 33, 33, 33, 33, 33, 33, 33, 33, 33, 33, 33, 33, 33, 33, 33, 33, 33, 33, 33, 33, 33, 33, 33, 33, 33, 33, 33, 33, 33, 33, 33, 33, 33, 33, 33, 33, 33, 33, 33, 33, 33, 33, 33, 33, 33, 33, 33, 33, 33, 33, 33, 33, 33, 33, 33, 33, 33, 33, 33, 33, 33, 33, 33, 33, 33, 33, 33, 33, 33, 33, 33, 33, 33, 33, 33, 33, 33, 33, 33, 33, 33, 33, 33, 33, 33, 33, 33, 33, 33, 33, 33, 33, 33, 33, 33, 33, 33, 33, 33, 33, 33, 33, 33, 33, 33, 33, 33, 33, 33, 33, 33, 33, 33, 33, 33, 33, 33, 33, 33, 33, 33, 33, 33, 33, 33, 33, 33, 33, 33, 33, 33, 33, 33, 33, 33, 33, 33, 33, 33, 33, 33, 33, 33, 33, 33, 33, 33, 33, 33, 33, 33, 33, 33, 33, 33, 33, 33, 33, 33, 33, 33, 33, 33, 33, 33, 33, 33, 33, 33, 33, 33, 33, 33, 33, 33, 33, 33, 33, 33, 33, 33, 33, 33, 33, 33, 33, 33, 33, 33, 33, 33, 33, 33, 33, 33, 33, 33, 33, 33, 33, 33, 33, 33, 33, 33, 33, 33, 33, 33, 33, 33, 33, 33, 33, 33, 33, 33, 33, 33, 33, 33, 33, 33, 33, 33, 33, 33, 33, 33, 33, 33, 33, 33, 33, 33, 33, 33, 33, 33, 33, 33, 33, 33, 33, 33, 33, 33, 33, 33, 33, 33, 33, 33, 33, 33, 33, 33, 33, 33, 33, 33, 33, 33, 33, 33, 33, 33, 33, 33, 33, 33, 33, 33, 33, 33, 33, 33, 33, 33, 33, 33, 33, 33, 33, 33]",300,"[0.3978286385536194, 0.3878592550754547, 0.3829662799835205, 0.37850844860076904, 0.37912413477897644, 0.3743450939655304, 0.3689076900482178, 0.36618441343307495, 0.36572209000587463, 0.3645282983779907, 0.36048728227615356, 0.35826271772384644, 0.3537716567516327, 0.3523997962474823, 0.34958773851394653, 0.3495943546295166, 0.3457445502281189, 0.34478774666786194, 0.34566742181777954, 0.34231460094451904, 0.33817821741104126, 0.3366859555244446, 0.335502028465271, 0.33348754048347473, 0.3319746255874634, 0.3302958607673645, 0.330390065908432, 0.3307088017463684, 0.32630062103271484, 0.3276091516017914, 0.3240467309951782, 0.3226260244846344, 0.3327038586139679, 0.31993305683135986, 0.3182012736797333, 0.31684744358062744, 0.31682223081588745, 0.31482765078544617, 0.3161611258983612, 0.3134680688381195, 0.3104798495769501, 0.3096781075000763, 0.3082426190376282, 0.307680606842041, 0.3044463098049164, 0.3028453588485718, 0.3022361695766449, 0.2987869381904602, 0.2988879084587097, 0.30015113949775696, 0.2936682403087616, 0.29400283098220825, 0.2941319942474365, 0.2913496494293213, 0.2864987254142761, 0.28487229347229004, 0.28352731466293335, 0.2918754518032074, 0.27979305386543274, 0.2828603982925415, 0.27621448040008545, 0.2742569148540497, 0.27488887310028076, 0.27327996492385864, 0.2701624035835266, 0.2688416540622711, 0.26704680919647217, 0.2664169669151306, 0.2641700804233551, 0.2627808451652527, 0.2612079679965973, 0.2629643380641937, 0.25872817635536194, 0.2569153308868408, 0.25683465600013733, 0.25555914640426636, 0.25961101055145264, 0.2530996799468994, 0.25270190834999084, 0.2535760998725891, 0.2519484758377075, 0.25181931257247925, 0.24939246475696564, 0.24949243664741516, 0.24942152202129364, 0.24589504301548004, 0.24626010656356812, 0.24586227536201477, 0.25233277678489685, 0.24743132293224335, 0.24478931725025177, 0.2436281144618988, 0.24402420222759247, 0.24105502665042877, 0.240305557847023, 0.24302013218402863, 0.24044644832611084, 0.23922082781791687, 0.2395036518573761, 0.23983480036258698, 0.2389758676290512, 0.23803457617759705, 0.23784397542476654, 0.2372112274169922, 0.23884983360767365, 0.23650993406772614, 0.23712989687919617, 0.23712784051895142, 0.23524214327335358, 0.23865889012813568, 0.23388591408729553, 0.23360082507133484, 0.23349252343177795, 0.2335006296634674, 0.23290622234344482, 0.23475559055805206, 0.23215055465698242, 0.2319680154323578, 0.2320176512002945, 0.2323502153158188, 0.23431074619293213, 0.23063211143016815, 0.23811469972133636, 0.2305438369512558, 0.23132945597171783, 0.2303781509399414, 0.23148375749588013, 0.22933557629585266, 0.22982098162174225, 0.2346085011959076, 0.22855021059513092, 0.2288329154253006, 0.22918079793453217, 0.2279760241508484, 0.23397167026996613, 0.22797106206417084, 0.22748073935508728, 0.22796691954135895, 0.22792740166187286, 0.2267330288887024, 0.22733613848686218, 0.22814472019672394, 0.23108379542827606, 0.22849196195602417, 0.22547096014022827, 0.22513015568256378, 0.2253422886133194, 0.22484587132930756, 0.2252996563911438, 0.22544842958450317, 0.2309694141149521, 0.2242165207862854, 0.22487060725688934, 0.22568809986114502, 0.2245534509420395, 0.2234199494123459, 0.22347094118595123, 0.22428715229034424, 0.22850555181503296, 0.2259899377822876, 0.22284603118896484, 0.2228400856256485, 0.225154310464859, 0.22292205691337585, 0.22275933623313904, 0.22414645552635193, 0.22489513456821442, 0.22200094163417816, 0.22150510549545288, 0.2212890088558197, 0.22159837186336517, 0.2259482592344284, 0.2237868458032608, 0.22123461961746216, 0.22390297055244446, 0.22255940735340118, 0.221435084939003, 0.22091756761074066, 0.23093034327030182, 0.2203533947467804, 0.22034800052642822, 0.21980053186416626, 0.22599507868289948, 0.22128085792064667, 0.22406114637851715, 0.22015421092510223, 0.21936462819576263, 0.21903598308563232, 0.2190280705690384, 0.2209244966506958, 0.2185211032629013, 0.2185237556695938, 0.22075556218624115, 0.21795770525932312, 0.21814866364002228, 0.2187330275774002, 0.21836581826210022, 0.21810510754585266, 0.21765251457691193, 0.22188372910022736, 0.21738742291927338, 0.21662235260009766, 0.218856081366539, 0.2166510373353958, 0.22192752361297607, 0.2161256968975067, 0.21593733131885529, 0.2221396416425705, 0.22103279829025269, 0.2202395498752594, 0.21570734679698944, 0.21717233955860138, 0.21558620035648346, 0.21679002046585083, 0.21528661251068115, 0.21468427777290344, 0.2166670262813568, 0.21606311202049255, 0.22597695887088776, 0.214315265417099, 0.21569475531578064, 0.21440507471561432, 0.21467527747154236, 0.21385546028614044, 0.21737349033355713, 0.21933254599571228, 0.21252912282943726, 0.2131885141134262, 0.214274063706398, 0.21295705437660217, 0.21413761377334595, 0.21241214871406555, 0.21474209427833557, 0.21240438520908356, 0.212183877825737, 0.21207350492477417, 0.2167632281780243, 0.21193274855613708, 0.2130374163389206, 0.21371132135391235, 0.21163442730903625, 0.21438191831111908, 0.2112327218055725, 0.2140059471130371, 0.2128426879644394, 0.2114465832710266, 0.21054472029209137, 0.21345412731170654, 0.21435731649398804, 0.2159700244665146, 0.20926477015018463, 0.21483291685581207, 0.2139156311750412, 0.20872314274311066, 0.20915071666240692, 0.20900052785873413, 0.2084742784500122, 0.2082604020833969, 0.21267884969711304, 0.20808061957359314, 0.210897296667099, 0.20815759897232056, 0.20771794021129608, 0.2088126242160797, 0.20821814239025116, 0.21349407732486725, 0.20915569365024567, 0.21194657683372498, 0.2070162147283554, 0.2070508450269699, 0.210493266582489, 0.2096489667892456, 0.20830577611923218, 0.2054542601108551, 0.20623017847537994, 0.20531858503818512, 0.20881766080856323, 0.2151002436876297, 0.20525135099887848, 0.20809657871723175, 0.20650166273117065, 0.20441856980323792, 0.20419445633888245, 0.20416158437728882, 0.20435617864131927, 0.20464986562728882, 0.20499742031097412, 0.20490504801273346, 0.20431466400623322, 0.20664192736148834, 0.2039201855659485, 0.20479610562324524, 0.2027442306280136, 0.20330914855003357, 0.20252208411693573, 0.20283269882202148, 0.20377089083194733, 0.20281684398651123, 0.20209218561649323, 0.20291681587696075]",33.0,"[33.0, 33.0, 33.0, 33.0, 33.0, 33.0, 33.0, 33.0, 33.0, 33.0, 33.0, 33.0, 33.0, 33.0, 33.0, 33.0, 33.0, 33.0, 33.0, 33.0, 33.0, 33.0, 33.0, 33.0, 33.0, 33.0, 33.0, 33.0, 33.0, 33.0, 33.0, 33.0, 33.0, 33.0, 33.0, 33.0, 33.0, 33.0, 33.0, 33.0, 33.0, 33.0, 33.0, 33.0, 33.0, 33.0, 33.0, 33.0, 33.0, 33.0, 33.0, 33.0, 33.0, 33.0, 33.0, 33.0, 33.0, 33.0, 33.0, 33.0, 33.0, 33.0, 33.0, 33.0, 33.0, 33.0, 33.0, 33.0, 33.0, 33.0, 33.0, 33.0, 33.0, 33.0, 33.0, 33.0, 33.0, 33.0, 33.0, 33.0, 33.0, 33.0, 33.0, 33.0, 33.0, 33.0, 33.0, 33.0, 33.0, 33.0, 33.0, 33.0, 33.0, 33.0, 33.0, 33.0, 33.0, 33.0, 33.0, 33.0, 33.0, 33.0, 33.0, 33.0, 33.0, 33.0, 33.0, 33.0, 33.0, 33.0, 33.0, 33.0, 33.0, 33.0, 33.0, 33.0, 33.0, 33.0, 33.0, 33.0, 33.0, 33.0, 33.0, 33.0, 33.0, 33.0, 33.0, 33.0, 33.0, 33.0, 33.0, 33.0, 33.0, 33.0, 33.0, 33.0, 33.0, 33.0, 33.0, 33.0, 33.0, 33.0, 33.0, 33.0, 33.0, 33.0, 33.0, 33.0, 33.0, 33.0, 33.0, 33.0, 33.0, 33.0, 33.0, 33.0, 33.0, 33.0, 33.0, 33.0, 33.0, 33.0, 33.0, 33.0, 33.0, 33.0, 33.0, 33.0, 33.0, 33.0, 33.0, 33.0, 33.0, 33.0, 33.0, 33.0, 33.0, 33.0, 33.0, 33.0, 33.0, 33.0, 33.0, 33.0, 33.0, 33.0, 33.0, 33.0, 33.0, 33.0, 33.0, 33.0, 33.0, 33.0, 33.0, 33.0, 33.0, 33.0, 33.0, 33.0, 33.0, 33.0, 33.0, 33.0, 33.0, 33.0, 33.0, 33.0, 33.0, 33.0, 33.0, 33.0, 33.0, 33.0, 33.0, 33.0, 33.0, 33.0, 33.0, 33.0, 33.0, 33.0, 33.0, 33.0, 33.0, 33.0, 33.0, 33.0, 33.0, 33.0, 33.0, 33.0, 33.0, 33.0, 33.0, 33.0, 33.0, 33.0, 33.0, 33.0, 33.0, 33.0, 33.0, 33.0, 33.0, 33.0, 33.0, 33.0, 33.0, 33.0, 33.0, 33.0, 33.0, 33.0, 33.0, 33.0, 33.0, 33.0, 33.0, 33.0, 33.0, 33.0, 33.0, 33.0, 33.0, 33.0, 33.0, 33.0, 33.0, 33.0, 33.0, 33.0, 33.0, 33.0, 33.0, 33.0, 33.0, 33.0, 33.0, 33.0, 33.0, 33.0, 33.0, 33.0, 33.0, 33.0, 33.0, 33.0, 33.0, 33.0, 33.0, 33.0, 33.0, 33.0, 33.0, 33.0, 33.0, 33.0, 33.0, 33.0]",COMPLETE
