,number,value,datetime_start,datetime_complete,duration,params_batch_size_scaler,params_constant_learning_rate,params_depth,params_epochs,params_kernel_l2,params_num_trees,params_temperature,user_attrs_accuracy_test,user_attrs_accuracy_valid,user_attrs_approximate_feature_sparsity,user_attrs_approximate_feature_sparsity_history,user_attrs_approximate_weight_sparsity,user_attrs_approximate_weight_sparsity_history,user_attrs_auc_test,user_attrs_auc_valid,user_attrs_feature_sparsity,user_attrs_feature_sparsity_history,user_attrs_num_epochs,user_attrs_val_loss_history,user_attrs_weight_sparsity,user_attrs_weight_sparsity_history,state
97,97,0.9291004882070306,2024-08-31 05:57:33.395392,2024-08-31 05:59:39.250098,0 days 00:02:05.854706,4,0.5018599872976997,4,270,0.007347603855962831,94,0.00030786337040982777,0.938,0.9325,32,"[33, 33, 33, 33, 33, 33, 33, 33, 33, 33, 33, 33, 33, 33, 33, 33, 33, 33, 33, 33, 33, 33, 33, 33, 33, 33, 33, 33, 33, 33, 33, 33, 33, 33, 33, 33, 33, 33, 33, 33, 33, 33, 33, 33, 33, 33, 33, 33, 33, 33, 33, 33, 33, 33, 33, 33, 33, 33, 33, 32, 32, 32, 32, 32, 32, 32, 32, 32, 32, 32, 32, 32, 32, 32, 32, 32, 32, 32, 32, 32, 32, 32, 32, 32, 32, 32, 32, 32, 32, 32, 32, 32, 32, 32, 32, 32, 32, 32, 32, 32, 32, 32, 32, 32, 32, 32, 32, 32, 32, 32, 32, 32, 32, 32, 32, 32, 32, 32, 32, 32, 32, 32, 32, 32, 32, 32, 32, 32, 32, 32, 32, 32, 32, 32, 32, 32, 32, 32, 32, 32, 32, 32, 32, 32, 32, 32, 32, 32, 32, 32, 32, 32, 32, 32, 32, 32, 32, 32, 32, 32, 32, 32, 32, 32, 32, 32, 32, 32, 32, 32, 32, 32, 32, 32, 32, 32, 32, 32, 32, 32, 32, 32, 32, 32, 32, 32, 32, 32, 32, 32, 32, 32, 32, 32, 32, 32, 32, 32, 32, 32, 32, 32, 32, 32, 32, 32, 32, 32, 32, 32, 32, 32, 32, 32, 32, 32, 32, 32, 32, 32, 32, 32, 32, 32, 32, 32, 32, 32, 32, 32, 32, 32, 32, 32, 32, 32, 32, 32, 32, 32, 32, 32, 32, 32, 32, 32, 32, 32, 32, 32, 32, 32, 32, 32, 32, 32, 32, 32, 32, 32, 32, 32, 32, 32, 32, 32, 32, 32, 32, 32]",31.958156028368798,"[32.94326241134752, 32.94822695035461, 32.95177304964539, 32.95106382978724, 32.94042553191489, 32.93971631205674, 32.94893617021277, 32.95886524822695, 32.94326241134752, 32.95106382978723, 32.94751773049645, 32.9468085106383, 32.94893617021277, 32.94255319148937, 32.9531914893617, 32.95531914893617, 32.95106382978724, 32.95673758865249, 32.94326241134752, 32.95035460992908, 32.94468085106383, 32.95106382978723, 32.94113475177305, 32.94539007092199, 32.94539007092199, 32.94964539007092, 32.94184397163121, 32.94609929078015, 32.95886524822695, 32.94964539007092, 32.95248226950355, 32.95602836879433, 32.94609929078014, 32.94326241134752, 32.94893617021277, 32.95744680851064, 32.95744680851064, 32.95248226950355, 32.96170212765958, 32.96312056737589, 32.95815602836879, 32.95319148936171, 32.95673758865248, 32.94893617021277, 32.9531914893617, 32.94609929078014, 32.94893617021277, 32.95815602836879, 32.95035460992908, 32.96241134751773, 32.95531914893617, 32.95886524822695, 32.95106382978724, 32.95531914893617, 32.95035460992908, 32.96099290780142, 32.95744680851064, 32.95248226950355, 32.95390070921986, 31.954609929078018, 31.961702127659578, 31.956737588652487, 31.96170212765957, 31.958156028368794, 31.955319148936173, 31.95390070921986, 31.962411347517733, 31.95602836879433, 31.965248226950354, 31.954609929078014, 31.952482269503545, 31.955319148936173, 31.954609929078018, 31.96312056737589, 31.95744680851064, 31.970212765957445, 31.961702127659574, 31.958865248226957, 31.961702127659574, 31.961702127659574, 31.95957446808511, 31.96099290780142, 31.960283687943264, 31.958156028368798, 31.9645390070922, 31.964539007092203, 31.958156028368794, 31.960283687943264, 31.954609929078018, 31.960283687943264, 31.961702127659574, 31.952482269503545, 31.954609929078018, 31.964539007092203, 31.96312056737589, 31.95957446808511, 31.965248226950358, 31.952482269503548, 31.964539007092203, 31.95957446808511, 31.960992907801423, 31.960283687943267, 31.95602836879433, 31.958156028368794, 31.96099290780142, 31.956737588652484, 31.96666666666667, 31.96241134751773, 31.958865248226953, 31.955319148936177, 31.951063829787238, 31.963120567375885, 31.95886524822695, 31.96666666666667, 31.954609929078014, 31.96312056737589, 31.9531914893617, 31.96950354609929, 31.961702127659574, 31.962411347517733, 31.95957446808511, 31.962411347517733, 31.95390070921986, 31.95531914893617, 31.958865248226953, 31.958156028368794, 31.956737588652487, 31.953191489361704, 31.94751773049645, 31.953191489361704, 31.93971631205674, 31.947517730496457, 31.95177304964539, 31.942553191489363, 31.948936170212768, 31.955319148936173, 31.954609929078018, 31.95602836879433, 31.953900709219862, 31.953191489361704, 31.953191489361704, 31.96808510638298, 31.960992907801423, 31.95957446808511, 31.95035460992908, 31.958865248226953, 31.96099290780142, 31.957446808510642, 31.95602836879433, 31.958865248226953, 31.958156028368798, 31.95957446808511, 31.958156028368798, 31.95744680851064, 31.961702127659578, 31.95744680851064, 31.957446808510642, 31.951063829787234, 31.953191489361704, 31.956737588652484, 31.958156028368794, 31.95390070921986, 31.95390070921986, 31.95531914893617, 31.95744680851064, 31.95673758865248, 31.962411347517733, 31.963829787234047, 31.958865248226953, 31.960992907801423, 31.962411347517733, 31.96099290780142, 31.95602836879433, 31.9645390070922, 31.956737588652484, 31.9531914893617, 31.95602836879433, 31.962411347517733, 31.958156028368794, 31.962411347517733, 31.96099290780142, 31.95957446808511, 31.953191489361704, 31.958865248226953, 31.963829787234044, 31.960283687943264, 31.963829787234047, 31.965957446808513, 31.96312056737589, 31.96312056737589, 31.96241134751773, 31.96312056737589, 31.965248226950354, 31.963829787234044, 31.95744680851064, 31.95602836879433, 31.956028368794325, 31.960283687943264, 31.96666666666667, 31.965248226950354, 31.96595744680851, 31.97021276595745, 31.95957446808511, 31.96595744680851, 31.969503546099293, 31.970212765957445, 31.963829787234044, 31.960283687943267, 31.950354609929082, 31.958156028368794, 31.96241134751773, 31.95531914893617, 31.95602836879433, 31.949645390070923, 31.951063829787234, 31.952482269503548, 31.95957446808511, 31.95602836879433, 31.95390070921986, 31.954609929078018, 31.9531914893617, 31.959574468085105, 31.95957446808511, 31.95744680851064, 31.95602836879433, 31.954609929078018, 31.958156028368794, 31.96312056737589, 31.95886524822695, 31.95744680851064, 31.955319148936173, 31.956737588652484, 31.956737588652484, 31.96099290780142, 31.955319148936173, 31.952482269503548, 31.95390070921986, 31.95957446808511, 31.96099290780142, 31.95744680851064, 31.958865248226953, 31.95957446808511, 31.95957446808511, 31.962411347517733, 31.9645390070922, 31.961702127659574, 31.953191489361704, 31.956737588652484, 31.948226950354613, 31.956737588652484, 31.95744680851064, 31.95106382978723, 31.952482269503548, 31.95390070921986, 31.95744680851064, 31.959574468085105, 31.95744680851064, 31.956737588652487, 31.96099290780142, 31.96312056737589, 31.95744680851064, 31.95957446808511, 31.9645390070922, 31.965957446808513, 31.95886524822695, 31.96028368794326, 31.96808510638298, 31.956737588652484, 31.96241134751773, 31.958156028368798]",0.9056877946482385,0.9291004882070306,32,"[33, 33, 33, 33, 33, 33, 33, 33, 33, 33, 33, 33, 33, 33, 33, 33, 33, 33, 33, 33, 33, 33, 33, 33, 33, 33, 33, 33, 33, 33, 33, 33, 33, 33, 33, 33, 33, 33, 33, 33, 33, 33, 33, 33, 33, 33, 33, 33, 33, 33, 33, 33, 33, 33, 33, 33, 33, 33, 33, 32, 32, 32, 32, 32, 32, 32, 32, 32, 32, 32, 32, 32, 32, 32, 32, 32, 32, 32, 32, 32, 32, 32, 32, 32, 32, 32, 32, 32, 32, 32, 32, 32, 32, 32, 32, 32, 32, 32, 32, 32, 32, 32, 32, 32, 32, 32, 32, 32, 32, 32, 32, 32, 32, 32, 32, 32, 32, 32, 32, 32, 32, 32, 32, 32, 32, 32, 32, 32, 32, 32, 32, 32, 32, 32, 32, 32, 32, 32, 32, 32, 32, 32, 32, 32, 32, 32, 32, 32, 32, 32, 32, 32, 32, 32, 32, 32, 32, 32, 32, 32, 32, 32, 32, 32, 32, 32, 32, 32, 32, 32, 32, 32, 32, 32, 32, 32, 32, 32, 32, 32, 32, 32, 32, 32, 32, 32, 32, 32, 32, 32, 32, 32, 32, 32, 32, 32, 32, 32, 32, 32, 32, 32, 32, 32, 32, 32, 32, 32, 32, 32, 32, 32, 32, 32, 32, 32, 32, 32, 32, 32, 32, 32, 32, 32, 32, 32, 32, 32, 32, 32, 32, 32, 32, 32, 32, 32, 32, 32, 32, 32, 32, 32, 32, 32, 32, 32, 32, 32, 32, 32, 32, 32, 32, 32, 32, 32, 32, 32, 32, 32, 32, 32, 32, 32, 32, 32, 32, 32, 32, 32]",270,"[0.3896898031234741, 0.36429306864738464, 0.3559458553791046, 0.35318467020988464, 0.3402717709541321, 0.3469083905220032, 0.32721829414367676, 0.32323211431503296, 0.313840389251709, 0.3185453414916992, 0.29944366216659546, 0.2886480987071991, 0.28037917613983154, 0.27195578813552856, 0.2668705880641937, 0.2563164234161377, 0.25613462924957275, 0.25057700276374817, 0.2472432553768158, 0.24374893307685852, 0.2396056056022644, 0.24182365834712982, 0.24029184877872467, 0.2308363914489746, 0.22687667608261108, 0.22586952149868011, 0.2246565967798233, 0.22087623178958893, 0.2217341661453247, 0.22302775084972382, 0.2116529494524002, 0.21581168472766876, 0.21832938492298126, 0.20897579193115234, 0.20670585334300995, 0.20211414992809296, 0.20383083820343018, 0.20010915398597717, 0.2014627605676651, 0.19986753165721893, 0.20194301009178162, 0.20339420437812805, 0.20012685656547546, 0.20365260541439056, 0.20893119275569916, 0.19976751506328583, 0.19600209593772888, 0.20059743523597717, 0.19461221992969513, 0.19671370089054108, 0.19590172171592712, 0.2052779644727707, 0.19272631406784058, 0.20035067200660706, 0.18900272250175476, 0.18845315277576447, 0.1904362142086029, 0.19119049608707428, 0.19229736924171448, 0.188923642039299, 0.1921856701374054, 0.19355101883411407, 0.19237357378005981, 0.18815502524375916, 0.19426371157169342, 0.18686623871326447, 0.18316884338855743, 0.1841791719198227, 0.19288483262062073, 0.18475645780563354, 0.1813768595457077, 0.18151403963565826, 0.18128667771816254, 0.18507696688175201, 0.18096086382865906, 0.18169210851192474, 0.18997794389724731, 0.17634765803813934, 0.18416829407215118, 0.18258099257946014, 0.18050584197044373, 0.18413716554641724, 0.17988725006580353, 0.1844857633113861, 0.18299871683120728, 0.18133744597434998, 0.18264995515346527, 0.18018761277198792, 0.18018682301044464, 0.18050934374332428, 0.1831492781639099, 0.1898326277732849, 0.1863682121038437, 0.18169210851192474, 0.1823926866054535, 0.1793815642595291, 0.17631714046001434, 0.18233685195446014, 0.184828981757164, 0.17932617664337158, 0.1850772500038147, 0.18097609281539917, 0.1826784312725067, 0.1789717823266983, 0.18393796682357788, 0.18719369173049927, 0.1792435199022293, 0.1834915578365326, 0.19486957788467407, 0.18169641494750977, 0.17923980951309204, 0.18183353543281555, 0.17959369719028473, 0.18462474644184113, 0.18157412111759186, 0.18471379578113556, 0.18440553545951843, 0.18375028669834137, 0.1870109736919403, 0.17950087785720825, 0.18664515018463135, 0.17928431928157806, 0.179048553109169, 0.1815769225358963, 0.18699654936790466, 0.2023676633834839, 0.1806800216436386, 0.18099623918533325, 0.18844088912010193, 0.17875659465789795, 0.18347254395484924, 0.1874716430902481, 0.1814464032649994, 0.1866993010044098, 0.18623629212379456, 0.18019212782382965, 0.192657932639122, 0.18353235721588135, 0.18557676672935486, 0.18323102593421936, 0.18189607560634613, 0.19569377601146698, 0.19334201514720917, 0.1894567310810089, 0.18359777331352234, 0.18473182618618011, 0.1886976659297943, 0.1876295655965805, 0.18170130252838135, 0.18342719972133636, 0.18933053314685822, 0.18761233985424042, 0.18302597105503082, 0.18351057171821594, 0.18565349280834198, 0.18924596905708313, 0.18574199080467224, 0.19412605464458466, 0.18549250066280365, 0.18615995347499847, 0.19358128309249878, 0.1842072308063507, 0.18703490495681763, 0.18730904161930084, 0.18548636138439178, 0.1901649683713913, 0.19256392121315002, 0.18887606263160706, 0.2020021229982376, 0.19306722283363342, 0.1948474645614624, 0.1881175935268402, 0.193684384226799, 0.19648009538650513, 0.1892067790031433, 0.1914886236190796, 0.18710240721702576, 0.1981663554906845, 0.19550248980522156, 0.20410442352294922, 0.1981615275144577, 0.18904446065425873, 0.19323068857192993, 0.1999109387397766, 0.19733482599258423, 0.1967533528804779, 0.1988087147474289, 0.1930457502603531, 0.19334083795547485, 0.19301249086856842, 0.20468148589134216, 0.1910412758588791, 0.19900670647621155, 0.2015320211648941, 0.19449089467525482, 0.19352035224437714, 0.19458186626434326, 0.20780739188194275, 0.19571319222450256, 0.19450972974300385, 0.2078833132982254, 0.1963605433702469, 0.2004372477531433, 0.1986895501613617, 0.20423738658428192, 0.20559383928775787, 0.20491918921470642, 0.20454585552215576, 0.1964467465877533, 0.2011890411376953, 0.19996044039726257, 0.20382873713970184, 0.205182746052742, 0.20672959089279175, 0.21363946795463562, 0.20236210525035858, 0.20641307532787323, 0.20724338293075562, 0.20299352705478668, 0.21020475029945374, 0.2126956731081009, 0.21393850445747375, 0.211370587348938, 0.21363358199596405, 0.2106090933084488, 0.21431806683540344, 0.21416287124156952, 0.210323765873909, 0.2115202099084854, 0.22054044902324677, 0.21917320787906647, 0.21680322289466858, 0.2219560593366623, 0.22348469495773315, 0.22362792491912842, 0.22218967974185944, 0.2212546318769455, 0.22162528336048126, 0.22481639683246613, 0.22285066545009613, 0.22681358456611633, 0.22120998799800873, 0.22534935176372528, 0.22426553070545197, 0.22349487245082855, 0.2286081463098526, 0.22998252511024475, 0.2277548611164093, 0.2299073189496994, 0.23018987476825714, 0.23163412511348724, 0.23225374519824982, 0.2330133616924286, 0.23383371531963348, 0.24233798682689667, 0.2342892438173294, 0.24013857543468475, 0.2358836531639099, 0.2357933670282364, 0.2409244030714035, 0.2461554855108261, 0.23990210890769958, 0.23940309882164001, 0.24644148349761963, 0.2438323050737381, 0.24456623196601868, 0.24441537261009216, 0.24955116212368011, 0.24369247257709503, 0.24181345105171204]",32.0,"[33.0, 33.0, 33.0, 33.0, 33.0, 33.0, 33.0, 33.0, 33.0, 33.0, 33.0, 33.0, 33.0, 33.0, 33.0, 33.0, 33.0, 33.0, 33.0, 33.0, 33.0, 33.0, 33.0, 33.0, 33.0, 33.0, 33.0, 33.0, 33.0, 33.0, 33.0, 33.0, 33.0, 33.0, 33.0, 33.0, 33.0, 33.0, 33.0, 33.0, 33.0, 33.0, 33.0, 33.0, 33.0, 33.0, 33.0, 33.0, 33.0, 33.0, 33.0, 33.0, 33.0, 33.0, 33.0, 33.0, 33.0, 33.0, 33.0, 32.0, 32.0, 32.0, 32.0, 32.0, 32.0, 32.0, 32.0, 32.0, 32.0, 32.0, 32.0, 32.0, 32.0, 32.0, 32.0, 32.0, 32.0, 32.0, 32.0, 32.0, 32.0, 32.0, 32.0, 32.0, 32.0, 32.0, 32.0, 32.0, 32.0, 32.0, 32.0, 32.0, 32.0, 32.0, 32.0, 32.0, 32.0, 32.0, 32.0, 32.0, 32.0, 32.0, 32.0, 32.0, 32.0, 32.0, 32.0, 32.0, 32.0, 32.0, 32.0, 32.0, 32.0, 32.0, 32.0, 32.0, 32.0, 32.0, 32.0, 32.0, 32.0, 32.0, 32.0, 32.0, 32.0, 32.0, 32.0, 32.0, 32.0, 32.0, 32.0, 32.0, 32.0, 32.0, 32.0, 32.0, 32.0, 32.0, 32.0, 32.0, 32.0, 32.0, 32.0, 32.0, 32.0, 32.0, 32.0, 32.0, 32.0, 32.0, 32.0, 32.0, 32.0, 32.0, 32.0, 32.0, 32.0, 32.0, 32.0, 32.0, 32.0, 32.0, 32.0, 32.0, 32.0, 32.0, 32.0, 32.0, 32.0, 32.0, 32.0, 32.0, 32.0, 32.0, 32.0, 32.0, 32.0, 32.0, 32.0, 32.0, 32.0, 32.0, 32.0, 32.0, 32.0, 32.0, 32.0, 32.0, 32.0, 32.0, 32.0, 32.0, 32.0, 32.0, 32.0, 32.0, 32.0, 32.0, 32.0, 32.0, 32.0, 32.0, 32.0, 32.0, 32.0, 32.0, 32.0, 32.0, 32.0, 32.0, 32.0, 32.0, 32.0, 32.0, 32.0, 32.0, 32.0, 32.0, 32.0, 32.0, 32.0, 32.0, 32.0, 32.0, 32.0, 32.0, 32.0, 32.0, 32.0, 32.0, 32.0, 32.0, 32.0, 32.0, 32.0, 32.0, 32.0, 32.0, 32.0, 32.0, 32.0, 32.0, 32.0, 32.0, 32.0, 32.0, 32.0, 32.0, 32.0, 32.0, 32.0, 32.0, 32.0, 32.0, 32.0, 32.0, 32.0, 32.0, 32.0, 32.0, 32.0, 32.0, 32.0, 32.0, 32.0, 32.0, 32.0, 32.0, 32.0, 32.0]",COMPLETE
