,number,value,datetime_start,datetime_complete,duration,params_batch_size_scaler,params_constant_learning_rate,params_depth,params_epochs,params_kernel_l2,params_num_trees,params_temperature,user_attrs_accuracy_test,user_attrs_accuracy_valid,user_attrs_approximate_feature_sparsity,user_attrs_approximate_feature_sparsity_history,user_attrs_approximate_weight_sparsity,user_attrs_approximate_weight_sparsity_history,user_attrs_auc_test,user_attrs_auc_valid,user_attrs_feature_sparsity,user_attrs_feature_sparsity_history,user_attrs_num_epochs,user_attrs_val_loss_history,user_attrs_weight_sparsity,user_attrs_weight_sparsity_history,state
84,84,0.5081346369362755,2024-08-31 04:51:04.688747,2024-08-31 05:00:09.993494,0 days 00:09:05.304747,1,8.040394571348248,2,500,0.004483720521531256,62,0.006321344304264102,0.859,0.85875,30,"[29, 29, 29, 29, 29, 29, 29, 29, 29, 29, 29, 29, 29, 29, 29, 29, 29, 29, 29, 29, 29, 29, 29, 29, 29, 29, 29, 29, 29, 29, 29, 29, 29, 29, 29, 29, 29, 29, 29, 29, 29, 29, 29, 29, 29, 29, 29, 29, 29, 29, 29, 29, 29, 29, 29, 29, 29, 29, 29, 29, 29, 29, 29, 29, 29, 29, 29, 29, 29, 29, 29, 29, 29, 29, 29, 29, 29, 29, 29, 29, 29, 29, 29, 29, 29, 29, 29, 29, 29, 29, 29, 29, 29, 29, 29, 29, 29, 29, 29, 29, 29, 29, 29, 29, 29, 29, 29, 29, 29, 29, 29, 29, 29, 29, 29, 29, 30, 30, 30, 30, 30, 30, 30, 30, 30, 30, 31, 31, 31, 31, 31, 31, 31, 31, 31, 31, 31, 31, 31, 31, 31, 31, 31, 31, 31, 31, 31, 31, 31, 31, 31, 31, 31, 31, 31, 31, 31, 31, 31, 31, 31, 31, 31, 31, 31, 31, 31, 31, 31, 31, 31, 31, 31, 31, 31, 31, 31, 31, 31, 31, 31, 31, 31, 31, 31, 31, 31, 31, 31, 31, 31, 31, 31, 31, 31, 31, 31, 31, 31, 31, 31, 31, 32, 32, 31, 31, 31, 31, 31, 31, 31, 31, 31, 31, 31, 31, 31, 31, 31, 31, 31, 31, 31, 31, 31, 31, 31, 31, 31, 31, 31, 31, 31, 31, 31, 31, 31, 31, 31, 31, 31, 31, 31, 31, 31, 31, 31, 31, 31, 31, 31, 31, 31, 31, 31, 31, 31, 31, 31, 31, 31, 31, 31, 31, 31, 31, 31, 31, 31, 31, 31, 31, 31, 31, 31, 31, 31, 31, 31, 31, 31, 31, 32, 32, 32, 32, 32, 32, 32, 32, 31, 31, 31, 31, 31, 31, 31, 31, 31, 31, 31, 31, 31, 31, 31, 31, 31, 31, 31, 31, 31, 31, 31, 31, 31, 31, 31, 31, 31, 31, 31, 31, 31, 31, 31, 31, 31, 31, 31, 31, 31, 31, 31, 31, 31, 31, 31, 31, 31, 31, 31, 31, 31, 31, 31, 31, 31, 31, 31, 31, 31, 31, 31, 31, 31, 31, 31, 31, 31, 31, 31, 31, 31, 31, 31, 31, 31, 31, 31, 31, 31, 31, 31, 31, 31, 31, 31, 31, 31, 31, 31, 31, 31, 31, 31, 31, 31, 31, 31, 31, 31, 31, 31, 31, 31, 31, 31, 31, 31, 31, 32, 31, 31, 31, 31, 31, 31, 31, 31, 31, 31, 31, 31, 31, 31, 31, 31, 31, 31, 31, 31, 31, 31, 31, 31, 32, 32, 32, 32, 32, 32, 31, 31, 31, 31, 31, 31, 31, 31, 31, 31, 31, 31, 31, 31, 31, 31, 31, 31, 31, 31, 31, 31, 31, 31, 31, 31, 31, 31, 31, 31, 31, 31, 31, 31, 31, 31, 31, 31, 31, 31, 31, 31, 31, 31, 31, 31, 31, 31, 31, 31, 31, 31, 31, 30, 30, 30, 30, 30, 30, 30, 30, 30, 30, 30, 30, 30, 30, 30, 30]",3.698924731182796,"[29.0, 29.0, 29.0, 29.0, 29.0, 29.0, 29.0, 29.0, 29.0, 29.0, 29.0, 29.0, 29.0, 29.0, 29.0, 29.0, 29.0, 29.0, 29.0, 29.0, 29.0, 29.0, 29.0, 29.0, 29.0, 29.0, 29.0, 29.0, 29.0, 28.994623655913976, 29.0, 29.0, 29.0, 29.0, 29.0, 29.0, 29.0, 29.0, 29.0, 28.994623655913976, 29.0, 29.0, 29.0, 29.0, 29.0, 29.0, 29.0, 29.0, 29.0, 29.0, 28.989247311827956, 29.0, 29.0, 29.0, 29.0, 29.0, 29.0, 29.0, 29.0, 29.0, 29.0, 29.0, 29.0, 29.0, 29.0, 28.994623655913976, 28.994623655913976, 28.994623655913976, 28.994623655913976, 28.994623655913976, 28.994623655913976, 28.994623655913976, 28.994623655913976, 28.994623655913976, 28.994623655913976, 28.994623655913976, 28.989247311827956, 28.989247311827956, 28.989247311827956, 28.983870967741936, 28.978494623655912, 28.973118279569892, 28.978494623655912, 28.973118279569892, 28.973118279569892, 28.973118279569892, 28.973118279569892, 28.951612903225808, 28.951612903225808, 28.962365591397848, 28.956989247311828, 28.946236559139784, 28.946236559139784, 28.940860215053764, 28.951612903225808, 28.93548387096774, 28.93548387096774, 28.924731182795696, 28.924731182795696, 28.908602150537632, 28.913978494623656, 28.908602150537632, 28.908602150537632, 28.908602150537632, 28.903225806451612, 28.89247311827957, 28.86021505376344, 28.854838709677416, 28.844086021505376, 28.833333333333336, 28.811827956989248, 28.79032258064516, 28.774193548387096, 28.768817204301076, 28.758064516129032, 28.763440860215056, 28.833333333333336, 28.903225806451616, 28.897849462365592, 28.9247311827957, 28.9247311827957, 28.935483870967744, 28.946236559139788, 28.95698924731183, 28.946236559139784, 28.887096774193548, 29.102150537634408, 29.15591397849462, 29.182795698924732, 29.1505376344086, 29.13440860215054, 29.091397849462364, 29.03225806451613, 28.962365591397848, 28.908602150537632, 28.876344086021504, 28.838709677419352, 28.747311827956988, 28.71505376344086, 28.661290322580648, 28.58064516129032, 28.532258064516128, 28.41397849462366, 28.35483870967742, 28.236559139784948, 28.096774193548388, 28.01612903225806, 27.956989247311828, 27.8494623655914, 27.698924731182796, 27.618279569892472, 27.50537634408602, 27.349462365591396, 27.188172043010756, 27.0752688172043, 26.940860215053764, 26.779569892473116, 26.677419354838708, 26.586021505376344, 26.49462365591398, 26.311827956989248, 26.193548387096776, 26.08064516129032, 25.962365591397848, 25.876344086021504, 25.77956989247312, 25.688172043010752, 25.516129032258068, 25.39247311827957, 25.236559139784948, 25.112903225806456, 24.967741935483872, 24.903225806451612, 24.806451612903224, 24.725806451612904, 24.612903225806452, 24.451612903225808, 24.28494623655914, 24.172043010752688, 24.102150537634408, 24.0, 23.860215053763444, 23.752688172043015, 23.618279569892472, 23.494623655913976, 23.370967741935484, 23.220430107526884, 23.118279569892476, 23.02688172043011, 22.881720430107528, 22.768817204301072, 22.64516129032258, 22.543010752688172, 22.408602150537632, 22.268817204301076, 22.13978494623656, 21.967741935483872, 21.817204301075268, 21.67741935483871, 21.516129032258064, 21.39247311827957, 21.204301075268816, 21.15591397849462, 21.091397849462364, 20.87096774193548, 20.763440860215056, 20.63440860215054, 20.516129032258064, 20.41397849462366, 20.29032258064516, 20.193548387096776, 20.03763440860215, 19.913978494623656, 19.811827956989244, 19.731182795698924, 19.63440860215054, 19.543010752688176, 19.489247311827956, 19.408602150537632, 19.338709677419352, 19.28494623655914, 19.20967741935484, 19.06989247311828, 18.973118279569896, 18.892473118279568, 18.806451612903224, 18.763440860215056, 18.661290322580644, 18.591397849462364, 18.494623655913976, 18.424731182795703, 18.3494623655914, 18.284946236559144, 18.225806451612904, 18.139784946236563, 18.06989247311828, 18.000000000000004, 17.881720430107528, 17.801075268817204, 17.68817204301075, 17.5752688172043, 17.526881720430104, 17.440860215053764, 17.365591397849464, 17.268817204301076, 17.198924731182796, 17.059139784946236, 16.967741935483872, 16.85483870967742, 16.72043010752688, 16.618279569892472, 16.553763440860212, 16.403225806451612, 16.268817204301076, 16.150537634408604, 16.016129032258064, 15.881720430107526, 15.774193548387098, 15.623655913978494, 15.489247311827956, 15.403225806451614, 15.295698924731182, 15.209677419354838, 15.091397849462366, 14.989247311827958, 14.876344086021506, 14.790322580645162, 14.71505376344086, 14.602150537634408, 14.489247311827958, 14.413978494623656, 14.333333333333332, 14.263440860215052, 14.18279569892473, 14.112903225806452, 14.03763440860215, 13.967741935483872, 13.865591397849462, 13.79032258064516, 13.709677419354838, 13.629032258064514, 13.569892473118278, 13.510752688172042, 13.446236559139784, 13.392473118279568, 13.306451612903226, 13.241935483870968, 13.150537634408602, 13.059139784946236, 13.016129032258064, 12.870967741935484, 12.741935483870968, 12.661290322580646, 12.60215053763441, 12.54301075268817, 12.430107526881722, 12.295698924731182, 12.188172043010752, 12.091397849462366, 11.967741935483868, 11.892473118279568, 11.795698924731182, 11.763440860215054, 11.672043010752688, 11.564516129032258, 11.440860215053762, 11.338709677419352, 11.236559139784946, 11.139784946236558, 11.053763440860214, 10.96236559139785, 10.88709677419355, 10.81720430107527, 10.736559139784948, 10.698924731182796, 10.64516129032258, 10.553763440860216, 10.505376344086022, 10.440860215053764, 10.381720430107528, 10.338709677419356, 10.306451612903226, 10.198924731182796, 10.139784946236558, 10.086021505376346, 9.99462365591398, 9.956989247311828, 9.903225806451612, 9.77956989247312, 9.70967741935484, 9.67204301075269, 9.618279569892474, 9.548387096774194, 9.478494623655914, 9.430107526881722, 9.36021505376344, 9.32258064516129, 9.204301075268818, 9.129032258064516, 9.016129032258064, 8.93010752688172, 8.897849462365592, 8.854838709677418, 8.774193548387094, 8.747311827956988, 8.67741935483871, 8.623655913978494, 8.553763440860214, 8.532258064516126, 8.494623655913978, 8.413978494623656, 8.403225806451614, 8.360215053763442, 8.317204301075268, 8.311827956989248, 8.25268817204301, 8.236559139784946, 8.18279569892473, 8.118279569892474, 8.080645161290322, 8.03763440860215, 8.021505376344086, 7.956989247311827, 7.93010752688172, 7.908602150537634, 7.881720430107527, 7.827956989247312, 7.811827956989247, 7.801075268817204, 7.774193548387097, 7.758064516129033, 7.71505376344086, 7.67741935483871, 7.645161290322581, 7.629032258064516, 7.586021505376344, 7.526881720430108, 7.489247311827957, 7.424731182795699, 7.387096774193548, 7.344086021505376, 7.311827956989248, 7.252688172043012, 7.24731182795699, 7.225806451612904, 7.225806451612904, 7.17741935483871, 7.118279569892474, 7.059139784946237, 7.0, 6.946236559139784, 6.89247311827957, 6.844086021505376, 6.817204301075268, 6.774193548387096, 6.698924731182796, 6.612903225806453, 6.553763440860216, 6.489247311827957, 6.446236559139785, 6.408602150537634, 6.349462365591398, 6.322580645161291, 6.258064516129032, 6.21505376344086, 6.102150537634408, 6.043010752688172, 5.994623655913978, 5.96236559139785, 5.940860215053764, 5.897849462365591, 5.85483870967742, 5.817204301075268, 5.774193548387097, 5.741935483870968, 5.731182795698925, 5.709677419354838, 5.682795698924731, 5.67741935483871, 5.60752688172043, 5.612903225806451, 5.591397849462366, 5.548387096774193, 5.494623655913978, 5.430107526881721, 5.408602150537634, 5.387096774193548, 5.349462365591397, 5.333333333333333, 5.317204301075269, 5.290322580645161, 5.21505376344086, 5.182795698924731, 5.172043010752688, 5.14516129032258, 5.129032258064516, 5.096774193548388, 5.080645161290323, 5.048387096774194, 4.978494623655914, 4.96236559139785, 4.913978494623657, 4.881720430107527, 4.85483870967742, 4.822580645161291, 4.811827956989247, 4.763440860215053, 4.71505376344086, 4.64516129032258, 4.634408602150538, 4.602150537634408, 4.548387096774193, 4.521505376344086, 4.478494623655914, 4.473118279569892, 4.456989247311828, 4.403225806451612, 4.376344086021505, 4.349462365591398, 4.344086021505377, 4.344086021505377, 4.333333333333333, 4.301075268817204, 4.284946236559139, 4.263440860215053, 4.241935483870967, 4.231182795698925, 4.204301075268817, 4.198924731182795, 4.204301075268817, 4.177419354838709, 4.177419354838709, 4.155913978494623, 4.139784946236559, 4.134408602150538, 4.096774193548387, 4.075268817204301, 4.080645161290323, 4.064516129032258, 4.053763440860215, 4.043010752688172, 4.053763440860215, 4.021505376344086, 4.021505376344086, 3.881720430107527, 3.8763440860215055, 3.8709677419354835, 3.849462365591398, 3.849462365591398, 3.827956989247312, 3.817204301075269, 3.817204301075269, 3.801075268817204, 3.768817204301075, 3.741935483870968, 3.731182795698925, 3.720430107526882, 3.71505376344086, 3.704301075268817, 3.698924731182796]",0.5070921985815603,0.5081346369362755,30,"[29, 29, 29, 29, 29, 29, 29, 29, 29, 29, 29, 29, 29, 29, 29, 29, 29, 29, 29, 29, 29, 29, 29, 29, 29, 29, 29, 29, 29, 29, 29, 29, 29, 29, 29, 29, 29, 29, 29, 29, 29, 29, 29, 29, 29, 29, 29, 29, 29, 29, 29, 29, 29, 29, 29, 29, 29, 29, 29, 29, 29, 29, 29, 29, 29, 29, 29, 29, 29, 29, 29, 29, 29, 29, 29, 29, 29, 29, 29, 29, 29, 29, 29, 29, 29, 29, 29, 29, 29, 29, 29, 29, 29, 29, 29, 29, 29, 29, 29, 29, 29, 29, 29, 29, 29, 29, 29, 29, 29, 29, 29, 29, 29, 29, 29, 29, 30, 30, 30, 30, 30, 30, 30, 30, 30, 30, 31, 31, 31, 31, 31, 31, 31, 31, 31, 31, 31, 31, 31, 31, 31, 31, 31, 31, 31, 31, 31, 31, 31, 31, 31, 31, 31, 31, 31, 31, 31, 31, 31, 31, 31, 31, 31, 31, 31, 31, 31, 31, 31, 31, 31, 31, 31, 31, 31, 31, 31, 31, 31, 31, 31, 31, 31, 31, 31, 31, 31, 31, 31, 31, 31, 31, 31, 31, 31, 31, 31, 31, 31, 31, 31, 31, 32, 32, 31, 31, 31, 31, 31, 31, 31, 31, 31, 31, 31, 31, 31, 31, 31, 31, 31, 31, 31, 31, 31, 31, 31, 31, 31, 31, 31, 31, 31, 31, 31, 31, 31, 31, 31, 31, 31, 31, 31, 31, 31, 31, 31, 31, 31, 31, 31, 31, 31, 31, 31, 31, 31, 31, 31, 31, 31, 31, 31, 31, 31, 31, 31, 31, 31, 31, 31, 31, 31, 31, 31, 31, 31, 31, 31, 31, 31, 31, 32, 32, 32, 32, 32, 32, 32, 32, 31, 31, 31, 31, 31, 31, 31, 31, 31, 31, 31, 31, 31, 31, 31, 31, 31, 31, 31, 31, 31, 31, 31, 31, 31, 31, 31, 31, 31, 31, 31, 31, 31, 31, 31, 31, 31, 31, 31, 31, 31, 31, 31, 31, 31, 31, 31, 31, 31, 31, 31, 31, 31, 31, 31, 31, 31, 31, 31, 31, 31, 31, 31, 31, 31, 31, 31, 31, 31, 31, 31, 31, 31, 31, 31, 31, 31, 31, 31, 31, 31, 31, 31, 31, 31, 31, 31, 31, 31, 31, 31, 31, 31, 31, 31, 31, 31, 31, 31, 31, 31, 31, 31, 31, 31, 31, 31, 31, 31, 31, 32, 31, 31, 31, 31, 31, 31, 31, 31, 31, 31, 31, 31, 31, 31, 31, 31, 31, 31, 31, 31, 31, 31, 31, 31, 32, 32, 32, 32, 32, 32, 31, 31, 31, 31, 31, 31, 31, 31, 31, 31, 31, 31, 31, 31, 31, 31, 31, 31, 31, 31, 31, 31, 31, 31, 31, 31, 31, 31, 31, 31, 31, 31, 31, 31, 31, 31, 31, 31, 31, 31, 31, 31, 31, 31, 31, 31, 31, 31, 31, 31, 31, 31, 31, 30, 30, 30, 30, 30, 30, 30, 30, 30, 30, 30, 30, 30, 30, 30, 30]",500,"[5.771567344665527, 8.078537940979004, 14.744586944580078, 8.607471466064453, 9.933294296264648, 11.403595924377441, 10.141887664794922, 24.333782196044922, 15.531349182128906, 11.858495712280273, 15.146845817565918, 11.438953399658203, 28.641952514648438, 11.08338737487793, 10.720145225524902, 14.201030731201172, 12.485273361206055, 24.151477813720703, 11.996891975402832, 14.490379333496094, 10.807043075561523, 11.66931438446045, 12.179137229919434, 14.173408508300781, 12.393771171569824, 17.64507484436035, 14.339225769042969, 13.03982162475586, 16.17731475830078, 14.807778358459473, 17.11434555053711, 17.784690856933594, 11.71723747253418, 15.359888076782227, 12.404890060424805, 14.418815612792969, 28.035810470581055, 17.208354949951172, 17.284154891967773, 18.102828979492188, 13.9955472946167, 20.24231719970703, 13.109347343444824, 14.075491905212402, 14.995349884033203, 27.596023559570312, 12.574139595031738, 14.110393524169922, 24.96457290649414, 17.66986083984375, 15.352838516235352, 12.501051902770996, 14.99127197265625, 12.806868553161621, 16.270055770874023, 21.508346557617188, 12.847628593444824, 16.748945236206055, 22.629356384277344, 15.452995300292969, 14.359099388122559, 28.423959732055664, 21.95978546142578, 12.600703239440918, 13.755252838134766, 16.940990447998047, 13.40658187866211, 17.548110961914062, 13.0476655960083, 11.669952392578125, 16.686870574951172, 24.69921112060547, 14.910161018371582, 13.099102973937988, 20.831125259399414, 14.203277587890625, 12.849692344665527, 26.897981643676758, 15.110024452209473, 12.830907821655273, 20.699338912963867, 13.750868797302246, 11.398155212402344, 23.327470779418945, 15.681718826293945, 18.5849552154541, 19.408626556396484, 30.949926376342773, 11.736946105957031, 12.219295501708984, 12.676706314086914, 17.092636108398438, 16.443632125854492, 15.858642578125, 13.00546646118164, 14.846200942993164, 13.639229774475098, 12.709380149841309, 18.063453674316406, 18.416521072387695, 14.51555061340332, 14.753552436828613, 17.073497772216797, 24.396703720092773, 43.59113693237305, 13.947744369506836, 13.987863540649414, 16.14813995361328, 14.162806510925293, 14.425219535827637, 32.259063720703125, 15.340065002441406, 15.505864143371582, 14.402787208557129, 13.872478485107422, 17.225109100341797, 16.530698776245117, 14.980426788330078, 22.848228454589844, 16.437515258789062, 16.627819061279297, 15.808320045471191, 23.1024227142334, 18.294435501098633, 19.55607032775879, 18.358240127563477, 18.265506744384766, 31.182138442993164, 15.640188217163086, 13.695595741271973, 42.99345779418945, 23.361448287963867, 18.344839096069336, 21.634679794311523, 17.882007598876953, 17.300552368164062, 16.8171329498291, 35.116825103759766, 14.156436920166016, 36.97679138183594, 15.688021659851074, 13.582902908325195, 15.400313377380371, 38.255699157714844, 14.904720306396484, 22.053495407104492, 13.915514945983887, 16.063453674316406, 13.07954216003418, 13.465141296386719, 18.687023162841797, 34.16011428833008, 15.103438377380371, 13.390080451965332, 15.111806869506836, 29.09491729736328, 13.382221221923828, 17.052387237548828, 16.628080368041992, 17.196083068847656, 23.47903060913086, 15.688396453857422, 15.236971855163574, 16.837299346923828, 14.08777141571045, 14.874187469482422, 16.251741409301758, 15.866873741149902, 24.138593673706055, 16.164691925048828, 16.059528350830078, 22.077960968017578, 17.298931121826172, 18.323543548583984, 14.799503326416016, 21.995361328125, 17.297353744506836, 25.005760192871094, 28.935441970825195, 21.966293334960938, 28.683168411254883, 14.229386329650879, 20.35651206970215, 22.304277420043945, 28.4641056060791, 15.240461349487305, 21.226106643676758, 17.290821075439453, 14.030377388000488, 17.290945053100586, 14.16282844543457, 16.163475036621094, 14.408832550048828, 43.4051628112793, 33.01377868652344, 17.914012908935547, 26.3348331451416, 39.26320266723633, 14.276223182678223, 15.147281646728516, 15.63492202758789, 63.93852615356445, 17.61363983154297, 15.979305267333984, 16.284700393676758, 15.597965240478516, 16.96030044555664, 16.389009475708008, 20.281126022338867, 24.691274642944336, 15.598262786865234, 46.28590393066406, 17.078716278076172, 16.631351470947266, 13.45629596710205, 15.151763916015625, 17.486413955688477, 41.83806610107422, 18.747150421142578, 61.574867248535156, 18.888212203979492, 21.026334762573242, 17.966720581054688, 15.799571990966797, 17.189085006713867, 38.796905517578125, 16.136533737182617, 28.8894100189209, 45.202327728271484, 46.219482421875, 15.410428047180176, 23.65243148803711, 14.177620887756348, 13.647416114807129, 25.017793655395508, 47.12625503540039, 16.495046615600586, 17.331789016723633, 21.154067993164062, 17.337844848632812, 34.555206298828125, 16.871679306030273, 18.866130828857422, 23.362407684326172, 35.976051330566406, 17.17272186279297, 16.892940521240234, 18.67681312561035, 14.927227973937988, 28.563152313232422, 17.804431915283203, 15.485908508300781, 21.443777084350586, 35.09621047973633, 14.587785720825195, 15.875875473022461, 17.302980422973633, 15.266500473022461, 23.812620162963867, 20.765357971191406, 18.700716018676758, 28.519758224487305, 35.787960052490234, 66.94254302978516, 19.845067977905273, 16.010278701782227, 29.867582321166992, 51.942230224609375, 15.195125579833984, 21.036924362182617, 15.68187141418457, 16.95071029663086, 24.101774215698242, 28.24811553955078, 17.703676223754883, 14.962932586669922, 28.468889236450195, 42.548526763916016, 35.307430267333984, 42.885841369628906, 20.578449249267578, 30.747453689575195, 17.897417068481445, 53.413169860839844, 54.5168571472168, 16.360496520996094, 51.74459457397461, 22.102500915527344, 15.155652046203613, 67.4316177368164, 67.03759002685547, 13.675846099853516, 15.542052268981934, 15.447806358337402, 50.52444839477539, 40.50214767456055, 19.536949157714844, 33.479759216308594, 28.837749481201172, 23.28353500366211, 22.863794326782227, 36.211997985839844, 15.20379638671875, 26.741050720214844, 22.769800186157227, 40.00505828857422, 46.37325668334961, 17.051231384277344, 23.975303649902344, 37.6477165222168, 22.283428192138672, 15.922940254211426, 23.524948120117188, 17.410781860351562, 31.829021453857422, 23.46399688720703, 40.75596237182617, 25.55191421508789, 77.35737609863281, 23.511808395385742, 34.714534759521484, 15.88050651550293, 15.220925331115723, 22.996566772460938, 15.358294486999512, 22.272951126098633, 16.73221778869629, 32.4937629699707, 20.119159698486328, 32.1571159362793, 15.481606483459473, 15.299158096313477, 16.239347457885742, 18.198816299438477, 19.408306121826172, 18.494922637939453, 14.155681610107422, 53.007469177246094, 34.5488395690918, 17.406654357910156, 15.700050354003906, 17.720918655395508, 14.363730430603027, 20.439647674560547, 51.657798767089844, 18.023847579956055, 79.21957397460938, 56.09632873535156, 19.768508911132812, 19.11704444885254, 24.676877975463867, 21.409618377685547, 21.498655319213867, 33.84474563598633, 66.19793701171875, 30.1160888671875, 20.654024124145508, 18.531543731689453, 24.5836238861084, 55.408023834228516, 28.91040802001953, 89.15458679199219, 23.6507511138916, 14.598919868469238, 54.765316009521484, 60.43666458129883, 17.788291931152344, 30.56914520263672, 25.060810089111328, 60.51841735839844, 16.769115447998047, 77.20289611816406, 69.28491973876953, 24.21102523803711, 40.28532028198242, 34.951454162597656, 33.686100006103516, 14.511353492736816, 14.574419975280762, 20.226886749267578, 66.90435028076172, 20.179157257080078, 36.8306999206543, 58.7895393371582, 18.625947952270508, 37.62083435058594, 26.960594177246094, 47.931060791015625, 17.643638610839844, 58.80789566040039, 18.595417022705078, 18.491355895996094, 12.571985244750977, 45.193458557128906, 21.075820922851562, 19.05487632751465, 76.92858123779297, 35.25534439086914, 13.767125129699707, 16.807588577270508, 31.717510223388672, 28.29083251953125, 32.03861999511719, 22.20712661743164, 20.022903442382812, 44.732269287109375, 25.369722366333008, 15.182598114013672, 23.11852264404297, 18.49656867980957, 15.8744478225708, 47.895381927490234, 17.727113723754883, 20.1351261138916, 17.354656219482422, 20.75446128845215, 34.084877014160156, 18.917089462280273, 18.92906951904297, 18.383071899414062, 53