,number,value,datetime_start,datetime_complete,duration,params_batch_size_scaler,params_constant_learning_rate,params_depth,params_epochs,params_kernel_l2,params_num_trees,params_temperature,user_attrs_accuracy_test,user_attrs_accuracy_valid,user_attrs_approximate_feature_sparsity,user_attrs_approximate_feature_sparsity_history,user_attrs_approximate_weight_sparsity,user_attrs_approximate_weight_sparsity_history,user_attrs_auc_test,user_attrs_auc_valid,user_attrs_feature_sparsity,user_attrs_feature_sparsity_history,user_attrs_num_epochs,user_attrs_val_loss_history,user_attrs_weight_sparsity,user_attrs_weight_sparsity_history,state
60,60,0.5,2024-08-31 03:13:07.538150,2024-08-31 03:16:50.689726,0 days 00:03:43.151576,64,5.669572648434788,5,480,0.04718120100125201,53,0.006045054021017156,0.859,0.85875,0,"[33, 33, 3, 0, 0, 0, 0, 0, 0, 0, 0, 0, 0, 0, 0, 0, 0, 0, 0, 0, 0, 0, 0, 0, 0, 0, 0, 0, 0, 0, 0, 0, 0, 0, 0, 0, 0, 0, 0, 0, 0, 0, 0, 0, 0, 0, 0, 0, 0, 0, 0, 0, 0, 0, 0, 0, 0, 0, 0, 0, 0, 0, 0, 0, 0, 0, 0, 0, 0, 0, 0, 0, 0, 0, 0, 0, 0, 0, 0, 0, 0, 0, 0, 0, 0, 0, 0, 0, 0, 0, 0, 0, 0, 0, 0, 0, 0, 0, 0, 0, 0, 0, 0, 0, 0, 0, 0, 0, 0, 0, 0, 0, 0, 0, 0, 0, 0, 0, 0, 0, 0, 0, 0, 0, 0, 0, 0, 0, 0, 0, 0, 0, 0, 0, 0, 0, 0, 0, 0, 0, 0, 0, 0, 0, 0, 0, 0, 0, 0, 0, 0, 0, 0, 0, 0, 0, 0, 0, 0, 0, 0, 0, 0, 0, 0, 0, 0, 0, 0, 0, 0, 0, 0, 0, 0, 0, 0, 0, 0, 0, 0, 0, 0, 0, 0, 0, 0, 0, 0, 0, 0, 0, 0, 0, 0, 0, 0, 0, 0, 0, 0, 0, 0, 0, 0, 0, 0, 0, 0, 0, 0, 0, 0, 0, 0, 0, 0, 0, 0, 0, 0, 0, 0, 0, 0, 0, 0, 0, 0, 0, 0, 0, 0, 0, 0, 0, 0, 0, 0, 0, 0, 0, 0, 0, 0, 0, 0, 0, 0, 0, 0, 0, 0, 0, 0, 0, 0, 0, 0, 0, 0, 0, 0, 0, 0, 0, 0, 0, 0, 0, 0, 0, 0, 0, 0, 0, 0, 0, 0, 0, 0, 0, 0, 0, 0, 0, 0, 0, 0, 0, 0, 0, 0, 0, 0, 0, 0, 0, 0, 0, 0, 0, 0, 0, 0, 0, 0, 0, 0, 0, 0, 0, 0, 0, 0, 0, 0, 0, 0, 0, 0, 0, 0, 0, 0, 0, 0, 0, 0, 0, 0, 0, 0, 0, 0, 0, 0, 0, 0, 0, 0, 0, 0, 0, 0, 0, 0, 0, 0, 0, 0, 0, 0, 0, 0, 0, 0, 0, 0, 0, 0, 0, 0, 0, 0, 0, 0, 0, 0, 0, 0, 0, 0, 0, 0, 0, 0, 0, 0, 0, 0, 0, 0, 0, 0, 0, 0, 0, 0, 0, 0, 0, 0, 0, 0, 0, 0, 0, 0, 0, 0, 0, 0, 0, 0, 0, 0, 0, 0, 0, 0, 0, 0, 0, 0, 0, 0, 0, 0, 0, 0, 0, 0, 0, 0, 0, 0, 0, 0, 0, 0, 0, 0, 0, 0, 0, 0, 0, 0, 0, 0, 0, 0, 0, 0, 0, 0, 0, 0, 0, 0, 0, 0, 0, 0, 0, 0, 0, 0, 0, 0, 0, 0, 0, 0, 0, 0, 0, 0, 0, 0, 0, 0, 0, 0, 0, 0, 0, 0, 0]",0.0,"[32.952525867315885, 32.942178940961654, 2.995739500912964, 0.0, 0.0, 0.0, 0.0, 0.0, 0.0, 0.0, 0.0, 0.0, 0.0, 0.0, 0.0, 0.0, 0.0, 0.0, 0.0, 0.0, 0.0, 0.0, 0.0, 0.0, 0.0, 0.0, 0.0, 0.0, 0.0, 0.0, 0.0, 0.0, 0.0, 0.0, 0.0, 0.0, 0.0, 0.0, 0.0, 0.0, 0.0, 0.0, 0.0, 0.0, 0.0, 0.0, 0.0, 0.0, 0.0, 0.0, 0.0, 0.0, 0.0, 0.0, 0.0, 0.0, 0.0, 0.0, 0.0, 0.0, 0.0, 0.0, 0.0, 0.0, 0.0, 0.0, 0.0, 0.0, 0.0, 0.0, 0.0, 0.0, 0.0, 0.0, 0.0, 0.0, 0.0, 0.0, 0.0, 0.0, 0.0, 0.0, 0.0, 0.0, 0.0, 0.0, 0.0, 0.0, 0.0, 0.0, 0.0, 0.0, 0.0, 0.0, 0.0, 0.0, 0.0, 0.0, 0.0, 0.0, 0.0, 0.0, 0.0, 0.0, 0.0, 0.0, 0.0, 0.0, 0.0, 0.0, 0.0, 0.0, 0.0, 0.0, 0.0, 0.0, 0.0, 0.0, 0.0, 0.0, 0.0, 0.0, 0.0, 0.0, 0.0, 0.0, 0.0, 0.0, 0.0, 0.0, 0.0, 0.0, 0.0, 0.0, 0.0, 0.0, 0.0, 0.0, 0.0, 0.0, 0.0, 0.0, 0.0, 0.0, 0.0, 0.0, 0.0, 0.0, 0.0, 0.0, 0.0, 0.0, 0.0, 0.0, 0.0, 0.0, 0.0, 0.0, 0.0, 0.0, 0.0, 0.0, 0.0, 0.0, 0.0, 0.0, 0.0, 0.0, 0.0, 0.0, 0.0, 0.0, 0.0, 0.0, 0.0, 0.0, 0.0, 0.0, 0.0, 0.0, 0.0, 0.0, 0.0, 0.0, 0.0, 0.0, 0.0, 0.0, 0.0, 0.0, 0.0, 0.0, 0.0, 0.0, 0.0, 0.0, 0.0, 0.0, 0.0, 0.0, 0.0, 0.0, 0.0, 0.0, 0.0, 0.0, 0.0, 0.0, 0.0, 0.0, 0.0, 0.0, 0.0, 0.0, 0.0, 0.0, 0.0, 0.0, 0.0, 0.0, 0.0, 0.0, 0.0, 0.0, 0.0, 0.0, 0.0, 0.0, 0.0, 0.0, 0.0, 0.0, 0.0, 0.0, 0.0, 0.0, 0.0, 0.0, 0.0, 0.0, 0.0, 0.0, 0.0, 0.0, 0.0, 0.0, 0.0, 0.0, 0.0, 0.0, 0.0, 0.0, 0.0, 0.0, 0.0, 0.0, 0.0, 0.0, 0.0, 0.0, 0.0, 0.0, 0.0, 0.0, 0.0, 0.0, 0.0, 0.0, 0.0, 0.0, 0.0, 0.0, 0.0, 0.0, 0.0, 0.0, 0.0, 0.0, 0.0, 0.0, 0.0, 0.0, 0.0, 0.0, 0.0, 0.0, 0.0, 0.0, 0.0, 0.0, 0.0, 0.0, 0.0, 0.0, 0.0, 0.0, 0.0, 0.0, 0.0, 0.0, 0.0, 0.0, 0.0, 0.0, 0.0, 0.0, 0.0, 0.0, 0.0, 0.0, 0.0, 0.0, 0.0, 0.0, 0.0, 0.0, 0.0, 0.0, 0.0, 0.0, 0.0, 0.0, 0.0, 0.0, 0.0, 0.0, 0.0, 0.0, 0.0, 0.0, 0.0, 0.0, 0.0, 0.0, 0.0, 0.0, 0.0, 0.0, 0.0, 0.0, 0.0, 0.0, 0.0, 0.0, 0.0, 0.0, 0.0, 0.0, 0.0, 0.0, 0.0, 0.0, 0.0, 0.0, 0.0, 0.0, 0.0, 0.0, 0.0, 0.0, 0.0, 0.0, 0.0, 0.0, 0.0, 0.0, 0.0, 0.0, 0.0, 0.0, 0.0, 0.0, 0.0, 0.0, 0.0, 0.0, 0.0, 0.0, 0.0, 0.0, 0.0, 0.0, 0.0, 0.0, 0.0, 0.0, 0.0, 0.0, 0.0, 0.0, 0.0, 0.0, 0.0, 0.0, 0.0, 0.0, 0.0, 0.0, 0.0, 0.0, 0.0, 0.0, 0.0, 0.0, 0.0, 0.0, 0.0, 0.0, 0.0, 0.0, 0.0, 0.0, 0.0, 0.0, 0.0, 0.0, 0.0, 0.0, 0.0, 0.0, 0.0, 0.0, 0.0, 0.0, 0.0, 0.0, 0.0, 0.0, 0.0, 0.0, 0.0, 0.0, 0.0, 0.0, 0.0, 0.0, 0.0, 0.0, 0.0, 0.0, 0.0, 0.0, 0.0, 0.0, 0.0, 0.0, 0.0, 0.0, 0.0, 0.0, 0.0, 0.0, 0.0, 0.0, 0.0, 0.0, 0.0, 0.0, 0.0, 0.0, 0.0, 0.0, 0.0, 0.0, 0.0, 0.0, 0.0, 0.0, 0.0, 0.0, 0.0, 0.0, 0.0, 0.0, 0.0, 0.0, 0.0, 0.0, 0.0, 0.0]",0.5,0.5,0,"[33, 33, 3, 0, 0, 0, 0, 0, 0, 0, 0, 0, 0, 0, 0, 0, 0, 0, 0, 0, 0, 0, 0, 0, 0, 0, 0, 0, 0, 0, 0, 0, 0, 0, 0, 0, 0, 0, 0, 0, 0, 0, 0, 0, 0, 0, 0, 0, 0, 0, 0, 0, 0, 0, 0, 0, 0, 0, 0, 0, 0, 0, 0, 0, 0, 0, 0, 0, 0, 0, 0, 0, 0, 0, 0, 0, 0, 0, 0, 0, 0, 0, 0, 0, 0, 0, 0, 0, 0, 0, 0, 0, 0, 0, 0, 0, 0, 0, 0, 0, 0, 0, 0, 0, 0, 0, 0, 0, 0, 0, 0, 0, 0, 0, 0, 0, 0, 0, 0, 0, 0, 0, 0, 0, 0, 0, 0, 0, 0, 0, 0, 0, 0, 0, 0, 0, 0, 0, 0, 0, 0, 0, 0, 0, 0, 0, 0, 0, 0, 0, 0, 0, 0, 0, 0, 0, 0, 0, 0, 0, 0, 0, 0, 0, 0, 0, 0, 0, 0, 0, 0, 0, 0, 0, 0, 0, 0, 0, 0, 0, 0, 0, 0, 0, 0, 0, 0, 0, 0, 0, 0, 0, 0, 0, 0, 0, 0, 0, 0, 0, 0, 0, 0, 0, 0, 0, 0, 0, 0, 0, 0, 0, 0, 0, 0, 0, 0, 0, 0, 0, 0, 0, 0, 0, 0, 0, 0, 0, 0, 0, 0, 0, 0, 0, 0, 0, 0, 0, 0, 0, 0, 0, 0, 0, 0, 0, 0, 0, 0, 0, 0, 0, 0, 0, 0, 0, 0, 0, 0, 0, 0, 0, 0, 0, 0, 0, 0, 0, 0, 0, 0, 0, 0, 0, 0, 0, 0, 0, 0, 0, 0, 0, 0, 0, 0, 0, 0, 0, 0, 0, 0, 0, 0, 0, 0, 0, 0, 0, 0, 0, 0, 0, 0, 0, 0, 0, 0, 0, 0, 0, 0, 0, 0, 0, 0, 0, 0, 0, 0, 0, 0, 0, 0, 0, 0, 0, 0, 0, 0, 0, 0, 0, 0, 0, 0, 0, 0, 0, 0, 0, 0, 0, 0, 0, 0, 0, 0, 0, 0, 0, 0, 0, 0, 0, 0, 0, 0, 0, 0, 0, 0, 0, 0, 0, 0, 0, 0, 0, 0, 0, 0, 0, 0, 0, 0, 0, 0, 0, 0, 0, 0, 0, 0, 0, 0, 0, 0, 0, 0, 0, 0, 0, 0, 0, 0, 0, 0, 0, 0, 0, 0, 0, 0, 0, 0, 0, 0, 0, 0, 0, 0, 0, 0, 0, 0, 0, 0, 0, 0, 0, 0, 0, 0, 0, 0, 0, 0, 0, 0, 0, 0, 0, 0, 0, 0, 0, 0, 0, 0, 0, 0, 0, 0, 0, 0, 0, 0, 0, 0, 0, 0, 0, 0, 0, 0, 0, 0, 0, 0, 0, 0, 0, 0, 0, 0, 0, 0, 0, 0, 0, 0, 0, 0, 0, 0, 0, 0, 0, 0, 0]",480,"[0.4437260329723358, 0.3868386149406433, 0.4659772217273712, 0.42026808857917786, 0.4080148935317993, 0.4780811369419098, 0.40722647309303284, 0.4170873761177063, 0.40730300545692444, 0.4399346113204956, 0.4233074188232422, 0.4734418988227844, 0.5820907354354858, 0.49065670371055603, 0.5363830327987671, 0.47098326683044434, 0.4566560983657837, 0.4072907567024231, 0.44586753845214844, 0.40894752740859985, 0.47100716829299927, 0.4138537645339966, 0.47283604741096497, 0.4519503116607666, 0.44779419898986816, 0.4349936246871948, 0.5235028266906738, 0.4598928689956665, 0.45616036653518677, 0.5345653295516968, 0.41152480244636536, 0.4257631003856659, 0.4136556386947632, 0.4953435957431793, 0.6683607697486877, 0.4661538004875183, 0.6004241704940796, 0.40787115693092346, 0.4076688885688782, 0.41847825050354004, 0.43310248851776123, 0.4962831139564514, 0.40881338715553284, 0.4086938798427582, 0.5309760570526123, 0.43600234389305115, 0.43003302812576294, 0.48918476700782776, 0.4494832754135132, 0.4292365610599518, 0.4121432900428772, 0.4078007936477661, 0.42063772678375244, 0.41212403774261475, 0.42083054780960083, 0.5215780735015869, 0.4398205578327179, 0.4406804144382477, 0.6462277173995972, 0.42859190702438354, 0.4739876687526703, 0.417158842086792, 0.4104364514350891, 0.40796053409576416, 0.47023075819015503, 0.5818666219711304, 0.4521074593067169, 0.4409307837486267, 0.5583024621009827, 0.4072384536266327, 0.43284058570861816, 0.49502313137054443, 0.4130130708217621, 0.43380051851272583, 0.4131345748901367, 0.43933627009391785, 0.47261542081832886, 0.4280809164047241, 0.42591357231140137, 0.48170480132102966, 0.49484509229660034, 0.5369571447372437, 0.4644659459590912, 0.42376071214675903, 0.5502517223358154, 0.489269495010376, 0.4093784987926483, 0.4114111661911011, 0.4109036922454834, 0.5284312963485718, 0.4846346378326416, 0.4700298607349396, 0.5978767275810242, 0.4098585546016693, 0.4162594676017761, 0.41028937697410583, 0.4110678732395172, 0.5415586233139038, 0.4157361686229706, 1.0306196212768555, 0.5394159555435181, 0.42974963784217834, 0.4425571858882904, 0.4281964898109436, 0.41041985154151917, 0.41737860441207886, 0.44615650177001953, 0.5539526343345642, 0.4128035306930542, 0.5360496640205383, 0.5049501061439514, 0.4306427240371704, 0.5071190595626831, 0.5026342868804932, 0.4466046094894409, 0.5840322375297546, 0.4835893213748932, 0.5451875925064087, 0.4075779616832733, 0.4930255115032196, 0.42888084053993225, 0.5149636268615723, 0.43020427227020264, 0.5897979140281677, 0.40747082233428955, 0.45770594477653503, 0.5509534478187561, 0.456015408039093, 0.4464789628982544, 0.4216110110282898, 0.419381707906723, 0.4200824797153473, 0.408664733171463, 0.4372050166130066, 0.5194767117500305, 0.5181640386581421, 0.4465925991535187, 0.4090501070022583, 0.5125821828842163, 0.5248510241508484, 0.423467218875885, 0.4343028962612152, 0.5350171327590942, 0.4224669635295868, 0.42851316928863525, 0.4527510702610016, 0.6149682402610779, 0.41429856419563293, 0.42525961995124817, 0.4229481816291809, 0.4555116891860962, 0.44172218441963196, 0.5135543346405029, 0.41359466314315796, 0.42823344469070435, 0.4420773386955261, 0.4470231533050537, 0.5274535417556763, 0.48825588822364807, 0.437389612197876, 0.5255837440490723, 0.4635685980319977, 0.5552316308021545, 0.44607657194137573, 0.43940749764442444, 0.45635002851486206, 0.4775758981704712, 0.4377695322036743, 0.42001283168792725, 0.5236194133758545, 0.4213820695877075, 0.6536442041397095, 0.4100872278213501, 0.44985291361808777, 0.4228905737400055, 0.4468943774700165, 0.4434739649295807, 0.501112699508667, 0.56034255027771, 0.46493205428123474, 0.4778429865837097, 0.6752058267593384, 0.49152520298957825, 0.4132416844367981, 0.5818397402763367, 0.45132073760032654, 0.4184698164463043, 0.41511470079421997, 0.40851902961730957, 0.41289955377578735, 0.41006821393966675, 0.41013798117637634, 0.4136679172515869, 0.45872962474823, 0.4824899435043335, 0.4149547219276428, 0.41277390718460083, 0.4138065576553345, 0.4739101529121399, 0.40933459997177124, 0.49578192830085754, 0.4404106140136719, 0.41667380928993225, 0.40808647871017456, 0.4108258783817291, 0.5219919681549072, 0.44043639302253723, 0.42564886808395386, 0.42829522490501404, 0.44856590032577515, 0.47149285674095154, 0.5276683568954468, 0.4395952522754669, 0.5688180327415466, 0.4082217812538147, 0.40835678577423096, 0.4433463215827942, 0.4270048439502716, 0.4408434331417084, 0.41081854701042175, 0.4735275208950043, 0.40735694766044617, 0.41405296325683594, 0.4272339642047882, 0.4495859146118164, 0.4173121750354767, 0.4338936507701874, 0.4528603255748749, 0.5710964202880859, 0.44457411766052246, 0.40860655903816223, 0.41638824343681335, 0.47844424843788147, 0.40796950459480286, 0.40945664048194885, 0.4278677999973297, 0.4313162565231323, 0.4583558142185211, 0.4136437475681305, 0.5193094611167908, 0.5279003977775574, 0.4793866276741028, 0.49895304441452026, 0.41203078627586365, 0.42153769731521606, 0.5815960168838501, 0.44649583101272583, 0.40947937965393066, 0.6017854809761047, 0.45899415016174316, 0.5658887624740601, 0.44925129413604736, 0.4150862395763397, 0.5245752930641174, 0.48313844203948975, 0.40727683901786804, 0.4171423316001892, 0.5321580171585083, 0.434146910905838, 0.4702640473842621, 0.45520997047424316, 0.5059129595756531, 0.4389944076538086, 0.5971770286560059, 0.4101565182209015, 0.538048267364502, 0.41501104831695557, 0.4072859585285187, 0.4461606740951538, 0.41405045986175537, 0.4489653408527374, 0.4968388080596924, 0.48622897267341614, 0.5243499875068665, 0.5973405241966248, 0.4306122958660126, 0.40796753764152527, 0.5006955862045288, 0.4307541251182556, 0.502815306186676, 0.47922423481941223, 0.5788899660110474, 0.4079735279083252, 0.4240819811820984, 0.5317846536636353, 0.4126720130443573, 0.41137030720710754, 0.45591285824775696, 0.4729158878326416, 0.40735316276550293, 0.41785648465156555, 0.4794720411300659, 0.41829121112823486, 0.47384655475616455, 0.5462862253189087, 0.510938823223114, 0.45482757687568665, 0.4527417719364166, 0.43504372239112854, 0.5491587519645691, 0.4444134533405304, 0.4444540739059448, 0.4167674779891968, 0.5339199304580688, 0.40732359886169434, 0.4333221912384033, 0.40852677822113037, 0.4845494031906128, 0.40723279118537903, 0.4124821424484253, 0.42676547169685364, 0.5351671576499939, 0.5689343214035034, 0.462236225605011, 0.47539225220680237, 0.4572865962982178, 0.41992226243019104, 0.486704558134079, 0.43065476417541504, 0.4167040288448334, 0.5374526977539062, 0.4206233322620392, 0.4643862247467041, 0.49524977803230286, 0.43925270438194275, 0.5321171283721924, 0.5530624985694885, 0.4704147279262543, 0.4701721966266632, 0.4289250075817108, 0.4709128439426422, 0.5784240961074829, 0.4076080322265625, 0.4467083215713501, 0.6783281564712524, 0.42095229029655457, 0.47640132904052734, 0.41693007946014404, 0.41761454939842224, 0.4974044859409332, 0.435372531414032, 0.4203530251979828, 0.4920903742313385, 0.4207979440689087, 0.46401068568229675, 0.4418583810329437, 0.45219889283180237, 0.5061906576156616, 0.42638102173805237, 0.4878062307834625, 0.4177221655845642, 0.4088866412639618, 0.4483453333377838, 0.4127880930900574, 0.4155094027519226, 0.4634549021720886, 0.5174994468688965, 0.5571342706680298, 0.44389715790748596, 0.45698317885398865, 0.42053741216659546, 0.4195202589035034, 0.4111637771129608, 0.41467827558517456, 0.43971091508865356, 0.46404293179512024, 0.5394887328147888, 0.4099927246570587, 0.4171520173549652, 0.4909619092941284, 0.4078253507614136, 0.4562898278236389, 0.46524956822395325, 0.40833306312561035, 0.41705676913261414, 0.4293442666530609, 0.43041694164276123, 0.41107285022735596, 0.4105861783027649, 0.4072262644767761, 0.5328019261360168, 0.5096496343612671, 0.4420134723186493, 0.4768711030483246, 0.4291462004184723, 0.41321930289268494, 0.5244495272636414, 0.4457865059375763, 0.414520263671875, 0.4075407385826111, 0.4502786695957184, 0.459585964679718, 0.40744003653526306, 0.46461114287376404, 0.533359706401825, 0.4193458557128906, 0.5778215527534485, 0.5002613067626953, 0.4081310033798218, 0.41065695881843567, 0.5169351100921631, 0.4092952609062195, 0.4237975776195526, 0.42022186517715454, 0.40811988711357117, 0.40748131275177, 0.4104524254798889, 0.45450401306152344, 0.4908048212528229, 0.407370001077652, 0.4313063323497772, 0.47192060947418213, 0.40723299980163574, 0.44205668568611145, 0.40908458828926086, 0.5278720259666443, 0.41925543546676636, 0.4499489665031433, 0.44107818603515625, 0.4188583493232727, 0.40723109245300293, 0.4274391233921051, 0.4141308069229126, 0.4699898958206177, 0.40788543224334717, 0.4719333350658417, 0.4580706059932709, 0.4074854254722595, 0.5158576369285583, 0.5961003303527832, 0.4077323079109192, 0.40735357999801636, 0.40739601850509644, 0.4072762727737427, 0.41373106837272644, 0.4836152195930481, 0.4258834719657898, 0.4430690407752991, 0.5495460629463196, 0.42285624146461487, 0.4121931195259094, 0.4646274447441101, 0.5051850080490112, 0.40859538316726685, 0.5601668357849121, 0.40775296092033386, 0.6249446868896484, 0.4526135325431824, 0.4457612633705139, 0.4080559015274048, 0.42299842834472656, 0.5110548138618469, 0.5441266894340515, 0.43314576148986816, 0.4521278142929077, 0.4278015196323395, 0.4850158393383026, 0.42187240719795227, 0.4253630042076111, 0.44555899500846863, 0.7998378276824951, 0.5122877955436707, 0.40810665488243103, 0.46321341395378113, 0.5419343709945679, 0.4451533854007721, 0.4118634760379791, 0.41826707124710083, 0.4313921332359314, 0.4102536737918854, 0.43842968344688416, 0.4884483218193054, 0.40725839138031006, 0.5011487007141113, 0.5049901604652405, 0.41130056977272034, 0.5476391315460205, 0.42213743925094604, 0.5696997046470642, 0.4085708260536194]",0.0,"[33.0, 33.0, 3.0, 0.0, 0.0, 0.0, 0.0, 0.0, 0.0, 0.0, 0.0, 0.0, 0.0, 0.0, 0.0, 0.0, 0.0, 0.0, 0.0, 0.0, 0.0, 0.0, 0.0, 0.0, 0.0, 0.0, 0.0, 0.0, 0.0, 0.0, 0.0, 0.0, 0.0, 0.0, 0.0, 0.0, 0.0, 0.0, 0.0, 0.0, 0.0, 0.0, 0.0, 0.0, 0.0, 0.0, 0.0, 0.0, 0.0, 0.0, 0.0, 0.0, 0.0, 0.0, 0.0, 0.0, 0.0, 0.0, 0.0, 0.0, 0.0, 0.0, 0.0, 0.0, 0.0, 0.0, 0.0, 0.0, 0.0, 0.0, 0.0, 0.0, 0.0, 0.0, 0.0, 0.0, 0.0, 0.0, 0.0, 0.0, 0.0, 0.0, 0.0, 0.0, 0.0, 0.0, 0.0, 0.0, 0.0, 0.0, 0.0, 0.0, 0.0, 0.0, 0.0, 0.0, 0.0, 0.0, 0.0, 0.0, 0.0, 0.0, 0.0, 0.0, 0.0, 0.0, 0.0, 0.0, 0.0, 0.0, 0.0, 0.0, 0.0, 0.0, 0.0, 0.0, 0.0, 0.0, 0.0, 0.0, 0.0, 0.0, 0.0, 0.0, 0.0, 0.0, 0.0, 0.0, 0.0, 0.0, 0.0, 0.0, 0.0, 0.0, 0.0, 0.0, 0.0, 0.0, 0.0, 0.0, 0.0, 0.0, 0.0, 0.0, 0.0, 0.0, 0.0, 0.0, 0.0, 0.0, 0.0, 0.0, 0.0, 0.0, 0.0, 0.0, 0.0, 0.0, 0.0, 0.0, 0.0, 0.0, 0.0, 0.0, 0.0, 0.0, 0.0, 0.0, 0.0, 0.0, 0.0, 0.0, 0.0, 0.0, 0.0, 0.0, 0.0, 0.0, 0.0, 0.0, 0.0, 0.0, 0.0, 0.0, 0.0, 0.0, 0.0, 0.0, 0.0, 0.0, 0.0, 0.0, 0.0, 0.0, 0.0, 0.0, 0.0, 0.0, 0.0, 0.0, 0.0, 0.0, 0.0, 0.0, 0.0, 0.0, 0.0, 0.0, 0.0, 0.0, 0.0, 0.0, 0.0, 0.0, 0.0, 0.0, 0.0, 0.0, 0.0, 0.0, 0.0, 0.0, 0.0, 0.0, 0.0, 0.0, 0.0, 0.0, 0.0, 0.0, 0.0, 0.0, 0.0, 0.0, 0.0, 0.0, 0.0, 0.0, 0.0, 0.0, 0.0, 0.0, 0.0, 0.0, 0.0, 0.0, 0.0, 0.0, 0.0, 0.0, 0.0, 0.0, 0.0, 0.0, 0.0, 0.0, 0.0, 0.0, 0.0, 0.0, 0.0, 0.0, 0.0, 0.0, 0.0, 0.0, 0.0, 0.0, 0.0, 0.0, 0.0, 0.0, 0.0, 0.0, 0.0, 0.0, 0.0, 0.0, 0.0, 0.0, 0.0, 0.0, 0.0, 0.0, 0.0, 0.0, 0.0, 0.0, 0.0, 0.0, 0.0, 0.0, 0.0, 0.0, 0.0, 0.0, 0.0, 0.0, 0.0, 0.0, 0.0, 0.0, 0.0, 0.0, 0.0, 0.0, 0.0, 0.0, 0.0, 0.0, 0.0, 0.0, 0.0, 0.0, 0.0, 0.0, 0.0, 0.0, 0.0, 0.0, 0.0, 0.0, 0.0, 0.0, 0.0, 0.0, 0.0, 0.0, 0.0, 0.0, 0.0, 0.0, 0.0, 0.0, 0.0, 0.0, 0.0, 0.0, 0.0, 0.0, 0.0, 0.0, 0.0, 0.0, 0.0, 0.0, 0.0, 0.0, 0.0, 0.0, 0.0, 0.0, 0.0, 0.0, 0.0, 0.0, 0.0, 0.0, 0.0, 0.0, 0.0, 0.0, 0.0, 0.0, 0.0, 0.0, 0.0, 0.0, 0.0, 0.0, 0.0, 0.0, 0.0, 0.0, 0.0, 0.0, 0.0, 0.0, 0.0, 0.0, 0.0, 0.0, 0.0, 0.0, 0.0, 0.0, 0.0, 0.0, 0.0, 0.0, 0.0, 0.0, 0.0, 0.0, 0.0, 0.0, 0.0, 0.0, 0.0, 0.0, 0.0, 0.0, 0.0, 0.0, 0.0, 0.0, 0.0, 0.0, 0.0, 0.0, 0.0, 0.0, 0.0, 0.0, 0.0, 0.0, 0.0, 0.0, 0.0, 0.0, 0.0, 0.0, 0.0, 0.0, 0.0, 0.0, 0.0, 0.0, 0.0, 0.0, 0.0, 0.0, 0.0, 0.0, 0.0, 0.0, 0.0, 0.0, 0.0, 0.0, 0.0, 0.0, 0.0, 0.0, 0.0, 0.0, 0.0, 0.0, 0.0, 0.0, 0.0, 0.0, 0.0, 0.0, 0.0, 0.0, 0.0, 0.0, 0.0, 0.0, 0.0, 0.0, 0.0, 0.0, 0.0, 0.0, 0.0, 0.0, 0.0, 0.0, 0.0, 0.0, 0.0, 0.0, 0.0, 0.0, 0.0, 0.0, 0.0, 0.0]",COMPLETE
