,number,value,datetime_start,datetime_complete,duration,params_batch_size_scaler,params_constant_learning_rate,params_depth,params_epochs,params_kernel_l2,params_num_trees,params_temperature,user_attrs_accuracy_test,user_attrs_accuracy_valid,user_attrs_approximate_feature_sparsity,user_attrs_approximate_feature_sparsity_history,user_attrs_approximate_weight_sparsity,user_attrs_approximate_weight_sparsity_history,user_attrs_auc_test,user_attrs_auc_valid,user_attrs_feature_sparsity,user_attrs_feature_sparsity_history,user_attrs_num_epochs,user_attrs_val_loss_history,user_attrs_weight_sparsity,user_attrs_weight_sparsity_history,state
21,21,0.5,2024-08-31 01:10:52.033946,2024-08-31 01:17:24.239158,0 days 00:06:32.205212,16,6.169304500582182,6,410,0.0036935957290546934,53,0.012373296158739298,0.859,0.85875,0,"[0, 0, 0, 0, 0, 0, 0, 0, 0, 0, 0, 0, 0, 0, 0, 0, 0, 0, 0, 0, 0, 0, 0, 0, 0, 0, 0, 0, 0, 0, 0, 0, 0, 0, 0, 0, 0, 0, 0, 0, 0, 0, 0, 0, 0, 0, 0, 0, 0, 0, 0, 0, 0, 0, 0, 0, 0, 0, 0, 0, 0, 0, 0, 0, 0, 0, 0, 0, 0, 0, 0, 0, 0, 0, 0, 0, 0, 0, 0, 0, 0, 0, 0, 0, 0, 0, 0, 0, 0, 0, 0, 0, 0, 0, 0, 0, 0, 0, 0, 0, 0, 0, 0, 0, 0, 0, 0, 0, 0, 0, 0, 0, 0, 0, 0, 0, 0, 0, 0, 0, 0, 0, 0, 0, 0, 0, 0, 0, 0, 0, 0, 0, 0, 0, 0, 0, 0, 0, 0, 0, 0, 0, 0, 0, 0, 0, 0, 0, 0, 0, 0, 0, 0, 0, 0, 0, 0, 0, 0, 0, 0, 0, 0, 0, 0, 0, 0, 0, 0, 0, 0, 0, 0, 0, 0, 0, 0, 0, 0, 0, 0, 0, 0, 0, 0, 0, 0, 0, 0, 0, 0, 0, 0, 0, 0, 0, 0, 0, 0, 0, 0, 0, 0, 0, 0, 0, 0, 0, 0, 0, 0, 0, 0, 0, 0, 0, 0, 0, 0, 0, 0, 0, 0, 0, 0, 0, 0, 0, 0, 0, 0, 0, 0, 0, 0, 0, 0, 0, 0, 0, 0, 0, 0, 0, 0, 0, 0, 0, 0, 0, 0, 0, 0, 0, 0, 0, 0, 0, 0, 0, 0, 0, 0, 0, 0, 0, 0, 0, 0, 0, 0, 0, 0, 0, 0, 0, 0, 0, 0, 0, 0, 0, 0, 0, 0, 0, 0, 0, 0, 0, 0, 0, 0, 0, 0, 0, 0, 0, 0, 0, 0, 0, 0, 0, 0, 0, 0, 0, 0, 0, 0, 0, 0, 0, 0, 0, 0, 0, 0, 0, 0, 0, 0, 0, 0, 0, 0, 0, 0, 0, 0, 0, 0, 0, 0, 0, 0, 0, 0, 0, 0, 0, 0, 0, 0, 0, 0, 0, 0, 0, 0, 0, 0, 0, 0, 0, 0, 0, 0, 0, 0, 0, 0, 0, 0, 0, 0, 0, 0, 0, 0, 0, 0, 0, 0, 0, 0, 0, 0, 0, 0, 0, 0, 0, 0, 0, 0, 0, 0, 0, 0, 0, 0, 0, 0, 0, 0, 0, 0, 0, 0, 0, 0, 0, 0, 0, 0, 0, 0, 0]",0.0,"[0.0, 0.0, 0.0, 0.0, 0.0, 0.0, 0.0, 0.0, 0.0, 0.0, 0.0, 0.0, 0.0, 0.0, 0.0, 0.0, 0.0, 0.0, 0.0, 0.0, 0.0, 0.0, 0.0, 0.0, 0.0, 0.0, 0.0, 0.0, 0.0, 0.0, 0.0, 0.0, 0.0, 0.0, 0.0, 0.0, 0.0, 0.0, 0.0, 0.0, 0.0, 0.0, 0.0, 0.0, 0.0, 0.0, 0.0, 0.0, 0.0, 0.0, 0.0, 0.0, 0.0, 0.0, 0.0, 0.0, 0.0, 0.0, 0.0, 0.0, 0.0, 0.0, 0.0, 0.0, 0.0, 0.0, 0.0, 0.0, 0.0, 0.0, 0.0, 0.0, 0.0, 0.0, 0.0, 0.0, 0.0, 0.0, 0.0, 0.0, 0.0, 0.0, 0.0, 0.0, 0.0, 0.0, 0.0, 0.0, 0.0, 0.0, 0.0, 0.0, 0.0, 0.0, 0.0, 0.0, 0.0, 0.0, 0.0, 0.0, 0.0, 0.0, 0.0, 0.0, 0.0, 0.0, 0.0, 0.0, 0.0, 0.0, 0.0, 0.0, 0.0, 0.0, 0.0, 0.0, 0.0, 0.0, 0.0, 0.0, 0.0, 0.0, 0.0, 0.0, 0.0, 0.0, 0.0, 0.0, 0.0, 0.0, 0.0, 0.0, 0.0, 0.0, 0.0, 0.0, 0.0, 0.0, 0.0, 0.0, 0.0, 0.0, 0.0, 0.0, 0.0, 0.0, 0.0, 0.0, 0.0, 0.0, 0.0, 0.0, 0.0, 0.0, 0.0, 0.0, 0.0, 0.0, 0.0, 0.0, 0.0, 0.0, 0.0, 0.0, 0.0, 0.0, 0.0, 0.0, 0.0, 0.0, 0.0, 0.0, 0.0, 0.0, 0.0, 0.0, 0.0, 0.0, 0.0, 0.0, 0.0, 0.0, 0.0, 0.0, 0.0, 0.0, 0.0, 0.0, 0.0, 0.0, 0.0, 0.0, 0.0, 0.0, 0.0, 0.0, 0.0, 0.0, 0.0, 0.0, 0.0, 0.0, 0.0, 0.0, 0.0, 0.0, 0.0, 0.0, 0.0, 0.0, 0.0, 0.0, 0.0, 0.0, 0.0, 0.0, 0.0, 0.0, 0.0, 0.0, 0.0, 0.0, 0.0, 0.0, 0.0, 0.0, 0.0, 0.0, 0.0, 0.0, 0.0, 0.0, 0.0, 0.0, 0.0, 0.0, 0.0, 0.0, 0.0, 0.0, 0.0, 0.0, 0.0, 0.0, 0.0, 0.0, 0.0, 0.0, 0.0, 0.0, 0.0, 0.0, 0.0, 0.0, 0.0, 0.0, 0.0, 0.0, 0.0, 0.0, 0.0, 0.0, 0.0, 0.0, 0.0, 0.0, 0.0, 0.0, 0.0, 0.0, 0.0, 0.0, 0.0, 0.0, 0.0, 0.0, 0.0, 0.0, 0.0, 0.0, 0.0, 0.0, 0.0, 0.0, 0.0, 0.0, 0.0, 0.0, 0.0, 0.0, 0.0, 0.0, 0.0, 0.0, 0.0, 0.0, 0.0, 0.0, 0.0, 0.0, 0.0, 0.0, 0.0, 0.0, 0.0, 0.0, 0.0, 0.0, 0.0, 0.0, 0.0, 0.0, 0.0, 0.0, 0.0, 0.0, 0.0, 0.0, 0.0, 0.0, 0.0, 0.0, 0.0, 0.0, 0.0, 0.0, 0.0, 0.0, 0.0, 0.0, 0.0, 0.0, 0.0, 0.0, 0.0, 0.0, 0.0, 0.0, 0.0, 0.0, 0.0, 0.0, 0.0, 0.0, 0.0, 0.0, 0.0, 0.0, 0.0, 0.0, 0.0, 0.0, 0.0, 0.0, 0.0, 0.0, 0.0, 0.0, 0.0, 0.0, 0.0, 0.0, 0.0, 0.0, 0.0, 0.0, 0.0, 0.0, 0.0, 0.0, 0.0, 0.0, 0.0, 0.0, 0.0, 0.0, 0.0, 0.0, 0.0, 0.0, 0.0, 0.0, 0.0, 0.0, 0.0, 0.0, 0.0, 0.0, 0.0, 0.0, 0.0, 0.0, 0.0, 0.0, 0.0, 0.0, 0.0, 0.0, 0.0, 0.0, 0.0, 0.0, 0.0, 0.0, 0.0, 0.0, 0.0, 0.0, 0.0, 0.0]",0.5,0.5,0,"[0, 0, 0, 0, 0, 0, 0, 0, 0, 0, 0, 0, 0, 0, 0, 0, 0, 0, 0, 0, 0, 0, 0, 0, 0, 0, 0, 0, 0, 0, 0, 0, 0, 0, 0, 0, 0, 0, 0, 0, 0, 0, 0, 0, 0, 0, 0, 0, 0, 0, 0, 0, 0, 0, 0, 0, 0, 0, 0, 0, 0, 0, 0, 0, 0, 0, 0, 0, 0, 0, 0, 0, 0, 0, 0, 0, 0, 0, 0, 0, 0, 0, 0, 0, 0, 0, 0, 0, 0, 0, 0, 0, 0, 0, 0, 0, 0, 0, 0, 0, 0, 0, 0, 0, 0, 0, 0, 0, 0, 0, 0, 0, 0, 0, 0, 0, 0, 0, 0, 0, 0, 0, 0, 0, 0, 0, 0, 0, 0, 0, 0, 0, 0, 0, 0, 0, 0, 0, 0, 0, 0, 0, 0, 0, 0, 0, 0, 0, 0, 0, 0, 0, 0, 0, 0, 0, 0, 0, 0, 0, 0, 0, 0, 0, 0, 0, 0, 0, 0, 0, 0, 0, 0, 0, 0, 0, 0, 0, 0, 0, 0, 0, 0, 0, 0, 0, 0, 0, 0, 0, 0, 0, 0, 0, 0, 0, 0, 0, 0, 0, 0, 0, 0, 0, 0, 0, 0, 0, 0, 0, 0, 0, 0, 0, 0, 0, 0, 0, 0, 0, 0, 0, 0, 0, 0, 0, 0, 0, 0, 0, 0, 0, 0, 0, 0, 0, 0, 0, 0, 0, 0, 0, 0, 0, 0, 0, 0, 0, 0, 0, 0, 0, 0, 0, 0, 0, 0, 0, 0, 0, 0, 0, 0, 0, 0, 0, 0, 0, 0, 0, 0, 0, 0, 0, 0, 0, 0, 0, 0, 0, 0, 0, 0, 0, 0, 0, 0, 0, 0, 0, 0, 0, 0, 0, 0, 0, 0, 0, 0, 0, 0, 0, 0, 0, 0, 0, 0, 0, 0, 0, 0, 0, 0, 0, 0, 0, 0, 0, 0, 0, 0, 0, 0, 0, 0, 0, 0, 0, 0, 0, 0, 0, 0, 0, 0, 0, 0, 0, 0, 0, 0, 0, 0, 0, 0, 0, 0, 0, 0, 0, 0, 0, 0, 0, 0, 0, 0, 0, 0, 0, 0, 0, 0, 0, 0, 0, 0, 0, 0, 0, 0, 0, 0, 0, 0, 0, 0, 0, 0, 0, 0, 0, 0, 0, 0, 0, 0, 0, 0, 0, 0, 0, 0, 0, 0, 0, 0, 0, 0, 0, 0, 0, 0, 0, 0, 0, 0, 0, 0, 0]",410,"[0.4083867371082306, 0.40906915068626404, 0.4075503647327423, 0.40749844908714294, 0.41018345952033997, 0.4208005964756012, 0.4162711799144745, 0.4254351556301117, 0.40722984075546265, 0.40812790393829346, 0.41362065076828003, 0.41105902194976807, 0.41031473875045776, 0.42180335521698, 0.4073106348514557, 0.4186680316925049, 0.41520312428474426, 0.4078347086906433, 0.40728238224983215, 0.4081813395023346, 0.4198300242424011, 0.42716988921165466, 0.4072623550891876, 0.4168628752231598, 0.4129045009613037, 0.42772480845451355, 0.42437878251075745, 0.421130895614624, 0.4097246527671814, 0.42581847310066223, 0.40757474303245544, 0.40755966305732727, 0.411836177110672, 0.41216424107551575, 0.40758442878723145, 0.41061100363731384, 0.4076021611690521, 0.4102509319782257, 0.4126077890396118, 0.40807440876960754, 0.4072326421737671, 0.41198092699050903, 0.40740421414375305, 0.4094668924808502, 0.4167732298374176, 0.4089069068431854, 0.4102868139743805, 0.407344251871109, 0.42558643221855164, 0.441008061170578, 0.4072400629520416, 0.4272918403148651, 0.41281265020370483, 0.414928674697876, 0.4102015793323517, 0.4072379767894745, 0.4073839485645294, 0.4085206687450409, 0.4073835611343384, 0.42012202739715576, 0.4092719554901123, 0.41229212284088135, 0.42597687244415283, 0.40974482893943787, 0.4073776304721832, 0.40758442878723145, 0.41532111167907715, 0.4092404544353485, 0.40985792875289917, 0.42792999744415283, 0.4141729772090912, 0.40892407298088074, 0.42600390315055847, 0.4096181094646454, 0.41663527488708496, 0.41669854521751404, 0.40819990634918213, 0.4144554138183594, 0.40788307785987854, 0.4082881808280945, 0.4073326587677002, 0.4106302559375763, 0.41003093123435974, 0.4121434688568115, 0.4190020263195038, 0.407725065946579, 0.40725967288017273, 0.41075992584228516, 0.4336506724357605, 0.409778892993927, 0.4077394902706146, 0.4099157750606537, 0.42038413882255554, 0.42061367630958557, 0.41066834330558777, 0.43208548426628113, 0.4152052402496338, 0.4085444509983063, 0.4112011194229126, 0.416433185338974, 0.4251627027988434, 0.40733394026756287, 0.4097896218299866, 0.4081698954105377, 0.4097621440887451, 0.4092850387096405, 0.4150879681110382, 0.41609230637550354, 0.40758904814720154, 0.4145874083042145, 0.4092596173286438, 0.4099745452404022, 0.4097842276096344, 0.41294312477111816, 0.41116949915885925, 0.4074353873729706, 0.42074131965637207, 0.4229426085948944, 0.41512736678123474, 0.4080063998699188, 0.42326152324676514, 0.4098457992076874, 0.40722957253456116, 0.4080783426761627, 0.40815484523773193, 0.40765485167503357, 0.4098299741744995, 0.41322460770606995, 0.4272324740886688, 0.40724146366119385, 0.4123002886772156, 0.4167027771472931, 0.41265442967414856, 0.42059051990509033, 0.41849052906036377, 0.4186679720878601, 0.41030198335647583, 0.4075457751750946, 0.4726543724536896, 0.4115692377090454, 0.40814587473869324, 0.4072745442390442, 0.4140046238899231, 0.41421130299568176, 0.42470601201057434, 0.4139401912689209, 0.4200800359249115, 0.4078507721424103, 0.4115169942378998, 0.40832069516181946, 0.40724506974220276, 0.4095021188259125, 0.41278091073036194, 0.40733757615089417, 0.40823987126350403, 0.41317984461784363, 0.41177433729171753, 0.4159516394138336, 0.41306549310684204, 0.41793057322502136, 0.40888816118240356, 0.4180818200111389, 0.4092167019844055, 0.4318864047527313, 0.409519761800766, 0.4161424934864044, 0.4159010350704193, 0.41873860359191895, 0.41519156098365784, 0.4081873297691345, 0.4135592579841614, 0.40728959441185, 0.41605672240257263, 0.4193851351737976, 0.4279380738735199, 0.4097435772418976, 0.4107992649078369, 0.4078487455844879, 0.40733256936073303, 0.41587865352630615, 0.4117274582386017, 0.4074321687221527, 0.41236332058906555, 0.4077196419239044, 0.40962180495262146, 0.4081418216228485, 0.4114900827407837, 0.4087305963039398, 0.40995675325393677, 0.40991535782814026, 0.4175184965133667, 0.42478737235069275, 0.412278950214386, 0.4186818599700928, 0.4207746088504791, 0.4158554971218109, 0.40836334228515625, 0.40766212344169617, 0.41136929392814636, 0.40841591358184814, 0.40951061248779297, 0.407335102558136, 0.41594603657722473, 0.40957310795783997, 0.4073067009449005, 0.4076996147632599, 0.4072338342666626, 0.41044893860816956, 0.42648229002952576, 0.40907710790634155, 0.40978848934173584, 0.4073370695114136, 0.41504305601119995, 0.40973490476608276, 0.416709303855896, 0.40810078382492065, 0.4093151390552521, 0.40777355432510376, 0.4074237048625946, 0.4089120626449585, 0.4410730302333832, 0.4365401864051819, 0.41626888513565063, 0.446567177772522, 0.4079659581184387, 0.42610427737236023, 0.40738382935523987, 0.4073202908039093, 0.40985751152038574, 0.41226932406425476, 0.41978490352630615, 0.4072636365890503, 0.43157684803009033, 0.4205632507801056, 0.455305814743042, 0.4080696105957031, 0.4188718795776367, 0.4126338064670563, 0.4075624942779541, 0.4411826431751251, 0.4072716236114502, 0.4098491668701172, 0.4407173991203308, 0.40793830156326294, 0.4081529378890991, 0.4336360692977905, 0.40722715854644775, 0.4099413752555847, 0.4084553122520447, 0.45348361134529114, 0.41545259952545166, 0.41990333795547485, 0.40954193472862244, 0.4124000072479248, 0.4162755608558655, 0.4073440134525299, 0.4076586663722992, 0.414408802986145, 0.41028550267219543, 0.40801528096199036, 0.4074021875858307, 0.4220794439315796, 0.40856072306632996, 0.4196676015853882, 0.40728306770324707, 0.41083085536956787, 0.4143347144126892, 0.4125763177871704, 0.42447429895401, 0.4087276756763458, 0.4153529107570648, 0.4108304977416992, 0.41637977957725525, 0.4120372533798218, 0.41367846727371216, 0.41070035099983215, 0.4114612638950348, 0.4124217927455902, 0.40849220752716064, 0.41502630710601807, 0.415035605430603, 0.4074452519416809, 0.40967780351638794, 0.42082446813583374, 0.4097306430339813, 0.40744659304618835, 0.4072381556034088, 0.41518011689186096, 0.41620227694511414, 0.4194585382938385, 0.41680270433425903, 0.4104268550872803, 0.4282781481742859, 0.41248461604118347, 0.40743914246559143, 0.4072614312171936, 0.41256144642829895, 0.426626980304718, 0.4267721176147461, 0.4120584726333618, 0.40725094079971313, 0.4162609875202179, 0.4361061453819275, 0.42228400707244873, 0.40737849473953247, 0.4076317846775055, 0.40778714418411255, 0.4083971679210663, 0.41027286648750305, 0.4125630557537079, 0.4156957268714905, 0.4073489308357239, 0.40893006324768066, 0.4343130886554718, 0.4111047685146332, 0.40902721881866455, 0.4103661775588989, 0.4072462320327759, 0.40829136967658997, 0.41226157546043396, 0.4350055456161499, 0.4137227535247803, 0.41167977452278137, 0.4157698154449463, 0.4156743586063385, 0.4073549509048462, 0.40763431787490845, 0.40758416056632996, 0.4079990088939667, 0.42929401993751526, 0.4072476625442505, 0.4094197154045105, 0.40722721815109253, 0.42038223147392273, 0.4081428050994873, 0.41617730259895325, 0.4077598452568054, 0.41622793674468994, 0.4111770987510681, 0.4073152244091034, 0.4081178605556488, 0.42321014404296875, 0.41630661487579346, 0.42490333318710327, 0.40878403186798096, 0.42377251386642456, 0.41190579533576965, 0.42777520418167114, 0.42220938205718994, 0.40735235810279846, 0.42585548758506775, 0.4072754979133606, 0.41297799348831177, 0.4269430637359619, 0.4229379892349243, 0.407415509223938, 0.4186839163303375, 0.4072721004486084, 0.41215384006500244, 0.4074344336986542, 0.4073486030101776, 0.40962159633636475, 0.41252613067626953, 0.4221898317337036, 0.41000688076019287, 0.40724921226501465, 0.40730953216552734, 0.4113420844078064, 0.40958651900291443, 0.4092857837677002, 0.43824130296707153, 0.4075261354446411, 0.4178067743778229, 0.41588377952575684, 0.4170852601528168, 0.4074791967868805, 0.4110592007637024, 0.41419169306755066, 0.42548301815986633, 0.4252358376979828, 0.4185622036457062, 0.40984824299812317, 0.40771862864494324, 0.40736085176467896, 0.4122958779335022, 0.4100496768951416, 0.41818296909332275, 0.407647967338562, 0.4198448657989502, 0.4161036014556885, 0.40820255875587463, 0.4073445200920105, 0.40912896394729614, 0.40723907947540283, 0.4101499319076538, 0.408812552690506, 0.40730029344558716, 0.4085753560066223, 0.4599417448043823, 0.4195980429649353, 0.40731281042099, 0.4359346628189087, 0.4156889021396637, 0.40762805938720703, 0.41587287187576294, 0.40895774960517883, 0.41602763533592224, 0.42024949193000793, 0.42543795704841614, 0.410752534866333]",0.0,"[0.0, 0.0, 0.0, 0.0, 0.0, 0.0, 0.0, 0.0, 0.0, 0.0, 0.0, 0.0, 0.0, 0.0, 0.0, 0.0, 0.0, 0.0, 0.0, 0.0, 0.0, 0.0, 0.0, 0.0, 0.0, 0.0, 0.0, 0.0, 0.0, 0.0, 0.0, 0.0, 0.0, 0.0, 0.0, 0.0, 0.0, 0.0, 0.0, 0.0, 0.0, 0.0, 0.0, 0.0, 0.0, 0.0, 0.0, 0.0, 0.0, 0.0, 0.0, 0.0, 0.0, 0.0, 0.0, 0.0, 0.0, 0.0, 0.0, 0.0, 0.0, 0.0, 0.0, 0.0, 0.0, 0.0, 0.0, 0.0, 0.0, 0.0, 0.0, 0.0, 0.0, 0.0, 0.0, 0.0, 0.0, 0.0, 0.0, 0.0, 0.0, 0.0, 0.0, 0.0, 0.0, 0.0, 0.0, 0.0, 0.0, 0.0, 0.0, 0.0, 0.0, 0.0, 0.0, 0.0, 0.0, 0.0, 0.0, 0.0, 0.0, 0.0, 0.0, 0.0, 0.0, 0.0, 0.0, 0.0, 0.0, 0.0, 0.0, 0.0, 0.0, 0.0, 0.0, 0.0, 0.0, 0.0, 0.0, 0.0, 0.0, 0.0, 0.0, 0.0, 0.0, 0.0, 0.0, 0.0, 0.0, 0.0, 0.0, 0.0, 0.0, 0.0, 0.0, 0.0, 0.0, 0.0, 0.0, 0.0, 0.0, 0.0, 0.0, 0.0, 0.0, 0.0, 0.0, 0.0, 0.0, 0.0, 0.0, 0.0, 0.0, 0.0, 0.0, 0.0, 0.0, 0.0, 0.0, 0.0, 0.0, 0.0, 0.0, 0.0, 0.0, 0.0, 0.0, 0.0, 0.0, 0.0, 0.0, 0.0, 0.0, 0.0, 0.0, 0.0, 0.0, 0.0, 0.0, 0.0, 0.0, 0.0, 0.0, 0.0, 0.0, 0.0, 0.0, 0.0, 0.0, 0.0, 0.0, 0.0, 0.0, 0.0, 0.0, 0.0, 0.0, 0.0, 0.0, 0.0, 0.0, 0.0, 0.0, 0.0, 0.0, 0.0, 0.0, 0.0, 0.0, 0.0, 0.0, 0.0, 0.0, 0.0, 0.0, 0.0, 0.0, 0.0, 0.0, 0.0, 0.0, 0.0, 0.0, 0.0, 0.0, 0.0, 0.0, 0.0, 0.0, 0.0, 0.0, 0.0, 0.0, 0.0, 0.0, 0.0, 0.0, 0.0, 0.0, 0.0, 0.0, 0.0, 0.0, 0.0, 0.0, 0.0, 0.0, 0.0, 0.0, 0.0, 0.0, 0.0, 0.0, 0.0, 0.0, 0.0, 0.0, 0.0, 0.0, 0.0, 0.0, 0.0, 0.0, 0.0, 0.0, 0.0, 0.0, 0.0, 0.0, 0.0, 0.0, 0.0, 0.0, 0.0, 0.0, 0.0, 0.0, 0.0, 0.0, 0.0, 0.0, 0.0, 0.0, 0.0, 0.0, 0.0, 0.0, 0.0, 0.0, 0.0, 0.0, 0.0, 0.0, 0.0, 0.0, 0.0, 0.0, 0.0, 0.0, 0.0, 0.0, 0.0, 0.0, 0.0, 0.0, 0.0, 0.0, 0.0, 0.0, 0.0, 0.0, 0.0, 0.0, 0.0, 0.0, 0.0, 0.0, 0.0, 0.0, 0.0, 0.0, 0.0, 0.0, 0.0, 0.0, 0.0, 0.0, 0.0, 0.0, 0.0, 0.0, 0.0, 0.0, 0.0, 0.0, 0.0, 0.0, 0.0, 0.0, 0.0, 0.0, 0.0, 0.0, 0.0, 0.0, 0.0, 0.0, 0.0, 0.0, 0.0, 0.0, 0.0, 0.0, 0.0, 0.0, 0.0, 0.0, 0.0, 0.0, 0.0, 0.0, 0.0, 0.0, 0.0, 0.0, 0.0, 0.0, 0.0, 0.0, 0.0, 0.0, 0.0, 0.0, 0.0, 0.0, 0.0, 0.0, 0.0, 0.0, 0.0, 0.0, 0.0, 0.0, 0.0, 0.0, 0.0, 0.0, 0.0, 0.0, 0.0, 0.0, 0.0, 0.0, 0.0, 0.0, 0.0, 0.0, 0.0, 0.0, 0.0, 0.0, 0.0, 0.0, 0.0, 0.0, 0.0, 0.0, 0.0, 0.0, 0.0]",COMPLETE
22,22,0.5,2024-08-31 01:17:24.740314,2024-08-31 01:18:39.874595,0 days 00:01:15.134281,1,7.588009687196297,5,65,0.0973425124582186,26,0.013456200940987885,0.859,0.85875,0,"[0, 0, 0, 0, 0, 0, 0, 0, 0, 0, 0, 0, 0, 0, 0, 0, 0, 0, 0, 0, 0, 0, 0, 0, 0, 0, 0, 0, 0, 0, 0, 0, 0, 0, 0, 0, 0, 0, 0, 0, 0, 0, 0, 0, 0, 0, 0, 0, 0, 0, 0, 0, 0, 0, 0, 0, 0, 0, 0, 0, 0, 0, 0, 0, 0]",0.0,"[0.0, 0.0, 0.0, 0.0, 0.0, 0.0, 0.0, 0.0, 0.0, 0.0, 0.0, 0.0, 0.0, 0.0, 0.0, 0.0, 0.0, 0.0, 0.0, 0.0, 0.0, 0.0, 0.0, 0.0, 0.0, 0.0, 0.0, 0.0, 0.0, 0.0, 0.0, 0.0, 0.0, 0.0, 0.0, 0.0, 0.0, 0.0, 0.0, 0.0, 0.0, 0.0, 0.0, 0.0, 0.0, 0.0, 0.0, 0.0, 0.0, 0.0, 0.0, 0.0, 0.0, 0.0, 0.0, 0.0, 0.0, 0.0, 0.0, 0.0, 0.0, 0.0, 0.0, 0.0, 0.0]",0.5,0.5,0,"[0, 0, 0, 0, 0, 0, 0, 0, 0, 0, 0, 0, 0, 0, 0, 0, 0, 0, 0, 0, 0, 0, 0, 0, 0, 0, 0, 0, 0, 0, 0, 0, 0, 0, 0, 0, 0, 0, 0, 0, 0, 0, 0, 0, 0, 0, 0, 0, 0, 0, 0, 0, 0, 0, 0, 0, 0, 0, 0, 0, 0, 0, 0, 0, 0]",65,"[0.40777865052223206, 1.298892617225647, 0.44379809498786926, 0.4557643532752991, 0.42492154240608215, 0.4545668363571167, 0.529375433921814, 0.7623445987701416, 0.7669618129730225, 0.7407739758491516, 0.4231005907058716, 0.43370965123176575, 0.44780486822128296, 0.4077650010585785, 0.40805280208587646, 0.4786911904811859, 0.4218386709690094, 0.5119019150733948, 0.44282764196395874, 0.4076313078403473, 0.49752846360206604, 0.42621397972106934, 0.44303858280181885, 0.7179732322692871, 0.5685436129570007, 0.5874902009963989, 0.47938212752342224, 0.41870391368865967, 0.4127291142940521, 0.6761486530303955, 0.4074084758758545, 0.631625771522522, 0.41903555393218994, 0.44281458854675293, 0.4793340563774109, 0.41756415367126465, 0.4293922483921051, 0.40945151448249817, 0.44405463337898254, 0.40760043263435364, 0.5039212107658386, 0.6858891248703003, 0.545474112033844, 0.4650244116783142, 0.5235179662704468, 0.6577891707420349, 0.6667689681053162, 0.44858357310295105, 0.4084247350692749, 0.4125742018222809, 0.5558677911758423, 0.40789031982421875, 0.4299478828907013, 0.4410988688468933, 0.713177502155304, 0.4240156412124634, 0.689953625202179, 0.4189941883087158, 0.47388744354248047, 0.4476112127304077, 0.43333274126052856, 0.5100463628768921, 0.571640133857727, 0.43285587430000305, 0.4411524832248688]",0.0,"[0.0, 0.0, 0.0, 0.0, 0.0, 0.0, 0.0, 0.0, 0.0, 0.0, 0.0, 0.0, 0.0, 0.0, 0.0, 0.0, 0.0, 0.0, 0.0, 0.0, 0.0, 0.0, 0.0, 0.0, 0.0, 0.0, 0.0, 0.0, 0.0, 0.0, 0.0, 0.0, 0.0, 0.0, 0.0, 0.0, 0.0, 0.0, 0.0, 0.0, 0.0, 0.0, 0.0, 0.0, 0.0, 0.0, 0.0, 0.0, 0.0, 0.0, 0.0, 0.0, 0.0, 0.0, 0.0, 0.0, 0.0, 0.0, 0.0, 0.0, 0.0, 0.0, 0.0, 0.0, 0.0]",COMPLETE
