,number,value,datetime_start,datetime_complete,duration,params_batch_size_scaler,params_constant_learning_rate,params_depth,params_epochs,params_kernel_l2,params_num_trees,params_temperature,user_attrs_accuracy_test,user_attrs_accuracy_valid,user_attrs_approximate_feature_sparsity,user_attrs_approximate_feature_sparsity_history,user_attrs_approximate_weight_sparsity,user_attrs_approximate_weight_sparsity_history,user_attrs_auc_test,user_attrs_auc_valid,user_attrs_feature_sparsity,user_attrs_feature_sparsity_history,user_attrs_num_epochs,user_attrs_val_loss_history,user_attrs_weight_sparsity,user_attrs_weight_sparsity_history,state
59,59,0.8911002048150868,2024-08-31 03:06:39.746930,2024-08-31 03:13:07.522749,0 days 00:06:27.775819,16,0.1263240248484451,6,380,0.2204198675735608,32,0.008375108891731157,0.913,0.89875,33,"[33, 33, 33, 33, 33, 33, 33, 33, 33, 33, 33, 33, 33, 33, 33, 33, 33, 33, 33, 33, 33, 33, 33, 33, 33, 33, 33, 33, 33, 33, 33, 33, 33, 33, 33, 33, 33, 33, 33, 33, 33, 33, 33, 33, 33, 33, 33, 33, 33, 33, 33, 33, 33, 33, 33, 33, 33, 33, 33, 33, 33, 33, 33, 33, 33, 33, 33, 33, 33, 33, 33, 33, 33, 33, 33, 33, 33, 33, 33, 33, 33, 33, 33, 33, 33, 33, 33, 33, 33, 33, 33, 33, 33, 33, 33, 33, 33, 33, 33, 33, 33, 33, 33, 33, 33, 33, 33, 33, 33, 33, 33, 33, 33, 33, 33, 33, 33, 33, 33, 33, 33, 33, 33, 33, 33, 33, 33, 33, 33, 33, 33, 33, 33, 33, 33, 33, 33, 33, 33, 33, 33, 33, 33, 33, 33, 33, 33, 33, 33, 33, 33, 33, 33, 33, 33, 33, 33, 33, 33, 33, 33, 33, 33, 33, 33, 33, 33, 33, 33, 33, 33, 33, 33, 33, 33, 33, 33, 33, 33, 33, 33, 33, 33, 33, 33, 33, 33, 33, 33, 33, 33, 33, 33, 33, 33, 33, 33, 33, 33, 33, 33, 33, 33, 33, 33, 33, 33, 33, 33, 33, 33, 33, 33, 33, 33, 33, 33, 33, 33, 33, 33, 33, 33, 33, 33, 33, 33, 33, 33, 33, 33, 33, 33, 33, 33, 33, 33, 33, 33, 33, 33, 33, 33, 33, 33, 33, 33, 33, 33, 33, 33, 33, 33, 33, 33, 33, 33, 33, 33, 33, 33, 33, 33, 33, 33, 33, 33, 33, 33, 33, 33, 33, 33, 33, 33, 33, 33, 33, 33, 33, 33, 33, 33, 33, 33, 33, 33, 33, 33, 33, 33, 33, 33, 33, 33, 33, 33, 33, 33, 33, 33, 33, 33, 33, 33, 33, 33, 33, 33, 33, 33, 33, 33, 33, 33, 33, 33, 33, 33, 33, 33, 33, 33, 33, 33, 33, 33, 33, 33, 33, 33, 33, 33, 33, 33, 33, 33, 33, 33, 33, 33, 33, 33, 33, 33, 33, 33, 33, 33, 33, 33, 33, 33, 33, 33, 33, 33, 33, 33, 33, 33, 33, 33, 33, 33, 33, 33, 33, 33, 33, 33, 33, 33, 33, 33, 33, 33, 33, 33, 33]",32.941964285714285,"[32.944940476190474, 32.94295634920635, 32.93799603174603, 32.933035714285715, 32.93998015873016, 32.93551587301587, 32.93204365079365, 32.933035714285715, 32.93650793650794, 32.93700396825397, 32.93700396825397, 32.94097222222222, 32.93650793650794, 32.93700396825397, 32.93948412698413, 32.94097222222222, 32.942460317460316, 32.93799603174603, 32.94097222222222, 32.941964285714285, 32.93551587301587, 32.94890873015873, 32.93998015873016, 32.94742063492063, 32.942460317460316, 32.94642857142857, 32.94593253968254, 32.94444444444444, 32.94593253968254, 32.94593253968254, 32.94593253968254, 32.94345238095238, 32.93998015873016, 32.94990079365079, 32.941964285714285, 32.94642857142857, 32.95039682539682, 32.94295634920635, 32.941964285714285, 32.9375, 32.94146825396825, 32.93799603174603, 32.9375, 32.94097222222222, 32.9469246031746, 32.94146825396825, 32.948908730158735, 32.9469246031746, 32.942460317460316, 32.94047619047619, 32.936011904761905, 32.93799603174603, 32.93402777777778, 32.93154761904762, 32.925595238095234, 32.930059523809526, 32.930059523809526, 32.9375, 32.94047619047619, 32.93948412698413, 32.93998015873016, 32.93948412698413, 32.94047619047619, 32.93849206349206, 32.93799603174603, 32.933035714285715, 32.93700396825397, 32.936011904761905, 32.93452380952381, 32.93154761904761, 32.93353174603175, 32.93353174603175, 32.941964285714285, 32.94097222222222, 32.93849206349206, 32.93551587301587, 32.93998015873016, 32.94146825396825, 32.93948412698413, 32.938988095238095, 32.94295634920635, 32.945436507936506, 32.93849206349206, 32.94097222222222, 32.94345238095238, 32.94047619047619, 32.93650793650794, 32.93700396825397, 32.938988095238095, 32.93650793650794, 32.941964285714285, 32.94642857142857, 32.9469246031746, 32.941964285714285, 32.94345238095238, 32.94593253968254, 32.95188492063492, 32.9469246031746, 32.951388888888886, 32.94097222222222, 32.941964285714285, 32.945436507936506, 32.94593253968254, 32.94444444444444, 32.94890873015873, 32.945436507936506, 32.947916666666664, 32.9469246031746, 32.94295634920635, 32.93948412698413, 32.93799603174603, 32.94295634920635, 32.93501984126984, 32.93551587301587, 32.9375, 32.93799603174603, 32.93650793650794, 32.936011904761905, 32.938988095238095, 32.94097222222222, 32.93700396825397, 32.938988095238095, 32.93551587301587, 32.93849206349206, 32.93948412698413, 32.94295634920635, 32.94345238095238, 32.944940476190474, 32.944940476190474, 32.9469246031746, 32.94444444444444, 32.947916666666664, 32.945436507936506, 32.94345238095238, 32.9375, 32.93799603174603, 32.94345238095238, 32.94642857142857, 32.94444444444444, 32.94593253968254, 32.944940476190474, 32.94940476190476, 32.944940476190474, 32.93948412698413, 32.942460317460316, 32.942460317460316, 32.93948412698413, 32.93700396825397, 32.93998015873016, 32.93700396825397, 32.93650793650794, 32.93948412698413, 32.93799603174603, 32.93799603174603, 32.942460317460316, 32.94146825396825, 32.94394841269841, 32.94394841269841, 32.94345238095239, 32.94047619047619, 32.93551587301587, 32.936011904761905, 32.93551587301587, 32.93551587301587, 32.93849206349206, 32.93998015873016, 32.94097222222222, 32.94097222222222, 32.94146825396825, 32.941964285714285, 32.94345238095238, 32.945436507936506, 32.94543650793651, 32.94295634920635, 32.93998015873016, 32.93650793650794, 32.94047619047619, 32.94295634920635, 32.94742063492063, 32.94642857142857, 32.948412698412696, 32.95089285714286, 32.95138888888889, 32.95287698412698, 32.95238095238095, 32.951388888888886, 32.94990079365079, 32.94940476190476, 32.944940476190474, 32.938988095238095, 32.94097222222222, 32.93948412698413, 32.93799603174603, 32.93700396825397, 32.94097222222222, 32.942460317460316, 32.94047619047619, 32.93998015873016, 32.93799603174603, 32.93799603174603, 32.933035714285715, 32.93402777777778, 32.92857142857143, 32.9280753968254, 32.936011904761905, 32.93849206349206, 32.933035714285715, 32.93551587301587, 32.93105158730159, 32.929563492063494, 32.93105158730159, 32.93402777777778, 32.93353174603175, 32.936011904761905, 32.936011904761905, 32.93402777777778, 32.92857142857143, 32.93452380952381, 32.93402777777778, 32.93501984126984, 32.933035714285715, 32.92857142857143, 32.92906746031746, 32.93204365079365, 32.93452380952381, 32.93501984126984, 32.93501984126984, 32.93204365079365, 32.93402777777778, 32.933035714285715, 32.93353174603175, 32.932539682539684, 32.93055555555555, 32.92906746031746, 32.932539682539684, 32.93700396825397, 32.9375, 32.930059523809526, 32.929563492063494, 32.93055555555556, 32.9280753968254, 32.92857142857143, 32.92261904761905, 32.92063492063492, 32.925595238095234, 32.925595238095234, 32.92509920634921, 32.92609126984127, 32.92857142857143, 32.92509920634921, 32.929563492063494, 32.927083333333336, 32.92559523809524, 32.926587301587304, 32.932539682539684, 32.936011904761905, 32.941964285714285, 32.93700396825397, 32.93700396825397, 32.93799603174603, 32.9375, 32.93353174603175, 32.93353174603175, 32.93501984126984, 32.93700396825397, 32.936011904761905, 32.94146825396825, 32.94394841269841, 32.94444444444444, 32.94146825396825, 32.942460317460316, 32.94593253968254, 32.942460317460316, 32.94394841269841, 32.93799603174603, 32.93998015873016, 32.94444444444444, 32.94444444444444, 32.94146825396825, 32.94295634920635, 32.94146825396825, 32.93948412698413, 32.93700396825397, 32.93501984126984, 32.93998015873016, 32.9375, 32.932539682539684, 32.936011904761905, 32.93501984126984, 32.93650793650794, 32.93998015873016, 32.936011904761905, 32.93948412698413, 32.94047619047619, 32.938988095238095, 32.93402777777778, 32.92906746031746, 32.929563492063494, 32.933035714285715, 32.93353174603175, 32.93700396825397, 32.93452380952381, 32.93551587301587, 32.941964285714285, 32.93650793650794, 32.93700396825397, 32.936011904761905, 32.93948412698413, 32.93948412698413, 32.94345238095238, 32.94295634920635, 32.944940476190474, 32.94444444444444, 32.941964285714285, 32.94444444444444, 32.941964285714285, 32.93998015873016, 32.93650793650794, 32.93452380952381, 32.938988095238095, 32.9375, 32.93849206349206, 32.94097222222222, 32.93650793650794, 32.9375, 32.938988095238095, 32.94097222222222, 32.93700396825397, 32.93849206349206, 32.93055555555556, 32.933035714285715, 32.9375, 32.93948412698413, 32.93998015873016, 32.942460317460316, 32.94146825396825, 32.93948412698413, 32.94444444444444, 32.93998015873016, 32.94097222222222, 32.936011904761905, 32.93849206349206, 32.93650793650794, 32.933035714285715, 32.93154761904762, 32.927083333333336, 32.92906746031746, 32.93055555555556, 32.929563492063494, 32.929563492063494, 32.92757936507937, 32.927083333333336, 32.92757936507936, 32.93105158730159, 32.93501984126984, 32.93402777777778, 32.93650793650794, 32.932539682539684, 32.93551587301587, 32.93353174603175, 32.932539682539684, 32.93055555555556, 32.932539682539684, 32.93452380952381, 32.938988095238095, 32.9375, 32.93948412698413, 32.936011904761905, 32.93650793650794, 32.93402777777778, 32.93402777777778, 32.93501984126984, 32.9375, 32.938988095238095, 32.93998015873016, 32.94394841269841, 32.94146825396825, 32.942460317460316, 32.94146825396825, 32.941964285714285]",0.8772529495785136,0.8911002048150868,33,"[33, 33, 33, 33, 33, 33, 33, 33, 33, 33, 33, 33, 33, 33, 33, 33, 33, 33, 33, 33, 33, 33, 33, 33, 33, 33, 33, 33, 33, 33, 33, 33, 33, 33, 33, 33, 33, 33, 33, 33, 33, 33, 33, 33, 33, 33, 33, 33, 33, 33, 33, 33, 33, 33, 33, 33, 33, 33, 33, 33, 33, 33, 33, 33, 33, 33, 33, 33, 33, 33, 33, 33, 33, 33, 33, 33, 33, 33, 33, 33, 33, 33, 33, 33, 33, 33, 33, 33, 33, 33, 33, 33, 33, 33, 33, 33, 33, 33, 33, 33, 33, 33, 33, 33, 33, 33, 33, 33, 33, 33, 33, 33, 33, 33, 33, 33, 33, 33, 33, 33, 33, 33, 33, 33, 33, 33, 33, 33, 33, 33, 33, 33, 33, 33, 33, 33, 33, 33, 33, 33, 33, 33, 33, 33, 33, 33, 33, 33, 33, 33, 33, 33, 33, 33, 33, 33, 33, 33, 33, 33, 33, 33, 33, 33, 33, 33, 33, 33, 33, 33, 33, 33, 33, 33, 33, 33, 33, 33, 33, 33, 33, 33, 33, 33, 33, 33, 33, 33, 33, 33, 33, 33, 33, 33, 33, 33, 33, 33, 33, 33, 33, 33, 33, 33, 33, 33, 33, 33, 33, 33, 33, 33, 33, 33, 33, 33, 33, 33, 33, 33, 33, 33, 33, 33, 33, 33, 33, 33, 33, 33, 33, 33, 33, 33, 33, 33, 33, 33, 33, 33, 33, 33, 33, 33, 33, 33, 33, 33, 33, 33, 33, 33, 33, 33, 33, 33, 33, 33, 33, 33, 33, 33, 33, 33, 33, 33, 33, 33, 33, 33, 33, 33, 33, 33, 33, 33, 33, 33, 33, 33, 33, 33, 33, 33, 33, 33, 33, 33, 33, 33, 33, 33, 33, 33, 33, 33, 33, 33, 33, 33, 33, 33, 33, 33, 33, 33, 33, 33, 33, 33, 33, 33, 33, 33, 33, 33, 33, 33, 33, 33, 33, 33, 33, 33, 33, 33, 33, 33, 33, 33, 33, 33, 33, 33, 33, 33, 33, 33, 33, 33, 33, 33, 33, 33, 33, 33, 33, 33, 33, 33, 33, 33, 33, 33, 33, 33, 33, 33, 33, 33, 33, 33, 33, 33, 33, 33, 33, 33, 33, 33, 33, 33, 33, 33, 33, 33, 33, 33, 33, 33]",380,"[0.49801361560821533, 0.44893181324005127, 0.42668959498405457, 0.41517341136932373, 0.40857985615730286, 0.4045378863811493, 0.40155190229415894, 0.39932554960250854, 0.39752063155174255, 0.395999938249588, 0.39464202523231506, 0.39341676235198975, 0.3923230767250061, 0.39122962951660156, 0.3902049958705902, 0.38927212357521057, 0.3884055018424988, 0.38760197162628174, 0.38679274916648865, 0.38605010509490967, 0.38531163334846497, 0.38460537791252136, 0.38392096757888794, 0.38327786326408386, 0.38263875246047974, 0.3820560872554779, 0.38149696588516235, 0.3809349536895752, 0.38041678071022034, 0.379924476146698, 0.37944769859313965, 0.3789769113063812, 0.3785039186477661, 0.3780585527420044, 0.3776289224624634, 0.3771941065788269, 0.3767487704753876, 0.376346617937088, 0.37595516443252563, 0.3755311965942383, 0.37516558170318604, 0.37484291195869446, 0.3744785785675049, 0.3741067945957184, 0.3737507164478302, 0.37340766191482544, 0.3730415403842926, 0.3727215826511383, 0.37236925959587097, 0.3720630407333374, 0.37176987528800964, 0.37146496772766113, 0.3711002469062805, 0.37080615758895874, 0.37051188945770264, 0.3701760470867157, 0.36984822154045105, 0.3695569634437561, 0.3692411780357361, 0.3689129948616028, 0.3686278164386749, 0.36831796169281006, 0.3680264353752136, 0.3677421808242798, 0.3674153983592987, 0.36712509393692017, 0.3668109178543091, 0.36653411388397217, 0.3662746846675873, 0.3659822344779968, 0.36568859219551086, 0.36541280150413513, 0.3651387095451355, 0.3648655414581299, 0.3645695149898529, 0.36429283022880554, 0.3639777898788452, 0.36364489793777466, 0.3633615970611572, 0.3630474805831909, 0.36271965503692627, 0.3624274432659149, 0.3621530830860138, 0.36187952756881714, 0.3616165518760681, 0.3612807095050812, 0.3609355092048645, 0.3606549799442291, 0.36037740111351013, 0.36006951332092285, 0.35981836915016174, 0.3595239222049713, 0.3592405617237091, 0.3589673340320587, 0.35862305760383606, 0.3583141267299652, 0.3579798936843872, 0.3577037751674652, 0.3574165403842926, 0.3571164309978485, 0.35677996277809143, 0.35650670528411865, 0.3561938405036926, 0.35586345195770264, 0.35556933283805847, 0.3552466630935669, 0.354949027299881, 0.35462820529937744, 0.3543309271335602, 0.35402655601501465, 0.3537381887435913, 0.3534637689590454, 0.3531414270401001, 0.3528200387954712, 0.3525048792362213, 0.3521977663040161, 0.3518499433994293, 0.35152000188827515, 0.3512367010116577, 0.3508991301059723, 0.3505845367908478, 0.3502935469150543, 0.3499562442302704, 0.3496449291706085, 0.34931185841560364, 0.3489494025707245, 0.34860169887542725, 0.3482675552368164, 0.34788256883621216, 0.3475574851036072, 0.3472232520580292, 0.3468709886074066, 0.34647905826568604, 0.34610122442245483, 0.34574803709983826, 0.3453831970691681, 0.34502094984054565, 0.34468746185302734, 0.3443641662597656, 0.3439665734767914, 0.34364253282546997, 0.3432701528072357, 0.34293869137763977, 0.3425595760345459, 0.3421446979045868, 0.3417743444442749, 0.34140175580978394, 0.3410400152206421, 0.34066128730773926, 0.34030482172966003, 0.3399101197719574, 0.33960235118865967, 0.3392290771007538, 0.3388809263706207, 0.3384992480278015, 0.33809584379196167, 0.3377022445201874, 0.33727848529815674, 0.3369118869304657, 0.3365281820297241, 0.3361187279224396, 0.3357376754283905, 0.33538496494293213, 0.3349582254886627, 0.3345429301261902, 0.3341914713382721, 0.33379635214805603, 0.3334101736545563, 0.3329960107803345, 0.332619309425354, 0.33223944902420044, 0.33185794949531555, 0.3314789831638336, 0.33107006549835205, 0.33062031865119934, 0.33021682500839233, 0.32980766892433167, 0.3293887972831726, 0.32896026968955994, 0.328606516122818, 0.3281973898410797, 0.3278477191925049, 0.3274259865283966, 0.32705432176589966, 0.3266181945800781, 0.3261886537075043, 0.3257848024368286, 0.3253576159477234, 0.3249586224555969, 0.3245490789413452, 0.324110209941864, 0.32367897033691406, 0.3232237994670868, 0.32281941175460815, 0.3223896920681, 0.3219900131225586, 0.3215463161468506, 0.32114723324775696, 0.32074204087257385, 0.3203198313713074, 0.31986546516418457, 0.31945139169692993, 0.3189965784549713, 0.31861579418182373, 0.3182055652141571, 0.3178110122680664, 0.31741294264793396, 0.3170084059238434, 0.31654465198516846, 0.3161447048187256, 0.31572332978248596, 0.31530818343162537, 0.31486767530441284, 0.3144361972808838, 0.3140109181404114, 0.3135642111301422, 0.3131787180900574, 0.3127761781215668, 0.31237393617630005, 0.3119722008705139, 0.3115326762199402, 0.31107473373413086, 0.31065428256988525, 0.3102322220802307, 0.3098098933696747, 0.30940210819244385, 0.3089904487133026, 0.30859658122062683, 0.30817705392837524, 0.307797372341156, 0.30740025639533997, 0.3069632649421692, 0.3064630329608917, 0.3060116469860077, 0.3055555522441864, 0.30515941977500916, 0.3047412633895874, 0.30436357855796814, 0.30396974086761475, 0.30354827642440796, 0.30316343903541565, 0.3027748763561249, 0.3023768663406372, 0.3019509017467499, 0.3015522360801697, 0.30115532875061035, 0.30073681473731995, 0.30036261677742004, 0.29998403787612915, 0.2995980978012085, 0.2992195188999176, 0.29883527755737305, 0.2984682321548462, 0.29811781644821167, 0.29766762256622314, 0.29727286100387573, 0.2968854308128357, 0.2965165972709656, 0.29615119099617004, 0.29580438137054443, 0.29537203907966614, 0.29501837491989136, 0.2946310341358185, 0.2942921221256256, 0.2938982844352722, 0.29350942373275757, 0.29310861229896545, 0.29279065132141113, 0.2924535572528839, 0.2921675443649292, 0.2918321192264557, 0.2914716899394989, 0.29114630818367004, 0.2908053696155548, 0.290524423122406, 0.2902238368988037, 0.2899094820022583, 0.28958699107170105, 0.28921473026275635, 0.28891173005104065, 0.28866755962371826, 0.28832343220710754, 0.28800731897354126, 0.2876397967338562, 0.2873571813106537, 0.2870481610298157, 0.2866870164871216, 0.28629979491233826, 0.28597038984298706, 0.2856613099575043, 0.28534063696861267, 0.28504589200019836, 0.2846898138523102, 0.2843948304653168, 0.2841136157512665, 0.28378966450691223, 0.2834864854812622, 0.2831921875476837, 0.28287917375564575, 0.2825946509838104, 0.28234511613845825, 0.28207603096961975, 0.2817697525024414, 0.28148919343948364, 0.2811569273471832, 0.2808820307254791, 0.28061947226524353, 0.28030356764793396, 0.27999329566955566, 0.27973195910453796, 0.2794468402862549, 0.27918389439582825, 0.27893227338790894, 0.27865925431251526, 0.2784193754196167, 0.27816781401634216, 0.2778482735157013, 0.2776011526584625, 0.2773337960243225, 0.2770976722240448, 0.2767674922943115, 0.2765466868877411, 0.2762758731842041, 0.2760200798511505, 0.2757599651813507, 0.275476336479187, 0.2752688229084015, 0.2749975323677063, 0.2747204899787903, 0.27448225021362305, 0.2742622494697571, 0.2739635705947876, 0.27371135354042053, 0.2734535336494446, 0.27327826619148254, 0.27300894260406494, 0.2727837860584259, 0.27254217863082886, 0.27228298783302307, 0.27206090092658997, 0.2718496322631836, 0.27165061235427856, 0.2714661657810211, 0.2712334096431732, 0.2710009515285492, 0.2707332372665405, 0.2705304026603699, 0.27029985189437866, 0.2700524926185608, 0.2698507606983185, 0.2696046531200409, 0.2693931460380554, 0.26914212107658386, 0.26892292499542236, 0.26874348521232605, 0.2684951424598694, 0.2682783007621765, 0.26808056235313416, 0.26789408922195435, 0.2676669955253601, 0.2674821615219116, 0.26728129386901855, 0.26707759499549866, 0.26684272289276123, 0.266709566116333, 0.2665269374847412, 0.26624539494514465, 0.2660083472728729, 0.26578637957572937, 0.26558616757392883, 0.2653343379497528, 0.2651287317276001, 0.26488885283470154, 0.2646935284137726, 0.2644968330860138, 0.2642767131328583, 0.2640951871871948, 0.2638850808143616, 0.26367735862731934, 0.2634675204753876]",33.0,"[33.0, 33.0, 33.0, 33.0, 33.0, 33.0, 33.0, 33.0, 33.0, 33.0, 33.0, 33.0, 33.0, 33.0, 33.0, 33.0, 33.0, 33.0, 33.0, 33.0, 33.0, 33.0, 33.0, 33.0, 33.0, 33.0, 33.0, 33.0, 33.0, 33.0, 33.0, 33.0, 33.0, 33.0, 33.0, 33.0, 33.0, 33.0, 33.0, 33.0, 33.0, 33.0, 33.0, 33.0, 33.0, 33.0, 33.0, 33.0, 33.0, 33.0, 33.0, 33.0, 33.0, 33.0, 33.0, 33.0, 33.0, 33.0, 33.0, 33.0, 33.0, 33.0, 33.0, 33.0, 33.0, 33.0, 33.0, 33.0, 33.0, 33.0, 33.0, 33.0, 33.0, 33.0, 33.0, 33.0, 33.0, 33.0, 33.0, 33.0, 33.0, 33.0, 33.0, 33.0, 33.0, 33.0, 33.0, 33.0, 33.0, 33.0, 33.0, 33.0, 33.0, 33.0, 33.0, 33.0, 33.0, 33.0, 33.0, 33.0, 33.0, 33.0, 33.0, 33.0, 33.0, 33.0, 33.0, 33.0, 33.0, 33.0, 33.0, 33.0, 33.0, 33.0, 33.0, 33.0, 33.0, 33.0, 33.0, 33.0, 33.0, 33.0, 33.0, 33.0, 33.0, 33.0, 33.0, 33.0, 33.0, 33.0, 33.0, 33.0, 33.0, 33.0, 33.0, 33.0, 33.0, 33.0, 33.0, 33.0, 33.0, 33.0, 33.0, 33.0, 33.0, 33.0, 33.0, 33.0, 33.0, 33.0, 33.0, 33.0, 33.0, 33.0, 33.0, 33.0, 33.0, 33.0, 33.0, 33.0, 33.0, 33.0, 33.0, 33.0, 33.0, 33.0, 33.0, 33.0, 33.0, 33.0, 33.0, 33.0, 33.0, 33.0, 33.0, 33.0, 33.0, 33.0, 33.0, 33.0, 33.0, 33.0, 33.0, 33.0, 33.0, 33.0, 33.0, 33.0, 33.0, 33.0, 33.0, 33.0, 33.0, 33.0, 33.0, 33.0, 33.0, 33.0, 33.0, 33.0, 33.0, 33.0, 33.0, 33.0, 33.0, 33.0, 33.0, 33.0, 33.0, 33.0, 33.0, 33.0, 33.0, 33.0, 33.0, 33.0, 33.0, 33.0, 33.0, 33.0, 33.0, 33.0, 33.0, 33.0, 33.0, 33.0, 33.0, 33.0, 33.0, 33.0, 33.0, 33.0, 33.0, 33.0, 33.0, 33.0, 33.0, 33.0, 33.0, 33.0, 33.0, 33.0, 33.0, 33.0, 33.0, 33.0, 33.0, 33.0, 33.0, 33.0, 33.0, 33.0, 33.0, 33.0, 33.0, 33.0, 33.0, 33.0, 33.0, 33.0, 33.0, 33.0, 33.0, 33.0, 33.0, 33.0, 33.0, 33.0, 33.0, 33.0, 33.0, 33.0, 33.0, 33.0, 33.0, 33.0, 33.0, 33.0, 33.0, 33.0, 33.0, 33.0, 33.0, 33.0, 33.0, 33.0, 33.0, 33.0, 33.0, 33.0, 33.0, 33.0, 33.0, 33.0, 33.0, 33.0, 33.0, 33.0, 33.0, 33.0, 33.0, 33.0, 33.0, 33.0, 33.0, 33.0, 33.0, 33.0, 33.0, 33.0, 33.0, 33.0, 33.0, 33.0, 33.0, 33.0, 33.0, 33.0, 33.0, 33.0, 33.0, 33.0, 33.0, 33.0, 33.0, 33.0, 33.0, 33.0, 33.0, 33.0, 33.0, 33.0, 33.0, 33.0, 33.0, 33.0, 33.0, 33.0, 33.0, 33.0, 33.0, 33.0, 33.0, 33.0, 33.0, 33.0, 33.0, 33.0, 33.0, 33.0, 33.0, 33.0, 33.0, 33.0, 33.0, 33.0, 33.0, 33.0, 33.0, 33.0, 33.0, 33.0, 33.0, 33.0, 33.0, 33.0, 33.0, 33.0, 33.0, 33.0, 33.0, 33.0, 33.0, 33.0, 33.0, 33.0, 33.0, 33.0, 33.0, 33.0]",COMPLETE
