,number,value,datetime_start,datetime_complete,duration,params_batch_size_scaler,params_constant_learning_rate,params_depth,params_epochs,params_kernel_l2,params_num_trees,params_temperature,user_attrs_accuracy_test,user_attrs_accuracy_valid,user_attrs_approximate_feature_sparsity,user_attrs_approximate_feature_sparsity_history,user_attrs_approximate_weight_sparsity,user_attrs_approximate_weight_sparsity_history,user_attrs_auc_test,user_attrs_auc_valid,user_attrs_feature_sparsity,user_attrs_feature_sparsity_history,user_attrs_num_epochs,user_attrs_val_loss_history,user_attrs_weight_sparsity,user_attrs_weight_sparsity_history,state
161,161,0.5,2024-08-31 08:10:48.825798,2024-08-31 08:16:44.719156,0 days 00:05:55.893358,1,1.1058314728305214,5,195,0.10487697392505284,57,0.004417244207055837,0.859,0.85875,0,"[0, 0, 0, 0, 0, 0, 0, 0, 0, 0, 0, 0, 0, 0, 0, 0, 0, 0, 0, 0, 0, 0, 0, 0, 0, 0, 0, 0, 0, 0, 0, 0, 0, 0, 0, 0, 0, 0, 0, 0, 0, 0, 0, 0, 0, 0, 0, 0, 0, 0, 0, 0, 0, 0, 0, 0, 0, 0, 0, 0, 0, 0, 0, 0, 0, 0, 0, 0, 0, 0, 0, 0, 0, 0, 0, 0, 0, 0, 0, 0, 0, 0, 0, 0, 0, 0, 0, 0, 0, 0, 0, 0, 0, 0, 0, 0, 0, 0, 0, 0, 0, 0, 0, 0, 0, 0, 0, 0, 0, 0, 0, 0, 0, 0, 0, 0, 0, 0, 0, 0, 0, 0, 0, 0, 0, 0, 0, 0, 0, 0, 0, 0, 0, 0, 0, 0, 0, 0, 0, 0, 0, 0, 0, 0, 0, 0, 0, 0, 0, 0, 0, 0, 0, 0, 0, 0, 0, 0, 0, 0, 0, 0, 0, 0, 0, 0, 0, 0, 0, 0, 0, 0, 0, 0, 0, 0, 0, 0, 0, 0, 0, 0, 0, 0, 0, 0, 0, 0, 0, 0, 0, 0, 0, 0, 0]",0.0,"[0.0, 0.0, 0.0, 0.0, 0.0, 0.0, 0.0, 0.0, 0.0, 0.0, 0.0, 0.0, 0.0, 0.0, 0.0, 0.0, 0.0, 0.0, 0.0, 0.0, 0.0, 0.0, 0.0, 0.0, 0.0, 0.0, 0.0, 0.0, 0.0, 0.0, 0.0, 0.0, 0.0, 0.0, 0.0, 0.0, 0.0, 0.0, 0.0, 0.0, 0.0, 0.0, 0.0, 0.0, 0.0, 0.0, 0.0, 0.0, 0.0, 0.0, 0.0, 0.0, 0.0, 0.0, 0.0, 0.0, 0.0, 0.0, 0.0, 0.0, 0.0, 0.0, 0.0, 0.0, 0.0, 0.0, 0.0, 0.0, 0.0, 0.0, 0.0, 0.0, 0.0, 0.0, 0.0, 0.0, 0.0, 0.0, 0.0, 0.0, 0.0, 0.0, 0.0, 0.0, 0.0, 0.0, 0.0, 0.0, 0.0, 0.0, 0.0, 0.0, 0.0, 0.0, 0.0, 0.0, 0.0, 0.0, 0.0, 0.0, 0.0, 0.0, 0.0, 0.0, 0.0, 0.0, 0.0, 0.0, 0.0, 0.0, 0.0, 0.0, 0.0, 0.0, 0.0, 0.0, 0.0, 0.0, 0.0, 0.0, 0.0, 0.0, 0.0, 0.0, 0.0, 0.0, 0.0, 0.0, 0.0, 0.0, 0.0, 0.0, 0.0, 0.0, 0.0, 0.0, 0.0, 0.0, 0.0, 0.0, 0.0, 0.0, 0.0, 0.0, 0.0, 0.0, 0.0, 0.0, 0.0, 0.0, 0.0, 0.0, 0.0, 0.0, 0.0, 0.0, 0.0, 0.0, 0.0, 0.0, 0.0, 0.0, 0.0, 0.0, 0.0, 0.0, 0.0, 0.0, 0.0, 0.0, 0.0, 0.0, 0.0, 0.0, 0.0, 0.0, 0.0, 0.0, 0.0, 0.0, 0.0, 0.0, 0.0, 0.0, 0.0, 0.0, 0.0, 0.0, 0.0, 0.0, 0.0, 0.0, 0.0, 0.0, 0.0]",0.5,0.5,0,"[0, 0, 0, 0, 0, 0, 0, 0, 0, 0, 0, 0, 0, 0, 0, 0, 0, 0, 0, 0, 0, 0, 0, 0, 0, 0, 0, 0, 0, 0, 0, 0, 0, 0, 0, 0, 0, 0, 0, 0, 0, 0, 0, 0, 0, 0, 0, 0, 0, 0, 0, 0, 0, 0, 0, 0, 0, 0, 0, 0, 0, 0, 0, 0, 0, 0, 0, 0, 0, 0, 0, 0, 0, 0, 0, 0, 0, 0, 0, 0, 0, 0, 0, 0, 0, 0, 0, 0, 0, 0, 0, 0, 0, 0, 0, 0, 0, 0, 0, 0, 0, 0, 0, 0, 0, 0, 0, 0, 0, 0, 0, 0, 0, 0, 0, 0, 0, 0, 0, 0, 0, 0, 0, 0, 0, 0, 0, 0, 0, 0, 0, 0, 0, 0, 0, 0, 0, 0, 0, 0, 0, 0, 0, 0, 0, 0, 0, 0, 0, 0, 0, 0, 0, 0, 0, 0, 0, 0, 0, 0, 0, 0, 0, 0, 0, 0, 0, 0, 0, 0, 0, 0, 0, 0, 0, 0, 0, 0, 0, 0, 0, 0, 0, 0, 0, 0, 0, 0, 0, 0, 0, 0, 0, 0, 0]",195,"[0.43660494685173035, 0.41053229570388794, 0.4162878096103668, 0.40776675939559937, 0.4214004874229431, 0.40739765763282776, 0.4074813425540924, 0.4101552665233612, 0.40894564986228943, 0.4113449156284332, 0.4123062789440155, 0.4242877662181854, 0.4074946939945221, 0.4156552851200104, 0.4154320955276489, 0.40980014204978943, 0.4076080620288849, 0.49376142024993896, 0.40999048948287964, 0.40747085213661194, 0.4133598208427429, 0.40795761346817017, 0.43510228395462036, 0.4076991379261017, 0.40723341703414917, 0.4207541346549988, 0.4073810577392578, 0.43589210510253906, 0.41813114285469055, 0.42641177773475647, 0.4072449505329132, 0.4167831540107727, 0.4566560685634613, 0.4217164218425751, 0.41678595542907715, 0.4276602566242218, 0.43079742789268494, 0.40831515192985535, 0.4219820499420166, 0.4095253050327301, 0.41612935066223145, 0.4073161780834198, 0.40774431824684143, 0.4447951018810272, 0.4113224446773529, 0.41452157497406006, 0.4253264367580414, 0.41031691431999207, 0.4127817451953888, 0.41245120763778687, 0.40822073817253113, 0.42726993560791016, 0.4082980751991272, 0.41056233644485474, 0.41013267636299133, 0.4218442440032959, 0.4449514150619507, 0.40875566005706787, 0.41160133481025696, 0.4226468801498413, 0.40726330876350403, 0.4076153039932251, 0.4084087312221527, 0.41704419255256653, 0.41406941413879395, 0.41172903776168823, 0.4358856678009033, 0.41863247752189636, 0.4333735406398773, 0.40993621945381165, 0.40730300545692444, 0.41030460596084595, 0.41476860642433167, 0.407909095287323, 0.41077765822410583, 0.4140755832195282, 0.4456672668457031, 0.40757641196250916, 0.4079638421535492, 0.4073604643344879, 0.41130682826042175, 0.41203194856643677, 0.4197101891040802, 0.41711941361427307, 0.41429808735847473, 0.42882001399993896, 0.4287426471710205, 0.40768706798553467, 0.4083453118801117, 0.44685477018356323, 0.4291757345199585, 0.41236892342567444, 0.4084080159664154, 0.41026532649993896, 0.40726780891418457, 0.42216670513153076, 0.4091581702232361, 0.41576728224754333, 0.428327739238739, 0.40726855397224426, 0.40890082716941833, 0.4238274395465851, 0.44453734159469604, 0.4098110496997833, 0.45207634568214417, 0.40782979130744934, 0.40737614035606384, 0.4117976129055023, 0.40745529532432556, 0.42220237851142883, 0.40755289793014526, 0.4106862545013428, 0.40807095170021057, 0.41069164872169495, 0.4125024676322937, 0.41373196244239807, 0.40814873576164246, 0.40761426091194153, 0.4102229177951813, 0.41871222853660583, 0.41848263144493103, 0.4084969460964203, 0.4080779254436493, 0.41042816638946533, 0.4206632971763611, 0.4080319106578827, 0.4174545705318451, 0.41002386808395386, 0.4112151861190796, 0.42404961585998535, 0.41075029969215393, 0.42527467012405396, 0.40736520290374756, 0.42595091462135315, 0.4091075658798218, 0.4165380597114563, 0.41334524750709534, 0.4171479344367981, 0.4186611473560333, 0.4220917522907257, 0.41367843747138977, 0.4131353497505188, 0.4164964258670807, 0.4086723029613495, 0.42411530017852783, 0.4094995856285095, 0.4255267083644867, 0.4130862355232239, 0.4142358899116516, 0.41602492332458496, 0.4074881076812744, 0.4225718677043915, 0.41341322660446167, 0.4134897291660309, 0.4517180621623993, 0.4074288308620453, 0.40835827589035034, 0.4077194333076477, 0.45706707239151, 0.42380887269973755, 0.4107767939567566, 0.40843597054481506, 0.41432517766952515, 0.4072948098182678, 0.4091160297393799, 0.40738800168037415, 0.4208933115005493, 0.4152261018753052, 0.4073505401611328, 0.40990275144577026, 0.40786024928092957, 0.408023864030838, 0.4075756371021271, 0.4221317172050476, 0.4077952206134796, 0.4190390110015869, 0.46982455253601074, 0.41589120030403137, 0.4187731146812439, 0.4177785813808441, 0.40990546345710754, 0.4686092138290405, 0.409511536359787, 0.40900471806526184, 0.4382222890853882, 0.41812363266944885, 0.42282557487487793, 0.4113791286945343, 0.40855512022972107, 0.4084169864654541, 0.43683061003685, 0.41849449276924133, 0.43443477153778076, 0.4279710650444031, 0.41181105375289917]",0.0,"[0.0, 0.0, 0.0, 0.0, 0.0, 0.0, 0.0, 0.0, 0.0, 0.0, 0.0, 0.0, 0.0, 0.0, 0.0, 0.0, 0.0, 0.0, 0.0, 0.0, 0.0, 0.0, 0.0, 0.0, 0.0, 0.0, 0.0, 0.0, 0.0, 0.0, 0.0, 0.0, 0.0, 0.0, 0.0, 0.0, 0.0, 0.0, 0.0, 0.0, 0.0, 0.0, 0.0, 0.0, 0.0, 0.0, 0.0, 0.0, 0.0, 0.0, 0.0, 0.0, 0.0, 0.0, 0.0, 0.0, 0.0, 0.0, 0.0, 0.0, 0.0, 0.0, 0.0, 0.0, 0.0, 0.0, 0.0, 0.0, 0.0, 0.0, 0.0, 0.0, 0.0, 0.0, 0.0, 0.0, 0.0, 0.0, 0.0, 0.0, 0.0, 0.0, 0.0, 0.0, 0.0, 0.0, 0.0, 0.0, 0.0, 0.0, 0.0, 0.0, 0.0, 0.0, 0.0, 0.0, 0.0, 0.0, 0.0, 0.0, 0.0, 0.0, 0.0, 0.0, 0.0, 0.0, 0.0, 0.0, 0.0, 0.0, 0.0, 0.0, 0.0, 0.0, 0.0, 0.0, 0.0, 0.0, 0.0, 0.0, 0.0, 0.0, 0.0, 0.0, 0.0, 0.0, 0.0, 0.0, 0.0, 0.0, 0.0, 0.0, 0.0, 0.0, 0.0, 0.0, 0.0, 0.0, 0.0, 0.0, 0.0, 0.0, 0.0, 0.0, 0.0, 0.0, 0.0, 0.0, 0.0, 0.0, 0.0, 0.0, 0.0, 0.0, 0.0, 0.0, 0.0, 0.0, 0.0, 0.0, 0.0, 0.0, 0.0, 0.0, 0.0, 0.0, 0.0, 0.0, 0.0, 0.0, 0.0, 0.0, 0.0, 0.0, 0.0, 0.0, 0.0, 0.0, 0.0, 0.0, 0.0, 0.0, 0.0, 0.0, 0.0, 0.0, 0.0, 0.0, 0.0, 0.0, 0.0, 0.0, 0.0, 0.0, 0.0]",COMPLETE
162,162,0.6088418286509255,2024-08-31 08:16:49.177852,2024-08-31 08:19:11.736224,0 days 00:02:22.558372,16,1.5612186775156143,5,230,0.0010441920474721883,53,0.004972190922918104,0.859,0.85875,1,"[33, 33, 33, 6, 4, 1, 1, 1, 1, 1, 1, 1, 1, 1, 1, 1, 1, 1, 1, 1, 1, 1, 1, 1, 1, 1, 1, 1, 1, 1, 1, 1, 1, 1, 1, 1, 1, 1, 1, 1, 1, 1, 1, 1, 1, 1, 1, 1, 1, 1, 1, 1, 1, 1, 1, 1, 1, 1, 1, 1, 1, 1, 1, 1, 1, 1, 1, 1, 1, 1, 1, 1, 1, 1, 1, 1, 1, 1, 1, 1, 1, 1, 1, 1, 1, 1, 1, 1, 1, 1, 1, 1, 1, 1, 1, 1, 1, 1, 1, 1, 1, 1, 1, 1, 1, 1, 1, 1, 1, 1, 1, 1, 1, 1, 1, 1, 1, 1, 1, 1, 1, 1, 1, 1, 1, 1, 1, 1, 1, 1, 1, 1, 1, 1, 1, 1, 1, 1, 1, 1, 1, 1, 1, 1, 1, 1, 1, 1, 1, 1, 1, 1, 1, 1, 1, 1, 1, 1, 1, 1, 1, 1, 1, 1, 1, 1, 1, 1, 1, 1, 1, 1, 1, 1, 1, 1, 1, 1, 1, 1, 1, 1, 1, 1, 1, 1, 1, 1, 1, 1, 1, 1, 1, 1, 1, 1, 1, 1, 1, 1, 1, 1, 1, 1, 1, 1, 1, 1, 1, 1, 1, 1, 1, 1, 1, 1, 1, 1, 1, 1, 1, 1, 1, 1, 1, 1, 1, 1, 1, 1]",0.9981740718198417,"[32.92939744370055, 32.94096165550822, 32.93913572732806, 5.989653073645769, 3.9963481436396835, 0.9993913572732805, 0.9993913572732805, 0.9993913572732805, 0.9987827145465612, 0.9987827145465612, 0.9981740718198417, 0.9981740718198417, 0.9975654290931223, 0.9987827145465612, 0.9993913572732805, 0.9987827145465612, 0.9981740718198417, 0.996956786366403, 1.0, 0.9987827145465612, 1.0, 1.0, 0.9981740718198417, 1.0, 0.9981740718198417, 0.9993913572732805, 0.9993913572732805, 0.9981740718198417, 0.9981740718198417, 0.9975654290931223, 0.9987827145465612, 0.9981740718198417, 0.9993913572732805, 0.9987827145465612, 0.9993913572732805, 0.9993913572732805, 1.0, 0.9993913572732805, 1.0, 1.0, 0.9981740718198417, 1.0, 1.0, 1.0, 1.0, 0.9993913572732805, 1.0, 1.0, 1.0, 1.0, 0.9993913572732805, 0.9987827145465612, 0.9993913572732805, 0.9993913572732805, 0.9987827145465612, 0.9993913572732805, 0.9987827145465612, 1.0, 0.9993913572732805, 1.0, 0.9993913572732805, 0.9993913572732805, 0.9993913572732805, 0.9993913572732805, 1.0, 0.9987827145465612, 0.9993913572732805, 0.9987827145465612, 1.0, 0.9993913572732805, 1.0, 0.9993913572732805, 0.9963481436396835, 0.9981740718198417, 1.0, 0.9993913572732805, 1.0, 1.0, 1.0, 0.9993913572732805, 0.9981740718198417, 0.9993913572732805, 0.9993913572732805, 0.9993913572732805, 0.9993913572732805, 0.9993913572732805, 1.0, 0.9993913572732805, 1.0, 0.9993913572732805, 1.0, 0.9993913572732805, 1.0, 1.0, 1.0, 1.0, 0.9993913572732805, 0.996956786366403, 1.0, 0.9963481436396835, 0.9993913572732805, 0.9993913572732805, 0.9993913572732805, 0.9993913572732805, 0.9975654290931223, 0.9963481436396835, 0.9975654290931223, 0.9963481436396835, 0.9975654290931223, 0.9963481436396835, 0.9963481436396835, 0.9975654290931223, 0.996956786366403, 0.9987827145465612, 0.9993913572732805, 0.9963481436396835, 0.9963481436396835, 0.9987827145465612, 0.9975654290931223, 0.9963481436396835, 0.9987827145465612, 0.9993913572732805, 0.9993913572732805, 0.996956786366403, 0.9993913572732805, 0.9963481436396835, 0.9987827145465612, 0.9975654290931223, 0.996956786366403, 0.9963481436396835, 0.9993913572732805, 0.9975654290931223, 0.9993913572732805, 0.9993913572732805, 0.9975654290931223, 0.9963481436396835, 0.9963481436396835, 0.9975654290931223, 0.9975654290931223, 0.9975654290931223, 0.9975654290931223, 0.9963481436396835, 0.9987827145465612, 0.9975654290931223, 0.9963481436396835, 0.9981740718198417, 0.9987827145465612, 0.9975654290931223, 0.996956786366403, 0.996956786366403, 0.9975654290931223, 0.996956786366403, 0.9993913572732805, 0.9987827145465612, 0.9963481436396835, 0.9975654290931223, 0.9975654290931223, 0.996956786366403, 0.9963481436396835, 0.9963481436396835, 0.9975654290931223, 0.9975654290931223, 0.9975654290931223, 0.9975654290931223, 0.996956786366403, 0.9975654290931223, 0.9981740718198417, 0.9963481436396835, 0.9987827145465612, 0.9975654290931223, 0.9975654290931223, 0.9975654290931223, 0.9975654290931223, 0.9987827145465612, 0.9975654290931223, 0.9975654290931223, 0.9963481436396835, 0.9963481436396835, 0.9975654290931223, 0.9975654290931223, 0.9975654290931223, 0.9981740718198417, 0.9975654290931223, 0.9963481436396835, 0.996956786366403, 0.996956786366403, 0.9975654290931223, 0.996956786366403, 0.9987827145465612, 0.9975654290931223, 0.9975654290931223, 0.9975654290931223, 0.9975654290931223, 0.9987827145465612, 0.9987827145465612, 0.9975654290931223, 0.9975654290931223, 0.996956786366403, 0.9975654290931223, 0.996956786366403, 0.9981740718198417, 0.996956786366403, 0.9981740718198417, 0.9981740718198417, 0.996956786366403, 0.996956786366403, 0.9975654290931223, 0.9975654290931223, 0.996956786366403, 0.9981740718198417, 0.996956786366403, 0.9975654290931223, 0.9975654290931223, 0.996956786366403, 0.9981740718198417, 0.9987827145465612, 0.9987827145465612, 0.9975654290931223, 0.996956786366403, 0.996956786366403, 0.996956786366403, 0.9987827145465612, 0.9981740718198417, 0.9981740718198417, 0.9975654290931223, 0.996956786366403, 0.9981740718198417, 0.9981740718198417, 0.9981740718198417, 0.9981740718198417]",0.6144865793145584,0.6088418286509255,1,"[33, 33, 33, 6, 4, 1, 1, 1, 1, 1, 1, 1, 1, 1, 1, 1, 1, 1, 1, 1, 1, 1, 1, 1, 1, 1, 1, 1, 1, 1, 1, 1, 1, 1, 1, 1, 1, 1, 1, 1, 1, 1, 1, 1, 1, 1, 1, 1, 1, 1, 1, 1, 1, 1, 1, 1, 1, 1, 1, 1, 1, 1, 1, 1, 1, 1, 1, 1, 1, 1, 1, 1, 1, 1, 1, 1, 1, 1, 1, 1, 1, 1, 1, 1, 1, 1, 1, 1, 1, 1, 1, 1, 1, 1, 1, 1, 1, 1, 1, 1, 1, 1, 1, 1, 1, 1, 1, 1, 1, 1, 1, 1, 1, 1, 1, 1, 1, 1, 1, 1, 1, 1, 1, 1, 1, 1, 1, 1, 1, 1, 1, 1, 1, 1, 1, 1, 1, 1, 1, 1, 1, 1, 1, 1, 1, 1, 1, 1, 1, 1, 1, 1, 1, 1, 1, 1, 1, 1, 1, 1, 1, 1, 1, 1, 1, 1, 1, 1, 1, 1, 1, 1, 1, 1, 1, 1, 1, 1, 1, 1, 1, 1, 1, 1, 1, 1, 1, 1, 1, 1, 1, 1, 1, 1, 1, 1, 1, 1, 1, 1, 1, 1, 1, 1, 1, 1, 1, 1, 1, 1, 1, 1, 1, 1, 1, 1, 1, 1, 1, 1, 1, 1, 1, 1, 1, 1, 1, 1, 1, 1]",230,"[0.3789099454879761, 0.3707315921783447, 0.36440426111221313, 0.3752412796020508, 0.37437161803245544, 0.3960033357143402, 0.39390847086906433, 0.39298537373542786, 0.39130112528800964, 0.39029547572135925, 0.3891845941543579, 0.3932880759239197, 0.38752761483192444, 0.39106911420822144, 0.38988903164863586, 0.3865666687488556, 0.39165228605270386, 0.38530653715133667, 0.3891354501247406, 0.3847145438194275, 0.38378506898880005, 0.3836962580680847, 0.3832578659057617, 0.4023210406303406, 0.3838936686515808, 0.38599708676338196, 0.38555827736854553, 0.3838167190551758, 0.3846771717071533, 0.3825474679470062, 0.38261398673057556, 0.38525375723838806, 0.38327690958976746, 0.3827243149280548, 0.38348689675331116, 0.3855522572994232, 0.3959334194660187, 0.38535794615745544, 0.38669446110725403, 0.3825829327106476, 0.38885438442230225, 0.38325557112693787, 0.38246920704841614, 0.3840685784816742, 0.3823648691177368, 0.3848796784877777, 0.38262680172920227, 0.38239237666130066, 0.3876941204071045, 0.3827956020832062, 0.38287654519081116, 0.38467949628829956, 0.3954363763332367, 0.3830566704273224, 0.3833165764808655, 0.38425689935684204, 0.38297805190086365, 0.3834644556045532, 0.3826681971549988, 0.39205601811408997, 0.38235267996788025, 0.3823440968990326, 0.38237085938453674, 0.3889119029045105, 0.3843727111816406, 0.38318753242492676, 0.3825281262397766, 0.38727572560310364, 0.38289135694503784, 0.38385331630706787, 0.38272079825401306, 0.38357535004615784, 0.3891841471195221, 0.3865125775337219, 0.38237664103507996, 0.3835098147392273, 0.38234585523605347, 0.3825676739215851, 0.38234031200408936, 0.38763752579689026, 0.3848247230052948, 0.38247397541999817, 0.38669049739837646, 0.3825548589229584, 0.3839377462863922, 0.3840565085411072, 0.38242194056510925, 0.38298335671424866, 0.3824126720428467, 0.3847543001174927, 0.3825254440307617, 0.38470155000686646, 0.3824814558029175, 0.38234561681747437, 0.38245686888694763, 0.3831311762332916, 0.38235390186309814, 0.38426288962364197, 0.3844034969806671, 0.3850991129875183, 0.38247939944267273, 0.3827066123485565, 0.38293248414993286, 0.38233524560928345, 0.3826487064361572, 0.3828788697719574, 0.38242390751838684, 0.38580936193466187, 0.38234901428222656, 0.38445335626602173, 0.3839832544326782, 0.3827345371246338, 0.38241004943847656, 0.38260185718536377, 0.387656569480896, 0.3823578953742981, 0.3827856183052063, 0.3824886977672577, 0.38985705375671387, 0.38256314396858215, 0.383846640586853, 0.383203387260437, 0.3848855495452881, 0.38243141770362854, 0.3842926323413849, 0.3829120695590973, 0.3828115463256836, 0.38262829184532166, 0.38233500719070435, 0.3826981484889984, 0.38315925002098083, 0.382364422082901, 0.39178794622421265, 0.3870784640312195, 0.38638487458229065, 0.38278430700302124, 0.38235580921173096, 0.3824513554573059, 0.38283753395080566, 0.3834080398082733, 0.3852153718471527, 0.3823346197605133, 0.3852928876876831, 0.3861451745033264, 0.38256388902664185, 0.3871234655380249, 0.38589638471603394, 0.38261809945106506, 0.38273975253105164, 0.3823489248752594, 0.3860042989253998, 0.3823389410972595, 0.3873978555202484, 0.3845021724700928, 0.38272517919540405, 0.38863763213157654, 0.3823755979537964, 0.3841499388217926, 0.3824950158596039, 0.38269299268722534, 0.38431960344314575, 0.38234126567840576, 0.3839293420314789, 0.38294705748558044, 0.38306063413619995, 0.3838483691215515, 0.38659316301345825, 0.3824116587638855, 0.3860337734222412, 0.38662415742874146, 0.38247668743133545, 0.38774052262306213, 0.385055810213089, 0.3920733630657196, 0.38571152091026306, 0.38262951374053955, 0.3827056884765625, 0.3831314146518707, 0.3858502209186554, 0.3824760317802429, 0.382442444562912, 0.38883906602859497, 0.3848843276500702, 0.3828926980495453, 0.3828296363353729, 0.38274163007736206, 0.38240814208984375, 0.38234397768974304, 0.3850194215774536, 0.3829435110092163, 0.3824584484100342, 0.385481059551239, 0.3843449652194977, 0.38721057772636414, 0.38378483057022095, 0.3876650929450989, 0.3873012065887451, 0.3848424553871155, 0.3830912113189697, 0.38770270347595215, 0.38355228304862976, 0.3863416314125061, 0.38406193256378174, 0.3841886818408966, 0.3825259804725647, 0.38235729932785034, 0.3836233615875244, 0.38289111852645874, 0.3824349343776703, 0.38430577516555786, 0.38307464122772217, 0.38689863681793213, 0.3823694586753845, 0.3850330114364624, 0.3827322721481323, 0.38268834352493286, 0.38341182470321655, 0.38412514328956604, 0.38689056038856506, 0.3870435357093811, 0.38948413729667664, 0.38616934418678284, 0.38257014751434326, 0.3842102885246277, 0.39233314990997314, 0.38857612013816833, 0.38234302401542664, 0.3830223083496094, 0.3828587234020233, 0.38278666138648987]",1.0,"[33.0, 33.0, 33.0, 6.0, 4.0, 1.0, 1.0, 1.0, 1.0, 1.0, 1.0, 1.0, 1.0, 1.0, 1.0, 1.0, 1.0, 1.0, 1.0, 1.0, 1.0, 1.0, 1.0, 1.0, 1.0, 1.0, 1.0, 1.0, 1.0, 1.0, 1.0, 1.0, 1.0, 1.0, 1.0, 1.0, 1.0, 1.0, 1.0, 1.0, 1.0, 1.0, 1.0, 1.0, 1.0, 1.0, 1.0, 1.0, 1.0, 1.0, 1.0, 1.0, 1.0, 1.0, 1.0, 1.0, 1.0, 1.0, 1.0, 1.0, 1.0, 1.0, 1.0, 1.0, 1.0, 1.0, 1.0, 1.0, 1.0, 1.0, 1.0, 1.0, 1.0, 1.0, 1.0, 1.0, 1.0, 1.0, 1.0, 1.0, 1.0, 1.0, 1.0, 1.0, 1.0, 1.0, 1.0, 1.0, 1.0, 1.0, 1.0, 1.0, 1.0, 1.0, 1.0, 1.0, 1.0, 1.0, 1.0, 1.0, 1.0, 1.0, 1.0, 1.0, 1.0, 1.0, 1.0, 1.0, 1.0, 1.0, 1.0, 1.0, 1.0, 1.0, 1.0, 1.0, 1.0, 1.0, 1.0, 1.0, 1.0, 1.0, 1.0, 1.0, 1.0, 1.0, 1.0, 1.0, 1.0, 1.0, 1.0, 1.0, 1.0, 1.0, 1.0, 1.0, 1.0, 1.0, 1.0, 1.0, 1.0, 1.0, 1.0, 1.0, 1.0, 1.0, 1.0, 1.0, 1.0, 1.0, 1.0, 1.0, 1.0, 1.0, 1.0, 1.0, 1.0, 1.0, 1.0, 1.0, 1.0, 1.0, 1.0, 1.0, 1.0, 1.0, 1.0, 1.0, 1.0, 1.0, 1.0, 1.0, 1.0, 1.0, 1.0, 1.0, 1.0, 1.0, 1.0, 1.0, 1.0, 1.0, 1.0, 1.0, 1.0, 1.0, 1.0, 1.0, 1.0, 1.0, 1.0, 1.0, 1.0, 1.0, 1.0, 1.0, 1.0, 1.0, 1.0, 1.0, 1.0, 1.0, 1.0, 1.0, 1.0, 1.0, 1.0, 1.0, 1.0, 1.0, 1.0, 1.0, 1.0, 1.0, 1.0, 1.0, 1.0, 1.0, 1.0, 1.0, 1.0, 1.0, 1.0, 1.0, 1.0, 1.0, 1.0, 1.0, 1.0, 1.0]",COMPLETE
