,number,value,datetime_start,datetime_complete,duration,params_batch_size_scaler,params_constant_learning_rate,params_depth,params_epochs,params_kernel_l2,params_num_trees,params_temperature,user_attrs_accuracy_test,user_attrs_accuracy_valid,user_attrs_approximate_feature_sparsity,user_attrs_approximate_feature_sparsity_history,user_attrs_approximate_weight_sparsity,user_attrs_approximate_weight_sparsity_history,user_attrs_auc_test,user_attrs_auc_valid,user_attrs_feature_sparsity,user_attrs_feature_sparsity_history,user_attrs_num_epochs,user_attrs_val_loss_history,user_attrs_weight_sparsity,user_attrs_weight_sparsity_history,state
111,111,0.8218044337957774,2024-08-31 06:12:21.731621,2024-08-31 06:13:07.056614,0 days 00:00:45.324993,16,0.4825486333449687,3,380,0.08170209526717004,20,0.0005114613398398426,0.893,0.89375,4,"[33, 33, 33, 33, 33, 33, 33, 33, 33, 33, 33, 33, 33, 33, 33, 33, 33, 33, 33, 33, 33, 33, 33, 33, 33, 33, 33, 33, 33, 33, 33, 33, 33, 33, 33, 33, 33, 33, 33, 33, 33, 33, 32, 31, 31, 30, 30, 29, 27, 27, 26, 26, 25, 23, 22, 21, 19, 19, 19, 19, 19, 19, 19, 19, 18, 18, 18, 18, 18, 18, 18, 18, 18, 18, 17, 17, 17, 17, 17, 17, 17, 17, 17, 17, 17, 17, 17, 17, 17, 17, 17, 17, 17, 17, 17, 17, 17, 17, 17, 17, 16, 16, 16, 16, 16, 16, 15, 15, 15, 15, 15, 15, 15, 13, 12, 12, 10, 10, 10, 10, 9, 9, 9, 9, 9, 9, 9, 9, 9, 9, 9, 9, 9, 8, 8, 8, 8, 8, 8, 8, 8, 8, 8, 8, 8, 8, 8, 8, 8, 7, 7, 7, 7, 7, 7, 7, 7, 7, 7, 7, 7, 7, 7, 7, 7, 7, 7, 7, 7, 7, 7, 7, 7, 7, 7, 7, 7, 7, 7, 7, 7, 7, 7, 7, 7, 7, 7, 7, 7, 7, 7, 7, 7, 7, 7, 7, 7, 7, 7, 7, 7, 7, 7, 7, 7, 7, 7, 7, 7, 7, 7, 7, 7, 7, 7, 7, 7, 7, 7, 7, 7, 7, 7, 7, 7, 7, 7, 7, 7, 7, 7, 7, 7, 7, 7, 7, 7, 7, 7, 7, 7, 7, 7, 7, 7, 7, 7, 7, 7, 7, 7, 7, 7, 7, 7, 7, 7, 7, 7, 7, 7, 7, 7, 7, 7, 7, 7, 7, 7, 7, 7, 7, 7, 6, 6, 5, 5, 5, 5, 5, 5, 5, 5, 5, 5, 5, 5, 5, 5, 5, 5, 5, 5, 5, 5, 5, 5, 5, 5, 5, 5, 5, 5, 5, 5, 5, 5, 5, 5, 5, 5, 5, 5, 5, 5, 5, 5, 4, 4, 4, 4, 4, 4, 4, 4, 4, 4, 4, 4, 4, 4, 4, 4, 4, 4, 4, 4, 4, 4, 4, 4, 4, 4, 4, 4, 4, 4, 4, 4, 4, 4, 4, 4, 4, 4, 4, 4, 4, 4, 4, 4, 4, 4, 4, 4, 4, 4, 4, 4, 4, 4, 4, 4, 4, 4, 4, 4, 4, 4, 4]",3.992857142857143,"[32.99285714285715, 32.97857142857143, 32.97857142857143, 32.99285714285715, 32.98571428571429, 32.98571428571429, 32.97857142857143, 32.98571428571429, 32.97857142857143, 33.0, 32.99285714285715, 33.0, 32.98571428571429, 32.99285714285715, 32.971428571428575, 32.971428571428575, 32.98571428571429, 32.98571428571429, 32.99285714285715, 32.98571428571429, 32.95, 32.964285714285715, 32.964285714285715, 32.964285714285715, 32.964285714285715, 32.971428571428575, 32.97142857142857, 32.98571428571429, 32.957142857142856, 32.97857142857143, 32.971428571428575, 32.97857142857143, 32.99285714285715, 32.97857142857143, 32.957142857142856, 32.97857142857143, 32.98571428571429, 32.97857142857143, 32.971428571428575, 32.964285714285715, 32.98571428571429, 32.964285714285715, 31.992857142857144, 30.957142857142856, 30.957142857142856, 29.985714285714288, 29.992857142857144, 28.978571428571428, 26.964285714285715, 26.985714285714288, 25.957142857142856, 25.97857142857143, 24.992857142857144, 22.97142857142857, 21.985714285714288, 20.97142857142857, 18.978571428571428, 18.992857142857144, 18.992857142857144, 18.992857142857144, 18.97857142857143, 18.985714285714288, 18.992857142857144, 18.985714285714288, 17.985714285714288, 17.985714285714288, 17.985714285714288, 17.985714285714288, 17.985714285714288, 17.985714285714288, 17.978571428571428, 17.985714285714288, 17.992857142857144, 18.0, 17.0, 16.985714285714288, 16.985714285714288, 17.0, 17.0, 16.985714285714288, 16.97857142857143, 16.992857142857144, 16.985714285714288, 16.97142857142857, 16.97142857142857, 16.985714285714288, 16.97142857142857, 16.97142857142857, 16.992857142857144, 16.992857142857144, 16.992857142857144, 17.0, 17.0, 16.992857142857144, 17.0, 16.985714285714288, 17.0, 16.992857142857144, 16.992857142857144, 16.957142857142856, 15.992857142857144, 15.992857142857144, 15.971428571428572, 15.985714285714288, 15.971428571428572, 15.992857142857144, 14.978571428571431, 14.957142857142859, 14.985714285714288, 14.971428571428572, 14.985714285714286, 14.971428571428572, 14.992857142857144, 13.0, 11.978571428571428, 12.0, 9.992857142857144, 9.992857142857144, 9.985714285714286, 9.992857142857144, 8.992857142857144, 8.992857142857144, 9.0, 8.992857142857144, 9.0, 9.0, 9.0, 8.985714285714286, 9.0, 8.985714285714286, 9.0, 8.985714285714286, 8.978571428571428, 7.9714285714285715, 7.978571428571429, 7.985714285714286, 8.0, 7.992857142857143, 7.992857142857143, 7.992857142857143, 7.992857142857143, 7.978571428571429, 7.9714285714285715, 8.0, 8.0, 8.0, 7.992857142857143, 7.992857142857143, 7.985714285714286, 6.985714285714286, 6.992857142857143, 6.992857142857143, 6.985714285714286, 6.992857142857143, 6.985714285714286, 6.992857142857143, 7.0, 7.0, 6.992857142857143, 6.992857142857143, 6.992857142857143, 6.992857142857143, 6.992857142857143, 7.0, 6.992857142857143, 6.992857142857143, 7.0, 6.992857142857143, 6.985714285714286, 6.992857142857143, 6.9714285714285715, 6.978571428571429, 6.978571428571429, 6.9714285714285715, 6.985714285714286, 6.9714285714285715, 6.985714285714286, 6.978571428571429, 6.978571428571429, 6.985714285714286, 6.992857142857143, 6.992857142857143, 6.992857142857143, 6.985714285714286, 6.992857142857143, 7.0, 7.0, 6.992857142857143, 6.9714285714285715, 7.0, 6.992857142857143, 7.0, 7.0, 6.992857142857143, 6.985714285714286, 6.985714285714286, 6.978571428571429, 7.0, 6.992857142857143, 6.985714285714286, 6.992857142857143, 6.985714285714286, 6.992857142857143, 7.0, 6.992857142857143, 6.985714285714286, 7.0, 6.985714285714286, 6.985714285714286, 7.0, 7.0, 6.992857142857143, 6.992857142857143, 7.0, 7.0, 7.0, 7.0, 7.0, 7.0, 7.0, 6.992857142857143, 7.0, 6.978571428571429, 6.992857142857143, 6.985714285714286, 6.985714285714286, 6.978571428571429, 6.992857142857143, 6.985714285714286, 6.992857142857143, 6.985714285714286, 6.992857142857143, 6.992857142857143, 6.992857142857143, 6.9714285714285715, 6.9714285714285715, 6.985714285714286, 6.985714285714286, 6.9714285714285715, 6.978571428571429, 6.978571428571429, 6.978571428571429, 6.985714285714286, 6.9714285714285715, 6.985714285714286, 6.978571428571429, 6.964285714285714, 6.992857142857143, 6.992857142857143, 6.985714285714286, 6.992857142857143, 6.985714285714286, 6.985714285714286, 6.992857142857143, 6.985714285714286, 6.985714285714286, 6.978571428571429, 6.985714285714286, 6.978571428571429, 6.978571428571429, 6.992857142857143, 7.0, 6.992857142857143, 6.985714285714286, 7.0, 6.992857142857143, 6.992857142857143, 7.0, 6.992857142857143, 6.985714285714286, 7.0, 6.978571428571429, 7.0, 6.0, 5.992857142857143, 4.992857142857143, 5.0, 5.0, 4.992857142857143, 4.992857142857143, 4.992857142857143, 5.0, 5.0, 4.992857142857143, 4.992857142857143, 4.992857142857143, 4.978571428571429, 4.985714285714286, 4.985714285714286, 4.985714285714286, 4.985714285714286, 4.985714285714286, 4.985714285714286, 4.985714285714286, 4.978571428571429, 4.985714285714286, 4.992857142857143, 4.978571428571429, 4.992857142857143, 4.978571428571429, 4.992857142857143, 4.978571428571429, 5.0, 4.985714285714286, 4.992857142857143, 4.992857142857143, 5.0, 4.992857142857143, 4.992857142857143, 5.0, 5.0, 5.0, 5.0, 5.0, 4.992857142857143, 4.985714285714286, 4.985714285714286, 3.992857142857143, 3.9785714285714286, 4.0, 4.0, 3.992857142857143, 3.9857142857142858, 3.9857142857142858, 3.9857142857142858, 3.9857142857142858, 3.9785714285714286, 3.992857142857143, 3.9857142857142858, 3.992857142857143, 3.992857142857143, 3.992857142857143, 4.0, 3.992857142857143, 3.992857142857143, 3.9857142857142858, 3.9857142857142858, 3.992857142857143, 3.992857142857143, 3.992857142857143, 3.992857142857143, 4.0, 3.992857142857143, 4.0, 3.992857142857143, 4.0, 3.992857142857143, 3.9857142857142858, 3.992857142857143, 3.992857142857143, 3.992857142857143, 3.992857142857143, 4.0, 4.0, 4.0, 4.0, 4.0, 4.0, 3.992857142857143, 3.992857142857143, 3.9785714285714286, 4.0, 4.0, 3.992857142857143, 3.992857142857143, 3.9857142857142858, 4.0, 3.992857142857143, 4.0, 4.0, 4.0, 3.9857142857142858, 4.0, 4.0, 3.992857142857143, 4.0, 4.0, 4.0, 3.992857142857143, 3.992857142857143]",0.7795432591088103,0.8218044337957774,4,"[33, 33, 33, 33, 33, 33, 33, 33, 33, 33, 33, 33, 33, 33, 33, 33, 33, 33, 33, 33, 33, 33, 33, 33, 33, 33, 33, 33, 33, 33, 33, 33, 33, 33, 33, 33, 33, 33, 33, 33, 33, 33, 32, 31, 31, 30, 30, 29, 27, 27, 26, 26, 25, 23, 22, 21, 19, 19, 19, 19, 19, 19, 19, 19, 18, 18, 18, 18, 18, 18, 18, 18, 18, 18, 17, 17, 17, 17, 17, 17, 17, 17, 17, 17, 17, 17, 17, 17, 17, 17, 17, 17, 17, 17, 17, 17, 17, 17, 17, 17, 16, 16, 16, 16, 16, 16, 15, 15, 15, 15, 15, 15, 15, 13, 12, 12, 10, 10, 10, 10, 9, 9, 9, 9, 9, 9, 9, 9, 9, 9, 9, 9, 9, 8, 8, 8, 8, 8, 8, 8, 8, 8, 8, 8, 8, 8, 8, 8, 8, 7, 7, 7, 7, 7, 7, 7, 7, 7, 7, 7, 7, 7, 7, 7, 7, 7, 7, 7, 7, 7, 7, 7, 7, 7, 7, 7, 7, 7, 7, 7, 7, 7, 7, 7, 7, 7, 7, 7, 7, 7, 7, 7, 7, 7, 7, 7, 7, 7, 7, 7, 7, 7, 7, 7, 7, 7, 7, 7, 7, 7, 7, 7, 7, 7, 7, 7, 7, 7, 7, 7, 7, 7, 7, 7, 7, 7, 7, 7, 7, 7, 7, 7, 7, 7, 7, 7, 7, 7, 7, 7, 7, 7, 7, 7, 7, 7, 7, 7, 7, 7, 7, 7, 7, 7, 7, 7, 7, 7, 7, 7, 7, 7, 7, 7, 7, 7, 7, 7, 7, 7, 7, 7, 7, 6, 6, 5, 5, 5, 5, 5, 5, 5, 5, 5, 5, 5, 5, 5, 5, 5, 5, 5, 5, 5, 5, 5, 5, 5, 5, 5, 5, 5, 5, 5, 5, 5, 5, 5, 5, 5, 5, 5, 5, 5, 5, 5, 5, 4, 4, 4, 4, 4, 4, 4, 4, 4, 4, 4, 4, 4, 4, 4, 4, 4, 4, 4, 4, 4, 4, 4, 4, 4, 4, 4, 4, 4, 4, 4, 4, 4, 4, 4, 4, 4, 4, 4, 4, 4, 4, 4, 4, 4, 4, 4, 4, 4, 4, 4, 4, 4, 4, 4, 4, 4, 4, 4, 4, 4, 4, 4]",380,"[0.4209103286266327, 0.40716755390167236, 0.40133777260780334, 0.39451518654823303, 0.39064329862594604, 0.3862556517124176, 0.3849354088306427, 0.37850430607795715, 0.3747948706150055, 0.37245187163352966, 0.36810576915740967, 0.3642154335975647, 0.36027488112449646, 0.3562542200088501, 0.35168734192848206, 0.3475719392299652, 0.3447785973548889, 0.33916598558425903, 0.33581000566482544, 0.3332589268684387, 0.3289221227169037, 0.3231944143772125, 0.3187996745109558, 0.3148987591266632, 0.3099411129951477, 0.30652859807014465, 0.3057713210582733, 0.3032313287258148, 0.29733410477638245, 0.295039564371109, 0.2921263575553894, 0.2899644374847412, 0.28657788038253784, 0.2860109806060791, 0.28253307938575745, 0.28112924098968506, 0.27862823009490967, 0.2774710953235626, 0.27573439478874207, 0.2735244035720825, 0.2710305452346802, 0.2707270085811615, 0.2688959240913391, 0.2663590908050537, 0.2648441195487976, 0.2627403140068054, 0.2635115385055542, 0.26069316267967224, 0.2594785690307617, 0.2580568194389343, 0.25492069125175476, 0.2527927756309509, 0.25445982813835144, 0.24835577607154846, 0.24532443284988403, 0.24382524192333221, 0.2420622855424881, 0.2425970435142517, 0.2424277663230896, 0.23981843888759613, 0.239386647939682, 0.2380576878786087, 0.23660314083099365, 0.23565685749053955, 0.23600664734840393, 0.2343865931034088, 0.2353132963180542, 0.23399147391319275, 0.2365741729736328, 0.235179603099823, 0.2331801801919937, 0.23034308850765228, 0.23105819523334503, 0.229651540517807, 0.23319484293460846, 0.23127950727939606, 0.23047849535942078, 0.22964458167552948, 0.22872211039066315, 0.22885893285274506, 0.22845977544784546, 0.22829996049404144, 0.22504153847694397, 0.2262759655714035, 0.2254905104637146, 0.22451312839984894, 0.2237073928117752, 0.22528861463069916, 0.22330419719219208, 0.2242431640625, 0.22492027282714844, 0.22158168256282806, 0.2252233475446701, 0.22160102427005768, 0.22370213270187378, 0.22007110714912415, 0.22037586569786072, 0.22006568312644958, 0.22135621309280396, 0.21744242310523987, 0.22754362225532532, 0.2248365730047226, 0.22491858899593353, 0.22065606713294983, 0.22170306742191315, 0.21937696635723114, 0.22300510108470917, 0.22283826768398285, 0.22348089516162872, 0.22421593964099884, 0.22028282284736633, 0.22052258253097534, 0.21949727833271027, 0.2358947992324829, 0.2381892055273056, 0.23546482622623444, 0.23655790090560913, 0.23906654119491577, 0.23426973819732666, 0.2351183295249939, 0.23862457275390625, 0.23500491678714752, 0.23320455849170685, 0.23311544954776764, 0.23001958429813385, 0.23049485683441162, 0.22959962487220764, 0.22992196679115295, 0.22723358869552612, 0.22773124277591705, 0.2293025404214859, 0.23229552805423737, 0.2273184061050415, 0.24237115681171417, 0.23907352983951569, 0.2392943799495697, 0.2386203557252884, 0.238924041390419, 0.23961004614830017, 0.23867858946323395, 0.2402079999446869, 0.23940037190914154, 0.23877809941768646, 0.23784297704696655, 0.23935094475746155, 0.2382936030626297, 0.23792806267738342, 0.23826932907104492, 0.23885339498519897, 0.23873858153820038, 0.23728206753730774, 0.2372542917728424, 0.23617036640644073, 0.23639526963233948, 0.2366660088300705, 0.2368992418050766, 0.23810327053070068, 0.23739874362945557, 0.23615626990795135, 0.23755235970020294, 0.23595768213272095, 0.23715367913246155, 0.23612390458583832, 0.239132821559906, 0.237747460603714, 0.23702183365821838, 0.2365935891866684, 0.2363729327917099, 0.2352273166179657, 0.23522812128067017, 0.23582178354263306, 0.23614418506622314, 0.23556768894195557, 0.23478296399116516, 0.23652982711791992, 0.23712383210659027, 0.23611681163311005, 0.2350708395242691, 0.2352486550807953, 0.2364998459815979, 0.23617662489414215, 0.23643021285533905, 0.23544856905937195, 0.23718170821666718, 0.23983024060726166, 0.23526252806186676, 0.2389073222875595, 0.23577946424484253, 0.2368142306804657, 0.2362545132637024, 0.23496176302433014, 0.23499701917171478, 0.23568567633628845, 0.23409460484981537, 0.23505516350269318, 0.23532013595104218, 0.23812337219715118, 0.23700937628746033, 0.23582351207733154, 0.2359200417995453, 0.2349306344985962, 0.2352638691663742, 0.2347870022058487, 0.23667435348033905, 0.23436035215854645, 0.23538285493850708, 0.23453058302402496, 0.23415318131446838, 0.23405632376670837, 0.23380230367183685, 0.23305825889110565, 0.2323606312274933, 0.234034925699234, 0.23391088843345642, 0.23333632946014404, 0.23587021231651306, 0.23351596295833588, 0.23579537868499756, 0.23358488082885742, 0.23640239238739014, 0.2323482185602188, 0.23346704244613647, 0.23540079593658447, 0.23272420465946198, 0.23350390791893005, 0.23244419693946838, 0.23165690898895264, 0.23213930428028107, 0.23272234201431274, 0.23316165804862976, 0.2325785607099533, 0.23380409181118011, 0.23341567814350128, 0.23282548785209656, 0.23310135304927826, 0.23206941783428192, 0.23319987952709198, 0.23199406266212463, 0.23329386115074158, 0.23087674379348755, 0.23345962166786194, 0.23193374276161194, 0.2319839596748352, 0.2338184118270874, 0.23204083740711212, 0.23194923996925354, 0.23392677307128906, 0.23346225917339325, 0.23252326250076294, 0.23528365790843964, 0.23152078688144684, 0.2311561554670334, 0.23110336065292358, 0.23216129839420319, 0.23432178795337677, 0.231750950217247, 0.23121412098407745, 0.2310067117214203, 0.23153278231620789, 0.23038916289806366, 0.23266515135765076, 0.23091664910316467, 0.23158541321754456, 0.23138700425624847, 0.2321666181087494, 0.22941812872886658, 0.23115572333335876, 0.23208202421665192, 0.23122701048851013, 0.23219862580299377, 0.22946563363075256, 0.23263093829154968, 0.23157896101474762, 0.27911102771759033, 0.2750658094882965, 0.3307802081108093, 0.303951233625412, 0.3010173439979553, 0.30426305532455444, 0.2983379364013672, 0.29832515120506287, 0.29759037494659424, 0.29724353551864624, 0.2993949055671692, 0.2973062992095947, 0.2985701262950897, 0.29869914054870605, 0.2973596453666687, 0.29997122287750244, 0.2973456084728241, 0.29914894700050354, 0.2977011799812317, 0.29485419392585754, 0.29596930742263794, 0.2954457998275757, 0.2977486550807953, 0.29784393310546875, 0.29682931303977966, 0.29840025305747986, 0.29589614272117615, 0.2955566942691803, 0.29909226298332214, 0.30267345905303955, 0.2997463345527649, 0.2965301275253296, 0.30316343903541565, 0.2947307527065277, 0.29510706663131714, 0.2952430248260498, 0.2945657968521118, 0.29479560256004333, 0.2989994287490845, 0.2947079539299011, 0.2935124337673187, 0.2943054139614105, 0.29724282026290894, 0.29878804087638855, 0.3093092143535614, 0.30385419726371765, 0.30541279911994934, 0.30328524112701416, 0.30240190029144287, 0.3036910593509674, 0.3037022054195404, 0.30215176939964294, 0.3042532205581665, 0.3026162385940552, 0.301850289106369, 0.3052796721458435, 0.3022329807281494, 0.3079029321670532, 0.3026752173900604, 0.301731675863266, 0.3021635413169861, 0.30173176527023315, 0.30327990651130676, 0.30150529742240906, 0.3017756938934326, 0.3011641204357147, 0.301941454410553, 0.300953209400177, 0.30211520195007324, 0.30161914229393005, 0.3009750247001648, 0.3018081486225128, 0.30123594403266907, 0.301497220993042, 0.3013761341571808, 0.3036138415336609, 0.30142414569854736, 0.30203330516815186, 0.3019057810306549, 0.30128440260887146, 0.3024562895298004, 0.30088114738464355, 0.3015032708644867, 0.3056691884994507, 0.30098772048950195, 0.30117830634117126, 0.30178502202033997, 0.30709323287010193, 0.3020216226577759, 0.30487364530563354, 0.3011840879917145, 0.3010624051094055, 0.3007410764694214, 0.30123573541641235, 0.30093157291412354, 0.3002464771270752, 0.300269216299057, 0.30075719952583313, 0.3059467375278473, 0.30300500988960266, 0.30200374126434326, 0.30129915475845337, 0.30154263973236084, 0.3009718656539917, 0.300793319940567, 0.31041857600212097, 0.30035725235939026]",4.0,"[33.0, 33.0, 33.0, 33.0, 33.0, 33.0, 33.0, 33.0, 33.0, 33.0, 33.0, 33.0, 33.0, 33.0, 33.0, 33.0, 33.0, 33.0, 33.0, 33.0, 33.0, 33.0, 33.0, 33.0, 33.0, 33.0, 33.0, 33.0, 33.0, 33.0, 33.0, 33.0, 33.0, 33.0, 33.0, 33.0, 33.0, 33.0, 33.0, 33.0, 33.0, 33.0, 32.0, 31.0, 31.0, 30.0, 30.0, 29.0, 27.0, 27.0, 26.0, 26.0, 25.0, 23.0, 22.0, 21.0, 19.0, 19.0, 19.0, 19.0, 19.0, 19.0, 19.0, 19.0, 18.0, 18.0, 18.0, 18.0, 18.0, 18.0, 18.0, 18.0, 18.0, 18.0, 17.0, 17.0, 17.0, 17.0, 17.0, 17.0, 17.0, 17.0, 17.0, 17.0, 17.0, 17.0, 17.0, 17.0, 17.0, 17.0, 17.0, 17.0, 17.0, 17.0, 17.0, 17.0, 17.0, 17.0, 17.0, 17.0, 16.0, 16.0, 16.0, 16.0, 16.0, 16.0, 15.0, 15.0, 15.0, 15.0, 15.0, 15.0, 15.0, 13.0, 12.0, 12.0, 10.0, 10.0, 10.0, 10.0, 9.0, 9.0, 9.0, 9.0, 9.0, 9.0, 9.0, 9.0, 9.0, 9.0, 9.0, 9.0, 9.0, 8.0, 8.0, 8.0, 8.0, 8.0, 8.0, 8.0, 8.0, 8.0, 8.0, 8.0, 8.0, 8.0, 8.0, 8.0, 8.0, 7.0, 7.0, 7.0, 7.0, 7.0, 7.0, 7.0, 7.0, 7.0, 7.0, 7.0, 7.0, 7.0, 7.0, 7.0, 7.0, 7.0, 7.0, 7.0, 7.0, 7.0, 7.0, 7.0, 7.0, 7.0, 7.0, 7.0, 7.0, 7.0, 7.0, 7.0, 7.0, 7.0, 7.0, 7.0, 7.0, 7.0, 7.0, 7.0, 7.0, 7.0, 7.0, 7.0, 7.0, 7.0, 7.0, 7.0, 7.0, 7.0, 7.0, 7.0, 7.0, 7.0, 7.0, 7.0, 7.0, 7.0, 7.0, 7.0, 7.0, 7.0, 7.0, 7.0, 7.0, 7.0, 7.0, 7.0, 7.0, 7.0, 7.0, 7.0, 7.0, 7.0, 7.0, 7.0, 7.0, 7.0, 7.0, 7.0, 7.0, 7.0, 7.0, 7.0, 7.0, 7.0, 7.0, 7.0, 7.0, 7.0, 7.0, 7.0, 7.0, 7.0, 7.0, 7.0, 7.0, 7.0, 7.0, 7.0, 7.0, 7.0, 7.0, 7.0, 7.0, 7.0, 7.0, 7.0, 7.0, 7.0, 7.0, 7.0, 7.0, 7.0, 7.0, 7.0, 7.0, 7.0, 7.0, 7.0, 7.0, 7.0, 7.0, 7.0, 7.0, 6.0, 6.0, 5.0, 5.0, 5.0, 5.0, 5.0, 5.0, 5.0, 5.0, 5.0, 5.0, 5.0, 5.0, 5.0, 5.0, 5.0, 5.0, 5.0, 5.0, 5.0, 5.0, 5.0, 5.0, 5.0, 5.0, 5.0, 5.0, 5.0, 5.0, 5.0, 5.0, 5.0, 5.0, 5.0, 5.0, 5.0, 5.0, 5.0, 5.0, 5.0, 5.0, 5.0, 5.0, 4.0, 4.0, 4.0, 4.0, 4.0, 4.0, 4.0, 4.0, 4.0, 4.0, 4.0, 4.0, 4.0, 4.0, 4.0, 4.0, 4.0, 4.0, 4.0, 4.0, 4.0, 4.0, 4.0, 4.0, 4.0, 4.0, 4.0, 4.0, 4.0, 4.0, 4.0, 4.0, 4.0, 4.0, 4.0, 4.0, 4.0, 4.0, 4.0, 4.0, 4.0, 4.0, 4.0, 4.0, 4.0, 4.0, 4.0, 4.0, 4.0, 4.0, 4.0, 4.0, 4.0, 4.0, 4.0, 4.0, 4.0, 4.0, 4.0, 4.0, 4.0, 4.0, 4.0]",COMPLETE
