,number,value,datetime_start,datetime_complete,duration,params_batch_size_scaler,params_constant_learning_rate,params_depth,params_epochs,params_kernel_l2,params_num_trees,params_temperature,user_attrs_accuracy_test,user_attrs_accuracy_valid,user_attrs_approximate_feature_sparsity,user_attrs_approximate_feature_sparsity_history,user_attrs_approximate_weight_sparsity,user_attrs_approximate_weight_sparsity_history,user_attrs_auc_test,user_attrs_auc_valid,user_attrs_feature_sparsity,user_attrs_feature_sparsity_history,user_attrs_num_epochs,user_attrs_val_loss_history,user_attrs_weight_sparsity,user_attrs_weight_sparsity_history,state
48,48,0.9140549522742205,2024-08-31 02:12:06.766361,2024-08-31 02:15:41.770024,0 days 00:03:35.003663,4,0.07732036501998454,5,190,0.0029011355041007668,46,0.011200899457635527,0.916,0.9175,33,"[33, 33, 33, 33, 33, 33, 33, 33, 33, 33, 33, 33, 33, 33, 33, 33, 33, 33, 33, 33, 33, 33, 33, 33, 33, 33, 33, 33, 33, 33, 33, 33, 33, 33, 33, 33, 33, 33, 33, 33, 33, 33, 33, 33, 33, 33, 33, 33, 33, 33, 33, 33, 33, 33, 33, 33, 33, 33, 33, 33, 33, 33, 33, 33, 33, 33, 33, 33, 33, 33, 33, 33, 33, 33, 33, 33, 33, 33, 33, 33, 33, 33, 33, 33, 33, 33, 33, 33, 33, 33, 33, 33, 33, 33, 33, 33, 33, 33, 33, 33, 33, 33, 33, 33, 33, 33, 33, 33, 33, 33, 33, 33, 33, 33, 33, 33, 33, 33, 33, 33, 33, 33, 33, 33, 33, 33, 33, 33, 33, 33, 33, 33, 33, 33, 33, 33, 33, 33, 33, 33, 33, 33, 33, 33, 33, 33, 33, 33, 33, 33, 33, 33, 33, 33, 33, 33, 33, 33, 33, 33, 33, 33, 33, 33, 33, 33, 33, 33, 33, 33, 33, 33, 33, 33, 33, 33, 33, 33, 33, 33, 33, 33, 33, 33, 33, 33, 33, 33, 33, 33]",32.95091164095372,"[32.94670406732118, 32.953015427769984, 32.94670406732118, 32.93338008415147, 32.94319775596073, 32.95441795231417, 32.94950911640954, 32.94880785413744, 32.94880785413745, 32.94950911640954, 32.94950911640953, 32.94460028050491, 32.94109396914446, 32.945301542776996, 32.94319775596073, 32.94950911640954, 32.945301542777, 32.93899018232819, 32.94810659186536, 32.94039270687237, 32.952314165497896, 32.94880785413745, 32.95161290322581, 32.95441795231416, 32.9586255259467, 32.952314165497896, 32.95161290322581, 32.955119214586254, 32.94389901823282, 32.94319775596073, 32.945301542776996, 32.94109396914446, 32.94319775596073, 32.95091164095371, 32.94389901823282, 32.94810659186536, 32.94950911640954, 32.95652173913043, 32.95652173913044, 32.95021037868163, 32.94880785413745, 32.948106591865354, 32.948106591865354, 32.94109396914446, 32.93478260869565, 32.93758765778401, 32.94179523141655, 32.94319775596073, 32.93899018232819, 32.94389901823282, 32.94389901823282, 32.94670406732118, 32.945301542777, 32.942496493688644, 32.95091164095372, 32.94600280504909, 32.947405329593266, 32.941093969144454, 32.94389901823282, 32.947405329593266, 32.943197755960725, 32.94249649368864, 32.94319775596073, 32.947405329593266, 32.94109396914446, 32.94109396914446, 32.94950911640954, 32.94880785413745, 32.94460028050491, 32.94670406732118, 32.947405329593266, 32.95161290322581, 32.94880785413744, 32.94600280504909, 32.94880785413745, 32.95091164095371, 32.95582047685834, 32.95932678821879, 32.953015427769984, 32.955119214586254, 32.95932678821879, 32.95371669004207, 32.94880785413744, 32.94249649368864, 32.95441795231417, 32.953015427769984, 32.952314165497896, 32.957223001402525, 32.96143057503506, 32.953015427769984, 32.95091164095372, 32.94950911640954, 32.947405329593266, 32.95091164095372, 32.948106591865354, 32.952314165497896, 32.95371669004207, 32.95582047685834, 32.95161290322581, 32.950210378681625, 32.94600280504909, 32.95161290322581, 32.953015427769984, 32.95091164095372, 32.950210378681625, 32.947405329593266, 32.943197755960725, 32.95161290322581, 32.94880785413745, 32.94880785413744, 32.94880785413744, 32.952314165497896, 32.95441795231417, 32.95932678821879, 32.95862552594671, 32.95722300140252, 32.9516129032258, 32.952314165497896, 32.952314165497896, 32.950210378681625, 32.94600280504908, 32.95371669004207, 32.9516129032258, 32.947405329593266, 32.94670406732118, 32.94179523141655, 32.94179523141655, 32.94600280504908, 32.94950911640953, 32.95371669004207, 32.950210378681625, 32.950210378681625, 32.95792426367461, 32.95441795231416, 32.95652173913043, 32.953015427769984, 32.95161290322581, 32.950210378681625, 32.950210378681625, 32.94460028050491, 32.94880785413745, 32.94950911640954, 32.94670406732118, 32.957223001402525, 32.959326788218796, 32.960028050490884, 32.95582047685834, 32.955119214586254, 32.957223001402525, 32.959326788218796, 32.962131837307155, 32.95582047685834, 32.95652173913044, 32.957223001402525, 32.953015427769984, 32.95652173913044, 32.953015427769984, 32.960028050490884, 32.95371669004208, 32.953015427769984, 32.947405329593266, 32.950210378681625, 32.95161290322581, 32.952314165497896, 32.94810659186536, 32.955119214586254, 32.948106591865354, 32.95091164095371, 32.95371669004208, 32.952314165497896, 32.950210378681625, 32.95371669004207, 32.95441795231417, 32.95441795231417, 32.95582047685834, 32.95792426367461, 32.9516129032258, 32.957223001402525, 32.95652173913044, 32.95792426367461, 32.955119214586254, 32.95792426367461, 32.96143057503507, 32.96353436185133, 32.96072931276297, 32.960028050490884, 32.955119214586254, 32.952314165497896, 32.95371669004207, 32.95091164095372]",0.8951857264343331,0.9140549522742205,33,"[33, 33, 33, 33, 33, 33, 33, 33, 33, 33, 33, 33, 33, 33, 33, 33, 33, 33, 33, 33, 33, 33, 33, 33, 33, 33, 33, 33, 33, 33, 33, 33, 33, 33, 33, 33, 33, 33, 33, 33, 33, 33, 33, 33, 33, 33, 33, 33, 33, 33, 33, 33, 33, 33, 33, 33, 33, 33, 33, 33, 33, 33, 33, 33, 33, 33, 33, 33, 33, 33, 33, 33, 33, 33, 33, 33, 33, 33, 33, 33, 33, 33, 33, 33, 33, 33, 33, 33, 33, 33, 33, 33, 33, 33, 33, 33, 33, 33, 33, 33, 33, 33, 33, 33, 33, 33, 33, 33, 33, 33, 33, 33, 33, 33, 33, 33, 33, 33, 33, 33, 33, 33, 33, 33, 33, 33, 33, 33, 33, 33, 33, 33, 33, 33, 33, 33, 33, 33, 33, 33, 33, 33, 33, 33, 33, 33, 33, 33, 33, 33, 33, 33, 33, 33, 33, 33, 33, 33, 33, 33, 33, 33, 33, 33, 33, 33, 33, 33, 33, 33, 33, 33, 33, 33, 33, 33, 33, 33, 33, 33, 33, 33, 33, 33, 33, 33, 33, 33, 33, 33]",190,"[0.40646347403526306, 0.39451003074645996, 0.388902485370636, 0.38457125425338745, 0.38114774227142334, 0.378233939409256, 0.3758792579174042, 0.3737129271030426, 0.37204211950302124, 0.37043875455856323, 0.3689374625682831, 0.3675091564655304, 0.3663118779659271, 0.36524447798728943, 0.36432456970214844, 0.3628268837928772, 0.36199951171875, 0.3607338070869446, 0.3597732186317444, 0.35868149995803833, 0.3578033149242401, 0.3568151593208313, 0.35580456256866455, 0.35487106442451477, 0.35415321588516235, 0.35308921337127686, 0.35220757126808167, 0.3510720133781433, 0.350202739238739, 0.3492587208747864, 0.3483904302120209, 0.3475426733493805, 0.34674906730651855, 0.34562769532203674, 0.34478560090065, 0.34389373660087585, 0.34302735328674316, 0.3421447277069092, 0.3412710130214691, 0.34052959084510803, 0.3393585979938507, 0.33848971128463745, 0.3374401032924652, 0.3365267515182495, 0.33549636602401733, 0.3346501290798187, 0.3338125944137573, 0.3326972723007202, 0.3318699300289154, 0.33114492893218994, 0.3299644887447357, 0.32887327671051025, 0.32797205448150635, 0.32680743932724, 0.32570379972457886, 0.32469281554222107, 0.3235905170440674, 0.3226564824581146, 0.3215789496898651, 0.32038334012031555, 0.319271445274353, 0.3181228041648865, 0.31695833802223206, 0.31574776768684387, 0.31467869877815247, 0.31345146894454956, 0.3121359348297119, 0.3111916482448578, 0.3098851442337036, 0.3085174858570099, 0.30716753005981445, 0.3060123324394226, 0.30443716049194336, 0.3031078577041626, 0.3018617331981659, 0.30048203468322754, 0.2991357743740082, 0.297791451215744, 0.29638293385505676, 0.29512032866477966, 0.2941023111343384, 0.2925184369087219, 0.2909586727619171, 0.28960829973220825, 0.288357138633728, 0.28719842433929443, 0.28559938073158264, 0.2842543125152588, 0.2831057608127594, 0.28185194730758667, 0.2806268334388733, 0.27948296070098877, 0.2781468629837036, 0.27689486742019653, 0.2757977545261383, 0.27453574538230896, 0.27343159914016724, 0.2724107801914215, 0.27127590775489807, 0.27030953764915466, 0.269220232963562, 0.26823756098747253, 0.2674174904823303, 0.2664014399051666, 0.26537907123565674, 0.2644091248512268, 0.26359888911247253, 0.2628273069858551, 0.26190584897994995, 0.2612060606479645, 0.26030924916267395, 0.2595411241054535, 0.2589331865310669, 0.2579668462276459, 0.25732311606407166, 0.2564128637313843, 0.2557474672794342, 0.2551392614841461, 0.25430944561958313, 0.2535848915576935, 0.2529934048652649, 0.2524982690811157, 0.2517550587654114, 0.2511632442474365, 0.25050997734069824, 0.24988079071044922, 0.24947021901607513, 0.2485342174768448, 0.24807778000831604, 0.24747306108474731, 0.24702195823192596, 0.24627186357975006, 0.24578535556793213, 0.24532949924468994, 0.2448500692844391, 0.24404282867908478, 0.2434268593788147, 0.24296170473098755, 0.24244016408920288, 0.2420525997877121, 0.24143001437187195, 0.24089215695858002, 0.24052242934703827, 0.2400592863559723, 0.23944604396820068, 0.23892444372177124, 0.23859387636184692, 0.23807674646377563, 0.23766349256038666, 0.23706366121768951, 0.23684009909629822, 0.23604942858219147, 0.2356589138507843, 0.2351710945367813, 0.2346256673336029, 0.23419509828090668, 0.23379257321357727, 0.23350313305854797, 0.2329118698835373, 0.2326006442308426, 0.23242460191249847, 0.2317386120557785, 0.23138821125030518, 0.23090742528438568, 0.23053623735904694, 0.23007653653621674, 0.2297157347202301, 0.22934205830097198, 0.22880250215530396, 0.2285165786743164, 0.22822406888008118, 0.22792872786521912, 0.22711719572544098, 0.22700321674346924, 0.22639018297195435, 0.22622232139110565, 0.22608423233032227, 0.22556361556053162, 0.22526970505714417, 0.22480078041553497, 0.22430738806724548, 0.22405311465263367, 0.223815456032753, 0.22315938770771027, 0.22312478721141815, 0.2227773517370224, 0.2220921367406845, 0.22173313796520233, 0.22164621949195862, 0.22134506702423096]",33.0,"[33.0, 33.0, 33.0, 33.0, 33.0, 33.0, 33.0, 33.0, 33.0, 33.0, 33.0, 33.0, 33.0, 33.0, 33.0, 33.0, 33.0, 33.0, 33.0, 33.0, 33.0, 33.0, 33.0, 33.0, 33.0, 33.0, 33.0, 33.0, 33.0, 33.0, 33.0, 33.0, 33.0, 33.0, 33.0, 33.0, 33.0, 33.0, 33.0, 33.0, 33.0, 33.0, 33.0, 33.0, 33.0, 33.0, 33.0, 33.0, 33.0, 33.0, 33.0, 33.0, 33.0, 33.0, 33.0, 33.0, 33.0, 33.0, 33.0, 33.0, 33.0, 33.0, 33.0, 33.0, 33.0, 33.0, 33.0, 33.0, 33.0, 33.0, 33.0, 33.0, 33.0, 33.0, 33.0, 33.0, 33.0, 33.0, 33.0, 33.0, 33.0, 33.0, 33.0, 33.0, 33.0, 33.0, 33.0, 33.0, 33.0, 33.0, 33.0, 33.0, 33.0, 33.0, 33.0, 33.0, 33.0, 33.0, 33.0, 33.0, 33.0, 33.0, 33.0, 33.0, 33.0, 33.0, 33.0, 33.0, 33.0, 33.0, 33.0, 33.0, 33.0, 33.0, 33.0, 33.0, 33.0, 33.0, 33.0, 33.0, 33.0, 33.0, 33.0, 33.0, 33.0, 33.0, 33.0, 33.0, 33.0, 33.0, 33.0, 33.0, 33.0, 33.0, 33.0, 33.0, 33.0, 33.0, 33.0, 33.0, 33.0, 33.0, 33.0, 33.0, 33.0, 33.0, 33.0, 33.0, 33.0, 33.0, 33.0, 33.0, 33.0, 33.0, 33.0, 33.0, 33.0, 33.0, 33.0, 33.0, 33.0, 33.0, 33.0, 33.0, 33.0, 33.0, 33.0, 33.0, 33.0, 33.0, 33.0, 33.0, 33.0, 33.0, 33.0, 33.0, 33.0, 33.0, 33.0, 33.0, 33.0, 33.0, 33.0, 33.0, 33.0, 33.0, 33.0, 33.0, 33.0, 33.0]",COMPLETE
