,number,value,datetime_start,datetime_complete,duration,params_batch_size_scaler,params_constant_learning_rate,params_depth,params_epochs,params_kernel_l2,params_num_trees,params_temperature,user_attrs_accuracy_test,user_attrs_accuracy_valid,user_attrs_approximate_feature_sparsity,user_attrs_approximate_feature_sparsity_history,user_attrs_approximate_weight_sparsity,user_attrs_approximate_weight_sparsity_history,user_attrs_auc_test,user_attrs_auc_valid,user_attrs_feature_sparsity,user_attrs_feature_sparsity_history,user_attrs_num_epochs,user_attrs_val_loss_history,user_attrs_weight_sparsity,user_attrs_weight_sparsity_history,state
154,154,0.7013048910873234,2024-08-31 07:55:23.518016,2024-08-31 07:55:42.240123,0 days 00:00:18.722107,64,0.01772419124061445,1,280,0.0927582596893823,40,0.0021364135626333906,0.864,0.86375,33,"[33, 33, 33, 33, 33, 33, 33, 33, 33, 33, 33, 33, 33, 33, 33, 33, 33, 33, 33, 33, 33, 33, 33, 33, 33, 33, 33, 33, 33, 33, 33, 33, 33, 33, 33, 33, 33, 33, 33, 33, 33, 33, 33, 33, 33, 33, 33, 33, 33, 33, 33, 33, 33, 33, 33, 33, 33, 33, 33, 33, 33, 33, 33, 33, 33, 33, 33, 33, 33, 33, 33, 33, 33, 33, 33, 33, 33, 33, 33, 33, 33, 33, 33, 33, 33, 33, 33, 33, 33, 33, 33, 33, 33, 33, 33, 33, 33, 33, 33, 33, 33, 33, 33, 33, 33, 33, 33, 33, 33, 33, 33, 33, 33, 33, 33, 33, 33, 33, 33, 33, 33, 33, 33, 33, 33, 33, 33, 33, 33, 33, 33, 33, 33, 33, 33, 33, 33, 33, 33, 33, 33, 33, 33, 33, 33, 33, 33, 33, 33, 33, 33, 33, 33, 33, 33, 33, 33, 33, 33, 33, 33, 33, 33, 33, 33, 33, 33, 33, 33, 33, 33, 33, 33, 33, 33, 33, 33, 33, 33, 33, 33, 33, 33, 33, 33, 33, 33, 33, 33, 33, 33, 33, 33, 33, 33, 33, 33, 33, 33, 33, 33, 33, 33, 33, 33, 33, 33, 33, 33, 33, 33, 33, 33, 33, 33, 33, 33, 33, 33, 33, 33, 33, 33, 33, 33, 33, 33, 33, 33, 33, 33, 33, 33, 33, 33, 33, 33, 33, 33, 33, 33, 33, 33, 33, 33, 33, 33, 33, 33, 33, 33, 33, 33, 33, 33, 33, 33, 33, 33, 33, 33, 33, 33, 33, 33, 33, 33, 33, 33, 33, 33, 33, 33, 33, 33, 33, 33, 33, 33, 33]",33.0,"[33.0, 32.975, 33.0, 33.0, 33.0, 33.0, 32.975, 32.975, 33.0, 32.975, 33.0, 32.975, 32.975, 32.975, 33.0, 33.0, 33.0, 33.0, 33.0, 33.0, 33.0, 33.0, 32.975, 32.975, 32.975, 32.975, 32.975, 32.975, 32.975, 32.975, 33.0, 33.0, 33.0, 33.0, 32.975, 33.0, 33.0, 32.975, 33.0, 33.0, 33.0, 33.0, 33.0, 33.0, 33.0, 33.0, 33.0, 32.975, 33.0, 33.0, 33.0, 33.0, 33.0, 32.975, 32.975, 32.975, 33.0, 32.975, 32.975, 33.0, 33.0, 33.0, 33.0, 33.0, 33.0, 33.0, 33.0, 33.0, 33.0, 33.0, 33.0, 33.0, 33.0, 33.0, 32.975, 33.0, 33.0, 33.0, 33.0, 33.0, 33.0, 33.0, 33.0, 33.0, 32.975, 33.0, 33.0, 33.0, 32.975, 32.975, 33.0, 33.0, 32.975, 33.0, 33.0, 33.0, 33.0, 33.0, 33.0, 33.0, 33.0, 33.0, 33.0, 33.0, 32.975, 32.95, 32.975, 32.975, 33.0, 33.0, 33.0, 33.0, 33.0, 33.0, 33.0, 33.0, 33.0, 33.0, 33.0, 33.0, 32.975, 32.975, 32.975, 33.0, 33.0, 33.0, 33.0, 33.0, 33.0, 32.975, 32.975, 33.0, 33.0, 33.0, 33.0, 33.0, 33.0, 33.0, 32.975, 32.975, 32.975, 32.975, 33.0, 33.0, 32.975, 32.975, 32.975, 32.975, 33.0, 33.0, 33.0, 32.975, 33.0, 33.0, 33.0, 33.0, 33.0, 33.0, 33.0, 33.0, 33.0, 33.0, 33.0, 33.0, 32.975, 32.975, 33.0, 33.0, 32.975, 32.975, 32.975, 33.0, 33.0, 33.0, 33.0, 33.0, 33.0, 33.0, 33.0, 33.0, 33.0, 33.0, 33.0, 33.0, 33.0, 33.0, 32.975, 32.95, 32.95, 32.975, 32.975, 32.975, 33.0, 33.0, 33.0, 33.0, 33.0, 33.0, 33.0, 33.0, 33.0, 33.0, 33.0, 33.0, 33.0, 32.975, 33.0, 33.0, 33.0, 33.0, 33.0, 33.0, 33.0, 33.0, 33.0, 33.0, 33.0, 33.0, 33.0, 33.0, 33.0, 33.0, 33.0, 33.0, 33.0, 33.0, 33.0, 33.0, 33.0, 33.0, 33.0, 33.0, 32.975, 33.0, 33.0, 33.0, 33.0, 33.0, 33.0, 33.0, 33.0, 33.0, 33.0, 33.0, 33.0, 33.0, 33.0, 33.0, 33.0, 33.0, 33.0, 33.0, 33.0, 33.0, 33.0, 33.0, 33.0, 33.0, 33.0, 33.0, 33.0, 33.0, 33.0, 33.0, 33.0, 33.0, 33.0, 33.0, 33.0, 33.0, 33.0, 33.0, 33.0, 33.0, 33.0, 33.0, 33.0, 33.0, 33.0, 33.0]",0.7381996218594936,0.7013048910873234,33,"[33, 33, 33, 33, 33, 33, 33, 33, 33, 33, 33, 33, 33, 33, 33, 33, 33, 33, 33, 33, 33, 33, 33, 33, 33, 33, 33, 33, 33, 33, 33, 33, 33, 33, 33, 33, 33, 33, 33, 33, 33, 33, 33, 33, 33, 33, 33, 33, 33, 33, 33, 33, 33, 33, 33, 33, 33, 33, 33, 33, 33, 33, 33, 33, 33, 33, 33, 33, 33, 33, 33, 33, 33, 33, 33, 33, 33, 33, 33, 33, 33, 33, 33, 33, 33, 33, 33, 33, 33, 33, 33, 33, 33, 33, 33, 33, 33, 33, 33, 33, 33, 33, 33, 33, 33, 33, 33, 33, 33, 33, 33, 33, 33, 33, 33, 33, 33, 33, 33, 33, 33, 33, 33, 33, 33, 33, 33, 33, 33, 33, 33, 33, 33, 33, 33, 33, 33, 33, 33, 33, 33, 33, 33, 33, 33, 33, 33, 33, 33, 33, 33, 33, 33, 33, 33, 33, 33, 33, 33, 33, 33, 33, 33, 33, 33, 33, 33, 33, 33, 33, 33, 33, 33, 33, 33, 33, 33, 33, 33, 33, 33, 33, 33, 33, 33, 33, 33, 33, 33, 33, 33, 33, 33, 33, 33, 33, 33, 33, 33, 33, 33, 33, 33, 33, 33, 33, 33, 33, 33, 33, 33, 33, 33, 33, 33, 33, 33, 33, 33, 33, 33, 33, 33, 33, 33, 33, 33, 33, 33, 33, 33, 33, 33, 33, 33, 33, 33, 33, 33, 33, 33, 33, 33, 33, 33, 33, 33, 33, 33, 33, 33, 33, 33, 33, 33, 33, 33, 33, 33, 33, 33, 33, 33, 33, 33, 33, 33, 33, 33, 33, 33, 33, 33, 33, 33, 33, 33, 33, 33, 33]",280,"[0.6013661026954651, 0.5297859311103821, 0.5102347731590271, 0.5019104480743408, 0.4976302981376648, 0.4954167306423187, 0.4939320683479309, 0.49286115169525146, 0.49191707372665405, 0.4912657141685486, 0.4906245172023773, 0.48989707231521606, 0.48911547660827637, 0.48841962218284607, 0.48786261677742004, 0.48723965883255005, 0.48676392436027527, 0.48618170619010925, 0.4855407774448395, 0.48489296436309814, 0.4843655526638031, 0.48388540744781494, 0.4832538962364197, 0.48275861144065857, 0.4822004437446594, 0.4815829396247864, 0.4811170697212219, 0.48062384128570557, 0.4801054894924164, 0.47962310910224915, 0.4791557192802429, 0.4787205457687378, 0.4782852530479431, 0.4778842031955719, 0.47739851474761963, 0.47696375846862793, 0.4763954281806946, 0.4759176969528198, 0.4755151867866516, 0.4750688672065735, 0.4746508002281189, 0.4741261601448059, 0.47370457649230957, 0.4734238088130951, 0.47297096252441406, 0.472596138715744, 0.47219032049179077, 0.4717930555343628, 0.47144994139671326, 0.47107821702957153, 0.4707149863243103, 0.4704250991344452, 0.47020357847213745, 0.4700075387954712, 0.4695667624473572, 0.4691166579723358, 0.4686422049999237, 0.4682909846305847, 0.46808138489723206, 0.46774089336395264, 0.4673073887825012, 0.4669632315635681, 0.4667453467845917, 0.4663443863391876, 0.46599751710891724, 0.4657169580459595, 0.46539679169654846, 0.465159147977829, 0.4648633897304535, 0.4646543264389038, 0.4644109010696411, 0.4640995264053345, 0.463881254196167, 0.4634973406791687, 0.4633813500404358, 0.46306416392326355, 0.46264171600341797, 0.46240025758743286, 0.4620114266872406, 0.46174782514572144, 0.4614715278148651, 0.46130532026290894, 0.46110326051712036, 0.460781455039978, 0.4604487717151642, 0.4601956307888031, 0.4600154161453247, 0.45976731181144714, 0.45962315797805786, 0.4592745900154114, 0.45905810594558716, 0.45881471037864685, 0.45857930183410645, 0.4583120346069336, 0.4580487906932831, 0.45781105756759644, 0.4575742483139038, 0.45733803510665894, 0.4571743905544281, 0.4570128917694092, 0.45676568150520325, 0.456505686044693, 0.4563165605068207, 0.45606955885887146, 0.4558667242527008, 0.45564159750938416, 0.4554179906845093, 0.45520737767219543, 0.4550069570541382, 0.4547862112522125, 0.45466405153274536, 0.45452672243118286, 0.4544064998626709, 0.4542021155357361, 0.454109787940979, 0.45397576689720154, 0.45370984077453613, 0.453377902507782, 0.45315325260162354, 0.4529971182346344, 0.45281803607940674, 0.45277905464172363, 0.45253893733024597, 0.452399343252182, 0.4522935152053833, 0.4521472156047821, 0.4518803656101227, 0.4517112970352173, 0.45155856013298035, 0.45134109258651733, 0.45116665959358215, 0.45106032490730286, 0.45091140270233154, 0.4507685899734497, 0.45059481263160706, 0.45042216777801514, 0.4503578543663025, 0.4501771032810211, 0.4500025808811188, 0.449910044670105, 0.44971951842308044, 0.4495753049850464, 0.4494386613368988, 0.44927266240119934, 0.4491361975669861, 0.4489976763725281, 0.4488722085952759, 0.44875985383987427, 0.4487319588661194, 0.44848573207855225, 0.4483301043510437, 0.44824257493019104, 0.4481128454208374, 0.4480346441268921, 0.4478490948677063, 0.4478590488433838, 0.4476005434989929, 0.4474407434463501, 0.4473087191581726, 0.4471946954727173, 0.44708794355392456, 0.4469764828681946, 0.4468417763710022, 0.44677430391311646, 0.4466124475002289, 0.44645586609840393, 0.4463716745376587, 0.44625380635261536, 0.4461330473423004, 0.44601404666900635, 0.4458553194999695, 0.44572752714157104, 0.445658802986145, 0.4455566108226776, 0.4455934166908264, 0.44526737928390503, 0.4451567530632019, 0.4450313448905945, 0.44494277238845825, 0.44500815868377686, 0.4447222948074341, 0.44457781314849854, 0.4444614052772522, 0.4443627893924713, 0.44423890113830566, 0.44415101408958435, 0.44407638907432556, 0.44388946890830994, 0.44387662410736084, 0.44374239444732666, 0.44366395473480225, 0.44377145171165466, 0.44346389174461365, 0.44328418374061584, 0.443185418844223, 0.44300156831741333, 0.44288432598114014, 0.4427715539932251, 0.4426497220993042, 0.4425601065158844, 0.4425276219844818, 0.44238775968551636, 0.4422371983528137, 0.44217419624328613, 0.4420942962169647, 0.44195130467414856, 0.4418692886829376, 0.44180697202682495, 0.4417179822921753, 0.4415692090988159, 0.44169333577156067, 0.4417102336883545, 0.4415208101272583, 0.44154444336891174, 0.441314160823822, 0.44101452827453613, 0.44093945622444153, 0.44095349311828613, 0.44071725010871887, 0.4405630826950073, 0.44049954414367676, 0.44037115573883057, 0.4402293264865875, 0.44013872742652893, 0.4399993121623993, 0.4399280250072479, 0.4398437738418579, 0.43971022963523865, 0.4396919012069702, 0.4395563006401062, 0.4394708573818207, 0.4393764138221741, 0.4393237829208374, 0.4391089677810669, 0.4390169084072113, 0.43891915678977966, 0.43885213136672974, 0.4387947916984558, 0.43871867656707764, 0.43863287568092346, 0.4385758340358734, 0.4384995698928833, 0.4383966326713562, 0.43825966119766235, 0.4381601810455322, 0.4381406307220459, 0.4380704462528229, 0.43792760372161865, 0.43783295154571533, 0.4376915693283081, 0.4376121759414673, 0.43756651878356934, 0.43745630979537964, 0.43738728761672974, 0.4372599124908447, 0.43727824091911316, 0.43713557720184326, 0.43703967332839966, 0.4370386600494385, 0.43701276183128357, 0.4370213747024536, 0.4370058476924896, 0.4366978704929352, 0.43660950660705566, 0.4364422857761383, 0.4364178478717804, 0.4362434446811676, 0.4361560046672821, 0.43624699115753174, 0.436191588640213, 0.43595558404922485, 0.4358645975589752, 0.43572771549224854, 0.4356616735458374, 0.4355635941028595, 0.43545109033584595, 0.435395210981369, 0.43529388308525085, 0.4351934492588043, 0.43502888083457947]",33.0,"[33.0, 33.0, 33.0, 33.0, 33.0, 33.0, 33.0, 33.0, 33.0, 33.0, 33.0, 33.0, 33.0, 33.0, 33.0, 33.0, 33.0, 33.0, 33.0, 33.0, 33.0, 33.0, 33.0, 33.0, 33.0, 33.0, 33.0, 33.0, 33.0, 33.0, 33.0, 33.0, 33.0, 33.0, 33.0, 33.0, 33.0, 33.0, 33.0, 33.0, 33.0, 33.0, 33.0, 33.0, 33.0, 33.0, 33.0, 33.0, 33.0, 33.0, 33.0, 33.0, 33.0, 33.0, 33.0, 33.0, 33.0, 33.0, 33.0, 33.0, 33.0, 33.0, 33.0, 33.0, 33.0, 33.0, 33.0, 33.0, 33.0, 33.0, 33.0, 33.0, 33.0, 33.0, 33.0, 33.0, 33.0, 33.0, 33.0, 33.0, 33.0, 33.0, 33.0, 33.0, 33.0, 33.0, 33.0, 33.0, 33.0, 33.0, 33.0, 33.0, 33.0, 33.0, 33.0, 33.0, 33.0, 33.0, 33.0, 33.0, 33.0, 33.0, 33.0, 33.0, 33.0, 33.0, 33.0, 33.0, 33.0, 33.0, 33.0, 33.0, 33.0, 33.0, 33.0, 33.0, 33.0, 33.0, 33.0, 33.0, 33.0, 33.0, 33.0, 33.0, 33.0, 33.0, 33.0, 33.0, 33.0, 33.0, 33.0, 33.0, 33.0, 33.0, 33.0, 33.0, 33.0, 33.0, 33.0, 33.0, 33.0, 33.0, 33.0, 33.0, 33.0, 33.0, 33.0, 33.0, 33.0, 33.0, 33.0, 33.0, 33.0, 33.0, 33.0, 33.0, 33.0, 33.0, 33.0, 33.0, 33.0, 33.0, 33.0, 33.0, 33.0, 33.0, 33.0, 33.0, 33.0, 33.0, 33.0, 33.0, 33.0, 33.0, 33.0, 33.0, 33.0, 33.0, 33.0, 33.0, 33.0, 33.0, 33.0, 33.0, 33.0, 33.0, 33.0, 33.0, 33.0, 33.0, 33.0, 33.0, 33.0, 33.0, 33.0, 33.0, 33.0, 33.0, 33.0, 33.0, 33.0, 33.0, 33.0, 33.0, 33.0, 33.0, 33.0, 33.0, 33.0, 33.0, 33.0, 33.0, 33.0, 33.0, 33.0, 33.0, 33.0, 33.0, 33.0, 33.0, 33.0, 33.0, 33.0, 33.0, 33.0, 33.0, 33.0, 33.0, 33.0, 33.0, 33.0, 33.0, 33.0, 33.0, 33.0, 33.0, 33.0, 33.0, 33.0, 33.0, 33.0, 33.0, 33.0, 33.0, 33.0, 33.0, 33.0, 33.0, 33.0, 33.0, 33.0, 33.0, 33.0, 33.0, 33.0, 33.0, 33.0, 33.0, 33.0, 33.0, 33.0, 33.0, 33.0, 33.0, 33.0, 33.0, 33.0, 33.0, 33.0, 33.0, 33.0, 33.0, 33.0, 33.0, 33.0, 33.0, 33.0, 33.0, 33.0, 33.0]",COMPLETE
155,155,0.5,2024-08-31 07:55:42.244982,2024-08-31 07:55:48.084989,0 days 00:00:05.840007,64,0.3877741734869143,2,50,0.9159359791953775,56,0.08758446327930636,0.859,0.85875,0,"[33, 33, 18, 0, 0, 0, 0, 0, 0, 0, 0, 0, 0, 0, 0, 0, 0, 0, 0, 0, 0, 0, 0, 0, 0, 0, 0, 0, 0, 0, 0, 0, 0, 0, 0, 0, 0, 0, 0, 0, 0, 0, 0, 0, 0, 0, 0, 0, 0, 0]",0.0,"[32.98214285714286, 32.970238095238095, 17.99404761904762, 0.0, 0.0, 0.0, 0.0, 0.0, 0.0, 0.0, 0.0, 0.0, 0.0, 0.0, 0.0, 0.0, 0.0, 0.0, 0.0, 0.0, 0.0, 0.0, 0.0, 0.0, 0.0, 0.0, 0.0, 0.0, 0.0, 0.0, 0.0, 0.0, 0.0, 0.0, 0.0, 0.0, 0.0, 0.0, 0.0, 0.0, 0.0, 0.0, 0.0, 0.0, 0.0, 0.0, 0.0, 0.0, 0.0, 0.0]",0.5,0.5,0,"[33, 33, 18, 0, 0, 0, 0, 0, 0, 0, 0, 0, 0, 0, 0, 0, 0, 0, 0, 0, 0, 0, 0, 0, 0, 0, 0, 0, 0, 0, 0, 0, 0, 0, 0, 0, 0, 0, 0, 0, 0, 0, 0, 0, 0, 0, 0, 0, 0, 0]",50,"[0.7032396793365479, 0.6713626384735107, 0.545963704586029, 0.4072262644767761, 0.407530814409256, 0.4187954068183899, 0.4159867763519287, 0.4073094129562378, 0.4176817238330841, 0.40733519196510315, 0.42757079005241394, 0.40764695405960083, 0.4168168008327484, 0.408975213766098, 0.40723955631256104, 0.42053893208503723, 0.4219242036342621, 0.4099062979221344, 0.40815871953964233, 0.41117584705352783, 0.4186840057373047, 0.41149017214775085, 0.40990447998046875, 0.4357389211654663, 0.4124361276626587, 0.434143990278244, 0.40863463282585144, 0.41556575894355774, 0.4076162576675415, 0.4072321951389313, 0.407243549823761, 0.4268108308315277, 0.4270055294036865, 0.40745171904563904, 0.40726426243782043, 0.40727782249450684, 0.40907371044158936, 0.4085337817668915, 0.4088636040687561, 0.40730684995651245, 0.4072344899177551, 0.4078114628791809, 0.4094099700450897, 0.41185200214385986, 0.4161951541900635, 0.4158073663711548, 0.40874627232551575, 0.42471644282341003, 0.40727341175079346, 0.4072877764701843]",0.0,"[33.0, 33.0, 18.0, 0.0, 0.0, 0.0, 0.0, 0.0, 0.0, 0.0, 0.0, 0.0, 0.0, 0.0, 0.0, 0.0, 0.0, 0.0, 0.0, 0.0, 0.0, 0.0, 0.0, 0.0, 0.0, 0.0, 0.0, 0.0, 0.0, 0.0, 0.0, 0.0, 0.0, 0.0, 0.0, 0.0, 0.0, 0.0, 0.0, 0.0, 0.0, 0.0, 0.0, 0.0, 0.0, 0.0, 0.0, 0.0, 0.0, 0.0]",COMPLETE
156,156,0.6088418286509255,2024-08-31 07:55:51.192839,2024-08-31 07:56:02.267544,0 days 00:00:11.074705,64,3.105768676163778,1,165,0.05710074523303328,24,0.002297575987680389,0.859,0.85875,1,"[33, 33, 31, 17, 14, 10, 8, 8, 6, 6, 5, 4, 4, 4, 4, 4, 3, 3, 3, 3, 3, 3, 3, 3, 3, 3, 3, 3, 2, 2, 2, 2, 2, 2, 1, 1, 1, 1, 1, 1, 1, 1, 1, 1, 1, 1, 1, 1, 1, 1, 1, 1, 1, 1, 1, 1, 1, 1, 1, 1, 1, 1, 1, 1, 1, 1, 1, 1, 1, 1, 1, 1, 1, 1, 1, 1, 1, 1, 1, 1, 1, 1, 1, 1, 1, 1, 1, 1, 1, 1, 1, 1, 1, 1, 1, 1, 1, 1, 1, 1, 1, 1, 1, 1, 1, 1, 1, 1, 1, 1, 1, 1, 1, 1, 1, 1, 1, 1, 1, 1, 1, 1, 1, 1, 1, 1, 1, 1, 1, 1, 1, 1, 1, 1, 1, 1, 1, 1, 1, 1, 1, 1, 1, 1, 1, 1, 1, 1, 1, 1, 1, 1, 1, 1, 1, 1, 1, 1, 1, 1, 1, 1, 1, 1, 1]",1.0,"[33.0, 33.0, 30.958333333333336, 17.0, 13.958333333333334, 10.0, 8.0, 8.0, 6.0, 6.0, 5.0, 4.0, 4.0, 4.0, 4.0, 4.0, 3.0, 3.0, 3.0, 3.0, 3.0, 3.0, 3.0, 3.0, 3.0, 3.0, 2.9583333333333335, 3.0, 2.0, 2.0, 2.0, 2.0, 2.0, 2.0, 1.0, 1.0, 1.0, 1.0, 1.0, 1.0, 1.0, 1.0, 1.0, 1.0, 1.0, 1.0, 1.0, 1.0, 1.0, 1.0, 1.0, 1.0, 1.0, 1.0, 1.0, 1.0, 1.0, 1.0, 1.0, 1.0, 1.0, 1.0, 1.0, 1.0, 1.0, 1.0, 1.0, 1.0, 1.0, 1.0, 1.0, 1.0, 1.0, 1.0, 1.0, 1.0, 1.0, 1.0, 1.0, 1.0, 1.0, 1.0, 1.0, 1.0, 1.0, 1.0, 1.0, 1.0, 1.0, 1.0, 1.0, 1.0, 1.0, 1.0, 1.0, 1.0, 1.0, 1.0, 1.0, 1.0, 1.0, 1.0, 1.0, 1.0, 1.0, 1.0, 1.0, 1.0, 1.0, 1.0, 1.0, 1.0, 1.0, 1.0, 1.0, 1.0, 1.0, 1.0, 1.0, 1.0, 1.0, 1.0, 1.0, 1.0, 1.0, 1.0, 1.0, 1.0, 1.0, 1.0, 1.0, 1.0, 1.0, 1.0, 1.0, 1.0, 1.0, 1.0, 1.0, 1.0, 1.0, 1.0, 1.0, 1.0, 1.0, 1.0, 1.0, 1.0, 1.0, 1.0, 1.0, 1.0, 1.0, 1.0, 1.0, 1.0, 1.0, 1.0, 1.0, 1.0, 1.0, 1.0, 1.0, 1.0, 1.0]",0.6144865793145584,0.6088418286509255,1,"[33, 33, 31, 17, 14, 10, 8, 8, 6, 6, 5, 4, 4, 4, 4, 4, 3, 3, 3, 3, 3, 3, 3, 3, 3, 3, 3, 3, 2, 2, 2, 2, 2, 2, 1, 1, 1, 1, 1, 1, 1, 1, 1, 1, 1, 1, 1, 1, 1, 1, 1, 1, 1, 1, 1, 1, 1, 1, 1, 1, 1, 1, 1, 1, 1, 1, 1, 1, 1, 1, 1, 1, 1, 1, 1, 1, 1, 1, 1, 1, 1, 1, 1, 1, 1, 1, 1, 1, 1, 1, 1, 1, 1, 1, 1, 1, 1, 1, 1, 1, 1, 1, 1, 1, 1, 1, 1, 1, 1, 1, 1, 1, 1, 1, 1, 1, 1, 1, 1, 1, 1, 1, 1, 1, 1, 1, 1, 1, 1, 1, 1, 1, 1, 1, 1, 1, 1, 1, 1, 1, 1, 1, 1, 1, 1, 1, 1, 1, 1, 1, 1, 1, 1, 1, 1, 1, 1, 1, 1, 1, 1, 1, 1, 1, 1]",165,"[8.69555950164795, 2.5329253673553467, 7.164449691772461, 9.24489974975586, 4.739508628845215, 10.245095252990723, 3.0015509128570557, 4.231019020080566, 8.338871002197266, 2.0253994464874268, 0.5815292596817017, 4.0809645652771, 2.7354791164398193, 5.2983317375183105, 3.602285385131836, 4.164243698120117, 3.493166923522949, 3.0266733169555664, 4.279150009155273, 7.179960250854492, 0.8347066640853882, 1.1724891662597656, 1.1985164880752563, 2.063748836517334, 2.7239861488342285, 3.3163421154022217, 3.0780086517333984, 3.037654161453247, 2.3552019596099854, 4.662978172302246, 2.138256788253784, 6.463546276092529, 0.7387476563453674, 1.8655743598937988, 7.935548305511475, 2.084408760070801, 6.0059895515441895, 1.7565449476242065, 2.9250786304473877, 1.903465986251831, 7.17335319519043, 0.7839999198913574, 5.6001739501953125, 1.9262323379516602, 2.9501986503601074, 1.8142428398132324, 4.732582092285156, 0.4283982217311859, 6.856410026550293, 1.0066354274749756, 5.090841293334961, 8.290745735168457, 3.022770643234253, 2.3001787662506104, 3.738982915878296, 8.03425407409668, 1.9664740562438965, 6.892971038818359, 1.139248251914978, 5.4802069664001465, 5.824521541595459, 4.076694965362549, 8.31071662902832, 1.8657677173614502, 6.47993278503418, 0.534574031829834, 5.715975761413574, 2.235658645629883, 3.6284143924713135, 8.6758451461792, 2.8875646591186523, 3.7399964332580566, 8.321322441101074, 2.1608526706695557, 7.428178310394287, 1.149983286857605, 4.9171857833862305, 0.5151838660240173, 8.472616195678711, 2.3729567527770996, 7.2503228187561035, 1.46894109249115, 0.8052818775177002, 1.6278926134109497, 2.028634548187256, 7.211871147155762, 1.1301542520523071, 4.128078460693359, 7.359048843383789, 1.0255126953125, 4.774603843688965, 1.1767669916152954, 2.116952657699585, 6.15144157409668, 0.5832706093788147, 3.6054069995880127, 7.341667652130127, 1.36474609375, 1.8880517482757568, 3.9877941608428955, 8.18973445892334, 1.8108105659484863, 0.9764972925186157, 5.340023994445801, 0.6275439858436584, 2.1256494522094727, 3.2634878158569336, 1.5122478008270264, 1.6750609874725342, 7.934839248657227, 1.4963867664337158, 0.5382058620452881, 6.7289533615112305, 0.5539143085479736, 1.003495454788208, 0.5200721025466919, 2.6848762035369873, 3.4463143348693848, 3.6880173683166504, 8.442089080810547, 2.0674967765808105, 5.122213363647461, 0.5184211134910583, 6.6425909996032715, 0.6379265785217285, 4.503968238830566, 1.3797434568405151, 1.7321929931640625, 2.015554666519165, 2.2833304405212402, 6.546874523162842, 0.5747956037521362, 8.290651321411133, 1.64060640335083, 0.6252980828285217, 5.308877468109131, 1.3792835474014282, 1.582003116607666, 2.0044987201690674, 2.7226991653442383, 6.607622146606445, 1.1645946502685547, 2.0288867950439453, 2.307708501815796, 4.010650157928467, 2.3050618171691895, 4.323489189147949, 5.176109790802002, 0.6633407473564148, 6.0701704025268555, 1.3688808679580688, 1.4064563512802124, 2.4687716960906982, 0.6370672583580017, 1.629827618598938, 2.553900957107544, 5.808192729949951, 0.7032830715179443, 3.4431028366088867, 0.5971146821975708, 3.5530219078063965, 5.551729202270508, 4.0120086669921875, 4.2397541999816895, 4.9121527671813965]",1.0,"[33.0, 33.0, 31.0, 17.0, 14.0, 10.0, 8.0, 8.0, 6.0, 6.0, 5.0, 4.0, 4.0, 4.0, 4.0, 4.0, 3.0, 3.0, 3.0, 3.0, 3.0, 3.0, 3.0, 3.0, 3.0, 3.0, 3.0, 3.0, 2.0, 2.0, 2.0, 2.0, 2.0, 2.0, 1.0, 1.0, 1.0, 1.0, 1.0, 1.0, 1.0, 1.0, 1.0, 1.0, 1.0, 1.0, 1.0, 1.0, 1.0, 1.0, 1.0, 1.0, 1.0, 1.0, 1.0, 1.0, 1.0, 1.0, 1.0, 1.0, 1.0, 1.0, 1.0, 1.0, 1.0, 1.0, 1.0, 1.0, 1.0, 1.0, 1.0, 1.0, 1.0, 1.0, 1.0, 1.0, 1.0, 1.0, 1.0, 1.0, 1.0, 1.0, 1.0, 1.0, 1.0, 1.0, 1.0, 1.0, 1.0, 1.0, 1.0, 1.0, 1.0, 1.0, 1.0, 1.0, 1.0, 1.0, 1.0, 1.0, 1.0, 1.0, 1.0, 1.0, 1.0, 1.0, 1.0, 1.0, 1.0, 1.0, 1.0, 1.0, 1.0, 1.0, 1.0, 1.0, 1.0, 1.0, 1.0, 1.0, 1.0, 1.0, 1.0, 1.0, 1.0, 1.0, 1.0, 1.0, 1.0, 1.0, 1.0, 1.0, 1.0, 1.0, 1.0, 1.0, 1.0, 1.0, 1.0, 1.0, 1.0, 1.0, 1.0, 1.0, 1.0, 1.0, 1.0, 1.0, 1.0, 1.0, 1.0, 1.0, 1.0, 1.0, 1.0, 1.0, 1.0, 1.0, 1.0, 1.0, 1.0, 1.0, 1.0, 1.0, 1.0]",COMPLETE
