,number,value,datetime_start,datetime_complete,duration,params_batch_size_scaler,params_constant_learning_rate,params_depth,params_epochs,params_kernel_l2,params_num_trees,params_temperature,user_attrs_accuracy_test,user_attrs_accuracy_valid,user_attrs_approximate_feature_sparsity,user_attrs_approximate_feature_sparsity_history,user_attrs_approximate_weight_sparsity,user_attrs_approximate_weight_sparsity_history,user_attrs_auc_test,user_attrs_auc_valid,user_attrs_feature_sparsity,user_attrs_feature_sparsity_history,user_attrs_num_epochs,user_attrs_val_loss_history,user_attrs_weight_sparsity,user_attrs_weight_sparsity_history,state
132,132,0.9274387808993829,2024-08-31 07:19:03.467592,2024-08-31 07:19:47.617221,0 days 00:00:44.149629,64,1.3589210605215356,3,390,0.05778401700128785,94,0.00036304958153572203,0.954,0.95125,19,"[33, 33, 33, 33, 33, 33, 33, 33, 33, 33, 33, 33, 33, 33, 33, 33, 33, 33, 33, 33, 33, 33, 33, 33, 33, 33, 33, 33, 33, 33, 33, 33, 33, 33, 33, 33, 33, 33, 33, 33, 33, 33, 33, 33, 33, 33, 33, 33, 33, 33, 33, 33, 33, 33, 33, 33, 33, 33, 33, 33, 33, 33, 33, 33, 33, 33, 33, 33, 33, 33, 33, 33, 33, 33, 33, 33, 33, 33, 33, 33, 33, 33, 33, 33, 33, 33, 33, 33, 33, 33, 33, 33, 33, 33, 33, 33, 33, 33, 33, 33, 33, 33, 33, 33, 33, 33, 33, 33, 33, 33, 33, 33, 33, 33, 33, 33, 33, 33, 33, 33, 33, 33, 33, 33, 33, 33, 33, 33, 33, 33, 33, 33, 33, 33, 32, 32, 32, 31, 31, 31, 31, 31, 31, 31, 31, 31, 31, 31, 31, 30, 30, 30, 30, 30, 30, 29, 29, 29, 29, 29, 29, 29, 29, 29, 29, 28, 27, 27, 26, 26, 26, 26, 26, 26, 26, 26, 26, 26, 26, 26, 26, 26, 26, 26, 26, 26, 25, 25, 25, 25, 25, 25, 25, 24, 23, 23, 23, 23, 23, 23, 23, 22, 22, 22, 22, 22, 22, 22, 22, 22, 22, 22, 22, 22, 22, 22, 22, 22, 22, 21, 21, 21, 21, 21, 21, 21, 21, 21, 21, 21, 21, 21, 21, 20, 20, 20, 20, 20, 20, 20, 20, 20, 20, 20, 20, 20, 20, 20, 20, 20, 20, 20, 20, 20, 20, 20, 20, 20, 20, 20, 20, 20, 20, 20, 20, 20, 20, 20, 20, 20, 20, 20, 20, 20, 20, 20, 20, 20, 20, 20, 20, 20, 19, 19, 19, 19, 19, 19, 19, 19, 19, 19, 19, 19, 19, 19, 19, 19, 19, 19, 19, 19, 19, 19, 19, 19, 19, 19, 19, 19, 19, 19, 19, 19, 19, 19, 19, 19, 19, 19, 19, 19, 19, 19, 19, 19, 19, 19, 19, 19, 19, 19, 19, 19, 19, 19, 19, 19, 19, 19, 19, 19, 19, 19, 19, 19, 19, 19, 19, 19, 19, 19, 19, 19, 19, 19, 19, 19, 19, 19, 19, 19, 19, 19, 19, 19, 19, 19, 19, 19, 19, 19, 19, 19, 19, 19, 19, 19, 19, 19, 19, 19, 19, 19, 19, 19, 19, 19, 19, 19]",18.981762917933132,"[32.94984802431611, 32.95896656534954, 32.95896656534954, 32.96048632218845, 32.960486322188444, 32.955927051671736, 32.96656534954407, 32.96808510638298, 32.95744680851064, 32.96048632218845, 32.9483282674772, 32.95896656534955, 32.962006079027354, 32.95896656534954, 32.96504559270517, 32.96656534954407, 32.962006079027354, 32.95896656534955, 32.952887537993924, 32.96808510638298, 32.96808510638298, 32.95744680851064, 32.96656534954408, 32.972644376899694, 32.94528875379939, 32.96808510638298, 32.95896656534954, 32.962006079027354, 32.9741641337386, 32.95592705167173, 32.9483282674772, 32.963525835866264, 32.963525835866264, 32.96048632218845, 32.96656534954407, 32.962006079027354, 32.95288753799392, 32.97112462006079, 32.96808510638298, 32.963525835866264, 32.96656534954408, 32.96504559270517, 32.96504559270517, 32.95896656534954, 32.96048632218845, 32.96656534954407, 32.96504559270517, 32.97872340425532, 32.962006079027354, 32.96808510638298, 32.962006079027354, 32.95896656534954, 32.97112462006079, 32.963525835866264, 32.972644376899694, 32.97112462006079, 32.96960486322189, 32.95896656534954, 32.962006079027354, 32.96504559270517, 32.963525835866264, 32.96656534954407, 32.96960486322188, 32.96048632218845, 32.98176291793313, 32.963525835866264, 32.972644376899694, 32.96808510638298, 32.97568389057751, 32.96048632218845, 32.96048632218845, 32.963525835866264, 32.97112462006079, 32.95744680851064, 32.97112462006079, 32.963525835866264, 32.96656534954408, 32.972644376899694, 32.97112462006079, 32.951367781155014, 32.96808510638298, 32.95592705167173, 32.95896656534954, 32.95896656534954, 32.9483282674772, 32.96808510638298, 32.96808510638298, 32.98024316109422, 32.96960486322188, 32.972644376899694, 32.951367781155014, 32.96808510638298, 32.97112462006079, 32.97720364741641, 32.97112462006079, 32.95592705167173, 32.96808510638298, 32.972644376899694, 32.96960486322189, 32.963525835866264, 32.96960486322189, 32.95592705167173, 32.960486322188444, 32.954407294832826, 32.95896656534954, 32.96504559270517, 32.9741641337386, 32.954407294832826, 32.96048632218845, 32.96048632218845, 32.95744680851064, 32.95744680851064, 32.96960486322189, 32.96504559270517, 32.952887537993924, 32.96504559270517, 32.954407294832826, 32.963525835866264, 32.962006079027354, 32.94984802431611, 32.96656534954407, 32.95288753799392, 32.9468085106383, 32.95592705167173, 32.955927051671736, 32.962006079027354, 32.96656534954408, 32.96808510638298, 32.96504559270517, 32.95744680851064, 32.95896656534954, 32.96048632218845, 32.952887537993924, 32.96048632218845, 31.949848024316108, 31.960486322188448, 31.951367781155014, 30.95288753799392, 30.962006079027354, 30.96048632218845, 30.969604863221882, 30.9741641337386, 30.965045592705167, 30.96352583586626, 30.951367781155014, 30.96352583586626, 30.972644376899694, 30.96808510638298, 30.97112462006079, 29.972644376899694, 29.96656534954407, 29.972644376899694, 29.972644376899694, 29.980243161094226, 29.954407294832826, 28.96352583586626, 28.969604863221885, 28.966565349544073, 28.96352583586626, 28.965045592705167, 28.971124620060788, 28.972644376899694, 28.96808510638298, 28.969604863221882, 28.977203647416413, 27.971124620060788, 26.969604863221882, 26.97112462006079, 25.9741641337386, 25.980243161094226, 25.969604863221882, 25.9741641337386, 25.9741641337386, 25.95744680851064, 25.969604863221882, 25.969604863221882, 25.969604863221882, 25.97112462006079, 25.977203647416413, 25.95896656534954, 25.966565349544073, 25.972644376899694, 25.975683890577507, 25.977203647416413, 25.9741641337386, 25.968085106382976, 24.965045592705167, 24.96352583586626, 24.969604863221882, 24.983282674772035, 24.97112462006079, 24.975683890577507, 24.980243161094226, 23.972644376899694, 22.986322188449847, 22.97872340425532, 22.975683890577507, 22.980243161094222, 22.966565349544073, 22.969604863221882, 22.98176291793313, 21.971124620060788, 21.97720364741641, 21.980243161094226, 21.971124620060788, 21.980243161094226, 21.971124620060788, 21.965045592705163, 21.9741641337386, 21.965045592705167, 21.96656534954407, 21.975683890577507, 21.972644376899694, 21.972644376899698, 21.971124620060788, 21.969604863221885, 21.969604863221882, 21.980243161094226, 21.987841945288753, 20.98176291793313, 20.980243161094222, 20.98176291793313, 20.9741641337386, 20.9741641337386, 20.969604863221882, 20.98480243161094, 20.9741641337386, 20.977203647416417, 20.975683890577507, 20.97720364741641, 20.972644376899694, 20.97872340425532, 20.972644376899694, 19.98328267477204, 19.984802431610944, 19.9741641337386, 19.981762917933132, 19.975683890577507, 19.98176291793313, 19.980243161094226, 19.981762917933132, 19.983282674772035, 19.990881458966566, 19.97872340425532, 19.9741641337386, 19.981762917933132, 19.986322188449847, 19.986322188449847, 19.97872340425532, 19.98480243161094, 19.983282674772035, 19.987841945288753, 19.990881458966562, 19.990881458966566, 19.990881458966562, 19.9741641337386, 19.98176291793313, 19.987841945288753, 19.984802431610944, 19.97872340425532, 19.987841945288753, 19.98936170212766, 19.97720364741641, 19.980243161094226, 19.98328267477204, 19.97872340425532, 19.980243161094222, 19.971124620060788, 19.987841945288753, 19.981762917933132, 19.978723404255316, 19.98176291793313, 19.983282674772035, 19.972644376899694, 19.972644376899694, 19.986322188449847, 19.972644376899694, 19.98480243161094, 19.987841945288753, 19.97112462006079, 19.975683890577507, 19.975683890577507, 18.987841945288753, 18.986322188449847, 18.97872340425532, 18.984802431610944, 18.97872340425532, 18.984802431610944, 18.980243161094226, 18.98936170212766, 18.980243161094222, 18.97872340425532, 18.983282674772035, 18.981762917933132, 18.977203647416413, 18.97720364741641, 18.977203647416413, 18.97872340425532, 18.983282674772035, 18.983282674772035, 18.983282674772035, 18.977203647416413, 18.97872340425532, 18.980243161094226, 18.98176291793313, 18.977203647416413, 18.980243161094222, 18.98176291793313, 18.97872340425532, 18.98176291793313, 18.97872340425532, 18.97872340425532, 18.981762917933132, 18.975683890577507, 18.975683890577507, 18.974164133738604, 18.97720364741641, 18.977203647416413, 18.980243161094222, 18.987841945288753, 18.986322188449847, 18.980243161094222, 18.983282674772035, 18.981762917933132, 18.983282674772035, 18.987841945288753, 18.986322188449847, 18.98480243161094, 18.983282674772035, 18.968085106382976, 18.98328267477204, 18.971124620060788, 18.977203647416413, 18.977203647416413, 18.980243161094222, 18.986322188449847, 18.980243161094226, 18.986322188449847, 18.975683890577507, 18.981762917933132, 18.98480243161094, 18.975683890577507, 18.977203647416413, 18.981762917933132, 18.983282674772035, 18.987841945288753, 18.98176291793313, 18.97872340425532, 18.981762917933132, 18.986322188449847, 18.986322188449847, 18.977203647416413, 18.98480243161094, 18.98480243161094, 18.98480243161094, 18.971124620060788, 18.97872340425532, 18.977203647416413, 18.9741641337386, 18.972644376899694, 18.980243161094226, 18.975683890577507, 18.975683890577503, 18.971124620060788, 18.971124620060788, 18.96808510638298, 18.966565349544073, 18.981762917933132, 18.975683890577507, 18.981762917933132, 18.9741641337386, 18.965045592705167, 18.962006079027354, 18.978723404255316, 18.977203647416413, 18.98480243161094, 18.98480243161094, 18.98176291793313, 18.986322188449847, 18.975683890577503, 18.980243161094222, 18.975683890577507, 18.975683890577507, 18.980243161094222, 18.98328267477204, 18.977203647416413, 18.975683890577507, 18.977203647416413, 18.98936170212766, 18.981762917933132]",0.91719713670027,0.9274387808993829,19,"[33, 33, 33, 33, 33, 33, 33, 33, 33, 33, 33, 33, 33, 33, 33, 33, 33, 33, 33, 33, 33, 33, 33, 33, 33, 33, 33, 33, 33, 33, 33, 33, 33, 33, 33, 33, 33, 33, 33, 33, 33, 33, 33, 33, 33, 33, 33, 33, 33, 33, 33, 33, 33, 33, 33, 33, 33, 33, 33, 33, 33, 33, 33, 33, 33, 33, 33, 33, 33, 33, 33, 33, 33, 33, 33, 33, 33, 33, 33, 33, 33, 33, 33, 33, 33, 33, 33, 33, 33, 33, 33, 33, 33, 33, 33, 33, 33, 33, 33, 33, 33, 33, 33, 33, 33, 33, 33, 33, 33, 33, 33, 33, 33, 33, 33, 33, 33, 33, 33, 33, 33, 33, 33, 33, 33, 33, 33, 33, 33, 33, 33, 33, 33, 33, 32, 32, 32, 31, 31, 31, 31, 31, 31, 31, 31, 31, 31, 31, 31, 30, 30, 30, 30, 30, 30, 29, 29, 29, 29, 29, 29, 29, 29, 29, 29, 28, 27, 27, 26, 26, 26, 26, 26, 26, 26, 26, 26, 26, 26, 26, 26, 26, 26, 26, 26, 26, 25, 25, 25, 25, 25, 25, 25, 24, 23, 23, 23, 23, 23, 23, 23, 22, 22, 22, 22, 22, 22, 22, 22, 22, 22, 22, 22, 22, 22, 22, 22, 22, 22, 21, 21, 21, 21, 21, 21, 21, 21, 21, 21, 21, 21, 21, 21, 20, 20, 20, 20, 20, 20, 20, 20, 20, 20, 20, 20, 20, 20, 20, 20, 20, 20, 20, 20, 20, 20, 20, 20, 20, 20, 20, 20, 20, 20, 20, 20, 20, 20, 20, 20, 20, 20, 20, 20, 20, 20, 20, 20, 20, 20, 20, 20, 20, 19, 19, 19, 19, 19, 19, 19, 19, 19, 19, 19, 19, 19, 19, 19, 19, 19, 19, 19, 19, 19, 19, 19, 19, 19, 19, 19, 19, 19, 19, 19, 19, 19, 19, 19, 19, 19, 19, 19, 19, 19, 19, 19, 19, 19, 19, 19, 19, 19, 19, 19, 19, 19, 19, 19, 19, 19, 19, 19, 19, 19, 19, 19, 19, 19, 19, 19, 19, 19, 19, 19, 19, 19, 19, 19, 19, 19, 19, 19, 19, 19, 19, 19, 19, 19, 19, 19, 19, 19, 19, 19, 19, 19, 19, 19, 19, 19, 19, 19, 19, 19, 19, 19, 19, 19, 19, 19, 19]",390,"[0.7757546901702881, 1.6990641355514526, 0.3871610760688782, 0.9919124841690063, 0.86567223072052, 0.6972869038581848, 0.38598495721817017, 0.7302783727645874, 0.4337165057659149, 0.48194167017936707, 0.7876414656639099, 0.3841578960418701, 1.0221128463745117, 0.3859606981277466, 1.089338779449463, 0.39698922634124756, 0.6917293071746826, 0.9616742134094238, 0.4891839325428009, 0.3742738962173462, 0.7389146685600281, 0.554846465587616, 0.6839486956596375, 1.1277462244033813, 0.34768569469451904, 0.48133814334869385, 1.1219322681427002, 0.35538262128829956, 0.35553887486457825, 0.5038809776306152, 0.6825730800628662, 1.0503578186035156, 0.32401883602142334, 0.5351436138153076, 0.5384100675582886, 0.479422926902771, 0.403830349445343, 0.30406898260116577, 0.7284079194068909, 0.32855337858200073, 0.2930960953235626, 0.29413655400276184, 0.29976755380630493, 0.6289498209953308, 0.5597250461578369, 0.3675670623779297, 0.2886234521865845, 0.6979460120201111, 0.2866399884223938, 0.7124914526939392, 0.5596020221710205, 0.43893158435821533, 0.28148046135902405, 0.43225863575935364, 0.4509097933769226, 0.5330296754837036, 0.4455229640007019, 0.25804561376571655, 0.2592044770717621, 0.290465772151947, 0.48223280906677246, 0.30675220489501953, 0.59242844581604, 0.2602011263370514, 0.5282722115516663, 0.5496101379394531, 0.37255626916885376, 0.3247221112251282, 0.39997804164886475, 0.3579670190811157, 0.2675844728946686, 0.6108040809631348, 0.24229200184345245, 0.23527124524116516, 0.2816234529018402, 0.3983267843723297, 0.3097080588340759, 0.2905484735965729, 0.25402235984802246, 0.24337175488471985, 0.4496259391307831, 0.3439137935638428, 0.34092724323272705, 0.2834779918193817, 0.3836652338504791, 0.25413572788238525, 0.2967536151409149, 0.4620787501335144, 0.2487604022026062, 0.2454633265733719, 0.25333353877067566, 0.24862472712993622, 0.3407893478870392, 0.38552868366241455, 0.44369441270828247, 0.316733181476593, 0.2789444029331207, 0.4623895287513733, 0.24926692247390747, 0.2469179481267929, 0.24393348395824432, 0.21813315153121948, 0.22655439376831055, 0.32261016964912415, 0.2308347374200821, 0.27180343866348267, 0.303896427154541, 0.25157102942466736, 0.9664000868797302, 0.2685374319553375, 0.21818941831588745, 0.2787085771560669, 0.21846286952495575, 0.21964174509048462, 0.24543872475624084, 0.21780261397361755, 0.21465833485126495, 0.21333299577236176, 0.21240068972110748, 0.23236793279647827, 0.22617778182029724, 0.2126998007297516, 0.20887894928455353, 0.2099485993385315, 0.31322506070137024, 0.22052839398384094, 0.2690722644329071, 0.27630630135536194, 0.23520733416080475, 0.20834103226661682, 0.22091171145439148, 0.20629575848579407, 0.20842023193836212, 0.21818087995052338, 0.21650080382823944, 0.2238563746213913, 0.4284942150115967, 0.20602653920650482, 0.21871094405651093, 0.260282039642334, 0.2167915403842926, 0.2027001827955246, 0.22577495872974396, 0.2323542982339859, 0.2907193601131439, 0.318036288022995, 0.2037743628025055, 0.2750968635082245, 0.20717068016529083, 0.20351819694042206, 0.25939515233039856, 0.24497266113758087, 0.22076359391212463, 0.23695270717144012, 0.2676621079444885, 0.3384842276573181, 0.3263475000858307, 0.2042049616575241, 0.20006583631038666, 0.20092196762561798, 0.20259612798690796, 0.20743721723556519, 0.20227287709712982, 0.2124975621700287, 0.22695207595825195, 0.21875004470348358, 0.21201923489570618, 0.2275729924440384, 0.2204766869544983, 0.29765281081199646, 0.21249330043792725, 0.20451346039772034, 0.2265803962945938, 0.19997046887874603, 0.2117423117160797, 0.23150764405727386, 0.272574245929718, 0.2545640468597412, 0.2683955729007721, 0.3003961145877838, 0.20850688219070435, 0.19883659482002258, 0.22004881501197815, 0.21097539365291595, 0.2210562527179718, 0.20345905423164368, 0.20336346328258514, 0.1967899650335312, 0.19876787066459656, 0.19469556212425232, 0.3368532955646515, 0.27646782994270325, 0.3851291537284851, 0.22594290971755981, 0.207484632730484, 0.19299381971359253, 0.19500182569026947, 0.3740898370742798, 0.21188245713710785, 0.20619474351406097, 0.2147393673658371, 0.26455989480018616, 0.2601313889026642, 0.21329498291015625, 0.18584294617176056, 0.18788331747055054, 0.36087238788604736, 0.18781356513500214, 0.2664322257041931, 0.1874360591173172, 0.18754833936691284, 0.19470086693763733, 0.21187551319599152, 0.19264845550060272, 0.19314642250537872, 0.18488377332687378, 0.1807267814874649, 0.18460005521774292, 0.18595688045024872, 0.21787044405937195, 0.26025328040122986, 0.1936056911945343, 0.19586575031280518, 0.2457197606563568, 0.19594524800777435, 0.18825270235538483, 0.18299788236618042, 0.19651955366134644, 0.21690315008163452, 0.22447940707206726, 0.17991992831230164, 0.1927821934223175, 0.18803521990776062, 0.21536295115947723, 0.18305760622024536, 0.18695159256458282, 0.18255381286144257, 0.18228301405906677, 0.18338347971439362, 0.18653324246406555, 0.25353318452835083, 0.2398614138364792, 0.2239905297756195, 0.18350021541118622, 0.1816605180501938, 0.18162471055984497, 0.1819673478603363, 0.20801645517349243, 0.19090145826339722, 0.26951533555984497, 0.26653924584388733, 0.19155922532081604, 0.20955587923526764, 0.18586841225624084, 0.18071657419204712, 0.20408973097801208, 0.18274782598018646, 0.17815464735031128, 0.19119960069656372, 0.20631055533885956, 0.18652069568634033, 0.198824942111969, 0.19000454246997833, 0.1850062906742096, 0.1795385479927063, 0.20907558500766754, 0.18385189771652222, 0.1886778473854065, 0.1989818513393402, 0.18350233137607574, 0.1773807853460312, 0.1770123988389969, 0.2048133909702301, 0.22305411100387573, 0.24464868009090424, 0.18727745115756989, 0.1851094365119934, 0.1884615272283554, 0.17837335169315338, 0.20306596159934998, 0.17606505751609802, 0.1753517985343933, 0.1842978596687317, 0.2257615476846695, 0.23525243997573853, 0.1791435033082962, 0.2314368635416031, 0.18107439577579498, 0.17894528806209564, 0.206796795129776, 0.17889077961444855, 0.2705038785934448, 0.20642834901809692, 0.21602125465869904, 0.17976608872413635, 0.1904015690088272, 0.17385444045066833, 0.17631196975708008, 0.24467043578624725, 0.17323005199432373, 0.17939460277557373, 0.17780230939388275, 0.2305852770805359, 0.1710743010044098, 0.17610874772071838, 0.17226389050483704, 0.17247629165649414, 0.20677714049816132, 0.18346062302589417, 0.1809142678976059, 0.18695272505283356, 0.19228094816207886, 0.17928475141525269, 0.18652109801769257, 0.18699289858341217, 0.18160291016101837, 0.18716850876808167, 0.17491649091243744, 0.17220130562782288, 0.1724211573600769, 0.17120595276355743, 0.1824425905942917, 0.16965819895267487, 0.18169905245304108, 0.1725013703107834, 0.175360769033432, 0.17171981930732727, 0.18543393909931183, 0.171181321144104, 0.1699017882347107, 0.17438511550426483, 0.1776772439479828, 0.17387337982654572, 0.17843510210514069, 0.17752903699874878, 0.185073584318161, 0.18663834035396576, 0.17328746616840363, 0.17154909670352936, 0.24557000398635864, 0.27493253350257874, 0.17753493785858154, 0.19900786876678467, 0.31163161993026733, 0.17813292145729065, 0.18161460757255554, 0.17599382996559143, 0.17259590327739716, 0.17365971207618713, 0.17282333970069885, 0.17360498011112213, 0.17700828611850739, 0.1701553910970688, 0.18400278687477112, 0.183627650141716, 0.1690375655889511, 0.18900975584983826, 0.20692580938339233, 0.17149582505226135, 0.1731281727552414, 0.16971467435359955, 0.17250746488571167, 0.19113405048847198, 0.27625444531440735, 0.18108108639717102, 0.18184688687324524, 0.19244298338890076, 0.1726478934288025, 0.19412212073802948, 0.1753334403038025, 0.16801764070987701, 0.17611858248710632, 0.18744121491909027, 0.17414891719818115, 0.17439468204975128, 0.17618075013160706, 0.17327867448329926, 0.1885613203048706, 0.17385707795619965, 0.17936474084854126, 0.1674172729253769, 0.17233796417713165, 0.18742787837982178, 0.18494540452957153, 0.1843976229429245, 0.1707373857498169, 0.16616253554821014, 0.1788320094347, 0.16797561943531036, 0.17468130588531494]",19.0,"[33.0, 33.0, 33.0, 33.0, 33.0, 33.0, 33.0, 33.0, 33.0, 33.0, 33.0, 33.0, 33.0, 33.0, 33.0, 33.0, 33.0, 33.0, 33.0, 33.0, 33.0, 33.0, 33.0, 33.0, 33.0, 33.0, 33.0, 33.0, 33.0, 33.0, 33.0, 33.0, 33.0, 33.0, 33.0, 33.0, 33.0, 33.0, 33.0, 33.0, 33.0, 33.0, 33.0, 33.0, 33.0, 33.0, 33.0, 33.0, 33.0, 33.0, 33.0, 33.0, 33.0, 33.0, 33.0, 33.0, 33.0, 33.0, 33.0, 33.0, 33.0, 33.0, 33.0, 33.0, 33.0, 33.0, 33.0, 33.0, 33.0, 33.0, 33.0, 33.0, 33.0, 33.0, 33.0, 33.0, 33.0, 33.0, 33.0, 33.0, 33.0, 33.0, 33.0, 33.0, 33.0, 33.0, 33.0, 33.0, 33.0, 33.0, 33.0, 33.0, 33.0, 33.0, 33.0, 33.0, 33.0, 33.0, 33.0, 33.0, 33.0, 33.0, 33.0, 33.0, 33.0, 33.0, 33.0, 33.0, 33.0, 33.0, 33.0, 33.0, 33.0, 33.0, 33.0, 33.0, 33.0, 33.0, 33.0, 33.0, 33.0, 33.0, 33.0, 33.0, 33.0, 33.0, 33.0, 33.0, 33.0, 33.0, 33.0, 33.0, 33.0, 33.0, 32.0, 32.0, 32.0, 31.0, 31.0, 31.0, 31.0, 31.0, 31.0, 31.0, 31.0, 31.0, 31.0, 31.0, 31.0, 30.0, 30.0, 30.0, 30.0, 30.0, 30.0, 29.0, 29.0, 29.0, 29.0, 29.0, 29.0, 29.0, 29.0, 29.0, 29.0, 28.0, 27.0, 27.0, 26.0, 26.0, 26.0, 26.0, 26.0, 26.0, 26.0, 26.0, 26.0, 26.0, 26.0, 26.0, 26.0, 26.0, 26.0, 26.0, 26.0, 26.0, 25.0, 25.0, 25.0, 25.0, 25.0, 25.0, 25.0, 24.0, 23.0, 23.0, 23.0, 23.0, 23.0, 23.0, 23.0, 22.0, 22.0, 22.0, 22.0, 22.0, 22.0, 22.0, 22.0, 22.0, 22.0, 22.0, 22.0, 22.0, 22.0, 22.0, 22.0, 22.0, 22.0, 21.0, 21.0, 21.0, 21.0, 21.0, 21.0, 21.0, 21.0, 21.0, 21.0, 21.0, 21.0, 21.0, 21.0, 20.0, 20.0, 20.0, 20.0, 20.0, 20.0, 20.0, 20.0, 20.0, 20.0, 20.0, 20.0, 20.0, 20.0, 20.0, 20.0, 20.0, 20.0, 20.0, 20.0, 20.0, 20.0, 20.0, 20.0, 20.0, 20.0, 20.0, 20.0, 20.0, 20.0, 20.0, 20.0, 20.0, 20.0, 20.0, 20.0, 20.0, 20.0, 20.0, 20.0, 20.0, 20.0, 20.0, 20.0, 20.0, 20.0, 20.0, 20.0, 20.0, 19.0, 19.0, 19.0, 19.0, 19.0, 19.0, 19.0, 19.0, 19.0, 19.0, 19.0, 19.0, 19.0, 19.0, 19.0, 19.0, 19.0, 19.0, 19.0, 19.0, 19.0, 19.0, 19.0, 19.0, 19.0, 19.0, 19.0, 19.0, 19.0, 19.0, 19.0, 19.0, 19.0, 19.0, 19.0, 19.0, 19.0, 19.0, 19.0, 19.0, 19.0, 19.0, 19.0, 19.0, 19.0, 19.0, 19.0, 19.0, 19.0, 19.0, 19.0, 19.0, 19.0, 19.0, 19.0, 19.0, 19.0, 19.0, 19.0, 19.0, 19.0, 19.0, 19.0, 19.0, 19.0, 19.0, 19.0, 19.0, 19.0, 19.0, 19.0, 19.0, 19.0, 19.0, 19.0, 19.0, 19.0, 19.0, 19.0, 19.0, 19.0, 19.0, 19.0, 19.0, 19.0, 19.0, 19.0, 19.0, 19.0, 19.0, 19.0, 19.0, 19.0, 19.0, 19.0, 19.0, 19.0, 19.0, 19.0, 19.0, 19.0, 19.0, 19.0, 19.0, 19.0, 19.0, 19.0, 19.0]",COMPLETE
