,number,value,datetime_start,datetime_complete,duration,params_batch_size_scaler,params_constant_learning_rate,params_depth,params_epochs,params_kernel_l2,params_num_trees,params_temperature,user_attrs_accuracy_test,user_attrs_accuracy_valid,user_attrs_approximate_feature_sparsity,user_attrs_approximate_feature_sparsity_history,user_attrs_approximate_weight_sparsity,user_attrs_approximate_weight_sparsity_history,user_attrs_auc_test,user_attrs_auc_valid,user_attrs_feature_sparsity,user_attrs_feature_sparsity_history,user_attrs_num_epochs,user_attrs_val_loss_history,user_attrs_weight_sparsity,user_attrs_weight_sparsity_history,state
56,56,0.5,2024-08-31 02:58:40.441683,2024-08-31 02:59:08.901920,0 days 00:00:28.460237,64,2.9193735385138315,2,305,0.07246873423294657,1,0.0026114332535075485,0.859,0.85875,0,"[1, 0, 0, 0, 0, 0, 0, 0, 0, 0, 0, 0, 0, 0, 0, 0, 0, 0, 0, 0, 0, 0, 0, 0, 0, 0, 0, 0, 0, 0, 0, 0, 0, 0, 0, 0, 0, 0, 0, 0, 0, 0, 0, 0, 0, 0, 0, 0, 0, 0, 0, 0, 0, 0, 0, 0, 0, 0, 0, 0, 0, 0, 0, 0, 0, 0, 0, 0, 0, 0, 0, 0, 0, 0, 0, 0, 0, 0, 0, 0, 0, 0, 0, 0, 0, 0, 0, 0, 0, 0, 0, 0, 0, 0, 0, 0, 0, 0, 0, 0, 0, 0, 0, 0, 0, 0, 0, 0, 0, 0, 0, 0, 0, 0, 0, 0, 0, 0, 0, 0, 0, 0, 0, 0, 0, 0, 0, 0, 0, 0, 0, 0, 0, 0, 0, 0, 0, 0, 0, 0, 0, 0, 0, 0, 0, 0, 0, 0, 0, 0, 0, 0, 0, 0, 0, 0, 0, 0, 0, 0, 0, 0, 0, 0, 0, 0, 0, 0, 0, 0, 0, 0, 0, 0, 0, 0, 0, 0, 0, 0, 0, 0, 0, 0, 0, 0, 0, 0, 0, 0, 0, 0, 0, 0, 0, 0, 0, 0, 0, 0, 0, 0, 0, 0, 0, 0, 0, 0, 0, 0, 0, 0, 0, 0, 0, 0, 0, 0, 0, 0, 0, 0, 0, 0, 0, 0, 0, 0, 0, 0, 0, 0, 0, 0, 0, 0, 0, 0, 0, 0, 0, 0, 0, 0, 0, 0, 0, 0, 0, 0, 0, 0, 0, 0, 0, 0, 0, 0, 0, 0, 0, 0, 0, 0, 0, 0, 0, 0, 0, 0, 0, 0, 0, 0, 0, 0, 0, 0, 0, 0, 0, 0, 0, 0, 0, 0, 0, 0, 0, 0, 0, 0, 0, 0, 0, 0, 0, 0, 0, 0, 0, 0, 0, 0, 0]",0.0,"[1.0, 0.0, 0.0, 0.0, 0.0, 0.0, 0.0, 0.0, 0.0, 0.0, 0.0, 0.0, 0.0, 0.0, 0.0, 0.0, 0.0, 0.0, 0.0, 0.0, 0.0, 0.0, 0.0, 0.0, 0.0, 0.0, 0.0, 0.0, 0.0, 0.0, 0.0, 0.0, 0.0, 0.0, 0.0, 0.0, 0.0, 0.0, 0.0, 0.0, 0.0, 0.0, 0.0, 0.0, 0.0, 0.0, 0.0, 0.0, 0.0, 0.0, 0.0, 0.0, 0.0, 0.0, 0.0, 0.0, 0.0, 0.0, 0.0, 0.0, 0.0, 0.0, 0.0, 0.0, 0.0, 0.0, 0.0, 0.0, 0.0, 0.0, 0.0, 0.0, 0.0, 0.0, 0.0, 0.0, 0.0, 0.0, 0.0, 0.0, 0.0, 0.0, 0.0, 0.0, 0.0, 0.0, 0.0, 0.0, 0.0, 0.0, 0.0, 0.0, 0.0, 0.0, 0.0, 0.0, 0.0, 0.0, 0.0, 0.0, 0.0, 0.0, 0.0, 0.0, 0.0, 0.0, 0.0, 0.0, 0.0, 0.0, 0.0, 0.0, 0.0, 0.0, 0.0, 0.0, 0.0, 0.0, 0.0, 0.0, 0.0, 0.0, 0.0, 0.0, 0.0, 0.0, 0.0, 0.0, 0.0, 0.0, 0.0, 0.0, 0.0, 0.0, 0.0, 0.0, 0.0, 0.0, 0.0, 0.0, 0.0, 0.0, 0.0, 0.0, 0.0, 0.0, 0.0, 0.0, 0.0, 0.0, 0.0, 0.0, 0.0, 0.0, 0.0, 0.0, 0.0, 0.0, 0.0, 0.0, 0.0, 0.0, 0.0, 0.0, 0.0, 0.0, 0.0, 0.0, 0.0, 0.0, 0.0, 0.0, 0.0, 0.0, 0.0, 0.0, 0.0, 0.0, 0.0, 0.0, 0.0, 0.0, 0.0, 0.0, 0.0, 0.0, 0.0, 0.0, 0.0, 0.0, 0.0, 0.0, 0.0, 0.0, 0.0, 0.0, 0.0, 0.0, 0.0, 0.0, 0.0, 0.0, 0.0, 0.0, 0.0, 0.0, 0.0, 0.0, 0.0, 0.0, 0.0, 0.0, 0.0, 0.0, 0.0, 0.0, 0.0, 0.0, 0.0, 0.0, 0.0, 0.0, 0.0, 0.0, 0.0, 0.0, 0.0, 0.0, 0.0, 0.0, 0.0, 0.0, 0.0, 0.0, 0.0, 0.0, 0.0, 0.0, 0.0, 0.0, 0.0, 0.0, 0.0, 0.0, 0.0, 0.0, 0.0, 0.0, 0.0, 0.0, 0.0, 0.0, 0.0, 0.0, 0.0, 0.0, 0.0, 0.0, 0.0, 0.0, 0.0, 0.0, 0.0, 0.0, 0.0, 0.0, 0.0, 0.0, 0.0, 0.0, 0.0, 0.0, 0.0, 0.0, 0.0, 0.0, 0.0, 0.0, 0.0, 0.0, 0.0, 0.0, 0.0, 0.0, 0.0, 0.0, 0.0, 0.0, 0.0, 0.0, 0.0, 0.0, 0.0, 0.0, 0.0, 0.0, 0.0, 0.0, 0.0, 0.0, 0.0, 0.0, 0.0, 0.0, 0.0]",0.5,0.5,0,"[1, 0, 0, 0, 0, 0, 0, 0, 0, 0, 0, 0, 0, 0, 0, 0, 0, 0, 0, 0, 0, 0, 0, 0, 0, 0, 0, 0, 0, 0, 0, 0, 0, 0, 0, 0, 0, 0, 0, 0, 0, 0, 0, 0, 0, 0, 0, 0, 0, 0, 0, 0, 0, 0, 0, 0, 0, 0, 0, 0, 0, 0, 0, 0, 0, 0, 0, 0, 0, 0, 0, 0, 0, 0, 0, 0, 0, 0, 0, 0, 0, 0, 0, 0, 0, 0, 0, 0, 0, 0, 0, 0, 0, 0, 0, 0, 0, 0, 0, 0, 0, 0, 0, 0, 0, 0, 0, 0, 0, 0, 0, 0, 0, 0, 0, 0, 0, 0, 0, 0, 0, 0, 0, 0, 0, 0, 0, 0, 0, 0, 0, 0, 0, 0, 0, 0, 0, 0, 0, 0, 0, 0, 0, 0, 0, 0, 0, 0, 0, 0, 0, 0, 0, 0, 0, 0, 0, 0, 0, 0, 0, 0, 0, 0, 0, 0, 0, 0, 0, 0, 0, 0, 0, 0, 0, 0, 0, 0, 0, 0, 0, 0, 0, 0, 0, 0, 0, 0, 0, 0, 0, 0, 0, 0, 0, 0, 0, 0, 0, 0, 0, 0, 0, 0, 0, 0, 0, 0, 0, 0, 0, 0, 0, 0, 0, 0, 0, 0, 0, 0, 0, 0, 0, 0, 0, 0, 0, 0, 0, 0, 0, 0, 0, 0, 0, 0, 0, 0, 0, 0, 0, 0, 0, 0, 0, 0, 0, 0, 0, 0, 0, 0, 0, 0, 0, 0, 0, 0, 0, 0, 0, 0, 0, 0, 0, 0, 0, 0, 0, 0, 0, 0, 0, 0, 0, 0, 0, 0, 0, 0, 0, 0, 0, 0, 0, 0, 0, 0, 0, 0, 0, 0, 0, 0, 0, 0, 0, 0, 0, 0, 0, 0, 0, 0, 0]",305,"[0.42948099970817566, 0.4117256999015808, 0.4089093804359436, 0.4074086844921112, 0.40726959705352783, 0.4072425067424774, 0.4075341522693634, 0.40731871128082275, 0.40731510519981384, 0.40737682580947876, 0.40740296244621277, 0.4074269235134125, 0.40727972984313965, 0.4073984622955322, 0.4088384211063385, 0.4084090292453766, 0.4079197645187378, 0.4072771370410919, 0.40727874636650085, 0.4072907567024231, 0.4074662923812866, 0.4078129827976227, 0.4080066680908203, 0.40728041529655457, 0.40723705291748047, 0.4082981050014496, 0.407439649105072, 0.407235711812973, 0.40746060013771057, 0.4074936807155609, 0.4072287380695343, 0.4072535037994385, 0.4073794186115265, 0.4085235297679901, 0.40730711817741394, 0.4081558883190155, 0.40773773193359375, 0.4072292447090149, 0.40729591250419617, 0.4072771966457367, 0.40726226568222046, 0.40828850865364075, 0.40767645835876465, 0.40725505352020264, 0.4072749614715576, 0.4072403609752655, 0.40790894627571106, 0.4072355031967163, 0.4075731039047241, 0.4074345529079437, 0.40727728605270386, 0.40722617506980896, 0.4080312252044678, 0.407236248254776, 0.407602995634079, 0.40725165605545044, 0.4072283208370209, 0.40743201971054077, 0.40747085213661194, 0.4072997570037842, 0.40726393461227417, 0.4073559641838074, 0.4072263240814209, 0.40754082798957825, 0.40728649497032166, 0.4076007902622223, 0.4072732627391815, 0.40722620487213135, 0.40734466910362244, 0.40724533796310425, 0.4074205756187439, 0.40859225392341614, 0.40762680768966675, 0.40756499767303467, 0.40879327058792114, 0.4074700176715851, 0.40727531909942627, 0.4075244963169098, 0.408038854598999, 0.40763187408447266, 0.4072939157485962, 0.4075164794921875, 0.40769004821777344, 0.4074607789516449, 0.40724021196365356, 0.4079238176345825, 0.40722665190696716, 0.4073534905910492, 0.407287061214447, 0.40861883759498596, 0.4087580144405365, 0.40812042355537415, 0.4085250496864319, 0.4072261452674866, 0.4078023135662079, 0.40745362639427185, 0.40723487734794617, 0.40724387764930725, 0.40735936164855957, 0.40725234150886536, 0.40741807222366333, 0.407268226146698, 0.40862706303596497, 0.4072268009185791, 0.407228022813797, 0.4072484076023102, 0.40727370977401733, 0.4072474539279938, 0.4073265790939331, 0.40726563334465027, 0.40752285718917847, 0.40736234188079834, 0.4076615273952484, 0.40744414925575256, 0.4072261154651642, 0.40730491280555725, 0.407535582780838, 0.40731292963027954, 0.4073878228664398, 0.4075254201889038, 0.40766724944114685, 0.4074157774448395, 0.40725451707839966, 0.40722617506980896, 0.4072262644767761, 0.408936470746994, 0.4072648584842682, 0.4077824354171753, 0.4072505533695221, 0.4072291851043701, 0.4072396755218506, 0.40815553069114685, 0.40788590908050537, 0.4073106348514557, 0.4078499972820282, 0.40792524814605713, 0.4072287082672119, 0.4074552059173584, 0.4074280858039856, 0.40736716985702515, 0.4073021709918976, 0.40756240487098694, 0.40724122524261475, 0.40723228454589844, 0.40724700689315796, 0.4076955318450928, 0.4072502851486206, 0.40723881125450134, 0.4076544940471649, 0.40725424885749817, 0.40731826424598694, 0.40840044617652893, 0.40770772099494934, 0.407266765832901, 0.407326877117157, 0.4072268605232239, 0.40726813673973083, 0.4077412486076355, 0.4072732925415039, 0.40726935863494873, 0.407228022813797, 0.40729835629463196, 0.4076855778694153, 0.4072730541229248, 0.4073511064052582, 0.40730103850364685, 0.40753936767578125, 0.4072331190109253, 0.40723252296447754, 0.4072411358356476, 0.4072326719760895, 0.4079650044441223, 0.407347708940506, 0.40734562277793884, 0.4072267413139343, 0.40755027532577515, 0.4079948365688324, 0.40727874636650085, 0.40728622674942017, 0.40792474150657654, 0.407589316368103, 0.4072261154651642, 0.4073626697063446, 0.4072757065296173, 0.4076310396194458, 0.40764322876930237, 0.4074697196483612, 0.40750136971473694, 0.4074037969112396, 0.4076599180698395, 0.40735137462615967, 0.4078591465950012, 0.4074851870536804, 0.40734636783599854, 0.40727099776268005, 0.40791571140289307, 0.40750694274902344, 0.4081347584724426, 0.4072798192501068, 0.4072280824184418, 0.4072486162185669, 0.40723007917404175, 0.40752601623535156, 0.40722641348838806, 0.4076143503189087, 0.4081788957118988, 0.4077918231487274, 0.4072568416595459, 0.40753936767578125, 0.4078269302845001, 0.407228022813797, 0.4072348475456238, 0.4074263870716095, 0.40729182958602905, 0.40723320841789246, 0.40732133388519287, 0.4085962772369385, 0.40861451625823975, 0.40914443135261536, 0.40735146403312683, 0.4081030786037445, 0.4073622226715088, 0.4075222909450531, 0.40813353657722473, 0.4082837402820587, 0.40723365545272827, 0.40734389424324036, 0.4080125093460083, 0.40727221965789795, 0.40735533833503723, 0.4072435796260834, 0.4074763059616089, 0.4072590172290802, 0.40722641348838806, 0.4076663851737976, 0.40758687257766724, 0.40725570917129517, 0.4082913100719452, 0.4079565107822418, 0.4086339473724365, 0.4075373411178589, 0.40756499767303467, 0.40746429562568665, 0.40724027156829834, 0.4073997437953949, 0.4072704017162323, 0.4072265326976776, 0.40724238753318787, 0.4084908366203308, 0.4074530005455017, 0.40727439522743225, 0.40753456950187683, 0.4072796106338501, 0.4074466824531555, 0.4072287082672119, 0.40734320878982544, 0.40752342343330383, 0.4073689579963684, 0.4072352349758148, 0.40747368335723877, 0.4072614312171936, 0.40722736716270447, 0.4072555601596832, 0.407227486371994, 0.40722763538360596, 0.4073011875152588, 0.4079117476940155, 0.4072588384151459, 0.4072268009185791, 0.4074336588382721, 0.4073704481124878, 0.4087562561035156, 0.4090588390827179, 0.40727099776268005, 0.4073561131954193, 0.40725722908973694, 0.40743720531463623, 0.40742379426956177, 0.4075300693511963, 0.4072611927986145, 0.4073716700077057, 0.40733328461647034, 0.4072270095348358, 0.4076651334762573, 0.4076775014400482, 0.4072313606739044, 0.4072851240634918, 0.40770506858825684, 0.4073243737220764, 0.4073934853076935, 0.407245397567749, 0.40759918093681335, 0.40751129388809204, 0.4084135890007019, 0.40723156929016113, 0.4073452353477478, 0.4072384536266327, 0.40725070238113403, 0.4079636335372925, 0.40726107358932495, 0.4073176085948944, 0.40748777985572815, 0.40748557448387146, 0.40764176845550537, 0.40722891688346863]",0.0,"[1.0, 0.0, 0.0, 0.0, 0.0, 0.0, 0.0, 0.0, 0.0, 0.0, 0.0, 0.0, 0.0, 0.0, 0.0, 0.0, 0.0, 0.0, 0.0, 0.0, 0.0, 0.0, 0.0, 0.0, 0.0, 0.0, 0.0, 0.0, 0.0, 0.0, 0.0, 0.0, 0.0, 0.0, 0.0, 0.0, 0.0, 0.0, 0.0, 0.0, 0.0, 0.0, 0.0, 0.0, 0.0, 0.0, 0.0, 0.0, 0.0, 0.0, 0.0, 0.0, 0.0, 0.0, 0.0, 0.0, 0.0, 0.0, 0.0, 0.0, 0.0, 0.0, 0.0, 0.0, 0.0, 0.0, 0.0, 0.0, 0.0, 0.0, 0.0, 0.0, 0.0, 0.0, 0.0, 0.0, 0.0, 0.0, 0.0, 0.0, 0.0, 0.0, 0.0, 0.0, 0.0, 0.0, 0.0, 0.0, 0.0, 0.0, 0.0, 0.0, 0.0, 0.0, 0.0, 0.0, 0.0, 0.0, 0.0, 0.0, 0.0, 0.0, 0.0, 0.0, 0.0, 0.0, 0.0, 0.0, 0.0, 0.0, 0.0, 0.0, 0.0, 0.0, 0.0, 0.0, 0.0, 0.0, 0.0, 0.0, 0.0, 0.0, 0.0, 0.0, 0.0, 0.0, 0.0, 0.0, 0.0, 0.0, 0.0, 0.0, 0.0, 0.0, 0.0, 0.0, 0.0, 0.0, 0.0, 0.0, 0.0, 0.0, 0.0, 0.0, 0.0, 0.0, 0.0, 0.0, 0.0, 0.0, 0.0, 0.0, 0.0, 0.0, 0.0, 0.0, 0.0, 0.0, 0.0, 0.0, 0.0, 0.0, 0.0, 0.0, 0.0, 0.0, 0.0, 0.0, 0.0, 0.0, 0.0, 0.0, 0.0, 0.0, 0.0, 0.0, 0.0, 0.0, 0.0, 0.0, 0.0, 0.0, 0.0, 0.0, 0.0, 0.0, 0.0, 0.0, 0.0, 0.0, 0.0, 0.0, 0.0, 0.0, 0.0, 0.0, 0.0, 0.0, 0.0, 0.0, 0.0, 0.0, 0.0, 0.0, 0.0, 0.0, 0.0, 0.0, 0.0, 0.0, 0.0, 0.0, 0.0, 0.0, 0.0, 0.0, 0.0, 0.0, 0.0, 0.0, 0.0, 0.0, 0.0, 0.0, 0.0, 0.0, 0.0, 0.0, 0.0, 0.0, 0.0, 0.0, 0.0, 0.0, 0.0, 0.0, 0.0, 0.0, 0.0, 0.0, 0.0, 0.0, 0.0, 0.0, 0.0, 0.0, 0.0, 0.0, 0.0, 0.0, 0.0, 0.0, 0.0, 0.0, 0.0, 0.0, 0.0, 0.0, 0.0, 0.0, 0.0, 0.0, 0.0, 0.0, 0.0, 0.0, 0.0, 0.0, 0.0, 0.0, 0.0, 0.0, 0.0, 0.0, 0.0, 0.0, 0.0, 0.0, 0.0, 0.0, 0.0, 0.0, 0.0, 0.0, 0.0, 0.0, 0.0, 0.0, 0.0, 0.0, 0.0, 0.0, 0.0, 0.0, 0.0, 0.0, 0.0, 0.0, 0.0, 0.0, 0.0, 0.0, 0.0, 0.0, 0.0]",COMPLETE
57,57,0.5,2024-08-31 02:59:10.323812,2024-08-31 02:59:34.725058,0 days 00:00:24.401246,16,0.4373992507058558,2,145,0.9605818541767412,43,0.0010050350373347705,0.859,0.85875,0,"[33, 33, 33, 33, 33, 33, 33, 33, 32, 12, 5, 4, 4, 2, 1, 1, 1, 1, 1, 1, 1, 1, 1, 1, 1, 1, 0, 0, 0, 0, 0, 0, 0, 0, 0, 0, 0, 0, 0, 0, 0, 0, 0, 0, 0, 0, 0, 0, 0, 0, 0, 0, 0, 0, 0, 0, 0, 0, 0, 0, 0, 0, 0, 0, 0, 0, 0, 0, 0, 0, 0, 0, 0, 0, 0, 0, 0, 0, 0, 0, 0, 0, 0, 0, 0, 0, 0, 0, 0, 0, 0, 0, 0, 0, 0, 0, 0, 0, 0, 0, 0, 0, 0, 0, 0, 0, 0, 0, 0, 0, 0, 0, 0, 0, 0, 0, 0, 0, 0, 0, 0, 0, 0, 0, 0, 0, 0, 0, 0, 0, 0, 0, 0, 0, 0, 0, 0, 0, 0, 0, 0, 0, 0, 0, 0]",0.0,"[32.992248062015506, 32.97674418604651, 32.97674418604651, 32.992248062015506, 32.992248062015506, 32.992248062015506, 32.96124031007752, 32.968992248062015, 31.97674418604651, 11.984496124031008, 4.992248062015504, 3.992248062015504, 3.992248062015504, 2.0, 1.0, 1.0, 1.0, 1.0, 1.0, 1.0, 1.0, 1.0, 1.0, 1.0, 1.0, 1.0, 0.0, 0.0, 0.0, 0.0, 0.0, 0.0, 0.0, 0.0, 0.0, 0.0, 0.0, 0.0, 0.0, 0.0, 0.0, 0.0, 0.0, 0.0, 0.0, 0.0, 0.0, 0.0, 0.0, 0.0, 0.0, 0.0, 0.0, 0.0, 0.0, 0.0, 0.0, 0.0, 0.0, 0.0, 0.0, 0.0, 0.0, 0.0, 0.0, 0.0, 0.0, 0.0, 0.0, 0.0, 0.0, 0.0, 0.0, 0.0, 0.0, 0.0, 0.0, 0.0, 0.0, 0.0, 0.0, 0.0, 0.0, 0.0, 0.0, 0.0, 0.0, 0.0, 0.0, 0.0, 0.0, 0.0, 0.0, 0.0, 0.0, 0.0, 0.0, 0.0, 0.0, 0.0, 0.0, 0.0, 0.0, 0.0, 0.0, 0.0, 0.0, 0.0, 0.0, 0.0, 0.0, 0.0, 0.0, 0.0, 0.0, 0.0, 0.0, 0.0, 0.0, 0.0, 0.0, 0.0, 0.0, 0.0, 0.0, 0.0, 0.0, 0.0, 0.0, 0.0, 0.0, 0.0, 0.0, 0.0, 0.0, 0.0, 0.0, 0.0, 0.0, 0.0, 0.0, 0.0, 0.0, 0.0, 0.0]",0.5,0.5,0,"[33, 33, 33, 33, 33, 33, 33, 33, 32, 12, 5, 4, 4, 2, 1, 1, 1, 1, 1, 1, 1, 1, 1, 1, 1, 1, 0, 0, 0, 0, 0, 0, 0, 0, 0, 0, 0, 0, 0, 0, 0, 0, 0, 0, 0, 0, 0, 0, 0, 0, 0, 0, 0, 0, 0, 0, 0, 0, 0, 0, 0, 0, 0, 0, 0, 0, 0, 0, 0, 0, 0, 0, 0, 0, 0, 0, 0, 0, 0, 0, 0, 0, 0, 0, 0, 0, 0, 0, 0, 0, 0, 0, 0, 0, 0, 0, 0, 0, 0, 0, 0, 0, 0, 0, 0, 0, 0, 0, 0, 0, 0, 0, 0, 0, 0, 0, 0, 0, 0, 0, 0, 0, 0, 0, 0, 0, 0, 0, 0, 0, 0, 0, 0, 0, 0, 0, 0, 0, 0, 0, 0, 0, 0, 0, 0]",145,"[0.7144386172294617, 0.6485323905944824, 0.6046453714370728, 0.5641899108886719, 0.5296812653541565, 0.5041444301605225, 0.48933327198028564, 0.46259579062461853, 0.4450908303260803, 0.3930327594280243, 0.3861845135688782, 0.3791837990283966, 0.37781158089637756, 0.40148451924324036, 0.5019493699073792, 0.40098556876182556, 0.402477502822876, 0.40337708592414856, 0.40044331550598145, 0.3954181969165802, 0.4166595935821533, 0.3952309489250183, 0.39881500601768494, 0.394845575094223, 0.39841407537460327, 0.41419872641563416, 0.42279052734375, 0.4084412455558777, 0.4109736979007721, 0.40998196601867676, 0.4195041358470917, 0.40904125571250916, 0.41192543506622314, 0.4231420159339905, 0.4072261452674866, 0.4074438512325287, 0.408446729183197, 0.40764713287353516, 0.40874090790748596, 0.4072263240814209, 0.40745505690574646, 0.4170938730239868, 0.408606618642807, 0.4153662919998169, 0.4078756272792816, 0.42705878615379333, 0.40723106265068054, 0.4087190628051758, 0.40996289253234863, 0.40722888708114624, 0.41808104515075684, 0.40763673186302185, 0.40891411900520325, 0.40876132249832153, 0.41071414947509766, 0.41807326674461365, 0.4163777232170105, 0.40966475009918213, 0.4087757468223572, 0.4122464060783386, 0.41661426424980164, 0.40973353385925293, 0.4075491726398468, 0.40834131836891174, 0.4105040729045868, 0.41088536381721497, 0.4074709713459015, 0.4113568961620331, 0.4091784358024597, 0.40786704421043396, 0.420993834733963, 0.40742698311805725, 0.4298558533191681, 0.42687857151031494, 0.4098864495754242, 0.4090598225593567, 0.40757399797439575, 0.43164199590682983, 0.4084136486053467, 0.4121543765068054, 0.4072287082672119, 0.43291613459587097, 0.40992575883865356, 0.42226216197013855, 0.40773260593414307, 0.4090283513069153, 0.4077010750770569, 0.4136098623275757, 0.41501832008361816, 0.40774765610694885, 0.411080539226532, 0.4076342284679413, 0.4088960289955139, 0.40849971771240234, 0.4313153028488159, 0.40744373202323914, 0.407448947429657, 0.4088272452354431, 0.4152464270591736, 0.41099831461906433, 0.40744471549987793, 0.42847755551338196, 0.4072408378124237, 0.4138796627521515, 0.4177682399749756, 0.4111415445804596, 0.40746182203292847, 0.40722769498825073, 0.41324523091316223, 0.4210134446620941, 0.42874613404273987, 0.40779033303260803, 0.40806376934051514, 0.41213905811309814, 0.4077550768852234, 0.4095926582813263, 0.41095447540283203, 0.43130284547805786, 0.41743800044059753, 0.4074057638645172, 0.4077395498752594, 0.4078245162963867, 0.4085511863231659, 0.40825721621513367, 0.4089154899120331, 0.40845227241516113, 0.4094736874103546, 0.40757548809051514, 0.40722671151161194, 0.4109313189983368, 0.4075697064399719, 0.41043734550476074, 0.4138513207435608, 0.4147493839263916, 0.40776729583740234, 0.4160747826099396, 0.4176909923553467, 0.4074566960334778, 0.40743061900138855, 0.4096467196941376, 0.410254567861557, 0.4095933437347412, 0.407921701669693, 0.41433820128440857, 0.40838345885276794]",0.0,"[33.0, 33.0, 33.0, 33.0, 33.0, 33.0, 33.0, 33.0, 32.0, 12.0, 5.0, 4.0, 4.0, 2.0, 1.0, 1.0, 1.0, 1.0, 1.0, 1.0, 1.0, 1.0, 1.0, 1.0, 1.0, 1.0, 0.0, 0.0, 0.0, 0.0, 0.0, 0.0, 0.0, 0.0, 0.0, 0.0, 0.0, 0.0, 0.0, 0.0, 0.0, 0.0, 0.0, 0.0, 0.0, 0.0, 0.0, 0.0, 0.0, 0.0, 0.0, 0.0, 0.0, 0.0, 0.0, 0.0, 0.0, 0.0, 0.0, 0.0, 0.0, 0.0, 0.0, 0.0, 0.0, 0.0, 0.0, 0.0, 0.0, 0.0, 0.0, 0.0, 0.0, 0.0, 0.0, 0.0, 0.0, 0.0, 0.0, 0.0, 0.0, 0.0, 0.0, 0.0, 0.0, 0.0, 0.0, 0.0, 0.0, 0.0, 0.0, 0.0, 0.0, 0.0, 0.0, 0.0, 0.0, 0.0, 0.0, 0.0, 0.0, 0.0, 0.0, 0.0, 0.0, 0.0, 0.0, 0.0, 0.0, 0.0, 0.0, 0.0, 0.0, 0.0, 0.0, 0.0, 0.0, 0.0, 0.0, 0.0, 0.0, 0.0, 0.0, 0.0, 0.0, 0.0, 0.0, 0.0, 0.0, 0.0, 0.0, 0.0, 0.0, 0.0, 0.0, 0.0, 0.0, 0.0, 0.0, 0.0, 0.0, 0.0, 0.0, 0.0, 0.0]",COMPLETE
