,number,value,datetime_start,datetime_complete,duration,params_batch_size_scaler,params_constant_learning_rate,params_depth,params_epochs,params_kernel_l2,params_num_trees,params_temperature,user_attrs_accuracy_test,user_attrs_accuracy_valid,user_attrs_approximate_feature_sparsity,user_attrs_approximate_feature_sparsity_history,user_attrs_approximate_weight_sparsity,user_attrs_approximate_weight_sparsity_history,user_attrs_auc_test,user_attrs_auc_valid,user_attrs_feature_sparsity,user_attrs_feature_sparsity_history,user_attrs_num_epochs,user_attrs_val_loss_history,user_attrs_weight_sparsity,user_attrs_weight_sparsity_history,state
120,120,0.9218224678285737,2024-08-31 06:50:24.300854,2024-08-31 06:57:40.894402,0 days 00:07:16.593548,4,0.052376806020156486,5,395,0.0025859554679618607,51,0.00012107408516408806,0.935,0.935,33,"[33, 33, 33, 33, 33, 33, 33, 33, 33, 33, 33, 33, 33, 33, 33, 33, 33, 33, 33, 33, 33, 33, 33, 33, 33, 33, 33, 33, 33, 33, 33, 33, 33, 33, 33, 33, 33, 33, 33, 33, 33, 33, 33, 33, 33, 33, 33, 33, 33, 33, 33, 33, 33, 33, 33, 33, 33, 33, 33, 33, 33, 33, 33, 33, 33, 33, 33, 33, 33, 33, 33, 33, 33, 33, 33, 33, 33, 33, 33, 33, 33, 33, 33, 33, 33, 33, 33, 33, 33, 33, 33, 33, 33, 33, 33, 33, 33, 33, 33, 33, 33, 33, 33, 33, 33, 33, 33, 33, 33, 33, 33, 33, 33, 33, 33, 33, 33, 33, 33, 33, 33, 33, 33, 33, 33, 33, 33, 33, 33, 33, 33, 33, 33, 33, 33, 33, 33, 33, 33, 33, 33, 33, 33, 33, 33, 33, 33, 33, 33, 33, 33, 33, 33, 33, 33, 33, 33, 33, 33, 33, 33, 33, 33, 33, 33, 33, 33, 33, 33, 33, 33, 33, 33, 33, 33, 33, 33, 33, 33, 33, 33, 33, 33, 33, 33, 33, 33, 33, 33, 33, 33, 33, 33, 33, 33, 33, 33, 33, 33, 33, 33, 33, 33, 33, 33, 33, 33, 33, 33, 33, 33, 33, 33, 33, 33, 33, 33, 33, 33, 33, 33, 33, 33, 33, 33, 33, 33, 33, 33, 33, 33, 33, 33, 33, 33, 33, 33, 33, 33, 33, 33, 33, 33, 33, 33, 33, 33, 33, 33, 33, 33, 33, 33, 33, 33, 33, 33, 33, 33, 33, 33, 33, 33, 33, 33, 33, 33, 33, 33, 33, 33, 33, 33, 33, 33, 33, 33, 33, 33, 33, 33, 33, 33, 33, 33, 33, 33, 33, 33, 33, 33, 33, 33, 33, 33, 33, 33, 33, 33, 33, 33, 33, 33, 33, 33, 33, 33, 33, 33, 33, 33, 33, 33, 33, 33, 33, 33, 33, 33, 33, 33, 33, 33, 33, 33, 33, 33, 33, 33, 33, 33, 33, 33, 33, 33, 33, 33, 33, 33, 33, 33, 33, 33, 33, 33, 33, 33, 33, 33, 33, 33, 33, 33, 33, 33, 33, 33, 33, 33, 33, 33, 33, 33, 33, 33, 33, 33, 33, 33, 33, 33, 33, 33, 33, 33, 33, 33, 33, 33, 33, 33, 33, 33, 33, 33, 33, 33, 33, 33, 33, 33, 33, 33, 33, 33]",32.94686907020873,"[32.94180898165718, 32.942441492726125, 32.942441492726125, 32.938013915243516, 32.93738140417457, 32.94370651486401, 32.93864642631247, 32.93421884882986, 32.92726122707147, 32.94180898165718, 32.93864642631247, 32.93674889310563, 32.942441492726125, 32.94307400379507, 32.93674889310563, 32.94180898165718, 32.93864642631246, 32.9392789373814, 32.94560404807084, 32.9449715370019, 32.938013915243516, 32.94307400379507, 32.94686907020873, 32.9493991144845, 32.94686907020873, 32.944339025932955, 32.9392789373814, 32.940543959519296, 32.94939911448451, 32.9449715370019, 32.951296647691336, 32.95066413662239, 32.9449715370019, 32.95003162555344, 32.942441492726125, 32.94876660341556, 32.94813409234661, 32.942441492726125, 32.946236559139784, 32.9392789373814, 32.942441492726125, 32.94307400379507, 32.939911448450346, 32.94307400379507, 32.95192915876028, 32.9449715370019, 32.94750158127767, 32.9449715370019, 32.94117647058824, 32.93738140417457, 32.935483870967744, 32.9348513598988, 32.94370651486401, 32.94686907020873, 32.94560404807084, 32.94939911448451, 32.94560404807084, 32.948766603415564, 32.95256166982922, 32.95256166982922, 32.94939911448451, 32.951296647691336, 32.94560404807084, 32.944339025932955, 32.94750158127768, 32.94623655913979, 32.94939911448451, 32.953194180898166, 32.95256166982922, 32.94370651486401, 32.94560404807084, 32.944339025932955, 32.94307400379507, 32.93738140417457, 32.94750158127768, 32.95445920303605, 32.942441492726125, 32.94560404807084, 32.946869070208734, 32.94686907020873, 32.95003162555344, 32.944339025932955, 32.94813409234662, 32.944339025932955, 32.93738140417457, 32.94117647058823, 32.94686907020873, 32.94813409234661, 32.944339025932955, 32.942441492726125, 32.94307400379507, 32.94244149272612, 32.94686907020873, 32.953194180898166, 32.955724225173945, 32.95572422517394, 32.951296647691336, 32.95635673624289, 32.95256166982922, 32.94876660341556, 32.94813409234661, 32.94686907020873, 32.94180898165718, 32.95003162555345, 32.946869070208734, 32.946869070208734, 32.94054395951929, 32.942441492726125, 32.94117647058824, 32.94370651486401, 32.939911448450346, 32.94117647058824, 32.94117647058824, 32.946236559139784, 32.946236559139784, 32.94939911448451, 32.94939911448451, 32.95003162555345, 32.946236559139784, 32.94939911448451, 32.9449715370019, 32.94813409234661, 32.95066413662239, 32.94939911448451, 32.95382669196711, 32.955091714104995, 32.94686907020873, 32.94939911448451, 32.94813409234662, 32.95003162555345, 32.948766603415564, 32.94307400379507, 32.94560404807084, 32.94876660341556, 32.94560404807085, 32.946236559139784, 32.9449715370019, 32.946236559139784, 32.944339025932955, 32.946869070208734, 32.948766603415564, 32.94686907020873, 32.95066413662239, 32.94686907020873, 32.948766603415564, 32.95066413662239, 32.948766603415564, 32.95066413662239, 32.94370651486401, 32.94750158127768, 32.94939911448451, 32.95256166982922, 32.95066413662239, 32.955724225173945, 32.95698924731183, 32.95698924731183, 32.95256166982922, 32.948766603415564, 32.95003162555345, 32.942441492726125, 32.94686907020873, 32.94939911448451, 32.946236559139784, 32.940543959519296, 32.94307400379507, 32.94686907020873, 32.94180898165718, 32.94560404807084, 32.94370651486401, 32.9449715370019, 32.946236559139784, 32.94370651486401, 32.942441492726125, 32.94054395951929, 32.94560404807084, 32.938013915243516, 32.938013915243516, 32.94370651486401, 32.948766603415564, 32.94686907020873, 32.95256166982922, 32.95192915876028, 32.94939911448451, 32.95256166982922, 32.95635673624288, 32.95382669196711, 32.94939911448451, 32.95003162555345, 32.951296647691336, 32.94623655913979, 32.9449715370019, 32.94813409234662, 32.94750158127767, 32.94370651486401, 32.93674889310563, 32.938013915243516, 32.94560404807084, 32.94813409234662, 32.951296647691336, 32.94939911448451, 32.94560404807084, 32.94244149272612, 32.93864642631246, 32.94180898165718, 32.939911448450346, 32.944339025932955, 32.94876660341556, 32.94560404807084, 32.948766603415564, 32.946236559139784, 32.94117647058824, 32.94307400379507, 32.94307400379507, 32.9392789373814, 32.93674889310563, 32.9449715370019, 32.944339025932955, 32.94307400379507, 32.94560404807084, 32.94813409234661, 32.951296647691336, 32.955091714104995, 32.951296647691336, 32.94813409234661, 32.94876660341556, 32.94813409234661, 32.94876660341556, 32.946236559139784, 32.944339025932955, 32.94560404807084, 32.946236559139784, 32.94750158127767, 32.950664136622386, 32.94750158127767, 32.946236559139784, 32.94244149272612, 32.94560404807084, 32.94054395951929, 32.944339025932955, 32.94370651486401, 32.946236559139784, 32.94307400379507, 32.94560404807084, 32.94876660341556, 32.95256166982922, 32.94939911448451, 32.94750158127767, 32.94560404807084, 32.9449715370019, 32.94686907020873, 32.951296647691336, 32.94813409234662, 32.94560404807084, 32.94813409234662, 32.942441492726125, 32.940543959519296, 32.94117647058824, 32.94307400379507, 32.94117647058823, 32.94117647058824, 32.946236559139784, 32.9449715370019, 32.940543959519296, 32.938013915243516, 32.940543959519296, 32.939911448450346, 32.94180898165718, 32.944339025932955, 32.942441492726125, 32.94117647058823, 32.94117647058823, 32.939911448450346, 32.939911448450346, 32.938013915243516, 32.93611638203669, 32.93168880455408, 32.93168880455408, 32.94117647058823, 32.94180898165718, 32.940543959519296, 32.942441492726125, 32.93991144845035, 32.94117647058824, 32.942441492726125, 32.935483870967744, 32.93611638203669, 32.9348513598988, 32.93674889310563, 32.93358633776091, 32.93168880455408, 32.9348513598988, 32.9392789373814, 32.94054395951929, 32.938013915243516, 32.938013915243516, 32.94180898165718, 32.94180898165718, 32.94117647058824, 32.94370651486401, 32.94370651486401, 32.94370651486401, 32.94370651486401, 32.9449715370019, 32.939911448450346, 32.9392789373814, 32.939911448450346, 32.944339025932955, 32.944339025932955, 32.942441492726125, 32.94117647058824, 32.9449715370019, 32.94307400379507, 32.93864642631247, 32.94180898165718, 32.94117647058824, 32.9449715370019, 32.94307400379507, 32.94117647058824, 32.944339025932955, 32.94686907020873, 32.94054395951929, 32.94117647058824, 32.93927893738141, 32.93738140417457, 32.935483870967744, 32.938013915243516, 32.93611638203669, 32.93738140417457, 32.94750158127768, 32.94307400379507, 32.94307400379507, 32.94750158127767, 32.94686907020873, 32.946236559139784, 32.95066413662239, 32.95066413662239, 32.94813409234661, 32.95192915876028, 32.95256166982922, 32.95256166982922, 32.948766603415564, 32.94939911448451, 32.94686907020873, 32.946869070208734, 32.94623655913979, 32.9449715370019, 32.94054395951929, 32.938013915243516, 32.939911448450346, 32.94180898165718, 32.94370651486401, 32.94180898165718, 32.94117647058824, 32.94370651486401, 32.94117647058823, 32.944339025932955, 32.94813409234661, 32.94180898165718, 32.94180898165718, 32.939911448450346, 32.938013915243516, 32.935483870967744, 32.933586337760914, 32.93864642631246, 32.93864642631246, 32.9392789373814, 32.94117647058823, 32.942441492726125, 32.9449715370019, 32.939911448450346, 32.942441492726125, 32.94307400379507, 32.942441492726125, 32.94180898165718, 32.940543959519296, 32.94180898165718, 32.939911448450346, 32.942441492726125, 32.94370651486401, 32.9449715370019, 32.94750158127767, 32.94686907020873, 32.95003162555345, 32.94939911448451, 32.951296647691336, 32.95192915876028, 32.948766603415564, 32.95192915876028, 32.95635673624288, 32.95635673624288, 32.953194180898166, 32.95003162555345, 32.95003162555345, 32.94813409234662, 32.94686907020873]",0.9079995706701675,0.9218224678285737,33,"[33, 33, 33, 33, 33, 33, 33, 33, 33, 33, 33, 33, 33, 33, 33, 33, 33, 33, 33, 33, 33, 33, 33, 33, 33, 33, 33, 33, 33, 33, 33, 33, 33, 33, 33, 33, 33, 33, 33, 33, 33, 33, 33, 33, 33, 33, 33, 33, 33, 33, 33, 33, 33, 33, 33, 33, 33, 33, 33, 33, 33, 33, 33, 33, 33, 33, 33, 33, 33, 33, 33, 33, 33, 33, 33, 33, 33, 33, 33, 33, 33, 33, 33, 33, 33, 33, 33, 33, 33, 33, 33, 33, 33, 33, 33, 33, 33, 33, 33, 33, 33, 33, 33, 33, 33, 33, 33, 33, 33, 33, 33, 33, 33, 33, 33, 33, 33, 33, 33, 33, 33, 33, 33, 33, 33, 33, 33, 33, 33, 33, 33, 33, 33, 33, 33, 33, 33, 33, 33, 33, 33, 33, 33, 33, 33, 33, 33, 33, 33, 33, 33, 33, 33, 33, 33, 33, 33, 33, 33, 33, 33, 33, 33, 33, 33, 33, 33, 33, 33, 33, 33, 33, 33, 33, 33, 33, 33, 33, 33, 33, 33, 33, 33, 33, 33, 33, 33, 33, 33, 33, 33, 33, 33, 33, 33, 33, 33, 33, 33, 33, 33, 33, 33, 33, 33, 33, 33, 33, 33, 33, 33, 33, 33, 33, 33, 33, 33, 33, 33, 33, 33, 33, 33, 33, 33, 33, 33, 33, 33, 33, 33, 33, 33, 33, 33, 33, 33, 33, 33, 33, 33, 33, 33, 33, 33, 33, 33, 33, 33, 33, 33, 33, 33, 33, 33, 33, 33, 33, 33, 33, 33, 33, 33, 33, 33, 33, 33, 33, 33, 33, 33, 33, 33, 33, 33, 33, 33, 33, 33, 33, 33, 33, 33, 33, 33, 33, 33, 33, 33, 33, 33, 33, 33, 33, 33, 33, 33, 33, 33, 33, 33, 33, 33, 33, 33, 33, 33, 33, 33, 33, 33, 33, 33, 33, 33, 33, 33, 33, 33, 33, 33, 33, 33, 33, 33, 33, 33, 33, 33, 33, 33, 33, 33, 33, 33, 33, 33, 33, 33, 33, 33, 33, 33, 33, 33, 33, 33, 33, 33, 33, 33, 33, 33, 33, 33, 33, 33, 33, 33, 33, 33, 33, 33, 33, 33, 33, 33, 33, 33, 33, 33, 33, 33, 33, 33, 33, 33, 33, 33, 33, 33, 33, 33, 33, 33, 33, 33, 33, 33, 33, 33, 33, 33, 33, 33]",395,"[0.4091254472732544, 0.39514264464378357, 0.3904447853565216, 0.3869916498661041, 0.3839450776576996, 0.3813636302947998, 0.3792049288749695, 0.377206951379776, 0.37553250789642334, 0.3739761710166931, 0.3726769983768463, 0.3713243007659912, 0.3701954782009125, 0.36927691102027893, 0.3682008385658264, 0.3673488199710846, 0.3665320873260498, 0.36568713188171387, 0.36487942934036255, 0.36405131220817566, 0.36322474479675293, 0.36263972520828247, 0.36192771792411804, 0.36119845509529114, 0.3605709373950958, 0.3598083555698395, 0.3591977655887604, 0.3585776090621948, 0.3579147458076477, 0.3572470545768738, 0.3566175103187561, 0.3560467064380646, 0.355459988117218, 0.3548997938632965, 0.35412323474884033, 0.35358038544654846, 0.3528987169265747, 0.35237354040145874, 0.3517277240753174, 0.35104215145111084, 0.3505307734012604, 0.34991711378097534, 0.3492994010448456, 0.348671555519104, 0.34803539514541626, 0.34742316603660583, 0.3468853235244751, 0.34626466035842896, 0.3456456661224365, 0.34502479434013367, 0.34446290135383606, 0.34389492869377136, 0.34323474764823914, 0.34261906147003174, 0.3420286476612091, 0.3414188623428345, 0.3408272862434387, 0.3401999771595001, 0.3394632041454315, 0.33889731764793396, 0.3382798433303833, 0.33763206005096436, 0.33702895045280457, 0.3364750146865845, 0.33580952882766724, 0.3350789248943329, 0.33446240425109863, 0.33382561802864075, 0.3331725001335144, 0.3325701653957367, 0.3319203555583954, 0.33127009868621826, 0.33060359954833984, 0.32989346981048584, 0.3292696475982666, 0.3287053406238556, 0.3278072774410248, 0.3272019326686859, 0.3264985680580139, 0.32562771439552307, 0.3250117003917694, 0.3241997957229614, 0.3234843909740448, 0.3227394223213196, 0.3219965696334839, 0.32121944427490234, 0.32051360607147217, 0.3197513222694397, 0.31889957189559937, 0.3180897533893585, 0.31730324029922485, 0.3164748251438141, 0.315733402967453, 0.31484416127204895, 0.31409314274787903, 0.3131772577762604, 0.31231972575187683, 0.31146085262298584, 0.31055521965026855, 0.30984872579574585, 0.3088538646697998, 0.30784842371940613, 0.3069356381893158, 0.3060840964317322, 0.3051704466342926, 0.30424273014068604, 0.3034193217754364, 0.3024473786354065, 0.30148911476135254, 0.3005210757255554, 0.2995908260345459, 0.29860734939575195, 0.2977559566497803, 0.2967832684516907, 0.2957797348499298, 0.2949211299419403, 0.29401999711990356, 0.29299184679985046, 0.29205700755119324, 0.2912229597568512, 0.2901808023452759, 0.28925907611846924, 0.2884071171283722, 0.28742629289627075, 0.2865329384803772, 0.2856057286262512, 0.284758597612381, 0.283893346786499, 0.28292006254196167, 0.282066285610199, 0.28120744228363037, 0.2803103029727936, 0.27939072251319885, 0.2786225378513336, 0.27781257033348083, 0.2770187258720398, 0.2762361764907837, 0.2755688428878784, 0.2745779752731323, 0.27384939789772034, 0.2731880247592926, 0.2724723815917969, 0.27161669731140137, 0.2709006071090698, 0.2701323628425598, 0.26937776803970337, 0.26867377758026123, 0.2680743336677551, 0.26732373237609863, 0.2668117880821228, 0.2660233974456787, 0.265363872051239, 0.26482635736465454, 0.26416638493537903, 0.26356279850006104, 0.2630240023136139, 0.2623731195926666, 0.2619438171386719, 0.2614040672779083, 0.26073166728019714, 0.2600739598274231, 0.2595959007740021, 0.25892072916030884, 0.2583785951137543, 0.25790029764175415, 0.25736263394355774, 0.25685587525367737, 0.2562795579433441, 0.2557867765426636, 0.25530192255973816, 0.25488051772117615, 0.2543904781341553, 0.25407102704048157, 0.2534366548061371, 0.2530037462711334, 0.2525375485420227, 0.25203949213027954, 0.25157636404037476, 0.25108638405799866, 0.25070881843566895, 0.2501538395881653, 0.24974554777145386, 0.24940261244773865, 0.2489510178565979, 0.24854905903339386, 0.24810615181922913, 0.24769988656044006, 0.24731099605560303, 0.24694222211837769, 0.24645914137363434, 0.24610458314418793, 0.24574357271194458, 0.24535708129405975, 0.24490907788276672, 0.2444644421339035, 0.24407756328582764, 0.24363940954208374, 0.24329285323619843, 0.24292802810668945, 0.24265554547309875, 0.24232544004917145, 0.24172982573509216, 0.24141378700733185, 0.24111789464950562, 0.24078451097011566, 0.24037939310073853, 0.2400912046432495, 0.23979692161083221, 0.23938490450382233, 0.23909589648246765, 0.2387937754392624, 0.23842312395572662, 0.23807118833065033, 0.23770563304424286, 0.23731540143489838, 0.2369135469198227, 0.23663628101348877, 0.23622851073741913, 0.23614221811294556, 0.23566091060638428, 0.23542608320713043, 0.23498091101646423, 0.23456674814224243, 0.23434682190418243, 0.23417818546295166, 0.23376649618148804, 0.23337902128696442, 0.2330428957939148, 0.2329355627298355, 0.23259085416793823, 0.23201759159564972, 0.23177789151668549, 0.23148804903030396, 0.23115286231040955, 0.2309141755104065, 0.23072241246700287, 0.23043446242809296, 0.2301357388496399, 0.22978933155536652, 0.2294221818447113, 0.22905676066875458, 0.22876743972301483, 0.22847235202789307, 0.22802825272083282, 0.22795814275741577, 0.227650448679924, 0.22742325067520142, 0.2272222340106964, 0.22694255411624908, 0.2267441749572754, 0.22653082013130188, 0.2259748876094818, 0.22571562230587006, 0.22552607953548431, 0.2251977175474167, 0.22503575682640076, 0.2244732677936554, 0.22429609298706055, 0.22399534285068512, 0.22373546659946442, 0.223487988114357, 0.22337566316127777, 0.22303470969200134, 0.22282402217388153, 0.2224426120519638, 0.22203674912452698, 0.22184114158153534, 0.22167275846004486, 0.22168457508087158, 0.22150440514087677, 0.22107744216918945, 0.22073668241500854, 0.22044016420841217, 0.2201916128396988, 0.21990767121315002, 0.21961016952991486, 0.21941538155078888, 0.21909169852733612, 0.2189907282590866, 0.21888019144535065, 0.2186383754014969, 0.21854129433631897, 0.2182503640651703, 0.21799470484256744, 0.2175728976726532, 0.21743568778038025, 0.21701660752296448, 0.21685945987701416, 0.2163814902305603, 0.21629562973976135, 0.21634463965892792, 0.21604013442993164, 0.21571698784828186, 0.21565866470336914, 0.21524693071842194, 0.21512861549854279, 0.2148168385028839, 0.21451741456985474, 0.21430766582489014, 0.21426017582416534, 0.21398572623729706, 0.2137208878993988, 0.2134419083595276, 0.21310651302337646, 0.21317344903945923, 0.2129829227924347, 0.2127799391746521, 0.21259015798568726, 0.21240423619747162, 0.21230193972587585, 0.21183516085147858, 0.21195463836193085, 0.2116432636976242, 0.2113357037305832, 0.21101582050323486, 0.21081018447875977, 0.21062348783016205, 0.21038112044334412, 0.21053974330425262, 0.21027113497257233, 0.21007579565048218, 0.2098061889410019, 0.209424689412117, 0.20947757363319397, 0.20909851789474487, 0.20892708003520966, 0.20875640213489532, 0.208650603890419, 0.2084335833787918, 0.2081412822008133, 0.2082117795944214, 0.20773851871490479, 0.20769838988780975, 0.20749469101428986, 0.20739662647247314, 0.2070918083190918, 0.2069949358701706, 0.20687247812747955, 0.2065168172121048, 0.206415057182312, 0.20643608272075653, 0.20635248720645905, 0.2059912085533142, 0.20576444268226624, 0.20577743649482727, 0.20553432404994965, 0.2055942565202713, 0.2052522599697113, 0.2048906683921814, 0.20471008121967316, 0.204750195145607, 0.20466136932373047, 0.20417241752147675, 0.20422592759132385, 0.20402215421199799, 0.20402289927005768, 0.2039501965045929, 0.2039441615343094, 0.20383042097091675, 0.20354942977428436, 0.20324651896953583, 0.20330442488193512, 0.2030411660671234, 0.20295649766921997, 0.20268210768699646, 0.20256248116493225, 0.20234188437461853, 0.20231269299983978, 0.20210343599319458, 0.20202527940273285, 0.20170415937900543, 0.20179301500320435, 0.20171214640140533, 0.2016831934452057, 0.2014758437871933, 0.20135532319545746, 0.20094135403633118, 0.20065057277679443, 0.20058278739452362, 0.2004523128271103, 0.20066773891448975, 0.2004048228263855, 0.20013540983200073, 0.20029352605342865, 0.20014724135398865, 0.19983486831188202, 0.1999310553073883, 0.20014798641204834, 0.1997215300798416, 0.19933396577835083, 0.19968345761299133, 0.19929035007953644, 0.19939951598644257, 0.19905215501785278, 0.1992810070514679]",33.0,"[33.0, 33.0, 33.0, 33.0, 33.0, 33.0, 33.0, 33.0, 33.0, 33.0, 33.0, 33.0, 33.0, 33.0, 33.0, 33.0, 33.0, 33.0, 33.0, 33.0, 33.0, 33.0, 33.0, 33.0, 33.0, 33.0, 33.0, 33.0, 33.0, 33.0, 33.0, 33.0, 33.0, 33.0, 33.0, 33.0, 33.0, 33.0, 33.0, 33.0, 33.0, 33.0, 33.0, 33.0, 33.0, 33.0, 33.0, 33.0, 33.0, 33.0, 33.0, 33.0, 33.0, 33.0, 33.0, 33.0, 33.0, 33.0, 33.0, 33.0, 33.0, 33.0, 33.0, 33.0, 33.0, 33.0, 33.0, 33.0, 33.0, 33.0, 33.0, 33.0, 33.0, 33.0, 33.0, 33.0, 33.0, 33.0, 33.0, 33.0, 33.0, 33.0, 33.0, 33.0, 33.0, 33.0, 33.0, 33.0, 33.0, 33.0, 33.0, 33.0, 33.0, 33.0, 33.0, 33.0, 33.0, 33.0, 33.0, 33.0, 33.0, 33.0, 33.0, 33.0, 33.0, 33.0, 33.0, 33.0, 33.0, 33.0, 33.0, 33.0, 33.0, 33.0, 33.0, 33.0, 33.0, 33.0, 33.0, 33.0, 33.0, 33.0, 33.0, 33.0, 33.0, 33.0, 33.0, 33.0, 33.0, 33.0, 33.0, 33.0, 33.0, 33.0, 33.0, 33.0, 33.0, 33.0, 33.0, 33.0, 33.0, 33.0, 33.0, 33.0, 33.0, 33.0, 33.0, 33.0, 33.0, 33.0, 33.0, 33.0, 33.0, 33.0, 33.0, 33.0, 33.0, 33.0, 33.0, 33.0, 33.0, 33.0, 33.0, 33.0, 33.0, 33.0, 33.0, 33.0, 33.0, 33.0, 33.0, 33.0, 33.0, 33.0, 33.0, 33.0, 33.0, 33.0, 33.0, 33.0, 33.0, 33.0, 33.0, 33.0, 33.0, 33.0, 33.0, 33.0, 33.0, 33.0, 33.0, 33.0, 33.0, 33.0, 33.0, 33.0, 33.0, 33.0, 33.0, 33.0, 33.0, 33.0, 33.0, 33.0, 33.0, 33.0, 33.0, 33.0, 33.0, 33.0, 33.0, 33.0, 33.0, 33.0, 33.0, 33.0, 33.0, 33.0, 33.0, 33.0, 33.0, 33.0, 33.0, 33.0, 33.0, 33.0, 33.0, 33.0, 33.0, 33.0, 33.0, 33.0, 33.0, 33.0, 33.0, 33.0, 33.0, 33.0, 33.0, 33.0, 33.0, 33.0, 33.0, 33.0, 33.0, 33.0, 33.0, 33.0, 33.0, 33.0, 33.0, 33.0, 33.0, 33.0, 33.0, 33.0, 33.0, 33.0, 33.0, 33.0, 33.0, 33.0, 33.0, 33.0, 33.0, 33.0, 33.0, 33.0, 33.0, 33.0, 33.0, 33.0, 33.0, 33.0, 33.0, 33.0, 33.0, 33.0, 33.0, 33.0, 33.0, 33.0, 33.0, 33.0, 33.0, 33.0, 33.0, 33.0, 33.0, 33.0, 33.0, 33.0, 33.0, 33.0, 33.0, 33.0, 33.0, 33.0, 33.0, 33.0, 33.0, 33.0, 33.0, 33.0, 33.0, 33.0, 33.0, 33.0, 33.0, 33.0, 33.0, 33.0, 33.0, 33.0, 33.0, 33.0, 33.0, 33.0, 33.0, 33.0, 33.0, 33.0, 33.0, 33.0, 33.0, 33.0, 33.0, 33.0, 33.0, 33.0, 33.0, 33.0, 33.0, 33.0, 33.0, 33.0, 33.0, 33.0, 33.0, 33.0, 33.0, 33.0, 33.0, 33.0, 33.0, 33.0, 33.0, 33.0, 33.0, 33.0, 33.0, 33.0, 33.0, 33.0, 33.0, 33.0, 33.0, 33.0, 33.0, 33.0, 33.0, 33.0, 33.0, 33.0, 33.0, 33.0, 33.0, 33.0, 