,number,value,datetime_start,datetime_complete,duration,params_batch_size_scaler,params_constant_learning_rate,params_depth,params_epochs,params_kernel_l2,params_num_trees,params_temperature,user_attrs_accuracy_test,user_attrs_accuracy_valid,user_attrs_approximate_feature_sparsity,user_attrs_approximate_feature_sparsity_history,user_attrs_approximate_weight_sparsity,user_attrs_approximate_weight_sparsity_history,user_attrs_auc_test,user_attrs_auc_valid,user_attrs_feature_sparsity,user_attrs_feature_sparsity_history,user_attrs_num_epochs,user_attrs_val_loss_history,user_attrs_weight_sparsity,user_attrs_weight_sparsity_history,state
108,108,0.927155388955443,2024-08-31 06:08:35.185840,2024-08-31 06:11:13.251216,0 days 00:02:38.065376,1,0.013790808875929561,2,400,0.029075764410667875,3,0.003771996697120812,0.941,0.93875,17,"[33, 33, 33, 33, 33, 33, 33, 33, 33, 33, 33, 33, 33, 33, 33, 33, 33, 33, 33, 33, 33, 33, 33, 33, 32, 32, 32, 32, 32, 32, 32, 29, 28, 28, 26, 26, 26, 25, 24, 24, 24, 24, 22, 21, 21, 21, 21, 21, 21, 21, 21, 21, 21, 20, 20, 20, 20, 20, 20, 20, 20, 20, 19, 19, 19, 19, 19, 19, 19, 19, 19, 19, 19, 19, 19, 19, 19, 19, 19, 19, 19, 19, 19, 19, 19, 19, 19, 19, 19, 18, 18, 18, 18, 18, 18, 18, 18, 18, 18, 18, 17, 17, 17, 17, 17, 17, 17, 17, 17, 17, 17, 17, 17, 17, 17, 17, 17, 17, 17, 17, 17, 17, 17, 17, 17, 17, 17, 17, 17, 17, 17, 17, 17, 17, 17, 17, 17, 17, 17, 17, 17, 17, 17, 17, 17, 17, 17, 17, 17, 17, 17, 17, 17, 17, 17, 17, 17, 17, 17, 17, 17, 17, 17, 17, 17, 17, 17, 17, 17, 17, 17, 17, 17, 17, 17, 17, 17, 17, 17, 17, 17, 17, 17, 17, 17, 17, 17, 17, 17, 17, 17, 17, 17, 17, 17, 17, 17, 17, 17, 17, 17, 17, 17, 17, 17, 17, 17, 17, 17, 17, 17, 17, 17, 17, 17, 17, 17, 17, 17, 17, 17, 17, 17, 17, 17, 17, 17, 17, 17, 17, 17, 17, 17, 17, 17, 17, 17, 17, 17, 17, 17, 17, 17, 17, 17, 17, 17, 17, 17, 17, 17, 17, 17, 17, 17, 17, 17, 17, 17, 17, 17, 17, 17, 17, 17, 17, 17, 17, 17, 17, 17, 17, 17, 17, 17, 17, 17, 17, 17, 17, 17, 17, 17, 17, 17, 17, 17, 17, 17, 17, 17, 17, 17, 17, 17, 17, 17, 17, 17, 17, 17, 17, 17, 17, 17, 17, 17, 17, 17, 17, 17, 17, 17, 17, 17, 17, 17, 17, 17, 17, 17, 17, 17, 17, 17, 17, 17, 17, 17, 17, 17, 17, 17, 17, 17, 17, 17, 17, 17, 17, 17, 17, 17, 17, 17, 17, 17, 17, 17, 17, 17, 17, 17, 17, 17, 17, 17, 17, 17, 17, 17, 17, 17, 17, 17, 17, 17, 17, 17, 17, 17, 17, 17, 17, 17, 17, 17, 17, 17, 17, 17, 17, 17, 17, 17, 17, 17, 17, 17, 17, 17, 17, 17, 17, 17, 17, 17, 17, 17, 17]",16.88888888888889,"[33.0, 33.0, 33.0, 33.0, 33.0, 33.0, 33.0, 33.0, 33.0, 32.888888888888886, 33.0, 33.0, 33.0, 33.0, 33.0, 33.0, 32.888888888888886, 33.0, 32.888888888888886, 33.0, 33.0, 33.0, 33.0, 32.888888888888886, 32.0, 32.0, 32.0, 32.0, 32.0, 32.0, 32.0, 29.0, 27.88888888888889, 27.88888888888889, 25.88888888888889, 26.0, 26.0, 25.0, 24.0, 24.0, 24.0, 24.0, 21.88888888888889, 21.0, 21.0, 21.0, 21.0, 21.0, 21.0, 21.0, 21.0, 21.0, 21.0, 20.0, 20.0, 20.0, 20.0, 20.0, 20.0, 20.0, 20.0, 20.0, 19.0, 19.0, 19.0, 19.0, 19.0, 19.0, 18.77777777777778, 18.88888888888889, 19.0, 18.88888888888889, 18.88888888888889, 19.0, 19.0, 19.0, 18.88888888888889, 18.88888888888889, 19.0, 19.0, 19.0, 19.0, 19.0, 19.0, 19.0, 19.0, 19.0, 19.0, 19.0, 18.0, 18.0, 18.0, 18.0, 18.0, 18.0, 18.0, 18.0, 18.0, 18.0, 18.0, 17.0, 16.88888888888889, 17.0, 16.88888888888889, 17.0, 17.0, 17.0, 17.0, 17.0, 16.88888888888889, 17.0, 17.0, 17.0, 17.0, 17.0, 17.0, 17.0, 17.0, 17.0, 17.0, 17.0, 17.0, 16.88888888888889, 17.0, 16.88888888888889, 16.88888888888889, 16.88888888888889, 16.77777777777778, 16.88888888888889, 16.88888888888889, 17.0, 17.0, 17.0, 17.0, 17.0, 17.0, 17.0, 17.0, 17.0, 17.0, 17.0, 17.0, 17.0, 17.0, 17.0, 17.0, 17.0, 17.0, 17.0, 17.0, 17.0, 17.0, 16.88888888888889, 17.0, 17.0, 17.0, 17.0, 17.0, 17.0, 17.0, 17.0, 17.0, 17.0, 17.0, 17.0, 17.0, 17.0, 16.88888888888889, 16.88888888888889, 17.0, 17.0, 17.0, 17.0, 17.0, 17.0, 17.0, 17.0, 17.0, 17.0, 17.0, 16.88888888888889, 17.0, 16.88888888888889, 17.0, 17.0, 17.0, 17.0, 17.0, 17.0, 17.0, 16.77777777777778, 17.0, 17.0, 17.0, 17.0, 17.0, 17.0, 16.88888888888889, 17.0, 17.0, 17.0, 17.0, 17.0, 17.0, 17.0, 17.0, 17.0, 17.0, 17.0, 17.0, 17.0, 16.88888888888889, 17.0, 17.0, 17.0, 17.0, 17.0, 17.0, 17.0, 17.0, 17.0, 17.0, 17.0, 17.0, 17.0, 17.0, 17.0, 17.0, 17.0, 17.0, 17.0, 17.0, 17.0, 17.0, 17.0, 17.0, 17.0, 17.0, 17.0, 17.0, 17.0, 17.0, 17.0, 17.0, 17.0, 17.0, 17.0, 17.0, 17.0, 17.0, 17.0, 16.88888888888889, 17.0, 17.0, 17.0, 16.88888888888889, 16.88888888888889, 16.88888888888889, 17.0, 17.0, 17.0, 17.0, 17.0, 17.0, 17.0, 17.0, 17.0, 17.0, 17.0, 17.0, 17.0, 17.0, 17.0, 17.0, 17.0, 17.0, 17.0, 17.0, 17.0, 17.0, 17.0, 17.0, 17.0, 17.0, 17.0, 17.0, 17.0, 16.88888888888889, 16.88888888888889, 16.88888888888889, 16.88888888888889, 16.88888888888889, 17.0, 17.0, 17.0, 17.0, 17.0, 17.0, 17.0, 17.0, 17.0, 17.0, 17.0, 17.0, 17.0, 16.88888888888889, 17.0, 17.0, 17.0, 17.0, 17.0, 16.88888888888889, 17.0, 17.0, 16.88888888888889, 16.88888888888889, 17.0, 17.0, 17.0, 17.0, 17.0, 17.0, 17.0, 17.0, 17.0, 17.0, 16.88888888888889, 16.88888888888889, 16.88888888888889, 17.0, 17.0, 17.0, 17.0, 17.0, 17.0, 17.0, 17.0, 17.0, 17.0, 17.0, 17.0, 17.0, 17.0, 17.0, 17.0, 17.0, 17.0, 17.0, 17.0, 17.0, 17.0, 16.88888888888889, 17.0, 16.88888888888889, 17.0, 17.0, 16.88888888888889, 16.88888888888889, 16.88888888888889, 16.88888888888889, 17.0, 16.88888888888889, 16.88888888888889, 17.0, 16.88888888888889, 17.0, 17.0, 16.77777777777778, 16.88888888888889, 16.88888888888889, 16.88888888888889, 16.88888888888889, 16.88888888888889, 16.88888888888889, 16.77777777777778, 16.88888888888889, 16.88888888888889, 16.88888888888889, 16.88888888888889, 16.88888888888889, 16.77777777777778, 16.88888888888889, 16.88888888888889, 16.77777777777778, 16.88888888888889, 16.88888888888889, 16.88888888888889, 16.88888888888889, 16.88888888888889, 16.88888888888889, 16.88888888888889, 16.666666666666668, 16.88888888888889, 16.88888888888889, 16.88888888888889, 16.77777777777778, 17.0, 16.77777777777778, 17.0, 16.88888888888889]",0.9134405006646357,0.927155388955443,17,"[33, 33, 33, 33, 33, 33, 33, 33, 33, 33, 33, 33, 33, 33, 33, 33, 33, 33, 33, 33, 33, 33, 33, 33, 32, 32, 32, 32, 32, 32, 32, 29, 28, 28, 26, 26, 26, 25, 24, 24, 24, 24, 22, 21, 21, 21, 21, 21, 21, 21, 21, 21, 21, 20, 20, 20, 20, 20, 20, 20, 20, 20, 19, 19, 19, 19, 19, 19, 19, 19, 19, 19, 19, 19, 19, 19, 19, 19, 19, 19, 19, 19, 19, 19, 19, 19, 19, 19, 19, 18, 18, 18, 18, 18, 18, 18, 18, 18, 18, 18, 17, 17, 17, 17, 17, 17, 17, 17, 17, 17, 17, 17, 17, 17, 17, 17, 17, 17, 17, 17, 17, 17, 17, 17, 17, 17, 17, 17, 17, 17, 17, 17, 17, 17, 17, 17, 17, 17, 17, 17, 17, 17, 17, 17, 17, 17, 17, 17, 17, 17, 17, 17, 17, 17, 17, 17, 17, 17, 17, 17, 17, 17, 17, 17, 17, 17, 17, 17, 17, 17, 17, 17, 17, 17, 17, 17, 17, 17, 17, 17, 17, 17, 17, 17, 17, 17, 17, 17, 17, 17, 17, 17, 17, 17, 17, 17, 17, 17, 17, 17, 17, 17, 17, 17, 17, 17, 17, 17, 17, 17, 17, 17, 17, 17, 17, 17, 17, 17, 17, 17, 17, 17, 17, 17, 17, 17, 17, 17, 17, 17, 17, 17, 17, 17, 17, 17, 17, 17, 17, 17, 17, 17, 17, 17, 17, 17, 17, 17, 17, 17, 17, 17, 17, 17, 17, 17, 17, 17, 17, 17, 17, 17, 17, 17, 17, 17, 17, 17, 17, 17, 17, 17, 17, 17, 17, 17, 17, 17, 17, 17, 17, 17, 17, 17, 17, 17, 17, 17, 17, 17, 17, 17, 17, 17, 17, 17, 17, 17, 17, 17, 17, 17, 17, 17, 17, 17, 17, 17, 17, 17, 17, 17, 17, 17, 17, 17, 17, 17, 17, 17, 17, 17, 17, 17, 17, 17, 17, 17, 17, 17, 17, 17, 17, 17, 17, 17, 17, 17, 17, 17, 17, 17, 17, 17, 17, 17, 17, 17, 17, 17, 17, 17, 17, 17, 17, 17, 17, 17, 17, 17, 17, 17, 17, 17, 17, 17, 17, 17, 17, 17, 17, 17, 17, 17, 17, 17, 17, 17, 17, 17, 17, 17, 17, 17, 17, 17, 17, 17, 17, 17, 17, 17, 17, 17, 17, 17, 17, 17, 17, 17]",400,"[0.4547853171825409, 0.42385411262512207, 0.414777934551239, 0.40954872965812683, 0.4054125249385834, 0.4020536541938782, 0.3987271189689636, 0.39577701687812805, 0.3931867182254791, 0.3906436264514923, 0.38807255029678345, 0.38600781559944153, 0.38374483585357666, 0.3815830647945404, 0.37922751903533936, 0.3773622214794159, 0.37513309717178345, 0.37321358919143677, 0.3713985085487366, 0.36955979466438293, 0.367278516292572, 0.36522364616394043, 0.36320754885673523, 0.360991507768631, 0.3591868579387665, 0.35649195313453674, 0.3540392220020294, 0.3512817323207855, 0.3485453724861145, 0.34567946195602417, 0.3427884578704834, 0.3380189836025238, 0.3343585133552551, 0.33125972747802734, 0.3298276662826538, 0.32659611105918884, 0.3236042261123657, 0.3206307888031006, 0.3174563944339752, 0.3148989677429199, 0.3122377097606659, 0.3099898397922516, 0.30738839507102966, 0.30508318543434143, 0.30305445194244385, 0.3012216091156006, 0.29970288276672363, 0.29769524931907654, 0.29615268111228943, 0.29451096057891846, 0.292955219745636, 0.2918943166732788, 0.29013970494270325, 0.2866714894771576, 0.28554216027259827, 0.2848186790943146, 0.28401532769203186, 0.2831457555294037, 0.28226912021636963, 0.28123581409454346, 0.2801244556903839, 0.27954599261283875, 0.2793198227882385, 0.2782133221626282, 0.2771793603897095, 0.27632495760917664, 0.27548685669898987, 0.2751341760158539, 0.2740151882171631, 0.2733931243419647, 0.272706001996994, 0.27191731333732605, 0.27112534642219543, 0.2705864906311035, 0.2699076533317566, 0.26913613080978394, 0.26853257417678833, 0.268013060092926, 0.2673395574092865, 0.2672423720359802, 0.26611781120300293, 0.2657325267791748, 0.2655605375766754, 0.26466313004493713, 0.2639424502849579, 0.26341351866722107, 0.26291725039482117, 0.2625838816165924, 0.2622775733470917, 0.2611038386821747, 0.26026323437690735, 0.25945258140563965, 0.2588326930999756, 0.25880128145217896, 0.25827929377555847, 0.2587616443634033, 0.2574048638343811, 0.2572980523109436, 0.2565660774707794, 0.25648826360702515, 0.2552115321159363, 0.25475403666496277, 0.2544925808906555, 0.2536991536617279, 0.2531455159187317, 0.25277212262153625, 0.2527564764022827, 0.25190335512161255, 0.2518705427646637, 0.25159335136413574, 0.251367449760437, 0.25031453371047974, 0.2505834996700287, 0.25062716007232666, 0.2503597140312195, 0.24972225725650787, 0.24997423589229584, 0.2493544965982437, 0.24963386356830597, 0.24945904314517975, 0.24865880608558655, 0.24837303161621094, 0.24750211834907532, 0.24773786962032318, 0.2471521496772766, 0.24678035080432892, 0.24677380919456482, 0.24641096591949463, 0.24605222046375275, 0.24545717239379883, 0.24627386033535004, 0.24602824449539185, 0.2453686147928238, 0.24525129795074463, 0.24542896449565887, 0.24462373554706573, 0.2448377162218094, 0.24366158246994019, 0.24458134174346924, 0.24412012100219727, 0.24427732825279236, 0.24349552392959595, 0.24284003674983978, 0.2417200207710266, 0.242802694439888, 0.2422523945569992, 0.2430051863193512, 0.24242372810840607, 0.2416834682226181, 0.24171783030033112, 0.24135439097881317, 0.24171312153339386, 0.24188232421875, 0.2425890862941742, 0.24045030772686005, 0.24088729918003082, 0.2408381700515747, 0.23970255255699158, 0.23944900929927826, 0.23870855569839478, 0.23988327383995056, 0.23988191783428192, 0.2407219558954239, 0.23974250257015228, 0.23862800002098083, 0.23987339437007904, 0.23906487226486206, 0.23800845444202423, 0.23856967687606812, 0.2383221685886383, 0.23738661408424377, 0.23741188645362854, 0.23699161410331726, 0.2380271703004837, 0.2382795512676239, 0.23710685968399048, 0.23732198774814606, 0.23656445741653442, 0.23705600202083588, 0.23590955138206482, 0.23669521510601044, 0.23605632781982422, 0.23649917542934418, 0.23640018701553345, 0.23631662130355835, 0.23722609877586365, 0.23656688630580902, 0.23533962666988373, 0.2358541339635849, 0.23502200841903687, 0.23443037271499634, 0.23516836762428284, 0.23457024991512299, 0.23492331802845, 0.23571717739105225, 0.23475953936576843, 0.23443597555160522, 0.23552779853343964, 0.23477444052696228, 0.23395361006259918, 0.23359371721744537, 0.23322945833206177, 0.23306569457054138, 0.23347671329975128, 0.23283034563064575, 0.23293453454971313, 0.2340734452009201, 0.23250925540924072, 0.23242336511611938, 0.2324373871088028, 0.23237380385398865, 0.23352083563804626, 0.2319934070110321, 0.23195143043994904, 0.23391824960708618, 0.232345849275589, 0.23179638385772705, 0.231453537940979, 0.23247961699962616, 0.2321404069662094, 0.23207949101924896, 0.23229342699050903, 0.23198221623897552, 0.232774555683136, 0.2310059517621994, 0.22960279881954193, 0.2321886420249939, 0.2317548543214798, 0.23020096123218536, 0.23070545494556427, 0.23133572936058044, 0.23025088012218475, 0.23005884885787964, 0.23103897273540497, 0.23353618383407593, 0.23188909888267517, 0.23080191016197205, 0.2312173694372177, 0.22987012565135956, 0.22993811964988708, 0.22951798141002655, 0.22903668880462646, 0.2302384376525879, 0.23012524843215942, 0.23034128546714783, 0.2290915995836258, 0.22789771854877472, 0.22897833585739136, 0.22830845415592194, 0.22771912813186646, 0.22847987711429596, 0.2288394719362259, 0.23004812002182007, 0.22974136471748352, 0.22856652736663818, 0.2283746600151062, 0.22924917936325073, 0.2275141477584839, 0.22820869088172913, 0.2291926145553589, 0.22786031663417816, 0.22839023172855377, 0.22978761792182922, 0.22759048640727997, 0.22753290832042694, 0.22837375104427338, 0.22796039283275604, 0.2283700704574585, 0.2285647988319397, 0.22718660533428192, 0.22650539875030518, 0.22856222093105316, 0.22941280901432037, 0.22692278027534485, 0.22542758285999298, 0.2266354113817215, 0.2271096110343933, 0.2282157838344574, 0.22612981498241425, 0.22632749378681183, 0.2261633276939392, 0.22648867964744568, 0.22559677064418793, 0.22669333219528198, 0.22877606749534607, 0.22754928469657898, 0.22613339126110077, 0.22908562421798706, 0.2250661849975586, 0.2252989560365677, 0.22466576099395752, 0.22744840383529663, 0.22541679441928864, 0.22479014098644257, 0.22494781017303467, 0.22568506002426147, 0.2257654219865799, 0.22534064948558807, 0.22610174119472504, 0.22448009252548218, 0.2235453575849533, 0.22417490184307098, 0.22497305274009705, 0.22385114431381226, 0.22461585700511932, 0.2253962755203247, 0.22377833724021912, 0.22386573255062103, 0.22507978975772858, 0.22371423244476318, 0.2231495976448059, 0.223083034157753, 0.22338247299194336, 0.22441770136356354, 0.22252580523490906, 0.22557276487350464, 0.2240578830242157, 0.22165271639823914, 0.2253677397966385, 0.22217020392417908, 0.22155746817588806, 0.2219303697347641, 0.22261087596416473, 0.22460725903511047, 0.22285465896129608, 0.222941055893898, 0.22318239510059357, 0.22142814099788666, 0.22313815355300903, 0.2230796366930008, 0.22135011851787567, 0.22219057381153107, 0.22400732338428497, 0.222943514585495, 0.22237028181552887, 0.22177143394947052, 0.2215382158756256, 0.2242640107870102, 0.22129882872104645, 0.2211744636297226, 0.220815509557724, 0.22220160067081451, 0.22318051755428314, 0.2204410880804062, 0.2215280383825302, 0.22101682424545288, 0.22005654871463776, 0.2217523753643036, 0.220169335603714, 0.22304172813892365, 0.2207658737897873, 0.22036190330982208, 0.22179631888866425, 0.22133491933345795, 0.22312988340854645, 0.2210274636745453, 0.22122378647327423, 0.21970926225185394, 0.22099216282367706, 0.22076955437660217, 0.22171810269355774, 0.22075659036636353, 0.22075781226158142, 0.22014057636260986, 0.22265194356441498, 0.2183229774236679, 0.21918147802352905, 0.22068515419960022, 0.22340278327465057, 0.22180767357349396, 0.22005729377269745, 0.2197619378566742, 0.21863612532615662, 0.22028754651546478, 0.22150221467018127, 0.2221648395061493, 0.21929334104061127, 0.22058914601802826, 0.22070594131946564, 0.21940763294696808, 0.21879959106445312, 0.21882861852645874, 0.22223876416683197, 0.22192518413066864, 0.2198489010334015, 0.21898043155670166, 0.21931834518909454, 0.22017671167850494, 0.22023791074752808, 0.2198522984981537, 0.21919789910316467, 0.22361239790916443, 0.2210991531610489, 0.22043859958648682, 0.22033938765525818, 0.21686704456806183, 0.21884877979755402, 0.2197779417037964, 0.21693584322929382, 0.21858537197113037]",17.0,"[33.0, 33.0, 33.0, 33.0, 33.0, 33.0, 33.0, 33.0, 33.0, 33.0, 33.0, 33.0, 33.0, 33.0, 33.0, 33.0, 33.0, 33.0, 33.0, 33.0, 33.0, 33.0, 33.0, 33.0, 32.0, 32.0, 32.0, 32.0, 32.0, 32.0, 32.0, 29.0, 28.0, 28.0, 26.0, 26.0, 26.0, 25.0, 24.0, 24.0, 24.0, 24.0, 22.0, 21.0, 21.0, 21.0, 21.0, 21.0, 21.0, 21.0, 21.0, 21.0, 21.0, 20.0, 20.0, 20.0, 20.0, 20.0, 20.0, 20.0, 20.0, 20.0, 19.0, 19.0, 19.0, 19.0, 19.0, 19.0, 19.0, 19.0, 19.0, 19.0, 19.0, 19.0, 19.0, 19.0, 19.0, 19.0, 19.0, 19.0, 19.0, 19.0, 19.0, 19.0, 19.0, 19.0, 19.0, 19.0, 19.0, 18.0, 18.0, 18.0, 18.0, 18.0, 18.0, 18.0, 18.0, 18.0, 18.0, 18.0, 17.0, 17.0, 17.0, 17.0, 17.0, 17.0, 17.0, 17.0, 17.0, 17.0, 17.0, 17.0, 17.0, 17.0, 17.0, 17.0, 17.0, 17.0, 17.0, 17.0, 17.0, 17.0, 17.0, 17.0, 17.0, 17.0, 17.0, 17.0, 17.0, 17.0, 17.0, 17.0, 17.0, 17.0, 17.0, 17.0, 17.0, 17.0, 17.0, 17.0, 17.0, 17.0, 17.0, 17.0, 17.0, 17.0, 17.0, 17.0, 17.0, 17.0, 17.0, 17.0, 17.0, 17.0, 17.0, 17.0, 17.0, 17.0, 17.0, 17.0, 17.0, 17.0, 17.0, 17.0, 17.0, 17.0, 17.0, 17.0, 17.0, 17.0, 17.0, 17.0, 17.0, 17.0, 17.0, 17.0, 17.0, 17.0, 17.0, 17.0, 17.0, 17.0, 17.0, 17.0, 17.0, 17.0, 17.0, 17.0, 17.0, 17.0, 17.0, 17.0, 17.0, 17.0, 17.0, 17.0, 17.0, 17.0, 17.0, 17.0, 17.0, 17.0, 17.0, 17.0, 17.0, 17.0, 17.0, 17.0, 17.0, 17.0, 17.0, 17.0, 17.0, 17.0, 17.0, 17.0, 17.0, 17.0, 17.0, 17.0, 17.0, 17.0, 17.0, 17.0, 17.0, 17.0, 17.0, 17.0, 17.0, 17.0, 17.0, 17.0, 17.0, 17.0, 17.0, 17.0, 17.0, 17.0, 17.0, 17.0, 17.0, 17.0, 17.0, 17.0, 17.0, 17.0, 17.0, 17.0, 17.0, 17.0, 17.0, 17.0, 17.0, 17.0, 17.0, 17.0, 17.0, 17.0, 17.0, 17.0, 17.0, 17.0, 17.0, 17.0, 17.0, 17.0, 17.0, 17.0, 17.0, 17.0, 17.0, 17.0, 17.0, 17.0, 17.0, 17.0, 17.0, 17.0, 17.0, 17.0, 17.0, 17.0, 17.0, 17.0, 17.0, 17.0, 17.0, 17.0, 17.0, 17.0, 17.0, 17.0, 17.0, 17.0, 17.0, 17.0, 17.0, 17.0, 17.0, 17.0, 17.0, 17.0, 17.0, 17.0, 17.0, 17.0, 17.0, 17.0, 17.0, 17.0, 17.0, 17.0, 17.0, 17.0, 17.0, 17.0, 17.0, 17.0, 17.0, 17.0, 17.0, 17.0, 17.0, 17.0, 17.0, 17.0, 17.0, 17.0, 17.0, 17.0, 17.0, 17.0, 17.0, 17.0, 17.0, 17.0, 17.0, 17.0, 17.0, 17.0, 17.0, 17.0, 17.0, 17.0, 17.0, 17.0, 17.0, 17.0, 17.0, 17.0, 17.0, 17.0, 17.0, 17.0, 17.0, 17.0, 17.0, 17.0, 17.0, 17.0, 17.0, 17.0, 17.0, 17.0, 17.0, 17.0, 17.0, 17.0, 17.0, 17.0, 17.0, 17.0, 17.0, 17.0, 17.0, 17.0, 17.0, 17.0, 17.0, 17.0, 17.0, 17.0, 17.0, 17.0, 17.0, 17.0, 17.0, 17.0, 17.0, 17.0, 17.0, 17.0, 17.0, 17.0, 17.0, 17.0, 17.0, 17.0, 17.0, 17.0]",COMPLETE
