,number,value,datetime_start,datetime_complete,duration,params_batch_size_scaler,params_constant_learning_rate,params_depth,params_epochs,params_kernel_l2,params_num_trees,params_temperature,user_attrs_accuracy_test,user_attrs_accuracy_valid,user_attrs_approximate_feature_sparsity,user_attrs_approximate_feature_sparsity_history,user_attrs_approximate_weight_sparsity,user_attrs_approximate_weight_sparsity_history,user_attrs_auc_test,user_attrs_auc_valid,user_attrs_feature_sparsity,user_attrs_feature_sparsity_history,user_attrs_num_epochs,user_attrs_val_loss_history,user_attrs_weight_sparsity,user_attrs_weight_sparsity_history,state
67,67,0.5,2024-08-31 03:29:35.218459,2024-08-31 03:30:20.681239,0 days 00:00:45.462780,16,2.3634790798370116,3,355,0.0014805921206054885,82,0.006745027004104318,0.859,0.85875,0,"[33, 3, 2, 0, 0, 0, 0, 0, 0, 0, 0, 0, 0, 0, 0, 0, 0, 0, 0, 0, 0, 0, 0, 0, 0, 0, 0, 0, 0, 0, 0, 0, 0, 0, 0, 0, 0, 0, 0, 0, 0, 0, 0, 0, 0, 0, 0, 0, 0, 0, 0, 0, 0, 0, 0, 0, 0, 0, 0, 0, 0, 0, 0, 0, 0, 0, 0, 0, 0, 0, 0, 0, 0, 0, 0, 0, 0, 0, 0, 0, 0, 0, 0, 0, 0, 0, 0, 0, 0, 0, 0, 0, 0, 0, 0, 0, 0, 0, 0, 0, 0, 0, 0, 0, 0, 0, 0, 0, 0, 0, 0, 0, 0, 0, 0, 0, 0, 0, 0, 0, 0, 0, 0, 0, 0, 0, 0, 0, 0, 0, 0, 0, 0, 0, 0, 0, 0, 0, 0, 0, 0, 0, 0, 0, 0, 0, 0, 0, 0, 0, 0, 0, 0, 0, 0, 0, 0, 0, 0, 0, 0, 0, 0, 0, 0, 0, 0, 0, 0, 0, 0, 0, 0, 0, 0, 0, 0, 0, 0, 0, 0, 0, 0, 0, 0, 0, 0, 0, 0, 0, 0, 0, 0, 0, 0, 0, 0, 0, 0, 0, 0, 0, 0, 0, 0, 0, 0, 0, 0, 0, 0, 0, 0, 0, 0, 0, 0, 0, 0, 0, 0, 0, 0, 0, 0, 0, 0, 0, 0, 0, 0, 0, 0, 0, 0, 0, 0, 0, 0, 0, 0, 0, 0, 0, 0, 0, 0, 0, 0, 0, 0, 0, 0, 0, 0, 0, 0, 0, 0, 0, 0, 0, 0, 0, 0, 0, 0, 0, 0, 0, 0, 0, 0, 0, 0, 0, 0, 0, 0, 0, 0, 0, 0, 0, 0, 0, 0, 0, 0, 0, 0, 0, 0, 0, 0, 0, 0, 0, 0, 0, 0, 0, 0, 0, 0, 0, 0, 0, 0, 0, 0, 0, 0, 0, 0, 0, 0, 0, 0, 0, 0, 0, 0, 0, 0, 0, 0, 0, 0, 0, 0, 0, 0, 0, 0, 0, 0, 0, 0, 0, 0, 0, 0, 0, 0, 0, 0, 0, 0, 0, 0, 0, 0, 0, 0]",0.0,"[32.96341463414634, 2.9982578397212545, 2.0, 0.0, 0.0, 0.0, 0.0, 0.0, 0.0, 0.0, 0.0, 0.0, 0.0, 0.0, 0.0, 0.0, 0.0, 0.0, 0.0, 0.0, 0.0, 0.0, 0.0, 0.0, 0.0, 0.0, 0.0, 0.0, 0.0, 0.0, 0.0, 0.0, 0.0, 0.0, 0.0, 0.0, 0.0, 0.0, 0.0, 0.0, 0.0, 0.0, 0.0, 0.0, 0.0, 0.0, 0.0, 0.0, 0.0, 0.0, 0.0, 0.0, 0.0, 0.0, 0.0, 0.0, 0.0, 0.0, 0.0, 0.0, 0.0, 0.0, 0.0, 0.0, 0.0, 0.0, 0.0, 0.0, 0.0, 0.0, 0.0, 0.0, 0.0, 0.0, 0.0, 0.0, 0.0, 0.0, 0.0, 0.0, 0.0, 0.0, 0.0, 0.0, 0.0, 0.0, 0.0, 0.0, 0.0, 0.0, 0.0, 0.0, 0.0, 0.0, 0.0, 0.0, 0.0, 0.0, 0.0, 0.0, 0.0, 0.0, 0.0, 0.0, 0.0, 0.0, 0.0, 0.0, 0.0, 0.0, 0.0, 0.0, 0.0, 0.0, 0.0, 0.0, 0.0, 0.0, 0.0, 0.0, 0.0, 0.0, 0.0, 0.0, 0.0, 0.0, 0.0, 0.0, 0.0, 0.0, 0.0, 0.0, 0.0, 0.0, 0.0, 0.0, 0.0, 0.0, 0.0, 0.0, 0.0, 0.0, 0.0, 0.0, 0.0, 0.0, 0.0, 0.0, 0.0, 0.0, 0.0, 0.0, 0.0, 0.0, 0.0, 0.0, 0.0, 0.0, 0.0, 0.0, 0.0, 0.0, 0.0, 0.0, 0.0, 0.0, 0.0, 0.0, 0.0, 0.0, 0.0, 0.0, 0.0, 0.0, 0.0, 0.0, 0.0, 0.0, 0.0, 0.0, 0.0, 0.0, 0.0, 0.0, 0.0, 0.0, 0.0, 0.0, 0.0, 0.0, 0.0, 0.0, 0.0, 0.0, 0.0, 0.0, 0.0, 0.0, 0.0, 0.0, 0.0, 0.0, 0.0, 0.0, 0.0, 0.0, 0.0, 0.0, 0.0, 0.0, 0.0, 0.0, 0.0, 0.0, 0.0, 0.0, 0.0, 0.0, 0.0, 0.0, 0.0, 0.0, 0.0, 0.0, 0.0, 0.0, 0.0, 0.0, 0.0, 0.0, 0.0, 0.0, 0.0, 0.0, 0.0, 0.0, 0.0, 0.0, 0.0, 0.0, 0.0, 0.0, 0.0, 0.0, 0.0, 0.0, 0.0, 0.0, 0.0, 0.0, 0.0, 0.0, 0.0, 0.0, 0.0, 0.0, 0.0, 0.0, 0.0, 0.0, 0.0, 0.0, 0.0, 0.0, 0.0, 0.0, 0.0, 0.0, 0.0, 0.0, 0.0, 0.0, 0.0, 0.0, 0.0, 0.0, 0.0, 0.0, 0.0, 0.0, 0.0, 0.0, 0.0, 0.0, 0.0, 0.0, 0.0, 0.0, 0.0, 0.0, 0.0, 0.0, 0.0, 0.0, 0.0, 0.0, 0.0, 0.0, 0.0, 0.0, 0.0, 0.0, 0.0, 0.0, 0.0, 0.0, 0.0, 0.0, 0.0, 0.0, 0.0, 0.0, 0.0, 0.0, 0.0, 0.0, 0.0, 0.0, 0.0, 0.0, 0.0, 0.0, 0.0, 0.0, 0.0, 0.0, 0.0, 0.0, 0.0, 0.0, 0.0, 0.0, 0.0, 0.0, 0.0, 0.0, 0.0, 0.0, 0.0, 0.0, 0.0, 0.0, 0.0, 0.0, 0.0, 0.0, 0.0, 0.0, 0.0, 0.0, 0.0, 0.0, 0.0, 0.0, 0.0]",0.5,0.5,0,"[33, 3, 2, 0, 0, 0, 0, 0, 0, 0, 0, 0, 0, 0, 0, 0, 0, 0, 0, 0, 0, 0, 0, 0, 0, 0, 0, 0, 0, 0, 0, 0, 0, 0, 0, 0, 0, 0, 0, 0, 0, 0, 0, 0, 0, 0, 0, 0, 0, 0, 0, 0, 0, 0, 0, 0, 0, 0, 0, 0, 0, 0, 0, 0, 0, 0, 0, 0, 0, 0, 0, 0, 0, 0, 0, 0, 0, 0, 0, 0, 0, 0, 0, 0, 0, 0, 0, 0, 0, 0, 0, 0, 0, 0, 0, 0, 0, 0, 0, 0, 0, 0, 0, 0, 0, 0, 0, 0, 0, 0, 0, 0, 0, 0, 0, 0, 0, 0, 0, 0, 0, 0, 0, 0, 0, 0, 0, 0, 0, 0, 0, 0, 0, 0, 0, 0, 0, 0, 0, 0, 0, 0, 0, 0, 0, 0, 0, 0, 0, 0, 0, 0, 0, 0, 0, 0, 0, 0, 0, 0, 0, 0, 0, 0, 0, 0, 0, 0, 0, 0, 0, 0, 0, 0, 0, 0, 0, 0, 0, 0, 0, 0, 0, 0, 0, 0, 0, 0, 0, 0, 0, 0, 0, 0, 0, 0, 0, 0, 0, 0, 0, 0, 0, 0, 0, 0, 0, 0, 0, 0, 0, 0, 0, 0, 0, 0, 0, 0, 0, 0, 0, 0, 0, 0, 0, 0, 0, 0, 0, 0, 0, 0, 0, 0, 0, 0, 0, 0, 0, 0, 0, 0, 0, 0, 0, 0, 0, 0, 0, 0, 0, 0, 0, 0, 0, 0, 0, 0, 0, 0, 0, 0, 0, 0, 0, 0, 0, 0, 0, 0, 0, 0, 0, 0, 0, 0, 0, 0, 0, 0, 0, 0, 0, 0, 0, 0, 0, 0, 0, 0, 0, 0, 0, 0, 0, 0, 0, 0, 0, 0, 0, 0, 0, 0, 0, 0, 0, 0, 0, 0, 0, 0, 0, 0, 0, 0, 0, 0, 0, 0, 0, 0, 0, 0, 0, 0, 0, 0, 0, 0, 0, 0, 0, 0, 0, 0, 0, 0, 0, 0, 0, 0, 0, 0, 0, 0, 0, 0, 0, 0, 0, 0, 0, 0, 0]",355,"[0.6196310520172119, 4.584000110626221, 3.6534032821655273, 2.6513562202453613, 2.167022466659546, 3.7537343502044678, 0.9233273863792419, 0.44101178646087646, 3.889690637588501, 2.2495851516723633, 3.410693645477295, 1.466444492340088, 1.772728443145752, 1.6826636791229248, 0.5426552295684814, 0.5125472545623779, 1.4837472438812256, 0.8499181270599365, 0.4181479513645172, 3.871591091156006, 0.9409626126289368, 0.5286896228790283, 1.9605247974395752, 4.981253147125244, 0.7061265707015991, 5.244304180145264, 1.9499351978302002, 3.6468706130981445, 1.8877644538879395, 0.6926220655441284, 2.139787197113037, 1.980644941329956, 4.75479793548584, 4.2852582931518555, 0.4818553030490875, 2.3255600929260254, 2.040780544281006, 0.4104948937892914, 2.0943551063537598, 4.025496959686279, 3.8661160469055176, 1.1831812858581543, 2.072779417037964, 1.2808789014816284, 2.74354887008667, 1.6559213399887085, 0.909857988357544, 2.4177405834198, 3.3259847164154053, 1.7998372316360474, 0.8489875793457031, 3.903684139251709, 1.2986512184143066, 0.995451033115387, 0.4604244530200958, 0.427729070186615, 1.1654574871063232, 0.7122061252593994, 1.3913629055023193, 2.280583143234253, 1.8309152126312256, 0.41275280714035034, 0.9567846059799194, 0.4737154245376587, 4.605878829956055, 1.6753144264221191, 0.95087069272995, 3.315521001815796, 2.951587200164795, 2.4374115467071533, 2.2808399200439453, 0.46659278869628906, 2.6089837551116943, 4.90015172958374, 3.0634145736694336, 1.5270456075668335, 4.561850070953369, 1.4972420930862427, 5.235602378845215, 1.9981657266616821, 4.103198051452637, 1.799008846282959, 0.43696296215057373, 3.5769803524017334, 0.40984562039375305, 1.089013695716858, 2.247363328933716, 2.092801570892334, 4.087246894836426, 0.4778614938259125, 3.1650502681732178, 2.9544448852539062, 2.902076482772827, 0.7329210042953491, 3.107678174972534, 1.9840195178985596, 1.699491262435913, 2.259239435195923, 2.6901605129241943, 1.1755017042160034, 1.3797061443328857, 0.4259268641471863, 0.5667365789413452, 1.2685295343399048, 0.924338698387146, 0.4602331519126892, 1.4089550971984863, 3.4736294746398926, 2.4893624782562256, 1.145754337310791, 1.4478877782821655, 1.0456913709640503, 1.4347728490829468, 2.5060906410217285, 1.457952618598938, 0.4493958652019501, 0.9209238290786743, 1.5569807291030884, 0.4688575863838196, 3.993175745010376, 1.769323468208313, 1.4972037076950073, 0.7404415607452393, 2.177149534225464, 0.6780314445495605, 1.7572851181030273, 2.2010746002197266, 2.161064863204956, 0.5740489363670349, 0.8162201642990112, 0.8471359014511108, 0.7480049729347229, 1.285249948501587, 1.7458794116973877, 0.6802307963371277, 3.8415026664733887, 2.477450370788574, 4.407064437866211, 2.248394250869751, 2.083584785461426, 3.6062326431274414, 4.0156378746032715, 1.3821077346801758, 0.4581585228443146, 1.9042733907699585, 2.4869277477264404, 0.4293741285800934, 1.0463405847549438, 4.160104274749756, 3.761155366897583, 3.4293835163116455, 4.325774669647217, 1.4270145893096924, 1.2870641946792603, 0.8246362805366516, 0.8300074934959412, 1.7303249835968018, 0.4101928770542145, 1.0266485214233398, 0.837666928768158, 0.7339497208595276, 0.9570618271827698, 5.12199592590332, 1.5208969116210938, 0.8981534838676453, 1.1522438526153564, 2.203991174697876, 0.6640025973320007, 0.8864982724189758, 1.4337043762207031, 0.8744933605194092, 2.830826997756958, 2.4322314262390137, 0.5336616635322571, 2.84464955329895, 1.2365291118621826, 1.2049095630645752, 2.999873161315918, 0.40957605838775635, 5.193301200866699, 1.4942213296890259, 1.4404323101043701, 1.776761770248413, 3.8550524711608887, 0.4448908865451813, 0.45124363899230957, 3.1112780570983887, 2.9646804332733154, 1.9101403951644897, 0.7457525730133057, 0.4124188721179962, 0.8567661046981812, 2.9953064918518066, 1.4715429544448853, 3.424978256225586, 2.568758487701416, 3.1110403537750244, 3.8503577709198, 0.45018136501312256, 1.6844984292984009, 1.336206316947937, 0.9729710221290588, 1.2915525436401367, 3.184025287628174, 1.0789766311645508, 1.3498246669769287, 0.5848219990730286, 1.4133448600769043, 0.7686107158660889, 4.650478839874268, 3.720245122909546, 2.636225700378418, 2.376236915588379, 0.8723161220550537, 3.5360593795776367, 2.933086633682251, 1.1309866905212402, 2.6942288875579834, 2.0149221420288086, 4.070778846740723, 1.5423370599746704, 2.370009183883667, 4.504984378814697, 5.2015252113342285, 3.803499698638916, 1.5503751039505005, 3.9745302200317383, 1.540993094444275, 1.9837591648101807, 4.9071197509765625, 3.362478017807007, 1.092113971710205, 2.6959142684936523, 1.8556452989578247, 1.224486231803894, 2.016571283340454, 3.28617000579834, 2.0695486068725586, 1.3158645629882812, 1.8527511358261108, 2.9415740966796875, 0.528987467288971, 1.9788397550582886, 4.264590263366699, 5.0079874992370605, 1.3990131616592407, 0.4236334264278412, 0.4177742004394531, 2.3651041984558105, 0.7017138600349426, 2.0902624130249023, 3.7647271156311035, 2.3402938842773438, 1.003482699394226, 0.6042047739028931, 2.778062343597412, 1.247657060623169, 1.7375105619430542, 2.580566167831421, 3.487067222595215, 0.7089353799819946, 1.5488094091415405, 3.7837350368499756, 4.182983875274658, 2.9876809120178223, 3.5381412506103516, 3.203052282333374, 2.3789849281311035, 0.413664311170578, 0.4341076910495758, 1.0866203308105469, 3.1877918243408203, 2.9702391624450684, 1.7674927711486816, 2.282505512237549, 0.5527204871177673, 4.817708969116211, 0.9863869547843933, 1.538404107093811, 2.303532361984253, 2.3537557125091553, 2.429370164871216, 0.740143358707428, 1.1760116815567017, 1.135662317276001, 2.22243332862854, 3.3794167041778564, 2.2122347354888916, 0.9201000928878784, 2.256361484527588, 0.4143047034740448, 1.4238953590393066, 2.022507905960083, 3.490316390991211, 0.5007456541061401, 2.425234317779541, 1.892329454421997, 1.4073033332824707, 3.741920232772827, 1.8815362453460693, 2.2762246131896973, 2.070495367050171, 3.24582576751709, 0.8203830122947693, 2.142880916595459, 1.0372211933135986, 0.6581445336341858, 1.7248203754425049, 0.6236494779586792, 2.291553258895874, 0.44794297218322754, 0.8270237445831299, 0.4291466474533081, 3.001095771789551, 0.4908466041088104, 1.1380071640014648, 1.6954853534698486, 0.407766193151474, 1.9465117454528809, 3.3045473098754883, 2.2596912384033203, 1.7498587369918823, 1.1773712635040283, 3.0569100379943848, 1.3779774904251099, 2.4920706748962402, 3.0320017337799072, 2.4304773807525635, 3.3605740070343018, 2.7430248260498047, 2.2522552013397217, 1.383000135421753, 0.6390795707702637, 1.713329792022705, 2.2451021671295166, 4.5848493576049805, 4.418308258056641, 2.9771926403045654, 1.4966320991516113, 1.9738606214523315, 1.4547905921936035, 0.7974104285240173, 0.4135240614414215, 0.5332714319229126, 0.48579567670822144, 1.25663423538208, 0.9767794609069824, 3.9053680896759033, 2.9754271507263184, 5.001099109649658, 0.9568992853164673, 2.5573198795318604, 1.1968659162521362, 0.4072945713996887, 0.4613235592842102]",0.0,"[33.0, 3.0, 2.0, 0.0, 0.0, 0.0, 0.0, 0.0, 0.0, 0.0, 0.0, 0.0, 0.0, 0.0, 0.0, 0.0, 0.0, 0.0, 0.0, 0.0, 0.0, 0.0, 0.0, 0.0, 0.0, 0.0, 0.0, 0.0, 0.0, 0.0, 0.0, 0.0, 0.0, 0.0, 0.0, 0.0, 0.0, 0.0, 0.0, 0.0, 0.0, 0.0, 0.0, 0.0, 0.0, 0.0, 0.0, 0.0, 0.0, 0.0, 0.0, 0.0, 0.0, 0.0, 0.0, 0.0, 0.0, 0.0, 0.0, 0.0, 0.0, 0.0, 0.0, 0.0, 0.0, 0.0, 0.0, 0.0, 0.0, 0.0, 0.0, 0.0, 0.0, 0.0, 0.0, 0.0, 0.0, 0.0, 0.0, 0.0, 0.0, 0.0, 0.0, 0.0, 0.0, 0.0, 0.0, 0.0, 0.0, 0.0, 0.0, 0.0, 0.0, 0.0, 0.0, 0.0, 0.0, 0.0, 0.0, 0.0, 0.0, 0.0, 0.0, 0.0, 0.0, 0.0, 0.0, 0.0, 0.0, 0.0, 0.0, 0.0, 0.0, 0.0, 0.0, 0.0, 0.0, 0.0, 0.0, 0.0, 0.0, 0.0, 0.0, 0.0, 0.0, 0.0, 0.0, 0.0, 0.0, 0.0, 0.0, 0.0, 0.0, 0.0, 0.0, 0.0, 0.0, 0.0, 0.0, 0.0, 0.0, 0.0, 0.0, 0.0, 0.0, 0.0, 0.0, 0.0, 0.0, 0.0, 0.0, 0.0, 0.0, 0.0, 0.0, 0.0, 0.0, 0.0, 0.0, 0.0, 0.0, 0.0, 0.0, 0.0, 0.0, 0.0, 0.0, 0.0, 0.0, 0.0, 0.0, 0.0, 0.0, 0.0, 0.0, 0.0, 0.0, 0.0, 0.0, 0.0, 0.0, 0.0, 0.0, 0.0, 0.0, 0.0, 0.0, 0.0, 0.0, 0.0, 0.0, 0.0, 0.0, 0.0, 0.0, 0.0, 0.0, 0.0, 0.0, 0.0, 0.0, 0.0, 0.0, 0.0, 0.0, 0.0, 0.0, 0.0, 0.0, 0.0, 0.0, 0.0, 0.0, 0.0, 0.0, 0.0, 0.0, 0.0, 0.0, 0.0, 0.0, 0.0, 0.0, 0.0, 0.0, 0.0, 0.0, 0.0, 0.0, 0.0, 0.0, 0.0, 0.0, 0.0, 0.0, 0.0, 0.0, 0.0, 0.0, 0.0, 0.0, 0.0, 0.0, 0.0, 0.0, 0.0, 0.0, 0.0, 0.0, 0.0, 0.0, 0.0, 0.0, 0.0, 0.0, 0.0, 0.0, 0.0, 0.0, 0.0, 0.0, 0.0, 0.0, 0.0, 0.0, 0.0, 0.0, 0.0, 0.0, 0.0, 0.0, 0.0, 0.0, 0.0, 0.0, 0.0, 0.0, 0.0, 0.0, 0.0, 0.0, 0.0, 0.0, 0.0, 0.0, 0.0, 0.0, 0.0, 0.0, 0.0, 0.0, 0.0, 0.0, 0.0, 0.0, 0.0, 0.0, 0.0, 0.0, 0.0, 0.0, 0.0, 0.0, 0.0, 0.0, 0.0, 0.0, 0.0, 0.0, 0.0, 0.0, 0.0, 0.0, 0.0, 0.0, 0.0, 0.0, 0.0, 0.0, 0.0, 0.0, 0.0, 0.0, 0.0, 0.0, 0.0, 0.0, 0.0, 0.0, 0.0, 0.0, 0.0, 0.0, 0.0, 0.0, 0.0, 0.0, 0.0, 0.0, 0.0, 0.0, 0.0, 0.0, 0.0, 0.0, 0.0, 0.0, 0.0, 0.0, 0.0, 0.0, 0.0, 0.0, 0.0, 0.0]",COMPLETE
