,number,value,datetime_start,datetime_complete,duration,params_batch_size_scaler,params_constant_learning_rate,params_depth,params_epochs,params_kernel_l2,params_num_trees,params_temperature,user_attrs_accuracy_test,user_attrs_accuracy_valid,user_attrs_approximate_feature_sparsity,user_attrs_approximate_feature_sparsity_history,user_attrs_approximate_weight_sparsity,user_attrs_approximate_weight_sparsity_history,user_attrs_auc_test,user_attrs_auc_valid,user_attrs_feature_sparsity,user_attrs_feature_sparsity_history,user_attrs_num_epochs,user_attrs_val_loss_history,user_attrs_weight_sparsity,user_attrs_weight_sparsity_history,state
54,54,0.702245237083124,2024-08-31 02:50:23.386786,2024-08-31 02:56:45.833257,0 days 00:06:22.446471,64,0.060591374241158874,6,400,0.0018785613997444057,79,0.013757947219063722,0.864,0.86375,33,"[33, 33, 33, 33, 33, 33, 33, 33, 33, 33, 33, 33, 33, 33, 33, 33, 33, 33, 33, 33, 33, 33, 33, 33, 33, 33, 33, 33, 33, 33, 33, 33, 33, 33, 33, 33, 33, 33, 33, 33, 33, 33, 33, 33, 33, 33, 33, 33, 33, 33, 33, 33, 33, 33, 33, 33, 33, 33, 33, 33, 33, 33, 33, 33, 33, 33, 33, 33, 33, 33, 33, 33, 33, 33, 33, 33, 33, 33, 33, 33, 33, 33, 33, 33, 33, 33, 33, 33, 33, 33, 33, 33, 33, 33, 33, 33, 33, 33, 33, 33, 33, 33, 33, 33, 33, 33, 33, 33, 33, 33, 33, 33, 33, 33, 33, 33, 33, 33, 33, 33, 33, 33, 33, 33, 33, 33, 33, 33, 33, 33, 33, 33, 33, 33, 33, 33, 33, 33, 33, 33, 33, 33, 33, 33, 33, 33, 33, 33, 33, 33, 33, 33, 33, 33, 33, 33, 33, 33, 33, 33, 33, 33, 33, 33, 33, 33, 33, 33, 33, 33, 33, 33, 33, 33, 33, 33, 33, 33, 33, 33, 33, 33, 33, 33, 33, 33, 33, 33, 33, 33, 33, 33, 33, 33, 33, 33, 33, 33, 33, 33, 33, 33, 33, 33, 33, 33, 33, 33, 33, 33, 33, 33, 33, 33, 33, 33, 33, 33, 33, 33, 33, 33, 33, 33, 33, 33, 33, 33, 33, 33, 33, 33, 33, 33, 33, 33, 33, 33, 33, 33, 33, 33, 33, 33, 33, 33, 33, 33, 33, 33, 33, 33, 33, 33, 33, 33, 33, 33, 33, 33, 33, 33, 33, 33, 33, 33, 33, 33, 33, 33, 33, 33, 33, 33, 33, 33, 33, 33, 33, 33, 33, 33, 33, 33, 33, 33, 33, 33, 33, 33, 33, 33, 33, 33, 33, 33, 33, 33, 33, 33, 33, 33, 33, 33, 33, 33, 33, 33, 33, 33, 33, 33, 33, 33, 33, 33, 33, 33, 33, 33, 33, 33, 33, 33, 33, 33, 33, 33, 33, 33, 33, 33, 33, 33, 33, 33, 33, 33, 33, 33, 33, 33, 33, 33, 33, 33, 33, 33, 33, 33, 33, 33, 33, 33, 33, 33, 33, 33, 33, 33, 33, 33, 33, 33, 33, 33, 33, 33, 33, 33, 33, 33, 33, 33, 33, 33, 33, 33, 33, 33, 33, 33, 33, 33, 33, 33, 33, 33, 33, 33, 33, 33, 33, 33, 33, 33, 33, 33, 33, 33]",32.90275266224633,"[32.904761904761905, 32.908177617038376, 32.9089813140446, 32.909785011050836, 32.906771147277475, 32.90697207152903, 32.906570223025916, 32.90878038979305, 32.90757484428371, 32.90737392003215, 32.906570223025916, 32.90737392003214, 32.906771147277475, 32.90717299578059, 32.90737392003215, 32.908177617038376, 32.90657022302592, 32.90496282901346, 32.90074341973076, 32.899738798472974, 32.899136025718306, 32.89873417721519, 32.899136025718306, 32.90014064697609, 32.901145268233876, 32.901346192485434, 32.90536467751658, 32.90375728350412, 32.90235081374322, 32.90154711673699, 32.903154510749445, 32.903154510749445, 32.903154510749445, 32.90516375326502, 32.90415913200723, 32.903355435001004, 32.90034157122765, 32.90235081374322, 32.90456098051035, 32.90355635925256, 32.903154510749445, 32.90235081374322, 32.90576652601969, 32.904761904761905, 32.90677114727748, 32.90616837452281, 32.90536467751658, 32.90536467751658, 32.90616837452281, 32.90536467751658, 32.90576652601969, 32.90496282901346, 32.90596745027125, 32.90596745027125, 32.9075748442837, 32.90737392003215, 32.90797669278682, 32.90797669278682, 32.90596745027125, 32.90496282901346, 32.90697207152903, 32.90857946554149, 32.91099055656018, 32.911995177817964, 32.91119148081174, 32.91119148081174, 32.90998593530239, 32.91139240506329, 32.91099055656018, 32.90918223829616, 32.9061683745228, 32.90556560176813, 32.90576652601969, 32.90576652601969, 32.908579465541486, 32.908780389793044, 32.90797669278682, 32.90717299578059, 32.906771147277475, 32.908378541289935, 32.90938316254772, 32.90978501105083, 32.91119148081173, 32.91139240506329, 32.909785011050836, 32.91078963230862, 32.910387783805504, 32.91219610206952, 32.91119148081174, 32.910387783805504, 32.90918223829616, 32.90918223829616, 32.91078963230862, 32.9089813140446, 32.911794253566406, 32.90878038979305, 32.90797669278682, 32.908177617038376, 32.90857946554149, 32.90797669278682, 32.908177617038376, 32.90918223829616, 32.90777576853526, 32.904761904761905, 32.90415913200723, 32.90355635925256, 32.90456098051035, 32.90255173799478, 32.903355435001004, 32.90536467751657, 32.90436005625879, 32.90496282901346, 32.906771147277475, 32.90717299578059, 32.90777576853527, 32.90857946554149, 32.91099055656017, 32.91139240506329, 32.9089813140446, 32.90697207152903, 32.90717299578059, 32.90616837452281, 32.90697207152903, 32.90596745027125, 32.90536467751657, 32.90556560176813, 32.90697207152903, 32.90496282901346, 32.904761904761905, 32.90576652601969, 32.90576652601969, 32.90697207152903, 32.90737392003215, 32.908177617038376, 32.90697207152904, 32.908378541289935, 32.910186859553946, 32.90777576853526, 32.909785011050836, 32.90857946554149, 32.90857946554149, 32.90878038979305, 32.910186859553946, 32.90717299578059, 32.90697207152903, 32.906771147277475, 32.908378541289935, 32.90777576853526, 32.9089813140446, 32.9075748442837, 32.9089813140446, 32.90857946554149, 32.90797669278682, 32.90737392003215, 32.907976692786825, 32.90737392003215, 32.908177617038376, 32.908177617038376, 32.90757484428371, 32.90777576853526, 32.90737392003215, 32.908579465541486, 32.906369298774365, 32.90335543500101, 32.90214988949166, 32.90094434398232, 32.8991360257183, 32.899537874221416, 32.899136025718306, 32.89853325296363, 32.89732770745429, 32.897528631705846, 32.89732770745429, 32.899336949969864, 32.9005424954792, 32.90014064697609, 32.901145268233876, 32.901145268233876, 32.90034157122764, 32.9019489652401, 32.90375728350412, 32.90456098051035, 32.903355435001004, 32.90576652601969, 32.90737392003214, 32.90596745027125, 32.906369298774365, 32.90516375326502, 32.90496282901346, 32.90375728350412, 32.90355635925256, 32.903355435001004, 32.90235081374322, 32.90375728350412, 32.901748040988544, 32.901547116736985, 32.903355435001004, 32.90436005625879, 32.90436005625879, 32.90375728350412, 32.90275266224633, 32.90214988949166, 32.90375728350412, 32.90275266224633, 32.903154510749445, 32.90436005625879, 32.90556560176813, 32.90657022302592, 32.90737392003215, 32.906570223025916, 32.906771147277475, 32.90717299578059, 32.90717299578059, 32.90576652601969, 32.904761904761905, 32.903154510749445, 32.90255173799478, 32.90194896524011, 32.90014064697609, 32.89933694996986, 32.901748040988544, 32.90395820775568, 32.90335543500101, 32.90295358649789, 32.90255173799478, 32.90154711673699, 32.90154711673699, 32.901346192485434, 32.90174804098855, 32.90214988949166, 32.90255173799478, 32.90315451074945, 32.90315451074945, 32.90255173799478, 32.90214988949166, 32.901145268233876, 32.901346192485434, 32.90054249547921, 32.899738798472974, 32.89893510146675, 32.899336949969864, 32.89993972272453, 32.90054249547921, 32.90094434398232, 32.90214988949166, 32.902752662246336, 32.90255173799478, 32.901145268233876, 32.901145268233876, 32.90214988949166, 32.90235081374322, 32.901346192485434, 32.899738798472974, 32.9019489652401, 32.90214988949166, 32.903355435001004, 32.90295358649789, 32.90235081374322, 32.903355435001004, 32.90214988949166, 32.901547116736985, 32.90174804098855, 32.903154510749445, 32.90094434398232, 32.90034157122765, 32.90074341973076, 32.899738798472974, 32.90094434398232, 32.90054249547921, 32.89993972272453, 32.89853325296364, 32.89893510146675, 32.899336949969864, 32.90054249547921, 32.90034157122765, 32.89993972272453, 32.89732770745429, 32.89652401044806, 32.899136025718306, 32.899738798472974, 32.901145268233876, 32.90034157122765, 32.89893510146675, 32.89672493469962, 32.895720313441835, 32.89431384368093, 32.89471569218405, 32.8963230861965, 32.89672493469962, 32.89833232871208, 32.89692585895117, 32.89953787422142, 32.900743419730766, 32.90194896524011, 32.902953586497894, 32.90194896524011, 32.90275266224633, 32.90214988949166, 32.90214988949166, 32.901748040988544, 32.90295358649789, 32.904761904761905, 32.904761904761905, 32.90596745027125, 32.905967450271255, 32.90556560176813, 32.90757484428371, 32.90878038979305, 32.90898131404461, 32.908378541289935, 32.90938316254772, 32.908780389793044, 32.908177617038376, 32.906771147277475, 32.906369298774365, 32.90636929877436, 32.90616837452281, 32.90415913200723, 32.90255173799478, 32.90214988949166, 32.903355435001004, 32.902752662246336, 32.90415913200724, 32.904560980510354, 32.90616837452281, 32.906570223025916, 32.90737392003215, 32.908780389793044, 32.90697207152903, 32.906369298774365, 32.90657022302592, 32.904761904761905, 32.906771147277475, 32.90596745027125, 32.90697207152903, 32.90697207152903, 32.90657022302592, 32.90737392003215, 32.90556560176814, 32.90596745027125, 32.90576652601969, 32.90737392003215, 32.90596745027125, 32.90636929877436, 32.90496282901346, 32.90576652601969, 32.90536467751657, 32.90355635925256, 32.90395820775568, 32.90536467751657, 32.905163753265015, 32.90496282901346, 32.9061683745228, 32.90576652601969, 32.90737392003215, 32.90797669278682, 32.90717299578059, 32.906570223025916, 32.906369298774365, 32.90596745027125, 32.90596745027125, 32.90636929877436, 32.90556560176813, 32.90436005625879, 32.90436005625879, 32.904761904761905, 32.90395820775567, 32.90395820775568, 32.90436005625879, 32.90395820775568, 32.90255173799478, 32.903355435001004, 32.90255173799478, 32.90214988949166, 32.90214988949166, 32.90235081374322, 32.90255173799478, 32.90375728350412, 32.90456098051035, 32.904761904761905, 32.90576652601969, 32.90657022302592, 32.90576652601969, 32.90616837452281, 32.906369298774365, 32.90596745027125, 32.90697207152903, 32.90556560176813, 32.90596745027125, 32.90596745027125, 32.90596745027125, 32.90737392003214, 32.908177617038376, 32.90737392003215, 32.90677114727748, 32.906369298774365, 32.90516375326502, 32.904761904761905, 32.90395820775568, 32.90275266224633]",0.7384638248334282,0.702245237083124,33,"[33, 33, 33, 33, 33, 33, 33, 33, 33, 33, 33, 33, 33, 33, 33, 33, 33, 33, 33, 33, 33, 33, 33, 33, 33, 33, 33, 33, 33, 33, 33, 33, 33, 33, 33, 33, 33, 33, 33, 33, 33, 33, 33, 33, 33, 33, 33, 33, 33, 33, 33, 33, 33, 33, 33, 33, 33, 33, 33, 33, 33, 33, 33, 33, 33, 33, 33, 33, 33, 33, 33, 33, 33, 33, 33, 33, 33, 33, 33, 33, 33, 33, 33, 33, 33, 33, 33, 33, 33, 33, 33, 33, 33, 33, 33, 33, 33, 33, 33, 33, 33, 33, 33, 33, 33, 33, 33, 33, 33, 33, 33, 33, 33, 33, 33, 33, 33, 33, 33, 33, 33, 33, 33, 33, 33, 33, 33, 33, 33, 33, 33, 33, 33, 33, 33, 33, 33, 33, 33, 33, 33, 33, 33, 33, 33, 33, 33, 33, 33, 33, 33, 33, 33, 33, 33, 33, 33, 33, 33, 33, 33, 33, 33, 33, 33, 33, 33, 33, 33, 33, 33, 33, 33, 33, 33, 33, 33, 33, 33, 33, 33, 33, 33, 33, 33, 33, 33, 33, 33, 33, 33, 33, 33, 33, 33, 33, 33, 33, 33, 33, 33, 33, 33, 33, 33, 33, 33, 33, 33, 33, 33, 33, 33, 33, 33, 33, 33, 33, 33, 33, 33, 33, 33, 33, 33, 33, 33, 33, 33, 33, 33, 33, 33, 33, 33, 33, 33, 33, 33, 33, 33, 33, 33, 33, 33, 33, 33, 33, 33, 33, 33, 33, 33, 33, 33, 33, 33, 33, 33, 33, 33, 33, 33, 33, 33, 33, 33, 33, 33, 33, 33, 33, 33, 33, 33, 33, 33, 33, 33, 33, 33, 33, 33, 33, 33, 33, 33, 33, 33, 33, 33, 33, 33, 33, 33, 33, 33, 33, 33, 33, 33, 33, 33, 33, 33, 33, 33, 33, 33, 33, 33, 33, 33, 33, 33, 33, 33, 33, 33, 33, 33, 33, 33, 33, 33, 33, 33, 33, 33, 33, 33, 33, 33, 33, 33, 33, 33, 33, 33, 33, 33, 33, 33, 33, 33, 33, 33, 33, 33, 33, 33, 33, 33, 33, 33, 33, 33, 33, 33, 33, 33, 33, 33, 33, 33, 33, 33, 33, 33, 33, 33, 33, 33, 33, 33, 33, 33, 33, 33, 33, 33, 33, 33, 33, 33, 33, 33, 33, 33, 33, 33, 33, 33, 33, 33, 33, 33, 33, 33, 33]",400,"[0.6457722187042236, 0.584995448589325, 0.540741503238678, 0.5091859698295593, 0.48503121733665466, 0.46764227747917175, 0.45498862862586975, 0.4457470774650574, 0.437079519033432, 0.4308702349662781, 0.42516201734542847, 0.4206773340702057, 0.4166097939014435, 0.41380447149276733, 0.41144832968711853, 0.40902179479599, 0.407526433467865, 0.40584781765937805, 0.40478914976119995, 0.4037652909755707, 0.4028482437133789, 0.40219646692276, 0.40170714259147644, 0.40102702379226685, 0.40055522322654724, 0.40000516176223755, 0.39965856075286865, 0.39921319484710693, 0.39887478947639465, 0.39843419194221497, 0.39800313115119934, 0.3976477384567261, 0.3973728120326996, 0.3970087170600891, 0.396714448928833, 0.3964536786079407, 0.3961799740791321, 0.3959771990776062, 0.3956891596317291, 0.3954600393772125, 0.39522942900657654, 0.39496976137161255, 0.39473259449005127, 0.3945246934890747, 0.3943054974079132, 0.39403101801872253, 0.39374443888664246, 0.3935427963733673, 0.39334896206855774, 0.393179327249527, 0.3930157721042633, 0.39282095432281494, 0.3926268517971039, 0.3923853635787964, 0.3922053277492523, 0.3919837474822998, 0.39176514744758606, 0.39153435826301575, 0.3913915753364563, 0.3912145495414734, 0.3910483121871948, 0.39085251092910767, 0.3906990885734558, 0.39049381017684937, 0.3903118073940277, 0.3901129961013794, 0.3899480700492859, 0.3897778391838074, 0.3895964026451111, 0.38939017057418823, 0.3892143964767456, 0.3890545964241028, 0.3888736963272095, 0.38869044184684753, 0.38850343227386475, 0.388365238904953, 0.3882061243057251, 0.3880169689655304, 0.38784259557724, 0.3876711130142212, 0.38748717308044434, 0.38729140162467957, 0.3871328830718994, 0.3869951665401459, 0.38686856627464294, 0.38671034574508667, 0.38657936453819275, 0.38642197847366333, 0.38624799251556396, 0.38610199093818665, 0.38593968749046326, 0.38577598333358765, 0.3856021761894226, 0.3854369819164276, 0.3853217661380768, 0.38518601655960083, 0.3851085305213928, 0.38502320647239685, 0.3848850727081299, 0.3847626745700836, 0.38460585474967957, 0.3844496011734009, 0.3843080401420593, 0.38417452573776245, 0.38401520252227783, 0.38385218381881714, 0.38376104831695557, 0.3836144506931305, 0.3834702968597412, 0.38336968421936035, 0.3832598626613617, 0.3831363618373871, 0.3830251395702362, 0.3828982412815094, 0.38277629017829895, 0.38267773389816284, 0.3825550079345703, 0.38240355253219604, 0.3822595477104187, 0.3821483850479126, 0.38203972578048706, 0.38193848729133606, 0.38183295726776123, 0.3817238211631775, 0.38162803649902344, 0.3814856708049774, 0.38140636682510376, 0.3812906742095947, 0.38117659091949463, 0.3810763955116272, 0.38094958662986755, 0.38085171580314636, 0.3807569742202759, 0.38067981600761414, 0.38056454062461853, 0.3804396092891693, 0.3803105056285858, 0.38018882274627686, 0.38007694482803345, 0.379963219165802, 0.3798784017562866, 0.3797829747200012, 0.3796733617782593, 0.3795652687549591, 0.3794645071029663, 0.3794134259223938, 0.3793086111545563, 0.3792307376861572, 0.37913253903388977, 0.37902748584747314, 0.3789271414279938, 0.3788376748561859, 0.37872982025146484, 0.37864217162132263, 0.37854716181755066, 0.3784426748752594, 0.3783825635910034, 0.37833788990974426, 0.3782142996788025, 0.3781348168849945, 0.37805888056755066, 0.3779463469982147, 0.3778441548347473, 0.3777754604816437, 0.37767329812049866, 0.37760287523269653, 0.3774981200695038, 0.3774142563343048, 0.3773309588432312, 0.3772486746311188, 0.377175509929657, 0.3770875036716461, 0.3770015835762024, 0.3769117593765259, 0.3768238127231598, 0.37673136591911316, 0.37666916847229004, 0.37658631801605225, 0.37649303674697876, 0.3764193654060364, 0.37635502219200134, 0.37626197934150696, 0.3761885464191437, 0.37609750032424927, 0.37601834535598755, 0.375927209854126, 0.37584981322288513, 0.3758002817630768, 0.37572619318962097, 0.375660240650177, 0.37558338046073914, 0.37549063563346863, 0.37541651725769043, 0.3753460943698883, 0.37530839443206787, 0.37524110078811646, 0.3751813471317291, 0.37509214878082275, 0.3750557005405426, 0.3749878406524658, 0.37493014335632324, 0.37480583786964417, 0.37474846839904785, 0.3746567964553833, 0.3745748996734619, 0.3745291531085968, 0.37444087862968445, 0.3743680715560913, 0.3742828071117401, 0.37421366572380066, 0.3741459548473358, 0.37409892678260803, 0.3740161657333374, 0.3739418685436249, 0.3738712966442108, 0.3738032579421997, 0.3737558126449585, 0.3736459016799927, 0.37360069155693054, 0.3735389709472656, 0.37348079681396484, 0.3733668625354767, 0.3732871115207672, 0.37322577834129333, 0.37316107749938965, 0.37307995557785034, 0.3729754388332367, 0.37288329005241394, 0.3728221654891968, 0.3727443814277649, 0.3726867735385895, 0.3726080358028412, 0.3725534677505493, 0.3724919259548187, 0.3723989725112915, 0.3723600506782532, 0.3723129332065582, 0.37222641706466675, 0.37216946482658386, 0.37210747599601746, 0.37208062410354614, 0.37200304865837097, 0.3719513714313507, 0.371871680021286, 0.3718174993991852, 0.3717840611934662, 0.3717230260372162, 0.37171515822410583, 0.3716476559638977, 0.3716007471084595, 0.3715529143810272, 0.37150251865386963, 0.37145575881004333, 0.3714037835597992, 0.371343195438385, 0.3712546229362488, 0.3712114095687866, 0.3711702227592468, 0.37115252017974854, 0.37110576033592224, 0.37104058265686035, 0.37095406651496887, 0.37087956070899963, 0.3707943260669708, 0.37077438831329346, 0.3707166016101837, 0.37065356969833374, 0.37060871720314026, 0.3704959750175476, 0.37043216824531555, 0.37036648392677307, 0.370278000831604, 0.3702017068862915, 0.3702007234096527, 0.370126873254776, 0.3700942099094391, 0.37002694606781006, 0.36996832489967346, 0.3699100911617279, 0.36988022923469543, 0.36987921595573425, 0.36980774998664856, 0.3697580099105835, 0.3697059750556946, 0.3696516156196594, 0.3695897161960602, 0.3695026636123657, 0.36947309970855713, 0.3694422245025635, 0.3694114685058594, 0.369364857673645, 0.3693408966064453, 0.3693051040172577, 0.36923477053642273, 0.36920085549354553, 0.3691558837890625, 0.3690717816352844, 0.36901363730430603, 0.3689734935760498, 0.3689490258693695, 0.36894547939300537, 0.36887872219085693, 0.3688247799873352, 0.36879584193229675, 0.36870747804641724, 0.36865365505218506, 0.36860284209251404, 0.3685780465602875, 0.36856400966644287, 0.3685389459133148, 0.36847764253616333, 0.36843836307525635, 0.3683704733848572, 0.3683291971683502, 0.36828792095184326, 0.36821824312210083, 0.3681776523590088, 0.3681378662586212, 0.36806920170783997, 0.3680207133293152, 0.367982417345047, 0.3679157495498657, 0.3678632974624634, 0.36782291531562805, 0.3678007125854492, 0.3677687346935272, 0.3677300214767456, 0.3676976263523102, 0.3676312565803528, 0.3675668239593506, 0.3675382733345032, 0.36748310923576355, 0.36741894483566284, 0.367379754781723, 0.3673306405544281, 0.36729952692985535, 0.3672502934932709, 0.3672197461128235, 0.3672012388706207, 0.3671739995479584, 0.3671049475669861, 0.36706778407096863, 0.367035835981369, 0.3669893145561218, 0.36696529388427734, 0.36691445112228394, 0.36688530445098877, 0.36683255434036255, 0.3667989671230316, 0.36675605177879333, 0.3667307198047638, 0.36670470237731934, 0.36668750643730164, 0.36666664481163025, 0.36663636565208435, 0.36657479405403137, 0.36655017733573914, 0.36650675535202026, 0.36649835109710693, 0.36648494005203247, 0.36645394563674927, 0.36642399430274963, 0.36636975407600403, 0.3663116693496704, 0.36629122495651245, 0.3662355840206146, 0.3661852777004242, 0.3661092519760132, 0.3660636842250824, 0.36602553725242615, 0.3659929633140564, 0.36595115065574646, 0.365916907787323, 0.36589065194129944, 0.36588162183761597, 0.36586934328079224, 0.36584416031837463, 0.3658173680305481, 0.36572781205177307, 0.3656904995441437, 0.36564186215400696, 0.3656429946422577, 0.36560046672821045, 0.36556464433670044, 0.3655492663383484, 0.3654780983924866, 0.36543774604797363, 0.3654002845287323, 0.3653716742992401, 0.3653682768344879, 0.36528557538986206, 0.3652878701686859, 0.365296334028244, 0.3652673065662384, 0.3652307391166687, 0.3651829659938812, 0.36513379216194153, 0.36507824063301086, 0.36502909660339355, 0.3649701774120331]",33.0,"[33.0, 33.0, 33.0, 33.0, 33.0, 33.0, 33.0, 33.0, 33.0, 33.0, 33.0, 33.0, 33.0, 33.0, 33.0, 33.0, 33.0, 33.0, 33.0, 33.0, 33.0, 33.0, 33.0, 33.0, 33.0, 33.0, 33.0, 33.0, 33.0, 33.0, 33.0, 33.0, 33.0, 33.0, 33.0, 33.0, 33.0, 33.0, 33.0, 33.0, 33.0, 33.0, 33.0, 33.0, 33.0, 33.0, 33.0, 33.0, 33.0, 33.0, 33.0, 33.0, 33.0, 33.0, 33.0, 33.0, 33.0, 33.0, 33.0, 33.0, 33.0, 33.0, 33.0, 33.0, 33.0, 33.0, 33.0, 33.0, 33.0, 33.0, 33.0, 33.0, 33.0, 33.0, 33.0, 33.0, 33.0, 33.0, 33.0, 33.0, 33.0, 33.0, 33.0, 33.0, 33.0, 33.0, 33.0, 33.0, 33.0, 33.0, 33.0, 33.0, 33.0, 33.0, 33.0, 33.0, 33.0, 33.0, 33.0, 33.0, 33.0, 33.0, 33.0, 33.0, 33.0, 33.0, 33.0, 33.0, 33.0, 33.0, 33.0, 33.0, 33.0, 33.0, 33.0, 33.0, 33.0, 33.0, 33.0, 33.0, 33.0, 33.0, 33.0, 33.0, 33.0, 33.0, 33.0, 33.0, 33.0, 33.0, 33.0, 33.0, 33.0, 33.0, 33.0, 33.0, 33.0, 33.0, 33.0, 33.0, 33.0, 33.0, 33.0, 33.0, 33.0, 33.0, 33.0, 33.0, 33.0, 33.0, 33.0, 33.0, 33.0, 33.0, 33.0, 33.0, 33.0, 33.0, 33.0, 33.0, 33.0, 33.0, 33.0, 33.0, 33.0, 33.0, 33.0, 33.0, 33.0, 33.0, 33.0, 33.0, 33.0, 33.0, 33.0, 33.0, 33.0, 33.0, 33.0, 33.0, 33.0, 33.0, 33.0, 33.0, 33.0, 33.0, 33.0, 33.0, 33.0, 33.0, 33.0, 33.0, 33.0, 33.0, 33.0, 33.0, 33.0, 33.0, 33.0, 33.0, 33.0, 33.0, 33.0, 33.0, 33.0, 33.0, 33.0, 33.0, 33.0, 33.0, 33.0, 33.0, 33.0, 33.0, 33.0, 33.0, 33.0, 33.0, 33.0, 33.0, 33.0, 33.0, 33.0, 33.0, 33.0, 33.0, 33.0, 33.0, 33.0, 33.0, 33.0, 33.0, 33.0, 33.0, 33.0, 33.0, 33.0, 33.0, 33.0, 33.0, 33.0, 33.0, 33.0, 33.0, 33.0, 33.0, 33.0, 33.0, 33.0, 33.0, 33.0, 33.0, 33.0, 33.0, 33.0, 33.0, 33.0, 33.0, 33.0, 33.0, 33.0, 33.0, 33.0, 33.0, 33.0, 33.0, 33.0, 33.0, 33.0, 33.0, 33.0, 33.0, 33.0, 33.0, 33.0, 33.0, 33.0, 33.0, 33.0, 33.0, 33.0, 33.0, 33.0, 33.0, 33.0, 33.0, 33.0, 33.0, 33.0, 33.0, 33.0, 33.0, 33.0, 33.0, 33.0, 33.0, 33.0, 33.0, 33.0, 33.0, 33.0, 33.0, 33.0, 33.0, 33.0, 33.0, 33.0, 33.0, 33.0, 33.0, 33.0, 33.0, 33.0, 33.0, 33.0, 33.0, 33.0, 33.0, 33.0, 33.0, 33.0, 33.0, 33.0, 33.0, 33.0, 33.0, 33.0, 33.0, 33.0, 33.0, 33.0, 33.0, 33.0, 33.0, 33.0, 33.0, 33.0, 33.0, 33.0, 33