,number,value,datetime_start,datetime_complete,duration,params_batch_size_scaler,params_constant_learning_rate,params_depth,params_epochs,params_kernel_l2,params_num_trees,params_temperature,user_attrs_accuracy_test,user_attrs_accuracy_valid,user_attrs_approximate_feature_sparsity,user_attrs_approximate_feature_sparsity_history,user_attrs_approximate_weight_sparsity,user_attrs_approximate_weight_sparsity_history,user_attrs_auc_test,user_attrs_auc_valid,user_attrs_feature_sparsity,user_attrs_feature_sparsity_history,user_attrs_num_epochs,user_attrs_val_loss_history,user_attrs_weight_sparsity,user_attrs_weight_sparsity_history,state
36,36,0.8232407156934729,2024-08-31 01:43:15.509834,2024-08-31 01:43:39.483903,0 days 00:00:23.974069,4,0.021727297862699547,2,90,0.10248166319215068,98,0.00010466120476603866,0.87,0.86625,33,"[33, 33, 33, 33, 33, 33, 33, 33, 33, 33, 33, 33, 33, 33, 33, 33, 33, 33, 33, 33, 33, 33, 33, 33, 33, 33, 33, 33, 33, 33, 33, 33, 33, 33, 33, 33, 33, 33, 33, 33, 33, 33, 33, 33, 33, 33, 33, 33, 33, 33, 33, 33, 33, 33, 33, 33, 33, 33, 33, 33, 33, 33, 33, 33, 33, 33, 33, 33, 33, 33, 33, 33, 33, 33, 33, 33, 33, 33, 33, 33, 33, 33, 33, 33, 33, 33, 33, 33, 33, 33]",32.976190476190474,"[32.976190476190474, 32.965986394557824, 32.955782312925166, 32.98639455782313, 32.97278911564626, 32.976190476190474, 32.96938775510204, 32.965986394557824, 32.96258503401361, 32.9625850340136, 32.95918367346939, 32.96938775510204, 32.96938775510204, 32.97278911564626, 32.976190476190474, 32.976190476190474, 32.96938775510204, 32.9795918367347, 32.965986394557824, 32.97278911564626, 32.97959183673469, 32.97278911564626, 32.96938775510204, 32.96938775510204, 32.98639455782313, 32.965986394557824, 32.96258503401361, 32.98299319727891, 32.97959183673469, 32.97278911564626, 32.955782312925166, 32.98979591836735, 32.97959183673469, 32.97959183673469, 32.96258503401361, 32.965986394557824, 32.96258503401361, 32.96938775510204, 32.95918367346939, 32.97278911564626, 32.976190476190474, 32.982993197278915, 32.9795918367347, 32.9795918367347, 32.982993197278915, 32.98639455782313, 32.97959183673469, 32.98299319727891, 32.97959183673469, 32.97278911564626, 32.976190476190474, 32.96598639455782, 32.96938775510204, 32.9795918367347, 32.965986394557824, 32.9625850340136, 32.97278911564626, 32.97278911564626, 32.965986394557824, 32.965986394557824, 32.97278911564626, 32.95918367346938, 32.9625850340136, 32.94897959183673, 32.9625850340136, 32.94897959183673, 32.93877551020408, 32.935374149659864, 32.955782312925166, 32.95918367346938, 32.95918367346938, 32.9625850340136, 32.95918367346939, 32.97278911564626, 32.96598639455782, 32.96598639455782, 32.96938775510204, 32.9795918367347, 32.97278911564626, 32.97278911564626, 32.97278911564626, 32.97278911564626, 32.96938775510204, 32.96258503401361, 32.976190476190474, 32.955782312925166, 32.9625850340136, 32.965986394557824, 32.9625850340136, 32.976190476190474]",0.8346006819739265,0.8232407156934729,33,"[33, 33, 33, 33, 33, 33, 33, 33, 33, 33, 33, 33, 33, 33, 33, 33, 33, 33, 33, 33, 33, 33, 33, 33, 33, 33, 33, 33, 33, 33, 33, 33, 33, 33, 33, 33, 33, 33, 33, 33, 33, 33, 33, 33, 33, 33, 33, 33, 33, 33, 33, 33, 33, 33, 33, 33, 33, 33, 33, 33, 33, 33, 33, 33, 33, 33, 33, 33, 33, 33, 33, 33, 33, 33, 33, 33, 33, 33, 33, 33, 33, 33, 33, 33, 33, 33, 33, 33, 33, 33]",90,"[0.42236313223838806, 0.4149967133998871, 0.4092874825000763, 0.405030757188797, 0.4018062949180603, 0.39886990189552307, 0.3970108926296234, 0.3947981894016266, 0.39313986897468567, 0.3914881944656372, 0.39210182428359985, 0.3889431655406952, 0.38793709874153137, 0.38712960481643677, 0.3876551687717438, 0.3852488696575165, 0.3836190402507782, 0.38281482458114624, 0.38238662481307983, 0.3812979459762573, 0.379736989736557, 0.37886539101600647, 0.37883010506629944, 0.37745213508605957, 0.3765600621700287, 0.37622520327568054, 0.3750091791152954, 0.3740776777267456, 0.3744101822376251, 0.37203940749168396, 0.3712631165981293, 0.3707468807697296, 0.37070053815841675, 0.36968010663986206, 0.36830607056617737, 0.3675837218761444, 0.3668449819087982, 0.36610308289527893, 0.3653438687324524, 0.3644953966140747, 0.36490321159362793, 0.36350616812705994, 0.3624902665615082, 0.3627869784832001, 0.36114242672920227, 0.3601910471916199, 0.3612116873264313, 0.3594060242176056, 0.36024025082588196, 0.35763251781463623, 0.35813939571380615, 0.3572545349597931, 0.3563969135284424, 0.35513877868652344, 0.3545670807361603, 0.35403087735176086, 0.35360100865364075, 0.3528221547603607, 0.3528572916984558, 0.3525155782699585, 0.3511885106563568, 0.351139098405838, 0.3501206934452057, 0.3497897684574127, 0.34913307428359985, 0.34849920868873596, 0.3482055962085724, 0.3479499816894531, 0.3468780219554901, 0.34717419743537903, 0.3460334837436676, 0.34552374482154846, 0.34487760066986084, 0.3445347547531128, 0.344039648771286, 0.3433949649333954, 0.3429878354072571, 0.34237557649612427, 0.3420185446739197, 0.3415162265300751, 0.3427462875843048, 0.34046441316604614, 0.3400704860687256, 0.3395119905471802, 0.3408260643482208, 0.3386828303337097, 0.33816927671432495, 0.3376902639865875, 0.3378562033176422, 0.3373172879219055]",33.0,"[33.0, 33.0, 33.0, 33.0, 33.0, 33.0, 33.0, 33.0, 33.0, 33.0, 33.0, 33.0, 33.0, 33.0, 33.0, 33.0, 33.0, 33.0, 33.0, 33.0, 33.0, 33.0, 33.0, 33.0, 33.0, 33.0, 33.0, 33.0, 33.0, 33.0, 33.0, 33.0, 33.0, 33.0, 33.0, 33.0, 33.0, 33.0, 33.0, 33.0, 33.0, 33.0, 33.0, 33.0, 33.0, 33.0, 33.0, 33.0, 33.0, 33.0, 33.0, 33.0, 33.0, 33.0, 33.0, 33.0, 33.0, 33.0, 33.0, 33.0, 33.0, 33.0, 33.0, 33.0, 33.0, 33.0, 33.0, 33.0, 33.0, 33.0, 33.0, 33.0, 33.0, 33.0, 33.0, 33.0, 33.0, 33.0, 33.0, 33.0, 33.0, 33.0, 33.0, 33.0, 33.0, 33.0, 33.0, 33.0, 33.0, 33.0]",COMPLETE
37,37,0.7057618734783785,2024-08-31 01:43:40.313602,2024-08-31 01:44:25.132432,0 days 00:00:44.818830,4,0.02678766427484507,6,40,0.026538299859402106,12,0.0010224639815934443,0.86,0.85875,33,"[33, 33, 33, 33, 33, 33, 33, 33, 33, 33, 33, 33, 33, 33, 33, 33, 33, 33, 33, 33, 33, 33, 33, 33, 33, 33, 33, 33, 33, 33, 33, 33, 33, 33, 33, 33, 33, 33, 33, 33]",32.96560846560847,"[32.966931216931215, 32.958994708994716, 32.94973544973545, 32.94973544973545, 32.96560846560846, 32.95899470899471, 32.95899470899471, 32.97222222222222, 32.970899470899475, 32.96825396825397, 32.96031746031746, 32.95767195767196, 32.95634920634921, 32.9510582010582, 32.961640211640216, 32.96825396825397, 32.95767195767196, 32.966931216931215, 32.9563492063492, 32.9510582010582, 32.964285714285715, 32.97486772486773, 32.970899470899475, 32.96825396825397, 32.96296296296296, 32.96031746031746, 32.966931216931215, 32.96560846560847, 32.96296296296296, 32.964285714285715, 32.961640211640216, 32.966931216931215, 32.95634920634921, 32.964285714285715, 32.96031746031746, 32.96560846560847, 32.96825396825397, 32.97222222222222, 32.970899470899475, 32.96560846560847]",0.7447056200926361,0.7057618734783785,33,"[33, 33, 33, 33, 33, 33, 33, 33, 33, 33, 33, 33, 33, 33, 33, 33, 33, 33, 33, 33, 33, 33, 33, 33, 33, 33, 33, 33, 33, 33, 33, 33, 33, 33, 33, 33, 33, 33, 33, 33]",40,"[0.573508620262146, 0.5228656530380249, 0.4881833791732788, 0.4638197422027588, 0.44625380635261536, 0.433293879032135, 0.423537939786911, 0.41603514552116394, 0.4101767838001251, 0.4054935574531555, 0.40168875455856323, 0.39857155084609985, 0.3959442377090454, 0.39372414350509644, 0.391811728477478, 0.3901333510875702, 0.38865092396736145, 0.3873138129711151, 0.3860955834388733, 0.38499152660369873, 0.38397377729415894, 0.3830218017101288, 0.3821364939212799, 0.38130855560302734, 0.38052284717559814, 0.3797757029533386, 0.3790644407272339, 0.3783850073814392, 0.37773236632347107, 0.37710341811180115, 0.376497358083725, 0.37591129541397095, 0.375346839427948, 0.3747985363006592, 0.37426692247390747, 0.373746782541275, 0.37323978543281555, 0.3727460503578186, 0.3722686469554901, 0.37179887294769287]",33.0,"[33.0, 33.0, 33.0, 33.0, 33.0, 33.0, 33.0, 33.0, 33.0, 33.0, 33.0, 33.0, 33.0, 33.0, 33.0, 33.0, 33.0, 33.0, 33.0, 33.0, 33.0, 33.0, 33.0, 33.0, 33.0, 33.0, 33.0, 33.0, 33.0, 33.0, 33.0, 33.0, 33.0, 33.0, 33.0, 33.0, 33.0, 33.0, 33.0, 33.0]",COMPLETE
