,number,value,datetime_start,datetime_complete,duration,params_batch_size_scaler,params_constant_learning_rate,params_depth,params_epochs,params_kernel_l2,params_num_trees,params_temperature,user_attrs_accuracy_test,user_attrs_accuracy_valid,user_attrs_approximate_feature_sparsity,user_attrs_approximate_feature_sparsity_history,user_attrs_approximate_weight_sparsity,user_attrs_approximate_weight_sparsity_history,user_attrs_auc_test,user_attrs_auc_valid,user_attrs_feature_sparsity,user_attrs_feature_sparsity_history,user_attrs_num_epochs,user_attrs_val_loss_history,user_attrs_weight_sparsity,user_attrs_weight_sparsity_history,state
62,62,0.5983563267251485,2024-08-31 03:21:29.103529,2024-08-31 03:21:46.995512,0 days 00:00:17.891983,64,7.287538909373899,3,180,0.014018787129720437,79,0.0191494597049155,0.36,0.3625,5,"[1, 2, 2, 3, 4, 5, 5, 5, 5, 5, 4, 4, 4, 4, 4, 4, 4, 4, 4, 4, 4, 4, 4, 4, 5, 5, 5, 5, 5, 5, 5, 5, 5, 5, 5, 5, 5, 5, 5, 5, 5, 5, 5, 5, 5, 5, 5, 5, 5, 5, 5, 5, 5, 5, 5, 5, 5, 5, 5, 5, 5, 5, 5, 5, 5, 5, 5, 5, 5, 5, 5, 5, 5, 5, 5, 5, 5, 5, 5, 5, 5, 5, 5, 5, 5, 5, 5, 5, 5, 5, 5, 5, 5, 5, 5, 5, 5, 5, 5, 5, 5, 5, 5, 5, 5, 5, 5, 5, 5, 5, 5, 5, 5, 5, 5, 5, 5, 5, 5, 5, 5, 5, 5, 5, 5, 5, 5, 5, 5, 5, 5, 5, 5, 5, 5, 5, 5, 5, 5, 5, 5, 5, 5, 5, 5, 5, 5, 5, 5, 5, 5, 5, 5, 5, 5, 5, 5, 5, 5, 5, 5, 5, 5, 5, 5, 5, 5, 5, 5, 5, 5, 5, 5, 5, 5, 5, 5, 5, 5, 5]",4.998191681735985,"[1.0, 1.9981916817359855, 2.0, 2.9584086799276674, 3.9638336347197107, 4.98372513562387, 4.943942133815551, 4.969258589511754, 4.981916817359855, 4.98372513562387, 3.992766726943942, 3.992766726943942, 3.996383363471971, 4.0, 3.996383363471971, 4.0, 3.996383363471971, 4.0, 3.9981916817359853, 4.0, 4.0, 4.0, 4.0, 4.0, 4.987341772151899, 4.981916817359855, 4.98372513562387, 4.996383363471971, 4.994575045207957, 4.994575045207957, 4.994575045207957, 4.996383363471971, 4.996383363471971, 4.994575045207957, 4.994575045207957, 4.996383363471971, 4.9963833634719705, 4.998191681735985, 4.996383363471971, 4.998191681735985, 5.0, 5.0, 4.998191681735985, 4.9963833634719705, 4.994575045207957, 5.0, 4.998191681735985, 5.0, 4.998191681735985, 5.0, 4.998191681735985, 5.0, 4.9963833634719705, 5.0, 4.998191681735985, 5.0, 5.0, 5.0, 4.9963833634719705, 5.0, 4.998191681735985, 5.0, 5.0, 5.0, 5.0, 5.0, 4.998191681735985, 4.998191681735985, 5.0, 5.0, 5.0, 5.0, 4.998191681735985, 4.9963833634719705, 5.0, 5.0, 4.998191681735985, 4.998191681735985, 5.0, 5.0, 4.996383363471971, 4.998191681735985, 4.998191681735985, 4.998191681735985, 5.0, 4.998191681735985, 4.998191681735985, 5.0, 5.0, 5.0, 5.0, 5.0, 5.0, 4.998191681735985, 5.0, 5.0, 5.0, 5.0, 5.0, 5.0, 4.998191681735985, 5.0, 5.0, 5.0, 5.0, 5.0, 5.0, 5.0, 5.0, 5.0, 5.0, 4.998191681735985, 5.0, 5.0, 5.0, 5.0, 5.0, 5.0, 5.0, 5.0, 5.0, 4.998191681735985, 5.0, 5.0, 5.0, 4.998191681735985, 5.0, 5.0, 5.0, 5.0, 5.0, 5.0, 5.0, 5.0, 5.0, 5.0, 5.0, 5.0, 5.0, 5.0, 5.0, 5.0, 4.998191681735985, 4.998191681735985, 4.9963833634719705, 5.0, 4.998191681735985, 5.0, 5.0, 4.998191681735985, 4.998191681735985, 4.998191681735985, 4.998191681735985, 4.998191681735985, 5.0, 4.998191681735985, 5.0, 5.0, 5.0, 4.998191681735985, 4.998191681735985, 5.0, 5.0, 5.0, 5.0, 5.0, 5.0, 4.998191681735985, 5.0, 5.0, 4.998191681735985, 5.0, 4.998191681735985, 5.0, 5.0, 5.0, 5.0, 5.0, 5.0, 4.998191681735985]",0.6641319693854804,0.5983563267251485,5,"[1, 2, 2, 3, 4, 5, 5, 5, 5, 5, 4, 4, 4, 4, 4, 4, 4, 4, 4, 4, 4, 4, 4, 4, 5, 5, 5, 5, 5, 5, 5, 5, 5, 5, 5, 5, 5, 5, 5, 5, 5, 5, 5, 5, 5, 5, 5, 5, 5, 5, 5, 5, 5, 5, 5, 5, 5, 5, 5, 5, 5, 5, 5, 5, 5, 5, 5, 5, 5, 5, 5, 5, 5, 5, 5, 5, 5, 5, 5, 5, 5, 5, 5, 5, 5, 5, 5, 5, 5, 5, 5, 5, 5, 5, 5, 5, 5, 5, 5, 5, 5, 5, 5, 5, 5, 5, 5, 5, 5, 5, 5, 5, 5, 5, 5, 5, 5, 5, 5, 5, 5, 5, 5, 5, 5, 5, 5, 5, 5, 5, 5, 5, 5, 5, 5, 5, 5, 5, 5, 5, 5, 5, 5, 5, 5, 5, 5, 5, 5, 5, 5, 5, 5, 5, 5, 5, 5, 5, 5, 5, 5, 5, 5, 5, 5, 5, 5, 5, 5, 5, 5, 5, 5, 5, 5, 5, 5, 5, 5, 5]",180,"[4.485981464385986, 12.355929374694824, 18.89711570739746, 7.147729873657227, 15.966596603393555, 19.09479522705078, 28.78197479248047, 4.966958045959473, 9.881937980651855, 9.18801212310791, 5.565361499786377, 13.671561241149902, 20.2669677734375, 6.720848560333252, 16.433279037475586, 21.50432586669922, 15.122930526733398, 24.588607788085938, 35.87373352050781, 49.1469612121582, 15.625391960144043, 32.59782028198242, 35.77793884277344, 23.440593719482422, 45.68021011352539, 25.818897247314453, 8.393210411071777, 24.271678924560547, 39.22991943359375, 25.05481719970703, 30.46759796142578, 58.40422058105469, 8.423449516296387, 7.985150337219238, 32.209720611572266, 25.604032516479492, 32.002037048339844, 56.82380676269531, 18.690383911132812, 16.437423706054688, 25.53665542602539, 36.797325134277344, 46.50688171386719, 26.330602645874023, 27.710739135742188, 43.56888198852539, 53.70512390136719, 10.457113265991211, 4.913405418395996, 75.2088623046875, 20.08416175842285, 28.440847396850586, 34.298545837402344, 68.54908752441406, 15.161746978759766, 35.1025505065918, 56.2596549987793, 25.986183166503906, 15.647788047790527, 31.156261444091797, 58.805198669433594, 15.205219268798828, 31.74065589904785, 45.86270523071289, 25.433462142944336, 41.81150817871094, 42.8327522277832, 63.12040710449219, 4.293505668640137, 45.755470275878906, 57.51838302612305, 23.935434341430664, 17.327608108520508, 50.209205627441406, 27.244958877563477, 46.23576736450195, 40.19132995605469, 52.25282669067383, 8.31619930267334, 13.225874900817871, 46.36152267456055, 64.6383056640625, 3.9050889015197754, 67.10662841796875, 8.111821174621582, 31.046768188476562, 15.478848457336426, 7.0968337059021, 16.75058364868164, 20.8644962310791, 40.41607666015625, 81.60810852050781, 28.999242782592773, 46.803653717041016, 25.218894958496094, 54.355770111083984, 66.2107925415039, 16.48727798461914, 77.76509094238281, 27.157007217407227, 47.36311340332031, 57.96266555786133, 29.862716674804688, 51.81583023071289, 20.365604400634766, 18.240524291992188, 40.871315002441406, 27.849327087402344, 45.89460372924805, 79.85774230957031, 28.032583236694336, 45.599098205566406, 71.59111022949219, 25.372886657714844, 43.44892883300781, 4.335216999053955, 26.384374618530273, 32.44245147705078, 9.920354843139648, 28.774385452270508, 57.43397521972656, 6.958780288696289, 45.1638298034668, 26.609268188476562, 12.04155158996582, 5.0528764724731445, 8.710596084594727, 37.259063720703125, 12.006884574890137, 33.82603073120117, 53.33662414550781, 8.480650901794434, 43.1385383605957, 24.199806213378906, 16.767168045043945, 25.330148696899414, 15.773265838623047, 14.99659538269043, 21.2952880859375, 35.1527214050293, 3.4494097232818604, 47.9622917175293, 20.35618782043457, 16.169931411743164, 8.013910293579102, 14.345756530761719, 17.68960952758789, 49.708831787109375, 6.194559097290039, 42.255435943603516, 5.688644886016846, 11.654998779296875, 8.89381217956543, 5.794801235198975, 5.093820571899414, 4.7784295082092285, 12.813928604125977, 36.99574661254883, 11.706096649169922, 33.756221771240234, 56.708168029785156, 7.655990123748779, 38.91221618652344, 4.063059329986572, 26.039600372314453, 27.399520874023438, 7.77313232421875, 11.507104873657227, 14.749444961547852, 12.241277694702148, 50.593692779541016, 8.49443531036377, 31.714889526367188, 21.932214736938477, 14.288492202758789, 45.78482437133789, 8.973852157592773, 22.804096221923828, 14.236406326293945, 10.343366622924805]",5.0,"[1.0, 2.0, 2.0, 3.0, 4.0, 5.0, 5.0, 5.0, 5.0, 5.0, 4.0, 4.0, 4.0, 4.0, 4.0, 4.0, 4.0, 4.0, 4.0, 4.0, 4.0, 4.0, 4.0, 4.0, 5.0, 5.0, 5.0, 5.0, 5.0, 5.0, 5.0, 5.0, 5.0, 5.0, 5.0, 5.0, 5.0, 5.0, 5.0, 5.0, 5.0, 5.0, 5.0, 5.0, 5.0, 5.0, 5.0, 5.0, 5.0, 5.0, 5.0, 5.0, 5.0, 5.0, 5.0, 5.0, 5.0, 5.0, 5.0, 5.0, 5.0, 5.0, 5.0, 5.0, 5.0, 5.0, 5.0, 5.0, 5.0, 5.0, 5.0, 5.0, 5.0, 5.0, 5.0, 5.0, 5.0, 5.0, 5.0, 5.0, 5.0, 5.0, 5.0, 5.0, 5.0, 5.0, 5.0, 5.0, 5.0, 5.0, 5.0, 5.0, 5.0, 5.0, 5.0, 5.0, 5.0, 5.0, 5.0, 5.0, 5.0, 5.0, 5.0, 5.0, 5.0, 5.0, 5.0, 5.0, 5.0, 5.0, 5.0, 5.0, 5.0, 5.0, 5.0, 5.0, 5.0, 5.0, 5.0, 5.0, 5.0, 5.0, 5.0, 5.0, 5.0, 5.0, 5.0, 5.0, 5.0, 5.0, 5.0, 5.0, 5.0, 5.0, 5.0, 5.0, 5.0, 5.0, 5.0, 5.0, 5.0, 5.0, 5.0, 5.0, 5.0, 5.0, 5.0, 5.0, 5.0, 5.0, 5.0, 5.0, 5.0, 5.0, 5.0, 5.0, 5.0, 5.0, 5.0, 5.0, 5.0, 5.0, 5.0, 5.0, 5.0, 5.0, 5.0, 5.0, 5.0, 5.0, 5.0, 5.0, 5.0, 5.0, 5.0, 5.0, 5.0, 5.0, 5.0, 5.0]",COMPLETE
63,63,0.9028931741185866,2024-08-31 03:21:48.120165,2024-08-31 03:22:13.766392,0 days 00:00:25.646227,4,1.7811507832145486,1,190,0.006238090070881734,57,0.00016426348270127622,0.939,0.9425,27,"[33, 33, 33, 33, 33, 33, 33, 33, 33, 33, 31, 31, 31, 31, 31, 31, 31, 31, 31, 31, 31, 31, 31, 31, 31, 31, 31, 31, 31, 31, 31, 31, 31, 31, 31, 31, 31, 31, 31, 31, 31, 31, 31, 31, 31, 31, 31, 31, 31, 31, 31, 31, 31, 31, 31, 31, 31, 31, 31, 31, 31, 31, 31, 31, 31, 31, 31, 31, 31, 31, 31, 30, 30, 28, 28, 28, 28, 28, 28, 28, 28, 28, 28, 28, 28, 28, 28, 28, 28, 28, 28, 28, 28, 28, 28, 28, 28, 28, 28, 28, 28, 28, 28, 28, 28, 28, 28, 28, 28, 28, 28, 28, 28, 28, 28, 28, 28, 28, 28, 28, 28, 28, 27, 27, 27, 27, 27, 27, 27, 27, 27, 27, 27, 27, 27, 27, 27, 27, 27, 27, 27, 27, 27, 27, 27, 27, 27, 27, 27, 27, 27, 27, 27, 27, 27, 27, 27, 27, 27, 27, 27, 27, 27, 27, 27, 27, 27, 27, 27, 27, 27, 27, 27, 27, 27, 27, 27, 27, 27, 27, 27, 27, 27, 27, 27, 27, 27, 27, 27, 27]",26.842105263157894,"[33.0, 32.98245614035088, 32.96491228070175, 32.98245614035088, 33.0, 32.98245614035088, 33.0, 32.98245614035088, 32.94736842105263, 33.0, 30.982456140350877, 31.0, 31.0, 31.0, 30.94736842105263, 30.964912280701753, 30.94736842105263, 31.0, 30.982456140350877, 31.0, 31.0, 30.982456140350877, 30.964912280701753, 31.0, 30.982456140350877, 30.964912280701753, 30.964912280701753, 31.0, 30.982456140350877, 30.964912280701753, 30.982456140350877, 30.982456140350877, 30.982456140350877, 31.0, 31.0, 30.982456140350877, 30.982456140350877, 31.0, 30.982456140350877, 30.964912280701753, 31.0, 30.964912280701753, 30.964912280701753, 30.982456140350877, 30.964912280701753, 30.94736842105263, 30.982456140350877, 31.0, 30.929824561403507, 30.929824561403507, 30.982456140350877, 30.964912280701753, 30.94736842105263, 31.0, 30.982456140350877, 30.929824561403507, 30.982456140350877, 30.94736842105263, 30.964912280701753, 30.982456140350877, 30.94736842105263, 30.982456140350877, 30.982456140350877, 30.94736842105263, 30.982456140350877, 30.964912280701753, 30.982456140350877, 30.964912280701753, 30.982456140350877, 30.94736842105263, 31.0, 29.89473684210526, 29.929824561403507, 27.94736842105263, 27.982456140350877, 28.0, 27.94736842105263, 27.964912280701753, 27.912280701754383, 27.982456140350877, 27.94736842105263, 27.964912280701753, 27.94736842105263, 27.982456140350877, 27.94736842105263, 27.964912280701753, 27.89473684210526, 27.964912280701753, 27.94736842105263, 27.982456140350877, 27.94736842105263, 27.964912280701753, 27.894736842105264, 27.964912280701753, 27.929824561403507, 27.89473684210526, 27.964912280701753, 27.94736842105263, 27.89473684210526, 27.94736842105263, 27.912280701754383, 27.929824561403507, 27.982456140350877, 27.929824561403507, 27.94736842105263, 27.929824561403507, 27.94736842105263, 27.87719298245614, 27.929824561403507, 27.964912280701753, 27.89473684210526, 27.912280701754383, 27.89473684210526, 27.824561403508774, 27.94736842105263, 27.89473684210526, 27.877192982456137, 27.87719298245614, 27.859649122807017, 27.842105263157897, 27.859649122807017, 27.842105263157897, 26.89473684210526, 26.89473684210526, 26.912280701754383, 26.842105263157897, 26.87719298245614, 26.859649122807017, 26.89473684210526, 26.87719298245614, 26.912280701754383, 26.929824561403507, 26.964912280701753, 26.912280701754383, 26.929824561403507, 26.929824561403507, 26.877192982456137, 26.94736842105263, 26.89473684210526, 26.929824561403507, 26.929824561403507, 26.929824561403507, 26.87719298245614, 26.94736842105263, 26.929824561403507, 26.859649122807017, 26.859649122807017, 26.912280701754383, 26.912280701754383, 26.912280701754383, 26.87719298245614, 26.824561403508774, 26.842105263157894, 26.912280701754383, 26.89473684210526, 26.912280701754387, 26.964912280701753, 26.89473684210526, 26.912280701754383, 26.912280701754387, 26.894736842105264, 26.894736842105264, 26.929824561403507, 26.80701754385965, 26.877192982456137, 26.89473684210526, 26.82456140350877, 26.859649122807017, 26.87719298245614, 26.929824561403507, 26.82456140350877, 26.84210526315789, 26.89473684210526, 26.789473684210527, 26.912280701754383, 26.929824561403507, 26.87719298245614, 26.912280701754383, 26.789473684210527, 26.89473684210526, 26.789473684210527, 26.82456140350877, 26.89473684210526, 26.789473684210524, 26.87719298245614, 26.75438596491228, 26.912280701754383, 26.842105263157894, 26.789473684210524, 26.842105263157894]",0.8990290540707898,0.9028931741185866,27,"[33, 33, 33, 33, 33, 33, 33, 33, 33, 33, 31, 31, 31, 31, 31, 31, 31, 31, 31, 31, 31, 31, 31, 31, 31, 31, 31, 31, 31, 31, 31, 31, 31, 31, 31, 31, 31, 31, 31, 31, 31, 31, 31, 31, 31, 31, 31, 31, 31, 31, 31, 31, 31, 31, 31, 31, 31, 31, 31, 31, 31, 31, 31, 31, 31, 31, 31, 31, 31, 31, 31, 30, 30, 28, 28, 28, 28, 28, 28, 28, 28, 28, 28, 28, 28, 28, 28, 28, 28, 28, 28, 28, 28, 28, 28, 28, 28, 28, 28, 28, 28, 28, 28, 28, 28, 28, 28, 28, 28, 28, 28, 28, 28, 28, 28, 28, 28, 28, 28, 28, 28, 28, 27, 27, 27, 27, 27, 27, 27, 27, 27, 27, 27, 27, 27, 27, 27, 27, 27, 27, 27, 27, 27, 27, 27, 27, 27, 27, 27, 27, 27, 27, 27, 27, 27, 27, 27, 27, 27, 27, 27, 27, 27, 27, 27, 27, 27, 27, 27, 27, 27, 27, 27, 27, 27, 27, 27, 27, 27, 27, 27, 27, 27, 27, 27, 27, 27, 27, 27, 27]",190,"[2.8963277339935303, 7.143620491027832, 4.52525520324707, 2.115647315979004, 4.283287525177002, 1.862014889717102, 4.451493740081787, 1.8343758583068848, 0.4385052025318146, 0.6028234362602234, 1.2753617763519287, 1.298794150352478, 0.35970622301101685, 1.3339147567749023, 1.263405203819275, 2.128316879272461, 0.7827345132827759, 0.38602975010871887, 0.548302412033081, 0.39113593101501465, 0.41207966208457947, 0.5001471042633057, 0.649219810962677, 1.4418344497680664, 0.5424067974090576, 0.8014419078826904, 1.544682502746582, 0.369577556848526, 1.263624668121338, 1.2235814332962036, 0.6764732599258423, 0.49548882246017456, 0.716264009475708, 0.5065175890922546, 0.7616042494773865, 1.3814997673034668, 0.48686301708221436, 0.6168957352638245, 0.6467949151992798, 0.5803000926971436, 0.5492814183235168, 0.4342092275619507, 0.4941467344760895, 0.5778905749320984, 0.37325137853622437, 0.6141934394836426, 0.7472600340843201, 1.4811493158340454, 0.7849328517913818, 0.6626582145690918, 0.5853260159492493, 0.9823750257492065, 1.0040596723556519, 0.9484644532203674, 0.7591541409492493, 0.5731387138366699, 0.5170753002166748, 0.48596295714378357, 0.615876317024231, 0.49341973662376404, 0.553581714630127, 0.7380520701408386, 0.47953513264656067, 0.5556674003601074, 0.5404542684555054, 0.43665173649787903, 0.4965144097805023, 0.44686222076416016, 0.4896923303604126, 0.5409671664237976, 0.47421321272850037, 0.7516124844551086, 0.474023699760437, 1.1850625276565552, 0.7337316870689392, 0.5292494893074036, 1.5849668979644775, 1.4597833156585693, 1.2035605907440186, 0.569623589515686, 0.7211993336677551, 0.5929415225982666, 0.7960545420646667, 0.599921464920044, 0.9736565351486206, 0.5708980560302734, 0.5894901156425476, 2.5696921348571777, 0.5126542448997498, 0.6267498731613159, 1.8212298154830933, 0.5215142369270325, 0.4669226109981537, 0.6870949268341064, 0.4728570580482483, 0.5542389154434204, 0.5863320827484131, 0.529771089553833, 0.542990505695343, 0.6082358956336975, 0.7231500744819641, 0.5773651003837585, 0.6388593316078186, 0.5951550006866455, 0.6243513822555542, 0.541709303855896, 0.6479658484458923, 0.6074212789535522, 0.6581416130065918, 0.669922411441803, 0.6684823632240295, 0.5280798673629761, 0.7072205543518066, 0.712506890296936, 0.7500532269477844, 0.5745968222618103, 0.5587803721427917, 0.5766311883926392, 0.6510022878646851, 0.7084527015686035, 0.637031078338623, 0.6885589361190796, 0.6354758739471436, 0.5806970000267029, 0.5964929461479187, 0.6607881188392639, 0.5992794632911682, 3.290109634399414, 0.6877856254577637, 0.5537384152412415, 0.6522088050842285, 0.7285526990890503, 0.5948841571807861, 4.1534600257873535, 0.5487028360366821, 0.6641268134117126, 0.6323704719543457, 1.074553370475769, 1.4072165489196777, 0.558523416519165, 0.6273341774940491, 0.6007612943649292, 0.513411283493042, 0.6224619150161743, 0.8458288311958313, 0.8265952467918396, 0.5758562684059143, 0.5356665253639221, 1.5067123174667358, 0.5841625928878784, 0.5542844533920288, 0.5956811904907227, 0.5948449373245239, 0.5408982634544373, 2.9002041816711426, 0.7102478742599487, 0.6212084889411926, 0.6110323071479797, 0.7280516028404236, 0.5844769477844238, 0.6797183156013489, 0.541320264339447, 0.6421337723731995, 0.6132870316505432, 0.6833450198173523, 1.4283192157745361, 0.8657382726669312, 1.0520334243774414, 1.2715115547180176, 0.6038556694984436, 0.550248920917511, 0.629655659198761, 0.6368004083633423, 0.970242440700531, 0.5362323522567749, 0.5986335873603821, 0.8509799242019653, 1.3956375122070312, 0.7246154546737671, 0.5821197628974915, 0.9490647315979004, 0.6592938303947449, 0.7068725824356079, 0.5841854810714722, 0.5835543274879456, 1.0509055852890015, 1.594741702079773, 0.5935544371604919, 0.584280252456665, 0.6059491634368896]",27.0,"[33.0, 33.0, 33.0, 33.0, 33.0, 33.0, 33.0, 33.0, 33.0, 33.0, 31.0, 31.0, 31.0, 31.0, 31.0, 31.0, 31.0, 31.0, 31.0, 31.0, 31.0, 31.0, 31.0, 31.0, 31.0, 31.0, 31.0, 31.0, 31.0, 31.0, 31.0, 31.0, 31.0, 31.0, 31.0, 31.0, 31.0, 31.0, 31.0, 31.0, 31.0, 31.0, 31.0, 31.0, 31.0, 31.0, 31.0, 31.0, 31.0, 31.0, 31.0, 31.0, 31.0, 31.0, 31.0, 31.0, 31.0, 31.0, 31.0, 31.0, 31.0, 31.0, 31.0, 31.0, 31.0, 31.0, 31.0, 31.0, 31.0, 31.0, 31.0, 30.0, 30.0, 28.0, 28.0, 28.0, 28.0, 28.0, 28.0, 28.0, 28.0, 28.0, 28.0, 28.0, 28.0, 28.0, 28.0, 28.0, 28.0, 28.0, 28.0, 28.0, 28.0, 28.0, 28.0, 28.0, 28.0, 28.0, 28.0, 28.0, 28.0, 28.0, 28.0, 28.0, 28.0, 28.0, 28.0, 28.0, 28.0, 28.0, 28.0, 28.0, 28.0, 28.0, 28.0, 28.0, 28.0, 28.0, 28.0, 28.0, 28.0, 28.0, 27.0, 27.0, 27.0, 27.0, 27.0, 27.0, 27.0, 27.0, 27.0, 27.0, 27.0, 27.0, 27.0, 27.0, 27.0, 27.0, 27.0, 27.0, 27.0, 27.0, 27.0, 27.0, 27.0, 27.0, 27.0, 27.0, 27.0, 27.0, 27.0, 27.0, 27.0, 27.0, 27.0, 27.0, 27.0, 27.0, 27.0, 27.0, 27.0, 27.0, 27.0, 27.0, 27.0, 27.0, 27.0, 27.0, 27.0, 27.0, 27.0, 27.0, 27.0, 27.0, 27.0, 27.0, 27.0, 27.0, 27.0, 27.0, 27.0, 27.0, 27.0, 27.0, 27.0, 27.0, 27.0, 27.0, 27.0, 27.0]",COMPLETE
