,number,value,datetime_start,datetime_complete,duration,params_batch_size_scaler,params_constant_learning_rate,params_depth,params_epochs,params_kernel_l2,params_num_trees,params_temperature,user_attrs_accuracy_test,user_attrs_accuracy_valid,user_attrs_approximate_feature_sparsity,user_attrs_approximate_feature_sparsity_history,user_attrs_approximate_weight_sparsity,user_attrs_approximate_weight_sparsity_history,user_attrs_auc_test,user_attrs_auc_valid,user_attrs_feature_sparsity,user_attrs_feature_sparsity_history,user_attrs_num_epochs,user_attrs_val_loss_history,user_attrs_weight_sparsity,user_attrs_weight_sparsity_history,state
130,130,0.8708376808233824,2024-08-31 07:10:15.660657,2024-08-31 07:18:40.681687,0 days 00:08:25.021030,16,1.7926834217164955,5,450,0.012331554919490326,85,0.0013596111026459251,0.897,0.89625,5,"[33, 33, 33, 33, 33, 33, 33, 33, 33, 33, 33, 20, 13, 11, 11, 11, 10, 8, 7, 6, 6, 6, 6, 6, 6, 6, 6, 6, 6, 5, 5, 5, 5, 5, 5, 5, 5, 5, 5, 5, 5, 5, 5, 5, 5, 5, 5, 5, 5, 5, 5, 5, 5, 5, 5, 5, 5, 5, 5, 5, 5, 5, 5, 5, 5, 5, 5, 5, 5, 5, 5, 5, 5, 5, 5, 5, 5, 5, 5, 5, 5, 5, 5, 5, 5, 5, 5, 5, 5, 5, 5, 5, 5, 5, 5, 5, 5, 5, 5, 5, 5, 5, 5, 5, 5, 5, 5, 5, 5, 5, 5, 5, 5, 5, 5, 5, 5, 5, 5, 5, 5, 5, 5, 5, 5, 5, 5, 5, 5, 5, 5, 5, 5, 5, 5, 5, 5, 5, 5, 5, 5, 5, 5, 5, 5, 5, 5, 5, 5, 5, 5, 5, 5, 5, 5, 5, 5, 5, 5, 5, 5, 5, 5, 5, 5, 5, 5, 5, 5, 5, 5, 5, 5, 5, 5, 5, 5, 5, 5, 5, 5, 5, 5, 5, 5, 5, 5, 5, 5, 5, 5, 5, 5, 5, 5, 5, 5, 5, 5, 5, 5, 5, 5, 5, 5, 5, 5, 5, 5, 5, 5, 5, 5, 5, 5, 5, 5, 5, 5, 5, 5, 5, 5, 5, 5, 5, 5, 5, 5, 5, 5, 5, 5, 5, 5, 5, 5, 5, 5, 5, 5, 5, 5, 5, 5, 5, 5, 5, 5, 5, 5, 5, 5, 5, 5, 5, 5, 5, 5, 5, 5, 5, 5, 5, 5, 5, 5, 5, 5, 5, 5, 5, 5, 5, 5, 5, 5, 5, 5, 5, 5, 5, 5, 5, 5, 5, 5, 5, 5, 5, 5, 5, 5, 5, 5, 5, 5, 5, 5, 5, 5, 5, 5, 5, 5, 5, 5, 5, 5, 5, 5, 5, 5, 5, 5, 5, 5, 5, 5, 5, 5, 5, 5, 5, 5, 5, 5, 5, 5, 5, 5, 5, 5, 5, 5, 5, 5, 5, 5, 5, 5, 5, 5, 5, 5, 5, 5, 5, 5, 5, 5, 5, 5, 5, 5, 5, 5, 5, 5, 5, 5, 5, 5, 5, 5, 5, 5, 5, 5, 5, 5, 5, 5, 5, 5, 5, 5, 5, 5, 5, 5, 5, 5, 5, 5, 5, 5, 5, 5, 5, 5, 5, 5, 5, 5, 5, 5, 5, 5, 5, 5, 5, 5, 5, 5, 5, 5, 5, 5, 5, 5, 5, 5, 5, 5, 5, 5, 5, 5, 5, 5, 5, 5, 5, 5, 5, 5, 5, 5, 5, 5, 5, 5, 5, 5, 5, 5, 5, 5, 5, 5, 5, 5, 5, 5, 5, 5, 5, 5, 5]",4.993927893738141,"[32.92941176470588, 32.9404174573055, 32.93055028462998, 32.92789373814042, 32.92713472485769, 32.93662239089184, 32.93168880455408, 32.935483870967744, 32.92599620493358, 32.92333965844402, 32.9134724857685, 19.956736242884254, 12.976470588235294, 10.982163187855786, 10.97685009487666, 10.978747628083491, 9.980645161290322, 7.9851992409867165, 6.984819734345351, 5.987096774193548, 5.988614800759013, 5.987096774193548, 5.990132827324478, 5.990132827324477, 5.989753320683112, 5.98899430740038, 5.987476280834915, 5.990132827324478, 5.989373814041746, 4.991650853889944, 4.990512333965844, 4.990891840607211, 4.990512333965844, 4.993927893738141, 4.991271347248577, 4.993548387096774, 4.990132827324478, 4.992409867172675, 4.9943074003795065, 4.99089184060721, 4.9943074003795065, 4.991271347248577, 4.991271347248577, 4.991271347248578, 4.992409867172675, 4.988994307400379, 4.990132827324478, 4.989753320683112, 4.990512333965844, 4.990891840607211, 4.990512333965844, 4.991271347248577, 4.993168880455408, 4.991271347248577, 4.990512333965844, 4.990132827324478, 4.991271347248577, 4.992030360531309, 4.990512333965844, 4.991650853889944, 4.993168880455408, 4.992409867172675, 4.990891840607211, 4.992409867172675, 4.991650853889944, 4.992789373814042, 4.99089184060721, 4.992789373814042, 4.992409867172675, 4.993168880455408, 4.992030360531309, 4.992789373814042, 4.993548387096774, 4.993548387096775, 4.991650853889943, 4.9897533206831115, 4.993548387096774, 4.995445920303606, 4.992030360531309, 4.993927893738141, 4.993168880455408, 4.993168880455408, 4.993548387096775, 4.9943074003795065, 4.994307400379507, 4.9962049335863385, 4.993168880455408, 4.9943074003795065, 4.991650853889943, 4.992409867172675, 4.990512333965844, 4.995066413662239, 4.993927893738141, 4.993168880455408, 4.993548387096774, 4.993168880455408, 4.990891840607211, 4.991271347248578, 4.990132827324478, 4.993548387096775, 4.990891840607211, 4.989373814041746, 4.990512333965845, 4.990891840607211, 4.989373814041746, 4.990512333965844, 4.988614800759013, 4.992409867172675, 4.991271347248578, 4.993548387096774, 4.993168880455408, 4.992789373814042, 4.992030360531309, 4.993168880455408, 4.992030360531309, 4.992789373814042, 4.989753320683112, 4.98899430740038, 4.98899430740038, 4.991650853889944, 4.990891840607211, 4.993168880455408, 4.993548387096774, 4.993548387096774, 4.98899430740038, 4.98899430740038, 4.98899430740038, 4.990891840607211, 4.988614800759014, 4.989373814041746, 4.991650853889944, 4.991271347248577, 4.99089184060721, 4.991271347248577, 4.991650853889943, 4.989753320683112, 4.991271347248577, 4.990132827324478, 4.992030360531309, 4.991650853889943, 4.992789373814042, 4.992409867172675, 4.992789373814042, 4.990512333965844, 4.99089184060721, 4.990132827324478, 4.990512333965844, 4.990132827324478, 4.991271347248577, 4.991271347248577, 4.989753320683112, 4.991650853889943, 4.99089184060721, 4.9943074003795065, 4.992789373814041, 4.991650853889944, 4.992030360531309, 4.992409867172675, 4.992409867172675, 4.99089184060721, 4.989753320683112, 4.993168880455408, 4.99089184060721, 4.992409867172675, 4.995066413662239, 4.992030360531309, 4.993168880455408, 4.992409867172675, 4.991650853889944, 4.991650853889944, 4.993548387096775, 4.993548387096775, 4.993168880455408, 4.993168880455408, 4.992789373814042, 4.9943074003795065, 4.996204933586338, 4.993927893738141, 4.995066413662239, 4.9965844402277035, 4.995445920303606, 4.992030360531309, 4.993927893738141, 4.995825426944972, 4.993927893738141, 4.992789373814041, 4.992409867172675, 4.993548387096775, 4.994686907020873, 4.992030360531309, 4.9943074003795065, 4.9943074003795065, 4.995825426944972, 4.992030360531309, 4.995066413662239, 4.993927893738141, 4.9943074003795065, 4.993168880455408, 4.993168880455408, 4.990891840607211, 4.991650853889943, 4.992030360531309, 4.992789373814041, 4.992789373814041, 4.992409867172675, 4.993927893738141, 4.992789373814042, 4.993168880455408, 4.992030360531309, 4.992789373814042, 4.991271347248577, 4.9943074003795065, 4.992789373814042, 4.993168880455408, 4.991271347248577, 4.99089184060721, 4.992030360531309, 4.990891840607211, 4.991650853889944, 4.992030360531309, 4.990132827324478, 4.992409867172675, 4.990891840607211, 4.990891840607211, 4.991271347248578, 4.993168880455408, 4.990891840607211, 4.992030360531309, 4.992409867172675, 4.9943074003795065, 4.991650853889944, 4.992409867172675, 4.993168880455409, 4.992409867172675, 4.992409867172675, 4.992409867172675, 4.991650853889943, 4.992030360531309, 4.993927893738141, 4.991271347248577, 4.992409867172675, 4.989753320683112, 4.991650853889944, 4.993168880455408, 4.988614800759013, 4.9897533206831115, 4.9874762808349145, 4.992789373814041, 4.990891840607211, 4.991271347248577, 4.990132827324478, 4.992409867172675, 4.991271347248577, 4.990512333965844, 4.991650853889944, 4.992030360531309, 4.991650853889944, 4.990891840607211, 4.991271347248577, 4.989753320683112, 4.991650853889944, 4.993168880455408, 4.992409867172675, 4.990891840607211, 4.990891840607211, 4.990512333965844, 4.992409867172675, 4.990891840607211, 4.992030360531309, 4.990891840607211, 4.990132827324478, 4.992030360531309, 4.992030360531309, 4.992030360531309, 4.991271347248577, 4.992030360531309, 4.992030360531309, 4.993548387096775, 4.990512333965844, 4.99089184060721, 4.992030360531309, 4.992030360531309, 4.992409867172675, 4.992789373814041, 4.990891840607211, 4.991650853889943, 4.993548387096774, 4.992409867172675, 4.990132827324478, 4.993548387096775, 4.991650853889944, 4.991271347248577, 4.990132827324478, 4.992409867172675, 4.990132827324478, 4.991650853889944, 4.990512333965844, 4.990891840607211, 4.990132827324478, 4.990512333965844, 4.9897533206831115, 4.9897533206831115, 4.990512333965844, 4.990132827324478, 4.990891840607211, 4.990891840607211, 4.988614800759013, 4.989753320683112, 4.991271347248577, 4.989373814041746, 4.988235294117647, 4.991271347248577, 4.990512333965844, 4.993548387096774, 4.9897533206831115, 4.993548387096775, 4.993548387096775, 4.993548387096775, 4.992789373814042, 4.992030360531309, 4.99089184060721, 4.991650853889943, 4.992789373814042, 4.993168880455408, 4.992030360531309, 4.9943074003795065, 4.994686907020873, 4.99089184060721, 4.991271347248578, 4.993168880455408, 4.993168880455408, 4.990891840607211, 4.991650853889944, 4.991271347248577, 4.991271347248577, 4.991650853889944, 4.991271347248577, 4.993548387096775, 4.992789373814042, 4.990891840607211, 4.992409867172675, 4.991650853889944, 4.991650853889943, 4.990512333965844, 4.992409867172675, 4.992030360531309, 4.990891840607211, 4.991271347248577, 4.992030360531309, 4.992409867172675, 4.992030360531309, 4.991650853889943, 4.991271347248577, 4.992030360531309, 4.992789373814041, 4.992789373814041, 4.992409867172675, 4.992030360531309, 4.991650853889943, 4.990512333965844, 4.992409867172675, 4.991650853889944, 4.992789373814042, 4.991650853889943, 4.992789373814041, 4.991271347248577, 4.992409867172675, 4.992789373814042, 4.992030360531309, 4.992409867172675, 4.992030360531309, 4.993927893738141, 4.992789373814042, 4.992409867172675, 4.9943074003795065, 4.993548387096774, 4.991271347248578, 4.990512333965844, 4.992409867172675, 4.993168880455408, 4.991650853889943, 4.990891840607211, 4.992789373814042, 4.990512333965844, 4.991271347248577, 4.993927893738141, 4.992789373814042, 4.994686907020873, 4.992030360531309, 4.992030360531309, 4.9943074003795065, 4.989753320683112, 4.992409867172675, 4.991271347248577, 4.990891840607211, 4.991650853889943, 4.992030360531309, 4.992030360531309, 4.992409867172675, 4.991650853889944, 4.992030360531309, 4.992789373814042, 4.9943074003795065, 4.992409867172675, 4.994686907020872, 4.992409867172675, 4.993927893738141, 4.992030360531309, 4.993927893738141, 4.995825426944972, 4.994307400379507, 4.992409867172675, 4.993927893738141, 4.99089184060721, 4.990132827324478, 4.992409867172675, 4.993548387096774, 4.990891840607211, 4.992030360531309, 4.992030360531309, 4.994686907020873, 4.991650853889943, 4.992030360531309, 4.993548387096774, 4.992409867172675, 4.995066413662239, 4.993548387096775, 4.992789373814042, 4.993548387096775, 4.9943074003795065, 4.9943074003795065, 4.993548387096774, 4.992409867172675, 4.993168880455408, 4.993168880455408, 4.993927893738141, 4.993548387096774, 4.993548387096774, 4.9943074003795065, 4.992030360531309, 4.995066413662239, 4.993168880455408, 4.993927893738141, 4.992409867172675, 4.995825426944972, 4.993927893738141, 4.995066413662239, 4.994307400379507, 4.992409867172675, 4.993927893738141]",0.8685466359530709,0.8708376808233824,5,"[33, 33, 33, 33, 33, 33, 33, 33, 33, 33, 33, 20, 13, 11, 11, 11, 10, 8, 7, 6, 6, 6, 6, 6, 6, 6, 6, 6, 6, 5, 5, 5, 5, 5, 5, 5, 5, 5, 5, 5, 5, 5, 5, 5, 5, 5, 5, 5, 5, 5, 5, 5, 5, 5, 5, 5, 5, 5, 5, 5, 5, 5, 5, 5, 5, 5, 5, 5, 5, 5, 5, 5, 5, 5, 5, 5, 5, 5, 5, 5, 5, 5, 5, 5, 5, 5, 5, 5, 5, 5, 5, 5, 5, 5, 5, 5, 5, 5, 5, 5, 5, 5, 5, 5, 5, 5, 5, 5, 5, 5, 5, 5, 5, 5, 5, 5, 5, 5, 5, 5, 5, 5, 5, 5, 5, 5, 5, 5, 5, 5, 5, 5, 5, 5, 5, 5, 5, 5, 5, 5, 5, 5, 5, 5, 5, 5, 5, 5, 5, 5, 5, 5, 5, 5, 5, 5, 5, 5, 5, 5, 5, 5, 5, 5, 5, 5, 5, 5, 5, 5, 5, 5, 5, 5, 5, 5, 5, 5, 5, 5, 5, 5, 5, 5, 5, 5, 5, 5, 5, 5, 5, 5, 5, 5, 5, 5, 5, 5, 5, 5, 5, 5, 5, 5, 5, 5, 5, 5, 5, 5, 5, 5, 5, 5, 5, 5, 5, 5, 5, 5, 5, 5, 5, 5, 5, 5, 5, 5, 5, 5, 5, 5, 5, 5, 5, 5, 5, 5, 5, 5, 5, 5, 5, 5, 5, 5, 5, 5, 5, 5, 5, 5, 5, 5, 5, 5, 5, 5, 5, 5, 5, 5, 5, 5, 5, 5, 5, 5, 5, 5, 5, 5, 5, 5, 5, 5, 5, 5, 5, 5, 5, 5, 5, 5, 5, 5, 5, 5, 5, 5, 5, 5, 5, 5, 5, 5, 5, 5, 5, 5, 5, 5, 5, 5, 5, 5, 5, 5, 5, 5, 5, 5, 5, 5, 5, 5, 5, 5, 5, 5, 5, 5, 5, 5, 5, 5, 5, 5, 5, 5, 5, 5, 5, 5, 5, 5, 5, 5, 5, 5, 5, 5, 5, 5, 5, 5, 5, 5, 5, 5, 5, 5, 5, 5, 5, 5, 5, 5, 5, 5, 5, 5, 5, 5, 5, 5, 5, 5, 5, 5, 5, 5, 5, 5, 5, 5, 5, 5, 5, 5, 5, 5, 5, 5, 5, 5, 5, 5, 5, 5, 5, 5, 5, 5, 5, 5, 5, 5, 5, 5, 5, 5, 5, 5, 5, 5, 5, 5, 5, 5, 5, 5, 5, 5, 5, 5, 5, 5, 5, 5, 5, 5, 5, 5, 5, 5, 5, 5, 5, 5, 5, 5, 5, 5, 5, 5, 5, 5, 5, 5, 5, 5, 5, 5, 5, 5, 5, 5, 5, 5]",450,"[0.3841017782688141, 0.37275564670562744, 0.3658531606197357, 0.35812705755233765, 0.3545006513595581, 0.3585855960845947, 0.347657173871994, 0.3434714376926422, 0.3391530215740204, 0.34268710017204285, 0.33238857984542847, 0.3268589675426483, 0.3214978873729706, 0.33604899048805237, 0.3300968408584595, 0.3335335850715637, 0.33913832902908325, 0.3292507827281952, 0.3285691738128662, 0.3343009948730469, 0.3328207731246948, 0.32764342427253723, 0.33375608921051025, 0.3414823114871979, 0.3167109787464142, 0.3241410553455353, 0.3126119375228882, 0.3231271803379059, 0.32966578006744385, 0.3176374137401581, 0.3081342279911041, 0.3059942126274109, 0.30820026993751526, 0.3037092685699463, 0.3006105124950409, 0.3077298700809479, 0.299317866563797, 0.2980883717536926, 0.29656168818473816, 0.2969357371330261, 0.3066249489784241, 0.29466935992240906, 0.29383715987205505, 0.2979094386100769, 0.29458144307136536, 0.30094966292381287, 0.2991282343864441, 0.2916717827320099, 0.29315704107284546, 0.2904339134693146, 0.2898632884025574, 0.29208940267562866, 0.28828927874565125, 0.28772225975990295, 0.28744199872016907, 0.29051581025123596, 0.2909635305404663, 0.2860565483570099, 0.2981090843677521, 0.28553420305252075, 0.28596293926239014, 0.28438910841941833, 0.28670117259025574, 0.2835623323917389, 0.2842993140220642, 0.28362002968788147, 0.2897215783596039, 0.2840816378593445, 0.2893872559070587, 0.2866102159023285, 0.2839764654636383, 0.28123295307159424, 0.2807556092739105, 0.2834426760673523, 0.28185486793518066, 0.2798590064048767, 0.2936323881149292, 0.2796298861503601, 0.28078794479370117, 0.2796894311904907, 0.280407190322876, 0.2803315222263336, 0.2840547561645508, 0.27738451957702637, 0.28316107392311096, 0.2820272445678711, 0.2763209044933319, 0.27876079082489014, 0.27603548765182495, 0.2779402732849121, 0.2761574983596802, 0.28320249915122986, 0.2754020094871521, 0.30523374676704407, 0.27466559410095215, 0.2764749825000763, 0.2799168527126312, 0.29192331433296204, 0.27497318387031555, 0.27535298466682434, 0.2743929922580719, 0.2779807448387146, 0.27691155672073364, 0.2762819230556488, 0.27252888679504395, 0.2726805806159973, 0.2863866984844208, 0.2729296386241913, 0.2863417863845825, 0.27604103088378906, 0.2746640741825104, 0.2723884880542755, 0.277174711227417, 0.27109792828559875, 0.27849051356315613, 0.2724027931690216, 0.2732424736022949, 0.2718866765499115, 0.27029645442962646, 0.28459012508392334, 0.30488643050193787, 0.26996657252311707, 0.2726304531097412, 0.2699337303638458, 0.274356871843338, 0.269290030002594, 0.2715752422809601, 0.27336829900741577, 0.26969850063323975, 0.26916852593421936, 0.2720673680305481, 0.275541752576828, 0.26867401599884033, 0.2708187401294708, 0.2682604491710663, 0.30101510882377625, 0.26794347167015076, 0.2693605422973633, 0.2681959569454193, 0.26989609003067017, 0.2672939598560333, 0.2685135006904602, 0.2922409474849701, 0.281308650970459, 0.26730215549468994, 0.267539918422699, 0.2776486277580261, 0.2753084599971771, 0.2816285192966461, 0.2693623900413513, 0.2681545913219452, 0.26724356412887573, 0.27085188031196594, 0.2675895690917969, 0.28941866755485535, 0.2664731740951538, 0.26904356479644775, 0.27703210711479187, 0.26663482189178467, 0.2661362588405609, 0.2802269756793976, 0.26813164353370667, 0.3019624650478363, 0.26807746291160583, 0.2664969265460968, 0.26690226793289185, 0.2660425007343292, 0.2672508955001831, 0.2653560936450958, 0.26601752638816833, 0.26750853657722473, 0.2660166025161743, 0.2659622132778168, 0.2712360918521881, 0.266537606716156, 0.2651701867580414, 0.2693222165107727, 0.2663828730583191, 0.2707991898059845, 0.26699239015579224, 0.2715955078601837, 0.2703377604484558, 0.26634615659713745, 0.2660497725009918, 0.2713848352432251, 0.26982781291007996, 0.26916563510894775, 0.2660619616508484, 0.28041911125183105, 0.27151408791542053, 0.2649236023426056, 0.2731628119945526, 0.265104204416275, 0.2650967836380005, 0.2692652642726898, 0.27164697647094727, 0.2671971619129181, 0.2836115062236786, 0.26459091901779175, 0.2763134241104126, 0.2657381296157837, 0.2645844519138336, 0.26481321454048157, 0.2649531662464142, 0.2898780107498169, 0.2695210874080658, 0.28019365668296814, 0.26560330390930176, 0.26427096128463745, 0.26873818039894104, 0.26459139585494995, 0.26431912183761597, 0.2643605172634125, 0.26578032970428467, 0.2650359272956848, 0.27772101759910583, 0.2663377523422241, 0.2703648805618286, 0.2643226087093353, 0.26501980423927307, 0.2827316224575043, 0.26441311836242676, 0.2669607996940613, 0.2674610912799835, 0.2840891182422638, 0.26516953110694885, 0.26434504985809326, 0.2642050087451935, 0.2641679644584656, 0.2652216851711273, 0.26963284611701965, 0.27209198474884033, 0.26717501878738403, 0.2640891373157501, 0.264933705329895, 0.26377415657043457, 0.26447436213493347, 0.26470431685447693, 0.2680090367794037, 0.28943631052970886, 0.2675713300704956, 0.2646108567714691, 0.26703718304634094, 0.26536667346954346, 0.2674514055252075, 0.26765432953834534, 0.2665210962295532, 0.26454803347587585, 0.27460089325904846, 0.26560312509536743, 0.2660370171070099, 0.2638052999973297, 0.2824205160140991, 0.2765677869319916, 0.2636428475379944, 0.26380446553230286, 0.2672743499279022, 0.26588091254234314, 0.2739335298538208, 0.26427599787712097, 0.26722288131713867, 0.2667319178581238, 0.2803637683391571, 0.2761371433734894, 0.2640342116355896, 0.28226399421691895, 0.26527994871139526, 0.270111083984375, 0.2671657204627991, 0.26354172825813293, 0.2664110064506531, 0.2652045786380768, 0.2643374502658844, 0.27263352274894714, 0.2652483284473419, 0.265934556722641, 0.2656156122684479, 0.2703404426574707, 0.2650655508041382, 0.26485154032707214, 0.26995888352394104, 0.2637014091014862, 0.2635725438594818, 0.2643895745277405, 0.2689580023288727, 0.2842983901500702, 0.26821228861808777, 0.27934178709983826, 0.2670518755912781, 0.2690710425376892, 0.2645246982574463, 0.2639261782169342, 0.27117446064949036, 0.26414942741394043, 0.26564913988113403, 0.2747158110141754, 0.2649646997451782, 0.2642475366592407, 0.26487457752227783, 0.2656971216201782, 0.2636491060256958, 0.26504403352737427, 0.2653732895851135, 0.26437216997146606, 0.2654801309108734, 0.26512038707733154, 0.2640117406845093, 0.2662241458892822, 0.26914915442466736, 0.2704642415046692, 0.30399787425994873, 0.27497658133506775, 0.27495062351226807, 0.2667708694934845, 0.2653556764125824, 0.2634117305278778, 0.2740514874458313, 0.2789844870567322, 0.26459309458732605, 0.26606982946395874, 0.2700190544128418, 0.26664087176322937, 0.2641585171222687, 0.27221915125846863, 0.265421986579895, 0.2671571373939514, 0.26759785413742065, 0.2645600736141205, 0.2642001807689667, 0.26871344447135925, 0.2634814381599426, 0.26351168751716614, 0.2636122405529022, 0.26420581340789795, 0.2635158598423004, 0.27176859974861145, 0.2636067867279053, 0.27040839195251465, 0.2656177580356598, 0.27770528197288513, 0.26349496841430664, 0.26549863815307617, 0.26664403080940247, 0.26472729444503784, 0.2674379050731659, 0.26577767729759216, 0.2822067439556122, 0.2692073881626129, 0.2712663412094116, 0.26433542370796204, 0.26737090945243835, 0.26494207978248596, 0.26405221223831177, 0.28345319628715515, 0.2669265866279602, 0.26377636194229126, 0.27341634035110474, 0.26466938853263855, 0.2643928527832031, 0.26971158385276794, 0.2823728621006012, 0.2658308744430542, 0.266207218170166, 0.2706522047519684, 0.2671695649623871, 0.2784470021724701, 0.26496604084968567, 0.26405826210975647, 0.26903849840164185, 0.27214014530181885, 0.2648385763168335, 0.26679354906082153, 0.2636743485927582, 0.2783043682575226, 0.2642853260040283, 0.26678040623664856, 0.2650848925113678, 0.2649048864841461, 0.2634141445159912, 0.2829570472240448, 0.2687568962574005, 0.271533340215683, 0.2753266394138336, 0.26821839809417725, 0.26429012417793274, 0.26367348432540894, 0.2738620638847351, 0.26471155881881714, 0.2647513747215271, 0.26637744903564453, 0.2644091844558716, 0.2667568624019623, 0.26320680975914, 0.2644757032394409, 0.2687534987926483, 0.263807088136673, 0.27046823501586914, 0.2635253071784973, 0.2664887011051178, 0.2658621072769165, 0.26475974917411804, 0.2640435993671417, 0.2634581923484802, 0.2669769525527954, 0.2635500431060791, 0.26932960748672485, 0.2759712040424347, 0.277098149061203, 0.26331818103790283, 0.26786351203918457, 0.26352226734161377, 0.26351916790008545, 0.2713078260421753, 0.2639477550983429, 0.26440632343292236, 0.2731466591358185, 0.2685922086238861, 0.27002841234207153, 0.26914843916893005, 0.26659566164016724, 0.270152747631073, 0.2658662497997284, 0.2647272050380707, 0.26414573192596436, 0.2728642523288727, 0.26652345061302185, 0.2663688063621521, 0.2635346055030823, 0.26416996121406555, 0.2677876353263855, 0.2644962966442108, 0.2638857960700989, 0.2657739818096161, 0.26463425159454346, 0.26449286937713623, 0.2637524902820587, 0.2643536925315857, 0.26438719034194946, 0.2769263982772827, 0.2649480402469635, 0.2633858621120453, 0.2680760622024536, 0.26377177238464355, 0.27333226799964905, 0.26749202609062195, 0.2683921754360199, 0.264870822429657, 0.26474496722221375, 0.2660132348537445, 0.26456335186958313]",5.0,"[33.0, 33.0, 33.0, 33.0, 33.0, 33.0, 33.0, 33.0, 33.0, 33.0, 33.0, 20.0, 13.0, 11.0, 11.0, 11.0, 10.0, 8.0, 7.0, 6.0, 6.0, 6.0, 6.0, 6.0, 6.0, 6.0, 6.0, 6.0, 6.0, 5.0, 5.0, 5.0, 5.0, 5.0, 5.0, 5.0, 5.0, 5.0, 5.0, 5.0, 5.0, 5.0, 5.0, 5.0, 5.0, 5.0, 5.0, 5.0, 5.0, 5.0, 5.0, 5.0, 5.0, 5.0, 5.0, 5.0, 5.0, 5.0, 5.0, 5.0, 5.0, 5.0, 5.0, 5.0, 5.0, 5.0, 5.0, 5.0, 5.0, 5.0, 5.0, 5.0, 5.0, 5.0, 5.0, 5.0, 5.0, 5.0, 5.0, 5.0, 5.0, 5.0, 5.0, 5.0, 5.0, 5.0, 5.0, 5.0, 5.0, 5.0, 5.0, 5.0, 5.0, 5.0, 5.0, 5.0, 5.0, 5.0, 5.0, 5.0, 5.0, 5.0, 5.0, 5.0, 5.0, 5.0, 5.0, 5.0, 5.0, 5.0, 5.0, 5.0, 5.0, 5.0, 5.0, 5.0, 5.0, 5.0, 5.0, 5.0, 5.0, 5.0, 5.0, 