,number,value,datetime_start,datetime_complete,duration,params_batch_size_scaler,params_constant_learning_rate,params_depth,params_epochs,params_kernel_l2,params_num_trees,params_temperature,user_attrs_accuracy_test,user_attrs_accuracy_valid,user_attrs_approximate_feature_sparsity,user_attrs_approximate_feature_sparsity_history,user_attrs_approximate_weight_sparsity,user_attrs_approximate_weight_sparsity_history,user_attrs_auc_test,user_attrs_auc_valid,user_attrs_feature_sparsity,user_attrs_feature_sparsity_history,user_attrs_num_epochs,user_attrs_val_loss_history,user_attrs_weight_sparsity,user_attrs_weight_sparsity_history,state
26,26,0.5,2024-08-31 01:22:16.902489,2024-08-31 01:23:46.174915,0 days 00:01:29.272426,4,0.15692989584303432,1,495,0.07911479797927103,52,0.06151861993290016,0.859,0.85875,0,"[33, 30, 28, 25, 21, 19, 17, 13, 9, 6, 3, 3, 3, 3, 3, 3, 3, 3, 3, 3, 3, 3, 3, 3, 3, 3, 3, 3, 3, 3, 3, 3, 3, 3, 3, 3, 3, 3, 3, 3, 3, 3, 3, 3, 3, 3, 3, 3, 3, 3, 2, 2, 2, 2, 2, 2, 2, 2, 2, 2, 2, 2, 1, 1, 1, 1, 1, 1, 1, 1, 1, 1, 1, 1, 1, 1, 1, 1, 1, 1, 1, 1, 1, 1, 1, 1, 1, 1, 1, 1, 1, 1, 1, 1, 1, 1, 1, 1, 1, 1, 1, 1, 1, 1, 1, 1, 1, 1, 1, 1, 1, 1, 1, 1, 1, 1, 1, 1, 1, 1, 1, 1, 1, 1, 1, 1, 1, 1, 1, 1, 1, 1, 1, 1, 1, 1, 1, 1, 1, 1, 1, 1, 1, 1, 1, 1, 1, 1, 1, 1, 1, 1, 1, 1, 1, 1, 1, 1, 0, 0, 0, 0, 0, 0, 0, 0, 0, 0, 0, 0, 0, 0, 0, 0, 0, 0, 0, 0, 0, 0, 0, 0, 0, 0, 0, 0, 0, 0, 0, 0, 0, 0, 0, 0, 0, 0, 0, 0, 0, 0, 0, 0, 0, 0, 0, 0, 0, 0, 0, 0, 0, 0, 0, 0, 0, 0, 0, 0, 0, 0, 0, 0, 0, 0, 0, 0, 0, 0, 0, 0, 0, 0, 0, 0, 0, 0, 0, 0, 0, 0, 0, 0, 0, 0, 0, 0, 0, 0, 0, 0, 0, 0, 0, 0, 0, 0, 0, 0, 0, 0, 0, 0, 0, 0, 0, 0, 0, 0, 0, 0, 0, 0, 0, 0, 0, 0, 0, 0, 0, 0, 0, 0, 0, 0, 0, 0, 0, 0, 0, 0, 0, 0, 0, 0, 0, 0, 0, 0, 0, 0, 0, 0, 0, 0, 0, 0, 0, 0, 0, 0, 0, 0, 0, 0, 0, 0, 0, 0, 0, 0, 0, 0, 0, 0, 0, 0, 0, 0, 0, 0, 0, 0, 0, 0, 0, 0, 0, 0, 0, 0, 0, 0, 0, 0, 0, 0, 0, 0, 0, 0, 0, 0, 0, 0, 0, 0, 0, 0, 0, 0, 0, 0, 0, 0, 0, 0, 0, 0, 0, 0, 0, 0, 0, 0, 0, 0, 0, 0, 0, 0, 0, 0, 0, 0, 0, 0, 0, 0, 0, 0, 0, 0, 0, 0, 0, 0, 0, 0, 0, 0, 0, 0, 0, 0, 0, 0, 0, 0, 0, 0, 0, 0, 0, 0, 0, 0, 0, 0, 0, 0, 0, 0, 0, 0, 0, 0, 0, 0, 0, 0, 0, 0, 0, 0, 0, 0, 0, 0, 0, 0, 0, 0, 0, 0, 0, 0, 0, 0, 0, 0, 0, 0, 0, 0, 0, 0, 0, 0, 0, 0, 0, 0, 0, 0, 0, 0, 0, 0, 0, 0, 0, 0, 0, 0, 0, 0, 0, 0, 0, 0, 0, 0, 0, 0, 0, 0, 0, 0, 0, 0, 0, 0, 0, 0, 0]",0.0,"[33.0, 30.0, 27.98076923076923, 25.0, 21.0, 19.0, 17.0, 13.0, 9.0, 6.0, 3.0, 3.0, 3.0, 3.0, 3.0, 3.0, 3.0, 3.0, 3.0, 3.0, 3.0, 3.0, 3.0, 3.0, 2.980769230769231, 3.0, 3.0, 3.0, 3.0, 3.0, 3.0, 3.0, 3.0, 3.0, 3.0, 3.0, 3.0, 3.0, 3.0, 2.980769230769231, 3.0, 3.0, 3.0, 3.0, 3.0, 3.0, 3.0, 3.0, 3.0, 3.0, 2.0, 2.0, 2.0, 2.0, 2.0, 2.0, 2.0, 2.0, 2.0, 2.0, 2.0, 2.0, 1.0, 1.0, 1.0, 1.0, 1.0, 1.0, 1.0, 1.0, 1.0, 1.0, 1.0, 1.0, 1.0, 1.0, 1.0, 1.0, 1.0, 1.0, 1.0, 1.0, 1.0, 1.0, 1.0, 1.0, 1.0, 1.0, 1.0, 1.0, 1.0, 1.0, 1.0, 1.0, 1.0, 1.0, 0.9807692307692307, 1.0, 1.0, 1.0, 1.0, 1.0, 1.0, 1.0, 1.0, 1.0, 1.0, 1.0, 1.0, 1.0, 1.0, 1.0, 1.0, 1.0, 1.0, 1.0, 1.0, 1.0, 0.9807692307692307, 0.9807692307692307, 0.9807692307692307, 1.0, 1.0, 1.0, 1.0, 1.0, 1.0, 1.0, 1.0, 1.0, 1.0, 1.0, 1.0, 1.0, 1.0, 1.0, 1.0, 1.0, 1.0, 1.0, 1.0, 1.0, 1.0, 1.0, 1.0, 1.0, 1.0, 1.0, 1.0, 1.0, 1.0, 1.0, 1.0, 1.0, 1.0, 1.0, 1.0, 1.0, 0.0, 0.0, 0.0, 0.0, 0.0, 0.0, 0.0, 0.0, 0.0, 0.0, 0.0, 0.0, 0.0, 0.0, 0.0, 0.0, 0.0, 0.0, 0.0, 0.0, 0.0, 0.0, 0.0, 0.0, 0.0, 0.0, 0.0, 0.0, 0.0, 0.0, 0.0, 0.0, 0.0, 0.0, 0.0, 0.0, 0.0, 0.0, 0.0, 0.0, 0.0, 0.0, 0.0, 0.0, 0.0, 0.0, 0.0, 0.0, 0.0, 0.0, 0.0, 0.0, 0.0, 0.0, 0.0, 0.0, 0.0, 0.0, 0.0, 0.0, 0.0, 0.0, 0.0, 0.0, 0.0, 0.0, 0.0, 0.0, 0.0, 0.0, 0.0, 0.0, 0.0, 0.0, 0.0, 0.0, 0.0, 0.0, 0.0, 0.0, 0.0, 0.0, 0.0, 0.0, 0.0, 0.0, 0.0, 0.0, 0.0, 0.0, 0.0, 0.0, 0.0, 0.0, 0.0, 0.0, 0.0, 0.0, 0.0, 0.0, 0.0, 0.0, 0.0, 0.0, 0.0, 0.0, 0.0, 0.0, 0.0, 0.0, 0.0, 0.0, 0.0, 0.0, 0.0, 0.0, 0.0, 0.0, 0.0, 0.0, 0.0, 0.0, 0.0, 0.0, 0.0, 0.0, 0.0, 0.0, 0.0, 0.0, 0.0, 0.0, 0.0, 0.0, 0.0, 0.0, 0.0, 0.0, 0.0, 0.0, 0.0, 0.0, 0.0, 0.0, 0.0, 0.0, 0.0, 0.0, 0.0, 0.0, 0.0, 0.0, 0.0, 0.0, 0.0, 0.0, 0.0, 0.0, 0.0, 0.0, 0.0, 0.0, 0.0, 0.0, 0.0, 0.0, 0.0, 0.0, 0.0, 0.0, 0.0, 0.0, 0.0, 0.0, 0.0, 0.0, 0.0, 0.0, 0.0, 0.0, 0.0, 0.0, 0.0, 0.0, 0.0, 0.0, 0.0, 0.0, 0.0, 0.0, 0.0, 0.0, 0.0, 0.0, 0.0, 0.0, 0.0, 0.0, 0.0, 0.0, 0.0, 0.0, 0.0, 0.0, 0.0, 0.0, 0.0, 0.0, 0.0, 0.0, 0.0, 0.0, 0.0, 0.0, 0.0, 0.0, 0.0, 0.0, 0.0, 0.0, 0.0, 0.0, 0.0, 0.0, 0.0, 0.0, 0.0, 0.0, 0.0, 0.0, 0.0, 0.0, 0.0, 0.0, 0.0, 0.0, 0.0, 0.0, 0.0, 0.0, 0.0, 0.0, 0.0, 0.0, 0.0, 0.0, 0.0, 0.0, 0.0, 0.0, 0.0, 0.0, 0.0, 0.0, 0.0, 0.0, 0.0, 0.0, 0.0, 0.0, 0.0, 0.0, 0.0, 0.0, 0.0, 0.0, 0.0, 0.0, 0.0, 0.0, 0.0, 0.0, 0.0, 0.0, 0.0, 0.0, 0.0, 0.0, 0.0, 0.0, 0.0, 0.0, 0.0, 0.0, 0.0, 0.0, 0.0, 0.0, 0.0, 0.0, 0.0, 0.0, 0.0, 0.0, 0.0, 0.0, 0.0, 0.0, 0.0, 0.0, 0.0, 0.0, 0.0, 0.0, 0.0, 0.0, 0.0, 0.0, 0.0, 0.0, 0.0, 0.0, 0.0, 0.0, 0.0, 0.0, 0.0, 0.0, 0.0, 0.0, 0.0, 0.0, 0.0, 0.0, 0.0, 0.0, 0.0, 0.0, 0.0, 0.0, 0.0, 0.0, 0.0, 0.0, 0.0, 0.0, 0.0]",0.5,0.5,0,"[33, 30, 28, 25, 21, 19, 17, 13, 9, 6, 3, 3, 3, 3, 3, 3, 3, 3, 3, 3, 3, 3, 3, 3, 3, 3, 3, 3, 3, 3, 3, 3, 3, 3, 3, 3, 3, 3, 3, 3, 3, 3, 3, 3, 3, 3, 3, 3, 3, 3, 2, 2, 2, 2, 2, 2, 2, 2, 2, 2, 2, 2, 1, 1, 1, 1, 1, 1, 1, 1, 1, 1, 1, 1, 1, 1, 1, 1, 1, 1, 1, 1, 1, 1, 1, 1, 1, 1, 1, 1, 1, 1, 1, 1, 1, 1, 1, 1, 1, 1, 1, 1, 1, 1, 1, 1, 1, 1, 1, 1, 1, 1, 1, 1, 1, 1, 1, 1, 1, 1, 1, 1, 1, 1, 1, 1, 1, 1, 1, 1, 1, 1, 1, 1, 1, 1, 1, 1, 1, 1, 1, 1, 1, 1, 1, 1, 1, 1, 1, 1, 1, 1, 1, 1, 1, 1, 1, 1, 0, 0, 0, 0, 0, 0, 0, 0, 0, 0, 0, 0, 0, 0, 0, 0, 0, 0, 0, 0, 0, 0, 0, 0, 0, 0, 0, 0, 0, 0, 0, 0, 0, 0, 0, 0, 0, 0, 0, 0, 0, 0, 0, 0, 0, 0, 0, 0, 0, 0, 0, 0, 0, 0, 0, 0, 0, 0, 0, 0, 0, 0, 0, 0, 0, 0, 0, 0, 0, 0, 0, 0, 0, 0, 0, 0, 0, 0, 0, 0, 0, 0, 0, 0, 0, 0, 0, 0, 0, 0, 0, 0, 0, 0, 0, 0, 0, 0, 0, 0, 0, 0, 0, 0, 0, 0, 0, 0, 0, 0, 0, 0, 0, 0, 0, 0, 0, 0, 0, 0, 0, 0, 0, 0, 0, 0, 0, 0, 0, 0, 0, 0, 0, 0, 0, 0, 0, 0, 0, 0, 0, 0, 0, 0, 0, 0, 0, 0, 0, 0, 0, 0, 0, 0, 0, 0, 0, 0, 0, 0, 0, 0, 0, 0, 0, 0, 0, 0, 0, 0, 0, 0, 0, 0, 0, 0, 0, 0, 0, 0, 0, 0, 0, 0, 0, 0, 0, 0, 0, 0, 0, 0, 0, 0, 0, 0, 0, 0, 0, 0, 0, 0, 0, 0, 0, 0, 0, 0, 0, 0, 0, 0, 0, 0, 0, 0, 0, 0, 0, 0, 0, 0, 0, 0, 0, 0, 0, 0, 0, 0, 0, 0, 0, 0, 0, 0, 0, 0, 0, 0, 0, 0, 0, 0, 0, 0, 0, 0, 0, 0, 0, 0, 0, 0, 0, 0, 0, 0, 0, 0, 0, 0, 0, 0, 0, 0, 0, 0, 0, 0, 0, 0, 0, 0, 0, 0, 0, 0, 0, 0, 0, 0, 0, 0, 0, 0, 0, 0, 0, 0, 0, 0, 0, 0, 0, 0, 0, 0, 0, 0, 0, 0, 0, 0, 0, 0, 0, 0, 0, 0, 0, 0, 0, 0, 0, 0, 0, 0, 0, 0, 0, 0, 0, 0, 0, 0, 0, 0, 0, 0, 0, 0, 0, 0, 0, 0, 0]",495,"[0.4438801109790802, 0.41956162452697754, 0.4076699912548065, 0.40014591813087463, 0.39061447978019714, 0.37847328186035156, 0.36884766817092896, 0.3669501841068268, 0.35075682401657104, 0.37894195318222046, 0.37445536255836487, 0.3672467768192291, 0.3662181794643402, 0.4013705849647522, 0.36404454708099365, 0.3750595450401306, 0.36250895261764526, 0.3711375296115875, 0.36110419034957886, 0.3636891543865204, 0.36025452613830566, 0.3758150339126587, 0.3662567138671875, 0.35935309529304504, 0.35892027616500854, 0.35868144035339355, 0.3592184782028198, 0.36485129594802856, 0.3597806990146637, 0.3582109808921814, 0.3905450105667114, 0.35662296414375305, 0.35742175579071045, 0.35674017667770386, 0.3634299337863922, 0.367559552192688, 0.3559737801551819, 0.36638182401657104, 0.3911289572715759, 0.3611460030078888, 0.3633035719394684, 0.3564967215061188, 0.35626232624053955, 0.3655455410480499, 0.3559032678604126, 0.3639320731163025, 0.37662965059280396, 0.36840739846229553, 0.3679273724555969, 0.36221542954444885, 0.37738242745399475, 0.38806161284446716, 0.38552865386009216, 0.38344860076904297, 0.38357993960380554, 0.38709506392478943, 0.3863246440887451, 0.37991318106651306, 0.37994328141212463, 0.3851878345012665, 0.37743309140205383, 0.3801702558994293, 0.3933039903640747, 0.3931824862957001, 0.39558154344558716, 0.4091498851776123, 0.3972221612930298, 0.40745994448661804, 0.4215907156467438, 0.4042253792285919, 0.39424237608909607, 0.4018365442752838, 0.408669114112854, 0.4046020209789276, 0.4076744019985199, 0.39661070704460144, 0.3986634910106659, 0.3967420160770416, 0.39315512776374817, 0.4102603793144226, 0.3932623565196991, 0.3930102288722992, 0.40971916913986206, 0.40480831265449524, 0.3972386121749878, 0.3930748701095581, 0.4138542115688324, 0.4294433891773224, 0.39452725648880005, 0.39297667145729065, 0.39913612604141235, 0.3930460810661316, 0.394037663936615, 0.4059485197067261, 0.39932146668434143, 0.3981999456882477, 0.40499332547187805, 0.3949333429336548, 0.39294424653053284, 0.40546226501464844, 0.40029823780059814, 0.39292392134666443, 0.3929142653942108, 0.3969099521636963, 0.39312195777893066, 0.3954024910926819, 0.3929142653942108, 0.39289915561676025, 0.41576477885246277, 0.3950585126876831, 0.403952032327652, 0.3929140865802765, 0.3987942039966583, 0.411321759223938, 0.3930545449256897, 0.3976360261440277, 0.39794716238975525, 0.39316749572753906, 0.42266845703125, 0.393298864364624, 0.3949761986732483, 0.39478299021720886, 0.41020452976226807, 0.3937530517578125, 0.3943239152431488, 0.4089115560054779, 0.3932110667228699, 0.41007527709007263, 0.3946467339992523, 0.39360836148262024, 0.3930704593658447, 0.3930627107620239, 0.4059876501560211, 0.39934155344963074, 0.39414504170417786, 0.393892377614975, 0.42906802892684937, 0.40874695777893066, 0.3985561728477478, 0.4091798663139343, 0.4005885422229767, 0.4178394079208374, 0.4274113178253174, 0.3967263400554657, 0.4012821614742279, 0.40759414434432983, 0.3937528729438782, 0.3928464949131012, 0.3950030207633972, 0.40334194898605347, 0.39522507786750793, 0.4365328550338745, 0.39633139967918396, 0.3956187069416046, 0.4074949622154236, 0.4161211848258972, 0.3927893042564392, 0.39436301589012146, 0.4084295630455017, 0.40842509269714355, 0.40722793340682983, 0.4115411341190338, 0.4085889458656311, 0.4084690511226654, 0.4175977408885956, 0.4113762676715851, 0.4083552658557892, 0.4087975323200226, 0.4153999984264374, 0.41075846552848816, 0.4072338044643402, 0.4084120988845825, 0.4081617593765259, 0.4180511236190796, 0.40722644329071045, 0.40835219621658325, 0.4119427502155304, 0.4271925091743469, 0.40748128294944763, 0.4145846664905548, 0.4115985631942749, 0.4072268307209015, 0.408100962638855, 0.42771050333976746, 0.411626398563385, 0.41162821650505066, 0.40752938389778137, 0.4235396981239319, 0.40757355093955994, 0.40947502851486206, 0.418363481760025, 0.4107292592525482, 0.4082176983356476, 0.42426276206970215, 0.40821877121925354, 0.41137877106666565, 0.4083009362220764, 0.4107274115085602, 0.40753254294395447, 0.4086070656776428, 0.4117652475833893, 0.4162539541721344, 0.43337714672088623, 0.4143234193325043, 0.41617608070373535, 0.42344608902931213, 0.4073234796524048, 0.4072282314300537, 0.4072268605232239, 0.41178008913993835, 0.4078041911125183, 0.4134688079357147, 0.4091823995113373, 0.4083911180496216, 0.4073457717895508, 0.4076220989227295, 0.4084116220474243, 0.4077299237251282, 0.40722721815109253, 0.41601258516311646, 0.4104002118110657, 0.4143398702144623, 0.41161099076271057, 0.40775924921035767, 0.4177021086215973, 0.4115886986255646, 0.40790894627571106, 0.4115945100784302, 0.41144225001335144, 0.4083322584629059, 0.4157293438911438, 0.41045844554901123, 0.41053903102874756, 0.5238307118415833, 0.40725177526474, 0.41195911169052124, 0.4254015386104584, 0.4079817235469818, 0.4128635823726654, 0.4073381721973419, 0.41829541325569153, 0.4174734950065613, 0.4182025194168091, 0.40837815403938293, 0.4083072543144226, 0.4385625422000885, 0.4103175699710846, 0.4557046890258789, 0.41002342104911804, 0.41544345021247864, 0.4213401675224304, 0.40922442078590393, 0.4113636314868927, 0.4072295129299164, 0.42471572756767273, 0.40830472111701965, 0.40739601850509644, 0.40725064277648926, 0.4091712236404419, 0.4072434902191162, 0.4082777798175812, 0.4072408974170685, 0.42660221457481384, 0.43686842918395996, 0.4086046516895294, 0.4116184711456299, 0.4172704219818115, 0.4107801914215088, 0.4121721684932709, 0.411719411611557, 0.4096156656742096, 0.4171260595321655, 0.4099560081958771, 0.4083240032196045, 0.41451793909072876, 0.41714513301849365, 0.40845787525177, 0.4194638133049011, 0.4079219102859497, 0.4172859191894531, 0.4302888810634613, 0.4083692133426666, 0.4555589258670807, 0.41749656200408936, 0.41661906242370605, 0.40798360109329224, 0.4083901643753052, 0.41095489263534546, 0.4086204171180725, 0.4072273373603821, 0.4072275459766388, 0.4084291160106659, 0.4091290533542633, 0.4124370515346527, 0.40830641984939575, 0.4172247350215912, 0.4114249348640442, 0.429454505443573, 0.4076930284500122, 0.41140592098236084, 0.408221960067749, 0.41203776001930237, 0.40839576721191406, 0.42568933963775635, 0.4116024374961853, 0.4200085401535034, 0.4232673645019531, 0.4237285554409027, 0.41179782152175903, 0.41723182797431946, 0.4105728566646576, 0.417151540517807, 0.41204148530960083, 0.4072284400463104, 0.42402347922325134, 0.40828168392181396, 0.4073498845100403, 0.4505895674228668, 0.40923553705215454, 0.41043582558631897, 0.4180152118206024, 0.41168513894081116, 0.4269425868988037, 0.43350455164909363, 0.4077085852622986, 0.40981990098953247, 0.41618552803993225, 0.41744160652160645, 0.4085722863674164, 0.4072442352771759, 0.41662898659706116, 0.4118123948574066, 0.4080812931060791, 0.4200795888900757, 0.41205036640167236, 0.40765562653541565, 0.4092916250228882, 0.4084848463535309, 0.41727393865585327, 0.41156983375549316, 0.4145134687423706, 0.4073038399219513, 0.41656002402305603, 0.40953966975212097, 0.4500335454940796, 0.40735703706741333, 0.4202440679073334, 0.41449877619743347, 0.4081973135471344, 0.4272494912147522, 0.40770378708839417, 0.40724316239356995, 0.41163426637649536, 0.4167323708534241, 0.408991277217865, 0.4237295389175415, 0.4073445200920105, 0.40817490220069885, 0.4196423590183258, 0.4139697551727295, 0.4202747344970703, 0.4118344783782959, 0.41208910942077637, 0.4076002240180969, 0.4105939567089081, 0.41728153824806213, 0.40807196497917175, 0.42144694924354553, 0.40724846720695496, 0.44669201970100403, 0.4073121249675751, 0.40745776891708374, 0.4263433516025543, 0.44900161027908325, 0.41808491945266724, 0.40976718068122864, 0.4072278141975403, 0.42540180683135986, 0.4172588288784027, 0.4123927056789398, 0.41049259901046753, 0.4079839587211609, 0.40819111466407776, 0.42370525002479553, 0.40953829884529114, 0.40724867582321167, 0.42331746220588684, 0.41172873973846436, 0.407227098941803, 0.40913742780685425, 0.41378065943717957, 0.45296573638916016, 0.41649407148361206, 0.41582104563713074, 0.42028138041496277, 0.4116411507129669, 0.4123470187187195, 0.4174775779247284, 0.41275542974472046, 0.4080588221549988, 0.4086213707923889, 0.40772441029548645, 0.4099549949169159, 0.4337025582790375, 0.4270034432411194, 0.40722712874412537, 0.40804237127304077, 0.41201478242874146, 0.4419128894805908, 0.4109885096549988, 0.4174976050853729, 0.4073691964149475, 0.4090796411037445, 0.40890711545944214, 0.46239134669303894, 0.41767674684524536, 0.41441836953163147, 0.4319706857204437, 0.4096945822238922, 0.40828564763069153, 0.4085453748703003, 0.4073878526687622, 0.42330819368362427, 0.4312092065811157, 0.4126583933830261, 0.4082009494304657, 0.42688778042793274, 0.4174709618091583, 0.41174304485321045, 0.43885186314582825, 0.41742298007011414, 0.40813007950782776, 0.4251491129398346, 0.4178435504436493, 0.4083893597126007, 0.4172011911869049, 0.4081646203994751, 0.43163439631462097, 0.41173624992370605, 0.4084131121635437, 0.4076407551765442, 0.40820735692977905, 0.4114793837070465, 0.4407919943332672, 0.4107424020767212, 0.4072350561618805, 0.4540988504886627, 0.40722769498825073, 0.4077076315879822, 0.40884101390838623, 0.41471898555755615, 0.4072282016277313, 0.4098508059978485, 0.4074024558067322, 0.4386816918849945, 0.4139883518218994, 0.41176143288612366, 0.419562429189682, 0.41766443848609924, 0.4312686026096344, 0.40864861011505127, 0.4072404205799103, 0.4163583517074585, 0.4084964692592621, 0.4166550934314728, 0.4111989140510559, 0.4105224907398224, 0.40789544582366943, 0.4073410928249359, 0.41645392775535583, 0.4072946608066559, 0.4072444438934326, 0.4140318036079407, 0.40840572118759155, 0.40853092074394226, 0.452504426240921, 0.4190717935562134, 0.4493953287601471, 0.4116111993789673, 0.4083898067474365, 0.408356636762619, 0.41634705662727356, 0.40725839138031006, 0.42525550723075867, 0.4441291093826294, 0.41718465089797974, 0.4336497485637665, 0.41712525486946106, 0.4114794433116913, 0.4085606336593628, 0.40723857283592224, 0.4118502736091614, 0.40879517793655396, 0.4168831706047058, 0.47025254368782043]",0.0,"[33.0, 30.0, 28.0, 25.0, 21.0, 19.0, 17.0, 13.0, 9.0, 6.0, 3.0, 3.0, 3.0, 3.0, 3.0, 3.0, 3.0, 3.0, 3.0, 3.0, 3.0, 3.0, 3.0, 3.0, 3.0, 3.0, 3.0, 3.0, 3.0, 3.0, 3.0, 3.0, 3.0, 3.0, 3.0, 3.0, 3.0, 3.0, 3.0, 3.0, 3.0, 3.0, 3.0, 3.0, 3.0, 3.0, 3.0, 3.0, 3.0, 3.0, 2.0, 2.0, 2.0, 2.0, 2.0, 2.0, 2.0, 2.0, 2.0, 2.0, 2.0, 2.0, 1.0, 1.0, 1.0, 1.0, 1.0, 1.0, 1.0, 1.0, 1.0, 1.0, 1.0, 1.0, 1.0, 1.0, 1.0, 1.0, 1.0, 1.0, 1.0, 1.0, 1.0, 1.0, 1.0, 1.0, 1.0, 1.0, 1.0, 1.0, 1.0, 1.0, 1.0, 1.0, 1.0, 1.0, 1.0, 1.0, 1.0, 1.0, 1.0, 1.0, 1.0, 1.0, 1.0, 1.0, 1.0, 1.0, 1.0, 1.0, 1.0, 1.0, 1.0, 1.0, 1.0, 1.0, 1.0, 1.0, 1.0, 1.0, 1.0, 1.0, 1.0, 1.0, 1.0, 1.0, 1.0, 1.0, 1.0, 1.0, 1.0, 1.0, 1.0, 1.0, 1.0, 1.0, 1.0, 1.0, 1.0, 1.0, 1.0, 1.0, 1.0, 1.0, 1.0, 1.0, 1.0, 1.0, 1.0, 1.0, 1.0, 1.0, 1.0, 1.0, 1.0, 1.0, 1.0, 1.0, 0.0, 0.0, 0.0, 0.0, 0.0, 0.0, 0.0, 0.0, 0.0, 0.0, 0.0, 0.0, 0.0, 0.0, 0.0, 0.0, 0.0, 0.0, 0.0, 0.0, 0.0, 0.0, 0.0, 0.0, 0.0, 0.0, 0.0, 0.0, 0.0, 0.0, 0.0, 0.0, 0.0, 0.0, 0.0, 0.0, 0.0, 0.0, 0.0, 0.0, 0.0, 0.0, 0.0, 0.0, 0.0, 0.0, 0.0, 0.0, 0.0, 0.0, 0.0, 0.0, 0.0, 0.0, 0.0, 0.0, 0.0, 0.0, 0.0, 0.0, 0.0, 0.0, 0.0, 0.0, 0.0, 0.0, 0.0, 0.0, 0.0, 0.0, 0.0, 0.0, 0.0, 0.0, 0.0, 0.0, 0.0, 0.0, 0.0, 0.0, 0.0, 0.0, 0.0, 0.0, 0.0, 0.0, 0.0, 0.0, 0.0, 0.0, 0.0, 0.0, 0.0, 0.0, 0.0, 0.0, 0.0, 0.0, 0.0, 0.0, 0.0, 0.0, 0.0, 0.0, 0.0, 0.0, 0.0, 0.0, 0.0, 0.0, 0.0, 0.0, 0.0, 0.0, 0.0, 0.0, 0.0, 0.0, 0.0, 0.0, 0.0, 0.0, 0.0, 0.0, 0.0, 0.0, 0.0, 0.0, 0.0, 0.0, 0.0, 0.0, 0.0, 0.0, 0.0, 0.0, 0.0, 0.0, 0.0, 0.0, 0.0, 0.0, 0.0, 0.0, 0.0, 0.0, 0.0, 0.0, 0.0, 0.0, 0.0, 0.0, 0.0, 0.0, 0.0, 0.0, 0.0, 0.0, 0.0, 0.0, 0.0, 0.0, 0.0, 0.0, 0.0, 0.0, 0.0, 0.0, 0.0, 0.0, 0.0, 0.0, 0.0, 0.0, 0.0, 0.0, 0.0, 0.0, 0.0, 0.0, 0.0, 0.0, 0.0, 0.0, 0.0, 0.0, 0.0, 0.0, 0.0, 0.0, 0.0, 0.0, 0.0, 0.0, 0.0, 0.0, 0.0, 0.0, 0.0, 0.0, 0.0, 0.0, 0.0, 0.0, 0.0, 0.0, 0.0, 0.0, 0.0, 0.0, 0.0, 0.0, 0.0, 0.0, 0.0, 0.0, 0.0, 0.0, 0.0, 0.0, 0.0, 0.0, 0.0, 0.0, 0.0, 0.0, 0.0, 0.0, 0.0, 0.0, 0.0, 0.0, 0.0, 0.0, 0.0, 0.0, 0.0, 0.0, 0.0, 0.0, 0.0, 0.0, 0.0, 0.0, 0.0, 0.0, 0.0, 0.0, 0.0, 0.0, 0.0, 0.0, 0.0, 0.0, 0.0, 0.0, 0.0, 0.0, 0.0, 0.0, 0.0, 0.0, 0.0, 0.0, 0.0, 0.0, 0.0, 0.0, 0.0, 0.0, 0.0, 0.0, 0.0, 0.0, 0.0, 0.0, 0.0, 0.0, 0.0, 0.0, 0.0, 0.0, 0.0, 0.0, 0.0, 0.0, 0.0, 0.0, 0.0, 0.0, 0.0, 0.0, 0.0, 0.0, 0.0, 0.0, 0.0, 0.0, 0.0, 0.0, 0.0, 0.0, 0.0, 0.0, 0.0, 0.0, 0.0, 0.0, 0.0, 0.0, 0.0, 0.0, 0.0, 0.0, 0.0, 0.0, 0.0, 0.0, 0.0, 0.0, 0.0, 0.0, 0.0, 0.0, 0.0, 0.0, 0.0, 0.0, 0.0, 0.0, 0.0, 0.0, 0.0, 0.0, 0.0, 0.0, 0.0]",COMPLETE
