,number,value,datetime_start,datetime_complete,duration,params_batch_size_scaler,params_constant_learning_rate,params_depth,params_epochs,params_kernel_l2,params_num_trees,params_temperature,user_attrs_accuracy_test,user_attrs_accuracy_valid,user_attrs_approximate_feature_sparsity,user_attrs_approximate_feature_sparsity_history,user_attrs_approximate_weight_sparsity,user_attrs_approximate_weight_sparsity_history,user_attrs_auc_test,user_attrs_auc_valid,user_attrs_feature_sparsity,user_attrs_feature_sparsity_history,user_attrs_num_epochs,user_attrs_val_loss_history,user_attrs_weight_sparsity,user_attrs_weight_sparsity_history,state
19,19,0.9116461207507309,2024-08-31 01:09:18.074411,2024-08-31 01:10:44.290173,0 days 00:01:26.215762,4,0.03565601428628906,2,135,0.001126213407719056,45,0.000548073557464699,0.905,0.90125,33,"[33, 33, 33, 33, 33, 33, 33, 33, 33, 33, 33, 33, 33, 33, 33, 33, 33, 33, 33, 33, 33, 33, 33, 33, 33, 33, 33, 33, 33, 33, 33, 33, 33, 33, 33, 33, 33, 33, 33, 33, 33, 33, 33, 33, 33, 33, 33, 33, 33, 33, 33, 33, 33, 33, 33, 33, 33, 33, 33, 33, 33, 33, 33, 33, 33, 33, 33, 33, 33, 33, 33, 33, 33, 33, 33, 33, 33, 33, 33, 33, 33, 33, 33, 33, 33, 33, 33, 33, 33, 33, 33, 33, 33, 33, 33, 33, 33, 33, 33, 33, 33, 33, 33, 33, 33, 33, 33, 33, 33, 33, 33, 33, 33, 33, 33, 33, 33, 33, 33, 33, 33, 33, 33, 33, 33, 33, 33, 33, 33, 33, 33, 33, 33, 33, 33]",32.98518518518519,"[32.98518518518519, 32.98518518518519, 32.992592592592594, 32.992592592592594, 32.992592592592594, 32.97037037037037, 33.0, 32.97037037037037, 32.977777777777774, 32.977777777777774, 32.977777777777774, 32.992592592592594, 32.992592592592594, 32.977777777777774, 32.992592592592594, 32.992592592592594, 32.98518518518519, 32.97037037037037, 32.98518518518519, 33.0, 32.992592592592594, 33.0, 32.977777777777774, 32.992592592592594, 32.977777777777774, 32.992592592592594, 33.0, 32.992592592592594, 32.992592592592594, 33.0, 33.0, 32.992592592592594, 33.0, 32.992592592592594, 32.992592592592594, 32.98518518518519, 32.992592592592594, 32.98518518518519, 32.977777777777774, 32.98518518518519, 32.992592592592594, 33.0, 33.0, 32.98518518518519, 32.992592592592594, 32.992592592592594, 33.0, 32.97037037037037, 32.992592592592594, 32.992592592592594, 32.992592592592594, 32.98518518518519, 33.0, 33.0, 32.98518518518519, 32.992592592592594, 33.0, 33.0, 32.992592592592594, 33.0, 32.992592592592594, 33.0, 32.992592592592594, 32.97037037037037, 32.992592592592594, 32.992592592592594, 32.977777777777774, 32.97037037037037, 32.98518518518519, 32.977777777777774, 32.98518518518519, 32.96296296296296, 32.96296296296296, 32.96296296296296, 32.98518518518519, 32.98518518518519, 32.977777777777774, 32.97037037037037, 33.0, 32.992592592592594, 32.992592592592594, 32.992592592592594, 32.98518518518519, 32.977777777777774, 32.992592592592594, 32.992592592592594, 32.992592592592594, 32.98518518518519, 32.98518518518519, 32.977777777777774, 32.97037037037037, 32.97037037037037, 32.98518518518519, 32.98518518518519, 32.992592592592594, 32.992592592592594, 32.98518518518519, 32.97037037037037, 32.977777777777774, 32.98518518518519, 32.98518518518519, 32.977777777777774, 32.97037037037037, 32.992592592592594, 32.97037037037037, 32.96296296296296, 32.98518518518519, 32.977777777777774, 32.992592592592594, 32.98518518518519, 32.96296296296296, 32.98518518518519, 32.98518518518519, 32.992592592592594, 32.98518518518519, 32.98518518518519, 32.98518518518519, 32.992592592592594, 32.977777777777774, 32.977777777777774, 32.98518518518519, 32.97037037037037, 32.97037037037037, 32.992592592592594, 32.992592592592594, 32.992592592592594, 32.992592592592594, 32.98518518518519, 32.977777777777774, 32.992592592592594, 32.977777777777774, 32.977777777777774, 32.98518518518519, 32.98518518518519, 32.98518518518519]",0.8937904044782403,0.9116461207507309,33,"[33, 33, 33, 33, 33, 33, 33, 33, 33, 33, 33, 33, 33, 33, 33, 33, 33, 33, 33, 33, 33, 33, 33, 33, 33, 33, 33, 33, 33, 33, 33, 33, 33, 33, 33, 33, 33, 33, 33, 33, 33, 33, 33, 33, 33, 33, 33, 33, 33, 33, 33, 33, 33, 33, 33, 33, 33, 33, 33, 33, 33, 33, 33, 33, 33, 33, 33, 33, 33, 33, 33, 33, 33, 33, 33, 33, 33, 33, 33, 33, 33, 33, 33, 33, 33, 33, 33, 33, 33, 33, 33, 33, 33, 33, 33, 33, 33, 33, 33, 33, 33, 33, 33, 33, 33, 33, 33, 33, 33, 33, 33, 33, 33, 33, 33, 33, 33, 33, 33, 33, 33, 33, 33, 33, 33, 33, 33, 33, 33, 33, 33, 33, 33, 33, 33]",135,"[0.4023790657520294, 0.39299777150154114, 0.38583964109420776, 0.38127297163009644, 0.37782466411590576, 0.37476760149002075, 0.3715880215167999, 0.36932235956192017, 0.36759769916534424, 0.3655421733856201, 0.36422693729400635, 0.3624703586101532, 0.3606240153312683, 0.3590657413005829, 0.3576616942882538, 0.3563888669013977, 0.3550640940666199, 0.35339415073394775, 0.35200223326683044, 0.3508874177932739, 0.34937989711761475, 0.3480367958545685, 0.3466920852661133, 0.34595051407814026, 0.3442903459072113, 0.34292542934417725, 0.34170329570770264, 0.3406497836112976, 0.339765727519989, 0.33814483880996704, 0.3370146155357361, 0.33577921986579895, 0.33448073267936707, 0.3338605761528015, 0.33237266540527344, 0.3321332633495331, 0.33087149262428284, 0.3292219042778015, 0.32783517241477966, 0.3270581364631653, 0.32560670375823975, 0.3245881199836731, 0.3234080374240875, 0.3221379816532135, 0.3209300935268402, 0.31978702545166016, 0.31857946515083313, 0.31744882464408875, 0.31622514128685, 0.31580233573913574, 0.313668429851532, 0.31320255994796753, 0.3111740052700043, 0.3106204867362976, 0.30880317091941833, 0.3077161908149719, 0.30648213624954224, 0.30444666743278503, 0.30426737666130066, 0.30243632197380066, 0.3005176782608032, 0.29905927181243896, 0.2976808249950409, 0.2966364920139313, 0.2945842742919922, 0.2929680347442627, 0.2928330898284912, 0.29116666316986084, 0.2884393632411957, 0.287140816450119, 0.28584977984428406, 0.2841125726699829, 0.28261229395866394, 0.28126993775367737, 0.2805144786834717, 0.2785574793815613, 0.2767711877822876, 0.2752263844013214, 0.2746805250644684, 0.272417277097702, 0.27121248841285706, 0.26978209614753723, 0.2684604525566101, 0.2672045826911926, 0.2662326693534851, 0.2652614116668701, 0.26374250650405884, 0.26463639736175537, 0.2613462805747986, 0.2603762447834015, 0.259184867143631, 0.2586539685726166, 0.25711968541145325, 0.2561086416244507, 0.2556239366531372, 0.2542503774166107, 0.2538086175918579, 0.25305408239364624, 0.2514704763889313, 0.25066235661506653, 0.2506050169467926, 0.24924296140670776, 0.2481846809387207, 0.24766384065151215, 0.24693678319454193, 0.24598972499370575, 0.24539797008037567, 0.24528852105140686, 0.24352072179317474, 0.24303720891475677, 0.24342231452465057, 0.24154004454612732, 0.24164511263370514, 0.24174126982688904, 0.2398826628923416, 0.2391362339258194, 0.2387220412492752, 0.23805399239063263, 0.23833070695400238, 0.2366946041584015, 0.23613977432250977, 0.2354040890932083, 0.23493120074272156, 0.23437760770320892, 0.23379558324813843, 0.23359693586826324, 0.23284749686717987, 0.23214130103588104, 0.2316562831401825, 0.2311151623725891, 0.23134829103946686, 0.2300974279642105, 0.22960194945335388, 0.22941036522388458, 0.22859054803848267]",33.0,"[33.0, 33.0, 33.0, 33.0, 33.0, 33.0, 33.0, 33.0, 33.0, 33.0, 33.0, 33.0, 33.0, 33.0, 33.0, 33.0, 33.0, 33.0, 33.0, 33.0, 33.0, 33.0, 33.0, 33.0, 33.0, 33.0, 33.0, 33.0, 33.0, 33.0, 33.0, 33.0, 33.0, 33.0, 33.0, 33.0, 33.0, 33.0, 33.0, 33.0, 33.0, 33.0, 33.0, 33.0, 33.0, 33.0, 33.0, 33.0, 33.0, 33.0, 33.0, 33.0, 33.0, 33.0, 33.0, 33.0, 33.0, 33.0, 33.0, 33.0, 33.0, 33.0, 33.0, 33.0, 33.0, 33.0, 33.0, 33.0, 33.0, 33.0, 33.0, 33.0, 33.0, 33.0, 33.0, 33.0, 33.0, 33.0, 33.0, 33.0, 33.0, 33.0, 33.0, 33.0, 33.0, 33.0, 33.0, 33.0, 33.0, 33.0, 33.0, 33.0, 33.0, 33.0, 33.0, 33.0, 33.0, 33.0, 33.0, 33.0, 33.0, 33.0, 33.0, 33.0, 33.0, 33.0, 33.0, 33.0, 33.0, 33.0, 33.0, 33.0, 33.0, 33.0, 33.0, 33.0, 33.0, 33.0, 33.0, 33.0, 33.0, 33.0, 33.0, 33.0, 33.0, 33.0, 33.0, 33.0, 33.0, 33.0, 33.0, 33.0, 33.0, 33.0, 33.0]",COMPLETE
20,20,0.9022168978887299,2024-08-31 01:10:44.304792,2024-08-31 01:10:51.309111,0 days 00:00:07.004319,4,4.271204685308873,2,5,0.0060268836402463215,24,0.0006683092881458992,0.634,0.645,24,"[33, 28, 27, 25, 24]",23.98611111111111,"[33.0, 27.98611111111111, 27.0, 24.98611111111111, 23.98611111111111]",0.8868592045839215,0.9022168978887299,24,"[33, 28, 27, 25, 24]",5,"[0.8123286366462708, 1.6002696752548218, 1.2485014200210571, 0.41453179717063904, 1.3017998933792114]",24.0,"[33.0, 28.0, 27.0, 25.0, 24.0]",COMPLETE
