,number,value,datetime_start,datetime_complete,duration,params_batch_size_scaler,params_constant_learning_rate,params_depth,params_epochs,params_kernel_l2,params_num_trees,params_temperature,user_attrs_accuracy_test,user_attrs_accuracy_valid,user_attrs_approximate_feature_sparsity,user_attrs_approximate_feature_sparsity_history,user_attrs_approximate_weight_sparsity,user_attrs_approximate_weight_sparsity_history,user_attrs_auc_test,user_attrs_auc_valid,user_attrs_feature_sparsity,user_attrs_feature_sparsity_history,user_attrs_num_epochs,user_attrs_val_loss_history,user_attrs_weight_sparsity,user_attrs_weight_sparsity_history,state
137,137,0.6088418286509255,2024-08-31 07:25:38.376758,2024-08-31 07:27:11.056972,0 days 00:01:32.680214,1,0.1778649900550229,2,225,0.0010692687589902137,1,0.008740713032725202,0.859,0.85875,1,"[1, 1, 1, 1, 1, 1, 1, 1, 1, 1, 1, 1, 1, 1, 1, 1, 1, 1, 1, 1, 1, 1, 1, 1, 1, 1, 1, 1, 1, 1, 1, 1, 1, 1, 1, 1, 1, 1, 1, 1, 1, 1, 1, 1, 1, 1, 1, 1, 1, 1, 1, 1, 1, 1, 1, 1, 1, 1, 1, 1, 1, 1, 1, 1, 1, 1, 1, 1, 1, 1, 1, 1, 1, 1, 1, 1, 1, 1, 1, 1, 1, 1, 1, 1, 1, 1, 1, 1, 1, 1, 1, 1, 1, 1, 1, 1, 1, 1, 1, 1, 1, 1, 1, 1, 1, 1, 1, 1, 1, 1, 1, 1, 1, 1, 1, 1, 1, 1, 1, 1, 1, 1, 1, 1, 1, 1, 1, 1, 1, 1, 1, 1, 1, 1, 1, 1, 1, 1, 1, 1, 1, 1, 1, 1, 1, 1, 1, 1, 1, 1, 1, 1, 1, 1, 1, 1, 1, 1, 1, 1, 1, 1, 1, 1, 1, 1, 1, 1, 1, 1, 1, 1, 1, 1, 1, 1, 1, 1, 1, 1, 1, 1, 1, 1, 1, 1, 1, 1, 1, 1, 1, 1, 1, 1, 1, 1, 1, 1, 1, 1, 1, 1, 1, 1, 1, 1, 1, 1, 1, 1, 1, 1, 1, 1, 1, 1, 1, 1, 1, 1, 1, 1, 1, 1, 1]",1.0,"[1.0, 1.0, 1.0, 1.0, 1.0, 1.0, 1.0, 1.0, 1.0, 1.0, 1.0, 1.0, 1.0, 1.0, 1.0, 1.0, 1.0, 1.0, 1.0, 1.0, 1.0, 1.0, 1.0, 1.0, 1.0, 1.0, 1.0, 1.0, 1.0, 1.0, 1.0, 1.0, 1.0, 1.0, 1.0, 1.0, 1.0, 1.0, 1.0, 1.0, 1.0, 1.0, 1.0, 1.0, 1.0, 1.0, 1.0, 1.0, 1.0, 1.0, 1.0, 1.0, 1.0, 1.0, 1.0, 1.0, 1.0, 1.0, 1.0, 1.0, 1.0, 1.0, 1.0, 1.0, 1.0, 1.0, 1.0, 1.0, 1.0, 1.0, 1.0, 1.0, 1.0, 1.0, 1.0, 1.0, 1.0, 1.0, 1.0, 1.0, 1.0, 1.0, 1.0, 1.0, 1.0, 1.0, 1.0, 1.0, 1.0, 1.0, 1.0, 1.0, 1.0, 1.0, 1.0, 1.0, 1.0, 1.0, 1.0, 1.0, 1.0, 1.0, 1.0, 1.0, 1.0, 1.0, 1.0, 1.0, 1.0, 1.0, 1.0, 1.0, 1.0, 1.0, 1.0, 1.0, 1.0, 1.0, 1.0, 1.0, 1.0, 1.0, 1.0, 1.0, 1.0, 1.0, 1.0, 1.0, 1.0, 1.0, 1.0, 1.0, 1.0, 1.0, 1.0, 1.0, 1.0, 1.0, 1.0, 1.0, 1.0, 1.0, 1.0, 1.0, 1.0, 1.0, 1.0, 1.0, 1.0, 1.0, 1.0, 1.0, 1.0, 1.0, 1.0, 1.0, 1.0, 1.0, 1.0, 1.0, 1.0, 1.0, 1.0, 1.0, 1.0, 1.0, 1.0, 1.0, 1.0, 1.0, 1.0, 1.0, 1.0, 1.0, 1.0, 1.0, 1.0, 1.0, 1.0, 1.0, 1.0, 1.0, 1.0, 1.0, 1.0, 1.0, 1.0, 1.0, 1.0, 1.0, 1.0, 1.0, 1.0, 1.0, 1.0, 1.0, 1.0, 1.0, 1.0, 1.0, 1.0, 1.0, 1.0, 1.0, 1.0, 1.0, 1.0, 1.0, 1.0, 1.0, 1.0, 1.0, 1.0, 1.0, 1.0, 1.0, 1.0, 1.0, 1.0, 1.0, 1.0, 1.0, 1.0, 1.0, 1.0]",0.6144865793145584,0.6088418286509255,1,"[1, 1, 1, 1, 1, 1, 1, 1, 1, 1, 1, 1, 1, 1, 1, 1, 1, 1, 1, 1, 1, 1, 1, 1, 1, 1, 1, 1, 1, 1, 1, 1, 1, 1, 1, 1, 1, 1, 1, 1, 1, 1, 1, 1, 1, 1, 1, 1, 1, 1, 1, 1, 1, 1, 1, 1, 1, 1, 1, 1, 1, 1, 1, 1, 1, 1, 1, 1, 1, 1, 1, 1, 1, 1, 1, 1, 1, 1, 1, 1, 1, 1, 1, 1, 1, 1, 1, 1, 1, 1, 1, 1, 1, 1, 1, 1, 1, 1, 1, 1, 1, 1, 1, 1, 1, 1, 1, 1, 1, 1, 1, 1, 1, 1, 1, 1, 1, 1, 1, 1, 1, 1, 1, 1, 1, 1, 1, 1, 1, 1, 1, 1, 1, 1, 1, 1, 1, 1, 1, 1, 1, 1, 1, 1, 1, 1, 1, 1, 1, 1, 1, 1, 1, 1, 1, 1, 1, 1, 1, 1, 1, 1, 1, 1, 1, 1, 1, 1, 1, 1, 1, 1, 1, 1, 1, 1, 1, 1, 1, 1, 1, 1, 1, 1, 1, 1, 1, 1, 1, 1, 1, 1, 1, 1, 1, 1, 1, 1, 1, 1, 1, 1, 1, 1, 1, 1, 1, 1, 1, 1, 1, 1, 1, 1, 1, 1, 1, 1, 1, 1, 1, 1, 1, 1, 1]",225,"[0.39332717657089233, 0.3888034522533417, 0.38698044419288635, 0.38529324531555176, 0.3845512270927429, 0.38461223244667053, 0.3855859339237213, 0.3845633268356323, 0.3837469816207886, 0.3838718831539154, 0.38367512822151184, 0.3837398290634155, 0.3836817145347595, 0.3843626379966736, 0.3838821351528168, 0.38429105281829834, 0.384846568107605, 0.3835729658603668, 0.3836301863193512, 0.3835521340370178, 0.3840385377407074, 0.38361307978630066, 0.3835432529449463, 0.3835386335849762, 0.3837626576423645, 0.384078711271286, 0.3834651708602905, 0.38385215401649475, 0.38470759987831116, 0.3838510811328888, 0.3835517168045044, 0.3834761381149292, 0.3838323950767517, 0.3834461569786072, 0.3833862245082855, 0.3833813965320587, 0.3835986852645874, 0.38462021946907043, 0.3852367401123047, 0.38346266746520996, 0.38615623116493225, 0.3841867446899414, 0.3841923773288727, 0.3835034966468811, 0.3847743272781372, 0.3839191794395447, 0.38332056999206543, 0.3837931156158447, 0.38409408926963806, 0.38349753618240356, 0.3838287591934204, 0.38343268632888794, 0.3845754861831665, 0.384389191865921, 0.3841409385204315, 0.383637398481369, 0.3841322362422943, 0.38344329595565796, 0.3832833766937256, 0.3852151930332184, 0.38360318541526794, 0.38430866599082947, 0.3843919038772583, 0.38333234190940857, 0.3833487629890442, 0.3837709128856659, 0.3855898380279541, 0.3833462595939636, 0.38375434279441833, 0.3846382796764374, 0.38350579142570496, 0.38359469175338745, 0.38328129053115845, 0.3832528591156006, 0.38403788208961487, 0.3833879232406616, 0.38411185145378113, 0.3834242522716522, 0.38384610414505005, 0.3842175304889679, 0.3832642436027527, 0.3840821385383606, 0.3832167088985443, 0.3832366466522217, 0.3834149241447449, 0.38336262106895447, 0.38408365845680237, 0.3833869695663452, 0.3841671049594879, 0.3834112882614136, 0.38388338685035706, 0.38368159532546997, 0.3834359049797058, 0.38363343477249146, 0.38377055525779724, 0.3840470016002655, 0.3840431272983551, 0.38382798433303833, 0.3845905065536499, 0.38321933150291443, 0.3832021951675415, 0.38333210349082947, 0.3842231035232544, 0.38369882106781006, 0.3832097351551056, 0.3832029700279236, 0.38319167494773865, 0.3831750750541687, 0.3836881220340729, 0.3866996765136719, 0.38324493169784546, 0.38506177067756653, 0.3833983540534973, 0.3841412663459778, 0.38329532742500305, 0.38322874903678894, 0.3834398686885834, 0.38325750827789307, 0.3853311538696289, 0.3836563527584076, 0.3831581473350525, 0.3835182189941406, 0.3833490312099457, 0.38458549976348877, 0.3841036558151245, 0.383163720369339, 0.38373827934265137, 0.38415366411209106, 0.38343608379364014, 0.3836652338504791, 0.38430583477020264, 0.38367295265197754, 0.38465121388435364, 0.38360142707824707, 0.38353270292282104, 0.3834760785102844, 0.38315320014953613, 0.3845196068286896, 0.3834254741668701, 0.38320624828338623, 0.3843284845352173, 0.38315287232398987, 0.3832516074180603, 0.38315245509147644, 0.38419854640960693, 0.38390541076660156, 0.38334140181541443, 0.38314497470855713, 0.38353651762008667, 0.38327640295028687, 0.3831343352794647, 0.3831482231616974, 0.38556429743766785, 0.38313543796539307, 0.38317015767097473, 0.383507639169693, 0.38407593965530396, 0.38451316952705383, 0.38360917568206787, 0.38344046473503113, 0.3831578493118286, 0.3832055628299713, 0.3857867419719696, 0.38355377316474915, 0.38312336802482605, 0.38325703144073486, 0.38384518027305603, 0.3860960304737091, 0.38326776027679443, 0.38352516293525696, 0.3841959834098816, 0.38407090306282043, 0.3837575614452362, 0.3836086392402649, 0.3833277225494385, 0.38379156589508057, 0.3834882080554962, 0.38567349314689636, 0.3832223117351532, 0.3839569091796875, 0.3878844976425171, 0.38388165831565857, 0.3846031427383423, 0.38314223289489746, 0.38316839933395386, 0.3831520080566406, 0.38311612606048584, 0.3836948871612549, 0.3831403851509094, 0.3839525878429413, 0.38520243763923645, 0.3831169903278351, 0.3833690583705902, 0.3842073082923889, 0.38603347539901733, 0.38341861963272095, 0.38391199707984924, 0.3839738965034485, 0.3831139802932739, 0.38312339782714844, 0.3832814693450928, 0.3868381083011627, 0.3832947909832001, 0.38319075107574463, 0.38601478934288025, 0.3836841881275177, 0.38363468647003174, 0.383184552192688, 0.3834645450115204, 0.3836819529533386, 0.3856869041919708, 0.38379722833633423, 0.38357362151145935, 0.3839489817619324, 0.38345515727996826, 0.38418588042259216, 0.38364019989967346, 0.3832249343395233, 0.383149653673172, 0.3831474184989929, 0.38374173641204834, 0.38310185074806213, 0.38410866260528564, 0.38344189524650574, 0.38391709327697754]",1.0,"[1.0, 1.0, 1.0, 1.0, 1.0, 1.0, 1.0, 1.0, 1.0, 1.0, 1.0, 1.0, 1.0, 1.0, 1.0, 1.0, 1.0, 1.0, 1.0, 1.0, 1.0, 1.0, 1.0, 1.0, 1.0, 1.0, 1.0, 1.0, 1.0, 1.0, 1.0, 1.0, 1.0, 1.0, 1.0, 1.0, 1.0, 1.0, 1.0, 1.0, 1.0, 1.0, 1.0, 1.0, 1.0, 1.0, 1.0, 1.0, 1.0, 1.0, 1.0, 1.0, 1.0, 1.0, 1.0, 1.0, 1.0, 1.0, 1.0, 1.0, 1.0, 1.0, 1.0, 1.0, 1.0, 1.0, 1.0, 1.0, 1.0, 1.0, 1.0, 1.0, 1.0, 1.0, 1.0, 1.0, 1.0, 1.0, 1.0, 1.0, 1.0, 1.0, 1.0, 1.0, 1.0, 1.0, 1.0, 1.0, 1.0, 1.0, 1.0, 1.0, 1.0, 1.0, 1.0, 1.0, 1.0, 1.0, 1.0, 1.0, 1.0, 1.0, 1.0, 1.0, 1.0, 1.0, 1.0, 1.0, 1.0, 1.0, 1.0, 1.0, 1.0, 1.0, 1.0, 1.0, 1.0, 1.0, 1.0, 1.0, 1.0, 1.0, 1.0, 1.0, 1.0, 1.0, 1.0, 1.0, 1.0, 1.0, 1.0, 1.0, 1.0, 1.0, 1.0, 1.0, 1.0, 1.0, 1.0, 1.0, 1.0, 1.0, 1.0, 1.0, 1.0, 1.0, 1.0, 1.0, 1.0, 1.0, 1.0, 1.0, 1.0, 1.0, 1.0, 1.0, 1.0, 1.0, 1.0, 1.0, 1.0, 1.0, 1.0, 1.0, 1.0, 1.0, 1.0, 1.0, 1.0, 1.0, 1.0, 1.0, 1.0, 1.0, 1.0, 1.0, 1.0, 1.0, 1.0, 1.0, 1.0, 1.0, 1.0, 1.0, 1.0, 1.0, 1.0, 1.0, 1.0, 1.0, 1.0, 1.0, 1.0, 1.0, 1.0, 1.0, 1.0, 1.0, 1.0, 1.0, 1.0, 1.0, 1.0, 1.0, 1.0, 1.0, 1.0, 1.0, 1.0, 1.0, 1.0, 1.0, 1.0, 1.0, 1.0, 1.0, 1.0, 1.0, 1.0, 1.0, 1.0, 1.0, 1.0, 1.0, 1.0]",COMPLETE
138,138,0.6963841764243665,2024-08-31 07:27:13.880471,2024-08-31 07:27:40.345885,0 days 00:00:26.465414,16,0.08360582981810291,2,230,0.9822880955912554,71,0.0006367509164035115,0.864,0.86375,3,"[33, 33, 33, 33, 33, 33, 33, 33, 33, 33, 33, 33, 33, 33, 33, 33, 33, 33, 33, 33, 33, 33, 33, 33, 33, 33, 33, 33, 33, 33, 33, 33, 33, 33, 33, 33, 33, 33, 33, 33, 33, 33, 33, 33, 33, 33, 33, 33, 33, 33, 33, 33, 33, 33, 33, 33, 33, 33, 33, 33, 33, 33, 33, 33, 33, 33, 33, 33, 33, 33, 33, 33, 33, 33, 33, 33, 33, 33, 33, 33, 33, 33, 33, 33, 33, 33, 33, 32, 32, 31, 29, 28, 25, 23, 20, 17, 16, 14, 13, 13, 13, 12, 12, 12, 12, 12, 12, 11, 10, 10, 9, 9, 9, 8, 8, 8, 7, 7, 6, 6, 6, 6, 6, 6, 6, 6, 6, 6, 6, 6, 6, 4, 4, 4, 4, 4, 4, 4, 4, 4, 4, 4, 4, 4, 4, 4, 4, 4, 4, 4, 4, 4, 4, 4, 4, 4, 4, 4, 4, 4, 4, 4, 4, 4, 4, 4, 4, 4, 4, 4, 4, 4, 4, 4, 4, 4, 4, 4, 4, 4, 4, 4, 4, 4, 4, 4, 4, 3, 3, 3, 3, 3, 3, 3, 3, 3, 3, 3, 3, 3, 3, 3, 3, 3, 3, 3, 3, 3, 3, 3, 3, 3, 3, 3, 3, 3, 3, 3, 3, 3, 3, 3, 3, 3, 3, 3, 3, 3, 3, 3]",3.0,"[32.97652582159625, 32.97652582159624, 32.97652582159625, 32.97652582159624, 32.967136150234744, 32.971830985915496, 32.96713615023474, 32.967136150234744, 32.97652582159624, 32.96244131455399, 32.97183098591549, 32.95305164319249, 32.98122065727699, 32.971830985915496, 32.967136150234744, 32.97183098591549, 32.98122065727699, 32.96244131455399, 32.981220657277, 32.99530516431925, 32.985915492957744, 32.967136150234744, 32.971830985915496, 32.948356807511736, 32.971830985915496, 32.971830985915496, 32.985915492957744, 32.971830985915496, 32.98122065727699, 32.967136150234744, 32.967136150234744, 32.96244131455399, 32.95305164319249, 32.95305164319249, 32.94835680751174, 32.94366197183099, 32.95774647887324, 32.971830985915496, 32.967136150234744, 32.95774647887324, 32.96244131455399, 32.967136150234744, 32.967136150234744, 32.95774647887324, 32.95305164319249, 32.95305164319249, 32.95774647887324, 32.93896713615024, 32.96244131455399, 32.95305164319249, 32.94366197183099, 32.95774647887324, 32.948356807511736, 32.948356807511736, 32.95774647887324, 32.95305164319249, 32.948356807511736, 32.96244131455399, 32.97183098591549, 32.967136150234744, 32.95774647887324, 32.967136150234744, 32.98122065727699, 32.948356807511736, 32.953051643192495, 32.95774647887324, 32.948356807511736, 32.948356807511736, 32.94366197183099, 32.929577464788736, 32.95305164319249, 32.95774647887324, 32.948356807511736, 32.929577464788736, 32.943661971830984, 32.95774647887324, 32.948356807511736, 32.95305164319249, 32.94366197183099, 32.94835680751174, 32.95305164319249, 32.95774647887324, 32.95305164319249, 32.95305164319249, 32.96244131455399, 32.967136150234744, 32.967136150234744, 31.985915492957744, 31.962441314553992, 30.967136150234744, 28.971830985915496, 27.943661971830984, 24.967136150234744, 22.981220657276996, 19.976525821596244, 16.985915492957748, 15.976525821596246, 13.985915492957746, 12.985915492957748, 12.981220657276996, 12.981220657276996, 11.985915492957748, 11.990610328638498, 11.985915492957748, 11.971830985915494, 11.981220657276996, 11.976525821596244, 10.981220657276996, 9.995305164319248, 9.990610328638498, 8.995305164319248, 8.985915492957746, 8.990610328638498, 8.0, 8.0, 7.990610328638498, 7.0, 6.995305164319249, 5.985915492957747, 5.990610328638498, 5.990610328638498, 5.990610328638498, 5.976525821596244, 5.995305164319249, 5.981220657276996, 5.976525821596245, 5.995305164319249, 5.985915492957746, 5.981220657276996, 5.981220657276996, 5.971830985915493, 3.990610328638498, 3.995305164319249, 3.9859154929577465, 3.990610328638498, 3.9906103286384975, 3.9812206572769955, 3.995305164319249, 3.9859154929577465, 3.9906103286384975, 3.9906103286384975, 3.990610328638498, 4.0, 3.995305164319249, 4.0, 3.990610328638498, 3.995305164319249, 4.0, 3.995305164319249, 3.990610328638498, 4.0, 3.9906103286384975, 3.995305164319249, 3.9906103286384975, 3.995305164319249, 3.9859154929577465, 3.9859154929577465, 3.995305164319249, 3.9906103286384975, 3.9906103286384975, 3.995305164319249, 3.990610328638498, 4.0, 3.995305164319249, 3.9859154929577465, 4.0, 3.995305164319249, 3.990610328638498, 3.9906103286384975, 3.9906103286384975, 3.995305164319249, 3.995305164319249, 3.9812206572769955, 3.9859154929577465, 3.990610328638498, 4.0, 3.985915492957747, 3.990610328638498, 3.9859154929577465, 3.9765258215962445, 3.990610328638498, 3.9859154929577465, 3.9906103286384975, 3.9812206572769955, 3.9812206572769955, 3.990610328638498, 3.990610328638498, 2.9906103286384975, 2.990610328638498, 2.995305164319249, 2.995305164319249, 2.995305164319249, 3.0, 3.0, 2.9906103286384975, 3.0, 2.995305164319249, 2.995305164319249, 2.990610328638498, 2.9906103286384975, 3.0, 3.0, 2.995305164319249, 2.990610328638498, 3.0, 3.0, 3.0, 2.995305164319249, 2.995305164319249, 2.990610328638498, 2.995305164319249, 3.0, 3.0, 2.995305164319249, 2.990610328638498, 2.990610328638498, 3.0, 2.990610328638498, 3.0, 3.0, 3.0, 3.0, 3.0, 2.995305164319249, 2.995305164319249, 2.995305164319249, 2.990610328638498, 2.9859154929577465, 2.995305164319249, 3.0]",0.6755050817790768,0.6963841764243665,3,"[33, 33, 33, 33, 33, 33, 33, 33, 33, 33, 33, 33, 33, 33, 33, 33, 33, 33, 33, 33, 33, 33, 33, 33, 33, 33, 33, 33, 33, 33, 33, 33, 33, 33, 33, 33, 33, 33, 33, 33, 33, 33, 33, 33, 33, 33, 33, 33, 33, 33, 33, 33, 33, 33, 33, 33, 33, 33, 33, 33, 33, 33, 33, 33, 33, 33, 33, 33, 33, 33, 33, 33, 33, 33, 33, 33, 33, 33, 33, 33, 33, 33, 33, 33, 33, 33, 33, 32, 32, 31, 29, 28, 25, 23, 20, 17, 16, 14, 13, 13, 13, 12, 12, 12, 12, 12, 12, 11, 10, 10, 9, 9, 9, 8, 8, 8, 7, 7, 6, 6, 6, 6, 6, 6, 6, 6, 6, 6, 6, 6, 6, 4, 4, 4, 4, 4, 4, 4, 4, 4, 4, 4, 4, 4, 4, 4, 4, 4, 4, 4, 4, 4, 4, 4, 4, 4, 4, 4, 4, 4, 4, 4, 4, 4, 4, 4, 4, 4, 4, 4, 4, 4, 4, 4, 4, 4, 4, 4, 4, 4, 4, 4, 4, 4, 4, 4, 4, 3, 3, 3, 3, 3, 3, 3, 3, 3, 3, 3, 3, 3, 3, 3, 3, 3, 3, 3, 3, 3, 3, 3, 3, 3, 3, 3, 3, 3, 3, 3, 3, 3, 3, 3, 3, 3, 3, 3, 3, 3, 3, 3]",230,"[0.6450960636138916, 0.6357738971710205, 0.628238320350647, 0.6220149397850037, 0.6137117743492126, 0.6092987060546875, 0.6015459895133972, 0.5961792469024658, 0.5907164812088013, 0.5854249000549316, 0.5804330706596375, 0.5756424069404602, 0.5704116821289062, 0.5659221410751343, 0.561682403087616, 0.5562779903411865, 0.5522386431694031, 0.5477755665779114, 0.5438632369041443, 0.5389882326126099, 0.53460693359375, 0.5324521064758301, 0.5267584919929504, 0.5230138301849365, 0.5195574760437012, 0.516502320766449, 0.5139778852462769, 0.5091389417648315, 0.504841148853302, 0.5026850700378418, 0.49892425537109375, 0.4960233271121979, 0.4922525882720947, 0.49001601338386536, 0.48570582270622253, 0.48267674446105957, 0.4795030355453491, 0.4804113805294037, 0.47399306297302246, 0.47148293256759644, 0.4683143198490143, 0.4657571315765381, 0.4631439447402954, 0.4624010920524597, 0.4595470130443573, 0.4558085501194, 0.4531375765800476, 0.45100662112236023, 0.44852933287620544, 0.44637638330459595, 0.4443359076976776, 0.44261056184768677, 0.44058796763420105, 0.4380737543106079, 0.43606817722320557, 0.43535029888153076, 0.4319506883621216, 0.43005672097206116, 0.42823275923728943, 0.4269533157348633, 0.4247654378414154, 0.4235484302043915, 0.42130225896835327, 0.4192783236503601, 0.4182572066783905, 0.41608956456184387, 0.4148028492927551, 0.41283145546913147, 0.4120010733604431, 0.4102460741996765, 0.4087003767490387, 0.40761321783065796, 0.4060399532318115, 0.40441086888313293, 0.40294378995895386, 0.4017501175403595, 0.40022173523902893, 0.3993646204471588, 0.39779403805732727, 0.3981119990348816, 0.39558109641075134, 0.3942481279373169, 0.39320847392082214, 0.39263466000556946, 0.3923990726470947, 0.3895627558231354, 0.38827237486839294, 0.38622546195983887, 0.3860875070095062, 0.3834376037120819, 0.3814152479171753, 0.3778443932533264, 0.3717517852783203, 0.37091055512428284, 0.36475712060928345, 0.3613284230232239, 0.3581900894641876, 0.35474422574043274, 0.3574753701686859, 0.35669004917144775, 0.35546883940696716, 0.35417139530181885, 0.3535156548023224, 0.3531067371368408, 0.35203495621681213, 0.3514513373374939, 0.35154715180397034, 0.35876819491386414, 0.35765448212623596, 0.3575740456581116, 0.35955810546875, 0.35868531465530396, 0.35858023166656494, 0.3594532012939453, 0.35846462845802307, 0.35839343070983887, 0.3586755096912384, 0.3586204946041107, 0.36033695936203003, 0.36141106486320496, 0.3598894774913788, 0.3598465323448181, 0.3595915138721466, 0.36085647344589233, 0.35923266410827637, 0.359327495098114, 0.3599258363246918, 0.3586905300617218, 0.35860615968704224, 0.3584216237068176, 0.3583372235298157, 0.3750811815261841, 0.37611275911331177, 0.37474825978279114, 0.3743622899055481, 0.3742107152938843, 0.3741256594657898, 0.37424567341804504, 0.3755823075771332, 0.37399181723594666, 0.3737426698207855, 0.3736923336982727, 0.37370482087135315, 0.37435203790664673, 0.37417981028556824, 0.37396031618118286, 0.37329429388046265, 0.373088538646698, 0.373228520154953, 0.3732937276363373, 0.3728821575641632, 0.37327519059181213, 0.3726784884929657, 0.37268316745758057, 0.37666693329811096, 0.3734210133552551, 0.37235167622566223, 0.3727688193321228, 0.3722192049026489, 0.3722291886806488, 0.37210094928741455, 0.37401294708251953, 0.3719497323036194, 0.37276938557624817, 0.37185654044151306, 0.37189075350761414, 0.37165966629981995, 0.37303265929222107, 0.3718275725841522, 0.3723476827144623, 0.37162846326828003, 0.3714331388473511, 0.3736226558685303, 0.3711978495121002, 0.3713347315788269, 0.37106409668922424, 0.3710978031158447, 0.3710877299308777, 0.37149563431739807, 0.3709753751754761, 0.3708054721355438, 0.3707120418548584, 0.37188538908958435, 0.37097659707069397, 0.37257662415504456, 0.37072330713272095, 0.3704507052898407, 0.37802696228027344, 0.37676289677619934, 0.37547382712364197, 0.37532198429107666, 0.3756473958492279, 0.3816101551055908, 0.3744373619556427, 0.3749009072780609, 0.3743840754032135, 0.37400639057159424, 0.37390410900115967, 0.3757096230983734, 0.3735281825065613, 0.3736465573310852, 0.3737959563732147, 0.3731473684310913, 0.3730830252170563, 0.3727131187915802, 0.3727610409259796, 0.37352025508880615, 0.37262439727783203, 0.3721739947795868, 0.372402548789978, 0.37215638160705566, 0.3719089925289154, 0.3726334273815155, 0.3717385530471802, 0.3722486197948456, 0.3725888431072235, 0.37151986360549927, 0.37191376090049744, 0.3717527687549591, 0.3725137710571289, 0.37285515666007996, 0.3714238703250885, 0.37105733156204224, 0.37242457270622253, 0.37098053097724915, 0.37207943201065063, 0.3709150552749634, 0.37093204259872437, 0.3711093068122864, 0.37064677476882935]",3.0,"[33.0, 33.0, 33.0, 33.0, 33.0, 33.0, 33.0, 33.0, 33.0, 33.0, 33.0, 33.0, 33.0, 33.0, 33.0, 33.0, 33.0, 33.0, 33.0, 33.0, 33.0, 33.0, 33.0, 33.0, 33.0, 33.0, 33.0, 33.0, 33.0, 33.0, 33.0, 33.0, 33.0, 33.0, 33.0, 33.0, 33.0, 33.0, 33.0, 33.0, 33.0, 33.0, 33.0, 33.0, 33.0, 33.0, 33.0, 33.0, 33.0, 33.0, 33.0, 33.0, 33.0, 33.0, 33.0, 33.0, 33.0, 33.0, 33.0, 33.0, 33.0, 33.0, 33.0, 33.0, 33.0, 33.0, 33.0, 33.0, 33.0, 33.0, 33.0, 33.0, 33.0, 33.0, 33.0, 33.0, 33.0, 33.0, 33.0, 33.0, 33.0, 33.0, 33.0, 33.0, 33.0, 33.0, 33.0, 32.0, 32.0, 31.0, 29.0, 28.0, 25.0, 23.0, 20.0, 17.0, 16.0, 14.0, 13.0, 13.0, 13.0, 12.0, 12.0, 12.0, 12.0, 12.0, 12.0, 11.0, 10.0, 10.0, 9.0, 9.0, 9.0, 8.0, 8.0, 8.0, 7.0, 7.0, 6.0, 6.0, 6.0, 6.0, 6.0, 6.0, 6.0, 6.0, 6.0, 6.0, 6.0, 6.0, 6.0, 4.0, 4.0, 4.0, 4.0, 4.0, 4.0, 4.0, 4.0, 4.0, 4.0, 4.0, 4.0, 4.0, 4.0, 4.0, 4.0, 4.0, 4.0, 4.0, 4.0, 4.0, 4.0, 4.0, 4.0, 4.0, 4.0, 4.0, 4.0, 4.0, 4.0, 4.0, 4.0, 4.0, 4.0, 4.0, 4.0, 4.0, 4.0, 4.0, 4.0, 4.0, 4.0, 4.0, 4.0, 4.0, 4.0, 4.0, 4.0, 4.0, 4.0, 4.0, 4.0, 4.0, 4.0, 4.0, 4.0, 3.0, 3.0, 3.0, 3.0, 3.0, 3.0, 3.0, 3.0, 3.0, 3.0, 3.0, 3.0, 3.0, 3.0, 3.0, 3.0, 3.0, 3.0, 3.0, 3.0, 3.0, 3.0, 3.0, 3.0, 3.0, 3.0, 3.0, 3.0, 3.0, 3.0, 3.0, 3.0, 3.0, 3.0, 3.0, 3.0, 3.0, 3.0, 3.0, 3.0, 3.0, 3.0, 3.0]",COMPLETE
