,number,value,datetime_start,datetime_complete,duration,params_batch_size_scaler,params_constant_learning_rate,params_depth,params_epochs,params_kernel_l2,params_num_trees,params_temperature,user_attrs_accuracy_test,user_attrs_accuracy_valid,user_attrs_approximate_feature_sparsity,user_attrs_approximate_feature_sparsity_history,user_attrs_approximate_weight_sparsity,user_attrs_approximate_weight_sparsity_history,user_attrs_auc_test,user_attrs_auc_valid,user_attrs_feature_sparsity,user_attrs_feature_sparsity_history,user_attrs_num_epochs,user_attrs_val_loss_history,user_attrs_weight_sparsity,user_attrs_weight_sparsity_history,state
163,163,0.9110922183148484,2024-08-31 08:19:18.690454,2024-08-31 08:23:29.442388,0 days 00:04:10.751934,4,0.17947480011088,6,115,0.0022702510645767485,81,0.03265128755508535,0.912,0.90625,33,"[33, 33, 33, 33, 33, 33, 33, 33, 33, 33, 33, 33, 33, 33, 33, 33, 33, 33, 33, 33, 33, 33, 33, 33, 33, 33, 33, 33, 33, 33, 33, 33, 33, 33, 33, 33, 33, 33, 33, 33, 33, 33, 33, 33, 33, 33, 33, 33, 33, 33, 33, 33, 33, 33, 33, 33, 33, 33, 33, 33, 33, 33, 33, 33, 33, 33, 33, 33, 33, 33, 33, 33, 33, 33, 33, 33, 33, 33, 33, 33, 33, 33, 33, 33, 33, 33, 33, 33, 33, 33, 33, 33, 33, 33, 33, 33, 33, 33, 33, 33, 33, 33, 33, 33, 33, 33, 33, 33, 33, 33, 33, 33, 33, 33, 33]",32.91240446796002,"[32.90789731530472, 32.90221438369586, 32.901234567901234, 32.90260631001372, 32.9039780521262, 32.90260631001372, 32.908093278463646, 32.89888300999412, 32.90868116794043, 32.90515383107976, 32.903782088967276, 32.90436997844405, 32.90339016264942, 32.90084264158338, 32.90182245737802, 32.90750538898687, 32.905741720556534, 32.90554575739761, 32.90182245737801, 32.89888300999412, 32.90221438369586, 32.901234567901234, 32.90339016264942, 32.90221438369586, 32.89731530472271, 32.90221438369586, 32.90143053106016, 32.90299823633157, 32.90201842053693, 32.90456594160298, 32.90064667842446, 32.90064667842446, 32.90339016264942, 32.90554575739761, 32.90632961003331, 32.90084264158338, 32.908093278463646, 32.91201254164217, 32.91416813639036, 32.90985694689398, 32.908289241622576, 32.90241034685479, 32.90711346266902, 32.90789731530472, 32.91005291005291, 32.90632961003331, 32.90613364687439, 32.90241034685479, 32.905545757397604, 32.90868116794043, 32.904565941602975, 32.90672153635117, 32.910248873211835, 32.90985694689398, 32.90770135214579, 32.9122085048011, 32.912600431118946, 32.91083676268861, 32.91044483637076, 32.90985694689398, 32.90730942582794, 32.904957867920835, 32.90495786792083, 32.90495786792083, 32.90417401528512, 32.90280227317265, 32.91005291005291, 32.909465020576135, 32.904565941602975, 32.90632961003331, 32.908289241622576, 32.90495786792083, 32.901234567901234, 32.90241034685479, 32.904565941602975, 32.909269057417205, 32.90711346266902, 32.909269057417205, 32.90534979423868, 32.90554575739761, 32.90515383107976, 32.901234567901234, 32.90299823633157, 32.905937683715464, 32.908289241622576, 32.905741720556534, 32.91064079952969, 32.90966098373506, 32.91181657848325, 32.90613364687439, 32.9084852047815, 32.904565941602975, 32.90515383107975, 32.908289241622576, 32.90966098373506, 32.90789731530472, 32.90613364687439, 32.90652557319224, 32.90554575739761, 32.90652557319224, 32.90730942582795, 32.91083676268861, 32.90946502057613, 32.91064079952969, 32.90985694689398, 32.90966098373506, 32.91083676268861, 32.90907309425828, 32.908289241622576, 32.908093278463646, 32.909269057417205, 32.910248873211835, 32.909073094258275, 32.915147952184995, 32.91240446796002]",0.8915364228568597,0.9110922183148484,33,"[33, 33, 33, 33, 33, 33, 33, 33, 33, 33, 33, 33, 33, 33, 33, 33, 33, 33, 33, 33, 33, 33, 33, 33, 33, 33, 33, 33, 33, 33, 33, 33, 33, 33, 33, 33, 33, 33, 33, 33, 33, 33, 33, 33, 33, 33, 33, 33, 33, 33, 33, 33, 33, 33, 33, 33, 33, 33, 33, 33, 33, 33, 33, 33, 33, 33, 33, 33, 33, 33, 33, 33, 33, 33, 33, 33, 33, 33, 33, 33, 33, 33, 33, 33, 33, 33, 33, 33, 33, 33, 33, 33, 33, 33, 33, 33, 33, 33, 33, 33, 33, 33, 33, 33, 33, 33, 33, 33, 33, 33, 33, 33, 33, 33, 33]",115,"[0.39706873893737793, 0.38934817910194397, 0.3837892413139343, 0.37962889671325684, 0.3766368627548218, 0.3740520179271698, 0.3716341257095337, 0.3700551688671112, 0.3686774969100952, 0.36656200885772705, 0.36484798789024353, 0.3634686768054962, 0.36215758323669434, 0.3611842095851898, 0.35966697335243225, 0.3584217131137848, 0.35723868012428284, 0.3557763695716858, 0.354475736618042, 0.35327860713005066, 0.3524166941642761, 0.3511772155761719, 0.34942540526390076, 0.3481987714767456, 0.34695950150489807, 0.3457898795604706, 0.3445243835449219, 0.34351596236228943, 0.34234172105789185, 0.3411158323287964, 0.34001225233078003, 0.3394540846347809, 0.3373527526855469, 0.33624857664108276, 0.33509376645088196, 0.33408862352371216, 0.332627534866333, 0.3315528631210327, 0.3306054174900055, 0.3288906514644623, 0.327622652053833, 0.32639381289482117, 0.3248995542526245, 0.32358330488204956, 0.32264217734336853, 0.32082244753837585, 0.31922653317451477, 0.31801649928092957, 0.3167365789413452, 0.31479015946388245, 0.31313151121139526, 0.3119124472141266, 0.3099251091480255, 0.3078905940055847, 0.3060789406299591, 0.30433300137519836, 0.30277562141418457, 0.3006255626678467, 0.29881423711776733, 0.2968987822532654, 0.295078307390213, 0.2927324175834656, 0.29085639119148254, 0.28862082958221436, 0.28672298789024353, 0.28492113947868347, 0.282630056142807, 0.2808026969432831, 0.2794071137905121, 0.2770279049873352, 0.27533677220344543, 0.2738422751426697, 0.2719842791557312, 0.270381361246109, 0.2685847282409668, 0.267592191696167, 0.2657552659511566, 0.2639458477497101, 0.2625068426132202, 0.261315256357193, 0.26009827852249146, 0.258358359336853, 0.2570975422859192, 0.25590893626213074, 0.254869282245636, 0.2536729872226715, 0.2525346577167511, 0.2527342736721039, 0.25040534138679504, 0.24918994307518005, 0.24840307235717773, 0.2472667694091797, 0.24639202654361725, 0.24538885056972504, 0.24436993896961212, 0.2440086007118225, 0.24232271313667297, 0.24196074903011322, 0.24061870574951172, 0.24004022777080536, 0.23931650817394257, 0.23810316622257233, 0.23728881776332855, 0.23671919107437134, 0.2356661856174469, 0.23532086610794067, 0.2343096286058426, 0.23345614969730377, 0.23275554180145264, 0.23196110129356384, 0.23100104928016663, 0.23053313791751862, 0.2303539216518402, 0.22900642454624176, 0.22880619764328003]",33.0,"[33.0, 33.0, 33.0, 33.0, 33.0, 33.0, 33.0, 33.0, 33.0, 33.0, 33.0, 33.0, 33.0, 33.0, 33.0, 33.0, 33.0, 33.0, 33.0, 33.0, 33.0, 33.0, 33.0, 33.0, 33.0, 33.0, 33.0, 33.0, 33.0, 33.0, 33.0, 33.0, 33.0, 33.0, 33.0, 33.0, 33.0, 33.0, 33.0, 33.0, 33.0, 33.0, 33.0, 33.0, 33.0, 33.0, 33.0, 33.0, 33.0, 33.0, 33.0, 33.0, 33.0, 33.0, 33.0, 33.0, 33.0, 33.0, 33.0, 33.0, 33.0, 33.0, 33.0, 33.0, 33.0, 33.0, 33.0, 33.0, 33.0, 33.0, 33.0, 33.0, 33.0, 33.0, 33.0, 33.0, 33.0, 33.0, 33.0, 33.0, 33.0, 33.0, 33.0, 33.0, 33.0, 33.0, 33.0, 33.0, 33.0, 33.0, 33.0, 33.0, 33.0, 33.0, 33.0, 33.0, 33.0, 33.0, 33.0, 33.0, 33.0, 33.0, 33.0, 33.0, 33.0, 33.0, 33.0, 33.0, 33.0, 33.0, 33.0, 33.0, 33.0, 33.0, 33.0]",COMPLETE
164,164,0.9163864950857261,2024-08-31 08:23:32.616324,2024-08-31 08:25:34.285954,0 days 00:02:01.669630,1,0.35208525470716184,4,215,0.008060017765167259,21,0.0002578881555816212,0.922,0.92,31,"[33, 33, 33, 33, 33, 33, 33, 33, 33, 33, 33, 33, 33, 33, 33, 33, 33, 33, 33, 33, 33, 33, 33, 33, 33, 32, 32, 32, 32, 32, 32, 32, 32, 32, 32, 32, 32, 32, 32, 32, 32, 32, 32, 32, 32, 32, 32, 32, 32, 32, 32, 32, 32, 32, 32, 32, 32, 32, 32, 32, 32, 32, 32, 32, 32, 32, 32, 32, 32, 32, 32, 32, 32, 32, 32, 32, 32, 32, 32, 32, 32, 32, 32, 32, 32, 32, 32, 32, 32, 32, 32, 32, 32, 32, 32, 32, 32, 32, 32, 32, 32, 32, 32, 32, 32, 32, 32, 32, 32, 32, 32, 32, 32, 32, 32, 32, 32, 32, 32, 32, 32, 32, 32, 32, 32, 32, 32, 32, 32, 32, 32, 32, 32, 32, 32, 32, 32, 32, 32, 32, 32, 32, 32, 32, 32, 32, 32, 32, 32, 32, 32, 32, 32, 32, 32, 32, 32, 32, 32, 32, 31, 31, 31, 31, 31, 31, 31, 31, 31, 31, 31, 31, 31, 31, 31, 31, 31, 31, 31, 31, 31, 31, 31, 31, 31, 31, 31, 31, 31, 31, 31, 31, 31, 31, 31, 31, 31, 31, 31, 31, 31, 31, 31, 31, 31, 31, 31, 31, 31, 31, 31, 31, 31, 31, 31]",30.974603174603175,"[32.977777777777774, 32.971428571428575, 32.977777777777774, 32.98730158730159, 32.971428571428575, 32.977777777777774, 32.977777777777774, 32.98095238095238, 32.993650793650794, 32.974603174603175, 32.98412698412699, 32.99047619047619, 32.971428571428575, 32.96507936507936, 32.98412698412699, 32.9968253968254, 32.98730158730159, 32.98412698412699, 33.0, 32.98095238095238, 32.98095238095238, 32.96825396825397, 32.974603174603175, 32.98730158730159, 32.98730158730159, 31.987301587301587, 31.996825396825397, 31.987301587301587, 31.974603174603175, 31.98095238095238, 31.984126984126984, 31.984126984126984, 31.977777777777778, 31.974603174603175, 31.996825396825397, 31.987301587301587, 31.984126984126984, 31.987301587301587, 31.98095238095238, 31.977777777777778, 31.98095238095238, 31.987301587301587, 31.984126984126984, 31.97142857142857, 31.987301587301587, 31.984126984126984, 31.977777777777778, 31.984126984126984, 31.99047619047619, 31.98095238095238, 31.965079365079365, 31.977777777777778, 31.974603174603175, 31.974603174603175, 31.974603174603175, 31.984126984126984, 31.96825396825397, 31.98095238095238, 31.977777777777778, 31.974603174603175, 31.984126984126984, 31.977777777777778, 31.974603174603175, 31.96825396825397, 31.977777777777778, 31.984126984126984, 31.98095238095238, 31.98095238095238, 31.977777777777778, 31.98095238095238, 31.987301587301587, 31.977777777777778, 31.99047619047619, 31.98095238095238, 31.977777777777778, 31.98095238095238, 31.99047619047619, 31.98095238095238, 31.987301587301587, 31.98095238095238, 31.984126984126984, 31.977777777777778, 31.984126984126984, 31.974603174603175, 31.987301587301587, 31.977777777777778, 31.977777777777778, 31.98095238095238, 31.97142857142857, 31.977777777777778, 31.98095238095238, 31.96825396825397, 31.97142857142857, 31.977777777777778, 31.98095238095238, 31.977777777777778, 31.965079365079365, 31.98095238095238, 31.977777777777778, 31.974603174603175, 31.977777777777778, 31.99047619047619, 31.987301587301587, 31.97142857142857, 31.96825396825397, 31.95873015873016, 31.961904761904762, 31.974603174603175, 31.97142857142857, 31.965079365079365, 31.974603174603175, 31.98095238095238, 31.987301587301587, 31.974603174603175, 31.98095238095238, 31.96825396825397, 31.974603174603175, 31.974603174603175, 31.97142857142857, 31.974603174603175, 31.974603174603175, 31.97142857142857, 31.98095238095238, 31.974603174603175, 31.96825396825397, 31.977777777777778, 31.961904761904762, 31.965079365079365, 31.961904761904762, 31.961904761904762, 31.965079365079365, 31.97142857142857, 31.974603174603175, 31.974603174603175, 31.977777777777778, 31.984126984126984, 31.974603174603175, 31.977777777777778, 31.974603174603175, 31.99047619047619, 31.993650793650794, 31.977777777777778, 31.99047619047619, 31.99047619047619, 31.97142857142857, 31.974603174603175, 31.98095238095238, 31.98095238095238, 31.97142857142857, 31.974603174603175, 31.977777777777778, 31.974603174603175, 31.96825396825397, 31.974603174603175, 31.96825396825397, 31.98095238095238, 31.96825396825397, 31.96825396825397, 31.961904761904762, 31.961904761904762, 30.96825396825397, 30.96825396825397, 30.95873015873016, 30.95873015873016, 30.965079365079365, 30.965079365079365, 30.97142857142857, 30.97142857142857, 30.977777777777778, 30.977777777777778, 30.96825396825397, 30.977777777777778, 30.974603174603175, 30.974603174603175, 30.96825396825397, 30.965079365079365, 30.965079365079365, 30.974603174603175, 30.96825396825397, 30.961904761904762, 30.961904761904762, 30.95873015873016, 30.955555555555556, 30.98095238095238, 30.96825396825397, 30.965079365079365, 30.965079365079365, 30.97142857142857, 30.961904761904762, 30.974603174603175, 30.95873015873016, 30.96825396825397, 30.977777777777778, 30.977777777777778, 30.96825396825397, 30.95873015873016, 30.974603174603175, 30.95873015873016, 30.96825396825397, 30.95873015873016, 30.965079365079365, 30.965079365079365, 30.96825396825397, 30.98095238095238, 30.97142857142857, 30.977777777777778, 30.952380952380953, 30.96825396825397, 30.965079365079365, 30.96825396825397, 30.98095238095238, 30.98095238095238, 30.977777777777778, 30.98095238095238, 30.974603174603175]",0.8842790974165904,0.9163864950857261,31,"[33, 33, 33, 33, 33, 33, 33, 33, 33, 33, 33, 33, 33, 33, 33, 33, 33, 33, 33, 33, 33, 33, 33, 33, 33, 32, 32, 32, 32, 32, 32, 32, 32, 32, 32, 32, 32, 32, 32, 32, 32, 32, 32, 32, 32, 32, 32, 32, 32, 32, 32, 32, 32, 32, 32, 32, 32, 32, 32, 32, 32, 32, 32, 32, 32, 32, 32, 32, 32, 32, 32, 32, 32, 32, 32, 32, 32, 32, 32, 32, 32, 32, 32, 32, 32, 32, 32, 32, 32, 32, 32, 32, 32, 32, 32, 32, 32, 32, 32, 32, 32, 32, 32, 32, 32, 32, 32, 32, 32, 32, 32, 32, 32, 32, 32, 32, 32, 32, 32, 32, 32, 32, 32, 32, 32, 32, 32, 32, 32, 32, 32, 32, 32, 32, 32, 32, 32, 32, 32, 32, 32, 32, 32, 32, 32, 32, 32, 32, 32, 32, 32, 32, 32, 32, 32, 32, 32, 32, 32, 32, 31, 31, 31, 31, 31, 31, 31, 31, 31, 31, 31, 31, 31, 31, 31, 31, 31, 31, 31, 31, 31, 31, 31, 31, 31, 31, 31, 31, 31, 31, 31, 31, 31, 31, 31, 31, 31, 31, 31, 31, 31, 31, 31, 31, 31, 31, 31, 31, 31, 31, 31, 31, 31, 31, 31]",215,"[0.3537099063396454, 0.32045483589172363, 0.2885534167289734, 0.26299500465393066, 0.24457453191280365, 0.2310447245836258, 0.22731560468673706, 0.21019916236400604, 0.20329061150550842, 0.1969623565673828, 0.19730058312416077, 0.2001669704914093, 0.18799139559268951, 0.18571919202804565, 0.18881326913833618, 0.19371800124645233, 0.18298222124576569, 0.18136394023895264, 0.18139907717704773, 0.185801699757576, 0.17404533922672272, 0.18279734253883362, 0.1769496202468872, 0.1902281641960144, 0.17880044877529144, 0.1798676699399948, 0.17707182466983795, 0.18016469478607178, 0.20362301170825958, 0.17416593432426453, 0.19240997731685638, 0.18779006600379944, 0.2119455188512802, 0.18877513706684113, 0.2011072188615799, 0.1832965463399887, 0.18817724287509918, 0.17975011467933655, 0.18351562321186066, 0.1921362727880478, 0.18998055160045624, 0.1922387182712555, 0.19951143860816956, 0.1898372769355774, 0.195222869515419, 0.19953066110610962, 0.20330551266670227, 0.19516408443450928, 0.2060672789812088, 0.20115840435028076, 0.209368497133255, 0.21072904765605927, 0.20777450501918793, 0.2048594057559967, 0.21212412416934967, 0.20903369784355164, 0.2218671590089798, 0.21564877033233643, 0.21146482229232788, 0.21934400498867035, 0.22991187870502472, 0.22101368010044098, 0.23431096971035004, 0.23832572996616364, 0.23693041503429413, 0.22537612915039062, 0.2314329296350479, 0.23765027523040771, 0.23368977010250092, 0.2343667447566986, 0.24237960577011108, 0.24145016074180603, 0.23807953298091888, 0.2317548543214798, 0.2473917454481125, 0.2419920712709427, 0.2530582547187805, 0.24902552366256714, 0.26311028003692627, 0.2663813531398773, 0.25106698274612427, 0.26376816630363464, 0.2622736394405365, 0.2592800259590149, 0.2622426152229309, 0.26127541065216064, 0.27493739128112793, 0.2696797549724579, 0.27995848655700684, 0.2762210965156555, 0.2720257043838501, 0.2788015305995941, 0.27374815940856934, 0.29199084639549255, 0.2742977738380432, 0.28626343607902527, 0.28176653385162354, 0.29003065824508667, 0.288867324590683, 0.2841990888118744, 0.29600685834884644, 0.2864300310611725, 0.2896620035171509, 0.2907910645008087, 0.2925707995891571, 0.2976534962654114, 0.29698893427848816, 0.3037911653518677, 0.2995266616344452, 0.30585089325904846, 0.3020104169845581, 0.29613056778907776, 0.30901026725769043, 0.30702537298202515, 0.3078165054321289, 0.3090697228908539, 0.31288787722587585, 0.31738293170928955, 0.3149540424346924, 0.31702229380607605, 0.312384694814682, 0.3144594132900238, 0.31854382157325745, 0.3151348829269409, 0.3235490322113037, 0.32456451654434204, 0.32150721549987793, 0.3203012943267822, 0.3267296850681305, 0.33257895708084106, 0.3268551230430603, 0.3288705348968506, 0.3323448598384857, 0.33160701394081116, 0.333871990442276, 0.32910916209220886, 0.33368051052093506, 0.33093830943107605, 0.33347010612487793, 0.33542317152023315, 0.3324654698371887, 0.33297252655029297, 0.3367764949798584, 0.33635982871055603, 0.336051344871521, 0.3383372128009796, 0.340991735458374, 0.3394283652305603, 0.3408578932285309, 0.3386121690273285, 0.34327876567840576, 0.3383905291557312, 0.3442005515098572, 0.3490588068962097, 0.34053680300712585, 0.34512725472450256, 0.3457443118095398, 0.3478369414806366, 0.3430882394313812, 0.3461696207523346, 0.3443632125854492, 0.3443041741847992, 0.3459375500679016, 0.35196104645729065, 0.34980151057243347, 0.3462624251842499, 0.35116642713546753, 0.3507195711135864, 0.3534352481365204, 0.3510296940803528, 0.3565259277820587, 0.35384219884872437, 0.35091090202331543, 0.34968623518943787, 0.35097235441207886, 0.3553045392036438, 0.3533935248851776, 0.3521946668624878, 0.35577142238616943, 0.35674336552619934, 0.360800564289093, 0.3571341037750244, 0.35288363695144653, 0.35587796568870544, 0.35490530729293823, 0.3631827235221863, 0.3581405580043793, 0.3598793148994446, 0.3568645417690277, 0.35690706968307495, 0.3611844778060913, 0.3577624261379242, 0.35958853363990784, 0.3542894124984741, 0.36142081022262573, 0.3592320680618286, 0.3643522262573242, 0.36051276326179504, 0.36269134283065796, 0.36650559306144714, 0.362842321395874, 0.3613966405391693, 0.3625650703907013, 0.36364296078681946, 0.36748093366622925, 0.366131067276001, 0.3665080964565277, 0.3657519817352295, 0.3621666431427002, 0.3622003495693207, 0.36701422929763794, 0.36587294936180115, 0.36879962682724, 0.3674534261226654, 0.37038275599479675]",31.0,"[33.0, 33.0, 33.0, 33.0, 33.0, 33.0, 33.0, 33.0, 33.0, 33.0, 33.0, 33.0, 33.0, 33.0, 33.0, 33.0, 33.0, 33.0, 33.0, 33.0, 33.0, 33.0, 33.0, 33.0, 33.0, 32.0, 32.0, 32.0, 32.0, 32.0, 32.0, 32.0, 32.0, 32.0, 32.0, 32.0, 32.0, 32.0, 32.0, 32.0, 32.0, 32.0, 32.0, 32.0, 32.0, 32.0, 32.0, 32.0, 32.0, 32.0, 32.0, 32.0, 32.0, 32.0, 32.0, 32.0, 32.0, 32.0, 32.0, 32.0, 32.0, 32.0, 32.0, 32.0, 32.0, 32.0, 32.0, 32.0, 32.0, 32.0, 32.0, 32.0, 32.0, 32.0, 32.0, 32.0, 32.0, 32.0, 32.0, 32.0, 32.0, 32.0, 32.0, 32.0, 32.0, 32.0, 32.0, 32.0, 32.0, 32.0, 32.0, 32.0, 32.0, 32.0, 32.0, 32.0, 32.0, 32.0, 32.0, 32.0, 32.0, 32.0, 32.0, 32.0, 32.0, 32.0, 32.0, 32.0, 32.0, 32.0, 32.0, 32.0, 32.0, 32.0, 32.0, 32.0, 32.0, 32.0, 32.0, 32.0, 32.0, 32.0, 32.0, 32.0, 32.0, 32.0, 32.0, 32.0, 32.0, 32.0, 32.0, 32.0, 32.0, 32.0, 32.0, 32.0, 32.0, 32.0, 32.0, 32.0, 32.0, 32.0, 32.0, 32.0, 32.0, 32.0, 32.0, 32.0, 32.0, 32.0, 32.0, 32.0, 32.0, 32.0, 32.0, 32.0, 32.0, 32.0, 32.0, 32.0, 31.0, 31.0, 31.0, 31.0, 31.0, 31.0, 31.0, 31.0, 31.0, 31.0, 31.0, 31.0, 31.0, 31.0, 31.0, 31.0, 31.0, 31.0, 31.0, 31.0, 31.0, 31.0, 31.0, 31.0, 31.0, 31.0, 31.0, 31.0, 31.0, 31.0, 31.0, 31.0, 31.0, 31.0, 31.0, 31.0, 31.0, 31.0, 31.0, 31.0, 31.0, 31.0, 31.0, 31.0, 31.0, 31.0, 31.0, 31.0, 31.0, 31.0, 31.0, 31.0, 31.0, 31.0, 31.0]",COMPLETE
