,number,value,datetime_start,datetime_complete,duration,params_batch_size_scaler,params_constant_learning_rate,params_depth,params_epochs,params_kernel_l2,params_num_trees,params_temperature,user_attrs_accuracy_test,user_attrs_accuracy_valid,user_attrs_approximate_feature_sparsity,user_attrs_approximate_feature_sparsity_history,user_attrs_approximate_weight_sparsity,user_attrs_approximate_weight_sparsity_history,user_attrs_auc_test,user_attrs_auc_valid,user_attrs_feature_sparsity,user_attrs_feature_sparsity_history,user_attrs_num_epochs,user_attrs_val_loss_history,user_attrs_weight_sparsity,user_attrs_weight_sparsity_history,state
128,128,0.5,2024-08-31 07:08:12.715377,2024-08-31 07:09:17.294015,0 days 00:01:04.578638,1,0.37624186160361145,2,135,0.9814409479011487,12,0.0032729239262480492,0.859,0.85875,0,"[0, 0, 0, 0, 0, 0, 0, 0, 0, 0, 0, 0, 0, 0, 0, 0, 0, 0, 0, 0, 0, 0, 0, 0, 0, 0, 0, 0, 0, 0, 0, 0, 0, 0, 0, 0, 0, 0, 0, 0, 0, 0, 0, 0, 0, 0, 0, 0, 0, 0, 0, 0, 0, 0, 0, 0, 0, 0, 0, 0, 0, 0, 0, 0, 0, 0, 0, 0, 0, 0, 0, 0, 0, 0, 0, 0, 0, 0, 0, 0, 0, 0, 0, 0, 0, 0, 0, 0, 0, 0, 0, 0, 0, 0, 0, 0, 0, 0, 0, 0, 0, 0, 0, 0, 0, 0, 0, 0, 0, 0, 0, 0, 0, 0, 0, 0, 0, 0, 0, 0, 0, 0, 0, 0, 0, 0, 0, 0, 0, 0, 0, 0, 0, 0, 0]",0.0,"[0.0, 0.0, 0.0, 0.0, 0.0, 0.0, 0.0, 0.0, 0.0, 0.0, 0.0, 0.0, 0.0, 0.0, 0.0, 0.0, 0.0, 0.0, 0.0, 0.0, 0.0, 0.0, 0.0, 0.0, 0.0, 0.0, 0.0, 0.0, 0.0, 0.0, 0.0, 0.0, 0.0, 0.0, 0.0, 0.0, 0.0, 0.0, 0.0, 0.0, 0.0, 0.0, 0.0, 0.0, 0.0, 0.0, 0.0, 0.0, 0.0, 0.0, 0.0, 0.0, 0.0, 0.0, 0.0, 0.0, 0.0, 0.0, 0.0, 0.0, 0.0, 0.0, 0.0, 0.0, 0.0, 0.0, 0.0, 0.0, 0.0, 0.0, 0.0, 0.0, 0.0, 0.0, 0.0, 0.0, 0.0, 0.0, 0.0, 0.0, 0.0, 0.0, 0.0, 0.0, 0.0, 0.0, 0.0, 0.0, 0.0, 0.0, 0.0, 0.0, 0.0, 0.0, 0.0, 0.0, 0.0, 0.0, 0.0, 0.0, 0.0, 0.0, 0.0, 0.0, 0.0, 0.0, 0.0, 0.0, 0.0, 0.0, 0.0, 0.0, 0.0, 0.0, 0.0, 0.0, 0.0, 0.0, 0.0, 0.0, 0.0, 0.0, 0.0, 0.0, 0.0, 0.0, 0.0, 0.0, 0.0, 0.0, 0.0, 0.0, 0.0, 0.0, 0.0]",0.5,0.5,0,"[0, 0, 0, 0, 0, 0, 0, 0, 0, 0, 0, 0, 0, 0, 0, 0, 0, 0, 0, 0, 0, 0, 0, 0, 0, 0, 0, 0, 0, 0, 0, 0, 0, 0, 0, 0, 0, 0, 0, 0, 0, 0, 0, 0, 0, 0, 0, 0, 0, 0, 0, 0, 0, 0, 0, 0, 0, 0, 0, 0, 0, 0, 0, 0, 0, 0, 0, 0, 0, 0, 0, 0, 0, 0, 0, 0, 0, 0, 0, 0, 0, 0, 0, 0, 0, 0, 0, 0, 0, 0, 0, 0, 0, 0, 0, 0, 0, 0, 0, 0, 0, 0, 0, 0, 0, 0, 0, 0, 0, 0, 0, 0, 0, 0, 0, 0, 0, 0, 0, 0, 0, 0, 0, 0, 0, 0, 0, 0, 0, 0, 0, 0, 0, 0, 0]",135,"[0.40933096408843994, 0.41290706396102905, 0.41546034812927246, 0.4174702763557434, 0.41143444180488586, 0.4096522927284241, 0.40733492374420166, 0.41057685017585754, 0.4078403413295746, 0.4082777500152588, 0.4075547158718109, 0.4089689254760742, 0.40862032771110535, 0.4076867997646332, 0.4082636535167694, 0.4280129671096802, 0.41030818223953247, 0.4074345827102661, 0.4073244333267212, 0.40780261158943176, 0.4217870831489563, 0.4102877378463745, 0.40969908237457275, 0.4356074035167694, 0.40809714794158936, 0.4072462320327759, 0.41601330041885376, 0.41043442487716675, 0.40960633754730225, 0.4074175953865051, 0.407257080078125, 0.40966731309890747, 0.40799960494041443, 0.40817591547966003, 0.40837886929512024, 0.41755008697509766, 0.4074355363845825, 0.41358405351638794, 0.40927237272262573, 0.4085695147514343, 0.40752625465393066, 0.41452085971832275, 0.41767898201942444, 0.411756694316864, 0.4191489815711975, 0.4516202509403229, 0.4095977544784546, 0.40732327103614807, 0.4162653684616089, 0.4123382866382599, 0.4082169830799103, 0.417352557182312, 0.41041508316993713, 0.40742766857147217, 0.4140947759151459, 0.4310835897922516, 0.40799206495285034, 0.41029709577560425, 0.41208869218826294, 0.4249439537525177, 0.4076485335826874, 0.40767809748649597, 0.410512238740921, 0.4082408845424652, 0.4090295732021332, 0.40947598218917847, 0.4366586208343506, 0.4090617299079895, 0.40812182426452637, 0.4109225571155548, 0.4118120074272156, 0.4073081910610199, 0.4105956256389618, 0.40771663188934326, 0.4103250205516815, 0.407456636428833, 0.40815287828445435, 0.40727871656417847, 0.4094321131706238, 0.40722736716270447, 0.40750327706336975, 0.4089953303337097, 0.4078596830368042, 0.4080415964126587, 0.4124037027359009, 0.4103991687297821, 0.4180186092853546, 0.4088224768638611, 0.4072294235229492, 0.40722647309303284, 0.40731310844421387, 0.4091879725456238, 0.4177500009536743, 0.407258003950119, 0.4076116979122162, 0.40931937098503113, 0.40838927030563354, 0.40728551149368286, 0.41004741191864014, 0.41383692622184753, 0.41313210129737854, 0.40975630283355713, 0.4075007140636444, 0.40980979800224304, 0.41859591007232666, 0.4083992838859558, 0.42146700620651245, 0.43229639530181885, 0.407416433095932, 0.40888354182243347, 0.40852195024490356, 0.4130001366138458, 0.40807873010635376, 0.4072789251804352, 0.4137871563434601, 0.4123150110244751, 0.40740296244621277, 0.4085606634616852, 0.4079299569129944, 0.4073053002357483, 0.408381849527359, 0.4147554636001587, 0.4075796902179718, 0.4115588366985321, 0.4090931713581085, 0.4107803404331207, 0.4072887897491455, 0.4099052846431732, 0.4138319790363312, 0.4074147939682007, 0.42867210507392883, 0.4084498882293701, 0.4137042164802551, 0.40959715843200684, 0.41627857089042664]",0.0,"[0.0, 0.0, 0.0, 0.0, 0.0, 0.0, 0.0, 0.0, 0.0, 0.0, 0.0, 0.0, 0.0, 0.0, 0.0, 0.0, 0.0, 0.0, 0.0, 0.0, 0.0, 0.0, 0.0, 0.0, 0.0, 0.0, 0.0, 0.0, 0.0, 0.0, 0.0, 0.0, 0.0, 0.0, 0.0, 0.0, 0.0, 0.0, 0.0, 0.0, 0.0, 0.0, 0.0, 0.0, 0.0, 0.0, 0.0, 0.0, 0.0, 0.0, 0.0, 0.0, 0.0, 0.0, 0.0, 0.0, 0.0, 0.0, 0.0, 0.0, 0.0, 0.0, 0.0, 0.0, 0.0, 0.0, 0.0, 0.0, 0.0, 0.0, 0.0, 0.0, 0.0, 0.0, 0.0, 0.0, 0.0, 0.0, 0.0, 0.0, 0.0, 0.0, 0.0, 0.0, 0.0, 0.0, 0.0, 0.0, 0.0, 0.0, 0.0, 0.0, 0.0, 0.0, 0.0, 0.0, 0.0, 0.0, 0.0, 0.0, 0.0, 0.0, 0.0, 0.0, 0.0, 0.0, 0.0, 0.0, 0.0, 0.0, 0.0, 0.0, 0.0, 0.0, 0.0, 0.0, 0.0, 0.0, 0.0, 0.0, 0.0, 0.0, 0.0, 0.0, 0.0, 0.0, 0.0, 0.0, 0.0, 0.0, 0.0, 0.0, 0.0, 0.0, 0.0]",COMPLETE
129,129,0.8337906248792364,2024-08-31 07:09:20.278124,2024-08-31 07:10:15.654186,0 days 00:00:55.376062,4,0.011226714942129163,3,190,0.01848841376966028,28,0.0005286131053641027,0.882,0.8775,33,"[33, 33, 33, 33, 33, 33, 33, 33, 33, 33, 33, 33, 33, 33, 33, 33, 33, 33, 33, 33, 33, 33, 33, 33, 33, 33, 33, 33, 33, 33, 33, 33, 33, 33, 33, 33, 33, 33, 33, 33, 33, 33, 33, 33, 33, 33, 33, 33, 33, 33, 33, 33, 33, 33, 33, 33, 33, 33, 33, 33, 33, 33, 33, 33, 33, 33, 33, 33, 33, 33, 33, 33, 33, 33, 33, 33, 33, 33, 33, 33, 33, 33, 33, 33, 33, 33, 33, 33, 33, 33, 33, 33, 33, 33, 33, 33, 33, 33, 33, 33, 33, 33, 33, 33, 33, 33, 33, 33, 33, 33, 33, 33, 33, 33, 33, 33, 33, 33, 33, 33, 33, 33, 33, 33, 33, 33, 33, 33, 33, 33, 33, 33, 33, 33, 33, 33, 33, 33, 33, 33, 33, 33, 33, 33, 33, 33, 33, 33, 33, 33, 33, 33, 33, 33, 33, 33, 33, 33, 33, 33, 33, 33, 33, 33, 33, 33, 33, 33, 33, 33, 33, 33, 33, 33, 33, 33, 33, 33, 33, 33, 33, 33, 33, 33, 33, 33, 33, 33, 33, 33]",32.994897959183675,"[32.964285714285715, 32.96938775510204, 32.974489795918366, 32.984693877551024, 32.98979591836735, 32.984693877551024, 32.96938775510204, 32.9795918367347, 32.97448979591837, 32.9795918367347, 32.96938775510204, 32.964285714285715, 32.974489795918366, 32.96938775510204, 32.96938775510204, 32.96938775510204, 32.96938775510204, 32.974489795918366, 32.97448979591837, 32.974489795918366, 32.984693877551024, 32.98979591836735, 32.9795918367347, 32.984693877551024, 32.98979591836735, 32.984693877551024, 32.9795918367347, 32.96938775510204, 32.984693877551024, 32.9795918367347, 32.954081632653065, 32.96938775510204, 32.964285714285715, 32.964285714285715, 32.98979591836735, 32.984693877551024, 32.98979591836735, 32.98979591836735, 32.98979591836735, 32.974489795918366, 32.96938775510204, 32.984693877551024, 32.9795918367347, 32.98979591836735, 32.9795918367347, 32.98979591836735, 32.994897959183675, 32.974489795918366, 32.9795918367347, 32.98979591836735, 32.984693877551024, 32.984693877551024, 32.9795918367347, 32.984693877551024, 32.984693877551024, 32.9795918367347, 32.9795918367347, 32.994897959183675, 32.994897959183675, 32.984693877551024, 32.98979591836735, 32.98979591836735, 32.98979591836735, 32.994897959183675, 32.9795918367347, 32.9795918367347, 32.9795918367347, 32.98979591836735, 32.984693877551024, 32.98979591836735, 32.994897959183675, 32.984693877551024, 32.984693877551024, 32.984693877551024, 32.9795918367347, 32.9795918367347, 32.974489795918366, 32.9795918367347, 32.9795918367347, 32.98979591836735, 32.984693877551024, 32.9795918367347, 32.9795918367347, 32.9795918367347, 32.98979591836735, 32.98979591836735, 32.984693877551024, 32.984693877551024, 32.98979591836735, 32.98979591836735, 32.98979591836735, 32.984693877551024, 32.9795918367347, 32.984693877551024, 32.9795918367347, 32.98979591836735, 32.98979591836735, 32.98979591836735, 32.984693877551024, 32.9795918367347, 32.98979591836735, 32.98979591836735, 32.97448979591837, 32.984693877551024, 32.984693877551024, 32.984693877551024, 32.984693877551024, 32.974489795918366, 32.9795918367347, 32.984693877551024, 32.994897959183675, 32.98979591836735, 32.994897959183675, 32.98979591836735, 32.984693877551024, 32.984693877551024, 32.98979591836735, 32.984693877551024, 32.9795918367347, 32.9795918367347, 32.984693877551024, 32.984693877551024, 32.98979591836735, 32.994897959183675, 32.984693877551024, 32.98979591836735, 32.97959183673469, 32.96938775510204, 32.9795918367347, 32.97448979591837, 32.9795918367347, 32.984693877551024, 32.9795918367347, 32.994897959183675, 32.984693877551024, 32.9795918367347, 32.9795918367347, 32.98979591836735, 32.994897959183675, 32.994897959183675, 32.984693877551024, 32.984693877551024, 32.974489795918366, 32.9795918367347, 32.984693877551024, 32.994897959183675, 32.984693877551024, 32.984693877551024, 32.9795918367347, 32.984693877551024, 32.984693877551024, 32.994897959183675, 32.98979591836735, 32.98979591836735, 32.984693877551024, 32.984693877551024, 32.9795918367347, 32.984693877551024, 32.9795918367347, 32.974489795918366, 32.9795918367347, 32.964285714285715, 32.974489795918366, 32.974489795918366, 32.96938775510204, 32.9795918367347, 32.97448979591837, 32.9795918367347, 32.9795918367347, 32.984693877551024, 32.984693877551024, 32.984693877551024, 32.984693877551024, 32.994897959183675, 32.994897959183675, 32.98979591836735, 32.984693877551024, 32.984693877551024, 32.9795918367347, 32.984693877551024, 33.0, 32.98979591836735, 32.98979591836735, 32.994897959183675, 32.984693877551024, 32.9795918367347, 32.994897959183675, 32.994897959183675, 32.98979591836735, 32.994897959183675]",0.844731214755736,0.8337906248792364,33,"[33, 33, 33, 33, 33, 33, 33, 33, 33, 33, 33, 33, 33, 33, 33, 33, 33, 33, 33, 33, 33, 33, 33, 33, 33, 33, 33, 33, 33, 33, 33, 33, 33, 33, 33, 33, 33, 33, 33, 33, 33, 33, 33, 33, 33, 33, 33, 33, 33, 33, 33, 33, 33, 33, 33, 33, 33, 33, 33, 33, 33, 33, 33, 33, 33, 33, 33, 33, 33, 33, 33, 33, 33, 33, 33, 33, 33, 33, 33, 33, 33, 33, 33, 33, 33, 33, 33, 33, 33, 33, 33, 33, 33, 33, 33, 33, 33, 33, 33, 33, 33, 33, 33, 33, 33, 33, 33, 33, 33, 33, 33, 33, 33, 33, 33, 33, 33, 33, 33, 33, 33, 33, 33, 33, 33, 33, 33, 33, 33, 33, 33, 33, 33, 33, 33, 33, 33, 33, 33, 33, 33, 33, 33, 33, 33, 33, 33, 33, 33, 33, 33, 33, 33, 33, 33, 33, 33, 33, 33, 33, 33, 33, 33, 33, 33, 33, 33, 33, 33, 33, 33, 33, 33, 33, 33, 33, 33, 33, 33, 33, 33, 33, 33, 33, 33, 33, 33, 33, 33, 33]",190,"[0.44368255138397217, 0.4189676344394684, 0.4105706810951233, 0.4063563942909241, 0.40319132804870605, 0.4006877541542053, 0.3984606862068176, 0.39641547203063965, 0.3945833444595337, 0.3928567171096802, 0.3912311792373657, 0.3897194564342499, 0.38833141326904297, 0.38699981570243835, 0.3857543170452118, 0.384587824344635, 0.38347235321998596, 0.38236621022224426, 0.3813895285129547, 0.38043802976608276, 0.379542738199234, 0.37868019938468933, 0.377873033285141, 0.3771410882472992, 0.3764056861400604, 0.3756396174430847, 0.3749355971813202, 0.3742749094963074, 0.3736501932144165, 0.3730546832084656, 0.3724331557750702, 0.37184983491897583, 0.3712600767612457, 0.37073609232902527, 0.37022173404693604, 0.36967262625694275, 0.3691818118095398, 0.3686336576938629, 0.3681453764438629, 0.36771687865257263, 0.3672449588775635, 0.3667820394039154, 0.36635318398475647, 0.36591148376464844, 0.3654274046421051, 0.36504414677619934, 0.36458054184913635, 0.36416053771972656, 0.36373624205589294, 0.363321989774704, 0.3628910183906555, 0.36248496174812317, 0.36206695437431335, 0.3616716265678406, 0.36127257347106934, 0.36086738109588623, 0.3605028986930847, 0.3601036071777344, 0.35974329710006714, 0.3593323826789856, 0.3589116632938385, 0.358591228723526, 0.35821202397346497, 0.3578287363052368, 0.3574396073818207, 0.35705962777137756, 0.3566732108592987, 0.35630446672439575, 0.35594284534454346, 0.35559502243995667, 0.35520699620246887, 0.35480189323425293, 0.3544195592403412, 0.35403311252593994, 0.35367926955223083, 0.353307843208313, 0.35294392704963684, 0.35256752371788025, 0.3521970808506012, 0.3517923355102539, 0.3514370024204254, 0.35105884075164795, 0.3507252633571625, 0.3503809869289398, 0.34996429085731506, 0.34963297843933105, 0.3492605686187744, 0.3488630950450897, 0.3485034108161926, 0.3481450378894806, 0.3477664589881897, 0.34740081429481506, 0.3470703363418579, 0.34670448303222656, 0.34634384512901306, 0.34596240520477295, 0.3456282913684845, 0.34525254368782043, 0.34488362073898315, 0.3445182740688324, 0.34411734342575073, 0.3437543213367462, 0.3433840274810791, 0.34301385283470154, 0.3426588773727417, 0.34228062629699707, 0.3419155478477478, 0.34153077006340027, 0.34116387367248535, 0.3408139944076538, 0.3404396176338196, 0.3400745391845703, 0.33970919251441956, 0.33932825922966003, 0.3389579653739929, 0.33857375383377075, 0.33822616934776306, 0.33784937858581543, 0.3374463617801666, 0.3370782434940338, 0.33671244978904724, 0.3363555669784546, 0.3359590768814087, 0.33555126190185547, 0.335193395614624, 0.33483392000198364, 0.33444660902023315, 0.33404240012168884, 0.33368900418281555, 0.33330273628234863, 0.3329513967037201, 0.3325849771499634, 0.332202672958374, 0.33179786801338196, 0.3314225673675537, 0.33102408051490784, 0.3306349813938141, 0.3302362859249115, 0.3298691213130951, 0.32944321632385254, 0.3290766179561615, 0.3286973237991333, 0.3283165693283081, 0.3279303312301636, 0.3275631368160248, 0.32719776034355164, 0.32681548595428467, 0.3264038562774658, 0.32601428031921387, 0.32563403248786926, 0.32523974776268005, 0.3248467743396759, 0.32440412044525146, 0.3240184485912323, 0.3236500024795532, 0.3232755959033966, 0.3228836953639984, 0.3225072920322418, 0.3221120834350586, 0.3217049539089203, 0.3212944269180298, 0.3208966851234436, 0.32052725553512573, 0.3201199471950531, 0.3197104036808014, 0.31932130455970764, 0.31889915466308594, 0.3184988498687744, 0.3180655539035797, 0.3176594078540802, 0.3172718286514282, 0.3168684244155884, 0.3164859116077423, 0.3160773515701294, 0.31565284729003906, 0.31526580452919006, 0.3148546814918518, 0.31443268060684204, 0.3140527606010437, 0.31364595890045166, 0.31322768330574036, 0.3128119111061096, 0.31239426136016846, 0.31200289726257324, 0.3115857243537903, 0.31120529770851135, 0.3107997477054596, 0.3103950321674347, 0.30997613072395325, 0.3095504343509674]",33.0,"[33.0, 33.0, 33.0, 33.0, 33.0, 33.0, 33.0, 33.0, 33.0, 33.0, 33.0, 33.0, 33.0, 33.0, 33.0, 33.0, 33.0, 33.0, 33.0, 33.0, 33.0, 33.0, 33.0, 33.0, 33.0, 33.0, 33.0, 33.0, 33.0, 33.0, 33.0, 33.0, 33.0, 33.0, 33.0, 33.0, 33.0, 33.0, 33.0, 33.0, 33.0, 33.0, 33.0, 33.0, 33.0, 33.0, 33.0, 33.0, 33.0, 33.0, 33.0, 33.0, 33.0, 33.0, 33.0, 33.0, 33.0, 33.0, 33.0, 33.0, 33.0, 33.0, 33.0, 33.0, 33.0, 33.0, 33.0, 33.0, 33.0, 33.0, 33.0, 33.0, 33.0, 33.0, 33.0, 33.0, 33.0, 33.0, 33.0, 33.0, 33.0, 33.0, 33.0, 33.0, 33.0, 33.0, 33.0, 33.0, 33.0, 33.0, 33.0, 33.0, 33.0, 33.0, 33.0, 33.0, 33.0, 33.0, 33.0, 33.0, 33.0, 33.0, 33.0, 33.0, 33.0, 33.0, 33.0, 33.0, 33.0, 33.0, 33.0, 33.0, 33.0, 33.0, 33.0, 33.0, 33.0, 33.0, 33.0, 33.0, 33.0, 33.0, 33.0, 33.0, 33.0, 33.0, 33.0, 33.0, 33.0, 33.0, 33.0, 33.0, 33.0, 33.0, 33.0, 33.0, 33.0, 33.0, 33.0, 33.0, 33.0, 33.0, 33.0, 33.0, 33.0, 33.0, 33.0, 33.0, 33.0, 33.0, 33.0, 33.0, 33.0, 33.0, 33.0, 33.0, 33.0, 33.0, 33.0, 33.0, 33.0, 33.0, 33.0, 33.0, 33.0, 33.0, 33.0, 33.0, 33.0, 33.0, 33.0, 33.0, 33.0, 33.0, 33.0, 33.0, 33.0, 33.0, 33.0, 33.0, 33.0, 33.0, 33.0, 33.0, 33.0, 33.0, 33.0, 33.0, 33.0, 33.0]",COMPLETE
