,number,value,datetime_start,datetime_complete,duration,params_batch_size_scaler,params_constant_learning_rate,params_depth,params_epochs,params_kernel_l2,params_num_trees,params_temperature,user_attrs_accuracy_test,user_attrs_accuracy_valid,user_attrs_approximate_feature_sparsity,user_attrs_approximate_feature_sparsity_history,user_attrs_approximate_weight_sparsity,user_attrs_approximate_weight_sparsity_history,user_attrs_auc_test,user_attrs_auc_valid,user_attrs_feature_sparsity,user_attrs_feature_sparsity_history,user_attrs_num_epochs,user_attrs_val_loss_history,user_attrs_weight_sparsity,user_attrs_weight_sparsity_history,state
88,88,0.9301567672708068,2024-08-31 05:11:05.499697,2024-08-31 05:18:12.518777,0 days 00:07:07.019080,64,3.531166510048407,6,475,0.00724387475825119,42,0.0004275169609529409,0.931,0.92875,17,"[33, 33, 33, 33, 33, 33, 33, 33, 33, 33, 33, 33, 33, 33, 33, 33, 33, 33, 33, 33, 33, 33, 33, 33, 33, 33, 33, 33, 33, 33, 33, 33, 33, 33, 33, 33, 33, 33, 33, 33, 33, 33, 33, 33, 33, 33, 33, 33, 33, 33, 33, 33, 33, 33, 32, 32, 29, 27, 25, 25, 25, 24, 24, 23, 23, 23, 23, 23, 23, 23, 22, 22, 22, 22, 22, 22, 22, 22, 21, 21, 21, 21, 21, 21, 21, 21, 21, 21, 21, 20, 20, 19, 19, 19, 19, 19, 19, 19, 19, 19, 19, 19, 19, 19, 19, 19, 19, 19, 19, 19, 19, 19, 19, 19, 19, 19, 19, 19, 19, 19, 19, 19, 19, 19, 19, 19, 19, 19, 19, 19, 19, 19, 19, 19, 19, 19, 19, 19, 19, 19, 19, 19, 19, 19, 19, 19, 19, 19, 19, 19, 19, 19, 19, 19, 19, 19, 19, 19, 19, 19, 19, 19, 19, 19, 19, 19, 19, 19, 19, 19, 19, 19, 19, 19, 19, 19, 19, 19, 19, 19, 19, 19, 19, 19, 19, 18, 18, 18, 18, 18, 18, 18, 18, 18, 18, 18, 18, 18, 18, 18, 18, 18, 18, 18, 18, 18, 18, 18, 18, 18, 18, 18, 18, 18, 18, 18, 18, 18, 18, 18, 18, 18, 18, 18, 18, 18, 18, 18, 18, 18, 18, 18, 18, 18, 18, 18, 18, 18, 18, 18, 18, 18, 18, 18, 18, 18, 18, 18, 18, 18, 18, 18, 18, 18, 18, 18, 18, 18, 18, 18, 18, 18, 18, 18, 18, 18, 18, 18, 18, 18, 18, 18, 18, 18, 18, 18, 18, 18, 18, 18, 18, 18, 18, 18, 18, 18, 18, 18, 18, 18, 18, 18, 18, 18, 18, 18, 18, 18, 18, 18, 18, 18, 18, 18, 18, 18, 18, 18, 18, 18, 18, 18, 18, 18, 18, 18, 18, 18, 18, 18, 18, 18, 18, 18, 18, 18, 17, 17, 17, 17, 17, 17, 17, 17, 17, 17, 17, 17, 17, 17, 17, 17, 17, 17, 17, 17, 17, 17, 17, 17, 17, 17, 17, 17, 17, 17, 17, 17, 17, 17, 17, 17, 17, 17, 17, 17, 17, 17, 17, 17, 17, 17, 17, 17, 17, 17, 17, 17, 17, 17, 17, 17, 17, 17, 17, 17, 17, 17, 17, 17, 17, 17, 17, 17, 17, 17, 17, 17, 17, 17, 17, 17, 17, 17, 17, 17, 17, 17, 17, 17, 17, 17, 17, 17, 17, 17, 17, 17, 17, 17, 17, 17, 17, 17, 17, 17, 17, 17, 17, 17, 17, 17, 17, 17, 17, 17, 17, 17, 17, 17, 17, 17, 17, 17, 17, 17, 17, 17, 17, 17, 17, 17, 17, 17, 17, 17, 17, 17, 17, 17, 17, 17, 17, 17, 17, 17, 17, 17, 17, 17, 17, 17, 17, 17, 17]",16.96825396825397,"[32.925170068027214, 32.93499622071051, 32.930839002267575, 32.93235071806501, 32.936130007558575, 32.93121693121693, 32.93310657596372, 32.93310657596372, 32.928949357520786, 32.92063492063492, 32.91836734693877, 32.92403628117914, 32.92517006802721, 32.92176870748299, 32.931594860166285, 32.93310657596372, 32.93575207860922, 32.93461829176115, 32.925925925925924, 32.928949357520786, 32.927059712773996, 32.93424036281179, 32.93046107331821, 32.92781557067271, 32.91836734693877, 32.92592592592593, 32.925170068027214, 32.92668178382464, 32.93310657596372, 32.930839002267575, 32.932350718065, 32.92781557067271, 32.92554799697657, 32.93688586545729, 32.935374149659864, 32.930839002267575, 32.93688586545729, 32.939909297052154, 32.93424036281179, 32.93764172335601, 32.93121693121693, 32.93310657596372, 32.932350718065, 32.93272864701436, 32.93159486016629, 32.9421768707483, 32.93575207860922, 32.93688586545729, 32.93008314436886, 32.93310657596372, 32.942932728647015, 32.94028722600151, 32.93310657596372, 32.935374149659864, 31.93272864701436, 31.931594860166285, 28.939909297052154, 26.943310657596374, 24.944444444444443, 24.947467876039305, 24.944822373393805, 23.949357520786094, 23.947845804988663, 22.9572940287226, 22.951625094482235, 22.95389266817838, 22.955404383975814, 22.954648526077097, 22.954270597127742, 22.95124716553288, 21.959939531368104, 21.950113378684804, 21.956538170823883, 21.95956160241875, 21.956538170823887, 21.95767195767196, 21.95086923658352, 21.96069538926682, 20.9572940287226, 20.954648526077097, 20.957671957671955, 20.959183673469386, 20.954648526077097, 20.95918367346939, 20.9572940287226, 20.958049886621314, 20.958049886621318, 20.95767195767196, 20.965230536659107, 19.961073318216176, 19.965230536659107, 18.965608465608465, 18.96371882086168, 18.96220710506425, 18.96485260770975, 18.962962962962965, 18.965986394557824, 18.969009826152686, 18.96182917611489, 18.95918367346939, 18.962585034013607, 18.959939531368104, 18.961451247165535, 18.958427815570673, 18.961073318216176, 18.96220710506425, 18.962962962962965, 18.962585034013607, 18.970899470899475, 18.963718820861676, 18.96560846560846, 18.96220710506425, 18.96334089191232, 18.964852607709755, 18.967876039304613, 18.96598639455782, 18.964096749811034, 18.96560846560847, 18.962585034013607, 18.96523053665911, 18.964474678760393, 18.96825396825397, 18.964474678760393, 18.9697656840514, 18.96787603930461, 18.96485260770975, 18.967120181405893, 18.964096749811038, 18.9671201814059, 18.967876039304613, 18.965608465608465, 18.962962962962962, 18.967120181405896, 18.967120181405896, 18.972033257747544, 18.965986394557824, 18.96749811035525, 18.970143613000754, 18.973167044595616, 18.96787603930461, 18.96825396825397, 18.958805744520028, 18.965608465608465, 18.966742252456537, 18.965986394557824, 18.96787603930461, 18.9697656840514, 18.963718820861676, 18.959939531368104, 18.968253968253965, 18.97089947089947, 18.96485260770975, 18.96825396825397, 18.9697656840514, 18.970143613000758, 18.96334089191232, 18.966364323507182, 18.96485260770975, 18.96674225245654, 18.965986394557824, 18.96825396825397, 18.96485260770975, 18.967120181405896, 18.962585034013607, 18.965608465608465, 18.96220710506425, 18.960695389266817, 18.960695389266817, 18.96447467876039, 18.961451247165535, 18.95918367346939, 18.961073318216172, 18.957671957671955, 18.96523053665911, 18.964096749811034, 18.964096749811038, 18.962585034013607, 18.967120181405893, 18.965608465608465, 18.962962962962962, 18.965230536659107, 18.96636432350718, 18.962962962962962, 18.960695389266817, 18.967498110355255, 17.970143613000758, 17.969009826152682, 17.968253968253972, 17.9671201814059, 17.969009826152682, 17.970521541950113, 17.970143613000754, 17.966742252456537, 17.968631897203327, 17.970143613000754, 17.971277399848827, 17.967498110355255, 17.968631897203323, 17.970521541950113, 17.965608465608465, 17.968253968253965, 17.96598639455782, 17.96560846560847, 17.966742252456534, 17.962962962962962, 17.963718820861676, 17.964474678760393, 17.96220710506425, 17.960695389266817, 17.96371882086168, 17.96145124716553, 17.96220710506425, 17.96636432350718, 17.96334089191232, 17.964852607709748, 17.965230536659107, 17.962585034013603, 17.96938775510204, 17.966364323507182, 17.962962962962962, 17.967876039304606, 17.969009826152686, 17.966742252456537, 17.96371882086168, 17.96560846560847, 17.96749811035525, 17.96598639455782, 17.961073318216176, 17.96485260770975, 17.967498110355255, 17.969009826152686, 17.96674225245654, 17.96749811035525, 17.96598639455782, 17.96938775510204, 17.966364323507182, 17.971655328798185, 17.964852607709748, 17.976568405139833, 17.97089947089947, 17.97543461829176, 17.972033257747544, 17.97089947089947, 17.97392290249433, 17.971277399848827, 17.97127739984883, 17.972033257747544, 17.972789115646258, 17.97127739984883, 17.968631897203327, 17.97543461829176, 17.97354497354498, 17.971655328798185, 17.97127739984883, 17.97392290249433, 17.970521541950113, 17.967498110355255, 17.968253968253965, 17.969009826152682, 17.964474678760393, 17.9697656840514, 17.96636432350718, 17.97127739984883, 17.961073318216176, 17.967876039304613, 17.966364323507182, 17.966364323507182, 17.965986394557824, 17.96598639455782, 17.962585034013607, 17.967498110355255, 17.96447467876039, 17.96674225245654, 17.965608465608465, 17.96674225245654, 17.964474678760396, 17.966742252456537, 17.966742252456537, 17.968631897203323, 17.968253968253965, 17.970143613000758, 17.96371882086168, 17.969009826152686, 17.969009826152686, 17.967498110355255, 17.968253968253972, 17.966742252456537, 17.965608465608465, 17.96674225245654, 17.963340891912317, 17.970143613000758, 17.96523053665911, 17.967498110355255, 17.969009826152682, 17.970143613000758, 17.970143613000754, 17.970143613000754, 17.96334089191232, 17.970143613000758, 17.972789115646258, 17.976190476190474, 17.968631897203327, 17.968631897203323, 17.9697656840514, 17.968631897203327, 17.965986394557824, 17.965986394557824, 17.9697656840514, 17.970521541950113, 17.970521541950113, 17.973167044595616, 17.97127739984883, 17.965608465608465, 17.96787603930461, 17.96825396825397, 17.9697656840514, 17.96938775510204, 17.969009826152686, 17.967498110355255, 17.965986394557824, 17.96787603930461, 17.9671201814059, 17.97127739984883, 17.97543461829176, 17.968631897203327, 17.96636432350718, 16.972411186696903, 16.976190476190474, 16.970521541950113, 16.967876039304613, 16.97430083144369, 16.972411186696903, 16.971277399848827, 16.968631897203323, 16.96938775510204, 16.969387755102044, 16.970521541950113, 16.964096749811038, 16.969009826152682, 16.96749811035525, 16.97165532879819, 16.97089947089947, 16.96825396825397, 16.96674225245654, 16.96447467876039, 16.966742252456537, 16.96749811035525, 16.969009826152682, 16.96825396825397, 16.970143613000758, 16.970143613000754, 16.970521541950113, 16.97089947089947, 16.96371882086168, 16.96031746031746, 16.961073318216176, 16.964474678760393, 16.966364323507182, 16.970521541950113, 16.967120181405896, 16.96825396825397, 16.975056689342402, 16.970143613000754, 16.970143613000754, 16.972789115646258, 16.96598639455782, 16.97127739984883, 16.96825396825397, 16.96825396825397, 16.973167044595613, 16.968631897203323, 16.96636432350718, 16.973167044595616, 16.972033257747544, 16.970521541950113, 16.973167044595616, 16.96938775510204, 16.970143613000754, 16.9697656840514, 16.964096749811038, 16.968631897203327, 16.97543461829176, 16.972033257747544, 16.973544973544975, 16.968631897203323, 16.967498110355255, 16.969009826152686, 16.97089947089947, 16.971655328798185, 16.96749811035525, 16.972789115646258, 16.96825396825397, 16.970899470899468, 16.974678760393047, 16.975434618291764, 16.970521541950113, 16.972789115646258, 16.972411186696903, 16.967876039304613, 16.966742252456537, 16.973167044595616, 16.970143613000758, 16.972411186696903, 16.967120181405896, 16.969009826152682, 16.965608465608465, 16.960695389266817, 16.968631897203327, 16.962585034013607, 16.961451247165535, 16.96674225245654, 16.96825396825397, 16.970521541950113, 16.961451247165535, 16.96334089191232, 16.966742252456537, 16.962962962962962, 16.96560846560847, 16.96636432350718, 16.972789115646258, 16.967120181405896, 16.967498110355255, 16.967120181405896, 16.964096749811034, 16.96485260770975, 16.967120181405896, 16.967120181405893, 16.968631897203323, 16.967120181405896, 16.965608465608465, 16.962585034013607, 16.969009826152682, 16.96938775510204, 16.968631897203327, 16.966742252456537, 16.96825396825397, 16.967120181405896, 16.967120181405896, 16.966742252456537, 16.970143613000758, 16.972789115646258, 16.968631897203323, 16.968631897203323, 16.965986394557824, 16.968631897203327, 16.965608465608465, 16.96938775510204, 16.966742252456537, 16.96371882086168, 16.966364323507182, 16.964096749811038, 16.97089947089947, 16.964474678760393, 16.96636432350718, 16.966364323507182, 16.96787603930461, 16.96636432350718, 16.96938775510204, 16.97127739984883, 16.969009826152682, 16.972789115646258, 16.9697656840514, 16.972033257747544, 16.966742252456537, 16.97089947089947, 16.96825396825397, 16.970143613000754, 16.967876039304613, 16.965608465608465, 16.970143613000754, 16.969009826152682, 16.97392290249433, 16.967120181405896, 16.973544973544975, 16.96825396825397]",0.8920895978335356,0.9301567672708068,17,"[33, 33, 33, 33, 33, 33, 33, 33, 33, 33, 33, 33, 33, 33, 33, 33, 33, 33, 33, 33, 33, 33, 33, 33, 33, 33, 33, 33, 33, 33, 33, 33, 33, 33, 33, 33, 33, 33, 33, 33, 33, 33, 33, 33, 33, 33, 33, 33, 33, 33, 33, 33, 33, 33, 32, 32, 29, 27, 25, 25, 25, 24, 24, 23, 23, 23, 23, 23, 23, 23, 22, 22, 22, 22, 22, 22, 22, 22, 21, 21, 21, 21, 21, 21, 21, 21, 21, 21, 21, 20, 20, 19, 19, 19, 19, 19, 19, 19, 19, 19, 19, 19, 19, 19, 19, 19, 19, 19, 19, 19, 19, 19, 19, 19, 19, 19, 19, 19, 19, 19, 19, 19, 19, 19, 19, 19, 19, 19, 19, 19, 19, 19, 19, 19, 19, 19, 19, 19, 19, 19, 19, 19, 19, 19, 19, 19, 19, 19, 19, 19, 19, 19, 19, 19, 19, 19, 19, 19, 19, 19, 19, 19, 19, 19, 19, 19, 19, 19, 19, 19, 19, 19, 19, 19, 19, 19, 19, 19, 19, 19, 19, 19, 19, 19, 19, 18, 18, 18, 18, 18, 18, 18, 18, 18, 18, 18, 18, 18, 18, 18, 18, 18, 18, 18, 18, 18, 18, 18, 18, 18, 18, 18, 18, 18, 18, 18, 18, 18, 18, 18, 18, 18, 18, 18, 18, 18, 18, 18, 18, 18, 18, 18, 18, 18, 18, 18, 18, 18, 18, 18, 18, 18, 18, 18, 18, 18, 18, 18, 18, 18, 18, 18, 18, 18, 18, 18, 18, 18, 18, 18, 18, 18, 18, 18, 18, 18, 18, 18, 18, 18, 18, 18, 18, 18, 18, 18, 18, 18, 18, 18, 18, 18, 18, 18, 18, 18, 18, 18, 18, 18, 18, 18, 18, 18, 18, 18, 18, 18, 18, 18, 18, 18, 18, 18, 18, 18, 18, 18, 18, 18, 18, 18, 18, 18, 18, 18, 18, 18, 18, 18, 18, 18, 18, 18, 18, 18, 17, 17, 17, 17, 17, 17, 17, 17, 17, 17, 17, 17, 17, 17, 17, 17, 17, 17, 17, 17, 17, 17, 17, 17, 17, 17, 17, 17, 17, 17, 17, 17, 17, 17, 17, 17, 17, 17, 17, 17, 17, 17, 17, 17, 17, 17, 17, 17, 17, 17, 17, 17, 17, 17, 17, 17, 17, 17, 17, 17, 17, 17, 17, 17, 17, 17, 17, 17, 17, 17, 17, 17, 17, 17, 17, 17, 17, 17, 17, 17, 17, 17, 17, 17, 17, 17, 17, 17, 17, 17, 17, 17, 17, 17, 17, 17, 17, 17, 17, 17, 17, 17, 17, 17, 17, 17, 17, 17, 17, 17, 17, 17, 17, 17, 17, 17, 17, 17, 17, 17, 17, 17, 17, 17, 17, 17, 17, 17, 17, 17, 17, 17, 17, 17, 17, 17, 17, 17, 17, 17, 17, 17, 17, 17, 17, 17, 17, 17, 17]",475,"[0.3927265405654907, 0.3806682229042053, 0.3753277063369751, 0.3698487877845764, 0.36743834614753723, 0.36461326479911804, 0.3639904260635376, 0.3631715774536133, 0.35769036412239075, 0.3549942374229431, 0.3538365066051483, 0.3498934805393219, 0.3476026654243469, 0.3532487750053406, 0.34308987855911255, 0.34101366996765137, 0.33942702412605286, 0.33818063139915466, 0.33344945311546326, 0.337615430355072, 0.33043134212493896, 0.33065104484558105, 0.323729008436203, 0.32339152693748474, 0.3163555860519409, 0.31200847029685974, 0.3086462914943695, 0.3079846501350403, 0.29938650131225586, 0.297824501991272, 0.2966510057449341, 0.2929497957229614, 0.29255491495132446, 0.28855282068252563, 0.28579699993133545, 0.2826754152774811, 0.281022310256958, 0.2790333032608032, 0.27449339628219604, 0.2715434730052948, 0.2686052918434143, 0.26631924510002136, 0.2641931474208832, 0.26693493127822876, 0.2629200220108032, 0.2610391080379486, 0.2574882507324219, 0.2549472749233246, 0.2512930631637573, 0.2510965168476105, 0.24922174215316772, 0.24654294550418854, 0.24820241332054138, 0.2515539824962616, 0.2421262413263321, 0.24168741703033447, 0.2402712106704712, 0.2370968759059906, 0.23625877499580383, 0.2350548505783081, 0.23225942254066467, 0.23425431549549103, 0.23596876859664917, 0.23062360286712646, 0.22847236692905426, 0.22421032190322876, 0.22508898377418518, 0.22608913481235504, 0.2275601178407669, 0.22395819425582886, 0.2253098040819168, 0.21943962574005127, 0.22137565910816193, 0.21880653500556946, 0.21810713410377502, 0.2207852303981781, 0.21584053337574005, 0.21709436178207397, 0.21313388645648956, 0.2098289430141449, 0.2144222855567932, 0.2116917073726654, 0.21001115441322327, 0.21035073697566986, 0.21074466407299042, 0.208011195063591, 0.20880426466464996, 0.20556312799453735, 0.211340993642807, 0.20766635239124298, 0.2070958912372589, 0.20861893892288208, 0.20548951625823975, 0.20690734684467316, 0.20506790280342102, 0.20739693939685822, 0.2036408632993698, 0.2053019404411316, 0.20639757812023163, 0.20528879761695862, 0.20644359290599823, 0.1977621465921402, 0.19952835142612457, 0.20228570699691772, 0.200434148311615, 0.19755762815475464, 0.19910678267478943, 0.19656023383140564, 0.1941552609205246, 0.20214250683784485, 0.194426491856575, 0.19822338223457336, 0.19713611900806427, 0.19434316456317902, 0.1952100247144699, 0.19735342264175415, 0.19273091852664948, 0.19369982182979584, 0.19131039083003998, 0.19760942459106445, 0.19302073121070862, 0.19185465574264526, 0.19097991287708282, 0.20271718502044678, 0.19466282427310944, 0.200630322098732, 0.18992187082767487, 0.18748492002487183, 0.20801323652267456, 0.18561968207359314, 0.18593701720237732, 0.19898205995559692, 0.18764238059520721, 0.1994113028049469, 0.18567922711372375, 0.1898667961359024, 0.18340755999088287, 0.18616551160812378, 0.18537001311779022, 0.1876651793718338, 0.1965799480676651, 0.182287335395813, 0.1847575306892395, 0.18510323762893677, 0.18145541846752167, 0.18262986838817596, 0.19183403253555298, 0.19087305665016174, 0.18353334069252014, 0.186075821518898, 0.18878021836280823, 0.18005529046058655, 0.17761245369911194, 0.17919093370437622, 0.18277332186698914, 0.1842973530292511, 0.1789427250623703, 0.17814378440380096, 0.17809922993183136, 0.1836823970079422, 0.1800840198993683, 0.18143697082996368, 0.18438291549682617, 0.1790972650051117, 0.18058721721172333, 0.17473584413528442, 0.18251989781856537, 0.1800435185432434, 0.17973041534423828, 0.17647288739681244, 0.17541716992855072, 0.18476112186908722, 0.17495611310005188, 0.17748667299747467, 0.177602156996727, 0.1779630035161972, 0.17948727309703827, 0.17556537687778473, 0.17678146064281464, 0.17943529784679413, 0.17620649933815002, 0.17534390091896057, 0.18761873245239258, 0.1764620989561081, 0.18350575864315033, 0.17474699020385742, 0.17635436356067657, 0.1872709095478058, 0.17419153451919556, 0.17613539099693298, 0.1730564534664154, 0.17230281233787537, 0.17589373886585236, 0.17246657609939575, 0.17407245934009552, 0.17498914897441864, 0.17522317171096802, 0.172916978597641, 0.1744743287563324, 0.17290492355823517, 0.17225177586078644, 0.17222899198532104, 0.17753691971302032, 0.1741117686033249, 0.1731451153755188, 0.17179115116596222, 0.17745424807071686, 0.17553716897964478, 0.1715642809867859, 0.17286233603954315, 0.17162257432937622, 0.17450736463069916, 0.17123141884803772, 0.17020320892333984, 0.17110304534435272, 0.17257116734981537, 0.17877791821956635, 0.17077618837356567, 0.17225097119808197, 0.17227467894554138, 0.1702025979757309, 0.1691620945930481, 0.17006438970565796, 0.19030050933361053, 0.1686345636844635, 0.16776536405086517, 0.16777707636356354, 0.16911454498767853, 0.16977958381175995, 0.17752079665660858, 0.17081929743289948, 0.1710648536682129, 0.17531472444534302, 0.17159344255924225, 0.17505529522895813, 0.1699884533882141, 0.17714713513851166, 0.1674456149339676, 0.18136979639530182, 0.17706970870494843, 0.17157942056655884, 0.17153917253017426, 0.171528160572052, 0.17010141909122467, 0.16947659850120544, 0.1683754026889801, 0.17412418127059937, 0.1683715581893921, 0.1686367392539978, 0.17065352201461792, 0.17567867040634155, 0.16808372735977173, 0.16621875762939453, 0.1683821827173233, 0.16944709420204163, 0.1689605712890625, 0.1683129072189331, 0.16991251707077026, 0.17057356238365173, 0.1751415878534317, 0.16916626691818237, 0.16967236995697021, 0.16954703629016876, 0.16532106697559357, 0.17040424048900604, 0.1723327487707138, 0.16643528640270233, 0.17524297535419464, 0.18118372559547424, 0.16817136108875275, 0.1693088859319687, 0.16805896162986755, 0.16697828471660614, 0.1667291671037674, 0.17660047113895416, 0.17122897505760193, 0.1667308360338211, 0.16580790281295776, 0.16833513975143433, 0.1693141609430313, 0.16748033463954926, 0.16958582401275635, 0.16433551907539368, 0.16906218230724335, 0.16636799275875092, 0.19217725098133087, 0.16519668698310852, 0.1651824712753296, 0.16890330612659454, 0.16448844969272614, 0.1632862538099289, 0.16548359394073486, 0.16445940732955933, 0.1645270586013794, 0.16597244143486023, 0.1660814881324768, 0.16703921556472778, 0.16433118283748627, 0.16695071756839752, 0.16267052292823792, 0.16416940093040466, 0.16555894911289215, 0.17533233761787415, 0.16419149935245514, 0.16670893132686615, 0.16683989763259888, 0.16615888476371765, 0.16458040475845337, 0.1632501631975174, 0.16726522147655487, 0.1633082777261734, 0.1652844399213791, 0.16228033602237701, 0.16020631790161133, 0.16213630139827728, 0.16180700063705444, 0.16133637726306915, 0.16167540848255157, 0.16303320229053497, 0.1828538179397583, 0.16342121362686157, 0.168355330824852, 0.168657124042511, 0.1685369461774826, 0.16719172894954681, 0.16639983654022217, 0.17413486540317535, 0.1691417247056961, 0.1737673133611679, 0.17333932220935822, 0.16998988389968872, 0.1711733490228653, 0.1738458275794983, 0.171482652425766, 0.18082691729068756, 0.16531850397586823, 0.16753490269184113, 0.1726016402244568, 0.17122071981430054, 0.16547003388404846, 0.16517476737499237, 0.16292138397693634, 0.16162902116775513, 0.1624465435743332, 0.16563567519187927, 0.1678404062986374, 0.16502904891967773, 0.16987371444702148, 0.16626553237438202, 0.163907989859581, 0.16928929090499878, 0.16594605147838593, 0.1639445275068283, 0.16471081972122192, 0.1642802357673645, 0.165358766913414, 0.1629260778427124, 0.16444814205169678, 0.17310769855976105, 0.1722802221775055, 0.17099328339099884, 0.16527020931243896, 0.16479197144508362, 0.16230399906635284, 0.17128056287765503, 0.1649017184972763, 0.1638113409280777, 0.16562862694263458, 0.16692963242530823, 0.16282795369625092, 0.18636803328990936, 0.16420568525791168, 0.16428598761558533, 0.16796532273292542, 0.17129650712013245, 0.16833452880382538, 0.1637541949748993, 0.16125722229480743, 0.1613575518131256, 0.16989611089229584, 0.16461265087127686, 0.1634843945503235, 0.16619248688220978, 0.16352683305740356, 0.16551275551319122, 0.16508492827415466, 0.16543646156787872, 0.1609229594469070