,number,value,datetime_start,datetime_complete,duration,params_batch_size_scaler,params_constant_learning_rate,params_depth,params_epochs,params_kernel_l2,params_num_trees,params_temperature,user_attrs_accuracy_test,user_attrs_accuracy_valid,user_attrs_approximate_feature_sparsity,user_attrs_approximate_feature_sparsity_history,user_attrs_approximate_weight_sparsity,user_attrs_approximate_weight_sparsity_history,user_attrs_auc_test,user_attrs_auc_valid,user_attrs_feature_sparsity,user_attrs_feature_sparsity_history,user_attrs_num_epochs,user_attrs_val_loss_history,user_attrs_weight_sparsity,user_attrs_weight_sparsity_history,state
49,49,0.8371655653025208,2024-08-31 02:15:43.029289,2024-08-31 02:44:11.599382,0 days 00:28:28.570093,1,1.9146802888343832,6,310,0.10111543593855375,66,0.0013284537802599821,0.891,0.89125,4,"[6, 5, 5, 4, 4, 4, 4, 4, 4, 4, 4, 4, 4, 4, 4, 4, 4, 4, 4, 4, 4, 4, 4, 4, 4, 4, 4, 4, 4, 4, 4, 4, 4, 4, 4, 4, 4, 4, 4, 4, 4, 4, 4, 4, 4, 4, 4, 4, 4, 4, 4, 4, 4, 4, 4, 4, 4, 4, 4, 4, 4, 4, 4, 4, 4, 4, 4, 4, 4, 4, 4, 4, 4, 4, 4, 4, 4, 4, 4, 4, 4, 4, 4, 4, 4, 4, 4, 4, 4, 4, 4, 4, 4, 4, 4, 4, 4, 4, 4, 4, 4, 4, 4, 4, 4, 4, 4, 4, 4, 4, 4, 4, 4, 4, 4, 4, 4, 4, 4, 4, 4, 4, 4, 4, 4, 4, 4, 4, 4, 4, 4, 4, 4, 4, 4, 4, 4, 4, 4, 4, 4, 4, 4, 4, 4, 4, 4, 4, 4, 4, 4, 4, 4, 4, 4, 4, 4, 4, 4, 4, 4, 4, 4, 4, 4, 4, 4, 4, 4, 4, 4, 4, 4, 4, 4, 4, 4, 4, 4, 4, 4, 4, 4, 4, 4, 4, 4, 4, 4, 4, 4, 4, 4, 4, 4, 4, 4, 4, 4, 4, 4, 4, 4, 4, 4, 4, 4, 4, 4, 4, 4, 4, 4, 4, 4, 4, 4, 4, 4, 4, 4, 4, 4, 4, 4, 4, 4, 4, 4, 4, 4, 4, 4, 4, 4, 4, 4, 4, 4, 4, 4, 4, 4, 4, 4, 4, 4, 4, 4, 4, 4, 4, 4, 4, 4, 4, 4, 4, 4, 4, 4, 4, 4, 4, 4, 4, 4, 4, 4, 4, 4, 4, 4, 4, 4, 4, 4, 4, 4, 4, 4, 4, 4, 4, 4, 4, 4, 4, 4, 4, 4, 4, 4, 4, 4, 4, 4, 4, 4, 4, 4, 4, 4, 4, 4, 4, 4, 4, 4, 4]",3.985088985088985,"[5.987734487734488, 4.989177489177489, 4.989177489177489, 3.98989898989899, 3.992063492063492, 3.993746993746994, 3.9918229918229917, 3.991582491582492, 3.993265993265993, 3.9894179894179893, 3.9911014911014915, 3.9906204906204903, 3.9903799903799904, 3.9898989898989896, 3.9918229918229917, 3.9903799903799904, 3.98989898989899, 3.990860990860991, 3.988936988936989, 3.9915824915824913, 3.9894179894179893, 3.9898989898989896, 3.991341991341991, 3.9906204906204907, 3.9894179894179898, 3.9898989898989896, 3.9915824915824913, 3.9894179894179893, 3.9908609908609907, 3.9898989898989896, 3.99013949013949, 3.9906204906204907, 3.992063492063492, 3.9903799903799904, 3.9877344877344876, 3.9884559884559883, 3.9896584896584897, 3.98965848965849, 3.9903799903799904, 3.9894179894179893, 3.992063492063492, 3.985810485810486, 3.9865319865319866, 3.986291486291486, 3.9853294853294856, 3.986291486291486, 3.9874939874939876, 3.9860509860509863, 3.9886964886964886, 3.9898989898989896, 3.99013949013949, 3.9865319865319866, 3.9898989898989896, 3.987974987974988, 3.9855699855699855, 3.9855699855699855, 3.9843674843674846, 3.9836459836459834, 3.984126984126984, 3.9829244829244828, 3.985329485329485, 3.987734487734488, 3.9867724867724865, 3.986291486291486, 3.9884559884559883, 3.9867724867724865, 3.9886964886964886, 3.986050986050986, 3.987012987012987, 3.985810485810486, 3.9843674843674846, 3.9884559884559887, 3.983886483886484, 3.9817219817219813, 3.984126984126984, 3.986050986050986, 3.985329485329485, 3.9843674843674846, 3.983405483405483, 3.986531986531986, 3.9867724867724865, 3.9860509860509863, 3.9850889850889852, 3.9829244829244828, 3.981481481481482, 3.9836459836459834, 3.986291486291486, 3.9836459836459834, 3.9850889850889852, 3.984126984126984, 3.985329485329485, 3.985329485329485, 3.983886483886484, 3.9846079846079845, 3.985329485329485, 3.9814814814814814, 3.9814814814814814, 3.982683982683983, 3.9824434824434825, 3.9793169793169794, 3.981962481962482, 3.9819624819624817, 3.9812409812409815, 3.9843674843674846, 3.984126984126984, 3.981481481481482, 3.982924482924483, 3.982202982202982, 3.9836459836459834, 3.9836459836459834, 3.982202982202982, 3.9824434824434825, 3.986291486291486, 3.983405483405483, 3.9805194805194803, 3.9829244829244828, 3.9824434824434825, 3.9805194805194803, 3.9824434824434825, 3.9819624819624817, 3.979076479076479, 3.98027898027898, 3.9783549783549783, 3.98027898027898, 3.982202982202982, 3.985329485329485, 3.9812409812409815, 3.9802789802789804, 3.982683982683983, 3.977873977873978, 3.9795574795574797, 3.9785954785954787, 3.9773929773929773, 3.978114478114478, 3.97979797979798, 3.974987974987975, 3.9766714766714766, 3.9783549783549783, 3.9793169793169794, 3.9764309764309766, 3.978114478114478, 3.974266474266474, 3.9745069745069745, 3.9754689754689756, 3.9757094757094755, 3.9769119769119765, 3.977873977873978, 3.9793169793169794, 3.9783549783549783, 3.976911976911977, 3.974266474266474, 3.9793169793169794, 3.977873977873978, 3.976911976911977, 3.9807599807599807, 3.98027898027898, 3.9814814814814814, 3.975949975949976, 3.9778739778739776, 3.9766714766714766, 3.98003848003848, 3.9776334776334776, 3.9771524771524773, 3.977873977873978, 3.9766714766714766, 3.9771524771524773, 3.975949975949976, 3.975949975949976, 3.975949975949976, 3.9737854737854734, 3.975949975949976, 3.974987974987975, 3.9805194805194803, 3.9793169793169794, 3.9776334776334776, 3.9781144781144784, 3.9783549783549783, 3.97979797979798, 3.9773929773929773, 3.9797979797979797, 3.9785954785954782, 3.9785954785954782, 3.9793169793169794, 3.9793169793169794, 3.98003848003848, 3.98003848003848, 3.9797979797979797, 3.9783549783549783, 3.97979797979798, 3.9812409812409815, 3.981962481962482, 3.981481481481481, 3.9795574795574797, 3.982924482924483, 3.983405483405483, 3.981481481481482, 3.9795574795574797, 3.9834054834054835, 3.9822029822029825, 3.982683982683983, 3.9807599807599807, 3.9805194805194803, 3.981481481481482, 3.982202982202982, 3.9817219817219818, 3.9819624819624817, 3.981000481000481, 3.9807599807599807, 3.9836459836459834, 3.9817219817219813, 3.982683982683983, 3.9817219817219813, 3.9819624819624817, 3.9817219817219818, 3.9805194805194803, 3.9805194805194803, 3.9807599807599807, 3.9795574795574793, 3.979076479076479, 3.9800384800384796, 3.979076479076479, 3.9819624819624817, 3.9829244829244828, 3.9793169793169794, 3.979076479076479, 3.9795574795574797, 3.9836459836459834, 3.981240981240981, 3.9817219817219818, 3.9812409812409815, 3.9817219817219818, 3.98003848003848, 3.984126984126984, 3.9819624819624817, 3.982202982202982, 3.9846079846079845, 3.9848484848484844, 3.982683982683983, 3.984126984126984, 3.983886483886484, 3.985088985088985, 3.982683982683983, 3.983164983164983, 3.9819624819624817, 3.983645983645984, 3.983645983645984, 3.984126984126984, 3.983886483886484, 3.9814814814814814, 3.982202982202982, 3.9836459836459834, 3.983164983164983, 3.9817219817219818, 3.983405483405483, 3.9824434824434825, 3.9805194805194803, 3.9819624819624817, 3.982202982202982, 3.983886483886484, 3.9836459836459834, 3.9810004810004807, 3.9817219817219818, 3.9812409812409815, 3.981000481000481, 3.981000481000481, 3.9805194805194803, 3.98003848003848, 3.9788359788359786, 3.9817219817219818, 3.984848484848485, 3.9819624819624817, 3.9788359788359786, 3.9805194805194803, 3.981962481962482, 3.982924482924483, 3.983886483886484, 3.9819624819624817, 3.982202982202982, 3.982924482924483, 3.9843674843674846, 3.982202982202982, 3.9824434824434825, 3.9807599807599807, 3.983886483886484, 3.982683982683983, 3.9843674843674846, 3.985329485329485, 3.9836459836459834, 3.986291486291486, 3.985088985088985, 3.985810485810486, 3.984367484367484, 3.984848484848485, 3.983886483886484, 3.982683982683983, 3.984126984126984, 3.985329485329485, 3.9843674843674846, 3.984848484848485, 3.9843674843674846, 3.9846079846079845, 3.9860509860509863, 3.983886483886484, 3.984607984607985, 3.984126984126984, 3.986291486291486, 3.986291486291486, 3.985810485810486, 3.984848484848485, 3.985088985088985]",0.8384068560671736,0.8371655653025208,4,"[6, 5, 5, 4, 4, 4, 4, 4, 4, 4, 4, 4, 4, 4, 4, 4, 4, 4, 4, 4, 4, 4, 4, 4, 4, 4, 4, 4, 4, 4, 4, 4, 4, 4, 4, 4, 4, 4, 4, 4, 4, 4, 4, 4, 4, 4, 4, 4, 4, 4, 4, 4, 4, 4, 4, 4, 4, 4, 4, 4, 4, 4, 4, 4, 4, 4, 4, 4, 4, 4, 4, 4, 4, 4, 4, 4, 4, 4, 4, 4, 4, 4, 4, 4, 4, 4, 4, 4, 4, 4, 4, 4, 4, 4, 4, 4, 4, 4, 4, 4, 4, 4, 4, 4, 4, 4, 4, 4, 4, 4, 4, 4, 4, 4, 4, 4, 4, 4, 4, 4, 4, 4, 4, 4, 4, 4, 4, 4, 4, 4, 4, 4, 4, 4, 4, 4, 4, 4, 4, 4, 4, 4, 4, 4, 4, 4, 4, 4, 4, 4, 4, 4, 4, 4, 4, 4, 4, 4, 4, 4, 4, 4, 4, 4, 4, 4, 4, 4, 4, 4, 4, 4, 4, 4, 4, 4, 4, 4, 4, 4, 4, 4, 4, 4, 4, 4, 4, 4, 4, 4, 4, 4, 4, 4, 4, 4, 4, 4, 4, 4, 4, 4, 4, 4, 4, 4, 4, 4, 4, 4, 4, 4, 4, 4, 4, 4, 4, 4, 4, 4, 4, 4, 4, 4, 4, 4, 4, 4, 4, 4, 4, 4, 4, 4, 4, 4, 4, 4, 4, 4, 4, 4, 4, 4, 4, 4, 4, 4, 4, 4, 4, 4, 4, 4, 4, 4, 4, 4, 4, 4, 4, 4, 4, 4, 4, 4, 4, 4, 4, 4, 4, 4, 4, 4, 4, 4, 4, 4, 4, 4, 4, 4, 4, 4, 4, 4, 4, 4, 4, 4, 4, 4, 4, 4, 4, 4, 4, 4, 4, 4, 4, 4, 4, 4, 4, 4, 4, 4, 4, 4]",310,"[0.35527125000953674, 0.41010475158691406, 0.3204275965690613, 0.31671324372291565, 0.3103134036064148, 0.305804580450058, 0.3137204051017761, 0.30250757932662964, 0.29946643114089966, 0.29813310503959656, 0.3034604787826538, 0.31566017866134644, 0.2974087595939636, 0.35820335149765015, 0.3120233416557312, 0.30142125487327576, 0.29513758420944214, 0.29832103848457336, 0.293669193983078, 0.2956453263759613, 0.324600487947464, 0.29844751954078674, 0.3045967221260071, 0.31281647086143494, 0.3130628168582916, 0.30905041098594666, 0.29406219720840454, 0.294852077960968, 0.2921377122402191, 0.2964492738246918, 0.3060281574726105, 0.2958884835243225, 0.29567810893058777, 0.2944853603839874, 0.2925527095794678, 0.2994958162307739, 0.30078068375587463, 0.3002888560295105, 0.2972147464752197, 0.3050832450389862, 0.3508133590221405, 0.2939222455024719, 0.29351726174354553, 0.29812487959861755, 0.29936254024505615, 0.29956215620040894, 0.2940303087234497, 0.3060973286628723, 0.3006468415260315, 0.29823654890060425, 0.295390784740448, 0.32143768668174744, 0.3010922074317932, 0.2937220335006714, 0.29199591279029846, 0.2961425185203552, 0.29336291551589966, 0.2976681888103485, 0.29741671681404114, 0.28994446992874146, 0.2991458773612976, 0.33665409684181213, 0.3373033106327057, 0.29180529713630676, 0.2920288145542145, 0.2916218042373657, 0.2939488887786865, 0.3241942524909973, 0.30034029483795166, 0.2944379150867462, 0.2930125892162323, 0.323032945394516, 0.29416385293006897, 0.29048585891723633, 0.2947569191455841, 0.29269659519195557, 0.2905455231666565, 0.3040142357349396, 0.2963727116584778, 0.3043895661830902, 0.29494839906692505, 0.2931554317474365, 0.31315338611602783, 0.30657801032066345, 0.29980629682540894, 0.2966085970401764, 0.3487057387828827, 0.291927695274353, 0.29930150508880615, 0.2942213714122772, 0.3128161132335663, 0.29077303409576416, 0.29807335138320923, 0.29131394624710083, 0.33363330364227295, 0.29168277978897095, 0.2964535057544708, 0.2924191653728485, 0.2970470190048218, 0.31993940472602844, 0.29078203439712524, 0.30581721663475037, 0.30639156699180603, 0.4014699161052704, 0.30496981739997864, 0.2960329055786133, 0.2924841642379761, 0.32580575346946716, 0.308639258146286, 0.29134488105773926, 0.2982102334499359, 0.2948712110519409, 0.3063381314277649, 0.31870919466018677, 0.3067663908004761, 0.31005722284317017, 0.2953742742538452, 0.29889339208602905, 0.2918251156806946, 0.296550989151001, 0.2962779700756073, 0.3137943744659424, 0.33077743649482727, 0.3056708872318268, 0.31221166253089905, 0.29110026359558105, 0.3246012032032013, 0.31270405650138855, 0.30539271235466003, 0.29302892088890076, 0.29231715202331543, 0.29459714889526367, 0.2926430404186249, 0.3211814761161804, 0.30284467339515686, 0.29708606004714966, 0.2947218120098114, 0.3055817186832428, 0.31257539987564087, 0.29574376344680786, 0.293148934841156, 0.2994804084300995, 0.3053470849990845, 0.2924971282482147, 0.2941606044769287, 0.2959159314632416, 0.29509690403938293, 0.29094648361206055, 0.2985811233520508, 0.30693674087524414, 0.29375380277633667, 0.2931680381298065, 0.2957756519317627, 0.34205541014671326, 0.30793535709381104, 0.29642727971076965, 0.2998698949813843, 0.29272764921188354, 0.3067210614681244, 0.2980586290359497, 0.2958897352218628, 0.3036496639251709, 0.2928943932056427, 0.3014199137687683, 0.2944309115409851, 0.2932380139827728, 0.29977065324783325, 0.3031436800956726, 0.29090747237205505, 0.29437804222106934, 0.3122614622116089, 0.3125186562538147, 0.30117133259773254, 0.29095572233200073, 0.294811874628067, 0.29253262281417847, 0.2969222664833069, 0.2953428328037262, 0.2927764058113098, 0.3089798092842102, 0.29511162638664246, 0.31148338317871094, 0.3027576208114624, 0.29814034700393677, 0.29641076922416687, 0.2947559356689453, 0.2903449237346649, 0.30682507157325745, 0.29109489917755127, 0.29139208793640137, 0.30800214409828186, 0.2933414578437805, 0.3013172447681427, 0.29832085967063904, 0.29327741265296936, 0.30007895827293396, 0.30039525032043457, 0.2912493646144867, 0.2913447916507721, 0.291917085647583, 0.30344530940055847, 0.29352250695228577, 0.29313206672668457, 0.2916175425052643, 0.2936684489250183, 0.2922876477241516, 0.2923923134803772, 0.297094464302063, 0.29229119420051575, 0.31040680408477783, 0.3238750100135803, 0.2911907136440277, 0.2982466518878937, 0.29278039932250977, 0.297044038772583, 0.2937525510787964, 0.2938108742237091, 0.2968611717224121, 0.29071566462516785, 0.2928750514984131, 0.29280829429626465, 0.30117422342300415, 0.3067486882209778, 0.31339535117149353, 0.2978109121322632, 0.3102095127105713, 0.2945105731487274, 0.29170945286750793, 0.29233208298683167, 0.29281482100486755, 0.3036085069179535, 0.30506592988967896, 0.3236593008041382, 0.29262280464172363, 0.29241618514060974, 0.3028545379638672, 0.2966756522655487, 0.29632431268692017, 0.29322683811187744, 0.31902778148651123, 0.2946319282054901, 0.30135783553123474, 0.2931784391403198, 0.2950183153152466, 0.3035985827445984, 0.29145535826683044, 0.294721394777298, 0.29487523436546326, 0.3036632835865021, 0.30125609040260315, 0.291760116815567, 0.30043816566467285, 0.32624971866607666, 0.29447585344314575, 0.29790520668029785, 0.2945340573787689, 0.2909901738166809, 0.3169049024581909, 0.2916852831840515, 0.2953392565250397, 0.2940168082714081, 0.2982952296733856, 0.2923295497894287, 0.3049354553222656, 0.3076725900173187, 0.2921530604362488, 0.2918297052383423, 0.293656587600708, 0.2929416596889496, 0.30910685658454895, 0.2923872470855713, 0.29236075282096863, 0.2933107316493988, 0.2942367196083069, 0.2937612235546112, 0.29192036390304565, 0.2932024598121643, 0.3009616732597351, 0.29715514183044434, 0.29756268858909607, 0.2923939824104309, 0.2947518825531006, 0.29160547256469727, 0.29458463191986084, 0.32254600524902344, 0.29425039887428284, 0.29409635066986084, 0.2961462736129761, 0.2935613989830017, 0.2998617887496948, 0.29710012674331665, 0.29281383752822876, 0.2918219268321991, 0.29363974928855896, 0.2906208336353302, 0.2927657961845398, 0.29190313816070557, 0.2938360869884491, 0.29617345333099365, 0.2917046546936035, 0.2970420718193054, 0.30681148171424866, 0.29762059450149536, 0.32088276743888855, 0.3181424140930176, 0.30424830317497253, 0.2938489615917206, 0.29319486021995544, 0.3089720606803894, 0.29132845997810364]",4.0,"[6.0, 5.0, 5.0, 4.0, 4.0, 4.0, 4.0, 4.0, 4.0, 4.0, 4.0, 4.0, 4.0, 4.0, 4.0, 4.0, 4.0, 4.0, 4.0, 4.0, 4.0, 4.0, 4.0, 4.0, 4.0, 4.0, 4.0, 4.0, 4.0, 4.0, 4.0, 4.0, 4.0, 4.0, 4.0, 4.0, 4.0, 4.0, 4.0, 4.0, 4.0, 4.0, 4.0, 4.0, 4.0, 4.0, 4.0, 4.0, 4.0, 4.0, 4.0, 4.0, 4.0, 4.0, 4.0, 4.0, 4.0, 4.0, 4.0, 4.0, 4.0, 4.0, 4.0, 4.0, 4.0, 4.0, 4.0, 4.0, 4.0, 4.0, 4.0, 4.0, 4.0, 4.0, 4.0, 4.0, 4.0, 4.0, 4.0, 4.0, 4.0, 4.0, 4.0, 4.0, 4.0, 4.0, 4.0, 4.0, 4.0, 4.0, 4.0, 4.0, 4.0, 4.0, 4.0, 4.0, 4.0, 4.0, 4.0, 4.0, 4.0, 4.0, 4.0, 4.0, 4.0, 4.0, 4.0, 4.0, 4.0, 4.0, 4.0, 4.0, 4.0, 4.0, 4.0, 4.0, 4.0, 4.0, 4.0, 4.0, 4.0, 4.0, 4.0, 4.0, 4.0, 4.0, 4.0, 4.0, 4.0, 4.0, 4.0, 4.0, 4.0, 4.0, 4.0, 4.0, 4.0, 4.0, 4.0, 4.0, 4.0, 4.0, 4.0, 4.0, 4.0, 4.0, 4.0, 4.0, 4.0, 4.0, 4.0, 4.0, 4.0, 4.0, 4.0, 4.0, 4.0, 4.0, 4.0, 4.0, 4.0, 4.0, 4.0, 4.0, 4.0, 4.0, 4.0, 4.0, 4.0, 4.0, 4.0, 4.0, 4.0, 4.0, 4.0, 4.0, 4.0, 4.0, 4.0, 4.0, 4.0, 4.0, 4.0, 4.0, 4.0, 4.0, 4.0, 4.0, 4.0, 4.0, 4.0, 4.0, 4.0, 4.0, 4.0, 4.0, 4.0, 4.0, 4.0, 4.0, 4.0, 4.0, 4.0, 4.0, 4.0, 4.0, 4.0, 4.0, 4.0, 4.0, 4.0, 4.0, 4.0, 4.0, 4.0, 4.0, 4.0, 4.0, 4.0, 4.0, 4.0, 4.0, 4.0, 4.0, 4.0, 4.0, 4.0, 4.0, 4.0, 4.0, 4.0, 4.0, 4.0, 4.0, 4.0, 4.0, 4.0, 4.0, 4.0, 4.0, 4.0, 4.0, 4.0, 4.0, 4.0, 4.0, 4.0, 4.0, 4.0, 4.0, 4.0, 4.0, 4.0, 4.0, 4.0, 4.0, 4.0, 4.0, 4.0, 4.0, 4.0, 4.0, 4.0, 4.0, 4.0, 4.0, 4.0, 4.0, 4.0, 4.0, 4.0, 4.0, 4.0, 4.0, 4.0, 4.0, 4.0, 4.0, 4.0, 4.0, 4.0, 4.0, 4.0, 4.0, 4.0, 4.0, 4.0, 4.0, 4.0, 4.0, 4.0, 4.0, 4.0, 4.0, 4.0, 4.0, 4.0, 4.0, 4.0, 4.0, 4.0, 4.0, 4.0, 4.0, 4.0, 4.0, 4.0, 4.0, 4.0, 4.0]",COMPLETE
