,number,value,datetime_start,datetime_complete,duration,params_batch_size_scaler,params_constant_learning_rate,params_depth,params_epochs,params_kernel_l2,params_num_trees,params_temperature,user_attrs_accuracy_test,user_attrs_accuracy_valid,user_attrs_approximate_feature_sparsity,user_attrs_approximate_feature_sparsity_history,user_attrs_approximate_weight_sparsity,user_attrs_approximate_weight_sparsity_history,user_attrs_auc_test,user_attrs_auc_valid,user_attrs_feature_sparsity,user_attrs_feature_sparsity_history,user_attrs_num_epochs,user_attrs_val_loss_history,user_attrs_weight_sparsity,user_attrs_weight_sparsity_history,state
28,28,0.5,2024-08-31 01:31:49.812258,2024-08-31 01:32:11.808666,0 days 00:00:21.996408,4,2.136892942946467,3,115,0.025164322908849082,20,0.06388717565820196,0.859,0.85875,0,"[0, 0, 0, 0, 0, 0, 0, 0, 0, 0, 0, 0, 0, 0, 0, 0, 0, 0, 0, 0, 0, 0, 0, 0, 0, 0, 0, 0, 0, 0, 0, 0, 0, 0, 0, 0, 0, 0, 0, 0, 0, 0, 0, 0, 0, 0, 0, 0, 0, 0, 0, 0, 0, 0, 0, 0, 0, 0, 0, 0, 0, 0, 0, 0, 0, 0, 0, 0, 0, 0, 0, 0, 0, 0, 0, 0, 0, 0, 0, 0, 0, 0, 0, 0, 0, 0, 0, 0, 0, 0, 0, 0, 0, 0, 0, 0, 0, 0, 0, 0, 0, 0, 0, 0, 0, 0, 0, 0, 0, 0, 0, 0, 0, 0, 0]",0.0,"[0.0, 0.0, 0.0, 0.0, 0.0, 0.0, 0.0, 0.0, 0.0, 0.0, 0.0, 0.0, 0.0, 0.0, 0.0, 0.0, 0.0, 0.0, 0.0, 0.0, 0.0, 0.0, 0.0, 0.0, 0.0, 0.0, 0.0, 0.0, 0.0, 0.0, 0.0, 0.0, 0.0, 0.0, 0.0, 0.0, 0.0, 0.0, 0.0, 0.0, 0.0, 0.0, 0.0, 0.0, 0.0, 0.0, 0.0, 0.0, 0.0, 0.0, 0.0, 0.0, 0.0, 0.0, 0.0, 0.0, 0.0, 0.0, 0.0, 0.0, 0.0, 0.0, 0.0, 0.0, 0.0, 0.0, 0.0, 0.0, 0.0, 0.0, 0.0, 0.0, 0.0, 0.0, 0.0, 0.0, 0.0, 0.0, 0.0, 0.0, 0.0, 0.0, 0.0, 0.0, 0.0, 0.0, 0.0, 0.0, 0.0, 0.0, 0.0, 0.0, 0.0, 0.0, 0.0, 0.0, 0.0, 0.0, 0.0, 0.0, 0.0, 0.0, 0.0, 0.0, 0.0, 0.0, 0.0, 0.0, 0.0, 0.0, 0.0, 0.0, 0.0, 0.0, 0.0]",0.5,0.5,0,"[0, 0, 0, 0, 0, 0, 0, 0, 0, 0, 0, 0, 0, 0, 0, 0, 0, 0, 0, 0, 0, 0, 0, 0, 0, 0, 0, 0, 0, 0, 0, 0, 0, 0, 0, 0, 0, 0, 0, 0, 0, 0, 0, 0, 0, 0, 0, 0, 0, 0, 0, 0, 0, 0, 0, 0, 0, 0, 0, 0, 0, 0, 0, 0, 0, 0, 0, 0, 0, 0, 0, 0, 0, 0, 0, 0, 0, 0, 0, 0, 0, 0, 0, 0, 0, 0, 0, 0, 0, 0, 0, 0, 0, 0, 0, 0, 0, 0, 0, 0, 0, 0, 0, 0, 0, 0, 0, 0, 0, 0, 0, 0, 0, 0, 0]",115,"[0.4072832465171814, 0.4100499749183655, 0.4083787798881531, 0.408369243144989, 0.41711390018463135, 0.40896838903427124, 0.40956202149391174, 0.4326903820037842, 0.42492908239364624, 0.4083270728588104, 0.4073515236377716, 0.4073822796344757, 0.44800734519958496, 0.43078309297561646, 0.4198727011680603, 0.42038169503211975, 0.41086524724960327, 0.4281514286994934, 0.4094736874103546, 0.4131762683391571, 0.41334956884384155, 0.41026997566223145, 0.40722641348838806, 0.4155489206314087, 0.4113333821296692, 0.4231968820095062, 0.41198623180389404, 0.41455814242362976, 0.4172670245170593, 0.4295330345630646, 0.40984776616096497, 0.40852969884872437, 0.42894625663757324, 0.40808525681495667, 0.4703456461429596, 0.40994980931282043, 0.41713377833366394, 0.4451594054698944, 0.42582836747169495, 0.43989354372024536, 0.5113621950149536, 0.4072307348251343, 0.4204862713813782, 0.4190082848072052, 0.43244561553001404, 0.4074787199497223, 0.4144926369190216, 0.46580734848976135, 0.4418369233608246, 0.4201580882072449, 0.5158174633979797, 0.4220294952392578, 0.40971043705940247, 0.41456082463264465, 0.4165044128894806, 0.4116513729095459, 0.4084048867225647, 0.4163152277469635, 0.4143599569797516, 0.40827202796936035, 0.42917507886886597, 0.44905102252960205, 0.4475623667240143, 0.4486868679523468, 0.4377683401107788, 0.41586562991142273, 0.4403899312019348, 0.44349217414855957, 0.4121941030025482, 0.4094042181968689, 0.40733256936073303, 0.4153120815753937, 0.40734443068504333, 0.4315643310546875, 0.40813305974006653, 0.4434428811073303, 0.41847777366638184, 0.5838784575462341, 0.42819327116012573, 0.40843674540519714, 0.49166566133499146, 0.4073471128940582, 0.4083003103733063, 0.4072716236114502, 0.43632617592811584, 0.4072829484939575, 0.4215998351573944, 0.43713292479515076, 0.4296451210975647, 0.4165163040161133, 0.4122789800167084, 0.46117210388183594, 0.42892929911613464, 0.4072619676589966, 0.4144026041030884, 0.4080198407173157, 0.44219085574150085, 0.4166872501373291, 0.41590508818626404, 0.41428184509277344, 0.41283905506134033, 0.4225786626338959, 0.44850102066993713, 0.4084163308143616, 0.4109840393066406, 0.40752318501472473, 0.42408275604248047, 0.40962159633636475, 0.4081450402736664, 0.451680988073349, 0.41533222794532776, 0.40727272629737854, 0.40742507576942444, 0.420143723487854, 0.40722769498825073]",0.0,"[0.0, 0.0, 0.0, 0.0, 0.0, 0.0, 0.0, 0.0, 0.0, 0.0, 0.0, 0.0, 0.0, 0.0, 0.0, 0.0, 0.0, 0.0, 0.0, 0.0, 0.0, 0.0, 0.0, 0.0, 0.0, 0.0, 0.0, 0.0, 0.0, 0.0, 0.0, 0.0, 0.0, 0.0, 0.0, 0.0, 0.0, 0.0, 0.0, 0.0, 0.0, 0.0, 0.0, 0.0, 0.0, 0.0, 0.0, 0.0, 0.0, 0.0, 0.0, 0.0, 0.0, 0.0, 0.0, 0.0, 0.0, 0.0, 0.0, 0.0, 0.0, 0.0, 0.0, 0.0, 0.0, 0.0, 0.0, 0.0, 0.0, 0.0, 0.0, 0.0, 0.0, 0.0, 0.0, 0.0, 0.0, 0.0, 0.0, 0.0, 0.0, 0.0, 0.0, 0.0, 0.0, 0.0, 0.0, 0.0, 0.0, 0.0, 0.0, 0.0, 0.0, 0.0, 0.0, 0.0, 0.0, 0.0, 0.0, 0.0, 0.0, 0.0, 0.0, 0.0, 0.0, 0.0, 0.0, 0.0, 0.0, 0.0, 0.0, 0.0, 0.0, 0.0, 0.0]",COMPLETE
29,29,0.9324754286303151,2024-08-31 01:32:12.315700,2024-08-31 01:32:27.133640,0 days 00:00:14.817940,64,9.629090811642174,4,115,0.011025799046028,37,0.000250470869045284,0.924,0.91625,28,"[33, 33, 33, 33, 33, 33, 33, 33, 33, 33, 33, 33, 33, 33, 33, 33, 33, 33, 33, 33, 33, 33, 33, 33, 33, 33, 33, 33, 33, 32, 31, 31, 30, 30, 30, 30, 29, 29, 29, 29, 29, 29, 29, 29, 29, 29, 29, 29, 29, 29, 29, 29, 29, 28, 28, 28, 28, 28, 28, 28, 28, 28, 28, 28, 28, 28, 28, 28, 28, 28, 28, 28, 28, 28, 28, 28, 28, 28, 28, 28, 28, 28, 28, 28, 28, 28, 28, 28, 28, 28, 28, 28, 28, 28, 28, 28, 28, 28, 28, 28, 28, 28, 28, 28, 28, 28, 28, 28, 28, 28, 28, 28, 28, 28, 28]",27.972972972972972,"[32.97117117117117, 32.96756756756757, 32.97837837837838, 32.980180180180184, 32.97117117117117, 32.98018018018018, 32.97477477477477, 32.97837837837837, 32.96756756756757, 32.980180180180184, 32.97117117117117, 32.976576576576576, 32.976576576576576, 32.98198198198198, 32.987387387387386, 32.95855855855856, 32.972972972972975, 32.980180180180184, 32.976576576576576, 32.987387387387386, 32.969369369369375, 32.96756756756757, 32.97477477477477, 32.96756756756757, 32.97477477477477, 32.96936936936937, 32.97477477477477, 32.96756756756757, 32.97477477477477, 31.97837837837838, 30.98198198198198, 30.96756756756757, 29.985585585585586, 29.956756756756757, 29.963963963963966, 29.97657657657658, 28.974774774774776, 28.978378378378377, 28.972972972972975, 28.976576576576576, 28.969369369369367, 28.992792792792795, 28.96936936936937, 28.974774774774776, 28.974774774774776, 28.976576576576576, 28.97837837837838, 28.972972972972975, 28.978378378378377, 28.98018018018018, 28.98378378378378, 28.974774774774776, 28.98018018018018, 27.985585585585586, 27.981981981981985, 27.96936936936937, 27.994594594594595, 27.981981981981985, 27.976576576576576, 27.974774774774772, 27.983783783783785, 27.983783783783785, 27.974774774774776, 27.983783783783785, 27.99099099099099, 27.99099099099099, 27.978378378378377, 27.98018018018018, 27.974774774774776, 27.978378378378377, 27.983783783783785, 27.972972972972975, 27.97657657657658, 27.97837837837838, 27.972972972972975, 27.98198198198198, 27.98918918918919, 27.96936936936937, 27.967567567567567, 27.97117117117117, 27.974774774774772, 27.974774774774776, 27.97117117117117, 27.976576576576576, 27.96756756756757, 27.972972972972972, 27.97837837837838, 27.98738738738739, 27.978378378378377, 27.972972972972972, 27.974774774774776, 27.974774774774776, 27.972972972972975, 27.983783783783785, 27.983783783783785, 27.97837837837838, 27.965765765765767, 27.97117117117117, 27.976576576576573, 27.98018018018018, 27.97837837837838, 27.978378378378377, 27.972972972972975, 27.974774774774776, 27.96936936936937, 27.976576576576576, 27.967567567567567, 27.98198198198198, 27.967567567567567, 27.96936936936937, 27.976576576576573, 27.971171171171175, 27.97117117117117, 27.967567567567567, 27.972972972972972]",0.9173127255013664,0.9324754286303151,28,"[33, 33, 33, 33, 33, 33, 33, 33, 33, 33, 33, 33, 33, 33, 33, 33, 33, 33, 33, 33, 33, 33, 33, 33, 33, 33, 33, 33, 33, 32, 31, 31, 30, 30, 30, 30, 29, 29, 29, 29, 29, 29, 29, 29, 29, 29, 29, 29, 29, 29, 29, 29, 29, 28, 28, 28, 28, 28, 28, 28, 28, 28, 28, 28, 28, 28, 28, 28, 28, 28, 28, 28, 28, 28, 28, 28, 28, 28, 28, 28, 28, 28, 28, 28, 28, 28, 28, 28, 28, 28, 28, 28, 28, 28, 28, 28, 28, 28, 28, 28, 28, 28, 28, 28, 28, 28, 28, 28, 28, 28, 28, 28, 28, 28, 28]",115,"[1.9457831382751465, 1.1528809070587158, 2.56833553314209, 3.6599581241607666, 0.8502221703529358, 0.3487924635410309, 1.775333285331726, 0.34408143162727356, 0.5419014096260071, 0.4977966248989105, 0.37498700618743896, 0.2968778610229492, 0.5143638849258423, 0.9668537378311157, 0.34555134177207947, 1.0510101318359375, 0.47646063566207886, 0.3211030066013336, 0.35253775119781494, 0.29264453053474426, 0.536296010017395, 0.41654208302497864, 0.384713351726532, 0.5440159440040588, 0.34660330414772034, 0.40359359979629517, 0.31223297119140625, 0.32182538509368896, 0.3783113956451416, 0.4254125654697418, 0.5094729661941528, 0.21447940170764923, 0.21180459856987, 0.417515367269516, 0.22873252630233765, 0.4761992394924164, 0.2919144034385681, 0.23365670442581177, 0.25510329008102417, 0.316972017288208, 0.20258131623268127, 0.35695815086364746, 0.2718348503112793, 0.23797555267810822, 0.40348610281944275, 0.21635419130325317, 0.29148438572883606, 0.2144303321838379, 0.4076945185661316, 0.3898930251598358, 0.38999423384666443, 0.3283938467502594, 0.4347118139266968, 0.2853950262069702, 0.27306097745895386, 0.2615714371204376, 0.2088439017534256, 0.26887983083724976, 0.23465195298194885, 0.20208898186683655, 0.30404242873191833, 0.30420348048210144, 0.18751807510852814, 0.26377227902412415, 0.5821317434310913, 0.24673135578632355, 0.2195325493812561, 0.2216731607913971, 0.37298762798309326, 0.24099670350551605, 0.33522942662239075, 0.3641531765460968, 0.3260604739189148, 0.20969122648239136, 0.19196397066116333, 0.19348865747451782, 0.19875770807266235, 0.3206130862236023, 0.20439140498638153, 0.21102246642112732, 0.21757107973098755, 0.1896936446428299, 0.19715538620948792, 0.18975330889225006, 0.21193461120128632, 0.2516646981239319, 0.186958909034729, 0.18992812931537628, 0.19394531846046448, 0.2182859182357788, 0.18640834093093872, 0.18158143758773804, 0.17988376319408417, 0.17982721328735352, 0.19232042133808136, 0.18774756789207458, 0.18999290466308594, 0.24295300245285034, 0.19522489607334137, 0.2063361406326294, 0.1960054188966751, 0.2021719515323639, 0.1792769581079483, 0.21217657625675201, 0.1988224983215332, 0.19184723496437073, 0.2118583619594574, 0.2272839993238449, 0.2713285982608795, 0.41543129086494446, 0.24894815683364868, 0.2171623557806015, 0.19078662991523743, 0.18554577231407166, 0.24848014116287231]",28.0,"[33.0, 33.0, 33.0, 33.0, 33.0, 33.0, 33.0, 33.0, 33.0, 33.0, 33.0, 33.0, 33.0, 33.0, 33.0, 33.0, 33.0, 33.0, 33.0, 33.0, 33.0, 33.0, 33.0, 33.0, 33.0, 33.0, 33.0, 33.0, 33.0, 32.0, 31.0, 31.0, 30.0, 30.0, 30.0, 30.0, 29.0, 29.0, 29.0, 29.0, 29.0, 29.0, 29.0, 29.0, 29.0, 29.0, 29.0, 29.0, 29.0, 29.0, 29.0, 29.0, 29.0, 28.0, 28.0, 28.0, 28.0, 28.0, 28.0, 28.0, 28.0, 28.0, 28.0, 28.0, 28.0, 28.0, 28.0, 28.0, 28.0, 28.0, 28.0, 28.0, 28.0, 28.0, 28.0, 28.0, 28.0, 28.0, 28.0, 28.0, 28.0, 28.0, 28.0, 28.0, 28.0, 28.0, 28.0, 28.0, 28.0, 28.0, 28.0, 28.0, 28.0, 28.0, 28.0, 28.0, 28.0, 28.0, 28.0, 28.0, 28.0, 28.0, 28.0, 28.0, 28.0, 28.0, 28.0, 28.0, 28.0, 28.0, 28.0, 28.0, 28.0, 28.0, 28.0]",COMPLETE
30,30,0.7912818332882483,2024-08-31 01:32:27.137547,2024-08-31 01:33:42.692190,0 days 00:01:15.554643,4,0.01775533409744915,6,165,0.11628328113889874,3,0.0006904720209911963,0.887,0.885,33,"[33, 33, 33, 33, 33, 33, 33, 33, 33, 33, 33, 33, 33, 33, 33, 33, 33, 33, 33, 33, 33, 33, 33, 33, 33, 33, 33, 33, 33, 33, 33, 33, 33, 33, 33, 33, 33, 33, 33, 33, 33, 33, 33, 33, 33, 33, 33, 33, 33, 33, 33, 33, 33, 33, 33, 33, 33, 33, 33, 33, 33, 33, 33, 33, 33, 33, 33, 33, 33, 33, 33, 33, 33, 33, 33, 33, 33, 33, 33, 33, 33, 33, 33, 33, 33, 33, 33, 33, 33, 33, 33, 33, 33, 33, 33, 33, 33, 33, 33, 33, 33, 33, 33, 33, 33, 33, 33, 33, 33, 33, 33, 33, 33, 33, 33, 33, 33, 33, 33, 33, 33, 33, 33, 33, 33, 33, 33, 33, 33, 33, 33, 33, 33, 33, 33, 33, 33, 33, 33, 33, 33, 33, 33, 33, 33, 33, 33, 33, 33, 33, 33, 33, 33, 33, 33, 33, 33, 33, 33, 33, 33, 33, 33, 33, 33]",32.978835978835974,"[32.95238095238095, 32.957671957671955, 32.96296296296296, 32.96825396825397, 32.93650793650794, 32.96825396825397, 32.95238095238095, 32.973544973544975, 32.96825396825397, 32.978835978835974, 32.978835978835974, 32.95238095238095, 32.973544973544975, 32.973544973544975, 32.96825396825397, 32.96825396825397, 32.978835978835974, 32.978835978835974, 32.98941798941799, 32.98941798941799, 32.98941798941799, 32.973544973544975, 32.98941798941799, 32.978835978835974, 32.98412698412698, 32.96825396825397, 32.978835978835974, 32.98412698412698, 32.978835978835974, 32.98941798941799, 32.98412698412698, 32.98412698412698, 32.98412698412698, 32.973544973544975, 32.973544973544975, 32.978835978835974, 32.98412698412698, 32.98941798941799, 32.978835978835974, 32.978835978835974, 32.98412698412698, 32.98941798941799, 32.98941798941799, 32.98412698412698, 32.98412698412698, 32.98412698412699, 32.98412698412698, 32.98941798941799, 32.973544973544975, 32.973544973544975, 32.99470899470899, 32.978835978835974, 32.978835978835974, 32.978835978835974, 32.973544973544975, 32.973544973544975, 32.973544973544975, 32.98412698412698, 32.98412698412698, 32.973544973544975, 32.978835978835974, 32.973544973544975, 32.96296296296296, 32.96825396825397, 32.96825396825397, 32.978835978835974, 32.973544973544975, 32.973544973544975, 32.978835978835974, 32.96825396825397, 32.96296296296296, 32.98412698412698, 32.98412698412698, 32.978835978835974, 32.98941798941799, 32.98412698412698, 32.98412698412698, 32.98412698412698, 32.978835978835974, 32.98412698412698, 32.973544973544975, 32.98412698412698, 32.978835978835974, 32.973544973544975, 32.98412698412698, 32.98412698412698, 32.973544973544975, 32.973544973544975, 32.973544973544975, 32.973544973544975, 32.99470899470899, 32.99470899470899, 32.98941798941799, 32.978835978835974, 32.98412698412698, 32.98412698412698, 32.978835978835974, 32.978835978835974, 32.98412698412699, 32.98412698412698, 32.96296296296296, 32.96296296296296, 32.96825396825397, 32.978835978835974, 32.973544973544975, 32.978835978835974, 32.98412698412698, 32.98412698412698, 32.978835978835974, 32.96825396825397, 32.978835978835974, 32.96296296296296, 32.95238095238095, 32.973544973544975, 32.973544973544975, 32.973544973544975, 32.98412698412698, 32.98412698412698, 32.96825396825397, 32.973544973544975, 32.957671957671955, 32.96296296296296, 32.957671957671955, 32.95238095238095, 32.973544973544975, 32.973544973544975, 32.957671957671955, 32.96296296296296, 32.96296296296296, 32.95238095238095, 32.957671957671955, 32.94179894179894, 32.973544973544975, 32.96296296296296, 32.95238095238095, 32.96296296296296, 32.957671957671955, 32.96296296296296, 32.973544973544975, 32.96825396825397, 32.978835978835974, 32.98412698412698, 32.978835978835974, 32.978835978835974, 32.98412698412698, 32.98412698412698, 32.96825396825396, 32.95238095238095, 32.96825396825397, 32.96825396825397, 32.96825396825397, 32.94708994708995, 32.957671957671955, 32.973544973544975, 32.973544973544975, 32.973544973544975, 32.973544973544975, 32.973544973544975, 32.98412698412698, 32.978835978835974, 32.978835978835974, 32.98412698412698, 32.98412698412698, 32.98412698412698, 32.978835978835974]",0.812308556048184,0.7912818332882483,33,"[33, 33, 33, 33, 33, 33, 33, 33, 33, 33, 33, 33, 33, 33, 33, 33, 33, 33, 33, 33, 33, 33, 33, 33, 33, 33, 33, 33, 33, 33, 33, 33, 33, 33, 33, 33, 33, 33, 33, 33, 33, 33, 33, 33, 33, 33, 33, 33, 33, 33, 33, 33, 33, 33, 33, 33, 33, 33, 33, 33, 33, 33, 33, 33, 33, 33, 33, 33, 33, 33, 33, 33, 33, 33, 33, 33, 33, 33, 33, 33, 33, 33, 33, 33, 33, 33, 33, 33, 33, 33, 33, 33, 33, 33, 33, 33, 33, 33, 33, 33, 33, 33, 33, 33, 33, 33, 33, 33, 33, 33, 33, 33, 33, 33, 33, 33, 33, 33, 33, 33, 33, 33, 33, 33, 33, 33, 33, 33, 33, 33, 33, 33, 33, 33, 33, 33, 33, 33, 33, 33, 33, 33, 33, 33, 33, 33, 33, 33, 33, 33, 33, 33, 33, 33, 33, 33, 33, 33, 33, 33, 33, 33, 33, 33, 33]",165,"[0.6800832152366638, 0.6519017815589905, 0.6270767450332642, 0.6051468849182129, 0.5857551693916321, 0.568533718585968, 0.5532437562942505, 0.5396407842636108, 0.5275125503540039, 0.5166642069816589, 0.5069534778594971, 0.49824362993240356, 0.49041062593460083, 0.48334771394729614, 0.4769781529903412, 0.47121307253837585, 0.46598485112190247, 0.4612351953983307, 0.45691055059432983, 0.452961266040802, 0.4493502676486969, 0.44603660702705383, 0.44299280643463135, 0.44019490480422974, 0.437605082988739, 0.43521636724472046, 0.4329984188079834, 0.4309389889240265, 0.4290176331996918, 0.4272291660308838, 0.42555880546569824, 0.4239916503429413, 0.4225170612335205, 0.42112818360328674, 0.4198194742202759, 0.4185831546783447, 0.4174109697341919, 0.4162958264350891, 0.41523727774620056, 0.4142260253429413, 0.4132611155509949, 0.4123384356498718, 0.41145381331443787, 0.4106048345565796, 0.40978682041168213, 0.40899813175201416, 0.408238023519516, 0.4075040817260742, 0.40679240226745605, 0.4061012268066406, 0.40543094277381897, 0.4047793447971344, 0.40414467453956604, 0.4035259485244751, 0.40292155742645264, 0.40233081579208374, 0.40175315737724304, 0.4011869430541992, 0.40063226222991943, 0.40008774399757385, 0.3995521068572998, 0.3990253806114197, 0.39850687980651855, 0.3979965150356293, 0.39749404788017273, 0.39699795842170715, 0.3965074419975281, 0.39602330327033997, 0.39554542303085327, 0.39507171511650085, 0.3946026861667633, 0.394138365983963, 0.39367854595184326, 0.3932226598262787, 0.3927697241306305, 0.39232122898101807, 0.3918755054473877, 0.3914320468902588, 0.390992134809494, 0.39055347442626953, 0.39011815190315247, 0.38968387246131897, 0.3892518877983093, 0.3888225257396698, 0.388393372297287, 0.38796576857566833, 0.38754016160964966, 0.38711491227149963, 0.3866899013519287, 0.38626614212989807, 0.3858431577682495, 0.38542136549949646, 0.38500046730041504, 0.3845803141593933, 0.3841589391231537, 0.3837388753890991, 0.38331785798072815, 0.38289836049079895, 0.3824783265590668, 0.3820574879646301, 0.3816375732421875, 0.38121771812438965, 0.38079652190208435, 0.38037464022636414, 0.3799531161785126, 0.3795323073863983, 0.3791094124317169, 0.3786877691745758, 0.37826478481292725, 0.37784209847450256, 0.3774167597293854, 0.3769911527633667, 0.3765650689601898, 0.3761378228664398, 0.3757120966911316, 0.3752833604812622, 0.3748552203178406, 0.37442493438720703, 0.3739951252937317, 0.37356340885162354, 0.37313079833984375, 0.37269869446754456, 0.3722655475139618, 0.3718302845954895, 0.37139415740966797, 0.37095698714256287, 0.3705202341079712, 0.37008315324783325, 0.36964496970176697, 0.3692048192024231, 0.36876457929611206, 0.3683236241340637, 0.3678826093673706, 0.36744022369384766, 0.3669973313808441, 0.36655333638191223, 0.36610767245292664, 0.365663081407547, 0.36521512269973755, 0.36476776003837585, 0.36431989073753357, 0.3638728857040405, 0.363424688577652, 0.36297667026519775, 0.36252689361572266, 0.3620748519897461, 0.36162495613098145, 0.36117276549339294, 0.36072012782096863, 0.3602677583694458, 0.35981473326683044, 0.3593613803386688, 0.35890793800354004, 0.35845473408699036, 0.358001172542572, 0.3575466573238373, 0.3570908010005951, 0.35663479566574097, 0.3561788499355316, 0.3557237684726715, 0.3552687466144562, 0.3548136055469513, 0.3543594777584076, 0.3539029657840729, 0.35344845056533813]",33.0,"[33.0, 33.0, 33.0, 33.0, 33.0, 33.0, 33.0, 33.0, 33.0, 33.0, 33.0, 33.0, 33.0, 33.0, 33.0, 33.0, 33.0, 33.0, 33.0, 33.0, 33.0, 33.0, 33.0, 33.0, 33.0, 33.0, 33.0, 33.0, 33.0, 33.0, 33.0, 33.0, 33.0, 33.0, 33.0, 33.0, 33.0, 33.0, 33.0, 33.0, 33.0, 33.0, 33.0, 33.0, 33.0, 33.0, 33.0, 33.0, 33.0, 33.0, 33.0, 33.0, 33.0, 33.0, 33.0, 33.0, 33.0, 33.0, 33.0, 33.0, 33.0, 33.0, 33.0, 33.0, 33.0, 33.0, 33.0, 33.0, 33.0, 33.0, 33.0, 33.0, 33.0, 33.0, 33.0, 33.0, 33.0, 33.0, 33.0, 33.0, 33.0, 33.0, 33.0, 33.0, 33.0, 33.0, 33.0, 33.0, 33.0, 33.0, 33.0, 33.0, 33.0, 33.0, 33.0, 33.0, 33.0, 33.0, 33.0, 33.0, 33.0, 33.0, 33.0, 33.0, 33.0, 33.0, 33.0, 33.0, 33.0, 33.0, 33.0, 33.0, 33.0, 33.0, 33.0, 33.0, 33.0, 33.0, 33.0, 33.0, 33.0, 33.0, 33.0, 33.0, 33.0, 33.0, 33.0, 33.0, 33.0, 33.0, 33.0, 33.0, 33.0, 33.0, 33.0, 33.0, 33.0, 33.0, 33.0, 33.0, 33.0, 33.0, 33.0, 33.0, 33.0, 33.0, 33.0, 33.0, 33.0, 33.0, 33.0, 33.0, 33.0, 33.0, 33.0, 33.0, 33.0, 33.0, 33.0, 33.0, 33.0, 33.0, 33.0, 33.0, 33.0]",COMPLETE
