,number,value,datetime_start,datetime_complete,duration,params_batch_size_scaler,params_constant_learning_rate,params_depth,params_epochs,params_kernel_l2,params_num_trees,params_temperature,user_attrs_accuracy_test,user_attrs_accuracy_valid,user_attrs_approximate_feature_sparsity,user_attrs_approximate_feature_sparsity_history,user_attrs_approximate_weight_sparsity,user_attrs_approximate_weight_sparsity_history,user_attrs_auc_test,user_attrs_auc_valid,user_attrs_feature_sparsity,user_attrs_feature_sparsity_history,user_attrs_num_epochs,user_attrs_val_loss_history,user_attrs_weight_sparsity,user_attrs_weight_sparsity_history,state
109,109,0.7834821141039018,2024-08-31 06:11:15.606123,2024-08-31 06:12:11.520000,0 days 00:00:55.913877,4,0.3509598786141379,4,160,0.29538304518913777,28,0.0060043687930000506,0.886,0.8825,2,"[33, 33, 33, 28, 7, 6, 4, 4, 4, 4, 4, 4, 4, 4, 3, 3, 3, 3, 3, 3, 3, 3, 3, 3, 3, 3, 3, 3, 3, 3, 3, 3, 3, 3, 3, 3, 3, 3, 3, 3, 3, 3, 3, 3, 3, 3, 3, 3, 3, 3, 3, 3, 3, 3, 3, 3, 3, 3, 3, 3, 3, 3, 3, 3, 3, 3, 3, 3, 3, 3, 3, 3, 3, 3, 3, 3, 3, 3, 3, 3, 3, 3, 3, 3, 3, 3, 3, 3, 3, 3, 3, 3, 3, 3, 3, 3, 3, 3, 3, 3, 3, 3, 3, 3, 3, 3, 3, 3, 3, 3, 3, 3, 3, 3, 3, 3, 3, 3, 3, 3, 3, 3, 3, 3, 3, 3, 3, 3, 3, 3, 3, 3, 3, 3, 3, 3, 3, 3, 3, 3, 3, 3, 3, 3, 3, 3, 3, 3, 3, 2, 2, 2, 2, 2, 2, 2, 2, 2, 2, 2]",1.9880952380952381,"[32.971428571428575, 32.976190476190474, 32.96666666666667, 27.98809523809524, 7.0, 5.995238095238095, 3.9976190476190476, 4.0, 3.988095238095238, 3.9952380952380953, 3.992857142857143, 3.9976190476190476, 4.0, 3.9952380952380953, 2.9952380952380953, 2.9976190476190476, 2.9976190476190476, 2.9976190476190476, 2.9952380952380953, 3.0, 2.9976190476190476, 2.9976190476190476, 2.9976190476190476, 2.9952380952380953, 2.9952380952380953, 3.0, 2.9976190476190476, 2.9952380952380953, 3.0, 2.9952380952380953, 3.0, 2.9976190476190476, 2.9976190476190476, 2.9976190476190476, 2.9976190476190476, 3.0, 2.988095238095238, 3.0, 3.0, 2.9904761904761905, 3.0, 2.9976190476190476, 3.0, 3.0, 2.9952380952380953, 3.0, 2.9952380952380953, 2.9976190476190476, 2.9952380952380953, 2.992857142857143, 2.9976190476190476, 2.992857142857143, 2.988095238095238, 2.992857142857143, 2.9952380952380953, 2.992857142857143, 2.9952380952380953, 2.9952380952380953, 2.9976190476190476, 3.0, 2.9952380952380953, 2.9952380952380953, 2.9904761904761905, 2.992857142857143, 2.9952380952380953, 2.9976190476190476, 2.9952380952380953, 2.9904761904761905, 2.9952380952380953, 2.992857142857143, 2.9904761904761905, 2.9952380952380953, 2.992857142857143, 2.9952380952380953, 2.992857142857143, 2.9952380952380953, 3.0, 2.9952380952380953, 2.9976190476190476, 2.992857142857143, 2.9952380952380953, 2.992857142857143, 2.992857142857143, 2.992857142857143, 2.9904761904761905, 2.9976190476190476, 2.9952380952380953, 2.9976190476190476, 2.9976190476190476, 2.9976190476190476, 2.9857142857142858, 2.9904761904761905, 2.9833333333333334, 2.9857142857142858, 2.9833333333333334, 2.9857142857142858, 2.9904761904761905, 2.992857142857143, 2.9904761904761905, 2.988095238095238, 2.9904761904761905, 2.992857142857143, 2.9952380952380953, 2.992857142857143, 2.980952380952381, 2.9833333333333334, 2.980952380952381, 2.988095238095238, 2.9904761904761905, 2.988095238095238, 2.9952380952380953, 2.9833333333333334, 2.980952380952381, 2.988095238095238, 2.9833333333333334, 2.9904761904761905, 2.9857142857142858, 2.992857142857143, 2.988095238095238, 2.9904761904761905, 2.9952380952380953, 2.988095238095238, 2.992857142857143, 2.9904761904761905, 2.9904761904761905, 2.988095238095238, 2.9857142857142858, 2.988095238095238, 2.9833333333333334, 2.9904761904761905, 2.980952380952381, 2.9857142857142858, 2.9857142857142858, 2.992857142857143, 2.9904761904761905, 2.9857142857142858, 2.9785714285714286, 2.988095238095238, 2.9785714285714286, 2.9857142857142858, 2.9761904761904763, 2.980952380952381, 2.980952380952381, 2.988095238095238, 2.9833333333333334, 2.9857142857142858, 2.9952380952380953, 2.9857142857142858, 2.988095238095238, 1.9952380952380953, 1.9976190476190476, 1.9880952380952381, 1.9928571428571429, 1.9952380952380953, 1.9904761904761905, 1.9904761904761905, 1.9904761904761905, 1.9880952380952381, 1.9952380952380953, 1.9880952380952381]",0.7525285050239846,0.7834821141039018,2,"[33, 33, 33, 28, 7, 6, 4, 4, 4, 4, 4, 4, 4, 4, 3, 3, 3, 3, 3, 3, 3, 3, 3, 3, 3, 3, 3, 3, 3, 3, 3, 3, 3, 3, 3, 3, 3, 3, 3, 3, 3, 3, 3, 3, 3, 3, 3, 3, 3, 3, 3, 3, 3, 3, 3, 3, 3, 3, 3, 3, 3, 3, 3, 3, 3, 3, 3, 3, 3, 3, 3, 3, 3, 3, 3, 3, 3, 3, 3, 3, 3, 3, 3, 3, 3, 3, 3, 3, 3, 3, 3, 3, 3, 3, 3, 3, 3, 3, 3, 3, 3, 3, 3, 3, 3, 3, 3, 3, 3, 3, 3, 3, 3, 3, 3, 3, 3, 3, 3, 3, 3, 3, 3, 3, 3, 3, 3, 3, 3, 3, 3, 3, 3, 3, 3, 3, 3, 3, 3, 3, 3, 3, 3, 3, 3, 3, 3, 3, 3, 2, 2, 2, 2, 2, 2, 2, 2, 2, 2, 2]",160,"[0.4164493680000305, 0.40435656905174255, 0.3956400156021118, 0.38212066888809204, 0.36346516013145447, 0.36604470014572144, 0.36686763167381287, 0.36572760343551636, 0.3628947138786316, 0.3614943027496338, 0.36083748936653137, 0.3608109951019287, 0.35843193531036377, 0.35741546750068665, 0.36042487621307373, 0.35914376378059387, 0.35583922266960144, 0.3540135324001312, 0.3533164858818054, 0.3508405387401581, 0.3489081561565399, 0.3477877080440521, 0.34575968980789185, 0.3441135883331299, 0.3432925343513489, 0.3411821126937866, 0.3399243950843811, 0.33895882964134216, 0.3372180461883545, 0.33653077483177185, 0.3347161114215851, 0.3337036371231079, 0.3342961370944977, 0.3319850564002991, 0.33281993865966797, 0.3317975699901581, 0.329778254032135, 0.32905784249305725, 0.32860538363456726, 0.32774534821510315, 0.32693275809288025, 0.32791340351104736, 0.3265039324760437, 0.32768329977989197, 0.32734623551368713, 0.32847321033477783, 0.32535597681999207, 0.3238428235054016, 0.3236006498336792, 0.3243180215358734, 0.32340624928474426, 0.32210931181907654, 0.3223342001438141, 0.3221180737018585, 0.32112017273902893, 0.3208931088447571, 0.32299941778182983, 0.3223073184490204, 0.3198550343513489, 0.3196896016597748, 0.3205302357673645, 0.319288432598114, 0.3195311427116394, 0.31926730275154114, 0.3196130096912384, 0.3185543119907379, 0.3184276521205902, 0.3178032338619232, 0.3190457820892334, 0.31732749938964844, 0.31926390528678894, 0.31698378920555115, 0.31741660833358765, 0.3163658380508423, 0.3169124722480774, 0.31767192482948303, 0.31587541103363037, 0.3159200847148895, 0.3169347643852234, 0.3159327208995819, 0.3152880370616913, 0.31692638993263245, 0.31620457768440247, 0.31501826643943787, 0.314550518989563, 0.31443777680397034, 0.3142116367816925, 0.3144187331199646, 0.3158644139766693, 0.31407567858695984, 0.31449729204177856, 0.31363558769226074, 0.31500309705734253, 0.3139882981777191, 0.31369447708129883, 0.3142174482345581, 0.31334710121154785, 0.31473785638809204, 0.31611818075180054, 0.3141489028930664, 0.31361523270606995, 0.31316283345222473, 0.31242838501930237, 0.3131123483181, 0.3135221004486084, 0.31254905462265015, 0.31316888332366943, 0.31472915410995483, 0.312640905380249, 0.3130955994129181, 0.3161083161830902, 0.3115828037261963, 0.31142133474349976, 0.31157270073890686, 0.3118099868297577, 0.3116106688976288, 0.31358128786087036, 0.3120601773262024, 0.3108053505420685, 0.31086474657058716, 0.3106365203857422, 0.31176647543907166, 0.31056544184684753, 0.3126472532749176, 0.31043851375579834, 0.3137257397174835, 0.310538649559021, 0.3115725517272949, 0.31061679124832153, 0.3102177381515503, 0.30991053581237793, 0.314820796251297, 0.3101596236228943, 0.30998697876930237, 0.31225037574768066, 0.3142423927783966, 0.3117433488368988, 0.3099292516708374, 0.313015341758728, 0.30949145555496216, 0.3096105456352234, 0.3092381954193115, 0.31269514560699463, 0.30926045775413513, 0.30911940336227417, 0.3091018795967102, 0.3093614876270294, 0.3096288740634918, 0.3102145493030548, 0.3367968797683716, 0.3362332880496979, 0.3358651101589203, 0.3344728350639343, 0.33444884419441223, 0.3358132839202881, 0.3368839621543884, 0.3337060213088989, 0.33375999331474304, 0.3336363732814789, 0.33473658561706543]",2.0,"[33.0, 33.0, 33.0, 28.0, 7.0, 6.0, 4.0, 4.0, 4.0, 4.0, 4.0, 4.0, 4.0, 4.0, 3.0, 3.0, 3.0, 3.0, 3.0, 3.0, 3.0, 3.0, 3.0, 3.0, 3.0, 3.0, 3.0, 3.0, 3.0, 3.0, 3.0, 3.0, 3.0, 3.0, 3.0, 3.0, 3.0, 3.0, 3.0, 3.0, 3.0, 3.0, 3.0, 3.0, 3.0, 3.0, 3.0, 3.0, 3.0, 3.0, 3.0, 3.0, 3.0, 3.0, 3.0, 3.0, 3.0, 3.0, 3.0, 3.0, 3.0, 3.0, 3.0, 3.0, 3.0, 3.0, 3.0, 3.0, 3.0, 3.0, 3.0, 3.0, 3.0, 3.0, 3.0, 3.0, 3.0, 3.0, 3.0, 3.0, 3.0, 3.0, 3.0, 3.0, 3.0, 3.0, 3.0, 3.0, 3.0, 3.0, 3.0, 3.0, 3.0, 3.0, 3.0, 3.0, 3.0, 3.0, 3.0, 3.0, 3.0, 3.0, 3.0, 3.0, 3.0, 3.0, 3.0, 3.0, 3.0, 3.0, 3.0, 3.0, 3.0, 3.0, 3.0, 3.0, 3.0, 3.0, 3.0, 3.0, 3.0, 3.0, 3.0, 3.0, 3.0, 3.0, 3.0, 3.0, 3.0, 3.0, 3.0, 3.0, 3.0, 3.0, 3.0, 3.0, 3.0, 3.0, 3.0, 3.0, 3.0, 3.0, 3.0, 3.0, 3.0, 3.0, 3.0, 3.0, 3.0, 2.0, 2.0, 2.0, 2.0, 2.0, 2.0, 2.0, 2.0, 2.0, 2.0, 2.0]",COMPLETE
110,110,0.9139647821102393,2024-08-31 06:12:11.526346,2024-08-31 06:12:19.263699,0 days 00:00:07.737353,16,0.30186588792346036,2,55,0.0048156522185852585,16,0.0017521170485872636,0.921,0.91125,17,"[33, 33, 33, 33, 33, 33, 33, 33, 33, 33, 33, 33, 33, 33, 33, 33, 33, 33, 33, 33, 33, 33, 33, 33, 33, 32, 31, 31, 31, 31, 31, 31, 31, 28, 28, 28, 27, 27, 25, 24, 24, 23, 22, 20, 20, 19, 19, 19, 19, 19, 19, 18, 18, 17, 17]",16.979166666666664,"[32.9375, 33.0, 33.0, 32.979166666666664, 33.0, 33.0, 32.95833333333333, 33.0, 33.0, 33.0, 33.0, 32.979166666666664, 32.979166666666664, 32.979166666666664, 32.95833333333333, 33.0, 33.0, 32.979166666666664, 33.0, 33.0, 32.979166666666664, 32.95833333333333, 33.0, 32.9375, 32.95833333333333, 32.0, 30.979166666666664, 30.9375, 31.0, 30.979166666666664, 30.979166666666664, 30.958333333333332, 30.979166666666664, 28.0, 27.979166666666664, 28.0, 26.958333333333332, 27.0, 25.0, 24.0, 23.979166666666664, 22.979166666666664, 21.979166666666664, 20.0, 19.9375, 18.979166666666664, 18.979166666666664, 18.958333333333332, 19.0, 19.0, 19.0, 18.0, 18.0, 17.0, 16.979166666666664]",0.8984469818938401,0.9139647821102393,17,"[33, 33, 33, 33, 33, 33, 33, 33, 33, 33, 33, 33, 33, 33, 33, 33, 33, 33, 33, 33, 33, 33, 33, 33, 33, 32, 31, 31, 31, 31, 31, 31, 31, 28, 28, 28, 27, 27, 25, 24, 24, 23, 22, 20, 20, 19, 19, 19, 19, 19, 19, 18, 18, 17, 17]",55,"[0.395743191242218, 0.3850918710231781, 0.37796154618263245, 0.3721644878387451, 0.3672632873058319, 0.36490124464035034, 0.3585812449455261, 0.3536532521247864, 0.3491799235343933, 0.3466614782810211, 0.3401415944099426, 0.33542901277542114, 0.3302616477012634, 0.3257829248905182, 0.3213198482990265, 0.3163025379180908, 0.31072163581848145, 0.3059198558330536, 0.3014141321182251, 0.2971891164779663, 0.2930079400539398, 0.2894936800003052, 0.28627848625183105, 0.2819838225841522, 0.2783893942832947, 0.2740236818790436, 0.27168986201286316, 0.2676375210285187, 0.2650385797023773, 0.2621675431728363, 0.2610448896884918, 0.25774556398391724, 0.2561841607093811, 0.25352707505226135, 0.25090792775154114, 0.2492513656616211, 0.24834327399730682, 0.24538399279117584, 0.24466487765312195, 0.24894142150878906, 0.24714556336402893, 0.24603599309921265, 0.2439008504152298, 0.24167168140411377, 0.2406567633152008, 0.2380765676498413, 0.23631629347801208, 0.23587976396083832, 0.23495911061763763, 0.2328881323337555, 0.23198486864566803, 0.2301040142774582, 0.22838768362998962, 0.22847211360931396, 0.22933796048164368]",17.0,"[33.0, 33.0, 33.0, 33.0, 33.0, 33.0, 33.0, 33.0, 33.0, 33.0, 33.0, 33.0, 33.0, 33.0, 33.0, 33.0, 33.0, 33.0, 33.0, 33.0, 33.0, 33.0, 33.0, 33.0, 33.0, 32.0, 31.0, 31.0, 31.0, 31.0, 31.0, 31.0, 31.0, 28.0, 28.0, 28.0, 27.0, 27.0, 25.0, 24.0, 24.0, 23.0, 22.0, 20.0, 20.0, 19.0, 19.0, 19.0, 19.0, 19.0, 19.0, 18.0, 18.0, 17.0, 17.0]",COMPLETE
