,number,value,datetime_start,datetime_complete,duration,params_batch_size_scaler,params_constant_learning_rate,params_depth,params_epochs,params_kernel_l2,params_num_trees,params_temperature,user_attrs_accuracy_test,user_attrs_accuracy_valid,user_attrs_approximate_feature_sparsity,user_attrs_approximate_feature_sparsity_history,user_attrs_approximate_weight_sparsity,user_attrs_approximate_weight_sparsity_history,user_attrs_auc_test,user_attrs_auc_valid,user_attrs_feature_sparsity,user_attrs_feature_sparsity_history,user_attrs_num_epochs,user_attrs_val_loss_history,user_attrs_weight_sparsity,user_attrs_weight_sparsity_history,state
112,112,0.9291004882070307,2024-08-31 06:13:10.056604,2024-08-31 06:14:07.807415,0 days 00:00:57.750811,1,0.1317279612862838,3,55,0.03701236522786234,60,0.02283185289950327,0.948,0.95,33,"[33, 33, 33, 33, 33, 33, 33, 33, 33, 33, 33, 33, 33, 33, 33, 33, 33, 33, 33, 33, 33, 33, 33, 33, 33, 33, 33, 33, 33, 33, 33, 33, 33, 33, 33, 33, 33, 33, 33, 33, 33, 33, 33, 33, 33, 33, 33, 33, 33, 33, 33, 33, 33, 33, 33]",32.957142857142856,"[32.971428571428575, 32.97619047619048, 32.976190476190474, 32.98095238095238, 32.97857142857143, 32.97380952380952, 32.96666666666667, 32.971428571428575, 32.96666666666667, 32.957142857142856, 32.97380952380952, 32.95952380952381, 32.971428571428575, 32.96666666666667, 32.964285714285715, 32.96190476190476, 32.97857142857143, 32.96666666666667, 32.96190476190476, 32.97857142857143, 32.96666666666667, 32.964285714285715, 32.96904761904762, 32.96904761904762, 32.964285714285715, 32.97857142857143, 32.97380952380952, 32.96666666666667, 32.96666666666667, 32.95952380952381, 32.97380952380952, 32.964285714285715, 32.964285714285715, 32.971428571428575, 32.964285714285715, 32.96190476190476, 32.97380952380952, 32.964285714285715, 32.971428571428575, 32.971428571428575, 32.96666666666667, 32.971428571428575, 32.9547619047619, 32.96190476190476, 32.976190476190474, 32.952380952380956, 32.95952380952381, 32.96190476190476, 32.95476190476191, 32.957142857142856, 32.971428571428575, 32.971428571428575, 32.976190476190474, 32.96190476190476, 32.957142857142856]",0.911508516417738,0.9291004882070307,33,"[33, 33, 33, 33, 33, 33, 33, 33, 33, 33, 33, 33, 33, 33, 33, 33, 33, 33, 33, 33, 33, 33, 33, 33, 33, 33, 33, 33, 33, 33, 33, 33, 33, 33, 33, 33, 33, 33, 33, 33, 33, 33, 33, 33, 33, 33, 33, 33, 33, 33, 33, 33, 33, 33, 33]",55,"[0.3700709640979767, 0.3622627258300781, 0.3418056070804596, 0.32577696442604065, 0.30907124280929565, 0.2925865054130554, 0.2778163552284241, 0.26536276936531067, 0.27273115515708923, 0.24726474285125732, 0.24228988587856293, 0.23970070481300354, 0.23661722242832184, 0.2260751724243164, 0.2278604656457901, 0.22762945294380188, 0.22245176136493683, 0.22549095749855042, 0.21288590133190155, 0.22424955666065216, 0.20997245609760284, 0.21933358907699585, 0.20749665796756744, 0.21205280721187592, 0.2047031819820404, 0.2158307433128357, 0.20196892321109772, 0.20071262121200562, 0.20081526041030884, 0.19951213896274567, 0.19968640804290771, 0.19590958952903748, 0.1953696608543396, 0.19146306812763214, 0.19176462292671204, 0.19529804587364197, 0.1876479685306549, 0.18871527910232544, 0.21552127599716187, 0.18697349727153778, 0.1886187195777893, 0.19610260426998138, 0.1866636723279953, 0.182579904794693, 0.17813558876514435, 0.1795058697462082, 0.18311314284801483, 0.18605007231235504, 0.1831464320421219, 0.18136835098266602, 0.1797029823064804, 0.17623642086982727, 0.18181376159191132, 0.1768791377544403, 0.1840461939573288]",33.0,"[33.0, 33.0, 33.0, 33.0, 33.0, 33.0, 33.0, 33.0, 33.0, 33.0, 33.0, 33.0, 33.0, 33.0, 33.0, 33.0, 33.0, 33.0, 33.0, 33.0, 33.0, 33.0, 33.0, 33.0, 33.0, 33.0, 33.0, 33.0, 33.0, 33.0, 33.0, 33.0, 33.0, 33.0, 33.0, 33.0, 33.0, 33.0, 33.0, 33.0, 33.0, 33.0, 33.0, 33.0, 33.0, 33.0, 33.0, 33.0, 33.0, 33.0, 33.0, 33.0, 33.0, 33.0, 33.0]",COMPLETE
113,113,0.9102420424830288,2024-08-31 06:14:10.919843,2024-08-31 06:14:47.121460,0 days 00:00:36.201617,4,0.03765755988453588,1,140,0.02736930790961354,88,0.0003242976083555025,0.893,0.9,33,"[33, 33, 33, 33, 33, 33, 33, 33, 33, 33, 33, 33, 33, 33, 33, 33, 33, 33, 33, 33, 33, 33, 33, 33, 33, 33, 33, 33, 33, 33, 33, 33, 33, 33, 33, 33, 33, 33, 33, 33, 33, 33, 33, 33, 33, 33, 33, 33, 33, 33, 33, 33, 33, 33, 33, 33, 33, 33, 33, 33, 33, 33, 33, 33, 33, 33, 33, 33, 33, 33, 33, 33, 33, 33, 33, 33, 33, 33, 33, 33, 33, 33, 33, 33, 33, 33, 33, 33, 33, 33, 33, 33, 33, 33, 33, 33, 33, 33, 33, 33, 33, 33, 33, 33, 33, 33, 33, 33, 33, 33, 33, 33, 33, 33, 33, 33, 33, 33, 33, 33, 33, 33, 33, 33, 33, 33, 33, 33, 33, 33, 33, 33, 33, 33, 33, 33, 33, 33, 33, 33]",32.94318181818182,"[32.98863636363636, 32.98863636363636, 32.97727272727273, 32.97727272727273, 32.97727272727273, 32.96590909090909, 33.0, 32.96590909090909, 32.97727272727273, 33.0, 32.98863636363636, 33.0, 32.98863636363636, 32.96590909090909, 32.98863636363636, 32.96590909090909, 32.98863636363636, 33.0, 33.0, 32.98863636363636, 32.97727272727273, 32.96590909090909, 33.0, 33.0, 32.98863636363636, 33.0, 33.0, 32.98863636363636, 32.98863636363636, 32.97727272727273, 32.98863636363636, 32.98863636363636, 32.97727272727273, 33.0, 32.98863636363636, 32.98863636363636, 32.98863636363636, 32.97727272727273, 32.97727272727273, 32.97727272727273, 32.97727272727273, 32.96590909090909, 32.97727272727273, 32.96590909090909, 32.98863636363636, 32.98863636363636, 32.98863636363636, 32.98863636363636, 32.98863636363636, 32.98863636363636, 32.97727272727273, 32.98863636363636, 32.97727272727273, 32.97727272727273, 32.98863636363636, 32.97727272727273, 32.98863636363636, 32.98863636363636, 32.98863636363636, 32.98863636363636, 32.97727272727273, 32.96590909090909, 32.97727272727273, 32.97727272727273, 32.97727272727273, 32.96590909090909, 32.97727272727273, 32.93181818181818, 32.97727272727273, 32.98863636363636, 32.97727272727273, 33.0, 32.97727272727273, 32.96590909090909, 32.97727272727273, 32.96590909090909, 32.97727272727273, 32.98863636363636, 33.0, 32.98863636363636, 33.0, 32.98863636363636, 32.98863636363636, 33.0, 32.98863636363636, 33.0, 32.96590909090909, 32.97727272727273, 32.96590909090909, 33.0, 32.98863636363637, 32.98863636363636, 32.98863636363636, 32.98863636363636, 32.96590909090909, 32.95454545454545, 32.98863636363636, 32.97727272727273, 32.96590909090909, 32.94318181818182, 32.94318181818182, 32.97727272727273, 33.0, 32.98863636363636, 33.0, 33.0, 32.94318181818181, 32.96590909090909, 33.0, 32.97727272727273, 32.98863636363636, 33.0, 32.98863636363636, 32.98863636363636, 32.96590909090909, 32.97727272727273, 32.98863636363636, 32.98863636363636, 32.97727272727273, 32.98863636363636, 32.97727272727273, 33.0, 33.0, 33.0, 33.0, 33.0, 32.98863636363636, 32.98863636363636, 33.0, 32.98863636363637, 33.0, 32.97727272727273, 32.96590909090909, 32.95454545454545, 32.95454545454545, 32.96590909090909, 32.97727272727273, 32.97727272727273, 32.97727272727273, 32.94318181818182]",0.8954994674658806,0.9102420424830288,33,"[33, 33, 33, 33, 33, 33, 33, 33, 33, 33, 33, 33, 33, 33, 33, 33, 33, 33, 33, 33, 33, 33, 33, 33, 33, 33, 33, 33, 33, 33, 33, 33, 33, 33, 33, 33, 33, 33, 33, 33, 33, 33, 33, 33, 33, 33, 33, 33, 33, 33, 33, 33, 33, 33, 33, 33, 33, 33, 33, 33, 33, 33, 33, 33, 33, 33, 33, 33, 33, 33, 33, 33, 33, 33, 33, 33, 33, 33, 33, 33, 33, 33, 33, 33, 33, 33, 33, 33, 33, 33, 33, 33, 33, 33, 33, 33, 33, 33, 33, 33, 33, 33, 33, 33, 33, 33, 33, 33, 33, 33, 33, 33, 33, 33, 33, 33, 33, 33, 33, 33, 33, 33, 33, 33, 33, 33, 33, 33, 33, 33, 33, 33, 33, 33, 33, 33, 33, 33, 33, 33]",140,"[0.40998512506484985, 0.40029093623161316, 0.3957677483558655, 0.3944552540779114, 0.3869510293006897, 0.3847289979457855, 0.38281163573265076, 0.3774241507053375, 0.3763987720012665, 0.37380173802375793, 0.3721134662628174, 0.3697054386138916, 0.36811941862106323, 0.3661513030529022, 0.36739087104797363, 0.3625117242336273, 0.3609503209590912, 0.3596838414669037, 0.3585154712200165, 0.35644927620887756, 0.35493001341819763, 0.35338684916496277, 0.354267954826355, 0.35108575224876404, 0.3500133752822876, 0.3490159511566162, 0.34723609685897827, 0.34633782505989075, 0.34527984261512756, 0.3444064259529114, 0.34613335132598877, 0.34204933047294617, 0.3415168821811676, 0.3403621017932892, 0.3410567045211792, 0.3390463590621948, 0.33881911635398865, 0.3380033075809479, 0.34199878573417664, 0.34154704213142395, 0.3358409106731415, 0.33725807070732117, 0.3346351385116577, 0.3373100757598877, 0.3413790166378021, 0.33318671584129333, 0.33258453011512756, 0.33119791746139526, 0.3321121335029602, 0.33133411407470703, 0.33071738481521606, 0.32989785075187683, 0.33694958686828613, 0.32974112033843994, 0.32847827672958374, 0.3286721408367157, 0.33124682307243347, 0.32772013545036316, 0.3296884596347809, 0.3262273371219635, 0.3253783881664276, 0.3265635669231415, 0.3245488405227661, 0.3242175281047821, 0.32564613223075867, 0.32323914766311646, 0.3248428702354431, 0.322184681892395, 0.3263474404811859, 0.32188716530799866, 0.3217551112174988, 0.32078811526298523, 0.3204604685306549, 0.31967267394065857, 0.32000651955604553, 0.3201977610588074, 0.3182230293750763, 0.3199315071105957, 0.31862834095954895, 0.3221953511238098, 0.3179289698600769, 0.32167062163352966, 0.3146509528160095, 0.31604811549186707, 0.3149651288986206, 0.3157520592212677, 0.3115622401237488, 0.31126269698143005, 0.31023383140563965, 0.3121776580810547, 0.30929332971572876, 0.30866238474845886, 0.30660539865493774, 0.3056255280971527, 0.306179404258728, 0.30428433418273926, 0.3037770390510559, 0.3036421835422516, 0.3030639886856079, 0.29864537715911865, 0.29968270659446716, 0.2985893785953522, 0.2947254478931427, 0.2943090498447418, 0.2928536534309387, 0.29110053181648254, 0.28979653120040894, 0.290062814950943, 0.2873322069644928, 0.2891417443752289, 0.28334707021713257, 0.2819134593009949, 0.2802046537399292, 0.2794087529182434, 0.27890825271606445, 0.27630674839019775, 0.27820202708244324, 0.27450379729270935, 0.2724986672401428, 0.2707178592681885, 0.27294591069221497, 0.26796674728393555, 0.2703322470188141, 0.2672227919101715, 0.2647733986377716, 0.26612862944602966, 0.26392391324043274, 0.268947571516037, 0.2617343068122864, 0.25927361845970154, 0.2596072256565094, 0.25772395730018616, 0.25653275847435, 0.26064881682395935, 0.2546050250530243, 0.25412824749946594, 0.25609225034713745, 0.2534571886062622, 0.2529423236846924, 0.2521840035915375]",33.0,"[33.0, 33.0, 33.0, 33.0, 33.0, 33.0, 33.0, 33.0, 33.0, 33.0, 33.0, 33.0, 33.0, 33.0, 33.0, 33.0, 33.0, 33.0, 33.0, 33.0, 33.0, 33.0, 33.0, 33.0, 33.0, 33.0, 33.0, 33.0, 33.0, 33.0, 33.0, 33.0, 33.0, 33.0, 33.0, 33.0, 33.0, 33.0, 33.0, 33.0, 33.0, 33.0, 33.0, 33.0, 33.0, 33.0, 33.0, 33.0, 33.0, 33.0, 33.0, 33.0, 33.0, 33.0, 33.0, 33.0, 33.0, 33.0, 33.0, 33.0, 33.0, 33.0, 33.0, 33.0, 33.0, 33.0, 33.0, 33.0, 33.0, 33.0, 33.0, 33.0, 33.0, 33.0, 33.0, 33.0, 33.0, 33.0, 33.0, 33.0, 33.0, 33.0, 33.0, 33.0, 33.0, 33.0, 33.0, 33.0, 33.0, 33.0, 33.0, 33.0, 33.0, 33.0, 33.0, 33.0, 33.0, 33.0, 33.0, 33.0, 33.0, 33.0, 33.0, 33.0, 33.0, 33.0, 33.0, 33.0, 33.0, 33.0, 33.0, 33.0, 33.0, 33.0, 33.0, 33.0, 33.0, 33.0, 33.0, 33.0, 33.0, 33.0, 33.0, 33.0, 33.0, 33.0, 33.0, 33.0, 33.0, 33.0, 33.0, 33.0, 33.0, 33.0, 33.0, 33.0, 33.0, 33.0, 33.0, 33.0]",COMPLETE
