,number,value,datetime_start,datetime_complete,duration,params_batch_size_scaler,params_constant_learning_rate,params_depth,params_epochs,params_kernel_l2,params_num_trees,params_temperature,user_attrs_accuracy_test,user_attrs_accuracy_valid,user_attrs_approximate_feature_sparsity,user_attrs_approximate_feature_sparsity_history,user_attrs_approximate_weight_sparsity,user_attrs_approximate_weight_sparsity_history,user_attrs_auc_test,user_attrs_auc_valid,user_attrs_feature_sparsity,user_attrs_feature_sparsity_history,user_attrs_num_epochs,user_attrs_val_loss_history,user_attrs_weight_sparsity,user_attrs_weight_sparsity_history,state
152,152,0.9152915716659582,2024-08-31 07:50:34.268557,2024-08-31 07:53:29.379671,0 days 00:02:55.111114,16,6.3112089731307845,5,420,0.0013414202420875146,52,0.0003717148841508739,0.921,0.91875,17,"[33, 33, 33, 33, 33, 33, 33, 33, 33, 33, 31, 26, 24, 23, 22, 21, 20, 20, 20, 20, 20, 20, 20, 20, 20, 20, 18, 18, 18, 18, 18, 18, 18, 18, 18, 18, 18, 18, 18, 18, 18, 18, 18, 18, 18, 18, 18, 18, 18, 18, 18, 18, 18, 18, 18, 18, 18, 18, 18, 18, 18, 18, 18, 18, 18, 18, 18, 18, 18, 18, 18, 18, 18, 18, 18, 18, 18, 18, 18, 18, 18, 18, 18, 18, 18, 18, 18, 18, 18, 18, 18, 18, 18, 18, 17, 17, 17, 17, 17, 17, 17, 17, 17, 17, 17, 17, 17, 17, 17, 17, 17, 17, 17, 17, 17, 17, 17, 17, 17, 17, 17, 17, 17, 17, 17, 17, 17, 17, 17, 17, 17, 17, 17, 17, 17, 17, 17, 17, 17, 17, 17, 17, 17, 17, 17, 17, 17, 17, 17, 17, 17, 17, 17, 17, 17, 17, 17, 17, 17, 17, 17, 17, 17, 17, 17, 17, 17, 17, 17, 17, 17, 17, 17, 17, 17, 17, 17, 17, 17, 17, 17, 17, 17, 17, 17, 17, 17, 17, 17, 17, 17, 17, 17, 17, 17, 17, 17, 17, 17, 17, 17, 17, 17, 17, 17, 17, 17, 17, 17, 17, 17, 17, 17, 17, 17, 17, 17, 17, 17, 17, 17, 17, 17, 17, 17, 17, 17, 17, 17, 17, 17, 17, 17, 17, 17, 17, 17, 17, 17, 17, 17, 17, 17, 17, 17, 17, 17, 17, 17, 17, 17, 17, 17, 17, 17, 17, 17, 17, 17, 17, 17, 17, 17, 17, 17, 17, 17, 17, 17, 17, 17, 17, 17, 17, 17, 17, 17, 17, 17, 17, 17, 17, 17, 17, 17, 17, 17, 17, 17, 17, 17, 17, 17, 17, 17, 17, 17, 17, 17, 17, 17, 17, 17, 17, 17, 17, 17, 17, 17, 17, 17, 17, 17, 17, 17, 17, 17, 17, 17, 17, 17, 17, 17, 17, 17, 17, 17, 17, 17, 17, 17, 17, 17, 17, 17, 17, 17, 17, 17, 17, 17, 17, 17, 17, 17, 17, 17, 17, 17, 17, 17, 17, 17, 17, 17, 17, 17, 17, 17, 17, 17, 17, 17, 17, 17, 17, 17, 17, 17, 17, 17, 17, 17, 17, 17, 17, 17, 17, 17, 17, 17, 17, 17, 17, 17, 17, 17, 17, 17, 17, 17, 17, 17, 17, 17, 17, 17, 17, 17, 17, 17, 17, 17, 17, 17, 17, 17, 17, 17, 17, 17, 17, 17, 17, 17, 17, 17, 17, 17, 17]",16.982630272952854,"[32.93300248138958, 32.943548387096776, 32.94230769230769, 32.94602977667494, 32.945409429280396, 32.95843672456576, 32.937344913151364, 32.94665012406948, 32.95409429280397, 32.9379652605459, 30.962158808933, 25.962779156327542, 23.964019851116625, 22.96588089330025, 21.972084367245657, 20.97394540942928, 19.978287841191065, 19.97828784119107, 19.975186104218363, 19.982009925558312, 19.982009925558312, 19.972704714640198, 19.98076923076923, 19.97332506203474, 19.96898263027295, 19.972704714640198, 17.976426799007445, 17.977667493796528, 17.98076923076923, 17.977667493796524, 17.98076923076923, 17.975186104218363, 17.979528535980148, 17.97828784119107, 17.97828784119107, 17.977047146401983, 17.982630272952854, 17.982009925558312, 17.982630272952854, 17.97952853598015, 17.97890818858561, 17.978908188585606, 17.976426799007445, 17.98511166253102, 17.977047146401986, 17.975806451612904, 17.975186104218363, 17.97828784119107, 17.984491315136474, 17.97332506203474, 17.978908188585606, 17.975806451612904, 17.977047146401986, 17.97828784119107, 17.98138957816377, 17.97642679900744, 17.982009925558312, 17.980148883374692, 17.972084367245657, 17.983250620347395, 17.97890818858561, 17.972704714640198, 17.97394540942928, 17.971464019851116, 17.972704714640198, 17.97394540942928, 17.972084367245657, 17.972704714640198, 17.97394540942928, 17.971464019851116, 17.971464019851116, 17.969602977667492, 17.978908188585606, 17.979528535980148, 17.97332506203474, 17.97332506203474, 17.974565756823818, 17.97332506203474, 17.98014888337469, 17.97456575682382, 17.970223325062033, 17.975186104218363, 17.98014888337469, 17.977667493796524, 17.98138957816377, 17.98014888337469, 17.97332506203474, 17.972704714640198, 17.975186104218363, 17.976426799007445, 17.97828784119107, 17.97890818858561, 17.98138957816377, 17.979528535980148, 16.983250620347395, 16.982009925558312, 16.98014888337469, 16.979528535980148, 16.978908188585606, 16.97332506203474, 16.977047146401986, 16.977667493796528, 16.970223325062033, 16.97890818858561, 16.979528535980148, 16.983870967741936, 16.972704714640198, 16.980769230769234, 16.97828784119107, 16.989454094292803, 16.97890818858561, 16.97828784119107, 16.978287841191065, 16.98014888337469, 16.983250620347395, 16.984491315136477, 16.97890818858561, 16.978287841191065, 16.977047146401986, 16.977667493796528, 16.982630272952854, 16.97456575682382, 16.976426799007445, 16.98014888337469, 16.98511166253102, 16.983250620347395, 16.98076923076923, 16.984491315136477, 16.98138957816377, 16.977667493796528, 16.9863523573201, 16.98511166253102, 16.98759305210918, 16.986972704714642, 16.98014888337469, 16.98076923076923, 16.978908188585606, 16.978287841191065, 16.980148883374692, 16.980148883374692, 16.975806451612904, 16.983870967741936, 16.98138957816377, 16.978287841191065, 16.97952853598015, 16.982009925558312, 16.976426799007445, 16.977047146401986, 16.983250620347395, 16.97456575682382, 16.97952853598015, 16.977047146401986, 16.977667493796528, 16.975806451612904, 16.975806451612904, 16.975186104218363, 16.97456575682382, 16.971464019851116, 16.977667493796528, 16.976426799007445, 16.977667493796524, 16.977667493796524, 16.98076923076923, 16.982009925558312, 16.975186104218363, 16.97394540942928, 16.972084367245657, 16.972084367245657, 16.976426799007445, 16.978908188585606, 16.982009925558312, 16.977667493796528, 16.977667493796528, 16.97456575682382, 16.98511166253102, 16.98138957816377, 16.97890818858561, 16.975186104218363, 16.97394540942928, 16.97394540942928, 16.97456575682382, 16.977047146401986, 16.975186104218363, 16.975806451612904, 16.982009925558312, 16.982009925558312, 16.977667493796528, 16.97456575682382, 16.976426799007445, 16.97456575682382, 16.978908188585606, 16.972704714640198, 16.9727047146402, 16.98014888337469, 16.97146401985112, 16.972704714640198, 16.982630272952854, 16.983870967741936, 16.98511166253102, 16.98076923076923, 16.982630272952854, 16.983250620347395, 16.98511166253102, 16.986352357320097, 16.98138957816377, 16.9863523573201, 16.984491315136474, 16.986352357320097, 16.977667493796528, 16.98759305210918, 16.983250620347395, 16.979528535980148, 16.98573200992556, 16.98511166253102, 16.986972704714642, 16.98076923076923, 16.986972704714642, 16.980148883374692, 16.983870967741936, 16.98511166253102, 16.98138957816377, 16.98076923076923, 16.983250620347395, 16.982009925558312, 16.98759305210918, 16.984491315136477, 16.98573200992556, 16.985732009925556, 16.982009925558312, 16.987593052109183, 16.983870967741936, 16.98511166253102, 16.985732009925556, 16.983870967741936, 16.984491315136477, 16.983870967741936, 16.98014888337469, 16.98076923076923, 16.981389578163775, 16.983250620347395, 16.9863523573201, 16.982630272952854, 16.983250620347395, 16.98511166253102, 16.980148883374692, 16.98511166253102, 16.982009925558312, 16.980769230769234, 16.980769230769234, 16.983870967741936, 16.98511166253102, 16.9863523573201, 16.986972704714642, 16.986352357320097, 16.982009925558312, 16.98014888337469, 16.98138957816377, 16.98511166253102, 16.982630272952854, 16.983250620347395, 16.982009925558312, 16.978287841191065, 16.9863523573201, 16.983250620347395, 16.982630272952854, 16.982630272952854, 16.98076923076923, 16.983870967741936, 16.983250620347395, 16.98014888337469, 16.97394540942928, 16.97456575682382, 16.983250620347395, 16.97828784119107, 16.984491315136477, 16.983870967741936, 16.982630272952854, 16.977667493796524, 16.983870967741936, 16.979528535980148, 16.9863523573201, 16.983870967741936, 16.982009925558312, 16.98138957816377, 16.98138957816377, 16.986972704714642, 16.98138957816377, 16.985732009925556, 16.982009925558312, 16.984491315136477, 16.983250620347395, 16.983870967741936, 16.98076923076923, 16.982009925558312, 16.97456575682382, 16.982009925558312, 16.983870967741936, 16.978908188585606, 16.983870967741936, 16.98697270471464, 16.985732009925556, 16.982009925558312, 16.982009925558312, 16.972704714640198, 16.97952853598015, 16.98511166253102, 16.98014888337469, 16.97890818858561, 16.98076923076923, 16.984491315136477, 16.976426799007445, 16.982630272952854, 16.984491315136477, 16.98138957816377, 16.984491315136477, 16.978908188585606, 16.98138957816377, 16.975186104218363, 16.977047146401986, 16.983250620347395, 16.984491315136477, 16.98014888337469, 16.982009925558312, 16.983250620347395, 16.97394540942928, 16.984491315136477, 16.97828784119107, 16.982009925558312, 16.97828784119107, 16.978908188585606, 16.98573200992556, 16.982630272952854, 16.98573200992556, 16.983870967741936, 16.98697270471464, 16.983250620347395, 16.979528535980148, 16.98697270471464, 16.983250620347395, 16.985732009925556, 16.98573200992556, 16.979528535980148, 16.990074441687348, 16.985732009925556, 16.98573200992556, 16.989454094292803, 16.984491315136477, 16.983250620347395, 16.983250620347395, 16.986972704714642, 16.988833746898262, 16.988833746898262, 16.98759305210918, 16.9863523573201, 16.984491315136477, 16.9863523573201, 16.983870967741936, 16.9863523573201, 16.984491315136474, 16.989454094292803, 16.983250620347395, 16.984491315136474, 16.983250620347395, 16.982630272952854, 16.982009925558312, 16.98573200992556, 16.98697270471464, 16.983250620347395, 16.986352357320097, 16.98138957816377, 16.982630272952854, 16.98511166253102, 16.985732009925556, 16.983250620347395, 16.982009925558312, 16.98076923076923, 16.97952853598015, 16.98138957816377, 16.975186104218363, 16.98014888337469, 16.982009925558316, 16.98014888337469, 16.977047146401986, 16.98138957816377, 16.98138957816377, 16.978287841191065, 16.982009925558312, 16.984491315136477, 16.980769230769234, 16.984491315136477, 16.983250620347395, 16.98138957816377, 16.985732009925556, 16.98076923076923, 16.98076923076923, 16.988833746898266, 16.983870967741936, 16.980769230769234, 16.98573200992556, 16.984491315136474, 16.983870967741936, 16.98511166253102, 16.983870967741936, 16.982630272952854, 16.982630272952854, 16.98759305210918, 16.983250620347395, 16.982009925558316, 16.98014888337469, 16.980148883374692, 16.98138957816377, 16.977667493796528, 16.98076923076923, 16.980769230769234, 16.980148883374692, 16.98511166253102, 16.986352357320097, 16.982009925558312, 16.978908188585606, 16.982630272952854]",0.9034420693697934,0.9152915716659582,17,"[33, 33, 33, 33, 33, 33, 33, 33, 33, 33, 31, 26, 24, 23, 22, 21, 20, 20, 20, 20, 20, 20, 20, 20, 20, 20, 18, 18, 18, 18, 18, 18, 18, 18, 18, 18, 18, 18, 18, 18, 18, 18, 18, 18, 18, 18, 18, 18, 18, 18, 18, 18, 18, 18, 18, 18, 18, 18, 18, 18, 18, 18, 18, 18, 18, 18, 18, 18, 18, 18, 18, 18, 18, 18, 18, 18, 18, 18, 18, 18, 18, 18, 18, 18, 18, 18, 18, 18, 18, 18, 18, 18, 18, 18, 17, 17, 17, 17, 17, 17, 17, 17, 17, 17, 17, 17, 17, 17, 17, 17, 17, 17, 17, 17, 17, 17, 17, 17, 17, 17, 17, 17, 17, 17, 17, 17, 17, 17, 17, 17, 17, 17, 17, 17, 17, 17, 17, 17, 17, 17, 17, 17, 17, 17, 17, 17, 17, 17, 17, 17, 17, 17, 17, 17, 17, 17, 17, 17, 17, 17, 17, 17, 17, 17, 17, 17, 17, 17, 17, 17, 17, 17, 17, 17, 17, 17, 17, 17, 17, 17, 17, 17, 17, 17, 17, 17, 17, 17, 17, 17, 17, 17, 17, 17, 17, 17, 17, 17, 17, 17, 17, 17, 17, 17, 17, 17, 17, 17, 17, 17, 17, 17, 17, 17, 17, 17, 17, 17, 17, 17, 17, 17, 17, 17, 17, 17, 17, 17, 17, 17, 17, 17, 17, 17, 17, 17, 17, 17, 17, 17, 17, 17, 17, 17, 17, 17, 17, 17, 17, 17, 17, 17, 17, 17, 17, 17, 17, 17, 17, 17, 17, 17, 17, 17, 17, 17, 17, 17, 17, 17, 17, 17, 17, 17, 17, 17, 17, 17, 17, 17, 17, 17, 17, 17, 17, 17, 17, 17, 17, 17, 17, 17, 17, 17, 17, 17, 17, 17, 17, 17, 17, 17, 17, 17, 17, 17, 17, 17, 17, 17, 17, 17, 17, 17, 17, 17, 17, 17, 17, 17, 17, 17, 17, 17, 17, 17, 17, 17, 17, 17, 17, 17, 17, 17, 17, 17, 17, 17, 17, 17, 17, 17, 17, 17, 17, 17, 17, 17, 17, 17, 17, 17, 17, 17, 17, 17, 17, 17, 17, 17, 17, 17, 17, 17, 17, 17, 17, 17, 17, 17, 17, 17, 17, 17, 17, 17, 17, 17, 17, 17, 17, 17, 17, 17, 17, 17, 17, 17, 17, 17, 17, 17, 17, 17, 17, 17, 17, 17, 17, 17, 17, 17, 17, 17, 17, 17, 17, 17, 17, 17, 17, 17, 17, 17, 17, 17, 17, 17, 17, 17]",420,"[0.8662116527557373, 0.5896621942520142, 0.3404988944530487, 0.32519790530204773, 0.40161198377609253, 0.37551844120025635, 0.25864967703819275, 0.41681766510009766, 0.2756044566631317, 0.22932806611061096, 0.3714710474014282, 0.26206886768341064, 0.23603473603725433, 0.20263876020908356, 0.2170782834291458, 0.2178787738084793, 0.3861565887928009, 0.2010340839624405, 0.19114303588867188, 0.1833406388759613, 0.18670958280563354, 0.21084018051624298, 0.19338351488113403, 0.20891359448432922, 0.17311839759349823, 0.17723076045513153, 0.196651890873909, 0.18873319029808044, 0.18837113678455353, 0.1877407282590866, 0.19462932646274567, 0.19356228411197662, 0.180394247174263, 0.19448818266391754, 0.18274427950382233, 0.19678188860416412, 0.1960768699645996, 0.1754743754863739, 0.1852693408727646, 0.17411699891090393, 0.17306877672672272, 0.17997007071971893, 0.19413144886493683, 0.17292892932891846, 0.172129824757576, 0.18387526273727417, 0.173964723944664, 0.17300109565258026, 0.1895667314529419, 0.21427789330482483, 0.2325250506401062, 0.18319198489189148, 0.1977628916501999, 0.19123192131519318, 0.18164199590682983, 0.16679374873638153, 0.17104382812976837, 0.1693999320268631, 0.16977758705615997, 0.16953402757644653, 0.17033357918262482, 0.17112362384796143, 0.17734424769878387, 0.1766090989112854, 0.18483398854732513, 0.1896435171365738, 0.16212932765483856, 0.1681613326072693, 0.1590953767299652, 0.15892866253852844, 0.16071930527687073, 0.18668684363365173, 0.1609349250793457, 0.16204649209976196, 0.17799882590770721, 0.1656581461429596, 0.1762942522764206, 0.16188091039657593, 0.16115444898605347, 0.18866240978240967, 0.16738539934158325, 0.16796725988388062, 0.19669663906097412, 0.17338861525058746, 0.17045021057128906, 0.16864676773548126, 0.1539933681488037, 0.16216665506362915, 0.1651586890220642, 0.1641986072063446, 0.20948238670825958, 0.20269259810447693, 0.19985738396644592, 0.15784837305545807, 0.16477245092391968, 0.17037802934646606, 0.17283260822296143, 0.16945455968379974, 0.16250087320804596, 0.17521367967128754, 0.17335312068462372, 0.16113613545894623, 0.16530826687812805, 0.16377130150794983, 0.16341644525527954, 0.16721400618553162, 0.16525352001190186, 0.16372312605381012, 0.16843535006046295, 0.19890935719013214, 0.18679897487163544, 0.16908307373523712, 0.1688045859336853, 0.1737510859966278, 0.16950485110282898, 0.18263688683509827, 0.18911872804164886, 0.1934642195701599, 0.1700281947851181, 0.17285728454589844, 0.16591131687164307, 0.17257525026798248, 0.20028531551361084, 0.17355647683143616, 0.19203311204910278, 0.17652375996112823, 0.1779841035604477, 0.18055249750614166, 0.19344156980514526, 0.17597171664237976, 0.19407697021961212, 0.1785777062177658, 0.19311201572418213, 0.19019699096679688, 0.1782056987285614, 0.19383499026298523, 0.17899133265018463, 0.20276206731796265, 0.18118298053741455, 0.17813128232955933, 0.19954688847064972, 0.2100050300359726, 0.19958412647247314, 0.20257747173309326, 0.19200707972049713, 0.1843644082546234, 0.19312860071659088, 0.22029554843902588, 0.19372428953647614, 0.2172326147556305, 0.19236017763614655, 0.1934008151292801, 0.23409759998321533, 0.20264537632465363, 0.22093862295150757, 0.2106851190328598, 0.19864730536937714, 0.20912592113018036, 0.20366786420345306, 0.19761066138744354, 0.19507218897342682, 0.1927986592054367, 0.19960498809814453, 0.20579814910888672, 0.19450628757476807, 0.20733118057250977, 0.1943492442369461, 0.22022923827171326, 0.21950727701187134, 0.23239728808403015, 0.20845776796340942, 0.2124284952878952, 0.2040279358625412, 0.21543946862220764, 0.20803800225257874, 0.22158899903297424, 0.20849604904651642, 0.25537165999412537, 0.22130925953388214, 0.2053544670343399, 0.22532306611537933, 0.20632041990756989, 0.22710569202899933, 0.2273339331150055, 0.21211953461170197, 0.2168625295162201, 0.21302367746829987, 0.22438980638980865, 0.21842046082019806, 0.2856500744819641, 0.2141958624124527, 0.2178441286087036, 0.217509463429451, 0.21719326078891754, 0.21767961978912354, 0.22612842917442322, 0.22474174201488495, 0.21259477734565735, 0.23080743849277496, 0.2211032658815384, 0.22236046195030212, 0.21798868477344513, 0.2473793923854828, 0.23176662623882294, 0.23287391662597656, 0.22942638397216797, 0.22312578558921814, 0.23715339601039886, 0.2248106449842453, 0.23141205310821533, 0.23586878180503845, 0.23385019600391388, 0.23256409168243408, 0.2296530157327652, 0.2365463823080063, 0.26276639103889465, 0.24505537748336792, 0.23034396767616272, 0.2308690845966339, 0.24923881888389587, 0.2360696643590927, 0.2372574359178543, 0.23625467717647552, 0.2685018479824066, 0.24653422832489014, 0.2456577867269516, 0.27153876423835754, 0.24919646978378296, 0.24205736815929413, 0.246343731880188, 0.24996265769004822, 0.2442532479763031, 0.24178312718868256, 0.2616383731365204, 0.23526762425899506, 0.23669515550136566, 0.24104364216327667, 0.24692237377166748, 0.2557148337364197, 0.23949050903320312, 0.2678990364074707, 0.2386411726474762, 0.2437710165977478, 0.25124502182006836, 0.24780048429965973, 0.23989641666412354, 0.24151156842708588, 0.26892203092575073, 0.2619662880897522, 0.25150784850120544, 0.2538886070251465, 0.2581559717655182, 0.24655848741531372, 0.25463807582855225, 0.25586384534835815, 0.3882403075695038, 0.25389552116394043, 0.31389322876930237, 0.265289843082428, 0.26635241508483887, 0.24588841199874878, 0.29475975036621094, 0.25435760617256165, 0.2539632320404053, 0.26958510279655457, 0.25285905599594116, 0.2508796155452728, 0.26704221963882446, 0.2620772421360016, 0.26205044984817505, 0.28305086493492126, 0.3040241301059723, 0.26350998878479004, 0.26380693912506104, 0.26373767852783203, 0.2689715623855591, 0.270216703414917, 0.271152138710022, 0.2634301483631134, 0.28555014729499817, 0.27226144075393677, 0.2598169445991516, 0.2802509367465973, 0.2779480814933777, 0.27012908458709717, 0.2930617034435272, 0.2721923589706421, 0.3132159411907196, 0.27476367354393005, 0.27746260166168213, 0.2790050506591797, 0.29216691851615906, 0.26808980107307434, 0.2781197428703308, 0.2954394519329071, 0.28484809398651123, 0.28709569573402405, 0.2825887203216553, 0.28524455428123474, 0.31867167353630066, 0.27838921546936035, 0.28104695677757263, 0.28610363602638245, 0.27951937913894653, 0.2771552801132202, 0.308961421251297, 0.2889959216117859, 0.2924014925956726, 0.28302690386772156, 0.29822421073913574, 0.28776854276657104, 0.29426491260528564, 0.28698182106018066, 0.39108726382255554, 0.2869252860546112, 0.29875585436820984, 0.2953914403915405, 0.29122215509414673, 0.2894640266895294, 0.33159008622169495, 0.2928358316421509, 0.28487908840179443, 0.3101179003715515, 0.3098011314868927, 0.30040669441223145, 0.3123059570789337, 0.31039437651634216, 0.3000131845474243, 0.3043639063835144, 0.3053987920284271, 0.30604663491249084, 0.31726887822151184, 0.3273458480834961, 0.3086855411529541, 0.3114767372608185, 0.31348392367362976, 0.30200666189193726, 0.3102508783340454, 0.3138379752635956, 0.3246619403362274, 0.3102894723415375, 0.31657108664512634, 0.32482293248176575, 0.3128178119659424, 0.3301321864128113, 0.31641677021980286, 0.30661725997924805, 0.3146383464336395, 0.317887544631958, 0.3108084499835968, 0.3294898271560669, 0.3229307532310486, 0.31605780124664307, 0.3231225311756134, 0.31610310077667236, 0.32543060183525085, 0.32118386030197144, 0.32535994052886963, 0.32265305519104004, 0.33206644654273987, 0.34237807989120483, 0.3407295346260071, 0.33230677247047424, 0.33022430539131165, 0.3331190049648285, 0.3312990665435791, 0.333024263381958, 0.3278397023677826, 0.3251905143260956, 0.35139980912208557, 0.3472781777381897, 0.3310736119747162, 0.36402952671051025, 0.35365936160087585, 0.3492066264152527, 0.33237364888191223, 0.3339874744415283, 0.3720207214355469, 0.34096089005470276, 0.3306485414505005, 0.3401355445384979, 0.35233697295188904, 0.3478802740573883, 0.356103777885437, 0.34692108631134033, 0.3638996481895447, 0.3622344732284546, 0.3531809151172638, 0.356800377368927, 0.34453827142715454, 0.3746621012687683, 0.35280612111091614, 0.3470841944217682, 0.3779851496219635, 0.3660100996494293, 0.3667871356010437, 0.37242794036865234, 0.3566569983959198, 0.36355191469192505, 0.35674193501472473, 0.35667020082473755, 0.3693709969520569, 0.3560987710952759, 0.37766265869140625, 0.35725870728492737, 0.3592084050178528, 0.36040711402893066, 0.37571200728416443, 0.3573067784309387, 0.36481666564941406, 0.3724832236766815, 0.3762615919113159, 0.3756377398967743, 0.3723639249801636, 0.35743245482444763, 0.3792390525341034, 0.37213653326034546, 0.3578406274318695, 0.36906492710113525, 0.3816727101802826]",17.0,"[33.0, 33.0, 33.0, 33.0, 33.0, 33.0, 33.0, 33.0, 33.0, 33.0, 31.0, 26.0, 24.0, 23.0, 22.0, 21.0, 20.0, 20.0, 20.0, 20.0, 20.0, 20.0, 20.0, 20.0, 20.0, 20.0, 18.0, 18.0, 18.0, 18.0, 18.0, 18.0, 18.0, 18.0, 18.0, 18.0, 18.0, 18.0, 18.0, 18.0, 18.0, 18.0, 18.0, 18.0, 18.0, 18.0, 18.0, 18.0, 18.0, 18.0, 18.0, 18.0, 18.0, 18.0, 18.0, 18.0, 18.0, 18.0, 18.0, 18.0, 18.0, 18.0, 18.0, 18.0, 18.0, 18.0, 18.0, 18.0, 18.0, 18.0, 18.0, 18.0, 18.0, 18.0, 18.0, 18.0, 18.0, 18.0, 18.0, 18.0, 18.0, 18.0, 18.0, 18.0, 18.0, 18.0, 18.0, 18.0, 18.0, 18.0, 18.0, 18.0, 18.0, 18.0, 17.0, 17.0, 17.0, 17.0, 17.0, 17.0, 17.0, 17.0, 17.0, 17.0, 17.0, 17.0, 17.0, 17.0, 17.0, 17.0, 17.0, 17.0, 17.0, 17.0, 17.0, 17.0, 17.0, 17.0, 17.0, 17.0, 17.0, 17.0, 17.0, 17.0, 17.0, 17.0, 17.0, 17.0, 17.0, 17.0, 17.0, 17.0, 17.0, 17.0, 17.0, 17.0, 17.0, 17.0, 17.0, 17.0, 17.0, 17