,number,value,datetime_start,datetime_complete,duration,params_batch_size_scaler,params_constant_learning_rate,params_depth,params_epochs,params_kernel_l2,params_num_trees,params_temperature,user_attrs_accuracy_test,user_attrs_accuracy_valid,user_attrs_approximate_feature_sparsity,user_attrs_approximate_feature_sparsity_history,user_attrs_approximate_weight_sparsity,user_attrs_approximate_weight_sparsity_history,user_attrs_auc_test,user_attrs_auc_valid,user_attrs_feature_sparsity,user_attrs_feature_sparsity_history,user_attrs_num_epochs,user_attrs_val_loss_history,user_attrs_weight_sparsity,user_attrs_weight_sparsity_history,state
135,135,0.9293194728909843,2024-08-31 07:22:58.980196,2024-08-31 07:24:38.130115,0 days 00:01:39.149919,4,0.09095178282492697,4,320,0.23167067022022045,63,0.04747330329996453,0.941,0.9475,32,"[33, 33, 33, 33, 33, 33, 33, 33, 33, 33, 33, 33, 33, 33, 33, 33, 33, 33, 33, 33, 33, 33, 33, 33, 33, 33, 33, 33, 33, 33, 33, 33, 33, 33, 33, 33, 33, 33, 33, 33, 33, 33, 33, 33, 33, 33, 33, 33, 33, 33, 33, 33, 33, 33, 33, 33, 33, 33, 33, 33, 33, 33, 33, 33, 33, 33, 33, 33, 33, 33, 33, 33, 33, 33, 33, 33, 33, 33, 33, 33, 33, 33, 33, 33, 33, 33, 33, 33, 33, 33, 33, 33, 33, 33, 33, 33, 33, 33, 33, 33, 33, 33, 33, 33, 33, 33, 33, 33, 33, 33, 33, 33, 33, 33, 33, 33, 33, 33, 33, 33, 33, 33, 33, 33, 33, 33, 33, 33, 33, 33, 33, 33, 33, 33, 33, 33, 33, 33, 33, 33, 33, 33, 33, 33, 33, 33, 33, 33, 33, 33, 33, 33, 33, 33, 33, 33, 33, 33, 33, 33, 33, 33, 33, 33, 33, 33, 33, 33, 33, 33, 33, 33, 33, 33, 33, 33, 33, 33, 33, 33, 33, 33, 33, 33, 33, 33, 33, 33, 33, 33, 33, 33, 33, 33, 33, 33, 33, 33, 33, 33, 33, 33, 33, 33, 33, 33, 33, 33, 33, 33, 33, 33, 33, 33, 33, 33, 33, 33, 33, 33, 33, 33, 33, 33, 33, 33, 33, 33, 33, 33, 33, 33, 33, 33, 33, 33, 33, 33, 33, 33, 33, 33, 33, 33, 33, 33, 33, 33, 33, 33, 33, 33, 33, 33, 33, 33, 33, 33, 33, 33, 33, 33, 33, 33, 33, 33, 33, 33, 33, 33, 33, 33, 33, 33, 33, 33, 33, 33, 33, 33, 33, 33, 33, 33, 33, 33, 32, 32, 32, 32, 32, 32, 32, 32, 32, 32, 32, 32, 32, 32, 32, 32, 32, 32, 32, 32, 32, 32, 32, 32, 32, 32, 32, 32, 32, 32, 32, 32, 32, 32]",31.926984126984127,"[32.95343915343915, 32.94920634920635, 32.953439153439156, 32.955555555555556, 32.95978835978836, 32.96190476190476, 32.94814814814815, 32.953439153439156, 32.95978835978836, 32.959788359788355, 32.96825396825397, 32.95978835978836, 32.96402116402116, 32.97037037037037, 32.96190476190476, 32.958730158730155, 32.96613756613757, 32.96402116402116, 32.954497354497356, 32.956613756613756, 32.955555555555556, 32.95449735449735, 32.956613756613756, 32.954497354497356, 32.94708994708995, 32.94285714285714, 32.94391534391534, 32.951322751322756, 32.94920634920635, 32.95132275132275, 32.95132275132275, 32.95978835978836, 32.96190476190476, 32.956613756613756, 32.96613756613757, 32.957671957671955, 32.954497354497356, 32.94920634920635, 32.96402116402116, 32.95978835978836, 32.955555555555556, 32.96084656084656, 32.955555555555556, 32.954497354497356, 32.958730158730155, 32.956613756613756, 32.94603174603175, 32.95132275132275, 32.94708994708995, 32.96507936507936, 32.955555555555556, 32.952380952380956, 32.953439153439156, 32.96190476190476, 32.952380952380956, 32.954497354497356, 32.94603174603175, 32.95026455026455, 32.94497354497354, 32.954497354497356, 32.954497354497356, 32.94708994708995, 32.94603174603174, 32.93650793650794, 32.955555555555556, 32.95026455026455, 32.94603174603175, 32.939682539682536, 32.94708994708995, 32.94920634920635, 32.95343915343915, 32.939682539682536, 32.95026455026455, 32.95661375661376, 32.953439153439156, 32.94920634920635, 32.94391534391534, 32.95343915343915, 32.94603174603175, 32.95132275132275, 32.94179894179894, 32.94814814814815, 32.95132275132275, 32.94497354497354, 32.94920634920635, 32.94814814814815, 32.94603174603174, 32.95132275132275, 32.954497354497356, 32.94179894179894, 32.94708994708995, 32.95343915343915, 32.95873015873016, 32.95132275132275, 32.955555555555556, 32.96084656084656, 32.956613756613756, 32.95238095238095, 32.96190476190476, 32.94814814814815, 32.95343915343915, 32.95238095238095, 32.956613756613756, 32.95238095238095, 32.957671957671955, 32.94603174603175, 32.94497354497354, 32.94920634920635, 32.95238095238095, 32.953439153439156, 32.955555555555556, 32.95026455026455, 32.95026455026455, 32.953439153439156, 32.95873015873016, 32.96084656084656, 32.94497354497354, 32.94074074074074, 32.94074074074074, 32.94285714285714, 32.94920634920635, 32.93862433862434, 32.92804232804233, 32.93968253968254, 32.93544973544974, 32.93862433862434, 32.94285714285714, 32.93544973544974, 32.94497354497354, 32.93862433862434, 32.94074074074074, 32.93227513227513, 32.94285714285714, 32.95026455026455, 32.94603174603175, 32.957671957671955, 32.94391534391534, 32.93650793650794, 32.94603174603175, 32.94074074074074, 32.94074074074074, 32.93121693121694, 32.93439153439154, 32.93015873015873, 32.93650793650794, 32.924867724867724, 32.93121693121693, 32.93333333333334, 32.92910052910053, 32.93544973544974, 32.93756613756614, 32.93227513227514, 32.92698412698413, 32.93862433862434, 32.93439153439154, 32.92804232804233, 32.93121693121693, 32.93862433862434, 32.94391534391534, 32.94708994708995, 32.938624338624344, 32.93756613756614, 32.93439153439154, 32.93121693121693, 32.92698412698413, 32.93333333333333, 32.93015873015873, 32.92910052910053, 32.93439153439154, 32.93439153439153, 32.939682539682536, 32.94179894179894, 32.94603174603174, 32.94814814814815, 32.94179894179894, 32.93439153439153, 32.93121693121693, 32.928042328042324, 32.93756613756614, 32.93333333333333, 32.93439153439154, 32.940740740740736, 32.93968253968254, 32.93544973544974, 32.94497354497354, 32.95026455026455, 32.94708994708995, 32.95026455026455, 32.94179894179894, 32.94603174603175, 32.94285714285714, 32.94497354497354, 32.95026455026455, 32.94603174603175, 32.94708994708995, 32.93862433862434, 32.94391534391534, 32.94391534391534, 32.94920634920635, 32.94814814814815, 32.94179894179894, 32.940740740740736, 32.93544973544974, 32.93439153439154, 32.91746031746032, 32.93544973544974, 32.938624338624344, 32.94497354497354, 32.93862433862434, 32.93015873015873, 32.93121693121693, 32.93121693121693, 32.924867724867724, 32.926984126984124, 32.939682539682536, 32.92804232804233, 32.93544973544974, 32.941798941798936, 32.93756613756614, 32.93544973544974, 32.93756613756614, 32.94285714285714, 32.938624338624344, 32.94179894179894, 32.94603174603174, 32.93544973544974, 32.93862433862434, 32.94074074074074, 32.93862433862434, 32.94391534391534, 32.93439153439154, 32.94074074074074, 32.93544973544974, 32.93968253968254, 32.94285714285714, 32.94497354497354, 32.94603174603175, 32.93650793650794, 32.94285714285714, 32.93333333333333, 32.93015873015873, 32.93544973544974, 32.94708994708995, 32.94497354497354, 32.94391534391534, 32.93015873015873, 32.926984126984124, 32.924867724867724, 32.93015873015873, 32.924867724867724, 32.924867724867724, 32.921693121693124, 32.923809523809524, 32.921693121693124, 32.923809523809524, 32.93544973544974, 32.93439153439154, 32.937566137566144, 32.93121693121693, 32.938624338624344, 32.93227513227513, 32.93756613756614, 32.94497354497355, 32.94285714285714, 32.94074074074074, 32.94814814814815, 32.94497354497354, 32.94285714285714, 32.939682539682536, 32.93756613756614, 32.93544973544974, 32.93650793650794, 32.93756613756614, 32.939682539682536, 32.939682539682536, 32.93015873015873, 32.94391534391534, 32.94074074074074, 32.93544973544974, 32.93862433862434, 32.94603174603175, 32.93227513227514, 32.926984126984124, 32.92910052910052, 32.92698412698413, 32.928042328042324, 31.93015873015873, 31.93121693121693, 31.935449735449737, 31.93968253968254, 31.93862433862434, 31.94074074074074, 31.94179894179894, 31.947089947089946, 31.938624338624336, 31.938624338624336, 31.925925925925924, 31.933333333333334, 31.934391534391533, 31.94285714285714, 31.94074074074074, 31.93968253968254, 31.936507936507937, 31.933333333333334, 31.941798941798943, 31.942857142857143, 31.940740740740743, 31.944973544973546, 31.939682539682543, 31.940740740740743, 31.93862433862434, 31.935449735449737, 31.94814814814815, 31.946031746031746, 31.942857142857143, 31.934391534391537, 31.933333333333337, 31.933333333333334, 31.930158730158727, 31.926984126984127]",0.9130854779184108,0.9293194728909843,32,"[33, 33, 33, 33, 33, 33, 33, 33, 33, 33, 33, 33, 33, 33, 33, 33, 33, 33, 33, 33, 33, 33, 33, 33, 33, 33, 33, 33, 33, 33, 33, 33, 33, 33, 33, 33, 33, 33, 33, 33, 33, 33, 33, 33, 33, 33, 33, 33, 33, 33, 33, 33, 33, 33, 33, 33, 33, 33, 33, 33, 33, 33, 33, 33, 33, 33, 33, 33, 33, 33, 33, 33, 33, 33, 33, 33, 33, 33, 33, 33, 33, 33, 33, 33, 33, 33, 33, 33, 33, 33, 33, 33, 33, 33, 33, 33, 33, 33, 33, 33, 33, 33, 33, 33, 33, 33, 33, 33, 33, 33, 33, 33, 33, 33, 33, 33, 33, 33, 33, 33, 33, 33, 33, 33, 33, 33, 33, 33, 33, 33, 33, 33, 33, 33, 33, 33, 33, 33, 33, 33, 33, 33, 33, 33, 33, 33, 33, 33, 33, 33, 33, 33, 33, 33, 33, 33, 33, 33, 33, 33, 33, 33, 33, 33, 33, 33, 33, 33, 33, 33, 33, 33, 33, 33, 33, 33, 33, 33, 33, 33, 33, 33, 33, 33, 33, 33, 33, 33, 33, 33, 33, 33, 33, 33, 33, 33, 33, 33, 33, 33, 33, 33, 33, 33, 33, 33, 33, 33, 33, 33, 33, 33, 33, 33, 33, 33, 33, 33, 33, 33, 33, 33, 33, 33, 33, 33, 33, 33, 33, 33, 33, 33, 33, 33, 33, 33, 33, 33, 33, 33, 33, 33, 33, 33, 33, 33, 33, 33, 33, 33, 33, 33, 33, 33, 33, 33, 33, 33, 33, 33, 33, 33, 33, 33, 33, 33, 33, 33, 33, 33, 33, 33, 33, 33, 33, 33, 33, 33, 33, 33, 33, 33, 33, 33, 33, 33, 32, 32, 32, 32, 32, 32, 32, 32, 32, 32, 32, 32, 32, 32, 32, 32, 32, 32, 32, 32, 32, 32, 32, 32, 32, 32, 32, 32, 32, 32, 32, 32, 32, 32]",320,"[0.40865445137023926, 0.3997594118118286, 0.394221693277359, 0.39000943303108215, 0.38671645522117615, 0.38419121503829956, 0.38207554817199707, 0.3799647390842438, 0.37829655408859253, 0.37683215737342834, 0.3745010495185852, 0.37333229184150696, 0.3712176978588104, 0.36950981616973877, 0.3682669699192047, 0.3670271933078766, 0.36480867862701416, 0.3635120689868927, 0.36192581057548523, 0.36050644516944885, 0.3588864803314209, 0.3574296534061432, 0.35620468854904175, 0.35490867495536804, 0.3535159230232239, 0.35241004824638367, 0.35094425082206726, 0.3492051661014557, 0.34808650612831116, 0.3468875586986542, 0.34528639912605286, 0.34373170137405396, 0.34294983744621277, 0.34128761291503906, 0.33969488739967346, 0.3384014070034027, 0.33687824010849, 0.3353704810142517, 0.3342139720916748, 0.33262503147125244, 0.3308456838130951, 0.32958662509918213, 0.32833632826805115, 0.3265896737575531, 0.32496488094329834, 0.323233425617218, 0.321542888879776, 0.3199397027492523, 0.318706750869751, 0.31703612208366394, 0.31499573588371277, 0.3138788938522339, 0.31139424443244934, 0.31074485182762146, 0.30791911482810974, 0.30628859996795654, 0.3047446012496948, 0.3026404082775116, 0.30110588669776917, 0.2997276186943054, 0.29793116450309753, 0.29637807607650757, 0.29468321800231934, 0.29380089044570923, 0.2918758690357208, 0.2904626727104187, 0.2891038954257965, 0.28800585865974426, 0.28667837381362915, 0.286050409078598, 0.2842327952384949, 0.28306952118873596, 0.28301188349723816, 0.28107377886772156, 0.2799118459224701, 0.2792055010795593, 0.2782481908798218, 0.2773738503456116, 0.2770560383796692, 0.2754245102405548, 0.27450427412986755, 0.2738473117351532, 0.2733766734600067, 0.27204379439353943, 0.27135804295539856, 0.2707322835922241, 0.26990756392478943, 0.26955974102020264, 0.2684711515903473, 0.2677861750125885, 0.2675473093986511, 0.2663341760635376, 0.2657366693019867, 0.26520785689353943, 0.265396386384964, 0.26386672258377075, 0.263410359621048, 0.26351529359817505, 0.26181888580322266, 0.261284738779068, 0.260829359292984, 0.2605595290660858, 0.2600931227207184, 0.2591280937194824, 0.2583200931549072, 0.25807690620422363, 0.2595316469669342, 0.2587167024612427, 0.25715434551239014, 0.2555593252182007, 0.2552233040332794, 0.25547683238983154, 0.25381192564964294, 0.2541603147983551, 0.2530011832714081, 0.2523188591003418, 0.251480370759964, 0.25129052996635437, 0.25048384070396423, 0.2500542998313904, 0.249236598610878, 0.2488366961479187, 0.24866585433483124, 0.24873404204845428, 0.24746057391166687, 0.2465083748102188, 0.24658071994781494, 0.2456856369972229, 0.2466372847557068, 0.24487915635108948, 0.24421828985214233, 0.24384750425815582, 0.24396656453609467, 0.24295921623706818, 0.24272869527339935, 0.24213995039463043, 0.2416704297065735, 0.2407579869031906, 0.2409605085849762, 0.24008071422576904, 0.24036447703838348, 0.2395298033952713, 0.23924356698989868, 0.23823045194149017, 0.2383156567811966, 0.23820331692695618, 0.23755435645580292, 0.23681557178497314, 0.23620842397212982, 0.2363361120223999, 0.2350700944662094, 0.2346554547548294, 0.23464275896549225, 0.23413428664207458, 0.2334546595811844, 0.23317179083824158, 0.23231860995292664, 0.2321733981370926, 0.23147976398468018, 0.2312535047531128, 0.23159635066986084, 0.23174697160720825, 0.23094552755355835, 0.23012642562389374, 0.23009513318538666, 0.22927884757518768, 0.2294468730688095, 0.22850890457630157, 0.22884301841259003, 0.22792279720306396, 0.22927828133106232, 0.2274177372455597, 0.22692494094371796, 0.22681759297847748, 0.22725488245487213, 0.22643929719924927, 0.22592376172542572, 0.2261536717414856, 0.2252734750509262, 0.22595548629760742, 0.22595340013504028, 0.22544799745082855, 0.2249521017074585, 0.22337669134140015, 0.22314691543579102, 0.22320717573165894, 0.22388572990894318, 0.22300367057323456, 0.222900852560997, 0.2226867824792862, 0.2224528193473816, 0.22160083055496216, 0.2215004861354828, 0.22152163088321686, 0.22222241759300232, 0.22053159773349762, 0.22116418182849884, 0.2212497591972351, 0.22263631224632263, 0.22089515626430511, 0.22096477448940277, 0.2202865034341812, 0.22066232562065125, 0.2194128781557083, 0.21995726227760315, 0.21971815824508667, 0.2183947116136551, 0.2183467298746109, 0.21877355873584747, 0.21986980736255646, 0.21761451661586761, 0.21784155070781708, 0.21798455715179443, 0.21941959857940674, 0.21805095672607422, 0.2193681299686432, 0.2168440967798233, 0.21731506288051605, 0.2171115279197693, 0.21683476865291595, 0.21696624159812927, 0.2165205031633377, 0.21575023233890533, 0.21572908759117126, 0.2162230908870697, 0.2151610255241394, 0.21625036001205444, 0.215469092130661, 0.21531996130943298, 0.2157142013311386, 0.21465736627578735, 0.21563585102558136, 0.21478313207626343, 0.21497412025928497, 0.21480613946914673, 0.21556442975997925, 0.2142602801322937, 0.21515661478042603, 0.21462221443653107, 0.21554304659366608, 0.21502406895160675, 0.21461763978004456, 0.21390512585639954, 0.21308857202529907, 0.21468320488929749, 0.21448495984077454, 0.21357257664203644, 0.21384268999099731, 0.21419009566307068, 0.21227510273456573, 0.2142498642206192, 0.2128494381904602, 0.21295572817325592, 0.21302467584609985, 0.21179895102977753, 0.21266935765743256, 0.2121318280696869, 0.21161748468875885, 0.21299558877944946, 0.21223659813404083, 0.21063701808452606, 0.2109876573085785, 0.21189075708389282, 0.21151094138622284, 0.21108795702457428, 0.21141685545444489, 0.21246284246444702, 0.2109241932630539, 0.21140393614768982, 0.21091963350772858, 0.21046672761440277, 0.21166571974754333, 0.21161574125289917, 0.21023961901664734, 0.2103378176689148, 0.2096690535545349, 0.20972652733325958, 0.2106810212135315, 0.2103116363286972, 0.20994757115840912, 0.21185261011123657, 0.21165689826011658, 0.20978489518165588, 0.2083999216556549, 0.21040774881839752, 0.20886188745498657, 0.20802804827690125, 0.20901378989219666, 0.2091575562953949, 0.20778940618038177, 0.2088788002729416, 0.20950663089752197, 0.20870745182037354, 0.20895984768867493, 0.20753683149814606, 0.20772556960582733, 0.20717832446098328, 0.2077948898077011, 0.20949089527130127, 0.20736946165561676, 0.20727315545082092, 0.20774295926094055, 0.20756274461746216, 0.20689816772937775, 0.20818322896957397, 0.2081250697374344, 0.2097758799791336, 0.20646785199642181, 0.2094842791557312, 0.20824137330055237, 0.20703518390655518, 0.20583707094192505, 0.2067897617816925, 0.2060113549232483, 0.20689044892787933, 0.2072218954563141, 0.20801644027233124, 0.20538337528705597, 0.2074633240699768, 0.2072880119085312]",32.0,"[33.0, 33.0, 33.0, 33.0, 33.0, 33.0, 33.0, 33.0, 33.0, 33.0, 33.0, 33.0, 33.0, 33.0, 33.0, 33.0, 33.0, 33.0, 33.0, 33.0, 33.0, 33.0, 33.0, 33.0, 33.0, 33.0, 33.0, 33.0, 33.0, 33.0, 33.0, 33.0, 33.0, 33.0, 33.0, 33.0, 33.0, 33.0, 33.0, 33.0, 33.0, 33.0, 33.0, 33.0, 33.0, 33.0, 33.0, 33.0, 33.0, 33.0, 33.0, 33.0, 33.0, 33.0, 33.0, 33.0, 33.0, 33.0, 33.0, 33.0, 33.0, 33.0, 33.0, 33.0, 33.0, 33.0, 33.0, 33.0, 33.0, 33.0, 33.0, 33.0, 33.0, 33.0, 33.0, 33.0, 33.0, 33.0, 33.0, 33.0, 33.0, 33.0, 33.0, 33.0, 33.0, 33.0, 33.0, 33.0, 33.0, 33.0, 33.0, 33.0, 33.0, 33.0, 33.0, 33.0, 33.0, 33.0, 33.0, 33.0, 33.0, 33.0, 33.0, 33.0, 33.0, 33.0, 33.0, 33.0, 33.0, 33.0, 33.0, 33.0, 33.0, 33.0, 33.0, 33.0, 33.0, 33.0, 33.0, 33.0, 33.0, 33.0, 33.0, 33.0, 33.0, 33.0, 33.0, 33.0, 33.0, 33.0, 33.0, 33.0, 33.0, 33.0, 33.0, 33.0, 33.0, 33.0, 33.0, 33.0, 33.0, 33.0, 33.0, 33.0, 33.0, 33.0, 33.0, 33.0, 33.0, 33.0, 33.0, 33.0, 33.0, 33.0, 33.0, 33.0, 33.0, 33.0, 33.0, 33.0, 33.0, 33.0, 33.0, 33.0, 33.0, 33.0, 33.0, 33.0, 33.0, 33.0, 33.0, 33.0, 33.0, 33.0, 33.0, 33.0, 33.0, 33.0, 33.0, 33.0, 33.0, 33.0, 33.0, 33.0, 33.0, 33.0, 33.0, 33.0, 33.0, 33.0, 33.0, 33.0, 33.0, 33.0, 33.0, 33.0, 33.0, 33.0, 33.0, 33.0, 33.0, 33.0, 33.0, 33.0, 33.0, 33.0, 33.0, 33.0, 33.0, 33.0, 33.0, 33.0, 33.0, 33.0, 33.0, 33.0, 33.0, 33.0, 33.0, 33.0, 33.0, 33.0, 33.0, 33.0, 33.0, 33.0, 33.0, 33.0, 33.0, 33.0, 33.0, 33.0, 33.0, 33.0, 33.0, 33.0, 33.0, 33.0, 33.0, 33.0, 33.0, 33.0, 33.0, 33.0, 33.0, 33.0, 33.0, 33.0, 33.0, 33.0, 33.0, 33.0, 33.0, 33.0, 33.0, 33.0, 33.0, 33.0, 33.0, 33.0, 33.0, 33.0, 33.0, 33.0, 33.0, 33.0, 33.0, 33.0, 33.0, 33.0, 33.0, 33.0, 33.0, 33.0, 33.0, 33.0, 33.0, 33.0, 33.0, 33.0, 33.0, 33.0, 33.0, 33.0, 33.0, 33.0, 32.0, 32.0, 32.0, 32.0, 32.0, 32.0, 32.0, 32.0, 32.0, 32.0, 32.0, 32.0, 32.0, 32.0, 32.0, 32.0, 32.0, 32.0, 32.0, 32.0, 32.0, 32.0, 32.0, 32.0, 32.0, 32.0, 32.0, 32.0, 32.0, 32.0, 32.0, 32.0, 32.0, 32.0]",COMPLETE
