,number,value,datetime_start,datetime_complete,duration,params_batch_size_scaler,params_constant_learning_rate,params_depth,params_epochs,params_kernel_l2,params_num_trees,params_temperature,user_attrs_accuracy_test,user_attrs_accuracy_valid,user_attrs_approximate_feature_sparsity,user_attrs_approximate_feature_sparsity_history,user_attrs_approximate_weight_sparsity,user_attrs_approximate_weight_sparsity_history,user_attrs_auc_test,user_attrs_auc_valid,user_attrs_feature_sparsity,user_attrs_feature_sparsity_history,user_attrs_num_epochs,user_attrs_val_loss_history,user_attrs_weight_sparsity,user_attrs_weight_sparsity_history,state
61,61,0.7056459404104032,2024-08-31 03:16:52.749425,2024-08-31 03:21:28.006434,0 days 00:04:35.257009,16,0.012964611894713136,6,370,0.05375801783951363,24,0.0007076541481145914,0.86,0.85875,33,"[33, 33, 33, 33, 33, 33, 33, 33, 33, 33, 33, 33, 33, 33, 33, 33, 33, 33, 33, 33, 33, 33, 33, 33, 33, 33, 33, 33, 33, 33, 33, 33, 33, 33, 33, 33, 33, 33, 33, 33, 33, 33, 33, 33, 33, 33, 33, 33, 33, 33, 33, 33, 33, 33, 33, 33, 33, 33, 33, 33, 33, 33, 33, 33, 33, 33, 33, 33, 33, 33, 33, 33, 33, 33, 33, 33, 33, 33, 33, 33, 33, 33, 33, 33, 33, 33, 33, 33, 33, 33, 33, 33, 33, 33, 33, 33, 33, 33, 33, 33, 33, 33, 33, 33, 33, 33, 33, 33, 33, 33, 33, 33, 33, 33, 33, 33, 33, 33, 33, 33, 33, 33, 33, 33, 33, 33, 33, 33, 33, 33, 33, 33, 33, 33, 33, 33, 33, 33, 33, 33, 33, 33, 33, 33, 33, 33, 33, 33, 33, 33, 33, 33, 33, 33, 33, 33, 33, 33, 33, 33, 33, 33, 33, 33, 33, 33, 33, 33, 33, 33, 33, 33, 33, 33, 33, 33, 33, 33, 33, 33, 33, 33, 33, 33, 33, 33, 33, 33, 33, 33, 33, 33, 33, 33, 33, 33, 33, 33, 33, 33, 33, 33, 33, 33, 33, 33, 33, 33, 33, 33, 33, 33, 33, 33, 33, 33, 33, 33, 33, 33, 33, 33, 33, 33, 33, 33, 33, 33, 33, 33, 33, 33, 33, 33, 33, 33, 33, 33, 33, 33, 33, 33, 33, 33, 33, 33, 33, 33, 33, 33, 33, 33, 33, 33, 33, 33, 33, 33, 33, 33, 33, 33, 33, 33, 33, 33, 33, 33, 33, 33, 33, 33, 33, 33, 33, 33, 33, 33, 33, 33, 33, 33, 33, 33, 33, 33, 33, 33, 33, 33, 33, 33, 33, 33, 33, 33, 33, 33, 33, 33, 33, 33, 33, 33, 33, 33, 33, 33, 33, 33, 33, 33, 33, 33, 33, 33, 33, 33, 33, 33, 33, 33, 33, 33, 33, 33, 33, 33, 33, 33, 33, 33, 33, 33, 33, 33, 33, 33, 33, 33, 33, 33, 33, 33, 33, 33, 33, 33, 33, 33, 33, 33, 33, 33, 33, 33, 33, 33, 33, 33, 33, 33, 33, 33, 33, 33, 33, 33, 33, 33]",32.94444444444444,"[32.942460317460316, 32.9431216931217, 32.94312169312169, 32.94444444444445, 32.9510582010582, 32.95039682539683, 32.94444444444445, 32.94246031746032, 32.94047619047619, 32.945767195767196, 32.94775132275133, 32.9431216931217, 32.94378306878307, 32.945767195767196, 32.9484126984127, 32.94510582010582, 32.942460317460316, 32.94113756613756, 32.942460317460316, 32.942460317460316, 32.9431216931217, 32.94047619047619, 32.93783068783069, 32.94113756613756, 32.939153439153436, 32.945767195767196, 32.94642857142857, 32.94378306878307, 32.94378306878307, 32.94179894179894, 32.94113756613757, 32.942460317460316, 32.942460317460316, 32.94113756613757, 32.94510582010582, 32.94708994708995, 32.945767195767196, 32.94378306878307, 32.94113756613756, 32.93849206349206, 32.94047619047619, 32.939153439153436, 32.94047619047619, 32.94113756613756, 32.94113756613756, 32.94113756613757, 32.945767195767196, 32.945767195767196, 32.94510582010582, 32.945105820105816, 32.945105820105816, 32.945767195767196, 32.94179894179894, 32.94113756613756, 32.9431216931217, 32.939153439153436, 32.93716931216931, 32.94047619047619, 32.94047619047619, 32.939153439153436, 32.942460317460316, 32.9431216931217, 32.94113756613756, 32.93981481481482, 32.94047619047619, 32.94179894179894, 32.94113756613757, 32.94378306878307, 32.94444444444445, 32.945767195767196, 32.945767195767196, 32.945767195767196, 32.94378306878307, 32.94973544973545, 32.95304232804233, 32.951719576719576, 32.9510582010582, 32.95039682539682, 32.948412698412696, 32.95039682539682, 32.94708994708994, 32.949735449735456, 32.95039682539683, 32.95039682539683, 32.95039682539683, 32.94708994708995, 32.94378306878307, 32.942460317460316, 32.94444444444444, 32.94378306878307, 32.94708994708995, 32.9510582010582, 32.95039682539683, 32.9484126984127, 32.945767195767196, 32.94378306878307, 32.94179894179894, 32.94113756613757, 32.94378306878307, 32.94246031746032, 32.94708994708995, 32.94642857142857, 32.94444444444445, 32.94378306878307, 32.94378306878307, 32.94642857142857, 32.949074074074076, 32.94444444444444, 32.94444444444444, 32.945105820105816, 32.945767195767196, 32.93981481481482, 32.93981481481482, 32.94179894179894, 32.94113756613756, 32.94113756613757, 32.9431216931217, 32.9431216931217, 32.93981481481482, 32.94179894179894, 32.94179894179894, 32.94047619047619, 32.93981481481482, 32.93981481481482, 32.93981481481482, 32.93716931216932, 32.93915343915344, 32.93915343915344, 32.942460317460316, 32.942460317460316, 32.94312169312169, 32.94113756613757, 32.939153439153436, 32.93716931216932, 32.939153439153436, 32.93650793650794, 32.939153439153436, 32.94047619047619, 32.94510582010582, 32.945105820105816, 32.94312169312169, 32.94047619047619, 32.94113756613757, 32.94312169312169, 32.942460317460316, 32.94047619047619, 32.939153439153436, 32.93849206349206, 32.94113756613756, 32.94179894179894, 32.94113756613757, 32.939153439153436, 32.93981481481481, 32.93981481481482, 32.93716931216931, 32.93716931216931, 32.94047619047619, 32.94113756613756, 32.94312169312169, 32.94642857142857, 32.94510582010582, 32.94179894179894, 32.94113756613756, 32.942460317460316, 32.94113756613756, 32.94113756613756, 32.94179894179894, 32.9431216931217, 32.94179894179894, 32.94179894179894, 32.939153439153436, 32.93783068783069, 32.93650793650794, 32.93518518518519, 32.93650793650794, 32.93650793650794, 32.93716931216932, 32.93849206349206, 32.93783068783069, 32.94047619047619, 32.94179894179894, 32.93849206349206, 32.93849206349206, 32.93716931216931, 32.93716931216931, 32.93716931216931, 32.93981481481481, 32.941798941798936, 32.939153439153436, 32.94047619047619, 32.942460317460316, 32.93981481481482, 32.93783068783069, 32.94047619047619, 32.93915343915344, 32.94047619047619, 32.94047619047619, 32.94378306878307, 32.94378306878307, 32.94179894179894, 32.93849206349206, 32.93716931216931, 32.93981481481482, 32.94047619047619, 32.94113756613756, 32.9431216931217, 32.94378306878307, 32.94444444444444, 32.94510582010582, 32.94444444444444, 32.94312169312169, 32.94047619047619, 32.94047619047619, 32.94179894179894, 32.94312169312169, 32.942460317460316, 32.945767195767196, 32.94642857142857, 32.945105820105816, 32.948412698412696, 32.948412698412696, 32.94907407407407, 32.94576719576719, 32.94708994708994, 32.945105820105816, 32.94642857142857, 32.94642857142858, 32.94642857142858, 32.94510582010582, 32.9484126984127, 32.949074074074076, 32.94973544973545, 32.949074074074076, 32.949074074074076, 32.95039682539682, 32.95304232804233, 32.9510582010582, 32.94973544973545, 32.94973544973545, 32.949074074074076, 32.949074074074076, 32.94775132275132, 32.948412698412696, 32.948412698412696, 32.94642857142857, 32.94775132275132, 32.94907407407407, 32.94907407407407, 32.949074074074076, 32.948412698412696, 32.94642857142857, 32.94775132275132, 32.94642857142857, 32.94444444444444, 32.94708994708995, 32.95039682539683, 32.94973544973545, 32.94973544973545, 32.949074074074076, 32.9510582010582, 32.951719576719576, 32.951719576719576, 32.951719576719576, 32.951719576719576, 32.9510582010582, 32.951719576719576, 32.95304232804233, 32.95304232804233, 32.951719576719576, 32.94973544973545, 32.949074074074076, 32.94642857142857, 32.945767195767196, 32.94510582010582, 32.94510582010582, 32.94775132275132, 32.945767195767196, 32.94642857142857, 32.94775132275132, 32.949074074074076, 32.94708994708995, 32.94444444444445, 32.945767195767196, 32.94642857142857, 32.94444444444444, 32.945767195767196, 32.94444444444444, 32.94444444444444, 32.94378306878307, 32.942460317460316, 32.94179894179894, 32.94179894179894, 32.942460317460316, 32.94378306878307, 32.94378306878307, 32.94378306878307, 32.945767195767196, 32.94510582010582, 32.94444444444444, 32.94444444444444, 32.9431216931217, 32.94444444444444, 32.94510582010582, 32.94113756613756, 32.94047619047619, 32.93981481481482, 32.93915343915344, 32.93783068783069, 32.93981481481482, 32.94113756613757, 32.94047619047619, 32.939153439153436, 32.94113756613756, 32.942460317460316, 32.942460317460316, 32.9431216931217, 32.9431216931217, 32.945767195767196, 32.94708994708994, 32.94378306878307, 32.94444444444444, 32.945105820105816, 32.942460317460316, 32.942460317460316, 32.94708994708995, 32.945767195767196, 32.942460317460316, 32.93981481481482, 32.94179894179894, 32.94047619047619, 32.942460317460316, 32.94113756613756, 32.94179894179894, 32.94113756613757, 32.94113756613757, 32.942460317460316, 32.9431216931217, 32.94378306878307, 32.9431216931217, 32.94378306878307, 32.94444444444444, 32.94510582010582, 32.945767195767196, 32.94708994708995, 32.94708994708995, 32.949074074074076, 32.945767195767196, 32.9431216931217, 32.94246031746032, 32.94246031746032, 32.94378306878307, 32.945767195767196, 32.94775132275132, 32.9484126984127, 32.948412698412696, 32.945767195767196, 32.94775132275132, 32.94444444444444, 32.94113756613756, 32.9431216931217, 32.94444444444444, 32.9431216931217, 32.94510582010582, 32.94642857142857, 32.94510582010582, 32.94510582010582, 32.9431216931217, 32.94444444444445, 32.94510582010582, 32.94444444444444]",0.7444496734616369,0.7056459404104032,33,"[33, 33, 33, 33, 33, 33, 33, 33, 33, 33, 33, 33, 33, 33, 33, 33, 33, 33, 33, 33, 33, 33, 33, 33, 33, 33, 33, 33, 33, 33, 33, 33, 33, 33, 33, 33, 33, 33, 33, 33, 33, 33, 33, 33, 33, 33, 33, 33, 33, 33, 33, 33, 33, 33, 33, 33, 33, 33, 33, 33, 33, 33, 33, 33, 33, 33, 33, 33, 33, 33, 33, 33, 33, 33, 33, 33, 33, 33, 33, 33, 33, 33, 33, 33, 33, 33, 33, 33, 33, 33, 33, 33, 33, 33, 33, 33, 33, 33, 33, 33, 33, 33, 33, 33, 33, 33, 33, 33, 33, 33, 33, 33, 33, 33, 33, 33, 33, 33, 33, 33, 33, 33, 33, 33, 33, 33, 33, 33, 33, 33, 33, 33, 33, 33, 33, 33, 33, 33, 33, 33, 33, 33, 33, 33, 33, 33, 33, 33, 33, 33, 33, 33, 33, 33, 33, 33, 33, 33, 33, 33, 33, 33, 33, 33, 33, 33, 33, 33, 33, 33, 33, 33, 33, 33, 33, 33, 33, 33, 33, 33, 33, 33, 33, 33, 33, 33, 33, 33, 33, 33, 33, 33, 33, 33, 33, 33, 33, 33, 33, 33, 33, 33, 33, 33, 33, 33, 33, 33, 33, 33, 33, 33, 33, 33, 33, 33, 33, 33, 33, 33, 33, 33, 33, 33, 33, 33, 33, 33, 33, 33, 33, 33, 33, 33, 33, 33, 33, 33, 33, 33, 33, 33, 33, 33, 33, 33, 33, 33, 33, 33, 33, 33, 33, 33, 33, 33, 33, 33, 33, 33, 33, 33, 33, 33, 33, 33, 33, 33, 33, 33, 33, 33, 33, 33, 33, 33, 33, 33, 33, 33, 33, 33, 33, 33, 33, 33, 33, 33, 33, 33, 33, 33, 33, 33, 33, 33, 33, 33, 33, 33, 33, 33, 33, 33, 33, 33, 33, 33, 33, 33, 33, 33, 33, 33, 33, 33, 33, 33, 33, 33, 33, 33, 33, 33, 33, 33, 33, 33, 33, 33, 33, 33, 33, 33, 33, 33, 33, 33, 33, 33, 33, 33, 33, 33, 33, 33, 33, 33, 33, 33, 33, 33, 33, 33, 33, 33, 33, 33, 33, 33, 33, 33, 33, 33, 33, 33, 33, 33, 33, 33]",370,"[0.6787623763084412, 0.6580213904380798, 0.6389686465263367, 0.6215713024139404, 0.6055310368537903, 0.5908364653587341, 0.5773596167564392, 0.564859926700592, 0.5534486174583435, 0.5428586006164551, 0.5331636667251587, 0.5241957306861877, 0.5158768892288208, 0.5082418918609619, 0.501099705696106, 0.49448662996292114, 0.48840510845184326, 0.4827197194099426, 0.4774104952812195, 0.4724874496459961, 0.4679189622402191, 0.46363112330436707, 0.4596366882324219, 0.4558582305908203, 0.4523753225803375, 0.44908401370048523, 0.44602227210998535, 0.44314897060394287, 0.4404471218585968, 0.4379328489303589, 0.4355522394180298, 0.4333493411540985, 0.43120044469833374, 0.42919087409973145, 0.427311509847641, 0.4254932105541229, 0.4238291084766388, 0.42222845554351807, 0.4207407832145691, 0.4193214774131775, 0.4179576635360718, 0.4166894555091858, 0.415518581867218, 0.41436415910720825, 0.41328972578048706, 0.41223007440567017, 0.41123226284980774, 0.4102928936481476, 0.40938279032707214, 0.4085218012332916, 0.40771445631980896, 0.40694886445999146, 0.40618082880973816, 0.405448317527771, 0.4047393500804901, 0.40407004952430725, 0.4034251272678375, 0.4028255343437195, 0.4022561013698578, 0.4017144441604614, 0.40117141604423523, 0.4006420373916626, 0.40013396739959717, 0.39965271949768066, 0.39918842911720276, 0.3987560570240021, 0.3983360230922699, 0.3979243338108063, 0.39752116799354553, 0.3971281051635742, 0.39674538373947144, 0.39638030529022217, 0.3960181474685669, 0.395675390958786, 0.3953391909599304, 0.39501452445983887, 0.39469778537750244, 0.39440128207206726, 0.3941083252429962, 0.3938218057155609, 0.3935461938381195, 0.39327889680862427, 0.39301690459251404, 0.3927542567253113, 0.39250320196151733, 0.3922446370124817, 0.39201024174690247, 0.3917772173881531, 0.3915451765060425, 0.3913179337978363, 0.39109188318252563, 0.3908817768096924, 0.3906717002391815, 0.3904606103897095, 0.39025819301605225, 0.3900488317012787, 0.389853298664093, 0.38965582847595215, 0.38946664333343506, 0.3892824649810791, 0.38909971714019775, 0.38892078399658203, 0.38873806595802307, 0.38856375217437744, 0.38839852809906006, 0.38823646306991577, 0.3880675137042999, 0.38790562748908997, 0.3877464532852173, 0.3875872492790222, 0.38743385672569275, 0.3872772455215454, 0.38712796568870544, 0.3869846761226654, 0.3868417739868164, 0.3866950571537018, 0.38655146956443787, 0.3864094614982605, 0.3862689733505249, 0.3861319422721863, 0.38599318265914917, 0.385856032371521, 0.38572484254837036, 0.38559094071388245, 0.3854588568210602, 0.38532981276512146, 0.3851971924304962, 0.38507339358329773, 0.3849499523639679, 0.38482266664505005, 0.38470348715782166, 0.3845832347869873, 0.3844607174396515, 0.38434964418411255, 0.384226530790329, 0.3841058313846588, 0.38398826122283936, 0.38387253880500793, 0.3837640881538391, 0.38365164399147034, 0.38353902101516724, 0.38343143463134766, 0.38332003355026245, 0.38321077823638916, 0.38310688734054565, 0.38299760222435, 0.3828907907009125, 0.3827848434448242, 0.3826780617237091, 0.3825779855251312, 0.382472425699234, 0.3823768198490143, 0.3822764456272125, 0.38217541575431824, 0.38207852840423584, 0.38198116421699524, 0.3818821609020233, 0.3817823529243469, 0.38168567419052124, 0.38158783316612244, 0.38148951530456543, 0.3814009428024292, 0.3813090920448303, 0.38121655583381653, 0.3811226785182953, 0.3810286223888397, 0.3809376657009125, 0.3808436691761017, 0.38075241446495056, 0.3806624114513397, 0.3805687427520752, 0.3804745376110077, 0.3803890645503998, 0.38030076026916504, 0.38020968437194824, 0.38012051582336426, 0.38003072142601013, 0.3799455761909485, 0.37985894083976746, 0.3797733783721924, 0.37968504428863525, 0.37960052490234375, 0.37951594591140747, 0.3794313669204712, 0.3793505132198334, 0.37926924228668213, 0.37919116020202637, 0.3791084289550781, 0.3790320158004761, 0.37895309925079346, 0.3788747787475586, 0.37879619002342224, 0.3787170648574829, 0.3786346912384033, 0.3785540461540222, 0.3784756362438202, 0.37839749455451965, 0.37831997871398926, 0.3782438337802887, 0.37816765904426575, 0.3780931830406189, 0.3780180811882019, 0.37794506549835205, 0.37786865234375, 0.3777948319911957, 0.37772026658058167, 0.3776494860649109, 0.37757420539855957, 0.3774988651275635, 0.3774265944957733, 0.37735775113105774, 0.37728428840637207, 0.37721145153045654, 0.3771372139453888, 0.3770696520805359, 0.3769961893558502, 0.37692752480506897, 0.376857191324234, 0.37678512930870056, 0.3767146170139313, 0.3766455054283142, 0.37657421827316284, 0.37650471925735474, 0.3764374256134033, 0.3763701915740967, 0.376301109790802, 0.37623846530914307, 0.3761710822582245, 0.37610724568367004, 0.37604090571403503, 0.3759738504886627, 0.3759097754955292, 0.3758399188518524, 0.3757716417312622, 0.37570720911026, 0.37564268708229065, 0.37557750940322876, 0.3755152225494385, 0.3754507899284363, 0.3753902316093445, 0.37532734870910645, 0.37526774406433105, 0.3752089738845825, 0.3751474618911743, 0.37508442997932434, 0.3750234544277191, 0.3749641478061676, 0.3748987913131714, 0.37483546137809753, 0.3747742772102356, 0.3747107982635498, 0.3746500313282013, 0.3745838403701782, 0.37452325224876404, 0.37446337938308716, 0.37440434098243713, 0.3743497431278229, 0.37428757548332214, 0.3742257356643677, 0.37416934967041016, 0.3741087317466736, 0.3740489184856415, 0.37399253249168396, 0.37393486499786377, 0.3738779127597809, 0.37381893396377563, 0.37375977635383606, 0.3737015426158905, 0.3736446499824524, 0.37358683347702026, 0.3735290467739105, 0.37347498536109924, 0.37341856956481934, 0.37336528301239014, 0.3733106553554535, 0.37325549125671387, 0.3732013404369354, 0.37314534187316895, 0.3730904757976532, 0.373037189245224, 0.37298184633255005, 0.3729266822338104, 0.372869074344635, 0.3728153109550476, 0.37276405096054077, 0.37271130084991455, 0.3726562559604645, 0.37260496616363525, 0.3725516200065613, 0.37249821424484253, 0.37244290113449097, 0.372395396232605, 0.3723422586917877, 0.37228935956954956, 0.3722372055053711, 0.3721860647201538, 0.3721316456794739, 0.37208324670791626, 0.37203139066696167, 0.37197962403297424, 0.37192532420158386, 0.3718721866607666, 0.371820867061615, 0.371769517660141, 0.3717186748981476, 0.37166979908943176, 0.3716200590133667, 0.37157142162323, 0.3715261220932007, 0.3714766204357147, 0.371428519487381, 0.3713814914226532, 0.3713334798812866, 0.3712855279445648, 0.37123873829841614, 0.37119513750076294, 0.371145099401474, 0.37109488248825073, 0.37104809284210205, 0.3709966540336609, 0.37095028162002563, 0.37090182304382324, 0.3708546459674835, 0.37080660462379456, 0.37076225876808167, 0.3707156777381897, 0.37066879868507385, 0.37062281370162964, 0.37057486176490784, 0.37052443623542786, 0.3704755902290344, 0.37042751908302307, 0.37037986516952515, 0.3703327476978302, 0.3702867031097412, 0.37023913860321045, 0.37019479274749756, 0.3701474666595459, 0.3701019585132599, 0.3700554668903351, 0.3700094521045685, 0.3699634075164795, 0.36991965770721436, 0.3698744475841522, 0.36982521414756775, 0.3697798252105713, 0.36973437666893005, 0.36968743801116943, 0.36964112520217896, 0.36959603428840637, 0.36955320835113525, 0.3695066571235657, 0.36946427822113037, 0.3694242238998413, 0.3693816363811493, 0.3693385720252991, 0.3692978322505951, 0.3692539930343628, 0.36921119689941406, 0.369167685508728, 0.36912667751312256, 0.36908426880836487, 0.36903926730155945, 0.3689955472946167, 0.3689573407173157, 0.36891451478004456, 0.36887165904045105, 0.3688291311264038, 0.3687862455844879, 0.3687437176704407]",33.0,"[33.0, 33.0, 33.0, 33.0, 33.0, 33.0, 33.0, 33.0, 33.0, 33.0, 33.0, 33.0, 33.0, 33.0, 33.0, 33.0, 33.0, 33.0, 33.0, 33.0, 33.0, 33.0, 33.0, 33.0, 33.0, 33.0, 33.0, 33.0, 33.0, 33.0, 33.0, 33.0, 33.0, 33.0, 33.0, 33.0, 33.0, 33.0, 33.0, 33.0, 33.0, 33.0, 33.0, 33.0, 33.0, 33.0, 33.0, 33.0, 33.0, 33.0, 33.0, 33.0, 33.0, 33.0, 33.0, 33.0, 33.0, 33.0, 33.0, 33.0, 33.0, 33.0, 33.0, 33.0, 33.0, 33.0, 33.0, 33.0, 33.0, 33.0, 33.0, 33.0, 33.0, 33.0, 33.0, 33.0, 33.0, 33.0, 33.0, 33.0, 33.0, 33.0, 33.0, 33.0, 33.0, 33.0, 33.0, 33.0, 33.0, 33.0, 33.0, 33.0, 33.0, 33.0, 33.0, 33.0, 33.0, 33.0, 33.0, 33.0, 33.0, 33.0, 33.0, 33.0, 33.0, 33.0, 33.0, 33.0, 33.0, 33.0, 33.0, 33.0, 33.0, 33.0, 33.0, 33.0, 33.0, 33.0, 33.0, 33.0, 33.0, 33.0, 33.0, 33.0, 33.0, 33.0, 33.0, 33.0, 33.0, 33.0, 33.0, 33.0, 33.0, 33.0, 33.0, 33.0, 33.0, 33.0, 33.0, 33.0, 33.0, 33.0, 33.0, 33.0, 33.0, 33.0, 33.0, 33.0, 33.0, 33.0, 33.0, 33.0, 33.0, 33.0, 33.0, 33.0, 33.0, 33.0, 33.0, 33.0, 33.0, 33.0, 33.0, 33.0, 33.0, 33.0, 33.0, 33.0, 33.0, 33.0, 33.0, 33.0, 33.0, 33.0, 33.0, 33.0, 33.0, 33.0, 33.0, 33.0, 33.0, 33.0, 33.0, 33.0, 33.0, 33.0, 33.0, 33.0, 33.0, 33.0, 33.0, 33.0, 33.0, 33.0, 33.0, 33.0, 33.0, 33.0, 33.0, 33.0, 33.0, 33.0, 33.0, 33.0, 33.0, 33.0, 33.0, 33.0, 33.0, 33.0, 33.0, 33.0, 33.0, 33.0, 33.0, 33.0, 33.0, 33.0, 33.0, 33.0, 33.0, 33.0, 33.0, 33.0, 33.0, 33.0, 33.0, 33.0, 33.0, 33.0, 33.0, 33.0, 33.0, 33.0, 33.0, 33.0, 33.0, 33.0, 33.0, 33.0, 33.0, 33.0, 33.0, 33.0, 33.0, 33.0, 33.0, 33.0, 33.0, 33.0, 33.0, 33.0, 33.0, 33.0, 33.0, 33.0, 33.0, 33.0, 33.0, 33.0, 33.0, 33.0, 33.0, 33.0, 33.0, 33.0, 33.0, 33.0, 33.0, 33.0, 33.0, 33.0, 33.0, 33.0, 33.0, 33.0, 33.0, 33.0, 33.0, 33.0, 33.0, 33.0, 33.0, 33.0, 33.0, 33.0, 33.0, 33.0, 33.0, 33.0, 33.0, 33.0, 33.0, 33.0, 33.0, 33.0, 33.0, 33.0, 33.0, 33.0, 33.0, 33.0, 33.0, 33.0, 33.0, 33.0, 33.0, 33.0, 33.0, 33.0, 33.0, 33.0, 33.0, 33.0, 33.0, 33.0, 33.0, 33.0, 33.0, 33.0, 33.0, 33.0, 33.0, 33.0, 33.0, 33.0, 33.0, 33.0, 33.0, 33.0, 33.0, 33.0, 33.0, 33.0, 33.0, 33.0, 33.0, 33.0, 33.0, 33.0, 33.0, 33.0, 33.0, 33.0, 33.0, 33.0, 33.0, 33.0, 33.0, 33.0, 33.0, 33.0, 33.0, 33.0, 33.0, 33.0, 33.0, 33.0, 33.0, 33.0, 33.0, 33.0, 33.0, 33.0, 33.0, 33.0, 33.0, 33.0, 33.0, 33.0]",COMPLETE
