,number,value,datetime_start,datetime_complete,duration,params_batch_size_scaler,params_constant_learning_rate,params_depth,params_epochs,params_kernel_l2,params_num_trees,params_temperature,user_attrs_accuracy_test,user_attrs_accuracy_valid,user_attrs_approximate_feature_sparsity,user_attrs_approximate_feature_sparsity_history,user_attrs_approximate_weight_sparsity,user_attrs_approximate_weight_sparsity_history,user_attrs_auc_test,user_attrs_auc_valid,user_attrs_feature_sparsity,user_attrs_feature_sparsity_history,user_attrs_num_epochs,user_attrs_val_loss_history,user_attrs_weight_sparsity,user_attrs_weight_sparsity_history,state
44,44,0.8401282992618928,2024-08-31 02:06:49.963028,2024-08-31 02:08:17.947715,0 days 00:01:27.984687,4,0.3302093134806475,3,75,0.039792117129568524,61,0.026059011250425267,0.899,0.89375,6,"[33, 18, 8, 7, 7, 7, 7, 7, 7, 6, 6, 6, 6, 6, 6, 6, 6, 6, 6, 6, 6, 6, 6, 6, 6, 6, 6, 6, 6, 6, 6, 6, 6, 6, 6, 6, 6, 6, 6, 6, 6, 6, 6, 6, 6, 6, 6, 6, 6, 6, 6, 6, 6, 6, 6, 6, 6, 6, 6, 6, 6, 6, 6, 6, 6, 6, 6, 6, 6, 6, 6, 6, 6, 6, 6]",5.9929742388758775,"[32.969555035128806, 17.988290398126463, 7.995316159250585, 7.0, 6.9976580796252925, 6.995316159250585, 6.9976580796252925, 6.9929742388758775, 6.988290398126464, 5.9929742388758775, 5.9976580796252925, 5.990632318501171, 6.0, 5.99063231850117, 5.990632318501171, 5.9976580796252925, 5.995316159250585, 5.995316159250585, 5.9976580796252925, 5.995316159250585, 5.995316159250585, 5.995316159250585, 5.995316159250585, 5.9976580796252925, 5.99063231850117, 5.9976580796252925, 6.0, 5.995316159250585, 5.995316159250585, 5.990632318501171, 6.0, 6.0, 6.0, 5.9976580796252925, 5.995316159250585, 5.995316159250585, 5.995316159250585, 5.9929742388758775, 5.9976580796252925, 5.995316159250585, 5.9976580796252925, 5.9929742388758775, 5.9929742388758775, 5.9976580796252925, 6.0, 5.9976580796252925, 5.9976580796252925, 5.9929742388758775, 5.9976580796252925, 5.9976580796252925, 5.9929742388758775, 5.995316159250585, 5.995316159250585, 5.995316159250585, 5.9976580796252925, 5.9976580796252925, 5.985948477751757, 5.9882903981264635, 5.9976580796252925, 5.9976580796252925, 5.9976580796252925, 5.9976580796252925, 5.995316159250585, 5.9976580796252925, 5.9976580796252925, 5.9976580796252925, 6.0, 6.0, 5.988290398126464, 5.9929742388758775, 5.9929742388758775, 5.9976580796252925, 5.995316159250585, 5.995316159250585, 5.9929742388758775]",0.8471379387214226,0.8401282992618928,6,"[33, 18, 8, 7, 7, 7, 7, 7, 7, 6, 6, 6, 6, 6, 6, 6, 6, 6, 6, 6, 6, 6, 6, 6, 6, 6, 6, 6, 6, 6, 6, 6, 6, 6, 6, 6, 6, 6, 6, 6, 6, 6, 6, 6, 6, 6, 6, 6, 6, 6, 6, 6, 6, 6, 6, 6, 6, 6, 6, 6, 6, 6, 6, 6, 6, 6, 6, 6, 6, 6, 6, 6, 6, 6, 6]",75,"[0.3780909776687622, 0.36735716462135315, 0.3646286129951477, 0.36422058939933777, 0.3542770445346832, 0.35039210319519043, 0.3469342887401581, 0.3444015383720398, 0.3435124158859253, 0.3409852683544159, 0.33747047185897827, 0.33636605739593506, 0.33043891191482544, 0.3304014503955841, 0.3236231207847595, 0.32245391607284546, 0.3188928961753845, 0.3223952054977417, 0.31848227977752686, 0.31526392698287964, 0.320956826210022, 0.3119281530380249, 0.3099002242088318, 0.3151899576187134, 0.3083849251270294, 0.31461378931999207, 0.3122134506702423, 0.30577200651168823, 0.3057783246040344, 0.3113129436969757, 0.3049795627593994, 0.3032802939414978, 0.3035345673561096, 0.30100560188293457, 0.3072536587715149, 0.30083197355270386, 0.3026893436908722, 0.30322274565696716, 0.29803958535194397, 0.32044342160224915, 0.3071642220020294, 0.29749810695648193, 0.29823073744773865, 0.2973395586013794, 0.29599520564079285, 0.29764652252197266, 0.29754942655563354, 0.2960406243801117, 0.2978619635105133, 0.30551350116729736, 0.29425910115242004, 0.2939196825027466, 0.29646214842796326, 0.29958489537239075, 0.2945324778556824, 0.29366257786750793, 0.2940179109573364, 0.294607937335968, 0.2946033775806427, 0.29588237404823303, 0.293749064207077, 0.29336345195770264, 0.30129605531692505, 0.2925660312175751, 0.2924254536628723, 0.2980830669403076, 0.2923568785190582, 0.29946333169937134, 0.2950274348258972, 0.2918480336666107, 0.293232262134552, 0.29499512910842896, 0.2960907220840454, 0.29211926460266113, 0.2919728457927704]",6.0,"[33.0, 18.0, 8.0, 7.0, 7.0, 7.0, 7.0, 7.0, 7.0, 6.0, 6.0, 6.0, 6.0, 6.0, 6.0, 6.0, 6.0, 6.0, 6.0, 6.0, 6.0, 6.0, 6.0, 6.0, 6.0, 6.0, 6.0, 6.0, 6.0, 6.0, 6.0, 6.0, 6.0, 6.0, 6.0, 6.0, 6.0, 6.0, 6.0, 6.0, 6.0, 6.0, 6.0, 6.0, 6.0, 6.0, 6.0, 6.0, 6.0, 6.0, 6.0, 6.0, 6.0, 6.0, 6.0, 6.0, 6.0, 6.0, 6.0, 6.0, 6.0, 6.0, 6.0, 6.0, 6.0, 6.0, 6.0, 6.0, 6.0, 6.0, 6.0, 6.0, 6.0, 6.0, 6.0]",COMPLETE
45,45,0.7487086344372738,2024-08-31 02:08:17.956203,2024-08-31 02:09:30.960258,0 days 00:01:13.004055,64,0.09510407252730271,5,310,0.0011349591071253755,18,0.043901891962052575,0.882,0.8775,33,"[33, 33, 33, 33, 33, 33, 33, 33, 33, 33, 33, 33, 33, 33, 33, 33, 33, 33, 33, 33, 33, 33, 33, 33, 33, 33, 33, 33, 33, 33, 33, 33, 33, 33, 33, 33, 33, 33, 33, 33, 33, 33, 33, 33, 33, 33, 33, 33, 33, 33, 33, 33, 33, 33, 33, 33, 33, 33, 33, 33, 33, 33, 33, 33, 33, 33, 33, 33, 33, 33, 33, 33, 33, 33, 33, 33, 33, 33, 33, 33, 33, 33, 33, 33, 33, 33, 33, 33, 33, 33, 33, 33, 33, 33, 33, 33, 33, 33, 33, 33, 33, 33, 33, 33, 33, 33, 33, 33, 33, 33, 33, 33, 33, 33, 33, 33, 33, 33, 33, 33, 33, 33, 33, 33, 33, 33, 33, 33, 33, 33, 33, 33, 33, 33, 33, 33, 33, 33, 33, 33, 33, 33, 33, 33, 33, 33, 33, 33, 33, 33, 33, 33, 33, 33, 33, 33, 33, 33, 33, 33, 33, 33, 33, 33, 33, 33, 33, 33, 33, 33, 33, 33, 33, 33, 33, 33, 33, 33, 33, 33, 33, 33, 33, 33, 33, 33, 33, 33, 33, 33, 33, 33, 33, 33, 33, 33, 33, 33, 33, 33, 33, 33, 33, 33, 33, 33, 33, 33, 33, 33, 33, 33, 33, 33, 33, 33, 33, 33, 33, 33, 33, 33, 33, 33, 33, 33, 33, 33, 33, 33, 33, 33, 33, 33, 33, 33, 33, 33, 33, 33, 33, 33, 33, 33, 33, 33, 33, 33, 33, 33, 33, 33, 33, 33, 33, 33, 33, 33, 33, 33, 33, 33, 33, 33, 33, 33, 33, 33, 33, 33, 33, 33, 33, 33, 33, 33, 33, 33, 33, 33, 33, 33, 33, 33, 33, 33, 33, 33, 33, 33, 33, 33, 33, 33, 33, 33, 33, 33, 33, 33, 33, 33, 33, 33, 33, 33, 33, 33, 33, 33]",32.95698924731183,"[32.97491039426524, 32.97670250896057, 32.96057347670251, 32.95878136200717, 32.96057347670251, 32.96415770609319, 32.95519713261649, 32.96057347670251, 32.971326164874554, 32.96594982078853, 32.96953405017921, 32.96415770609319, 32.95878136200717, 32.96774193548387, 32.973118279569896, 32.98028673835125, 32.973118279569896, 32.95878136200717, 32.95878136200717, 32.97670250896057, 32.973118279569896, 32.96774193548387, 32.97311827956989, 32.97491039426523, 32.97670250896057, 32.96236559139785, 32.96415770609319, 32.96594982078853, 32.971326164874554, 32.96236559139785, 32.96057347670251, 32.95340501792115, 32.96415770609319, 32.95878136200717, 32.96057347670251, 32.96415770609319, 32.96057347670251, 32.96594982078853, 32.96953405017921, 32.96415770609319, 32.96236559139785, 32.96774193548387, 32.96774193548387, 32.96236559139785, 32.96415770609319, 32.96236559139785, 32.96415770609319, 32.95519713261649, 32.96236559139785, 32.96774193548387, 32.97311827956989, 32.96236559139785, 32.96236559139785, 32.96953405017921, 32.96953405017921, 32.97491039426524, 32.96953405017921, 32.96594982078853, 32.96953405017921, 32.971326164874554, 32.973118279569896, 32.96953405017921, 32.96774193548387, 32.95878136200717, 32.95519713261649, 32.95878136200717, 32.96594982078853, 32.96415770609319, 32.96236559139785, 32.96415770609319, 32.96236559139785, 32.969534050179206, 32.96415770609319, 32.95161290322581, 32.96236559139785, 32.96594982078853, 32.96953405017921, 32.958781362007166, 32.95519713261649, 32.95698924731183, 32.95519713261649, 32.96057347670251, 32.96057347670251, 32.973118279569896, 32.96594982078853, 32.96236559139785, 32.96594982078853, 32.97491039426524, 32.96774193548387, 32.96774193548387, 32.97491039426524, 32.971326164874554, 32.971326164874554, 32.96594982078853, 32.96236559139785, 32.96236559139785, 32.96774193548387, 32.958781362007166, 32.96236559139785, 32.96594982078853, 32.96774193548387, 32.96415770609319, 32.96415770609319, 32.95519713261649, 32.95878136200717, 32.956989247311824, 32.95878136200717, 32.958781362007166, 32.95340501792115, 32.95878136200717, 32.95340501792115, 32.948028673835125, 32.94444444444444, 32.94444444444444, 32.95161290322581, 32.95340501792115, 32.95161290322581, 32.96057347670251, 32.958781362007166, 32.956989247311824, 32.956989247311824, 32.95519713261649, 32.96236559139785, 32.962365591397855, 32.956989247311824, 32.96415770609319, 32.96236559139785, 32.96057347670251, 32.96236559139785, 32.96594982078853, 32.96594982078853, 32.96415770609319, 32.9641577060932, 32.95698924731183, 32.95878136200717, 32.960573476702514, 32.95519713261649, 32.95519713261649, 32.96415770609319, 32.96953405017921, 32.96415770609319, 32.96415770609319, 32.96415770609319, 32.958781362007166, 32.96236559139785, 32.971326164874554, 32.973118279569896, 32.96774193548387, 32.958781362007166, 32.96774193548387, 32.96594982078853, 32.96057347670251, 32.95519713261649, 32.95878136200717, 32.95878136200717, 32.96057347670251, 32.958781362007166, 32.96236559139785, 32.96415770609319, 32.96236559139785, 32.96415770609319, 32.96594982078853, 32.962365591397855, 32.96236559139785, 32.96057347670251, 32.96236559139785, 32.96594982078853, 32.96236559139785, 32.96594982078853, 32.96236559139785, 32.96415770609319, 32.96594982078853, 32.96774193548387, 32.971326164874554, 32.96415770609319, 32.96594982078853, 32.96594982078853, 32.96236559139785, 32.96236559139785, 32.95698924731183, 32.95340501792115, 32.962365591397855, 32.96774193548387, 32.97311827956989, 32.96594982078853, 32.96236559139785, 32.95698924731183, 32.95340501792115, 32.946236559139784, 32.95161290322581, 32.95161290322581, 32.946236559139784, 32.95519713261649, 32.95519713261648, 32.956989247311824, 32.958781362007166, 32.95698924731183, 32.96057347670251, 32.95878136200717, 32.95878136200717, 32.96057347670251, 32.96236559139785, 32.960573476702514, 32.96594982078853, 32.96415770609319, 32.96594982078853, 32.96415770609319, 32.96057347670251, 32.958781362007166, 32.95519713261648, 32.96236559139785, 32.96415770609319, 32.958781362007166, 32.95698924731183, 32.958781362007166, 32.96594982078853, 32.96774193548387, 32.958781362007166, 32.96594982078853, 32.96415770609319, 32.96774193548387, 32.96057347670251, 32.96236559139785, 32.96594982078853, 32.96594982078853, 32.96415770609319, 32.96057347670251, 32.96057347670251, 32.96594982078853, 32.96057347670251, 32.95878136200717, 32.96415770609319, 32.96057347670251, 32.96236559139785, 32.96594982078853, 32.96774193548387, 32.96953405017921, 32.96774193548387, 32.96774193548387, 32.97311827956989, 32.973118279569896, 32.97491039426524, 32.96953405017921, 32.96594982078853, 32.96774193548387, 32.96953405017921, 32.96774193548387, 32.96415770609319, 32.96594982078853, 32.96594982078853, 32.96774193548387, 32.96415770609319, 32.96236559139785, 32.960573476702514, 32.95878136200717, 32.962365591397855, 32.96594982078853, 32.96236559139785, 32.96594982078853, 32.96774193548387, 32.96953405017921, 32.971326164874554, 32.96594982078853, 32.96774193548387, 32.96236559139785, 32.960573476702514, 32.96415770609319, 32.95878136200717, 32.96415770609319, 32.96236559139785, 32.96057347670251, 32.96236559139785, 32.96415770609319, 32.96415770609319, 32.96236559139785, 32.962365591397855, 32.960573476702514, 32.95878136200717, 32.960573476702514, 32.960573476702514, 32.95698924731183, 32.95698924731183, 32.95340501792115, 32.948028673835125, 32.948028673835125, 32.94444444444444, 32.95519713261649, 32.948028673835125, 32.94444444444444, 32.94086021505377, 32.95340501792115, 32.95340501792115, 32.95340501792115, 32.95340501792115, 32.94982078853047, 32.95698924731183, 32.95519713261649, 32.95698924731183, 32.96594982078853, 32.96415770609319, 32.9641577060932, 32.96415770609319, 32.960573476702514, 32.95698924731183, 32.95878136200717, 32.96057347670251, 32.95878136200717, 32.95698924731183, 32.95340501792115, 32.95698924731183]",0.7794400548221171,0.7487086344372738,33,"[33, 33, 33, 33, 33, 33, 33, 33, 33, 33, 33, 33, 33, 33, 33, 33, 33, 33, 33, 33, 33, 33, 33, 33, 33, 33, 33, 33, 33, 33, 33, 33, 33, 33, 33, 33, 33, 33, 33, 33, 33, 33, 33, 33, 33, 33, 33, 33, 33, 33, 33, 33, 33, 33, 33, 33, 33, 33, 33, 33, 33, 33, 33, 33, 33, 33, 33, 33, 33, 33, 33, 33, 33, 33, 33, 33, 33, 33, 33, 33, 33, 33, 33, 33, 33, 33, 33, 33, 33, 33, 33, 33, 33, 33, 33, 33, 33, 33, 33, 33, 33, 33, 33, 33, 33, 33, 33, 33, 33, 33, 33, 33, 33, 33, 33, 33, 33, 33, 33, 33, 33, 33, 33, 33, 33, 33, 33, 33, 33, 33, 33, 33, 33, 33, 33, 33, 33, 33, 33, 33, 33, 33, 33, 33, 33, 33, 33, 33, 33, 33, 33, 33, 33, 33, 33, 33, 33, 33, 33, 33, 33, 33, 33, 33, 33, 33, 33, 33, 33, 33, 33, 33, 33, 33, 33, 33, 33, 33, 33, 33, 33, 33, 33, 33, 33, 33, 33, 33, 33, 33, 33, 33, 33, 33, 33, 33, 33, 33, 33, 33, 33, 33, 33, 33, 33, 33, 33, 33, 33, 33, 33, 33, 33, 33, 33, 33, 33, 33, 33, 33, 33, 33, 33, 33, 33, 33, 33, 33, 33, 33, 33, 33, 33, 33, 33, 33, 33, 33, 33, 33, 33, 33, 33, 33, 33, 33, 33, 33, 33, 33, 33, 33, 33, 33, 33, 33, 33, 33, 33, 33, 33, 33, 33, 33, 33, 33, 33, 33, 33, 33, 33, 33, 33, 33, 33, 33, 33, 33, 33, 33, 33, 33, 33, 33, 33, 33, 33, 33, 33, 33, 33, 33, 33, 33, 33, 33, 33, 33, 33, 33, 33, 33, 33, 33, 33, 33, 33, 33, 33, 33]",310,"[0.5400814414024353, 0.5097033381462097, 0.4853819012641907, 0.46781742572784424, 0.45398789644241333, 0.44238168001174927, 0.433633029460907, 0.4266080856323242, 0.42055433988571167, 0.4153265357017517, 0.4109930694103241, 0.4074908494949341, 0.40502557158470154, 0.4026336669921875, 0.4004601538181305, 0.39894524216651917, 0.39714476466178894, 0.39570894837379456, 0.39457833766937256, 0.3933604955673218, 0.39198172092437744, 0.3911575376987457, 0.3901904225349426, 0.3892880380153656, 0.3886752426624298, 0.38795337080955505, 0.38725966215133667, 0.3865833580493927, 0.38622504472732544, 0.38566112518310547, 0.38517847657203674, 0.3846427798271179, 0.3842761516571045, 0.38382473587989807, 0.3833787441253662, 0.3829658627510071, 0.38256970047950745, 0.38222187757492065, 0.38184642791748047, 0.3815307915210724, 0.381148099899292, 0.38080456852912903, 0.38040217757225037, 0.38011056184768677, 0.37978067994117737, 0.3795807659626007, 0.37921467423439026, 0.3790363669395447, 0.3787601590156555, 0.37849047780036926, 0.3781825006008148, 0.37791740894317627, 0.37759190797805786, 0.37729498744010925, 0.3770102262496948, 0.37672916054725647, 0.37659233808517456, 0.37635794281959534, 0.37608397006988525, 0.375863641500473, 0.37562769651412964, 0.37535855174064636, 0.3751835227012634, 0.37492406368255615, 0.3747166693210602, 0.3744637370109558, 0.3742528557777405, 0.3740432858467102, 0.3738480508327484, 0.37368664145469666, 0.3734357953071594, 0.37319621443748474, 0.37297484278678894, 0.3727293908596039, 0.3725660741329193, 0.37232154607772827, 0.372122198343277, 0.37189048528671265, 0.37168070673942566, 0.37143078446388245, 0.37126168608665466, 0.3710594177246094, 0.3708696663379669, 0.37066853046417236, 0.3705296218395233, 0.3703499138355255, 0.3701445758342743, 0.37001168727874756, 0.36975952982902527, 0.3696240484714508, 0.36949634552001953, 0.369357705116272, 0.3691483438014984, 0.3689095675945282, 0.3687320053577423, 0.36860454082489014, 0.3684259057044983, 0.36830878257751465, 0.3680722117424011, 0.36795127391815186, 0.36774182319641113, 0.36764976382255554, 0.367516428232193, 0.36738526821136475, 0.3672090172767639, 0.3670857548713684, 0.3669309914112091, 0.3667716681957245, 0.366582453250885, 0.3664172887802124, 0.3662410080432892, 0.3660995364189148, 0.36599045991897583, 0.3659091293811798, 0.3658289313316345, 0.3656638264656067, 0.36555421352386475, 0.3653416037559509, 0.3652624785900116, 0.36504849791526794, 0.36492615938186646, 0.36475226283073425, 0.3646210730075836, 0.364470899105072, 0.3643855154514313, 0.36427679657936096, 0.36414459347724915, 0.3640696406364441, 0.36391815543174744, 0.3637624979019165, 0.3636086583137512, 0.3634626269340515, 0.3633424639701843, 0.36324578523635864, 0.3630903661251068, 0.3629136383533478, 0.36277562379837036, 0.36266860365867615, 0.36254560947418213, 0.3624280095100403, 0.36227652430534363, 0.3621394634246826, 0.36207127571105957, 0.36197537183761597, 0.3619130849838257, 0.36181339621543884, 0.3617910146713257, 0.36165955662727356, 0.36162272095680237, 0.3614879250526428, 0.36132916808128357, 0.36115390062332153, 0.3610018789768219, 0.3608819246292114, 0.36074888706207275, 0.3606491982936859, 0.3604799509048462, 0.3603801429271698, 0.36020752787590027, 0.3600809574127197, 0.3599052131175995, 0.359732985496521, 0.3597067594528198, 0.359572172164917, 0.3595079183578491, 0.3593808710575104, 0.359242707490921, 0.359164834022522, 0.3590310215950012, 0.3588617444038391, 0.35875242948532104, 0.35861265659332275, 0.35846224427223206, 0.3583309054374695, 0.3582301437854767, 0.35805249214172363, 0.3579033315181732, 0.3577994406223297, 0.35764092206954956, 0.35752028226852417, 0.3574409782886505, 0.35732463002204895, 0.35714834928512573, 0.3570527136325836, 0.35695821046829224, 0.35677844285964966, 0.3566213846206665, 0.356530100107193, 0.3563399612903595, 0.3562394976615906, 0.35618335008621216, 0.3560326397418976, 0.35593181848526, 0.3557533919811249, 0.35558682680130005, 0.3555070161819458, 0.3553347885608673, 0.3551710844039917, 0.3550478219985962, 0.3548983633518219, 0.3547617197036743, 0.35455089807510376, 0.3544195294380188, 0.3543250560760498, 0.35414132475852966, 0.3539341390132904, 0.353850394487381, 0.3536776602268219, 0.3535548448562622, 0.35343143343925476, 0.35333016514778137, 0.35314738750457764, 0.3530562222003937, 0.35292139649391174, 0.3528243899345398, 0.35267817974090576, 0.3525574207305908, 0.35247108340263367, 0.352347731590271, 0.35219845175743103, 0.3520631492137909, 0.351911723613739, 0.35177844762802124, 0.3515978753566742, 0.35148924589157104, 0.3513888120651245, 0.35122963786125183, 0.35110414028167725, 0.35102689266204834, 0.3508806526660919, 0.3507956266403198, 0.3506908118724823, 0.35056811571121216, 0.3504885733127594, 0.35032570362091064, 0.35016071796417236, 0.35003194212913513, 0.34989121556282043, 0.34977325797080994, 0.34961822628974915, 0.34948867559432983, 0.34931090474128723, 0.34917980432510376, 0.3491061329841614, 0.34898221492767334, 0.34881535172462463, 0.3487416207790375, 0.3486246168613434, 0.348497211933136, 0.3484092950820923, 0.3481995463371277, 0.3480660617351532, 0.347929984331131, 0.3477724492549896, 0.34762078523635864, 0.3475314974784851, 0.34740161895751953, 0.34728243947029114, 0.3471207916736603, 0.3469664454460144, 0.34678423404693604, 0.3465513586997986, 0.34639281034469604, 0.34624844789505005, 0.34608885645866394, 0.34596672654151917, 0.3458217978477478, 0.3456689119338989, 0.3454653024673462, 0.3453774154186249, 0.3452613055706024, 0.3451266884803772, 0.3450363278388977, 0.34487220644950867, 0.3447445034980774, 0.3445962071418762, 0.3444506824016571, 0.34431517124176025, 0.34418267011642456, 0.344032883644104, 0.3438723683357239, 0.3436603844165802, 0.3435154855251312, 0.34329506754875183, 0.34319981932640076, 0.34309422969818115, 0.3429170846939087, 0.34277552366256714, 0.34260714054107666, 0.3424820601940155, 0.3423733413219452, 0.34230250120162964, 0.34222325682640076, 0.34205085039138794, 0.34190627932548523, 0.3417738080024719, 0.3415561020374298, 0.34146153926849365, 0.34124499559402466, 0.34111568331718445, 0.3410179913043976, 0.34088194370269775, 0.3407493829727173, 0.3406711220741272, 0.3404974043369293, 0.3403196632862091, 0.3402244448661804, 0.33998051285743713, 0.3398701548576355, 0.33972012996673584]",33.0,"[33.0, 33.0, 33.0, 33.0, 33.0, 33.0, 33.0, 33.0, 33.0, 33.0, 33.0, 33.0, 33.0, 33.0, 33.0, 33.0, 33.0, 33.0, 33.0, 33.0, 33.0, 33.0, 33.0, 33.0, 33.0, 33.0, 33.0, 33.0, 33.0, 33.0, 33.0, 33.0, 33.0, 33.0, 33.0, 33.0, 33.0, 33.0, 33.0, 33.0, 33.0, 33.0, 33.0, 33.0, 33.0, 33.0, 33.0, 33.0, 33.0, 33.0, 33.0, 33.0, 33.0, 33.0, 33.0, 33.0, 33.0, 33.0, 33.0, 33.0, 33.0, 33.0, 33.0, 33.0, 33.0, 33.0, 33.0, 33.0, 33.0, 33.0, 33.0, 33.0, 33.0, 33.0, 33.0, 33.0, 33.0, 33.0, 33.0, 33.0, 33.0, 33.0, 33.0, 33.0, 33.0, 33.0, 33.0, 33.0, 33.0, 33.0, 33.0, 33.0, 33.0, 33.0, 33.0, 33.0, 33.0, 33.0, 33.0, 33.0, 33.0, 33.0, 33.0, 33.0, 33.0, 33.0, 33.0, 33.0, 33.0, 33.0, 33.0, 33.0, 33.0, 33.0, 33.0, 33.0, 33.0, 33.0, 33.0, 33.0, 33.0, 33.0, 33.0, 33.0, 33.0, 33.0, 33.0, 33.0, 33.0, 33.0, 33.0, 33.0, 33.0, 33.0, 33.0, 33.0, 33.0, 33.0, 33.0, 33.0, 33.0, 33.0, 33.0, 33.0, 33.0, 33.0, 33.0, 33.0, 33.0, 33.0, 33.0, 33.0, 33.0, 33.0, 33.0, 33.0, 33.0, 33.0, 33.0, 33.0, 33.0, 33.0, 33.0, 33.0, 33.0, 33.0, 33.0, 33.0, 33.0, 33.0, 33.0, 33.0, 33.0, 33.0, 33.0, 33.0, 33.0, 33.0, 33.0, 33.0, 33.0, 33.0, 33.0, 33.0, 33.0, 33.0, 33.0, 33.0, 33.0, 33.0, 33.0, 33.0, 33.0, 33.0, 33.0, 33.0, 33.0, 33.0, 33.0, 33.0, 33.0, 33.0, 33.0, 33.0, 33.0, 33.0, 33.0, 33.0, 33.0, 33.0, 33.0, 33.0, 33.0, 33.0, 33.0, 33.0, 33.0, 33.0, 33.0, 33.0, 33.0, 33.0, 33.0, 33.0, 33.0, 33.0, 33.0, 33.0, 33.0, 33.0, 33.0, 33.0, 33.0, 33.0, 33.0, 33.0, 33.0, 33.0, 33.0, 33.0, 33.0, 33.0, 33.0, 33.0, 33.0, 33.0, 33.0, 33.0, 33.0, 33.0, 33.0, 33.0, 33.0, 33.0, 33.0, 33.0, 33.0, 33.0, 33.0, 33.0, 33.0, 33.0, 33.0, 33.0, 33.0, 33.0, 33.0, 33.0, 33.0, 33.0, 33.0, 33.0, 33.0, 33.0, 33.0, 33.0, 33.0, 33.0, 33.0, 33.0, 33.0, 33.0, 33.0, 33.0, 33.0, 33.0, 33.0, 33.0, 33.0, 33.0, 33.0, 33.0, 33.0, 33.0, 33.0, 33.0, 33.0, 33.0, 33.0, 33.0, 33.0, 33.0, 33.0, 33.0, 33.0, 33.0, 33.0, 33.0, 33.0, 33.0]",COMPLETE
