,number,value,datetime_start,datetime_complete,duration,params_batch_size_scaler,params_constant_learning_rate,params_depth,params_epochs,params_kernel_l2,params_num_trees,params_temperature,user_attrs_accuracy_test,user_attrs_accuracy_valid,user_attrs_approximate_feature_sparsity,user_attrs_approximate_feature_sparsity_history,user_attrs_approximate_weight_sparsity,user_attrs_approximate_weight_sparsity_history,user_attrs_auc_test,user_attrs_auc_valid,user_attrs_feature_sparsity,user_attrs_feature_sparsity_history,user_attrs_num_epochs,user_attrs_val_loss_history,user_attrs_weight_sparsity,user_attrs_weight_sparsity_history,state
117,117,0.8906879983511741,2024-08-31 06:44:04.644613,2024-08-31 06:46:53.291914,0 days 00:02:48.647301,1,0.6915430253771194,3,140,0.10977983756422618,73,0.0007748722470037903,0.905,0.90625,7,"[33, 33, 18, 16, 16, 14, 13, 13, 9, 8, 8, 8, 8, 8, 7, 7, 7, 7, 7, 7, 7, 7, 7, 7, 7, 7, 7, 7, 7, 7, 7, 7, 7, 7, 7, 7, 7, 7, 7, 7, 7, 7, 7, 7, 7, 7, 7, 7, 7, 7, 7, 7, 7, 7, 7, 7, 7, 7, 7, 7, 7, 7, 7, 7, 7, 7, 7, 7, 7, 7, 7, 7, 7, 7, 7, 7, 7, 7, 7, 7, 7, 7, 7, 7, 7, 7, 7, 7, 7, 7, 7, 7, 7, 7, 7, 7, 7, 7, 7, 7, 7, 7, 7, 7, 7, 7, 7, 7, 7, 7, 7, 7, 7, 7, 7, 7, 7, 7, 7, 7, 7, 7, 7, 7, 7, 7, 7, 7, 7, 7, 7, 7, 7, 7, 7, 7, 7, 7, 7, 7]",6.761252446183953,"[32.97260273972603, 32.956947162426616, 17.990215264187867, 15.986301369863014, 15.980430528375734, 13.990215264187867, 12.986301369863014, 12.990215264187867, 8.996086105675147, 7.992172211350294, 7.996086105675147, 7.992172211350294, 7.98238747553816, 7.99412915851272, 6.992172211350294, 6.990215264187867, 6.986301369863014, 6.986301369863014, 6.99412915851272, 6.992172211350294, 6.986301369863013, 6.986301369863014, 6.9804305283757335, 6.984344422700587, 6.988258317025441, 6.988258317025441, 6.974559686888454, 6.978473581213307, 6.9843444227005875, 6.986301369863014, 6.986301369863014, 6.978473581213307, 6.98825831702544, 6.9804305283757335, 6.98238747553816, 6.974559686888454, 6.992172211350294, 6.972602739726027, 6.98238747553816, 6.98238747553816, 6.972602739726027, 6.9628180039138945, 6.970645792563601, 6.9804305283757335, 6.972602739726027, 6.97651663405088, 6.964774951076321, 6.970645792563601, 6.966731898238748, 6.9628180039138945, 6.960861056751468, 6.951076320939334, 6.964774951076321, 6.972602739726027, 6.964774951076321, 6.9628180039138945, 6.972602739726027, 6.982387475538161, 6.958904109589041, 6.945205479452055, 6.964774951076321, 6.935420743639922, 6.9412915851272015, 6.925636007827789, 6.931506849315069, 6.937377690802348, 6.931506849315069, 6.921722113502935, 6.9412915851272015, 6.919765166340509, 6.9060665362035225, 6.929549902152642, 6.937377690802348, 6.923679060665362, 6.931506849315069, 6.931506849315069, 6.933463796477495, 6.902152641878669, 6.8669275929549904, 6.947162426614482, 6.882583170254403, 6.9275929549902155, 6.929549902152642, 6.933463796477495, 6.921722113502936, 6.919765166340509, 6.915851272015656, 6.915851272015656, 6.91389432485323, 6.925636007827789, 6.915851272015656, 6.91389432485323, 6.917808219178082, 6.911937377690803, 6.89041095890411, 6.915851272015656, 6.91389432485323, 6.904109589041096, 6.915851272015655, 6.902152641878669, 6.91389432485323, 6.929549902152642, 6.87279843444227, 6.894324853228963, 6.861056751467711, 6.933463796477495, 6.925636007827789, 6.915851272015656, 6.870841487279844, 6.917808219178083, 6.851272015655578, 6.8884540117416835, 6.896281800391389, 6.876712328767123, 6.87279843444227, 6.89628180039139, 6.880626223091976, 6.892367906066536, 6.90215264187867, 6.784735812133072, 6.89628180039139, 6.888454011741683, 6.87866927592955, 6.902152641878669, 6.8845401174168295, 6.888454011741684, 6.886497064579256, 6.87279843444227, 6.874755381604697, 6.87279843444227, 6.851272015655577, 6.547945205479452, 6.864970645792563, 6.86105675146771, 6.816046966731897, 6.818003913894325, 6.859099804305283, 6.853228962818004, 6.780821917808219, 6.761252446183953]",0.8853111402835229,0.8906879983511741,7,"[33, 33, 18, 16, 16, 14, 13, 13, 9, 8, 8, 8, 8, 8, 7, 7, 7, 7, 7, 7, 7, 7, 7, 7, 7, 7, 7, 7, 7, 7, 7, 7, 7, 7, 7, 7, 7, 7, 7, 7, 7, 7, 7, 7, 7, 7, 7, 7, 7, 7, 7, 7, 7, 7, 7, 7, 7, 7, 7, 7, 7, 7, 7, 7, 7, 7, 7, 7, 7, 7, 7, 7, 7, 7, 7, 7, 7, 7, 7, 7, 7, 7, 7, 7, 7, 7, 7, 7, 7, 7, 7, 7, 7, 7, 7, 7, 7, 7, 7, 7, 7, 7, 7, 7, 7, 7, 7, 7, 7, 7, 7, 7, 7, 7, 7, 7, 7, 7, 7, 7, 7, 7, 7, 7, 7, 7, 7, 7, 7, 7, 7, 7, 7, 7, 7, 7, 7, 7, 7, 7]",140,"[0.3469303548336029, 0.6701905727386475, 0.532317578792572, 0.26692214608192444, 0.2235267013311386, 0.23811113834381104, 0.2408207654953003, 0.23677211999893188, 0.40849852561950684, 0.42501601576805115, 0.3617255389690399, 0.4334993362426758, 0.321527361869812, 0.2378760129213333, 0.2501232624053955, 0.23845554888248444, 0.26008832454681396, 0.28008750081062317, 0.30784115195274353, 0.3148500919342041, 0.2224675565958023, 0.23190101981163025, 0.23171290755271912, 0.2342625856399536, 0.24857071042060852, 0.26984286308288574, 0.2784081697463989, 0.2736009955406189, 0.2999860644340515, 0.24407455325126648, 0.22906893491744995, 0.24590593576431274, 0.28891831636428833, 0.2896731495857239, 0.3052602708339691, 0.23374010622501373, 0.25678741931915283, 0.2524881362915039, 0.2548361122608185, 0.2742341160774231, 0.2268228381872177, 0.36374974250793457, 0.3490796685218811, 0.23990337550640106, 0.23922103643417358, 0.27565082907676697, 0.2508469820022583, 0.2358321249485016, 0.2520328462123871, 0.24760708212852478, 0.27858081459999084, 0.22901663184165955, 0.22845549881458282, 0.2256534993648529, 0.2266712188720703, 0.22849655151367188, 0.2878592610359192, 0.23719142377376556, 0.2288919985294342, 0.22433242201805115, 0.2924172878265381, 0.23966756463050842, 0.2685067057609558, 0.2390301674604416, 0.3031478822231293, 0.23677344620227814, 0.22240440547466278, 0.37970981001853943, 0.2485722154378891, 0.22280973196029663, 0.26687201857566833, 0.2230263650417328, 0.2189405858516693, 0.22529730200767517, 0.23692184686660767, 0.23842377960681915, 0.2325788289308548, 0.23567181825637817, 0.23633407056331635, 0.2478192299604416, 0.23603014647960663, 0.24821865558624268, 0.34358641505241394, 0.23311170935630798, 0.22229428589344025, 0.24661436676979065, 0.2697283625602722, 0.25766798853874207, 0.23350967466831207, 0.2383003681898117, 0.2514117360115051, 0.21941503882408142, 0.3099977672100067, 0.2491476684808731, 0.2838168442249298, 0.22498346865177155, 0.23300333321094513, 0.22997979819774628, 0.23521432280540466, 0.22882726788520813, 0.27837157249450684, 0.30169305205345154, 0.22740043699741364, 0.27268311381340027, 0.22936959564685822, 0.22327280044555664, 0.2224038690328598, 0.30901169776916504, 0.24358949065208435, 0.24301569163799286, 0.22311519086360931, 0.29410290718078613, 0.21876712143421173, 0.25377964973449707, 0.3134245276451111, 0.2309400588274002, 0.2293279469013214, 0.29901039600372314, 0.2715843915939331, 0.22644953429698944, 0.22176387906074524, 0.22387395799160004, 0.21924808621406555, 0.2432740330696106, 0.23811592161655426, 0.2405211478471756, 0.231972336769104, 0.22655725479125977, 0.26175254583358765, 0.24598924815654755, 0.22572627663612366, 0.259939968585968, 0.2711026072502136, 0.24240341782569885, 0.2577122449874878, 0.262744665145874, 0.22108595073223114, 0.22562912106513977, 0.24338243901729584, 0.23827341198921204]",7.0,"[33.0, 33.0, 18.0, 16.0, 16.0, 14.0, 13.0, 13.0, 9.0, 8.0, 8.0, 8.0, 8.0, 8.0, 7.0, 7.0, 7.0, 7.0, 7.0, 7.0, 7.0, 7.0, 7.0, 7.0, 7.0, 7.0, 7.0, 7.0, 7.0, 7.0, 7.0, 7.0, 7.0, 7.0, 7.0, 7.0, 7.0, 7.0, 7.0, 7.0, 7.0, 7.0, 7.0, 7.0, 7.0, 7.0, 7.0, 7.0, 7.0, 7.0, 7.0, 7.0, 7.0, 7.0, 7.0, 7.0, 7.0, 7.0, 7.0, 7.0, 7.0, 7.0, 7.0, 7.0, 7.0, 7.0, 7.0, 7.0, 7.0, 7.0, 7.0, 7.0, 7.0, 7.0, 7.0, 7.0, 7.0, 7.0, 7.0, 7.0, 7.0, 7.0, 7.0, 7.0, 7.0, 7.0, 7.0, 7.0, 7.0, 7.0, 7.0, 7.0, 7.0, 7.0, 7.0, 7.0, 7.0, 7.0, 7.0, 7.0, 7.0, 7.0, 7.0, 7.0, 7.0, 7.0, 7.0, 7.0, 7.0, 7.0, 7.0, 7.0, 7.0, 7.0, 7.0, 7.0, 7.0, 7.0, 7.0, 7.0, 7.0, 7.0, 7.0, 7.0, 7.0, 7.0, 7.0, 7.0, 7.0, 7.0, 7.0, 7.0, 7.0, 7.0, 7.0, 7.0, 7.0, 7.0, 7.0, 7.0]",COMPLETE
118,118,0.9321920366863753,2024-08-31 06:46:55.866181,2024-08-31 06:50:09.324233,0 days 00:03:13.458052,4,0.6027548315782999,5,245,0.11874670412326366,23,0.00016958742204639828,0.929,0.94,25,"[33, 33, 33, 33, 33, 33, 33, 33, 33, 33, 33, 33, 33, 33, 33, 33, 33, 33, 33, 33, 33, 33, 33, 33, 33, 33, 33, 33, 33, 33, 33, 33, 33, 32, 32, 32, 31, 31, 31, 31, 30, 29, 28, 28, 28, 28, 28, 28, 28, 28, 28, 28, 28, 27, 27, 27, 27, 27, 27, 26, 26, 26, 26, 26, 26, 26, 26, 26, 26, 26, 26, 26, 26, 26, 26, 26, 26, 26, 26, 26, 26, 26, 26, 26, 26, 26, 26, 26, 26, 26, 26, 26, 26, 26, 26, 26, 26, 26, 26, 26, 26, 26, 26, 26, 26, 26, 26, 26, 26, 26, 26, 26, 26, 26, 26, 26, 26, 26, 26, 26, 26, 26, 26, 26, 26, 26, 26, 26, 25, 25, 25, 25, 25, 25, 25, 25, 25, 25, 25, 25, 25, 25, 25, 25, 25, 25, 25, 25, 25, 25, 25, 25, 25, 25, 25, 25, 25, 25, 25, 25, 25, 25, 25, 25, 25, 25, 25, 25, 25, 25, 25, 25, 25, 25, 25, 25, 25, 25, 25, 25, 25, 25, 25, 25, 25, 25, 25, 25, 25, 25, 25, 25, 25, 25, 25, 25, 25, 25, 25, 25, 25, 25, 25, 25, 25, 25, 25, 25, 25, 25, 25, 25, 25, 25, 25, 25, 25, 25, 25, 25, 25, 25, 25, 25, 25, 25, 25, 25, 25, 25, 25, 25, 25, 25, 25, 25, 25, 25, 25, 25, 25, 25, 25, 25, 25]",24.83309957924264,"[32.974754558204765, 32.948106591865354, 32.96353436185133, 32.96914446002805, 32.96213183730715, 32.95792426367461, 32.97054698457223, 32.96493688639551, 32.96914446002805, 32.94950911640954, 32.96072931276297, 32.96353436185133, 32.97054698457223, 32.96914446002805, 32.964936886395506, 32.96353436185133, 32.96914446002805, 32.96072931276297, 32.96493688639551, 32.959326788218796, 32.96213183730715, 32.95652173913043, 32.94389901823282, 32.96072931276297, 32.94670406732118, 32.948106591865354, 32.941093969144454, 32.94670406732118, 32.94389901823282, 32.94950911640954, 32.95652173913044, 32.952314165497896, 32.952314165497896, 31.957924263674613, 31.945301542776996, 31.957924263674613, 30.96213183730715, 30.948106591865358, 30.96213183730715, 30.948106591865358, 29.955119214586254, 28.969144460028048, 27.955119214586254, 27.96633941093969, 27.952314165497896, 27.955119214586254, 27.956521739130434, 27.952314165497896, 27.949509116409537, 27.952314165497896, 27.959326788218792, 27.957924263674613, 27.959326788218792, 26.948106591865358, 26.945301542777, 26.949509116409537, 26.948106591865358, 26.949509116409537, 26.952314165497896, 25.950911640953716, 25.952314165497896, 25.953716690042075, 25.962131837307155, 25.953716690042075, 25.956521739130434, 25.96072931276297, 25.96353436185133, 25.957924263674617, 25.952314165497896, 25.945301542777, 25.957924263674613, 25.956521739130434, 25.94810659186536, 25.949509116409537, 25.931276297335202, 25.96213183730715, 25.946704067321175, 25.949509116409537, 25.94249649368864, 25.938288920056102, 25.929873772791023, 25.941093969144458, 25.94249649368864, 25.9382889200561, 25.955119214586254, 25.928471248246844, 25.945301542777, 25.941093969144458, 25.931276297335202, 25.94389901823282, 25.935483870967744, 25.931276297335202, 25.94389901823282, 25.950911640953716, 25.945301542777, 25.94109396914446, 25.9382889200561, 25.94249649368864, 25.928471248246844, 25.931276297335206, 25.927068723702664, 25.938288920056102, 25.94109396914446, 25.94670406732118, 25.942496493688637, 25.921458625525947, 25.921458625525947, 25.924263674614306, 25.9382889200561, 25.925666199158485, 25.920056100981768, 25.91304347826087, 25.931276297335202, 25.908835904628333, 25.91444600280505, 25.911640953716688, 25.914446002805047, 25.913043478260867, 25.928471248246844, 25.931276297335202, 25.920056100981768, 25.924263674614306, 25.92145862552595, 25.91725105189341, 25.913043478260867, 25.91164095371669, 25.91023842917251, 25.900420757363253, 24.921458625525947, 24.931276297335202, 24.91865357643759, 24.91865357643759, 24.911640953716688, 24.900420757363253, 24.91164095371669, 24.921458625525947, 24.910238429172512, 24.90603085553997, 24.90603085553997, 24.91164095371669, 24.928471248246844, 24.921458625525947, 24.918653576437585, 24.927068723702664, 24.920056100981768, 24.920056100981768, 24.928471248246844, 24.90603085553997, 24.90462833099579, 24.920056100981768, 24.929873772791026, 24.925666199158485, 24.929873772791023, 24.910238429172512, 24.925666199158485, 24.922861150070126, 24.914446002805047, 24.91444600280505, 24.91304347826087, 24.920056100981768, 24.91304347826087, 24.907433380084154, 24.91444600280505, 24.91865357643759, 24.91584852734923, 24.91725105189341, 24.90042075736325, 24.907433380084154, 24.907433380084154, 24.908835904628333, 24.900420757363253, 24.894810659186536, 24.908835904628333, 24.91304347826087, 24.894810659186536, 24.896213183730715, 24.906030855539974, 24.91164095371669, 24.920056100981768, 24.91725105189341, 24.91444600280505, 24.910238429172512, 24.91023842917251, 24.904628330995795, 24.89481065918654, 24.91444600280505, 24.93267882187938, 24.910238429172512, 24.91444600280505, 24.91444600280505, 24.903225806451616, 24.890603085553998, 24.887798036465636, 24.890603085553998, 24.900420757363253, 24.889200561009822, 24.890603085553998, 24.88920056100982, 24.8976157082749, 24.866760168302946, 24.870967741935484, 24.892005610098177, 24.87938288920056, 24.894810659186536, 24.882187938288922, 24.87237026647966, 24.868162692847125, 24.8835904628331, 24.8835904628331, 24.88078541374474, 24.877980364656384, 24.863955119214584, 24.87938288920056, 24.873772791023843, 24.869565217391305, 24.862552594670408, 24.866760168302946, 24.866760168302946, 24.85273492286115, 24.86255259467041, 24.854137447405332, 24.872370266479663, 24.862552594670408, 24.849929873772794, 24.85273492286115, 24.866760168302946, 24.866760168302946, 24.863955119214587, 24.85553997194951, 24.85694249649369, 24.863955119214584, 24.852734922861153, 24.845722300140253, 24.855539971949508, 24.85694249649369, 24.847124824684432, 24.844319775596073, 24.845722300140253, 24.854137447405332, 24.84992987377279, 24.83169705469846, 24.830294530154276, 24.835904628330997, 24.826086956521735, 24.83309957924264]",0.9149761804506311,0.9321920366863753,25,"[33, 33, 33, 33, 33, 33, 33, 33, 33, 33, 33, 33, 33, 33, 33, 33, 33, 33, 33, 33, 33, 33, 33, 33, 33, 33, 33, 33, 33, 33, 33, 33, 33, 32, 32, 32, 31, 31, 31, 31, 30, 29, 28, 28, 28, 28, 28, 28, 28, 28, 28, 28, 28, 27, 27, 27, 27, 27, 27, 26, 26, 26, 26, 26, 26, 26, 26, 26, 26, 26, 26, 26, 26, 26, 26, 26, 26, 26, 26, 26, 26, 26, 26, 26, 26, 26, 26, 26, 26, 26, 26, 26, 26, 26, 26, 26, 26, 26, 26, 26, 26, 26, 26, 26, 26, 26, 26, 26, 26, 26, 26, 26, 26, 26, 26, 26, 26, 26, 26, 26, 26, 26, 26, 26, 26, 26, 26, 26, 25, 25, 25, 25, 25, 25, 25, 25, 25, 25, 25, 25, 25, 25, 25, 25, 25, 25, 25, 25, 25, 25, 25, 25, 25, 25, 25, 25, 25, 25, 25, 25, 25, 25, 25, 25, 25, 25, 25, 25, 25, 25, 25, 25, 25, 25, 25, 25, 25, 25, 25, 25, 25, 25, 25, 25, 25, 25, 25, 25, 25, 25, 25, 25, 25, 25, 25, 25, 25, 25, 25, 25, 25, 25, 25, 25, 25, 25, 25, 25, 25, 25, 25, 25, 25, 25, 25, 25, 25, 25, 25, 25, 25, 25, 25, 25, 25, 25, 25, 25, 25, 25, 25, 25, 25, 25, 25, 25, 25, 25, 25, 25, 25, 25, 25, 25, 25]",245,"[0.3835598826408386, 0.37344592809677124, 0.36264586448669434, 0.3542332053184509, 0.34455785155296326, 0.33446982502937317, 0.3232015371322632, 0.31310346722602844, 0.3010517954826355, 0.2926063537597656, 0.28284063935279846, 0.2771426737308502, 0.2693914473056793, 0.26584136486053467, 0.26063406467437744, 0.2555881440639496, 0.2526405453681946, 0.2464907318353653, 0.24384111166000366, 0.23975567519664764, 0.23611260950565338, 0.23330558836460114, 0.22899839282035828, 0.22725056111812592, 0.22295159101486206, 0.22527483105659485, 0.2215883880853653, 0.22283867001533508, 0.22624321281909943, 0.2130182981491089, 0.21393853425979614, 0.21443644165992737, 0.2139578014612198, 0.21209432184696198, 0.2083500325679779, 0.2094740867614746, 0.20939520001411438, 0.20761741697788239, 0.20471014082431793, 0.20270121097564697, 0.20717847347259521, 0.20842309296131134, 0.20910502970218658, 0.21307533979415894, 0.20730313658714294, 0.20512619614601135, 0.20127972960472107, 0.20340952277183533, 0.20815370976924896, 0.20105890929698944, 0.20018059015274048, 0.1995367407798767, 0.19834144413471222, 0.20153209567070007, 0.19683785736560822, 0.193227618932724, 0.19859102368354797, 0.19619940221309662, 0.19985218346118927, 0.19725997745990753, 0.1980327069759369, 0.192398339509964, 0.19342783093452454, 0.19201621413230896, 0.18989822268486023, 0.19154874980449677, 0.1978067010641098, 0.19708597660064697, 0.19830487668514252, 0.20098555088043213, 0.19638141989707947, 0.19429472088813782, 0.19976165890693665, 0.19992053508758545, 0.18927200138568878, 0.1969308704137802, 0.19302944839000702, 0.19358347356319427, 0.19246545433998108, 0.19378668069839478, 0.2006985992193222, 0.19315728545188904, 0.19252781569957733, 0.19980400800704956, 0.19870582222938538, 0.20304954051971436, 0.1916699856519699, 0.19479629397392273, 0.1973264515399933, 0.1946333944797516, 0.19867700338363647, 0.19471408426761627, 0.1991126984357834, 0.19473159313201904, 0.19663600623607635, 0.19291631877422333, 0.1946144551038742, 0.19590845704078674, 0.20376212894916534, 0.19555096328258514, 0.19262565672397614, 0.20012901723384857, 0.19917412102222443, 0.19408006966114044, 0.19829368591308594, 0.19724729657173157, 0.19422093033790588, 0.1990848332643509, 0.19084618985652924, 0.19297853112220764, 0.20221498608589172, 0.19344399869441986, 0.19691713154315948, 0.19173899292945862, 0.19935955107212067, 0.19735722243785858, 0.19238770008087158, 0.20744240283966064, 0.19317342340946198, 0.20285944640636444, 0.19321827590465546, 0.19823454320430756, 0.20132839679718018, 0.19955426454544067, 0.19802160561084747, 0.19756431877613068, 0.19471345841884613, 0.20401640236377716, 0.19230030477046967, 0.20489196479320526, 0.20079465210437775, 0.1999843567609787, 0.20229488611221313, 0.19917815923690796, 0.2075384557247162, 0.20148244500160217, 0.19777588546276093, 0.20672117173671722, 0.21084411442279816, 0.1982222944498062, 0.20810168981552124, 0.19836723804473877, 0.20187702775001526, 0.20514026284217834, 0.20478719472885132, 0.20640259981155396, 0.21146290004253387, 0.1967351734638214, 0.1978979855775833, 0.20742923021316528, 0.21887043118476868, 0.2076091766357422, 0.20853929221630096, 0.20704969763755798, 0.20336955785751343, 0.20361019670963287, 0.2112869769334793, 0.21023425459861755, 0.20662637054920197, 0.21275007724761963, 0.20995843410491943, 0.20345714688301086, 0.2011938840150833, 0.21360160410404205, 0.2036045491695404, 0.20744071900844574, 0.20777082443237305, 0.21102632582187653, 0.21877872943878174, 0.21074922382831573, 0.21026620268821716, 0.2159520983695984, 0.2192952036857605, 0.21376235783100128, 0.21267729997634888, 0.21134907007217407, 0.21829934418201447, 0.20922322571277618, 0.21010002493858337, 0.22155095636844635, 0.21644482016563416, 0.21055911481380463, 0.22857584059238434, 0.21172510087490082, 0.21565094590187073, 0.21972553431987762, 0.2121259719133377, 0.2229444533586502, 0.21359743177890778, 0.22007499635219574, 0.22014296054840088, 0.21533814072608948, 0.21592175960540771, 0.213299959897995, 0.224699929356575, 0.21520811319351196, 0.22184793651103973, 0.21212579309940338, 0.22480949759483337, 0.22595062851905823, 0.21888069808483124, 0.22654655575752258, 0.21790100634098053, 0.21430562436580658, 0.223113015294075, 0.22092372179031372, 0.2308027595281601, 0.22716695070266724, 0.22016403079032898, 0.23029892146587372, 0.223968967795372, 0.22380384802818298, 0.22203655540943146, 0.23047026991844177, 0.2264617532491684, 0.22633741796016693, 0.220930278301239, 0.22247149050235748, 0.22677375376224518, 0.22783885896205902, 0.23247836530208588, 0.21829216182231903, 0.2186228185892105, 0.22527700662612915, 0.22276675701141357, 0.23090152442455292, 0.23171104490756989, 0.23489436507225037, 0.23192250728607178, 0.2301115244626999, 0.22722099721431732, 0.23070919513702393, 0.24753093719482422, 0.23388022184371948, 0.22886642813682556, 0.22824837267398834, 0.23345188796520233, 0.2320859134197235, 0.23011159896850586, 0.2260810285806656, 0.23327821493148804, 0.22841548919677734, 0.23797497153282166, 0.231310173869133, 0.23970869183540344]",25.0,"[33.0, 33.0, 33.0, 33.0, 33.0, 33.0, 33.0, 33.0, 33.0, 33.0, 33.0, 33.0, 33.0, 33.0, 33.0, 33.0, 33.0, 33.0, 33.0, 33.0, 33.0, 33.0, 33.0, 33.0, 33.0, 33.0, 33.0, 33.0, 33.0, 33.0, 33.0, 33.0, 33.0, 32.0, 32.0, 32.0, 31.0, 31.0, 31.0, 31.0, 30.0, 29.0, 28.0, 28.0, 28.0, 28.0, 28.0, 28.0, 28.0, 28.0, 28.0, 28.0, 28.0, 27.0, 27.0, 27.0, 27.0, 27.0, 27.0, 26.0, 26.0, 26.0, 26.0, 26.0, 26.0, 26.0, 26.0, 26.0, 26.0, 26.0, 26.0, 26.0, 26.0, 26.0, 26.0, 26.0, 26.0, 26.0, 26.0, 26.0, 26.0, 26.0, 26.0, 26.0, 26.0, 26.0, 26.0, 26.0, 26.0, 26.0, 26.0, 26.0, 26.0, 26.0, 26.0, 26.0, 26.0, 26.0, 26.0, 26.0, 26.0, 26.0, 26.0, 26.0, 26.0, 26.0, 26.0, 26.0, 26.0, 26.0, 26.0, 26.0, 26.0, 26.0, 26.0, 26.0, 26.0, 26.0, 26.0, 26.0, 26.0, 26.0, 26.0, 26.0, 26.0, 26.0, 26.0, 26.0, 25.0, 25.0, 25.0, 25.0, 25.0, 25.0, 25.0, 25.0, 25.0, 25.0, 25.0, 25.0, 25.0, 25.0, 25.0, 25.0, 25.0, 25.0, 25.0, 25.0, 25.0, 25.0, 25.0, 25.0, 25.0, 25.0, 25.0, 25.0, 25.0, 25.0, 25.0, 25.0, 25.0, 25.0, 25.0, 25.0, 25.0, 25.0, 25.0, 25.0, 25.0, 25.0, 25.0, 25.0, 25.0, 25.0, 25.0, 25.0, 25.0, 25.0, 25.0, 25.0, 25.0, 25.0, 25.0, 25.0, 25.0, 25.0, 25.0, 25.0, 25.0, 25.0, 25.0, 25.0, 25.0, 25.0, 25.0, 25.0, 25.0, 25.0, 25.0, 25.0, 25.0, 25.0, 25.0, 25.0, 25.0, 25.0, 25.0, 25.0, 25.0, 25.0, 25.0, 25.0, 25.0, 25.0, 25.0, 25.0, 25.0, 25.0, 25.0, 25.0, 25.0, 25.0, 25.0, 25.0, 25.0, 25.0, 25.0, 25.0, 25.0, 25.0, 25.0, 25.0, 25.0, 25.0, 25.0, 25.0, 25.0, 25.0, 25.0, 25.0, 25.0, 25.0, 25.0, 25.0, 25.0]",COMPLETE
