,number,value,datetime_start,datetime_complete,duration,params_batch_size_scaler,params_constant_learning_rate,params_depth,params_epochs,params_kernel_l2,params_num_trees,params_temperature,user_attrs_accuracy_test,user_attrs_accuracy_valid,user_attrs_approximate_feature_sparsity,user_attrs_approximate_feature_sparsity_history,user_attrs_approximate_weight_sparsity,user_attrs_approximate_weight_sparsity_history,user_attrs_auc_test,user_attrs_auc_valid,user_attrs_feature_sparsity,user_attrs_feature_sparsity_history,user_attrs_num_epochs,user_attrs_val_loss_history,user_attrs_weight_sparsity,user_attrs_weight_sparsity_history,state
83,83,0.5,2024-08-31 04:50:15.316957,2024-08-31 04:51:02.686446,0 days 00:00:47.369489,16,0.9105864283800902,3,385,0.47306931066467445,78,0.0002581701579749779,0.859,0.85875,0,"[33, 33, 33, 33, 33, 33, 33, 33, 33, 33, 33, 33, 33, 33, 33, 33, 33, 33, 33, 33, 33, 33, 33, 33, 33, 33, 33, 33, 33, 30, 28, 23, 21, 20, 20, 19, 18, 16, 16, 16, 16, 16, 16, 16, 16, 16, 16, 16, 16, 16, 15, 15, 15, 15, 15, 15, 15, 15, 15, 15, 15, 15, 15, 15, 12, 11, 10, 9, 8, 8, 8, 8, 8, 8, 8, 8, 8, 8, 8, 8, 8, 8, 8, 8, 8, 8, 8, 7, 7, 7, 7, 7, 7, 7, 7, 7, 7, 7, 7, 7, 7, 7, 7, 7, 7, 7, 7, 7, 7, 7, 7, 7, 7, 7, 7, 7, 7, 7, 7, 7, 7, 7, 7, 7, 6, 6, 6, 5, 5, 5, 5, 5, 5, 5, 5, 5, 5, 5, 5, 5, 5, 5, 4, 4, 4, 4, 4, 2, 2, 2, 2, 2, 2, 2, 2, 2, 2, 2, 2, 1, 1, 1, 1, 1, 0, 0, 0, 0, 0, 0, 0, 0, 0, 0, 0, 0, 0, 0, 0, 0, 0, 0, 0, 0, 0, 0, 0, 0, 0, 0, 0, 0, 0, 0, 0, 0, 0, 0, 0, 0, 0, 0, 0, 0, 0, 0, 0, 0, 0, 0, 0, 0, 0, 0, 0, 0, 0, 0, 0, 0, 0, 0, 0, 0, 0, 0, 0, 0, 0, 0, 0, 0, 0, 0, 0, 0, 0, 0, 0, 0, 0, 0, 0, 0, 0, 0, 0, 0, 0, 0, 0, 0, 0, 0, 0, 0, 0, 0, 0, 0, 0, 0, 0, 0, 0, 0, 0, 0, 0, 0, 0, 0, 0, 0, 0, 0, 0, 0, 0, 0, 0, 0, 0, 0, 0, 0, 0, 0, 0, 0, 0, 0, 0, 0, 0, 0, 0, 0, 0, 0, 0, 0, 0, 0, 0, 0, 0, 0, 0, 0, 0, 0, 0, 0, 0, 0, 0, 0, 0, 0, 0, 0, 0, 0, 0, 0, 0, 0, 0, 0, 0, 0, 0, 0, 0, 0, 0, 0, 0, 0, 0, 0, 0, 0, 0, 0, 0, 0, 0, 0, 0, 0, 0, 0, 0, 0, 0, 0, 0, 0, 0, 0, 0, 0, 0, 0, 0, 0, 0, 0, 0, 0, 0, 0, 0, 0, 0, 0, 0, 0, 0, 0, 0, 0, 0]",0.0,"[32.97069597069597, 32.95787545787546, 32.96520146520147, 32.96336996336996, 32.972527472527474, 32.96886446886447, 32.97435897435898, 32.96886446886447, 32.959706959706956, 32.95421245421245, 32.96886446886447, 32.95421245421245, 32.95238095238095, 32.96520146520147, 32.95054945054945, 32.95787545787546, 32.97069597069597, 32.96153846153846, 32.95238095238095, 32.96886446886447, 32.95787545787546, 32.96520146520147, 32.96336996336996, 32.956043956043956, 32.96520146520147, 32.943223443223445, 32.952380952380956, 32.94139194139194, 32.94871794871795, 29.968864468864467, 27.972527472527474, 22.967032967032967, 20.965201465201464, 19.97435897435897, 19.965201465201467, 18.968864468864467, 17.978021978021978, 15.972527472527473, 15.972527472527473, 15.968864468864469, 15.95970695970696, 15.952380952380953, 15.948717948717949, 15.965201465201465, 15.95970695970696, 15.963369963369964, 15.956043956043956, 15.965201465201465, 15.967032967032967, 15.952380952380953, 14.963369963369964, 14.965201465201465, 14.961538461538462, 14.961538461538462, 14.95970695970696, 14.968864468864469, 14.961538461538462, 14.965201465201465, 14.957875457875458, 14.968864468864469, 14.968864468864469, 14.965201465201465, 14.95970695970696, 14.961538461538462, 11.972527472527473, 10.981684981684982, 9.963369963369964, 8.974358974358974, 7.983516483516484, 7.97985347985348, 7.9743589743589745, 7.978021978021978, 7.985347985347985, 7.985347985347985, 7.978021978021978, 7.9743589743589745, 7.987179487179487, 7.97985347985348, 7.983516483516484, 7.981684981684982, 7.976190476190476, 7.967032967032967, 7.972527472527473, 7.9743589743589745, 7.978021978021978, 7.9743589743589745, 7.985347985347985, 6.983516483516484, 6.978021978021978, 6.978021978021978, 6.983516483516484, 6.987179487179487, 6.992673992673993, 6.981684981684982, 6.983516483516484, 6.97985347985348, 6.976190476190476, 6.976190476190476, 6.981684981684982, 6.978021978021978, 6.970695970695971, 6.95970695970696, 6.970695970695971, 6.987179487179487, 6.97985347985348, 6.972527472527473, 6.9633699633699635, 6.970695970695971, 6.981684981684982, 6.97985347985348, 6.9743589743589745, 6.985347985347985, 6.981684981684982, 6.965201465201465, 6.972527472527473, 6.9743589743589745, 6.965201465201465, 6.970695970695971, 6.976190476190476, 6.9743589743589745, 6.970695970695971, 6.97985347985348, 6.976190476190476, 6.965201465201465, 5.987179487179487, 5.978021978021978, 5.978021978021978, 4.972527472527473, 4.97985347985348, 4.981684981684982, 4.97985347985348, 4.983516483516484, 4.976190476190476, 4.978021978021978, 4.981684981684982, 4.981684981684982, 4.972527472527473, 4.978021978021978, 4.97985347985348, 4.976190476190476, 4.981684981684982, 4.981684981684982, 3.97985347985348, 3.9871794871794872, 3.978021978021978, 3.978021978021978, 3.9853479853479854, 1.9926739926739927, 1.9908424908424909, 1.9908424908424909, 1.9926739926739927, 1.9945054945054945, 1.9908424908424909, 1.9945054945054945, 1.9963369963369964, 1.9963369963369964, 1.9926739926739927, 1.9926739926739927, 1.9926739926739927, 1.0, 1.0, 0.9963369963369964, 0.9981684981684982, 0.9981684981684982, 0.0, 0.0, 0.0, 0.0, 0.0, 0.0, 0.0, 0.0, 0.0, 0.0, 0.0, 0.0, 0.0, 0.0, 0.0, 0.0, 0.0, 0.0, 0.0, 0.0, 0.0, 0.0, 0.0, 0.0, 0.0, 0.0, 0.0, 0.0, 0.0, 0.0, 0.0, 0.0, 0.0, 0.0, 0.0, 0.0, 0.0, 0.0, 0.0, 0.0, 0.0, 0.0, 0.0, 0.0, 0.0, 0.0, 0.0, 0.0, 0.0, 0.0, 0.0, 0.0, 0.0, 0.0, 0.0, 0.0, 0.0, 0.0, 0.0, 0.0, 0.0, 0.0, 0.0, 0.0, 0.0, 0.0, 0.0, 0.0, 0.0, 0.0, 0.0, 0.0, 0.0, 0.0, 0.0, 0.0, 0.0, 0.0, 0.0, 0.0, 0.0, 0.0, 0.0, 0.0, 0.0, 0.0, 0.0, 0.0, 0.0, 0.0, 0.0, 0.0, 0.0, 0.0, 0.0, 0.0, 0.0, 0.0, 0.0, 0.0, 0.0, 0.0, 0.0, 0.0, 0.0, 0.0, 0.0, 0.0, 0.0, 0.0, 0.0, 0.0, 0.0, 0.0, 0.0, 0.0, 0.0, 0.0, 0.0, 0.0, 0.0, 0.0, 0.0, 0.0, 0.0, 0.0, 0.0, 0.0, 0.0, 0.0, 0.0, 0.0, 0.0, 0.0, 0.0, 0.0, 0.0, 0.0, 0.0, 0.0, 0.0, 0.0, 0.0, 0.0, 0.0, 0.0, 0.0, 0.0, 0.0, 0.0, 0.0, 0.0, 0.0, 0.0, 0.0, 0.0, 0.0, 0.0, 0.0, 0.0, 0.0, 0.0, 0.0, 0.0, 0.0, 0.0, 0.0, 0.0, 0.0, 0.0, 0.0, 0.0, 0.0, 0.0, 0.0, 0.0, 0.0, 0.0, 0.0, 0.0, 0.0, 0.0, 0.0, 0.0, 0.0, 0.0, 0.0, 0.0, 0.0, 0.0, 0.0, 0.0, 0.0, 0.0, 0.0, 0.0, 0.0, 0.0, 0.0, 0.0, 0.0, 0.0, 0.0, 0.0, 0.0, 0.0, 0.0, 0.0, 0.0, 0.0, 0.0, 0.0, 0.0, 0.0, 0.0, 0.0, 0.0, 0.0, 0.0, 0.0, 0.0]",0.5,0.5,0,"[33, 33, 33, 33, 33, 33, 33, 33, 33, 33, 33, 33, 33, 33, 33, 33, 33, 33, 33, 33, 33, 33, 33, 33, 33, 33, 33, 33, 33, 30, 28, 23, 21, 20, 20, 19, 18, 16, 16, 16, 16, 16, 16, 16, 16, 16, 16, 16, 16, 16, 15, 15, 15, 15, 15, 15, 15, 15, 15, 15, 15, 15, 15, 15, 12, 11, 10, 9, 8, 8, 8, 8, 8, 8, 8, 8, 8, 8, 8, 8, 8, 8, 8, 8, 8, 8, 8, 7, 7, 7, 7, 7, 7, 7, 7, 7, 7, 7, 7, 7, 7, 7, 7, 7, 7, 7, 7, 7, 7, 7, 7, 7, 7, 7, 7, 7, 7, 7, 7, 7, 7, 7, 7, 7, 6, 6, 6, 5, 5, 5, 5, 5, 5, 5, 5, 5, 5, 5, 5, 5, 5, 5, 4, 4, 4, 4, 4, 2, 2, 2, 2, 2, 2, 2, 2, 2, 2, 2, 2, 1, 1, 1, 1, 1, 0, 0, 0, 0, 0, 0, 0, 0, 0, 0, 0, 0, 0, 0, 0, 0, 0, 0, 0, 0, 0, 0, 0, 0, 0, 0, 0, 0, 0, 0, 0, 0, 0, 0, 0, 0, 0, 0, 0, 0, 0, 0, 0, 0, 0, 0, 0, 0, 0, 0, 0, 0, 0, 0, 0, 0, 0, 0, 0, 0, 0, 0, 0, 0, 0, 0, 0, 0, 0, 0, 0, 0, 0, 0, 0, 0, 0, 0, 0, 0, 0, 0, 0, 0, 0, 0, 0, 0, 0, 0, 0, 0, 0, 0, 0, 0, 0, 0, 0, 0, 0, 0, 0, 0, 0, 0, 0, 0, 0, 0, 0, 0, 0, 0, 0, 0, 0, 0, 0, 0, 0, 0, 0, 0, 0, 0, 0, 0, 0, 0, 0, 0, 0, 0, 0, 0, 0, 0, 0, 0, 0, 0, 0, 0, 0, 0, 0, 0, 0, 0, 0, 0, 0, 0, 0, 0, 0, 0, 0, 0, 0, 0, 0, 0, 0, 0, 0, 0, 0, 0, 0, 0, 0, 0, 0, 0, 0, 0, 0, 0, 0, 0, 0, 0, 0, 0, 0, 0, 0, 0, 0, 0, 0, 0, 0, 0, 0, 0, 0, 0, 0, 0, 0, 0, 0, 0, 0, 0, 0, 0, 0, 0, 0, 0, 0, 0, 0, 0, 0, 0, 0]",385,"[0.48519811034202576, 0.49109789729118347, 0.4265914857387543, 0.44229885935783386, 0.451488196849823, 0.46186110377311707, 0.379658579826355, 0.3881044387817383, 0.47426682710647583, 0.4630260467529297, 0.38595885038375854, 0.353820264339447, 0.3557512164115906, 0.4256775677204132, 0.37677642703056335, 0.3352714776992798, 0.32532238960266113, 0.3250141143798828, 0.33497878909111023, 0.3166741728782654, 0.32139191031455994, 0.317552387714386, 0.33994731307029724, 0.30072036385536194, 0.2953699231147766, 0.3099830150604248, 0.28505173325538635, 0.2848507761955261, 0.2797383964061737, 0.32382720708847046, 0.28797978162765503, 0.2815375030040741, 0.359905481338501, 0.2570508122444153, 0.27041757106781006, 0.2669348120689392, 0.2570722699165344, 0.25818413496017456, 0.26897358894348145, 0.34251391887664795, 0.2562536895275116, 0.24863767623901367, 0.25355538725852966, 0.2521461546421051, 0.2539781630039215, 0.24731512367725372, 0.24866119027137756, 0.2446288913488388, 0.24504899978637695, 0.24418367445468903, 0.25767967104911804, 0.2416299432516098, 0.24571092426776886, 0.24713359773159027, 0.25573745369911194, 0.23860739171504974, 0.2451961636543274, 0.23573461174964905, 0.24453285336494446, 0.23898926377296448, 0.23965463042259216, 0.23474885523319244, 0.25374555587768555, 0.2368747591972351, 0.2766382098197937, 0.25211215019226074, 0.3227418065071106, 0.2588993012905121, 0.2602262496948242, 0.27616578340530396, 0.2851659059524536, 0.2556285560131073, 0.25316813588142395, 0.2545227110385895, 0.31478503346443176, 0.3097885549068451, 0.2651040256023407, 0.2545616626739502, 0.252051442861557, 0.25682756304740906, 0.2509990930557251, 0.2502061724662781, 0.27582111954689026, 0.26589131355285645, 0.26562073826789856, 0.2744649648666382, 0.25270575284957886, 0.2463897466659546, 0.2712722718715668, 0.26689767837524414, 0.25184157490730286, 0.24963045120239258, 0.2478816956281662, 0.27241384983062744, 0.24825482070446014, 0.2508343458175659, 0.24775609374046326, 0.24947023391723633, 0.2553987205028534, 0.24787235260009766, 0.25450369715690613, 0.24756106734275818, 0.2500625550746918, 0.24680854380130768, 0.2667360305786133, 0.25169941782951355, 0.24903957545757294, 0.2721789479255676, 0.25908228754997253, 0.24707694351673126, 0.2463562786579132, 0.2465321570634842, 0.2741515636444092, 0.25381651520729065, 0.255373477935791, 0.28021544218063354, 0.24563927948474884, 0.2544400691986084, 0.25333550572395325, 0.2473587840795517, 0.24593037366867065, 0.24661222100257874, 0.24876455962657928, 0.25651872158050537, 0.31529080867767334, 0.28289833664894104, 0.310518354177475, 0.33738648891448975, 0.31600865721702576, 0.388200044631958, 0.34726250171661377, 0.3159031569957733, 0.31086266040802, 0.33845943212509155, 0.34452056884765625, 0.3056436777114868, 0.3837517499923706, 0.37960103154182434, 0.33988624811172485, 0.3233153522014618, 0.3810451626777649, 0.3077371120452881, 0.31821972131729126, 0.3304843604564667, 0.3494931161403656, 0.33358046412467957, 0.31597086787223816, 0.6347257494926453, 0.39473897218704224, 0.38750797510147095, 0.5230231285095215, 0.3848288655281067, 0.6142013669013977, 0.4559464156627655, 0.5104172229766846, 0.5639087557792664, 0.4219241440296173, 0.3818579614162445, 0.3772834837436676, 0.43289053440093994, 0.42745471000671387, 0.40265193581581116, 0.39566847681999207, 0.40121909976005554, 0.5241487622261047, 0.40771883726119995, 0.45039159059524536, 0.4586268365383148, 0.5251833200454712, 0.42072007060050964, 0.784919023513794, 0.4243718683719635, 0.6704550385475159, 0.4959183633327484, 0.43596988916397095, 0.4186568558216095, 0.5521272420883179, 0.7890003323554993, 0.42256438732147217, 0.7570737600326538, 0.4953046143054962, 0.5032537579536438, 0.4270205795764923, 0.6726924180984497, 0.6695420145988464, 0.5442889928817749, 0.5122028589248657, 0.48036178946495056, 0.4073682725429535, 0.41186854243278503, 0.6615089178085327, 0.5014517307281494, 0.4094341993331909, 0.41883400082588196, 0.4324018359184265, 0.44860830903053284, 0.40724772214889526, 0.40738338232040405, 0.5389153957366943, 0.41505709290504456, 0.47699180245399475, 0.4266034662723541, 0.4353633224964142, 0.4121555984020233, 0.4298152029514313, 0.4209497570991516, 0.4426611363887787, 0.5249710083007812, 0.4104103744029999, 0.43826407194137573, 0.4761168956756592, 0.43914517760276794, 0.49553558230400085, 0.43303513526916504, 0.6863977909088135, 0.40753066539764404, 0.41372883319854736, 0.4625181555747986, 0.5097033381462097, 0.4088919758796692, 0.4564683437347412, 0.4227033853530884, 0.41767042875289917, 0.41947633028030396, 0.562675952911377, 0.4321564733982086, 0.5399674773216248, 0.4655179977416992, 0.41541367769241333, 0.40771976113319397, 0.43719032406806946, 0.4594156742095947, 0.42966213822364807, 0.586000919342041, 0.43967097997665405, 0.4286571145057678, 0.4088147282600403, 0.47463202476501465, 1.106313943862915, 0.5723103880882263, 0.40827828645706177, 0.407845675945282, 0.4136269688606262, 0.4315362274646759, 0.49018386006355286, 0.4741111099720001, 0.7958446741104126, 0.40770286321640015, 0.40870949625968933, 0.4281291961669922, 0.4294791519641876, 0.40753868222236633, 0.4151194095611572, 0.41636359691619873, 0.545535147190094, 0.5659850239753723, 0.6554703712463379, 0.4473894536495209, 0.6542659997940063, 0.5254713892936707, 0.45443475246429443, 0.40805262327194214, 0.45586419105529785, 0.40901196002960205, 0.41376662254333496, 0.488031268119812, 0.4220525324344635, 0.48472917079925537, 0.48551449179649353, 0.4072294533252716, 0.4145583212375641, 0.5258381962776184, 0.4987993538379669, 0.6117671728134155, 0.4886241853237152, 0.43309569358825684, 0.41117098927497864, 0.4073634743690491, 0.4433656930923462, 0.4334455132484436, 0.4541706144809723, 0.41727107763290405, 0.40859976410865784, 0.42010077834129333, 0.4187309741973877, 0.4983040690422058, 0.5990727543830872, 0.43556511402130127, 0.4685821533203125, 0.4454222619533539, 0.44517913460731506, 0.41230353713035583, 0.41821756958961487, 0.4082100987434387, 0.4123436212539673, 0.4215760827064514, 0.6224631071090698, 0.41449981927871704, 0.40806615352630615, 0.4549632966518402, 0.6752006411552429, 0.4105347692966461, 0.4118642508983612, 0.4605126678943634, 0.4300284683704376, 0.4141332507133484, 0.4142231345176697, 0.4737950265407562, 0.4622621238231659, 0.4073271155357361, 0.4975380301475525, 0.42377549409866333, 0.4248034358024597, 0.46597588062286377, 0.40732863545417786, 0.448116272687912, 0.4428102970123291, 0.4073643088340759, 0.6350961923599243, 0.6429020762443542, 0.43990880250930786, 0.4101109206676483, 0.4314587414264679, 0.45701706409454346, 0.4203985631465912, 0.5805656313896179, 0.5128925442695618, 0.4662715494632721, 0.5493811368942261, 0.444588303565979, 0.4271826446056366, 0.4202169179916382, 0.4577188789844513, 0.4644499719142914, 0.4096142053604126, 0.4456452429294586, 0.44332680106163025, 0.7473225593566895, 0.40857115387916565, 0.4134499728679657, 0.4164249002933502, 0.40830132365226746, 0.6812918186187744, 0.4826200604438782, 0.4087490141391754, 0.47977232933044434, 0.4416079819202423, 0.4118478298187256, 0.4082164764404297, 0.48289287090301514, 0.40812447667121887, 0.4258767366409302, 0.4072287380695343, 0.40903666615486145, 0.40723681449890137, 0.4081493616104126, 0.40982505679130554, 0.42470139265060425, 0.4741658866405487, 0.4083203375339508, 0.6994203329086304, 0.5564732551574707, 0.40766623616218567, 0.4220143258571625, 0.48911282420158386, 0.42894378304481506, 0.4076673090457916, 0.5142808556556702, 0.569357693195343, 0.44672271609306335, 0.4198913872241974, 0.5506003499031067, 0.42829105257987976, 0.6932936310768127, 0.4098057150840759, 0.407632976770401, 0.47742679715156555, 0.4074190557003021, 0.4081442356109619, 0.40956705808639526, 0.51236492395401, 0.47346222400665283, 0.40753257274627686, 0.4477682113647461, 0.5246021747589111]",0.0,"[33.0, 33.0, 33.0, 33.0, 33.0, 33.0, 33.0, 33.0, 33.0, 33.0, 33.0, 33.0, 33.0, 33.0, 33.0, 33.0, 33.0, 33.0, 33.0, 33.0, 33.0, 33.0, 33.0, 33.0, 33.0, 33.0, 33.0, 33.0, 33.0, 30.0, 28.0, 23.0, 21.0, 20.0, 20.0, 19.0, 18.0, 16.0, 16.0, 16.0, 16.0, 16.0, 16.0, 16.0, 16.0, 16.0, 16.0, 16.0, 16.0, 16.0, 15.0, 15.0, 15.0, 15.0, 15.0, 15.0, 15.0, 15.0, 15.0, 15.0, 15.0, 15.0, 15.0, 15.0, 12.0, 11.0, 10.0, 9.0, 8.0, 8.0, 8.0, 8.0, 8.0, 8.0, 8.0, 8.0, 8.0, 8.0, 8.0, 8.0, 8.0, 8.0, 8.0, 8.0, 8.0, 8.0, 8.0, 7.0, 7.0, 7.0, 7.0, 7.0, 7.0, 7.0, 7.0, 7.0, 7.0, 7.0, 7.0, 7.0, 7.0, 7.0, 7.0, 7.0, 7.0, 7.0, 7.0, 7.0, 7.0, 7.0, 7.0, 7.0, 7.0, 7.0, 7.0, 7.0, 7.0, 7.0, 7.0, 7.0, 7.0, 7.0, 7.0, 7.0, 6.0, 6.0, 6.0, 5.0, 5.0, 5.0, 5.0, 5.0, 5.0, 5.0, 5.0, 5.0, 5.0, 5.0, 5.0, 5.0, 5.0, 5.0, 4.0, 4.0, 4.0, 4.0, 4.0, 2.0, 2.0, 2.0, 2.0, 2.0, 2.0, 2.0, 2.0, 2.0, 2.0, 2.0, 2.0, 1.0, 1.0, 1.0, 1.0, 1.0, 0.0, 0.0, 0.0, 0.0, 0.0, 0.0, 0.0, 0.0, 0.0, 0.0, 0.0, 0.0, 0.0, 0.0, 0.0, 0.0, 0.0, 0.0, 0.0, 0.0, 0.0, 0.0, 0.0, 0.0, 0.0, 0.0, 0.0, 0.0, 0.0, 0.0, 0.0, 0.0, 0.0, 0.0, 0.0, 0.0, 0.0, 0.0, 0.0, 0.0, 0.0, 0.0, 0.0, 0.0, 0.0, 0.0, 0.0, 0.0, 0.0, 0.0, 0.0, 0.0, 0.0, 0.0, 0.0, 0.0, 0.0, 0.0, 0.0, 0.0, 0.0, 0.0, 0.0, 0.0, 0.0, 0.0, 0.0, 0.0, 0.0, 0.0, 0.0, 0.0, 0.0, 0.0, 0.0, 0.0, 0.0, 0.0, 0.0, 0.0, 0.0, 0.0, 0.0, 0.0, 0.0, 0.0, 0.0, 0.0, 0.0, 0.0, 0.0, 0.0, 0.0, 0.0, 0.0, 0.0, 0.0, 0.0, 0.0, 0.0, 0.0, 0.0, 0.0, 0.0, 0.0, 0.0, 0.0, 0.0, 0.0, 0.0, 0.0, 0.0, 0.0, 0.0, 0.0, 0.0, 0.0, 0.0, 0.0, 0.0, 0.0, 0.0, 0.0, 0.0, 0.0, 0.0, 0.0, 0.0, 0.0, 0.0, 0.0, 0.0, 0.0, 0.0, 0.0, 0.0, 0.0, 0.0, 0.0, 0.0, 0.0, 0.0, 0.0, 0.0, 0.0, 0.0, 0.0, 0.0, 0.0, 0.0, 0.0, 0.0, 0.0, 0.0, 0.0, 0.0, 0.0, 0.0, 0.0, 0.0, 0.0, 0.0, 0.0, 0.0, 0.0, 0.0, 0.0, 0.0, 0.0, 0.0, 0.0, 0.0, 0.0, 0.0, 0.0, 0.0, 0.0, 0.0, 0.0, 0.0, 0.0, 0.0, 0.0, 0.0, 0.0, 0.0, 0.0, 0.0, 0.0, 0.0, 0.0, 0.0, 0.0, 0.0, 0.0, 0.0, 0.0, 0.0, 0.0, 0.0, 0.0, 0.0, 0.0, 0.0, 0.0, 0.0, 0.0, 0.0, 0.0, 0.0, 0.0, 0.0, 0.0, 0.0, 0.0, 0.0, 0.0, 0.0, 0.0, 0.0, 0.0]",COMPLETE
