,number,value,datetime_start,datetime_complete,duration,params_batch_size_scaler,params_constant_learning_rate,params_depth,params_epochs,params_kernel_l2,params_num_trees,params_temperature,user_attrs_accuracy_test,user_attrs_accuracy_valid,user_attrs_approximate_feature_sparsity,user_attrs_approximate_feature_sparsity_history,user_attrs_approximate_weight_sparsity,user_attrs_approximate_weight_sparsity_history,user_attrs_auc_test,user_attrs_auc_valid,user_attrs_feature_sparsity,user_attrs_feature_sparsity_history,user_attrs_num_epochs,user_attrs_val_loss_history,user_attrs_weight_sparsity,user_attrs_weight_sparsity_history,state
40,40,0.9280184462392601,2024-08-31 01:49:38.288529,2024-08-31 02:00:18.209746,0 days 00:10:39.921217,1,0.3114725742100018,4,430,0.0011393797026878249,65,0.00040128639806950444,0.925,0.93,32,"[33, 33, 33, 33, 33, 33, 33, 33, 33, 33, 33, 33, 33, 33, 33, 33, 33, 33, 33, 33, 33, 33, 33, 33, 33, 33, 33, 33, 33, 33, 33, 33, 33, 33, 33, 33, 33, 33, 33, 33, 33, 33, 33, 33, 33, 33, 33, 33, 33, 33, 33, 33, 33, 33, 33, 33, 33, 33, 33, 33, 33, 33, 33, 33, 33, 33, 33, 33, 33, 33, 33, 33, 33, 33, 33, 33, 33, 33, 33, 33, 33, 33, 33, 33, 33, 33, 33, 33, 33, 33, 33, 33, 33, 33, 33, 32, 32, 32, 32, 32, 32, 32, 32, 32, 32, 32, 32, 32, 32, 32, 32, 32, 32, 32, 32, 32, 32, 32, 32, 32, 32, 32, 32, 32, 32, 32, 32, 32, 32, 32, 32, 32, 32, 32, 32, 32, 32, 32, 32, 32, 32, 32, 32, 32, 32, 32, 32, 32, 32, 32, 32, 32, 32, 32, 32, 32, 32, 32, 32, 32, 32, 32, 32, 32, 32, 32, 32, 32, 32, 32, 32, 32, 32, 32, 32, 32, 32, 32, 32, 32, 32, 32, 32, 32, 32, 32, 32, 32, 32, 32, 32, 32, 32, 32, 32, 32, 32, 32, 32, 32, 32, 32, 32, 32, 32, 32, 32, 32, 32, 32, 32, 32, 32, 32, 32, 32, 32, 32, 32, 32, 32, 32, 32, 32, 32, 32, 32, 32, 32, 32, 32, 32, 32, 32, 32, 32, 32, 32, 32, 32, 32, 32, 32, 32, 32, 32, 32, 32, 32, 32, 32, 32, 32, 32, 32, 32, 32, 32, 32, 32, 32, 32, 32, 32, 32, 32, 32, 32, 32, 32, 32, 32, 32, 32, 32, 32, 32, 32, 32, 32, 32, 32, 32, 32, 32, 32, 32, 32, 32, 32, 32, 32, 32, 32, 32, 32, 32, 32, 32, 32, 32, 32, 32, 32, 32, 32, 32, 32, 32, 32, 32, 32, 32, 32, 32, 32, 32, 32, 32, 32, 32, 32, 32, 32, 32, 32, 32, 32, 32, 32, 32, 32, 32, 32, 32, 32, 32, 32, 32, 32, 32, 32, 32, 32, 32, 32, 32, 32, 32, 32, 32, 32, 32, 32, 32, 32, 32, 32, 32, 32, 32, 32, 32, 32, 32, 32, 32, 32, 32, 32, 32, 32, 32, 32, 32, 32, 32, 32, 32, 32, 32, 32, 32, 32, 32, 32, 32, 32, 32, 32, 32, 32, 32, 32, 32, 32, 32, 32, 32, 32, 32, 32, 32, 32, 32, 32, 32, 32, 32, 32, 32, 32, 32, 32, 32, 32, 32, 32, 32, 32, 32, 32, 32, 32, 32, 32, 32, 32, 32, 32]",31.967179487179486,"[32.952820512820516, 32.9651282051282, 32.956923076923076, 32.95282051282051, 32.962051282051284, 32.96820512820513, 32.95897435897436, 32.96410256410256, 32.96, 32.959999999999994, 32.963076923076926, 32.96, 32.94974358974359, 32.96, 32.96, 32.963076923076926, 32.972307692307695, 32.956923076923076, 32.94871794871795, 32.967179487179486, 32.96205128205128, 32.9651282051282, 32.966153846153844, 32.97435897435897, 32.967179487179486, 32.963076923076926, 32.967179487179486, 32.963076923076926, 32.97128205128205, 32.976410256410254, 32.9651282051282, 32.95384615384615, 32.96923076923077, 32.962051282051284, 32.97435897435898, 32.962051282051284, 32.963076923076926, 32.955897435897434, 32.966153846153844, 32.97333333333333, 32.962051282051284, 32.9651282051282, 32.96923076923077, 32.963076923076926, 32.973333333333336, 32.97025641025641, 32.96410256410256, 32.966153846153844, 32.97435897435897, 32.96923076923077, 32.96923076923077, 32.966153846153844, 32.97538461538461, 32.976410256410254, 32.96410256410256, 32.96820512820513, 32.96923076923077, 32.9651282051282, 32.963076923076926, 32.966153846153844, 32.96, 32.95487179487179, 32.96307692307692, 32.9651282051282, 32.97025641025641, 32.96820512820513, 32.967179487179486, 32.973333333333336, 32.966153846153844, 32.96820512820513, 32.963076923076926, 32.97435897435898, 32.97025641025641, 32.966153846153844, 32.976410256410254, 32.966153846153844, 32.97025641025641, 32.95487179487179, 32.972307692307695, 32.962051282051284, 32.95897435897436, 32.9651282051282, 32.97230769230769, 32.96102564102564, 32.966153846153844, 32.972307692307695, 32.967179487179486, 32.9651282051282, 32.956923076923076, 32.97538461538461, 32.962051282051284, 32.967179487179486, 32.96102564102564, 32.9651282051282, 32.96923076923077, 31.97025641025641, 31.96923076923077, 31.95897435897436, 31.972307692307695, 31.965128205128202, 31.96923076923077, 31.97230769230769, 31.962051282051277, 31.95384615384615, 31.956923076923076, 31.957948717948717, 31.961025641025643, 31.967179487179486, 31.97025641025641, 31.97230769230769, 31.97025641025641, 31.96923076923077, 31.966153846153844, 31.964102564102564, 31.97230769230769, 31.963076923076922, 31.968205128205128, 31.969230769230766, 31.965128205128202, 31.968205128205128, 31.96410256410256, 31.96410256410256, 31.96410256410256, 31.97025641025641, 31.97230769230769, 31.963076923076922, 31.97435897435897, 31.96923076923077, 31.97435897435897, 31.97230769230769, 31.97025641025641, 31.966153846153844, 31.968205128205128, 31.965128205128206, 31.966153846153844, 31.967179487179486, 31.956923076923076, 31.961025641025643, 31.965128205128206, 31.965128205128206, 31.96410256410256, 31.955897435897434, 31.96102564102564, 31.965128205128206, 31.96410256410256, 31.968205128205128, 31.955897435897434, 31.97025641025641, 31.96923076923077, 31.97333333333333, 31.966153846153848, 31.97025641025641, 31.978461538461538, 31.9825641025641, 31.97025641025641, 31.978461538461538, 31.976410256410258, 31.97128205128205, 31.978461538461538, 31.975384615384613, 31.973333333333336, 31.973333333333333, 31.974358974358974, 31.978461538461538, 31.97230769230769, 31.971282051282053, 31.97230769230769, 31.97128205128205, 31.973333333333336, 31.964102564102564, 31.965128205128202, 31.967179487179486, 31.96923076923077, 31.97128205128205, 31.97025641025641, 31.971282051282053, 31.97128205128205, 31.975384615384613, 31.976410256410258, 31.972307692307695, 31.976410256410258, 31.97128205128205, 31.976410256410254, 31.973333333333333, 31.97435897435897, 31.97333333333333, 31.976410256410254, 31.971282051282053, 31.972307692307695, 31.964102564102564, 31.96410256410256, 31.966153846153844, 31.967179487179486, 31.96923076923077, 31.970256410256408, 31.970256410256408, 31.97948717948718, 31.976410256410254, 31.977435897435896, 31.978461538461538, 31.9774358974359, 31.978461538461538, 31.978461538461538, 31.976410256410254, 31.97435897435897, 31.9774358974359, 31.972307692307695, 31.97435897435897, 31.972307692307695, 31.971282051282053, 31.97025641025641, 31.966153846153844, 31.968205128205128, 31.966153846153844, 31.96923076923077, 31.971282051282053, 31.972307692307695, 31.971282051282053, 31.975384615384616, 31.976410256410254, 31.973333333333333, 31.967179487179486, 31.975384615384616, 31.97435897435897, 31.978461538461538, 31.977435897435896, 31.98051282051282, 31.977435897435896, 31.975384615384616, 31.975384615384613, 31.974358974358974, 31.975384615384616, 31.976410256410254, 31.975384615384613, 31.97435897435897, 31.975384615384613, 31.97333333333333, 31.975384615384613, 31.975384615384613, 31.97333333333333, 31.97435897435897, 31.976410256410254, 31.976410256410254, 31.976410256410254, 31.970256410256408, 31.973333333333333, 31.975384615384616, 31.975384615384616, 31.977435897435896, 31.977435897435896, 31.975384615384613, 31.973333333333333, 31.972307692307687, 31.974358974358974, 31.97230769230769, 31.973333333333333, 31.975384615384613, 31.978461538461538, 31.974358974358974, 31.977435897435896, 31.97333333333333, 31.976410256410254, 31.978461538461538, 31.97948717948718, 31.976410256410254, 31.977435897435896, 31.97435897435897, 31.973333333333333, 31.975384615384613, 31.97948717948718, 31.976410256410254, 31.977435897435896, 31.97948717948718, 31.97948717948718, 31.98051282051282, 31.97948717948718, 31.981538461538463, 31.98051282051282, 31.983589743589743, 31.984615384615385, 31.98051282051282, 31.980512820512818, 31.98153846153846, 31.978461538461538, 31.976410256410254, 31.97948717948718, 31.98051282051282, 31.981538461538463, 31.986666666666665, 31.983589743589746, 31.984615384615385, 31.984615384615385, 31.982564102564105, 31.982564102564105, 31.982564102564105, 31.983589743589746, 31.982564102564105, 31.97948717948718, 31.97948717948718, 31.98051282051282, 31.978461538461538, 31.975384615384613, 31.977435897435896, 31.978461538461538, 31.978461538461538, 31.97948717948718, 31.97948717948718, 31.974358974358974, 31.975384615384616, 31.97435897435897, 31.976410256410254, 31.977435897435896, 31.977435897435896, 31.975384615384613, 31.975384615384613, 31.977435897435896, 31.978461538461538, 31.977435897435896, 31.978461538461538, 31.976410256410258, 31.9774358974359, 31.976410256410258, 31.9774358974359, 31.9774358974359, 31.97846153846154, 31.979487179487183, 31.9774358974359, 31.976410256410258, 31.976410256410258, 31.9774358974359, 31.978461538461538, 31.977435897435896, 31.976410256410254, 31.976410256410254, 31.976410256410254, 31.976410256410254, 31.977435897435896, 31.975384615384613, 31.978461538461538, 31.98051282051282, 31.979487179487183, 31.9825641025641, 31.980512820512818, 31.977435897435896, 31.978461538461538, 31.97846153846154, 31.98051282051282, 31.98051282051282, 31.978461538461538, 31.977435897435896, 31.976410256410254, 31.978461538461538, 31.975384615384613, 31.978461538461538, 31.976410256410254, 31.977435897435896, 31.977435897435896, 31.976410256410258, 31.976410256410258, 31.97948717948718, 31.98051282051282, 31.982564102564105, 31.982564102564105, 31.982564102564105, 31.981538461538463, 31.98051282051282, 31.982564102564105, 31.98051282051282, 31.98051282051282, 31.97948717948718, 31.981538461538463, 31.982564102564105, 31.981538461538463, 31.978461538461538, 31.978461538461538, 31.98051282051282, 31.981538461538463, 31.97948717948718, 31.98051282051282, 31.981538461538463, 31.97948717948718, 31.982564102564105, 31.981538461538463, 31.9825641025641, 31.9825641025641, 31.977435897435896, 31.977435897435896, 31.975384615384616, 31.976410256410254, 31.97230769230769, 31.974358974358974, 31.97435897435897, 31.972307692307695, 31.971282051282053, 31.97128205128205, 31.97025641025641, 31.97333333333333, 31.97435897435897, 31.973333333333333, 31.975384615384613, 31.973333333333333, 31.973333333333336, 31.973333333333333, 31.973333333333333, 31.973333333333333, 31.973333333333333, 31.97230769230769, 31.97230769230769, 31.973333333333333, 31.973333333333333, 31.96923076923077, 31.96923076923077, 31.968205128205124, 31.967179487179486, 31.968205128205128, 31.970256410256408, 31.970256410256408, 31.968205128205128, 31.967179487179486, 31.965128205128202, 31.965128205128202, 31.966153846153844, 31.967179487179486, 31.966153846153844, 31.965128205128202, 31.966153846153844, 31.964102564102564, 31.966153846153844, 31.965128205128206, 31.967179487179486]",0.8935179451613703,0.9280184462392601,32,"[33, 33, 33, 33, 33, 33, 33, 33, 33, 33, 33, 33, 33, 33, 33, 33, 33, 33, 33, 33, 33, 33, 33, 33, 33, 33, 33, 33, 33, 33, 33, 33, 33, 33, 33, 33, 33, 33, 33, 33, 33, 33, 33, 33, 33, 33, 33, 33, 33, 33, 33, 33, 33, 33, 33, 33, 33, 33, 33, 33, 33, 33, 33, 33, 33, 33, 33, 33, 33, 33, 33, 33, 33, 33, 33, 33, 33, 33, 33, 33, 33, 33, 33, 33, 33, 33, 33, 33, 33, 33, 33, 33, 33, 33, 33, 32, 32, 32, 32, 32, 32, 32, 32, 32, 32, 32, 32, 32, 32, 32, 32, 32, 32, 32, 32, 32, 32, 32, 32, 32, 32, 32, 32, 32, 32, 32, 32, 32, 32, 32, 32, 32, 32, 32, 32, 32, 32, 32, 32, 32, 32, 32, 32, 32, 32, 32, 32, 32, 32, 32, 32, 32, 32, 32, 32, 32, 32, 32, 32, 32, 32, 32, 32, 32, 32, 32, 32, 32, 32, 32, 32, 32, 32, 32, 32, 32, 32, 32, 32, 32, 32, 32, 32, 32, 32, 32, 32, 32, 32, 32, 32, 32, 32, 32, 32, 32, 32, 32, 32, 32, 32, 32, 32, 32, 32, 32, 32, 32, 32, 32, 32, 32, 32, 32, 32, 32, 32, 32, 32, 32, 32, 32, 32, 32, 32, 32, 32, 32, 32, 32, 32, 32, 32, 32, 32, 32, 32, 32, 32, 32, 32, 32, 32, 32, 32, 32, 32, 32, 32, 32, 32, 32, 32, 32, 32, 32, 32, 32, 32, 32, 32, 32, 32, 32, 32, 32, 32, 32, 32, 32, 32, 32, 32, 32, 32, 32, 32, 32, 32, 32, 32, 32, 32, 32, 32, 32, 32, 32, 32, 32, 32, 32, 32, 32, 32, 32, 32, 32, 32, 32, 32, 32, 32, 32, 32, 32, 32, 32, 32, 32, 32, 32, 32, 32, 32, 32, 32, 32, 32, 32, 32, 32, 32, 32, 32, 32, 32, 32, 32, 32, 32, 32, 32, 32, 32, 32, 32, 32, 32, 32, 32, 32, 32, 32, 32, 32, 32, 32, 32, 32, 32, 32, 32, 32, 32, 32, 32, 32, 32, 32, 32, 32, 32, 32, 32, 32, 32, 32, 32, 32, 32, 32, 32, 32, 32, 32, 32, 32, 32, 32, 32, 32, 32, 32, 32, 32, 32, 32, 32, 32, 32, 32, 32, 32, 32, 32, 32, 32, 32, 32, 32, 32, 32, 32, 32, 32, 32, 32, 32, 32, 32, 32, 32, 32, 32, 32, 32, 32, 32, 32, 32, 32, 32, 32, 32, 32, 32, 32, 32, 32]",430,"[0.35385406017303467, 0.33768150210380554, 0.3352915942668915, 0.29730740189552307, 0.27401652932167053, 0.25692638754844666, 0.25196602940559387, 0.23212100565433502, 0.22846022248268127, 0.2165859043598175, 0.2083754688501358, 0.20949365198612213, 0.20331060886383057, 0.19367311894893646, 0.19948171079158783, 0.19053581357002258, 0.19364117085933685, 0.18982619047164917, 0.1941569745540619, 0.1870409995317459, 0.2270062416791916, 0.21647687256336212, 0.17965121567249298, 0.18315599858760834, 0.193606898188591, 0.1896299123764038, 0.1778550148010254, 0.1800961047410965, 0.1738567352294922, 0.17044661939144135, 0.17517799139022827, 0.16964083909988403, 0.1725037395954132, 0.17135179042816162, 0.1715032011270523, 0.17849527299404144, 0.17876827716827393, 0.17761187255382538, 0.20096035301685333, 0.17641733586788177, 0.17321431636810303, 0.18386264145374298, 0.17193441092967987, 0.17902952432632446, 0.18085990846157074, 0.17026056349277496, 0.18133604526519775, 0.16934461891651154, 0.1814846247434616, 0.1729336977005005, 0.17550402879714966, 0.1757391095161438, 0.1781468540430069, 0.17564088106155396, 0.18048866093158722, 0.18458978831768036, 0.18179334700107574, 0.17773832380771637, 0.18572767078876495, 0.19040726125240326, 0.1983603537082672, 0.1867775321006775, 0.18517835438251495, 0.18379172682762146, 0.18576794862747192, 0.1889338344335556, 0.19721859693527222, 0.19056251645088196, 0.19412551820278168, 0.1956714689731598, 0.1926850527524948, 0.1956586092710495, 0.20254139602184296, 0.19761915504932404, 0.20599426329135895, 0.19606249034404755, 0.19814911484718323, 0.20487453043460846, 0.20167267322540283, 0.21762944757938385, 0.21195322275161743, 0.2051321566104889, 0.21759481728076935, 0.21049676835536957, 0.21444550156593323, 0.21515752375125885, 0.22167429327964783, 0.22069063782691956, 0.22349700331687927, 0.22323821485042572, 0.23061227798461914, 0.2372177690267563, 0.22321930527687073, 0.231641486287117, 0.2319275438785553, 0.23266549408435822, 0.240003764629364, 0.2345775067806244, 0.2355629801750183, 0.23911774158477783, 0.24317283928394318, 0.24580003321170807, 0.2447342872619629, 0.24979497492313385, 0.24355477094650269, 0.2537812888622284, 0.24600261449813843, 0.2530405819416046, 0.2583938539028168, 0.26352599263191223, 0.25681769847869873, 0.26153847575187683, 0.2600504159927368, 0.26027610898017883, 0.2597310543060303, 0.26562440395355225, 0.26823776960372925, 0.26563701033592224, 0.2663782238960266, 0.26757562160491943, 0.2702665328979492, 0.2768165171146393, 0.2704283595085144, 0.27979010343551636, 0.2812807857990265, 0.28302091360092163, 0.2818778157234192, 0.2824721038341522, 0.2843375504016876, 0.2794443964958191, 0.2923368215560913, 0.28745993971824646, 0.2961229085922241, 0.2886382043361664, 0.28693124651908875, 0.2884286046028137, 0.29070204496383667, 0.2932456135749817, 0.29252129793167114, 0.29101088643074036, 0.2912914454936981, 0.29463914036750793, 0.29953137040138245, 0.29750561714172363, 0.3023366928100586, 0.2974430322647095, 0.29860538244247437, 0.30218231678009033, 0.3015681505203247, 0.30352330207824707, 0.30696821212768555, 0.3034140467643738, 0.3085288107395172, 0.3070621192455292, 0.31247371435165405, 0.3072136640548706, 0.31165772676467896, 0.3095123767852783, 0.3107539117336273, 0.3111598491668701, 0.3140805959701538, 0.3137582838535309, 0.3127216398715973, 0.313729465007782, 0.31677669286727905, 0.31653571128845215, 0.3181927800178528, 0.31803953647613525, 0.31708285212516785, 0.3204190135002136, 0.32180678844451904, 0.318632572889328, 0.3219720423221588, 0.32285961508750916, 0.32426387071609497, 0.32289162278175354, 0.32414162158966064, 0.3243107497692108, 0.3245333433151245, 0.3285391330718994, 0.32687708735466003, 0.32960525155067444, 0.3291302025318146, 0.32792147994041443, 0.3299078345298767, 0.3297994136810303, 0.3303576409816742, 0.33200037479400635, 0.33218464255332947, 0.33158865571022034, 0.3347460925579071, 0.3345748782157898, 0.3343053460121155, 0.33546677231788635, 0.33391955494880676, 0.3349098265171051, 0.33624008297920227, 0.3350059986114502, 0.33540695905685425, 0.33777695894241333, 0.33713412284851074, 0.3385942876338959, 0.3384513854980469, 0.33927667140960693, 0.339091032743454, 0.3397504389286041, 0.3423120379447937, 0.3418848514556885, 0.34377461671829224, 0.34263595938682556, 0.3429025709629059, 0.34444567561149597, 0.34526997804641724, 0.3454200029373169, 0.344518780708313, 0.34698131680488586, 0.34488189220428467, 0.34701621532440186, 0.3472994267940521, 0.34754300117492676, 0.3481907248497009, 0.34863221645355225, 0.34792789816856384, 0.3494657576084137, 0.3485949635505676, 0.34918972849845886, 0.35072100162506104, 0.3519110381603241, 0.3513205647468567, 0.3519142270088196, 0.352863073348999, 0.35290050506591797, 0.3519390821456909, 0.3525162935256958, 0.3544500768184662, 0.35325682163238525, 0.3540898561477661, 0.35408949851989746, 0.35429665446281433, 0.35595452785491943, 0.3564671576023102, 0.35647013783454895, 0.3570408523082733, 0.35816138982772827, 0.35743391513824463, 0.3580719828605652, 0.358859658241272, 0.3588011562824249, 0.36014044284820557, 0.35992804169654846, 0.3606885075569153, 0.3613024950027466, 0.36024466156959534, 0.36147671937942505, 0.3613539934158325, 0.36185702681541443, 0.36208197474479675, 0.36172419786453247, 0.3617314100265503, 0.36251962184906006, 0.3638911843299866, 0.36323779821395874, 0.36379748582839966, 0.3651151955127716, 0.36610040068626404, 0.3652087450027466, 0.36550411581993103, 0.3648167848587036, 0.36630189418792725, 0.36670875549316406, 0.36647164821624756, 0.36659249663352966, 0.3667585253715515, 0.367769330739975, 0.3683243989944458, 0.36745381355285645, 0.36784854531288147, 0.36880528926849365, 0.36824116110801697, 0.3693517744541168, 0.3702223300933838, 0.37014609575271606, 0.3699985444545746, 0.3707195520401001, 0.3712165951728821, 0.37065887451171875, 0.3716823160648346, 0.3721942603588104, 0.37164297699928284, 0.37203097343444824, 0.372897744178772, 0.37279006838798523, 0.37333130836486816, 0.37354719638824463, 0.3739873468875885, 0.3739832937717438, 0.3748776912689209, 0.3750292658805847, 0.3749507963657379, 0.37482795119285583, 0.37472885847091675, 0.37548306584358215, 0.3760356605052948, 0.37601378560066223, 0.3767837584018707, 0.37697693705558777, 0.37688279151916504, 0.37741929292678833, 0.37759771943092346, 0.37801480293273926, 0.37780532240867615, 0.3780868649482727, 0.3789115846157074, 0.3789721429347992, 0.3788909614086151, 0.37939658761024475, 0.37972351908683777, 0.3794925808906555, 0.3803929388523102, 0.38066771626472473, 0.3802978992462158, 0.38057318329811096, 0.38082507252693176, 0.38092827796936035, 0.3812355101108551, 0.38202235102653503, 0.3818807899951935, 0.38211438059806824, 0.3823073208332062, 0.3828785717487335, 0.38310301303863525, 0.3833204209804535, 0.38329699635505676, 0.3837491571903229, 0.38364025950431824, 0.38408881425857544, 0.38399776816368103, 0.38489678502082825, 0.38493356108665466, 0.38489973545074463, 0.3850133419036865, 0.3851768374443054, 0.38544195890426636, 0.3857024312019348, 0.386307030916214, 0.387002557516098, 0.38638556003570557, 0.3868066668510437, 0.3868873715400696, 0.3868226706981659, 0.38713887333869934, 0.38742363452911377, 0.38702133297920227, 0.38740456104278564, 0.3876134753227234, 0.3882886469364166, 0.38826367259025574, 0.3885429799556732, 0.38924166560173035, 0.3892834782600403, 0.38966357707977295, 0.3897866904735565, 0.3902830481529236, 0.3901250958442688, 0.3901327848434448, 0.3909347653388977, 0.3902454078197479, 0.3907018005847931, 0.39077693223953247, 0.3911028802394867, 0.3913530707359314, 0.3914087414741516, 0.3914918005466461, 0.39190226793289185, 0.3921191394329071, 0.39238306879997253, 0.39200031757354736, 0.39215174317359924, 0.39229148626327515, 0.3925668001174927, 0.3930334448814392, 0.3932284116744995, 0.39315685629844666, 0.39350318908691406, 0.3934318423271179, 0.394104540348053, 0.39437052607536316, 0.39396199584007263, 0.39465728402137756, 0.3948623239994049, 0.3950607180595398, 0.3949471712112427, 0.3955850601196289, 0.3953370153903961, 0.39551419019699097, 0.39582622051239014, 0.396107941865921, 0.39604541659355164, 0.39636367559432983, 0.3959891200065613, 0.39640748500823975, 0.39650145173072815, 0.39670443534851074, 0.3970141112804413, 0.39719265699386597, 0.3972422778606415, 0.3977077603340149, 0.3979112505912781, 0.3980831503868103, 0.3980180025100708, 0.3982410430908203, 0.3983137905597687, 0.39816606044769287, 0.39869630336761475, 0.3986802399158478, 0.39951813220977783, 0.3994695246219635, 0.39969122409820557, 0.3993474245071411, 0.39927056431770325, 0.3995080888271332, 0.3997800350189209, 0.39992573857307434, 0.40031546354293823, 0.4005207121372223, 0.4005694091320038, 0.4008621275424957, 0.400966614484787, 0.40108683705329895, 0.40107566118240356]",32.0,"[33.0, 33.0, 33.0, 33.0, 33.0, 33.0, 33.0, 33.0, 33.0, 33.0, 33.0, 33.0, 33.0, 33.0, 33.0, 33.0, 33.0, 33.0, 33.0, 33.0, 33.0, 33.0, 33.0, 33.0, 33.0, 33.0, 33.0, 33.0, 33.0, 33.0, 33.0, 33.0, 33.0, 33.0, 33.0, 33.0, 33.0, 33.0, 33.0, 33.0, 33.0, 33.0, 33.0, 33.0, 33.0, 33.0, 33.0, 33.0, 33.0, 33.0, 33.0, 33.0, 33.0, 33.0, 33.0, 33.0, 33.0, 33.0, 33.0, 33.0, 33.0, 33.0, 33.0, 33.0, 33.0, 33.0, 33.0, 33.0, 33.0, 33.0, 33.0, 33.0, 33.0, 33.0, 33.0, 33.0, 33.0, 33.0, 33.0,