,number,value,datetime_start,datetime_complete,duration,params_batch_size_scaler,params_constant_learning_rate,params_depth,params_epochs,params_kernel_l2,params_num_trees,params_temperature,user_attrs_accuracy_test,user_attrs_accuracy_valid,user_attrs_approximate_feature_sparsity,user_attrs_approximate_feature_sparsity_history,user_attrs_approximate_weight_sparsity,user_attrs_approximate_weight_sparsity_history,user_attrs_auc_test,user_attrs_auc_valid,user_attrs_feature_sparsity,user_attrs_feature_sparsity_history,user_attrs_num_epochs,user_attrs_val_loss_history,user_attrs_weight_sparsity,user_attrs_weight_sparsity_history,state
51,51,0.5,2024-08-31 02:44:37.291132,2024-08-31 02:46:12.093421,0 days 00:01:34.802289,1,0.0361227448090784,1,240,0.5665603894648702,68,0.007464034529615519,0.859,0.85875,0,"[33, 33, 33, 33, 33, 33, 32, 16, 10, 4, 4, 4, 4, 4, 3, 3, 3, 3, 3, 3, 3, 3, 3, 3, 2, 2, 2, 2, 2, 2, 2, 2, 2, 2, 2, 2, 2, 2, 2, 2, 2, 2, 2, 2, 2, 2, 2, 2, 2, 2, 2, 2, 2, 2, 2, 2, 2, 2, 2, 2, 2, 2, 2, 2, 2, 2, 2, 2, 2, 2, 2, 2, 2, 2, 2, 2, 2, 2, 2, 2, 2, 2, 2, 2, 2, 2, 2, 2, 2, 2, 2, 2, 2, 2, 2, 2, 2, 2, 2, 2, 2, 2, 2, 2, 2, 2, 2, 2, 2, 2, 2, 2, 2, 2, 2, 2, 2, 2, 2, 2, 2, 2, 2, 2, 2, 2, 2, 2, 2, 2, 2, 2, 2, 2, 2, 2, 2, 2, 2, 2, 2, 2, 2, 2, 2, 2, 2, 2, 2, 2, 2, 2, 2, 2, 2, 2, 2, 2, 2, 2, 2, 2, 2, 2, 2, 2, 2, 2, 2, 2, 2, 2, 2, 2, 2, 2, 2, 2, 2, 2, 2, 2, 2, 2, 2, 2, 2, 2, 2, 2, 2, 2, 2, 2, 2, 2, 2, 2, 2, 2, 2, 2, 2, 2, 2, 2, 1, 1, 1, 1, 1, 1, 1, 1, 1, 1, 1, 1, 1, 0, 0, 0, 0, 0, 0, 0, 0, 0, 0, 0, 0, 0, 0, 0, 0, 0, 0, 0, 0, 0]",0.0,"[32.98529411764706, 32.970588235294116, 32.98529411764706, 32.98529411764706, 32.94117647058823, 32.970588235294116, 31.985294117647058, 16.0, 9.985294117647058, 4.0, 3.9558823529411766, 4.0, 4.0, 4.0, 3.0, 3.0, 3.0, 3.0, 3.0, 2.985294117647059, 2.985294117647059, 3.0, 3.0, 3.0, 2.0, 2.0, 2.0, 2.0, 2.0, 2.0, 2.0, 2.0, 2.0, 2.0, 2.0, 2.0, 1.9852941176470589, 1.9852941176470589, 1.9852941176470589, 2.0, 2.0, 2.0, 2.0, 2.0, 2.0, 2.0, 2.0, 2.0, 2.0, 2.0, 2.0, 2.0, 2.0, 2.0, 2.0, 2.0, 2.0, 2.0, 2.0, 2.0, 2.0, 2.0, 2.0, 2.0, 2.0, 2.0, 2.0, 2.0, 2.0, 2.0, 2.0, 2.0, 2.0, 2.0, 2.0, 2.0, 2.0, 2.0, 2.0, 2.0, 2.0, 2.0, 2.0, 2.0, 2.0, 2.0, 2.0, 2.0, 2.0, 2.0, 2.0, 2.0, 2.0, 2.0, 2.0, 2.0, 2.0, 2.0, 2.0, 2.0, 2.0, 2.0, 2.0, 2.0, 2.0, 2.0, 2.0, 2.0, 2.0, 2.0, 2.0, 2.0, 2.0, 2.0, 2.0, 2.0, 2.0, 2.0, 2.0, 2.0, 2.0, 2.0, 2.0, 2.0, 2.0, 2.0, 2.0, 2.0, 2.0, 2.0, 2.0, 2.0, 2.0, 2.0, 2.0, 2.0, 2.0, 2.0, 2.0, 2.0, 2.0, 2.0, 2.0, 2.0, 2.0, 2.0, 2.0, 2.0, 2.0, 2.0, 2.0, 2.0, 2.0, 2.0, 2.0, 2.0, 2.0, 2.0, 2.0, 2.0, 2.0, 2.0, 2.0, 2.0, 2.0, 2.0, 2.0, 2.0, 2.0, 2.0, 2.0, 2.0, 2.0, 2.0, 2.0, 2.0, 2.0, 2.0, 2.0, 2.0, 2.0, 2.0, 2.0, 2.0, 2.0, 2.0, 2.0, 2.0, 2.0, 2.0, 2.0, 2.0, 2.0, 2.0, 2.0, 2.0, 2.0, 2.0, 2.0, 2.0, 2.0, 2.0, 2.0, 2.0, 2.0, 2.0, 1.0, 1.0, 1.0, 1.0, 1.0, 1.0, 1.0, 1.0, 1.0, 1.0, 1.0, 1.0, 1.0, 0.0, 0.0, 0.0, 0.0, 0.0, 0.0, 0.0, 0.0, 0.0, 0.0, 0.0, 0.0, 0.0, 0.0, 0.0, 0.0, 0.0, 0.0, 0.0, 0.0, 0.0]",0.5,0.5,0,"[33, 33, 33, 33, 33, 33, 32, 16, 10, 4, 4, 4, 4, 4, 3, 3, 3, 3, 3, 3, 3, 3, 3, 3, 2, 2, 2, 2, 2, 2, 2, 2, 2, 2, 2, 2, 2, 2, 2, 2, 2, 2, 2, 2, 2, 2, 2, 2, 2, 2, 2, 2, 2, 2, 2, 2, 2, 2, 2, 2, 2, 2, 2, 2, 2, 2, 2, 2, 2, 2, 2, 2, 2, 2, 2, 2, 2, 2, 2, 2, 2, 2, 2, 2, 2, 2, 2, 2, 2, 2, 2, 2, 2, 2, 2, 2, 2, 2, 2, 2, 2, 2, 2, 2, 2, 2, 2, 2, 2, 2, 2, 2, 2, 2, 2, 2, 2, 2, 2, 2, 2, 2, 2, 2, 2, 2, 2, 2, 2, 2, 2, 2, 2, 2, 2, 2, 2, 2, 2, 2, 2, 2, 2, 2, 2, 2, 2, 2, 2, 2, 2, 2, 2, 2, 2, 2, 2, 2, 2, 2, 2, 2, 2, 2, 2, 2, 2, 2, 2, 2, 2, 2, 2, 2, 2, 2, 2, 2, 2, 2, 2, 2, 2, 2, 2, 2, 2, 2, 2, 2, 2, 2, 2, 2, 2, 2, 2, 2, 2, 2, 2, 2, 2, 2, 2, 2, 1, 1, 1, 1, 1, 1, 1, 1, 1, 1, 1, 1, 1, 0, 0, 0, 0, 0, 0, 0, 0, 0, 0, 0, 0, 0, 0, 0, 0, 0, 0, 0, 0, 0]",240,"[0.6806210279464722, 0.6157488822937012, 0.553644061088562, 0.5126261115074158, 0.48225998878479004, 0.45030277967453003, 0.42567503452301025, 0.3867969810962677, 0.3755660951137543, 0.3734574615955353, 0.3722926080226898, 0.3819448947906494, 0.3707736134529114, 0.36934173107147217, 0.383439838886261, 0.3952804505825043, 0.38183486461639404, 0.3830423355102539, 0.3835877478122711, 0.38071900606155396, 0.37957966327667236, 0.3914247155189514, 0.38120079040527344, 0.3874029517173767, 0.3845091164112091, 0.3981904089450836, 0.38329365849494934, 0.38139182329177856, 0.4001435935497284, 0.38215187191963196, 0.3801690936088562, 0.38217398524284363, 0.379966139793396, 0.39482977986335754, 0.380891889333725, 0.3818954527378082, 0.3788925111293793, 0.41220733523368835, 0.3792981207370758, 0.3789512515068054, 0.37847745418548584, 0.3786088228225708, 0.3779364824295044, 0.38125038146972656, 0.3779788911342621, 0.3780648112297058, 0.37775513529777527, 0.37857091426849365, 0.38128140568733215, 0.3808365762233734, 0.3775539696216583, 0.4466198980808258, 0.37699994444847107, 0.3766483664512634, 0.3767256438732147, 0.3779541850090027, 0.37767016887664795, 0.37706443667411804, 0.3761056065559387, 0.3809235692024231, 0.3771575093269348, 0.3814505338668823, 0.37864041328430176, 0.37599122524261475, 0.38472869992256165, 0.3773682713508606, 0.3792453706264496, 0.380042165517807, 0.39929497241973877, 0.3762125074863434, 0.37717700004577637, 0.3751366138458252, 0.37615540623664856, 0.3785041868686676, 0.38096076250076294, 0.39756661653518677, 0.3777833580970764, 0.38477569818496704, 0.3819971978664398, 0.3756241202354431, 0.3811875283718109, 0.3756127655506134, 0.38031691312789917, 0.3754943907260895, 0.3744485378265381, 0.38606739044189453, 0.37597620487213135, 0.3742181360721588, 0.3749985992908478, 0.3822041451931, 0.37588638067245483, 0.3873917758464813, 0.37664711475372314, 0.3871876895427704, 0.3951311409473419, 0.37821030616760254, 0.3761957287788391, 0.3737555742263794, 0.37399494647979736, 0.38053086400032043, 0.3784370422363281, 0.38247978687286377, 0.38017982244491577, 0.37544116377830505, 0.37506523728370667, 0.382877916097641, 0.3824504613876343, 0.3743860721588135, 0.41258591413497925, 0.37485969066619873, 0.3739849328994751, 0.37517279386520386, 0.37456321716308594, 0.3830077648162842, 0.3732142150402069, 0.37428319454193115, 0.3732706308364868, 0.37320297956466675, 0.39322760701179504, 0.37405452132225037, 0.3784763216972351, 0.37549445033073425, 0.37353432178497314, 0.38251712918281555, 0.3749088644981384, 0.37286484241485596, 0.3746388554573059, 0.3737521469593048, 0.3729232847690582, 0.37353265285491943, 0.3746299743652344, 0.3791086673736572, 0.37264901399612427, 0.3837612569332123, 0.37292757630348206, 0.38148948550224304, 0.37867146730422974, 0.37693455815315247, 0.372524619102478, 0.372895747423172, 0.37258920073509216, 0.3725906014442444, 0.37263908982276917, 0.37837547063827515, 0.37243640422821045, 0.37558895349502563, 0.37404096126556396, 0.3800700902938843, 0.37283721566200256, 0.38356876373291016, 0.37230464816093445, 0.37476813793182373, 0.3723239004611969, 0.3730317950248718, 0.37258079648017883, 0.3721991777420044, 0.37965530157089233, 0.3757045269012451, 0.37207356095314026, 0.38416558504104614, 0.37251976132392883, 0.37208327651023865, 0.37348800897598267, 0.37323516607284546, 0.38722553849220276, 0.37292593717575073, 0.37361231446266174, 0.37190955877304077, 0.3734683692455292, 0.3901965320110321, 0.3751637637615204, 0.4001619815826416, 0.372771680355072, 0.37183284759521484, 0.3771175146102905, 0.37326741218566895, 0.3718748390674591, 0.3718077540397644, 0.3720026910305023, 0.3731364905834198, 0.3738117218017578, 0.3726460635662079, 0.37177708745002747, 0.3802472651004791, 0.37612438201904297, 0.3826552927494049, 0.3718477487564087, 0.3780049979686737, 0.3944898545742035, 0.371673583984375, 0.3793746829032898, 0.3727530241012573, 0.3726775348186493, 0.3716531991958618, 0.3758373260498047, 0.3734548091888428, 0.3714994490146637, 0.37450873851776123, 0.37159621715545654, 0.3723355829715729, 0.3715808093547821, 0.39639386534690857, 0.3714355230331421, 0.37148037552833557, 0.3750230371952057, 0.37218379974365234, 0.41042935848236084, 0.39819154143333435, 0.3956690728664398, 0.39390915632247925, 0.39860987663269043, 0.39616337418556213, 0.3964698910713196, 0.3977086544036865, 0.39916107058525085, 0.40857386589050293, 0.3982091546058655, 0.3940460681915283, 0.3979964852333069, 0.41353291273117065, 0.41186705231666565, 0.40772545337677, 0.40725529193878174, 0.40815603733062744, 0.40747782588005066, 0.4223051071166992, 0.42623019218444824, 0.407248318195343, 0.4072553217411041, 0.40974825620651245, 0.4127882719039917, 0.4072531759738922, 0.43581753969192505, 0.41250842809677124, 0.4076572358608246, 0.4075842797756195, 0.4162502586841583, 0.4212198257446289, 0.4121440649032593, 0.44351670145988464]",0.0,"[33.0, 33.0, 33.0, 33.0, 33.0, 33.0, 32.0, 16.0, 10.0, 4.0, 4.0, 4.0, 4.0, 4.0, 3.0, 3.0, 3.0, 3.0, 3.0, 3.0, 3.0, 3.0, 3.0, 3.0, 2.0, 2.0, 2.0, 2.0, 2.0, 2.0, 2.0, 2.0, 2.0, 2.0, 2.0, 2.0, 2.0, 2.0, 2.0, 2.0, 2.0, 2.0, 2.0, 2.0, 2.0, 2.0, 2.0, 2.0, 2.0, 2.0, 2.0, 2.0, 2.0, 2.0, 2.0, 2.0, 2.0, 2.0, 2.0, 2.0, 2.0, 2.0, 2.0, 2.0, 2.0, 2.0, 2.0, 2.0, 2.0, 2.0, 2.0, 2.0, 2.0, 2.0, 2.0, 2.0, 2.0, 2.0, 2.0, 2.0, 2.0, 2.0, 2.0, 2.0, 2.0, 2.0, 2.0, 2.0, 2.0, 2.0, 2.0, 2.0, 2.0, 2.0, 2.0, 2.0, 2.0, 2.0, 2.0, 2.0, 2.0, 2.0, 2.0, 2.0, 2.0, 2.0, 2.0, 2.0, 2.0, 2.0, 2.0, 2.0, 2.0, 2.0, 2.0, 2.0, 2.0, 2.0, 2.0, 2.0, 2.0, 2.0, 2.0, 2.0, 2.0, 2.0, 2.0, 2.0, 2.0, 2.0, 2.0, 2.0, 2.0, 2.0, 2.0, 2.0, 2.0, 2.0, 2.0, 2.0, 2.0, 2.0, 2.0, 2.0, 2.0, 2.0, 2.0, 2.0, 2.0, 2.0, 2.0, 2.0, 2.0, 2.0, 2.0, 2.0, 2.0, 2.0, 2.0, 2.0, 2.0, 2.0, 2.0, 2.0, 2.0, 2.0, 2.0, 2.0, 2.0, 2.0, 2.0, 2.0, 2.0, 2.0, 2.0, 2.0, 2.0, 2.0, 2.0, 2.0, 2.0, 2.0, 2.0, 2.0, 2.0, 2.0, 2.0, 2.0, 2.0, 2.0, 2.0, 2.0, 2.0, 2.0, 2.0, 2.0, 2.0, 2.0, 2.0, 2.0, 2.0, 2.0, 2.0, 2.0, 2.0, 2.0, 1.0, 1.0, 1.0, 1.0, 1.0, 1.0, 1.0, 1.0, 1.0, 1.0, 1.0, 1.0, 1.0, 0.0, 0.0, 0.0, 0.0, 0.0, 0.0, 0.0, 0.0, 0.0, 0.0, 0.0, 0.0, 0.0, 0.0, 0.0, 0.0, 0.0, 0.0, 0.0, 0.0, 0.0]",COMPLETE
52,52,0.9141966482461902,2024-08-31 02:46:13.098171,2024-08-31 02:49:19.644176,0 days 00:03:06.546005,4,0.8126789316422106,6,115,0.017588018483328166,89,0.0011095810919878575,0.932,0.9275,13,"[33, 33, 33, 33, 33, 33, 33, 33, 33, 21, 17, 14, 13, 13, 13, 13, 13, 13, 13, 13, 13, 13, 13, 13, 13, 13, 13, 13, 13, 13, 13, 13, 13, 13, 13, 13, 13, 13, 13, 13, 13, 13, 13, 13, 13, 13, 13, 13, 13, 13, 13, 13, 13, 13, 13, 13, 13, 13, 13, 13, 13, 13, 13, 13, 13, 13, 13, 13, 13, 13, 13, 13, 13, 13, 13, 13, 13, 13, 13, 13, 13, 13, 13, 13, 13, 13, 13, 13, 13, 13, 13, 13, 13, 13, 13, 13, 13, 13, 13, 13, 13, 13, 13, 13, 13, 13, 13, 13, 13, 13, 13, 13, 13, 13, 13]",12.961833422507581,"[32.892277510255035, 32.90244337435348, 32.896557874085964, 32.8960228286071, 32.90351346531122, 32.90369181380417, 32.89709291956483, 32.89869805600143, 32.89459604066346, 20.93936151239522, 16.949349028000714, 13.95880149812734, 12.966113786338505, 12.970215801676474, 12.963973604423042, 12.965043695380775, 12.963973604423042, 12.967718922775102, 12.964508649901909, 12.967183877296236, 12.96736222578919, 12.966827180310325, 12.967718922775102, 12.964330301408953, 12.968075619761013, 12.965757089352595, 12.967183877296238, 12.962368467986446, 12.96557874085964, 12.962725164972355, 12.963260210451221, 12.964330301408953, 12.964686998394864, 12.961655074014624, 12.964686998394864, 12.9625468164794, 12.962368467986444, 12.964686998394864, 12.967540574282147, 12.966648831817372, 12.966113786338505, 12.966470483324416, 12.969145710718745, 12.970750847155342, 12.967362225789193, 12.964686998394864, 12.965043695380773, 12.963438558944176, 12.961655074014622, 12.965043695380775, 12.962725164972358, 12.964686998394864, 12.964686998394864, 12.969145710718745, 12.970572498662387, 12.968075619761013, 12.967362225789193, 12.967540574282147, 12.96700552880328, 12.964686998394864, 12.96593543784555, 12.966648831817372, 12.971642589620117, 12.969502407704654, 12.966827180310327, 12.968075619761013, 12.965043695380775, 12.966113786338505, 12.964686998394862, 12.966470483324418, 12.960941680042803, 12.961655074014624, 12.962011771000537, 12.962011771000537, 12.962546816479401, 12.962903513465312, 12.965400392366686, 12.962725164972355, 12.962190119493492, 12.966113786338505, 12.964330301408951, 12.962725164972355, 12.962546816479401, 12.965043695380775, 12.965578740859637, 12.967540574282147, 12.967183877296236, 12.968432316746924, 12.967718922775102, 12.967005528803282, 12.96700552880328, 12.96629213483146, 12.966827180310327, 12.967540574282147, 12.964686998394864, 12.96700552880328, 12.965043695380773, 12.965222043873728, 12.963438558944176, 12.965043695380773, 12.963616907437132, 12.9693240592117, 12.965400392366684, 12.964686998394864, 12.966292134831459, 12.96522204387373, 12.96522204387373, 12.963260210451221, 12.96522204387373, 12.969145710718744, 12.966470483324414, 12.966113786338505, 12.964330301408953, 12.96290351346531, 12.961833422507581]",0.9132423484341846,0.9141966482461902,13,"[33, 33, 33, 33, 33, 33, 33, 33, 33, 21, 17, 14, 13, 13, 13, 13, 13, 13, 13, 13, 13, 13, 13, 13, 13, 13, 13, 13, 13, 13, 13, 13, 13, 13, 13, 13, 13, 13, 13, 13, 13, 13, 13, 13, 13, 13, 13, 13, 13, 13, 13, 13, 13, 13, 13, 13, 13, 13, 13, 13, 13, 13, 13, 13, 13, 13, 13, 13, 13, 13, 13, 13, 13, 13, 13, 13, 13, 13, 13, 13, 13, 13, 13, 13, 13, 13, 13, 13, 13, 13, 13, 13, 13, 13, 13, 13, 13, 13, 13, 13, 13, 13, 13, 13, 13, 13, 13, 13, 13, 13, 13, 13, 13, 13, 13]",115,"[0.3794247508049011, 0.37039071321487427, 0.3626389801502228, 0.35789287090301514, 0.35144802927970886, 0.3504752218723297, 0.3439897894859314, 0.33849063515663147, 0.33332186937332153, 0.3332372307777405, 0.32438963651657104, 0.31541362404823303, 0.3100564479827881, 0.30332353711128235, 0.2963443696498871, 0.2886951267719269, 0.2807082235813141, 0.27334651350975037, 0.268598735332489, 0.26297494769096375, 0.259103387594223, 0.2559277415275574, 0.258282870054245, 0.24918366968631744, 0.24700932204723358, 0.24411697685718536, 0.24624967575073242, 0.24033918976783752, 0.2374490350484848, 0.2362051159143448, 0.23584097623825073, 0.23368288576602936, 0.2331346869468689, 0.23456577956676483, 0.2302219420671463, 0.2286934107542038, 0.23180770874023438, 0.2248256355524063, 0.22370405495166779, 0.22388391196727753, 0.2238565981388092, 0.22316910326480865, 0.22398723661899567, 0.22129683196544647, 0.21987293660640717, 0.22313696146011353, 0.21919462084770203, 0.21943499147891998, 0.21717849373817444, 0.21671245992183685, 0.21683897078037262, 0.21488691866397858, 0.21805545687675476, 0.21345192193984985, 0.21613633632659912, 0.2132333517074585, 0.21287132799625397, 0.21366968750953674, 0.20967379212379456, 0.21200881898403168, 0.20908521115779877, 0.20881415903568268, 0.21233788132667542, 0.2103126347064972, 0.2098972201347351, 0.20678791403770447, 0.2067025750875473, 0.20967704057693481, 0.20791634917259216, 0.20921286940574646, 0.20940431952476501, 0.20499615371227264, 0.20851030945777893, 0.2030654102563858, 0.2030642330646515, 0.2044771909713745, 0.20531602203845978, 0.20543372631072998, 0.20301157236099243, 0.20186524093151093, 0.2025512456893921, 0.20307978987693787, 0.19960354268550873, 0.2010478973388672, 0.2013675719499588, 0.20468255877494812, 0.20010888576507568, 0.20580624043941498, 0.20487074553966522, 0.19871050119400024, 0.19745704531669617, 0.1995970606803894, 0.20341116189956665, 0.1970682293176651, 0.19720247387886047, 0.19780883193016052, 0.19636206328868866, 0.19702674448490143, 0.19637931883335114, 0.19712084531784058, 0.19636163115501404, 0.19885315001010895, 0.1959558129310608, 0.1978951394557953, 0.197027325630188, 0.19788087904453278, 0.19494286179542542, 0.19571827352046967, 0.19555874168872833, 0.19505029916763306, 0.1957305371761322, 0.19451701641082764, 0.19598104059696198, 0.19312013685703278, 0.1949547380208969]",13.0,"[33.0, 33.0, 33.0, 33.0, 33.0, 33.0, 33.0, 33.0, 33.0, 21.0, 17.0, 14.0, 13.0, 13.0, 13.0, 13.0, 13.0, 13.0, 13.0, 13.0, 13.0, 13.0, 13.0, 13.0, 13.0, 13.0, 13.0, 13.0, 13.0, 13.0, 13.0, 13.0, 13.0, 13.0, 13.0, 13.0, 13.0, 13.0, 13.0, 13.0, 13.0, 13.0, 13.0, 13.0, 13.0, 13.0, 13.0, 13.0, 13.0, 13.0, 13.0, 13.0, 13.0, 13.0, 13.0, 13.0, 13.0, 13.0, 13.0, 13.0, 13.0, 13.0, 13.0, 13.0, 13.0, 13.0, 13.0, 13.0, 13.0, 13.0, 13.0, 13.0, 13.0, 13.0, 13.0, 13.0, 13.0, 13.0, 13.0, 13.0, 13.0, 13.0, 13.0, 13.0, 13.0, 13.0, 13.0, 13.0, 13.0, 13.0, 13.0, 13.0, 13.0, 13.0, 13.0, 13.0, 13.0, 13.0, 13.0, 13.0, 13.0, 13.0, 13.0, 13.0, 13.0, 13.0, 13.0, 13.0, 13.0, 13.0, 13.0, 13.0, 13.0, 13.0, 13.0]",COMPLETE
