,number,value,datetime_start,datetime_complete,duration,params_batch_size_scaler,params_constant_learning_rate,params_depth,params_epochs,params_kernel_l2,params_num_trees,params_temperature,user_attrs_accuracy_test,user_attrs_accuracy_valid,user_attrs_approximate_feature_sparsity,user_attrs_approximate_feature_sparsity_history,user_attrs_approximate_weight_sparsity,user_attrs_approximate_weight_sparsity_history,user_attrs_auc_test,user_attrs_auc_valid,user_attrs_feature_sparsity,user_attrs_feature_sparsity_history,user_attrs_num_epochs,user_attrs_val_loss_history,user_attrs_weight_sparsity,user_attrs_weight_sparsity_history,state
3,3,0.4894050057322461,2024-08-31 00:36:02.616052,2024-08-31 00:36:18.433018,0 days 00:00:15.816966,64,6.552571068132414,3,140,0.25302746180755553,32,0.008217059247291035,0.859,0.85875,2,"[33, 3, 1, 4, 4, 2, 1, 1, 2, 3, 3, 3, 3, 1, 1, 2, 1, 1, 3, 2, 2, 2, 2, 2, 2, 2, 2, 2, 2, 1, 1, 1, 2, 2, 2, 2, 2, 2, 1, 1, 1, 2, 2, 2, 2, 2, 2, 2, 2, 2, 2, 2, 2, 2, 2, 2, 2, 2, 2, 2, 2, 2, 2, 2, 2, 2, 2, 2, 2, 2, 2, 2, 2, 2, 2, 2, 2, 2, 2, 3, 2, 2, 2, 2, 2, 2, 2, 2, 2, 2, 2, 2, 2, 2, 2, 2, 2, 2, 2, 2, 2, 2, 2, 2, 2, 2, 2, 2, 2, 2, 2, 2, 2, 2, 2, 2, 2, 2, 2, 2, 2, 2, 2, 2, 2, 2, 2, 2, 2, 2, 2, 2, 2, 2, 2, 2, 2, 2, 2, 2]",2.0,"[32.97321428571429, 3.0, 1.0, 4.0, 3.9955357142857144, 1.9955357142857144, 1.0, 1.0, 1.9955357142857144, 2.9776785714285716, 2.9955357142857144, 2.9955357142857144, 2.991071428571429, 1.0, 1.0, 1.9955357142857144, 1.0, 1.0, 2.982142857142857, 2.0, 1.9955357142857144, 1.9955357142857144, 1.9955357142857144, 2.0, 1.9910714285714286, 2.0, 2.0, 1.9955357142857144, 1.9955357142857144, 0.9955357142857143, 0.9955357142857143, 0.9866071428571429, 1.9955357142857144, 1.9910714285714286, 1.9910714285714286, 1.9866071428571428, 1.9866071428571428, 1.9955357142857144, 0.9866071428571429, 0.9955357142857143, 1.0, 1.9598214285714286, 1.9776785714285714, 1.9776785714285714, 1.9866071428571428, 1.9866071428571428, 1.9866071428571428, 1.9821428571428572, 1.9910714285714286, 1.9910714285714286, 1.9866071428571428, 2.0, 2.0, 2.0, 2.0, 2.0, 1.9955357142857144, 1.9955357142857144, 1.9955357142857144, 1.9955357142857144, 2.0, 1.9955357142857144, 2.0, 2.0, 1.9910714285714286, 2.0, 2.0, 1.9910714285714286, 1.9955357142857144, 1.9955357142857144, 1.9955357142857144, 1.9910714285714286, 1.9955357142857144, 1.9955357142857144, 1.9955357142857144, 1.9955357142857144, 1.9910714285714286, 1.9955357142857144, 1.9955357142857144, 2.9642857142857144, 1.9955357142857144, 1.9955357142857144, 2.0, 1.9955357142857144, 2.0, 2.0, 2.0, 2.0, 2.0, 2.0, 2.0, 2.0, 2.0, 2.0, 1.9955357142857144, 2.0, 2.0, 2.0, 2.0, 2.0, 2.0, 1.9955357142857144, 1.9955357142857144, 2.0, 2.0, 2.0, 2.0, 2.0, 2.0, 2.0, 2.0, 2.0, 2.0, 1.9955357142857144, 2.0, 2.0, 2.0, 2.0, 2.0, 2.0, 2.0, 2.0, 2.0, 2.0, 2.0, 1.9955357142857144, 2.0, 2.0, 2.0, 2.0, 2.0, 2.0, 1.9955357142857144, 2.0, 2.0, 2.0, 2.0, 2.0, 2.0, 2.0]",0.4993229798792923,0.4894050057322461,2,"[33, 3, 1, 4, 4, 2, 1, 1, 2, 3, 3, 3, 3, 1, 1, 2, 1, 1, 3, 2, 2, 2, 2, 2, 2, 2, 2, 2, 2, 1, 1, 1, 2, 2, 2, 2, 2, 2, 1, 1, 1, 2, 2, 2, 2, 2, 2, 2, 2, 2, 2, 2, 2, 2, 2, 2, 2, 2, 2, 2, 2, 2, 2, 2, 2, 2, 2, 2, 2, 2, 2, 2, 2, 2, 2, 2, 2, 2, 2, 3, 2, 2, 2, 2, 2, 2, 2, 2, 2, 2, 2, 2, 2, 2, 2, 2, 2, 2, 2, 2, 2, 2, 2, 2, 2, 2, 2, 2, 2, 2, 2, 2, 2, 2, 2, 2, 2, 2, 2, 2, 2, 2, 2, 2, 2, 2, 2, 2, 2, 2, 2, 2, 2, 2, 2, 2, 2, 2, 2, 2]",140,"[6.110057830810547, 0.7840579748153687, 3.258582353591919, 6.5858049392700195, 3.334310293197632, 3.3493688106536865, 5.673797607421875, 4.332371711730957, 3.1538736820220947, 6.644026279449463, 2.154855966567993, 5.021029472351074, 4.581988334655762, 5.975490570068359, 2.7844693660736084, 6.492785453796387, 7.986456394195557, 1.1092857122421265, 4.907693862915039, 1.584900975227356, 5.037760257720947, 6.531315803527832, 7.2106709480285645, 5.147012710571289, 3.7203259468078613, 6.980535507202148, 8.81654167175293, 1.676174521446228, 0.9299085736274719, 3.1282763481140137, 7.626021862030029, 6.532995223999023, 3.0422754287719727, 1.2840995788574219, 6.6953444480896, 11.817856788635254, 3.0954720973968506, 6.876019477844238, 11.150311470031738, 2.9774439334869385, 6.975153923034668, 10.862873077392578, 1.447774052619934, 7.967230796813965, 13.191763877868652, 1.4636023044586182, 13.934343338012695, 3.4011809825897217, 9.24322509765625, 15.0055513381958, 2.902670383453369, 10.28227424621582, 17.15998649597168, 3.444455146789551, 10.555377960205078, 16.516021728515625, 2.30013370513916, 12.127835273742676, 13.98580551147461, 12.311418533325195, 6.0596394538879395, 13.768610000610352, 1.3833115100860596, 16.195188522338867, 13.252405166625977, 9.597166061401367, 13.407367706298828, 16.19791030883789, 5.111734867095947, 3.366926670074463, 13.035436630249023, 22.2452335357666, 5.2283616065979, 10.616055488586426, 20.21900177001953, 2.0209543704986572, 18.701038360595703, 2.8060684204101562, 13.364361763000488, 23.261272430419922, 5.501363754272461, 11.520097732543945, 3.8704943656921387, 14.738121032714844, 20.438112258911133, 2.1620068550109863, 14.662306785583496, 17.084882736206055, 19.41118049621582, 7.228236675262451, 5.01726770401001, 11.649460792541504, 11.915214538574219, 11.096787452697754, 15.145956039428711, 20.29520606994629, 8.2094144821167, 5.034054756164551, 16.325822830200195, 17.94056510925293, 16.055513381958008, 9.364999771118164, 19.712902069091797, 21.598772048950195, 11.417756080627441, 23.609277725219727, 3.404559373855591, 18.25315284729004, 13.839537620544434, 8.237070083618164, 22.506092071533203, 2.254481077194214, 16.151418685913086, 21.387929916381836, 13.527366638183594, 13.313396453857422, 17.449636459350586, 24.441267013549805, 5.2655158042907715, 10.583630561828613, 17.484115600585938, 13.421991348266602, 24.657733917236328, 5.774122714996338, 9.710954666137695, 19.830961227416992, 13.439497947692871, 11.227331161499023, 17.41459846496582, 19.771469116210938, 18.948713302612305, 13.038987159729004, 10.277321815490723, 22.39693832397461, 5.792889595031738, 6.729981899261475, 10.791821479797363, 18.40437126159668, 33.17045593261719, 9.61924934387207]",2.0,"[33.0, 3.0, 1.0, 4.0, 4.0, 2.0, 1.0, 1.0, 2.0, 3.0, 3.0, 3.0, 3.0, 1.0, 1.0, 2.0, 1.0, 1.0, 3.0, 2.0, 2.0, 2.0, 2.0, 2.0, 2.0, 2.0, 2.0, 2.0, 2.0, 1.0, 1.0, 1.0, 2.0, 2.0, 2.0, 2.0, 2.0, 2.0, 1.0, 1.0, 1.0, 2.0, 2.0, 2.0, 2.0, 2.0, 2.0, 2.0, 2.0, 2.0, 2.0, 2.0, 2.0, 2.0, 2.0, 2.0, 2.0, 2.0, 2.0, 2.0, 2.0, 2.0, 2.0, 2.0, 2.0, 2.0, 2.0, 2.0, 2.0, 2.0, 2.0, 2.0, 2.0, 2.0, 2.0, 2.0, 2.0, 2.0, 2.0, 3.0, 2.0, 2.0, 2.0, 2.0, 2.0, 2.0, 2.0, 2.0, 2.0, 2.0, 2.0, 2.0, 2.0, 2.0, 2.0, 2.0, 2.0, 2.0, 2.0, 2.0, 2.0, 2.0, 2.0, 2.0, 2.0, 2.0, 2.0, 2.0, 2.0, 2.0, 2.0, 2.0, 2.0, 2.0, 2.0, 2.0, 2.0, 2.0, 2.0, 2.0, 2.0, 2.0, 2.0, 2.0, 2.0, 2.0, 2.0, 2.0, 2.0, 2.0, 2.0, 2.0, 2.0, 2.0, 2.0, 2.0, 2.0, 2.0, 2.0, 2.0]",COMPLETE
