,number,value,datetime_start,datetime_complete,duration,params_batch_size_scaler,params_constant_learning_rate,params_depth,params_epochs,params_kernel_l2,params_num_trees,params_temperature,user_attrs_accuracy_test,user_attrs_accuracy_valid,user_attrs_approximate_feature_sparsity,user_attrs_approximate_feature_sparsity_history,user_attrs_approximate_weight_sparsity,user_attrs_approximate_weight_sparsity_history,user_attrs_auc_test,user_attrs_auc_valid,user_attrs_feature_sparsity,user_attrs_feature_sparsity_history,user_attrs_num_epochs,user_attrs_val_loss_history,user_attrs_weight_sparsity,user_attrs_weight_sparsity_history,state
68,68,0.8722675219950793,2024-08-31 03:30:23.223350,2024-08-31 03:30:57.797780,0 days 00:00:34.574430,4,0.359383003065843,2,180,0.04734441452250707,59,0.004816866552224728,0.904,0.91125,6,"[33, 33, 33, 31, 25, 13, 8, 7, 7, 7, 6, 6, 6, 6, 6, 6, 6, 6, 6, 6, 6, 6, 6, 6, 6, 6, 6, 6, 6, 6, 6, 6, 6, 6, 6, 6, 6, 6, 6, 6, 6, 6, 6, 6, 6, 6, 6, 6, 6, 6, 6, 6, 6, 6, 6, 6, 6, 6, 6, 6, 6, 6, 6, 6, 6, 6, 6, 6, 6, 6, 6, 6, 6, 6, 6, 6, 6, 6, 6, 6, 6, 6, 6, 6, 6, 6, 6, 6, 6, 6, 6, 6, 6, 6, 6, 6, 6, 6, 6, 6, 6, 6, 6, 6, 6, 6, 6, 6, 6, 6, 6, 6, 6, 6, 6, 6, 6, 6, 6, 6, 6, 6, 6, 6, 6, 6, 6, 6, 6, 6, 6, 6, 6, 6, 6, 6, 6, 6, 6, 6, 6, 6, 6, 6, 6, 6, 6, 6, 6, 6, 6, 6, 6, 6, 6, 6, 6, 6, 6, 6, 6, 6, 6, 6, 6, 6, 6, 6, 6, 6, 6, 6, 6, 6, 6, 6, 6, 6, 6, 6]",5.977401129943503,"[32.983050847457626, 32.983050847457626, 33.0, 30.983050847457626, 24.994350282485875, 12.98870056497175, 7.994350282485875, 6.994350282485875, 7.0, 6.983050847457628, 5.988700564971752, 5.983050847457627, 5.994350282485875, 6.0, 5.994350282485875, 5.988700564971752, 6.0, 6.0, 5.988700564971752, 5.988700564971752, 6.0, 6.0, 5.994350282485875, 5.994350282485875, 6.0, 6.0, 6.0, 6.0, 6.0, 6.0, 6.0, 5.994350282485875, 5.994350282485875, 5.994350282485875, 5.994350282485875, 6.0, 6.0, 6.0, 5.994350282485875, 5.9774011299435035, 5.994350282485875, 5.994350282485875, 5.994350282485875, 6.0, 5.994350282485875, 5.994350282485875, 5.994350282485875, 5.994350282485875, 5.988700564971752, 5.988700564971751, 6.0, 6.0, 5.994350282485875, 5.994350282485875, 6.0, 6.0, 6.0, 6.0, 5.994350282485875, 5.994350282485875, 5.994350282485875, 6.0, 6.0, 6.0, 5.994350282485875, 5.994350282485875, 5.994350282485875, 5.994350282485875, 5.994350282485875, 5.988700564971751, 6.0, 6.0, 6.0, 6.0, 6.0, 5.994350282485875, 6.0, 5.994350282485875, 5.994350282485875, 5.994350282485875, 6.0, 6.0, 5.994350282485875, 5.983050847457627, 6.0, 5.994350282485875, 5.994350282485875, 5.994350282485875, 5.994350282485875, 5.994350282485875, 5.994350282485875, 5.994350282485875, 6.0, 6.0, 6.0, 5.994350282485875, 5.994350282485875, 5.994350282485875, 6.0, 5.994350282485875, 6.0, 5.994350282485875, 5.983050847457627, 5.983050847457626, 5.988700564971751, 5.983050847457627, 5.983050847457627, 5.994350282485875, 5.983050847457627, 5.988700564971751, 5.994350282485875, 5.988700564971751, 5.983050847457627, 5.988700564971751, 5.983050847457628, 5.983050847457627, 5.994350282485875, 5.994350282485875, 6.0, 5.994350282485875, 6.0, 5.994350282485875, 6.0, 5.983050847457627, 5.983050847457627, 5.988700564971751, 5.994350282485875, 5.988700564971751, 5.994350282485875, 5.988700564971752, 5.994350282485875, 5.994350282485875, 5.994350282485875, 5.994350282485875, 5.988700564971752, 5.983050847457627, 5.994350282485875, 5.988700564971752, 5.983050847457627, 5.983050847457627, 5.988700564971752, 5.994350282485875, 5.983050847457628, 5.994350282485875, 6.0, 5.977401129943503, 5.971751412429379, 5.994350282485875, 5.983050847457627, 5.977401129943503, 5.9774011299435035, 6.0, 5.971751412429379, 5.983050847457628, 5.988700564971752, 5.977401129943503, 5.966101694915254, 5.983050847457627, 5.983050847457628, 5.983050847457627, 5.988700564971752, 5.988700564971752, 5.988700564971752, 5.983050847457628, 5.9774011299435035, 5.988700564971751, 5.983050847457628, 5.983050847457627, 5.9774011299435035, 5.988700564971752, 5.994350282485875, 5.9774011299435035, 5.9774011299435035, 5.988700564971752, 5.983050847457627, 5.971751412429379, 5.983050847457627, 5.9774011299435035, 5.9774011299435035, 5.977401129943503]",0.883197516492045,0.8722675219950793,6,"[33, 33, 33, 31, 25, 13, 8, 7, 7, 7, 6, 6, 6, 6, 6, 6, 6, 6, 6, 6, 6, 6, 6, 6, 6, 6, 6, 6, 6, 6, 6, 6, 6, 6, 6, 6, 6, 6, 6, 6, 6, 6, 6, 6, 6, 6, 6, 6, 6, 6, 6, 6, 6, 6, 6, 6, 6, 6, 6, 6, 6, 6, 6, 6, 6, 6, 6, 6, 6, 6, 6, 6, 6, 6, 6, 6, 6, 6, 6, 6, 6, 6, 6, 6, 6, 6, 6, 6, 6, 6, 6, 6, 6, 6, 6, 6, 6, 6, 6, 6, 6, 6, 6, 6, 6, 6, 6, 6, 6, 6, 6, 6, 6, 6, 6, 6, 6, 6, 6, 6, 6, 6, 6, 6, 6, 6, 6, 6, 6, 6, 6, 6, 6, 6, 6, 6, 6, 6, 6, 6, 6, 6, 6, 6, 6, 6, 6, 6, 6, 6, 6, 6, 6, 6, 6, 6, 6, 6, 6, 6, 6, 6, 6, 6, 6, 6, 6, 6, 6, 6, 6, 6, 6, 6, 6, 6, 6, 6, 6, 6]",180,"[0.40089139342308044, 0.36646804213523865, 0.35897934436798096, 0.34807372093200684, 0.331227570772171, 0.32241180539131165, 0.33187979459762573, 0.3163765072822571, 0.3136533796787262, 0.3053853511810303, 0.2963041365146637, 0.2956709861755371, 0.288161963224411, 0.28005048632621765, 0.2760317623615265, 0.30955761671066284, 0.29043930768966675, 0.27053532004356384, 0.27642959356307983, 0.29013895988464355, 0.26830101013183594, 0.2757931649684906, 0.2654377520084381, 0.26756608486175537, 0.2647096514701843, 0.26504912972450256, 0.2581143379211426, 0.2622683644294739, 0.26186543703079224, 0.2585486173629761, 0.28473037481307983, 0.2559587359428406, 0.27823707461357117, 0.2563909590244293, 0.2658992409706116, 0.2543027400970459, 0.2580117881298065, 0.2578699290752411, 0.2563115656375885, 0.2695073187351227, 0.25170376896858215, 0.2602608799934387, 0.2664170563220978, 0.2974928617477417, 0.2512075901031494, 0.2531018853187561, 0.25082287192344666, 0.24967271089553833, 0.25052735209465027, 0.24993003904819489, 0.25091078877449036, 0.2844181954860687, 0.25766295194625854, 0.24899746477603912, 0.25800231099128723, 0.2489376813173294, 0.2690739929676056, 0.2522262632846832, 0.24774689972400665, 0.24800734221935272, 0.2458798736333847, 0.24857819080352783, 0.25598254799842834, 0.24742256104946136, 0.261981725692749, 0.25350338220596313, 0.2471788078546524, 0.2465183138847351, 0.246526300907135, 0.2451615184545517, 0.2456955760717392, 0.25982704758644104, 0.24783051013946533, 0.24409669637680054, 0.24587005376815796, 0.2460329383611679, 0.2665623724460602, 0.24656784534454346, 0.2586591839790344, 0.2569877803325653, 0.24395957589149475, 0.24436452984809875, 0.25575751066207886, 0.24521975219249725, 0.2521841526031494, 0.2548111081123352, 0.24462439119815826, 0.254869282245636, 0.24242359399795532, 0.24331344664096832, 0.2587442696094513, 0.2459985315799713, 0.24587398767471313, 0.24954284727573395, 0.25558292865753174, 0.24918964505195618, 0.24442316591739655, 0.24471229314804077, 0.24332121014595032, 0.2456006407737732, 0.24611802399158478, 0.253664493560791, 0.24821650981903076, 0.2531149387359619, 0.2407469004392624, 0.24172095954418182, 0.24093295633792877, 0.2424624115228653, 0.2447756826877594, 0.24436789751052856, 0.24861960113048553, 0.2547960579395294, 0.25858762860298157, 0.24303583800792694, 0.2530868649482727, 0.24394062161445618, 0.2608095407485962, 0.2559129595756531, 0.2540270686149597, 0.24109984934329987, 0.24965184926986694, 0.3202753961086273, 0.24497947096824646, 0.245345801115036, 0.24478071928024292, 0.26195406913757324, 0.2431597113609314, 0.2436036616563797, 0.2432582825422287, 0.24250847101211548, 0.24301715195178986, 0.25547367334365845, 0.25021639466285706, 0.24587193131446838, 0.2433161735534668, 0.24138762056827545, 0.24065957963466644, 0.24778608977794647, 0.25385960936546326, 0.25747281312942505, 0.26968827843666077, 0.24284149706363678, 0.2502140998840332, 0.24016223847866058, 0.23861899971961975, 0.263878732919693, 0.24703003466129303, 0.24103355407714844, 0.26748982071876526, 0.2408345341682434, 0.24787713587284088, 0.23965094983577728, 0.289730042219162, 0.24234828352928162, 0.2423248440027237, 0.27612587809562683, 0.2448691874742508, 0.25112834572792053, 0.24019084870815277, 0.24363712966442108, 0.2465844601392746, 0.24987146258354187, 0.2554340064525604, 0.24226409196853638, 0.3105756342411041, 0.24656933546066284, 0.24507249891757965, 0.24404098093509674, 0.2535615861415863, 0.24700109660625458, 0.272129625082016, 0.23960720002651215, 0.24164710938930511, 0.24278369545936584, 0.2412825971841812, 0.2588462829589844, 0.24322360754013062, 0.24391618371009827, 0.2473035752773285, 0.25192856788635254]",6.0,"[33.0, 33.0, 33.0, 31.0, 25.0, 13.0, 8.0, 7.0, 7.0, 7.0, 6.0, 6.0, 6.0, 6.0, 6.0, 6.0, 6.0, 6.0, 6.0, 6.0, 6.0, 6.0, 6.0, 6.0, 6.0, 6.0, 6.0, 6.0, 6.0, 6.0, 6.0, 6.0, 6.0, 6.0, 6.0, 6.0, 6.0, 6.0, 6.0, 6.0, 6.0, 6.0, 6.0, 6.0, 6.0, 6.0, 6.0, 6.0, 6.0, 6.0, 6.0, 6.0, 6.0, 6.0, 6.0, 6.0, 6.0, 6.0, 6.0, 6.0, 6.0, 6.0, 6.0, 6.0, 6.0, 6.0, 6.0, 6.0, 6.0, 6.0, 6.0, 6.0, 6.0, 6.0, 6.0, 6.0, 6.0, 6.0, 6.0, 6.0, 6.0, 6.0, 6.0, 6.0, 6.0, 6.0, 6.0, 6.0, 6.0, 6.0, 6.0, 6.0, 6.0, 6.0, 6.0, 6.0, 6.0, 6.0, 6.0, 6.0, 6.0, 6.0, 6.0, 6.0, 6.0, 6.0, 6.0, 6.0, 6.0, 6.0, 6.0, 6.0, 6.0, 6.0, 6.0, 6.0, 6.0, 6.0, 6.0, 6.0, 6.0, 6.0, 6.0, 6.0, 6.0, 6.0, 6.0, 6.0, 6.0, 6.0, 6.0, 6.0, 6.0, 6.0, 6.0, 6.0, 6.0, 6.0, 6.0, 6.0, 6.0, 6.0, 6.0, 6.0, 6.0, 6.0, 6.0, 6.0, 6.0, 6.0, 6.0, 6.0, 6.0, 6.0, 6.0, 6.0, 6.0, 6.0, 6.0, 6.0, 6.0, 6.0, 6.0, 6.0, 6.0, 6.0, 6.0, 6.0, 6.0, 6.0, 6.0, 6.0, 6.0, 6.0, 6.0, 6.0, 6.0, 6.0, 6.0, 6.0]",COMPLETE
69,69,0.9205472040808439,2024-08-31 03:30:59.115893,2024-08-31 03:36:12.376809,0 days 00:05:13.260916,4,0.30606682348167724,6,195,0.3263401291953123,49,0.011371359578441572,0.946,0.95625,17,"[33, 33, 33, 33, 33, 33, 32, 32, 32, 29, 26, 25, 24, 23, 22, 21, 20, 20, 20, 20, 20, 19, 19, 19, 19, 19, 19, 19, 19, 19, 19, 19, 19, 19, 19, 19, 19, 19, 19, 19, 19, 19, 19, 19, 19, 19, 18, 18, 18, 18, 18, 18, 18, 18, 18, 17, 17, 17, 17, 17, 17, 17, 17, 17, 17, 17, 17, 17, 17, 17, 17, 17, 17, 17, 17, 17, 17, 17, 17, 17, 17, 17, 17, 17, 17, 17, 17, 17, 17, 17, 17, 17, 17, 17, 17, 17, 17, 17, 17, 17, 17, 17, 17, 17, 17, 17, 17, 17, 17, 17, 17, 17, 17, 17, 17, 17, 17, 17, 17, 17, 17, 17, 17, 17, 17, 17, 17, 17, 17, 17, 17, 17, 17, 17, 17, 17, 17, 17, 17, 17, 17, 17, 17, 17, 17, 17, 17, 17, 17, 17, 17, 17, 17, 17, 17, 17, 17, 17, 17, 17, 17, 17, 17, 17, 17, 17, 17, 17, 17, 17, 17, 17, 17, 17, 17, 17, 17, 17, 17, 17, 17, 17, 17, 17, 17, 17, 17, 17, 17, 17, 17, 17, 17, 17, 17]",16.941690962099127,"[32.925170068027214, 32.919663103336575, 32.92938127632005, 32.91836734693878, 32.910592808551996, 32.91480401684483, 31.919015225137674, 31.929057337220602, 31.923226433430518, 28.929057337220602, 25.935212180110142, 24.934888241010693, 23.942662779397473, 22.94881762228701, 21.940719144800777, 20.950761256883705, 19.952704891480405, 19.955620343375447, 19.955620343375447, 19.95821185617104, 19.9527048914804, 18.954648526077097, 18.9527048914804, 18.954648526077097, 18.95302883057985, 18.950761256883705, 18.954648526077097, 18.9540006478782, 18.954972465176546, 18.95432458697765, 18.95432458697765, 18.95497246517655, 18.956916099773245, 18.9533527696793, 18.962099125364432, 18.960803368966634, 18.95756397797214, 18.954648526077097, 18.9540006478782, 18.951085195983154, 18.946550048590865, 18.951409135082603, 18.946226109491416, 18.94816974408811, 18.942662779397473, 18.950113378684808, 17.94816974408811, 17.94849368318756, 17.950113378684808, 17.948817622287013, 17.94784580498866, 17.94978943958536, 17.949789439585356, 17.9533527696793, 17.95367670877875, 16.960803368966637, 16.959183673469386, 16.955620343375447, 16.95853579527049, 16.960479429867185, 16.957563977972143, 16.955944282474896, 16.9540006478782, 16.960155490767733, 16.95788791707159, 16.960155490767736, 16.959183673469386, 16.960803368966634, 16.957563977972143, 16.957563977972143, 16.953352769679302, 16.955944282474896, 16.952380952380953, 16.954972465176546, 16.954972465176546, 16.9540006478782, 16.95432458697765, 16.953352769679302, 16.95691609977324, 16.960155490767736, 16.959831551668287, 16.955296404275995, 16.956268221574344, 16.95724003887269, 16.955620343375447, 16.95432458697765, 16.957240038872694, 16.952380952380953, 16.951733074182055, 16.955296404275998, 16.95724003887269, 16.955296404275995, 16.955296404275998, 16.953352769679302, 16.950437317784257, 16.947845804988663, 16.95432458697765, 16.950113378684808, 16.9540006478782, 16.953676708778747, 16.95497246517655, 16.94978943958536, 16.9527048914804, 16.95432458697765, 16.950113378684808, 16.949465500485907, 16.945254292193066, 16.94978943958536, 16.950437317784257, 16.94849368318756, 16.950113378684808, 16.950113378684808, 16.948169744088112, 16.949465500485907, 16.946550048590865, 16.947197926789766, 16.94460641399417, 16.942662779397473, 16.94395853579527, 16.94881762228701, 16.94525429219307, 16.942986718496922, 16.944930353093618, 16.947845804988663, 16.94849368318756, 16.948169744088112, 16.946873987690317, 16.946873987690314, 16.94395853579527, 16.942986718496922, 16.94493035309362, 16.945578231292515, 16.942014901198576, 16.945902170391967, 16.94460641399417, 16.94914156138646, 16.949465500485907, 16.946873987690314, 16.941690962099127, 16.94428247489472, 16.944282474894717, 16.94557823129252, 16.947197926789766, 16.94428247489472, 16.94395853579527, 16.946873987690314, 16.946873987690314, 16.94557823129252, 16.945902170391964, 16.945578231292515, 16.946550048590865, 16.942986718496922, 16.94039520570133, 16.942014901198572, 16.942986718496922, 16.93586005830904, 16.938127632005184, 16.93780369290573, 16.941690962099127, 16.944282474894717, 16.94557823129252, 16.946550048590865, 16.949465500485907, 16.951733074182055, 16.948169744088112, 16.94752186588921, 16.948169744088112, 16.94881762228701, 16.950113378684804, 16.94849368318756, 16.94816974408811, 16.942986718496922, 16.941043083900226, 16.93974732750243, 16.93909944930353, 16.938127632005184, 16.936831875607385, 16.936183997408488, 16.934240362811792, 16.93359248461289, 16.93359248461289, 16.937479753806286, 16.936183997408488, 16.936183997408488, 16.936831875607385, 16.938451571104633, 16.93845157110463, 16.936831875607385, 16.93521218011014, 16.93456430191124, 16.936507936507937, 16.937155814706834, 16.94395853579527, 16.939423388402982, 16.941690962099127]",0.9085444893039077,0.9205472040808439,17,"[33, 33, 33, 33, 33, 33, 32, 32, 32, 29, 26, 25, 24, 23, 22, 21, 20, 20, 20, 20, 20, 19, 19, 19, 19, 19, 19, 19, 19, 19, 19, 19, 19, 19, 19, 19, 19, 19, 19, 19, 19, 19, 19, 19, 19, 19, 18, 18, 18, 18, 18, 18, 18, 18, 18, 17, 17, 17, 17, 17, 17, 17, 17, 17, 17, 17, 17, 17, 17, 17, 17, 17, 17, 17, 17, 17, 17, 17, 17, 17, 17, 17, 17, 17, 17, 17, 17, 17, 17, 17, 17, 17, 17, 17, 17, 17, 17, 17, 17, 17, 17, 17, 17, 17, 17, 17, 17, 17, 17, 17, 17, 17, 17, 17, 17, 17, 17, 17, 17, 17, 17, 17, 17, 17, 17, 17, 17, 17, 17, 17, 17, 17, 17, 17, 17, 17, 17, 17, 17, 17, 17, 17, 17, 17, 17, 17, 17, 17, 17, 17, 17, 17, 17, 17, 17, 17, 17, 17, 17, 17, 17, 17, 17, 17, 17, 17, 17, 17, 17, 17, 17, 17, 17, 17, 17, 17, 17, 17, 17, 17, 17, 17, 17, 17, 17, 17, 17, 17, 17, 17, 17, 17, 17, 17, 17]",195,"[0.39616936445236206, 0.3869507908821106, 0.3813153803348541, 0.3772113025188446, 0.37414419651031494, 0.3710547685623169, 0.36882486939430237, 0.36639776825904846, 0.36409005522727966, 0.36141371726989746, 0.35873955488204956, 0.35741275548934937, 0.35381370782852173, 0.3513064682483673, 0.3488955795764923, 0.3451939821243286, 0.3424763083457947, 0.34015506505966187, 0.3374549150466919, 0.33483994007110596, 0.33233222365379333, 0.3271101713180542, 0.32472142577171326, 0.3215731382369995, 0.31856009364128113, 0.31544020771980286, 0.3118804693222046, 0.30876803398132324, 0.3053182363510132, 0.30177053809165955, 0.29825276136398315, 0.29492321610450745, 0.2918678820133209, 0.28802815079689026, 0.285327672958374, 0.2823975682258606, 0.2796012759208679, 0.2768588066101074, 0.27466124296188354, 0.2719857692718506, 0.2697073221206665, 0.26809871196746826, 0.2653931677341461, 0.26341143250465393, 0.2618216276168823, 0.2601681053638458, 0.26146551966667175, 0.2595827281475067, 0.2571837604045868, 0.25602224469184875, 0.25431689620018005, 0.2530757188796997, 0.2518974840641022, 0.25048866868019104, 0.24875229597091675, 0.24880804121494293, 0.24750567972660065, 0.24627581238746643, 0.2453412264585495, 0.24337773025035858, 0.24187743663787842, 0.24083268642425537, 0.24047307670116425, 0.23888297379016876, 0.23790019750595093, 0.23670659959316254, 0.23567281663417816, 0.23479686677455902, 0.23412275314331055, 0.23313701152801514, 0.23208236694335938, 0.23165640234947205, 0.23048168420791626, 0.2300153523683548, 0.2303241342306137, 0.22849036753177643, 0.22672098875045776, 0.22653056681156158, 0.22523818910121918, 0.22467674314975739, 0.2249729335308075, 0.22457250952720642, 0.22451256215572357, 0.22408030927181244, 0.22160257399082184, 0.22058230638504028, 0.2203330546617508, 0.22006359696388245, 0.21891261637210846, 0.2188689112663269, 0.2170512080192566, 0.2172161340713501, 0.21672624349594116, 0.21577011048793793, 0.21603065729141235, 0.21454429626464844, 0.21350246667861938, 0.21331413090229034, 0.2135271430015564, 0.21296435594558716, 0.21160893142223358, 0.2111908495426178, 0.2111436277627945, 0.21038709580898285, 0.20963343977928162, 0.20950382947921753, 0.20914262533187866, 0.2078706920146942, 0.20960122346878052, 0.20849260687828064, 0.20673292875289917, 0.2070232331752777, 0.20616695284843445, 0.2053069919347763, 0.20519836246967316, 0.2062659114599228, 0.20554833114147186, 0.20523275434970856, 0.2039279043674469, 0.20249265432357788, 0.20409536361694336, 0.20199981331825256, 0.20149224996566772, 0.20134849846363068, 0.2008783221244812, 0.20236589014530182, 0.19992655515670776, 0.20074577629566193, 0.19965000450611115, 0.2001177966594696, 0.20194505155086517, 0.20036357641220093, 0.1982140988111496, 0.19863532483577728, 0.1992190182209015, 0.19787773489952087, 0.19792869687080383, 0.19798606634140015, 0.19826717674732208, 0.1971091330051422, 0.196046844124794, 0.19659265875816345, 0.19541816413402557, 0.19655604660511017, 0.19599637389183044, 0.19473503530025482, 0.1951178014278412, 0.19544266164302826, 0.19502457976341248, 0.19422458112239838, 0.19499173760414124, 0.1943119615316391, 0.1943950057029724, 0.1938261091709137, 0.19251781702041626, 0.19272111356258392, 0.19286781549453735, 0.19190305471420288, 0.1929103285074234, 0.19244679808616638, 0.19217556715011597, 0.19291579723358154, 0.1906651109457016, 0.19115960597991943, 0.19140610098838806, 0.19035311043262482, 0.19273854792118073, 0.19157861173152924, 0.19211557507514954, 0.19094717502593994, 0.1907806247472763, 0.19018858671188354, 0.1901492178440094, 0.1896534413099289, 0.1908905804157257, 0.18937915563583374, 0.1884765774011612, 0.189466193318367, 0.191327765583992, 0.18883386254310608, 0.1895810067653656, 0.1899859458208084, 0.18884190917015076, 0.18715839087963104, 0.18737173080444336, 0.18799878656864166, 0.18777842819690704, 0.1873742938041687, 0.18752917647361755, 0.18704311549663544, 0.18760967254638672, 0.1881679892539978, 0.18661674857139587, 0.1867692619562149, 0.18770383298397064]",17.0,"[33.0, 33.0, 33.0, 33.0, 33.0, 33.0, 32.0, 32.0, 32.0, 29.0, 26.0, 25.0, 24.0, 23.0, 22.0, 21.0, 20.0, 20.0, 20.0, 20.0, 20.0, 19.0, 19.0, 19.0, 19.0, 19.0, 19.0, 19.0, 19.0, 19.0, 19.0, 19.0, 19.0, 19.0, 19.0, 19.0, 19.0, 19.0, 19.0, 19.0, 19.0, 19.0, 19.0, 19.0, 19.0, 19.0, 18.0, 18.0, 18.0, 18.0, 18.0, 18.0, 18.0, 18.0, 18.0, 17.0, 17.0, 17.0, 17.0, 17.0, 17.0, 17.0, 17.0, 17.0, 17.0, 17.0, 17.0, 17.0, 17.0, 17.0, 17.0, 17.0, 17.0, 17.0, 17.0, 17.0, 17.0, 17.0, 17.0, 17.0, 17.0, 17.0, 17.0, 17.0, 17.0, 17.0, 17.0, 17.0, 17.0, 17.0, 17.0, 17.0, 17.0, 17.0, 17.0, 17.0, 17.0, 17.0, 17.0, 17.0, 17.0, 17.0, 17.0, 17.0, 17.0, 17.0, 17.0, 17.0, 17.0, 17.0, 17.0, 17.0, 17.0, 17.0, 17.0, 17.0, 17.0, 17.0, 17.0, 17.0, 17.0, 17.0, 17.0, 17.0, 17.0, 17.0, 17.0, 17.0, 17.0, 17.0, 17.0, 17.0, 17.0, 17.0, 17.0, 17.0, 17.0, 17.0, 17.0, 17.0, 17.0, 17.0, 17.0, 17.0, 17.0, 17.0, 17.0, 17.0, 17.0, 17.0, 17.0, 17.0, 17.0, 17.0, 17.0, 17.0, 17.0, 17.0, 17.0, 17.0, 17.0, 17.0, 17.0, 17.0, 17.0, 17.0, 17.0, 17.0, 17.0, 17.0, 17.0, 17.0, 17.0, 17.0, 17.0, 17.0, 17.0, 17.0, 17.0, 17.0, 17.0, 17.0, 17.0, 17.0, 17.0, 17.0, 17.0, 17.0, 17.0, 17.0, 17.0, 17.0, 17.0, 17.0, 17.0]",COMPLETE
