,number,value,datetime_start,datetime_complete,duration,params_batch_size_scaler,params_constant_learning_rate,params_depth,params_epochs,params_kernel_l2,params_num_trees,params_temperature,user_attrs_accuracy_test,user_attrs_accuracy_valid,user_attrs_approximate_feature_sparsity,user_attrs_approximate_feature_sparsity_history,user_attrs_approximate_weight_sparsity,user_attrs_approximate_weight_sparsity_history,user_attrs_auc_test,user_attrs_auc_valid,user_attrs_feature_sparsity,user_attrs_feature_sparsity_history,user_attrs_num_epochs,user_attrs_val_loss_history,user_attrs_weight_sparsity,user_attrs_weight_sparsity_history,state
35,35,0.8922466540428436,2024-08-31 01:39:39.189949,2024-08-31 01:43:13.666640,0 days 00:03:34.476691,16,0.09800911520837036,5,400,0.0017862700187912868,73,0.0023369633240568474,0.897,0.8925,33,"[33, 33, 33, 33, 33, 33, 33, 33, 33, 33, 33, 33, 33, 33, 33, 33, 33, 33, 33, 33, 33, 33, 33, 33, 33, 33, 33, 33, 33, 33, 33, 33, 33, 33, 33, 33, 33, 33, 33, 33, 33, 33, 33, 33, 33, 33, 33, 33, 33, 33, 33, 33, 33, 33, 33, 33, 33, 33, 33, 33, 33, 33, 33, 33, 33, 33, 33, 33, 33, 33, 33, 33, 33, 33, 33, 33, 33, 33, 33, 33, 33, 33, 33, 33, 33, 33, 33, 33, 33, 33, 33, 33, 33, 33, 33, 33, 33, 33, 33, 33, 33, 33, 33, 33, 33, 33, 33, 33, 33, 33, 33, 33, 33, 33, 33, 33, 33, 33, 33, 33, 33, 33, 33, 33, 33, 33, 33, 33, 33, 33, 33, 33, 33, 33, 33, 33, 33, 33, 33, 33, 33, 33, 33, 33, 33, 33, 33, 33, 33, 33, 33, 33, 33, 33, 33, 33, 33, 33, 33, 33, 33, 33, 33, 33, 33, 33, 33, 33, 33, 33, 33, 33, 33, 33, 33, 33, 33, 33, 33, 33, 33, 33, 33, 33, 33, 33, 33, 33, 33, 33, 33, 33, 33, 33, 33, 33, 33, 33, 33, 33, 33, 33, 33, 33, 33, 33, 33, 33, 33, 33, 33, 33, 33, 33, 33, 33, 33, 33, 33, 33, 33, 33, 33, 33, 33, 33, 33, 33, 33, 33, 33, 33, 33, 33, 33, 33, 33, 33, 33, 33, 33, 33, 33, 33, 33, 33, 33, 33, 33, 33, 33, 33, 33, 33, 33, 33, 33, 33, 33, 33, 33, 33, 33, 33, 33, 33, 33, 33, 33, 33, 33, 33, 33, 33, 33, 33, 33, 33, 33, 33, 33, 33, 33, 33, 33, 33, 33, 33, 33, 33, 33, 33, 33, 33, 33, 33, 33, 33, 33, 33, 33, 33, 33, 33, 33, 33, 33, 33, 33, 33, 33, 33, 33, 33, 33, 33, 33, 33, 33, 33, 33, 33, 33, 33, 33, 33, 33, 33, 33, 33, 33, 33, 33, 33, 33, 33, 33, 33, 33, 33, 33, 33, 33, 33, 33, 33, 33, 33, 33, 33, 33, 33, 33, 33, 33, 33, 33, 33, 33, 33, 33, 33, 33, 33, 33, 33, 33, 33, 33, 33, 33, 33, 33, 33, 33, 33, 33, 33, 33, 33, 33, 33, 33, 33, 33, 33, 33, 33, 33, 33, 33, 33, 33, 33, 33, 33, 33, 33, 33, 33]",32.94432169686257,"[32.93371630578878, 32.927087936367656, 32.93150684931507, 32.933274414494036, 32.935483870967744, 32.94122845779938, 32.93990278391516, 32.93769332744145, 32.939019001325676, 32.938577110030934, 32.93813521873619, 32.935925762262485, 32.93371630578878, 32.93415819708352, 32.92841361025188, 32.93371630578878, 32.933274414494036, 32.93460008837826, 32.933274414494036, 32.92929739284136, 32.94432169686257, 32.939019001325676, 32.93725143614671, 32.93460008837826, 32.935041979673, 32.93990278391516, 32.93813521873619, 32.93813521873619, 32.93106495802033, 32.92797171895714, 32.92576226248343, 32.92045956694653, 32.92045956694653, 32.92532037118869, 32.923552806009724, 32.926646045072914, 32.92929739284136, 32.92841361025188, 32.92841361025188, 32.929739284136105, 32.927087936367656, 32.926646045072914, 32.92797171895714, 32.93150684931507, 32.933274414494036, 32.930181175430846, 32.92797171895714, 32.92797171895714, 32.92841361025188, 32.93106495802033, 32.933274414494036, 32.93239063190455, 32.93062306672559, 32.933274414494036, 32.932832523199295, 32.93239063190455, 32.927087936367656, 32.926646045072914, 32.92929739284136, 32.92797171895714, 32.926646045072914, 32.926646045072914, 32.927087936367656, 32.92487847989395, 32.92620415377817, 32.9222271321255, 32.92487847989395, 32.92532037118869, 32.9275298276624, 32.93239063190455, 32.9275298276624, 32.92576226248343, 32.9275298276624, 32.92443658859921, 32.92841361025188, 32.927087936367656, 32.92576226248343, 32.9275298276624, 32.926646045072914, 32.92797171895714, 32.91913389306231, 32.9222271321255, 32.921343349536016, 32.92443658859921, 32.92311091471498, 32.923552806009724, 32.91869200176757, 32.92311091471498, 32.92620415377817, 32.92885550154662, 32.932832523199295, 32.93239063190455, 32.93194874060981, 32.930181175430846, 32.927087936367656, 32.9275298276624, 32.92797171895714, 32.92443658859921, 32.926646045072914, 32.92311091471498, 32.92487847989395, 32.92620415377817, 32.92045956694653, 32.92178524083076, 32.92487847989395, 32.926646045072914, 32.92841361025188, 32.93150684931507, 32.93106495802033, 32.92841361025188, 32.92311091471498, 32.92178524083076, 32.921343349536016, 32.92178524083076, 32.92532037118869, 32.92532037118869, 32.92797171895714, 32.93106495802033, 32.92929739284136, 32.92885550154662, 32.92797171895714, 32.92885550154662, 32.927087936367656, 32.93106495802033, 32.93460008837826, 32.930181175430846, 32.92532037118869, 32.92443658859921, 32.926646045072914, 32.926646045072914, 32.926646045072914, 32.923994697304465, 32.92266902342024, 32.926646045072914, 32.92841361025188, 32.93150684931507, 32.929739284136105, 32.93062306672559, 32.93415819708352, 32.93415819708352, 32.932832523199295, 32.93371630578878, 32.92929739284136, 32.93415819708352, 32.93239063190455, 32.932832523199295, 32.93150684931507, 32.935925762262485, 32.942112240388866, 32.94122845779938, 32.939019001325676, 32.93371630578878, 32.930181175430846, 32.933274414494036, 32.935925762262485, 32.93946089262042, 32.93946089262042, 32.93460008837826, 32.93725143614671, 32.93680954485197, 32.93106495802033, 32.935041979673, 32.935041979673, 32.93194874060981, 32.929739284136105, 32.93062306672559, 32.930181175430846, 32.92797171895714, 32.930181175430846, 32.92576226248343, 32.92797171895714, 32.93106495802033, 32.93415819708352, 32.93062306672559, 32.938577110030934, 32.935483870967744, 32.93990278391516, 32.935925762262485, 32.93680954485197, 32.939019001325676, 32.933274414494036, 32.933274414494036, 32.935925762262485, 32.935041979673, 32.93239063190455, 32.92929739284136, 32.92311091471498, 32.92620415377817, 32.92576226248343, 32.92797171895714, 32.92797171895714, 32.92929739284136, 32.92576226248343, 32.92266902342024, 32.923552806009724, 32.923552806009724, 32.9275298276624, 32.93239063190455, 32.929739284136105, 32.93194874060981, 32.933274414494036, 32.932832523199295, 32.933274414494036, 32.93062306672559, 32.93636765355723, 32.93371630578878, 32.93415819708352, 32.935041979673, 32.93460008837826, 32.933274414494036, 32.93150684931507, 32.929739284136105, 32.930181175430846, 32.9275298276624, 32.92885550154662, 32.9275298276624, 32.93194874060981, 32.93415819708352, 32.93239063190455, 32.92797171895714, 32.93371630578878, 32.92929739284136, 32.93371630578878, 32.93415819708352, 32.935041979673, 32.935041979673, 32.935041979673, 32.93460008837826, 32.935041979673, 32.93062306672559, 32.93150684931507, 32.93239063190455, 32.93239063190455, 32.929739284136105, 32.92797171895714, 32.92929739284136, 32.93062306672559, 32.935041979673, 32.935483870967744, 32.929739284136105, 32.92797171895714, 32.92797171895714, 32.9222271321255, 32.927087936367656, 32.930181175430846, 32.929739284136105, 32.927087936367656, 32.93106495802033, 32.92929739284136, 32.935041979673, 32.93680954485197, 32.935483870967744, 32.935041979673, 32.935925762262485, 32.93725143614671, 32.93680954485197, 32.93636765355723, 32.93769332744145, 32.93813521873619, 32.935925762262485, 32.935041979673, 32.93415819708352, 32.93636765355723, 32.93636765355723, 32.93415819708352, 32.93813521873619, 32.93106495802033, 32.93371630578878, 32.93415819708352, 32.93946089262042, 32.941670349094125, 32.9403446752099, 32.93946089262042, 32.93371630578878, 32.939019001325676, 32.93680954485197, 32.93725143614671, 32.93460008837826, 32.93239063190455, 32.935483870967744, 32.93946089262042, 32.9403446752099, 32.94078656650464, 32.935925762262485, 32.935483870967744, 32.933274414494036, 32.935925762262485, 32.93636765355723, 32.93460008837826, 32.93636765355723, 32.93813521873619, 32.938577110030934, 32.93460008837826, 32.935041979673, 32.93460008837826, 32.935041979673, 32.93371630578878, 32.93150684931507, 32.932832523199295, 32.9275298276624, 32.926646045072914, 32.92885550154662, 32.93371630578878, 32.935483870967744, 32.93371630578878, 32.93460008837826, 32.93415819708352, 32.933274414494036, 32.93460008837826, 32.93636765355723, 32.93725143614671, 32.94122845779938, 32.93990278391516, 32.939019001325676, 32.93813521873619, 32.93769332744145, 32.94122845779938, 32.941670349094125, 32.94387980556783, 32.94432169686257, 32.94387980556783, 32.94829871851525, 32.94829871851525, 32.94829871851525, 32.94697304463102, 32.944763588157315, 32.93769332744145, 32.94122845779938, 32.93990278391516, 32.94255413168361, 32.93946089262042, 32.93946089262042, 32.93946089262042, 32.941670349094125, 32.941670349094125, 32.94078656650464, 32.93813521873619, 32.9403446752099, 32.94299602297835, 32.94299602297835, 32.942112240388866, 32.94122845779938, 32.93990278391516, 32.938577110030934, 32.935041979673, 32.93680954485197, 32.93946089262042, 32.94122845779938, 32.94078656650464, 32.941670349094125, 32.93946089262042, 32.941670349094125, 32.94122845779938, 32.942112240388866, 32.94255413168361, 32.94122845779938, 32.93990278391516, 32.93813521873619, 32.94078656650464, 32.935925762262485, 32.93769332744145, 32.93636765355723, 32.93371630578878, 32.93680954485197, 32.93769332744145, 32.938577110030934, 32.94343791427309, 32.944763588157315, 32.942112240388866, 32.94432169686257, 32.942112240388866, 32.94387980556783, 32.94255413168361, 32.942112240388866, 32.9403446752099, 32.93990278391516, 32.93813521873619, 32.93460008837826, 32.93813521873619, 32.93813521873619, 32.935483870967744, 32.93680954485197, 32.935483870967744, 32.93813521873619, 32.939019001325676, 32.94078656650464, 32.94255413168361, 32.94343791427309, 32.94078656650464, 32.94078656650464, 32.93990278391516, 32.93725143614671, 32.939019001325676, 32.941670349094125, 32.94387980556783, 32.94432169686257, 32.94299602297835, 32.94653115333628, 32.94432169686257, 32.94432169686257]",0.8771703861491591,0.8922466540428436,33,"[33, 33, 33, 33, 33, 33, 33, 33, 33, 33, 33, 33, 33, 33, 33, 33, 33, 33, 33, 33, 33, 33, 33, 33, 33, 33, 33, 33, 33, 33, 33, 33, 33, 33, 33, 33, 33, 33, 33, 33, 33, 33, 33, 33, 33, 33, 33, 33, 33, 33, 33, 33, 33, 33, 33, 33, 33, 33, 33, 33, 33, 33, 33, 33, 33, 33, 33, 33, 33, 33, 33, 33, 33, 33, 33, 33, 33, 33, 33, 33, 33, 33, 33, 33, 33, 33, 33, 33, 33, 33, 33, 33, 33, 33, 33, 33, 33, 33, 33, 33, 33, 33, 33, 33, 33, 33, 33, 33, 33, 33, 33, 33, 33, 33, 33, 33, 33, 33, 33, 33, 33, 33, 33, 33, 33, 33, 33, 33, 33, 33, 33, 33, 33, 33, 33, 33, 33, 33, 33, 33, 33, 33, 33, 33, 33, 33, 33, 33, 33, 33, 33, 33, 33, 33, 33, 33, 33, 33, 33, 33, 33, 33, 33, 33, 33, 33, 33, 33, 33, 33, 33, 33, 33, 33, 33, 33, 33, 33, 33, 33, 33, 33, 33, 33, 33, 33, 33, 33, 33, 33, 33, 33, 33, 33, 33, 33, 33, 33, 33, 33, 33, 33, 33, 33, 33, 33, 33, 33, 33, 33, 33, 33, 33, 33, 33, 33, 33, 33, 33, 33, 33, 33, 33, 33, 33, 33, 33, 33, 33, 33, 33, 33, 33, 33, 33, 33, 33, 33, 33, 33, 33, 33, 33, 33, 33, 33, 33, 33, 33, 33, 33, 33, 33, 33, 33, 33, 33, 33, 33, 33, 33, 33, 33, 33, 33, 33, 33, 33, 33, 33, 33, 33, 33, 33, 33, 33, 33, 33, 33, 33, 33, 33, 33, 33, 33, 33, 33, 33, 33, 33, 33, 33, 33, 33, 33, 33, 33, 33, 33, 33, 33, 33, 33, 33, 33, 33, 33, 33, 33, 33, 33, 33, 33, 33, 33, 33, 33, 33, 33, 33, 33, 33, 33, 33, 33, 33, 33, 33, 33, 33, 33, 33, 33, 33, 33, 33, 33, 33, 33, 33, 33, 33, 33, 33, 33, 33, 33, 33, 33, 33, 33, 33, 33, 33, 33, 33, 33, 33, 33, 33, 33, 33, 33, 33, 33, 33, 33, 33, 33, 33, 33, 33, 33, 33, 33, 33, 33, 33, 33, 33, 33, 33, 33, 33, 33, 33, 33, 33, 33, 33, 33, 33, 33, 33, 33, 33, 33, 33, 33, 33]",400,"[0.4315780699253082, 0.40737783908843994, 0.4014599621295929, 0.3986290693283081, 0.39637306332588196, 0.3942239284515381, 0.39238443970680237, 0.3907433748245239, 0.3890964388847351, 0.38764461874961853, 0.38631191849708557, 0.3850724399089813, 0.38392162322998047, 0.38282909989356995, 0.3818100690841675, 0.3808574378490448, 0.37992849946022034, 0.37912043929100037, 0.3782903552055359, 0.37750232219696045, 0.3767833411693573, 0.3761187791824341, 0.37558814883232117, 0.3748934864997864, 0.37430259585380554, 0.37375977635383606, 0.3732669949531555, 0.3728008270263672, 0.3723054528236389, 0.37185612320899963, 0.37133675813674927, 0.3709787428379059, 0.37041592597961426, 0.3699108958244324, 0.3694966435432434, 0.36910393834114075, 0.3687368333339691, 0.3682904839515686, 0.3680301010608673, 0.3676891326904297, 0.3672741651535034, 0.3668460547924042, 0.36642318964004517, 0.3661839962005615, 0.3657529950141907, 0.3654620349407196, 0.3651154637336731, 0.36480608582496643, 0.3644671142101288, 0.3641076982021332, 0.3638405501842499, 0.36355525255203247, 0.36322087049484253, 0.3629380762577057, 0.36263319849967957, 0.3623773157596588, 0.36203938722610474, 0.36190265417099, 0.361741840839386, 0.36125484108924866, 0.36100348830223083, 0.3606531620025635, 0.3603534996509552, 0.36008715629577637, 0.35973453521728516, 0.3594284951686859, 0.3591829538345337, 0.35884907841682434, 0.3585900366306305, 0.3582541346549988, 0.3579182028770447, 0.3576348125934601, 0.3573009967803955, 0.3569973409175873, 0.356717973947525, 0.35640019178390503, 0.3561457693576813, 0.3558720648288727, 0.35558009147644043, 0.3553146719932556, 0.35505470633506775, 0.3548813760280609, 0.3544114828109741, 0.35414767265319824, 0.35385552048683167, 0.353542685508728, 0.35331833362579346, 0.35305213928222656, 0.352721244096756, 0.35249724984169006, 0.35221225023269653, 0.3518933951854706, 0.35174861550331116, 0.3513832986354828, 0.35112226009368896, 0.35083213448524475, 0.3506169617176056, 0.35038265585899353, 0.35005202889442444, 0.3497040271759033, 0.34940260648727417, 0.3491128981113434, 0.34885311126708984, 0.3485994338989258, 0.34828850626945496, 0.34808945655822754, 0.34794220328330994, 0.3475467562675476, 0.3473176658153534, 0.3471866250038147, 0.34690189361572266, 0.3466251492500305, 0.3463365435600281, 0.34609633684158325, 0.3458392024040222, 0.34563320875167847, 0.3453001081943512, 0.3450595438480377, 0.34490031003952026, 0.3444788455963135, 0.34422600269317627, 0.3440004587173462, 0.3437756299972534, 0.34347617626190186, 0.34318724274635315, 0.34286999702453613, 0.34273797273635864, 0.3424375057220459, 0.34219759702682495, 0.3419257402420044, 0.3417065739631653, 0.3414347171783447, 0.3411988914012909, 0.3409401774406433, 0.3406611680984497, 0.34042108058929443, 0.34018707275390625, 0.33991530537605286, 0.3396843373775482, 0.33944249153137207, 0.3391687870025635, 0.3389724791049957, 0.33871257305145264, 0.3383671045303345, 0.33817198872566223, 0.3380012810230255, 0.33771809935569763, 0.3374699354171753, 0.3371918499469757, 0.3370252251625061, 0.3368137776851654, 0.33641624450683594, 0.336086630821228, 0.33581170439720154, 0.3355364501476288, 0.33532166481018066, 0.33504825830459595, 0.334786593914032, 0.334587961435318, 0.3343096077442169, 0.3340553641319275, 0.3337485194206238, 0.33366698026657104, 0.33332905173301697, 0.33302947878837585, 0.3327285349369049, 0.33243387937545776, 0.3323057293891907, 0.33200138807296753, 0.33174455165863037, 0.3315524160861969, 0.33127880096435547, 0.33098191022872925, 0.3308110535144806, 0.33054661750793457, 0.33024266362190247, 0.33001503348350525, 0.32979199290275574, 0.3293992877006531, 0.32913851737976074, 0.32895565032958984, 0.3286478817462921, 0.3284265398979187, 0.32811543345451355, 0.3278433680534363, 0.32761162519454956, 0.3273264765739441, 0.3270825147628784, 0.32685089111328125, 0.3265535235404968, 0.32625457644462585, 0.3259599208831787, 0.3256254494190216, 0.3252897262573242, 0.32504090666770935, 0.3247792422771454, 0.32452288269996643, 0.3241986036300659, 0.3240252733230591, 0.32372525334358215, 0.3234279155731201, 0.3231434226036072, 0.3226962983608246, 0.3224170207977295, 0.3220815360546112, 0.32187381386756897, 0.3214871287345886, 0.32117652893066406, 0.3209180533885956, 0.32055047154426575, 0.32023298740386963, 0.3198305368423462, 0.31949105858802795, 0.31917867064476013, 0.31898581981658936, 0.3186222016811371, 0.3182987570762634, 0.3181186616420746, 0.31778115034103394, 0.3174016773700714, 0.31719106435775757, 0.3169938623905182, 0.3167409598827362, 0.3163430392742157, 0.3160570561885834, 0.3157457113265991, 0.3153928816318512, 0.3150225579738617, 0.31468817591667175, 0.3143894076347351, 0.31413906812667847, 0.313744455575943, 0.31331372261047363, 0.3130575120449066, 0.31275737285614014, 0.31229570508003235, 0.3118921220302582, 0.31154125928878784, 0.31117650866508484, 0.31081393361091614, 0.3104626536369324, 0.31018608808517456, 0.30983784794807434, 0.3094498813152313, 0.3090527057647705, 0.30873289704322815, 0.3084045350551605, 0.3080361485481262, 0.3076581060886383, 0.3072325587272644, 0.30690082907676697, 0.3065791428089142, 0.3063095808029175, 0.305880069732666, 0.30565112829208374, 0.30532512068748474, 0.30488455295562744, 0.30439960956573486, 0.3039598762989044, 0.3035491704940796, 0.30310338735580444, 0.3026978373527527, 0.3022478222846985, 0.30186864733695984, 0.30152997374534607, 0.3010483980178833, 0.300796777009964, 0.30029308795928955, 0.2999017536640167, 0.2996508777141571, 0.299175888299942, 0.29882076382637024, 0.29831498861312866, 0.29802921414375305, 0.2976701259613037, 0.2972241938114166, 0.296797513961792, 0.29629477858543396, 0.2958552837371826, 0.2954004406929016, 0.29493919014930725, 0.2946211099624634, 0.2941800653934479, 0.29375505447387695, 0.2933976948261261, 0.29305753111839294, 0.2925596535205841, 0.29220154881477356, 0.2918180227279663, 0.291462779045105, 0.291020005941391, 0.2906818389892578, 0.29027774930000305, 0.28993499279022217, 0.289497047662735, 0.2890579104423523, 0.28860706090927124, 0.2883123457431793, 0.28787875175476074, 0.2874763011932373, 0.28701427578926086, 0.2866036891937256, 0.28622671961784363, 0.28585243225097656, 0.28544366359710693, 0.28499674797058105, 0.28464433550834656, 0.2841811776161194, 0.28373754024505615, 0.28340256214141846, 0.28297507762908936, 0.28257906436920166, 0.28219473361968994, 0.2819364666938782, 0.2815006375312805, 0.28126323223114014, 0.2807539105415344, 0.2803870737552643, 0.2800554633140564, 0.2796921133995056, 0.27934974431991577, 0.279048889875412, 0.27866747975349426, 0.2782476842403412, 0.27789729833602905, 0.27743008732795715, 0.27727049589157104, 0.276907354593277, 0.27649813890457153, 0.2760602533817291, 0.2756916582584381, 0.27528640627861023, 0.27494651079177856, 0.2747836112976074, 0.27433836460113525, 0.2739833891391754, 0.2736053764820099, 0.27324220538139343, 0.27292242646217346, 0.27262192964553833, 0.27227094769477844, 0.2719603478908539, 0.2716757357120514, 0.27136075496673584, 0.27107253670692444, 0.2706008553504944, 0.2704194188117981, 0.2700234353542328, 0.2696995437145233, 0.26930177211761475, 0.26909002661705017, 0.268717885017395, 0.26844537258148193, 0.26812803745269775, 0.2678540349006653, 0.26754897832870483, 0.26724565029144287, 0.26692819595336914, 0.2666165232658386, 0.26631927490234375, 0.2661007344722748, 0.2658390700817108, 0.2655516266822815, 0.2652958631515503, 0.2650150954723358, 0.2648846209049225, 0.2646089196205139, 0.26431530714035034, 0.26399505138397217, 0.2637740671634674, 0.26342424750328064, 0.26317504048347473, 0.26294270157814026, 0.26266059279441833, 0.2623622417449951, 0.26208412647247314, 0.2617913782596588, 0.2615467309951782, 0.26134002208709717, 0.26116523146629333, 0.2609191834926605, 0.26066720485687256, 0.26043805480003357, 0.26022404432296753, 0.2599973976612091, 0.2597617506980896, 0.25941139459609985, 0.2592638432979584, 0.25905531644821167, 0.2587754428386688, 0.25853055715560913, 0.2582705020904541, 0.25804606080055237, 0.2578085660934448, 0.25758427381515503, 0.25732097029685974, 0.25718581676483154, 0.2568538784980774, 0.256609708070755, 0.2564215362071991]",33.0,"[33.0, 33.0, 33.0, 33.0, 33.0, 33.0, 33.0, 33.0, 33.0, 33.0, 33.0, 33.0, 33.0, 33.0, 33.0, 33.0, 33.0, 33.0, 33.0, 33.0, 33.0, 33.0, 33.0, 33.0, 33.0, 33.0, 33.0, 33.0, 33.0, 33.0, 33.0, 33.0, 33.0, 33.0, 33.0, 33.0, 33.0, 33.0, 33.0, 33.0, 33.0, 33.0, 33.0, 33.0, 33.0, 33.0, 33.0, 33.0, 33.0, 33.0, 33.0, 33.0, 33.0, 33.0, 33.0, 33.0, 33.0, 33.0, 33.0, 33.0, 33.0, 33.0, 33.0, 33.0, 33.0, 33.0, 33.0, 33.0, 33.0, 33.0, 33.0, 33.0, 33.0, 33.0, 33.0, 33.0, 33.0, 33.0, 33.0, 33.0, 33.0, 33.0, 33.0, 33.0, 33.0, 33.0, 33.0, 33.0, 33.0, 33.0, 33.0, 33.0, 33.0, 33.0, 33.0, 33.0, 33.0, 33.0, 33.0, 33.0, 33.0, 33.0, 33.0, 33.0, 33.0, 33.0, 33.0, 33.0, 33.0, 33.0, 33.0, 33.0, 33.0, 33.0, 33.0, 33.0, 33.0, 33.0, 33.0, 33.0, 33.0, 33.0, 33.0, 33.0, 33.0, 33.0, 33.0, 33.0, 33.0, 33.0, 33.0, 33.0, 33.0, 33.0, 33.0, 33.0, 33.0, 33.0, 33.0, 33.0, 33.0, 33.0, 33.0, 33.0, 33.0, 33.0, 33.0, 33.0, 33.0, 33.0, 33.0, 33.0, 33.0, 33.0, 33.0, 33.0, 33.0, 33.0, 33.0, 33.0, 33.0, 33.0, 33.0, 33.0, 33.0, 33.0, 33.0, 33.0, 33.0, 33.0, 33.0, 33.0, 33.0, 33.0, 33.0, 33.0, 33.0, 33.0, 33.0, 33.0, 33.0, 33.0, 33.0, 33.0, 33.0, 33.0, 33.0, 33.0, 33.0, 33.0, 33.0, 33.0, 33.0, 33.0, 33.0, 33.0, 33.0, 33.0, 33.0, 33.0, 33.0, 33.0, 33.0, 33.0, 33.0, 33.0, 33.0, 33.0, 33.0, 33.0, 33.0, 33.0, 33.0, 33.0, 33.0, 33.0, 33.0, 33.0, 33.0, 33.0, 33.0, 33.0, 33.0, 33.0, 33.0, 33.0, 33.0, 33.0, 33.0, 33.0, 33.0, 33.0, 33.0, 33.0, 33.0, 33.0, 33.0, 33.0, 33.0, 33.0, 33.0, 33.0, 33.0, 33.0, 33.0, 33.0, 33.0, 33.0, 33.0, 33.0, 33.0, 33.0, 33.0, 33.0, 33.0, 33.0, 33.0, 33.0, 33.0, 33.0, 33.0, 33.0, 33.0, 33.0, 33.0, 33.0, 33.0, 33.0, 33.0, 33.0, 33.0, 33.0, 33.0, 33.0, 33.0, 33.0, 33.0, 33.0, 33.0, 33.0, 33.0, 33.0, 33.0, 33.0, 33.0, 33.0, 33.0, 33.0, 33.0, 33.0, 33.0, 33.0, 33.0, 33.0, 33.0, 33.0, 33.0, 33.0, 33.0, 33.0, 33.0, 33.0, 33.0, 33.0, 33.0, 33.0, 33.0, 33.0, 33.0, 33.0, 33.0, 33.0, 33.0, 33.0, 33.0, 33.0, 33.0, 33.0, 33.0, 33.0, 33.0, 33.0, 33.0, 33.0, 33.0, 33.0, 33.0, 33.0, 33.0, 33.0, 33.0, 33.0, 33.0, 33.0, 33.0, 33.0, 33.0, 33.0, 33.0, 33.0, 33.0, 33.0, 33.0, 