,number,value,datetime_start,datetime_complete,duration,params_batch_size_scaler,params_constant_learning_rate,params_depth,params_epochs,params_kernel_l2,params_num_trees,params_temperature,user_attrs_accuracy_test,user_attrs_accuracy_valid,user_attrs_approximate_feature_sparsity,user_attrs_approximate_feature_sparsity_history,user_attrs_approximate_weight_sparsity,user_attrs_approximate_weight_sparsity_history,user_attrs_auc_test,user_attrs_auc_valid,user_attrs_feature_sparsity,user_attrs_feature_sparsity_history,user_attrs_num_epochs,user_attrs_val_loss_history,user_attrs_weight_sparsity,user_attrs_weight_sparsity_history,state
122,122,0.5,2024-08-31 06:59:57.469786,2024-08-31 07:01:14.256444,0 days 00:01:16.786658,16,2.077386625958766,4,380,0.4603277142194122,24,0.00013803315669482936,0.859,0.85875,0,"[33, 33, 33, 33, 33, 33, 33, 33, 33, 33, 33, 33, 33, 24, 19, 18, 16, 16, 16, 15, 15, 15, 15, 15, 15, 15, 15, 15, 15, 15, 14, 14, 13, 13, 13, 12, 10, 9, 9, 9, 8, 7, 7, 7, 7, 7, 7, 7, 7, 7, 7, 7, 7, 7, 7, 7, 7, 7, 7, 6, 6, 6, 6, 6, 6, 6, 5, 5, 5, 5, 5, 5, 5, 5, 5, 5, 5, 5, 4, 4, 4, 4, 4, 2, 2, 2, 1, 0, 0, 0, 0, 0, 0, 0, 0, 0, 0, 0, 0, 0, 0, 0, 0, 0, 0, 0, 0, 0, 0, 0, 0, 0, 0, 0, 0, 0, 0, 0, 0, 0, 0, 0, 0, 0, 0, 0, 0, 0, 0, 0, 0, 0, 0, 0, 0, 0, 0, 0, 0, 0, 0, 0, 0, 0, 0, 0, 0, 0, 0, 0, 0, 0, 0, 0, 0, 0, 0, 0, 0, 0, 0, 0, 0, 0, 0, 0, 0, 0, 0, 0, 0, 0, 0, 0, 0, 0, 0, 0, 0, 0, 0, 0, 0, 0, 0, 0, 0, 0, 0, 0, 0, 0, 0, 0, 0, 0, 0, 0, 0, 0, 0, 0, 0, 0, 0, 0, 0, 0, 0, 0, 0, 0, 0, 0, 0, 0, 0, 0, 0, 0, 0, 0, 0, 0, 0, 0, 0, 0, 0, 0, 0, 0, 0, 0, 0, 0, 0, 0, 0, 0, 0, 0, 0, 0, 0, 0, 0, 0, 0, 0, 0, 0, 0, 0, 0, 0, 0, 0, 0, 0, 0, 0, 0, 0, 0, 0, 0, 0, 0, 0, 0, 0, 0, 0, 0, 0, 0, 0, 0, 0, 0, 0, 0, 0, 0, 0, 0, 0, 0, 0, 0, 0, 0, 0, 0, 0, 0, 0, 0, 0, 0, 0, 0, 0, 0, 0, 0, 0, 0, 0, 0, 0, 0, 0, 0, 0, 0, 0, 0, 0, 0, 0, 0, 0, 0, 0, 0, 0, 0, 0, 0, 0, 0, 0, 0, 0, 0, 0, 0, 0, 0, 0, 0, 0, 0, 0, 0, 0, 0, 0, 0, 0, 0, 0, 0, 0, 0, 0, 0, 0, 0, 0, 0, 0, 0, 0, 0, 0, 0, 0, 0, 0, 0, 0, 0, 0, 0, 0, 0, 0]",0.0,"[32.96666666666667, 32.958333333333336, 32.94722222222222, 32.958333333333336, 32.95833333333333, 32.93333333333333, 32.96111111111111, 32.94444444444444, 32.93888888888889, 32.93888888888889, 32.93888888888889, 32.93333333333333, 32.955555555555556, 23.947222222222226, 18.977777777777778, 17.96666666666667, 15.972222222222223, 15.972222222222221, 15.972222222222221, 14.95, 14.972222222222223, 14.958333333333334, 14.96388888888889, 14.95277777777778, 14.95277777777778, 14.955555555555556, 14.944444444444443, 14.955555555555556, 14.958333333333332, 14.963888888888889, 13.944444444444445, 13.95, 12.961111111111112, 12.950000000000001, 12.930555555555555, 11.969444444444443, 9.958333333333334, 8.963888888888889, 8.963888888888889, 8.963888888888889, 7.944444444444445, 6.975, 6.947222222222222, 6.966666666666667, 6.961111111111111, 6.936111111111112, 6.972222222222221, 6.947222222222223, 6.955555555555556, 6.927777777777777, 6.975, 6.938888888888889, 6.949999999999999, 6.96111111111111, 6.963888888888889, 6.966666666666667, 6.947222222222223, 6.936111111111111, 6.944444444444445, 5.958333333333334, 5.961111111111111, 5.961111111111111, 5.972222222222222, 5.938888888888889, 5.958333333333334, 5.958333333333334, 4.958333333333334, 4.972222222222222, 4.966666666666667, 4.969444444444445, 4.963888888888889, 4.966666666666667, 4.963888888888889, 4.961111111111111, 4.961111111111111, 4.969444444444445, 4.958333333333334, 4.9527777777777775, 3.9611111111111112, 3.966666666666667, 3.966666666666667, 3.9555555555555557, 3.9722222222222223, 1.9861111111111112, 1.9916666666666667, 1.988888888888889, 0.9916666666666667, 0.0, 0.0, 0.0, 0.0, 0.0, 0.0, 0.0, 0.0, 0.0, 0.0, 0.0, 0.0, 0.0, 0.0, 0.0, 0.0, 0.0, 0.0, 0.0, 0.0, 0.0, 0.0, 0.0, 0.0, 0.0, 0.0, 0.0, 0.0, 0.0, 0.0, 0.0, 0.0, 0.0, 0.0, 0.0, 0.0, 0.0, 0.0, 0.0, 0.0, 0.0, 0.0, 0.0, 0.0, 0.0, 0.0, 0.0, 0.0, 0.0, 0.0, 0.0, 0.0, 0.0, 0.0, 0.0, 0.0, 0.0, 0.0, 0.0, 0.0, 0.0, 0.0, 0.0, 0.0, 0.0, 0.0, 0.0, 0.0, 0.0, 0.0, 0.0, 0.0, 0.0, 0.0, 0.0, 0.0, 0.0, 0.0, 0.0, 0.0, 0.0, 0.0, 0.0, 0.0, 0.0, 0.0, 0.0, 0.0, 0.0, 0.0, 0.0, 0.0, 0.0, 0.0, 0.0, 0.0, 0.0, 0.0, 0.0, 0.0, 0.0, 0.0, 0.0, 0.0, 0.0, 0.0, 0.0, 0.0, 0.0, 0.0, 0.0, 0.0, 0.0, 0.0, 0.0, 0.0, 0.0, 0.0, 0.0, 0.0, 0.0, 0.0, 0.0, 0.0, 0.0, 0.0, 0.0, 0.0, 0.0, 0.0, 0.0, 0.0, 0.0, 0.0, 0.0, 0.0, 0.0, 0.0, 0.0, 0.0, 0.0, 0.0, 0.0, 0.0, 0.0, 0.0, 0.0, 0.0, 0.0, 0.0, 0.0, 0.0, 0.0, 0.0, 0.0, 0.0, 0.0, 0.0, 0.0, 0.0, 0.0, 0.0, 0.0, 0.0, 0.0, 0.0, 0.0, 0.0, 0.0, 0.0, 0.0, 0.0, 0.0, 0.0, 0.0, 0.0, 0.0, 0.0, 0.0, 0.0, 0.0, 0.0, 0.0, 0.0, 0.0, 0.0, 0.0, 0.0, 0.0, 0.0, 0.0, 0.0, 0.0, 0.0, 0.0, 0.0, 0.0, 0.0, 0.0, 0.0, 0.0, 0.0, 0.0, 0.0, 0.0, 0.0, 0.0, 0.0, 0.0, 0.0, 0.0, 0.0, 0.0, 0.0, 0.0, 0.0, 0.0, 0.0, 0.0, 0.0, 0.0, 0.0, 0.0, 0.0, 0.0, 0.0, 0.0, 0.0, 0.0, 0.0, 0.0, 0.0, 0.0, 0.0, 0.0, 0.0, 0.0, 0.0, 0.0, 0.0, 0.0, 0.0, 0.0, 0.0, 0.0, 0.0, 0.0, 0.0, 0.0, 0.0, 0.0, 0.0, 0.0, 0.0, 0.0, 0.0, 0.0, 0.0, 0.0, 0.0, 0.0, 0.0, 0.0, 0.0, 0.0, 0.0, 0.0, 0.0, 0.0, 0.0, 0.0, 0.0, 0.0, 0.0, 0.0, 0.0, 0.0, 0.0, 0.0, 0.0, 0.0, 0.0, 0.0, 0.0, 0.0, 0.0, 0.0, 0.0, 0.0, 0.0, 0.0, 0.0, 0.0]",0.5,0.5,0,"[33, 33, 33, 33, 33, 33, 33, 33, 33, 33, 33, 33, 33, 24, 19, 18, 16, 16, 16, 15, 15, 15, 15, 15, 15, 15, 15, 15, 15, 15, 14, 14, 13, 13, 13, 12, 10, 9, 9, 9, 8, 7, 7, 7, 7, 7, 7, 7, 7, 7, 7, 7, 7, 7, 7, 7, 7, 7, 7, 6, 6, 6, 6, 6, 6, 6, 5, 5, 5, 5, 5, 5, 5, 5, 5, 5, 5, 5, 4, 4, 4, 4, 4, 2, 2, 2, 1, 0, 0, 0, 0, 0, 0, 0, 0, 0, 0, 0, 0, 0, 0, 0, 0, 0, 0, 0, 0, 0, 0, 0, 0, 0, 0, 0, 0, 0, 0, 0, 0, 0, 0, 0, 0, 0, 0, 0, 0, 0, 0, 0, 0, 0, 0, 0, 0, 0, 0, 0, 0, 0, 0, 0, 0, 0, 0, 0, 0, 0, 0, 0, 0, 0, 0, 0, 0, 0, 0, 0, 0, 0, 0, 0, 0, 0, 0, 0, 0, 0, 0, 0, 0, 0, 0, 0, 0, 0, 0, 0, 0, 0, 0, 0, 0, 0, 0, 0, 0, 0, 0, 0, 0, 0, 0, 0, 0, 0, 0, 0, 0, 0, 0, 0, 0, 0, 0, 0, 0, 0, 0, 0, 0, 0, 0, 0, 0, 0, 0, 0, 0, 0, 0, 0, 0, 0, 0, 0, 0, 0, 0, 0, 0, 0, 0, 0, 0, 0, 0, 0, 0, 0, 0, 0, 0, 0, 0, 0, 0, 0, 0, 0, 0, 0, 0, 0, 0, 0, 0, 0, 0, 0, 0, 0, 0, 0, 0, 0, 0, 0, 0, 0, 0, 0, 0, 0, 0, 0, 0, 0, 0, 0, 0, 0, 0, 0, 0, 0, 0, 0, 0, 0, 0, 0, 0, 0, 0, 0, 0, 0, 0, 0, 0, 0, 0, 0, 0, 0, 0, 0, 0, 0, 0, 0, 0, 0, 0, 0, 0, 0, 0, 0, 0, 0, 0, 0, 0, 0, 0, 0, 0, 0, 0, 0, 0, 0, 0, 0, 0, 0, 0, 0, 0, 0, 0, 0, 0, 0, 0, 0, 0, 0, 0, 0, 0, 0, 0, 0, 0, 0, 0, 0, 0, 0, 0, 0, 0, 0, 0, 0, 0, 0, 0, 0, 0, 0, 0, 0, 0, 0, 0, 0]",380,"[0.44572198390960693, 0.4249744713306427, 0.40807783603668213, 0.39384564757347107, 0.373287171125412, 0.37013188004493713, 0.35243284702301025, 0.3337971866130829, 0.3240475058555603, 0.34282204508781433, 0.3072134852409363, 0.30627602338790894, 0.29736068844795227, 0.2926473319530487, 0.2777700126171112, 0.2807999849319458, 0.27852144837379456, 0.27261438965797424, 0.26866650581359863, 0.2651618719100952, 0.2617013454437256, 0.2613362967967987, 0.2555474638938904, 0.25261759757995605, 0.25060155987739563, 0.2654590606689453, 0.25170862674713135, 0.24937491118907928, 0.2463667094707489, 0.24783609807491302, 0.24603471159934998, 0.2459494173526764, 0.25416651368141174, 0.2595537304878235, 0.25343653559684753, 0.2577485144138336, 0.26431137323379517, 0.27144140005111694, 0.2599140405654907, 0.2651161551475525, 0.2683098614215851, 0.2599952518939972, 0.26610079407691956, 0.26340538263320923, 0.317188024520874, 0.2589859664440155, 0.257110059261322, 0.26026028394699097, 0.2608414888381958, 0.2628166675567627, 0.2606540620326996, 0.26002633571624756, 0.2679370939731598, 0.26250186562538147, 0.2548362612724304, 0.2554807662963867, 0.2539047300815582, 0.25677233934402466, 0.25607359409332275, 0.29625004529953003, 0.2986578047275543, 0.29086729884147644, 0.3153745234012604, 0.29043179750442505, 0.2838183641433716, 0.28669726848602295, 0.36818787455558777, 0.2960571050643921, 0.31022435426712036, 0.3043230473995209, 0.294871985912323, 0.3157947361469269, 0.30066969990730286, 0.303425133228302, 0.304053395986557, 0.2963535785675049, 0.29317545890808105, 0.30706050992012024, 0.3220745325088501, 0.33524632453918457, 0.3201262354850769, 0.316921204328537, 0.3307131230831146, 0.3845970630645752, 0.38146042823791504, 0.3820843994617462, 0.39601218700408936, 0.4261724054813385, 0.407441109418869, 0.4685080349445343, 0.407387375831604, 0.42439186573028564, 0.4072975218296051, 0.42260056734085083, 0.40734171867370605, 0.4439224302768707, 0.47255244851112366, 0.4072994291782379, 0.40756088495254517, 0.4113391041755676, 0.4281620681285858, 0.43109869956970215, 0.41219815611839294, 0.4109145998954773, 0.41291236877441406, 0.4182867407798767, 0.4072306454181671, 0.40923619270324707, 0.40733006596565247, 0.4188064932823181, 0.40769538283348083, 0.43496209383010864, 0.42878735065460205, 0.41316643357276917, 0.4123637080192566, 0.42499449849128723, 0.4157922863960266, 0.40816470980644226, 0.4142906069755554, 0.40748006105422974, 0.4195842742919922, 0.40741950273513794, 0.410405695438385, 0.40789881348609924, 0.40791139006614685, 0.41110777854919434, 0.4094783365726471, 0.4091074466705322, 0.44738778471946716, 0.4074743986129761, 0.4255025088787079, 0.4121122360229492, 0.4139173924922943, 0.40968936681747437, 0.42933568358421326, 0.4117046594619751, 0.41250988841056824, 0.40807589888572693, 0.407328337430954, 0.41664057970046997, 0.407523512840271, 0.40723130106925964, 0.4169813096523285, 0.4106951951980591, 0.40772804617881775, 0.4127623438835144, 0.4080049991607666, 0.41552284359931946, 0.4088081419467926, 0.40722912549972534, 0.407663494348526, 0.4207627475261688, 0.4104667603969574, 0.41876888275146484, 0.45430320501327515, 0.4072311520576477, 0.4138415455818176, 0.41899317502975464, 0.41056767106056213, 0.4166964292526245, 0.4296202063560486, 0.4073135256767273, 0.4081442356109619, 0.4075981378555298, 0.4089832007884979, 0.44073155522346497, 0.4082632064819336, 0.4087282419204712, 0.4073129892349243, 0.4212058186531067, 0.40761053562164307, 0.40809887647628784, 0.4420153796672821, 0.40992027521133423, 0.41595155000686646, 0.40726208686828613, 0.40788719058036804, 0.428617388010025, 0.40767723321914673, 0.4250454008579254, 0.40830743312835693, 0.4100208580493927, 0.4200299084186554, 0.4129318594932556, 0.4388246238231659, 0.407725065946579, 0.4073789119720459, 0.4184632897377014, 0.40740105509757996, 0.44483932852745056, 0.4278838634490967, 0.4130255877971649, 0.4094509780406952, 0.41137734055519104, 0.41311347484588623, 0.4130290746688843, 0.41064417362213135, 0.40924227237701416, 0.4078916609287262, 0.40897685289382935, 0.40774181485176086, 0.4112366735935211, 0.42245131731033325, 0.4099862575531006, 0.43086352944374084, 0.43279799818992615, 0.41151684522628784, 0.4247909188270569, 0.4121745824813843, 0.4297245144844055, 0.41109955310821533, 0.4072262644767761, 0.41111716628074646, 0.4099367558956146, 0.41050538420677185, 0.40766632556915283, 0.40804997086524963, 0.4098855257034302, 0.41591450572013855, 0.4107237756252289, 0.4083244800567627, 0.40722617506980896, 0.4119693636894226, 0.4256509840488434, 0.4124431908130646, 0.4121343195438385, 0.41024109721183777, 0.4140719473361969, 0.41138094663619995, 0.40816155076026917, 0.4180903136730194, 0.4083774983882904, 0.41764017939567566, 0.42219942808151245, 0.4076710045337677, 0.4075939953327179, 0.40745025873184204, 0.42780086398124695, 0.40922996401786804, 0.4132068157196045, 0.4090058207511902, 0.41288992762565613, 0.4077090919017792, 0.40988707542419434, 0.4072349965572357, 0.4214186370372772, 0.4203936755657196, 0.4148167073726654, 0.40752720832824707, 0.4079039692878723, 0.4072262942790985, 0.4075240194797516, 0.40765148401260376, 0.41092801094055176, 0.4084053933620453, 0.4083932638168335, 0.4144311547279358, 0.4075049161911011, 0.40862715244293213, 0.4168825149536133, 0.4072551429271698, 0.42224276065826416, 0.4127040207386017, 0.4106595516204834, 0.41158172488212585, 0.4083065688610077, 0.41330334544181824, 0.4210394322872162, 0.42115193605422974, 0.4153504967689514, 0.4469704329967499, 0.4087577164173126, 0.41762980818748474, 0.40853598713874817, 0.40732264518737793, 0.407627671957016, 0.4075937271118164, 0.4211592972278595, 0.4087238311767578, 0.407621830701828, 0.41501033306121826, 0.4144860804080963, 0.41074666380882263, 0.4124455153942108, 0.40749940276145935, 0.4089825451374054, 0.42551371455192566, 0.40722721815109253, 0.40736106038093567, 0.4083762466907501, 0.4162653386592865, 0.42262324690818787, 0.4176524877548218, 0.4099082052707672, 0.40751415491104126, 0.41028285026550293, 0.40726372599601746, 0.4102078974246979, 0.41108080744743347, 0.41031014919281006, 0.40845203399658203, 0.4745040535926819, 0.40782487392425537, 0.40733423829078674, 0.4076378345489502, 0.40847742557525635, 0.4104096293449402, 0.40972331166267395, 0.4185819923877716, 0.4418782889842987, 0.40938693284988403, 0.4126793146133423, 0.40848156809806824, 0.4118759036064148, 0.41354086995124817, 0.4075404703617096, 0.412545382976532, 0.4097501039505005, 0.5093482732772827, 0.41085419058799744, 0.4136819839477539, 0.40850216150283813, 0.41011446714401245, 0.4118887782096863, 0.40752974152565, 0.4207041263580322, 0.4083956480026245, 0.40722644329071045, 0.4098706841468811, 0.4123101532459259, 0.40759506821632385, 0.410293310880661, 0.40723827481269836, 0.4091285765171051, 0.40834754705429077, 0.41182610392570496, 0.41011714935302734, 0.40858006477355957, 0.4075341820716858, 0.41241908073425293, 0.4247834384441376, 0.40862220525741577, 0.4207115173339844, 0.42088833451271057, 0.423691064119339, 0.4081389605998993, 0.40820086002349854, 0.40738189220428467, 0.4118097424507141, 0.4106196463108063, 0.41117575764656067, 0.41894054412841797, 0.4383853077888489, 0.41417214274406433, 0.4073945879936218, 0.40751883387565613, 0.40796852111816406, 0.4075411260128021, 0.41173040866851807, 0.4126769006252289, 0.4074559807777405, 0.4277384281158447, 0.4098649322986603, 0.40781837701797485, 0.4083786904811859, 0.4117652475833893, 0.40746167302131653, 0.4080176055431366, 0.4231686294078827, 0.4083932042121887, 0.41009217500686646, 0.40841975808143616, 0.40754494071006775, 0.4247927963733673, 0.4089909791946411, 0.4078438878059387, 0.4228988587856293, 0.40976473689079285, 0.41189438104629517, 0.4073442816734314]",0.0,"[33.0, 33.0, 33.0, 33.0, 33.0, 33.0, 33.0, 33.0, 33.0, 33.0, 33.0, 33.0, 33.0, 24.0, 19.0, 18.0, 16.0, 16.0, 16.0, 15.0, 15.0, 15.0, 15.0, 15.0, 15.0, 15.0, 15.0, 15.0, 15.0, 15.0, 14.0, 14.0, 13.0, 13.0, 13.0, 12.0, 10.0, 9.0, 9.0, 9.0, 8.0, 7.0, 7.0, 7.0, 7.0, 7.0, 7.0, 7.0, 7.0, 7.0, 7.0, 7.0, 7.0, 7.0, 7.0, 7.0, 7.0, 7.0, 7.0, 6.0, 6.0, 6.0, 6.0, 6.0, 6.0, 6.0, 5.0, 5.0, 5.0, 5.0, 5.0, 5.0, 5.0, 5.0, 5.0, 5.0, 5.0, 5.0, 4.0, 4.0, 4.0, 4.0, 4.0, 2.0, 2.0, 2.0, 1.0, 0.0, 0.0, 0.0, 0.0, 0.0, 0.0, 0.0, 0.0, 0.0, 0.0, 0.0, 0.0, 0.0, 0.0, 0.0, 0.0, 0.0, 0.0, 0.0, 0.0, 0.0, 0.0, 0.0, 0.0, 0.0, 0.0, 0.0, 0.0, 0.0, 0.0, 0.0, 0.0, 0.0, 0.0, 0.0, 0.0, 0.0, 0.0, 0.0, 0.0, 0.0, 0.0, 0.0, 0.0, 0.0, 0.0, 0.0, 0.0, 0.0, 0.0, 0.0, 0.0, 0.0, 0.0, 0.0, 0.0, 0.0, 0.0, 0.0, 0.0, 0.0, 0.0, 0.0, 0.0, 0.0, 0.0, 0.0, 0.0, 0.0, 0.0, 0.0, 0.0, 0.0, 0.0, 0.0, 0.0, 0.0, 0.0, 0.0, 0.0, 0.0, 0.0, 0.0, 0.0, 0.0, 0.0, 0.0, 0.0, 0.0, 0.0, 0.0, 0.0, 0.0, 0.0, 0.0, 0.0, 0.0, 0.0, 0.0, 0.0, 0.0, 0.0, 0.0, 0.0, 0.0, 0.0, 0.0, 0.0, 0.0, 0.0, 0.0, 0.0, 0.0, 0.0, 0.0, 0.0, 0.0, 0.0, 0.0, 0.0, 0.0, 0.0, 0.0, 0.0, 0.0, 0.0, 0.0, 0.0, 0.0, 0.0, 0.0, 0.0, 0.0, 0.0, 0.0, 0.0, 0.0, 0.0, 0.0, 0.0, 0.0, 0.0, 0.0, 0.0, 0.0, 0.0, 0.0, 0.0, 0.0, 0.0, 0.0, 0.0, 0.0, 0.0, 0.0, 0.0, 0.0, 0.0, 0.0, 0.0, 0.0, 0.0, 0.0, 0.0, 0.0, 0.0, 0.0, 0.0, 0.0, 0.0, 0.0, 0.0, 0.0, 0.0, 0.0, 0.0, 0.0, 0.0, 0.0, 0.0, 0.0, 0.0, 0.0, 0.0, 0.0, 0.0, 0.0, 0.0, 0.0, 0.0, 0.0, 0.0, 0.0, 0.0, 0.0, 0.0, 0.0, 0.0, 0.0, 0.0, 0.0, 0.0, 0.0, 0.0, 0.0, 0.0, 0.0, 0.0, 0.0, 0.0, 0.0, 0.0, 0.0, 0.0, 0.0, 0.0, 0.0, 0.0, 0.0, 0.0, 0.0, 0.0, 0.0, 0.0, 0.0, 0.0, 0.0, 0.0, 0.0, 0.0, 0.0, 0.0, 0.0, 0.0, 0.0, 0.0, 0.0, 0.0, 0.0, 0.0, 0.0, 0.0, 0.0, 0.0, 0.0, 0.0, 0.0, 0.0, 0.0, 0.0, 0.0, 0.0, 0.0, 0.0, 0.0, 0.0, 0.0, 0.0, 0.0, 0.0, 0.0, 0.0, 0.0, 0.0, 0.0, 0.0, 0.0, 0.0, 0.0, 0.0, 0.0, 0.0, 0.0, 0.0, 0.0, 0.0, 0.0, 0.0, 0.0, 0.0, 0.0, 0.0, 0.0, 0.0, 0.0, 0.0, 0.0, 0.0, 0.0, 0.0, 0.0, 0.0, 0.0]",COMPLETE
