,number,value,datetime_start,datetime_complete,duration,params_batch_size_scaler,params_constant_learning_rate,params_depth,params_epochs,params_kernel_l2,params_num_trees,params_temperature,user_attrs_accuracy_test,user_attrs_accuracy_valid,user_attrs_approximate_feature_sparsity,user_attrs_approximate_feature_sparsity_history,user_attrs_approximate_weight_sparsity,user_attrs_approximate_weight_sparsity_history,user_attrs_auc_test,user_attrs_auc_valid,user_attrs_feature_sparsity,user_attrs_feature_sparsity_history,user_attrs_num_epochs,user_attrs_val_loss_history,user_attrs_weight_sparsity,user_attrs_weight_sparsity_history,state
6,6,0.8745475389985958,2024-08-31 00:46:17.363721,2024-08-31 00:47:44.033601,0 days 00:01:26.669880,4,0.010632046240482003,3,220,0.003611195965731106,7,0.0038825401014537064,0.9,0.89625,33,"[33, 33, 33, 33, 33, 33, 33, 33, 33, 33, 33, 33, 33, 33, 33, 33, 33, 33, 33, 33, 33, 33, 33, 33, 33, 33, 33, 33, 33, 33, 33, 33, 33, 33, 33, 33, 33, 33, 33, 33, 33, 33, 33, 33, 33, 33, 33, 33, 33, 33, 33, 33, 33, 33, 33, 33, 33, 33, 33, 33, 33, 33, 33, 33, 33, 33, 33, 33, 33, 33, 33, 33, 33, 33, 33, 33, 33, 33, 33, 33, 33, 33, 33, 33, 33, 33, 33, 33, 33, 33, 33, 33, 33, 33, 33, 33, 33, 33, 33, 33, 33, 33, 33, 33, 33, 33, 33, 33, 33, 33, 33, 33, 33, 33, 33, 33, 33, 33, 33, 33, 33, 33, 33, 33, 33, 33, 33, 33, 33, 33, 33, 33, 33, 33, 33, 33, 33, 33, 33, 33, 33, 33, 33, 33, 33, 33, 33, 33, 33, 33, 33, 33, 33, 33, 33, 33, 33, 33, 33, 33, 33, 33, 33, 33, 33, 33, 33, 33, 33, 33, 33, 33, 33, 33, 33, 33, 33, 33, 33, 33, 33, 33, 33, 33, 33, 33, 33, 33, 33, 33, 33, 33, 33, 33, 33, 33, 33, 33, 33, 33, 33, 33, 33, 33, 33, 33, 33, 33, 33, 33, 33, 33, 33, 33, 33, 33, 33, 33, 33, 33]",32.9795918367347,"[33.0, 33.0, 33.0, 33.0, 33.0, 33.0, 33.0, 32.9795918367347, 33.0, 33.0, 32.9795918367347, 32.9795918367347, 32.95918367346939, 32.9795918367347, 32.9795918367347, 33.0, 33.0, 33.0, 33.0, 33.0, 33.0, 33.0, 33.0, 33.0, 33.0, 33.0, 32.9795918367347, 33.0, 33.0, 33.0, 32.95918367346939, 32.9795918367347, 32.9795918367347, 32.9795918367347, 32.95918367346939, 32.9795918367347, 33.0, 33.0, 33.0, 33.0, 32.9795918367347, 33.0, 33.0, 33.0, 33.0, 33.0, 33.0, 32.9795918367347, 33.0, 33.0, 33.0, 32.9795918367347, 32.9795918367347, 33.0, 33.0, 32.9795918367347, 32.95918367346939, 32.9795918367347, 33.0, 32.9795918367347, 33.0, 33.0, 32.9795918367347, 33.0, 32.9795918367347, 32.9795918367347, 32.9795918367347, 32.9795918367347, 32.9795918367347, 32.9795918367347, 32.9795918367347, 32.9795918367347, 33.0, 33.0, 33.0, 33.0, 32.9795918367347, 33.0, 33.0, 33.0, 33.0, 33.0, 33.0, 32.9795918367347, 32.9795918367347, 33.0, 32.9795918367347, 33.0, 33.0, 32.9795918367347, 33.0, 33.0, 32.9795918367347, 33.0, 33.0, 33.0, 33.0, 33.0, 33.0, 33.0, 32.9795918367347, 32.95918367346939, 33.0, 33.0, 32.9795918367347, 32.9795918367347, 32.9795918367347, 32.9795918367347, 32.9795918367347, 33.0, 32.95918367346939, 32.9795918367347, 32.9795918367347, 32.9795918367347, 32.9795918367347, 33.0, 33.0, 33.0, 32.97959183673469, 32.95918367346939, 32.97959183673469, 32.97959183673469, 32.97959183673469, 32.97959183673469, 32.95918367346939, 32.97959183673469, 32.97959183673469, 32.97959183673469, 32.95918367346939, 32.95918367346939, 32.95918367346939, 32.95918367346939, 32.95918367346939, 32.95918367346939, 32.97959183673469, 32.95918367346939, 32.95918367346939, 32.95918367346939, 32.95918367346939, 32.95918367346939, 32.93877551020408, 32.93877551020408, 32.93877551020408, 32.93877551020408, 32.93877551020408, 32.93877551020408, 32.93877551020408, 32.97959183673469, 32.97959183673469, 32.97959183673469, 32.97959183673469, 32.97959183673469, 33.0, 33.0, 32.95918367346939, 32.95918367346939, 32.95918367346939, 33.0, 32.9795918367347, 33.0, 33.0, 32.9795918367347, 33.0, 33.0, 33.0, 33.0, 32.9795918367347, 32.95918367346939, 32.9795918367347, 32.9795918367347, 33.0, 32.9795918367347, 33.0, 33.0, 33.0, 33.0, 33.0, 33.0, 33.0, 33.0, 33.0, 33.0, 33.0, 33.0, 33.0, 33.0, 33.0, 33.0, 33.0, 33.0, 33.0, 33.0, 32.95918367346939, 32.95918367346939, 32.9795918367347, 32.95918367346939, 32.9795918367347, 32.95918367346939, 32.95918367346939, 33.0, 33.0, 33.0, 33.0, 33.0, 32.9795918367347, 33.0, 33.0, 33.0, 33.0, 33.0, 33.0, 33.0, 33.0, 32.9795918367347, 33.0, 33.0, 32.9795918367347, 32.9795918367347, 32.95918367346939, 32.9795918367347]",0.8596751954689189,0.8745475389985958,33,"[33, 33, 33, 33, 33, 33, 33, 33, 33, 33, 33, 33, 33, 33, 33, 33, 33, 33, 33, 33, 33, 33, 33, 33, 33, 33, 33, 33, 33, 33, 33, 33, 33, 33, 33, 33, 33, 33, 33, 33, 33, 33, 33, 33, 33, 33, 33, 33, 33, 33, 33, 33, 33, 33, 33, 33, 33, 33, 33, 33, 33, 33, 33, 33, 33, 33, 33, 33, 33, 33, 33, 33, 33, 33, 33, 33, 33, 33, 33, 33, 33, 33, 33, 33, 33, 33, 33, 33, 33, 33, 33, 33, 33, 33, 33, 33, 33, 33, 33, 33, 33, 33, 33, 33, 33, 33, 33, 33, 33, 33, 33, 33, 33, 33, 33, 33, 33, 33, 33, 33, 33, 33, 33, 33, 33, 33, 33, 33, 33, 33, 33, 33, 33, 33, 33, 33, 33, 33, 33, 33, 33, 33, 33, 33, 33, 33, 33, 33, 33, 33, 33, 33, 33, 33, 33, 33, 33, 33, 33, 33, 33, 33, 33, 33, 33, 33, 33, 33, 33, 33, 33, 33, 33, 33, 33, 33, 33, 33, 33, 33, 33, 33, 33, 33, 33, 33, 33, 33, 33, 33, 33, 33, 33, 33, 33, 33, 33, 33, 33, 33, 33, 33, 33, 33, 33, 33, 33, 33, 33, 33, 33, 33, 33, 33, 33, 33, 33, 33, 33, 33]",220,"[0.5827195644378662, 0.4978140592575073, 0.4529955983161926, 0.42759162187576294, 0.4121565520763397, 0.4020933210849762, 0.3951495289802551, 0.3901703357696533, 0.3863529562950134, 0.3833308815956116, 0.38083377480506897, 0.37869349122047424, 0.37683501839637756, 0.3751797378063202, 0.3736732602119446, 0.3723016679286957, 0.3710267245769501, 0.3698432445526123, 0.36873385310173035, 0.36769503355026245, 0.36671483516693115, 0.3657805323600769, 0.36488619446754456, 0.3640376329421997, 0.3632202446460724, 0.36243292689323425, 0.36167773604393005, 0.3609456717967987, 0.36023885011672974, 0.35955527424812317, 0.3588879406452179, 0.358242005109787, 0.3576054275035858, 0.35699382424354553, 0.35638904571533203, 0.35579344630241394, 0.3552061915397644, 0.35463446378707886, 0.35406914353370667, 0.35350745916366577, 0.352951318025589, 0.3524077534675598, 0.3518597483634949, 0.35132214426994324, 0.3507818281650543, 0.3502492606639862, 0.3497166037559509, 0.3491870164871216, 0.3486637473106384, 0.348139226436615, 0.3476216495037079, 0.34710177779197693, 0.34659144282341003, 0.3460748791694641, 0.3455542027950287, 0.345035582780838, 0.34451550245285034, 0.3439938724040985, 0.34347912669181824, 0.34296053647994995, 0.34244781732559204, 0.341935396194458, 0.34142085909843445, 0.34089890122413635, 0.3403792977333069, 0.33985328674316406, 0.3393230438232422, 0.3388008177280426, 0.33827582001686096, 0.3377455174922943, 0.33722373843193054, 0.33669906854629517, 0.3361697494983673, 0.3356407582759857, 0.3351061940193176, 0.334572434425354, 0.3340384364128113, 0.33350619673728943, 0.3329753577709198, 0.33243685960769653, 0.33190077543258667, 0.33136123418807983, 0.33082902431488037, 0.33029502630233765, 0.3297579288482666, 0.32921695709228516, 0.328687846660614, 0.32815441489219666, 0.32761630415916443, 0.32706987857818604, 0.32653549313545227, 0.3260023593902588, 0.3254668712615967, 0.32493090629577637, 0.3243944048881531, 0.3238595128059387, 0.32332199811935425, 0.32279491424560547, 0.3222556412220001, 0.32172146439552307, 0.3211902976036072, 0.32066163420677185, 0.32012835144996643, 0.31959661841392517, 0.31906548142433167, 0.3185337483882904, 0.318004846572876, 0.31748631596565247, 0.3169560432434082, 0.3164312541484833, 0.3159099817276001, 0.3153855800628662, 0.31486010551452637, 0.31434381008148193, 0.3138209879398346, 0.3132997751235962, 0.3127901554107666, 0.31227749586105347, 0.31176474690437317, 0.31124770641326904, 0.3107455372810364, 0.31024426221847534, 0.3097439706325531, 0.3092387914657593, 0.30874311923980713, 0.30824828147888184, 0.30775564908981323, 0.30725863575935364, 0.30677151679992676, 0.30628615617752075, 0.3057974874973297, 0.3053189516067505, 0.3048277795314789, 0.3043459355831146, 0.30386772751808167, 0.30339503288269043, 0.3029237985610962, 0.30245086550712585, 0.30198755860328674, 0.30152472853660583, 0.3010617196559906, 0.3006105422973633, 0.3001542389392853, 0.29969704151153564, 0.29924294352531433, 0.29879501461982727, 0.2983454763889313, 0.2979052662849426, 0.29745641350746155, 0.29701662063598633, 0.29658257961273193, 0.2961426079273224, 0.2957041263580322, 0.2952691316604614, 0.2948381006717682, 0.29442039132118225, 0.2940048277378082, 0.2935805022716522, 0.29316243529319763, 0.29274898767471313, 0.29233336448669434, 0.2919232249259949, 0.29151666164398193, 0.2911149561405182, 0.290720134973526, 0.2903147041797638, 0.28991109132766724, 0.28951922059059143, 0.28913113474845886, 0.28873980045318604, 0.288345068693161, 0.28795358538627625, 0.28757160902023315, 0.2871876060962677, 0.28680771589279175, 0.2864290475845337, 0.2860562205314636, 0.28569409251213074, 0.28532326221466064, 0.2849569022655487, 0.2845914363861084, 0.28421974182128906, 0.2838596701622009, 0.2835066020488739, 0.28315216302871704, 0.2828008532524109, 0.28244808316230774, 0.2820921838283539, 0.28174513578414917, 0.2813981771469116, 0.28105613589286804, 0.28070905804634094, 0.2803763449192047, 0.28003883361816406, 0.27970200777053833, 0.279371440410614, 0.2790384590625763, 0.2787105441093445, 0.2783777713775635, 0.2780555188655853, 0.27773869037628174, 0.27741387486457825, 0.2770916521549225, 0.2767763137817383, 0.27646252512931824, 0.27614733576774597, 0.27583396434783936, 0.2755204141139984, 0.2752074897289276, 0.2749098241329193, 0.2746035158634186, 0.2743000090122223, 0.27399516105651855, 0.27369454503059387, 0.27339866757392883, 0.27310144901275635, 0.2728036642074585, 0.2725105881690979, 0.2722190320491791, 0.2719248831272125]",33.0,"[33.0, 33.0, 33.0, 33.0, 33.0, 33.0, 33.0, 33.0, 33.0, 33.0, 33.0, 33.0, 33.0, 33.0, 33.0, 33.0, 33.0, 33.0, 33.0, 33.0, 33.0, 33.0, 33.0, 33.0, 33.0, 33.0, 33.0, 33.0, 33.0, 33.0, 33.0, 33.0, 33.0, 33.0, 33.0, 33.0, 33.0, 33.0, 33.0, 33.0, 33.0, 33.0, 33.0, 33.0, 33.0, 33.0, 33.0, 33.0, 33.0, 33.0, 33.0, 33.0, 33.0, 33.0, 33.0, 33.0, 33.0, 33.0, 33.0, 33.0, 33.0, 33.0, 33.0, 33.0, 33.0, 33.0, 33.0, 33.0, 33.0, 33.0, 33.0, 33.0, 33.0, 33.0, 33.0, 33.0, 33.0, 33.0, 33.0, 33.0, 33.0, 33.0, 33.0, 33.0, 33.0, 33.0, 33.0, 33.0, 33.0, 33.0, 33.0, 33.0, 33.0, 33.0, 33.0, 33.0, 33.0, 33.0, 33.0, 33.0, 33.0, 33.0, 33.0, 33.0, 33.0, 33.0, 33.0, 33.0, 33.0, 33.0, 33.0, 33.0, 33.0, 33.0, 33.0, 33.0, 33.0, 33.0, 33.0, 33.0, 33.0, 33.0, 33.0, 33.0, 33.0, 33.0, 33.0, 33.0, 33.0, 33.0, 33.0, 33.0, 33.0, 33.0, 33.0, 33.0, 33.0, 33.0, 33.0, 33.0, 33.0, 33.0, 33.0, 33.0, 33.0, 33.0, 33.0, 33.0, 33.0, 33.0, 33.0, 33.0, 33.0, 33.0, 33.0, 33.0, 33.0, 33.0, 33.0, 33.0, 33.0, 33.0, 33.0, 33.0, 33.0, 33.0, 33.0, 33.0, 33.0, 33.0, 33.0, 33.0, 33.0, 33.0, 33.0, 33.0, 33.0, 33.0, 33.0, 33.0, 33.0, 33.0, 33.0, 33.0, 33.0, 33.0, 33.0, 33.0, 33.0, 33.0, 33.0, 33.0, 33.0, 33.0, 33.0, 33.0, 33.0, 33.0, 33.0, 33.0, 33.0, 33.0, 33.0, 33.0, 33.0, 33.0, 33.0, 33.0, 33.0, 33.0, 33.0, 33.0, 33.0, 33.0, 33.0, 33.0, 33.0, 33.0, 33.0, 33.0]",COMPLETE
7,7,0.5,2024-08-31 00:47:44.271669,2024-08-31 00:51:04.456672,0 days 00:03:20.185003,4,2.939999533442051,5,260,0.30916119903833467,59,0.014522254199582092,0.859,0.85875,0,"[0, 0, 0, 0, 0, 0, 0, 0, 0, 0, 0, 0, 0, 0, 0, 0, 0, 0, 0, 0, 0, 0, 0, 0, 0, 0, 0, 0, 0, 0, 0, 0, 0, 0, 0, 0, 0, 0, 0, 0, 0, 0, 0, 0, 0, 0, 0, 0, 0, 0, 0, 0, 0, 0, 0, 0, 0, 0, 0, 0, 0, 0, 0, 0, 0, 0, 0, 0, 0, 0, 0, 0, 0, 0, 0, 0, 0, 0, 0, 0, 0, 0, 0, 0, 0, 0, 0, 0, 0, 0, 0, 0, 0, 0, 0, 0, 0, 0, 0, 0, 0, 0, 0, 0, 0, 0, 0, 0, 0, 0, 0, 0, 0, 0, 0, 0, 0, 0, 0, 0, 0, 0, 0, 0, 0, 0, 0, 0, 0, 0, 0, 0, 0, 0, 0, 0, 0, 0, 0, 0, 0, 0, 0, 0, 0, 0, 0, 0, 0, 0, 0, 0, 0, 0, 0, 0, 0, 0, 0, 0, 0, 0, 0, 0, 0, 0, 0, 0, 0, 0, 0, 0, 0, 0, 0, 0, 0, 0, 0, 0, 0, 0, 0, 0, 0, 0, 0, 0, 0, 0, 0, 0, 0, 0, 0, 0, 0, 0, 0, 0, 0, 0, 0, 0, 0, 0, 0, 0, 0, 0, 0, 0, 0, 0, 0, 0, 0, 0, 0, 0, 0, 0, 0, 0, 0, 0, 0, 0, 0, 0, 0, 0, 0, 0, 0, 0, 0, 0, 0, 0, 0, 0, 0, 0, 0, 0, 0, 0, 0, 0, 0, 0, 0, 0, 0, 0, 0, 0, 0, 0]",0.0,"[0.0, 0.0, 0.0, 0.0, 0.0, 0.0, 0.0, 0.0, 0.0, 0.0, 0.0, 0.0, 0.0, 0.0, 0.0, 0.0, 0.0, 0.0, 0.0, 0.0, 0.0, 0.0, 0.0, 0.0, 0.0, 0.0, 0.0, 0.0, 0.0, 0.0, 0.0, 0.0, 0.0, 0.0, 0.0, 0.0, 0.0, 0.0, 0.0, 0.0, 0.0, 0.0, 0.0, 0.0, 0.0, 0.0, 0.0, 0.0, 0.0, 0.0, 0.0, 0.0, 0.0, 0.0, 0.0, 0.0, 0.0, 0.0, 0.0, 0.0, 0.0, 0.0, 0.0, 0.0, 0.0, 0.0, 0.0, 0.0, 0.0, 0.0, 0.0, 0.0, 0.0, 0.0, 0.0, 0.0, 0.0, 0.0, 0.0, 0.0, 0.0, 0.0, 0.0, 0.0, 0.0, 0.0, 0.0, 0.0, 0.0, 0.0, 0.0, 0.0, 0.0, 0.0, 0.0, 0.0, 0.0, 0.0, 0.0, 0.0, 0.0, 0.0, 0.0, 0.0, 0.0, 0.0, 0.0, 0.0, 0.0, 0.0, 0.0, 0.0, 0.0, 0.0, 0.0, 0.0, 0.0, 0.0, 0.0, 0.0, 0.0, 0.0, 0.0, 0.0, 0.0, 0.0, 0.0, 0.0, 0.0, 0.0, 0.0, 0.0, 0.0, 0.0, 0.0, 0.0, 0.0, 0.0, 0.0, 0.0, 0.0, 0.0, 0.0, 0.0, 0.0, 0.0, 0.0, 0.0, 0.0, 0.0, 0.0, 0.0, 0.0, 0.0, 0.0, 0.0, 0.0, 0.0, 0.0, 0.0, 0.0, 0.0, 0.0, 0.0, 0.0, 0.0, 0.0, 0.0, 0.0, 0.0, 0.0, 0.0, 0.0, 0.0, 0.0, 0.0, 0.0, 0.0, 0.0, 0.0, 0.0, 0.0, 0.0, 0.0, 0.0, 0.0, 0.0, 0.0, 0.0, 0.0, 0.0, 0.0, 0.0, 0.0, 0.0, 0.0, 0.0, 0.0, 0.0, 0.0, 0.0, 0.0, 0.0, 0.0, 0.0, 0.0, 0.0, 0.0, 0.0, 0.0, 0.0, 0.0, 0.0, 0.0, 0.0, 0.0, 0.0, 0.0, 0.0, 0.0, 0.0, 0.0, 0.0, 0.0, 0.0, 0.0, 0.0, 0.0, 0.0, 0.0, 0.0, 0.0, 0.0, 0.0, 0.0, 0.0, 0.0, 0.0, 0.0, 0.0, 0.0, 0.0, 0.0, 0.0, 0.0, 0.0, 0.0, 0.0, 0.0, 0.0, 0.0, 0.0, 0.0, 0.0, 0.0, 0.0, 0.0, 0.0, 0.0, 0.0]",0.5,0.5,0,"[0, 0, 0, 0, 0, 0, 0, 0, 0, 0, 0, 0, 0, 0, 0, 0, 0, 0, 0, 0, 0, 0, 0, 0, 0, 0, 0, 0, 0, 0, 0, 0, 0, 0, 0, 0, 0, 0, 0, 0, 0, 0, 0, 0, 0, 0, 0, 0, 0, 0, 0, 0, 0, 0, 0, 0, 0, 0, 0, 0, 0, 0, 0, 0, 0, 0, 0, 0, 0, 0, 0, 0, 0, 0, 0, 0, 0, 0, 0, 0, 0, 0, 0, 0, 0, 0, 0, 0, 0, 0, 0, 0, 0, 0, 0, 0, 0, 0, 0, 0, 0, 0, 0, 0, 0, 0, 0, 0, 0, 0, 0, 0, 0, 0, 0, 0, 0, 0, 0, 0, 0, 0, 0, 0, 0, 0, 0, 0, 0, 0, 0, 0, 0, 0, 0, 0, 0, 0, 0, 0, 0, 0, 0, 0, 0, 0, 0, 0, 0, 0, 0, 0, 0, 0, 0, 0, 0, 0, 0, 0, 0, 0, 0, 0, 0, 0, 0, 0, 0, 0, 0, 0, 0, 0, 0, 0, 0, 0, 0, 0, 0, 0, 0, 0, 0, 0, 0, 0, 0, 0, 0, 0, 0, 0, 0, 0, 0, 0, 0, 0, 0, 0, 0, 0, 0, 0, 0, 0, 0, 0, 0, 0, 0, 0, 0, 0, 0, 0, 0, 0, 0, 0, 0, 0, 0, 0, 0, 0, 0, 0, 0, 0, 0, 0, 0, 0, 0, 0, 0, 0, 0, 0, 0, 0, 0, 0, 0, 0, 0, 0, 0, 0, 0, 0, 0, 0, 0, 0, 0, 0]",260,"[0.41227957606315613, 0.4820335805416107, 0.5025063157081604, 0.41388580203056335, 0.4127199053764343, 0.4092460870742798, 0.41995006799697876, 0.40858814120292664, 0.4373909831047058, 0.43525630235671997, 0.42716118693351746, 0.4304085969924927, 0.4091114103794098, 0.407278448343277, 0.40732529759407043, 0.41840970516204834, 0.41054287552833557, 0.4143517315387726, 0.4181607961654663, 0.4181676506996155, 0.4282623529434204, 0.4079889953136444, 0.40729835629463196, 0.4219999611377716, 0.5751703381538391, 0.4086039364337921, 0.4343723654747009, 0.4074276387691498, 0.4080459475517273, 0.40947139263153076, 0.6355578899383545, 0.4209604263305664, 0.40800178050994873, 0.41175490617752075, 0.4444929361343384, 0.43993890285491943, 0.45454323291778564, 0.47072216868400574, 0.5112968683242798, 0.4482875466346741, 0.41811561584472656, 0.40859633684158325, 0.4141361713409424, 0.4327584505081177, 0.46668362617492676, 0.418070912361145, 0.424283891916275, 0.40790489315986633, 0.4197920560836792, 0.4149080514907837, 0.4277220070362091, 0.4131201505661011, 0.48381468653678894, 0.40757378935813904, 0.4100840389728546, 0.4073745012283325, 0.4096720814704895, 0.4074092209339142, 0.4083550274372101, 0.42839840054512024, 0.417056679725647, 0.4528180956840515, 0.4119509160518646, 0.42472413182258606, 0.4299256205558777, 0.4079407751560211, 0.40988224744796753, 0.4077889621257782, 0.4138224124908447, 0.4089663028717041, 0.42360928654670715, 0.4189319610595703, 0.4073276221752167, 0.4339945912361145, 0.44175946712493896, 0.41953980922698975, 0.4143703877925873, 0.40728646516799927, 0.407304584980011, 0.44504767656326294, 0.42106926441192627, 0.4201028347015381, 0.4173213541507721, 0.4073876440525055, 0.407575786113739, 0.4224082827568054, 0.4402484595775604, 0.41224372386932373, 0.40912994742393494, 0.4130364954471588, 0.4160146415233612, 0.43386632204055786, 0.4092121422290802, 0.42442435026168823, 0.4189164340496063, 0.4335052967071533, 0.46085694432258606, 0.4432661533355713, 0.4092734456062317, 0.4210096597671509, 0.4464811682701111, 0.5275578498840332, 0.4210572838783264, 0.41776543855667114, 0.4115937054157257, 0.4478527009487152, 0.4108473062515259, 0.40815943479537964, 0.42922714352607727, 0.40902596712112427, 0.46414732933044434, 0.4080587327480316, 0.4074971675872803, 0.4072664976119995, 0.4095279276371002, 0.4170818328857422, 0.4294549524784088, 0.4113078713417053, 0.4119997024536133, 0.44855526089668274, 0.4228920638561249, 0.40928685665130615, 0.40866073966026306, 0.5160155296325684, 0.4072267413139343, 0.4073581397533417, 0.4157825708389282, 0.40738919377326965, 0.4414733052253723, 0.4188724458217621, 0.40916287899017334, 0.4072289764881134, 0.408517450094223, 0.40842559933662415, 0.42236796021461487, 0.4073385000228882, 0.4142102897167206, 0.4076968729496002, 0.4338753819465637, 0.4105178415775299, 0.4110359251499176, 0.4103145897388458, 0.4108904004096985, 0.4462794065475464, 0.4092285931110382, 0.42019638419151306, 0.4687322676181793, 0.4132387936115265, 0.43240639567375183, 0.4235014021396637, 0.4088689386844635, 0.4175298810005188, 0.4172147810459137, 0.42722275853157043, 0.42139002680778503, 0.515296995639801, 0.4083802402019501, 0.44601574540138245, 0.42753249406814575, 0.43939220905303955, 0.4115409851074219, 0.41202276945114136, 0.4365018904209137, 0.41981956362724304, 0.41944026947021484, 0.4125290811061859, 0.4139553904533386, 0.446265310049057, 0.46455955505371094, 0.4676351547241211, 0.44316670298576355, 0.4320186972618103, 0.4451484978199005, 0.40728893876075745, 0.5228984951972961, 0.4178869128227234, 0.4154171049594879, 0.4102656841278076, 0.4085730314254761, 0.4122186601161957, 0.407236784696579, 0.4072335958480835, 0.40890562534332275, 0.4073813557624817, 0.4366210997104645, 0.42674633860588074, 0.41249170899391174, 0.4433143734931946, 0.4073007106781006, 0.407940149307251, 0.40931132435798645, 0.40724071860313416, 0.4089672863483429, 0.428300142288208, 0.4264552593231201, 0.4090386927127838, 0.4120456576347351, 0.42462021112442017, 0.4090673327445984, 0.4080642759799957, 0.4132990539073944, 0.4072459042072296, 0.4073776304721832, 0.4080941379070282, 0.4216040372848511, 0.4956325590610504, 0.40726515650749207, 0.4073656499385834, 0.4088217616081238, 0.41488978266716003, 0.4319274425506592, 0.41266512870788574, 0.4331493079662323, 0.4151627719402313, 0.41018661856651306, 0.40727904438972473, 0.414333701133728, 0.4434724748134613, 0.45061808824539185, 0.4169161319732666, 0.4216625988483429, 0.413615345954895, 0.4936946630477905, 0.4080972969532013, 0.4095348119735718, 0.4120166003704071, 0.4072468876838684, 0.4080813229084015, 0.41226932406425476, 0.41049471497535706, 0.41988128423690796, 0.4120752811431885, 0.4273368716239929, 0.40967869758605957, 0.4259323179721832, 0.41445380449295044, 0.4073091745376587, 0.4365673065185547, 0.41245606541633606, 0.41273602843284607, 0.40785476565361023, 0.46852970123291016, 0.41770943999290466, 0.41382190585136414, 0.40814223885536194, 0.40724533796310425, 0.42491135001182556, 0.4242965579032898, 0.4283522367477417, 0.4308129549026489, 0.4294039011001587, 0.40854236483573914, 0.4131472706794739, 0.4128086566925049, 0.43066656589508057, 0.48431316018104553, 0.42890048027038574, 0.4131251573562622, 0.44350680708885193, 0.4072263240814209]",0.0,"[0.0, 0.0, 0.0, 0.0, 0.0, 0.0, 0.0, 0.0, 0.0, 0.0, 0.0, 0.0, 0.0, 0.0, 0.0, 0.0, 0.0, 0.0, 0.0, 0.0, 0.0, 0.0, 0.0, 0.0, 0.0, 0.0, 0.0, 0.0, 0.0, 0.0, 0.0, 0.0, 0.0, 0.0, 0.0, 0.0, 0.0, 0.0, 0.0, 0.0, 0.0, 0.0, 0.0, 0.0, 0.0, 0.0, 0.0, 0.0, 0.0, 0.0, 0.0, 0.0, 0.0, 0.0, 0.0, 0.0, 0.0, 0.0, 0.0, 0.0, 0.0, 0.0, 0.0, 0.0, 0.0, 0.0, 0.0, 0.0, 0.0, 0.0, 0.0, 0.0, 0.0, 0.0, 0.0, 0.0, 0.0, 0.0, 0.0, 0.0, 0.0, 0.0, 0.0, 0.0, 0.0, 0.0, 0.0, 0.0, 0.0, 0.0, 0.0, 0.0, 0.0, 0.0, 0.0, 0.0, 0.0, 0.0, 0.0, 0.0, 0.0, 0.0, 0.0, 0.0, 0.0, 0.0, 0.0, 0.0, 0.0, 0.0, 0.0, 0.0, 0.0, 0.0, 0.0, 0.0, 0.0, 0.0, 0.0, 0.0, 0.0, 0.0, 0.0, 0.0, 0.0, 0.0, 0.0, 0.0, 0.0, 0.0, 0.0, 0.0, 0.0, 0.0, 0.0, 0.0, 0.0, 0.0, 0.0, 0.0, 0.0, 0.0, 0.0, 0.0, 0.0, 0.0, 0.0, 0.0, 0.0, 0.0, 0.0, 0.0, 0.0, 0.0, 0.0, 0.0, 0.0, 0.0, 0.0, 0.0, 0.0, 0.0, 0.0, 0.0, 0.0, 0.0, 0.0, 0.0, 0.0, 0.0, 0.0, 0.0, 0.0, 0.0, 0.0, 0.0, 0.0, 0.0, 0.0, 0.0, 0.0, 0.0, 0.0, 0.0, 0.0, 0.0, 0.0, 0.0, 0.0, 0.0, 0.0, 0.0, 0.0, 0.0, 0.0, 0.0, 0.0, 0.0, 0.0, 0.0, 0.0, 0.0, 0.0, 0.0, 0.0, 0.0, 0.0, 0.0, 0.0, 0.0, 0.0, 0.0, 0.0, 0.0, 0.0, 0.0, 0.0, 0.0, 0.0, 0.0, 0.0, 0.0, 0.0, 0.0, 0.0, 0.0, 0.0, 0.0, 0.0, 0.0, 0.0, 0.0, 0.0, 0.0, 0.0, 0.0, 0.0, 0.0, 0.0, 0.0, 0.0, 0.0, 0.0, 0.0, 0.0, 0.0, 0.0, 0.0, 0.0, 0.0, 0.0, 0.0, 0.0, 0.0, 0.0, 0.0, 0.0, 0.0, 0.0, 0.0]",COMPLETE
