,number,value,datetime_start,datetime_complete,duration,params_batch_size_scaler,params_constant_learning_rate,params_depth,params_epochs,params_kernel_l2,params_num_trees,params_temperature,user_attrs_accuracy_test,user_attrs_accuracy_valid,user_attrs_approximate_feature_sparsity,user_attrs_approximate_feature_sparsity_history,user_attrs_approximate_weight_sparsity,user_attrs_approximate_weight_sparsity_history,user_attrs_auc_test,user_attrs_auc_valid,user_attrs_feature_sparsity,user_attrs_feature_sparsity_history,user_attrs_num_epochs,user_attrs_val_loss_history,user_attrs_weight_sparsity,user_attrs_weight_sparsity_history,state
102,102,0.9087349125993481,2024-08-31 06:04:24.228082,2024-08-31 06:05:24.803853,0 days 00:01:00.575771,16,0.1411509468422576,4,305,0.5374304945150526,34,0.004116079946450518,0.905,0.8975,14,"[33, 33, 33, 33, 33, 33, 33, 33, 33, 33, 33, 33, 33, 33, 33, 33, 33, 33, 33, 33, 33, 33, 33, 33, 33, 33, 33, 33, 33, 33, 33, 33, 33, 33, 33, 33, 33, 33, 33, 33, 33, 33, 33, 33, 33, 33, 33, 33, 33, 33, 33, 33, 33, 33, 33, 33, 33, 33, 33, 33, 33, 33, 33, 33, 33, 33, 33, 33, 33, 33, 33, 33, 33, 33, 33, 33, 33, 33, 33, 33, 33, 33, 33, 33, 33, 33, 33, 33, 33, 33, 33, 33, 32, 32, 32, 32, 32, 30, 30, 29, 29, 27, 26, 26, 25, 24, 23, 23, 21, 20, 19, 19, 19, 19, 19, 19, 18, 18, 18, 16, 16, 16, 16, 16, 16, 16, 15, 15, 15, 15, 15, 15, 15, 15, 15, 15, 15, 15, 15, 15, 15, 15, 15, 15, 15, 15, 15, 14, 14, 14, 14, 14, 14, 14, 14, 14, 14, 14, 14, 14, 14, 14, 14, 14, 14, 14, 14, 14, 14, 14, 14, 14, 14, 14, 14, 14, 14, 14, 14, 14, 14, 14, 14, 14, 14, 14, 14, 14, 14, 14, 14, 14, 14, 14, 14, 14, 14, 14, 14, 14, 14, 14, 14, 14, 14, 14, 14, 14, 14, 14, 14, 14, 14, 14, 14, 14, 14, 14, 14, 14, 14, 14, 14, 14, 14, 14, 14, 14, 14, 14, 14, 14, 14, 14, 14, 14, 14, 14, 14, 14, 14, 14, 14, 14, 14, 14, 14, 14, 14, 14, 14, 14, 14, 14, 14, 14, 14, 14, 14, 14, 14, 14, 14, 14, 14, 14, 14, 14, 14, 14, 14, 14, 14, 14, 14, 14, 14, 14, 14, 14, 14, 14, 14, 14, 14, 14, 14, 14, 14, 14, 14, 14, 14, 14, 14, 14, 14, 14, 14, 14, 14, 14, 14, 14, 14]",13.962745098039216,"[32.956862745098036, 32.96666666666667, 32.97450980392157, 32.976470588235294, 32.95490196078431, 32.95882352941177, 32.964705882352945, 32.96666666666667, 32.964705882352945, 32.964705882352945, 32.96862745098039, 32.970588235294116, 32.97254901960784, 32.96274509803922, 32.956862745098036, 32.956862745098036, 32.956862745098036, 32.96078431372549, 32.95882352941177, 32.95686274509804, 32.95882352941177, 32.95490196078431, 32.95490196078431, 32.956862745098036, 32.956862745098036, 32.94901960784314, 32.964705882352945, 32.970588235294116, 32.970588235294116, 32.956862745098036, 32.96078431372549, 32.95882352941177, 32.95882352941177, 32.956862745098036, 32.96666666666667, 32.95490196078431, 32.964705882352945, 32.96666666666667, 32.962745098039214, 32.95490196078431, 32.95490196078431, 32.956862745098036, 32.94901960784314, 32.95490196078431, 32.95490196078431, 32.950980392156865, 32.94705882352941, 32.95294117647059, 32.95294117647059, 32.950980392156865, 32.95294117647059, 32.950980392156865, 32.94901960784314, 32.964705882352945, 32.962745098039214, 32.95294117647059, 32.94705882352942, 32.956862745098036, 32.96078431372549, 32.95882352941177, 32.95686274509804, 32.95490196078431, 32.95686274509804, 32.950980392156865, 32.95882352941176, 32.964705882352945, 32.970588235294116, 32.96666666666667, 32.96078431372549, 32.95882352941177, 32.96666666666667, 32.964705882352945, 32.964705882352945, 32.96078431372549, 32.96078431372549, 32.95490196078431, 32.956862745098036, 32.96274509803922, 32.95294117647059, 32.95294117647059, 32.96862745098039, 32.970588235294116, 32.964705882352945, 32.964705882352945, 32.950980392156865, 32.94509803921569, 32.94901960784314, 32.95490196078431, 32.96666666666667, 32.950980392156865, 32.95686274509804, 32.950980392156865, 31.95294117647059, 31.956862745098043, 31.964705882352945, 31.956862745098043, 31.94901960784314, 29.964705882352945, 29.972549019607847, 28.97450980392157, 28.96666666666667, 26.97450980392157, 25.962745098039218, 25.962745098039214, 24.96666666666667, 23.976470588235294, 22.958823529411767, 22.958823529411767, 20.972549019607847, 19.962745098039214, 18.976470588235294, 18.980392156862745, 18.96666666666667, 18.962745098039214, 18.976470588235294, 18.958823529411767, 17.972549019607843, 17.972549019607843, 17.968627450980392, 15.974509803921569, 15.986274509803922, 15.98235294117647, 15.98235294117647, 15.98235294117647, 15.984313725490196, 15.974509803921569, 14.980392156862745, 14.988235294117647, 14.988235294117647, 14.972549019607843, 14.98235294117647, 14.98235294117647, 14.992156862745098, 14.988235294117647, 14.986274509803922, 14.988235294117647, 14.986274509803922, 14.976470588235294, 14.98235294117647, 14.986274509803922, 14.990196078431373, 14.990196078431373, 14.98235294117647, 14.98235294117647, 14.97843137254902, 14.976470588235294, 14.976470588235294, 13.984313725490196, 13.97843137254902, 13.976470588235294, 13.984313725490196, 13.994117647058824, 13.98235294117647, 13.97843137254902, 13.98235294117647, 13.984313725490196, 13.974509803921569, 13.988235294117647, 13.980392156862745, 13.980392156862745, 13.984313725490196, 13.986274509803922, 13.986274509803922, 13.984313725490196, 13.97843137254902, 13.984313725490196, 13.98235294117647, 13.97843137254902, 13.980392156862745, 13.980392156862745, 13.984313725490196, 13.988235294117647, 13.980392156862745, 13.988235294117647, 13.97843137254902, 13.980392156862745, 13.986274509803922, 13.98235294117647, 13.984313725490196, 13.97843137254902, 13.97843137254902, 13.984313725490196, 13.974509803921569, 13.984313725490196, 13.98235294117647, 13.984313725490196, 13.98235294117647, 13.976470588235294, 13.984313725490196, 13.980392156862745, 13.986274509803922, 13.980392156862745, 13.972549019607843, 13.970588235294118, 13.972549019607843, 13.97843137254902, 13.98235294117647, 13.984313725490196, 13.98235294117647, 13.980392156862745, 13.98235294117647, 13.98235294117647, 13.984313725490196, 13.986274509803922, 13.984313725490196, 13.986274509803922, 13.988235294117647, 13.986274509803922, 13.986274509803922, 13.98235294117647, 13.98235294117647, 13.990196078431373, 13.984313725490196, 13.98235294117647, 13.976470588235294, 13.964705882352941, 13.970588235294118, 13.976470588235294, 13.97843137254902, 13.980392156862745, 13.980392156862745, 13.974509803921569, 13.98235294117647, 13.990196078431373, 13.97843137254902, 13.986274509803922, 13.976470588235294, 13.970588235294118, 13.97843137254902, 13.98235294117647, 13.97843137254902, 13.974509803921569, 13.98235294117647, 13.98235294117647, 13.976470588235294, 13.970588235294118, 13.970588235294118, 13.972549019607843, 13.964705882352941, 13.98235294117647, 13.984313725490196, 13.980392156862745, 13.986274509803922, 13.98235294117647, 13.986274509803922, 13.992156862745098, 13.988235294117647, 13.972549019607843, 13.980392156862745, 13.980392156862745, 13.97843137254902, 13.980392156862745, 13.984313725490196, 13.984313725490196, 13.988235294117647, 13.984313725490196, 13.986274509803922, 13.990196078431373, 13.986274509803922, 13.984313725490196, 13.988235294117647, 13.988235294117647, 13.986274509803922, 13.986274509803922, 13.984313725490196, 13.984313725490196, 13.97843137254902, 13.97843137254902, 13.970588235294118, 13.968627450980392, 13.972549019607843, 13.97843137254902, 13.976470588235294, 13.966666666666667, 13.964705882352941, 13.970588235294118, 13.966666666666667, 13.972549019607843, 13.984313725490196, 13.984313725490196, 13.98235294117647, 13.976470588235294, 13.968627450980392, 13.98235294117647, 13.980392156862745, 13.968627450980392, 13.974509803921569, 13.972549019607843, 13.980392156862745, 13.974509803921569, 13.976470588235294, 13.974509803921569, 13.972549019607843, 13.966666666666667, 13.96078431372549, 13.962745098039216, 13.95686274509804, 13.96078431372549, 13.958823529411765, 13.958823529411765, 13.964705882352941, 13.966666666666667, 13.962745098039216, 13.96078431372549, 13.962745098039216]",0.8884568069419332,0.9087349125993481,14,"[33, 33, 33, 33, 33, 33, 33, 33, 33, 33, 33, 33, 33, 33, 33, 33, 33, 33, 33, 33, 33, 33, 33, 33, 33, 33, 33, 33, 33, 33, 33, 33, 33, 33, 33, 33, 33, 33, 33, 33, 33, 33, 33, 33, 33, 33, 33, 33, 33, 33, 33, 33, 33, 33, 33, 33, 33, 33, 33, 33, 33, 33, 33, 33, 33, 33, 33, 33, 33, 33, 33, 33, 33, 33, 33, 33, 33, 33, 33, 33, 33, 33, 33, 33, 33, 33, 33, 33, 33, 33, 33, 33, 32, 32, 32, 32, 32, 30, 30, 29, 29, 27, 26, 26, 25, 24, 23, 23, 21, 20, 19, 19, 19, 19, 19, 19, 18, 18, 18, 16, 16, 16, 16, 16, 16, 16, 15, 15, 15, 15, 15, 15, 15, 15, 15, 15, 15, 15, 15, 15, 15, 15, 15, 15, 15, 15, 15, 14, 14, 14, 14, 14, 14, 14, 14, 14, 14, 14, 14, 14, 14, 14, 14, 14, 14, 14, 14, 14, 14, 14, 14, 14, 14, 14, 14, 14, 14, 14, 14, 14, 14, 14, 14, 14, 14, 14, 14, 14, 14, 14, 14, 14, 14, 14, 14, 14, 14, 14, 14, 14, 14, 14, 14, 14, 14, 14, 14, 14, 14, 14, 14, 14, 14, 14, 14, 14, 14, 14, 14, 14, 14, 14, 14, 14, 14, 14, 14, 14, 14, 14, 14, 14, 14, 14, 14, 14, 14, 14, 14, 14, 14, 14, 14, 14, 14, 14, 14, 14, 14, 14, 14, 14, 14, 14, 14, 14, 14, 14, 14, 14, 14, 14, 14, 14, 14, 14, 14, 14, 14, 14, 14, 14, 14, 14, 14, 14, 14, 14, 14, 14, 14, 14, 14, 14, 14, 14, 14, 14, 14, 14, 14, 14, 14, 14, 14, 14, 14, 14, 14, 14, 14, 14, 14, 14, 14]",305,"[0.4660166800022125, 0.4548436105251312, 0.4503879249095917, 0.4466058015823364, 0.4437728524208069, 0.4412039518356323, 0.4388778805732727, 0.4367758631706238, 0.43517962098121643, 0.43328186869621277, 0.43159857392311096, 0.43031132221221924, 0.4289590120315552, 0.4275053143501282, 0.42601028084754944, 0.4248007535934448, 0.42383238673210144, 0.4226943850517273, 0.4214441776275635, 0.42029812932014465, 0.4193188548088074, 0.4181501865386963, 0.41704124212265015, 0.4161159098148346, 0.4149552285671234, 0.4139092266559601, 0.41289108991622925, 0.41182708740234375, 0.41098612546920776, 0.40998318791389465, 0.40919730067253113, 0.40839332342147827, 0.4072514474391937, 0.4062919616699219, 0.40535828471183777, 0.4045341908931732, 0.40365657210350037, 0.4028567373752594, 0.402204692363739, 0.40127408504486084, 0.40010666847229004, 0.399156391620636, 0.3982046842575073, 0.39725807309150696, 0.3965560495853424, 0.39552730321884155, 0.3944858908653259, 0.39373406767845154, 0.3927052617073059, 0.3919728100299835, 0.39119473099708557, 0.3901668190956116, 0.38936224579811096, 0.388663649559021, 0.38776734471321106, 0.38699471950531006, 0.38606393337249756, 0.3852212131023407, 0.3844115436077118, 0.3836899995803833, 0.3831234276294708, 0.38196903467178345, 0.38107290863990784, 0.3802666962146759, 0.37927302718162537, 0.37847083806991577, 0.3776102364063263, 0.37679874897003174, 0.37587931752204895, 0.3748384714126587, 0.3740385174751282, 0.3731848895549774, 0.37235188484191895, 0.3716813027858734, 0.371000200510025, 0.3702253997325897, 0.3694317936897278, 0.36855995655059814, 0.3676065504550934, 0.36665648221969604, 0.36565694212913513, 0.3649386167526245, 0.364070326089859, 0.3633425235748291, 0.36268484592437744, 0.36177489161491394, 0.3606819212436676, 0.35995760560035706, 0.3592059314250946, 0.3581281006336212, 0.35763615369796753, 0.35653308033943176, 0.35461103916168213, 0.35351741313934326, 0.3525504171848297, 0.3517923653125763, 0.3510601818561554, 0.34812965989112854, 0.34734421968460083, 0.34565502405166626, 0.3447168469429016, 0.34253013134002686, 0.34198588132858276, 0.3412741720676422, 0.3397004306316376, 0.33860599994659424, 0.33718135952949524, 0.3364495038986206, 0.3331470787525177, 0.33065566420555115, 0.32824981212615967, 0.3275230824947357, 0.32691168785095215, 0.32614630460739136, 0.3254586458206177, 0.3247668445110321, 0.3217560052871704, 0.32123011350631714, 0.3206914961338043, 0.3203800618648529, 0.319832980632782, 0.3193362355232239, 0.3188555836677551, 0.31845417618751526, 0.3178848326206207, 0.31732800602912903, 0.3149041533470154, 0.3143184781074524, 0.31376945972442627, 0.31308940052986145, 0.3125852644443512, 0.31201693415641785, 0.3114982545375824, 0.31096571683883667, 0.3104471266269684, 0.3097844421863556, 0.3093186318874359, 0.30879488587379456, 0.3082467317581177, 0.30781394243240356, 0.3073590099811554, 0.3068898320198059, 0.3063468635082245, 0.30582812428474426, 0.3052925765514374, 0.3047725260257721, 0.3042141795158386, 0.30365121364593506, 0.3031395375728607, 0.30274292826652527, 0.30236443877220154, 0.3019288182258606, 0.30163002014160156, 0.3011746108531952, 0.3008457124233246, 0.30047890543937683, 0.3002378046512604, 0.2997402846813202, 0.2992834746837616, 0.29891330003738403, 0.29836440086364746, 0.2979414761066437, 0.29757216572761536, 0.2971602976322174, 0.29686206579208374, 0.2964428663253784, 0.2961401045322418, 0.2958436906337738, 0.2955535352230072, 0.2950047552585602, 0.29467806220054626, 0.29435229301452637, 0.2939923405647278, 0.2937295436859131, 0.29337751865386963, 0.29291388392448425, 0.2926262319087982, 0.29238903522491455, 0.29205942153930664, 0.29170671105384827, 0.2914286255836487, 0.29128503799438477, 0.29100918769836426, 0.2904902696609497, 0.29006150364875793, 0.28967249393463135, 0.28938227891921997, 0.28907549381256104, 0.2887752652168274, 0.28854143619537354, 0.28831803798675537, 0.2879641056060791, 0.2876181900501251, 0.28725525736808777, 0.2869647145271301, 0.2867633104324341, 0.2863212525844574, 0.2862595021724701, 0.2859245538711548, 0.2855890393257141, 0.2852514684200287, 0.284994900226593, 0.28475597500801086, 0.2843444347381592, 0.28406453132629395, 0.2837902307510376, 0.283454030752182, 0.28322845697402954, 0.282909095287323, 0.28261643648147583, 0.28233805298805237, 0.2821201682090759, 0.2817640006542206, 0.28160908818244934, 0.2814016044139862, 0.28122082352638245, 0.28124865889549255, 0.28089410066604614, 0.28054165840148926, 0.2803635895252228, 0.2800956070423126, 0.27996188402175903, 0.2796218991279602, 0.27938348054885864, 0.27927863597869873, 0.2788652181625366, 0.2785903811454773, 0.278454065322876, 0.278140127658844, 0.2779689133167267, 0.2776789367198944, 0.2774258255958557, 0.27717530727386475, 0.27683180570602417, 0.27665090560913086, 0.2765117883682251, 0.2761739492416382, 0.27596360445022583, 0.2758452296257019, 0.2755357325077057, 0.27545443177223206, 0.275075227022171, 0.2747805714607239, 0.2745756506919861, 0.27432990074157715, 0.27407675981521606, 0.27382731437683105, 0.2735912501811981, 0.27354732155799866, 0.2733277678489685, 0.2729237973690033, 0.27269458770751953, 0.27268022298812866, 0.27266812324523926, 0.27248263359069824, 0.27215853333473206, 0.27189159393310547, 0.2716655433177948, 0.2715301215648651, 0.27154475450515747, 0.27131497859954834, 0.27094876766204834, 0.2707912027835846, 0.2704446017742157, 0.2703022062778473, 0.2700989246368408, 0.2699444890022278, 0.2697731554508209, 0.2695508897304535, 0.269351989030838, 0.2692003846168518, 0.26884013414382935, 0.2686738073825836, 0.26847127079963684, 0.2684495449066162, 0.2682689130306244, 0.2681765854358673, 0.2681315541267395, 0.26786521077156067, 0.26755455136299133, 0.267264723777771, 0.26717135310173035, 0.26707762479782104, 0.2668912410736084, 0.26669400930404663, 0.2664359211921692, 0.2664233446121216, 0.26636528968811035, 0.26597872376441956, 0.2659977972507477, 0.26579800248146057, 0.26562681794166565, 0.2654041051864624, 0.26521435379981995, 0.2651433050632477, 0.2649766206741333, 0.2647189199924469, 0.2644931674003601, 0.2642993628978729, 0.2640017569065094, 0.26398831605911255, 0.26379144191741943, 0.26358523964881897, 0.26337891817092896, 0.2633046805858612]",14.0,"[33.0, 33.0, 33.0, 33.0, 33.0, 33.0, 33.0, 33.0, 33.0, 33.0, 33.0, 33.0, 33.0, 33.0, 33.0, 33.0, 33.0, 33.0, 33.0, 33.0, 33.0, 33.0, 33.0, 33.0, 33.0, 33.0, 33.0, 33.0, 33.0, 33.0, 33.0, 33.0, 33.0, 33.0, 33.0, 33.0, 33.0, 33.0, 33.0, 33.0, 33.0, 33.0, 33.0, 33.0, 33.0, 33.0, 33.0, 33.0, 33.0, 33.0, 33.0, 33.0, 33.0, 33.0, 33.0, 33.0, 33.0, 33.0, 33.0, 33.0, 33.0, 33.0, 33.0, 33.0, 33.0, 33.0, 33.0, 33.0, 33.0, 33.0, 33.0, 33.0, 33.0, 33.0, 33.0, 33.0, 33.0, 33.0, 33.0, 33.0, 33.0, 33.0, 33.0, 33.0, 33.0, 33.0, 33.0, 33.0, 33.0, 33.0, 33.0, 33.0, 32.0, 32.0, 32.0, 32.0, 32.0, 30.0, 30.0, 29.0, 29.0, 27.0, 26.0, 26.0, 25.0, 24.0, 23.0, 23.0, 21.0, 20.0, 19.0, 19.0, 19.0, 19.0, 19.0, 19.0, 18.0, 18.0, 18.0, 16.0, 16.0, 16.0, 16.0, 16.0, 16.0, 16.0, 15.0, 15.0, 15.0, 15.0, 15.0, 15.0, 15.0, 15.0, 15.0, 15.0, 15.0, 15.0, 15.0, 15.0, 15.0, 15.0, 15.0, 15.0, 15.0, 15.0, 15.0, 14.0, 14.0, 14.0, 14.0, 14.0, 14.0, 14.0, 14.0, 14.0, 14.0, 14.0, 14.0, 14.0, 14.0, 14.0, 14.0, 14.0, 14.0, 14.0, 14.0, 14.0, 14.0, 14.0, 14.0, 14.0, 14.0, 14.0, 14.0, 14.0, 14.0, 14.0, 14.0, 14.0, 14.0, 14.0, 14.0, 14.0, 14.0, 14.0, 14.0, 14.0, 14.0, 14.0, 14.0, 14.0, 14.0, 14.0, 14.0, 14.0, 14.0, 14.0, 14.0, 14.0, 14.0, 14.0, 14.0, 14.0, 14.0, 14.0, 14.0, 14.0, 14.0, 14.0, 14.0, 14.0, 14.0, 14.0, 14.0, 14.0, 14.0, 14.0, 14.0, 14.0, 14.0, 14.0, 14.0, 14.0, 14.0, 14.0, 14.0, 14.0, 14.0, 14.0, 14.0, 14.0, 14.0, 14.0, 14.0, 14.0, 14.0, 14.0, 14.0, 14.0, 14.0, 14.0, 14.0, 14.0, 14.0, 14.0, 14.0, 14.0, 14.0, 14.0, 14.0, 14.0, 14.0, 14.0, 14.0, 14.0, 14.0, 14.0, 14.0, 14.0, 14.0, 14.0, 14.0, 14.0, 14.0, 14.0, 14.0, 14.0, 14.0, 14.0, 14.0, 14.0, 14.0, 14.0, 14.0, 14.0, 14.0, 14.0, 14.0, 14.0, 14.0, 14.0, 14.0, 14.0, 14.0, 14.0, 14.0, 14.0, 14.0, 14.0, 14.0, 14.0, 14.0, 14.0, 14.0, 14.0, 14.0, 14.0, 14.0, 14.0, 14.0, 14.0, 14.0, 14.0, 14.0]",COMPLETE
