,number,value,datetime_start,datetime_complete,duration,params_batch_size_scaler,params_constant_learning_rate,params_depth,params_epochs,params_kernel_l2,params_num_trees,params_temperature,user_attrs_accuracy_test,user_attrs_accuracy_valid,user_attrs_approximate_feature_sparsity,user_attrs_approximate_feature_sparsity_history,user_attrs_approximate_weight_sparsity,user_attrs_approximate_weight_sparsity_history,user_attrs_auc_test,user_attrs_auc_valid,user_attrs_feature_sparsity,user_attrs_feature_sparsity_history,user_attrs_num_epochs,user_attrs_val_loss_history,user_attrs_weight_sparsity,user_attrs_weight_sparsity_history,state
72,72,0.9265306385335756,2024-08-31 03:40:03.773439,2024-08-31 03:48:37.400716,0 days 00:08:33.627277,1,1.6932444705313432,4,375,0.002142763003130624,100,0.00034251407993315865,0.95,0.9375,22,"[33, 33, 33, 27, 24, 22, 22, 22, 22, 22, 22, 22, 22, 22, 22, 22, 22, 22, 22, 22, 22, 22, 22, 22, 22, 22, 22, 22, 22, 22, 22, 22, 22, 22, 22, 22, 22, 22, 22, 22, 22, 22, 22, 22, 22, 22, 22, 22, 22, 22, 22, 22, 22, 22, 22, 22, 22, 22, 22, 22, 22, 22, 22, 22, 22, 22, 22, 22, 22, 22, 22, 22, 22, 22, 22, 22, 22, 22, 22, 22, 22, 22, 22, 22, 22, 22, 22, 22, 22, 22, 22, 22, 22, 22, 22, 22, 22, 22, 22, 22, 22, 22, 22, 22, 22, 22, 22, 22, 22, 22, 22, 22, 22, 22, 22, 22, 22, 22, 22, 22, 22, 22, 22, 22, 22, 22, 22, 22, 22, 22, 22, 22, 22, 22, 22, 22, 22, 22, 22, 22, 22, 22, 22, 22, 22, 22, 22, 22, 22, 22, 22, 22, 22, 22, 22, 22, 22, 22, 22, 22, 22, 22, 22, 22, 22, 22, 22, 22, 22, 22, 22, 22, 22, 22, 22, 22, 22, 22, 22, 22, 22, 22, 22, 22, 22, 22, 22, 22, 22, 22, 22, 22, 22, 22, 22, 22, 22, 22, 22, 22, 22, 22, 22, 22, 22, 22, 22, 22, 22, 22, 22, 22, 22, 22, 22, 22, 22, 22, 22, 22, 22, 22, 22, 22, 22, 22, 22, 22, 22, 22, 22, 22, 22, 22, 22, 22, 22, 22, 22, 22, 22, 22, 22, 22, 22, 22, 22, 22, 22, 22, 22, 22, 22, 22, 22, 22, 22, 22, 22, 22, 22, 22, 22, 22, 22, 22, 22, 22, 22, 22, 22, 22, 22, 22, 22, 22, 22, 22, 22, 22, 22, 22, 22, 22, 22, 22, 22, 22, 22, 22, 22, 22, 22, 22, 22, 22, 22, 22, 22, 22, 22, 22, 22, 22, 22, 22, 22, 22, 22, 22, 22, 22, 22, 22, 22, 22, 22, 22, 22, 22, 22, 22, 22, 22, 22, 22, 22, 22, 22, 22, 22, 22, 22, 22, 22, 22, 22, 22, 22, 22, 22, 22, 22, 22, 22, 22, 22, 22, 22, 22, 22, 22, 22, 22, 22, 22, 22, 22, 22, 22, 22, 22, 22, 22, 22, 22, 22, 22, 22, 22, 22, 22, 22, 22, 22]",21.974,"[32.94666666666667, 32.949333333333335, 32.94533333333333, 26.959333333333337, 23.967333333333332, 21.97866666666667, 21.971333333333334, 21.978666666666665, 21.97733333333333, 21.974666666666664, 21.97133333333333, 21.971999999999998, 21.97866666666667, 21.975333333333335, 21.972666666666665, 21.96666666666666, 21.974666666666664, 21.97533333333333, 21.972, 21.967333333333332, 21.978, 21.970000000000002, 21.972666666666665, 21.976, 21.974666666666664, 21.97533333333333, 21.969333333333335, 21.959999999999997, 21.973333333333336, 21.967333333333336, 21.979333333333333, 21.971333333333337, 21.97133333333333, 21.972666666666665, 21.976666666666667, 21.97, 21.966, 21.973333333333333, 21.974666666666668, 21.971333333333334, 21.969333333333335, 21.974666666666664, 21.980666666666664, 21.97333333333333, 21.976, 21.974666666666668, 21.972666666666665, 21.970666666666666, 21.970666666666666, 21.972666666666665, 21.976, 21.978666666666665, 21.97666666666667, 21.976, 21.970666666666666, 21.972666666666665, 21.975333333333335, 21.968666666666667, 21.972, 21.97533333333333, 21.975333333333335, 21.96933333333333, 21.97066666666667, 21.973333333333333, 21.972666666666665, 21.969333333333335, 21.97, 21.97866666666667, 21.976000000000003, 21.97133333333333, 21.978666666666665, 21.976666666666667, 21.974, 21.982000000000003, 21.978666666666665, 21.975333333333335, 21.973333333333336, 21.975333333333335, 21.973333333333333, 21.978, 21.965333333333334, 21.968, 21.97066666666667, 21.971999999999998, 21.961333333333336, 21.96933333333333, 21.967333333333332, 21.966, 21.97266666666667, 21.978, 21.973999999999997, 21.97, 21.96666666666667, 21.974666666666668, 21.968666666666667, 21.97533333333333, 21.968, 21.968666666666664, 21.964, 21.970000000000002, 21.97133333333333, 21.968, 21.968, 21.968666666666664, 21.972, 21.965999999999998, 21.971999999999998, 21.965333333333334, 21.965333333333334, 21.968666666666664, 21.973333333333333, 21.969333333333335, 21.970000000000002, 21.972666666666665, 21.971333333333334, 21.97, 21.976, 21.970000000000002, 21.972, 21.970000000000002, 21.973333333333333, 21.974666666666668, 21.968666666666667, 21.970666666666666, 21.970666666666666, 21.973333333333333, 21.972666666666665, 21.971999999999998, 21.971333333333334, 21.972666666666665, 21.96533333333333, 21.97, 21.970666666666666, 21.971333333333334, 21.972666666666665, 21.972, 21.97066666666667, 21.971999999999998, 21.968666666666667, 21.973333333333333, 21.973333333333333, 21.973333333333333, 21.974, 21.970000000000002, 21.976666666666667, 21.974666666666668, 21.976666666666667, 21.977333333333334, 21.974, 21.975333333333335, 21.97666666666667, 21.977333333333334, 21.97666666666667, 21.975333333333335, 21.977333333333334, 21.977333333333334, 21.974, 21.97666666666667, 21.974666666666664, 21.971999999999998, 21.971999999999998, 21.970666666666666, 21.971999999999998, 21.970000000000002, 21.97, 21.974, 21.971333333333334, 21.97, 21.976, 21.977333333333338, 21.976000000000003, 21.975333333333335, 21.975333333333335, 21.976666666666667, 21.976000000000003, 21.972666666666665, 21.976666666666667, 21.975333333333335, 21.975333333333335, 21.976, 21.974666666666668, 21.972666666666665, 21.975333333333335, 21.974666666666668, 21.973333333333333, 21.974, 21.972666666666665, 21.974, 21.974, 21.974666666666668, 21.974666666666668, 21.972, 21.974, 21.972666666666665, 21.971999999999998, 21.974666666666668, 21.976000000000003, 21.971999999999998, 21.970666666666666, 21.973333333333333, 21.972, 21.974, 21.97133333333333, 21.974, 21.973333333333333, 21.974666666666668, 21.974666666666668, 21.974, 21.976000000000003, 21.974, 21.97066666666667, 21.971333333333334, 21.973333333333333, 21.974666666666668, 21.976000000000003, 21.973333333333333, 21.975333333333335, 21.976000000000003, 21.974, 21.974666666666668, 21.975333333333335, 21.974, 21.976000000000003, 21.97666666666667, 21.976000000000003, 21.975333333333335, 21.974666666666668, 21.975333333333335, 21.974666666666668, 21.974, 21.97266666666667, 21.974, 21.974, 21.974, 21.976000000000003, 21.973333333333333, 21.973333333333333, 21.974666666666668, 21.974666666666668, 21.974, 21.974666666666668, 21.972666666666665, 21.974666666666668, 21.976000000000003, 21.976000000000003, 21.97666666666667, 21.976000000000003, 21.975333333333335, 21.976666666666667, 21.975333333333335, 21.976000000000003, 21.977333333333334, 21.976666666666667, 21.977333333333334, 21.976666666666667, 21.977333333333334, 21.977333333333334, 21.974666666666668, 21.97666666666667, 21.976000000000003, 21.974, 21.976000000000003, 21.97666666666667, 21.974, 21.975333333333335, 21.973333333333333, 21.975333333333335, 21.974, 21.974666666666668, 21.973333333333333, 21.972666666666665, 21.974666666666668, 21.973333333333333, 21.973333333333333, 21.973333333333336, 21.974, 21.97266666666667, 21.975333333333335, 21.973333333333336, 21.97666666666667, 21.974666666666668, 21.977333333333334, 21.976000000000003, 21.979333333333336, 21.980666666666668, 21.98, 21.979333333333336, 21.980000000000004, 21.976000000000003, 21.977999999999998, 21.98, 21.980666666666664, 21.973999999999997, 21.974, 21.974666666666664, 21.974666666666664, 21.97266666666667, 21.974666666666664, 21.973333333333336, 21.976666666666667, 21.976666666666667, 21.976666666666667, 21.970666666666666, 21.976, 21.974666666666664, 21.97333333333333, 21.977333333333334, 21.974000000000004, 21.972, 21.974666666666668, 21.973333333333333, 21.973333333333333, 21.976, 21.977333333333338, 21.975333333333335, 21.977333333333334, 21.976666666666667, 21.97866666666667, 21.976, 21.976666666666667, 21.979333333333333, 21.976666666666667, 21.97933333333333, 21.978, 21.980666666666664, 21.976666666666667, 21.978666666666665, 21.977333333333334, 21.97933333333333, 21.979999999999997, 21.980666666666664, 21.978666666666665, 21.98, 21.979333333333333, 21.978666666666665, 21.977999999999998, 21.978666666666665, 21.978666666666665, 21.977333333333334, 21.978, 21.976666666666667, 21.979999999999997, 21.977333333333334, 21.977333333333334, 21.974666666666664, 21.976666666666667, 21.978, 21.976000000000003, 21.974666666666668, 21.976000000000003, 21.975333333333335, 21.973333333333333, 21.974666666666668, 21.975333333333335, 21.97266666666667, 21.97533333333333, 21.974, 21.974, 21.976, 21.976000000000003, 21.974, 21.974000000000004, 21.971333333333334, 21.971333333333334, 21.972, 21.974, 21.972, 21.974, 21.970666666666666, 21.973333333333333, 21.97266666666667, 21.973333333333333, 21.970666666666666, 21.972, 21.974]",0.9110874429280295,0.9265306385335756,22,"[33, 33, 33, 27, 24, 22, 22, 22, 22, 22, 22, 22, 22, 22, 22, 22, 22, 22, 22, 22, 22, 22, 22, 22, 22, 22, 22, 22, 22, 22, 22, 22, 22, 22, 22, 22, 22, 22, 22, 22, 22, 22, 22, 22, 22, 22, 22, 22, 22, 22, 22, 22, 22, 22, 22, 22, 22, 22, 22, 22, 22, 22, 22, 22, 22, 22, 22, 22, 22, 22, 22, 22, 22, 22, 22, 22, 22, 22, 22, 22, 22, 22, 22, 22, 22, 22, 22, 22, 22, 22, 22, 22, 22, 22, 22, 22, 22, 22, 22, 22, 22, 22, 22, 22, 22, 22, 22, 22, 22, 22, 22, 22, 22, 22, 22, 22, 22, 22, 22, 22, 22, 22, 22, 22, 22, 22, 22, 22, 22, 22, 22, 22, 22, 22, 22, 22, 22, 22, 22, 22, 22, 22, 22, 22, 22, 22, 22, 22, 22, 22, 22, 22, 22, 22, 22, 22, 22, 22, 22, 22, 22, 22, 22, 22, 22, 22, 22, 22, 22, 22, 22, 22, 22, 22, 22, 22, 22, 22, 22, 22, 22, 22, 22, 22, 22, 22, 22, 22, 22, 22, 22, 22, 22, 22, 22, 22, 22, 22, 22, 22, 22, 22, 22, 22, 22, 22, 22, 22, 22, 22, 22, 22, 22, 22, 22, 22, 22, 22, 22, 22, 22, 22, 22, 22, 22, 22, 22, 22, 22, 22, 22, 22, 22, 22, 22, 22, 22, 22, 22, 22, 22, 22, 22, 22, 22, 22, 22, 22, 22, 22, 22, 22, 22, 22, 22, 22, 22, 22, 22, 22, 22, 22, 22, 22, 22, 22, 22, 22, 22, 22, 22, 22, 22, 22, 22, 22, 22, 22, 22, 22, 22, 22, 22, 22, 22, 22, 22, 22, 22, 22, 22, 22, 22, 22, 22, 22, 22, 22, 22, 22, 22, 22, 22, 22, 22, 22, 22, 22, 22, 22, 22, 22, 22, 22, 22, 22, 22, 22, 22, 22, 22, 22, 22, 22, 22, 22, 22, 22, 22, 22, 22, 22, 22, 22, 22, 22, 22, 22, 22, 22, 22, 22, 22, 22, 22, 22, 22, 22, 22, 22, 22, 22, 22, 22, 22, 22, 22, 22, 22, 22, 22, 22, 22, 22, 22, 22, 22, 22, 22, 22, 22, 22, 22, 22, 22]",375,"[0.434248149394989, 0.28140729665756226, 0.27575749158859253, 0.2538825273513794, 0.20328547060489655, 0.22619804739952087, 0.21134689450263977, 0.19725964963436127, 0.19081538915634155, 0.31890538334846497, 0.18864203989505768, 0.7295420169830322, 0.15678177773952484, 0.1684192717075348, 0.149486243724823, 0.22838358581066132, 0.1815810650587082, 0.14924682676792145, 0.1420680284500122, 0.13135747611522675, 0.1732414811849594, 0.15515178442001343, 0.14067791402339935, 0.2168716937303543, 0.14976266026496887, 0.1381673514842987, 0.13233071565628052, 0.13555370271205902, 0.15502777695655823, 0.1495106816291809, 0.15941637754440308, 0.1580609679222107, 0.1498248428106308, 0.1496729552745819, 0.15765231847763062, 0.16960561275482178, 0.1603240966796875, 0.1529039591550827, 0.15376268327236176, 0.16091784834861755, 0.21608510613441467, 0.20881323516368866, 0.1834527552127838, 0.1911415159702301, 0.2515656054019928, 0.20359262824058533, 0.18204009532928467, 0.21374720335006714, 0.21446003019809723, 0.1893860399723053, 0.21554404497146606, 0.22009949386119843, 0.2056705504655838, 0.2006111592054367, 0.2026709020137787, 0.2600556015968323, 0.23369711637496948, 0.22385455667972565, 0.2425379753112793, 0.2186792492866516, 0.224232479929924, 0.22200366854667664, 0.25575926899909973, 0.24939128756523132, 0.2428760528564453, 0.2460457682609558, 0.2546153962612152, 0.2754043638706207, 0.2833983302116394, 0.2585517466068268, 0.30116426944732666, 0.2803860008716583, 0.28659555315971375, 0.2838799059391022, 0.3017566502094269, 0.2886066436767578, 0.29383039474487305, 0.30936235189437866, 0.30157795548439026, 0.3153984844684601, 0.3065478503704071, 0.30282342433929443, 0.31987476348876953, 0.31586703658103943, 0.304831862449646, 0.33451682329177856, 0.3189815580844879, 0.33326029777526855, 0.33895933628082275, 0.32636284828186035, 0.3338831067085266, 0.36895832419395447, 0.35519519448280334, 0.3508041799068451, 0.4133354127407074, 0.3513389229774475, 0.3757578730583191, 0.3712969720363617, 0.37363356351852417, 0.35018494725227356, 0.362191766500473, 0.3597128689289093, 0.3645401895046234, 0.3653089106082916, 0.3638629615306854, 0.3689497709274292, 0.376745343208313, 0.36992207169532776, 0.36829444766044617, 0.37399137020111084, 0.37501946091651917, 0.38526690006256104, 0.3855159282684326, 0.3853016197681427, 0.38938429951667786, 0.3869990408420563, 0.3954545557498932, 0.3930055499076843, 0.39848148822784424, 0.3971371352672577, 0.39535191655158997, 0.39865466952323914, 0.3985743224620819, 0.404387503862381, 0.4056273400783539, 0.407328337430954, 0.40288245677948, 0.4016156494617462, 0.4145394563674927, 0.40574532747268677, 0.4093359410762787, 0.4153984785079956, 0.4118340015411377, 0.41411927342414856, 0.4117785692214966, 0.4163028597831726, 0.418109655380249, 0.416026771068573, 0.41527655720710754, 0.4181196093559265, 0.42188262939453125, 0.4185762107372284, 0.4201097786426544, 0.42274054884910583, 0.4237040579319, 0.42198559641838074, 0.4223053753376007, 0.42606282234191895, 0.42673203349113464, 0.4268578290939331, 0.4268049895763397, 0.4289295971393585, 0.426766037940979, 0.4276481866836548, 0.4301372468471527, 0.43331223726272583, 0.42998120188713074, 0.4311405420303345, 0.43468526005744934, 0.4352973997592926, 0.4364154040813446, 0.43243950605392456, 0.4363909065723419, 0.4355817437171936, 0.4368414282798767, 0.43755367398262024, 0.43899744749069214, 0.43982523679733276, 0.4407191872596741, 0.43870124220848083, 0.4396878182888031, 0.44305941462516785, 0.4425410032272339, 0.4418545067310333, 0.44145721197128296, 0.4416637122631073, 0.44227808713912964, 0.4434131979942322, 0.44309937953948975, 0.44399359822273254, 0.44493865966796875, 0.44860684871673584, 0.44717779755592346, 0.4459274411201477, 0.4466319978237152, 0.4459783136844635, 0.4468061029911041, 0.44848117232322693, 0.4494657516479492, 0.450261652469635, 0.4489985704421997, 0.44982418417930603, 0.4502839744091034, 0.44998282194137573, 0.44832491874694824, 0.4512158930301666, 0.45232948660850525, 0.4510338604450226, 0.4534415304660797, 0.45551568269729614, 0.4534607231616974, 0.4559043049812317, 0.45510172843933105, 0.4549998342990875, 0.4556455910205841, 0.4570276141166687, 0.4564397931098938, 0.45601433515548706, 0.4583706557750702, 0.4584973156452179, 0.45911696553230286, 0.458507776260376, 0.45815983414649963, 0.45982974767684937, 0.4591323733329773, 0.45925143361091614, 0.4617895185947418, 0.4583132266998291, 0.46120238304138184, 0.45994195342063904, 0.4590859115123749, 0.4616851508617401, 0.4604916274547577, 0.4626532793045044, 0.46125370264053345, 0.46333298087120056, 0.4622328281402588, 0.4648214280605316, 0.4630952775478363, 0.4630482792854309, 0.46380147337913513, 0.4637703001499176, 0.46604323387145996, 0.46586212515830994, 0.4648841917514801, 0.4638584554195404, 0.4654109477996826, 0.4664686918258667, 0.46655482053756714, 0.46718475222587585, 0.46807438135147095, 0.4669550359249115, 0.467113733291626, 0.46855053305625916, 0.4689082205295563, 0.4693238139152527, 0.46862804889678955, 0.4706205725669861, 0.4705534875392914, 0.4708806276321411, 0.4689159691333771, 0.4695981740951538, 0.4702109396457672, 0.4695608615875244, 0.4706990420818329, 0.47232186794281006, 0.47015321254730225, 0.4707426428794861, 0.4730443060398102, 0.473611444234848, 0.4726215600967407, 0.47426921129226685, 0.47446781396865845, 0.4722123444080353, 0.47436463832855225, 0.47338539361953735, 0.47386589646339417, 0.4744189381599426, 0.47521328926086426, 0.47456255555152893, 0.47512495517730713, 0.47707757353782654, 0.47653692960739136, 0.4753231406211853, 0.47585660219192505, 0.47700923681259155, 0.47675618529319763, 0.47743403911590576, 0.4766461253166199, 0.47662022709846497, 0.47757503390312195, 0.4800131618976593, 0.47889330983161926, 0.47949081659317017, 0.47797322273254395, 0.48016709089279175, 0.47828957438468933, 0.47940510511398315, 0.4787476062774658, 0.47980931401252747, 0.4807775020599365, 0.48068273067474365, 0.4805052876472473, 0.48001575469970703, 0.48212096095085144, 0.48004886507987976, 0.4800134599208832, 0.4820067584514618, 0.48230305314064026, 0.48324450850486755, 0.48227211833000183, 0.4836035966873169, 0.4820614755153656, 0.4825953245162964, 0.484811395406723, 0.4838811457157135, 0.4845125675201416, 0.4843142032623291, 0.48652034997940063, 0.4839298725128174, 0.48257118463516235, 0.4849303066730499, 0.4837195873260498, 0.48608407378196716, 0.4850962162017822, 0.4839702546596527, 0.48495474457740784, 0.4860459566116333, 0.4855935275554657, 0.4858550727367401, 0.48837828636169434, 0.48793262243270874, 0.48693370819091797, 0.488744854927063, 0.48724228143692017, 0.4882485866546631, 0.48660171031951904, 0.489463210105896, 0.4884304404258728, 0.48653435707092285, 0.4868410527706146, 0.48815029859542847, 0.4871145486831665, 0.4878672659397125, 0.4874211251735687, 0.4877924621105194, 0.486409991979599, 0.48820874094963074, 0.48782917857170105, 0.48874175548553467, 0.488050639629364, 0.4923786520957947, 0.49025943875312805, 0.4890064597129822, 0.490530401468277, 0.48989999294281006, 0.4891868531703949, 0.48953819274902344, 0.49062564969062805, 0.4908195734024048, 0.4921109080314636, 0.491416335105896, 0.49301156401634216, 0.4902873933315277, 0.4939224123954773, 0.49388086795806885, 0.493003249168396, 0.4932325780391693, 0.4946092963218689, 0.4914645850658417, 0.493394672870636, 0.4915409982204437, 0.49470508098602295, 0.49280959367752075, 0.49488866329193115, 0.4926891028881073, 0.4926813840866089, 0.4921988546848297, 0.4935963451862335, 0.4939099848270416, 0.4935016334056854, 0.4948440194129944, 0.4947027564048767, 0.494757741689682, 0.4957042932510376]",22.0,"[33.0, 33.0, 33.0, 27.0, 24.0, 22.0, 22.0, 22.0, 22.0, 22.0, 22.0, 22.0, 22.0, 22.0, 22.0, 22.0, 22.0, 22.0, 22.0, 22.0, 22.0, 22.0, 22.0, 22.0, 22.0, 22.0, 22.0, 22.0, 22.0, 22.0, 22.0, 22.0, 22.0, 22.0, 22.0, 22.0, 22.0, 22.0, 22.0, 22.0, 22.0, 22.0, 22.0, 22.0, 22.0, 22.0, 22.0, 22.0, 22.0, 22.0, 22.0, 22.0, 22.0, 22.0, 22.0, 22.0, 22.0, 22.0, 22.0, 22.0, 22.0, 22.0, 22.0, 22.0, 22.0, 22.0, 22.0, 22.0, 22.0, 22.0, 22.0, 22.0, 22.0, 22.0, 22.0, 22.0, 22.0, 22.0, 22.0, 22.0, 22.0, 22.0, 22.0, 22.0, 22.0, 22.0, 22.0, 22.0, 22.0, 22.0, 22.0, 22.0, 22.0, 22.0, 22.0, 22.0, 22.0, 22.0, 22.0, 22.0, 22.0, 22.0, 22.0, 22.0, 22.0, 22.0, 22.0, 22.0, 22.0, 22.0, 22.0, 22.0, 22.0, 22.0, 22.0, 22.0, 22.0, 22.0, 22.0, 22.0, 22.0, 22.0, 22.0, 22.0, 22.0, 22.0, 22.0, 22.0, 22.0, 22.0, 22.0, 22.0, 22.0, 22.0, 22.0, 22.0, 22.0, 22.0, 22.0, 22.0, 22.0, 22.0, 22.0, 22.0, 22.0, 22.0, 22.0, 22.0, 22.0, 22.0, 22.0, 22.0, 22.0, 22.0, 22.0, 22.0, 22.0, 22.0, 22.0, 22.0, 22.0, 22.0, 22.0, 22.0, 22.0, 22.0, 22.0, 22.0, 22.0, 22.0, 22.0, 22.0, 22.0, 22.0, 22.0, 22.0, 22.0, 22.0, 22.0, 22.0, 22.0, 22.0, 22.0, 22.0, 22.0, 22.0, 22.0, 22.0, 22.0, 22.0, 22.0, 22.0, 22.0, 22.0, 22.0, 22.0, 22.0, 22.0, 22.0, 22.0, 22.0, 22.0, 22.0, 22.0, 22.0, 22.0, 22.0, 22.0, 22.0, 22.0, 22.0, 22.0, 22.0, 22.0, 22.0, 22.0, 22.0, 22.0, 22.0, 22.0, 22.0, 22.0, 22.0, 22.0, 22.0, 22.0, 22.0, 22.0, 22.0, 22.0, 22.0, 22.0, 22.0, 22.0, 22.0, 22.0, 22.0, 22.0, 22.0, 22.0, 22.0, 22.0, 22.0, 22.0, 22.0, 22.0, 22.0, 22.0, 22.0, 22.0, 22.0, 22.0, 22.0, 22.0, 22.0, 22.0, 22.0, 22.0, 22.0, 22.0, 22.0, 22.0, 22.0, 22.0, 22.0, 22.0, 22.0, 22.0, 22.0, 22.0, 22.0, 22.0, 22.0, 22.0, 22.0, 22.0, 22.0, 22.0, 22.0, 22.0, 22.0, 22.0, 22.0, 22.0, 22.0, 22.0, 22.0, 22.0, 22.0, 22.0, 22.0, 22.0, 22.0, 22.0, 22.0, 22.0, 22.0, 22.0, 22.0, 22.0, 22.0, 22.0, 22.0, 22.0, 22.0, 22.0, 22.0, 22.0, 22.0, 22.0, 22.0, 22.0, 22.0, 22.0, 22.0, 22.0, 22.0, 22.0, 22.0, 22.0, 22.0, 22.0, 22.0, 22.0, 22.0, 22.0, 22.0, 22.0, 22.0, 22.0, 22.0, 22.0, 22.0, 22.0, 22.0, 22.0, 22.0, 22.0, 22.0, 22.0, 22.0, 22.0, 22.0, 22.0, 22.0, 22.0, 22.0, 22.0, 22.0, 22.0, 22.0, 22.0, 22.0, 22.0, 22.0, 22.0, 22.0, 22.0, 22.0, 22.0, 22.0, 22.0, 22.0, 22.0, 22.0, 22.0, 22.0, 22.0, 22.0, 22.0, 22.0, 22.0, 22.0, 22.0, 22.0]",COMPLETE
