,number,value,datetime_start,datetime_complete,duration,params_batch_size_scaler,params_constant_learning_rate,params_depth,params_epochs,params_kernel_l2,params_num_trees,params_temperature,user_attrs_accuracy_test,user_attrs_accuracy_valid,user_attrs_approximate_feature_sparsity,user_attrs_approximate_feature_sparsity_history,user_attrs_approximate_weight_sparsity,user_attrs_approximate_weight_sparsity_history,user_attrs_auc_test,user_attrs_auc_valid,user_attrs_feature_sparsity,user_attrs_feature_sparsity_history,user_attrs_num_epochs,user_attrs_val_loss_history,user_attrs_weight_sparsity,user_attrs_weight_sparsity_history,state
10,10,0.5,2024-08-31 00:57:46.429396,2024-08-31 00:58:51.199229,0 days 00:01:04.769833,4,3.547087244637895,2,330,0.8541084227154967,82,0.015656891587237057,0.859,0.85875,0,"[0, 0, 0, 0, 0, 0, 0, 0, 0, 0, 0, 0, 0, 0, 0, 0, 0, 0, 0, 0, 0, 0, 0, 0, 0, 0, 0, 0, 0, 0, 0, 0, 0, 0, 0, 0, 0, 0, 0, 0, 0, 0, 0, 0, 0, 0, 0, 0, 0, 0, 0, 0, 0, 0, 0, 0, 0, 0, 0, 0, 0, 0, 0, 0, 0, 0, 0, 0, 0, 0, 0, 0, 0, 0, 0, 0, 0, 0, 0, 0, 0, 0, 0, 0, 0, 0, 0, 0, 0, 0, 0, 0, 0, 0, 0, 0, 0, 0, 0, 0, 0, 0, 0, 0, 0, 0, 0, 0, 0, 0, 0, 0, 0, 0, 0, 0, 0, 0, 0, 0, 0, 0, 0, 0, 0, 0, 0, 0, 0, 0, 0, 0, 0, 0, 0, 0, 0, 0, 0, 0, 0, 0, 0, 0, 0, 0, 0, 0, 0, 0, 0, 0, 0, 0, 0, 0, 0, 0, 0, 0, 0, 0, 0, 0, 0, 0, 0, 0, 0, 0, 0, 0, 0, 0, 0, 0, 0, 0, 0, 0, 0, 0, 0, 0, 0, 0, 0, 0, 0, 0, 0, 0, 0, 0, 0, 0, 0, 0, 0, 0, 0, 0, 0, 0, 0, 0, 0, 0, 0, 0, 0, 0, 0, 0, 0, 0, 0, 0, 0, 0, 0, 0, 0, 0, 0, 0, 0, 0, 0, 0, 0, 0, 0, 0, 0, 0, 0, 0, 0, 0, 0, 0, 0, 0, 0, 0, 0, 0, 0, 0, 0, 0, 0, 0, 0, 0, 0, 0, 0, 0, 0, 0, 0, 0, 0, 0, 0, 0, 0, 0, 0, 0, 0, 0, 0, 0, 0, 0, 0, 0, 0, 0, 0, 0, 0, 0, 0, 0, 0, 0, 0, 0, 0, 0, 0, 0, 0, 0, 0, 0, 0, 0, 0, 0, 0, 0, 0, 0, 0, 0, 0, 0, 0, 0, 0, 0, 0, 0, 0, 0, 0, 0, 0, 0, 0, 0, 0, 0, 0, 0]",0.0,"[0.0, 0.0, 0.0, 0.0, 0.0, 0.0, 0.0, 0.0, 0.0, 0.0, 0.0, 0.0, 0.0, 0.0, 0.0, 0.0, 0.0, 0.0, 0.0, 0.0, 0.0, 0.0, 0.0, 0.0, 0.0, 0.0, 0.0, 0.0, 0.0, 0.0, 0.0, 0.0, 0.0, 0.0, 0.0, 0.0, 0.0, 0.0, 0.0, 0.0, 0.0, 0.0, 0.0, 0.0, 0.0, 0.0, 0.0, 0.0, 0.0, 0.0, 0.0, 0.0, 0.0, 0.0, 0.0, 0.0, 0.0, 0.0, 0.0, 0.0, 0.0, 0.0, 0.0, 0.0, 0.0, 0.0, 0.0, 0.0, 0.0, 0.0, 0.0, 0.0, 0.0, 0.0, 0.0, 0.0, 0.0, 0.0, 0.0, 0.0, 0.0, 0.0, 0.0, 0.0, 0.0, 0.0, 0.0, 0.0, 0.0, 0.0, 0.0, 0.0, 0.0, 0.0, 0.0, 0.0, 0.0, 0.0, 0.0, 0.0, 0.0, 0.0, 0.0, 0.0, 0.0, 0.0, 0.0, 0.0, 0.0, 0.0, 0.0, 0.0, 0.0, 0.0, 0.0, 0.0, 0.0, 0.0, 0.0, 0.0, 0.0, 0.0, 0.0, 0.0, 0.0, 0.0, 0.0, 0.0, 0.0, 0.0, 0.0, 0.0, 0.0, 0.0, 0.0, 0.0, 0.0, 0.0, 0.0, 0.0, 0.0, 0.0, 0.0, 0.0, 0.0, 0.0, 0.0, 0.0, 0.0, 0.0, 0.0, 0.0, 0.0, 0.0, 0.0, 0.0, 0.0, 0.0, 0.0, 0.0, 0.0, 0.0, 0.0, 0.0, 0.0, 0.0, 0.0, 0.0, 0.0, 0.0, 0.0, 0.0, 0.0, 0.0, 0.0, 0.0, 0.0, 0.0, 0.0, 0.0, 0.0, 0.0, 0.0, 0.0, 0.0, 0.0, 0.0, 0.0, 0.0, 0.0, 0.0, 0.0, 0.0, 0.0, 0.0, 0.0, 0.0, 0.0, 0.0, 0.0, 0.0, 0.0, 0.0, 0.0, 0.0, 0.0, 0.0, 0.0, 0.0, 0.0, 0.0, 0.0, 0.0, 0.0, 0.0, 0.0, 0.0, 0.0, 0.0, 0.0, 0.0, 0.0, 0.0, 0.0, 0.0, 0.0, 0.0, 0.0, 0.0, 0.0, 0.0, 0.0, 0.0, 0.0, 0.0, 0.0, 0.0, 0.0, 0.0, 0.0, 0.0, 0.0, 0.0, 0.0, 0.0, 0.0, 0.0, 0.0, 0.0, 0.0, 0.0, 0.0, 0.0, 0.0, 0.0, 0.0, 0.0, 0.0, 0.0, 0.0, 0.0, 0.0, 0.0, 0.0, 0.0, 0.0, 0.0, 0.0, 0.0, 0.0, 0.0, 0.0, 0.0, 0.0, 0.0, 0.0, 0.0, 0.0, 0.0, 0.0, 0.0, 0.0, 0.0, 0.0, 0.0, 0.0, 0.0, 0.0, 0.0, 0.0, 0.0, 0.0, 0.0, 0.0, 0.0, 0.0, 0.0, 0.0, 0.0, 0.0, 0.0, 0.0, 0.0, 0.0, 0.0, 0.0, 0.0, 0.0, 0.0, 0.0, 0.0, 0.0, 0.0, 0.0, 0.0, 0.0, 0.0, 0.0, 0.0, 0.0, 0.0, 0.0, 0.0, 0.0, 0.0, 0.0, 0.0, 0.0, 0.0, 0.0]",0.5,0.5,0,"[0, 0, 0, 0, 0, 0, 0, 0, 0, 0, 0, 0, 0, 0, 0, 0, 0, 0, 0, 0, 0, 0, 0, 0, 0, 0, 0, 0, 0, 0, 0, 0, 0, 0, 0, 0, 0, 0, 0, 0, 0, 0, 0, 0, 0, 0, 0, 0, 0, 0, 0, 0, 0, 0, 0, 0, 0, 0, 0, 0, 0, 0, 0, 0, 0, 0, 0, 0, 0, 0, 0, 0, 0, 0, 0, 0, 0, 0, 0, 0, 0, 0, 0, 0, 0, 0, 0, 0, 0, 0, 0, 0, 0, 0, 0, 0, 0, 0, 0, 0, 0, 0, 0, 0, 0, 0, 0, 0, 0, 0, 0, 0, 0, 0, 0, 0, 0, 0, 0, 0, 0, 0, 0, 0, 0, 0, 0, 0, 0, 0, 0, 0, 0, 0, 0, 0, 0, 0, 0, 0, 0, 0, 0, 0, 0, 0, 0, 0, 0, 0, 0, 0, 0, 0, 0, 0, 0, 0, 0, 0, 0, 0, 0, 0, 0, 0, 0, 0, 0, 0, 0, 0, 0, 0, 0, 0, 0, 0, 0, 0, 0, 0, 0, 0, 0, 0, 0, 0, 0, 0, 0, 0, 0, 0, 0, 0, 0, 0, 0, 0, 0, 0, 0, 0, 0, 0, 0, 0, 0, 0, 0, 0, 0, 0, 0, 0, 0, 0, 0, 0, 0, 0, 0, 0, 0, 0, 0, 0, 0, 0, 0, 0, 0, 0, 0, 0, 0, 0, 0, 0, 0, 0, 0, 0, 0, 0, 0, 0, 0, 0, 0, 0, 0, 0, 0, 0, 0, 0, 0, 0, 0, 0, 0, 0, 0, 0, 0, 0, 0, 0, 0, 0, 0, 0, 0, 0, 0, 0, 0, 0, 0, 0, 0, 0, 0, 0, 0, 0, 0, 0, 0, 0, 0, 0, 0, 0, 0, 0, 0, 0, 0, 0, 0, 0, 0, 0, 0, 0, 0, 0, 0, 0, 0, 0, 0, 0, 0, 0, 0, 0, 0, 0, 0, 0, 0, 0, 0, 0, 0, 0]",330,"[3.6322555541992188, 10.057266235351562, 9.433314323425293, 10.399872779846191, 8.142577171325684, 13.422582626342773, 0.549660325050354, 6.53607177734375, 4.1395487785339355, 2.096740484237671, 15.118307113647461, 12.303812026977539, 0.45652639865875244, 2.334939479827881, 8.90846061706543, 3.4046640396118164, 9.427366256713867, 13.707706451416016, 12.821514129638672, 5.221212387084961, 0.9313690066337585, 17.768634796142578, 0.4249471426010132, 7.603949546813965, 9.004508972167969, 2.89982271194458, 15.970996856689453, 2.0126962661743164, 3.548464775085449, 13.34606647491455, 16.315120697021484, 4.106963634490967, 0.570101261138916, 9.832976341247559, 5.644230365753174, 15.95031452178955, 12.805130958557129, 13.716560363769531, 3.2565572261810303, 10.362560272216797, 4.396609783172607, 2.5618951320648193, 6.459301948547363, 0.4087311625480652, 15.284499168395996, 10.49301528930664, 13.389876365661621, 8.680107116699219, 6.820048809051514, 3.3032386302948, 6.2330498695373535, 13.506340026855469, 15.742015838623047, 7.405953407287598, 6.050683498382568, 7.498430252075195, 7.981983661651611, 8.871267318725586, 4.1820478439331055, 2.956308364868164, 12.433016777038574, 0.7205859422683716, 8.033931732177734, 2.4498085975646973, 15.583858489990234, 10.54045295715332, 0.9260023236274719, 3.2993509769439697, 2.2105417251586914, 9.594527244567871, 3.4388601779937744, 11.032885551452637, 8.223472595214844, 0.5464426279067993, 10.673988342285156, 1.6315292119979858, 8.104415893554688, 4.557108402252197, 10.979623794555664, 0.4144493043422699, 4.140071868896484, 2.315338134765625, 2.9400453567504883, 10.302591323852539, 1.4908636808395386, 14.864518165588379, 10.972394943237305, 12.88153076171875, 13.113908767700195, 5.887031078338623, 9.388751029968262, 2.4557862281799316, 1.807097315788269, 15.177533149719238, 4.251128673553467, 6.023552894592285, 5.464092254638672, 3.789921283721924, 2.352257013320923, 3.139737606048584, 16.338287353515625, 10.343883514404297, 14.754124641418457, 0.8546926975250244, 2.347454071044922, 15.607879638671875, 0.6352540850639343, 10.314835548400879, 8.279108047485352, 6.852133750915527, 9.313089370727539, 15.047921180725098, 15.740618705749512, 12.893250465393066, 4.876101493835449, 6.215434551239014, 14.842220306396484, 11.570067405700684, 14.235548973083496, 17.38284683227539, 15.785167694091797, 11.547170639038086, 4.582213401794434, 9.341756820678711, 15.821944236755371, 1.583113431930542, 0.6512669324874878, 8.549976348876953, 5.183070659637451, 14.489197731018066, 9.874419212341309, 10.472530364990234, 11.580491065979004, 8.662313461303711, 5.737889289855957, 10.584311485290527, 15.841487884521484, 3.386787176132202, 1.7168062925338745, 17.127052307128906, 15.164848327636719, 5.899816989898682, 3.155977725982666, 9.573570251464844, 6.395276069641113, 11.028077125549316, 1.9790127277374268, 6.677733898162842, 5.809299468994141, 3.8554186820983887, 4.0604729652404785, 1.4070689678192139, 0.7325732707977295, 18.414382934570312, 6.199972629547119, 2.0424022674560547, 2.73494815826416, 8.903429985046387, 5.574390888214111, 3.1059083938598633, 17.681591033935547, 7.507289886474609, 14.794068336486816, 3.7222864627838135, 8.413991928100586, 2.579923629760742, 1.4287478923797607, 14.352232933044434, 2.23762583732605, 4.95204496383667, 8.378459930419922, 6.2070488929748535, 2.8378052711486816, 1.4789739847183228, 14.316311836242676, 17.4288272857666, 10.822064399719238, 16.740697860717773, 12.903295516967773, 13.738811492919922, 11.815195083618164, 7.055819511413574, 5.788771152496338, 4.606475830078125, 18.970447540283203, 15.491289138793945, 17.38726806640625, 1.9841731786727905, 17.349470138549805, 8.23588752746582, 0.5082544088363647, 15.937577247619629, 8.563752174377441, 15.660130500793457, 13.50425910949707, 7.2428975105285645, 5.221724033355713, 15.451991081237793, 4.23635721206665, 4.741790294647217, 1.8087573051452637, 5.6607842445373535, 7.848730564117432, 2.507960319519043, 5.185296058654785, 12.21240234375, 0.599027156829834, 17.54791831970215, 10.465354919433594, 11.133052825927734, 5.826775550842285, 4.558858394622803, 10.496899604797363, 9.023526191711426, 8.677353858947754, 0.44319143891334534, 15.618303298950195, 17.817142486572266, 10.358379364013672, 7.695986747741699, 4.45486307144165, 7.989835262298584, 1.5853456258773804, 12.00425910949707, 5.428257942199707, 10.464765548706055, 11.512070655822754, 13.249634742736816, 11.889605522155762, 7.6595377922058105, 11.087960243225098, 1.6712851524353027, 15.4716796875, 5.239275932312012, 18.981142044067383, 14.798745155334473, 7.4168853759765625, 9.365954399108887, 18.029115676879883, 14.027064323425293, 13.585474014282227, 16.37432289123535, 14.718374252319336, 10.848520278930664, 8.398001670837402, 7.7330827713012695, 6.806535720825195, 3.970222234725952, 3.313122510910034, 10.818517684936523, 5.980156421661377, 10.811601638793945, 11.460572242736816, 4.0990095138549805, 10.369987487792969, 5.095012664794922, 14.23015022277832, 11.492230415344238, 9.606470108032227, 7.47036075592041, 13.397067070007324, 11.003775596618652, 9.309769630432129, 15.505500793457031, 0.5660593509674072, 1.5979046821594238, 12.292428970336914, 8.996850967407227, 8.005468368530273, 18.580257415771484, 0.5619561672210693, 11.419317245483398, 9.945720672607422, 3.6697936058044434, 1.9018924236297607, 14.241314888000488, 11.158653259277344, 9.337847709655762, 11.548938751220703, 6.028954982757568, 2.332548141479492, 10.281947135925293, 14.241157531738281, 4.029486656188965, 18.1702823638916, 5.090134143829346, 7.253391265869141, 7.592059135437012, 0.763786792755127, 0.43441885709762573, 2.6469717025756836, 4.330811023712158, 6.185810089111328, 4.538722991943359, 17.986085891723633, 1.5751795768737793, 9.855093002319336, 14.414499282836914, 7.604040622711182, 8.505271911621094, 1.6099498271942139, 15.455487251281738, 1.8180663585662842, 3.8498287200927734, 14.280226707458496, 16.416711807250977, 4.222798824310303, 9.010383605957031, 2.331603765487671, 0.4433525800704956, 0.4732489287853241, 4.057318687438965, 13.835110664367676, 14.065211296081543, 14.078022003173828, 13.852900505065918, 17.763874053955078, 0.4076730012893677, 11.1704740524292, 2.481278419494629, 1.0762512683868408, 5.162375450134277, 11.166962623596191, 9.249173164367676, 0.4082909822463989, 10.151885032653809, 5.386488437652588, 7.609274864196777, 5.073832035064697, 5.509922027587891]",0.0,"[0.0, 0.0, 0.0, 0.0, 0.0, 0.0, 0.0, 0.0, 0.0, 0.0, 0.0, 0.0, 0.0, 0.0, 0.0, 0.0, 0.0, 0.0, 0.0, 0.0, 0.0, 0.0, 0.0, 0.0, 0.0, 0.0, 0.0, 0.0, 0.0, 0.0, 0.0, 0.0, 0.0, 0.0, 0.0, 0.0, 0.0, 0.0, 0.0, 0.0, 0.0, 0.0, 0.0, 0.0, 0.0, 0.0, 0.0, 0.0, 0.0, 0.0, 0.0, 0.0, 0.0, 0.0, 0.0, 0.0, 0.0, 0.0, 0.0, 0.0, 0.0, 0.0, 0.0, 0.0, 0.0, 0.0, 0.0, 0.0, 0.0, 0.0, 0.0, 0.0, 0.0, 0.0, 0.0, 0.0, 0.0, 0.0, 0.0, 0.0, 0.0, 0.0, 0.0, 0.0, 0.0, 0.0, 0.0, 0.0, 0.0, 0.0, 0.0, 0.0, 0.0, 0.0, 0.0, 0.0, 0.0, 0.0, 0.0, 0.0, 0.0, 0.0, 0.0, 0.0, 0.0, 0.0, 0.0, 0.0, 0.0, 0.0, 0.0, 0.0, 0.0, 0.0, 0.0, 0.0, 0.0, 0.0, 0.0, 0.0, 0.0, 0.0, 0.0, 0.0, 0.0, 0.0, 0.0, 0.0, 0.0, 0.0, 0.0, 0.0, 0.0, 0.0, 0.0, 0.0, 0.0, 0.0, 0.0, 0.0, 0.0, 0.0, 0.0, 0.0, 0.0, 0.0, 0.0, 0.0, 0.0, 0.0, 0.0, 0.0, 0.0, 0.0, 0.0, 0.0, 0.0, 0.0, 0.0, 0.0, 0.0, 0.0, 0.0, 0.0, 0.0, 0.0, 0.0, 0.0, 0.0, 0.0, 0.0, 0.0, 0.0, 0.0, 0.0, 0.0, 0.0, 0.0, 0.0, 0.0, 0.0, 0.0, 0.0, 0.0, 0.0, 0.0, 0.0, 0.0, 0.0, 0.0, 0.0, 0.0, 0.0, 0.0, 0.0, 0.0, 0.0, 0.0, 0.0, 0.0, 0.0, 0.0, 0.0, 0.0, 0.0, 0.0, 0.0, 0.0, 0.0, 0.0, 0.0, 0.0, 0.0, 0.0, 0.0, 0.0, 0.0, 0.0, 0.0, 0.0, 0.0, 0.0, 0.0, 0.0, 0.0, 0.0, 0.0, 0.0, 0.0, 0.0, 0.0, 0.0, 0.0, 0.0, 0.0, 0.0, 0.0, 0.0, 0.0, 0.0, 0.0, 0.0, 0.0, 0.0, 0.0, 0.0, 0.0, 0.0, 0.0, 0.0, 0.0, 0.0, 0.0, 0.0, 0.0, 0.0, 0.0, 0.0, 0.0, 0.0, 0.0, 0.0, 0.0, 0.0, 0.0, 0.0, 0.0, 0.0, 0.0, 0.0, 0.0, 0.0, 0.0, 0.0, 0.0, 0.0, 0.0, 0.0, 0.0, 0.0, 0.0, 0.0, 0.0, 0.0, 0.0, 0.0, 0.0, 0.0, 0.0, 0.0, 0.0, 0.0, 0.0, 0.0, 0.0, 0.0, 0.0, 0.0, 0.0, 0.0, 0.0, 0.0, 0.0, 0.0, 0.0, 0.0, 0.0, 0.0, 0.0, 0.0, 0.0, 0.0, 0.0, 0.0, 0.0, 0.0, 0.0, 0.0, 0.0, 0.0, 0.0, 0.0, 0.0, 0.0, 0.0, 0.0, 0.0, 0.0, 0.0, 0.0]",COMPLETE
