,number,value,datetime_start,datetime_complete,duration,params_batch_size_scaler,params_constant_learning_rate,params_depth,params_epochs,params_kernel_l2,params_num_trees,params_temperature,user_attrs_accuracy_test,user_attrs_accuracy_valid,user_attrs_approximate_feature_sparsity,user_attrs_approximate_feature_sparsity_history,user_attrs_approximate_weight_sparsity,user_attrs_approximate_weight_sparsity_history,user_attrs_auc_test,user_attrs_auc_valid,user_attrs_feature_sparsity,user_attrs_feature_sparsity_history,user_attrs_num_epochs,user_attrs_val_loss_history,user_attrs_weight_sparsity,user_attrs_weight_sparsity_history,state
139,139,0.8112609653360127,2024-08-31 07:27:43.228399,2024-08-31 07:28:04.717944,0 days 00:00:21.489545,16,0.26128241212157116,4,55,0.007110257027857012,97,0.06194839644425154,0.872,0.87125,33,"[33, 33, 33, 33, 33, 33, 33, 33, 33, 33, 33, 33, 33, 33, 33, 33, 33, 33, 33, 33, 33, 33, 33, 33, 33, 33, 33, 33, 33, 33, 33, 33, 33, 33, 33, 33, 33, 33, 33, 33, 33, 33, 33, 33, 33, 33, 33, 33, 33, 33, 33, 33, 33, 33, 33]",32.95189003436426,"[32.947766323024055, 32.94914089347079, 32.95670103092783, 32.9573883161512, 32.9573883161512, 32.94158075601375, 32.94639175257732, 32.94914089347079, 32.95601374570447, 32.945017182130584, 32.94364261168385, 32.94639175257732, 32.94570446735395, 32.93951890034364, 32.94432989690722, 32.94914089347079, 32.94707903780069, 32.95395189003436, 32.947766323024055, 32.945017182130584, 32.95120274914089, 32.94982817869416, 32.94364261168385, 32.958075601374574, 32.94982817869416, 32.950515463917526, 32.947766323024055, 32.947766323024055, 32.93814432989691, 32.94295532646048, 32.953264604811, 32.95120274914089, 32.95395189003436, 32.96219931271477, 32.96219931271477, 32.9573883161512, 32.94432989690722, 32.94639175257732, 32.95463917525773, 32.94432989690722, 32.95395189003436, 32.94982817869416, 32.958075601374574, 32.95189003436426, 32.94982817869416, 32.947766323024055, 32.95257731958763, 32.950515463917526, 32.94982817869416, 32.94639175257732, 32.95257731958763, 32.95189003436426, 32.950515463917526, 32.94570446735395, 32.95189003436426]",0.828507500887557,0.8112609653360127,33,"[33, 33, 33, 33, 33, 33, 33, 33, 33, 33, 33, 33, 33, 33, 33, 33, 33, 33, 33, 33, 33, 33, 33, 33, 33, 33, 33, 33, 33, 33, 33, 33, 33, 33, 33, 33, 33, 33, 33, 33, 33, 33, 33, 33, 33, 33, 33, 33, 33, 33, 33, 33, 33, 33, 33]",55,"[0.39675942063331604, 0.38844001293182373, 0.3827802538871765, 0.3792955279350281, 0.37563905119895935, 0.37678036093711853, 0.37094739079475403, 0.3748762607574463, 0.3699459135532379, 0.3668862581253052, 0.36440491676330566, 0.3633529543876648, 0.36160725355148315, 0.3602169454097748, 0.35926902294158936, 0.3579403758049011, 0.3566986918449402, 0.35541847348213196, 0.3541220426559448, 0.3533329665660858, 0.3535146713256836, 0.35159897804260254, 0.35037627816200256, 0.3493603467941284, 0.348100483417511, 0.348021000623703, 0.3457874357700348, 0.345241516828537, 0.34366244077682495, 0.342672735452652, 0.3419438600540161, 0.3407644033432007, 0.3417133390903473, 0.3429306149482727, 0.3381384313106537, 0.33857858180999756, 0.3363807797431946, 0.3351403772830963, 0.3344147205352783, 0.33412060141563416, 0.33256685733795166, 0.33196815848350525, 0.33089420199394226, 0.32994896173477173, 0.3295859396457672, 0.32891255617141724, 0.3275021016597748, 0.326688677072525, 0.3260877728462219, 0.3251916170120239, 0.32415223121643066, 0.3229788839817047, 0.3223932683467865, 0.32126083970069885, 0.3201950192451477]",33.0,"[33.0, 33.0, 33.0, 33.0, 33.0, 33.0, 33.0, 33.0, 33.0, 33.0, 33.0, 33.0, 33.0, 33.0, 33.0, 33.0, 33.0, 33.0, 33.0, 33.0, 33.0, 33.0, 33.0, 33.0, 33.0, 33.0, 33.0, 33.0, 33.0, 33.0, 33.0, 33.0, 33.0, 33.0, 33.0, 33.0, 33.0, 33.0, 33.0, 33.0, 33.0, 33.0, 33.0, 33.0, 33.0, 33.0, 33.0, 33.0, 33.0, 33.0, 33.0, 33.0, 33.0, 33.0, 33.0]",COMPLETE
140,140,0.6088418286509255,2024-08-31 07:28:04.719746,2024-08-31 07:28:18.774674,0 days 00:00:14.054928,16,0.059022037539505454,1,155,0.48313772147117195,12,0.00011962736371541095,0.859,0.85875,1,"[33, 33, 33, 33, 33, 33, 33, 33, 33, 33, 33, 33, 33, 33, 33, 33, 33, 33, 33, 33, 33, 33, 33, 33, 33, 33, 30, 26, 21, 14, 13, 12, 10, 8, 7, 7, 6, 6, 6, 6, 5, 5, 5, 5, 5, 5, 5, 5, 5, 5, 5, 5, 5, 5, 5, 5, 5, 5, 5, 5, 5, 5, 5, 5, 5, 5, 5, 5, 5, 5, 5, 5, 4, 4, 4, 4, 4, 4, 4, 4, 4, 4, 4, 4, 4, 4, 4, 4, 4, 4, 4, 4, 4, 2, 2, 2, 2, 2, 2, 2, 2, 2, 2, 2, 2, 2, 2, 2, 2, 2, 2, 2, 2, 2, 2, 2, 2, 2, 2, 2, 2, 1, 1, 1, 1, 1, 1, 1, 1, 1, 1, 1, 1, 1, 1, 1, 1, 1, 1, 1, 1, 1, 1, 1, 1, 1, 1, 1, 1, 1, 1, 1, 1, 1, 1]",1.0,"[33.0, 33.0, 32.916666666666664, 33.0, 33.0, 33.0, 33.0, 33.0, 33.0, 33.0, 33.0, 33.0, 33.0, 33.0, 33.0, 33.0, 33.0, 33.0, 33.0, 33.0, 33.0, 33.0, 33.0, 33.0, 33.0, 33.0, 29.916666666666664, 25.916666666666664, 21.0, 14.0, 13.0, 12.0, 10.0, 8.0, 6.916666666666666, 6.916666666666666, 5.916666666666666, 6.0, 6.0, 6.0, 5.0, 5.0, 5.0, 5.0, 5.0, 5.0, 5.0, 5.0, 5.0, 5.0, 5.0, 5.0, 5.0, 5.0, 5.0, 5.0, 5.0, 5.0, 5.0, 5.0, 5.0, 5.0, 5.0, 5.0, 5.0, 5.0, 5.0, 5.0, 5.0, 5.0, 4.916666666666666, 4.916666666666666, 4.0, 4.0, 4.0, 4.0, 4.0, 4.0, 4.0, 4.0, 4.0, 4.0, 4.0, 4.0, 4.0, 4.0, 4.0, 4.0, 4.0, 4.0, 4.0, 4.0, 4.0, 2.0, 2.0, 2.0, 2.0, 2.0, 2.0, 2.0, 2.0, 2.0, 2.0, 2.0, 2.0, 2.0, 2.0, 2.0, 2.0, 2.0, 2.0, 2.0, 2.0, 2.0, 2.0, 2.0, 2.0, 2.0, 2.0, 2.0, 2.0, 1.0, 1.0, 1.0, 1.0, 1.0, 1.0, 1.0, 1.0, 1.0, 1.0, 1.0, 1.0, 1.0, 1.0, 1.0, 1.0, 1.0, 1.0, 1.0, 1.0, 1.0, 1.0, 1.0, 1.0, 1.0, 1.0, 1.0, 1.0, 1.0, 1.0, 1.0, 1.0, 1.0, 1.0]",0.6144865793145584,0.6088418286509255,1,"[33, 33, 33, 33, 33, 33, 33, 33, 33, 33, 33, 33, 33, 33, 33, 33, 33, 33, 33, 33, 33, 33, 33, 33, 33, 33, 30, 26, 21, 14, 13, 12, 10, 8, 7, 7, 6, 6, 6, 6, 5, 5, 5, 5, 5, 5, 5, 5, 5, 5, 5, 5, 5, 5, 5, 5, 5, 5, 5, 5, 5, 5, 5, 5, 5, 5, 5, 5, 5, 5, 5, 5, 4, 4, 4, 4, 4, 4, 4, 4, 4, 4, 4, 4, 4, 4, 4, 4, 4, 4, 4, 4, 4, 2, 2, 2, 2, 2, 2, 2, 2, 2, 2, 2, 2, 2, 2, 2, 2, 2, 2, 2, 2, 2, 2, 2, 2, 2, 2, 2, 2, 1, 1, 1, 1, 1, 1, 1, 1, 1, 1, 1, 1, 1, 1, 1, 1, 1, 1, 1, 1, 1, 1, 1, 1, 1, 1, 1, 1, 1, 1, 1, 1, 1, 1]",155,"[1.0506879091262817, 0.9710281491279602, 0.9012532830238342, 0.8400139808654785, 0.7862891554832458, 0.7391610145568848, 0.6976398229598999, 0.6611870527267456, 0.6290712952613831, 0.6007550954818726, 0.5759276151657104, 0.5538973808288574, 0.5345848798751831, 0.5176457166671753, 0.5027720928192139, 0.4894525110721588, 0.4777301549911499, 0.4674598276615143, 0.458332359790802, 0.4502803683280945, 0.4432046115398407, 0.437160849571228, 0.43129855394363403, 0.4264225661754608, 0.4220166802406311, 0.417961984872818, 0.4128250479698181, 0.40849077701568604, 0.40358370542526245, 0.3977695107460022, 0.39812222123146057, 0.3964715898036957, 0.3959365487098694, 0.3944684863090515, 0.39679843187332153, 0.3964916467666626, 0.3949861228466034, 0.394801527261734, 0.39474934339523315, 0.39460355043411255, 0.39339202642440796, 0.39324188232421875, 0.39310315251350403, 0.39300236105918884, 0.39300113916397095, 0.39291486144065857, 0.39265701174736023, 0.39252662658691406, 0.3924608528614044, 0.3924109637737274, 0.3921746015548706, 0.39209964871406555, 0.3920319676399231, 0.3921327590942383, 0.39190950989723206, 0.39186590909957886, 0.39186686277389526, 0.3915538489818573, 0.3914966285228729, 0.39140933752059937, 0.3914887309074402, 0.3912765383720398, 0.39117223024368286, 0.3910786807537079, 0.39112645387649536, 0.3909170925617218, 0.3908199369907379, 0.39075005054473877, 0.39068129658699036, 0.390572726726532, 0.3905141353607178, 0.3904378414154053, 0.3902525305747986, 0.3903137147426605, 0.3901995122432709, 0.3900856077671051, 0.39007529616355896, 0.3900233805179596, 0.3902306854724884, 0.3898552656173706, 0.38979479670524597, 0.3897168040275574, 0.38968396186828613, 0.38964545726776123, 0.38953715562820435, 0.3894861340522766, 0.3894307613372803, 0.38946056365966797, 0.3895028829574585, 0.38936206698417664, 0.38925379514694214, 0.38914954662323, 0.38923585414886475, 0.4008268415927887, 0.4006519317626953, 0.40062642097473145, 0.4006042778491974, 0.4005982577800751, 0.4005741477012634, 0.40059375762939453, 0.4005357325077057, 0.4005012810230255, 0.40049439668655396, 0.4004581868648529, 0.40043649077415466, 0.4004895091056824, 0.4003971815109253, 0.4005211889743805, 0.4003554582595825, 0.40044650435447693, 0.4003222584724426, 0.40029823780059814, 0.4002755880355835, 0.400456041097641, 0.40030211210250854, 0.4002188444137573, 0.40019893646240234, 0.4001934826374054, 0.4001827538013458, 0.4001583755016327, 0.40012359619140625, 0.40417006611824036, 0.4034450054168701, 0.40322819352149963, 0.4032127857208252, 0.4032169580459595, 0.40320438146591187, 0.4031718969345093, 0.4031606614589691, 0.40315547585487366, 0.4031330943107605, 0.40312767028808594, 0.4031071364879608, 0.4031008780002594, 0.4031393527984619, 0.40307462215423584, 0.40306687355041504, 0.40309715270996094, 0.40304622054100037, 0.4030417203903198, 0.4031154215335846, 0.4030422568321228, 0.40300706028938293, 0.40300968289375305, 0.4030185639858246, 0.4030033349990845, 0.4029729962348938, 0.4029978811740875, 0.40295693278312683, 0.403005987405777, 0.4029425084590912, 0.4030885398387909, 0.4029380679130554, 0.4029601812362671, 0.4029017984867096]",1.0,"[33.0, 33.0, 33.0, 33.0, 33.0, 33.0, 33.0, 33.0, 33.0, 33.0, 33.0, 33.0, 33.0, 33.0, 33.0, 33.0, 33.0, 33.0, 33.0, 33.0, 33.0, 33.0, 33.0, 33.0, 33.0, 33.0, 30.0, 26.0, 21.0, 14.0, 13.0, 12.0, 10.0, 8.0, 7.0, 7.0, 6.0, 6.0, 6.0, 6.0, 5.0, 5.0, 5.0, 5.0, 5.0, 5.0, 5.0, 5.0, 5.0, 5.0, 5.0, 5.0, 5.0, 5.0, 5.0, 5.0, 5.0, 5.0, 5.0, 5.0, 5.0, 5.0, 5.0, 5.0, 5.0, 5.0, 5.0, 5.0, 5.0, 5.0, 5.0, 5.0, 4.0, 4.0, 4.0, 4.0, 4.0, 4.0, 4.0, 4.0, 4.0, 4.0, 4.0, 4.0, 4.0, 4.0, 4.0, 4.0, 4.0, 4.0, 4.0, 4.0, 4.0, 2.0, 2.0, 2.0, 2.0, 2.0, 2.0, 2.0, 2.0, 2.0, 2.0, 2.0, 2.0, 2.0, 2.0, 2.0, 2.0, 2.0, 2.0, 2.0, 2.0, 2.0, 2.0, 2.0, 2.0, 2.0, 2.0, 2.0, 2.0, 1.0, 1.0, 1.0, 1.0, 1.0, 1.0, 1.0, 1.0, 1.0, 1.0, 1.0, 1.0, 1.0, 1.0, 1.0, 1.0, 1.0, 1.0, 1.0, 1.0, 1.0, 1.0, 1.0, 1.0, 1.0, 1.0, 1.0, 1.0, 1.0, 1.0, 1.0, 1.0, 1.0, 1.0]",COMPLETE
141,141,0.8086846749365588,2024-08-31 07:28:21.727111,2024-08-31 07:29:50.693917,0 days 00:01:28.966806,1,0.2520234828498099,1,170,0.011891291958622065,93,0.04787544471077197,0.889,0.8775,4,"[9, 7, 6, 6, 5, 5, 5, 5, 5, 5, 5, 4, 4, 4, 4, 4, 4, 4, 4, 4, 4, 4, 4, 4, 4, 4, 4, 4, 4, 4, 4, 4, 4, 4, 4, 4, 4, 4, 4, 4, 4, 4, 4, 4, 4, 4, 4, 4, 4, 4, 4, 4, 4, 4, 4, 4, 4, 4, 4, 4, 4, 4, 4, 4, 4, 4, 4, 4, 4, 4, 4, 4, 4, 4, 4, 4, 4, 4, 4, 4, 4, 4, 4, 4, 4, 4, 4, 4, 4, 4, 4, 4, 4, 4, 4, 4, 4, 4, 4, 4, 4, 4, 4, 4, 4, 4, 4, 4, 4, 4, 4, 4, 4, 4, 4, 4, 4, 4, 4, 4, 4, 4, 4, 4, 4, 4, 4, 4, 4, 4, 4, 4, 4, 4, 4, 4, 4, 4, 4, 4, 4, 4, 4, 4, 4, 4, 4, 4, 4, 4, 4, 4, 4, 4, 4, 4, 4, 4, 4, 4, 4, 4, 4, 4, 4, 4, 4, 4, 4, 4]",4.0,"[8.989247311827956, 7.0, 6.0, 6.0, 5.0, 5.0, 5.0, 5.0, 5.0, 5.0, 5.0, 4.0, 4.0, 3.978494623655914, 4.0, 3.989247311827957, 4.0, 3.989247311827957, 3.989247311827957, 3.978494623655914, 4.0, 3.989247311827957, 4.0, 4.0, 4.0, 4.0, 4.0, 4.0, 4.0, 4.0, 4.0, 3.989247311827957, 4.0, 4.0, 4.0, 4.0, 3.989247311827957, 4.0, 4.0, 3.989247311827957, 3.989247311827957, 3.989247311827957, 4.0, 4.0, 3.989247311827957, 3.989247311827957, 3.978494623655914, 4.0, 4.0, 4.0, 4.0, 4.0, 3.989247311827957, 4.0, 3.989247311827957, 4.0, 4.0, 4.0, 3.989247311827957, 4.0, 3.989247311827957, 4.0, 4.0, 4.0, 4.0, 4.0, 4.0, 3.989247311827957, 4.0, 3.989247311827957, 3.989247311827957, 3.989247311827957, 3.989247311827957, 4.0, 3.989247311827957, 4.0, 4.0, 3.978494623655914, 4.0, 4.0, 3.989247311827957, 3.978494623655914, 4.0, 3.989247311827957, 4.0, 4.0, 3.989247311827957, 4.0, 4.0, 4.0, 4.0, 4.0, 4.0, 3.978494623655914, 4.0, 4.0, 4.0, 4.0, 4.0, 3.989247311827957, 4.0, 4.0, 4.0, 3.989247311827957, 3.989247311827957, 4.0, 3.978494623655914, 4.0, 4.0, 4.0, 3.989247311827957, 4.0, 3.989247311827957, 3.989247311827957, 3.989247311827957, 4.0, 3.967741935483871, 3.989247311827957, 4.0, 4.0, 3.989247311827957, 4.0, 3.989247311827957, 3.989247311827957, 4.0, 4.0, 3.989247311827957, 3.978494623655914, 4.0, 4.0, 3.989247311827957, 4.0, 4.0, 4.0, 4.0, 4.0, 4.0, 4.0, 3.989247311827957, 4.0, 3.978494623655914, 3.989247311827957, 3.989247311827957, 3.989247311827957, 4.0, 4.0, 4.0, 3.978494623655914, 3.989247311827957, 4.0, 4.0, 3.989247311827957, 4.0, 4.0, 3.989247311827957, 4.0, 4.0, 4.0, 3.989247311827957, 4.0, 4.0, 4.0, 4.0, 4.0, 4.0, 4.0, 4.0, 4.0, 4.0, 4.0]",0.822802367919154,0.8086846749365588,4,"[9, 7, 6, 6, 5, 5, 5, 5, 5, 5, 5, 4, 4, 4, 4, 4, 4, 4, 4, 4, 4, 4, 4, 4, 4, 4, 4, 4, 4, 4, 4, 4, 4, 4, 4, 4, 4, 4, 4, 4, 4, 4, 4, 4, 4, 4, 4, 4, 4, 4, 4, 4, 4, 4, 4, 4, 4, 4, 4, 4, 4, 4, 4, 4, 4, 4, 4, 4, 4, 4, 4, 4, 4, 4, 4, 4, 4, 4, 4, 4, 4, 4, 4, 4, 4, 4, 4, 4, 4, 4, 4, 4, 4, 4, 4, 4, 4, 4, 4, 4, 4, 4, 4, 4, 4, 4, 4, 4, 4, 4, 4, 4, 4, 4, 4, 4, 4, 4, 4, 4, 4, 4, 4, 4, 4, 4, 4, 4, 4, 4, 4, 4, 4, 4, 4, 4, 4, 4, 4, 4, 4, 4, 4, 4, 4, 4, 4, 4, 4, 4, 4, 4, 4, 4, 4, 4, 4, 4, 4, 4, 4, 4, 4, 4, 4, 4, 4, 4, 4, 4]",170,"[0.7171766757965088, 0.371786504983902, 0.6796550750732422, 0.5289101004600525, 0.9725536108016968, 0.9251357316970825, 0.6912236213684082, 0.44874849915504456, 0.7122835516929626, 0.4400922358036041, 0.5986173152923584, 0.419875830411911, 0.41378143429756165, 0.4218825399875641, 0.37221813201904297, 0.41003429889678955, 0.43792107701301575, 0.37597551941871643, 0.4612572491168976, 0.37362080812454224, 0.8496612310409546, 0.37273213267326355, 0.38144034147262573, 0.3741466999053955, 1.604541301727295, 0.5910037755966187, 0.37316951155662537, 0.33862364292144775, 0.33357372879981995, 0.8461681604385376, 0.4819493889808655, 0.3596854507923126, 0.41774001717567444, 0.4952853322029114, 0.4279957115650177, 0.459847629070282, 0.5731416940689087, 0.39797303080558777, 1.0169638395309448, 0.3992200493812561, 0.5555887222290039, 0.35208606719970703, 1.5274142026901245, 0.4789731502532959, 0.40576303005218506, 0.35491618514060974, 0.495235800743103, 0.37153956294059753, 0.3697945773601532, 0.4201246500015259, 1.1739833354949951, 0.372728168964386, 0.40292319655418396, 0.687900722026825, 0.7511318325996399, 2.592446804046631, 0.3733504116535187, 1.9206573963165283, 0.5226538777351379, 1.7108638286590576, 0.4448639750480652, 0.37198758125305176, 0.4549432396888733, 0.8360092639923096, 0.36189404129981995, 0.6143447756767273, 0.4499649107456207, 0.4441111087799072, 0.7963176965713501, 0.3637850284576416, 0.4036999046802521, 1.0004066228866577, 0.5092259049415588, 0.3989157974720001, 0.36561763286590576, 0.3976689577102661, 0.6730802059173584, 0.7704740166664124, 0.672189474105835, 0.3981889486312866, 0.3579414486885071, 0.8515477776527405, 0.49678391218185425, 0.3543004095554352, 0.9499440789222717, 0.4589981734752655, 0.34242525696754456, 0.515189528465271, 0.8413602709770203, 0.40503719449043274, 0.3719230890274048, 1.4566463232040405, 0.3696858584880829, 0.49762850999832153, 0.5823159217834473, 0.811697781085968, 1.2925152778625488, 0.5779656767845154, 0.436458557844162, 0.41711559891700745, 0.5391640663146973, 0.8036320209503174, 0.3581410348415375, 0.38703155517578125, 0.3830912411212921, 0.3726692199707031, 0.43742793798446655, 0.42598584294319153, 1.2539790868759155, 0.7005805373191833, 0.6448357105255127, 0.36763009428977966, 0.461210697889328, 0.352992445230484, 0.4271417558193207, 0.38313522934913635, 0.41444018483161926, 0.47505852580070496, 0.7074579000473022, 0.48344185948371887, 0.4219222366809845, 0.5650581121444702, 0.42789143323898315, 2.467933416366577, 0.4923997223377228, 0.9767448306083679, 0.3780152201652527, 0.4025292992591858, 0.4242976903915405, 0.5277706384658813, 0.9680410623550415, 0.5338831543922424, 0.48790302872657776, 0.4378378689289093, 0.987582266330719, 0.35258692502975464, 0.36406341195106506, 0.4037155210971832, 0.411739706993103, 1.188094139099121, 0.384377121925354, 0.557086169719696, 0.36577701568603516, 0.4169585704803467, 1.2509247064590454, 1.0056129693984985, 0.37806007266044617, 1.112038493156433, 0.5154557228088379, 0.6422914862632751, 0.3733653724193573, 0.4132009446620941, 0.4219031035900116, 0.40953490138053894, 0.4878924489021301, 0.3876371681690216, 0.42138996720314026, 0.36996570229530334, 0.4561980068683624, 0.38550513982772827, 0.4300750494003296, 0.5153787136077881, 0.3923253118991852, 0.37286415696144104, 0.48539695143699646, 0.3870123028755188, 0.3620477020740509, 0.6420184969902039, 1.5186095237731934, 0.39059463143348694]",4.0,"[9.0, 7.0, 6.0, 6.0, 5.0, 5.0, 5.0, 5.0, 5.0, 5.0, 5.0, 4.0, 4.0, 4.0, 4.0, 4.0, 4.0, 4.0, 4.0, 4.0, 4.0, 4.0, 4.0, 4.0, 4.0, 4.0, 4.0, 4.0, 4.0, 4.0, 4.0, 4.0, 4.0, 4.0, 4.0, 4.0, 4.0, 4.0, 4.0, 4.0, 4.0, 4.0, 4.0, 4.0, 4.0, 4.0, 4.0, 4.0, 4.0, 4.0, 4.0, 4.0, 4.0, 4.0, 4.0, 4.0, 4.0, 4.0, 4.0, 4.0, 4.0, 4.0, 4.0, 4.0, 4.0, 4.0, 4.0, 4.0, 4.0, 4.0, 4.0, 4.0, 4.0, 4.0, 4.0, 4.0, 4.0, 4.0, 4.0, 4.0, 4.0, 4.0, 4.0, 4.0, 4.0, 4.0, 4.0, 4.0, 4.0, 4.0, 4.0, 4.0, 4.0, 4.0, 4.0, 4.0, 4.0, 4.0, 4.0, 4.0, 4.0, 4.0, 4.0, 4.0, 4.0, 4.0, 4.0, 4.0, 4.0, 4.0, 4.0, 4.0, 4.0, 4.0, 4.0, 4.0, 4.0, 4.0, 4.0, 4.0, 4.0, 4.0, 4.0, 4.0, 4.0, 4.0, 4.0, 4.0, 4.0, 4.0, 4.0, 4.0, 4.0, 4.0, 4.0, 4.0, 4.0, 4.0, 4.0, 4.0, 4.0, 4.0, 4.0, 4.0, 4.0, 4.0, 4.0, 4.0, 4.0, 4.0, 4.0, 4.0, 4.0, 4.0, 4.0, 4.0, 4.0, 4.0, 4.0, 4.0, 4.0, 4.0, 4.0, 4.0, 4.0, 4.0, 4.0, 4.0, 4.0, 4.0]",COMPLETE
