,number,value,datetime_start,datetime_complete,duration,params_batch_size_scaler,params_constant_learning_rate,params_depth,params_epochs,params_kernel_l2,params_num_trees,params_temperature,user_attrs_accuracy_test,user_attrs_accuracy_valid,user_attrs_approximate_feature_sparsity,user_attrs_approximate_feature_sparsity_history,user_attrs_approximate_weight_sparsity,user_attrs_approximate_weight_sparsity_history,user_attrs_auc_test,user_attrs_auc_valid,user_attrs_feature_sparsity,user_attrs_feature_sparsity_history,user_attrs_num_epochs,user_attrs_val_loss_history,user_attrs_weight_sparsity,user_attrs_weight_sparsity_history,state
126,126,0.9276577655833367,2024-08-31 07:03:00.487363,2024-08-31 07:07:32.327038,0 days 00:04:31.839675,4,0.471109851023465,5,245,0.021306689295778978,51,0.0016373060686253023,0.94,0.94375,16,"[33, 33, 33, 33, 33, 33, 33, 33, 33, 33, 33, 33, 33, 26, 22, 19, 19, 19, 17, 16, 16, 16, 16, 16, 16, 16, 16, 16, 16, 16, 16, 16, 16, 16, 16, 16, 16, 16, 16, 16, 16, 16, 16, 16, 16, 16, 16, 16, 16, 16, 16, 16, 16, 16, 16, 16, 16, 16, 16, 16, 16, 16, 16, 16, 16, 16, 16, 16, 16, 16, 16, 16, 16, 16, 16, 16, 16, 16, 16, 16, 16, 16, 16, 16, 16, 16, 16, 16, 16, 16, 16, 16, 16, 16, 16, 16, 16, 16, 16, 16, 16, 16, 16, 16, 16, 16, 16, 16, 16, 16, 16, 16, 16, 16, 16, 16, 16, 16, 16, 16, 16, 16, 16, 16, 16, 16, 16, 16, 16, 16, 16, 16, 16, 16, 16, 16, 16, 16, 16, 16, 16, 16, 16, 16, 16, 16, 16, 16, 16, 16, 16, 16, 16, 16, 16, 16, 16, 16, 16, 16, 16, 16, 16, 16, 16, 16, 16, 16, 16, 16, 16, 16, 16, 16, 16, 16, 16, 16, 16, 16, 16, 16, 16, 16, 16, 16, 16, 16, 16, 16, 16, 16, 16, 16, 16, 16, 16, 16, 16, 16, 16, 16, 16, 16, 16, 16, 16, 16, 16, 16, 16, 16, 16, 16, 16, 16, 16, 16, 16, 16, 16, 16, 16, 16, 16, 16, 16, 16, 16, 16, 16, 16, 16, 16, 16, 16, 16, 16, 16, 16, 16, 16, 16, 16, 16]",15.977229601518028,"[32.942441492726125, 32.935483870967744, 32.94117647058823, 32.93738140417457, 32.94307400379507, 32.946236559139784, 32.95066413662239, 32.95003162555345, 32.95066413662239, 32.94180898165718, 32.93611638203669, 32.948766603415564, 32.955724225173945, 25.958886780518657, 21.96584440227704, 18.969006957621758, 18.97596457938014, 18.971537001897534, 16.97406704617331, 15.976597090449081, 15.976597090449083, 15.977229601518028, 15.979759645793802, 15.975332068311197, 15.978494623655914, 15.980392156862745, 15.975332068311195, 15.97596457938014, 15.979127134724857, 15.972169512966477, 15.980392156862743, 15.983554712207464, 15.985452245414296, 15.979759645793804, 15.981657179000633, 15.983554712207464, 15.975964579380138, 15.975332068311197, 15.98102466793169, 15.980392156862745, 15.981024667931688, 15.977229601518028, 15.9797596457938, 15.977229601518026, 15.974699557242252, 15.972169512966476, 15.977229601518028, 15.98292220113852, 15.975332068311195, 15.98481973434535, 15.979127134724859, 15.980392156862745, 15.985452245414297, 15.979759645793802, 15.978494623655914, 15.974699557242253, 15.97280202403542, 15.974067046173309, 15.974699557242252, 15.978494623655916, 15.975964579380138, 15.981024667931688, 15.975332068311195, 15.976597090449081, 15.97090449082859, 15.974699557242252, 15.972169512966477, 15.975332068311195, 15.974699557242252, 15.974699557242252, 15.978494623655914, 15.98102466793169, 15.983554712207466, 15.980392156862745, 15.979127134724855, 15.975332068311195, 15.97596457938014, 15.97596457938014, 15.979759645793802, 15.98292220113852, 15.974699557242252, 15.974699557242252, 15.978494623655914, 15.975332068311195, 15.9797596457938, 15.97786211258697, 15.979127134724857, 15.978494623655914, 15.976597090449085, 15.977862112586969, 15.979127134724859, 15.975964579380138, 15.981657179000633, 15.977229601518024, 15.97786211258697, 15.977229601518026, 15.975964579380138, 15.976597090449083, 15.981657179000633, 15.977229601518028, 15.979127134724857, 15.973434535104365, 15.979127134724857, 15.974067046173309, 15.978494623655914, 15.98292220113852, 15.98102466793169, 15.979127134724857, 15.979759645793802, 15.974699557242252, 15.977229601518028, 15.97596457938014, 15.979759645793802, 15.976597090449083, 15.980392156862747, 15.979759645793804, 15.981024667931688, 15.973434535104364, 15.977862112586969, 15.973434535104365, 15.976597090449083, 15.977862112586969, 15.9797596457938, 15.973434535104364, 15.97090449082859, 15.977229601518028, 15.978494623655914, 15.974699557242252, 15.983554712207466, 15.981657179000633, 15.979127134724857, 15.97786211258697, 15.984819734345352, 15.984187223276408, 15.980392156862745, 15.974699557242253, 15.981024667931688, 15.979759645793802, 15.981024667931688, 15.98102466793169, 15.979127134724859, 15.981657179000631, 15.97596457938014, 15.976597090449083, 15.975964579380138, 15.978494623655914, 15.97090449082859, 15.98292220113852, 15.979127134724857, 15.978494623655914, 15.97596457938014, 15.976597090449083, 15.973434535104365, 15.975332068311197, 15.974699557242252, 15.980392156862745, 15.97596457938014, 15.975332068311197, 15.971537001897532, 15.979127134724857, 15.977229601518026, 15.980392156862745, 15.980392156862745, 15.979759645793802, 15.979759645793802, 15.979759645793802, 15.978494623655916, 15.97786211258697, 15.975964579380138, 15.97786211258697, 15.977229601518028, 15.9797596457938, 15.97786211258697, 15.977229601518028, 15.974067046173309, 15.97786211258697, 15.977229601518028, 15.97280202403542, 15.976597090449081, 15.976597090449083, 15.975332068311195, 15.974699557242252, 15.972802024035419, 15.972169512966477, 15.974699557242252, 15.974067046173307, 15.978494623655914, 15.975332068311195, 15.979127134724857, 15.97090449082859, 15.972802024035419, 15.971537001897532, 15.97596457938014, 15.971537001897534, 15.972169512966476, 15.969639468690703, 15.972169512966476, 15.971537001897534, 15.972802024035422, 15.972169512966477, 15.97596457938014, 15.97090449082859, 15.970271979759646, 15.971537001897534, 15.97786211258697, 15.972169512966476, 15.979127134724859, 15.97280202403542, 15.9797596457938, 15.979127134724859, 15.980392156862745, 15.978494623655914, 15.978494623655914, 15.975964579380138, 15.97786211258697, 15.979759645793802, 15.974699557242252, 15.970271979759646, 15.975332068311197, 15.979127134724857, 15.975332068311197, 15.974699557242252, 15.969006957621758, 15.965844402277039, 15.972169512966476, 15.97596457938014, 15.970271979759644, 15.977229601518028, 15.972169512966476, 15.977229601518028, 15.97596457938014, 15.978494623655914, 15.977229601518028, 15.978494623655916, 15.977229601518028, 15.979127134724859, 15.97596457938014, 15.98102466793169, 15.978494623655914, 15.97596457938014, 15.977229601518028, 15.975332068311197, 15.979759645793802, 15.974067046173309, 15.977229601518028]",0.921019823479388,0.9276577655833367,16,"[33, 33, 33, 33, 33, 33, 33, 33, 33, 33, 33, 33, 33, 26, 22, 19, 19, 19, 17, 16, 16, 16, 16, 16, 16, 16, 16, 16, 16, 16, 16, 16, 16, 16, 16, 16, 16, 16, 16, 16, 16, 16, 16, 16, 16, 16, 16, 16, 16, 16, 16, 16, 16, 16, 16, 16, 16, 16, 16, 16, 16, 16, 16, 16, 16, 16, 16, 16, 16, 16, 16, 16, 16, 16, 16, 16, 16, 16, 16, 16, 16, 16, 16, 16, 16, 16, 16, 16, 16, 16, 16, 16, 16, 16, 16, 16, 16, 16, 16, 16, 16, 16, 16, 16, 16, 16, 16, 16, 16, 16, 16, 16, 16, 16, 16, 16, 16, 16, 16, 16, 16, 16, 16, 16, 16, 16, 16, 16, 16, 16, 16, 16, 16, 16, 16, 16, 16, 16, 16, 16, 16, 16, 16, 16, 16, 16, 16, 16, 16, 16, 16, 16, 16, 16, 16, 16, 16, 16, 16, 16, 16, 16, 16, 16, 16, 16, 16, 16, 16, 16, 16, 16, 16, 16, 16, 16, 16, 16, 16, 16, 16, 16, 16, 16, 16, 16, 16, 16, 16, 16, 16, 16, 16, 16, 16, 16, 16, 16, 16, 16, 16, 16, 16, 16, 16, 16, 16, 16, 16, 16, 16, 16, 16, 16, 16, 16, 16, 16, 16, 16, 16, 16, 16, 16, 16, 16, 16, 16, 16, 16, 16, 16, 16, 16, 16, 16, 16, 16, 16, 16, 16, 16, 16, 16, 16]",245,"[0.3764916956424713, 0.3678467869758606, 0.36247313022613525, 0.3561244308948517, 0.3509369194507599, 0.34588101506233215, 0.3426803946495056, 0.3384947180747986, 0.33157166838645935, 0.3253616690635681, 0.31868776679039, 0.31064867973327637, 0.3024871349334717, 0.29758214950561523, 0.2890702188014984, 0.28030896186828613, 0.2740032374858856, 0.26912927627563477, 0.267709344625473, 0.25908133387565613, 0.25515931844711304, 0.25247809290885925, 0.2495490312576294, 0.2465917468070984, 0.24497908353805542, 0.24137230217456818, 0.24024009704589844, 0.2361101359128952, 0.23309917747974396, 0.2313319444656372, 0.22937063872814178, 0.22673983871936798, 0.22457271814346313, 0.22300004959106445, 0.2216639667749405, 0.21996934711933136, 0.21801771223545074, 0.2174876183271408, 0.21630710363388062, 0.21341849863529205, 0.2126411497592926, 0.2108088880777359, 0.21045543253421783, 0.20820221304893494, 0.20648938417434692, 0.20825807750225067, 0.2047499716281891, 0.20297229290008545, 0.20206226408481598, 0.20179592072963715, 0.20052529871463776, 0.19895215332508087, 0.19819340109825134, 0.19898954033851624, 0.19742420315742493, 0.1966901421546936, 0.19579997658729553, 0.19512054324150085, 0.19342297315597534, 0.19359280169010162, 0.19235363602638245, 0.19356700778007507, 0.1914084255695343, 0.19380836188793182, 0.19115613400936127, 0.19108818471431732, 0.19088637828826904, 0.18817736208438873, 0.18887028098106384, 0.18853071331977844, 0.1885935366153717, 0.18684354424476624, 0.18775472044944763, 0.18584372103214264, 0.18531566858291626, 0.18696054816246033, 0.18506799638271332, 0.1847251057624817, 0.18852199614048004, 0.18812009692192078, 0.18449488282203674, 0.18541723489761353, 0.18370603024959564, 0.18259261548519135, 0.1832355558872223, 0.18484817445278168, 0.18293045461177826, 0.18185880780220032, 0.1831211894750595, 0.18240895867347717, 0.18067201972007751, 0.18020440638065338, 0.1817728877067566, 0.18048833310604095, 0.17979872226715088, 0.18094654381275177, 0.18035738170146942, 0.18141330778598785, 0.17951929569244385, 0.17975766956806183, 0.17878571152687073, 0.17873796820640564, 0.17742396891117096, 0.17822490632534027, 0.17829708755016327, 0.17900528013706207, 0.17596584558486938, 0.1787363588809967, 0.17717714607715607, 0.17601171135902405, 0.1770232766866684, 0.17621181905269623, 0.17583851516246796, 0.17718787491321564, 0.17601072788238525, 0.1763206273317337, 0.17585228383541107, 0.17478573322296143, 0.175376296043396, 0.1758519411087036, 0.17434734106063843, 0.1736019104719162, 0.17526353895664215, 0.17630928754806519, 0.1747235357761383, 0.17506283521652222, 0.17534884810447693, 0.1752757579088211, 0.1735946536064148, 0.1748770922422409, 0.17338262498378754, 0.17634384334087372, 0.1739083081483841, 0.17357736825942993, 0.17275848984718323, 0.17181739211082458, 0.1732301115989685, 0.17391365766525269, 0.17542994022369385, 0.17530135810375214, 0.17422208189964294, 0.17155608534812927, 0.17499326169490814, 0.17396210134029388, 0.17379632592201233, 0.17294538021087646, 0.17392578721046448, 0.17333856225013733, 0.17284822463989258, 0.1734873205423355, 0.17668920755386353, 0.1742904633283615, 0.17165356874465942, 0.1748361736536026, 0.17322459816932678, 0.1754574030637741, 0.17632843554019928, 0.17203353345394135, 0.1727774739265442, 0.1706821322441101, 0.17407117784023285, 0.171927809715271, 0.17202627658843994, 0.1760973334312439, 0.17171095311641693, 0.1740269809961319, 0.17222215235233307, 0.17189040780067444, 0.1721663475036621, 0.1712578386068344, 0.17238080501556396, 0.1715211719274521, 0.17253583669662476, 0.17104995250701904, 0.17134271562099457, 0.1724596619606018, 0.17352214455604553, 0.17318326234817505, 0.17173513770103455, 0.17428819835186005, 0.17138773202896118, 0.1735106259584427, 0.17118778824806213, 0.17131425440311432, 0.17170459032058716, 0.1708841174840927, 0.17592456936836243, 0.17163199186325073, 0.18280450999736786, 0.17215341329574585, 0.17167505621910095, 0.17294101417064667, 0.17191825807094574, 0.1723901927471161, 0.1760719269514084, 0.17171813547611237, 0.17462387681007385, 0.1708916872739792, 0.17353257536888123, 0.17276416718959808, 0.17687958478927612, 0.1717444211244583, 0.1745099425315857, 0.1709534227848053, 0.17228847742080688, 0.17276126146316528, 0.17316339910030365, 0.17123275995254517, 0.17677859961986542, 0.17221572995185852, 0.17308467626571655, 0.17073564231395721, 0.1716131567955017, 0.17858994007110596, 0.1777806133031845, 0.1707189530134201, 0.17211546003818512, 0.17345702648162842, 0.1712864637374878, 0.17238880693912506, 0.17789582908153534, 0.17346292734146118, 0.17326360940933228, 0.17219576239585876, 0.17230020463466644, 0.17304915189743042, 0.17201700806617737, 0.1726403683423996, 0.17401248216629028, 0.17376567423343658, 0.17231187224388123, 0.17485614120960236, 0.1729058027267456, 0.17305509746074677, 0.17316941916942596, 0.172389417886734, 0.17144477367401123, 0.1760982722043991, 0.17376545071601868, 0.17496523261070251, 0.17396831512451172, 0.17422984540462494, 0.17419950664043427, 0.17217116057872772, 0.1752156764268875]",16.0,"[33.0, 33.0, 33.0, 33.0, 33.0, 33.0, 33.0, 33.0, 33.0, 33.0, 33.0, 33.0, 33.0, 26.0, 22.0, 19.0, 19.0, 19.0, 17.0, 16.0, 16.0, 16.0, 16.0, 16.0, 16.0, 16.0, 16.0, 16.0, 16.0, 16.0, 16.0, 16.0, 16.0, 16.0, 16.0, 16.0, 16.0, 16.0, 16.0, 16.0, 16.0, 16.0, 16.0, 16.0, 16.0, 16.0, 16.0, 16.0, 16.0, 16.0, 16.0, 16.0, 16.0, 16.0, 16.0, 16.0, 16.0, 16.0, 16.0, 16.0, 16.0, 16.0, 16.0, 16.0, 16.0, 16.0, 16.0, 16.0, 16.0, 16.0, 16.0, 16.0, 16.0, 16.0, 16.0, 16.0, 16.0, 16.0, 16.0, 16.0, 16.0, 16.0, 16.0, 16.0, 16.0, 16.0, 16.0, 16.0, 16.0, 16.0, 16.0, 16.0, 16.0, 16.0, 16.0, 16.0, 16.0, 16.0, 16.0, 16.0, 16.0, 16.0, 16.0, 16.0, 16.0, 16.0, 16.0, 16.0, 16.0, 16.0, 16.0, 16.0, 16.0, 16.0, 16.0, 16.0, 16.0, 16.0, 16.0, 16.0, 16.0, 16.0, 16.0, 16.0, 16.0, 16.0, 16.0, 16.0, 16.0, 16.0, 16.0, 16.0, 16.0, 16.0, 16.0, 16.0, 16.0, 16.0, 16.0, 16.0, 16.0, 16.0, 16.0, 16.0, 16.0, 16.0, 16.0, 16.0, 16.0, 16.0, 16.0, 16.0, 16.0, 16.0, 16.0, 16.0, 16.0, 16.0, 16.0, 16.0, 16.0, 16.0, 16.0, 16.0, 16.0, 16.0, 16.0, 16.0, 16.0, 16.0, 16.0, 16.0, 16.0, 16.0, 16.0, 16.0, 16.0, 16.0, 16.0, 16.0, 16.0, 16.0, 16.0, 16.0, 16.0, 16.0, 16.0, 16.0, 16.0, 16.0, 16.0, 16.0, 16.0, 16.0, 16.0, 16.0, 16.0, 16.0, 16.0, 16.0, 16.0, 16.0, 16.0, 16.0, 16.0, 16.0, 16.0, 16.0, 16.0, 16.0, 16.0, 16.0, 16.0, 16.0, 16.0, 16.0, 16.0, 16.0, 16.0, 16.0, 16.0, 16.0, 16.0, 16.0, 16.0, 16.0, 16.0, 16.0, 16.0, 16.0, 16.0, 16.0, 16.0, 16.0, 16.0, 16.0, 16.0, 16.0, 16.0, 16.0, 16.0, 16.0, 16.0, 16.0, 16.0]",COMPLETE
127,127,0.7763135860674215,2024-08-31 07:07:37.451266,2024-08-31 07:08:09.178861,0 days 00:00:31.727595,64,0.9487704485402532,5,50,0.088720648677654,34,0.0001983082204897293,0.883,0.87625,33,"[33, 33, 33, 33, 33, 33, 33, 33, 33, 33, 33, 33, 33, 33, 33, 33, 33, 33, 33, 33, 33, 33, 33, 33, 33, 33, 33, 33, 33, 33, 33, 33, 33, 33, 33, 33, 33, 33, 33, 33, 33, 33, 33, 33, 33, 33, 33, 33, 33, 33]",32.93833017077799,"[32.95635673624289, 32.94022770398482, 32.95540796963947, 32.96584440227704, 32.972485768500945, 32.95920303605313, 32.959203036053125, 32.96299810246679, 32.96204933586338, 32.95445920303605, 32.95445920303605, 32.96204933586338, 32.96489563567362, 32.96110056925996, 32.9573055028463, 32.96110056925996, 32.95351043643264, 32.959203036053125, 32.95445920303605, 32.959203036053125, 32.95920303605313, 32.95635673624288, 32.96110056925996, 32.96489563567363, 32.97153700189753, 32.96489563567362, 32.95825426944971, 32.95825426944971, 32.96489563567362, 32.95825426944971, 32.96015180265655, 32.95635673624288, 32.96679316888046, 32.970588235294116, 32.95540796963947, 32.95351043643264, 32.95920303605313, 32.95351043643264, 32.95825426944971, 32.95351043643264, 32.94686907020873, 32.95351043643264, 32.94402277039848, 32.95920303605313, 32.95161290322581, 32.957305502846296, 32.96204933586338, 32.94022770398482, 32.948766603415564, 32.93833017077799]",0.8017321807478596,0.7763135860674215,33,"[33, 33, 33, 33, 33, 33, 33, 33, 33, 33, 33, 33, 33, 33, 33, 33, 33, 33, 33, 33, 33, 33, 33, 33, 33, 33, 33, 33, 33, 33, 33, 33, 33, 33, 33, 33, 33, 33, 33, 33, 33, 33, 33, 33, 33, 33, 33, 33, 33, 33]",50,"[0.407319575548172, 0.39762187004089355, 0.39243727922439575, 0.38823479413986206, 0.3853450119495392, 0.382468581199646, 0.37982428073883057, 0.37782591581344604, 0.3769209384918213, 0.3743656277656555, 0.3728421926498413, 0.3714234530925751, 0.37041038274765015, 0.37017276883125305, 0.36805230379104614, 0.36722275614738464, 0.3664456605911255, 0.3653310537338257, 0.364335834980011, 0.3633495569229126, 0.3626965284347534, 0.36362841725349426, 0.36239320039749146, 0.361237108707428, 0.3596615195274353, 0.35859915614128113, 0.35797518491744995, 0.3567677438259125, 0.3558918237686157, 0.35503071546554565, 0.3543943166732788, 0.3543795049190521, 0.3533758223056793, 0.3525470495223999, 0.351474404335022, 0.3497335910797119, 0.34922486543655396, 0.35166943073272705, 0.34853214025497437, 0.34562596678733826, 0.3447681665420532, 0.34408292174339294, 0.3426896631717682, 0.34220704436302185, 0.34180793166160583, 0.34150230884552, 0.3399988114833832, 0.33908694982528687, 0.3379131555557251, 0.3359850347042084]",33.0,"[33.0, 33.0, 33.0, 33.0, 33.0, 33.0, 33.0, 33.0, 33.0, 33.0, 33.0, 33.0, 33.0, 33.0, 33.0, 33.0, 33.0, 33.0, 33.0, 33.0, 33.0, 33.0, 33.0, 33.0, 33.0, 33.0, 33.0, 33.0, 33.0, 33.0, 33.0, 33.0, 33.0, 33.0, 33.0, 33.0, 33.0, 33.0, 33.0, 33.0, 33.0, 33.0, 33.0, 33.0, 33.0, 33.0, 33.0, 33.0, 33.0, 33.0]",COMPLETE
