,number,value,datetime_start,datetime_complete,duration,params_batch_size_scaler,params_constant_learning_rate,params_depth,params_epochs,params_kernel_l2,params_num_trees,params_temperature,user_attrs_accuracy_test,user_attrs_accuracy_valid,user_attrs_approximate_feature_sparsity,user_attrs_approximate_feature_sparsity_history,user_attrs_approximate_weight_sparsity,user_attrs_approximate_weight_sparsity_history,user_attrs_auc_test,user_attrs_auc_valid,user_attrs_feature_sparsity,user_attrs_feature_sparsity_history,user_attrs_num_epochs,user_attrs_val_loss_history,user_attrs_weight_sparsity,user_attrs_weight_sparsity_history,state
74,74,0.8293980497481677,2024-08-31 03:51:39.418089,2024-08-31 04:05:41.172227,0 days 00:14:01.754138,4,0.02443187825005455,6,365,0.04104091793739653,63,0.0003398405521693695,0.883,0.8825,33,"[33, 33, 33, 33, 33, 33, 33, 33, 33, 33, 33, 33, 33, 33, 33, 33, 33, 33, 33, 33, 33, 33, 33, 33, 33, 33, 33, 33, 33, 33, 33, 33, 33, 33, 33, 33, 33, 33, 33, 33, 33, 33, 33, 33, 33, 33, 33, 33, 33, 33, 33, 33, 33, 33, 33, 33, 33, 33, 33, 33, 33, 33, 33, 33, 33, 33, 33, 33, 33, 33, 33, 33, 33, 33, 33, 33, 33, 33, 33, 33, 33, 33, 33, 33, 33, 33, 33, 33, 33, 33, 33, 33, 33, 33, 33, 33, 33, 33, 33, 33, 33, 33, 33, 33, 33, 33, 33, 33, 33, 33, 33, 33, 33, 33, 33, 33, 33, 33, 33, 33, 33, 33, 33, 33, 33, 33, 33, 33, 33, 33, 33, 33, 33, 33, 33, 33, 33, 33, 33, 33, 33, 33, 33, 33, 33, 33, 33, 33, 33, 33, 33, 33, 33, 33, 33, 33, 33, 33, 33, 33, 33, 33, 33, 33, 33, 33, 33, 33, 33, 33, 33, 33, 33, 33, 33, 33, 33, 33, 33, 33, 33, 33, 33, 33, 33, 33, 33, 33, 33, 33, 33, 33, 33, 33, 33, 33, 33, 33, 33, 33, 33, 33, 33, 33, 33, 33, 33, 33, 33, 33, 33, 33, 33, 33, 33, 33, 33, 33, 33, 33, 33, 33, 33, 33, 33, 33, 33, 33, 33, 33, 33, 33, 33, 33, 33, 33, 33, 33, 33, 33, 33, 33, 33, 33, 33, 33, 33, 33, 33, 33, 33, 33, 33, 33, 33, 33, 33, 33, 33, 33, 33, 33, 33, 33, 33, 33, 33, 33, 33, 33, 33, 33, 33, 33, 33, 33, 33, 33, 33, 33, 33, 33, 33, 33, 33, 33, 33, 33, 33, 33, 33, 33, 33, 33, 33, 33, 33, 33, 33, 33, 33, 33, 33, 33, 33, 33, 33, 33, 33, 33, 33, 33, 33, 33, 33, 33, 33, 33, 33, 33, 33, 33, 33, 33, 33, 33, 33, 33, 33, 33, 33, 33, 33, 33, 33, 33, 33, 33, 33, 33, 33, 33, 33, 33, 33, 33, 33, 33, 33, 33, 33, 33, 33, 33, 33, 33, 33, 33, 33, 33, 33, 33, 33, 33, 33]",32.91534391534391,"[32.91710758377425, 32.91660367850844, 32.916351725875536, 32.91559586797682, 32.9148400100781, 32.91206853111615, 32.909297052154194, 32.91206853111615, 32.91383219954648, 32.91181657848325, 32.920886873267825, 32.91609977324263, 32.91559586797682, 32.91811539430587, 32.91660367850844, 32.91509196271101, 32.91131267321743, 32.91030486268581, 32.91887125220458, 32.920382968002016, 32.91887125220458, 32.915595867976826, 32.9148400100781, 32.917107583774246, 32.916351725875536, 32.91433610481229, 32.91937515747039, 32.91609977324263, 32.912572436381964, 32.91584782060973, 32.91433610481229, 32.912572436381964, 32.91307634164777, 32.91358024691358, 32.91156462585034, 32.91106072058453, 32.913328294280674, 32.91836734693877, 32.91484001007811, 32.91232048374905, 32.91559586797682, 32.912572436381964, 32.916855631141345, 32.91861929957168, 32.917359536407155, 32.91584782060973, 32.91609977324263, 32.9148400100781, 32.91433610481229, 32.91484001007811, 32.91156462585034, 32.91206853111615, 32.91206853111615, 32.91559586797682, 32.9148400100781, 32.91887125220459, 32.91660367850844, 32.920886873267825, 32.92315444696397, 32.91987906273621, 32.920382968002016, 32.91987906273621, 32.9196271101033, 32.91887125220458, 32.917107583774246, 32.9196271101033, 32.92063492063492, 32.92063492063492, 32.9196271101033, 32.9148400100781, 32.91559586797682, 32.91559586797682, 32.91811539430587, 32.92013101536911, 32.9193751574704, 32.91987906273621, 32.91912320483749, 32.92164273116654, 32.91887125220459, 32.921894683799444, 32.91710758377425, 32.9148400100781, 32.91710758377425, 32.91484001007811, 32.91660367850844, 32.916855631141345, 32.91358024691358, 32.913580246913575, 32.91257243638196, 32.9145880574452, 32.91509196271101, 32.916351725875536, 32.916351725875536, 32.9148400100781, 32.916351725875536, 32.91584782060973, 32.917359536407155, 32.91887125220458, 32.91887125220459, 32.91584782060973, 32.91609977324263, 32.91358024691358, 32.91534391534391, 32.916855631141345, 32.91861929957168, 32.91861929957168, 32.9196271101033, 32.91811539430587, 32.91861929957168, 32.916351725875536, 32.916855631141345, 32.91584782060973, 32.91484001007811, 32.91433610481229, 32.916855631141345, 32.91433610481229, 32.9148400100781, 32.9145880574452, 32.9145880574452, 32.913328294280674, 32.908289241622576, 32.91080876795163, 32.91080876795162, 32.91181657848324, 32.91055681531872, 32.913328294280674, 32.912824389014865, 32.91055681531872, 32.90980095742001, 32.91055681531872, 32.91156462585034, 32.91584782060973, 32.9145880574452, 32.912068531116155, 32.916351725875536, 32.91710758377425, 32.91660367850844, 32.917863441672964, 32.91861929957168, 32.9145880574452, 32.91509196271101, 32.91408415217939, 32.91156462585034, 32.90904509952129, 32.908541194255484, 32.908793146888385, 32.908037288989675, 32.90778533635676, 32.90753338372386, 32.90753338372386, 32.91005291005291, 32.91509196271101, 32.916855631141345, 32.91282438901487, 32.91408415217939, 32.9145880574452, 32.91131267321743, 32.912824389014865, 32.913328294280674, 32.912824389014865, 32.9148400100781, 32.9145880574452, 32.913076341647766, 32.91358024691358, 32.91609977324263, 32.91408415217939, 32.91509196271101, 32.91861929957168, 32.91887125220459, 32.916855631141345, 32.912824389014865, 32.90980095742, 32.91383219954648, 32.91559586797682, 32.916855631141345, 32.917107583774246, 32.917107583774246, 32.91887125220458, 32.916351725875536, 32.91433610481229, 32.9145880574452, 32.91408415217939, 32.91534391534392, 32.91358024691358, 32.91609977324263, 32.916351725875536, 32.916855631141345, 32.91861929957168, 32.91937515747039, 32.916351725875536, 32.913328294280674, 32.917107583774246, 32.91685563114134, 32.91408415217939, 32.91080876795162, 32.91106072058453, 32.91131267321744, 32.91408415217939, 32.91761148904006, 32.91433610481229, 32.91660367850844, 32.91584782060973, 32.91761148904006, 32.917611489040056, 32.91761148904006, 32.917359536407155, 32.91484001007811, 32.91509196271101, 32.91660367850844, 32.916855631141345, 32.91509196271101, 32.917359536407155, 32.9193751574704, 32.917359536407155, 32.91358024691358, 32.91307634164777, 32.91156462585034, 32.912824389014865, 32.91358024691358, 32.91358024691358, 32.909297052154194, 32.90728143109096, 32.90526581002772, 32.90375409423029, 32.904509952129, 32.904509952129004, 32.90400604686319, 32.90627362055933, 32.90652557319224, 32.90576971529352, 32.904257999496096, 32.90702947845805, 32.90904509952129, 32.91005291005291, 32.91257243638196, 32.91408415217939, 32.9145880574452, 32.91383219954648, 32.9143361048123, 32.912320483749056, 32.91484001007811, 32.91383219954648, 32.9148400100781, 32.91609977324263, 32.917359536407155, 32.91836734693877, 32.91861929957168, 32.92013101536911, 32.91861929957168, 32.91861929957168, 32.92013101536911, 32.92063492063492, 32.91861929957168, 32.91861929957168, 32.917863441672964, 32.91887125220459, 32.920634920634924, 32.9196271101033, 32.92315444696397, 32.921894683799444, 32.920886873267825, 32.920382968002016, 32.91912320483749, 32.916099773242635, 32.9145880574452, 32.9143361048123, 32.91484001007811, 32.912572436381964, 32.91534391534391, 32.916099773242635, 32.91559586797682, 32.91584782060973, 32.91710758377425, 32.91584782060973, 32.91584782060973, 32.91609977324263, 32.91761148904006, 32.916603678508444, 32.91559586797682, 32.916855631141345, 32.917863441672964, 32.91559586797682, 32.9193751574704, 32.91735953640716, 32.916855631141345, 32.917359536407155, 32.916855631141345, 32.917611489040056, 32.9193751574704, 32.91761148904006, 32.916855631141345, 32.916351725875536, 32.916351725875536, 32.916351725875536, 32.916855631141345, 32.91609977324263, 32.91761148904006, 32.917863441672964, 32.9196271101033, 32.92239858906525, 32.92315444696397, 32.921138825900734, 32.91987906273621, 32.91836734693877, 32.917863441672964, 32.917863441672964, 32.91861929957168, 32.91534391534392, 32.917863441672964, 32.91635172587553, 32.917863441672964, 32.91660367850844, 32.91887125220458, 32.917359536407155, 32.917359536407155, 32.917107583774246, 32.91861929957168, 32.91811539430587, 32.916351725875536, 32.91433610481229, 32.913076341647766, 32.91609977324263, 32.920382968002016, 32.92239858906526, 32.920634920634924, 32.92113882590073, 32.917863441672964, 32.91887125220459, 32.920634920634924, 32.920886873267825, 32.91811539430587, 32.91836734693878, 32.916855631141345, 32.916351725875536, 32.9145880574452, 32.91509196271101, 32.9145880574452, 32.91534391534392, 32.91735953640716, 32.91761148904006, 32.917359536407155, 32.91937515747039, 32.920634920634924, 32.91912320483749, 32.91811539430587, 32.91861929957168, 32.91912320483749, 32.920382968002016, 32.91710758377425, 32.917107583774246, 32.91534391534391, 32.913076341647766, 32.90980095742, 32.912320483749056, 32.91534391534392, 32.9143361048123, 32.913328294280674, 32.912320483749056, 32.909549004787095, 32.91030486268581, 32.912824389014865, 32.9095490047871, 32.91131267321744, 32.913328294280674, 32.91534391534391]",0.8394471552770416,0.8293980497481677,33,"[33, 33, 33, 33, 33, 33, 33, 33, 33, 33, 33, 33, 33, 33, 33, 33, 33, 33, 33, 33, 33, 33, 33, 33, 33, 33, 33, 33, 33, 33, 33, 33, 33, 33, 33, 33, 33, 33, 33, 33, 33, 33, 33, 33, 33, 33, 33, 33, 33, 33, 33, 33, 33, 33, 33, 33, 33, 33, 33, 33, 33, 33, 33, 33, 33, 33, 33, 33, 33, 33, 33, 33, 33, 33, 33, 33, 33, 33, 33, 33, 33, 33, 33, 33, 33, 33, 33, 33, 33, 33, 33, 33, 33, 33, 33, 33, 33, 33, 33, 33, 33, 33, 33, 33, 33, 33, 33, 33, 33, 33, 33, 33, 33, 33, 33, 33, 33, 33, 33, 33, 33, 33, 33, 33, 33, 33, 33, 33, 33, 33, 33, 33, 33, 33, 33, 33, 33, 33, 33, 33, 33, 33, 33, 33, 33, 33, 33, 33, 33, 33, 33, 33, 33, 33, 33, 33, 33, 33, 33, 33, 33, 33, 33, 33, 33, 33, 33, 33, 33, 33, 33, 33, 33, 33, 33, 33, 33, 33, 33, 33, 33, 33, 33, 33, 33, 33, 33, 33, 33, 33, 33, 33, 33, 33, 33, 33, 33, 33, 33, 33, 33, 33, 33, 33, 33, 33, 33, 33, 33, 33, 33, 33, 33, 33, 33, 33, 33, 33, 33, 33, 33, 33, 33, 33, 33, 33, 33, 33, 33, 33, 33, 33, 33, 33, 33, 33, 33, 33, 33, 33, 33, 33, 33, 33, 33, 33, 33, 33, 33, 33, 33, 33, 33, 33, 33, 33, 33, 33, 33, 33, 33, 33, 33, 33, 33, 33, 33, 33, 33, 33, 33, 33, 33, 33, 33, 33, 33, 33, 33, 33, 33, 33, 33, 33, 33, 33, 33, 33, 33, 33, 33, 33, 33, 33, 33, 33, 33, 33, 33, 33, 33, 33, 33, 33, 33, 33, 33, 33, 33, 33, 33, 33, 33, 33, 33, 33, 33, 33, 33, 33, 33, 33, 33, 33, 33, 33, 33, 33, 33, 33, 33, 33, 33, 33, 33, 33, 33, 33, 33, 33, 33, 33, 33, 33, 33, 33, 33, 33, 33, 33, 33, 33, 33, 33, 33, 33, 33, 33, 33, 33, 33, 33, 33, 33, 33]",365,"[0.46615782380104065, 0.4279312789440155, 0.4125173091888428, 0.40524670481681824, 0.4012555778026581, 0.3987693786621094, 0.39694321155548096, 0.3954457938671112, 0.39414823055267334, 0.39299502968788147, 0.39189228415489197, 0.390868216753006, 0.3899104595184326, 0.38899311423301697, 0.38811272382736206, 0.3872847855091095, 0.3864768147468567, 0.3857141137123108, 0.3849875330924988, 0.38428473472595215, 0.3836061358451843, 0.38296422362327576, 0.3823402523994446, 0.38173675537109375, 0.38116344809532166, 0.3806123435497284, 0.3800854980945587, 0.37957412004470825, 0.37908053398132324, 0.37860342860221863, 0.3781298100948334, 0.37767747044563293, 0.37724316120147705, 0.37681591510772705, 0.37640580534935, 0.37600481510162354, 0.3756260573863983, 0.37525221705436707, 0.37488365173339844, 0.3745257556438446, 0.37417522072792053, 0.3738396465778351, 0.3735058307647705, 0.37318307161331177, 0.37286388874053955, 0.3725595772266388, 0.3722556233406067, 0.3719620108604431, 0.3716806173324585, 0.3713957965373993, 0.3711124360561371, 0.3708459436893463, 0.3705710470676422, 0.3703092932701111, 0.37005722522735596, 0.36979052424430847, 0.3695497214794159, 0.3692944645881653, 0.36903926730155945, 0.36880698800086975, 0.36857178807258606, 0.368330180644989, 0.3680907189846039, 0.3678605258464813, 0.36762478947639465, 0.36739885807037354, 0.3671687841415405, 0.36695975065231323, 0.3667493164539337, 0.366536945104599, 0.36631885170936584, 0.36609551310539246, 0.3658851385116577, 0.36568301916122437, 0.3654710650444031, 0.36526885628700256, 0.36506903171539307, 0.36485397815704346, 0.3646547794342041, 0.3644505441188812, 0.36424586176872253, 0.3640457093715668, 0.36384114623069763, 0.36364156007766724, 0.36345455050468445, 0.3632568120956421, 0.3630613088607788, 0.36286473274230957, 0.362665057182312, 0.36246222257614136, 0.3622654974460602, 0.36207878589630127, 0.36187824606895447, 0.3616926670074463, 0.36149710416793823, 0.36129626631736755, 0.3611011803150177, 0.3609118163585663, 0.36072468757629395, 0.3605223000049591, 0.36035001277923584, 0.3601568639278412, 0.35996726155281067, 0.35977259278297424, 0.35959354043006897, 0.3593977391719818, 0.35921841859817505, 0.35902199149131775, 0.3588367700576782, 0.3586406409740448, 0.35846084356307983, 0.35826393961906433, 0.3580819070339203, 0.3579021096229553, 0.35770854353904724, 0.35752061009407043, 0.35733088850975037, 0.35714295506477356, 0.35697150230407715, 0.35678166151046753, 0.3565899729728699, 0.3564061224460602, 0.3562341332435608, 0.35604989528656006, 0.3558689057826996, 0.3556877076625824, 0.355510413646698, 0.3553217947483063, 0.3551398515701294, 0.3549584448337555, 0.35477328300476074, 0.3545776605606079, 0.3543719947338104, 0.3541862964630127, 0.35401251912117004, 0.3538353741168976, 0.3536527752876282, 0.3534713685512543, 0.35328373312950134, 0.3531048595905304, 0.35291287302970886, 0.35272926092147827, 0.35254600644111633, 0.35235732793807983, 0.3521907925605774, 0.35201171040534973, 0.3518378734588623, 0.3516559600830078, 0.35145992040634155, 0.3512759506702423, 0.3510919213294983, 0.3509116470813751, 0.3507258892059326, 0.35054242610931396, 0.35037434101104736, 0.35019272565841675, 0.35001060366630554, 0.3498202860355377, 0.3496380150318146, 0.3494423031806946, 0.3492574691772461, 0.3490804433822632, 0.3488965928554535, 0.3487178087234497, 0.34852898120880127, 0.3483372926712036, 0.34815746545791626, 0.3479803502559662, 0.34779036045074463, 0.3476044833660126, 0.34742385149002075, 0.34724143147468567, 0.34705257415771484, 0.34687283635139465, 0.3466891944408417, 0.34650424122810364, 0.34631624817848206, 0.3461366295814514, 0.34595853090286255, 0.34578028321266174, 0.34559792280197144, 0.34542393684387207, 0.3452330529689789, 0.3450554609298706, 0.34486284852027893, 0.3446735739707947, 0.3444989323616028, 0.3443267047405243, 0.3441435992717743, 0.3439498245716095, 0.3437599837779999, 0.34358006715774536, 0.3433871567249298, 0.3431907296180725, 0.34300944209098816, 0.34282028675079346, 0.34264370799064636, 0.34246066212654114, 0.3422764539718628, 0.3420881927013397, 0.34190231561660767, 0.34172549843788147, 0.34153860807418823, 0.3413366675376892, 0.3411482572555542, 0.340962678194046, 0.34076905250549316, 0.3405911326408386, 0.34040123224258423, 0.3402176797389984, 0.3400278091430664, 0.33983585238456726, 0.3396468758583069, 0.3394683003425598, 0.339284747838974, 0.339094877243042, 0.3389033377170563, 0.3386952579021454, 0.3385084867477417, 0.3383370339870453, 0.33812862634658813, 0.3379305899143219, 0.3377414643764496, 0.3375444710254669, 0.33735767006874084, 0.3371680974960327, 0.33698052167892456, 0.33679360151290894, 0.3366107940673828, 0.3364255130290985, 0.33624541759490967, 0.3360530734062195, 0.3358485698699951, 0.335654616355896, 0.33546170592308044, 0.3352620601654053, 0.3350606858730316, 0.33485686779022217, 0.3346613943576813, 0.3344564139842987, 0.33427634835243225, 0.334062397480011, 0.33386173844337463, 0.3336455225944519, 0.3334442377090454, 0.3332504332065582, 0.33305904269218445, 0.33285894989967346, 0.3326624929904938, 0.3324655592441559, 0.33227676153182983, 0.33205291628837585, 0.3318353593349457, 0.33163395524024963, 0.3314412832260132, 0.3312408924102783, 0.33102986216545105, 0.3308219015598297, 0.3306122124195099, 0.33040887117385864, 0.3301987051963806, 0.32999539375305176, 0.3297913372516632, 0.32957905530929565, 0.3293733298778534, 0.32916486263275146, 0.3289566934108734, 0.32874301075935364, 0.32852327823638916, 0.3283216059207916, 0.3281065821647644, 0.3278932571411133, 0.3276803195476532, 0.3274649381637573, 0.3272586762905121, 0.3270493447780609, 0.3268296420574188, 0.32661694288253784, 0.32639217376708984, 0.32618263363838196, 0.32596537470817566, 0.3257504999637604, 0.3255271911621094, 0.3253028988838196, 0.32508373260498047, 0.3248554468154907, 0.32462218403816223, 0.3244185745716095, 0.324183851480484, 0.32396313548088074, 0.32375121116638184, 0.32352927327156067, 0.3233013451099396, 0.3230675458908081, 0.32284295558929443, 0.32262200117111206, 0.32240134477615356, 0.32216233015060425, 0.3219209313392639, 0.32169342041015625, 0.3214612603187561, 0.32123279571533203, 0.3209993839263916, 0.3207615613937378, 0.32052984833717346, 0.3202938437461853, 0.3200685977935791, 0.31983208656311035, 0.31960296630859375, 0.31937870383262634, 0.3191310167312622, 0.31889164447784424, 0.31865179538726807, 0.3184017539024353, 0.3181643784046173, 0.3179225027561188, 0.31767556071281433, 0.31743666529655457, 0.31718188524246216, 0.31694045662879944, 0.3166939914226532, 0.3164452314376831, 0.3161931335926056, 0.31594187021255493, 0.3157031834125519, 0.3154619336128235, 0.3152150809764862, 0.3149663507938385, 0.31471750140190125, 0.31447362899780273, 0.3142229914665222, 0.31396257877349854, 0.31371358036994934, 0.3134657144546509, 0.3132171928882599, 0.3129504323005676, 0.3126944601535797, 0.3124464750289917, 0.3121967613697052, 0.311944842338562, 0.31168675422668457, 0.3114290237426758, 0.3111691176891327, 0.3109092712402344, 0.310650497674942, 0.31039050221443176, 0.3101273775100708, 0.30987536907196045, 0.3095967769622803, 0.3093276917934418, 0.3090684711933136, 0.30879637598991394, 0.30852848291397095, 0.3082687556743622, 0.3080046474933624, 0.30774155259132385, 0.3074643611907959, 0.307192862033844, 0.3069344460964203, 0.3066665232181549, 0.30639398097991943, 0.3061179220676422, 0.3058525025844574, 0.3055940866470337, 0.3053235709667206]",33.0,"[33.0, 33.0, 33.0, 33.0, 33.0, 33.0, 33.0, 33.0, 33.0, 33.0, 33.0, 33.0, 33.0, 33.0, 33.0, 33.0, 33.0, 33.0, 33.0, 33.0, 33.0, 33.0, 33.0, 33.0, 33.0, 33.0, 33.0, 33.0, 33.0, 33.0, 33.0, 33.0, 33.0, 33.0, 33.0, 33.0, 33.0, 33.0, 33.0, 33.0, 33.0, 33.0, 33.0, 33.0, 33.0, 33.0, 33.0, 33.0, 33.0, 33.0, 33.0, 33.0, 33.0, 33.0, 33.0, 33.0, 33.0, 33.0, 33.0, 33.0, 33.0, 33.0, 33.0, 33.0, 33.0, 33.0, 33.0, 33.0, 33.0, 33.0, 33.0, 33.0, 33.0, 33.0, 33.0, 33.0, 33.0, 33.0, 33.0, 33.0, 33.0, 33.0, 33.0, 33.0, 33.0, 33.0, 33.0, 33.0, 33.0, 33.0, 33.0, 33.0, 33.0, 33.0, 33.0, 33.0, 33.0, 33.0, 33.0, 33.0, 33.0, 33.0, 33.0, 33.0, 33.0, 33.0, 33.0, 33.0, 33.0, 33.0, 33.0, 33.0, 33.0, 33.0, 33.0, 33.0, 33.0, 33.0, 33.0, 33.0, 33.0, 33.0, 33.0, 33.0, 33.0, 33.0, 33.0, 33.0, 33.0, 33.0, 33.0, 33.0, 33.0, 33.0, 33.0, 33.0, 33.0, 33.0, 33.0, 33.0, 33.0, 33.0, 33.0, 33.0, 33.0, 33.0, 33.0, 33.0, 33.0, 33.0, 33.0, 33.0, 33.0, 33.0, 33.0, 33.0, 33.0, 33.0, 33.0, 33.0, 33.0, 33.0, 33.0, 33.0, 33.0, 33.0, 33.0, 33.0, 33.0, 33.0, 33.0, 33.0, 33.0, 33.0, 33.0, 33.0, 33.0, 33.0, 33.0, 33.0, 33.0, 33.0, 33.0, 33.0, 33.0, 33.0, 33.0, 33.0, 33.0, 33.0, 33.0, 33.0, 33.0, 33.0, 33.0, 33.0, 33.0, 33.0, 33.0, 33.0, 33.0, 33.0, 33.0, 33.0, 33.0, 33.0, 33.0, 33.0, 33.0, 33.0, 33.0, 33.0, 33.0, 33.0, 33.0, 33.0, 33.0, 33.0, 33.0, 33.0, 33.0, 33.0, 33.0, 33.0, 33.0, 33.0, 33.0, 33.0, 33.0, 33.0, 33.0, 33.0, 33.0, 33.0, 33.0, 33.0, 33.0, 33.0, 33.0, 33.0, 33.0, 33.0, 33.0, 33.0, 33.0, 33.0, 33.0, 33.0, 33.0, 33.0, 33.0, 33.0, 33.0, 33.0, 33.0, 33.0, 33.0, 33.0, 33.0, 33.0, 33.0, 33.0, 33.0, 33.0, 33.0, 33.0, 33.0, 33.0, 33.0, 33.0, 33.0, 33.0, 33.0, 33.0, 33.0, 33.0, 33.0, 33.0, 33.0, 33.0, 33.0, 33.0, 33.0, 33.0, 33.0, 33.0, 33.0, 33.0, 33.0, 33.0, 33.0, 33.0, 33.0, 33.0, 33.0, 33.0, 33.0, 33.0, 33.0, 33.0, 33.0, 33.0, 33.0, 33.0, 33.0, 33.0, 33.0, 33.0, 33.0, 33.0, 33.0, 33.0, 33.0, 33.0, 33.0, 33.0, 33.0, 33.0, 33.0, 33.0, 33.0, 33.0, 33.0, 33.0, 33.0, 33.0, 33.0, 33.0, 33.0, 33.0, 33.0, 33.0, 33.0, 33.0, 33.0, 33.0, 33.0, 33.0, 33.0, 33.0, 33.0, 33.0, 33.0, 33.0, 33.0, 33.0, 33.0, 33.0, 33.0, 33.0, 33.0, 33.0, 33.0, 33.0, 33.0, 33.0, 33.0, 33.0, 33.0, 33.0, 33.0, 33.0, 33.0, 33.0, 33.0]",COMPLETE
