,number,value,datetime_start,datetime_complete,duration,params_batch_size_scaler,params_constant_learning_rate,params_depth,params_epochs,params_kernel_l2,params_num_trees,params_temperature,user_attrs_accuracy_test,user_attrs_accuracy_valid,user_attrs_approximate_feature_sparsity,user_attrs_approximate_feature_sparsity_history,user_attrs_approximate_weight_sparsity,user_attrs_approximate_weight_sparsity_history,user_attrs_auc_test,user_attrs_auc_valid,user_attrs_feature_sparsity,user_attrs_feature_sparsity_history,user_attrs_num_epochs,user_attrs_val_loss_history,user_attrs_weight_sparsity,user_attrs_weight_sparsity_history,state
81,81,0.5,2024-08-31 04:41:23.320466,2024-08-31 04:42:22.510246,0 days 00:00:59.189780,64,1.183471329398289,4,455,0.0017687078386351219,64,0.021923387331113157,0.859,0.85875,0,"[33, 33, 33, 0, 0, 0, 0, 0, 0, 0, 0, 0, 0, 0, 0, 0, 0, 0, 0, 0, 0, 0, 0, 0, 0, 0, 0, 0, 0, 0, 0, 0, 0, 0, 0, 0, 0, 0, 0, 0, 0, 0, 0, 0, 0, 0, 0, 0, 0, 0, 0, 0, 0, 0, 0, 0, 0, 0, 0, 0, 0, 0, 0, 0, 0, 0, 0, 0, 0, 0, 0, 0, 0, 0, 0, 0, 0, 0, 0, 0, 0, 0, 0, 0, 0, 0, 0, 0, 0, 0, 0, 0, 0, 0, 0, 0, 0, 0, 0, 0, 0, 0, 0, 0, 0, 0, 0, 0, 0, 0, 0, 0, 0, 0, 0, 0, 0, 0, 0, 0, 0, 0, 0, 0, 0, 0, 0, 0, 0, 0, 0, 0, 0, 0, 0, 0, 0, 0, 0, 0, 0, 0, 0, 0, 0, 0, 0, 0, 0, 0, 0, 0, 0, 0, 0, 0, 0, 0, 0, 0, 0, 0, 0, 0, 0, 0, 0, 0, 0, 0, 0, 0, 0, 0, 0, 0, 0, 0, 0, 0, 0, 0, 0, 0, 0, 0, 0, 0, 0, 0, 0, 0, 0, 0, 0, 0, 0, 0, 0, 0, 0, 0, 0, 0, 0, 0, 0, 0, 0, 0, 0, 0, 0, 0, 0, 0, 0, 0, 0, 0, 0, 0, 0, 0, 0, 0, 0, 0, 0, 0, 0, 0, 0, 0, 0, 0, 0, 0, 0, 0, 0, 0, 0, 0, 0, 0, 0, 0, 0, 0, 0, 0, 0, 0, 0, 0, 0, 0, 0, 0, 0, 0, 0, 0, 0, 0, 0, 0, 0, 0, 0, 0, 0, 0, 0, 0, 0, 0, 0, 0, 0, 0, 0, 0, 0, 0, 0, 0, 0, 0, 0, 0, 0, 0, 0, 0, 0, 0, 0, 0, 0, 0, 0, 0, 0, 0, 0, 0, 0, 0, 0, 0, 0, 0, 0, 0, 0, 0, 0, 0, 0, 0, 0, 0, 0, 0, 0, 0, 0, 0, 0, 0, 0, 0, 0, 0, 0, 0, 0, 0, 0, 0, 0, 0, 0, 0, 0, 0, 0, 0, 0, 0, 0, 0, 0, 0, 0, 0, 0, 0, 0, 0, 0, 0, 0, 0, 0, 0, 0, 0, 0, 0, 0, 0, 0, 0, 0, 0, 0, 0, 0, 0, 0, 0, 0, 0, 0, 0, 0, 0, 0, 0, 0, 0, 0, 0, 0, 0, 0, 0, 0, 0, 0, 0, 0, 0, 0, 0, 0, 0, 0, 0, 0, 0, 0, 0, 0, 0, 0, 0, 0, 0, 0, 0, 0, 0, 0, 0, 0, 0, 0, 0, 0, 0, 0, 0, 0, 0, 0, 0, 0, 0, 0, 0, 0, 0, 0, 0, 0, 0, 0, 0, 0, 0, 0]",0.0,"[32.965625, 32.963541666666664, 32.95104166666667, 0.0, 0.0, 0.0, 0.0, 0.0, 0.0, 0.0, 0.0, 0.0, 0.0, 0.0, 0.0, 0.0, 0.0, 0.0, 0.0, 0.0, 0.0, 0.0, 0.0, 0.0, 0.0, 0.0, 0.0, 0.0, 0.0, 0.0, 0.0, 0.0, 0.0, 0.0, 0.0, 0.0, 0.0, 0.0, 0.0, 0.0, 0.0, 0.0, 0.0, 0.0, 0.0, 0.0, 0.0, 0.0, 0.0, 0.0, 0.0, 0.0, 0.0, 0.0, 0.0, 0.0, 0.0, 0.0, 0.0, 0.0, 0.0, 0.0, 0.0, 0.0, 0.0, 0.0, 0.0, 0.0, 0.0, 0.0, 0.0, 0.0, 0.0, 0.0, 0.0, 0.0, 0.0, 0.0, 0.0, 0.0, 0.0, 0.0, 0.0, 0.0, 0.0, 0.0, 0.0, 0.0, 0.0, 0.0, 0.0, 0.0, 0.0, 0.0, 0.0, 0.0, 0.0, 0.0, 0.0, 0.0, 0.0, 0.0, 0.0, 0.0, 0.0, 0.0, 0.0, 0.0, 0.0, 0.0, 0.0, 0.0, 0.0, 0.0, 0.0, 0.0, 0.0, 0.0, 0.0, 0.0, 0.0, 0.0, 0.0, 0.0, 0.0, 0.0, 0.0, 0.0, 0.0, 0.0, 0.0, 0.0, 0.0, 0.0, 0.0, 0.0, 0.0, 0.0, 0.0, 0.0, 0.0, 0.0, 0.0, 0.0, 0.0, 0.0, 0.0, 0.0, 0.0, 0.0, 0.0, 0.0, 0.0, 0.0, 0.0, 0.0, 0.0, 0.0, 0.0, 0.0, 0.0, 0.0, 0.0, 0.0, 0.0, 0.0, 0.0, 0.0, 0.0, 0.0, 0.0, 0.0, 0.0, 0.0, 0.0, 0.0, 0.0, 0.0, 0.0, 0.0, 0.0, 0.0, 0.0, 0.0, 0.0, 0.0, 0.0, 0.0, 0.0, 0.0, 0.0, 0.0, 0.0, 0.0, 0.0, 0.0, 0.0, 0.0, 0.0, 0.0, 0.0, 0.0, 0.0, 0.0, 0.0, 0.0, 0.0, 0.0, 0.0, 0.0, 0.0, 0.0, 0.0, 0.0, 0.0, 0.0, 0.0, 0.0, 0.0, 0.0, 0.0, 0.0, 0.0, 0.0, 0.0, 0.0, 0.0, 0.0, 0.0, 0.0, 0.0, 0.0, 0.0, 0.0, 0.0, 0.0, 0.0, 0.0, 0.0, 0.0, 0.0, 0.0, 0.0, 0.0, 0.0, 0.0, 0.0, 0.0, 0.0, 0.0, 0.0, 0.0, 0.0, 0.0, 0.0, 0.0, 0.0, 0.0, 0.0, 0.0, 0.0, 0.0, 0.0, 0.0, 0.0, 0.0, 0.0, 0.0, 0.0, 0.0, 0.0, 0.0, 0.0, 0.0, 0.0, 0.0, 0.0, 0.0, 0.0, 0.0, 0.0, 0.0, 0.0, 0.0, 0.0, 0.0, 0.0, 0.0, 0.0, 0.0, 0.0, 0.0, 0.0, 0.0, 0.0, 0.0, 0.0, 0.0, 0.0, 0.0, 0.0, 0.0, 0.0, 0.0, 0.0, 0.0, 0.0, 0.0, 0.0, 0.0, 0.0, 0.0, 0.0, 0.0, 0.0, 0.0, 0.0, 0.0, 0.0, 0.0, 0.0, 0.0, 0.0, 0.0, 0.0, 0.0, 0.0, 0.0, 0.0, 0.0, 0.0, 0.0, 0.0, 0.0, 0.0, 0.0, 0.0, 0.0, 0.0, 0.0, 0.0, 0.0, 0.0, 0.0, 0.0, 0.0, 0.0, 0.0, 0.0, 0.0, 0.0, 0.0, 0.0, 0.0, 0.0, 0.0, 0.0, 0.0, 0.0, 0.0, 0.0, 0.0, 0.0, 0.0, 0.0, 0.0, 0.0, 0.0, 0.0, 0.0, 0.0, 0.0, 0.0, 0.0, 0.0, 0.0, 0.0, 0.0, 0.0, 0.0, 0.0, 0.0, 0.0, 0.0, 0.0, 0.0, 0.0, 0.0, 0.0, 0.0, 0.0, 0.0, 0.0, 0.0, 0.0, 0.0, 0.0, 0.0, 0.0, 0.0, 0.0, 0.0, 0.0, 0.0, 0.0, 0.0, 0.0, 0.0, 0.0, 0.0, 0.0, 0.0, 0.0, 0.0, 0.0, 0.0, 0.0, 0.0, 0.0, 0.0, 0.0, 0.0, 0.0, 0.0, 0.0, 0.0, 0.0, 0.0, 0.0, 0.0, 0.0, 0.0, 0.0, 0.0, 0.0, 0.0, 0.0, 0.0, 0.0, 0.0, 0.0, 0.0, 0.0, 0.0, 0.0, 0.0, 0.0, 0.0, 0.0, 0.0, 0.0, 0.0, 0.0, 0.0, 0.0]",0.5,0.5,0,"[33, 33, 33, 0, 0, 0, 0, 0, 0, 0, 0, 0, 0, 0, 0, 0, 0, 0, 0, 0, 0, 0, 0, 0, 0, 0, 0, 0, 0, 0, 0, 0, 0, 0, 0, 0, 0, 0, 0, 0, 0, 0, 0, 0, 0, 0, 0, 0, 0, 0, 0, 0, 0, 0, 0, 0, 0, 0, 0, 0, 0, 0, 0, 0, 0, 0, 0, 0, 0, 0, 0, 0, 0, 0, 0, 0, 0, 0, 0, 0, 0, 0, 0, 0, 0, 0, 0, 0, 0, 0, 0, 0, 0, 0, 0, 0, 0, 0, 0, 0, 0, 0, 0, 0, 0, 0, 0, 0, 0, 0, 0, 0, 0, 0, 0, 0, 0, 0, 0, 0, 0, 0, 0, 0, 0, 0, 0, 0, 0, 0, 0, 0, 0, 0, 0, 0, 0, 0, 0, 0, 0, 0, 0, 0, 0, 0, 0, 0, 0, 0, 0, 0, 0, 0, 0, 0, 0, 0, 0, 0, 0, 0, 0, 0, 0, 0, 0, 0, 0, 0, 0, 0, 0, 0, 0, 0, 0, 0, 0, 0, 0, 0, 0, 0, 0, 0, 0, 0, 0, 0, 0, 0, 0, 0, 0, 0, 0, 0, 0, 0, 0, 0, 0, 0, 0, 0, 0, 0, 0, 0, 0, 0, 0, 0, 0, 0, 0, 0, 0, 0, 0, 0, 0, 0, 0, 0, 0, 0, 0, 0, 0, 0, 0, 0, 0, 0, 0, 0, 0, 0, 0, 0, 0, 0, 0, 0, 0, 0, 0, 0, 0, 0, 0, 0, 0, 0, 0, 0, 0, 0, 0, 0, 0, 0, 0, 0, 0, 0, 0, 0, 0, 0, 0, 0, 0, 0, 0, 0, 0, 0, 0, 0, 0, 0, 0, 0, 0, 0, 0, 0, 0, 0, 0, 0, 0, 0, 0, 0, 0, 0, 0, 0, 0, 0, 0, 0, 0, 0, 0, 0, 0, 0, 0, 0, 0, 0, 0, 0, 0, 0, 0, 0, 0, 0, 0, 0, 0, 0, 0, 0, 0, 0, 0, 0, 0, 0, 0, 0, 0, 0, 0, 0, 0, 0, 0, 0, 0, 0, 0, 0, 0, 0, 0, 0, 0, 0, 0, 0, 0, 0, 0, 0, 0, 0, 0, 0, 0, 0, 0, 0, 0, 0, 0, 0, 0, 0, 0, 0, 0, 0, 0, 0, 0, 0, 0, 0, 0, 0, 0, 0, 0, 0, 0, 0, 0, 0, 0, 0, 0, 0, 0, 0, 0, 0, 0, 0, 0, 0, 0, 0, 0, 0, 0, 0, 0, 0, 0, 0, 0, 0, 0, 0, 0, 0, 0, 0, 0, 0, 0, 0, 0, 0, 0, 0, 0, 0, 0, 0, 0, 0, 0, 0, 0, 0, 0, 0, 0, 0, 0, 0, 0, 0, 0, 0, 0]",455,"[0.39568841457366943, 0.38905251026153564, 0.4168141186237335, 0.4073668420314789, 0.4126368761062622, 0.40837913751602173, 0.40899956226348877, 0.4084605276584625, 0.41016682982444763, 0.41263067722320557, 0.40852105617523193, 0.40856337547302246, 0.40772637724876404, 0.4099542200565338, 0.408579021692276, 0.4093262553215027, 0.4082716405391693, 0.40740036964416504, 0.40870925784111023, 0.4091719686985016, 0.40986916422843933, 0.4075247049331665, 0.4072377681732178, 0.4073629081249237, 0.40762245655059814, 0.4136905372142792, 0.41280415654182434, 0.4272707402706146, 0.4104994237422943, 0.41084980964660645, 0.4101544916629791, 0.40802937746047974, 0.40927258133888245, 0.41080185770988464, 0.40751609206199646, 0.4075722098350525, 0.4123634994029999, 0.4075271487236023, 0.41363269090652466, 0.4151748716831207, 0.41023388504981995, 0.4089302718639374, 0.41009771823883057, 0.4089498519897461, 0.4277811348438263, 0.407275915145874, 0.40881240367889404, 0.4202180504798889, 0.4099036455154419, 0.41024458408355713, 0.4239445626735687, 0.40911269187927246, 0.4081116020679474, 0.40749427676200867, 0.40725457668304443, 0.4221527874469757, 0.4075354039669037, 0.4075843095779419, 0.4072309136390686, 0.4075479507446289, 0.4076964557170868, 0.4104926288127899, 0.4072769284248352, 0.4136526584625244, 0.41518813371658325, 0.4165145456790924, 0.4205457270145416, 0.407587468624115, 0.4078153371810913, 0.4076264202594757, 0.41074755787849426, 0.41267532110214233, 0.4316410720348358, 0.4231224060058594, 0.40749627351760864, 0.41361960768699646, 0.4101463556289673, 0.41493743658065796, 0.4076310396194458, 0.4146903157234192, 0.40726402401924133, 0.4402201771736145, 0.4312593340873718, 0.41689836978912354, 0.4072323143482208, 0.41229531168937683, 0.41349220275878906, 0.40922871232032776, 0.4098931849002838, 0.40722641348838806, 0.41239112615585327, 0.4124375879764557, 0.4084581136703491, 0.4105359613895416, 0.4269773066043854, 0.4582439363002777, 0.40749892592430115, 0.4072316884994507, 0.40843719244003296, 0.41003578901290894, 0.4074743986129761, 0.4085615575313568, 0.40724101662635803, 0.40840452909469604, 0.4119991958141327, 0.42682936787605286, 0.4108492136001587, 0.40826836228370667, 0.40732941031455994, 0.40773990750312805, 0.4075932204723358, 0.410137414932251, 0.41617122292518616, 0.4215162694454193, 0.4169260263442993, 0.4196760058403015, 0.40842655301094055, 0.4072263240814209, 0.41054123640060425, 0.41313180327415466, 0.41276395320892334, 0.4110034108161926, 0.4133777618408203, 0.40766075253486633, 0.4106810390949249, 0.4106152355670929, 0.40890437364578247, 0.41268664598464966, 0.40750521421432495, 0.4235965609550476, 0.4084727168083191, 0.40733277797698975, 0.40772515535354614, 0.41050851345062256, 0.4086782932281494, 0.4074755012989044, 0.4106210470199585, 0.4085327386856079, 0.40885093808174133, 0.4091850519180298, 0.4072277545928955, 0.41255342960357666, 0.407450795173645, 0.41570305824279785, 0.4079405963420868, 0.4072555899620056, 0.41684913635253906, 0.4072660803794861, 0.4084712862968445, 0.41248419880867004, 0.4104515016078949, 0.4075716733932495, 0.41354453563690186, 0.4158395528793335, 0.4074631631374359, 0.40781325101852417, 0.41021597385406494, 0.4092264473438263, 0.4100292921066284, 0.4108908772468567, 0.41273993253707886, 0.4075624942779541, 0.40835079550743103, 0.41639769077301025, 0.41048920154571533, 0.408794641494751, 0.40743598341941833, 0.4084823727607727, 0.40750664472579956, 0.4089353084564209, 0.43072909116744995, 0.42446643114089966, 0.41690176725387573, 0.4109542965888977, 0.40731197595596313, 0.4413595497608185, 0.4075080156326294, 0.4098976254463196, 0.4130244553089142, 0.4087708294391632, 0.4106352627277374, 0.41364461183547974, 0.4072283208370209, 0.4104185998439789, 0.40722617506980896, 0.4077078104019165, 0.40882065892219543, 0.40722811222076416, 0.40723785758018494, 0.41062384843826294, 0.41847676038742065, 0.4077266752719879, 0.42183858156204224, 0.413684606552124, 0.4074050188064575, 0.407621830701828, 0.4268379211425781, 0.40926262736320496, 0.4085887670516968, 0.41021254658699036, 0.4124859869480133, 0.4155876040458679, 0.41663193702697754, 0.40724167227745056, 0.41490256786346436, 0.4171208143234253, 0.41476547718048096, 0.40838950872421265, 0.41074806451797485, 0.4075813293457031, 0.4103739857673645, 0.42169249057769775, 0.4072478413581848, 0.40751731395721436, 0.41033461689949036, 0.4473446011543274, 0.41473838686943054, 0.41246485710144043, 0.41029366850852966, 0.4148152470588684, 0.4075475335121155, 0.40732139348983765, 0.4326503872871399, 0.4072277545928955, 0.4133715331554413, 0.40768226981163025, 0.4080064296722412, 0.40770280361175537, 0.4206165075302124, 0.4114289879798889, 0.412695974111557, 0.4072430729866028, 0.4132189154624939, 0.4123196303844452, 0.4076490104198456, 0.41338911652565, 0.4277184307575226, 0.4310339391231537, 0.41202643513679504, 0.40746593475341797, 0.4084639847278595, 0.4213095009326935, 0.4126807451248169, 0.4091434180736542, 0.4216860234737396, 0.40893158316612244, 0.4168761372566223, 0.4103032648563385, 0.40724506974220276, 0.42198219895362854, 0.4078628420829773, 0.4096447825431824, 0.4073965549468994, 0.420958012342453, 0.41005951166152954, 0.40849635004997253, 0.4128826856613159, 0.4072505235671997, 0.40766823291778564, 0.41031724214553833, 0.41029107570648193, 0.41485852003097534, 0.41254401206970215, 0.41369616985321045, 0.4074682593345642, 0.4110558331012726, 0.41923317313194275, 0.40788012742996216, 0.4079820215702057, 0.40769141912460327, 0.42688998579978943, 0.4131980240345001, 0.4075344204902649, 0.40772223472595215, 0.4087018072605133, 0.4095994532108307, 0.4072330594062805, 0.4101291000843048, 0.4094509780406952, 0.4100208282470703, 0.4172805845737457, 0.40763404965400696, 0.410005658864975, 0.4109041094779968, 0.41268593072891235, 0.40779778361320496, 0.4128982424736023, 0.4199758768081665, 0.4104853868484497, 0.412767231464386, 0.4108310043811798, 0.41349807381629944, 0.407296359539032, 0.40723660588264465, 0.4216574430465698, 0.4249858558177948, 0.4085172712802887, 0.4109790027141571, 0.4072321355342865, 0.4075939953327179, 0.42215782403945923, 0.4276480972766876, 0.4096073806285858, 0.40722835063934326, 0.40738770365715027, 0.42675355076789856, 0.43253323435783386, 0.42089539766311646, 0.40768641233444214, 0.40836167335510254, 0.4096725583076477, 0.4233010411262512, 0.4074398875236511, 0.42163580656051636, 0.40722671151161194, 0.4076434373855591, 0.4124772548675537, 0.41738587617874146, 0.41043761372566223, 0.4219372570514679, 0.4076228737831116, 0.4096486568450928, 0.4205319285392761, 0.4207789897918701, 0.4072261154651642, 0.41683539748191833, 0.41027408838272095, 0.4076508581638336, 0.4075671434402466, 0.41058585047721863, 0.41570019721984863, 0.41218748688697815, 0.40722644329071045, 0.41075974702835083, 0.4077744781970978, 0.4077262878417969, 0.43375205993652344, 0.40760529041290283, 0.4088398814201355, 0.4106680154800415, 0.40937721729278564, 0.4151323735713959, 0.40723341703414917, 0.4129514992237091, 0.40764930844306946, 0.4203494191169739, 0.4075687527656555, 0.41333121061325073, 0.4081903100013733, 0.4073076546192169, 0.4075216054916382, 0.42120644450187683, 0.4158479571342468, 0.40872493386268616, 0.41382500529289246, 0.41028472781181335, 0.4088152348995209, 0.4102434515953064, 0.40759143233299255, 0.40881019830703735, 0.410919725894928, 0.41017889976501465, 0.40722617506980896, 0.41053375601768494, 0.413837194442749, 0.40897393226623535, 0.40925881266593933, 0.41076910495758057, 0.4072338342666626, 0.41056275367736816, 0.42681884765625, 0.41333991289138794, 0.40770745277404785, 0.4124894440174103, 0.41028618812561035, 0.4088008999824524, 0.4321005642414093, 0.41739532351493835, 0.4074607193470001, 0.40757033228874207, 0.40726685523986816, 0.44146355986595154, 0.4099412262439728, 0.40890881419181824, 0.42193153500556946, 0.410124272108078, 0.41632530093193054, 0.4072587192058563, 0.4109804630279541, 0.40757331252098083, 0.41275665163993835, 0.4215695261955261, 0.4117978811264038, 0.4181256890296936, 0.408946692943573, 0.4076184332370758, 0.42709052562713623, 0.4119190275669098, 0.41444045305252075, 0.4074820578098297, 0.41028013825416565, 0.43769150972366333, 0.41260939836502075, 0.4150817096233368, 0.40849030017852783, 0.4156457483768463, 0.40886950492858887, 0.4136441946029663, 0.4075082540512085, 0.41352903842926025, 0.40746045112609863, 0.4084036648273468, 0.41372615098953247, 0.4704291522502899, 0.4180637300014496, 0.4090026617050171, 0.4072268605232239, 0.4096134901046753, 0.4088110327720642, 0.41236212849617004, 0.40849968791007996, 0.40739500522613525, 0.4187808334827423, 0.4250928461551666, 0.40862223505973816, 0.4072287380695343, 0.415559321641922, 0.4129219055175781, 0.43381592631340027, 0.4257626235485077, 0.4074975550174713, 0.4075569808483124, 0.40723925828933716, 0.40761032700538635, 0.40800151228904724, 0.41514700651168823, 0.4137178659439087, 0.41057953238487244, 0.40822726488113403, 0.41215676069259644, 0.40765923261642456, 0.4149547219276428, 0.44244012236595154, 0.41364312171936035, 0.409871906042099, 0.4072263836860657, 0.40844032168388367, 0.42740851640701294, 0.4103274941444397, 0.41072189807891846, 0.40723076462745667, 0.40722817182540894, 0.40828418731689453, 0.41973158717155457, 0.4085886478424072]",0.0,"[33.0, 33.0, 33.0, 0.0, 0.0, 0.0, 0.0, 0.0, 0.0, 0.0, 0.0, 0.0, 0.0, 0.0, 0.0, 0.0, 0.0, 0.0, 0.0, 0.0, 0.0, 0.0, 0.0, 0.0, 0.0, 0.0, 0.0, 0.0, 0.0, 0.0, 0.0, 0.0, 0.0, 0.0, 0.0, 0.0, 0.0, 0.0, 0.0, 0.0, 0.0, 0.0, 0.0, 0.0, 0.0, 0.0, 0.0, 0.0, 0.0, 0.0, 0.0, 0.0, 0.0, 0.0, 0.0, 0.0, 0.0, 0.0, 0.0, 0.0, 0.0, 0.0, 0.0, 0.0, 0.0, 0.0, 0.0, 0.0, 0.0, 0.0, 0.0, 0.0, 0.0, 0.0, 0.0, 0.0, 0.0, 0.0, 0.0, 0.0, 0.0, 0.0, 0.0, 0.0, 0.0, 0.0, 0.0, 0.0, 0.0, 0.0, 0.0, 0.0, 0.0, 0.0, 0.0, 0.0, 0.0, 0.0, 0.0, 0.0, 0.0, 0.0, 0.0, 0.0, 0.0, 0.0, 0.0, 0.0, 0.0, 0.0, 0.0, 0.0, 0.0, 0.0, 0.0, 0.0, 0.0, 0.0, 0.0, 0.0, 0.0, 0.0, 0.0, 0.0, 0.0, 0.0, 0.0, 0.0, 0.0, 0.0, 0.0, 0.0, 0.0, 0.0, 0.0, 0.0, 0.0, 0.0, 0.0, 0.0, 0.0, 0.0, 0.0, 0.0, 0.0, 0.0, 0.0, 0.0, 0.0, 0.0, 0.0, 0.0, 0.0, 0.0, 0.0, 0.0, 0.0, 0.0, 0.0, 0.0, 0.0, 0.0, 0.0, 0.0, 0.0, 0.0, 0.0, 0.0, 0.0, 0.0, 0.0, 0.0, 0.0, 0.0, 0.0, 0.0, 0.0, 0.0, 0.0, 0.0, 0.0, 0.0, 0.0, 0.0, 0.0, 0.0, 0.0, 0.0, 0.0, 0.0, 0.0, 0.0, 0.0, 0.0, 0.0, 0.0, 0.0, 0.0, 0.0, 0.0, 0.0, 0.0, 0.0, 0.0, 0.0, 0.0, 0.0, 0.0, 0.0, 0.0, 0.0, 0.0, 0.0, 0.0, 0.0, 0.0, 0.0, 0.0, 0.0, 0.0, 0.0, 0.0, 0.0, 0.0, 0.0, 0.0, 0.0, 0.0, 0.0, 0.0, 0.0, 0.0, 0.0, 0.0, 0.0, 0.0, 0.0, 0.0, 0.0, 0.0, 0.0, 0.0, 0.0, 0.0, 0.0, 0.0, 0.0, 0.0, 0.0, 0.0, 0.0, 0.0, 0.0, 0.0, 0.0, 0.0, 0.0, 0.0, 0.0, 0.0, 0.0, 0.0, 0.0, 0.0, 0.0, 0.0, 0.0, 0.0, 0.0, 0.0, 0.0, 0.0, 0.0, 0.0, 0.0, 0.0, 0.0, 0.0, 0.0, 0.0, 0.0, 0.0, 0.0, 0.0, 0.0, 0.0, 0.0, 0.0, 0.0, 0.0, 0.0, 0.0, 0.0, 0.0, 0.0, 0.0, 0.0, 0.0, 0.0, 0.0, 0.0, 0.0, 0.0, 0.0, 0.0, 0.0, 0.0, 0.0, 0.0, 0.0, 0.0, 0.0, 0.0, 0.0, 0.0, 0.0, 0.0, 0.0, 0.0, 0.0, 0.0, 0.0, 0.0, 0.0, 0.0, 0.0, 0.0, 0.0, 0.0, 0.0, 0.0, 0.0, 0.0, 0.0, 0.0, 0.0, 0.0, 0.0, 0.0, 0.0, 0.0, 0.0, 0.0, 0.0, 0.0, 0.0, 0.0, 0.0, 0.0, 0.0, 0.0, 0.0, 0.0, 0.0, 0.0, 0.0, 0.0, 0.0, 0.0, 0.0, 0.0, 0.0, 0.0, 0.0, 0.0, 0.0, 0.0, 0.0, 0.0, 0.0, 0.0, 0.0, 0.0, 0.0, 0.0, 0.0, 0.0, 0.0, 0.0, 0.0, 0.0, 0.0, 0.0, 0.0, 0.0, 0.0, 0.0, 0.0, 0.0, 0.0, 0.0, 0.0, 0.0, 0.0, 0.0, 0.0, 0.0, 0.0, 0.0, 0.0, 0.0, 0.0, 0.0, 0.0, 0.0, 0.0, 0.0, 0.0, 0.0, 0.0, 0.0, 0.0, 0.0, 0.0, 0.0, 0.0, 0.0, 0.0, 0.0, 0.0, 0.0, 0.0, 0.0, 0.0, 0.0, 0.0, 0.0, 0.0, 0.0, 0.0, 0.0, 0.0, 0.0, 0.0, 0.0, 0.0, 0.0, 0.0, 0.0, 0.0, 0.0, 0.0, 0.0, 0.0, 0.0, 0.0, 0.0, 0.0, 0.0, 0.0, 0.0, 0.0, 0.0, 0.0, 0.0]",COMPLETE
