,number,value,datetime_start,datetime_complete,duration,params_batch_size_scaler,params_constant_learning_rate,params_depth,params_epochs,params_kernel_l2,params_num_trees,params_temperature,user_attrs_accuracy_test,user_attrs_accuracy_valid,user_attrs_approximate_feature_sparsity,user_attrs_approximate_feature_sparsity_history,user_attrs_approximate_weight_sparsity,user_attrs_approximate_weight_sparsity_history,user_attrs_auc_test,user_attrs_auc_valid,user_attrs_feature_sparsity,user_attrs_feature_sparsity_history,user_attrs_num_epochs,user_attrs_val_loss_history,user_attrs_weight_sparsity,user_attrs_weight_sparsity_history,state
4,4,0.9014311293168966,2024-08-31 00:36:18.570599,2024-08-31 00:42:26.688210,0 days 00:06:08.117611,16,0.23245744835443624,6,295,0.0013083890261994973,80,0.002184080908190616,0.905,0.8975,33,"[33, 33, 33, 33, 33, 33, 33, 33, 33, 33, 33, 33, 33, 33, 33, 33, 33, 33, 33, 33, 33, 33, 33, 33, 33, 33, 33, 33, 33, 33, 33, 33, 33, 33, 33, 33, 33, 33, 33, 33, 33, 33, 33, 33, 33, 33, 33, 33, 33, 33, 33, 33, 33, 33, 33, 33, 33, 33, 33, 33, 33, 33, 33, 33, 33, 33, 33, 33, 33, 33, 33, 33, 33, 33, 33, 33, 33, 33, 33, 33, 33, 33, 33, 33, 33, 33, 33, 33, 33, 33, 33, 33, 33, 33, 33, 33, 33, 33, 33, 33, 33, 33, 33, 33, 33, 33, 33, 33, 33, 33, 33, 33, 33, 33, 33, 33, 33, 33, 33, 33, 33, 33, 33, 33, 33, 33, 33, 33, 33, 33, 33, 33, 33, 33, 33, 33, 33, 33, 33, 33, 33, 33, 33, 33, 33, 33, 33, 33, 33, 33, 33, 33, 33, 33, 33, 33, 33, 33, 33, 33, 33, 33, 33, 33, 33, 33, 33, 33, 33, 33, 33, 33, 33, 33, 33, 33, 33, 33, 33, 33, 33, 33, 33, 33, 33, 33, 33, 33, 33, 33, 33, 33, 33, 33, 33, 33, 33, 33, 33, 33, 33, 33, 33, 33, 33, 33, 33, 33, 33, 33, 33, 33, 33, 33, 33, 33, 33, 33, 33, 33, 33, 33, 33, 33, 33, 33, 33, 33, 33, 33, 33, 33, 33, 33, 33, 33, 33, 33, 33, 33, 33, 33, 33, 33, 33, 33, 33, 33, 33, 33, 33, 33, 33, 33, 33, 33, 33, 33, 33, 33, 33, 33, 33, 33, 33, 33, 33, 33, 33, 33, 33, 33, 33, 33, 33, 33, 33, 33, 33, 33, 33, 33, 33, 33, 33, 33, 33, 33, 33, 33, 33, 33, 33, 33, 33]",32.91150793650794,"[32.901587301587305, 32.906349206349205, 32.90674603174603, 32.90396825396825, 32.90119047619048, 32.90456349206349, 32.909325396825395, 32.90496031746032, 32.90833333333333, 32.90555555555556, 32.89980158730158, 32.905952380952385, 32.90277777777778, 32.89960317460318, 32.89940476190476, 32.90297619047619, 32.90218253968254, 32.90416666666667, 32.90555555555556, 32.90416666666667, 32.90119047619048, 32.90277777777777, 32.9015873015873, 32.904761904761905, 32.900000000000006, 32.90218253968254, 32.90714285714286, 32.90357142857143, 32.90833333333333, 32.904563492063495, 32.90496031746032, 32.907539682539685, 32.90952380952381, 32.90555555555556, 32.903174603174605, 32.907738095238095, 32.903571428571425, 32.906150793650795, 32.90694444444444, 32.90357142857143, 32.90515873015873, 32.90376984126984, 32.90515873015873, 32.90952380952381, 32.9125, 32.912103174603175, 32.90873015873016, 32.90952380952381, 32.90515873015873, 32.90575396825397, 32.904761904761905, 32.901785714285715, 32.903571428571425, 32.90238095238095, 32.90297619047619, 32.905952380952385, 32.904563492063495, 32.904563492063495, 32.903373015873015, 32.90396825396825, 32.90456349206349, 32.90416666666667, 32.90436507936508, 32.90793650793651, 32.90734126984127, 32.90496031746032, 32.90119047619048, 32.903373015873015, 32.90694444444444, 32.904761904761905, 32.90734126984127, 32.90992063492063, 32.90575396825397, 32.906349206349205, 32.90515873015873, 32.907539682539685, 32.907539682539685, 32.905952380952385, 32.90436507936508, 32.90654761904762, 32.906150793650795, 32.90694444444445, 32.907936507936505, 32.90575396825397, 32.909325396825395, 32.90992063492064, 32.91170634920635, 32.90972222222222, 32.9077380952381, 32.90376984126984, 32.90079365079365, 32.903174603174605, 32.900595238095235, 32.9, 32.903571428571425, 32.90515873015873, 32.907738095238095, 32.906150793650795, 32.902976190476195, 32.903373015873015, 32.90416666666667, 32.90753968253968, 32.909523809523805, 32.907539682539685, 32.90873015873016, 32.90674603174603, 32.90952380952381, 32.910714285714285, 32.907738095238095, 32.90535714285714, 32.907738095238095, 32.91071428571429, 32.909523809523805, 32.9109126984127, 32.912103174603175, 32.914880952380955, 32.913888888888884, 32.91547619047619, 32.9125, 32.91269841269841, 32.91170634920635, 32.91150793650793, 32.910912698412695, 32.91111111111111, 32.910912698412695, 32.91111111111111, 32.91170634920635, 32.911904761904765, 32.9125, 32.910912698412695, 32.90833333333334, 32.90654761904762, 32.91031746031746, 32.90694444444445, 32.905952380952385, 32.906150793650795, 32.90674603174603, 32.90575396825397, 32.90674603174603, 32.907539682539685, 32.90674603174603, 32.90833333333333, 32.90853174603175, 32.90813492063492, 32.90714285714286, 32.91031746031746, 32.910515873015875, 32.90952380952381, 32.91011904761905, 32.908730158730165, 32.90853174603175, 32.90892857142857, 32.907341269841275, 32.910912698412695, 32.90734126984127, 32.90515873015873, 32.90694444444445, 32.90575396825397, 32.907539682539685, 32.90654761904762, 32.907738095238095, 32.906150793650795, 32.90992063492063, 32.91190476190476, 32.910912698412695, 32.91111111111111, 32.91388888888889, 32.91587301587302, 32.91428571428572, 32.90992063492064, 32.90992063492064, 32.908928571428575, 32.90694444444445, 32.908928571428575, 32.910317460317465, 32.91111111111112, 32.912103174603175, 32.908928571428575, 32.910515873015875, 32.912301587301585, 32.910515873015875, 32.910912698412695, 32.907936507936505, 32.90992063492064, 32.90813492063492, 32.90753968253968, 32.90694444444444, 32.90595238095238, 32.90515873015873, 32.904761904761905, 32.901587301587305, 32.89900793650794, 32.90357142857143, 32.90099206349206, 32.904960317460315, 32.907539682539685, 32.907539682539685, 32.90535714285714, 32.909126984126985, 32.907738095238095, 32.90972222222222, 32.90853174603174, 32.90793650793651, 32.906547619047615, 32.90833333333333, 32.91051587301587, 32.90753968253968, 32.90714285714286, 32.90416666666667, 32.904761904761905, 32.90277777777778, 32.90277777777778, 32.90119047619048, 32.89861111111111, 32.900198412698415, 32.90515873015873, 32.90853174603175, 32.90654761904762, 32.905158730158725, 32.90436507936508, 32.90674603174603, 32.90436507936508, 32.900396825396825, 32.900793650793645, 32.89821428571429, 32.8984126984127, 32.8984126984127, 32.89960317460317, 32.90238095238095, 32.90119047619047, 32.90376984126984, 32.90376984126984, 32.90595238095238, 32.903174603174605, 32.90119047619048, 32.904563492063495, 32.90238095238095, 32.90357142857143, 32.903174603174605, 32.903174603174605, 32.90396825396825, 32.904960317460315, 32.907738095238095, 32.910515873015875, 32.90873015873016, 32.910515873015875, 32.90992063492064, 32.91309523809524, 32.912301587301585, 32.91289682539682, 32.912103174603175, 32.91269841269842, 32.9140873015873, 32.912301587301585, 32.910515873015875, 32.909126984126985, 32.9109126984127, 32.912103174603175, 32.913492063492065, 32.913690476190474, 32.916468253968254, 32.91626984126984, 32.912103174603175, 32.91329365079365, 32.91170634920635, 32.90972222222222, 32.90972222222222, 32.90873015873016, 32.9077380952381, 32.908928571428575, 32.90833333333333, 32.90674603174603, 32.903571428571425, 32.90515873015873, 32.90595238095238, 32.90853174603175, 32.90753968253968, 32.90515873015873, 32.90674603174603, 32.90714285714286, 32.90714285714286, 32.909126984126985, 32.90793650793651, 32.909126984126985, 32.912301587301585, 32.91011904761905, 32.90654761904762, 32.90555555555555, 32.90753968253968, 32.90674603174603, 32.90813492063492, 32.909325396825395, 32.91190476190476, 32.91150793650794, 32.91150793650794]",0.883808485869269,0.9014311293168966,33,"[33, 33, 33, 33, 33, 33, 33, 33, 33, 33, 33, 33, 33, 33, 33, 33, 33, 33, 33, 33, 33, 33, 33, 33, 33, 33, 33, 33, 33, 33, 33, 33, 33, 33, 33, 33, 33, 33, 33, 33, 33, 33, 33, 33, 33, 33, 33, 33, 33, 33, 33, 33, 33, 33, 33, 33, 33, 33, 33, 33, 33, 33, 33, 33, 33, 33, 33, 33, 33, 33, 33, 33, 33, 33, 33, 33, 33, 33, 33, 33, 33, 33, 33, 33, 33, 33, 33, 33, 33, 33, 33, 33, 33, 33, 33, 33, 33, 33, 33, 33, 33, 33, 33, 33, 33, 33, 33, 33, 33, 33, 33, 33, 33, 33, 33, 33, 33, 33, 33, 33, 33, 33, 33, 33, 33, 33, 33, 33, 33, 33, 33, 33, 33, 33, 33, 33, 33, 33, 33, 33, 33, 33, 33, 33, 33, 33, 33, 33, 33, 33, 33, 33, 33, 33, 33, 33, 33, 33, 33, 33, 33, 33, 33, 33, 33, 33, 33, 33, 33, 33, 33, 33, 33, 33, 33, 33, 33, 33, 33, 33, 33, 33, 33, 33, 33, 33, 33, 33, 33, 33, 33, 33, 33, 33, 33, 33, 33, 33, 33, 33, 33, 33, 33, 33, 33, 33, 33, 33, 33, 33, 33, 33, 33, 33, 33, 33, 33, 33, 33, 33, 33, 33, 33, 33, 33, 33, 33, 33, 33, 33, 33, 33, 33, 33, 33, 33, 33, 33, 33, 33, 33, 33, 33, 33, 33, 33, 33, 33, 33, 33, 33, 33, 33, 33, 33, 33, 33, 33, 33, 33, 33, 33, 33, 33, 33, 33, 33, 33, 33, 33, 33, 33, 33, 33, 33, 33, 33, 33, 33, 33, 33, 33, 33, 33, 33, 33, 33, 33, 33, 33, 33, 33, 33, 33, 33]",295,"[0.41104599833488464, 0.3985635042190552, 0.394470751285553, 0.3916202485561371, 0.389212042093277, 0.387008935213089, 0.38509708642959595, 0.383290559053421, 0.38164910674095154, 0.3802214562892914, 0.37899544835090637, 0.37776869535446167, 0.3767726421356201, 0.3757248818874359, 0.37487101554870605, 0.373960942029953, 0.3730856776237488, 0.37238314747810364, 0.37155547738075256, 0.37084877490997314, 0.3702253997325897, 0.36969009041786194, 0.36900007724761963, 0.3684024512767792, 0.36781197786331177, 0.3672991693019867, 0.36678600311279297, 0.36632493138313293, 0.3658602833747864, 0.3654721975326538, 0.3649306893348694, 0.3644321858882904, 0.36386775970458984, 0.36341989040374756, 0.3629617989063263, 0.3625837564468384, 0.3621600270271301, 0.3618374764919281, 0.3611184060573578, 0.36072951555252075, 0.36028826236724854, 0.35982391238212585, 0.35935401916503906, 0.3588639497756958, 0.3584459722042084, 0.3580087423324585, 0.35761940479278564, 0.3571845293045044, 0.3567323386669159, 0.3563457727432251, 0.3559146523475647, 0.3554758131504059, 0.355092853307724, 0.3547235429286957, 0.3544001281261444, 0.35386741161346436, 0.35347023606300354, 0.35299426317214966, 0.35271593928337097, 0.35222163796424866, 0.3518203794956207, 0.35161471366882324, 0.3510726988315582, 0.35076239705085754, 0.35037025809288025, 0.3498367369174957, 0.349456787109375, 0.34909728169441223, 0.3488433361053467, 0.34853896498680115, 0.3478938937187195, 0.347652792930603, 0.347146213054657, 0.3467431962490082, 0.34639641642570496, 0.34590205550193787, 0.34553033113479614, 0.34531426429748535, 0.34493783116340637, 0.34470316767692566, 0.3441481292247772, 0.3437494933605194, 0.3435245156288147, 0.3430141508579254, 0.3427174687385559, 0.34228721261024475, 0.3417165279388428, 0.34137341380119324, 0.34105902910232544, 0.34068334102630615, 0.34030550718307495, 0.3400079011917114, 0.3396719694137573, 0.33925360441207886, 0.33869171142578125, 0.3383491635322571, 0.337992787361145, 0.3376774489879608, 0.33720698952674866, 0.336780846118927, 0.33630385994911194, 0.3358986973762512, 0.3356337249279022, 0.33516326546669006, 0.3347153961658478, 0.33442214131355286, 0.3339158296585083, 0.3335200548171997, 0.3332747519016266, 0.3327499330043793, 0.33236730098724365, 0.33214038610458374, 0.3316754996776581, 0.33120033144950867, 0.3308444917201996, 0.33047157526016235, 0.33013126254081726, 0.3295432925224304, 0.3291586637496948, 0.32881003618240356, 0.32836487889289856, 0.3280296325683594, 0.32769834995269775, 0.3273482620716095, 0.3270155191421509, 0.3266957998275757, 0.32612988352775574, 0.32571735978126526, 0.3252521753311157, 0.32477816939353943, 0.3243873715400696, 0.32377663254737854, 0.32339420914649963, 0.3227945566177368, 0.322420209646225, 0.32187968492507935, 0.3212463855743408, 0.3209120035171509, 0.32036858797073364, 0.32003602385520935, 0.31971657276153564, 0.31912508606910706, 0.3186895549297333, 0.31815633177757263, 0.31763094663619995, 0.3170721232891083, 0.3167148232460022, 0.31607529520988464, 0.31552809476852417, 0.3150143623352051, 0.3144505023956299, 0.31404346227645874, 0.31363436579704285, 0.31296342611312866, 0.3125980794429779, 0.31193721294403076, 0.3114388585090637, 0.3108055889606476, 0.31020447611808777, 0.30966514348983765, 0.30908581614494324, 0.3084718585014343, 0.30793339014053345, 0.3073199689388275, 0.30672338604927063, 0.30619311332702637, 0.30569618940353394, 0.30511826276779175, 0.30454856157302856, 0.30395686626434326, 0.3032548427581787, 0.30263128876686096, 0.3020421862602234, 0.3014157712459564, 0.3008157014846802, 0.30015575885772705, 0.29954469203948975, 0.2988491952419281, 0.2981509268283844, 0.2977343499660492, 0.29695039987564087, 0.29628539085388184, 0.29554471373558044, 0.2950112819671631, 0.29429590702056885, 0.2937197685241699, 0.29306113719940186, 0.29230064153671265, 0.2916559875011444, 0.29113802313804626, 0.29033827781677246, 0.28956761956214905, 0.28890836238861084, 0.2882099151611328, 0.28757020831108093, 0.28688880801200867, 0.28619885444641113, 0.2854853868484497, 0.2849760353565216, 0.2843393385410309, 0.2834981083869934, 0.2828773558139801, 0.28221383690834045, 0.28161048889160156, 0.2810707986354828, 0.28033843636512756, 0.27981260418891907, 0.27929332852363586, 0.2786228656768799, 0.27797865867614746, 0.27744948863983154, 0.2767345905303955, 0.27613919973373413, 0.2755689024925232, 0.27491495013237, 0.27438533306121826, 0.27374953031539917, 0.27318787574768066, 0.2727489173412323, 0.2721606194972992, 0.27161890268325806, 0.2709561586380005, 0.2703380286693573, 0.269803911447525, 0.2692468762397766, 0.2686673104763031, 0.26805388927459717, 0.2675553858280182, 0.26710671186447144, 0.26663580536842346, 0.26611149311065674, 0.26564159989356995, 0.26512083411216736, 0.26473209261894226, 0.2641797363758087, 0.2637364864349365, 0.2631080150604248, 0.26283273100852966, 0.2626412808895111, 0.2620788514614105, 0.261513888835907, 0.26102012395858765, 0.2605016231536865, 0.26017653942108154, 0.25963425636291504, 0.2593470513820648, 0.258788138628006, 0.25839370489120483, 0.2580015957355499, 0.2574250102043152, 0.25707656145095825, 0.2566917836666107, 0.25648799538612366, 0.25592514872550964, 0.255367249250412, 0.25504353642463684, 0.2547825872898102, 0.25438085198402405, 0.25414907932281494, 0.2538275718688965, 0.25344809889793396, 0.25315237045288086, 0.2528441548347473, 0.2525365948677063, 0.25200220942497253, 0.2517075836658478, 0.25138962268829346, 0.251064270734787, 0.2507692575454712, 0.2503814399242401, 0.2499578893184662, 0.2497168481349945, 0.24944747984409332, 0.2489556521177292, 0.2486424297094345, 0.24833926558494568, 0.24806331098079681, 0.24782045185565948, 0.24762679636478424, 0.24713382124900818, 0.2469492405653, 0.24647092819213867, 0.24610446393489838, 0.24587030708789825, 0.24558323621749878, 0.24535934627056122, 0.244954451918602, 0.2446594387292862, 0.24434833228588104, 0.2440057396888733, 0.24368883669376373, 0.24358266592025757, 0.24319124221801758, 0.2428005188703537, 0.24252447485923767]",33.0,"[33.0, 33.0, 33.0, 33.0, 33.0, 33.0, 33.0, 33.0, 33.0, 33.0, 33.0, 33.0, 33.0, 33.0, 33.0, 33.0, 33.0, 33.0, 33.0, 33.0, 33.0, 33.0, 33.0, 33.0, 33.0, 33.0, 33.0, 33.0, 33.0, 33.0, 33.0, 33.0, 33.0, 33.0, 33.0, 33.0, 33.0, 33.0, 33.0, 33.0, 33.0, 33.0, 33.0, 33.0, 33.0, 33.0, 33.0, 33.0, 33.0, 33.0, 33.0, 33.0, 33.0, 33.0, 33.0, 33.0, 33.0, 33.0, 33.0, 33.0, 33.0, 33.0, 33.0, 33.0, 33.0, 33.0, 33.0, 33.0, 33.0, 33.0, 33.0, 33.0, 33.0, 33.0, 33.0, 33.0, 33.0, 33.0, 33.0, 33.0, 33.0, 33.0, 33.0, 33.0, 33.0, 33.0, 33.0, 33.0, 33.0, 33.0, 33.0, 33.0, 33.0, 33.0, 33.0, 33.0, 33.0, 33.0, 33.0, 33.0, 33.0, 33.0, 33.0, 33.0, 33.0, 33.0, 33.0, 33.0, 33.0, 33.0, 33.0, 33.0, 33.0, 33.0, 33.0, 33.0, 33.0, 33.0, 33.0, 33.0, 33.0, 33.0, 33.0, 33.0, 33.0, 33.0, 33.0, 33.0, 33.0, 33.0, 33.0, 33.0, 33.0, 33.0, 33.0, 33.0, 33.0, 33.0, 33.0, 33.0, 33.0, 33.0, 33.0, 33.0, 33.0, 33.0, 33.0, 33.0, 33.0, 33.0, 33.0, 33.0, 33.0, 33.0, 33.0, 33.0, 33.0, 33.0, 33.0, 33.0, 33.0, 33.0, 33.0, 33.0, 33.0, 33.0, 33.0, 33.0, 33.0, 33.0, 33.0, 33.0, 33.0, 33.0, 33.0, 33.0, 33.0, 33.0, 33.0, 33.0, 33.0, 33.0, 33.0, 33.0, 33.0, 33.0, 33.0, 33.0, 33.0, 33.0, 33.0, 33.0, 33.0, 33.0, 33.0, 33.0, 33.0, 33.0, 33.0, 33.0, 33.0, 33.0, 33.0, 33.0, 33.0, 33.0, 33.0, 33.0, 33.0, 33.0, 33.0, 33.0, 33.0, 33.0, 33.0, 33.0, 33.0, 33.0, 33.0, 33.0, 33.0, 33.0, 33.0, 33.0, 33.0, 33.0, 33.0, 33.0, 33.0, 33.0, 33.0, 33.0, 33.0, 33.0, 33.0, 33.0, 33.0, 33.0, 33.0, 33.0, 33.0, 33.0, 33.0, 33.0, 33.0, 33.0, 33.0, 33.0, 33.0, 33.0, 33.0, 33.0, 33.0, 33.0, 33.0, 33.0, 33.0, 33.0, 33.0, 33.0, 33.0, 33.0, 33.0, 33.0, 33.0, 33.0, 33.0, 33.0, 33.0, 33.0, 33.0, 33.0, 33.0, 33.0, 33.0, 33.0, 33.0, 33.0, 33.0, 33.0, 33.0, 33.0, 33.0, 33.0, 33.0, 33.0, 33.0, 33.0, 33.0, 33.0, 33.0, 33.0, 33.0, 33.0, 33.0]",COMPLETE
