,number,value,datetime_start,datetime_complete,duration,params_batch_size_scaler,params_constant_learning_rate,params_depth,params_epochs,params_kernel_l2,params_num_trees,params_temperature,user_attrs_accuracy_test,user_attrs_accuracy_valid,user_attrs_approximate_feature_sparsity,user_attrs_approximate_feature_sparsity_history,user_attrs_approximate_weight_sparsity,user_attrs_approximate_weight_sparsity_history,user_attrs_auc_test,user_attrs_auc_valid,user_attrs_feature_sparsity,user_attrs_feature_sparsity_history,user_attrs_num_epochs,user_attrs_val_loss_history,user_attrs_weight_sparsity,user_attrs_weight_sparsity_history,state
106,106,0.8910357975551003,2024-08-31 06:07:52.845859,2024-08-31 06:08:06.543705,0 days 00:00:13.697846,16,0.1875645896160285,3,85,0.12216025138107657,29,0.00010581475747533881,0.892,0.89125,33,"[33, 33, 33, 33, 33, 33, 33, 33, 33, 33, 33, 33, 33, 33, 33, 33, 33, 33, 33, 33, 33, 33, 33, 33, 33, 33, 33, 33, 33, 33, 33, 33, 33, 33, 33, 33, 33, 33, 33, 33, 33, 33, 33, 33, 33, 33, 33, 33, 33, 33, 33, 33, 33, 33, 33, 33, 33, 33, 33, 33, 33, 33, 33, 33, 33, 33, 33, 33, 33, 33, 33, 33, 33, 33, 33, 33, 33, 33, 33, 33, 33, 33, 33, 33, 33]",32.98522167487685,"[32.98522167487685, 32.970443349753694, 32.99014778325123, 32.960591133004925, 32.97536945812808, 32.995073891625616, 32.99014778325123, 32.995073891625616, 32.98522167487685, 32.98522167487685, 32.970443349753694, 32.99014778325123, 32.99014778325123, 33.0, 33.0, 32.99014778325123, 32.995073891625616, 32.99014778325123, 32.98029556650246, 32.970443349753694, 32.970443349753694, 32.95073891625616, 32.97536945812808, 32.970443349753694, 32.98029556650246, 32.995073891625616, 32.98522167487685, 32.98029556650246, 32.970443349753694, 32.98029556650246, 32.97536945812808, 32.98522167487685, 32.970443349753694, 32.99014778325123, 32.98029556650246, 32.970443349753694, 32.96551724137931, 32.96551724137931, 32.96551724137931, 32.970443349753694, 32.96551724137931, 32.97536945812808, 32.98029556650246, 32.995073891625616, 32.98029556650246, 32.98029556650246, 32.97536945812808, 32.98029556650246, 32.970443349753694, 32.98522167487685, 32.970443349753694, 32.97536945812808, 32.99014778325123, 32.98522167487685, 32.970443349753694, 32.97536945812808, 32.97536945812808, 32.970443349753694, 32.96551724137931, 32.970443349753694, 32.96551724137931, 32.970443349753694, 32.970443349753694, 32.95073891625616, 32.95073891625616, 32.97536945812808, 32.99014778325123, 32.99014778325123, 32.98029556650246, 32.99014778325123, 32.98522167487685, 32.96551724137931, 32.960591133004925, 32.95073891625616, 32.970443349753694, 32.98029556650246, 32.98029556650246, 32.970443349753694, 32.960591133004925, 32.960591133004925, 32.98029556650246, 32.970443349753694, 32.95566502463054, 32.98029556650246, 32.98522167487685]",0.8738678489749749,0.8910357975551003,33,"[33, 33, 33, 33, 33, 33, 33, 33, 33, 33, 33, 33, 33, 33, 33, 33, 33, 33, 33, 33, 33, 33, 33, 33, 33, 33, 33, 33, 33, 33, 33, 33, 33, 33, 33, 33, 33, 33, 33, 33, 33, 33, 33, 33, 33, 33, 33, 33, 33, 33, 33, 33, 33, 33, 33, 33, 33, 33, 33, 33, 33, 33, 33, 33, 33, 33, 33, 33, 33, 33, 33, 33, 33, 33, 33, 33, 33, 33, 33, 33, 33, 33, 33, 33, 33]",85,"[0.4337780475616455, 0.42539554834365845, 0.4194856286048889, 0.4149876832962036, 0.41141533851623535, 0.40929165482521057, 0.4059629440307617, 0.40343326330184937, 0.4010526239871979, 0.39898815751075745, 0.39763668179512024, 0.3952735960483551, 0.3936069905757904, 0.39212486147880554, 0.39005523920059204, 0.3889729678630829, 0.38675060868263245, 0.38526880741119385, 0.38347938656806946, 0.38192975521087646, 0.3806379735469818, 0.3786679804325104, 0.37721550464630127, 0.37585410475730896, 0.3742787539958954, 0.37319740653038025, 0.3710322976112366, 0.36942362785339355, 0.367915540933609, 0.3671046793460846, 0.3646942377090454, 0.36310875415802, 0.36180391907691956, 0.36007460951805115, 0.35831353068351746, 0.357411652803421, 0.3557184636592865, 0.35436755418777466, 0.35237398743629456, 0.35072949528694153, 0.34938904643058777, 0.34783604741096497, 0.34723347425460815, 0.3452252447605133, 0.3432345986366272, 0.3417438864707947, 0.33990997076034546, 0.33832281827926636, 0.33728277683258057, 0.33513692021369934, 0.33363357186317444, 0.3323998749256134, 0.33021312952041626, 0.3286029100418091, 0.32688573002815247, 0.3254006505012512, 0.3235195577144623, 0.32205909490585327, 0.3204316198825836, 0.31892555952072144, 0.31754618883132935, 0.31694647669792175, 0.31555241346359253, 0.31354689598083496, 0.31183838844299316, 0.31069281697273254, 0.3090153932571411, 0.3076608180999756, 0.30668744444847107, 0.30595579743385315, 0.30430224537849426, 0.30268359184265137, 0.30195367336273193, 0.3005748987197876, 0.29960718750953674, 0.29844003915786743, 0.2972903847694397, 0.29599812626838684, 0.2951866388320923, 0.2942642569541931, 0.29299667477607727, 0.29303064942359924, 0.29153698682785034, 0.29042065143585205, 0.2896089553833008]",33.0,"[33.0, 33.0, 33.0, 33.0, 33.0, 33.0, 33.0, 33.0, 33.0, 33.0, 33.0, 33.0, 33.0, 33.0, 33.0, 33.0, 33.0, 33.0, 33.0, 33.0, 33.0, 33.0, 33.0, 33.0, 33.0, 33.0, 33.0, 33.0, 33.0, 33.0, 33.0, 33.0, 33.0, 33.0, 33.0, 33.0, 33.0, 33.0, 33.0, 33.0, 33.0, 33.0, 33.0, 33.0, 33.0, 33.0, 33.0, 33.0, 33.0, 33.0, 33.0, 33.0, 33.0, 33.0, 33.0, 33.0, 33.0, 33.0, 33.0, 33.0, 33.0, 33.0, 33.0, 33.0, 33.0, 33.0, 33.0, 33.0, 33.0, 33.0, 33.0, 33.0, 33.0, 33.0, 33.0, 33.0, 33.0, 33.0, 33.0, 33.0, 33.0, 33.0, 33.0, 33.0, 33.0]",COMPLETE
107,107,0.8802024964253972,2024-08-31 06:08:08.918530,2024-08-31 06:08:33.190885,0 days 00:00:24.272355,16,0.47879649143179814,4,95,0.001413302481567511,65,0.0049230622612746276,0.885,0.88875,7,"[33, 33, 33, 33, 33, 33, 33, 33, 33, 33, 33, 33, 33, 33, 33, 31, 30, 21, 20, 13, 11, 10, 9, 8, 8, 8, 7, 7, 7, 7, 7, 7, 7, 7, 7, 7, 7, 7, 7, 7, 7, 7, 7, 7, 7, 7, 7, 7, 7, 7, 7, 7, 7, 7, 7, 7, 7, 7, 7, 7, 7, 7, 7, 7, 7, 7, 7, 7, 7, 7, 7, 7, 7, 7, 7, 7, 7, 7, 7, 7, 7, 7, 7, 7, 7, 7, 7, 7, 7, 7, 7, 7, 7, 7, 7]",6.99076923076923,"[32.96205128205128, 32.9651282051282, 32.95076923076923, 32.96, 32.95076923076923, 32.95384615384615, 32.95897435897436, 32.956923076923076, 32.95282051282051, 32.951794871794874, 32.94974358974359, 32.96, 32.955897435897434, 32.956923076923076, 32.956923076923076, 30.97025641025641, 29.965128205128202, 20.981538461538463, 19.971282051282053, 12.983589743589743, 10.987692307692308, 9.984615384615385, 8.987692307692306, 7.98974358974359, 7.987692307692307, 7.986666666666666, 6.988717948717948, 6.990769230769231, 6.994871794871795, 6.987692307692307, 6.9969230769230775, 6.9917948717948715, 6.997948717948718, 6.994871794871795, 6.988717948717948, 6.984615384615385, 6.991794871794872, 6.992820512820513, 6.993846153846153, 6.992820512820513, 6.990769230769231, 6.993846153846153, 6.992820512820513, 6.993846153846153, 6.995897435897436, 6.98974358974359, 6.993846153846153, 6.995897435897436, 6.994871794871795, 6.996923076923077, 6.992820512820513, 6.994871794871795, 6.993846153846153, 6.993846153846153, 6.988717948717948, 6.9907692307692315, 6.986666666666666, 6.9917948717948715, 6.98974358974359, 6.9917948717948715, 6.992820512820513, 6.9917948717948715, 6.995897435897437, 6.995897435897437, 6.992820512820513, 6.994871794871795, 6.992820512820513, 6.988717948717948, 6.994871794871796, 6.996923076923077, 6.993846153846154, 6.98974358974359, 6.995897435897436, 6.993846153846153, 6.993846153846153, 6.993846153846154, 6.993846153846153, 6.995897435897436, 6.991794871794872, 6.993846153846154, 6.9917948717948715, 6.994871794871795, 6.993846153846153, 6.993846153846153, 6.990769230769231, 6.995897435897436, 6.990769230769231, 6.994871794871795, 6.992820512820512, 6.993846153846153, 6.9917948717948715, 6.994871794871795, 6.994871794871795, 6.993846153846154, 6.99076923076923]",0.8472906810657287,0.8802024964253972,7,"[33, 33, 33, 33, 33, 33, 33, 33, 33, 33, 33, 33, 33, 33, 33, 31, 30, 21, 20, 13, 11, 10, 9, 8, 8, 8, 7, 7, 7, 7, 7, 7, 7, 7, 7, 7, 7, 7, 7, 7, 7, 7, 7, 7, 7, 7, 7, 7, 7, 7, 7, 7, 7, 7, 7, 7, 7, 7, 7, 7, 7, 7, 7, 7, 7, 7, 7, 7, 7, 7, 7, 7, 7, 7, 7, 7, 7, 7, 7, 7, 7, 7, 7, 7, 7, 7, 7, 7, 7, 7, 7, 7, 7, 7, 7]",95,"[0.3914310932159424, 0.381825715303421, 0.376012921333313, 0.37033772468566895, 0.36721503734588623, 0.3644910156726837, 0.3619096875190735, 0.3593510091304779, 0.3569797873497009, 0.3547980785369873, 0.35307466983795166, 0.35025787353515625, 0.35150161385536194, 0.34614089131355286, 0.34428805112838745, 0.34537017345428467, 0.34082403779029846, 0.33986812829971313, 0.33750152587890625, 0.3388482928276062, 0.3370305001735687, 0.3375893533229828, 0.33493706583976746, 0.3347049057483673, 0.33293408155441284, 0.33238402009010315, 0.33594292402267456, 0.3336786925792694, 0.3316693902015686, 0.330150842666626, 0.32858899235725403, 0.3286629021167755, 0.3257800042629242, 0.3242088258266449, 0.3235192596912384, 0.32111290097236633, 0.32010406255722046, 0.3182806372642517, 0.31818243861198425, 0.31454041600227356, 0.31349971890449524, 0.31120002269744873, 0.30937299132347107, 0.3084269165992737, 0.3059857189655304, 0.3047236204147339, 0.3023315668106079, 0.30064669251441956, 0.2990196943283081, 0.29748600721359253, 0.2991964817047119, 0.29446351528167725, 0.29400837421417236, 0.2928393483161926, 0.2918163537979126, 0.2890137732028961, 0.287851482629776, 0.2867656648159027, 0.2862529754638672, 0.28545865416526794, 0.2839888632297516, 0.2838633358478546, 0.2821589410305023, 0.2829897701740265, 0.2813047766685486, 0.2794438600540161, 0.279418021440506, 0.27778786420822144, 0.27737855911254883, 0.27680400013923645, 0.2760796844959259, 0.2767987549304962, 0.27545639872550964, 0.2740032970905304, 0.2735746502876282, 0.27715229988098145, 0.27207276225090027, 0.27178385853767395, 0.2712646424770355, 0.2706701159477234, 0.27091965079307556, 0.2706848680973053, 0.26905369758605957, 0.26873695850372314, 0.2684820294380188, 0.26920878887176514, 0.26765206456184387, 0.26690199971199036, 0.26645132899284363, 0.26586228609085083, 0.26614075899124146, 0.2651619613170624, 0.266122430562973, 0.26701635122299194, 0.2639372944831848]",7.0,"[33.0, 33.0, 33.0, 33.0, 33.0, 33.0, 33.0, 33.0, 33.0, 33.0, 33.0, 33.0, 33.0, 33.0, 33.0, 31.0, 30.0, 21.0, 20.0, 13.0, 11.0, 10.0, 9.0, 8.0, 8.0, 8.0, 7.0, 7.0, 7.0, 7.0, 7.0, 7.0, 7.0, 7.0, 7.0, 7.0, 7.0, 7.0, 7.0, 7.0, 7.0, 7.0, 7.0, 7.0, 7.0, 7.0, 7.0, 7.0, 7.0, 7.0, 7.0, 7.0, 7.0, 7.0, 7.0, 7.0, 7.0, 7.0, 7.0, 7.0, 7.0, 7.0, 7.0, 7.0, 7.0, 7.0, 7.0, 7.0, 7.0, 7.0, 7.0, 7.0, 7.0, 7.0, 7.0, 7.0, 7.0, 7.0, 7.0, 7.0, 7.0, 7.0, 7.0, 7.0, 7.0, 7.0, 7.0, 7.0, 7.0, 7.0, 7.0, 7.0, 7.0, 7.0, 7.0]",COMPLETE
