,number,value,datetime_start,datetime_complete,duration,params_batch_size_scaler,params_constant_learning_rate,params_depth,params_epochs,params_kernel_l2,params_num_trees,params_temperature,user_attrs_accuracy_test,user_attrs_accuracy_valid,user_attrs_approximate_feature_sparsity,user_attrs_approximate_feature_sparsity_history,user_attrs_approximate_weight_sparsity,user_attrs_approximate_weight_sparsity_history,user_attrs_auc_test,user_attrs_auc_valid,user_attrs_feature_sparsity,user_attrs_feature_sparsity_history,user_attrs_num_epochs,user_attrs_val_loss_history,user_attrs_weight_sparsity,user_attrs_weight_sparsity_history,state
136,136,0.8610993031134468,2024-08-31 07:24:40.532801,2024-08-31 07:25:35.472635,0 days 00:00:54.939834,4,0.010415711154044202,3,295,0.013737876345266811,50,0.00020754524429927664,0.884,0.88,33,"[33, 33, 33, 33, 33, 33, 33, 33, 33, 33, 33, 33, 33, 33, 33, 33, 33, 33, 33, 33, 33, 33, 33, 33, 33, 33, 33, 33, 33, 33, 33, 33, 33, 33, 33, 33, 33, 33, 33, 33, 33, 33, 33, 33, 33, 33, 33, 33, 33, 33, 33, 33, 33, 33, 33, 33, 33, 33, 33, 33, 33, 33, 33, 33, 33, 33, 33, 33, 33, 33, 33, 33, 33, 33, 33, 33, 33, 33, 33, 33, 33, 33, 33, 33, 33, 33, 33, 33, 33, 33, 33, 33, 33, 33, 33, 33, 33, 33, 33, 33, 33, 33, 33, 33, 33, 33, 33, 33, 33, 33, 33, 33, 33, 33, 33, 33, 33, 33, 33, 33, 33, 33, 33, 33, 33, 33, 33, 33, 33, 33, 33, 33, 33, 33, 33, 33, 33, 33, 33, 33, 33, 33, 33, 33, 33, 33, 33, 33, 33, 33, 33, 33, 33, 33, 33, 33, 33, 33, 33, 33, 33, 33, 33, 33, 33, 33, 33, 33, 33, 33, 33, 33, 33, 33, 33, 33, 33, 33, 33, 33, 33, 33, 33, 33, 33, 33, 33, 33, 33, 33, 33, 33, 33, 33, 33, 33, 33, 33, 33, 33, 33, 33, 33, 33, 33, 33, 33, 33, 33, 33, 33, 33, 33, 33, 33, 33, 33, 33, 33, 33, 33, 33, 33, 33, 33, 33, 33, 33, 33, 33, 33, 33, 33, 33, 33, 33, 33, 33, 33, 33, 33, 33, 33, 33, 33, 33, 33, 33, 33, 33, 33, 33, 33, 33, 33, 33, 33, 33, 33, 33, 33, 33, 33, 33, 33, 33, 33, 33, 33, 33, 33, 33, 33, 33, 33, 33, 33, 33, 33, 33, 33, 33, 33, 33, 33, 33, 33, 33, 33, 33, 33, 33, 33, 33, 33]",32.980000000000004,"[32.96, 32.95142857142857, 32.965714285714284, 32.96857142857143, 32.96857142857143, 32.96857142857143, 32.96857142857143, 32.96857142857143, 32.96857142857143, 32.96857142857143, 32.96857142857143, 32.96857142857143, 32.971428571428575, 32.96, 32.971428571428575, 32.962857142857146, 32.971428571428575, 32.96857142857143, 32.97428571428571, 32.971428571428575, 32.97714285714286, 32.97428571428571, 32.98285714285714, 32.980000000000004, 32.97714285714286, 32.98857142857143, 32.980000000000004, 32.980000000000004, 32.980000000000004, 32.98571428571429, 32.98571428571429, 32.98285714285714, 32.97428571428571, 32.98571428571429, 32.98857142857143, 32.98857142857143, 32.97714285714286, 32.980000000000004, 32.98, 32.97428571428572, 32.97714285714286, 32.98285714285714, 32.98857142857143, 32.98571428571429, 32.97428571428571, 32.97428571428571, 32.98285714285714, 32.98571428571429, 32.98571428571429, 32.96857142857143, 32.97714285714286, 32.97428571428571, 32.97714285714286, 32.96857142857143, 32.98285714285714, 32.980000000000004, 32.980000000000004, 32.98, 32.97428571428571, 32.980000000000004, 32.971428571428575, 32.97428571428571, 32.97714285714286, 32.96857142857143, 32.965714285714284, 32.971428571428575, 32.971428571428575, 32.96857142857143, 32.965714285714284, 32.96857142857143, 32.971428571428575, 32.980000000000004, 32.97428571428571, 32.97714285714286, 32.98571428571429, 32.98285714285714, 32.980000000000004, 32.97428571428571, 32.96857142857143, 32.97428571428571, 32.965714285714284, 32.96857142857143, 32.97428571428571, 32.97428571428571, 32.98285714285714, 32.97428571428571, 32.965714285714284, 32.97714285714286, 32.980000000000004, 32.98571428571429, 32.97714285714286, 32.98285714285714, 32.97714285714286, 32.96857142857143, 32.965714285714284, 32.96857142857143, 32.971428571428575, 32.97714285714286, 32.97428571428571, 32.97714285714286, 32.96857142857143, 32.97428571428571, 32.97428571428571, 32.97714285714286, 32.97714285714286, 32.97428571428571, 32.97428571428571, 32.97428571428571, 32.980000000000004, 32.965714285714284, 32.965714285714284, 32.965714285714284, 32.96857142857143, 32.95142857142857, 32.96285714285714, 32.962857142857146, 32.96285714285714, 32.95428571428571, 32.97142857142857, 32.96285714285714, 32.96857142857143, 32.97714285714286, 32.965714285714284, 32.965714285714284, 32.965714285714284, 32.97142857142857, 32.96857142857143, 32.97428571428571, 32.96857142857143, 32.965714285714284, 32.96857142857143, 32.965714285714284, 32.965714285714284, 32.971428571428575, 32.96857142857143, 32.97428571428571, 32.980000000000004, 32.98285714285714, 32.980000000000004, 32.971428571428575, 32.98285714285714, 32.98285714285714, 32.97714285714286, 32.96857142857143, 32.97428571428571, 32.96857142857143, 32.971428571428575, 32.980000000000004, 32.97714285714286, 32.980000000000004, 32.980000000000004, 32.97714285714286, 32.980000000000004, 32.97428571428571, 32.97428571428571, 32.980000000000004, 32.97428571428571, 32.971428571428575, 32.971428571428575, 32.97714285714286, 32.97714285714286, 32.97428571428571, 32.98, 32.97428571428571, 32.97142857142857, 32.965714285714284, 32.96, 32.965714285714284, 32.95142857142857, 32.95428571428572, 32.957142857142856, 32.962857142857146, 32.971428571428575, 32.962857142857146, 32.965714285714284, 32.971428571428575, 32.97714285714286, 32.97714285714286, 32.97428571428571, 32.97714285714286, 32.980000000000004, 32.98285714285714, 32.98571428571429, 32.98571428571429, 32.99142857142857, 32.98571428571429, 32.98571428571429, 32.98571428571429, 32.98571428571429, 32.98571428571429, 32.971428571428575, 32.965714285714284, 32.96857142857143, 32.96, 32.96857142857143, 32.971428571428575, 32.971428571428575, 32.97428571428571, 32.980000000000004, 32.98285714285714, 32.98, 32.98285714285714, 32.97714285714286, 32.97714285714286, 32.97714285714286, 32.98285714285714, 32.98571428571429, 32.988571428571426, 32.98285714285714, 32.98571428571429, 32.98571428571429, 32.98571428571429, 32.98285714285714, 32.98, 32.98285714285714, 32.98285714285714, 32.98571428571429, 32.97714285714286, 32.98285714285714, 32.97142857142857, 32.97428571428571, 32.97714285714286, 32.97714285714286, 32.97428571428571, 32.96857142857143, 32.97714285714286, 32.96857142857143, 32.97428571428571, 32.96857142857143, 32.97714285714286, 32.98, 32.980000000000004, 32.98285714285714, 32.98857142857143, 32.98571428571429, 32.98285714285714, 32.98285714285714, 32.98285714285714, 32.980000000000004, 32.98571428571429, 32.98285714285714, 32.980000000000004, 32.97714285714286, 32.98571428571429, 32.97714285714286, 32.98285714285714, 32.97714285714286, 32.97142857142857, 32.97428571428571, 32.965714285714284, 32.971428571428575, 32.96857142857143, 32.962857142857146, 32.962857142857146, 32.962857142857146, 32.95428571428572, 32.95142857142857, 32.95428571428572, 32.95142857142857, 32.96, 32.962857142857146, 32.97428571428571, 32.980000000000004, 32.97714285714286, 32.97714285714286, 32.965714285714284, 32.97142857142857, 32.98571428571429, 32.98285714285714, 32.97428571428571, 32.97714285714286, 32.98571428571429, 32.98285714285714, 32.97714285714286, 32.980000000000004, 32.96857142857143, 32.97428571428571, 32.97714285714286, 32.97428571428571, 32.97428571428571, 32.980000000000004, 32.97714285714286, 32.97714285714286, 32.97428571428571, 32.96285714285714, 32.96857142857143, 32.965714285714284, 32.96857142857143, 32.97428571428571, 32.97142857142857, 32.97428571428571, 32.98, 32.98, 32.98285714285714, 32.980000000000004]",0.8603522155896268,0.8610993031134468,33,"[33, 33, 33, 33, 33, 33, 33, 33, 33, 33, 33, 33, 33, 33, 33, 33, 33, 33, 33, 33, 33, 33, 33, 33, 33, 33, 33, 33, 33, 33, 33, 33, 33, 33, 33, 33, 33, 33, 33, 33, 33, 33, 33, 33, 33, 33, 33, 33, 33, 33, 33, 33, 33, 33, 33, 33, 33, 33, 33, 33, 33, 33, 33, 33, 33, 33, 33, 33, 33, 33, 33, 33, 33, 33, 33, 33, 33, 33, 33, 33, 33, 33, 33, 33, 33, 33, 33, 33, 33, 33, 33, 33, 33, 33, 33, 33, 33, 33, 33, 33, 33, 33, 33, 33, 33, 33, 33, 33, 33, 33, 33, 33, 33, 33, 33, 33, 33, 33, 33, 33, 33, 33, 33, 33, 33, 33, 33, 33, 33, 33, 33, 33, 33, 33, 33, 33, 33, 33, 33, 33, 33, 33, 33, 33, 33, 33, 33, 33, 33, 33, 33, 33, 33, 33, 33, 33, 33, 33, 33, 33, 33, 33, 33, 33, 33, 33, 33, 33, 33, 33, 33, 33, 33, 33, 33, 33, 33, 33, 33, 33, 33, 33, 33, 33, 33, 33, 33, 33, 33, 33, 33, 33, 33, 33, 33, 33, 33, 33, 33, 33, 33, 33, 33, 33, 33, 33, 33, 33, 33, 33, 33, 33, 33, 33, 33, 33, 33, 33, 33, 33, 33, 33, 33, 33, 33, 33, 33, 33, 33, 33, 33, 33, 33, 33, 33, 33, 33, 33, 33, 33, 33, 33, 33, 33, 33, 33, 33, 33, 33, 33, 33, 33, 33, 33, 33, 33, 33, 33, 33, 33, 33, 33, 33, 33, 33, 33, 33, 33, 33, 33, 33, 33, 33, 33, 33, 33, 33, 33, 33, 33, 33, 33, 33, 33, 33, 33, 33, 33, 33, 33, 33, 33, 33, 33, 33]",295,"[0.41915878653526306, 0.40690186619758606, 0.4031095802783966, 0.4005255103111267, 0.39828160405158997, 0.39627209305763245, 0.3944212794303894, 0.392704039812088, 0.3911232352256775, 0.3896596431732178, 0.3882997930049896, 0.387033075094223, 0.38585731387138367, 0.3847513496875763, 0.38372287154197693, 0.3827507793903351, 0.38186585903167725, 0.38103172183036804, 0.38021114468574524, 0.37942618131637573, 0.3787153661251068, 0.3780571222305298, 0.3773881196975708, 0.3767760992050171, 0.37616556882858276, 0.37559178471565247, 0.37508633732795715, 0.37456706166267395, 0.37406018376350403, 0.37354525923728943, 0.3731187880039215, 0.3726924657821655, 0.3722030222415924, 0.37181025743484497, 0.37133732438087463, 0.3709721863269806, 0.37050509452819824, 0.3701675534248352, 0.36974605917930603, 0.36936768889427185, 0.3689965009689331, 0.36867862939834595, 0.3683498799800873, 0.36790961027145386, 0.36752331256866455, 0.3671906590461731, 0.3668879270553589, 0.36657577753067017, 0.3662153482437134, 0.3658987879753113, 0.3655796945095062, 0.36526256799697876, 0.36491137742996216, 0.3645513653755188, 0.36429259181022644, 0.3639346659183502, 0.3635808527469635, 0.3632955849170685, 0.362981915473938, 0.36266329884529114, 0.3623914420604706, 0.3621135950088501, 0.3617612421512604, 0.36143946647644043, 0.36119627952575684, 0.3608812391757965, 0.3605464696884155, 0.3602433502674103, 0.3599608540534973, 0.3596976101398468, 0.3594518303871155, 0.3591401278972626, 0.35881155729293823, 0.3584274351596832, 0.35813388228416443, 0.3578973114490509, 0.35759788751602173, 0.3573163151741028, 0.3570576012134552, 0.3567486107349396, 0.35647842288017273, 0.3561972677707672, 0.3558596074581146, 0.35552987456321716, 0.35522758960723877, 0.35497382283210754, 0.35463371872901917, 0.35434260964393616, 0.3540540635585785, 0.3537812829017639, 0.3535250723361969, 0.3532623052597046, 0.3529641032218933, 0.3527183532714844, 0.35237544775009155, 0.35209351778030396, 0.3517785668373108, 0.35149437189102173, 0.3511958420276642, 0.35090741515159607, 0.3506472706794739, 0.35034915804862976, 0.3500361740589142, 0.34977054595947266, 0.3494712710380554, 0.3492298126220703, 0.3489968478679657, 0.34869685769081116, 0.3483361005783081, 0.34809941053390503, 0.3478521406650543, 0.3476530909538269, 0.3472949266433716, 0.34704452753067017, 0.3467283546924591, 0.34636467695236206, 0.3461390435695648, 0.3458813726902008, 0.3456181287765503, 0.3453191816806793, 0.345079243183136, 0.3447791635990143, 0.3444938361644745, 0.3441600799560547, 0.3438793420791626, 0.3435730040073395, 0.34332382678985596, 0.34309127926826477, 0.3427511155605316, 0.3424804210662842, 0.3422054052352905, 0.3419226109981537, 0.3416796624660492, 0.34139755368232727, 0.3411739766597748, 0.3409498631954193, 0.3405947983264923, 0.3403032422065735, 0.33999815583229065, 0.3397434651851654, 0.339460551738739, 0.3391548991203308, 0.33886033296585083, 0.338586688041687, 0.33832064270973206, 0.3380860984325409, 0.3378298878669739, 0.33749815821647644, 0.33722397685050964, 0.33696451783180237, 0.3366757333278656, 0.33640632033348083, 0.33616122603416443, 0.33584529161453247, 0.33558741211891174, 0.33528220653533936, 0.3349977433681488, 0.3347128629684448, 0.33441221714019775, 0.3341573476791382, 0.3338806927204132, 0.33358344435691833, 0.33336248993873596, 0.33301764726638794, 0.3327041566371918, 0.3324192762374878, 0.3321276903152466, 0.331902414560318, 0.3316210210323334, 0.33133193850517273, 0.33104145526885986, 0.3307643234729767, 0.330473393201828, 0.3301585018634796, 0.3299059271812439, 0.32963085174560547, 0.329318642616272, 0.3290082812309265, 0.32874420285224915, 0.3284451961517334, 0.3281799256801605, 0.32792267203330994, 0.3275759816169739, 0.3272959589958191, 0.32701027393341064, 0.3267395496368408, 0.3263971209526062, 0.3261227011680603, 0.32577013969421387, 0.32547855377197266, 0.32520270347595215, 0.3249029815196991, 0.3246094882488251, 0.32431352138519287, 0.3240213096141815, 0.3236713111400604, 0.3233744502067566, 0.3231216073036194, 0.3228376805782318, 0.3224928677082062, 0.322205126285553, 0.3218926191329956, 0.3216378688812256, 0.32132405042648315, 0.3210364878177643, 0.32075634598731995, 0.320442795753479, 0.32010719180107117, 0.31976521015167236, 0.3194471597671509, 0.31914275884628296, 0.3188357651233673, 0.31854888796806335, 0.31817400455474854, 0.3178572952747345, 0.31756460666656494, 0.3173064887523651, 0.3169458210468292, 0.3166119158267975, 0.31630101799964905, 0.3159812390804291, 0.3156864643096924, 0.31542548537254333, 0.3150264322757721, 0.3147338926792145, 0.3143536448478699, 0.3140873610973358, 0.31378793716430664, 0.31344854831695557, 0.31312283873558044, 0.3127828538417816, 0.3124401569366455, 0.3121054470539093, 0.31177687644958496, 0.31147152185440063, 0.31114640831947327, 0.31080904603004456, 0.3104642927646637, 0.31017839908599854, 0.3098520338535309, 0.3095187842845917, 0.30916476249694824, 0.3088063895702362, 0.30848008394241333, 0.3081025779247284, 0.3078005015850067, 0.30742138624191284, 0.30707815289497375, 0.30674999952316284, 0.3064042329788208, 0.30604472756385803, 0.3057367503643036, 0.30543074011802673, 0.30510103702545166, 0.30472880601882935, 0.3043749928474426, 0.3040684759616852, 0.30369967222213745, 0.30337753891944885, 0.30302542448043823, 0.30268338322639465, 0.3023931086063385, 0.3020113706588745, 0.3016975522041321, 0.30132678151130676, 0.3010181784629822, 0.30062490701675415, 0.30026504397392273, 0.299964040517807, 0.299542635679245, 0.29918286204338074, 0.2988511919975281, 0.29853108525276184, 0.2981797158718109, 0.29783937335014343, 0.29751768708229065, 0.2972014546394348, 0.2968103289604187, 0.29647791385650635, 0.2960846722126007, 0.2957974970340729, 0.2954579293727875, 0.2951003313064575, 0.29472967982292175, 0.29438284039497375, 0.2940468490123749, 0.2937312126159668, 0.29335638880729675, 0.293023020029068, 0.2926793694496155, 0.2923041880130768, 0.2919900119304657, 0.29168856143951416, 0.2913758456707001, 0.2910408675670624]",33.0,"[33.0, 33.0, 33.0, 33.0, 33.0, 33.0, 33.0, 33.0, 33.0, 33.0, 33.0, 33.0, 33.0, 33.0, 33.0, 33.0, 33.0, 33.0, 33.0, 33.0, 33.0, 33.0, 33.0, 33.0, 33.0, 33.0, 33.0, 33.0, 33.0, 33.0, 33.0, 33.0, 33.0, 33.0, 33.0, 33.0, 33.0, 33.0, 33.0, 33.0, 33.0, 33.0, 33.0, 33.0, 33.0, 33.0, 33.0, 33.0, 33.0, 33.0, 33.0, 33.0, 33.0, 33.0, 33.0, 33.0, 33.0, 33.0, 33.0, 33.0, 33.0, 33.0, 33.0, 33.0, 33.0, 33.0, 33.0, 33.0, 33.0, 33.0, 33.0, 33.0, 33.0, 33.0, 33.0, 33.0, 33.0, 33.0, 33.0, 33.0, 33.0, 33.0, 33.0, 33.0, 33.0, 33.0, 33.0, 33.0, 33.0, 33.0, 33.0, 33.0, 33.0, 33.0, 33.0, 33.0, 33.0, 33.0, 33.0, 33.0, 33.0, 33.0, 33.0, 33.0, 33.0, 33.0, 33.0, 33.0, 33.0, 33.0, 33.0, 33.0, 33.0, 33.0, 33.0, 33.0, 33.0, 33.0, 33.0, 33.0, 33.0, 33.0, 33.0, 33.0, 33.0, 33.0, 33.0, 33.0, 33.0, 33.0, 33.0, 33.0, 33.0, 33.0, 33.0, 33.0, 33.0, 33.0, 33.0, 33.0, 33.0, 33.0, 33.0, 33.0, 33.0, 33.0, 33.0, 33.0, 33.0, 33.0, 33.0, 33.0, 33.0, 33.0, 33.0, 33.0, 33.0, 33.0, 33.0, 33.0, 33.0, 33.0, 33.0, 33.0, 33.0, 33.0, 33.0, 33.0, 33.0, 33.0, 33.0, 33.0, 33.0, 33.0, 33.0, 33.0, 33.0, 33.0, 33.0, 33.0, 33.0, 33.0, 33.0, 33.0, 33.0, 33.0, 33.0, 33.0, 33.0, 33.0, 33.0, 33.0, 33.0, 33.0, 33.0, 33.0, 33.0, 33.0, 33.0, 33.0, 33.0, 33.0, 33.0, 33.0, 33.0, 33.0, 33.0, 33.0, 33.0, 33.0, 33.0, 33.0, 33.0, 33.0, 33.0, 33.0, 33.0, 33.0, 33.0, 33.0, 33.0, 33.0, 33.0, 33.0, 33.0, 33.0, 33.0, 33.0, 33.0, 33.0, 33.0, 33.0, 33.0, 33.0, 33.0, 33.0, 33.0, 33.0, 33.0, 33.0, 33.0, 33.0, 33.0, 33.0, 33.0, 33.0, 33.0, 33.0, 33.0, 33.0, 33.0, 33.0, 33.0, 33.0, 33.0, 33.0, 33.0, 33.0, 33.0, 33.0, 33.0, 33.0, 33.0, 33.0, 33.0, 33.0, 33.0, 33.0, 33.0, 33.0, 33.0, 33.0, 33.0, 33.0, 33.0, 33.0, 33.0, 33.0, 33.0, 33.0, 33.0, 33.0, 33.0, 33.0, 33.0, 33.0, 33.0, 33.0, 33.0, 33.0, 33.0, 33.0, 33.0, 33.0, 33.0]",COMPLETE
