,number,value,datetime_start,datetime_complete,duration,params_batch_size_scaler,params_constant_learning_rate,params_depth,params_epochs,params_kernel_l2,params_num_trees,params_temperature,user_attrs_accuracy_test,user_attrs_accuracy_valid,user_attrs_approximate_feature_sparsity,user_attrs_approximate_feature_sparsity_history,user_attrs_approximate_weight_sparsity,user_attrs_approximate_weight_sparsity_history,user_attrs_auc_test,user_attrs_auc_valid,user_attrs_feature_sparsity,user_attrs_feature_sparsity_history,user_attrs_num_epochs,user_attrs_val_loss_history,user_attrs_weight_sparsity,user_attrs_weight_sparsity_history,state
16,16,0.7299403588772526,2024-08-31 01:04:35.543817,2024-08-31 01:05:20.801207,0 days 00:00:45.257390,16,0.01213350005578523,2,220,0.07812458554699703,21,0.0008021781889962128,0.871,0.8725,33,"[33, 33, 33, 33, 33, 33, 33, 33, 33, 33, 33, 33, 33, 33, 33, 33, 33, 33, 33, 33, 33, 33, 33, 33, 33, 33, 33, 33, 33, 33, 33, 33, 33, 33, 33, 33, 33, 33, 33, 33, 33, 33, 33, 33, 33, 33, 33, 33, 33, 33, 33, 33, 33, 33, 33, 33, 33, 33, 33, 33, 33, 33, 33, 33, 33, 33, 33, 33, 33, 33, 33, 33, 33, 33, 33, 33, 33, 33, 33, 33, 33, 33, 33, 33, 33, 33, 33, 33, 33, 33, 33, 33, 33, 33, 33, 33, 33, 33, 33, 33, 33, 33, 33, 33, 33, 33, 33, 33, 33, 33, 33, 33, 33, 33, 33, 33, 33, 33, 33, 33, 33, 33, 33, 33, 33, 33, 33, 33, 33, 33, 33, 33, 33, 33, 33, 33, 33, 33, 33, 33, 33, 33, 33, 33, 33, 33, 33, 33, 33, 33, 33, 33, 33, 33, 33, 33, 33, 33, 33, 33, 33, 33, 33, 33, 33, 33, 33, 33, 33, 33, 33, 33, 33, 33, 33, 33, 33, 33, 33, 33, 33, 33, 33, 33, 33, 33, 33, 33, 33, 33, 33, 33, 33, 33, 33, 33, 33, 33, 33, 33, 33, 33, 33, 33, 33, 33, 33, 33, 33, 33, 33, 33, 33, 33, 33, 33, 33, 33, 33, 33]",33.0,"[33.0, 33.0, 33.0, 33.0, 33.0, 32.98412698412699, 32.98412698412699, 33.0, 33.0, 33.0, 33.0, 33.0, 32.98412698412699, 32.98412698412699, 32.98412698412699, 33.0, 32.98412698412699, 32.98412698412699, 33.0, 33.0, 33.0, 33.0, 33.0, 33.0, 33.0, 33.0, 33.0, 32.98412698412699, 32.98412698412699, 33.0, 32.98412698412699, 33.0, 33.0, 33.0, 33.0, 33.0, 33.0, 32.98412698412699, 33.0, 32.98412698412699, 32.98412698412699, 33.0, 33.0, 33.0, 33.0, 32.98412698412699, 32.96825396825397, 32.98412698412699, 33.0, 32.98412698412699, 32.96825396825397, 32.96825396825397, 33.0, 33.0, 33.0, 33.0, 33.0, 33.0, 33.0, 32.98412698412699, 33.0, 32.98412698412699, 33.0, 33.0, 32.98412698412699, 33.0, 33.0, 33.0, 33.0, 33.0, 32.96825396825397, 32.96825396825397, 32.96825396825397, 32.98412698412699, 33.0, 32.98412698412699, 33.0, 32.98412698412699, 33.0, 33.0, 33.0, 33.0, 33.0, 32.98412698412699, 32.98412698412699, 32.98412698412699, 32.98412698412699, 32.98412698412699, 33.0, 33.0, 33.0, 32.98412698412699, 32.98412698412699, 32.98412698412699, 33.0, 33.0, 32.98412698412699, 33.0, 33.0, 33.0, 33.0, 32.96825396825397, 32.98412698412699, 32.98412698412699, 32.98412698412699, 33.0, 33.0, 33.0, 33.0, 33.0, 33.0, 33.0, 32.98412698412699, 33.0, 33.0, 33.0, 32.98412698412699, 33.0, 33.0, 33.0, 33.0, 32.98412698412699, 33.0, 33.0, 33.0, 33.0, 33.0, 33.0, 32.98412698412699, 33.0, 33.0, 33.0, 33.0, 32.98412698412699, 33.0, 33.0, 32.98412698412699, 33.0, 32.96825396825397, 32.98412698412699, 32.98412698412699, 32.96825396825397, 32.98412698412699, 32.98412698412699, 33.0, 32.98412698412699, 33.0, 33.0, 33.0, 33.0, 33.0, 32.96825396825397, 32.98412698412699, 33.0, 32.98412698412699, 32.98412698412699, 32.98412698412699, 33.0, 33.0, 33.0, 32.98412698412699, 32.98412698412699, 32.98412698412699, 33.0, 33.0, 33.0, 33.0, 32.98412698412699, 32.96825396825397, 32.98412698412699, 33.0, 33.0, 33.0, 32.98412698412699, 32.98412698412699, 32.98412698412699, 32.96825396825397, 33.0, 33.0, 33.0, 32.95238095238095, 32.96825396825397, 32.96825396825397, 32.96825396825397, 32.96825396825397, 32.96825396825397, 32.96825396825397, 32.98412698412699, 32.98412698412699, 32.98412698412699, 32.98412698412699, 32.98412698412699, 33.0, 33.0, 33.0, 33.0, 33.0, 32.96825396825397, 32.96825396825397, 32.98412698412699, 32.98412698412699, 32.96825396825397, 32.98412698412699, 32.96825396825397, 32.96825396825397, 32.96825396825397, 32.98412698412699, 33.0, 33.0, 33.0, 33.0, 32.98412698412699, 32.98412698412699, 32.98412698412699, 32.96825396825397, 33.0, 33.0, 33.0, 33.0, 33.0]",0.7640337189045484,0.7299403588772526,33,"[33, 33, 33, 33, 33, 33, 33, 33, 33, 33, 33, 33, 33, 33, 33, 33, 33, 33, 33, 33, 33, 33, 33, 33, 33, 33, 33, 33, 33, 33, 33, 33, 33, 33, 33, 33, 33, 33, 33, 33, 33, 33, 33, 33, 33, 33, 33, 33, 33, 33, 33, 33, 33, 33, 33, 33, 33, 33, 33, 33, 33, 33, 33, 33, 33, 33, 33, 33, 33, 33, 33, 33, 33, 33, 33, 33, 33, 33, 33, 33, 33, 33, 33, 33, 33, 33, 33, 33, 33, 33, 33, 33, 33, 33, 33, 33, 33, 33, 33, 33, 33, 33, 33, 33, 33, 33, 33, 33, 33, 33, 33, 33, 33, 33, 33, 33, 33, 33, 33, 33, 33, 33, 33, 33, 33, 33, 33, 33, 33, 33, 33, 33, 33, 33, 33, 33, 33, 33, 33, 33, 33, 33, 33, 33, 33, 33, 33, 33, 33, 33, 33, 33, 33, 33, 33, 33, 33, 33, 33, 33, 33, 33, 33, 33, 33, 33, 33, 33, 33, 33, 33, 33, 33, 33, 33, 33, 33, 33, 33, 33, 33, 33, 33, 33, 33, 33, 33, 33, 33, 33, 33, 33, 33, 33, 33, 33, 33, 33, 33, 33, 33, 33, 33, 33, 33, 33, 33, 33, 33, 33, 33, 33, 33, 33, 33, 33, 33, 33, 33, 33]",220,"[0.6507856845855713, 0.5524328947067261, 0.5085318684577942, 0.486990362405777, 0.4755812883377075, 0.46897923946380615, 0.464954674243927, 0.46232032775878906, 0.4604822099208832, 0.45901480317115784, 0.4578164219856262, 0.4567863345146179, 0.4558890461921692, 0.4550391137599945, 0.45425480604171753, 0.45352867245674133, 0.45283135771751404, 0.45214247703552246, 0.4514829218387604, 0.45082464814186096, 0.4501837491989136, 0.44958677887916565, 0.44900569319725037, 0.4484356939792633, 0.4478576183319092, 0.4473150968551636, 0.44677600264549255, 0.4462282657623291, 0.445702463388443, 0.4451811611652374, 0.4446816146373749, 0.44420987367630005, 0.443739116191864, 0.44327276945114136, 0.4428143799304962, 0.4423607885837555, 0.4419088065624237, 0.4414674639701843, 0.44104278087615967, 0.4406212568283081, 0.4402110278606415, 0.43980976939201355, 0.4393991231918335, 0.4390018880367279, 0.4386204183101654, 0.4382363557815552, 0.43786734342575073, 0.4374937117099762, 0.4371200501918793, 0.43675366044044495, 0.4364047944545746, 0.4360463321208954, 0.43570995330810547, 0.4353608787059784, 0.43501564860343933, 0.4346804916858673, 0.43434372544288635, 0.43403640389442444, 0.4337111711502075, 0.43338873982429504, 0.43308964371681213, 0.43278968334198, 0.4324788749217987, 0.43219658732414246, 0.43188804388046265, 0.431573748588562, 0.43126991391181946, 0.43098294734954834, 0.4307267367839813, 0.430418461561203, 0.4301198720932007, 0.42984461784362793, 0.42956307530403137, 0.429284006357193, 0.4290256202220917, 0.4287550449371338, 0.4284825026988983, 0.4282219409942627, 0.4279612600803375, 0.4276832640171051, 0.42743924260139465, 0.4271928369998932, 0.4269287586212158, 0.4266641139984131, 0.4264087975025177, 0.42617446184158325, 0.42592865228652954, 0.42569947242736816, 0.42545172572135925, 0.4251977205276489, 0.42494937777519226, 0.4247041344642639, 0.42446285486221313, 0.4242200553417206, 0.42397865653038025, 0.4237324893474579, 0.4235122799873352, 0.4232931435108185, 0.4230632483959198, 0.4228387475013733, 0.42259663343429565, 0.4223664104938507, 0.4221828579902649, 0.42196032404899597, 0.42171257734298706, 0.4214855134487152, 0.42128485441207886, 0.42107346653938293, 0.4208718538284302, 0.42064377665519714, 0.42043590545654297, 0.42019760608673096, 0.41995707154273987, 0.4197297990322113, 0.41951531171798706, 0.4193064868450165, 0.41910985112190247, 0.4188847839832306, 0.418687105178833, 0.4184763431549072, 0.418265700340271, 0.418075829744339, 0.41787949204444885, 0.4176575839519501, 0.4174417555332184, 0.41721972823143005, 0.4170188903808594, 0.4168098568916321, 0.41660836338996887, 0.4163892865180969, 0.416190505027771, 0.41597217321395874, 0.41578856110572815, 0.4155780076980591, 0.4153699576854706, 0.4151473343372345, 0.41496768593788147, 0.4147777557373047, 0.4145876169204712, 0.4143928587436676, 0.4141857922077179, 0.41397446393966675, 0.41377556324005127, 0.41359269618988037, 0.4133836328983307, 0.41319751739501953, 0.4130137264728546, 0.4128471314907074, 0.4126269221305847, 0.4124370813369751, 0.41225823760032654, 0.41204720735549927, 0.41183242201805115, 0.4116142988204956, 0.4114179313182831, 0.411228746175766, 0.4110259711742401, 0.4108447730541229, 0.41063162684440613, 0.41047754883766174, 0.41028571128845215, 0.4101144075393677, 0.409951388835907, 0.4097720980644226, 0.40958401560783386, 0.40937864780426025, 0.4091489911079407, 0.4089532792568207, 0.4087476432323456, 0.40856078267097473, 0.40838927030563354, 0.4082185626029968, 0.40804436802864075, 0.40786099433898926, 0.40766769647598267, 0.4074937701225281, 0.4073154330253601, 0.40712299942970276, 0.40692585706710815, 0.4067224860191345, 0.4065280556678772, 0.40634405612945557, 0.40615954995155334, 0.4059874415397644, 0.4057963192462921, 0.40560382604599, 0.40542247891426086, 0.40524402260780334, 0.40507373213768005, 0.40490490198135376, 0.4047333598136902, 0.4045764207839966, 0.4043808877468109, 0.4041963517665863, 0.4040032625198364, 0.4038238823413849, 0.4036204218864441, 0.4034467339515686, 0.40328025817871094, 0.4030916690826416, 0.40287545323371887, 0.4026810824871063, 0.40250298380851746, 0.40232694149017334, 0.40211954712867737, 0.40195751190185547, 0.4017975926399231, 0.40162739157676697, 0.4014594554901123, 0.40128764510154724, 0.4011031687259674, 0.40090546011924744, 0.4007125794887543, 0.4005223214626312, 0.40033015608787537, 0.4001535475254059, 0.39997267723083496, 0.3997969329357147, 0.3996170163154602, 0.3994506597518921]",33.0,"[33.0, 33.0, 33.0, 33.0, 33.0, 33.0, 33.0, 33.0, 33.0, 33.0, 33.0, 33.0, 33.0, 33.0, 33.0, 33.0, 33.0, 33.0, 33.0, 33.0, 33.0, 33.0, 33.0, 33.0, 33.0, 33.0, 33.0, 33.0, 33.0, 33.0, 33.0, 33.0, 33.0, 33.0, 33.0, 33.0, 33.0, 33.0, 33.0, 33.0, 33.0, 33.0, 33.0, 33.0, 33.0, 33.0, 33.0, 33.0, 33.0, 33.0, 33.0, 33.0, 33.0, 33.0, 33.0, 33.0, 33.0, 33.0, 33.0, 33.0, 33.0, 33.0, 33.0, 33.0, 33.0, 33.0, 33.0, 33.0, 33.0, 33.0, 33.0, 33.0, 33.0, 33.0, 33.0, 33.0, 33.0, 33.0, 33.0, 33.0, 33.0, 33.0, 33.0, 33.0, 33.0, 33.0, 33.0, 33.0, 33.0, 33.0, 33.0, 33.0, 33.0, 33.0, 33.0, 33.0, 33.0, 33.0, 33.0, 33.0, 33.0, 33.0, 33.0, 33.0, 33.0, 33.0, 33.0, 33.0, 33.0, 33.0, 33.0, 33.0, 33.0, 33.0, 33.0, 33.0, 33.0, 33.0, 33.0, 33.0, 33.0, 33.0, 33.0, 33.0, 33.0, 33.0, 33.0, 33.0, 33.0, 33.0, 33.0, 33.0, 33.0, 33.0, 33.0, 33.0, 33.0, 33.0, 33.0, 33.0, 33.0, 33.0, 33.0, 33.0, 33.0, 33.0, 33.0, 33.0, 33.0, 33.0, 33.0, 33.0, 33.0, 33.0, 33.0, 33.0, 33.0, 33.0, 33.0, 33.0, 33.0, 33.0, 33.0, 33.0, 33.0, 33.0, 33.0, 33.0, 33.0, 33.0, 33.0, 33.0, 33.0, 33.0, 33.0, 33.0, 33.0, 33.0, 33.0, 33.0, 33.0, 33.0, 33.0, 33.0, 33.0, 33.0, 33.0, 33.0, 33.0, 33.0, 33.0, 33.0, 33.0, 33.0, 33.0, 33.0, 33.0, 33.0, 33.0, 33.0, 33.0, 33.0, 33.0, 33.0, 33.0, 33.0, 33.0, 33.0, 33.0, 33.0, 33.0, 33.0, 33.0, 33.0, 33.0, 33.0, 33.0, 33.0, 33.0, 33.0]",COMPLETE
17,17,0.7871211242931304,2024-08-31 01:05:21.401294,2024-08-31 01:08:59.884762,0 days 00:03:38.483468,1,0.03229942677572467,5,35,0.21151863300910145,66,0.046332574565487124,0.878,0.87125,33,"[33, 33, 33, 33, 33, 33, 33, 33, 33, 33, 33, 33, 33, 33, 33, 33, 33, 33, 33, 33, 33, 33, 33, 33, 33, 33, 33, 33, 33, 33, 33, 33, 33, 33, 33]",32.92815249266862,"[32.93010752688172, 32.94037145650049, 32.9286412512219, 32.93352883675465, 32.93499511241447, 32.92766373411535, 32.93010752688172, 32.93695014662757, 32.92424242424243, 32.93743890518084, 32.941348973607035, 32.92913000977517, 32.92179863147605, 32.926197458455526, 32.93255131964809, 32.923264907135874, 32.93401759530792, 32.93743890518084, 32.934017595307914, 32.93988269794722, 32.93695014662757, 32.93597262952102, 32.933040078201365, 32.93646138807429, 32.93401759530792, 32.92913000977517, 32.93597262952102, 32.93352883675465, 32.929618768328446, 32.93352883675465, 32.922287390029325, 32.93108504398827, 32.93010752688172, 32.92668621700879, 32.92815249266862]",0.8134479313732774,0.7871211242931304,33,"[33, 33, 33, 33, 33, 33, 33, 33, 33, 33, 33, 33, 33, 33, 33, 33, 33, 33, 33, 33, 33, 33, 33, 33, 33, 33, 33, 33, 33, 33, 33, 33, 33, 33, 33]",35,"[0.39950236678123474, 0.39109089970588684, 0.3857651650905609, 0.3816044330596924, 0.3787091374397278, 0.3762514591217041, 0.37414130568504333, 0.37230145931243896, 0.370979905128479, 0.3688774108886719, 0.3674173355102539, 0.3658694326877594, 0.3644329905509949, 0.363007515668869, 0.3614353537559509, 0.3599579632282257, 0.358948290348053, 0.3578096628189087, 0.3564719259738922, 0.3545818030834198, 0.3535592555999756, 0.3524264097213745, 0.35074928402900696, 0.3499618172645569, 0.3485616445541382, 0.3469761312007904, 0.3457235097885132, 0.3445727825164795, 0.34332290291786194, 0.34192129969596863, 0.3408738076686859, 0.33954840898513794, 0.33817777037620544, 0.3370589017868042, 0.3356269598007202]",33.0,"[33.0, 33.0, 33.0, 33.0, 33.0, 33.0, 33.0, 33.0, 33.0, 33.0, 33.0, 33.0, 33.0, 33.0, 33.0, 33.0, 33.0, 33.0, 33.0, 33.0, 33.0, 33.0, 33.0, 33.0, 33.0, 33.0, 33.0, 33.0, 33.0, 33.0, 33.0, 33.0, 33.0, 33.0, 33.0]",COMPLETE
18,18,0.7648233308858574,2024-08-31 01:09:00.440609,2024-08-31 01:09:17.416341,0 days 00:00:16.975732,64,0.11366565678007234,2,90,0.013247874946896597,6,0.0032502225252105323,0.871,0.87375,29,"[33, 33, 33, 33, 33, 33, 33, 33, 33, 33, 33, 33, 33, 33, 33, 33, 33, 33, 33, 33, 33, 33, 33, 33, 33, 33, 33, 33, 33, 33, 33, 33, 33, 33, 33, 33, 33, 33, 33, 33, 33, 33, 33, 33, 33, 33, 33, 33, 33, 33, 33, 33, 33, 33, 33, 33, 33, 33, 33, 33, 33, 33, 33, 32, 32, 32, 32, 32, 32, 32, 31, 31, 31, 31, 31, 31, 31, 31, 31, 30, 30, 30, 30, 29, 29, 29, 29, 29, 29, 29]",29.0,"[33.0, 33.0, 33.0, 33.0, 33.0, 33.0, 33.0, 33.0, 32.94444444444444, 33.0, 33.0, 33.0, 33.0, 32.94444444444444, 32.94444444444444, 33.0, 33.0, 33.0, 33.0, 32.94444444444444, 32.94444444444444, 33.0, 33.0, 33.0, 33.0, 33.0, 33.0, 33.0, 33.0, 33.0, 33.0, 33.0, 33.0, 33.0, 33.0, 33.0, 32.94444444444444, 32.94444444444444, 33.0, 33.0, 33.0, 33.0, 33.0, 33.0, 33.0, 33.0, 33.0, 33.0, 33.0, 33.0, 33.0, 33.0, 33.0, 33.0, 33.0, 33.0, 33.0, 33.0, 32.94444444444444, 33.0, 32.94444444444444, 33.0, 33.0, 32.0, 32.0, 32.0, 32.0, 32.0, 32.0, 32.0, 31.0, 31.0, 31.0, 31.0, 30.944444444444443, 31.0, 31.0, 31.0, 31.0, 30.0, 30.0, 30.0, 30.0, 29.0, 28.944444444444443, 29.0, 29.0, 29.0, 29.0, 29.0]",0.79294743186453,0.7648233308858574,29,"[33, 33, 33, 33, 33, 33, 33, 33, 33, 33, 33, 33, 33, 33, 33, 33, 33, 33, 33, 33, 33, 33, 33, 33, 33, 33, 33, 33, 33, 33, 33, 33, 33, 33, 33, 33, 33, 33, 33, 33, 33, 33, 33, 33, 33, 33, 33, 33, 33, 33, 33, 33, 33, 33, 33, 33, 33, 33, 33, 33, 33, 33, 33, 32, 32, 32, 32, 32, 32, 32, 31, 31, 31, 31, 31, 31, 31, 31, 31, 30, 30, 30, 30, 29, 29, 29, 29, 29, 29, 29]",90,"[0.5384795665740967, 0.4818688929080963, 0.4511297643184662, 0.4347172677516937, 0.4253460764884949, 0.41880694031715393, 0.414795845746994, 0.4108935296535492, 0.4083174765110016, 0.4058069586753845, 0.4044153094291687, 0.4029030501842499, 0.40146782994270325, 0.3998450040817261, 0.39852455258369446, 0.3972409963607788, 0.39590492844581604, 0.3945727050304413, 0.3935113847255707, 0.3925613760948181, 0.39146631956100464, 0.3905909061431885, 0.3896642029285431, 0.3887943923473358, 0.38812029361724854, 0.38740652799606323, 0.3866448998451233, 0.3859623372554779, 0.3853119909763336, 0.38463398814201355, 0.38392889499664307, 0.3831251263618469, 0.38267403841018677, 0.38195687532424927, 0.381322979927063, 0.38086438179016113, 0.38024866580963135, 0.3797731101512909, 0.37902358174324036, 0.3785167336463928, 0.37788811326026917, 0.3774125277996063, 0.3768639862537384, 0.3762740194797516, 0.3758019208908081, 0.3752928674221039, 0.37487927079200745, 0.3743381202220917, 0.37387511134147644, 0.3733493685722351, 0.37278568744659424, 0.3721935749053955, 0.37178024649620056, 0.37126728892326355, 0.3707272708415985, 0.3703070878982544, 0.3698795735836029, 0.36954957246780396, 0.36901581287384033, 0.36856818199157715, 0.3680734932422638, 0.3677385449409485, 0.36734551191329956, 0.3668825626373291, 0.36620503664016724, 0.3656444549560547, 0.3652907609939575, 0.3648083508014679, 0.3645385503768921, 0.3639819324016571, 0.36233872175216675, 0.3619139492511749, 0.3614775538444519, 0.36099475622177124, 0.36052578687667847, 0.3601943254470825, 0.35989609360694885, 0.3595227301120758, 0.35923412442207336, 0.35798922181129456, 0.3575006127357483, 0.3572760820388794, 0.35682496428489685, 0.35770130157470703, 0.3570171594619751, 0.3565259873867035, 0.35606613755226135, 0.3555244207382202, 0.3551832437515259, 0.3546682596206665]",29.0,"[33.0, 33.0, 33.0, 33.0, 33.0, 33.0, 33.0, 33.0, 33.0, 33.0, 33.0, 33.0, 33.0, 33.0, 33.0, 33.0, 33.0, 33.0, 33.0, 33.0, 33.0, 33.0, 33.0, 33.0, 33.0, 33.0, 33.0, 33.0, 33.0, 33.0, 33.0, 33.0, 33.0, 33.0, 33.0, 33.0, 33.0, 33.0, 33.0, 33.0, 33.0, 33.0, 33.0, 33.0, 33.0, 33.0, 33.0, 33.0, 33.0, 33.0, 33.0, 33.0, 33.0, 33.0, 33.0, 33.0, 33.0, 33.0, 33.0, 33.0, 33.0, 33.0, 33.0, 32.0, 32.0, 32.0, 32.0, 32.0, 32.0, 32.0, 31.0, 31.0, 31.0, 31.0, 31.0, 31.0, 31.0, 31.0, 31.0, 30.0, 30.0, 30.0, 30.0, 29.0, 29.0, 29.0, 29.0, 29.0, 29.0, 29.0]",COMPLETE
