,number,value,datetime_start,datetime_complete,duration,params_batch_size_scaler,params_constant_learning_rate,params_depth,params_epochs,params_kernel_l2,params_num_trees,params_temperature,user_attrs_accuracy_test,user_attrs_accuracy_valid,user_attrs_approximate_feature_sparsity,user_attrs_approximate_feature_sparsity_history,user_attrs_approximate_weight_sparsity,user_attrs_approximate_weight_sparsity_history,user_attrs_auc_test,user_attrs_auc_valid,user_attrs_feature_sparsity,user_attrs_feature_sparsity_history,user_attrs_num_epochs,user_attrs_val_loss_history,user_attrs_weight_sparsity,user_attrs_weight_sparsity_history,state
166,166,0.9289459107830634,2024-08-31 08:26:06.297566,2024-08-31 08:31:43.748896,0 days 00:05:37.451330,4,0.28393915706513256,5,290,0.04489787352568118,74,0.0030745056756446114,0.947,0.94625,32,"[33, 33, 33, 33, 33, 33, 33, 33, 33, 33, 33, 33, 33, 33, 33, 33, 33, 33, 33, 33, 33, 33, 33, 33, 33, 33, 33, 33, 33, 33, 33, 33, 33, 33, 33, 33, 33, 33, 33, 33, 33, 33, 33, 33, 33, 33, 33, 33, 33, 33, 33, 33, 33, 33, 33, 33, 33, 33, 33, 33, 33, 33, 33, 33, 33, 33, 33, 33, 33, 33, 33, 33, 33, 33, 33, 33, 33, 33, 33, 33, 33, 33, 33, 33, 33, 33, 33, 33, 33, 33, 33, 33, 33, 33, 33, 33, 33, 33, 33, 33, 33, 33, 33, 33, 33, 33, 33, 33, 33, 32, 32, 32, 32, 32, 32, 32, 32, 32, 32, 32, 32, 32, 32, 32, 32, 32, 32, 32, 32, 32, 32, 32, 32, 32, 32, 32, 32, 32, 32, 32, 32, 32, 32, 32, 32, 32, 32, 32, 32, 32, 32, 32, 32, 32, 32, 32, 32, 32, 32, 32, 32, 32, 32, 32, 32, 32, 32, 32, 32, 32, 32, 32, 32, 32, 32, 32, 32, 32, 32, 32, 32, 32, 32, 32, 32, 32, 32, 32, 32, 32, 32, 32, 32, 32, 32, 32, 32, 32, 32, 32, 32, 32, 32, 32, 32, 32, 32, 32, 32, 32, 32, 32, 32, 32, 32, 32, 32, 32, 32, 32, 32, 32, 32, 32, 32, 32, 32, 32, 32, 32, 32, 32, 32, 32, 32, 32, 32, 32, 32, 32, 32, 32, 32, 32, 32, 32, 32, 32, 32, 32, 32, 32, 32, 32, 32, 32, 32, 32, 32, 32, 32, 32, 32, 32, 32, 32, 32, 32, 32, 32, 32, 32, 32, 32, 32, 32, 32, 32, 32, 32, 32, 32, 32, 32, 32, 32, 32, 32, 32, 32]",31.94463818657367,"[32.94027898866609, 32.9359197907585, 32.93809938971229, 32.935919790758504, 32.928945074106366, 32.93809938971229, 32.94027898866609, 32.93286835222319, 32.93853530950305, 32.93504795117698, 32.928945074106366, 32.92371403661727, 32.931560592850914, 32.93766346992154, 32.942458587619875, 32.94115082824761, 32.942894507410635, 32.93679163034002, 32.94071490845684, 32.946817785527465, 32.944202266782916, 32.94507410636443, 32.93330427201395, 32.94158674803836, 32.939407149084566, 32.93722755013078, 32.94071490845684, 32.93679163034002, 32.93461203138622, 32.93374019180471, 32.9359197907585, 32.925021795989544, 32.931996512641675, 32.93461203138622, 32.94071490845684, 32.93679163034002, 32.93417611159547, 32.931560592850914, 32.931996512641675, 32.939407149084566, 32.93853530950305, 32.93330427201395, 32.9411508282476, 32.93461203138622, 32.93853530950305, 32.94027898866609, 32.935483870967744, 32.94027898866609, 32.943330427201396, 32.94463818657367, 32.93722755013077, 32.93243243243243, 32.939407149084566, 32.94071490845684, 32.94899738448126, 32.94158674803836, 32.93417611159546, 32.94027898866609, 32.939407149084566, 32.93417611159546, 32.94115082824761, 32.942458587619875, 32.93853530950305, 32.92458587619878, 32.931560592850914, 32.94202266782912, 32.93504795117698, 32.94027898866608, 32.93984306887533, 32.93984306887533, 32.939407149084566, 32.93722755013078, 32.932868352223196, 32.93025283347864, 32.93374019180471, 32.943766346992156, 32.94027898866609, 32.93940714908457, 32.93984306887533, 32.939407149084566, 32.931996512641675, 32.931996512641675, 32.932868352223196, 32.93417611159547, 32.94027898866609, 32.93504795117698, 32.932432432432435, 32.93853530950305, 32.94027898866609, 32.93809938971229, 32.9359197907585, 32.93809938971229, 32.943766346992156, 32.93679163034002, 32.939407149084566, 32.93984306887533, 32.935483870967744, 32.93330427201395, 32.93504795117698, 32.94768962510898, 32.938971229293806, 32.94071490845684, 32.93940714908457, 32.939407149084566, 32.94202266782912, 32.93853530950305, 32.93897122929381, 32.94071490845684, 32.935483870967744, 31.936355710549257, 31.935047951176983, 31.936355710549257, 31.938099389712292, 31.9359197907585, 31.943766346992152, 31.94158674803836, 31.934612031386227, 31.940714908456844, 31.94158674803836, 31.93722755013078, 31.935047951176983, 31.935483870967744, 31.936791630340018, 31.93504795117698, 31.938099389712296, 31.938535309503052, 31.93504795117698, 31.940714908456844, 31.937663469921535, 31.938535309503052, 31.93722755013078, 31.93374019180471, 31.935919790758504, 31.932868352223192, 31.928945074106366, 31.931560592850918, 31.933304272013952, 31.93374019180471, 31.938535309503056, 31.93635571054926, 31.931124673060157, 31.940714908456844, 31.93504795117698, 31.9359197907585, 31.934612031386227, 31.932868352223192, 31.92807323452485, 31.934176111595466, 31.928945074106366, 31.932432432432435, 31.93374019180471, 31.935047951176983, 31.934176111595466, 31.935483870967744, 31.938099389712292, 31.944202266782913, 31.938099389712292, 31.94245858761988, 31.945074106364427, 31.94202266782912, 31.945074106364427, 31.940278988666087, 31.939407149084566, 31.93853530950305, 31.942022667829118, 31.94507410636443, 31.945510026155187, 31.94768962510898, 31.945074106364427, 31.940714908456844, 31.937227550130775, 31.93984306887533, 31.942022667829118, 31.93548387096774, 31.942022667829118, 31.94202266782912, 31.939843068875327, 31.938535309503052, 31.931124673060157, 31.934612031386227, 31.935047951176987, 31.931996512641675, 31.929816913687883, 31.933740191804706, 31.9359197907585, 31.938971229293813, 31.940278988666083, 31.931996512641675, 31.932432432432435, 31.941586748038365, 31.937663469921535, 31.934612031386223, 31.939843068875327, 31.940714908456844, 31.94245858761988, 31.935047951176983, 31.941150828247604, 31.937663469921535, 31.93897122929381, 31.935047951176983, 31.935919790758504, 31.935483870967744, 31.935047951176983, 31.93243243243243, 31.93548387096774, 31.928509154315606, 31.935047951176983, 31.933740191804706, 31.93330427201395, 31.93286835222319, 31.928945074106363, 31.935047951176983, 31.939407149084566, 31.938535309503052, 31.934612031386227, 31.938099389712292, 31.93286835222319, 31.937663469921535, 31.941586748038358, 31.93766346992153, 31.937663469921535, 31.936791630340018, 31.938535309503052, 31.9411508282476, 31.943766346992152, 31.93940714908457, 31.948125544899742, 31.94289450741064, 31.938099389712296, 31.939843068875327, 31.941586748038365, 31.94463818657367, 31.94245858761988, 31.943766346992156, 31.940278988666083, 31.937663469921535, 31.936355710549257, 31.933740191804706, 31.93635571054926, 31.936791630340014, 31.942894507410635, 31.9359197907585, 31.938535309503056, 31.940714908456847, 31.940714908456844, 31.940278988666087, 31.93548387096774, 31.94725370531822, 31.94245858761988, 31.946817785527465, 31.946381865736704, 31.949433304272013, 31.94463818657367, 31.949433304272013, 31.94420226678291, 31.943330427201396, 31.94507410636443, 31.94507410636443, 31.946381865736704, 31.9411508282476, 31.949869224062773, 31.948997384481256, 31.942894507410635, 31.95074106364429, 31.95074106364429, 31.952920662598082, 31.94507410636443, 31.946381865736708, 31.94594594594595, 31.945945945945947, 31.94071490845684, 31.944638186573673, 31.945945945945944, 31.945945945945947, 31.948125544899742, 31.945945945945947, 31.95030514385353, 31.95335658238884, 31.955100261551877, 31.94420226678291, 31.949869224062773, 31.945945945945944, 31.946381865736704, 31.952920662598082, 31.945945945945947, 31.945945945945947, 31.948561464690496, 31.948997384481252, 31.9411508282476, 31.94463818657367]",0.913267117462991,0.9289459107830634,32,"[33, 33, 33, 33, 33, 33, 33, 33, 33, 33, 33, 33, 33, 33, 33, 33, 33, 33, 33, 33, 33, 33, 33, 33, 33, 33, 33, 33, 33, 33, 33, 33, 33, 33, 33, 33, 33, 33, 33, 33, 33, 33, 33, 33, 33, 33, 33, 33, 33, 33, 33, 33, 33, 33, 33, 33, 33, 33, 33, 33, 33, 33, 33, 33, 33, 33, 33, 33, 33, 33, 33, 33, 33, 33, 33, 33, 33, 33, 33, 33, 33, 33, 33, 33, 33, 33, 33, 33, 33, 33, 33, 33, 33, 33, 33, 33, 33, 33, 33, 33, 33, 33, 33, 33, 33, 33, 33, 33, 33, 32, 32, 32, 32, 32, 32, 32, 32, 32, 32, 32, 32, 32, 32, 32, 32, 32, 32, 32, 32, 32, 32, 32, 32, 32, 32, 32, 32, 32, 32, 32, 32, 32, 32, 32, 32, 32, 32, 32, 32, 32, 32, 32, 32, 32, 32, 32, 32, 32, 32, 32, 32, 32, 32, 32, 32, 32, 32, 32, 32, 32, 32, 32, 32, 32, 32, 32, 32, 32, 32, 32, 32, 32, 32, 32, 32, 32, 32, 32, 32, 32, 32, 32, 32, 32, 32, 32, 32, 32, 32, 32, 32, 32, 32, 32, 32, 32, 32, 32, 32, 32, 32, 32, 32, 32, 32, 32, 32, 32, 32, 32, 32, 32, 32, 32, 32, 32, 32, 32, 32, 32, 32, 32, 32, 32, 32, 32, 32, 32, 32, 32, 32, 32, 32, 32, 32, 32, 32, 32, 32, 32, 32, 32, 32, 32, 32, 32, 32, 32, 32, 32, 32, 32, 32, 32, 32, 32, 32, 32, 32, 32, 32, 32, 32, 32, 32, 32, 32, 32, 32, 32, 32, 32, 32, 32, 32, 32, 32, 32, 32, 32]",290,"[0.3860102891921997, 0.37685710191726685, 0.37185707688331604, 0.36696937680244446, 0.3668491840362549, 0.36062270402908325, 0.35725802183151245, 0.35427743196487427, 0.3513363301753998, 0.34824779629707336, 0.34506547451019287, 0.34332019090652466, 0.33991265296936035, 0.33656075596809387, 0.3341622054576874, 0.33140647411346436, 0.3285278379917145, 0.3259538412094116, 0.32315585017204285, 0.3197292387485504, 0.31646084785461426, 0.31322869658470154, 0.309772789478302, 0.3060673475265503, 0.30268576741218567, 0.29820576310157776, 0.2934958338737488, 0.2929494380950928, 0.2853482961654663, 0.2813655734062195, 0.2772867679595947, 0.27434301376342773, 0.2703230679035187, 0.26771819591522217, 0.2643700838088989, 0.26290270686149597, 0.25927576422691345, 0.2568737864494324, 0.254841148853302, 0.2531077563762665, 0.2502239942550659, 0.24863271415233612, 0.24724185466766357, 0.2451481819152832, 0.2431415617465973, 0.24205459654331207, 0.24153511226177216, 0.23828773200511932, 0.24024957418441772, 0.23693737387657166, 0.2361871600151062, 0.23348897695541382, 0.23173511028289795, 0.2297864705324173, 0.22888799011707306, 0.2288537472486496, 0.2270384579896927, 0.22643141448497772, 0.224932000041008, 0.22233538329601288, 0.22141285240650177, 0.22046193480491638, 0.2201189547777176, 0.21919217705726624, 0.2174287587404251, 0.21678602695465088, 0.21637199819087982, 0.21557483077049255, 0.2148565798997879, 0.21376682817935944, 0.21331295371055603, 0.2126593142747879, 0.21451601386070251, 0.21174503862857819, 0.20885618031024933, 0.2087697982788086, 0.20872823894023895, 0.20740459859371185, 0.20758888125419617, 0.20737193524837494, 0.206450417637825, 0.20562854409217834, 0.2043847143650055, 0.20477426052093506, 0.20431596040725708, 0.20176124572753906, 0.20237433910369873, 0.20154590904712677, 0.20222193002700806, 0.2033497393131256, 0.20235967636108398, 0.19961445033550262, 0.19940581917762756, 0.19774143397808075, 0.2000344693660736, 0.1972893327474594, 0.19851738214492798, 0.1979101598262787, 0.19947707653045654, 0.19979611039161682, 0.1967628300189972, 0.19788092374801636, 0.19837795197963715, 0.19550634920597076, 0.1955336034297943, 0.1947454959154129, 0.19550961256027222, 0.19790998101234436, 0.19346019625663757, 0.1937134563922882, 0.19612912833690643, 0.1944083571434021, 0.19231519103050232, 0.19436493515968323, 0.19393722712993622, 0.1924620419740677, 0.19504572451114655, 0.19245019555091858, 0.19935688376426697, 0.19301582872867584, 0.19197450578212738, 0.19392253458499908, 0.1896306574344635, 0.18926048278808594, 0.19180551171302795, 0.190467968583107, 0.1903384029865265, 0.18787235021591187, 0.1884506195783615, 0.1907418966293335, 0.1888681948184967, 0.1903408020734787, 0.19236429035663605, 0.19198837876319885, 0.19073794782161713, 0.1870512068271637, 0.1907152682542801, 0.18555086851119995, 0.18638229370117188, 0.19295558333396912, 0.18870453536510468, 0.19015932083129883, 0.18613243103027344, 0.18631432950496674, 0.18756219744682312, 0.18660955131053925, 0.18750853836536407, 0.18692266941070557, 0.18674269318580627, 0.18498718738555908, 0.187003493309021, 0.1873449683189392, 0.18567535281181335, 0.18689757585525513, 0.18661145865917206, 0.18340016901493073, 0.18453480303287506, 0.18759293854236603, 0.18635711073875427, 0.185856893658638, 0.18334895372390747, 0.1864129602909088, 0.18470320105552673, 0.1839725524187088, 0.18424762785434723, 0.1834699958562851, 0.18305785953998566, 0.18334268033504486, 0.1799813210964203, 0.1859235018491745, 0.18388235569000244, 0.18521220982074738, 0.18264444172382355, 0.18236997723579407, 0.18270045518875122, 0.18504679203033447, 0.18799415230751038, 0.1796262562274933, 0.17968931794166565, 0.1822810173034668, 0.18825964629650116, 0.18231670558452606, 0.18244381248950958, 0.18071837723255157, 0.18242418766021729, 0.17949554324150085, 0.18168947100639343, 0.18064184486865997, 0.18363332748413086, 0.1808556318283081, 0.17952796816825867, 0.18229784071445465, 0.18061378598213196, 0.17852900922298431, 0.1807614117860794, 0.1817946434020996, 0.1806851178407669, 0.1812605857849121, 0.18458455801010132, 0.17855028808116913, 0.17998772859573364, 0.18195568025112152, 0.17997923493385315, 0.18136169016361237, 0.18318700790405273, 0.1797320395708084, 0.1844981610774994, 0.17901188135147095, 0.18089915812015533, 0.18073496222496033, 0.17980290949344635, 0.17853282392024994, 0.17907272279262543, 0.18255041539669037, 0.1812986582517624, 0.17898234724998474, 0.18057365715503693, 0.18286237120628357, 0.18229326605796814, 0.17936104536056519, 0.17995242774486542, 0.1845463514328003, 0.18110914528369904, 0.1804552525281906, 0.18268327414989471, 0.18513378500938416, 0.18038952350616455, 0.17958033084869385, 0.17834749817848206, 0.18006660044193268, 0.18062563240528107, 0.17912155389785767, 0.18240532279014587, 0.17966003715991974, 0.18133175373077393, 0.18082082271575928, 0.1859118640422821, 0.18232198059558868, 0.1813814491033554, 0.18614964187145233, 0.18050020933151245, 0.1802954077720642, 0.18379852175712585, 0.18322156369686127, 0.1847081333398819, 0.18264982104301453, 0.18281084299087524, 0.1892821341753006, 0.1817387193441391, 0.1884952336549759, 0.1828995645046234, 0.18470710515975952, 0.18324266374111176, 0.18791450560092926, 0.18203678727149963, 0.1833726465702057, 0.1821080595254898, 0.18420173227787018, 0.18725095689296722, 0.183379128575325, 0.185600146651268, 0.1831192821264267, 0.183705672621727, 0.1824669986963272, 0.18271712958812714, 0.18776239454746246, 0.1847643256187439, 0.18514388799667358, 0.185328409075737, 0.1851508468389511, 0.1838356852531433, 0.1856580227613449, 0.1841142326593399, 0.18367324769496918, 0.18281646072864532, 0.18434764444828033, 0.18732908368110657, 0.18314656615257263, 0.18409846723079681, 0.1901981681585312, 0.18595142662525177, 0.19206029176712036, 0.1857127994298935, 0.18770986795425415, 0.186817467212677, 0.193011075258255, 0.18725354969501495, 0.19342832267284393, 0.1870919018983841, 0.1885136067867279]",32.0,"[33.0, 33.0, 33.0, 33.0, 33.0, 33.0, 33.0, 33.0, 33.0, 33.0, 33.0, 33.0, 33.0, 33.0, 33.0, 33.0, 33.0, 33.0, 33.0, 33.0, 33.0, 33.0, 33.0, 33.0, 33.0, 33.0, 33.0, 33.0, 33.0, 33.0, 33.0, 33.0, 33.0, 33.0, 33.0, 33.0, 33.0, 33.0, 33.0, 33.0, 33.0, 33.0, 33.0, 33.0, 33.0, 33.0, 33.0, 33.0, 33.0, 33.0, 33.0, 33.0, 33.0, 33.0, 33.0, 33.0, 33.0, 33.0, 33.0, 33.0, 33.0, 33.0, 33.0, 33.0, 33.0, 33.0, 33.0, 33.0, 33.0, 33.0, 33.0, 33.0, 33.0, 33.0, 33.0, 33.0, 33.0, 33.0, 33.0, 33.0, 33.0, 33.0, 33.0, 33.0, 33.0, 33.0, 33.0, 33.0, 33.0, 33.0, 33.0, 33.0, 33.0, 33.0, 33.0, 33.0, 33.0, 33.0, 33.0, 33.0, 33.0, 33.0, 33.0, 33.0, 33.0, 33.0, 33.0, 33.0, 33.0, 32.0, 32.0, 32.0, 32.0, 32.0, 32.0, 32.0, 32.0, 32.0, 32.0, 32.0, 32.0, 32.0, 32.0, 32.0, 32.0, 32.0, 32.0, 32.0, 32.0, 32.0, 32.0, 32.0, 32.0, 32.0, 32.0, 32.0, 32.0, 32.0, 32.0, 32.0, 32.0, 32.0, 32.0, 32.0, 32.0, 32.0, 32.0, 32.0, 32.0, 32.0, 32.0, 32.0, 32.0, 32.0, 32.0, 32.0, 32.0, 32.0, 32.0, 32.0, 32.0, 32.0, 32.0, 32.0, 32.0, 32.0, 32.0, 32.0, 32.0, 32.0, 32.0, 32.0, 32.0, 32.0, 32.0, 32.0, 32.0, 32.0, 32.0, 32.0, 32.0, 32.0, 32.0, 32.0, 32.0, 32.0, 32.0, 32.0, 32.0, 32.0, 32.0, 32.0, 32.0, 32.0, 32.0, 32.0, 32.0, 32.0, 32.0, 32.0, 32.0, 32.0, 32.0, 32.0, 32.0, 32.0, 32.0, 32.0, 32.0, 32.0, 32.0, 32.0, 32.0, 32.0, 32.0, 32.0, 32.0, 32.0, 32.0, 32.0, 32.0, 32.0, 32.0, 32.0, 32.0, 32.0, 32.0, 32.0, 32.0, 32.0, 32.0, 32.0, 32.0, 32.0, 32.0, 32.0, 32.0, 32.0, 32.0, 32.0, 32.0, 32.0, 32.0, 32.0, 32.0, 32.0, 32.0, 32.0, 32.0, 32.0, 32.0, 32.0, 32.0, 32.0, 32.0, 32.0, 32.0, 32.0, 32.0, 32.0, 32.0, 32.0, 32.0, 32.0, 32.0, 32.0, 32.0, 32.0, 32.0, 32.0, 32.0, 32.0, 32.0, 32.0, 32.0, 32.0, 32.0, 32.0, 32.0, 32.0, 32.0, 32.0, 32.0, 32.0, 32.0, 32.0, 32.0, 32.0, 32.0, 32.0]",COMPLETE
