,number,value,datetime_start,datetime_complete,duration,params_batch_size_scaler,params_constant_learning_rate,params_depth,params_epochs,params_kernel_l2,params_num_trees,params_temperature,user_attrs_accuracy_test,user_attrs_accuracy_valid,user_attrs_approximate_feature_sparsity,user_attrs_approximate_feature_sparsity_history,user_attrs_approximate_weight_sparsity,user_attrs_approximate_weight_sparsity_history,user_attrs_auc_test,user_attrs_auc_valid,user_attrs_feature_sparsity,user_attrs_feature_sparsity_history,user_attrs_num_epochs,user_attrs_val_loss_history,user_attrs_weight_sparsity,user_attrs_weight_sparsity_history,state
34,34,0.5,2024-08-31 01:39:11.837582,2024-08-31 01:39:39.183452,0 days 00:00:27.345870,16,0.2784380560574212,1,345,0.02812339658616863,19,0.030342626104380304,0.859,0.85875,0,"[30, 1, 0, 0, 0, 0, 0, 0, 0, 0, 0, 0, 0, 0, 0, 0, 0, 0, 0, 0, 0, 0, 0, 0, 0, 0, 0, 0, 0, 0, 0, 0, 0, 0, 0, 0, 0, 0, 0, 0, 0, 0, 0, 0, 0, 0, 0, 0, 0, 0, 0, 0, 0, 0, 0, 0, 0, 0, 0, 0, 0, 0, 0, 0, 0, 0, 0, 0, 0, 0, 0, 0, 0, 0, 0, 0, 0, 0, 0, 0, 0, 0, 0, 0, 0, 0, 0, 0, 0, 0, 0, 0, 0, 0, 0, 0, 0, 0, 0, 0, 0, 0, 0, 0, 0, 0, 0, 0, 0, 0, 0, 0, 0, 0, 0, 0, 0, 0, 0, 0, 0, 0, 0, 0, 0, 0, 0, 0, 0, 0, 0, 0, 0, 0, 0, 0, 0, 0, 0, 0, 0, 0, 0, 0, 0, 0, 0, 0, 0, 0, 0, 0, 0, 0, 0, 0, 0, 0, 0, 0, 0, 0, 0, 0, 0, 0, 0, 0, 0, 0, 0, 0, 0, 0, 0, 0, 0, 0, 0, 0, 0, 0, 0, 0, 0, 0, 0, 0, 0, 0, 0, 0, 0, 0, 0, 0, 0, 0, 0, 0, 0, 0, 0, 0, 0, 0, 0, 0, 0, 0, 0, 0, 0, 0, 0, 0, 0, 0, 0, 0, 0, 0, 0, 0, 0, 0, 0, 0, 0, 0, 0, 0, 0, 0, 0, 0, 0, 0, 0, 0, 0, 0, 0, 0, 0, 0, 0, 0, 0, 0, 0, 0, 0, 0, 0, 0, 0, 0, 0, 0, 0, 0, 0, 0, 0, 0, 0, 0, 0, 0, 0, 0, 0, 0, 0, 0, 0, 0, 0, 0, 0, 0, 0, 0, 0, 0, 0, 0, 0, 0, 0, 0, 0, 0, 0, 0, 0, 0, 0, 0, 0, 0, 0, 0, 0, 0, 0, 0, 0, 0, 0, 0, 0, 0, 0, 0, 0, 0, 0, 0, 0, 0, 0, 0, 0, 0, 0, 0, 0, 0, 0, 0, 0, 0, 0, 0, 0, 0, 0, 0, 0, 0, 0, 0, 0]",0.0,"[30.0, 1.0, 0.0, 0.0, 0.0, 0.0, 0.0, 0.0, 0.0, 0.0, 0.0, 0.0, 0.0, 0.0, 0.0, 0.0, 0.0, 0.0, 0.0, 0.0, 0.0, 0.0, 0.0, 0.0, 0.0, 0.0, 0.0, 0.0, 0.0, 0.0, 0.0, 0.0, 0.0, 0.0, 0.0, 0.0, 0.0, 0.0, 0.0, 0.0, 0.0, 0.0, 0.0, 0.0, 0.0, 0.0, 0.0, 0.0, 0.0, 0.0, 0.0, 0.0, 0.0, 0.0, 0.0, 0.0, 0.0, 0.0, 0.0, 0.0, 0.0, 0.0, 0.0, 0.0, 0.0, 0.0, 0.0, 0.0, 0.0, 0.0, 0.0, 0.0, 0.0, 0.0, 0.0, 0.0, 0.0, 0.0, 0.0, 0.0, 0.0, 0.0, 0.0, 0.0, 0.0, 0.0, 0.0, 0.0, 0.0, 0.0, 0.0, 0.0, 0.0, 0.0, 0.0, 0.0, 0.0, 0.0, 0.0, 0.0, 0.0, 0.0, 0.0, 0.0, 0.0, 0.0, 0.0, 0.0, 0.0, 0.0, 0.0, 0.0, 0.0, 0.0, 0.0, 0.0, 0.0, 0.0, 0.0, 0.0, 0.0, 0.0, 0.0, 0.0, 0.0, 0.0, 0.0, 0.0, 0.0, 0.0, 0.0, 0.0, 0.0, 0.0, 0.0, 0.0, 0.0, 0.0, 0.0, 0.0, 0.0, 0.0, 0.0, 0.0, 0.0, 0.0, 0.0, 0.0, 0.0, 0.0, 0.0, 0.0, 0.0, 0.0, 0.0, 0.0, 0.0, 0.0, 0.0, 0.0, 0.0, 0.0, 0.0, 0.0, 0.0, 0.0, 0.0, 0.0, 0.0, 0.0, 0.0, 0.0, 0.0, 0.0, 0.0, 0.0, 0.0, 0.0, 0.0, 0.0, 0.0, 0.0, 0.0, 0.0, 0.0, 0.0, 0.0, 0.0, 0.0, 0.0, 0.0, 0.0, 0.0, 0.0, 0.0, 0.0, 0.0, 0.0, 0.0, 0.0, 0.0, 0.0, 0.0, 0.0, 0.0, 0.0, 0.0, 0.0, 0.0, 0.0, 0.0, 0.0, 0.0, 0.0, 0.0, 0.0, 0.0, 0.0, 0.0, 0.0, 0.0, 0.0, 0.0, 0.0, 0.0, 0.0, 0.0, 0.0, 0.0, 0.0, 0.0, 0.0, 0.0, 0.0, 0.0, 0.0, 0.0, 0.0, 0.0, 0.0, 0.0, 0.0, 0.0, 0.0, 0.0, 0.0, 0.0, 0.0, 0.0, 0.0, 0.0, 0.0, 0.0, 0.0, 0.0, 0.0, 0.0, 0.0, 0.0, 0.0, 0.0, 0.0, 0.0, 0.0, 0.0, 0.0, 0.0, 0.0, 0.0, 0.0, 0.0, 0.0, 0.0, 0.0, 0.0, 0.0, 0.0, 0.0, 0.0, 0.0, 0.0, 0.0, 0.0, 0.0, 0.0, 0.0, 0.0, 0.0, 0.0, 0.0, 0.0, 0.0, 0.0, 0.0, 0.0, 0.0, 0.0, 0.0, 0.0, 0.0, 0.0, 0.0, 0.0, 0.0, 0.0, 0.0, 0.0, 0.0, 0.0, 0.0, 0.0, 0.0, 0.0, 0.0, 0.0, 0.0, 0.0, 0.0, 0.0, 0.0, 0.0, 0.0, 0.0, 0.0, 0.0, 0.0, 0.0, 0.0, 0.0, 0.0, 0.0, 0.0, 0.0, 0.0, 0.0, 0.0, 0.0, 0.0, 0.0, 0.0, 0.0, 0.0, 0.0, 0.0, 0.0]",0.5,0.5,0,"[30, 1, 0, 0, 0, 0, 0, 0, 0, 0, 0, 0, 0, 0, 0, 0, 0, 0, 0, 0, 0, 0, 0, 0, 0, 0, 0, 0, 0, 0, 0, 0, 0, 0, 0, 0, 0, 0, 0, 0, 0, 0, 0, 0, 0, 0, 0, 0, 0, 0, 0, 0, 0, 0, 0, 0, 0, 0, 0, 0, 0, 0, 0, 0, 0, 0, 0, 0, 0, 0, 0, 0, 0, 0, 0, 0, 0, 0, 0, 0, 0, 0, 0, 0, 0, 0, 0, 0, 0, 0, 0, 0, 0, 0, 0, 0, 0, 0, 0, 0, 0, 0, 0, 0, 0, 0, 0, 0, 0, 0, 0, 0, 0, 0, 0, 0, 0, 0, 0, 0, 0, 0, 0, 0, 0, 0, 0, 0, 0, 0, 0, 0, 0, 0, 0, 0, 0, 0, 0, 0, 0, 0, 0, 0, 0, 0, 0, 0, 0, 0, 0, 0, 0, 0, 0, 0, 0, 0, 0, 0, 0, 0, 0, 0, 0, 0, 0, 0, 0, 0, 0, 0, 0, 0, 0, 0, 0, 0, 0, 0, 0, 0, 0, 0, 0, 0, 0, 0, 0, 0, 0, 0, 0, 0, 0, 0, 0, 0, 0, 0, 0, 0, 0, 0, 0, 0, 0, 0, 0, 0, 0, 0, 0, 0, 0, 0, 0, 0, 0, 0, 0, 0, 0, 0, 0, 0, 0, 0, 0, 0, 0, 0, 0, 0, 0, 0, 0, 0, 0, 0, 0, 0, 0, 0, 0, 0, 0, 0, 0, 0, 0, 0, 0, 0, 0, 0, 0, 0, 0, 0, 0, 0, 0, 0, 0, 0, 0, 0, 0, 0, 0, 0, 0, 0, 0, 0, 0, 0, 0, 0, 0, 0, 0, 0, 0, 0, 0, 0, 0, 0, 0, 0, 0, 0, 0, 0, 0, 0, 0, 0, 0, 0, 0, 0, 0, 0, 0, 0, 0, 0, 0, 0, 0, 0, 0, 0, 0, 0, 0, 0, 0, 0, 0, 0, 0, 0, 0, 0, 0, 0, 0, 0, 0, 0, 0, 0, 0, 0, 0, 0, 0, 0, 0, 0, 0]",345,"[0.44123485684394836, 0.3983462154865265, 0.4085659384727478, 0.4093799591064453, 0.40838947892189026, 0.4095276892185211, 0.4105150103569031, 0.4072868824005127, 0.40727126598358154, 0.4149892330169678, 0.40724027156829834, 0.40788939595222473, 0.4073917269706726, 0.4091135263442993, 0.4091506600379944, 0.4096718728542328, 0.4112730026245117, 0.40743488073349, 0.407233327627182, 0.40735435485839844, 0.40723708271980286, 0.40727657079696655, 0.40852969884872437, 0.40817373991012573, 0.40723973512649536, 0.41055020689964294, 0.4080343246459961, 0.41083237528800964, 0.40754231810569763, 0.4076348841190338, 0.40885961055755615, 0.40748509764671326, 0.4089139997959137, 0.40795665979385376, 0.41110265254974365, 0.40728405117988586, 0.4077344536781311, 0.40847718715667725, 0.41173067688941956, 0.40929701924324036, 0.408847451210022, 0.4086735248565674, 0.408260315656662, 0.40921419858932495, 0.4072588384151459, 0.4109790027141571, 0.40796786546707153, 0.407415509223938, 0.40723419189453125, 0.4072955250740051, 0.4084104597568512, 0.40767085552215576, 0.4104018807411194, 0.4088455140590668, 0.413956880569458, 0.40881508588790894, 0.40981778502464294, 0.40817537903785706, 0.40754085779190063, 0.40725600719451904, 0.4109098017215729, 0.4084831476211548, 0.4102242588996887, 0.4085581600666046, 0.4086097776889801, 0.40843695402145386, 0.4112209975719452, 0.4090132415294647, 0.40821561217308044, 0.4089813232421875, 0.4073721766471863, 0.4171023964881897, 0.4102538228034973, 0.41033148765563965, 0.4086465835571289, 0.4073992073535919, 0.4157029390335083, 0.4108999967575073, 0.4083273410797119, 0.41024142503738403, 0.4074608087539673, 0.4072577953338623, 0.40734273195266724, 0.40822020173072815, 0.4088861048221588, 0.4188839793205261, 0.41035282611846924, 0.4085575044155121, 0.41340622305870056, 0.4072306752204895, 0.4072260558605194, 0.40816089510917664, 0.4089895188808441, 0.40769293904304504, 0.40894535183906555, 0.40921661257743835, 0.41256144642829895, 0.4072679579257965, 0.407949835062027, 0.4096273183822632, 0.40734145045280457, 0.41000109910964966, 0.4072447717189789, 0.40731343626976013, 0.40722617506980896, 0.41410571336746216, 0.40722766518592834, 0.40730416774749756, 0.4125779867172241, 0.4080919921398163, 0.40879523754119873, 0.4076921045780182, 0.40864330530166626, 0.4072306752204895, 0.40960797667503357, 0.40722882747650146, 0.41095787286758423, 0.40765589475631714, 0.40828457474708557, 0.4072999954223633, 0.4077222943305969, 0.40745285153388977, 0.4208230972290039, 0.40976059436798096, 0.40724343061447144, 0.4072296619415283, 0.4116479754447937, 0.4072951376438141, 0.40762269496917725, 0.4072378873825073, 0.40800711512565613, 0.41250038146972656, 0.4172092378139496, 0.4101216793060303, 0.4130839407444, 0.4089347720146179, 0.4076344668865204, 0.41268807649612427, 0.4075143337249756, 0.4074750542640686, 0.4076808989048004, 0.409307062625885, 0.409452348947525, 0.4074302315711975, 0.4072316288948059, 0.40872302651405334, 0.4073891341686249, 0.41223686933517456, 0.4072493016719818, 0.40730640292167664, 0.4077417254447937, 0.41303759813308716, 0.4074343740940094, 0.409621924161911, 0.40796881914138794, 0.4095136523246765, 0.4109776020050049, 0.40858620405197144, 0.4129115045070648, 0.40960708260536194, 0.4074598550796509, 0.40880465507507324, 0.4136841893196106, 0.4073928892612457, 0.40726208686828613, 0.4087342917919159, 0.40809622406959534, 0.4084414541721344, 0.4088513255119324, 0.4137781262397766, 0.4083939492702484, 0.4088420867919922, 0.40914279222488403, 0.40867099165916443, 0.4081667363643646, 0.4078550338745117, 0.40879926085472107, 0.40722620487213135, 0.4100964665412903, 0.40922459959983826, 0.40722739696502686, 0.41046199202537537, 0.40751582384109497, 0.4095929265022278, 0.4114235043525696, 0.4106142520904541, 0.41203442215919495, 0.40752243995666504, 0.4097613990306854, 0.4086916744709015, 0.4080793857574463, 0.40837562084198, 0.4164153039455414, 0.40747055411338806, 0.41505348682403564, 0.41014420986175537, 0.40732303261756897, 0.4143952429294586, 0.407240629196167, 0.40951064229011536, 0.4072318971157074, 0.4076271951198578, 0.4076114296913147, 0.4102349579334259, 0.40910229086875916, 0.40916556119918823, 0.40762168169021606, 0.41242703795433044, 0.40892651677131653, 0.40879547595977783, 0.40763700008392334, 0.408721923828125, 0.4073907732963562, 0.4072262942790985, 0.4077642858028412, 0.4077467620372772, 0.40728405117988586, 0.4075685739517212, 0.40740302205085754, 0.40722715854644775, 0.40791237354278564, 0.4188685715198517, 0.41311895847320557, 0.40756937861442566, 0.4084886312484741, 0.40839463472366333, 0.4072404205799103, 0.4076738655567169, 0.40786153078079224, 0.4072262942790985, 0.4111347198486328, 0.40963345766067505, 0.4074646830558777, 0.4076678454875946, 0.40792328119277954, 0.4075096547603607, 0.40725842118263245, 0.4073900878429413, 0.41135287284851074, 0.41722968220710754, 0.40909233689308167, 0.4082131087779999, 0.407421350479126, 0.4074106216430664, 0.41134288907051086, 0.4096856415271759, 0.4078303277492523, 0.4072551727294922, 0.4073868691921234, 0.4080280363559723, 0.4073341488838196, 0.4194769263267517, 0.409429669380188, 0.4088008999824524, 0.4074368178844452, 0.41242516040802, 0.4135908782482147, 0.4078788459300995, 0.4091011881828308, 0.4077603816986084, 0.40877121686935425, 0.4072412848472595, 0.4083600640296936, 0.4087632894515991, 0.4129827916622162, 0.4075133204460144, 0.4094373285770416, 0.4083249270915985, 0.40725669264793396, 0.407582551240921, 0.4075073003768921, 0.4084329903125763, 0.416585236787796, 0.4073580205440521, 0.4075094163417816, 0.408679723739624, 0.408680260181427, 0.4074214994907379, 0.40979981422424316, 0.40827006101608276, 0.40743282437324524, 0.40723252296447754, 0.4072934091091156, 0.4108448922634125, 0.4122976064682007, 0.41002804040908813, 0.40795964002609253, 0.41000136733055115, 0.40818488597869873, 0.4076518714427948, 0.40738189220428467, 0.40741726756095886, 0.40757301449775696, 0.40742382407188416, 0.4079308807849884, 0.4072262644767761, 0.4072813093662262, 0.40912723541259766, 0.4090612530708313, 0.40727874636650085, 0.4097074568271637, 0.4073352515697479, 0.40776705741882324, 0.40726882219314575, 0.4073362350463867, 0.4096411168575287, 0.40876317024230957, 0.408462792634964, 0.4076049327850342, 0.4072378873825073, 0.4119144678115845, 0.4085254371166229, 0.41386404633522034, 0.4085273742675781, 0.4075515866279602, 0.40821170806884766, 0.40915393829345703, 0.40789708495140076, 0.40776771306991577, 0.4077867865562439, 0.4201478958129883, 0.40734702348709106, 0.4072709381580353, 0.4090982675552368, 0.4075784385204315, 0.40734410285949707, 0.4084841012954712, 0.40757977962493896, 0.4077911078929901, 0.40734782814979553, 0.40850967168807983, 0.4081462621688843, 0.4099612832069397, 0.415343314409256, 0.40722885727882385, 0.4086841344833374, 0.4086531698703766, 0.4073491394519806, 0.4078133702278137, 0.4082176983356476, 0.4073122441768646, 0.40992724895477295, 0.4080718755722046, 0.40750908851623535, 0.4139862060546875]",0.0,"[30.0, 1.0, 0.0, 0.0, 0.0, 0.0, 0.0, 0.0, 0.0, 0.0, 0.0, 0.0, 0.0, 0.0, 0.0, 0.0, 0.0, 0.0, 0.0, 0.0, 0.0, 0.0, 0.0, 0.0, 0.0, 0.0, 0.0, 0.0, 0.0, 0.0, 0.0, 0.0, 0.0, 0.0, 0.0, 0.0, 0.0, 0.0, 0.0, 0.0, 0.0, 0.0, 0.0, 0.0, 0.0, 0.0, 0.0, 0.0, 0.0, 0.0, 0.0, 0.0, 0.0, 0.0, 0.0, 0.0, 0.0, 0.0, 0.0, 0.0, 0.0, 0.0, 0.0, 0.0, 0.0, 0.0, 0.0, 0.0, 0.0, 0.0, 0.0, 0.0, 0.0, 0.0, 0.0, 0.0, 0.0, 0.0, 0.0, 0.0, 0.0, 0.0, 0.0, 0.0, 0.0, 0.0, 0.0, 0.0, 0.0, 0.0, 0.0, 0.0, 0.0, 0.0, 0.0, 0.0, 0.0, 0.0, 0.0, 0.0, 0.0, 0.0, 0.0, 0.0, 0.0, 0.0, 0.0, 0.0, 0.0, 0.0, 0.0, 0.0, 0.0, 0.0, 0.0, 0.0, 0.0, 0.0, 0.0, 0.0, 0.0, 0.0, 0.0, 0.0, 0.0, 0.0, 0.0, 0.0, 0.0, 0.0, 0.0, 0.0, 0.0, 0.0, 0.0, 0.0, 0.0, 0.0, 0.0, 0.0, 0.0, 0.0, 0.0, 0.0, 0.0, 0.0, 0.0, 0.0, 0.0, 0.0, 0.0, 0.0, 0.0, 0.0, 0.0, 0.0, 0.0, 0.0, 0.0, 0.0, 0.0, 0.0, 0.0, 0.0, 0.0, 0.0, 0.0, 0.0, 0.0, 0.0, 0.0, 0.0, 0.0, 0.0, 0.0, 0.0, 0.0, 0.0, 0.0, 0.0, 0.0, 0.0, 0.0, 0.0, 0.0, 0.0, 0.0, 0.0, 0.0, 0.0, 0.0, 0.0, 0.0, 0.0, 0.0, 0.0, 0.0, 0.0, 0.0, 0.0, 0.0, 0.0, 0.0, 0.0, 0.0, 0.0, 0.0, 0.0, 0.0, 0.0, 0.0, 0.0, 0.0, 0.0, 0.0, 0.0, 0.0, 0.0, 0.0, 0.0, 0.0, 0.0, 0.0, 0.0, 0.0, 0.0, 0.0, 0.0, 0.0, 0.0, 0.0, 0.0, 0.0, 0.0, 0.0, 0.0, 0.0, 0.0, 0.0, 0.0, 0.0, 0.0, 0.0, 0.0, 0.0, 0.0, 0.0, 0.0, 0.0, 0.0, 0.0, 0.0, 0.0, 0.0, 0.0, 0.0, 0.0, 0.0, 0.0, 0.0, 0.0, 0.0, 0.0, 0.0, 0.0, 0.0, 0.0, 0.0, 0.0, 0.0, 0.0, 0.0, 0.0, 0.0, 0.0, 0.0, 0.0, 0.0, 0.0, 0.0, 0.0, 0.0, 0.0, 0.0, 0.0, 0.0, 0.0, 0.0, 0.0, 0.0, 0.0, 0.0, 0.0, 0.0, 0.0, 0.0, 0.0, 0.0, 0.0, 0.0, 0.0, 0.0, 0.0, 0.0, 0.0, 0.0, 0.0, 0.0, 0.0, 0.0, 0.0, 0.0, 0.0, 0.0, 0.0, 0.0, 0.0, 0.0, 0.0, 0.0, 0.0, 0.0, 0.0, 0.0, 0.0, 0.0, 0.0, 0.0, 0.0, 0.0, 0.0, 0.0, 0.0, 0.0, 0.0, 0.0, 0.0, 0.0, 0.0, 0.0, 0.0, 0.0, 0.0, 0.0, 0.0]",COMPLETE
