,number,value,datetime_start,datetime_complete,duration,params_batch_size_scaler,params_constant_learning_rate,params_depth,params_epochs,params_kernel_l2,params_num_trees,params_temperature,user_attrs_accuracy_test,user_attrs_accuracy_valid,user_attrs_approximate_feature_sparsity,user_attrs_approximate_feature_sparsity_history,user_attrs_approximate_weight_sparsity,user_attrs_approximate_weight_sparsity_history,user_attrs_auc_test,user_attrs_auc_valid,user_attrs_feature_sparsity,user_attrs_feature_sparsity_history,user_attrs_num_epochs,user_attrs_val_loss_history,user_attrs_weight_sparsity,user_attrs_weight_sparsity_history,state
144,144,0.9243729953240328,2024-08-31 07:33:51.998777,2024-08-31 07:43:51.982053,0 days 00:09:59.983276,1,0.017745810442913616,5,345,0.050376970877964465,50,0.037163290537813504,0.934,0.9425,33,"[33, 33, 33, 33, 33, 33, 33, 33, 33, 33, 33, 33, 33, 33, 33, 33, 33, 33, 33, 33, 33, 33, 33, 33, 33, 33, 33, 33, 33, 33, 33, 33, 33, 33, 33, 33, 33, 33, 33, 33, 33, 33, 33, 33, 33, 33, 33, 33, 33, 33, 33, 33, 33, 33, 33, 33, 33, 33, 33, 33, 33, 33, 33, 33, 33, 33, 33, 33, 33, 33, 33, 33, 33, 33, 33, 33, 33, 33, 33, 33, 33, 33, 33, 33, 33, 33, 33, 33, 33, 33, 33, 33, 33, 33, 33, 33, 33, 33, 33, 33, 33, 33, 33, 33, 33, 33, 33, 33, 33, 33, 33, 33, 33, 33, 33, 33, 33, 33, 33, 33, 33, 33, 33, 33, 33, 33, 33, 33, 33, 33, 33, 33, 33, 33, 33, 33, 33, 33, 33, 33, 33, 33, 33, 33, 33, 33, 33, 33, 33, 33, 33, 33, 33, 33, 33, 33, 33, 33, 33, 33, 33, 33, 33, 33, 33, 33, 33, 33, 33, 33, 33, 33, 33, 33, 33, 33, 33, 33, 33, 33, 33, 33, 33, 33, 33, 33, 33, 33, 33, 33, 33, 33, 33, 33, 33, 33, 33, 33, 33, 33, 33, 33, 33, 33, 33, 33, 33, 33, 33, 33, 33, 33, 33, 33, 33, 33, 33, 33, 33, 33, 33, 33, 33, 33, 33, 33, 33, 33, 33, 33, 33, 33, 33, 33, 33, 33, 33, 33, 33, 33, 33, 33, 33, 33, 33, 33, 33, 33, 33, 33, 33, 33, 33, 33, 33, 33, 33, 33, 33, 33, 33, 33, 33, 33, 33, 33, 33, 33, 33, 33, 33, 33, 33, 33, 33, 33, 33, 33, 33, 33, 33, 33, 33, 33, 33, 33, 33, 33, 33, 33, 33, 33, 33, 33, 33, 33, 33, 33, 33, 33, 33, 33, 33, 33, 33, 33, 33, 33, 33, 33, 33, 33, 33, 33, 33, 33, 33, 33, 33, 33, 33, 33, 33, 33, 33, 33, 33, 33, 33, 33, 33, 33, 33, 33, 33, 33, 33, 33, 33, 33, 33, 33, 33, 33, 33]",32.94451612903226,"[32.94451612903226, 32.946451612903225, 32.93354838709678, 32.93741935483871, 32.9483870967742, 32.94580645161291, 32.94903225806451, 32.94967741935484, 32.94129032258065, 32.94774193548387, 32.947096774193554, 32.9458064516129, 32.94709677419355, 32.9458064516129, 32.94, 32.94645161290323, 32.946451612903225, 32.950322580645164, 32.950322580645164, 32.958064516129035, 32.94903225806451, 32.94774193548387, 32.94193548387097, 32.94516129032258, 32.953548387096774, 32.95870967741936, 32.95612903225806, 32.94967741935484, 32.94193548387097, 32.947741935483876, 32.94709677419355, 32.947096774193554, 32.939354838709676, 32.954193548387096, 32.95225806451613, 32.95870967741936, 32.95677419354839, 32.95483870967742, 32.954193548387096, 32.95548387096774, 32.94967741935484, 32.950967741935486, 32.9483870967742, 32.943225806451615, 32.94258064516129, 32.94387096774194, 32.95161290322581, 32.946451612903225, 32.94838709677419, 32.946451612903225, 32.9483870967742, 32.943225806451615, 32.93290322580645, 32.938709677419354, 32.943225806451615, 32.94387096774194, 32.94387096774194, 32.94387096774194, 32.947741935483876, 32.950322580645164, 32.949677419354835, 32.95032258064516, 32.95161290322581, 32.94709677419355, 32.95161290322581, 32.94645161290323, 32.953548387096774, 32.95161290322581, 32.956774193548384, 32.94709677419355, 32.947741935483876, 32.94451612903226, 32.94838709677419, 32.94258064516129, 32.9483870967742, 32.94451612903226, 32.95225806451613, 32.9458064516129, 32.94258064516129, 32.946451612903225, 32.946451612903225, 32.94387096774194, 32.94838709677419, 32.94967741935484, 32.946451612903225, 32.94709677419355, 32.94387096774194, 32.94967741935484, 32.94774193548387, 32.94258064516129, 32.943225806451615, 32.943225806451615, 32.94193548387097, 32.93741935483871, 32.93741935483871, 32.94387096774194, 32.94193548387097, 32.946451612903225, 32.946451612903225, 32.95096774193548, 32.943225806451615, 32.95612903225806, 32.95870967741936, 32.95612903225806, 32.94451612903226, 32.94516129032258, 32.94967741935484, 32.94774193548387, 32.95225806451613, 32.946451612903225, 32.94709677419355, 32.94451612903226, 32.94451612903226, 32.94967741935484, 32.94903225806452, 32.94516129032258, 32.946451612903225, 32.943225806451615, 32.94, 32.9341935483871, 32.940000000000005, 32.94516129032258, 32.943225806451615, 32.94129032258064, 32.946451612903225, 32.94516129032258, 32.93806451612903, 32.93677419354839, 32.94064516129033, 32.94516129032258, 32.94387096774194, 32.943225806451615, 32.94064516129032, 32.93806451612903, 32.94, 32.940000000000005, 32.943225806451615, 32.9458064516129, 32.941935483870964, 32.94709677419355, 32.943225806451615, 32.94709677419355, 32.946451612903225, 32.94967741935484, 32.94258064516129, 32.94193548387097, 32.939354838709676, 32.943225806451615, 32.939354838709676, 32.93677419354839, 32.93483870967742, 32.94129032258064, 32.939354838709676, 32.94193548387097, 32.94129032258065, 32.938709677419354, 32.93677419354839, 32.94387096774194, 32.94451612903226, 32.946451612903225, 32.93677419354839, 32.93741935483871, 32.93806451612903, 32.94838709677419, 32.95161290322581, 32.946451612903225, 32.9458064516129, 32.94903225806452, 32.94838709677419, 32.94709677419355, 32.94774193548387, 32.939354838709676, 32.94064516129032, 32.94193548387097, 32.9458064516129, 32.94451612903226, 32.95225806451613, 32.950322580645164, 32.950967741935486, 32.95161290322581, 32.950322580645164, 32.947096774193554, 32.9458064516129, 32.940000000000005, 32.93677419354839, 32.939354838709676, 32.94193548387097, 32.94129032258065, 32.94387096774194, 32.94451612903226, 32.94387096774194, 32.94451612903226, 32.939354838709676, 32.93806451612903, 32.93741935483871, 32.93677419354839, 32.93354838709677, 32.931612903225805, 32.93290322580645, 32.93225806451613, 32.9341935483871, 32.941935483870964, 32.93741935483871, 32.94258064516129, 32.94387096774194, 32.94193548387097, 32.939354838709676, 32.94064516129032, 32.943225806451615, 32.94451612903226, 32.94451612903226, 32.94516129032258, 32.94516129032258, 32.94193548387097, 32.94064516129033, 32.94064516129033, 32.94967741935484, 32.9458064516129, 32.946451612903225, 32.94709677419355, 32.94258064516129, 32.94064516129032, 32.9341935483871, 32.93806451612903, 32.94258064516129, 32.94709677419355, 32.946451612903225, 32.94451612903226, 32.94387096774194, 32.94451612903226, 32.946451612903225, 32.94387096774194, 32.94129032258065, 32.94387096774194, 32.947096774193554, 32.950322580645164, 32.950322580645164, 32.94516129032258, 32.94516129032258, 32.943225806451615, 32.94129032258065, 32.94451612903226, 32.94516129032258, 32.94, 32.94451612903226, 32.94967741935484, 32.950322580645164, 32.94516129032258, 32.94516129032258, 32.9458064516129, 32.9458064516129, 32.94967741935484, 32.9458064516129, 32.94258064516129, 32.94516129032258, 32.946451612903225, 32.94903225806452, 32.94064516129032, 32.939354838709676, 32.9458064516129, 32.94387096774194, 32.936129032258066, 32.93935483870968, 32.94064516129033, 32.943225806451615, 32.947096774193554, 32.94516129032258, 32.950967741935486, 32.94903225806451, 32.950967741935486, 32.95225806451613, 32.94516129032258, 32.94451612903226, 32.9483870967742, 32.95032258064516, 32.94838709677419, 32.95096774193548, 32.95290322580645, 32.953548387096774, 32.94838709677419, 32.94516129032258, 32.9483870967742, 32.94709677419355, 32.94774193548387, 32.94903225806451, 32.94129032258065, 32.939354838709676, 32.94193548387097, 32.943225806451615, 32.939354838709676, 32.943225806451615, 32.94387096774194, 32.94451612903226, 32.94258064516129, 32.94903225806451, 32.949677419354835, 32.95161290322581, 32.95548387096774, 32.958064516129035, 32.95548387096774, 32.95161290322581, 32.950967741935486, 32.949677419354835, 32.94838709677419, 32.950967741935486, 32.95290322580645, 32.95225806451613, 32.956774193548384, 32.95483870967742, 32.95548387096774, 32.950322580645164, 32.947741935483876, 32.95161290322581, 32.950967741935486, 32.950322580645164, 32.95483870967742, 32.95612903225806, 32.95483870967742, 32.95677419354839, 32.95741935483871, 32.95612903225807, 32.96, 32.954193548387096, 32.954193548387096, 32.950322580645164, 32.953548387096774, 32.954193548387096, 32.94967741935484, 32.95290322580645, 32.95483870967742, 32.95225806451613, 32.95161290322581, 32.950967741935486, 32.95483870967742, 32.95225806451613, 32.94709677419355, 32.946451612903225, 32.94387096774194, 32.94451612903226, 32.94387096774194, 32.9458064516129, 32.94451612903226, 32.94516129032258, 32.94516129032258, 32.94451612903226]",0.9078014184397163,0.9243729953240328,33,"[33, 33, 33, 33, 33, 33, 33, 33, 33, 33, 33, 33, 33, 33, 33, 33, 33, 33, 33, 33, 33, 33, 33, 33, 33, 33, 33, 33, 33, 33, 33, 33, 33, 33, 33, 33, 33, 33, 33, 33, 33, 33, 33, 33, 33, 33, 33, 33, 33, 33, 33, 33, 33, 33, 33, 33, 33, 33, 33, 33, 33, 33, 33, 33, 33, 33, 33, 33, 33, 33, 33, 33, 33, 33, 33, 33, 33, 33, 33, 33, 33, 33, 33, 33, 33, 33, 33, 33, 33, 33, 33, 33, 33, 33, 33, 33, 33, 33, 33, 33, 33, 33, 33, 33, 33, 33, 33, 33, 33, 33, 33, 33, 33, 33, 33, 33, 33, 33, 33, 33, 33, 33, 33, 33, 33, 33, 33, 33, 33, 33, 33, 33, 33, 33, 33, 33, 33, 33, 33, 33, 33, 33, 33, 33, 33, 33, 33, 33, 33, 33, 33, 33, 33, 33, 33, 33, 33, 33, 33, 33, 33, 33, 33, 33, 33, 33, 33, 33, 33, 33, 33, 33, 33, 33, 33, 33, 33, 33, 33, 33, 33, 33, 33, 33, 33, 33, 33, 33, 33, 33, 33, 33, 33, 33, 33, 33, 33, 33, 33, 33, 33, 33, 33, 33, 33, 33, 33, 33, 33, 33, 33, 33, 33, 33, 33, 33, 33, 33, 33, 33, 33, 33, 33, 33, 33, 33, 33, 33, 33, 33, 33, 33, 33, 33, 33, 33, 33, 33, 33, 33, 33, 33, 33, 33, 33, 33, 33, 33, 33, 33, 33, 33, 33, 33, 33, 33, 33, 33, 33, 33, 33, 33, 33, 33, 33, 33, 33, 33, 33, 33, 33, 33, 33, 33, 33, 33, 33, 33, 33, 33, 33, 33, 33, 33, 33, 33, 33, 33, 33, 33, 33, 33, 33, 33, 33, 33, 33, 33, 33, 33, 33, 33, 33, 33, 33, 33, 33, 33, 33, 33, 33, 33, 33, 33, 33, 33, 33, 33, 33, 33, 33, 33, 33, 33, 33, 33, 33, 33, 33, 33, 33, 33, 33, 33, 33, 33, 33, 33, 33, 33, 33, 33, 33, 33, 33]",345,"[0.40590372681617737, 0.3952118158340454, 0.39034220576286316, 0.3867136836051941, 0.3835705816745758, 0.3809839189052582, 0.3787267208099365, 0.3768315017223358, 0.3753509521484375, 0.37388378381729126, 0.3724345266819, 0.3712032735347748, 0.3701382577419281, 0.36913368105888367, 0.3680998682975769, 0.3671569526195526, 0.3661302626132965, 0.365192711353302, 0.3644086420536041, 0.3634963631629944, 0.3626406788825989, 0.3618137240409851, 0.3608824908733368, 0.3601195812225342, 0.3592413365840912, 0.3584025204181671, 0.3576688766479492, 0.3570200204849243, 0.35605090856552124, 0.35531720519065857, 0.3544227182865143, 0.35362350940704346, 0.3528219163417816, 0.35193580389022827, 0.35114502906799316, 0.3502727150917053, 0.3495680093765259, 0.3486250042915344, 0.3480025827884674, 0.3472396731376648, 0.3462375998497009, 0.3454713821411133, 0.3445792496204376, 0.3436558246612549, 0.34285250306129456, 0.34199726581573486, 0.34122055768966675, 0.3405446708202362, 0.33955150842666626, 0.3387940227985382, 0.337768018245697, 0.3369417190551758, 0.33612167835235596, 0.33515748381614685, 0.33424773812294006, 0.3333050012588501, 0.3324193060398102, 0.3315349519252777, 0.33068400621414185, 0.3296317756175995, 0.32871440052986145, 0.32757604122161865, 0.326631098985672, 0.3256419897079468, 0.3246377110481262, 0.32354795932769775, 0.3224550187587738, 0.32152634859085083, 0.3204442262649536, 0.319453626871109, 0.31831419467926025, 0.3171131908893585, 0.3160537779331207, 0.31508082151412964, 0.31389689445495605, 0.31267061829566956, 0.31140613555908203, 0.3103453516960144, 0.30898717045783997, 0.30788132548332214, 0.3065471351146698, 0.30545276403427124, 0.30420544743537903, 0.30302879214286804, 0.3016953766345978, 0.3006170988082886, 0.29944631457328796, 0.2980801463127136, 0.29684779047966003, 0.29561448097229004, 0.2944941520690918, 0.2932381331920624, 0.2923260033130646, 0.29089275002479553, 0.2897028923034668, 0.2886059284210205, 0.2875770628452301, 0.28633958101272583, 0.28526943922042847, 0.2842647433280945, 0.28307056427001953, 0.28185737133026123, 0.28090646862983704, 0.28004908561706543, 0.2788527309894562, 0.27802789211273193, 0.2769172787666321, 0.2758486270904541, 0.27496445178985596, 0.2739003598690033, 0.2731814682483673, 0.2720371186733246, 0.2711876928806305, 0.27057328820228577, 0.2694144546985626, 0.26865682005882263, 0.2679215669631958, 0.2669674754142761, 0.26616179943084717, 0.26540088653564453, 0.2648470401763916, 0.26385578513145447, 0.2631671726703644, 0.26239609718322754, 0.261804461479187, 0.26115673780441284, 0.2603198289871216, 0.25971660017967224, 0.25906187295913696, 0.2584030330181122, 0.2576559782028198, 0.25704315304756165, 0.2565406560897827, 0.2558404505252838, 0.25521743297576904, 0.25475406646728516, 0.25409331917762756, 0.2534354329109192, 0.25286924839019775, 0.25235655903816223, 0.2518239915370941, 0.2511141002178192, 0.25070786476135254, 0.2502347230911255, 0.24942351877689362, 0.24898377060890198, 0.2483433485031128, 0.24788898229599, 0.24735280871391296, 0.2468838095664978, 0.24641868472099304, 0.24595670402050018, 0.24532392621040344, 0.24484506249427795, 0.24427860975265503, 0.24389833211898804, 0.2434348464012146, 0.24299383163452148, 0.24251697957515717, 0.24210543930530548, 0.24157722294330597, 0.24119853973388672, 0.2407025545835495, 0.2402850091457367, 0.23983675241470337, 0.23930984735488892, 0.2390187382698059, 0.23845189809799194, 0.23812076449394226, 0.23747776448726654, 0.23715223371982574, 0.23683656752109528, 0.2363949567079544, 0.23602396249771118, 0.23547609150409698, 0.23502688109874725, 0.23497095704078674, 0.23447532951831818, 0.2339596301317215, 0.23342494666576385, 0.2331281155347824, 0.23286844789981842, 0.23241958022117615, 0.23209434747695923, 0.23145246505737305, 0.23119811713695526, 0.2310652732849121, 0.23052264750003815, 0.23038144409656525, 0.22999189794063568, 0.2294948548078537, 0.22912347316741943, 0.22871315479278564, 0.22843416035175323, 0.22803667187690735, 0.22767427563667297, 0.22731345891952515, 0.22710171341896057, 0.22669701278209686, 0.22630342841148376, 0.22603069245815277, 0.22568081319332123, 0.2252945452928543, 0.22533759474754333, 0.22494855523109436, 0.22445528209209442, 0.22412775456905365, 0.22371803224086761, 0.22353368997573853, 0.2231268286705017, 0.22262762486934662, 0.22230030596256256, 0.22213494777679443, 0.22192278504371643, 0.22165225446224213, 0.22121191024780273, 0.2213324010372162, 0.2208586484193802, 0.22061073780059814, 0.2203211933374405, 0.22019535303115845, 0.21973560750484467, 0.21973685920238495, 0.21938903629779816, 0.21883179247379303, 0.21885263919830322, 0.21823766827583313, 0.2179548144340515, 0.21802836656570435, 0.21796272695064545, 0.21720647811889648, 0.21701882779598236, 0.2167227417230606, 0.21660137176513672, 0.21611057221889496, 0.21607021987438202, 0.21587705612182617, 0.21555593609809875, 0.2152298390865326, 0.21503789722919464, 0.21489237248897552, 0.21488744020462036, 0.2141607701778412, 0.21429254114627838, 0.21399237215518951, 0.21372005343437195, 0.2138003557920456, 0.21311284601688385, 0.21266910433769226, 0.21285519003868103, 0.21265338361263275, 0.2124439775943756, 0.2120417058467865, 0.21219295263290405, 0.21162933111190796, 0.21151991188526154, 0.2111300230026245, 0.21118046343326569, 0.21067607402801514, 0.21090826392173767, 0.21028649806976318, 0.21008558571338654, 0.21009351313114166, 0.21017388999462128, 0.2096979022026062, 0.20945079624652863, 0.20951084792613983, 0.2092328667640686, 0.20918874442577362, 0.20924079418182373, 0.20873047411441803, 0.20827332139015198, 0.20834894478321075, 0.20839223265647888, 0.20836231112480164, 0.2075442373752594, 0.20732173323631287, 0.20729106664657593, 0.20713888108730316, 0.20737136900424957, 0.206991046667099, 0.2070736438035965, 0.20679616928100586, 0.206315815448761, 0.20616288483142853, 0.20620040595531464, 0.20583972334861755, 0.20579461753368378, 0.20550760626792908, 0.20533157885074615, 0.20482856035232544, 0.20492194592952728, 0.20483921468257904, 0.20492814481258392, 0.2045901119709015, 0.2047862857580185, 0.20472906529903412, 0.20435848832130432, 0.2042064517736435, 0.2037918120622635, 0.2036583572626114, 0.2037605345249176, 0.20391355454921722, 0.2033432573080063, 0.20332692563533783, 0.20308193564414978, 0.20322191715240479, 0.20309889316558838, 0.2027619332075119, 0.20254729688167572, 0.20228269696235657, 0.20221547782421112, 0.20199735462665558, 0.20236295461654663, 0.20223984122276306, 0.20221322774887085, 0.20189169049263, 0.20153868198394775, 0.20192928612232208, 0.20138175785541534, 0.20156626403331757, 0.2013264149427414, 0.20105233788490295, 0.20093072950839996, 0.20110279321670532, 0.20094281435012817, 0.20061752200126648, 0.20035956799983978, 0.20044738054275513, 0.2007916420698166, 0.20045064389705658, 0.20010724663734436, 0.20040123164653778, 0.20017345249652863, 0.20023374259471893, 0.20011600852012634, 0.2001645714044571, 0.19966042041778564, 0.1993497610092163, 0.19971366226673126, 0.19978627562522888, 0.199490025639534, 0.1990966796875, 0.19931568205356598, 0.1994962841272354]",33.0,"[33.0, 33.0, 33.0, 33.0, 33.0, 33.0, 33.0, 33.0, 33.0, 33.0, 33.0, 33.0, 33.0, 33.0, 33.0, 33.0, 33.0, 33.0, 33.0, 33.0, 33.0, 33.0, 33.0, 33.0, 33.0, 33.0, 33.0, 33.0, 33.0, 33.0, 33.0, 33.0, 33.0, 33.0, 33.0, 33.0, 33.0, 33.0, 33.0, 33.0, 33.0, 33.0, 33.0, 33.0, 33.0, 33.0, 33.0, 33.0, 33.0, 33.0, 33.0, 33.0, 33.0, 33.0, 33.0, 33.0, 33.0, 33.0, 33.0, 33.0, 33.0, 33.0, 33.0, 33.0, 33.0, 33.0, 33.0, 33.0, 33.0, 33.0, 33.0, 33.0, 33.0, 33.0, 33.0, 33.0, 33.0, 33.0, 33.0, 33.0, 33.0, 33.0, 33.0, 33.0, 33.0, 33.0, 33.0, 33.0, 33.0, 33.0, 33.0, 33.0, 33.0, 33.0, 33.0, 33.0, 33.0, 33.0, 33.0, 33.0, 33.0, 33.0, 33.0, 33.0, 33.0, 33.0, 33.0, 33.0, 33.0, 33.0, 33.0, 33.0, 33.0, 33.0, 33.0, 33.0, 33.0, 33.0, 33.0, 33.0, 33.0, 33.0, 33.0, 33.0, 33.0, 33.0, 33.0, 33.0, 33.0, 33.0, 33.0, 33.0, 33.0, 33.0, 33.0, 33.0, 33.0, 33.0, 33.0, 33.0, 33.0, 33.0, 33.0, 33.0, 33.0, 33.0, 33.0, 33.0, 33.0, 33.0, 33.0, 33.0, 33.0, 33.0, 33.0, 33.0, 33.0, 33.0, 33.0, 33.0, 33.0, 33.0, 33.0, 33.0, 33.0, 33.0, 33.0, 33.0, 33.0, 33.0, 33.0, 33.0, 33.0, 33.0, 33.0, 33.0, 33.0, 33.0, 33.0, 33.0, 33.0, 33.0, 33.0, 33.0, 33.0, 33.0, 33.0, 33.0, 33.0, 33.0, 33.0, 33.0, 33.0, 33.0, 33.0, 33.0, 33.0, 33.0, 33.0, 33.0, 33.0, 33.0, 33.0, 33.0, 33.0, 33.0, 33.0, 33.0, 33.0, 33.0, 33.0, 33.0, 33.0, 33.0, 33.0, 33.0, 33.0, 33.0, 33.0, 33.0, 33.0, 33.0, 33.0, 33.0, 33.0, 33.0, 33.0, 33.0, 33.0, 33.0, 33.0, 33.0, 33.0, 33.0, 33.0, 33.0, 33.0, 33.0, 33.0, 33.0, 33.0, 33.0, 33.0, 33.0, 33.0, 33.0, 33.0, 33.0, 33.0, 33.0, 33.0, 33.0, 33.0, 33.0, 33.0, 33.0, 33.0, 33.0, 33.0, 33.0, 33.0, 33.0, 33.0, 33.0, 33.0, 33.0, 33.0, 33.0, 33.0, 33.0, 33.0, 33.0, 33.0, 33.0, 33.0, 33.0, 33.0, 33.0, 33.0, 33.0, 33.0, 33.0, 33.0, 33.0, 33.0, 33.0, 33.0, 33.0, 33.0, 33.0, 33.0, 33.0, 33.0, 33.0, 33.0, 33.0, 33.0, 33.0, 33.0, 33.0, 33.0, 33.0, 33.0, 33.0, 33.0, 33.0, 33.0, 33.0, 33.0, 33.0, 33.0, 33.0, 33.0, 33.0, 33.0, 33.0, 33.0, 33.0, 33.0, 33.0, 33.0, 33.0, 33.0, 33.0, 33.0, 33.0, 33.0, 33.0, 33.0, 33.0, 33.0, 33.0, 33.0, 33.0, 33.0, 33.0, 33.0, 33.0, 33.0, 33.0, 33.0, 33.0, 33.0, 33.0, 33.0]",COMPLETE
145,145,0.7586788782831602,2024-08-31 07:43:51.985948,2024-08-31 07:44:04.388249,0 days 00:00:12.402301,1,0.43802308538430795,5,5,0.002164692322184657,26,0.007590592215284215,0.891,0.88125,5,"[9, 5, 5, 5, 5]",4.993796526054591,"[8.990074441687344, 4.997518610421836, 4.996277915632755, 4.995037220843672, 4.993796526054591]",0.7882867262774627,0.7586788782831602,5,"[9, 5, 5, 5, 5]",5,"[0.3661113381385803, 0.36058422923088074, 0.34986385703086853, 0.34003815054893494, 0.33485954999923706]",5.0,"[9.0, 5.0, 5.0, 5.0, 5.0]",COMPLETE
146,146,0.5,2024-08-31 07:44:06.986462,2024-08-31 07:44:33.792723,0 days 00:00:26.806261,4,0.3930750435269427,5,40,0.005060416307660064,38,0.08434390534423651,0.859,0.85875,0,"[0, 0, 0, 0, 0, 0, 0, 0, 0, 0, 0, 0, 0, 0, 0, 0, 0, 0, 0, 0, 0, 0, 0, 0, 0, 0, 0, 0, 0, 0, 0, 0, 0, 0, 0, 0, 0, 0, 0, 0]",0.0,"[0.0, 0.0, 0.0, 0.0, 0.0, 0.0, 0.0, 0.0, 0.0, 0.0, 0.0, 0.0, 0.0, 0.0, 0.0, 0.0, 0.0, 0.0, 0.0, 0.0, 0.0, 0.0, 0.0, 0.0, 0.0, 0.0, 0.0, 0.0, 0.0, 0.0, 0.0, 0.0, 0.0, 0.0, 0.0, 0.0, 0.0, 0.0, 0.0, 0.0]",0.5,0.5,0,"[0, 0, 0, 0, 0, 0, 0, 0, 0, 0, 0, 0, 0, 0, 0, 0, 0, 0, 0, 0, 0, 0, 0, 0, 0, 0, 0, 0, 0, 0, 0, 0, 0, 0, 0, 0, 0, 0, 0, 0]",40,"[0.4072267413139343, 0.40745463967323303, 0.40750476717948914, 0.4072290062904358, 0.4074111878871918, 0.40853196382522583, 0.4077627658843994, 0.4075351655483246, 0.407633513212204, 0.4073210060596466, 0.40755409002304077, 0.40724509954452515, 0.40756651759147644, 0.4074093699455261, 0.40750622749328613, 0.407416433095932, 0.40790417790412903, 0.4082837998867035, 0.4072761535644531, 0.4083019196987152, 0.40736979246139526, 0.40733572840690613, 0.40729671716690063, 0.4072268307209015, 0.40723708271980286, 0.4073936343193054, 0.40722617506980896, 0.4078328311443329, 0.4078506529331207, 0.40736183524131775, 0.4072783589363098, 0.4073629081249237, 0.4075544774532318, 0.40782952308654785, 0.40725943446159363, 0.4072765111923218, 0.4072344899177551, 0.40724408626556396, 0.4075152575969696, 0.4074196219444275]",0.0,"[0.0, 0.0, 0.0, 0.0, 0.0, 0.0, 0.0, 0.0, 0.0, 0.0, 0.0, 0.0, 0.0, 0.0, 0.0, 0.0, 0.0, 0.0, 0.0, 0.0, 0.0, 0.0, 0.0, 0.0, 0.0, 0.0, 0.0, 0.0, 0.0, 0.0, 0.0, 0.0, 0.0, 0.0, 0.0, 0.0, 0.0, 0.0, 0.0, 0.0]",COMPLETE
