,number,value,datetime_start,datetime_complete,duration,params_batch_size_scaler,params_constant_learning_rate,params_depth,params_epochs,params_kernel_l2,params_num_trees,params_temperature,user_attrs_accuracy_test,user_attrs_accuracy_valid,user_attrs_approximate_feature_sparsity,user_attrs_approximate_feature_sparsity_history,user_attrs_approximate_weight_sparsity,user_attrs_approximate_weight_sparsity_history,user_attrs_auc_test,user_attrs_auc_valid,user_attrs_feature_sparsity,user_attrs_feature_sparsity_history,user_attrs_num_epochs,user_attrs_val_loss_history,user_attrs_weight_sparsity,user_attrs_weight_sparsity_history,state
2,2,0.9202638121369041,2024-08-31 00:34:18.090074,2024-08-31 00:36:02.450392,0 days 00:01:44.360318,4,0.016324073226031775,3,450,0.010873887511663948,23,0.0900012024582268,0.933,0.92875,33,"[33, 33, 33, 33, 33, 33, 33, 33, 33, 33, 33, 33, 33, 33, 33, 33, 33, 33, 33, 33, 33, 33, 33, 33, 33, 33, 33, 33, 33, 33, 33, 33, 33, 33, 33, 33, 33, 33, 33, 33, 33, 33, 33, 33, 33, 33, 33, 33, 33, 33, 33, 33, 33, 33, 33, 33, 33, 33, 33, 33, 33, 33, 33, 33, 33, 33, 33, 33, 33, 33, 33, 33, 33, 33, 33, 33, 33, 33, 33, 33, 33, 33, 33, 33, 33, 33, 33, 33, 33, 33, 33, 33, 33, 33, 33, 33, 33, 33, 33, 33, 33, 33, 33, 33, 33, 33, 33, 33, 33, 33, 33, 33, 33, 33, 33, 33, 33, 33, 33, 33, 33, 33, 33, 33, 33, 33, 33, 33, 33, 33, 33, 33, 33, 33, 33, 33, 33, 33, 33, 33, 33, 33, 33, 33, 33, 33, 33, 33, 33, 33, 33, 33, 33, 33, 33, 33, 33, 33, 33, 33, 33, 33, 33, 33, 33, 33, 33, 33, 33, 33, 33, 33, 33, 33, 33, 33, 33, 33, 33, 33, 33, 33, 33, 33, 33, 33, 33, 33, 33, 33, 33, 33, 33, 33, 33, 33, 33, 33, 33, 33, 33, 33, 33, 33, 33, 33, 33, 33, 33, 33, 33, 33, 33, 33, 33, 33, 33, 33, 33, 33, 33, 33, 33, 33, 33, 33, 33, 33, 33, 33, 33, 33, 33, 33, 33, 33, 33, 33, 33, 33, 33, 33, 33, 33, 33, 33, 33, 33, 33, 33, 33, 33, 33, 33, 33, 33, 33, 33, 33, 33, 33, 33, 33, 33, 33, 33, 33, 33, 33, 33, 33, 33, 33, 33, 33, 33, 33, 33, 33, 33, 33, 33, 33, 33, 33, 33, 33, 33, 33, 33, 33, 33, 33, 33, 33, 33, 33, 33, 33, 33, 33, 33, 33, 33, 33, 33, 33, 33, 33, 33, 33, 33, 33, 33, 33, 33, 33, 33, 33, 33, 33, 33, 33, 33, 33, 33, 33, 33, 33, 33, 33, 33, 33, 33, 33, 33, 33, 33, 33, 33, 33, 33, 33, 33, 33, 33, 33, 33, 33, 33, 33, 33, 33, 33, 33, 33, 33, 33, 33, 33, 33, 33, 33, 33, 33, 33, 33, 33, 33, 33, 33, 33, 33, 33, 33, 33, 33, 33, 33, 33, 33, 33, 33, 33, 33, 33, 33, 33, 33, 33, 33, 33, 33, 33, 33, 33, 33, 33, 33, 33, 33, 33, 33, 33, 33, 33, 33, 33, 33, 33, 33, 33, 33, 33, 33, 33, 33, 33, 33, 33, 33, 33, 33, 33, 33, 33, 33, 33, 33, 33, 33, 33, 33, 33, 33, 33, 33, 33, 33, 33, 33, 33, 33, 33, 33, 33, 33, 33, 33, 33]",32.98757763975155,"[32.96273291925466, 32.98757763975155, 32.98757763975155, 32.98136645962733, 32.975155279503106, 32.96273291925466, 32.98136645962733, 32.98757763975155, 32.975155279503106, 32.96273291925466, 32.96273291925466, 32.98757763975155, 32.98136645962733, 32.96894409937888, 32.96894409937888, 32.95652173913044, 32.98757763975155, 32.975155279503106, 32.95031055900621, 32.962732919254655, 32.96273291925466, 32.96894409937888, 32.96894409937888, 32.975155279503106, 32.98136645962733, 32.975155279503106, 32.98757763975155, 32.98757763975155, 32.96273291925466, 32.975155279503106, 32.96894409937888, 32.96894409937888, 32.975155279503106, 32.975155279503106, 32.98136645962733, 32.975155279503106, 32.96894409937888, 32.98136645962733, 32.975155279503106, 32.975155279503106, 32.96273291925466, 32.975155279503106, 32.96894409937888, 32.96273291925466, 32.96273291925466, 32.95652173913044, 32.94409937888199, 32.94409937888199, 32.94409937888199, 32.95652173913044, 32.96894409937888, 32.962732919254655, 32.95652173913044, 32.962732919254655, 32.96894409937888, 32.975155279503106, 32.95652173913044, 32.95652173913044, 32.975155279503106, 32.96273291925466, 32.98136645962733, 32.975155279503106, 32.975155279503106, 32.96273291925466, 32.96273291925466, 32.975155279503106, 32.975155279503106, 32.975155279503106, 32.98136645962733, 32.98136645962733, 32.975155279503106, 32.98757763975155, 32.975155279503106, 32.95652173913044, 32.98136645962733, 32.975155279503106, 32.98136645962733, 32.975155279503106, 32.98757763975155, 32.98757763975155, 32.98757763975155, 32.98757763975155, 32.98757763975155, 32.98136645962733, 32.98757763975155, 32.98757763975155, 32.98757763975155, 32.98757763975155, 32.98757763975155, 32.98757763975155, 32.96894409937888, 32.98757763975155, 32.96894409937888, 32.993788819875775, 32.98136645962733, 32.993788819875775, 32.98757763975155, 32.975155279503106, 32.96894409937888, 32.975155279503106, 32.98757763975155, 32.98757763975155, 32.993788819875775, 32.993788819875775, 32.975155279503106, 32.96894409937888, 32.96273291925466, 32.975155279503106, 32.98757763975155, 32.96894409937888, 32.975155279503106, 32.98136645962733, 32.975155279503106, 32.962732919254655, 32.96894409937888, 32.975155279503106, 32.975155279503106, 32.98136645962733, 32.96894409937888, 32.98136645962733, 32.96894409937888, 32.96894409937888, 32.98757763975155, 32.975155279503106, 32.98136645962733, 32.98136645962733, 32.975155279503106, 32.993788819875775, 32.993788819875775, 32.98757763975155, 32.98136645962733, 32.95031055900621, 32.96273291925466, 32.96894409937888, 32.975155279503106, 32.975155279503106, 32.975155279503106, 32.993788819875775, 32.993788819875775, 32.993788819875775, 32.975155279503106, 32.98136645962733, 32.98136645962733, 32.98136645962733, 32.98136645962733, 32.98757763975155, 32.993788819875775, 32.98757763975155, 32.98136645962733, 32.95652173913044, 32.962732919254655, 32.96273291925466, 32.95652173913044, 32.94409937888199, 32.95031055900621, 32.95031055900621, 32.96273291925466, 32.98136645962733, 32.96894409937888, 32.98757763975155, 32.98136645962733, 32.98757763975155, 32.98757763975155, 32.993788819875775, 32.975155279503106, 32.98136645962733, 32.98757763975155, 32.98136645962733, 32.975155279503106, 32.975155279503106, 32.962732919254655, 32.96273291925466, 32.96894409937888, 32.96894409937888, 32.975155279503106, 32.98136645962733, 32.96273291925466, 32.95652173913044, 32.96894409937888, 32.96273291925466, 32.95652173913044, 32.95652173913044, 32.96273291925466, 32.96273291925466, 32.96894409937888, 32.96894409937888, 32.96273291925466, 32.975155279503106, 32.98136645962733, 32.98136645962733, 32.98757763975155, 32.993788819875775, 32.993788819875775, 32.993788819875775, 32.993788819875775, 32.993788819875775, 32.98757763975155, 32.993788819875775, 32.993788819875775, 32.993788819875775, 32.975155279503106, 32.98757763975155, 32.975155279503106, 32.98136645962733, 32.98136645962733, 32.98136645962733, 32.98757763975155, 32.98136645962733, 32.98757763975155, 32.993788819875775, 32.98757763975155, 32.98757763975155, 32.98757763975155, 32.98757763975155, 32.975155279503106, 32.98757763975155, 32.975155279503106, 32.98136645962733, 32.98136645962733, 32.975155279503106, 32.98136645962733, 32.98757763975155, 32.98136645962733, 32.975155279503106, 32.975155279503106, 32.98136645962733, 32.98136645962733, 32.98136645962733, 32.96894409937888, 32.975155279503106, 32.96273291925466, 32.96894409937888, 32.96894409937888, 32.96894409937888, 32.96894409937888, 32.975155279503106, 32.98757763975155, 32.993788819875775, 32.993788819875775, 32.98757763975155, 32.98757763975155, 32.975155279503106, 32.975155279503106, 32.98136645962733, 32.98136645962733, 32.975155279503106, 32.98136645962733, 32.96894409937888, 32.98757763975155, 32.98757763975155, 32.975155279503106, 32.96894409937888, 32.975155279503106, 32.993788819875775, 32.98757763975155, 32.98136645962733, 32.975155279503106, 32.975155279503106, 32.98136645962733, 32.98136645962733, 32.98136645962733, 32.98136645962733, 32.98757763975155, 32.993788819875775, 32.98757763975155, 32.98757763975155, 32.98757763975155, 32.98757763975155, 32.98757763975155, 32.98757763975155, 32.975155279503106, 32.98136645962733, 32.98136645962733, 32.96273291925466, 32.96273291925466, 32.95652173913044, 32.975155279503106, 32.96273291925466, 32.962732919254655, 32.95652173913044, 32.96894409937888, 32.98136645962733, 32.98757763975155, 32.993788819875775, 32.993788819875775, 32.98757763975155, 32.975155279503106, 32.98757763975155, 32.98136645962733, 32.98136645962733, 32.975155279503106, 32.96894409937888, 32.98136645962733, 32.975155279503106, 32.98136645962733, 32.993788819875775, 32.98757763975155, 32.993788819875775, 32.993788819875775, 32.993788819875775, 32.95652173913044, 32.975155279503106, 32.993788819875775, 32.98757763975155, 32.98757763975155, 32.98136645962733, 32.96894409937888, 32.96894409937888, 32.975155279503106, 32.96894409937888, 32.98136645962733, 32.975155279503106, 32.98136645962733, 32.975155279503106, 32.98136645962733, 32.98757763975155, 32.993788819875775, 32.98757763975155, 32.98757763975155, 32.993788819875775, 32.98136645962733, 32.98757763975155, 32.975155279503106, 32.98136645962733, 32.975155279503106, 32.95652173913044, 32.95031055900621, 32.95652173913044, 32.95031055900621, 32.975155279503106, 32.96894409937888, 32.96894409937888, 32.975155279503106, 32.95031055900621, 32.95031055900621, 32.94409937888199, 32.95652173913044, 32.975155279503106, 32.975155279503106, 32.98136645962733, 32.975155279503106, 32.975155279503106, 32.975155279503106, 32.975155279503106, 32.975155279503106, 32.96273291925466, 32.975155279503106, 32.96273291925466, 32.96894409937888, 32.95652173913044, 32.93788819875776, 32.93788819875776, 32.98757763975155, 32.975155279503106, 32.975155279503106, 32.96894409937888, 32.975155279503106, 32.98136645962733, 32.98757763975155, 32.96894409937888, 32.96894409937888, 32.96894409937888, 32.96273291925466, 32.975155279503106, 32.975155279503106, 32.96894409937888, 32.96273291925466, 32.96273291925466, 32.96273291925466, 32.96894409937888, 32.96273291925466, 32.975155279503106, 32.975155279503106, 32.98757763975155, 32.98757763975155, 32.98136645962733, 32.98136645962733, 32.975155279503106, 32.975155279503106, 32.98757763975155, 32.98757763975155, 32.98136645962733, 32.96894409937888, 32.98757763975155, 32.98757763975155, 32.98136645962733, 32.98757763975155, 32.98757763975155, 32.98757763975155, 32.98136645962733, 32.993788819875775, 32.98136645962733, 32.993788819875775, 32.993788819875775, 32.993788819875775, 32.98757763975155, 32.975155279503106, 32.96894409937888, 32.96894409937888, 32.975155279503106, 32.975155279503106, 32.975155279503106, 32.96894409937888, 32.96894409937888, 32.975155279503106, 32.975155279503106, 32.98136645962733, 32.975155279503106, 32.96894409937888, 32.96273291925466, 32.975155279503106, 32.975155279503106, 32.975155279503106, 32.98136645962733, 32.98136645962733, 32.98757763975155, 32.975155279503106, 32.975155279503106, 32.975155279503106, 32.98136645962733, 32.98136645962733, 32.98136645962733, 32.98136645962733, 32.98136645962733, 32.98757763975155, 32.98757763975155, 32.975155279503106, 32.98136645962733, 32.975155279503106, 32.98136645962733, 32.98136645962733, 32.98757763975155, 32.98136645962733, 32.98136645962733, 32.98757763975155, 32.98757763975155, 32.98757763975155, 32.993788819875775, 32.993788819875775, 32.98757763975155, 32.98757763975155, 32.993788819875775, 32.98757763975155, 32.98757763975155, 32.98757763975155, 32.993788819875775, 32.993788819875775, 32.993788819875775, 32.993788819875775, 32.98757763975155]",0.9059024595645606,0.9202638121369041,33,"[33, 33, 33, 33, 33, 33, 33, 33, 33, 33, 33, 33, 33, 33, 33, 33, 33, 33, 33, 33, 33, 33, 33, 33, 33, 33, 33, 33, 33, 33, 33, 33, 33, 33, 33, 33, 33, 33, 33, 33, 33, 33, 33, 33, 33, 33, 33, 33, 33, 33, 33, 33, 33, 33, 33, 33, 33, 33, 33, 33, 33, 33, 33, 33, 33, 33, 33, 33, 33, 33, 33, 33, 33, 33, 33, 33, 33, 33, 33, 33, 33, 33, 33, 33, 33, 33, 33, 33, 33, 33, 33, 33, 33, 33, 33, 33, 33, 33, 33, 33, 33, 33, 33, 33, 33, 33, 33, 33, 33, 33, 33, 33, 33, 33, 33, 33, 33, 33, 33, 33, 33, 33, 33, 33, 33, 33, 33, 33, 33, 33, 33, 33, 33, 33, 33, 33, 33, 33, 33, 33, 33, 33, 33, 33, 33, 33, 33, 33, 33, 33, 33, 33, 33, 33, 33, 33, 33, 33, 33, 33, 33, 33, 33, 33, 33, 33, 33, 33, 33, 33, 33, 33, 33, 33, 33, 33, 33, 33, 33, 33, 33, 33, 33, 33, 33, 33, 33, 33, 33, 33, 33, 33, 33, 33, 33, 33, 33, 33, 33, 33, 33, 33, 33, 33, 33, 33, 33, 33, 33, 33, 33, 33, 33, 33, 33, 33, 33, 33, 33, 33, 33, 33, 33, 33, 33, 33, 33, 33, 33, 33, 33, 33, 33, 33, 33, 33, 33, 33, 33, 33, 33, 33, 33, 33, 33, 33, 33, 33, 33, 33, 33, 33, 33, 33, 33, 33, 33, 33, 33, 33, 33, 33, 33, 33, 33, 33, 33, 33, 33, 33, 33, 33, 33, 33, 33, 33, 33, 33, 33, 33, 33, 33, 33, 33, 33, 33, 33, 33, 33, 33, 33, 33, 33, 33, 33, 33, 33, 33, 33, 33, 33, 33, 33, 33, 33, 33, 33, 33, 33, 33, 33, 33, 33, 33, 33, 33, 33, 33, 33, 33, 33, 33, 33, 33, 33, 33, 33, 33, 33, 33, 33, 33, 33, 33, 33, 33, 33, 33, 33, 33, 33, 33, 33, 33, 33, 33, 33, 33, 33, 33, 33, 33, 33, 33, 33, 33, 33, 33, 33, 33, 33, 33, 33, 33, 33, 33, 33, 33, 33, 33, 33, 33, 33, 33, 33, 33, 33, 33, 33, 33, 33, 33, 33, 33, 33, 33, 33, 33, 33, 33, 33, 33, 33, 33, 33, 33, 33, 33, 33, 33, 33, 33, 33, 33, 33, 33, 33, 33, 33, 33, 33, 33, 33, 33, 33, 33, 33, 33, 33, 33, 33, 33, 33, 33, 33, 33, 33, 33, 33, 33, 33, 33, 33, 33, 33, 33, 33, 33, 33, 33, 33, 33, 33, 33, 33, 33, 33, 33, 33, 33]",450,"[0.42369234561920166, 0.41024553775787354, 0.4049277901649475, 0.40142136812210083, 0.3985154330730438, 0.3960409164428711, 0.39380255341529846, 0.391785591840744, 0.38995063304901123, 0.3882993757724762, 0.38672783970832825, 0.385315865278244, 0.38395822048187256, 0.3827001452445984, 0.3815295696258545, 0.38041171431541443, 0.379440039396286, 0.37848925590515137, 0.3775317668914795, 0.37658894062042236, 0.3757675588130951, 0.37497055530548096, 0.37412407994270325, 0.3733956813812256, 0.37263327836990356, 0.3719102740287781, 0.37117689847946167, 0.3705267012119293, 0.36986395716667175, 0.36919453740119934, 0.36852580308914185, 0.36790573596954346, 0.3672909438610077, 0.3666945695877075, 0.366042822599411, 0.36542248725891113, 0.3648495376110077, 0.36424899101257324, 0.3636714518070221, 0.3631231188774109, 0.36256682872772217, 0.361903578042984, 0.3613283038139343, 0.3608016073703766, 0.36025097966194153, 0.3596450090408325, 0.35908472537994385, 0.3585251271724701, 0.3579767942428589, 0.35746318101882935, 0.35692042112350464, 0.35639649629592896, 0.3558345139026642, 0.3553212881088257, 0.35477176308631897, 0.3542584478855133, 0.35368797183036804, 0.3531585931777954, 0.3526020050048828, 0.35207968950271606, 0.35157859325408936, 0.3510260283946991, 0.35051286220550537, 0.34991714358329773, 0.34936559200286865, 0.34886276721954346, 0.3482891023159027, 0.34776389598846436, 0.3472774028778076, 0.3467830717563629, 0.34623175859451294, 0.34570735692977905, 0.34515008330345154, 0.344594806432724, 0.34409940242767334, 0.3436110317707062, 0.3430653512477875, 0.3424743711948395, 0.3419509828090668, 0.3414081931114197, 0.3408339023590088, 0.34027183055877686, 0.33973124623298645, 0.33917129039764404, 0.338622510433197, 0.3380885720252991, 0.3376271426677704, 0.33709511160850525, 0.33651912212371826, 0.3359041213989258, 0.335373193025589, 0.3347949981689453, 0.334199994802475, 0.33361050486564636, 0.333074688911438, 0.33251091837882996, 0.33197838068008423, 0.3313598930835724, 0.3308056890964508, 0.33020633459091187, 0.3296298086643219, 0.32903456687927246, 0.3284657299518585, 0.32785743474960327, 0.3272962272167206, 0.3267125189304352, 0.32612156867980957, 0.32551097869873047, 0.3249366879463196, 0.32431498169898987, 0.323680579662323, 0.32311901450157166, 0.3225020170211792, 0.321867972612381, 0.32123199105262756, 0.3206401467323303, 0.320021390914917, 0.3194237947463989, 0.31872642040252686, 0.3181678354740143, 0.3175228238105774, 0.3168966770172119, 0.3162362277507782, 0.31558871269226074, 0.31494686007499695, 0.31432753801345825, 0.313651978969574, 0.31301644444465637, 0.31239527463912964, 0.3117571175098419, 0.31107231974601746, 0.31041648983955383, 0.30981123447418213, 0.30920085310935974, 0.3084993064403534, 0.3078049421310425, 0.3071669638156891, 0.30654430389404297, 0.3059033453464508, 0.30526790022850037, 0.3045843839645386, 0.3039242923259735, 0.30326369404792786, 0.30261391401290894, 0.3019655644893646, 0.30131348967552185, 0.30063873529434204, 0.29997673630714417, 0.29932281374931335, 0.29871711134910583, 0.29805952310562134, 0.2974054515361786, 0.2967640459537506, 0.29613831639289856, 0.29549112915992737, 0.2948797643184662, 0.2942429482936859, 0.29357975721359253, 0.29295670986175537, 0.2923605442047119, 0.2917296886444092, 0.2910882234573364, 0.29046502709388733, 0.28985795378685, 0.289255291223526, 0.28867805004119873, 0.28803378343582153, 0.28744304180145264, 0.2868586778640747, 0.2862741947174072, 0.28567877411842346, 0.28505799174308777, 0.2845303416252136, 0.28391703963279724, 0.2833648920059204, 0.28277382254600525, 0.2822158932685852, 0.2816742956638336, 0.2811252772808075, 0.2806042432785034, 0.28005263209342957, 0.27949389815330505, 0.27893269062042236, 0.2783844769001007, 0.2778851389884949, 0.27737271785736084, 0.27685514092445374, 0.2763172686100006, 0.2757992744445801, 0.27529090642929077, 0.2747995853424072, 0.27426767349243164, 0.2737658619880676, 0.2733056843280792, 0.272792786359787, 0.27228397130966187, 0.27180469036102295, 0.2713390290737152, 0.2708607017993927, 0.2704002857208252, 0.2699139714241028, 0.2694673240184784, 0.2690352499485016, 0.2686154246330261, 0.2681560218334198, 0.26769518852233887, 0.26725634932518005, 0.2668483853340149, 0.26645323634147644, 0.26598572731018066, 0.2655450999736786, 0.265120267868042, 0.264739066362381, 0.264285147190094, 0.2639045715332031, 0.26345258951187134, 0.2630263566970825, 0.26267996430397034, 0.26224541664123535, 0.2618793249130249, 0.2614589035511017, 0.2610814571380615, 0.2606898248195648, 0.26022639870643616, 0.25988712906837463, 0.25951850414276123, 0.2591730058193207, 0.2587845027446747, 0.25841185450553894, 0.2580188810825348, 0.25765812397003174, 0.25732752680778503, 0.2569875717163086, 0.2566044330596924, 0.2562299966812134, 0.2558956742286682, 0.2555314302444458, 0.2551923990249634, 0.25487393140792847, 0.2545212507247925, 0.25415968894958496, 0.25381213426589966, 0.25348588824272156, 0.2531556785106659, 0.2528294324874878, 0.25251504778862, 0.2522377371788025, 0.2518841028213501, 0.25157099962234497, 0.2512333393096924, 0.25092488527297974, 0.2506164610385895, 0.25028708577156067, 0.24998514354228973, 0.24967223405838013, 0.2493322342634201, 0.24907229840755463, 0.24878868460655212, 0.24853932857513428, 0.2481791079044342, 0.2478610873222351, 0.24760295450687408, 0.24726955592632294, 0.24704688787460327, 0.24675150215625763, 0.24647335708141327, 0.2461758852005005, 0.24582311511039734, 0.2455567866563797, 0.24531595408916473, 0.2450142353773117, 0.24471896886825562, 0.24441316723823547, 0.24413757026195526, 0.2439367175102234, 0.24364084005355835, 0.2433096319437027, 0.2430553436279297, 0.24281124770641327, 0.24250349402427673, 0.24229077994823456, 0.24199627339839935, 0.24173103272914886, 0.2415020912885666, 0.2412569373846054, 0.24096670746803284, 0.24068936705589294, 0.24045687913894653, 0.24023935198783875, 0.2400161325931549, 0.23971106112003326, 0.23945944011211395, 0.2392173409461975, 0.23900248110294342, 0.23871812224388123, 0.23847287893295288, 0.23821008205413818, 0.23800382018089294, 0.23772118985652924, 0.23757416009902954, 0.23735569417476654, 0.2371136099100113, 0.23684267699718475, 0.23659592866897583, 0.2364504039287567, 0.23621417582035065, 0.2359565794467926, 0.2357165664434433, 0.23546628654003143, 0.23524154722690582, 0.2350730299949646, 0.23481793701648712, 0.23458364605903625, 0.2343551069498062, 0.23417015373706818, 0.23392413556575775, 0.2336626946926117, 0.23350687325000763, 0.23330628871917725, 0.23311655223369598, 0.23294521868228912, 0.23267999291419983, 0.23246078193187714, 0.23226696252822876, 0.23204565048217773, 0.23192891478538513, 0.2317638248205185, 0.23152808845043182, 0.23125560581684113, 0.2310931533575058, 0.23084747791290283, 0.23065146803855896, 0.23043592274188995, 0.230221688747406, 0.230057030916214, 0.22987602651119232, 0.22969788312911987, 0.22953516244888306, 0.22938154637813568, 0.22913971543312073, 0.22893553972244263, 0.22881458699703217, 0.2285914570093155, 0.228399395942688, 0.2282341569662094, 0.22801397740840912, 0.22779977321624756, 0.22765780985355377, 0.22744442522525787, 0.2272614687681198, 0.22710365056991577, 0.22696340084075928, 0.22672177851200104, 0.22659063339233398, 0.22643066942691803, 0.22617579996585846, 0.22595036029815674, 0.22582851350307465, 0.2257625013589859, 0.22545337677001953, 0.22525905072689056, 0.22512444853782654, 0.22500427067279816, 0.2248399555683136, 0.22461813688278198, 0.22449760138988495, 0.22429098188877106, 0.22417107224464417, 0.22402751445770264, 0.22379857301712036, 0.2236449271440506, 0.2235012948513031, 0.2233925312757492, 0.22314439713954926, 0.22295446693897247, 0.22284334897994995, 0.22265483438968658, 0.22251924872398376, 0.22233662009239197, 0.22227182984352112, 0.22213062644004822, 0.2219620943069458, 0.22181199491024017, 0.2216998040676117, 0.22153553366661072, 0.22134193778038025, 0.22119611501693726, 0.22109611332416534, 0.22088485956192017, 0.22075988352298737, 0.22060729563236237, 0.2204599827528, 0.22034209966659546, 0.22021597623825073, 0.22003696858882904, 0.21987229585647583, 0.21971260011196136, 0.21961449086666107, 0.21947091817855835, 0.21927356719970703, 0.21914905309677124, 0.218980610370636, 0.21892839670181274, 0.21867123246192932, 0.21851485967636108, 0.21843303740024567, 0.21837866306304932, 0.21819598972797394, 0.2180578112602234, 0.21789437532424927, 0.21773000061511993, 0.2175929993391037, 0.21742768585681915, 0.2173822969198227, 0.2172696739435196, 0.21708986163139343, 0.21692834794521332, 0.21689723432064056, 0.21680793166160583, 0.21658813953399658, 0.21650967001914978, 0.21635854244232178, 0.2162894606590271, 0.21615049242973328, 0.21604390442371368, 0.2158607840538025, 0.2157588005065918, 0.21567003428936005, 0.215551868081092