,number,value,datetime_start,datetime_complete,duration,params_batch_size_scaler,params_constant_learning_rate,params_depth,params_epochs,params_kernel_l2,params_num_trees,params_temperature,user_attrs_accuracy_test,user_attrs_accuracy_valid,user_attrs_approximate_feature_sparsity,user_attrs_approximate_feature_sparsity_history,user_attrs_approximate_weight_sparsity,user_attrs_approximate_weight_sparsity_history,user_attrs_auc_test,user_attrs_auc_valid,user_attrs_feature_sparsity,user_attrs_feature_sparsity_history,user_attrs_num_epochs,user_attrs_val_loss_history,user_attrs_weight_sparsity,user_attrs_weight_sparsity_history,state
104,104,0.7570815782354988,2024-08-31 06:06:50.742174,2024-08-31 06:07:16.183965,0 days 00:00:25.441791,16,0.034132253917987604,3,145,0.027636230557222377,93,0.011741685218935238,0.88,0.87375,33,"[33, 33, 33, 33, 33, 33, 33, 33, 33, 33, 33, 33, 33, 33, 33, 33, 33, 33, 33, 33, 33, 33, 33, 33, 33, 33, 33, 33, 33, 33, 33, 33, 33, 33, 33, 33, 33, 33, 33, 33, 33, 33, 33, 33, 33, 33, 33, 33, 33, 33, 33, 33, 33, 33, 33, 33, 33, 33, 33, 33, 33, 33, 33, 33, 33, 33, 33, 33, 33, 33, 33, 33, 33, 33, 33, 33, 33, 33, 33, 33, 33, 33, 33, 33, 33, 33, 33, 33, 33, 33, 33, 33, 33, 33, 33, 33, 33, 33, 33, 33, 33, 33, 33, 33, 33, 33, 33, 33, 33, 33, 33, 33, 33, 33, 33, 33, 33, 33, 33, 33, 33, 33, 33, 33, 33, 33, 33, 33, 33, 33, 33, 33, 33, 33, 33, 33, 33, 33, 33, 33, 33, 33, 33, 33, 33]",32.953917050691246,"[32.964669738863286, 32.96774193548387, 32.96620583717358, 32.97542242703533, 32.97081413210446, 32.97235023041475, 32.96927803379416, 32.964669738863286, 32.96006144393241, 32.96159754224271, 32.953917050691246, 32.95698924731183, 32.96159754224271, 32.95698924731183, 32.95852534562212, 32.95084485407066, 32.956989247311824, 32.94777265745007, 32.956989247311824, 32.9615975422427, 32.963133640552996, 32.956989247311824, 32.944700460829495, 32.94930875576037, 32.953917050691246, 32.95084485407066, 32.95084485407066, 32.955453149001535, 32.953917050691246, 32.956989247311824, 32.94930875576036, 32.953917050691246, 32.94777265745007, 32.953917050691246, 32.944700460829495, 32.944700460829495, 32.955453149001535, 32.95852534562212, 32.95698924731183, 32.9615975422427, 32.95852534562212, 32.95852534562212, 32.964669738863286, 32.964669738863286, 32.963133640552996, 32.9615975422427, 32.95852534562212, 32.95852534562212, 32.963133640552996, 32.96006144393241, 32.963133640552996, 32.96006144393241, 32.96313364055299, 32.96774193548387, 32.96774193548387, 32.963133640552996, 32.963133640552996, 32.966205837173575, 32.955453149001535, 32.95852534562212, 32.96620583717358, 32.97081413210445, 32.96927803379416, 32.97081413210445, 32.97081413210445, 32.97235023041475, 32.975422427035326, 32.96774193548387, 32.96927803379416, 32.97081413210445, 32.97235023041475, 32.964669738863286, 32.96159754224271, 32.956989247311824, 32.95852534562212, 32.956989247311824, 32.955453149001535, 32.955453149001535, 32.953917050691246, 32.963133640552996, 32.96006144393241, 32.96006144393241, 32.963133640552996, 32.96006144393241, 32.95852534562212, 32.96159754224271, 32.95852534562212, 32.963133640552996, 32.95852534562212, 32.955453149001535, 32.94777265745007, 32.95084485407066, 32.94777265745007, 32.95084485407066, 32.953917050691246, 32.94930875576037, 32.946236559139784, 32.94777265745007, 32.955453149001535, 32.94777265745007, 32.955453149001535, 32.95852534562212, 32.9615975422427, 32.964669738863286, 32.966205837173575, 32.964669738863286, 32.96159754224271, 32.963133640552996, 32.964669738863286, 32.963133640552996, 32.963133640552996, 32.964669738863286, 32.963133640552996, 32.95852534562212, 32.964669738863286, 32.96774193548387, 32.9615975422427, 32.95852534562212, 32.95084485407066, 32.953917050691246, 32.95084485407066, 32.955453149001535, 32.955453149001535, 32.95238095238095, 32.94930875576037, 32.956989247311824, 32.958525345622114, 32.956989247311824, 32.95698924731183, 32.9615975422427, 32.966205837173575, 32.963133640552996, 32.966205837173575, 32.96774193548387, 32.96006144393241, 32.96006144393241, 32.96927803379416, 32.96620583717358, 32.96620583717358, 32.96159754224271, 32.955453149001535, 32.955453149001535, 32.95698924731183, 32.95852534562212, 32.953917050691246]",0.787440451126578,0.7570815782354988,33,"[33, 33, 33, 33, 33, 33, 33, 33, 33, 33, 33, 33, 33, 33, 33, 33, 33, 33, 33, 33, 33, 33, 33, 33, 33, 33, 33, 33, 33, 33, 33, 33, 33, 33, 33, 33, 33, 33, 33, 33, 33, 33, 33, 33, 33, 33, 33, 33, 33, 33, 33, 33, 33, 33, 33, 33, 33, 33, 33, 33, 33, 33, 33, 33, 33, 33, 33, 33, 33, 33, 33, 33, 33, 33, 33, 33, 33, 33, 33, 33, 33, 33, 33, 33, 33, 33, 33, 33, 33, 33, 33, 33, 33, 33, 33, 33, 33, 33, 33, 33, 33, 33, 33, 33, 33, 33, 33, 33, 33, 33, 33, 33, 33, 33, 33, 33, 33, 33, 33, 33, 33, 33, 33, 33, 33, 33, 33, 33, 33, 33, 33, 33, 33, 33, 33, 33, 33, 33, 33, 33, 33, 33, 33, 33, 33]",145,"[0.4055922031402588, 0.4029524624347687, 0.4007141888141632, 0.3986857235431671, 0.39681777358055115, 0.39506995677948, 0.39338311553001404, 0.3918684422969818, 0.3904198706150055, 0.3891517221927643, 0.38797762989997864, 0.386729896068573, 0.3856344223022461, 0.3845796287059784, 0.3836837708950043, 0.3827328383922577, 0.3819229006767273, 0.3810977637767792, 0.38040655851364136, 0.37968650460243225, 0.37889933586120605, 0.3782080411911011, 0.3776220381259918, 0.37700363993644714, 0.3766252100467682, 0.3759743869304657, 0.37535351514816284, 0.37495434284210205, 0.3744073808193207, 0.3739059865474701, 0.3734164834022522, 0.3729913830757141, 0.3726191222667694, 0.37215977907180786, 0.3718213140964508, 0.3715076148509979, 0.3710474669933319, 0.3707551658153534, 0.37046095728874207, 0.37005937099456787, 0.36987608671188354, 0.3694314956665039, 0.3691222667694092, 0.3688070774078369, 0.36836349964141846, 0.3680669367313385, 0.3678078353404999, 0.3675450384616852, 0.3672800064086914, 0.366876482963562, 0.36672237515449524, 0.36637645959854126, 0.3662309944629669, 0.3659079372882843, 0.36563748121261597, 0.36527836322784424, 0.36523064970970154, 0.36482661962509155, 0.3645124137401581, 0.36439383029937744, 0.3639986515045166, 0.36372461915016174, 0.3634944558143616, 0.3631877899169922, 0.3629968762397766, 0.3628014624118805, 0.3624347746372223, 0.36225101351737976, 0.36192208528518677, 0.36172252893447876, 0.3614669740200043, 0.36124852299690247, 0.36113783717155457, 0.36081013083457947, 0.3606107234954834, 0.3604281544685364, 0.3600514233112335, 0.35985398292541504, 0.3596002459526062, 0.35939300060272217, 0.35936543345451355, 0.3589502274990082, 0.35880592465400696, 0.3586246967315674, 0.3581711947917938, 0.35801053047180176, 0.35768836736679077, 0.3574336767196655, 0.3572627902030945, 0.35710063576698303, 0.3568410873413086, 0.35650861263275146, 0.3563203811645508, 0.3562851846218109, 0.3559063971042633, 0.35563838481903076, 0.35553833842277527, 0.3552381098270416, 0.35521435737609863, 0.3549264669418335, 0.3546068072319031, 0.354420006275177, 0.3542226552963257, 0.35410311818122864, 0.35382136702537537, 0.35336238145828247, 0.35328999161720276, 0.3529597818851471, 0.3527967929840088, 0.35252606868743896, 0.3523089289665222, 0.352115273475647, 0.35192447900772095, 0.3518291115760803, 0.3519141376018524, 0.3518610894680023, 0.3512205481529236, 0.35091477632522583, 0.35065653920173645, 0.35052773356437683, 0.3502935767173767, 0.3500482141971588, 0.3498282730579376, 0.349841833114624, 0.3495055139064789, 0.34923243522644043, 0.34910956025123596, 0.3489932119846344, 0.34872350096702576, 0.348570317029953, 0.348317414522171, 0.348061203956604, 0.3478716313838959, 0.347777396440506, 0.34748518466949463, 0.34718286991119385, 0.34696564078330994, 0.3468485176563263, 0.34661248326301575, 0.3463892340660095, 0.34619274735450745, 0.346049427986145, 0.3457965850830078, 0.3455725610256195, 0.3453589379787445]",33.0,"[33.0, 33.0, 33.0, 33.0, 33.0, 33.0, 33.0, 33.0, 33.0, 33.0, 33.0, 33.0, 33.0, 33.0, 33.0, 33.0, 33.0, 33.0, 33.0, 33.0, 33.0, 33.0, 33.0, 33.0, 33.0, 33.0, 33.0, 33.0, 33.0, 33.0, 33.0, 33.0, 33.0, 33.0, 33.0, 33.0, 33.0, 33.0, 33.0, 33.0, 33.0, 33.0, 33.0, 33.0, 33.0, 33.0, 33.0, 33.0, 33.0, 33.0, 33.0, 33.0, 33.0, 33.0, 33.0, 33.0, 33.0, 33.0, 33.0, 33.0, 33.0, 33.0, 33.0, 33.0, 33.0, 33.0, 33.0, 33.0, 33.0, 33.0, 33.0, 33.0, 33.0, 33.0, 33.0, 33.0, 33.0, 33.0, 33.0, 33.0, 33.0, 33.0, 33.0, 33.0, 33.0, 33.0, 33.0, 33.0, 33.0, 33.0, 33.0, 33.0, 33.0, 33.0, 33.0, 33.0, 33.0, 33.0, 33.0, 33.0, 33.0, 33.0, 33.0, 33.0, 33.0, 33.0, 33.0, 33.0, 33.0, 33.0, 33.0, 33.0, 33.0, 33.0, 33.0, 33.0, 33.0, 33.0, 33.0, 33.0, 33.0, 33.0, 33.0, 33.0, 33.0, 33.0, 33.0, 33.0, 33.0, 33.0, 33.0, 33.0, 33.0, 33.0, 33.0, 33.0, 33.0, 33.0, 33.0, 33.0, 33.0, 33.0, 33.0, 33.0, 33.0]",COMPLETE
