,number,value,datetime_start,datetime_complete,duration,params_batch_size_scaler,params_constant_learning_rate,params_depth,params_epochs,params_kernel_l2,params_num_trees,params_temperature,user_attrs_accuracy_test,user_attrs_accuracy_valid,user_attrs_approximate_feature_sparsity,user_attrs_approximate_feature_sparsity_history,user_attrs_approximate_weight_sparsity,user_attrs_approximate_weight_sparsity_history,user_attrs_auc_test,user_attrs_auc_valid,user_attrs_feature_sparsity,user_attrs_feature_sparsity_history,user_attrs_num_epochs,user_attrs_val_loss_history,user_attrs_weight_sparsity,user_attrs_weight_sparsity_history,state
133,133,0.9315866084425036,2024-08-31 07:19:51.657652,2024-08-31 07:22:53.702259,0 days 00:03:02.044607,1,0.3156782834542909,5,85,0.11352600945803618,95,0.0005387963031369845,0.93,0.9425,30,"[33, 33, 33, 33, 33, 33, 33, 33, 33, 33, 33, 33, 33, 33, 33, 33, 33, 33, 32, 30, 30, 30, 30, 30, 30, 30, 30, 30, 30, 30, 30, 30, 30, 30, 30, 30, 30, 30, 30, 30, 30, 30, 30, 30, 30, 30, 30, 30, 30, 30, 30, 30, 30, 30, 30, 30, 30, 30, 30, 30, 30, 30, 30, 30, 30, 30, 30, 30, 30, 30, 30, 30, 30, 30, 30, 30, 30, 30, 30, 30, 30, 30, 30, 30, 30]",29.921901528013578,"[32.923259762309, 32.91952461799661, 32.918166383701184, 32.92903225806452, 32.932427843803055, 32.9195246179966, 32.932427843803055, 32.92903225806452, 32.92903225806452, 32.9276740237691, 32.93174872665535, 32.92699490662139, 32.929371816638366, 32.924957555178274, 32.92258064516129, 32.923259762309, 32.92495755517827, 32.9276740237691, 31.926315789473687, 29.92495755517827, 29.93446519524618, 29.929032258064513, 29.924278438030562, 29.92869269949066, 29.924617996604415, 29.92597623089983, 29.923599320882854, 29.921901528013585, 29.923259762308998, 29.935823429541596, 29.92869269949066, 29.92665534804754, 29.92937181663837, 29.924957555178267, 29.928692699490664, 29.924278438030562, 29.931748726655346, 29.926655348047536, 29.929032258064517, 29.933106960950763, 29.93378607809847, 29.930730050933786, 29.932088285229202, 29.92665534804754, 29.930050933786077, 29.923259762309, 29.93548387096774, 29.930390492359933, 29.924278438030562, 29.932427843803055, 29.920882852292017, 29.92427843803056, 29.927334465195244, 29.918505942275043, 29.934125636672327, 29.918505942275043, 29.92088285229202, 29.918166383701184, 29.915789473684214, 29.918845500848896, 29.911035653650252, 29.90730050933786, 29.913752122241085, 29.926315789473684, 29.92190152801358, 29.915110356536506, 29.915449915110354, 29.909677419354836, 29.914431239388794, 29.92020373514431, 29.92190152801358, 29.91578947368421, 29.92427843803056, 29.924957555178267, 29.9106960950764, 29.918505942275043, 29.915449915110358, 29.91680814940577, 29.913752122241085, 29.911375212224108, 29.915110356536502, 29.91137521222411, 29.921222410865873, 29.920543293718165, 29.921901528013578]",0.9101131944616452,0.9315866084425036,30,"[33, 33, 33, 33, 33, 33, 33, 33, 33, 33, 33, 33, 33, 33, 33, 33, 33, 33, 32, 30, 30, 30, 30, 30, 30, 30, 30, 30, 30, 30, 30, 30, 30, 30, 30, 30, 30, 30, 30, 30, 30, 30, 30, 30, 30, 30, 30, 30, 30, 30, 30, 30, 30, 30, 30, 30, 30, 30, 30, 30, 30, 30, 30, 30, 30, 30, 30, 30, 30, 30, 30, 30, 30, 30, 30, 30, 30, 30, 30, 30, 30, 30, 30, 30, 30]",85,"[0.36795374751091003, 0.35220974683761597, 0.34381309151649475, 0.3324207067489624, 0.3178122639656067, 0.321117103099823, 0.2896156907081604, 0.2747623026371002, 0.2668150067329407, 0.25534647703170776, 0.2482098937034607, 0.24368062615394592, 0.23982693254947662, 0.2316722720861435, 0.22243525087833405, 0.2367440015077591, 0.21877248585224152, 0.21346452832221985, 0.20996490120887756, 0.2077750265598297, 0.2087634652853012, 0.20516082644462585, 0.2010210156440735, 0.20317910611629486, 0.19911520183086395, 0.19981569051742554, 0.20190918445587158, 0.19677551090717316, 0.20181135833263397, 0.19620400667190552, 0.203534796833992, 0.19125095009803772, 0.19277264177799225, 0.19511358439922333, 0.1907295435667038, 0.19224457442760468, 0.21221846342086792, 0.1889335662126541, 0.19138067960739136, 0.1954587697982788, 0.18542064726352692, 0.18720857799053192, 0.181783527135849, 0.17725101113319397, 0.18569351732730865, 0.18430118262767792, 0.17926351726055145, 0.1798015832901001, 0.180599644780159, 0.18687482178211212, 0.18222889304161072, 0.1852276474237442, 0.18815673887729645, 0.1928943395614624, 0.1806095540523529, 0.18678884208202362, 0.1803884506225586, 0.19989992678165436, 0.1821475625038147, 0.18388031423091888, 0.18072381615638733, 0.18321473896503448, 0.183933824300766, 0.18900750577449799, 0.1842157244682312, 0.1910991221666336, 0.1976364254951477, 0.19430454075336456, 0.18240919709205627, 0.18741022050380707, 0.18633364140987396, 0.20756809413433075, 0.1906306892633438, 0.19315122067928314, 0.19866597652435303, 0.18634487688541412, 0.1905892938375473, 0.19629773497581482, 0.1938154250383377, 0.1894664317369461, 0.19138045608997345, 0.19512216746807098, 0.2016943097114563, 0.20031413435935974, 0.20974323153495789]",30.0,"[33.0, 33.0, 33.0, 33.0, 33.0, 33.0, 33.0, 33.0, 33.0, 33.0, 33.0, 33.0, 33.0, 33.0, 33.0, 33.0, 33.0, 33.0, 32.0, 30.0, 30.0, 30.0, 30.0, 30.0, 30.0, 30.0, 30.0, 30.0, 30.0, 30.0, 30.0, 30.0, 30.0, 30.0, 30.0, 30.0, 30.0, 30.0, 30.0, 30.0, 30.0, 30.0, 30.0, 30.0, 30.0, 30.0, 30.0, 30.0, 30.0, 30.0, 30.0, 30.0, 30.0, 30.0, 30.0, 30.0, 30.0, 30.0, 30.0, 30.0, 30.0, 30.0, 30.0, 30.0, 30.0, 30.0, 30.0, 30.0, 30.0, 30.0, 30.0, 30.0, 30.0, 30.0, 30.0, 30.0, 30.0, 30.0, 30.0, 30.0, 30.0, 30.0, 30.0, 30.0, 30.0]",COMPLETE
134,134,0.5,2024-08-31 07:22:56.163982,2024-08-31 07:22:58.978504,0 days 00:00:02.814522,4,0.8335009630799043,2,5,0.3029880844973359,40,0.006800437274811456,0.859,0.85875,0,"[2, 0, 0, 0, 0]",0.0,"[2.0, 0.0, 0.0, 0.0, 0.0]",0.5,0.5,0,"[2, 0, 0, 0, 0]",5,"[0.38638779520988464, 0.4190189242362976, 0.5195876955986023, 0.43993687629699707, 0.42656752467155457]",0.0,"[2.0, 0.0, 0.0, 0.0, 0.0]",COMPLETE
