,number,value,datetime_start,datetime_complete,duration,params_batch_size_scaler,params_constant_learning_rate,params_depth,params_epochs,params_kernel_l2,params_num_trees,params_temperature,user_attrs_accuracy_test,user_attrs_accuracy_valid,user_attrs_approximate_feature_sparsity,user_attrs_approximate_feature_sparsity_history,user_attrs_approximate_weight_sparsity,user_attrs_approximate_weight_sparsity_history,user_attrs_auc_test,user_attrs_auc_valid,user_attrs_feature_sparsity,user_attrs_feature_sparsity_history,user_attrs_num_epochs,user_attrs_val_loss_history,user_attrs_weight_sparsity,user_attrs_weight_sparsity_history,state
32,32,0.9177004031894476,2024-08-31 01:35:10.567029,2024-08-31 01:36:09.617881,0 days 00:00:59.050852,4,0.08683818517710515,1,365,0.0030821700498099925,71,0.0006887904303997032,0.936,0.94,33,"[33, 33, 33, 33, 33, 33, 33, 33, 33, 33, 33, 33, 33, 33, 33, 33, 33, 33, 33, 33, 33, 33, 33, 33, 33, 33, 33, 33, 33, 33, 33, 33, 33, 33, 33, 33, 33, 33, 33, 33, 33, 33, 33, 33, 33, 33, 33, 33, 33, 33, 33, 33, 33, 33, 33, 33, 33, 33, 33, 33, 33, 33, 33, 33, 33, 33, 33, 33, 33, 33, 33, 33, 33, 33, 33, 33, 33, 33, 33, 33, 33, 33, 33, 33, 33, 33, 33, 33, 33, 33, 33, 33, 33, 33, 33, 33, 33, 33, 33, 33, 33, 33, 33, 33, 33, 33, 33, 33, 33, 33, 33, 33, 33, 33, 33, 33, 33, 33, 33, 33, 33, 33, 33, 33, 33, 33, 33, 33, 33, 33, 33, 33, 33, 33, 33, 33, 33, 33, 33, 33, 33, 33, 33, 33, 33, 33, 33, 33, 33, 33, 33, 33, 33, 33, 33, 33, 33, 33, 33, 33, 33, 33, 33, 33, 33, 33, 33, 33, 33, 33, 33, 33, 33, 33, 33, 33, 33, 33, 33, 33, 33, 33, 33, 33, 33, 33, 33, 33, 33, 33, 33, 33, 33, 33, 33, 33, 33, 33, 33, 33, 33, 33, 33, 33, 33, 33, 33, 33, 33, 33, 33, 33, 33, 33, 33, 33, 33, 33, 33, 33, 33, 33, 33, 33, 33, 33, 33, 33, 33, 33, 33, 33, 33, 33, 33, 33, 33, 33, 33, 33, 33, 33, 33, 33, 33, 33, 33, 33, 33, 33, 33, 33, 33, 33, 33, 33, 33, 33, 33, 33, 33, 33, 33, 33, 33, 33, 33, 33, 33, 33, 33, 33, 33, 33, 33, 33, 33, 33, 33, 33, 33, 33, 33, 33, 33, 33, 33, 33, 33, 33, 33, 33, 33, 33, 33, 33, 33, 33, 33, 33, 33, 33, 33, 33, 33, 33, 33, 33, 33, 33, 33, 33, 33, 33, 33, 33, 33, 33, 33, 33, 33, 33, 33, 33, 33, 33, 33, 33, 33, 33, 33, 33, 33, 33, 33, 33, 33, 33, 33, 33, 33, 33, 33, 33, 33, 33, 33, 33, 33, 33, 33, 33, 33, 33, 33, 33, 33, 33, 33, 33, 33, 33, 33, 33, 33]",32.985915492957744,"[32.985915492957744, 32.97183098591549, 33.0, 33.0, 32.985915492957744, 32.97183098591549, 32.97183098591549, 32.97183098591549, 32.985915492957744, 32.97183098591549, 32.985915492957744, 32.985915492957744, 32.985915492957744, 32.985915492957744, 32.985915492957744, 32.97183098591549, 32.985915492957744, 32.95774647887324, 32.985915492957744, 32.97183098591549, 32.97183098591549, 33.0, 33.0, 32.985915492957744, 32.985915492957744, 32.97183098591549, 33.0, 33.0, 32.97183098591549, 33.0, 33.0, 32.985915492957744, 33.0, 33.0, 33.0, 33.0, 32.985915492957744, 32.985915492957744, 33.0, 32.943661971830984, 32.97183098591549, 32.985915492957744, 32.95774647887324, 32.97183098591549, 32.97183098591549, 33.0, 32.97183098591549, 33.0, 32.985915492957744, 32.97183098591549, 33.0, 33.0, 33.0, 33.0, 32.97183098591549, 33.0, 32.985915492957744, 33.0, 32.985915492957744, 33.0, 32.97183098591549, 33.0, 33.0, 32.985915492957744, 32.985915492957744, 32.95774647887324, 32.985915492957744, 32.97183098591549, 32.985915492957744, 33.0, 32.985915492957744, 32.985915492957744, 32.985915492957744, 33.0, 33.0, 33.0, 32.97183098591549, 32.985915492957744, 33.0, 33.0, 33.0, 32.97183098591549, 33.0, 33.0, 33.0, 33.0, 32.985915492957744, 33.0, 32.985915492957744, 33.0, 32.97183098591549, 32.97183098591549, 32.985915492957744, 32.95774647887324, 32.97183098591549, 33.0, 32.985915492957744, 32.97183098591549, 33.0, 33.0, 33.0, 32.985915492957744, 33.0, 33.0, 32.985915492957744, 33.0, 32.97183098591549, 33.0, 33.0, 33.0, 32.985915492957744, 33.0, 33.0, 32.95774647887324, 32.985915492957744, 32.985915492957744, 33.0, 33.0, 33.0, 33.0, 33.0, 33.0, 33.0, 32.97183098591549, 32.985915492957744, 33.0, 33.0, 32.985915492957744, 32.985915492957744, 32.985915492957744, 32.985915492957744, 33.0, 33.0, 33.0, 33.0, 33.0, 32.95774647887324, 32.985915492957744, 32.95774647887324, 32.97183098591549, 32.985915492957744, 33.0, 33.0, 32.97183098591549, 32.97183098591549, 33.0, 32.985915492957744, 33.0, 32.97183098591549, 32.95774647887324, 33.0, 32.985915492957744, 33.0, 32.97183098591549, 32.985915492957744, 33.0, 32.985915492957744, 32.985915492957744, 33.0, 32.97183098591549, 32.985915492957744, 32.985915492957744, 32.985915492957744, 32.97183098591549, 32.985915492957744, 33.0, 32.97183098591549, 32.97183098591549, 32.985915492957744, 33.0, 32.985915492957744, 32.985915492957744, 32.97183098591549, 32.95774647887324, 32.985915492957744, 32.97183098591549, 32.97183098591549, 32.985915492957744, 32.985915492957744, 33.0, 32.97183098591549, 32.985915492957744, 32.97183098591549, 32.97183098591549, 32.97183098591549, 33.0, 32.97183098591549, 33.0, 33.0, 32.97183098591549, 33.0, 32.95774647887324, 33.0, 32.985915492957744, 32.985915492957744, 32.985915492957744, 32.985915492957744, 32.985915492957744, 32.985915492957744, 32.985915492957744, 32.985915492957744, 33.0, 32.985915492957744, 33.0, 33.0, 33.0, 32.97183098591549, 32.985915492957744, 33.0, 32.985915492957744, 33.0, 32.985915492957744, 32.985915492957744, 32.985915492957744, 33.0, 32.97183098591549, 32.985915492957744, 32.985915492957744, 32.985915492957744, 32.985915492957744, 32.95774647887324, 32.985915492957744, 32.985915492957744, 32.97183098591549, 32.97183098591549, 32.985915492957744, 32.97183098591549, 32.97183098591549, 32.95774647887324, 32.985915492957744, 32.985915492957744, 32.985915492957744, 32.985915492957744, 32.95774647887324, 32.97183098591549, 32.97183098591549, 32.985915492957744, 32.985915492957744, 32.97183098591549, 32.985915492957744, 32.985915492957744, 32.985915492957744, 32.985915492957744, 32.985915492957744, 32.985915492957744, 32.985915492957744, 32.985915492957744, 33.0, 33.0, 32.985915492957744, 33.0, 33.0, 32.985915492957744, 32.985915492957744, 33.0, 33.0, 32.985915492957744, 32.985915492957744, 32.985915492957744, 32.985915492957744, 32.985915492957744, 33.0, 32.985915492957744, 32.985915492957744, 32.985915492957744, 32.985915492957744, 33.0, 33.0, 33.0, 33.0, 33.0, 32.985915492957744, 32.985915492957744, 32.985915492957744, 32.985915492957744, 33.0, 32.985915492957744, 33.0, 32.97183098591549, 33.0, 32.97183098591549, 33.0, 33.0, 32.97183098591549, 33.0, 32.985915492957744, 33.0, 33.0, 32.97183098591549, 32.97183098591549, 33.0, 32.985915492957744, 32.985915492957744, 33.0, 33.0, 33.0, 33.0, 32.985915492957744, 32.985915492957744, 32.985915492957744, 33.0, 32.97183098591549, 32.97183098591549, 32.97183098591549, 32.97183098591549, 32.929577464788736, 32.97183098591549, 32.985915492957744, 32.97183098591549, 32.985915492957744, 33.0, 33.0, 32.95774647887324, 32.95774647887324, 33.0, 32.985915492957744, 33.0, 33.0, 33.0, 33.0, 32.985915492957744, 33.0, 32.985915492957744, 32.985915492957744, 33.0, 33.0, 32.97183098591549, 33.0, 33.0, 32.985915492957744, 32.985915492957744, 32.97183098591549, 33.0, 32.985915492957744, 32.97183098591549, 33.0, 33.0, 32.985915492957744, 32.985915492957744, 33.0, 33.0, 33.0, 33.0, 33.0, 33.0, 32.985915492957744, 33.0, 33.0, 32.985915492957744, 32.985915492957744, 33.0, 33.0, 32.985915492957744, 32.985915492957744, 33.0, 33.0, 33.0, 33.0, 32.985915492957744, 33.0, 32.985915492957744, 32.985915492957744, 32.985915492957744, 33.0, 32.985915492957744]",0.9017247500392177,0.9177004031894476,33,"[33, 33, 33, 33, 33, 33, 33, 33, 33, 33, 33, 33, 33, 33, 33, 33, 33, 33, 33, 33, 33, 33, 33, 33, 33, 33, 33, 33, 33, 33, 33, 33, 33, 33, 33, 33, 33, 33, 33, 33, 33, 33, 33, 33, 33, 33, 33, 33, 33, 33, 33, 33, 33, 33, 33, 33, 33, 33, 33, 33, 33, 33, 33, 33, 33, 33, 33, 33, 33, 33, 33, 33, 33, 33, 33, 33, 33, 33, 33, 33, 33, 33, 33, 33, 33, 33, 33, 33, 33, 33, 33, 33, 33, 33, 33, 33, 33, 33, 33, 33, 33, 33, 33, 33, 33, 33, 33, 33, 33, 33, 33, 33, 33, 33, 33, 33, 33, 33, 33, 33, 33, 33, 33, 33, 33, 33, 33, 33, 33, 33, 33, 33, 33, 33, 33, 33, 33, 33, 33, 33, 33, 33, 33, 33, 33, 33, 33, 33, 33, 33, 33, 33, 33, 33, 33, 33, 33, 33, 33, 33, 33, 33, 33, 33, 33, 33, 33, 33, 33, 33, 33, 33, 33, 33, 33, 33, 33, 33, 33, 33, 33, 33, 33, 33, 33, 33, 33, 33, 33, 33, 33, 33, 33, 33, 33, 33, 33, 33, 33, 33, 33, 33, 33, 33, 33, 33, 33, 33, 33, 33, 33, 33, 33, 33, 33, 33, 33, 33, 33, 33, 33, 33, 33, 33, 33, 33, 33, 33, 33, 33, 33, 33, 33, 33, 33, 33, 33, 33, 33, 33, 33, 33, 33, 33, 33, 33, 33, 33, 33, 33, 33, 33, 33, 33, 33, 33, 33, 33, 33, 33, 33, 33, 33, 33, 33, 33, 33, 33, 33, 33, 33, 33, 33, 33, 33, 33, 33, 33, 33, 33, 33, 33, 33, 33, 33, 33, 33, 33, 33, 33, 33, 33, 33, 33, 33, 33, 33, 33, 33, 33, 33, 33, 33, 33, 33, 33, 33, 33, 33, 33, 33, 33, 33, 33, 33, 33, 33, 33, 33, 33, 33, 33, 33, 33, 33, 33, 33, 33, 33, 33, 33, 33, 33, 33, 33, 33, 33, 33, 33, 33, 33, 33, 33, 33, 33, 33, 33, 33, 33, 33, 33, 33, 33, 33, 33, 33, 33, 33, 33, 33, 33, 33, 33, 33, 33]",365,"[0.39831334352493286, 0.38341236114501953, 0.37639644742012024, 0.3739317059516907, 0.3642164170742035, 0.3603655695915222, 0.35478296875953674, 0.3531965911388397, 0.3476482331752777, 0.3428272306919098, 0.34014931321144104, 0.3477661907672882, 0.3344397246837616, 0.3321286737918854, 0.3301429748535156, 0.3335060775279999, 0.3263413906097412, 0.32442885637283325, 0.32308492064476013, 0.34683653712272644, 0.3217622637748718, 0.32579076290130615, 0.3209243714809418, 0.31640055775642395, 0.3164803981781006, 0.3188469111919403, 0.31720981001853943, 0.3182671368122101, 0.3137661814689636, 0.3125078082084656, 0.3121705651283264, 0.309940904378891, 0.3139166533946991, 0.3102424740791321, 0.3146771490573883, 0.3071167469024658, 0.30873024463653564, 0.3074630796909332, 0.31385934352874756, 0.30603525042533875, 0.3030003011226654, 0.2984129786491394, 0.2977418601512909, 0.2938383221626282, 0.3085514307022095, 0.2911275029182434, 0.2880437672138214, 0.285619854927063, 0.2844972312450409, 0.2844669818878174, 0.27494317293167114, 0.27249714732170105, 0.26715049147605896, 0.27478039264678955, 0.2644922435283661, 0.2596706748008728, 0.2586345672607422, 0.2579253613948822, 0.2520737946033478, 0.24979358911514282, 0.24843741953372955, 0.24567686021327972, 0.24418844282627106, 0.2437177449464798, 0.2402157187461853, 0.23852932453155518, 0.24161997437477112, 0.236050084233284, 0.235033318400383, 0.249304860830307, 0.23464038968086243, 0.23032255470752716, 0.23050493001937866, 0.23760740458965302, 0.22840559482574463, 0.23089447617530823, 0.22599627077579498, 0.22700856626033783, 0.22457264363765717, 0.22420461475849152, 0.22487527132034302, 0.22912463545799255, 0.22590336203575134, 0.22474555671215057, 0.22269301116466522, 0.22595377266407013, 0.21990236639976501, 0.2201703041791916, 0.22104759514331818, 0.22533811628818512, 0.2203965038061142, 0.22290153801441193, 0.22001366317272186, 0.2191777378320694, 0.21718235313892365, 0.2183562070131302, 0.21656514704227448, 0.21592764556407928, 0.2144613265991211, 0.21539202332496643, 0.21740199625492096, 0.2148074358701706, 0.21336369216442108, 0.2137996256351471, 0.23766058683395386, 0.2128797024488449, 0.21814973652362823, 0.22789810597896576, 0.2216128408908844, 0.21827609837055206, 0.2114783227443695, 0.21190349757671356, 0.21622401475906372, 0.21161779761314392, 0.20987585186958313, 0.21273598074913025, 0.20954245328903198, 0.21126846969127655, 0.21935053169727325, 0.20803657174110413, 0.21009068191051483, 0.21524496376514435, 0.20668363571166992, 0.20459142327308655, 0.20590725541114807, 0.20482859015464783, 0.20833799242973328, 0.2094287872314453, 0.2184717208147049, 0.20417338609695435, 0.2055666744709015, 0.20497673749923706, 0.20604071021080017, 0.20683211088180542, 0.202313631772995, 0.20414642989635468, 0.24392910301685333, 0.20422989130020142, 0.20350389182567596, 0.20206469297409058, 0.2018713504076004, 0.20398154854774475, 0.1999933421611786, 0.20165029168128967, 0.2083112746477127, 0.2007393091917038, 0.20156601071357727, 0.20071342587471008, 0.1993080973625183, 0.19941827654838562, 0.19861635565757751, 0.20017386972904205, 0.2002158910036087, 0.19897693395614624, 0.19900037348270416, 0.19896948337554932, 0.19849516451358795, 0.19933412969112396, 0.203990176320076, 0.19990600645542145, 0.2009999305009842, 0.2010941356420517, 0.19836300611495972, 0.19817408919334412, 0.19736649096012115, 0.19731684029102325, 0.20318633317947388, 0.19979366660118103, 0.19650177657604218, 0.20048630237579346, 0.1979714035987854, 0.21199990808963776, 0.19814756512641907, 0.19877220690250397, 0.20431526005268097, 0.19684427976608276, 0.1957411915063858, 0.2021956443786621, 0.19985026121139526, 0.20705656707286835, 0.19597522914409637, 0.19809572398662567, 0.1958698034286499, 0.19758225977420807, 0.19636432826519012, 0.19662293791770935, 0.19658756256103516, 0.20682983100414276, 0.20137479901313782, 0.1955638825893402, 0.19594520330429077, 0.21172891557216644, 0.2068311721086502, 0.20002181828022003, 0.19571033120155334, 0.1938060224056244, 0.1996752768754959, 0.19574643671512604, 0.1978864073753357, 0.19472676515579224, 0.2005283683538437, 0.19574041664600372, 0.1964753121137619, 0.2073449343442917, 0.1948843002319336, 0.19711413979530334, 0.19588926434516907, 0.19437097012996674, 0.19903551042079926, 0.1981050670146942, 0.1948135495185852, 0.19282491505146027, 0.19240425527095795, 0.19417613744735718, 0.19521564245224, 0.20018547773361206, 0.19435931742191315, 0.21091724932193756, 0.197151780128479, 0.19520950317382812, 0.1954609900712967, 0.19709807634353638, 0.1977425068616867, 0.19575920701026917, 0.20069174468517303, 0.19626516103744507, 0.1962258517742157, 0.1999385803937912, 0.20719869434833527, 0.20463240146636963, 0.19739694893360138, 0.20116029679775238, 0.19660472869873047, 0.19797590374946594, 0.19858859479427338, 0.2004990130662918, 0.20026245713233948, 0.19798454642295837, 0.19597449898719788, 0.1934988647699356, 0.1945231407880783, 0.1979067623615265, 0.19859619438648224, 0.19689500331878662, 0.1971106082201004, 0.19594207406044006, 0.19565771520137787, 0.19885297119617462, 0.19974222779273987, 0.19651548564434052, 0.1991628110408783, 0.1984134465456009, 0.20108439028263092, 0.1978633999824524, 0.19628436863422394, 0.19637618958950043, 0.19835112988948822, 0.196445032954216, 0.20410366356372833, 0.20185475051403046, 0.19801676273345947, 0.19705669581890106, 0.1980808973312378, 0.19767773151397705, 0.20070350170135498, 0.1974203884601593, 0.20652614533901215, 0.19827929139137268, 0.19951951503753662, 0.19874267280101776, 0.19907909631729126, 0.1992906630039215, 0.1999419629573822, 0.19677692651748657, 0.19979475438594818, 0.1977403312921524, 0.20114994049072266, 0.2042534202337265, 0.21114395558834076, 0.19891372323036194, 0.2023092806339264, 0.20104768872261047, 0.2004900425672531, 0.1975547969341278, 0.19902125000953674, 0.2030380666255951, 0.202150359749794, 0.20202206075191498, 0.20353993773460388, 0.20130565762519836, 0.200648233294487, 0.20242546498775482, 0.20419816672801971, 0.20832693576812744, 0.2106754183769226, 0.20223663747310638, 0.20080043375492096, 0.20065706968307495, 0.20298050343990326, 0.2111293375492096, 0.21601291000843048, 0.21036043763160706, 0.20056243240833282, 0.21111375093460083, 0.20407886803150177, 0.20905810594558716, 0.20301023125648499, 0.20615971088409424, 0.20814275741577148, 0.2108459621667862, 0.2088768631219864, 0.20368342101573944, 0.20045427978038788, 0.20550447702407837, 0.210550457239151, 0.2037878781557083, 0.20256860554218292, 0.20562613010406494, 0.2097686231136322, 0.20706014335155487, 0.2077643722295761, 0.2144460678100586, 0.20557908713817596, 0.2028229534626007, 0.20303520560264587, 0.2070559561252594, 0.20573896169662476, 0.21136976778507233, 0.21195606887340546, 0.2079053521156311, 0.20835861563682556, 0.2078424096107483, 0.20524534583091736, 0.2072577029466629, 0.2054571509361267, 0.2080620974302292, 0.2067275494337082, 0.20776203274726868, 0.20438747107982635, 0.20792046189308167, 0.2084806263446808, 0.2085801661014557, 0.2120806723833084, 0.2131773978471756, 0.22396719455718994, 0.2085733860731125, 0.20916494727134705, 0.21259403228759766, 0.20668534934520721, 0.20771294832229614, 0.21319954097270966, 0.22268375754356384, 0.22167980670928955, 0.21030278503894806, 0.21247297525405884, 0.21767541766166687, 0.21619191765785217, 0.21274620294570923, 0.20856516063213348, 0.2223188430070877, 0.21222753822803497, 0.219924658536911, 0.20960666239261627, 0.22062787413597107, 0.21443241834640503]",33.0,"[33.0, 33.0, 33.0, 33.0, 33.0, 33.0, 33.0, 33.0, 33.0, 33.0, 33.0, 33.0, 33.0, 33.0, 33.0, 33.0, 33.0, 33.0, 33.0, 33.0, 33.0, 33.0, 33.0, 33.0, 33.0, 33.0, 33.0, 33.0, 33.0, 33.0, 33.0, 33.0, 33.0, 33.0, 33.0, 33.0, 33.0, 33.0, 33.0, 33.0, 33.0, 33.0, 33.0, 33.0, 33.0, 33.0, 33.0, 33.0, 33.0, 33.0, 33.0, 33.0, 33.0, 33.0, 33.0, 33.0, 33.0, 33.0, 33.0, 33.0, 33.0, 33.0, 33.0, 33.0, 33.0, 33.0, 33.0, 33.0, 33.0, 33.0, 33.0, 33.0, 33.0, 33.0, 33.0, 33.0, 33.0, 33.0, 33.0, 33.0, 33.0, 33.0, 33.0, 33.0, 33.0, 33.0, 33.0, 33.0, 33.0, 33.0, 33.0, 33.0, 33.0, 33.0, 33.0, 33.0, 33.0, 33.0, 33.0, 33.0, 33.0, 33.0, 33.0, 33.0, 33.0, 33.0, 33.0, 33.0, 33.0, 33.0, 33.0, 33.0, 33.0, 33.0, 33.0, 33.0, 33.0, 33.0, 33.0, 33.0, 33.0, 33.0, 33.0, 33.0, 33.0, 33.0, 33.0, 33.0, 33.0, 33.0, 33.0, 33.0, 33.0, 33.0, 33.0, 33.0, 33.0, 33.0, 33.0, 33.0, 33.0, 33.0, 33.0, 33.0, 33.0, 33.0, 33.0, 33.0, 33.0, 33.0, 33.0, 33.0, 33.0, 33.0, 33.0, 33.0, 33.0, 33.0, 33.0, 33.0, 33.0, 33.0, 33.0, 33.0, 33.0, 33.0, 33.0, 33.0, 33.0, 33.0, 33.0, 33.0, 33.0, 33.0, 33.0, 33.0, 33.0, 33.0, 33.0, 33.0, 33.0, 33.0, 33.0, 33.0, 33.0, 33.0, 33.0, 33.0, 33.0, 33.0, 33.0, 33.0, 33.0, 33.0, 33.0, 33.0, 33.0, 33.0, 33.0, 33.0, 33.0, 33.0, 33.0, 33.0, 33.0, 33.0, 33.0, 33.0, 33.0, 33.0, 33.0, 33.0, 33.0, 33.0, 33.0, 33.0, 33.0, 33.0, 33.0, 33.0, 33.0, 33.0, 33.0, 33.0, 33.0, 33.0, 33.0, 33.0, 33.0, 33.0, 33.0, 33.0, 33.0, 33.0, 33.0, 33.0, 33.0, 33.0, 33.0, 33.0, 33.0, 33.0, 33.0, 33.0, 33.0, 33.0, 33.0, 33.0, 33.0, 33.0, 33.0, 33.0, 33.0, 33.0, 33.0, 33.0, 33.0, 33.0, 33.0, 33.0, 33.0, 33.0, 33.0, 33.0, 33.0, 33.0, 33.0, 33.0, 33.0, 33.0, 33.0, 33.0, 33.0, 33.0, 33.0, 33.0, 33.0, 33.0, 33.0, 33.0, 33.0, 33.0, 33.0, 33.0, 33.0, 33.0, 33.0, 33.0, 33.0, 33.0, 33.0, 33.0, 33.0, 33.0, 33.0, 33.0, 33.0, 33.0, 33.0, 33.0, 33.0, 33.0, 33.0, 33.0, 33.0, 33.0, 33.0, 33.0, 33.0, 33.0, 33.0, 33.0, 33.0, 33.0, 33.0, 33.0, 33.0, 33.0, 33.0, 33.0, 33.0, 33.0, 33.0, 33.0, 33.0, 33.0, 33.0, 33.0, 33.0, 33.0, 33.0, 33.0, 33.0, 33.0, 33.0, 33.0, 33.0, 33.0, 33.0, 33.0, 33.0, 33.0, 33.0, 33.0, 33.0, 33.0, 33.0, 33.0, 33.0, 33.0, 33.0, 33.0, 33.0, 33.0, 33.0, 33.0, 33.0, 33.0, 33.0, 33.0, 33.0, 33.0, 33.0, 33.0, 33.0]",COMPLETE
