,number,value,datetime_start,datetime_complete,duration,params_batch_size_scaler,params_constant_learning_rate,params_depth,params_epochs,params_kernel_l2,params_num_trees,params_temperature,user_attrs_accuracy_test,user_attrs_accuracy_valid,user_attrs_approximate_feature_sparsity,user_attrs_approximate_feature_sparsity_history,user_attrs_approximate_weight_sparsity,user_attrs_approximate_weight_sparsity_history,user_attrs_auc_test,user_attrs_auc_valid,user_attrs_feature_sparsity,user_attrs_feature_sparsity_history,user_attrs_num_epochs,user_attrs_val_loss_history,user_attrs_weight_sparsity,user_attrs_weight_sparsity_history,state
66,66,0.5,2024-08-31 03:27:33.738837,2024-08-31 03:29:33.968414,0 days 00:02:00.229577,4,3.6300442417478465,4,395,0.06991261950636744,53,0.002119200287247751,0.859,0.85875,0,"[8, 5, 5, 3, 1, 1, 1, 1, 1, 1, 1, 1, 1, 1, 1, 1, 1, 1, 1, 1, 1, 1, 1, 1, 1, 1, 1, 1, 1, 1, 1, 1, 1, 1, 1, 1, 1, 1, 1, 1, 1, 1, 1, 1, 1, 1, 1, 1, 1, 1, 1, 1, 1, 1, 1, 1, 1, 1, 1, 1, 1, 1, 1, 1, 1, 1, 1, 1, 1, 1, 1, 1, 1, 1, 1, 1, 1, 1, 1, 1, 1, 1, 1, 1, 1, 1, 1, 1, 1, 1, 1, 1, 1, 1, 1, 1, 1, 1, 1, 1, 1, 1, 1, 1, 1, 1, 1, 1, 1, 1, 1, 1, 1, 1, 1, 1, 1, 1, 1, 1, 1, 1, 1, 1, 1, 1, 1, 1, 1, 1, 1, 1, 1, 1, 1, 1, 0, 0, 0, 0, 0, 0, 0, 0, 0, 0, 0, 0, 0, 0, 0, 0, 0, 0, 0, 0, 0, 0, 0, 0, 0, 0, 0, 0, 0, 0, 0, 0, 0, 0, 0, 0, 0, 0, 0, 0, 0, 0, 0, 0, 0, 0, 0, 0, 0, 0, 0, 0, 0, 0, 0, 0, 0, 0, 0, 0, 0, 0, 0, 0, 0, 0, 0, 0, 0, 0, 0, 0, 0, 0, 0, 0, 0, 0, 0, 0, 0, 0, 0, 0, 0, 0, 0, 0, 0, 0, 0, 0, 0, 0, 0, 0, 0, 0, 0, 0, 0, 0, 0, 0, 0, 0, 0, 0, 0, 0, 0, 0, 0, 0, 0, 0, 0, 0, 0, 0, 0, 0, 0, 0, 0, 0, 0, 0, 0, 0, 0, 0, 0, 0, 0, 0, 0, 0, 0, 0, 0, 0, 0, 0, 0, 0, 0, 0, 0, 0, 0, 0, 0, 0, 0, 0, 0, 0, 0, 0, 0, 0, 0, 0, 0, 0, 0, 0, 0, 0, 0, 0, 0, 0, 0, 0, 0, 0, 0, 0, 0, 0, 0, 0, 0, 0, 0, 0, 0, 0, 0, 0, 0, 0, 0, 0, 0, 0, 0, 0, 0, 0, 0, 0, 0, 0, 0, 0, 0, 0, 0, 0, 0, 0, 0, 0, 0, 0, 0, 0, 0, 0, 0, 0, 0, 0, 0, 0, 0, 0, 0, 0, 0, 0, 0, 0, 0, 0, 0, 0, 0, 0, 0, 0, 0, 0, 0, 0, 0, 0, 0, 0, 0, 0, 0, 0, 0, 0, 0]",0.0,"[7.99748427672956, 4.99748427672956, 4.99874213836478, 3.0, 0.9974842767295597, 0.9987421383647799, 1.0, 1.0, 1.0, 0.9987421383647799, 1.0, 1.0, 0.9987421383647799, 0.9987421383647799, 0.9987421383647799, 1.0, 1.0, 1.0, 1.0, 0.9987421383647799, 1.0, 0.9987421383647799, 0.9987421383647799, 1.0, 1.0, 1.0, 1.0, 1.0, 1.0, 1.0, 1.0, 1.0, 1.0, 0.9987421383647799, 0.9987421383647799, 1.0, 1.0, 1.0, 0.9974842767295597, 1.0, 1.0, 1.0, 1.0, 0.9987421383647799, 1.0, 1.0, 1.0, 0.9987421383647799, 0.9974842767295597, 0.9974842767295597, 0.9987421383647799, 0.9987421383647799, 0.9987421383647799, 0.9987421383647799, 0.9987421383647799, 0.9987421383647799, 0.9987421383647799, 0.9987421383647799, 1.0, 0.9987421383647799, 1.0, 1.0, 1.0, 1.0, 1.0, 1.0, 1.0, 1.0, 1.0, 1.0, 1.0, 1.0, 1.0, 1.0, 1.0, 1.0, 1.0, 1.0, 1.0, 1.0, 0.9987421383647799, 0.9987421383647799, 0.9987421383647799, 0.9987421383647799, 0.9987421383647799, 0.9987421383647799, 0.9987421383647799, 0.9987421383647799, 0.9987421383647799, 0.9987421383647799, 0.9987421383647799, 0.9987421383647799, 0.9987421383647799, 0.9987421383647799, 0.9987421383647799, 0.9987421383647799, 0.9987421383647799, 0.9987421383647799, 0.9987421383647799, 0.9987421383647799, 0.9987421383647799, 0.9987421383647799, 0.9987421383647799, 0.9974842767295597, 0.9974842767295597, 0.9974842767295597, 0.9974842767295597, 0.9974842767295597, 0.9974842767295597, 0.9962264150943396, 0.9962264150943396, 0.9962264150943396, 0.9962264150943396, 0.9962264150943396, 0.9962264150943396, 0.9962264150943396, 0.9962264150943396, 0.9962264150943396, 0.9974842767295597, 0.9974842767295597, 0.9974842767295597, 0.9974842767295597, 0.9974842767295597, 0.9974842767295597, 0.9974842767295597, 0.9974842767295597, 0.9974842767295597, 0.9974842767295597, 0.9974842767295597, 0.9974842767295597, 0.9974842767295597, 0.9974842767295597, 0.9974842767295597, 0.9974842767295597, 0.9974842767295597, 0.9962264150943396, 0.0, 0.0, 0.0, 0.0, 0.0, 0.0, 0.0, 0.0, 0.0, 0.0, 0.0, 0.0, 0.0, 0.0, 0.0, 0.0, 0.0, 0.0, 0.0, 0.0, 0.0, 0.0, 0.0, 0.0, 0.0, 0.0, 0.0, 0.0, 0.0, 0.0, 0.0, 0.0, 0.0, 0.0, 0.0, 0.0, 0.0, 0.0, 0.0, 0.0, 0.0, 0.0, 0.0, 0.0, 0.0, 0.0, 0.0, 0.0, 0.0, 0.0, 0.0, 0.0, 0.0, 0.0, 0.0, 0.0, 0.0, 0.0, 0.0, 0.0, 0.0, 0.0, 0.0, 0.0, 0.0, 0.0, 0.0, 0.0, 0.0, 0.0, 0.0, 0.0, 0.0, 0.0, 0.0, 0.0, 0.0, 0.0, 0.0, 0.0, 0.0, 0.0, 0.0, 0.0, 0.0, 0.0, 0.0, 0.0, 0.0, 0.0, 0.0, 0.0, 0.0, 0.0, 0.0, 0.0, 0.0, 0.0, 0.0, 0.0, 0.0, 0.0, 0.0, 0.0, 0.0, 0.0, 0.0, 0.0, 0.0, 0.0, 0.0, 0.0, 0.0, 0.0, 0.0, 0.0, 0.0, 0.0, 0.0, 0.0, 0.0, 0.0, 0.0, 0.0, 0.0, 0.0, 0.0, 0.0, 0.0, 0.0, 0.0, 0.0, 0.0, 0.0, 0.0, 0.0, 0.0, 0.0, 0.0, 0.0, 0.0, 0.0, 0.0, 0.0, 0.0, 0.0, 0.0, 0.0, 0.0, 0.0, 0.0, 0.0, 0.0, 0.0, 0.0, 0.0, 0.0, 0.0, 0.0, 0.0, 0.0, 0.0, 0.0, 0.0, 0.0, 0.0, 0.0, 0.0, 0.0, 0.0, 0.0, 0.0, 0.0, 0.0, 0.0, 0.0, 0.0, 0.0, 0.0, 0.0, 0.0, 0.0, 0.0, 0.0, 0.0, 0.0, 0.0, 0.0, 0.0, 0.0, 0.0, 0.0, 0.0, 0.0, 0.0, 0.0, 0.0, 0.0, 0.0, 0.0, 0.0, 0.0, 0.0, 0.0, 0.0, 0.0, 0.0, 0.0, 0.0, 0.0, 0.0, 0.0, 0.0, 0.0, 0.0, 0.0, 0.0, 0.0, 0.0, 0.0, 0.0, 0.0, 0.0, 0.0, 0.0, 0.0, 0.0, 0.0, 0.0, 0.0, 0.0, 0.0, 0.0, 0.0, 0.0, 0.0, 0.0, 0.0, 0.0, 0.0, 0.0, 0.0, 0.0, 0.0, 0.0, 0.0, 0.0, 0.0, 0.0, 0.0, 0.0, 0.0, 0.0, 0.0, 0.0, 0.0, 0.0, 0.0, 0.0]",0.5,0.5,0,"[8, 5, 5, 3, 1, 1, 1, 1, 1, 1, 1, 1, 1, 1, 1, 1, 1, 1, 1, 1, 1, 1, 1, 1, 1, 1, 1, 1, 1, 1, 1, 1, 1, 1, 1, 1, 1, 1, 1, 1, 1, 1, 1, 1, 1, 1, 1, 1, 1, 1, 1, 1, 1, 1, 1, 1, 1, 1, 1, 1, 1, 1, 1, 1, 1, 1, 1, 1, 1, 1, 1, 1, 1, 1, 1, 1, 1, 1, 1, 1, 1, 1, 1, 1, 1, 1, 1, 1, 1, 1, 1, 1, 1, 1, 1, 1, 1, 1, 1, 1, 1, 1, 1, 1, 1, 1, 1, 1, 1, 1, 1, 1, 1, 1, 1, 1, 1, 1, 1, 1, 1, 1, 1, 1, 1, 1, 1, 1, 1, 1, 1, 1, 1, 1, 1, 1, 0, 0, 0, 0, 0, 0, 0, 0, 0, 0, 0, 0, 0, 0, 0, 0, 0, 0, 0, 0, 0, 0, 0, 0, 0, 0, 0, 0, 0, 0, 0, 0, 0, 0, 0, 0, 0, 0, 0, 0, 0, 0, 0, 0, 0, 0, 0, 0, 0, 0, 0, 0, 0, 0, 0, 0, 0, 0, 0, 0, 0, 0, 0, 0, 0, 0, 0, 0, 0, 0, 0, 0, 0, 0, 0, 0, 0, 0, 0, 0, 0, 0, 0, 0, 0, 0, 0, 0, 0, 0, 0, 0, 0, 0, 0, 0, 0, 0, 0, 0, 0, 0, 0, 0, 0, 0, 0, 0, 0, 0, 0, 0, 0, 0, 0, 0, 0, 0, 0, 0, 0, 0, 0, 0, 0, 0, 0, 0, 0, 0, 0, 0, 0, 0, 0, 0, 0, 0, 0, 0, 0, 0, 0, 0, 0, 0, 0, 0, 0, 0, 0, 0, 0, 0, 0, 0, 0, 0, 0, 0, 0, 0, 0, 0, 0, 0, 0, 0, 0, 0, 0, 0, 0, 0, 0, 0, 0, 0, 0, 0, 0, 0, 0, 0, 0, 0, 0, 0, 0, 0, 0, 0, 0, 0, 0, 0, 0, 0, 0, 0, 0, 0, 0, 0, 0, 0, 0, 0, 0, 0, 0, 0, 0, 0, 0, 0, 0, 0, 0, 0, 0, 0, 0, 0, 0, 0, 0, 0, 0, 0, 0, 0, 0, 0, 0, 0, 0, 0, 0, 0, 0, 0, 0, 0, 0, 0, 0, 0, 0, 0, 0, 0, 0, 0, 0, 0, 0, 0, 0]",395,"[0.38458454608917236, 0.5856674909591675, 0.7323110103607178, 1.0574281215667725, 0.8991482257843018, 0.5851643681526184, 0.4945933520793915, 0.6864912509918213, 0.7964543700218201, 0.5524682998657227, 0.5744642019271851, 1.1850531101226807, 0.4283972978591919, 0.5484514236450195, 0.3963671922683716, 1.5877408981323242, 0.9447013735771179, 0.5520159006118774, 0.6987355947494507, 0.4681587517261505, 1.7923943996429443, 0.47032204270362854, 0.4179002046585083, 0.3959425985813141, 0.39581602811813354, 0.44441118836402893, 1.142645001411438, 0.45328155159950256, 0.40014249086380005, 1.057313323020935, 0.4011150300502777, 0.3967157304286957, 1.093147873878479, 0.5121132135391235, 0.9171310663223267, 0.633297860622406, 0.6645894646644592, 0.9131025075912476, 1.0978187322616577, 0.418296217918396, 0.42534294724464417, 0.40291810035705566, 0.4012220501899719, 0.5821149349212646, 0.5111331343650818, 0.4656919836997986, 0.5339537262916565, 0.5783862471580505, 0.3973492681980133, 0.41543880105018616, 1.973542332649231, 0.5012447834014893, 1.121837854385376, 0.441962331533432, 0.396696537733078, 0.39645183086395264, 1.1749974489212036, 0.4818810224533081, 0.3979249596595764, 0.5957958698272705, 0.5216391086578369, 0.7457939386367798, 0.48397812247276306, 0.7227680683135986, 0.5054367184638977, 0.5313749313354492, 0.6350907683372498, 0.43633899092674255, 0.43324753642082214, 0.4121271073818207, 0.4264795780181885, 0.47536608576774597, 0.5723477602005005, 0.6812962889671326, 1.177658200263977, 0.5154119729995728, 0.3954988121986389, 0.44169390201568604, 0.7543520331382751, 1.5098967552185059, 1.2236659526824951, 0.45889508724212646, 0.45501235127449036, 0.46372443437576294, 0.8030956387519836, 0.42744651436805725, 1.5820831060409546, 0.41295313835144043, 0.4470064640045166, 0.4002525210380554, 0.5496404767036438, 0.39644086360931396, 0.5239707827568054, 0.5683324337005615, 0.3964296579360962, 0.39565885066986084, 0.47536224126815796, 0.8560211658477783, 0.44628405570983887, 0.4153309762477875, 0.4950733184814453, 1.2972362041473389, 0.39425742626190186, 0.4023163914680481, 0.8851062655448914, 1.0863163471221924, 0.4046879708766937, 0.4040694534778595, 0.6867578029632568, 0.448024719953537, 0.463581383228302, 0.6849989891052246, 0.7957316040992737, 0.40132880210876465, 0.6866855621337891, 1.3169424533843994, 0.7158647775650024, 0.4119531512260437, 0.436015784740448, 0.4098087251186371, 0.5372864007949829, 0.898637056350708, 0.7143317461013794, 0.7359074950218201, 0.9293393492698669, 0.45193642377853394, 1.7513840198516846, 0.8360152244567871, 1.7307641506195068, 0.7229458689689636, 1.7212132215499878, 0.4630342721939087, 0.6136420965194702, 0.5782651305198669, 0.6378526091575623, 0.40340080857276917, 0.4241817593574524, 0.40840500593185425, 0.5628153085708618, 0.410215824842453, 0.4731459319591522, 0.48210617899894714, 0.6842781901359558, 1.6264663934707642, 0.5828351378440857, 0.40814217925071716, 0.6486698985099792, 0.5369600057601929, 0.5187594890594482, 0.43986475467681885, 0.4074246883392334, 0.883385419845581, 0.461755633354187, 0.6940170526504517, 1.211226224899292, 0.6353986263275146, 0.4347879886627197, 0.4637013375759125, 0.4133623242378235, 0.89178466796875, 1.1228232383728027, 0.4147235155105591, 0.6515265703201294, 0.431009441614151, 0.5949093103408813, 0.4085741341114044, 0.9035865664482117, 1.4141310453414917, 0.4078322649002075, 0.4368641674518585, 0.6812766194343567, 0.45350784063339233, 0.45357322692871094, 0.6100420951843262, 0.42355430126190186, 0.43863070011138916, 0.5745208859443665, 0.8760401010513306, 0.6261475682258606, 0.6743396520614624, 0.7213033437728882, 0.8447301387786865, 0.4155873954296112, 0.4348228871822357, 0.8470306992530823, 0.415842741727829, 1.4617276191711426, 1.936355710029602, 0.7846066355705261, 0.41029539704322815, 0.46615979075431824, 0.40823543071746826, 1.0710607767105103, 0.6260749697685242, 0.5837474465370178, 0.9746136665344238, 0.42100754380226135, 0.42750489711761475, 0.41011035442352295, 1.1179503202438354, 0.43382778763771057, 0.7616703510284424, 0.5639820694923401, 0.41315415501594543, 0.5740997195243835, 0.4134356677532196, 0.44182533025741577, 0.6158612966537476, 0.9989330768585205, 1.0225930213928223, 0.4127121865749359, 0.40780219435691833, 0.4232421815395355, 1.8553504943847656, 0.48002785444259644, 0.4920964539051056, 0.48793670535087585, 0.500355064868927, 0.43931591510772705, 1.5997761487960815, 0.43885406851768494, 0.6898228526115417, 0.5789650082588196, 0.805559515953064, 1.0908867120742798, 0.5811320543289185, 0.7191229462623596, 2.1344430446624756, 0.9323670864105225, 0.9456459879875183, 0.7171127200126648, 0.41278019547462463, 0.7270287275314331, 0.49082374572753906, 0.6791171431541443, 0.9723281860351562, 1.2395645380020142, 1.033294916152954, 1.6415578126907349, 0.4113577902317047, 0.8740273118019104, 0.7669495940208435, 0.8478710651397705, 0.7218567132949829, 0.40861403942108154, 0.41894540190696716, 0.4845724403858185, 1.8331454992294312, 0.5758423805236816, 0.5401102304458618, 0.496224045753479, 0.407531201839447, 0.41339170932769775, 0.4629307985305786, 1.1319340467453003, 0.4099838137626648, 2.1124138832092285, 0.8881598711013794, 1.5215033292770386, 1.0629366636276245, 0.4406143128871918, 0.4281696081161499, 0.6098988652229309, 0.411916047334671, 1.5159944295883179, 0.44294288754463196, 0.44288626313209534, 0.6986896395683289, 0.6623074412345886, 1.348128080368042, 0.7048386335372925, 0.4352412521839142, 1.0250571966171265, 0.5728362798690796, 0.4116911292076111, 0.41355592012405396, 0.526679277420044, 1.3711644411087036, 0.40927135944366455, 1.6432322263717651, 0.4086857736110687, 0.7985029816627502, 0.9436544179916382, 1.0148403644561768, 1.0508580207824707, 0.5357884764671326, 1.7880473136901855, 0.437252402305603, 0.9177970886230469, 0.6538532972335815, 0.42913201451301575, 0.4331469237804413, 0.40770643949508667, 0.4916658103466034, 0.5713512301445007, 0.4699242413043976, 0.7928652763366699, 1.1090762615203857, 2.9034371376037598, 0.4559154510498047, 0.4903697073459625, 0.4327608346939087, 0.9890682101249695, 0.47756361961364746, 0.7488828301429749, 0.4259636700153351, 1.3746991157531738, 0.49191340804100037, 0.4620971381664276, 0.5567569136619568, 0.5021421313285828, 0.436043381690979, 0.7987335920333862, 1.8506953716278076, 1.1170657873153687, 0.4850999414920807, 0.41007980704307556, 0.45829054713249207, 1.2366561889648438, 0.41780415177345276, 1.2846640348434448, 0.9408008456230164, 0.40732306241989136, 0.49466851353645325, 2.024005174636841, 1.3510953187942505, 0.8823054432868958, 1.180942416191101, 0.5339873433113098, 0.4895770251750946, 0.6704505681991577, 0.7880450487136841, 0.5266887545585632, 0.4357109069824219, 0.600947916507721, 0.5972493290901184, 1.0664738416671753, 0.5321094393730164, 0.47530850768089294, 0.5225616693496704, 0.49068787693977356, 0.4769045114517212, 0.45327284932136536, 0.46365946531295776, 1.6063541173934937, 0.41607627272605896, 0.6374497413635254, 1.1954411268234253, 1.6758395433425903, 0.47866225242614746, 0.41751423478126526, 0.6710389852523804, 0.6714572906494141, 0.8982793688774109, 0.4447198212146759, 0.9744524359703064, 1.4073786735534668, 0.41725394129753113, 0.4075186848640442, 0.44948455691337585, 0.4085574448108673, 0.4376423954963684, 0.44526153802871704, 1.0606038570404053, 0.5663616061210632, 0.5053869485855103, 0.7439953684806824, 0.5140454173088074, 0.42391276359558105, 0.4178295135498047, 1.7506022453308105, 0.49313366413116455, 0.6977922916412354, 0.5247079730033875, 1.5383511781692505, 0.4146040380001068, 0.5273453593254089, 0.5078518986701965, 1.0173591375350952, 0.4425621032714844, 0.4083821475505829, 0.4129691421985626, 1.7041255235671997, 0.43671712279319763, 0.7891027331352234, 0.429178386926651, 0.7133020162582397, 0.735552966594696, 0.7744225859642029, 0.5750346779823303, 0.7427700757980347, 0.4379691779613495, 0.5155137777328491, 0.571963369846344, 0.4186454117298126]",0.0,"[8.0, 5.0, 5.0, 3.0, 1.0, 1.0, 1.0, 1.0, 1.0, 1.0, 1.0, 1.0, 1.0, 1.0, 1.0, 1.0, 1.0, 1.0, 1.0, 1.0, 1.0, 1.0, 1.0, 1.0, 1.0, 1.0, 1.0, 1.0, 1.0, 1.0, 1.0, 1.0, 1.0, 1.0, 1.0, 1.0, 1.0, 1.0, 1.0, 1.0, 1.0, 1.0, 1.0, 1.0, 1.0, 1.0, 1.0, 1.0, 1.0, 1.0, 1.0, 1.0, 1.0, 1.0, 1.0, 1.0, 1.0, 1.0, 1.0, 1.0, 1.0, 1.0, 1.0, 1.0, 1.0, 1.0, 1.0, 1.0, 1.0, 1.0, 1.0, 1.0, 1.0, 1.0, 1.0, 1.0, 1.0, 1.0, 1.0, 1.0, 1.0, 1.0, 1.0, 1.0, 1.0, 1.0, 1.0, 1.0, 1.0, 1.0, 1.0, 1.0, 1.0, 1.0, 1.0, 1.0, 1.0, 1.0, 1.0, 1.0, 1.0, 1.0, 1.0, 1.0, 1.0, 1.0, 1.0, 1.0, 1.0, 1.0, 1.0, 1.0, 1.0, 1.0, 1.0, 1.0, 1.0, 1.0, 1.0, 1.0, 1.0, 1.0, 1.0, 1.0, 1.0, 1.0, 1.0, 1.0, 1.0, 1.0, 1.0, 1.0, 1.0, 1.0, 1.0, 1.0, 0.0, 0.0, 0.0, 0.0, 0.0, 0.0, 0.0, 0.0, 0.0, 0.0, 0.0, 0.0, 0.0, 0.0, 0.0, 0.0, 0.0, 0.0, 0.0, 0.0, 0.0, 0.0, 0.0, 0.0, 0.0, 0.0, 0.0, 0.0, 0.0, 0.0, 0.0, 0.0, 0.0, 0.0, 0.0, 0.0, 0.0, 0.0, 0.0, 0.0, 0.0, 0.0, 0.0, 0.0, 0.0, 0.0, 0.0, 0.0, 0.0, 0.0, 0.0, 0.0, 0.0, 0.0, 0.0, 0.0, 0.0, 0.0, 0.0, 0.0, 0.0, 0.0, 0.0, 0.0, 0.0, 0.0, 0.0, 0.0, 0.0, 0.0, 0.0, 0.0, 0.0, 0.0, 0.0, 0.0, 0.0, 0.0, 0.0, 0.0, 0.0, 0.0, 0.0, 0.0, 0.0, 0.0, 0.0, 0.0, 0.0, 0.0, 0.0, 0.0, 0.0, 0.0, 0.0, 0.0, 0.0, 0.0, 0.0, 0.0, 0.0, 0.0, 0.0, 0.0, 0.0, 0.0, 0.0, 0.0, 0.0, 0.0, 0.0, 0.0, 0.0, 0.0, 0.0, 0.0, 0.0, 0.0, 0.0, 0.0, 0.0, 0.0, 0.0, 0.0, 0.0, 0.0, 0.0, 0.0, 0.0, 0.0, 0.0, 0.0, 0.0, 0.0, 0.0, 0.0, 0.0, 0.0, 0.0, 0.0, 0.0, 0.0, 0.0, 0.0, 0.0, 0.0, 0.0, 0.0, 0.0, 0.0, 0.0, 0.0, 0.0, 0.0, 0.0, 0.0, 0.0, 0.0, 0.0, 0.0, 0.0, 0.0, 0.0, 0.0, 0.0, 0.0, 0.0, 0.0, 0.0, 0.0, 0.0, 0.0, 0.0, 0.0, 0.0, 0.0, 0.0, 0.0, 0.0, 0.0, 0.0, 0.0, 0.0, 0.0, 0.0, 0.0, 0.0, 0.0, 0.0, 0.0, 0.0, 0.0, 0.0, 0.0, 0.0, 0.0, 0.0, 0.0, 0.0, 0.0, 0.0, 0.0, 0.0, 0.0, 0.0, 0.0, 0.0, 0.0, 0.0, 0.0, 0.0, 0.0, 0.0, 0.0, 0.0, 0.0, 0.0, 0.0, 0.0, 0.0, 0.0, 0.0, 0.0, 0.0, 0.0, 0.0, 0.0, 0.0, 0.0, 0.0, 0.0, 0.0, 0.0, 0.0, 0.0, 0.0, 0.0, 0.0, 0.0, 0.0, 0.0, 0.0, 0.0, 0.0, 0.0, 0.0, 0.0, 0.0, 0.0, 0.0, 0.0, 0.0, 0.0, 0.0, 0.0, 0.0, 0.0, 0.0, 0.0]",COMPLETE
