,number,value,datetime_start,datetime_complete,duration,params_batch_size_scaler,params_constant_learning_rate,params_depth,params_epochs,params_kernel_l2,params_num_trees,params_temperature,user_attrs_accuracy_test,user_attrs_accuracy_valid,user_attrs_approximate_feature_sparsity,user_attrs_approximate_feature_sparsity_history,user_attrs_approximate_weight_sparsity,user_attrs_approximate_weight_sparsity_history,user_attrs_auc_test,user_attrs_auc_valid,user_attrs_feature_sparsity,user_attrs_feature_sparsity_history,user_attrs_num_epochs,user_attrs_val_loss_history,user_attrs_weight_sparsity,user_attrs_weight_sparsity_history,state
159,159,0.5,2024-08-31 08:07:03.957673,2024-08-31 08:09:36.090138,0 days 00:02:32.132465,1,2.1129889398970323,4,135,0.03973268987374384,95,0.0065891063368581915,0.859,0.85875,0,"[0, 0, 0, 0, 0, 0, 0, 0, 0, 0, 0, 0, 0, 0, 0, 0, 0, 0, 0, 0, 0, 0, 0, 0, 0, 0, 0, 0, 0, 0, 0, 0, 0, 0, 0, 0, 0, 0, 0, 0, 0, 0, 0, 0, 0, 0, 0, 0, 0, 0, 0, 0, 0, 0, 0, 0, 0, 0, 0, 0, 0, 0, 0, 0, 0, 0, 0, 0, 0, 0, 0, 0, 0, 0, 0, 0, 0, 0, 0, 0, 0, 0, 0, 0, 0, 0, 0, 0, 0, 0, 0, 0, 0, 0, 0, 0, 0, 0, 0, 0, 0, 0, 0, 0, 0, 0, 0, 0, 0, 0, 0, 0, 0, 0, 0, 0, 0, 0, 0, 0, 0, 0, 0, 0, 0, 0, 0, 0, 0, 0, 0, 0, 0, 0, 0]",0.0,"[0.0, 0.0, 0.0, 0.0, 0.0, 0.0, 0.0, 0.0, 0.0, 0.0, 0.0, 0.0, 0.0, 0.0, 0.0, 0.0, 0.0, 0.0, 0.0, 0.0, 0.0, 0.0, 0.0, 0.0, 0.0, 0.0, 0.0, 0.0, 0.0, 0.0, 0.0, 0.0, 0.0, 0.0, 0.0, 0.0, 0.0, 0.0, 0.0, 0.0, 0.0, 0.0, 0.0, 0.0, 0.0, 0.0, 0.0, 0.0, 0.0, 0.0, 0.0, 0.0, 0.0, 0.0, 0.0, 0.0, 0.0, 0.0, 0.0, 0.0, 0.0, 0.0, 0.0, 0.0, 0.0, 0.0, 0.0, 0.0, 0.0, 0.0, 0.0, 0.0, 0.0, 0.0, 0.0, 0.0, 0.0, 0.0, 0.0, 0.0, 0.0, 0.0, 0.0, 0.0, 0.0, 0.0, 0.0, 0.0, 0.0, 0.0, 0.0, 0.0, 0.0, 0.0, 0.0, 0.0, 0.0, 0.0, 0.0, 0.0, 0.0, 0.0, 0.0, 0.0, 0.0, 0.0, 0.0, 0.0, 0.0, 0.0, 0.0, 0.0, 0.0, 0.0, 0.0, 0.0, 0.0, 0.0, 0.0, 0.0, 0.0, 0.0, 0.0, 0.0, 0.0, 0.0, 0.0, 0.0, 0.0, 0.0, 0.0, 0.0, 0.0, 0.0, 0.0]",0.5,0.5,0,"[0, 0, 0, 0, 0, 0, 0, 0, 0, 0, 0, 0, 0, 0, 0, 0, 0, 0, 0, 0, 0, 0, 0, 0, 0, 0, 0, 0, 0, 0, 0, 0, 0, 0, 0, 0, 0, 0, 0, 0, 0, 0, 0, 0, 0, 0, 0, 0, 0, 0, 0, 0, 0, 0, 0, 0, 0, 0, 0, 0, 0, 0, 0, 0, 0, 0, 0, 0, 0, 0, 0, 0, 0, 0, 0, 0, 0, 0, 0, 0, 0, 0, 0, 0, 0, 0, 0, 0, 0, 0, 0, 0, 0, 0, 0, 0, 0, 0, 0, 0, 0, 0, 0, 0, 0, 0, 0, 0, 0, 0, 0, 0, 0, 0, 0, 0, 0, 0, 0, 0, 0, 0, 0, 0, 0, 0, 0, 0, 0, 0, 0, 0, 0, 0, 0]",135,"[0.44644808769226074, 0.9356845617294312, 1.410302758216858, 1.9917505979537964, 0.8908604979515076, 2.5145723819732666, 1.2825196981430054, 0.7776601910591125, 0.4210900068283081, 0.6769465804100037, 0.857759416103363, 1.3174185752868652, 1.7523378133773804, 1.0779932737350464, 0.6405751705169678, 1.8398245573043823, 0.4463309943675995, 0.8632521629333496, 1.60907781124115, 0.552227795124054, 2.2763187885284424, 0.8541973233222961, 0.41786208748817444, 1.8431816101074219, 0.6481974124908447, 0.44849762320518494, 0.8715567588806152, 0.6414334774017334, 1.2447259426116943, 1.3253962993621826, 0.8394389152526855, 1.20037043094635, 1.660284399986267, 0.4485436677932739, 0.4418644607067108, 0.8422428369522095, 0.44811829924583435, 1.8828603029251099, 0.4455580413341522, 2.053452968597412, 1.6016643047332764, 2.242730140686035, 0.8789207339286804, 0.603855550289154, 2.8562395572662354, 0.6518731713294983, 0.44545987248420715, 0.6323790550231934, 0.9546241760253906, 0.43475446105003357, 1.7256524562835693, 1.2533552646636963, 0.4244562089443207, 0.6564162373542786, 0.40928494930267334, 1.0904868841171265, 3.1589322090148926, 1.0956175327301025, 0.44724854826927185, 0.8536645770072937, 0.7401375770568848, 1.9166427850723267, 0.7908346652984619, 0.4127284586429596, 1.4872524738311768, 1.3176051378250122, 0.7943392992019653, 0.7944011092185974, 0.41104981303215027, 0.6750789880752563, 0.49247506260871887, 0.41525188088417053, 0.4510578215122223, 0.9934796094894409, 0.4438702464103699, 1.1084017753601074, 0.5872430205345154, 0.44882094860076904, 1.2503799200057983, 1.01943039894104, 0.5146291851997375, 1.0222694873809814, 0.9476365447044373, 0.9292081594467163, 2.0825531482696533, 0.7381103038787842, 0.7343551516532898, 0.5259304046630859, 0.5349172353744507, 1.3836817741394043, 1.1541566848754883, 0.42748069763183594, 1.2810571193695068, 1.146814227104187, 0.46008968353271484, 1.1325567960739136, 0.6040501594543457, 0.4531013071537018, 1.7408912181854248, 1.4342257976531982, 0.6440299153327942, 2.0295963287353516, 1.029086709022522, 0.7311444878578186, 0.482932448387146, 0.6376749277114868, 0.6065557599067688, 1.9147896766662598, 0.9593198299407959, 0.45259466767311096, 0.41023173928260803, 0.5644301772117615, 2.1863760948181152, 0.9095888733863831, 0.43041321635246277, 0.5380167365074158, 0.48240727186203003, 0.8804336786270142, 1.1512479782104492, 0.41999581456184387, 0.4882719814777374, 0.4115324020385742, 0.4352571964263916, 1.927666187286377, 1.0754261016845703, 4.412674903869629, 0.6735684275627136, 0.6385400295257568, 0.4624255895614624, 0.5752774477005005, 0.4130500853061676, 0.6102178692817688, 0.7572623491287231, 0.7298998236656189, 2.0619146823883057]",0.0,"[0.0, 0.0, 0.0, 0.0, 0.0, 0.0, 0.0, 0.0, 0.0, 0.0, 0.0, 0.0, 0.0, 0.0, 0.0, 0.0, 0.0, 0.0, 0.0, 0.0, 0.0, 0.0, 0.0, 0.0, 0.0, 0.0, 0.0, 0.0, 0.0, 0.0, 0.0, 0.0, 0.0, 0.0, 0.0, 0.0, 0.0, 0.0, 0.0, 0.0, 0.0, 0.0, 0.0, 0.0, 0.0, 0.0, 0.0, 0.0, 0.0, 0.0, 0.0, 0.0, 0.0, 0.0, 0.0, 0.0, 0.0, 0.0, 0.0, 0.0, 0.0, 0.0, 0.0, 0.0, 0.0, 0.0, 0.0, 0.0, 0.0, 0.0, 0.0, 0.0, 0.0, 0.0, 0.0, 0.0, 0.0, 0.0, 0.0, 0.0, 0.0, 0.0, 0.0, 0.0, 0.0, 0.0, 0.0, 0.0, 0.0, 0.0, 0.0, 0.0, 0.0, 0.0, 0.0, 0.0, 0.0, 0.0, 0.0, 0.0, 0.0, 0.0, 0.0, 0.0, 0.0, 0.0, 0.0, 0.0, 0.0, 0.0, 0.0, 0.0, 0.0, 0.0, 0.0, 0.0, 0.0, 0.0, 0.0, 0.0, 0.0, 0.0, 0.0, 0.0, 0.0, 0.0, 0.0, 0.0, 0.0, 0.0, 0.0, 0.0, 0.0, 0.0, 0.0]",COMPLETE
