,number,value,datetime_start,datetime_complete,duration,params_batch_size_scaler,params_constant_learning_rate,params_depth,params_epochs,params_kernel_l2,params_num_trees,params_temperature,user_attrs_accuracy_test,user_attrs_accuracy_valid,user_attrs_approximate_feature_sparsity,user_attrs_approximate_feature_sparsity_history,user_attrs_approximate_weight_sparsity,user_attrs_approximate_weight_sparsity_history,user_attrs_auc_test,user_attrs_auc_valid,user_attrs_feature_sparsity,user_attrs_feature_sparsity_history,user_attrs_num_epochs,user_attrs_val_loss_history,user_attrs_weight_sparsity,user_attrs_weight_sparsity_history,state
142,142,0.5,2024-08-31 07:29:54.539614,2024-08-31 07:30:45.746610,0 days 00:00:51.206996,4,4.603375941159503,3,150,0.05874240399593926,26,0.013681866553356658,0.859,0.85875,0,"[0, 0, 0, 0, 0, 0, 0, 0, 0, 0, 0, 0, 0, 0, 0, 0, 0, 0, 0, 0, 0, 0, 0, 0, 0, 0, 0, 0, 0, 0, 0, 0, 0, 0, 0, 0, 0, 0, 0, 0, 0, 0, 0, 0, 0, 0, 0, 0, 0, 0, 0, 0, 0, 0, 0, 0, 0, 0, 0, 0, 0, 0, 0, 0, 0, 0, 0, 0, 0, 0, 0, 0, 0, 0, 0, 0, 0, 0, 0, 0, 0, 0, 0, 0, 0, 0, 0, 0, 0, 0, 0, 0, 0, 0, 0, 0, 0, 0, 0, 0, 0, 0, 0, 0, 0, 0, 0, 0, 0, 0, 0, 0, 0, 0, 0, 0, 0, 0, 0, 0, 0, 0, 0, 0, 0, 0, 0, 0, 0, 0, 0, 0, 0, 0, 0, 0, 0, 0, 0, 0, 0, 0, 0, 0, 0, 0, 0, 0, 0, 0]",0.0,"[0.0, 0.0, 0.0, 0.0, 0.0, 0.0, 0.0, 0.0, 0.0, 0.0, 0.0, 0.0, 0.0, 0.0, 0.0, 0.0, 0.0, 0.0, 0.0, 0.0, 0.0, 0.0, 0.0, 0.0, 0.0, 0.0, 0.0, 0.0, 0.0, 0.0, 0.0, 0.0, 0.0, 0.0, 0.0, 0.0, 0.0, 0.0, 0.0, 0.0, 0.0, 0.0, 0.0, 0.0, 0.0, 0.0, 0.0, 0.0, 0.0, 0.0, 0.0, 0.0, 0.0, 0.0, 0.0, 0.0, 0.0, 0.0, 0.0, 0.0, 0.0, 0.0, 0.0, 0.0, 0.0, 0.0, 0.0, 0.0, 0.0, 0.0, 0.0, 0.0, 0.0, 0.0, 0.0, 0.0, 0.0, 0.0, 0.0, 0.0, 0.0, 0.0, 0.0, 0.0, 0.0, 0.0, 0.0, 0.0, 0.0, 0.0, 0.0, 0.0, 0.0, 0.0, 0.0, 0.0, 0.0, 0.0, 0.0, 0.0, 0.0, 0.0, 0.0, 0.0, 0.0, 0.0, 0.0, 0.0, 0.0, 0.0, 0.0, 0.0, 0.0, 0.0, 0.0, 0.0, 0.0, 0.0, 0.0, 0.0, 0.0, 0.0, 0.0, 0.0, 0.0, 0.0, 0.0, 0.0, 0.0, 0.0, 0.0, 0.0, 0.0, 0.0, 0.0, 0.0, 0.0, 0.0, 0.0, 0.0, 0.0, 0.0, 0.0, 0.0, 0.0, 0.0, 0.0, 0.0, 0.0, 0.0]",0.5,0.5,0,"[0, 0, 0, 0, 0, 0, 0, 0, 0, 0, 0, 0, 0, 0, 0, 0, 0, 0, 0, 0, 0, 0, 0, 0, 0, 0, 0, 0, 0, 0, 0, 0, 0, 0, 0, 0, 0, 0, 0, 0, 0, 0, 0, 0, 0, 0, 0, 0, 0, 0, 0, 0, 0, 0, 0, 0, 0, 0, 0, 0, 0, 0, 0, 0, 0, 0, 0, 0, 0, 0, 0, 0, 0, 0, 0, 0, 0, 0, 0, 0, 0, 0, 0, 0, 0, 0, 0, 0, 0, 0, 0, 0, 0, 0, 0, 0, 0, 0, 0, 0, 0, 0, 0, 0, 0, 0, 0, 0, 0, 0, 0, 0, 0, 0, 0, 0, 0, 0, 0, 0, 0, 0, 0, 0, 0, 0, 0, 0, 0, 0, 0, 0, 0, 0, 0, 0, 0, 0, 0, 0, 0, 0, 0, 0, 0, 0, 0, 0, 0, 0]",150,"[0.8710925579071045, 0.5926545858383179, 0.964396059513092, 1.0150344371795654, 0.8629885315895081, 0.6666874885559082, 0.41061481833457947, 0.46521326899528503, 1.0301874876022339, 0.40730029344558716, 0.5413724780082703, 0.575677216053009, 2.0304181575775146, 1.017229437828064, 1.1055716276168823, 1.1687767505645752, 0.5873859524726868, 1.7815970182418823, 0.7081980109214783, 2.2797811031341553, 0.5771226286888123, 0.6144915223121643, 0.5030277371406555, 0.5583829283714294, 1.3170688152313232, 1.638801097869873, 0.6262997984886169, 0.6091316342353821, 0.6051448583602905, 0.4578402042388916, 1.4499908685684204, 1.502261996269226, 2.608513593673706, 0.4117363393306732, 0.9859858751296997, 0.48212340474128723, 1.1783455610275269, 2.748453378677368, 0.6288345456123352, 0.8709208965301514, 0.5362305641174316, 0.8926752209663391, 1.333381175994873, 0.5437751412391663, 2.7544422149658203, 0.49069759249687195, 1.6785508394241333, 2.1641745567321777, 2.396486759185791, 0.44853127002716064, 0.5712023377418518, 1.0098057985305786, 0.6610057353973389, 2.6247222423553467, 2.6239254474639893, 2.232318639755249, 0.7762452960014343, 0.5037013292312622, 1.0386486053466797, 0.41018933057785034, 0.6523867249488831, 0.4118201732635498, 2.3128039836883545, 1.2609575986862183, 0.549903392791748, 0.5602885484695435, 2.8204846382141113, 0.4638220965862274, 0.42863741517066956, 0.46701759099960327, 1.0566519498825073, 1.2002038955688477, 0.42314860224723816, 0.6120323538780212, 2.2469489574432373, 1.8188072443008423, 2.5036275386810303, 0.5180927515029907, 0.4940112233161926, 0.4456583261489868, 1.20552396774292, 0.8494659662246704, 0.9500256180763245, 0.4762295186519623, 0.4928751289844513, 0.4159310460090637, 0.7669157385826111, 1.2926967144012451, 0.6583579778671265, 0.4402287006378174, 1.424607515335083, 1.0752497911453247, 1.473570704460144, 0.63299560546875, 0.48195046186447144, 1.181665062904358, 0.40727564692497253, 0.9848657250404358, 0.41503605246543884, 0.43469467759132385, 1.5250945091247559, 0.40803635120391846, 2.6204745769500732, 2.581937789916992, 2.953113317489624, 0.4243116080760956, 0.5488810539245605, 2.6560919284820557, 0.5925718545913696, 2.0440971851348877, 0.5160763263702393, 0.4095785617828369, 0.851143479347229, 1.0577260255813599, 0.4190068542957306, 0.4136390686035156, 1.5641169548034668, 1.2152950763702393, 1.9954726696014404, 0.5950888991355896, 0.7145458459854126, 0.4358502924442291, 1.103572130203247, 0.4210578203201294, 1.0312588214874268, 0.9734006524085999, 0.5056443214416504, 1.6303373575210571, 0.42230838537216187, 0.4075128138065338, 0.5718287825584412, 0.4797588288784027, 2.23008131980896, 0.6853457689285278, 0.822725772857666, 0.9042730927467346, 1.7200043201446533, 1.0440611839294434, 0.6522881984710693, 2.039670705795288, 0.6674268245697021, 0.48383116722106934, 0.47599953413009644, 1.2966669797897339, 0.4213729500770569, 0.5492507815361023, 1.3829611539840698, 0.7870107293128967, 2.072280168533325, 0.7079586982727051]",0.0,"[0.0, 0.0, 0.0, 0.0, 0.0, 0.0, 0.0, 0.0, 0.0, 0.0, 0.0, 0.0, 0.0, 0.0, 0.0, 0.0, 0.0, 0.0, 0.0, 0.0, 0.0, 0.0, 0.0, 0.0, 0.0, 0.0, 0.0, 0.0, 0.0, 0.0, 0.0, 0.0, 0.0, 0.0, 0.0, 0.0, 0.0, 0.0, 0.0, 0.0, 0.0, 0.0, 0.0, 0.0, 0.0, 0.0, 0.0, 0.0, 0.0, 0.0, 0.0, 0.0, 0.0, 0.0, 0.0, 0.0, 0.0, 0.0, 0.0, 0.0, 0.0, 0.0, 0.0, 0.0, 0.0, 0.0, 0.0, 0.0, 0.0, 0.0, 0.0, 0.0, 0.0, 0.0, 0.0, 0.0, 0.0, 0.0, 0.0, 0.0, 0.0, 0.0, 0.0, 0.0, 0.0, 0.0, 0.0, 0.0, 0.0, 0.0, 0.0, 0.0, 0.0, 0.0, 0.0, 0.0, 0.0, 0.0, 0.0, 0.0, 0.0, 0.0, 0.0, 0.0, 0.0, 0.0, 0.0, 0.0, 0.0, 0.0, 0.0, 0.0, 0.0, 0.0, 0.0, 0.0, 0.0, 0.0, 0.0, 0.0, 0.0, 0.0, 0.0, 0.0, 0.0, 0.0, 0.0, 0.0, 0.0, 0.0, 0.0, 0.0, 0.0, 0.0, 0.0, 0.0, 0.0, 0.0, 0.0, 0.0, 0.0, 0.0, 0.0, 0.0, 0.0, 0.0, 0.0, 0.0, 0.0, 0.0]",COMPLETE
143,143,0.6976852030760907,2024-08-31 07:30:52.470460,2024-08-31 07:33:47.732480,0 days 00:02:55.262020,16,0.03225211524759804,5,95,0.15729070613140103,28,0.0008094074264072607,0.86,0.85875,33,"[33, 33, 33, 33, 33, 33, 33, 33, 33, 33, 33, 33, 33, 33, 33, 33, 33, 33, 33, 33, 33, 33, 33, 33, 33, 33, 33, 33, 33, 33, 33, 33, 33, 33, 33, 33, 33, 33, 33, 33, 33, 33, 33, 33, 33, 33, 33, 33, 33, 33, 33, 33, 33, 33, 33, 33, 33, 33, 33, 33, 33, 33, 33, 33, 33, 33, 33, 33, 33, 33, 33, 33, 33, 33, 33, 33, 33, 33, 33, 33, 33, 33, 33, 33, 33, 33, 33, 33, 33, 33, 33, 33, 33, 33, 33]",32.95622119815668,"[32.95622119815668, 32.94815668202765, 32.953917050691246, 32.963133640552996, 32.965437788018434, 32.96658986175115, 32.96774193548387, 32.96889400921659, 32.96774193548387, 32.96774193548387, 32.965437788018434, 32.9573732718894, 32.95622119815668, 32.964285714285715, 32.96774193548387, 32.96198156682028, 32.96198156682028, 32.96774193548387, 32.964285714285715, 32.96774193548387, 32.96774193548387, 32.96658986175115, 32.96774193548387, 32.97004608294931, 32.97119815668203, 32.97235023041475, 32.97004608294931, 32.96658986175115, 32.97004608294931, 32.97119815668203, 32.97119815668203, 32.965437788018434, 32.963133640552996, 32.96198156682028, 32.96658986175115, 32.96889400921659, 32.97119815668203, 32.96082949308756, 32.965437788018434, 32.964285714285715, 32.95967741935484, 32.9573732718894, 32.95161290322581, 32.95622119815668, 32.95852534562212, 32.963133640552996, 32.95852534562212, 32.95852534562212, 32.953917050691246, 32.95967741935484, 32.964285714285715, 32.963133640552996, 32.96889400921659, 32.96774193548387, 32.965437788018434, 32.96198156682028, 32.964285714285715, 32.964285714285715, 32.964285714285715, 32.964285714285715, 32.95852534562212, 32.964285714285715, 32.96658986175115, 32.96774193548387, 32.964285714285715, 32.95967741935484, 32.95852534562212, 32.96774193548387, 32.96198156682028, 32.96082949308756, 32.963133640552996, 32.96198156682028, 32.965437788018434, 32.964285714285715, 32.963133640552996, 32.96082949308756, 32.965437788018434, 32.964285714285715, 32.963133640552996, 32.96198156682028, 32.95622119815668, 32.95622119815668, 32.9573732718894, 32.9573732718894, 32.964285714285715, 32.964285714285715, 32.95967741935484, 32.96082949308756, 32.96198156682028, 32.95967741935484, 32.95967741935484, 32.95852534562212, 32.95852534562212, 32.955069124423964, 32.95622119815668]",0.7305377356153865,0.6976852030760907,33,"[33, 33, 33, 33, 33, 33, 33, 33, 33, 33, 33, 33, 33, 33, 33, 33, 33, 33, 33, 33, 33, 33, 33, 33, 33, 33, 33, 33, 33, 33, 33, 33, 33, 33, 33, 33, 33, 33, 33, 33, 33, 33, 33, 33, 33, 33, 33, 33, 33, 33, 33, 33, 33, 33, 33, 33, 33, 33, 33, 33, 33, 33, 33, 33, 33, 33, 33, 33, 33, 33, 33, 33, 33, 33, 33, 33, 33, 33, 33, 33, 33, 33, 33, 33, 33, 33, 33, 33, 33, 33, 33, 33, 33, 33, 33]",95,"[0.5567841529846191, 0.5133216977119446, 0.48372313380241394, 0.4637202322483063, 0.44955548644065857, 0.43936771154403687, 0.4318791627883911, 0.4262050986289978, 0.42177337408065796, 0.41826754808425903, 0.4155126214027405, 0.4133421778678894, 0.41147223114967346, 0.4098568260669708, 0.4085158109664917, 0.407380074262619, 0.406341016292572, 0.4053817093372345, 0.40451544523239136, 0.4037517309188843, 0.403023362159729, 0.40234389901161194, 0.4017076790332794, 0.4011111557483673, 0.4005264639854431, 0.3999657928943634, 0.39944759011268616, 0.3989308178424835, 0.39843109250068665, 0.39797401428222656, 0.39750954508781433, 0.397060751914978, 0.39661315083503723, 0.3961752653121948, 0.3957624137401581, 0.39534416794776917, 0.39495179057121277, 0.39456576108932495, 0.39417022466659546, 0.39379218220710754, 0.39342814683914185, 0.3930778503417969, 0.39274266362190247, 0.392393559217453, 0.39205729961395264, 0.39174404740333557, 0.3914399743080139, 0.391120046377182, 0.3908118009567261, 0.39050963521003723, 0.39021196961402893, 0.3899348974227905, 0.38966670632362366, 0.3893851041793823, 0.38912010192871094, 0.3888548016548157, 0.3885887861251831, 0.3883315920829773, 0.3880731165409088, 0.38783377408981323, 0.38759976625442505, 0.38735485076904297, 0.387121319770813, 0.38687530159950256, 0.38663867115974426, 0.38641729950904846, 0.3862093687057495, 0.38598647713661194, 0.38576439023017883, 0.38555222749710083, 0.38534098863601685, 0.38512957096099854, 0.38491207361221313, 0.3847164809703827, 0.38451462984085083, 0.3843082785606384, 0.3841152489185333, 0.383924663066864, 0.38372716307640076, 0.38352835178375244, 0.3833536207675934, 0.38317176699638367, 0.38298630714416504, 0.382811039686203, 0.3826475143432617, 0.3824699819087982, 0.38229164481163025, 0.38212820887565613, 0.3819600045681, 0.3817865252494812, 0.3816112279891968, 0.3814484477043152, 0.3812822699546814, 0.3811200261116028, 0.3809491991996765]",33.0,"[33.0, 33.0, 33.0, 33.0, 33.0, 33.0, 33.0, 33.0, 33.0, 33.0, 33.0, 33.0, 33.0, 33.0, 33.0, 33.0, 33.0, 33.0, 33.0, 33.0, 33.0, 33.0, 33.0, 33.0, 33.0, 33.0, 33.0, 33.0, 33.0, 33.0, 33.0, 33.0, 33.0, 33.0, 33.0, 33.0, 33.0, 33.0, 33.0, 33.0, 33.0, 33.0, 33.0, 33.0, 33.0, 33.0, 33.0, 33.0, 33.0, 33.0, 33.0, 33.0, 33.0, 33.0, 33.0, 33.0, 33.0, 33.0, 33.0, 33.0, 33.0, 33.0, 33.0, 33.0, 33.0, 33.0, 33.0, 33.0, 33.0, 33.0, 33.0, 33.0, 33.0, 33.0, 33.0, 33.0, 33.0, 33.0, 33.0, 33.0, 33.0, 33.0, 33.0, 33.0, 33.0, 33.0, 33.0, 33.0, 33.0, 33.0, 33.0, 33.0, 33.0, 33.0, 33.0]",COMPLETE
