,number,value,datetime_start,datetime_complete,duration,params_batch_size_scaler,params_constant_learning_rate,params_depth,params_epochs,params_kernel_l2,params_num_trees,params_temperature,user_attrs_accuracy_test,user_attrs_accuracy_valid,user_attrs_approximate_feature_sparsity,user_attrs_approximate_feature_sparsity_history,user_attrs_approximate_weight_sparsity,user_attrs_approximate_weight_sparsity_history,user_attrs_auc_test,user_attrs_auc_valid,user_attrs_feature_sparsity,user_attrs_feature_sparsity_history,user_attrs_num_epochs,user_attrs_val_loss_history,user_attrs_weight_sparsity,user_attrs_weight_sparsity_history,state
121,121,0.5,2024-08-31 06:57:45.044911,2024-08-31 06:59:54.773528,0 days 00:02:09.728617,1,4.990049857244509,3,205,0.015347589968892128,43,0.05862879221971433,0.859,0.85875,0,"[0, 0, 0, 0, 0, 0, 0, 0, 0, 0, 0, 0, 0, 0, 0, 0, 0, 0, 0, 0, 0, 0, 0, 0, 0, 0, 0, 0, 0, 0, 0, 0, 0, 0, 0, 0, 0, 0, 0, 0, 0, 0, 0, 0, 0, 0, 0, 0, 0, 0, 0, 0, 0, 0, 0, 0, 0, 0, 0, 0, 0, 0, 0, 0, 0, 0, 0, 0, 0, 0, 0, 0, 0, 0, 0, 0, 0, 0, 0, 0, 0, 0, 0, 0, 0, 0, 0, 0, 0, 0, 0, 0, 0, 0, 0, 0, 0, 0, 0, 0, 0, 0, 0, 0, 0, 0, 0, 0, 0, 0, 0, 0, 0, 0, 0, 0, 0, 0, 0, 0, 0, 0, 0, 0, 0, 0, 0, 0, 0, 0, 0, 0, 0, 0, 0, 0, 0, 0, 0, 0, 0, 0, 0, 0, 0, 0, 0, 0, 0, 0, 0, 0, 0, 0, 0, 0, 0, 0, 0, 0, 0, 0, 0, 0, 0, 0, 0, 0, 0, 0, 0, 0, 0, 0, 0, 0, 0, 0, 0, 0, 0, 0, 0, 0, 0, 0, 0, 0, 0, 0, 0, 0, 0, 0, 0, 0, 0, 0, 0, 0, 0, 0, 0, 0, 0]",0.0,"[0.0, 0.0, 0.0, 0.0, 0.0, 0.0, 0.0, 0.0, 0.0, 0.0, 0.0, 0.0, 0.0, 0.0, 0.0, 0.0, 0.0, 0.0, 0.0, 0.0, 0.0, 0.0, 0.0, 0.0, 0.0, 0.0, 0.0, 0.0, 0.0, 0.0, 0.0, 0.0, 0.0, 0.0, 0.0, 0.0, 0.0, 0.0, 0.0, 0.0, 0.0, 0.0, 0.0, 0.0, 0.0, 0.0, 0.0, 0.0, 0.0, 0.0, 0.0, 0.0, 0.0, 0.0, 0.0, 0.0, 0.0, 0.0, 0.0, 0.0, 0.0, 0.0, 0.0, 0.0, 0.0, 0.0, 0.0, 0.0, 0.0, 0.0, 0.0, 0.0, 0.0, 0.0, 0.0, 0.0, 0.0, 0.0, 0.0, 0.0, 0.0, 0.0, 0.0, 0.0, 0.0, 0.0, 0.0, 0.0, 0.0, 0.0, 0.0, 0.0, 0.0, 0.0, 0.0, 0.0, 0.0, 0.0, 0.0, 0.0, 0.0, 0.0, 0.0, 0.0, 0.0, 0.0, 0.0, 0.0, 0.0, 0.0, 0.0, 0.0, 0.0, 0.0, 0.0, 0.0, 0.0, 0.0, 0.0, 0.0, 0.0, 0.0, 0.0, 0.0, 0.0, 0.0, 0.0, 0.0, 0.0, 0.0, 0.0, 0.0, 0.0, 0.0, 0.0, 0.0, 0.0, 0.0, 0.0, 0.0, 0.0, 0.0, 0.0, 0.0, 0.0, 0.0, 0.0, 0.0, 0.0, 0.0, 0.0, 0.0, 0.0, 0.0, 0.0, 0.0, 0.0, 0.0, 0.0, 0.0, 0.0, 0.0, 0.0, 0.0, 0.0, 0.0, 0.0, 0.0, 0.0, 0.0, 0.0, 0.0, 0.0, 0.0, 0.0, 0.0, 0.0, 0.0, 0.0, 0.0, 0.0, 0.0, 0.0, 0.0, 0.0, 0.0, 0.0, 0.0, 0.0, 0.0, 0.0, 0.0, 0.0, 0.0, 0.0, 0.0, 0.0, 0.0, 0.0, 0.0, 0.0, 0.0, 0.0, 0.0, 0.0]",0.5,0.5,0,"[0, 0, 0, 0, 0, 0, 0, 0, 0, 0, 0, 0, 0, 0, 0, 0, 0, 0, 0, 0, 0, 0, 0, 0, 0, 0, 0, 0, 0, 0, 0, 0, 0, 0, 0, 0, 0, 0, 0, 0, 0, 0, 0, 0, 0, 0, 0, 0, 0, 0, 0, 0, 0, 0, 0, 0, 0, 0, 0, 0, 0, 0, 0, 0, 0, 0, 0, 0, 0, 0, 0, 0, 0, 0, 0, 0, 0, 0, 0, 0, 0, 0, 0, 0, 0, 0, 0, 0, 0, 0, 0, 0, 0, 0, 0, 0, 0, 0, 0, 0, 0, 0, 0, 0, 0, 0, 0, 0, 0, 0, 0, 0, 0, 0, 0, 0, 0, 0, 0, 0, 0, 0, 0, 0, 0, 0, 0, 0, 0, 0, 0, 0, 0, 0, 0, 0, 0, 0, 0, 0, 0, 0, 0, 0, 0, 0, 0, 0, 0, 0, 0, 0, 0, 0, 0, 0, 0, 0, 0, 0, 0, 0, 0, 0, 0, 0, 0, 0, 0, 0, 0, 0, 0, 0, 0, 0, 0, 0, 0, 0, 0, 0, 0, 0, 0, 0, 0, 0, 0, 0, 0, 0, 0, 0, 0, 0, 0, 0, 0, 0, 0, 0, 0, 0, 0]",205,"[3.9007537364959717, 4.979549407958984, 3.7164525985717773, 0.7254943251609802, 3.5420830249786377, 0.874387264251709, 2.5497517585754395, 2.5717601776123047, 6.38685417175293, 4.491724014282227, 1.4478553533554077, 2.839787483215332, 6.115075588226318, 0.8591383099555969, 0.8343608975410461, 1.801653265953064, 4.213015556335449, 0.5204707980155945, 0.7252799868583679, 2.750023126602173, 6.7207136154174805, 4.897665500640869, 2.5965726375579834, 1.7011414766311646, 0.47213324904441833, 0.42592018842697144, 0.7081226110458374, 3.1434552669525146, 4.213560104370117, 0.4080153703689575, 0.6315640807151794, 0.9729934930801392, 1.6385383605957031, 2.8461945056915283, 4.448719501495361, 3.9868524074554443, 4.479767322540283, 0.6449745893478394, 3.9877493381500244, 0.8378564715385437, 2.304258108139038, 1.0619697570800781, 2.0790185928344727, 1.6438075304031372, 3.226555824279785, 2.1539809703826904, 0.7446408867835999, 1.5786583423614502, 0.4508155584335327, 2.9906280040740967, 4.429304599761963, 3.541111707687378, 1.181080937385559, 5.527439594268799, 2.8475844860076904, 2.201624631881714, 4.541726589202881, 1.3053773641586304, 3.026026964187622, 0.41433659195899963, 5.4574127197265625, 6.105710506439209, 2.153947353363037, 2.1222944259643555, 1.3246041536331177, 1.219836711883545, 6.821771621704102, 0.9453441500663757, 2.9747486114501953, 1.318300485610962, 0.4263518452644348, 3.0577967166900635, 3.0704562664031982, 1.6022893190383911, 1.107759714126587, 5.635801792144775, 5.444049835205078, 1.6127113103866577, 1.7067608833312988, 3.240508794784546, 0.6818833351135254, 1.6149247884750366, 5.785287857055664, 2.5713002681732178, 1.0002583265304565, 5.207113742828369, 2.0230085849761963, 4.774146556854248, 4.4787092208862305, 4.689026355743408, 5.229422569274902, 1.1524261236190796, 3.8909270763397217, 2.919426202774048, 1.6599208116531372, 5.598730564117432, 0.42888399958610535, 3.831721782684326, 5.558800220489502, 4.928257465362549, 5.3450608253479, 0.40772879123687744, 3.0569396018981934, 1.0567532777786255, 0.7983404397964478, 2.416832208633423, 2.583824396133423, 4.974339008331299, 3.0731940269470215, 1.384239673614502, 5.936563491821289, 0.5488715767860413, 2.8515801429748535, 0.6919856071472168, 4.779698371887207, 1.252485990524292, 1.726251244544983, 5.443697929382324, 1.1591659784317017, 5.450985908508301, 4.917334079742432, 1.1031769514083862, 2.8744025230407715, 3.0897600650787354, 1.0690031051635742, 2.586033344268799, 2.351823329925537, 2.096362829208374, 3.0955657958984375, 4.032397747039795, 1.3166080713272095, 5.093851089477539, 4.528326034545898, 3.9743738174438477, 4.021785259246826, 5.8878021240234375, 4.590283393859863, 3.8587820529937744, 1.3383570909500122, 1.8142645359039307, 2.393427848815918, 0.9156594276428223, 2.882624864578247, 4.18556547164917, 5.0463643074035645, 2.123077630996704, 1.5006026029586792, 4.837778091430664, 3.7950568199157715, 2.0553946495056152, 4.030770301818848, 2.1201865673065186, 3.349766492843628, 3.9144487380981445, 0.9944387674331665, 4.613762378692627, 3.6787919998168945, 1.6963980197906494, 4.421324253082275, 4.491260051727295, 2.135328531265259, 1.5122778415679932, 3.0518407821655273, 4.5030131340026855, 2.493262529373169, 1.1427757740020752, 2.5655465126037598, 1.3903682231903076, 0.5653755068778992, 2.032938241958618, 1.2365477085113525, 4.491614818572998, 3.5048892498016357, 0.9857599139213562, 5.4885334968566895, 0.4098169207572937, 4.12387228012085, 3.5340845584869385, 6.197798252105713, 4.502126693725586, 4.645583152770996, 3.6566786766052246, 2.3504302501678467, 0.4574410319328308, 6.974726676940918, 5.847630023956299, 1.899056077003479, 3.334629774093628, 3.8355720043182373, 3.2681260108947754, 2.465010404586792, 4.5335283279418945, 5.752686977386475, 4.02227783203125, 2.8862698078155518, 3.1837210655212402, 6.278703689575195, 1.2376811504364014, 2.4358177185058594, 3.5368638038635254, 0.6407084465026855, 0.40875184535980225, 3.2352826595306396, 2.376563787460327, 1.8665815591812134]",0.0,"[0.0, 0.0, 0.0, 0.0, 0.0, 0.0, 0.0, 0.0, 0.0, 0.0, 0.0, 0.0, 0.0, 0.0, 0.0, 0.0, 0.0, 0.0, 0.0, 0.0, 0.0, 0.0, 0.0, 0.0, 0.0, 0.0, 0.0, 0.0, 0.0, 0.0, 0.0, 0.0, 0.0, 0.0, 0.0, 0.0, 0.0, 0.0, 0.0, 0.0, 0.0, 0.0, 0.0, 0.0, 0.0, 0.0, 0.0, 0.0, 0.0, 0.0, 0.0, 0.0, 0.0, 0.0, 0.0, 0.0, 0.0, 0.0, 0.0, 0.0, 0.0, 0.0, 0.0, 0.0, 0.0, 0.0, 0.0, 0.0, 0.0, 0.0, 0.0, 0.0, 0.0, 0.0, 0.0, 0.0, 0.0, 0.0, 0.0, 0.0, 0.0, 0.0, 0.0, 0.0, 0.0, 0.0, 0.0, 0.0, 0.0, 0.0, 0.0, 0.0, 0.0, 0.0, 0.0, 0.0, 0.0, 0.0, 0.0, 0.0, 0.0, 0.0, 0.0, 0.0, 0.0, 0.0, 0.0, 0.0, 0.0, 0.0, 0.0, 0.0, 0.0, 0.0, 0.0, 0.0, 0.0, 0.0, 0.0, 0.0, 0.0, 0.0, 0.0, 0.0, 0.0, 0.0, 0.0, 0.0, 0.0, 0.0, 0.0, 0.0, 0.0, 0.0, 0.0, 0.0, 0.0, 0.0, 0.0, 0.0, 0.0, 0.0, 0.0, 0.0, 0.0, 0.0, 0.0, 0.0, 0.0, 0.0, 0.0, 0.0, 0.0, 0.0, 0.0, 0.0, 0.0, 0.0, 0.0, 0.0, 0.0, 0.0, 0.0, 0.0, 0.0, 0.0, 0.0, 0.0, 0.0, 0.0, 0.0, 0.0, 0.0, 0.0, 0.0, 0.0, 0.0, 0.0, 0.0, 0.0, 0.0, 0.0, 0.0, 0.0, 0.0, 0.0, 0.0, 0.0, 0.0, 0.0, 0.0, 0.0, 0.0, 0.0, 0.0, 0.0, 0.0, 0.0, 0.0, 0.0, 0.0, 0.0, 0.0, 0.0, 0.0]",COMPLETE
