,number,value,datetime_start,datetime_complete,duration,params_batch_size_scaler,params_constant_learning_rate,params_depth,params_epochs,params_kernel_l2,params_num_trees,params_temperature,user_attrs_accuracy_test,user_attrs_accuracy_valid,user_attrs_approximate_feature_sparsity,user_attrs_approximate_feature_sparsity_history,user_attrs_approximate_weight_sparsity,user_attrs_approximate_weight_sparsity_history,user_attrs_auc_test,user_attrs_auc_valid,user_attrs_feature_sparsity,user_attrs_feature_sparsity_history,user_attrs_num_epochs,user_attrs_val_loss_history,user_attrs_weight_sparsity,user_attrs_weight_sparsity_history,state
41,41,0.7694606536048743,2024-08-31 02:00:19.229819,2024-08-31 02:00:25.216672,0 days 00:00:05.986853,4,9.340043796711452,2,5,0.012825279444223323,15,0.0004994381423196872,0.707,0.7375,29,"[29, 29, 29, 29, 29]",29.0,"[29.0, 29.0, 29.0, 28.977777777777778, 29.0]",0.7928689966066431,0.7694606536048743,29,"[29, 29, 29, 29, 29]",5,"[2.3820788860321045, 2.0780770778656006, 3.197780132293701, 5.156320571899414, 1.8344956636428833]",29.0,"[29.0, 29.0, 29.0, 29.0, 29.0]",COMPLETE
42,42,0.5,2024-08-31 02:00:26.298266,2024-08-31 02:04:21.024477,0 days 00:03:54.726211,4,0.8898686010832848,4,340,0.8642380608958746,95,0.0019247834063614647,0.859,0.85875,0,"[33, 33, 33, 6, 4, 4, 1, 1, 1, 1, 1, 1, 1, 1, 1, 1, 1, 1, 1, 1, 0, 0, 0, 0, 0, 0, 0, 0, 0, 0, 0, 0, 0, 0, 0, 0, 0, 0, 0, 0, 0, 0, 0, 0, 0, 0, 0, 0, 0, 0, 0, 0, 0, 0, 0, 0, 0, 0, 0, 0, 0, 0, 0, 0, 0, 0, 0, 0, 0, 0, 0, 0, 0, 0, 0, 0, 0, 0, 0, 0, 0, 0, 0, 0, 0, 0, 0, 0, 0, 0, 0, 0, 0, 0, 0, 0, 0, 0, 0, 0, 0, 0, 0, 0, 0, 0, 0, 0, 0, 0, 0, 0, 0, 0, 0, 0, 0, 0, 0, 0, 0, 0, 0, 0, 0, 0, 0, 0, 0, 0, 0, 0, 0, 0, 0, 0, 0, 0, 0, 0, 0, 0, 0, 0, 0, 0, 0, 0, 0, 0, 0, 0, 0, 0, 0, 0, 0, 0, 0, 0, 0, 0, 0, 0, 0, 0, 0, 0, 0, 0, 0, 0, 0, 0, 0, 0, 0, 0, 0, 0, 0, 0, 0, 0, 0, 0, 0, 0, 0, 0, 0, 0, 0, 0, 0, 0, 0, 0, 0, 0, 0, 0, 0, 0, 0, 0, 0, 0, 0, 0, 0, 0, 0, 0, 0, 0, 0, 0, 0, 0, 0, 0, 0, 0, 0, 0, 0, 0, 0, 0, 0, 0, 0, 0, 0, 0, 0, 0, 0, 0, 0, 0, 0, 0, 0, 0, 0, 0, 0, 0, 0, 0, 0, 0, 0, 0, 0, 0, 0, 0, 0, 0, 0, 0, 0, 0, 0, 0, 0, 0, 0, 0, 0, 0, 0, 0, 0, 0, 0, 0, 0, 0, 0, 0, 0, 0, 0, 0, 0, 0, 0, 0, 0, 0, 0, 0, 0, 0, 0, 0, 0, 0, 0, 0, 0, 0, 0, 0, 0, 0, 0, 0, 0, 0, 0, 0, 0, 0, 0, 0, 0, 0, 0, 0, 0, 0, 0, 0, 0, 0, 0, 0, 0, 0, 0, 0, 0, 0, 0, 0]",0.0,"[32.95578947368421, 32.945263157894736, 32.94315789473684, 5.9936842105263155, 3.9950877192982457, 3.9915789473684207, 0.9992982456140351, 0.9978947368421053, 0.9978947368421053, 0.9978947368421053, 0.9985964912280701, 1.0, 0.9985964912280701, 0.9971929824561403, 0.9957894736842106, 0.9978947368421053, 0.9985964912280701, 0.9971929824561403, 0.9978947368421053, 0.9978947368421053, 0.0, 0.0, 0.0, 0.0, 0.0, 0.0, 0.0, 0.0, 0.0, 0.0, 0.0, 0.0, 0.0, 0.0, 0.0, 0.0, 0.0, 0.0, 0.0, 0.0, 0.0, 0.0, 0.0, 0.0, 0.0, 0.0, 0.0, 0.0, 0.0, 0.0, 0.0, 0.0, 0.0, 0.0, 0.0, 0.0, 0.0, 0.0, 0.0, 0.0, 0.0, 0.0, 0.0, 0.0, 0.0, 0.0, 0.0, 0.0, 0.0, 0.0, 0.0, 0.0, 0.0, 0.0, 0.0, 0.0, 0.0, 0.0, 0.0, 0.0, 0.0, 0.0, 0.0, 0.0, 0.0, 0.0, 0.0, 0.0, 0.0, 0.0, 0.0, 0.0, 0.0, 0.0, 0.0, 0.0, 0.0, 0.0, 0.0, 0.0, 0.0, 0.0, 0.0, 0.0, 0.0, 0.0, 0.0, 0.0, 0.0, 0.0, 0.0, 0.0, 0.0, 0.0, 0.0, 0.0, 0.0, 0.0, 0.0, 0.0, 0.0, 0.0, 0.0, 0.0, 0.0, 0.0, 0.0, 0.0, 0.0, 0.0, 0.0, 0.0, 0.0, 0.0, 0.0, 0.0, 0.0, 0.0, 0.0, 0.0, 0.0, 0.0, 0.0, 0.0, 0.0, 0.0, 0.0, 0.0, 0.0, 0.0, 0.0, 0.0, 0.0, 0.0, 0.0, 0.0, 0.0, 0.0, 0.0, 0.0, 0.0, 0.0, 0.0, 0.0, 0.0, 0.0, 0.0, 0.0, 0.0, 0.0, 0.0, 0.0, 0.0, 0.0, 0.0, 0.0, 0.0, 0.0, 0.0, 0.0, 0.0, 0.0, 0.0, 0.0, 0.0, 0.0, 0.0, 0.0, 0.0, 0.0, 0.0, 0.0, 0.0, 0.0, 0.0, 0.0, 0.0, 0.0, 0.0, 0.0, 0.0, 0.0, 0.0, 0.0, 0.0, 0.0, 0.0, 0.0, 0.0, 0.0, 0.0, 0.0, 0.0, 0.0, 0.0, 0.0, 0.0, 0.0, 0.0, 0.0, 0.0, 0.0, 0.0, 0.0, 0.0, 0.0, 0.0, 0.0, 0.0, 0.0, 0.0, 0.0, 0.0, 0.0, 0.0, 0.0, 0.0, 0.0, 0.0, 0.0, 0.0, 0.0, 0.0, 0.0, 0.0, 0.0, 0.0, 0.0, 0.0, 0.0, 0.0, 0.0, 0.0, 0.0, 0.0, 0.0, 0.0, 0.0, 0.0, 0.0, 0.0, 0.0, 0.0, 0.0, 0.0, 0.0, 0.0, 0.0, 0.0, 0.0, 0.0, 0.0, 0.0, 0.0, 0.0, 0.0, 0.0, 0.0, 0.0, 0.0, 0.0, 0.0, 0.0, 0.0, 0.0, 0.0, 0.0, 0.0, 0.0, 0.0, 0.0, 0.0, 0.0, 0.0, 0.0, 0.0, 0.0, 0.0, 0.0, 0.0, 0.0, 0.0, 0.0, 0.0, 0.0, 0.0, 0.0, 0.0, 0.0, 0.0, 0.0, 0.0, 0.0, 0.0, 0.0, 0.0, 0.0, 0.0, 0.0, 0.0, 0.0, 0.0, 0.0, 0.0, 0.0, 0.0, 0.0, 0.0, 0.0, 0.0, 0.0, 0.0, 0.0, 0.0, 0.0, 0.0, 0.0, 0.0, 0.0, 0.0]",0.5,0.5,0,"[33, 33, 33, 6, 4, 4, 1, 1, 1, 1, 1, 1, 1, 1, 1, 1, 1, 1, 1, 1, 0, 0, 0, 0, 0, 0, 0, 0, 0, 0, 0, 0, 0, 0, 0, 0, 0, 0, 0, 0, 0, 0, 0, 0, 0, 0, 0, 0, 0, 0, 0, 0, 0, 0, 0, 0, 0, 0, 0, 0, 0, 0, 0, 0, 0, 0, 0, 0, 0, 0, 0, 0, 0, 0, 0, 0, 0, 0, 0, 0, 0, 0, 0, 0, 0, 0, 0, 0, 0, 0, 0, 0, 0, 0, 0, 0, 0, 0, 0, 0, 0, 0, 0, 0, 0, 0, 0, 0, 0, 0, 0, 0, 0, 0, 0, 0, 0, 0, 0, 0, 0, 0, 0, 0, 0, 0, 0, 0, 0, 0, 0, 0, 0, 0, 0, 0, 0, 0, 0, 0, 0, 0, 0, 0, 0, 0, 0, 0, 0, 0, 0, 0, 0, 0, 0, 0, 0, 0, 0, 0, 0, 0, 0, 0, 0, 0, 0, 0, 0, 0, 0, 0, 0, 0, 0, 0, 0, 0, 0, 0, 0, 0, 0, 0, 0, 0, 0, 0, 0, 0, 0, 0, 0, 0, 0, 0, 0, 0, 0, 0, 0, 0, 0, 0, 0, 0, 0, 0, 0, 0, 0, 0, 0, 0, 0, 0, 0, 0, 0, 0, 0, 0, 0, 0, 0, 0, 0, 0, 0, 0, 0, 0, 0, 0, 0, 0, 0, 0, 0, 0, 0, 0, 0, 0, 0, 0, 0, 0, 0, 0, 0, 0, 0, 0, 0, 0, 0, 0, 0, 0, 0, 0, 0, 0, 0, 0, 0, 0, 0, 0, 0, 0, 0, 0, 0, 0, 0, 0, 0, 0, 0, 0, 0, 0, 0, 0, 0, 0, 0, 0, 0, 0, 0, 0, 0, 0, 0, 0, 0, 0, 0, 0, 0, 0, 0, 0, 0, 0, 0, 0, 0, 0, 0, 0, 0, 0, 0, 0, 0, 0, 0, 0, 0, 0, 0, 0, 0, 0, 0, 0, 0, 0, 0, 0, 0, 0, 0, 0, 0, 0]",340,"[0.39904651045799255, 0.38426846265792847, 0.37096768617630005, 0.3604249656200409, 0.3614747226238251, 0.3608337640762329, 0.409271240234375, 0.3977966010570526, 0.403672993183136, 0.43397778272628784, 0.3952990770339966, 0.40248337388038635, 0.39770156145095825, 0.4042700231075287, 0.400782972574234, 0.3973182737827301, 0.39938637614250183, 0.41502800583839417, 0.41120579838752747, 0.39650848507881165, 0.4276915490627289, 0.4082917869091034, 0.40751153230667114, 0.40739989280700684, 0.407414048910141, 0.41320011019706726, 0.4107762575149536, 0.4152339696884155, 0.4102383852005005, 0.40806305408477783, 0.42355823516845703, 0.4487386643886566, 0.41049546003341675, 0.41372501850128174, 0.4317553639411926, 0.4704493582248688, 0.4723441004753113, 0.4514804184436798, 0.4135318994522095, 0.4075965881347656, 0.4149855077266693, 0.4272409677505493, 0.4104152321815491, 0.4250563681125641, 0.40906208753585815, 0.4085286259651184, 0.4074915945529938, 0.44498535990715027, 0.40932953357696533, 0.4561406075954437, 0.4074045419692993, 0.41748833656311035, 0.41204750537872314, 0.4274851679801941, 0.41899898648262024, 0.44251111149787903, 0.4970175623893738, 0.42161041498184204, 0.4580126702785492, 0.42066437005996704, 0.41637322306632996, 0.4120439887046814, 0.4072873592376709, 0.5368110537528992, 0.43747884035110474, 0.41697996854782104, 0.40995779633522034, 0.4091027081012726, 0.42468956112861633, 0.5119857788085938, 0.42215338349342346, 0.41911548376083374, 0.41704413294792175, 0.4226045608520508, 0.4513086974620819, 0.4223928451538086, 0.4403628408908844, 0.4135172367095947, 0.41767746210098267, 0.4454529881477356, 0.4188322424888611, 0.40932953357696533, 0.40725982189178467, 0.4078425168991089, 0.4282304644584656, 0.40784594416618347, 0.4072262942790985, 0.4920694828033447, 0.4261401295661926, 0.4134969711303711, 0.40723955631256104, 0.40738174319267273, 0.42833080887794495, 0.40735161304473877, 0.41879597306251526, 0.442889928817749, 0.407403826713562, 0.4268140494823456, 0.4072806239128113, 0.42360153794288635, 0.41565975546836853, 0.41292956471443176, 0.47153255343437195, 0.43884894251823425, 0.40855494141578674, 0.4122254550457001, 0.41343405842781067, 0.4656091034412384, 0.420128732919693, 0.43642646074295044, 0.4119020402431488, 0.4430244565010071, 0.41734614968299866, 0.4092240631580353, 0.41871967911720276, 0.4105221629142761, 0.44887498021125793, 0.4073716402053833, 0.5293123722076416, 0.42628443241119385, 0.41717225313186646, 0.4285108149051666, 0.4143991768360138, 0.43944957852363586, 0.4072994291782379, 0.5292460322380066, 0.4161469638347626, 0.5392816662788391, 0.41204291582107544, 0.4995635747909546, 0.4169539213180542, 0.4097325801849365, 0.41212883591651917, 0.42837315797805786, 0.4202927350997925, 0.4094734191894531, 0.4623492360115051, 0.41110315918922424, 0.41354450583457947, 0.4073376953601837, 0.410245805978775, 0.5469847321510315, 0.6530041694641113, 0.41254714131355286, 0.4076065421104431, 0.42760321497917175, 0.41679638624191284, 0.43671706318855286, 0.42855703830718994, 0.4083878695964813, 0.4380764067173004, 0.48948585987091064, 0.4072662591934204, 0.42841869592666626, 0.42576315999031067, 0.41083812713623047, 0.4163990914821625, 0.42911702394485474, 0.4073088765144348, 0.409786194562912, 0.42784062027931213, 0.4613928198814392, 0.40729010105133057, 0.40767231583595276, 0.4920436441898346, 0.4891137182712555, 0.4376031160354614, 0.42182692885398865, 0.41152024269104004, 0.40728020668029785, 0.49411433935165405, 0.40925857424736023, 0.412372887134552, 0.4191364645957947, 0.43148601055145264, 0.40935295820236206, 0.4123314321041107, 0.4319654107093811, 0.40765705704689026, 0.41032350063323975, 0.41208580136299133, 0.44584140181541443, 0.40927329659461975, 0.40919142961502075, 0.4675910472869873, 0.40729987621307373, 0.4243195652961731, 0.49839264154434204, 0.4127732515335083, 0.42736461758613586, 0.4122191369533539, 0.4081003963947296, 0.4591158628463745, 0.4084315896034241, 0.4283370077610016, 0.4098130762577057, 0.41014358401298523, 0.45511913299560547, 0.4281836748123169, 0.4072331488132477, 0.4150403141975403, 0.4155801832675934, 0.4410487115383148, 0.4129519760608673, 0.46318644285202026, 0.4146263897418976, 0.41343268752098083, 0.4202422797679901, 0.613683819770813, 0.412021666765213, 0.4487400949001312, 0.40971943736076355, 0.4186788499355316, 0.40986546874046326, 0.4298418462276459, 0.4223274886608124, 0.4714682400226593, 0.40765243768692017, 0.4286001920700073, 0.40943583846092224, 0.42894285917282104, 0.4564869701862335, 0.4112468957901001, 0.41009095311164856, 0.46595925092697144, 0.412901908159256, 0.42822322249412537, 0.4311230480670929, 0.4528675079345703, 0.42437583208084106, 0.43304911255836487, 0.4379308819770813, 0.408121258020401, 0.40729930996894836, 0.4086444079875946, 0.4161514937877655, 0.40734970569610596, 0.4080665707588196, 0.4123874306678772, 0.40723854303359985, 0.4366593658924103, 0.4072664678096771, 0.43675491213798523, 0.41299161314964294, 0.40723246335983276, 0.4255063533782959, 0.4276449978351593, 0.4188293516635895, 0.42778679728507996, 0.4074052572250366, 0.4073534905910492, 0.4194622039794922, 0.41865262389183044, 0.40882718563079834, 0.40764427185058594, 0.40931156277656555, 0.4330326020717621, 0.43915241956710815, 0.40824490785598755, 0.40994319319725037, 0.5498491525650024, 0.44766372442245483, 0.40910080075263977, 0.41455844044685364, 0.4313376545906067, 0.42118313908576965, 0.4506138563156128, 0.41702038049697876, 0.4079829752445221, 0.4081229269504547, 0.42947664856910706, 0.48003605008125305, 0.48203322291374207, 0.40759262442588806, 0.4196804165840149, 0.4565272927284241, 0.4072776436805725, 0.41609612107276917, 0.4073459506034851, 0.4220535159111023, 0.5252296924591064, 0.40820667147636414, 0.40909987688064575, 0.49737614393234253, 0.4302798807621002, 0.4092005491256714, 0.41891801357269287, 0.443345308303833, 0.4082340896129608, 0.408255010843277, 0.40863049030303955, 0.4251081347465515, 0.4303051829338074, 0.40722736716270447, 0.4137367308139801, 0.4274122714996338, 0.4082292914390564, 0.41235387325286865, 0.4123169183731079, 0.4187133312225342, 0.4100755453109741, 0.4165198504924774, 0.4474305212497711, 0.4710876941680908, 0.4140641689300537, 0.46539634466171265, 0.408441960811615, 0.4189959764480591, 0.411640465259552, 0.40733468532562256, 0.4072343707084656, 0.41661280393600464, 0.40888890624046326, 0.4088427722454071, 0.4084279239177704, 0.42450660467147827, 0.49212658405303955, 0.4094017446041107, 0.40735775232315063, 0.41216540336608887, 0.4083033800125122, 0.41513609886169434, 0.4134940207004547, 0.42533189058303833, 0.4187077581882477, 0.42775675654411316, 0.40990298986434937, 0.4076957702636719, 0.41386574506759644, 0.4090593457221985, 0.44144997000694275, 0.41995880007743835, 0.4083758592605591, 0.427780419588089, 0.41991519927978516, 0.42785850167274475, 0.410940945148468, 0.4081001579761505, 0.4526480436325073, 0.4179202914237976]",0.0,"[33.0, 33.0, 33.0, 6.0, 4.0, 4.0, 1.0, 1.0, 1.0, 1.0, 1.0, 1.0, 1.0, 1.0, 1.0, 1.0, 1.0, 1.0, 1.0, 1.0, 0.0, 0.0, 0.0, 0.0, 0.0, 0.0, 0.0, 0.0, 0.0, 0.0, 0.0, 0.0, 0.0, 0.0, 0.0, 0.0, 0.0, 0.0, 0.0, 0.0, 0.0, 0.0, 0.0, 0.0, 0.0, 0.0, 0.0, 0.0, 0.0, 0.0, 0.0, 0.0, 0.0, 0.0, 0.0, 0.0, 0.0, 0.0, 0.0, 0.0, 0.0, 0.0, 0.0, 0.0, 0.0, 0.0, 0.0, 0.0, 0.0, 0.0, 0.0, 0.0, 0.0, 0.0, 0.0, 0.0, 0.0, 0.0, 0.0, 0.0, 0.0, 0.0, 0.0, 0.0, 0.0, 0.0, 0.0, 0.0, 0.0, 0.0, 0.0, 0.0, 0.0, 0.0, 0.0, 0.0, 0.0, 0.0, 0.0, 0.0, 0.0, 0.0, 0.0, 0.0, 0.0, 0.0, 0.0, 0.0, 0.0, 0.0, 0.0, 0.0, 0.0, 0.0, 0.0, 0.0, 0.0, 0.0, 0.0, 0.0, 0.0, 0.0, 0.0, 0.0, 0.0, 0.0, 0.0, 0.0, 0.0, 0.0, 0.0, 0.0, 0.0, 0.0, 0.0, 0.0, 0.0, 0.0, 0.0, 0.0, 0.0, 0.0, 0.0, 0.0, 0.0, 0.0, 0.0, 0.0, 0.0, 0.0, 0.0, 0.0, 0.0, 0.0, 0.0, 0.0, 0.0, 0.0, 0.0, 0.0, 0.0, 0.0, 0.0, 0.0, 0.0, 0.0, 0.0, 0.0, 0.0, 0.0, 0.0, 0.0, 0.0, 0.0, 0.0, 0.0, 0.0, 0.0, 0.0, 0.0, 0.0, 0.0, 0.0, 0.0, 0.0, 0.0, 0.0, 0.0, 0.0, 0.0, 0.0, 0.0, 0.0, 0.0, 0.0, 0.0, 0.0, 0.0, 0.0, 0.0, 0.0, 0.0, 0.0, 0.0, 0.0, 0.0, 0.0, 0.0, 0.0, 0.0, 0.0, 0.0, 0.0, 0.0, 0.0, 0.0, 0.0, 0.0, 0.0, 0.0, 0.0, 0.0, 0.0, 0.0, 0.0, 0.0, 0.0, 0.0, 0.0, 0.0, 0.0, 0.0, 0.0, 0.0, 0.0, 0.0, 0.0, 0.0, 0.0, 0.0, 0.0, 0.0, 0.0, 0.0, 0.0, 0.0, 0.0, 0.0, 0.0, 0.0, 0.0, 0.0, 0.0, 0.0, 0.0, 0.0, 0.0, 0.0, 0.0, 0.0, 0.0, 0.0, 0.0, 0.0, 0.0, 0.0, 0.0, 0.0, 0.0, 0.0, 0.0, 0.0, 0.0, 0.0, 0.0, 0.0, 0.0, 0.0, 0.0, 0.0, 0.0, 0.0, 0.0, 0.0, 0.0, 0.0, 0.0, 0.0, 0.0, 0.0, 0.0, 0.0, 0.0, 0.0, 0.0, 0.0, 0.0, 0.0, 0.0, 0.0, 0.0, 0.0, 0.0, 0.0, 0.0, 0.0, 0.0, 0.0, 0.0, 0.0, 0.0, 0.0, 0.0, 0.0, 0.0, 0.0, 0.0, 0.0, 0.0, 0.0, 0.0, 0.0, 0.0, 0.0, 0.0, 0.0, 0.0, 0.0, 0.0, 0.0, 0.0, 0.0, 0.0, 0.0, 0.0, 0.0, 0.0, 0.0, 0.0, 0.0]",COMPLETE
43,43,0.883042856590795,2024-08-31 02:04:22.156453,2024-08-31 02:06:48.711872,0 days 00:02:26.555419,1,4.874706083886978,2,185,0.0012394267987396687,31,0.0011055928841004422,0.9,0.90125,29,"[29, 29, 29, 29, 29, 29, 29, 29, 29, 29, 29, 29, 29, 29, 29, 29, 29, 29, 29, 29, 29, 29, 29, 29, 29, 29, 29, 29, 29, 29, 29, 29, 29, 29, 29, 29, 29, 29, 29, 29, 29, 29, 29, 29, 29, 29, 29, 29, 29, 29, 29, 29, 29, 29, 29, 29, 29, 29, 29, 29, 29, 29, 29, 29, 29, 29, 29, 29, 29, 29, 29, 29, 29, 29, 29, 29, 29, 29, 29, 29, 29, 29, 29, 29, 29, 29, 29, 29, 29, 29, 29, 29, 29, 29, 29, 29, 29, 29, 29, 29, 29, 29, 29, 29, 29, 29, 29, 29, 29, 29, 29, 29, 29, 29, 29, 29, 29, 29, 29, 29, 29, 29, 29, 29, 29, 29, 29, 29, 29, 29, 29, 29, 29, 29, 29, 29, 29, 29, 29, 29, 29, 29, 29, 29, 29, 29, 29, 29, 29, 29, 29, 29, 29, 29, 29, 29, 29, 29, 29, 29, 29, 29, 29, 29, 29, 29, 29, 29, 29, 29, 29, 29, 29, 29, 29, 29, 29, 29, 29, 29, 29, 29, 29, 29, 29]",29.0,"[29.0, 29.0, 29.0, 29.0, 29.0, 29.0, 29.0, 29.0, 29.0, 29.0, 28.989247311827956, 29.0, 29.0, 29.0, 29.0, 29.0, 29.0, 29.0, 29.0, 29.0, 29.0, 29.0, 29.0, 29.0, 29.0, 29.0, 28.989247311827956, 29.0, 29.0, 29.0, 29.0, 29.0, 29.0, 29.0, 28.978494623655912, 29.0, 29.0, 29.0, 29.0, 29.0, 28.989247311827956, 29.0, 29.0, 29.0, 29.0, 29.0, 29.0, 29.0, 29.0, 29.0, 29.0, 29.0, 29.0, 29.0, 29.0, 29.0, 29.0, 29.0, 29.0, 29.0, 29.0, 29.0, 29.0, 29.0, 29.0, 29.0, 29.0, 29.0, 29.0, 28.989247311827956, 28.989247311827956, 29.0, 29.0, 29.0, 29.0, 29.0, 29.0, 28.989247311827956, 29.0, 29.0, 29.0, 29.0, 29.0, 29.0, 29.0, 29.0, 29.0, 29.0, 29.0, 29.0, 29.0, 29.0, 29.0, 29.0, 29.0, 29.0, 29.0, 29.0, 29.0, 29.0, 29.0, 29.0, 29.0, 29.0, 29.0, 28.989247311827956, 29.0, 29.0, 29.0, 28.989247311827956, 28.989247311827956, 29.0, 29.0, 29.0, 29.0, 29.0, 29.0, 29.0, 29.0, 29.0, 29.0, 29.0, 29.0, 29.0, 29.0, 29.0, 29.0, 29.0, 29.0, 29.0, 29.0, 29.0, 29.0, 29.0, 29.0, 29.0, 29.0, 29.0, 29.0, 29.0, 29.0, 29.0, 29.0, 29.0, 29.0, 29.0, 29.0, 29.0, 29.0, 29.0, 29.0, 29.0, 29.0, 28.989247311827956, 29.0, 29.0, 29.0, 29.0, 28.989247311827956, 29.0, 29.0, 29.0, 29.0, 29.0, 29.0, 29.0, 29.0, 29.0, 29.0, 29.0, 29.0, 29.0, 29.0, 29.0, 29.0, 29.0, 29.0, 29.0, 29.0, 29.0, 29.0, 29.0, 29.0, 29.0, 29.0]",0.8638776740230683,0.883042856590795,29,"[29, 29, 29, 29, 29, 29, 29, 29, 29, 29, 29, 29, 29, 29, 29, 29, 29, 29, 29, 29, 29, 29, 29, 29, 29, 29, 29, 29, 29, 29, 29, 29, 29, 29, 29, 29, 29, 29, 29, 29, 29, 29, 29, 29, 29, 29, 29, 29, 29, 29, 29, 29, 29, 29, 29, 29, 29, 29, 29, 29, 29, 29, 29, 29, 29, 29, 29, 29, 29, 29, 29, 29, 29, 29, 29, 29, 29, 29, 29, 29, 29, 29, 29, 29, 29, 29, 29, 29, 29, 29, 29, 29, 29, 29, 29, 29, 29, 29, 29, 29, 29, 29, 29, 29, 29, 29, 29, 29, 29, 29, 29, 29, 29, 29, 29, 29, 29, 29, 29, 29, 29, 29, 29, 29, 29, 29, 29, 29, 29, 29, 29, 29, 29, 29, 29, 29, 29, 29, 29, 29, 29, 29, 29, 29, 29, 29, 29, 29, 29, 29, 29, 29, 29, 29, 29, 29, 29, 29, 29, 29, 29, 29, 29, 29, 29, 29, 29, 29, 29, 29, 29, 29, 29, 29, 29, 29, 29, 29, 29, 29, 29, 29, 29, 29, 29]",185,"[5.94258975982666, 2.419084072113037, 2.1462743282318115, 2.0290682315826416, 2.210118055343628, 2.1540234088897705, 2.1795504093170166, 1.6362907886505127, 3.1964328289031982, 1.9343674182891846, 1.9494608640670776, 2.0201756954193115, 1.641404628753662, 3.6119251251220703, 1.7210139036178589, 1.795386791229248, 1.7047430276870728, 1.5936323404312134, 1.9632811546325684, 2.3944501876831055, 2.077116012573242, 1.6699104309082031, 2.15568470954895, 2.5945770740509033, 2.164823055267334, 1.9201650619506836, 2.335859775543213, 2.019852876663208, 1.965870976448059, 1.7286278009414673, 2.0138165950775146, 1.9705668687820435, 2.6783788204193115, 2.519040107727051, 4.509668827056885, 3.335526943206787, 2.4752631187438965, 2.765392780303955, 2.4856104850769043, 2.176359176635742, 2.1535849571228027, 2.5769596099853516, 2.336836338043213, 2.261030673980713, 1.9664185047149658, 2.613863468170166, 1.7982285022735596, 4.678747177124023, 2.3705129623413086, 3.3790283203125, 2.3872525691986084, 2.2526166439056396, 2.19781494140625, 2.1447408199310303, 2.216824769973755, 1.9443131685256958, 2.530007839202881, 2.6566574573516846, 3.109492778778076, 2.3244011402130127, 2.6143534183502197, 2.712937116622925, 1.9176580905914307, 2.1216089725494385, 2.100478410720825, 3.1802175045013428, 2.7050371170043945, 2.466486930847168, 2.7157351970672607, 2.314133644104004, 2.2956528663635254, 2.2168195247650146, 2.417034387588501, 2.4543395042419434, 2.439582347869873, 2.7293167114257812, 2.994420051574707, 3.315061569213867, 2.4347848892211914, 2.173264503479004, 2.495321273803711, 2.705051898956299, 2.2896132469177246, 2.7174108028411865, 2.6084728240966797, 2.6180551052093506, 2.674442768096924, 2.1704816818237305, 3.5239200592041016, 2.8187897205352783, 2.472620964050293, 2.3133833408355713, 2.659132719039917, 3.1018571853637695, 2.7760536670684814, 3.8193492889404297, 3.0742807388305664, 2.3866851329803467, 2.554064989089966, 2.1733994483947754, 2.7820281982421875, 2.3196232318878174, 2.6359241008758545, 2.4604592323303223, 2.0191102027893066, 2.6148757934570312, 2.30983829498291, 2.6042702198028564, 2.7032482624053955, 2.4970290660858154, 2.4577953815460205, 2.366323947906494, 2.5724706649780273, 2.46944260597229, 2.247058153152466, 2.4228925704956055, 2.377603054046631, 1.9331865310668945, 2.6722829341888428, 2.1933069229125977, 2.2302005290985107, 2.7962207794189453, 2.564619779586792, 1.840885877609253, 2.6472671031951904, 2.4928133487701416, 3.8427367210388184, 2.0676822662353516, 2.101952314376831, 2.2225537300109863, 3.101566791534424, 2.2844598293304443, 2.2439522743225098, 2.3933095932006836, 3.0083348751068115, 2.342738389968872, 2.139634609222412, 1.9469122886657715, 2.7344467639923096, 2.480470657348633, 2.7285537719726562, 2.726918935775757, 2.884143590927124, 2.4863476753234863, 1.95137619972229, 2.700357437133789, 2.3826026916503906, 2.358988046646118, 2.572979211807251, 2.086533546447754, 2.4189319610595703, 2.3599703311920166, 2.3856399059295654, 2.9250829219818115, 2.846402645111084, 2.3957059383392334, 2.4426870346069336, 2.1806697845458984, 2.0778534412384033, 2.8143422603607178, 2.0442421436309814, 2.744846820831299, 2.0998873710632324, 2.306581735610962, 2.6633267402648926, 2.337242364883423, 2.120821475982666, 2.2096590995788574, 2.1514601707458496, 2.359556198120117, 2.823254346847534, 1.9367674589157104, 2.1484782695770264, 1.746791124343872, 2.0553886890411377, 2.0775206089019775, 2.37424898147583, 2.645632028579712, 2.062399387359619, 2.177656650543213, 2.6534879207611084, 2.7169482707977295, 2.083315849304199, 2.1602582931518555, 2.5899364948272705]",29.0,"[29.0, 29.0, 29.0, 29.0, 29.0, 29.0, 29.0, 29.0, 29.0, 29.0, 29.0, 29.0, 29.0, 29.0, 29.0, 29.0, 29.0, 29.0, 29.0, 29.0, 29.0, 29.0, 29.0, 29.0, 29.0, 29.0, 29.0, 29.0, 29.0, 29.0, 29.0, 29.0, 29.0, 29.0, 29.0, 29.0, 29.0, 29.0, 29.0, 29.0, 29.0, 29.0, 29.0, 29.0, 29.0, 29.0, 29.0, 29.0, 29.0, 29.0, 29.0, 29.0, 29.0, 29.0, 29.0, 29.0, 29.0, 29.0, 29.0, 29.0, 29.0, 29.0, 29.0, 29.0, 29.0, 29.0, 29.0, 29.0, 29.0, 29.0, 29.0, 29.0, 29.0, 29.0, 29.0, 29.0, 29.0, 29.0, 29.0, 29.0, 29.0, 29.0, 29.0, 29.0, 29.0, 29.0, 29.0, 29.0, 29.0, 29.0, 29.0, 29.0, 29.0, 29.0, 29.0, 29.0, 29.0, 29.0, 29.0, 29.0, 29.0, 29.0, 29.0, 29.0, 29.0, 29.0, 29.0, 29.0, 29.0, 29.0, 29.0, 29.0, 29.0, 29.0, 29.0, 29.0, 29.0, 29.0, 29.0, 29.0, 29.0, 29.0, 29.0, 29.0, 29.0, 29.0, 29.0, 29.0, 29.0, 29.0, 29.0, 29.0, 29.0, 29.0, 29.0, 29.0, 29.0, 29.0, 29.0, 29.0, 29.0, 29.0, 29.0, 29.0, 29.0, 29.0, 29.0, 29.0, 29.0, 29.0, 29.0, 29.0, 29.0, 29.0, 29.0, 29.0, 29.0, 29.0, 29.0, 29.0, 29.0, 29.0, 29.0, 29.0, 29.0, 29.0, 29.0, 29.0, 29.0, 29.0, 29.0, 29.0, 29.0, 29.0, 29.0, 29.0, 29.0, 29.0, 29.0, 29.0, 29.0, 29.0, 29.0, 29.0, 29.0]",COMPLETE
