,number,value,datetime_start,datetime_complete,duration,params_batch_size_scaler,params_constant_learning_rate,params_depth,params_epochs,params_kernel_l2,params_num_trees,params_temperature,user_attrs_accuracy_test,user_attrs_accuracy_valid,user_attrs_approximate_feature_sparsity,user_attrs_approximate_feature_sparsity_history,user_attrs_approximate_weight_sparsity,user_attrs_approximate_weight_sparsity_history,user_attrs_auc_test,user_attrs_auc_valid,user_attrs_feature_sparsity,user_attrs_feature_sparsity_history,user_attrs_num_epochs,user_attrs_val_loss_history,user_attrs_weight_sparsity,user_attrs_weight_sparsity_history,state
13,13,0.6986641934278831,2024-08-31 01:00:01.403151,2024-08-31 01:00:10.561683,0 days 00:00:09.158532,16,0.12668103782719373,1,90,0.046808669627053386,25,0.003892749422255242,0.864,0.86375,3,"[33, 33, 33, 33, 33, 33, 33, 33, 33, 33, 33, 33, 33, 33, 33, 33, 33, 33, 33, 32, 31, 31, 30, 30, 30, 29, 27, 27, 26, 26, 26, 23, 16, 15, 15, 13, 11, 9, 8, 8, 7, 6, 6, 6, 6, 6, 6, 6, 6, 6, 6, 5, 5, 5, 5, 4, 4, 4, 4, 4, 4, 4, 4, 4, 4, 4, 4, 4, 4, 4, 4, 4, 4, 4, 4, 4, 4, 3, 3, 3, 3, 3, 3, 3, 3, 3, 3, 3, 3, 3]",2.96,"[33.0, 32.96, 33.0, 32.96, 32.92, 32.92, 32.96, 33.0, 33.0, 33.0, 33.0, 33.0, 33.0, 33.0, 33.0, 32.96, 32.96, 33.0, 32.96, 32.0, 31.0, 31.0, 30.0, 30.0, 30.0, 29.0, 26.96, 27.0, 25.96, 26.0, 25.92, 22.96, 16.0, 14.96, 14.92, 13.0, 11.0, 9.0, 8.0, 8.0, 7.0, 6.0, 6.0, 6.0, 6.0, 6.0, 6.0, 6.0, 6.0, 6.0, 6.0, 5.0, 5.0, 5.0, 5.0, 4.0, 4.0, 4.0, 4.0, 4.0, 4.0, 4.0, 4.0, 4.0, 4.0, 4.0, 4.0, 4.0, 4.0, 4.0, 4.0, 4.0, 4.0, 4.0, 4.0, 4.0, 4.0, 3.0, 3.0, 3.0, 2.96, 3.0, 3.0, 3.0, 3.0, 3.0, 3.0, 3.0, 3.0, 2.96]",0.6707246592194454,0.6986641934278831,3,"[33, 33, 33, 33, 33, 33, 33, 33, 33, 33, 33, 33, 33, 33, 33, 33, 33, 33, 33, 32, 31, 31, 30, 30, 30, 29, 27, 27, 26, 26, 26, 23, 16, 15, 15, 13, 11, 9, 8, 8, 7, 6, 6, 6, 6, 6, 6, 6, 6, 6, 6, 5, 5, 5, 5, 4, 4, 4, 4, 4, 4, 4, 4, 4, 4, 4, 4, 4, 4, 4, 4, 4, 4, 4, 4, 4, 4, 3, 3, 3, 3, 3, 3, 3, 3, 3, 3, 3, 3, 3]",90,"[0.44843319058418274, 0.4412902891635895, 0.43501898646354675, 0.43104031682014465, 0.4281666576862335, 0.4243825674057007, 0.42456382513046265, 0.420801043510437, 0.41786330938339233, 0.41681960225105286, 0.4143519103527069, 0.4124065637588501, 0.4112926125526428, 0.4098535180091858, 0.4079858660697937, 0.40588560700416565, 0.40453171730041504, 0.4025896489620209, 0.4020825922489166, 0.4000239074230194, 0.3973364233970642, 0.3959083557128906, 0.39365682005882263, 0.39215153455734253, 0.39034056663513184, 0.3870435059070587, 0.38181060552597046, 0.3800120949745178, 0.3779670298099518, 0.3769744038581848, 0.37516021728515625, 0.3724164068698883, 0.3665784001350403, 0.3694659173488617, 0.37404778599739075, 0.36583393812179565, 0.3677104115486145, 0.36273401975631714, 0.36122483015060425, 0.36034679412841797, 0.35889533162117004, 0.3567696511745453, 0.3578750491142273, 0.35600292682647705, 0.35601478815078735, 0.35616034269332886, 0.3554086685180664, 0.3548591732978821, 0.35338813066482544, 0.3534604012966156, 0.3524717390537262, 0.36786869168281555, 0.36829596757888794, 0.36687901616096497, 0.3674103915691376, 0.3696839511394501, 0.3688892424106598, 0.3685455322265625, 0.3683982789516449, 0.3712562322616577, 0.36834266781806946, 0.36865097284317017, 0.3675951361656189, 0.3670015037059784, 0.36685413122177124, 0.36781105399131775, 0.36631548404693604, 0.37083303928375244, 0.3659115135669708, 0.3664153814315796, 0.3656160235404968, 0.3675328195095062, 0.3650941848754883, 0.36486613750457764, 0.3646971583366394, 0.3645707666873932, 0.36432379484176636, 0.36831656098365784, 0.367867648601532, 0.36714980006217957, 0.3670366406440735, 0.366068035364151, 0.3657285273075104, 0.36545002460479736, 0.36530566215515137, 0.365915983915329, 0.36417296528816223, 0.3640638291835785, 0.3634304702281952, 0.3633817732334137]",3.0,"[33.0, 33.0, 33.0, 33.0, 33.0, 33.0, 33.0, 33.0, 33.0, 33.0, 33.0, 33.0, 33.0, 33.0, 33.0, 33.0, 33.0, 33.0, 33.0, 32.0, 31.0, 31.0, 30.0, 30.0, 30.0, 29.0, 27.0, 27.0, 26.0, 26.0, 26.0, 23.0, 16.0, 15.0, 15.0, 13.0, 11.0, 9.0, 8.0, 8.0, 7.0, 6.0, 6.0, 6.0, 6.0, 6.0, 6.0, 6.0, 6.0, 6.0, 6.0, 5.0, 5.0, 5.0, 5.0, 4.0, 4.0, 4.0, 4.0, 4.0, 4.0, 4.0, 4.0, 4.0, 4.0, 4.0, 4.0, 4.0, 4.0, 4.0, 4.0, 4.0, 4.0, 4.0, 4.0, 4.0, 4.0, 3.0, 3.0, 3.0, 3.0, 3.0, 3.0, 3.0, 3.0, 3.0, 3.0, 3.0, 3.0, 3.0]",COMPLETE
14,14,0.9024101196686891,2024-08-31 01:00:10.924045,2024-08-31 01:01:37.643146,0 days 00:01:26.719101,16,0.24951755139997428,5,185,0.003403606167138259,76,0.0005736031279623101,0.901,0.89625,33,"[33, 33, 33, 33, 33, 33, 33, 33, 33, 33, 33, 33, 33, 33, 33, 33, 33, 33, 33, 33, 33, 33, 33, 33, 33, 33, 33, 33, 33, 33, 33, 33, 33, 33, 33, 33, 33, 33, 33, 33, 33, 33, 33, 33, 33, 33, 33, 33, 33, 33, 33, 33, 33, 33, 33, 33, 33, 33, 33, 33, 33, 33, 33, 33, 33, 33, 33, 33, 33, 33, 33, 33, 33, 33, 33, 33, 33, 33, 33, 33, 33, 33, 33, 33, 33, 33, 33, 33, 33, 33, 33, 33, 33, 33, 33, 33, 33, 33, 33, 33, 33, 33, 33, 33, 33, 33, 33, 33, 33, 33, 33, 33, 33, 33, 33, 33, 33, 33, 33, 33, 33, 33, 33, 33, 33, 33, 33, 33, 33, 33, 33, 33, 33, 33, 33, 33, 33, 33, 33, 33, 33, 33, 33, 33, 33, 33, 33, 33, 33, 33, 33, 33, 33, 33, 33, 33, 33, 33, 33, 33, 33, 33, 33, 33, 33, 33, 33, 33, 33, 33, 33, 33, 33, 33, 33, 33, 33, 33, 33, 33, 33, 33, 33, 33, 33]",32.9490662139219,"[32.93166383701188, 32.933361629881155, 32.93378607809847, 32.938455008488965, 32.93887945670628, 32.940577249575554, 32.92657045840408, 32.926994906621395, 32.918930390492356, 32.92657045840408, 32.933361629881155, 32.938455008488965, 32.93251273344652, 32.93675721561969, 32.93251273344652, 32.93039049235993, 32.92784380305603, 32.933361629881155, 32.933361629881155, 32.93590831918506, 32.93972835314092, 32.939728353140914, 32.94227504244482, 32.93421052631579, 32.93378607809848, 32.935483870967744, 32.930390492359926, 32.93378607809847, 32.929117147707984, 32.93463497453311, 32.932512733446515, 32.93718166383701, 32.937606112054326, 32.93718166383701, 32.93803056027165, 32.93590831918506, 32.93505942275042, 32.93463497453311, 32.931239388794566, 32.92869269949066, 32.92529711375212, 32.93081494057725, 32.93421052631579, 32.933361629881155, 32.932512733446515, 32.928268251273344, 32.92487266553481, 32.92911714770798, 32.93803056027165, 32.93463497453311, 32.934634974533104, 32.934210526315795, 32.93463497453311, 32.93718166383701, 32.9393039049236, 32.94397283531409, 32.93803056027165, 32.93421052631579, 32.93039049235993, 32.935483870967744, 32.93675721561969, 32.93803056027165, 32.94057724957555, 32.938455008488965, 32.93803056027165, 32.940577249575554, 32.938455008488965, 32.93803056027165, 32.932088285229206, 32.93590831918506, 32.92996604414261, 32.92572156196944, 32.93081494057725, 32.93505942275043, 32.93505942275042, 32.93378607809847, 32.93166383701188, 32.935483870967744, 32.93505942275043, 32.93675721561969, 32.9393039049236, 32.937181663837016, 32.9393039049236, 32.935483870967744, 32.932088285229206, 32.93081494057726, 32.931239388794566, 32.93039049235993, 32.93166383701188, 32.92190152801358, 32.921901528013585, 32.92911714770798, 32.93633276740238, 32.92869269949066, 32.92657045840408, 32.92444821731749, 32.92954159592529, 32.93039049235993, 32.92996604414262, 32.92996604414262, 32.93803056027164, 32.93803056027165, 32.939728353140914, 32.945670628183365, 32.937606112054326, 32.93421052631579, 32.93718166383701, 32.93718166383701, 32.94057724957555, 32.93760611205433, 32.938455008488965, 32.938455008488965, 32.93675721561969, 32.9418505942275, 32.944821731748725, 32.94227504244482, 32.9393039049236, 32.935483870967744, 32.93887945670628, 32.93803056027165, 32.93039049235993, 32.92572156196944, 32.93081494057725, 32.92869269949066, 32.93081494057725, 32.92784380305603, 32.93039049235993, 32.933361629881155, 32.931239388794566, 32.93293718166384, 32.93505942275042, 32.93421052631579, 32.93166383701189, 32.93166383701188, 32.92741935483871, 32.93081494057725, 32.93081494057725, 32.9295415959253, 32.93039049235993, 32.93123938879457, 32.93166383701188, 32.93590831918506, 32.933361629881155, 32.93675721561969, 32.938455008488965, 32.94142614601019, 32.94269949066214, 32.946519524618, 32.94142614601019, 32.9367572156197, 32.940577249575554, 32.94142614601019, 32.94015280135824, 32.94397283531409, 32.940577249575554, 32.940577249575554, 32.9418505942275, 32.93972835314092, 32.94142614601019, 32.93505942275043, 32.934210526315795, 32.940577249575554, 32.93803056027165, 32.93378607809847, 32.93081494057725, 32.937181663837016, 32.931239388794566, 32.928268251273344, 32.9393039049236, 32.93972835314092, 32.940577249575554, 32.943548387096776, 32.943548387096776, 32.94142614601019, 32.944821731748725, 32.94609507640068, 32.95246179966045, 32.95033955857386, 32.95033955857386, 32.94821731748727, 32.95118845500849, 32.9490662139219, 32.94821731748727, 32.94736842105263, 32.9490662139219]",0.8845515567334604,0.9024101196686891,33,"[33, 33, 33, 33, 33, 33, 33, 33, 33, 33, 33, 33, 33, 33, 33, 33, 33, 33, 33, 33, 33, 33, 33, 33, 33, 33, 33, 33, 33, 33, 33, 33, 33, 33, 33, 33, 33, 33, 33, 33, 33, 33, 33, 33, 33, 33, 33, 33, 33, 33, 33, 33, 33, 33, 33, 33, 33, 33, 33, 33, 33, 33, 33, 33, 33, 33, 33, 33, 33, 33, 33, 33, 33, 33, 33, 33, 33, 33, 33, 33, 33, 33, 33, 33, 33, 33, 33, 33, 33, 33, 33, 33, 33, 33, 33, 33, 33, 33, 33, 33, 33, 33, 33, 33, 33, 33, 33, 33, 33, 33, 33, 33, 33, 33, 33, 33, 33, 33, 33, 33, 33, 33, 33, 33, 33, 33, 33, 33, 33, 33, 33, 33, 33, 33, 33, 33, 33, 33, 33, 33, 33, 33, 33, 33, 33, 33, 33, 33, 33, 33, 33, 33, 33, 33, 33, 33, 33, 33, 33, 33, 33, 33, 33, 33, 33, 33, 33, 33, 33, 33, 33, 33, 33, 33, 33, 33, 33, 33, 33, 33, 33, 33, 33, 33, 33]",185,"[0.40133044123649597, 0.395671546459198, 0.3910897970199585, 0.38735431432724, 0.38435471057891846, 0.38143759965896606, 0.37908685207366943, 0.37726646661758423, 0.3754606544971466, 0.3746848702430725, 0.3732234239578247, 0.37162789702415466, 0.37016770243644714, 0.36919569969177246, 0.3683856129646301, 0.36752989888191223, 0.3664412200450897, 0.36543378233909607, 0.3645515441894531, 0.36380383372306824, 0.3636261224746704, 0.36215224862098694, 0.3615923225879669, 0.3611801266670227, 0.36030635237693787, 0.3593079745769501, 0.3588429391384125, 0.35784220695495605, 0.35724249482154846, 0.3564296364784241, 0.3559828996658325, 0.3554680347442627, 0.35455986857414246, 0.35373416543006897, 0.35300925374031067, 0.35230553150177, 0.3515845239162445, 0.3509446084499359, 0.3502484858036041, 0.34944385290145874, 0.34874823689460754, 0.348234087228775, 0.34753796458244324, 0.3467818796634674, 0.34601351618766785, 0.34534549713134766, 0.34518963098526, 0.34406131505966187, 0.34356433153152466, 0.34254828095436096, 0.3426017761230469, 0.34114864468574524, 0.34046581387519836, 0.3397386074066162, 0.3391059637069702, 0.3385130763053894, 0.337869793176651, 0.3374887704849243, 0.3366687297821045, 0.33660659193992615, 0.33527493476867676, 0.33534789085388184, 0.333975225687027, 0.3331815004348755, 0.33277401328086853, 0.3321143388748169, 0.3311710059642792, 0.33054596185684204, 0.32985132932662964, 0.32930850982666016, 0.32899075746536255, 0.32795795798301697, 0.3270207643508911, 0.32652026414871216, 0.3260173499584198, 0.32579997181892395, 0.32477524876594543, 0.3238943815231323, 0.3230170011520386, 0.3222425580024719, 0.3212844133377075, 0.3208630681037903, 0.319690465927124, 0.3190680742263794, 0.31830763816833496, 0.317371129989624, 0.3165592849254608, 0.3156140446662903, 0.31477099657058716, 0.313976526260376, 0.31323039531707764, 0.31251615285873413, 0.31169459223747253, 0.3108784556388855, 0.30999520421028137, 0.30898839235305786, 0.30792897939682007, 0.30709174275398254, 0.3058885335922241, 0.3049355447292328, 0.3040441572666168, 0.3030164837837219, 0.30243924260139465, 0.3012720048427582, 0.2999756336212158, 0.29892703890800476, 0.29808151721954346, 0.29693734645843506, 0.29604750871658325, 0.2949243485927582, 0.29404333233833313, 0.29314297437667847, 0.29233691096305847, 0.29125329852104187, 0.29011404514312744, 0.2891589105129242, 0.28803151845932007, 0.2869510352611542, 0.28597018122673035, 0.28503018617630005, 0.28400859236717224, 0.28300154209136963, 0.28212201595306396, 0.28106963634490967, 0.2802906036376953, 0.27910715341567993, 0.27839940786361694, 0.27741777896881104, 0.27629318833351135, 0.2757258415222168, 0.27428433299064636, 0.2734523117542267, 0.27303752303123474, 0.2721119821071625, 0.27130383253097534, 0.2700108289718628, 0.26915785670280457, 0.26850488781929016, 0.2674778997898102, 0.26710548996925354, 0.26626917719841003, 0.26523077487945557, 0.2644364833831787, 0.2636145353317261, 0.26297444105148315, 0.26240259408950806, 0.261452853679657, 0.2605729103088379, 0.2601126730442047, 0.2596624791622162, 0.2592608332633972, 0.2586537301540375, 0.2579655647277832, 0.2576781213283539, 0.2575915455818176, 0.2564513087272644, 0.2563570439815521, 0.25544530153274536, 0.2547045946121216, 0.2541944086551666, 0.2536773383617401, 0.2530428469181061, 0.2523895502090454, 0.25191378593444824, 0.25135916471481323, 0.2509353458881378, 0.2506029009819031, 0.24999406933784485, 0.24956262111663818, 0.2493639439344406, 0.24870505928993225, 0.24799607694149017, 0.24756069481372833, 0.24688634276390076, 0.24654333293437958, 0.24632272124290466, 0.24568265676498413, 0.24548569321632385, 0.244829460978508, 0.24437469244003296, 0.2440325915813446, 0.2434840053319931, 0.24296510219573975, 0.2426256537437439, 0.24225182831287384]",33.0,"[33.0, 33.0, 33.0, 33.0, 33.0, 33.0, 33.0, 33.0, 33.0, 33.0, 33.0, 33.0, 33.0, 33.0, 33.0, 33.0, 33.0, 33.0, 33.0, 33.0, 33.0, 33.0, 33.0, 33.0, 33.0, 33.0, 33.0, 33.0, 33.0, 33.0, 33.0, 33.0, 33.0, 33.0, 33.0, 33.0, 33.0, 33.0, 33.0, 33.0, 33.0, 33.0, 33.0, 33.0, 33.0, 33.0, 33.0, 33.0, 33.0, 33.0, 33.0, 33.0, 33.0, 33.0, 33.0, 33.0, 33.0, 33.0, 33.0, 33.0, 33.0, 33.0, 33.0, 33.0, 33.0, 33.0, 33.0, 33.0, 33.0, 33.0, 33.0, 33.0, 33.0, 33.0, 33.0, 33.0, 33.0, 33.0, 33.0, 33.0, 33.0, 33.0, 33.0, 33.0, 33.0, 33.0, 33.0, 33.0, 33.0, 33.0, 33.0, 33.0, 33.0, 33.0, 33.0, 33.0, 33.0, 33.0, 33.0, 33.0, 33.0, 33.0, 33.0, 33.0, 33.0, 33.0, 33.0, 33.0, 33.0, 33.0, 33.0, 33.0, 33.0, 33.0, 33.0, 33.0, 33.0, 33.0, 33.0, 33.0, 33.0, 33.0, 33.0, 33.0, 33.0, 33.0, 33.0, 33.0, 33.0, 33.0, 33.0, 33.0, 33.0, 33.0, 33.0, 33.0, 33.0, 33.0, 33.0, 33.0, 33.0, 33.0, 33.0, 33.0, 33.0, 33.0, 33.0, 33.0, 33.0, 33.0, 33.0, 33.0, 33.0, 33.0, 33.0, 33.0, 33.0, 33.0, 33.0, 33.0, 33.0, 33.0, 33.0, 33.0, 33.0, 33.0, 33.0, 33.0, 33.0, 33.0, 33.0, 33.0, 33.0, 33.0, 33.0, 33.0, 33.0, 33.0, 33.0, 33.0, 33.0, 33.0, 33.0, 33.0, 33.0]",COMPLETE
