,number,value,datetime_start,datetime_complete,duration,params_batch_size_scaler,params_constant_learning_rate,params_depth,params_epochs,params_kernel_l2,params_num_trees,params_temperature,user_attrs_accuracy_test,user_attrs_accuracy_valid,user_attrs_approximate_feature_sparsity,user_attrs_approximate_feature_sparsity_history,user_attrs_approximate_weight_sparsity,user_attrs_approximate_weight_sparsity_history,user_attrs_auc_test,user_attrs_auc_valid,user_attrs_feature_sparsity,user_attrs_feature_sparsity_history,user_attrs_num_epochs,user_attrs_val_loss_history,user_attrs_weight_sparsity,user_attrs_weight_sparsity_history,state
82,82,0.9250170679238964,2024-08-31 04:42:24.402017,2024-08-31 04:50:13.396374,0 days 00:07:48.994357,4,0.4385700635978407,6,420,0.015263783568287575,29,0.00012190143950631783,0.928,0.93125,32,"[33, 33, 33, 33, 33, 33, 33, 33, 33, 33, 33, 33, 33, 33, 33, 33, 33, 33, 33, 33, 33, 33, 33, 33, 33, 33, 33, 33, 33, 33, 33, 33, 33, 33, 33, 33, 33, 33, 33, 33, 33, 33, 33, 33, 33, 33, 33, 33, 33, 33, 33, 33, 33, 33, 33, 33, 33, 33, 33, 33, 33, 33, 33, 33, 33, 33, 33, 33, 33, 33, 33, 33, 33, 33, 33, 33, 33, 33, 33, 33, 33, 33, 33, 33, 33, 33, 33, 33, 33, 33, 33, 33, 33, 33, 33, 33, 33, 33, 33, 33, 33, 33, 33, 33, 33, 33, 33, 33, 33, 33, 33, 33, 33, 33, 33, 33, 33, 33, 33, 33, 33, 33, 33, 33, 33, 33, 33, 33, 33, 33, 33, 33, 33, 33, 33, 33, 33, 33, 33, 33, 33, 33, 33, 33, 33, 33, 33, 33, 33, 33, 33, 33, 33, 33, 33, 33, 33, 33, 33, 33, 33, 33, 33, 33, 33, 33, 33, 33, 33, 33, 33, 33, 33, 32, 32, 32, 32, 32, 32, 32, 32, 32, 32, 32, 32, 32, 32, 32, 32, 32, 32, 32, 32, 32, 32, 32, 32, 32, 32, 32, 32, 32, 32, 32, 32, 32, 32, 32, 32, 32, 32, 32, 32, 32, 32, 32, 32, 32, 32, 32, 32, 32, 32, 32, 32, 32, 32, 32, 32, 32, 32, 32, 32, 32, 32, 32, 32, 32, 32, 32, 32, 32, 32, 32, 32, 32, 32, 32, 32, 32, 32, 32, 32, 32, 32, 32, 32, 32, 32, 32, 32, 32, 32, 32, 32, 32, 32, 32, 32, 32, 32, 32, 32, 32, 32, 32, 32, 32, 32, 32, 32, 32, 32, 32, 32, 32, 32, 32, 32, 32, 32, 32, 32, 32, 32, 32, 32, 32, 32, 32, 32, 32, 32, 32, 32, 32, 32, 32, 32, 32, 32, 32, 32, 32, 32, 32, 32, 32, 32, 32, 32, 32, 32, 32, 32, 32, 32, 32, 32, 32, 32, 32, 32, 32, 32, 32, 32, 32, 32, 32, 32, 32, 32, 32, 32, 32, 32, 32, 32, 32, 32, 32, 32, 32, 32, 32, 32, 32, 32, 32, 32, 32, 32, 32, 32, 32, 32, 32, 32, 32, 32, 32, 32, 32, 32, 32, 32, 32, 32, 32, 32, 32, 32, 32, 32, 32, 32, 32, 32, 32, 32, 32, 32, 32, 32, 32, 32, 32, 32, 32, 32, 32, 32, 32, 32, 32, 32, 32, 32, 32, 32, 32, 32, 32, 32, 32, 32, 32, 32, 32]",31.95183360700602,"[32.935960591133004, 32.935960591133004, 32.953475643130815, 32.93869731800766, 32.93377120963328, 32.93869731800766, 32.94307608100711, 32.93541324575807, 32.93486590038314, 32.93979200875752, 32.92993979200875, 32.934865900383144, 32.937602627257796, 32.939244663382595, 32.93869731800766, 32.947454844006565, 32.94581280788177, 32.94526546250684, 32.95019157088123, 32.93979200875752, 32.94581280788177, 32.94964422550629, 32.94143404488232, 32.94198139025725, 32.94143404488232, 32.93869731800766, 32.952380952380956, 32.94526546250684, 32.94307608100712, 32.944718117131906, 32.94143404488232, 32.95073891625616, 32.95128626163109, 32.949096880131364, 32.94252873563219, 32.94362342638205, 32.94362342638205, 32.94854953475643, 32.94417077175697, 32.94581280788177, 32.94581280788177, 32.94526546250684, 32.94307608100711, 32.94581280788177, 32.94690749863164, 32.9480021893815, 32.9496442255063, 32.953475643130815, 32.95292829775588, 32.95019157088123, 32.95238095238095, 32.95238095238095, 32.94854953475643, 32.95019157088122, 32.93869731800766, 32.94143404488232, 32.944718117131906, 32.94690749863164, 32.95402298850574, 32.95128626163109, 32.94471811713191, 32.94417077175698, 32.94745484400657, 32.94581280788177, 32.95292829775588, 32.95402298850575, 32.95073891625616, 32.952380952380956, 32.94362342638205, 32.94362342638205, 32.94417077175698, 32.94526546250684, 32.94526546250684, 32.94690749863164, 32.94252873563218, 32.941981390257254, 32.94745484400657, 32.949096880131364, 32.94471811713191, 32.95457033388068, 32.95073891625616, 32.9480021893815, 32.94690749863164, 32.94690749863163, 32.95019157088122, 32.94581280788178, 32.95402298850575, 32.947454844006565, 32.95238095238095, 32.94252873563219, 32.9496442255063, 32.95238095238095, 32.94581280788177, 32.9480021893815, 32.94471811713191, 32.9480021893815, 32.944718117131906, 32.94581280788177, 32.94526546250684, 32.94417077175698, 32.945265462506846, 32.95073891625616, 32.95238095238095, 32.949096880131364, 32.94471811713191, 32.945265462506846, 32.93979200875753, 32.94088669950739, 32.94362342638205, 32.94690749863163, 32.94362342638205, 32.94252873563218, 32.9496442255063, 32.94964422550629, 32.94690749863163, 32.94745484400657, 32.95457033388068, 32.9496442255063, 32.95183360700602, 32.95019157088122, 32.94909688013136, 32.94690749863163, 32.94690749863164, 32.9480021893815, 32.95019157088122, 32.94964422550629, 32.94471811713191, 32.9480021893815, 32.953475643130815, 32.95238095238095, 32.94745484400657, 32.945265462506846, 32.946360153256705, 32.93869731800766, 32.93979200875752, 32.93705528188286, 32.93650793650794, 32.94581280788177, 32.94581280788177, 32.94526546250684, 32.95019157088122, 32.94526546250684, 32.9480021893815, 32.95073891625616, 32.95128626163109, 32.95292829775588, 32.95128626163109, 32.94690749863163, 32.94909688013136, 32.93814997263273, 32.9376026272578, 32.94964422550629, 32.953475643130815, 32.95511767925561, 32.95402298850575, 32.95292829775589, 32.956212370005474, 32.9584017515052, 32.95183360700602, 32.95128626163109, 32.95019157088122, 32.955117679255615, 32.95457033388068, 32.95457033388068, 32.952380952380956, 32.94690749863164, 32.94690749863164, 32.953475643130815, 32.960591133004925, 32.95566502463055, 32.95511767925561, 32.95238095238095, 32.949096880131364, 31.95238095238095, 31.95128626163109, 31.945265462506843, 31.948002189381498, 31.939244663382595, 31.944718117131913, 31.946360153256702, 31.952380952380953, 31.949644225506294, 31.945265462506843, 31.946360153256705, 31.943623426382047, 31.94417077175698, 31.944718117131913, 31.942528735632184, 31.950191570881227, 31.950738916256157, 31.952380952380956, 31.950191570881227, 31.954022988505745, 31.950191570881227, 31.949096880131364, 31.951833607006023, 31.953475643130815, 31.952380952380953, 31.95183360700602, 31.957307060755333, 31.955665024630537, 31.953475643130815, 31.95511767925561, 31.956212370005474, 31.95621237000547, 31.953475643130815, 31.95128626163109, 31.961138478379855, 31.953475643130815, 31.954570333880678, 31.949644225506294, 31.95402298850575, 31.95621237000547, 31.960043787629992, 31.960043787629996, 31.957854406130267, 31.958401751505196, 31.958949096880133, 31.960043787629996, 31.960591133004925, 31.959496442255062, 31.96223316912972, 31.957854406130267, 31.952928297755886, 31.95183360700602, 31.953475643130815, 31.95511767925561, 31.950191570881227, 31.953475643130815, 31.94854953475643, 31.94690749863164, 31.94471811713191, 31.945812807881776, 31.9480021893815, 31.95073891625616, 31.94526546250684, 31.94690749863164, 31.945265462506843, 31.945812807881772, 31.953475643130815, 31.947454844006568, 31.949644225506294, 31.95183360700602, 31.951286261631086, 31.94690749863164, 31.951833607006023, 31.945265462506843, 31.953475643130815, 31.952928297755886, 31.954570333880678, 31.949644225506294, 31.952928297755882, 31.94964422550629, 31.946360153256702, 31.943076081007117, 31.948002189381498, 31.944170771756976, 31.943076081007117, 31.945265462506846, 31.943076081007117, 31.949644225506294, 31.950738916256157, 31.946907498631635, 31.946360153256705, 31.94033935413246, 31.94252873563218, 31.942528735632184, 31.94526546250684, 31.942528735632184, 31.949096880131364, 31.94964422550629, 31.954022988505745, 31.951286261631086, 31.952928297755882, 31.954570333880675, 31.956759715380404, 31.95785440613027, 31.953475643130812, 31.950191570881227, 31.952928297755886, 31.950191570881223, 31.95073891625616, 31.951833607006016, 31.953475643130815, 31.95128626163109, 31.946907498631635, 31.95566502463054, 31.95566502463054, 31.95183360700602, 31.950738916256157, 31.950738916256157, 31.94854953475643, 31.9480021893815, 31.952380952380953, 31.951833607006023, 31.951833607006023, 31.95183360700602, 31.954022988505745, 31.95566502463054, 31.95566502463054, 31.954570333880678, 31.954022988505745, 31.954022988505745, 31.95183360700602, 31.95402298850574, 31.953475643130815, 31.957854406130267, 31.956212370005474, 31.962780514504654, 31.96223316912972, 31.959496442255062, 31.957307060755337, 31.960591133004925, 31.959496442255062, 31.964422550629447, 31.959496442255062, 31.958401751505196, 31.95621237000547, 31.95402298850575, 31.954022988505745, 31.95402298850575, 31.954022988505745, 31.95785440613027, 31.95785440613027, 31.95894909688013, 31.95894909688013, 31.960591133004925, 31.953475643130815, 31.95402298850575, 31.957307060755337, 31.957307060755337, 31.957307060755337, 31.956212370005474, 31.950191570881223, 31.95183360700602, 31.94581280788177, 31.94033935413246, 31.942528735632184, 31.94088669950739, 31.943623426382047, 31.949096880131364, 31.95183360700602, 31.950191570881227, 31.947454844006568, 31.943623426382047, 31.94909688013136, 31.94964422550629, 31.949644225506294, 31.949644225506294, 31.94854953475643, 31.94964422550629, 31.952928297755882, 31.951833607006023, 31.952380952380953, 31.950191570881227, 31.94745484400657, 31.94909688013136, 31.946907498631635, 31.950191570881223, 31.94854953475643, 31.950191570881223, 31.945812807881772, 31.946907498631635, 31.94909688013136, 31.95128626163109, 31.952928297755882, 31.950191570881223, 31.953475643130815, 31.94964422550629, 31.947454844006565, 31.94854953475643, 31.949644225506294, 31.947454844006568, 31.94417077175698, 31.94362342638205, 31.945812807881772, 31.94198139025725, 31.944718117131913, 31.945812807881772, 31.943076081007113, 31.94198139025725, 31.94252873563218, 31.94198139025725, 31.94417077175698, 31.944170771756976, 31.950191570881227, 31.95073891625616, 31.94909688013136, 31.949644225506294, 31.943076081007113, 31.939792008757525, 31.94362342638205, 31.94143404488232, 31.94143404488232, 31.942528735632184, 31.935960591133007, 31.938149972632733, 31.941981390257254, 31.944170771756976, 31.945265462506843, 31.943623426382047, 31.9480021893815, 31.945812807881776, 31.949644225506294, 31.9480021893815, 31.947454844006565, 31.950191570881227, 31.952380952380953, 31.950738916256157, 31.950738916256157, 31.945812807881776, 31.94417077175698, 31.94909688013136, 31.950191570881223, 31.94854953475643, 31.949096880131364, 31.948549534756435, 31.949096880131364, 31.950191570881227, 31.95183360700602]",0.9086518217620686,0.9250170679238964,32,"[33, 33, 33, 33, 33, 33, 33, 33, 33, 33, 33, 33, 33, 33, 33, 33, 33, 33, 33, 33, 33, 33, 33, 33, 33, 33, 33, 33, 33, 33, 33, 33, 33, 33, 33, 33, 33, 33, 33, 33, 33, 33, 33, 33, 33, 33, 33, 33, 33, 33, 33, 33, 33, 33, 33, 33, 33, 33, 33, 33, 33, 33, 33, 33, 33, 33, 33, 33, 33, 33, 33, 33, 33, 33, 33, 33, 33, 33, 33, 33, 33, 33, 33, 33, 33, 33, 33, 33, 33, 33, 33, 33, 33, 33, 33, 33, 33, 33, 33, 33, 33, 33, 33, 33, 33, 33, 33, 33, 33, 33, 33, 33, 33, 33, 33, 33, 33, 33, 33, 33, 33, 33, 33, 33, 33, 33, 33, 33, 33, 33, 33, 33, 33, 33, 33, 33, 33, 33, 33, 33, 33, 33, 33, 33, 33, 33, 33, 33, 33, 33, 33, 33, 33, 33, 33, 33, 33, 33, 33, 33, 33, 33, 33, 33, 33, 33, 33, 33, 33, 33, 33, 33, 33, 32, 32, 32, 32, 32, 32, 32, 32, 32, 32, 32, 32, 32, 32, 32, 32, 32, 32, 32, 32, 32, 32, 32, 32, 32, 32, 32, 32, 32, 32, 32, 32, 32, 32, 32, 32, 32, 32, 32, 32, 32, 32, 32, 32, 32, 32, 32, 32, 32, 32, 32, 32, 32, 32, 32, 32, 32, 32, 32, 32, 32, 32, 32, 32, 32, 32, 32, 32, 32, 32, 32, 32, 32, 32, 32, 32, 32, 32, 32, 32, 32, 32, 32, 32, 32, 32, 32, 32, 32, 32, 32, 32, 32, 32, 32, 32, 32, 32, 32, 32, 32, 32, 32, 32, 32, 32, 32, 32, 32, 32, 32, 32, 32, 32, 32, 32, 32, 32, 32, 32, 32, 32, 32, 32, 32, 32, 32, 32, 32, 32, 32, 32, 32, 32, 32, 32, 32, 32, 32, 32, 32, 32, 32, 32, 32, 32, 32, 32, 32, 32, 32, 32, 32, 32, 32, 32, 32, 32, 32, 32, 32, 32, 32, 32, 32, 32, 32, 32, 32, 32, 32, 32, 32, 32, 32, 32, 32, 32, 32, 32, 32, 32, 32, 32, 32, 32, 32, 32, 32, 32, 32, 32, 32, 32, 32, 32, 32, 32, 32, 32, 32, 32, 32, 32, 32, 32, 32, 32, 32, 32, 32, 32, 32, 32, 32, 32, 32, 32, 32, 32, 32, 32, 32, 32, 32, 32, 32, 32, 32, 32, 32, 32, 32, 32, 32, 32, 32, 32, 32, 32, 32, 32, 32, 32, 32, 32, 32]",420,"[0.38410499691963196, 0.37396761775016785, 0.367997944355011, 0.36276745796203613, 0.35885098576545715, 0.3546990156173706, 0.35070472955703735, 0.34794193506240845, 0.34245923161506653, 0.337630957365036, 0.33338481187820435, 0.32843661308288574, 0.3236420452594757, 0.3188433349132538, 0.31293028593063354, 0.3067851960659027, 0.30094510316848755, 0.29555684328079224, 0.29015225172042847, 0.28513842821121216, 0.28042349219322205, 0.2761024832725525, 0.27211838960647583, 0.2675199806690216, 0.26402562856674194, 0.2610343098640442, 0.2574700713157654, 0.2546519935131073, 0.25162559747695923, 0.24832391738891602, 0.24546174705028534, 0.24325507879257202, 0.2403317242860794, 0.23852919042110443, 0.23528775572776794, 0.23323795199394226, 0.23149673640727997, 0.2299768328666687, 0.2280154973268509, 0.22575902938842773, 0.22381584346294403, 0.2212098091840744, 0.21976891160011292, 0.21814334392547607, 0.21659213304519653, 0.21690121293067932, 0.21285943686962128, 0.21365715563297272, 0.21077962219715118, 0.20912238955497742, 0.2088012546300888, 0.20616856217384338, 0.20448091626167297, 0.20373275876045227, 0.20694990456104279, 0.2033289521932602, 0.20112426578998566, 0.20056065917015076, 0.19987544417381287, 0.19837848842144012, 0.19710679352283478, 0.19904737174510956, 0.1951250582933426, 0.19481965899467468, 0.19597768783569336, 0.19273333251476288, 0.19394944608211517, 0.19301828742027283, 0.19099223613739014, 0.19117163121700287, 0.18885838985443115, 0.18915201723575592, 0.18840740621089935, 0.18741294741630554, 0.18503347039222717, 0.1847592294216156, 0.18626371026039124, 0.18482773005962372, 0.18470606207847595, 0.18283429741859436, 0.18258926272392273, 0.18065811693668365, 0.17960233986377716, 0.17925262451171875, 0.1787440925836563, 0.18033738434314728, 0.1782500147819519, 0.18093463778495789, 0.1772163063287735, 0.1746262013912201, 0.1761818826198578, 0.17385616898536682, 0.17465287446975708, 0.17552244663238525, 0.17518770694732666, 0.17358645796775818, 0.17196805775165558, 0.17152027785778046, 0.17270950973033905, 0.17005765438079834, 0.16967390477657318, 0.17388799786567688, 0.17082466185092926, 0.16983093321323395, 0.17050640285015106, 0.1697365939617157, 0.16648347675800323, 0.16827881336212158, 0.1717410683631897, 0.16804468631744385, 0.1699235886335373, 0.1665799766778946, 0.16665226221084595, 0.1663752794265747, 0.167005717754364, 0.1684383898973465, 0.16593599319458008, 0.1673533022403717, 0.16824041306972504, 0.16699466109275818, 0.1674024760723114, 0.16534921526908875, 0.16533826291561127, 0.16405326128005981, 0.16304907202720642, 0.16690514981746674, 0.16482877731323242, 0.16524864733219147, 0.16557830572128296, 0.1665915548801422, 0.16242708265781403, 0.16355451941490173, 0.16352760791778564, 0.16452695429325104, 0.1638832688331604, 0.16536881029605865, 0.16463720798492432, 0.16755275428295135, 0.16610950231552124, 0.1650625765323639, 0.16249173879623413, 0.16253554821014404, 0.1622222512960434, 0.16365058720111847, 0.1641320288181305, 0.16243143379688263, 0.16563962399959564, 0.16491486132144928, 0.1632193773984909, 0.1679295152425766, 0.16665631532669067, 0.16482850909233093, 0.16361679136753082, 0.1643175184726715, 0.1625020056962967, 0.16321687400341034, 0.163496196269989, 0.1626545488834381, 0.16436803340911865, 0.16526024043560028, 0.16831301152706146, 0.1651594042778015, 0.16621412336826324, 0.16594238579273224, 0.1647368222475052, 0.1650896817445755, 0.16284194588661194, 0.1645265817642212, 0.16482943296432495, 0.1654888540506363, 0.17049117386341095, 0.16580256819725037, 0.16385652124881744, 0.1677483320236206, 0.1654723584651947, 0.16689033806324005, 0.16540652513504028, 0.16691625118255615, 0.16627204418182373, 0.16810043156147003, 0.1668480485677719, 0.1669389307498932, 0.16894109547138214, 0.16824014484882355, 0.16580745577812195, 0.16784784197807312, 0.16989807784557343, 0.16635186970233917, 0.16739720106124878, 0.1672671139240265, 0.16932860016822815, 0.16631774604320526, 0.16911756992340088, 0.1692185252904892, 0.16933998465538025, 0.16968195140361786, 0.16962338984012604, 0.174083411693573, 0.16914625465869904, 0.17286336421966553, 0.17203910648822784, 0.17118105292320251, 0.1716754138469696, 0.17337524890899658, 0.17269480228424072, 0.1729230433702469, 0.17246921360492706, 0.17644686996936798, 0.17683248221874237, 0.17447233200073242, 0.1741064488887787, 0.1750975251197815, 0.17966870963573456, 0.17472681403160095, 0.17376106977462769, 0.17674873769283295, 0.1748085618019104, 0.17432017624378204, 0.17526401579380035, 0.1771625578403473, 0.1764284372329712, 0.17948274314403534, 0.17742682993412018, 0.1783532202243805, 0.1802496314048767, 0.18049444258213043, 0.18011565506458282, 0.1820957213640213, 0.1787737011909485, 0.18459247052669525, 0.18382200598716736, 0.18275773525238037, 0.18078912794589996, 0.18136897683143616, 0.181979700922966, 0.18203669786453247, 0.18133781850337982, 0.18514284491539001, 0.18489280343055725, 0.18867948651313782, 0.18817220628261566, 0.18824300169944763, 0.18821431696414948, 0.18796037137508392, 0.19039058685302734, 0.19083212316036224, 0.18759888410568237, 0.18840332329273224, 0.1902666687965393, 0.1899678260087967, 0.19009016454219818, 0.19332435727119446, 0.19143354892730713, 0.19193997979164124, 0.1945503205060959, 0.19288548827171326, 0.19490547478199005, 0.1937350630760193, 0.1928885281085968, 0.19389037787914276, 0.1969473510980606, 0.19571803510189056, 0.19574685394763947, 0.19774875044822693, 0.19786113500595093, 0.19922533631324768, 0.19736139476299286, 0.19876603782176971, 0.1956796795129776, 0.20016895234584808, 0.20132160186767578, 0.19961139559745789, 0.19975104928016663, 0.2003309279680252, 0.20076896250247955, 0.2049092799425125, 0.20270322263240814, 0.2051926553249359, 0.20405596494674683, 0.20570960640907288, 0.2052503079175949, 0.20702266693115234, 0.20621566474437714, 0.20754452049732208, 0.21064363420009613, 0.20903070271015167, 0.2068077027797699, 0.20958416163921356, 0.20826175808906555, 0.21117371320724487, 0.21090391278266907, 0.20910733938217163, 0.21082313358783722, 0.21102739870548248, 0.21071209013462067, 0.21324554085731506, 0.2126862108707428, 0.2148740440607071, 0.2170213758945465, 0.21485064923763275, 0.21541620790958405, 0.2177150696516037, 0.2172602117061615, 0.21519845724105835, 0.21841593086719513, 0.2198719084262848, 0.21966305375099182, 0.21994905173778534, 0.2219325304031372, 0.22184540331363678, 0.22195810079574585, 0.22466684877872467, 0.2243700921535492, 0.22521483898162842, 0.2267949879169464, 0.22513185441493988, 0.2252131998538971, 0.2280360460281372, 0.22819963097572327, 0.22673650085926056, 0.22805145382881165, 0.22628536820411682, 0.2305556833744049, 0.23087316751480103, 0.2316177487373352, 0.2316916584968567, 0.2304236739873886, 0.23225736618041992, 0.2319357693195343, 0.23346374928951263, 0.23241977393627167, 0.2339390516281128, 0.23629413545131683, 0.23358139395713806, 0.23891960084438324, 0.23740413784980774, 0.23581042885780334, 0.23840701580047607, 0.23761442303657532, 0.23902595043182373, 0.23917025327682495, 0.23924346268177032, 0.24118857085704803, 0.24082912504673004, 0.24132321774959564, 0.24087212979793549, 0.24354811012744904, 0.24592483043670654, 0.2452557384967804, 0.24599967896938324, 0.2467401921749115, 0.24577583372592926, 0.24726776778697968, 0.2477724254131317, 0.24729199707508087, 0.24892602860927582, 0.2496705949306488, 0.25213539600372314, 0.25121986865997314, 0.2515425980091095, 0.25350168347358704, 0.2510952055454254, 0.25270771980285645, 0.2538127601146698, 0.254848837852478, 0.2532092332839966, 0.2551340162754059, 0.2569204270839691, 0.2553631067276001, 0.2566000819206238, 0.25714558362960815, 0.25808876752853394, 0.25950565934181213, 0.2584918141365051, 0.2583025395870209, 0.26074641942977905, 0.26259034872055054, 0.2616155743598938, 0.26287564635276794, 0.26197120547294617, 0.2643371522426605, 0.26358258724212646, 0.2647584080696106, 0.2662680149078369, 0.2656724452972412, 0.26585283875465393, 0.2665252089500427, 0.26720091700553894, 0.2682178020477295, 0.26849430799484253, 0.2688558101654053, 0.2706347405910492, 0.2693709135055542, 0.2715132236480713, 0.27089816331863403, 0.27041947841644287, 0.2709348201751709, 0.27267539501190186, 0.27363234758377075, 0.2742920517921448, 0.2757493257522583, 0.2757609486579895, 0.27509406208992004, 0.2761412262916565, 0.2752643823623657, 0.2763582468032837, 0.2783104181289673, 0.2771351933479309, 0.2785501778125763, 0.2791561782360077, 0.2798366844654083, 0.2803723216056824, 0.2806929051876068, 0.2811555564403534, 0.2792637050151825, 0.2805204689502716, 0.2820366322994232, 0.28171494603157043, 0.28287965059280396, 0.28313618898391724]",32.0,"[33.0, 33.0, 33.0, 33.0, 33.0, 33.0, 33.0, 33.0, 33.0, 33.0, 33.0, 33.0, 33.0, 33.0, 33.0, 33.0, 33.0, 33.0, 33.0, 33.0, 33.0, 33.0, 33.0, 33.0, 33.0, 33.0, 33.0, 33.0, 33.0, 33.0, 33.0, 33.0, 33.0, 33.0, 33.0, 33.0, 33.0, 33.0, 33.0, 33.0, 33.0, 33.0, 33.0, 33.0, 33.0, 33.0, 33.0, 33.0, 33.0, 33.0, 33.0, 33.0, 33.0, 33.0, 33.0, 33.0, 33.0, 33.0, 33.0, 33.0, 33.0, 33.0, 33.0, 33.0, 33.0, 33.0, 33.0, 33.0, 33.0, 33.0, 33.0, 33.0, 33.0, 33.0, 33.0, 33.0, 33.0, 33.0, 33.0, 33.0, 33.0, 33.0, 33.0, 33.0, 33.0, 33.0, 33.0, 33.0, 33.0, 33.0, 33.0, 33.0, 33.0, 33.0, 33.0, 33.0, 33.0, 33.0, 33.0, 33.0, 33.0, 33.0, 33.0, 33.0, 33.0, 33.0, 33.0, 33.0, 33.0, 33.0, 33.0, 33.0, 33.0, 33.0, 33.0, 33.0, 33.0, 33.0, 33.0, 33.0, 33.0, 33.0, 33.0, 33.0, 33.0, 33.0, 33.0, 33.0, 33.0, 33.0, 33.0, 33.0, 33.0, 33.0, 33.0, 33.0, 33.0, 33.0, 33.0, 33.0, 33.0, 33.0, 33.0, 33.0, 33.0, 33.0, 33.0, 33.0, 33.0, 33