,number,value,datetime_start,datetime_complete,duration,params_batch_size_scaler,params_constant_learning_rate,params_depth,params_epochs,params_kernel_l2,params_num_trees,params_temperature,user_attrs_accuracy_test,user_attrs_accuracy_valid,user_attrs_approximate_feature_sparsity,user_attrs_approximate_feature_sparsity_history,user_attrs_approximate_weight_sparsity,user_attrs_approximate_weight_sparsity_history,user_attrs_auc_test,user_attrs_auc_valid,user_attrs_feature_sparsity,user_attrs_feature_sparsity_history,user_attrs_num_epochs,user_attrs_val_loss_history,user_attrs_weight_sparsity,user_attrs_weight_sparsity_history,state
55,55,0.7091754582576547,2024-08-31 02:56:45.840105,2024-08-31 02:58:36.716817,0 days 00:01:50.876712,64,0.03846668132661202,5,450,0.8758585167093335,78,0.0029603195328142115,0.867,0.865,33,"[33, 33, 33, 33, 33, 33, 33, 33, 33, 33, 33, 33, 33, 33, 33, 33, 33, 33, 33, 33, 33, 33, 33, 33, 33, 33, 33, 33, 33, 33, 33, 33, 33, 33, 33, 33, 33, 33, 33, 33, 33, 33, 33, 33, 33, 33, 33, 33, 33, 33, 33, 33, 33, 33, 33, 33, 33, 33, 33, 33, 33, 33, 33, 33, 33, 33, 33, 33, 33, 33, 33, 33, 33, 33, 33, 33, 33, 33, 33, 33, 33, 33, 33, 33, 33, 33, 33, 33, 33, 33, 33, 33, 33, 33, 33, 33, 33, 33, 33, 33, 33, 33, 33, 33, 33, 33, 33, 33, 33, 33, 33, 33, 33, 33, 33, 33, 33, 33, 33, 33, 33, 33, 33, 33, 33, 33, 33, 33, 33, 33, 33, 33, 33, 33, 33, 33, 33, 33, 33, 33, 33, 33, 33, 33, 33, 33, 33, 33, 33, 33, 33, 33, 33, 33, 33, 33, 33, 33, 33, 33, 33, 33, 33, 33, 33, 33, 33, 33, 33, 33, 33, 33, 33, 33, 33, 33, 33, 33, 33, 33, 33, 33, 33, 33, 33, 33, 33, 33, 33, 33, 33, 33, 33, 33, 33, 33, 33, 33, 33, 33, 33, 33, 33, 33, 33, 33, 33, 33, 33, 33, 33, 33, 33, 33, 33, 33, 33, 33, 33, 33, 33, 33, 33, 33, 33, 33, 33, 33, 33, 33, 33, 33, 33, 33, 33, 33, 33, 33, 33, 33, 33, 33, 33, 33, 33, 33, 33, 33, 33, 33, 33, 33, 33, 33, 33, 33, 33, 33, 33, 33, 33, 33, 33, 33, 33, 33, 33, 33, 33, 33, 33, 33, 33, 33, 33, 33, 33, 33, 33, 33, 33, 33, 33, 33, 33, 33, 33, 33, 33, 33, 33, 33, 33, 33, 33, 33, 33, 33, 33, 33, 33, 33, 33, 33, 33, 33, 33, 33, 33, 33, 33, 33, 33, 33, 33, 33, 33, 33, 33, 33, 33, 33, 33, 33, 33, 33, 33, 33, 33, 33, 33, 33, 33, 33, 33, 33, 33, 33, 33, 33, 33, 33, 33, 33, 33, 33, 33, 33, 33, 33, 33, 33, 33, 33, 33, 33, 33, 33, 33, 33, 33, 33, 33, 33, 33, 33, 33, 33, 33, 33, 33, 33, 33, 33, 33, 33, 33, 33, 33, 33, 33, 33, 33, 33, 33, 33, 33, 33, 33, 33, 33, 33, 33, 33, 33, 33, 33, 33, 33, 33, 33, 33, 33, 33, 33, 33, 33, 33, 33, 33, 33, 33, 33, 33, 33, 33, 33, 33, 33, 33, 33, 33, 33, 33, 33, 33, 33, 33, 33, 33, 33, 33, 33, 33, 33, 33, 33, 33, 33, 33, 33, 33, 33, 33, 33, 33, 33, 33, 33, 33]",32.916873449131515,"[32.93341604631927, 32.93093465674111, 32.925558312655085, 32.93010752688172, 32.9317617866005, 32.93010752688172, 32.93300248138958, 32.92928039702233, 32.9313482216708, 32.930521091811414, 32.93093465674111, 32.934656741108356, 32.934656741108356, 32.932588916459885, 32.9317617866005, 32.93796526054591, 32.93920595533499, 32.93589743589744, 32.93589743589744, 32.93507030603805, 32.93424317617866, 32.930521091811414, 32.93093465674111, 32.93341604631927, 32.93217535153019, 32.927626137303555, 32.92679900744417, 32.92638544251447, 32.92721257237386, 32.92845326716294, 32.92638544251447, 32.92514474772539, 32.92638544251447, 32.92679900744417, 32.925558312655085, 32.92886683209264, 32.92845326716294, 32.92886683209264, 32.92928039702233, 32.92762613730356, 32.92597187758478, 32.92721257237386, 32.92803970223325, 32.927626137303555, 32.92679900744417, 32.925558312655085, 32.92514474772539, 32.92845326716294, 32.93093465674111, 32.92886683209264, 32.92721257237386, 32.92886683209264, 32.929693961952026, 32.932588916459885, 32.93341604631927, 32.93341604631927, 32.9313482216708, 32.930521091811414, 32.93010752688172, 32.932588916459885, 32.93507030603805, 32.9317617866005, 32.925558312655085, 32.92307692307692, 32.92224979321753, 32.922663358147226, 32.92597187758478, 32.92886683209264, 32.93093465674111, 32.93093465674111, 32.932588916459885, 32.9313482216708, 32.93093465674111, 32.9313482216708, 32.930521091811414, 32.92886683209264, 32.9313482216708, 32.92886683209264, 32.92928039702233, 32.92845326716294, 32.92803970223325, 32.92886683209264, 32.92721257237386, 32.92845326716294, 32.9313482216708, 32.92886683209264, 32.929693961952026, 32.93093465674111, 32.9313482216708, 32.930521091811414, 32.92928039702233, 32.9313482216708, 32.929693961952026, 32.93093465674111, 32.92928039702233, 32.93010752688172, 32.929693961952026, 32.927626137303555, 32.92928039702233, 32.925558312655085, 32.922663358147226, 32.923490488006614, 32.923490488006614, 32.924731182795696, 32.921836228287845, 32.91935483870968, 32.91521918941274, 32.913978494623656, 32.91315136476427, 32.91563275434243, 32.91604631927213, 32.91852770885029, 32.916873449131515, 32.9177005789909, 32.91852770885029, 32.92266335814723, 32.92142266335815, 32.924317617866, 32.923490488006614, 32.924731182795696, 32.924731182795696, 32.924317617866, 32.92307692307692, 32.921836228287845, 32.92307692307692, 32.924731182795696, 32.92679900744417, 32.92886683209264, 32.92928039702233, 32.92679900744417, 32.92514474772539, 32.92390405293631, 32.924731182795696, 32.923904052936315, 32.92803970223325, 32.92638544251447, 32.92638544251447, 32.92679900744417, 32.92597187758478, 32.924731182795696, 32.92679900744417, 32.92597187758478, 32.92597187758478, 32.92679900744417, 32.92721257237386, 32.92638544251447, 32.925558312655085, 32.92638544251447, 32.92679900744417, 32.9251447477254, 32.92390405293631, 32.92679900744417, 32.92886683209264, 32.92679900744417, 32.92514474772539, 32.92679900744417, 32.92638544251447, 32.924731182795696, 32.92721257237386, 32.92803970223325, 32.92928039702233, 32.92803970223325, 32.92597187758478, 32.92638544251447, 32.925558312655085, 32.92721257237386, 32.92845326716294, 32.92721257237386, 32.927626137303555, 32.92845326716294, 32.925971877584786, 32.92721257237386, 32.924317617866, 32.92390405293631, 32.92679900744417, 32.925558312655085, 32.92597187758478, 32.9251447477254, 32.92597187758478, 32.92638544251447, 32.927626137303555, 32.92721257237386, 32.929693961952026, 32.92555831265509, 32.92845326716294, 32.92638544251448, 32.92638544251447, 32.92845326716294, 32.929693961952026, 32.93093465674111, 32.93382961124897, 32.93300248138958, 32.93341604631927, 32.93424317617866, 32.932588916459885, 32.93507030603805, 32.93507030603805, 32.93341604631927, 32.934656741108356, 32.93507030603805, 32.934656741108356, 32.93589743589744, 32.93631100082713, 32.934656741108356, 32.93631100082713, 32.93631100082713, 32.93631100082713, 32.93589743589744, 32.93589743589744, 32.9317617866005, 32.9313482216708, 32.9317617866005, 32.93093465674111, 32.93093465674111, 32.930521091811414, 32.92886683209264, 32.93010752688172, 32.929693961952026, 32.92845326716294, 32.92597187758478, 32.927626137303555, 32.927626137303555, 32.927626137303555, 32.92886683209264, 32.92928039702233, 32.92886683209264, 32.92845326716294, 32.93010752688172, 32.92928039702233, 32.92721257237386, 32.92638544251447, 32.92721257237386, 32.92638544251447, 32.92721257237386, 32.925558312655085, 32.924317617866, 32.92514474772539, 32.92597187758478, 32.92390405293631, 32.924731182795696, 32.92597187758478, 32.92597187758478, 32.924731182795696, 32.92431761786601, 32.9247311827957, 32.92349048800662, 32.92224979321754, 32.92307692307693, 32.92266335814723, 32.92224979321753, 32.92597187758478, 32.92514474772539, 32.92266335814723, 32.92349048800662, 32.925558312655085, 32.92721257237386, 32.92638544251447, 32.925558312655085, 32.92721257237386, 32.92721257237386, 32.927626137303555, 32.924731182795696, 32.925558312655085, 32.924317617866, 32.924731182795696, 32.92224979321753, 32.92349048800662, 32.92142266335815, 32.92224979321754, 32.92514474772539, 32.92349048800662, 32.921836228287845, 32.92266335814723, 32.923904052936315, 32.92183622828784, 32.92307692307693, 32.924731182795696, 32.924731182795696, 32.92307692307692, 32.92142266335815, 32.91935483870968, 32.918941273779986, 32.91935483870968, 32.91935483870968, 32.92059553349876, 32.92183622828784, 32.920595533498755, 32.92018196856907, 32.92059553349876, 32.92142266335814, 32.92100909842845, 32.91852770885029, 32.91935483870967, 32.92142266335814, 32.921009098428456, 32.92307692307692, 32.92224979321753, 32.922663358147226, 32.921836228287845, 32.92266335814723, 32.92307692307692, 32.924317617866, 32.92307692307693, 32.92431761786601, 32.925558312655085, 32.92803970223325, 32.92803970223325, 32.92803970223325, 32.92679900744417, 32.92762613730356, 32.92721257237387, 32.92721257237386, 32.92638544251447, 32.92638544251447, 32.927626137303555, 32.92679900744417, 32.92721257237386, 32.925558312655085, 32.925558312655085, 32.924731182795696, 32.92514474772539, 32.92224979321754, 32.925558312655085, 32.92679900744417, 32.924317617866, 32.922663358147226, 32.92266335814723, 32.921836228287845, 32.921009098428456, 32.920595533498755, 32.92018196856906, 32.92142266335814, 32.92349048800662, 32.92307692307692, 32.92224979321754, 32.921836228287845, 32.92390405293631, 32.92307692307692, 32.92224979321753, 32.922663358147226, 32.924317617866, 32.925558312655085, 32.92390405293631, 32.925558312655085, 32.92638544251447, 32.92721257237386, 32.92679900744417, 32.92597187758478, 32.925558312655085, 32.925558312655085, 32.925558312655085, 32.924317617866, 32.924731182795696, 32.924317617866, 32.92183622828784, 32.922663358147226, 32.92100909842845, 32.92018196856906, 32.91976840363937, 32.91852770885029, 32.9181141439206, 32.92018196856906, 32.92183622828784, 32.920595533498755, 32.92183622828784, 32.92142266335814, 32.92514474772539, 32.92514474772539, 32.92390405293631, 32.92514474772539, 32.925558312655085, 32.925558312655085, 32.92514474772539, 32.923490488006614, 32.92390405293631, 32.9247311827957, 32.925971877584786, 32.92431761786601, 32.922663358147226, 32.924317617866, 32.924317617866, 32.921836228287845, 32.921009098428456, 32.92142266335814, 32.92307692307692, 32.92059553349876, 32.919768403639374, 32.91935483870968, 32.918941273779986, 32.91935483870968, 32.92018196856906, 32.92018196856907, 32.921836228287845, 32.92307692307693, 32.92142266335815, 32.921836228287845, 32.921009098428456, 32.92018196856907, 32.91935483870968, 32.918941273779986, 32.919768403639374, 32.919768403639374, 32.92018196856907, 32.918941273779986, 32.919768403639374, 32.91852770885029, 32.91728701406121, 32.91563275434243, 32.914805624483044, 32.91563275434243, 32.916873449131515, 32.9177005789909, 32.916873449131515, 32.91852770885029, 32.91852770885029, 32.918527708850284, 32.918941273779986, 32.91811414392059, 32.919768403639374, 32.91976840363937, 32.92142266335814, 32.92100909842845, 32.92224979321753, 32.922663358147226, 32.92059553349876, 32.92142266335814, 32.920595533498755, 32.92059553349876, 32.9177005789909, 32.9181141439206, 32.91563275434243, 32.91728701406121, 32.916873449131515, 32.91645988420182, 32.91521918941274, 32.91645988420182, 32.91439205955335, 32.91604631927213, 32.91563275434243, 32.91645988420182, 32.91604631927213, 32.9177005789909, 32.916873449131515, 32.9181141439206, 32.91645988420182, 32.91728701406121, 32.91645988420182, 32.916873449131515, 32.91645988420182, 32.916873449131515]",0.7448212088937325,0.7091754582576547,33,"[33, 33, 33, 33, 33, 33, 33, 33, 33, 33, 33, 33, 33, 33, 33, 33, 33, 33, 33, 33, 33, 33, 33, 33, 33, 33, 33, 33, 33, 33, 33, 33, 33, 33, 33, 33, 33, 33, 33, 33, 33, 33, 33, 33, 33, 33, 33, 33, 33, 33, 33, 33, 33, 33, 33, 33, 33, 33, 33, 33, 33, 33, 33, 33, 33, 33, 33, 33, 33, 33, 33, 33, 33, 33, 33, 33, 33, 33, 33, 33, 33, 33, 33, 33, 33, 33, 33, 33, 33, 33, 33, 33, 33, 33, 33, 33, 33, 33, 33, 33, 33, 33, 33, 33, 33, 33, 33, 33, 33, 33, 33, 33, 33, 33, 33, 33, 33, 33, 33, 33, 33, 33, 33, 33, 33, 33, 33, 33, 33, 33, 33, 33, 33, 33, 33, 33, 33, 33, 33, 33, 33, 33, 33, 33, 33, 33, 33, 33, 33, 33, 33, 33, 33, 33, 33, 33, 33, 33, 33, 33, 33, 33, 33, 33, 33, 33, 33, 33, 33, 33, 33, 33, 33, 33, 33, 33, 33, 33, 33, 33, 33, 33, 33, 33, 33, 33, 33, 33, 33, 33, 33, 33, 33, 33, 33, 33, 33, 33, 33, 33, 33, 33, 33, 33, 33, 33, 33, 33, 33, 33, 33, 33, 33, 33, 33, 33, 33, 33, 33, 33, 33, 33, 33, 33, 33, 33, 33, 33, 33, 33, 33, 33, 33, 33, 33, 33, 33, 33, 33, 33, 33, 33, 33, 33, 33, 33, 33, 33, 33, 33, 33, 33, 33, 33, 33, 33, 33, 33, 33, 33, 33, 33, 33, 33, 33, 33, 33, 33, 33, 33, 33, 33, 33, 33, 33, 33, 33, 33, 33, 33, 33, 33, 33, 33, 33, 33, 33, 33, 33, 33, 33, 33, 33, 33, 33, 33, 33, 33, 33, 33, 33, 33, 33, 33, 33, 33, 33, 33, 33, 33, 33, 33, 33, 33, 33, 33, 33, 33, 33, 33, 33, 33, 33, 33, 33, 33, 33, 33, 33, 33, 33, 33, 33, 33, 33, 33, 33, 33, 33, 33, 33, 33, 33, 33, 33, 33, 33, 33, 33, 33, 33, 33, 33, 33, 33, 33, 33, 33, 33, 33, 33, 33, 33, 33, 33, 33, 33, 33, 33, 33, 33, 33, 33, 33, 33, 33, 33, 33, 33, 33, 33, 33, 33, 33, 33, 33, 33, 33, 33, 33, 33, 33, 33, 33, 33, 33, 33, 33, 33, 33, 33, 33, 33, 33, 33, 33, 33, 33, 33, 33, 33, 33, 33, 33, 33, 33, 33, 33, 33, 33, 33, 33, 33, 33, 33, 33, 33, 33, 33, 33, 33, 33, 33, 33, 33, 33, 33, 33, 33, 33, 33, 33, 33, 33, 33, 33, 33, 33, 33, 33]",450,"[0.6127164959907532, 0.5574304461479187, 0.5207967162132263, 0.4968997836112976, 0.4785759449005127, 0.4649708867073059, 0.4561029076576233, 0.449863076210022, 0.4446772336959839, 0.4411851763725281, 0.4381231665611267, 0.43539291620254517, 0.4333384037017822, 0.4311191439628601, 0.42957383394241333, 0.42860376834869385, 0.4276980459690094, 0.42672237753868103, 0.42600056529045105, 0.4253863990306854, 0.42473456263542175, 0.42418983578681946, 0.4237186014652252, 0.42342332005500793, 0.4230581521987915, 0.4226967990398407, 0.42232242226600647, 0.42196568846702576, 0.4215846657752991, 0.4211971163749695, 0.4208601117134094, 0.42053326964378357, 0.42021510004997253, 0.4199240505695343, 0.41964808106422424, 0.41934308409690857, 0.41911113262176514, 0.41882047057151794, 0.41860291361808777, 0.41832324862480164, 0.4181106686592102, 0.41782185435295105, 0.41755005717277527, 0.4172824025154114, 0.41702553629875183, 0.41677534580230713, 0.4165523648262024, 0.41630831360816956, 0.4160575866699219, 0.4158451557159424, 0.415598064661026, 0.4153459668159485, 0.4151129126548767, 0.41486766934394836, 0.4146474599838257, 0.41440045833587646, 0.41421544551849365, 0.41398993134498596, 0.41376927495002747, 0.4135305881500244, 0.41331303119659424, 0.413117378950119, 0.4129040241241455, 0.412704735994339, 0.41254502534866333, 0.4123823642730713, 0.41222235560417175, 0.41203558444976807, 0.4118632376194, 0.4117077589035034, 0.4115298092365265, 0.41134321689605713, 0.4111429452896118, 0.41100752353668213, 0.41079580783843994, 0.4106261730194092, 0.41041991114616394, 0.4102432131767273, 0.4100852608680725, 0.4099333584308624, 0.40975674986839294, 0.4095688760280609, 0.4094115197658539, 0.40927261114120483, 0.40911442041397095, 0.4089888632297516, 0.4087945520877838, 0.40864303708076477, 0.4084787368774414, 0.4083150029182434, 0.4081672430038452, 0.40802356600761414, 0.40786829590797424, 0.4076705574989319, 0.4075368046760559, 0.40739554166793823, 0.40725207328796387, 0.4071583151817322, 0.40704163908958435, 0.406936913728714, 0.40677860379219055, 0.40663662552833557, 0.4065074026584625, 0.40637660026550293, 0.40626657009124756, 0.4061550199985504, 0.406005322933197, 0.40587711334228516, 0.4057298004627228, 0.4055931568145752, 0.4054762125015259, 0.40530604124069214, 0.40518149733543396, 0.40504753589630127, 0.40492600202560425, 0.4047938287258148, 0.4046739935874939, 0.40453293919563293, 0.40443506836891174, 0.40433505177497864, 0.4042210280895233, 0.4040960967540741, 0.40399008989334106, 0.4038669466972351, 0.40376266837120056, 0.4036582112312317, 0.40357130765914917, 0.4034653604030609, 0.40334662795066833, 0.4032457768917084, 0.4031091332435608, 0.4030250310897827, 0.40292367339134216, 0.4028184413909912, 0.4027426540851593, 0.4026206135749817, 0.40247878432273865, 0.4023992419242859, 0.4022889733314514, 0.402211993932724, 0.4021233320236206, 0.4020349383354187, 0.40195217728614807, 0.4018247723579407, 0.40173131227493286, 0.40161705017089844, 0.4015103280544281, 0.4014049470424652, 0.40135154128074646, 0.40130549669265747, 0.401215136051178, 0.40115973353385925, 0.40106478333473206, 0.40101760625839233, 0.40093472599983215, 0.4008338451385498, 0.40074557065963745, 0.40065258741378784, 0.4005720019340515, 0.40044984221458435, 0.4004476070404053, 0.40032222867012024, 0.40020620822906494, 0.4001059830188751, 0.40000760555267334, 0.3999294936656952, 0.39981669187545776, 0.39974838495254517, 0.39965033531188965, 0.399565726518631, 0.39944034814834595, 0.39934924244880676, 0.399260014295578, 0.3991945683956146, 0.39911597967147827, 0.3990352153778076, 0.39892473816871643, 0.39885789155960083, 0.39877206087112427, 0.3987221121788025, 0.39860761165618896, 0.3985191583633423, 0.398412823677063, 0.398352712392807, 0.39827418327331543, 0.39824390411376953, 0.39816656708717346, 0.39805716276168823, 0.3980047106742859, 0.3979416787624359, 0.39784324169158936, 0.3977447748184204, 0.39767733216285706, 0.3976168930530548, 0.3975294232368469, 0.39742863178253174, 0.39738309383392334, 0.3973204791545868, 0.39725494384765625, 0.39717909693717957, 0.39713799953460693, 0.39707815647125244, 0.3969840109348297, 0.3969157934188843, 0.3968321979045868, 0.396796315908432, 0.396755188703537, 0.39668068289756775, 0.3966182768344879, 0.39655259251594543, 0.39649641513824463, 0.3964584469795227, 0.39638611674308777, 0.3963369131088257, 0.3962535560131073, 0.39618638157844543, 0.3961156904697418, 0.3960532248020172, 0.39600205421447754, 0.3959561884403229, 0.3959123492240906, 0.39584076404571533, 0.3957895338535309, 0.39575520157814026, 0.3956974148750305, 0.395623117685318, 0.39556336402893066, 0.3955252170562744, 0.3954981565475464, 0.3954649865627289, 0.39538073539733887, 0.39537516236305237, 0.3952912986278534, 0.3952224850654602, 0.3951665461063385, 0.39505860209465027, 0.3950231671333313, 0.3949164152145386, 0.39481866359710693, 0.39474815130233765, 0.3947035074234009, 0.39466068148612976, 0.3946038782596588, 0.3945394456386566, 0.3945058584213257, 0.39445075392723083, 0.39441800117492676, 0.3943447172641754, 0.39428141713142395, 0.394217312335968, 0.39417925477027893, 0.3940846621990204, 0.3940786123275757, 0.3940154016017914, 0.3939911127090454, 0.39393720030784607, 0.39390167593955994, 0.3938601315021515, 0.3938370645046234, 0.3937615156173706, 0.393703818321228, 0.3936901390552521, 0.3936203718185425, 0.39360737800598145, 0.39349305629730225, 0.3934612572193146, 0.39340314269065857, 0.3933637738227844, 0.39331284165382385, 0.39323660731315613, 0.3931788504123688, 0.3931288421154022, 0.3930726945400238, 0.39300793409347534, 0.3929552733898163, 0.3929222524166107, 0.39287012815475464, 0.39281776547431946, 0.3927677571773529, 0.39271554350852966, 0.392675518989563, 0.3926146328449249, 0.3925591707229614, 0.39250460267066956, 0.39246463775634766, 0.3924404978752136, 0.3923986852169037, 0.3923676609992981, 0.392343133687973, 0.3922663629055023, 0.39219722151756287, 0.3921416401863098, 0.39209261536598206, 0.3920482397079468, 0.39200618863105774, 0.3919660449028015, 0.39192989468574524, 0.39183884859085083, 0.39177313446998596, 0.39172399044036865, 0.39164695143699646, 0.39158907532691956, 0.39151719212532043, 0.3914870321750641, 0.39144089818000793, 0.3913957476615906, 0.39134737849235535, 0.3913213610649109, 0.3912753164768219, 0.39124786853790283, 0.3912031948566437, 0.39120030403137207, 0.39114630222320557, 0.39106428623199463, 0.3909946084022522, 0.3909575641155243, 0.3909190893173218, 0.39084872603416443, 0.39081788063049316, 0.3907557725906372, 0.39064857363700867, 0.3906615972518921, 0.3906406760215759, 0.39061295986175537, 0.39057236909866333, 0.3905181884765625, 0.3904620409011841, 0.3904220461845398, 0.3903743028640747, 0.39029765129089355, 0.3902358114719391, 0.39016127586364746, 0.390092134475708, 0.3900444805622101, 0.3900316655635834, 0.38998880982398987, 0.3899631202220917, 0.38993674516677856, 0.38988009095191956, 0.38981953263282776, 0.38980892300605774, 0.38981109857559204, 0.38975009322166443, 0.3896830677986145, 0.3896400034427643, 0.3895573318004608, 0.3895229697227478, 0.3894840478897095, 0.38941192626953125, 0.3893605172634125, 0.38935309648513794, 0.3893839120864868, 0.3893367648124695, 0.38926732540130615, 0.38926073908805847, 0.38922393321990967, 0.3891752362251282, 0.38909053802490234, 0.389004111289978, 0.3889770209789276, 0.38891544938087463, 0.3888782560825348, 0.38881802558898926, 0.38877198100090027, 0.3886985778808594, 0.3886457681655884, 0.3885881304740906, 0.3885365426540375, 0.38851380348205566, 0.3884717524051666, 0.38846421241760254, 0.38838082551956177, 0.38833868503570557, 0.3883056640625, 0.3882458806037903, 0.3881911337375641, 0.38815006613731384, 0.3881183862686157, 0.3881170153617859, 0.388092041015625, 0.3879977762699127, 0.38791537284851074, 0.3878076672554016, 0.3877776265144348, 0.3877308666706085, 0.38772618770599365, 0.3876524865627289, 0.3875795304775238, 0.38750919699668884, 0.3874630630016327, 0.3874962329864502, 0.38747429847717285, 0.38746729493141174, 0.3874560296535492, 0.3873708248138428, 0.38737815618515015, 0.38726136088371277, 0.38716161251068115, 0.3871057629585266, 0.3870404362678528, 0.38695788383483887, 0.3869699239730835, 0.3869062066078186, 0.3868563771247864, 0.38681483268737793, 0.38675567507743835, 0.386717289686203, 0.38668590784072876, 0.3866267502307892, 0.3865932822227478, 0.3865757882595062, 0.386515736579895, 0.3864593505859375, 0.38643115758895874, 0.38638409972190857, 0.3863476812839508, 0.3863207995891571, 0.3862496614456177, 0.38620707392692566, 0.38616180419921875, 0.38610610365867615, 0.38604962825775146, 0.3859879970550537, 0.38596007227897644, 0.38590508699417114, 0.38585707545280457, 0.38582175970077515, 0.3857875168323517, 0.38576096296310425, 0.38570529222488403, 0.38566893339157104, 0.3856060802936554, 0.38560551404953003, 0.38556668162345886, 0.3855800628662109