,number,value,datetime_start,datetime_complete,duration,params_batch_size_scaler,params_constant_learning_rate,params_depth,params_epochs,params_kernel_l2,params_num_trees,params_temperature,user_attrs_accuracy_test,user_attrs_accuracy_valid,user_attrs_approximate_feature_sparsity,user_attrs_approximate_feature_sparsity_history,user_attrs_approximate_weight_sparsity,user_attrs_approximate_weight_sparsity_history,user_attrs_auc_test,user_attrs_auc_valid,user_attrs_feature_sparsity,user_attrs_feature_sparsity_history,user_attrs_num_epochs,user_attrs_val_loss_history,user_attrs_weight_sparsity,user_attrs_weight_sparsity_history,state
158,158,0.6635171516533344,2024-08-31 07:59:47.757060,2024-08-31 08:06:59.120723,0 days 00:07:11.363663,64,2.480988777747644,6,500,0.0018703147971212025,99,0.002221106150006908,0.863,0.86,2,"[33, 33, 33, 33, 33, 33, 33, 33, 33, 33, 33, 33, 33, 33, 33, 25, 16, 8, 6, 6, 6, 6, 6, 6, 5, 4, 4, 4, 4, 4, 4, 4, 4, 4, 4, 4, 4, 4, 4, 4, 4, 4, 4, 4, 4, 4, 4, 4, 4, 4, 4, 4, 3, 3, 3, 3, 3, 2, 2, 2, 2, 2, 2, 2, 2, 2, 2, 2, 2, 2, 2, 2, 2, 2, 2, 2, 2, 2, 2, 2, 2, 2, 2, 2, 2, 2, 2, 2, 2, 2, 2, 2, 2, 2, 2, 2, 2, 2, 2, 2, 2, 2, 2, 2, 2, 2, 2, 2, 2, 2, 2, 2, 2, 2, 2, 2, 2, 2, 2, 2, 2, 2, 2, 2, 2, 2, 2, 2, 2, 2, 2, 2, 2, 2, 2, 2, 2, 2, 2, 2, 2, 2, 2, 2, 2, 2, 2, 2, 2, 2, 2, 2, 2, 2, 2, 2, 2, 2, 2, 2, 2, 2, 2, 2, 2, 2, 2, 2, 2, 2, 2, 2, 2, 2, 2, 2, 2, 2, 2, 2, 2, 2, 2, 2, 2, 2, 2, 2, 2, 2, 2, 2, 2, 2, 2, 2, 2, 2, 2, 2, 2, 2, 2, 2, 2, 2, 2, 2, 2, 2, 2, 2, 2, 2, 2, 2, 2, 2, 2, 2, 2, 2, 2, 2, 2, 2, 2, 2, 2, 2, 2, 2, 2, 2, 2, 2, 2, 2, 2, 2, 2, 2, 2, 2, 2, 2, 2, 2, 2, 2, 2, 2, 2, 2, 2, 2, 2, 2, 2, 2, 2, 2, 2, 2, 2, 2, 2, 2, 2, 2, 2, 2, 2, 2, 2, 2, 2, 2, 2, 2, 2, 2, 2, 2, 2, 2, 2, 2, 2, 2, 2, 2, 2, 2, 2, 2, 2, 2, 2, 2, 2, 2, 2, 2, 2, 2, 2, 2, 2, 2, 2, 2, 2, 2, 2, 2, 2, 2, 2, 2, 2, 2, 2, 2, 2, 2, 2, 2, 2, 2, 2, 2, 2, 2, 2, 2, 2, 2, 2, 2, 2, 2, 2, 2, 2, 2, 2, 2, 2, 2, 2, 2, 2, 2, 2, 2, 2, 2, 2, 2, 2, 2, 2, 2, 2, 2, 2, 2, 2, 2, 2, 2, 2, 2, 2, 2, 2, 2, 2, 2, 2, 2, 2, 2, 2, 2, 2, 2, 2, 2, 2, 2, 2, 2, 2, 2, 2, 2, 2, 2, 2, 2, 2, 2, 2, 2, 2, 2, 2, 2, 2, 2, 2, 2, 2, 2, 2, 2, 2, 2, 2, 2, 2, 2, 2, 2, 2, 2, 2, 2, 2, 2, 2, 2, 2, 2, 2, 2, 2, 2, 2, 2, 2, 2, 2, 2, 2, 2, 2, 2, 2, 2, 2, 2, 2, 2, 2, 2, 2, 2, 2, 2, 2, 2, 2, 2, 2, 2, 2, 2, 2, 2, 2, 2, 2, 2, 2, 2, 2, 2, 2, 2, 2, 2, 2, 2, 2, 2, 2, 2, 2, 2, 2, 2, 2, 2, 2, 2, 2, 2]",1.9956709956709955,"[32.89578322911657, 32.89690556357223, 32.89770723104056, 32.8994708994709, 32.8980278980279, 32.89642456309123, 32.89786756453423, 32.90011223344557, 32.89145422478756, 32.89001122334456, 32.89866923200257, 32.899150232483564, 32.89434022767357, 32.89562289562289, 32.89578322911656, 24.92079525412859, 15.949655282988616, 7.974827641494309, 5.980759980759982, 5.982042648709315, 5.981721981721982, 5.984607984607985, 5.983164983164983, 5.983004649671315, 4.983966650633317, 3.984928651595318, 3.985409652076319, 3.9876543209876543, 3.9863716530383195, 3.987173320506654, 3.9866923200256537, 3.9884559884559883, 3.9900593233926567, 3.9892576559243227, 3.9890973224306556, 3.9873336540003206, 3.9887766554433224, 3.9895783229116564, 3.9898989898989896, 3.991341991341991, 3.986531986531986, 3.9890973224306556, 3.988776655443322, 3.9882956549623216, 3.990860990860991, 3.990540323873657, 3.9903799903799904, 3.988936988936989, 3.9874939874939876, 3.987814654481321, 3.9892576559243227, 3.9882956549623216, 2.9918229918229917, 2.9927849927849928, 2.9923039923039925, 2.991822991822992, 2.9903799903799904, 1.9937469937469938, 1.9939073272406604, 1.9939073272406607, 1.9950296616963286, 1.9955106621773289, 1.9948693282026615, 1.9956709956709957, 1.9945486612153278, 1.9947089947089949, 1.9947089947089947, 1.9956709956709957, 1.993586660253327, 1.993586660253327, 1.9927849927849928, 1.9937469937469938, 1.9943883277216612, 1.9931056597723265, 1.994388327721661, 1.9942279942279941, 1.9948693282026615, 1.9956709956709957, 1.9947089947089947, 1.9939073272406604, 1.9942279942279941, 1.993586660253327, 1.9950296616963283, 1.9942279942279941, 1.9951899951899952, 1.9940676607343275, 1.9943883277216612, 1.9937469937469938, 1.9934263267596601, 1.9943883277216612, 1.9955106621773289, 1.9958313291646625, 1.9951899951899952, 1.9950296616963283, 1.9948693282026615, 1.9950296616963283, 1.9950296616963283, 1.9956709956709955, 1.9966329966329965, 1.9947089947089949, 1.995350328683662, 1.99647266313933, 1.99647266313933, 1.9966329966329965, 1.997113997113997, 1.9969536636203302, 1.9969536636203302, 1.9959916626583292, 1.9964726631393297, 1.9966329966329965, 1.9956709956709955, 1.9956709956709955, 1.9956709956709957, 1.995350328683662, 1.9958313291646625, 1.9943883277216612, 1.9939073272406604, 1.9942279942279941, 1.9947089947089947, 1.9947089947089947, 1.9940676607343275, 1.9955106621773289, 1.994388327721661, 1.9945486612153278, 1.9947089947089947, 1.9945486612153278, 1.9953503286836618, 1.9945486612153278, 1.9947089947089949, 1.995350328683662, 1.9955106621773289, 1.9958313291646625, 1.9947089947089949, 1.9955106621773289, 1.9959916626583294, 1.9958313291646625, 1.9963123296456629, 1.9961519961519962, 1.99647266313933, 1.9963123296456629, 1.9956709956709955, 1.9959916626583292, 1.9959916626583292, 1.9963123296456629, 1.9958313291646625, 1.9966329966329965, 1.9961519961519962, 1.9963123296456629, 1.9961519961519962, 1.9958313291646625, 1.9955106621773289, 1.9951899951899952, 1.9961519961519962, 1.997274330607664, 1.9959916626583294, 1.9967933301266634, 1.9966329966329965, 1.9958313291646625, 1.9956709956709955, 1.9961519961519962, 1.9951899951899952, 1.9951899951899952, 1.9959916626583292, 1.9956709956709957, 1.9961519961519962, 1.9955106621773289, 1.995350328683662, 1.9963123296456629, 1.9956709956709955, 1.9956709956709957, 1.995350328683662, 1.9955106621773289, 1.9961519961519962, 1.9958313291646625, 1.9951899951899952, 1.9958313291646625, 1.9963123296456629, 1.9966329966329965, 1.9963123296456629, 1.9961519961519962, 1.9967933301266634, 1.9963123296456629, 1.9963123296456629, 1.9963123296456629, 1.9956709956709955, 1.9961519961519962, 1.9963123296456629, 1.99647266313933, 1.9967933301266636, 1.9969536636203302, 1.9961519961519962, 1.9958313291646625, 1.9969536636203302, 1.9959916626583292, 1.9966329966329965, 1.9969536636203302, 1.9959916626583292, 1.99647266313933, 1.9956709956709955, 1.9966329966329965, 1.99647266313933, 1.9959916626583292, 1.9963123296456629, 1.9961519961519962, 1.9961519961519962, 1.9961519961519962, 1.99647266313933, 1.9958313291646625, 1.9961519961519962, 1.9963123296456629, 1.99647266313933, 1.9959916626583292, 1.9959916626583292, 1.9963123296456629, 1.9961519961519962, 1.9959916626583292, 1.99647266313933, 1.9969536636203302, 1.9969536636203302, 1.997113997113997, 1.99647266313933, 1.9963123296456629, 1.9966329966329965, 1.9959916626583292, 1.997274330607664, 1.9961519961519962, 1.9967933301266636, 1.9963123296456629, 1.997274330607664, 1.99647266313933, 1.99647266313933, 1.9963123296456629, 1.9963123296456629, 1.9974346641013307, 1.9967933301266636, 1.9967933301266636, 1.99647266313933, 1.9967933301266636, 1.997113997113997, 1.99647266313933, 1.997274330607664, 1.9971139971139973, 1.99647266313933, 1.997274330607664, 1.9967933301266636, 1.9969536636203302, 1.9966329966329965, 1.997113997113997, 1.9966329966329965, 1.9961519961519962, 1.9963123296456629, 1.9963123296456629, 1.995350328683662, 1.9959916626583292, 1.9955106621773289, 1.995350328683662, 1.9955106621773289, 1.9955106621773289, 1.9963123296456629, 1.9956709956709957, 1.9956709956709957, 1.9959916626583292, 1.9958313291646625, 1.9966329966329965, 1.9967933301266634, 1.9956709956709955, 1.9967933301266634, 1.9956709956709957, 1.9959916626583292, 1.9963123296456629, 1.9958313291646625, 1.9955106621773289, 1.9961519961519962, 1.9958313291646625, 1.9963123296456629, 1.9966329966329965, 1.9963123296456629, 1.9951899951899952, 1.9953503286836618, 1.9963123296456629, 1.9963123296456629, 1.99647266313933, 1.9969536636203302, 1.99647266313933, 1.9966329966329965, 1.9951899951899952, 1.9959916626583292, 1.9959916626583292, 1.9961519961519962, 1.9966329966329965, 1.9951899951899952, 1.99647266313933, 1.9958313291646625, 1.9953503286836618, 1.9959916626583294, 1.9956709956709955, 1.9955106621773289, 1.9959916626583292, 1.9961519961519962, 1.9961519961519962, 1.9959916626583292, 1.9959916626583292, 1.9959916626583292, 1.99647266313933, 1.99647266313933, 1.99647266313933, 1.99647266313933, 1.9958313291646625, 1.9963123296456629, 1.9958313291646625, 1.99647266313933, 1.9966329966329965, 1.9969536636203302, 1.9959916626583292, 1.9959916626583292, 1.9961519961519962, 1.9961519961519962, 1.9961519961519962, 1.9959916626583292, 1.9961519961519962, 1.9959916626583292, 1.9958313291646625, 1.9967933301266636, 1.9959916626583292, 1.9966329966329965, 1.9963123296456629, 1.9958313291646625, 1.99647266313933, 1.9963123296456629, 1.9958313291646625, 1.9958313291646625, 1.9958313291646625, 1.9955106621773289, 1.995350328683662, 1.99647266313933, 1.9959916626583292, 1.9967933301266636, 1.9956709956709955, 1.9958313291646625, 1.9948693282026615, 1.9956709956709955, 1.9966329966329965, 1.99647266313933, 1.9963123296456629, 1.9961519961519962, 1.9961519961519962, 1.9956709956709957, 1.9961519961519962, 1.9956709956709955, 1.9951899951899952, 1.9961519961519962, 1.9958313291646625, 1.9963123296456629, 1.9950296616963283, 1.9959916626583292, 1.99647266313933, 1.9966329966329965, 1.9958313291646625, 1.9959916626583292, 1.9959916626583292, 1.9955106621773289, 1.9950296616963283, 1.9950296616963283, 1.9958313291646625, 1.9958313291646625, 1.9950296616963283, 1.995350328683662, 1.9961519961519962, 1.9945486612153278, 1.9959916626583292, 1.9948693282026615, 1.9945486612153278, 1.994388327721661, 1.9955106621773289, 1.9950296616963283, 1.9947089947089947, 1.9950296616963283, 1.9959916626583292, 1.995350328683662, 1.9951899951899952, 1.9948693282026615, 1.9961519961519962, 1.9955106621773289, 1.9958313291646625, 1.9958313291646625, 1.9959916626583292, 1.995350328683662, 1.995350328683662, 1.9951899951899952, 1.9961519961519962, 1.9961519961519962, 1.9959916626583292, 1.9955106621773289, 1.9961519961519962, 1.9955106621773289, 1.9955106621773289, 1.9956709956709955, 1.9950296616963283, 1.9963123296456629, 1.9956709956709957, 1.9953503286836618, 1.9948693282026615, 1.9951899951899952, 1.9956709956709955, 1.9956709956709957, 1.995350328683662, 1.995350328683662, 1.995350328683662, 1.9959916626583292, 1.9961519961519962, 1.9955106621773289, 1.9959916626583292, 1.9961519961519962, 1.99647266313933, 1.9969536636203302, 1.99647266313933, 1.9959916626583292, 1.9966329966329965, 1.99647266313933, 1.9971139971139973, 1.9966329966329965, 1.9967933301266636, 1.9966329966329965, 1.9969536636203302, 1.9963123296456629, 1.9961519961519962, 1.9969536636203302, 1.9969536636203302, 1.9967933301266636, 1.99647266313933, 1.9967933301266636, 1.9969536636203302, 1.9961519961519962, 1.9959916626583292, 1.9963123296456629, 1.9959916626583294, 1.9963123296456629, 1.9961519961519962, 1.99647266313933, 1.9963123296456629, 1.9961519961519962, 1.9961519961519962, 1.9963123296456629, 1.99647266313933, 1.9967933301266636, 1.9963123296456629, 1.9959916626583292, 1.9956709956709955, 1.9956709956709955, 1.995350328683662, 1.9959916626583292, 1.9961519961519962, 1.9959916626583292, 1.9958313291646625, 1.9959916626583292, 1.9956709956709955, 1.9955106621773289, 1.9953503286836618, 1.9956709956709955, 1.9951899951899952, 1.99647266313933, 1.99647266313933, 1.9955106621773289, 1.9956709956709955, 1.9958313291646625, 1.9956709956709955, 1.9955106621773289, 1.9959916626583292, 1.9959916626583292, 1.9956709956709955, 1.9959916626583292, 1.9958313291646625, 1.9955106621773289, 1.9956709956709957, 1.995350328683662, 1.9951899951899952, 1.9958313291646625, 1.99647266313933, 1.9958313291646625, 1.9950296616963283, 1.9963123296456629, 1.9958313291646625, 1.9966329966329965, 1.9967933301266634, 1.99647266313933, 1.9966329966329965, 1.9961519961519962, 1.9961519961519962, 1.9958313291646625, 1.9966329966329965, 1.9966329966329965, 1.9969536636203302, 1.9966329966329965, 1.9959916626583292, 1.9956709956709957, 1.9967933301266636, 1.9967933301266636, 1.99647266313933, 1.9966329966329965, 1.9956709956709955]",0.6446635127436653,0.6635171516533344,2,"[33, 33, 33, 33, 33, 33, 33, 33, 33, 33, 33, 33, 33, 33, 33, 25, 16, 8, 6, 6, 6, 6, 6, 6, 5, 4, 4, 4, 4, 4, 4, 4, 4, 4, 4, 4, 4, 4, 4, 4, 4, 4, 4, 4, 4, 4, 4, 4, 4, 4, 4, 4, 3, 3, 3, 3, 3, 2, 2, 2, 2, 2, 2, 2, 2, 2, 2, 2, 2, 2, 2, 2, 2, 2, 2, 2, 2, 2, 2, 2, 2, 2, 2, 2, 2, 2, 2, 2, 2, 2, 2, 2, 2, 2, 2, 2, 2, 2, 2, 2, 2, 2, 2, 2, 2, 2, 2, 2, 2, 2, 2, 2, 2, 2, 2, 2, 2, 2, 2, 2, 2, 2, 2, 2, 2, 2, 2, 2, 2, 2, 2, 2, 2, 2, 2, 2, 2, 2, 2, 2, 2, 2, 2, 2, 2, 2, 2, 2, 2, 2, 2, 2, 2, 2, 2, 2, 2, 2, 2, 2, 2, 2, 2, 2, 2, 2, 2, 2, 2, 2, 2, 2, 2, 2, 2, 2, 2, 2, 2, 2, 2, 2, 2, 2, 2, 2, 2, 2, 2, 2, 2, 2, 2, 2, 2, 2, 2, 2, 2, 2, 2, 2, 2, 2, 2, 2, 2, 2, 2, 2, 2, 2, 2, 2, 2, 2, 2, 2, 2, 2, 2, 2, 2, 2, 2, 2, 2, 2, 2, 2, 2, 2, 2, 2, 2, 2, 2, 2, 2, 2, 2, 2, 2, 2, 2, 2, 2, 2, 2, 2, 2, 2, 2, 2, 2, 2, 2, 2, 2, 2, 2, 2, 2, 2, 2, 2, 2, 2, 2, 2, 2, 2, 2, 2, 2, 2, 2, 2, 2, 2, 2, 2, 2, 2, 2, 2, 2, 2, 2, 2, 2, 2, 2, 2, 2, 2, 2, 2, 2, 2, 2, 2, 2, 2, 2, 2, 2, 2, 2, 2, 2, 2, 2, 2, 2, 2, 2, 2, 2, 2, 2, 2, 2, 2, 2, 2, 2, 2, 2, 2, 2, 2, 2, 2, 2, 2, 2, 2, 2, 2, 2, 2, 2, 2, 2, 2, 2, 2, 2, 2, 2, 2, 2, 2, 2, 2, 2, 2, 2, 2, 2, 2, 2, 2, 2, 2, 2, 2, 2, 2, 2, 2, 2, 2, 2, 2, 2, 2, 2, 2, 2, 2, 2, 2, 2, 2, 2, 2, 2, 2, 2, 2, 2, 2, 2, 2, 2, 2, 2, 2, 2, 2, 2, 2, 2, 2, 2, 2, 2, 2, 2, 2, 2, 2, 2, 2, 2, 2, 2, 2, 2, 2, 2, 2, 2, 2, 2, 2, 2, 2, 2, 2, 2, 2, 2, 2, 2, 2, 2, 2, 2, 2, 2, 2, 2, 2, 2, 2, 2, 2, 2, 2, 2, 2, 2, 2, 2, 2, 2, 2, 2, 2, 2, 2, 2, 2, 2, 2, 2, 2, 2, 2, 2, 2, 2, 2, 2, 2, 2, 2, 2, 2, 2, 2, 2, 2, 2, 2, 2, 2, 2, 2, 2, 2, 2, 2, 2, 2, 2, 2]",500,"[0.40194788575172424, 0.39637866616249084, 0.3900319039821625, 0.3817766606807709, 0.37468788027763367, 0.3787073791027069, 0.37053734064102173, 0.36777400970458984, 0.3686753213405609, 0.42382553219795227, 0.3703712224960327, 0.3646000623703003, 0.3642250895500183, 0.3682423532009125, 0.35892191529273987, 0.3592339754104614, 0.35764235258102417, 0.3648056089878082, 0.3660138249397278, 0.36723509430885315, 0.3689993619918823, 0.3647749722003937, 0.367426335811615, 0.36252638697624207, 0.3618396818637848, 0.3667353391647339, 0.3737903833389282, 0.36418530344963074, 0.3761028051376343, 0.3633573055267334, 0.36313939094543457, 0.3596552312374115, 0.3713325262069702, 0.3585433065891266, 0.3582371473312378, 0.36092203855514526, 0.35767510533332825, 0.3588244318962097, 0.3586757779121399, 0.3607743978500366, 0.35634392499923706, 0.3669346868991852, 0.3610883355140686, 0.35510140657424927, 0.35645610094070435, 0.3544553518295288, 0.3539680540561676, 0.360535204410553, 0.3534673750400543, 0.35916250944137573, 0.3557586967945099, 0.35293370485305786, 0.37127453088760376, 0.37122833728790283, 0.37097129225730896, 0.3706192374229431, 0.37626025080680847, 0.3932858407497406, 0.37785813212394714, 0.37823495268821716, 0.37705695629119873, 0.38160428404808044, 0.3809870481491089, 0.38433974981307983, 0.39517420530319214, 0.3744717538356781, 0.384566068649292, 0.37402811646461487, 0.37388506531715393, 0.3752082884311676, 0.37201908230781555, 0.37509241700172424, 0.3712729513645172, 0.3717679977416992, 0.3708379864692688, 0.37376147508621216, 0.37059107422828674, 0.37063103914260864, 0.37413498759269714, 0.3872198164463043, 0.3697245121002197, 0.3693159818649292, 0.3689228296279907, 0.380723774433136, 0.36879026889801025, 0.37341415882110596, 0.38051900267601013, 0.3696775436401367, 0.3762298822402954, 0.3678213953971863, 0.3678654134273529, 0.36798095703125, 0.3816450834274292, 0.3676810562610626, 0.37061816453933716, 0.36798691749572754, 0.37328895926475525, 0.3672022223472595, 0.3675680160522461, 0.38999998569488525, 0.3668794631958008, 0.37459874153137207, 0.3681459128856659, 0.3695894181728363, 0.36826083064079285, 0.3667246699333191, 0.36687445640563965, 0.37193506956100464, 0.37272536754608154, 0.36658793687820435, 0.37020230293273926, 0.3676077723503113, 0.3672603666782379, 0.36653977632522583, 0.3829633593559265, 0.3665086627006531, 0.36842355132102966, 0.376074880361557, 0.367153525352478, 0.3681957721710205, 0.36752888560295105, 0.3769001364707947, 0.3668907582759857, 0.3694061040878296, 0.36683011054992676, 0.3664013147354126, 0.3843357563018799, 0.3709770441055298, 0.3664102852344513, 0.36627399921417236, 0.36713531613349915, 0.3857523202896118, 0.3672555685043335, 0.3670605719089508, 0.3690569996833801, 0.3670084476470947, 0.36703890562057495, 0.3678281009197235, 0.367209792137146, 0.36684080958366394, 0.37011414766311646, 0.3663458526134491, 0.3678607940673828, 0.37255150079727173, 0.36983245611190796, 0.36720824241638184, 0.36643850803375244, 0.36661988496780396, 0.369848370552063, 0.37001001834869385, 0.36683350801467896, 0.3678268790245056, 0.3715655207633972, 0.3700662851333618, 0.3665560781955719, 0.36959636211395264, 0.37557244300842285, 0.3662905991077423, 0.3674231469631195, 0.3681621551513672, 0.36848217248916626, 0.3734073340892792, 0.3665384352207184, 0.36945563554763794, 0.36649608612060547, 0.36799517273902893, 0.3667036294937134, 0.36853331327438354, 0.3664904534816742, 0.36655792593955994, 0.36643072962760925, 0.36793291568756104, 0.3666565716266632, 0.36624622344970703, 0.36728182435035706, 0.37053653597831726, 0.36659756302833557, 0.3675158619880676, 0.3667001724243164, 0.36948636174201965, 0.38323208689689636, 0.3662111163139343, 0.37065887451171875, 0.3696308434009552, 0.3693036139011383, 0.3688575327396393, 0.3662168085575104, 0.3670247793197632, 0.3778902292251587, 0.37688392400741577, 0.37282562255859375, 0.36791735887527466, 0.3672862946987152, 0.37220990657806396, 0.3700840473175049, 0.3695005178451538, 0.3666910231113434, 0.3676506280899048, 0.36645013093948364, 0.3733019232749939, 0.36700958013534546, 0.36931419372558594, 0.36811965703964233, 0.3675183355808258, 0.36775702238082886, 0.36625275015830994, 0.3798944056034088, 0.36643826961517334, 0.3705402612686157, 0.38177621364593506, 0.37764832377433777, 0.3667677044868469, 0.3662679195404053, 0.3663407862186432, 0.36756211519241333, 0.36661607027053833, 0.3704008460044861, 0.371787428855896, 0.3693563938140869, 0.3672935962677002, 0.3704794645309448, 0.3665463924407959, 0.36924421787261963, 0.3712817132472992, 0.3665253818035126, 0.37002629041671753, 0.36929693818092346, 0.36743393540382385, 0.37466204166412354, 0.3673158884048462, 0.3663117587566376, 0.36671438813209534, 0.3743748068809509, 0.3672834634780884, 0.37002265453338623, 0.36917921900749207, 0.3662838339805603, 0.3665606677532196, 0.36812254786491394, 0.371610552072525, 0.3665271997451782, 0.3683137595653534, 0.3679753243923187, 0.37111175060272217, 0.3668283224105835, 0.3664485812187195, 0.3789013624191284, 0.3663270175457001, 0.3666273355484009, 0.3662317395210266, 0.36636582016944885, 0.3686422109603882, 0.3668955862522125, 0.37115684151649475, 0.3675866723060608, 0.36620956659317017, 0.36631089448928833, 0.37225863337516785, 0.3686550557613373, 0.3677268922328949, 0.3682509958744049, 0.3683124780654907, 0.38181033730506897, 0.36780938506126404, 0.3692221939563751, 0.36635661125183105, 0.37676888704299927, 0.36993393301963806, 0.3684632182121277, 0.3665822148323059, 0.36629849672317505, 0.3662911355495453, 0.36999374628067017, 0.3665948212146759, 0.3670305013656616, 0.3664674758911133, 0.3663124740123749, 0.38404932618141174, 0.37404701113700867, 0.3664281964302063, 0.36777034401893616, 0.3726004362106323, 0.36858806014060974, 0.3671168386936188, 0.36760157346725464, 0.37690526247024536, 0.3695604205131531, 0.3707706034183502, 0.3672551214694977, 0.36681920289993286, 0.3662019670009613, 0.36622413992881775, 0.3708311915397644, 0.368174284696579, 0.3664078414440155, 0.36925747990608215, 0.37127771973609924, 0.36696165800094604, 0.3668695092201233, 0.3694448471069336, 0.3677685260772705, 0.36971908807754517, 0.3777259588241577, 0.36624300479888916, 0.3665037155151367, 0.3665280044078827, 0.36929312348365784, 0.36645257472991943, 0.37437760829925537, 0.36623817682266235, 0.3665996193885803, 0.37786492705345154, 0.3681859076023102, 0.366301953792572, 0.3675747215747833, 0.3751126229763031, 0.37366580963134766, 0.36657389998435974, 0.37133321166038513, 0.36719468235969543, 0.3723595142364502, 0.36776846647262573, 0.37590140104293823, 0.3670075535774231, 0.374040424823761, 0.3667088747024536, 0.37094515562057495, 0.3670489490032196, 0.3760034441947937, 0.3720456063747406, 0.3667568862438202, 0.3662692606449127, 0.3765164911746979, 0.36991196870803833, 0.3673545718193054, 0.36644431948661804, 0.3678223788738251, 0.3807934522628784, 0.3728123605251312, 0.36885491013526917, 0.37150201201438904, 0.36662977933883667, 0.36803558468818665, 0.36719590425491333, 0.3675030767917633, 0.36638695001602173, 0.3665159344673157, 0.36843517422676086, 0.37069621682167053, 0.3700929582118988, 0.3671587407588959, 0.3788568377494812, 0.36626994609832764, 0.38477978110313416, 0.37148866057395935, 0.36630070209503174, 0.3709660768508911, 0.3682010769844055, 0.3671008050441742, 0.3732241690158844, 0.36999228596687317, 0.36632922291755676, 0.36827027797698975, 0.36685711145401, 0.3669494688510895, 0.3697628080844879, 0.3704361617565155, 0.3686274588108063, 0.36767441034317017, 0.3739774823188782, 0.3672436475753784, 0.3675195574760437, 0.3665100932121277, 0.3673040270805359, 0.3667032718658447, 0.366902619600296, 0.36889782547950745, 0.369035005569458, 0.3668626546859741, 0.36656653881073, 0.367404967546463, 0.3754604756832123, 0.3669670820236206, 0.3896283209323883, 0.3662068545818329, 0.3662092685699463, 0.37095126509666443, 0.37057629227638245, 0.36907294392585754, 0.37051504850387573, 0.36810147762298584, 0.36685431003570557, 0.3709813356399536, 0.3874761462211609, 0.3663780987262726, 0.3668477535247803, 0.3669203221797943, 0.36955711245536804, 0.3704442083835602, 0.36619651317596436, 0.3674372732639313, 0.3700207769870758, 0.36846879124641