,number,value,datetime_start,datetime_complete,duration,params_batch_size_scaler,params_constant_learning_rate,params_depth,params_epochs,params_kernel_l2,params_num_trees,params_temperature,user_attrs_accuracy_test,user_attrs_accuracy_valid,user_attrs_approximate_feature_sparsity,user_attrs_approximate_feature_sparsity_history,user_attrs_approximate_weight_sparsity,user_attrs_approximate_weight_sparsity_history,user_attrs_auc_test,user_attrs_auc_valid,user_attrs_feature_sparsity,user_attrs_feature_sparsity_history,user_attrs_num_epochs,user_attrs_val_loss_history,user_attrs_weight_sparsity,user_attrs_weight_sparsity_history,state
94,94,0.9291520140150199,2024-08-31 05:34:01.969357,2024-08-31 05:41:51.094054,0 days 00:07:49.124697,1,0.08375931447416458,5,455,0.31692669022727316,12,0.000426125395872834,0.949,0.945,16,"[33, 33, 33, 33, 33, 33, 33, 33, 33, 33, 33, 33, 33, 33, 33, 33, 33, 33, 33, 33, 33, 33, 33, 33, 31, 27, 24, 24, 23, 23, 23, 22, 22, 21, 21, 20, 20, 19, 19, 19, 19, 19, 18, 18, 18, 18, 18, 18, 18, 18, 18, 18, 18, 18, 18, 18, 18, 18, 18, 18, 18, 18, 18, 18, 18, 18, 18, 18, 18, 18, 18, 18, 18, 18, 18, 18, 18, 18, 18, 18, 18, 18, 18, 18, 18, 18, 18, 18, 18, 18, 18, 18, 18, 18, 18, 18, 18, 18, 18, 18, 18, 18, 18, 18, 18, 18, 18, 18, 18, 18, 18, 18, 18, 18, 18, 18, 18, 18, 18, 18, 18, 18, 18, 18, 18, 18, 18, 18, 18, 18, 18, 18, 18, 18, 18, 18, 18, 18, 18, 18, 18, 18, 18, 18, 18, 18, 18, 18, 18, 18, 18, 18, 18, 18, 18, 18, 18, 18, 18, 18, 18, 18, 18, 18, 18, 18, 18, 18, 18, 18, 18, 18, 18, 18, 18, 18, 18, 18, 18, 18, 18, 18, 18, 18, 18, 18, 18, 18, 18, 18, 18, 18, 18, 18, 18, 18, 18, 18, 18, 18, 18, 18, 18, 18, 18, 18, 18, 18, 18, 18, 18, 18, 18, 18, 18, 18, 18, 18, 18, 17, 17, 17, 17, 17, 17, 17, 17, 17, 17, 17, 17, 17, 17, 17, 17, 17, 17, 17, 17, 17, 17, 17, 17, 17, 17, 17, 17, 17, 17, 17, 17, 17, 17, 17, 17, 17, 17, 17, 17, 17, 17, 17, 17, 17, 17, 17, 17, 17, 17, 17, 17, 17, 17, 17, 17, 17, 17, 17, 17, 17, 17, 17, 17, 17, 17, 17, 17, 17, 17, 17, 17, 17, 17, 17, 17, 17, 17, 17, 17, 17, 17, 17, 17, 17, 17, 17, 17, 17, 17, 17, 17, 17, 17, 17, 17, 17, 17, 17, 17, 17, 17, 17, 17, 17, 17, 17, 17, 17, 17, 17, 17, 17, 17, 17, 17, 17, 17, 17, 17, 17, 17, 17, 17, 17, 17, 17, 17, 17, 17, 17, 17, 17, 17, 17, 17, 17, 17, 17, 17, 17, 17, 17, 17, 17, 17, 17, 17, 17, 17, 17, 17, 17, 17, 17, 17, 17, 17, 17, 17, 17, 17, 17, 17, 17, 17, 17, 17, 17, 17, 17, 17, 17, 17, 17, 17, 17, 17, 17, 17, 17, 17, 17, 17, 17, 17, 17, 17, 17, 17, 17, 17, 17, 17, 17, 17, 17, 17, 17, 17, 17, 17, 17, 17, 17, 17, 17, 17, 17, 17, 17, 17, 17, 17, 17, 17, 16, 16, 16, 16, 16, 16, 16, 16, 16, 16, 16, 16, 16, 16, 16, 16, 16, 16, 16, 16]",15.258064516129032,"[32.97043010752688, 32.9758064516129, 32.975806451612904, 32.97043010752688, 32.975806451612904, 32.97849462365591, 32.97043010752688, 32.97311827956989, 32.97043010752688, 32.97043010752688, 32.96774193548387, 32.956989247311824, 32.97311827956989, 32.97043010752688, 32.943548387096776, 32.956989247311824, 32.96236559139785, 32.93817204301075, 32.95967741935484, 32.93817204301075, 32.943548387096776, 32.935483870967744, 32.96236559139785, 32.94892473118279, 30.962365591397848, 26.97043010752688, 23.96505376344086, 23.967741935483872, 22.956989247311828, 22.978494623655912, 22.97043010752688, 21.962365591397848, 21.96505376344086, 20.959677419354836, 20.951612903225804, 19.943548387096772, 19.951612903225804, 18.96505376344086, 18.938172043010752, 18.956989247311828, 18.973118279569892, 18.95967741935484, 17.95967741935484, 17.956989247311828, 17.959677419354836, 17.96505376344086, 17.954301075268816, 17.962365591397848, 17.930107526881724, 17.959677419354836, 17.954301075268816, 17.946236559139784, 17.956989247311828, 17.938172043010752, 17.946236559139788, 17.954301075268813, 17.962365591397848, 17.948924731182796, 17.922043010752688, 17.940860215053764, 17.927419354838708, 17.943548387096772, 17.935483870967744, 17.924731182795696, 17.935483870967744, 17.92204301075269, 17.93010752688172, 17.943548387096772, 17.876344086021504, 17.91397849462366, 17.908602150537632, 17.903225806451616, 17.897849462365595, 17.884408602150536, 17.905913978494628, 17.905913978494624, 17.919354838709676, 17.916666666666664, 17.911290322580644, 17.919354838709676, 17.903225806451612, 17.916666666666668, 17.916666666666668, 17.88440860215054, 17.903225806451612, 17.903225806451612, 17.91935483870968, 17.895161290322584, 17.900537634408604, 17.905913978494624, 17.892473118279568, 17.900537634408604, 17.89247311827957, 17.89516129032258, 17.865591397849464, 17.85752688172043, 17.887096774193548, 17.876344086021508, 17.89516129032258, 17.903225806451612, 17.892473118279568, 17.881720430107528, 17.89247311827957, 17.870967741935484, 17.873655913978496, 17.876344086021508, 17.876344086021504, 17.868279569892476, 17.879032258064516, 17.884408602150536, 17.884408602150536, 17.865591397849464, 17.85483870967742, 17.8494623655914, 17.862903225806452, 17.846774193548388, 17.85752688172043, 17.817204301075265, 17.830645161290324, 17.81989247311828, 17.8252688172043, 17.83064516129032, 17.833333333333336, 17.827956989247312, 17.827956989247312, 17.803763440860212, 17.830645161290324, 17.819892473118276, 17.82795698924731, 17.841397849462368, 17.782258064516128, 17.776881720430108, 17.795698924731184, 17.78494623655914, 17.771505376344084, 17.819892473118276, 17.798387096774192, 17.793010752688172, 17.803763440860212, 17.782258064516128, 17.774193548387096, 17.787634408602152, 17.768817204301076, 17.755376344086024, 17.73924731182796, 17.731182795698928, 17.74731182795699, 17.74193548387097, 17.715053763440864, 17.717741935483875, 17.71505376344086, 17.717741935483872, 17.720430107526884, 17.728494623655916, 17.71505376344086, 17.706989247311828, 17.733870967741936, 17.723118279569892, 17.706989247311828, 17.741935483870968, 17.728494623655912, 17.733870967741932, 17.712365591397848, 17.68010752688172, 17.677419354838708, 17.666666666666668, 17.669354838709676, 17.653225806451612, 17.637096774193548, 17.623655913978496, 17.64247311827957, 17.637096774193548, 17.631720430107528, 17.647849462365595, 17.63440860215054, 17.645161290322584, 17.607526881720432, 17.61559139784946, 17.580645161290324, 17.583333333333336, 17.60483870967742, 17.58870967741936, 17.588709677419352, 17.577956989247312, 17.556451612903224, 17.556451612903224, 17.577956989247312, 17.556451612903224, 17.564516129032256, 17.54032258064516, 17.545698924731184, 17.548387096774196, 17.513440860215056, 17.49731182795699, 17.499999999999996, 17.483870967741936, 17.483870967741932, 17.456989247311828, 17.46236559139785, 17.45967741935484, 17.43279569892473, 17.483870967741936, 17.451612903225804, 17.438172043010752, 17.446236559139784, 17.448924731182796, 17.4247311827957, 17.422043010752688, 17.448924731182792, 17.443548387096772, 17.443548387096772, 17.408602150537636, 17.405913978494624, 17.416666666666664, 17.43279569892473, 17.381720430107528, 17.400537634408604, 17.416666666666664, 17.39516129032258, 16.462365591397848, 16.481182795698924, 16.454301075268816, 16.448924731182796, 16.438172043010752, 16.462365591397848, 16.456989247311828, 16.489247311827956, 16.489247311827956, 16.475806451612904, 16.446236559139784, 16.45967741935484, 16.448924731182796, 16.435483870967744, 16.483870967741936, 16.475806451612904, 16.44086021505376, 16.446236559139784, 16.448924731182796, 16.438172043010752, 16.451612903225808, 16.46505376344086, 16.411290322580644, 16.438172043010752, 16.443548387096772, 16.43548387096774, 16.427419354838708, 16.448924731182796, 16.448924731182796, 16.45967741935484, 16.432795698924732, 16.481182795698924, 16.467741935483872, 16.456989247311828, 16.435483870967744, 16.45967741935484, 16.462365591397848, 16.456989247311828, 16.481182795698924, 16.46505376344086, 16.454301075268816, 16.438172043010752, 16.448924731182796, 16.44086021505376, 16.438172043010752, 16.451612903225808, 16.42741935483871, 16.408602150537632, 16.397849462365592, 16.376344086021504, 16.419354838709676, 16.373655913978496, 16.376344086021504, 16.405913978494624, 16.36559139784946, 16.368279569892472, 16.365591397849464, 16.338709677419356, 16.31989247311828, 16.303763440860212, 16.309139784946236, 16.36021505376344, 16.314516129032256, 16.36021505376344, 16.327956989247312, 16.32258064516129, 16.327956989247312, 16.368279569892476, 16.298387096774192, 16.35483870967742, 16.311827956989248, 16.346774193548388, 16.333333333333332, 16.333333333333336, 16.36021505376344, 16.3252688172043, 16.325268817204304, 16.31989247311828, 16.263440860215056, 16.317204301075268, 16.352150537634408, 16.349462365591396, 16.346774193548388, 16.35483870967742, 16.36021505376344, 16.306451612903224, 16.368279569892472, 16.35483870967742, 16.35215053763441, 16.360215053763444, 16.35483870967742, 16.352150537634408, 16.306451612903228, 16.357526881720432, 16.303763440860216, 16.362903225806452, 16.252688172043012, 16.301075268817208, 16.322580645161292, 16.271505376344088, 16.311827956989248, 16.217741935483872, 16.309139784946236, 16.206989247311828, 16.27956989247312, 16.295698924731184, 16.231182795698924, 16.298387096774196, 16.311827956989244, 16.298387096774196, 16.25537634408602, 16.28494623655914, 16.276881720430108, 16.29032258064516, 16.25537634408602, 16.271505376344088, 16.22043010752688, 16.236559139784948, 16.231182795698928, 16.252688172043012, 16.268817204301076, 16.20967741935484, 16.193548387096776, 15.954301075268816, 16.206989247311828, 15.93010752688172, 16.201612903225804, 16.196236559139784, 16.225806451612904, 16.064516129032256, 16.223118279569892, 16.204301075268816, 16.150537634408604, 16.115591397849464, 16.131720430107528, 16.153225806451612, 16.112903225806452, 16.126344086021508, 16.08064516129032, 16.088709677419356, 16.123655913978496, 16.129032258064516, 16.118279569892472, 16.096774193548388, 16.010752688172044, 16.002688172043012, 16.051075268817204, 16.102150537634408, 16.091397849462368, 16.083333333333336, 16.072580645161292, 15.908602150537634, 15.956989247311828, 15.731182795698924, 16.056451612903224, 15.994623655913978, 16.03763440860215, 16.099462365591396, 15.991935483870968, 15.784946236559142, 15.983870967741936, 15.715053763440864, 16.048387096774192, 15.8252688172043, 16.048387096774196, 16.024193548387096, 15.830645161290322, 15.876344086021506, 15.70967741935484, 15.975806451612904, 15.801075268817204, 15.75537634408602, 15.978494623655914, 16.002688172043012, 15.801075268817206, 15.865591397849462, 15.849462365591398, 15.89516129032258, 16.0, 16.045698924731184, 15.913978494623654, 15.879032258064518, 15.728494623655914, 15.884408602150536, 15.833333333333332, 15.655913978494624, 15.56451612903226, 15.938172043010752, 15.900537634408602, 15.89247311827957, 15.594086021505378, 15.81720430107527, 15.879032258064518, 15.715053763440862, 15.71236559139785, 15.766129032258066, 15.760752688172042, 15.838709677419356, 15.900537634408602, 15.715053763440862, 15.932795698924732, 15.688172043010752, 15.932795698924728, 15.879032258064518, 15.862903225806452, 15.919354838709678, 15.63978494623656, 15.892473118279568, 15.505376344086022, 15.653225806451612, 15.513440860215054, 15.825268817204302, 15.892473118279572, 15.629032258064516, 15.865591397849462, 15.860215053763442, 14.806451612903226, 15.086021505376344, 15.096774193548386, 15.223118279569894, 15.228494623655916, 15.161290322580646, 15.239247311827958, 15.231182795698924, 15.244623655913978, 15.233870967741936, 15.185483870967742, 15.185483870967744, 15.03225806451613, 15.239247311827956, 15.263440860215054, 15.225806451612904, 15.002688172043012, 15.163978494623654, 15.185483870967744, 15.258064516129032]",0.9128625566591533,0.9291520140150199,16,"[33, 33, 33, 33, 33, 33, 33, 33, 33, 33, 33, 33, 33, 33, 33, 33, 33, 33, 33, 33, 33, 33, 33, 33, 31, 27, 24, 24, 23, 23, 23, 22, 22, 21, 21, 20, 20, 19, 19, 19, 19, 19, 18, 18, 18, 18, 18, 18, 18, 18, 18, 18, 18, 18, 18, 18, 18, 18, 18, 18, 18, 18, 18, 18, 18, 18, 18, 18, 18, 18, 18, 18, 18, 18, 18, 18, 18, 18, 18, 18, 18, 18, 18, 18, 18, 18, 18, 18, 18, 18, 18, 18, 18, 18, 18, 18, 18, 18, 18, 18, 18, 18, 18, 18, 18, 18, 18, 18, 18, 18, 18, 18, 18, 18, 18, 18, 18, 18, 18, 18, 18, 18, 18, 18, 18, 18, 18, 18, 18, 18, 18, 18, 18, 18, 18, 18, 18, 18, 18, 18, 18, 18, 18, 18, 18, 18, 18, 18, 18, 18, 18, 18, 18, 18, 18, 18, 18, 18, 18, 18, 18, 18, 18, 18, 18, 18, 18, 18, 18, 18, 18, 18, 18, 18, 18, 18, 18, 18, 18, 18, 18, 18, 18, 18, 18, 18, 18, 18, 18, 18, 18, 18, 18, 18, 18, 18, 18, 18, 18, 18, 18, 18, 18, 18, 18, 18, 18, 18, 18, 18, 18, 18, 18, 18, 18, 18, 18, 18, 18, 17, 17, 17, 17, 17, 17, 17, 17, 17, 17, 17, 17, 17, 17, 17, 17, 17, 17, 17, 17, 17, 17, 17, 17, 17, 17, 17, 17, 17, 17, 17, 17, 17, 17, 17, 17, 17, 17, 17, 17, 17, 17, 17, 17, 17, 17, 17, 17, 17, 17, 17, 17, 17, 17, 17, 17, 17, 17, 17, 17, 17, 17, 17, 17, 17, 17, 17, 17, 17, 17, 17, 17, 17, 17, 17, 17, 17, 17, 17, 17, 17, 17, 17, 17, 17, 17, 17, 17, 17, 17, 17, 17, 17, 17, 17, 17, 17, 17, 17, 17, 17, 17, 17, 17, 17, 17, 17, 17, 17, 17, 17, 17, 17, 17, 17, 17, 17, 17, 17, 17, 17, 17, 17, 17, 17, 17, 17, 17, 17, 17, 17, 17, 17, 17, 17, 17, 17, 17, 17, 17, 17, 17, 17, 17, 17, 17, 17, 17, 17, 17, 17, 17, 17, 17, 17, 17, 17, 17, 17, 17, 17, 17, 17, 17, 17, 17, 17, 17, 17, 17, 17, 17, 17, 17, 17, 17, 17, 17, 17, 17, 17, 17, 17, 17, 17, 17, 17, 17, 17, 17, 17, 17, 17, 17, 17, 17, 17, 17, 17, 17, 17, 17, 17, 17, 17, 17, 17, 17, 17, 17, 17, 17, 17, 17, 17, 17, 16, 16, 16, 16, 16, 16, 16, 16, 16, 16, 16, 16, 16, 16, 16, 16, 16, 16, 16, 16]",455,"[0.42912405729293823, 0.4147835671901703, 0.4057077467441559, 0.3975756764411926, 0.38935351371765137, 0.38147109746932983, 0.37427330017089844, 0.3654440641403198, 0.35743820667266846, 0.3491080403327942, 0.3409004509449005, 0.3334139883518219, 0.3264639377593994, 0.3213212192058563, 0.3163837492465973, 0.3114851117134094, 0.30853480100631714, 0.3034285008907318, 0.2994919419288635, 0.29496511816978455, 0.29259437322616577, 0.29049769043922424, 0.285134494304657, 0.2833172082901001, 0.2802561819553375, 0.27700504660606384, 0.27546173334121704, 0.2727486193180084, 0.2693099081516266, 0.26633286476135254, 0.26519614458084106, 0.26159611344337463, 0.258404940366745, 0.25686928629875183, 0.25513413548469543, 0.2558218836784363, 0.2543267011642456, 0.253848135471344, 0.25035303831100464, 0.25142911076545715, 0.24856677651405334, 0.2465859055519104, 0.24814912676811218, 0.24601131677627563, 0.24522364139556885, 0.24453577399253845, 0.2442207932472229, 0.24302344024181366, 0.24111777544021606, 0.2400236278772354, 0.24048170447349548, 0.23768356442451477, 0.23882819712162018, 0.23725277185440063, 0.2350267767906189, 0.23449091613292694, 0.23354192078113556, 0.23224830627441406, 0.23323999345302582, 0.23281677067279816, 0.2318885177373886, 0.23243960738182068, 0.229021355509758, 0.2284335345029831, 0.22929275035858154, 0.2295742779970169, 0.22695590555667877, 0.22641851007938385, 0.22604744136333466, 0.2271200716495514, 0.22573024034500122, 0.2261398285627365, 0.226303368806839, 0.22297191619873047, 0.22428548336029053, 0.22157737612724304, 0.22186829149723053, 0.2222663313150406, 0.22074589133262634, 0.22204244136810303, 0.22063112258911133, 0.22327642142772675, 0.21878662705421448, 0.22126470506191254, 0.2229463756084442, 0.2182738184928894, 0.21670880913734436, 0.21792134642601013, 0.2136978656053543, 0.22020964324474335, 0.21565115451812744, 0.21552146971225739, 0.2142731249332428, 0.2125643491744995, 0.2175636738538742, 0.211257204413414, 0.21430572867393494, 0.21666623651981354, 0.21278499066829681, 0.21298696100711823, 0.21146367490291595, 0.21313169598579407, 0.21013908088207245, 0.21717141568660736, 0.21109047532081604, 0.21202592551708221, 0.21165268123149872, 0.210127055644989, 0.2080375850200653, 0.20771165192127228, 0.21119780838489532, 0.20808649063110352, 0.20775020122528076, 0.20823901891708374, 0.20485521852970123, 0.20690935850143433, 0.20939594507217407, 0.20514704287052155, 0.2049640268087387, 0.20664428174495697, 0.20362664759159088, 0.2037847936153412, 0.20601043105125427, 0.20619753003120422, 0.20582371950149536, 0.20391803979873657, 0.20290443301200867, 0.2032128870487213, 0.20577357709407806, 0.2008444368839264, 0.20335373282432556, 0.2028534710407257, 0.2058093398809433, 0.2006193995475769, 0.20392559468746185, 0.20462839305400848, 0.20168529450893402, 0.2021859735250473, 0.19985248148441315, 0.201913982629776, 0.20079763233661652, 0.20260904729366302, 0.20009036362171173, 0.2015722393989563, 0.2016158103942871, 0.2000063955783844, 0.19793826341629028, 0.20217855274677277, 0.2026137113571167, 0.2011251598596573, 0.19954481720924377, 0.20157451927661896, 0.19772452116012573, 0.20109771192073822, 0.20749811828136444, 0.19768653810024261, 0.19807888567447662, 0.19783225655555725, 0.19763365387916565, 0.19795460999011993, 0.20113196969032288, 0.19880619645118713, 0.19744709134101868, 0.1951369047164917, 0.1946653127670288, 0.19419704377651215, 0.19541792571544647, 0.19516944885253906, 0.19335705041885376, 0.19757290184497833, 0.19348090887069702, 0.1936248391866684, 0.1976586878299713, 0.1917933225631714, 0.19502197206020355, 0.19876104593276978, 0.19250638782978058, 0.19537511467933655, 0.1967647224664688, 0.196264386177063, 0.19365769624710083, 0.19145256280899048, 0.19450820982456207, 0.195606991648674, 0.19500373303890228, 0.19153739511966705, 0.1917845755815506, 0.19657263159751892, 0.19284586608409882, 0.19602064788341522, 0.19797025620937347, 0.196724072098732, 0.1918507218360901, 0.19354838132858276, 0.19395296275615692, 0.1924774944782257, 0.18825455009937286, 0.19396796822547913, 0.1900399625301361, 0.19396214187145233, 0.19047003984451294, 0.19079506397247314, 0.19057589769363403, 0.19073282182216644, 0.19265976548194885, 0.19334949553012848, 0.19473670423030853, 0.1895112842321396, 0.1889456808567047, 0.18984536826610565, 0.18794697523117065, 0.1881023645401001, 0.19061881303787231, 0.1908380091190338, 0.19062933325767517, 0.1997552365064621, 0.18803264200687408, 0.20064876973628998, 0.18694360554218292, 0.19078272581100464, 0.18717221915721893, 0.19338876008987427, 0.19455835223197937, 0.19436220824718475, 0.189920574426651, 0.19214700162410736, 0.1910230815410614, 0.191454216837883, 0.18841612339019775, 0.19026081264019012, 0.19630855321884155, 0.1970573365688324, 0.18642467260360718, 0.19176092743873596, 0.19425669312477112, 0.1863153576850891, 0.19310343265533447, 0.1886710226535797, 0.1892164796590805, 0.1968524307012558, 0.1937323808670044, 0.18608509004116058, 0.1874045878648758, 0.18956592679023743, 0.18812859058380127, 0.19188137352466583, 0.1927972286939621, 0.1938021034002304, 0.19463934004306793, 0.19580791890621185, 0.1874493807554245, 0.18924404680728912, 0.19004015624523163, 0.19328242540359497, 0.1906595379114151, 0.18712665140628815, 0.18734149634838104, 0.1914270967245102, 0.1891907900571823, 0.1843719482421875, 0.19050279259681702, 0.19202837347984314, 0.1857995241880417, 0.1893935352563858, 0.19317598640918732, 0.1898140013217926, 0.18779808282852173, 0.18875811994075775, 0.1870359480381012, 0.19311611354351044, 0.1927853524684906, 0.1942020058631897, 0.1921008825302124, 0.18992048501968384, 0.19352175295352936, 0.19098609685897827, 0.18923252820968628, 0.18933983147144318, 0.1881304234266281, 0.18684062361717224, 0.1940879076719284, 0.18792888522148132, 0.19572468101978302, 0.19060522317886353, 0.18875572085380554, 0.19571325182914734, 0.18781618773937225, 0.19259874522686005, 0.1849786639213562, 0.1867617815732956, 0.1885281205177307, 0.1901172697544098, 0.1914326548576355, 0.18880796432495117, 0.18995003402233124, 0.18489420413970947, 0.18995210528373718, 0.18913187086582184, 0.19276617467403412, 0.1844032108783722, 0.19305990636348724, 0.186039999127388, 0.18792948126792908, 0.19349853694438934, 0.1869863122701645, 0.19161823391914368, 0.18859869241714478, 0.18674203753471375, 0.18574076890945435, 0.18763147294521332, 0.1881374567747116, 0.18947847187519073, 0.18576711416244507, 0.18508613109588623, 0.1907515525817871, 0.18034511804580688, 0.19108106195926666, 0.1849413365125656, 0.18096202611923218, 0.1921292543411255, 0.18914629518985748, 0.18704062700271606, 0.18925371766090393, 0.18332074582576752, 0.1896963268518448, 0.18508034944534302, 0.189830020070076, 0.18809156119823456, 0.1874045431613922, 0.18279176950454712, 0.188534215092659, 0.18708032369613647, 0.20241360366344452, 0.18225765228271484, 0.18686160445213318, 0.19018472731113434, 0.1903253197669983, 0.1856888234615326, 0.18841548264026642, 0.19123893976211548, 0.1816052496433258, 0.18023061752319336, 0.18858224153518677, 0.18524156510829926, 0.18370656669139862, 0.18980781733989716, 0.1837596893310547, 0.18899987637996674, 0.18705131113529205, 0.1825750321149826, 0.1864532083272934, 0.1871158927679062, 0.18152651190757751, 0.18241921067237854, 0.1866115927696228, 0.1905503123998642, 0.18667832016944885, 0.19040270149707794, 0.1898406744003296, 0.18535342812538147, 0.17994779348373413, 0.18850335478782654, 0.18543022871017456, 0.1819765269756317, 0.1855934113264084, 0.1844368726015091, 0.18345052003860474, 0.18572784960269928, 0.18907389044761658, 0.199295774102211, 0.18340997397899628, 0.18128566443920135, 0.1808299869298935, 0.20081385970115662, 0.19655345380306244, 0.18622015416622162, 0.2006470113992691, 0.18974773585796356, 0.18675236403942108, 0.1809282749891281, 0.17879493534564972, 0.18713891506195068, 0.1831723153591156, 0.1835528314113617, 0.1963217705488205, 0.18129131197929382, 0.18110623955726624, 0.17953729629516602, 0.18220844864845276, 0.19254568219184875, 0.18783946335315704, 0.18187449872493744, 0.1954849660396576, 0.18051517009735107, 0.18762876093387604, 0.1825624406337738, 0.1898161768913269, 0.18765968084335327, 0.1881723552942276, 0.18858711421489716, 0.187626451253891, 0.18214687705039978, 0.18241947889328003, 0.18622982501983643, 0.18081754446029663, 0.18048745393753052, 0.18612134456634521, 0.18952681124210358, 0.19257864356040955, 0.18434491753578186, 0.1806851625442505, 0.1789456605