,number,value,datetime_start,datetime_complete,duration,params_batch_size_scaler,params_constant_learning_rate,params_depth,params_epochs,params_kernel_l2,params_num_trees,params_temperature,user_attrs_accuracy_test,user_attrs_accuracy_valid,user_attrs_approximate_feature_sparsity,user_attrs_approximate_feature_sparsity_history,user_attrs_approximate_weight_sparsity,user_attrs_approximate_weight_sparsity_history,user_attrs_auc_test,user_attrs_auc_valid,user_attrs_feature_sparsity,user_attrs_feature_sparsity_history,user_attrs_num_epochs,user_attrs_val_loss_history,user_attrs_weight_sparsity,user_attrs_weight_sparsity_history,state
38,38,0.5,2024-08-31 01:44:25.862147,2024-08-31 01:49:19.060628,0 days 00:04:53.198481,1,0.9943029422724606,4,435,0.03861103817449371,7,0.0016009161992501016,0.859,0.85875,0,"[10, 3, 3, 3, 3, 2, 2, 2, 2, 2, 2, 2, 2, 2, 2, 2, 2, 2, 2, 2, 2, 2, 2, 2, 2, 2, 2, 2, 2, 2, 2, 2, 2, 2, 2, 2, 2, 2, 2, 2, 2, 2, 2, 2, 2, 2, 2, 2, 2, 2, 2, 2, 2, 2, 2, 1, 1, 1, 1, 1, 1, 1, 1, 0, 0, 0, 0, 0, 0, 0, 0, 0, 0, 0, 0, 0, 0, 0, 0, 0, 0, 0, 0, 0, 0, 0, 0, 0, 0, 0, 0, 0, 0, 0, 0, 0, 0, 0, 0, 0, 0, 0, 0, 0, 0, 0, 0, 0, 0, 0, 0, 0, 0, 0, 0, 0, 0, 0, 0, 0, 0, 0, 0, 0, 0, 0, 0, 0, 0, 0, 0, 0, 0, 0, 0, 0, 0, 0, 0, 0, 0, 0, 0, 0, 0, 0, 0, 0, 0, 0, 0, 0, 0, 0, 0, 0, 0, 0, 0, 0, 0, 0, 0, 0, 0, 0, 0, 0, 0, 0, 0, 0, 0, 0, 0, 0, 0, 0, 0, 0, 0, 0, 0, 0, 0, 0, 0, 0, 0, 0, 0, 0, 0, 0, 0, 0, 0, 0, 0, 0, 0, 0, 0, 0, 0, 0, 0, 0, 0, 0, 0, 0, 0, 0, 0, 0, 0, 0, 0, 0, 0, 0, 0, 0, 0, 0, 0, 0, 0, 0, 0, 0, 0, 0, 0, 0, 0, 0, 0, 0, 0, 0, 0, 0, 0, 0, 0, 0, 0, 0, 0, 0, 0, 0, 0, 0, 0, 0, 0, 0, 0, 0, 0, 0, 0, 0, 0, 0, 0, 0, 0, 0, 0, 0, 0, 0, 0, 0, 0, 0, 0, 0, 0, 0, 0, 0, 0, 0, 0, 0, 0, 0, 0, 0, 0, 0, 0, 0, 0, 0, 0, 0, 0, 0, 0, 0, 0, 0, 0, 0, 0, 0, 0, 0, 0, 0, 0, 0, 0, 0, 0, 0, 0, 0, 0, 0, 0, 0, 0, 0, 0, 0, 0, 0, 0, 0, 0, 0, 0, 0, 0, 0, 0, 0, 0, 0, 0, 0, 0, 0, 0, 0, 0, 0, 0, 0, 0, 0, 0, 0, 0, 0, 0, 0, 0, 0, 0, 0, 0, 0, 0, 0, 0, 0, 0, 0, 0, 0, 0, 0, 0, 0, 0, 0, 0, 0, 0, 0, 0, 0, 0, 0, 0, 0, 0, 0, 0, 0, 0, 0, 0, 0, 0, 0, 0, 0, 0, 0, 0, 0, 0, 0, 0, 0, 0, 0, 0, 0, 0, 0, 0, 0, 0, 0, 0, 0, 0, 0, 0, 0, 0, 0, 0, 0, 0]",0.0,"[10.0, 3.0, 3.0, 3.0, 3.0, 2.0, 2.0, 1.9904761904761905, 2.0, 2.0, 1.980952380952381, 2.0, 2.0, 2.0, 2.0, 2.0, 2.0, 2.0, 2.0, 2.0, 2.0, 2.0, 2.0, 2.0, 2.0, 2.0, 2.0, 2.0, 2.0, 2.0, 1.9904761904761905, 1.9904761904761905, 1.9904761904761905, 1.9904761904761905, 1.980952380952381, 1.9904761904761905, 1.9904761904761905, 1.9904761904761905, 1.980952380952381, 2.0, 2.0, 2.0, 1.9904761904761905, 2.0, 2.0, 2.0, 2.0, 1.9904761904761905, 1.9904761904761905, 2.0, 2.0, 1.9904761904761905, 2.0, 2.0, 1.9904761904761905, 1.0, 1.0, 1.0, 0.9904761904761905, 0.9904761904761905, 1.0, 1.0, 1.0, 0.0, 0.0, 0.0, 0.0, 0.0, 0.0, 0.0, 0.0, 0.0, 0.0, 0.0, 0.0, 0.0, 0.0, 0.0, 0.0, 0.0, 0.0, 0.0, 0.0, 0.0, 0.0, 0.0, 0.0, 0.0, 0.0, 0.0, 0.0, 0.0, 0.0, 0.0, 0.0, 0.0, 0.0, 0.0, 0.0, 0.0, 0.0, 0.0, 0.0, 0.0, 0.0, 0.0, 0.0, 0.0, 0.0, 0.0, 0.0, 0.0, 0.0, 0.0, 0.0, 0.0, 0.0, 0.0, 0.0, 0.0, 0.0, 0.0, 0.0, 0.0, 0.0, 0.0, 0.0, 0.0, 0.0, 0.0, 0.0, 0.0, 0.0, 0.0, 0.0, 0.0, 0.0, 0.0, 0.0, 0.0, 0.0, 0.0, 0.0, 0.0, 0.0, 0.0, 0.0, 0.0, 0.0, 0.0, 0.0, 0.0, 0.0, 0.0, 0.0, 0.0, 0.0, 0.0, 0.0, 0.0, 0.0, 0.0, 0.0, 0.0, 0.0, 0.0, 0.0, 0.0, 0.0, 0.0, 0.0, 0.0, 0.0, 0.0, 0.0, 0.0, 0.0, 0.0, 0.0, 0.0, 0.0, 0.0, 0.0, 0.0, 0.0, 0.0, 0.0, 0.0, 0.0, 0.0, 0.0, 0.0, 0.0, 0.0, 0.0, 0.0, 0.0, 0.0, 0.0, 0.0, 0.0, 0.0, 0.0, 0.0, 0.0, 0.0, 0.0, 0.0, 0.0, 0.0, 0.0, 0.0, 0.0, 0.0, 0.0, 0.0, 0.0, 0.0, 0.0, 0.0, 0.0, 0.0, 0.0, 0.0, 0.0, 0.0, 0.0, 0.0, 0.0, 0.0, 0.0, 0.0, 0.0, 0.0, 0.0, 0.0, 0.0, 0.0, 0.0, 0.0, 0.0, 0.0, 0.0, 0.0, 0.0, 0.0, 0.0, 0.0, 0.0, 0.0, 0.0, 0.0, 0.0, 0.0, 0.0, 0.0, 0.0, 0.0, 0.0, 0.0, 0.0, 0.0, 0.0, 0.0, 0.0, 0.0, 0.0, 0.0, 0.0, 0.0, 0.0, 0.0, 0.0, 0.0, 0.0, 0.0, 0.0, 0.0, 0.0, 0.0, 0.0, 0.0, 0.0, 0.0, 0.0, 0.0, 0.0, 0.0, 0.0, 0.0, 0.0, 0.0, 0.0, 0.0, 0.0, 0.0, 0.0, 0.0, 0.0, 0.0, 0.0, 0.0, 0.0, 0.0, 0.0, 0.0, 0.0, 0.0, 0.0, 0.0, 0.0, 0.0, 0.0, 0.0, 0.0, 0.0, 0.0, 0.0, 0.0, 0.0, 0.0, 0.0, 0.0, 0.0, 0.0, 0.0, 0.0, 0.0, 0.0, 0.0, 0.0, 0.0, 0.0, 0.0, 0.0, 0.0, 0.0, 0.0, 0.0, 0.0, 0.0, 0.0, 0.0, 0.0, 0.0, 0.0, 0.0, 0.0, 0.0, 0.0, 0.0, 0.0, 0.0, 0.0, 0.0, 0.0, 0.0, 0.0, 0.0, 0.0, 0.0, 0.0, 0.0, 0.0, 0.0, 0.0, 0.0, 0.0, 0.0, 0.0, 0.0, 0.0, 0.0, 0.0, 0.0, 0.0, 0.0, 0.0, 0.0, 0.0, 0.0, 0.0, 0.0, 0.0, 0.0, 0.0, 0.0, 0.0, 0.0, 0.0, 0.0, 0.0, 0.0, 0.0, 0.0, 0.0, 0.0, 0.0, 0.0, 0.0, 0.0, 0.0, 0.0, 0.0, 0.0, 0.0, 0.0, 0.0, 0.0, 0.0, 0.0, 0.0, 0.0, 0.0, 0.0, 0.0, 0.0, 0.0, 0.0, 0.0, 0.0, 0.0, 0.0, 0.0, 0.0, 0.0, 0.0, 0.0, 0.0, 0.0, 0.0, 0.0, 0.0, 0.0, 0.0]",0.5,0.5,0,"[10, 3, 3, 3, 3, 2, 2, 2, 2, 2, 2, 2, 2, 2, 2, 2, 2, 2, 2, 2, 2, 2, 2, 2, 2, 2, 2, 2, 2, 2, 2, 2, 2, 2, 2, 2, 2, 2, 2, 2, 2, 2, 2, 2, 2, 2, 2, 2, 2, 2, 2, 2, 2, 2, 2, 1, 1, 1, 1, 1, 1, 1, 1, 0, 0, 0, 0, 0, 0, 0, 0, 0, 0, 0, 0, 0, 0, 0, 0, 0, 0, 0, 0, 0, 0, 0, 0, 0, 0, 0, 0, 0, 0, 0, 0, 0, 0, 0, 0, 0, 0, 0, 0, 0, 0, 0, 0, 0, 0, 0, 0, 0, 0, 0, 0, 0, 0, 0, 0, 0, 0, 0, 0, 0, 0, 0, 0, 0, 0, 0, 0, 0, 0, 0, 0, 0, 0, 0, 0, 0, 0, 0, 0, 0, 0, 0, 0, 0, 0, 0, 0, 0, 0, 0, 0, 0, 0, 0, 0, 0, 0, 0, 0, 0, 0, 0, 0, 0, 0, 0, 0, 0, 0, 0, 0, 0, 0, 0, 0, 0, 0, 0, 0, 0, 0, 0, 0, 0, 0, 0, 0, 0, 0, 0, 0, 0, 0, 0, 0, 0, 0, 0, 0, 0, 0, 0, 0, 0, 0, 0, 0, 0, 0, 0, 0, 0, 0, 0, 0, 0, 0, 0, 0, 0, 0, 0, 0, 0, 0, 0, 0, 0, 0, 0, 0, 0, 0, 0, 0, 0, 0, 0, 0, 0, 0, 0, 0, 0, 0, 0, 0, 0, 0, 0, 0, 0, 0, 0, 0, 0, 0, 0, 0, 0, 0, 0, 0, 0, 0, 0, 0, 0, 0, 0, 0, 0, 0, 0, 0, 0, 0, 0, 0, 0, 0, 0, 0, 0, 0, 0, 0, 0, 0, 0, 0, 0, 0, 0, 0, 0, 0, 0, 0, 0, 0, 0, 0, 0, 0, 0, 0, 0, 0, 0, 0, 0, 0, 0, 0, 0, 0, 0, 0, 0, 0, 0, 0, 0, 0, 0, 0, 0, 0, 0, 0, 0, 0, 0, 0, 0, 0, 0, 0, 0, 0, 0, 0, 0, 0, 0, 0, 0, 0, 0, 0, 0, 0, 0, 0, 0, 0, 0, 0, 0, 0, 0, 0, 0, 0, 0, 0, 0, 0, 0, 0, 0, 0, 0, 0, 0, 0, 0, 0, 0, 0, 0, 0, 0, 0, 0, 0, 0, 0, 0, 0, 0, 0, 0, 0, 0, 0, 0, 0, 0, 0, 0, 0, 0, 0, 0, 0, 0, 0, 0, 0, 0, 0, 0, 0, 0, 0, 0, 0, 0, 0, 0, 0, 0, 0, 0, 0, 0, 0, 0, 0]",435,"[0.29413822293281555, 0.3333297669887543, 0.33095109462738037, 0.31376978754997253, 0.31427085399627686, 0.33825019001960754, 0.33425262570381165, 0.33557048439979553, 0.33721134066581726, 0.3322996199131012, 0.33507347106933594, 0.3319714069366455, 0.3297636806964874, 0.3293287754058838, 0.3308257758617401, 0.33341965079307556, 0.34380874037742615, 0.3491077125072479, 0.33202284574508667, 0.3314485549926758, 0.32751139998435974, 0.32964539527893066, 0.3314973711967468, 0.3291168212890625, 0.3277394771575928, 0.33265477418899536, 0.33058953285217285, 0.3272889256477356, 0.3331015110015869, 0.34398120641708374, 0.33134695887565613, 0.34976792335510254, 0.33399927616119385, 0.3375372588634491, 0.3271384537220001, 0.328403115272522, 0.3257215917110443, 0.32770317792892456, 0.33399689197540283, 0.33560970425605774, 0.3328719735145569, 0.32897746562957764, 0.32588881254196167, 0.3276544213294983, 0.3268702030181885, 0.32857319712638855, 0.3286055326461792, 0.3252921998500824, 0.348134845495224, 0.33581429719924927, 0.3263205587863922, 0.3307268023490906, 0.32447585463523865, 0.32920020818710327, 0.331984281539917, 0.3785291016101837, 0.35934826731681824, 0.36537307500839233, 0.3622082471847534, 0.3609951138496399, 0.3686635494232178, 0.361576646566391, 0.3615533113479614, 0.4256473481655121, 0.40747278928756714, 0.4080218970775604, 0.4212764501571655, 0.4073672890663147, 0.4086134731769562, 0.40813198685646057, 0.40724486112594604, 0.40823569893836975, 0.4083699882030487, 0.4080566167831421, 0.4072284400463104, 0.40723416209220886, 0.4074627161026001, 0.4076955318450928, 0.4072337746620178, 0.4072261154651642, 0.40722981095314026, 0.4104829430580139, 0.40785208344459534, 0.4110078513622284, 0.4090251922607422, 0.40786346793174744, 0.40912577509880066, 0.4090215265750885, 0.4086805582046509, 0.40844082832336426, 0.41618502140045166, 0.4075124263763428, 0.4122832119464874, 0.4086190462112427, 0.4072280526161194, 0.4081372320652008, 0.40724968910217285, 0.4096313416957855, 0.4096224308013916, 0.4108135998249054, 0.4082309603691101, 0.4073925018310547, 0.4157116711139679, 0.4112246036529541, 0.4110568165779114, 0.407235711812973, 0.4081096947193146, 0.41189292073249817, 0.4132555425167084, 0.40723609924316406, 0.41284629702568054, 0.4095974266529083, 0.41107678413391113, 0.4076271951198578, 0.40755772590637207, 0.4073115885257721, 0.4083743989467621, 0.4090304672718048, 0.40748652815818787, 0.4201313257217407, 0.4078207015991211, 0.40751567482948303, 0.4095989167690277, 0.4093934893608093, 0.409073144197464, 0.407275915145874, 0.4078298807144165, 0.40766555070877075, 0.40748488903045654, 0.4105707108974457, 0.4077197015285492, 0.4075566530227661, 0.4103161096572876, 0.40975865721702576, 0.40901800990104675, 0.40723299980163574, 0.4100593328475952, 0.4072607457637787, 0.41416987776756287, 0.4095648527145386, 0.4098978042602539, 0.40957653522491455, 0.40723201632499695, 0.4085388481616974, 0.40868884325027466, 0.40810054540634155, 0.4084323048591614, 0.40999484062194824, 0.40724819898605347, 0.40897849202156067, 0.4093804657459259, 0.40731459856033325, 0.40797317028045654, 0.40749579668045044, 0.40829718112945557, 0.4073193371295929, 0.410727858543396, 0.4095236659049988, 0.4110206663608551, 0.4072456657886505, 0.407321572303772, 0.4072495996952057, 0.40810924768447876, 0.41033515334129333, 0.40722882747650146, 0.4083809554576874, 0.4076513350009918, 0.4076460897922516, 0.4072302281856537, 0.40723904967308044, 0.4072338342666626, 0.4103270471096039, 0.40837424993515015, 0.4073196351528168, 0.40745365619659424, 0.40728437900543213, 0.4072483479976654, 0.40772637724876404, 0.4077487587928772, 0.4096710979938507, 0.40968331694602966, 0.40773361921310425, 0.4077208638191223, 0.40775203704833984, 0.4078065752983093, 0.4085957705974579, 0.40928322076797485, 0.40768447518348694, 0.41051602363586426, 0.4089178442955017, 0.41318827867507935, 0.41016411781311035, 0.4159112572669983, 0.4072296619415283, 0.40852898359298706, 0.4090811610221863, 0.4162212014198303, 0.40805739164352417, 0.40750694274902344, 0.4072498083114624, 0.41284385323524475, 0.4072703421115875, 0.4075993299484253, 0.41017967462539673, 0.4075954854488373, 0.4074282944202423, 0.4109790027141571, 0.4073423743247986, 0.40797439217567444, 0.40766891837120056, 0.4074859619140625, 0.4102623462677002, 0.409406840801239, 0.40733322501182556, 0.41381412744522095, 0.40930870175361633, 0.40722864866256714, 0.407317191362381, 0.4119997024536133, 0.40953150391578674, 0.41081106662750244, 0.4072567820549011, 0.40726566314697266, 0.4076431393623352, 0.4081633687019348, 0.41514691710472107, 0.4075149595737457, 0.4081076681613922, 0.40840330719947815, 0.4078814387321472, 0.4101983904838562, 0.4155372381210327, 0.40741732716560364, 0.41386863589286804, 0.4072645902633667, 0.40774837136268616, 0.40929168462753296, 0.40907013416290283, 0.4075244665145874, 0.4101959466934204, 0.40728238224983215, 0.4072709381580353, 0.40726158022880554, 0.4086145758628845, 0.4084787368774414, 0.41044995188713074, 0.40745124220848083, 0.41136905550956726, 0.40859293937683105, 0.4126087427139282, 0.4132598638534546, 0.4086182117462158, 0.40920719504356384, 0.4072549045085907, 0.40770235657691956, 0.40727055072784424, 0.4116806089878082, 0.410361111164093, 0.4082455337047577, 0.4109826385974884, 0.40835583209991455, 0.4077951908111572, 0.4072563648223877, 0.4120968282222748, 0.4084652066230774, 0.40722644329071045, 0.40722978115081787, 0.4082592725753784, 0.4078202545642853, 0.4124581813812256, 0.4101208746433258, 0.4079280197620392, 0.40739932656288147, 0.4074270725250244, 0.4080067574977875, 0.41748514771461487, 0.41044139862060547, 0.40762749314308167, 0.410032719373703, 0.4101719558238983, 0.40812793374061584, 0.40731608867645264, 0.41034629940986633, 0.4116964340209961, 0.40782010555267334, 0.4080626666545868, 0.4074404835700989, 0.4072418212890625, 0.4081963002681732, 0.4093153476715088, 0.4076881408691406, 0.4145424962043762, 0.42065945267677307, 0.40967124700546265, 0.4112246036529541, 0.40852510929107666, 0.408767431974411, 0.40724682807922363, 0.40726006031036377, 0.40852874517440796, 0.40738382935523987, 0.41118377447128296, 0.4080354571342468, 0.40839481353759766, 0.4072778820991516, 0.4135150611400604, 0.4097335934638977, 0.4078603982925415, 0.4118711054325104, 0.4087029993534088, 0.4075688123703003, 0.4073856770992279, 0.41530025005340576, 0.4073573350906372, 0.40868228673934937, 0.4113452136516571, 0.4079655408859253, 0.40724313259124756, 0.4075210988521576, 0.40799063444137573, 0.40729668736457825, 0.4072289764881134, 0.4102485775947571, 0.40744465589523315, 0.4099133610725403, 0.4088900685310364, 0.40731361508369446, 0.4073523283004761, 0.4082513153553009, 0.40724635124206543, 0.40786564350128174, 0.40726032853126526, 0.4126843512058258, 0.41406479477882385, 0.41073113679885864, 0.4077621400356293, 0.40728747844696045, 0.40744444727897644, 0.40723592042922974, 0.40728065371513367, 0.41582587361335754, 0.4075358211994171, 0.4122060537338257, 0.42220842838287354, 0.4077709913253784, 0.40734198689460754, 0.40735477209091187, 0.40737923979759216, 0.4082697927951813, 0.4085165858268738, 0.4074641466140747, 0.4082854390144348, 0.4079497456550598, 0.40728363394737244, 0.40817347168922424, 0.4084269404411316, 0.4072338938713074, 0.4083705544471741, 0.40896499156951904, 0.4097975194454193, 0.41897979378700256, 0.4077030122280121, 0.40798553824424744, 0.408782035112381, 0.4074140191078186, 0.41410407423973083, 0.4079934060573578, 0.4102584421634674, 0.4093179702758789, 0.4078066945075989, 0.4074040949344635, 0.4170903265476227, 0.4073316156864166, 0.4088870882987976, 0.40728431940078735, 0.40739697217941284, 0.4072262942790985, 0.41048160195350647, 0.407492995262146, 0.409333735704422, 0.40727242827415466, 0.40743422508239746, 0.40743279457092285, 0.4081364572048187, 0.40862059593200684, 0.4074540436267853, 0.41173720359802246, 0.4078962802886963, 0.4095474183559418, 0.4076721668243408, 0.4072263836860657, 0.40775543451309204, 0.40735703706741333, 0.4099145829677582, 0.40785443782806396, 0.40723443031311035, 0.40729087591171265, 0.4081425368785858, 0.41401126980781555, 0.4077698588371277, 0.4074726402759552, 0.4074552059173584, 0.4139236509799957, 0.4074149429798126, 0.40905746817588806, 0.4080987274646759, 0.40776869654655457, 0.40750256180763245, 0.4153730273246765, 0.40725475549697876, 0.41736605763435364, 0.4076659083366394, 0.4072617292404175, 0.4089444875717163, 0.4072541892528534, 0.4072590172290802, 0.40731433033943176, 0.40796756744384766, 0.4207026958465576, 0.4077795445919037, 0.4118800461292267, 0.4072341024875641, 0.41055533289909363, 0.4168489873409271, 0.4074229896068573, 0.4081728458404541, 0.4090006947517395, 0.40858209133148193, 0.40953686833381653, 0.4072954058647156, 0.4072537124156952, 0.40813061594963074, 0.4080692529678345, 0.4077628254890442, 0.4072292447090149]",0.0,"[10.0, 3.0, 3.0, 3.0, 3.0, 2.0, 2.0, 2.0, 2.0, 2.0, 2.0, 2.0, 2.0, 2.0, 2.0, 2.0, 2.0, 2.0, 2.0, 2.0, 2.0, 2.0, 2.0, 2.0, 2.0, 2.0, 2.0, 2.0, 2.0, 2.0, 2.0, 2.0, 2.0, 2.0, 2.0, 2.0, 2.0, 2.0, 2.0, 2.0, 2.0, 2.0, 2.0, 2.0, 2.0, 2.0, 2.0, 2.0, 2.0, 2.0, 2.0, 2.0, 2.0, 2.0, 2.0, 1.0, 1.0, 1.0, 1.0, 1.0, 1.0, 1.0, 1.0, 0.0, 0.0, 0.0, 0.0, 0.0, 0.0, 0.0, 0.0, 0.0, 0.0, 0.0, 0.0, 0.0, 0.0, 0.0, 0.0, 0.0, 0.0, 0.0, 0.0, 0.0, 0.0, 0.0, 0.0, 0.0, 0.0, 0.0, 0.0, 0.0, 0.0, 0.0, 0.0, 0.0, 0.0, 0.0, 0.0, 0.0, 0.0, 0.0, 0.0, 0.0, 0.0, 0.0, 0.0, 0.0, 0.0, 0.0, 0.0, 0.0, 0.0, 0.0, 0.0, 0.0, 0.0, 0.0, 0.0, 0.0, 0.0, 0.0, 0.0, 0.0, 0.0, 0.0, 0.0, 0.0, 0.0, 0.0, 0.0, 0.0, 0.0, 0.0, 0.0, 0.0, 0.0, 0.0, 0.0, 0.0, 0.0, 0.0, 0.0, 0.0, 0.0, 0.0, 0.0, 0.0, 0.0, 0.0, 0.0, 0.0, 0.0, 0.0, 0.0, 0.0, 0.0, 0.0, 0.0, 0.0, 0.0, 0.0, 0.0, 0.0, 0.0, 0.0, 0.0, 0.0, 0.0, 0.0, 0.0, 0.0, 0.0, 0.0, 0.0, 0.0, 0.0, 0.0, 0.0, 0.0, 0.0, 0.0, 0.0, 0.0, 0.0, 0.0, 0.0, 0.0, 0.0, 0.0, 0.0, 0.0, 0.0, 0.0, 0.0, 0.0, 0.0, 0.0, 0.0, 0.0, 0.0, 0.0, 0.0, 0.0, 0.0, 0.0, 0.0, 0.0, 0.0, 0.0, 0.0, 0.0, 0.0, 0.0, 0.0, 0.0, 0.0, 0.0, 0.0, 0.0, 0.0, 0.0, 0.0, 0.0, 0.0, 0.0, 0.0, 0.0, 0.0, 0.0, 0.0, 0.0, 0.0, 0.0, 0.0, 0.0, 0.0, 0.0, 0.0, 0.0, 0.0, 0.0, 0.0, 0.0, 0.0, 0.0, 0.0, 0.0, 0.0, 0.0, 0.0, 0.0, 0.0, 0.0, 0.0, 0.0, 0.0, 0.0, 0.0, 0.0, 0.0, 0.0, 0.0, 0.0, 0.0, 0.0, 0.0, 0.0, 0.0, 0.0, 0.0, 0.0, 0.0, 0.0, 0.0, 0.0, 0.0, 0.0, 0.0, 0.0, 0.0, 0.0, 0.0, 0.0, 0.0, 0.0, 0.0, 0.0, 0.0, 0.0, 0.0, 0.0, 0.0, 0.0, 0.0, 0.0, 0.0, 0.0, 0.0, 0.0, 0.0, 0.0, 0.0, 0.0, 0.0, 0.0, 0.0, 0.0, 0.0, 0.0, 0.0, 0.0, 0.0, 0.0, 0.0, 0.0, 0.0, 0.0, 0.0, 0.0, 0.0, 0.0, 0.0, 0.0, 0.0, 0.0, 0.0, 0.0, 0.0, 0.0, 0.0, 0.0, 0.0, 0.0, 0.0, 0.0, 0.0, 0.0, 0.0, 0.0, 0.0, 0.0, 0.0, 0.0, 0.0, 0.0, 0.0, 0.0, 0.0, 0.0, 0.0, 0.0, 0.0, 0.0, 0.0, 0.0, 0.0, 0.0, 0.0, 0.0, 0.0, 0.0, 0.0, 0.0, 0.0, 0.0, 0.0, 0.0, 0.0, 0.0, 0.0, 0.0, 0.0, 0.0, 0.0, 0.0, 0.0, 0.0, 0.0, 0.0, 0.0, 0.0, 0.0, 0.0, 0.0, 0.0, 0.0, 0.0, 0.0, 0.0, 0.0, 0.0, 0.0, 0.0, 0.0, 0.0, 0.0, 0.0, 0.0, 0.0, 0.0, 0.0, 0.0, 0.0, 0.0, 0.0, 0.0, 0.0, 0.0, 0.0, 0.0, 0.0, 0.0, 0.0, 0.0, 0.0, 0.0, 0.0, 0.0, 0.0, 0.0, 0.0, 0.0, 0.0, 0.0, 0.0, 0.0, 0.0, 0.0, 0.0, 0.0, 0.0, 0.0, 0.0, 0.0]",COMPLETE
