,number,value,datetime_start,datetime_complete,duration,params_batch_size_scaler,params_constant_learning_rate,params_depth,params_epochs,params_kernel_l2,params_num_trees,params_temperature,user_attrs_accuracy_test,user_attrs_accuracy_valid,user_attrs_approximate_feature_sparsity,user_attrs_approximate_feature_sparsity_history,user_attrs_approximate_weight_sparsity,user_attrs_approximate_weight_sparsity_history,user_attrs_auc_test,user_attrs_auc_valid,user_attrs_feature_sparsity,user_attrs_feature_sparsity_history,user_attrs_num_epochs,user_attrs_val_loss_history,user_attrs_weight_sparsity,user_attrs_weight_sparsity_history,state
123,123,0.9023328309567054,2024-08-31 07:01:17.481555,2024-08-31 07:02:11.152842,0 days 00:00:53.671287,64,0.16057993860201994,3,440,0.020556376104163537,70,0.07824585490683646,0.899,0.89,33,"[33, 33, 33, 33, 33, 33, 33, 33, 33, 33, 33, 33, 33, 33, 33, 33, 33, 33, 33, 33, 33, 33, 33, 33, 33, 33, 33, 33, 33, 33, 33, 33, 33, 33, 33, 33, 33, 33, 33, 33, 33, 33, 33, 33, 33, 33, 33, 33, 33, 33, 33, 33, 33, 33, 33, 33, 33, 33, 33, 33, 33, 33, 33, 33, 33, 33, 33, 33, 33, 33, 33, 33, 33, 33, 33, 33, 33, 33, 33, 33, 33, 33, 33, 33, 33, 33, 33, 33, 33, 33, 33, 33, 33, 33, 33, 33, 33, 33, 33, 33, 33, 33, 33, 33, 33, 33, 33, 33, 33, 33, 33, 33, 33, 33, 33, 33, 33, 33, 33, 33, 33, 33, 33, 33, 33, 33, 33, 33, 33, 33, 33, 33, 33, 33, 33, 33, 33, 33, 33, 33, 33, 33, 33, 33, 33, 33, 33, 33, 33, 33, 33, 33, 33, 33, 33, 33, 33, 33, 33, 33, 33, 33, 33, 33, 33, 33, 33, 33, 33, 33, 33, 33, 33, 33, 33, 33, 33, 33, 33, 33, 33, 33, 33, 33, 33, 33, 33, 33, 33, 33, 33, 33, 33, 33, 33, 33, 33, 33, 33, 33, 33, 33, 33, 33, 33, 33, 33, 33, 33, 33, 33, 33, 33, 33, 33, 33, 33, 33, 33, 33, 33, 33, 33, 33, 33, 33, 33, 33, 33, 33, 33, 33, 33, 33, 33, 33, 33, 33, 33, 33, 33, 33, 33, 33, 33, 33, 33, 33, 33, 33, 33, 33, 33, 33, 33, 33, 33, 33, 33, 33, 33, 33, 33, 33, 33, 33, 33, 33, 33, 33, 33, 33, 33, 33, 33, 33, 33, 33, 33, 33, 33, 33, 33, 33, 33, 33, 33, 33, 33, 33, 33, 33, 33, 33, 33, 33, 33, 33, 33, 33, 33, 33, 33, 33, 33, 33, 33, 33, 33, 33, 33, 33, 33, 33, 33, 33, 33, 33, 33, 33, 33, 33, 33, 33, 33, 33, 33, 33, 33, 33, 33, 33, 33, 33, 33, 33, 33, 33, 33, 33, 33, 33, 33, 33, 33, 33, 33, 33, 33, 33, 33, 33, 33, 33, 33, 33, 33, 33, 33, 33, 33, 33, 33, 33, 33, 33, 33, 33, 33, 33, 33, 33, 33, 33, 33, 33, 33, 33, 33, 33, 33, 33, 33, 33, 33, 33, 33, 33, 33, 33, 33, 33, 33, 33, 33, 33, 33, 33, 33, 33, 33, 33, 33, 33, 33, 33, 33, 33, 33, 33, 33, 33, 33, 33, 33, 33, 33, 33, 33, 33, 33, 33, 33, 33, 33, 33, 33, 33, 33, 33, 33, 33, 33, 33, 33, 33, 33, 33, 33, 33]",32.981632653061226,"[32.95918367346938, 32.95714285714286, 32.97551020408163, 32.96326530612245, 32.9734693877551, 32.96938775510204, 32.95510204081633, 32.95510204081633, 32.9734693877551, 32.96938775510204, 32.96122448979592, 32.967346938775506, 32.96530612244898, 32.96530612244898, 32.96326530612245, 32.97142857142857, 32.97551020408163, 32.9734693877551, 32.97142857142857, 32.981632653061226, 32.9734693877551, 32.96938775510204, 32.96530612244898, 32.9734693877551, 32.9734693877551, 32.97959183673469, 32.967346938775506, 32.97142857142857, 32.97959183673469, 32.97551020408163, 32.96938775510204, 32.967346938775506, 32.96122448979592, 32.97142857142857, 32.957142857142856, 32.95918367346938, 32.967346938775506, 32.9734693877551, 32.9734693877551, 32.981632653061226, 32.97755102040816, 32.97142857142857, 32.967346938775506, 32.967346938775506, 32.96938775510204, 32.97142857142857, 32.97551020408163, 32.9734693877551, 32.96938775510204, 32.96938775510204, 32.96938775510204, 32.96326530612245, 32.967346938775506, 32.96938775510204, 32.953061224489794, 32.95918367346939, 32.95510204081633, 32.96326530612245, 32.957142857142856, 32.96326530612245, 32.96734693877551, 32.96938775510204, 32.96530612244898, 32.97142857142857, 32.97142857142857, 32.96122448979592, 32.96938775510204, 32.981632653061226, 32.97755102040816, 32.97551020408163, 32.97551020408163, 32.987755102040815, 32.97142857142857, 32.97551020408163, 32.97551020408163, 32.97551020408163, 32.96938775510204, 32.96938775510204, 32.97959183673469, 32.977551020408164, 32.97551020408163, 32.96530612244898, 32.97551020408163, 32.97959183673469, 32.97755102040816, 32.98979591836735, 32.981632653061226, 32.9734693877551, 32.9734693877551, 32.9734693877551, 32.97551020408163, 32.97142857142857, 32.96122448979592, 32.981632653061226, 32.98367346938775, 32.97959183673469, 32.97959183673469, 32.98571428571428, 32.981632653061226, 32.97755102040816, 32.97755102040816, 32.98367346938775, 32.96938775510204, 32.98367346938775, 32.97551020408163, 32.97755102040816, 32.9734693877551, 32.97551020408163, 32.971428571428575, 32.971428571428575, 32.96938775510204, 32.967346938775506, 32.977551020408164, 32.97755102040816, 32.96938775510204, 32.967346938775506, 32.95510204081633, 32.953061224489794, 32.95918367346939, 32.96122448979592, 32.967346938775506, 32.969387755102034, 32.97755102040816, 32.9734693877551, 32.97755102040816, 32.9734693877551, 32.977551020408164, 32.967346938775506, 32.96122448979592, 32.96122448979592, 32.96530612244898, 32.957142857142856, 32.967346938775506, 32.96326530612245, 32.967346938775506, 32.97142857142857, 32.97142857142857, 32.96530612244898, 32.96122448979592, 32.96122448979592, 32.957142857142856, 32.957142857142856, 32.95102040816327, 32.95918367346938, 32.96326530612245, 32.9530612244898, 32.96326530612245, 32.971428571428575, 32.96938775510204, 32.9734693877551, 32.9734693877551, 32.96530612244898, 32.9734693877551, 32.977551020408164, 32.977551020408164, 32.96938775510204, 32.97551020408163, 32.963265306122445, 32.96530612244898, 32.97142857142857, 32.97755102040816, 32.957142857142856, 32.97959183673469, 32.981632653061226, 32.97551020408163, 32.9734693877551, 32.981632653061226, 32.97142857142857, 32.9734693877551, 32.96530612244898, 32.96938775510204, 32.96734693877551, 32.96734693877551, 32.96938775510204, 32.96530612244898, 32.9734693877551, 32.9734693877551, 32.967346938775506, 32.95918367346938, 32.96122448979592, 32.96530612244898, 32.97142857142857, 32.971428571428575, 32.97551020408163, 32.97755102040816, 32.97551020408163, 32.97551020408163, 32.97142857142857, 32.967346938775506, 32.9734693877551, 32.96938775510204, 32.97142857142857, 32.96326530612245, 32.96530612244898, 32.967346938775506, 32.9734693877551, 32.957142857142856, 32.96122448979592, 32.96938775510204, 32.96122448979592, 32.961224489795924, 32.971428571428575, 32.95918367346938, 32.9734693877551, 32.97959183673469, 32.97959183673469, 32.96938775510204, 32.97755102040816, 32.97551020408163, 32.96938775510204, 32.9734693877551, 32.957142857142856, 32.96326530612245, 32.96530612244898, 32.969387755102034, 32.96938775510204, 32.967346938775506, 32.967346938775506, 32.96530612244898, 32.96938775510204, 32.96530612244898, 32.97551020408163, 32.9734693877551, 32.9734693877551, 32.96938775510204, 32.97142857142857, 32.9734693877551, 32.96326530612245, 32.967346938775506, 32.96938775510204, 32.9734693877551, 32.981632653061226, 32.97959183673469, 32.971428571428575, 32.96122448979592, 32.96326530612245, 32.96938775510204, 32.96122448979592, 32.96734693877551, 32.9734693877551, 32.95102040816327, 32.96530612244898, 32.96938775510204, 32.9734693877551, 32.9734693877551, 32.96938775510204, 32.97142857142857, 32.9734693877551, 32.96734693877551, 32.96734693877551, 32.96734693877551, 32.9734693877551, 32.95918367346939, 32.96938775510204, 32.97142857142857, 32.97142857142857, 32.97142857142857, 32.97959183673469, 32.97142857142857, 32.97551020408163, 32.96938775510204, 32.971428571428575, 32.96530612244898, 32.97142857142857, 32.96530612244898, 32.96530612244898, 32.96530612244898, 32.967346938775506, 32.96326530612245, 32.96326530612245, 32.963265306122445, 32.96938775510204, 32.96122448979592, 32.97142857142857, 32.96326530612245, 32.9734693877551, 32.981632653061226, 32.97755102040816, 32.97142857142857, 32.98367346938775, 32.97551020408163, 32.9734693877551, 32.96734693877551, 32.97142857142857, 32.967346938775506, 32.97755102040816, 32.96122448979592, 32.96530612244898, 32.95918367346938, 32.95510204081633, 32.95918367346938, 32.95102040816326, 32.96326530612245, 32.96122448979592, 32.963265306122445, 32.96122448979592, 32.96530612244898, 32.97142857142857, 32.96326530612245, 32.96530612244898, 32.967346938775506, 32.967346938775506, 32.96938775510204, 32.97142857142857, 32.9734693877551, 32.967346938775506, 32.9734693877551, 32.96938775510204, 32.97551020408163, 32.969387755102034, 32.97142857142857, 32.9734693877551, 32.97959183673469, 32.97551020408163, 32.97959183673469, 32.97755102040816, 32.9734693877551, 32.97142857142857, 32.97142857142857, 32.96326530612245, 32.96734693877551, 32.96326530612245, 32.963265306122445, 32.95510204081633, 32.9734693877551, 32.96938775510204, 32.96938775510204, 32.96530612244898, 32.97551020408163, 32.9734693877551, 32.96734693877551, 32.95918367346939, 32.96122448979592, 32.96122448979592, 32.96122448979592, 32.95918367346938, 32.97142857142857, 32.96938775510204, 32.97551020408163, 32.97142857142857, 32.9734693877551, 32.97551020408163, 32.97959183673469, 32.97959183673469, 32.98367346938775, 32.98571428571428, 32.981632653061226, 32.97551020408163, 32.97142857142857, 32.97142857142857, 32.977551020408164, 32.97142857142857, 32.97959183673469, 32.96938775510204, 32.96938775510204, 32.9734693877551, 32.96530612244898, 32.96122448979592, 32.96938775510204, 32.967346938775506, 32.977551020408164, 32.967346938775506, 32.96938775510204, 32.96530612244898, 32.969387755102034, 32.96122448979592, 32.96530612244898, 32.96530612244898, 32.971428571428575, 32.967346938775506, 32.96530612244898, 32.95918367346938, 32.95918367346938, 32.967346938775506, 32.96122448979592, 32.969387755102034, 32.96938775510204, 32.969387755102034, 32.96938775510204, 32.97142857142857, 32.97142857142857, 32.96938775510204, 32.957142857142856, 32.96530612244898, 32.95918367346938, 32.963265306122445, 32.96530612244898, 32.963265306122445, 32.97142857142857, 32.967346938775506, 32.96938775510204, 32.97142857142857, 32.967346938775506, 32.96326530612245, 32.97142857142857, 32.97142857142857, 32.96326530612245, 32.96326530612245, 32.967346938775506, 32.97551020408163, 32.9734693877551, 32.967346938775506, 32.96326530612245, 32.96122448979592, 32.96530612244898, 32.963265306122445, 32.95918367346939, 32.9734693877551, 32.97142857142857, 32.967346938775506, 32.97142857142857, 32.967346938775506, 32.97551020408163, 32.95918367346939, 32.96122448979592, 32.95918367346939, 32.96326530612245, 32.96530612244898, 32.96734693877551, 32.96530612244898, 32.967346938775506, 32.96938775510204, 32.963265306122445, 32.971428571428575, 32.96938775510204, 32.97551020408163, 32.9734693877551, 32.967346938775506, 32.97142857142857, 32.971428571428575, 32.97755102040816, 32.97959183673469, 32.97755102040816, 32.97142857142857, 32.981632653061226, 32.97959183673469, 32.97551020408163, 32.98367346938775, 32.97551020408163, 32.981632653061226]",0.8842460720448485,0.9023328309567054,33,"[33, 33, 33, 33, 33, 33, 33, 33, 33, 33, 33, 33, 33, 33, 33, 33, 33, 33, 33, 33, 33, 33, 33, 33, 33, 33, 33, 33, 33, 33, 33, 33, 33, 33, 33, 33, 33, 33, 33, 33, 33, 33, 33, 33, 33, 33, 33, 33, 33, 33, 33, 33, 33, 33, 33, 33, 33, 33, 33, 33, 33, 33, 33, 33, 33, 33, 33, 33, 33, 33, 33, 33, 33, 33, 33, 33, 33, 33, 33, 33, 33, 33, 33, 33, 33, 33, 33, 33, 33, 33, 33, 33, 33, 33, 33, 33, 33, 33, 33, 33, 33, 33, 33, 33, 33, 33, 33, 33, 33, 33, 33, 33, 33, 33, 33, 33, 33, 33, 33, 33, 33, 33, 33, 33, 33, 33, 33, 33, 33, 33, 33, 33, 33, 33, 33, 33, 33, 33, 33, 33, 33, 33, 33, 33, 33, 33, 33, 33, 33, 33, 33, 33, 33, 33, 33, 33, 33, 33, 33, 33, 33, 33, 33, 33, 33, 33, 33, 33, 33, 33, 33, 33, 33, 33, 33, 33, 33, 33, 33, 33, 33, 33, 33, 33, 33, 33, 33, 33, 33, 33, 33, 33, 33, 33, 33, 33, 33, 33, 33, 33, 33, 33, 33, 33, 33, 33, 33, 33, 33, 33, 33, 33, 33, 33, 33, 33, 33, 33, 33, 33, 33, 33, 33, 33, 33, 33, 33, 33, 33, 33, 33, 33, 33, 33, 33, 33, 33, 33, 33, 33, 33, 33, 33, 33, 33, 33, 33, 33, 33, 33, 33, 33, 33, 33, 33, 33, 33, 33, 33, 33, 33, 33, 33, 33, 33, 33, 33, 33, 33, 33, 33, 33, 33, 33, 33, 33, 33, 33, 33, 33, 33, 33, 33, 33, 33, 33, 33, 33, 33, 33, 33, 33, 33, 33, 33, 33, 33, 33, 33, 33, 33, 33, 33, 33, 33, 33, 33, 33, 33, 33, 33, 33, 33, 33, 33, 33, 33, 33, 33, 33, 33, 33, 33, 33, 33, 33, 33, 33, 33, 33, 33, 33, 33, 33, 33, 33, 33, 33, 33, 33, 33, 33, 33, 33, 33, 33, 33, 33, 33, 33, 33, 33, 33, 33, 33, 33, 33, 33, 33, 33, 33, 33, 33, 33, 33, 33, 33, 33, 33, 33, 33, 33, 33, 33, 33, 33, 33, 33, 33, 33, 33, 33, 33, 33, 33, 33, 33, 33, 33, 33, 33, 33, 33, 33, 33, 33, 33, 33, 33, 33, 33, 33, 33, 33, 33, 33, 33, 33, 33, 33, 33, 33, 33, 33, 33, 33, 33, 33, 33, 33, 33, 33, 33, 33, 33, 33, 33, 33, 33, 33, 33, 33, 33, 33, 33, 33, 33, 33, 33, 33]",440,"[0.40474480390548706, 0.4013252556324005, 0.3971514403820038, 0.3958004117012024, 0.39244145154953003, 0.39062586426734924, 0.3879145085811615, 0.38594549894332886, 0.3852333426475525, 0.38278064131736755, 0.38174647092819214, 0.3815385699272156, 0.37975022196769714, 0.3789319097995758, 0.37706029415130615, 0.3762815594673157, 0.3755650222301483, 0.37493905425071716, 0.3741086721420288, 0.3738721013069153, 0.37266844511032104, 0.37348777055740356, 0.3719143569469452, 0.37103205919265747, 0.3696988821029663, 0.36908504366874695, 0.3687261939048767, 0.3688807785511017, 0.3690185546875, 0.36967211961746216, 0.36664217710494995, 0.36633801460266113, 0.36957016587257385, 0.366441547870636, 0.3647497892379761, 0.36381903290748596, 0.3637904226779938, 0.3636292517185211, 0.36282047629356384, 0.36233940720558167, 0.36209341883659363, 0.3614632785320282, 0.3610151410102844, 0.36064472794532776, 0.36079663038253784, 0.36025214195251465, 0.35999828577041626, 0.35945770144462585, 0.35902854800224304, 0.35851237177848816, 0.35798826813697815, 0.3576037883758545, 0.3576314449310303, 0.35682910680770874, 0.3580324053764343, 0.35628798604011536, 0.3562520742416382, 0.35561856627464294, 0.3560815453529358, 0.3550909161567688, 0.35537102818489075, 0.35600516200065613, 0.3540767431259155, 0.3540841341018677, 0.35343196988105774, 0.35347792506217957, 0.35304340720176697, 0.3527085781097412, 0.3531423509120941, 0.35255974531173706, 0.35441216826438904, 0.3531002104282379, 0.35054734349250793, 0.3500618040561676, 0.3498265743255615, 0.34956619143486023, 0.3505156338214874, 0.35288918018341064, 0.349185973405838, 0.34943947196006775, 0.34809553623199463, 0.3486497104167938, 0.3475325405597687, 0.3473126292228699, 0.34717896580696106, 0.34657251834869385, 0.3464023470878601, 0.3462473154067993, 0.34598350524902344, 0.3458094000816345, 0.3457234501838684, 0.345150351524353, 0.34480056166648865, 0.34433498978614807, 0.3440626263618469, 0.34373655915260315, 0.3433632552623749, 0.34336167573928833, 0.34382450580596924, 0.34278231859207153, 0.34247007966041565, 0.3427548110485077, 0.34307849407196045, 0.3409332036972046, 0.3404027819633484, 0.34053367376327515, 0.34103089570999146, 0.33958327770233154, 0.3392032980918884, 0.33911216259002686, 0.33884188532829285, 0.33878785371780396, 0.3387577533721924, 0.33778315782546997, 0.33831432461738586, 0.33657991886138916, 0.33628788590431213, 0.33586955070495605, 0.3360025882720947, 0.33553871512413025, 0.3350379168987274, 0.335411936044693, 0.33638373017311096, 0.33521321415901184, 0.33365723490715027, 0.33317166566848755, 0.33331549167633057, 0.33448925614356995, 0.3325997292995453, 0.3323495388031006, 0.3319593667984009, 0.3317941725254059, 0.3315284848213196, 0.33150482177734375, 0.3312146067619324, 0.3310961127281189, 0.3303251266479492, 0.3297431170940399, 0.32954299449920654, 0.32889965176582336, 0.3284425437450409, 0.32981765270233154, 0.3276248574256897, 0.3270469009876251, 0.3267905116081238, 0.32692950963974, 0.32695072889328003, 0.32731306552886963, 0.326338529586792, 0.3261078894138336, 0.32541966438293457, 0.32529014348983765, 0.3250565230846405, 0.3250208795070648, 0.32501021027565, 0.32684335112571716, 0.3240469694137573, 0.32318949699401855, 0.32292139530181885, 0.32275283336639404, 0.3225668966770172, 0.3265356123447418, 0.32179537415504456, 0.32207703590393066, 0.3210117816925049, 0.32090723514556885, 0.3203588128089905, 0.3209446370601654, 0.32024773955345154, 0.3193371593952179, 0.3191465139389038, 0.31943097710609436, 0.3185214400291443, 0.3184412717819214, 0.31798508763313293, 0.3175938129425049, 0.3170573115348816, 0.31802815198898315, 0.31715908646583557, 0.3166961967945099, 0.31648725271224976, 0.3158254325389862, 0.3151775598526001, 0.3154101073741913, 0.31538644433021545, 0.3149383068084717, 0.3137952387332916, 0.3139581084251404, 0.3129076063632965, 0.31334972381591797, 0.31214046478271484, 0.31232067942619324, 0.31232115626335144, 0.3115869164466858, 0.3112664520740509, 0.310606986284256, 0.310355544090271, 0.30995410680770874, 0.3095296621322632, 0.309373676776886, 0.3103236258029938, 0.3081982135772705, 0.30828961730003357, 0.30939313769340515, 0.30765658617019653, 0.30758136510849, 0.30742397904396057, 0.3068161606788635, 0.30643028020858765, 0.30652597546577454, 0.3056275546550751, 0.305167019367218, 0.30491602420806885, 0.3047609329223633, 0.3052104711532593, 0.3037382960319519, 0.3034074008464813, 0.30319109559059143, 0.3030811548233032, 0.3025815188884735, 0.302360475063324, 0.3020760416984558, 0.30151283740997314, 0.3011850118637085, 0.3003719747066498, 0.3013370931148529, 0.2997841536998749, 0.2996669411659241, 0.299369752407074, 0.2993880808353424, 0.3014620840549469, 0.29816097021102905, 0.29872405529022217, 0.2980739176273346, 0.2970890998840332, 0.2973593473434448, 0.2962072491645813, 0.2959805130958557, 0.29500794410705566, 0.29618266224861145, 0.2947462797164917, 0.29440343379974365, 0.2948029041290283, 0.29377758502960205, 0.2931109666824341, 0.29338884353637695, 0.29250189661979675, 0.2918792963027954, 0.2933971583843231, 0.29142385721206665, 0.2910352349281311, 0.29166537523269653, 0.2909986674785614, 0.2904266119003296, 0.29017388820648193, 0.28941041231155396, 0.29078033566474915, 0.28894710540771484, 0.2886396646499634, 0.2881741523742676, 0.2876225411891937, 0.2871314585208893, 0.28673702478408813, 0.28653833270072937, 0.2872202396392822, 0.2858695089817047, 0.2863644063472748, 0.285047709941864, 0.28499144315719604, 0.2838694751262665, 0.2841738760471344, 0.2839733064174652, 0.2839108407497406, 0.2841678261756897, 0.282824844121933, 0.28315454721450806, 0.28280380368232727, 0.28200873732566833, 0.2819628417491913, 0.28210124373435974, 0.28186649084091187, 0.28114989399909973, 0.2811708450317383, 0.28097110986709595, 0.2832523584365845, 0.2816901206970215, 0.27999722957611084, 0.27980613708496094, 0.28004878759384155, 0.2787039279937744, 0.2784053683280945, 0.27823957800865173, 0.27776867151260376, 0.2773665487766266, 0.2768397927284241, 0.2765541672706604, 0.2762557566165924, 0.2759111523628235, 0.2755645513534546, 0.2752193808555603, 0.2751675546169281, 0.2747853994369507, 0.2746339738368988, 0.27566757798194885, 0.2741859555244446, 0.2740642726421356, 0.27394646406173706, 0.2733888328075409, 0.27385419607162476, 0.2738279104232788, 0.27229413390159607, 0.2722918391227722, 0.2720317840576172, 0.27180835604667664, 0.27128204703330994, 0.2710147500038147, 0.2709291875362396, 0.27038389444351196, 0.26998400688171387, 0.2697320282459259, 0.26999300718307495, 0.26978152990341187, 0.26939091086387634, 0.26925334334373474, 0.2694491446018219, 0.2689131498336792, 0.2686128318309784, 0.268682062625885, 0.26843351125717163, 0.26803797483444214, 0.26780956983566284, 0.26806244254112244, 0.2691017687320709, 0.2679766118526459, 0.2671426832675934, 0.26681432127952576, 0.26676145195961, 0.26706451177597046, 0.26656991243362427, 0.2656916677951813, 0.2659665644168854, 0.26569122076034546, 0.26541686058044434, 0.26514387130737305, 0.2647509276866913, 0.26453328132629395, 0.26452329754829407, 0.26405811309814453, 0.2640082836151123, 0.2641880214214325, 0.2636086344718933, 0.2632002830505371, 0.2626589834690094, 0.26348960399627686, 0.2619532644748688, 0.26206934452056885, 0.2615659534931183, 0.26107919216156006, 0.2609919011592865, 0.26147428154945374, 0.2605518698692322, 0.260587215423584, 0.26088735461235046, 0.26001518964767456, 0.25995689630508423, 0.2595967948436737, 0.26057639718055725, 0.25895342230796814, 0.25889989733695984, 0.25924351811408997, 0.2592089772224426, 0.25873687863349915, 0.2595887780189514, 0.259938508272171, 0.25858649611473083, 0.25843268632888794, 0.2582029700279236, 0.25782814621925354, 0.25776541233062744, 0.2578938901424408, 0.25734013319015503, 0.25825655460357666, 0.25691547989845276, 0.256896048784256, 0.25648632645606995, 0.2572445273399353, 0.25575023889541626, 0.2553468942642212, 0.2554982602596283, 0.25556084513664246, 0.25554442405700684, 0.25525209307670593, 0.25480782985687256, 0.2545856237411499, 0.2548447847366333, 0.25561216473579407, 0.253913938999176, 0.25355684757232666, 0.25323179364204407, 0.2540336549282074, 0.2530151307582855, 0.25748583674430847, 0.25262412428855896, 0.254631906747818, 0.2529824674129486, 0.2524130642414093, 0.2522561848163605, 0.25345516204833984, 0.2539999186992645, 0.2532329857349396, 0.25231248140335083, 0.25284311175346375, 0.2511483430862427, 0.25121429562568665, 0.2511788606643677, 0.2513813078403473, 0.25153905153274536, 0.2517704665660858, 0.2519359588623047, 0.25104352831840515, 0.25181344151496887, 0.25330880284309387, 0.250724196434021, 0.25146055221557617, 0.24992245435714722, 0.2500635087490082, 0.249936044216156, 0.24956367909908295, 0.24919681251049042, 0.24948646128177643, 0.24933680891990662, 0.24971112608909607, 0.24922063946723938, 0.24914933741092682, 0.2491627186536789, 0.2494441270828247, 0.2491377294063568, 0.24990223348140717, 0.24887917935848236, 0.24835945665836334]",33.0,"[33.0, 33.0, 33.0, 33.0, 33.0, 33.0, 33.0, 33.0, 33.0, 33.0, 33.0, 33.0, 33.0, 33.0, 33.0, 33.0, 33.0, 33.0, 33.0, 33.0, 33.0, 33.0, 33.0, 33.0, 33.0, 33.0, 33.0, 33.0, 33.0, 33.0, 33