,number,value,datetime_start,datetime_complete,duration,params_batch_size_scaler,params_constant_learning_rate,params_depth,params_epochs,params_kernel_l2,params_num_trees,params_temperature,user_attrs_accuracy_test,user_attrs_accuracy_valid,user_attrs_approximate_feature_sparsity,user_attrs_approximate_feature_sparsity_history,user_attrs_approximate_weight_sparsity,user_attrs_approximate_weight_sparsity_history,user_attrs_auc_test,user_attrs_auc_valid,user_attrs_feature_sparsity,user_attrs_feature_sparsity_history,user_attrs_num_epochs,user_attrs_val_loss_history,user_attrs_weight_sparsity,user_attrs_weight_sparsity_history,state
98,98,0.821372905153869,2024-08-31 05:59:41.434048,2024-08-31 06:01:08.733067,0 days 00:01:27.299019,64,0.05754118134969575,3,450,0.0035233215269438465,49,0.001358013078093368,0.877,0.87375,33,"[33, 33, 33, 33, 33, 33, 33, 33, 33, 33, 33, 33, 33, 33, 33, 33, 33, 33, 33, 33, 33, 33, 33, 33, 33, 33, 33, 33, 33, 33, 33, 33, 33, 33, 33, 33, 33, 33, 33, 33, 33, 33, 33, 33, 33, 33, 33, 33, 33, 33, 33, 33, 33, 33, 33, 33, 33, 33, 33, 33, 33, 33, 33, 33, 33, 33, 33, 33, 33, 33, 33, 33, 33, 33, 33, 33, 33, 33, 33, 33, 33, 33, 33, 33, 33, 33, 33, 33, 33, 33, 33, 33, 33, 33, 33, 33, 33, 33, 33, 33, 33, 33, 33, 33, 33, 33, 33, 33, 33, 33, 33, 33, 33, 33, 33, 33, 33, 33, 33, 33, 33, 33, 33, 33, 33, 33, 33, 33, 33, 33, 33, 33, 33, 33, 33, 33, 33, 33, 33, 33, 33, 33, 33, 33, 33, 33, 33, 33, 33, 33, 33, 33, 33, 33, 33, 33, 33, 33, 33, 33, 33, 33, 33, 33, 33, 33, 33, 33, 33, 33, 33, 33, 33, 33, 33, 33, 33, 33, 33, 33, 33, 33, 33, 33, 33, 33, 33, 33, 33, 33, 33, 33, 33, 33, 33, 33, 33, 33, 33, 33, 33, 33, 33, 33, 33, 33, 33, 33, 33, 33, 33, 33, 33, 33, 33, 33, 33, 33, 33, 33, 33, 33, 33, 33, 33, 33, 33, 33, 33, 33, 33, 33, 33, 33, 33, 33, 33, 33, 33, 33, 33, 33, 33, 33, 33, 33, 33, 33, 33, 33, 33, 33, 33, 33, 33, 33, 33, 33, 33, 33, 33, 33, 33, 33, 33, 33, 33, 33, 33, 33, 33, 33, 33, 33, 33, 33, 33, 33, 33, 33, 33, 33, 33, 33, 33, 33, 33, 33, 33, 33, 33, 33, 33, 33, 33, 33, 33, 33, 33, 33, 33, 33, 33, 33, 33, 33, 33, 33, 33, 33, 33, 33, 33, 33, 33, 33, 33, 33, 33, 33, 33, 33, 33, 33, 33, 33, 33, 33, 33, 33, 33, 33, 33, 33, 33, 33, 33, 33, 33, 33, 33, 33, 33, 33, 33, 33, 33, 33, 33, 33, 33, 33, 33, 33, 33, 33, 33, 33, 33, 33, 33, 33, 33, 33, 33, 33, 33, 33, 33, 33, 33, 33, 33, 33, 33, 33, 33, 33, 33, 33, 33, 33, 33, 33, 33, 33, 33, 33, 33, 33, 33, 33, 33, 33, 33, 33, 33, 33, 33, 33, 33, 33, 33, 33, 33, 33, 33, 33, 33, 33, 33, 33, 33, 33, 33, 33, 33, 33, 33, 33, 33, 33, 33, 33, 33, 33, 33, 33, 33, 33, 33, 33, 33, 33, 33, 33, 33, 33, 33, 33, 33, 33, 33, 33, 33, 33, 33, 33, 33, 33]",32.97376093294461,"[32.97376093294461, 32.97667638483965, 32.970845481049565, 32.965014577259474, 32.98542274052478, 32.98542274052478, 32.97667638483965, 32.97667638483965, 32.967930029154516, 32.965014577259474, 32.97959183673469, 32.98542274052478, 32.98250728862973, 32.994169096209916, 32.99125364431487, 32.99125364431487, 32.98542274052478, 32.988338192419825, 32.98542274052478, 32.97959183673469, 32.97667638483965, 32.97959183673469, 32.97376093294461, 32.98250728862973, 32.97667638483965, 32.97667638483965, 32.98250728862973, 32.97959183673469, 32.97959183673469, 32.98250728862973, 32.97376093294461, 32.97667638483965, 32.97376093294461, 32.970845481049565, 32.967930029154516, 32.97376093294461, 32.967930029154516, 32.97667638483965, 32.970845481049565, 32.965014577259474, 32.970845481049565, 32.967930029154516, 32.970845481049565, 32.97376093294461, 32.97667638483965, 32.97667638483965, 32.98250728862973, 32.98542274052478, 32.99125364431487, 32.98542274052478, 32.988338192419825, 32.99125364431487, 32.97667638483965, 32.98542274052478, 32.99125364431487, 32.98542274052478, 32.98542274052478, 32.98542274052478, 32.98250728862973, 32.97959183673469, 32.967930029154516, 32.967930029154516, 32.967930029154516, 32.967930029154516, 32.98250728862973, 32.97959183673469, 32.98250728862973, 32.97959183673469, 32.965014577259474, 32.97667638483965, 32.98250728862973, 32.97959183673469, 32.988338192419825, 32.97667638483965, 32.97667638483965, 32.967930029154516, 32.97376093294461, 32.970845481049565, 32.967930029154516, 32.965014577259474, 32.97376093294461, 32.98250728862973, 32.98250728862973, 32.97667638483965, 32.97959183673469, 32.97667638483965, 32.98250728862973, 32.97959183673469, 32.98250728862973, 32.98542274052478, 32.970845481049565, 32.97667638483965, 32.97667638483965, 32.98542274052478, 32.98542274052478, 32.99125364431487, 32.98250728862973, 32.98250728862973, 32.98542274052478, 32.98542274052478, 32.97667638483965, 32.98250728862973, 32.97959183673469, 32.97959183673469, 32.98250728862973, 32.97959183673469, 32.97376093294461, 32.98542274052478, 32.988338192419825, 32.988338192419825, 32.988338192419825, 32.988338192419825, 32.988338192419825, 32.988338192419825, 32.98542274052478, 32.97667638483965, 32.97667638483965, 32.98250728862973, 32.98250728862973, 32.98542274052478, 32.98542274052478, 32.98250728862973, 32.988338192419825, 32.98542274052478, 32.97959183673469, 32.99125364431487, 32.988338192419825, 32.99125364431487, 32.98542274052478, 32.98542274052478, 32.97959183673469, 32.988338192419825, 32.98250728862973, 32.97667638483965, 32.967930029154516, 32.970845481049565, 32.95918367346938, 32.97667638483965, 32.967930029154516, 32.97959183673469, 32.97376093294461, 32.97667638483965, 32.97667638483965, 32.97376093294461, 32.97959183673469, 32.97667638483965, 32.97667638483965, 32.98250728862974, 32.97959183673469, 32.98542274052478, 32.98542274052478, 32.988338192419825, 32.99125364431487, 32.98542274052478, 32.988338192419825, 32.988338192419825, 32.97959183673469, 32.97667638483965, 32.97667638483965, 32.97959183673469, 32.97376093294461, 32.970845481049565, 32.97959183673469, 32.98542274052478, 32.98250728862974, 32.97959183673469, 32.98250728862974, 32.99125364431487, 32.98542274052478, 32.98542274052478, 32.98250728862973, 32.99708454810496, 33.0, 33.0, 32.99125364431487, 32.99125364431487, 32.98542274052478, 32.99125364431487, 32.98250728862973, 32.97959183673469, 32.97667638483965, 32.98542274052478, 32.988338192419825, 32.98542274052478, 32.98542274052478, 32.98250728862973, 32.988338192419825, 32.98542274052478, 32.98542274052478, 32.988338192419825, 32.98250728862973, 32.98250728862973, 32.97959183673469, 32.98250728862973, 32.98250728862974, 32.97959183673469, 32.98250728862974, 32.98250728862973, 32.98542274052478, 32.98250728862973, 32.98250728862973, 32.98250728862973, 32.97667638483965, 32.97667638483965, 32.97667638483965, 32.97959183673469, 32.97959183673469, 32.98250728862973, 32.98250728862973, 32.98250728862973, 32.988338192419825, 32.98542274052478, 32.988338192419825, 32.98542274052478, 32.98542274052478, 32.98250728862973, 32.98250728862974, 32.98250728862973, 32.988338192419825, 32.98542274052478, 32.98250728862973, 32.98542274052478, 32.98542274052478, 32.97667638483965, 32.98250728862973, 32.97959183673469, 32.97959183673469, 32.97959183673469, 32.98542274052478, 32.99125364431487, 32.99125364431487, 32.99125364431487, 32.988338192419825, 32.98250728862973, 32.97667638483965, 32.97959183673469, 32.97376093294461, 32.97376093294461, 32.97959183673469, 32.97667638483965, 32.97959183673469, 32.97667638483965, 32.98250728862973, 32.97667638483965, 32.97959183673469, 32.98250728862973, 32.98250728862973, 32.97667638483965, 32.970845481049565, 32.97376093294461, 32.970845481049565, 32.97959183673469, 32.97959183673469, 32.970845481049565, 32.98250728862973, 32.97376093294461, 32.97959183673469, 32.967930029154516, 32.970845481049565, 32.97376093294461, 32.97667638483965, 32.97959183673469, 32.97959183673469, 32.970845481049565, 32.97667638483965, 32.967930029154516, 32.97667638483965, 32.97667638483965, 32.97667638483965, 32.97376093294461, 32.965014577259474, 32.95918367346938, 32.965014577259474, 32.95918367346938, 32.96209912536443, 32.965014577259474, 32.96209912536443, 32.967930029154516, 32.96209912536443, 32.965014577259474, 32.95918367346938, 32.965014577259474, 32.967930029154516, 32.967930029154516, 32.967930029154516, 32.970845481049565, 32.965014577259474, 32.970845481049565, 32.967930029154516, 32.98250728862973, 32.970845481049565, 32.97376093294461, 32.97376093294461, 32.97959183673469, 32.97667638483965, 32.965014577259474, 32.95626822157434, 32.967930029154516, 32.967930029154516, 32.97667638483965, 32.97376093294461, 32.970845481049565, 32.967930029154516, 32.970845481049565, 32.967930029154516, 32.96209912536443, 32.96209912536443, 32.965014577259474, 32.970845481049565, 32.970845481049565, 32.967930029154516, 32.967930029154516, 32.967930029154516, 32.97376093294461, 32.97376093294461, 32.970845481049565, 32.970845481049565, 32.97667638483965, 32.970845481049565, 32.965014577259474, 32.967930029154516, 32.965014577259474, 32.965014577259474, 32.970845481049565, 32.967930029154516, 32.967930029154516, 32.97376093294461, 32.967930029154516, 32.967930029154516, 32.970845481049565, 32.97376093294461, 32.97667638483965, 32.970845481049565, 32.970845481049565, 32.967930029154516, 32.97959183673469, 32.98542274052478, 32.988338192419825, 32.99125364431487, 32.99125364431487, 32.988338192419825, 32.98250728862973, 32.97376093294461, 32.97959183673469, 32.97959183673469, 32.98250728862973, 32.97959183673469, 32.97667638483965, 32.98250728862973, 32.98542274052478, 32.98250728862973, 32.97667638483965, 32.98250728862973, 32.97959183673469, 32.98542274052478, 32.97667638483965, 32.970845481049565, 32.97667638483965, 32.98542274052478, 32.98542274052478, 32.98250728862973, 32.97959183673469, 32.98250728862973, 32.988338192419825, 32.98250728862973, 32.97959183673469, 32.97667638483965, 32.97667638483965, 32.97959183673469, 32.97959183673469, 32.98542274052478, 32.97959183673469, 32.97667638483965, 32.97376093294461, 32.97667638483965, 32.967930029154516, 32.965014577259474, 32.97667638483965, 32.970845481049565, 32.970845481049565, 32.97376093294461, 32.967930029154516, 32.967930029154516, 32.965014577259474, 32.970845481049565, 32.97667638483965, 32.97376093294461, 32.97959183673469, 32.970845481049565, 32.967930029154516, 32.97376093294461, 32.97667638483965, 32.97959183673469, 32.97959183673469, 32.97376093294461, 32.97376093294461, 32.97667638483965, 32.98250728862973, 32.98542274052478, 32.98542274052478, 32.988338192419825, 32.988338192419825, 32.98542274052478, 32.98250728862973, 32.98542274052478, 32.98542274052478, 32.988338192419825, 32.99125364431487, 32.98542274052478, 32.988338192419825, 32.98542274052478, 32.97667638483965, 32.97667638483965, 32.97376093294461, 32.970845481049565, 32.970845481049565, 32.967930029154516, 32.967930029154516, 32.97376093294461, 32.97376093294461, 32.970845481049565, 32.97667638483965, 32.97959183673469, 32.98250728862973, 32.970845481049565, 32.98542274052478, 32.98542274052478, 32.97959183673469, 32.97667638483965, 32.970845481049565, 32.97667638483965, 32.97667638483965, 32.98250728862973, 32.97959183673469, 32.97959183673469, 32.98542274052478, 32.98250728862973, 32.98250728862973, 32.97959183673469, 32.97667638483965, 32.98250728862973, 32.98542274052478, 32.97376093294461, 32.97667638483965, 32.97667638483965, 32.97959183673469, 32.97376093294461, 32.97667638483965, 32.97376093294461, 32.97376093294461]",0.8358143643854391,0.821372905153869,33,"[33, 33, 33, 33, 33, 33, 33, 33, 33, 33, 33, 33, 33, 33, 33, 33, 33, 33, 33, 33, 33, 33, 33, 33, 33, 33, 33, 33, 33, 33, 33, 33, 33, 33, 33, 33, 33, 33, 33, 33, 33, 33, 33, 33, 33, 33, 33, 33, 33, 33, 33, 33, 33, 33, 33, 33, 33, 33, 33, 33, 33, 33, 33, 33, 33, 33, 33, 33, 33, 33, 33, 33, 33, 33, 33, 33, 33, 33, 33, 33, 33, 33, 33, 33, 33, 33, 33, 33, 33, 33, 33, 33, 33, 33, 33, 33, 33, 33, 33, 33, 33, 33, 33, 33, 33, 33, 33, 33, 33, 33, 33, 33, 33, 33, 33, 33, 33, 33, 33, 33, 33, 33, 33, 33, 33, 33, 33, 33, 33, 33, 33, 33, 33, 33, 33, 33, 33, 33, 33, 33, 33, 33, 33, 33, 33, 33, 33, 33, 33, 33, 33, 33, 33, 33, 33, 33, 33, 33, 33, 33, 33, 33, 33, 33, 33, 33, 33, 33, 33, 33, 33, 33, 33, 33, 33, 33, 33, 33, 33, 33, 33, 33, 33, 33, 33, 33, 33, 33, 33, 33, 33, 33, 33, 33, 33, 33, 33, 33, 33, 33, 33, 33, 33, 33, 33, 33, 33, 33, 33, 33, 33, 33, 33, 33, 33, 33, 33, 33, 33, 33, 33, 33, 33, 33, 33, 33, 33, 33, 33, 33, 33, 33, 33, 33, 33, 33, 33, 33, 33, 33, 33, 33, 33, 33, 33, 33, 33, 33, 33, 33, 33, 33, 33, 33, 33, 33, 33, 33, 33, 33, 33, 33, 33, 33, 33, 33, 33, 33, 33, 33, 33, 33, 33, 33, 33, 33, 33, 33, 33, 33, 33, 33, 33, 33, 33, 33, 33, 33, 33, 33, 33, 33, 33, 33, 33, 33, 33, 33, 33, 33, 33, 33, 33, 33, 33, 33, 33, 33, 33, 33, 33, 33, 33, 33, 33, 33, 33, 33, 33, 33, 33, 33, 33, 33, 33, 33, 33, 33, 33, 33, 33, 33, 33, 33, 33, 33, 33, 33, 33, 33, 33, 33, 33, 33, 33, 33, 33, 33, 33, 33, 33, 33, 33, 33, 33, 33, 33, 33, 33, 33, 33, 33, 33, 33, 33, 33, 33, 33, 33, 33, 33, 33, 33, 33, 33, 33, 33, 33, 33, 33, 33, 33, 33, 33, 33, 33, 33, 33, 33, 33, 33, 33, 33, 33, 33, 33, 33, 33, 33, 33, 33, 33, 33, 33, 33, 33, 33, 33, 33, 33, 33, 33, 33, 33, 33, 33, 33, 33, 33, 33, 33, 33, 33, 33, 33, 33, 33, 33, 33, 33, 33, 33, 33, 33, 33, 33, 33, 33, 33, 33, 33, 33, 33, 33, 33, 33, 33, 33, 33, 33]",450,"[0.48409801721572876, 0.42949435114860535, 0.4114323854446411, 0.4048714339733124, 0.4020586311817169, 0.399537593126297, 0.3981865346431732, 0.3968919515609741, 0.3958437740802765, 0.39463967084884644, 0.3936128616333008, 0.3925989270210266, 0.3917044699192047, 0.3907332122325897, 0.3897366225719452, 0.3888314366340637, 0.3879890441894531, 0.3872033953666687, 0.3864951431751251, 0.38595154881477356, 0.38525572419166565, 0.38441047072410583, 0.3838372528553009, 0.3830602169036865, 0.3824573755264282, 0.38178589940071106, 0.38119006156921387, 0.38087931275367737, 0.3806069493293762, 0.3798021078109741, 0.37923407554626465, 0.37884971499443054, 0.37819090485572815, 0.37784090638160706, 0.37740570306777954, 0.3768965005874634, 0.37663325667381287, 0.3761810064315796, 0.375641793012619, 0.3753446936607361, 0.37486276030540466, 0.3744291067123413, 0.37413981556892395, 0.3737066686153412, 0.37352675199508667, 0.37312397360801697, 0.3733110725879669, 0.37294521927833557, 0.37263238430023193, 0.37233179807662964, 0.3718409240245819, 0.37163886427879333, 0.37125569581985474, 0.3708094656467438, 0.37059441208839417, 0.37038344144821167, 0.3700503408908844, 0.3697313070297241, 0.36946728825569153, 0.36930790543556213, 0.3688898980617523, 0.3687867224216461, 0.3687863051891327, 0.36822354793548584, 0.3678959012031555, 0.3677428960800171, 0.3675340414047241, 0.3676285445690155, 0.3673286437988281, 0.3671495020389557, 0.3670259118080139, 0.36687934398651123, 0.3664461076259613, 0.3661242723464966, 0.3662138283252716, 0.36609864234924316, 0.36567631363868713, 0.36555492877960205, 0.36525630950927734, 0.3652574121952057, 0.3649823069572449, 0.3648304343223572, 0.364601731300354, 0.3645571768283844, 0.36429068446159363, 0.36419999599456787, 0.36380577087402344, 0.36361122131347656, 0.363437682390213, 0.36316636204719543, 0.3630600869655609, 0.3629702627658844, 0.362700879573822, 0.36253488063812256, 0.3624340295791626, 0.36241286993026733, 0.36266908049583435, 0.36220359802246094, 0.361776739358902, 0.3616037666797638, 0.36142730712890625, 0.36107176542282104, 0.36113080382347107, 0.36095112562179565, 0.3609643280506134, 0.36063671112060547, 0.3603883981704712, 0.360293984413147, 0.3600621521472931, 0.3599136471748352, 0.3595915734767914, 0.35943353176116943, 0.35922038555145264, 0.35902053117752075, 0.35889098048210144, 0.3585599958896637, 0.3585216999053955, 0.35831111669540405, 0.35809090733528137, 0.3579288721084595, 0.3576858937740326, 0.3575914800167084, 0.3573676645755768, 0.35744839906692505, 0.3571658432483673, 0.3570786416530609, 0.35691243410110474, 0.35685092210769653, 0.35668250918388367, 0.3565952181816101, 0.35628536343574524, 0.3560313284397125, 0.355868935585022, 0.3557721972465515, 0.35573089122772217, 0.35556259751319885, 0.3553360402584076, 0.35543373227119446, 0.35520994663238525, 0.354963481426239, 0.35461920499801636, 0.35484087467193604, 0.3545170724391937, 0.35422283411026, 0.3540385067462921, 0.3539676368236542, 0.35393574833869934, 0.3536725640296936, 0.3536396026611328, 0.3532659411430359, 0.35311654210090637, 0.3528681695461273, 0.3527071475982666, 0.3525109589099884, 0.3523642420768738, 0.35222139954566956, 0.35212382674217224, 0.3521193563938141, 0.3518926501274109, 0.3517141044139862, 0.35160505771636963, 0.3514118194580078, 0.3512948155403137, 0.3511182367801666, 0.35098516941070557, 0.35085761547088623, 0.3509965240955353, 0.350951224565506, 0.3506406545639038, 0.3503471612930298, 0.3501690924167633, 0.35007432103157043, 0.3499625325202942, 0.3499137759208679, 0.3495854437351227, 0.34947603940963745, 0.34936538338661194, 0.3492581844329834, 0.34910228848457336, 0.3489489257335663, 0.34905192255973816, 0.3487725555896759, 0.348604291677475, 0.34843525290489197, 0.3482058048248291, 0.34816786646842957, 0.3485182821750641, 0.34819725155830383, 0.3478800058364868, 0.34768596291542053, 0.34741106629371643, 0.34722232818603516, 0.347158819437027, 0.3470414876937866, 0.34690314531326294, 0.3468845784664154, 0.34672781825065613, 0.3465372323989868, 0.3464454412460327, 0.34630289673805237, 0.34615176916122437, 0.3461437523365021, 0.34604546427726746, 0.3460291922092438, 0.3457992672920227, 0.34550267457962036, 0.34553107619285583, 0.34545066952705383, 0.3452911674976349, 0.34505167603492737, 0.3449438512325287, 0.344877153635025, 0.3449348211288452, 0.3448072075843811, 0.34451496601104736, 0.3445407748222351, 0.3444739282131195, 0.34414634108543396, 0.34395039081573486, 0.343801349401474, 0.34375667572021484, 0.3436441421508789, 0.34349900484085083, 0.3433493673801422, 0.3433076739311218, 0.34318622946739197, 0.3431910574436188, 0.34318429231643677, 0.3429798185825348, 0.34280282258987427, 0.34269383549690247, 0.3426031172275543, 0.34254923462867737, 0.3424612879753113, 0.34236758947372437, 0.3421798050403595, 0.3419932425022125, 0.3418683707714081, 0.34175509214401245, 0.3415343165397644, 0.3412937819957733, 0.3411228656768799, 0.3409082293510437, 0.34080469608306885, 0.3407341241836548, 0.3405247926712036, 0.3404143452644348, 0.34036195278167725, 0.34012603759765625, 0.34000733494758606, 0.3398974537849426, 0.3395536541938782, 0.3393591046333313, 0.33921805024147034, 0.3390663266181946, 0.3389705419540405, 0.338718056678772, 0.33876147866249084, 0.33887767791748047, 0.3385563790798187, 0.33825790882110596, 0.3380323648452759, 0.3378869891166687, 0.3377736210823059, 0.33754870295524597, 0.3375513553619385, 0.3373432457447052, 0.33702391386032104, 0.3369309902191162, 0.3369051218032837, 0.3367666006088257, 0.3366771936416626, 0.3363741338253021, 0.33626434206962585, 0.3359733819961548, 0.33599960803985596, 0.33582061529159546, 0.33577942848205566, 0.3355485498905182, 0.33550575375556946, 0.33535653352737427, 0.3351869285106659, 0.3349872827529907, 0.33480823040008545, 0.3348495066165924, 0.3346337378025055, 0.33445999026298523, 0.3342489004135132, 0.33402305841445923, 0.333916574716568, 0.3338357210159302, 0.33380916714668274, 0.33375290036201477, 0.3334091603755951, 0.333418071269989, 0.3332709074020386, 0.3330997824668884, 0.3330368399620056, 0.3329590857028961, 0.3327453136444092, 0.33268415927886963, 0.3325672447681427, 0.3322943449020386, 0.3321599066257477, 0.332118421792984, 0.3319478929042816, 0.3319850265979767, 0.3318139314651489, 0.3317839503288269, 0.3316701054573059, 0.3315082788467407, 0.33135440945625305, 0.33123457431793213, 0.33115988969802856, 0.33106163144111633, 0.33086299896240234, 0.33081138134002686, 0.3307369649410248, 0.33056744933128357, 0.33045902848243713, 0.33032482862472534, 0.3302726447582245, 0.33009475469589233, 0.3299885094165802, 0.3298683166503906, 0.3296560049057007, 0.32958072423934937, 0.32940003275871277, 0.3293660879135132, 0.3291383385658264, 0.3289971947669983, 0.3289627730846405, 0.3287872076034546, 0.32854586839675903, 0.3284226655960083, 0.32840293645858765, 0.3283650875091553, 0.32820847630500793, 0.32795250415802, 0.3279792368412018, 0.32787925004959106, 0.32783591747283936, 0.3274080753326416, 0.327127069234848, 0.3270294666290283, 0.326864629983902, 0.32662761211395264, 0.3264038562774658, 0.3262796401977539, 0.3260614275932312, 0.32583412528038025, 0.3257022202014923, 0.32559844851493835, 0.3254759907722473, 0.3253052532672882, 0.32531723380088806, 0.32518470287323, 0.32506951689720154, 0.3249271512031555, 0.3250346779823303, 0.3249799609184265, 0.32476291060447693, 0.32481661438941956, 0.3247871398925781, 0.32437390089035034, 0.32431408762931824, 0.32407093048095703, 0.32383519411087036, 0.3237720727920532, 0.3236042261123657, 0.3234611749649048, 0.32340550422668457, 0.32331329584121704, 0.3231537342071533, 0.32293692231178284, 0.32288509607315063, 0.3226957321166992, 0.3228028416633606, 0.32264700531959534, 0.3226843774318695, 0.3223956823348999, 0.3224022686481476, 0.3222416341304779, 0.32239583134651184, 0.32210037112236023, 0.32169899344444275, 0.3216134011745453, 0.3215709924697876, 0.32147538661956787, 0.32128098607063293, 0.321419358253479, 0.32111021876335144, 0.3210773169994354, 0.3208986520767212, 0.32088929414749146, 0.320591002702713, 0.3203693628311157, 0.32022327184677124, 0.3201636075973511, 0.3200012445449829, 0.3198416829109192, 0.31965598464012146, 0.3195860683917999, 0.3196221888065338, 0.31944993138313293, 0.31933626532554626, 0.3191356658935547, 0.3190881907939911, 0.3189064860343933, 0.3187378942966461, 0.3186984062194824, 0.3186664283275604, 0.3184395134449005, 0.3182348608970642, 0.31808263063430786, 0.31797274947166443, 0.3178028166294098, 0.3176547884941101, 0.3176392614841461, 0.31735479831695557, 0.31725481152534485, 0.31720656156539917, 0.3172135353088379, 0.3170582950115204, 0.31697750091552734, 0.31669148802757263, 0.31647783517837524, 0.3163430690765381, 0.31642183661460876, 0.3163521885871887, 0.3162870705127716, 0.3164139688014984, 0.31617116928100586, 0.31609830260276794, 0.316111147403