,number,value,datetime_start,datetime_complete,duration,params_batch_size_scaler,params_constant_learning_rate,params_depth,params_epochs,params_kernel_l2,params_num_trees,params_temperature,user_attrs_accuracy_test,user_attrs_accuracy_valid,user_attrs_approximate_feature_sparsity,user_attrs_approximate_feature_sparsity_history,user_attrs_approximate_weight_sparsity,user_attrs_approximate_weight_sparsity_history,user_attrs_auc_test,user_attrs_auc_valid,user_attrs_feature_sparsity,user_attrs_feature_sparsity_history,user_attrs_num_epochs,user_attrs_val_loss_history,user_attrs_weight_sparsity,user_attrs_weight_sparsity_history,state
58,58,0.697556388556118,2024-08-31 02:59:36.261846,2024-08-31 03:06:38.408190,0 days 00:07:02.146344,16,0.016429708026277003,6,370,0.011616349275028495,48,0.04765043634974752,0.86,0.85875,33,"[33, 33, 33, 33, 33, 33, 33, 33, 33, 33, 33, 33, 33, 33, 33, 33, 33, 33, 33, 33, 33, 33, 33, 33, 33, 33, 33, 33, 33, 33, 33, 33, 33, 33, 33, 33, 33, 33, 33, 33, 33, 33, 33, 33, 33, 33, 33, 33, 33, 33, 33, 33, 33, 33, 33, 33, 33, 33, 33, 33, 33, 33, 33, 33, 33, 33, 33, 33, 33, 33, 33, 33, 33, 33, 33, 33, 33, 33, 33, 33, 33, 33, 33, 33, 33, 33, 33, 33, 33, 33, 33, 33, 33, 33, 33, 33, 33, 33, 33, 33, 33, 33, 33, 33, 33, 33, 33, 33, 33, 33, 33, 33, 33, 33, 33, 33, 33, 33, 33, 33, 33, 33, 33, 33, 33, 33, 33, 33, 33, 33, 33, 33, 33, 33, 33, 33, 33, 33, 33, 33, 33, 33, 33, 33, 33, 33, 33, 33, 33, 33, 33, 33, 33, 33, 33, 33, 33, 33, 33, 33, 33, 33, 33, 33, 33, 33, 33, 33, 33, 33, 33, 33, 33, 33, 33, 33, 33, 33, 33, 33, 33, 33, 33, 33, 33, 33, 33, 33, 33, 33, 33, 33, 33, 33, 33, 33, 33, 33, 33, 33, 33, 33, 33, 33, 33, 33, 33, 33, 33, 33, 33, 33, 33, 33, 33, 33, 33, 33, 33, 33, 33, 33, 33, 33, 33, 33, 33, 33, 33, 33, 33, 33, 33, 33, 33, 33, 33, 33, 33, 33, 33, 33, 33, 33, 33, 33, 33, 33, 33, 33, 33, 33, 33, 33, 33, 33, 33, 33, 33, 33, 33, 33, 33, 33, 33, 33, 33, 33, 33, 33, 33, 33, 33, 33, 33, 33, 33, 33, 33, 33, 33, 33, 33, 33, 33, 33, 33, 33, 33, 33, 33, 33, 33, 33, 33, 33, 33, 33, 33, 33, 33, 33, 33, 33, 33, 33, 33, 33, 33, 33, 33, 33, 33, 33, 33, 33, 33, 33, 33, 33, 33, 33, 33, 33, 33, 33, 33, 33, 33, 33, 33, 33, 33, 33, 33, 33, 33, 33, 33, 33, 33, 33, 33, 33, 33, 33, 33, 33, 33, 33, 33, 33, 33, 33, 33, 33, 33, 33, 33, 33, 33, 33, 33, 33, 33, 33, 33, 33, 33, 33]",32.91931216931217,"[32.92162698412698, 32.92724867724868, 32.925595238095234, 32.925925925925924, 32.9239417989418, 32.92294973544974, 32.925595238095234, 32.923280423280424, 32.917658730158735, 32.920304232804234, 32.916335978835974, 32.91898148148148, 32.91964285714286, 32.91798941798942, 32.916335978835974, 32.91468253968254, 32.914351851851855, 32.914021164021165, 32.91600529100529, 32.916997354497354, 32.916997354497354, 32.92096560846561, 32.92228835978836, 32.92228835978836, 32.91865079365079, 32.91798941798942, 32.9156746031746, 32.919312169312164, 32.9186507936508, 32.91964285714286, 32.91865079365079, 32.91600529100529, 32.91335978835979, 32.914351851851855, 32.91633597883598, 32.917328042328045, 32.916997354497354, 32.91898148148148, 32.920304232804234, 32.92096560846561, 32.919642857142854, 32.91931216931217, 32.92228835978836, 32.922619047619044, 32.92526455026455, 32.92294973544974, 32.922949735449734, 32.9212962962963, 32.919973544973544, 32.923280423280424, 32.92526455026455, 32.923611111111114, 32.92228835978836, 32.92228835978836, 32.92162698412698, 32.92096560846561, 32.9212962962963, 32.922949735449734, 32.919642857142854, 32.919973544973544, 32.91832010582011, 32.917328042328045, 32.91865079365079, 32.91931216931217, 32.91865079365079, 32.9183201058201, 32.91798941798942, 32.91898148148148, 32.92261904761905, 32.919973544973544, 32.920634920634924, 32.92096560846561, 32.92063492063492, 32.919973544973544, 32.919312169312164, 32.92162698412698, 32.92063492063492, 32.92427248677249, 32.9239417989418, 32.9239417989418, 32.92559523809524, 32.92460317460317, 32.923611111111114, 32.922949735449734, 32.9239417989418, 32.923280423280424, 32.92261904761905, 32.9239417989418, 32.92427248677249, 32.92228835978836, 32.92162698412698, 32.92361111111111, 32.92096560846561, 32.92361111111111, 32.923280423280424, 32.9212962962963, 32.922619047619044, 32.92361111111111, 32.923280423280424, 32.92162698412699, 32.92162698412699, 32.923280423280424, 32.9239417989418, 32.92592592592593, 32.92460317460318, 32.9239417989418, 32.92526455026455, 32.92460317460317, 32.9239417989418, 32.923611111111114, 32.92592592592593, 32.92559523809524, 32.926256613756614, 32.92559523809524, 32.92427248677249, 32.92493386243386, 32.9212962962963, 32.922619047619044, 32.9239417989418, 32.92063492063492, 32.92096560846561, 32.91765873015873, 32.919642857142854, 32.9212962962963, 32.920634920634924, 32.92162698412698, 32.91964285714286, 32.919973544973544, 32.922949735449734, 32.92559523809524, 32.92757936507937, 32.926256613756614, 32.929563492063494, 32.92791005291005, 32.926256613756614, 32.92691798941799, 32.92890211640212, 32.92890211640212, 32.926256613756614, 32.92493386243386, 32.92460317460318, 32.925595238095234, 32.92460317460317, 32.92460317460318, 32.926256613756614, 32.92724867724868, 32.92824074074074, 32.92824074074074, 32.92890211640212, 32.92526455026455, 32.925595238095234, 32.92427248677249, 32.92526455026455, 32.92691798941799, 32.92460317460318, 32.92261904761905, 32.9239417989418, 32.92195767195767, 32.923611111111114, 32.92526455026455, 32.92559523809524, 32.92559523809524, 32.92526455026455, 32.92427248677249, 32.92361111111111, 32.92526455026455, 32.926256613756614, 32.92757936507936, 32.92724867724868, 32.925925925925924, 32.925595238095234, 32.92460317460318, 32.92460317460317, 32.92493386243386, 32.92526455026455, 32.92493386243387, 32.9239417989418, 32.922949735449734, 32.92493386243386, 32.92427248677249, 32.9239417989418, 32.922949735449734, 32.922949735449734, 32.92526455026455, 32.925925925925924, 32.92526455026455, 32.922949735449734, 32.92228835978836, 32.92261904761905, 32.92361111111111, 32.923611111111114, 32.92526455026455, 32.92526455026455, 32.92460317460317, 32.92460317460318, 32.92526455026455, 32.922949735449734, 32.92195767195768, 32.92195767195767, 32.9212962962963, 32.92063492063492, 32.92228835978836, 32.922949735449734, 32.9212962962963, 32.9212962962963, 32.92162698412699, 32.92228835978836, 32.92162698412699, 32.91964285714286, 32.92096560846561, 32.9212962962963, 32.92261904761905, 32.92460317460317, 32.92559523809524, 32.92493386243386, 32.923611111111114, 32.92427248677249, 32.92460317460318, 32.92294973544974, 32.923611111111114, 32.92493386243386, 32.92526455026455, 32.92427248677249, 32.92460317460318, 32.923941798941804, 32.923280423280424, 32.92460317460318, 32.92559523809524, 32.92824074074074, 32.92757936507937, 32.92493386243386, 32.92559523809524, 32.925925925925924, 32.926587301587304, 32.92824074074074, 32.92757936507937, 32.92691798941799, 32.926917989417994, 32.92824074074074, 32.928902116402114, 32.92824074074074, 32.92757936507937, 32.92890211640212, 32.929563492063494, 32.92824074074074, 32.92526455026455, 32.922949735449734, 32.9212962962963, 32.92228835978836, 32.92228835978836, 32.92162698412699, 32.919973544973544, 32.91964285714286, 32.91931216931217, 32.91964285714286, 32.91964285714286, 32.9186507936508, 32.92096560846561, 32.9212962962963, 32.91931216931217, 32.919973544973544, 32.92030423280423, 32.9212962962963, 32.92195767195767, 32.922619047619044, 32.92228835978836, 32.92228835978836, 32.92096560846561, 32.92162698412698, 32.92261904761905, 32.92195767195768, 32.92096560846561, 32.920304232804234, 32.919973544973544, 32.919973544973544, 32.92162698412699, 32.92228835978836, 32.919642857142854, 32.920304232804234, 32.91832010582011, 32.91798941798942, 32.91765873015873, 32.916997354497354, 32.9156746031746, 32.91798941798942, 32.917328042328045, 32.91832010582011, 32.919642857142854, 32.92063492063492, 32.9212962962963, 32.9212962962963, 32.91931216931217, 32.916666666666664, 32.91633597883598, 32.91633597883598, 32.91501322751323, 32.91666666666667, 32.917658730158735, 32.917658730158735, 32.9183201058201, 32.91865079365079, 32.91765873015873, 32.91865079365079, 32.919642857142854, 32.920304232804234, 32.92096560846561, 32.9212962962963, 32.923611111111114, 32.923280423280424, 32.92559523809524, 32.926587301587304, 32.92757936507936, 32.928902116402114, 32.92824074074074, 32.92526455026455, 32.92559523809524, 32.92460317460318, 32.92261904761905, 32.92261904761905, 32.92460317460317, 32.92361111111111, 32.923280423280424, 32.92195767195767, 32.92195767195767, 32.92228835978836, 32.92195767195767, 32.923280423280424, 32.9212962962963, 32.91931216931217, 32.919973544973544, 32.91931216931217, 32.91898148148148, 32.91633597883598, 32.91600529100529, 32.91534391534392, 32.91633597883598, 32.91501322751323, 32.91600529100529, 32.91534391534392, 32.91633597883598, 32.917328042328045, 32.91798941798942, 32.91798941798942, 32.91798941798942, 32.91898148148148, 32.91865079365079, 32.91898148148148, 32.91898148148148, 32.91865079365079, 32.917328042328045, 32.91898148148148, 32.91898148148149, 32.91964285714286, 32.91666666666667, 32.917328042328045, 32.917658730158735, 32.91798941798942, 32.917328042328045, 32.91798941798942, 32.91865079365079, 32.920304232804234, 32.9186507936508, 32.9186507936508, 32.917989417989425, 32.917328042328045, 32.91633597883598, 32.916666666666664, 32.917328042328045, 32.916997354497354, 32.91931216931217]",0.7321312098019304,0.697556388556118,33,"[33, 33, 33, 33, 33, 33, 33, 33, 33, 33, 33, 33, 33, 33, 33, 33, 33, 33, 33, 33, 33, 33, 33, 33, 33, 33, 33, 33, 33, 33, 33, 33, 33, 33, 33, 33, 33, 33, 33, 33, 33, 33, 33, 33, 33, 33, 33, 33, 33, 33, 33, 33, 33, 33, 33, 33, 33, 33, 33, 33, 33, 33, 33, 33, 33, 33, 33, 33, 33, 33, 33, 33, 33, 33, 33, 33, 33, 33, 33, 33, 33, 33, 33, 33, 33, 33, 33, 33, 33, 33, 33, 33, 33, 33, 33, 33, 33, 33, 33, 33, 33, 33, 33, 33, 33, 33, 33, 33, 33, 33, 33, 33, 33, 33, 33, 33, 33, 33, 33, 33, 33, 33, 33, 33, 33, 33, 33, 33, 33, 33, 33, 33, 33, 33, 33, 33, 33, 33, 33, 33, 33, 33, 33, 33, 33, 33, 33, 33, 33, 33, 33, 33, 33, 33, 33, 33, 33, 33, 33, 33, 33, 33, 33, 33, 33, 33, 33, 33, 33, 33, 33, 33, 33, 33, 33, 33, 33, 33, 33, 33, 33, 33, 33, 33, 33, 33, 33, 33, 33, 33, 33, 33, 33, 33, 33, 33, 33, 33, 33, 33, 33, 33, 33, 33, 33, 33, 33, 33, 33, 33, 33, 33, 33, 33, 33, 33, 33, 33, 33, 33, 33, 33, 33, 33, 33, 33, 33, 33, 33, 33, 33, 33, 33, 33, 33, 33, 33, 33, 33, 33, 33, 33, 33, 33, 33, 33, 33, 33, 33, 33, 33, 33, 33, 33, 33, 33, 33, 33, 33, 33, 33, 33, 33, 33, 33, 33, 33, 33, 33, 33, 33, 33, 33, 33, 33, 33, 33, 33, 33, 33, 33, 33, 33, 33, 33, 33, 33, 33, 33, 33, 33, 33, 33, 33, 33, 33, 33, 33, 33, 33, 33, 33, 33, 33, 33, 33, 33, 33, 33, 33, 33, 33, 33, 33, 33, 33, 33, 33, 33, 33, 33, 33, 33, 33, 33, 33, 33, 33, 33, 33, 33, 33, 33, 33, 33, 33, 33, 33, 33, 33, 33, 33, 33, 33, 33, 33, 33, 33, 33, 33, 33, 33, 33, 33, 33, 33, 33, 33, 33, 33, 33, 33, 33, 33, 33, 33, 33, 33, 33, 33]",370,"[0.5828951001167297, 0.5572037100791931, 0.5355566143989563, 0.5173731446266174, 0.5020730495452881, 0.4889926016330719, 0.47794878482818604, 0.4684111475944519, 0.4603317975997925, 0.4531984329223633, 0.4470750391483307, 0.44182875752449036, 0.4372619390487671, 0.43310365080833435, 0.42951107025146484, 0.42638495564460754, 0.4236093759536743, 0.42110827565193176, 0.41888922452926636, 0.41687071323394775, 0.4151018559932709, 0.41349342465400696, 0.41204577684402466, 0.41071486473083496, 0.40951964259147644, 0.40838855504989624, 0.4073863625526428, 0.4064972400665283, 0.4056558609008789, 0.40491047501564026, 0.40420955419540405, 0.4035448133945465, 0.4029475748538971, 0.4023863971233368, 0.4018417298793793, 0.4013153910636902, 0.4008335471153259, 0.4003792703151703, 0.39995884895324707, 0.3995584547519684, 0.3991793096065521, 0.3987940549850464, 0.3984680473804474, 0.39813145995140076, 0.39780375361442566, 0.3975023925304413, 0.397199809551239, 0.3969261944293976, 0.39664822816848755, 0.39638182520866394, 0.39611580967903137, 0.39586228132247925, 0.39561140537261963, 0.3953646421432495, 0.3951362371444702, 0.3949088752269745, 0.39469027519226074, 0.3944714069366455, 0.3942617177963257, 0.3940620422363281, 0.39385178685188293, 0.3936479687690735, 0.39344465732574463, 0.3932541608810425, 0.39306509494781494, 0.39287102222442627, 0.3926849067211151, 0.39250263571739197, 0.3923271596431732, 0.3921496570110321, 0.3919703960418701, 0.39179497957229614, 0.39161741733551025, 0.39143598079681396, 0.39127013087272644, 0.391103059053421, 0.3909381031990051, 0.3907819092273712, 0.390615314245224, 0.3904518783092499, 0.39028725028038025, 0.39012429118156433, 0.38996636867523193, 0.38980984687805176, 0.3896518051624298, 0.3894954025745392, 0.3893434405326843, 0.38919171690940857, 0.3890385329723358, 0.38888823986053467, 0.38873687386512756, 0.38858723640441895, 0.38844215869903564, 0.388294517993927, 0.38815125823020935, 0.3880119323730469, 0.38786715269088745, 0.38772839307785034, 0.3875904083251953, 0.3874499499797821, 0.3873160481452942, 0.3871768116950989, 0.3870396018028259, 0.3869015574455261, 0.38676539063453674, 0.3866307735443115, 0.3865055441856384, 0.386374831199646, 0.38624364137649536, 0.38610804080963135, 0.38597825169563293, 0.3858487010002136, 0.3857194185256958, 0.3855952024459839, 0.38547036051750183, 0.3853418827056885, 0.38522034883499146, 0.3850982189178467, 0.38497260212898254, 0.38485297560691833, 0.3847320079803467, 0.38461676239967346, 0.3844977915287018, 0.3843793570995331, 0.3842606246471405, 0.38415035605430603, 0.3840302526950836, 0.3839138448238373, 0.3838025629520416, 0.3836895227432251, 0.383573979139328, 0.383463591337204, 0.38335198163986206, 0.3832437992095947, 0.3831360638141632, 0.38302329182624817, 0.382914274930954, 0.38280415534973145, 0.3826962411403656, 0.3825926184654236, 0.38248637318611145, 0.38238513469696045, 0.3822854161262512, 0.38217881321907043, 0.3820766806602478, 0.3819788694381714, 0.38187670707702637, 0.38177889585494995, 0.3816780149936676, 0.3815767168998718, 0.3814816176891327, 0.3813800513744354, 0.38128039240837097, 0.3811822235584259, 0.3810843527317047, 0.38098564743995667, 0.3808833360671997, 0.38078272342681885, 0.38068687915802, 0.3805956244468689, 0.3805006146430969, 0.38040587306022644, 0.3803117871284485, 0.3802188038825989, 0.3801247775554657, 0.38003721833229065, 0.379944771528244, 0.37985312938690186, 0.37976646423339844, 0.379678338766098, 0.3795908987522125, 0.3795053958892822, 0.37942051887512207, 0.3793339133262634, 0.37924888730049133, 0.3791615962982178, 0.3790760040283203, 0.3789909780025482, 0.37890684604644775, 0.3788236975669861, 0.378744512796402, 0.37865981459617615, 0.3785780668258667, 0.37849852442741394, 0.37841442227363586, 0.37833482027053833, 0.3782552480697632, 0.37817609310150146, 0.3780965805053711, 0.37801671028137207, 0.37793272733688354, 0.3778541088104248, 0.3777768015861511, 0.3776969909667969, 0.3776189088821411, 0.3775465786457062, 0.3774716258049011, 0.37739771604537964, 0.3773244023323059, 0.37724804878234863, 0.3771717846393585, 0.37710025906562805, 0.37702545523643494, 0.37695109844207764, 0.37687623500823975, 0.3767995834350586, 0.3767237365245819, 0.3766517639160156, 0.3765856921672821, 0.3765113055706024, 0.37643811106681824, 0.3763642907142639, 0.3762938976287842, 0.37622031569480896, 0.3761518895626068, 0.37607741355895996, 0.37600815296173096, 0.37593692541122437, 0.3758662939071655, 0.375797837972641, 0.37573009729385376, 0.3756614029407501, 0.37559473514556885, 0.3755281865596771, 0.3754635155200958, 0.37539464235305786, 0.37532562017440796, 0.37525928020477295, 0.37519004940986633, 0.37512898445129395, 0.37506571412086487, 0.3749951124191284, 0.3749340772628784, 0.3748689889907837, 0.3748091459274292, 0.3747430443763733, 0.37468206882476807, 0.37461769580841064, 0.3745556175708771, 0.37449464201927185, 0.3744328022003174, 0.37437206506729126, 0.37430843710899353, 0.37424710392951965, 0.3741864860057831, 0.37412625551223755, 0.3740657866001129, 0.3740013837814331, 0.3739369511604309, 0.3738774061203003, 0.37381717562675476, 0.37375885248184204, 0.37370410561561584, 0.3736411929130554, 0.3735784590244293, 0.3735150396823883, 0.3734549582004547, 0.3733953833580017, 0.37333929538726807, 0.3732832074165344, 0.3732262849807739, 0.3731640577316284, 0.37310686707496643, 0.37304770946502686, 0.3729897737503052, 0.37293460965156555, 0.37288177013397217, 0.37282150983810425, 0.3727685511112213, 0.3727124035358429, 0.3726517856121063, 0.372597336769104, 0.3725404739379883, 0.3724870979785919, 0.3724345266819, 0.3723757565021515, 0.37232163548469543, 0.3722708523273468, 0.3722158670425415, 0.37215831875801086, 0.3721003234386444, 0.37204527854919434, 0.3719924986362457, 0.37193620204925537, 0.3718845844268799, 0.3718312978744507, 0.3717767000198364, 0.37172260880470276, 0.37167245149612427, 0.3716197609901428, 0.37156495451927185, 0.37151312828063965, 0.3714643716812134, 0.3714154064655304, 0.3713705837726593, 0.37131866812705994, 0.37126877903938293, 0.3712174594402313, 0.37116163969039917, 0.37111252546310425, 0.37106242775917053, 0.37101349234580994, 0.37096649408340454, 0.3709184527397156, 0.3708711564540863, 0.3708229959011078, 0.37077561020851135, 0.37072667479515076, 0.3706780970096588, 0.37062907218933105, 0.37057793140411377, 0.37052667140960693, 0.37047436833381653, 0.37042436003685, 0.37037739157676697, 0.3703347146511078, 0.37029045820236206, 0.3702392876148224, 0.3701924979686737, 0.3701430559158325, 0.3700989782810211, 0.3700543940067291, 0.37000715732574463, 0.3699595332145691, 0.369910329580307, 0.36986660957336426, 0.369818776845932, 0.3697758615016937, 0.3697304129600525, 0.3696853220462799, 0.3696404695510864, 0.36959588527679443, 0.3695521950721741, 0.3695063889026642, 0.3694610297679901, 0.36941230297088623, 0.3693680167198181, 0.36933010816574097, 0.36928626894950867, 0.3692421615123749, 0.3691976070404053, 0.369154691696167, 0.3691082000732422, 0.36905792355537415, 0.36901184916496277, 0.36896243691444397, 0.36892029643058777, 0.3688774108886719, 0.3688339293003082, 0.36879366636276245, 0.36874526739120483, 0.3686990737915039, 0.3686547875404358, 0.3686178922653198, 0.3685831129550934, 0.36853843927383423, 0.36849671602249146, 0.3684541583061218, 0.368414968252182, 0.3683707118034363, 0.36833056807518005, 0.3682911694049835, 0.368249773979187, 0.36820217967033386, 0.3681582510471344, 0.36811792850494385, 0.3680783808231354, 0.36803311109542847, 0.3679918348789215, 0.3679521679878235]",33.0,"[33.0, 33.0, 33.0, 33.0, 33.0, 33.0, 33.0, 33.0, 33.0, 33.0, 33.0, 33.0, 33.0, 33.0, 33.0, 33.0, 33.0, 33.0, 33.0, 33.0, 33.0, 33.0, 33.0, 33.0, 33.0, 33.0, 33.0, 33.0, 33.0, 33.0, 33.0, 33.0, 33.0, 33.0, 33.0, 33.0, 33.0, 33.0, 33.0, 33.0, 33.0, 33.0, 33.0, 33.0, 33.0, 33.0, 33.0, 33.0, 33.0, 33.0, 33.0, 33.0, 33.0, 33.0, 33.0, 33.0, 33.0, 33.0, 33.0, 33.0, 33.0, 33.0, 33.0, 33.0, 33.0, 33.0, 33.0, 33.0, 33.0, 33.0, 33.0, 33.0, 33.0, 33.0, 33.0, 33.0, 33.0, 33.0, 33.0, 33.0, 33.0, 33.0, 33.0, 33.0, 33.0, 33.0, 33.0, 33.0, 33.0, 33.0, 33.0, 33.0, 33.0, 33.0, 33.0, 33.0, 33.0, 33.0, 33.0, 33.0, 33.0, 33.0, 33.0, 33.0, 33.0, 33.0, 33.0, 33.0, 33.0, 33.0, 33.0, 33.0, 33.0, 33.0, 33.0, 33.0, 33.0, 33.0, 33.0, 33.0, 33.0, 33.0, 33.0, 33.0, 33.0, 33.0, 33.0, 33.0, 33.0, 33.0, 33.0, 33.0, 33.0, 33.0, 33.0, 33.0, 33.0, 33.0, 33.0, 33.0, 33.0, 33.0, 33.0, 33.0, 33.0, 33.0, 33.0, 33.0, 33.0, 33.0, 33.0, 33.0, 33.0, 33.0, 33.0, 33.0, 33.0, 33.0, 33.0, 33.0, 33.0, 33.0, 33.0, 33.0, 33.0, 33.0, 33.0, 33.0, 33.0, 33.0, 33.0, 33.0, 33.0, 33.0, 33.0, 33.0, 33.0, 33.0, 33.0, 33.0, 33.0, 33.0, 33.0, 33.0, 33.0, 33.0, 33.0, 33.0, 33.0, 33.0, 33.0, 33.0, 33.0, 33.0, 33.0, 33.0, 33.0, 33.0, 33.0, 33.0, 33.0, 33.0, 33.0, 33.0, 33.0, 33.0, 33.0, 33.0, 33.0, 33.0, 33.0, 33.0, 33.0, 33.0, 33.0, 33.0, 33.0, 33.0, 33.0, 33.0, 33.0, 33.0, 33.0, 33.0, 33.0, 33.0, 33.0, 33.0, 33.0, 33.0, 33.0, 33.0, 33.0, 33.0, 33.0, 33.0, 33.0, 33.0, 33.0, 33.0, 33.0, 33.0, 33.0, 33.0, 33.0, 33.0, 33.0, 33.0, 33.0, 33.0, 33.0, 33.0, 33.0, 33.0, 33.0, 33.0, 33.0, 33.0, 33.0, 33.0, 33.0, 33.0, 33.0, 33.0, 33.0, 33.0, 33.0, 33.0, 33.0, 33.0, 33.0, 33.0, 33.0, 33.0, 33.0, 33.0, 33.0, 33.0, 33.0, 33.0, 33.0, 33.0, 33.0, 33.0, 33.0, 33.0, 33.0, 33.0, 33.0, 33.0, 33.0, 33.0, 33.0, 33.0, 33.0, 33.0, 33.0, 33.0, 33.0, 33.0, 33.0, 33.0, 33.0, 33.0, 33.0, 33.0, 33.0, 33.0, 33.0, 33.0, 33.0, 33.0, 33.0, 33.0, 33.0, 33.0, 33.0, 33.0, 33.0, 33.0, 33.0, 33.0, 33.0, 33.0, 33.0, 33.0, 33.0, 33.0, 33.0, 33.0, 33.0, 33.0, 33.0, 33.0, 33.0, 33.0, 33.0, 33.0, 33.0, 33.0, 33.0, 33.0, 33.0, 33.0, 33.0, 33.0, 33.0, 33.0, 33.0, 33.0, 33.0, 33.0, 33.0, 33.0, 33.0, 33.0, 33.0, 33.0, 33.0, 33.0, 33.0, 33.0, 33.0, 33.0, 33.0, 33.0, 33.0, 33.0, 33.0, 33.0]",COMPLETE
