,number,value,datetime_start,datetime_complete,duration,params_batch_size_scaler,params_constant_learning_rate,params_depth,params_epochs,params_kernel_l2,params_num_trees,params_temperature,user_attrs_accuracy_test,user_attrs_accuracy_valid,user_attrs_approximate_feature_sparsity,user_attrs_approximate_feature_sparsity_history,user_attrs_approximate_weight_sparsity,user_attrs_approximate_weight_sparsity_history,user_attrs_auc_test,user_attrs_auc_valid,user_attrs_feature_sparsity,user_attrs_feature_sparsity_history,user_attrs_num_epochs,user_attrs_val_loss_history,user_attrs_weight_sparsity,user_attrs_weight_sparsity_history,state
95,95,0.5,2024-08-31 05:41:51.102410,2024-08-31 05:42:24.823433,0 days 00:00:33.721023,64,6.361851642622172,5,40,0.009660771412001341,83,0.006932181892758044,0.141,0.14125,0,"[33, 8, 0, 0, 0, 0, 0, 0, 0, 0, 0, 0, 0, 0, 0, 0, 0, 0, 0, 0, 0, 0, 0, 0, 0, 0, 0, 0, 0, 0, 0, 0, 0, 0, 0, 0, 0, 0, 0, 0]",0.0,"[32.933929265448896, 7.984065293431792, 0.0, 0.0, 0.0, 0.0, 0.0, 0.0, 0.0, 0.0, 0.0, 0.0, 0.0, 0.0, 0.0, 0.0, 0.0, 0.0, 0.0, 0.0, 0.0, 0.0, 0.0, 0.0, 0.0, 0.0, 0.0, 0.0, 0.0, 0.0, 0.0, 0.0, 0.0, 0.0, 0.0, 0.0, 0.0, 0.0, 0.0, 0.0]",0.5,0.5,0,"[33, 8, 0, 0, 0, 0, 0, 0, 0, 0, 0, 0, 0, 0, 0, 0, 0, 0, 0, 0, 0, 0, 0, 0, 0, 0, 0, 0, 0, 0, 0, 0, 0, 0, 0, 0, 0, 0, 0, 0]",40,"[0.7346502542495728, 0.38174229860305786, 1.2236359119415283, 1.3329440355300903, 0.5945158004760742, 2.32582688331604, 1.5075325965881348, 0.4429013729095459, 1.0865353345870972, 0.7888951301574707, 0.6612687706947327, 0.6381033062934875, 0.6613192558288574, 0.43324339389801025, 0.45759332180023193, 0.42445001006126404, 0.42077749967575073, 0.553238570690155, 2.0961148738861084, 0.7713044881820679, 0.6936171054840088, 0.4134198725223541, 1.4406254291534424, 0.9527050256729126, 0.41284140944480896, 0.8946258425712585, 1.7503645420074463, 1.6275930404663086, 1.608251929283142, 0.4249788224697113, 0.503487765789032, 1.6982159614562988, 1.349552869796753, 0.6102150082588196, 0.4539119601249695, 0.4222966134548187, 1.7697126865386963, 2.0379302501678467, 1.4077708721160889, 0.9678148627281189]",0.0,"[33.0, 8.0, 0.0, 0.0, 0.0, 0.0, 0.0, 0.0, 0.0, 0.0, 0.0, 0.0, 0.0, 0.0, 0.0, 0.0, 0.0, 0.0, 0.0, 0.0, 0.0, 0.0, 0.0, 0.0, 0.0, 0.0, 0.0, 0.0, 0.0, 0.0, 0.0, 0.0, 0.0, 0.0, 0.0, 0.0, 0.0, 0.0, 0.0, 0.0]",COMPLETE
