,number,value,datetime_start,datetime_complete,duration,params_batch_size_scaler,params_constant_learning_rate,params_depth,params_epochs,params_kernel_l2,params_num_trees,params_temperature,user_attrs_accuracy_test,user_attrs_accuracy_valid,user_attrs_approximate_feature_sparsity,user_attrs_approximate_feature_sparsity_history,user_attrs_approximate_weight_sparsity,user_attrs_approximate_weight_sparsity_history,user_attrs_auc_test,user_attrs_auc_valid,user_attrs_feature_sparsity,user_attrs_feature_sparsity_history,user_attrs_num_epochs,user_attrs_val_loss_history,user_attrs_weight_sparsity,user_attrs_weight_sparsity_history,state
11,11,0.8924591980007986,2024-08-31 00:58:51.525119,2024-08-31 00:59:52.343308,0 days 00:01:00.818189,4,9.264389834892553,2,305,0.026053097310683535,88,0.001194886747467718,0.882,0.90375,30,"[30, 30, 30, 30, 30, 30, 30, 30, 30, 30, 30, 30, 30, 30, 30, 30, 30, 30, 30, 30, 30, 30, 30, 30, 30, 30, 30, 30, 30, 30, 30, 30, 30, 30, 30, 30, 30, 30, 30, 30, 30, 30, 30, 30, 30, 30, 30, 30, 30, 30, 30, 30, 30, 30, 30, 30, 30, 30, 30, 30, 30, 30, 30, 30, 30, 30, 30, 30, 30, 30, 30, 30, 30, 30, 30, 30, 30, 30, 30, 30, 30, 30, 30, 30, 30, 30, 30, 30, 30, 30, 30, 30, 30, 30, 30, 30, 30, 30, 30, 30, 30, 30, 30, 30, 30, 30, 30, 30, 30, 30, 30, 30, 30, 30, 30, 30, 30, 30, 30, 30, 30, 30, 30, 30, 30, 30, 30, 30, 30, 30, 30, 30, 30, 30, 30, 30, 30, 30, 30, 30, 30, 30, 30, 30, 30, 30, 30, 30, 30, 30, 30, 30, 30, 30, 30, 30, 30, 30, 30, 30, 30, 30, 30, 30, 30, 30, 30, 30, 30, 30, 30, 30, 30, 30, 30, 30, 30, 30, 30, 30, 30, 30, 30, 30, 30, 30, 30, 30, 30, 30, 30, 30, 30, 30, 30, 30, 30, 30, 30, 30, 30, 30, 30, 30, 30, 30, 30, 30, 30, 30, 30, 30, 30, 30, 30, 30, 30, 30, 30, 30, 30, 30, 30, 30, 30, 30, 30, 30, 30, 30, 30, 30, 30, 30, 30, 30, 30, 30, 30, 30, 30, 30, 30, 30, 30, 30, 30, 30, 30, 30, 30, 30, 30, 30, 30, 30, 30, 30, 30, 30, 30, 30, 30, 30, 30, 30, 30, 30, 30, 30, 30, 30, 30, 30, 30, 30, 30, 30, 30, 30, 30, 30, 30, 30, 30, 30, 30, 30, 30, 30, 30, 30, 30, 30, 30, 30, 30, 30, 30, 30, 30, 30, 30, 30, 30]",26.882575757575758,"[29.99621212121212, 30.0, 29.99621212121212, 30.0, 30.0, 30.0, 29.992424242424242, 30.0, 29.99621212121212, 30.0, 29.99621212121212, 30.0, 29.99621212121212, 29.992424242424242, 30.0, 29.984848484848484, 29.99621212121212, 29.988636363636363, 29.988636363636363, 29.992424242424242, 29.99621212121212, 29.99621212121212, 29.99621212121212, 29.984848484848484, 30.0, 29.988636363636363, 29.99621212121212, 30.0, 30.0, 29.99621212121212, 29.992424242424242, 29.99621212121212, 29.99621212121212, 30.0, 29.992424242424242, 29.992424242424242, 29.992424242424242, 29.99621212121212, 29.992424242424242, 29.984848484848484, 30.0, 29.99621212121212, 29.992424242424242, 29.984848484848484, 29.992424242424242, 29.99621212121212, 29.988636363636363, 29.988636363636363, 29.988636363636363, 29.977272727272727, 29.973484848484848, 29.984848484848484, 29.96969696969697, 29.981060606060606, 29.981060606060606, 29.981060606060606, 29.977272727272727, 29.96590909090909, 29.96212121212121, 29.977272727272727, 29.981060606060606, 29.984848484848484, 29.973484848484848, 29.984848484848484, 29.973484848484848, 29.96590909090909, 29.96969696969697, 29.973484848484848, 29.96969696969697, 29.96590909090909, 29.96969696969697, 29.96969696969697, 29.96590909090909, 29.96212121212121, 29.958333333333332, 29.946969696969695, 29.946969696969695, 29.950757575757574, 29.93560606060606, 29.946969696969695, 29.93181818181818, 29.9280303030303, 29.924242424242422, 29.920454545454543, 29.90151515151515, 29.89393939393939, 29.890151515151516, 29.878787878787875, 29.890151515151516, 29.874999999999996, 29.867424242424242, 29.852272727272727, 29.85984848484848, 29.859848484848484, 29.85227272727273, 29.837121212121215, 29.829545454545457, 29.8219696969697, 29.825757575757574, 29.825757575757578, 29.81818181818182, 29.814393939393938, 29.810606060606062, 29.810606060606062, 29.799242424242426, 29.799242424242426, 29.772727272727273, 29.765151515151516, 29.768939393939394, 29.761363636363637, 29.734848484848488, 29.75, 29.738636363636363, 29.75, 29.75, 29.727272727272727, 29.708333333333336, 29.71212121212121, 29.700757575757574, 29.708333333333332, 29.693181818181817, 29.6969696969697, 29.693181818181817, 29.678030303030305, 29.670454545454547, 29.65530303030303, 29.647727272727273, 29.647727272727273, 29.65151515151515, 29.647727272727273, 29.606060606060606, 29.602272727272727, 29.602272727272723, 29.583333333333332, 29.5719696969697, 29.545454545454547, 29.53030303030303, 29.50378787878788, 29.5, 29.50378787878788, 29.488636363636367, 29.458333333333336, 29.46969696969697, 29.46212121212121, 29.458333333333336, 29.43181818181818, 29.420454545454547, 29.40909090909091, 29.40909090909091, 29.386363636363633, 29.382575757575758, 29.367424242424242, 29.34469696969697, 29.30681818181818, 29.30681818181818, 29.265151515151512, 29.276515151515152, 29.234848484848484, 29.223484848484848, 29.189393939393938, 29.174242424242426, 29.166666666666668, 29.12121212121212, 29.12878787878788, 29.079545454545457, 29.0719696969697, 29.041666666666668, 29.00378787878788, 28.992424242424242, 28.96212121212121, 28.950757575757574, 28.909090909090907, 28.90151515151515, 28.87878787878788, 28.863636363636363, 28.83712121212121, 28.821969696969695, 28.78030303030303, 28.765151515151516, 28.757575757575758, 28.74621212121212, 28.71969696969697, 28.71212121212121, 28.678030303030305, 28.674242424242422, 28.64393939393939, 28.636363636363637, 28.59090909090909, 28.583333333333332, 28.56818181818182, 28.56818181818182, 28.522727272727273, 28.46969696969697, 28.481060606060606, 28.446969696969695, 28.435606060606062, 28.424242424242422, 28.44318181818182, 28.40530303030303, 28.329545454545453, 28.325757575757574, 28.310606060606062, 28.306818181818183, 28.291666666666668, 28.299242424242426, 28.287878787878785, 28.268939393939394, 28.234848484848484, 28.227272727272727, 28.21212121212121, 28.204545454545453, 28.185606060606062, 28.174242424242426, 28.174242424242426, 28.16287878787879, 28.102272727272727, 28.113636363636367, 28.10606060606061, 28.08712121212121, 28.087121212121207, 28.04545454545454, 28.02651515151515, 28.011363636363633, 28.007575757575758, 28.0, 27.984848484848484, 27.96969696969697, 27.958333333333336, 27.950757575757578, 27.916666666666664, 27.916666666666664, 27.89393939393939, 27.88257575757576, 27.863636363636363, 27.848484848484848, 27.844696969696972, 27.829545454545453, 27.833333333333336, 27.821969696969695, 27.799242424242426, 27.78030303030303, 27.757575757575758, 27.72727272727273, 27.742424242424246, 27.734848484848488, 27.71212121212121, 27.71969696969697, 27.723484848484848, 27.715909090909093, 27.704545454545453, 27.700757575757578, 27.678030303030305, 27.666666666666664, 27.674242424242422, 27.65530303030303, 27.632575757575758, 27.640151515151516, 27.640151515151516, 27.62121212121212, 27.617424242424242, 27.609848484848484, 27.579545454545457, 27.56439393939394, 27.575757575757578, 27.534090909090907, 27.53409090909091, 27.49621212121212, 27.488636363636363, 27.481060606060606, 27.4469696969697, 27.435606060606062, 27.41287878787879, 27.397727272727273, 27.37878787878788, 27.333333333333332, 27.30681818181818, 27.3030303030303, 27.276515151515152, 27.25757575757576, 27.257575757575758, 27.238636363636363, 27.212121212121215, 27.212121212121215, 27.208333333333332, 27.200757575757574, 27.174242424242426, 27.16287878787879, 27.15909090909091, 27.147727272727273, 27.121212121212125, 27.106060606060606, 27.09469696969697, 27.09090909090909, 27.05681818181818, 27.064393939393938, 27.03787878787879, 27.022727272727273, 27.026515151515152, 27.01893939393939, 26.977272727272727, 26.950757575757574, 26.931818181818183, 26.916666666666668, 26.905303030303028, 26.882575757575758]",0.8681338188062979,0.8924591980007986,30,"[30, 30, 30, 30, 30, 30, 30, 30, 30, 30, 30, 30, 30, 30, 30, 30, 30, 30, 30, 30, 30, 30, 30, 30, 30, 30, 30, 30, 30, 30, 30, 30, 30, 30, 30, 30, 30, 30, 30, 30, 30, 30, 30, 30, 30, 30, 30, 30, 30, 30, 30, 30, 30, 30, 30, 30, 30, 30, 30, 30, 30, 30, 30, 30, 30, 30, 30, 30, 30, 30, 30, 30, 30, 30, 30, 30, 30, 30, 30, 30, 30, 30, 30, 30, 30, 30, 30, 30, 30, 30, 30, 30, 30, 30, 30, 30, 30, 30, 30, 30, 30, 30, 30, 30, 30, 30, 30, 30, 30, 30, 30, 30, 30, 30, 30, 30, 30, 30, 30, 30, 30, 30, 30, 30, 30, 30, 30, 30, 30, 30, 30, 30, 30, 30, 30, 30, 30, 30, 30, 30, 30, 30, 30, 30, 30, 30, 30, 30, 30, 30, 30, 30, 30, 30, 30, 30, 30, 30, 30, 30, 30, 30, 30, 30, 30, 30, 30, 30, 30, 30, 30, 30, 30, 30, 30, 30, 30, 30, 30, 30, 30, 30, 30, 30, 30, 30, 30, 30, 30, 30, 30, 30, 30, 30, 30, 30, 30, 30, 30, 30, 30, 30, 30, 30, 30, 30, 30, 30, 30, 30, 30, 30, 30, 30, 30, 30, 30, 30, 30, 30, 30, 30, 30, 30, 30, 30, 30, 30, 30, 30, 30, 30, 30, 30, 30, 30, 30, 30, 30, 30, 30, 30, 30, 30, 30, 30, 30, 30, 30, 30, 30, 30, 30, 30, 30, 30, 30, 30, 30, 30, 30, 30, 30, 30, 30, 30, 30, 30, 30, 30, 30, 30, 30, 30, 30, 30, 30, 30, 30, 30, 30, 30, 30, 30, 30, 30, 30, 30, 30, 30, 30, 30, 30, 30, 30, 30, 30, 30, 30, 30, 30, 30, 30, 30, 30]",305,"[16.5716552734375, 12.525477409362793, 53.133060455322266, 21.077180862426758, 10.623793601989746, 11.359338760375977, 8.110088348388672, 8.235093116760254, 8.326312065124512, 9.987667083740234, 8.696523666381836, 7.281497955322266, 14.808490753173828, 8.095311164855957, 9.037776947021484, 7.1635236740112305, 7.113688945770264, 8.849717140197754, 7.773014068603516, 6.4989705085754395, 7.790719032287598, 7.374211311340332, 36.10353088378906, 7.230170726776123, 7.005664825439453, 7.071500301361084, 8.651249885559082, 7.039223670959473, 13.371482849121094, 6.618870258331299, 6.92972469329834, 7.387277126312256, 9.757950782775879, 6.395545482635498, 6.006761074066162, 5.33584451675415, 7.553130626678467, 5.830600738525391, 9.001324653625488, 6.575292587280273, 9.747146606445312, 7.2073845863342285, 7.397011756896973, 9.225892066955566, 6.216334819793701, 6.174372673034668, 6.734094619750977, 10.590876579284668, 5.800306797027588, 6.496920585632324, 7.764768600463867, 7.516699314117432, 7.835005283355713, 7.304737567901611, 6.949877738952637, 6.057824611663818, 7.180897235870361, 6.860310077667236, 6.113039493560791, 6.43358039855957, 6.64093017578125, 7.911714553833008, 10.809900283813477, 6.230429649353027, 6.805601119995117, 5.634599685668945, 12.682021141052246, 8.293562889099121, 6.519888877868652, 9.174860954284668, 7.812691688537598, 5.965763092041016, 6.006707668304443, 6.398538589477539, 8.646730422973633, 8.23268985748291, 18.69881248474121, 7.245376110076904, 5.797205924987793, 5.915412425994873, 6.285987377166748, 13.224287033081055, 6.713953018188477, 6.843112945556641, 6.861806869506836, 8.778558731079102, 6.180245399475098, 7.295732021331787, 6.975438117980957, 6.635105609893799, 9.034056663513184, 10.812170028686523, 8.964519500732422, 6.598666191101074, 8.038375854492188, 14.094046592712402, 22.782514572143555, 6.684933662414551, 25.709518432617188, 9.004469871520996, 8.524295806884766, 8.204699516296387, 7.3581414222717285, 6.2617106437683105, 6.073340892791748, 7.472704887390137, 7.475793838500977, 6.06210470199585, 6.8663649559021, 5.681182384490967, 15.422625541687012, 5.3011474609375, 8.368151664733887, 5.965879917144775, 8.320967674255371, 6.116491794586182, 11.506112098693848, 7.131519794464111, 7.417138576507568, 8.865320205688477, 5.559158802032471, 8.030335426330566, 8.487309455871582, 6.252628803253174, 14.966588973999023, 5.332615375518799, 16.783212661743164, 6.860706806182861, 6.467040538787842, 11.063436508178711, 6.813851356506348, 7.805067539215088, 7.293056488037109, 6.510558605194092, 17.95058250427246, 7.184579849243164, 5.975282669067383, 12.435848236083984, 12.50554084777832, 7.012761116027832, 10.624198913574219, 8.568339347839355, 6.551947593688965, 6.779052257537842, 8.489699363708496, 8.676944732666016, 11.138040542602539, 6.0704522132873535, 5.483274936676025, 7.035400390625, 6.446893692016602, 7.963303089141846, 18.885730743408203, 8.09326457977295, 11.314881324768066, 9.3037748336792, 5.993129253387451, 11.812938690185547, 10.339510917663574, 19.139480590820312, 8.07916259765625, 9.700409889221191, 35.73249816894531, 10.006440162658691, 11.347905158996582, 6.423010349273682, 5.478887557983398, 6.794516563415527, 6.120533466339111, 6.414790153503418, 7.645980358123779, 7.713201999664307, 11.35600471496582, 7.962010383605957, 13.591394424438477, 5.341464996337891, 6.183890342712402, 8.793671607971191, 7.770929336547852, 16.280794143676758, 5.771283149719238, 10.280345916748047, 6.038503646850586, 5.281289577484131, 18.305259704589844, 5.884687900543213, 5.264293193817139, 10.024048805236816, 8.366399765014648, 7.817255973815918, 6.155523300170898, 6.249093532562256, 6.077021598815918, 8.229576110839844, 12.15495491027832, 6.338792324066162, 9.052055358886719, 6.706826210021973, 6.075617790222168, 9.320472717285156, 8.243162155151367, 7.9099907875061035, 8.484515190124512, 6.360305309295654, 14.23529052734375, 8.532617568969727, 47.37252426147461, 7.2414751052856445, 6.278483867645264, 7.33098030090332, 6.661376476287842, 7.521815776824951, 8.928472518920898, 6.3492631912231445, 6.4154438972473145, 6.335153579711914, 8.024105072021484, 7.111276149749756, 5.906938552856445, 8.72037124633789, 10.759570121765137, 9.14908218383789, 5.67531681060791, 6.842913627624512, 6.318995475769043, 6.737328052520752, 5.515626907348633, 17.597898483276367, 5.643154144287109, 5.487178802490234, 7.09092903137207, 8.559148788452148, 6.948307991027832, 6.12669563293457, 9.913637161254883, 6.554135322570801, 18.370861053466797, 8.240760803222656, 10.552918434143066, 23.150894165039062, 8.032421112060547, 6.1643218994140625, 5.890630722045898, 9.411966323852539, 8.707033157348633, 41.75164031982422, 7.395355701446533, 7.888250350952148, 11.853673934936523, 11.085827827453613, 12.534265518188477, 7.195401668548584, 7.40837287902832, 5.953471660614014, 6.031103134155273, 7.002313137054443, 8.875959396362305, 8.096282958984375, 7.110796928405762, 12.406022071838379, 6.256158828735352, 7.133581161499023, 10.00094223022461, 6.910503387451172, 9.300950050354004, 5.94008731842041, 6.678971767425537, 5.853336334228516, 21.660999298095703, 6.906854152679443, 6.947512626647949, 10.494839668273926, 7.0020647048950195, 14.492149353027344, 10.68463134765625, 6.690908908843994, 7.85994815826416, 7.033824443817139, 6.5477471351623535, 11.605864524841309, 6.837684154510498, 24.990755081176758, 29.701801300048828, 9.285011291503906, 9.352386474609375, 6.626828193664551, 7.495410919189453, 13.197927474975586, 5.531099796295166, 10.581782341003418, 12.192283630371094, 12.603192329406738, 6.073067665100098, 16.541208267211914, 12.007821083068848, 17.627838134765625, 6.449576377868652, 9.012117385864258, 15.32737922668457, 8.474536895751953, 9.882804870605469, 7.103267192840576, 13.357636451721191, 14.626914024353027, 6.669116973876953]",30.0,"[30.0, 30.0, 30.0, 30.0, 30.0, 30.0, 30.0, 30.0, 30.0, 30.0, 30.0, 30.0, 30.0, 30.0, 30.0, 30.0, 30.0, 30.0, 30.0, 30.0, 30.0, 30.0, 30.0, 30.0, 30.0, 30.0, 30.0, 30.0, 30.0, 30.0, 30.0, 30.0, 30.0, 30.0, 30.0, 30.0, 30.0, 30.0, 30.0, 30.0, 30.0, 30.0, 30.0, 30.0, 30.0, 30.0, 30.0, 30.0, 30.0, 30.0, 30.0, 30.0, 30.0, 30.0, 30.0, 30.0, 30.0, 30.0, 30.0, 30.0, 30.0, 30.0, 30.0, 30.0, 30.0, 30.0, 30.0, 30.0, 30.0, 30.0, 30.0, 30.0, 30.0, 30.0, 30.0, 30.0, 30.0, 30.0, 30.0, 30.0, 30.0, 30.0, 30.0, 30.0, 30.0, 30.0, 30.0, 30.0, 30.0, 30.0, 30.0, 30.0, 30.0, 30.0, 30.0, 30.0, 30.0, 30.0, 30.0, 30.0, 30.0, 30.0, 30.0, 30.0, 30.0, 30.0, 30.0, 30.0, 30.0, 30.0, 30.0, 30.0, 30.0, 30.0, 30.0, 30.0, 30.0, 30.0, 30.0, 30.0, 30.0, 30.0, 30.0, 30.0, 30.0, 30.0, 30.0, 30.0, 30.0, 30.0, 30.0, 30.0, 30.0, 30.0, 30.0, 30.0, 30.0, 30.0, 30.0, 30.0, 30.0, 30.0, 30.0, 30.0, 30.0, 30.0, 30.0, 30.0, 30.0, 30.0, 30.0, 30.0, 30.0, 30.0, 30.0, 30.0, 30.0, 30.0, 30.0, 30.0, 30.0, 30.0, 30.0, 30.0, 30.0, 30.0, 30.0, 30.0, 30.0, 30.0, 30.0, 30.0, 30.0, 30.0, 30.0, 30.0, 30.0, 30.0, 30.0, 30.0, 30.0, 30.0, 30.0, 30.0, 30.0, 30.0, 30.0, 30.0, 30.0, 30.0, 30.0, 30.0, 30.0, 30.0, 30.0, 30.0, 30.0, 30.0, 30.0, 30.0, 30.0, 30.0, 30.0, 30.0, 30.0, 30.0, 30.0, 30.0, 30.0, 30.0, 30.0, 30.0, 30.0, 30.0, 30.0, 30.0, 30.0, 30.0, 30.0, 30.0, 30.0, 30.0, 30.0, 30.0, 30.0, 30.0, 30.0, 30.0, 30.0, 30.0, 30.0, 30.0, 30.0, 30.0, 30.0, 30.0, 30.0, 30.0, 30.0, 30.0, 30.0, 30.0, 30.0, 30.0, 30.0, 30.0, 30.0, 30.0, 30.0, 30.0, 30.0, 30.0, 30.0, 30.0, 30.0, 30.0, 30.0, 30.0, 30.0, 30.0, 30.0, 30.0, 30.0, 30.0, 30.0, 30.0, 30.0, 30.0, 30.0, 30.0, 30.0, 30.0, 30.0, 30.0, 30.0, 30.0, 30.0, 30.0, 30.0, 30.0, 30.0, 30.0, 30.0, 30.0, 30.0, 30.0, 30.0, 30.0, 30.0, 30.0, 30.0, 30.0, 30.0, 30.0, 30.0, 30.0, 30.0, 30.0, 30.0, 30.0, 30.0, 30.0, 30.0, 30.0, 30.0]",COMPLETE
12,12,0.5,2024-08-31 00:59:52.711405,2024-08-31 01:00:01.038155,0 days 00:00:08.326750,16,0.6593254949574054,1,75,0.08194502386765593,51,0.04453673966231274,0.859,0.85875,0,"[0, 0, 0, 0, 0, 0, 0, 0, 0, 0, 0, 0, 0, 0, 0, 0, 0, 0, 0, 0, 0, 0, 0, 0, 0, 0, 0, 0, 0, 0, 0, 0, 0, 0, 0, 0, 0, 0, 0, 0, 0, 0, 0, 0, 0, 0, 0, 0, 0, 0, 0, 0, 0, 0, 0, 0, 0, 0, 0, 0, 0, 0, 0, 0, 0, 0, 0, 0, 0, 0, 0, 0, 0, 0, 0]",0.0,"[0.0, 0.0, 0.0, 0.0, 0.0, 0.0, 0.0, 0.0, 0.0, 0.0, 0.0, 0.0, 0.0, 0.0, 0.0, 0.0, 0.0, 0.0, 0.0, 0.0, 0.0, 0.0, 0.0, 0.0, 0.0, 0.0, 0.0, 0.0, 0.0, 0.0, 0.0, 0.0, 0.0, 0.0, 0.0, 0.0, 0.0, 0.0, 0.0, 0.0, 0.0, 0.0, 0.0, 0.0, 0.0, 0.0, 0.0, 0.0, 0.0, 0.0, 0.0, 0.0, 0.0, 0.0, 0.0, 0.0, 0.0, 0.0, 0.0, 0.0, 0.0, 0.0, 0.0, 0.0, 0.0, 0.0, 0.0, 0.0, 0.0, 0.0, 0.0, 0.0, 0.0, 0.0, 0.0]",0.5,0.5,0,"[0, 0, 0, 0, 0, 0, 0, 0, 0, 0, 0, 0, 0, 0, 0, 0, 0, 0, 0, 0, 0, 0, 0, 0, 0, 0, 0, 0, 0, 0, 0, 0, 0, 0, 0, 0, 0, 0, 0, 0, 0, 0, 0, 0, 0, 0, 0, 0, 0, 0, 0, 0, 0, 0, 0, 0, 0, 0, 0, 0, 0, 0, 0, 0, 0, 0, 0, 0, 0, 0, 0, 0, 0, 0, 0]",75,"[1.6098463535308838, 0.7499427199363708, 1.5489380359649658, 1.4339195489883423, 0.855715811252594, 0.4529035687446594, 0.9427312612533569, 2.298799753189087, 0.6101148128509521, 0.4505038857460022, 2.087165117263794, 2.803677558898926, 1.0436615943908691, 1.7061368227005005, 2.7283034324645996, 0.7894784808158875, 1.828249454498291, 1.0358328819274902, 1.577704906463623, 0.7484596967697144, 0.7092905640602112, 2.3374922275543213, 0.9952243566513062, 2.024467706680298, 0.79775071144104, 0.5688223242759705, 0.475760281085968, 1.7291133403778076, 1.7033129930496216, 0.5315902233123779, 0.5211499929428101, 3.0959441661834717, 0.872348427772522, 0.41141098737716675, 1.2812135219573975, 0.5958085060119629, 0.9119958281517029, 0.4870023727416992, 0.7526492476463318, 0.6752011775970459, 0.4074658155441284, 0.677844762802124, 0.4210033118724823, 0.978659987449646, 0.7977041602134705, 1.2514150142669678, 0.5770761966705322, 0.4339320659637451, 0.45082730054855347, 0.4356516897678375, 1.2100882530212402, 1.8794264793395996, 0.5715622901916504, 1.4832545518875122, 1.8163809776306152, 0.9994732141494751, 1.1209442615509033, 2.774862766265869, 0.9056521058082581, 0.5911087989807129, 1.024194598197937, 1.7878037691116333, 1.817234992980957, 0.4181371331214905, 0.4089336693286896, 0.9217782616615295, 0.7104003429412842, 0.4072825610637665, 1.9591166973114014, 1.8598936796188354, 0.7203251719474792, 0.43183186650276184, 1.360913872718811, 0.9131701588630676, 0.9820684790611267]",0.0,"[0.0, 0.0, 0.0, 0.0, 0.0, 0.0, 0.0, 0.0, 0.0, 0.0, 0.0, 0.0, 0.0, 0.0, 0.0, 0.0, 0.0, 0.0, 0.0, 0.0, 0.0, 0.0, 0.0, 0.0, 0.0, 0.0, 0.0, 0.0, 0.0, 0.0, 0.0, 0.0, 0.0, 0.0, 0.0, 0.0, 0.0, 0.0, 0.0, 0.0, 0.0, 0.0, 0.0, 0.0, 0.0, 0.0, 0.0, 0.0, 0.0, 0.0, 0.0, 0.0, 0.0, 0.0, 0.0, 0.0, 0.0, 0.0, 0.0, 0.0, 0.0, 0.0, 0.0, 0.0, 0.0, 0.0, 0.0, 0.0, 0.0, 0.0, 0.0, 0.0, 0.0, 0.0, 0.0]",COMPLETE
