,number,value,datetime_start,datetime_complete,duration,params_batch_size_scaler,params_constant_learning_rate,params_depth,params_epochs,params_kernel_l2,params_num_trees,params_temperature,user_attrs_accuracy_test,user_attrs_accuracy_valid,user_attrs_approximate_feature_sparsity,user_attrs_approximate_feature_sparsity_history,user_attrs_approximate_weight_sparsity,user_attrs_approximate_weight_sparsity_history,user_attrs_auc_test,user_attrs_auc_valid,user_attrs_feature_sparsity,user_attrs_feature_sparsity_history,user_attrs_num_epochs,user_attrs_val_loss_history,user_attrs_weight_sparsity,user_attrs_weight_sparsity_history,state
147,147,0.8890456132215223,2024-08-31 07:44:36.444539,2024-08-31 07:45:09.893065,0 days 00:00:33.448526,16,2.7999575373484182,2,365,0.0033378277712772866,56,0.0016908852009110942,0.922,0.92875,8,"[33, 33, 33, 33, 25, 15, 13, 11, 11, 10, 10, 8, 8, 8, 8, 8, 8, 8, 8, 8, 8, 8, 8, 8, 8, 8, 8, 8, 8, 8, 8, 8, 8, 8, 8, 8, 8, 8, 8, 8, 8, 8, 8, 8, 8, 8, 8, 8, 8, 8, 8, 8, 8, 8, 8, 8, 8, 8, 8, 8, 8, 8, 8, 8, 8, 8, 8, 8, 8, 8, 8, 8, 8, 8, 8, 8, 8, 8, 8, 8, 8, 8, 8, 8, 8, 8, 8, 8, 8, 8, 8, 8, 8, 8, 8, 8, 8, 8, 8, 8, 8, 8, 8, 8, 8, 8, 8, 8, 8, 8, 8, 8, 8, 8, 8, 8, 8, 8, 8, 8, 8, 8, 8, 8, 8, 8, 8, 8, 8, 8, 8, 8, 8, 8, 8, 8, 8, 8, 8, 8, 8, 8, 8, 8, 8, 8, 8, 8, 8, 8, 8, 8, 8, 8, 8, 8, 8, 8, 8, 8, 8, 8, 8, 8, 8, 8, 8, 8, 8, 8, 8, 8, 8, 8, 8, 8, 8, 8, 8, 8, 8, 8, 8, 8, 8, 8, 8, 8, 8, 8, 8, 8, 8, 8, 8, 8, 8, 8, 8, 8, 8, 8, 8, 8, 8, 8, 8, 8, 8, 8, 8, 8, 8, 8, 8, 8, 8, 8, 8, 8, 8, 8, 8, 8, 8, 8, 8, 8, 8, 8, 8, 8, 8, 8, 8, 8, 8, 8, 8, 8, 8, 8, 8, 8, 8, 8, 8, 8, 8, 8, 8, 8, 8, 8, 8, 8, 8, 8, 8, 8, 8, 8, 8, 8, 8, 8, 8, 8, 8, 8, 8, 8, 8, 8, 8, 8, 8, 8, 8, 8, 8, 8, 8, 8, 8, 8, 8, 8, 8, 8, 8, 8, 8, 8, 8, 8, 8, 8, 8, 8, 8, 8, 8, 8, 8, 8, 8, 8, 8, 8, 8, 8, 8, 8, 8, 8, 8, 8, 8, 8, 8, 8, 8, 8, 8, 8, 8, 8, 8, 8, 8, 8, 8, 8, 8, 8, 8, 8, 8, 8, 8, 8, 8, 8, 8, 8, 8, 8, 8, 8, 8, 8, 8, 8, 8, 8, 8, 8, 8, 8, 8, 8, 8, 8, 8]",8.0,"[32.976190476190474, 32.982142857142854, 32.964285714285715, 32.98809523809524, 24.976190476190474, 14.988095238095237, 12.994047619047619, 10.994047619047619, 10.994047619047619, 9.994047619047619, 10.0, 8.0, 8.0, 8.0, 7.994047619047619, 8.0, 7.994047619047619, 7.994047619047619, 7.988095238095237, 8.0, 8.0, 7.994047619047619, 7.994047619047619, 8.0, 8.0, 7.994047619047619, 8.0, 7.988095238095238, 8.0, 7.994047619047619, 8.0, 7.994047619047619, 7.994047619047619, 8.0, 8.0, 8.0, 7.988095238095238, 8.0, 7.994047619047619, 8.0, 8.0, 8.0, 7.994047619047619, 8.0, 8.0, 8.0, 7.994047619047619, 7.994047619047619, 8.0, 8.0, 8.0, 8.0, 8.0, 7.988095238095238, 8.0, 8.0, 8.0, 7.994047619047619, 8.0, 8.0, 7.994047619047619, 7.994047619047619, 8.0, 7.994047619047619, 8.0, 7.994047619047619, 7.994047619047619, 8.0, 7.994047619047619, 8.0, 7.994047619047619, 8.0, 8.0, 7.994047619047619, 8.0, 8.0, 7.994047619047619, 7.994047619047619, 7.994047619047619, 8.0, 8.0, 7.994047619047619, 7.994047619047619, 8.0, 7.988095238095237, 8.0, 7.994047619047619, 7.994047619047619, 8.0, 8.0, 7.994047619047619, 8.0, 7.994047619047619, 8.0, 7.994047619047619, 7.988095238095237, 7.994047619047619, 8.0, 8.0, 7.994047619047619, 8.0, 7.982142857142857, 7.994047619047619, 8.0, 7.994047619047619, 8.0, 8.0, 8.0, 7.994047619047619, 7.994047619047619, 8.0, 8.0, 8.0, 8.0, 8.0, 8.0, 7.994047619047619, 8.0, 8.0, 8.0, 8.0, 8.0, 8.0, 8.0, 7.988095238095237, 8.0, 8.0, 8.0, 8.0, 8.0, 8.0, 7.994047619047619, 8.0, 8.0, 8.0, 7.994047619047619, 8.0, 8.0, 8.0, 8.0, 7.994047619047619, 8.0, 8.0, 7.994047619047619, 8.0, 8.0, 7.994047619047619, 8.0, 7.994047619047619, 8.0, 7.994047619047619, 8.0, 8.0, 8.0, 7.994047619047619, 8.0, 7.994047619047619, 8.0, 8.0, 8.0, 7.994047619047619, 7.994047619047619, 8.0, 7.988095238095237, 7.994047619047619, 7.994047619047619, 8.0, 8.0, 7.994047619047619, 7.994047619047619, 7.994047619047619, 8.0, 8.0, 8.0, 7.994047619047619, 7.994047619047619, 7.994047619047619, 8.0, 7.994047619047619, 7.994047619047619, 8.0, 8.0, 7.982142857142857, 7.994047619047619, 8.0, 8.0, 8.0, 8.0, 7.994047619047619, 7.994047619047619, 8.0, 8.0, 8.0, 8.0, 7.988095238095238, 8.0, 8.0, 8.0, 8.0, 8.0, 8.0, 8.0, 7.994047619047619, 8.0, 8.0, 8.0, 8.0, 7.994047619047619, 7.994047619047619, 8.0, 8.0, 8.0, 7.994047619047619, 8.0, 8.0, 7.994047619047619, 8.0, 8.0, 8.0, 7.994047619047619, 8.0, 8.0, 8.0, 8.0, 7.994047619047619, 7.994047619047619, 8.0, 7.994047619047619, 8.0, 8.0, 8.0, 8.0, 8.0, 8.0, 8.0, 8.0, 8.0, 7.988095238095238, 7.988095238095238, 8.0, 8.0, 8.0, 8.0, 8.0, 7.994047619047619, 7.982142857142858, 8.0, 7.994047619047619, 7.982142857142858, 7.988095238095238, 7.988095238095238, 8.0, 8.0, 8.0, 8.0, 8.0, 8.0, 7.994047619047619, 7.994047619047619, 7.994047619047619, 8.0, 8.0, 8.0, 7.988095238095238, 7.988095238095238, 7.994047619047619, 8.0, 8.0, 8.0, 7.994047619047619, 8.0, 7.994047619047619, 8.0, 8.0, 8.0, 8.0, 7.994047619047619, 8.0, 8.0, 7.994047619047619, 7.994047619047619, 8.0, 7.994047619047619, 7.988095238095238, 7.994047619047619, 8.0, 8.0, 7.988095238095238, 8.0, 8.0, 7.994047619047619, 8.0, 7.988095238095238, 8.0, 8.0, 8.0, 7.988095238095238, 8.0, 7.994047619047619, 8.0, 8.0, 8.0, 8.0, 8.0, 8.0, 8.0, 8.0, 8.0, 8.0, 8.0, 8.0, 8.0, 8.0, 8.0, 8.0, 7.994047619047619, 7.994047619047619, 7.988095238095237, 8.0, 7.994047619047619, 8.0, 7.988095238095237, 7.994047619047619, 8.0, 7.988095238095238, 8.0, 8.0, 8.0, 7.988095238095238, 7.976190476190476, 7.994047619047619, 8.0, 7.988095238095238, 7.982142857142858, 8.0, 8.0, 7.994047619047619, 7.994047619047619, 7.994047619047619, 8.0, 8.0, 7.994047619047619, 8.0, 7.994047619047619, 8.0, 7.982142857142858, 8.0, 8.0, 7.994047619047619, 7.988095238095238, 7.994047619047619, 7.988095238095238, 7.994047619047619, 7.988095238095238, 7.988095238095237, 7.988095238095237, 7.988095238095238, 8.0, 8.0, 8.0, 8.0, 7.988095238095238, 7.994047619047619, 7.976190476190476, 8.0]",0.8744375366375219,0.8890456132215223,8,"[33, 33, 33, 33, 25, 15, 13, 11, 11, 10, 10, 8, 8, 8, 8, 8, 8, 8, 8, 8, 8, 8, 8, 8, 8, 8, 8, 8, 8, 8, 8, 8, 8, 8, 8, 8, 8, 8, 8, 8, 8, 8, 8, 8, 8, 8, 8, 8, 8, 8, 8, 8, 8, 8, 8, 8, 8, 8, 8, 8, 8, 8, 8, 8, 8, 8, 8, 8, 8, 8, 8, 8, 8, 8, 8, 8, 8, 8, 8, 8, 8, 8, 8, 8, 8, 8, 8, 8, 8, 8, 8, 8, 8, 8, 8, 8, 8, 8, 8, 8, 8, 8, 8, 8, 8, 8, 8, 8, 8, 8, 8, 8, 8, 8, 8, 8, 8, 8, 8, 8, 8, 8, 8, 8, 8, 8, 8, 8, 8, 8, 8, 8, 8, 8, 8, 8, 8, 8, 8, 8, 8, 8, 8, 8, 8, 8, 8, 8, 8, 8, 8, 8, 8, 8, 8, 8, 8, 8, 8, 8, 8, 8, 8, 8, 8, 8, 8, 8, 8, 8, 8, 8, 8, 8, 8, 8, 8, 8, 8, 8, 8, 8, 8, 8, 8, 8, 8, 8, 8, 8, 8, 8, 8, 8, 8, 8, 8, 8, 8, 8, 8, 8, 8, 8, 8, 8, 8, 8, 8, 8, 8, 8, 8, 8, 8, 8, 8, 8, 8, 8, 8, 8, 8, 8, 8, 8, 8, 8, 8, 8, 8, 8, 8, 8, 8, 8, 8, 8, 8, 8, 8, 8, 8, 8, 8, 8, 8, 8, 8, 8, 8, 8, 8, 8, 8, 8, 8, 8, 8, 8, 8, 8, 8, 8, 8, 8, 8, 8, 8, 8, 8, 8, 8, 8, 8, 8, 8, 8, 8, 8, 8, 8, 8, 8, 8, 8, 8, 8, 8, 8, 8, 8, 8, 8, 8, 8, 8, 8, 8, 8, 8, 8, 8, 8, 8, 8, 8, 8, 8, 8, 8, 8, 8, 8, 8, 8, 8, 8, 8, 8, 8, 8, 8, 8, 8, 8, 8, 8, 8, 8, 8, 8, 8, 8, 8, 8, 8, 8, 8, 8, 8, 8, 8, 8, 8, 8, 8, 8, 8, 8, 8, 8, 8, 8, 8, 8, 8, 8, 8, 8, 8, 8, 8, 8, 8]",365,"[3.731839179992676, 7.515961170196533, 2.6105618476867676, 8.283563613891602, 0.41029277443885803, 1.2040624618530273, 3.0240185260772705, 0.560451090335846, 2.539738416671753, 0.4950428903102875, 0.553113579750061, 1.0037118196487427, 0.41979357600212097, 0.6921215653419495, 0.5404061675071716, 1.2688730955123901, 0.33832359313964844, 1.3402928113937378, 1.0078532695770264, 0.7783859372138977, 1.015297770500183, 1.9380924701690674, 0.3920016884803772, 2.0321216583251953, 0.46013104915618896, 1.4544659852981567, 0.5643889307975769, 0.28224411606788635, 0.5598078966140747, 0.6111497282981873, 0.9657341837882996, 0.8130546808242798, 0.27720820903778076, 0.3100537955760956, 0.9361526370048523, 1.3373613357543945, 0.42295020818710327, 0.5397776365280151, 0.7972169518470764, 0.6199005246162415, 0.28424277901649475, 0.6206987500190735, 0.287149041891098, 0.3002198040485382, 0.2764967083930969, 5.824003219604492, 0.4392145574092865, 0.6660799384117126, 0.43313759565353394, 1.28533935546875, 3.6145412921905518, 0.37515485286712646, 3.596841335296631, 0.3309367001056671, 0.30524495244026184, 0.43918168544769287, 0.32415372133255005, 0.3400561511516571, 0.2504630982875824, 0.3986362814903259, 0.3144327998161316, 0.307014137506485, 0.7392934560775757, 0.2926391661167145, 0.37322989106178284, 0.41074681282043457, 0.34336867928504944, 0.4106747508049011, 1.3561826944351196, 0.5025259852409363, 0.48576685786247253, 0.8324205875396729, 0.3415582776069641, 0.2568797171115875, 0.7544495463371277, 0.2912730872631073, 0.41663968563079834, 0.42132094502449036, 0.38958504796028137, 0.3348633050918579, 0.276081919670105, 0.29708415269851685, 1.125990629196167, 0.3477531671524048, 0.38065779209136963, 0.35766589641571045, 4.419930934906006, 0.5450452566146851, 0.5775815844535828, 0.5081842541694641, 0.30702322721481323, 0.9524852633476257, 0.673492431640625, 0.6828778982162476, 2.647217035293579, 0.5202542543411255, 0.2892971932888031, 0.2835160493850708, 0.7819702625274658, 0.3027520179748535, 0.5052286386489868, 0.4168430268764496, 0.630653440952301, 0.4648100733757019, 2.1594200134277344, 0.3144577145576477, 1.8140552043914795, 0.30413442850112915, 0.4179683327674866, 0.5485196709632874, 0.34646788239479065, 0.6011260747909546, 0.3210359513759613, 0.4395943582057953, 0.5057662129402161, 0.7260419726371765, 0.7409049868583679, 0.27192458510398865, 0.2660270035266876, 0.276786208152771, 0.5277246832847595, 1.1680570840835571, 0.2646074891090393, 0.3121839165687561, 0.2624664008617401, 0.37101319432258606, 0.28120967745780945, 0.27517396211624146, 0.38663268089294434, 3.0464746952056885, 0.31145188212394714, 1.5760483741760254, 0.8811579346656799, 0.45127955079078674, 0.5924036502838135, 0.34081271290779114, 0.27170541882514954, 0.3806576132774353, 0.2870340943336487, 0.32288146018981934, 0.24887843430042267, 3.1186017990112305, 0.7847997546195984, 0.4564605951309204, 0.2625410556793213, 0.39177459478378296, 1.0460968017578125, 0.3622085452079773, 0.3266618251800537, 0.7621747851371765, 0.3200729489326477, 2.2957262992858887, 0.30446526408195496, 0.7939340472221375, 0.3035397231578827, 0.7808222770690918, 0.4994720220565796, 0.37538909912109375, 0.7600362300872803, 0.6276500225067139, 0.472921222448349, 0.4731978178024292, 0.3006448447704315, 0.7332712411880493, 0.8400654792785645, 0.5236865878105164, 0.285911500453949, 1.7437140941619873, 0.33430275321006775, 0.3443865180015564, 0.3657289445400238, 0.33673834800720215, 0.2834149897098541, 0.6096405982971191, 0.2548815608024597, 0.42986053228378296, 0.342422753572464, 0.39140236377716064, 0.46597346663475037, 0.4851037859916687, 1.1628468036651611, 0.5159715414047241, 0.3791027367115021, 1.0961271524429321, 0.7501485347747803, 0.29290837049484253, 0.26217424869537354, 1.9021551609039307, 0.28124672174453735, 0.25790542364120483, 0.5410453081130981, 0.37458062171936035, 0.2774980366230011, 0.32644885778427124, 1.0954400300979614, 0.4079045355319977, 0.4277310073375702, 0.458517849445343, 0.4141817092895508, 0.3833264112472534, 0.2910171449184418, 0.2904070019721985, 0.3854323923587799, 0.26383674144744873, 1.4518141746520996, 0.3534218668937683, 0.3889256417751312, 0.37160196900367737, 0.3358711898326874, 0.633686900138855, 0.2923310697078705, 0.4025028645992279, 0.26786136627197266, 0.6125875115394592, 0.2939639389514923, 0.6812912821769714, 0.263799250125885, 0.593055009841919, 0.8401679396629333, 0.45534732937812805, 2.5418541431427, 1.0088316202163696, 0.2597702145576477, 0.3410056233406067, 0.28833767771720886, 0.35528987646102905, 0.28638574481010437, 0.3236609697341919, 0.9719094038009644, 0.3559900224208832, 0.3987606167793274, 0.4091564118862152, 2.068457841873169, 0.3779681921005249, 1.0066452026367188, 1.4593806266784668, 0.44407176971435547, 0.3044590353965759, 0.4567289352416992, 0.38113272190093994, 0.8040242791175842, 0.33524632453918457, 1.0760403871536255, 0.4806482791900635, 3.894585371017456, 1.2701493501663208, 0.2896725833415985, 0.42179256677627563, 0.3109559714794159, 1.3299771547317505, 0.34653910994529724, 0.40112388134002686, 0.3274318277835846, 0.37099704146385193, 0.38332557678222656, 0.5365089178085327, 0.45380106568336487, 0.3037874400615692, 0.5104637742042542, 0.28603529930114746, 0.3885745108127594, 0.2841256260871887, 0.4176013469696045, 2.041870355606079, 0.6052057147026062, 0.41998738050460815, 0.28223222494125366, 1.0585684776306152, 0.3433130979537964, 0.33187171816825867, 0.41458213329315186, 0.3235301673412323, 0.36773914098739624, 0.32003864645957947, 0.7980629801750183, 0.29822033643722534, 0.49323904514312744, 0.44288960099220276, 2.0015451908111572, 0.29592087864875793, 0.3737355172634125, 0.3561534881591797, 0.3622407913208008, 0.4396670162677765, 0.3392443060874939, 0.6309565901756287, 0.45624420046806335, 0.3333435356616974, 0.9022846221923828, 1.7656259536743164, 0.2751207649707794, 0.5005527138710022, 1.2033474445343018, 0.9189823865890503, 0.33905407786369324, 1.2553441524505615, 0.5261805653572083, 0.3264336884021759, 0.8984623551368713, 0.3300161063671112, 0.40381380915641785, 0.30542221665382385, 0.33816441893577576, 0.606181800365448, 0.28198277950286865, 0.3454436957836151, 0.4821704924106598, 2.3976011276245117, 0.3746963143348694, 0.3061506748199463, 0.32081130146980286, 0.3619349002838135, 0.3038649260997772, 0.4330194592475891, 0.4583002030849457, 0.34102219343185425, 0.489623486995697, 0.31369727849960327, 0.49068671464920044, 1.075670838356018, 0.3921695351600647, 0.30740752816200256, 0.2973096966743469, 0.30795523524284363, 0.6529491543769836, 1.3488081693649292, 0.3784511089324951, 0.28927379846572876, 0.25899291038513184, 0.38048413395881653, 0.5764074325561523, 0.37734630703926086, 0.3097180128097534, 0.41694650053977966, 0.41211724281311035, 0.32937633991241455, 0.4018959403038025, 0.28934594988822937, 0.4790319800376892, 0.3112209439277649, 0.33416879177093506, 0.40308451652526855, 0.9262254238128662, 0.3087003529071808, 0.5134087204933167, 0.5671395659446716, 0.4157405495643616, 0.34240397810935974, 0.7387785911560059, 0.556535005569458, 0.31092798709869385, 0.29554736614227295, 0.7999628186225891, 0.3937779366970062, 0.3703271448612213, 0.33840203285217285, 0.46496185660362244, 0.8595165014266968, 0.4564245641231537, 0.3391602337360382, 0.3847119212150574, 0.3803834915161133, 0.5773938894271851, 0.3587707281112671, 0.5006363391876221]",8.0,"[33.0, 33.0, 33.0, 33.0, 25.0, 15.0, 13.0, 11.0, 11.0, 10.0, 10.0, 8.0, 8.0, 8.0, 8.0, 8.0, 8.0, 8.0, 8.0, 8.0, 8.0, 8.0, 8.0, 8.0, 8.0, 8.0, 8.0, 8.0, 8.0, 8.0, 8.0, 8.0, 8.0, 8.0, 8.0, 8.0, 8.0, 8.0, 8.0, 8.0, 8.0, 8.0, 8.0, 8.0, 8.0, 8.0, 8.0, 8.0, 8.0, 8.0, 8.0, 8.0, 8.0, 8.0, 8.0, 8.0, 8.0, 8.0, 8.0, 8.0, 8.0, 8.0, 8.0, 8.0, 8.0, 8.0, 8.0, 8.0, 8.0, 8.0, 8.0, 8.0, 8.0, 8.0, 8.0, 8.0, 8.0, 8.0, 8.0, 8.0, 8.0, 8.0, 8.0, 8.0, 8.0, 8.0, 8.0, 8.0, 8.0, 8.0, 8.0, 8.0, 8.0, 8.0, 8.0, 8.0, 8.0, 8.0, 8.0, 8.0, 8.0, 8.0, 8.0, 8.0, 8.0, 8.0, 8.0, 8.0, 8.0, 8.0, 8.0, 8.0, 8.0, 8.0, 8.0, 8.0, 8.0, 8.0, 8.0, 8.0, 8.0, 8.0, 8.0, 8.0, 8.0, 8.0, 8.0, 8.0, 8.0, 8.0, 8.0, 8.0, 8.0, 8.0, 8.0, 8.0, 8.0, 8.0, 8.0, 8.0, 8.0, 8.0, 8.0, 8.0, 8.0, 8.0, 8.0, 8.0, 8.0, 8.0, 8.0, 8.0, 8.0, 8.0, 8.0, 8.0, 8.0, 8.0, 8.0, 8.0, 8.0, 8.0, 8.0, 8.0, 8.0, 8.0, 8.0, 8.0, 8.0, 8.0, 8.0, 8.0, 8.0, 8.0, 8.0, 8.0, 8.0, 8.0, 8.0, 8.0, 8.0, 8.0, 8.0, 8.0, 8.0, 8.0, 8.0, 8.0, 8.0, 8.0, 8.0, 8.0, 8.0, 8.0, 8.0, 8.0, 8.0, 8.0, 8.0, 8.0, 8.0, 8.0, 8.0, 8.0, 8.0, 8.0, 8.0, 8.0, 8.0, 8.0, 8.0, 8.0, 8.0, 8.0, 8.0, 8.0, 8.0, 8.0, 8.0, 8.0, 8.0, 8.0, 8.0, 8.0, 8.0, 8.0, 8.0, 8.0, 8.0, 8.0, 8.0, 8.0, 8.0, 8.0, 8.0, 8.0, 8.0, 8.0, 8.0, 8.0, 8.0, 8.0, 8.0, 8.0, 8.0, 8.0, 8.0, 8.0, 8.0, 8.0, 8.0, 8.0, 8.0, 8.0, 8.0, 8.0, 8.0, 8.0, 8.0, 8.0, 8.0, 8.0, 8.0, 8.0, 8.0, 8.0, 8.0, 8.0, 8.0, 8.0, 8.0, 8.0, 8.0, 8.0, 8.0, 8.0, 8.0, 8.0, 8.0, 8.0, 8.0, 8.0, 8.0, 8.0, 8.0, 8.0, 8.0, 8.0, 8.0, 8.0, 8.0, 8.0, 8.0, 8.0, 8.0, 8.0, 8.0, 8.0, 8.0, 8.0, 8.0, 8.0, 8.0, 8.0, 8.0, 8.0, 8.0, 8.0, 8.0, 8.0, 8.0, 8.0, 8.0, 8.0, 8.0, 8.0, 8.0, 8.0, 8.0, 8.0, 8.0, 8.0, 8.0, 8.0, 8.0, 8.0, 8.0, 8.0, 8.0, 8.0, 8.0, 8.0, 8.0, 8.0, 8.0, 8.0, 8.0, 8.0, 8.0, 8.0, 8.0, 8.0, 8.0, 8.0, 8.0, 8.0, 8.0, 8.0, 8.0, 8.0, 8.0, 8.0, 8.0, 8.0, 8.0, 8.0, 8.0, 8.0, 8.0, 8.0, 8.0, 8.0, 8.0, 8.0, 8.0]",COMPLETE
