,number,value,datetime_start,datetime_complete,duration,params_batch_size_scaler,params_constant_learning_rate,params_depth,params_epochs,params_kernel_l2,params_num_trees,params_temperature,user_attrs_accuracy_test,user_attrs_accuracy_valid,user_attrs_approximate_feature_sparsity,user_attrs_approximate_feature_sparsity_history,user_attrs_approximate_weight_sparsity,user_attrs_approximate_weight_sparsity_history,user_attrs_auc_test,user_attrs_auc_valid,user_attrs_feature_sparsity,user_attrs_feature_sparsity_history,user_attrs_num_epochs,user_attrs_val_loss_history,user_attrs_weight_sparsity,user_attrs_weight_sparsity_history,state
50,50,0.8774329842459843,2024-08-31 02:44:11.607241,2024-08-31 02:44:36.226533,0 days 00:00:24.619292,64,0.09386169159018574,1,390,0.002227199527871475,19,0.0001899563723549354,0.873,0.87125,33,"[33, 33, 33, 33, 33, 33, 33, 33, 33, 33, 33, 33, 33, 33, 33, 33, 33, 33, 33, 33, 33, 33, 33, 33, 33, 33, 33, 33, 33, 33, 33, 33, 33, 33, 33, 33, 33, 33, 33, 33, 33, 33, 33, 33, 33, 33, 33, 33, 33, 33, 33, 33, 33, 33, 33, 33, 33, 33, 33, 33, 33, 33, 33, 33, 33, 33, 33, 33, 33, 33, 33, 33, 33, 33, 33, 33, 33, 33, 33, 33, 33, 33, 33, 33, 33, 33, 33, 33, 33, 33, 33, 33, 33, 33, 33, 33, 33, 33, 33, 33, 33, 33, 33, 33, 33, 33, 33, 33, 33, 33, 33, 33, 33, 33, 33, 33, 33, 33, 33, 33, 33, 33, 33, 33, 33, 33, 33, 33, 33, 33, 33, 33, 33, 33, 33, 33, 33, 33, 33, 33, 33, 33, 33, 33, 33, 33, 33, 33, 33, 33, 33, 33, 33, 33, 33, 33, 33, 33, 33, 33, 33, 33, 33, 33, 33, 33, 33, 33, 33, 33, 33, 33, 33, 33, 33, 33, 33, 33, 33, 33, 33, 33, 33, 33, 33, 33, 33, 33, 33, 33, 33, 33, 33, 33, 33, 33, 33, 33, 33, 33, 33, 33, 33, 33, 33, 33, 33, 33, 33, 33, 33, 33, 33, 33, 33, 33, 33, 33, 33, 33, 33, 33, 33, 33, 33, 33, 33, 33, 33, 33, 33, 33, 33, 33, 33, 33, 33, 33, 33, 33, 33, 33, 33, 33, 33, 33, 33, 33, 33, 33, 33, 33, 33, 33, 33, 33, 33, 33, 33, 33, 33, 33, 33, 33, 33, 33, 33, 33, 33, 33, 33, 33, 33, 33, 33, 33, 33, 33, 33, 33, 33, 33, 33, 33, 33, 33, 33, 33, 33, 33, 33, 33, 33, 33, 33, 33, 33, 33, 33, 33, 33, 33, 33, 33, 33, 33, 33, 33, 33, 33, 33, 33, 33, 33, 33, 33, 33, 33, 33, 33, 33, 33, 33, 33, 33, 33, 33, 33, 33, 33, 33, 33, 33, 33, 33, 33, 33, 33, 33, 33, 33, 33, 33, 33, 33, 33, 33, 33, 33, 33, 33, 33, 33, 33, 33, 33, 33, 33, 33, 33, 33, 33, 33, 33, 33, 33, 33, 33, 33, 33, 33, 33, 33, 33, 33, 33, 33, 33, 33, 33, 33, 33, 33, 33, 33, 33, 33, 33, 33, 33]",33.0,"[33.0, 32.94736842105263, 32.94736842105263, 32.89473684210526, 32.94736842105263, 33.0, 32.94736842105263, 33.0, 33.0, 33.0, 33.0, 33.0, 33.0, 33.0, 33.0, 32.94736842105263, 33.0, 33.0, 33.0, 33.0, 33.0, 32.94736842105263, 33.0, 33.0, 33.0, 33.0, 33.0, 33.0, 33.0, 33.0, 33.0, 33.0, 32.94736842105263, 33.0, 33.0, 33.0, 33.0, 33.0, 33.0, 33.0, 33.0, 33.0, 33.0, 32.94736842105263, 33.0, 33.0, 33.0, 33.0, 33.0, 33.0, 33.0, 33.0, 33.0, 33.0, 33.0, 33.0, 33.0, 33.0, 33.0, 33.0, 33.0, 33.0, 33.0, 33.0, 33.0, 33.0, 33.0, 33.0, 33.0, 33.0, 33.0, 33.0, 33.0, 32.94736842105263, 33.0, 33.0, 33.0, 32.94736842105263, 32.94736842105263, 33.0, 33.0, 33.0, 33.0, 33.0, 33.0, 33.0, 32.94736842105263, 32.94736842105263, 32.94736842105263, 33.0, 33.0, 33.0, 33.0, 33.0, 32.94736842105263, 33.0, 33.0, 33.0, 33.0, 33.0, 33.0, 33.0, 33.0, 33.0, 33.0, 33.0, 33.0, 33.0, 33.0, 33.0, 33.0, 33.0, 33.0, 33.0, 32.94736842105263, 33.0, 33.0, 33.0, 33.0, 33.0, 33.0, 33.0, 33.0, 33.0, 33.0, 33.0, 33.0, 33.0, 33.0, 33.0, 33.0, 33.0, 33.0, 33.0, 33.0, 32.94736842105263, 33.0, 33.0, 33.0, 33.0, 33.0, 33.0, 33.0, 33.0, 33.0, 33.0, 32.94736842105263, 33.0, 33.0, 33.0, 33.0, 33.0, 33.0, 33.0, 33.0, 33.0, 33.0, 33.0, 33.0, 33.0, 32.94736842105263, 33.0, 32.89473684210526, 33.0, 33.0, 33.0, 33.0, 33.0, 33.0, 33.0, 33.0, 33.0, 33.0, 33.0, 33.0, 33.0, 33.0, 33.0, 33.0, 33.0, 33.0, 33.0, 33.0, 33.0, 32.94736842105263, 32.94736842105263, 32.94736842105263, 32.94736842105263, 32.94736842105263, 32.89473684210526, 32.94736842105263, 32.94736842105263, 33.0, 33.0, 32.94736842105263, 32.94736842105263, 32.94736842105263, 33.0, 33.0, 33.0, 32.94736842105263, 32.94736842105263, 32.94736842105263, 33.0, 33.0, 32.94736842105263, 32.94736842105263, 32.94736842105263, 32.94736842105263, 32.94736842105263, 32.94736842105263, 32.94736842105263, 32.94736842105263, 32.94736842105263, 33.0, 33.0, 33.0, 33.0, 33.0, 32.94736842105263, 32.94736842105263, 32.89473684210526, 33.0, 33.0, 33.0, 33.0, 33.0, 33.0, 32.94736842105263, 33.0, 33.0, 32.94736842105263, 32.94736842105263, 33.0, 33.0, 33.0, 33.0, 33.0, 33.0, 33.0, 33.0, 33.0, 33.0, 33.0, 33.0, 33.0, 32.94736842105263, 33.0, 32.94736842105263, 32.89473684210526, 33.0, 33.0, 32.94736842105263, 32.94736842105263, 32.89473684210526, 32.94736842105263, 33.0, 33.0, 33.0, 33.0, 33.0, 33.0, 32.94736842105263, 32.94736842105263, 33.0, 33.0, 33.0, 33.0, 33.0, 33.0, 33.0, 33.0, 33.0, 33.0, 32.94736842105263, 32.94736842105263, 32.94736842105263, 32.94736842105263, 32.94736842105263, 32.94736842105263, 32.94736842105263, 32.94736842105263, 33.0, 33.0, 33.0, 33.0, 33.0, 32.94736842105263, 32.89473684210526, 32.94736842105263, 32.94736842105263, 32.94736842105263, 32.94736842105263, 32.94736842105263, 32.94736842105263, 32.94736842105263, 32.94736842105263, 32.94736842105263, 32.94736842105263, 32.89473684210526, 33.0, 32.94736842105263, 32.94736842105263, 33.0, 32.89473684210526, 32.94736842105263, 32.94736842105263, 32.94736842105263, 33.0, 33.0, 32.94736842105263, 32.94736842105263, 32.94736842105263, 33.0, 32.94736842105263, 32.94736842105263, 32.94736842105263, 32.94736842105263, 33.0, 32.94736842105263, 32.94736842105263, 32.94736842105263, 32.94736842105263, 32.94736842105263, 32.94736842105263, 33.0, 32.94736842105263, 32.89473684210526, 32.94736842105263, 33.0, 32.94736842105263, 33.0, 33.0, 32.94736842105263, 32.94736842105263, 32.94736842105263, 33.0, 33.0, 33.0, 33.0, 33.0, 33.0, 32.94736842105263, 32.94736842105263, 32.94736842105263, 32.94736842105263, 33.0, 32.94736842105263, 32.94736842105263, 32.94736842105263, 33.0, 33.0, 33.0, 32.94736842105263, 33.0, 33.0, 33.0, 33.0, 33.0, 33.0, 33.0, 33.0, 33.0, 33.0, 33.0, 33.0, 32.89473684210526, 32.94736842105263, 32.94736842105263, 33.0, 33.0, 32.89473684210526, 32.94736842105263, 32.94736842105263, 32.94736842105263, 32.94736842105263, 32.94736842105263, 32.94736842105263, 32.94736842105263, 32.94736842105263, 33.0, 32.94736842105263, 32.94736842105263, 33.0, 32.94736842105263, 32.94736842105263, 33.0, 33.0, 33.0, 33.0]",0.8787803730215737,0.8774329842459843,33,"[33, 33, 33, 33, 33, 33, 33, 33, 33, 33, 33, 33, 33, 33, 33, 33, 33, 33, 33, 33, 33, 33, 33, 33, 33, 33, 33, 33, 33, 33, 33, 33, 33, 33, 33, 33, 33, 33, 33, 33, 33, 33, 33, 33, 33, 33, 33, 33, 33, 33, 33, 33, 33, 33, 33, 33, 33, 33, 33, 33, 33, 33, 33, 33, 33, 33, 33, 33, 33, 33, 33, 33, 33, 33, 33, 33, 33, 33, 33, 33, 33, 33, 33, 33, 33, 33, 33, 33, 33, 33, 33, 33, 33, 33, 33, 33, 33, 33, 33, 33, 33, 33, 33, 33, 33, 33, 33, 33, 33, 33, 33, 33, 33, 33, 33, 33, 33, 33, 33, 33, 33, 33, 33, 33, 33, 33, 33, 33, 33, 33, 33, 33, 33, 33, 33, 33, 33, 33, 33, 33, 33, 33, 33, 33, 33, 33, 33, 33, 33, 33, 33, 33, 33, 33, 33, 33, 33, 33, 33, 33, 33, 33, 33, 33, 33, 33, 33, 33, 33, 33, 33, 33, 33, 33, 33, 33, 33, 33, 33, 33, 33, 33, 33, 33, 33, 33, 33, 33, 33, 33, 33, 33, 33, 33, 33, 33, 33, 33, 33, 33, 33, 33, 33, 33, 33, 33, 33, 33, 33, 33, 33, 33, 33, 33, 33, 33, 33, 33, 33, 33, 33, 33, 33, 33, 33, 33, 33, 33, 33, 33, 33, 33, 33, 33, 33, 33, 33, 33, 33, 33, 33, 33, 33, 33, 33, 33, 33, 33, 33, 33, 33, 33, 33, 33, 33, 33, 33, 33, 33, 33, 33, 33, 33, 33, 33, 33, 33, 33, 33, 33, 33, 33, 33, 33, 33, 33, 33, 33, 33, 33, 33, 33, 33, 33, 33, 33, 33, 33, 33, 33, 33, 33, 33, 33, 33, 33, 33, 33, 33, 33, 33, 33, 33, 33, 33, 33, 33, 33, 33, 33, 33, 33, 33, 33, 33, 33, 33, 33, 33, 33, 33, 33, 33, 33, 33, 33, 33, 33, 33, 33, 33, 33, 33, 33, 33, 33, 33, 33, 33, 33, 33, 33, 33, 33, 33, 33, 33, 33, 33, 33, 33, 33, 33, 33, 33, 33, 33, 33, 33, 33, 33, 33, 33, 33, 33, 33, 33, 33, 33, 33, 33, 33, 33, 33, 33, 33, 33, 33, 33, 33, 33, 33, 33, 33, 33, 33, 33, 33, 33, 33]",390,"[0.424635112285614, 0.4204312860965729, 0.41822636127471924, 0.4153302311897278, 0.41369137167930603, 0.4117077887058258, 0.41017141938209534, 0.40921375155448914, 0.41037923097610474, 0.4069448709487915, 0.4049769341945648, 0.4039035141468048, 0.4028979241847992, 0.4018753170967102, 0.4011346697807312, 0.4006495177745819, 0.40010547637939453, 0.3997114598751068, 0.39844557642936707, 0.3976401388645172, 0.3970496654510498, 0.3968103528022766, 0.3960857093334198, 0.39550095796585083, 0.39494702219963074, 0.3943926990032196, 0.394262433052063, 0.3934517800807953, 0.3926950693130493, 0.3924100995063782, 0.3920884430408478, 0.3916439414024353, 0.39111101627349854, 0.39145028591156006, 0.3906923532485962, 0.3900582194328308, 0.389458566904068, 0.38926175236701965, 0.3890224099159241, 0.3885544538497925, 0.3882947266101837, 0.3880988657474518, 0.38788068294525146, 0.3873211741447449, 0.3870137929916382, 0.3880317807197571, 0.3866385221481323, 0.3858952224254608, 0.38522112369537354, 0.3855448067188263, 0.38495638966560364, 0.3844245970249176, 0.3840870261192322, 0.3835704028606415, 0.38329651951789856, 0.38310858607292175, 0.38263121247291565, 0.38229578733444214, 0.3821033239364624, 0.38171377778053284, 0.3815981149673462, 0.38119012117385864, 0.3809448480606079, 0.3808591365814209, 0.38050225377082825, 0.38024502992630005, 0.3801516592502594, 0.37982869148254395, 0.37927281856536865, 0.3791273832321167, 0.37877827882766724, 0.37844812870025635, 0.3781958818435669, 0.37792864441871643, 0.37731605768203735, 0.377198725938797, 0.37694022059440613, 0.3764841854572296, 0.37629273533821106, 0.37590664625167847, 0.3756926357746124, 0.37547627091407776, 0.37552276253700256, 0.374911904335022, 0.3744579553604126, 0.37419214844703674, 0.37408900260925293, 0.374397873878479, 0.37395644187927246, 0.37316691875457764, 0.37288153171539307, 0.37238752841949463, 0.37186744809150696, 0.371390700340271, 0.3711443841457367, 0.37080493569374084, 0.37059447169303894, 0.37079358100891113, 0.3705892860889435, 0.3692765533924103, 0.36964622139930725, 0.3685610890388489, 0.36896324157714844, 0.3688952624797821, 0.36740389466285706, 0.36700236797332764, 0.36680835485458374, 0.36670562624931335, 0.3665508031845093, 0.3663640320301056, 0.3660440742969513, 0.36544477939605713, 0.36485084891319275, 0.3644777536392212, 0.3642443120479584, 0.3640194833278656, 0.36364421248435974, 0.36343154311180115, 0.36418217420578003, 0.3628096878528595, 0.3626152276992798, 0.3631335496902466, 0.3626005947589874, 0.3614461421966553, 0.3609154224395752, 0.36065781116485596, 0.36029088497161865, 0.3602413833141327, 0.35985901951789856, 0.3596828579902649, 0.3594597578048706, 0.35914912819862366, 0.35968640446662903, 0.35924866795539856, 0.35829588770866394, 0.3594166934490204, 0.35747042298316956, 0.357041597366333, 0.35665521025657654, 0.35680970549583435, 0.3563545346260071, 0.3561300039291382, 0.3557645082473755, 0.35540318489074707, 0.35506999492645264, 0.35484886169433594, 0.35538730025291443, 0.35427647829055786, 0.3535368740558624, 0.35326260328292847, 0.3529050052165985, 0.35262662172317505, 0.35266831517219543, 0.3521585166454315, 0.3516850769519806, 0.35133978724479675, 0.3515859842300415, 0.35105839371681213, 0.3505464196205139, 0.3500528335571289, 0.3495914340019226, 0.34930288791656494, 0.3493391275405884, 0.3488174080848694, 0.3479820191860199, 0.3477485775947571, 0.3477657437324524, 0.34717637300491333, 0.34671637415885925, 0.3463377356529236, 0.34603455662727356, 0.3458850383758545, 0.3460676968097687, 0.3452093005180359, 0.3450097143650055, 0.34489741921424866, 0.3450179994106293, 0.34425827860832214, 0.34384286403656006, 0.3435180187225342, 0.34322085976600647, 0.34283578395843506, 0.34267258644104004, 0.3425056040287018, 0.34267929196357727, 0.34317347407341003, 0.3418984115123749, 0.34162479639053345, 0.34236347675323486, 0.34178218245506287, 0.34150296449661255, 0.3410246670246124, 0.3402708172798157, 0.34000128507614136, 0.34021297097206116, 0.34002047777175903, 0.3393300175666809, 0.33870652318000793, 0.3383641541004181, 0.3382055163383484, 0.33837059140205383, 0.3376033902168274, 0.3372776508331299, 0.3381687104701996, 0.337828129529953, 0.33654117584228516, 0.33616355061531067, 0.3361450135707855, 0.33595240116119385, 0.3357294499874115, 0.3364068865776062, 0.33629080653190613, 0.33518093824386597, 0.33518868684768677, 0.3345053791999817, 0.33366528153419495, 0.3332580327987671, 0.3327111303806305, 0.3328160047531128, 0.3330688774585724, 0.33326929807662964, 0.3340710699558258, 0.3319357931613922, 0.3314317762851715, 0.3310669958591461, 0.3306499719619751, 0.3306719660758972, 0.33026668429374695, 0.3299190402030945, 0.32951077818870544, 0.32947012782096863, 0.3301430940628052, 0.3306043744087219, 0.3292171061038971, 0.328800767660141, 0.32862141728401184, 0.3276241421699524, 0.32808199524879456, 0.3277493715286255, 0.3270883560180664, 0.32606393098831177, 0.32620781660079956, 0.3259728252887726, 0.3256358206272125, 0.3261939585208893, 0.3267664313316345, 0.32588157057762146, 0.3249668478965759, 0.3244485557079315, 0.32410117983818054, 0.32394173741340637, 0.32405704259872437, 0.32397887110710144, 0.32319778203964233, 0.3224559426307678, 0.32196858525276184, 0.3218247890472412, 0.3214699923992157, 0.3207200765609741, 0.32027095556259155, 0.32033661007881165, 0.31946706771850586, 0.31935885548591614, 0.3198419511318207, 0.32091087102890015, 0.31955668330192566, 0.3188323676586151, 0.31828394532203674, 0.31828242540359497, 0.3183053731918335, 0.3178444504737854, 0.31742215156555176, 0.3166392743587494, 0.31676989793777466, 0.31684237718582153, 0.3164668381214142, 0.3161539137363434, 0.31590116024017334, 0.31573566794395447, 0.31522443890571594, 0.3148134648799896, 0.3145044445991516, 0.3143264353275299, 0.31437572836875916, 0.3140367567539215, 0.31440049409866333, 0.31336644291877747, 0.3128790259361267, 0.3128931224346161, 0.3125588297843933, 0.3123641908168793, 0.31195950508117676, 0.31190869212150574, 0.3118944466114044, 0.31117650866508484, 0.3104219138622284, 0.3097633123397827, 0.30949902534484863, 0.30937570333480835, 0.3085642158985138, 0.3084149956703186, 0.30786797404289246, 0.30787599086761475, 0.3072563409805298, 0.3071918487548828, 0.306842565536499, 0.3072887361049652, 0.3061300814151764, 0.30698877573013306, 0.30501821637153625, 0.3049697279930115, 0.3046632409095764, 0.3038676679134369, 0.30432745814323425, 0.3033984303474426, 0.3035755455493927, 0.3028627038002014, 0.3022956848144531, 0.3028237223625183, 0.30148768424987793, 0.30170223116874695, 0.30172625184059143, 0.30076271295547485, 0.30035141110420227, 0.2997749447822571, 0.30052581429481506, 0.29910051822662354, 0.298644095659256, 0.2984851598739624, 0.2986612617969513, 0.2983599901199341, 0.2994554042816162, 0.29742735624313354, 0.2971683144569397, 0.2965814769268036, 0.29643240571022034, 0.2959478199481964, 0.29637953639030457, 0.2965236008167267, 0.29658785462379456, 0.2957160174846649, 0.2945197522640228, 0.29411181807518005, 0.29390138387680054, 0.2937435805797577, 0.29318976402282715, 0.2930862009525299, 0.2928628623485565, 0.29279276728630066, 0.29264456033706665, 0.29323408007621765, 0.2916950583457947, 0.29184913635253906, 0.2929200530052185, 0.291119784116745, 0.29038944840431213, 0.2905195355415344, 0.2899376451969147, 0.29039257764816284, 0.28953924775123596, 0.29008030891418457, 0.2888556122779846, 0.2886044979095459, 0.28856098651885986, 0.2890463173389435, 0.2877228558063507, 0.28706082701683044, 0.28713008761405945, 0.2868718206882477, 0.2879418432712555, 0.2860458791255951, 0.2850779891014099, 0.28509849309921265, 0.2849873900413513, 0.28465020656585693, 0.284151554107666, 0.2837461829185486, 0.28366953134536743, 0.28396332263946533, 0.28349459171295166, 0.28427615761756897, 0.28303033113479614, 0.28286314010620117, 0.2823331952095032, 0.2824033796787262, 0.28252020478248596, 0.281678706407547, 0.28195929527282715, 0.2827623784542084, 0.2823300063610077]",33.0,"[33.0, 33.0, 33.0, 33.0, 33.0, 33.0, 33.0, 33.0, 33.0, 33.0, 33.0, 33.0, 33.0, 33.0, 33.0, 33.0, 33.0, 33.0, 33.0, 33.0, 33.0, 33.0, 33.0, 33.0, 33.0, 33.0, 33.0, 33.0, 33.0, 33.0, 33.0, 33.0, 33.0, 33.0, 33.0, 33.0, 33.0, 33.0, 33.0, 33.0, 33.0, 33.0, 33.0, 33.0, 33.0, 33.0, 33.0, 33.0, 33.0, 33.0, 33.0, 33.0, 33.0, 33.0, 33.0, 33.0, 33.0, 33.0, 33.0, 33.0, 33.0, 33.0, 33.0, 33.0, 33.0, 33.0, 33.0, 33.0, 33.0, 33.0, 33.0, 33.0, 33.0, 33.0, 33.0, 33.0, 33.0, 33.0, 33.0, 33.0, 33.0, 33.0, 33.0, 33.0, 33.0, 33.0, 33.0, 33.0, 33.0, 33.0, 33.0, 33.0, 33.0, 33.0, 33.0, 33.0, 33.0, 33.0, 33.0, 33.0, 33.0, 33.0, 33.0, 33.0, 33.0, 33.0, 33.0, 33.0, 33.0, 33.0, 33.0, 33.0, 33.0, 33.0, 33.0, 33.0, 33.0, 33.0, 33.0, 33.0, 33.0, 33.0, 33.0, 33.0, 33.0, 33.0, 33.0, 33.0, 33.0, 33.0, 33.0, 33.0, 33.0, 33.0, 33.0, 33.0, 33.0, 33.0, 33.0, 33.0, 33.0, 33.0, 33.0, 33.0, 33.0, 33.0, 33.0, 33.0, 33.0, 33.0, 33.0, 33.0, 33.0, 33.0, 33.0, 33.0, 33.0, 33.0, 33.0, 33.0, 33.0, 33.0, 33.0, 33.0, 33.0, 33.0, 33.0, 33.0, 33.0, 33.0, 33.0, 33.0, 33.0, 33.0, 33.0, 33.0, 33.0, 33.0, 33.0, 33.0, 33.0, 33.0, 33.0, 33.0, 33.0, 33.0, 33.0, 33.0, 33.0, 33.0, 33.0, 33.0, 33.0, 33.0, 33.0, 33.0, 33.0, 33.0, 33.0, 33.0, 33.0, 33.0, 33.0, 33.0, 33.0, 33.0, 33.0, 33.0, 33.0, 33.0, 33.0, 33.0, 33.0, 33.0, 33.0, 33.0, 33.0, 33.0, 33.0, 33.0, 33.0, 33.0, 33.0, 33.0, 33.0, 33.0, 33.0, 33.0, 33.0, 33.0, 33.0, 33.0, 33.0, 33.0, 33.0, 33.0, 33.0, 33.0, 33.0, 33.0, 33.0, 33.0, 33.0, 33.0, 33.0, 33.0, 33.0, 33.0, 33.0, 33.0, 33.0, 33.0, 33.0, 33.0, 33.0, 33.0, 33.0, 33.0, 33.0, 33.0, 33.0, 33.0, 33.0, 33.0, 33.0, 33.0, 33.0, 33.0, 33.0, 33.0, 33.0, 33.0, 33.0, 33.0, 33.0, 33.0, 33.0, 33.0, 33.0, 33.0, 33.0, 33.0, 33.0, 33.0, 33.0, 33.0, 33.0, 33.0, 33.0, 33.0, 33.0, 33.0, 33.0, 33.0, 33.0, 33.0, 33.0, 33.0, 33.0, 33.0, 33.0, 33.0, 33.0, 33.0, 33.0, 33.0, 33.0, 33.0, 33.0, 33.0, 33.0, 33.0, 33.0, 33.0, 33.0, 33.0, 33.0, 33.0, 33.0, 33.0, 33.0, 33.0, 33.0, 33.0, 33.0, 33.0, 33.0, 33.0, 33.0, 33.0, 33.0, 33.0, 33.0, 33.0, 33.0, 33.0, 33.0, 33.0, 33.0, 33.0, 33.0, 33.0, 33.0, 33.0, 33.0, 33.0, 33.0, 33.0, 33.0, 33.0, 33.0, 33.0, 33.0, 33.0, 33.0, 33.0, 33.0, 33.0, 33.0, 33.0, 33.0, 33.0, 33.0, 33.0, 33.0, 33.0, 33.0, 33.0, 33.0, 33.0, 33.0, 33.0, 33.0, 33.0, 33.0, 33.0, 33.0, 33.0, 33.0, 33.0, 33.0, 33.0, 33.0, 33.0, 33.0, 33.0, 33.0, 33.0, 33.0, 33.0]",COMPLETE
