,number,value,datetime_start,datetime_complete,duration,params_batch_size_scaler,params_constant_learning_rate,params_depth,params_epochs,params_kernel_l2,params_num_trees,params_temperature,user_attrs_accuracy_test,user_attrs_accuracy_valid,user_attrs_approximate_feature_sparsity,user_attrs_approximate_feature_sparsity_history,user_attrs_approximate_weight_sparsity,user_attrs_approximate_weight_sparsity_history,user_attrs_auc_test,user_attrs_auc_valid,user_attrs_feature_sparsity,user_attrs_feature_sparsity_history,user_attrs_num_epochs,user_attrs_val_loss_history,user_attrs_weight_sparsity,user_attrs_weight_sparsity_history,state
157,157,0.9197871984130052,2024-08-31 07:56:05.797937,2024-08-31 07:59:42.801965,0 days 00:03:37.004028,16,0.23193156046420943,5,355,0.12990124089145247,86,0.0020205695164487087,0.921,0.92125,33,"[33, 33, 33, 33, 33, 33, 33, 33, 33, 33, 33, 33, 33, 33, 33, 33, 33, 33, 33, 33, 33, 33, 33, 33, 33, 33, 33, 33, 33, 33, 33, 33, 33, 33, 33, 33, 33, 33, 33, 33, 33, 33, 33, 33, 33, 33, 33, 33, 33, 33, 33, 33, 33, 33, 33, 33, 33, 33, 33, 33, 33, 33, 33, 33, 33, 33, 33, 33, 33, 33, 33, 33, 33, 33, 33, 33, 33, 33, 33, 33, 33, 33, 33, 33, 33, 33, 33, 33, 33, 33, 33, 33, 33, 33, 33, 33, 33, 33, 33, 33, 33, 33, 33, 33, 33, 33, 33, 33, 33, 33, 33, 33, 33, 33, 33, 33, 33, 33, 33, 33, 33, 33, 33, 33, 33, 33, 33, 33, 33, 33, 33, 33, 33, 33, 33, 33, 33, 33, 33, 33, 33, 33, 33, 33, 33, 33, 33, 33, 33, 33, 33, 33, 33, 33, 33, 33, 33, 33, 33, 33, 33, 33, 33, 33, 33, 33, 33, 33, 33, 33, 33, 33, 33, 33, 33, 33, 33, 33, 33, 33, 33, 33, 33, 33, 33, 33, 33, 33, 33, 33, 33, 33, 33, 33, 33, 33, 33, 33, 33, 33, 33, 33, 33, 33, 33, 33, 33, 33, 33, 33, 33, 33, 33, 33, 33, 33, 33, 33, 33, 33, 33, 33, 33, 33, 33, 33, 33, 33, 33, 33, 33, 33, 33, 33, 33, 33, 33, 33, 33, 33, 33, 33, 33, 33, 33, 33, 33, 33, 33, 33, 33, 33, 33, 33, 33, 33, 33, 33, 33, 33, 33, 33, 33, 33, 33, 33, 33, 33, 33, 33, 33, 33, 33, 33, 33, 33, 33, 33, 33, 33, 33, 33, 33, 33, 33, 33, 33, 33, 33, 33, 33, 33, 33, 33, 33, 33, 33, 33, 33, 33, 33, 33, 33, 33, 33, 33, 33, 33, 33, 33, 33, 33, 33, 33, 33, 33, 33, 33, 33, 33, 33, 33, 33, 33, 33, 33, 33, 33, 33, 33, 33, 33, 33, 33, 33, 33, 33, 33, 33, 33, 33, 33, 33, 33, 33, 33, 33, 33, 33, 33, 33, 33, 33, 33, 33]",32.92085521380345,"[32.926106526631656, 32.93735933983496, 32.93285821455364, 32.93060765191298, 32.93285821455364, 32.933608402100525, 32.93323330832708, 32.93023255813953, 32.93285821455364, 32.93323330832708, 32.927981995498875, 32.93285821455364, 32.935858964741186, 32.926106526631656, 32.931357839459864, 32.93623405851463, 32.93623405851463, 32.94298574643661, 32.93885971492873, 32.93548387096774, 32.933608402100525, 32.93285821455364, 32.93323330832708, 32.92873218304576, 32.93248312078019, 32.93623405851463, 32.93023255813954, 32.93810952738185, 32.93398349587397, 32.933608402100525, 32.931732933233306, 32.93285821455364, 32.932108027006755, 32.93060765191298, 32.93435858964741, 32.93473368342085, 32.93285821455364, 32.93060765191298, 32.93098274568642, 32.93435858964742, 32.93810952738185, 32.937734433608405, 32.93173293323331, 32.93285821455364, 32.93473368342086, 32.93698424606151, 32.93623405851463, 32.92948237059265, 32.93023255813954, 32.926106526631656, 32.92723180795199, 32.92760690172543, 32.92160540135034, 32.92348087021755, 32.925731432858214, 32.92085521380345, 32.923855963991, 32.92535633908477, 32.927981995498875, 32.927981995498875, 32.926481620405106, 32.922355588897226, 32.923855963990995, 32.92348087021755, 32.92348087021756, 32.92460615153789, 32.92873218304576, 32.921605401350334, 32.925731432858214, 32.92685671417854, 32.9264816204051, 32.92873218304576, 32.926106526631656, 32.92348087021755, 32.923855963991, 32.92535633908477, 32.92835708927232, 32.92423105776444, 32.923855963990995, 32.92723180795199, 32.92348087021756, 32.92348087021756, 32.92685671417855, 32.91935483870968, 32.922355588897226, 32.9178544636159, 32.91897974493624, 32.91710427606902, 32.918229557389346, 32.918604651162795, 32.92048012003001, 32.92198049512378, 32.93060765191298, 32.92685671417855, 32.92048012003001, 32.922355588897226, 32.9212303075769, 32.92310577644411, 32.92685671417855, 32.92873218304576, 32.927981995498875, 32.9291072768192, 32.92123030757689, 32.91897974493624, 32.92498124531133, 32.92723180795199, 32.92723180795199, 32.931732933233306, 32.92760690172543, 32.918604651162795, 32.920105026256564, 32.91972993248312, 32.925731432858214, 32.927981995498875, 32.925731432858214, 32.926106526631656, 32.93023255813954, 32.9291072768192, 32.929857464366094, 32.93323330832708, 32.931732933233306, 32.931357839459864, 32.92685671417854, 32.923855963990995, 32.92348087021755, 32.9264816204051, 32.926106526631656, 32.92310577644411, 32.92310577644411, 32.91897974493624, 32.92085521380345, 32.91822955738935, 32.920105026256564, 32.931357839459864, 32.926106526631656, 32.92685671417854, 32.92310577644411, 32.92498124531133, 32.926106526631656, 32.92310577644411, 32.92535633908477, 32.92348087021755, 32.92348087021755, 32.918229557389346, 32.91485371342836, 32.91747936984246, 32.91747936984246, 32.92348087021755, 32.91747936984246, 32.924231057764445, 32.92460615153789, 32.92348087021755, 32.92835708927232, 32.927981995498875, 32.926106526631656, 32.92198049512378, 32.926481620405106, 32.927981995498875, 32.929482370592645, 32.92760690172543, 32.92348087021756, 32.92348087021755, 32.923855963991, 32.92610652663166, 32.92348087021755, 32.9212303075769, 32.92198049512378, 32.92198049512378, 32.92085521380345, 32.92498124531133, 32.921605401350334, 32.921980495123776, 32.92723180795199, 32.92498124531133, 32.925731432858214, 32.92460615153789, 32.923855963991, 32.923855963991, 32.923855963991, 32.924231057764445, 32.92498124531133, 32.92348087021756, 32.92423105776444, 32.922355588897226, 32.91747936984246, 32.91747936984246, 32.92310577644411, 32.91897974493624, 32.92460615153789, 32.92348087021755, 32.92423105776444, 32.92160540135034, 32.91972993248312, 32.91935483870967, 32.91710427606902, 32.9152288072018, 32.91897974493623, 32.92048012003001, 32.9178544636159, 32.91710427606902, 32.9212303075769, 32.92348087021755, 32.92123030757689, 32.91710427606902, 32.914478619654915, 32.92160540135034, 32.92460615153789, 32.92835708927232, 32.92610652663166, 32.9264816204051, 32.92273068267067, 32.92498124531133, 32.922355588897226, 32.92498124531133, 32.92123030757689, 32.91897974493624, 32.91897974493624, 32.91335333833458, 32.916354088522134, 32.922355588897226, 32.91747936984246, 32.920105026256564, 32.92310577644411, 32.9178544636159, 32.916729182295576, 32.92198049512378, 32.924231057764445, 32.92535633908477, 32.92310577644411, 32.922355588897226, 32.921605401350334, 32.91710427606902, 32.91597899474869, 32.91747936984246, 32.91747936984246, 32.91935483870968, 32.92723180795199, 32.9264816204051, 32.93210802700675, 32.9291072768192, 32.92948237059265, 32.929857464366094, 32.92723180795199, 32.92835708927232, 32.92723180795199, 32.92535633908477, 32.926106526631656, 32.925731432858214, 32.92685671417854, 32.92310577644411, 32.91972993248312, 32.92498124531133, 32.9264816204051, 32.92760690172543, 32.93098274568642, 32.92760690172543, 32.92310577644411, 32.92535633908477, 32.92460615153789, 32.92873218304576, 32.92723180795199, 32.92835708927232, 32.93210802700675, 32.931357839459864, 32.9324831207802, 32.929482370592645, 32.92873218304576, 32.93023255813954, 32.935483870967744, 32.935858964741186, 32.937359339834956, 32.931732933233306, 32.9324831207802, 32.9291072768192, 32.926481620405106, 32.92348087021755, 32.92198049512378, 32.924231057764445, 32.922355588897226, 32.925731432858214, 32.92273068267067, 32.92123030757689, 32.923855963990995, 32.92723180795199, 32.92723180795198, 32.92685671417855, 32.92685671417854, 32.92498124531133, 32.924231057764445, 32.925731432858214, 32.924231057764445, 32.92948237059265, 32.9264816204051, 32.92723180795199, 32.92535633908477, 32.927981995498875, 32.92310577644411, 32.92198049512378, 32.925731432858214, 32.926106526631656, 32.926106526631656, 32.924231057764445, 32.92498124531133, 32.92685671417855, 32.93023255813954, 32.93023255813954, 32.93098274568642, 32.93060765191298, 32.92835708927232, 32.925731432858214, 32.92460615153789, 32.92198049512378, 32.9212303075769, 32.92273068267067, 32.92198049512378, 32.922355588897226, 32.922355588897226, 32.92910727681921, 32.92535633908477, 32.92910727681921, 32.92723180795198, 32.929857464366094, 32.929482370592645, 32.92723180795198, 32.925731432858214, 32.92348087021755, 32.93023255813954, 32.92910727681921, 32.927606901725426, 32.92835708927232, 32.923855963990995, 32.92310577644411, 32.9212303075769, 32.92460615153789, 32.91972993248312, 32.916354088522134, 32.914478619654915, 32.914478619654915, 32.916354088522134, 32.92198049512378, 32.92048012003001, 32.92085521380345, 32.922355588897226, 32.9212303075769, 32.92123030757689, 32.92048012003001, 32.92460615153789, 32.922355588897226, 32.922355588897226, 32.91860465116279, 32.92048012003001, 32.92160540135034, 32.92085521380345, 32.92273068267067, 32.92085521380345]",0.9018320824973786,0.9197871984130052,33,"[33, 33, 33, 33, 33, 33, 33, 33, 33, 33, 33, 33, 33, 33, 33, 33, 33, 33, 33, 33, 33, 33, 33, 33, 33, 33, 33, 33, 33, 33, 33, 33, 33, 33, 33, 33, 33, 33, 33, 33, 33, 33, 33, 33, 33, 33, 33, 33, 33, 33, 33, 33, 33, 33, 33, 33, 33, 33, 33, 33, 33, 33, 33, 33, 33, 33, 33, 33, 33, 33, 33, 33, 33, 33, 33, 33, 33, 33, 33, 33, 33, 33, 33, 33, 33, 33, 33, 33, 33, 33, 33, 33, 33, 33, 33, 33, 33, 33, 33, 33, 33, 33, 33, 33, 33, 33, 33, 33, 33, 33, 33, 33, 33, 33, 33, 33, 33, 33, 33, 33, 33, 33, 33, 33, 33, 33, 33, 33, 33, 33, 33, 33, 33, 33, 33, 33, 33, 33, 33, 33, 33, 33, 33, 33, 33, 33, 33, 33, 33, 33, 33, 33, 33, 33, 33, 33, 33, 33, 33, 33, 33, 33, 33, 33, 33, 33, 33, 33, 33, 33, 33, 33, 33, 33, 33, 33, 33, 33, 33, 33, 33, 33, 33, 33, 33, 33, 33, 33, 33, 33, 33, 33, 33, 33, 33, 33, 33, 33, 33, 33, 33, 33, 33, 33, 33, 33, 33, 33, 33, 33, 33, 33, 33, 33, 33, 33, 33, 33, 33, 33, 33, 33, 33, 33, 33, 33, 33, 33, 33, 33, 33, 33, 33, 33, 33, 33, 33, 33, 33, 33, 33, 33, 33, 33, 33, 33, 33, 33, 33, 33, 33, 33, 33, 33, 33, 33, 33, 33, 33, 33, 33, 33, 33, 33, 33, 33, 33, 33, 33, 33, 33, 33, 33, 33, 33, 33, 33, 33, 33, 33, 33, 33, 33, 33, 33, 33, 33, 33, 33, 33, 33, 33, 33, 33, 33, 33, 33, 33, 33, 33, 33, 33, 33, 33, 33, 33, 33, 33, 33, 33, 33, 33, 33, 33, 33, 33, 33, 33, 33, 33, 33, 33, 33, 33, 33, 33, 33, 33, 33, 33, 33, 33, 33, 33, 33, 33, 33, 33, 33, 33, 33, 33, 33, 33, 33, 33, 33, 33, 33, 33, 33, 33, 33, 33, 33]",355,"[0.403412789106369, 0.39774590730667114, 0.39341041445732117, 0.3896752893924713, 0.3868357837200165, 0.38439202308654785, 0.38198310136795044, 0.3802117109298706, 0.378662109375, 0.3771555721759796, 0.3758600950241089, 0.37473076581954956, 0.37363553047180176, 0.3728662431240082, 0.37184685468673706, 0.37096554040908813, 0.37004896998405457, 0.3693920075893402, 0.3685593008995056, 0.3677981495857239, 0.3670646548271179, 0.36661872267723083, 0.3655698299407959, 0.3648565709590912, 0.36413097381591797, 0.3637448251247406, 0.3629801571369171, 0.36217907071113586, 0.36144980788230896, 0.3618256747722626, 0.36016765236854553, 0.3595860004425049, 0.35926884412765503, 0.35858070850372314, 0.35747790336608887, 0.35682713985443115, 0.35654717683792114, 0.35617974400520325, 0.3553581237792969, 0.35454779863357544, 0.3540763556957245, 0.3535388112068176, 0.35383105278015137, 0.35248714685440063, 0.3520439565181732, 0.35107120871543884, 0.35040977597236633, 0.3498610258102417, 0.3492661416530609, 0.34864121675491333, 0.3480435907840729, 0.34745609760284424, 0.3469119668006897, 0.346552312374115, 0.3458360433578491, 0.3452591300010681, 0.34471842646598816, 0.3445439636707306, 0.34351539611816406, 0.3438259959220886, 0.3423602283000946, 0.3418239653110504, 0.3411813974380493, 0.34066715836524963, 0.34023743867874146, 0.33951297402381897, 0.3388795554637909, 0.33834296464920044, 0.33791035413742065, 0.33822014927864075, 0.3372545540332794, 0.33643150329589844, 0.3361213207244873, 0.3353595435619354, 0.3349287509918213, 0.3342995345592499, 0.3336438834667206, 0.33347970247268677, 0.3328910171985626, 0.33228129148483276, 0.3320396840572357, 0.331400603055954, 0.33050674200057983, 0.3300080895423889, 0.32939764857292175, 0.32939258217811584, 0.3283025324344635, 0.3275034725666046, 0.3269869089126587, 0.3263933062553406, 0.32570645213127136, 0.3264336884021759, 0.32473981380462646, 0.32441264390945435, 0.3238855004310608, 0.32322975993156433, 0.32266566157341003, 0.3219911456108093, 0.3213895857334137, 0.3210219442844391, 0.3202778697013855, 0.3197135627269745, 0.31920140981674194, 0.31855374574661255, 0.3180835545063019, 0.31723952293395996, 0.31643298268318176, 0.3156300485134125, 0.31491711735725403, 0.3144279718399048, 0.31364211440086365, 0.31282490491867065, 0.31219375133514404, 0.3115868866443634, 0.3109518587589264, 0.31040865182876587, 0.30963245034217834, 0.3086414635181427, 0.30840107798576355, 0.30757007002830505, 0.30683863162994385, 0.30637094378471375, 0.3054253160953522, 0.304555207490921, 0.3038536310195923, 0.30325794219970703, 0.30254805088043213, 0.30142220854759216, 0.30072057247161865, 0.29943692684173584, 0.2991854250431061, 0.29772648215293884, 0.2969774305820465, 0.2962571978569031, 0.2953912317752838, 0.2946559190750122, 0.29357513785362244, 0.2928279936313629, 0.29197216033935547, 0.2908576726913452, 0.2900409698486328, 0.2895238995552063, 0.28894034028053284, 0.28784528374671936, 0.2876492738723755, 0.28633809089660645, 0.2851775288581848, 0.2845197916030884, 0.28448113799095154, 0.28318899869918823, 0.2821141183376312, 0.28158995509147644, 0.28064343333244324, 0.2798424959182739, 0.2791598439216614, 0.27848705649375916, 0.27766335010528564, 0.2770637273788452, 0.27667689323425293, 0.27543362975120544, 0.27463284134864807, 0.2742147743701935, 0.2733556628227234, 0.27318713068962097, 0.27197158336639404, 0.27117183804512024, 0.27056950330734253, 0.27027228474617004, 0.26972997188568115, 0.26895058155059814, 0.26812806725502014, 0.2682762145996094, 0.2671511173248291, 0.26697513461112976, 0.2661723792552948, 0.26583975553512573, 0.26505133509635925, 0.26450732350349426, 0.26407337188720703, 0.2635064423084259, 0.263298898935318, 0.26249417662620544, 0.2620663344860077, 0.26138007640838623, 0.26126524806022644, 0.26065459847450256, 0.2600318193435669, 0.25987541675567627, 0.25934353470802307, 0.25906527042388916, 0.2585454285144806, 0.2578091323375702, 0.2577047049999237, 0.2567950189113617, 0.25652140378952026, 0.25624826550483704, 0.25574055314064026, 0.2555639147758484, 0.25496405363082886, 0.25449293851852417, 0.2542644441127777, 0.25462567806243896, 0.25339803099632263, 0.25311821699142456, 0.2526659071445465, 0.2525044083595276, 0.2521016001701355, 0.25167331099510193, 0.2514055371284485, 0.2512722313404083, 0.2508389353752136, 0.25054678320884705, 0.2502695620059967, 0.24965517222881317, 0.24937909841537476, 0.24917200207710266, 0.2487538754940033, 0.2485014945268631, 0.24789020419120789, 0.24745790660381317, 0.24710571765899658, 0.24712175130844116, 0.24686023592948914, 0.24692553281784058, 0.24689917266368866, 0.24602967500686646, 0.24628955125808716, 0.2456904947757721, 0.2456340789794922, 0.24480672180652618, 0.2447172999382019, 0.24409915506839752, 0.24418216943740845, 0.24381431937217712, 0.2432449758052826, 0.242998868227005, 0.24309875071048737, 0.24232634902000427, 0.24195179343223572, 0.24171173572540283, 0.24155473709106445, 0.24123455584049225, 0.24098585546016693, 0.24045781791210175, 0.24043989181518555, 0.23987288773059845, 0.23937983810901642, 0.23925502598285675, 0.23970814049243927, 0.2392595261335373, 0.23852312564849854, 0.23837287724018097, 0.23812703788280487, 0.23844751715660095, 0.23750539124011993, 0.23710127174854279, 0.23722286522388458, 0.23682428896427155, 0.2365473508834839, 0.23710647225379944, 0.23662878572940826, 0.23559047281742096, 0.23545579612255096, 0.23518814146518707, 0.2351771742105484, 0.23475845158100128, 0.23461677134037018, 0.23401989042758942, 0.2338881939649582, 0.23385150730609894, 0.2339397370815277, 0.23361054062843323, 0.2333596795797348, 0.23335012793540955, 0.23309168219566345, 0.23292574286460876, 0.23226425051689148, 0.23204565048217773, 0.2323664128780365, 0.23171581327915192, 0.23141443729400635, 0.23120702803134918, 0.2308683842420578, 0.23069509863853455, 0.23043523728847504, 0.23052965104579926, 0.2299564778804779, 0.2297596037387848, 0.22948896884918213, 0.22915752232074738, 0.22917014360427856, 0.22862742841243744, 0.2286379635334015, 0.22789588570594788, 0.22832195460796356, 0.2283720225095749, 0.2278430312871933, 0.22769854962825775, 0.2272905707359314, 0.2268650084733963, 0.22715765237808228, 0.22649569809436798, 0.22639040648937225, 0.22635434567928314, 0.22625209391117096, 0.2259572595357895, 0.22610151767730713, 0.22519220411777496, 0.22541706264019012, 0.22509093582630157, 0.2248847782611847, 0.22430050373077393, 0.22429069876670837, 0.22404584288597107, 0.22355054318904877, 0.22406940162181854, 0.22427204251289368, 0.22290657460689545, 0.22334454953670502, 0.22296631336212158, 0.22231560945510864, 0.2228628396987915, 0.22231656312942505, 0.22205856442451477, 0.2221379280090332, 0.2215123027563095, 0.22146768867969513, 0.22159861028194427, 0.22191035747528076, 0.2216567099094391, 0.22123605012893677, 0.22113952040672302, 0.22104889154434204, 0.22056888043880463, 0.219624325633049, 0.22008998692035675, 0.21982347965240479, 0.22010034322738647, 0.2195168137550354, 0.2194162756204605, 0.2188035249710083, 0.21857209503650665, 0.2182275354862213, 0.21798980236053467, 0.2190484255552292, 0.2181481122970581, 0.21802520751953125, 0.21740756928920746, 0.21751108765602112, 0.21754968166351318, 0.21712413430213928, 0.21720287203788757, 0.21707303822040558, 0.2165205031633377, 0.2169833779335022]",33.0,"[33.0, 33.0, 33.0, 33.0, 33.0, 33.0, 33.0, 33.0, 33.0, 33.0, 33.0, 33.0, 33.0, 33.0, 33.0, 33.0, 33.0, 33.0, 33.0, 33.0, 33.0, 33.0, 33.0, 33.0, 33.0, 33.0, 33.0, 33.0, 33.0, 33.0, 33.0, 33.0, 33.0, 33.0, 33.0, 33.0, 33.0, 33.0, 33.0, 33.0, 33.0, 33.0, 33.0, 33.0, 33.0, 33.0, 33.0, 33.0, 33.0, 33.0, 33.0, 33.0, 33.0, 33.0, 33.0, 33.0, 33.0, 33.0, 33.0, 33.0, 33.0, 33.0, 33.0, 33.0, 33.0, 33.0, 33.0, 33.0, 33.0, 33.0, 33.0, 33.0, 33.0, 33.0, 33.0, 33.0, 33.0, 33.0, 33.0, 33.0, 33.0, 33.0, 33.0, 33.0, 33.0, 33.0, 33.0, 33.0, 33.0, 33.0, 33.0, 33.0, 33.0, 33.0, 33.0, 33.0, 33.0, 33.0, 33.0, 33.0, 33.0, 33.0, 33.0, 33.0, 33.0, 33.0, 33.0, 33.0, 33.0, 33.0, 33.0, 33.0, 33.0, 33.0, 33.0, 33.0, 33.0, 33.0, 33.0, 33.0, 33.0, 33.0, 33.0, 33.0, 33.0, 33.0, 33.0, 33.0, 33.0, 33.0, 33.0, 33.0, 33.0, 33.0, 33.0, 33.0, 33.0, 33.0, 33.0, 33.0, 33.0, 33.0, 33.0, 33.0, 33.0, 33.0, 33.0, 33.0, 33.0, 33.0, 33.0, 33.0, 33.0, 33.0, 33.0, 33.0, 33.0, 33.0, 33.0, 33.0, 33.0, 33.0, 33.0, 33.0, 33.0, 33.0, 33.0, 33.0, 33.0, 33.0, 33.0, 33.0, 33.0, 33.0, 33.0, 33.0, 33.0, 33.0, 33.0, 33.0, 33.0, 33.0, 33.0, 33.0, 33.0, 33.0, 33.0, 33.0, 33.0, 33.0, 33.0, 33.0, 33.0, 33.0, 33.0, 33.0, 33.0, 33.0, 33.0, 33.0, 33.0, 33.0, 33.0, 33.0, 33.0, 33.0, 33.0, 33.0, 33.0, 33.0, 33.0, 33.0, 33.0, 33.0, 33.0, 33.0, 33.0, 33.0, 33.0, 33.0, 33.0, 33.0, 33.0, 33.0, 33.0, 33.0, 33.0, 33.0, 33.0, 33.0, 33.0, 33.0, 33.0, 33.0, 33.0, 33.0, 33.0, 33.0, 33.0, 33.0, 33.0, 33.0, 33.0, 33.0, 33.0, 33.0, 33.0, 33.0, 33.0, 33.0, 33.0, 33.0, 33.0, 33.0, 33.0, 33.0, 33.0, 33.0, 33.0, 33.0, 33.0, 33.0, 33.0, 33.0, 33.0, 33.0, 33.0, 33.0, 33.0, 33.0, 33.0, 33.0, 33.0, 33.0, 33.0, 33.0, 33.0, 33.0, 33.0, 33.0, 33.0, 33.0, 33.0, 33.0, 33.0, 33.0, 33.0, 33.0, 33.0, 33.0, 33.0, 33.0, 33.0, 33.0, 33.0, 33.0, 33.0, 33.0, 33.0, 33.0, 33.0, 33.0, 33.0, 33.0, 33.0, 33.0, 33.0, 33.0, 33.0, 33.0, 33.0, 33.0, 33.0, 33.0, 33.0, 33.0, 33.0, 33.0, 33.0, 33.0, 33.0, 33.0, 33.0, 33.0, 33.0, 33.0, 33.0, 33.0, 33.0, 33.0, 33.0, 33.0, 33.0, 33.0, 33.0, 33.0, 33.0, 33.0, 33.0, 33.0, 33.0, 33.0, 33.0, 33.0, 33.0, 33.0, 33.0, 33.0, 33.0, 33.0, 33.0, 33.0, 33.0, 33.0, 33.0]",COMPLETE
