,number,value,datetime_start,datetime_complete,duration,params_batch_size_scaler,params_constant_learning_rate,params_depth,params_epochs,params_kernel_l2,params_num_trees,params_temperature,user_attrs_accuracy_test,user_attrs_accuracy_valid,user_attrs_approximate_feature_sparsity,user_attrs_approximate_feature_sparsity_history,user_attrs_approximate_weight_sparsity,user_attrs_approximate_weight_sparsity_history,user_attrs_auc_test,user_attrs_auc_valid,user_attrs_feature_sparsity,user_attrs_feature_sparsity_history,user_attrs_num_epochs,user_attrs_val_loss_history,user_attrs_weight_sparsity,user_attrs_weight_sparsity_history,state
27,27,0.9215390758846337,2024-08-31 01:23:46.847796,2024-08-31 01:31:49.325788,0 days 00:08:02.477992,1,0.07245034378484143,5,430,0.004553421185116998,17,0.0001535500248484676,0.929,0.93375,33,"[33, 33, 33, 33, 33, 33, 33, 33, 33, 33, 33, 33, 33, 33, 33, 33, 33, 33, 33, 33, 33, 33, 33, 33, 33, 33, 33, 33, 33, 33, 33, 33, 33, 33, 33, 33, 33, 33, 33, 33, 33, 33, 33, 33, 33, 33, 33, 33, 33, 33, 33, 33, 33, 33, 33, 33, 33, 33, 33, 33, 33, 33, 33, 33, 33, 33, 33, 33, 33, 33, 33, 33, 33, 33, 33, 33, 33, 33, 33, 33, 33, 33, 33, 33, 33, 33, 33, 33, 33, 33, 33, 33, 33, 33, 33, 33, 33, 33, 33, 33, 33, 33, 33, 33, 33, 33, 33, 33, 33, 33, 33, 33, 33, 33, 33, 33, 33, 33, 33, 33, 33, 33, 33, 33, 33, 33, 33, 33, 33, 33, 33, 33, 33, 33, 33, 33, 33, 33, 33, 33, 33, 33, 33, 33, 33, 33, 33, 33, 33, 33, 33, 33, 33, 33, 33, 33, 33, 33, 33, 33, 33, 33, 33, 33, 33, 33, 33, 33, 33, 33, 33, 33, 33, 33, 33, 33, 33, 33, 33, 33, 33, 33, 33, 33, 33, 33, 33, 33, 33, 33, 33, 33, 33, 33, 33, 33, 33, 33, 33, 33, 33, 33, 33, 33, 33, 33, 33, 33, 33, 33, 33, 33, 33, 33, 33, 33, 33, 33, 33, 33, 33, 33, 33, 33, 33, 33, 33, 33, 33, 33, 33, 33, 33, 33, 33, 33, 33, 33, 33, 33, 33, 33, 33, 33, 33, 33, 33, 33, 33, 33, 33, 33, 33, 33, 33, 33, 33, 33, 33, 33, 33, 33, 33, 33, 33, 33, 33, 33, 33, 33, 33, 33, 33, 33, 33, 33, 33, 33, 33, 33, 33, 33, 33, 33, 33, 33, 33, 33, 33, 33, 33, 33, 33, 33, 33, 33, 33, 33, 33, 33, 33, 33, 33, 33, 33, 33, 33, 33, 33, 33, 33, 33, 33, 33, 33, 33, 33, 33, 33, 33, 33, 33, 33, 33, 33, 33, 33, 33, 33, 33, 33, 33, 33, 33, 33, 33, 33, 33, 33, 33, 33, 33, 33, 33, 33, 33, 33, 33, 33, 33, 33, 33, 33, 33, 33, 33, 33, 33, 33, 33, 33, 33, 33, 33, 33, 33, 33, 33, 33, 33, 33, 33, 33, 33, 33, 33, 33, 33, 33, 33, 33, 33, 33, 33, 33, 33, 33, 33, 33, 33, 33, 33, 33, 33, 33, 33, 33, 33, 33, 33, 33, 33, 33, 33, 33, 33, 33, 33, 33, 33, 33, 33, 33, 33, 33, 33, 33, 33, 33, 33, 33, 33, 33, 33, 33, 33, 33, 33, 33, 33]",32.98102466793169,"[32.95825426944972, 32.97153700189753, 32.97343453510436, 32.9696394686907, 32.977229601518026, 32.98292220113852, 32.979127134724855, 32.97343453510437, 32.97343453510436, 32.977229601518026, 32.96204933586338, 32.965844402277035, 32.95825426944971, 32.96204933586338, 32.963946869070206, 32.97343453510436, 32.95445920303605, 32.97153700189754, 32.96584440227704, 32.98292220113852, 32.98292220113852, 32.96015180265655, 32.96774193548387, 32.96584440227704, 32.97343453510436, 32.96584440227704, 32.95825426944972, 32.95445920303605, 32.97153700189753, 32.97343453510436, 32.98102466793169, 32.977229601518026, 32.9696394686907, 32.97153700189753, 32.9753320683112, 32.979127134724855, 32.97153700189753, 32.9753320683112, 32.97343453510436, 32.97343453510437, 32.98292220113852, 32.9753320683112, 32.97153700189753, 32.979127134724855, 32.977229601518026, 32.977229601518026, 32.96584440227704, 32.9753320683112, 32.97912713472486, 32.96774193548387, 32.97343453510436, 32.97343453510437, 32.979127134724855, 32.97153700189753, 32.96204933586338, 32.97153700189753, 32.9696394686907, 32.97153700189753, 32.9753320683112, 32.97343453510436, 32.95635673624288, 32.97343453510436, 32.96774193548387, 32.96584440227704, 32.96584440227704, 32.963946869070206, 32.9753320683112, 32.97153700189753, 32.98292220113852, 32.98102466793169, 32.97343453510437, 32.98292220113852, 32.977229601518026, 32.97153700189753, 32.97343453510437, 32.9696394686907, 32.96584440227704, 32.977229601518026, 32.979127134724855, 32.97343453510436, 32.977229601518026, 32.963946869070206, 32.977229601518026, 32.98292220113852, 32.979127134724855, 32.97153700189753, 32.9753320683112, 32.9696394686907, 32.96584440227704, 32.963946869070206, 32.963946869070206, 32.9696394686907, 32.97343453510437, 32.963946869070206, 32.977229601518026, 32.97343453510436, 32.96584440227704, 32.977229601518026, 32.98102466793169, 32.98292220113852, 32.98292220113852, 32.98102466793169, 32.979127134724855, 32.97912713472486, 32.97343453510437, 32.96584440227704, 32.98481973434535, 32.97343453510437, 32.9753320683112, 32.96774193548387, 32.95635673624288, 32.96584440227704, 32.96015180265655, 32.95635673624288, 32.95445920303605, 32.97153700189754, 32.96204933586338, 32.96774193548387, 32.95635673624289, 32.95635673624289, 32.96015180265655, 32.97343453510437, 32.97343453510437, 32.97343453510437, 32.9753320683112, 32.979127134724855, 32.96774193548387, 32.9696394686907, 32.977229601518026, 32.9696394686907, 32.98102466793169, 32.97153700189753, 32.96774193548387, 32.979127134724855, 32.977229601518026, 32.97343453510436, 32.9753320683112, 32.97343453510436, 32.97153700189753, 32.97343453510436, 32.977229601518026, 32.96584440227704, 32.97153700189753, 32.9696394686907, 32.96584440227704, 32.96584440227704, 32.96584440227704, 32.97343453510436, 32.97153700189753, 32.96584440227704, 32.97343453510436, 32.96584440227704, 32.97153700189753, 32.97153700189753, 32.97153700189753, 32.977229601518026, 32.96774193548387, 32.98102466793169, 32.977229601518026, 32.9753320683112, 32.96584440227704, 32.96774193548387, 32.96584440227704, 32.96204933586338, 32.96204933586338, 32.98292220113852, 32.977229601518026, 32.96774193548387, 32.96584440227704, 32.977229601518026, 32.977229601518026, 32.97153700189753, 32.96774193548387, 32.97343453510437, 32.96774193548387, 32.977229601518026, 32.97343453510436, 32.96774193548387, 32.97153700189753, 32.96204933586338, 32.9696394686907, 32.9696394686907, 32.963946869070206, 32.977229601518026, 32.9753320683112, 32.97343453510437, 32.9753320683112, 32.9696394686907, 32.98102466793169, 32.98102466793169, 32.97343453510436, 32.98102466793169, 32.979127134724855, 32.9753320683112, 32.963946869070206, 32.96774193548387, 32.97153700189753, 32.977229601518026, 32.97343453510436, 32.977229601518026, 32.9753320683112, 32.977229601518026, 32.963946869070206, 32.977229601518026, 32.96774193548387, 32.97153700189753, 32.96774193548387, 32.963946869070206, 32.977229601518026, 32.977229601518026, 32.97153700189753, 32.9753320683112, 32.9696394686907, 32.9753320683112, 32.9753320683112, 32.98481973434535, 32.98481973434535, 32.979127134724855, 32.98481973434535, 32.979127134724855, 32.98671726755218, 32.98102466793169, 32.979127134724855, 32.98481973434535, 32.990512333965846, 32.98481973434535, 32.977229601518026, 32.97153700189753, 32.96774193548387, 32.977229601518026, 32.98102466793169, 32.97343453510436, 32.96584440227704, 32.963946869070206, 32.9696394686907, 32.98481973434535, 32.979127134724855, 32.9696394686907, 32.9753320683112, 32.97153700189753, 32.979127134724855, 32.979127134724855, 32.977229601518026, 32.98671726755218, 32.990512333965846, 32.98481973434535, 32.98102466793169, 32.98102466793169, 32.979127134724855, 32.977229601518026, 32.977229601518026, 32.98861480075901, 32.98861480075901, 32.977229601518026, 32.98861480075902, 32.979127134724855, 32.98481973434535, 32.990512333965846, 32.977229601518026, 32.98292220113852, 32.98481973434535, 32.98481973434535, 32.979127134724855, 32.979127134724855, 32.9753320683112, 32.9753320683112, 32.97343453510436, 32.9696394686907, 32.979127134724855, 32.979127134724855, 32.97153700189753, 32.9753320683112, 32.9753320683112, 32.9696394686907, 32.9696394686907, 32.977229601518026, 32.96774193548387, 32.97343453510436, 32.97153700189753, 32.98292220113852, 32.977229601518026, 32.979127134724855, 32.98292220113852, 32.98292220113852, 32.9753320683112, 32.97343453510436, 32.9696394686907, 32.97343453510436, 32.97153700189753, 32.97153700189753, 32.97343453510436, 32.979127134724855, 32.97153700189753, 32.98292220113852, 32.98671726755218, 32.98861480075902, 32.98861480075901, 32.977229601518026, 32.98102466793169, 32.97343453510436, 32.9696394686907, 32.98292220113852, 32.98102466793169, 32.98102466793169, 32.98102466793169, 32.98102466793169, 32.98102466793169, 32.9753320683112, 32.9753320683112, 32.977229601518026, 32.979127134724855, 32.98671726755218, 32.977229601518026, 32.98292220113852, 32.979127134724855, 32.98481973434535, 32.97343453510436, 32.977229601518026, 32.97343453510436, 32.97343453510437, 32.97912713472486, 32.98861480075902, 32.98102466793169, 32.977229601518026, 32.977229601518026, 32.97343453510437, 32.98671726755218, 32.97343453510437, 32.98292220113852, 32.98671726755219, 32.97912713472486, 32.97343453510437, 32.98102466793169, 32.98102466793169, 32.9696394686907, 32.9753320683112, 32.9753320683112, 32.977229601518026, 32.97153700189753, 32.96774193548387, 32.96015180265655, 32.977229601518026, 32.96774193548387, 32.9753320683112, 32.96584440227704, 32.97343453510436, 32.97343453510437, 32.9753320683112, 32.97343453510436, 32.97153700189753, 32.979127134724855, 32.979127134724855, 32.977229601518026, 32.9753320683112, 32.98102466793169, 32.97343453510436, 32.96774193548387, 32.97153700189753, 32.97153700189753, 32.96584440227704, 32.97153700189753, 32.9753320683112, 32.97153700189753, 32.97343453510436, 32.9753320683112, 32.977229601518026, 32.97343453510436, 32.9753320683112, 32.98102466793169, 32.97343453510436, 32.9753320683112, 32.97153700189753, 32.97343453510436, 32.9696394686907, 32.9696394686907, 32.97343453510436, 32.95825426944971, 32.95635673624288, 32.9696394686907, 32.96584440227704, 32.96584440227704, 32.96584440227704, 32.96584440227704, 32.97153700189753, 32.97343453510437, 32.96774193548387, 32.963946869070206, 32.96774193548387, 32.9753320683112, 32.98292220113852, 32.98671726755218, 32.98671726755218, 32.98292220113852, 32.98102466793169, 32.979127134724855, 32.98102466793169, 32.98671726755218, 32.98861480075901, 32.98292220113852, 32.98292220113852, 32.979127134724855, 32.98292220113852, 32.979127134724855, 32.977229601518026, 32.977229601518026, 32.98671726755218, 32.98292220113852, 32.979127134724855, 32.97153700189753, 32.977229601518026, 32.9753320683112, 32.96774193548387, 32.96204933586338, 32.963946869070206, 32.96204933586338, 32.97153700189753, 32.96584440227704, 32.96204933586338, 32.9696394686907, 32.97153700189753, 32.9753320683112, 32.9753320683112, 32.97343453510436, 32.9753320683112, 32.9753320683112, 32.97153700189753, 32.97153700189753, 32.97153700189753, 32.98102466793169, 32.98102466793169]",0.9014853160940893,0.9215390758846337,33,"[33, 33, 33, 33, 33, 33, 33, 33, 33, 33, 33, 33, 33, 33, 33, 33, 33, 33, 33, 33, 33, 33, 33, 33, 33, 33, 33, 33, 33, 33, 33, 33, 33, 33, 33, 33, 33, 33, 33, 33, 33, 33, 33, 33, 33, 33, 33, 33, 33, 33, 33, 33, 33, 33, 33, 33, 33, 33, 33, 33, 33, 33, 33, 33, 33, 33, 33, 33, 33, 33, 33, 33, 33, 33, 33, 33, 33, 33, 33, 33, 33, 33, 33, 33, 33, 33, 33, 33, 33, 33, 33, 33, 33, 33, 33, 33, 33, 33, 33, 33, 33, 33, 33, 33, 33, 33, 33, 33, 33, 33, 33, 33, 33, 33, 33, 33, 33, 33, 33, 33, 33, 33, 33, 33, 33, 33, 33, 33, 33, 33, 33, 33, 33, 33, 33, 33, 33, 33, 33, 33, 33, 33, 33, 33, 33, 33, 33, 33, 33, 33, 33, 33, 33, 33, 33, 33, 33, 33, 33, 33, 33, 33, 33, 33, 33, 33, 33, 33, 33, 33, 33, 33, 33, 33, 33, 33, 33, 33, 33, 33, 33, 33, 33, 33, 33, 33, 33, 33, 33, 33, 33, 33, 33, 33, 33, 33, 33, 33, 33, 33, 33, 33, 33, 33, 33, 33, 33, 33, 33, 33, 33, 33, 33, 33, 33, 33, 33, 33, 33, 33, 33, 33, 33, 33, 33, 33, 33, 33, 33, 33, 33, 33, 33, 33, 33, 33, 33, 33, 33, 33, 33, 33, 33, 33, 33, 33, 33, 33, 33, 33, 33, 33, 33, 33, 33, 33, 33, 33, 33, 33, 33, 33, 33, 33, 33, 33, 33, 33, 33, 33, 33, 33, 33, 33, 33, 33, 33, 33, 33, 33, 33, 33, 33, 33, 33, 33, 33, 33, 33, 33, 33, 33, 33, 33, 33, 33, 33, 33, 33, 33, 33, 33, 33, 33, 33, 33, 33, 33, 33, 33, 33, 33, 33, 33, 33, 33, 33, 33, 33, 33, 33, 33, 33, 33, 33, 33, 33, 33, 33, 33, 33, 33, 33, 33, 33, 33, 33, 33, 33, 33, 33, 33, 33, 33, 33, 33, 33, 33, 33, 33, 33, 33, 33, 33, 33, 33, 33, 33, 33, 33, 33, 33, 33, 33, 33, 33, 33, 33, 33, 33, 33, 33, 33, 33, 33, 33, 33, 33, 33, 33, 33, 33, 33, 33, 33, 33, 33, 33, 33, 33, 33, 33, 33, 33, 33, 33, 33, 33, 33, 33, 33, 33, 33, 33, 33, 33, 33, 33, 33, 33, 33, 33, 33, 33, 33, 33, 33, 33, 33, 33, 33, 33, 33, 33, 33, 33, 33, 33, 33, 33]",430,"[0.3818802535533905, 0.37030521035194397, 0.3632547855377197, 0.3580431342124939, 0.35320502519607544, 0.34827277064323425, 0.34308189153671265, 0.3380086123943329, 0.3328794538974762, 0.327208012342453, 0.3214538097381592, 0.3155597746372223, 0.30925458669662476, 0.3036336898803711, 0.2981650233268738, 0.29253682494163513, 0.2863360047340393, 0.2828214168548584, 0.27685242891311646, 0.2726837694644928, 0.2684951722621918, 0.26464956998825073, 0.2615925967693329, 0.258589506149292, 0.25477132201194763, 0.2513543367385864, 0.2488722950220108, 0.24686908721923828, 0.24369119107723236, 0.24107271432876587, 0.23961538076400757, 0.23569463193416595, 0.23409482836723328, 0.2320508509874344, 0.23144401609897614, 0.2288265824317932, 0.22554419934749603, 0.22378607094287872, 0.2217687964439392, 0.2198856770992279, 0.21816807985305786, 0.21681439876556396, 0.21483774483203888, 0.21251486241817474, 0.21091364324092865, 0.20992326736450195, 0.20890066027641296, 0.20660966634750366, 0.20642893016338348, 0.2040545642375946, 0.20379455387592316, 0.20273590087890625, 0.2020660936832428, 0.20038193464279175, 0.2006615698337555, 0.1977071762084961, 0.1991310715675354, 0.19737611711025238, 0.19611646234989166, 0.1952543407678604, 0.19424378871917725, 0.19234305620193481, 0.191223606467247, 0.19155441224575043, 0.18999513983726501, 0.18896609544754028, 0.192247211933136, 0.19044575095176697, 0.18841636180877686, 0.18780873715877533, 0.18843773007392883, 0.1864505410194397, 0.1853790134191513, 0.18496331572532654, 0.18476027250289917, 0.18388110399246216, 0.18333961069583893, 0.1836475133895874, 0.18290111422538757, 0.18477195501327515, 0.18390920758247375, 0.18111945688724518, 0.18018586933612823, 0.1829204112291336, 0.18113265931606293, 0.18117432296276093, 0.18090036511421204, 0.18081405758857727, 0.18006126582622528, 0.18045951426029205, 0.17942805588245392, 0.1780693233013153, 0.17840275168418884, 0.17666557431221008, 0.17857518792152405, 0.17735223472118378, 0.1764698177576065, 0.17956697940826416, 0.17648552358150482, 0.17686940729618073, 0.17513000965118408, 0.17490100860595703, 0.1755167543888092, 0.17519226670265198, 0.17667359113693237, 0.17371107637882233, 0.17489808797836304, 0.1754673570394516, 0.17490261793136597, 0.1765541136264801, 0.17274068295955658, 0.1730085164308548, 0.17477110028266907, 0.1746424287557602, 0.17407943308353424, 0.17460475862026215, 0.17452207207679749, 0.17371568083763123, 0.17333924770355225, 0.17385995388031006, 0.17331509292125702, 0.17556673288345337, 0.1737108677625656, 0.17279279232025146, 0.1741638034582138, 0.17530818283557892, 0.17510701715946198, 0.17414738237857819, 0.17469976842403412, 0.17434179782867432, 0.1729845255613327, 0.17611239850521088, 0.17451322078704834, 0.17494022846221924, 0.17414438724517822, 0.17203634977340698, 0.1738019436597824, 0.17337296903133392, 0.1729394793510437, 0.17215165495872498, 0.17289583384990692, 0.1744045466184616, 0.17544114589691162, 0.1733511984348297, 0.17440304160118103, 0.17462752759456635, 0.1729924976825714, 0.17474162578582764, 0.17471913993358612, 0.17483589053153992, 0.1746828407049179, 0.1722465306520462, 0.17375653982162476, 0.17311729490756989, 0.17480352520942688, 0.17354053258895874, 0.17634466290473938, 0.17500923573970795, 0.1747986376285553, 0.17668397724628448, 0.17603527009487152, 0.17492403090000153, 0.1755290925502777, 0.17603136599063873, 0.1758202314376831, 0.17759209871292114, 0.1752983033657074, 0.1762756109237671, 0.17589758336544037, 0.17484083771705627, 0.1768973022699356, 0.17735230922698975, 0.1767195463180542, 0.17412063479423523, 0.17763830721378326, 0.17721599340438843, 0.17637565732002258, 0.17601743340492249, 0.1747402399778366, 0.1765366941690445, 0.1782495379447937, 0.17697788774967194, 0.18027876317501068, 0.17859190702438354, 0.1768210530281067, 0.17618629336357117, 0.1772691309452057, 0.17758741974830627, 0.17640237510204315, 0.17816783487796783, 0.17871913313865662, 0.17730678617954254, 0.1777307093143463, 0.17774854600429535, 0.18047843873500824, 0.1787695288658142, 0.17784596979618073, 0.17784781754016876, 0.17970210313796997, 0.18112385272979736, 0.1792500615119934, 0.18016156554222107, 0.18036916851997375, 0.17929838597774506, 0.17924998700618744, 0.178418830037117, 0.17920413613319397, 0.1789262592792511, 0.17947648465633392, 0.18094800412654877, 0.1830766350030899, 0.1829073131084442, 0.17950378358364105, 0.1811036318540573, 0.18237048387527466, 0.18497253954410553, 0.18560799956321716, 0.18313434720039368, 0.18223848938941956, 0.18262659013271332, 0.18308494985103607, 0.18396951258182526, 0.18482761085033417, 0.18333126604557037, 0.18485572934150696, 0.18399102985858917, 0.18471665680408478, 0.18422704935073853, 0.18429218232631683, 0.1854413002729416, 0.18810886144638062, 0.1857963502407074, 0.189272940158844, 0.1853296458721161, 0.18802577257156372, 0.1862105429172516, 0.18683511018753052, 0.19156721234321594, 0.18999087810516357, 0.18933849036693573, 0.18894053995609283, 0.18716982007026672, 0.18680448830127716, 0.18943461775779724, 0.1893148273229599, 0.1900528073310852, 0.18986110389232635, 0.19107121229171753, 0.18965528905391693, 0.19188731908798218, 0.18951860070228577, 0.19231818616390228, 0.19307084381580353, 0.193022683262825, 0.19182327389717102, 0.19461078941822052, 0.19257505238056183, 0.19298362731933594, 0.1927260011434555, 0.19424358010292053, 0.19557368755340576, 0.19679254293441772, 0.19520244002342224, 0.1956981122493744, 0.19831718504428864, 0.1985432207584381, 0.19760090112686157, 0.19899272918701172, 0.196479931473732, 0.1975269317626953, 0.19901123642921448, 0.19929470121860504, 0.20010803639888763, 0.2014819085597992, 0.20062389969825745, 0.19967536628246307, 0.20037585496902466, 0.2010088711977005, 0.2028486579656601, 0.20168602466583252, 0.20138691365718842, 0.20372842252254486, 0.20370593667030334, 0.20476999878883362, 0.2049185186624527, 0.20429018139839172, 0.2054261565208435, 0.2035416066646576, 0.206699937582016, 0.20377430319786072, 0.2068433314561844, 0.20648597180843353, 0.20833167433738708, 0.20799778401851654, 0.20751287043094635, 0.2081345170736313, 0.20858396589756012, 0.2100384682416916, 0.20920923352241516, 0.20785562694072723, 0.21096719801425934, 0.21017849445343018, 0.21123027801513672, 0.21046210825443268, 0.21090936660766602, 0.21389295160770416, 0.21312320232391357, 0.2127869427204132, 0.2138078510761261, 0.21533086895942688, 0.21422037482261658, 0.214609295129776, 0.21554170548915863, 0.2174464762210846, 0.21594516932964325, 0.2162155956029892, 0.21696756780147552, 0.21743379533290863, 0.22094160318374634, 0.2181282490491867, 0.21935120224952698, 0.22039876878261566, 0.2191128134727478, 0.22053523361682892, 0.22173482179641724, 0.22234314680099487, 0.22142450511455536, 0.22029432654380798, 0.2223556488752365, 0.22120420634746552, 0.22396759688854218, 0.22363923490047455, 0.22454717755317688, 0.22768133878707886, 0.22592246532440186, 0.22524429857730865, 0.22625087201595306, 0.22690382599830627, 0.2272133082151413, 0.22671391069889069, 0.2278139889240265, 0.2279188334941864, 0.2276003509759903, 0.23025253415107727, 0.23068198561668396, 0.23143331706523895, 0.23256418108940125, 0.23260149359703064, 0.2317875623703003, 0.23348644375801086, 0.2323690950870514, 0.2346307933330536, 0.23394212126731873, 0.23535919189453125, 0.23640546202659607, 0.23587369918823242, 0.23605000972747803, 0.23610371351242065, 0.2359153777360916, 0.23793382942676544, 0.23925970494747162, 0.2401026487350464, 0.23865535855293274, 0.23964931070804596, 0.24014677107334137, 0.2415771633386612, 0.24138253927230835, 0.2403406947851181, 0.24305668473243713, 0.2420659214258194, 0.24308256804943085, 0.24595914781093597, 0.24574165046215057, 0.24563142657279968, 0.24443396925926208, 0.24581018090248108, 0.24621082842350006, 0.2485647350549698, 0.24633489549160004, 0.24673426151275635, 0.2476925402879715, 0.24874407052993774, 0.2490401715040207, 0.2504865825176239, 0.25005042552948, 0.25181326270103455, 0.25164350867271423, 0.2516865134239197, 0.25436797738075256, 0.25179043412208557, 0.2534812390804291, 0.2542874217033386, 0.2532671093940735, 0.25441044569015503, 0.2544693946838379, 0.25589531660079956, 0.2567821145057678, 0.256343275308609, 0.2563607096672058, 0.2575228214263916, 0.2591237723827362, 0.2577257752418518, 0.25907784700393677, 0.2598739564418793, 0.26105594635009766, 0.26165664196014404, 0.26167190074920654, 0.2631942927837372, 0.2625456154346466, 0.2630078196525574, 0.26325029134750366, 0.26335442066192627, 0.2656411826610565, 0.26485657691955566, 0.26661017537117004, 0.26538291573524475, 0.26595810055732727, 0.2662121057510376, 0.2687838077545166, 0.2683793902397156, 0.26698577404022217, 0.2684299945831299, 0.2699243724346161, 0.26898470520973206, 0.2686198949813843, 0.2719116806983948, 0.27062225341796875, 0.2701855003833771, 0.2706848680973053, 0.2715228796005249]",33.0,"[33.0, 33.0, 33.0, 33.0, 33.0, 33.0, 33.0, 33.0, 33.0, 33.0, 33.0, 33.0, 33.0, 33.0, 33.0, 33.0, 33.0, 33.0, 33.0, 33.0, 33.0, 33.0, 33.0, 33.0, 33.0, 33.0, 33.0, 33.0, 33.0, 33.0, 33.0, 33.0, 33.0, 33.0, 33.0, 33.0, 33.0, 33.0, 33.0, 33.0, 33.0, 33.0, 33.0, 33.0, 33.0, 33.0, 33.0, 33.0, 33.0, 33.0, 33.0, 33.0, 33.0, 33.0, 33.0, 33.0, 33.0, 33.0, 33.0, 33.0, 33.0, 33.0, 33.0, 33.0, 33.0, 33.0, 33.0, 33.0, 33.0, 33.0, 33.0, 33.0, 33.0, 33.0, 33.0, 33.0, 33.0, 33.0, 33.0, 33.0, 33.0, 33.0, 33.0, 33.0, 33.0, 33.0, 33.0, 33.0, 33.0, 33.0, 33.0, 33.0, 33.0, 33.0, 33.0, 33