,number,value,datetime_start,datetime_complete,duration,params_batch_size_scaler,params_constant_learning_rate,params_depth,params_epochs,params_kernel_l2,params_num_trees,params_temperature,user_attrs_accuracy_test,user_attrs_accuracy_valid,user_attrs_approximate_feature_sparsity,user_attrs_approximate_feature_sparsity_history,user_attrs_approximate_weight_sparsity,user_attrs_approximate_weight_sparsity_history,user_attrs_auc_test,user_attrs_auc_valid,user_attrs_feature_sparsity,user_attrs_feature_sparsity_history,user_attrs_num_epochs,user_attrs_val_loss_history,user_attrs_weight_sparsity,user_attrs_weight_sparsity_history,state
114,114,0.9263438574796151,2024-08-31 06:14:50.817686,2024-08-31 06:21:20.118650,0 days 00:06:29.300964,4,0.1289987628104204,5,430,0.03684913980336576,16,0.07750862752558502,0.943,0.945,33,"[33, 33, 33, 33, 33, 33, 33, 33, 33, 33, 33, 33, 33, 33, 33, 33, 33, 33, 33, 33, 33, 33, 33, 33, 33, 33, 33, 33, 33, 33, 33, 33, 33, 33, 33, 33, 33, 33, 33, 33, 33, 33, 33, 33, 33, 33, 33, 33, 33, 33, 33, 33, 33, 33, 33, 33, 33, 33, 33, 33, 33, 33, 33, 33, 33, 33, 33, 33, 33, 33, 33, 33, 33, 33, 33, 33, 33, 33, 33, 33, 33, 33, 33, 33, 33, 33, 33, 33, 33, 33, 33, 33, 33, 33, 33, 33, 33, 33, 33, 33, 33, 33, 33, 33, 33, 33, 33, 33, 33, 33, 33, 33, 33, 33, 33, 33, 33, 33, 33, 33, 33, 33, 33, 33, 33, 33, 33, 33, 33, 33, 33, 33, 33, 33, 33, 33, 33, 33, 33, 33, 33, 33, 33, 33, 33, 33, 33, 33, 33, 33, 33, 33, 33, 33, 33, 33, 33, 33, 33, 33, 33, 33, 33, 33, 33, 33, 33, 33, 33, 33, 33, 33, 33, 33, 33, 33, 33, 33, 33, 33, 33, 33, 33, 33, 33, 33, 33, 33, 33, 33, 33, 33, 33, 33, 33, 33, 33, 33, 33, 33, 33, 33, 33, 33, 33, 33, 33, 33, 33, 33, 33, 33, 33, 33, 33, 33, 33, 33, 33, 33, 33, 33, 33, 33, 33, 33, 33, 33, 33, 33, 33, 33, 33, 33, 33, 33, 33, 33, 33, 33, 33, 33, 33, 33, 33, 33, 33, 33, 33, 33, 33, 33, 33, 33, 33, 33, 33, 33, 33, 33, 33, 33, 33, 33, 33, 33, 33, 33, 33, 33, 33, 33, 33, 33, 33, 33, 33, 33, 33, 33, 33, 33, 33, 33, 33, 33, 33, 33, 33, 33, 33, 33, 33, 33, 33, 33, 33, 33, 33, 33, 33, 33, 33, 33, 33, 33, 33, 33, 33, 33, 33, 33, 33, 33, 33, 33, 33, 33, 33, 33, 33, 33, 33, 33, 33, 33, 33, 33, 33, 33, 33, 33, 33, 33, 33, 33, 33, 33, 33, 33, 33, 33, 33, 33, 33, 33, 33, 33, 33, 33, 33, 33, 33, 33, 33, 33, 33, 33, 33, 33, 33, 33, 33, 33, 33, 33, 33, 33, 33, 33, 33, 33, 33, 33, 33, 33, 33, 33, 33, 33, 33, 33, 33, 33, 33, 33, 33, 33, 33, 33, 33, 33, 33, 33, 33, 33, 33, 33, 33, 33, 33, 33, 33, 33, 33, 33, 33, 33, 33, 33, 33, 33, 33, 33, 33, 33, 33, 33, 33, 33, 33, 33, 33, 33, 33, 33, 33, 33, 33, 33]",32.96774193548387,"[32.96774193548387, 32.96975806451613, 32.965725806451616, 32.965725806451616, 32.95564516129032, 32.947580645161295, 32.965725806451616, 32.965725806451616, 32.95564516129032, 32.96370967741936, 32.96370967741936, 32.975806451612904, 32.95967741935484, 32.965725806451616, 32.97379032258065, 32.957661290322584, 32.965725806451616, 32.95967741935484, 32.95967741935484, 32.96975806451613, 32.96370967741936, 32.97782258064516, 32.971774193548384, 32.96975806451613, 32.953629032258064, 32.95967741935484, 32.96774193548387, 32.949596774193544, 32.96975806451613, 32.96774193548387, 32.96975806451613, 32.961693548387096, 32.96774193548387, 32.96370967741936, 32.953629032258064, 32.953629032258064, 32.97379032258065, 32.97177419354839, 32.96370967741936, 32.957661290322584, 32.96774193548387, 32.96975806451613, 32.953629032258064, 32.95967741935484, 32.96370967741936, 32.96370967741935, 32.96370967741936, 32.94556451612903, 32.96774193548387, 32.957661290322584, 32.965725806451616, 32.95967741935484, 32.95161290322581, 32.95967741935484, 32.94959677419355, 32.95161290322581, 32.965725806451616, 32.95967741935484, 32.95564516129032, 32.953629032258064, 32.95967741935484, 32.957661290322584, 32.96370967741936, 32.943548387096776, 32.96975806451613, 32.957661290322584, 32.95967741935484, 32.96774193548387, 32.97177419354839, 32.961693548387096, 32.953629032258064, 32.965725806451616, 32.975806451612904, 32.95967741935484, 32.95967741935484, 32.957661290322584, 32.965725806451616, 32.96774193548387, 32.96370967741936, 32.953629032258064, 32.97379032258065, 32.96370967741936, 32.95967741935484, 32.96370967741936, 32.96370967741936, 32.953629032258064, 32.97177419354839, 32.97782258064516, 32.975806451612904, 32.97379032258064, 32.96975806451613, 32.95564516129032, 32.96975806451613, 32.975806451612904, 32.96975806451613, 32.96774193548387, 32.97379032258065, 32.96774193548387, 32.96975806451613, 32.96975806451613, 32.97177419354839, 32.96975806451613, 32.94959677419355, 32.95967741935484, 32.96774193548387, 32.96370967741936, 32.95967741935484, 32.96975806451613, 32.96975806451613, 32.965725806451616, 32.965725806451616, 32.95564516129032, 32.975806451612904, 32.96975806451613, 32.965725806451616, 32.96774193548387, 32.96370967741936, 32.96774193548387, 32.95967741935484, 32.957661290322584, 32.95564516129032, 32.957661290322584, 32.957661290322584, 32.957661290322584, 32.95967741935484, 32.953629032258064, 32.96774193548387, 32.961693548387096, 32.96370967741936, 32.965725806451616, 32.96370967741936, 32.95967741935484, 32.95564516129033, 32.957661290322584, 32.961693548387096, 32.96572580645161, 32.961693548387096, 32.95967741935484, 32.96370967741935, 32.961693548387096, 32.96975806451613, 32.95564516129032, 32.965725806451616, 32.95967741935484, 32.96370967741936, 32.961693548387096, 32.95967741935484, 32.95967741935484, 32.971774193548384, 32.97379032258065, 32.971774193548384, 32.95967741935484, 32.96370967741936, 32.96774193548387, 32.961693548387096, 32.961693548387096, 32.957661290322584, 32.97177419354839, 32.96774193548387, 32.96774193548387, 32.96975806451613, 32.96975806451613, 32.961693548387096, 32.96774193548387, 32.965725806451616, 32.96370967741936, 32.95967741935484, 32.96370967741936, 32.95967741935484, 32.961693548387096, 32.961693548387096, 32.95967741935484, 32.957661290322584, 32.957661290322584, 32.94959677419355, 32.953629032258064, 32.965725806451616, 32.96975806451613, 32.95967741935484, 32.971774193548384, 32.965725806451616, 32.965725806451616, 32.96370967741936, 32.96370967741936, 32.961693548387096, 32.957661290322584, 32.975806451612904, 32.965725806451616, 32.971774193548384, 32.965725806451616, 32.96975806451613, 32.95967741935484, 32.965725806451616, 32.961693548387096, 32.95967741935484, 32.95564516129032, 32.953629032258064, 32.94556451612903, 32.953629032258064, 32.95161290322581, 32.943548387096776, 32.95161290322581, 32.95161290322581, 32.961693548387096, 32.96774193548387, 32.95967741935484, 32.95967741935484, 32.95967741935484, 32.94959677419355, 32.94959677419355, 32.97379032258065, 32.96975806451613, 32.97177419354839, 32.975806451612904, 32.975806451612904, 32.975806451612904, 32.97379032258065, 32.971774193548384, 32.95967741935484, 32.965725806451616, 32.96774193548387, 32.95967741935484, 32.957661290322584, 32.95161290322581, 32.95967741935484, 32.961693548387096, 32.961693548387096, 32.95564516129033, 32.961693548387096, 32.947580645161295, 32.953629032258064, 32.957661290322584, 32.949596774193544, 32.94153225806452, 32.94758064516129, 32.95161290322581, 32.953629032258064, 32.94758064516129, 32.94153225806451, 32.939516129032256, 32.92338709677419, 32.93346774193548, 32.931451612903224, 32.939516129032256, 32.94556451612903, 32.953629032258064, 32.94959677419355, 32.953629032258064, 32.95564516129032, 32.961693548387096, 32.957661290322584, 32.957661290322584, 32.95564516129032, 32.95967741935484, 32.96370967741936, 32.96975806451613, 32.96975806451613, 32.96774193548387, 32.965725806451616, 32.96370967741936, 32.95967741935484, 32.96370967741936, 32.96774193548387, 32.96774193548387, 32.96370967741936, 32.96370967741936, 32.95967741935484, 32.957661290322584, 32.957661290322584, 32.95967741935484, 32.95564516129032, 32.953629032258064, 32.95161290322581, 32.95564516129032, 32.961693548387096, 32.95967741935484, 32.95967741935484, 32.953629032258064, 32.957661290322584, 32.94959677419355, 32.961693548387096, 32.96370967741936, 32.96975806451613, 32.957661290322584, 32.961693548387096, 32.957661290322584, 32.95161290322581, 32.947580645161295, 32.947580645161295, 32.953629032258064, 32.95161290322581, 32.95161290322581, 32.953629032258064, 32.95766129032258, 32.96370967741936, 32.95967741935484, 32.95967741935484, 32.961693548387096, 32.957661290322584, 32.961693548387096, 32.96370967741936, 32.95161290322581, 32.95161290322581, 32.94959677419355, 32.953629032258064, 32.94959677419355, 32.953629032258064, 32.95564516129033, 32.95967741935484, 32.957661290322584, 32.95564516129033, 32.953629032258064, 32.957661290322584, 32.95161290322581, 32.95161290322581, 32.953629032258064, 32.95161290322581, 32.95161290322581, 32.94959677419355, 32.947580645161295, 32.943548387096776, 32.947580645161295, 32.95564516129033, 32.96370967741936, 32.95967741935484, 32.95967741935484, 32.961693548387096, 32.96370967741936, 32.965725806451616, 32.95967741935484, 32.965725806451616, 32.961693548387096, 32.95967741935484, 32.965725806451616, 32.95564516129032, 32.947580645161295, 32.947580645161295, 32.95161290322581, 32.95161290322581, 32.95564516129032, 32.95564516129032, 32.94556451612903, 32.943548387096776, 32.943548387096776, 32.94153225806452, 32.947580645161295, 32.94959677419355, 32.953629032258064, 32.94959677419355, 32.95967741935484, 32.95161290322581, 32.953629032258064, 32.961693548387096, 32.953629032258064, 32.95564516129032, 32.95967741935484, 32.95161290322581, 32.95564516129033, 32.947580645161295, 32.947580645161295, 32.93951612903226, 32.94153225806452, 32.947580645161295, 32.94556451612903, 32.953629032258064, 32.957661290322584, 32.95564516129032, 32.95967741935484, 32.95967741935484, 32.96975806451613, 32.95564516129032, 32.94959677419355, 32.947580645161295, 32.94556451612903, 32.953629032258064, 32.957661290322584, 32.96975806451613, 32.95967741935484, 32.961693548387096, 32.95564516129033, 32.957661290322584, 32.95967741935484, 32.95161290322581, 32.961693548387096, 32.96774193548387, 32.961693548387096, 32.965725806451616, 32.96975806451613, 32.96975806451613, 32.96370967741935, 32.95564516129032, 32.957661290322584, 32.95967741935484, 32.953629032258064, 32.95564516129033, 32.95967741935484, 32.965725806451616, 32.96774193548387, 32.96774193548387, 32.971774193548384, 32.96774193548387, 32.96975806451613, 32.95967741935484, 32.96370967741936, 32.965725806451616, 32.965725806451616, 32.96975806451613, 32.97379032258065, 32.97379032258065, 32.97177419354839, 32.96975806451613, 32.96975806451613, 32.96975806451613, 32.96572580645161, 32.971774193548384, 32.95766129032258, 32.96370967741936, 32.96572580645161, 32.965725806451616, 32.95967741935484, 32.961693548387096, 32.965725806451616, 32.975806451612904, 32.975806451612904, 32.975806451612904, 32.96975806451613, 32.975806451612904, 32.975806451612904, 32.96975806451613, 32.96774193548387]",0.9168173449252388,0.9263438574796151,33,"[33, 33, 33, 33, 33, 33, 33, 33, 33, 33, 33, 33, 33, 33, 33, 33, 33, 33, 33, 33, 33, 33, 33, 33, 33, 33, 33, 33, 33, 33, 33, 33, 33, 33, 33, 33, 33, 33, 33, 33, 33, 33, 33, 33, 33, 33, 33, 33, 33, 33, 33, 33, 33, 33, 33, 33, 33, 33, 33, 33, 33, 33, 33, 33, 33, 33, 33, 33, 33, 33, 33, 33, 33, 33, 33, 33, 33, 33, 33, 33, 33, 33, 33, 33, 33, 33, 33, 33, 33, 33, 33, 33, 33, 33, 33, 33, 33, 33, 33, 33, 33, 33, 33, 33, 33, 33, 33, 33, 33, 33, 33, 33, 33, 33, 33, 33, 33, 33, 33, 33, 33, 33, 33, 33, 33, 33, 33, 33, 33, 33, 33, 33, 33, 33, 33, 33, 33, 33, 33, 33, 33, 33, 33, 33, 33, 33, 33, 33, 33, 33, 33, 33, 33, 33, 33, 33, 33, 33, 33, 33, 33, 33, 33, 33, 33, 33, 33, 33, 33, 33, 33, 33, 33, 33, 33, 33, 33, 33, 33, 33, 33, 33, 33, 33, 33, 33, 33, 33, 33, 33, 33, 33, 33, 33, 33, 33, 33, 33, 33, 33, 33, 33, 33, 33, 33, 33, 33, 33, 33, 33, 33, 33, 33, 33, 33, 33, 33, 33, 33, 33, 33, 33, 33, 33, 33, 33, 33, 33, 33, 33, 33, 33, 33, 33, 33, 33, 33, 33, 33, 33, 33, 33, 33, 33, 33, 33, 33, 33, 33, 33, 33, 33, 33, 33, 33, 33, 33, 33, 33, 33, 33, 33, 33, 33, 33, 33, 33, 33, 33, 33, 33, 33, 33, 33, 33, 33, 33, 33, 33, 33, 33, 33, 33, 33, 33, 33, 33, 33, 33, 33, 33, 33, 33, 33, 33, 33, 33, 33, 33, 33, 33, 33, 33, 33, 33, 33, 33, 33, 33, 33, 33, 33, 33, 33, 33, 33, 33, 33, 33, 33, 33, 33, 33, 33, 33, 33, 33, 33, 33, 33, 33, 33, 33, 33, 33, 33, 33, 33, 33, 33, 33, 33, 33, 33, 33, 33, 33, 33, 33, 33, 33, 33, 33, 33, 33, 33, 33, 33, 33, 33, 33, 33, 33, 33, 33, 33, 33, 33, 33, 33, 33, 33, 33, 33, 33, 33, 33, 33, 33, 33, 33, 33, 33, 33, 33, 33, 33, 33, 33, 33, 33, 33, 33, 33, 33, 33, 33, 33, 33, 33, 33, 33, 33, 33, 33, 33, 33, 33, 33, 33, 33, 33, 33, 33, 33, 33, 33, 33, 33, 33, 33, 33, 33, 33, 33, 33, 33, 33, 33, 33]",430,"[0.40288397669792175, 0.3898322582244873, 0.3830544352531433, 0.3784043490886688, 0.3746291399002075, 0.37169620394706726, 0.3690029978752136, 0.3664812445640564, 0.364201158285141, 0.3618042469024658, 0.35975223779678345, 0.3575044870376587, 0.3553382158279419, 0.3532426953315735, 0.35104119777679443, 0.34852874279022217, 0.3461885154247284, 0.34397345781326294, 0.34157562255859375, 0.33901846408843994, 0.33633604645729065, 0.333918958902359, 0.3313361704349518, 0.32892319560050964, 0.32618170976638794, 0.3232954740524292, 0.32064110040664673, 0.31795230507850647, 0.31515464186668396, 0.31257760524749756, 0.310003399848938, 0.3074991703033447, 0.3049013018608093, 0.30247166752815247, 0.29981738328933716, 0.2977604568004608, 0.2955455183982849, 0.2932218611240387, 0.2912420928478241, 0.28920266032218933, 0.28714215755462646, 0.28525611758232117, 0.2836964726448059, 0.2819640338420868, 0.2804265320301056, 0.2788454592227936, 0.27724969387054443, 0.2756939232349396, 0.274191677570343, 0.27268466353416443, 0.27149033546447754, 0.27024033665657043, 0.2687160074710846, 0.2673726975917816, 0.26611220836639404, 0.26468199491500854, 0.2637229263782501, 0.2623225748538971, 0.2608599066734314, 0.25995752215385437, 0.25852251052856445, 0.25739556550979614, 0.2560923397541046, 0.2549138367176056, 0.25391829013824463, 0.2525436580181122, 0.25143805146217346, 0.25040483474731445, 0.2494584321975708, 0.248102068901062, 0.2470770627260208, 0.24594618380069733, 0.24472542107105255, 0.24375715851783752, 0.24276888370513916, 0.24202175438404083, 0.24069112539291382, 0.23938530683517456, 0.23826450109481812, 0.237496018409729, 0.23636645078659058, 0.23522807657718658, 0.23442453145980835, 0.2334013730287552, 0.23246288299560547, 0.23193246126174927, 0.23121950030326843, 0.2299090027809143, 0.22923491895198822, 0.22847752273082733, 0.22820168733596802, 0.22685447335243225, 0.22584982216358185, 0.22470732033252716, 0.2238660305738449, 0.22296558320522308, 0.22229383885860443, 0.2214203029870987, 0.22097834944725037, 0.2200452983379364, 0.2192942053079605, 0.21832375228405, 0.21784564852714539, 0.21708068251609802, 0.21606862545013428, 0.21542079746723175, 0.21488134562969208, 0.2145087867975235, 0.21441243588924408, 0.21314670145511627, 0.21250712871551514, 0.21209169924259186, 0.21188826858997345, 0.21153953671455383, 0.2112184315919876, 0.2102428674697876, 0.21044832468032837, 0.20957118272781372, 0.20903608202934265, 0.20866848528385162, 0.20811286568641663, 0.20823132991790771, 0.2075388878583908, 0.20716246962547302, 0.20695041120052338, 0.20634686946868896, 0.2055736780166626, 0.20546115934848785, 0.20478811860084534, 0.2047375738620758, 0.2044583261013031, 0.20315665006637573, 0.20339389145374298, 0.20373764634132385, 0.20287896692752838, 0.20279954373836517, 0.20229128003120422, 0.20283269882202148, 0.20235171914100647, 0.20145238935947418, 0.20142576098442078, 0.20073038339614868, 0.20093698799610138, 0.2009567767381668, 0.2001546323299408, 0.19948166608810425, 0.20027250051498413, 0.19932596385478973, 0.19933681190013885, 0.19907823204994202, 0.1987035721540451, 0.19830511510372162, 0.19747081398963928, 0.19830846786499023, 0.19751666486263275, 0.19758236408233643, 0.19706255197525024, 0.19723106920719147, 0.19719864428043365, 0.19711925089359283, 0.19758741557598114, 0.1970815509557724, 0.19697198271751404, 0.19680410623550415, 0.19682453572750092, 0.19590230286121368, 0.19615425169467926, 0.1955212950706482, 0.1953863650560379, 0.19557659327983856, 0.19504304230213165, 0.19471821188926697, 0.19470283389091492, 0.19377928972244263, 0.19446326792240143, 0.19440235197544098, 0.19474254548549652, 0.19475792348384857, 0.19451208412647247, 0.19422757625579834, 0.1938915252685547, 0.19325575232505798, 0.19357234239578247, 0.19320163130760193, 0.19286665320396423, 0.19337080419063568, 0.19372887909412384, 0.19348403811454773, 0.19347524642944336, 0.1925116926431656, 0.19240224361419678, 0.19215044379234314, 0.19286851584911346, 0.19198669493198395, 0.1930934190750122, 0.19219854474067688, 0.19115465879440308, 0.1923484206199646, 0.19184112548828125, 0.19218479096889496, 0.1926272064447403, 0.19229397177696228, 0.19212506711483002, 0.1910700649023056, 0.19202379882335663, 0.1916992962360382, 0.1908119171857834, 0.1910867691040039, 0.1913841962814331, 0.19122391939163208, 0.19094707071781158, 0.19000448286533356, 0.19036921858787537, 0.19081445038318634, 0.19091090559959412, 0.1905340701341629, 0.19140790402889252, 0.19107496738433838, 0.1906195431947708, 0.19127659499645233, 0.1899980902671814, 0.19097483158111572, 0.1908116489648819, 0.18983060121536255, 0.190527081489563, 0.19008028507232666, 0.19040733575820923, 0.19089442491531372, 0.1905285120010376, 0.19004637002944946, 0.19062697887420654, 0.18985332548618317, 0.18937796354293823, 0.19011445343494415, 0.1902189403772354, 0.19000807404518127, 0.19035892188549042, 0.19028989970684052, 0.18931245803833008, 0.1898145079612732, 0.18910934031009674, 0.18906457722187042, 0.19006572663784027, 0.18966607749462128, 0.19008420407772064, 0.19048985838890076, 0.18906867504119873, 0.19049979746341705, 0.18978004157543182, 0.19026504456996918, 0.1891767382621765, 0.18962430953979492, 0.1903858184814453, 0.18946455419063568, 0.18898586928844452, 0.18938106298446655, 0.18985864520072937, 0.18923085927963257, 0.1894140988588333, 0.1886911541223526, 0.18833589553833008, 0.1882220208644867, 0.18883788585662842, 0.1894363909959793, 0.18924829363822937, 0.18860942125320435, 0.1889399141073227, 0.1884649693965912, 0.18943950533866882, 0.19015859067440033, 0.18873250484466553, 0.1885242611169815, 0.1889011263847351, 0.18861690163612366, 0.18890410661697388, 0.19013842940330505, 0.1880280077457428, 0.18893267214298248, 0.18950209021568298, 0.18952098488807678, 0.18868577480316162, 0.18902119994163513, 0.18966299295425415, 0.18960900604724884, 0.1893928349018097, 0.18915119767189026, 0.18934917449951172, 0.18918423354625702, 0.18973562121391296, 0.18875113129615784, 0.18870744109153748, 0.18905538320541382, 0.1885349452495575, 0.18839393556118011, 0.18857760727405548, 0.18769168853759766, 0.18797098100185394, 0.18837326765060425, 0.18909290432929993, 0.18883375823497772, 0.1893913596868515, 0.18963328003883362, 0.1909123957157135, 0.19041523337364197, 0.18956908583641052, 0.1894962340593338, 0.18860891461372375, 0.18957562744617462, 0.19028924405574799, 0.18946069478988647, 0.18888752162456512, 0.1889299750328064, 0.18924850225448608, 0.18904487788677216, 0.18858516216278076, 0.18854862451553345, 0.1899205595254898, 0.18928366899490356, 0.18981462717056274, 0.19043098390102386, 0.19145071506500244, 0.18918351829051971, 0.1895180195569992, 0.18979540467262268, 0.19023126363754272, 0.1903078854084015, 0.18974249064922333, 0.1894380748271942, 0.19015412032604218, 0.1894616335630417, 0.18916761875152588, 0.1905968338251114, 0.18976908922195435, 0.19038520753383636, 0.19141347706317902, 0.1904774308204651, 0.19027122855186462, 0.18984782695770264, 0.1899588257074356, 0.19029197096824646, 0.1896762102842331, 0.18966680765151978, 0.18964391946792603, 0.19109699130058289, 0.19064609706401825, 0.19047628343105316, 0.1903628706932068, 0.19110609591007233, 0.19013695418834686, 0.1910950243473053, 0.19015489518642426, 0.18963570892810822, 0.19006648659706116, 0.19173942506313324, 0.19178426265716553, 0.19094115495681763, 0.1921807825565338, 0.19030122458934784, 0.19071905314922333, 0.19099630415439606, 0.1917237639427185, 0.19143253564834595, 0.1909182369709015, 0.19169151782989502, 0.1919977068901062, 0.19238406419754028, 0.19143277406692505, 0.19179250299930573, 0.191545307636261, 0.19155392050743103, 0.19260889291763306, 0.19225195050239563, 0.19267326593399048, 0.19233816862106323, 0.19247518479824066, 0.19173361361026764, 0.1918557733297348, 0.19216841459274292, 0.19187015295028687, 0.19233083724975586, 0.19182135164737701, 0.19244323670864105, 0.19265642762184143, 0.1923496574163437, 0.19234596192836761, 0.19425998628139496, 0.1925412118434906, 0.19144119322299957, 0.19251544773578644, 0.19182802736759186, 0.19209671020507812, 0.1933896392583847, 0.19335290789604187, 0.19374869763851166, 0.19248425960540771, 0.19243210554122925, 0.19289302825927734, 0.19248054921627045, 0.19372887909412384, 0.19413074851036072, 0.1933785080909729, 0.19272863864898682, 0.19269375503063202, 0.19385452568531036, 0.19361265003681183, 0.19376032054424286, 0.19410227239131927, 0.19480842351913452, 0.19435134530067444, 0.19407129287719727, 0.19319824874401093, 0.19267722964286804, 0.194097638130188, 0.1929713487625122, 0.19321675598621368, 0.1939711719751358, 0.19269411265850067, 0.19437764585018158, 0.19379165768623352, 0.19400794804096222, 0.19530317187309265, 0.19397076964378357, 0.19387638568878174, 0.19422392547130585, 0.19599227607250214, 0.1945236623287201, 0.19509567320346832, 0.19525682926177979, 0.19444409012794495, 0.19530171155929565]",33.0,"[33.0, 33.0, 33.0, 33.0, 33.0, 33.0, 33.0, 33.0, 33.0, 33.0, 33.0, 33.0, 33.0, 33.0, 33.0, 33.0, 33.0, 33.0, 33.0, 33.0, 33.0, 33.0, 33.0, 33.0, 33.0, 33.0, 33.0, 33.0, 33.0, 33.0, 33.0, 33.0, 33.0, 33.0, 33.0, 33.0, 33.0, 33.0, 33.0, 33.0, 33.0, 33.0, 33.0, 33.0, 33.0, 33.0, 33.0, 33.0, 33.0, 33.0, 33.0, 33.0, 33.0, 33.0, 33.0, 33.0, 33.0, 33.0, 33.0, 33.0, 33.0, 33.0, 33.0, 33.0, 33.0, 33.0, 33.0, 33.0, 33.