,number,value,datetime_start,datetime_complete,duration,params_batch_size_scaler,params_constant_learning_rate,params_depth,params_epochs,params_kernel_l2,params_num_trees,params_temperature,user_attrs_accuracy_test,user_attrs_accuracy_valid,user_attrs_approximate_feature_sparsity,user_attrs_approximate_feature_sparsity_history,user_attrs_approximate_weight_sparsity,user_attrs_approximate_weight_sparsity_history,user_attrs_auc_test,user_attrs_auc_valid,user_attrs_feature_sparsity,user_attrs_feature_sparsity_history,user_attrs_num_epochs,user_attrs_val_loss_history,user_attrs_weight_sparsity,user_attrs_weight_sparsity_history,state
148,148,0.9243343509680411,2024-08-31 07:45:14.386960,2024-08-31 07:46:08.075130,0 days 00:00:53.688170,16,0.24439079114209084,4,315,0.07664892478227846,67,0.001591858255278499,0.938,0.945,32,"[33, 33, 33, 33, 33, 33, 33, 33, 33, 33, 33, 33, 33, 33, 33, 33, 33, 33, 33, 33, 33, 33, 33, 33, 33, 33, 33, 33, 33, 33, 33, 33, 33, 33, 33, 33, 33, 33, 33, 33, 33, 33, 33, 33, 33, 33, 33, 33, 33, 33, 33, 33, 33, 33, 33, 33, 33, 33, 33, 33, 33, 33, 33, 33, 33, 33, 33, 33, 33, 33, 33, 33, 33, 33, 33, 33, 33, 33, 33, 33, 33, 33, 33, 33, 33, 33, 33, 33, 33, 33, 33, 33, 33, 33, 33, 33, 33, 33, 33, 33, 33, 33, 33, 33, 33, 33, 33, 33, 33, 33, 33, 33, 33, 33, 33, 33, 33, 33, 33, 33, 33, 33, 33, 33, 33, 33, 33, 33, 33, 33, 33, 33, 33, 33, 33, 33, 33, 33, 33, 33, 33, 33, 33, 33, 33, 33, 33, 33, 33, 33, 33, 33, 33, 33, 33, 33, 33, 33, 33, 33, 33, 33, 33, 33, 33, 33, 33, 33, 33, 33, 33, 33, 33, 33, 33, 33, 33, 33, 33, 33, 33, 33, 33, 33, 33, 33, 33, 33, 33, 33, 33, 33, 33, 33, 33, 33, 33, 33, 33, 33, 33, 33, 33, 33, 33, 33, 33, 33, 33, 33, 33, 33, 33, 33, 33, 33, 33, 33, 33, 33, 33, 33, 33, 33, 33, 33, 33, 33, 33, 33, 33, 33, 33, 33, 33, 33, 33, 33, 33, 33, 33, 33, 33, 33, 33, 33, 33, 33, 33, 33, 33, 33, 33, 33, 33, 33, 33, 33, 33, 33, 33, 33, 33, 33, 33, 33, 33, 33, 33, 33, 33, 33, 33, 33, 33, 33, 33, 33, 33, 33, 33, 33, 33, 32, 32, 32, 32, 32, 32, 32, 32, 32, 32, 32, 32, 32, 32, 32, 32, 32, 32, 32, 32, 32, 32, 32, 32, 32, 32, 32, 32, 32, 32, 32, 32]",31.950248756218905,"[32.95522388059702, 32.95323383084577, 32.94825870646766, 32.92338308457712, 32.952238805970154, 32.950248756218905, 32.95820895522388, 32.95522388059702, 32.95522388059702, 32.95621890547264, 32.953233830845775, 32.950248756218905, 32.950248756218905, 32.94626865671642, 32.951243781094526, 32.95820895522388, 32.96517412935324, 32.9592039800995, 32.960199004975124, 32.95124378109453, 32.95522388059702, 32.95621890547264, 32.95522388059702, 32.96318407960199, 32.9592039800995, 32.960199004975124, 32.96517412935323, 32.95621890547264, 32.94925373134328, 32.95522388059702, 32.951243781094526, 32.94228855721393, 32.94427860696517, 32.953233830845775, 32.94626865671642, 32.94427860696518, 32.939303482587064, 32.950248756218905, 32.94626865671641, 32.93731343283582, 32.93830845771144, 32.94228855721393, 32.9363184079602, 32.94726368159204, 32.93532338308458, 32.93233830845771, 32.93532338308457, 32.940298507462686, 32.94626865671642, 32.94328358208955, 32.95621890547264, 32.953233830845775, 32.95223880597015, 32.96616915422886, 32.961194029850745, 32.96616915422886, 32.9681592039801, 32.96716417910448, 32.95721393034826, 32.960199004975124, 32.95323383084577, 32.95721393034826, 32.952238805970154, 32.961194029850745, 32.961194029850745, 32.960199004975124, 32.9542288557214, 32.95621890547264, 32.95721393034826, 32.95323383084577, 32.950248756218905, 32.95721393034826, 32.951243781094526, 32.95024875621891, 32.94825870646766, 32.95223880597015, 32.95422885572139, 32.961194029850745, 32.953233830845775, 32.95223880597015, 32.95522388059702, 32.9592039800995, 32.961194029850745, 32.960199004975124, 32.95522388059702, 32.9592039800995, 32.960199004975124, 32.9592039800995, 32.9542288557214, 32.95621890547264, 32.94925373134328, 32.950248756218905, 32.953233830845775, 32.94825870646766, 32.94825870646766, 32.95124378109453, 32.95820895522388, 32.963184079601994, 32.95323383084577, 32.94825870646766, 32.95124378109453, 32.95323383084577, 32.94626865671642, 32.94925373134328, 32.95522388059702, 32.94626865671642, 32.94825870646766, 32.94427860696517, 32.94626865671642, 32.94825870646766, 32.9542288557214, 32.950248756218905, 32.95721393034826, 32.95422885572139, 32.95721393034826, 32.960199004975124, 32.950248756218905, 32.95522388059702, 32.95820895522388, 32.96616915422885, 32.95621890547264, 32.951243781094526, 32.95522388059702, 32.94925373134328, 32.94925373134328, 32.9452736318408, 32.93432835820896, 32.94328358208955, 32.94427860696518, 32.94726368159204, 32.94925373134328, 32.94626865671641, 32.951243781094526, 32.95621890547264, 32.95522388059701, 32.96716417910448, 32.95422885572139, 32.94825870646766, 32.96417910447761, 32.95621890547264, 32.94925373134328, 32.953233830845775, 32.950248756218905, 32.9592039800995, 32.950248756218905, 32.9592039800995, 32.953233830845775, 32.94825870646766, 32.94925373134328, 32.94726368159204, 32.95223880597015, 32.951243781094526, 32.95820895522388, 32.962189054726366, 32.9681592039801, 32.962189054726366, 32.95522388059702, 32.95621890547264, 32.95721393034826, 32.95522388059702, 32.95721393034826, 32.95721393034826, 32.96318407960199, 32.95223880597015, 32.95621890547264, 32.95621890547264, 32.9452736318408, 32.95422885572139, 32.953233830845775, 32.9452736318408, 32.950248756218905, 32.951243781094526, 32.94726368159204, 32.94228855721393, 32.952238805970154, 32.943283582089556, 32.951243781094526, 32.95522388059702, 32.962189054726366, 32.96517412935324, 32.962189054726366, 32.961194029850745, 32.95522388059702, 32.95522388059702, 32.95223880597015, 32.94328358208955, 32.94427860696518, 32.94825870646766, 32.95223880597015, 32.94825870646766, 32.94925373134328, 32.95522388059702, 32.962189054726366, 32.962189054726366, 32.95323383084577, 32.951243781094526, 32.95820895522388, 32.95522388059702, 32.95721393034826, 32.95323383084577, 32.952238805970154, 32.95422885572139, 32.94925373134328, 32.9542288557214, 32.9542288557214, 32.95422885572139, 32.950248756218905, 32.94825870646766, 32.95124378109453, 32.95223880597015, 32.94328358208955, 32.94626865671642, 32.951243781094526, 32.94825870646766, 32.94825870646766, 32.950248756218905, 32.951243781094526, 32.9542288557214, 32.9542288557214, 32.94726368159204, 32.95820895522388, 32.94825870646766, 32.95124378109453, 32.95522388059702, 32.951243781094526, 32.950248756218905, 32.94925373134328, 32.94726368159204, 32.94626865671642, 32.93830845771144, 32.93731343283582, 32.94925373134328, 32.94825870646766, 32.9452736318408, 32.94427860696518, 32.94726368159204, 32.940298507462686, 32.94626865671642, 32.94726368159204, 32.94726368159204, 32.94527363184079, 32.93830845771144, 32.94726368159204, 32.94925373134328, 32.95820895522388, 32.960199004975124, 32.95721393034826, 32.94925373134328, 32.953233830845775, 32.95820895522388, 32.960199004975124, 32.95522388059702, 32.95621890547264, 32.95721393034826, 32.95621890547264, 32.950248756218905, 32.952238805970154, 32.95522388059702, 32.95323383084577, 32.95621890547264, 32.9592039800995, 32.95522388059702, 32.95522388059702, 32.95522388059702, 32.95621890547264, 32.950248756218905, 32.951243781094526, 32.9542288557214, 32.952238805970154, 32.94427860696517, 32.94228855721393, 32.94527363184079, 32.94129353233831, 32.939303482587064, 32.939303482587064, 32.940298507462686, 32.94129353233831, 32.94527363184079, 32.950248756218905, 32.950248756218905, 32.95522388059702, 32.9542288557214, 32.94925373134328, 31.95820895522388, 31.952238805970147, 31.954228855721396, 31.94726368159204, 31.952238805970147, 31.9452736318408, 31.943283582089556, 31.95323383084577, 31.954228855721393, 31.95621890547264, 31.959203980099502, 31.960199004975124, 31.96318407960199, 31.95820895522388, 31.964179104477612, 31.961194029850745, 31.961194029850745, 31.953233830845768, 31.955223880597014, 31.950248756218905, 31.96218905472637, 31.961194029850745, 31.960199004975124, 31.96915422885572, 31.96318407960199, 31.962189054726366, 31.966169154228854, 31.965174129353233, 31.96318407960199, 31.955223880597018, 31.960199004975124, 31.950248756218905]",0.9110709302421585,0.9243343509680411,32,"[33, 33, 33, 33, 33, 33, 33, 33, 33, 33, 33, 33, 33, 33, 33, 33, 33, 33, 33, 33, 33, 33, 33, 33, 33, 33, 33, 33, 33, 33, 33, 33, 33, 33, 33, 33, 33, 33, 33, 33, 33, 33, 33, 33, 33, 33, 33, 33, 33, 33, 33, 33, 33, 33, 33, 33, 33, 33, 33, 33, 33, 33, 33, 33, 33, 33, 33, 33, 33, 33, 33, 33, 33, 33, 33, 33, 33, 33, 33, 33, 33, 33, 33, 33, 33, 33, 33, 33, 33, 33, 33, 33, 33, 33, 33, 33, 33, 33, 33, 33, 33, 33, 33, 33, 33, 33, 33, 33, 33, 33, 33, 33, 33, 33, 33, 33, 33, 33, 33, 33, 33, 33, 33, 33, 33, 33, 33, 33, 33, 33, 33, 33, 33, 33, 33, 33, 33, 33, 33, 33, 33, 33, 33, 33, 33, 33, 33, 33, 33, 33, 33, 33, 33, 33, 33, 33, 33, 33, 33, 33, 33, 33, 33, 33, 33, 33, 33, 33, 33, 33, 33, 33, 33, 33, 33, 33, 33, 33, 33, 33, 33, 33, 33, 33, 33, 33, 33, 33, 33, 33, 33, 33, 33, 33, 33, 33, 33, 33, 33, 33, 33, 33, 33, 33, 33, 33, 33, 33, 33, 33, 33, 33, 33, 33, 33, 33, 33, 33, 33, 33, 33, 33, 33, 33, 33, 33, 33, 33, 33, 33, 33, 33, 33, 33, 33, 33, 33, 33, 33, 33, 33, 33, 33, 33, 33, 33, 33, 33, 33, 33, 33, 33, 33, 33, 33, 33, 33, 33, 33, 33, 33, 33, 33, 33, 33, 33, 33, 33, 33, 33, 33, 33, 33, 33, 33, 33, 33, 33, 33, 33, 33, 33, 33, 32, 32, 32, 32, 32, 32, 32, 32, 32, 32, 32, 32, 32, 32, 32, 32, 32, 32, 32, 32, 32, 32, 32, 32, 32, 32, 32, 32, 32, 32, 32, 32]",315,"[0.4028210937976837, 0.39481881260871887, 0.38916102051734924, 0.38578590750694275, 0.3823021948337555, 0.3789058327674866, 0.3768029510974884, 0.37510889768600464, 0.37335681915283203, 0.37211593985557556, 0.3705369532108307, 0.3693873882293701, 0.3679811954498291, 0.366623193025589, 0.36535435914993286, 0.36496609449386597, 0.3631173372268677, 0.36206433176994324, 0.360904335975647, 0.3610684871673584, 0.3600178062915802, 0.357798308134079, 0.3572913408279419, 0.357267290353775, 0.3547370433807373, 0.3536980450153351, 0.3530573546886444, 0.35177528858184814, 0.3508032560348511, 0.34988316893577576, 0.34965014457702637, 0.34799325466156006, 0.34685125946998596, 0.34604889154434204, 0.3448866009712219, 0.3436938226222992, 0.3428550660610199, 0.34195658564567566, 0.34076380729675293, 0.3399311304092407, 0.33911141753196716, 0.33818790316581726, 0.3375568389892578, 0.3390827178955078, 0.33558928966522217, 0.3348664343357086, 0.33397284150123596, 0.33286353945732117, 0.33222126960754395, 0.33170172572135925, 0.33022406697273254, 0.3293627202510834, 0.328609824180603, 0.3275870084762573, 0.32656678557395935, 0.3256699740886688, 0.32469531893730164, 0.32372012734413147, 0.3233414888381958, 0.32381927967071533, 0.32153046131134033, 0.32026222348213196, 0.31942644715309143, 0.3175884187221527, 0.31645601987838745, 0.3173173666000366, 0.314693421125412, 0.31349602341651917, 0.3123840391635895, 0.3125089704990387, 0.3108886480331421, 0.3102220892906189, 0.3081766366958618, 0.3070829510688782, 0.30654066801071167, 0.3060792088508606, 0.3044591248035431, 0.3030320405960083, 0.3011743128299713, 0.29974812269210815, 0.29848235845565796, 0.29742276668548584, 0.29592034220695496, 0.29636862874031067, 0.29389476776123047, 0.29492756724357605, 0.29213932156562805, 0.289646714925766, 0.2885303497314453, 0.2875742018222809, 0.2862834632396698, 0.2852163314819336, 0.2838851511478424, 0.28272199630737305, 0.2814566195011139, 0.2807062268257141, 0.2793382406234741, 0.27836135029792786, 0.2785268723964691, 0.27571332454681396, 0.2753376066684723, 0.27448374032974243, 0.2733030617237091, 0.2725831866264343, 0.27126598358154297, 0.2702176570892334, 0.26921290159225464, 0.2684953808784485, 0.26765209436416626, 0.2666682004928589, 0.2670741379261017, 0.2651906907558441, 0.26472875475883484, 0.2639557719230652, 0.2632471024990082, 0.26246190071105957, 0.2618395984172821, 0.2613561749458313, 0.26049181818962097, 0.2599470615386963, 0.26001787185668945, 0.2590240240097046, 0.2584380805492401, 0.25781282782554626, 0.25809749960899353, 0.25651806592941284, 0.2561770975589752, 0.25547078251838684, 0.25557243824005127, 0.2543875575065613, 0.25417986512184143, 0.2530684769153595, 0.25332602858543396, 0.2526189088821411, 0.25247108936309814, 0.25145936012268066, 0.2523813843727112, 0.2519308924674988, 0.2501586675643921, 0.24968507885932922, 0.24929127097129822, 0.24840891361236572, 0.24946056306362152, 0.24767282605171204, 0.2474527209997177, 0.24705615639686584, 0.24653181433677673, 0.24581971764564514, 0.24631644785404205, 0.24508945643901825, 0.24476465582847595, 0.24436230957508087, 0.24347396194934845, 0.24432474374771118, 0.2428232729434967, 0.24209341406822205, 0.2422274351119995, 0.24156992137432098, 0.24104614555835724, 0.24052639305591583, 0.24028673768043518, 0.24045734107494354, 0.23985616862773895, 0.23993955552577972, 0.23968392610549927, 0.23883600533008575, 0.2378707081079483, 0.23792287707328796, 0.2368897795677185, 0.23658064007759094, 0.23650693893432617, 0.23615188896656036, 0.23625189065933228, 0.2372719943523407, 0.23599949479103088, 0.23433023691177368, 0.2343982756137848, 0.2336311936378479, 0.23401819169521332, 0.23379307985305786, 0.2329503446817398, 0.23250970244407654, 0.23234735429286957, 0.2319938838481903, 0.23259790241718292, 0.23175926506519318, 0.23102711141109467, 0.2305821180343628, 0.2308206558227539, 0.23072990775108337, 0.23039652407169342, 0.2288825809955597, 0.22842489182949066, 0.2281036376953125, 0.22811537981033325, 0.22770956158638, 0.22769074141979218, 0.22725063562393188, 0.22910085320472717, 0.22667589783668518, 0.22565792500972748, 0.22536249458789825, 0.2252001166343689, 0.2250712364912033, 0.22508996725082397, 0.2248997837305069, 0.2245498150587082, 0.2234647572040558, 0.22391851246356964, 0.22277510166168213, 0.22308868169784546, 0.22309711575508118, 0.22287844121456146, 0.2223040908575058, 0.22244998812675476, 0.2215292602777481, 0.22204045951366425, 0.22113603353500366, 0.2206876128911972, 0.22135324776172638, 0.22022852301597595, 0.21928733587265015, 0.2192089706659317, 0.21976445615291595, 0.21832139790058136, 0.21848651766777039, 0.21828311681747437, 0.219841867685318, 0.21881534159183502, 0.21742162108421326, 0.2172929346561432, 0.2187538892030716, 0.21717162430286407, 0.21755115687847137, 0.2159973382949829, 0.21587561070919037, 0.2162085473537445, 0.21697308123111725, 0.21498113870620728, 0.21523791551589966, 0.21415719389915466, 0.21632333099842072, 0.21412363648414612, 0.21399320662021637, 0.21412736177444458, 0.21232640743255615, 0.21281637251377106, 0.21270981431007385, 0.2126283049583435, 0.21316543221473694, 0.2124093770980835, 0.21266351640224457, 0.21167835593223572, 0.21123307943344116, 0.21143795549869537, 0.21146467328071594, 0.21078088879585266, 0.20997315645217896, 0.21097919344902039, 0.21008619666099548, 0.21029968559741974, 0.21156688034534454, 0.2099175602197647, 0.20921489596366882, 0.20895038545131683, 0.21056747436523438, 0.20958682894706726, 0.2098122239112854, 0.21094514429569244, 0.21048593521118164, 0.20910632610321045, 0.2082212269306183, 0.2092566341161728, 0.20869207382202148, 0.2074921429157257, 0.2081785351037979, 0.20813821256160736, 0.20765972137451172, 0.2065020501613617, 0.2063295692205429, 0.20608574151992798, 0.20657585561275482, 0.206270232796669, 0.2063448131084442, 0.20692287385463715, 0.20623058080673218, 0.20752564072608948, 0.20612755417823792, 0.2057783305644989, 0.20528452098369598, 0.20623977482318878, 0.2064022421836853, 0.20602941513061523, 0.20454055070877075, 0.2060021162033081, 0.20630748569965363, 0.20546796917915344, 0.20465020835399628, 0.2049192637205124, 0.2057608962059021, 0.20456747710704803, 0.20391827821731567, 0.20543736219406128, 0.20502418279647827, 0.20343393087387085, 0.20493118464946747, 0.2038305103778839, 0.2041890174150467, 0.2027280479669571, 0.20337888598442078, 0.20276126265525818, 0.2033708691596985, 0.20267826318740845, 0.20246437191963196, 0.20252083241939545]",32.0,"[33.0, 33.0, 33.0, 33.0, 33.0, 33.0, 33.0, 33.0, 33.0, 33.0, 33.0, 33.0, 33.0, 33.0, 33.0, 33.0, 33.0, 33.0, 33.0, 33.0, 33.0, 33.0, 33.0, 33.0, 33.0, 33.0, 33.0, 33.0, 33.0, 33.0, 33.0, 33.0, 33.0, 33.0, 33.0, 33.0, 33.0, 33.0, 33.0, 33.0, 33.0, 33.0, 33.0, 33.0, 33.0, 33.0, 33.0, 33.0, 33.0, 33.0, 33.0, 33.0, 33.0, 33.0, 33.0, 33.0, 33.0, 33.0, 33.0, 33.0, 33.0, 33.0, 33.0, 33.0, 33.0, 33.0, 33.0, 33.0, 33.0, 33.0, 33.0, 33.0, 33.0, 33.0, 33.0, 33.0, 33.0, 33.0, 33.0, 33.0, 33.0, 33.0, 33.0, 33.0, 33.0, 33.0, 33.0, 33.0, 33.0, 33.0, 33.0, 33.0, 33.0, 33.0, 33.0, 33.0, 33.0, 33.0, 33.0, 33.0, 33.0, 33.0, 33.0, 33.0, 33.0, 33.0, 33.0, 33.0, 33.0, 33.0, 33.0, 33.0, 33.0, 33.0, 33.0, 33.0, 33.0, 33.0, 33.0, 33.0, 33.0, 33.0, 33.0, 33.0, 33.0, 33.0, 33.0, 33.0, 33.0, 33.0, 33.0, 33.0, 33.0, 33.0, 33.0, 33.0, 33.0, 33.0, 33.0, 33.0, 33.0, 33.0, 33.0, 33.0, 33.0, 33.0, 33.0, 33.0, 33.0, 33.0, 33.0, 33.0, 33.0, 33.0, 33.0, 33.0, 33.0, 33.0, 33.0, 33.0, 33.0, 33.0, 33.0, 33.0, 33.0, 33.0, 33.0, 33.0, 33.0, 33.0, 33.0, 33.0, 33.0, 33.0, 33.0, 33.0, 33.0, 33.0, 33.0, 33.0, 33.0, 33.0, 33.0, 33.0, 33.0, 33.0, 33.0, 33.0, 33.0, 33.0, 33.0, 33.0, 33.0, 33.0, 33.0, 33.0, 33.0, 33.0, 33.0, 33.0, 33.0, 33.0, 33.0, 33.0, 33.0, 33.0, 33.0, 33.0, 33.0, 33.0, 33.0, 33.0, 33.0, 33.0, 33.0, 33.0, 33.0, 33.0, 33.0, 33.0, 33.0, 33.0, 33.0, 33.0, 33.0, 33.0, 33.0, 33.0, 33.0, 33.0, 33.0, 33.0, 33.0, 33.0, 33.0, 33.0, 33.0, 33.0, 33.0, 33.0, 33.0, 33.0, 33.0, 33.0, 33.0, 33.0, 33.0, 33.0, 33.0, 33.0, 33.0, 33.0, 33.0, 33.0, 33.0, 33.0, 33.0, 33.0, 33.0, 33.0, 33.0, 33.0, 33.0, 33.0, 33.0, 33.0, 33.0, 33.0, 33.0, 33.0, 33.0, 33.0, 33.0, 33.0, 33.0, 33.0, 33.0, 33.0, 33.0, 33.0, 33.0, 33.0, 33.0, 32.0, 32.0, 32.0, 32.0, 32.0, 32.0, 32.0, 32.0, 32.0, 32.0, 32.0, 32.0, 32.0, 32.0, 32.0, 32.0, 32.0, 32.0, 32.0, 32.0, 32.0, 32.0, 32.0, 32.0, 32.0, 32.0, 32.0, 32.0, 32.0, 32.0, 32.0, 32.0]",COMPLETE
149,149,0.5,2024-08-31 07:46:10.843773,2024-08-31 07:47:35.592311,0 days 00:01:24.748538,1,1.4123334531689722,6,20,0.012570926905188516,84,0.00404592608657178,0.859,0.85875,0,"[0, 0, 0, 0, 0, 0, 0, 0, 0, 0, 0, 0, 0, 0, 0, 0, 0, 0, 0, 0]",0.0,"[0.0, 0.0, 0.0, 0.0, 0.0, 0.0, 0.0, 0.0, 0.0, 0.0, 0.0, 0.0, 0.0, 0.0, 0.0, 0.0, 0.0, 0.0, 0.0, 0.0]",0.5,0.5,0,"[0, 0, 0, 0, 0, 0, 0, 0, 0, 0, 0, 0, 0, 0, 0, 0, 0, 0, 0, 0]",20,"[0.4072732627391815, 0.4326680898666382, 0.4106992483139038, 0.4178963005542755, 0.41006115078926086, 0.4096398651599884, 0.40820562839508057, 0.4204445779323578, 0.4397645592689514, 0.4081938564777374, 0.4084508419036865, 0.4292728304862976, 0.414439857006073, 0.40739527344703674, 0.4094511866569519, 0.41590040922164917, 0.40769657492637634, 0.41013458371162415, 0.40791529417037964, 0.41277629137039185]",0.0,"[0.0, 0.0, 0.0, 0.0, 0.0, 0.0, 0.0, 0.0, 0.0, 0.0, 0.0, 0.0, 0.0, 0.0, 0.0, 0.0, 0.0, 0.0, 0.0, 0.0]",COMPLETE
150,150,0.5,2024-08-31 07:47:35.598580,2024-08-31 07:48:30.966010,0 days 00:00:55.367430,4,7.175074904720385,6,35,0.001147537580947635,32,0.0022531564139565896,0.859,0.85875,0,"[2, 1, 1, 1, 1, 1, 0, 0, 0, 0, 0, 0, 0, 0, 0, 0, 0, 0, 0, 0, 0, 0, 0, 0, 0, 0, 0, 0, 0, 0, 0, 0, 0, 0, 0]",0.0,"[1.996031746031746, 0.9975198412698413, 0.9990079365079365, 1.0, 1.0, 0.9990079365079365, 0.0, 0.0, 0.0, 0.0, 0.0, 0.0, 0.0, 0.0, 0.0, 0.0, 0.0, 0.0, 0.0, 0.0, 0.0, 0.0, 0.0, 0.0, 0.0, 0.0, 0.0, 0.0, 0.0, 0.0, 0.0, 0.0, 0.0, 0.0, 0.0]",0.5,0.5,0,"[2, 1, 1, 1, 1, 1, 0, 0, 0, 0, 0, 0, 0, 0, 0, 0, 0, 0, 0, 0, 0, 0, 0, 0, 0, 0, 0, 0, 0, 0, 0, 0, 0, 0, 0]",35,"[0.39428454637527466, 0.3914749026298523, 0.38782158493995667, 0.3876621723175049, 0.4054698050022125, 0.4233974516391754, 0.40846702456474304, 0.42359307408332825, 0.4081078767776489, 0.41176873445510864, 0.41615256667137146, 0.41096389293670654, 0.4086616039276123, 0.410964697599411, 0.4072277843952179, 0.40838950872421265, 0.40998488664627075, 0.40933462977409363, 0.40779194235801697, 0.4080882966518402, 0.42185866832733154, 0.4149717390537262, 0.42091619968414307, 0.4072263240814209, 0.40730148553848267, 0.4101944863796234, 0.4144468307495117, 0.40810301899909973, 0.420481413602829, 0.40722617506980896, 0.4279375970363617, 0.40722766518592834, 0.4084107279777527, 0.4072272479534149, 0.4080963134765625]",0.0,"[2.0, 1.0, 1.0, 1.0, 1.0, 1.0, 0.0, 0.0, 0.0, 0.0, 0.0, 0.0, 0.0, 0.0, 0.0, 0.0, 0.0, 0.0, 0.0, 0.0, 0.0, 0.0, 0.0, 0.0, 0.0, 0.0, 0.0, 0.0, 0.0, 0.0, 0.0, 0.0, 0.0, 0.0, 0.0]",COMPLETE
