,number,value,datetime_start,datetime_complete,duration,params_batch_size_scaler,params_constant_learning_rate,params_depth,params_epochs,params_kernel_l2,params_num_trees,params_temperature,user_attrs_accuracy_test,user_attrs_accuracy_valid,user_attrs_approximate_feature_sparsity,user_attrs_approximate_feature_sparsity_history,user_attrs_approximate_weight_sparsity,user_attrs_approximate_weight_sparsity_history,user_attrs_auc_test,user_attrs_auc_valid,user_attrs_feature_sparsity,user_attrs_feature_sparsity_history,user_attrs_num_epochs,user_attrs_val_loss_history,user_attrs_weight_sparsity,user_attrs_weight_sparsity_history,state
96,96,0.9286496373871262,2024-08-31 05:42:26.902870,2024-08-31 05:57:29.723735,0 days 00:15:02.820865,1,0.10944437564878663,6,415,0.0013265272339701294,8,0.049743067392989886,0.919,0.93875,33,"[33, 33, 33, 33, 33, 33, 33, 33, 33, 33, 33, 33, 33, 33, 33, 33, 33, 33, 33, 33, 33, 33, 33, 33, 33, 33, 33, 33, 33, 33, 33, 33, 33, 33, 33, 33, 33, 33, 33, 33, 33, 33, 33, 33, 33, 33, 33, 33, 33, 33, 33, 33, 33, 33, 33, 33, 33, 33, 33, 33, 33, 33, 33, 33, 33, 33, 33, 33, 33, 33, 33, 33, 33, 33, 33, 33, 33, 33, 33, 33, 33, 33, 33, 33, 33, 33, 33, 33, 33, 33, 33, 33, 33, 33, 33, 33, 33, 33, 33, 33, 33, 33, 33, 33, 33, 33, 33, 33, 33, 33, 33, 33, 33, 33, 33, 33, 33, 33, 33, 33, 33, 33, 33, 33, 33, 33, 33, 33, 33, 33, 33, 33, 33, 33, 33, 33, 33, 33, 33, 33, 33, 33, 33, 33, 33, 33, 33, 33, 33, 33, 33, 33, 33, 33, 33, 33, 33, 33, 33, 33, 33, 33, 33, 33, 33, 33, 33, 33, 33, 33, 33, 33, 33, 33, 33, 33, 33, 33, 33, 33, 33, 33, 33, 33, 33, 33, 33, 33, 33, 33, 33, 33, 33, 33, 33, 33, 33, 33, 33, 33, 33, 33, 33, 33, 33, 33, 33, 33, 33, 33, 33, 33, 33, 33, 33, 33, 33, 33, 33, 33, 33, 33, 33, 33, 33, 33, 33, 33, 33, 33, 33, 33, 33, 33, 33, 33, 33, 33, 33, 33, 33, 33, 33, 33, 33, 33, 33, 33, 33, 33, 33, 33, 33, 33, 33, 33, 33, 33, 33, 33, 33, 33, 33, 33, 33, 33, 33, 33, 33, 33, 33, 33, 33, 33, 33, 33, 33, 33, 33, 33, 33, 33, 33, 33, 33, 33, 33, 33, 33, 33, 33, 33, 33, 33, 33, 33, 33, 33, 33, 33, 33, 33, 33, 33, 33, 33, 33, 33, 33, 33, 33, 33, 33, 33, 33, 33, 33, 33, 33, 33, 33, 33, 33, 33, 33, 33, 33, 33, 33, 33, 33, 33, 33, 33, 33, 33, 33, 33, 33, 33, 33, 33, 33, 33, 33, 33, 33, 33, 33, 33, 33, 33, 33, 33, 33, 33, 33, 33, 33, 33, 33, 33, 33, 33, 33, 33, 33, 33, 33, 33, 33, 33, 33, 33, 33, 33, 33, 33, 33, 33, 33, 33, 33, 33, 33, 33, 33, 33, 33, 33, 33, 33, 33, 33, 33, 33, 33, 33, 33, 33, 33, 33, 33, 33, 33, 33, 33, 33, 33, 33, 33, 33, 33, 33, 33]",32.98015873015873,"[32.96230158730158, 32.9781746031746, 32.96825396825397, 32.97420634920635, 32.95436507936508, 32.96031746031746, 32.96428571428571, 32.96825396825397, 32.98412698412698, 32.96031746031746, 32.96230158730159, 32.970238095238095, 32.9781746031746, 32.97420634920635, 32.952380952380956, 32.96230158730159, 32.970238095238095, 32.964285714285715, 32.970238095238095, 32.97222222222222, 32.97420634920635, 32.97420634920635, 32.958333333333336, 32.96626984126984, 32.970238095238095, 32.970238095238095, 32.98015873015873, 32.970238095238095, 32.96825396825397, 32.976190476190474, 32.97420634920635, 32.970238095238095, 32.976190476190474, 32.98214285714286, 32.964285714285715, 32.96428571428571, 32.982142857142854, 32.95634920634921, 32.95238095238095, 32.976190476190474, 32.96825396825397, 32.96825396825397, 32.96230158730159, 32.96825396825397, 32.96825396825397, 32.97222222222222, 32.974206349206355, 32.96626984126984, 32.970238095238095, 32.96626984126984, 32.970238095238095, 32.970238095238095, 32.97222222222222, 32.96230158730159, 32.970238095238095, 32.976190476190474, 32.970238095238095, 32.980158730158735, 32.98412698412699, 32.976190476190474, 32.97420634920635, 32.9781746031746, 32.97420634920635, 32.9781746031746, 32.98412698412698, 32.98015873015873, 32.97222222222222, 32.97222222222222, 32.976190476190474, 32.97817460317461, 32.96825396825397, 32.97222222222222, 32.982142857142854, 32.9781746031746, 32.952380952380956, 32.96230158730159, 32.9781746031746, 32.98809523809524, 32.9781746031746, 32.9781746031746, 32.97420634920635, 32.976190476190474, 32.9781746031746, 32.9781746031746, 32.982142857142854, 32.98214285714286, 32.980158730158735, 32.964285714285715, 32.970238095238095, 32.97222222222222, 32.97619047619048, 32.97817460317461, 32.9781746031746, 32.970238095238095, 32.97817460317461, 32.98214285714286, 32.97222222222222, 32.98015873015873, 32.96825396825397, 32.98015873015873, 32.986111111111114, 32.98809523809524, 32.98015873015873, 32.96825396825397, 32.986111111111114, 32.986111111111114, 32.98412698412699, 32.97222222222222, 32.98412698412699, 32.98809523809524, 32.986111111111114, 32.986111111111114, 32.98809523809524, 32.98015873015873, 32.98015873015873, 32.98015873015873, 32.96825396825397, 32.9781746031746, 32.99007936507937, 32.980158730158735, 32.964285714285715, 32.958333333333336, 32.96825396825397, 32.96825396825397, 32.96230158730159, 32.970238095238095, 32.97420634920635, 32.97817460317461, 32.97222222222222, 32.982142857142854, 32.97222222222222, 32.974206349206355, 32.970238095238095, 32.9781746031746, 32.98015873015873, 32.98015873015873, 32.976190476190474, 32.97817460317461, 32.9781746031746, 32.97420634920635, 32.97222222222222, 32.98015873015873, 32.96626984126984, 32.9781746031746, 32.97222222222222, 32.97222222222222, 32.96626984126984, 32.96825396825397, 32.976190476190474, 32.97420634920635, 32.96626984126984, 32.97420634920635, 32.970238095238095, 32.97222222222222, 32.976190476190474, 32.98412698412699, 32.97222222222222, 32.98015873015873, 32.96626984126984, 32.97420634920635, 32.97222222222222, 32.970238095238095, 32.96825396825397, 32.976190476190474, 32.98412698412699, 32.97222222222222, 32.97222222222222, 32.98015873015873, 32.976190476190474, 32.96626984126984, 32.976190476190474, 32.970238095238095, 32.970238095238095, 32.964285714285715, 32.976190476190474, 32.9781746031746, 32.96626984126984, 32.96031746031746, 32.97222222222222, 32.96825396825397, 32.980158730158735, 32.97222222222222, 32.96626984126984, 32.96825396825397, 32.96825396825397, 32.970238095238095, 32.976190476190474, 32.9781746031746, 32.970238095238095, 32.96825396825397, 32.9781746031746, 32.970238095238095, 32.970238095238095, 32.96825396825397, 32.96825396825397, 32.96825396825397, 32.97420634920635, 32.976190476190474, 32.97420634920635, 32.976190476190474, 32.97222222222222, 32.970238095238095, 32.97420634920635, 32.9781746031746, 32.96626984126984, 32.98015873015873, 32.97222222222222, 32.97420634920635, 32.970238095238095, 32.97420634920635, 32.970238095238095, 32.976190476190474, 32.976190476190474, 32.96626984126984, 32.97420634920635, 32.96825396825397, 32.95238095238095, 32.964285714285715, 32.96825396825397, 32.96825396825397, 32.97420634920635, 32.958333333333336, 32.96230158730159, 32.96825396825397, 32.970238095238095, 32.976190476190474, 32.970238095238095, 32.96825396825397, 32.97420634920635, 32.96825396825397, 32.970238095238095, 32.97420634920635, 32.96825396825397, 32.96626984126984, 32.97420634920635, 32.96230158730159, 32.97222222222222, 32.9781746031746, 32.9781746031746, 32.980158730158735, 32.97420634920635, 32.96626984126984, 32.96825396825397, 32.976190476190474, 32.96626984126984, 32.970238095238095, 32.97222222222222, 32.97222222222222, 32.96825396825397, 32.97420634920635, 32.97222222222222, 32.98214285714286, 32.9781746031746, 32.98214285714286, 32.98412698412698, 32.98412698412699, 32.98412698412698, 32.98015873015873, 32.98015873015873, 32.980158730158735, 32.97420634920635, 32.98214285714286, 32.976190476190474, 32.9781746031746, 32.970238095238095, 32.9781746031746, 32.986111111111114, 32.982142857142854, 32.976190476190474, 32.976190476190474, 32.986111111111114, 32.986111111111114, 32.97420634920635, 32.97420634920635, 32.9781746031746, 32.9781746031746, 32.986111111111114, 32.982142857142854, 32.98412698412699, 32.982142857142854, 32.97420634920635, 32.976190476190474, 32.976190476190474, 32.96825396825397, 32.97420634920635, 32.97420634920635, 32.97420634920635, 32.97222222222222, 32.97222222222222, 32.97222222222222, 32.97222222222222, 32.976190476190474, 32.98015873015873, 32.98214285714286, 32.976190476190474, 32.98015873015873, 32.9781746031746, 32.982142857142854, 32.97420634920635, 32.982142857142854, 32.976190476190474, 32.98015873015873, 32.9781746031746, 32.97817460317461, 32.9781746031746, 32.97420634920635, 32.97222222222222, 32.9781746031746, 32.982142857142854, 32.98015873015873, 32.98412698412699, 32.98015873015873, 32.9781746031746, 32.970238095238095, 32.970238095238095, 32.970238095238095, 32.9781746031746, 32.982142857142854, 32.982142857142854, 32.976190476190474, 32.976190476190474, 32.976190476190474, 32.98214285714286, 32.98015873015873, 32.98015873015873, 32.98412698412698, 32.97420634920635, 32.980158730158735, 32.976190476190474, 32.97420634920635, 32.97420634920635, 32.98214285714286, 32.980158730158735, 32.980158730158735, 32.97817460317461, 32.97619047619048, 32.97619047619048, 32.970238095238095, 32.97420634920635, 32.97420634920635, 32.97420634920635, 32.97222222222222, 32.96031746031746, 32.95634920634921, 32.95634920634921, 32.958333333333336, 32.96230158730159, 32.96626984126984, 32.96626984126984, 32.96825396825397, 32.96825396825397, 32.9781746031746, 32.976190476190474, 32.976190476190474, 32.97222222222222, 32.976190476190474, 32.9781746031746, 32.97420634920635, 32.9781746031746, 32.97420634920635, 32.97420634920635, 32.97222222222222, 32.976190476190474, 32.976190476190474, 32.97222222222222, 32.96825396825397, 32.97420634920635, 32.97420634920635, 32.970238095238095, 32.97222222222222, 32.970238095238095, 32.970238095238095, 32.976190476190474, 32.9781746031746, 32.98015873015873, 32.9781746031746, 32.9781746031746, 32.976190476190474, 32.97420634920635, 32.97222222222222, 32.97222222222222, 32.9781746031746, 32.97222222222222, 32.97222222222222, 32.976190476190474, 32.96825396825397, 32.97222222222222, 32.970238095238095, 32.97222222222222, 32.97222222222222, 32.97222222222222, 32.970238095238095, 32.976190476190474, 32.9781746031746, 32.97420634920635, 32.9781746031746, 32.976190476190474, 32.97420634920635, 32.97420634920635, 32.976190476190474, 32.9781746031746, 32.9781746031746, 32.9781746031746, 32.97420634920635, 32.97222222222222, 32.97420634920635, 32.982142857142854, 32.982142857142854, 32.97420634920635, 32.97222222222222, 32.97222222222222, 32.970238095238095, 32.97222222222222, 32.98412698412699, 32.98015873015873]",0.9098572478306459,0.9286496373871262,33,"[33, 33, 33, 33, 33, 33, 33, 33, 33, 33, 33, 33, 33, 33, 33, 33, 33, 33, 33, 33, 33, 33, 33, 33, 33, 33, 33, 33, 33, 33, 33, 33, 33, 33, 33, 33, 33, 33, 33, 33, 33, 33, 33, 33, 33, 33, 33, 33, 33, 33, 33, 33, 33, 33, 33, 33, 33, 33, 33, 33, 33, 33, 33, 33, 33, 33, 33, 33, 33, 33, 33, 33, 33, 33, 33, 33, 33, 33, 33, 33, 33, 33, 33, 33, 33, 33, 33, 33, 33, 33, 33, 33, 33, 33, 33, 33, 33, 33, 33, 33, 33, 33, 33, 33, 33, 33, 33, 33, 33, 33, 33, 33, 33, 33, 33, 33, 33, 33, 33, 33, 33, 33, 33, 33, 33, 33, 33, 33, 33, 33, 33, 33, 33, 33, 33, 33, 33, 33, 33, 33, 33, 33, 33, 33, 33, 33, 33, 33, 33, 33, 33, 33, 33, 33, 33, 33, 33, 33, 33, 33, 33, 33, 33, 33, 33, 33, 33, 33, 33, 33, 33, 33, 33, 33, 33, 33, 33, 33, 33, 33, 33, 33, 33, 33, 33, 33, 33, 33, 33, 33, 33, 33, 33, 33, 33, 33, 33, 33, 33, 33, 33, 33, 33, 33, 33, 33, 33, 33, 33, 33, 33, 33, 33, 33, 33, 33, 33, 33, 33, 33, 33, 33, 33, 33, 33, 33, 33, 33, 33, 33, 33, 33, 33, 33, 33, 33, 33, 33, 33, 33, 33, 33, 33, 33, 33, 33, 33, 33, 33, 33, 33, 33, 33, 33, 33, 33, 33, 33, 33, 33, 33, 33, 33, 33, 33, 33, 33, 33, 33, 33, 33, 33, 33, 33, 33, 33, 33, 33, 33, 33, 33, 33, 33, 33, 33, 33, 33, 33, 33, 33, 33, 33, 33, 33, 33, 33, 33, 33, 33, 33, 33, 33, 33, 33, 33, 33, 33, 33, 33, 33, 33, 33, 33, 33, 33, 33, 33, 33, 33, 33, 33, 33, 33, 33, 33, 33, 33, 33, 33, 33, 33, 33, 33, 33, 33, 33, 33, 33, 33, 33, 33, 33, 33, 33, 33, 33, 33, 33, 33, 33, 33, 33, 33, 33, 33, 33, 33, 33, 33, 33, 33, 33, 33, 33, 33, 33, 33, 33, 33, 33, 33, 33, 33, 33, 33, 33, 33, 33, 33, 33, 33, 33, 33, 33, 33, 33, 33, 33, 33, 33, 33, 33, 33, 33, 33, 33, 33, 33, 33, 33, 33, 33, 33, 33, 33, 33, 33, 33, 33, 33, 33, 33, 33, 33, 33]",415,"[0.3936755061149597, 0.37738659977912903, 0.3684760630130768, 0.36059361696243286, 0.3523295521736145, 0.34385356307029724, 0.33499354124069214, 0.3250860273838043, 0.3160109221935272, 0.30643031001091003, 0.2977045178413391, 0.29022109508514404, 0.2833888530731201, 0.2775108814239502, 0.2717249393463135, 0.26733607053756714, 0.2629375457763672, 0.25851550698280334, 0.2537747025489807, 0.24902622401714325, 0.24722535908222198, 0.24297693371772766, 0.238483726978302, 0.236810564994812, 0.23259106278419495, 0.22937656939029694, 0.22610117495059967, 0.22413606941699982, 0.22033461928367615, 0.2178901880979538, 0.21581028401851654, 0.21262691915035248, 0.21051025390625, 0.21005882322788239, 0.20764383673667908, 0.20652265846729279, 0.20447124540805817, 0.20180867612361908, 0.19959083199501038, 0.19882158935070038, 0.19568036496639252, 0.19570672512054443, 0.19262558221817017, 0.194000244140625, 0.1925039440393448, 0.18993724882602692, 0.19357073307037354, 0.188138946890831, 0.18657879531383514, 0.18762293457984924, 0.18468831479549408, 0.18298913538455963, 0.18595591187477112, 0.18230827152729034, 0.18055590987205505, 0.17980460822582245, 0.18123900890350342, 0.18034228682518005, 0.18064682185649872, 0.18001918494701385, 0.1769755482673645, 0.17759297788143158, 0.17619289457798004, 0.17656083405017853, 0.18023768067359924, 0.1761893332004547, 0.17614957690238953, 0.17202144861221313, 0.17354442179203033, 0.1728828400373459, 0.1750412881374359, 0.17166006565093994, 0.17277418076992035, 0.17172296345233917, 0.1731831431388855, 0.17115062475204468, 0.1717589944601059, 0.17187759280204773, 0.17176437377929688, 0.17327408492565155, 0.17596635222434998, 0.17202921211719513, 0.1684892475605011, 0.1701914370059967, 0.17400306463241577, 0.1738855391740799, 0.1700448989868164, 0.172803595662117, 0.16990149021148682, 0.17035669088363647, 0.16972725093364716, 0.17193517088890076, 0.16949264705181122, 0.17391595244407654, 0.17665833234786987, 0.1709665060043335, 0.16965080797672272, 0.17593654990196228, 0.17151017487049103, 0.16787008941173553, 0.17348399758338928, 0.17563752830028534, 0.17234577238559723, 0.17879821360111237, 0.1749747097492218, 0.17437273263931274, 0.17528031766414642, 0.16854993999004364, 0.17119045555591583, 0.17990772426128387, 0.177338644862175, 0.1769084483385086, 0.1784868836402893, 0.17798006534576416, 0.17861640453338623, 0.17662329971790314, 0.17400017380714417, 0.1789076030254364, 0.1747221201658249, 0.17444667220115662, 0.1776483654975891, 0.1708928495645523, 0.1763066053390503, 0.1759238988161087, 0.1766243577003479, 0.17785285413265228, 0.17311641573905945, 0.1768091768026352, 0.17726032435894012, 0.18405485153198242, 0.18193593621253967, 0.18059207499027252, 0.18048536777496338, 0.17785769701004028, 0.17422688007354736, 0.18314996361732483, 0.17838525772094727, 0.1842522770166397, 0.17919769883155823, 0.18218693137168884, 0.1770974099636078, 0.17760367691516876, 0.1835387647151947, 0.1819583922624588, 0.18197686970233917, 0.17997324466705322, 0.1812351793050766, 0.1823565661907196, 0.18224506080150604, 0.17960099875926971, 0.18682879209518433, 0.18277259171009064, 0.18602418899536133, 0.1853112429380417, 0.18695540726184845, 0.18508319556713104, 0.1889209747314453, 0.18977811932563782, 0.18713517487049103, 0.1900363564491272, 0.18651002645492554, 0.18682757019996643, 0.18639735877513885, 0.18681348860263824, 0.1875063180923462, 0.18703335523605347, 0.193308487534523, 0.1860298365354538, 0.18504878878593445, 0.1956726610660553, 0.18921789526939392, 0.18990245461463928, 0.19217465817928314, 0.18681126832962036, 0.18813441693782806, 0.18861185014247894, 0.19108061492443085, 0.19711834192276, 0.19025085866451263, 0.19210918247699738, 0.19560712575912476, 0.19563205540180206, 0.19519542157649994, 0.19584043323993683, 0.19455692172050476, 0.19661127030849457, 0.1965840458869934, 0.1968633085489273, 0.19316644966602325, 0.19255630671977997, 0.19920535385608673, 0.19857817888259888, 0.19582664966583252, 0.2011891007423401, 0.19970819354057312, 0.2031596302986145, 0.2037343978881836, 0.1998179852962494, 0.19893808662891388, 0.19905823469161987, 0.20156888663768768, 0.1980096399784088, 0.20623303949832916, 0.2025950402021408, 0.20575988292694092, 0.20239044725894928, 0.20471817255020142, 0.20729602873325348, 0.20744793117046356, 0.20598459243774414, 0.2033001333475113, 0.20439308881759644, 0.20478886365890503, 0.2106337547302246, 0.20743069052696228, 0.20616577565670013, 0.20935039222240448, 0.21429510414600372, 0.21065935492515564, 0.20867079496383667, 0.20878241956233978, 0.2143229842185974, 0.21518298983573914, 0.21100683510303497, 0.2116655856370926, 0.21109580993652344, 0.21084772050380707, 0.21316386759281158, 0.2123604565858841, 0.21340295672416687, 0.21424251794815063, 0.21235595643520355, 0.2155311405658722, 0.2167736440896988, 0.21853816509246826, 0.214467391371727, 0.21643619239330292, 0.21599942445755005, 0.22208991646766663, 0.22178031504154205, 0.21961675584316254, 0.22235092520713806, 0.2180892378091812, 0.22001346945762634, 0.22236013412475586, 0.22403569519519806, 0.22347892820835114, 0.22234855592250824, 0.22367368638515472, 0.22563715279102325, 0.22456999123096466, 0.2265866994857788, 0.22879336774349213, 0.22342298924922943, 0.2295812964439392, 0.22757582366466522, 0.2256745547056198, 0.22913114726543427, 0.22676903009414673, 0.2289135903120041, 0.2296045869588852, 0.2297212779521942, 0.2311631441116333, 0.2332555055618286, 0.23236721754074097, 0.23237735033035278, 0.23071211576461792, 0.23139774799346924, 0.23095211386680603, 0.23227053880691528, 0.23521305620670319, 0.23612269759178162, 0.2348431795835495, 0.2351236790418625, 0.23762062191963196, 0.23831914365291595, 0.23762762546539307, 0.23518258333206177, 0.23877876996994019, 0.2362453043460846, 0.23755088448524475, 0.24012967944145203, 0.2416118085384369, 0.23940221965312958, 0.23842811584472656, 0.2403673231601715, 0.24093037843704224, 0.24117441475391388, 0.24288997054100037, 0.24374698102474213, 0.2439143806695938, 0.24294008314609528, 0.24459503591060638, 0.2452719658613205, 0.24413864314556122, 0.24749799072742462, 0.24549850821495056, 0.24530497193336487, 0.24642017483711243, 0.24541161954402924, 0.24895966053009033, 0.2477349489927292, 0.24886402487754822, 0.25030261278152466, 0.2496468871831894, 0.25018733739852905, 0.2516992688179016, 0.2521500289440155, 0.25238168239593506, 0.25252407789230347, 0.25239136815071106, 0.2534765303134918, 0.2528832256793976, 0.2537386417388916, 0.2541285753250122, 0.2573615610599518, 0.25565585494041443, 0.25558239221572876, 0.2574895918369293, 0.25713178515434265, 0.25806862115859985, 0.2586480975151062, 0.25746583938598633, 0.2591104209423065, 0.26046445965766907, 0.2606966495513916, 0.25949057936668396, 0.2620982825756073, 0.2621265649795532, 0.2604406774044037, 0.2613352835178375, 0.2626296877861023, 0.2640179395675659, 0.26306748390197754, 0.26516076922416687, 0.26442185044288635, 0.2649802267551422, 0.26686879992485046, 0.2658047378063202, 0.26579418778419495, 0.2664603292942047, 0.2661607265472412, 0.26694756746292114, 0.2682195007801056, 0.2682953178882599, 0.2689720094203949, 0.26826027035713196, 0.2694840729236603, 0.2694818675518036, 0.26996010541915894, 0.2709784507751465, 0.27062317728996277, 0.27119380235671997, 0.27149155735969543, 0.27274271845817566, 0.27351000905036926, 0.27434560656547546, 0.27373969554901123, 0.27452707290649414, 0.2739918828010559, 0.2748742997646332, 0.27622005343437195, 0.27632418274879456, 0.27847325801849365, 0.27778497338294983, 0.2772989273071289, 0.27828553318977356, 0.2789740264415741, 0.2786974012851715, 0.27958154678344727, 0.27977314591407776, 0.28064921498298645, 0.2802007496356964, 0.2798827886581421, 0.2819262742996216, 0.28134381771087646, 0.2817074656486511, 0.2818037271499634, 0.28294268250465393, 0.2832583487033844, 0.2832987904548645, 0.2840713560581207, 0.2845608592033386, 0.28439095616340637, 0.28514790534973145, 0.28585007786750793, 0.2876209020614624, 0.2858599126338959, 0.2870834469795227, 0.2866975665092468, 0.2863832116127014, 0.2879103124141693, 0.28931912779808044, 0.28827139735221863, 0.28881046175956726, 0.2882397770881653, 0.2892594635486603, 0.28915730118751526, 0.2899530231952667, 0.2901100218296051, 0.29038554430007935, 0.2919345796108246, 0.29211509227752686, 0.2919856607913971, 0.2920808494091034, 0.2921406328678131, 0.29274168610572815, 0.29289939999580383, 0.293977826833725, 0.29393789172172546, 0.29378968477249146, 0.29426708817481995, 0.29457175731658936, 0.29573023319244385, 0.2956199049949646]",33.0,"[33.0, 33.0, 33.0, 33.0, 33.0, 33.0, 33.0, 33.0, 33.0, 33.0, 33.0, 33.0, 33.0, 33.0, 33.0, 33.0, 33.0, 33.0, 33.0, 33.0, 33.0, 33.0, 33.0, 33.0, 33.0, 33.0, 33.0, 33.0, 33.0, 33.0, 33.0, 33.0, 33.0, 33.0, 33.0, 33.0, 33.0, 33.0, 33.0, 33.0, 33.0, 33.0, 33.0, 33.0, 33.0, 33.0, 33.0, 33.0, 33.0, 33.0, 33.0, 33.0, 33.0, 33.0, 33.0, 33.0, 33.0, 33.0, 33.0, 33.0, 33.0, 33.0, 33.0, 33.0, 33.0, 33.0, 33.0, 33.0, 33.0, 33.0, 33.0, 33.0, 33.0, 33.0, 33.0, 33.0, 33.0, 33.0, 33.0, 33.0, 33.0, 33.0, 33.0, 33.0, 33.0, 33.0, 33.0, 33.0, 33.0, 33.0, 33.0, 33.0, 33.0, 33.0, 33.0, 33.0, 33.0, 33.0, 33.0, 33.0, 33.0, 33.0, 33.0, 33.0, 33.0, 33.0, 33.0, 33.0, 33.0, 33.0, 33.0, 33.0, 33.0, 33.0, 33.0, 33.0, 33.0, 33.0, 33.0, 33.0, 33.0, 33.0, 33.0, 33.0, 33.0, 33.0, 33.0, 33.0, 33.0, 33.0, 33.0, 33.0, 33.0, 33.0, 33.0, 33.0, 33.0, 33.0, 33.0, 33.0, 33.0, 33.0, 33.0, 33.0, 33.0, 33.0, 33.0, 33.0, 33.0, 33.0, 33.0, 33.0, 33.0, 33.0, 33.0, 33.0, 33.0, 33.0, 33.0, 33.0, 33.0, 33.0, 33.0, 33.0, 33.0, 33.0, 33.0, 33.0, 33.0, 33.0, 33.0, 33.0, 33.0, 33.0, 33.0, 33.0, 33.0, 33.0, 33.0, 33.0, 33.0, 33.0, 33.0, 33.0, 33.0, 33.0, 33.0, 33.0, 33.0, 33.0, 33.0, 33.0, 33.0, 33.0, 33.0, 33.0, 33.0, 33.0, 33.0, 33.0, 33.0, 33.0, 33.0, 33.0, 33.0, 33.0, 33.