,number,value,datetime_start,datetime_complete,duration,params_batch_size_scaler,params_constant_learning_rate,params_depth,params_epochs,params_kernel_l2,params_num_trees,params_temperature,user_attrs_accuracy_test,user_attrs_accuracy_valid,user_attrs_approximate_feature_sparsity,user_attrs_approximate_feature_sparsity_history,user_attrs_approximate_weight_sparsity,user_attrs_approximate_weight_sparsity_history,user_attrs_auc_test,user_attrs_auc_valid,user_attrs_feature_sparsity,user_attrs_feature_sparsity_history,user_attrs_num_epochs,user_attrs_val_loss_history,user_attrs_weight_sparsity,user_attrs_weight_sparsity_history,state
131,131,0.7369092244077753,2024-08-31 07:18:43.090547,2024-08-31 07:19:00.454155,0 days 00:00:17.363608,64,0.03895119675682695,2,260,0.2633508191577424,40,0.011158408194177368,0.874,0.87,33,"[33, 33, 33, 33, 33, 33, 33, 33, 33, 33, 33, 33, 33, 33, 33, 33, 33, 33, 33, 33, 33, 33, 33, 33, 33, 33, 33, 33, 33, 33, 33, 33, 33, 33, 33, 33, 33, 33, 33, 33, 33, 33, 33, 33, 33, 33, 33, 33, 33, 33, 33, 33, 33, 33, 33, 33, 33, 33, 33, 33, 33, 33, 33, 33, 33, 33, 33, 33, 33, 33, 33, 33, 33, 33, 33, 33, 33, 33, 33, 33, 33, 33, 33, 33, 33, 33, 33, 33, 33, 33, 33, 33, 33, 33, 33, 33, 33, 33, 33, 33, 33, 33, 33, 33, 33, 33, 33, 33, 33, 33, 33, 33, 33, 33, 33, 33, 33, 33, 33, 33, 33, 33, 33, 33, 33, 33, 33, 33, 33, 33, 33, 33, 33, 33, 33, 33, 33, 33, 33, 33, 33, 33, 33, 33, 33, 33, 33, 33, 33, 33, 33, 33, 33, 33, 33, 33, 33, 33, 33, 33, 33, 33, 33, 33, 33, 33, 33, 33, 33, 33, 33, 33, 33, 33, 33, 33, 33, 33, 33, 33, 33, 33, 33, 33, 33, 33, 33, 33, 33, 33, 33, 33, 33, 33, 33, 33, 33, 33, 33, 33, 33, 33, 33, 33, 33, 33, 33, 33, 33, 33, 33, 33, 33, 33, 33, 33, 33, 33, 33, 33, 33, 33, 33, 33, 33, 33, 33, 33, 33, 33, 33, 33, 33, 33, 33, 33, 33, 33, 33, 33, 33, 33, 33, 33, 33, 33, 33, 33, 33, 33, 33, 33, 33, 33, 33, 33, 33, 33, 33, 33]",32.975,"[32.99166666666667, 32.99166666666667, 33.0, 32.99166666666667, 32.99166666666667, 32.983333333333334, 32.983333333333334, 32.99166666666667, 32.99166666666667, 32.983333333333334, 32.99166666666667, 32.975, 32.983333333333334, 32.983333333333334, 32.983333333333334, 32.983333333333334, 32.983333333333334, 32.99166666666667, 32.99166666666667, 33.0, 33.0, 33.0, 33.0, 32.99166666666667, 32.99166666666667, 32.983333333333334, 32.983333333333334, 32.975, 32.975, 32.96666666666667, 32.99166666666667, 32.99166666666667, 33.0, 32.99166666666667, 32.99166666666667, 32.983333333333334, 32.983333333333334, 32.975, 32.99166666666667, 32.99166666666667, 32.99166666666667, 32.983333333333334, 33.0, 33.0, 32.99166666666667, 33.0, 32.99166666666667, 33.0, 32.99166666666667, 32.99166666666667, 32.99166666666667, 32.99166666666667, 32.983333333333334, 32.983333333333334, 32.983333333333334, 32.983333333333334, 32.99166666666667, 33.0, 33.0, 33.0, 33.0, 32.983333333333334, 33.0, 33.0, 33.0, 33.0, 32.99166666666667, 33.0, 32.983333333333334, 32.983333333333334, 32.975, 32.96666666666667, 32.983333333333334, 32.983333333333334, 32.983333333333334, 32.99166666666667, 33.0, 32.99166666666667, 32.99166666666667, 32.99166666666667, 32.96666666666667, 32.958333333333336, 32.99166666666667, 32.99166666666667, 32.99166666666667, 32.983333333333334, 32.975, 32.96666666666667, 32.975, 32.983333333333334, 32.99166666666667, 32.975, 32.983333333333334, 32.983333333333334, 32.99166666666667, 32.99166666666667, 32.975, 32.983333333333334, 32.983333333333334, 32.983333333333334, 32.96666666666667, 32.96666666666667, 32.96666666666667, 32.96666666666667, 32.983333333333334, 32.99166666666667, 32.983333333333334, 32.983333333333334, 32.975, 32.983333333333334, 32.96666666666667, 32.975, 32.975, 32.975, 32.975, 32.983333333333334, 32.975, 32.983333333333334, 32.983333333333334, 32.99166666666667, 33.0, 32.99166666666667, 32.99166666666667, 32.975, 32.975, 32.96666666666667, 32.975, 32.99166666666667, 32.975, 32.975, 32.99166666666667, 32.983333333333334, 32.975, 32.99166666666667, 32.983333333333334, 32.975, 32.975, 32.99166666666667, 32.99166666666667, 32.983333333333334, 32.99166666666667, 33.0, 32.99166666666667, 32.99166666666667, 32.983333333333334, 33.0, 32.99166666666667, 32.99166666666667, 33.0, 33.0, 33.0, 32.983333333333334, 32.975, 32.99166666666667, 32.99166666666667, 32.983333333333334, 32.983333333333334, 32.983333333333334, 32.983333333333334, 32.99166666666667, 32.975, 33.0, 33.0, 33.0, 33.0, 33.0, 33.0, 32.99166666666667, 32.983333333333334, 32.99166666666667, 32.983333333333334, 32.99166666666667, 32.99166666666667, 32.99166666666667, 32.99166666666667, 32.99166666666667, 32.99166666666667, 33.0, 33.0, 33.0, 33.0, 33.0, 33.0, 33.0, 33.0, 33.0, 32.983333333333334, 32.975, 32.975, 32.975, 32.983333333333334, 32.99166666666667, 32.983333333333334, 32.99166666666667, 32.99166666666667, 32.983333333333334, 32.99166666666667, 32.983333333333334, 32.975, 32.96666666666667, 32.99166666666667, 32.99166666666667, 32.99166666666667, 33.0, 33.0, 33.0, 32.99166666666667, 33.0, 33.0, 32.99166666666667, 32.975, 32.975, 32.99166666666667, 33.0, 33.0, 33.0, 32.983333333333334, 32.983333333333334, 32.975, 32.983333333333334, 32.975, 32.983333333333334, 32.983333333333334, 32.983333333333334, 32.99166666666667, 32.99166666666667, 33.0, 33.0, 32.99166666666667, 32.983333333333334, 32.99166666666667, 32.99166666666667, 32.983333333333334, 32.975, 32.983333333333334, 32.983333333333334, 32.975, 32.99166666666667, 32.983333333333334, 33.0, 32.99166666666667, 33.0, 32.983333333333334, 32.99166666666667, 32.99166666666667, 32.99166666666667, 32.983333333333334, 32.983333333333334, 32.983333333333334, 32.983333333333334, 32.983333333333334, 32.983333333333334, 32.983333333333334, 32.983333333333334, 32.975, 32.975, 32.975, 32.975, 32.96666666666667, 32.975]",0.7713653514312371,0.7369092244077753,33,"[33, 33, 33, 33, 33, 33, 33, 33, 33, 33, 33, 33, 33, 33, 33, 33, 33, 33, 33, 33, 33, 33, 33, 33, 33, 33, 33, 33, 33, 33, 33, 33, 33, 33, 33, 33, 33, 33, 33, 33, 33, 33, 33, 33, 33, 33, 33, 33, 33, 33, 33, 33, 33, 33, 33, 33, 33, 33, 33, 33, 33, 33, 33, 33, 33, 33, 33, 33, 33, 33, 33, 33, 33, 33, 33, 33, 33, 33, 33, 33, 33, 33, 33, 33, 33, 33, 33, 33, 33, 33, 33, 33, 33, 33, 33, 33, 33, 33, 33, 33, 33, 33, 33, 33, 33, 33, 33, 33, 33, 33, 33, 33, 33, 33, 33, 33, 33, 33, 33, 33, 33, 33, 33, 33, 33, 33, 33, 33, 33, 33, 33, 33, 33, 33, 33, 33, 33, 33, 33, 33, 33, 33, 33, 33, 33, 33, 33, 33, 33, 33, 33, 33, 33, 33, 33, 33, 33, 33, 33, 33, 33, 33, 33, 33, 33, 33, 33, 33, 33, 33, 33, 33, 33, 33, 33, 33, 33, 33, 33, 33, 33, 33, 33, 33, 33, 33, 33, 33, 33, 33, 33, 33, 33, 33, 33, 33, 33, 33, 33, 33, 33, 33, 33, 33, 33, 33, 33, 33, 33, 33, 33, 33, 33, 33, 33, 33, 33, 33, 33, 33, 33, 33, 33, 33, 33, 33, 33, 33, 33, 33, 33, 33, 33, 33, 33, 33, 33, 33, 33, 33, 33, 33, 33, 33, 33, 33, 33, 33, 33, 33, 33, 33, 33, 33, 33, 33, 33, 33, 33, 33]",260,"[0.5651698708534241, 0.5438247323036194, 0.536313533782959, 0.5323120355606079, 0.5301458835601807, 0.5285873413085938, 0.5270693898200989, 0.5256897807121277, 0.524326741695404, 0.5230898857116699, 0.5219774842262268, 0.5207634568214417, 0.5197632312774658, 0.5187097787857056, 0.5178830027580261, 0.5167207717895508, 0.5156810283660889, 0.5147783756256104, 0.5138769149780273, 0.5130032300949097, 0.511947512626648, 0.5110943913459778, 0.5102366805076599, 0.5094137191772461, 0.508785605430603, 0.507753849029541, 0.5069912672042847, 0.5062432289123535, 0.5055662989616394, 0.5049616694450378, 0.5043560862541199, 0.5035087466239929, 0.5027270317077637, 0.5022519826889038, 0.5015264749526978, 0.5008224248886108, 0.5000991225242615, 0.49955689907073975, 0.4989571273326874, 0.4983457922935486, 0.4976694583892822, 0.49722060561180115, 0.49672117829322815, 0.49612128734588623, 0.4955635070800781, 0.4949842691421509, 0.4944034814834595, 0.4938833713531494, 0.49324148893356323, 0.4927540719509125, 0.49221184849739075, 0.49167466163635254, 0.4914349615573883, 0.4911741614341736, 0.4902752935886383, 0.48982560634613037, 0.48939818143844604, 0.4889981150627136, 0.48838120698928833, 0.48805540800094604, 0.48756173253059387, 0.4871237874031067, 0.48681747913360596, 0.4864588677883148, 0.48608967661857605, 0.485542893409729, 0.48510316014289856, 0.48465651273727417, 0.4844742715358734, 0.4838966429233551, 0.4833671450614929, 0.4829365015029907, 0.48260438442230225, 0.48223334550857544, 0.48193439841270447, 0.4815615713596344, 0.48122528195381165, 0.4811275601387024, 0.480674147605896, 0.48025667667388916, 0.4799421727657318, 0.4794696569442749, 0.4790961742401123, 0.478712260723114, 0.47855958342552185, 0.47808533906936646, 0.47783827781677246, 0.4776528477668762, 0.4769243001937866, 0.47658002376556396, 0.47617027163505554, 0.4759506583213806, 0.4755672812461853, 0.47529613971710205, 0.4750695824623108, 0.4747583270072937, 0.47447922825813293, 0.47430309653282166, 0.474036306142807, 0.47364330291748047, 0.47327378392219543, 0.47298046946525574, 0.47273868322372437, 0.4724847674369812, 0.4721793234348297, 0.4719398617744446, 0.47178947925567627, 0.4714643061161041, 0.4708906412124634, 0.4707302749156952, 0.4701325297355652, 0.4699355661869049, 0.4696430563926697, 0.4693523049354553, 0.4690264165401459, 0.46887439489364624, 0.46846428513526917, 0.4682402014732361, 0.46802210807800293, 0.46841636300086975, 0.46769797801971436, 0.4672885537147522, 0.4670966863632202, 0.46693697571754456, 0.4672809839248657, 0.46660521626472473, 0.46602863073349, 0.46566882729530334, 0.46616366505622864, 0.46534430980682373, 0.4647582769393921, 0.4643336534500122, 0.464016318321228, 0.46409523487091064, 0.4639378488063812, 0.46330738067626953, 0.4629215896129608, 0.4625314474105835, 0.462271511554718, 0.46195706725120544, 0.4617123007774353, 0.4613872170448303, 0.46126896142959595, 0.4610900580883026, 0.4609733819961548, 0.4607590436935425, 0.46041515469551086, 0.46017447113990784, 0.46005725860595703, 0.45960143208503723, 0.45936211943626404, 0.4591202437877655, 0.4587809443473816, 0.4586080312728882, 0.45845457911491394, 0.45861348509788513, 0.4581042230129242, 0.45796263217926025, 0.4574253559112549, 0.45708411931991577, 0.45678791403770447, 0.45652344822883606, 0.4561534523963928, 0.45598533749580383, 0.4557545781135559, 0.45557117462158203, 0.4553396701812744, 0.45505645871162415, 0.45478975772857666, 0.4549286961555481, 0.45446956157684326, 0.45434561371803284, 0.45398128032684326, 0.45383238792419434, 0.4537220895290375, 0.45337939262390137, 0.4533008635044098, 0.4529167115688324, 0.45262768864631653, 0.45238250494003296, 0.45214688777923584, 0.45199310779571533, 0.451715886592865, 0.4513360857963562, 0.45119166374206543, 0.4509841203689575, 0.4508354663848877, 0.4506896138191223, 0.450329065322876, 0.45008042454719543, 0.44978904724121094, 0.4495428204536438, 0.44931307435035706, 0.4491002559661865, 0.4489193260669708, 0.4485793709754944, 0.44829705357551575, 0.4480120837688446, 0.447857141494751, 0.4476402699947357, 0.447448194026947, 0.44730591773986816, 0.4470110833644867, 0.4466787576675415, 0.4465354084968567, 0.4462767541408539, 0.4460339844226837, 0.44583407044410706, 0.44562846422195435, 0.44542717933654785, 0.4453579783439636, 0.4453234076499939, 0.4450795352458954, 0.4446158707141876, 0.4444391131401062, 0.4442123472690582, 0.4440372586250305, 0.4439181983470917, 0.44370079040527344, 0.4435144364833832, 0.4433540105819702, 0.44304701685905457, 0.4428134858608246, 0.44257652759552, 0.44231587648391724, 0.44217827916145325, 0.4419870376586914, 0.4416425824165344, 0.4414927363395691, 0.44119593501091003, 0.4409450590610504, 0.4408058822154999, 0.44060906767845154, 0.440260112285614, 0.4401332139968872, 0.4400314688682556, 0.44000545144081116, 0.4396682381629944, 0.43929028511047363, 0.4392928183078766, 0.43891701102256775, 0.4387473165988922, 0.43847766518592834, 0.4381343126296997, 0.43799877166748047, 0.4378054141998291, 0.43774735927581787, 0.4376343786716461, 0.4374900460243225, 0.43732157349586487, 0.43728628754615784, 0.4369480609893799, 0.43673646450042725, 0.43656134605407715, 0.43631917238235474, 0.43637046217918396, 0.43599820137023926, 0.4357963800430298, 0.43548333644866943, 0.4353484809398651]",33.0,"[33.0, 33.0, 33.0, 33.0, 33.0, 33.0, 33.0, 33.0, 33.0, 33.0, 33.0, 33.0, 33.0, 33.0, 33.0, 33.0, 33.0, 33.0, 33.0, 33.0, 33.0, 33.0, 33.0, 33.0, 33.0, 33.0, 33.0, 33.0, 33.0, 33.0, 33.0, 33.0, 33.0, 33.0, 33.0, 33.0, 33.0, 33.0, 33.0, 33.0, 33.0, 33.0, 33.0, 33.0, 33.0, 33.0, 33.0, 33.0, 33.0, 33.0, 33.0, 33.0, 33.0, 33.0, 33.0, 33.0, 33.0, 33.0, 33.0, 33.0, 33.0, 33.0, 33.0, 33.0, 33.0, 33.0, 33.0, 33.0, 33.0, 33.0, 33.0, 33.0, 33.0, 33.0, 33.0, 33.0, 33.0, 33.0, 33.0, 33.0, 33.0, 33.0, 33.0, 33.0, 33.0, 33.0, 33.0, 33.0, 33.0, 33.0, 33.0, 33.0, 33.0, 33.0, 33.0, 33.0, 33.0, 33.0, 33.0, 33.0, 33.0, 33.0, 33.0, 33.0, 33.0, 33.0, 33.0, 33.0, 33.0, 33.0, 33.0, 33.0, 33.0, 33.0, 33.0, 33.0, 33.0, 33.0, 33.0, 33.0, 33.0, 33.0, 33.0, 33.0, 33.0, 33.0, 33.0, 33.0, 33.0, 33.0, 33.0, 33.0, 33.0, 33.0, 33.0, 33.0, 33.0, 33.0, 33.0, 33.0, 33.0, 33.0, 33.0, 33.0, 33.0, 33.0, 33.0, 33.0, 33.0, 33.0, 33.0, 33.0, 33.0, 33.0, 33.0, 33.0, 33.0, 33.0, 33.0, 33.0, 33.0, 33.0, 33.0, 33.0, 33.0, 33.0, 33.0, 33.0, 33.0, 33.0, 33.0, 33.0, 33.0, 33.0, 33.0, 33.0, 33.0, 33.0, 33.0, 33.0, 33.0, 33.0, 33.0, 33.0, 33.0, 33.0, 33.0, 33.0, 33.0, 33.0, 33.0, 33.0, 33.0, 33.0, 33.0, 33.0, 33.0, 33.0, 33.0, 33.0, 33.0, 33.0, 33.0, 33.0, 33.0, 33.0, 33.0, 33.0, 33.0, 33.0, 33.0, 33.0, 33.0, 33.0, 33.0, 33.0, 33.0, 33.0, 33.0, 33.0, 33.0, 33.0, 33.0, 33.0, 33.0, 33.0, 33.0, 33.0, 33.0, 33.0, 33.0, 33.0, 33.0, 33.0, 33.0, 33.0, 33.0, 33.0, 33.0, 33.0, 33.0, 33.0, 33.0, 33.0, 33.0, 33.0, 33.0, 33.0, 33.0, 33.0, 33.0, 33.0, 33.0, 33.0, 33.0, 33.0, 33.0, 33.0, 33.0, 33.0]",COMPLETE
