,number,value,datetime_start,datetime_complete,duration,params_batch_size_scaler,params_constant_learning_rate,params_depth,params_epochs,params_kernel_l2,params_num_trees,params_temperature,user_attrs_accuracy_test,user_attrs_accuracy_valid,user_attrs_approximate_feature_sparsity,user_attrs_approximate_feature_sparsity_history,user_attrs_approximate_weight_sparsity,user_attrs_approximate_weight_sparsity_history,user_attrs_auc_test,user_attrs_auc_valid,user_attrs_feature_sparsity,user_attrs_feature_sparsity_history,user_attrs_num_epochs,user_attrs_val_loss_history,user_attrs_weight_sparsity,user_attrs_weight_sparsity_history,state
79,79,0.5,2024-08-31 04:36:54.070926,2024-08-31 04:39:19.162929,0 days 00:02:25.092003,4,4.012827832901026,1,370,0.19291025704667183,54,0.06543129471322309,0.859,0.85875,0,"[2, 3, 2, 1, 0, 1, 2, 0, 0, 4, 2, 0, 2, 1, 1, 0, 1, 2, 1, 3, 2, 2, 2, 1, 2, 2, 1, 4, 2, 4, 2, 2, 2, 2, 1, 3, 0, 2, 1, 1, 2, 2, 2, 2, 1, 2, 1, 3, 1, 2, 3, 2, 3, 0, 2, 0, 2, 0, 3, 3, 0, 2, 1, 1, 0, 2, 1, 2, 3, 0, 0, 1, 2, 2, 0, 2, 2, 2, 2, 0, 2, 0, 3, 1, 2, 1, 0, 0, 3, 1, 2, 0, 3, 1, 0, 2, 1, 2, 1, 5, 2, 2, 2, 2, 1, 2, 2, 2, 1, 2, 1, 3, 2, 3, 2, 1, 0, 2, 0, 2, 0, 2, 1, 1, 1, 0, 1, 3, 1, 2, 1, 1, 0, 0, 1, 0, 1, 1, 1, 1, 0, 2, 0, 1, 1, 3, 1, 2, 1, 0, 2, 0, 2, 3, 1, 2, 1, 1, 0, 3, 1, 2, 2, 1, 1, 2, 0, 2, 2, 3, 1, 1, 1, 1, 1, 0, 2, 1, 0, 3, 0, 3, 1, 0, 2, 1, 0, 1, 2, 3, 1, 2, 2, 1, 2, 2, 1, 0, 0, 3, 0, 2, 1, 2, 2, 1, 1, 1, 0, 1, 0, 2, 1, 3, 1, 0, 0, 2, 2, 2, 2, 2, 0, 2, 0, 1, 0, 2, 0, 0, 2, 2, 0, 2, 2, 1, 1, 2, 1, 0, 0, 3, 2, 2, 0, 1, 3, 2, 2, 2, 3, 3, 5, 2, 1, 1, 1, 0, 3, 0, 2, 4, 1, 0, 1, 2, 2, 3, 2, 2, 3, 2, 0, 2, 2, 2, 1, 0, 3, 0, 1, 0, 3, 1, 2, 0, 1, 1, 2, 2, 2, 2, 0, 1, 1, 1, 2, 3, 1, 0, 3, 0, 1, 3, 0, 0, 1, 2, 0, 0, 2, 3, 1, 3, 2, 0, 0, 1, 1, 1, 3, 1, 2, 2, 2, 0, 1, 0, 2, 2, 0, 2, 4, 3, 2, 4, 3, 2, 2, 1, 4, 2, 0, 2, 0, 4, 1, 3, 0, 3, 2, 3, 1, 5, 2, 2, 0, 2, 0, 2, 1, 0, 0, 2, 1, 3, 2, 0, 1, 0]",0.0,"[2.0, 3.0, 2.0, 1.0, 0.0, 1.0, 2.0, 0.0, 0.0, 4.0, 2.0, 0.0, 2.0, 1.0, 1.0, 0.0, 1.0, 2.0, 1.0, 3.0, 2.0, 2.0, 2.0, 1.0, 2.0, 2.0, 1.0, 4.0, 2.0, 4.0, 2.0, 2.0, 2.0, 2.0, 1.0, 3.0, 0.0, 2.0, 1.0, 1.0, 2.0, 2.0, 2.0, 2.0, 1.0, 2.0, 1.0, 3.0, 1.0, 2.0, 3.0, 2.0, 3.0, 0.0, 2.0, 0.0, 2.0, 0.0, 3.0, 3.0, 0.0, 2.0, 1.0, 1.0, 0.0, 2.0, 1.0, 2.0, 3.0, 0.0, 0.0, 1.0, 2.0, 2.0, 0.0, 2.0, 2.0, 2.0, 2.0, 0.0, 2.0, 0.0, 3.0, 1.0, 2.0, 1.0, 0.0, 0.0, 3.0, 1.0, 2.0, 0.0, 3.0, 1.0, 0.0, 2.0, 1.0, 2.0, 1.0, 5.0, 2.0, 2.0, 2.0, 2.0, 1.0, 2.0, 2.0, 2.0, 1.0, 2.0, 1.0, 3.0, 2.0, 3.0, 2.0, 1.0, 0.0, 2.0, 0.0, 2.0, 0.0, 2.0, 1.0, 1.0, 1.0, 0.0, 1.0, 3.0, 1.0, 2.0, 1.0, 1.0, 0.0, 0.0, 1.0, 0.0, 1.0, 1.0, 1.0, 1.0, 0.0, 2.0, 0.0, 1.0, 1.0, 3.0, 1.0, 2.0, 1.0, 0.0, 2.0, 0.0, 2.0, 2.9814814814814814, 1.0, 2.0, 1.0, 1.0, 0.0, 3.0, 1.0, 2.0, 2.0, 1.0, 1.0, 2.0, 0.0, 2.0, 2.0, 3.0, 1.0, 1.0, 1.0, 1.0, 1.0, 0.0, 2.0, 1.0, 0.0, 3.0, 0.0, 3.0, 1.0, 0.0, 2.0, 1.0, 0.0, 1.0, 2.0, 3.0, 1.0, 2.0, 2.0, 1.0, 2.0, 2.0, 1.0, 0.0, 0.0, 3.0, 0.0, 2.0, 1.0, 2.0, 2.0, 1.0, 1.0, 1.0, 0.0, 1.0, 0.0, 2.0, 1.0, 3.0, 1.0, 0.0, 0.0, 2.0, 2.0, 2.0, 2.0, 2.0, 0.0, 2.0, 0.0, 1.0, 0.0, 2.0, 0.0, 0.0, 2.0, 2.0, 0.0, 2.0, 2.0, 1.0, 1.0, 2.0, 1.0, 0.0, 0.0, 3.0, 2.0, 2.0, 0.0, 1.0, 3.0, 2.0, 2.0, 2.0, 3.0, 3.0, 5.0, 2.0, 1.0, 1.0, 1.0, 0.0, 3.0, 0.0, 2.0, 4.0, 1.0, 0.0, 1.0, 2.0, 2.0, 3.0, 2.0, 2.0, 3.0, 2.0, 0.0, 2.0, 2.0, 2.0, 1.0, 0.0, 3.0, 0.0, 1.0, 0.0, 3.0, 1.0, 2.0, 0.0, 1.0, 1.0, 2.0, 2.0, 2.0, 2.0, 0.0, 1.0, 1.0, 1.0, 2.0, 3.0, 1.0, 0.0, 3.0, 0.0, 1.0, 3.0, 0.0, 0.0, 1.0, 2.0, 0.0, 0.0, 2.0, 3.0, 1.0, 3.0, 2.0, 0.0, 0.0, 1.0, 1.0, 1.0, 3.0, 1.0, 2.0, 2.0, 2.0, 0.0, 1.0, 0.0, 2.0, 2.0, 0.0, 2.0, 4.0, 3.0, 2.0, 4.0, 3.0, 2.0, 2.0, 1.0, 4.0, 2.0, 0.0, 2.0, 0.0, 4.0, 1.0, 3.0, 0.0, 3.0, 2.0, 3.0, 1.0, 5.0, 2.0, 2.0, 0.0, 2.0, 0.0, 2.0, 1.0, 0.0, 0.0, 2.0, 1.0, 3.0, 2.0, 0.0, 1.0, 0.0]",0.5,0.5,0,"[2, 3, 2, 1, 0, 1, 2, 0, 0, 4, 2, 0, 2, 1, 1, 0, 1, 2, 1, 3, 2, 2, 2, 1, 2, 2, 1, 4, 2, 4, 2, 2, 2, 2, 1, 3, 0, 2, 1, 1, 2, 2, 2, 2, 1, 2, 1, 3, 1, 2, 3, 2, 3, 0, 2, 0, 2, 0, 3, 3, 0, 2, 1, 1, 0, 2, 1, 2, 3, 0, 0, 1, 2, 2, 0, 2, 2, 2, 2, 0, 2, 0, 3, 1, 2, 1, 0, 0, 3, 1, 2, 0, 3, 1, 0, 2, 1, 2, 1, 5, 2, 2, 2, 2, 1, 2, 2, 2, 1, 2, 1, 3, 2, 3, 2, 1, 0, 2, 0, 2, 0, 2, 1, 1, 1, 0, 1, 3, 1, 2, 1, 1, 0, 0, 1, 0, 1, 1, 1, 1, 0, 2, 0, 1, 1, 3, 1, 2, 1, 0, 2, 0, 2, 3, 1, 2, 1, 1, 0, 3, 1, 2, 2, 1, 1, 2, 0, 2, 2, 3, 1, 1, 1, 1, 1, 0, 2, 1, 0, 3, 0, 3, 1, 0, 2, 1, 0, 1, 2, 3, 1, 2, 2, 1, 2, 2, 1, 0, 0, 3, 0, 2, 1, 2, 2, 1, 1, 1, 0, 1, 0, 2, 1, 3, 1, 0, 0, 2, 2, 2, 2, 2, 0, 2, 0, 1, 0, 2, 0, 0, 2, 2, 0, 2, 2, 1, 1, 2, 1, 0, 0, 3, 2, 2, 0, 1, 3, 2, 2, 2, 3, 3, 5, 2, 1, 1, 1, 0, 3, 0, 2, 4, 1, 0, 1, 2, 2, 3, 2, 2, 3, 2, 0, 2, 2, 2, 1, 0, 3, 0, 1, 0, 3, 1, 2, 0, 1, 1, 2, 2, 2, 2, 0, 1, 1, 1, 2, 3, 1, 0, 3, 0, 1, 3, 0, 0, 1, 2, 0, 0, 2, 3, 1, 3, 2, 0, 0, 1, 1, 1, 3, 1, 2, 2, 2, 0, 1, 0, 2, 2, 0, 2, 4, 3, 2, 4, 3, 2, 2, 1, 4, 2, 0, 2, 0, 4, 1, 3, 0, 3, 2, 3, 1, 5, 2, 2, 0, 2, 0, 2, 1, 0, 0, 2, 1, 3, 2, 0, 1, 0]",370,"[4.317525386810303, 21.389541625976562, 25.23501205444336, 2.5974090099334717, 9.554875373840332, 3.075155019760132, 2.8703525066375732, 21.90914535522461, 0.4162449538707733, 5.523709774017334, 20.752771377563477, 17.644855499267578, 4.585870742797852, 25.631284713745117, 10.417448997497559, 21.134496688842773, 5.371745586395264, 19.52840232849121, 27.441246032714844, 4.775940895080566, 12.749506950378418, 23.064035415649414, 22.16480255126953, 34.94161605834961, 8.319324493408203, 36.0453987121582, 4.905086517333984, 28.838659286499023, 14.336877822875977, 2.189021348953247, 26.255542755126953, 29.08462905883789, 3.0040533542633057, 25.218236923217773, 35.21821594238281, 6.441762924194336, 12.720751762390137, 14.380766868591309, 27.247314453125, 2.645792245864868, 15.443511962890625, 17.431081771850586, 14.408878326416016, 15.082544326782227, 25.486310958862305, 15.893807411193848, 18.662973403930664, 20.271991729736328, 45.144466400146484, 12.695682525634766, 16.347043991088867, 32.903079986572266, 32.78221893310547, 3.8321568965911865, 14.090632438659668, 30.604291915893555, 25.811716079711914, 14.679903984069824, 18.46527099609375, 22.834495544433594, 36.278602600097656, 4.415121555328369, 29.92660140991211, 16.429187774658203, 4.010409832000732, 9.225534439086914, 6.008659839630127, 38.435665130615234, 13.585021018981934, 24.090499877929688, 14.140830039978027, 22.3288516998291, 19.198389053344727, 10.387228012084961, 21.514081954956055, 13.591181755065918, 8.799625396728516, 24.19493865966797, 13.961313247680664, 27.826459884643555, 4.451001167297363, 1.737022876739502, 14.799877166748047, 16.138120651245117, 30.917570114135742, 19.90920639038086, 13.537862777709961, 31.20549964904785, 7.857759952545166, 26.927915573120117, 17.317228317260742, 15.292472839355469, 5.341243267059326, 3.684042453765869, 24.912439346313477, 17.093151092529297, 27.159452438354492, 21.487394332885742, 3.9540886878967285, 23.4300537109375, 6.620124340057373, 22.88288116455078, 10.574995994567871, 2.627955436706543, 3.865604877471924, 16.7318058013916, 27.618074417114258, 7.0102858543396, 8.454120635986328, 25.285667419433594, 29.254688262939453, 28.7935848236084, 39.685699462890625, 11.226731300354004, 19.967636108398438, 30.344829559326172, 1.9219447374343872, 7.039877891540527, 19.489587783813477, 14.19650650024414, 6.2492570877075195, 2.9038403034210205, 20.06233787536621, 31.15200424194336, 17.45774269104004, 13.72390365600586, 15.163992881774902, 34.584712982177734, 9.530734062194824, 12.366135597229004, 12.281192779541016, 32.132049560546875, 10.648331642150879, 7.562061786651611, 22.529390335083008, 37.409000396728516, 29.603248596191406, 24.21408462524414, 17.757038116455078, 23.318178176879883, 14.555988311767578, 5.270180702209473, 1.4568901062011719, 17.601329803466797, 32.653465270996094, 8.980352401733398, 4.731600284576416, 30.22905731201172, 27.35942840576172, 15.424220085144043, 7.665323257446289, 12.998061180114746, 28.231149673461914, 47.40399932861328, 23.634061813354492, 50.961631774902344, 14.719245910644531, 5.3448967933654785, 7.9698991775512695, 2.630777597427368, 4.633238792419434, 12.601511001586914, 20.350109100341797, 15.794325828552246, 25.00457191467285, 21.167198181152344, 21.163318634033203, 8.795792579650879, 7.019001007080078, 25.456558227539062, 12.568856239318848, 31.032590866088867, 15.180023193359375, 22.599363327026367, 36.8799934387207, 22.787738800048828, 19.92253875732422, 3.0522546768188477, 1.2707313299179077, 5.5279412269592285, 11.986817359924316, 30.105606079101562, 29.084548950195312, 24.412487030029297, 14.070560455322266, 10.551312446594238, 18.360313415527344, 22.611154556274414, 32.39149856567383, 29.206323623657227, 34.26909255981445, 6.946603775024414, 6.735167980194092, 6.325001239776611, 19.68572425842285, 13.506793975830078, 4.103054046630859, 1.1429717540740967, 10.0110445022583, 26.45208168029785, 26.452842712402344, 5.298852920532227, 3.9726150035858154, 26.725996017456055, 20.411588668823242, 5.132707595825195, 20.68045425415039, 24.55352210998535, 16.9498291015625, 13.136483192443848, 7.113483428955078, 24.562517166137695, 11.817959785461426, 28.20394515991211, 23.12746810913086, 25.48465347290039, 24.37356948852539, 16.61609649658203, 21.170150756835938, 27.590791702270508, 12.347423553466797, 13.241486549377441, 11.60772705078125, 24.630266189575195, 10.032629013061523, 35.2610969543457, 6.845994472503662, 24.485153198242188, 8.697339057922363, 10.495229721069336, 3.277472734451294, 38.510250091552734, 9.633742332458496, 28.86417007446289, 21.221511840820312, 6.91495418548584, 15.828857421875, 18.633014678955078, 24.15570068359375, 12.662853240966797, 14.117074012756348, 29.83156967163086, 21.962478637695312, 28.369646072387695, 0.581373393535614, 37.6629753112793, 34.44672775268555, 21.680044174194336, 24.688508987426758, 18.488000869750977, 33.71501159667969, 15.685647010803223, 13.805554389953613, 38.19969940185547, 36.857826232910156, 35.89054870605469, 4.497453689575195, 15.76681900024414, 4.5520758628845215, 2.367079734802246, 44.168704986572266, 22.676767349243164, 17.939119338989258, 10.344615936279297, 16.105920791625977, 23.142250061035156, 25.639677047729492, 6.81246280670166, 35.979305267333984, 14.598282814025879, 18.70171546936035, 20.597810745239258, 18.37002944946289, 29.700841903686523, 7.537722587585449, 30.455350875854492, 21.373910903930664, 28.318235397338867, 21.255807876586914, 0.5630708932876587, 2.6219899654388428, 21.48670196533203, 9.766018867492676, 29.286659240722656, 18.019071578979492, 19.84892463684082, 14.842363357543945, 20.155776977539062, 23.998891830444336, 10.98613166809082, 23.313039779663086, 24.18932342529297, 24.044147491455078, 1.8841993808746338, 22.667139053344727, 27.023115158081055, 34.11088943481445, 9.064168930053711, 35.44742965698242, 13.829916000366211, 3.7280733585357666, 13.489532470703125, 30.297832489013672, 29.23983383178711, 15.423322677612305, 20.47369956970215, 18.07154083251953, 15.291796684265137, 3.120345115661621, 3.7175486087799072, 39.21958541870117, 21.717161178588867, 40.454986572265625, 32.43947219848633, 24.022554397583008, 5.110754013061523, 23.044050216674805, 7.234277248382568, 45.373287200927734, 4.815465927124023, 33.816444396972656, 3.7486038208007812, 10.485992431640625, 10.230051040649414, 19.493349075317383, 0.5600655674934387, 12.556880950927734, 24.099328994750977, 33.02341842651367, 1.766478419303894, 35.30705261230469, 2.596982479095459, 22.905841827392578, 24.234121322631836, 28.607345581054688, 20.54703140258789, 8.146876335144043, 11.343791961669922, 35.847198486328125, 5.165126323699951, 22.477766036987305, 30.838842391967773, 32.88101577758789, 28.5255069732666, 22.273080825805664, 18.605375289916992, 6.808432102203369, 2.251115322113037, 27.51215171813965, 30.908559799194336, 19.086055755615234, 18.407167434692383, 11.637765884399414, 24.577669143676758, 29.649669647216797, 10.611896514892578, 34.89216232299805, 32.182247161865234, 1.533229112625122, 31.211469650268555, 12.811318397521973, 21.797025680541992, 22.418996810913086, 34.65498352050781, 12.290828704833984, 21.59973907470703, 5.323022365570068, 1.1211789846420288, 18.444311141967773, 15.823033332824707]",0.0,"[2.0, 3.0, 2.0, 1.0, 0.0, 1.0, 2.0, 0.0, 0.0, 4.0, 2.0, 0.0, 2.0, 1.0, 1.0, 0.0, 1.0, 2.0, 1.0, 3.0, 2.0, 2.0, 2.0, 1.0, 2.0, 2.0, 1.0, 4.0, 2.0, 4.0, 2.0, 2.0, 2.0, 2.0, 1.0, 3.0, 0.0, 2.0, 1.0, 1.0, 2.0, 2.0, 2.0, 2.0, 1.0, 2.0, 1.0, 3.0, 1.0, 2.0, 3.0, 2.0, 3.0, 0.0, 2.0, 0.0, 2.0, 0.0, 3.0, 3.0, 0.0, 2.0, 1.0, 1.0, 0.0, 2.0, 1.0, 2.0, 3.0, 0.0, 0.0, 1.0, 2.0, 2.0, 0.0, 2.0, 2.0, 2.0, 2.0, 0.0, 2.0, 0.0, 3.0, 1.0, 2.0, 1.0, 0.0, 0.0, 3.0, 1.0, 2.0, 0.0, 3.0, 1.0, 0.0, 2.0, 1.0, 2.0, 1.0, 5.0, 2.0, 2.0, 2.0, 2.0, 1.0, 2.0, 2.0, 2.0, 1.0, 2.0, 1.0, 3.0, 2.0, 3.0, 2.0, 1.0, 0.0, 2.0, 0.0, 2.0, 0.0, 2.0, 1.0, 1.0, 1.0, 0.0, 1.0, 3.0, 1.0, 2.0, 1.0, 1.0, 0.0, 0.0, 1.0, 0.0, 1.0, 1.0, 1.0, 1.0, 0.0, 2.0, 0.0, 1.0, 1.0, 3.0, 1.0, 2.0, 1.0, 0.0, 2.0, 0.0, 2.0, 3.0, 1.0, 2.0, 1.0, 1.0, 0.0, 3.0, 1.0, 2.0, 2.0, 1.0, 1.0, 2.0, 0.0, 2.0, 2.0, 3.0, 1.0, 1.0, 1.0, 1.0, 1.0, 0.0, 2.0, 1.0, 0.0, 3.0, 0.0, 3.0, 1.0, 0.0, 2.0, 1.0, 0.0, 1.0, 2.0, 3.0, 1.0, 2.0, 2.0, 1.0, 2.0, 2.0, 1.0, 0.0, 0.0, 3.0, 0.0, 2.0, 1.0, 2.0, 2.0, 1.0, 1.0, 1.0, 0.0, 1.0, 0.0, 2.0, 1.0, 3.0, 1.0, 0.0, 0.0, 2.0, 2.0, 2.0, 2.0, 2.0, 0.0, 2.0, 0.0, 1.0, 0.0, 2.0, 0.0, 0.0, 2.0, 2.0, 0.0, 2.0, 2.0, 1.0, 1.0, 2.0, 1.0, 0.0, 0.0, 3.0, 2.0, 2.0, 0.0, 1.0, 3.0, 2.0, 2.0, 2.0, 3.0, 3.0, 5.0, 2.0, 1.0, 1.0, 1.0, 0.0, 3.0, 0.0, 2.0, 4.0, 1.0, 0.0, 1.0, 2.0, 2.0, 3.0, 2.0, 2.0, 3.0, 2.0, 0.0, 2.0, 2.0, 2.0, 1.0, 0.0, 3.0, 0.0, 1.0, 0.0, 3.0, 1.0, 2.0, 0.0, 1.0, 1.0, 2.0, 2.0, 2.0, 2.0, 0.0, 1.0, 1.0, 1.0, 2.0, 3.0, 1.0, 0.0, 3.0, 0.0, 1.0, 3.0, 0.0, 0.0, 1.0, 2.0, 0.0, 0.0, 2.0, 3.0, 1.0, 3.0, 2.0, 0.0, 0.0, 1.0, 1.0, 1.0, 3.0, 1.0, 2.0, 2.0, 2.0, 0.0, 1.0, 0.0, 2.0, 2.0, 0.0, 2.0, 4.0, 3.0, 2.0, 4.0, 3.0, 2.0, 2.0, 1.0, 4.0, 2.0, 0.0, 2.0, 0.0, 4.0, 1.0, 3.0, 0.0, 3.0, 2.0, 3.0, 1.0, 5.0, 2.0, 2.0, 0.0, 2.0, 0.0, 2.0, 1.0, 0.0, 0.0, 2.0, 1.0, 3.0, 2.0, 0.0, 1.0, 0.0]",COMPLETE
