,number,value,datetime_start,datetime_complete,duration,params_batch_size_scaler,params_constant_learning_rate,params_depth,params_epochs,params_kernel_l2,params_num_trees,params_temperature,user_attrs_accuracy_test,user_attrs_accuracy_valid,user_attrs_approximate_feature_sparsity,user_attrs_approximate_feature_sparsity_history,user_attrs_approximate_weight_sparsity,user_attrs_approximate_weight_sparsity_history,user_attrs_auc_test,user_attrs_auc_valid,user_attrs_feature_sparsity,user_attrs_feature_sparsity_history,user_attrs_num_epochs,user_attrs_val_loss_history,user_attrs_weight_sparsity,user_attrs_weight_sparsity_history,state
39,39,0.7214643634630495,2024-08-31 01:49:20.148098,2024-08-31 01:49:38.283350,0 days 00:00:18.135252,64,0.05490539153733733,3,145,0.014976429055211281,41,0.00014867808023698558,0.87,0.86625,33,"[33, 33, 33, 33, 33, 33, 33, 33, 33, 33, 33, 33, 33, 33, 33, 33, 33, 33, 33, 33, 33, 33, 33, 33, 33, 33, 33, 33, 33, 33, 33, 33, 33, 33, 33, 33, 33, 33, 33, 33, 33, 33, 33, 33, 33, 33, 33, 33, 33, 33, 33, 33, 33, 33, 33, 33, 33, 33, 33, 33, 33, 33, 33, 33, 33, 33, 33, 33, 33, 33, 33, 33, 33, 33, 33, 33, 33, 33, 33, 33, 33, 33, 33, 33, 33, 33, 33, 33, 33, 33, 33, 33, 33, 33, 33, 33, 33, 33, 33, 33, 33, 33, 33, 33, 33, 33, 33, 33, 33, 33, 33, 33, 33, 33, 33, 33, 33, 33, 33, 33, 33, 33, 33, 33, 33, 33, 33, 33, 33, 33, 33, 33, 33, 33, 33, 33, 33, 33, 33, 33, 33, 33, 33, 33, 33]",32.97560975609756,"[32.98606271777004, 32.98954703832753, 32.98257839721254, 32.97909407665505, 32.97212543554007, 32.98257839721254, 32.98257839721255, 32.97212543554007, 32.97909407665505, 32.97560975609756, 32.97212543554007, 32.97212543554007, 32.98257839721255, 32.98257839721255, 32.98257839721254, 32.97909407665505, 32.97909407665505, 32.98257839721254, 32.968641114982574, 32.98257839721255, 32.97212543554007, 32.98954703832753, 32.98606271777004, 32.98606271777004, 32.98257839721254, 32.97560975609756, 32.97909407665505, 32.96864111498258, 32.97212543554007, 32.97212543554007, 32.97560975609756, 32.97909407665506, 32.98257839721255, 32.97560975609756, 32.97560975609756, 32.97560975609756, 32.96515679442509, 32.97212543554007, 32.96864111498258, 32.97560975609756, 32.97212543554007, 32.97560975609756, 32.97560975609756, 32.96864111498258, 32.97560975609756, 32.965156794425084, 32.965156794425084, 32.96864111498258, 32.97560975609756, 32.98257839721254, 32.98257839721254, 32.98257839721255, 32.97909407665505, 32.97909407665505, 32.98257839721255, 32.97560975609756, 32.97212543554007, 32.97212543554007, 32.97212543554007, 32.97212543554007, 32.97560975609756, 32.97560975609756, 32.97909407665505, 32.98606271777004, 32.98606271777004, 32.98257839721254, 32.97560975609756, 32.97909407665505, 32.97560975609756, 32.97212543554007, 32.97909407665505, 32.98257839721254, 32.97560975609756, 32.97560975609756, 32.961672473867594, 32.961672473867594, 32.961672473867594, 32.9616724738676, 32.965156794425084, 32.97560975609756, 32.98606271777004, 32.97909407665505, 32.98606271777004, 32.98606271777004, 32.97560975609756, 32.98257839721254, 32.97909407665505, 32.98606271777004, 32.97909407665505, 32.98606271777004, 32.98257839721254, 32.98606271777003, 32.97909407665505, 32.97909407665505, 32.98606271777004, 32.98954703832753, 32.97212543554007, 32.97560975609756, 32.98257839721254, 32.98606271777004, 32.98606271777004, 32.97909407665505, 32.97909407665505, 32.97909407665505, 32.98257839721254, 32.97909407665505, 32.98954703832753, 32.97909407665505, 32.97909407665506, 32.97909407665506, 32.97909407665505, 32.97560975609756, 32.97909407665505, 32.96864111498258, 32.965156794425084, 32.97212543554007, 32.968641114982574, 32.97560975609756, 32.97560975609756, 32.97909407665505, 32.97560975609756, 32.97909407665505, 32.97560975609756, 32.98606271777004, 32.98954703832753, 32.98954703832753, 32.98257839721254, 32.98606271777004, 32.98606271777004, 32.97909407665505, 32.97909407665505, 32.97560975609756, 32.97560975609756, 32.97560975609756, 32.97560975609756, 32.97212543554007, 32.97560975609756, 32.97909407665505, 32.97909407665505, 32.97560975609756, 32.97560975609756, 32.98257839721255, 32.98954703832753, 32.97560975609756, 32.97560975609756]",0.7502951642599427,0.7214643634630495,33,"[33, 33, 33, 33, 33, 33, 33, 33, 33, 33, 33, 33, 33, 33, 33, 33, 33, 33, 33, 33, 33, 33, 33, 33, 33, 33, 33, 33, 33, 33, 33, 33, 33, 33, 33, 33, 33, 33, 33, 33, 33, 33, 33, 33, 33, 33, 33, 33, 33, 33, 33, 33, 33, 33, 33, 33, 33, 33, 33, 33, 33, 33, 33, 33, 33, 33, 33, 33, 33, 33, 33, 33, 33, 33, 33, 33, 33, 33, 33, 33, 33, 33, 33, 33, 33, 33, 33, 33, 33, 33, 33, 33, 33, 33, 33, 33, 33, 33, 33, 33, 33, 33, 33, 33, 33, 33, 33, 33, 33, 33, 33, 33, 33, 33, 33, 33, 33, 33, 33, 33, 33, 33, 33, 33, 33, 33, 33, 33, 33, 33, 33, 33, 33, 33, 33, 33, 33, 33, 33, 33, 33, 33, 33, 33, 33]",145,"[0.5126104354858398, 0.4569021463394165, 0.431004136800766, 0.4194878041744232, 0.4140143096446991, 0.4108457863330841, 0.4090118110179901, 0.40705636143684387, 0.4058646261692047, 0.4046121835708618, 0.40364009141921997, 0.4026722013950348, 0.40153321623802185, 0.4006093740463257, 0.3995601534843445, 0.3985437750816345, 0.39779946208000183, 0.39700207114219666, 0.39612501859664917, 0.39510494470596313, 0.39424648880958557, 0.39341309666633606, 0.3927042782306671, 0.39189451932907104, 0.3910409212112427, 0.3904772996902466, 0.389804482460022, 0.38921210169792175, 0.3886473476886749, 0.387965589761734, 0.38747110962867737, 0.38688960671424866, 0.3864029049873352, 0.38587504625320435, 0.38536781072616577, 0.38496190309524536, 0.38427847623825073, 0.383629709482193, 0.38333502411842346, 0.38276681303977966, 0.3823119103908539, 0.38176363706588745, 0.38130703568458557, 0.38102012872695923, 0.38057848811149597, 0.38021937012672424, 0.3797997534275055, 0.3793587386608124, 0.37931206822395325, 0.3788692355155945, 0.378251314163208, 0.37789785861968994, 0.37770095467567444, 0.3773314356803894, 0.37705445289611816, 0.37673723697662354, 0.37626734375953674, 0.37576988339424133, 0.37541335821151733, 0.3751566708087921, 0.37480753660202026, 0.3745339512825012, 0.3742636740207672, 0.37410134077072144, 0.37379875779151917, 0.3736450970172882, 0.3733842968940735, 0.37316182255744934, 0.3728848397731781, 0.37256747484207153, 0.3722468912601471, 0.37203678488731384, 0.3717604875564575, 0.3715299367904663, 0.37128153443336487, 0.37097540497779846, 0.3707074820995331, 0.3705941140651703, 0.37048131227493286, 0.37019670009613037, 0.37023934721946716, 0.37004950642585754, 0.3699907958507538, 0.36996081471443176, 0.369577556848526, 0.36904117465019226, 0.36877888441085815, 0.3685663938522339, 0.3683863580226898, 0.3682168126106262, 0.3680523931980133, 0.3678140342235565, 0.367730975151062, 0.36743274331092834, 0.36733418703079224, 0.3671661615371704, 0.3668905198574066, 0.36668214201927185, 0.36654964089393616, 0.36628958582878113, 0.3661264479160309, 0.36590489745140076, 0.3657921850681305, 0.36555394530296326, 0.36542508006095886, 0.3652461767196655, 0.36510345339775085, 0.3649609088897705, 0.36474454402923584, 0.3645743131637573, 0.3644784986972809, 0.36426421999931335, 0.3641388714313507, 0.3639332950115204, 0.3637866973876953, 0.36370399594306946, 0.3636009991168976, 0.3634691536426544, 0.36357298493385315, 0.3634062707424164, 0.3632011115550995, 0.3629492223262787, 0.3628019094467163, 0.36292386054992676, 0.362699955701828, 0.3627612292766571, 0.3626997768878937, 0.3624783456325531, 0.36247026920318604, 0.36213597655296326, 0.36219123005867004, 0.36171311140060425, 0.36152398586273193, 0.3613770306110382, 0.36130982637405396, 0.36110180616378784, 0.36095622181892395, 0.3608837127685547, 0.360738068819046, 0.36057376861572266, 0.36041495203971863, 0.3602360785007477, 0.3600808084011078, 0.359974205493927, 0.35990986227989197]",33.0,"[33.0, 33.0, 33.0, 33.0, 33.0, 33.0, 33.0, 33.0, 33.0, 33.0, 33.0, 33.0, 33.0, 33.0, 33.0, 33.0, 33.0, 33.0, 33.0, 33.0, 33.0, 33.0, 33.0, 33.0, 33.0, 33.0, 33.0, 33.0, 33.0, 33.0, 33.0, 33.0, 33.0, 33.0, 33.0, 33.0, 33.0, 33.0, 33.0, 33.0, 33.0, 33.0, 33.0, 33.0, 33.0, 33.0, 33.0, 33.0, 33.0, 33.0, 33.0, 33.0, 33.0, 33.0, 33.0, 33.0, 33.0, 33.0, 33.0, 33.0, 33.0, 33.0, 33.0, 33.0, 33.0, 33.0, 33.0, 33.0, 33.0, 33.0, 33.0, 33.0, 33.0, 33.0, 33.0, 33.0, 33.0, 33.0, 33.0, 33.0, 33.0, 33.0, 33.0, 33.0, 33.0, 33.0, 33.0, 33.0, 33.0, 33.0, 33.0, 33.0, 33.0, 33.0, 33.0, 33.0, 33.0, 33.0, 33.0, 33.0, 33.0, 33.0, 33.0, 33.0, 33.0, 33.0, 33.0, 33.0, 33.0, 33.0, 33.0, 33.0, 33.0, 33.0, 33.0, 33.0, 33.0, 33.0, 33.0, 33.0, 33.0, 33.0, 33.0, 33.0, 33.0, 33.0, 33.0, 33.0, 33.0, 33.0, 33.0, 33.0, 33.0, 33.0, 33.0, 33.0, 33.0, 33.0, 33.0, 33.0, 33.0, 33.0, 33.0, 33.0, 33.0]",COMPLETE
