,number,value,datetime_start,datetime_complete,duration,params_batch_size_scaler,params_constant_learning_rate,params_depth,params_epochs,params_kernel_l2,params_num_trees,params_temperature,user_attrs_accuracy_test,user_attrs_accuracy_valid,user_attrs_approximate_feature_sparsity,user_attrs_approximate_feature_sparsity_history,user_attrs_approximate_weight_sparsity,user_attrs_approximate_weight_sparsity_history,user_attrs_auc_test,user_attrs_auc_valid,user_attrs_feature_sparsity,user_attrs_feature_sparsity_history,user_attrs_num_epochs,user_attrs_val_loss_history,user_attrs_weight_sparsity,user_attrs_weight_sparsity_history,state
76,76,0.9332354342981541,2024-08-31 04:07:10.001541,2024-08-31 04:29:06.953258,0 days 00:21:56.951717,1,0.1167988555362201,6,280,0.0012757642688337096,72,0.0002927941293931419,0.944,0.94375,33,"[33, 33, 33, 33, 33, 33, 33, 33, 33, 33, 33, 33, 33, 33, 33, 33, 33, 33, 33, 33, 33, 33, 33, 33, 33, 33, 33, 33, 33, 33, 33, 33, 33, 33, 33, 33, 33, 33, 33, 33, 33, 33, 33, 33, 33, 33, 33, 33, 33, 33, 33, 33, 33, 33, 33, 33, 33, 33, 33, 33, 33, 33, 33, 33, 33, 33, 33, 33, 33, 33, 33, 33, 33, 33, 33, 33, 33, 33, 33, 33, 33, 33, 33, 33, 33, 33, 33, 33, 33, 33, 33, 33, 33, 33, 33, 33, 33, 33, 33, 33, 33, 33, 33, 33, 33, 33, 33, 33, 33, 33, 33, 33, 33, 33, 33, 33, 33, 33, 33, 33, 33, 33, 33, 33, 33, 33, 33, 33, 33, 33, 33, 33, 33, 33, 33, 33, 33, 33, 33, 33, 33, 33, 33, 33, 33, 33, 33, 33, 33, 33, 33, 33, 33, 33, 33, 33, 33, 33, 33, 33, 33, 33, 33, 33, 33, 33, 33, 33, 33, 33, 33, 33, 33, 33, 33, 33, 33, 33, 33, 33, 33, 33, 33, 33, 33, 33, 33, 33, 33, 33, 33, 33, 33, 33, 33, 33, 33, 33, 33, 33, 33, 33, 33, 33, 33, 33, 33, 33, 33, 33, 33, 33, 33, 33, 33, 33, 33, 33, 33, 33, 33, 33, 33, 33, 33, 33, 33, 33, 33, 33, 33, 33, 33, 33, 33, 33, 33, 33, 33, 33, 33, 33, 33, 33, 33, 33, 33, 33, 33, 33, 33, 33, 33, 33, 33, 33, 33, 33, 33, 33, 33, 33, 33, 33, 33, 33, 33, 33, 33, 33, 33, 33, 33, 33, 33, 33, 33, 33, 33, 33]",32.91931216931217,"[32.907627865961196, 32.911375661375665, 32.911375661375665, 32.907186948853614, 32.90321869488536, 32.907848324514994, 32.903880070546734, 32.90917107583775, 32.91203703703704, 32.90696649029982, 32.90630511463845, 32.9102733686067, 32.91159611992945, 32.90365961199294, 32.90983245149912, 32.90608465608465, 32.90520282186949, 32.90917107583775, 32.91313932980599, 32.907848324514994, 32.90586419753086, 32.89748677248677, 32.904541446208114, 32.90432098765432, 32.91291887125221, 32.90961199294533, 32.91534391534391, 32.904982363315696, 32.914241622574956, 32.91468253968254, 32.907848324514994, 32.91181657848325, 32.91622574955908, 32.91600529100529, 32.91622574955908, 32.910714285714285, 32.9102733686067, 32.91203703703704, 32.903880070546734, 32.90608465608466, 32.904982363315696, 32.904761904761905, 32.91115520282187, 32.913580246913575, 32.90277777777778, 32.90983245149911, 32.91137566137566, 32.91556437389771, 32.90608465608466, 32.91335978835979, 32.910934744268076, 32.918430335097, 32.91534391534392, 32.91710758377425, 32.91291887125221, 32.91556437389771, 32.91600529100529, 32.913800705467374, 32.91688712522046, 32.91446208112875, 32.913139329806, 32.90983245149912, 32.910934744268076, 32.91137566137566, 32.91115520282187, 32.91269841269841, 32.910493827160494, 32.90895061728395, 32.907186948853614, 32.90343915343915, 32.90696649029982, 32.904761904761905, 32.91203703703704, 32.90630511463845, 32.91446208112875, 32.91181657848325, 32.911155202821874, 32.910934744268076, 32.90850970017637, 32.91534391534391, 32.913359788359784, 32.91644620811287, 32.916887125220455, 32.917328042328045, 32.917328042328045, 32.91512345679012, 32.91688712522046, 32.91512345679013, 32.91247795414462, 32.91446208112875, 32.90850970017637, 32.914241622574956, 32.911596119929456, 32.91203703703704, 32.908289241622576, 32.90674603174603, 32.9102733686067, 32.913800705467374, 32.9155643738977, 32.90983245149911, 32.908068783068785, 32.91446208112875, 32.91468253968254, 32.913359788359784, 32.913359788359784, 32.91776895943563, 32.919973544973544, 32.920414462081126, 32.92460317460318, 32.91931216931217, 32.92438271604939, 32.92173721340388, 32.920194003527335, 32.9212962962963, 32.91931216931217, 32.923500881834215, 32.923500881834215, 32.92504409171076, 32.92085537918871, 32.92239858906525, 32.91975308641975, 32.918430335097, 32.91688712522046, 32.914902998236336, 32.920194003527335, 32.92107583774251, 32.91512345679012, 32.90895061728395, 32.90696649029983, 32.90895061728395, 32.91269841269842, 32.918430335097, 32.919973544973544, 32.91931216931217, 32.92107583774251, 32.91820987654321, 32.91622574955908, 32.91446208112875, 32.91490299823633, 32.91622574955908, 32.91909171075837, 32.91490299823633, 32.91490299823633, 32.91534391534392, 32.914462081128754, 32.91247795414462, 32.91269841269841, 32.9155643738977, 32.91512345679012, 32.91115520282187, 32.910493827160494, 32.91468253968254, 32.91512345679013, 32.9102733686067, 32.91556437389771, 32.913800705467374, 32.916887125220455, 32.9157848324515, 32.91622574955908, 32.9212962962963, 32.92416225749559, 32.92173721340388, 32.92239858906525, 32.92416225749559, 32.91931216931217, 32.91909171075838, 32.92328042328042, 32.918430335097, 32.9212962962963, 32.92151675485008, 32.91887125220459, 32.92151675485009, 32.91688712522046, 32.91975308641975, 32.917328042328045, 32.914241622574956, 32.91666666666667, 32.91865079365079, 32.91820987654321, 32.91622574955908, 32.91644620811287, 32.91776895943563, 32.92085537918871, 32.920414462081126, 32.92107583774251, 32.92195767195767, 32.918430335097, 32.91931216931217, 32.91931216931217, 32.9212962962963, 32.91931216931217, 32.918430335097, 32.917548500881836, 32.911375661375665, 32.91622574955908, 32.916666666666664, 32.91534391534392, 32.91247795414462, 32.9102733686067, 32.91512345679012, 32.91556437389771, 32.91644620811287, 32.91446208112875, 32.91622574955908, 32.91468253968254, 32.9102733686067, 32.90895061728395, 32.910493827160494, 32.908289241622576, 32.91181657848325, 32.90652557319224, 32.91380070546737, 32.910714285714285, 32.910493827160494, 32.9102733686067, 32.9049823633157, 32.907848324514994, 32.90917107583774, 32.90630511463845, 32.90652557319224, 32.90674603174603, 32.907186948853614, 32.913800705467374, 32.90961199294533, 32.911375661375665, 32.910493827160494, 32.907186948853614, 32.90784832451499, 32.90608465608466, 32.90277777777778, 32.90520282186949, 32.90520282186949, 32.90652557319224, 32.90520282186949, 32.907627865961196, 32.90873015873016, 32.90542328042328, 32.90895061728395, 32.910714285714285, 32.910934744268076, 32.90917107583774, 32.90873015873016, 32.91137566137566, 32.91291887125221, 32.91446208112875, 32.91247795414462, 32.9129188712522, 32.91269841269841, 32.91688712522046, 32.91798941798942, 32.9157848324515, 32.91666666666667, 32.917107583774246, 32.917328042328045, 32.91798941798942, 32.917548500881836, 32.919312169312164, 32.919973544973544, 32.91865079365079, 32.914021164021165, 32.91512345679012, 32.91975308641975, 32.91644620811287, 32.914902998236336, 32.91798941798942, 32.9212962962963, 32.92305996472663, 32.92195767195767, 32.923280423280424, 32.92504409171076, 32.91975308641975, 32.91887125220458, 32.91909171075838, 32.91534391534391, 32.917328042328045, 32.91622574955908, 32.917548500881836, 32.91644620811288, 32.91798941798942, 32.91931216931217]",0.9227866808675766,0.9332354342981541,33,"[33, 33, 33, 33, 33, 33, 33, 33, 33, 33, 33, 33, 33, 33, 33, 33, 33, 33, 33, 33, 33, 33, 33, 33, 33, 33, 33, 33, 33, 33, 33, 33, 33, 33, 33, 33, 33, 33, 33, 33, 33, 33, 33, 33, 33, 33, 33, 33, 33, 33, 33, 33, 33, 33, 33, 33, 33, 33, 33, 33, 33, 33, 33, 33, 33, 33, 33, 33, 33, 33, 33, 33, 33, 33, 33, 33, 33, 33, 33, 33, 33, 33, 33, 33, 33, 33, 33, 33, 33, 33, 33, 33, 33, 33, 33, 33, 33, 33, 33, 33, 33, 33, 33, 33, 33, 33, 33, 33, 33, 33, 33, 33, 33, 33, 33, 33, 33, 33, 33, 33, 33, 33, 33, 33, 33, 33, 33, 33, 33, 33, 33, 33, 33, 33, 33, 33, 33, 33, 33, 33, 33, 33, 33, 33, 33, 33, 33, 33, 33, 33, 33, 33, 33, 33, 33, 33, 33, 33, 33, 33, 33, 33, 33, 33, 33, 33, 33, 33, 33, 33, 33, 33, 33, 33, 33, 33, 33, 33, 33, 33, 33, 33, 33, 33, 33, 33, 33, 33, 33, 33, 33, 33, 33, 33, 33, 33, 33, 33, 33, 33, 33, 33, 33, 33, 33, 33, 33, 33, 33, 33, 33, 33, 33, 33, 33, 33, 33, 33, 33, 33, 33, 33, 33, 33, 33, 33, 33, 33, 33, 33, 33, 33, 33, 33, 33, 33, 33, 33, 33, 33, 33, 33, 33, 33, 33, 33, 33, 33, 33, 33, 33, 33, 33, 33, 33, 33, 33, 33, 33, 33, 33, 33, 33, 33, 33, 33, 33, 33, 33, 33, 33, 33, 33, 33, 33, 33, 33, 33, 33, 33]",280,"[0.385221928358078, 0.375900536775589, 0.3703194856643677, 0.3658294677734375, 0.36361145973205566, 0.3593685030937195, 0.35581889748573303, 0.3522592782974243, 0.34910979866981506, 0.34601786732673645, 0.342505544424057, 0.339280903339386, 0.3365069329738617, 0.33449265360832214, 0.3303106725215912, 0.3272785544395447, 0.32290589809417725, 0.3182762861251831, 0.31410080194473267, 0.30946266651153564, 0.3039880096912384, 0.2989928722381592, 0.29375678300857544, 0.28987231850624084, 0.2834629714488983, 0.2779386639595032, 0.27311527729034424, 0.26886186003685, 0.26425719261169434, 0.2604125142097473, 0.2567490339279175, 0.2543395161628723, 0.25304126739501953, 0.2479603886604309, 0.24543693661689758, 0.24348808825016022, 0.24118709564208984, 0.2398950457572937, 0.23628227412700653, 0.2341560572385788, 0.23357942700386047, 0.23064155876636505, 0.22996795177459717, 0.22863666713237762, 0.2254871428012848, 0.2261189967393875, 0.22456605732440948, 0.22191621363162994, 0.22165027260780334, 0.21922320127487183, 0.2175544798374176, 0.21555374562740326, 0.21565042436122894, 0.21374234557151794, 0.21176183223724365, 0.21152977645397186, 0.20928756892681122, 0.21021787822246552, 0.2083442360162735, 0.20922517776489258, 0.2075967788696289, 0.20483194291591644, 0.20447319746017456, 0.20313428342342377, 0.20360878109931946, 0.20217403769493103, 0.20133469998836517, 0.20130471885204315, 0.19939881563186646, 0.19973568618297577, 0.1977410912513733, 0.1968705952167511, 0.19697020947933197, 0.19841916859149933, 0.19867564737796783, 0.19519896805286407, 0.19520439207553864, 0.19304704666137695, 0.19542330503463745, 0.19232212007045746, 0.19373799860477448, 0.1931220442056656, 0.19347962737083435, 0.1941545456647873, 0.19214287400245667, 0.19153989851474762, 0.19104298949241638, 0.1938539445400238, 0.1914994865655899, 0.1879989206790924, 0.1869780570268631, 0.19117921590805054, 0.18712148070335388, 0.18612070381641388, 0.1887952983379364, 0.18651112914085388, 0.18651606142520905, 0.18712730705738068, 0.18816155195236206, 0.1837759017944336, 0.18481920659542084, 0.1840854436159134, 0.1850431263446808, 0.18400028347969055, 0.183747336268425, 0.18292994797229767, 0.1809781789779663, 0.18282513320446014, 0.18811415135860443, 0.1820637285709381, 0.181736558675766, 0.17972560226917267, 0.18796834349632263, 0.1833934336900711, 0.18069764971733093, 0.1814974993467331, 0.180893674492836, 0.1797586977481842, 0.1786445677280426, 0.17933279275894165, 0.17759130895137787, 0.1807667762041092, 0.17624825239181519, 0.17718662321567535, 0.17964310944080353, 0.18263126909732819, 0.17890305817127228, 0.17870616912841797, 0.17777767777442932, 0.17718647420406342, 0.1753166764974594, 0.17827753722667694, 0.17560738325119019, 0.17625924944877625, 0.1764594465494156, 0.17407269775867462, 0.17808912694454193, 0.17516230046749115, 0.17388644814491272, 0.17434461414813995, 0.17423753440380096, 0.17263954877853394, 0.17430682480335236, 0.17656069993972778, 0.172637939453125, 0.1740264743566513, 0.17622840404510498, 0.1733340322971344, 0.17246748507022858, 0.1741591989994049, 0.17312392592430115, 0.17384135723114014, 0.17556579411029816, 0.17288728058338165, 0.17662204802036285, 0.17628151178359985, 0.17558570206165314, 0.172505185008049, 0.16970130801200867, 0.17186260223388672, 0.17251381278038025, 0.17121894657611847, 0.17292650043964386, 0.17302103340625763, 0.17185305058956146, 0.1739904284477234, 0.1698019802570343, 0.16969266533851624, 0.17078500986099243, 0.1740937978029251, 0.17322225868701935, 0.170798659324646, 0.1750471293926239, 0.17274577915668488, 0.17149537801742554, 0.17470890283584595, 0.17236465215682983, 0.17466437816619873, 0.17688646912574768, 0.1764734834432602, 0.17181396484375, 0.17210300266742706, 0.1696503460407257, 0.1748180389404297, 0.17431987822055817, 0.1702231466770172, 0.17576482892036438, 0.17294953763484955, 0.17851248383522034, 0.17262259125709534, 0.1762048602104187, 0.17563138902187347, 0.17247609794139862, 0.17390960454940796, 0.17737999558448792, 0.17335611581802368, 0.17705656588077545, 0.17521217465400696, 0.17535367608070374, 0.17646928131580353, 0.17622192203998566, 0.1762012094259262, 0.17519448697566986, 0.17588533461093903, 0.17787235975265503, 0.1786799430847168, 0.17386826872825623, 0.1756000518798828, 0.17906245589256287, 0.1766815334558487, 0.178171306848526, 0.17413024604320526, 0.17640703916549683, 0.1784801036119461, 0.18050913512706757, 0.17968305945396423, 0.17714475095272064, 0.17630572617053986, 0.1818111538887024, 0.17853280901908875, 0.17808955907821655, 0.1786225438117981, 0.1777474582195282, 0.1776048094034195, 0.17725257575511932, 0.17757348716259003, 0.17852231860160828, 0.17748937010765076, 0.18140505254268646, 0.18122319877147675, 0.1806817501783371, 0.1820761263370514, 0.179616317152977, 0.17996807396411896, 0.179359570145607, 0.18165889382362366, 0.17988158762454987, 0.17853939533233643, 0.17972898483276367, 0.17921382188796997, 0.18130110204219818, 0.18250924348831177, 0.18133190274238586, 0.1820317804813385, 0.18201351165771484, 0.18587744235992432, 0.183691143989563, 0.1832975149154663, 0.18184539675712585, 0.18308007717132568, 0.18098238110542297, 0.18440796434879303, 0.18900249898433685, 0.18372483551502228, 0.18495452404022217, 0.18374508619308472, 0.18673357367515564, 0.18451708555221558, 0.18594129383563995, 0.1844756007194519, 0.18344804644584656, 0.1857294887304306, 0.19002589583396912, 0.18570633232593536, 0.18597182631492615, 0.1884729266166687, 0.18693231046199799, 0.18685410916805267, 0.18745240569114685, 0.18771347403526306, 0.18671312928199768, 0.18832355737686157, 0.18772371113300323, 0.18725347518920898, 0.18726323544979095, 0.1901191771030426, 0.19222791492938995, 0.1895863115787506, 0.1912122517824173, 0.19199120998382568]",33.0,"[33.0, 33.0, 33.0, 33.0, 33.0, 33.0, 33.0, 33.0, 33.0, 33.0, 33.0, 33.0, 33.0, 33.0, 33.0, 33.0, 33.0, 33.0, 33.0, 33.0, 33.0, 33.0, 33.0, 33.0, 33.0, 33.0, 33.0, 33.0, 33.0, 33.0, 33.0, 33.0, 33.0, 33.0, 33.0, 33.0, 33.0, 33.0, 33.0, 33.0, 33.0, 33.0, 33.0, 33.0, 33.0, 33.0, 33.0, 33.0, 33.0, 33.0, 33.0, 33.0, 33.0, 33.0, 33.0, 33.0, 33.0, 33.0, 33.0, 33.0, 33.0, 33.0, 33.0, 33.0, 33.0, 33.0, 33.0, 33.0, 33.0, 33.0, 33.0, 33.0, 33.0, 33.0, 33.0, 33.0, 33.0, 33.0, 33.0, 33.0, 33.0, 33.0, 33.0, 33.0, 33.0, 33.0, 33.0, 33.0, 33.0, 33.0, 33.0, 33.0, 33.0, 33.0, 33.0, 33.0, 33.0, 33.0, 33.0, 33.0, 33.0, 33.0, 33.0, 33.0, 33.0, 33.0, 33.0, 33.0, 33.0, 33.0, 33.0, 33.0, 33.0, 33.0, 33.0, 33.0, 33.0, 33.0, 33.0, 33.0, 33.0, 33.0, 33.0, 33.0, 33.0, 33.0, 33.0, 33.0, 33.0, 33.0, 33.0, 33.0, 33.0, 33.0, 33.0, 33.0, 33.0, 33.0, 33.0, 33.0, 33.0, 33.0, 33.0, 33.0, 33.0, 33.0, 33.0, 33.0, 33.0, 33.0, 33.0, 33.0, 33.0, 33.0, 33.0, 33.0, 33.0, 33.0, 33.0, 33.0, 33.0, 33.0, 33.0, 33.0, 33.0, 33.0, 33.0, 33.0, 33.0, 33.0, 33.0, 33.0, 33.0, 33.0, 33.0, 33.0, 33.0, 33.0, 33.0, 33.0, 33.0, 33.0, 33.0, 33.0, 33.0, 33.0, 33.0, 33.0, 33.0, 33.0, 33.0, 33.0, 33.0, 33.0, 33.0, 33.0, 33.0, 33.0, 33.0, 33.0, 33.0, 33.0, 33.0, 33.0, 33.0, 33.0, 33.0, 33.0, 33.0, 33.0, 33.0, 33.0, 33.0, 33.0, 33.0, 33.0, 33.0, 33.0, 33.0, 33.0, 33.0, 33.0, 33.0, 33.0, 33.0, 33.0, 33.0, 33.0, 33.0, 33.0, 33.0, 33.0, 33.0, 33.0, 33.0, 33.0, 33.0, 33.0, 33.0, 33.0, 33.0, 33.0, 33.0, 33.0, 33.0, 33.0, 33.0, 33.0, 33.0, 33.0, 33.0, 33.0, 33.0, 33.0, 33.0, 33.0, 33.0, 33.0, 33.0, 33.0, 33.0, 33.0, 33.0, 33.0, 33.0, 33.0, 33.0, 33.0, 33.0, 33.0, 33.0, 33.0, 33.0, 33.0, 33.0, 33.0, 33.0, 33.0, 33.0, 33.0]",COMPLETE
