,number,value,datetime_start,datetime_complete,duration,params_batch_size_scaler,params_constant_learning_rate,params_depth,params_epochs,params_kernel_l2,params_num_trees,params_temperature,user_attrs_accuracy_test,user_attrs_accuracy_valid,user_attrs_approximate_feature_sparsity,user_attrs_approximate_feature_sparsity_history,user_attrs_approximate_weight_sparsity,user_attrs_approximate_weight_sparsity_history,user_attrs_auc_test,user_attrs_auc_valid,user_attrs_feature_sparsity,user_attrs_feature_sparsity_history,user_attrs_num_epochs,user_attrs_val_loss_history,user_attrs_weight_sparsity,user_attrs_weight_sparsity_history,state
5,5,0.5,2024-08-31 00:42:26.709921,2024-08-31 00:46:17.127162,0 days 00:03:50.417241,4,0.4059129621815388,5,470,0.6760122306018131,11,0.001331114808848789,0.859,0.85875,0,"[33, 33, 33, 33, 33, 13, 7, 4, 3, 3, 3, 3, 3, 3, 3, 3, 3, 3, 3, 3, 2, 2, 2, 2, 2, 2, 2, 2, 2, 2, 2, 2, 2, 2, 2, 2, 2, 2, 2, 2, 2, 2, 2, 2, 2, 2, 2, 2, 2, 2, 2, 2, 2, 2, 2, 2, 2, 2, 2, 2, 2, 2, 2, 2, 2, 2, 2, 2, 2, 2, 2, 2, 2, 2, 2, 1, 1, 1, 1, 1, 1, 1, 1, 1, 1, 1, 1, 1, 1, 1, 1, 1, 1, 1, 1, 1, 1, 1, 1, 1, 1, 1, 1, 1, 1, 1, 1, 1, 1, 1, 1, 1, 1, 1, 1, 1, 1, 1, 1, 1, 1, 1, 1, 1, 1, 1, 1, 1, 1, 1, 1, 1, 1, 1, 1, 1, 1, 1, 1, 1, 1, 1, 1, 1, 1, 1, 1, 0, 0, 0, 0, 0, 0, 0, 0, 0, 0, 0, 0, 0, 0, 0, 0, 0, 0, 0, 0, 0, 0, 0, 0, 0, 0, 0, 0, 0, 0, 0, 0, 0, 0, 0, 0, 0, 0, 0, 0, 0, 0, 0, 0, 0, 0, 0, 0, 0, 0, 0, 0, 0, 0, 0, 0, 0, 0, 0, 0, 0, 0, 0, 0, 0, 0, 0, 0, 0, 0, 0, 0, 0, 0, 0, 0, 0, 0, 0, 0, 0, 0, 0, 0, 0, 0, 0, 0, 0, 0, 0, 0, 0, 0, 0, 0, 0, 0, 0, 0, 0, 0, 0, 0, 0, 0, 0, 0, 0, 0, 0, 0, 0, 0, 0, 0, 0, 0, 0, 0, 0, 0, 0, 0, 0, 0, 0, 0, 0, 0, 0, 0, 0, 0, 0, 0, 0, 0, 0, 0, 0, 0, 0, 0, 0, 0, 0, 0, 0, 0, 0, 0, 0, 0, 0, 0, 0, 0, 0, 0, 0, 0, 0, 0, 0, 0, 0, 0, 0, 0, 0, 0, 0, 0, 0, 0, 0, 0, 0, 0, 0, 0, 0, 0, 0, 0, 0, 0, 0, 0, 0, 0, 0, 0, 0, 0, 0, 0, 0, 0, 0, 0, 0, 0, 0, 0, 0, 0, 0, 0, 0, 0, 0, 0, 0, 0, 0, 0, 0, 0, 0, 0, 0, 0, 0, 0, 0, 0, 0, 0, 0, 0, 0, 0, 0, 0, 0, 0, 0, 0, 0, 0, 0, 0, 0, 0, 0, 0, 0, 0, 0, 0, 0, 0, 0, 0, 0, 0, 0, 0, 0, 0, 0, 0, 0, 0, 0, 0, 0, 0, 0, 0, 0, 0, 0, 0, 0, 0, 0, 0, 0, 0, 0, 0, 0, 0, 0, 0, 0, 0, 0, 0, 0, 0, 0, 0, 0, 0, 0, 0, 0, 0, 0, 0, 0, 0, 0, 0, 0, 0, 0, 0, 0, 0, 0, 0, 0, 0, 0, 0, 0, 0, 0]",0.0,"[32.98533724340176, 32.96774193548387, 32.97360703812317, 32.95894428152493, 32.94721407624633, 12.988269794721408, 6.994134897360704, 3.9882697947214076, 2.997067448680352, 2.997067448680352, 2.994134897360704, 3.0, 2.994134897360704, 2.9912023460410557, 2.9882697947214076, 2.997067448680352, 2.994134897360704, 2.994134897360704, 2.994134897360704, 2.994134897360704, 1.997067448680352, 1.997067448680352, 1.9941348973607038, 1.9941348973607038, 1.9941348973607038, 1.9882697947214076, 1.9941348973607038, 1.9882697947214076, 1.997067448680352, 1.9941348973607038, 1.997067448680352, 1.997067448680352, 1.997067448680352, 1.997067448680352, 1.9882697947214076, 1.9912023460410557, 1.9941348973607038, 1.9882697947214076, 1.9912023460410557, 1.9882697947214076, 1.9882697947214076, 1.9882697947214076, 1.9853372434017595, 1.9765395894428153, 1.9618768328445748, 1.9824046920821115, 1.9853372434017595, 1.9882697947214076, 1.9882697947214076, 1.9941348973607038, 1.9882697947214076, 1.9882697947214076, 1.9941348973607038, 1.9941348973607038, 1.9941348973607038, 1.9912023460410557, 1.9794721407624634, 1.9882697947214076, 1.970674486803519, 1.9824046920821115, 1.967741935483871, 1.9765395894428153, 1.9736070381231672, 1.9794721407624634, 1.967741935483871, 1.970674486803519, 1.9618768328445748, 1.9765395894428153, 1.967741935483871, 1.9530791788856305, 1.9736070381231672, 1.9530791788856305, 1.9736070381231672, 1.9765395894428153, 1.93841642228739, 0.9618768328445748, 0.9589442815249267, 0.9648093841642229, 0.9648093841642229, 0.9442815249266863, 0.9384164222873901, 0.9530791788856305, 0.9560117302052786, 0.9442815249266863, 0.9413489736070382, 0.9413489736070382, 0.9530791788856305, 0.9560117302052786, 0.9560117302052786, 0.9501466275659824, 0.9266862170087976, 0.9384164222873901, 0.9765395894428153, 0.9501466275659824, 0.9208211143695014, 0.9560117302052786, 0.9442815249266863, 0.9472140762463344, 0.9589442815249267, 0.9325513196480938, 0.9325513196480938, 0.9354838709677419, 0.9325513196480938, 0.9472140762463344, 0.8856304985337243, 0.9296187683284457, 0.9589442815249267, 0.9384164222873901, 0.9354838709677419, 0.9501466275659824, 0.9618768328445748, 0.9706744868035191, 0.9560117302052786, 0.9736070381231672, 0.9530791788856305, 0.9442815249266863, 0.9472140762463344, 0.9472140762463344, 0.9589442815249267, 0.9560117302052786, 0.9413489736070382, 0.9589442815249267, 0.9472140762463344, 0.9560117302052786, 0.9354838709677419, 0.9618768328445748, 0.9237536656891495, 0.906158357771261, 0.9530791788856305, 0.8123167155425219, 0.8826979472140762, 0.9384164222873901, 0.9472140762463344, 0.6715542521994134, 0.6979472140762464, 0.9325513196480938, 0.6774193548387096, 0.5806451612903226, 0.8357771260997068, 0.9501466275659824, 0.9413489736070382, 0.9354838709677419, 0.8563049853372434, 0.9325513196480938, 0.9325513196480938, 0.9354838709677419, 0.8563049853372434, 0.0, 0.0, 0.0, 0.0, 0.0, 0.0, 0.0, 0.0, 0.0, 0.0, 0.0, 0.0, 0.0, 0.0, 0.0, 0.0, 0.0, 0.0, 0.0, 0.0, 0.0, 0.0, 0.0, 0.0, 0.0, 0.0, 0.0, 0.0, 0.0, 0.0, 0.0, 0.0, 0.0, 0.0, 0.0, 0.0, 0.0, 0.0, 0.0, 0.0, 0.0, 0.0, 0.0, 0.0, 0.0, 0.0, 0.0, 0.0, 0.0, 0.0, 0.0, 0.0, 0.0, 0.0, 0.0, 0.0, 0.0, 0.0, 0.0, 0.0, 0.0, 0.0, 0.0, 0.0, 0.0, 0.0, 0.0, 0.0, 0.0, 0.0, 0.0, 0.0, 0.0, 0.0, 0.0, 0.0, 0.0, 0.0, 0.0, 0.0, 0.0, 0.0, 0.0, 0.0, 0.0, 0.0, 0.0, 0.0, 0.0, 0.0, 0.0, 0.0, 0.0, 0.0, 0.0, 0.0, 0.0, 0.0, 0.0, 0.0, 0.0, 0.0, 0.0, 0.0, 0.0, 0.0, 0.0, 0.0, 0.0, 0.0, 0.0, 0.0, 0.0, 0.0, 0.0, 0.0, 0.0, 0.0, 0.0, 0.0, 0.0, 0.0, 0.0, 0.0, 0.0, 0.0, 0.0, 0.0, 0.0, 0.0, 0.0, 0.0, 0.0, 0.0, 0.0, 0.0, 0.0, 0.0, 0.0, 0.0, 0.0, 0.0, 0.0, 0.0, 0.0, 0.0, 0.0, 0.0, 0.0, 0.0, 0.0, 0.0, 0.0, 0.0, 0.0, 0.0, 0.0, 0.0, 0.0, 0.0, 0.0, 0.0, 0.0, 0.0, 0.0, 0.0, 0.0, 0.0, 0.0, 0.0, 0.0, 0.0, 0.0, 0.0, 0.0, 0.0, 0.0, 0.0, 0.0, 0.0, 0.0, 0.0, 0.0, 0.0, 0.0, 0.0, 0.0, 0.0, 0.0, 0.0, 0.0, 0.0, 0.0, 0.0, 0.0, 0.0, 0.0, 0.0, 0.0, 0.0, 0.0, 0.0, 0.0, 0.0, 0.0, 0.0, 0.0, 0.0, 0.0, 0.0, 0.0, 0.0, 0.0, 0.0, 0.0, 0.0, 0.0, 0.0, 0.0, 0.0, 0.0, 0.0, 0.0, 0.0, 0.0, 0.0, 0.0, 0.0, 0.0, 0.0, 0.0, 0.0, 0.0, 0.0, 0.0, 0.0, 0.0, 0.0, 0.0, 0.0, 0.0, 0.0, 0.0, 0.0, 0.0, 0.0, 0.0, 0.0, 0.0, 0.0, 0.0, 0.0, 0.0, 0.0, 0.0, 0.0, 0.0, 0.0, 0.0, 0.0, 0.0, 0.0, 0.0, 0.0, 0.0, 0.0, 0.0, 0.0, 0.0, 0.0, 0.0, 0.0, 0.0, 0.0, 0.0, 0.0, 0.0, 0.0, 0.0, 0.0, 0.0, 0.0, 0.0, 0.0, 0.0, 0.0, 0.0, 0.0, 0.0, 0.0, 0.0, 0.0, 0.0, 0.0, 0.0, 0.0, 0.0, 0.0, 0.0, 0.0, 0.0, 0.0, 0.0, 0.0, 0.0, 0.0, 0.0, 0.0, 0.0, 0.0, 0.0, 0.0, 0.0, 0.0, 0.0, 0.0, 0.0, 0.0, 0.0, 0.0, 0.0, 0.0, 0.0]",0.5,0.5,0,"[33, 33, 33, 33, 33, 13, 7, 4, 3, 3, 3, 3, 3, 3, 3, 3, 3, 3, 3, 3, 2, 2, 2, 2, 2, 2, 2, 2, 2, 2, 2, 2, 2, 2, 2, 2, 2, 2, 2, 2, 2, 2, 2, 2, 2, 2, 2, 2, 2, 2, 2, 2, 2, 2, 2, 2, 2, 2, 2, 2, 2, 2, 2, 2, 2, 2, 2, 2, 2, 2, 2, 2, 2, 2, 2, 1, 1, 1, 1, 1, 1, 1, 1, 1, 1, 1, 1, 1, 1, 1, 1, 1, 1, 1, 1, 1, 1, 1, 1, 1, 1, 1, 1, 1, 1, 1, 1, 1, 1, 1, 1, 1, 1, 1, 1, 1, 1, 1, 1, 1, 1, 1, 1, 1, 1, 1, 1, 1, 1, 1, 1, 1, 1, 1, 1, 1, 1, 1, 1, 1, 1, 1, 1, 1, 1, 1, 1, 0, 0, 0, 0, 0, 0, 0, 0, 0, 0, 0, 0, 0, 0, 0, 0, 0, 0, 0, 0, 0, 0, 0, 0, 0, 0, 0, 0, 0, 0, 0, 0, 0, 0, 0, 0, 0, 0, 0, 0, 0, 0, 0, 0, 0, 0, 0, 0, 0, 0, 0, 0, 0, 0, 0, 0, 0, 0, 0, 0, 0, 0, 0, 0, 0, 0, 0, 0, 0, 0, 0, 0, 0, 0, 0, 0, 0, 0, 0, 0, 0, 0, 0, 0, 0, 0, 0, 0, 0, 0, 0, 0, 0, 0, 0, 0, 0, 0, 0, 0, 0, 0, 0, 0, 0, 0, 0, 0, 0, 0, 0, 0, 0, 0, 0, 0, 0, 0, 0, 0, 0, 0, 0, 0, 0, 0, 0, 0, 0, 0, 0, 0, 0, 0, 0, 0, 0, 0, 0, 0, 0, 0, 0, 0, 0, 0, 0, 0, 0, 0, 0, 0, 0, 0, 0, 0, 0, 0, 0, 0, 0, 0, 0, 0, 0, 0, 0, 0, 0, 0, 0, 0, 0, 0, 0, 0, 0, 0, 0, 0, 0, 0, 0, 0, 0, 0, 0, 0, 0, 0, 0, 0, 0, 0, 0, 0, 0, 0, 0, 0, 0, 0, 0, 0, 0, 0, 0, 0, 0, 0, 0, 0, 0, 0, 0, 0, 0, 0, 0, 0, 0, 0, 0, 0, 0, 0, 0, 0, 0, 0, 0, 0, 0, 0, 0, 0, 0, 0, 0, 0, 0, 0, 0, 0, 0, 0, 0, 0, 0, 0, 0, 0, 0, 0, 0, 0, 0, 0, 0, 0, 0, 0, 0, 0, 0, 0, 0, 0, 0, 0, 0, 0, 0, 0, 0, 0, 0, 0, 0, 0, 0, 0, 0, 0, 0, 0, 0, 0, 0, 0, 0, 0, 0, 0, 0, 0, 0, 0, 0, 0, 0, 0, 0, 0, 0, 0, 0, 0, 0, 0, 0, 0, 0, 0, 0, 0, 0, 0, 0, 0, 0, 0, 0]",470,"[0.4872458577156067, 0.4619813561439514, 0.44357830286026, 0.4284249544143677, 0.4143519103527069, 0.375774085521698, 0.36886027455329895, 0.37795501947402954, 0.3768217861652374, 0.37517890334129333, 0.37405526638031006, 0.37183770537376404, 0.3708825707435608, 0.3693915903568268, 0.368230938911438, 0.3672569990158081, 0.36694449186325073, 0.3656306862831116, 0.36509254574775696, 0.3644779920578003, 0.3790033459663391, 0.3739519417285919, 0.37266460061073303, 0.37183186411857605, 0.37111490964889526, 0.37026023864746094, 0.37008586525917053, 0.36934998631477356, 0.36820754408836365, 0.36778950691223145, 0.36695921421051025, 0.36683759093284607, 0.3658856451511383, 0.36610400676727295, 0.36494338512420654, 0.3644000291824341, 0.3642609417438507, 0.3633640706539154, 0.36294496059417725, 0.36256667971611023, 0.3622996211051941, 0.36187049746513367, 0.36149460077285767, 0.36110827326774597, 0.36068829894065857, 0.36032402515411377, 0.3607754111289978, 0.3598386347293854, 0.3592491149902344, 0.3591479957103729, 0.35865679383277893, 0.3584766685962677, 0.35810282826423645, 0.3579642176628113, 0.35803744196891785, 0.3574278950691223, 0.3580213487148285, 0.35704848170280457, 0.35652804374694824, 0.3564493656158447, 0.3560298979282379, 0.35582542419433594, 0.35656803846359253, 0.35555320978164673, 0.35533323884010315, 0.356037974357605, 0.3547042906284332, 0.35525768995285034, 0.35459259152412415, 0.3548049032688141, 0.3540133237838745, 0.35388264060020447, 0.3537706136703491, 0.35418277978897095, 0.3535388708114624, 0.37189632654190063, 0.37160933017730713, 0.3710375130176544, 0.3723808228969574, 0.3703692555427551, 0.3701614737510681, 0.370054692029953, 0.37028801441192627, 0.36971405148506165, 0.3697405159473419, 0.37003856897354126, 0.3696688413619995, 0.36947253346443176, 0.36945149302482605, 0.3695330023765564, 0.3696739673614502, 0.3691174387931824, 0.3698996603488922, 0.36935484409332275, 0.36963289976119995, 0.36931270360946655, 0.368880957365036, 0.36883658170700073, 0.36904266476631165, 0.36877119541168213, 0.36876851320266724, 0.3688996136188507, 0.36858245730400085, 0.3685702979564667, 0.3684957027435303, 0.3686541020870209, 0.3693132698535919, 0.3688507378101349, 0.36853572726249695, 0.36846745014190674, 0.368478387594223, 0.36921927332878113, 0.36834633350372314, 0.36942002177238464, 0.36827027797698975, 0.3681814968585968, 0.36824432015419006, 0.36817970871925354, 0.368352472782135, 0.3684941232204437, 0.36790621280670166, 0.3685598075389862, 0.3680286407470703, 0.3682076334953308, 0.36777907609939575, 0.36821654438972473, 0.36798274517059326, 0.367804616689682, 0.36791884899139404, 0.3679525852203369, 0.36759936809539795, 0.36760374903678894, 0.3687368631362915, 0.3674163520336151, 0.3677015006542206, 0.36748018860816956, 0.3683241903781891, 0.3678711950778961, 0.367392361164093, 0.3679196834564209, 0.367572546005249, 0.3686387538909912, 0.3674604892730713, 0.36843255162239075, 0.3675735890865326, 0.3682975471019745, 0.36720237135887146, 0.4093596637248993, 0.4072263240814209, 0.4072318971157074, 0.4072897434234619, 0.40722694993019104, 0.4074954092502594, 0.4073239862918854, 0.40730562806129456, 0.40726932883262634, 0.4073050618171692, 0.4072483479976654, 0.40729042887687683, 0.4072341024875641, 0.407739520072937, 0.40724989771842957, 0.4074660539627075, 0.40767014026641846, 0.4076451361179352, 0.40763717889785767, 0.40725529193878174, 0.4072360694408417, 0.40724289417266846, 0.40768107771873474, 0.4072372317314148, 0.4072303771972656, 0.4076594412326813, 0.4075304865837097, 0.40725910663604736, 0.40723881125450134, 0.4073121249675751, 0.40727755427360535, 0.40747448801994324, 0.4075014889240265, 0.40722793340682983, 0.40730464458465576, 0.40754401683807373, 0.4077070951461792, 0.4072302281856537, 0.4072331488132477, 0.4073666036128998, 0.4072575867176056, 0.4076945185661316, 0.4072458744049072, 0.40722885727882385, 0.4072361886501312, 0.40728867053985596, 0.40737324953079224, 0.4074593484401703, 0.40724799036979675, 0.4072336256504059, 0.4072975516319275, 0.40729016065597534, 0.40736985206604004, 0.40728068351745605, 0.40763136744499207, 0.40726426243782043, 0.40738850831985474, 0.4074004888534546, 0.4072275161743164, 0.4072263836860657, 0.40726903080940247, 0.4072287380695343, 0.40724921226501465, 0.40750935673713684, 0.4072760045528412, 0.4073536694049835, 0.40730950236320496, 0.4072689116001129, 0.4078381657600403, 0.40759825706481934, 0.40724098682403564, 0.40749606490135193, 0.4072261154651642, 0.40726861357688904, 0.40725383162498474, 0.40732330083847046, 0.407579243183136, 0.4074570834636688, 0.40753570199012756, 0.40737998485565186, 0.40725386142730713, 0.40734702348709106, 0.4079476296901703, 0.4073009192943573, 0.4073556661605835, 0.40730664134025574, 0.4075077474117279, 0.4076637625694275, 0.40732133388519287, 0.40724441409111023, 0.40728864073753357, 0.40781593322753906, 0.4072280526161194, 0.4072679877281189, 0.40820062160491943, 0.40731021761894226, 0.4072312116622925, 0.40733814239501953, 0.4072270691394806, 0.4073807895183563, 0.4073885679244995, 0.407754510641098, 0.407402902841568, 0.40726444125175476, 0.4074820280075073, 0.40725177526474, 0.4072470963001251, 0.40811264514923096, 0.4072268307209015, 0.4072854220867157, 0.40725257992744446, 0.4073174297809601, 0.40742427110671997, 0.4077783524990082, 0.4073082208633423, 0.40760862827301025, 0.4073490500450134, 0.40746262669563293, 0.4076182544231415, 0.4076772630214691, 0.40723350644111633, 0.4072405993938446, 0.4072272777557373, 0.4072262942790985, 0.4072267413139343, 0.4072272479534149, 0.4072355031967163, 0.4079105854034424, 0.40752625465393066, 0.40783730149269104, 0.40722817182540894, 0.4075052738189697, 0.4075756371021271, 0.40725380182266235, 0.4072543978691101, 0.40723884105682373, 0.4073140025138855, 0.4072265326976776, 0.4072261154651642, 0.4072900414466858, 0.4074733853340149, 0.40754184126853943, 0.4072989523410797, 0.4074092507362366, 0.407227098941803, 0.40723946690559387, 0.40723279118537903, 0.4072803854942322, 0.4075671136379242, 0.4072999954223633, 0.4073595106601715, 0.4072573781013489, 0.40762612223625183, 0.4072427451610565, 0.4072262644767761, 0.4072890877723694, 0.4078012704849243, 0.4072601795196533, 0.4072937071323395, 0.4072514474391937, 0.40724143385887146, 0.4072665870189667, 0.40724194049835205, 0.407245397567749, 0.4072811007499695, 0.40785160660743713, 0.4073311984539032, 0.40795695781707764, 0.4073813557624817, 0.40723973512649536, 0.4072686433792114, 0.40722885727882385, 0.4072623550891876, 0.4072268307209015, 0.4073835611343384, 0.4072405695915222, 0.40728503465652466, 0.4072284698486328, 0.4072662591934204, 0.40734726190567017, 0.407278835773468, 0.407263845205307, 0.4072648882865906, 0.4074168801307678, 0.40746837854385376, 0.40725886821746826, 0.4073578119277954, 0.4074920415878296, 0.40725240111351013, 0.4073888063430786, 0.40733200311660767, 0.4072283208370209, 0.40773075819015503, 0.4074118733406067, 0.40739238262176514, 0.4073961675167084, 0.4074864089488983, 0.4072430431842804, 0.4072338342666626, 0.4072558879852295, 0.4072272777557373, 0.40752753615379333, 0.4072374105453491, 0.40722617506980896, 0.40722811222076416, 0.40723299980163574, 0.40779009461402893, 0.4072306156158447, 0.40765759348869324, 0.40723294019699097, 0.4073847830295563, 0.40752193331718445, 0.4072268307209015, 0.40733206272125244, 0.4073604643344879, 0.40726321935653687, 0.40723517537117004, 0.40731456875801086, 0.40724608302116394, 0.4072290360927582, 0.4072265625, 0.4082964062690735, 0.407433420419693, 0.40725308656692505, 0.4072261154651642, 0.4075566232204437, 0.40723973512649536, 0.4074232578277588, 0.4072889983654022, 0.4075518846511841, 0.4076564311981201, 0.40722668170928955, 0.40724503993988037, 0.407802551984787, 0.4072294533252716, 0.4072309732437134, 0.40731295943260193, 0.40734532475471497, 0.40756285190582275, 0.40722787380218506, 0.4072294533252716, 0.40722838044166565, 0.4072262644767761, 0.4076034426689148, 0.40723076462745667, 0.40743502974510193, 0.40780436992645264, 0.40724000334739685, 0.40736567974090576, 0.40724578499794006, 0.4072747528553009, 0.4072315990924835, 0.4072631597518921, 0.4074877202510834, 0.40765681862831116, 0.40727242827415466, 0.4081515371799469, 0.4073660969734192, 0.4073910117149353, 0.4075346291065216, 0.4072440266609192, 0.40725642442703247, 0.40804001688957214, 0.4072401821613312, 0.40728285908699036, 0.4073469638824463, 0.40723881125450134, 0.40722835063934326, 0.4072839021682739, 0.4072832465171814, 0.4072280526161194, 0.40773409605026245, 0.40762001276016235, 0.40727657079696655, 0.40729832649230957, 0.40722617506980896, 0.4072650074958801, 0.40723106265068054, 0.40744221210479736, 0.40729227662086487, 0.407240629196167, 0.40750178694725037, 0.4072866439819336, 0.40734919905662537, 0.4072263240814209, 0.4072767198085785, 0.4072275161743164, 0.4072311818599701, 0.4074098467826843, 0.40723496675491333, 0.40725329518318176, 0.4072265923023224, 0.4073132276535034, 0.4072875678539276, 0.4074159562587738, 0.40791794657707214, 0.40747570991516113, 0.4072898030281067, 0.40762510895729065, 0.4074883759021759, 0.4075080454349518, 0.4075047969818115, 0.4072534441947937, 0.4076235294342041, 0.40749698877334595, 0.4072374999523163, 0.4074724316596985, 0.40722912549972534, 0.4072391390800476, 0.4073074460029602, 0.4072284996509552, 0.4072401523590088, 0.4072261452674866, 0.40738245844841003, 0.4073178470134735, 0.4072546660900116, 0.4072677195072174, 0.4072263240814209, 0.4075523614883423, 0.4074452519416809, 0.40722665190696716, 0.4072541892528534, 0.4074467718601227]",0.0,"[33.0, 33.0, 33.0, 33.0, 33.0, 13.0, 7.0, 4.0, 3.0, 3.0, 3.0, 3.0, 3.0, 3.0, 3.0, 3.0, 3.0, 3.0, 3.0, 3.0, 2.0, 2.0, 2.0, 2.0, 2.0, 2.0, 2.0, 2.0, 2.0, 2.0, 2.0, 2.0, 2.0, 2.0, 2.0, 2.0, 2.0, 2.0, 2.0, 2.0, 2.0, 2.0, 2.0, 2.0, 2.0, 2.0, 2.0, 2.0, 2.0, 2.0, 2.0, 2.0, 2.0, 2.0, 2.0, 2.0, 2.0, 2.0, 2.0, 2.0, 2.0, 2.0, 2.0, 2.0, 2.0, 2.0, 2.0, 2.0, 2.0, 2.0, 2.0, 2.0, 2.0, 2.0, 2.0, 1.0, 1.0, 1.0, 1.0, 1.0, 1.0, 1.0, 1.0, 1.0, 1.0, 1.0, 1.0, 1.0, 1.0, 1.0, 1.0, 1.0, 1.0, 1.0, 1.0, 1.0, 1.0, 1.0, 1.0, 1.0, 1.0, 1.0, 1.0, 1.0, 1.0, 1.0, 1.0, 1.0, 1.0, 1.0, 1.0, 1.0, 1.0, 1.0, 1.0, 1.0, 1.0, 1.0, 1.0, 1.0, 1.0, 1.0, 1.0, 1.0, 1.0, 1.0, 1.0, 1.0, 1.0, 1.0, 1.0, 1.0, 1.0, 1.0, 1.0, 1.0, 1.0, 1.0, 1.0, 1.0, 1.0, 1.0, 1.0, 1.0, 1.0, 1.0, 1.0, 0.0, 0.0, 0.0, 0.0, 0.0, 0.0, 0.0, 0.0, 0.0, 0.0, 0.0, 0.0, 0.0, 0.0, 0.0, 0.0, 0.0, 0.0, 0.0, 0.0, 0.0, 0.0, 0.0, 0.0, 0.0, 0.0, 0.0, 0.0, 0.0, 0.0, 0.0, 0.0, 0.0, 0.0, 0.0, 0.0, 0.0, 0.0, 0.0, 0.0, 0.0, 0.0, 0.0, 0.0, 0.0, 0.0, 0.0, 0.0, 0.0, 0.0, 0.0, 0.0, 0.0, 0.0, 0.0, 0.0, 0.0, 0.0, 0.0, 0.0, 0.0, 0.0, 0.0, 0.0, 0.0, 0.0, 0.0, 0.0, 0.0, 0.0, 0.0, 0.0, 0.0, 0.0, 0.0, 0.0, 0.0, 0.0, 0.0, 0.0, 0.0, 0.0, 0.0, 0.0, 0.0, 0.0, 0.0, 0.0, 0.0, 0.0, 0.0, 0.0, 0.0, 0.0, 0.0, 0.0, 0.0, 0.0, 0.0, 0.0, 0.0, 0.0, 0.0, 0.0, 0.0, 0.0, 0.0, 0.0, 0.0, 0.0, 0.0, 0.0, 0.0, 0.0, 0.0, 0.0, 0.0, 0.0, 0.0, 0.0, 0.0, 0.0, 0.0, 0.0, 0.0, 0.0, 0.0, 0.0, 0.0, 0.0, 0.0, 0.0, 0.0, 0.0, 0.0, 0.0, 0.0, 0.0, 0.0, 0.0, 0.0, 0.0, 0.0, 0.0, 0.0, 0.0, 0.0, 0.0, 0.0, 0.0, 0.0, 0.0, 0.0, 0.0, 0.0, 0.0, 0.0, 0.0, 0.0, 0.0, 0.0, 0.0, 0.0, 0.0, 0.0, 0.0, 0.0, 0.0, 0.0, 0.0, 0.0, 0.0, 0.0, 0.0, 0.0, 0.0, 0.0, 0.0, 0.0, 0.0, 0.0, 0.0, 0.0, 0.0, 0.0, 0.0, 0.0, 0.0, 0.0, 0.0, 0.0, 0.0, 0.0, 0.0, 0.0, 0.0, 0.0, 0.0, 0.0, 0.0, 0.0, 0.0, 0.0, 0.0, 0.0, 0.0, 0.0, 0.0, 0.0, 0.0, 0.0, 0.0, 0.0, 0.0, 0.0, 0.0, 0.0, 0.0, 0.0, 0.0, 0.0, 0.0, 0.0, 0.0, 0.0, 0.0, 0.0, 0.0, 0.0, 0.0, 0.0, 0.0, 0.0, 0.0, 0.0, 0.0, 0.0, 0.0, 0.0, 0.0, 0.0, 0.0, 0.0, 0.0, 0.0, 0.0, 0.0, 0.0, 0.0, 0.0, 0.0, 0.0, 0.0, 0.0, 0.0, 0.0, 0.0, 0.0, 0.0, 0.0, 0.0, 0.0, 0.0, 0.0, 0.0, 0.0, 0.0, 0.0, 0.0, 0.0, 0.0, 0.0, 0.0, 0.0, 0.0, 0.0, 0.0, 0.0, 0.0, 0.0, 0.0, 0.0, 0.0, 0.0, 0.0, 0.0, 0.0, 0.0, 0.0, 0.0, 0.0, 0.0, 0.0, 0.0, 0.0, 0.0, 0.0, 0.0, 0.0, 0.0, 0.0, 0.0, 0.0, 0.0, 0.0, 0.0, 0.0, 0.0, 0.0, 0.0, 0.0, 0.0, 0.0, 0.0, 0.0, 0.0, 0.0, 0.0, 0.0, 0.0, 0.0, 0.0, 0.0]",COMPLETE
