,number,value,datetime_start,datetime_complete,duration,params_batch_size_scaler,params_constant_learning_rate,params_depth,params_epochs,params_kernel_l2,params_num_trees,params_temperature,user_attrs_accuracy_test,user_attrs_accuracy_valid,user_attrs_approximate_feature_sparsity,user_attrs_approximate_feature_sparsity_history,user_attrs_approximate_weight_sparsity,user_attrs_approximate_weight_sparsity_history,user_attrs_auc_test,user_attrs_auc_valid,user_attrs_feature_sparsity,user_attrs_feature_sparsity_history,user_attrs_num_epochs,user_attrs_val_loss_history,user_attrs_weight_sparsity,user_attrs_weight_sparsity_history,state
65,65,0.7821810874521776,2024-08-31 03:26:54.971573,2024-08-31 03:27:31.469690,0 days 00:00:36.498117,16,0.6456393913473697,2,415,0.048132199871372974,36,0.0010993174323547415,0.88,0.87375,2,"[33, 33, 33, 33, 33, 33, 33, 33, 33, 33, 33, 33, 33, 33, 33, 33, 33, 33, 33, 33, 32, 29, 25, 20, 19, 18, 18, 18, 16, 16, 15, 13, 13, 12, 12, 12, 12, 12, 12, 11, 9, 7, 7, 7, 7, 7, 7, 7, 7, 7, 7, 7, 7, 7, 7, 7, 7, 7, 7, 7, 7, 7, 7, 7, 7, 7, 7, 7, 7, 7, 7, 7, 7, 7, 7, 7, 7, 7, 7, 7, 7, 6, 6, 6, 5, 5, 5, 5, 5, 5, 5, 5, 5, 5, 5, 5, 5, 5, 5, 5, 5, 5, 5, 5, 4, 4, 4, 4, 3, 3, 3, 3, 3, 3, 3, 3, 3, 3, 3, 3, 3, 3, 3, 3, 3, 3, 3, 3, 3, 3, 3, 3, 3, 3, 3, 3, 3, 3, 3, 3, 3, 3, 3, 3, 3, 3, 3, 3, 3, 3, 3, 3, 3, 3, 3, 3, 3, 3, 3, 3, 3, 3, 3, 3, 3, 3, 3, 3, 3, 3, 3, 3, 3, 3, 3, 3, 3, 3, 3, 3, 3, 3, 3, 3, 3, 3, 3, 3, 3, 3, 3, 3, 3, 3, 3, 3, 3, 3, 3, 3, 3, 3, 3, 3, 3, 3, 3, 3, 3, 3, 3, 3, 3, 3, 3, 3, 3, 2, 2, 2, 2, 2, 2, 2, 2, 2, 2, 2, 2, 2, 2, 2, 2, 2, 2, 2, 2, 2, 2, 2, 2, 2, 2, 2, 2, 2, 2, 2, 2, 2, 2, 2, 2, 2, 2, 2, 2, 2, 2, 2, 2, 2, 2, 2, 2, 2, 2, 2, 2, 2, 2, 2, 2, 2, 2, 2, 2, 2, 2, 2, 2, 2, 2, 2, 2, 2, 2, 2, 2, 2, 2, 2, 2, 2, 2, 2, 2, 2, 2, 2, 2, 2, 2, 2, 2, 2, 2, 2, 2, 2, 2, 2, 2, 2, 2, 2, 2, 2, 2, 2, 2, 2, 2, 2, 2, 2, 2, 2, 2, 2, 2, 2, 2, 2, 2, 2, 2, 2, 2, 2, 2, 2, 2, 2, 2, 2, 2, 2, 2, 2, 2, 2, 2, 2, 2, 2, 2, 2, 2, 2, 2, 2, 2, 2, 2, 2, 2, 2, 2, 2, 2, 2, 2, 2, 2, 2, 2, 2, 2, 2, 2, 2, 2, 2, 2, 2, 2, 2, 2, 2, 2, 2, 2, 2, 2, 2, 2, 2, 2, 2, 2, 2, 2, 2, 2, 2, 2, 2, 2, 2, 2, 2, 2, 2, 2]",2.0,"[32.96296296296296, 32.99074074074074, 32.99074074074074, 32.99074074074074, 32.97222222222222, 33.0, 32.97222222222222, 33.0, 32.99074074074074, 32.99074074074074, 32.97222222222222, 32.98148148148148, 32.97222222222222, 32.99074074074074, 33.0, 32.98148148148148, 33.0, 32.97222222222222, 32.96296296296296, 32.99074074074074, 31.962962962962962, 28.962962962962962, 24.99074074074074, 20.0, 18.99074074074074, 17.99074074074074, 18.0, 18.0, 16.0, 15.99074074074074, 14.99074074074074, 12.99074074074074, 12.99074074074074, 12.0, 12.0, 11.99074074074074, 11.99074074074074, 12.0, 12.0, 11.0, 9.0, 7.0, 7.0, 6.9907407407407405, 6.9907407407407405, 7.0, 7.0, 7.0, 7.0, 7.0, 7.0, 7.0, 7.0, 6.9907407407407405, 7.0, 7.0, 7.0, 7.0, 7.0, 6.9907407407407405, 6.9907407407407405, 6.9907407407407405, 6.9907407407407405, 6.9907407407407405, 7.0, 7.0, 7.0, 7.0, 7.0, 6.9907407407407405, 6.9907407407407405, 7.0, 6.9907407407407405, 6.9907407407407405, 7.0, 7.0, 7.0, 7.0, 7.0, 7.0, 6.9907407407407405, 6.0, 6.0, 6.0, 5.0, 4.9907407407407405, 5.0, 5.0, 5.0, 5.0, 5.0, 4.981481481481481, 4.9907407407407405, 4.9907407407407405, 4.981481481481481, 5.0, 5.0, 5.0, 5.0, 4.9907407407407405, 5.0, 5.0, 5.0, 4.9907407407407405, 4.0, 4.0, 4.0, 4.0, 3.0, 2.9907407407407405, 3.0, 3.0, 3.0, 2.9907407407407405, 3.0, 2.9907407407407405, 3.0, 3.0, 3.0, 3.0, 3.0, 3.0, 3.0, 3.0, 3.0, 3.0, 2.9907407407407405, 3.0, 3.0, 2.9907407407407405, 3.0, 3.0, 3.0, 3.0, 3.0, 3.0, 3.0, 3.0, 3.0, 3.0, 3.0, 2.9907407407407405, 3.0, 3.0, 3.0, 3.0, 3.0, 3.0, 3.0, 3.0, 3.0, 3.0, 3.0, 3.0, 3.0, 3.0, 3.0, 3.0, 2.9907407407407405, 3.0, 3.0, 3.0, 3.0, 3.0, 3.0, 3.0, 2.9907407407407405, 2.9907407407407405, 2.9814814814814814, 2.9907407407407405, 2.9907407407407405, 3.0, 3.0, 3.0, 3.0, 3.0, 3.0, 3.0, 3.0, 3.0, 3.0, 3.0, 3.0, 3.0, 3.0, 3.0, 3.0, 3.0, 3.0, 3.0, 3.0, 3.0, 3.0, 3.0, 3.0, 2.9907407407407405, 3.0, 2.9907407407407405, 3.0, 3.0, 3.0, 2.9907407407407405, 3.0, 3.0, 3.0, 3.0, 3.0, 3.0, 3.0, 3.0, 2.9907407407407405, 3.0, 3.0, 3.0, 3.0, 3.0, 3.0, 2.0, 2.0, 2.0, 2.0, 2.0, 2.0, 1.9907407407407407, 2.0, 2.0, 2.0, 2.0, 2.0, 2.0, 2.0, 2.0, 2.0, 2.0, 2.0, 2.0, 2.0, 2.0, 2.0, 2.0, 1.9907407407407407, 2.0, 2.0, 2.0, 2.0, 2.0, 1.9907407407407407, 1.9907407407407407, 1.9814814814814814, 2.0, 2.0, 2.0, 2.0, 2.0, 2.0, 1.9907407407407407, 2.0, 1.9907407407407407, 2.0, 1.9907407407407407, 2.0, 2.0, 1.9907407407407407, 2.0, 2.0, 2.0, 2.0, 1.9907407407407407, 2.0, 2.0, 2.0, 1.9907407407407407, 2.0, 2.0, 2.0, 2.0, 2.0, 2.0, 2.0, 2.0, 2.0, 2.0, 2.0, 2.0, 2.0, 2.0, 2.0, 2.0, 2.0, 2.0, 2.0, 2.0, 2.0, 2.0, 2.0, 2.0, 1.9907407407407407, 2.0, 1.9907407407407407, 1.9907407407407407, 2.0, 1.9907407407407407, 2.0, 2.0, 2.0, 2.0, 2.0, 1.9907407407407407, 2.0, 2.0, 2.0, 2.0, 1.9907407407407407, 2.0, 2.0, 2.0, 2.0, 2.0, 1.9907407407407407, 2.0, 2.0, 2.0, 2.0, 2.0, 2.0, 2.0, 2.0, 2.0, 1.9907407407407407, 2.0, 1.9907407407407407, 2.0, 2.0, 2.0, 2.0, 1.9907407407407407, 2.0, 1.9907407407407407, 1.9907407407407407, 1.9814814814814814, 2.0, 2.0, 2.0, 2.0, 2.0, 2.0, 2.0, 2.0, 2.0, 2.0, 2.0, 2.0, 2.0, 1.9907407407407407, 1.9907407407407407, 1.9907407407407407, 2.0, 2.0, 2.0, 1.9907407407407407, 2.0, 2.0, 2.0, 2.0, 2.0, 2.0, 2.0, 2.0, 2.0, 2.0, 2.0, 2.0, 2.0, 2.0, 1.9814814814814814, 1.9814814814814814, 2.0, 2.0, 2.0, 1.9907407407407407, 2.0, 2.0, 2.0, 2.0, 2.0, 2.0, 2.0, 2.0, 2.0, 2.0, 2.0, 2.0, 1.9907407407407407, 2.0, 2.0, 2.0, 2.0, 1.9907407407407407, 2.0, 1.9907407407407407, 2.0, 2.0, 2.0, 2.0, 2.0, 2.0, 2.0, 2.0, 2.0, 2.0, 2.0, 2.0, 2.0, 2.0, 2.0]",0.7533458829745954,0.7821810874521776,2,"[33, 33, 33, 33, 33, 33, 33, 33, 33, 33, 33, 33, 33, 33, 33, 33, 33, 33, 33, 33, 32, 29, 25, 20, 19, 18, 18, 18, 16, 16, 15, 13, 13, 12, 12, 12, 12, 12, 12, 11, 9, 7, 7, 7, 7, 7, 7, 7, 7, 7, 7, 7, 7, 7, 7, 7, 7, 7, 7, 7, 7, 7, 7, 7, 7, 7, 7, 7, 7, 7, 7, 7, 7, 7, 7, 7, 7, 7, 7, 7, 7, 6, 6, 6, 5, 5, 5, 5, 5, 5, 5, 5, 5, 5, 5, 5, 5, 5, 5, 5, 5, 5, 5, 5, 4, 4, 4, 4, 3, 3, 3, 3, 3, 3, 3, 3, 3, 3, 3, 3, 3, 3, 3, 3, 3, 3, 3, 3, 3, 3, 3, 3, 3, 3, 3, 3, 3, 3, 3, 3, 3, 3, 3, 3, 3, 3, 3, 3, 3, 3, 3, 3, 3, 3, 3, 3, 3, 3, 3, 3, 3, 3, 3, 3, 3, 3, 3, 3, 3, 3, 3, 3, 3, 3, 3, 3, 3, 3, 3, 3, 3, 3, 3, 3, 3, 3, 3, 3, 3, 3, 3, 3, 3, 3, 3, 3, 3, 3, 3, 3, 3, 3, 3, 3, 3, 3, 3, 3, 3, 3, 3, 3, 3, 3, 3, 3, 3, 2, 2, 2, 2, 2, 2, 2, 2, 2, 2, 2, 2, 2, 2, 2, 2, 2, 2, 2, 2, 2, 2, 2, 2, 2, 2, 2, 2, 2, 2, 2, 2, 2, 2, 2, 2, 2, 2, 2, 2, 2, 2, 2, 2, 2, 2, 2, 2, 2, 2, 2, 2, 2, 2, 2, 2, 2, 2, 2, 2, 2, 2, 2, 2, 2, 2, 2, 2, 2, 2, 2, 2, 2, 2, 2, 2, 2, 2, 2, 2, 2, 2, 2, 2, 2, 2, 2, 2, 2, 2, 2, 2, 2, 2, 2, 2, 2, 2, 2, 2, 2, 2, 2, 2, 2, 2, 2, 2, 2, 2, 2, 2, 2, 2, 2, 2, 2, 2, 2, 2, 2, 2, 2, 2, 2, 2, 2, 2, 2, 2, 2, 2, 2, 2, 2, 2, 2, 2, 2, 2, 2, 2, 2, 2, 2, 2, 2, 2, 2, 2, 2, 2, 2, 2, 2, 2, 2, 2, 2, 2, 2, 2, 2, 2, 2, 2, 2, 2, 2, 2, 2, 2, 2, 2, 2, 2, 2, 2, 2, 2, 2, 2, 2, 2, 2, 2, 2, 2, 2, 2, 2, 2, 2, 2, 2, 2, 2, 2]",415,"[0.39985549449920654, 0.3860143721103668, 0.41192859411239624, 0.36847615242004395, 0.4181884527206421, 0.35388314723968506, 0.3483211100101471, 0.3503887951374054, 0.34145304560661316, 0.40071457624435425, 0.31291332840919495, 0.3102703392505646, 0.30159318447113037, 0.2987375557422638, 0.2984605133533478, 0.3063596785068512, 0.2809889018535614, 0.27788805961608887, 0.2755717933177948, 0.2724693715572357, 0.2801543176174164, 0.25936397910118103, 0.25604525208473206, 0.25314781069755554, 0.24820436537265778, 0.2493583858013153, 0.24847765266895294, 0.24968212842941284, 0.2659894526004791, 0.25037238001823425, 0.24734953045845032, 0.2640804350376129, 0.2502264082431793, 0.2473049908876419, 0.24701757729053497, 0.24620376527309418, 0.24841374158859253, 0.25037136673927307, 0.2445482313632965, 0.253604531288147, 0.2679026126861572, 0.26362520456314087, 0.2625458240509033, 0.2650339603424072, 0.2563783526420593, 0.2536567151546478, 0.25766685605049133, 0.26003843545913696, 0.25496575236320496, 0.24660131335258484, 0.25207599997520447, 0.2468690276145935, 0.2527015805244446, 0.24374109506607056, 0.24555689096450806, 0.24875907599925995, 0.24387075006961823, 0.24313189089298248, 0.2432960718870163, 0.24581784009933472, 0.25585484504699707, 0.2591448128223419, 0.24427150189876556, 0.24330289661884308, 0.2396896481513977, 0.24194782972335815, 0.239115908741951, 0.24085170030593872, 0.24024049937725067, 0.24450749158859253, 0.24374349415302277, 0.24720418453216553, 0.2456406205892563, 0.23953227698802948, 0.24003350734710693, 0.2402617633342743, 0.24026666581630707, 0.25443920493125916, 0.2407541424036026, 0.2527807652950287, 0.24027852714061737, 0.31887996196746826, 0.2841178774833679, 0.28187358379364014, 0.32325875759124756, 0.30574384331703186, 0.32179486751556396, 0.30255675315856934, 0.3030320405960083, 0.30398622155189514, 0.3056338429450989, 0.3024243712425232, 0.3009869456291199, 0.30542123317718506, 0.31422531604766846, 0.29973894357681274, 0.30685585737228394, 0.304854154586792, 0.3053675889968872, 0.30280137062072754, 0.30557525157928467, 0.34339430928230286, 0.33655667304992676, 0.32459208369255066, 0.33037498593330383, 0.3077543079853058, 0.3120414912700653, 0.31147652864456177, 0.3227110207080841, 0.32337379455566406, 0.3572358191013336, 0.3134789764881134, 0.3107621669769287, 0.30872130393981934, 0.31263360381126404, 0.31019216775894165, 0.3209576904773712, 0.34493958950042725, 0.35657763481140137, 0.3231496512889862, 0.3082522451877594, 0.3154780864715576, 0.30875036120414734, 0.3066401779651642, 0.32367783784866333, 0.3277606666088104, 0.3126041293144226, 0.3106994926929474, 0.3073071539402008, 0.30669477581977844, 0.30562111735343933, 0.3447137176990509, 0.3048723638057709, 0.31453463435173035, 0.30563995242118835, 0.3353498876094818, 0.32557961344718933, 0.3059613108634949, 0.3109424412250519, 0.31073540449142456, 0.3077641725540161, 0.3066903054714203, 0.30440759658813477, 0.32128798961639404, 0.3151980936527252, 0.30703023076057434, 0.3086424767971039, 0.30380430817604065, 0.31752607226371765, 0.3036336600780487, 0.31824204325675964, 0.31523776054382324, 0.3131300210952759, 0.303160697221756, 0.30355629324913025, 0.30901768803596497, 0.31779271364212036, 0.31439536809921265, 0.3122149109840393, 0.30274179577827454, 0.30755317211151123, 0.3032474219799042, 0.3313557803630829, 0.31729656457901, 0.3069842457771301, 0.30276861786842346, 0.30283331871032715, 0.3022928833961487, 0.30324360728263855, 0.3046087920665741, 0.30633270740509033, 0.3055451512336731, 0.32057467103004456, 0.30827975273132324, 0.356166809797287, 0.30415093898773193, 0.30243003368377686, 0.31343233585357666, 0.3113161027431488, 0.3020497262477875, 0.3032881021499634, 0.3036227524280548, 0.3053132891654968, 0.3049890995025635, 0.30238890647888184, 0.3483694791793823, 0.31985947489738464, 0.3079206943511963, 0.3053438067436218, 0.3153316378593445, 0.32099300622940063, 0.3230617642402649, 0.3029102683067322, 0.3045998811721802, 0.3132477104663849, 0.3086839020252228, 0.30832165479660034, 0.3010336756706238, 0.3105587065219879, 0.30046722292900085, 0.3010093569755554, 0.36577820777893066, 0.30032211542129517, 0.32250940799713135, 0.3035397529602051, 0.30047932267189026, 0.30202165246009827, 0.3019280731678009, 0.3013988435268402, 0.3060820698738098, 0.30227193236351013, 0.30095431208610535, 0.3047748804092407, 0.3099578619003296, 0.2999003529548645, 0.30394724011421204, 0.30167096853256226, 0.34456199407577515, 0.3275352716445923, 0.32443171739578247, 0.3257170021533966, 0.363637775182724, 0.33654776215553284, 0.32621216773986816, 0.32590189576148987, 0.3448249399662018, 0.3244604170322418, 0.3355136215686798, 0.3264717757701874, 0.32798776030540466, 0.3705722391605377, 0.3257445991039276, 0.32458508014678955, 0.34186306595802307, 0.3322451412677765, 0.3241743743419647, 0.3588373064994812, 0.32426586747169495, 0.33874577283859253, 0.34477755427360535, 0.3306366801261902, 0.32928818464279175, 0.3310702443122864, 0.3256097435951233, 0.33058619499206543, 0.326673686504364, 0.33031725883483887, 0.3246828317642212, 0.3317297399044037, 0.32440346479415894, 0.3518596589565277, 0.32662272453308105, 0.342116117477417, 0.32418403029441833, 0.33081290125846863, 0.3393746614456177, 0.3285541832447052, 0.3464124798774719, 0.32371029257774353, 0.32991325855255127, 0.375225305557251, 0.3236662745475769, 0.34631815552711487, 0.32604271173477173, 0.32579147815704346, 0.33728745579719543, 0.33478501439094543, 0.32874053716659546, 0.32545265555381775, 0.3449012041091919, 0.33113136887550354, 0.32825732231140137, 0.32664158940315247, 0.32364535331726074, 0.3292205035686493, 0.32851332426071167, 0.3247668743133545, 0.32805970311164856, 0.33513614535331726, 0.33996260166168213, 0.3237375020980835, 0.38078930974006653, 0.37228110432624817, 0.32663142681121826, 0.32566332817077637, 0.3312421441078186, 0.3282467722892761, 0.3279484808444977, 0.34193748235702515, 0.3286079466342926, 0.38088923692703247, 0.3288094401359558, 0.3519505560398102, 0.3807111978530884, 0.3238425552845001, 0.3241743743419647, 0.3242669701576233, 0.3252488076686859, 0.34141239523887634, 0.3249097168445587, 0.32986369729042053, 0.3248872756958008, 0.3238864243030548, 0.3818087875843048, 0.33078885078430176, 0.3272958993911743, 0.35247671604156494, 0.3352602422237396, 0.32470378279685974, 0.363932341337204, 0.3317994773387909, 0.3247106969356537, 0.32402878999710083, 0.33334147930145264, 0.3243025839328766, 0.3361563980579376, 0.3240424394607544, 0.32441291213035583, 0.3238370418548584, 0.33764714002609253, 0.3314790725708008, 0.37299278378486633, 0.3234393298625946, 0.33921611309051514, 0.33168917894363403, 0.37357035279273987, 0.3232549726963043, 0.32329925894737244, 0.3254554867744446, 0.3294847011566162, 0.3489229679107666, 0.32554739713668823, 0.32474377751350403, 0.34190791845321655, 0.34645718336105347, 0.3234599232673645, 0.3434740900993347, 0.3346675634384155, 0.32936227321624756, 0.3537709414958954, 0.32370391488075256, 0.3366039991378784, 0.32425183057785034, 0.32597053050994873, 0.34169453382492065, 0.3245322108268738, 0.3228471279144287, 0.37133312225341797, 0.32394924759864807, 0.3481343984603882, 0.3274058401584625, 0.32433757185935974, 0.3277665972709656, 0.3230995237827301, 0.33772560954093933, 0.33029231429100037, 0.3234867751598358, 0.333888441324234, 0.3286517262458801, 0.3253300189971924, 0.32380011677742004, 0.33237460255622864, 0.35947272181510925, 0.32411086559295654, 0.32320889830589294, 0.3405210077762604, 0.32351261377334595, 0.33454540371894836, 0.3231751620769501, 0.3245570659637451, 0.3766483962535858, 0.3382715582847595, 0.33065786957740784, 0.33101966977119446, 0.32947754859924316, 0.33113357424736023, 0.3234465718269348, 0.3237699568271637, 0.3257402777671814, 0.3589879274368286, 0.324428915977478, 0.32621192932128906, 0.32271328568458557, 0.34459561109542847, 0.32945603132247925, 0.3686211407184601, 0.3308994174003601, 0.3529244661331177, 0.3292621672153473, 0.3383832275867462, 0.32496824860572815, 0.32670947909355164, 0.328515887260437, 0.3234281837940216, 0.3311839997768402, 0.3228824734687805, 0.32491424679756165, 0.32646510004997253, 0.32291102409362793, 0.3674456775188446, 0.3301416337490082, 0.3240409195423126, 0.36092811822891235, 0.3227856457233429, 0.32412639260292053, 0.35051730275154114, 0.32316815853118896, 0.3399200439453125, 0.3645901381969452, 0.32431530952453613, 0.33037567138671875, 0.32630106806755066, 0.32270562648773193, 0.32410064339637756, 0.362114816904068]",2.0,"[33.0, 33.0, 33.0, 33.0, 33.0, 33.0, 33.0, 33.0, 33.0, 33.0, 33.0, 33.0, 33.0, 33.0, 33.0, 33.0, 33.0, 33.0, 33.0, 33.0, 32.0, 29.0, 25.0, 20.0, 19.0, 18.0, 18.0, 18.0, 16.0, 16.0, 15.0, 13.0, 13.0, 12.0, 12.0, 12.0, 12.0, 12.0, 12.0, 11.0, 9.0, 7.0, 7.0, 7.0, 7.0, 7.0, 7.0, 7.0, 7.0, 7.0, 7.0, 7.0, 7.0, 7.0, 7.0, 7.0, 7.0, 7.0, 7.0, 7.0, 7.0, 7.0, 7.0, 7.0, 7.0, 7.0, 7.0, 7.0, 7.0, 7.0, 7.0, 7.0, 7.0, 7.0, 7.0, 7.0, 7.0, 7.0, 7.0, 7.0, 7.0, 6.0, 6.0, 6.0, 5.0, 5.0, 5.0, 5.0, 5.0, 5.0, 5.0, 5.0, 5.0, 5.0, 5.0, 5.0, 5.0, 5.0, 5.0, 5.0, 5.0, 5.0, 5.0, 5.0, 4.0, 4.0, 4.0, 4.0, 3.0, 3.0, 3.0, 3.0, 3.0, 3.0, 3.0, 3.0, 3.0, 3.0, 3.0, 3.0, 3.0, 3.0, 3.0, 3.0, 3.0, 3.0, 3.0, 3.0, 3.0, 3.0, 3.0, 3.0, 3.0, 3.0, 3.0, 3.0, 3.0, 3.0, 3.0, 3.0, 3.0, 3.0, 3.0, 3.0, 3.0, 3.0, 3.0, 3.0, 3.0, 3.0, 3.0, 3.0, 3.0, 3.0, 3.0, 3.0, 3.0, 3.0, 3.0, 3.0, 3.0, 3.0, 3.0, 3.0, 3.0, 3.0, 3.0, 3.0, 3.0, 3.0, 3.0, 3.0, 3.0, 3.0, 3.0, 3.0, 3.0, 3.0, 3.0, 3.0, 3.0, 3.0, 3.0, 3.0, 3.0, 3.0, 3.0, 3.0, 3.0, 3.0, 3.0, 3.0, 3.0, 3.0, 3.0, 3.0, 3.0, 3.0, 3.0, 3.0, 3.0, 3.0, 3.0, 3.0, 3.0, 3.0, 3.0, 3.0, 3.0, 3.0, 3.0, 3.0, 3.0, 3.0, 3.0, 3.0, 3.0, 2.0, 2.0, 2.0, 2.0, 2.0, 2.0, 2.0, 2.0, 2.0, 2.0, 2.0, 2.0, 2.0, 2.0, 2.0, 2.0, 2.0, 2.0, 2.0, 2.0, 2.0, 2.0, 2.0, 2.0, 2.0, 2.0, 2.0, 2.0, 2.0, 2.0, 2.0, 2.0, 2.0, 2.0, 2.0, 2.0, 2.0, 2.0, 2.0, 2.0, 2.0, 2.0, 2.0, 2.0, 2.0, 2.0, 2.0, 2.0, 2.0, 2.0, 2.0, 2.0, 2.0, 2.0, 2.0, 2.0, 2.0, 2.0, 2.0, 2.0, 2.0, 2.0, 2.0, 2.0, 2.0, 2.0, 2.0, 2.0, 2.0, 2.0, 2.0, 2.0, 2.0, 2.0, 2.0, 2.0, 2.0, 2.0, 2.0, 2.0, 2.0, 2.0, 2.0, 2.0, 2.0, 2.0, 2.0, 2.0, 2.0, 2.0, 2.0, 2.0, 2.0, 2.0, 2.0, 2.0, 2.0, 2.0, 2.0, 2.0, 2.0, 2.0, 2.0, 2.0, 2.0, 2.0, 2.0, 2.0, 2.0, 2.0, 2.0, 2.0, 2.0, 2.0, 2.0, 2.0, 2.0, 2.0, 2.0, 2.0, 2.0, 2.0, 2.0, 2.0, 2.0, 2.0, 2.0, 2.0, 2.0, 2.0, 2.0, 2.0, 2.0, 2.0, 2.0, 2.0, 2.0, 2.0, 2.0, 2.0, 2.0, 2.0, 2.0, 2.0, 2.0, 2.0, 2.0, 2.0, 2.0, 2.0, 2.0, 2.0, 2.0, 2.0, 2.0, 2.0, 2.0, 2.0, 2.0, 2.0, 2.0, 2.0, 2.0, 2.0, 2.0, 2.0, 2.0, 2.0, 2.0, 2.0, 2.0, 2.0, 2.0, 2.0, 2.0, 2.0, 2.0, 2.0, 2.0, 2.0, 2.0, 2.0, 2.0, 2.0, 2.0, 2.0, 2.0, 2.0, 2.0, 2.0, 2.0, 2.0, 2.0, 2.0, 2.0, 2.0, 2.0, 2.0]",COMPLETE
