,number,value,datetime_start,datetime_complete,duration,params_batch_size_scaler,params_constant_learning_rate,params_depth,params_epochs,params_kernel_l2,params_num_trees,params_temperature,user_attrs_accuracy_test,user_attrs_accuracy_valid,user_attrs_approximate_feature_sparsity,user_attrs_approximate_feature_sparsity_history,user_attrs_approximate_weight_sparsity,user_attrs_approximate_weight_sparsity_history,user_attrs_auc_test,user_attrs_auc_valid,user_attrs_feature_sparsity,user_attrs_feature_sparsity_history,user_attrs_num_epochs,user_attrs_val_loss_history,user_attrs_weight_sparsity,user_attrs_weight_sparsity_history,state
53,53,0.9338408625420257,2024-08-31 02:49:20.510919,2024-08-31 02:50:22.067375,0 days 00:01:01.556456,1,0.10367462092422942,1,155,0.002533019073973397,78,0.01782048709242721,0.919,0.9325,33,"[33, 33, 33, 33, 33, 33, 33, 33, 33, 33, 33, 33, 33, 33, 33, 33, 33, 33, 33, 33, 33, 33, 33, 33, 33, 33, 33, 33, 33, 33, 33, 33, 33, 33, 33, 33, 33, 33, 33, 33, 33, 33, 33, 33, 33, 33, 33, 33, 33, 33, 33, 33, 33, 33, 33, 33, 33, 33, 33, 33, 33, 33, 33, 33, 33, 33, 33, 33, 33, 33, 33, 33, 33, 33, 33, 33, 33, 33, 33, 33, 33, 33, 33, 33, 33, 33, 33, 33, 33, 33, 33, 33, 33, 33, 33, 33, 33, 33, 33, 33, 33, 33, 33, 33, 33, 33, 33, 33, 33, 33, 33, 33, 33, 33, 33, 33, 33, 33, 33, 33, 33, 33, 33, 33, 33, 33, 33, 33, 33, 33, 33, 33, 33, 33, 33, 33, 33, 33, 33, 33, 33, 33, 33, 33, 33, 33, 33, 33, 33, 33, 33, 33, 33, 33, 33]",32.98717948717949,"[32.98717948717949, 33.0, 33.0, 33.0, 32.97435897435898, 32.96153846153846, 33.0, 33.0, 33.0, 32.98717948717949, 33.0, 33.0, 32.98717948717949, 33.0, 32.98717948717949, 32.98717948717949, 33.0, 33.0, 32.97435897435898, 33.0, 32.97435897435898, 32.98717948717949, 32.97435897435898, 32.98717948717949, 33.0, 32.97435897435898, 32.98717948717949, 32.98717948717949, 32.98717948717949, 33.0, 33.0, 33.0, 33.0, 33.0, 33.0, 32.97435897435898, 33.0, 33.0, 32.96153846153846, 32.98717948717949, 32.98717948717949, 32.97435897435898, 32.97435897435898, 32.98717948717949, 32.98717948717949, 32.98717948717949, 32.98717948717949, 32.98717948717949, 33.0, 33.0, 32.98717948717949, 32.98717948717949, 32.98717948717949, 33.0, 32.98717948717949, 32.97435897435898, 32.97435897435898, 32.98717948717949, 32.97435897435898, 32.97435897435898, 32.97435897435898, 32.97435897435898, 32.97435897435898, 32.97435897435898, 32.97435897435898, 33.0, 32.97435897435898, 32.97435897435898, 33.0, 32.96153846153846, 32.97435897435898, 32.98717948717949, 32.97435897435898, 33.0, 32.98717948717949, 32.98717948717949, 33.0, 33.0, 33.0, 32.98717948717949, 32.98717948717949, 33.0, 32.98717948717949, 33.0, 32.98717948717949, 32.97435897435898, 32.97435897435898, 32.98717948717949, 32.98717948717949, 32.98717948717949, 32.98717948717949, 33.0, 33.0, 33.0, 32.98717948717949, 33.0, 33.0, 33.0, 33.0, 32.98717948717949, 33.0, 32.97435897435898, 32.96153846153846, 32.98717948717949, 33.0, 33.0, 32.97435897435898, 32.98717948717949, 33.0, 33.0, 32.96153846153846, 33.0, 32.98717948717949, 32.98717948717949, 32.96153846153846, 32.98717948717949, 32.97435897435898, 32.98717948717949, 33.0, 32.98717948717949, 32.94871794871795, 32.98717948717949, 33.0, 32.98717948717949, 33.0, 33.0, 32.98717948717949, 32.98717948717949, 33.0, 33.0, 32.98717948717949, 32.98717948717949, 33.0, 33.0, 32.98717948717949, 33.0, 32.98717948717949, 33.0, 32.98717948717949, 32.98717948717949, 33.0, 32.98717948717949, 33.0, 32.97435897435898, 32.96153846153846, 32.98717948717949, 32.98717948717949, 32.94871794871795, 32.97435897435898, 32.98717948717949, 33.0, 32.96153846153846, 32.97435897435898, 33.0, 32.98717948717949]",0.9125323029417352,0.9338408625420257,33,"[33, 33, 33, 33, 33, 33, 33, 33, 33, 33, 33, 33, 33, 33, 33, 33, 33, 33, 33, 33, 33, 33, 33, 33, 33, 33, 33, 33, 33, 33, 33, 33, 33, 33, 33, 33, 33, 33, 33, 33, 33, 33, 33, 33, 33, 33, 33, 33, 33, 33, 33, 33, 33, 33, 33, 33, 33, 33, 33, 33, 33, 33, 33, 33, 33, 33, 33, 33, 33, 33, 33, 33, 33, 33, 33, 33, 33, 33, 33, 33, 33, 33, 33, 33, 33, 33, 33, 33, 33, 33, 33, 33, 33, 33, 33, 33, 33, 33, 33, 33, 33, 33, 33, 33, 33, 33, 33, 33, 33, 33, 33, 33, 33, 33, 33, 33, 33, 33, 33, 33, 33, 33, 33, 33, 33, 33, 33, 33, 33, 33, 33, 33, 33, 33, 33, 33, 33, 33, 33, 33, 33, 33, 33, 33, 33, 33, 33, 33, 33, 33, 33, 33, 33, 33, 33]",155,"[0.3741578161716461, 0.357461541891098, 0.34505364298820496, 0.3521415591239929, 0.3242042660713196, 0.3421459197998047, 0.3761599659919739, 0.31650471687316895, 0.3205300569534302, 0.3067716658115387, 0.29304513335227966, 0.2771747410297394, 0.3456520438194275, 0.2697353661060333, 0.24819250404834747, 0.24848003685474396, 0.2603554427623749, 0.2281874716281891, 0.23352444171905518, 0.23645728826522827, 0.25016507506370544, 0.21980148553848267, 0.22843202948570251, 0.22503644227981567, 0.22935615479946136, 0.22098076343536377, 0.22125068306922913, 0.23260526359081268, 0.21804210543632507, 0.21140128374099731, 0.21127116680145264, 0.20995037257671356, 0.20890802145004272, 0.20350387692451477, 0.20595508813858032, 0.22174659371376038, 0.20869988203048706, 0.21248376369476318, 0.1968020498752594, 0.2315552532672882, 0.20595194399356842, 0.20062419772148132, 0.20002324879169464, 0.19301900267601013, 0.2006395161151886, 0.20700636506080627, 0.2070554494857788, 0.2273421436548233, 0.21134600043296814, 0.1938362717628479, 0.19537176191806793, 0.20228160917758942, 0.20046444237232208, 0.19870124757289886, 0.2122255116701126, 0.2018689513206482, 0.2330094873905182, 0.1998976171016693, 0.21594040095806122, 0.2319878786802292, 0.2148945927619934, 0.21528126299381256, 0.195479616522789, 0.20990754663944244, 0.19602182507514954, 0.20172806084156036, 0.21211187541484833, 0.1994132399559021, 0.20265020430088043, 0.20325379073619843, 0.20629557967185974, 0.19539494812488556, 0.2487223744392395, 0.2275814265012741, 0.23099055886268616, 0.20341457426548004, 0.19891314208507538, 0.206851527094841, 0.2000066190958023, 0.20767034590244293, 0.2062152624130249, 0.20223413407802582, 0.1978321224451065, 0.1923583596944809, 0.1977693736553192, 0.21707813441753387, 0.20674210786819458, 0.20181035995483398, 0.20098823308944702, 0.2056906819343567, 0.22777597606182098, 0.21512046456336975, 0.2094108760356903, 0.26031461358070374, 0.23401716351509094, 0.22640085220336914, 0.20996738970279694, 0.20896950364112854, 0.20516614615917206, 0.20711061358451843, 0.20916113257408142, 0.25136664509773254, 0.2211582213640213, 0.20938675105571747, 0.19971150159835815, 0.21012543141841888, 0.19932428002357483, 0.234683558344841, 0.2159842699766159, 0.20903295278549194, 0.23930060863494873, 0.20567184686660767, 0.20215055346488953, 0.22246158123016357, 0.21075893938541412, 0.21130093932151794, 0.22066904604434967, 0.21821582317352295, 0.23526552319526672, 0.2117880880832672, 0.23519283533096313, 0.22262844443321228, 0.20607751607894897, 0.21664448082447052, 0.23183508217334747, 0.2167218178510666, 0.21879899501800537, 0.21698591113090515, 0.22032785415649414, 0.22746606171131134, 0.21541443467140198, 0.21727636456489563, 0.21191836893558502, 0.22168897092342377, 0.22579695284366608, 0.22774657607078552, 0.21803449094295502, 0.2241264134645462, 0.23065246641635895, 0.23312196135520935, 0.23122447729110718, 0.23716334998607635, 0.21754898130893707, 0.23243847489356995, 0.2279655486345291, 0.22388991713523865, 0.2350403219461441, 0.22646912932395935, 0.22981685400009155, 0.22404037415981293, 0.23613324761390686, 0.2299502193927765, 0.23114196956157684, 0.22734323143959045, 0.23470096290111542]",33.0,"[33.0, 33.0, 33.0, 33.0, 33.0, 33.0, 33.0, 33.0, 33.0, 33.0, 33.0, 33.0, 33.0, 33.0, 33.0, 33.0, 33.0, 33.0, 33.0, 33.0, 33.0, 33.0, 33.0, 33.0, 33.0, 33.0, 33.0, 33.0, 33.0, 33.0, 33.0, 33.0, 33.0, 33.0, 33.0, 33.0, 33.0, 33.0, 33.0, 33.0, 33.0, 33.0, 33.0, 33.0, 33.0, 33.0, 33.0, 33.0, 33.0, 33.0, 33.0, 33.0, 33.0, 33.0, 33.0, 33.0, 33.0, 33.0, 33.0, 33.0, 33.0, 33.0, 33.0, 33.0, 33.0, 33.0, 33.0, 33.0, 33.0, 33.0, 33.0, 33.0, 33.0, 33.0, 33.0, 33.0, 33.0, 33.0, 33.0, 33.0, 33.0, 33.0, 33.0, 33.0, 33.0, 33.0, 33.0, 33.0, 33.0, 33.0, 33.0, 33.0, 33.0, 33.0, 33.0, 33.0, 33.0, 33.0, 33.0, 33.0, 33.0, 33.0, 33.0, 33.0, 33.0, 33.0, 33.0, 33.0, 33.0, 33.0, 33.0, 33.0, 33.0, 33.0, 33.0, 33.0, 33.0, 33.0, 33.0, 33.0, 33.0, 33.0, 33.0, 33.0, 33.0, 33.0, 33.0, 33.0, 33.0, 33.0, 33.0, 33.0, 33.0, 33.0, 33.0, 33.0, 33.0, 33.0, 33.0, 33.0, 33.0, 33.0, 33.0, 33.0, 33.0, 33.0, 33.0, 33.0, 33.0, 33.0, 33.0, 33.0, 33.0, 33.0, 33.0]",COMPLETE
