,number,value,datetime_start,datetime_complete,duration,params_batch_size_scaler,params_constant_learning_rate,params_depth,params_epochs,params_kernel_l2,params_num_trees,params_temperature,user_attrs_accuracy_test,user_attrs_accuracy_valid,user_attrs_approximate_feature_sparsity,user_attrs_approximate_feature_sparsity_history,user_attrs_approximate_weight_sparsity,user_attrs_approximate_weight_sparsity_history,user_attrs_auc_test,user_attrs_auc_valid,user_attrs_feature_sparsity,user_attrs_feature_sparsity_history,user_attrs_num_epochs,user_attrs_val_loss_history,user_attrs_weight_sparsity,user_attrs_weight_sparsity_history,state
124,124,0.5,2024-08-31 07:02:14.187177,2024-08-31 07:02:45.327026,0 days 00:00:31.139849,4,5.685315680107798,3,120,0.0667636548517153,25,0.0003811983538860139,0.859,0.85875,0,"[33, 24, 13, 10, 9, 9, 7, 7, 7, 7, 5, 5, 5, 5, 5, 4, 4, 2, 2, 2, 2, 2, 2, 2, 2, 2, 2, 2, 2, 2, 2, 2, 2, 1, 1, 1, 1, 1, 1, 0, 0, 0, 0, 0, 0, 0, 0, 0, 0, 0, 0, 0, 0, 0, 0, 0, 0, 0, 0, 0, 0, 0, 0, 0, 0, 0, 0, 0, 0, 0, 0, 0, 0, 0, 0, 0, 0, 0, 0, 0, 0, 0, 0, 0, 0, 0, 0, 0, 0, 0, 0, 0, 0, 0, 0, 0, 0, 0, 0, 0, 0, 0, 0, 0, 0, 0, 0, 0, 0, 0, 0, 0, 0, 0, 0, 0, 0, 0, 0, 0]",0.0,"[32.965714285714284, 23.98857142857143, 13.0, 9.994285714285715, 8.994285714285715, 8.982857142857144, 6.994285714285715, 6.994285714285715, 6.988571428571428, 6.988571428571428, 4.994285714285715, 5.0, 4.994285714285715, 4.994285714285715, 4.988571428571428, 3.9885714285714284, 3.9828571428571427, 1.9942857142857142, 1.9942857142857142, 1.9942857142857142, 1.9942857142857142, 1.9942857142857142, 1.9942857142857142, 1.9885714285714287, 1.9942857142857142, 1.9942857142857142, 1.9885714285714287, 1.9885714285714287, 1.9828571428571429, 1.9828571428571429, 1.9828571428571429, 1.977142857142857, 1.9657142857142857, 0.9828571428571429, 0.9828571428571429, 0.9828571428571429, 0.9657142857142857, 0.9657142857142857, 0.9485714285714286, 0.0, 0.0, 0.0, 0.0, 0.0, 0.0, 0.0, 0.0, 0.0, 0.0, 0.0, 0.0, 0.0, 0.0, 0.0, 0.0, 0.0, 0.0, 0.0, 0.0, 0.0, 0.0, 0.0, 0.0, 0.0, 0.0, 0.0, 0.0, 0.0, 0.0, 0.0, 0.0, 0.0, 0.0, 0.0, 0.0, 0.0, 0.0, 0.0, 0.0, 0.0, 0.0, 0.0, 0.0, 0.0, 0.0, 0.0, 0.0, 0.0, 0.0, 0.0, 0.0, 0.0, 0.0, 0.0, 0.0, 0.0, 0.0, 0.0, 0.0, 0.0, 0.0, 0.0, 0.0, 0.0, 0.0, 0.0, 0.0, 0.0, 0.0, 0.0, 0.0, 0.0, 0.0, 0.0, 0.0, 0.0, 0.0, 0.0, 0.0, 0.0]",0.5,0.5,0,"[33, 24, 13, 10, 9, 9, 7, 7, 7, 7, 5, 5, 5, 5, 5, 4, 4, 2, 2, 2, 2, 2, 2, 2, 2, 2, 2, 2, 2, 2, 2, 2, 2, 1, 1, 1, 1, 1, 1, 0, 0, 0, 0, 0, 0, 0, 0, 0, 0, 0, 0, 0, 0, 0, 0, 0, 0, 0, 0, 0, 0, 0, 0, 0, 0, 0, 0, 0, 0, 0, 0, 0, 0, 0, 0, 0, 0, 0, 0, 0, 0, 0, 0, 0, 0, 0, 0, 0, 0, 0, 0, 0, 0, 0, 0, 0, 0, 0, 0, 0, 0, 0, 0, 0, 0, 0, 0, 0, 0, 0, 0, 0, 0, 0, 0, 0, 0, 0, 0, 0]",120,"[0.6939340233802795, 0.4406612813472748, 2.3347272872924805, 1.0342233180999756, 0.43802449107170105, 0.7420597076416016, 1.2659869194030762, 3.1247308254241943, 0.3921402394771576, 0.37446296215057373, 0.44768306612968445, 0.609663724899292, 1.3308700323104858, 0.5700495839118958, 0.40089938044548035, 1.5723237991333008, 0.3507121205329895, 3.0434818267822266, 0.4455313980579376, 0.8547090888023376, 0.4323465824127197, 1.1542656421661377, 0.49474671483039856, 1.6639866828918457, 0.7575514912605286, 0.5249072909355164, 3.342393159866333, 0.40219080448150635, 0.6948344707489014, 0.504077672958374, 0.4505962133407593, 1.0433217287063599, 0.4631848931312561, 2.1609315872192383, 1.552565574645996, 0.46596014499664307, 0.45833298563957214, 0.47731247544288635, 0.6205488443374634, 1.9600765705108643, 2.0060927867889404, 0.867936372756958, 0.5198749303817749, 1.4064631462097168, 2.1301333904266357, 1.537278413772583, 0.4755362570285797, 0.4580801725387573, 0.6546181440353394, 0.41129639744758606, 1.3029669523239136, 2.6122961044311523, 0.4221804440021515, 1.1908060312271118, 1.4574081897735596, 1.5412101745605469, 0.6123024225234985, 2.5573668479919434, 0.8471819162368774, 0.5373612642288208, 1.018553376197815, 1.7444026470184326, 2.850930690765381, 0.8768956065177917, 1.3709980249404907, 1.0494465827941895, 1.949772596359253, 1.8797649145126343, 2.614481210708618, 2.3867287635803223, 0.4119986295700073, 0.4095112681388855, 3.6216814517974854, 0.506798505783081, 1.4499660730361938, 0.858595609664917, 2.238801956176758, 0.7765119075775146, 0.43227601051330566, 0.5165156126022339, 0.6427614092826843, 1.1687713861465454, 2.9763071537017822, 1.8243803977966309, 1.782405972480774, 2.5353968143463135, 1.590989112854004, 1.075870394706726, 1.4688705205917358, 3.3711190223693848, 2.099355936050415, 0.6734912395477295, 0.44197559356689453, 0.40870174765586853, 1.7976138591766357, 0.8054254651069641, 0.985940158367157, 1.1968857049942017, 0.4072713851928711, 3.4613940715789795, 1.3538590669631958, 3.7157938480377197, 1.238223671913147, 1.9466267824172974, 0.490690678358078, 0.5937190651893616, 0.777475893497467, 1.30339777469635, 1.8219807147979736, 1.8739804029464722, 0.419712096452713, 2.4014251232147217, 2.663688898086548, 0.49921372532844543, 1.005021333694458, 0.6561980247497559, 1.4010120630264282, 0.4849156141281128, 1.362311601638794, 0.41115710139274597]",0.0,"[33.0, 24.0, 13.0, 10.0, 9.0, 9.0, 7.0, 7.0, 7.0, 7.0, 5.0, 5.0, 5.0, 5.0, 5.0, 4.0, 4.0, 2.0, 2.0, 2.0, 2.0, 2.0, 2.0, 2.0, 2.0, 2.0, 2.0, 2.0, 2.0, 2.0, 2.0, 2.0, 2.0, 1.0, 1.0, 1.0, 1.0, 1.0, 1.0, 0.0, 0.0, 0.0, 0.0, 0.0, 0.0, 0.0, 0.0, 0.0, 0.0, 0.0, 0.0, 0.0, 0.0, 0.0, 0.0, 0.0, 0.0, 0.0, 0.0, 0.0, 0.0, 0.0, 0.0, 0.0, 0.0, 0.0, 0.0, 0.0, 0.0, 0.0, 0.0, 0.0, 0.0, 0.0, 0.0, 0.0, 0.0, 0.0, 0.0, 0.0, 0.0, 0.0, 0.0, 0.0, 0.0, 0.0, 0.0, 0.0, 0.0, 0.0, 0.0, 0.0, 0.0, 0.0, 0.0, 0.0, 0.0, 0.0, 0.0, 0.0, 0.0, 0.0, 0.0, 0.0, 0.0, 0.0, 0.0, 0.0, 0.0, 0.0, 0.0, 0.0, 0.0, 0.0, 0.0, 0.0, 0.0, 0.0, 0.0, 0.0]",COMPLETE
125,125,0.5,2024-08-31 07:02:45.331109,2024-08-31 07:02:56.292331,0 days 00:00:10.961222,16,0.18126329938686703,1,85,0.001439709168763615,16,0.0867705021300362,0.859,0.85875,0,"[11, 1, 0, 0, 0, 0, 0, 0, 0, 0, 0, 0, 0, 0, 0, 0, 0, 0, 0, 0, 0, 0, 0, 0, 0, 0, 0, 0, 0, 0, 0, 0, 0, 0, 0, 0, 0, 0, 0, 0, 0, 0, 0, 0, 0, 0, 0, 0, 0, 0, 0, 0, 0, 0, 0, 0, 0, 0, 0, 0, 0, 0, 0, 0, 0, 0, 0, 0, 0, 0, 0, 0, 0, 0, 0, 0, 0, 0, 0, 0, 0, 0, 0, 0, 0]",0.0,"[11.0, 1.0, 0.0, 0.0, 0.0, 0.0, 0.0, 0.0, 0.0, 0.0, 0.0, 0.0, 0.0, 0.0, 0.0, 0.0, 0.0, 0.0, 0.0, 0.0, 0.0, 0.0, 0.0, 0.0, 0.0, 0.0, 0.0, 0.0, 0.0, 0.0, 0.0, 0.0, 0.0, 0.0, 0.0, 0.0, 0.0, 0.0, 0.0, 0.0, 0.0, 0.0, 0.0, 0.0, 0.0, 0.0, 0.0, 0.0, 0.0, 0.0, 0.0, 0.0, 0.0, 0.0, 0.0, 0.0, 0.0, 0.0, 0.0, 0.0, 0.0, 0.0, 0.0, 0.0, 0.0, 0.0, 0.0, 0.0, 0.0, 0.0, 0.0, 0.0, 0.0, 0.0, 0.0, 0.0, 0.0, 0.0, 0.0, 0.0, 0.0, 0.0, 0.0, 0.0, 0.0]",0.5,0.5,0,"[11, 1, 0, 0, 0, 0, 0, 0, 0, 0, 0, 0, 0, 0, 0, 0, 0, 0, 0, 0, 0, 0, 0, 0, 0, 0, 0, 0, 0, 0, 0, 0, 0, 0, 0, 0, 0, 0, 0, 0, 0, 0, 0, 0, 0, 0, 0, 0, 0, 0, 0, 0, 0, 0, 0, 0, 0, 0, 0, 0, 0, 0, 0, 0, 0, 0, 0, 0, 0, 0, 0, 0, 0, 0, 0, 0, 0, 0, 0, 0, 0, 0, 0, 0, 0]",85,"[0.42006298899650574, 0.4116857945919037, 0.4072946310043335, 0.4072348475456238, 0.4072312116622925, 0.4073641896247864, 0.4072739779949188, 0.4072302281856537, 0.4072793126106262, 0.4072299301624298, 0.4079340398311615, 0.4083491265773773, 0.4072361886501312, 0.40727245807647705, 0.40812960267066956, 0.407891184091568, 0.409330815076828, 0.40722736716270447, 0.4073934853076935, 0.41143038868904114, 0.40738430619239807, 0.4073440134525299, 0.40918904542922974, 0.4078672528266907, 0.40723446011543274, 0.40759360790252686, 0.4077490270137787, 0.40794453024864197, 0.40726202726364136, 0.4077492654323578, 0.4076671302318573, 0.40815943479537964, 0.40873393416404724, 0.4074455499649048, 0.40851372480392456, 0.4096888303756714, 0.4072539806365967, 0.40725943446159363, 0.4072303771972656, 0.40745434165000916, 0.407418429851532, 0.4076932966709137, 0.4072381556034088, 0.4072840213775635, 0.40828731656074524, 0.40725159645080566, 0.4072328507900238, 0.4080246388912201, 0.40781769156455994, 0.4072487950325012, 0.40744900703430176, 0.4087589383125305, 0.40777164697647095, 0.4073205888271332, 0.40728363394737244, 0.40726950764656067, 0.40724146366119385, 0.40782639384269714, 0.4079849123954773, 0.4076281487941742, 0.4075064957141876, 0.40741223096847534, 0.40777263045310974, 0.4097353219985962, 0.4084336459636688, 0.4086374342441559, 0.4073352515697479, 0.40731579065322876, 0.40728798508644104, 0.4074024558067322, 0.40722692012786865, 0.40724560618400574, 0.4072261452674866, 0.4075862169265747, 0.40856853127479553, 0.40773728489875793, 0.4078858196735382, 0.40817564725875854, 0.40724363923072815, 0.4074541926383972, 0.4072812795639038, 0.40826502442359924, 0.40722721815109253, 0.4076650142669678, 0.4074823260307312]",0.0,"[11.0, 1.0, 0.0, 0.0, 0.0, 0.0, 0.0, 0.0, 0.0, 0.0, 0.0, 0.0, 0.0, 0.0, 0.0, 0.0, 0.0, 0.0, 0.0, 0.0, 0.0, 0.0, 0.0, 0.0, 0.0, 0.0, 0.0, 0.0, 0.0, 0.0, 0.0, 0.0, 0.0, 0.0, 0.0, 0.0, 0.0, 0.0, 0.0, 0.0, 0.0, 0.0, 0.0, 0.0, 0.0, 0.0, 0.0, 0.0, 0.0, 0.0, 0.0, 0.0, 0.0, 0.0, 0.0, 0.0, 0.0, 0.0, 0.0, 0.0, 0.0, 0.0, 0.0, 0.0, 0.0, 0.0, 0.0, 0.0, 0.0, 0.0, 0.0, 0.0, 0.0, 0.0, 0.0, 0.0, 0.0, 0.0, 0.0, 0.0, 0.0, 0.0, 0.0, 0.0, 0.0]",COMPLETE
