,number,value,datetime_start,datetime_complete,duration,params_batch_size_scaler,params_constant_learning_rate,params_depth,params_epochs,params_kernel_l2,params_num_trees,params_temperature,user_attrs_accuracy_test,user_attrs_accuracy_valid,user_attrs_approximate_feature_sparsity,user_attrs_approximate_feature_sparsity_history,user_attrs_approximate_weight_sparsity,user_attrs_approximate_weight_sparsity_history,user_attrs_auc_test,user_attrs_auc_valid,user_attrs_feature_sparsity,user_attrs_feature_sparsity_history,user_attrs_num_epochs,user_attrs_val_loss_history,user_attrs_weight_sparsity,user_attrs_weight_sparsity_history,state
64,64,0.8085429789645889,2024-08-31 03:22:14.901853,2024-08-31 03:26:54.966474,0 days 00:04:40.064621,4,0.03767093290987765,6,195,0.002721031778215855,45,0.005107553237633207,0.884,0.8825,33,"[33, 33, 33, 33, 33, 33, 33, 33, 33, 33, 33, 33, 33, 33, 33, 33, 33, 33, 33, 33, 33, 33, 33, 33, 33, 33, 33, 33, 33, 33, 33, 33, 33, 33, 33, 33, 33, 33, 33, 33, 33, 33, 33, 33, 33, 33, 33, 33, 33, 33, 33, 33, 33, 33, 33, 33, 33, 33, 33, 33, 33, 33, 33, 33, 33, 33, 33, 33, 33, 33, 33, 33, 33, 33, 33, 33, 33, 33, 33, 33, 33, 33, 33, 33, 33, 33, 33, 33, 33, 33, 33, 33, 33, 33, 33, 33, 33, 33, 33, 33, 33, 33, 33, 33, 33, 33, 33, 33, 33, 33, 33, 33, 33, 33, 33, 33, 33, 33, 33, 33, 33, 33, 33, 33, 33, 33, 33, 33, 33, 33, 33, 33, 33, 33, 33, 33, 33, 33, 33, 33, 33, 33, 33, 33, 33, 33, 33, 33, 33, 33, 33, 33, 33, 33, 33, 33, 33, 33, 33, 33, 33, 33, 33, 33, 33, 33, 33, 33, 33, 33, 33, 33, 33, 33, 33, 33, 33, 33, 33, 33, 33, 33, 33, 33, 33, 33, 33, 33, 33, 33, 33, 33, 33, 33, 33]",32.9326278659612,"[32.922751322751324, 32.923809523809524, 32.92239858906525, 32.92557319223986, 32.92557319223987, 32.92204585537919, 32.924162257495595, 32.92345679012345, 32.923809523809524, 32.924867724867724, 32.91922398589065, 32.92134038800705, 32.92310405643739, 32.91957671957672, 32.91887125220459, 32.92522045855379, 32.925220458553795, 32.92522045855379, 32.92768959435626, 32.92063492063492, 32.92063492063492, 32.92239858906525, 32.91957671957672, 32.92522045855379, 32.921693121693124, 32.91922398589065, 32.92698412698413, 32.921693121693124, 32.925925925925924, 32.927689594356266, 32.92028218694885, 32.922751322751324, 32.92592592592593, 32.93015873015873, 32.92910052910053, 32.925220458553795, 32.91887125220459, 32.922751322751324, 32.92416225749559, 32.92451499118166, 32.924867724867724, 32.92416225749559, 32.92416225749559, 32.92557319223986, 32.92804232804233, 32.92345679012346, 32.92698412698413, 32.92874779541446, 32.92768959435626, 32.928395061728395, 32.926984126984124, 32.92557319223986, 32.931569664902995, 32.92980599647266, 32.92910052910053, 32.92910052910053, 32.925925925925924, 32.92134038800705, 32.926278659611995, 32.92910052910053, 32.925220458553795, 32.93015873015873, 32.92874779541446, 32.928395061728395, 32.92768959435626, 32.92768959435626, 32.929453262786595, 32.930864197530866, 32.93439153439154, 32.932980599647266, 32.932980599647266, 32.93121693121693, 32.932980599647266, 32.93333333333333, 32.93121693121693, 32.93227513227513, 32.93580246913581, 32.9336860670194, 32.934038800705466, 32.931922398589066, 32.92910052910053, 32.92522045855379, 32.92768959435626, 32.925925925925924, 32.92451499118166, 32.926984126984124, 32.924867724867724, 32.92663139329806, 32.927689594356266, 32.928747795414466, 32.92663139329806, 32.92451499118165, 32.927336860670195, 32.92416225749559, 32.926984126984124, 32.93333333333334, 32.935097001763666, 32.93544973544974, 32.929453262786595, 32.934038800705466, 32.929805996472666, 32.925925925925924, 32.923809523809524, 32.92557319223986, 32.92380952380952, 32.923809523809524, 32.92451499118166, 32.926984126984124, 32.926278659611995, 32.92451499118166, 32.92663139329806, 32.92451499118166, 32.92698412698413, 32.92663139329806, 32.930864197530866, 32.9305114638448, 32.92663139329806, 32.93121693121693, 32.93227513227513, 32.930864197530866, 32.930511463844795, 32.92980599647266, 32.93015873015873, 32.929453262786595, 32.92557319223986, 32.926278659611995, 32.92698412698413, 32.925925925925924, 32.925220458553795, 32.931569664902995, 32.93015873015873, 32.92910052910053, 32.928747795414466, 32.92557319223986, 32.92768959435626, 32.92557319223986, 32.92768959435626, 32.92522045855379, 32.924867724867724, 32.925220458553795, 32.927336860670195, 32.926984126984124, 32.92663139329806, 32.92522045855379, 32.924162257495595, 32.92663139329807, 32.92522045855379, 32.925925925925924, 32.925220458553795, 32.92451499118166, 32.922751322751324, 32.91816578483245, 32.91992945326278, 32.91816578483245, 32.92028218694885, 32.922751322751324, 32.92451499118166, 32.924867724867724, 32.92910052910053, 32.925925925925924, 32.923809523809524, 32.92451499118165, 32.92663139329806, 32.92733686067019, 32.926984126984124, 32.92768959435626, 32.928395061728395, 32.92804232804233, 32.932980599647266, 32.93227513227513, 32.93333333333333, 32.93015873015873, 32.925925925925924, 32.92804232804233, 32.92768959435626, 32.930864197530866, 32.931922398589066, 32.92910052910053, 32.931569664902995, 32.930864197530866, 32.93086419753086, 32.931569664902995, 32.93227513227513, 32.930511463844795, 32.9358024691358, 32.93615520282187, 32.9358024691358, 32.9379188712522, 32.93791887125221, 32.93862433862434, 32.93439153439154, 32.9336860670194, 32.93015873015873, 32.929453262786595, 32.9326278659612]",0.8251636819986955,0.8085429789645889,33,"[33, 33, 33, 33, 33, 33, 33, 33, 33, 33, 33, 33, 33, 33, 33, 33, 33, 33, 33, 33, 33, 33, 33, 33, 33, 33, 33, 33, 33, 33, 33, 33, 33, 33, 33, 33, 33, 33, 33, 33, 33, 33, 33, 33, 33, 33, 33, 33, 33, 33, 33, 33, 33, 33, 33, 33, 33, 33, 33, 33, 33, 33, 33, 33, 33, 33, 33, 33, 33, 33, 33, 33, 33, 33, 33, 33, 33, 33, 33, 33, 33, 33, 33, 33, 33, 33, 33, 33, 33, 33, 33, 33, 33, 33, 33, 33, 33, 33, 33, 33, 33, 33, 33, 33, 33, 33, 33, 33, 33, 33, 33, 33, 33, 33, 33, 33, 33, 33, 33, 33, 33, 33, 33, 33, 33, 33, 33, 33, 33, 33, 33, 33, 33, 33, 33, 33, 33, 33, 33, 33, 33, 33, 33, 33, 33, 33, 33, 33, 33, 33, 33, 33, 33, 33, 33, 33, 33, 33, 33, 33, 33, 33, 33, 33, 33, 33, 33, 33, 33, 33, 33, 33, 33, 33, 33, 33, 33, 33, 33, 33, 33, 33, 33, 33, 33, 33, 33, 33, 33, 33, 33, 33, 33, 33, 33]",195,"[0.48217928409576416, 0.42829516530036926, 0.41000622510910034, 0.4019615948200226, 0.3975711166858673, 0.3947015404701233, 0.3925376236438751, 0.39076709747314453, 0.38921570777893066, 0.3877808749675751, 0.38644951581954956, 0.38522204756736755, 0.38406670093536377, 0.38299819827079773, 0.38198262453079224, 0.3810247480869293, 0.38012099266052246, 0.3792650103569031, 0.3784481883049011, 0.37768498063087463, 0.37694254517555237, 0.37625545263290405, 0.375593900680542, 0.37494686245918274, 0.37433379888534546, 0.37374863028526306, 0.3731941282749176, 0.37266838550567627, 0.3721427619457245, 0.3716377317905426, 0.3711391091346741, 0.3706674873828888, 0.3702034652233124, 0.3697637617588043, 0.3693295419216156, 0.3689003884792328, 0.36850154399871826, 0.3681040108203888, 0.3677111864089966, 0.3673132061958313, 0.36693575978279114, 0.36657771468162537, 0.3662104308605194, 0.3658475875854492, 0.3654913604259491, 0.36513885855674744, 0.36479413509368896, 0.3644579350948334, 0.3641180694103241, 0.36377549171447754, 0.36344239115715027, 0.3631371259689331, 0.3628000319004059, 0.36247292160987854, 0.36214888095855713, 0.36183053255081177, 0.36151930689811707, 0.3612225353717804, 0.36090144515037537, 0.360589861869812, 0.36026036739349365, 0.35997727513313293, 0.35965052247047424, 0.3593558073043823, 0.35903701186180115, 0.35872459411621094, 0.35841792821884155, 0.3581360876560211, 0.35783934593200684, 0.35753539204597473, 0.3572247326374054, 0.356933057308197, 0.35663041472435, 0.35629767179489136, 0.3559989631175995, 0.3556804656982422, 0.3553837537765503, 0.3550882637500763, 0.3547685742378235, 0.35446247458457947, 0.3541499078273773, 0.35384848713874817, 0.3535434305667877, 0.3532295525074005, 0.35292842984199524, 0.3526342809200287, 0.3523295521736145, 0.3520320653915405, 0.3517146408557892, 0.3514152765274048, 0.3511112332344055, 0.3508143723011017, 0.3505125343799591, 0.35019999742507935, 0.3498745262622833, 0.34956932067871094, 0.3492709994316101, 0.3489512503147125, 0.3486310541629791, 0.34830933809280396, 0.34801411628723145, 0.3477100431919098, 0.34739530086517334, 0.3470737934112549, 0.3467674255371094, 0.3464386463165283, 0.34612125158309937, 0.3458060920238495, 0.34548109769821167, 0.3451678454875946, 0.3448585569858551, 0.34453433752059937, 0.34421199560165405, 0.34391844272613525, 0.3435678482055664, 0.34324949979782104, 0.34291142225265503, 0.34259405732154846, 0.34228599071502686, 0.34194111824035645, 0.34160637855529785, 0.3412753939628601, 0.3409467041492462, 0.3406139314174652, 0.3402889668941498, 0.3399568498134613, 0.33962345123291016, 0.3392859995365143, 0.33895304799079895, 0.33859530091285706, 0.33825165033340454, 0.337909460067749, 0.33756640553474426, 0.33724603056907654, 0.3368889093399048, 0.33653390407562256, 0.33618491888046265, 0.33581677079200745, 0.3354952931404114, 0.33516138792037964, 0.3347996473312378, 0.3344520628452301, 0.3340986669063568, 0.33375945687294006, 0.33341312408447266, 0.33306267857551575, 0.3326966464519501, 0.33232173323631287, 0.33195415139198303, 0.33156463503837585, 0.33120882511138916, 0.33085304498672485, 0.33048975467681885, 0.330107718706131, 0.32974469661712646, 0.32936713099479675, 0.3289938271045685, 0.3285970389842987, 0.32821017503738403, 0.3278437554836273, 0.3274567425251007, 0.3270775079727173, 0.3267125189304352, 0.32631126046180725, 0.3258967995643616, 0.32549697160720825, 0.32511427998542786, 0.3247319757938385, 0.32432544231414795, 0.3239583969116211, 0.323536217212677, 0.32313773036003113, 0.3227356970310211, 0.3223162591457367, 0.321923166513443, 0.32152217626571655, 0.3211148977279663, 0.32070663571357727, 0.3202904462814331, 0.3198668658733368, 0.3194548487663269, 0.31903401017189026, 0.3185991048812866, 0.31817275285720825, 0.31773456931114197, 0.31731799244880676, 0.3168889880180359, 0.3164626359939575, 0.3160279095172882, 0.3156057894229889, 0.31517669558525085, 0.31474101543426514, 0.31430143117904663, 0.3138529062271118, 0.313393771648407]",33.0,"[33.0, 33.0, 33.0, 33.0, 33.0, 33.0, 33.0, 33.0, 33.0, 33.0, 33.0, 33.0, 33.0, 33.0, 33.0, 33.0, 33.0, 33.0, 33.0, 33.0, 33.0, 33.0, 33.0, 33.0, 33.0, 33.0, 33.0, 33.0, 33.0, 33.0, 33.0, 33.0, 33.0, 33.0, 33.0, 33.0, 33.0, 33.0, 33.0, 33.0, 33.0, 33.0, 33.0, 33.0, 33.0, 33.0, 33.0, 33.0, 33.0, 33.0, 33.0, 33.0, 33.0, 33.0, 33.0, 33.0, 33.0, 33.0, 33.0, 33.0, 33.0, 33.0, 33.0, 33.0, 33.0, 33.0, 33.0, 33.0, 33.0, 33.0, 33.0, 33.0, 33.0, 33.0, 33.0, 33.0, 33.0, 33.0, 33.0, 33.0, 33.0, 33.0, 33.0, 33.0, 33.0, 33.0, 33.0, 33.0, 33.0, 33.0, 33.0, 33.0, 33.0, 33.0, 33.0, 33.0, 33.0, 33.0, 33.0, 33.0, 33.0, 33.0, 33.0, 33.0, 33.0, 33.0, 33.0, 33.0, 33.0, 33.0, 33.0, 33.0, 33.0, 33.0, 33.0, 33.0, 33.0, 33.0, 33.0, 33.0, 33.0, 33.0, 33.0, 33.0, 33.0, 33.0, 33.0, 33.0, 33.0, 33.0, 33.0, 33.0, 33.0, 33.0, 33.0, 33.0, 33.0, 33.0, 33.0, 33.0, 33.0, 33.0, 33.0, 33.0, 33.0, 33.0, 33.0, 33.0, 33.0, 33.0, 33.0, 33.0, 33.0, 33.0, 33.0, 33.0, 33.0, 33.0, 33.0, 33.0, 33.0, 33.0, 33.0, 33.0, 33.0, 33.0, 33.0, 33.0, 33.0, 33.0, 33.0, 33.0, 33.0, 33.0, 33.0, 33.0, 33.0, 33.0, 33.0, 33.0, 33.0, 33.0, 33.0, 33.0, 33.0, 33.0, 33.0, 33.0, 33.0, 33.0, 33.0, 33.0, 33.0, 33.0, 33.0]",COMPLETE
