,number,value,datetime_start,datetime_complete,duration,params_batch_size_scaler,params_constant_learning_rate,params_depth,params_epochs,params_kernel_l2,params_num_trees,params_temperature,user_attrs_accuracy_test,user_attrs_accuracy_valid,user_attrs_approximate_feature_sparsity,user_attrs_approximate_feature_sparsity_history,user_attrs_approximate_weight_sparsity,user_attrs_approximate_weight_sparsity_history,user_attrs_auc_test,user_attrs_auc_valid,user_attrs_feature_sparsity,user_attrs_feature_sparsity_history,user_attrs_num_epochs,user_attrs_val_loss_history,user_attrs_weight_sparsity,user_attrs_weight_sparsity_history,state
8,8,0.8679007097680049,2024-08-31 00:51:04.695221,2024-08-31 00:57:26.498548,0 days 00:06:21.803327,1,0.302561380986911,5,265,0.6570711636395314,61,0.014796201769133916,0.898,0.8975,5,"[33, 9, 7, 7, 7, 7, 6, 6, 6, 6, 6, 6, 6, 6, 6, 6, 6, 6, 6, 6, 6, 6, 6, 5, 5, 5, 5, 5, 5, 5, 5, 5, 5, 5, 5, 5, 5, 5, 5, 5, 5, 5, 5, 5, 5, 5, 5, 5, 5, 5, 5, 5, 5, 5, 5, 5, 5, 5, 5, 5, 5, 5, 5, 5, 5, 5, 5, 5, 5, 5, 5, 5, 5, 5, 5, 5, 5, 5, 5, 5, 5, 5, 5, 5, 5, 5, 5, 5, 5, 5, 5, 5, 5, 5, 5, 5, 5, 5, 5, 5, 5, 5, 5, 5, 5, 5, 5, 5, 5, 5, 5, 5, 5, 5, 5, 5, 5, 5, 5, 5, 5, 5, 5, 5, 5, 5, 5, 5, 5, 5, 5, 5, 5, 5, 5, 5, 5, 5, 5, 5, 5, 5, 5, 5, 5, 5, 5, 5, 5, 5, 5, 5, 5, 5, 5, 5, 5, 5, 5, 5, 5, 5, 5, 5, 5, 5, 5, 5, 5, 5, 5, 5, 5, 5, 5, 5, 5, 5, 5, 5, 5, 5, 5, 5, 5, 5, 5, 5, 5, 5, 5, 5, 5, 5, 5, 5, 5, 5, 5, 5, 5, 5, 5, 5, 5, 5, 5, 5, 5, 5, 5, 5, 5, 5, 5, 5, 5, 5, 5, 5, 5, 5, 5, 5, 5, 5, 5, 5, 5, 5, 5, 5, 5, 5, 5, 5, 5, 5, 5, 5, 5, 5, 5, 5, 5, 5, 5, 5, 5, 5, 5, 5, 5, 5, 5, 5, 5, 5, 5, 5, 5, 5, 5, 5, 5]",4.814912744579587,"[32.941829719725014, 8.98360655737705, 6.981491274457959, 6.982020095187732, 6.9841353781068225, 6.986250661025912, 5.992067689053411, 5.9867794817556845, 5.987837123215231, 5.987837123215231, 5.984664198836595, 5.9867794817556845, 5.9841353781068225, 5.983606557377049, 5.987308302485458, 5.982548915917504, 5.983077736647277, 5.982020095187731, 5.985193019566367, 5.9809624537281865, 5.982020095187731, 5.98360655737705, 5.97990481226864, 4.9867794817556845, 4.983077736647276, 4.984664198836595, 4.982548915917504, 4.987308302485458, 4.987837123215231, 4.982548915917504, 4.9783183500793236, 4.979904812268641, 4.981491274457959, 4.9809624537281865, 4.9783183500793236, 4.979375991538868, 4.979904812268641, 4.97778952934955, 4.9809624537281865, 4.9783183500793236, 4.974616604970915, 4.981491274457959, 4.976731887890005, 4.970914859862506, 4.973030142781597, 4.973030142781597, 4.97567424643046, 4.970386039132734, 4.977260708619777, 4.9719725013220515, 4.975674246430461, 4.973030142781598, 4.967213114754099, 4.962982548915917, 4.96562665256478, 4.962453728186144, 4.959809624537282, 4.965626652564781, 4.965626652564781, 4.961924907456372, 4.964569011105235, 4.961924907456372, 4.958751983077737, 4.961924907456373, 4.956636700158646, 4.958223162347964, 4.953992596509783, 4.95134849286092, 4.956107879428874, 4.949762030671602, 4.948175568482284, 4.947646747752512, 4.950290851401375, 4.946060285563194, 4.9428873611845585, 4.942358540454785, 4.941300898995241, 4.942358540454785, 4.93918561607615, 4.938127974616605, 4.937599153886832, 4.933368588048651, 4.930724484399789, 4.933368588048651, 4.933368588048651, 4.928609201480698, 4.929138022210471, 4.927551560021152, 4.919619249074564, 4.921205711263881, 4.916975145425701, 4.914331041776838, 4.916975145425701, 4.907456372289794, 4.9106292966684295, 4.906398730830248, 4.907985193019567, 4.905869910100476, 4.901639344262295, 4.902168164992068, 4.894764674775251, 4.897937599153887, 4.889476467477525, 4.8958223162347965, 4.896879957694342, 4.888947646747752, 4.887361184558435, 4.88841882601798, 4.8900052882072975, 4.88841882601798, 4.879428873611845, 4.873611845584347, 4.879957694341618, 4.8635642517186675, 4.880486515071391, 4.876784769962983, 4.855631940772079, 4.867265996827076, 4.853516657852988, 4.8609201480698045, 4.8429402432575355, 4.856689582231623, 4.850343733474352, 4.859862506610259, 4.85404547858276, 4.858276044420942, 4.84981491274458, 4.852987837123216, 4.851401374933897, 4.845584346906399, 4.850872554204125, 4.846641988365944, 4.852459016393443, 4.847699629825489, 4.836065573770492, 4.850872554204125, 4.8402961396086726, 4.839767318878899, 4.829719725013221, 4.833950290851401, 4.837123215230037, 4.839238498149127, 4.822845055526177, 4.8254891591750395, 4.8286620835536755, 4.82548915917504, 4.818085668958223, 4.82760444209413, 4.82548915917504, 4.824960338445267, 4.82971972501322, 4.824960338445267, 4.818614489687996, 4.822845055526177, 4.818085668958224, 4.814383923849815, 4.818085668958223, 4.817028027498678, 4.82337387625595, 4.818085668958223, 4.81544156530936, 4.816499206768905, 4.807509254362771, 4.8106821787414065, 4.805922792173453, 4.801692226335272, 4.806980433632999, 4.795346377578001, 4.799576943416182, 4.797990481226864, 4.808566895822317, 4.805393971443681, 4.797461660497092, 4.796932839767319, 4.782654680063459, 4.782125859333686, 4.794817556848229, 4.79111581173982, 4.804336329984135, 4.797990481226864, 4.797461660497092, 4.810153358011634, 4.804865150713908, 4.780539397144368, 4.78900052882073, 4.775251189846642, 4.800105764145955, 4.80327868852459, 4.808566895822317, 4.804336329984135, 4.78900052882073, 4.788471708090957, 4.8080380750925436, 4.806980433632998, 4.792173453199365, 4.795875198307773, 4.790586991010048, 4.785298783712322, 4.7932310946589105, 4.786885245901639, 4.783183500793231, 4.798519301956636, 4.797461660497092, 4.7932310946589105, 4.773135906927552, 4.784241142252776, 4.789529349550502, 4.799576943416183, 4.794817556848228, 4.814912744579587, 4.780010576414595, 4.786356425171867, 4.788471708090958, 4.79111581173982, 4.797461660497092, 4.810153358011634, 4.792702273929138, 4.800105764145954, 4.782125859333686, 4.780010576414596, 4.778952934955051, 4.778952934955051, 4.784769962982549, 4.785827604442094, 4.7757800105764145, 4.7784241142252775, 4.77683765203596, 4.775251189846642, 4.777895293495505, 4.8048651507139075, 4.803807509254363, 4.796932839767319, 4.792173453199365, 4.775251189846642, 4.805922792173453, 4.807509254362771, 4.800105764145955, 4.807509254362771, 4.787942887361185, 4.806451612903226, 4.804865150713908, 4.804865150713908, 4.807509254362771, 4.823902696985722, 4.784241142252776, 4.7609730301427815, 4.784241142252776, 4.785827604442094, 4.767847699629826, 4.773135906927552, 4.7757800105764145, 4.802749867794818, 4.819143310417768, 4.798519301956636, 4.787942887361185, 4.802749867794818, 4.794288736118456, 4.80750925436277, 4.804865150713908, 4.780010576414595, 4.797461660497092, 4.762559492332099, 4.809095716552089, 4.810153358011634, 4.814912744579587]",0.8681090497774916,0.8679007097680049,5,"[33, 9, 7, 7, 7, 7, 6, 6, 6, 6, 6, 6, 6, 6, 6, 6, 6, 6, 6, 6, 6, 6, 6, 5, 5, 5, 5, 5, 5, 5, 5, 5, 5, 5, 5, 5, 5, 5, 5, 5, 5, 5, 5, 5, 5, 5, 5, 5, 5, 5, 5, 5, 5, 5, 5, 5, 5, 5, 5, 5, 5, 5, 5, 5, 5, 5, 5, 5, 5, 5, 5, 5, 5, 5, 5, 5, 5, 5, 5, 5, 5, 5, 5, 5, 5, 5, 5, 5, 5, 5, 5, 5, 5, 5, 5, 5, 5, 5, 5, 5, 5, 5, 5, 5, 5, 5, 5, 5, 5, 5, 5, 5, 5, 5, 5, 5, 5, 5, 5, 5, 5, 5, 5, 5, 5, 5, 5, 5, 5, 5, 5, 5, 5, 5, 5, 5, 5, 5, 5, 5, 5, 5, 5, 5, 5, 5, 5, 5, 5, 5, 5, 5, 5, 5, 5, 5, 5, 5, 5, 5, 5, 5, 5, 5, 5, 5, 5, 5, 5, 5, 5, 5, 5, 5, 5, 5, 5, 5, 5, 5, 5, 5, 5, 5, 5, 5, 5, 5, 5, 5, 5, 5, 5, 5, 5, 5, 5, 5, 5, 5, 5, 5, 5, 5, 5, 5, 5, 5, 5, 5, 5, 5, 5, 5, 5, 5, 5, 5, 5, 5, 5, 5, 5, 5, 5, 5, 5, 5, 5, 5, 5, 5, 5, 5, 5, 5, 5, 5, 5, 5, 5, 5, 5, 5, 5, 5, 5, 5, 5, 5, 5, 5, 5, 5, 5, 5, 5, 5, 5, 5, 5, 5, 5, 5, 5]",265,"[0.38657715916633606, 0.3725748062133789, 0.36241385340690613, 0.35831400752067566, 0.3514353036880493, 0.34763744473457336, 0.34564629197120667, 0.3415021002292633, 0.3309658169746399, 0.32636523246765137, 0.3213939964771271, 0.3183072805404663, 0.3216596245765686, 0.3133291006088257, 0.3132631182670593, 0.3119049370288849, 0.3116151988506317, 0.30653250217437744, 0.3059774339199066, 0.30740979313850403, 0.30256298184394836, 0.3029160797595978, 0.3020605742931366, 0.306207537651062, 0.29911115765571594, 0.29933831095695496, 0.30132535099983215, 0.3178943991661072, 0.2991912364959717, 0.2960541248321533, 0.29622477293014526, 0.2974325120449066, 0.2951967120170593, 0.2938030958175659, 0.2920820116996765, 0.29545870423316956, 0.2923927903175354, 0.29189345240592957, 0.2990002930164337, 0.29223766922950745, 0.288838267326355, 0.2893580496311188, 0.2913276255130768, 0.2881337106227875, 0.29063573479652405, 0.2881702184677124, 0.29238826036453247, 0.2898079752922058, 0.2946885824203491, 0.28560391068458557, 0.29782822728157043, 0.2850764989852905, 0.28990116715431213, 0.2894083261489868, 0.2841442823410034, 0.2865906059741974, 0.28658440709114075, 0.28526249527931213, 0.28813639283180237, 0.2885659635066986, 0.28333452343940735, 0.2824397385120392, 0.28311169147491455, 0.2863692343235016, 0.28814783692359924, 0.2821181118488312, 0.281856507062912, 0.2829943001270294, 0.28358402848243713, 0.2847529351711273, 0.30378592014312744, 0.2812448740005493, 0.2831459641456604, 0.287857323884964, 0.28237631916999817, 0.2868746817111969, 0.2788150906562805, 0.28079119324684143, 0.28207433223724365, 0.27879250049591064, 0.27882736921310425, 0.27902063727378845, 0.2777538597583771, 0.27931076288223267, 0.27848562598228455, 0.2790222465991974, 0.27754050493240356, 0.2807340919971466, 0.2787730395793915, 0.27888888120651245, 0.28033503890037537, 0.27708256244659424, 0.27750110626220703, 0.27637460827827454, 0.2768557667732239, 0.27853724360466003, 0.2773721516132355, 0.2849913537502289, 0.27806225419044495, 0.28105929493904114, 0.2764757573604584, 0.2773767411708832, 0.27657559514045715, 0.27536967396736145, 0.3080296516418457, 0.2760975956916809, 0.282983660697937, 0.277692973613739, 0.2803407311439514, 0.27834779024124146, 0.2790151536464691, 0.2755745053291321, 0.27494868636131287, 0.27622556686401367, 0.2758718430995941, 0.27868565917015076, 0.27397486567497253, 0.2740307152271271, 0.2753889858722687, 0.27444979548454285, 0.27826976776123047, 0.273630291223526, 0.2774803042411804, 0.2802906632423401, 0.279735803604126, 0.27829620242118835, 0.28803133964538574, 0.2754115164279938, 0.2752985954284668, 0.2767382562160492, 0.27465686202049255, 0.273450642824173, 0.2763294279575348, 0.28106382489204407, 0.2797253727912903, 0.28164494037628174, 0.27940091490745544, 0.28690123558044434, 0.27577561140060425, 0.27672621607780457, 0.2732505202293396, 0.2850582003593445, 0.272821843624115, 0.27358296513557434, 0.2771706283092499, 0.2752743065357208, 0.277792751789093, 0.28347477316856384, 0.2819291949272156, 0.27855271100997925, 0.2755325138568878, 0.27339112758636475, 0.27756473422050476, 0.28871241211891174, 0.27762752771377563, 0.2761736214160919, 0.2789561152458191, 0.2921508550643921, 0.29346781969070435, 0.2785715162754059, 0.2734871208667755, 0.2781667411327362, 0.2723480761051178, 0.2770633399486542, 0.27511727809906006, 0.2764042913913727, 0.27343469858169556, 0.27602124214172363, 0.27531132102012634, 0.2815220355987549, 0.2747708857059479, 0.27608558535575867, 0.27610063552856445, 0.27227914333343506, 0.2783621847629547, 0.281994104385376, 0.27362680435180664, 0.2729792892932892, 0.2748757004737854, 0.2770697772502899, 0.2742358446121216, 0.28339260816574097, 0.27978241443634033, 0.2847355902194977, 0.2738329768180847, 0.2845395505428314, 0.2786238193511963, 0.2726611793041229, 0.275638610124588, 0.27431392669677734, 0.2742157280445099, 0.2955078184604645, 0.2732323706150055, 0.27398210763931274, 0.2763670086860657, 0.27732428908348083, 0.276551216840744, 0.275715708732605, 0.27277445793151855, 0.28708741068840027, 0.27153778076171875, 0.2704496383666992, 0.273429274559021, 0.27749401330947876, 0.27586767077445984, 0.27528461813926697, 0.27924755215644836, 0.27233418822288513, 0.2770838439464569, 0.2770196795463562, 0.2753010392189026, 0.27143341302871704, 0.2745171785354614, 0.2780187726020813, 0.2710104286670685, 0.27300384640693665, 0.2737789750099182, 0.27995118498802185, 0.2718409597873688, 0.273173451423645, 0.2768571674823761, 0.2745833694934845, 0.27249154448509216, 0.2702813446521759, 0.27643877267837524, 0.2747514247894287, 0.2711201012134552, 0.2748536765575409, 0.3139413297176361, 0.2718946933746338, 0.27525708079338074, 0.27438804507255554, 0.2733505666255951, 0.27537357807159424, 0.27439644932746887, 0.27233776450157166, 0.2720601558685303, 0.2724643647670746, 0.28077325224876404, 0.2712007164955139, 0.2735779285430908, 0.2728419005870819, 0.2797667384147644, 0.276762455701828, 0.2856220006942749, 0.2733818292617798, 0.27287226915359497, 0.27585941553115845, 0.2757609486579895, 0.2765125334262848, 0.29199954867362976, 0.2858596742153168, 0.27825045585632324, 0.2735292613506317, 0.2717283070087433, 0.2725946605205536, 0.2709769308567047, 0.2777729332447052, 0.27121269702911377, 0.2755208909511566, 0.2744697630405426, 0.2867492139339447, 0.27113425731658936, 0.27180418372154236, 0.2745698094367981]",5.0,"[33.0, 9.0, 7.0, 7.0, 7.0, 7.0, 6.0, 6.0, 6.0, 6.0, 6.0, 6.0, 6.0, 6.0, 6.0, 6.0, 6.0, 6.0, 6.0, 6.0, 6.0, 6.0, 6.0, 5.0, 5.0, 5.0, 5.0, 5.0, 5.0, 5.0, 5.0, 5.0, 5.0, 5.0, 5.0, 5.0, 5.0, 5.0, 5.0, 5.0, 5.0, 5.0, 5.0, 5.0, 5.0, 5.0, 5.0, 5.0, 5.0, 5.0, 5.0, 5.0, 5.0, 5.0, 5.0, 5.0, 5.0, 5.0, 5.0, 5.0, 5.0, 5.0, 5.0, 5.0, 5.0, 5.0, 5.0, 5.0, 5.0, 5.0, 5.0, 5.0, 5.0, 5.0, 5.0, 5.0, 5.0, 5.0, 5.0, 5.0, 5.0, 5.0, 5.0, 5.0, 5.0, 5.0, 5.0, 5.0, 5.0, 5.0, 5.0, 5.0, 5.0, 5.0, 5.0, 5.0, 5.0, 5.0, 5.0, 5.0, 5.0, 5.0, 5.0, 5.0, 5.0, 5.0, 5.0, 5.0, 5.0, 5.0, 5.0, 5.0, 5.0, 5.0, 5.0, 5.0, 5.0, 5.0, 5.0, 5.0, 5.0, 5.0, 5.0, 5.0, 5.0, 5.0, 5.0, 5.0, 5.0, 5.0, 5.0, 5.0, 5.0, 5.0, 5.0, 5.0, 5.0, 5.0, 5.0, 5.0, 5.0, 5.0, 5.0, 5.0, 5.0, 5.0, 5.0, 5.0, 5.0, 5.0, 5.0, 5.0, 5.0, 5.0, 5.0, 5.0, 5.0, 5.0, 5.0, 5.0, 5.0, 5.0, 5.0, 5.0, 5.0, 5.0, 5.0, 5.0, 5.0, 5.0, 5.0, 5.0, 5.0, 5.0, 5.0, 5.0, 5.0, 5.0, 5.0, 5.0, 5.0, 5.0, 5.0, 5.0, 5.0, 5.0, 5.0, 5.0, 5.0, 5.0, 5.0, 5.0, 5.0, 5.0, 5.0, 5.0, 5.0, 5.0, 5.0, 5.0, 5.0, 5.0, 5.0, 5.0, 5.0, 5.0, 5.0, 5.0, 5.0, 5.0, 5.0, 5.0, 5.0, 5.0, 5.0, 5.0, 5.0, 5.0, 5.0, 5.0, 5.0, 5.0, 5.0, 5.0, 5.0, 5.0, 5.0, 5.0, 5.0, 5.0, 5.0, 5.0, 5.0, 5.0, 5.0, 5.0, 5.0, 5.0, 5.0, 5.0, 5.0, 5.0, 5.0, 5.0, 5.0, 5.0, 5.0, 5.0, 5.0, 5.0, 5.0, 5.0, 5.0, 5.0, 5.0, 5.0, 5.0, 5.0, 5.0, 5.0, 5.0, 5.0, 5.0, 5.0, 5.0]",COMPLETE
