,number,value,datetime_start,datetime_complete,duration,params_batch_size_scaler,params_constant_learning_rate,params_depth,params_epochs,params_kernel_l2,params_num_trees,params_temperature,user_attrs_accuracy_test,user_attrs_accuracy_valid,user_attrs_approximate_feature_sparsity,user_attrs_approximate_feature_sparsity_history,user_attrs_approximate_weight_sparsity,user_attrs_approximate_weight_sparsity_history,user_attrs_auc_test,user_attrs_auc_valid,user_attrs_feature_sparsity,user_attrs_feature_sparsity_history,user_attrs_num_epochs,user_attrs_val_loss_history,user_attrs_weight_sparsity,user_attrs_weight_sparsity_history,state
80,80,0.8680359650139763,2024-08-31 04:39:19.182539,2024-08-31 04:41:21.315151,0 days 00:02:02.132612,64,2.3778799684504377,5,330,0.0017697295344524671,47,0.0014584421692438872,0.906,0.9,6,"[33, 33, 33, 33, 33, 33, 33, 33, 33, 33, 33, 33, 33, 33, 33, 33, 33, 33, 33, 33, 33, 33, 33, 33, 30, 23, 19, 17, 16, 13, 13, 13, 11, 11, 11, 11, 11, 11, 9, 9, 9, 9, 8, 8, 8, 8, 8, 8, 8, 8, 8, 8, 8, 8, 8, 8, 8, 8, 8, 8, 8, 8, 8, 8, 8, 8, 8, 8, 7, 7, 7, 7, 7, 7, 7, 7, 7, 7, 7, 7, 7, 7, 7, 7, 7, 7, 7, 7, 7, 7, 7, 7, 7, 7, 7, 7, 7, 7, 7, 7, 7, 7, 7, 7, 7, 7, 7, 7, 7, 7, 7, 7, 7, 7, 7, 7, 7, 7, 7, 7, 7, 7, 7, 7, 7, 7, 7, 7, 7, 7, 7, 7, 7, 7, 7, 7, 7, 7, 7, 7, 7, 7, 7, 7, 7, 7, 7, 7, 7, 7, 6, 6, 6, 6, 6, 6, 6, 6, 6, 6, 6, 6, 6, 6, 6, 6, 6, 6, 6, 6, 6, 6, 6, 6, 6, 6, 6, 6, 6, 6, 6, 6, 6, 6, 6, 6, 6, 6, 6, 6, 6, 6, 6, 6, 6, 6, 6, 6, 6, 6, 6, 6, 6, 6, 6, 6, 6, 6, 6, 6, 6, 6, 6, 6, 6, 6, 6, 6, 6, 6, 6, 6, 6, 6, 6, 6, 6, 6, 6, 6, 6, 6, 6, 6, 6, 6, 6, 6, 6, 6, 6, 6, 6, 6, 6, 6, 6, 6, 6, 6, 6, 6, 6, 6, 6, 6, 6, 6, 6, 6, 6, 6, 6, 6, 6, 6, 6, 6, 6, 6, 6, 6, 6, 6, 6, 6, 6, 6, 6, 6, 6, 6, 6, 6, 6, 6, 6, 6, 6, 6, 6, 6, 6, 6, 6, 6, 6, 6, 6, 6, 6, 6, 6, 6, 6, 6, 6, 6, 6, 6, 6, 6, 6, 6, 6, 6, 6, 6, 6, 6, 6, 6, 6, 6, 6, 6, 6, 6, 6, 6]",5.989704873026767,"[32.949897048730264, 32.948524365133835, 32.94989704873027, 32.95607412491421, 32.9423472889499, 32.95607412491421, 32.94852436513384, 32.950583390528486, 32.95744680851064, 32.947151681537406, 32.954015099519566, 32.948524365133835, 32.95744680851064, 32.9512697323267, 32.9512697323267, 32.95264241592313, 32.94989704873027, 32.94646533973919, 32.95470144131777, 32.93617021276596, 32.95264241592313, 32.947151681537406, 32.93891557995882, 32.94577899794098, 29.9601921757035, 22.95538778311599, 18.971173644474952, 16.97460535346603, 15.97391901166781, 12.978037062457105, 12.982155113246398, 12.978037062457105, 10.986959505833905, 10.989704873026767, 10.981468771448181, 10.986959505833905, 10.98627316403569, 10.980782429649967, 8.989704873026767, 8.987645847632121, 8.981468771448181, 8.982841455044612, 7.988332189430336, 7.990391214824983, 7.986959505833906, 7.9876458476321215, 7.988332189430337, 7.9862731640356905, 7.989704873026768, 7.990391214824983, 7.991077556623199, 7.9876458476321215, 7.98627316403569, 7.990391214824983, 7.98490048043926, 7.990391214824983, 7.9876458476321215, 7.9876458476321215, 7.991763898421414, 7.989018531228552, 7.989018531228552, 7.989704873026768, 7.986959505833906, 7.991763898421414, 7.9862731640356905, 7.990391214824983, 7.989704873026768, 7.986959505833906, 6.989018531228552, 6.984900480439259, 6.989704873026768, 6.990391214824983, 6.989704873026768, 6.989018531228552, 6.99245024021963, 6.99245024021963, 6.989704873026768, 6.99245024021963, 6.9890185312285515, 6.990391214824983, 6.989018531228552, 6.989704873026768, 6.991763898421414, 6.995881949210707, 6.993822923816061, 6.991077556623198, 6.991763898421414, 6.9876458476321215, 6.991077556623199, 6.989704873026768, 6.989704873026768, 6.993136582017845, 6.991077556623199, 6.993136582017845, 6.989018531228552, 6.994509265614276, 6.99245024021963, 6.991077556623199, 6.993822923816061, 6.991763898421414, 6.9876458476321215, 6.993136582017845, 6.991763898421414, 6.991077556623199, 6.9903912148249825, 6.989704873026767, 6.99245024021963, 6.989018531228552, 6.99245024021963, 6.990391214824983, 6.994509265614276, 6.991763898421414, 6.990391214824983, 6.99245024021963, 6.9903912148249825, 6.988332189430337, 6.989704873026767, 6.991763898421414, 6.988332189430337, 6.995881949210707, 6.99245024021963, 6.993136582017845, 6.99245024021963, 6.995881949210707, 6.991077556623199, 6.9890185312285515, 6.985586822237474, 6.988332189430337, 6.99245024021963, 6.990391214824983, 6.988332189430336, 6.989704873026768, 6.98627316403569, 6.986959505833906, 6.990391214824983, 6.987645847632121, 6.991763898421414, 6.988332189430336, 6.989704873026768, 6.991077556623199, 6.99245024021963, 6.993136582017845, 6.993136582017845, 6.993136582017845, 6.991077556623199, 6.993822923816061, 6.99245024021963, 6.995195607412492, 6.991763898421414, 6.99245024021963, 5.99245024021963, 5.995195607412492, 5.99245024021963, 5.991763898421414, 5.993136582017845, 5.993136582017845, 5.993822923816061, 5.991077556623199, 5.991077556623199, 5.993136582017845, 5.99245024021963, 5.9903912148249825, 5.991763898421414, 5.990391214824983, 5.993136582017845, 5.993822923816061, 5.995881949210707, 5.9903912148249825, 5.991763898421414, 5.99245024021963, 5.993822923816061, 5.99245024021963, 5.992450240219629, 5.991763898421414, 5.993822923816061, 5.993136582017845, 5.99245024021963, 5.995881949210707, 5.99245024021963, 5.994509265614276, 5.993136582017845, 5.991763898421414, 5.99245024021963, 5.991763898421414, 5.993136582017845, 5.993822923816061, 5.995881949210707, 5.993822923816061, 5.993822923816061, 5.994509265614276, 5.991763898421414, 5.995881949210707, 5.993136582017845, 5.989704873026767, 5.991763898421414, 5.99245024021963, 5.990391214824983, 5.993136582017845, 5.991763898421414, 5.994509265614276, 5.994509265614276, 5.993822923816061, 5.992450240219629, 5.991763898421414, 5.993136582017845, 5.994509265614276, 5.990391214824983, 5.993822923816061, 5.990391214824983, 5.991763898421414, 5.990391214824983, 5.996568291008923, 5.990391214824983, 5.996568291008923, 5.994509265614276, 5.997254632807138, 5.993136582017845, 5.995195607412492, 5.993136582017845, 5.993822923816061, 5.993136582017845, 5.995881949210707, 5.993136582017845, 5.995881949210707, 5.993136582017845, 5.991077556623198, 5.994509265614276, 5.991077556623199, 5.989704873026768, 5.993822923816061, 5.992450240219629, 5.990391214824983, 5.99245024021963, 5.993136582017845, 5.99245024021963, 5.991763898421414, 5.99245024021963, 5.99245024021963, 5.991763898421414, 5.991763898421414, 5.995195607412492, 5.989704873026768, 5.993136582017845, 5.991763898421414, 5.991077556623199, 5.993136582017845, 5.993136582017845, 5.995195607412492, 5.993822923816061, 5.991763898421414, 5.996568291008923, 5.994509265614276, 5.995881949210707, 5.995881949210707, 5.99245024021963, 5.993136582017845, 5.995195607412492, 5.991763898421414, 5.993136582017845, 5.993822923816061, 5.994509265614276, 5.993822923816061, 5.994509265614276, 5.991763898421414, 5.993136582017845, 5.993136582017845, 5.989704873026767, 5.994509265614276, 5.993136582017845, 5.989704873026767, 5.993822923816061, 5.994509265614276, 5.995195607412492, 5.9890185312285515, 5.993136582017845, 5.996568291008923, 5.995195607412492, 5.989704873026767, 5.990391214824983, 5.989704873026768, 5.991763898421414, 5.994509265614276, 5.991077556623199, 5.989018531228552, 5.995195607412492, 5.993822923816061, 5.994509265614276, 5.99245024021963, 5.994509265614276, 5.993136582017845, 5.991763898421414, 5.993822923816061, 5.993136582017845, 5.991763898421414, 5.991763898421414, 5.99245024021963, 5.99245024021963, 5.991763898421414, 5.991077556623199, 5.993822923816061, 5.994509265614276, 5.995881949210707, 5.993136582017845, 5.993136582017845, 5.995195607412492, 5.993822923816061, 5.994509265614276, 5.991077556623198, 5.9890185312285515, 5.991763898421414, 5.995195607412492, 5.989704873026768, 5.99245024021963, 5.99245024021963, 5.991077556623199, 5.993136582017845, 5.989704873026767, 5.989704873026767, 5.995195607412492, 5.993822923816061, 5.991077556623199, 5.991763898421414, 5.994509265614276, 5.990391214824983, 5.992450240219629, 5.993822923816061, 5.991077556623199, 5.991763898421414, 5.993822923816061, 5.989704873026767]",0.8803738472081176,0.8680359650139763,6,"[33, 33, 33, 33, 33, 33, 33, 33, 33, 33, 33, 33, 33, 33, 33, 33, 33, 33, 33, 33, 33, 33, 33, 33, 30, 23, 19, 17, 16, 13, 13, 13, 11, 11, 11, 11, 11, 11, 9, 9, 9, 9, 8, 8, 8, 8, 8, 8, 8, 8, 8, 8, 8, 8, 8, 8, 8, 8, 8, 8, 8, 8, 8, 8, 8, 8, 8, 8, 7, 7, 7, 7, 7, 7, 7, 7, 7, 7, 7, 7, 7, 7, 7, 7, 7, 7, 7, 7, 7, 7, 7, 7, 7, 7, 7, 7, 7, 7, 7, 7, 7, 7, 7, 7, 7, 7, 7, 7, 7, 7, 7, 7, 7, 7, 7, 7, 7, 7, 7, 7, 7, 7, 7, 7, 7, 7, 7, 7, 7, 7, 7, 7, 7, 7, 7, 7, 7, 7, 7, 7, 7, 7, 7, 7, 7, 7, 7, 7, 7, 7, 6, 6, 6, 6, 6, 6, 6, 6, 6, 6, 6, 6, 6, 6, 6, 6, 6, 6, 6, 6, 6, 6, 6, 6, 6, 6, 6, 6, 6, 6, 6, 6, 6, 6, 6, 6, 6, 6, 6, 6, 6, 6, 6, 6, 6, 6, 6, 6, 6, 6, 6, 6, 6, 6, 6, 6, 6, 6, 6, 6, 6, 6, 6, 6, 6, 6, 6, 6, 6, 6, 6, 6, 6, 6, 6, 6, 6, 6, 6, 6, 6, 6, 6, 6, 6, 6, 6, 6, 6, 6, 6, 6, 6, 6, 6, 6, 6, 6, 6, 6, 6, 6, 6, 6, 6, 6, 6, 6, 6, 6, 6, 6, 6, 6, 6, 6, 6, 6, 6, 6, 6, 6, 6, 6, 6, 6, 6, 6, 6, 6, 6, 6, 6, 6, 6, 6, 6, 6, 6, 6, 6, 6, 6, 6, 6, 6, 6, 6, 6, 6, 6, 6, 6, 6, 6, 6, 6, 6, 6, 6, 6, 6, 6, 6, 6, 6, 6, 6, 6, 6, 6, 6, 6, 6, 6, 6, 6, 6, 6, 6]",330,"[0.39309483766555786, 0.3810528814792633, 0.37451156973838806, 0.37322530150413513, 0.3681161403656006, 0.376877099275589, 0.36286449432373047, 0.36320140957832336, 0.36023080348968506, 0.3624325692653656, 0.3563929498195648, 0.3517606854438782, 0.3490033745765686, 0.35263529419898987, 0.3439622223377228, 0.3418021500110626, 0.3409458100795746, 0.34696125984191895, 0.33350104093551636, 0.33222827315330505, 0.33138272166252136, 0.3280154764652252, 0.3267650902271271, 0.32269802689552307, 0.3174678683280945, 0.31197354197502136, 0.31595578789711, 0.3106151223182678, 0.3077933192253113, 0.3053464889526367, 0.3050065338611603, 0.3012118935585022, 0.3025330603122711, 0.3008720278739929, 0.2989284098148346, 0.29679155349731445, 0.2931540906429291, 0.29426252841949463, 0.2965163290500641, 0.29595696926116943, 0.29223358631134033, 0.29496830701828003, 0.29140377044677734, 0.2906140089035034, 0.29177460074424744, 0.2854512631893158, 0.3056625425815582, 0.2816580832004547, 0.2836196720600128, 0.2791574001312256, 0.2776166796684265, 0.2769702076911926, 0.274620920419693, 0.2715432047843933, 0.2705543339252472, 0.27269014716148376, 0.2684031128883362, 0.2711086571216583, 0.26620733737945557, 0.27294445037841797, 0.26406005024909973, 0.27035999298095703, 0.26772427558898926, 0.26036641001701355, 0.26567935943603516, 0.2669941782951355, 0.2568540871143341, 0.2565295994281769, 0.26236870884895325, 0.2618374526500702, 0.257767915725708, 0.25973010063171387, 0.255746990442276, 0.2543995976448059, 0.2531925439834595, 0.2533552348613739, 0.2550068199634552, 0.2551671266555786, 0.25321564078330994, 0.24959330260753632, 0.24964290857315063, 0.24708670377731323, 0.2463555932044983, 0.24808497726917267, 0.24500000476837158, 0.24761848151683807, 0.24441182613372803, 0.24468407034873962, 0.24483686685562134, 0.24509260058403015, 0.24320000410079956, 0.24571245908737183, 0.24284490942955017, 0.24208003282546997, 0.24121150374412537, 0.24125710129737854, 0.23884934186935425, 0.2402162104845047, 0.2423916757106781, 0.24165982007980347, 0.23995104432106018, 0.23803187906742096, 0.23594608902931213, 0.23636731505393982, 0.23595985770225525, 0.23414987325668335, 0.23941616714000702, 0.23503629863262177, 0.23681612312793732, 0.23290149867534637, 0.23287467658519745, 0.24038594961166382, 0.23736421763896942, 0.24158254265785217, 0.23601225018501282, 0.23364266753196716, 0.23206943273544312, 0.23140902817249298, 0.2323569655418396, 0.23395989835262299, 0.23455189168453217, 0.2337668091058731, 0.23022781312465668, 0.2339554727077484, 0.23109304904937744, 0.2292090803384781, 0.22823458909988403, 0.22680217027664185, 0.2302747368812561, 0.2275785654783249, 0.23052367568016052, 0.23039710521697998, 0.22823290526866913, 0.2291153520345688, 0.23086048662662506, 0.22899062931537628, 0.22873154282569885, 0.22758741676807404, 0.23005622625350952, 0.23248443007469177, 0.22770971059799194, 0.2258356213569641, 0.22640451788902283, 0.23041199147701263, 0.22480808198451996, 0.22565264999866486, 0.226225808262825, 0.23207689821720123, 0.22576728463172913, 0.22654491662979126, 0.2825564742088318, 0.26811861991882324, 0.26667672395706177, 0.2683559060096741, 0.2692217528820038, 0.26776233315467834, 0.26757195591926575, 0.2666277289390564, 0.27414530515670776, 0.2822830080986023, 0.2674177289009094, 0.2670150101184845, 0.27326104044914246, 0.26610061526298523, 0.27161985635757446, 0.26470282673835754, 0.2788962423801422, 0.2647433578968048, 0.2696682810783386, 0.2709633708000183, 0.26435086131095886, 0.2644534707069397, 0.26545917987823486, 0.2663125991821289, 0.272713303565979, 0.2836272418498993, 0.2704680263996124, 0.2632969915866852, 0.27022409439086914, 0.2963011860847473, 0.2668190896511078, 0.26853132247924805, 0.26453953981399536, 0.27636420726776123, 0.26564279198646545, 0.26403000950813293, 0.2730649411678314, 0.2686302363872528, 0.2633172869682312, 0.27038413286209106, 0.26929616928100586, 0.2646366059780121, 0.2629566788673401, 0.26070302724838257, 0.27338647842407227, 0.26179057359695435, 0.27004778385162354, 0.26904258131980896, 0.26114320755004883, 0.2646982967853546, 0.2712399363517761, 0.2627395987510681, 0.26637426018714905, 0.26299020648002625, 0.26508399844169617, 0.26176896691322327, 0.26256465911865234, 0.2784724533557892, 0.2642683684825897, 0.26404863595962524, 0.26139387488365173, 0.2680959403514862, 0.26096871495246887, 0.26060500741004944, 0.2619759142398834, 0.2668435573577881, 0.2620558738708496, 0.265765517950058, 0.26156193017959595, 0.26931270956993103, 0.26507389545440674, 0.26123037934303284, 0.2730454206466675, 0.26228758692741394, 0.2631484568119049, 0.2654394209384918, 0.2618151307106018, 0.2644171714782715, 0.2608685791492462, 0.2730731666088104, 0.2646016776561737, 0.2646455466747284, 0.2621881067752838, 0.26906082034111023, 0.26234495639801025, 0.26068001985549927, 0.258528470993042, 0.2668496370315552, 0.25989606976509094, 0.2885017395019531, 0.26916319131851196, 0.2637021541595459, 0.2605148255825043, 0.26119041442871094, 0.2602240741252899, 0.26826202869415283, 0.26056042313575745, 0.25969213247299194, 0.2589030861854553, 0.2594856321811676, 0.2801182270050049, 0.26404157280921936, 0.2594725489616394, 0.2724142372608185, 0.2682158648967743, 0.263628751039505, 0.2599848210811615, 0.2589791715145111, 0.2633190155029297, 0.25969481468200684, 0.26261863112449646, 0.27838078141212463, 0.2590027451515198, 0.2591666281223297, 0.2843347191810608, 0.2612377405166626, 0.2588817775249481, 0.26326248049736023, 0.2601945400238037, 0.2600899040699005, 0.26096823811531067, 0.2602423131465912, 0.2681546211242676, 0.262052059173584, 0.26269352436065674, 0.26171809434890747, 0.26678186655044556, 0.25886115431785583, 0.2581617832183838, 0.2596055865287781, 0.25772419571876526, 0.2590624988079071, 0.25761809945106506, 0.25826796889305115, 0.2626153528690338, 0.260407030582428, 0.2601782977581024, 0.25927305221557617, 0.27433329820632935, 0.2603984773159027, 0.25822487473487854, 0.2586337625980377, 0.25792303681373596, 0.260818749666214, 0.258381187915802, 0.2748056650161743, 0.26229754090309143, 0.2589869499206543, 0.2622595429420471, 0.25883710384368896, 0.2625195384025574, 0.25769034028053284, 0.2595619559288025, 0.25663745403289795, 0.258910596370697, 0.25762027502059937, 0.2585228383541107, 0.2644939422607422, 0.2580717206001282, 0.259980171918869, 0.27332523465156555, 0.2723046839237213, 0.2591365873813629, 0.2597110867500305, 0.2587506175041199, 0.26448988914489746, 0.2679664194583893, 0.2639099061489105, 0.2753205895423889, 0.2622395157814026, 0.2564842402935028, 0.25733762979507446, 0.2629144489765167, 0.2570154070854187, 0.27114588022232056, 0.26586103439331055, 0.25578808784484863, 0.25734469294548035, 0.2579538822174072, 0.25876501202583313]",6.0,"[33.0, 33.0, 33.0, 33.0, 33.0, 33.0, 33.0, 33.0, 33.0, 33.0, 33.0, 33.0, 33.0, 33.0, 33.0, 33.0, 33.0, 33.0, 33.0, 33.0, 33.0, 33.0, 33.0, 33.0, 30.0, 23.0, 19.0, 17.0, 16.0, 13.0, 13.0, 13.0, 11.0, 11.0, 11.0, 11.0, 11.0, 11.0, 9.0, 9.0, 9.0, 9.0, 8.0, 8.0, 8.0, 8.0, 8.0, 8.0, 8.0, 8.0, 8.0, 8.0, 8.0, 8.0, 8.0, 8.0, 8.0, 8.0, 8.0, 8.0, 8.0, 8.0, 8.0, 8.0, 8.0, 8.0, 8.0, 8.0, 7.0, 7.0, 7.0, 7.0, 7.0, 7.0, 7.0, 7.0, 7.0, 7.0, 7.0, 7.0, 7.0, 7.0, 7.0, 7.0, 7.0, 7.0, 7.0, 7.0, 7.0, 7.0, 7.0, 7.0, 7.0, 7.0, 7.0, 7.0, 7.0, 7.0, 7.0, 7.0, 7.0, 7.0, 7.0, 7.0, 7.0, 7.0, 7.0, 7.0, 7.0, 7.0, 7.0, 7.0, 7.0, 7.0, 7.0, 7.0, 7.0, 7.0, 7.0, 7.0, 7.0, 7.0, 7.0, 7.0, 7.0, 7.0, 7.0, 7.0, 7.0, 7.0, 7.0, 7.0, 7.0, 7.0, 7.0, 7.0, 7.0, 7.0, 7.0, 7.0, 7.0, 7.0, 7.0, 7.0, 7.0, 7.0, 7.0, 7.0, 7.0, 7.0, 6.0, 6.0, 6.0, 6.0, 6.0, 6.0, 6.0, 6.0, 6.0, 6.0, 6.0, 6.0, 6.0, 6.0, 6.0, 6.0, 6.0, 6.0, 6.0, 6.0, 6.0, 6.0, 6.0, 6.0, 6.0, 6.0, 6.0, 6.0, 6.0, 6.0, 6.0, 6.0, 6.0, 6.0, 6.0, 6.0, 6.0, 6.0, 6.0, 6.0, 6.0, 6.0, 6.0, 6.0, 6.0, 6.0, 6.0, 6.0, 6.0, 6.0, 6.0, 6.0, 6.0, 6.0, 6.0, 6.0, 6.0, 6.0, 6.0, 6.0, 6.0, 6.0, 6.0, 6.0, 6.0, 6.0, 6.0, 6.0, 6.0, 6.0, 6.0, 6.0, 6.0, 6.0, 6.0, 6.0, 6.0, 6.0, 6.0, 6.0, 6.0, 6.0, 6.0, 6.0, 6.0, 6.0, 6.0, 6.0, 6.0, 6.0, 6.0, 6.0, 6.0, 6.0, 6.0, 6.0, 6.0, 6.0, 6.0, 6.0, 6.0, 6.0, 6.0, 6.0, 6.0, 6.0, 6.0, 6.0, 6.0, 6.0, 6.0, 6.0, 6.0, 6.0, 6.0, 6.0, 6.0, 6.0, 6.0, 6.0, 6.0, 6.0, 6.0, 6.0, 6.0, 6.0, 6.0, 6.0, 6.0, 6.0, 6.0, 6.0, 6.0, 6.0, 6.0, 6.0, 6.0, 6.0, 6.0, 6.0, 6.0, 6.0, 6.0, 6.0, 6.0, 6.0, 6.0, 6.0, 6.0, 6.0, 6.0, 6.0, 6.0, 6.0, 6.0, 6.0, 6.0, 6.0, 6.0, 6.0, 6.0, 6.0, 6.0, 6.0, 6.0, 6.0, 6.0, 6.0, 6.0, 6.0, 6.0, 6.0, 6.0, 6.0, 6.0, 6.0, 6.0, 6.0, 6.0, 6.0]",COMPLETE
