,number,value,datetime_start,datetime_complete,duration,params_batch_size_scaler,params_constant_learning_rate,params_depth,params_epochs,params_kernel_l2,params_num_trees,params_temperature,user_attrs_accuracy_test,user_attrs_accuracy_valid,user_attrs_approximate_feature_sparsity,user_attrs_approximate_feature_sparsity_history,user_attrs_approximate_weight_sparsity,user_attrs_approximate_weight_sparsity_history,user_attrs_auc_test,user_attrs_auc_valid,user_attrs_feature_sparsity,user_attrs_feature_sparsity_history,user_attrs_num_epochs,user_attrs_val_loss_history,user_attrs_weight_sparsity,user_attrs_weight_sparsity_history,state
91,91,0.5,2024-08-31 05:32:11.362484,2024-08-31 05:33:23.459101,0 days 00:01:12.096617,4,0.30777103654872884,1,420,0.9036079305031094,65,0.0019542479948657537,0.859,0.85875,0,"[33, 4, 0, 0, 0, 0, 0, 0, 0, 0, 0, 0, 0, 0, 0, 0, 0, 0, 0, 0, 0, 0, 0, 0, 0, 0, 0, 0, 0, 0, 0, 0, 0, 0, 0, 0, 0, 0, 0, 0, 0, 0, 0, 0, 0, 0, 0, 0, 0, 0, 0, 0, 0, 0, 0, 0, 0, 0, 0, 0, 0, 0, 0, 0, 0, 0, 0, 0, 0, 0, 0, 0, 0, 0, 0, 0, 0, 0, 0, 0, 0, 0, 0, 0, 0, 0, 0, 0, 0, 0, 0, 0, 0, 0, 0, 0, 0, 0, 0, 0, 0, 0, 0, 0, 0, 0, 0, 0, 0, 0, 0, 0, 0, 0, 0, 0, 0, 0, 0, 0, 0, 0, 0, 0, 0, 0, 0, 0, 0, 0, 0, 0, 0, 0, 0, 0, 0, 0, 0, 0, 0, 0, 0, 0, 0, 0, 0, 0, 0, 0, 0, 0, 0, 0, 0, 0, 0, 0, 0, 0, 0, 0, 0, 0, 0, 0, 0, 0, 0, 0, 0, 0, 0, 0, 0, 0, 0, 0, 0, 0, 0, 0, 0, 0, 0, 0, 0, 0, 0, 0, 0, 0, 0, 0, 0, 0, 0, 0, 0, 0, 0, 0, 0, 0, 0, 0, 0, 0, 0, 0, 0, 0, 0, 0, 0, 0, 0, 0, 0, 0, 0, 0, 0, 0, 0, 0, 0, 0, 0, 0, 0, 0, 0, 0, 0, 0, 0, 0, 0, 0, 0, 0, 0, 0, 0, 0, 0, 0, 0, 0, 0, 0, 0, 0, 0, 0, 0, 0, 0, 0, 0, 0, 0, 0, 0, 0, 0, 0, 0, 0, 0, 0, 0, 0, 0, 0, 0, 0, 0, 0, 0, 0, 0, 0, 0, 0, 0, 0, 0, 0, 0, 0, 0, 0, 0, 0, 0, 0, 0, 0, 0, 0, 0, 0, 0, 0, 0, 0, 0, 0, 0, 0, 0, 0, 0, 0, 0, 0, 0, 0, 0, 0, 0, 0, 0, 0, 0, 0, 0, 0, 0, 0, 0, 0, 0, 0, 0, 0, 0, 0, 0, 0, 0, 0, 0, 0, 0, 0, 0, 0, 0, 0, 0, 0, 0, 0, 0, 0, 0, 0, 0, 0, 0, 0, 0, 0, 0, 0, 0, 0, 0, 0, 0, 0, 0, 0, 0, 0, 0, 0, 0, 0, 0, 0, 0, 0, 0, 0, 0, 0, 0, 0, 0, 0, 0, 0, 0, 0, 0, 0, 0, 0, 0, 0, 0, 0, 0, 0, 0, 0, 0, 0, 0, 0, 0, 0, 0, 0, 0, 0]",0.0,"[32.96923076923077, 4.0, 0.0, 0.0, 0.0, 0.0, 0.0, 0.0, 0.0, 0.0, 0.0, 0.0, 0.0, 0.0, 0.0, 0.0, 0.0, 0.0, 0.0, 0.0, 0.0, 0.0, 0.0, 0.0, 0.0, 0.0, 0.0, 0.0, 0.0, 0.0, 0.0, 0.0, 0.0, 0.0, 0.0, 0.0, 0.0, 0.0, 0.0, 0.0, 0.0, 0.0, 0.0, 0.0, 0.0, 0.0, 0.0, 0.0, 0.0, 0.0, 0.0, 0.0, 0.0, 0.0, 0.0, 0.0, 0.0, 0.0, 0.0, 0.0, 0.0, 0.0, 0.0, 0.0, 0.0, 0.0, 0.0, 0.0, 0.0, 0.0, 0.0, 0.0, 0.0, 0.0, 0.0, 0.0, 0.0, 0.0, 0.0, 0.0, 0.0, 0.0, 0.0, 0.0, 0.0, 0.0, 0.0, 0.0, 0.0, 0.0, 0.0, 0.0, 0.0, 0.0, 0.0, 0.0, 0.0, 0.0, 0.0, 0.0, 0.0, 0.0, 0.0, 0.0, 0.0, 0.0, 0.0, 0.0, 0.0, 0.0, 0.0, 0.0, 0.0, 0.0, 0.0, 0.0, 0.0, 0.0, 0.0, 0.0, 0.0, 0.0, 0.0, 0.0, 0.0, 0.0, 0.0, 0.0, 0.0, 0.0, 0.0, 0.0, 0.0, 0.0, 0.0, 0.0, 0.0, 0.0, 0.0, 0.0, 0.0, 0.0, 0.0, 0.0, 0.0, 0.0, 0.0, 0.0, 0.0, 0.0, 0.0, 0.0, 0.0, 0.0, 0.0, 0.0, 0.0, 0.0, 0.0, 0.0, 0.0, 0.0, 0.0, 0.0, 0.0, 0.0, 0.0, 0.0, 0.0, 0.0, 0.0, 0.0, 0.0, 0.0, 0.0, 0.0, 0.0, 0.0, 0.0, 0.0, 0.0, 0.0, 0.0, 0.0, 0.0, 0.0, 0.0, 0.0, 0.0, 0.0, 0.0, 0.0, 0.0, 0.0, 0.0, 0.0, 0.0, 0.0, 0.0, 0.0, 0.0, 0.0, 0.0, 0.0, 0.0, 0.0, 0.0, 0.0, 0.0, 0.0, 0.0, 0.0, 0.0, 0.0, 0.0, 0.0, 0.0, 0.0, 0.0, 0.0, 0.0, 0.0, 0.0, 0.0, 0.0, 0.0, 0.0, 0.0, 0.0, 0.0, 0.0, 0.0, 0.0, 0.0, 0.0, 0.0, 0.0, 0.0, 0.0, 0.0, 0.0, 0.0, 0.0, 0.0, 0.0, 0.0, 0.0, 0.0, 0.0, 0.0, 0.0, 0.0, 0.0, 0.0, 0.0, 0.0, 0.0, 0.0, 0.0, 0.0, 0.0, 0.0, 0.0, 0.0, 0.0, 0.0, 0.0, 0.0, 0.0, 0.0, 0.0, 0.0, 0.0, 0.0, 0.0, 0.0, 0.0, 0.0, 0.0, 0.0, 0.0, 0.0, 0.0, 0.0, 0.0, 0.0, 0.0, 0.0, 0.0, 0.0, 0.0, 0.0, 0.0, 0.0, 0.0, 0.0, 0.0, 0.0, 0.0, 0.0, 0.0, 0.0, 0.0, 0.0, 0.0, 0.0, 0.0, 0.0, 0.0, 0.0, 0.0, 0.0, 0.0, 0.0, 0.0, 0.0, 0.0, 0.0, 0.0, 0.0, 0.0, 0.0, 0.0, 0.0, 0.0, 0.0, 0.0, 0.0, 0.0, 0.0, 0.0, 0.0, 0.0, 0.0, 0.0, 0.0, 0.0, 0.0, 0.0, 0.0, 0.0, 0.0, 0.0, 0.0, 0.0, 0.0, 0.0, 0.0, 0.0, 0.0, 0.0, 0.0, 0.0, 0.0, 0.0, 0.0, 0.0, 0.0, 0.0, 0.0, 0.0, 0.0, 0.0, 0.0, 0.0, 0.0, 0.0, 0.0, 0.0, 0.0, 0.0, 0.0, 0.0, 0.0, 0.0, 0.0, 0.0, 0.0, 0.0, 0.0, 0.0, 0.0, 0.0, 0.0, 0.0, 0.0, 0.0, 0.0, 0.0, 0.0, 0.0, 0.0, 0.0, 0.0, 0.0, 0.0, 0.0, 0.0, 0.0, 0.0, 0.0, 0.0, 0.0, 0.0, 0.0, 0.0, 0.0, 0.0, 0.0, 0.0, 0.0, 0.0, 0.0, 0.0, 0.0, 0.0, 0.0, 0.0, 0.0, 0.0]",0.5,0.5,0,"[33, 4, 0, 0, 0, 0, 0, 0, 0, 0, 0, 0, 0, 0, 0, 0, 0, 0, 0, 0, 0, 0, 0, 0, 0, 0, 0, 0, 0, 0, 0, 0, 0, 0, 0, 0, 0, 0, 0, 0, 0, 0, 0, 0, 0, 0, 0, 0, 0, 0, 0, 0, 0, 0, 0, 0, 0, 0, 0, 0, 0, 0, 0, 0, 0, 0, 0, 0, 0, 0, 0, 0, 0, 0, 0, 0, 0, 0, 0, 0, 0, 0, 0, 0, 0, 0, 0, 0, 0, 0, 0, 0, 0, 0, 0, 0, 0, 0, 0, 0, 0, 0, 0, 0, 0, 0, 0, 0, 0, 0, 0, 0, 0, 0, 0, 0, 0, 0, 0, 0, 0, 0, 0, 0, 0, 0, 0, 0, 0, 0, 0, 0, 0, 0, 0, 0, 0, 0, 0, 0, 0, 0, 0, 0, 0, 0, 0, 0, 0, 0, 0, 0, 0, 0, 0, 0, 0, 0, 0, 0, 0, 0, 0, 0, 0, 0, 0, 0, 0, 0, 0, 0, 0, 0, 0, 0, 0, 0, 0, 0, 0, 0, 0, 0, 0, 0, 0, 0, 0, 0, 0, 0, 0, 0, 0, 0, 0, 0, 0, 0, 0, 0, 0, 0, 0, 0, 0, 0, 0, 0, 0, 0, 0, 0, 0, 0, 0, 0, 0, 0, 0, 0, 0, 0, 0, 0, 0, 0, 0, 0, 0, 0, 0, 0, 0, 0, 0, 0, 0, 0, 0, 0, 0, 0, 0, 0, 0, 0, 0, 0, 0, 0, 0, 0, 0, 0, 0, 0, 0, 0, 0, 0, 0, 0, 0, 0, 0, 0, 0, 0, 0, 0, 0, 0, 0, 0, 0, 0, 0, 0, 0, 0, 0, 0, 0, 0, 0, 0, 0, 0, 0, 0, 0, 0, 0, 0, 0, 0, 0, 0, 0, 0, 0, 0, 0, 0, 0, 0, 0, 0, 0, 0, 0, 0, 0, 0, 0, 0, 0, 0, 0, 0, 0, 0, 0, 0, 0, 0, 0, 0, 0, 0, 0, 0, 0, 0, 0, 0, 0, 0, 0, 0, 0, 0, 0, 0, 0, 0, 0, 0, 0, 0, 0, 0, 0, 0, 0, 0, 0, 0, 0, 0, 0, 0, 0, 0, 0, 0, 0, 0, 0, 0, 0, 0, 0, 0, 0, 0, 0, 0, 0, 0, 0, 0, 0, 0, 0, 0, 0, 0, 0, 0, 0, 0, 0, 0, 0, 0, 0, 0, 0, 0, 0, 0, 0, 0, 0, 0, 0, 0, 0, 0, 0, 0, 0, 0, 0, 0, 0, 0]",420,"[0.9761644601821899, 0.4087788462638855, 0.5675206184387207, 0.5262921452522278, 1.6440353393554688, 0.5542494058609009, 0.4110044240951538, 1.1862868070602417, 0.444807231426239, 0.4849020838737488, 0.7796230316162109, 0.4686652421951294, 0.6417615413665771, 0.4695144295692444, 0.625666618347168, 0.4186161756515503, 0.4373573064804077, 0.5267853736877441, 0.6328656673431396, 0.4152134358882904, 0.42411431670188904, 0.4093188941478729, 0.6342182755470276, 0.5998917818069458, 0.4965550899505615, 0.43033820390701294, 0.7026126980781555, 0.638161301612854, 0.43338528275489807, 0.5093715190887451, 0.5470339059829712, 0.4262428283691406, 0.7290496230125427, 0.46006232500076294, 0.5433506965637207, 0.7288062572479248, 0.6170908212661743, 0.4347456395626068, 0.40724486112594604, 0.4108515977859497, 0.7643274664878845, 0.4735005497932434, 1.0317312479019165, 0.6080567240715027, 0.7263855934143066, 0.44655129313468933, 0.6098548769950867, 0.43003037571907043, 0.4117216467857361, 0.4372551739215851, 0.41010624170303345, 0.5450711250305176, 0.8770086169242859, 1.1080118417739868, 0.5699402093887329, 0.42688924074172974, 0.4798975884914398, 0.40740111470222473, 0.45227429270744324, 0.5459217429161072, 0.4074144661426544, 0.4942314922809601, 0.5096098184585571, 0.5257778763771057, 0.41833022236824036, 0.47635379433631897, 0.4360450804233551, 0.4192295968532562, 0.5253855586051941, 0.4385596811771393, 0.41655176877975464, 0.535496175289154, 0.41075214743614197, 0.4154442548751831, 1.4935592412948608, 1.245957374572754, 0.6347991824150085, 0.4072430729866028, 0.40804585814476013, 0.4347875714302063, 0.5514982342720032, 0.4643223285675049, 0.4139993190765381, 0.7371379733085632, 0.8230876326560974, 0.5224505066871643, 0.4080766439437866, 0.633118748664856, 0.6041520833969116, 0.6111303567886353, 0.4145466685295105, 0.5570849180221558, 0.448518306016922, 0.5466213822364807, 0.5660648345947266, 0.6595630049705505, 0.48885929584503174, 0.5003618597984314, 0.5872128009796143, 0.40843665599823, 0.439036101102829, 0.6123762726783752, 0.42388659715652466, 0.5665445923805237, 0.5896326899528503, 0.43470218777656555, 0.4243617653846741, 0.41470569372177124, 0.7785710692405701, 1.1386654376983643, 0.7279285192489624, 0.46812206506729126, 0.47674238681793213, 0.6027317643165588, 0.7515748739242554, 0.4094410240650177, 0.5390965938568115, 0.5793024301528931, 0.5209969878196716, 0.4513658285140991, 0.42165184020996094, 0.7354340553283691, 0.6268373727798462, 0.4816829264163971, 0.575347363948822, 0.4132029712200165, 0.4776415228843689, 0.4072411060333252, 0.4275300204753876, 0.4104456305503845, 0.477482408285141, 0.6669473052024841, 0.4542948007583618, 0.53160160779953, 0.6522619724273682, 0.41644930839538574, 0.6862150430679321, 0.42084309458732605, 0.410522997379303, 0.4234847128391266, 0.6197991371154785, 0.4648767113685608, 0.4356786012649536, 0.40732625126838684, 0.5419886708259583, 0.4248642325401306, 0.5254363417625427, 0.5494670271873474, 0.6318051218986511, 0.4834188222885132, 0.4139064848423004, 0.4145928919315338, 0.4423876702785492, 0.6117115616798401, 0.5043738484382629, 0.7175567746162415, 0.4077172875404358, 0.420005202293396, 0.8837955594062805, 0.4082224667072296, 0.4144032597541809, 0.47382912039756775, 0.43559467792510986, 0.40887734293937683, 0.4426533877849579, 0.4890066981315613, 0.862601101398468, 0.7320720553398132, 0.40775081515312195, 0.4135103225708008, 0.5263750553131104, 1.035894513130188, 0.47393402457237244, 0.7738832235336304, 0.5534329414367676, 0.676840603351593, 0.9471756219863892, 0.45252251625061035, 0.45122775435447693, 0.42606914043426514, 1.1788214445114136, 0.4750504195690155, 0.4205911159515381, 0.4207093417644501, 0.41219866275787354, 0.7732384204864502, 0.5022125840187073, 0.53457111120224, 0.4313986599445343, 0.48110663890838623, 0.4072287082672119, 0.41705322265625, 0.8850470781326294, 0.8216389417648315, 0.6587488651275635, 0.6243300437927246, 0.4072505831718445, 0.8231304287910461, 0.48421379923820496, 0.5736940503120422, 0.5322017669677734, 0.512415885925293, 0.41503310203552246, 0.7673708200454712, 0.6057943105697632, 0.4150039255619049, 0.4531390070915222, 0.423084557056427, 0.6260010004043579, 0.4267216622829437, 0.6577560305595398, 0.8256832957267761, 0.4239735007286072, 0.41583052277565, 0.5702175498008728, 0.6070303916931152, 0.4390110373497009, 0.4134213924407959, 0.4749627411365509, 0.5737402439117432, 0.40724852681159973, 0.512389063835144, 0.45619407296180725, 0.6004809737205505, 0.4505085051059723, 0.46231719851493835, 0.441606342792511, 0.7780172228813171, 0.40988799929618835, 0.5803669095039368, 0.7697012424468994, 0.5507640242576599, 0.5215792655944824, 0.5302895903587341, 0.4504735469818115, 0.8414177894592285, 0.4212518334388733, 1.7765787839889526, 0.4697713851928711, 0.4163822829723358, 0.6235308051109314, 0.5931310057640076, 0.5706218481063843, 0.41431576013565063, 0.5317970514297485, 0.5186119675636292, 0.4311995804309845, 0.6512367129325867, 0.6248113512992859, 0.5087530612945557, 0.5266647338867188, 0.4285868704319, 0.566463828086853, 0.4658668637275696, 0.48529285192489624, 0.8213421702384949, 0.8506837487220764, 0.4629584848880768, 0.4454248547554016, 0.479483038187027, 0.7248189449310303, 0.4332125186920166, 0.6016748547554016, 0.4078659415245056, 0.8093757033348083, 0.4124050438404083, 0.41202467679977417, 0.4788025915622711, 0.4221062958240509, 0.4441215991973877, 0.6068257093429565, 0.4072766602039337, 0.41391512751579285, 0.5611349940299988, 0.430986225605011, 0.6700712442398071, 0.698067843914032, 0.4081699848175049, 0.813153862953186, 0.5511505603790283, 0.5182501077651978, 0.5991315245628357, 0.498813658952713, 0.4939183294773102, 0.6014235615730286, 0.4277593493461609, 0.41443920135498047, 0.41865402460098267, 0.5125829577445984, 0.9928853511810303, 0.421434223651886, 0.9726120829582214, 0.4273521900177002, 0.5616962909698486, 0.5058656334877014, 0.43101805448532104, 0.5767157673835754, 0.4144282639026642, 0.9809738397598267, 0.8726745843887329, 0.43534520268440247, 0.42534321546554565, 0.4453936815261841, 0.4077572226524353, 0.41318196058273315, 0.870248019695282, 0.6240398287773132, 0.619240403175354, 1.1596235036849976, 0.46676740050315857, 0.4249427318572998, 0.42622169852256775, 0.531460165977478, 0.41960975527763367, 0.47164198756217957, 0.6784381866455078, 0.4390140175819397, 0.6393763422966003, 0.8905856609344482, 0.4160720705986023, 0.42530572414398193, 1.5531792640686035, 0.7070005536079407, 0.4655000567436218, 0.5419782400131226, 0.45104295015335083, 0.4847937524318695, 0.43463432788848877, 0.49180224537849426, 0.5393665432929993, 0.4265406131744385, 0.42519789934158325, 0.5089505314826965, 0.5531023144721985, 0.6065484881401062, 0.8299747705459595, 0.6772615909576416, 0.4363977015018463, 0.41019394993782043, 0.4697493612766266, 1.2324550151824951, 0.43528294563293457, 0.41558951139450073, 1.2024009227752686, 0.40756767988204956, 0.4717310965061188, 0.5385770797729492, 0.4568466246128082, 0.6162397861480713, 0.4110943078994751, 1.1983001232147217, 0.49548739194869995, 0.5203243494033813, 0.7368599772453308, 0.4102168679237366, 0.6680629849433899, 0.4538518488407135, 0.5900295972824097, 1.2281337976455688, 0.6722354292869568, 1.3934246301651, 0.4235624372959137, 0.5454861521720886, 0.45778506994247437, 0.9373357892036438, 0.41536253690719604, 0.9422780871391296, 0.4292735755443573, 0.41165411472320557, 0.5389862656593323, 0.42526739835739136, 0.45694801211357117, 0.4102564752101898, 0.7324817180633545, 0.9048891663551331, 0.43881091475486755, 0.44467663764953613, 0.6641016602516174, 0.4560357630252838, 0.4155818223953247, 0.5108303427696228, 0.4102022051811218, 0.7243064045906067, 0.43470528721809387, 1.1844500303268433, 0.7343946099281311, 0.4121367335319519, 0.4243699610233307, 0.630250871181488, 0.4640001356601715, 0.5333592891693115, 0.5399423241615295, 1.6683655977249146, 0.45325931906700134, 0.4357815086841583, 0.8927538990974426, 0.5031095147132874, 0.8635424971580505, 0.4199194312095642, 0.41585537791252136, 0.4269452691078186, 0.47055548429489136, 0.9105753898620605, 0.4782385528087616, 0.4442950487136841, 0.6312299966812134, 0.4072648584842682, 1.195735216140747, 0.4592098891735077, 0.4470697343349457, 1.3831576108932495, 0.7120832204818726, 0.5543504357337952, 0.4796600639820099, 0.41320252418518066, 0.464087575674057, 0.7245892882347107, 1.2401400804519653, 0.9088171124458313, 0.912457287311554]",0.0,"[33.0, 4.0, 0.0, 0.0, 0.0, 0.0, 0.0, 0.0, 0.0, 0.0, 0.0, 0.0, 0.0, 0.0, 0.0, 0.0, 0.0, 0.0, 0.0, 0.0, 0.0, 0.0, 0.0, 0.0, 0.0, 0.0, 0.0, 0.0, 0.0, 0.0, 0.0, 0.0, 0.0, 0.0, 0.0, 0.0, 0.0, 0.0, 0.0, 0.0, 0.0, 0.0, 0.0, 0.0, 0.0, 0.0, 0.0, 0.0, 0.0, 0.0, 0.0, 0.0, 0.0, 0.0, 0.0, 0.0, 0.0, 0.0, 0.0, 0.0, 0.0, 0.0, 0.0, 0.0, 0.0, 0.0, 0.0, 0.0, 0.0, 0.0, 0.0, 0.0, 0.0, 0.0, 0.0, 0.0, 0.0, 0.0, 0.0, 0.0, 0.0, 0.0, 0.0, 0.0, 0.0, 0.0, 0.0, 0.0, 0.0, 0.0, 0.0, 0.0, 0.0, 0.0, 0.0, 0.0, 0.0, 0.0, 0.0, 0.0, 0.0, 0.0, 0.0, 0.0, 0.0, 0.0, 0.0, 0.0, 0.0, 0.0, 0.0, 0.0, 0.0, 0.0, 0.0, 0.0, 0.0, 0.0, 0.0, 0.0, 0.0, 0.0, 0.0, 0.0, 0.0, 0.0, 0.0, 0.0, 0.0, 0.0, 0.0, 0.0, 0.0, 0.0, 0.0, 0.0, 0.0, 0.0, 0.0, 0.0, 0.0, 0.0, 0.0, 0.0, 0.0, 0.0, 0.0, 0.0, 0.0, 0.0, 0.0, 0.0, 0.0, 0.0, 0.0, 0.0, 0.0, 0.0, 0.0, 0.0, 0.0, 0.0, 0.0, 0.0, 0.0, 0.0, 0.0, 0.0, 0.0, 0.0, 0.0, 0.0, 0.0, 0.0, 0.0, 0.0, 0.0, 0.0, 0.0, 0.0, 0.0, 0.0, 0.0, 0.0, 0.0, 0.0, 0.0, 0.0, 0.0, 0.0, 0.0, 0.0, 0.0, 0.0, 0.0, 0.0, 0.0, 0.0, 0.0, 0.0, 0.0, 0.0, 0.0, 0.0, 0.0, 0.0, 0.0, 0.0, 0.0, 0.0, 0.0, 0.0, 0.0, 0.0, 0.0, 0.0, 0.0, 0.0, 0.0, 0.0, 0.0, 0.0, 0.0, 0.0, 0.0, 0.0, 0.0, 0.0, 0.0, 0.0, 0.0, 0.0, 0.0, 0.0, 0.0, 0.0, 0.0, 0.0, 0.0, 0.0, 0.0, 0.0, 0.0, 0.0, 0.0, 0.0, 0.0, 0.0, 0.0, 0.0, 0.0, 0.0, 0.0, 0.0, 0.0, 0.0, 0.0, 0.0, 0.0, 0.0, 0.0, 0.0, 0.0, 0.0, 0.0, 0.0, 0.0, 0.0, 0.0, 0.0, 0.0, 0.0, 0.0, 0.0, 0.0, 0.0, 0.0, 0.0, 0.0, 0.0, 0.0, 0.0, 0.0, 0.0, 0.0, 0.0, 0.0, 0.0, 0.0, 0.0, 0.0, 0.0, 0.0, 0.0, 0.0, 0.0, 0.0, 0.0, 0.0, 0.0, 0.0, 0.0, 0.0, 0.0, 0.0, 0.0, 0.0, 0.0, 0.0, 0.0, 0.0, 0.0, 0.0, 0.0, 0.0, 0.0, 0.0, 0.0, 0.0, 0.0, 0.0, 0.0, 0.0, 0.0, 0.0, 0.0, 0.0, 0.0, 0.0, 0.0, 0.0, 0.0, 0.0, 0.0, 0.0, 0.0, 0.0, 0.0, 0.0, 0.0, 0.0, 0.0, 0.0, 0.0, 0.0, 0.0, 0.0, 0.0, 0.0, 0.0, 0.0, 0.0, 0.0, 0.0, 0.0, 0.0, 0.0, 0.0, 0.0, 0.0, 0.0, 0.0, 0.0, 0.0, 0.0, 0.0, 0.0, 0.0, 0.0, 0.0, 0.0, 0.0, 0.0, 0.0, 0.0, 0.0, 0.0, 0.0, 0.0, 0.0, 0.0, 0.0, 0.0, 0.0, 0.0, 0.0, 0.0, 0.0, 0.0, 0.0, 0.0, 0.0, 0.0, 0.0, 0.0, 0.0, 0.0, 0.0, 0.0, 0.0, 0.0, 0.0, 0.0, 0.0, 0.0, 0.0, 0.0, 0.0, 0.0, 0.0, 0.0, 0.0, 0.0, 0.0, 0.0, 0.0, 0.0, 0.0, 0.0, 0.0]",COMPLETE
92,92,0.5,2024-08-31 05:33:25.311805,2024-08-31 05:33:53.942294,0 days 00:00:28.630489,16,2.945364320028566,4,125,0.050630368348910264,43,0.033234216320626384,0.859,0.85875,0,"[0, 0, 0, 0, 0, 0, 0, 0, 0, 0, 0, 0, 0, 0, 0, 0, 0, 0, 0, 0, 0, 0, 0, 0, 0, 0, 0, 0, 0, 0, 0, 0, 0, 0, 0, 0, 0, 0, 0, 0, 0, 0, 0, 0, 0, 0, 0, 0, 0, 0, 0, 0, 0, 0, 0, 0, 0, 0, 0, 0, 0, 0, 0, 0, 0, 0, 0, 0, 0, 0, 0, 0, 0, 0, 0, 0, 0, 0, 0, 0, 0, 0, 0, 0, 0, 0, 0, 0, 0, 0, 0, 0, 0, 0, 0, 0, 0, 0, 0, 0, 0, 0, 0, 0, 0, 0, 0, 0, 0, 0, 0, 0, 0, 0, 0, 0, 0, 0, 0, 0, 0, 0, 0, 0, 0]",0.0,"[0.0, 0.0, 0.0, 0.0, 0.0, 0.0, 0.0, 0.0, 0.0, 0.0, 0.0, 0.0, 0.0, 0.0, 0.0, 0.0, 0.0, 0.0, 0.0, 0.0, 0.0, 0.0, 0.0, 0.0, 0.0, 0.0, 0.0, 0.0, 0.0, 0.0, 0.0, 0.0, 0.0, 0.0, 0.0, 0.0, 0.0, 0.0, 0.0, 0.0, 0.0, 0.0, 0.0, 0.0, 0.0, 0.0, 0.0, 0.0, 0.0, 0.0, 0.0, 0.0, 0.0, 0.0, 0.0, 0.0, 0.0, 0.0, 0.0, 0.0, 0.0, 0.0, 0.0, 0.0, 0.0, 0.0, 0.0, 0.0, 0.0, 0.0, 0.0, 0.0, 0.0, 0.0, 0.0, 0.0, 0.0, 0.0, 0.0, 0.0, 0.0, 0.0, 0.0, 0.0, 0.0, 0.0, 0.0, 0.0, 0.0, 0.0, 0.0, 0.0, 0.0, 0.0, 0.0, 0.0, 0.0, 0.0, 0.0, 0.0, 0.0, 0.0, 0.0, 0.0, 0.0, 0.0, 0.0, 0.0, 0.0, 0.0, 0.0, 0.0, 0.0, 0.0, 0.0, 0.0, 0.0, 0.0, 0.0, 0.0, 0.0, 0.0, 0.0, 0.0, 0.0]",0.5,0.5,0,"[0, 0, 0, 0, 0, 0, 0, 0, 0, 0, 0, 0, 0, 0, 0, 0, 0, 0, 0, 0, 0, 0, 0, 0, 0, 0, 0, 0, 0, 0, 0, 0, 0, 0, 0, 0, 0, 0, 0, 0, 0, 0, 0, 0, 0, 0, 0, 0, 0, 0, 0, 0, 0, 0, 0, 0, 0, 0, 0, 0, 0, 0, 0, 0, 0, 0, 0, 0, 0, 0, 0, 0, 0, 0, 0, 0, 0, 0, 0, 0, 0, 0, 0, 0, 0, 0, 0, 0, 0, 0, 0, 0, 0, 0, 0, 0, 0, 0, 0, 0, 0, 0, 0, 0, 0, 0, 0, 0, 0, 0, 0, 0, 0, 0, 0, 0, 0, 0, 0, 0, 0, 0, 0, 0, 0]",125,"[0.40770217776298523, 0.5364482998847961, 0.41409891843795776, 0.563214123249054, 0.4436548948287964, 0.4142034649848938, 0.4248599112033844, 0.40837204456329346, 0.4307691156864166, 0.421237975358963, 0.4635956287384033, 0.40848538279533386, 0.4117671251296997, 0.5260850191116333, 0.4078785181045532, 0.48091721534729004, 0.4344448447227478, 0.5357435345649719, 0.4072748124599457, 0.40824708342552185, 0.4231487512588501, 0.4277379512786865, 0.42182210087776184, 0.42871716618537903, 0.4148266613483429, 0.4324621260166168, 0.504539966583252, 0.46846988797187805, 0.4082747995853424, 0.41598743200302124, 0.42676711082458496, 0.42769482731819153, 0.42882364988327026, 0.5584173202514648, 0.40836143493652344, 0.5000895857810974, 0.5574544072151184, 0.45838242769241333, 0.40749824047088623, 0.41265830397605896, 0.42160168290138245, 0.42221590876579285, 0.41398003697395325, 0.4076705873012543, 0.4482564628124237, 0.40814849734306335, 0.42579907178878784, 0.44777247309684753, 0.4093627631664276, 0.41413769125938416, 0.4106529951095581, 0.41618481278419495, 0.4357037842273712, 0.4148508906364441, 0.407929003238678, 0.41088640689849854, 0.4618408977985382, 0.4660071134567261, 0.41249221563339233, 0.4084085524082184, 0.4074380397796631, 0.41083893179893494, 0.45133650302886963, 0.4232898950576782, 0.4074912667274475, 0.40893685817718506, 0.40730801224708557, 0.4073163568973541, 0.41582241654396057, 0.4091780185699463, 0.41455310583114624, 0.4079708755016327, 0.49270617961883545, 0.48992547392845154, 0.428352952003479, 0.4119807183742523, 0.4235827624797821, 0.43439361453056335, 0.435128778219223, 0.46515899896621704, 0.44668227434158325, 0.43297523260116577, 0.49392521381378174, 0.4083055257797241, 0.40751975774765015, 0.4182726740837097, 0.4073207974433899, 0.4292854964733124, 0.40732449293136597, 0.4073401689529419, 0.41154175996780396, 0.4323410093784332, 0.4262952506542206, 0.4078279137611389, 0.43574702739715576, 0.4072560966014862, 0.42051228880882263, 0.42916542291641235, 0.4490496516227722, 0.4072314202785492, 0.45316725969314575, 0.4243590235710144, 0.4987376928329468, 0.40809136629104614, 0.41064566373825073, 0.4156937897205353, 0.41875922679901123, 0.4103243947029114, 0.4929507374763489, 0.419345885515213, 0.42730942368507385, 0.42248669266700745, 0.41070541739463806, 0.42198505997657776, 0.4106975793838501, 0.4538778066635132, 0.479295015335083, 0.42097365856170654, 0.4897852838039398, 0.5429126620292664, 0.40760916471481323, 0.41461989283561707, 0.4073433578014374, 0.46157214045524597, 0.4464070796966553]",0.0,"[0.0, 0.0, 0.0, 0.0, 0.0, 0.0, 0.0, 0.0, 0.0, 0.0, 0.0, 0.0, 0.0, 0.0, 0.0, 0.0, 0.0, 0.0, 0.0, 0.0, 0.0, 0.0, 0.0, 0.0, 0.0, 0.0, 0.0, 0.0, 0.0, 0.0, 0.0, 0.0, 0.0, 0.0, 0.0, 0.0, 0.0, 0.0, 0.0, 0.0, 0.0, 0.0, 0.0, 0.0, 0.0, 0.0, 0.0, 0.0, 0.0, 0.0, 0.0, 0.0, 0.0, 0.0, 0.0, 0.0, 0.0, 0.0, 0.0, 0.0, 0.0, 0.0, 0.0, 0.0, 0.0, 0.0, 0.0, 0.0, 0.0, 0.0, 0.0, 0.0, 0.0, 0.0, 0.0, 0.0, 0.0, 0.0, 0.0, 0.0, 0.0, 0.0, 0.0, 0.0, 0.0, 0.0, 0.0, 0.0, 0.0, 0.0, 0.0, 0.0, 0.0, 0.0, 0.0, 0.0, 0.0, 0.0, 0.0, 0.0, 0.0, 0.0, 0.0, 0.0, 0.0, 0.0, 0.0, 0.0, 0.0, 0.0, 0.0, 0.0, 0.0, 0.0, 0.0, 0.0, 0.0, 0.0, 0.0, 0.0, 0.0, 0.0, 0.0, 0.0, 0.0]",COMPLETE
93,93,0.5354948409784752,2024-08-31 05:33:55.717000,2024-08-31 05:34:00.006977,0 days 00:00:04.289977,16,0.015116941835338796,3,5,0.0012139032770773826,8,0.000374602301478362,0.854,0.845,33,"[33, 33, 33, 33, 33]",32.98214285714286,"[33.0, 33.0, 33.0, 33.0, 32.98214285714286]",0.5943328462091001,0.5354948409784752,33,"[33, 33, 33, 33, 33]",5,"[0.7611967325210571, 0.6772176623344421, 0.6147043108940125, 0.5677319765090942, 0.5324428677558899]",33.0,"[33.0, 33.0, 33.0, 33.0, 33.0]",COMPLETE
