,number,value,datetime_start,datetime_complete,duration,params_batch_size_scaler,params_constant_learning_rate,params_depth,params_epochs,params_kernel_l2,params_num_trees,params_temperature,user_attrs_accuracy_test,user_attrs_accuracy_valid,user_attrs_approximate_feature_sparsity,user_attrs_approximate_feature_sparsity_history,user_attrs_approximate_weight_sparsity,user_attrs_approximate_weight_sparsity_history,user_attrs_auc_test,user_attrs_auc_valid,user_attrs_feature_sparsity,user_attrs_feature_sparsity_history,user_attrs_num_epochs,user_attrs_val_loss_history,user_attrs_weight_sparsity,user_attrs_weight_sparsity_history,state
9,9,0.5,2024-08-31 00:57:26.765656,2024-08-31 00:57:46.415143,0 days 00:00:19.649487,64,2.6298986106230515,1,320,0.0010590711150076622,30,0.023213990025219955,0.859,0.85875,0,"[1, 0, 0, 0, 0, 0, 0, 0, 0, 0, 0, 0, 0, 0, 0, 0, 0, 0, 0, 0, 0, 0, 0, 0, 0, 0, 0, 0, 0, 0, 0, 0, 0, 0, 0, 0, 0, 0, 0, 0, 0, 0, 0, 0, 0, 0, 0, 0, 0, 0, 0, 0, 0, 0, 0, 0, 0, 0, 0, 0, 0, 0, 0, 0, 0, 0, 0, 0, 0, 0, 0, 0, 0, 0, 0, 0, 0, 0, 0, 0, 0, 0, 0, 0, 0, 0, 0, 0, 0, 0, 0, 0, 0, 0, 0, 0, 0, 0, 0, 0, 0, 0, 0, 0, 0, 0, 0, 0, 0, 0, 0, 0, 0, 0, 0, 0, 0, 0, 0, 0, 0, 0, 0, 0, 0, 0, 0, 0, 0, 0, 0, 0, 0, 0, 0, 0, 0, 0, 0, 0, 0, 0, 0, 0, 0, 0, 0, 0, 0, 0, 0, 0, 0, 0, 0, 0, 0, 0, 0, 0, 0, 0, 0, 0, 0, 0, 0, 0, 0, 0, 0, 0, 0, 0, 0, 0, 0, 0, 0, 0, 0, 0, 0, 0, 0, 0, 0, 0, 0, 0, 0, 0, 0, 0, 0, 0, 0, 0, 0, 0, 0, 0, 0, 0, 0, 0, 0, 0, 0, 0, 0, 0, 0, 0, 0, 0, 0, 0, 0, 0, 0, 0, 0, 0, 0, 0, 0, 0, 0, 0, 0, 0, 0, 0, 0, 0, 0, 0, 0, 0, 0, 0, 0, 0, 0, 0, 0, 0, 0, 0, 0, 0, 0, 0, 0, 0, 0, 0, 0, 0, 0, 0, 0, 0, 0, 0, 0, 0, 0, 0, 0, 0, 0, 0, 0, 0, 0, 0, 0, 0, 0, 0, 0, 0, 0, 0, 0, 0, 0, 0, 0, 0, 0, 0, 0, 0, 0, 0, 0, 0, 0, 0, 0, 0, 0, 0, 0, 0, 0, 0, 0, 0, 0, 0, 0, 0, 0, 0, 0, 0]",0.0,"[1.0, 0.0, 0.0, 0.0, 0.0, 0.0, 0.0, 0.0, 0.0, 0.0, 0.0, 0.0, 0.0, 0.0, 0.0, 0.0, 0.0, 0.0, 0.0, 0.0, 0.0, 0.0, 0.0, 0.0, 0.0, 0.0, 0.0, 0.0, 0.0, 0.0, 0.0, 0.0, 0.0, 0.0, 0.0, 0.0, 0.0, 0.0, 0.0, 0.0, 0.0, 0.0, 0.0, 0.0, 0.0, 0.0, 0.0, 0.0, 0.0, 0.0, 0.0, 0.0, 0.0, 0.0, 0.0, 0.0, 0.0, 0.0, 0.0, 0.0, 0.0, 0.0, 0.0, 0.0, 0.0, 0.0, 0.0, 0.0, 0.0, 0.0, 0.0, 0.0, 0.0, 0.0, 0.0, 0.0, 0.0, 0.0, 0.0, 0.0, 0.0, 0.0, 0.0, 0.0, 0.0, 0.0, 0.0, 0.0, 0.0, 0.0, 0.0, 0.0, 0.0, 0.0, 0.0, 0.0, 0.0, 0.0, 0.0, 0.0, 0.0, 0.0, 0.0, 0.0, 0.0, 0.0, 0.0, 0.0, 0.0, 0.0, 0.0, 0.0, 0.0, 0.0, 0.0, 0.0, 0.0, 0.0, 0.0, 0.0, 0.0, 0.0, 0.0, 0.0, 0.0, 0.0, 0.0, 0.0, 0.0, 0.0, 0.0, 0.0, 0.0, 0.0, 0.0, 0.0, 0.0, 0.0, 0.0, 0.0, 0.0, 0.0, 0.0, 0.0, 0.0, 0.0, 0.0, 0.0, 0.0, 0.0, 0.0, 0.0, 0.0, 0.0, 0.0, 0.0, 0.0, 0.0, 0.0, 0.0, 0.0, 0.0, 0.0, 0.0, 0.0, 0.0, 0.0, 0.0, 0.0, 0.0, 0.0, 0.0, 0.0, 0.0, 0.0, 0.0, 0.0, 0.0, 0.0, 0.0, 0.0, 0.0, 0.0, 0.0, 0.0, 0.0, 0.0, 0.0, 0.0, 0.0, 0.0, 0.0, 0.0, 0.0, 0.0, 0.0, 0.0, 0.0, 0.0, 0.0, 0.0, 0.0, 0.0, 0.0, 0.0, 0.0, 0.0, 0.0, 0.0, 0.0, 0.0, 0.0, 0.0, 0.0, 0.0, 0.0, 0.0, 0.0, 0.0, 0.0, 0.0, 0.0, 0.0, 0.0, 0.0, 0.0, 0.0, 0.0, 0.0, 0.0, 0.0, 0.0, 0.0, 0.0, 0.0, 0.0, 0.0, 0.0, 0.0, 0.0, 0.0, 0.0, 0.0, 0.0, 0.0, 0.0, 0.0, 0.0, 0.0, 0.0, 0.0, 0.0, 0.0, 0.0, 0.0, 0.0, 0.0, 0.0, 0.0, 0.0, 0.0, 0.0, 0.0, 0.0, 0.0, 0.0, 0.0, 0.0, 0.0, 0.0, 0.0, 0.0, 0.0, 0.0, 0.0, 0.0, 0.0, 0.0, 0.0, 0.0, 0.0, 0.0, 0.0, 0.0, 0.0, 0.0, 0.0, 0.0, 0.0, 0.0, 0.0, 0.0, 0.0, 0.0, 0.0, 0.0, 0.0, 0.0, 0.0, 0.0, 0.0, 0.0, 0.0, 0.0, 0.0, 0.0, 0.0, 0.0, 0.0, 0.0, 0.0, 0.0, 0.0, 0.0, 0.0, 0.0, 0.0, 0.0, 0.0, 0.0]",0.5,0.5,0,"[1, 0, 0, 0, 0, 0, 0, 0, 0, 0, 0, 0, 0, 0, 0, 0, 0, 0, 0, 0, 0, 0, 0, 0, 0, 0, 0, 0, 0, 0, 0, 0, 0, 0, 0, 0, 0, 0, 0, 0, 0, 0, 0, 0, 0, 0, 0, 0, 0, 0, 0, 0, 0, 0, 0, 0, 0, 0, 0, 0, 0, 0, 0, 0, 0, 0, 0, 0, 0, 0, 0, 0, 0, 0, 0, 0, 0, 0, 0, 0, 0, 0, 0, 0, 0, 0, 0, 0, 0, 0, 0, 0, 0, 0, 0, 0, 0, 0, 0, 0, 0, 0, 0, 0, 0, 0, 0, 0, 0, 0, 0, 0, 0, 0, 0, 0, 0, 0, 0, 0, 0, 0, 0, 0, 0, 0, 0, 0, 0, 0, 0, 0, 0, 0, 0, 0, 0, 0, 0, 0, 0, 0, 0, 0, 0, 0, 0, 0, 0, 0, 0, 0, 0, 0, 0, 0, 0, 0, 0, 0, 0, 0, 0, 0, 0, 0, 0, 0, 0, 0, 0, 0, 0, 0, 0, 0, 0, 0, 0, 0, 0, 0, 0, 0, 0, 0, 0, 0, 0, 0, 0, 0, 0, 0, 0, 0, 0, 0, 0, 0, 0, 0, 0, 0, 0, 0, 0, 0, 0, 0, 0, 0, 0, 0, 0, 0, 0, 0, 0, 0, 0, 0, 0, 0, 0, 0, 0, 0, 0, 0, 0, 0, 0, 0, 0, 0, 0, 0, 0, 0, 0, 0, 0, 0, 0, 0, 0, 0, 0, 0, 0, 0, 0, 0, 0, 0, 0, 0, 0, 0, 0, 0, 0, 0, 0, 0, 0, 0, 0, 0, 0, 0, 0, 0, 0, 0, 0, 0, 0, 0, 0, 0, 0, 0, 0, 0, 0, 0, 0, 0, 0, 0, 0, 0, 0, 0, 0, 0, 0, 0, 0, 0, 0, 0, 0, 0, 0, 0, 0, 0, 0, 0, 0, 0, 0, 0, 0, 0, 0, 0]",320,"[7.385693550109863, 0.7861943244934082, 5.619868278503418, 4.583972930908203, 3.9677813053131104, 9.191466331481934, 2.8101630210876465, 5.780961513519287, 1.8522682189941406, 3.4714648723602295, 7.927269458770752, 1.473393201828003, 0.5102810859680176, 8.453492164611816, 2.837772846221924, 6.833045482635498, 0.49455487728118896, 5.740553379058838, 2.049013137817383, 3.556358575820923, 8.475058555603027, 2.021435499191284, 7.101837635040283, 0.878771960735321, 6.361157417297363, 1.2895997762680054, 1.7006210088729858, 0.6887325048446655, 5.635657787322998, 5.816321849822998, 3.492781400680542, 8.906389236450195, 2.300405979156494, 7.171386241912842, 0.5200611352920532, 5.285690784454346, 4.275567531585693, 4.368746757507324, 8.68122673034668, 2.760874032974243, 6.750888824462891, 0.6159961819648743, 5.381284713745117, 3.361112356185913, 4.070214748382568, 8.906579971313477, 2.2244157791137695, 7.27115535736084, 0.8955004811286926, 5.975388050079346, 0.5676194429397583, 7.450108528137207, 1.4536082744598389, 1.660657525062561, 0.8207690715789795, 3.0643503665924072, 4.18022346496582, 9.164811134338379, 3.244457483291626, 0.4513191878795624, 4.906479835510254, 1.8950629234313965, 3.3000946044921875, 4.782526016235352, 1.2097725868225098, 4.796017646789551, 2.039503574371338, 6.174295425415039, 3.113072395324707, 3.9608957767486572, 8.849498748779297, 2.2435152530670166, 6.684011459350586, 0.44719114899635315, 4.876099109649658, 1.8069735765457153, 7.6106648445129395, 1.0813384056091309, 5.663766860961914, 4.259122371673584, 4.065284729003906, 8.81675910949707, 2.591681480407715, 7.0734405517578125, 1.3055472373962402, 5.349710464477539, 4.9319682121276855, 3.8441531658172607, 8.228821754455566, 2.1561052799224854, 7.142642974853516, 0.5587985515594482, 5.393002986907959, 4.892856121063232, 4.153650283813477, 9.072857856750488, 3.228684902191162, 2.6571428775787354, 7.415871620178223, 0.5975285768508911, 5.497859954833984, 4.586695671081543, 4.416782379150391, 8.617223739624023, 2.3159656524658203, 7.510354995727539, 0.7568718194961548, 5.326915264129639, 2.75346302986145, 3.485311269760132, 8.257637023925781, 1.7278399467468262, 7.045246601104736, 4.1381940841674805, 9.254934310913086, 3.182218551635742, 3.3700976371765137, 0.8118516802787781, 5.81907844543457, 4.3028411865234375, 4.595205307006836, 4.818760871887207, 1.1675703525543213, 5.685260772705078, 2.765843391418457, 3.5659220218658447, 9.093973159790039, 2.8688952922821045, 6.943751335144043, 0.5207754969596863, 5.397796154022217, 2.8478283882141113, 4.583178997039795, 7.036563873291016, 0.7407758831977844, 5.569692611694336, 2.4102585315704346, 3.8528506755828857, 9.258065223693848, 3.261530876159668, 1.2891961336135864, 2.0803334712982178, 7.227996826171875, 0.4357968866825104, 7.137582778930664, 0.9895986318588257, 5.4781646728515625, 3.2017834186553955, 4.127639293670654, 8.819951057434082, 2.8234167098999023, 4.1850152015686035, 9.429800033569336, 3.2809033393859863, 1.2938717603683472, 4.831442356109619, 1.730096459388733, 8.3676118850708, 2.0663537979125977, 7.051954746246338, 1.0559892654418945, 5.754245758056641, 3.298008918762207, 4.29232931137085, 9.07259750366211, 2.999882221221924, 6.09832763671875, 1.4436614513397217, 2.6440088748931885, 7.127652645111084, 1.0555074214935303, 6.011025428771973, 6.856105804443359, 4.168574810028076, 8.80743408203125, 1.9729084968566895, 7.249388217926025, 1.2529950141906738, 5.707251071929932, 4.020010948181152, 4.232181549072266, 8.350327491760254, 1.2873680591583252, 4.711192607879639, 3.8495514392852783, 8.983138084411621, 2.9104230403900146, 4.995851039886475, 0.41555625200271606, 7.193787097930908, 1.0003979206085205, 1.1055041551589966, 6.031240463256836, 4.421976089477539, 4.051809310913086, 8.811851501464844, 2.205869674682617, 6.725867748260498, 0.7350507974624634, 5.391378402709961, 7.906500339508057, 3.693681001663208, 7.333284378051758, 1.1085978746414185, 5.450469493865967, 4.260460376739502, 4.369868278503418, 8.80384635925293, 2.6549487113952637, 6.862358570098877, 0.4072323143482208, 8.01511001586914, 3.752143621444702, 8.591141700744629, 2.137521266937256, 7.669432163238525, 1.1399435997009277, 4.925283432006836, 1.5858978033065796, 6.765071868896484, 3.6498425006866455, 8.911417007446289, 2.3816163539886475, 6.56614875793457, 0.4075232446193695, 3.3453705310821533, 1.9493283033370972, 9.079851150512695, 2.7024106979370117, 6.942200183868408, 0.424707293510437, 4.688931941986084, 5.125572681427002, 0.4816328287124634, 5.444324493408203, 8.194156646728516, 3.6467113494873047, 8.364753723144531, 1.6825973987579346, 0.4467032551765442, 4.389673233032227, 9.102768898010254, 2.3444249629974365, 7.1967620849609375, 1.048465609550476, 5.051885604858398, 4.582820415496826, 3.7315163612365723, 8.691420555114746, 2.847247838973999, 5.3508734703063965, 0.9532811045646667, 0.43280670046806335, 6.132888317108154, 2.0456016063690186, 3.7051100730895996, 8.448655128479004, 2.52830171585083, 7.192849159240723, 1.1965248584747314, 5.255252838134766, 4.124205112457275, 4.226673126220703, 8.668612480163574, 2.443535327911377, 7.1570305824279785, 0.5710636973381042, 5.952717304229736, 2.1893701553344727, 3.232983350753784, 3.214773654937744, 4.116765975952148, 4.379505634307861, 8.508134841918945, 2.359238862991333, 7.40212869644165, 0.8744033575057983, 5.592159271240234, 6.050236701965332, 3.6096794605255127, 8.562694549560547, 2.413797378540039, 7.3277268409729, 0.9514840841293335, 5.494735240936279, 8.441361427307129, 2.9967658519744873, 5.4595794677734375, 3.252310276031494, 3.9059178829193115, 8.789889335632324, 2.5648117065429688, 7.036683559417725, 0.4770090579986572, 5.503856658935547, 5.045337677001953, 4.210775852203369, 8.280522346496582, 1.826904296875, 2.948744535446167, 2.258547067642212, 7.054662704467773, 1.0586862564086914, 5.725454330444336, 3.4581298828125, 3.925445795059204, 9.004404067993164, 2.322239637374878, 6.8368239402771, 0.7685768008232117, 5.594279766082764, 3.2172136306762695, 4.434534072875977, 8.666848182678223, 2.517951250076294, 6.323233127593994, 0.640031099319458, 1.7293864488601685, 2.830226421356201, 6.807656288146973]",0.0,"[1.0, 0.0, 0.0, 0.0, 0.0, 0.0, 0.0, 0.0, 0.0, 0.0, 0.0, 0.0, 0.0, 0.0, 0.0, 0.0, 0.0, 0.0, 0.0, 0.0, 0.0, 0.0, 0.0, 0.0, 0.0, 0.0, 0.0, 0.0, 0.0, 0.0, 0.0, 0.0, 0.0, 0.0, 0.0, 0.0, 0.0, 0.0, 0.0, 0.0, 0.0, 0.0, 0.0, 0.0, 0.0, 0.0, 0.0, 0.0, 0.0, 0.0, 0.0, 0.0, 0.0, 0.0, 0.0, 0.0, 0.0, 0.0, 0.0, 0.0, 0.0, 0.0, 0.0, 0.0, 0.0, 0.0, 0.0, 0.0, 0.0, 0.0, 0.0, 0.0, 0.0, 0.0, 0.0, 0.0, 0.0, 0.0, 0.0, 0.0, 0.0, 0.0, 0.0, 0.0, 0.0, 0.0, 0.0, 0.0, 0.0, 0.0, 0.0, 0.0, 0.0, 0.0, 0.0, 0.0, 0.0, 0.0, 0.0, 0.0, 0.0, 0.0, 0.0, 0.0, 0.0, 0.0, 0.0, 0.0, 0.0, 0.0, 0.0, 0.0, 0.0, 0.0, 0.0, 0.0, 0.0, 0.0, 0.0, 0.0, 0.0, 0.0, 0.0, 0.0, 0.0, 0.0, 0.0, 0.0, 0.0, 0.0, 0.0, 0.0, 0.0, 0.0, 0.0, 0.0, 0.0, 0.0, 0.0, 0.0, 0.0, 0.0, 0.0, 0.0, 0.0, 0.0, 0.0, 0.0, 0.0, 0.0, 0.0, 0.0, 0.0, 0.0, 0.0, 0.0, 0.0, 0.0, 0.0, 0.0, 0.0, 0.0, 0.0, 0.0, 0.0, 0.0, 0.0, 0.0, 0.0, 0.0, 0.0, 0.0, 0.0, 0.0, 0.0, 0.0, 0.0, 0.0, 0.0, 0.0, 0.0, 0.0, 0.0, 0.0, 0.0, 0.0, 0.0, 0.0, 0.0, 0.0, 0.0, 0.0, 0.0, 0.0, 0.0, 0.0, 0.0, 0.0, 0.0, 0.0, 0.0, 0.0, 0.0, 0.0, 0.0, 0.0, 0.0, 0.0, 0.0, 0.0, 0.0, 0.0, 0.0, 0.0, 0.0, 0.0, 0.0, 0.0, 0.0, 0.0, 0.0, 0.0, 0.0, 0.0, 0.0, 0.0, 0.0, 0.0, 0.0, 0.0, 0.0, 0.0, 0.0, 0.0, 0.0, 0.0, 0.0, 0.0, 0.0, 0.0, 0.0, 0.0, 0.0, 0.0, 0.0, 0.0, 0.0, 0.0, 0.0, 0.0, 0.0, 0.0, 0.0, 0.0, 0.0, 0.0, 0.0, 0.0, 0.0, 0.0, 0.0, 0.0, 0.0, 0.0, 0.0, 0.0, 0.0, 0.0, 0.0, 0.0, 0.0, 0.0, 0.0, 0.0, 0.0, 0.0, 0.0, 0.0, 0.0, 0.0, 0.0, 0.0, 0.0, 0.0, 0.0, 0.0, 0.0, 0.0, 0.0, 0.0, 0.0, 0.0, 0.0, 0.0, 0.0, 0.0, 0.0, 0.0, 0.0, 0.0, 0.0, 0.0, 0.0, 0.0, 0.0, 0.0, 0.0, 0.0, 0.0, 0.0, 0.0, 0.0, 0.0, 0.0, 0.0, 0.0, 0.0, 0.0, 0.0, 0.0]",COMPLETE
