,number,value,datetime_start,datetime_complete,duration,params_batch_size_scaler,params_constant_learning_rate,params_depth,params_epochs,params_kernel_l2,params_num_trees,params_temperature,user_attrs_accuracy_test,user_attrs_accuracy_valid,user_attrs_approximate_feature_sparsity,user_attrs_approximate_feature_sparsity_history,user_attrs_approximate_weight_sparsity,user_attrs_approximate_weight_sparsity_history,user_attrs_auc_test,user_attrs_auc_valid,user_attrs_feature_sparsity,user_attrs_feature_sparsity_history,user_attrs_num_epochs,user_attrs_val_loss_history,user_attrs_weight_sparsity,user_attrs_weight_sparsity_history,state
85,85,0.6629181641354613,2024-08-31 05:00:10.003312,2024-08-31 05:00:15.804502,0 days 00:00:05.801190,64,0.03482375009149254,2,45,0.17180768351431003,24,0.01646880933868983,0.859,0.85875,33,"[33, 33, 33, 33, 33, 33, 33, 33, 33, 33, 33, 33, 33, 33, 33, 33, 33, 33, 33, 33, 33, 33, 33, 33, 33, 33, 33, 33, 33, 33, 33, 33, 33, 33, 33, 33, 33, 33, 33, 33, 33, 33, 33, 33, 33]",32.986111111111114,"[32.986111111111114, 33.0, 33.0, 33.0, 32.986111111111114, 32.986111111111114, 32.97222222222222, 32.986111111111114, 32.97222222222222, 32.986111111111114, 32.986111111111114, 32.986111111111114, 32.986111111111114, 32.95833333333333, 32.95833333333333, 32.97222222222222, 33.0, 33.0, 32.986111111111114, 32.986111111111114, 32.986111111111114, 32.986111111111114, 32.958333333333336, 32.95833333333333, 32.986111111111114, 32.986111111111114, 33.0, 33.0, 32.97222222222222, 32.95833333333333, 32.986111111111114, 32.986111111111114, 32.986111111111114, 32.986111111111114, 32.97222222222222, 32.97222222222222, 32.97222222222222, 32.97222222222222, 32.97222222222222, 32.95833333333333, 32.97222222222222, 32.97222222222222, 32.97222222222222, 32.986111111111114, 32.986111111111114]",0.7286883147978434,0.6629181641354613,33,"[33, 33, 33, 33, 33, 33, 33, 33, 33, 33, 33, 33, 33, 33, 33, 33, 33, 33, 33, 33, 33, 33, 33, 33, 33, 33, 33, 33, 33, 33, 33, 33, 33, 33, 33, 33, 33, 33, 33, 33, 33, 33, 33, 33, 33]",45,"[0.6430526971817017, 0.5764837861061096, 0.5469534993171692, 0.5321764945983887, 0.5238905549049377, 0.5190079808235168, 0.5167114734649658, 0.5140271782875061, 0.512487530708313, 0.5112669467926025, 0.5099241137504578, 0.5088493824005127, 0.5079569220542908, 0.5070867538452148, 0.506390392780304, 0.5055423974990845, 0.5047203302383423, 0.5038318037986755, 0.5030826330184937, 0.502357006072998, 0.5015745759010315, 0.500851571559906, 0.5001487731933594, 0.4994886517524719, 0.4988332986831665, 0.4981941878795624, 0.4975612759590149, 0.49691855907440186, 0.4962650537490845, 0.49565359950065613, 0.4951333701610565, 0.49454158544540405, 0.49402934312820435, 0.49349090456962585, 0.49285367131233215, 0.492313027381897, 0.49173808097839355, 0.49119579792022705, 0.4906816780567169, 0.4901212453842163, 0.48963460326194763, 0.4891616702079773, 0.48869168758392334, 0.488325297832489, 0.4878304600715637]",33.0,"[33.0, 33.0, 33.0, 33.0, 33.0, 33.0, 33.0, 33.0, 33.0, 33.0, 33.0, 33.0, 33.0, 33.0, 33.0, 33.0, 33.0, 33.0, 33.0, 33.0, 33.0, 33.0, 33.0, 33.0, 33.0, 33.0, 33.0, 33.0, 33.0, 33.0, 33.0, 33.0, 33.0, 33.0, 33.0, 33.0, 33.0, 33.0, 33.0, 33.0, 33.0, 33.0, 33.0, 33.0, 33.0]",COMPLETE
86,86,0.9220929783205163,2024-08-31 05:00:17.813713,2024-08-31 05:00:35.911579,0 days 00:00:18.097866,16,6.361198160056789,3,90,0.035554662389643554,62,0.000316894071488694,0.939,0.9375,29,"[33, 33, 33, 33, 33, 33, 33, 33, 33, 31, 30, 30, 30, 30, 30, 30, 30, 30, 30, 30, 30, 30, 30, 30, 30, 30, 30, 30, 30, 30, 30, 30, 30, 30, 30, 30, 30, 30, 30, 30, 30, 30, 30, 30, 30, 30, 30, 30, 30, 30, 30, 30, 30, 30, 30, 30, 30, 30, 30, 30, 30, 30, 30, 30, 30, 30, 30, 30, 30, 30, 30, 30, 30, 30, 30, 30, 30, 29, 29, 29, 29, 29, 29, 29, 29, 29, 29, 29, 29, 29]",28.967741935483872,"[32.963133640552996, 32.9815668202765, 32.96082949308756, 32.96774193548387, 32.97235023041475, 32.983870967741936, 32.983870967741936, 32.97926267281106, 32.983870967741936, 30.97926267281106, 29.983870967741936, 29.98847926267281, 29.983870967741936, 29.983870967741936, 29.983870967741936, 29.98847926267281, 29.976958525345623, 29.976958525345623, 29.981566820276498, 29.97926267281106, 29.97926267281106, 29.98847926267281, 29.981566820276498, 29.995391705069125, 29.98847926267281, 29.986175115207374, 29.99078341013825, 29.972350230414747, 29.995391705069125, 29.99078341013825, 29.99078341013825, 29.993087557603687, 29.986175115207374, 29.981566820276498, 29.97004608294931, 29.986175115207374, 29.981566820276498, 29.97926267281106, 29.986175115207374, 29.97926267281106, 29.993087557603687, 29.99078341013825, 29.974654377880185, 29.986175115207374, 29.983870967741936, 29.974654377880185, 29.981566820276498, 29.97926267281106, 29.981566820276498, 29.98847926267281, 29.97926267281106, 29.97926267281106, 29.98847926267281, 29.97926267281106, 29.976958525345623, 29.976958525345623, 29.974654377880185, 29.976958525345623, 29.983870967741936, 29.97004608294931, 29.983870967741936, 29.974654377880185, 29.983870967741936, 29.972350230414747, 29.983870967741936, 29.986175115207374, 29.976958525345623, 29.986175115207374, 29.98847926267281, 29.963133640552996, 29.972350230414747, 29.976958525345623, 29.97926267281106, 29.963133640552996, 29.972350230414747, 29.98847926267281, 29.976958525345623, 28.96082949308756, 28.956221198156683, 28.976958525345623, 28.97926267281106, 28.976958525345623, 28.976958525345623, 28.976958525345623, 28.97004608294931, 28.976958525345623, 28.96082949308756, 28.97926267281106, 28.972350230414747, 28.967741935483872]",0.9042429346345331,0.9220929783205163,29,"[33, 33, 33, 33, 33, 33, 33, 33, 33, 31, 30, 30, 30, 30, 30, 30, 30, 30, 30, 30, 30, 30, 30, 30, 30, 30, 30, 30, 30, 30, 30, 30, 30, 30, 30, 30, 30, 30, 30, 30, 30, 30, 30, 30, 30, 30, 30, 30, 30, 30, 30, 30, 30, 30, 30, 30, 30, 30, 30, 30, 30, 30, 30, 30, 30, 30, 30, 30, 30, 30, 30, 30, 30, 30, 30, 30, 30, 29, 29, 29, 29, 29, 29, 29, 29, 29, 29, 29, 29, 29]",90,"[3.558182716369629, 4.491509914398193, 4.220643043518066, 3.290786027908325, 4.904174327850342, 2.2537901401519775, 15.146866798400879, 0.8843872547149658, 4.036914348602295, 1.2987595796585083, 0.958454966545105, 1.3849749565124512, 1.2003461122512817, 1.6600271463394165, 3.7618088722229004, 0.7640259265899658, 0.9014169573783875, 0.4560985565185547, 1.4518067836761475, 0.5967196822166443, 0.6030439138412476, 1.4540393352508545, 0.4095059633255005, 0.674143373966217, 1.2772983312606812, 0.4264037609100342, 0.42806586623191833, 0.576472282409668, 1.0375429391860962, 0.5943911075592041, 0.4335160553455353, 0.38044804334640503, 0.4363786280155182, 0.48502078652381897, 1.75606369972229, 0.8010187745094299, 0.3777354061603546, 0.5939269065856934, 0.7493192553520203, 1.0804787874221802, 0.622418224811554, 0.4254632294178009, 0.46579673886299133, 1.752143383026123, 0.4567863941192627, 0.39783236384391785, 0.3784434497356415, 0.3936392664909363, 0.7257699370384216, 0.5233570337295532, 0.5105689764022827, 0.3768790066242218, 0.35157284140586853, 0.6851568818092346, 0.43245750665664673, 0.456017404794693, 0.3605409860610962, 0.5415723919868469, 0.7165266275405884, 0.38498398661613464, 0.6193482875823975, 0.6707130670547485, 0.378345787525177, 0.9016371369361877, 0.5998673439025879, 0.39570558071136475, 0.4084957540035248, 0.37543538212776184, 0.4339812099933624, 0.38647210597991943, 0.4084460735321045, 0.3596549332141876, 0.353042870759964, 0.9075275659561157, 0.3968384563922882, 0.40372008085250854, 0.3957381546497345, 0.4191957712173462, 0.38310912251472473, 0.42594635486602783, 0.5021832585334778, 1.1123214960098267, 0.4183930456638336, 0.3800210952758789, 0.3799770772457123, 0.36979830265045166, 0.36635062098503113, 0.3640720248222351, 0.3684450387954712, 0.40876758098602295]",29.0,"[33.0, 33.0, 33.0, 33.0, 33.0, 33.0, 33.0, 33.0, 33.0, 31.0, 30.0, 30.0, 30.0, 30.0, 30.0, 30.0, 30.0, 30.0, 30.0, 30.0, 30.0, 30.0, 30.0, 30.0, 30.0, 30.0, 30.0, 30.0, 30.0, 30.0, 30.0, 30.0, 30.0, 30.0, 30.0, 30.0, 30.0, 30.0, 30.0, 30.0, 30.0, 30.0, 30.0, 30.0, 30.0, 30.0, 30.0, 30.0, 30.0, 30.0, 30.0, 30.0, 30.0, 30.0, 30.0, 30.0, 30.0, 30.0, 30.0, 30.0, 30.0, 30.0, 30.0, 30.0, 30.0, 30.0, 30.0, 30.0, 30.0, 30.0, 30.0, 30.0, 30.0, 30.0, 30.0, 30.0, 30.0, 29.0, 29.0, 29.0, 29.0, 29.0, 29.0, 29.0, 29.0, 29.0, 29.0, 29.0, 29.0, 29.0]",COMPLETE
87,87,0.9200448274529505,2024-08-31 05:00:37.914155,2024-08-31 05:11:02.200375,0 days 00:10:24.286220,1,0.7717085693212664,6,210,0.053447557126884516,50,0.00025827432685759564,0.919,0.9375,25,"[33, 33, 33, 33, 33, 33, 33, 33, 33, 30, 30, 30, 28, 27, 27, 27, 27, 26, 25, 25, 25, 25, 25, 25, 25, 25, 25, 25, 25, 25, 25, 25, 25, 25, 25, 25, 25, 25, 25, 25, 25, 25, 25, 25, 25, 25, 25, 25, 25, 25, 25, 25, 25, 25, 25, 25, 25, 25, 25, 25, 25, 25, 25, 25, 25, 25, 25, 25, 25, 25, 25, 25, 25, 25, 25, 25, 25, 25, 25, 25, 25, 25, 25, 25, 25, 25, 25, 25, 25, 25, 25, 25, 25, 25, 25, 25, 25, 25, 25, 25, 25, 25, 25, 25, 25, 25, 25, 25, 25, 25, 25, 25, 25, 25, 25, 25, 25, 25, 25, 25, 25, 25, 25, 25, 25, 25, 25, 25, 25, 25, 25, 25, 25, 25, 25, 25, 25, 25, 25, 25, 25, 25, 25, 25, 25, 25, 25, 25, 25, 25, 25, 25, 25, 25, 25, 25, 25, 25, 25, 25, 25, 25, 25, 25, 25, 25, 25, 25, 25, 25, 25, 25, 25, 25, 25, 25, 25, 25, 25, 25, 25, 25, 25, 25, 25, 25, 25, 25, 25, 25, 25, 25, 25, 25, 25, 25, 25, 25, 25, 25, 25, 25, 25, 25, 25, 25, 25, 25, 25, 25]",24.88380952380952,"[32.91968253968254, 32.9247619047619, 32.92285714285715, 32.93206349206349, 32.92761904761905, 32.93238095238095, 32.92666666666666, 32.93079365079365, 32.93047619047619, 29.936825396825398, 29.93936507936508, 29.93904761904762, 27.94031746031746, 26.94222222222222, 26.942857142857143, 26.946349206349204, 26.942857142857143, 25.946031746031746, 24.944444444444446, 24.955238095238094, 24.946031746031746, 24.94888888888889, 24.945079365079366, 24.948571428571427, 24.951746031746033, 24.94952380952381, 24.94571428571428, 24.948253968253965, 24.945396825396827, 24.943492063492066, 24.946984126984127, 24.943809523809524, 24.95206349206349, 24.948571428571427, 24.94761904761905, 24.94253968253968, 24.9431746031746, 24.949523809523807, 24.945079365079366, 24.953968253968252, 24.947301587301585, 24.951428571428572, 24.94571428571429, 24.944761904761904, 24.94412698412698, 24.947301587301588, 24.947301587301588, 24.952698412698414, 24.946666666666665, 24.944761904761904, 24.94857142857143, 24.945079365079366, 24.94126984126984, 24.94190476190476, 24.941904761904762, 24.942222222222224, 24.942222222222227, 24.944126984126985, 24.937460317460317, 24.938730158730156, 24.93873015873016, 24.938412698412698, 24.927936507936508, 24.931428571428572, 24.934603174603172, 24.932698412698414, 24.93746031746032, 24.93174603174603, 24.938412698412698, 24.936825396825398, 24.940952380952382, 24.94095238095238, 24.941269841269843, 24.94253968253968, 24.935238095238095, 24.940000000000005, 24.945079365079366, 24.94031746031746, 24.93015873015873, 24.94063492063492, 24.93460317460318, 24.93142857142857, 24.932380952380953, 24.937460317460317, 24.926031746031747, 24.933015873015876, 24.936507936507937, 24.933015873015872, 24.936507936507937, 24.934603174603172, 24.935555555555556, 24.92984126984127, 24.93111111111111, 24.93206349206349, 24.934920634920633, 24.929523809523808, 24.935238095238095, 24.92984126984127, 24.92888888888889, 24.92698412698413, 24.930476190476192, 24.934603174603172, 24.935555555555553, 24.92984126984127, 24.934285714285714, 24.93206349206349, 24.937460317460317, 24.931428571428572, 24.933650793650795, 24.93301587301587, 24.93111111111111, 24.926031746031743, 24.933015873015872, 24.92984126984127, 24.927936507936508, 24.927619047619046, 24.925396825396827, 24.925396825396824, 24.928571428571427, 24.923174603174605, 24.92190476190476, 24.923809523809528, 24.924126984126985, 24.92857142857143, 24.9231746031746, 24.92666666666667, 24.92126984126984, 24.93365079365079, 24.92857142857143, 24.92857142857143, 24.926984126984127, 24.927619047619046, 24.92730158730159, 24.925396825396824, 24.92253968253968, 24.923174603174605, 24.92730158730159, 24.923809523809524, 24.923809523809524, 24.92126984126984, 24.916190476190476, 24.923492063492066, 24.920317460317463, 24.915555555555557, 24.91079365079365, 24.916190476190476, 24.9215873015873, 24.91777777777778, 24.913650793650795, 24.912380952380953, 24.914920634920634, 24.917142857142856, 24.91619047619048, 24.917777777777776, 24.917460317460314, 24.919047619047618, 24.91428571428571, 24.922539682539682, 24.917460317460318, 24.91777777777778, 24.917460317460314, 24.911746031746034, 24.91111111111111, 24.914603174603172, 24.90888888888889, 24.90539682539682, 24.906031746031744, 24.90920634920635, 24.906984126984128, 24.907301587301585, 24.900952380952383, 24.904444444444447, 24.8984126984127, 24.9015873015873, 24.902539682539683, 24.900952380952383, 24.900634920634918, 24.89873015873016, 24.89269841269841, 24.893650793650792, 24.893015873015873, 24.894603174603173, 24.901587301587302, 24.897460317460318, 24.896825396825395, 24.89968253968254, 24.89142857142857, 24.893650793650792, 24.89079365079365, 24.895555555555553, 24.893650793650792, 24.88952380952381, 24.89238095238095, 24.888253968253967, 24.88920634920635, 24.886349206349205, 24.89047619047619, 24.88825396825397, 24.887619047619047, 24.884761904761902, 24.883809523809525, 24.887619047619047, 24.883174603174606, 24.886666666666663, 24.885079365079363, 24.884761904761906, 24.88380952380952, 24.883809523809525, 24.882222222222225, 24.88380952380952]",0.8904713546181853,0.9200448274529505,25,"[33, 33, 33, 33, 33, 33, 33, 33, 33, 30, 30, 30, 28, 27, 27, 27, 27, 26, 25, 25, 25, 25, 25, 25, 25, 25, 25, 25, 25, 25, 25, 25, 25, 25, 25, 25, 25, 25, 25, 25, 25, 25, 25, 25, 25, 25, 25, 25, 25, 25, 25, 25, 25, 25, 25, 25, 25, 25, 25, 25, 25, 25, 25, 25, 25, 25, 25, 25, 25, 25, 25, 25, 25, 25, 25, 25, 25, 25, 25, 25, 25, 25, 25, 25, 25, 25, 25, 25, 25, 25, 25, 25, 25, 25, 25, 25, 25, 25, 25, 25, 25, 25, 25, 25, 25, 25, 25, 25, 25, 25, 25, 25, 25, 25, 25, 25, 25, 25, 25, 25, 25, 25, 25, 25, 25, 25, 25, 25, 25, 25, 25, 25, 25, 25, 25, 25, 25, 25, 25, 25, 25, 25, 25, 25, 25, 25, 25, 25, 25, 25, 25, 25, 25, 25, 25, 25, 25, 25, 25, 25, 25, 25, 25, 25, 25, 25, 25, 25, 25, 25, 25, 25, 25, 25, 25, 25, 25, 25, 25, 25, 25, 25, 25, 25, 25, 25, 25, 25, 25, 25, 25, 25, 25, 25, 25, 25, 25, 25, 25, 25, 25, 25, 25, 25, 25, 25, 25, 25, 25, 25]",210,"[0.3587474524974823, 0.3380422294139862, 0.3023150861263275, 0.27774864435195923, 0.26579275727272034, 0.23926503956317902, 0.22793185710906982, 0.22044773399829865, 0.20635823905467987, 0.2131631076335907, 0.20240265130996704, 0.19940248131752014, 0.2003573179244995, 0.20950976014137268, 0.19452913105487823, 0.1971229612827301, 0.19843290746212006, 0.18520645797252655, 0.18689584732055664, 0.18231859803199768, 0.17716366052627563, 0.1726471334695816, 0.18723063170909882, 0.17769163846969604, 0.18178801238536835, 0.1969459503889084, 0.16165262460708618, 0.16388149559497833, 0.16866759955883026, 0.17533811926841736, 0.15926632285118103, 0.1630459725856781, 0.1712770313024521, 0.199180468916893, 0.16376465559005737, 0.18131060898303986, 0.1676005870103836, 0.18120302259922028, 0.1664535403251648, 0.160694420337677, 0.18298478424549103, 0.17613208293914795, 0.17584611475467682, 0.1729174256324768, 0.17590847611427307, 0.16876958310604095, 0.17351987957954407, 0.17554612457752228, 0.17320525646209717, 0.17789718508720398, 0.19090145826339722, 0.1899486482143402, 0.19989927113056183, 0.17858615517616272, 0.2022179663181305, 0.19518081843852997, 0.20818622410297394, 0.2029852420091629, 0.2065422385931015, 0.1996249556541443, 0.21115624904632568, 0.20470844209194183, 0.22443290054798126, 0.21658223867416382, 0.22804008424282074, 0.22861434519290924, 0.22844074666500092, 0.23006843030452728, 0.23754987120628357, 0.23300866782665253, 0.24595336616039276, 0.24455341696739197, 0.25632861256599426, 0.25835999846458435, 0.24355930089950562, 0.2660866677761078, 0.2549701929092407, 0.26909419894218445, 0.270141065120697, 0.2690134346485138, 0.2676127552986145, 0.27293336391448975, 0.27228543162345886, 0.2856023609638214, 0.28079575300216675, 0.2873205244541168, 0.29239001870155334, 0.2880532741546631, 0.2955045700073242, 0.29609736800193787, 0.29497185349464417, 0.3017673194408417, 0.30590251088142395, 0.30472105741500854, 0.3167470693588257, 0.3087499141693115, 0.3136785626411438, 0.31335219740867615, 0.32716068625450134, 0.3201228082180023, 0.3206234872341156, 0.3240722715854645, 0.3425827920436859, 0.33190295100212097, 0.33236488699913025, 0.328227162361145, 0.33205273747444153, 0.34115543961524963, 0.3354349434375763, 0.33692076802253723, 0.3428637683391571, 0.3399800956249237, 0.3361527621746063, 0.33388248085975647, 0.34246453642845154, 0.3437371551990509, 0.34479498863220215, 0.34212344884872437, 0.346476286649704, 0.3464031219482422, 0.3429483473300934, 0.34630438685417175, 0.3463957905769348, 0.34957125782966614, 0.35273170471191406, 0.35362541675567627, 0.35129570960998535, 0.35323888063430786, 0.3544556498527527, 0.35464829206466675, 0.35553455352783203, 0.3542686700820923, 0.35385653376579285, 0.36162593960762024, 0.35353541374206543, 0.35885608196258545, 0.35954225063323975, 0.3588351309299469, 0.3576495051383972, 0.3604291081428528, 0.36087119579315186, 0.36449211835861206, 0.36492690443992615, 0.36413246393203735, 0.36030733585357666, 0.35727545619010925, 0.367606520652771, 0.36530303955078125, 0.3630349338054657, 0.3650207221508026, 0.35527503490448, 0.3651769161224365, 0.36301398277282715, 0.36622482538223267, 0.3589631915092468, 0.3646819293498993, 0.3634994626045227, 0.3610035181045532, 0.36197033524513245, 0.3702203631401062, 0.36713531613349915, 0.3678444027900696, 0.3660863935947418, 0.3688354790210724, 0.36644867062568665, 0.3663172423839569, 0.3625522255897522, 0.36677345633506775, 0.365709125995636, 0.36791858077049255, 0.3611079454421997, 0.3654211163520813, 0.3622935116291046, 0.365856409072876, 0.36304885149002075, 0.3722946047782898, 0.39390847086906433, 0.3672758936882019, 0.3684771656990051, 0.36670562624931335, 0.3621648848056793, 0.3636592924594879, 0.36016222834587097, 0.3672150671482086, 0.360950231552124, 0.369356244802475, 0.36806410551071167, 0.36455145478248596, 0.3590966761112213, 0.3709050416946411, 0.36974284052848816, 0.364828497171402, 0.36765575408935547, 0.36459586024284363, 0.3621812164783478, 0.36469849944114685, 0.3650396764278412, 0.3693088889122009, 0.3683788776397705, 0.36565226316452026, 0.3697599768638611, 0.36582669615745544, 0.36598682403564453, 0.37113049626350403, 0.366666704416275, 0.36909329891204834, 0.3635883033275604, 0.36344239115715027, 0.3626350164413452, 0.3672243058681488]",25.0,"[33.0, 33.0, 33.0, 33.0, 33.0, 33.0, 33.0, 33.0, 33.0, 30.0, 30.0, 30.0, 28.0, 27.0, 27.0, 27.0, 27.0, 26.0, 25.0, 25.0, 25.0, 25.0, 25.0, 25.0, 25.0, 25.0, 25.0, 25.0, 25.0, 25.0, 25.0, 25.0, 25.0, 25.0, 25.0, 25.0, 25.0, 25.0, 25.0, 25.0, 25.0, 25.0, 25.0, 25.0, 25.0, 25.0, 25.0, 25.0, 25.0, 25.0, 25.0, 25.0, 25.0, 25.0, 25.0, 25.0, 25.0, 25.0, 25.0, 25.0, 25.0, 25.0, 25.0, 25.0, 25.0, 25.0, 25.0, 25.0, 25.0, 25.0, 25.0, 25.0, 25.0, 25.0, 25.0, 25.0, 25.0, 25.0, 25.0, 25.0, 25.0, 25.0, 25.0, 25.0, 25.0, 25.0, 25.0, 25.0, 25.0, 25.0, 25.0, 25.0, 25.0, 25.0, 25.0, 25.0, 25.0, 25.0, 25.0, 25.0, 25.0, 25.0, 25.0, 25.0, 25.0, 25.0, 25.0, 25.0, 25.0, 25.0, 25.0, 25.0, 25.0, 25.0, 25.0, 25.0, 25.0, 25.0, 25.0, 25.0, 25.0, 25.0, 25.0, 25.0, 25.0, 25.0, 25.0, 25.0, 25.0, 25.0, 25.0, 25.0, 25.0, 25.0, 25.0, 25.0, 25.0, 25.0, 25.0, 25.0, 25.0, 25.0, 25.0, 25.0, 25.0, 25.0, 25.0, 25.0, 25.0, 25.0, 25.0, 25.0, 25.0, 25.0, 25.0, 25.0, 25.0, 25.0, 25.0, 25.0, 25.0, 25.0, 25.0, 25.0, 25.0, 25.0, 25.0, 25.0, 25.0, 25.0, 25.0, 25.0, 25.0, 25.0, 25.0, 25.0, 25.0, 25.0, 25.0, 25.0, 25.0, 25.0, 25.0, 25.0, 25.0, 25.0, 25.0, 25.0, 25.0, 25.0, 25.0, 25.0, 25.0, 25.0, 25.0, 25.0, 25.0, 25.0, 25.0, 25.0, 25.0, 25.0, 25.0, 25.0, 25.0, 25.0, 25.0, 25.0, 25.0, 25.0]",COMPLETE
