,number,value,datetime_start,datetime_complete,duration,params_batch_size_scaler,params_constant_learning_rate,params_depth,params_epochs,params_kernel_l2,params_num_trees,params_temperature,user_attrs_accuracy_test,user_attrs_accuracy_valid,user_attrs_approximate_feature_sparsity,user_attrs_approximate_feature_sparsity_history,user_attrs_approximate_weight_sparsity,user_attrs_approximate_weight_sparsity_history,user_attrs_auc_test,user_attrs_auc_valid,user_attrs_feature_sparsity,user_attrs_feature_sparsity_history,user_attrs_num_epochs,user_attrs_val_loss_history,user_attrs_weight_sparsity,user_attrs_weight_sparsity_history,state
89,89,0.922981798508328,2024-08-31 05:18:15.057508,2024-08-31 05:28:22.245124,0 days 00:10:07.187616,4,1.3439704484229462,6,230,0.05768832688227391,100,0.00023786546779880986,0.948,0.955,21,"[33, 33, 33, 33, 33, 33, 33, 33, 33, 33, 33, 33, 33, 33, 33, 33, 33, 33, 33, 33, 33, 32, 31, 30, 29, 28, 28, 25, 24, 24, 23, 23, 23, 23, 23, 22, 21, 21, 21, 21, 21, 21, 21, 21, 21, 21, 21, 21, 21, 21, 21, 21, 21, 21, 21, 21, 21, 21, 21, 21, 21, 21, 21, 21, 21, 21, 21, 21, 21, 21, 21, 21, 21, 21, 21, 21, 21, 21, 21, 21, 21, 21, 21, 21, 21, 21, 21, 21, 21, 21, 21, 21, 21, 21, 21, 21, 21, 21, 21, 21, 21, 21, 21, 21, 21, 21, 21, 21, 21, 21, 21, 21, 21, 21, 21, 21, 21, 21, 21, 21, 21, 21, 21, 21, 21, 21, 21, 21, 21, 21, 21, 21, 21, 21, 21, 21, 21, 21, 21, 21, 21, 21, 21, 21, 21, 21, 21, 21, 21, 21, 21, 21, 21, 21, 21, 21, 21, 21, 21, 21, 21, 21, 21, 21, 21, 21, 21, 21, 21, 21, 21, 21, 21, 21, 21, 21, 21, 21, 21, 21, 21, 21, 21, 21, 21, 21, 21, 21, 21, 21, 21, 21, 21, 21, 21, 21, 21, 21, 21, 21, 21, 21, 21, 21, 21, 21, 21, 21, 21, 21, 21, 21, 21, 21, 21, 21, 21, 21, 21, 21, 21, 21, 21, 21, 21, 21, 21, 21, 21, 21]",20.926507936507935,"[32.88984126984127, 32.8915873015873, 32.88968253968254, 32.89142857142857, 32.89857142857143, 32.89190476190476, 32.88825396825397, 32.899682539682544, 32.90031746031746, 32.8984126984127, 32.89174603174603, 32.89857142857143, 32.89349206349206, 32.892380952380954, 32.88968253968254, 32.89746031746032, 32.8931746031746, 32.89301587301587, 32.892857142857146, 32.89634920634921, 32.90190476190477, 31.90222222222222, 30.907777777777778, 29.91222222222222, 28.914126984126984, 27.91952380952381, 27.917301587301587, 24.92904761904762, 23.93174603174603, 23.931904761904764, 22.93111111111111, 22.934761904761906, 22.932539682539684, 22.93190476190476, 22.933015873015872, 21.932698412698414, 20.934920634920637, 20.93793650793651, 20.93793650793651, 20.939206349206348, 20.940158730158732, 20.942380952380955, 20.93984126984127, 20.944285714285712, 20.94079365079365, 20.943650793650793, 20.939206349206348, 20.938730158730156, 20.942698412698412, 20.93968253968254, 20.93031746031746, 20.940158730158732, 20.938888888888886, 20.940158730158732, 20.93873015873016, 20.934603174603176, 20.931746031746034, 20.935873015873018, 20.936666666666667, 20.936825396825398, 20.934761904761903, 20.93857142857143, 20.935714285714287, 20.936984126984125, 20.938412698412698, 20.936825396825395, 20.934761904761906, 20.933968253968253, 20.934920634920637, 20.93190476190476, 20.936349206349206, 20.930952380952377, 20.93285714285714, 20.934285714285714, 20.936666666666664, 20.936031746031745, 20.935079365079364, 20.933809523809526, 20.936190476190475, 20.936031746031748, 20.936984126984125, 20.934126984126987, 20.935873015873018, 20.935714285714287, 20.93984126984127, 20.936666666666667, 20.940634920634924, 20.93714285714286, 20.93888888888889, 20.936507936507933, 20.94015873015873, 20.93777777777778, 20.941269841269843, 20.939841269841267, 20.93936507936508, 20.940158730158732, 20.93920634920635, 20.942857142857143, 20.941111111111113, 20.937301587301587, 20.935555555555556, 20.934444444444445, 20.933174603174603, 20.933333333333334, 20.934920634920633, 20.935396825396825, 20.935396825396825, 20.93793650793651, 20.936666666666664, 20.937460317460317, 20.93650793650794, 20.934444444444445, 20.940158730158732, 20.933174603174603, 20.936507936507937, 20.938095238095237, 20.935714285714287, 20.93888888888889, 20.93730158730159, 20.936507936507937, 20.931746031746034, 20.934761904761906, 20.935873015873018, 20.935396825396825, 20.934285714285718, 20.933809523809522, 20.935555555555556, 20.932698412698414, 20.935396825396825, 20.933333333333334, 20.93730158730159, 20.93285714285714, 20.934603174603172, 20.938095238095237, 20.935238095238095, 20.93174603174603, 20.936190476190475, 20.933492063492064, 20.932222222222222, 20.93190476190476, 20.929047619047623, 20.924444444444447, 20.92777777777778, 20.92809523809524, 20.92936507936508, 20.93111111111111, 20.92904761904762, 20.93063492063492, 20.934920634920633, 20.931269841269838, 20.93190476190476, 20.93190476190476, 20.93079365079365, 20.935079365079364, 20.933968253968253, 20.937301587301587, 20.934603174603172, 20.935873015873018, 20.93634920634921, 20.934920634920633, 20.937301587301587, 20.935238095238095, 20.936031746031745, 20.93349206349206, 20.938095238095237, 20.934920634920633, 20.936825396825398, 20.93619047619048, 20.937460317460317, 20.935873015873014, 20.936507936507937, 20.94, 20.937142857142856, 20.93777777777778, 20.933968253968253, 20.934285714285714, 20.933492063492064, 20.936190476190475, 20.93428571428571, 20.932380952380953, 20.933333333333334, 20.934126984126983, 20.928095238095235, 20.93190476190476, 20.936666666666664, 20.9315873015873, 20.934920634920633, 20.934126984126983, 20.937619047619048, 20.932857142857138, 20.93126984126984, 20.938412698412694, 20.933650793650795, 20.934603174603176, 20.935079365079364, 20.934920634920637, 20.93698412698413, 20.935873015873018, 20.935873015873018, 20.9315873015873, 20.932539682539684, 20.93269841269841, 20.93174603174603, 20.934920634920633, 20.930476190476192, 20.932539682539684, 20.93206349206349, 20.935555555555556, 20.93063492063492, 20.93, 20.93222222222222, 20.92857142857143, 20.933650793650795, 20.931904761904764, 20.9284126984127, 20.92936507936508, 20.93015873015873, 20.92936507936508, 20.929523809523808, 20.926349206349208, 20.92650793650794, 20.93, 20.92666666666667, 20.924444444444443, 20.927142857142858, 20.92968253968254, 20.924285714285713, 20.926507936507935, 20.93, 20.926507936507935]",0.9231747289855431,0.922981798508328,21,"[33, 33, 33, 33, 33, 33, 33, 33, 33, 33, 33, 33, 33, 33, 33, 33, 33, 33, 33, 33, 33, 32, 31, 30, 29, 28, 28, 25, 24, 24, 23, 23, 23, 23, 23, 22, 21, 21, 21, 21, 21, 21, 21, 21, 21, 21, 21, 21, 21, 21, 21, 21, 21, 21, 21, 21, 21, 21, 21, 21, 21, 21, 21, 21, 21, 21, 21, 21, 21, 21, 21, 21, 21, 21, 21, 21, 21, 21, 21, 21, 21, 21, 21, 21, 21, 21, 21, 21, 21, 21, 21, 21, 21, 21, 21, 21, 21, 21, 21, 21, 21, 21, 21, 21, 21, 21, 21, 21, 21, 21, 21, 21, 21, 21, 21, 21, 21, 21, 21, 21, 21, 21, 21, 21, 21, 21, 21, 21, 21, 21, 21, 21, 21, 21, 21, 21, 21, 21, 21, 21, 21, 21, 21, 21, 21, 21, 21, 21, 21, 21, 21, 21, 21, 21, 21, 21, 21, 21, 21, 21, 21, 21, 21, 21, 21, 21, 21, 21, 21, 21, 21, 21, 21, 21, 21, 21, 21, 21, 21, 21, 21, 21, 21, 21, 21, 21, 21, 21, 21, 21, 21, 21, 21, 21, 21, 21, 21, 21, 21, 21, 21, 21, 21, 21, 21, 21, 21, 21, 21, 21, 21, 21, 21, 21, 21, 21, 21, 21, 21, 21, 21, 21, 21, 21, 21, 21, 21, 21, 21, 21]",230,"[0.3708266019821167, 0.36011803150177, 0.35089901089668274, 0.3409801721572876, 0.3345733880996704, 0.3240679204463959, 0.3169097304344177, 0.30317726731300354, 0.2974134683609009, 0.2788618206977844, 0.2685836851596832, 0.25996944308280945, 0.25182926654815674, 0.24189725518226624, 0.23956140875816345, 0.23308564722537994, 0.2281835377216339, 0.2232593297958374, 0.22200827300548553, 0.2157701700925827, 0.2180228978395462, 0.21203261613845825, 0.2146195024251938, 0.2163926064968109, 0.20397116243839264, 0.20723828673362732, 0.20246322453022003, 0.20479801297187805, 0.19966070353984833, 0.19793395698070526, 0.20303848385810852, 0.20856818556785583, 0.1928156465291977, 0.19838644564151764, 0.19180816411972046, 0.18647590279579163, 0.18192541599273682, 0.18335220217704773, 0.18677294254302979, 0.18035338819026947, 0.18206889927387238, 0.1804269403219223, 0.17835180461406708, 0.17753219604492188, 0.17363496124744415, 0.17542551457881927, 0.17742294073104858, 0.17482146620750427, 0.1694098860025406, 0.1684512495994568, 0.1695067435503006, 0.1674465388059616, 0.1678251475095749, 0.16648924350738525, 0.16894179582595825, 0.16145774722099304, 0.16668856143951416, 0.16737626492977142, 0.16496479511260986, 0.159656822681427, 0.16261041164398193, 0.1595880091190338, 0.1562972515821457, 0.15875005722045898, 0.1566457599401474, 0.15816806256771088, 0.15876072645187378, 0.15777158737182617, 0.16663600504398346, 0.1511189043521881, 0.1576872020959854, 0.15198194980621338, 0.15193748474121094, 0.1572328358888626, 0.1690557599067688, 0.1534278243780136, 0.15011391043663025, 0.1509784460067749, 0.15527231991291046, 0.14999547600746155, 0.15376333892345428, 0.1538981944322586, 0.1501426249742508, 0.14920109510421753, 0.14590857923030853, 0.14704445004463196, 0.15184976160526276, 0.14811813831329346, 0.14922894537448883, 0.14495685696601868, 0.14623701572418213, 0.1526116281747818, 0.14759105443954468, 0.15008454024791718, 0.14622732996940613, 0.1484551578760147, 0.14562870562076569, 0.14335498213768005, 0.1505272090435028, 0.14728713035583496, 0.14995133876800537, 0.14721903204917908, 0.15200869739055634, 0.15130798518657684, 0.14921607077121735, 0.15142568945884705, 0.1560067981481552, 0.14883220195770264, 0.15207135677337646, 0.14934775233268738, 0.14940617978572845, 0.156783327460289, 0.15117326378822327, 0.15484091639518738, 0.14991667866706848, 0.15669937431812286, 0.15500280261039734, 0.15208134055137634, 0.15124361217021942, 0.15550050139427185, 0.15380269289016724, 0.15842051804065704, 0.15732866525650024, 0.15591217577457428, 0.1543499380350113, 0.15967072546482086, 0.15426188707351685, 0.1563878208398819, 0.15459680557250977, 0.15564003586769104, 0.16021542251110077, 0.1566128432750702, 0.1640366017818451, 0.160175621509552, 0.16370120644569397, 0.16138191521167755, 0.15887422859668732, 0.1644119769334793, 0.1595572978258133, 0.1593279242515564, 0.16575086116790771, 0.16656093299388885, 0.1659681648015976, 0.16763509809970856, 0.17759396135807037, 0.16382211446762085, 0.16627392172813416, 0.16848605871200562, 0.16355860233306885, 0.1726638376712799, 0.16984400153160095, 0.17557021975517273, 0.17907306551933289, 0.16945630311965942, 0.1691526174545288, 0.1690143644809723, 0.16805796325206757, 0.17697934806346893, 0.17313137650489807, 0.17596660554409027, 0.17324236035346985, 0.17972664535045624, 0.17639969289302826, 0.17613255977630615, 0.17776842415332794, 0.17409628629684448, 0.17687581479549408, 0.18063588440418243, 0.1769580990076065, 0.1976393163204193, 0.17635738849639893, 0.1781192421913147, 0.17749589681625366, 0.17622588574886322, 0.182875856757164, 0.17867639660835266, 0.1801629215478897, 0.1823413223028183, 0.18394212424755096, 0.1872902512550354, 0.1870853453874588, 0.18402843177318573, 0.18377351760864258, 0.1850341409444809, 0.19030733406543732, 0.19345244765281677, 0.1864883005619049, 0.19762831926345825, 0.19319288432598114, 0.1959291696548462, 0.18925775587558746, 0.1926584094762802, 0.19376926124095917, 0.1900516152381897, 0.19875678420066833, 0.19300174713134766, 0.20135818421840668, 0.2023899257183075, 0.19240428507328033, 0.19284935295581818, 0.19943830370903015, 0.20105548202991486, 0.20143331587314606, 0.2054070234298706, 0.20070010423660278, 0.200930655002594, 0.21194475889205933, 0.21234190464019775, 0.2078101485967636, 0.20640096068382263, 0.20918548107147217, 0.20505495369434357, 0.2113339751958847, 0.2059555947780609, 0.21300430595874786, 0.20731736719608307, 0.20673906803131104, 0.2171904742717743, 0.208246648311615, 0.2139846682548523, 0.21406587958335876, 0.2116645872592926, 0.21214187145233154, 0.21279622614383698, 0.21178264915943146, 0.21622616052627563, 0.2136816829442978, 0.21838094294071198, 0.2160053700208664, 0.21936893463134766]",21.0,"[33.0, 33.0, 33.0, 33.0, 33.0, 33.0, 33.0, 33.0, 33.0, 33.0, 33.0, 33.0, 33.0, 33.0, 33.0, 33.0, 33.0, 33.0, 33.0, 33.0, 33.0, 32.0, 31.0, 30.0, 29.0, 28.0, 28.0, 25.0, 24.0, 24.0, 23.0, 23.0, 23.0, 23.0, 23.0, 22.0, 21.0, 21.0, 21.0, 21.0, 21.0, 21.0, 21.0, 21.0, 21.0, 21.0, 21.0, 21.0, 21.0, 21.0, 21.0, 21.0, 21.0, 21.0, 21.0, 21.0, 21.0, 21.0, 21.0, 21.0, 21.0, 21.0, 21.0, 21.0, 21.0, 21.0, 21.0, 21.0, 21.0, 21.0, 21.0, 21.0, 21.0, 21.0, 21.0, 21.0, 21.0, 21.0, 21.0, 21.0, 21.0, 21.0, 21.0, 21.0, 21.0, 21.0, 21.0, 21.0, 21.0, 21.0, 21.0, 21.0, 21.0, 21.0, 21.0, 21.0, 21.0, 21.0, 21.0, 21.0, 21.0, 21.0, 21.0, 21.0, 21.0, 21.0, 21.0, 21.0, 21.0, 21.0, 21.0, 21.0, 21.0, 21.0, 21.0, 21.0, 21.0, 21.0, 21.0, 21.0, 21.0, 21.0, 21.0, 21.0, 21.0, 21.0, 21.0, 21.0, 21.0, 21.0, 21.0, 21.0, 21.0, 21.0, 21.0, 21.0, 21.0, 21.0, 21.0, 21.0, 21.0, 21.0, 21.0, 21.0, 21.0, 21.0, 21.0, 21.0, 21.0, 21.0, 21.0, 21.0, 21.0, 21.0, 21.0, 21.0, 21.0, 21.0, 21.0, 21.0, 21.0, 21.0, 21.0, 21.0, 21.0, 21.0, 21.0, 21.0, 21.0, 21.0, 21.0, 21.0, 21.0, 21.0, 21.0, 21.0, 21.0, 21.0, 21.0, 21.0, 21.0, 21.0, 21.0, 21.0, 21.0, 21.0, 21.0, 21.0, 21.0, 21.0, 21.0, 21.0, 21.0, 21.0, 21.0, 21.0, 21.0, 21.0, 21.0, 21.0, 21.0, 21.0, 21.0, 21.0, 21.0, 21.0, 21.0, 21.0, 21.0, 21.0, 21.0, 21.0, 21.0, 21.0, 21.0, 21.0, 21.0, 21.0, 21.0, 21.0, 21.0, 21.0, 21.0, 21.0, 21.0, 21.0, 21.0, 21.0, 21.0, 21.0]",COMPLETE
