,number,value,datetime_start,datetime_complete,duration,params_batch_size_scaler,params_constant_learning_rate,params_depth,params_epochs,params_kernel_l2,params_num_trees,params_temperature,user_attrs_accuracy_test,user_attrs_accuracy_valid,user_attrs_approximate_feature_sparsity,user_attrs_approximate_feature_sparsity_history,user_attrs_approximate_weight_sparsity,user_attrs_approximate_weight_sparsity_history,user_attrs_auc_test,user_attrs_auc_valid,user_attrs_feature_sparsity,user_attrs_feature_sparsity_history,user_attrs_num_epochs,user_attrs_val_loss_history,user_attrs_weight_sparsity,user_attrs_weight_sparsity_history,state
99,99,0.5838389303242262,2024-08-31 06:01:13.140590,2024-08-31 06:02:25.304587,0 days 00:01:12.163997,4,6.397137641887833,1,295,0.001612032235181308,11,0.0001526435983393542,0.859,0.85875,5,"[33, 30, 30, 30, 30, 30, 30, 30, 29, 29, 29, 29, 27, 27, 27, 27, 26, 24, 21, 21, 20, 20, 19, 19, 19, 19, 19, 19, 19, 17, 17, 16, 15, 15, 14, 14, 14, 14, 14, 15, 14, 14, 14, 14, 14, 14, 14, 14, 14, 14, 14, 14, 13, 13, 13, 13, 13, 13, 13, 13, 13, 13, 13, 13, 13, 13, 13, 13, 13, 13, 13, 13, 13, 13, 13, 13, 13, 13, 13, 13, 13, 13, 13, 13, 13, 13, 13, 13, 13, 13, 13, 13, 13, 13, 13, 13, 13, 13, 13, 13, 13, 13, 13, 13, 13, 12, 12, 12, 12, 12, 12, 12, 12, 12, 12, 12, 12, 12, 12, 12, 11, 11, 11, 11, 11, 11, 11, 10, 10, 10, 10, 10, 10, 10, 10, 10, 10, 10, 10, 10, 10, 10, 10, 10, 10, 10, 10, 9, 9, 9, 9, 9, 9, 9, 9, 10, 10, 10, 10, 10, 10, 10, 9, 9, 9, 9, 9, 10, 9, 9, 9, 9, 9, 10, 9, 9, 9, 9, 9, 8, 8, 8, 8, 8, 8, 8, 8, 8, 8, 8, 8, 8, 10, 8, 8, 8, 8, 8, 8, 8, 8, 8, 8, 8, 8, 8, 8, 8, 8, 8, 8, 8, 8, 8, 8, 8, 8, 8, 8, 8, 8, 10, 8, 8, 8, 8, 8, 8, 8, 8, 8, 8, 8, 8, 8, 8, 8, 8, 8, 8, 8, 8, 8, 8, 8, 8, 8, 8, 9, 9, 9, 8, 8, 8, 8, 8, 8, 8, 9, 8, 8, 8, 8, 6, 8, 8, 8, 8, 8, 8, 8, 7, 6, 6, 6, 6, 5, 6, 5, 5, 5, 5, 5, 6, 6, 6, 6, 5, 5, 5, 5, 5, 5, 5, 5]",5.0,"[33.0, 30.0, 30.0, 30.0, 30.0, 30.0, 30.0, 29.90909090909091, 29.0, 29.0, 29.0, 29.0, 27.0, 27.0, 27.0, 27.0, 26.0, 24.0, 21.0, 21.0, 20.0, 20.0, 19.0, 19.0, 19.0, 19.0, 19.0, 19.0, 19.0, 17.0, 17.0, 16.0, 15.0, 15.0, 14.0, 14.0, 14.0, 14.0, 14.0, 15.0, 14.0, 14.0, 14.0, 13.90909090909091, 14.0, 14.0, 14.0, 14.0, 14.0, 14.0, 14.0, 14.0, 13.0, 13.0, 13.0, 13.0, 13.0, 13.0, 13.0, 13.0, 13.0, 13.0, 13.0, 13.0, 13.0, 13.0, 13.0, 13.0, 13.0, 13.0, 13.0, 13.0, 13.0, 13.0, 13.0, 13.0, 13.0, 13.0, 13.0, 13.0, 13.0, 13.0, 13.0, 13.0, 13.0, 13.0, 13.0, 13.0, 13.0, 13.0, 13.0, 13.0, 13.0, 13.0, 13.0, 13.0, 13.0, 13.0, 13.0, 13.0, 13.0, 13.0, 13.0, 13.0, 13.0, 12.0, 12.0, 12.0, 12.0, 12.0, 12.0, 12.0, 12.0, 12.0, 12.0, 12.0, 12.0, 12.0, 12.0, 12.0, 11.0, 11.0, 11.0, 11.0, 11.0, 11.0, 11.0, 10.0, 10.0, 10.0, 10.0, 10.0, 10.0, 10.0, 10.0, 10.0, 10.0, 10.0, 10.0, 10.0, 10.0, 10.0, 10.0, 10.0, 10.0, 10.0, 10.0, 9.0, 9.0, 9.0, 9.0, 9.0, 9.0, 9.0, 9.0, 10.0, 10.0, 10.0, 10.0, 10.0, 10.0, 10.0, 9.0, 9.0, 9.0, 9.0, 9.0, 10.0, 9.0, 9.0, 9.0, 9.0, 9.0, 10.0, 9.0, 9.0, 9.0, 9.0, 9.0, 8.0, 8.0, 8.0, 8.0, 8.0, 8.0, 8.0, 8.0, 8.0, 8.0, 8.0, 8.0, 8.0, 10.0, 8.0, 8.0, 8.0, 8.0, 8.0, 8.0, 8.0, 8.0, 8.0, 8.0, 8.0, 8.0, 8.0, 8.0, 8.0, 8.0, 8.0, 8.0, 8.0, 8.0, 8.0, 8.0, 8.0, 8.0, 8.0, 8.0, 8.0, 8.0, 10.0, 8.0, 8.0, 8.0, 8.0, 8.0, 8.0, 8.0, 8.0, 8.0, 8.0, 8.0, 8.0, 8.0, 8.0, 8.0, 8.0, 8.0, 8.0, 8.0, 8.0, 8.0, 8.0, 8.0, 8.0, 8.0, 8.0, 9.0, 9.0, 9.0, 8.0, 8.0, 8.0, 8.0, 8.0, 8.0, 8.0, 9.0, 8.0, 8.0, 8.0, 8.0, 6.0, 7.818181818181818, 7.818181818181818, 7.818181818181818, 7.818181818181818, 7.818181818181818, 7.818181818181818, 7.818181818181818, 6.909090909090909, 6.0, 6.0, 6.0, 6.0, 5.0, 5.909090909090909, 5.0, 5.0, 5.0, 5.0, 5.0, 5.909090909090909, 5.909090909090909, 5.909090909090909, 5.909090909090909, 5.0, 5.0, 5.0, 5.0, 5.0, 5.0, 5.0, 5.0]",0.5828111196426654,0.5838389303242262,5,"[33, 30, 30, 30, 30, 30, 30, 30, 29, 29, 29, 29, 27, 27, 27, 27, 26, 24, 21, 21, 20, 20, 19, 19, 19, 19, 19, 19, 19, 17, 17, 16, 15, 15, 14, 14, 14, 14, 14, 15, 14, 14, 14, 14, 14, 14, 14, 14, 14, 14, 14, 14, 13, 13, 13, 13, 13, 13, 13, 13, 13, 13, 13, 13, 13, 13, 13, 13, 13, 13, 13, 13, 13, 13, 13, 13, 13, 13, 13, 13, 13, 13, 13, 13, 13, 13, 13, 13, 13, 13, 13, 13, 13, 13, 13, 13, 13, 13, 13, 13, 13, 13, 13, 13, 13, 12, 12, 12, 12, 12, 12, 12, 12, 12, 12, 12, 12, 12, 12, 12, 11, 11, 11, 11, 11, 11, 11, 10, 10, 10, 10, 10, 10, 10, 10, 10, 10, 10, 10, 10, 10, 10, 10, 10, 10, 10, 10, 9, 9, 9, 9, 9, 9, 9, 9, 10, 10, 10, 10, 10, 10, 10, 9, 9, 9, 9, 9, 10, 9, 9, 9, 9, 9, 10, 9, 9, 9, 9, 9, 8, 8, 8, 8, 8, 8, 8, 8, 8, 8, 8, 8, 8, 10, 8, 8, 8, 8, 8, 8, 8, 8, 8, 8, 8, 8, 8, 8, 8, 8, 8, 8, 8, 8, 8, 8, 8, 8, 8, 8, 8, 8, 10, 8, 8, 8, 8, 8, 8, 8, 8, 8, 8, 8, 8, 8, 8, 8, 8, 8, 8, 8, 8, 8, 8, 8, 8, 8, 8, 9, 9, 9, 8, 8, 8, 8, 8, 8, 8, 9, 8, 8, 8, 8, 6, 8, 8, 8, 8, 8, 8, 8, 7, 6, 6, 6, 6, 5, 6, 5, 5, 5, 5, 5, 6, 6, 6, 6, 5, 5, 5, 5, 5, 5, 5, 5]",295,"[2.8699944019317627, 2.7006256580352783, 0.7941744327545166, 1.209144115447998, 2.782285213470459, 0.7005835771560669, 1.3773120641708374, 0.8877001404762268, 1.291548490524292, 0.7343418598175049, 0.7573527693748474, 0.7019947171211243, 0.5590524077415466, 0.9792590141296387, 0.702048122882843, 0.5841503143310547, 0.5824624300003052, 4.767119884490967, 0.4340987503528595, 1.8762938976287842, 0.6528404951095581, 0.7169840931892395, 0.9130244255065918, 0.9807780385017395, 0.6440574526786804, 0.6508077383041382, 2.8704209327697754, 0.7727475762367249, 1.0992519855499268, 0.5411150455474854, 0.6965888142585754, 0.6681622266769409, 0.5771281719207764, 0.5206632018089294, 1.1459466218948364, 0.6172183752059937, 0.5661030411720276, 0.9572380185127258, 0.4194316864013672, 0.5588656067848206, 0.8293842077255249, 0.5241284370422363, 0.7657601833343506, 0.5599830150604248, 0.6791820526123047, 0.4651170074939728, 1.1386269330978394, 0.8269396424293518, 0.3515893518924713, 0.46364277601242065, 1.7745417356491089, 0.5588301420211792, 2.7786667346954346, 1.5066105127334595, 0.49099013209342957, 0.5837445259094238, 1.2167484760284424, 2.4267499446868896, 2.429046392440796, 0.4847434163093567, 0.4141366183757782, 0.7387916445732117, 0.842113196849823, 0.6173101663589478, 1.8957345485687256, 0.7125055193901062, 1.3296705484390259, 0.4609774351119995, 0.46310707926750183, 2.967372179031372, 1.6762166023254395, 5.019509315490723, 0.6448726058006287, 2.1413354873657227, 0.8697437047958374, 1.0364947319030762, 0.9441115856170654, 0.4489046335220337, 0.603961169719696, 2.8622963428497314, 0.9989485144615173, 0.6973870992660522, 1.9917304515838623, 0.5075823068618774, 3.426436185836792, 1.0169397592544556, 0.6223192811012268, 0.6122065186500549, 0.9769363403320312, 0.9688155651092529, 0.8157694339752197, 0.550717294216156, 5.332944393157959, 5.959322452545166, 2.137211561203003, 0.44995006918907166, 0.5238090753555298, 0.5150402784347534, 0.7029721140861511, 0.7959032654762268, 0.6415926218032837, 0.4963379204273224, 1.4267429113388062, 0.5700180530548096, 3.5617926120758057, 0.720045804977417, 0.8605103492736816, 0.6426295638084412, 0.5217428803443909, 0.46874839067459106, 4.240554332733154, 0.7088121771812439, 4.734715938568115, 1.1750767230987549, 0.47711431980133057, 6.5535359382629395, 1.2798619270324707, 0.7288914322853088, 0.47418013215065, 0.9773823022842407, 0.8437203168869019, 0.6589040160179138, 0.3829154670238495, 0.3539001941680908, 0.3883070647716522, 0.6421678066253662, 0.42429089546203613, 0.5106882452964783, 4.661624431610107, 0.7066649794578552, 2.7342050075531006, 0.5638943314552307, 0.4011308252811432, 0.7195421457290649, 0.994555652141571, 1.9093735218048096, 1.059465765953064, 1.6377454996109009, 0.6347020268440247, 0.4460545778274536, 0.9644712209701538, 0.3548316955566406, 0.45943713188171387, 0.8875434398651123, 2.271193742752075, 1.1921504735946655, 0.4114084243774414, 0.43488621711730957, 1.9483518600463867, 1.6030285358428955, 5.583748817443848, 1.9704197645187378, 0.8226735591888428, 0.9161608815193176, 0.6424917578697205, 2.131540298461914, 2.9834465980529785, 2.498044967651367, 0.7149535417556763, 1.4224457740783691, 3.804941415786743, 1.8068718910217285, 1.100996971130371, 3.389268398284912, 0.42673900723457336, 0.9484353065490723, 0.48674216866493225, 0.4740152060985565, 0.7104442715644836, 0.5493384003639221, 0.4967952370643616, 4.169511318206787, 0.4558291733264923, 0.6090739369392395, 4.377528190612793, 0.8964552283287048, 0.4076586663722992, 0.6503846645355225, 0.4731576442718506, 0.5252094268798828, 0.5549994111061096, 0.9242213368415833, 1.283799171447754, 3.8734359741210938, 0.7330698370933533, 0.699911892414093, 1.8081233501434326, 3.0405938625335693, 0.7579944729804993, 2.2458770275115967, 1.6784268617630005, 1.693508505821228, 7.201885223388672, 0.9747650027275085, 3.169668197631836, 0.4924449920654297, 6.247567176818848, 0.7940859794616699, 3.1739041805267334, 3.452570915222168, 1.9444659948349, 0.9734628200531006, 1.0017809867858887, 0.7742812633514404, 0.5730334520339966, 0.7136126160621643, 0.593661904335022, 0.7393845915794373, 0.6650100946426392, 5.3225507736206055, 0.7558284997940063, 0.8264514803886414, 0.7136530876159668, 0.6620520949363708, 0.8483047485351562, 0.6598900556564331, 1.0394327640533447, 0.6382975578308105, 2.4562768936157227, 0.6116284132003784, 1.9722439050674438, 1.5942660570144653, 1.1118664741516113, 0.725877046585083, 0.5198644399642944, 0.6043007373809814, 0.8450887203216553, 1.6578701734542847, 2.9083304405212402, 0.5546820759773254, 1.006975531578064, 1.5280413627624512, 6.663887977600098, 0.5666894316673279, 2.5406076908111572, 1.492704153060913, 1.0541090965270996, 2.0823464393615723, 0.8630938529968262, 1.2112407684326172, 3.2953457832336426, 1.5286037921905518, 0.6886845231056213, 2.1478428840637207, 1.9408563375473022, 2.7568678855895996, 6.974930286407471, 0.7077534198760986, 1.2372615337371826, 0.6419798135757446, 1.7293827533721924, 0.7389321327209473, 0.8997840881347656, 0.6950109004974365, 1.6960251331329346, 2.51554799079895, 1.855648398399353, 0.8536979556083679, 2.7024941444396973, 0.6928479075431824, 0.9865034222602844, 0.5376612544059753, 1.0568121671676636, 0.9730876684188843, 8.107763290405273, 1.011934757232666, 5.589326858520508, 3.578078269958496, 4.972803115844727, 2.293057441711426, 3.3403899669647217, 8.243217468261719, 5.189071178436279, 0.7642095685005188, 2.7324295043945312, 2.2317264080047607, 4.901804447174072, 11.789051055908203, 4.379753589630127, 1.5064655542373657, 1.0243278741836548, 1.1248960494995117, 0.8220618963241577, 5.374081611633301, 0.8917125463485718, 1.581764817237854, 3.9675731658935547, 1.6363247632980347, 1.1918227672576904, 1.9905903339385986, 0.5763026475906372, 1.1816381216049194, 1.049275279045105, 0.9341976642608643, 9.522461891174316]",5.0,"[33.0, 30.0, 30.0, 30.0, 30.0, 30.0, 30.0, 30.0, 29.0, 29.0, 29.0, 29.0, 27.0, 27.0, 27.0, 27.0, 26.0, 24.0, 21.0, 21.0, 20.0, 20.0, 19.0, 19.0, 19.0, 19.0, 19.0, 19.0, 19.0, 17.0, 17.0, 16.0, 15.0, 15.0, 14.0, 14.0, 14.0, 14.0, 14.0, 15.0, 14.0, 14.0, 14.0, 14.0, 14.0, 14.0, 14.0, 14.0, 14.0, 14.0, 14.0, 14.0, 13.0, 13.0, 13.0, 13.0, 13.0, 13.0, 13.0, 13.0, 13.0, 13.0, 13.0, 13.0, 13.0, 13.0, 13.0, 13.0, 13.0, 13.0, 13.0, 13.0, 13.0, 13.0, 13.0, 13.0, 13.0, 13.0, 13.0, 13.0, 13.0, 13.0, 13.0, 13.0, 13.0, 13.0, 13.0, 13.0, 13.0, 13.0, 13.0, 13.0, 13.0, 13.0, 13.0, 13.0, 13.0, 13.0, 13.0, 13.0, 13.0, 13.0, 13.0, 13.0, 13.0, 12.0, 12.0, 12.0, 12.0, 12.0, 12.0, 12.0, 12.0, 12.0, 12.0, 12.0, 12.0, 12.0, 12.0, 12.0, 11.0, 11.0, 11.0, 11.0, 11.0, 11.0, 11.0, 10.0, 10.0, 10.0, 10.0, 10.0, 10.0, 10.0, 10.0, 10.0, 10.0, 10.0, 10.0, 10.0, 10.0, 10.0, 10.0, 10.0, 10.0, 10.0, 10.0, 9.0, 9.0, 9.0, 9.0, 9.0, 9.0, 9.0, 9.0, 10.0, 10.0, 10.0, 10.0, 10.0, 10.0, 10.0, 9.0, 9.0, 9.0, 9.0, 9.0, 10.0, 9.0, 9.0, 9.0, 9.0, 9.0, 10.0, 9.0, 9.0, 9.0, 9.0, 9.0, 8.0, 8.0, 8.0, 8.0, 8.0, 8.0, 8.0, 8.0, 8.0, 8.0, 8.0, 8.0, 8.0, 10.0, 8.0, 8.0, 8.0, 8.0, 8.0, 8.0, 8.0, 8.0, 8.0, 8.0, 8.0, 8.0, 8.0, 8.0, 8.0, 8.0, 8.0, 8.0, 8.0, 8.0, 8.0, 8.0, 8.0, 8.0, 8.0, 8.0, 8.0, 8.0, 10.0, 8.0, 8.0, 8.0, 8.0, 8.0, 8.0, 8.0, 8.0, 8.0, 8.0, 8.0, 8.0, 8.0, 8.0, 8.0, 8.0, 8.0, 8.0, 8.0, 8.0, 8.0, 8.0, 8.0, 8.0, 8.0, 8.0, 9.0, 9.0, 9.0, 8.0, 8.0, 8.0, 8.0, 8.0, 8.0, 8.0, 9.0, 8.0, 8.0, 8.0, 8.0, 6.0, 8.0, 8.0, 8.0, 8.0, 8.0, 8.0, 8.0, 7.0, 6.0, 6.0, 6.0, 6.0, 5.0, 5.909090909090909, 5.0, 5.0, 5.0, 5.0, 5.0, 5.909090909090909, 5.909090909090909, 5.909090909090909, 5.909090909090909, 5.0, 5.0, 5.0, 5.0, 5.0, 5.0, 5.0, 5.0]",COMPLETE
100,100,0.6934858497249811,2024-08-31 06:02:25.316382,2024-08-31 06:03:12.178501,0 days 00:00:46.862119,64,0.019743071382529655,5,65,0.14261849056520937,92,0.05262361175883009,0.859,0.85875,33,"[33, 33, 33, 33, 33, 33, 33, 33, 33, 33, 33, 33, 33, 33, 33, 33, 33, 33, 33, 33, 33, 33, 33, 33, 33, 33, 33, 33, 33, 33, 33, 33, 33, 33, 33, 33, 33, 33, 33, 33, 33, 33, 33, 33, 33, 33, 33, 33, 33, 33, 33, 33, 33, 33, 33, 33, 33, 33, 33, 33, 33, 33, 33, 33, 33]",32.93373071528752,"[32.92741935483871, 32.9281206171108, 32.9281206171108, 32.93057503506311, 32.93092566619916, 32.93302945301543, 32.932328190743334, 32.9319775596073, 32.93022440392707, 32.93197755960729, 32.93373071528752, 32.935483870967744, 32.9351332398317, 32.93408134642356, 32.93478260869565, 32.93478260869565, 32.93583450210378, 32.93793828892005, 32.93793828892005, 32.9382889200561, 32.936535764375876, 32.93373071528752, 32.93373071528752, 32.93338008415147, 32.93267882187938, 32.932328190743334, 32.93583450210379, 32.93723702664796, 32.934431977559605, 32.9351332398317, 32.93408134642356, 32.935483870967744, 32.9351332398317, 32.93618513323983, 32.934782608695656, 32.93443197755961, 32.932328190743334, 32.92987377279103, 32.928471248246844, 32.927769985974756, 32.92987377279103, 32.931626928471246, 32.9312762973352, 32.92917251051893, 32.92882187938289, 32.930575035063114, 32.92917251051893, 32.92987377279102, 32.92917251051893, 32.92882187938289, 32.92706872370267, 32.928471248246844, 32.92601683029453, 32.92601683029453, 32.927419354838705, 32.92741935483871, 32.92636746143057, 32.927769985974756, 32.929523141654975, 32.929523141654975, 32.93197755960729, 32.93443197755961, 32.93232819074334, 32.93232819074334, 32.93373071528752]",0.7390665378677168,0.6934858497249811,33,"[33, 33, 33, 33, 33, 33, 33, 33, 33, 33, 33, 33, 33, 33, 33, 33, 33, 33, 33, 33, 33, 33, 33, 33, 33, 33, 33, 33, 33, 33, 33, 33, 33, 33, 33, 33, 33, 33, 33, 33, 33, 33, 33, 33, 33, 33, 33, 33, 33, 33, 33, 33, 33, 33, 33, 33, 33, 33, 33, 33, 33, 33, 33, 33, 33]",65,"[0.6204941868782043, 0.5800795555114746, 0.5482363700866699, 0.5231607556343079, 0.5040504932403564, 0.48800069093704224, 0.47626984119415283, 0.465828537940979, 0.45802220702171326, 0.45112544298171997, 0.44543978571891785, 0.4396032691001892, 0.4348646402359009, 0.4308960437774658, 0.42830008268356323, 0.42513903975486755, 0.42276427149772644, 0.420781672000885, 0.41935718059539795, 0.417793869972229, 0.41666266322135925, 0.41548046469688416, 0.4144299626350403, 0.41360318660736084, 0.4128541946411133, 0.41198909282684326, 0.4113280773162842, 0.4106731414794922, 0.4102329909801483, 0.40983325242996216, 0.40939876437187195, 0.40910184383392334, 0.4087412357330322, 0.4084169268608093, 0.40812599658966064, 0.4078439474105835, 0.40748023986816406, 0.4071390628814697, 0.4068697988986969, 0.4066769778728485, 0.4064115881919861, 0.40618157386779785, 0.40589722990989685, 0.4056471884250641, 0.40550631284713745, 0.40525582432746887, 0.40511366724967957, 0.4049449861049652, 0.40473997592926025, 0.40455153584480286, 0.404343843460083, 0.40416184067726135, 0.40399274230003357, 0.40384548902511597, 0.40370360016822815, 0.40352877974510193, 0.4033925235271454, 0.4032207429409027, 0.4030629098415375, 0.4029025137424469, 0.40273916721343994, 0.40259936451911926, 0.40247198939323425, 0.4023170471191406, 0.4021461009979248]",33.0,"[33.0, 33.0, 33.0, 33.0, 33.0, 33.0, 33.0, 33.0, 33.0, 33.0, 33.0, 33.0, 33.0, 33.0, 33.0, 33.0, 33.0, 33.0, 33.0, 33.0, 33.0, 33.0, 33.0, 33.0, 33.0, 33.0, 33.0, 33.0, 33.0, 33.0, 33.0, 33.0, 33.0, 33.0, 33.0, 33.0, 33.0, 33.0, 33.0, 33.0, 33.0, 33.0, 33.0, 33.0, 33.0, 33.0, 33.0, 33.0, 33.0, 33.0, 33.0, 33.0, 33.0, 33.0, 33.0, 33.0, 33.0, 33.0, 33.0, 33.0, 33.0, 33.0, 33.0, 33.0, 33.0]",COMPLETE
101,101,0.5,2024-08-31 06:03:14.917678,2024-08-31 06:04:22.402189,0 days 00:01:07.484511,1,6.110454597155789,3,90,0.00697052325146505,45,0.02559022320859324,0.859,0.85875,0,"[0, 0, 0, 0, 0, 0, 0, 0, 0, 0, 0, 0, 0, 0, 0, 0, 0, 0, 0, 0, 0, 0, 0, 0, 0, 0, 0, 0, 0, 0, 0, 0, 0, 0, 0, 0, 0, 0, 0, 0, 0, 0, 0, 0, 0, 0, 0, 0, 0, 0, 0, 0, 0, 0, 0, 0, 0, 0, 0, 0, 0, 0, 0, 0, 0, 0, 0, 0, 0, 0, 0, 0, 0, 0, 0, 0, 0, 0, 0, 0, 0, 0, 0, 0, 0, 0, 0, 0, 0, 0]",0.0,"[0.0, 0.0, 0.0, 0.0, 0.0, 0.0, 0.0, 0.0, 0.0, 0.0, 0.0, 0.0, 0.0, 0.0, 0.0, 0.0, 0.0, 0.0, 0.0, 0.0, 0.0, 0.0, 0.0, 0.0, 0.0, 0.0, 0.0, 0.0, 0.0, 0.0, 0.0, 0.0, 0.0, 0.0, 0.0, 0.0, 0.0, 0.0, 0.0, 0.0, 0.0, 0.0, 0.0, 0.0, 0.0, 0.0, 0.0, 0.0, 0.0, 0.0, 0.0, 0.0, 0.0, 0.0, 0.0, 0.0, 0.0, 0.0, 0.0, 0.0, 0.0, 0.0, 0.0, 0.0, 0.0, 0.0, 0.0, 0.0, 0.0, 0.0, 0.0, 0.0, 0.0, 0.0, 0.0, 0.0, 0.0, 0.0, 0.0, 0.0, 0.0, 0.0, 0.0, 0.0, 0.0, 0.0, 0.0, 0.0, 0.0, 0.0]",0.5,0.5,0,"[0, 0, 0, 0, 0, 0, 0, 0, 0, 0, 0, 0, 0, 0, 0, 0, 0, 0, 0, 0, 0, 0, 0, 0, 0, 0, 0, 0, 0, 0, 0, 0, 0, 0, 0, 0, 0, 0, 0, 0, 0, 0, 0, 0, 0, 0, 0, 0, 0, 0, 0, 0, 0, 0, 0, 0, 0, 0, 0, 0, 0, 0, 0, 0, 0, 0, 0, 0, 0, 0, 0, 0, 0, 0, 0, 0, 0, 0, 0, 0, 0, 0, 0, 0, 0, 0, 0, 0, 0, 0]",90,"[1.445265293121338, 1.4471995830535889, 4.002338886260986, 4.498857021331787, 1.4313478469848633, 5.957240581512451, 1.6487447023391724, 1.1317635774612427, 4.678656101226807, 0.7988720536231995, 5.777788162231445, 1.4952603578567505, 7.667057514190674, 0.4484574794769287, 3.355146884918213, 9.62649154663086, 5.099462509155273, 0.5217753052711487, 5.036638259887695, 9.509143829345703, 0.7622621655464172, 0.4578899145126343, 6.901327610015869, 2.8022496700286865, 4.298931121826172, 0.5348954200744629, 0.8572019934654236, 0.8496614098548889, 5.032489776611328, 1.5330405235290527, 1.0700087547302246, 0.8931388854980469, 5.801572322845459, 4.0935211181640625, 1.6185282468795776, 1.8479446172714233, 2.868595838546753, 1.5164217948913574, 3.838529348373413, 4.433706283569336, 7.531375885009766, 2.566518783569336, 6.3056721687316895, 0.7747737765312195, 0.947863757610321, 3.1952953338623047, 7.636354923248291, 0.8065745830535889, 5.204888820648193, 0.43935543298721313, 5.527161121368408, 5.974302291870117, 2.6359195709228516, 4.995239734649658, 4.26716947555542, 1.3203164339065552, 4.07208776473999, 9.641314506530762, 2.505722761154175, 2.203503370285034, 0.6622374057769775, 0.426796555519104, 0.4113401770591736, 4.166347503662109, 2.1264054775238037, 6.7525811195373535, 2.059176445007324, 3.0482068061828613, 6.799178600311279, 5.024170398712158, 2.1367905139923096, 5.859796524047852, 3.3644402027130127, 0.4908449947834015, 2.2637014389038086, 5.9342241287231445, 3.021491050720215, 2.882270574569702, 5.931005954742432, 3.415053606033325, 3.9850571155548096, 3.1610562801361084, 3.4216432571411133, 2.6034655570983887, 2.5395686626434326, 0.4850940406322479, 6.930417060852051, 1.377375602722168, 0.5362845659255981, 0.408629834651947]",0.0,"[0.0, 0.0, 0.0, 0.0, 0.0, 0.0, 0.0, 0.0, 0.0, 0.0, 0.0, 0.0, 0.0, 0.0, 0.0, 0.0, 0.0, 0.0, 0.0, 0.0, 0.0, 0.0, 0.0, 0.0, 0.0, 0.0, 0.0, 0.0, 0.0, 0.0, 0.0, 0.0, 0.0, 0.0, 0.0, 0.0, 0.0, 0.0, 0.0, 0.0, 0.0, 0.0, 0.0, 0.0, 0.0, 0.0, 0.0, 0.0, 0.0, 0.0, 0.0, 0.0, 0.0, 0.0, 0.0, 0.0, 0.0, 0.0, 0.0, 0.0, 0.0, 0.0, 0.0, 0.0, 0.0, 0.0, 0.0, 0.0, 0.0, 0.0, 0.0, 0.0, 0.0, 0.0, 0.0, 0.0, 0.0, 0.0, 0.0, 0.0, 0.0, 0.0, 0.0, 0.0, 0.0, 0.0, 0.0, 0.0, 0.0, 0.0]",COMPLETE
