,number,value,datetime_start,datetime_complete,duration,params_batch_size_scaler,params_constant_learning_rate,params_depth,params_epochs,params_kernel_l2,params_num_trees,params_temperature,user_attrs_accuracy_test,user_attrs_accuracy_valid,user_attrs_approximate_feature_sparsity,user_attrs_approximate_feature_sparsity_history,user_attrs_approximate_weight_sparsity,user_attrs_approximate_weight_sparsity_history,user_attrs_auc_test,user_attrs_auc_valid,user_attrs_feature_sparsity,user_attrs_feature_sparsity_history,user_attrs_num_epochs,user_attrs_val_loss_history,user_attrs_weight_sparsity,user_attrs_weight_sparsity_history,state
75,75,0.9215133129806392,2024-08-31 04:05:41.195841,2024-08-31 04:07:07.518002,0 days 00:01:26.322161,4,0.03132579802693535,2,255,0.0021291684342632984,97,0.00016271046144000455,0.928,0.92875,33,"[33, 33, 33, 33, 33, 33, 33, 33, 33, 33, 33, 33, 33, 33, 33, 33, 33, 33, 33, 33, 33, 33, 33, 33, 33, 33, 33, 33, 33, 33, 33, 33, 33, 33, 33, 33, 33, 33, 33, 33, 33, 33, 33, 33, 33, 33, 33, 33, 33, 33, 33, 33, 33, 33, 33, 33, 33, 33, 33, 33, 33, 33, 33, 33, 33, 33, 33, 33, 33, 33, 33, 33, 33, 33, 33, 33, 33, 33, 33, 33, 33, 33, 33, 33, 33, 33, 33, 33, 33, 33, 33, 33, 33, 33, 33, 33, 33, 33, 33, 33, 33, 33, 33, 33, 33, 33, 33, 33, 33, 33, 33, 33, 33, 33, 33, 33, 33, 33, 33, 33, 33, 33, 33, 33, 33, 33, 33, 33, 33, 33, 33, 33, 33, 33, 33, 33, 33, 33, 33, 33, 33, 33, 33, 33, 33, 33, 33, 33, 33, 33, 33, 33, 33, 33, 33, 33, 33, 33, 33, 33, 33, 33, 33, 33, 33, 33, 33, 33, 33, 33, 33, 33, 33, 33, 33, 33, 33, 33, 33, 33, 33, 33, 33, 33, 33, 33, 33, 33, 33, 33, 33, 33, 33, 33, 33, 33, 33, 33, 33, 33, 33, 33, 33, 33, 33, 33, 33, 33, 33, 33, 33, 33, 33, 33, 33, 33, 33, 33, 33, 33, 33, 33, 33, 33, 33, 33, 33, 33, 33, 33, 33, 33, 33, 33, 33, 33, 33, 33, 33, 33, 33, 33, 33, 33, 33, 33, 33, 33, 33, 33, 33, 33, 33, 33, 33]",32.96219931271477,"[32.97594501718213, 32.97594501718213, 32.96907216494846, 32.97938144329897, 32.98969072164948, 32.986254295532646, 32.97938144329897, 32.98281786941581, 32.97938144329897, 32.97594501718213, 32.97250859106529, 32.97250859106529, 32.97250859106529, 32.97594501718213, 32.97938144329897, 32.96907216494846, 32.97938144329897, 32.97938144329897, 32.95876288659794, 32.96907216494846, 32.97250859106529, 32.96907216494846, 32.965635738831615, 32.97250859106529, 32.98281786941581, 32.97594501718213, 32.97250859106529, 32.97594501718213, 32.97594501718213, 32.97938144329897, 32.96907216494846, 32.9553264604811, 32.96907216494846, 32.96219931271477, 32.96219931271477, 32.97250859106529, 32.97250859106529, 32.97594501718213, 32.965635738831615, 32.965635738831615, 32.96907216494846, 32.98281786941581, 32.97250859106529, 32.97594501718213, 32.97594501718213, 32.96907216494846, 32.97594501718213, 32.97938144329897, 32.96907216494846, 32.97594501718213, 32.97250859106529, 32.96907216494846, 32.97938144329897, 32.97938144329897, 32.97594501718213, 32.98281786941581, 32.98281786941581, 32.98281786941581, 32.97250859106529, 32.96907216494846, 32.965635738831615, 32.965635738831615, 32.96907216494846, 32.965635738831615, 32.96907216494846, 32.97250859106529, 32.96219931271477, 32.96907216494846, 32.96907216494846, 32.97938144329897, 32.98281786941581, 32.97938144329897, 32.97594501718213, 32.97938144329897, 32.986254295532646, 32.97250859106529, 32.97594501718213, 32.97250859106529, 32.986254295532646, 32.97938144329897, 32.96907216494846, 32.97250859106529, 32.96219931271477, 32.97250859106529, 32.97938144329897, 32.986254295532646, 32.97938144329897, 32.97938144329897, 32.965635738831615, 32.97938144329897, 32.97938144329897, 32.98281786941581, 32.98969072164948, 32.97594501718213, 32.986254295532646, 32.98281786941581, 32.965635738831615, 32.97250859106529, 32.97594501718213, 32.97938144329897, 32.98969072164948, 32.986254295532646, 32.96907216494846, 32.97594501718213, 32.97594501718213, 32.98969072164948, 32.97938144329897, 32.97938144329897, 32.98969072164948, 32.97594501718213, 32.97938144329897, 32.97250859106529, 32.97250859106529, 32.97594501718213, 32.97938144329897, 32.98969072164948, 32.98281786941581, 32.97250859106529, 32.96219931271477, 32.97250859106529, 32.97938144329897, 32.96907216494846, 32.97938144329897, 32.97594501718213, 32.98969072164948, 32.98281786941581, 32.98281786941581, 32.97594501718213, 32.97938144329897, 32.97594501718213, 32.97250859106529, 32.97250859106529, 32.97938144329897, 32.97938144329897, 32.97250859106529, 32.95876288659794, 32.97250859106529, 32.97938144329897, 32.98281786941581, 32.97938144329897, 32.97938144329897, 32.96907216494846, 32.97594501718213, 32.97250859106529, 32.965635738831615, 32.965635738831615, 32.96907216494846, 32.97594501718213, 32.97250859106529, 32.98969072164948, 32.98281786941581, 32.98969072164948, 32.98969072164948, 32.96907216494846, 32.965635738831615, 32.965635738831615, 32.965635738831615, 32.96907216494846, 32.97938144329897, 32.97938144329897, 32.97938144329897, 32.97938144329897, 32.98281786941581, 32.97938144329897, 32.97250859106529, 32.97594501718213, 32.97594501718213, 32.96907216494846, 32.97594501718213, 32.99312714776632, 32.97938144329897, 32.96219931271477, 32.94158075601375, 32.9553264604811, 32.95876288659794, 32.97250859106529, 32.98281786941581, 32.97594501718213, 32.97594501718213, 32.96907216494846, 32.97250859106529, 32.98281786941581, 32.97938144329897, 32.98969072164948, 32.98281786941581, 32.98281786941581, 32.97938144329897, 32.97938144329897, 32.986254295532646, 32.97938144329897, 32.97594501718213, 32.98281786941581, 32.98969072164948, 32.98281786941581, 32.97250859106529, 32.98281786941581, 32.96907216494846, 32.97250859106529, 32.98969072164948, 32.98969072164948, 32.98969072164948, 32.98281786941581, 32.98281786941581, 32.986254295532646, 32.97938144329897, 32.986254295532646, 32.97938144329897, 32.97938144329897, 32.98281786941581, 32.97938144329897, 32.965635738831615, 32.965635738831615, 32.965635738831615, 32.96219931271477, 32.96219931271477, 32.98281786941581, 32.97938144329897, 32.97938144329897, 32.97594501718213, 32.97594501718213, 32.97938144329897, 32.98281786941581, 32.986254295532646, 32.98969072164948, 32.97594501718213, 32.96219931271477, 32.97938144329897, 32.97250859106529, 32.97938144329897, 32.986254295532646, 32.98969072164948, 32.98969072164948, 32.97938144329897, 32.97938144329897, 32.97594501718213, 32.97938144329897, 32.97250859106529, 32.965635738831615, 32.9553264604811, 32.97938144329897, 32.97250859106529, 32.965635738831615, 32.97250859106529, 32.96219931271477, 32.96219931271477, 32.96907216494846, 32.96907216494846, 32.97594501718213, 32.97250859106529, 32.97250859106529, 32.965635738831615, 32.97594501718213, 32.96907216494846, 32.97938144329897, 32.96219931271477]",0.9065877360282036,0.9215133129806392,33,"[33, 33, 33, 33, 33, 33, 33, 33, 33, 33, 33, 33, 33, 33, 33, 33, 33, 33, 33, 33, 33, 33, 33, 33, 33, 33, 33, 33, 33, 33, 33, 33, 33, 33, 33, 33, 33, 33, 33, 33, 33, 33, 33, 33, 33, 33, 33, 33, 33, 33, 33, 33, 33, 33, 33, 33, 33, 33, 33, 33, 33, 33, 33, 33, 33, 33, 33, 33, 33, 33, 33, 33, 33, 33, 33, 33, 33, 33, 33, 33, 33, 33, 33, 33, 33, 33, 33, 33, 33, 33, 33, 33, 33, 33, 33, 33, 33, 33, 33, 33, 33, 33, 33, 33, 33, 33, 33, 33, 33, 33, 33, 33, 33, 33, 33, 33, 33, 33, 33, 33, 33, 33, 33, 33, 33, 33, 33, 33, 33, 33, 33, 33, 33, 33, 33, 33, 33, 33, 33, 33, 33, 33, 33, 33, 33, 33, 33, 33, 33, 33, 33, 33, 33, 33, 33, 33, 33, 33, 33, 33, 33, 33, 33, 33, 33, 33, 33, 33, 33, 33, 33, 33, 33, 33, 33, 33, 33, 33, 33, 33, 33, 33, 33, 33, 33, 33, 33, 33, 33, 33, 33, 33, 33, 33, 33, 33, 33, 33, 33, 33, 33, 33, 33, 33, 33, 33, 33, 33, 33, 33, 33, 33, 33, 33, 33, 33, 33, 33, 33, 33, 33, 33, 33, 33, 33, 33, 33, 33, 33, 33, 33, 33, 33, 33, 33, 33, 33, 33, 33, 33, 33, 33, 33, 33, 33, 33, 33, 33, 33, 33, 33, 33, 33, 33, 33]",255,"[0.39421990513801575, 0.3861681818962097, 0.3812321722507477, 0.37759068608283997, 0.37473785877227783, 0.3733561038970947, 0.37024685740470886, 0.3690149784088135, 0.3669838309288025, 0.3656211793422699, 0.36478468775749207, 0.3626987338066101, 0.3615601658821106, 0.3602120280265808, 0.3597436249256134, 0.35955771803855896, 0.3571593165397644, 0.3552473187446594, 0.3540503680706024, 0.3526909649372101, 0.3534146249294281, 0.35068202018737793, 0.3491494357585907, 0.3481348156929016, 0.34755969047546387, 0.34608325362205505, 0.34564825892448425, 0.34460049867630005, 0.34293121099472046, 0.34201210737228394, 0.34092891216278076, 0.3402024209499359, 0.3389960527420044, 0.3391313850879669, 0.33727070689201355, 0.3366081714630127, 0.3373555839061737, 0.3346240222454071, 0.33413374423980713, 0.33309921622276306, 0.3316483199596405, 0.33110082149505615, 0.3301159143447876, 0.33007392287254333, 0.3281318247318268, 0.3280259370803833, 0.3275463581085205, 0.32722142338752747, 0.32475608587265015, 0.3243192434310913, 0.32348933815956116, 0.32237955927848816, 0.32189562916755676, 0.3206470012664795, 0.3208436965942383, 0.32328173518180847, 0.31826555728912354, 0.31730955839157104, 0.31701403856277466, 0.31577521562576294, 0.3148437440395355, 0.3142605721950531, 0.3132879436016083, 0.3129355013370514, 0.3120157718658447, 0.31067612767219543, 0.30986449122428894, 0.30892372131347656, 0.30860766768455505, 0.30715781450271606, 0.30632904171943665, 0.30561286211013794, 0.30527743697166443, 0.3033268451690674, 0.30242985486984253, 0.3029329180717468, 0.3006107807159424, 0.29953518509864807, 0.2985988259315491, 0.29756635427474976, 0.2966381311416626, 0.29594358801841736, 0.295686274766922, 0.29375848174095154, 0.29571303725242615, 0.2930395007133484, 0.29079946875572205, 0.289803147315979, 0.2883322536945343, 0.2875254452228546, 0.28621309995651245, 0.2850867211818695, 0.28575968742370605, 0.2826738655567169, 0.2832023799419403, 0.2835772633552551, 0.2800576090812683, 0.2814784348011017, 0.2775445878505707, 0.2765168249607086, 0.2755205035209656, 0.27473875880241394, 0.2734166979789734, 0.2740861773490906, 0.27188798785209656, 0.27047672867774963, 0.26898127794265747, 0.26905640959739685, 0.2678028643131256, 0.2660709321498871, 0.26537618041038513, 0.26413607597351074, 0.263154000043869, 0.26233765482902527, 0.2618134617805481, 0.2607278823852539, 0.25981736183166504, 0.2590596675872803, 0.2585884630680084, 0.2587744891643524, 0.25674423575401306, 0.2560036778450012, 0.2560438811779022, 0.2561175227165222, 0.2538192570209503, 0.25447598099708557, 0.25211861729621887, 0.25166189670562744, 0.2509904205799103, 0.25071781873703003, 0.24914862215518951, 0.24866165220737457, 0.2489541620016098, 0.2485782951116562, 0.24710865318775177, 0.24595299363136292, 0.24538865685462952, 0.2453862428665161, 0.24441063404083252, 0.244595468044281, 0.24378639459609985, 0.24296993017196655, 0.2420113980770111, 0.24161218106746674, 0.24097004532814026, 0.24042874574661255, 0.24009372293949127, 0.2398531585931778, 0.23999208211898804, 0.2389758676290512, 0.23985973000526428, 0.23760032653808594, 0.23716826736927032, 0.23721829056739807, 0.23618772625923157, 0.23645120859146118, 0.23513993620872498, 0.2351716011762619, 0.23445464670658112, 0.2344227284193039, 0.23517565429210663, 0.2345523238182068, 0.23278357088565826, 0.2321440726518631, 0.2316480427980423, 0.23391546308994293, 0.23107993602752686, 0.2305014282464981, 0.2330271601676941, 0.2313203662633896, 0.22980819642543793, 0.22855645418167114, 0.22939497232437134, 0.228038489818573, 0.2300391048192978, 0.2279420793056488, 0.22665832936763763, 0.22932320833206177, 0.2258293330669403, 0.22561508417129517, 0.22500354051589966, 0.22515931725502014, 0.22445735335350037, 0.22427088022232056, 0.22566571831703186, 0.2233710139989853, 0.22415697574615479, 0.22242914140224457, 0.22204799950122833, 0.22168150544166565, 0.2216404676437378, 0.2210967242717743, 0.22099146246910095, 0.22047145664691925, 0.22014428675174713, 0.22198829054832458, 0.21978625655174255, 0.21970614790916443, 0.22066764533519745, 0.22001196444034576, 0.21828538179397583, 0.22239752113819122, 0.21822288632392883, 0.21756266057491302, 0.21946008503437042, 0.21631303429603577, 0.21713250875473022, 0.2164560705423355, 0.21669134497642517, 0.2175258845090866, 0.2162771075963974, 0.21467745304107666, 0.2153402715921402, 0.2144731879234314, 0.21379166841506958, 0.21790093183517456, 0.2144688218832016, 0.21294330060482025, 0.21329337358474731, 0.21344546973705292, 0.21249940991401672, 0.21180875599384308, 0.21252278983592987, 0.21158328652381897, 0.2111492156982422, 0.21280620992183685, 0.2118823230266571, 0.2105826586484909, 0.2106235921382904, 0.213358536362648, 0.20997314155101776, 0.2096513956785202, 0.2093774974346161, 0.2111893594264984, 0.20974624156951904, 0.21201781928539276, 0.2122376412153244, 0.20849104225635529, 0.20954643189907074, 0.20771066844463348, 0.20739294588565826, 0.20732948184013367, 0.2074800431728363, 0.20700445771217346, 0.20736095309257507, 0.20657852292060852, 0.20749634504318237, 0.20733334124088287, 0.2074030041694641, 0.20654700696468353, 0.20580467581748962, 0.20646566152572632, 0.20673151314258575, 0.20606574416160583, 0.20493997633457184]",33.0,"[33.0, 33.0, 33.0, 33.0, 33.0, 33.0, 33.0, 33.0, 33.0, 33.0, 33.0, 33.0, 33.0, 33.0, 33.0, 33.0, 33.0, 33.0, 33.0, 33.0, 33.0, 33.0, 33.0, 33.0, 33.0, 33.0, 33.0, 33.0, 33.0, 33.0, 33.0, 33.0, 33.0, 33.0, 33.0, 33.0, 33.0, 33.0, 33.0, 33.0, 33.0, 33.0, 33.0, 33.0, 33.0, 33.0, 33.0, 33.0, 33.0, 33.0, 33.0, 33.0, 33.0, 33.0, 33.0, 33.0, 33.0, 33.0, 33.0, 33.0, 33.0, 33.0, 33.0, 33.0, 33.0, 33.0, 33.0, 33.0, 33.0, 33.0, 33.0, 33.0, 33.0, 33.0, 33.0, 33.0, 33.0, 33.0, 33.0, 33.0, 33.0, 33.0, 33.0, 33.0, 33.0, 33.0, 33.0, 33.0, 33.0, 33.0, 33.0, 33.0, 33.0, 33.0, 33.0, 33.0, 33.0, 33.0, 33.0, 33.0, 33.0, 33.0, 33.0, 33.0, 33.0, 33.0, 33.0, 33.0, 33.0, 33.0, 33.0, 33.0, 33.0, 33.0, 33.0, 33.0, 33.0, 33.0, 33.0, 33.0, 33.0, 33.0, 33.0, 33.0, 33.0, 33.0, 33.0, 33.0, 33.0, 33.0, 33.0, 33.0, 33.0, 33.0, 33.0, 33.0, 33.0, 33.0, 33.0, 33.0, 33.0, 33.0, 33.0, 33.0, 33.0, 33.0, 33.0, 33.0, 33.0, 33.0, 33.0, 33.0, 33.0, 33.0, 33.0, 33.0, 33.0, 33.0, 33.0, 33.0, 33.0, 33.0, 33.0, 33.0, 33.0, 33.0, 33.0, 33.0, 33.0, 33.0, 33.0, 33.0, 33.0, 33.0, 33.0, 33.0, 33.0, 33.0, 33.0, 33.0, 33.0, 33.0, 33.0, 33.0, 33.0, 33.0, 33.0, 33.0, 33.0, 33.0, 33.0, 33.0, 33.0, 33.0, 33.0, 33.0, 33.0, 33.0, 33.0, 33.0, 33.0, 33.0, 33.0, 33.0, 33.0, 33.0, 33.0, 33.0, 33.0, 33.0, 33.0, 33.0, 33.0, 33.0, 33.0, 33.0, 33.0, 33.0, 33.0, 33.0, 33.0, 33.0, 33.0, 33.0, 33.0, 33.0, 33.0, 33.0, 33.0, 33.0, 33.0, 33.0, 33.0, 33.0, 33.0, 33.0, 33.0, 33.0, 33.0, 33.0, 33.0, 33.0, 33.0, 33.0, 33.0, 33.0, 33.0, 33.0, 33.0, 33.0, 33.0, 33.0, 33.0, 33.0, 33.0]",COMPLETE
