,number,value,datetime_start,datetime_complete,duration,params_batch_size_scaler,params_constant_learning_rate,params_depth,params_epochs,params_kernel_l2,params_num_trees,params_temperature,user_attrs_accuracy_test,user_attrs_accuracy_valid,user_attrs_approximate_feature_sparsity,user_attrs_approximate_feature_sparsity_history,user_attrs_approximate_weight_sparsity,user_attrs_approximate_weight_sparsity_history,user_attrs_auc_test,user_attrs_auc_valid,user_attrs_feature_sparsity,user_attrs_feature_sparsity_history,user_attrs_num_epochs,user_attrs_val_loss_history,user_attrs_weight_sparsity,user_attrs_weight_sparsity_history,state
160,160,0.8939598871584805,2024-08-31 08:09:36.094872,2024-08-31 08:10:45.737235,0 days 00:01:09.642363,4,3.3873624630416654,3,305,0.01822819222548195,73,0.0008486962026173003,0.914,0.915,14,"[33, 32, 19, 16, 15, 15, 15, 15, 15, 15, 15, 15, 15, 15, 15, 15, 15, 15, 14, 14, 14, 14, 14, 14, 14, 14, 14, 14, 14, 14, 14, 14, 14, 14, 14, 14, 14, 14, 14, 14, 14, 14, 14, 14, 14, 14, 14, 14, 14, 14, 14, 14, 14, 14, 14, 14, 14, 14, 14, 14, 14, 14, 14, 14, 14, 14, 14, 14, 14, 14, 14, 14, 14, 14, 14, 14, 14, 14, 14, 14, 14, 14, 14, 14, 14, 14, 14, 14, 14, 14, 14, 14, 14, 14, 14, 14, 14, 14, 14, 14, 14, 14, 14, 14, 14, 14, 14, 14, 14, 14, 14, 14, 14, 14, 14, 14, 14, 14, 14, 14, 14, 14, 14, 14, 14, 14, 14, 14, 14, 14, 14, 14, 14, 14, 14, 14, 14, 14, 14, 14, 14, 14, 14, 14, 14, 14, 14, 14, 14, 14, 14, 14, 14, 14, 14, 14, 14, 14, 14, 14, 14, 14, 14, 14, 14, 14, 14, 14, 14, 14, 14, 14, 14, 14, 14, 14, 14, 14, 14, 14, 14, 14, 14, 14, 14, 14, 14, 14, 14, 14, 14, 14, 14, 14, 14, 14, 14, 14, 14, 14, 14, 14, 14, 14, 14, 14, 14, 14, 14, 14, 14, 14, 14, 14, 14, 14, 14, 14, 14, 14, 14, 14, 14, 14, 14, 14, 14, 14, 14, 14, 14, 14, 14, 14, 14, 14, 14, 14, 14, 14, 14, 14, 14, 14, 14, 14, 14, 14, 14, 14, 14, 14, 14, 14, 14, 14, 14, 14, 14, 14, 14, 14, 14, 14, 14, 14, 14, 14, 14, 14, 14, 14, 14, 14, 14, 14, 14, 14, 14, 14, 14, 14, 14, 14, 14, 14, 14, 14, 14, 14, 14, 14, 14, 14, 14, 14, 14, 14, 14, 14, 14, 14, 14, 14, 14]",13.686888454011742,"[32.95499021526419, 31.96673189823875, 18.97651663405088, 15.986301369863014, 14.99412915851272, 14.990215264187867, 14.986301369863014, 14.992172211350294, 14.98825831702544, 14.986301369863014, 14.992172211350294, 14.992172211350294, 14.982387475538161, 14.990215264187867, 14.982387475538161, 14.98825831702544, 14.990215264187867, 14.980430528375734, 13.990215264187867, 13.98825831702544, 13.996086105675147, 13.998043052837573, 13.992172211350294, 13.990215264187867, 13.990215264187867, 13.992172211350294, 13.990215264187867, 13.99412915851272, 13.99412915851272, 13.990215264187867, 13.982387475538161, 13.992172211350294, 13.990215264187867, 13.986301369863014, 13.990215264187867, 13.98825831702544, 13.982387475538161, 13.978473581213308, 13.976516634050881, 13.990215264187867, 13.99412915851272, 13.99412915851272, 13.982387475538161, 13.982387475538161, 13.986301369863014, 13.98825831702544, 13.98825831702544, 13.992172211350294, 13.986301369863014, 13.990215264187867, 13.990215264187867, 13.982387475538161, 13.990215264187867, 13.98825831702544, 13.98825831702544, 13.980430528375734, 13.98825831702544, 13.984344422700588, 13.992172211350294, 13.996086105675147, 13.992172211350294, 13.98825831702544, 13.982387475538161, 13.974559686888455, 13.980430528375734, 13.982387475538161, 13.986301369863014, 13.990215264187867, 13.980430528375734, 13.982387475538161, 13.982387475538161, 13.986301369863014, 13.990215264187867, 13.982387475538161, 13.978473581213308, 13.992172211350294, 13.982387475538161, 13.990215264187867, 13.982387475538161, 13.984344422700588, 13.982387475538161, 13.982387475538161, 13.972602739726028, 13.974559686888455, 13.984344422700588, 13.992172211350294, 13.98825831702544, 13.990215264187867, 13.986301369863014, 13.976516634050881, 13.984344422700588, 13.982387475538161, 13.968688845401175, 13.960861056751469, 13.970645792563602, 13.966731898238748, 13.980430528375734, 13.974559686888455, 13.984344422700588, 13.970645792563602, 13.970645792563602, 13.968688845401175, 13.972602739726028, 13.958904109589042, 13.974559686888455, 13.982387475538161, 13.980430528375734, 13.980430528375734, 13.972602739726028, 13.966731898238748, 13.978473581213308, 13.964774951076322, 13.970645792563602, 13.974559686888455, 13.972602739726028, 13.978473581213308, 13.976516634050881, 13.970645792563602, 13.982387475538161, 13.980430528375734, 13.974559686888455, 13.964774951076322, 13.964774951076322, 13.972602739726028, 13.960861056751469, 13.962818003913894, 13.962818003913895, 13.95303326810176, 13.956947162426616, 13.953033268101763, 13.954990215264187, 13.95303326810176, 13.960861056751469, 13.964774951076322, 13.956947162426616, 13.964774951076322, 13.956947162426616, 13.94911937377691, 13.962818003913895, 13.958904109589042, 13.960861056751469, 13.966731898238748, 13.947162426614481, 13.949119373776908, 13.945205479452055, 13.96477495107632, 13.974559686888455, 13.956947162426614, 13.953033268101763, 13.945205479452055, 13.949119373776908, 13.962818003913895, 13.956947162426616, 13.953033268101763, 13.95890410958904, 13.943248532289626, 13.954990215264187, 13.951076320939334, 13.939334637964775, 13.939334637964775, 13.949119373776908, 13.943248532289628, 13.939334637964775, 13.953033268101763, 13.94911937377691, 13.949119373776908, 13.956947162426616, 13.954990215264187, 13.951076320939334, 13.95303326810176, 13.951076320939336, 13.941291585127201, 13.945205479452055, 13.951076320939336, 13.939334637964775, 13.931506849315067, 13.933463796477493, 13.921722113502934, 13.927592954990216, 13.92367906066536, 13.933463796477493, 13.927592954990216, 13.937377690802348, 13.933463796477495, 13.935420743639922, 13.917808219178081, 13.913894324853228, 13.898238747553815, 13.921722113502934, 13.921722113502934, 13.913894324853228, 13.919765166340508, 13.917808219178083, 13.904109589041095, 13.92367906066536, 13.902152641878669, 13.902152641878669, 13.915851272015654, 13.904109589041095, 13.909980430528375, 13.919765166340508, 13.911937377690801, 13.917808219178081, 13.913894324853228, 13.92367906066536, 13.925636007827787, 13.900195694716242, 13.911937377690801, 13.904109589041095, 13.915851272015654, 13.909980430528375, 13.911937377690801, 13.902152641878669, 13.880626223091976, 13.87279843444227, 13.88454011741683, 13.892367906066536, 13.894324853228962, 13.896281800391389, 13.882583170254403, 13.87279843444227, 13.863013698630137, 13.857142857142858, 13.868884540117417, 13.859099804305284, 13.870841487279844, 13.870841487279842, 13.876712328767123, 13.868884540117417, 13.87279843444227, 13.859099804305284, 13.857142857142856, 13.853228962818005, 13.847358121330725, 13.86692759295499, 13.851272015655576, 13.864970645792564, 13.87866927592955, 13.880626223091976, 13.870841487279844, 13.876712328767123, 13.87279843444227, 13.863013698630137, 13.87279843444227, 13.864970645792564, 13.870841487279844, 13.868884540117417, 13.863013698630137, 13.859099804305284, 13.868884540117417, 13.855185909980431, 13.841487279843445, 13.859099804305284, 13.849315068493151, 13.864970645792564, 13.870841487279844, 13.855185909980431, 13.86105675146771, 13.841487279843442, 13.82583170254403, 13.849315068493151, 13.829745596868882, 13.82583170254403, 13.823874755381606, 13.81996086105675, 13.82191780821918, 13.818003913894326, 13.823874755381606, 13.823874755381603, 13.831702544031312, 13.833659491193739, 13.829745596868886, 13.835616438356166, 13.82583170254403, 13.81017612524462, 13.831702544031312, 13.814090019569473, 13.790606653620355, 13.80234833659491, 13.776908023483365, 13.771037181996086, 13.774951076320939, 13.778864970645792, 13.772994129158512, 13.774951076320939, 13.769080234833659, 13.774951076320939, 13.7573385518591, 13.772994129158512, 13.76320939334638, 13.73385518590998, 13.761252446183953, 13.761252446183951, 13.743639921722114, 13.765166340508806, 13.731898238747554, 13.729941291585126, 13.72211350293542, 13.718199608610567, 13.702544031311154, 13.718199608610567, 13.735812133072406, 13.698630136986301, 13.700587084148728, 13.686888454011742]",0.8953343406071714,0.8939598871584805,14,"[33, 32, 19, 16, 15, 15, 15, 15, 15, 15, 15, 15, 15, 15, 15, 15, 15, 15, 14, 14, 14, 14, 14, 14, 14, 14, 14, 14, 14, 14, 14, 14, 14, 14, 14, 14, 14, 14, 14, 14, 14, 14, 14, 14, 14, 14, 14, 14, 14, 14, 14, 14, 14, 14, 14, 14, 14, 14, 14, 14, 14, 14, 14, 14, 14, 14, 14, 14, 14, 14, 14, 14, 14, 14, 14, 14, 14, 14, 14, 14, 14, 14, 14, 14, 14, 14, 14, 14, 14, 14, 14, 14, 14, 14, 14, 14, 14, 14, 14, 14, 14, 14, 14, 14, 14, 14, 14, 14, 14, 14, 14, 14, 14, 14, 14, 14, 14, 14, 14, 14, 14, 14, 14, 14, 14, 14, 14, 14, 14, 14, 14, 14, 14, 14, 14, 14, 14, 14, 14, 14, 14, 14, 14, 14, 14, 14, 14, 14, 14, 14, 14, 14, 14, 14, 14, 14, 14, 14, 14, 14, 14, 14, 14, 14, 14, 14, 14, 14, 14, 14, 14, 14, 14, 14, 14, 14, 14, 14, 14, 14, 14, 14, 14, 14, 14, 14, 14, 14, 14, 14, 14, 14, 14, 14, 14, 14, 14, 14, 14, 14, 14, 14, 14, 14, 14, 14, 14, 14, 14, 14, 14, 14, 14, 14, 14, 14, 14, 14, 14, 14, 14, 14, 14, 14, 14, 14, 14, 14, 14, 14, 14, 14, 14, 14, 14, 14, 14, 14, 14, 14, 14, 14, 14, 14, 14, 14, 14, 14, 14, 14, 14, 14, 14, 14, 14, 14, 14, 14, 14, 14, 14, 14, 14, 14, 14, 14, 14, 14, 14, 14, 14, 14, 14, 14, 14, 14, 14, 14, 14, 14, 14, 14, 14, 14, 14, 14, 14, 14, 14, 14, 14, 14, 14, 14, 14, 14, 14, 14, 14, 14, 14, 14, 14, 14, 14]",305,"[0.9218611121177673, 0.6746270060539246, 1.5044426918029785, 2.467402458190918, 0.4343116879463196, 2.02510142326355, 0.2860183119773865, 1.0720088481903076, 0.7490778565406799, 0.428134948015213, 0.2955784499645233, 0.41638413071632385, 0.28529366850852966, 0.25230300426483154, 0.6926624178886414, 0.4991435706615448, 0.2938680052757263, 0.37111586332321167, 1.6427562236785889, 0.24664032459259033, 0.35334405303001404, 0.29261350631713867, 0.24372491240501404, 0.32650747895240784, 0.3991751968860626, 0.3191335201263428, 0.3649795949459076, 0.3571360111236572, 0.46939241886138916, 0.48594000935554504, 0.27598175406455994, 0.6103035807609558, 0.3188169598579407, 0.39866527915000916, 0.33140677213668823, 1.109288215637207, 0.3502674400806427, 0.3503856360912323, 0.3118548095226288, 0.27952298521995544, 0.3085871934890747, 0.27686232328414917, 0.30067527294158936, 0.33354651927948, 0.2946644127368927, 0.3270207345485687, 0.36754679679870605, 0.2590984106063843, 0.3035236895084381, 0.27738508582115173, 0.26199835538864136, 0.3560059070587158, 0.4620714485645294, 0.4972805380821228, 0.7776280045509338, 0.33365464210510254, 0.7108529806137085, 0.31540945172309875, 0.5178127288818359, 0.40613800287246704, 0.2996554672718048, 0.5619199872016907, 0.30855393409729004, 0.29504460096359253, 0.34906062483787537, 0.5465156435966492, 0.3550906479358673, 0.3435230553150177, 0.3685440719127655, 0.5304672122001648, 0.4511852562427521, 0.35164791345596313, 0.6129823327064514, 0.42719706892967224, 0.3481184244155884, 0.28057461977005005, 0.36911314725875854, 0.3739562928676605, 0.868374228477478, 0.4817253053188324, 0.5485042929649353, 0.3204186260700226, 0.2938884496688843, 0.35260599851608276, 0.29511281847953796, 0.44622692465782166, 0.6291711330413818, 0.30622440576553345, 1.181034803390503, 0.4045719504356384, 0.3433171212673187, 0.4572826325893402, 0.4650256335735321, 0.4856233298778534, 0.28936102986335754, 0.33683302998542786, 0.8226346373558044, 0.4521515667438507, 0.39138874411582947, 0.3243503272533417, 0.3022192716598511, 0.4254067540168762, 0.4763121008872986, 0.5946655869483948, 0.33418726921081543, 0.2846478223800659, 0.5249426960945129, 0.3164665400981903, 0.7501672506332397, 0.3604598641395569, 0.39967644214630127, 0.3068036735057831, 0.4597610533237457, 0.3169689476490021, 0.31653961539268494, 0.31810927391052246, 0.38551709055900574, 0.3664711117744446, 0.4104241132736206, 0.4828985929489136, 0.32959240674972534, 0.426323801279068, 0.298119455575943, 1.5154423713684082, 0.33219197392463684, 0.7115686535835266, 0.4937136173248291, 1.211605429649353, 0.8808534145355225, 0.2943304479122162, 2.4013242721557617, 0.3464756906032562, 0.3034299910068512, 0.3551117777824402, 0.5111496448516846, 2.8327982425689697, 0.3280951678752899, 0.3206481635570526, 0.38667458295822144, 0.3379492163658142, 0.3366546332836151, 0.8294937014579773, 0.5022774338722229, 0.4603211283683777, 3.894930124282837, 0.33887308835983276, 0.7390073537826538, 0.4061011075973511, 0.47853314876556396, 0.4523285925388336, 0.48757535219192505, 0.461177259683609, 0.34438255429267883, 0.449738085269928, 1.7589654922485352, 0.2981518805027008, 0.3633180558681488, 2.0121681690216064, 0.5964741110801697, 0.36023688316345215, 0.3711082935333252, 0.35756951570510864, 1.2380329370498657, 4.242802143096924, 0.35239139199256897, 0.5086883902549744, 0.4057035744190216, 0.5255147218704224, 0.3743618130683899, 0.435567170381546, 0.4509817957878113, 0.3722620904445648, 0.5417685508728027, 0.4336431622505188, 0.8536309599876404, 0.33146488666534424, 0.33987677097320557, 0.45627251267433167, 0.5096443891525269, 0.5199244618415833, 0.32630646228790283, 0.38796597719192505, 0.3316475749015808, 0.8188915848731995, 0.37478190660476685, 0.45604783296585083, 0.32567334175109863, 0.37814727425575256, 0.6896988153457642, 0.34462034702301025, 0.3793213665485382, 0.3304577171802521, 0.3068167269229889, 0.32704293727874756, 0.33775556087493896, 0.36559799313545227, 0.3648747503757477, 0.5339328646659851, 0.3627404272556305, 0.3313717246055603, 0.3390244245529175, 0.35482192039489746, 0.41037559509277344, 0.39062416553497314, 0.34275680780410767, 0.3563378155231476, 0.34042027592658997, 0.7087780833244324, 0.36665183305740356, 0.46346214413642883, 0.40187525749206543, 0.34476011991500854, 0.40059685707092285, 0.35643622279167175, 0.34548819065093994, 0.418928325176239, 0.3820129632949829, 0.36630886793136597, 0.3677050769329071, 0.3839815855026245, 0.3559094965457916, 0.4039181172847748, 0.48052579164505005, 0.46525514125823975, 0.9593762159347534, 0.3601117432117462, 0.36054232716560364, 0.3856319189071655, 0.4078839421272278, 4.527936935424805, 0.381362646818161, 0.3571896255016327, 0.3981446325778961, 2.8615758419036865, 0.3537404537200928, 0.40054917335510254, 0.41201698780059814, 0.36212483048439026, 0.3672983944416046, 0.4394265115261078, 0.3824695348739624, 0.33285894989967346, 0.3858984112739563, 0.5499852895736694, 0.41939038038253784, 0.3739151358604431, 1.3932125568389893, 0.34577715396881104, 2.219599962234497, 0.3585710823535919, 0.380415678024292, 0.41229763627052307, 0.34873253107070923, 0.5475618839263916, 0.3588508665561676, 0.34185898303985596, 0.4478553831577301, 0.3720818758010864, 0.3813821077346802, 0.35574808716773987, 2.238198757171631, 0.38882315158843994, 0.4706164300441742, 0.4553549587726593, 0.41418278217315674, 0.45938366651535034, 0.40290942788124084, 0.4110737144947052, 0.608864963054657, 0.45896050333976746, 0.35986560583114624, 0.6778006553649902, 0.7798092365264893, 0.376315712928772, 0.403917133808136, 0.7596917748451233, 0.36169135570526123, 1.1101230382919312, 0.38260185718536377, 0.3796719014644623, 0.5343191623687744, 0.3256763815879822, 0.6346418261528015, 0.570517897605896, 0.3527064919471741, 1.8287057876586914, 1.1465774774551392, 1.4148982763290405, 0.34586483240127563, 1.167731523513794, 0.4009452164173126, 0.8062905073165894, 0.9602577090263367, 0.5108545422554016, 0.733527660369873, 0.6055324673652649, 0.5396990180015564, 0.393697589635849, 0.3994431793689728, 3.7335753440856934, 1.4731647968292236, 0.3884454071521759, 0.4205213189125061, 0.49625125527381897, 0.41571149230003357]",14.0,"[33.0, 32.0, 19.0, 16.0, 15.0, 15.0, 15.0, 15.0, 15.0, 15.0, 15.0, 15.0, 15.0, 15.0, 15.0, 15.0, 15.0, 15.0, 14.0, 14.0, 14.0, 14.0, 14.0, 14.0, 14.0, 14.0, 14.0, 14.0, 14.0, 14.0, 14.0, 14.0, 14.0, 14.0, 14.0, 14.0, 14.0, 14.0, 14.0, 14.0, 14.0, 14.0, 14.0, 14.0, 14.0, 14.0, 14.0, 14.0, 14.0, 14.0, 14.0, 14.0, 14.0, 14.0, 14.0, 14.0, 14.0, 14.0, 14.0, 14.0, 14.0, 14.0, 14.0, 14.0, 14.0, 14.0, 14.0, 14.0, 14.0, 14.0, 14.0, 14.0, 14.0, 14.0, 14.0, 14.0, 14.0, 14.0, 14.0, 14.0, 14.0, 14.0, 14.0, 14.0, 14.0, 14.0, 14.0, 14.0, 14.0, 14.0, 14.0, 14.0, 14.0, 14.0, 14.0, 14.0, 14.0, 14.0, 14.0, 14.0, 14.0, 14.0, 14.0, 14.0, 14.0, 14.0, 14.0, 14.0, 14.0, 14.0, 14.0, 14.0, 14.0, 14.0, 14.0, 14.0, 14.0, 14.0, 14.0, 14.0, 14.0, 14.0, 14.0, 14.0, 14.0, 14.0, 14.0, 14.0, 14.0, 14.0, 14.0, 14.0, 14.0, 14.0, 14.0, 14.0, 14.0, 14.0, 14.0, 14.0, 14.0, 14.0, 14.0, 14.0, 14.0, 14.0, 14.0, 14.0, 14.0, 14.0, 14.0, 14.0, 14.0, 14.0, 14.0, 14.0, 14.0, 14.0, 14.0, 14.0, 14.0, 14.0, 14.0, 14.0, 14.0, 14.0, 14.0, 14.0, 14.0, 14.0, 14.0, 14.0, 14.0, 14.0, 14.0, 14.0, 14.0, 14.0, 14.0, 14.0, 14.0, 14.0, 14.0, 14.0, 14.0, 14.0, 14.0, 14.0, 14.0, 14.0, 14.0, 14.0, 14.0, 14.0, 14.0, 14.0, 14.0, 14.0, 14.0, 14.0, 14.0, 14.0, 14.0, 14.0, 14.0, 14.0, 14.0, 14.0, 14.0, 14.0, 14.0, 14.0, 14.0, 14.0, 14.0, 14.0, 14.0, 14.0, 14.0, 14.0, 14.0, 14.0, 14.0, 14.0, 14.0, 14.0, 14.0, 14.0, 14.0, 14.0, 14.0, 14.0, 14.0, 14.0, 14.0, 14.0, 14.0, 14.0, 14.0, 14.0, 14.0, 14.0, 14.0, 14.0, 14.0, 14.0, 14.0, 14.0, 14.0, 14.0, 14.0, 14.0, 14.0, 14.0, 14.0, 14.0, 14.0, 14.0, 14.0, 14.0, 14.0, 14.0, 14.0, 14.0, 14.0, 14.0, 14.0, 14.0, 14.0, 14.0, 14.0, 14.0, 14.0, 14.0, 14.0, 14.0, 14.0, 14.0, 14.0, 14.0, 14.0, 14.0, 14.0, 14.0, 14.0, 14.0, 14.0, 14.0, 14.0, 14.0, 14.0, 14.0, 14.0, 14.0, 14.0, 14.0, 14.0, 14.0, 14.0, 14.0, 14.0, 14.0, 14.0, 14.0, 14.0]",COMPLETE
