,number,value,datetime_start,datetime_complete,duration,params_batch_size_scaler,params_constant_learning_rate,params_depth,params_epochs,params_kernel_l2,params_num_trees,params_temperature,user_attrs_accuracy_test,user_attrs_accuracy_valid,user_attrs_approximate_feature_sparsity,user_attrs_approximate_feature_sparsity_history,user_attrs_approximate_weight_sparsity,user_attrs_approximate_weight_sparsity_history,user_attrs_auc_test,user_attrs_auc_valid,user_attrs_feature_sparsity,user_attrs_feature_sparsity_history,user_attrs_num_epochs,user_attrs_val_loss_history,user_attrs_weight_sparsity,user_attrs_weight_sparsity_history,state
116,116,0.8696397057876364,2024-08-31 06:22:10.424790,2024-08-31 06:44:02.132179,0 days 00:21:51.707389,1,2.248024258588009,6,425,0.0024812680503581716,56,0.00043997789396503246,0.928,0.915,16,"[33, 24, 17, 16, 16, 16, 16, 16, 16, 16, 16, 16, 16, 16, 16, 16, 16, 16, 16, 16, 16, 16, 16, 16, 16, 16, 16, 16, 16, 16, 16, 16, 16, 16, 16, 16, 16, 16, 16, 16, 16, 16, 16, 16, 16, 16, 16, 16, 16, 16, 16, 16, 16, 16, 16, 16, 16, 16, 16, 16, 16, 16, 16, 16, 16, 16, 16, 16, 16, 16, 16, 16, 16, 16, 16, 16, 16, 16, 16, 16, 16, 16, 16, 16, 16, 16, 16, 16, 16, 16, 16, 16, 16, 16, 16, 16, 16, 16, 16, 16, 16, 16, 16, 16, 16, 16, 16, 16, 16, 16, 16, 16, 16, 16, 16, 16, 16, 16, 16, 16, 16, 16, 16, 16, 16, 16, 16, 16, 16, 16, 16, 16, 16, 16, 16, 16, 16, 16, 16, 16, 16, 16, 16, 16, 16, 16, 16, 16, 16, 16, 16, 16, 16, 16, 16, 16, 16, 16, 16, 16, 16, 16, 16, 16, 16, 16, 16, 16, 16, 16, 16, 16, 16, 16, 16, 16, 16, 16, 16, 16, 16, 16, 16, 16, 16, 16, 16, 16, 16, 16, 16, 16, 16, 16, 16, 16, 16, 16, 16, 16, 16, 16, 16, 16, 16, 16, 16, 16, 16, 16, 16, 16, 16, 16, 16, 16, 16, 16, 16, 16, 16, 16, 16, 16, 16, 16, 16, 16, 16, 16, 16, 16, 16, 16, 16, 16, 16, 16, 16, 16, 16, 16, 16, 16, 16, 16, 16, 16, 16, 16, 16, 16, 16, 16, 16, 16, 16, 16, 16, 16, 16, 16, 16, 16, 16, 16, 16, 16, 16, 16, 16, 16, 16, 16, 16, 16, 16, 16, 16, 16, 16, 16, 16, 16, 16, 16, 16, 16, 16, 16, 16, 16, 16, 16, 16, 16, 16, 16, 16, 16, 16, 16, 16, 16, 16, 16, 16, 16, 16, 16, 16, 16, 16, 16, 16, 16, 16, 16, 16, 16, 16, 16, 16, 16, 16, 16, 16, 16, 16, 16, 16, 16, 16, 16, 16, 16, 16, 16, 16, 16, 16, 16, 16, 16, 16, 16, 16, 16, 16, 16, 16, 16, 16, 16, 16, 16, 16, 16, 16, 16, 16, 16, 16, 16, 16, 16, 16, 16, 16, 16, 16, 16, 16, 16, 16, 16, 16, 16, 16, 16, 16, 16, 16, 16, 16, 16, 16, 16, 16, 16, 16, 16, 16, 16, 16, 16, 16, 16, 16, 16, 16, 16, 16, 16, 16, 16, 16, 16, 16, 16, 16, 16, 16, 16, 16, 16, 16, 16, 16, 16, 16, 16, 16, 16, 16]",15.965986394557824,"[32.92687074829932, 23.94671201814059, 16.969104308390023, 15.967687074829932, 15.965986394557826, 15.969671201814059, 15.965419501133788, 15.971088435374151, 15.971655328798187, 15.969104308390024, 15.969671201814059, 15.960884353741498, 15.969387755102042, 15.965136054421771, 15.964002267573697, 15.966269841269842, 15.971938775510205, 15.970238095238095, 15.963151927437643, 15.964852607709751, 15.96797052154195, 15.971655328798187, 15.964852607709751, 15.967687074829932, 15.971371882086167, 15.971371882086169, 15.974489795918366, 15.97108843537415, 15.970521541950115, 15.973922902494332, 15.971938775510203, 15.97108843537415, 15.969104308390023, 15.971938775510205, 15.969104308390023, 15.968537414965986, 15.96938775510204, 15.965702947845806, 15.970521541950115, 15.969104308390024, 15.96967120181406, 15.97108843537415, 15.972505668934241, 15.971088435374151, 15.96825396825397, 15.971088435374151, 15.970238095238095, 15.97108843537415, 15.967687074829934, 15.967403628117914, 15.970521541950115, 15.970238095238097, 15.971371882086167, 15.966836734693878, 15.969671201814059, 15.975907029478458, 15.967120181405896, 15.968537414965986, 15.972222222222221, 15.974206349206348, 15.969104308390024, 15.968820861678005, 15.970238095238095, 15.970804988662133, 15.971088435374151, 15.968537414965988, 15.975340136054422, 15.972505668934241, 15.976190476190476, 15.973922902494332, 15.966269841269842, 15.967120181405898, 15.968820861678006, 15.968537414965988, 15.966836734693878, 15.967403628117914, 15.970238095238095, 15.972222222222223, 15.97420634920635, 15.974773242630384, 15.970521541950113, 15.969954648526077, 15.970238095238095, 15.973072562358277, 15.970804988662133, 15.971088435374151, 15.970521541950113, 15.969671201814059, 15.971655328798187, 15.97392290249433, 15.971938775510205, 15.971655328798185, 15.971655328798187, 15.968253968253968, 15.968537414965986, 15.975056689342404, 15.967687074829932, 15.969104308390023, 15.968820861678005, 15.97108843537415, 15.97562358276644, 15.973639455782314, 15.968537414965988, 15.96173469387755, 15.963435374149661, 15.969954648526077, 15.974773242630386, 15.973356009070296, 15.973922902494332, 15.975056689342404, 15.974773242630386, 15.969671201814059, 15.973072562358277, 15.97250566893424, 15.96967120181406, 15.975056689342404, 15.968253968253968, 15.973922902494332, 15.96938775510204, 15.974489795918368, 15.974489795918368, 15.972222222222223, 15.973072562358277, 15.97278911564626, 15.97534013605442, 15.973639455782314, 15.973922902494332, 15.97108843537415, 15.973639455782314, 15.97392290249433, 15.973356009070296, 15.97278911564626, 15.970238095238095, 15.971938775510203, 15.972222222222223, 15.969671201814059, 15.97420634920635, 15.968537414965988, 15.973356009070296, 15.968537414965986, 15.970521541950115, 15.971088435374151, 15.968820861678006, 15.969954648526077, 15.970521541950115, 15.970238095238095, 15.970521541950113, 15.966836734693878, 15.971655328798185, 15.968820861678005, 15.974773242630386, 15.969954648526079, 15.967687074829932, 15.970804988662133, 15.96797052154195, 15.971655328798187, 15.969671201814059, 15.970521541950113, 15.974489795918368, 15.96825396825397, 15.972505668934241, 15.975340136054422, 15.971938775510205, 15.96938775510204, 15.972505668934241, 15.971088435374151, 15.969954648526079, 15.973639455782314, 15.968820861678006, 15.973356009070296, 15.973922902494332, 15.975907029478458, 15.974489795918368, 15.972222222222223, 15.972222222222223, 15.969954648526079, 15.975056689342404, 15.97278911564626, 15.973639455782314, 15.973356009070296, 15.97278911564626, 15.971371882086169, 15.973072562358277, 15.971938775510205, 15.973922902494332, 15.97108843537415, 15.96967120181406, 15.969387755102042, 15.971655328798187, 15.97420634920635, 15.972222222222221, 15.974773242630386, 15.97534013605442, 15.973072562358277, 15.97562358276644, 15.970804988662131, 15.973072562358277, 15.971088435374151, 15.973072562358277, 15.972789115646258, 15.970521541950115, 15.968820861678005, 15.976190476190476, 15.974773242630386, 15.975056689342404, 15.973072562358276, 15.969387755102042, 15.967687074829934, 15.967403628117916, 15.970238095238097, 15.973356009070296, 15.968253968253968, 15.972222222222223, 15.970521541950115, 15.971371882086167, 15.96938775510204, 15.968253968253968, 15.973356009070294, 15.971655328798185, 15.967403628117916, 15.975056689342404, 15.971938775510205, 15.970521541950115, 15.969104308390023, 15.977324263038549, 15.975056689342404, 15.975056689342402, 15.97534013605442, 15.975907029478458, 15.971371882086167, 15.975056689342404, 15.971371882086167, 15.971938775510203, 15.972789115646258, 15.973639455782314, 15.97392290249433, 15.971655328798185, 15.97108843537415, 15.973072562358277, 15.96967120181406, 15.968820861678005, 15.97108843537415, 15.968820861678005, 15.969954648526079, 15.97108843537415, 15.969671201814059, 15.970521541950115, 15.968820861678005, 15.968820861678005, 15.970804988662131, 15.96938775510204, 15.967687074829932, 15.965419501133788, 15.970521541950113, 15.973072562358276, 15.971088435374151, 15.969954648526077, 15.967687074829932, 15.971655328798185, 15.970521541950115, 15.973922902494332, 15.975907029478458, 15.97250566893424, 15.97250566893424, 15.971655328798185, 15.975340136054422, 15.972222222222221, 15.976473922902494, 15.977324263038549, 15.973356009070296, 15.974773242630386, 15.973072562358277, 15.971938775510203, 15.976473922902494, 15.974773242630386, 15.974773242630386, 15.970521541950115, 15.973639455782314, 15.971938775510203, 15.973922902494332, 15.97278911564626, 15.977607709750567, 15.972222222222223, 15.969387755102042, 15.96967120181406, 15.971938775510203, 15.969104308390024, 15.968537414965986, 15.96825396825397, 15.974489795918368, 15.970521541950113, 15.972505668934241, 15.971655328798187, 15.965986394557824, 15.973072562358276, 15.972222222222223, 15.970238095238097, 15.970521541950115, 15.976757369614512, 15.974773242630386, 15.969671201814059, 15.97420634920635, 15.97278911564626, 15.97278911564626, 15.973356009070296, 15.970521541950115, 15.972505668934241, 15.973639455782312, 15.973072562358277, 15.971938775510203, 15.96797052154195, 15.968537414965988, 15.973356009070296, 15.967120181405896, 15.973356009070296, 15.970804988662133, 15.973356009070296, 15.975907029478458, 15.975907029478458, 15.975056689342404, 15.970521541950115, 15.97420634920635, 15.971371882086167, 15.976473922902494, 15.97704081632653, 15.975340136054422, 15.975340136054422, 15.975907029478458, 15.975907029478458, 15.97845804988662, 15.977891156462585, 15.97704081632653, 15.977324263038549, 15.979591836734693, 15.978174603174603, 15.977607709750567, 15.977891156462585, 15.978174603174603, 15.977324263038549, 15.97562358276644, 15.97704081632653, 15.975340136054422, 15.976473922902494, 15.974489795918368, 15.974206349206348, 15.975340136054422, 15.974489795918368, 15.973072562358277, 15.973639455782314, 15.973356009070296, 15.97704081632653, 15.971938775510205, 15.969671201814059, 15.966836734693878, 15.970521541950113, 15.970238095238095, 15.974773242630384, 15.970238095238095, 15.96797052154195, 15.969671201814059, 15.968820861678005, 15.96938775510204, 15.969954648526077, 15.969954648526077, 15.969671201814059, 15.96797052154195, 15.968820861678005, 15.969671201814059, 15.970521541950113, 15.965702947845806, 15.968820861678005, 15.966836734693878, 15.967120181405896, 15.969954648526077, 15.964285714285715, 15.969671201814059, 15.968820861678005, 15.968820861678005, 15.966836734693878, 15.967120181405896, 15.964852607709751, 15.967403628117914, 15.96967120181406, 15.968820861678005, 15.968820861678006, 15.96655328798186, 15.967120181405898, 15.973072562358277, 15.971938775510205, 15.968537414965986, 15.973072562358277, 15.971371882086169, 15.967120181405896, 15.971655328798185, 15.972789115646258, 15.973072562358276, 15.966269841269842, 15.97108843537415, 15.967120181405896, 15.972222222222221, 15.970521541950113, 15.971371882086167, 15.968820861678005, 15.969954648526077, 15.969954648526077, 15.970238095238095, 15.967403628117914, 15.97108843537415, 15.969671201814059, 15.97108843537415, 15.96797052154195, 15.968820861678005, 15.970521541950113, 15.967687074829932, 15.967687074829932, 15.968537414965986, 15.968820861678005, 15.972789115646258, 15.969954648526077, 15.967120181405896, 15.969671201814059, 15.967687074829932, 15.966269841269842, 15.96655328798186, 15.965986394557824]",0.8646290012301951,0.8696397057876364,16,"[33, 24, 17, 16, 16, 16, 16, 16, 16, 16, 16, 16, 16, 16, 16, 16, 16, 16, 16, 16, 16, 16, 16, 16, 16, 16, 16, 16, 16, 16, 16, 16, 16, 16, 16, 16, 16, 16, 16, 16, 16, 16, 16, 16, 16, 16, 16, 16, 16, 16, 16, 16, 16, 16, 16, 16, 16, 16, 16, 16, 16, 16, 16, 16, 16, 16, 16, 16, 16, 16, 16, 16, 16, 16, 16, 16, 16, 16, 16, 16, 16, 16, 16, 16, 16, 16, 16, 16, 16, 16, 16, 16, 16, 16, 16, 16, 16, 16, 16, 16, 16, 16, 16, 16, 16, 16, 16, 16, 16, 16, 16, 16, 16, 16, 16, 16, 16, 16, 16, 16, 16, 16, 16, 16, 16, 16, 16, 16, 16, 16, 16, 16, 16, 16, 16, 16, 16, 16, 16, 16, 16, 16, 16, 16, 16, 16, 16, 16, 16, 16, 16, 16, 16, 16, 16, 16, 16, 16, 16, 16, 16, 16, 16, 16, 16, 16, 16, 16, 16, 16, 16, 16, 16, 16, 16, 16, 16, 16, 16, 16, 16, 16, 16, 16, 16, 16, 16, 16, 16, 16, 16, 16, 16, 16, 16, 16, 16, 16, 16, 16, 16, 16, 16, 16, 16, 16, 16, 16, 16, 16, 16, 16, 16, 16, 16, 16, 16, 16, 16, 16, 16, 16, 16, 16, 16, 16, 16, 16, 16, 16, 16, 16, 16, 16, 16, 16, 16, 16, 16, 16, 16, 16, 16, 16, 16, 16, 16, 16, 16, 16, 16, 16, 16, 16, 16, 16, 16, 16, 16, 16, 16, 16, 16, 16, 16, 16, 16, 16, 16, 16, 16, 16, 16, 16, 16, 16, 16, 16, 16, 16, 16, 16, 16, 16, 16, 16, 16, 16, 16, 16, 16, 16, 16, 16, 16, 16, 16, 16, 16, 16, 16, 16, 16, 16, 16, 16, 16, 16, 16, 16, 16, 16, 16, 16, 16, 16, 16, 16, 16, 16, 16, 16, 16, 16, 16, 16, 16, 16, 16, 16, 16, 16, 16, 16, 16, 16, 16, 16, 16, 16, 16, 16, 16, 16, 16, 16, 16, 16, 16, 16, 16, 16, 16, 16, 16, 16, 16, 16, 16, 16, 16, 16, 16, 16, 16, 16, 16, 16, 16, 16, 16, 16, 16, 16, 16, 16, 16, 16, 16, 16, 16, 16, 16, 16, 16, 16, 16, 16, 16, 16, 16, 16, 16, 16, 16, 16, 16, 16, 16, 16, 16, 16, 16, 16, 16, 16, 16, 16, 16, 16, 16, 16, 16, 16, 16, 16, 16, 16, 16, 16, 16, 16, 16, 16, 16]",425,"[0.333065003156662, 0.2613735496997833, 0.23691877722740173, 0.20354777574539185, 0.19927328824996948, 0.20235928893089294, 0.19573543965816498, 0.1871711015701294, 0.16980800032615662, 0.1762460172176361, 0.19322913885116577, 0.18067514896392822, 0.19625182449817657, 0.16483362019062042, 0.16652248799800873, 0.16644544899463654, 0.1677459180355072, 0.16707390546798706, 0.16333016753196716, 0.17664411664009094, 0.17461661994457245, 0.16569110751152039, 0.16212014853954315, 0.1638920158147812, 0.16834062337875366, 0.1668960452079773, 0.17252738773822784, 0.16373318433761597, 0.1845816671848297, 0.17822709679603577, 0.1681838184595108, 0.1656152904033661, 0.1779683232307434, 0.19921037554740906, 0.17011211812496185, 0.17361968755722046, 0.17385666072368622, 0.1863001585006714, 0.18952299654483795, 0.1806376576423645, 0.22762398421764374, 0.18425077199935913, 0.17127390205860138, 0.17917698621749878, 0.18077075481414795, 0.16984018683433533, 0.187824547290802, 0.18717581033706665, 0.19499744474887848, 0.209001362323761, 0.2040788233280182, 0.21320641040802002, 0.18417276442050934, 0.2112078070640564, 0.180832177400589, 0.18647195398807526, 0.19288673996925354, 0.19189679622650146, 0.20031267404556274, 0.19926482439041138, 0.2182610183954239, 0.20197468996047974, 0.21044215559959412, 0.21609488129615784, 0.19940954446792603, 0.19886289536952972, 0.21334362030029297, 0.2106737643480301, 0.25628846883773804, 0.22278408706188202, 0.19697779417037964, 0.22084690630435944, 0.20877805352210999, 0.236226886510849, 0.20304185152053833, 0.22333845496177673, 0.209586963057518, 0.22210580110549927, 0.23181453347206116, 0.22515788674354553, 0.22353047132492065, 0.2142859250307083, 0.22529689967632294, 0.23279038071632385, 0.21417374908924103, 0.23018832504749298, 0.22652080655097961, 0.23697930574417114, 0.23676107823848724, 0.2579606771469116, 0.2517949640750885, 0.24782617390155792, 0.24402323365211487, 0.24918530881404877, 0.24780172109603882, 0.2565225064754486, 0.2755856215953827, 0.296825647354126, 0.2755482494831085, 0.2705634832382202, 0.2676633894443512, 0.28915175795555115, 0.26741504669189453, 0.262584924697876, 0.31317785382270813, 0.2640684247016907, 0.2602815330028534, 0.2745257318019867, 0.27736368775367737, 0.2693063020706177, 0.2951340079307556, 0.2867636978626251, 0.2926481068134308, 0.2876696288585663, 0.2846156060695648, 0.30119335651397705, 0.28916895389556885, 0.2915903329849243, 0.3148197829723358, 0.31134700775146484, 0.30214449763298035, 0.29942023754119873, 0.299674391746521, 0.3195514380931854, 0.31754153966903687, 0.3008173108100891, 0.31540727615356445, 0.33365684747695923, 0.3265567719936371, 0.3185782730579376, 0.33040621876716614, 0.3333267271518707, 0.32004156708717346, 0.3228607475757599, 0.33074885606765747, 0.3493139147758484, 0.35042694211006165, 0.36298221349716187, 0.3324304521083832, 0.3535597324371338, 0.3399295508861542, 0.34627461433410645, 0.3480231761932373, 0.34331467747688293, 0.3468855321407318, 0.3621704876422882, 0.35695990920066833, 0.35326316952705383, 0.3691027760505676, 0.36874473094940186, 0.359909325838089, 0.39944279193878174, 0.37243375182151794, 0.37683582305908203, 0.3737828731536865, 0.41415935754776, 0.38166362047195435, 0.4084055721759796, 0.40947645902633667, 0.40302562713623047, 0.40347930788993835, 0.4020558297634125, 0.38761085271835327, 0.41220974922180176, 0.4097110331058502, 0.4217231273651123, 0.43259724974632263, 0.4104542136192322, 0.4161664843559265, 0.41879984736442566, 0.4151390790939331, 0.4432728588581085, 0.4315756857395172, 0.426341712474823, 0.4444245994091034, 0.435150146484375, 0.4242056608200073, 0.4530172646045685, 0.43906864523887634, 0.4441183805465698, 0.43719199299812317, 0.4584995210170746, 0.4583100974559784, 0.4608123004436493, 0.4455307722091675, 0.45043253898620605, 0.4597809910774231, 0.48074546456336975, 0.471701979637146, 0.45486995577812195, 0.49125224351882935, 0.47120288014411926, 0.47402340173721313, 0.507157027721405, 0.4656359851360321, 0.48762044310569763, 0.5164097547531128, 0.5038725137710571, 0.4767502248287201, 0.4852629005908966, 0.49571919441223145, 0.5127106308937073, 0.47529861330986023, 0.48198676109313965, 0.4902377426624298, 0.5046007037162781, 0.5304164290428162, 0.5203309655189514, 0.49538490176200867, 0.5165516138076782, 0.4991239905357361, 0.5291039943695068, 0.5096189379692078, 0.5290008187294006, 0.5488889813423157, 0.5288186073303223, 0.5537665486335754, 0.5313530564308167, 0.5346988439559937, 0.5552912354469299, 0.5153987407684326, 0.5339177846908569, 0.5445868372917175, 0.5343137383460999, 0.5539308786392212, 0.5385003685951233, 0.5391620397567749, 0.5802038311958313, 0.5590183734893799, 0.5698583722114563, 0.542021632194519, 0.5608987212181091, 0.5607373118400574, 0.5339344143867493, 0.5695272088050842, 0.5449756979942322, 0.5479469895362854, 0.5554400086402893, 0.5598062872886658, 0.5477641224861145, 0.5669166445732117, 0.5944972634315491, 0.581122875213623, 0.5623642206192017, 0.5637713074684143, 0.5719102621078491, 0.5630332231521606, 0.5630322098731995, 0.5736157298088074, 0.5752649307250977, 0.5760496854782104, 0.5780833959579468, 0.5923677682876587, 0.6236569285392761, 0.5966756343841553, 0.5885156393051147, 0.5951088666915894, 0.6005925536155701, 0.6137667298316956, 0.601794958114624, 0.5964123606681824, 0.6114095449447632, 0.6215977072715759, 0.6157523989677429, 0.624164342880249, 0.6090404391288757, 0.5876186490058899, 0.6078947186470032, 0.6243188381195068, 0.6180444359779358, 0.6366053223609924, 0.6280667781829834, 0.6178186535835266, 0.635385274887085, 0.6340711712837219, 0.643351674079895, 0.6278642416000366, 0.6591155529022217, 0.6257259249687195, 0.6416590809822083, 0.6464257836341858, 0.631996750831604, 0.6565889120101929, 0.6401697397232056, 0.6474589705467224, 0.6483920216560364, 0.6616116166114807, 0.6596468091011047, 0.6546905636787415, 0.6622482538223267, 0.6739872694015503, 0.6733279228210449, 0.6772498488426208, 0.653688907623291, 0.6612429618835449, 0.6644029021263123, 0.6846802234649658, 0.7044323086738586, 0.6959500908851624, 0.6784124970436096, 0.6725218892097473, 0.6982337832450867, 0.7011303901672363, 0.7085342407226562, 0.7240763306617737, 0.7029086351394653, 0.6801727414131165, 0.6856070160865784, 0.7111709713935852, 0.6998915672302246, 0.7207890152931213, 0.7051661014556885, 0.7191475033760071, 0.7179728150367737, 0.7117685675621033, 0.7006775140762329, 0.7013285160064697, 0.7211732268333435, 0.7025930285453796, 0.7173779010772705, 0.7310077548027039, 0.7344970703125, 0.7542372941970825, 0.736901044845581, 0.719371497631073, 0.7285056114196777, 0.7328000664710999, 0.7429945468902588, 0.7509359121322632, 0.7393524646759033, 0.7287902235984802, 0.7351303100585938, 0.7329630851745605, 0.7288576364517212, 0.733146071434021, 0.7513418793678284, 0.7433527112007141, 0.7691004872322083, 0.7482422590255737, 0.7506626844406128, 0.7396416664123535, 0.7456001043319702, 0.7410800457000732, 0.753105640411377, 0.7507256269454956, 0.7656999826431274, 0.75136399269104, 0.7672222852706909, 0.7489982843399048, 0.7658859491348267, 0.756134569644928, 0.731937050819397, 0.7905477285385132, 0.8062684535980225, 0.7712623476982117, 0.7397133708000183, 0.7618861198425293, 0.7675974369049072, 0.7796112895011902, 0.77753084897995, 0.7682964205741882, 0.7709126472473145, 0.7906932234764099, 0.7803472280502319, 0.784529447555542, 0.7813190221786499, 0.7866491675376892, 0.7796367406845093, 0.7943148612976074, 0.8075724840164185, 0.7962466478347778, 0.7961349487304688, 0.8106123208999634, 0.7984315752983093, 0.8252139091491699, 0.8144876956939697, 0.8215425610542297, 0.8140878081321716, 0.816102921962738, 0.8061147332191467, 0.8010826110839844, 0.7861237525939941, 0.8015930652618408, 0.7861505150794983, 0.8025364875793457, 0.7987297177314758, 0.808128297328949, 0.8101813793182373, 0.8198027014732361, 0.8104381561279297, 0.8110983371734619, 0.8379606008529663, 0.8049495220184326, 0.8242426514625549, 0.8090231418609619, 0.8044585585594177, 0.8412328362464905, 0.8227980732917786, 0.8334597945213318, 0.8495681285858154, 0.8280664086341858, 0.8253031373023987, 0.8243438601493835, 0.8397915363311768, 0.8288577198982239, 0.8276125192642212, 0.8358585238456726, 0.8395158648490906, 0.8356906175613403, 0.8258174657821655, 0.8350841999053955, 0.8307396173477173, 0.8316581845283508, 0.8487336039543152, 0.8230836987495422, 0.833646833896637, 0.8446974754333496, 0.828818142414093, 0.8459739685058594, 0.8294873237609863, 0.8424530029296875, 0.8399280309677124, 0.8348038196563721, 0.8407766222953796, 0.8464241027832031]",16.0,"[33.0, 24.0, 17.0, 16.0, 16.0, 16.0, 16.0, 16.0, 16.0, 16.0, 16.0, 16.0, 16.0, 16.0, 16.0, 16.0, 16.0, 16.0, 16.0, 16.0, 16.0, 16.0, 16.0, 16.0, 16.0, 16.0, 16.0, 16.0, 16.0, 16.0, 16.0, 16.0, 16.0, 16.0, 16.0, 16.0, 16.0, 16.0, 16.0, 16.0, 16.0, 16.0, 16.0, 16.0, 16.0, 16.0, 16.0, 16.0, 16.0, 16.0, 16.0, 16.0, 16.0, 16.0, 16.0, 16.0, 16.0, 16.0, 16.0, 16.0, 16.0, 16.0, 16.0, 16.0, 16.0, 16.0, 16.0, 16.0, 16.0, 16.0, 16.0, 16.0, 16.0, 16.0, 16.0, 16.0, 16.0, 16.0, 16.0, 16.0, 16.0, 16.0, 16.0, 16.0, 16.0, 16.0, 16.0, 16.0, 16.0, 16.0, 16.0, 16.0, 16.0, 16.0, 16.0, 16.0, 16.0, 16.0, 16.0, 16.0, 16.0, 16.0, 16.0, 16.0, 16.0, 16.0, 16.0, 16.0, 16.0, 16.0, 16.0, 16.0, 16.0, 1