,number,value,datetime_start,datetime_complete,duration,params_batch_size_scaler,params_constant_learning_rate,params_depth,params_epochs,params_kernel_l2,params_num_trees,params_temperature,user_attrs_accuracy_test,user_attrs_accuracy_valid,user_attrs_approximate_feature_sparsity,user_attrs_approximate_feature_sparsity_history,user_attrs_approximate_weight_sparsity,user_attrs_approximate_weight_sparsity_history,user_attrs_auc_test,user_attrs_auc_valid,user_attrs_feature_sparsity,user_attrs_feature_sparsity_history,user_attrs_num_epochs,user_attrs_val_loss_history,user_attrs_weight_sparsity,user_attrs_weight_sparsity_history,state
153,153,0.6989089410158312,2024-08-31 07:53:32.696445,2024-08-31 07:55:19.421982,0 days 00:01:46.725537,64,0.018442601764011253,6,235,0.02744126178044783,30,0.005183911536378975,0.859,0.85875,33,"[33, 33, 33, 33, 33, 33, 33, 33, 33, 33, 33, 33, 33, 33, 33, 33, 33, 33, 33, 33, 33, 33, 33, 33, 33, 33, 33, 33, 33, 33, 33, 33, 33, 33, 33, 33, 33, 33, 33, 33, 33, 33, 33, 33, 33, 33, 33, 33, 33, 33, 33, 33, 33, 33, 33, 33, 33, 33, 33, 33, 33, 33, 33, 33, 33, 33, 33, 33, 33, 33, 33, 33, 33, 33, 33, 33, 33, 33, 33, 33, 33, 33, 33, 33, 33, 33, 33, 33, 33, 33, 33, 33, 33, 33, 33, 33, 33, 33, 33, 33, 33, 33, 33, 33, 33, 33, 33, 33, 33, 33, 33, 33, 33, 33, 33, 33, 33, 33, 33, 33, 33, 33, 33, 33, 33, 33, 33, 33, 33, 33, 33, 33, 33, 33, 33, 33, 33, 33, 33, 33, 33, 33, 33, 33, 33, 33, 33, 33, 33, 33, 33, 33, 33, 33, 33, 33, 33, 33, 33, 33, 33, 33, 33, 33, 33, 33, 33, 33, 33, 33, 33, 33, 33, 33, 33, 33, 33, 33, 33, 33, 33, 33, 33, 33, 33, 33, 33, 33, 33, 33, 33, 33, 33, 33, 33, 33, 33, 33, 33, 33, 33, 33, 33, 33, 33, 33, 33, 33, 33, 33, 33, 33, 33, 33, 33, 33, 33, 33, 33, 33, 33, 33, 33, 33, 33, 33, 33, 33, 33, 33, 33, 33, 33, 33, 33]",32.93015873015873,"[32.939153439153436, 32.94497354497354, 32.94761904761905, 32.94920634920635, 32.95185185185185, 32.95079365079365, 32.94814814814815, 32.94603174603175, 32.94285714285714, 32.94391534391534, 32.94391534391534, 32.94074074074074, 32.94232804232804, 32.94391534391534, 32.94497354497354, 32.94814814814815, 32.94708994708995, 32.94603174603175, 32.94814814814815, 32.94444444444445, 32.94126984126984, 32.94232804232804, 32.94232804232804, 32.93968253968254, 32.94179894179894, 32.94391534391534, 32.94497354497354, 32.94285714285714, 32.94391534391534, 32.94285714285714, 32.94550264550265, 32.94232804232804, 32.94285714285715, 32.94391534391535, 32.94497354497354, 32.94550264550265, 32.94497354497355, 32.94497354497354, 32.94338624338624, 32.94126984126984, 32.94232804232804, 32.94126984126984, 32.941798941798936, 32.942328042328036, 32.94338624338624, 32.94550264550265, 32.94391534391535, 32.94761904761905, 32.94761904761905, 32.94550264550265, 32.94761904761905, 32.94867724867725, 32.94920634920635, 32.94867724867725, 32.94708994708994, 32.94761904761904, 32.94656084656085, 32.94603174603174, 32.94708994708995, 32.94603174603174, 32.94497354497354, 32.94232804232804, 32.94338624338624, 32.94550264550264, 32.94656084656084, 32.94814814814815, 32.94656084656085, 32.94444444444444, 32.94285714285714, 32.94391534391534, 32.94074074074074, 32.939153439153436, 32.94285714285714, 32.94338624338624, 32.94285714285714, 32.94391534391534, 32.94497354497355, 32.94232804232804, 32.94179894179894, 32.94074074074074, 32.94126984126984, 32.93915343915344, 32.94021164021164, 32.939682539682536, 32.94021164021164, 32.93809523809524, 32.93756613756614, 32.93809523809524, 32.94232804232804, 32.94338624338624, 32.94391534391534, 32.94126984126984, 32.94232804232804, 32.94550264550265, 32.94444444444445, 32.94338624338624, 32.94338624338624, 32.94391534391534, 32.94391534391534, 32.94179894179894, 32.94338624338624, 32.94497354497354, 32.94603174603174, 32.94656084656085, 32.94550264550265, 32.94656084656085, 32.94550264550265, 32.94338624338624, 32.94285714285714, 32.94444444444444, 32.94338624338624, 32.94126984126984, 32.93703703703704, 32.93809523809524, 32.939153439153436, 32.93703703703704, 32.93650793650794, 32.93597883597884, 32.93756613756614, 32.93650793650794, 32.93597883597884, 32.93544973544974, 32.93703703703704, 32.93809523809524, 32.93809523809524, 32.939153439153436, 32.940211640211636, 32.940211640211636, 32.93862433862434, 32.94126984126984, 32.94232804232804, 32.94126984126984, 32.94021164021164, 32.94021164021164, 32.94074074074074, 32.939682539682536, 32.940211640211636, 32.94232804232804, 32.94179894179894, 32.939153439153436, 32.94074074074074, 32.939682539682536, 32.94074074074074, 32.94179894179894, 32.94285714285714, 32.94232804232804, 32.94338624338624, 32.94444444444444, 32.94338624338624, 32.94338624338624, 32.94232804232804, 32.94285714285714, 32.94179894179894, 32.94391534391534, 32.94074074074074, 32.94074074074074, 32.93968253968254, 32.93968253968254, 32.93968253968254, 32.93809523809524, 32.94021164021164, 32.94126984126984, 32.93915343915344, 32.938095238095244, 32.93703703703704, 32.93703703703704, 32.93756613756614, 32.93968253968254, 32.94021164021164, 32.94285714285714, 32.94126984126984, 32.93968253968254, 32.93809523809524, 32.939682539682536, 32.940211640211636, 32.94126984126984, 32.94074074074074, 32.94126984126984, 32.94285714285714, 32.94232804232804, 32.94021164021164, 32.94021164021164, 32.94126984126984, 32.94074074074074, 32.94126984126984, 32.94179894179894, 32.94179894179894, 32.94074074074074, 32.93968253968254, 32.93915343915344, 32.93650793650794, 32.937566137566144, 32.93597883597884, 32.93597883597884, 32.93544973544974, 32.93333333333334, 32.93333333333334, 32.93386243386244, 32.93439153439154, 32.93650793650794, 32.93703703703704, 32.93703703703704, 32.93544973544974, 32.93544973544974, 32.93703703703704, 32.93597883597884, 32.93809523809524, 32.938095238095244, 32.93915343915344, 32.938624338624344, 32.938624338624344, 32.93756613756614, 32.938095238095244, 32.93915343915344, 32.93915343915344, 32.93862433862434, 32.93915343915344, 32.93809523809524, 32.93597883597884, 32.93597883597884, 32.93492063492063, 32.93280423280423, 32.93280423280423, 32.93280423280423, 32.92962962962963, 32.927513227513224, 32.928042328042324, 32.928042328042324, 32.93068783068783, 32.93121693121694, 32.93068783068783, 32.92857142857142, 32.93121693121694, 32.93121693121693, 32.93015873015873]",0.734492523881472,0.6989089410158312,33,"[33, 33, 33, 33, 33, 33, 33, 33, 33, 33, 33, 33, 33, 33, 33, 33, 33, 33, 33, 33, 33, 33, 33, 33, 33, 33, 33, 33, 33, 33, 33, 33, 33, 33, 33, 33, 33, 33, 33, 33, 33, 33, 33, 33, 33, 33, 33, 33, 33, 33, 33, 33, 33, 33, 33, 33, 33, 33, 33, 33, 33, 33, 33, 33, 33, 33, 33, 33, 33, 33, 33, 33, 33, 33, 33, 33, 33, 33, 33, 33, 33, 33, 33, 33, 33, 33, 33, 33, 33, 33, 33, 33, 33, 33, 33, 33, 33, 33, 33, 33, 33, 33, 33, 33, 33, 33, 33, 33, 33, 33, 33, 33, 33, 33, 33, 33, 33, 33, 33, 33, 33, 33, 33, 33, 33, 33, 33, 33, 33, 33, 33, 33, 33, 33, 33, 33, 33, 33, 33, 33, 33, 33, 33, 33, 33, 33, 33, 33, 33, 33, 33, 33, 33, 33, 33, 33, 33, 33, 33, 33, 33, 33, 33, 33, 33, 33, 33, 33, 33, 33, 33, 33, 33, 33, 33, 33, 33, 33, 33, 33, 33, 33, 33, 33, 33, 33, 33, 33, 33, 33, 33, 33, 33, 33, 33, 33, 33, 33, 33, 33, 33, 33, 33, 33, 33, 33, 33, 33, 33, 33, 33, 33, 33, 33, 33, 33, 33, 33, 33, 33, 33, 33, 33, 33, 33, 33, 33, 33, 33, 33, 33, 33, 33, 33, 33]",235,"[0.6925083994865417, 0.6813294291496277, 0.6699841022491455, 0.6595207452774048, 0.6494541764259338, 0.639903724193573, 0.6309149861335754, 0.6221962571144104, 0.6137031316757202, 0.6053472757339478, 0.5975986123085022, 0.590334951877594, 0.5832114219665527, 0.5770356059074402, 0.5706958174705505, 0.5645235776901245, 0.5584843158721924, 0.5526710748672485, 0.5472046732902527, 0.5417914986610413, 0.5368263721466064, 0.5320298075675964, 0.5272740721702576, 0.5228167772293091, 0.5185326337814331, 0.514412522315979, 0.5102729201316833, 0.5063258409500122, 0.5027663707733154, 0.49920523166656494, 0.49586808681488037, 0.4927515685558319, 0.4898194372653961, 0.48679301142692566, 0.48389098048210144, 0.48120081424713135, 0.47871771454811096, 0.4762006998062134, 0.47366657853126526, 0.4711591601371765, 0.4688253104686737, 0.46657904982566833, 0.4644220471382141, 0.4625217914581299, 0.46050116419792175, 0.4585795998573303, 0.45681607723236084, 0.45515310764312744, 0.45349276065826416, 0.4518531560897827, 0.45014703273773193, 0.44854095578193665, 0.44708165526390076, 0.44564542174339294, 0.44416773319244385, 0.4427751302719116, 0.4415662884712219, 0.4401825964450836, 0.4388863444328308, 0.437593549489975, 0.436420202255249, 0.43529778718948364, 0.43430691957473755, 0.43315964937210083, 0.43215489387512207, 0.43110427260398865, 0.4300665259361267, 0.4291251301765442, 0.42818599939346313, 0.42726022005081177, 0.42642971873283386, 0.42560750246047974, 0.4247504770755768, 0.423917680978775, 0.42314356565475464, 0.4224214553833008, 0.4217321276664734, 0.4210633337497711, 0.4204462766647339, 0.41971808671951294, 0.4190685749053955, 0.41841280460357666, 0.41775694489479065, 0.4171161949634552, 0.41652384400367737, 0.4158705174922943, 0.415363609790802, 0.41483575105667114, 0.4142701029777527, 0.41378480195999146, 0.4133544862270355, 0.4128878116607666, 0.41244181990623474, 0.41193652153015137, 0.41150161623954773, 0.4110356271266937, 0.4106167256832123, 0.4102107584476471, 0.40984439849853516, 0.40943408012390137, 0.40902969241142273, 0.408613383769989, 0.40825289487838745, 0.4078916907310486, 0.40754279494285583, 0.40721121430397034, 0.4068813621997833, 0.40656208992004395, 0.4062100350856781, 0.4059007167816162, 0.40558648109436035, 0.4052623510360718, 0.40496599674224854, 0.40465930104255676, 0.4043654501438141, 0.40412652492523193, 0.40387535095214844, 0.4036138653755188, 0.40335190296173096, 0.40309813618659973, 0.40286025404930115, 0.402583509683609, 0.40237128734588623, 0.40214842557907104, 0.40195316076278687, 0.4017275869846344, 0.40154269337654114, 0.40132662653923035, 0.40110766887664795, 0.40090516209602356, 0.4007194936275482, 0.4005179703235626, 0.4003311097621918, 0.4001471996307373, 0.3999347984790802, 0.39970701932907104, 0.39951175451278687, 0.39933356642723083, 0.3991851508617401, 0.3990051746368408, 0.3988312780857086, 0.39865097403526306, 0.398490309715271, 0.39829447865486145, 0.3981371819972992, 0.39798617362976074, 0.3978094160556793, 0.39765530824661255, 0.3975084722042084, 0.39734113216400146, 0.3971858322620392, 0.3970261514186859, 0.39688965678215027, 0.3967532217502594, 0.3966124355792999, 0.39647045731544495, 0.39633646607398987, 0.396207720041275, 0.3961036801338196, 0.39596623182296753, 0.3958241641521454, 0.3957127332687378, 0.39559224247932434, 0.39547890424728394, 0.3953694999217987, 0.3952462077140808, 0.3951341509819031, 0.39501750469207764, 0.39490193128585815, 0.3947937488555908, 0.39469659328460693, 0.3945784866809845, 0.39446544647216797, 0.3943308889865875, 0.39423659443855286, 0.3941366672515869, 0.3940316438674927, 0.3939151465892792, 0.3938056528568268, 0.3936874270439148, 0.39356908202171326, 0.39346519112586975, 0.3933528661727905, 0.393246054649353, 0.39315417408943176, 0.3930560052394867, 0.39294978976249695, 0.39285287261009216, 0.39274856448173523, 0.3926594853401184, 0.3925727605819702, 0.3924810290336609, 0.392395555973053, 0.3923005163669586, 0.39222267270088196, 0.3921264410018921, 0.3920460045337677, 0.3919597268104553, 0.39186495542526245, 0.39179524779319763, 0.39169546961784363, 0.39162135124206543, 0.391532301902771, 0.39145907759666443, 0.39139020442962646, 0.3912930190563202, 0.3912106454372406, 0.3911431133747101, 0.3910561800003052, 0.39096957445144653, 0.3908878564834595, 0.3908305764198303, 0.3907419443130493, 0.39068177342414856, 0.3905947208404541, 0.39052441716194153, 0.3904578685760498, 0.390381783246994, 0.39030542969703674, 0.3902372121810913, 0.39016592502593994, 0.39011767506599426, 0.39005106687545776, 0.3899812698364258, 0.3899228572845459, 0.38984259963035583, 0.3897645175457001, 0.3896991014480591, 0.3896554708480835, 0.3895932137966156, 0.3895261883735657, 0.38944920897483826, 0.38939207792282104, 0.3893316388130188, 0.3892678916454315]",33.0,"[33.0, 33.0, 33.0, 33.0, 33.0, 33.0, 33.0, 33.0, 33.0, 33.0, 33.0, 33.0, 33.0, 33.0, 33.0, 33.0, 33.0, 33.0, 33.0, 33.0, 33.0, 33.0, 33.0, 33.0, 33.0, 33.0, 33.0, 33.0, 33.0, 33.0, 33.0, 33.0, 33.0, 33.0, 33.0, 33.0, 33.0, 33.0, 33.0, 33.0, 33.0, 33.0, 33.0, 33.0, 33.0, 33.0, 33.0, 33.0, 33.0, 33.0, 33.0, 33.0, 33.0, 33.0, 33.0, 33.0, 33.0, 33.0, 33.0, 33.0, 33.0, 33.0, 33.0, 33.0, 33.0, 33.0, 33.0, 33.0, 33.0, 33.0, 33.0, 33.0, 33.0, 33.0, 33.0, 33.0, 33.0, 33.0, 33.0, 33.0, 33.0, 33.0, 33.0, 33.0, 33.0, 33.0, 33.0, 33.0, 33.0, 33.0, 33.0, 33.0, 33.0, 33.0, 33.0, 33.0, 33.0, 33.0, 33.0, 33.0, 33.0, 33.0, 33.0, 33.0, 33.0, 33.0, 33.0, 33.0, 33.0, 33.0, 33.0, 33.0, 33.0, 33.0, 33.0, 33.0, 33.0, 33.0, 33.0, 33.0, 33.0, 33.0, 33.0, 33.0, 33.0, 33.0, 33.0, 33.0, 33.0, 33.0, 33.0, 33.0, 33.0, 33.0, 33.0, 33.0, 33.0, 33.0, 33.0, 33.0, 33.0, 33.0, 33.0, 33.0, 33.0, 33.0, 33.0, 33.0, 33.0, 33.0, 33.0, 33.0, 33.0, 33.0, 33.0, 33.0, 33.0, 33.0, 33.0, 33.0, 33.0, 33.0, 33.0, 33.0, 33.0, 33.0, 33.0, 33.0, 33.0, 33.0, 33.0, 33.0, 33.0, 33.0, 33.0, 33.0, 33.0, 33.0, 33.0, 33.0, 33.0, 33.0, 33.0, 33.0, 33.0, 33.0, 33.0, 33.0, 33.0, 33.0, 33.0, 33.0, 33.0, 33.0, 33.0, 33.0, 33.0, 33.0, 33.0, 33.0, 33.0, 33.0, 33.0, 33.0, 33.0, 33.0, 33.0, 33.0, 33.0, 33.0, 33.0, 33.0, 33.0, 33.0, 33.0, 33.0, 33.0, 33.0, 33.0, 33.0, 33.0, 33.0, 33.0, 33.0, 33.0, 33.0, 33.0, 33.0, 33.0, 33.0, 33.0, 33.0, 33.0, 33.0, 33.0]",COMPLETE
