,number,value,datetime_start,datetime_complete,duration,params_batch_size_scaler,params_constant_learning_rate,params_depth,params_epochs,params_kernel_l2,params_num_trees,params_temperature,user_attrs_accuracy_test,user_attrs_accuracy_valid,user_attrs_approximate_feature_sparsity,user_attrs_approximate_feature_sparsity_history,user_attrs_approximate_weight_sparsity,user_attrs_approximate_weight_sparsity_history,user_attrs_auc_test,user_attrs_auc_valid,user_attrs_feature_sparsity,user_attrs_feature_sparsity_history,user_attrs_num_epochs,user_attrs_val_loss_history,user_attrs_weight_sparsity,user_attrs_weight_sparsity_history,state
73,73,0.7759013796035089,2024-08-31 03:48:39.458316,2024-08-31 03:51:37.450563,0 days 00:02:57.992247,4,0.02776058963328909,6,210,0.6501251272342141,1,0.0007023297071226155,0.888,0.8825,5,"[33, 33, 33, 33, 33, 33, 33, 33, 33, 33, 33, 33, 33, 33, 33, 33, 33, 33, 33, 33, 33, 33, 33, 33, 33, 33, 33, 33, 33, 33, 33, 33, 33, 33, 33, 33, 32, 32, 30, 29, 25, 24, 18, 18, 18, 17, 15, 15, 15, 13, 13, 12, 12, 11, 11, 11, 11, 11, 10, 10, 10, 10, 9, 9, 9, 9, 9, 9, 9, 8, 8, 8, 8, 8, 8, 8, 8, 8, 8, 8, 7, 7, 7, 7, 7, 7, 7, 7, 7, 6, 6, 6, 6, 6, 6, 6, 6, 6, 6, 6, 6, 6, 6, 6, 6, 6, 6, 6, 6, 5, 5, 5, 5, 5, 5, 5, 5, 5, 5, 5, 5, 5, 5, 5, 5, 5, 5, 5, 5, 5, 5, 5, 5, 5, 5, 5, 5, 5, 5, 5, 5, 5, 5, 5, 5, 5, 5, 5, 5, 5, 5, 5, 5, 5, 5, 5, 5, 5, 5, 5, 5, 5, 5, 5, 5, 5, 5, 5, 5, 5, 5, 5, 5, 5, 5, 5, 5, 5, 5, 5, 5, 5, 5, 5, 5, 5, 5, 5, 5, 5, 5, 5, 5, 5, 5, 5, 5, 5, 5, 5, 5, 5, 5, 5, 5, 5, 5, 5, 5, 5]",4.841269841269842,"[33.0, 33.0, 33.0, 33.0, 32.98412698412699, 32.96825396825397, 33.0, 32.98412698412699, 33.0, 33.0, 33.0, 33.0, 33.0, 32.95238095238095, 33.0, 32.98412698412699, 32.98412698412699, 32.93650793650794, 32.98412698412699, 32.98412698412699, 32.96825396825397, 32.98412698412699, 33.0, 32.98412698412699, 32.98412698412699, 32.95238095238095, 32.98412698412699, 32.96825396825397, 33.0, 32.98412698412699, 32.96825396825397, 32.96825396825397, 33.0, 32.98412698412699, 32.98412698412699, 32.98412698412699, 31.96825396825397, 31.96825396825397, 29.952380952380953, 28.96825396825397, 24.936507936507937, 23.92063492063492, 17.92063492063492, 17.936507936507937, 17.936507936507937, 16.96825396825397, 14.968253968253968, 14.952380952380953, 14.952380952380953, 12.952380952380953, 12.984126984126984, 11.968253968253968, 11.984126984126984, 10.952380952380953, 10.952380952380953, 10.952380952380953, 10.968253968253968, 10.952380952380953, 9.952380952380953, 9.952380952380953, 9.936507936507937, 9.936507936507937, 8.952380952380953, 8.984126984126984, 8.952380952380953, 8.984126984126984, 9.0, 9.0, 8.968253968253968, 7.968253968253968, 7.9523809523809526, 7.968253968253968, 7.968253968253968, 7.968253968253968, 7.968253968253968, 7.968253968253968, 7.968253968253968, 7.984126984126984, 8.0, 8.0, 7.0, 6.968253968253968, 6.984126984126984, 6.9523809523809526, 6.968253968253968, 6.968253968253968, 6.968253968253968, 6.984126984126984, 6.968253968253968, 5.984126984126984, 5.968253968253968, 5.968253968253968, 5.968253968253968, 5.968253968253968, 6.0, 6.0, 5.984126984126984, 5.984126984126984, 5.984126984126984, 5.968253968253968, 5.9523809523809526, 5.968253968253968, 5.9523809523809526, 5.968253968253968, 5.968253968253968, 5.968253968253968, 5.968253968253968, 5.936507936507937, 5.9523809523809526, 4.968253968253968, 4.968253968253968, 4.968253968253968, 4.984126984126984, 4.984126984126984, 4.9523809523809526, 4.9523809523809526, 4.968253968253968, 4.968253968253968, 4.9523809523809526, 4.9523809523809526, 4.9523809523809526, 4.9523809523809526, 4.968253968253968, 4.968253968253968, 4.984126984126984, 4.984126984126984, 4.984126984126984, 4.9523809523809526, 4.936507936507937, 4.9523809523809526, 4.968253968253968, 4.968253968253968, 4.968253968253968, 4.9523809523809526, 4.936507936507937, 4.904761904761904, 4.888888888888888, 4.904761904761904, 4.92063492063492, 4.936507936507937, 4.9523809523809526, 4.9523809523809526, 4.936507936507937, 4.904761904761905, 4.920634920634921, 4.9523809523809526, 4.968253968253968, 4.968253968253968, 4.936507936507937, 4.936507936507937, 4.936507936507937, 4.936507936507937, 4.936507936507937, 4.9523809523809526, 4.9523809523809526, 4.936507936507937, 4.936507936507937, 4.968253968253968, 4.968253968253968, 4.968253968253968, 4.968253968253968, 4.9523809523809526, 4.968253968253968, 4.9523809523809526, 4.936507936507937, 4.936507936507937, 4.9523809523809526, 4.936507936507937, 4.9523809523809526, 4.920634920634921, 4.920634920634921, 4.904761904761905, 4.888888888888889, 4.888888888888888, 4.873015873015873, 4.857142857142857, 4.841269841269841, 4.825396825396825, 4.809523809523809, 4.825396825396826, 4.8730158730158735, 4.8730158730158735, 4.8730158730158735, 4.857142857142857, 4.857142857142857, 4.873015873015873, 4.904761904761905, 4.920634920634921, 4.920634920634921, 4.920634920634921, 4.888888888888889, 4.888888888888889, 4.904761904761905, 4.888888888888889, 4.888888888888889, 4.888888888888889, 4.841269841269842, 4.857142857142858, 4.841269841269842, 4.841269841269842, 4.825396825396825, 4.825396825396825, 4.809523809523809, 4.7936507936507935, 4.7936507936507935, 4.7936507936507935, 4.809523809523809, 4.841269841269842, 4.857142857142858, 4.841269841269842]",0.7842782717822967,0.7759013796035089,5,"[33, 33, 33, 33, 33, 33, 33, 33, 33, 33, 33, 33, 33, 33, 33, 33, 33, 33, 33, 33, 33, 33, 33, 33, 33, 33, 33, 33, 33, 33, 33, 33, 33, 33, 33, 33, 32, 32, 30, 29, 25, 24, 18, 18, 18, 17, 15, 15, 15, 13, 13, 12, 12, 11, 11, 11, 11, 11, 10, 10, 10, 10, 9, 9, 9, 9, 9, 9, 9, 8, 8, 8, 8, 8, 8, 8, 8, 8, 8, 8, 7, 7, 7, 7, 7, 7, 7, 7, 7, 6, 6, 6, 6, 6, 6, 6, 6, 6, 6, 6, 6, 6, 6, 6, 6, 6, 6, 6, 6, 5, 5, 5, 5, 5, 5, 5, 5, 5, 5, 5, 5, 5, 5, 5, 5, 5, 5, 5, 5, 5, 5, 5, 5, 5, 5, 5, 5, 5, 5, 5, 5, 5, 5, 5, 5, 5, 5, 5, 5, 5, 5, 5, 5, 5, 5, 5, 5, 5, 5, 5, 5, 5, 5, 5, 5, 5, 5, 5, 5, 5, 5, 5, 5, 5, 5, 5, 5, 5, 5, 5, 5, 5, 5, 5, 5, 5, 5, 5, 5, 5, 5, 5, 5, 5, 5, 5, 5, 5, 5, 5, 5, 5, 5, 5, 5, 5, 5, 5, 5, 5]",210,"[1.2329024076461792, 1.1824884414672852, 1.1350327730178833, 1.0900657176971436, 1.047216773033142, 1.0061427354812622, 0.9665983319282532, 0.9284089803695679, 0.8914562463760376, 0.8557485938072205, 0.8213902115821838, 0.7885298728942871, 0.7574032545089722, 0.7282454967498779, 0.7012144327163696, 0.6764258742332458, 0.6538823843002319, 0.6334776878356934, 0.6150676012039185, 0.5984737277030945, 0.5835638642311096, 0.5700505375862122, 0.5577587485313416, 0.5465642809867859, 0.5363701581954956, 0.5269765257835388, 0.5183370113372803, 0.510320782661438, 0.502845048904419, 0.49587512016296387, 0.4893814027309418, 0.4832748472690582, 0.47750458121299744, 0.4720584750175476, 0.46690231561660767, 0.4620100259780884, 0.4557360112667084, 0.4513796865940094, 0.4447389841079712, 0.4397760331630707, 0.43201056122779846, 0.42699745297431946, 0.4177611172199249, 0.4153262674808502, 0.4129539132118225, 0.408340722322464, 0.4062461853027344, 0.40404605865478516, 0.4018866717815399, 0.40088847279548645, 0.39894112944602966, 0.39642104506492615, 0.39450401067733765, 0.3933914601802826, 0.39150309562683105, 0.38969314098358154, 0.3879440426826477, 0.38624250888824463, 0.38519763946533203, 0.3835600018501282, 0.381990522146225, 0.3804912567138672, 0.3794451951980591, 0.3776361346244812, 0.37606894969940186, 0.37464672327041626, 0.3733234107494354, 0.3720763921737671, 0.37090450525283813, 0.37077468633651733, 0.369617223739624, 0.3685546815395355, 0.36753901839256287, 0.3665889799594879, 0.3656626045703888, 0.36479926109313965, 0.3639473617076874, 0.36314505338668823, 0.3623824417591095, 0.36164364218711853, 0.36291372776031494, 0.36213719844818115, 0.36143264174461365, 0.3607725203037262, 0.36014193296432495, 0.3595585227012634, 0.3589819073677063, 0.3584498167037964, 0.35795262455940247, 0.36018264293670654, 0.35941001772880554, 0.3587910830974579, 0.35825255513191223, 0.35775431990623474, 0.35731083154678345, 0.35689106583595276, 0.35650375485420227, 0.35612860321998596, 0.35577714443206787, 0.3554323613643646, 0.35510948300361633, 0.3547937273979187, 0.3544813096523285, 0.354183554649353, 0.3538993000984192, 0.3536168038845062, 0.3533546030521393, 0.35309314727783203, 0.3528437316417694, 0.3561512231826782, 0.355821430683136, 0.35555824637413025, 0.3553261160850525, 0.3551008105278015, 0.35487839579582214, 0.35466694831848145, 0.3544592559337616, 0.3542559742927551, 0.35405418276786804, 0.3538667559623718, 0.3536830544471741, 0.35348841547966003, 0.35330730676651, 0.35313743352890015, 0.3529588580131531, 0.3527916967868805, 0.3526202440261841, 0.35246172547340393, 0.35232022404670715, 0.3521808683872223, 0.35202309489250183, 0.3518833518028259, 0.3517436981201172, 0.3516157865524292, 0.35148391127586365, 0.35135748982429504, 0.3512411415576935, 0.35110318660736084, 0.3509807586669922, 0.35087066888809204, 0.35074466466903687, 0.3506411612033844, 0.35052719712257385, 0.35041534900665283, 0.350311279296875, 0.350200891494751, 0.3501114547252655, 0.3500070571899414, 0.3499200940132141, 0.34983202815055847, 0.34973275661468506, 0.3496420383453369, 0.3495583236217499, 0.34947526454925537, 0.34938618540763855, 0.34930354356765747, 0.34921225905418396, 0.34911879897117615, 0.34904003143310547, 0.3489667773246765, 0.34888240694999695, 0.34881070256233215, 0.3487474322319031, 0.34865689277648926, 0.3485819101333618, 0.348522424697876, 0.3484421968460083, 0.34835922718048096, 0.34828126430511475, 0.34820356965065, 0.3481457233428955, 0.3480723202228546, 0.3479878902435303, 0.34791332483291626, 0.3478357195854187, 0.34775689244270325, 0.3476879894733429, 0.34763863682746887, 0.34755733609199524, 0.3475017249584198, 0.34746280312538147, 0.3474137783050537, 0.3473675549030304, 0.3472936749458313, 0.3472141921520233, 0.3471566140651703, 0.34708908200263977, 0.3470287024974823, 0.3469749391078949, 0.3469218909740448, 0.346847265958786, 0.3468005359172821, 0.34675976634025574, 0.346691370010376, 0.34664005041122437, 0.3465889096260071, 0.34653568267822266, 0.3464830815792084, 0.34642666578292847, 0.34637659788131714, 0.34632351994514465, 0.3462631106376648, 0.34619948267936707, 0.34615790843963623, 0.346101850271225, 0.34606143832206726, 0.34600630402565, 0.345956951379776, 0.34590309858322144, 0.34585437178611755]",5.0,"[33.0, 33.0, 33.0, 33.0, 33.0, 33.0, 33.0, 33.0, 33.0, 33.0, 33.0, 33.0, 33.0, 33.0, 33.0, 33.0, 33.0, 33.0, 33.0, 33.0, 33.0, 33.0, 33.0, 33.0, 33.0, 33.0, 33.0, 33.0, 33.0, 33.0, 33.0, 33.0, 33.0, 33.0, 33.0, 33.0, 32.0, 32.0, 30.0, 29.0, 25.0, 24.0, 18.0, 18.0, 18.0, 17.0, 15.0, 15.0, 15.0, 13.0, 13.0, 12.0, 12.0, 11.0, 11.0, 11.0, 11.0, 11.0, 10.0, 10.0, 10.0, 10.0, 9.0, 9.0, 9.0, 9.0, 9.0, 9.0, 9.0, 8.0, 8.0, 8.0, 8.0, 8.0, 8.0, 8.0, 8.0, 8.0, 8.0, 8.0, 7.0, 7.0, 7.0, 7.0, 7.0, 7.0, 7.0, 7.0, 7.0, 6.0, 6.0, 6.0, 6.0, 6.0, 6.0, 6.0, 6.0, 6.0, 6.0, 6.0, 6.0, 6.0, 6.0, 6.0, 6.0, 6.0, 6.0, 6.0, 6.0, 5.0, 5.0, 5.0, 5.0, 5.0, 5.0, 5.0, 5.0, 5.0, 5.0, 5.0, 5.0, 5.0, 5.0, 5.0, 5.0, 5.0, 5.0, 5.0, 5.0, 5.0, 5.0, 5.0, 5.0, 5.0, 5.0, 5.0, 5.0, 5.0, 5.0, 5.0, 5.0, 5.0, 5.0, 5.0, 5.0, 5.0, 5.0, 5.0, 5.0, 5.0, 5.0, 5.0, 5.0, 5.0, 5.0, 5.0, 5.0, 5.0, 5.0, 5.0, 5.0, 5.0, 5.0, 5.0, 5.0, 5.0, 5.0, 5.0, 5.0, 5.0, 5.0, 5.0, 5.0, 5.0, 5.0, 5.0, 5.0, 5.0, 5.0, 5.0, 5.0, 5.0, 5.0, 5.0, 5.0, 5.0, 5.0, 5.0, 5.0, 5.0, 5.0, 5.0, 5.0, 5.0, 5.0, 5.0, 5.0, 5.0, 5.0, 5.0, 5.0, 5.0, 5.0, 5.0, 5.0, 5.0, 5.0, 5.0, 5.0, 5.0]",COMPLETE
