,number,value,datetime_start,datetime_complete,duration,params_batch_size_scaler,params_constant_learning_rate,params_depth,params_epochs,params_kernel_l2,params_num_trees,params_temperature,user_attrs_accuracy_test,user_attrs_accuracy_valid,user_attrs_approximate_feature_sparsity,user_attrs_approximate_feature_sparsity_history,user_attrs_approximate_weight_sparsity,user_attrs_approximate_weight_sparsity_history,user_attrs_auc_test,user_attrs_auc_valid,user_attrs_feature_sparsity,user_attrs_feature_sparsity_history,user_attrs_num_epochs,user_attrs_val_loss_history,user_attrs_weight_sparsity,user_attrs_weight_sparsity_history,state
115,115,0.8590575929718797,2024-08-31 06:21:20.130245,2024-08-31 06:22:06.850161,0 days 00:00:46.719916,64,6.918985256374976,4,215,0.0019394964839011904,41,0.0012248087008283185,0.905,0.9,6,"[33, 33, 33, 33, 33, 33, 33, 33, 31, 20, 18, 16, 13, 11, 11, 11, 11, 11, 11, 10, 10, 10, 10, 10, 8, 7, 7, 7, 7, 7, 7, 7, 7, 7, 7, 7, 7, 7, 7, 7, 7, 7, 7, 7, 7, 7, 7, 7, 7, 7, 7, 7, 7, 7, 7, 7, 7, 7, 7, 7, 7, 7, 7, 7, 7, 7, 7, 7, 7, 7, 7, 7, 7, 7, 7, 7, 7, 7, 7, 7, 7, 7, 7, 7, 7, 7, 7, 7, 7, 7, 7, 7, 7, 7, 7, 7, 7, 7, 7, 6, 6, 6, 6, 6, 6, 6, 6, 6, 6, 6, 6, 6, 6, 6, 6, 6, 6, 6, 6, 6, 6, 6, 6, 6, 6, 6, 6, 6, 6, 6, 6, 6, 6, 6, 6, 6, 6, 6, 6, 6, 6, 6, 6, 6, 6, 6, 6, 6, 6, 6, 6, 6, 6, 6, 6, 6, 6, 6, 6, 6, 6, 6, 6, 6, 6, 6, 6, 6, 6, 6, 6, 6, 6, 6, 6, 6, 6, 6, 6, 6, 6, 6, 6, 6, 6, 6, 6, 6, 6, 6, 6, 6, 6, 6, 6, 6, 6, 6, 6, 6, 6, 6, 6, 6, 6, 6, 6, 6, 6, 6, 6, 6, 6, 6, 6]",5.995121951219513,"[32.96910569105691, 32.9609756097561, 32.96260162601626, 32.97073170731707, 32.9739837398374, 32.96422764227643, 32.9739837398374, 32.9609756097561, 30.96747967479675, 19.978861788617888, 17.975609756097562, 15.98048780487805, 12.985365853658537, 10.990243902439026, 10.995121951219513, 10.99349593495935, 10.996747967479674, 10.99349593495935, 10.996747967479674, 9.998373983739837, 9.998373983739837, 9.983739837398375, 9.991869918699187, 9.996747967479674, 7.998373983739837, 6.998373983739837, 6.991869918699187, 6.991869918699187, 6.996747967479674, 6.998373983739837, 6.996747967479675, 6.99349593495935, 6.995121951219511, 6.995121951219512, 7.0, 6.996747967479674, 6.991869918699187, 6.995121951219511, 6.996747967479675, 6.996747967479674, 6.996747967479674, 6.996747967479674, 6.99349593495935, 6.996747967479674, 6.998373983739837, 6.996747967479674, 6.996747967479674, 6.998373983739837, 6.996747967479674, 6.991869918699187, 6.991869918699187, 7.0, 6.995121951219512, 6.998373983739837, 6.993495934959349, 6.996747967479674, 6.996747967479675, 6.998373983739837, 6.995121951219513, 6.996747967479675, 6.995121951219512, 6.991869918699187, 6.991869918699187, 6.995121951219513, 6.995121951219512, 6.996747967479675, 6.996747967479674, 6.996747967479675, 6.995121951219513, 6.996747967479675, 6.996747967479675, 6.99349593495935, 6.998373983739837, 6.991869918699187, 6.995121951219513, 6.99349593495935, 6.996747967479674, 6.995121951219512, 6.99349593495935, 6.991869918699187, 6.995121951219511, 6.99349593495935, 6.998373983739837, 7.0, 6.991869918699187, 6.995121951219511, 6.998373983739837, 7.0, 6.998373983739837, 7.0, 6.995121951219513, 6.995121951219513, 6.995121951219513, 6.991869918699187, 6.991869918699187, 6.99349593495935, 6.996747967479674, 6.995121951219512, 6.995121951219513, 5.996747967479675, 5.998373983739837, 5.996747967479674, 5.998373983739837, 5.996747967479675, 6.0, 5.995121951219512, 5.998373983739837, 5.996747967479675, 5.995121951219512, 5.998373983739837, 5.995121951219512, 5.998373983739837, 6.0, 5.996747967479675, 5.99349593495935, 5.998373983739837, 5.996747967479675, 5.998373983739837, 5.996747967479675, 5.996747967479675, 5.998373983739837, 5.99349593495935, 5.995121951219513, 6.0, 5.995121951219513, 5.995121951219512, 5.996747967479675, 5.99349593495935, 5.996747967479674, 6.0, 5.995121951219512, 5.995121951219512, 5.995121951219512, 5.993495934959349, 5.995121951219513, 5.998373983739837, 5.995121951219512, 5.996747967479675, 5.998373983739837, 6.0, 5.996747967479675, 5.996747967479675, 6.0, 5.995121951219513, 5.996747967479675, 5.998373983739837, 6.0, 5.995121951219512, 5.998373983739837, 5.996747967479674, 5.996747967479675, 5.998373983739837, 5.998373983739837, 5.996747967479675, 6.0, 6.0, 5.996747967479674, 5.996747967479675, 5.995121951219512, 5.995121951219512, 5.995121951219513, 5.998373983739837, 6.0, 5.996747967479675, 5.99349593495935, 5.998373983739837, 5.996747967479674, 5.996747967479675, 5.996747967479675, 5.996747967479675, 5.998373983739837, 5.99349593495935, 5.996747967479675, 5.996747967479675, 5.991869918699187, 5.99349593495935, 5.995121951219512, 5.998373983739837, 5.996747967479675, 5.996747967479675, 5.995121951219513, 5.998373983739837, 6.0, 5.998373983739837, 5.998373983739837, 6.0, 5.998373983739837, 5.998373983739837, 5.99349593495935, 5.995121951219513, 5.996747967479675, 5.996747967479675, 5.996747967479674, 5.998373983739837, 5.998373983739837, 5.998373983739837, 5.996747967479675, 5.996747967479675, 5.998373983739837, 5.991869918699187, 5.991869918699187, 5.996747967479675, 5.996747967479675, 5.998373983739837, 5.996747967479675, 5.998373983739837, 5.996747967479675, 5.995121951219512, 5.996747967479675, 5.99349593495935, 5.998373983739837, 6.0, 5.996747967479675, 5.998373983739837, 5.995121951219513]",0.8693103476746009,0.8590575929718797,6,"[33, 33, 33, 33, 33, 33, 33, 33, 31, 20, 18, 16, 13, 11, 11, 11, 11, 11, 11, 10, 10, 10, 10, 10, 8, 7, 7, 7, 7, 7, 7, 7, 7, 7, 7, 7, 7, 7, 7, 7, 7, 7, 7, 7, 7, 7, 7, 7, 7, 7, 7, 7, 7, 7, 7, 7, 7, 7, 7, 7, 7, 7, 7, 7, 7, 7, 7, 7, 7, 7, 7, 7, 7, 7, 7, 7, 7, 7, 7, 7, 7, 7, 7, 7, 7, 7, 7, 7, 7, 7, 7, 7, 7, 7, 7, 7, 7, 7, 7, 6, 6, 6, 6, 6, 6, 6, 6, 6, 6, 6, 6, 6, 6, 6, 6, 6, 6, 6, 6, 6, 6, 6, 6, 6, 6, 6, 6, 6, 6, 6, 6, 6, 6, 6, 6, 6, 6, 6, 6, 6, 6, 6, 6, 6, 6, 6, 6, 6, 6, 6, 6, 6, 6, 6, 6, 6, 6, 6, 6, 6, 6, 6, 6, 6, 6, 6, 6, 6, 6, 6, 6, 6, 6, 6, 6, 6, 6, 6, 6, 6, 6, 6, 6, 6, 6, 6, 6, 6, 6, 6, 6, 6, 6, 6, 6, 6, 6, 6, 6, 6, 6, 6, 6, 6, 6, 6, 6, 6, 6, 6, 6, 6, 6, 6, 6]",215,"[1.4461103677749634, 0.9666875600814819, 0.9908732771873474, 0.9245573282241821, 0.7521747350692749, 0.4358426034450531, 0.4504467248916626, 0.7084194421768188, 0.3334163427352905, 1.3423057794570923, 0.5015735626220703, 0.41366109251976013, 0.6109845638275146, 0.5955104827880859, 0.30055391788482666, 1.0401848554611206, 0.5757876634597778, 0.6889860033988953, 0.2833651602268219, 0.39581766724586487, 0.5661038160324097, 0.2812526822090149, 0.9350515007972717, 1.2224048376083374, 0.6867887377738953, 0.5177044868469238, 0.3416529893875122, 0.38559478521347046, 0.3621300160884857, 0.2958972752094269, 0.32114946842193604, 0.49695467948913574, 0.31982558965682983, 1.091341257095337, 0.842176616191864, 0.37679100036621094, 0.4759913682937622, 0.4324854016304016, 0.7466954588890076, 0.5915843844413757, 0.549649178981781, 1.0575031042099, 0.5037274956703186, 0.2938087582588196, 1.3748778104782104, 0.46110352873802185, 0.3998110890388489, 0.4657970368862152, 0.28831520676612854, 0.30075183510780334, 0.48234549164772034, 0.272688090801239, 0.2876351773738861, 0.34043145179748535, 0.2869345247745514, 0.3539062440395355, 0.2756364345550537, 0.35073617100715637, 0.36336424946784973, 0.28054067492485046, 1.1396706104278564, 0.4209265410900116, 0.30391594767570496, 0.3024929165840149, 0.5796684622764587, 0.3033292889595032, 0.3909485340118408, 0.30377593636512756, 0.6840627193450928, 0.2968008816242218, 0.5429416298866272, 0.6907378435134888, 0.3001153767108917, 0.7722722887992859, 0.29299700260162354, 0.3106318414211273, 0.29811662435531616, 0.27788370847702026, 0.38251009583473206, 0.2786308228969574, 0.7325818538665771, 0.43275338411331177, 0.5265111327171326, 0.28147369623184204, 0.7377898693084717, 0.29396218061447144, 0.37497884035110474, 0.2791081666946411, 0.636590838432312, 0.39995020627975464, 0.3315989375114441, 0.3884280323982239, 0.31318768858909607, 0.2706191837787628, 0.373703271150589, 0.37007972598075867, 0.3588908016681671, 0.3111662268638611, 0.6174365282058716, 0.44180232286453247, 0.2731762230396271, 0.5366140604019165, 0.7176968455314636, 0.26905572414398193, 0.5545483231544495, 0.3730827569961548, 1.1516003608703613, 0.31829550862312317, 0.32408103346824646, 0.2906731367111206, 0.30404433608055115, 0.4245229959487915, 0.26986464858055115, 0.43577641248703003, 0.3265468180179596, 0.5327696800231934, 0.3396453857421875, 0.4410470128059387, 0.3309870660305023, 0.5164903998374939, 0.31794169545173645, 0.3189674913883209, 0.5608502626419067, 0.31782421469688416, 0.3237537145614624, 0.267653226852417, 0.37390631437301636, 0.42893439531326294, 0.33482977747917175, 0.587136447429657, 0.3823588490486145, 0.39538711309432983, 0.3789418041706085, 0.407457172870636, 0.42904776334762573, 0.6136988401412964, 0.28039735555648804, 0.44624096155166626, 0.3736414313316345, 0.2839105427265167, 0.27543115615844727, 0.3653791546821594, 0.278166264295578, 0.27847129106521606, 0.263618141412735, 0.25933897495269775, 0.398864209651947, 0.5721452236175537, 0.3963325619697571, 0.36414578557014465, 0.2707352638244629, 0.2668333351612091, 0.421085923910141, 0.3411027789115906, 0.26493239402770996, 0.2612774968147278, 0.6300345063209534, 0.28168389201164246, 0.5737874507904053, 0.6085044741630554, 0.36105015873908997, 0.35806983709335327, 0.2718946635723114, 0.5122023820877075, 0.5455001592636108, 0.4519878625869751, 0.6841095685958862, 0.2851487100124359, 0.5868163108825684, 0.2653407156467438, 0.2713256776332855, 0.4505966603755951, 0.7837063074111938, 0.2630292773246765, 0.26574063301086426, 0.4553181827068329, 0.6884375214576721, 0.3533991277217865, 0.666276752948761, 0.33917877078056335, 0.26146766543388367, 0.27294278144836426, 0.3081255555152893, 0.34730634093284607, 0.389554888010025, 0.3668228089809418, 0.31069090962409973, 0.41078537702560425, 0.42941924929618835, 0.27618545293807983, 0.32143712043762207, 0.3612729609012604, 0.41037413477897644, 0.40621551871299744, 0.3166595697402954, 0.27770188450813293, 0.2620053291320801, 0.3236549496650696, 0.3507304787635803, 0.3332614004611969, 0.2739356756210327, 0.2817947566509247, 0.27701136469841003, 0.5376941561698914, 0.5192067623138428, 0.3593442142009735, 0.522488534450531, 0.5004794597625732, 0.2696407437324524, 0.27533599734306335, 0.2690975069999695, 0.44013693928718567, 0.38673537969589233, 0.2854434847831726, 0.30787816643714905]",6.0,"[33.0, 33.0, 33.0, 33.0, 33.0, 33.0, 33.0, 33.0, 31.0, 20.0, 18.0, 16.0, 13.0, 11.0, 11.0, 11.0, 11.0, 11.0, 11.0, 10.0, 10.0, 10.0, 10.0, 10.0, 8.0, 7.0, 7.0, 7.0, 7.0, 7.0, 7.0, 7.0, 7.0, 7.0, 7.0, 7.0, 7.0, 7.0, 7.0, 7.0, 7.0, 7.0, 7.0, 7.0, 7.0, 7.0, 7.0, 7.0, 7.0, 7.0, 7.0, 7.0, 7.0, 7.0, 7.0, 7.0, 7.0, 7.0, 7.0, 7.0, 7.0, 7.0, 7.0, 7.0, 7.0, 7.0, 7.0, 7.0, 7.0, 7.0, 7.0, 7.0, 7.0, 7.0, 7.0, 7.0, 7.0, 7.0, 7.0, 7.0, 7.0, 7.0, 7.0, 7.0, 7.0, 7.0, 7.0, 7.0, 7.0, 7.0, 7.0, 7.0, 7.0, 7.0, 7.0, 7.0, 7.0, 7.0, 7.0, 6.0, 6.0, 6.0, 6.0, 6.0, 6.0, 6.0, 6.0, 6.0, 6.0, 6.0, 6.0, 6.0, 6.0, 6.0, 6.0, 6.0, 6.0, 6.0, 6.0, 6.0, 6.0, 6.0, 6.0, 6.0, 6.0, 6.0, 6.0, 6.0, 6.0, 6.0, 6.0, 6.0, 6.0, 6.0, 6.0, 6.0, 6.0, 6.0, 6.0, 6.0, 6.0, 6.0, 6.0, 6.0, 6.0, 6.0, 6.0, 6.0, 6.0, 6.0, 6.0, 6.0, 6.0, 6.0, 6.0, 6.0, 6.0, 6.0, 6.0, 6.0, 6.0, 6.0, 6.0, 6.0, 6.0, 6.0, 6.0, 6.0, 6.0, 6.0, 6.0, 6.0, 6.0, 6.0, 6.0, 6.0, 6.0, 6.0, 6.0, 6.0, 6.0, 6.0, 6.0, 6.0, 6.0, 6.0, 6.0, 6.0, 6.0, 6.0, 6.0, 6.0, 6.0, 6.0, 6.0, 6.0, 6.0, 6.0, 6.0, 6.0, 6.0, 6.0, 6.0, 6.0, 6.0, 6.0, 6.0, 6.0, 6.0, 6.0, 6.0, 6.0, 6.0, 6.0, 6.0]",COMPLETE
