,number,value,datetime_start,datetime_complete,duration,params_batch_size_scaler,params_constant_learning_rate,params_depth,params_epochs,params_kernel_l2,params_num_trees,params_temperature,user_attrs_accuracy_test,user_attrs_accuracy_valid,user_attrs_approximate_feature_sparsity,user_attrs_approximate_feature_sparsity_history,user_attrs_approximate_weight_sparsity,user_attrs_approximate_weight_sparsity_history,user_attrs_auc_test,user_attrs_auc_valid,user_attrs_feature_sparsity,user_attrs_feature_sparsity_history,user_attrs_num_epochs,user_attrs_val_loss_history,user_attrs_weight_sparsity,user_attrs_weight_sparsity_history,state
23,23,0.5,2024-08-31 01:18:41.426262,2024-08-31 01:19:04.132019,0 days 00:00:22.705757,64,0.2565937569144269,1,330,0.1848006531147676,32,0.0032480233962959176,0.859,0.85875,0,"[33, 33, 33, 33, 33, 33, 33, 33, 33, 33, 33, 33, 33, 33, 33, 33, 33, 33, 33, 33, 33, 33, 33, 31, 31, 31, 26, 23, 19, 16, 10, 9, 6, 2, 2, 2, 2, 1, 1, 1, 1, 1, 1, 1, 1, 1, 0, 0, 0, 0, 0, 0, 0, 0, 0, 0, 0, 0, 0, 0, 0, 0, 0, 0, 0, 0, 0, 0, 0, 0, 0, 0, 0, 0, 0, 0, 0, 0, 0, 0, 0, 0, 0, 0, 0, 0, 0, 0, 0, 0, 0, 0, 0, 0, 0, 0, 0, 0, 0, 0, 0, 0, 0, 0, 0, 0, 0, 0, 0, 0, 0, 0, 0, 0, 0, 0, 0, 0, 0, 0, 0, 0, 0, 0, 0, 0, 0, 0, 0, 0, 0, 0, 0, 0, 0, 0, 0, 0, 0, 0, 0, 0, 0, 0, 0, 0, 0, 0, 0, 0, 0, 0, 0, 0, 0, 0, 0, 0, 0, 0, 0, 0, 0, 0, 0, 0, 0, 0, 0, 0, 0, 0, 0, 0, 0, 0, 0, 0, 0, 0, 0, 0, 0, 0, 0, 0, 0, 0, 0, 0, 0, 0, 0, 0, 0, 0, 0, 0, 0, 0, 0, 0, 0, 0, 0, 0, 0, 0, 0, 0, 0, 0, 0, 0, 0, 0, 0, 0, 0, 0, 0, 0, 0, 0, 0, 0, 0, 0, 0, 0, 0, 0, 0, 0, 0, 0, 0, 0, 0, 0, 0, 0, 0, 0, 0, 0, 0, 0, 0, 0, 0, 0, 0, 0, 0, 0, 0, 0, 0, 0, 0, 0, 0, 0, 0, 0, 0, 0, 0, 0, 0, 0, 0, 0, 0, 0, 0, 0, 0, 0, 0, 0, 0, 0, 0, 0, 0, 0, 0, 0, 0, 0, 0, 0, 0, 0, 0, 0, 0, 0, 0, 0, 0, 0, 0, 0, 0, 0, 0, 0, 0, 0, 0, 0, 0, 0, 0, 0, 0, 0, 0, 0, 0, 0, 0, 0, 0, 0, 0, 0]",0.0,"[32.96875, 33.0, 33.0, 33.0, 33.0, 32.96875, 32.9375, 32.96875, 33.0, 32.96875, 33.0, 33.0, 33.0, 33.0, 33.0, 33.0, 33.0, 33.0, 33.0, 32.96875, 32.96875, 32.96875, 32.96875, 31.0, 31.0, 31.0, 26.0, 23.0, 19.0, 16.0, 10.0, 9.0, 6.0, 2.0, 2.0, 2.0, 2.0, 1.0, 1.0, 1.0, 1.0, 1.0, 1.0, 1.0, 1.0, 1.0, 0.0, 0.0, 0.0, 0.0, 0.0, 0.0, 0.0, 0.0, 0.0, 0.0, 0.0, 0.0, 0.0, 0.0, 0.0, 0.0, 0.0, 0.0, 0.0, 0.0, 0.0, 0.0, 0.0, 0.0, 0.0, 0.0, 0.0, 0.0, 0.0, 0.0, 0.0, 0.0, 0.0, 0.0, 0.0, 0.0, 0.0, 0.0, 0.0, 0.0, 0.0, 0.0, 0.0, 0.0, 0.0, 0.0, 0.0, 0.0, 0.0, 0.0, 0.0, 0.0, 0.0, 0.0, 0.0, 0.0, 0.0, 0.0, 0.0, 0.0, 0.0, 0.0, 0.0, 0.0, 0.0, 0.0, 0.0, 0.0, 0.0, 0.0, 0.0, 0.0, 0.0, 0.0, 0.0, 0.0, 0.0, 0.0, 0.0, 0.0, 0.0, 0.0, 0.0, 0.0, 0.0, 0.0, 0.0, 0.0, 0.0, 0.0, 0.0, 0.0, 0.0, 0.0, 0.0, 0.0, 0.0, 0.0, 0.0, 0.0, 0.0, 0.0, 0.0, 0.0, 0.0, 0.0, 0.0, 0.0, 0.0, 0.0, 0.0, 0.0, 0.0, 0.0, 0.0, 0.0, 0.0, 0.0, 0.0, 0.0, 0.0, 0.0, 0.0, 0.0, 0.0, 0.0, 0.0, 0.0, 0.0, 0.0, 0.0, 0.0, 0.0, 0.0, 0.0, 0.0, 0.0, 0.0, 0.0, 0.0, 0.0, 0.0, 0.0, 0.0, 0.0, 0.0, 0.0, 0.0, 0.0, 0.0, 0.0, 0.0, 0.0, 0.0, 0.0, 0.0, 0.0, 0.0, 0.0, 0.0, 0.0, 0.0, 0.0, 0.0, 0.0, 0.0, 0.0, 0.0, 0.0, 0.0, 0.0, 0.0, 0.0, 0.0, 0.0, 0.0, 0.0, 0.0, 0.0, 0.0, 0.0, 0.0, 0.0, 0.0, 0.0, 0.0, 0.0, 0.0, 0.0, 0.0, 0.0, 0.0, 0.0, 0.0, 0.0, 0.0, 0.0, 0.0, 0.0, 0.0, 0.0, 0.0, 0.0, 0.0, 0.0, 0.0, 0.0, 0.0, 0.0, 0.0, 0.0, 0.0, 0.0, 0.0, 0.0, 0.0, 0.0, 0.0, 0.0, 0.0, 0.0, 0.0, 0.0, 0.0, 0.0, 0.0, 0.0, 0.0, 0.0, 0.0, 0.0, 0.0, 0.0, 0.0, 0.0, 0.0, 0.0, 0.0, 0.0, 0.0, 0.0, 0.0, 0.0, 0.0, 0.0, 0.0, 0.0, 0.0, 0.0, 0.0, 0.0, 0.0, 0.0, 0.0, 0.0, 0.0, 0.0, 0.0, 0.0, 0.0, 0.0, 0.0, 0.0, 0.0, 0.0, 0.0, 0.0, 0.0, 0.0, 0.0, 0.0, 0.0, 0.0, 0.0, 0.0, 0.0, 0.0, 0.0, 0.0, 0.0, 0.0, 0.0, 0.0, 0.0]",0.5,0.5,0,"[33, 33, 33, 33, 33, 33, 33, 33, 33, 33, 33, 33, 33, 33, 33, 33, 33, 33, 33, 33, 33, 33, 33, 31, 31, 31, 26, 23, 19, 16, 10, 9, 6, 2, 2, 2, 2, 1, 1, 1, 1, 1, 1, 1, 1, 1, 0, 0, 0, 0, 0, 0, 0, 0, 0, 0, 0, 0, 0, 0, 0, 0, 0, 0, 0, 0, 0, 0, 0, 0, 0, 0, 0, 0, 0, 0, 0, 0, 0, 0, 0, 0, 0, 0, 0, 0, 0, 0, 0, 0, 0, 0, 0, 0, 0, 0, 0, 0, 0, 0, 0, 0, 0, 0, 0, 0, 0, 0, 0, 0, 0, 0, 0, 0, 0, 0, 0, 0, 0, 0, 0, 0, 0, 0, 0, 0, 0, 0, 0, 0, 0, 0, 0, 0, 0, 0, 0, 0, 0, 0, 0, 0, 0, 0, 0, 0, 0, 0, 0, 0, 0, 0, 0, 0, 0, 0, 0, 0, 0, 0, 0, 0, 0, 0, 0, 0, 0, 0, 0, 0, 0, 0, 0, 0, 0, 0, 0, 0, 0, 0, 0, 0, 0, 0, 0, 0, 0, 0, 0, 0, 0, 0, 0, 0, 0, 0, 0, 0, 0, 0, 0, 0, 0, 0, 0, 0, 0, 0, 0, 0, 0, 0, 0, 0, 0, 0, 0, 0, 0, 0, 0, 0, 0, 0, 0, 0, 0, 0, 0, 0, 0, 0, 0, 0, 0, 0, 0, 0, 0, 0, 0, 0, 0, 0, 0, 0, 0, 0, 0, 0, 0, 0, 0, 0, 0, 0, 0, 0, 0, 0, 0, 0, 0, 0, 0, 0, 0, 0, 0, 0, 0, 0, 0, 0, 0, 0, 0, 0, 0, 0, 0, 0, 0, 0, 0, 0, 0, 0, 0, 0, 0, 0, 0, 0, 0, 0, 0, 0, 0, 0, 0, 0, 0, 0, 0, 0, 0, 0, 0, 0, 0, 0, 0, 0, 0, 0, 0, 0, 0, 0, 0, 0, 0, 0, 0, 0, 0, 0, 0, 0]",330,"[0.5945276021957397, 0.5809482932090759, 0.5729951858520508, 0.5654199123382568, 0.5568941831588745, 0.5518655776977539, 0.5439169406890869, 0.5391570329666138, 0.534163773059845, 0.5285323858261108, 0.5259092450141907, 0.5272339582443237, 0.5186469554901123, 0.5169805884361267, 0.5117080211639404, 0.5128082036972046, 0.5007758140563965, 0.4983169436454773, 0.49409449100494385, 0.4916260540485382, 0.4903310537338257, 0.48638680577278137, 0.48150765895843506, 0.47489163279533386, 0.4705021381378174, 0.4680456221103668, 0.45678579807281494, 0.4514823853969574, 0.43392693996429443, 0.4288562536239624, 0.4168482720851898, 0.41438788175582886, 0.41066062450408936, 0.40533050894737244, 0.4117814302444458, 0.4030221104621887, 0.40372443199157715, 0.40577343106269836, 0.3957211673259735, 0.40091967582702637, 0.3955576419830322, 0.4080178439617157, 0.3954542875289917, 0.39517056941986084, 0.3952377438545227, 0.3950982987880707, 0.411288857460022, 0.4074127674102783, 0.40820586681365967, 0.4134174585342407, 0.4100627601146698, 0.40744996070861816, 0.40831294655799866, 0.41128310561180115, 0.4096163809299469, 0.40835922956466675, 0.4082093834877014, 0.4427433907985687, 0.4074488580226898, 0.40785670280456543, 0.41146111488342285, 0.4096639156341553, 0.4095907509326935, 0.4369645416736603, 0.40831124782562256, 0.40965035557746887, 0.40951821208000183, 0.4113147258758545, 0.40742942690849304, 0.4083396792411804, 0.4076668620109558, 0.40744754672050476, 0.4113825857639313, 0.41134604811668396, 0.4083964228630066, 0.41136279702186584, 0.40753960609436035, 0.4210626184940338, 0.4084566533565521, 0.40744858980178833, 0.4255763292312622, 0.40834158658981323, 0.41163864731788635, 0.4114113748073578, 0.4083128273487091, 0.407449871301651, 0.4075256288051605, 0.40954795479774475, 0.41887012124061584, 0.4074488580226898, 0.40832194685935974, 0.40834590792655945, 0.40831685066223145, 0.41709229350090027, 0.41142264008522034, 0.4134169816970825, 0.407429963350296, 0.40821534395217896, 0.4134525656700134, 0.4074503779411316, 0.4083123803138733, 0.41145384311676025, 0.4256077706813812, 0.407448947429657, 0.4160667061805725, 0.40831297636032104, 0.42107364535331726, 0.4083171784877777, 0.4171467125415802, 0.40743911266326904, 0.4072291851043701, 0.4072303771972656, 0.4075227379798889, 0.40744736790657043, 0.44366729259490967, 0.41127657890319824, 0.40831458568573, 0.40834999084472656, 0.4114743769168854, 0.40744757652282715, 0.40744566917419434, 0.40954285860061646, 0.40722769498825073, 0.4075552225112915, 0.4113757312297821, 0.4072299897670746, 0.41142043471336365, 0.4096388518810272, 0.407449871301651, 0.4161689877510071, 0.411466509103775, 0.4075225591659546, 0.40722769498825073, 0.40722835063934326, 0.4083253741264343, 0.4138464331626892, 0.4075246751308441, 0.40722787380218506, 0.407562792301178, 0.4369677007198334, 0.41340920329093933, 0.4081765115261078, 0.40821534395217896, 0.40954267978668213, 0.40752264857292175, 0.40722793340682983, 0.40835869312286377, 0.40960627794265747, 0.4171488583087921, 0.41400620341300964, 0.42553970217704773, 0.4095751941204071, 0.4083118438720703, 0.40951788425445557, 0.40753623843193054, 0.40932753682136536, 0.4095962643623352, 0.40951547026634216, 0.4113156199455261, 0.4095766842365265, 0.4072278141975403, 0.4072284996509552, 0.4209681451320648, 0.40961527824401855, 0.4113557040691376, 0.4074475169181824, 0.40946173667907715, 0.4075699746608734, 0.40831124782562256, 0.40723174810409546, 0.4095747470855713, 0.4188769459724426, 0.40735599398612976, 0.4075584411621094, 0.41344958543777466, 0.40752318501472473, 0.4075225591659546, 0.4140149652957916, 0.41142141819000244, 0.41400831937789917, 0.41145843267440796, 0.4083167314529419, 0.40752333402633667, 0.4081602096557617, 0.4072290062904358, 0.4210585057735443, 0.40745049715042114, 0.4073839485645294, 0.4076210856437683, 0.4072280824184418, 0.4080039858818054, 0.41137272119522095, 0.41147345304489136, 0.4083113968372345, 0.4083412289619446, 0.4096265137195587, 0.4134209454059601, 0.4113307595252991, 0.4094993472099304, 0.40753060579299927, 0.4083472490310669, 0.40845581889152527, 0.4072474241256714, 0.4074438810348511, 0.4072280824184418, 0.4072287678718567, 0.40832793712615967, 0.40752360224723816, 0.4305286407470703, 0.4072290062904358, 0.41358456015586853, 0.4075244963169098, 0.4075334072113037, 0.4072277843952179, 0.4083310067653656, 0.4139915406703949, 0.40835273265838623, 0.409547358751297, 0.4223552346229553, 0.44318869709968567, 0.41713085770606995, 0.4095833897590637, 0.4165011942386627, 0.41347166895866394, 0.41395172476768494, 0.4081769287586212, 0.4210475981235504, 0.40820053219795227, 0.4075258672237396, 0.41391560435295105, 0.40752342343330383, 0.4081767797470093, 0.4114401936531067, 0.40723273158073425, 0.42518341541290283, 0.4081631004810333, 0.4159501791000366, 0.40739986300468445, 0.4072437286376953, 0.4083636403083801, 0.40939876437187195, 0.40943679213523865, 0.40832558274269104, 0.42094817757606506, 0.4072292447090149, 0.41394343972206116, 0.40739431977272034, 0.4134131371974945, 0.40973496437072754, 0.4192914664745331, 0.4113200902938843, 0.4074289798736572, 0.41370102763175964, 0.4072277843952179, 0.4072277545928955, 0.4075232744216919, 0.4083777666091919, 0.40860772132873535, 0.40957650542259216, 0.4188674986362457, 0.4072280824184418, 0.40835389494895935, 0.4082012176513672, 0.4189060926437378, 0.407228022813797, 0.41127336025238037, 0.4074421226978302, 0.4095006287097931, 0.40820205211639404, 0.40820175409317017, 0.4072284698486328, 0.420657753944397, 0.41130146384239197, 0.4171978235244751, 0.4171620309352875, 0.41347816586494446, 0.4171878695487976, 0.40831124782562256, 0.41400134563446045, 0.41128090023994446, 0.40722787380218506, 0.411293625831604, 0.40753087401390076, 0.40810927748680115, 0.40958449244499207, 0.407449871301651, 0.40947508811950684, 0.4072340428829193, 0.4075591564178467, 0.4075242877006531, 0.40745028853416443, 0.41145268082618713, 0.4083108603954315, 0.41342779994010925, 0.4095771014690399, 0.4081820547580719, 0.4430917501449585, 0.4112813472747803, 0.4255125820636749, 0.4083498418331146, 0.4075259268283844, 0.4083988666534424, 0.40954703092575073, 0.42106902599334717, 0.4083671271800995, 0.41698822379112244, 0.40812864899635315, 0.4085070788860321, 0.40722930431365967, 0.4075230658054352, 0.4189469814300537, 0.407527357339859, 0.40953201055526733, 0.4075425863265991, 0.4075395166873932, 0.4075224995613098, 0.40741103887557983, 0.41132622957229614, 0.40743571519851685, 0.407438725233078, 0.40743279457092285, 0.4072275459766388, 0.4169681668281555, 0.4134123921394348, 0.40821507573127747, 0.4081049859523773, 0.4074239432811737, 0.40951934456825256, 0.4139660596847534, 0.4135138690471649]",0.0,"[33.0, 33.0, 33.0, 33.0, 33.0, 33.0, 33.0, 33.0, 33.0, 33.0, 33.0, 33.0, 33.0, 33.0, 33.0, 33.0, 33.0, 33.0, 33.0, 33.0, 33.0, 33.0, 33.0, 31.0, 31.0, 31.0, 26.0, 23.0, 19.0, 16.0, 10.0, 9.0, 6.0, 2.0, 2.0, 2.0, 2.0, 1.0, 1.0, 1.0, 1.0, 1.0, 1.0, 1.0, 1.0, 1.0, 0.0, 0.0, 0.0, 0.0, 0.0, 0.0, 0.0, 0.0, 0.0, 0.0, 0.0, 0.0, 0.0, 0.0, 0.0, 0.0, 0.0, 0.0, 0.0, 0.0, 0.0, 0.0, 0.0, 0.0, 0.0, 0.0, 0.0, 0.0, 0.0, 0.0, 0.0, 0.0, 0.0, 0.0, 0.0, 0.0, 0.0, 0.0, 0.0, 0.0, 0.0, 0.0, 0.0, 0.0, 0.0, 0.0, 0.0, 0.0, 0.0, 0.0, 0.0, 0.0, 0.0, 0.0, 0.0, 0.0, 0.0, 0.0, 0.0, 0.0, 0.0, 0.0, 0.0, 0.0, 0.0, 0.0, 0.0, 0.0, 0.0, 0.0, 0.0, 0.0, 0.0, 0.0, 0.0, 0.0, 0.0, 0.0, 0.0, 0.0, 0.0, 0.0, 0.0, 0.0, 0.0, 0.0, 0.0, 0.0, 0.0, 0.0, 0.0, 0.0, 0.0, 0.0, 0.0, 0.0, 0.0, 0.0, 0.0, 0.0, 0.0, 0.0, 0.0, 0.0, 0.0, 0.0, 0.0, 0.0, 0.0, 0.0, 0.0, 0.0, 0.0, 0.0, 0.0, 0.0, 0.0, 0.0, 0.0, 0.0, 0.0, 0.0, 0.0, 0.0, 0.0, 0.0, 0.0, 0.0, 0.0, 0.0, 0.0, 0.0, 0.0, 0.0, 0.0, 0.0, 0.0, 0.0, 0.0, 0.0, 0.0, 0.0, 0.0, 0.0, 0.0, 0.0, 0.0, 0.0, 0.0, 0.0, 0.0, 0.0, 0.0, 0.0, 0.0, 0.0, 0.0, 0.0, 0.0, 0.0, 0.0, 0.0, 0.0, 0.0, 0.0, 0.0, 0.0, 0.0, 0.0, 0.0, 0.0, 0.0, 0.0, 0.0, 0.0, 0.0, 0.0, 0.0, 0.0, 0.0, 0.0, 0.0, 0.0, 0.0, 0.0, 0.0, 0.0, 0.0, 0.0, 0.0, 0.0, 0.0, 0.0, 0.0, 0.0, 0.0, 0.0, 0.0, 0.0, 0.0, 0.0, 0.0, 0.0, 0.0, 0.0, 0.0, 0.0, 0.0, 0.0, 0.0, 0.0, 0.0, 0.0, 0.0, 0.0, 0.0, 0.0, 0.0, 0.0, 0.0, 0.0, 0.0, 0.0, 0.0, 0.0, 0.0, 0.0, 0.0, 0.0, 0.0, 0.0, 0.0, 0.0, 0.0, 0.0, 0.0, 0.0, 0.0, 0.0, 0.0, 0.0, 0.0, 0.0, 0.0, 0.0, 0.0, 0.0, 0.0, 0.0, 0.0, 0.0, 0.0, 0.0, 0.0, 0.0, 0.0, 0.0, 0.0, 0.0, 0.0, 0.0, 0.0, 0.0, 0.0, 0.0, 0.0, 0.0, 0.0, 0.0, 0.0, 0.0, 0.0, 0.0, 0.0, 0.0, 0.0, 0.0, 0.0, 0.0, 0.0, 0.0, 0.0, 0.0, 0.0]",COMPLETE
24,24,0.9122386675426054,2024-08-31 01:19:04.645490,2024-08-31 01:20:56.254775,0 days 00:01:51.609285,1,0.11793288910755767,5,30,0.01924897201194597,73,0.006717554954933112,0.907,0.90125,33,"[33, 33, 33, 33, 33, 33, 33, 33, 33, 33, 33, 33, 33, 33, 33, 33, 33, 33, 33, 33, 33, 33, 33, 33, 33, 33, 33, 33, 33, 33]",32.939019001325676,"[32.94255413168361, 32.92841361025188, 32.94122845779938, 32.938577110030934, 32.94255413168361, 32.933274414494036, 32.93990278391516, 32.935041979673, 32.93194874060981, 32.93106495802033, 32.92841361025188, 32.92929739284136, 32.93371630578878, 32.92532037118869, 32.938577110030934, 32.9403446752099, 32.93769332744145, 32.93813521873619, 32.93769332744145, 32.938577110030934, 32.94299602297835, 32.938577110030934, 32.94874060980999, 32.942112240388866, 32.942112240388866, 32.93990278391516, 32.94608926204154, 32.94343791427309, 32.94078656650464, 32.939019001325676]",0.8932702548733064,0.9122386675426054,33,"[33, 33, 33, 33, 33, 33, 33, 33, 33, 33, 33, 33, 33, 33, 33, 33, 33, 33, 33, 33, 33, 33, 33, 33, 33, 33, 33, 33, 33, 33]",30,"[0.3806784451007843, 0.3685644865036011, 0.3634917438030243, 0.35818055272102356, 0.3523285388946533, 0.34901905059814453, 0.3447622060775757, 0.33707568049430847, 0.33285781741142273, 0.3272636830806732, 0.3212548792362213, 0.3147878348827362, 0.3095304071903229, 0.30286481976509094, 0.29594314098358154, 0.28729531168937683, 0.2804020941257477, 0.2741369903087616, 0.2676939070224762, 0.26167574524879456, 0.2577531933784485, 0.25475242733955383, 0.24931859970092773, 0.24480514228343964, 0.24339967966079712, 0.24237529933452606, 0.2379954308271408, 0.2343427538871765, 0.23505079746246338, 0.22939394414424896]",33.0,"[33.0, 33.0, 33.0, 33.0, 33.0, 33.0, 33.0, 33.0, 33.0, 33.0, 33.0, 33.0, 33.0, 33.0, 33.0, 33.0, 33.0, 33.0, 33.0, 33.0, 33.0, 33.0, 33.0, 33.0, 33.0, 33.0, 33.0, 33.0, 33.0, 33.0]",COMPLETE
25,25,0.9220028081565355,2024-08-31 01:20:56.266016,2024-08-31 01:22:16.327675,0 days 00:01:20.061659,1,0.10477194112055097,5,40,0.001285576366785841,33,0.011355458722933608,0.933,0.925,33,"[33, 33, 33, 33, 33, 33, 33, 33, 33, 33, 33, 33, 33, 33, 33, 33, 33, 33, 33, 33, 33, 33, 33, 33, 33, 33, 33, 33, 33, 33, 33, 33, 33, 33, 33, 33, 33, 33, 33, 33]",32.95698924731183,"[32.956011730205276, 32.956011730205276, 32.95992179863148, 32.95210166177908, 32.95405669599218, 32.96285434995112, 32.961876832844574, 32.956011730205276, 32.96480938416423, 32.96676441837732, 32.95405669599218, 32.956011730205276, 32.96480938416423, 32.95796676441837, 32.96383186705767, 32.95992179863148, 32.96285434995113, 32.95796676441838, 32.960899315738025, 32.96383186705767, 32.95992179863148, 32.96578690127077, 32.95210166177908, 32.95503421309873, 32.956011730205276, 32.95307917888563, 32.95894428152493, 32.96676441837732, 32.95503421309873, 32.95503421309873, 32.96285434995112, 32.97067448680352, 32.96676441837732, 32.95992179863148, 32.95307917888563, 32.96285434995112, 32.96383186705767, 32.95992179863148, 32.95992179863148, 32.95698924731183]",0.9049199547552406,0.9220028081565355,33,"[33, 33, 33, 33, 33, 33, 33, 33, 33, 33, 33, 33, 33, 33, 33, 33, 33, 33, 33, 33, 33, 33, 33, 33, 33, 33, 33, 33, 33, 33, 33, 33, 33, 33, 33, 33, 33, 33, 33, 33]",40,"[0.3801496624946594, 0.36921748518943787, 0.3622220754623413, 0.357631117105484, 0.35269033908843994, 0.3464187681674957, 0.3405193090438843, 0.335196852684021, 0.3289666771888733, 0.32244113087654114, 0.3161528706550598, 0.30918753147125244, 0.3015788793563843, 0.2925722301006317, 0.2851724922657013, 0.27819329500198364, 0.27270883321762085, 0.2669636011123657, 0.2593846917152405, 0.255393922328949, 0.24990512430667877, 0.2472347617149353, 0.2442077398300171, 0.24160929024219513, 0.23627540469169617, 0.2338981181383133, 0.2296372354030609, 0.22731485962867737, 0.22433504462242126, 0.22112569212913513, 0.2198985069990158, 0.2165743112564087, 0.21584954857826233, 0.21278907358646393, 0.2138657569885254, 0.2092553973197937, 0.2060212343931198, 0.20504146814346313, 0.20361679792404175, 0.20203237235546112]",33.0,"[33.0, 33.0, 33.0, 33.0, 33.0, 33.0, 33.0, 33.0, 33.0, 33.0, 33.0, 33.0, 33.0, 33.0, 33.0, 33.0, 33.0, 33.0, 33.0, 33.0, 33.0, 33.0, 33.0, 33.0, 33.0, 33.0, 33.0, 33.0, 33.0, 33.0, 33.0, 33.0, 33.0, 33.0, 33.0, 33.0, 33.0, 33.0, 33.0, 33.0]",COMPLETE
