,number,value,datetime_start,datetime_complete,duration,params_batch_size_scaler,params_constant_learning_rate,params_depth,params_epochs,params_kernel_l2,params_num_trees,params_temperature,user_attrs_accuracy_test,user_attrs_accuracy_valid,user_attrs_approximate_feature_sparsity,user_attrs_approximate_feature_sparsity_history,user_attrs_approximate_weight_sparsity,user_attrs_approximate_weight_sparsity_history,user_attrs_auc_test,user_attrs_auc_valid,user_attrs_feature_sparsity,user_attrs_feature_sparsity_history,user_attrs_num_epochs,user_attrs_val_loss_history,user_attrs_weight_sparsity,user_attrs_weight_sparsity_history,state
15,15,0.784641444783656,2024-08-31 01:01:37.656610,2024-08-31 01:04:34.938866,0 days 00:02:57.282256,4,0.4085172040174023,4,375,0.6217937011560857,43,0.0009505854387402904,0.887,0.88625,2,"[33, 33, 33, 33, 33, 33, 33, 33, 33, 19, 14, 12, 11, 9, 8, 8, 8, 8, 7, 7, 6, 6, 6, 6, 6, 6, 6, 6, 6, 6, 6, 6, 6, 6, 6, 6, 6, 6, 6, 6, 6, 6, 6, 6, 6, 5, 5, 5, 5, 5, 5, 5, 5, 5, 5, 5, 5, 5, 5, 5, 5, 4, 4, 4, 4, 4, 4, 4, 4, 4, 4, 3, 3, 3, 3, 3, 3, 3, 3, 3, 3, 3, 3, 3, 3, 3, 3, 3, 3, 3, 3, 3, 3, 3, 3, 3, 3, 3, 3, 3, 3, 3, 3, 3, 3, 3, 3, 3, 3, 3, 3, 3, 3, 3, 3, 3, 3, 3, 3, 3, 3, 3, 3, 3, 3, 3, 3, 3, 3, 3, 3, 3, 3, 3, 3, 3, 3, 3, 3, 3, 3, 3, 3, 3, 3, 3, 3, 3, 3, 3, 3, 3, 3, 3, 3, 3, 3, 3, 3, 3, 3, 3, 3, 3, 3, 3, 3, 3, 3, 3, 3, 3, 3, 3, 3, 3, 3, 3, 3, 3, 2, 2, 2, 2, 2, 2, 2, 2, 2, 2, 2, 2, 2, 2, 2, 2, 2, 2, 2, 2, 2, 2, 2, 2, 2, 2, 2, 2, 2, 2, 2, 2, 2, 2, 2, 2, 2, 2, 2, 2, 2, 2, 2, 2, 2, 2, 2, 2, 2, 2, 2, 2, 2, 2, 2, 2, 2, 2, 2, 2, 2, 2, 2, 2, 2, 2, 2, 2, 2, 2, 2, 2, 2, 2, 2, 2, 2, 2, 2, 2, 2, 2, 2, 2, 2, 2, 2, 2, 2, 2, 2, 2, 2, 2, 2, 2, 2, 2, 2, 2, 2, 2, 2, 2, 2, 2, 2, 2, 2, 2, 2, 2, 2, 2, 2, 2, 2, 2, 2, 2, 2, 2, 2, 2, 2, 2, 2, 2, 2, 2, 2, 2, 2, 2, 2, 2, 2, 2, 2, 2, 2, 2, 2, 2, 2, 2, 2, 2, 2, 2, 2, 2, 2, 2, 2, 2, 2, 2, 2, 2, 2, 2, 2, 2, 2, 2, 2, 2, 2, 2, 2, 2, 2, 2, 2, 2, 2, 2, 2, 2, 2, 2, 2, 2, 2, 2, 2, 2, 2, 2, 2, 2, 2, 2, 2]",1.9751937984496124,"[32.95503875968992, 32.95658914728682, 32.97674418604651, 32.947286821705426, 32.968992248062015, 32.95503875968993, 32.95658914728682, 32.95813953488372, 32.94573643410853, 18.97829457364341, 13.981395348837209, 11.987596899224807, 10.98139534883721, 8.97984496124031, 7.993798449612403, 7.992248062015504, 7.992248062015504, 7.990697674418605, 6.9906976744186045, 6.996899224806201, 5.989147286821705, 5.993798449612403, 5.986046511627907, 5.990697674418605, 5.995348837209303, 5.992248062015504, 5.986046511627907, 5.982945736434109, 5.987596899224806, 5.982945736434108, 5.986046511627907, 5.9875968992248065, 5.989147286821705, 5.992248062015504, 5.984496124031008, 5.986046511627906, 5.978294573643411, 5.982945736434108, 5.984496124031008, 5.989147286821705, 5.984496124031008, 5.9906976744186045, 5.992248062015504, 5.986046511627907, 5.993798449612403, 4.982945736434108, 4.992248062015504, 4.986046511627906, 4.9906976744186045, 4.990697674418605, 4.986046511627907, 4.976744186046512, 4.986046511627907, 4.989147286821705, 4.97984496124031, 4.975193798449612, 4.976744186046512, 4.978294573643411, 4.982945736434108, 4.981395348837209, 4.9689922480620154, 3.989147286821705, 3.9906976744186045, 3.9906976744186045, 3.9829457364341083, 3.9829457364341083, 3.989147286821705, 3.97984496124031, 3.986046511627907, 3.986046511627907, 3.97984496124031, 2.9937984496124033, 2.992248062015504, 2.9891472868217055, 2.986046511627907, 2.986046511627907, 2.986046511627907, 2.9891472868217055, 2.9906976744186045, 2.9875968992248065, 2.9844961240310077, 2.9844961240310077, 2.986046511627907, 2.987596899224806, 2.9829457364341083, 2.9875968992248065, 2.9875968992248065, 2.9875968992248065, 2.987596899224806, 2.9937984496124033, 2.987596899224806, 2.9875968992248065, 2.986046511627907, 2.9829457364341083, 2.986046511627907, 2.97984496124031, 2.9798449612403104, 2.9829457364341083, 2.9813953488372094, 2.9767441860465116, 2.9767441860465116, 2.978294573643411, 2.9767441860465116, 2.9720930232558143, 2.9798449612403104, 2.9813953488372094, 2.9813953488372094, 2.978294573643411, 2.978294573643411, 2.9829457364341083, 2.9767441860465116, 2.972093023255814, 2.9689922480620154, 2.967441860465116, 2.975193798449612, 2.9829457364341083, 2.97984496124031, 2.9767441860465116, 2.978294573643411, 2.9767441860465116, 2.972093023255814, 2.978294573643411, 2.9829457364341088, 2.9844961240310077, 2.981395348837209, 2.978294573643411, 2.978294573643411, 2.97984496124031, 2.9813953488372094, 2.972093023255814, 2.9767441860465116, 2.978294573643411, 2.981395348837209, 2.9782945736434105, 2.9782945736434105, 2.9767441860465116, 2.9736434108527128, 2.975193798449612, 2.9736434108527128, 2.9689922480620154, 2.970542635658915, 2.970542635658915, 2.965891472868217, 2.973643410852713, 2.967441860465116, 2.9689922480620154, 2.965891472868217, 2.970542635658915, 2.970542635658915, 2.972093023255814, 2.9689922480620154, 2.964341085271318, 2.9627906976744187, 2.956589147286822, 2.956589147286822, 2.956589147286822, 2.9627906976744187, 2.9550387596899226, 2.95968992248062, 2.956589147286822, 2.958139534883721, 2.953488372093023, 2.9550387596899226, 2.9550387596899226, 2.9627906976744187, 2.9627906976744187, 2.9612403100775193, 2.9519379844961238, 2.9612403100775193, 2.953488372093023, 2.950387596899225, 2.9627906976744187, 2.964341085271318, 2.953488372093023, 2.948837209302326, 2.964341085271318, 2.9612403100775193, 2.9596899224806203, 2.9550387596899226, 2.9550387596899226, 1.9705426356589149, 1.9689922480620154, 1.9689922480620154, 1.9643410852713177, 1.9674418604651163, 1.9705426356589149, 1.9627906976744187, 1.9550387596899226, 1.9612403100775193, 1.9503875968992248, 1.9565891472868215, 1.965891472868217, 1.9720930232558138, 1.9503875968992248, 1.958139534883721, 1.9627906976744187, 1.9720930232558138, 1.9410852713178293, 1.9720930232558138, 1.9736434108527132, 1.9627906976744187, 1.9751937984496124, 1.9751937984496124, 1.965891472868217, 1.9689922480620154, 1.9627906976744187, 1.9596899224806201, 1.9643410852713177, 1.9627906976744187, 1.9736434108527132, 1.9596899224806201, 1.9565891472868218, 1.9674418604651163, 1.965891472868217, 1.9767441860465116, 1.965891472868217, 1.9736434108527132, 1.9736434108527132, 1.9736434108527132, 1.9596899224806201, 1.9720930232558138, 1.9705426356589146, 1.9751937984496124, 1.9751937984496124, 1.9751937984496124, 1.9689922480620154, 1.9720930232558138, 1.9736434108527132, 1.9720930232558138, 1.9767441860465116, 1.9689922480620154, 1.9720930232558138, 1.9705426356589146, 1.9751937984496124, 1.9767441860465116, 1.9751937984496124, 1.9767441860465116, 1.9736434108527132, 1.9751937984496124, 1.9751937984496124, 1.9751937984496124, 1.9736434108527132, 1.9751937984496124, 1.972093023255814, 1.9736434108527132, 1.9767441860465116, 1.9736434108527132, 1.9767441860465116, 1.9751937984496124, 1.9751937984496124, 1.9736434108527132, 1.9751937984496124, 1.9751937984496124, 1.9736434108527132, 1.9751937984496124, 1.9751937984496124, 1.9736434108527132, 1.9736434108527132, 1.9736434108527132, 1.9751937984496124, 1.972093023255814, 1.9736434108527132, 1.9736434108527132, 1.9720930232558138, 1.9751937984496124, 1.9751937984496124, 1.9736434108527132, 1.9736434108527132, 1.9751937984496124, 1.9751937984496124, 1.9736434108527132, 1.9736434108527132, 1.9736434108527132, 1.972093023255814, 1.9736434108527132, 1.9736434108527132, 1.9751937984496124, 1.9751937984496124, 1.9736434108527132, 1.9736434108527132, 1.9705426356589149, 1.9720930232558138, 1.9736434108527132, 1.9736434108527132, 1.9736434108527132, 1.9736434108527132, 1.9720930232558138, 1.9705426356589149, 1.9720930232558138, 1.9736434108527132, 1.9736434108527132, 1.9705426356589149, 1.9720930232558138, 1.9720930232558138, 1.9720930232558138, 1.9705426356589149, 1.9720930232558138, 1.9720930232558138, 1.9720930232558138, 1.9720930232558138, 1.9720930232558138, 1.9720930232558138, 1.9720930232558138, 1.9705426356589149, 1.9720930232558138, 1.9720930232558138, 1.9705426356589149, 1.9720930232558138, 1.9720930232558138, 1.9705426356589149, 1.9720930232558138, 1.9705426356589149, 1.9705426356589149, 1.9720930232558138, 1.9705426356589149, 1.9720930232558138, 1.9705426356589149, 1.9705426356589149, 1.9689922480620154, 1.9720930232558138, 1.9705426356589149, 1.9720930232558138, 1.9720930232558138, 1.9720930232558138, 1.9720930232558138, 1.9736434108527132, 1.9720930232558138, 1.9736434108527132, 1.9720930232558138, 1.9720930232558138, 1.9720930232558138, 1.9705426356589149, 1.9736434108527132, 1.9720930232558138, 1.9736434108527132, 1.9720930232558138, 1.9720930232558138, 1.9751937984496124, 1.9736434108527132, 1.9736434108527132, 1.9720930232558138, 1.9720930232558138, 1.9720930232558138, 1.9751937984496124, 1.9720930232558138, 1.9736434108527132, 1.9720930232558138, 1.9751937984496124, 1.9736434108527132, 1.9736434108527132, 1.9736434108527132, 1.9736434108527132, 1.9751937984496124, 1.9736434108527132, 1.9751937984496124, 1.9751937984496124, 1.9736434108527132, 1.9751937984496124, 1.9751937984496124, 1.9751937984496124, 1.9736434108527132, 1.9736434108527132, 1.9751937984496124, 1.9751937984496124, 1.9751937984496124, 1.9736434108527132, 1.9751937984496124, 1.9751937984496124, 1.9751937984496124, 1.9736434108527132, 1.9751937984496124, 1.9751937984496124, 1.9751937984496124, 1.9751937984496124, 1.9751937984496124]",0.7543201314409795,0.784641444783656,2,"[33, 33, 33, 33, 33, 33, 33, 33, 33, 19, 14, 12, 11, 9, 8, 8, 8, 8, 7, 7, 6, 6, 6, 6, 6, 6, 6, 6, 6, 6, 6, 6, 6, 6, 6, 6, 6, 6, 6, 6, 6, 6, 6, 6, 6, 5, 5, 5, 5, 5, 5, 5, 5, 5, 5, 5, 5, 5, 5, 5, 5, 4, 4, 4, 4, 4, 4, 4, 4, 4, 4, 3, 3, 3, 3, 3, 3, 3, 3, 3, 3, 3, 3, 3, 3, 3, 3, 3, 3, 3, 3, 3, 3, 3, 3, 3, 3, 3, 3, 3, 3, 3, 3, 3, 3, 3, 3, 3, 3, 3, 3, 3, 3, 3, 3, 3, 3, 3, 3, 3, 3, 3, 3, 3, 3, 3, 3, 3, 3, 3, 3, 3, 3, 3, 3, 3, 3, 3, 3, 3, 3, 3, 3, 3, 3, 3, 3, 3, 3, 3, 3, 3, 3, 3, 3, 3, 3, 3, 3, 3, 3, 3, 3, 3, 3, 3, 3, 3, 3, 3, 3, 3, 3, 3, 3, 3, 3, 3, 3, 3, 2, 2, 2, 2, 2, 2, 2, 2, 2, 2, 2, 2, 2, 2, 2, 2, 2, 2, 2, 2, 2, 2, 2, 2, 2, 2, 2, 2, 2, 2, 2, 2, 2, 2, 2, 2, 2, 2, 2, 2, 2, 2, 2, 2, 2, 2, 2, 2, 2, 2, 2, 2, 2, 2, 2, 2, 2, 2, 2, 2, 2, 2, 2, 2, 2, 2, 2, 2, 2, 2, 2, 2, 2, 2, 2, 2, 2, 2, 2, 2, 2, 2, 2, 2, 2, 2, 2, 2, 2, 2, 2, 2, 2, 2, 2, 2, 2, 2, 2, 2, 2, 2, 2, 2, 2, 2, 2, 2, 2, 2, 2, 2, 2, 2, 2, 2, 2, 2, 2, 2, 2, 2, 2, 2, 2, 2, 2, 2, 2, 2, 2, 2, 2, 2, 2, 2, 2, 2, 2, 2, 2, 2, 2, 2, 2, 2, 2, 2, 2, 2, 2, 2, 2, 2, 2, 2, 2, 2, 2, 2, 2, 2, 2, 2, 2, 2, 2, 2, 2, 2, 2, 2, 2, 2, 2, 2, 2, 2, 2, 2, 2, 2, 2, 2, 2, 2, 2, 2, 2, 2, 2, 2, 2, 2, 2]",375,"[0.4313894212245941, 0.4201548099517822, 0.40839293599128723, 0.3982102870941162, 0.3894697427749634, 0.3817920386791229, 0.3723490238189697, 0.36437883973121643, 0.35642746090888977, 0.3369975984096527, 0.32534098625183105, 0.32620537281036377, 0.31963032484054565, 0.31706416606903076, 0.31816309690475464, 0.312132865190506, 0.3071765899658203, 0.3071776032447815, 0.3096080422401428, 0.3067704737186432, 0.31611350178718567, 0.3079160749912262, 0.30511605739593506, 0.3028320074081421, 0.30280885100364685, 0.2989780306816101, 0.3002588450908661, 0.29620376229286194, 0.30545932054519653, 0.2938746213912964, 0.29401543736457825, 0.29292869567871094, 0.29107263684272766, 0.2930133640766144, 0.29251137375831604, 0.2888917028903961, 0.289417564868927, 0.28972068428993225, 0.28532564640045166, 0.28579556941986084, 0.28391459584236145, 0.28259605169296265, 0.28317391872406006, 0.2829255759716034, 0.28170067071914673, 0.3040337562561035, 0.3042401075363159, 0.30357760190963745, 0.3036523759365082, 0.30271920561790466, 0.3094397485256195, 0.30322983860969543, 0.3024367392063141, 0.30217596888542175, 0.30719637870788574, 0.3001629710197449, 0.30040571093559265, 0.3012506365776062, 0.2997152805328369, 0.30063605308532715, 0.2994953393936157, 0.31642428040504456, 0.31021347641944885, 0.3067488968372345, 0.30459678173065186, 0.30656710267066956, 0.3016693592071533, 0.30325081944465637, 0.3014753460884094, 0.30012330412864685, 0.3005957305431366, 0.32525408267974854, 0.3245220482349396, 0.3229503333568573, 0.3226565420627594, 0.3220951557159424, 0.3218211829662323, 0.3223884105682373, 0.32548239827156067, 0.3244936764240265, 0.3207181692123413, 0.32402634620666504, 0.32031872868537903, 0.32059720158576965, 0.32180917263031006, 0.3199523985385895, 0.3207431137561798, 0.32042911648750305, 0.32028716802597046, 0.3200691342353821, 0.3252774775028229, 0.33406057953834534, 0.32077381014823914, 0.32291844487190247, 0.31837376952171326, 0.3184140920639038, 0.3213560879230499, 0.3184828460216522, 0.3204993009567261, 0.32086649537086487, 0.31841444969177246, 0.3211720585823059, 0.3196307420730591, 0.3179871439933777, 0.31722965836524963, 0.3183133602142334, 0.32349300384521484, 0.3255097568035126, 0.32040703296661377, 0.31664925813674927, 0.31723013520240784, 0.31587550044059753, 0.31628409028053284, 0.31539538502693176, 0.31642624735832214, 0.31694453954696655, 0.3163711428642273, 0.3168014883995056, 0.32011961936950684, 0.316333532333374, 0.31462326645851135, 0.3168565630912781, 0.31659016013145447, 0.3141838610172272, 0.31924039125442505, 0.3160507082939148, 0.3144790530204773, 0.31363511085510254, 0.31494736671447754, 0.3146573305130005, 0.31335335969924927, 0.31316834688186646, 0.31325364112854004, 0.3130800724029541, 0.3146641254425049, 0.3159836530685425, 0.31299951672554016, 0.3131001591682434, 0.3144179582595825, 0.31274136900901794, 0.3126622438430786, 0.3122131824493408, 0.3136744201183319, 0.3155129551887512, 0.31345683336257935, 0.3118302524089813, 0.31149178743362427, 0.31236016750335693, 0.3141012191772461, 0.31388968229293823, 0.3137552738189697, 0.31377869844436646, 0.3138829469680786, 0.3113877475261688, 0.31109368801116943, 0.311021625995636, 0.3185393214225769, 0.3104846179485321, 0.3146771490573883, 0.3104846477508545, 0.32040339708328247, 0.31376999616622925, 0.31137678027153015, 0.31067347526550293, 0.31747305393218994, 0.3101036846637726, 0.3101775348186493, 0.30988791584968567, 0.31003206968307495, 0.3127043843269348, 0.3109573423862457, 0.3094663918018341, 0.31133905053138733, 0.30966654419898987, 0.3106776773929596, 0.3105701506137848, 0.3098846673965454, 0.3186388909816742, 0.31018704175949097, 0.3125362694263458, 0.3310449719429016, 0.33989712595939636, 0.33124837279319763, 0.3308440148830414, 0.3307490050792694, 0.33153897523880005, 0.334745854139328, 0.3312906324863434, 0.3322373628616333, 0.3311256766319275, 0.3307896554470062, 0.331598699092865, 0.33177849650382996, 0.33319148421287537, 0.33050742745399475, 0.33869704604148865, 0.3345518112182617, 0.3322824239730835, 0.3333793580532074, 0.33047306537628174, 0.33162590861320496, 0.33192703127861023, 0.3365664780139923, 0.3320910930633545, 0.3303954601287842, 0.33096200227737427, 0.3304760754108429, 0.33492010831832886, 0.3305363357067108, 0.33222880959510803, 0.3311675786972046, 0.33119428157806396, 0.3306101858615875, 0.3318236172199249, 0.3348972797393799, 0.33132898807525635, 0.333345502614975, 0.33691325783729553, 0.3307017982006073, 0.3312651515007019, 0.330219030380249, 0.3314065933227539, 0.33081236481666565, 0.33325451612472534, 0.3349583148956299, 0.3323141932487488, 0.33901339769363403, 0.32992249727249146, 0.3349766433238983, 0.3329737186431885, 0.3325503170490265, 0.3318740129470825, 0.3299520015716553, 0.3311455547809601, 0.3311793804168701, 0.3293560743331909, 0.32939326763153076, 0.32956942915916443, 0.33592429757118225, 0.3453994393348694, 0.32904374599456787, 0.33674824237823486, 0.3310728371143341, 0.32935744524002075, 0.3306366801261902, 0.32971206307411194, 0.3296741843223572, 0.32964232563972473, 0.32862749695777893, 0.3305836021900177, 0.33172228932380676, 0.3309285044670105, 0.32877594232559204, 0.3293839395046234, 0.3347042202949524, 0.33450138568878174, 0.3330234885215759, 0.32962319254875183, 0.32883721590042114, 0.32921019196510315, 0.33502835035324097, 0.3302501440048218, 0.33393943309783936, 0.3315317928791046, 0.3320459723472595, 0.3294188976287842, 0.3291796147823334, 0.3286251127719879, 0.33246201276779175, 0.3287404179573059, 0.3360636234283447, 0.3401571214199066, 0.33495208621025085, 0.3319166898727417, 0.32876673340797424, 0.3288414776325226, 0.3280875086784363, 0.3288843631744385, 0.3299379348754883, 0.33889320492744446, 0.33048495650291443, 0.3292391896247864, 0.3285832703113556, 0.3280983865261078, 0.32851970195770264, 0.3318036198616028, 0.3284450173377991, 0.3302724361419678, 0.33705344796180725, 0.32828477025032043, 0.328403115272522, 0.3306887447834015, 0.3285752236843109, 0.3288002014160156, 0.33521243929862976, 0.32783281803131104, 0.3282286524772644, 0.3297392725944519, 0.32921162247657776, 0.3307250142097473, 0.3301422595977783, 0.3275785744190216, 0.32824939489364624, 0.3291134536266327, 0.33148208260536194, 0.3273497521877289, 0.3285563588142395, 0.3339521884918213, 0.3326234817504883, 0.3284042775630951, 0.32904982566833496, 0.32859429717063904, 0.33000433444976807, 0.3317231237888336, 0.32845965027809143, 0.3314233720302582, 0.3288753926753998, 0.32869163155555725, 0.32859909534454346, 0.3295597732067108, 0.3287690281867981, 0.33510369062423706, 0.3296211361885071, 0.3279528021812439, 0.3274828791618347, 0.32976192235946655, 0.32681500911712646, 0.3287181556224823, 0.3275246322154999, 0.32855525612831116, 0.32806435227394104, 0.3307361900806427, 0.32977810502052307, 0.32786595821380615, 0.3302539885044098, 0.3272053897380829, 0.32666680216789246, 0.3334062993526459, 0.32753846049308777, 0.3302796483039856, 0.328970342874527, 0.3291335999965668, 0.32825058698654175, 0.3292117714881897, 0.3281826674938202, 0.3292003870010376, 0.3285865783691406, 0.32846903800964355, 0.32662829756736755, 0.32846489548683167, 0.3269469439983368, 0.3309311270713806, 0.32760903239250183, 0.32691487669944763, 0.3278880715370178, 0.3283505141735077, 0.3270001709461212, 0.3277742266654968, 0.32744064927101135, 0.3327196538448334, 0.3281652331352234, 0.3305928707122803, 0.3268217444419861, 0.3269887864589691, 0.3379710018634796, 0.32998591661453247, 0.32870301604270935, 0.327070415019989, 0.3267008662223816, 0.326960027217865, 0.3301297426223755, 0.3290964961051941, 0.3302423059940338, 0.32706183195114136, 0.32694342732429504]",2.0,"[33.0, 33.0, 33.0, 33.0, 33.0, 33.0, 33.0, 33.0, 33.0, 19.0, 14.0, 12.0, 11.0, 9.0, 8.0, 8.0, 8.0, 8.0, 7.0, 7.0, 6.0, 6.0, 6.0, 6.0, 6.0, 6.0, 6.0, 6.0, 6.0, 6.0, 6.0, 6.0, 6.0, 6.0, 6.0, 6.0, 6.0, 6.0, 6.0, 6.0, 6.0, 6.0, 6.0, 6.0, 6.0, 5.0, 5.0, 5.0, 5.0, 5.0, 5.0, 5.0, 5.0, 5.0, 5.0, 5.0, 5.0, 5.0, 5.0, 5.0, 5.0, 4.0, 4.0, 4.0, 4.0, 4.0, 4.0, 4.0, 4.0, 4.0, 4.0, 3.0, 3.0, 3.0, 3.0, 3.0, 3.0, 3.0, 3.0, 3.0, 3.0, 3.0, 3.0, 3.0, 3.0, 3.0, 3.0, 3.0, 3.0, 3.0, 3.0, 3.0, 3.0, 3.0, 3.0, 3.0, 3.0, 3.0, 3.0, 3.0, 3.0, 3.0, 3.0, 3.0, 3.0, 3.0, 3.0, 3.0, 3.0, 3.0, 3.0, 3.0, 3.0, 3.0, 3.0, 3.0, 3.0, 3.0, 3.0, 3.0, 3.0, 3.0, 3.0, 3.0, 3.0, 3.0, 3.0, 3.0, 3.0, 3.0, 3.0, 3.0, 3.0, 3.0, 3.0, 3.0, 3.0, 3.0, 3.0, 3.0, 3.0, 3.0, 3.0, 3.0, 3.0, 3.0, 3.0, 3.0, 3.0, 3.0, 3.0, 3.0, 3.0, 3.0, 3.0, 3.0, 3.0, 3.0, 3.0, 3.0, 3.0, 3.0, 3.0, 3.0, 3.0, 3.0, 3.0, 3.0, 3.0, 3.0, 3.0, 3.0, 3.0, 3.0, 3.0, 3.0, 3.0, 3.0, 3.0, 3.0, 2.0, 2.0, 2.0, 2.0, 2.0, 2.0, 2.0, 2.0, 2.0, 2.0, 2.0, 2.0, 2.0, 2.0, 2.0, 2.0, 2.0, 2.0, 2.0, 2.0, 2.0, 2.0, 2.0, 2.0, 2.0, 2.0, 2.0, 2.0, 2.0, 2.0, 2.0, 2.0, 2.0, 2.0, 2.0, 2.0, 2.0, 2.0, 2.0, 2.0, 2.0, 2.0, 2.0, 2.0, 2.0, 2.0, 2.0, 2.0, 2.0, 2.0, 2.0, 2.0, 2.0, 2.0, 2.0, 2.0, 2.0, 2.0, 2.0, 2.0, 2.0, 2.0, 2.0, 2.0, 2.0, 2.0, 2.0, 2.0, 2.0, 2.0, 2.0, 2.0, 2.0, 2.0, 2.0, 2.0, 2.0, 2.0, 2.0, 2.0, 2.0, 2.0, 2.0, 2.0, 2.0, 2.0, 2.0, 2.0, 2.0, 2.0, 2.0, 2.0, 2.0, 2.0, 2.0, 2.0, 2.0, 2.0, 2.0, 2.0, 2.0, 2.0, 2.0, 2.0, 2.0, 2.0, 2.0, 2.0, 2.0, 2.0, 2.0, 2.0, 2.0, 2.0, 2.0, 2.0, 2.0, 2.0, 2.0, 2.0, 2.0, 2.0, 2.0, 2.0, 2.0, 2.0, 2.0, 2.0, 2.0, 2.0, 2.0, 2.0, 2.0, 2.0, 2.0, 2.0, 2.0, 2.0, 2.0, 2.0, 2.0, 2.0, 2.0, 2.0, 2.0, 2.0, 2.0, 2.0, 2.0, 2.0, 2.0, 2.0, 2.0, 2.0, 2.0, 2.0, 2.0, 2.0, 2.0, 2.0, 2.0, 2.0, 2.0, 2.0, 2.0, 2.0, 2.0, 2.0, 2.0, 2.0, 2.0, 2.0, 2.0, 2.0, 2.0, 2.0, 2.0, 2.0, 2.0, 2.0, 2.0, 2.0, 2.0, 2.0, 2.0, 2.0, 2.0, 2.0, 2.0, 2.0, 2.0, 2.0, 2.0, 2.0, 2.0]",COMPLETE
