,number,value,datetime_start,datetime_complete,duration,params_batch_size_scaler,params_constant_learning_rate,params_depth,params_epochs,params_kernel_l2,params_num_trees,params_temperature,user_attrs_accuracy_test,user_attrs_accuracy_valid,user_attrs_approximate_feature_sparsity,user_attrs_approximate_feature_sparsity_history,user_attrs_approximate_weight_sparsity,user_attrs_approximate_weight_sparsity_history,user_attrs_auc_test,user_attrs_auc_valid,user_attrs_feature_sparsity,user_attrs_feature_sparsity_history,user_attrs_num_epochs,user_attrs_val_loss_history,user_attrs_weight_sparsity,user_attrs_weight_sparsity_history,state
105,105,0.7897489405005733,2024-08-31 06:07:16.192973,2024-08-31 06:07:50.285695,0 days 00:00:34.092722,64,0.03480241441831821,1,475,0.3525551841127855,93,0.00038324418529443055,0.869,0.87,33,"[33, 33, 33, 33, 33, 33, 33, 33, 33, 33, 33, 33, 33, 33, 33, 33, 33, 33, 33, 33, 33, 33, 33, 33, 33, 33, 33, 33, 33, 33, 33, 33, 33, 33, 33, 33, 33, 33, 33, 33, 33, 33, 33, 33, 33, 33, 33, 33, 33, 33, 33, 33, 33, 33, 33, 33, 33, 33, 33, 33, 33, 33, 33, 33, 33, 33, 33, 33, 33, 33, 33, 33, 33, 33, 33, 33, 33, 33, 33, 33, 33, 33, 33, 33, 33, 33, 33, 33, 33, 33, 33, 33, 33, 33, 33, 33, 33, 33, 33, 33, 33, 33, 33, 33, 33, 33, 33, 33, 33, 33, 33, 33, 33, 33, 33, 33, 33, 33, 33, 33, 33, 33, 33, 33, 33, 33, 33, 33, 33, 33, 33, 33, 33, 33, 33, 33, 33, 33, 33, 33, 33, 33, 33, 33, 33, 33, 33, 33, 33, 33, 33, 33, 33, 33, 33, 33, 33, 33, 33, 33, 33, 33, 33, 33, 33, 33, 33, 33, 33, 33, 33, 33, 33, 33, 33, 33, 33, 33, 33, 33, 33, 33, 33, 33, 33, 33, 33, 33, 33, 33, 33, 33, 33, 33, 33, 33, 33, 33, 33, 33, 33, 33, 33, 33, 33, 33, 33, 33, 33, 33, 33, 33, 33, 33, 33, 33, 33, 33, 33, 33, 33, 33, 33, 33, 33, 33, 33, 33, 33, 33, 33, 33, 33, 33, 33, 33, 33, 33, 33, 33, 33, 33, 33, 33, 33, 33, 33, 33, 33, 33, 33, 33, 33, 33, 33, 33, 33, 33, 33, 33, 33, 33, 33, 33, 33, 33, 33, 33, 33, 33, 33, 33, 33, 33, 33, 33, 33, 33, 33, 33, 33, 33, 33, 33, 33, 33, 33, 33, 33, 33, 33, 33, 33, 33, 33, 33, 33, 33, 33, 33, 33, 33, 33, 33, 33, 33, 33, 33, 33, 33, 33, 33, 33, 33, 33, 33, 33, 33, 33, 33, 33, 33, 33, 33, 33, 33, 33, 33, 33, 33, 33, 33, 33, 33, 33, 33, 33, 33, 33, 33, 33, 33, 33, 33, 33, 33, 33, 33, 33, 33, 33, 33, 33, 33, 33, 33, 33, 33, 33, 33, 33, 33, 33, 33, 33, 33, 33, 33, 33, 33, 33, 33, 33, 33, 33, 33, 33, 33, 33, 33, 33, 33, 33, 33, 33, 33, 33, 33, 33, 33, 33, 33, 33, 33, 33, 33, 33, 33, 33, 33, 33, 33, 33, 33, 33, 33, 33, 33, 33, 33, 33, 33, 33, 33, 33, 33, 33, 33, 33, 33, 33, 33, 33, 33, 33, 33, 33, 33, 33, 33, 33, 33, 33, 33, 33, 33, 33, 33, 33, 33, 33, 33, 33, 33, 33, 33, 33, 33, 33, 33, 33, 33, 33, 33, 33, 33, 33, 33, 33, 33, 33, 33, 33, 33, 33, 33, 33, 33, 33, 33, 33, 33, 33, 33, 33]",32.98924731182795,"[32.96774193548387, 32.96774193548387, 32.956989247311824, 32.96774193548387, 32.97849462365591, 32.956989247311824, 32.956989247311824, 32.98924731182795, 32.96774193548387, 32.97849462365591, 32.96774193548387, 32.96774193548387, 32.97849462365591, 32.96774193548387, 32.97849462365591, 32.97849462365591, 32.96774193548387, 32.96774193548387, 32.96774193548387, 32.96774193548387, 32.96774193548387, 32.956989247311824, 32.96774193548387, 32.96774193548387, 32.956989247311824, 32.97849462365591, 32.97849462365591, 32.956989247311824, 32.96774193548387, 32.96774193548387, 32.97849462365591, 32.98924731182795, 32.97849462365591, 32.956989247311824, 32.97849462365591, 32.96774193548387, 32.97849462365591, 32.97849462365591, 32.96774193548387, 32.97849462365591, 32.98924731182795, 32.97849462365591, 32.97849462365591, 32.96774193548387, 32.96774193548387, 32.96774193548387, 32.97849462365591, 32.98924731182795, 32.97849462365591, 32.98924731182795, 32.97849462365591, 32.96774193548387, 32.96774193548387, 32.97849462365591, 32.96774193548387, 32.97849462365591, 32.97849462365591, 32.96774193548387, 32.96774193548387, 32.97849462365591, 32.946236559139784, 32.98924731182795, 32.98924731182795, 32.98924731182795, 32.98924731182795, 32.98924731182795, 32.97849462365591, 32.96774193548387, 32.98924731182795, 32.956989247311824, 32.96774193548387, 32.97849462365591, 32.97849462365591, 32.97849462365591, 32.97849462365591, 32.97849462365591, 32.98924731182795, 32.97849462365591, 32.98924731182795, 32.98924731182795, 32.98924731182795, 32.97849462365591, 32.98924731182795, 32.98924731182795, 32.97849462365591, 32.98924731182795, 32.98924731182795, 32.97849462365591, 32.98924731182795, 32.98924731182795, 32.98924731182795, 32.97849462365591, 32.98924731182795, 32.98924731182795, 32.96774193548387, 32.97849462365591, 32.97849462365591, 32.97849462365591, 32.98924731182795, 32.98924731182795, 32.97849462365591, 32.98924731182795, 32.97849462365591, 32.98924731182795, 33.0, 33.0, 32.97849462365591, 33.0, 32.98924731182795, 32.96774193548387, 32.97849462365591, 32.96774193548387, 32.96774193548387, 32.956989247311824, 32.956989247311824, 32.946236559139784, 32.956989247311824, 32.96774193548387, 32.96774193548387, 32.96774193548387, 32.96774193548387, 32.956989247311824, 32.96774193548387, 32.96774193548387, 32.96774193548387, 32.96774193548387, 32.97849462365591, 32.97849462365591, 32.97849462365591, 32.96774193548387, 32.956989247311824, 32.96774193548387, 32.98924731182795, 32.97849462365591, 32.97849462365591, 32.98924731182795, 32.98924731182795, 32.97849462365591, 32.96774193548387, 32.97849462365591, 32.97849462365591, 32.98924731182795, 32.97849462365591, 32.97849462365591, 32.97849462365591, 32.97849462365591, 32.96774193548387, 32.95698924731183, 32.95698924731183, 32.95698924731183, 32.946236559139784, 32.95698924731183, 32.97849462365591, 32.97849462365591, 32.97849462365591, 32.97849462365591, 32.97849462365591, 32.98924731182795, 32.97849462365591, 32.98924731182795, 32.97849462365591, 32.98924731182795, 32.97849462365591, 32.97849462365591, 32.98924731182795, 32.98924731182795, 32.97849462365591, 32.97849462365591, 32.97849462365591, 32.98924731182795, 32.98924731182795, 32.97849462365591, 32.96774193548387, 32.98924731182795, 32.97849462365591, 32.97849462365591, 32.98924731182795, 32.98924731182795, 33.0, 33.0, 33.0, 33.0, 32.96774193548387, 32.97849462365591, 32.96774193548387, 32.97849462365591, 32.97849462365591, 32.97849462365591, 32.97849462365591, 32.98924731182796, 32.97849462365591, 32.95698924731183, 32.97849462365591, 32.97849462365591, 32.96774193548387, 32.98924731182795, 32.98924731182795, 32.98924731182795, 32.98924731182795, 32.98924731182795, 33.0, 33.0, 32.98924731182795, 32.98924731182795, 33.0, 32.96774193548387, 32.96774193548387, 32.96774193548387, 32.956989247311824, 32.956989247311824, 32.97849462365591, 32.97849462365591, 32.97849462365591, 32.97849462365591, 32.98924731182795, 32.98924731182795, 32.97849462365591, 32.97849462365591, 33.0, 32.98924731182795, 32.98924731182795, 32.98924731182795, 32.98924731182795, 33.0, 32.97849462365591, 32.98924731182795, 33.0, 32.97849462365591, 32.98924731182795, 32.97849462365591, 33.0, 32.97849462365591, 32.97849462365591, 32.97849462365591, 32.97849462365591, 32.98924731182795, 32.96774193548387, 32.96774193548387, 32.98924731182795, 32.98924731182795, 33.0, 32.96774193548387, 32.97849462365591, 32.96774193548387, 32.96774193548387, 32.97849462365591, 32.98924731182795, 32.97849462365591, 32.97849462365591, 32.97849462365591, 32.96774193548387, 32.96774193548387, 32.96774193548387, 32.96774193548387, 32.956989247311824, 32.97849462365591, 32.96774193548387, 32.956989247311824, 32.96774193548387, 32.96774193548387, 32.97849462365591, 32.97849462365591, 32.956989247311824, 32.97849462365591, 32.96774193548387, 32.96774193548387, 32.96774193548387, 32.96774193548387, 32.98924731182795, 32.98924731182795, 33.0, 33.0, 32.98924731182795, 32.98924731182795, 33.0, 32.98924731182795, 33.0, 33.0, 32.98924731182795, 32.98924731182795, 32.98924731182795, 33.0, 33.0, 33.0, 33.0, 33.0, 33.0, 33.0, 33.0, 33.0, 33.0, 33.0, 33.0, 32.98924731182795, 32.97849462365591, 32.98924731182795, 32.97849462365591, 32.97849462365591, 32.97849462365591, 32.96774193548387, 32.97849462365591, 32.97849462365591, 32.97849462365591, 32.98924731182795, 32.98924731182795, 32.98924731182795, 32.98924731182795, 32.98924731182795, 33.0, 33.0, 33.0, 33.0, 33.0, 33.0, 33.0, 33.0, 32.98924731182795, 32.98924731182795, 33.0, 32.97849462365591, 32.98924731182795, 32.97849462365591, 33.0, 32.98924731182795, 32.97849462365591, 32.98924731182795, 32.98924731182795, 32.98924731182795, 32.98924731182795, 32.98924731182795, 32.98924731182795, 33.0, 32.98924731182795, 32.96774193548387, 32.96774193548387, 32.96774193548387, 32.98924731182795, 32.97849462365591, 32.97849462365591, 32.96774193548387, 32.96774193548387, 32.98924731182795, 33.0, 32.98924731182795, 33.0, 33.0, 33.0, 33.0, 32.98924731182795, 32.97849462365591, 32.97849462365591, 32.97849462365591, 32.97849462365591, 32.98924731182795, 33.0, 33.0, 32.98924731182795, 33.0, 33.0, 33.0, 32.98924731182795, 32.98924731182795, 32.98924731182795, 32.98924731182795, 32.98924731182795, 32.98924731182795, 32.98924731182795, 32.98924731182795, 32.98924731182795, 32.97849462365591, 32.97849462365591, 32.98924731182795, 32.97849462365591, 32.97849462365591, 32.98924731182795, 33.0, 33.0, 32.97849462365591, 32.97849462365591, 32.96774193548387, 32.96774193548387, 32.95698924731183, 32.95698924731183, 32.96774193548387, 32.95698924731183, 32.97849462365591, 32.946236559139784, 32.98924731182795, 32.97849462365591, 32.956989247311824, 32.98924731182795, 32.97849462365591, 32.98924731182795, 32.98924731182795, 33.0, 33.0, 33.0, 32.98924731182795, 32.98924731182795, 32.98924731182795, 32.97849462365591, 32.98924731182795, 32.98924731182795, 32.96774193548387, 32.956989247311824, 32.96774193548387, 32.97849462365591, 32.97849462365591, 32.97849462365591, 33.0, 33.0, 33.0, 33.0, 32.98924731182795, 32.97849462365591, 33.0, 33.0, 32.98924731182795, 32.97849462365591, 32.97849462365591, 32.97849462365591, 32.98924731182795, 32.97849462365591, 32.97849462365591, 32.97849462365591, 32.97849462365591, 32.96774193548387, 32.96774193548387, 32.97849462365591, 32.97849462365591, 32.97849462365591, 32.96774193548387, 32.97849462365591, 32.97849462365591, 32.98924731182795, 32.97849462365591, 32.97849462365591, 32.98924731182795, 32.97849462365591, 32.97849462365591, 32.98924731182795, 32.98924731182795, 32.98924731182795, 32.98924731182795, 32.98924731182795, 32.98924731182795, 33.0, 33.0, 33.0, 32.98924731182795, 32.98924731182795, 32.97849462365591, 32.97849462365591, 32.98924731182795, 32.98924731182795, 32.98924731182795, 32.98924731182795, 33.0, 33.0, 33.0, 32.98924731182795, 32.96774193548387, 32.97849462365591, 32.96774193548387, 33.0, 32.98924731182795, 33.0, 33.0, 33.0, 33.0, 33.0, 32.98924731182795, 33.0, 33.0, 32.98924731182795]",0.8117801501003146,0.7897489405005733,33,"[33, 33, 33, 33, 33, 33, 33, 33, 33, 33, 33, 33, 33, 33, 33, 33, 33, 33, 33, 33, 33, 33, 33, 33, 33, 33, 33, 33, 33, 33, 33, 33, 33, 33, 33, 33, 33, 33, 33, 33, 33, 33, 33, 33, 33, 33, 33, 33, 33, 33, 33, 33, 33, 33, 33, 33, 33, 33, 33, 33, 33, 33, 33, 33, 33, 33, 33, 33, 33, 33, 33, 33, 33, 33, 33, 33, 33, 33, 33, 33, 33, 33, 33, 33, 33, 33, 33, 33, 33, 33, 33, 33, 33, 33, 33, 33, 33, 33, 33, 33, 33, 33, 33, 33, 33, 33, 33, 33, 33, 33, 33, 33, 33, 33, 33, 33, 33, 33, 33, 33, 33, 33, 33, 33, 33, 33, 33, 33, 33, 33, 33, 33, 33, 33, 33, 33, 33, 33, 33, 33, 33, 33, 33, 33, 33, 33, 33, 33, 33, 33, 33, 33, 33, 33, 33, 33, 33, 33, 33, 33, 33, 33, 33, 33, 33, 33, 33, 33, 33, 33, 33, 33, 33, 33, 33, 33, 33, 33, 33, 33, 33, 33, 33, 33, 33, 33, 33, 33, 33, 33, 33, 33, 33, 33, 33, 33, 33, 33, 33, 33, 33, 33, 33, 33, 33, 33, 33, 33, 33, 33, 33, 33, 33, 33, 33, 33, 33, 33, 33, 33, 33, 33, 33, 33, 33, 33, 33, 33, 33, 33, 33, 33, 33, 33, 33, 33, 33, 33, 33, 33, 33, 33, 33, 33, 33, 33, 33, 33, 33, 33, 33, 33, 33, 33, 33, 33, 33, 33, 33, 33, 33, 33, 33, 33, 33, 33, 33, 33, 33, 33, 33, 33, 33, 33, 33, 33, 33, 33, 33, 33, 33, 33, 33, 33, 33, 33, 33, 33, 33, 33, 33, 33, 33, 33, 33, 33, 33, 33, 33, 33, 33, 33, 33, 33, 33, 33, 33, 33, 33, 33, 33, 33, 33, 33, 33, 33, 33, 33, 33, 33, 33, 33, 33, 33, 33, 33, 33, 33, 33, 33, 33, 33, 33, 33, 33, 33, 33, 33, 33, 33, 33, 33, 33, 33, 33, 33, 33, 33, 33, 33, 33, 33, 33, 33, 33, 33, 33, 33, 33, 33, 33, 33, 33, 33, 33, 33, 33, 33, 33, 33, 33, 33, 33, 33, 33, 33, 33, 33, 33, 33, 33, 33, 33, 33, 33, 33, 33, 33, 33, 33, 33, 33, 33, 33, 33, 33, 33, 33, 33, 33, 33, 33, 33, 33, 33, 33, 33, 33, 33, 33, 33, 33, 33, 33, 33, 33, 33, 33, 33, 33, 33, 33, 33, 33, 33, 33, 33, 33, 33, 33, 33, 33, 33, 33, 33, 33, 33, 33, 33, 33, 33, 33, 33, 33, 33, 33, 33, 33, 33, 33, 33, 33, 33, 33, 33, 33, 33, 33, 33, 33, 33, 33, 33, 33, 33, 33, 33, 33, 33, 33, 33, 33, 33, 33, 33]",475,"[0.6013132929801941, 0.5994773507118225, 0.5963279008865356, 0.5938771367073059, 0.5937904119491577, 0.5902572870254517, 0.5885494351387024, 0.5873711109161377, 0.5850089192390442, 0.5838255882263184, 0.5816161632537842, 0.5818364024162292, 0.578917920589447, 0.5791535377502441, 0.5757432579994202, 0.574302613735199, 0.5728490352630615, 0.5717084407806396, 0.5710081458091736, 0.5694730281829834, 0.5682068467140198, 0.5679006576538086, 0.5702329277992249, 0.5649339556694031, 0.5647919774055481, 0.5629911422729492, 0.5618710517883301, 0.5611151456832886, 0.5599656701087952, 0.5589756965637207, 0.5580686926841736, 0.557738721370697, 0.5566867589950562, 0.5558061003684998, 0.5555277466773987, 0.5551275014877319, 0.5532037019729614, 0.5530672073364258, 0.5517077445983887, 0.5508098602294922, 0.5523495674133301, 0.5496296882629395, 0.5496370792388916, 0.5479111671447754, 0.5481748580932617, 0.546533465385437, 0.545813798904419, 0.5462216138839722, 0.5449497699737549, 0.5439325571060181, 0.5433008074760437, 0.5429765582084656, 0.5438819527626038, 0.5414638519287109, 0.5431274771690369, 0.5423702597618103, 0.5405653715133667, 0.5396322011947632, 0.539175271987915, 0.538318932056427, 0.5385677218437195, 0.5373418927192688, 0.5362290143966675, 0.5357491970062256, 0.5354465246200562, 0.5365700125694275, 0.5345219373703003, 0.5337157845497131, 0.5374904870986938, 0.5326521396636963, 0.5347511768341064, 0.5317296981811523, 0.5311894416809082, 0.5310841798782349, 0.5306590795516968, 0.5295729041099548, 0.5291709303855896, 0.5292777419090271, 0.5306025147438049, 0.5276312828063965, 0.5274262428283691, 0.5271958708763123, 0.5262460112571716, 0.5256451368331909, 0.5252926349639893, 0.5248805284500122, 0.5251041650772095, 0.5244643688201904, 0.5284600257873535, 0.523592472076416, 0.5224629640579224, 0.5220441818237305, 0.5216889381408691, 0.5232686996459961, 0.5203948020935059, 0.5201008319854736, 0.5196913480758667, 0.5197975039482117, 0.518660306930542, 0.5183110237121582, 0.5197241306304932, 0.5181288719177246, 0.5171412229537964, 0.5163198113441467, 0.5159286856651306, 0.5154913663864136, 0.5151728391647339, 0.5146560072898865, 0.5142053365707397, 0.5138282179832458, 0.5144596695899963, 0.5134768486022949, 0.513055145740509, 0.5122957825660706, 0.5130032896995544, 0.5117238759994507, 0.5110098123550415, 0.5106167197227478, 0.5103638172149658, 0.5113633275032043, 0.5149619579315186, 0.5091094374656677, 0.5086458325386047, 0.5080807209014893, 0.5075617432594299, 0.5070868134498596, 0.5067741870880127, 0.5082191228866577, 0.507013201713562, 0.5065163373947144, 0.5052580237388611, 0.5048062801361084, 0.506720244884491, 0.505024790763855, 0.5037719011306763, 0.5045932531356812, 0.5054699182510376, 0.5028488039970398, 0.5030781030654907, 0.5021857619285583, 0.5014736652374268, 0.5009340047836304, 0.500785231590271, 0.5009799003601074, 0.5001624226570129, 0.4999663829803467, 0.4990590214729309, 0.49901053309440613, 0.4983575940132141, 0.5001311898231506, 0.4976872205734253, 0.49830788373947144, 0.49763429164886475, 0.4970529079437256, 0.49613383412361145, 0.4958842992782593, 0.49545830488204956, 0.49480611085891724, 0.4961760342121124, 0.49405643343925476, 0.49479907751083374, 0.49328282475471497, 0.4939902424812317, 0.4934379458427429, 0.49212348461151123, 0.4917084574699402, 0.49157923460006714, 0.49162834882736206, 0.49057915806770325, 0.49206456542015076, 0.4905050992965698, 0.48950091004371643, 0.49024879932403564, 0.4885789752006531, 0.48830646276474, 0.4878726303577423, 0.48830825090408325, 0.48732367157936096, 0.48667943477630615, 0.4863453805446625, 0.4858168661594391, 0.4857560098171234, 0.48495855927467346, 0.48439398407936096, 0.4839320480823517, 0.484546422958374, 0.48318248987197876, 0.48266878724098206, 0.4825999140739441, 0.4831363260746002, 0.48147088289260864, 0.4811278283596039, 0.4808884859085083, 0.480302631855011, 0.47992029786109924, 0.47971639037132263, 0.4793442189693451, 0.48000580072402954, 0.4784969687461853, 0.47842130064964294, 0.4777321219444275, 0.4792674779891968, 0.47770994901657104, 0.4764675796031952, 0.4760277569293976, 0.47581467032432556, 0.47572365403175354, 0.47494083642959595, 0.47732630372047424, 0.4744579792022705, 0.47401443123817444, 0.4735850989818573, 0.47337067127227783, 0.47310176491737366, 0.4751034677028656, 0.4724642038345337, 0.4719561040401459, 0.4718294143676758, 0.4720506966114044, 0.4709225594997406, 0.47061339020729065, 0.4701724350452423, 0.4698648154735565, 0.46973392367362976, 0.4693985879421234, 0.4692828357219696, 0.46895313262939453, 0.4681936502456665, 0.46908554434776306, 0.46786952018737793, 0.467553049325943, 0.4670301675796509, 0.4674091041088104, 0.4662524163722992, 0.46655747294425964, 0.46611863374710083, 0.4659883975982666, 0.46527957916259766, 0.46464651823043823, 0.4647170305252075, 0.46460261940956116, 0.46357831358909607, 0.4632399380207062, 0.4641583263874054, 0.4646871089935303, 0.4631480276584625, 0.4622948169708252, 0.46220093965530396, 0.4624243676662445, 0.4613296389579773, 0.4608631134033203, 0.4612637460231781, 0.46281588077545166, 0.4603784680366516, 0.46049413084983826, 0.4608883559703827, 0.45926350355148315, 0.45895713567733765, 0.4585878849029541, 0.4581882357597351, 0.4578262269496918, 0.45765358209609985, 0.45727595686912537, 0.46158453822135925, 0.4591771960258484, 0.4564113914966583, 0.45816707611083984, 0.4560249447822571, 0.4557594954967499, 0.4554235339164734, 0.45656338334083557, 0.4550288915634155, 0.4555812180042267, 0.45518216490745544, 0.45401453971862793, 0.4540621042251587, 0.45448771119117737, 0.4533965587615967, 0.4525747299194336, 0.45413798093795776, 0.4522843062877655, 0.4518221914768219, 0.4514428377151489, 0.451150119304657, 0.4518548250198364, 0.4504978060722351, 0.4517385959625244, 0.450088769197464, 0.44966790080070496, 0.44953373074531555, 0.4496808648109436, 0.4490700960159302, 0.44949331879615784, 0.4483781158924103, 0.448152631521225, 0.44819384813308716, 0.4475530683994293, 0.44776761531829834, 0.44727450609207153, 0.4471051096916199, 0.4465723931789398, 0.4474419355392456, 0.44587841629981995, 0.44901710748672485, 0.44549086689949036, 0.4489748775959015, 0.4454311728477478, 0.4455239176750183, 0.44464120268821716, 0.4441809058189392, 0.4443155527114868, 0.4439797103404999, 0.4437118172645569, 0.4431230127811432, 0.44361698627471924, 0.4429854452610016, 0.4425593316555023, 0.44221752882003784, 0.44169124960899353, 0.441343754529953, 0.4424780011177063, 0.4415319561958313, 0.4406486451625824, 0.44238144159317017, 0.44016188383102417, 0.43978768587112427, 0.4393935799598694, 0.44348466396331787, 0.4395464062690735, 0.4387545883655548, 0.43892142176628113, 0.44133007526397705, 0.4380083978176117, 0.4377550482749939, 0.439078152179718, 0.4369875192642212, 0.4367924630641937, 0.4370425045490265, 0.4363952577114105, 0.43625718355178833, 0.4357491433620453, 0.43555739521980286, 0.43549978733062744, 0.4361013174057007, 0.4349745512008667, 0.43451988697052, 0.4340398907661438, 0.4381493628025055, 0.43337294459342957, 0.43370896577835083, 0.4327896237373352, 0.43292462825775146, 0.4334503412246704, 0.43389928340911865, 0.43196237087249756, 0.4315722584724426, 0.434841513633728, 0.43132534623146057, 0.4309931695461273, 0.4307784140110016, 0.4305635094642639, 0.4304741621017456, 0.4300270974636078, 0.42985671758651733, 0.4295925498008728, 0.4295528531074524, 0.4291847348213196, 0.42917168140411377, 0.428613543510437, 0.428580105304718, 0.42805758118629456, 0.4280152916908264, 0.427598237991333, 0.42744672298431396, 0.42741724848747253, 0.4273422360420227, 0.42655807733535767, 0.426378071308136, 0.42832890152931213, 0.42613235116004944, 0.4263918697834015, 0.4262324273586273, 0.4260298013687134, 0.42511120438575745, 0.42489388585090637, 0.42477157711982727, 0.424530029296875, 0.42521771788597107, 0.4241226315498352, 0.4240983724594116, 0.4238135814666748, 0.42360296845436096, 0.4233753979206085, 0.4232272207736969, 0.4229738116264343, 0.4230225682258606, 0.4221077859401703, 0.4222111403942108, 0.42181718349456787, 0.422130286693573, 0.422186940908432, 0.4213353991508484, 0.4211007058620453, 0.4206993579864502, 0.42062991857528687, 0.4211086928844452, 0.4199608266353607, 0.4203372299671173, 0.4194973111152649, 0.41962748765945435, 0.41908982396125793, 0.418843537569046, 0.4185134470462799, 0.41882455348968506, 0.4193018972873688, 0.41897737979888916, 0.41835030913352966, 0.41763126850128174, 0.41819772124290466, 0.41726014018058777, 0.41705891489982605, 0.41705018281936646, 0.41966208815574646, 0.41873013973236084, 0.4186144769191742, 0.4159644842147827, 0.41579750180244446, 0.41633597016334534, 0.41603556275367737, 0.41473838686943054, 0.4146026372909546, 0.41427081823349, 0.41453561186790466, 0.41565102338790894, 0.41389942169189453, 0.41371554136276245, 0.4140762984752655, 0.4139058589935303, 0.41325482726097107, 0.41292983293533325, 0.412822425365448, 0.41305404901504517, 0.4123196005821228, 0.41241586208343506, 0.4121035039424896, 0.4118534326553345, 0.41229408979415894, 0.4113025665283203, 0.41169121861457825, 0.4118049740791321, 0.41080111265182495, 0.411924809217453, 0.4106404185295105, 0.41043785214424133, 0.4112216830253601, 0.41044285893440247, 0.40971431136131287, 0.4095439016819, 0.409172