,number,value,datetime_start,datetime_complete,duration,params_batch_size_scaler,params_constant_learning_rate,params_depth,params_epochs,params_kernel_l2,params_num_trees,params_temperature,user_attrs_accuracy_test,user_attrs_accuracy_valid,user_attrs_approximate_feature_sparsity,user_attrs_approximate_feature_sparsity_history,user_attrs_approximate_weight_sparsity,user_attrs_approximate_weight_sparsity_history,user_attrs_auc_test,user_attrs_auc_valid,user_attrs_feature_sparsity,user_attrs_feature_sparsity_history,user_attrs_num_epochs,user_attrs_val_loss_history,user_attrs_weight_sparsity,user_attrs_weight_sparsity_history,state
33,33,0.5,2024-08-31 01:36:10.186900,2024-08-31 01:39:11.039620,0 days 00:03:00.852720,1,0.03687218182438871,3,350,0.7103567954438542,4,0.001184556207550433,0.859,0.85875,0,"[33, 33, 8, 2, 0, 0, 0, 0, 0, 0, 0, 0, 0, 0, 0, 0, 0, 0, 0, 0, 0, 0, 0, 0, 0, 0, 0, 0, 0, 0, 0, 0, 0, 0, 0, 0, 0, 0, 0, 0, 0, 0, 0, 0, 0, 0, 0, 0, 0, 0, 0, 0, 0, 0, 0, 0, 0, 0, 0, 0, 0, 0, 0, 0, 0, 0, 0, 0, 0, 0, 0, 0, 0, 0, 0, 0, 0, 0, 0, 0, 0, 0, 0, 0, 0, 0, 0, 0, 0, 0, 0, 0, 0, 0, 0, 0, 0, 0, 0, 0, 0, 0, 0, 0, 0, 0, 0, 0, 0, 0, 0, 0, 0, 0, 0, 0, 0, 0, 0, 0, 0, 0, 0, 0, 0, 0, 0, 0, 0, 0, 0, 0, 0, 0, 0, 0, 0, 0, 0, 0, 0, 0, 0, 0, 0, 0, 0, 0, 0, 0, 0, 0, 0, 0, 0, 0, 0, 0, 0, 0, 0, 0, 0, 0, 0, 0, 0, 0, 0, 0, 0, 0, 0, 0, 0, 0, 0, 0, 0, 0, 0, 0, 0, 0, 0, 0, 0, 0, 0, 0, 0, 0, 0, 0, 0, 0, 0, 0, 0, 0, 0, 0, 0, 0, 0, 0, 0, 0, 0, 0, 0, 0, 0, 0, 0, 0, 0, 0, 0, 0, 0, 0, 0, 0, 0, 0, 0, 0, 0, 0, 0, 0, 0, 0, 0, 0, 0, 0, 0, 0, 0, 0, 0, 0, 0, 0, 0, 0, 0, 0, 0, 0, 0, 0, 0, 0, 0, 0, 0, 0, 0, 0, 0, 0, 0, 0, 0, 0, 0, 0, 0, 0, 0, 0, 0, 0, 0, 0, 0, 0, 0, 0, 0, 0, 0, 0, 0, 0, 0, 0, 0, 0, 0, 0, 0, 0, 0, 0, 0, 0, 0, 0, 0, 0, 0, 0, 0, 0, 0, 0, 0, 0, 0, 0, 0, 0, 0, 0, 0, 0, 0, 0, 0, 0, 0, 0, 0, 0, 0, 0, 0, 0, 0, 0, 0, 0, 0, 0, 0, 0, 0, 0, 0, 0, 0, 0, 0, 0, 0, 0]",0.0,"[33.0, 33.0, 8.0, 2.0, 0.0, 0.0, 0.0, 0.0, 0.0, 0.0, 0.0, 0.0, 0.0, 0.0, 0.0, 0.0, 0.0, 0.0, 0.0, 0.0, 0.0, 0.0, 0.0, 0.0, 0.0, 0.0, 0.0, 0.0, 0.0, 0.0, 0.0, 0.0, 0.0, 0.0, 0.0, 0.0, 0.0, 0.0, 0.0, 0.0, 0.0, 0.0, 0.0, 0.0, 0.0, 0.0, 0.0, 0.0, 0.0, 0.0, 0.0, 0.0, 0.0, 0.0, 0.0, 0.0, 0.0, 0.0, 0.0, 0.0, 0.0, 0.0, 0.0, 0.0, 0.0, 0.0, 0.0, 0.0, 0.0, 0.0, 0.0, 0.0, 0.0, 0.0, 0.0, 0.0, 0.0, 0.0, 0.0, 0.0, 0.0, 0.0, 0.0, 0.0, 0.0, 0.0, 0.0, 0.0, 0.0, 0.0, 0.0, 0.0, 0.0, 0.0, 0.0, 0.0, 0.0, 0.0, 0.0, 0.0, 0.0, 0.0, 0.0, 0.0, 0.0, 0.0, 0.0, 0.0, 0.0, 0.0, 0.0, 0.0, 0.0, 0.0, 0.0, 0.0, 0.0, 0.0, 0.0, 0.0, 0.0, 0.0, 0.0, 0.0, 0.0, 0.0, 0.0, 0.0, 0.0, 0.0, 0.0, 0.0, 0.0, 0.0, 0.0, 0.0, 0.0, 0.0, 0.0, 0.0, 0.0, 0.0, 0.0, 0.0, 0.0, 0.0, 0.0, 0.0, 0.0, 0.0, 0.0, 0.0, 0.0, 0.0, 0.0, 0.0, 0.0, 0.0, 0.0, 0.0, 0.0, 0.0, 0.0, 0.0, 0.0, 0.0, 0.0, 0.0, 0.0, 0.0, 0.0, 0.0, 0.0, 0.0, 0.0, 0.0, 0.0, 0.0, 0.0, 0.0, 0.0, 0.0, 0.0, 0.0, 0.0, 0.0, 0.0, 0.0, 0.0, 0.0, 0.0, 0.0, 0.0, 0.0, 0.0, 0.0, 0.0, 0.0, 0.0, 0.0, 0.0, 0.0, 0.0, 0.0, 0.0, 0.0, 0.0, 0.0, 0.0, 0.0, 0.0, 0.0, 0.0, 0.0, 0.0, 0.0, 0.0, 0.0, 0.0, 0.0, 0.0, 0.0, 0.0, 0.0, 0.0, 0.0, 0.0, 0.0, 0.0, 0.0, 0.0, 0.0, 0.0, 0.0, 0.0, 0.0, 0.0, 0.0, 0.0, 0.0, 0.0, 0.0, 0.0, 0.0, 0.0, 0.0, 0.0, 0.0, 0.0, 0.0, 0.0, 0.0, 0.0, 0.0, 0.0, 0.0, 0.0, 0.0, 0.0, 0.0, 0.0, 0.0, 0.0, 0.0, 0.0, 0.0, 0.0, 0.0, 0.0, 0.0, 0.0, 0.0, 0.0, 0.0, 0.0, 0.0, 0.0, 0.0, 0.0, 0.0, 0.0, 0.0, 0.0, 0.0, 0.0, 0.0, 0.0, 0.0, 0.0, 0.0, 0.0, 0.0, 0.0, 0.0, 0.0, 0.0, 0.0, 0.0, 0.0, 0.0, 0.0, 0.0, 0.0, 0.0, 0.0, 0.0, 0.0, 0.0, 0.0, 0.0, 0.0, 0.0, 0.0, 0.0, 0.0, 0.0, 0.0, 0.0, 0.0, 0.0, 0.0, 0.0, 0.0, 0.0, 0.0, 0.0, 0.0, 0.0, 0.0, 0.0, 0.0, 0.0, 0.0, 0.0, 0.0, 0.0, 0.0, 0.0, 0.0, 0.0, 0.0, 0.0, 0.0, 0.0, 0.0, 0.0, 0.0, 0.0, 0.0, 0.0]",0.5,0.5,0,"[33, 33, 8, 2, 0, 0, 0, 0, 0, 0, 0, 0, 0, 0, 0, 0, 0, 0, 0, 0, 0, 0, 0, 0, 0, 0, 0, 0, 0, 0, 0, 0, 0, 0, 0, 0, 0, 0, 0, 0, 0, 0, 0, 0, 0, 0, 0, 0, 0, 0, 0, 0, 0, 0, 0, 0, 0, 0, 0, 0, 0, 0, 0, 0, 0, 0, 0, 0, 0, 0, 0, 0, 0, 0, 0, 0, 0, 0, 0, 0, 0, 0, 0, 0, 0, 0, 0, 0, 0, 0, 0, 0, 0, 0, 0, 0, 0, 0, 0, 0, 0, 0, 0, 0, 0, 0, 0, 0, 0, 0, 0, 0, 0, 0, 0, 0, 0, 0, 0, 0, 0, 0, 0, 0, 0, 0, 0, 0, 0, 0, 0, 0, 0, 0, 0, 0, 0, 0, 0, 0, 0, 0, 0, 0, 0, 0, 0, 0, 0, 0, 0, 0, 0, 0, 0, 0, 0, 0, 0, 0, 0, 0, 0, 0, 0, 0, 0, 0, 0, 0, 0, 0, 0, 0, 0, 0, 0, 0, 0, 0, 0, 0, 0, 0, 0, 0, 0, 0, 0, 0, 0, 0, 0, 0, 0, 0, 0, 0, 0, 0, 0, 0, 0, 0, 0, 0, 0, 0, 0, 0, 0, 0, 0, 0, 0, 0, 0, 0, 0, 0, 0, 0, 0, 0, 0, 0, 0, 0, 0, 0, 0, 0, 0, 0, 0, 0, 0, 0, 0, 0, 0, 0, 0, 0, 0, 0, 0, 0, 0, 0, 0, 0, 0, 0, 0, 0, 0, 0, 0, 0, 0, 0, 0, 0, 0, 0, 0, 0, 0, 0, 0, 0, 0, 0, 0, 0, 0, 0, 0, 0, 0, 0, 0, 0, 0, 0, 0, 0, 0, 0, 0, 0, 0, 0, 0, 0, 0, 0, 0, 0, 0, 0, 0, 0, 0, 0, 0, 0, 0, 0, 0, 0, 0, 0, 0, 0, 0, 0, 0, 0, 0, 0, 0, 0, 0, 0, 0, 0, 0, 0, 0, 0, 0, 0, 0, 0, 0, 0, 0, 0, 0, 0, 0, 0, 0, 0, 0, 0, 0, 0]",350,"[0.7718620300292969, 0.5669710636138916, 0.42031317949295044, 0.4016302525997162, 0.40759190917015076, 0.40726444125175476, 0.4072364866733551, 0.4072272479534149, 0.4072287380695343, 0.4072260558605194, 0.4072267413139343, 0.4072295129299164, 0.40724483132362366, 0.40722882747650146, 0.4072347581386566, 0.4072263836860657, 0.4072290062904358, 0.40723082423210144, 0.4072282016277313, 0.40722647309303284, 0.4072261154651642, 0.40723732113838196, 0.4072282314300537, 0.40722766518592834, 0.4072263836860657, 0.4072265326976776, 0.4072541892528534, 0.40724289417266846, 0.40722617506980896, 0.40722617506980896, 0.40724313259124756, 0.4072325527667999, 0.40722915530204773, 0.4072267413139343, 0.4072283208370209, 0.4072262942790985, 0.4072798788547516, 0.4072425961494446, 0.40730398893356323, 0.4072287678718567, 0.4072284996509552, 0.4072307348251343, 0.40723639726638794, 0.4072309136390686, 0.4072303771972656, 0.4072333872318268, 0.40722760558128357, 0.40722641348838806, 0.407240629196167, 0.40724441409111023, 0.407226026058197, 0.40722647309303284, 0.4072262644767761, 0.4072265625, 0.40722912549972534, 0.4072345495223999, 0.407227098941803, 0.407226026058197, 0.40723103284835815, 0.40722915530204773, 0.4072261154651642, 0.40723252296447754, 0.4072261452674866, 0.4072290360927582, 0.4072335362434387, 0.4072262942790985, 0.4072518050670624, 0.40724241733551025, 0.4072262644767761, 0.40722665190696716, 0.40722793340682983, 0.4072396457195282, 0.4072352647781372, 0.40723830461502075, 0.40722665190696716, 0.4072269797325134, 0.4072520136833191, 0.4072360098361969, 0.4072265326976776, 0.40722712874412537, 0.40723717212677, 0.4072543978691101, 0.40722742676734924, 0.40724441409111023, 0.4072466194629669, 0.40724506974220276, 0.4072261452674866, 0.40723156929016113, 0.4072261452674866, 0.4072636067867279, 0.407230019569397, 0.40722739696502686, 0.4072299301624298, 0.40722835063934326, 0.4072319269180298, 0.4072262942790985, 0.4072505235671997, 0.40724295377731323, 0.407243549823761, 0.4072269797325134, 0.4072273373603821, 0.4072442948818207, 0.40723147988319397, 0.4072376489639282, 0.40723633766174316, 0.4072312116622925, 0.4072737991809845, 0.4072268009185791, 0.4072464406490326, 0.4072475731372833, 0.4072261452674866, 0.4072285592556, 0.4072299301624298, 0.4072484076023102, 0.40724170207977295, 0.40722793340682983, 0.4072262644767761, 0.40723147988319397, 0.4072268307209015, 0.4072324335575104, 0.40724292397499084, 0.40725013613700867, 0.40723443031311035, 0.4072263240814209, 0.40722793340682983, 0.40722793340682983, 0.4072312116622925, 0.4072261452674866, 0.4072261154651642, 0.4073048532009125, 0.40722912549972534, 0.4072321653366089, 0.40726447105407715, 0.40722647309303284, 0.4072348475456238, 0.4072299897670746, 0.4072314202785492, 0.4072289764881134, 0.4072311520576477, 0.40722617506980896, 0.4072261452674866, 0.40723538398742676, 0.4072267413139343, 0.4072272777557373, 0.4072307348251343, 0.40723714232444763, 0.40722888708114624, 0.40723705291748047, 0.40722891688346863, 0.40724241733551025, 0.40723681449890137, 0.4072367548942566, 0.4072277545928955, 0.4072260558605194, 0.40722957253456116, 0.4072262942790985, 0.4072265923023224, 0.40722915530204773, 0.40723511576652527, 0.40722790360450745, 0.4072261452674866, 0.40722861886024475, 0.40722647309303284, 0.4072294533252716, 0.4072313606739044, 0.40731915831565857, 0.40722769498825073, 0.40723252296447754, 0.40722617506980896, 0.4072331488132477, 0.4072377383708954, 0.4072284400463104, 0.4072299301624298, 0.4072275161743164, 0.40726539492607117, 0.40725958347320557, 0.40723076462745667, 0.4072694480419159, 0.4072265326976776, 0.407232403755188, 0.407266229391098, 0.4072381556034088, 0.4072313606739044, 0.40723010897636414, 0.4072294235229492, 0.40727630257606506, 0.4072262644767761, 0.40722644329071045, 0.4072296619415283, 0.40725094079971313, 0.407233327627182, 0.4073045253753662, 0.40722882747650146, 0.4072315990924835, 0.4072694480419159, 0.40730130672454834, 0.40722665190696716, 0.40724098682403564, 0.40723517537117004, 0.40722885727882385, 0.40723541378974915, 0.40723952651023865, 0.40724247694015503, 0.40724989771842957, 0.4072379171848297, 0.40723150968551636, 0.4072306752204895, 0.40723028779029846, 0.4072268009185791, 0.4072304964065552, 0.4072273373603821, 0.40725335478782654, 0.4072517156600952, 0.4072284996509552, 0.40722978115081787, 0.40723204612731934, 0.4072323143482208, 0.4072352349758148, 0.4072265625, 0.40723294019699097, 0.40724265575408936, 0.4072475731372833, 0.4072282016277313, 0.40722760558128357, 0.4072270095348358, 0.40723851323127747, 0.40722644329071045, 0.4072272479534149, 0.40723949670791626, 0.40725064277648926, 0.40723150968551636, 0.40724191069602966, 0.4072660505771637, 0.40722671151161194, 0.4072331488132477, 0.40723931789398193, 0.4072530269622803, 0.4072267413139343, 0.40722858905792236, 0.40722620487213135, 0.40723666548728943, 0.4072359502315521, 0.40722787380218506, 0.40723034739494324, 0.4072270095348358, 0.4072269797325134, 0.4072532653808594, 0.40724122524261475, 0.40724050998687744, 0.40722885727882385, 0.4072262644767761, 0.407256543636322, 0.4072497487068176, 0.4072313606739044, 0.4072432816028595, 0.40722739696502686, 0.4072333574295044, 0.40722835063934326, 0.4072277843952179, 0.4072292745113373, 0.40722617506980896, 0.4072304964065552, 0.4072261452674866, 0.4072299599647522, 0.407232403755188, 0.40722742676734924, 0.4072263836860657, 0.4072263836860657, 0.40724778175354004, 0.40722692012786865, 0.40722694993019104, 0.4072374701499939, 0.4072762429714203, 0.4072282910346985, 0.40723517537117004, 0.4072275161743164, 0.4072268307209015, 0.4072361886501312, 0.4072328805923462, 0.4072261452674866, 0.40723663568496704, 0.4072261154651642, 0.4072462022304535, 0.4072381556034088, 0.40728476643562317, 0.40723469853401184, 0.40723347663879395, 0.4072655439376831, 0.4072629511356354, 0.4072662591934204, 0.40722793340682983, 0.4072299897670746, 0.40722817182540894, 0.40723809599876404, 0.4072318375110626, 0.4072277843952179, 0.40723028779029846, 0.40722644329071045, 0.4072262942790985, 0.4072291851043701, 0.4072590172290802, 0.4072263836860657, 0.40723109245300293, 0.4072272479534149, 0.40722760558128357, 0.4072302281856537, 0.4072261452674866, 0.4072292745113373, 0.40723931789398193, 0.4072284698486328, 0.40723103284835815, 0.40726256370544434, 0.40723559260368347, 0.407243013381958, 0.40722647309303284, 0.4072701632976532, 0.407245397567749, 0.40723735094070435, 0.40722617506980896, 0.4072284698486328, 0.4072719216346741, 0.40723201632499695, 0.40724438428878784, 0.4072292447090149, 0.4072377681732178, 0.4072412848472595, 0.4072262942790985, 0.40722763538360596, 0.4072279632091522, 0.4072333574295044, 0.4072302281856537, 0.40722861886024475, 0.40723761916160583, 0.40722984075546265, 0.40723955631256104, 0.4072267413139343, 0.4072269797325134, 0.40722694993019104, 0.407258540391922, 0.40723538398742676, 0.4072263836860657, 0.4072262942790985, 0.40722885727882385, 0.4072287082672119, 0.40722620487213135, 0.40722641348838806, 0.40722647309303284, 0.40724143385887146, 0.40722715854644775, 0.4072268307209015]",0.0,"[33.0, 33.0, 8.0, 2.0, 0.0, 0.0, 0.0, 0.0, 0.0, 0.0, 0.0, 0.0, 0.0, 0.0, 0.0, 0.0, 0.0, 0.0, 0.0, 0.0, 0.0, 0.0, 0.0, 0.0, 0.0, 0.0, 0.0, 0.0, 0.0, 0.0, 0.0, 0.0, 0.0, 0.0, 0.0, 0.0, 0.0, 0.0, 0.0, 0.0, 0.0, 0.0, 0.0, 0.0, 0.0, 0.0, 0.0, 0.0, 0.0, 0.0, 0.0, 0.0, 0.0, 0.0, 0.0, 0.0, 0.0, 0.0, 0.0, 0.0, 0.0, 0.0, 0.0, 0.0, 0.0, 0.0, 0.0, 0.0, 0.0, 0.0, 0.0, 0.0, 0.0, 0.0, 0.0, 0.0, 0.0, 0.0, 0.0, 0.0, 0.0, 0.0, 0.0, 0.0, 0.0, 0.0, 0.0, 0.0, 0.0, 0.0, 0.0, 0.0, 0.0, 0.0, 0.0, 0.0, 0.0, 0.0, 0.0, 0.0, 0.0, 0.0, 0.0, 0.0, 0.0, 0.0, 0.0, 0.0, 0.0, 0.0, 0.0, 0.0, 0.0, 0.0, 0.0, 0.0, 0.0, 0.0, 0.0, 0.0, 0.0, 0.0, 0.0, 0.0, 0.0, 0.0, 0.0, 0.0, 0.0, 0.0, 0.0, 0.0, 0.0, 0.0, 0.0, 0.0, 0.0, 0.0, 0.0, 0.0, 0.0, 0.0, 0.0, 0.0, 0.0, 0.0, 0.0, 0.0, 0.0, 0.0, 0.0, 0.0, 0.0, 0.0, 0.0, 0.0, 0.0, 0.0, 0.0, 0.0, 0.0, 0.0, 0.0, 0.0, 0.0, 0.0, 0.0, 0.0, 0.0, 0.0, 0.0, 0.0, 0.0, 0.0, 0.0, 0.0, 0.0, 0.0, 0.0, 0.0, 0.0, 0.0, 0.0, 0.0, 0.0, 0.0, 0.0, 0.0, 0.0, 0.0, 0.0, 0.0, 0.0, 0.0, 0.0, 0.0, 0.0, 0.0, 0.0, 0.0, 0.0, 0.0, 0.0, 0.0, 0.0, 0.0, 0.0, 0.0, 0.0, 0.0, 0.0, 0.0, 0.0, 0.0, 0.0, 0.0, 0.0, 0.0, 0.0, 0.0, 0.0, 0.0, 0.0, 0.0, 0.0, 0.0, 0.0, 0.0, 0.0, 0.0, 0.0, 0.0, 0.0, 0.0, 0.0, 0.0, 0.0, 0.0, 0.0, 0.0, 0.0, 0.0, 0.0, 0.0, 0.0, 0.0, 0.0, 0.0, 0.0, 0.0, 0.0, 0.0, 0.0, 0.0, 0.0, 0.0, 0.0, 0.0, 0.0, 0.0, 0.0, 0.0, 0.0, 0.0, 0.0, 0.0, 0.0, 0.0, 0.0, 0.0, 0.0, 0.0, 0.0, 0.0, 0.0, 0.0, 0.0, 0.0, 0.0, 0.0, 0.0, 0.0, 0.0, 0.0, 0.0, 0.0, 0.0, 0.0, 0.0, 0.0, 0.0, 0.0, 0.0, 0.0, 0.0, 0.0, 0.0, 0.0, 0.0, 0.0, 0.0, 0.0, 0.0, 0.0, 0.0, 0.0, 0.0, 0.0, 0.0, 0.0, 0.0, 0.0, 0.0, 0.0, 0.0, 0.0, 0.0, 0.0, 0.0, 0.0, 0.0, 0.0, 0.0, 0.0, 0.0, 0.0, 0.0, 0.0, 0.0, 0.0, 0.0, 0.0, 0.0, 0.0, 0.0, 0.0, 0.0, 0.0, 0.0, 0.0, 0.0, 0.0, 0.0, 0.0, 0.0, 0.0, 0.0, 0.0, 0.0, 0.0]",COMPLETE
