,number,value,datetime_start,datetime_complete,duration,params_batch_size_scaler,params_constant_learning_rate,params_depth,params_epochs,params_kernel_l2,params_num_trees,params_temperature,user_attrs_accuracy_test,user_attrs_accuracy_valid,user_attrs_approximate_feature_sparsity,user_attrs_approximate_feature_sparsity_history,user_attrs_approximate_weight_sparsity,user_attrs_approximate_weight_sparsity_history,user_attrs_auc_test,user_attrs_auc_valid,user_attrs_feature_sparsity,user_attrs_feature_sparsity_history,user_attrs_num_epochs,user_attrs_val_loss_history,user_attrs_weight_sparsity,user_attrs_weight_sparsity_history,state
151,151,0.8925686903427754,2024-08-31 07:48:33.886624,2024-08-31 07:50:29.599942,0 days 00:01:55.713318,4,0.010618668696933018,3,440,0.0019670389991679315,69,0.01863488981340228,0.886,0.88625,33,"[33, 33, 33, 33, 33, 33, 33, 33, 33, 33, 33, 33, 33, 33, 33, 33, 33, 33, 33, 33, 33, 33, 33, 33, 33, 33, 33, 33, 33, 33, 33, 33, 33, 33, 33, 33, 33, 33, 33, 33, 33, 33, 33, 33, 33, 33, 33, 33, 33, 33, 33, 33, 33, 33, 33, 33, 33, 33, 33, 33, 33, 33, 33, 33, 33, 33, 33, 33, 33, 33, 33, 33, 33, 33, 33, 33, 33, 33, 33, 33, 33, 33, 33, 33, 33, 33, 33, 33, 33, 33, 33, 33, 33, 33, 33, 33, 33, 33, 33, 33, 33, 33, 33, 33, 33, 33, 33, 33, 33, 33, 33, 33, 33, 33, 33, 33, 33, 33, 33, 33, 33, 33, 33, 33, 33, 33, 33, 33, 33, 33, 33, 33, 33, 33, 33, 33, 33, 33, 33, 33, 33, 33, 33, 33, 33, 33, 33, 33, 33, 33, 33, 33, 33, 33, 33, 33, 33, 33, 33, 33, 33, 33, 33, 33, 33, 33, 33, 33, 33, 33, 33, 33, 33, 33, 33, 33, 33, 33, 33, 33, 33, 33, 33, 33, 33, 33, 33, 33, 33, 33, 33, 33, 33, 33, 33, 33, 33, 33, 33, 33, 33, 33, 33, 33, 33, 33, 33, 33, 33, 33, 33, 33, 33, 33, 33, 33, 33, 33, 33, 33, 33, 33, 33, 33, 33, 33, 33, 33, 33, 33, 33, 33, 33, 33, 33, 33, 33, 33, 33, 33, 33, 33, 33, 33, 33, 33, 33, 33, 33, 33, 33, 33, 33, 33, 33, 33, 33, 33, 33, 33, 33, 33, 33, 33, 33, 33, 33, 33, 33, 33, 33, 33, 33, 33, 33, 33, 33, 33, 33, 33, 33, 33, 33, 33, 33, 33, 33, 33, 33, 33, 33, 33, 33, 33, 33, 33, 33, 33, 33, 33, 33, 33, 33, 33, 33, 33, 33, 33, 33, 33, 33, 33, 33, 33, 33, 33, 33, 33, 33, 33, 33, 33, 33, 33, 33, 33, 33, 33, 33, 33, 33, 33, 33, 33, 33, 33, 33, 33, 33, 33, 33, 33, 33, 33, 33, 33, 33, 33, 33, 33, 33, 33, 33, 33, 33, 33, 33, 33, 33, 33, 33, 33, 33, 33, 33, 33, 33, 33, 33, 33, 33, 33, 33, 33, 33, 33, 33, 33, 33, 33, 33, 33, 33, 33, 33, 33, 33, 33, 33, 33, 33, 33, 33, 33, 33, 33, 33, 33, 33, 33, 33, 33, 33, 33, 33, 33, 33, 33, 33, 33, 33, 33, 33, 33, 33, 33, 33, 33, 33, 33, 33, 33, 33, 33, 33, 33, 33, 33, 33, 33, 33, 33, 33, 33, 33, 33, 33, 33, 33, 33]",32.9648033126294,"[32.96687370600414, 32.96687370600414, 32.96687370600414, 32.96894409937888, 32.97722567287785, 32.962732919254655, 32.97722567287785, 32.98757763975155, 32.96894409937888, 32.97308488612836, 32.97722567287785, 32.97722567287785, 32.97722567287785, 32.96687370600414, 32.97722567287784, 32.97929606625259, 32.96894409937888, 32.97308488612836, 32.97308488612836, 32.962732919254655, 32.962732919254655, 32.958592132505174, 32.96687370600414, 32.97929606625259, 32.98343685300207, 32.97929606625259, 32.975155279503106, 32.9648033126294, 32.975155279503106, 32.975155279503106, 32.97101449275362, 32.97929606625259, 32.97101449275362, 32.975155279503106, 32.98136645962733, 32.98343685300207, 32.981366459627324, 32.981366459627324, 32.97722567287785, 32.97722567287785, 32.97722567287784, 32.97308488612836, 32.96894409937888, 32.9648033126294, 32.95652173913044, 32.96066252587992, 32.96894409937888, 32.97308488612836, 32.975155279503106, 32.96687370600414, 32.96894409937888, 32.96066252587992, 32.9648033126294, 32.96687370600414, 32.9648033126294, 32.96687370600414, 32.962732919254655, 32.9648033126294, 32.97722567287784, 32.96894409937888, 32.9648033126294, 32.962732919254655, 32.96066252587991, 32.9648033126294, 32.9648033126294, 32.96894409937888, 32.97308488612836, 32.97308488612836, 32.971014492753625, 32.96894409937888, 32.971014492753625, 32.96894409937888, 32.97722567287785, 32.97929606625259, 32.97722567287784, 32.9751552795031, 32.96894409937888, 32.97308488612836, 32.971014492753625, 32.97101449275362, 32.97101449275362, 32.97308488612836, 32.9751552795031, 32.975155279503106, 32.97722567287784, 32.97929606625259, 32.975155279503106, 32.97722567287785, 32.98136645962733, 32.975155279503106, 32.96687370600414, 32.962732919254655, 32.971014492753625, 32.971014492753625, 32.96894409937888, 32.96687370600414, 32.9648033126294, 32.9648033126294, 32.95445134575569, 32.95445134575569, 32.95445134575569, 32.95652173913044, 32.96066252587992, 32.96687370600414, 32.96687370600414, 32.97308488612836, 32.975155279503106, 32.97308488612836, 32.96894409937888, 32.96894409937888, 32.975155279503106, 32.97308488612836, 32.97929606625259, 32.97101449275362, 32.97308488612836, 32.97308488612836, 32.97308488612836, 32.98136645962733, 32.97929606625259, 32.97929606625259, 32.98343685300207, 32.98757763975155, 32.98343685300207, 32.97722567287784, 32.97722567287784, 32.97722567287784, 32.9751552795031, 32.971014492753625, 32.97722567287785, 32.97722567287785, 32.975155279503106, 32.97722567287785, 32.97929606625259, 32.97722567287785, 32.96894409937888, 32.9648033126294, 32.9648033126294, 32.97308488612836, 32.971014492753625, 32.962732919254655, 32.9648033126294, 32.9648033126294, 32.96894409937888, 32.975155279503106, 32.97308488612836, 32.971014492753625, 32.97308488612836, 32.97308488612836, 32.9751552795031, 32.97308488612836, 32.97101449275362, 32.97722567287784, 32.97929606625259, 32.975155279503106, 32.97101449275362, 32.96687370600414, 32.96687370600414, 32.96687370600414, 32.9751552795031, 32.981366459627324, 32.97722567287784, 32.97722567287784, 32.971014492753625, 32.9648033126294, 32.96894409937888, 32.96687370600414, 32.96894409937888, 32.96894409937888, 32.96894409937888, 32.97308488612836, 32.981366459627324, 32.975155279503106, 32.975155279503106, 32.97722567287784, 32.971014492753625, 32.971014492753625, 32.97308488612836, 32.97308488612836, 32.96894409937888, 32.962732919254655, 32.96480331262939, 32.9648033126294, 32.96687370600414, 32.97101449275362, 32.97308488612836, 32.96687370600414, 32.96894409937888, 32.97308488612836, 32.98343685300207, 32.97722567287784, 32.96894409937888, 32.97308488612836, 32.97101449275362, 32.97101449275362, 32.96687370600414, 32.96894409937888, 32.971014492753625, 32.9648033126294, 32.9648033126294, 32.958592132505174, 32.96894409937888, 32.96894409937888, 32.96687370600414, 32.96066252587991, 32.9648033126294, 32.97308488612836, 32.971014492753625, 32.97308488612836, 32.975155279503106, 32.96687370600414, 32.96687370600414, 32.97308488612836, 32.97308488612836, 32.96894409937888, 32.971014492753625, 32.971014492753625, 32.962732919254655, 32.962732919254655, 32.958592132505174, 32.958592132505174, 32.95031055900621, 32.95031055900621, 32.95445134575569, 32.95445134575569, 32.962732919254655, 32.95238095238095, 32.962732919254655, 32.96894409937888, 32.96894409937888, 32.96894409937888, 32.96066252587992, 32.96066252587992, 32.96894409937888, 32.96687370600414, 32.9648033126294, 32.96273291925466, 32.96894409937888, 32.97929606625259, 32.97929606625259, 32.975155279503106, 32.97722567287784, 32.97308488612836, 32.97722567287784, 32.98136645962733, 32.98343685300207, 32.98343685300207, 32.981366459627324, 32.97929606625259, 32.97929606625259, 32.985507246376805, 32.97929606625259, 32.97929606625259, 32.97722567287785, 32.97929606625259, 32.97722567287785, 32.98343685300207, 32.9751552795031, 32.97929606625259, 32.98343685300207, 32.981366459627324, 32.98343685300207, 32.981366459627324, 32.9751552795031, 32.975155279503106, 32.971014492753625, 32.97929606625259, 32.96687370600414, 32.97308488612836, 32.97308488612836, 32.96894409937888, 32.96894409937888, 32.962732919254655, 32.95652173913044, 32.95238095238095, 32.95238095238095, 32.94824016563147, 32.950310559006205, 32.946169772256724, 32.950310559006205, 32.962732919254655, 32.958592132505174, 32.96066252587991, 32.971014492753625, 32.9648033126294, 32.975155279503106, 32.971014492753625, 32.96687370600414, 32.95652173913044, 32.95652173913044, 32.9648033126294, 32.96894409937888, 32.975155279503106, 32.97308488612836, 32.96687370600414, 32.9648033126294, 32.96687370600414, 32.962732919254655, 32.95445134575569, 32.950310559006205, 32.958592132505174, 32.96066252587992, 32.9648033126294, 32.97101449275362, 32.975155279503106, 32.97722567287784, 32.97929606625259, 32.97929606625259, 32.981366459627324, 32.97101449275362, 32.97101449275362, 32.97101449275362, 32.97308488612836, 32.96894409937888, 32.97101449275362, 32.96687370600414, 32.96894409937888, 32.958592132505174, 32.95445134575569, 32.95652173913044, 32.96894409937888, 32.97308488612836, 32.97929606625259, 32.97722567287785, 32.981366459627324, 32.981366459627324, 32.975155279503106, 32.97929606625259, 32.981366459627324, 32.97722567287785, 32.97722567287785, 32.97929606625259, 32.981366459627324, 32.981366459627324, 32.98550724637681, 32.97722567287785, 32.975155279503106, 32.97722567287784, 32.9751552795031, 32.96894409937888, 32.971014492753625, 32.97101449275362, 32.96894409937888, 32.975155279503106, 32.96894409937888, 32.962732919254655, 32.96066252587991, 32.95031055900621, 32.958592132505174, 32.95652173913044, 32.96894409937888, 32.96687370600414, 32.9648033126294, 32.96894409937888, 32.96687370600414, 32.975155279503106, 32.97308488612836, 32.96066252587991, 32.96066252587992, 32.96066252587991, 32.96273291925466, 32.97101449275362, 32.96894409937888, 32.96894409937888, 32.96894409937888, 32.96894409937888, 32.96894409937888, 32.96894409937888, 32.96066252587991, 32.9648033126294, 32.96894409937888, 32.96894409937888, 32.96687370600414, 32.96687370600414, 32.966873706004144, 32.96687370600414, 32.96066252587992, 32.96066252587992, 32.96687370600414, 32.96687370600414, 32.96687370600414, 32.971014492753625, 32.97101449275362, 32.97722567287784, 32.97308488612836, 32.97308488612836, 32.97308488612836, 32.96894409937888, 32.96894409937888, 32.966873706004144, 32.96894409937888, 32.962732919254655, 32.95652173913043, 32.96066252587992, 32.962732919254655, 32.9648033126294, 32.96687370600414, 32.958592132505174, 32.958592132505174, 32.9648033126294, 32.958592132505174, 32.95652173913044, 32.95445134575569, 32.95445134575569, 32.95238095238095, 32.958592132505174, 32.95652173913043, 32.95445134575569, 32.95652173913043, 32.95652173913043, 32.958592132505174, 32.962732919254655, 32.9648033126294, 32.962732919254655, 32.9648033126294, 32.96066252587991, 32.962732919254655, 32.962732919254655, 32.96480331262939, 32.97101449275362, 32.96894409937888, 32.9648033126294, 32.96066252587991, 32.97308488612836, 32.96687370600414, 32.96687370600414, 32.96687370600414, 32.96066252587991, 32.9648033126294, 32.96066252587992, 32.9648033126294, 32.962732919254655, 32.96894409937888, 32.96894409937888, 32.9648033126294, 32.96066252587992, 32.9648033126294, 32.9648033126294, 32.971014492753625, 32.96687370600414, 32.9648033126294]",0.8786400151916711,0.8925686903427754,33,"[33, 33, 33, 33, 33, 33, 33, 33, 33, 33, 33, 33, 33, 33, 33, 33, 33, 33, 33, 33, 33, 33, 33, 33, 33, 33, 33, 33, 33, 33, 33, 33, 33, 33, 33, 33, 33, 33, 33, 33, 33, 33, 33, 33, 33, 33, 33, 33, 33, 33, 33, 33, 33, 33, 33, 33, 33, 33, 33, 33, 33, 33, 33, 33, 33, 33, 33, 33, 33, 33, 33, 33, 33, 33, 33, 33, 33, 33, 33, 33, 33, 33, 33, 33, 33, 33, 33, 33, 33, 33, 33, 33, 33, 33, 33, 33, 33, 33, 33, 33, 33, 33, 33, 33, 33, 33, 33, 33, 33, 33, 33, 33, 33, 33, 33, 33, 33, 33, 33, 33, 33, 33, 33, 33, 33, 33, 33, 33, 33, 33, 33, 33, 33, 33, 33, 33, 33, 33, 33, 33, 33, 33, 33, 33, 33, 33, 33, 33, 33, 33, 33, 33, 33, 33, 33, 33, 33, 33, 33, 33, 33, 33, 33, 33, 33, 33, 33, 33, 33, 33, 33, 33, 33, 33, 33, 33, 33, 33, 33, 33, 33, 33, 33, 33, 33, 33, 33, 33, 33, 33, 33, 33, 33, 33, 33, 33, 33, 33, 33, 33, 33, 33, 33, 33, 33, 33, 33, 33, 33, 33, 33, 33, 33, 33, 33, 33, 33, 33, 33, 33, 33, 33, 33, 33, 33, 33, 33, 33, 33, 33, 33, 33, 33, 33, 33, 33, 33, 33, 33, 33, 33, 33, 33, 33, 33, 33, 33, 33, 33, 33, 33, 33, 33, 33, 33, 33, 33, 33, 33, 33, 33, 33, 33, 33, 33, 33, 33, 33, 33, 33, 33, 33, 33, 33, 33, 33, 33, 33, 33, 33, 33, 33, 33, 33, 33, 33, 33, 33, 33, 33, 33, 33, 33, 33, 33, 33, 33, 33, 33, 33, 33, 33, 33, 33, 33, 33, 33, 33, 33, 33, 33, 33, 33, 33, 33, 33, 33, 33, 33, 33, 33, 33, 33, 33, 33, 33, 33, 33, 33, 33, 33, 33, 33, 33, 33, 33, 33, 33, 33, 33, 33, 33, 33, 33, 33, 33, 33, 33, 33, 33, 33, 33, 33, 33, 33, 33, 33, 33, 33, 33, 33, 33, 33, 33, 33, 33, 33, 33, 33, 33, 33, 33, 33, 33, 33, 33, 33, 33, 33, 33, 33, 33, 33, 33, 33, 33, 33, 33, 33, 33, 33, 33, 33, 33, 33, 33, 33, 33, 33, 33, 33, 33, 33, 33, 33, 33, 33, 33, 33, 33, 33, 33, 33, 33, 33, 33, 33, 33, 33, 33, 33, 33, 33, 33, 33, 33, 33, 33, 33, 33, 33, 33, 33, 33, 33, 33, 33, 33, 33, 33]",440,"[0.4093156158924103, 0.4028976857662201, 0.39936843514442444, 0.39630818367004395, 0.39354947209358215, 0.3911069929599762, 0.3888639211654663, 0.3868764638900757, 0.3850274980068207, 0.38341224193573, 0.38188475370407104, 0.38051289319992065, 0.37927883863449097, 0.3781884014606476, 0.37713345885276794, 0.3761036694049835, 0.3751966953277588, 0.374390184879303, 0.37362274527549744, 0.3728911280632019, 0.3722394108772278, 0.3715449273586273, 0.3709350824356079, 0.37036436796188354, 0.36990755796432495, 0.3693104088306427, 0.36880379915237427, 0.3683238923549652, 0.3678465783596039, 0.36738017201423645, 0.3669573962688446, 0.36650320887565613, 0.36611735820770264, 0.36572811007499695, 0.36553436517715454, 0.3649699091911316, 0.36458930373191833, 0.3641611337661743, 0.36381274461746216, 0.36355888843536377, 0.36310768127441406, 0.36276349425315857, 0.36242130398750305, 0.36212918162345886, 0.3617483079433441, 0.3613767623901367, 0.3610473871231079, 0.3607030510902405, 0.3603651523590088, 0.35999950766563416, 0.35965579748153687, 0.359366774559021, 0.35909977555274963, 0.35872572660446167, 0.3585127890110016, 0.3581022620201111, 0.3577917814254761, 0.3574085235595703, 0.35705605149269104, 0.3567740321159363, 0.3564261198043823, 0.35616248846054077, 0.3558028042316437, 0.3554494082927704, 0.3551349341869354, 0.3548823297023773, 0.35451850295066833, 0.35423606634140015, 0.35399535298347473, 0.3535834550857544, 0.35333487391471863, 0.35300105810165405, 0.35277530550956726, 0.3524351119995117, 0.3521338701248169, 0.3517778813838959, 0.3516038954257965, 0.35119953751564026, 0.3508782982826233, 0.35064706206321716, 0.3502703905105591, 0.3499293923377991, 0.3496498763561249, 0.3493969738483429, 0.3491993248462677, 0.34880778193473816, 0.3484148383140564, 0.3481147289276123, 0.34784072637557983, 0.3475746512413025, 0.34727364778518677, 0.3469322919845581, 0.3466648757457733, 0.34638580679893494, 0.3460860550403595, 0.34582993388175964, 0.34565505385398865, 0.3452550768852234, 0.34511691331863403, 0.3446836769580841, 0.3443712592124939, 0.34414368867874146, 0.3438047766685486, 0.34351035952568054, 0.3432348370552063, 0.34293705224990845, 0.342835932970047, 0.3424481153488159, 0.3422289192676544, 0.3419759273529053, 0.34159764647483826, 0.3412870168685913, 0.34101325273513794, 0.3407963514328003, 0.3405153751373291, 0.3402616083621979, 0.33991217613220215, 0.3397006094455719, 0.3394772410392761, 0.3392760455608368, 0.33895447850227356, 0.33867907524108887, 0.3383699059486389, 0.33821842074394226, 0.3379930257797241, 0.3376162052154541, 0.33740708231925964, 0.3371184468269348, 0.33685189485549927, 0.3365401327610016, 0.3363536596298218, 0.33597293496131897, 0.3357985317707062, 0.3355260193347931, 0.3352999985218048, 0.3350341320037842, 0.33478057384490967, 0.33450812101364136, 0.33422985672950745, 0.3339228332042694, 0.33367547392845154, 0.33344653248786926, 0.3332297205924988, 0.33289092779159546, 0.3327118754386902, 0.33241909742355347, 0.3321932852268219, 0.33196917176246643, 0.3317302465438843, 0.33147063851356506, 0.3311709463596344, 0.33094537258148193, 0.33073315024375916, 0.3304227888584137, 0.33025240898132324, 0.32998618483543396, 0.32978516817092896, 0.3296459913253784, 0.32935401797294617, 0.32902708649635315, 0.3288056254386902, 0.3285368084907532, 0.32833218574523926, 0.3280106782913208, 0.3278167247772217, 0.3275282382965088, 0.3273003101348877, 0.3269879221916199, 0.32687366008758545, 0.3265882432460785, 0.3264765441417694, 0.3261435627937317, 0.3258192539215088, 0.3256063461303711, 0.3254031836986542, 0.3251439929008484, 0.3249153792858124, 0.3245854675769806, 0.324341744184494, 0.32412341237068176, 0.32384005188941956, 0.32360851764678955, 0.32335159182548523, 0.3231368660926819, 0.3229883909225464, 0.3226720094680786, 0.3224625885486603, 0.32216179370880127, 0.3219066262245178, 0.3217726945877075, 0.32139888405799866, 0.3212141692638397, 0.3210134506225586, 0.3206979036331177, 0.3205376863479614, 0.3203084170818329, 0.32003676891326904, 0.31969889998435974, 0.31961020827293396, 0.3192937970161438, 0.3191467821598053, 0.31877100467681885, 0.31855514645576477, 0.31826600432395935, 0.3180718719959259, 0.31774434447288513, 0.31759342551231384, 0.3172507584095001, 0.31709402799606323, 0.3168579339981079, 0.316600501537323, 0.31631898880004883, 0.3160836696624756, 0.3158129155635834, 0.31578147411346436, 0.3153775632381439, 0.31509989500045776, 0.3149123191833496, 0.31466636061668396, 0.3143138289451599, 0.31403884291648865, 0.31374266743659973, 0.3135779798030853, 0.3133976459503174, 0.31301411986351013, 0.3127472996711731, 0.3125068247318268, 0.31226861476898193, 0.31200116872787476, 0.3118079900741577, 0.31146055459976196, 0.3112415373325348, 0.3110061585903168, 0.31073901057243347, 0.31060612201690674, 0.3101787567138672, 0.30993086099624634, 0.3096649646759033, 0.30943763256073, 0.3092235028743744, 0.3089551031589508, 0.3086225092411041, 0.3083021640777588, 0.3081006705760956, 0.3078405261039734, 0.3076353967189789, 0.30733582377433777, 0.30702176690101624, 0.30681777000427246, 0.3064989745616913, 0.3062983751296997, 0.30597984790802, 0.30569812655448914, 0.3054969906806946, 0.3052283525466919, 0.3049113154411316, 0.30469822883605957, 0.304449200630188, 0.30415078997612, 0.3038581311702728, 0.3036840558052063, 0.3033338487148285, 0.30297884345054626, 0.30277514457702637, 0.3024866580963135, 0.30219578742980957, 0.30187615752220154, 0.30178746581077576, 0.30134791135787964, 0.301082968711853, 0.3007640838623047, 0.30057236552238464, 0.3002769947052002, 0.29993975162506104, 0.2996101677417755, 0.29943570494651794, 0.29910555481910706, 0.298826664686203, 0.29852908849716187, 0.29824110865592957, 0.2979668378829956, 0.2977297604084015, 0.29741036891937256, 0.2970464825630188, 0.2968485355377197, 0.2965564727783203, 0.2962312698364258, 0.2959333658218384, 0.2957150936126709, 0.29548272490501404, 0.2951766848564148, 0.2947555184364319, 0.29453641176223755, 0.2942480444908142, 0.2938919961452484, 0.29359057545661926, 0.293335884809494, 0.29305970668792725, 0.29271334409713745, 0.2924623191356659, 0.29218950867652893, 0.29187557101249695, 0.2916058301925659, 0.2913590967655182, 0.2910340428352356, 0.29068857431411743, 0.2904426157474518, 0.29014527797698975, 0.28981447219848633, 0.28955700993537903, 0.28931939601898193, 0.2890188694000244, 0.28870585560798645, 0.2884491980075836, 0.2881418764591217, 0.2878013849258423, 0.287557989358902, 0.2872369885444641, 0.2870032489299774, 0.2867235541343689, 0.2864110469818115, 0.28609779477119446, 0.2858404815196991, 0.285508930683136, 0.2852018475532532, 0.2849358320236206, 0.2846835255622864, 0.2843571901321411, 0.2841309607028961, 0.2838665843009949, 0.2836771309375763, 0.28333336114883423, 0.28294897079467773, 0.28259068727493286, 0.2823462188243866, 0.2820243537425995, 0.2819303572177887, 0.2816466987133026, 0.28120535612106323, 0.28092291951179504, 0.28068700432777405, 0.2803884446620941, 0.28013327717781067, 0.27983546257019043, 0.27948933839797974, 0.2792046070098877, 0.2789347171783447, 0.2786328196525574, 0.27840137481689453, 0.2781755328178406, 0.2778339087963104, 0.27755725383758545, 0.2773456871509552, 0.27703848481178284, 0.276827335357666, 0.2765016257762909, 0.2762257754802704, 0.27600058913230896, 0.2757241725921631, 0.2754411995410919, 0.27524542808532715, 0.27495139837265015, 0.27463868260383606, 0.27433130145072937, 0.2740713059902191, 0.27390286326408386, 0.27364787459373474, 0.27344170212745667, 0.27321887016296387, 0.2728878855705261, 0.27260497212409973, 0.2723011374473572, 0.2721397876739502, 0.2718929052352905, 0.2715834379196167, 0.27132469415664673, 0.27105462551116943, 0.27094101905822754, 0.2706443667411804, 0.270433634519577, 0.2702169418334961, 0.26989659667015076, 0.26966673135757446, 0.26938319206237793, 0.269173264503479, 0.26894569396972656, 0.2687251567840576, 0.26849889755249023, 0.26825928688049316, 0.2680527865886688, 0.2678051292896271, 0.26754966378211975, 0.2673615515232086, 0.26711687445640564, 0.26685336232185364, 0.2666662633419037, 0.266450971364975, 0.2662141025066376, 0.2659793198108673, 0.2657526731491089, 0.2655360698699951, 0.2653096616268158, 0.26507312059402466, 0.26495999097824097, 0.26469510793685913, 0.2645871341228485, 0.2643941044807434, 0.26412954926490784, 0.2638866603374481, 0.26368531584739685, 0.2633915841579437, 0.2631963789463043, 0.2630329132080078, 0.2628088891506195, 0.26256829500198364, 0.2623959183692932, 0.2621535062789917, 0.26194557547569275, 0.261759877204895, 0.26161110401153564, 0.26138171553611755, 0.26124346256256104, 0.2610698640346527, 0.2608775198459625, 0.26066893339157104, 0.2605651617050171, 0.260311484336853, 0.2601162791252136, 0.25994202494621277, 0.25971415638923645, 0.2595425844192505, 0.2593541145324707, 0.2591989040374756, 0.25898638367652893, 0.2589010000228882, 0.25875556468963623, 0.25854870676994324, 0.2583125829696655, 0.25814345479011536, 0.25795382261276245]",33.0,"[33.0, 33.0, 33.0, 33.0, 33.0, 33.0, 33.0, 33.0, 33.0, 33.0, 33.0, 33.0, 33.0, 33.0, 33.0, 33.0, 33.0, 33.0, 33.0, 33.0, 33.0, 33.0, 33.0, 33.0, 33.0, 33.0, 33.0, 33.0, 33.0, 33.0, 33.0, 3