,number,value,datetime_start,datetime_complete,duration,params_batch_size_scaler,params_constant_learning_rate,params_depth,params_epochs,params_kernel_l2,params_num_trees,params_temperature,user_attrs_accuracy_test,user_attrs_accuracy_valid,user_attrs_approximate_feature_sparsity,user_attrs_approximate_feature_sparsity_history,user_attrs_approximate_weight_sparsity,user_attrs_approximate_weight_sparsity_history,user_attrs_auc_test,user_attrs_auc_valid,user_attrs_feature_sparsity,user_attrs_feature_sparsity_history,user_attrs_num_epochs,user_attrs_val_loss_history,user_attrs_weight_sparsity,user_attrs_weight_sparsity_history,state
165,165,0.7333603843825276,2024-08-31 08:25:34.290294,2024-08-31 08:26:02.216563,0 days 00:00:27.926269,16,0.2868646028290599,2,300,0.032608471081681974,23,0.03942579210108563,0.878,0.86875,1,"[33, 31, 12, 4, 3, 3, 2, 2, 1, 1, 1, 1, 1, 1, 1, 1, 1, 1, 1, 1, 1, 1, 1, 1, 1, 1, 1, 1, 1, 1, 1, 1, 1, 1, 1, 1, 1, 1, 1, 1, 1, 1, 1, 1, 1, 1, 1, 1, 1, 1, 1, 1, 1, 1, 1, 1, 1, 1, 1, 1, 1, 1, 1, 1, 1, 1, 1, 1, 1, 1, 1, 1, 1, 1, 1, 1, 1, 1, 1, 1, 1, 1, 1, 1, 1, 1, 1, 1, 1, 1, 1, 1, 1, 1, 1, 1, 1, 1, 1, 1, 1, 1, 1, 1, 1, 1, 1, 1, 1, 1, 1, 1, 1, 1, 1, 1, 1, 1, 1, 1, 1, 1, 1, 1, 1, 1, 1, 1, 1, 1, 1, 1, 1, 1, 1, 1, 1, 1, 1, 1, 1, 1, 1, 1, 1, 1, 1, 1, 1, 1, 1, 1, 1, 1, 1, 1, 1, 1, 1, 1, 1, 1, 1, 1, 1, 1, 1, 1, 1, 1, 1, 1, 1, 1, 1, 1, 1, 1, 1, 1, 1, 1, 1, 1, 1, 1, 1, 1, 1, 1, 1, 1, 1, 1, 1, 1, 1, 1, 1, 1, 1, 1, 1, 1, 1, 1, 1, 1, 1, 1, 1, 1, 1, 1, 1, 1, 1, 1, 1, 1, 1, 1, 1, 1, 1, 1, 1, 1, 1, 1, 1, 1, 1, 1, 1, 1, 1, 1, 1, 1, 1, 1, 1, 1, 1, 1, 1, 1, 1, 1, 1, 1, 1, 1, 1, 1, 1, 1, 1, 1, 1, 1, 1, 1, 1, 1, 1, 1, 1, 1, 1, 1, 1, 1, 1, 1, 1, 1, 1, 1, 1, 1, 1, 1, 1, 1, 1, 1, 1, 1, 1, 1, 1, 1, 1, 1, 1, 1, 1, 1]",1.0,"[32.971014492753625, 31.0, 12.0, 3.9855072463768115, 3.0, 3.0, 2.0, 1.9855072463768115, 1.0, 1.0, 1.0, 1.0, 1.0, 1.0, 1.0, 1.0, 1.0, 1.0, 1.0, 1.0, 1.0, 1.0, 1.0, 1.0, 1.0, 1.0, 1.0, 1.0, 1.0, 1.0, 1.0, 1.0, 1.0, 1.0, 1.0, 1.0, 1.0, 1.0, 1.0, 1.0, 0.9855072463768116, 1.0, 1.0, 1.0, 1.0, 1.0, 1.0, 1.0, 1.0, 1.0, 1.0, 1.0, 1.0, 1.0, 1.0, 1.0, 1.0, 1.0, 1.0, 1.0, 1.0, 1.0, 1.0, 1.0, 1.0, 1.0, 1.0, 1.0, 1.0, 1.0, 1.0, 1.0, 1.0, 1.0, 1.0, 1.0, 1.0, 1.0, 1.0, 1.0, 1.0, 1.0, 1.0, 1.0, 1.0, 1.0, 1.0, 1.0, 1.0, 1.0, 1.0, 1.0, 1.0, 0.9855072463768116, 1.0, 1.0, 1.0, 1.0, 1.0, 1.0, 1.0, 1.0, 1.0, 1.0, 1.0, 1.0, 1.0, 1.0, 1.0, 1.0, 1.0, 1.0, 1.0, 1.0, 1.0, 1.0, 1.0, 1.0, 1.0, 1.0, 1.0, 1.0, 1.0, 1.0, 1.0, 1.0, 1.0, 1.0, 1.0, 1.0, 1.0, 1.0, 1.0, 1.0, 1.0, 1.0, 1.0, 1.0, 1.0, 1.0, 1.0, 1.0, 1.0, 1.0, 1.0, 1.0, 1.0, 1.0, 1.0, 1.0, 1.0, 1.0, 1.0, 1.0, 1.0, 1.0, 1.0, 1.0, 1.0, 1.0, 1.0, 1.0, 1.0, 1.0, 1.0, 1.0, 1.0, 1.0, 1.0, 1.0, 1.0, 1.0, 1.0, 1.0, 1.0, 1.0, 1.0, 1.0, 1.0, 1.0, 1.0, 1.0, 1.0, 1.0, 1.0, 1.0, 1.0, 1.0, 1.0, 0.9855072463768116, 1.0, 1.0, 1.0, 1.0, 1.0, 1.0, 1.0, 1.0, 1.0, 1.0, 1.0, 1.0, 1.0, 1.0, 1.0, 1.0, 1.0, 1.0, 1.0, 1.0, 1.0, 1.0, 1.0, 1.0, 1.0, 1.0, 1.0, 1.0, 1.0, 1.0, 1.0, 1.0, 1.0, 1.0, 1.0, 1.0, 1.0, 1.0, 0.9855072463768116, 0.9855072463768116, 1.0, 0.9855072463768116, 1.0, 1.0, 1.0, 1.0, 1.0, 1.0, 1.0, 1.0, 1.0, 1.0, 1.0, 0.9855072463768116, 0.9855072463768116, 1.0, 1.0, 1.0, 1.0, 1.0, 1.0, 1.0, 1.0, 1.0, 1.0, 1.0, 1.0, 1.0, 1.0, 1.0, 1.0, 1.0, 1.0, 1.0, 1.0, 1.0, 1.0, 1.0, 1.0, 1.0, 1.0, 1.0, 1.0, 1.0, 1.0, 1.0, 1.0, 1.0, 1.0, 1.0, 1.0, 1.0, 1.0, 1.0, 1.0, 1.0, 1.0, 0.9855072463768116, 0.9855072463768116, 0.9855072463768116, 1.0, 1.0, 1.0, 1.0, 1.0, 1.0, 1.0, 1.0, 1.0, 1.0]",0.7047366639420736,0.7333603843825276,1,"[33, 31, 12, 4, 3, 3, 2, 2, 1, 1, 1, 1, 1, 1, 1, 1, 1, 1, 1, 1, 1, 1, 1, 1, 1, 1, 1, 1, 1, 1, 1, 1, 1, 1, 1, 1, 1, 1, 1, 1, 1, 1, 1, 1, 1, 1, 1, 1, 1, 1, 1, 1, 1, 1, 1, 1, 1, 1, 1, 1, 1, 1, 1, 1, 1, 1, 1, 1, 1, 1, 1, 1, 1, 1, 1, 1, 1, 1, 1, 1, 1, 1, 1, 1, 1, 1, 1, 1, 1, 1, 1, 1, 1, 1, 1, 1, 1, 1, 1, 1, 1, 1, 1, 1, 1, 1, 1, 1, 1, 1, 1, 1, 1, 1, 1, 1, 1, 1, 1, 1, 1, 1, 1, 1, 1, 1, 1, 1, 1, 1, 1, 1, 1, 1, 1, 1, 1, 1, 1, 1, 1, 1, 1, 1, 1, 1, 1, 1, 1, 1, 1, 1, 1, 1, 1, 1, 1, 1, 1, 1, 1, 1, 1, 1, 1, 1, 1, 1, 1, 1, 1, 1, 1, 1, 1, 1, 1, 1, 1, 1, 1, 1, 1, 1, 1, 1, 1, 1, 1, 1, 1, 1, 1, 1, 1, 1, 1, 1, 1, 1, 1, 1, 1, 1, 1, 1, 1, 1, 1, 1, 1, 1, 1, 1, 1, 1, 1, 1, 1, 1, 1, 1, 1, 1, 1, 1, 1, 1, 1, 1, 1, 1, 1, 1, 1, 1, 1, 1, 1, 1, 1, 1, 1, 1, 1, 1, 1, 1, 1, 1, 1, 1, 1, 1, 1, 1, 1, 1, 1, 1, 1, 1, 1, 1, 1, 1, 1, 1, 1, 1, 1, 1, 1, 1, 1, 1, 1, 1, 1, 1, 1, 1, 1, 1, 1, 1, 1, 1, 1, 1, 1, 1, 1, 1, 1, 1, 1, 1, 1, 1]",300,"[0.40983298420906067, 0.3939931392669678, 0.38871002197265625, 0.3964073956012726, 0.3944908380508423, 0.3925688564777374, 0.3914473056793213, 0.39142704010009766, 0.39031243324279785, 0.38953879475593567, 0.38930362462997437, 0.3912324011325836, 0.38985946774482727, 0.38903743028640747, 0.3897686004638672, 0.38917049765586853, 0.3886641263961792, 0.38931238651275635, 0.38985979557037354, 0.3882991671562195, 0.38805460929870605, 0.38783350586891174, 0.3880493938922882, 0.38759246468544006, 0.3873940706253052, 0.38831382989883423, 0.3870796859264374, 0.3869282007217407, 0.3882664442062378, 0.3870301842689514, 0.3866267502307892, 0.3862893581390381, 0.3873044550418854, 0.3862307667732239, 0.3860728442668915, 0.38598552346229553, 0.38577884435653687, 0.3853123188018799, 0.3857377767562866, 0.3854939639568329, 0.3850685954093933, 0.38746917247772217, 0.385092556476593, 0.38435885310173035, 0.38524898886680603, 0.3836474120616913, 0.3857318162918091, 0.38325080275535583, 0.3833496570587158, 0.38276246190071106, 0.38614094257354736, 0.3824293911457062, 0.3831392526626587, 0.38215312361717224, 0.38200291991233826, 0.38263922929763794, 0.38112542033195496, 0.3810514509677887, 0.38172003626823425, 0.38043802976608276, 0.38029944896698, 0.37987080216407776, 0.37944766879081726, 0.3793046176433563, 0.37894511222839355, 0.3819863498210907, 0.38054096698760986, 0.37811604142189026, 0.37787482142448425, 0.37817251682281494, 0.37727677822113037, 0.3786979019641876, 0.37747740745544434, 0.3770331144332886, 0.3761167824268341, 0.37778252363204956, 0.3755144476890564, 0.3784172832965851, 0.37537720799446106, 0.3747318387031555, 0.37780460715293884, 0.3772639036178589, 0.37508776783943176, 0.37881702184677124, 0.373607873916626, 0.3734802007675171, 0.37279561161994934, 0.37360039353370667, 0.37234389781951904, 0.3745386600494385, 0.37241387367248535, 0.372471421957016, 0.37176570296287537, 0.3717420995235443, 0.37104684114456177, 0.37198707461357117, 0.3710174560546875, 0.3736042380332947, 0.37055259943008423, 0.3697912096977234, 0.36960160732269287, 0.3696545362472534, 0.37010058760643005, 0.3690749406814575, 0.36965304613113403, 0.3686155080795288, 0.36860787868499756, 0.36832138895988464, 0.36876651644706726, 0.36902549862861633, 0.3679000437259674, 0.3691801428794861, 0.3693736791610718, 0.3682575225830078, 0.36857205629348755, 0.3684818148612976, 0.3671203553676605, 0.36711639165878296, 0.36771097779273987, 0.36704501509666443, 0.3679541051387787, 0.36671432852745056, 0.3665628135204315, 0.36667537689208984, 0.3666805624961853, 0.3663744032382965, 0.3670658469200134, 0.3664613366127014, 0.3668343722820282, 0.36671948432922363, 0.36637383699417114, 0.3660617172718048, 0.3660185635089874, 0.3659569025039673, 0.3656962215900421, 0.36539068818092346, 0.3667202889919281, 0.36569949984550476, 0.3655743896961212, 0.3654831647872925, 0.36542877554893494, 0.3654063940048218, 0.36643871665000916, 0.36560744047164917, 0.36684149503707886, 0.36497703194618225, 0.3651636838912964, 0.3648872673511505, 0.36511853337287903, 0.3673897683620453, 0.3658953607082367, 0.36446866393089294, 0.36466845870018005, 0.36461588740348816, 0.36494213342666626, 0.3643319010734558, 0.36699867248535156, 0.36477795243263245, 0.36463671922683716, 0.36456555128097534, 0.3664397895336151, 0.36482325196266174, 0.3647348880767822, 0.36619386076927185, 0.36455273628234863, 0.36423659324645996, 0.3639938235282898, 0.3637710511684418, 0.36505573987960815, 0.3637029230594635, 0.3638271391391754, 0.36371275782585144, 0.3641940653324127, 0.36386799812316895, 0.36441221833229065, 0.3639492690563202, 0.36465346813201904, 0.36490821838378906, 0.36466658115386963, 0.3641352355480194, 0.3639725148677826, 0.3636128902435303, 0.364106148481369, 0.36388421058654785, 0.3634759187698364, 0.36350512504577637, 0.3636804521083832, 0.36359864473342896, 0.36382031440734863, 0.36398154497146606, 0.36436256766319275, 0.3633091449737549, 0.3633706271648407, 0.36318814754486084, 0.36304885149002075, 0.36435726284980774, 0.36324355006217957, 0.3634367883205414, 0.36289143562316895, 0.36350032687187195, 0.3629318177700043, 0.3628522455692291, 0.36732712388038635, 0.36308401823043823, 0.3639490008354187, 0.3628447353839874, 0.3663336932659149, 0.36264151334762573, 0.3633689880371094, 0.36534327268600464, 0.3632373809814453, 0.3627260625362396, 0.3639361262321472, 0.3628727197647095, 0.3625592887401581, 0.3627668023109436, 0.3633737564086914, 0.3625808358192444, 0.3624470829963684, 0.3628973662853241, 0.3626629114151001, 0.3630165755748749, 0.3625703454017639, 0.3632830083370209, 0.36234816908836365, 0.3625890612602234, 0.3631496727466583, 0.36217162013053894, 0.3646175265312195, 0.3622615933418274, 0.3621131181716919, 0.3620322346687317, 0.3620838522911072, 0.36480700969696045, 0.36243441700935364, 0.36222073435783386, 0.36225181818008423, 0.36215415596961975, 0.3623170852661133, 0.36270225048065186, 0.3618016541004181, 0.36279401183128357, 0.36415642499923706, 0.36645713448524475, 0.3620859980583191, 0.3618646264076233, 0.3621862828731537, 0.3620700538158417, 0.361786425113678, 0.36247920989990234, 0.3626842200756073, 0.36166733503341675, 0.36254218220710754, 0.3619837462902069, 0.3626934289932251, 0.36175236105918884, 0.3619505763053894, 0.3618488013744354, 0.36192527413368225, 0.36199772357940674, 0.36175990104675293, 0.3616996705532074, 0.3616665303707123, 0.3614932596683502, 0.3622562885284424, 0.3616192936897278, 0.36155402660369873, 0.3639345169067383, 0.36157843470573425, 0.36173197627067566, 0.3615698516368866, 0.3615751266479492, 0.36499524116516113, 0.3619104027748108, 0.36274945735931396, 0.36158233880996704, 0.3616182804107666, 0.36186927556991577, 0.3622283637523651, 0.362615168094635, 0.3628150224685669, 0.36251986026763916, 0.36160197854042053, 0.36177700757980347, 0.36183953285217285, 0.3614097237586975, 0.36138293147087097, 0.36226820945739746, 0.3612132668495178, 0.361217200756073, 0.36171409487724304, 0.3613203167915344, 0.36161282658576965, 0.36215370893478394, 0.36267346143722534, 0.3615919351577759, 0.36147335171699524, 0.3619575798511505, 0.3611019253730774, 0.3609768748283386]",1.0,"[33.0, 31.0, 12.0, 4.0, 3.0, 3.0, 2.0, 2.0, 1.0, 1.0, 1.0, 1.0, 1.0, 1.0, 1.0, 1.0, 1.0, 1.0, 1.0, 1.0, 1.0, 1.0, 1.0, 1.0, 1.0, 1.0, 1.0, 1.0, 1.0, 1.0, 1.0, 1.0, 1.0, 1.0, 1.0, 1.0, 1.0, 1.0, 1.0, 1.0, 1.0, 1.0, 1.0, 1.0, 1.0, 1.0, 1.0, 1.0, 1.0, 1.0, 1.0, 1.0, 1.0, 1.0, 1.0, 1.0, 1.0, 1.0, 1.0, 1.0, 1.0, 1.0, 1.0, 1.0, 1.0, 1.0, 1.0, 1.0, 1.0, 1.0, 1.0, 1.0, 1.0, 1.0, 1.0, 1.0, 1.0, 1.0, 1.0, 1.0, 1.0, 1.0, 1.0, 1.0, 1.0, 1.0, 1.0, 1.0, 1.0, 1.0, 1.0, 1.0, 1.0, 1.0, 1.0, 1.0, 1.0, 1.0, 1.0, 1.0, 1.0, 1.0, 1.0, 1.0, 1.0, 1.0, 1.0, 1.0, 1.0, 1.0, 1.0, 1.0, 1.0, 1.0, 1.0, 1.0, 1.0, 1.0, 1.0, 1.0, 1.0, 1.0, 1.0, 1.0, 1.0, 1.0, 1.0, 1.0, 1.0, 1.0, 1.0, 1.0, 1.0, 1.0, 1.0, 1.0, 1.0, 1.0, 1.0, 1.0, 1.0, 1.0, 1.0, 1.0, 1.0, 1.0, 1.0, 1.0, 1.0, 1.0, 1.0, 1.0, 1.0, 1.0, 1.0, 1.0, 1.0, 1.0, 1.0, 1.0, 1.0, 1.0, 1.0, 1.0, 1.0, 1.0, 1.0, 1.0, 1.0, 1.0, 1.0, 1.0, 1.0, 1.0, 1.0, 1.0, 1.0, 1.0, 1.0, 1.0, 1.0, 1.0, 1.0, 1.0, 1.0, 1.0, 1.0, 1.0, 1.0, 1.0, 1.0, 1.0, 1.0, 1.0, 1.0, 1.0, 1.0, 1.0, 1.0, 1.0, 1.0, 1.0, 1.0, 1.0, 1.0, 1.0, 1.0, 1.0, 1.0, 1.0, 1.0, 1.0, 1.0, 1.0, 1.0, 1.0, 1.0, 1.0, 1.0, 1.0, 1.0, 1.0, 1.0, 1.0, 1.0, 1.0, 1.0, 1.0, 1.0, 1.0, 1.0, 1.0, 1.0, 1.0, 1.0, 1.0, 1.0, 1.0, 1.0, 1.0, 1.0, 1.0, 1.0, 1.0, 1.0, 1.0, 1.0, 1.0, 1.0, 1.0, 1.0, 1.0, 1.0, 1.0, 1.0, 1.0, 1.0, 1.0, 1.0, 1.0, 1.0, 1.0, 1.0, 1.0, 1.0, 1.0, 1.0, 1.0, 1.0, 1.0, 1.0, 1.0, 1.0, 1.0, 1.0, 1.0, 1.0, 1.0, 1.0, 1.0, 1.0, 1.0, 1.0, 1.0, 1.0, 1.0, 1.0, 1.0, 1.0, 1.0, 1.0, 1.0, 1.0, 1.0, 1.0, 1.0, 1.0, 1.0, 1.0, 1.0]",COMPLETE
