,number,value,datetime_start,datetime_complete,duration,params_batch_size_scaler,params_constant_learning_rate,params_depth,params_epochs,params_kernel_l2,params_num_trees,params_temperature,user_attrs_accuracy_test,user_attrs_accuracy_valid,user_attrs_approximate_feature_sparsity,user_attrs_approximate_feature_sparsity_history,user_attrs_approximate_weight_sparsity,user_attrs_approximate_weight_sparsity_history,user_attrs_auc_test,user_attrs_auc_valid,user_attrs_feature_sparsity,user_attrs_feature_sparsity_history,user_attrs_num_epochs,user_attrs_val_loss_history,user_attrs_weight_sparsity,user_attrs_weight_sparsity_history,state
119,119,0.9365330860094551,2024-08-31 06:50:11.699829,2024-08-31 06:50:24.298721,0 days 00:00:12.598892,4,0.8940778752284596,3,40,0.007291708073173826,84,0.0006678016763673115,0.926,0.9275,20,"[33, 33, 33, 33, 33, 33, 33, 33, 33, 33, 33, 32, 32, 29, 24, 23, 21, 21, 21, 21, 21, 21, 20, 20, 20, 20, 20, 20, 20, 20, 20, 20, 20, 20, 20, 20, 20, 20, 20, 20]",19.977891156462583,"[32.95918367346938, 32.9608843537415, 32.97278911564626, 32.96258503401361, 32.96258503401361, 32.96938775510204, 32.97959183673469, 32.95408163265306, 32.976190476190474, 32.96938775510204, 32.96938775510204, 31.982993197278912, 31.982993197278912, 28.98469387755102, 23.988095238095237, 22.982993197278912, 20.9812925170068, 20.988095238095237, 20.982993197278912, 20.9812925170068, 20.991496598639458, 20.988095238095237, 19.976190476190478, 19.98639455782313, 19.981292517006803, 19.981292517006803, 19.989795918367346, 19.988095238095237, 19.98639455782313, 19.989795918367346, 19.988095238095237, 19.98299319727891, 19.984693877551017, 19.981292517006803, 19.98469387755102, 19.9812925170068, 19.98639455782313, 19.98469387755102, 19.9812925170068, 19.977891156462583]",0.9120947167661556,0.9365330860094551,20,"[33, 33, 33, 33, 33, 33, 33, 33, 33, 33, 33, 32, 32, 29, 24, 23, 21, 21, 21, 21, 21, 21, 20, 20, 20, 20, 20, 20, 20, 20, 20, 20, 20, 20, 20, 20, 20, 20, 20, 20]",40,"[0.37526512145996094, 0.44155457615852356, 0.6798074245452881, 0.3601219058036804, 0.29646316170692444, 0.28031426668167114, 0.24958471953868866, 0.25392577052116394, 0.227811798453331, 0.3248387575149536, 0.2193128615617752, 0.2150697261095047, 0.22215896844863892, 0.23295804858207703, 0.217071533203125, 0.20038872957229614, 0.19755926728248596, 0.19636601209640503, 0.1944160908460617, 0.19150032103061676, 0.18247467279434204, 0.17757301032543182, 0.1892063021659851, 0.18344135582447052, 0.2112482637166977, 0.18340013921260834, 0.19410166144371033, 0.17497757077217102, 0.4526333510875702, 0.18409743905067444, 0.17809021472930908, 0.1717151254415512, 0.17531274259090424, 0.16531768441200256, 0.1666382998228073, 0.1679527908563614, 0.16869959235191345, 0.16855864226818085, 0.15916189551353455, 0.2030213177204132]",20.0,"[33.0, 33.0, 33.0, 33.0, 33.0, 33.0, 33.0, 33.0, 33.0, 33.0, 33.0, 32.0, 32.0, 29.0, 24.0, 23.0, 21.0, 21.0, 21.0, 21.0, 21.0, 21.0, 20.0, 20.0, 20.0, 20.0, 20.0, 20.0, 20.0, 20.0, 20.0, 20.0, 20.0, 20.0, 20.0, 20.0, 20.0, 20.0, 20.0, 20.0]",COMPLETE
