,number,value,datetime_start,datetime_complete,duration,params_batch_size_scaler,params_constant_learning_rate,params_depth,params_epochs,params_kernel_l2,params_num_trees,params_temperature,user_attrs_accuracy_test,user_attrs_accuracy_valid,user_attrs_approximate_feature_sparsity,user_attrs_approximate_feature_sparsity_history,user_attrs_approximate_weight_sparsity,user_attrs_approximate_weight_sparsity_history,user_attrs_auc_test,user_attrs_auc_valid,user_attrs_feature_sparsity,user_attrs_feature_sparsity_history,user_attrs_num_epochs,user_attrs_val_loss_history,user_attrs_weight_sparsity,user_attrs_weight_sparsity_history,state
103,103,0.8474449639963416,2024-08-31 06:05:27.247414,2024-08-31 06:06:48.369771,0 days 00:01:21.122357,16,0.05149094668697103,4,350,0.002210730673199872,79,0.008749388287285366,0.878,0.87625,33,"[33, 33, 33, 33, 33, 33, 33, 33, 33, 33, 33, 33, 33, 33, 33, 33, 33, 33, 33, 33, 33, 33, 33, 33, 33, 33, 33, 33, 33, 33, 33, 33, 33, 33, 33, 33, 33, 33, 33, 33, 33, 33, 33, 33, 33, 33, 33, 33, 33, 33, 33, 33, 33, 33, 33, 33, 33, 33, 33, 33, 33, 33, 33, 33, 33, 33, 33, 33, 33, 33, 33, 33, 33, 33, 33, 33, 33, 33, 33, 33, 33, 33, 33, 33, 33, 33, 33, 33, 33, 33, 33, 33, 33, 33, 33, 33, 33, 33, 33, 33, 33, 33, 33, 33, 33, 33, 33, 33, 33, 33, 33, 33, 33, 33, 33, 33, 33, 33, 33, 33, 33, 33, 33, 33, 33, 33, 33, 33, 33, 33, 33, 33, 33, 33, 33, 33, 33, 33, 33, 33, 33, 33, 33, 33, 33, 33, 33, 33, 33, 33, 33, 33, 33, 33, 33, 33, 33, 33, 33, 33, 33, 33, 33, 33, 33, 33, 33, 33, 33, 33, 33, 33, 33, 33, 33, 33, 33, 33, 33, 33, 33, 33, 33, 33, 33, 33, 33, 33, 33, 33, 33, 33, 33, 33, 33, 33, 33, 33, 33, 33, 33, 33, 33, 33, 33, 33, 33, 33, 33, 33, 33, 33, 33, 33, 33, 33, 33, 33, 33, 33, 33, 33, 33, 33, 33, 33, 33, 33, 33, 33, 33, 33, 33, 33, 33, 33, 33, 33, 33, 33, 33, 33, 33, 33, 33, 33, 33, 33, 33, 33, 33, 33, 33, 33, 33, 33, 33, 33, 33, 33, 33, 33, 33, 33, 33, 33, 33, 33, 33, 33, 33, 33, 33, 33, 33, 33, 33, 33, 33, 33, 33, 33, 33, 33, 33, 33, 33, 33, 33, 33, 33, 33, 33, 33, 33, 33, 33, 33, 33, 33, 33, 33, 33, 33, 33, 33, 33, 33, 33, 33, 33, 33, 33, 33, 33, 33, 33, 33, 33, 33, 33, 33, 33, 33, 33, 33, 33, 33, 33, 33, 33, 33, 33, 33, 33, 33, 33, 33, 33, 33, 33, 33, 33, 33, 33, 33, 33, 33, 33, 33]",32.950210970464134,"[32.94008438818565, 32.94514767932489, 32.939240506329114, 32.936708860759495, 32.94092827004219, 32.9451476793249, 32.94430379746835, 32.94430379746835, 32.95443037974683, 32.95274261603375, 32.95443037974683, 32.95611814345992, 32.951054852320674, 32.951054852320674, 32.9451476793249, 32.950210970464134, 32.94092827004219, 32.939240506329114, 32.937552742616035, 32.93417721518988, 32.939240506329114, 32.950210970464134, 32.94008438818565, 32.948523206751055, 32.946835443037976, 32.951054852320674, 32.94345991561181, 32.948523206751055, 32.948523206751055, 32.948523206751055, 32.946835443037976, 32.949367088607595, 32.950210970464134, 32.95527426160338, 32.95358649789029, 32.95189873417721, 32.95443037974684, 32.95527426160338, 32.95443037974684, 32.95696202531646, 32.96371308016878, 32.95443037974684, 32.95189873417721, 32.950210970464134, 32.95274261603375, 32.95189873417721, 32.958649789029536, 32.957805907173, 32.95696202531646, 32.957805907173, 32.95274261603375, 32.947679324894516, 32.946835443037976, 32.94430379746835, 32.947679324894516, 32.951054852320674, 32.95696202531646, 32.95189873417722, 32.951054852320674, 32.939240506329114, 32.937552742616035, 32.937552742616035, 32.94008438818565, 32.94345991561181, 32.951054852320674, 32.946835443037976, 32.949367088607595, 32.946835443037976, 32.950210970464134, 32.950210970464134, 32.95696202531646, 32.95527426160338, 32.958649789029536, 32.95696202531646, 32.95611814345992, 32.95527426160338, 32.951054852320674, 32.947679324894516, 32.947679324894516, 32.951054852320674, 32.951054852320674, 32.957805907173, 32.957805907173, 32.95443037974684, 32.946835443037976, 32.94430379746835, 32.94261603375527, 32.947679324894516, 32.95189873417721, 32.946835443037976, 32.94599156118144, 32.947679324894516, 32.9451476793249, 32.947679324894516, 32.95274261603375, 32.951054852320674, 32.947679324894516, 32.949367088607595, 32.95527426160338, 32.95527426160338, 32.958649789029536, 32.95527426160338, 32.95611814345992, 32.9535864978903, 32.95696202531646, 32.951054852320674, 32.947679324894516, 32.951054852320674, 32.95274261603376, 32.95189873417721, 32.95274261603375, 32.950210970464134, 32.95274261603376, 32.950210970464134, 32.951054852320674, 32.95274261603375, 32.951054852320674, 32.950210970464134, 32.951054852320674, 32.950210970464134, 32.94430379746836, 32.95105485232068, 32.9535864978903, 32.94261603375528, 32.94430379746836, 32.947679324894516, 32.95189873417721, 32.946835443037976, 32.94430379746836, 32.948523206751055, 32.9535864978903, 32.95696202531646, 32.9535864978903, 32.9535864978903, 32.9535864978903, 32.95189873417721, 32.947679324894516, 32.9535864978903, 32.95189873417721, 32.947679324894516, 32.95274261603375, 32.95611814345992, 32.957805907173, 32.95189873417721, 32.957805907173, 32.961181434599155, 32.962869198312234, 32.96371308016878, 32.961181434599155, 32.95696202531646, 32.95189873417721, 32.95527426160337, 32.95527426160337, 32.958649789029536, 32.95274261603375, 32.95189873417721, 32.95274261603375, 32.95358649789029, 32.949367088607595, 32.95189873417721, 32.95189873417721, 32.95189873417721, 32.95443037974683, 32.95189873417721, 32.95611814345992, 32.95358649789029, 32.950210970464134, 32.951054852320674, 32.949367088607595, 32.95274261603375, 32.948523206751055, 32.947679324894516, 32.94599156118144, 32.94599156118144, 32.946835443037976, 32.951054852320674, 32.949367088607595, 32.946835443037976, 32.94345991561182, 32.947679324894516, 32.947679324894516, 32.948523206751055, 32.950210970464134, 32.94599156118144, 32.947679324894516, 32.950210970464134, 32.95274261603375, 32.9535864978903, 32.95274261603376, 32.95611814345992, 32.95189873417721, 32.95443037974684, 32.95527426160338, 32.957805907173, 32.95611814345992, 32.951054852320674, 32.950210970464134, 32.9535864978903, 32.95527426160338, 32.957805907173, 32.957805907173, 32.95949367088608, 32.958649789029536, 32.959493670886076, 32.96371308016878, 32.96455696202532, 32.962025316455694, 32.96286919831224, 32.96286919831224, 32.958649789029536, 32.959493670886076, 32.95527426160338, 32.95189873417722, 32.95189873417721, 32.951054852320674, 32.947679324894516, 32.949367088607595, 32.948523206751055, 32.950210970464134, 32.947679324894516, 32.95274261603376, 32.95611814345992, 32.9535864978903, 32.95527426160338, 32.95696202531646, 32.959493670886076, 32.95696202531646, 32.957805907173, 32.95611814345992, 32.95696202531646, 32.961181434599155, 32.96286919831224, 32.96371308016877, 32.961181434599155, 32.958649789029536, 32.960337552742615, 32.95527426160338, 32.949367088607595, 32.95274261603375, 32.95358649789029, 32.95358649789029, 32.95611814345992, 32.959493670886076, 32.95611814345992, 32.958649789029536, 32.951054852320674, 32.95274261603375, 32.949367088607595, 32.95189873417721, 32.94599156118144, 32.949367088607595, 32.951054852320674, 32.948523206751055, 32.95527426160338, 32.9535864978903, 32.95443037974684, 32.949367088607595, 32.94430379746836, 32.94008438818565, 32.94177215189874, 32.948523206751055, 32.9451476793249, 32.938396624472574, 32.939240506329114, 32.94092827004219, 32.94008438818565, 32.94261603375527, 32.9451476793249, 32.9451476793249, 32.94430379746835, 32.94008438818565, 32.946835443037976, 32.949367088607595, 32.951054852320674, 32.947679324894516, 32.946835443037976, 32.946835443037976, 32.949367088607595, 32.94514767932489, 32.948523206751055, 32.946835443037976, 32.951054852320674, 32.95443037974684, 32.9535864978903, 32.95274261603375, 32.951054852320674, 32.951054852320674, 32.946835443037976, 32.94430379746836, 32.9451476793249, 32.94514767932489, 32.94345991561181, 32.949367088607595, 32.95358649789029, 32.95696202531646, 32.959493670886076, 32.962025316455694, 32.957805907173, 32.95696202531646, 32.95696202531646, 32.960337552742615, 32.95696202531646, 32.95611814345991, 32.957805907173, 32.95696202531646, 32.95696202531646, 32.95611814345992, 32.95527426160338, 32.95611814345992, 32.95358649789029, 32.95358649789029, 32.95274261603375, 32.95527426160338, 32.9535864978903, 32.950210970464134, 32.95611814345992, 32.957805907173, 32.957805907173, 32.95696202531646, 32.959493670886076, 32.96371308016877, 32.958649789029536, 32.95611814345992, 32.958649789029536, 32.95611814345992, 32.95274261603376, 32.95274261603376, 32.951054852320674, 32.95611814345992, 32.95611814345991, 32.95189873417721, 32.949367088607595, 32.948523206751055, 32.949367088607595, 32.949367088607595, 32.946835443037976, 32.95189873417721, 32.95443037974684, 32.95611814345992, 32.95611814345992, 32.95611814345992, 32.957805907173, 32.957805907173, 32.96286919831224, 32.957805907173, 32.95527426160338, 32.95443037974683, 32.95527426160338, 32.95443037974684, 32.950210970464134]",0.8523353065992948,0.8474449639963416,33,"[33, 33, 33, 33, 33, 33, 33, 33, 33, 33, 33, 33, 33, 33, 33, 33, 33, 33, 33, 33, 33, 33, 33, 33, 33, 33, 33, 33, 33, 33, 33, 33, 33, 33, 33, 33, 33, 33, 33, 33, 33, 33, 33, 33, 33, 33, 33, 33, 33, 33, 33, 33, 33, 33, 33, 33, 33, 33, 33, 33, 33, 33, 33, 33, 33, 33, 33, 33, 33, 33, 33, 33, 33, 33, 33, 33, 33, 33, 33, 33, 33, 33, 33, 33, 33, 33, 33, 33, 33, 33, 33, 33, 33, 33, 33, 33, 33, 33, 33, 33, 33, 33, 33, 33, 33, 33, 33, 33, 33, 33, 33, 33, 33, 33, 33, 33, 33, 33, 33, 33, 33, 33, 33, 33, 33, 33, 33, 33, 33, 33, 33, 33, 33, 33, 33, 33, 33, 33, 33, 33, 33, 33, 33, 33, 33, 33, 33, 33, 33, 33, 33, 33, 33, 33, 33, 33, 33, 33, 33, 33, 33, 33, 33, 33, 33, 33, 33, 33, 33, 33, 33, 33, 33, 33, 33, 33, 33, 33, 33, 33, 33, 33, 33, 33, 33, 33, 33, 33, 33, 33, 33, 33, 33, 33, 33, 33, 33, 33, 33, 33, 33, 33, 33, 33, 33, 33, 33, 33, 33, 33, 33, 33, 33, 33, 33, 33, 33, 33, 33, 33, 33, 33, 33, 33, 33, 33, 33, 33, 33, 33, 33, 33, 33, 33, 33, 33, 33, 33, 33, 33, 33, 33, 33, 33, 33, 33, 33, 33, 33, 33, 33, 33, 33, 33, 33, 33, 33, 33, 33, 33, 33, 33, 33, 33, 33, 33, 33, 33, 33, 33, 33, 33, 33, 33, 33, 33, 33, 33, 33, 33, 33, 33, 33, 33, 33, 33, 33, 33, 33, 33, 33, 33, 33, 33, 33, 33, 33, 33, 33, 33, 33, 33, 33, 33, 33, 33, 33, 33, 33, 33, 33, 33, 33, 33, 33, 33, 33, 33, 33, 33, 33, 33, 33, 33, 33, 33, 33, 33, 33, 33, 33, 33, 33, 33, 33, 33, 33, 33, 33, 33, 33, 33, 33, 33, 33, 33, 33, 33, 33, 33]",350,"[0.41828784346580505, 0.4059757888317108, 0.4022254943847656, 0.3999694883823395, 0.3980150520801544, 0.3962031900882721, 0.39446189999580383, 0.3929150700569153, 0.391483873128891, 0.3901423513889313, 0.3888418972492218, 0.38763660192489624, 0.3865271806716919, 0.38551151752471924, 0.3845045566558838, 0.3835180997848511, 0.38261470198631287, 0.3818002939224243, 0.38102200627326965, 0.3802843987941742, 0.37961387634277344, 0.37887847423553467, 0.3782270550727844, 0.37759894132614136, 0.37713053822517395, 0.3765658140182495, 0.37607133388519287, 0.37553516030311584, 0.37502190470695496, 0.3744259178638458, 0.3739795982837677, 0.373540461063385, 0.37305426597595215, 0.37265461683273315, 0.3722110390663147, 0.3718046247959137, 0.3714539408683777, 0.37105733156204224, 0.37064483761787415, 0.37024006247520447, 0.36991646885871887, 0.36955592036247253, 0.3691880404949188, 0.3688764274120331, 0.3685605227947235, 0.36826035380363464, 0.36792388558387756, 0.3675837814807892, 0.3675278127193451, 0.3671831488609314, 0.3667847812175751, 0.3663237690925598, 0.3661320209503174, 0.365742951631546, 0.36552807688713074, 0.3652043044567108, 0.36503127217292786, 0.3645956516265869, 0.364310085773468, 0.3641504645347595, 0.3637773096561432, 0.36354511976242065, 0.36320391297340393, 0.3629082441329956, 0.36267754435539246, 0.36241817474365234, 0.3621982932090759, 0.3618620038032532, 0.36169368028640747, 0.36144599318504333, 0.3612055480480194, 0.3608335256576538, 0.3606663942337036, 0.36027300357818604, 0.36002039909362793, 0.35976943373680115, 0.3595360815525055, 0.3592859208583832, 0.35906410217285156, 0.35871419310569763, 0.35847678780555725, 0.3582080900669098, 0.35793522000312805, 0.35772550106048584, 0.3575049340724945, 0.35727667808532715, 0.3571297526359558, 0.35673588514328003, 0.35648977756500244, 0.3562595844268799, 0.3560410439968109, 0.35584408044815063, 0.355625182390213, 0.3553789556026459, 0.3550780415534973, 0.3548073172569275, 0.35465294122695923, 0.3543473482131958, 0.35409295558929443, 0.35394155979156494, 0.3536849319934845, 0.353374719619751, 0.3531932532787323, 0.3530154824256897, 0.352718323469162, 0.35245460271835327, 0.35220447182655334, 0.3519785702228546, 0.35181280970573425, 0.35156238079071045, 0.3513353765010834, 0.35118594765663147, 0.3509601652622223, 0.35063618421554565, 0.35043320059776306, 0.35019397735595703, 0.3499208390712738, 0.3497038185596466, 0.34948012232780457, 0.3493252694606781, 0.3491385281085968, 0.34890422224998474, 0.3487033545970917, 0.34846988320350647, 0.3482232987880707, 0.34804093837738037, 0.3476986289024353, 0.3474712371826172, 0.34743380546569824, 0.34710389375686646, 0.3469255864620209, 0.34679168462753296, 0.34646397829055786, 0.3462214767932892, 0.34608811140060425, 0.3458857834339142, 0.3456597626209259, 0.34540021419525146, 0.3452357053756714, 0.3450429439544678, 0.3449088931083679, 0.34465256333351135, 0.3443644046783447, 0.3441780209541321, 0.3439387381076813, 0.3437933325767517, 0.34355732798576355, 0.343336284160614, 0.34306132793426514, 0.3428467810153961, 0.3427872359752655, 0.34255045652389526, 0.3423693776130676, 0.3423283100128174, 0.34206652641296387, 0.34188416600227356, 0.3416222631931305, 0.3413928151130676, 0.3411194086074829, 0.34096622467041016, 0.34081339836120605, 0.34056365489959717, 0.3404037058353424, 0.34007659554481506, 0.3397696614265442, 0.3395472466945648, 0.3395289480686188, 0.3392843008041382, 0.33918818831443787, 0.3389708697795868, 0.3386552035808563, 0.33843767642974854, 0.3381814956665039, 0.33802032470703125, 0.33780142664909363, 0.33765068650245667, 0.33749493956565857, 0.3372596502304077, 0.33700716495513916, 0.3368643820285797, 0.3366057872772217, 0.336403489112854, 0.3361906111240387, 0.33595478534698486, 0.3358875513076782, 0.335647314786911, 0.3354055881500244, 0.3351227045059204, 0.3349805772304535, 0.33473244309425354, 0.33456188440322876, 0.3344951570034027, 0.3341938257217407, 0.33396854996681213, 0.33369648456573486, 0.33348914980888367, 0.3333370089530945, 0.33317142724990845, 0.3329627513885498, 0.3326442837715149, 0.33248382806777954, 0.33232781291007996, 0.33207064867019653, 0.3319095969200134, 0.33165132999420166, 0.33143898844718933, 0.33125439286231995, 0.33105677366256714, 0.33080756664276123, 0.3306126296520233, 0.3305106461048126, 0.3302614092826843, 0.3301265239715576, 0.3298642039299011, 0.32958897948265076, 0.32943958044052124, 0.32916155457496643, 0.32900282740592957, 0.3288654088973999, 0.32881850004196167, 0.32874083518981934, 0.32846367359161377, 0.3282259702682495, 0.3279034495353699, 0.327701210975647, 0.3274781107902527, 0.32733777165412903, 0.3270176649093628, 0.32686761021614075, 0.32655277848243713, 0.3264963924884796, 0.3263428807258606, 0.3260563910007477, 0.32586348056793213, 0.325680136680603, 0.32544779777526855, 0.32510364055633545, 0.32496464252471924, 0.3246958255767822, 0.32443082332611084, 0.3242781162261963, 0.32407841086387634, 0.32391396164894104, 0.3237110376358032, 0.3234979212284088, 0.32323896884918213, 0.3230310082435608, 0.3228117823600769, 0.32269805669784546, 0.3223514258861542, 0.322137713432312, 0.321990042924881, 0.32173800468444824, 0.32160311937332153, 0.3213939964771271, 0.3212292790412903, 0.32098907232284546, 0.32088392972946167, 0.3205256164073944, 0.3202838897705078, 0.32003462314605713, 0.31991443037986755, 0.3196408748626709, 0.3194299042224884, 0.3192911446094513, 0.31896132230758667, 0.31873172521591187, 0.3184713125228882, 0.31822508573532104, 0.3180226981639862, 0.31789302825927734, 0.317663311958313, 0.3175186216831207, 0.31722697615623474, 0.31704089045524597, 0.31683874130249023, 0.3165338933467865, 0.31640368700027466, 0.31625136733055115, 0.31604981422424316, 0.31577742099761963, 0.3156745731830597, 0.3154422342777252, 0.31517481803894043, 0.31512650847435, 0.31482619047164917, 0.31449654698371887, 0.31421545147895813, 0.31402015686035156, 0.31391897797584534, 0.3137318789958954, 0.3134271502494812, 0.31316351890563965, 0.3130366802215576, 0.31277862191200256, 0.31253111362457275, 0.31234097480773926, 0.3122366964817047, 0.31190359592437744, 0.31168320775032043, 0.31138503551483154, 0.31110692024230957, 0.3107932209968567, 0.31054383516311646, 0.3102956712245941, 0.31010085344314575, 0.30996257066726685, 0.30962058901786804, 0.3094518780708313, 0.30924320220947266, 0.309059202671051, 0.30873143672943115, 0.308451771736145, 0.30828049778938293, 0.3080187737941742, 0.3076516091823578, 0.30747002363204956, 0.30735304951667786, 0.306998610496521, 0.306790828704834, 0.3067356050014496, 0.30641281604766846, 0.30607926845550537, 0.30591559410095215, 0.30555999279022217, 0.30520766973495483, 0.3050271272659302, 0.3049386441707611, 0.3046523928642273, 0.3043781518936157, 0.30409157276153564, 0.3038433790206909, 0.3037926256656647, 0.30346113443374634, 0.30337226390838623, 0.30291664600372314, 0.30263733863830566, 0.30236828327178955, 0.3020479083061218, 0.3017368018627167, 0.30157625675201416, 0.3013685941696167, 0.30119702219963074, 0.3008304834365845, 0.30052903294563293, 0.3001956045627594, 0.29994022846221924, 0.2997460663318634, 0.29940998554229736, 0.29908084869384766]",33.0,"[33.0, 33.0, 33.0, 33.0, 33.0, 33.0, 33.0, 33.0, 33.0, 33.0, 33.0, 33.0, 33.0, 33.0, 33.0, 33.0, 33.0, 33.0, 33.0, 33.0, 33.0, 33.0, 33.0, 33.0, 33.0, 33.0, 33.0, 33.0, 33.0, 33.0, 33.0, 33.0, 33.0, 33.0, 33.0, 33.0, 33.0, 33.0, 33.0, 33.0, 33.0, 33.0, 33.0, 33.0, 33.0, 33.0, 33.0, 33.0, 33.0, 33.0, 33.0, 33.0, 33.0, 33.0, 33.0, 33.0, 33.0, 33.0, 33.0, 33.0, 33.0, 33.0, 33.0, 33.0, 33.0, 33.0, 33.0, 33.0, 33.0, 33.0, 33.0, 33.0, 33.0, 33.0, 33.0, 33.0, 33.0, 33.0, 33.0, 33.0, 33.0, 33.0, 33.0, 33.0, 33.0, 33.0, 33.0, 33.0, 33.0, 33.0, 33.0, 33.0, 33.0, 33.0, 33.0, 33.0, 33.0, 33.0, 33.0, 33.0, 33.0, 33.0, 33.0, 33.0, 33.0, 33.0, 33.0, 33.0, 33.0, 33.0, 33.0, 33.0, 33.0, 33.0, 33.0, 33.0, 33.0, 33.0, 33.0, 33.0, 33.0, 33.0, 33.0, 33.0, 33.0, 33.0, 33.0, 33.0, 33.0, 33.0, 33.0, 33.0, 33.0, 33.0, 33.0, 33.0, 33.0, 33.0, 33.0, 33.0, 33.0, 33.0, 33.0, 33.0, 33.0, 33.0, 33.0, 33.0, 33.0, 33.0, 33.0, 33.0, 33.0, 33.0, 33.0, 33.0, 33.0, 33.0, 33.0, 33.0, 33.0, 33.0, 33.0, 33.0, 33.0, 33.0, 33.0, 33.0, 33.0, 33.0, 33.0, 33.0, 33.0, 33.0, 33.0, 33.0, 33.0, 33.0, 33.0, 33.0, 33.0, 33.0, 33.0, 33.0, 33.0, 33.0, 33.0, 33.0, 33.0, 33.0, 33.0, 33.0, 33.0, 33.0, 33.0, 33.0, 33.0, 33.0, 33.0, 33.0, 33.0, 33.0, 33.0, 33.0, 33.0, 33.0, 33.0, 33.0, 33.0, 33.0, 33.0, 33.0, 33.0, 33.0, 33.0, 33.0, 33.0, 33.0, 33.0, 33.0, 33.0, 33.0, 33.0, 33.0, 33.0, 33.0, 33.0, 33.0, 33.0, 33.0, 33.0, 33.0, 33.0, 33.0, 33.0, 33.0, 33.0, 33.0, 33.0, 33.0, 33.0, 33.0, 33.0, 33.0, 33.0, 33.0, 33.0, 33.0, 33.0, 33.0, 33.0, 33.0, 33.0, 33.0, 33.0, 33.0, 33.0, 33.0, 33.0, 33.0, 33.0, 33.0, 33.0, 33.0, 33.0, 33.0, 33.0, 33.0, 33.0, 33.0, 33.0, 33.0, 33.0, 33.0, 33.0, 33.0, 33.0, 33.0, 33.0, 33.0, 33.0, 33.0, 33.0, 33.0, 33.0, 33.0, 33.0, 33.0, 33.0, 33.0, 33.0, 33.0, 33.0, 33.0, 33.0, 33.0, 33.0, 33.0, 33.0, 33.0, 33.0, 33.0, 33.0, 33.0, 33.0, 33.0, 33.0, 33.0, 33.0, 33.0, 33.0, 33.0, 33.0, 33.0, 33.0, 33.0, 33.0, 33.0, 33.0, 33.0, 33.0, 33.0, 33.0, 33.0, 33.0, 33.0, 33.0, 33.0, 33.0, 33.0, 33.0, 33.0, 33.0, 33.0, 33.0, 33.0, 33.0, 33.0, 33.0, 33.0, 33.0, 33.0, 33.0, 33.0, 33.0, 33.0, 33.0, 33.0, 33.0, 33.0]",COMPLETE
