,number,value,datetime_start,datetime_complete,duration,params_batch_size_scaler,params_constant_learning_rate,params_depth,params_epochs,params_kernel_l2,params_num_trees,params_temperature,user_attrs_accuracy_test,user_attrs_accuracy_valid,user_attrs_approximate_feature_sparsity,user_attrs_approximate_feature_sparsity_history,user_attrs_approximate_weight_sparsity,user_attrs_approximate_weight_sparsity_history,user_attrs_auc_test,user_attrs_auc_valid,user_attrs_feature_sparsity,user_attrs_feature_sparsity_history,user_attrs_num_epochs,user_attrs_val_loss_history,user_attrs_weight_sparsity,user_attrs_weight_sparsity_history,state
1,1,0.9282116680192192,2024-08-31 00:33:20.341301,2024-08-31 00:34:17.997000,0 days 00:00:57.655699,16,0.7228468425177483,2,490,0.010030489705538149,43,0.00045331822799752524,0.937,0.92875,24,"[33, 33, 33, 33, 33, 33, 33, 33, 33, 33, 33, 33, 33, 33, 33, 33, 33, 33, 33, 33, 33, 33, 33, 33, 33, 33, 33, 33, 33, 33, 33, 33, 33, 33, 33, 33, 33, 33, 33, 33, 33, 33, 33, 33, 33, 33, 33, 32, 32, 32, 31, 31, 31, 31, 31, 31, 31, 31, 31, 31, 31, 31, 31, 30, 30, 28, 28, 28, 28, 28, 28, 28, 28, 28, 28, 28, 27, 27, 27, 27, 27, 27, 27, 27, 27, 26, 26, 26, 26, 26, 26, 26, 26, 26, 26, 26, 26, 26, 26, 26, 26, 26, 26, 26, 26, 26, 26, 26, 26, 26, 26, 26, 26, 26, 26, 26, 26, 26, 26, 26, 26, 25, 25, 25, 25, 25, 25, 25, 25, 25, 25, 25, 25, 25, 25, 25, 25, 25, 25, 25, 25, 25, 25, 25, 25, 25, 25, 25, 25, 25, 25, 25, 25, 25, 25, 25, 25, 25, 25, 25, 25, 25, 25, 25, 25, 25, 25, 25, 25, 25, 25, 25, 25, 25, 25, 25, 25, 25, 25, 25, 25, 25, 25, 25, 25, 25, 25, 25, 25, 25, 25, 25, 25, 25, 25, 25, 25, 25, 25, 25, 25, 25, 25, 25, 24, 24, 24, 24, 24, 24, 24, 24, 24, 24, 24, 24, 24, 24, 24, 24, 24, 24, 24, 24, 24, 24, 24, 24, 24, 24, 24, 24, 24, 24, 24, 24, 24, 24, 24, 24, 24, 24, 24, 24, 24, 24, 24, 24, 24, 24, 24, 24, 24, 24, 24, 24, 24, 24, 24, 24, 24, 24, 24, 24, 24, 24, 24, 24, 24, 24, 24, 24, 24, 24, 24, 24, 24, 24, 24, 24, 24, 24, 24, 24, 24, 24, 24, 24, 24, 24, 24, 24, 24, 24, 24, 24, 24, 24, 24, 24, 24, 24, 24, 24, 24, 24, 24, 24, 24, 24, 24, 24, 24, 24, 24, 24, 24, 24, 24, 24, 24, 24, 24, 24, 24, 24, 24, 24, 24, 24, 24, 24, 24, 24, 24, 24, 24, 24, 24, 24, 24, 24, 24, 24, 24, 24, 24, 24, 24, 24, 24, 24, 24, 24, 24, 24, 24, 24, 24, 24, 24, 24, 24, 24, 24, 24, 24, 24, 24, 24, 24, 24, 24, 24, 24, 24, 24, 24, 24, 24, 24, 24, 24, 24, 24, 24, 24, 24, 24, 24, 24, 24, 24, 24, 24, 24, 24, 24, 24, 24, 24, 24, 24, 24, 24, 24, 24, 24, 24, 24, 24, 24, 24, 24, 24, 24, 24, 24, 24, 24, 24, 24, 24, 24, 24, 24, 24, 24, 24, 24, 24, 24, 24, 24, 24, 24, 24, 24, 24, 24, 24, 24, 24, 24, 24, 24, 24, 24, 24, 24, 24, 24, 24, 24, 24, 24, 24, 24, 24, 24, 24, 24, 24, 24, 24, 24, 24, 24, 24, 24, 24, 24, 24, 24, 24, 24, 24, 24, 24, 24, 24, 24, 24, 24, 24, 24, 24, 24, 24, 24]",23.984496124031008,"[32.98449612403101, 32.992248062015506, 32.98449612403101, 32.992248062015506, 33.0, 32.992248062015506, 32.992248062015506, 32.98449612403101, 32.97674418604651, 32.98449612403101, 32.992248062015506, 32.992248062015506, 32.97674418604651, 32.992248062015506, 32.97674418604651, 32.97674418604651, 32.98449612403101, 32.98449612403101, 33.0, 32.98449612403101, 32.97674418604651, 32.98449612403101, 32.98449612403101, 32.97674418604651, 32.968992248062015, 32.98449612403101, 32.97674418604651, 32.992248062015506, 32.992248062015506, 33.0, 32.98449612403101, 32.992248062015506, 32.992248062015506, 32.992248062015506, 33.0, 32.98449612403101, 32.98449612403101, 32.992248062015506, 33.0, 32.98449612403101, 32.992248062015506, 32.98449612403101, 32.968992248062015, 32.98449612403101, 32.96124031007752, 32.97674418604651, 32.992248062015506, 31.992248062015506, 32.0, 32.0, 31.0, 31.0, 30.96124031007752, 30.984496124031008, 30.97674418604651, 30.984496124031008, 30.968992248062015, 30.992248062015506, 30.97674418604651, 30.984496124031008, 30.984496124031008, 30.968992248062015, 31.0, 29.984496124031008, 29.992248062015506, 27.984496124031008, 27.984496124031008, 27.96124031007752, 27.98449612403101, 27.984496124031008, 28.0, 27.992248062015506, 27.984496124031008, 27.984496124031008, 27.984496124031008, 27.992248062015506, 26.984496124031008, 26.992248062015506, 26.97674418604651, 27.0, 27.0, 27.0, 26.984496124031008, 26.97674418604651, 26.992248062015506, 25.984496124031008, 25.968992248062015, 25.984496124031008, 25.984496124031008, 25.984496124031008, 25.992248062015506, 26.0, 25.984496124031008, 25.992248062015506, 25.97674418604651, 25.992248062015506, 25.992248062015506, 26.0, 26.0, 25.984496124031008, 25.992248062015506, 25.97674418604651, 26.0, 25.984496124031008, 25.984496124031008, 25.984496124031008, 25.992248062015506, 25.992248062015506, 25.984496124031008, 25.984496124031008, 25.984496124031008, 25.968992248062015, 25.984496124031008, 25.992248062015506, 25.968992248062015, 25.96124031007752, 25.992248062015506, 25.984496124031008, 25.984496124031008, 25.97674418604651, 25.992248062015506, 24.97674418604651, 24.968992248062015, 24.992248062015506, 24.992248062015506, 24.992248062015506, 25.0, 25.0, 24.984496124031008, 25.0, 24.953488372093023, 24.97674418604651, 24.984496124031008, 25.0, 24.97674418604651, 24.97674418604651, 24.984496124031008, 24.984496124031008, 24.968992248062015, 24.984496124031008, 24.984496124031008, 24.984496124031008, 25.0, 25.0, 24.97674418604651, 24.992248062015506, 24.992248062015506, 24.984496124031008, 24.992248062015506, 24.97674418604651, 24.992248062015506, 24.992248062015506, 24.97674418604651, 24.97674418604651, 24.97674418604651, 24.984496124031008, 24.97674418604651, 24.984496124031008, 25.0, 24.984496124031008, 25.0, 25.0, 24.984496124031008, 24.968992248062015, 24.984496124031008, 25.0, 25.0, 24.98449612403101, 24.984496124031008, 24.984496124031008, 24.984496124031008, 24.984496124031008, 24.97674418604651, 24.992248062015506, 24.992248062015506, 24.992248062015506, 24.992248062015506, 24.992248062015506, 24.984496124031008, 24.992248062015506, 24.984496124031008, 24.984496124031008, 25.0, 24.992248062015506, 24.984496124031008, 24.968992248062015, 24.96124031007752, 24.984496124031008, 25.0, 24.98449612403101, 24.96124031007752, 24.984496124031008, 24.992248062015506, 24.97674418604651, 24.992248062015506, 24.984496124031008, 24.97674418604651, 24.992248062015506, 24.984496124031008, 24.984496124031008, 24.992248062015506, 24.992248062015506, 24.992248062015506, 24.97674418604651, 24.0, 24.0, 23.992248062015506, 23.992248062015506, 23.992248062015506, 23.97674418604651, 23.98449612403101, 23.992248062015506, 23.992248062015506, 23.992248062015506, 23.97674418604651, 23.992248062015506, 24.0, 23.992248062015506, 23.992248062015506, 23.97674418604651, 23.992248062015506, 24.0, 24.0, 24.0, 23.992248062015506, 23.992248062015506, 23.968992248062015, 23.992248062015506, 24.0, 23.984496124031008, 24.0, 23.992248062015506, 23.984496124031008, 23.992248062015506, 23.992248062015506, 23.992248062015506, 23.992248062015506, 23.984496124031008, 23.968992248062015, 23.984496124031008, 24.0, 23.992248062015506, 23.992248062015506, 24.0, 23.984496124031008, 24.0, 23.97674418604651, 23.97674418604651, 23.953488372093023, 23.992248062015506, 24.0, 23.984496124031008, 24.0, 23.97674418604651, 23.992248062015506, 23.968992248062015, 23.984496124031008, 23.984496124031008, 23.992248062015506, 24.0, 23.992248062015506, 23.992248062015506, 23.992248062015506, 23.968992248062015, 23.97674418604651, 23.968992248062015, 23.98449612403101, 23.992248062015506, 23.97674418604651, 24.0, 23.97674418604651, 24.0, 23.992248062015506, 23.992248062015506, 23.992248062015506, 23.984496124031008, 23.97674418604651, 23.984496124031008, 23.97674418604651, 23.992248062015506, 23.984496124031008, 24.0, 23.992248062015506, 23.98449612403101, 23.992248062015506, 23.98449612403101, 23.992248062015506, 23.984496124031008, 23.984496124031008, 23.992248062015506, 23.992248062015506, 23.984496124031008, 23.984496124031008, 23.968992248062015, 23.992248062015506, 23.984496124031008, 24.0, 23.984496124031008, 23.992248062015506, 23.984496124031008, 23.97674418604651, 23.984496124031008, 23.992248062015506, 23.984496124031008, 23.984496124031008, 24.0, 23.97674418604651, 23.992248062015506, 23.992248062015506, 23.992248062015506, 23.984496124031008, 24.0, 24.0, 23.992248062015506, 23.992248062015506, 23.97674418604651, 23.992248062015506, 24.0, 23.992248062015506, 23.992248062015506, 24.0, 23.992248062015506, 23.97674418604651, 23.992248062015506, 23.97674418604651, 23.992248062015506, 23.992248062015506, 24.0, 23.984496124031008, 24.0, 24.0, 23.992248062015506, 24.0, 23.984496124031008, 23.97674418604651, 23.984496124031008, 24.0, 23.992248062015506, 23.992248062015506, 23.992248062015506, 23.992248062015506, 24.0, 24.0, 24.0, 24.0, 23.992248062015506, 23.98449612403101, 23.968992248062015, 23.992248062015506, 24.0, 23.992248062015506, 23.97674418604651, 23.97674418604651, 23.984496124031008, 23.968992248062015, 23.984496124031008, 23.984496124031008, 23.953488372093023, 23.984496124031008, 23.984496124031008, 23.984496124031008, 23.992248062015506, 23.984496124031008, 23.992248062015506, 24.0, 23.984496124031008, 23.984496124031008, 23.984496124031008, 24.0, 24.0, 23.97674418604651, 23.992248062015506, 24.0, 23.992248062015506, 23.984496124031008, 23.992248062015506, 23.97674418604651, 23.984496124031008, 23.984496124031008, 23.992248062015506, 23.97674418604651, 24.0, 23.984496124031008, 23.992248062015506, 23.968992248062015, 23.992248062015506, 23.984496124031008, 23.992248062015506, 24.0, 24.0, 23.97674418604651, 24.0, 23.984496124031008, 23.97674418604651, 23.984496124031008, 23.992248062015506, 23.984496124031008, 23.984496124031008, 23.984496124031008, 23.97674418604651, 24.0, 23.97674418604651, 24.0, 23.992248062015506, 23.984496124031008, 23.984496124031008, 23.97674418604651, 23.984496124031008, 24.0, 23.98449612403101, 23.98449612403101, 23.984496124031008, 23.97674418604651, 24.0, 23.984496124031008, 24.0, 24.0, 23.992248062015506, 23.984496124031008, 23.992248062015506, 23.984496124031008, 23.984496124031008, 23.984496124031008, 23.992248062015506, 24.0, 23.97674418604651, 23.992248062015506, 23.992248062015506, 24.0, 23.984496124031008, 23.968992248062015, 23.992248062015506, 24.0, 24.0, 23.992248062015506, 23.984496124031008, 23.97674418604651, 23.984496124031008, 23.992248062015506, 23.984496124031008, 23.992248062015506, 23.968992248062015, 24.0, 23.992248062015506, 23.992248062015506, 23.992248062015506, 23.97674418604651, 24.0, 23.992248062015506, 23.984496124031008, 23.97674418604651, 23.984496124031008, 23.992248062015506, 23.984496124031008, 23.992248062015506, 24.0, 24.0, 23.968992248062015, 23.98449612403101, 23.984496124031008, 23.97674418604651, 23.97674418604651, 23.96124031007752, 23.968992248062015, 23.97674418604651, 24.0, 23.98449612403101, 23.992248062015506, 24.0, 23.992248062015506, 23.992248062015506, 23.992248062015506, 23.968992248062015, 23.97674418604651, 23.984496124031008, 23.992248062015506, 23.992248062015506, 23.992248062015506, 23.984496124031008, 23.97674418604651, 23.984496124031008, 23.984496124031008, 23.984496124031008, 23.97674418604651, 23.984496124031008, 23.97674418604651, 23.97674418604651, 23.97674418604651, 23.984496124031008, 23.984496124031008]",0.9088334613066489,0.9282116680192192,24,"[33, 33, 33, 33, 33, 33, 33, 33, 33, 33, 33, 33, 33, 33, 33, 33, 33, 33, 33, 33, 33, 33, 33, 33, 33, 33, 33, 33, 33, 33, 33, 33, 33, 33, 33, 33, 33, 33, 33, 33, 33, 33, 33, 33, 33, 33, 33, 32, 32, 32, 31, 31, 31, 31, 31, 31, 31, 31, 31, 31, 31, 31, 31, 30, 30, 28, 28, 28, 28, 28, 28, 28, 28, 28, 28, 28, 27, 27, 27, 27, 27, 27, 27, 27, 27, 26, 26, 26, 26, 26, 26, 26, 26, 26, 26, 26, 26, 26, 26, 26, 26, 26, 26, 26, 26, 26, 26, 26, 26, 26, 26, 26, 26, 26, 26, 26, 26, 26, 26, 26, 26, 25, 25, 25, 25, 25, 25, 25, 25, 25, 25, 25, 25, 25, 25, 25, 25, 25, 25, 25, 25, 25, 25, 25, 25, 25, 25, 25, 25, 25, 25, 25, 25, 25, 25, 25, 25, 25, 25, 25, 25, 25, 25, 25, 25, 25, 25, 25, 25, 25, 25, 25, 25, 25, 25, 25, 25, 25, 25, 25, 25, 25, 25, 25, 25, 25, 25, 25, 25, 25, 25, 25, 25, 25, 25, 25, 25, 25, 25, 25, 25, 25, 25, 25, 24, 24, 24, 24, 24, 24, 24, 24, 24, 24, 24, 24, 24, 24, 24, 24, 24, 24, 24, 24, 24, 24, 24, 24, 24, 24, 24, 24, 24, 24, 24, 24, 24, 24, 24, 24, 24, 24, 24, 24, 24, 24, 24, 24, 24, 24, 24, 24, 24, 24, 24, 24, 24, 24, 24, 24, 24, 24, 24, 24, 24, 24, 24, 24, 24, 24, 24, 24, 24, 24, 24, 24, 24, 24, 24, 24, 24, 24, 24, 24, 24, 24, 24, 24, 24, 24, 24, 24, 24, 24, 24, 24, 24, 24, 24, 24, 24, 24, 24, 24, 24, 24, 24, 24, 24, 24, 24, 24, 24, 24, 24, 24, 24, 24, 24, 24, 24, 24, 24, 24, 24, 24, 24, 24, 24, 24, 24, 24, 24, 24, 24, 24, 24, 24, 24, 24, 24, 24, 24, 24, 24, 24, 24, 24, 24, 24, 24, 24, 24, 24, 24, 24, 24, 24, 24, 24, 24, 24, 24, 24, 24, 24, 24, 24, 24, 24, 24, 24, 24, 24, 24, 24, 24, 24, 24, 24, 24, 24, 24, 24, 24, 24, 24, 24, 24, 24, 24, 24, 24, 24, 24, 24, 24, 24, 24, 24, 24, 24, 24, 24, 24, 24, 24, 24, 24, 24, 24, 24, 24, 24, 24, 24, 24, 24, 24, 24, 24, 24, 24, 24, 24, 24, 24, 24, 24, 24, 24, 24, 24, 24, 24, 24, 24, 24, 24, 24, 24, 24, 24, 24, 24, 24, 24, 24, 24, 24, 24, 24, 24, 24, 24, 24, 24, 24, 24, 24, 24, 24, 24, 24, 24, 24, 24, 24, 24, 24, 24, 24, 24, 24, 24, 24, 24, 24, 24, 24, 24, 24, 24, 24, 24, 24, 24, 24, 24, 24]",490,"[0.3800407648086548, 0.5054337978363037, 0.3765965402126312, 0.36836251616477966, 0.34912148118019104, 0.3817038834095001, 0.33159199357032776, 0.324540376663208, 0.3184448182582855, 0.3107421100139618, 0.3026338517665863, 0.29407063126564026, 0.2899989187717438, 0.3320719599723816, 0.33196234703063965, 0.27280113101005554, 0.2652817964553833, 0.2577662765979767, 0.2782978415489197, 0.2566916346549988, 0.26621052622795105, 0.26331496238708496, 0.24623644351959229, 0.23648622632026672, 0.23247209191322327, 0.24813950061798096, 0.231777623295784, 0.23013699054718018, 0.22685430943965912, 0.2252052277326584, 0.22156107425689697, 0.22252455353736877, 0.22548368573188782, 0.2153046578168869, 0.21836839616298676, 0.21700717508792877, 0.2225661426782608, 0.21037696301937103, 0.2287878543138504, 0.21078261733055115, 0.2179737538099289, 0.24937409162521362, 0.20700085163116455, 0.21005584299564362, 0.2087792158126831, 0.20344147086143494, 0.20647987723350525, 0.21078874170780182, 0.20503754913806915, 0.2050415575504303, 0.20222049951553345, 0.20168182253837585, 0.20511190593242645, 0.20390862226486206, 0.21376574039459229, 0.203452467918396, 0.20403213798999786, 0.20463848114013672, 0.2022213339805603, 0.21372413635253906, 0.2022051066160202, 0.19977690279483795, 0.20522701740264893, 0.19675160944461823, 0.21823550760746002, 0.21002931892871857, 0.20973744988441467, 0.1970270872116089, 0.1990734040737152, 0.2069503366947174, 0.19669926166534424, 0.1934802085161209, 0.196456640958786, 0.19392913579940796, 0.20044580101966858, 0.19499051570892334, 0.2041950225830078, 0.20022086799144745, 0.19957111775875092, 0.23882877826690674, 0.1941354125738144, 0.2004527598619461, 0.1977272480726242, 0.19510596990585327, 0.1982463300228119, 0.19238662719726562, 0.19584603607654572, 0.211052805185318, 0.1939876675605774, 0.18704509735107422, 0.20052267611026764, 0.19646283984184265, 0.18987908959388733, 0.19603386521339417, 0.18982946872711182, 0.19208984076976776, 0.18993495404720306, 0.19331221282482147, 0.18881307542324066, 0.18714089691638947, 0.19048099219799042, 0.18658828735351562, 0.28072863817214966, 0.21640461683273315, 0.18841810524463654, 0.19292038679122925, 0.1921416074037552, 0.19368983805179596, 0.18647202849388123, 0.18778200447559357, 0.19547121226787567, 0.18989159166812897, 0.18775415420532227, 0.1945330947637558, 0.2022055685520172, 0.20187073945999146, 0.1868113875389099, 0.22357919812202454, 0.2035570591688156, 0.2001035511493683, 0.19239069521427155, 0.1841050684452057, 0.1875186711549759, 0.18780770897865295, 0.18475879728794098, 0.19732120633125305, 0.1843160092830658, 0.19080257415771484, 0.1861584335565567, 0.18499261140823364, 0.19503635168075562, 0.18697933852672577, 0.19271014630794525, 0.18323184549808502, 0.18902862071990967, 0.1803971529006958, 0.18561571836471558, 0.1811414361000061, 0.17939485609531403, 0.19768832623958588, 0.18229533731937408, 0.2106691300868988, 0.19180741906166077, 0.18527816236019135, 0.17866382002830505, 0.18222562968730927, 0.18254627287387848, 0.18002210557460785, 0.18413086235523224, 0.18508949875831604, 0.17878904938697815, 0.1802547127008438, 0.19306978583335876, 0.17850631475448608, 0.1833672970533371, 0.18811878561973572, 0.18389660120010376, 0.18044528365135193, 0.19420760869979858, 0.17907129228115082, 0.18581147491931915, 0.19365686178207397, 0.1794707477092743, 0.18352434039115906, 0.18604524433612823, 0.1809709519147873, 0.18250858783721924, 0.1765916496515274, 0.1775210052728653, 0.18002523481845856, 0.1813492327928543, 0.18049699068069458, 0.19333641231060028, 0.1795722246170044, 0.17782120406627655, 0.1778440624475479, 0.1805671900510788, 0.1810147613286972, 0.18302969634532928, 0.17771713435649872, 0.18527093529701233, 0.18497055768966675, 0.1798214316368103, 0.1855078935623169, 0.1791149079799652, 0.18184155225753784, 0.17486579716205597, 0.1842859983444214, 0.17618240416049957, 0.17875146865844727, 0.19512039422988892, 0.1784922033548355, 0.17741882801055908, 0.17684391140937805, 0.18194647133350372, 0.17922447621822357, 0.1816498041152954, 0.24096916615962982, 0.17744480073451996, 0.1821390986442566, 0.18801622092723846, 0.1773800402879715, 0.17681048810482025, 0.17504097521305084, 0.17861060798168182, 0.18301734328269958, 0.1819649487733841, 0.18610969185829163, 0.1779213547706604, 0.1789577305316925, 0.1800789088010788, 0.19997744262218475, 0.19234596192836761, 0.1758342981338501, 0.18203815817832947, 0.1870633065700531, 0.18440848588943481, 0.17709657549858093, 0.17958620190620422, 0.18205879628658295, 0.18129074573516846, 0.2000194489955902, 0.17952890694141388, 0.1750851273536682, 0.18369442224502563, 0.178669735789299, 0.18428482115268707, 0.17693936824798584, 0.18449488282203674, 0.17834420502185822, 0.1810745745897293, 0.1886293590068817, 0.17540644109249115, 0.18039537966251373, 0.18215736746788025, 0.19212527573108673, 0.17941610515117645, 0.18255430459976196, 0.17940883338451385, 0.1766052097082138, 0.17854924499988556, 0.18188488483428955, 0.18357793986797333, 0.17939132452011108, 0.18033328652381897, 0.18215766549110413, 0.1968211978673935, 0.1863146275281906, 0.1942407488822937, 0.18126989901065826, 0.17996284365653992, 0.1992812603712082, 0.20012067258358002, 0.19479164481163025, 0.18885934352874756, 0.21768642961978912, 0.19048556685447693, 0.18707774579524994, 0.20258745551109314, 0.1811118721961975, 0.18467290699481964, 0.18499845266342163, 0.1885492503643036, 0.21540962159633636, 0.18511709570884705, 0.20434972643852234, 0.1848592907190323, 0.18715263903141022, 0.20093423128128052, 0.18730229139328003, 0.18568527698516846, 0.19199968874454498, 0.18940167129039764, 0.18726371228694916, 0.18413372337818146, 0.1817874163389206, 0.1940695345401764, 0.1850472390651703, 0.1909008026123047, 0.20066049695014954, 0.20029376447200775, 0.2213718742132187, 0.19213411211967468, 0.18621841073036194, 0.19062627851963043, 0.18809765577316284, 0.18941527605056763, 0.19368989765644073, 0.19113615155220032, 0.19182533025741577, 0.19307741522789001, 0.19118192791938782, 0.1906503289937973, 0.19294820725917816, 0.1924157589673996, 0.19557136297225952, 0.1870761513710022, 0.19022643566131592, 0.19793862104415894, 0.18946096301078796, 0.23345331847667694, 0.19533352553844452, 0.19397079944610596, 0.1976475566625595, 0.19248764216899872, 0.19978028535842896, 0.20322158932685852, 0.19619326293468475, 0.19644634425640106, 0.21075886487960815, 0.2097499817609787, 0.1936161071062088, 0.2035720944404602, 0.217662051320076, 0.202800452709198, 0.197487473487854, 0.2062506079673767, 0.20674166083335876, 0.20063211023807526, 0.22376781702041626, 0.20061010122299194, 0.19782057404518127, 0.2010657638311386, 0.2012719362974167, 0.20558413863182068, 0.20603977143764496, 0.20677748322486877, 0.2024107724428177, 0.21363094449043274, 0.21862974762916565, 0.20415502786636353, 0.2024240344762802, 0.21520480513572693, 0.20377790927886963, 0.2112988829612732, 0.21924231946468353, 0.20453017950057983, 0.20620094239711761, 0.24433456361293793, 0.20225507020950317, 0.20907537639141083, 0.21708597242832184, 0.20788037776947021, 0.21571983397006989, 0.20896776020526886, 0.2080446481704712, 0.23337116837501526, 0.2159540057182312, 0.20720213651657104, 0.21169178187847137, 0.20945850014686584, 0.2117847204208374, 0.2236025631427765, 0.2142103761434555, 0.20761510729789734, 0.2151326686143875, 0.20938098430633545, 0.20825009047985077, 0.20936809480190277, 0.21163611114025116, 0.21103955805301666, 0.222266286611557, 0.2154271900653839, 0.2139396071434021, 0.23060637712478638, 0.21566615998744965, 0.22387434542179108, 0.2089867740869522, 0.21483083069324493, 0.21216754615306854, 0.21570895612239838, 0.2137056142091751, 0.21588408946990967, 0.2273527979850769, 0.2164202630519867, 0.22072674334049225, 0.2225174903869629, 0.22223256528377533, 0.24683614075183868, 0.21800845861434937, 0.21952593326568604, 0.2420305609703064, 0.223873570561409, 0.21452359855175018, 0.2188882678747177, 0.21305669844150543, 0.22117076814174652, 0.22504056990146637, 0.22232124209403992, 0.22624029219150543, 0.22152423858642578, 0.22084686160087585, 0.22983647882938385, 0.22497722506523132, 0.2177043855190277, 0.22729288041591644, 0.2248113453388214, 0.23241771757602692, 0.22765818238258362, 0.2244693785905838, 0.22402767837047577, 0.22326526045799255, 0.23357443511486053, 0.2279263436794281, 0.22877217829227448, 0.22510921955108643, 0.25438764691352844, 0.22671398520469666, 0.2281264066696167, 0.2347613275051117, 0.2286638468503952, 0.23149491846561432, 0.22888782620429993, 0.2322973608970642, 0.22851772606372833, 0.23627860844135284, 0.22834546864032745, 0.23304688930511475, 0.23262841999530792, 0.22752195596694946, 0.22813273966312408, 0.2293609380722