,number,value,datetime_start,datetime_complete,duration,params_batch_size_scaler,params_constant_learning_rate,params_depth,params_epochs,params_kernel_l2,params_num_trees,params_temperature,user_attrs_accuracy_test,user_attrs_accuracy_valid,user_attrs_approximate_feature_sparsity,user_attrs_approximate_feature_sparsity_history,user_attrs_approximate_weight_sparsity,user_attrs_approximate_weight_sparsity_history,user_attrs_auc_test,user_attrs_auc_valid,user_attrs_feature_sparsity,user_attrs_feature_sparsity_history,user_attrs_num_epochs,user_attrs_val_loss_history,user_attrs_weight_sparsity,user_attrs_weight_sparsity_history,state
31,31,0.8178047429506254,2024-08-31 01:33:44.302638,2024-08-31 01:35:09.939597,0 days 00:01:25.636959,4,0.11521118231435261,6,60,0.014074647282562545,33,0.00013251935112775854,0.887,0.88625,33,"[33, 33, 33, 33, 33, 33, 33, 33, 33, 33, 33, 33, 33, 33, 33, 33, 33, 33, 33, 33, 33, 33, 33, 33, 33, 33, 33, 33, 33, 33, 33, 33, 33, 33, 33, 33, 33, 33, 33, 33, 33, 33, 33, 33, 33, 33, 33, 33, 33, 33, 33, 33, 33, 33, 33, 33, 33, 33, 33, 33]",32.93265993265993,"[32.93265993265993, 32.936026936026934, 32.926406926406926, 32.934583934583934, 32.93795093795094, 32.94708994708995, 32.943241943241944, 32.94227994227994, 32.94035594035594, 32.93650793650794, 32.93795093795094, 32.93843193843194, 32.92929292929293, 32.935064935064936, 32.940355940355936, 32.93698893698894, 32.92929292929293, 32.92977392977393, 32.93939393939394, 32.93698893698894, 32.935064935064936, 32.935064935064936, 32.93169793169793, 32.93506493506493, 32.92929292929293, 32.92400192400192, 32.92688792688793, 32.92881192881193, 32.93362193362193, 32.937469937469935, 32.937469937469935, 32.93795093795094, 32.93314093314093, 32.93410293410294, 32.930735930735935, 32.934583934583934, 32.94276094276095, 32.943241943241944, 32.933621933621936, 32.931697931697926, 32.93843193843194, 32.94035594035594, 32.93410293410293, 32.93025493025493, 32.93987493987494, 32.94179894179894, 32.933621933621936, 32.93410293410293, 32.93554593554593, 32.94179894179894, 32.93554593554594, 32.92544492544493, 32.92784992784993, 32.92977392977393, 32.92929292929293, 32.92929292929293, 32.93217893217893, 32.933621933621936, 32.934583934583934, 32.93265993265993]",0.831380708229097,0.8178047429506254,33,"[33, 33, 33, 33, 33, 33, 33, 33, 33, 33, 33, 33, 33, 33, 33, 33, 33, 33, 33, 33, 33, 33, 33, 33, 33, 33, 33, 33, 33, 33, 33, 33, 33, 33, 33, 33, 33, 33, 33, 33, 33, 33, 33, 33, 33, 33, 33, 33, 33, 33, 33, 33, 33, 33, 33, 33, 33, 33, 33, 33]",60,"[0.4091354012489319, 0.3940611183643341, 0.38808125257492065, 0.3841869831085205, 0.38090041279792786, 0.3782540559768677, 0.3760741353034973, 0.37398433685302734, 0.3723277151584625, 0.3707621097564697, 0.3692038357257843, 0.36793214082717896, 0.36676910519599915, 0.36553576588630676, 0.3643399477005005, 0.3632197976112366, 0.3621929883956909, 0.3611469566822052, 0.3601450026035309, 0.3590955436229706, 0.3580108880996704, 0.3569401204586029, 0.35591161251068115, 0.3549487292766571, 0.35385581851005554, 0.35284218192100525, 0.3518109619617462, 0.3506743311882019, 0.3495754897594452, 0.34847936034202576, 0.3473186492919922, 0.34636566042900085, 0.34521445631980896, 0.34409743547439575, 0.34286391735076904, 0.3417115807533264, 0.3405537009239197, 0.33935946226119995, 0.33807507157325745, 0.3368264436721802, 0.33561962842941284, 0.3343175947666168, 0.3330008387565613, 0.3317597508430481, 0.3304012715816498, 0.3290445804595947, 0.32772791385650635, 0.32627055048942566, 0.32478171586990356, 0.3233411908149719, 0.3218233585357666, 0.32028549909591675, 0.31879761815071106, 0.31737062335014343, 0.3157508075237274, 0.3141489624977112, 0.3125716745853424, 0.3110695779323578, 0.3093191385269165, 0.3077763020992279]",33.0,"[33.0, 33.0, 33.0, 33.0, 33.0, 33.0, 33.0, 33.0, 33.0, 33.0, 33.0, 33.0, 33.0, 33.0, 33.0, 33.0, 33.0, 33.0, 33.0, 33.0, 33.0, 33.0, 33.0, 33.0, 33.0, 33.0, 33.0, 33.0, 33.0, 33.0, 33.0, 33.0, 33.0, 33.0, 33.0, 33.0, 33.0, 33.0, 33.0, 33.0, 33.0, 33.0, 33.0, 33.0, 33.0, 33.0, 33.0, 33.0, 33.0, 33.0, 33.0, 33.0, 33.0, 33.0, 33.0, 33.0, 33.0, 33.0, 33.0, 33.0]",COMPLETE
