,number,value,datetime_start,datetime_complete,duration,params_batch_size_scaler,params_constant_learning_rate,params_depth,params_epochs,params_kernel_l2,params_num_trees,params_temperature,user_attrs_accuracy_test,user_attrs_accuracy_valid,user_attrs_approximate_feature_sparsity,user_attrs_approximate_feature_sparsity_history,user_attrs_approximate_weight_sparsity,user_attrs_approximate_weight_sparsity_history,user_attrs_auc_test,user_attrs_auc_valid,user_attrs_feature_sparsity,user_attrs_feature_sparsity_history,user_attrs_num_epochs,user_attrs_val_loss_history,user_attrs_weight_sparsity,user_attrs_weight_sparsity_history,state
115,115,0.8297973747600829,2024-08-31 05:05:14.595988,2024-08-31 05:05:31.281627,0 days 00:00:16.685639,16,0.06823873523251066,2,115,0.008472407344500596,91,0.010480807690268084,0.873,0.8675,33,"[33, 33, 33, 33, 33, 33, 33, 33, 33, 33, 33, 33, 33, 33, 33, 33, 33, 33, 33, 33, 33, 33, 33, 33, 33, 33, 33, 33, 33, 33, 33, 33, 33, 33, 33, 33, 33, 33, 33, 33, 33, 33, 33, 33, 33, 33, 33, 33, 33, 33, 33, 33, 33, 33, 33, 33, 33, 33, 33, 33, 33, 33, 33, 33, 33, 33, 33, 33, 33, 33, 33, 33, 33, 33, 33, 33, 33, 33, 33, 33, 33, 33, 33, 33, 33, 33, 33, 33, 33, 33, 33, 33, 33, 33, 33, 33, 33, 33, 33, 33, 33, 33, 33, 33, 33, 33, 33, 33, 33, 33, 33, 33, 33, 33, 33]",32.98901098901099,"[32.97802197802198, 32.985347985347985, 32.967032967032964, 32.98168498168498, 32.97435897435898, 32.98901098901099, 32.98168498168498, 32.98168498168498, 32.985347985347985, 32.97069597069597, 32.985347985347985, 32.98168498168498, 32.97435897435898, 32.97435897435898, 32.97802197802198, 32.97802197802198, 32.967032967032964, 32.95970695970696, 32.967032967032964, 32.967032967032964, 32.967032967032964, 32.97069597069597, 32.97802197802198, 32.95970695970696, 32.967032967032964, 32.95970695970696, 32.96336996336996, 32.96336996336996, 32.97435897435898, 32.967032967032964, 32.97435897435898, 32.97069597069597, 32.967032967032964, 32.97435897435898, 32.97069597069597, 32.97435897435898, 32.96336996336996, 32.97435897435898, 32.98168498168498, 32.98168498168498, 32.98168498168498, 32.98168498168498, 32.97435897435898, 32.98168498168498, 32.98168498168498, 32.97069597069597, 32.97802197802198, 32.985347985347985, 32.98901098901099, 32.985347985347985, 32.98168498168498, 32.985347985347985, 32.98168498168498, 32.985347985347985, 32.97069597069597, 32.97435897435898, 32.97435897435898, 32.96336996336996, 32.96336996336996, 32.95970695970696, 32.96336996336996, 32.97435897435898, 32.97069597069597, 32.96336996336996, 32.97802197802198, 32.97069597069597, 32.97069597069597, 32.967032967032964, 32.97435897435898, 32.97802197802198, 32.97069597069597, 32.967032967032964, 32.95970695970696, 32.967032967032964, 32.97069597069597, 32.95970695970696, 32.956043956043956, 32.95970695970696, 32.967032967032964, 32.97069597069597, 32.97435897435898, 32.97069597069597, 32.96336996336996, 32.97435897435898, 32.97802197802198, 32.97802197802198, 32.97435897435898, 32.95970695970696, 32.95970695970696, 32.97435897435898, 32.97802197802198, 32.98168498168498, 32.98168498168498, 32.97802197802198, 32.97802197802198, 32.985347985347985, 32.98168498168498, 32.98168498168498, 32.97435897435898, 32.985347985347985, 32.985347985347985, 32.97802197802198, 32.985347985347985, 32.99267399267399, 32.97802197802198, 32.985347985347985, 32.97802197802198, 32.985347985347985, 32.97802197802198, 32.98901098901099, 32.98901098901099, 32.985347985347985, 32.98168498168498, 32.98901098901099, 32.98901098901099]",0.8393645918476869,0.8297973747600829,33,"[33, 33, 33, 33, 33, 33, 33, 33, 33, 33, 33, 33, 33, 33, 33, 33, 33, 33, 33, 33, 33, 33, 33, 33, 33, 33, 33, 33, 33, 33, 33, 33, 33, 33, 33, 33, 33, 33, 33, 33, 33, 33, 33, 33, 33, 33, 33, 33, 33, 33, 33, 33, 33, 33, 33, 33, 33, 33, 33, 33, 33, 33, 33, 33, 33, 33, 33, 33, 33, 33, 33, 33, 33, 33, 33, 33, 33, 33, 33, 33, 33, 33, 33, 33, 33, 33, 33, 33, 33, 33, 33, 33, 33, 33, 33, 33, 33, 33, 33, 33, 33, 33, 33, 33, 33, 33, 33, 33, 33, 33, 33, 33, 33, 33, 33]",115,"[0.40947651863098145, 0.4022606909275055, 0.3976009488105774, 0.39292365312576294, 0.3895297646522522, 0.38626059889793396, 0.38432228565216064, 0.3814765512943268, 0.37928810715675354, 0.3779505789279938, 0.37671101093292236, 0.37480032444000244, 0.3735344409942627, 0.3721085786819458, 0.3707727789878845, 0.3702532649040222, 0.3731311857700348, 0.3674720525741577, 0.3668106496334076, 0.36757972836494446, 0.36545687913894653, 0.3639712929725647, 0.3635026514530182, 0.362885981798172, 0.36212289333343506, 0.3634275197982788, 0.36013099551200867, 0.35926395654678345, 0.3589448928833008, 0.3580811321735382, 0.3585430979728699, 0.35678020119667053, 0.3560560643672943, 0.3554741144180298, 0.35464954376220703, 0.35410529375076294, 0.3533896207809448, 0.353878378868103, 0.35226431488990784, 0.3518226146697998, 0.35145893692970276, 0.3501986563205719, 0.34970131516456604, 0.35021737217903137, 0.3484434187412262, 0.3484221398830414, 0.3479761779308319, 0.3466797173023224, 0.3464217782020569, 0.34531012177467346, 0.34689244627952576, 0.34428471326828003, 0.3443830907344818, 0.3431876301765442, 0.34226295351982117, 0.3420436978340149, 0.3414396643638611, 0.34134960174560547, 0.34017208218574524, 0.3398842215538025, 0.3402654230594635, 0.3389745056629181, 0.3378163278102875, 0.3409729301929474, 0.33676815032958984, 0.33835750818252563, 0.3365822732448578, 0.3355971872806549, 0.3350811302661896, 0.3349650502204895, 0.3345186114311218, 0.3335822820663452, 0.3331964910030365, 0.3326331377029419, 0.33201083540916443, 0.3357818126678467, 0.3315785229206085, 0.3308389186859131, 0.3302778899669647, 0.3297854959964752, 0.3305014371871948, 0.3292200565338135, 0.32953059673309326, 0.33071449398994446, 0.32804226875305176, 0.3274155855178833, 0.32709014415740967, 0.32653486728668213, 0.32660412788391113, 0.32575565576553345, 0.3253251314163208, 0.325300931930542, 0.3276349902153015, 0.3240872323513031, 0.3235034942626953, 0.3231149911880493, 0.3226783275604248, 0.3231774568557739, 0.3228197395801544, 0.3223888874053955, 0.3218850791454315, 0.32069098949432373, 0.32028838992118835, 0.3199883699417114, 0.31965944170951843, 0.3190484642982483, 0.3184205889701843, 0.31826069951057434, 0.31898292899131775, 0.3174891173839569, 0.31659263372421265, 0.3193782866001129, 0.3158574104309082, 0.3152262568473816, 0.3148576021194458]",33.0,"[33.0, 33.0, 33.0, 33.0, 33.0, 33.0, 33.0, 33.0, 33.0, 33.0, 33.0, 33.0, 33.0, 33.0, 33.0, 33.0, 33.0, 33.0, 33.0, 33.0, 33.0, 33.0, 33.0, 33.0, 33.0, 33.0, 33.0, 33.0, 33.0, 33.0, 33.0, 33.0, 33.0, 33.0, 33.0, 33.0, 33.0, 33.0, 33.0, 33.0, 33.0, 33.0, 33.0, 33.0, 33.0, 33.0, 33.0, 33.0, 33.0, 33.0, 33.0, 33.0, 33.0, 33.0, 33.0, 33.0, 33.0, 33.0, 33.0, 33.0, 33.0, 33.0, 33.0, 33.0, 33.0, 33.0, 33.0, 33.0, 33.0, 33.0, 33.0, 33.0, 33.0, 33.0, 33.0, 33.0, 33.0, 33.0, 33.0, 33.0, 33.0, 33.0, 33.0, 33.0, 33.0, 33.0, 33.0, 33.0, 33.0, 33.0, 33.0, 33.0, 33.0, 33.0, 33.0, 33.0, 33.0, 33.0, 33.0, 33.0, 33.0, 33.0, 33.0, 33.0, 33.0, 33.0, 33.0, 33.0, 33.0, 33.0, 33.0, 33.0, 33.0, 33.0, 33.0]",COMPLETE
