,number,value,datetime_start,datetime_complete,duration,params_batch_size_scaler,params_constant_learning_rate,params_depth,params_epochs,params_kernel_l2,params_num_trees,params_temperature,user_attrs_accuracy_test,user_attrs_accuracy_valid,user_attrs_approximate_feature_sparsity,user_attrs_approximate_feature_sparsity_history,user_attrs_approximate_weight_sparsity,user_attrs_approximate_weight_sparsity_history,user_attrs_auc_test,user_attrs_auc_valid,user_attrs_feature_sparsity,user_attrs_feature_sparsity_history,user_attrs_num_epochs,user_attrs_val_loss_history,user_attrs_weight_sparsity,user_attrs_weight_sparsity_history,state
27,27,0.5,2024-08-31 02:12:11.114649,2024-08-31 02:14:08.936535,0 days 00:01:57.821886,4,0.6711049572076966,2,495,0.9657190086823809,84,0.03009209736368576,0.859,0.85875,0,"[0, 0, 0, 0, 0, 0, 0, 0, 0, 0, 0, 0, 0, 0, 0, 0, 0, 0, 0, 0, 0, 0, 0, 0, 0, 0, 0, 0, 0, 0, 0, 0, 0, 0, 0, 0, 0, 0, 0, 0, 0, 0, 0, 0, 0, 0, 0, 0, 0, 0, 0, 0, 0, 0, 0, 0, 0, 0, 0, 0, 0, 0, 0, 0, 0, 0, 0, 0, 0, 0, 0, 0, 0, 0, 0, 0, 0, 0, 0, 0, 0, 0, 0, 0, 0, 0, 0, 0, 0, 0, 0, 0, 0, 0, 0, 0, 0, 0, 0, 0, 0, 0, 0, 0, 0, 0, 0, 0, 0, 0, 0, 0, 0, 0, 0, 0, 0, 0, 0, 0, 0, 0, 0, 0, 0, 0, 0, 0, 0, 0, 0, 0, 0, 0, 0, 0, 0, 0, 0, 0, 0, 0, 0, 0, 0, 0, 0, 0, 0, 0, 0, 0, 0, 0, 0, 0, 0, 0, 0, 0, 0, 0, 0, 0, 0, 0, 0, 0, 0, 0, 0, 0, 0, 0, 0, 0, 0, 0, 0, 0, 0, 0, 0, 0, 0, 0, 0, 0, 0, 0, 0, 0, 0, 0, 0, 0, 0, 0, 0, 0, 0, 0, 0, 0, 0, 0, 0, 0, 0, 0, 0, 0, 0, 0, 0, 0, 0, 0, 0, 0, 0, 0, 0, 0, 0, 0, 0, 0, 0, 0, 0, 0, 0, 0, 0, 0, 0, 0, 0, 0, 0, 0, 0, 0, 0, 0, 0, 0, 0, 0, 0, 0, 0, 0, 0, 0, 0, 0, 0, 0, 0, 0, 0, 0, 0, 0, 0, 0, 0, 0, 0, 0, 0, 0, 0, 0, 0, 0, 0, 0, 0, 0, 0, 0, 0, 0, 0, 0, 0, 0, 0, 0, 0, 0, 0, 0, 0, 0, 0, 0, 0, 0, 0, 0, 0, 0, 0, 0, 0, 0, 0, 0, 0, 0, 0, 0, 0, 0, 0, 0, 0, 0, 0, 0, 0, 0, 0, 0, 0, 0, 0, 0, 0, 0, 0, 0, 0, 0, 0, 0, 0, 0, 0, 0, 0, 0, 0, 0, 0, 0, 0, 0, 0, 0, 0, 0, 0, 0, 0, 0, 0, 0, 0, 0, 0, 0, 0, 0, 0, 0, 0, 0, 0, 0, 0, 0, 0, 0, 0, 0, 0, 0, 0, 0, 0, 0, 0, 0, 0, 0, 0, 0, 0, 0, 0, 0, 0, 0, 0, 0, 0, 0, 0, 0, 0, 0, 0, 0, 0, 0, 0, 0, 0, 0, 0, 0, 0, 0, 0, 0, 0, 0, 0, 0, 0, 0, 0, 0, 0, 0, 0, 0, 0, 0, 0, 0, 0, 0, 0, 0, 0, 0, 0, 0, 0, 0, 0, 0, 0, 0, 0, 0, 0, 0, 0, 0, 0, 0, 0, 0, 0, 0, 0, 0, 0, 0, 0, 0, 0, 0, 0, 0, 0, 0, 0, 0, 0, 0, 0, 0, 0, 0, 0, 0, 0, 0, 0, 0, 0, 0, 0, 0, 0, 0, 0]",0.0,"[0.0, 0.0, 0.0, 0.0, 0.0, 0.0, 0.0, 0.0, 0.0, 0.0, 0.0, 0.0, 0.0, 0.0, 0.0, 0.0, 0.0, 0.0, 0.0, 0.0, 0.0, 0.0, 0.0, 0.0, 0.0, 0.0, 0.0, 0.0, 0.0, 0.0, 0.0, 0.0, 0.0, 0.0, 0.0, 0.0, 0.0, 0.0, 0.0, 0.0, 0.0, 0.0, 0.0, 0.0, 0.0, 0.0, 0.0, 0.0, 0.0, 0.0, 0.0, 0.0, 0.0, 0.0, 0.0, 0.0, 0.0, 0.0, 0.0, 0.0, 0.0, 0.0, 0.0, 0.0, 0.0, 0.0, 0.0, 0.0, 0.0, 0.0, 0.0, 0.0, 0.0, 0.0, 0.0, 0.0, 0.0, 0.0, 0.0, 0.0, 0.0, 0.0, 0.0, 0.0, 0.0, 0.0, 0.0, 0.0, 0.0, 0.0, 0.0, 0.0, 0.0, 0.0, 0.0, 0.0, 0.0, 0.0, 0.0, 0.0, 0.0, 0.0, 0.0, 0.0, 0.0, 0.0, 0.0, 0.0, 0.0, 0.0, 0.0, 0.0, 0.0, 0.0, 0.0, 0.0, 0.0, 0.0, 0.0, 0.0, 0.0, 0.0, 0.0, 0.0, 0.0, 0.0, 0.0, 0.0, 0.0, 0.0, 0.0, 0.0, 0.0, 0.0, 0.0, 0.0, 0.0, 0.0, 0.0, 0.0, 0.0, 0.0, 0.0, 0.0, 0.0, 0.0, 0.0, 0.0, 0.0, 0.0, 0.0, 0.0, 0.0, 0.0, 0.0, 0.0, 0.0, 0.0, 0.0, 0.0, 0.0, 0.0, 0.0, 0.0, 0.0, 0.0, 0.0, 0.0, 0.0, 0.0, 0.0, 0.0, 0.0, 0.0, 0.0, 0.0, 0.0, 0.0, 0.0, 0.0, 0.0, 0.0, 0.0, 0.0, 0.0, 0.0, 0.0, 0.0, 0.0, 0.0, 0.0, 0.0, 0.0, 0.0, 0.0, 0.0, 0.0, 0.0, 0.0, 0.0, 0.0, 0.0, 0.0, 0.0, 0.0, 0.0, 0.0, 0.0, 0.0, 0.0, 0.0, 0.0, 0.0, 0.0, 0.0, 0.0, 0.0, 0.0, 0.0, 0.0, 0.0, 0.0, 0.0, 0.0, 0.0, 0.0, 0.0, 0.0, 0.0, 0.0, 0.0, 0.0, 0.0, 0.0, 0.0, 0.0, 0.0, 0.0, 0.0, 0.0, 0.0, 0.0, 0.0, 0.0, 0.0, 0.0, 0.0, 0.0, 0.0, 0.0, 0.0, 0.0, 0.0, 0.0, 0.0, 0.0, 0.0, 0.0, 0.0, 0.0, 0.0, 0.0, 0.0, 0.0, 0.0, 0.0, 0.0, 0.0, 0.0, 0.0, 0.0, 0.0, 0.0, 0.0, 0.0, 0.0, 0.0, 0.0, 0.0, 0.0, 0.0, 0.0, 0.0, 0.0, 0.0, 0.0, 0.0, 0.0, 0.0, 0.0, 0.0, 0.0, 0.0, 0.0, 0.0, 0.0, 0.0, 0.0, 0.0, 0.0, 0.0, 0.0, 0.0, 0.0, 0.0, 0.0, 0.0, 0.0, 0.0, 0.0, 0.0, 0.0, 0.0, 0.0, 0.0, 0.0, 0.0, 0.0, 0.0, 0.0, 0.0, 0.0, 0.0, 0.0, 0.0, 0.0, 0.0, 0.0, 0.0, 0.0, 0.0, 0.0, 0.0, 0.0, 0.0, 0.0, 0.0, 0.0, 0.0, 0.0, 0.0, 0.0, 0.0, 0.0, 0.0, 0.0, 0.0, 0.0, 0.0, 0.0, 0.0, 0.0, 0.0, 0.0, 0.0, 0.0, 0.0, 0.0, 0.0, 0.0, 0.0, 0.0, 0.0, 0.0, 0.0, 0.0, 0.0, 0.0, 0.0, 0.0, 0.0, 0.0, 0.0, 0.0, 0.0, 0.0, 0.0, 0.0, 0.0, 0.0, 0.0, 0.0, 0.0, 0.0, 0.0, 0.0, 0.0, 0.0, 0.0, 0.0, 0.0, 0.0, 0.0, 0.0, 0.0, 0.0, 0.0, 0.0, 0.0, 0.0, 0.0, 0.0, 0.0, 0.0, 0.0, 0.0, 0.0, 0.0, 0.0, 0.0, 0.0, 0.0, 0.0, 0.0, 0.0, 0.0, 0.0, 0.0, 0.0, 0.0, 0.0, 0.0, 0.0, 0.0, 0.0, 0.0, 0.0, 0.0, 0.0, 0.0, 0.0, 0.0, 0.0, 0.0, 0.0, 0.0, 0.0, 0.0, 0.0, 0.0, 0.0, 0.0, 0.0, 0.0, 0.0, 0.0, 0.0, 0.0, 0.0, 0.0, 0.0, 0.0, 0.0, 0.0, 0.0, 0.0, 0.0, 0.0, 0.0, 0.0, 0.0, 0.0, 0.0, 0.0, 0.0, 0.0, 0.0, 0.0, 0.0, 0.0, 0.0, 0.0, 0.0, 0.0, 0.0, 0.0, 0.0, 0.0, 0.0, 0.0, 0.0, 0.0, 0.0, 0.0, 0.0, 0.0, 0.0, 0.0, 0.0, 0.0, 0.0, 0.0, 0.0, 0.0, 0.0]",0.5,0.5,0,"[0, 0, 0, 0, 0, 0, 0, 0, 0, 0, 0, 0, 0, 0, 0, 0, 0, 0, 0, 0, 0, 0, 0, 0, 0, 0, 0, 0, 0, 0, 0, 0, 0, 0, 0, 0, 0, 0, 0, 0, 0, 0, 0, 0, 0, 0, 0, 0, 0, 0, 0, 0, 0, 0, 0, 0, 0, 0, 0, 0, 0, 0, 0, 0, 0, 0, 0, 0, 0, 0, 0, 0, 0, 0, 0, 0, 0, 0, 0, 0, 0, 0, 0, 0, 0, 0, 0, 0, 0, 0, 0, 0, 0, 0, 0, 0, 0, 0, 0, 0, 0, 0, 0, 0, 0, 0, 0, 0, 0, 0, 0, 0, 0, 0, 0, 0, 0, 0, 0, 0, 0, 0, 0, 0, 0, 0, 0, 0, 0, 0, 0, 0, 0, 0, 0, 0, 0, 0, 0, 0, 0, 0, 0, 0, 0, 0, 0, 0, 0, 0, 0, 0, 0, 0, 0, 0, 0, 0, 0, 0, 0, 0, 0, 0, 0, 0, 0, 0, 0, 0, 0, 0, 0, 0, 0, 0, 0, 0, 0, 0, 0, 0, 0, 0, 0, 0, 0, 0, 0, 0, 0, 0, 0, 0, 0, 0, 0, 0, 0, 0, 0, 0, 0, 0, 0, 0, 0, 0, 0, 0, 0, 0, 0, 0, 0, 0, 0, 0, 0, 0, 0, 0, 0, 0, 0, 0, 0, 0, 0, 0, 0, 0, 0, 0, 0, 0, 0, 0, 0, 0, 0, 0, 0, 0, 0, 0, 0, 0, 0, 0, 0, 0, 0, 0, 0, 0, 0, 0, 0, 0, 0, 0, 0, 0, 0, 0, 0, 0, 0, 0, 0, 0, 0, 0, 0, 0, 0, 0, 0, 0, 0, 0, 0, 0, 0, 0, 0, 0, 0, 0, 0, 0, 0, 0, 0, 0, 0, 0, 0, 0, 0, 0, 0, 0, 0, 0, 0, 0, 0, 0, 0, 0, 0, 0, 0, 0, 0, 0, 0, 0, 0, 0, 0, 0, 0, 0, 0, 0, 0, 0, 0, 0, 0, 0, 0, 0, 0, 0, 0, 0, 0, 0, 0, 0, 0, 0, 0, 0, 0, 0, 0, 0, 0, 0, 0, 0, 0, 0, 0, 0, 0, 0, 0, 0, 0, 0, 0, 0, 0, 0, 0, 0, 0, 0, 0, 0, 0, 0, 0, 0, 0, 0, 0, 0, 0, 0, 0, 0, 0, 0, 0, 0, 0, 0, 0, 0, 0, 0, 0, 0, 0, 0, 0, 0, 0, 0, 0, 0, 0, 0, 0, 0, 0, 0, 0, 0, 0, 0, 0, 0, 0, 0, 0, 0, 0, 0, 0, 0, 0, 0, 0, 0, 0, 0, 0, 0, 0, 0, 0, 0, 0, 0, 0, 0, 0, 0, 0, 0, 0, 0, 0, 0, 0, 0, 0, 0, 0, 0, 0, 0, 0, 0, 0, 0, 0, 0, 0, 0, 0, 0, 0, 0, 0, 0, 0, 0, 0, 0, 0, 0, 0, 0, 0, 0, 0, 0, 0, 0, 0, 0, 0, 0, 0, 0, 0]",495,"[0.5164227485656738, 0.522413432598114, 0.449224591255188, 0.8717713356018066, 0.9009267687797546, 0.7056781053543091, 0.6279828548431396, 0.621802806854248, 0.8973904252052307, 2.407050132751465, 0.6369166374206543, 1.6232227087020874, 1.4316091537475586, 0.6241356730461121, 0.6442015767097473, 1.5854989290237427, 1.0722512006759644, 1.0637837648391724, 0.45222586393356323, 1.4350627660751343, 0.43309691548347473, 0.49279168248176575, 1.2488181591033936, 0.4147507846355438, 0.5247807502746582, 0.5420963168144226, 0.4155457019805908, 0.9466138482093811, 1.8048685789108276, 1.4500924348831177, 0.503648579120636, 1.5435593128204346, 0.868674635887146, 0.49991101026535034, 1.8177635669708252, 0.7442264556884766, 0.4085150957107544, 1.4879465103149414, 1.456708550453186, 0.41937124729156494, 2.32768177986145, 0.40902066230773926, 2.0889644622802734, 0.4347338080406189, 0.9915392398834229, 0.49404120445251465, 0.41481631994247437, 1.544102430343628, 2.686164140701294, 0.8375298976898193, 1.4192806482315063, 1.3099414110183716, 1.2732481956481934, 1.308183193206787, 0.9066767692565918, 0.9050627946853638, 0.4108927249908447, 1.3532867431640625, 1.209845781326294, 0.5319867134094238, 1.1531713008880615, 0.40926963090896606, 0.49101635813713074, 0.7913594841957092, 0.40912044048309326, 2.419921398162842, 1.1229618787765503, 1.735438585281372, 1.81162428855896, 1.1459009647369385, 0.8913889527320862, 0.4261901080608368, 0.6065176129341125, 0.41746535897254944, 2.441603660583496, 1.0782793760299683, 0.407271146774292, 0.6934415698051453, 0.5476036667823792, 1.4100440740585327, 0.5742977261543274, 2.1628148555755615, 0.46047142148017883, 0.41990548372268677, 2.3175551891326904, 2.746344804763794, 0.4705352485179901, 0.7324433326721191, 1.450986385345459, 0.8563283681869507, 0.703677773475647, 0.584379255771637, 1.8734827041625977, 1.094389796257019, 0.7487879395484924, 0.4195331335067749, 1.16532564163208, 0.4173932373523712, 0.8951032161712646, 1.7646870613098145, 1.8335298299789429, 0.6383451819419861, 0.5106638073921204, 0.5773427486419678, 1.256473422050476, 0.6944429278373718, 0.4194088876247406, 1.475731611251831, 0.45404449105262756, 0.40836989879608154, 1.0647984743118286, 2.2593941688537598, 0.43945759534835815, 0.8023830652236938, 0.9992043375968933, 1.6221396923065186, 0.43186941742897034, 0.40787550806999207, 0.44010627269744873, 0.4956698715686798, 1.0105133056640625, 0.478578120470047, 0.4656088352203369, 1.566396951675415, 0.42004120349884033, 1.8652966022491455, 0.449624240398407, 0.47826170921325684, 1.5140833854675293, 0.5427802205085754, 1.2814429998397827, 2.623431444168091, 1.9834140539169312, 0.47091227769851685, 0.5776767730712891, 0.4079442620277405, 1.5080431699752808, 0.4716886579990387, 0.410757839679718, 0.749999463558197, 0.4436865746974945, 2.9340734481811523, 0.8630278706550598, 1.7023637294769287, 0.6031501889228821, 1.0480433702468872, 0.4075990319252014, 0.4349300265312195, 1.703691005706787, 0.509533703327179, 0.4708840847015381, 1.2410862445831299, 0.5422781705856323, 0.5983073711395264, 0.48403507471084595, 1.424889087677002, 1.2644646167755127, 1.2288949489593506, 0.6721096634864807, 0.4085431396961212, 0.47815513610839844, 0.7247717976570129, 0.6050143241882324, 0.5355931520462036, 1.4098716974258423, 0.5102739930152893, 2.240602493286133, 0.713202714920044, 1.4254765510559082, 0.8050471544265747, 0.5147029757499695, 1.0671361684799194, 1.3067086935043335, 0.4072270095348358, 1.449582576751709, 2.875339984893799, 0.6454319953918457, 0.4759626090526581, 1.0002540349960327, 0.47843924164772034, 0.8811651468276978, 0.5225874185562134, 0.9301234483718872, 0.6541374921798706, 1.350656270980835, 1.181990623474121, 1.818606972694397, 0.4109456539154053, 0.9898874759674072, 1.2164311408996582, 0.8529824018478394, 0.6440733075141907, 0.426137238740921, 0.4101307690143585, 0.4073544442653656, 1.7957900762557983, 0.513401210308075, 0.946879506111145, 1.3337231874465942, 0.5758382678031921, 1.1728473901748657, 1.0980198383331299, 1.2080858945846558, 0.41470181941986084, 1.9930191040039062, 0.41534432768821716, 0.8327581286430359, 0.41102302074432373, 0.9794101119041443, 1.6737250089645386, 1.0730133056640625, 1.2153669595718384, 1.4405450820922852, 0.6801899671554565, 0.8498375415802002, 1.1161768436431885, 0.6568325757980347, 0.46934211254119873, 0.4166262745857239, 0.45499899983406067, 0.8885265588760376, 1.2081314325332642, 0.6797087788581848, 0.42555737495422363, 0.4073903262615204, 0.4950992465019226, 0.5450858473777771, 1.2018567323684692, 0.8371620178222656, 0.40809860825538635, 1.7533175945281982, 0.787122368812561, 0.5705497860908508, 0.4082745313644409, 0.5555741190910339, 2.0912415981292725, 0.5264545679092407, 0.42301854491233826, 0.6186533570289612, 1.025306224822998, 1.158292531967163, 0.5238335132598877, 0.5691280961036682, 1.2580353021621704, 0.45905354619026184, 0.5809492468833923, 1.7243292331695557, 1.372726321220398, 1.0010275840759277, 0.4543871283531189, 0.4213314950466156, 1.3684134483337402, 0.41809383034706116, 1.2437858581542969, 1.943272590637207, 0.42538970708847046, 1.943247675895691, 0.4829837381839752, 0.4635974168777466, 0.8042880296707153, 1.5837914943695068, 0.7269979119300842, 0.5008355975151062, 0.9097565412521362, 0.5737175941467285, 0.8734133839607239, 1.0751875638961792, 0.41573047637939453, 0.8051475286483765, 0.5594664216041565, 1.3383632898330688, 0.7594070434570312, 0.9230035543441772, 2.6327173709869385, 1.8703330755233765, 1.3495374917984009, 1.150172472000122, 0.5062711834907532, 2.040884494781494, 0.440886914730072, 0.4125097393989563, 0.5850226879119873, 1.2513062953948975, 0.5893556475639343, 0.5763695240020752, 0.4072347581386566, 0.9277474880218506, 1.5401098728179932, 0.6966888308525085, 0.5830479264259338, 0.5410472750663757, 0.5400761365890503, 0.513455331325531, 0.6478638648986816, 1.1353254318237305, 1.1693086624145508, 1.4330356121063232, 0.6324397325515747, 0.5853384137153625, 1.1424123048782349, 0.4846751391887665, 0.753614604473114, 0.6622341275215149, 0.48629239201545715, 0.5577307343482971, 0.7978264093399048, 0.5168901681900024, 2.6068925857543945, 0.6373158097267151, 2.0848748683929443, 0.4579307436943054, 0.7978613972663879, 0.41085541248321533, 0.4126242697238922, 0.4075898230075836, 0.48654723167419434, 0.9690607190132141, 0.6559107303619385, 1.623824119567871, 1.1765961647033691, 0.6264356374740601, 1.3536986112594604, 1.8966307640075684, 0.6838160753250122, 0.7655174136161804, 0.8323944807052612, 1.7907618284225464, 1.2310516834259033, 0.44754528999328613, 0.7962183952331543, 0.7183642387390137, 0.842276394367218, 1.9442238807678223, 0.4171018898487091, 0.9125460982322693, 0.41563481092453003, 2.411630153656006, 0.40747201442718506, 1.018671989440918, 2.6047348976135254, 1.2189772129058838, 0.49462929368019104, 0.8538450002670288, 0.9425804615020752, 1.3071093559265137, 0.8717569708824158, 0.8510693311691284, 2.313046932220459, 1.150297999382019, 0.5104451775550842, 1.8519184589385986, 0.5220683813095093, 0.5276952981948853, 0.5802444219589233, 1.103577733039856, 1.0712475776672363, 0.4121071994304657, 0.4090028405189514, 0.46089428663253784, 0.7432447075843811, 0.41469234228134155, 1.075167179107666, 0.7060803771018982, 0.5370743274688721, 1.9357599020004272, 1.1825909614562988, 1.6115587949752808, 0.5147402286529541, 0.4197368323802948, 0.6595012545585632, 1.353571891784668, 0.94929039478302, 1.191523551940918, 0.42012882232666016, 0.5882999897003174, 0.5087734460830688, 0.4075168967247009, 1.8792424201965332, 0.870920717716217, 1.2904919385910034, 0.42229464650154114, 0.7830549478530884, 0.7461440563201904, 0.4427143335342407, 0.5904238820075989, 0.7770431637763977, 0.5830762386322021, 1.3436148166656494, 0.7977763414382935, 0.4950735867023468, 1.3023827075958252, 1.9425315856933594, 0.8469998836517334, 0.4523032307624817, 2.129404067993164, 0.6453094482421875, 0.47871124744415283, 0.6382717490196228, 0.4085066318511963, 0.41344597935676575, 1.5264909267425537, 0.5059078335762024, 1.1330565214157104, 0.778768002986908, 0.5073973536491394, 2.2964556217193604, 0.41198107600212097, 0.5774732232093811, 0.4092258810997009, 0.6571208834648132, 0.5110369920730591, 0.7483614087104797, 1.4865226745605469, 0.45533639192581177, 0.8275435566902161, 0.7737409472465515, 1.8847978115081787, 0.5038331151008606, 0.6229417324066162, 3.0585625171661377, 1.179162859916687, 2.907240629196167, 0.6993973255157471, 2.2065656185150146, 2.8744194507598877, 0.5890551209449768, 2.513956069946289, 1.1303790807724, 1.1961332559585571, 0.8969547152519226, 1.4996525049209595, 0.4091852903366089, 0.70326828956604, 0.6001912951469421, 0.4081834852695465, 2.0646839141845703, 0.6184506416320801, 0.4581681787967682, 0.7712498307228088, 2.0090532302856445, 0.4266076385974884, 2.1729233264923096, 1.0797439813613892, 0.6759510040283203, 1.2381632328033447, 0.47539544105529785, 0.756701648235321, 0.5274176001548767, 0.4848732352256775, 0.4808802306652069, 1.206275463104248, 0.6573030352592468, 1.2058444023132324, 0.42392855882644653, 0.4853886663913727, 0.423365980386734, 0.4778916537761688, 0.5157701969146729, 1.364189624786377, 1.0217528343200684, 0.8237013220787048, 0.6568055748939514, 1.5073933601379395, 0.5614383816719055, 0.9196752905845642, 1.0127907991409302, 0.5371096730232239, 0.9276666045188904, 0.47944632172584534, 0.6101535558700562, 0.4346942901611328, 1.7406175136566162, 1.1666860580444336, 0.4309273064136505, 1.1155263185501099, 1.328337550163269, 0.5074498653411865, 2.138540506362915, 0.9859849810600281, 1.1397292613983154, 0.45970070362091064, 1.2906501293182373, 2.526566505432129, 0.44245341420173645, 0.9454689621925354, 0.7443216443061829, 1.4460101127624512, 0.8972719311714172, 0.4171130359172821, 1.2200188636779785, 0.48394179344177246, 0.40732842683792114, 0.40923377871513367, 0.6074481010437012, 0.839598536491394]",0.0,"[0.0, 0.0, 0.0, 0.0, 0.0, 0.0, 0.0, 0.0, 0.0, 0.0, 0.0, 0.0, 0.0, 0.0, 0.0, 0.0, 0.0, 0.0, 0.0, 0.0, 0.0, 0.0, 0.0, 0.0, 0.0, 0.0, 0.0, 0.0, 0.0, 0.0, 0.0, 0.0, 0.0, 0.0, 0.0, 0.0, 0.0, 0.0, 0.0, 0.0, 0.0, 0.0, 0.0, 0.0, 0.0, 0.0, 0.0, 0.0, 0.0, 0.0, 0.0, 0.0, 0.0, 0.0, 0.0, 0.0, 0.0, 0.0, 0.0, 0.0, 0.0, 0.0, 0.0, 0.0, 0.0, 0.0, 0.0, 0.0, 0.0, 0.0, 0.0, 0.0, 0.0, 0.0, 0.0, 0.0, 0.0, 0.0, 0.0, 0.0, 0.0, 0.0, 0.0, 0.0, 0.0, 0.0, 0.0, 0.0, 0.0, 0.0, 0.0, 0.0, 0.0, 0.0, 0.0, 0.0, 0.0, 0.0, 0.0, 0.0, 0.0, 0.0, 0.0, 0.0, 0.0, 0.0, 0.0, 0.0, 0.0, 0.0, 0.0, 0.0, 0.0, 0.0, 0.0, 0.0, 0.0, 0.0, 0.0, 0.0, 0.0, 0.0, 0.0, 0.0, 0.0, 0.0, 0.0, 0.0, 0.0, 0.0, 0.0, 0.0, 0.0, 0.0, 0.0, 0.0, 0.0, 0.0, 0.0, 0.0, 0.0, 0.0, 0.0, 0.0, 0.0, 0.0, 0.0, 0.0, 0.0, 0.0, 0.0, 0.0, 0.0, 0.0, 0.0, 0.0, 0.0, 0.0, 0.0, 0.0, 0.0, 0.0, 0.0, 0.0, 0.0, 0.0, 0.0, 0.0, 0.0, 0.0, 0.0, 0.0, 0.0, 0.0, 0.0, 0.0, 0.0, 0.0, 0.0, 0.0, 0.0, 0.0, 0.0, 0.0, 0.0, 0.0, 0.0, 0.0, 0.0, 0.0, 0.0, 0.0, 0.0, 0.0, 0.0, 0.0, 0.0, 0.0, 0.0, 0.0, 0.0, 0.0, 0.0, 0.0, 0.0, 0.0, 0.0, 0.0, 0.0, 0.0, 0.0, 0.0, 0.0, 0.0, 0.0, 0.0, 0.0, 0.0, 0.0, 0.0, 0.0, 0.0, 0.0, 0.0, 0.0, 0.0, 0.0, 0.0, 0.0, 0.0, 0.0, 0.0, 0.0, 0.0, 0.0, 0.0, 0.0, 0.0, 0.0, 0.0, 0.0, 0.0, 0.0, 0.0, 0.0, 0.0, 0.0, 0.0, 0.0, 0.0, 0.0, 0.0, 0.0, 0.0, 0.0, 0.0, 0.0, 0.0, 0.0, 0.0, 0.0, 0.0, 0.0, 0.0, 0.0, 0.0, 0.0, 0.0, 0.0, 0.0, 0.0, 0.0, 0.0, 0.0, 0.0, 0.0, 0.0, 0.0, 0.0, 0.0, 0.0, 0.0, 0.0, 0.0, 0.0, 0.0, 0.0, 0.0, 0.0, 0.0, 0.0, 0.0, 0.0, 0.0, 0.0, 0.0, 0.0, 0.0, 0.0, 0.0, 0.0, 0.0, 0.0, 0.0, 0.0, 0.0, 0.0, 0.0, 0.0, 0.0, 0.0, 0.0, 0.0, 0.0, 0.0, 0.0, 0.0, 0.0, 0.0, 0.0, 0.0, 0.0, 0.0, 0.0, 0.0, 0.0, 0.0, 0.0, 0.0, 0.0, 0.0, 0.0, 0.0, 0.0, 0.0, 0.0, 0.0, 0.0, 0.0, 0.0, 0.0, 0.0, 0.0, 0.0, 0.0, 0.0, 0.0, 0.0, 0.0, 0.0, 0.0, 0.0, 0.0, 0.0, 0.0, 0.0, 0.0, 0.0, 0.0, 0.0, 0.0, 0.0, 0.0, 0.0, 0.0, 0.0, 0.0, 0.0, 0.0, 0.0, 0.0, 0.0, 0.0, 0.0, 0.0, 0.0, 0.0, 0.0, 0.0, 0.0, 0.0, 0.0, 0.0, 0.0, 0.0, 0.0, 0.0, 0.0, 0.0, 0.0, 0.0, 0.0, 0.0, 0.0, 0.0, 0.0, 0.0, 0.0, 0.0, 0.0, 0.0, 0.0, 0.0, 0.0, 0.0, 0.0, 0.0, 0.0, 0.0, 0.0, 0.0, 0.0, 0.0, 0.0, 0.0, 0.0, 0.0, 0.0, 0.0, 0.0, 0.0, 0.0, 0.0, 0.0, 0.0, 0.0, 0.0, 0.0, 0.0, 0.0, 0.0, 0.0, 0.0, 0.0, 0.0, 0.0, 0.0, 0.0, 0.0, 0.0, 0.0, 0.0, 0.0, 0.0, 0.0, 0.0, 0.0, 0.0, 0.0, 0.0, 0.0, 0.0, 0.0, 0.0, 0.0, 0.0, 0.0, 0.0, 0.0, 0.0, 0.0, 0.0, 0.0, 0.0, 0.0, 0.0, 0.0, 0.0, 0.0, 0.0, 0.0, 0.0, 0.0, 0.0, 0.0, 0.0, 0.0, 0.0, 0.0, 0.0, 0.0, 0.0, 0.0, 0.0, 0.0, 0.0, 0.0, 0.0, 0.0, 0.0, 0.0, 0.0, 0.0, 0.0, 0.0]",COMPLETE
