,number,value,datetime_start,datetime_complete,duration,params_batch_size_scaler,params_constant_learning_rate,params_depth,params_epochs,params_kernel_l2,params_num_trees,params_temperature,user_attrs_accuracy_test,user_attrs_accuracy_valid,user_attrs_approximate_feature_sparsity,user_attrs_approximate_feature_sparsity_history,user_attrs_approximate_weight_sparsity,user_attrs_approximate_weight_sparsity_history,user_attrs_auc_test,user_attrs_auc_valid,user_attrs_feature_sparsity,user_attrs_feature_sparsity_history,user_attrs_num_epochs,user_attrs_val_loss_history,user_attrs_weight_sparsity,user_attrs_weight_sparsity_history,state
147,147,0.6967062127242982,2024-08-31 06:50:49.563132,2024-08-31 06:54:10.541298,0 days 00:03:20.978166,64,0.028712243054515918,6,300,0.1494934817435635,39,0.03323077164697424,0.859,0.85875,33,"[33, 33, 33, 33, 33, 33, 33, 33, 33, 33, 33, 33, 33, 33, 33, 33, 33, 33, 33, 33, 33, 33, 33, 33, 33, 33, 33, 33, 33, 33, 33, 33, 33, 33, 33, 33, 33, 33, 33, 33, 33, 33, 33, 33, 33, 33, 33, 33, 33, 33, 33, 33, 33, 33, 33, 33, 33, 33, 33, 33, 33, 33, 33, 33, 33, 33, 33, 33, 33, 33, 33, 33, 33, 33, 33, 33, 33, 33, 33, 33, 33, 33, 33, 33, 33, 33, 33, 33, 33, 33, 33, 33, 33, 33, 33, 33, 33, 33, 33, 33, 33, 33, 33, 33, 33, 33, 33, 33, 33, 33, 33, 33, 33, 33, 33, 33, 33, 33, 33, 33, 33, 33, 33, 33, 33, 33, 33, 33, 33, 33, 33, 33, 33, 33, 33, 33, 33, 33, 33, 33, 33, 33, 33, 33, 33, 33, 33, 33, 33, 33, 33, 33, 33, 33, 33, 33, 33, 33, 33, 33, 33, 33, 33, 33, 33, 33, 33, 33, 33, 33, 33, 33, 33, 33, 33, 33, 33, 33, 33, 33, 33, 33, 33, 33, 33, 33, 33, 33, 33, 33, 33, 33, 33, 33, 33, 33, 33, 33, 33, 33, 33, 33, 33, 33, 33, 33, 33, 33, 33, 33, 33, 33, 33, 33, 33, 33, 33, 33, 33, 33, 33, 33, 33, 33, 33, 33, 33, 33, 33, 33, 33, 33, 33, 33, 33, 33, 33, 33, 33, 33, 33, 33, 33, 33, 33, 33, 33, 33, 33, 33, 33, 33, 33, 33, 33, 33, 33, 33, 33, 33, 33, 33, 33, 33, 33, 33, 33, 33, 33, 33, 33, 33, 33, 33, 33, 33, 33, 33, 33, 33, 33, 33, 33, 33, 33, 33, 33, 33, 33, 33, 33, 33, 33, 33, 33, 33, 33, 33, 33, 33]",32.932030932030926,"[32.92307692307692, 32.925925925925924, 32.924704924704926, 32.92714692714692, 32.92918192918193, 32.92958892958893, 32.92836792836793, 32.92511192511192, 32.92389092389093, 32.922669922669925, 32.924704924704926, 32.922262922262924, 32.921041921041926, 32.92185592185592, 32.92348392348393, 32.92307692307692, 32.924704924704926, 32.922262922262924, 32.92063492063492, 32.92104192104192, 32.921041921041926, 32.92144892144892, 32.92551892551892, 32.92104192104192, 32.920634920634924, 32.92348392348392, 32.925925925925924, 32.927960927960925, 32.92755392755392, 32.925925925925924, 32.92307692307692, 32.92022792022792, 32.91982091982092, 32.91859991859992, 32.91941391941392, 32.920634920634924, 32.922669922669925, 32.92022792022792, 32.92022792022792, 32.91859991859992, 32.91819291819292, 32.91982091982092, 32.922262922262924, 32.92307692307693, 32.922669922669925, 32.924704924704926, 32.92307692307693, 32.92185592185592, 32.920634920634924, 32.924297924297925, 32.92673992673993, 32.926332926332925, 32.92877492877493, 32.92958892958893, 32.92673992673993, 32.93080993080993, 32.928367928367926, 32.93040293040293, 32.92918192918193, 32.92958892958893, 32.93121693121693, 32.93162393162393, 32.92958892958893, 32.92877492877493, 32.92673992673993, 32.92511192511193, 32.92389092389092, 32.922262922262924, 32.924297924297925, 32.926332926332925, 32.92714692714693, 32.928367928367926, 32.92836792836793, 32.92918192918193, 32.930809930809936, 32.93121693121693, 32.93325193325194, 32.93040293040293, 32.92918192918193, 32.926332926332925, 32.928367928367926, 32.92673992673993, 32.92755392755393, 32.925925925925924, 32.926332926332925, 32.92551892551893, 32.92714692714693, 32.92714692714693, 32.92918192918193, 32.92836792836793, 32.928367928367926, 32.92755392755393, 32.927960927960925, 32.925925925925924, 32.92796092796093, 32.92918192918193, 32.93080993080993, 32.92958892958893, 32.928367928367926, 32.92714692714693, 32.92918192918193, 32.929995929995926, 32.929995929995926, 32.92958892958893, 32.92958892958893, 32.927960927960925, 32.92714692714693, 32.92673992673993, 32.926332926332925, 32.92714692714693, 32.92511192511192, 32.924704924704926, 32.926332926332925, 32.925925925925924, 32.930402930402934, 32.92877492877493, 32.930402930402934, 32.930402930402934, 32.930402930402934, 32.92877492877493, 32.92796092796093, 32.927960927960925, 32.92755392755393, 32.92755392755393, 32.927960927960925, 32.927960927960925, 32.92999592999593, 32.928367928367926, 32.92999592999593, 32.93162393162393, 32.932437932437935, 32.934472934472936, 32.93569393569394, 32.93365893365893, 32.935693935693934, 32.934065934065934, 32.93325193325193, 32.93365893365893, 32.93365893365893, 32.934472934472936, 32.93487993487994, 32.934472934472936, 32.93365893365893, 32.934472934472936, 32.935693935693934, 32.93569393569394, 32.93610093610094, 32.93528693528693, 32.93650793650794, 32.93487993487994, 32.934472934472936, 32.93365893365893, 32.93284493284493, 32.93284493284493, 32.93284493284494, 32.935693935693934, 32.934065934065934, 32.93325193325193, 32.93243793243793, 32.93080993080993, 32.93121693121694, 32.93162393162393, 32.93121693121694, 32.92918192918193, 32.92877492877493, 32.92714692714693, 32.92755392755393, 32.92796092796093, 32.927960927960925, 32.928367928367926, 32.927960927960925, 32.92673992673993, 32.924704924704926, 32.924704924704926, 32.92714692714693, 32.92755392755393, 32.92714692714693, 32.92714692714693, 32.925925925925924, 32.92673992673993, 32.92755392755393, 32.92673992673993, 32.926332926332925, 32.925925925925924, 32.927960927960925, 32.92551892551892, 32.92551892551892, 32.92714692714693, 32.92714692714693, 32.928367928367926, 32.928367928367926, 32.926332926332925, 32.92714692714693, 32.92714692714693, 32.93080993080993, 32.93162393162393, 32.93121693121693, 32.932030932030926, 32.92796092796093, 32.92918192918193, 32.92755392755393, 32.92673992673993, 32.926332926332925, 32.928367928367926, 32.92918192918193, 32.92714692714693, 32.928367928367926, 32.92673992673993, 32.92714692714693, 32.92633292633293, 32.92673992673993, 32.92877492877493, 32.92714692714693, 32.928367928367926, 32.93040293040293, 32.92918192918193, 32.92796092796093, 32.92714692714693, 32.925925925925924, 32.92755392755393, 32.92999592999593, 32.92958892958893, 32.92999592999593, 32.92877492877493, 32.930402930402934, 32.93080993080993, 32.930402930402934, 32.92999592999593, 32.92918192918193, 32.92877492877493, 32.92999592999593, 32.93203093203093, 32.93325193325193, 32.934065934065934, 32.93365893365893, 32.93203093203093, 32.93121693121693, 32.93080993080993, 32.93121693121693, 32.930402930402934, 32.92877492877493, 32.92673992673993, 32.926332926332925, 32.92755392755392, 32.92755392755392, 32.92714692714692, 32.92714692714693, 32.925925925925924, 32.92551892551893, 32.925925925925924, 32.92714692714692, 32.92470492470492, 32.924297924297925, 32.92389092389092, 32.92307692307692, 32.92226292226292, 32.92185592185592, 32.922262922262924, 32.92389092389092, 32.924704924704926, 32.924704924704926, 32.92307692307692, 32.92307692307692, 32.92266992266992, 32.92389092389092, 32.922262922262924, 32.92511192511193, 32.925925925925924, 32.925925925925924, 32.92673992673993, 32.927960927960925, 32.92877492877493, 32.927960927960925, 32.92755392755393, 32.92755392755393, 32.92836792836793, 32.92999592999593, 32.927960927960925, 32.92877492877493, 32.927960927960925, 32.92877492877493, 32.93080993080993, 32.93121693121693, 32.932437932437935, 32.934065934065934, 32.934065934065934, 32.934472934472936, 32.93487993487993, 32.934472934472936, 32.934065934065934, 32.934065934065934, 32.93284493284493, 32.93325193325194, 32.93162393162393, 32.93284493284493, 32.934065934065934, 32.93528693528694, 32.93487993487994, 32.93203093203093, 32.932030932030926]",0.7314541896812226,0.6967062127242982,33,"[33, 33, 33, 33, 33, 33, 33, 33, 33, 33, 33, 33, 33, 33, 33, 33, 33, 33, 33, 33, 33, 33, 33, 33, 33, 33, 33, 33, 33, 33, 33, 33, 33, 33, 33, 33, 33, 33, 33, 33, 33, 33, 33, 33, 33, 33, 33, 33, 33, 33, 33, 33, 33, 33, 33, 33, 33, 33, 33, 33, 33, 33, 33, 33, 33, 33, 33, 33, 33, 33, 33, 33, 33, 33, 33, 33, 33, 33, 33, 33, 33, 33, 33, 33, 33, 33, 33, 33, 33, 33, 33, 33, 33, 33, 33, 33, 33, 33, 33, 33, 33, 33, 33, 33, 33, 33, 33, 33, 33, 33, 33, 33, 33, 33, 33, 33, 33, 33, 33, 33, 33, 33, 33, 33, 33, 33, 33, 33, 33, 33, 33, 33, 33, 33, 33, 33, 33, 33, 33, 33, 33, 33, 33, 33, 33, 33, 33, 33, 33, 33, 33, 33, 33, 33, 33, 33, 33, 33, 33, 33, 33, 33, 33, 33, 33, 33, 33, 33, 33, 33, 33, 33, 33, 33, 33, 33, 33, 33, 33, 33, 33, 33, 33, 33, 33, 33, 33, 33, 33, 33, 33, 33, 33, 33, 33, 33, 33, 33, 33, 33, 33, 33, 33, 33, 33, 33, 33, 33, 33, 33, 33, 33, 33, 33, 33, 33, 33, 33, 33, 33, 33, 33, 33, 33, 33, 33, 33, 33, 33, 33, 33, 33, 33, 33, 33, 33, 33, 33, 33, 33, 33, 33, 33, 33, 33, 33, 33, 33, 33, 33, 33, 33, 33, 33, 33, 33, 33, 33, 33, 33, 33, 33, 33, 33, 33, 33, 33, 33, 33, 33, 33, 33, 33, 33, 33, 33, 33, 33, 33, 33, 33, 33, 33, 33, 33, 33, 33, 33, 33, 33, 33, 33, 33, 33, 33, 33, 33, 33, 33, 33]",300,"[0.7486354112625122, 0.722719669342041, 0.6987231969833374, 0.6769667267799377, 0.6565631628036499, 0.6380431056022644, 0.6208722591400146, 0.6050447821617126, 0.5906531810760498, 0.5781722664833069, 0.5666404366493225, 0.5555517673492432, 0.5444117784500122, 0.5351030826568604, 0.5263818502426147, 0.5177754163742065, 0.5105817914009094, 0.5035569071769714, 0.49733787775039673, 0.49153339862823486, 0.4858604371547699, 0.4807766079902649, 0.47584742307662964, 0.4710567593574524, 0.4667886793613434, 0.4630647897720337, 0.45946061611175537, 0.4558641016483307, 0.4527515769004822, 0.4498838484287262, 0.4473738372325897, 0.4447118639945984, 0.44245269894599915, 0.4399646520614624, 0.4374566376209259, 0.43549400568008423, 0.43362730741500854, 0.4318588376045227, 0.43018677830696106, 0.42859113216400146, 0.42700713872909546, 0.4255540072917938, 0.42425110936164856, 0.42309561371803284, 0.421888530254364, 0.4206954836845398, 0.41978195309638977, 0.41863805055618286, 0.41760146617889404, 0.4166158437728882, 0.41582927107810974, 0.41486886143684387, 0.41404327750205994, 0.4132186472415924, 0.41257303953170776, 0.4117887616157532, 0.4111802577972412, 0.41053763031959534, 0.40987908840179443, 0.40924108028411865, 0.40866848826408386, 0.40820467472076416, 0.40768224000930786, 0.4071713387966156, 0.40671902894973755, 0.4061580002307892, 0.4056752920150757, 0.40525662899017334, 0.4047619104385376, 0.4043215215206146, 0.4039817750453949, 0.4036306142807007, 0.4033266305923462, 0.4029792547225952, 0.40262067317962646, 0.40232765674591064, 0.402010053396225, 0.4016329050064087, 0.4013702869415283, 0.4011322259902954, 0.40085652470588684, 0.40057316422462463, 0.4003069996833801, 0.40004390478134155, 0.3997446894645691, 0.39947932958602905, 0.3992617726325989, 0.3990459740161896, 0.39881306886672974, 0.3985776901245117, 0.39832985401153564, 0.3980981111526489, 0.3979121446609497, 0.39773958921432495, 0.39757010340690613, 0.3973832428455353, 0.3971726894378662, 0.3970049321651459, 0.39680546522140503, 0.396636039018631, 0.3964771032333374, 0.3962850272655487, 0.3961544930934906, 0.3960164785385132, 0.39584240317344666, 0.3956836462020874, 0.39550894498825073, 0.39534640312194824, 0.3951636850833893, 0.3950340747833252, 0.39488843083381653, 0.39474254846572876, 0.3946223556995392, 0.3944889008998871, 0.3943491280078888, 0.3942323923110962, 0.3941071331501007, 0.39399123191833496, 0.39388182759284973, 0.39372849464416504, 0.39359408617019653, 0.3934660255908966, 0.3933561444282532, 0.3932293653488159, 0.3931141793727875, 0.393014520406723, 0.3928877115249634, 0.39274007081985474, 0.39263880252838135, 0.392517626285553, 0.3924035131931305, 0.3922857642173767, 0.3921891450881958, 0.392093300819397, 0.3919946551322937, 0.39189186692237854, 0.3917725086212158, 0.391672819852829, 0.3915589451789856, 0.39145633578300476, 0.3913520574569702, 0.391239196062088, 0.39113157987594604, 0.39101657271385193, 0.39091670513153076, 0.39080220460891724, 0.3907136023044586, 0.3905985653400421, 0.3905161917209625, 0.3904220461845398, 0.390316367149353, 0.3902166485786438, 0.3901284337043762, 0.3900338113307953, 0.3899419903755188, 0.3898759186267853, 0.3898107409477234, 0.3897322714328766, 0.3896418511867523, 0.3895528018474579, 0.38945943117141724, 0.38937777280807495, 0.38928091526031494, 0.38919559121131897, 0.38910892605781555, 0.3890414535999298, 0.38894763588905334, 0.388868510723114, 0.388783723115921, 0.3887067139148712, 0.3886193037033081, 0.38855284452438354, 0.3884730935096741, 0.3883941173553467, 0.3883283734321594, 0.3882431089878082, 0.3881931006908417, 0.3881169557571411, 0.38804924488067627, 0.3879711925983429, 0.38789722323417664, 0.387818843126297, 0.38774022459983826, 0.3876791298389435, 0.3876013457775116, 0.38751715421676636, 0.3874480724334717, 0.38737621903419495, 0.3873136043548584, 0.3872402310371399, 0.3871670663356781, 0.3870776295661926, 0.38700199127197266, 0.38694027066230774, 0.38687947392463684, 0.3867987394332886, 0.3867262005805969, 0.38664358854293823, 0.3865777552127838, 0.3864951431751251, 0.3864276111125946, 0.3863369822502136, 0.38626304268836975, 0.38618868589401245, 0.3861091136932373, 0.3860429525375366, 0.3859653174877167, 0.385896772146225, 0.385839581489563, 0.3857646584510803, 0.38569626212120056, 0.38563311100006104, 0.3855704069137573, 0.38551029562950134, 0.385453999042511, 0.38539963960647583, 0.3853253424167633, 0.3852636218070984, 0.38520991802215576, 0.38513001799583435, 0.38505569100379944, 0.38499927520751953, 0.3849371075630188, 0.3848661780357361, 0.3848014175891876, 0.38475218415260315, 0.38469910621643066, 0.38464295864105225, 0.3845687210559845, 0.38451552391052246, 0.3844452202320099, 0.3843890428543091, 0.38434261083602905, 0.38428834080696106, 0.38423454761505127, 0.3841894567012787, 0.384115606546402, 0.3840586543083191, 0.38399288058280945, 0.38393399119377136, 0.38386571407318115, 0.3838115930557251, 0.3837660253047943, 0.38372302055358887, 0.38366493582725525, 0.3835921585559845, 0.38352644443511963, 0.38346853852272034, 0.38340914249420166, 0.3833557367324829, 0.3833073079586029, 0.38324686884880066, 0.3831942677497864, 0.38314324617385864, 0.38308608531951904, 0.3830236494541168, 0.3829525113105774, 0.38290169835090637, 0.38284987211227417, 0.38279613852500916, 0.3827224373817444, 0.3826705515384674, 0.3826073706150055, 0.3825400173664093, 0.38249433040618896, 0.38243424892425537, 0.38237711787223816, 0.3823283314704895, 0.3822648227214813, 0.3822139501571655, 0.38217389583587646, 0.3821202516555786, 0.38206180930137634, 0.38200533390045166, 0.38195204734802246, 0.3818966746330261, 0.38186028599739075, 0.3818109631538391, 0.3817630112171173, 0.3817029297351837, 0.38165369629859924, 0.38161250948905945, 0.38157057762145996, 0.3815246820449829, 0.38146159052848816, 0.3814058005809784, 0.38135790824890137, 0.3813115954399109, 0.3812656104564667, 0.38121333718299866, 0.38115978240966797, 0.3811081051826477, 0.3810455799102783, 0.38098815083503723, 0.3809342682361603, 0.3808894753456116, 0.3808346688747406, 0.38079243898391724, 0.3807445466518402, 0.3807007074356079]",33.0,"[33.0, 33.0, 33.0, 33.0, 33.0, 33.0, 33.0, 33.0, 33.0, 33.0, 33.0, 33.0, 33.0, 33.0, 33.0, 33.0, 33.0, 33.0, 33.0, 33.0, 33.0, 33.0, 33.0, 33.0, 33.0, 33.0, 33.0, 33.0, 33.0, 33.0, 33.0, 33.0, 33.0, 33.0, 33.0, 33.0, 33.0, 33.0, 33.0, 33.0, 33.0, 33.0, 33.0, 33.0, 33.0, 33.0, 33.0, 33.0, 33.0, 33.0, 33.0, 33.0, 33.0, 33.0, 33.0, 33.0, 33.0, 33.0, 33.0, 33.0, 33.0, 33.0, 33.0, 33.0, 33.0, 33.0, 33.0, 33.0, 33.0, 33.0, 33.0, 33.0, 33.0, 33.0, 33.0, 33.0, 33.0, 33.0, 33.0, 33.0, 33.0, 33.0, 33.0, 33.0, 33.0, 33.0, 33.0, 33.0, 33.0, 33.0, 33.0, 33.0, 33.0, 33.0, 33.0, 33.0, 33.0, 33.0, 33.0, 33.0, 33.0, 33.0, 33.0, 33.0, 33.0, 33.0, 33.0, 33.0, 33.0, 33.0, 33.0, 33.0, 33.0, 33.0, 33.0, 33.0, 33.0, 33.0, 33.0, 33.0, 33.0, 33.0, 33.0, 33.0, 33.0, 33.0, 33.0, 33.0, 33.0, 33.0, 33.0, 33.0, 33.0, 33.0, 33.0, 33.0, 33.0, 33.0, 33.0, 33.0, 33.0, 33.0, 33.0, 33.0, 33.0, 33.0, 33.0, 33.0, 33.0, 33.0, 33.0, 33.0, 33.0, 33.0, 33.0, 33.0, 33.0, 33.0, 33.0, 33.0, 33.0, 33.0, 33.0, 33.0, 33.0, 33.0, 33.0, 33.0, 33.0, 33.0, 33.0, 33.0, 33.0, 33.0, 33.0, 33.0, 33.0, 33.0, 33.0, 33.0, 33.0, 33.0, 33.0, 33.0, 33.0, 33.0, 33.0, 33.0, 33.0, 33.0, 33.0, 33.0, 33.0, 33.0, 33.0, 33.0, 33.0, 33.0, 33.0, 33.0, 33.0, 33.0, 33.0, 33.0, 33.0, 33.0, 33.0, 33.0, 33.0, 33.0, 33.0, 33.0, 33.0, 33.0, 33.0, 33.0, 33.0, 33.0, 33.0, 33.0, 33.0, 33.0, 33.0, 33.0, 33.0, 33.0, 33.0, 33.0, 33.0, 33.0, 33.0, 33.0, 33.0, 33.0, 33.0, 33.0, 33.0, 33.0, 33.0, 33.0, 33.0, 33.0, 33.0, 33.0, 33.0, 33.0, 33.0, 33.0, 33.0, 33.0, 33.0, 33.0, 33.0, 33.0, 33.0, 33.0, 33.0, 33.0, 33.0, 33.0, 33.0, 33.0, 33.0, 33.0, 33.0, 33.0, 33.0, 33.0, 33.0, 33.0, 33.0, 33.0, 33.0, 33.0, 33.0, 33.0, 33.0, 33.0, 33.0, 33.0, 33.0, 33.0, 33.0, 33.0, 33.0, 33.0, 33.0, 33.0, 33.0, 33.0, 33.0, 33.0, 33.0, 33.0, 33.0, 33.0, 33.0, 33.0, 33.0, 33.0]",COMPLETE
