,number,value,datetime_start,datetime_complete,duration,params_batch_size_scaler,params_constant_learning_rate,params_depth,params_epochs,params_kernel_l2,params_num_trees,params_temperature,user_attrs_accuracy_test,user_attrs_accuracy_valid,user_attrs_approximate_feature_sparsity,user_attrs_approximate_feature_sparsity_history,user_attrs_approximate_weight_sparsity,user_attrs_approximate_weight_sparsity_history,user_attrs_auc_test,user_attrs_auc_valid,user_attrs_feature_sparsity,user_attrs_feature_sparsity_history,user_attrs_num_epochs,user_attrs_val_loss_history,user_attrs_weight_sparsity,user_attrs_weight_sparsity_history,state
119,119,0.9343432391699192,2024-08-31 05:07:26.891283,2024-08-31 05:08:50.567115,0 days 00:01:23.675832,4,0.11353437342809294,3,490,0.0016391774163820446,8,0.0026758655806014787,0.934,0.93375,33,"[33, 33, 33, 33, 33, 33, 33, 33, 33, 33, 33, 33, 33, 33, 33, 33, 33, 33, 33, 33, 33, 33, 33, 33, 33, 33, 33, 33, 33, 33, 33, 33, 33, 33, 33, 33, 33, 33, 33, 33, 33, 33, 33, 33, 33, 33, 33, 33, 33, 33, 33, 33, 33, 33, 33, 33, 33, 33, 33, 33, 33, 33, 33, 33, 33, 33, 33, 33, 33, 33, 33, 33, 33, 33, 33, 33, 33, 33, 33, 33, 33, 33, 33, 33, 33, 33, 33, 33, 33, 33, 33, 33, 33, 33, 33, 33, 33, 33, 33, 33, 33, 33, 33, 33, 33, 33, 33, 33, 33, 33, 33, 33, 33, 33, 33, 33, 33, 33, 33, 33, 33, 33, 33, 33, 33, 33, 33, 33, 33, 33, 33, 33, 33, 33, 33, 33, 33, 33, 33, 33, 33, 33, 33, 33, 33, 33, 33, 33, 33, 33, 33, 33, 33, 33, 33, 33, 33, 33, 33, 33, 33, 33, 33, 33, 33, 33, 33, 33, 33, 33, 33, 33, 33, 33, 33, 33, 33, 33, 33, 33, 33, 33, 33, 33, 33, 33, 33, 33, 33, 33, 33, 33, 33, 33, 33, 33, 33, 33, 33, 33, 33, 33, 33, 33, 33, 33, 33, 33, 33, 33, 33, 33, 33, 33, 33, 33, 33, 33, 33, 33, 33, 33, 33, 33, 33, 33, 33, 33, 33, 33, 33, 33, 33, 33, 33, 33, 33, 33, 33, 33, 33, 33, 33, 33, 33, 33, 33, 33, 33, 33, 33, 33, 33, 33, 33, 33, 33, 33, 33, 33, 33, 33, 33, 33, 33, 33, 33, 33, 33, 33, 33, 33, 33, 33, 33, 33, 33, 33, 33, 33, 33, 33, 33, 33, 33, 33, 33, 33, 33, 33, 33, 33, 33, 33, 33, 33, 33, 33, 33, 33, 33, 33, 33, 33, 33, 33, 33, 33, 33, 33, 33, 33, 33, 33, 33, 33, 33, 33, 33, 33, 33, 33, 33, 33, 33, 33, 33, 33, 33, 33, 33, 33, 33, 33, 33, 33, 33, 33, 33, 33, 33, 33, 33, 33, 33, 33, 33, 33, 33, 33, 33, 33, 33, 33, 33, 33, 33, 33, 33, 33, 33, 33, 33, 33, 33, 33, 33, 33, 33, 33, 33, 33, 33, 33, 33, 33, 33, 33, 33, 33, 33, 33, 33, 33, 33, 33, 33, 33, 33, 33, 33, 33, 33, 33, 33, 33, 33, 33, 33, 33, 33, 33, 33, 33, 33, 33, 33, 33, 33, 33, 33, 33, 33, 33, 33, 33, 33, 33, 33, 33, 33, 33, 33, 33, 33, 33, 33, 33, 33, 33, 33, 33, 33, 33, 33, 33, 33, 33, 33, 33, 33, 33, 33, 33, 33, 33, 33, 33, 33, 33, 33, 33, 33, 33, 33, 33, 33, 33, 33, 33, 33, 33, 33, 33, 33, 33, 33, 33, 33, 33, 33, 33, 33, 33, 33, 33, 33, 33, 33, 33, 33, 33, 33, 33, 33, 33, 33, 33, 33, 33]",33.0,"[33.0, 33.0, 32.964285714285715, 32.98214285714286, 33.0, 32.98214285714286, 33.0, 32.964285714285715, 33.0, 33.0, 32.98214285714286, 33.0, 33.0, 32.98214285714286, 33.0, 32.98214285714286, 32.98214285714286, 33.0, 33.0, 32.98214285714286, 32.98214285714286, 33.0, 33.0, 32.964285714285715, 32.982142857142854, 32.964285714285715, 32.964285714285715, 32.98214285714286, 33.0, 32.964285714285715, 32.964285714285715, 32.964285714285715, 32.98214285714286, 32.98214285714286, 32.98214285714286, 32.98214285714286, 32.98214285714286, 33.0, 33.0, 32.98214285714286, 32.964285714285715, 33.0, 32.98214285714286, 32.98214285714286, 32.98214285714286, 32.982142857142854, 32.98214285714286, 32.964285714285715, 33.0, 33.0, 32.964285714285715, 32.94642857142857, 32.98214285714286, 32.98214285714286, 32.98214285714286, 32.98214285714286, 33.0, 32.98214285714286, 32.98214285714286, 32.98214285714286, 33.0, 33.0, 32.98214285714286, 32.98214285714286, 33.0, 33.0, 32.98214285714286, 32.98214285714286, 33.0, 33.0, 32.98214285714286, 33.0, 32.98214285714286, 32.98214285714286, 32.98214285714286, 32.98214285714286, 32.964285714285715, 33.0, 33.0, 33.0, 33.0, 33.0, 32.964285714285715, 33.0, 32.98214285714286, 33.0, 32.98214285714286, 33.0, 33.0, 33.0, 33.0, 32.982142857142854, 32.98214285714286, 33.0, 33.0, 32.964285714285715, 32.98214285714286, 33.0, 32.98214285714286, 33.0, 33.0, 32.98214285714286, 32.98214285714286, 33.0, 33.0, 33.0, 33.0, 33.0, 32.98214285714286, 33.0, 32.98214285714286, 33.0, 32.98214285714286, 32.98214285714286, 32.98214285714286, 33.0, 33.0, 32.98214285714286, 33.0, 33.0, 33.0, 33.0, 33.0, 32.98214285714286, 33.0, 32.98214285714286, 33.0, 32.98214285714286, 32.98214285714286, 33.0, 33.0, 33.0, 33.0, 32.98214285714286, 33.0, 33.0, 32.98214285714286, 33.0, 32.98214285714286, 32.94642857142857, 32.964285714285715, 32.98214285714286, 32.98214285714286, 32.98214285714286, 32.98214285714286, 32.964285714285715, 32.964285714285715, 32.98214285714286, 32.982142857142854, 33.0, 33.0, 32.98214285714286, 33.0, 33.0, 33.0, 33.0, 32.98214285714286, 33.0, 33.0, 33.0, 33.0, 33.0, 33.0, 32.98214285714286, 32.98214285714286, 32.964285714285715, 32.98214285714286, 33.0, 32.98214285714286, 32.94642857142857, 32.98214285714286, 33.0, 33.0, 33.0, 32.98214285714286, 32.98214285714286, 32.98214285714286, 33.0, 33.0, 32.98214285714286, 33.0, 33.0, 33.0, 32.98214285714286, 33.0, 33.0, 33.0, 32.964285714285715, 33.0, 33.0, 33.0, 33.0, 33.0, 32.98214285714286, 33.0, 33.0, 32.98214285714286, 33.0, 33.0, 32.98214285714286, 32.98214285714286, 32.94642857142857, 32.94642857142857, 32.98214285714286, 32.964285714285715, 32.964285714285715, 32.98214285714286, 32.98214285714286, 32.98214285714286, 32.98214285714286, 32.98214285714286, 32.964285714285715, 32.964285714285715, 32.98214285714286, 32.98214285714286, 32.94642857142857, 32.98214285714286, 32.964285714285715, 32.98214285714286, 32.98214285714286, 32.98214285714286, 32.98214285714286, 32.98214285714286, 32.98214285714286, 32.98214285714286, 32.98214285714286, 32.964285714285715, 32.98214285714286, 32.964285714285715, 32.964285714285715, 32.98214285714286, 32.964285714285715, 32.964285714285715, 32.98214285714286, 32.98214285714286, 32.98214285714286, 32.98214285714286, 32.98214285714286, 32.964285714285715, 32.98214285714286, 32.98214285714286, 32.964285714285715, 32.94642857142857, 32.964285714285715, 32.964285714285715, 32.98214285714286, 32.98214285714286, 32.98214285714286, 33.0, 33.0, 33.0, 32.98214285714286, 33.0, 33.0, 32.98214285714286, 33.0, 33.0, 32.98214285714286, 32.98214285714286, 32.98214285714286, 33.0, 33.0, 32.964285714285715, 32.98214285714286, 32.94642857142857, 32.98214285714286, 32.964285714285715, 33.0, 32.98214285714286, 33.0, 33.0, 33.0, 33.0, 33.0, 33.0, 32.98214285714286, 33.0, 33.0, 33.0, 32.964285714285715, 33.0, 32.98214285714286, 33.0, 33.0, 33.0, 33.0, 33.0, 33.0, 33.0, 33.0, 33.0, 33.0, 32.98214285714286, 32.98214285714286, 32.98214285714286, 32.964285714285715, 32.98214285714286, 33.0, 33.0, 33.0, 33.0, 33.0, 33.0, 32.98214285714286, 32.964285714285715, 32.98214285714286, 32.98214285714286, 32.98214285714286, 33.0, 32.98214285714286, 33.0, 32.98214285714286, 33.0, 33.0, 33.0, 33.0, 32.98214285714286, 33.0, 33.0, 33.0, 33.0, 32.98214285714286, 32.964285714285715, 32.98214285714286, 33.0, 33.0, 32.98214285714286, 33.0, 33.0, 33.0, 33.0, 33.0, 32.964285714285715, 33.0, 33.0, 33.0, 32.98214285714286, 32.98214285714286, 32.98214285714286, 32.98214285714286, 32.98214285714286, 33.0, 33.0, 33.0, 33.0, 33.0, 32.98214285714286, 32.98214285714286, 33.0, 33.0, 32.98214285714286, 33.0, 32.98214285714286, 32.98214285714286, 33.0, 33.0, 33.0, 33.0, 33.0, 33.0, 32.98214285714286, 32.98214285714286, 33.0, 33.0, 32.98214285714286, 33.0, 33.0, 33.0, 32.94642857142857, 32.98214285714286, 32.98214285714286, 33.0, 33.0, 32.964285714285715, 32.98214285714286, 32.98214285714286, 33.0, 33.0, 33.0, 33.0, 33.0, 32.98214285714286, 32.98214285714286, 32.98214285714286, 33.0, 33.0, 33.0, 33.0, 32.98214285714286, 33.0, 33.0, 33.0, 33.0, 33.0, 33.0, 32.98214285714286, 33.0, 33.0, 33.0, 33.0, 33.0, 33.0, 33.0, 33.0, 33.0, 32.98214285714286, 33.0, 32.98214285714286, 33.0, 33.0, 33.0, 33.0, 32.98214285714286, 33.0, 33.0, 33.0, 33.0, 33.0, 33.0, 33.0, 33.0, 33.0, 33.0, 33.0, 33.0, 33.0, 33.0, 33.0, 33.0, 33.0, 32.98214285714286, 33.0, 33.0, 32.98214285714286, 33.0, 33.0, 33.0, 32.98214285714286, 33.0, 33.0, 32.98214285714286, 33.0, 33.0, 33.0, 33.0, 33.0, 33.0, 33.0, 33.0, 33.0, 33.0, 33.0, 32.98214285714286, 32.98214285714286, 33.0, 33.0, 33.0, 32.964285714285715, 32.964285714285715, 33.0, 33.0, 33.0, 32.98214285714286, 33.0, 33.0, 33.0, 33.0, 33.0, 33.0, 32.98214285714286, 32.964285714285715, 32.98214285714286, 33.0, 32.98214285714286, 32.98214285714286, 32.98214285714286, 32.98214285714286, 33.0, 33.0, 33.0, 32.98214285714286, 33.0, 32.94642857142857, 32.964285714285715, 33.0, 33.0, 33.0, 33.0, 33.0, 33.0]",0.903491607427406,0.9343432391699192,33,"[33, 33, 33, 33, 33, 33, 33, 33, 33, 33, 33, 33, 33, 33, 33, 33, 33, 33, 33, 33, 33, 33, 33, 33, 33, 33, 33, 33, 33, 33, 33, 33, 33, 33, 33, 33, 33, 33, 33, 33, 33, 33, 33, 33, 33, 33, 33, 33, 33, 33, 33, 33, 33, 33, 33, 33, 33, 33, 33, 33, 33, 33, 33, 33, 33, 33, 33, 33, 33, 33, 33, 33, 33, 33, 33, 33, 33, 33, 33, 33, 33, 33, 33, 33, 33, 33, 33, 33, 33, 33, 33, 33, 33, 33, 33, 33, 33, 33, 33, 33, 33, 33, 33, 33, 33, 33, 33, 33, 33, 33, 33, 33, 33, 33, 33, 33, 33, 33, 33, 33, 33, 33, 33, 33, 33, 33, 33, 33, 33, 33, 33, 33, 33, 33, 33, 33, 33, 33, 33, 33, 33, 33, 33, 33, 33, 33, 33, 33, 33, 33, 33, 33, 33, 33, 33, 33, 33, 33, 33, 33, 33, 33, 33, 33, 33, 33, 33, 33, 33, 33, 33, 33, 33, 33, 33, 33, 33, 33, 33, 33, 33, 33, 33, 33, 33, 33, 33, 33, 33, 33, 33, 33, 33, 33, 33, 33, 33, 33, 33, 33, 33, 33, 33, 33, 33, 33, 33, 33, 33, 33, 33, 33, 33, 33, 33, 33, 33, 33, 33, 33, 33, 33, 33, 33, 33, 33, 33, 33, 33, 33, 33, 33, 33, 33, 33, 33, 33, 33, 33, 33, 33, 33, 33, 33, 33, 33, 33, 33, 33, 33, 33, 33, 33, 33, 33, 33, 33, 33, 33, 33, 33, 33, 33, 33, 33, 33, 33, 33, 33, 33, 33, 33, 33, 33, 33, 33, 33, 33, 33, 33, 33, 33, 33, 33, 33, 33, 33, 33, 33, 33, 33, 33, 33, 33, 33, 33, 33, 33, 33, 33, 33, 33, 33, 33, 33, 33, 33, 33, 33, 33, 33, 33, 33, 33, 33, 33, 33, 33, 33, 33, 33, 33, 33, 33, 33, 33, 33, 33, 33, 33, 33, 33, 33, 33, 33, 33, 33, 33, 33, 33, 33, 33, 33, 33, 33, 33, 33, 33, 33, 33, 33, 33, 33, 33, 33, 33, 33, 33, 33, 33, 33, 33, 33, 33, 33, 33, 33, 33, 33, 33, 33, 33, 33, 33, 33, 33, 33, 33, 33, 33, 33, 33, 33, 33, 33, 33, 33, 33, 33, 33, 33, 33, 33, 33, 33, 33, 33, 33, 33, 33, 33, 33, 33, 33, 33, 33, 33, 33, 33, 33, 33, 33, 33, 33, 33, 33, 33, 33, 33, 33, 33, 33, 33, 33, 33, 33, 33, 33, 33, 33, 33, 33, 33, 33, 33, 33, 33, 33, 33, 33, 33, 33, 33, 33, 33, 33, 33, 33, 33, 33, 33, 33, 33, 33, 33, 33, 33, 33, 33, 33, 33, 33, 33, 33, 33, 33, 33, 33, 33, 33, 33, 33, 33, 33, 33, 33, 33, 33, 33, 33, 33, 33, 33, 33, 33, 33, 33, 33, 33, 33]",490,"[0.3869704008102417, 0.3739985227584839, 0.36683720350265503, 0.3613712787628174, 0.35676804184913635, 0.35163843631744385, 0.3470679223537445, 0.3423972427845001, 0.33729416131973267, 0.33208099007606506, 0.3267112970352173, 0.3211324214935303, 0.3155156970024109, 0.3097529709339142, 0.30427733063697815, 0.298786997795105, 0.293458491563797, 0.288570761680603, 0.28359436988830566, 0.2795182764530182, 0.2757346034049988, 0.27223238348960876, 0.26862847805023193, 0.2653781771659851, 0.2628452777862549, 0.2594109773635864, 0.25716477632522583, 0.2540128231048584, 0.2521511912345886, 0.2497466653585434, 0.24727556109428406, 0.24459795653820038, 0.24309058487415314, 0.2410500943660736, 0.23950326442718506, 0.23733548820018768, 0.2355869859457016, 0.23348075151443481, 0.23185206949710846, 0.2305658757686615, 0.22950145602226257, 0.2278396636247635, 0.22674430906772614, 0.22576551139354706, 0.2239440381526947, 0.22375960648059845, 0.22261732816696167, 0.22058206796646118, 0.22007781267166138, 0.21795104444026947, 0.21770046651363373, 0.21662139892578125, 0.21623755991458893, 0.2151612639427185, 0.21407997608184814, 0.21303947269916534, 0.2120729684829712, 0.2120499461889267, 0.21127842366695404, 0.2100156843662262, 0.20918698608875275, 0.20910508930683136, 0.207760751247406, 0.20804357528686523, 0.20752844214439392, 0.20601101219654083, 0.20668242871761322, 0.20430690050125122, 0.20503437519073486, 0.20348671078681946, 0.20332218706607819, 0.20224839448928833, 0.20124174654483795, 0.2010631114244461, 0.20063310861587524, 0.20001165568828583, 0.20127075910568237, 0.1995660960674286, 0.1992148905992508, 0.1986948549747467, 0.19832782447338104, 0.19714230298995972, 0.19812950491905212, 0.19633693993091583, 0.1967422068119049, 0.1959044486284256, 0.1962060034275055, 0.19460317492485046, 0.195157989859581, 0.19591502845287323, 0.1940348595380783, 0.1936514526605606, 0.19203537702560425, 0.19214387238025665, 0.19240926206111908, 0.19157785177230835, 0.19164840877056122, 0.19086503982543945, 0.19059966504573822, 0.19145932793617249, 0.18981300294399261, 0.18943791091442108, 0.18901647627353668, 0.18940569460391998, 0.18794254958629608, 0.187807098031044, 0.18709106743335724, 0.1879258006811142, 0.18731360137462616, 0.18672212958335876, 0.18694059550762177, 0.18642787635326385, 0.1859811544418335, 0.1876390278339386, 0.18639986217021942, 0.18672308325767517, 0.18520857393741608, 0.1851324886083603, 0.18443229794502258, 0.18439744412899017, 0.18353919684886932, 0.18403297662734985, 0.18536704778671265, 0.18402251601219177, 0.1828870326280594, 0.18426649272441864, 0.18260744214057922, 0.1828588992357254, 0.18244169652462006, 0.18325810134410858, 0.18139003217220306, 0.1815527379512787, 0.180292546749115, 0.18178203701972961, 0.1809937059879303, 0.18012280762195587, 0.18081635236740112, 0.18074382841587067, 0.17964762449264526, 0.17990431189537048, 0.17944426834583282, 0.18092750012874603, 0.17996598780155182, 0.17971225082874298, 0.1788538098335266, 0.17834417521953583, 0.17780959606170654, 0.17886555194854736, 0.1795339435338974, 0.17825104296207428, 0.17822660505771637, 0.1785838007926941, 0.17818135023117065, 0.17993488907814026, 0.17771078646183014, 0.17718389630317688, 0.1773800104856491, 0.17797306180000305, 0.17788279056549072, 0.17943677306175232, 0.17763081192970276, 0.17754334211349487, 0.17730815708637238, 0.17719130218029022, 0.17895521223545074, 0.17810679972171783, 0.17821502685546875, 0.17829416692256927, 0.17842260003089905, 0.17790590226650238, 0.17654365301132202, 0.1774553507566452, 0.17674507200717926, 0.1778535693883896, 0.17688977718353271, 0.17690223455429077, 0.17739945650100708, 0.17753666639328003, 0.17777156829833984, 0.17623136937618256, 0.17626149952411652, 0.17732641100883484, 0.17736797034740448, 0.17744645476341248, 0.1766725480556488, 0.1759738326072693, 0.17677785456180573, 0.17725223302841187, 0.1760650873184204, 0.17839758098125458, 0.17743483185768127, 0.17656652629375458, 0.17643943428993225, 0.17719335854053497, 0.17780111730098724, 0.17633315920829773, 0.17765037715435028, 0.17597831785678864, 0.1773313581943512, 0.17746436595916748, 0.17593029141426086, 0.1759912371635437, 0.17706650495529175, 0.175999715924263, 0.17767667770385742, 0.17642104625701904, 0.17553068697452545, 0.17621903121471405, 0.17607884109020233, 0.17652300000190735, 0.17556491494178772, 0.17636168003082275, 0.176937997341156, 0.1766701340675354, 0.17686215043067932, 0.1765129417181015, 0.17662137746810913, 0.17695434391498566, 0.17689335346221924, 0.1761903017759323, 0.1772473156452179, 0.17641332745552063, 0.1763463020324707, 0.17717134952545166, 0.17945198714733124, 0.17644205689430237, 0.17798367142677307, 0.1760462373495102, 0.17709140479564667, 0.17638354003429413, 0.17647625505924225, 0.1763106882572174, 0.175934299826622, 0.17760950326919556, 0.17744065821170807, 0.17743656039237976, 0.1762579083442688, 0.17829445004463196, 0.17826595902442932, 0.177019864320755, 0.1772206872701645, 0.17738711833953857, 0.17733921110630035, 0.17931292951107025, 0.17730093002319336, 0.17894744873046875, 0.1753593385219574, 0.17757225036621094, 0.17618092894554138, 0.17982587218284607, 0.17769934237003326, 0.1787484735250473, 0.17685215175151825, 0.17642608284950256, 0.17642457783222198, 0.17943407595157623, 0.17777293920516968, 0.179628387093544, 0.17812876403331757, 0.17846351861953735, 0.1793648898601532, 0.1775064617395401, 0.17872042953968048, 0.1795051544904709, 0.1781809777021408, 0.17950120568275452, 0.17908026278018951, 0.17879453301429749, 0.1806846559047699, 0.1798441857099533, 0.17889957129955292, 0.1780245155096054, 0.179080531001091, 0.1793595850467682, 0.17926174402236938, 0.17808324098587036, 0.17956660687923431, 0.17841796576976776, 0.17925171554088593, 0.17928437888622284, 0.18036551773548126, 0.1798841655254364, 0.17924749851226807, 0.17938093841075897, 0.18039707839488983, 0.18202504515647888, 0.1796252578496933, 0.1802784949541092, 0.17926125228405, 0.18086567521095276, 0.1815362125635147, 0.18184342980384827, 0.18065772950649261, 0.17961663007736206, 0.17924590408802032, 0.18096645176410675, 0.1813960075378418, 0.18028900027275085, 0.1809707134962082, 0.18162181973457336, 0.18007700145244598, 0.18045097589492798, 0.18090569972991943, 0.18185672163963318, 0.18349529802799225, 0.1823418289422989, 0.18179097771644592, 0.1823101043701172, 0.18489603698253632, 0.18338225781917572, 0.18209098279476166, 0.18316058814525604, 0.18410156667232513, 0.18315540254116058, 0.1839008331298828, 0.1829010546207428, 0.18125011026859283, 0.18322664499282837, 0.1845414936542511, 0.1832251101732254, 0.18427687883377075, 0.18431580066680908, 0.1840522736310959, 0.18453523516654968, 0.1851421743631363, 0.1853603571653366, 0.18610021471977234, 0.18487097322940826, 0.18487399816513062, 0.183061420917511, 0.1839907318353653, 0.18533706665039062, 0.18566235899925232, 0.18652324378490448, 0.1856641173362732, 0.1866164356470108, 0.18698810040950775, 0.1877523809671402, 0.18719686567783356, 0.18726244568824768, 0.1860940307378769, 0.18633125722408295, 0.1874910295009613, 0.1874396651983261, 0.18575258553028107, 0.1886669397354126, 0.18751682341098785, 0.1897493153810501, 0.1883108764886856, 0.1886424869298935, 0.18903625011444092, 0.18805347383022308, 0.18815460801124573, 0.18875011801719666, 0.18834446370601654, 0.18783846497535706, 0.19003254175186157, 0.18959841132164001, 0.19049367308616638, 0.19063512980937958, 0.18935327231884003, 0.19052207469940186, 0.19075658917427063, 0.19083885848522186, 0.18948079645633698, 0.1891287863254547, 0.18999888002872467, 0.19032886624336243, 0.18978962302207947, 0.19159811735153198, 0.19132202863693237, 0.1912178248167038, 0.19280903041362762, 0.19220739603042603, 0.19116879999637604, 0.19214662909507751, 0.19388990104198456, 0.19344651699066162, 0.19145217537879944, 0.1942877620458603, 0.19635023176670074, 0.19314035773277283, 0.19407019019126892, 0.19522880017757416, 0.19313596189022064, 0.19307014346122742, 0.19356748461723328, 0.19478721916675568, 0.19424375891685486, 0.1957680732011795, 0.1962769627571106, 0.19522817432880402, 0.19564151763916016, 0.19550997018814087, 0.19532780349254608, 0.19608110189437866, 0.1963403820991516, 0.19663764536380768, 0.1967432200908661, 0.1959502398967743, 0.1968201845884323, 0.19727686047554016, 0.1978541910648346, 0.1975630223751068, 0.19815824925899506, 0.19584858417510986, 0.19661930203437805, 0.19900070130825043, 0.1993051916360855, 0.200871080160141, 0.19865483045578003, 0.19777683913707733, 0.19946806132793427, 0.19852474331855774, 0.19804155826568604, 0.20210035145282745, 0.20010417699813843, 0.20164284110069275, 0.20026573538780212, 0.2009318321943283, 0.2005019187927246, 0.2007431834936142, 0.20156313478946686, 0.2034572809934616, 0.2015647292137146, 0.2016173005104065, 0.20250512659549713, 0.20169401168823242, 0.20332875847816467, 0.2034253478050232, 0.20467935502529144, 0.20210762321949005, 0.2035946100950241, 0.20422221720218658, 0.2046593278646469, 0.2053411304950714, 0.2038613259792328, 0.20584332942962646, 0.2037949115037918, 0.20491670072078705, 0.20581454038619995, 0.2048325091600418, 0.2060587853193283, 0.2042401134967804, 0.20526792109012604, 0.20501106977462769, 0.2061544954776764, 0.20689861476421356, 0.2076147049665451, 0.2074020504951477, 0.20593596994876862, 0.20627589523792267, 0.2079472541809082, 0.2076600193977356, 0.20724372565746307, 0.20888292789459229, 0.2080523669719696, 0.20874588191509247, 0.2078782021999359, 0.2101392298936844, 0.20864418148994446, 0.21049922704696655, 0.20988503098487854, 0.20954358577728271, 0.20933449268341064, 0.21056526899337769, 0.21046903729438782, 0.2096860706806183, 0.21039283275604248, 0.21163849532604218, 0.21154941618442535, 0.21149061620235443, 0.2122301161289215, 0.21298769116401672, 0.21346506476402283, 0.21150068938732147, 0.21260392665863037, 0.21273571252822876, 0.21327167749404907, 0.21243403851985931, 0.211067795753479, 0.21271111071109772, 0.21315991878509521, 0.21175754070281982, 0.21476325392723083, 0.2153635174036026, 0.21470457315444946, 0.2154172956943512, 0.21524205803871155, 0.21553105115890503]",33.0,"[33.0, 33.0, 33.0, 33.0, 33.0, 33.0, 33.0, 33.0, 33.0, 33.0, 33.0, 33.0, 33.0, 33.0, 33.0, 33.0, 33.0, 33.0, 33.0, 33.0, 33.0, 33.0, 33.0, 33.0, 33.0, 33.0, 33.0, 33.0, 33.0, 33.0, 33.0, 33.0, 33.0, 33.0, 33.0, 33.0, 33.0, 33.0, 33.0, 33.0, 33.0, 33.0, 33.0, 33.0, 33.0, 33.0, 33.0, 33.0, 33.0, 33.0, 33.0, 33.0, 33.0, 33.0, 33.0, 33.0, 33.0, 33.0, 33.0, 33.0, 33.0, 33.0, 33.0, 33.0, 33.0, 33.0, 33.0, 33.0, 33.0, 33.0, 33.0, 33.0, 33.0, 33.0, 33.0, 33.0, 33.0, 33.0, 33.0, 33.0, 33.0, 33.0, 33.0, 33.0, 33.0, 33.0, 33.0, 33.0, 33.0, 33.0, 33.0, 33.0, 33.0, 33.0, 33.0, 33.0, 33.0, 33.0, 33.0, 33.0, 33.0, 33.0, 33.0, 33.0, 33.0, 33.0, 33.0, 33.0, 33.0, 33.0, 33.0, 33.0, 33.0, 33.0, 33.0, 33.0, 33.0, 33.0, 33.0, 33.0, 33.0, 33.0, 33.0, 33.0, 33.0, 33.0, 33.0, 33.0, 33.0, 33.0, 33.0, 33.0, 33.0, 33.0, 33.0, 33.0, 33.0, 33.0, 33.0, 33.0, 33.0, 33.0, 33.0, 33.0, 33.0, 33.0, 33.0, 33.0, 33.0, 33.0, 33.0, 33.0, 33.0, 33.0, 33.0, 33.0, 33.0, 33.0, 33.0, 33.0, 33.0, 33.0, 33.0, 33.0, 33.0, 33.0, 33.0, 33.0, 33.0, 33.0, 33.0, 33.0, 33.0, 33.0, 33.0, 33.0, 33.0, 33.0, 33.0, 33.0, 33.0, 33.0, 33.0, 33.0, 33.0, 33.0, 33.0,