,number,value,datetime_start,datetime_complete,duration,params_batch_size_scaler,params_constant_learning_rate,params_depth,params_epochs,params_kernel_l2,params_num_trees,params_temperature,user_attrs_accuracy_test,user_attrs_accuracy_valid,user_attrs_approximate_feature_sparsity,user_attrs_approximate_feature_sparsity_history,user_attrs_approximate_weight_sparsity,user_attrs_approximate_weight_sparsity_history,user_attrs_auc_test,user_attrs_auc_valid,user_attrs_feature_sparsity,user_attrs_feature_sparsity_history,user_attrs_num_epochs,user_attrs_val_loss_history,user_attrs_weight_sparsity,user_attrs_weight_sparsity_history,state
139,139,0.8931612371346499,2024-08-31 06:34:19.599283,2024-08-31 06:34:42.993159,0 days 00:00:23.393876,64,0.22126864332634216,1,255,0.0019216282795074837,74,0.003079034797721631,0.876,0.88875,27,"[33, 33, 33, 33, 33, 33, 33, 33, 33, 33, 33, 33, 33, 33, 33, 33, 33, 33, 33, 33, 33, 33, 33, 33, 33, 33, 33, 33, 33, 33, 33, 33, 33, 33, 33, 33, 33, 33, 33, 33, 33, 33, 33, 33, 33, 33, 33, 33, 33, 33, 33, 33, 33, 33, 33, 33, 33, 33, 33, 33, 33, 33, 33, 33, 33, 33, 33, 33, 33, 33, 33, 33, 33, 33, 33, 33, 33, 33, 33, 33, 33, 33, 33, 33, 33, 33, 33, 33, 33, 33, 33, 33, 33, 33, 33, 33, 33, 33, 33, 33, 33, 33, 33, 33, 33, 33, 33, 33, 33, 33, 33, 33, 33, 33, 33, 33, 33, 33, 33, 33, 33, 32, 32, 32, 32, 32, 32, 32, 32, 32, 32, 32, 32, 32, 32, 32, 32, 32, 32, 32, 32, 32, 32, 32, 32, 32, 32, 32, 31, 31, 31, 31, 31, 31, 31, 31, 31, 31, 31, 30, 30, 30, 30, 30, 30, 30, 30, 30, 30, 30, 30, 30, 30, 30, 30, 30, 30, 30, 30, 29, 29, 29, 29, 29, 29, 29, 29, 29, 29, 29, 29, 29, 29, 29, 29, 29, 29, 29, 29, 29, 29, 29, 29, 29, 29, 29, 29, 29, 29, 29, 29, 29, 29, 29, 29, 29, 29, 29, 29, 29, 29, 29, 29, 28, 27, 27, 27, 27, 27, 27, 27, 27, 27, 27, 27, 27, 27, 27, 27, 27, 27, 27, 27, 27, 27, 27, 27, 27, 27, 27, 27, 27, 27, 27, 27]",26.972972972972972,"[32.986486486486484, 32.97297297297297, 32.95945945945946, 32.986486486486484, 32.95945945945946, 32.97297297297297, 32.986486486486484, 32.95945945945946, 32.986486486486484, 32.97297297297297, 32.932432432432435, 32.945945945945944, 32.945945945945944, 32.95945945945946, 32.986486486486484, 32.95945945945946, 32.986486486486484, 32.986486486486484, 32.97297297297297, 32.97297297297297, 32.95945945945946, 32.97297297297297, 32.986486486486484, 32.986486486486484, 32.97297297297297, 32.95945945945946, 32.986486486486484, 32.97297297297297, 32.986486486486484, 32.97297297297297, 32.97297297297297, 32.97297297297297, 32.986486486486484, 32.986486486486484, 32.986486486486484, 32.986486486486484, 32.986486486486484, 32.986486486486484, 32.97297297297297, 32.986486486486484, 32.986486486486484, 32.986486486486484, 32.986486486486484, 32.97297297297297, 32.95945945945946, 32.97297297297297, 32.986486486486484, 32.95945945945946, 32.986486486486484, 32.95945945945946, 32.97297297297297, 32.986486486486484, 32.97297297297297, 32.986486486486484, 32.986486486486484, 32.986486486486484, 32.97297297297297, 32.986486486486484, 32.97297297297297, 32.97297297297297, 32.986486486486484, 32.97297297297297, 32.986486486486484, 32.986486486486484, 32.97297297297297, 32.986486486486484, 32.986486486486484, 32.97297297297297, 32.945945945945944, 32.986486486486484, 32.97297297297297, 32.986486486486484, 32.986486486486484, 32.986486486486484, 32.97297297297297, 32.97297297297297, 32.986486486486484, 32.986486486486484, 32.95945945945946, 32.95945945945946, 32.97297297297297, 32.97297297297297, 32.986486486486484, 32.986486486486484, 32.97297297297297, 32.97297297297297, 32.986486486486484, 32.986486486486484, 32.986486486486484, 32.986486486486484, 32.986486486486484, 32.97297297297297, 32.97297297297297, 32.986486486486484, 32.986486486486484, 32.97297297297297, 32.97297297297297, 32.97297297297297, 32.986486486486484, 32.986486486486484, 32.97297297297297, 32.97297297297297, 32.932432432432435, 32.986486486486484, 32.986486486486484, 32.986486486486484, 32.986486486486484, 32.97297297297297, 32.986486486486484, 32.986486486486484, 32.97297297297297, 32.97297297297297, 32.95945945945946, 32.945945945945944, 32.97297297297297, 32.95945945945946, 32.95945945945946, 32.95945945945946, 32.95945945945946, 32.986486486486484, 32.95945945945946, 31.986486486486484, 31.986486486486484, 31.986486486486484, 31.972972972972972, 31.972972972972972, 31.972972972972972, 31.972972972972972, 31.945945945945944, 31.972972972972972, 31.95945945945946, 31.972972972972972, 31.986486486486484, 31.986486486486484, 31.986486486486484, 31.986486486486484, 31.986486486486484, 31.972972972972972, 31.945945945945944, 31.945945945945944, 31.945945945945944, 31.986486486486484, 31.95945945945946, 31.972972972972972, 31.95945945945946, 31.972972972972972, 31.972972972972972, 31.986486486486484, 30.986486486486484, 30.986486486486484, 30.972972972972972, 30.945945945945944, 30.986486486486484, 30.986486486486484, 30.986486486486484, 30.972972972972972, 30.986486486486484, 30.972972972972972, 30.986486486486484, 29.986486486486484, 29.972972972972972, 29.972972972972972, 29.945945945945944, 29.972972972972972, 29.972972972972972, 29.95945945945946, 29.986486486486484, 29.986486486486484, 29.986486486486484, 29.986486486486484, 30.0, 29.986486486486484, 30.0, 30.0, 30.0, 30.0, 30.0, 30.0, 29.986486486486484, 29.0, 29.0, 28.986486486486484, 28.945945945945944, 29.0, 28.986486486486484, 28.972972972972972, 29.0, 29.0, 28.972972972972972, 29.0, 28.986486486486484, 28.972972972972972, 29.0, 28.986486486486484, 29.0, 29.0, 28.986486486486484, 28.986486486486484, 28.986486486486484, 29.0, 28.972972972972972, 28.972972972972972, 29.0, 29.0, 29.0, 28.986486486486484, 28.986486486486484, 28.986486486486484, 28.986486486486484, 29.0, 29.0, 28.986486486486484, 29.0, 29.0, 29.0, 29.0, 28.986486486486484, 29.0, 29.0, 29.0, 29.0, 29.0, 29.0, 27.986486486486484, 27.0, 27.0, 27.0, 27.0, 26.986486486486484, 27.0, 27.0, 27.0, 27.0, 27.0, 26.986486486486484, 26.986486486486484, 27.0, 26.986486486486484, 27.0, 26.986486486486484, 27.0, 26.986486486486484, 26.986486486486484, 26.986486486486484, 26.986486486486484, 26.986486486486484, 26.986486486486484, 26.986486486486484, 27.0, 27.0, 27.0, 27.0, 27.0, 27.0, 26.972972972972972]",0.8816122986484366,0.8931612371346499,27,"[33, 33, 33, 33, 33, 33, 33, 33, 33, 33, 33, 33, 33, 33, 33, 33, 33, 33, 33, 33, 33, 33, 33, 33, 33, 33, 33, 33, 33, 33, 33, 33, 33, 33, 33, 33, 33, 33, 33, 33, 33, 33, 33, 33, 33, 33, 33, 33, 33, 33, 33, 33, 33, 33, 33, 33, 33, 33, 33, 33, 33, 33, 33, 33, 33, 33, 33, 33, 33, 33, 33, 33, 33, 33, 33, 33, 33, 33, 33, 33, 33, 33, 33, 33, 33, 33, 33, 33, 33, 33, 33, 33, 33, 33, 33, 33, 33, 33, 33, 33, 33, 33, 33, 33, 33, 33, 33, 33, 33, 33, 33, 33, 33, 33, 33, 33, 33, 33, 33, 33, 33, 32, 32, 32, 32, 32, 32, 32, 32, 32, 32, 32, 32, 32, 32, 32, 32, 32, 32, 32, 32, 32, 32, 32, 32, 32, 32, 32, 31, 31, 31, 31, 31, 31, 31, 31, 31, 31, 31, 30, 30, 30, 30, 30, 30, 30, 30, 30, 30, 30, 30, 30, 30, 30, 30, 30, 30, 30, 30, 29, 29, 29, 29, 29, 29, 29, 29, 29, 29, 29, 29, 29, 29, 29, 29, 29, 29, 29, 29, 29, 29, 29, 29, 29, 29, 29, 29, 29, 29, 29, 29, 29, 29, 29, 29, 29, 29, 29, 29, 29, 29, 29, 29, 28, 27, 27, 27, 27, 27, 27, 27, 27, 27, 27, 27, 27, 27, 27, 27, 27, 27, 27, 27, 27, 27, 27, 27, 27, 27, 27, 27, 27, 27, 27, 27]",255,"[0.4332934319972992, 0.41170504689216614, 0.4017478823661804, 0.3951175808906555, 0.4139176607131958, 0.4158942401409149, 0.4275015890598297, 0.4152156412601471, 0.4093291461467743, 0.4077487885951996, 0.39217621088027954, 0.3774256110191345, 0.3867640793323517, 0.42954200506210327, 0.3738757073879242, 0.390241801738739, 0.37035346031188965, 0.38809290528297424, 0.37522366642951965, 0.4420420825481415, 0.37923556566238403, 0.3639364242553711, 0.3759172558784485, 0.365695595741272, 0.3663277328014374, 0.36096087098121643, 0.35993656516075134, 0.3706105947494507, 0.3594069182872772, 0.36287498474121094, 0.35611000657081604, 0.3543594479560852, 0.35632815957069397, 0.35717087984085083, 0.35693204402923584, 0.3525930643081665, 0.3518255352973938, 0.3513449728488922, 0.35112419724464417, 0.363067090511322, 0.3832974135875702, 0.35171273350715637, 0.3686312735080719, 0.3556239604949951, 0.3487609922885895, 0.36438918113708496, 0.3602524995803833, 0.3441697955131531, 0.3436146676540375, 0.34429875016212463, 0.34431618452072144, 0.3439103364944458, 0.409042090177536, 0.38260892033576965, 0.34211480617523193, 0.3545292913913727, 0.3393592834472656, 0.3388098478317261, 0.36570367217063904, 0.36367180943489075, 0.38394278287887573, 0.3535280227661133, 0.33631932735443115, 0.3428230583667755, 0.3758252263069153, 0.34332215785980225, 0.3335195779800415, 0.3445872962474823, 0.4271737337112427, 0.33997872471809387, 0.332078754901886, 0.33859217166900635, 0.3291843831539154, 0.329286128282547, 0.3590984642505646, 0.37911099195480347, 0.32826951146125793, 0.35087576508522034, 0.32854872941970825, 0.3406839072704315, 0.3363798260688782, 0.32527846097946167, 0.33397549390792847, 0.32886695861816406, 0.32895365357398987, 0.324971467256546, 0.3247729241847992, 0.33060431480407715, 0.3303353190422058, 0.33749276399612427, 0.32440185546875, 0.33147555589675903, 0.3265382647514343, 0.35558268427848816, 0.3236469626426697, 0.3240164816379547, 0.3327966034412384, 0.3606741428375244, 0.346428781747818, 0.32489681243896484, 0.32199713587760925, 0.3210422396659851, 0.32119032740592957, 0.3933866620063782, 0.32428351044654846, 0.38126492500305176, 0.32905104756355286, 0.33186084032058716, 0.34481582045555115, 0.3257019519805908, 0.33497750759124756, 0.3281097710132599, 0.3332512378692627, 0.34159886837005615, 0.32712024450302124, 0.31689074635505676, 0.31734126806259155, 0.3159821927547455, 0.33647552132606506, 0.3148477375507355, 0.3217979669570923, 0.3144523501396179, 0.31426650285720825, 0.3138238489627838, 0.3147629201412201, 0.3147037923336029, 0.31505611538887024, 0.3177594542503357, 0.3130952715873718, 0.31694868206977844, 0.3233076333999634, 0.31405916810035706, 0.3189263343811035, 0.32549622654914856, 0.3168871998786926, 0.3189293146133423, 0.31367748975753784, 0.31602925062179565, 0.31419262290000916, 0.33256423473358154, 0.31391510367393494, 0.31227484345436096, 0.31410542130470276, 0.3771974444389343, 0.31226351857185364, 0.3144000172615051, 0.3158339858055115, 0.3362760841846466, 0.3152214288711548, 0.31052276492118835, 0.3255424499511719, 0.311688631772995, 0.33326736092567444, 0.34387141466140747, 0.3118753135204315, 0.3104294240474701, 0.31200164556503296, 0.311188668012619, 0.32563552260398865, 0.3123626410961151, 0.3093072772026062, 0.36886924505233765, 0.3124312162399292, 0.31287717819213867, 0.3091098666191101, 0.31072214245796204, 0.314672589302063, 0.30954375863075256, 0.3066452145576477, 0.30554887652397156, 0.30634811520576477, 0.30763277411460876, 0.30877500772476196, 0.3093511462211609, 0.30536484718322754, 0.30837398767471313, 0.30643099546432495, 0.30132248997688293, 0.302180677652359, 0.3018778860569, 0.30597078800201416, 0.3065330982208252, 0.3008998930454254, 0.325732946395874, 0.31674960255622864, 0.31294745206832886, 0.30078649520874023, 0.3199099600315094, 0.30380669236183167, 0.31730496883392334, 0.3164989948272705, 0.2976548373699188, 0.3161645233631134, 0.3019851744174957, 0.3021163046360016, 0.29697149991989136, 0.3048893213272095, 0.29795321822166443, 0.3092226982116699, 0.29336366057395935, 0.29557004570961, 0.29322803020477295, 0.3039466440677643, 0.2932511270046234, 0.2924984395503998, 0.3140087127685547, 0.29255154728889465, 0.29417139291763306, 0.2933434844017029, 0.29093754291534424, 0.3171704113483429, 0.2930834889411926, 0.28962260484695435, 0.2901086211204529, 0.2889265716075897, 0.28511810302734375, 0.2868025600910187, 0.2850547730922699, 0.32158759236335754, 0.28729161620140076, 0.2842272222042084, 0.2848512530326843, 0.28118863701820374, 0.28071674704551697, 0.2782732844352722, 0.27772125601768494, 0.2774430215358734, 0.2768222689628601, 0.2764308452606201, 0.27866169810295105, 0.2900817096233368, 0.2836820185184479, 0.29576098918914795, 0.28099629282951355, 0.285623699426651, 0.28593987226486206, 0.27867385745048523, 0.27487385272979736, 0.27056971192359924, 0.30416160821914673, 0.27784037590026855, 0.279023140668869, 0.27497026324272156, 0.28597748279571533, 0.2729523479938507, 0.28276771306991577, 0.2664877474308014, 0.2685365080833435, 0.274383008480072, 0.27685052156448364, 0.2637924551963806, 0.2648143470287323, 0.26898083090782166, 0.2621516287326813, 0.26576417684555054]",27.0,"[33.0, 33.0, 33.0, 33.0, 33.0, 33.0, 33.0, 33.0, 33.0, 33.0, 33.0, 33.0, 33.0, 33.0, 33.0, 33.0, 33.0, 33.0, 33.0, 33.0, 33.0, 33.0, 33.0, 33.0, 33.0, 33.0, 33.0, 33.0, 33.0, 33.0, 33.0, 33.0, 33.0, 33.0, 33.0, 33.0, 33.0, 33.0, 33.0, 33.0, 33.0, 33.0, 33.0, 33.0, 33.0, 33.0, 33.0, 33.0, 33.0, 33.0, 33.0, 33.0, 33.0, 33.0, 33.0, 33.0, 33.0, 33.0, 33.0, 33.0, 33.0, 33.0, 33.0, 33.0, 33.0, 33.0, 33.0, 33.0, 33.0, 33.0, 33.0, 33.0, 33.0, 33.0, 33.0, 33.0, 33.0, 33.0, 33.0, 33.0, 33.0, 33.0, 33.0, 33.0, 33.0, 33.0, 33.0, 33.0, 33.0, 33.0, 33.0, 33.0, 33.0, 33.0, 33.0, 33.0, 33.0, 33.0, 33.0, 33.0, 33.0, 33.0, 33.0, 33.0, 33.0, 33.0, 33.0, 33.0, 33.0, 33.0, 33.0, 33.0, 33.0, 33.0, 33.0, 33.0, 33.0, 33.0, 33.0, 33.0, 33.0, 32.0, 32.0, 32.0, 32.0, 32.0, 32.0, 32.0, 32.0, 32.0, 32.0, 32.0, 32.0, 32.0, 32.0, 32.0, 32.0, 32.0, 32.0, 32.0, 32.0, 32.0, 32.0, 32.0, 32.0, 32.0, 32.0, 32.0, 31.0, 31.0, 31.0, 31.0, 31.0, 31.0, 31.0, 31.0, 31.0, 31.0, 31.0, 30.0, 30.0, 30.0, 30.0, 30.0, 30.0, 30.0, 30.0, 30.0, 30.0, 30.0, 30.0, 30.0, 30.0, 30.0, 30.0, 30.0, 30.0, 30.0, 30.0, 29.0, 29.0, 29.0, 29.0, 29.0, 29.0, 29.0, 29.0, 29.0, 29.0, 29.0, 29.0, 29.0, 29.0, 29.0, 29.0, 29.0, 29.0, 29.0, 29.0, 29.0, 29.0, 29.0, 29.0, 29.0, 29.0, 29.0, 29.0, 29.0, 29.0, 29.0, 29.0, 29.0, 29.0, 29.0, 29.0, 29.0, 29.0, 29.0, 29.0, 29.0, 29.0, 29.0, 29.0, 28.0, 27.0, 27.0, 27.0, 27.0, 27.0, 27.0, 27.0, 27.0, 27.0, 27.0, 27.0, 27.0, 27.0, 27.0, 27.0, 27.0, 27.0, 27.0, 27.0, 27.0, 27.0, 27.0, 27.0, 27.0, 27.0, 27.0, 27.0, 27.0, 27.0, 27.0, 27.0]",COMPLETE
