,number,value,datetime_start,datetime_complete,duration,params_batch_size_scaler,params_constant_learning_rate,params_depth,params_epochs,params_kernel_l2,params_num_trees,params_temperature,user_attrs_accuracy_test,user_attrs_accuracy_valid,user_attrs_approximate_feature_sparsity,user_attrs_approximate_feature_sparsity_history,user_attrs_approximate_weight_sparsity,user_attrs_approximate_weight_sparsity_history,user_attrs_auc_test,user_attrs_auc_valid,user_attrs_feature_sparsity,user_attrs_feature_sparsity_history,user_attrs_num_epochs,user_attrs_val_loss_history,user_attrs_weight_sparsity,user_attrs_weight_sparsity_history,state
141,141,0.6741057051950896,2024-08-31 06:35:25.916887,2024-08-31 06:35:36.494583,0 days 00:00:10.577696,64,0.14991605686885914,1,100,0.634825979347884,15,0.00012931751247813203,0.859,0.85875,4,"[33, 33, 33, 33, 33, 33, 33, 33, 33, 33, 33, 33, 33, 33, 33, 33, 33, 33, 33, 33, 33, 33, 33, 33, 33, 33, 33, 33, 33, 33, 33, 32, 30, 26, 23, 19, 18, 15, 12, 10, 8, 8, 7, 6, 6, 6, 6, 6, 6, 5, 5, 5, 5, 5, 5, 5, 5, 5, 5, 5, 5, 5, 5, 5, 5, 5, 5, 5, 5, 5, 5, 5, 5, 5, 5, 4, 4, 4, 4, 4, 4, 4, 4, 4, 4, 4, 4, 4, 4, 4, 4, 4, 4, 4, 4, 4, 4, 4, 4, 4]",4.0,"[33.0, 33.0, 33.0, 33.0, 33.0, 33.0, 32.93333333333334, 33.0, 33.0, 33.0, 33.0, 33.0, 32.93333333333334, 33.0, 33.0, 33.0, 33.0, 33.0, 33.0, 33.0, 33.0, 32.93333333333334, 33.0, 33.0, 33.0, 32.93333333333334, 32.93333333333334, 32.93333333333334, 32.93333333333334, 33.0, 32.93333333333334, 31.933333333333334, 29.933333333333334, 26.0, 23.0, 18.933333333333334, 18.0, 14.933333333333334, 11.933333333333334, 9.866666666666667, 7.933333333333334, 7.933333333333334, 7.0, 6.0, 6.0, 5.933333333333334, 6.0, 6.0, 6.0, 5.0, 5.0, 5.0, 5.0, 5.0, 5.0, 5.0, 5.0, 4.933333333333334, 5.0, 4.933333333333334, 5.0, 5.0, 5.0, 4.933333333333334, 4.933333333333334, 4.933333333333334, 4.933333333333334, 5.0, 5.0, 5.0, 5.0, 5.0, 5.0, 5.0, 5.0, 4.0, 4.0, 4.0, 4.0, 4.0, 4.0, 4.0, 4.0, 4.0, 4.0, 4.0, 4.0, 4.0, 4.0, 4.0, 4.0, 4.0, 4.0, 4.0, 4.0, 4.0, 4.0, 4.0, 4.0, 4.0]",0.7201182308308358,0.6741057051950896,4,"[33, 33, 33, 33, 33, 33, 33, 33, 33, 33, 33, 33, 33, 33, 33, 33, 33, 33, 33, 33, 33, 33, 33, 33, 33, 33, 33, 33, 33, 33, 33, 32, 30, 26, 23, 19, 18, 15, 12, 10, 8, 8, 7, 6, 6, 6, 6, 6, 6, 5, 5, 5, 5, 5, 5, 5, 5, 5, 5, 5, 5, 5, 5, 5, 5, 5, 5, 5, 5, 5, 5, 5, 5, 5, 5, 4, 4, 4, 4, 4, 4, 4, 4, 4, 4, 4, 4, 4, 4, 4, 4, 4, 4, 4, 4, 4, 4, 4, 4, 4]",100,"[1.195695400238037, 1.1125481128692627, 1.0407617092132568, 0.9762662649154663, 0.9185690879821777, 0.866014301776886, 0.8185875415802002, 0.7760837078094482, 0.7378822565078735, 0.7033809423446655, 0.6725085973739624, 0.6454412937164307, 0.6195617318153381, 0.5970728993415833, 0.5765438675880432, 0.5578193664550781, 0.5418979525566101, 0.5267735719680786, 0.5132141709327698, 0.5009928941726685, 0.4901145100593567, 0.48097294569015503, 0.4715035557746887, 0.4637838304042816, 0.4570803940296173, 0.4500505328178406, 0.4439815878868103, 0.4383940100669861, 0.433517724275589, 0.43086421489715576, 0.4249829947948456, 0.4207218587398529, 0.416657418012619, 0.41147956252098083, 0.4072352647781372, 0.4036656320095062, 0.40167129039764404, 0.3998209238052368, 0.3988068401813507, 0.39580708742141724, 0.39407211542129517, 0.39376935362815857, 0.3963370621204376, 0.39460426568984985, 0.39476731419563293, 0.3942408263683319, 0.3943028151988983, 0.39408770203590393, 0.3936000168323517, 0.39233553409576416, 0.39278316497802734, 0.39254310727119446, 0.39241477847099304, 0.39228129386901855, 0.3935370147228241, 0.3925963342189789, 0.3917049467563629, 0.391608327627182, 0.39152318239212036, 0.39162981510162354, 0.3917407691478729, 0.391204833984375, 0.3911798596382141, 0.3911643326282501, 0.3912498354911804, 0.3910386264324188, 0.39091622829437256, 0.39084920287132263, 0.3906553387641907, 0.39047667384147644, 0.39063167572021484, 0.3906596899032593, 0.3903489410877228, 0.3902631402015686, 0.39030933380126953, 0.3902629613876343, 0.39038440585136414, 0.39013126492500305, 0.3901611566543579, 0.39040887355804443, 0.3916241526603699, 0.39297404885292053, 0.39020606875419617, 0.3903520107269287, 0.39024463295936584, 0.39011088013648987, 0.3897708058357239, 0.39138126373291016, 0.3902829885482788, 0.38990092277526855, 0.38983750343322754, 0.3900555670261383, 0.3897763788700104, 0.3896651864051819, 0.3893917500972748, 0.38949334621429443, 0.3906297981739044, 0.3893750011920929, 0.38939419388771057, 0.38929271697998047]",4.0,"[33.0, 33.0, 33.0, 33.0, 33.0, 33.0, 33.0, 33.0, 33.0, 33.0, 33.0, 33.0, 33.0, 33.0, 33.0, 33.0, 33.0, 33.0, 33.0, 33.0, 33.0, 33.0, 33.0, 33.0, 33.0, 33.0, 33.0, 33.0, 33.0, 33.0, 33.0, 32.0, 30.0, 26.0, 23.0, 19.0, 18.0, 15.0, 12.0, 10.0, 8.0, 8.0, 7.0, 6.0, 6.0, 6.0, 6.0, 6.0, 6.0, 5.0, 5.0, 5.0, 5.0, 5.0, 5.0, 5.0, 5.0, 5.0, 5.0, 5.0, 5.0, 5.0, 5.0, 5.0, 5.0, 5.0, 5.0, 5.0, 5.0, 5.0, 5.0, 5.0, 5.0, 5.0, 5.0, 4.0, 4.0, 4.0, 4.0, 4.0, 4.0, 4.0, 4.0, 4.0, 4.0, 4.0, 4.0, 4.0, 4.0, 4.0, 4.0, 4.0, 4.0, 4.0, 4.0, 4.0, 4.0, 4.0, 4.0, 4.0]",COMPLETE
142,142,0.781453285414332,2024-08-31 06:35:40.441795,2024-08-31 06:35:55.614643,0 days 00:00:15.172848,64,0.6087958300611883,4,40,0.004690430416938159,7,0.005115568478939086,0.886,0.8775,7,"[33, 33, 33, 33, 33, 33, 33, 33, 33, 33, 33, 33, 33, 33, 33, 33, 33, 33, 33, 31, 30, 30, 28, 24, 22, 21, 19, 17, 15, 9, 8, 7, 7, 7, 7, 7, 7, 7, 7, 7]",7.0,"[32.99047619047619, 32.99047619047619, 33.0, 32.971428571428575, 32.971428571428575, 33.0, 32.99047619047619, 32.971428571428575, 32.99047619047619, 33.0, 33.0, 32.99047619047619, 33.0, 32.99047619047619, 32.98095238095238, 33.0, 32.98095238095238, 32.99047619047619, 32.971428571428575, 30.99047619047619, 29.97142857142857, 29.98095238095238, 27.98095238095238, 24.0, 21.98095238095238, 20.98095238095238, 18.99047619047619, 17.0, 15.0, 9.0, 8.0, 6.9904761904761905, 7.0, 7.0, 7.0, 6.9904761904761905, 7.0, 7.0, 7.0, 7.0]",0.815016636531015,0.781453285414332,7,"[33, 33, 33, 33, 33, 33, 33, 33, 33, 33, 33, 33, 33, 33, 33, 33, 33, 33, 33, 31, 30, 30, 28, 24, 22, 21, 19, 17, 15, 9, 8, 7, 7, 7, 7, 7, 7, 7, 7, 7]",40,"[0.48486992716789246, 0.41066908836364746, 0.39338237047195435, 0.38369637727737427, 0.37724170088768005, 0.3719123899936676, 0.36859387159347534, 0.36531776189804077, 0.36322733759880066, 0.3606298565864563, 0.3582819104194641, 0.35699737071990967, 0.3541316092014313, 0.35181358456611633, 0.34996724128723145, 0.3486168384552002, 0.3472459018230438, 0.34546834230422974, 0.3431541919708252, 0.3419097065925598, 0.3395410180091858, 0.33827531337738037, 0.33726513385772705, 0.33611050248146057, 0.3350822329521179, 0.33171623945236206, 0.3321699798107147, 0.3351079523563385, 0.3297044634819031, 0.3360583186149597, 0.33929458260536194, 0.33684834837913513, 0.33503687381744385, 0.3335040211677551, 0.33191144466400146, 0.33052748441696167, 0.3290376663208008, 0.32802727818489075, 0.32647648453712463, 0.32530608773231506]",7.0,"[33.0, 33.0, 33.0, 33.0, 33.0, 33.0, 33.0, 33.0, 33.0, 33.0, 33.0, 33.0, 33.0, 33.0, 33.0, 33.0, 33.0, 33.0, 33.0, 31.0, 30.0, 30.0, 28.0, 24.0, 22.0, 21.0, 19.0, 17.0, 15.0, 9.0, 8.0, 7.0, 7.0, 7.0, 7.0, 7.0, 7.0, 7.0, 7.0, 7.0]",COMPLETE
143,143,0.9481521557109918,2024-08-31 06:35:59.379247,2024-08-31 06:37:08.313630,0 days 00:01:08.934383,16,8.129615618028556,6,100,0.0037838945547738266,28,0.00037097181820246704,0.958,0.96625,19,"[33, 33, 33, 33, 33, 33, 33, 33, 25, 23, 23, 22, 21, 21, 21, 21, 21, 20, 20, 20, 20, 20, 20, 20, 20, 20, 20, 20, 20, 20, 20, 20, 20, 20, 20, 20, 20, 20, 20, 20, 20, 20, 20, 19, 19, 19, 19, 19, 19, 19, 19, 19, 19, 19, 19, 19, 19, 19, 19, 19, 19, 19, 19, 19, 19, 19, 19, 19, 19, 19, 19, 19, 19, 19, 19, 19, 19, 19, 19, 19, 19, 19, 19, 19, 19, 19, 19, 19, 19, 19, 19, 19, 19, 19, 19, 19, 19, 19, 19, 19]",18.97278911564626,"[32.94897959183674, 32.945578231292515, 32.94557823129252, 32.935374149659864, 32.93480725623583, 32.95068027210884, 32.93424036281179, 32.94614512471656, 24.96371882086168, 22.967120181405896, 22.964285714285715, 21.961451247165535, 20.96485260770975, 20.967687074829932, 20.967120181405896, 20.967687074829932, 20.967687074829932, 19.96825396825397, 19.969954648526077, 19.97448979591837, 19.970521541950113, 19.970521541950113, 19.97108843537415, 19.971655328798185, 19.972789115646258, 19.97392290249433, 19.975056689342406, 19.96825396825397, 19.96655328798186, 19.967120181405896, 19.962018140589567, 19.96485260770975, 19.96201814058957, 19.964285714285715, 19.965986394557824, 19.967687074829932, 19.972789115646258, 19.970521541950117, 19.972789115646258, 19.970521541950113, 19.971655328798185, 19.969954648526077, 19.973356009070294, 18.980725623582767, 18.97732426303855, 18.978458049886623, 18.978458049886623, 18.976190476190478, 18.976757369614514, 18.97222222222222, 18.975056689342406, 18.97392290249433, 18.977891156462587, 18.975056689342406, 18.978458049886623, 18.978458049886623, 18.96825396825397, 18.97732426303855, 18.97165532879819, 18.975623582766442, 18.975056689342406, 18.976190476190474, 18.96825396825397, 18.981292517006803, 18.973356009070294, 18.97562358276644, 18.971655328798185, 18.96938775510204, 18.97108843537415, 18.97278911564626, 18.971655328798185, 18.976757369614514, 18.96938775510204, 18.967120181405896, 18.971088435374153, 18.96371882086168, 18.967687074829932, 18.964285714285715, 18.970521541950117, 18.968820861678005, 18.97278911564626, 18.968820861678005, 18.96938775510204, 18.962585034013607, 18.967120181405896, 18.96825396825397, 18.964285714285715, 18.971655328798185, 18.96371882086168, 18.96655328798186, 18.969954648526077, 18.976190476190478, 18.97392290249433, 18.969954648526077, 18.967120181405896, 18.968820861678005, 18.967120181405896, 18.967687074829932, 18.96825396825397, 18.97278911564626]",0.9291936029854935,0.9481521557109918,19,"[33, 33, 33, 33, 33, 33, 33, 33, 25, 23, 23, 22, 21, 21, 21, 21, 21, 20, 20, 20, 20, 20, 20, 20, 20, 20, 20, 20, 20, 20, 20, 20, 20, 20, 20, 20, 20, 20, 20, 20, 20, 20, 20, 19, 19, 19, 19, 19, 19, 19, 19, 19, 19, 19, 19, 19, 19, 19, 19, 19, 19, 19, 19, 19, 19, 19, 19, 19, 19, 19, 19, 19, 19, 19, 19, 19, 19, 19, 19, 19, 19, 19, 19, 19, 19, 19, 19, 19, 19, 19, 19, 19, 19, 19, 19, 19, 19, 19, 19, 19]",100,"[0.37417587637901306, 0.3404330909252167, 0.3212374150753021, 0.29280489683151245, 0.27326804399490356, 0.2581683397293091, 0.24147498607635498, 0.23653702437877655, 0.22250516712665558, 0.21415425837039948, 0.24344900250434875, 0.19701392948627472, 0.19963708519935608, 0.19980041682720184, 0.19023847579956055, 0.1854264885187149, 0.17857810854911804, 0.1763628125190735, 0.17525692284107208, 0.19969211518764496, 0.19956184923648834, 0.16169825196266174, 0.17152434587478638, 0.1724863052368164, 0.18435731530189514, 0.16696220636367798, 0.17018529772758484, 0.15723001956939697, 0.16172677278518677, 0.1574546843767166, 0.15506255626678467, 0.17928296327590942, 0.16333281993865967, 0.1501038372516632, 0.1489907205104828, 0.14669936895370483, 0.15719647705554962, 0.15415768325328827, 0.14256680011749268, 0.1437796801328659, 0.1588786095380783, 0.14358030259609222, 0.15307241678237915, 0.1365015059709549, 0.1487317681312561, 0.1747848093509674, 0.14763621985912323, 0.14149095118045807, 0.13604354858398438, 0.15095391869544983, 0.1344355344772339, 0.13613015413284302, 0.15435084700584412, 0.12984801828861237, 0.14143231511116028, 0.13815206289291382, 0.13686108589172363, 0.13688348233699799, 0.13436657190322876, 0.1333700716495514, 0.13125264644622803, 0.13723163306713104, 0.13043616712093353, 0.13426287472248077, 0.1312549114227295, 0.14776721596717834, 0.143089160323143, 0.1335168331861496, 0.1352379322052002, 0.14527317881584167, 0.14114582538604736, 0.15693172812461853, 0.12541866302490234, 0.1256641000509262, 0.12406400591135025, 0.15296155214309692, 0.12927424907684326, 0.12609902024269104, 0.1320129632949829, 0.14556054770946503, 0.1588093340396881, 0.15768645703792572, 0.12754970788955688, 0.13244891166687012, 0.12734246253967285, 0.13000468909740448, 0.15167909860610962, 0.12489929050207138, 0.1237650141119957, 0.1328819990158081, 0.1274249404668808, 0.12964202463626862, 0.17628248035907745, 0.12704789638519287, 0.14499692618846893, 0.13303130865097046, 0.1715191900730133, 0.13732530176639557, 0.13114182651042938, 0.1342768371105194]",19.0,"[33.0, 33.0, 33.0, 33.0, 33.0, 33.0, 33.0, 33.0, 25.0, 23.0, 23.0, 22.0, 21.0, 21.0, 21.0, 21.0, 21.0, 20.0, 20.0, 20.0, 20.0, 20.0, 20.0, 20.0, 20.0, 20.0, 20.0, 20.0, 20.0, 20.0, 20.0, 20.0, 20.0, 20.0, 20.0, 20.0, 20.0, 20.0, 20.0, 20.0, 20.0, 20.0, 20.0, 19.0, 19.0, 19.0, 19.0, 19.0, 19.0, 19.0, 19.0, 19.0, 19.0, 19.0, 19.0, 19.0, 19.0, 19.0, 19.0, 19.0, 19.0, 19.0, 19.0, 19.0, 19.0, 19.0, 19.0, 19.0, 19.0, 19.0, 19.0, 19.0, 19.0, 19.0, 19.0, 19.0, 19.0, 19.0, 19.0, 19.0, 19.0, 19.0, 19.0, 19.0, 19.0, 19.0, 19.0, 19.0, 19.0, 19.0, 19.0, 19.0, 19.0, 19.0, 19.0, 19.0, 19.0, 19.0, 19.0, 19.0]",COMPLETE
