,number,value,datetime_start,datetime_complete,duration,params_batch_size_scaler,params_constant_learning_rate,params_depth,params_epochs,params_kernel_l2,params_num_trees,params_temperature,user_attrs_accuracy_test,user_attrs_accuracy_valid,user_attrs_approximate_feature_sparsity,user_attrs_approximate_feature_sparsity_history,user_attrs_approximate_weight_sparsity,user_attrs_approximate_weight_sparsity_history,user_attrs_auc_test,user_attrs_auc_valid,user_attrs_feature_sparsity,user_attrs_feature_sparsity_history,user_attrs_num_epochs,user_attrs_val_loss_history,user_attrs_weight_sparsity,user_attrs_weight_sparsity_history,state
121,121,0.5,2024-08-31 05:25:19.157183,2024-08-31 05:28:49.547406,0 days 00:03:30.390223,16,7.704199045604224,6,330,0.0028882475300845184,7,0.0016703691860980691,0.859,0.85875,0,"[33, 20, 8, 5, 4, 4, 3, 3, 3, 3, 3, 3, 3, 3, 3, 3, 3, 3, 3, 3, 3, 3, 3, 2, 2, 2, 2, 2, 2, 2, 2, 2, 2, 2, 2, 2, 2, 2, 2, 2, 2, 2, 2, 2, 2, 2, 2, 2, 2, 2, 2, 2, 2, 2, 2, 2, 2, 2, 2, 2, 2, 2, 2, 2, 2, 2, 2, 2, 2, 2, 2, 2, 2, 2, 2, 2, 2, 2, 2, 2, 2, 2, 2, 2, 2, 2, 2, 2, 2, 1, 1, 0, 0, 0, 0, 0, 0, 0, 0, 0, 0, 0, 0, 0, 0, 0, 0, 0, 0, 0, 0, 0, 0, 0, 0, 0, 0, 0, 0, 0, 0, 0, 0, 0, 0, 0, 0, 0, 0, 0, 0, 0, 0, 0, 0, 0, 0, 0, 0, 0, 0, 0, 0, 0, 0, 0, 0, 0, 0, 0, 0, 0, 0, 0, 0, 0, 0, 0, 0, 0, 0, 0, 0, 0, 0, 0, 0, 0, 0, 0, 0, 0, 0, 0, 0, 0, 0, 0, 0, 0, 0, 0, 0, 0, 0, 0, 0, 0, 0, 0, 0, 0, 0, 0, 0, 0, 0, 0, 0, 0, 0, 0, 0, 0, 0, 0, 0, 0, 0, 0, 0, 0, 0, 0, 0, 0, 0, 0, 0, 0, 0, 0, 0, 0, 0, 0, 0, 0, 0, 0, 0, 0, 0, 0, 0, 0, 0, 0, 0, 0, 0, 0, 0, 0, 0, 0, 0, 0, 0, 0, 0, 0, 0, 0, 0, 0, 0, 0, 0, 0, 0, 0, 0, 0, 0, 0, 0, 0, 0, 0, 0, 0, 0, 0, 0, 0, 0, 0, 0, 0, 0, 0, 0, 0, 0, 0, 0, 0, 0, 0, 0, 0, 0, 0, 0, 0, 0, 0, 0, 0, 0, 0, 0, 0, 0, 0, 0, 0, 0, 0, 0, 0, 0, 0, 0, 0, 0, 0, 0, 0, 0, 0, 0, 0, 0, 0, 0, 0, 0, 0]",0.0,"[32.98639455782313, 19.99546485260771, 7.99546485260771, 4.997732426303855, 3.997732426303855, 3.997732426303855, 2.99546485260771, 2.997732426303855, 3.0, 2.997732426303855, 2.99546485260771, 2.997732426303855, 3.0, 3.0, 2.99546485260771, 3.0, 3.0, 3.0, 3.0, 2.9931972789115644, 2.997732426303855, 3.0, 2.99546485260771, 2.0, 1.99546485260771, 1.9954648526077097, 1.9954648526077097, 2.0, 1.9931972789115646, 1.9954648526077097, 1.997732426303855, 1.997732426303855, 1.99546485260771, 1.997732426303855, 2.0, 2.0, 1.997732426303855, 1.997732426303855, 2.0, 2.0, 2.0, 1.997732426303855, 2.0, 2.0, 1.997732426303855, 1.997732426303855, 2.0, 1.997732426303855, 2.0, 2.0, 2.0, 1.99546485260771, 1.997732426303855, 2.0, 2.0, 1.9931972789115646, 2.0, 1.997732426303855, 2.0, 2.0, 2.0, 2.0, 2.0, 2.0, 2.0, 2.0, 2.0, 1.99546485260771, 1.997732426303855, 2.0, 1.997732426303855, 2.0, 1.997732426303855, 1.9954648526077097, 1.997732426303855, 1.997732426303855, 1.997732426303855, 1.9931972789115646, 1.9954648526077097, 2.0, 2.0, 1.997732426303855, 1.997732426303855, 1.997732426303855, 2.0, 2.0, 1.997732426303855, 2.0, 1.997732426303855, 0.9977324263038548, 1.0, 0.0, 0.0, 0.0, 0.0, 0.0, 0.0, 0.0, 0.0, 0.0, 0.0, 0.0, 0.0, 0.0, 0.0, 0.0, 0.0, 0.0, 0.0, 0.0, 0.0, 0.0, 0.0, 0.0, 0.0, 0.0, 0.0, 0.0, 0.0, 0.0, 0.0, 0.0, 0.0, 0.0, 0.0, 0.0, 0.0, 0.0, 0.0, 0.0, 0.0, 0.0, 0.0, 0.0, 0.0, 0.0, 0.0, 0.0, 0.0, 0.0, 0.0, 0.0, 0.0, 0.0, 0.0, 0.0, 0.0, 0.0, 0.0, 0.0, 0.0, 0.0, 0.0, 0.0, 0.0, 0.0, 0.0, 0.0, 0.0, 0.0, 0.0, 0.0, 0.0, 0.0, 0.0, 0.0, 0.0, 0.0, 0.0, 0.0, 0.0, 0.0, 0.0, 0.0, 0.0, 0.0, 0.0, 0.0, 0.0, 0.0, 0.0, 0.0, 0.0, 0.0, 0.0, 0.0, 0.0, 0.0, 0.0, 0.0, 0.0, 0.0, 0.0, 0.0, 0.0, 0.0, 0.0, 0.0, 0.0, 0.0, 0.0, 0.0, 0.0, 0.0, 0.0, 0.0, 0.0, 0.0, 0.0, 0.0, 0.0, 0.0, 0.0, 0.0, 0.0, 0.0, 0.0, 0.0, 0.0, 0.0, 0.0, 0.0, 0.0, 0.0, 0.0, 0.0, 0.0, 0.0, 0.0, 0.0, 0.0, 0.0, 0.0, 0.0, 0.0, 0.0, 0.0, 0.0, 0.0, 0.0, 0.0, 0.0, 0.0, 0.0, 0.0, 0.0, 0.0, 0.0, 0.0, 0.0, 0.0, 0.0, 0.0, 0.0, 0.0, 0.0, 0.0, 0.0, 0.0, 0.0, 0.0, 0.0, 0.0, 0.0, 0.0, 0.0, 0.0, 0.0, 0.0, 0.0, 0.0, 0.0, 0.0, 0.0, 0.0, 0.0, 0.0, 0.0, 0.0, 0.0, 0.0, 0.0, 0.0, 0.0, 0.0, 0.0, 0.0, 0.0, 0.0, 0.0, 0.0, 0.0, 0.0, 0.0, 0.0, 0.0, 0.0, 0.0, 0.0, 0.0, 0.0, 0.0, 0.0, 0.0, 0.0, 0.0, 0.0, 0.0, 0.0, 0.0, 0.0, 0.0, 0.0, 0.0, 0.0, 0.0, 0.0, 0.0, 0.0, 0.0, 0.0, 0.0, 0.0, 0.0, 0.0, 0.0, 0.0, 0.0, 0.0, 0.0]",0.5,0.5,0,"[33, 20, 8, 5, 4, 4, 3, 3, 3, 3, 3, 3, 3, 3, 3, 3, 3, 3, 3, 3, 3, 3, 3, 2, 2, 2, 2, 2, 2, 2, 2, 2, 2, 2, 2, 2, 2, 2, 2, 2, 2, 2, 2, 2, 2, 2, 2, 2, 2, 2, 2, 2, 2, 2, 2, 2, 2, 2, 2, 2, 2, 2, 2, 2, 2, 2, 2, 2, 2, 2, 2, 2, 2, 2, 2, 2, 2, 2, 2, 2, 2, 2, 2, 2, 2, 2, 2, 2, 2, 1, 1, 0, 0, 0, 0, 0, 0, 0, 0, 0, 0, 0, 0, 0, 0, 0, 0, 0, 0, 0, 0, 0, 0, 0, 0, 0, 0, 0, 0, 0, 0, 0, 0, 0, 0, 0, 0, 0, 0, 0, 0, 0, 0, 0, 0, 0, 0, 0, 0, 0, 0, 0, 0, 0, 0, 0, 0, 0, 0, 0, 0, 0, 0, 0, 0, 0, 0, 0, 0, 0, 0, 0, 0, 0, 0, 0, 0, 0, 0, 0, 0, 0, 0, 0, 0, 0, 0, 0, 0, 0, 0, 0, 0, 0, 0, 0, 0, 0, 0, 0, 0, 0, 0, 0, 0, 0, 0, 0, 0, 0, 0, 0, 0, 0, 0, 0, 0, 0, 0, 0, 0, 0, 0, 0, 0, 0, 0, 0, 0, 0, 0, 0, 0, 0, 0, 0, 0, 0, 0, 0, 0, 0, 0, 0, 0, 0, 0, 0, 0, 0, 0, 0, 0, 0, 0, 0, 0, 0, 0, 0, 0, 0, 0, 0, 0, 0, 0, 0, 0, 0, 0, 0, 0, 0, 0, 0, 0, 0, 0, 0, 0, 0, 0, 0, 0, 0, 0, 0, 0, 0, 0, 0, 0, 0, 0, 0, 0, 0, 0, 0, 0, 0, 0, 0, 0, 0, 0, 0, 0, 0, 0, 0, 0, 0, 0, 0, 0, 0, 0, 0, 0, 0, 0, 0, 0, 0, 0, 0, 0, 0, 0, 0, 0, 0, 0, 0, 0, 0, 0, 0]",330,"[0.3468412458896637, 0.30601298809051514, 0.296655535697937, 0.3076971173286438, 0.3292567729949951, 0.3177523612976074, 0.3189234137535095, 0.31023675203323364, 0.307039737701416, 0.3054298162460327, 0.3044147491455078, 0.30449095368385315, 0.30000677704811096, 0.2995058000087738, 0.2973657548427582, 0.29635918140411377, 0.2959500849246979, 0.296319842338562, 0.29483383893966675, 0.29886797070503235, 0.29504746198654175, 0.2937808930873871, 0.29243117570877075, 0.36901599168777466, 0.3220016062259674, 0.32149016857147217, 0.3192853033542633, 0.31940358877182007, 0.3207968473434448, 0.31963759660720825, 0.31852293014526367, 0.31756851077079773, 0.3220372498035431, 0.31921929121017456, 0.32192227244377136, 0.3187713325023651, 0.3182019889354706, 0.3169161379337311, 0.3190828263759613, 0.31708237528800964, 0.32019877433776855, 0.31749552488327026, 0.31916892528533936, 0.3182607591152191, 0.31935837864875793, 0.3172803819179535, 0.323327898979187, 0.31794002652168274, 0.3183828592300415, 0.317658394575119, 0.31794682145118713, 0.3172309994697571, 0.31892356276512146, 0.31619757413864136, 0.32352977991104126, 0.31715407967567444, 0.31765174865722656, 0.3185858428478241, 0.31730177998542786, 0.31939446926116943, 0.3176652193069458, 0.3166862428188324, 0.31660622358322144, 0.3181942403316498, 0.3174612522125244, 0.31870517134666443, 0.31726354360580444, 0.3185615539550781, 0.3203725516796112, 0.31946438550949097, 0.31930577754974365, 0.31935420632362366, 0.3222653865814209, 0.31817933917045593, 0.31675463914871216, 0.31879791617393494, 0.31605178117752075, 0.31782636046409607, 0.31740763783454895, 0.31716758012771606, 0.3171740770339966, 0.31721270084381104, 0.3189261555671692, 0.32021376490592957, 0.3212934136390686, 0.3193597197532654, 0.31684258580207825, 0.31752970814704895, 0.3199668228626251, 0.4073554575443268, 0.3913957476615906, 0.40723320841789246, 0.40750929713249207, 0.40724459290504456, 0.4097234308719635, 0.40795743465423584, 0.41013866662979126, 0.4072604775428772, 0.4077407419681549, 0.40730082988739014, 0.4077514708042145, 0.40937814116477966, 0.4082728326320648, 0.40792351961135864, 0.4074040949344635, 0.40743690729141235, 0.4121585488319397, 0.40886855125427246, 0.4072280526161194, 0.4091777801513672, 0.4072595536708832, 0.40789994597435, 0.4074432849884033, 0.4072658121585846, 0.4074866473674774, 0.40823519229888916, 0.40770232677459717, 0.40737423300743103, 0.40739360451698303, 0.40852004289627075, 0.40762168169021606, 0.4083749055862427, 0.40802332758903503, 0.40767455101013184, 0.4084137976169586, 0.40724465250968933, 0.4072517156600952, 0.40732887387275696, 0.4076722264289856, 0.40723690390586853, 0.40890011191368103, 0.4073205888271332, 0.4086054563522339, 0.40770038962364197, 0.41098636388778687, 0.4092641770839691, 0.4075782895088196, 0.4072416424751282, 0.4083542227745056, 0.40783822536468506, 0.40722668170928955, 0.40814074873924255, 0.40769413113594055, 0.4072326421737671, 0.40723609924316406, 0.4085281491279602, 0.4079153835773468, 0.4098789095878601, 0.4072403609752655, 0.40774962306022644, 0.4072686433792114, 0.4127621054649353, 0.4085531234741211, 0.40965285897254944, 0.4072265326976776, 0.4072279632091522, 0.4075065851211548, 0.40723133087158203, 0.40744930505752563, 0.4072822630405426, 0.4091755747795105, 0.4090670049190521, 0.4073604941368103, 0.4072263836860657, 0.40821364521980286, 0.40742814540863037, 0.4084222912788391, 0.40722620487213135, 0.4082948565483093, 0.40722620487213135, 0.4074457287788391, 0.4072651267051697, 0.40725648403167725, 0.4073948264122009, 0.4073280990123749, 0.40782806277275085, 0.40754401683807373, 0.409399151802063, 0.40811222791671753, 0.40757155418395996, 0.40839821100234985, 0.40723809599876404, 0.40768489241600037, 0.40791499614715576, 0.4092007875442505, 0.40732231736183167, 0.40742945671081543, 0.40802112221717834, 0.4072631597518921, 0.4081965386867523, 0.40865543484687805, 0.4080377221107483, 0.40729793906211853, 0.40723714232444763, 0.4074530005455017, 0.40778324007987976, 0.40861594676971436, 0.4078674614429474, 0.4087488651275635, 0.40740785002708435, 0.4072304964065552, 0.40736234188079834, 0.41293972730636597, 0.40795862674713135, 0.41284018754959106, 0.4076926112174988, 0.40950900316238403, 0.40803229808807373, 0.4073251783847809, 0.4074971377849579, 0.40765896439552307, 0.40943291783332825, 0.4075833261013031, 0.4075738191604614, 0.4086730182170868, 0.4077553153038025, 0.4095487892627716, 0.40723109245300293, 0.4072262942790985, 0.40846019983291626, 0.40728995203971863, 0.4074075222015381, 0.4072936773300171, 0.41292819380760193, 0.40722915530204773, 0.40829330682754517, 0.40730372071266174, 0.407517671585083, 0.4074798822402954, 0.4073783755302429, 0.40732619166374207, 0.40833717584609985, 0.4075019061565399, 0.40863341093063354, 0.40824806690216064, 0.40767902135849, 0.40722811222076416, 0.40734627842903137, 0.40728187561035156, 0.40763694047927856, 0.40722790360450745, 0.40741798281669617, 0.40754687786102295, 0.4077191650867462, 0.40772366523742676, 0.4073847532272339, 0.40724605321884155, 0.40736350417137146, 0.4076749086380005, 0.4074290990829468, 0.407469779253006, 0.4081735610961914, 0.4072331488132477, 0.40758368372917175, 0.4072321355342865, 0.4072644114494324, 0.4072474539279938, 0.4087992012500763, 0.4072345793247223, 0.40743836760520935, 0.4074021279811859, 0.40729689598083496, 0.4072263240814209, 0.40736544132232666, 0.4080861210823059, 0.40966570377349854, 0.40722987055778503, 0.40767353773117065, 0.40739983320236206, 0.4073273837566376, 0.40734314918518066, 0.4074525535106659, 0.40741100907325745, 0.40740856528282166, 0.4077717065811157, 0.4081888496875763, 0.40729156136512756, 0.40807807445526123, 0.40765267610549927, 0.40751492977142334, 0.407406210899353, 0.4074532389640808, 0.407893568277359, 0.40865662693977356, 0.4075464904308319, 0.4072343707084656, 0.4072841703891754, 0.407526433467865, 0.40798935294151306, 0.40758129954338074, 0.4073757529258728, 0.40767303109169006, 0.4073178768157959, 0.40730035305023193, 0.4072791635990143, 0.4072650074958801, 0.40740177035331726, 0.4073560833930969, 0.4072338938713074, 0.40741243958473206, 0.40880802273750305, 0.4081321954727173, 0.40723320841789246, 0.4083898961544037, 0.4072321951389313, 0.4074241518974304, 0.4072442948818207, 0.4072772264480591, 0.4072701334953308, 0.4074286222457886, 0.40742623805999756, 0.4072733223438263, 0.4076465666294098, 0.4072493612766266, 0.4074013829231262, 0.4072549045085907, 0.4074341654777527, 0.4073137044906616, 0.4072747826576233, 0.40723079442977905, 0.4073357880115509, 0.4090344309806824, 0.4072623550891876, 0.407362163066864, 0.408710241317749, 0.4083619713783264, 0.40725985169410706, 0.4075903296470642, 0.4082416892051697, 0.4072263240814209]",0.0,"[33.0, 20.0, 8.0, 5.0, 4.0, 4.0, 3.0, 3.0, 3.0, 3.0, 3.0, 3.0, 3.0, 3.0, 3.0, 3.0, 3.0, 3.0, 3.0, 3.0, 3.0, 3.0, 3.0, 2.0, 2.0, 2.0, 2.0, 2.0, 2.0, 2.0, 2.0, 2.0, 2.0, 2.0, 2.0, 2.0, 2.0, 2.0, 2.0, 2.0, 2.0, 2.0, 2.0, 2.0, 2.0, 2.0, 2.0, 2.0, 2.0, 2.0, 2.0, 2.0, 2.0, 2.0, 2.0, 2.0, 2.0, 2.0, 2.0, 2.0, 2.0, 2.0, 2.0, 2.0, 2.0, 2.0, 2.0, 2.0, 2.0, 2.0, 2.0, 2.0, 2.0, 2.0, 2.0, 2.0, 2.0, 2.0, 2.0, 2.0, 2.0, 2.0, 2.0, 2.0, 2.0, 2.0, 2.0, 2.0, 2.0, 1.0, 1.0, 0.0, 0.0, 0.0, 0.0, 0.0, 0.0, 0.0, 0.0, 0.0, 0.0, 0.0, 0.0, 0.0, 0.0, 0.0, 0.0, 0.0, 0.0, 0.0, 0.0, 0.0, 0.0, 0.0, 0.0, 0.0, 0.0, 0.0, 0.0, 0.0, 0.0, 0.0, 0.0, 0.0, 0.0, 0.0, 0.0, 0.0, 0.0, 0.0, 0.0, 0.0, 0.0, 0.0, 0.0, 0.0, 0.0, 0.0, 0.0, 0.0, 0.0, 0.0, 0.0, 0.0, 0.0, 0.0, 0.0, 0.0, 0.0, 0.0, 0.0, 0.0, 0.0, 0.0, 0.0, 0.0, 0.0, 0.0, 0.0, 0.0, 0.0, 0.0, 0.0, 0.0, 0.0, 0.0, 0.0, 0.0, 0.0, 0.0, 0.0, 0.0, 0.0, 0.0, 0.0, 0.0, 0.0, 0.0, 0.0, 0.0, 0.0, 0.0, 0.0, 0.0, 0.0, 0.0, 0.0, 0.0, 0.0, 0.0, 0.0, 0.0, 0.0, 0.0, 0.0, 0.0, 0.0, 0.0, 0.0, 0.0, 0.0, 0.0, 0.0, 0.0, 0.0, 0.0, 0.0, 0.0, 0.0, 0.0, 0.0, 0.0, 0.0, 0.0, 0.0, 0.0, 0.0, 0.0, 0.0, 0.0, 0.0, 0.0, 0.0, 0.0, 0.0, 0.0, 0.0, 0.0, 0.0, 0.0, 0.0, 0.0, 0.0, 0.0, 0.0, 0.0, 0.0, 0.0, 0.0, 0.0, 0.0, 0.0, 0.0, 0.0, 0.0, 0.0, 0.0, 0.0, 0.0, 0.0, 0.0, 0.0, 0.0, 0.0, 0.0, 0.0, 0.0, 0.0, 0.0, 0.0, 0.0, 0.0, 0.0, 0.0, 0.0, 0.0, 0.0, 0.0, 0.0, 0.0, 0.0, 0.0, 0.0, 0.0, 0.0, 0.0, 0.0, 0.0, 0.0, 0.0, 0.0, 0.0, 0.0, 0.0, 0.0, 0.0, 0.0, 0.0, 0.0, 0.0, 0.0, 0.0, 0.0, 0.0, 0.0, 0.0, 0.0, 0.0, 0.0, 0.0, 0.0, 0.0, 0.0, 0.0, 0.0, 0.0, 0.0, 0.0, 0.0, 0.0, 0.0, 0.0, 0.0, 0.0, 0.0, 0.0, 0.0, 0.0, 0.0, 0.0, 0.0, 0.0, 0.0, 0.0, 0.0, 0.0, 0.0, 0.0, 0.0, 0.0]",COMPLETE
122,122,0.9231041723023019,2024-08-31 05:28:53.040604,2024-08-31 05:29:08.844852,0 days 00:00:15.804248,4,1.3367163796466188,2,80,0.0011899351121729949,77,0.0001736430066976716,0.929,0.93875,32,"[33, 33, 33, 33, 33, 33, 33, 33, 33, 33, 33, 33, 33, 33, 33, 33, 33, 33, 33, 33, 33, 33, 33, 33, 33, 33, 32, 32, 32, 32, 32, 32, 32, 32, 32, 32, 32, 32, 32, 32, 32, 32, 32, 32, 32, 32, 32, 32, 32, 32, 32, 32, 32, 32, 32, 32, 32, 32, 32, 32, 32, 32, 32, 32, 32, 32, 32, 32, 32, 32, 32, 32, 32, 32, 32, 32, 32, 32, 32, 32]",31.98701298701299,"[32.96969696969697, 32.99134199134199, 32.97402597402598, 32.96969696969697, 32.99567099567099, 32.98701298701299, 32.97835497835498, 32.98701298701299, 32.98701298701299, 32.95670995670996, 32.99134199134199, 32.98701298701299, 32.98701298701299, 32.97835497835498, 32.98268398268398, 32.99134199134199, 32.99134199134199, 32.98701298701299, 32.99567099567099, 32.97835497835498, 32.98701298701299, 32.98701298701299, 32.97835497835498, 32.99134199134199, 32.97835497835498, 32.98701298701299, 31.982683982683984, 31.97835497835498, 31.98701298701299, 31.995670995670995, 31.99134199134199, 31.982683982683984, 31.982683982683984, 31.99134199134199, 31.995670995670995, 31.97835497835498, 31.98701298701299, 31.982683982683984, 31.995670995670995, 31.98701298701299, 31.97835497835498, 31.97835497835498, 31.99134199134199, 31.99134199134199, 31.99134199134199, 31.98701298701299, 31.98268398268398, 31.97835497835498, 31.95670995670996, 31.995670995670995, 31.995670995670995, 31.97835497835498, 31.96969696969697, 31.98701298701299, 31.96969696969697, 31.98701298701299, 31.974025974025977, 31.995670995670995, 31.995670995670995, 31.982683982683984, 31.982683982683984, 31.97835497835498, 31.965367965367967, 31.98701298701299, 31.97835497835498, 31.97835497835498, 31.995670995670995, 31.96969696969697, 31.97835497835498, 31.99134199134199, 31.97835497835498, 31.97835497835498, 31.965367965367967, 31.97835497835498, 31.97835497835498, 31.97835497835498, 31.974025974025977, 31.982683982683984, 31.97835497835498, 31.98701298701299]",0.8922877500639866,0.9231041723023019,32,"[33, 33, 33, 33, 33, 33, 33, 33, 33, 33, 33, 33, 33, 33, 33, 33, 33, 33, 33, 33, 33, 33, 33, 33, 33, 33, 32, 32, 32, 32, 32, 32, 32, 32, 32, 32, 32, 32, 32, 32, 32, 32, 32, 32, 32, 32, 32, 32, 32, 32, 32, 32, 32, 32, 32, 32, 32, 32, 32, 32, 32, 32, 32, 32, 32, 32, 32, 32, 32, 32, 32, 32, 32, 32, 32, 32, 32, 32, 32, 32]",80,"[3.102116584777832, 0.6959481835365295, 0.4992257058620453, 1.2455922365188599, 0.28080546855926514, 0.3654499053955078, 0.2402353137731552, 0.5472267866134644, 0.31601351499557495, 0.37280353903770447, 0.23024100065231323, 0.2857096791267395, 0.24058251082897186, 0.2032778114080429, 0.3482718765735626, 0.5353071093559265, 0.7918140888214111, 0.35223639011383057, 0.5619281530380249, 0.308666467666626, 0.5121868252754211, 0.20242954790592194, 0.2528573274612427, 0.2101133167743683, 0.5405362844467163, 0.2521153390407562, 0.23218384385108948, 0.24146796762943268, 0.21232981979846954, 0.36735519766807556, 0.22161367535591125, 0.20637494325637817, 0.24391555786132812, 0.22804006934165955, 0.2255539894104004, 0.20203538239002228, 0.2975791394710541, 0.2268359214067459, 1.1168549060821533, 0.23198379576206207, 0.220764622092247, 0.23151399195194244, 0.2511093318462372, 0.2430521547794342, 0.3391246497631073, 0.2344120442867279, 0.32118356227874756, 0.23879104852676392, 0.26534485816955566, 0.24219204485416412, 0.28451573848724365, 0.2622032165527344, 0.24219828844070435, 0.26799240708351135, 0.26002827286720276, 0.26511260867118835, 0.2873269021511078, 0.2547069191932678, 0.2443705052137375, 0.29655134677886963, 0.25874844193458557, 0.2859293818473816, 0.27988091111183167, 0.279948353767395, 0.28951960802078247, 0.2761385440826416, 0.27921387553215027, 0.2978329658508301, 0.286399245262146, 0.29829737544059753, 0.2899211049079895, 0.3047143518924713, 0.2995483875274658, 0.30709439516067505, 0.3037528097629547, 0.3052158057689667, 0.31205785274505615, 0.3128417730331421, 0.3146083950996399, 0.3154540956020355]",32.0,"[33.0, 33.0, 33.0, 33.0, 33.0, 33.0, 33.0, 33.0, 33.0, 33.0, 33.0, 33.0, 33.0, 33.0, 33.0, 33.0, 33.0, 33.0, 33.0, 33.0, 33.0, 33.0, 33.0, 33.0, 33.0, 33.0, 32.0, 32.0, 32.0, 32.0, 32.0, 32.0, 32.0, 32.0, 32.0, 32.0, 32.0, 32.0, 32.0, 32.0, 32.0, 32.0, 32.0, 32.0, 32.0, 32.0, 32.0, 32.0, 32.0, 32.0, 32.0, 32.0, 32.0, 32.0, 32.0, 32.0, 32.0, 32.0, 32.0, 32.0, 32.0, 32.0, 32.0, 32.0, 32.0, 32.0, 32.0, 32.0, 32.0, 32.0, 32.0, 32.0, 32.0, 32.0, 32.0, 32.0, 32.0, 32.0, 32.0, 32.0]",COMPLETE
