,number,value,datetime_start,datetime_complete,duration,params_batch_size_scaler,params_constant_learning_rate,params_depth,params_epochs,params_kernel_l2,params_num_trees,params_temperature,user_attrs_accuracy_test,user_attrs_accuracy_valid,user_attrs_approximate_feature_sparsity,user_attrs_approximate_feature_sparsity_history,user_attrs_approximate_weight_sparsity,user_attrs_approximate_weight_sparsity_history,user_attrs_auc_test,user_attrs_auc_valid,user_attrs_feature_sparsity,user_attrs_feature_sparsity_history,user_attrs_num_epochs,user_attrs_val_loss_history,user_attrs_weight_sparsity,user_attrs_weight_sparsity_history,state
114,114,0.5,2024-08-31 05:04:15.592739,2024-08-31 05:05:14.580938,0 days 00:00:58.988199,16,0.4998718752701104,2,395,0.9657091486519264,98,0.0005783225069376841,0.859,0.85875,0,"[33, 33, 33, 33, 33, 33, 33, 33, 33, 33, 33, 33, 33, 33, 33, 33, 33, 29, 15, 12, 11, 11, 7, 6, 6, 6, 6, 6, 6, 6, 6, 6, 6, 6, 6, 6, 5, 5, 5, 5, 5, 5, 5, 5, 5, 5, 5, 5, 5, 5, 5, 5, 5, 5, 5, 5, 5, 5, 5, 5, 5, 5, 5, 5, 5, 5, 5, 5, 5, 5, 5, 5, 5, 5, 5, 5, 5, 5, 5, 5, 5, 4, 4, 2, 2, 2, 1, 1, 0, 0, 0, 0, 0, 0, 0, 0, 0, 0, 0, 0, 0, 0, 0, 0, 0, 0, 0, 0, 0, 0, 0, 0, 0, 0, 0, 0, 0, 0, 0, 0, 0, 0, 0, 0, 0, 0, 0, 0, 0, 0, 0, 0, 0, 0, 0, 0, 0, 0, 0, 0, 0, 0, 0, 0, 0, 0, 0, 0, 0, 0, 0, 0, 0, 0, 0, 0, 0, 0, 0, 0, 0, 0, 0, 0, 0, 0, 0, 0, 0, 0, 0, 0, 0, 0, 0, 0, 0, 0, 0, 0, 0, 0, 0, 0, 0, 0, 0, 0, 0, 0, 0, 0, 0, 0, 0, 0, 0, 0, 0, 0, 0, 0, 0, 0, 0, 0, 0, 0, 0, 0, 0, 0, 0, 0, 0, 0, 0, 0, 0, 0, 0, 0, 0, 0, 0, 0, 0, 0, 0, 0, 0, 0, 0, 0, 0, 0, 0, 0, 0, 0, 0, 0, 0, 0, 0, 0, 0, 0, 0, 0, 0, 0, 0, 0, 0, 0, 0, 0, 0, 0, 0, 0, 0, 0, 0, 0, 0, 0, 0, 0, 0, 0, 0, 0, 0, 0, 0, 0, 0, 0, 0, 0, 0, 0, 0, 0, 0, 0, 0, 0, 0, 0, 0, 0, 0, 0, 0, 0, 0, 0, 0, 0, 0, 0, 0, 0, 0, 0, 0, 0, 0, 0, 0, 0, 0, 0, 0, 0, 0, 0, 0, 0, 0, 0, 0, 0, 0, 0, 0, 0, 0, 0, 0, 0, 0, 0, 0, 0, 0, 0, 0, 0, 0, 0, 0, 0, 0, 0, 0, 0, 0, 0, 0, 0, 0, 0, 0, 0, 0, 0, 0, 0, 0, 0, 0, 0, 0, 0, 0, 0, 0, 0, 0, 0, 0, 0, 0, 0, 0, 0, 0, 0, 0, 0, 0, 0, 0, 0, 0, 0, 0, 0, 0, 0, 0]",0.0,"[32.98979591836735, 32.97959183673469, 32.9795918367347, 32.976190476190474, 32.965986394557824, 32.95918367346938, 32.97278911564626, 32.98299319727891, 32.93877551020408, 32.96598639455782, 32.94897959183673, 32.94897959183673, 32.955782312925166, 32.94897959183673, 32.95918367346938, 32.95238095238095, 32.94897959183673, 28.952380952380953, 14.972789115646258, 11.993197278911564, 10.986394557823129, 10.986394557823129, 6.989795918367347, 5.993197278911564, 5.993197278911564, 5.996598639455782, 5.993197278911564, 5.996598639455782, 5.9897959183673475, 5.979591836734694, 5.989795918367347, 5.989795918367347, 5.989795918367347, 5.989795918367347, 5.982993197278912, 5.996598639455782, 4.996598639455782, 4.996598639455782, 4.98639455782313, 4.996598639455782, 4.996598639455782, 4.989795918367347, 4.989795918367347, 4.996598639455782, 4.993197278911564, 4.993197278911564, 4.989795918367347, 4.98639455782313, 4.986394557823129, 4.993197278911564, 4.996598639455782, 5.0, 4.993197278911564, 4.996598639455782, 4.993197278911564, 4.986394557823129, 4.989795918367347, 4.986394557823129, 4.9727891156462585, 4.982993197278912, 4.993197278911564, 4.986394557823129, 4.993197278911564, 4.989795918367347, 4.989795918367347, 4.993197278911564, 4.989795918367347, 4.986394557823129, 4.979591836734694, 4.979591836734694, 4.989795918367347, 4.986394557823129, 4.986394557823129, 4.979591836734694, 4.989795918367347, 4.993197278911564, 4.989795918367347, 4.986394557823129, 4.979591836734694, 4.982993197278912, 4.982993197278912, 3.9863945578231292, 3.982993197278912, 1.9965986394557822, 1.9965986394557822, 1.9965986394557822, 0.9965986394557823, 1.0, 0.0, 0.0, 0.0, 0.0, 0.0, 0.0, 0.0, 0.0, 0.0, 0.0, 0.0, 0.0, 0.0, 0.0, 0.0, 0.0, 0.0, 0.0, 0.0, 0.0, 0.0, 0.0, 0.0, 0.0, 0.0, 0.0, 0.0, 0.0, 0.0, 0.0, 0.0, 0.0, 0.0, 0.0, 0.0, 0.0, 0.0, 0.0, 0.0, 0.0, 0.0, 0.0, 0.0, 0.0, 0.0, 0.0, 0.0, 0.0, 0.0, 0.0, 0.0, 0.0, 0.0, 0.0, 0.0, 0.0, 0.0, 0.0, 0.0, 0.0, 0.0, 0.0, 0.0, 0.0, 0.0, 0.0, 0.0, 0.0, 0.0, 0.0, 0.0, 0.0, 0.0, 0.0, 0.0, 0.0, 0.0, 0.0, 0.0, 0.0, 0.0, 0.0, 0.0, 0.0, 0.0, 0.0, 0.0, 0.0, 0.0, 0.0, 0.0, 0.0, 0.0, 0.0, 0.0, 0.0, 0.0, 0.0, 0.0, 0.0, 0.0, 0.0, 0.0, 0.0, 0.0, 0.0, 0.0, 0.0, 0.0, 0.0, 0.0, 0.0, 0.0, 0.0, 0.0, 0.0, 0.0, 0.0, 0.0, 0.0, 0.0, 0.0, 0.0, 0.0, 0.0, 0.0, 0.0, 0.0, 0.0, 0.0, 0.0, 0.0, 0.0, 0.0, 0.0, 0.0, 0.0, 0.0, 0.0, 0.0, 0.0, 0.0, 0.0, 0.0, 0.0, 0.0, 0.0, 0.0, 0.0, 0.0, 0.0, 0.0, 0.0, 0.0, 0.0, 0.0, 0.0, 0.0, 0.0, 0.0, 0.0, 0.0, 0.0, 0.0, 0.0, 0.0, 0.0, 0.0, 0.0, 0.0, 0.0, 0.0, 0.0, 0.0, 0.0, 0.0, 0.0, 0.0, 0.0, 0.0, 0.0, 0.0, 0.0, 0.0, 0.0, 0.0, 0.0, 0.0, 0.0, 0.0, 0.0, 0.0, 0.0, 0.0, 0.0, 0.0, 0.0, 0.0, 0.0, 0.0, 0.0, 0.0, 0.0, 0.0, 0.0, 0.0, 0.0, 0.0, 0.0, 0.0, 0.0, 0.0, 0.0, 0.0, 0.0, 0.0, 0.0, 0.0, 0.0, 0.0, 0.0, 0.0, 0.0, 0.0, 0.0, 0.0, 0.0, 0.0, 0.0, 0.0, 0.0, 0.0, 0.0, 0.0, 0.0, 0.0, 0.0, 0.0, 0.0, 0.0, 0.0, 0.0, 0.0, 0.0, 0.0, 0.0, 0.0, 0.0, 0.0, 0.0, 0.0, 0.0, 0.0, 0.0, 0.0, 0.0, 0.0, 0.0, 0.0, 0.0, 0.0, 0.0, 0.0, 0.0, 0.0, 0.0, 0.0, 0.0, 0.0, 0.0, 0.0, 0.0, 0.0, 0.0, 0.0, 0.0, 0.0, 0.0, 0.0, 0.0, 0.0, 0.0, 0.0, 0.0, 0.0, 0.0, 0.0, 0.0, 0.0, 0.0, 0.0, 0.0, 0.0, 0.0, 0.0, 0.0, 0.0, 0.0, 0.0, 0.0, 0.0, 0.0, 0.0, 0.0, 0.0, 0.0, 0.0]",0.5,0.5,0,"[33, 33, 33, 33, 33, 33, 33, 33, 33, 33, 33, 33, 33, 33, 33, 33, 33, 29, 15, 12, 11, 11, 7, 6, 6, 6, 6, 6, 6, 6, 6, 6, 6, 6, 6, 6, 5, 5, 5, 5, 5, 5, 5, 5, 5, 5, 5, 5, 5, 5, 5, 5, 5, 5, 5, 5, 5, 5, 5, 5, 5, 5, 5, 5, 5, 5, 5, 5, 5, 5, 5, 5, 5, 5, 5, 5, 5, 5, 5, 5, 5, 4, 4, 2, 2, 2, 1, 1, 0, 0, 0, 0, 0, 0, 0, 0, 0, 0, 0, 0, 0, 0, 0, 0, 0, 0, 0, 0, 0, 0, 0, 0, 0, 0, 0, 0, 0, 0, 0, 0, 0, 0, 0, 0, 0, 0, 0, 0, 0, 0, 0, 0, 0, 0, 0, 0, 0, 0, 0, 0, 0, 0, 0, 0, 0, 0, 0, 0, 0, 0, 0, 0, 0, 0, 0, 0, 0, 0, 0, 0, 0, 0, 0, 0, 0, 0, 0, 0, 0, 0, 0, 0, 0, 0, 0, 0, 0, 0, 0, 0, 0, 0, 0, 0, 0, 0, 0, 0, 0, 0, 0, 0, 0, 0, 0, 0, 0, 0, 0, 0, 0, 0, 0, 0, 0, 0, 0, 0, 0, 0, 0, 0, 0, 0, 0, 0, 0, 0, 0, 0, 0, 0, 0, 0, 0, 0, 0, 0, 0, 0, 0, 0, 0, 0, 0, 0, 0, 0, 0, 0, 0, 0, 0, 0, 0, 0, 0, 0, 0, 0, 0, 0, 0, 0, 0, 0, 0, 0, 0, 0, 0, 0, 0, 0, 0, 0, 0, 0, 0, 0, 0, 0, 0, 0, 0, 0, 0, 0, 0, 0, 0, 0, 0, 0, 0, 0, 0, 0, 0, 0, 0, 0, 0, 0, 0, 0, 0, 0, 0, 0, 0, 0, 0, 0, 0, 0, 0, 0, 0, 0, 0, 0, 0, 0, 0, 0, 0, 0, 0, 0, 0, 0, 0, 0, 0, 0, 0, 0, 0, 0, 0, 0, 0, 0, 0, 0, 0, 0, 0, 0, 0, 0, 0, 0, 0, 0, 0, 0, 0, 0, 0, 0, 0, 0, 0, 0, 0, 0, 0, 0, 0, 0, 0, 0, 0, 0, 0, 0, 0, 0, 0, 0, 0, 0, 0, 0, 0, 0, 0, 0, 0, 0, 0, 0, 0, 0, 0, 0, 0, 0, 0, 0, 0, 0, 0]",395,"[0.7427234649658203, 0.8753345608711243, 0.6609929800033569, 0.5060747265815735, 0.6667522192001343, 0.673410177230835, 0.4880894124507904, 1.152862787246704, 0.48300787806510925, 0.6390866637229919, 0.46441131830215454, 0.5288293957710266, 0.47989535331726074, 0.7616147398948669, 0.4307886064052582, 0.7392553091049194, 0.5552412867546082, 0.5553346872329712, 0.3536199629306793, 0.3560185730457306, 0.7861527800559998, 0.3633310794830322, 0.4154185354709625, 0.4593709707260132, 0.4009145498275757, 0.38407766819000244, 0.3976733684539795, 0.3934687077999115, 0.5552106499671936, 0.38127899169921875, 0.3730471730232239, 0.4569060504436493, 0.530784010887146, 0.6487870216369629, 0.6738399267196655, 0.35158073902130127, 0.4749795198440552, 0.34657683968544006, 0.3699081540107727, 0.5045216083526611, 0.3876264691352844, 0.6206111311912537, 0.3495842218399048, 0.4143596887588501, 0.7524142265319824, 0.3633398711681366, 0.5999758839607239, 0.9434418678283691, 0.3465781807899475, 0.9647624492645264, 0.33514583110809326, 0.3448754549026489, 0.3342626094818115, 0.7973949909210205, 0.530189037322998, 0.36546534299850464, 0.41610944271087646, 0.37171363830566406, 0.8979383707046509, 0.5346376299858093, 0.38694706559181213, 0.422755628824234, 0.4637834131717682, 0.3655606806278229, 0.40587490797042847, 0.431709885597229, 0.417031854391098, 0.40506866574287415, 0.328267902135849, 0.3656425476074219, 0.39510810375213623, 0.3297247588634491, 0.3995587229728699, 0.3302685618400574, 0.5764231085777283, 0.8153135776519775, 0.349849134683609, 0.31899651885032654, 0.7433855533599854, 0.6475027203559875, 0.392939031124115, 0.34415972232818604, 0.36317142844200134, 0.8589103817939758, 0.45768681168556213, 0.49579182267189026, 0.4158381223678589, 0.4696560204029083, 0.5384880304336548, 0.8334400653839111, 0.5904434323310852, 0.46058836579322815, 0.8233862519264221, 0.595940113067627, 0.45250168442726135, 0.40763068199157715, 0.47826671600341797, 0.4731689393520355, 0.44610756635665894, 0.47747719287872314, 0.42475613951683044, 0.5637722611427307, 0.44158729910850525, 0.48733755946159363, 0.8544971346855164, 0.4690900146961212, 0.6228240132331848, 0.5071155428886414, 0.4751770794391632, 0.4332498610019684, 0.43026599287986755, 1.218003511428833, 1.0881750583648682, 0.4710966944694519, 0.4626457989215851, 0.5445093512535095, 0.4208151698112488, 0.45408880710601807, 0.4091602563858032, 0.6794901490211487, 1.233109951019287, 0.520425021648407, 0.728126049041748, 1.1670756340026855, 0.983096718788147, 0.578493058681488, 1.4305790662765503, 0.9904236793518066, 0.4074346125125885, 0.4112356901168823, 0.536038339138031, 0.673900306224823, 0.7440062165260315, 0.6032301187515259, 0.43726006150245667, 0.4119790196418762, 0.6128806471824646, 0.428430438041687, 0.4075653851032257, 0.5922009348869324, 0.9360965490341187, 0.5789661407470703, 0.906700849533081, 0.4185729920864105, 0.6256420612335205, 0.5880566239356995, 0.7546592950820923, 0.4142070710659027, 0.6194789409637451, 0.432982861995697, 1.1518945693969727, 0.4654526114463806, 1.082682490348816, 0.4088134467601776, 1.0224931240081787, 0.8788936138153076, 0.5041428208351135, 1.007746696472168, 0.4150930345058441, 0.48148879408836365, 0.4172050952911377, 0.7867063879966736, 0.4323864281177521, 0.44490960240364075, 0.6795085668563843, 1.2076468467712402, 0.6046639084815979, 0.5377497673034668, 0.4114222228527069, 0.4258768558502197, 0.41596752405166626, 0.6105102300643921, 0.6037688255310059, 0.6705354452133179, 0.5510954856872559, 0.4166949987411499, 0.5323638319969177, 0.6158215999603271, 0.41228851675987244, 0.4118531346321106, 0.5887922048568726, 0.43913355469703674, 0.8019611239433289, 0.6251958012580872, 0.4248877763748169, 0.5550004839897156, 0.4171558618545532, 0.4244060218334198, 0.5326446294784546, 0.8929151892662048, 0.4573380947113037, 0.537940502166748, 0.4301159977912903, 0.442302942276001, 0.5251543521881104, 0.9402831196784973, 0.44513875246047974, 0.4178152084350586, 0.6947286128997803, 0.4133203625679016, 0.4626130163669586, 0.808585524559021, 0.40751782059669495, 0.9193487763404846, 0.4077593982219696, 0.45080792903900146, 0.40747085213661194, 0.4085198640823364, 0.6590534448623657, 1.6747304201126099, 0.4522358179092407, 1.1511331796646118, 0.46663665771484375, 0.4484257102012634, 0.6001211404800415, 0.4079476594924927, 0.43510597944259644, 0.4393557012081146, 1.0741887092590332, 0.7454509139060974, 0.4085729122161865, 0.7173745036125183, 0.9068542718887329, 0.47006604075431824, 0.500186562538147, 0.693132221698761, 0.7263541221618652, 0.6886003613471985, 0.4278119206428528, 0.8461810350418091, 0.48146435618400574, 0.40826985239982605, 0.42230916023254395, 0.6323664784431458, 0.5758410692214966, 0.4076436758041382, 0.8130667209625244, 0.4337048828601837, 0.5339744687080383, 0.75629061460495, 1.1050286293029785, 0.494965523481369, 0.42893704771995544, 1.0964924097061157, 0.8397307395935059, 0.7545394897460938, 0.5335407853126526, 0.8889078497886658, 0.49600356817245483, 0.7031468749046326, 0.4171721339225769, 0.4112234115600586, 0.823096752166748, 0.4155992865562439, 0.5440772175788879, 0.5374248027801514, 0.41495203971862793, 0.5482493042945862, 0.407471626996994, 0.742280125617981, 0.4277419149875641, 0.6050187945365906, 0.4082028865814209, 0.4907723367214203, 0.42426609992980957, 0.9503107666969299, 0.45071640610694885, 0.4092140197753906, 0.4073149859905243, 0.5248379707336426, 0.5972493886947632, 0.5487290024757385, 0.6506087779998779, 0.40821629762649536, 0.6975327134132385, 0.4263046979904175, 0.4074101150035858, 1.0169891119003296, 0.4273320436477661, 1.0265306234359741, 0.43731167912483215, 0.4269355833530426, 0.41644206643104553, 0.5963905453681946, 0.8585177659988403, 0.592004120349884, 1.0281926393508911, 0.40875044465065, 0.8229678869247437, 0.4701845049858093, 0.4072456657886505, 0.48093289136886597, 0.45626938343048096, 0.4883773922920227, 0.6820777654647827, 0.4072321653366089, 0.4593219459056854, 0.7241616249084473, 0.41793549060821533, 0.4139953553676605, 0.6106876730918884, 0.4208657145500183, 0.7773992419242859, 0.4462442696094513, 1.3839976787567139, 0.5586366057395935, 0.43572163581848145, 0.4075242578983307, 0.411710649728775, 0.4423808157444, 0.6887208819389343, 0.550025999546051, 0.5296140313148499, 0.5316817760467529, 0.5216483473777771, 0.4843780994415283, 0.47214505076408386, 0.42287054657936096, 0.5194383859634399, 0.5720070004463196, 0.4613208770751953, 0.4592931270599365, 0.5519157648086548, 0.46532142162323, 0.5304893255233765, 0.569210946559906, 0.6299481987953186, 0.40738654136657715, 0.4186652898788452, 0.42939117550849915, 0.4454902708530426, 0.8752012848854065, 0.43010592460632324, 0.5374252200126648, 0.7462198138237, 0.8098835945129395, 0.636661171913147, 0.6521064639091492, 0.692453920841217, 0.47435709834098816, 0.6401023864746094, 0.4109498858451843, 0.44677621126174927, 0.7074156403541565, 0.4074564278125763, 0.8864642381668091, 1.5214999914169312, 0.5028188824653625, 0.41365373134613037, 0.6925046443939209, 0.4087502956390381, 0.5672041177749634, 0.4101218283176422, 0.4382759928703308, 0.44799789786338806, 0.6892197132110596, 0.4256759583950043, 0.5037289261817932, 0.4912962019443512, 0.5606123208999634, 0.644422709941864, 0.469682514667511, 0.5784819722175598, 0.4300737679004669, 0.4348573684692383, 0.5252100825309753, 0.4141238033771515, 0.4165233373641968, 0.6147132515907288, 0.4200941324234009, 0.9787217974662781, 0.4766859710216522, 0.4171483516693115, 1.137643814086914, 0.4073743522167206, 0.5007201433181763, 0.9658287763595581, 0.4266069829463959, 0.41882088780403137, 0.40934640169143677, 0.4108322560787201, 0.43962979316711426, 0.7982659339904785, 0.5727002620697021, 0.5477815866470337, 0.6283190250396729, 0.5438063740730286, 1.3077317476272583, 0.7215813398361206, 0.40890008211135864, 0.4384930431842804, 0.6512276530265808, 0.40756693482398987, 0.4097769558429718, 0.5213114619255066]",0.0,"[33.0, 33.0, 33.0, 33.0, 33.0, 33.0, 33.0, 33.0, 33.0, 33.0, 33.0, 33.0, 33.0, 33.0, 33.0, 33.0, 33.0, 29.0, 15.0, 12.0, 11.0, 11.0, 7.0, 6.0, 6.0, 6.0, 6.0, 6.0, 6.0, 6.0, 6.0, 6.0, 6.0, 6.0, 6.0, 6.0, 5.0, 5.0, 5.0, 5.0, 5.0, 5.0, 5.0, 5.0, 5.0, 5.0, 5.0, 5.0, 5.0, 5.0, 5.0, 5.0, 5.0, 5.0, 5.0, 5.0, 5.0, 5.0, 5.0, 5.0, 5.0, 5.0, 5.0, 5.0, 5.0, 5.0, 5.0, 5.0, 5.0, 5.0, 5.0, 5.0, 5.0, 5.0, 5.0, 5.0, 5.0, 5.0, 5.0, 5.0, 5.0, 4.0, 4.0, 2.0, 2.0, 2.0, 1.0, 1.0, 0.0, 0.0, 0.0, 0.0, 0.0, 0.0, 0.0, 0.0, 0.0, 0.0, 0.0, 0.0, 0.0, 0.0, 0.0, 0.0, 0.0, 0.0, 0.0, 0.0, 0.0, 0.0, 0.0, 0.0, 0.0, 0.0, 0.0, 0.0, 0.0, 0.0, 0.0, 0.0, 0.0, 0.0, 0.0, 0.0, 0.0, 0.0, 0.0, 0.0, 0.0, 0.0, 0.0, 0.0, 0.0, 0.0, 0.0, 0.0, 0.0, 0.0, 0.0, 0.0, 0.0, 0.0, 0.0, 0.0, 0.0, 0.0, 0.0, 0.0, 0.0, 0.0, 0.0, 0.0, 0.0, 0.0, 0.0, 0.0, 0.0, 0.0, 0.0, 0.0, 0.0, 0.0, 0.0, 0.0, 0.0, 0.0, 0.0, 0.0, 0.0, 0.0, 0.0, 0.0, 0.0, 0.0, 0.0, 0.0, 0.0, 0.0, 0.0, 0.0, 0.0, 0.0, 0.0, 0.0, 0.0, 0.0, 0.0, 0.0, 0.0, 0.0, 0.0, 0.0, 0.0, 0.0, 0.0, 0.0, 0.0, 0.0, 0.0, 0.0, 0.0, 0.0, 0.0, 0.0, 0.0, 0.0, 0.0, 0.0, 0.0, 0.0, 0.0, 0.0, 0.0, 0.0, 0.0, 0.0, 0.0, 0.0, 0.0, 0.0, 0.0, 0.0, 0.0, 0.0, 0.0, 0.0, 0.0, 0.0, 0.0, 0.0, 0.0, 0.0, 0.0, 0.0, 0.0, 0.0, 0.0, 0.0, 0.0, 0.0, 0.0, 0.0, 0.0, 0.0, 0.0, 0.0, 0.0, 0.0, 0.0, 0.0, 0.0, 0.0, 0.0, 0.0, 0.0, 0.0, 0.0, 0.0, 0.0, 0.0, 0.0, 0.0, 0.0, 0.0, 0.0, 0.0, 0.0, 0.0, 0.0, 0.0, 0.0, 0.0, 0.0, 0.0, 0.0, 0.0, 0.0, 0.0, 0.0, 0.0, 0.0, 0.0, 0.0, 0.0, 0.0, 0.0, 0.0, 0.0, 0.0, 0.0, 0.0, 0.0, 0.0, 0.0, 0.0, 0.0, 0.0, 0.0, 0.0, 0.0, 0.0, 0.0, 0.0, 0.0, 0.0, 0.0, 0.0, 0.0, 0.0, 0.0, 0.0, 0.0, 0.0, 0.0, 0.0, 0.0, 0.0, 0.0, 0.0, 0.0, 0.0, 0.0, 0.0, 0.0, 0.0, 0.0, 0.0, 0.0, 0.0, 0.0, 0.0, 0.0, 0.0, 0.0, 0.0, 0.0, 0.0, 0.0, 0.0, 0.0, 0.0, 0.0, 0.0, 0.0, 0.0, 0.0, 0.0, 0.0, 0.0, 0.0, 0.0, 0.0, 0.0, 0.0, 0.0, 0.0, 0.0, 0.0, 0.0, 0.0, 0.0, 0.0, 0.0, 0.0, 0.0, 0.0, 0.0, 0.0, 0.0, 0.0, 0.0, 0.0, 0.0, 0.0, 0.0, 0.0, 0.0, 0.0, 0.0, 0.0, 0.0, 0.0, 0.0, 0.0, 0.0, 0.0, 0.0, 0.0, 0.0, 0.0, 0.0, 0.0, 0.0, 0.0, 0.0]",COMPLETE
