,number,value,datetime_start,datetime_complete,duration,params_batch_size_scaler,params_constant_learning_rate,params_depth,params_epochs,params_kernel_l2,params_num_trees,params_temperature,user_attrs_accuracy_test,user_attrs_accuracy_valid,user_attrs_approximate_feature_sparsity,user_attrs_approximate_feature_sparsity_history,user_attrs_approximate_weight_sparsity,user_attrs_approximate_weight_sparsity_history,user_attrs_auc_test,user_attrs_auc_valid,user_attrs_feature_sparsity,user_attrs_feature_sparsity_history,user_attrs_num_epochs,user_attrs_val_loss_history,user_attrs_weight_sparsity,user_attrs_weight_sparsity_history,state
157,157,0.8169416856668084,2024-08-31 07:18:41.565091,2024-08-31 07:19:09.401763,0 days 00:00:27.836672,16,0.018101386521159946,1,345,0.0017421576925248758,73,0.005931158641478732,0.868,0.865,33,"[33, 33, 33, 33, 33, 33, 33, 33, 33, 33, 33, 33, 33, 33, 33, 33, 33, 33, 33, 33, 33, 33, 33, 33, 33, 33, 33, 33, 33, 33, 33, 33, 33, 33, 33, 33, 33, 33, 33, 33, 33, 33, 33, 33, 33, 33, 33, 33, 33, 33, 33, 33, 33, 33, 33, 33, 33, 33, 33, 33, 33, 33, 33, 33, 33, 33, 33, 33, 33, 33, 33, 33, 33, 33, 33, 33, 33, 33, 33, 33, 33, 33, 33, 33, 33, 33, 33, 33, 33, 33, 33, 33, 33, 33, 33, 33, 33, 33, 33, 33, 33, 33, 33, 33, 33, 33, 33, 33, 33, 33, 33, 33, 33, 33, 33, 33, 33, 33, 33, 33, 33, 33, 33, 33, 33, 33, 33, 33, 33, 33, 33, 33, 33, 33, 33, 33, 33, 33, 33, 33, 33, 33, 33, 33, 33, 33, 33, 33, 33, 33, 33, 33, 33, 33, 33, 33, 33, 33, 33, 33, 33, 33, 33, 33, 33, 33, 33, 33, 33, 33, 33, 33, 33, 33, 33, 33, 33, 33, 33, 33, 33, 33, 33, 33, 33, 33, 33, 33, 33, 33, 33, 33, 33, 33, 33, 33, 33, 33, 33, 33, 33, 33, 33, 33, 33, 33, 33, 33, 33, 33, 33, 33, 33, 33, 33, 33, 33, 33, 33, 33, 33, 33, 33, 33, 33, 33, 33, 33, 33, 33, 33, 33, 33, 33, 33, 33, 33, 33, 33, 33, 33, 33, 33, 33, 33, 33, 33, 33, 33, 33, 33, 33, 33, 33, 33, 33, 33, 33, 33, 33, 33, 33, 33, 33, 33, 33, 33, 33, 33, 33, 33, 33, 33, 33, 33, 33, 33, 33, 33, 33, 33, 33, 33, 33, 33, 33, 33, 33, 33, 33, 33, 33, 33, 33, 33, 33, 33, 33, 33, 33, 33, 33, 33, 33, 33, 33, 33, 33, 33, 33, 33, 33, 33, 33, 33, 33, 33, 33, 33, 33, 33, 33, 33, 33, 33, 33, 33, 33, 33, 33, 33, 33, 33, 33, 33, 33, 33, 33, 33, 33, 33, 33, 33, 33, 33]",33.0,"[32.97260273972603, 32.986301369863014, 32.986301369863014, 33.0, 32.986301369863014, 32.986301369863014, 32.986301369863014, 33.0, 32.986301369863014, 32.986301369863014, 32.986301369863014, 33.0, 33.0, 33.0, 32.986301369863014, 33.0, 32.986301369863014, 32.986301369863014, 33.0, 32.97260273972603, 33.0, 33.0, 32.986301369863014, 32.986301369863014, 32.97260273972603, 33.0, 33.0, 33.0, 32.97260273972603, 33.0, 33.0, 33.0, 32.986301369863014, 32.986301369863014, 32.986301369863014, 33.0, 33.0, 33.0, 33.0, 32.986301369863014, 33.0, 32.97260273972603, 33.0, 32.986301369863014, 32.95890410958904, 32.95890410958904, 32.917808219178085, 32.95890410958904, 32.97260273972603, 32.945205479452056, 32.93150684931507, 32.945205479452056, 32.945205479452056, 32.95890410958904, 33.0, 32.986301369863014, 32.986301369863014, 32.986301369863014, 33.0, 33.0, 33.0, 33.0, 33.0, 33.0, 33.0, 33.0, 33.0, 33.0, 33.0, 32.986301369863014, 32.986301369863014, 32.97260273972603, 32.986301369863014, 33.0, 33.0, 33.0, 33.0, 33.0, 32.986301369863014, 32.986301369863014, 33.0, 33.0, 33.0, 33.0, 32.986301369863014, 32.986301369863014, 33.0, 32.95890410958904, 32.97260273972603, 32.986301369863014, 32.986301369863014, 32.986301369863014, 32.97260273972603, 32.97260273972603, 32.97260273972603, 32.95890410958904, 32.95890410958904, 32.95890410958904, 32.95890410958904, 32.95890410958904, 32.95890410958904, 32.986301369863014, 32.986301369863014, 32.986301369863014, 32.986301369863014, 32.986301369863014, 32.986301369863014, 32.986301369863014, 32.97260273972603, 32.97260273972603, 32.97260273972603, 32.986301369863014, 32.97260273972603, 33.0, 33.0, 33.0, 33.0, 33.0, 32.986301369863014, 33.0, 33.0, 32.986301369863014, 32.986301369863014, 33.0, 32.986301369863014, 33.0, 32.986301369863014, 33.0, 33.0, 33.0, 32.97260273972603, 33.0, 33.0, 33.0, 32.986301369863014, 32.986301369863014, 32.986301369863014, 32.97260273972603, 32.986301369863014, 32.986301369863014, 32.986301369863014, 32.986301369863014, 33.0, 33.0, 32.986301369863014, 33.0, 33.0, 33.0, 33.0, 33.0, 33.0, 33.0, 33.0, 33.0, 33.0, 33.0, 32.986301369863014, 32.95890410958904, 32.986301369863014, 32.986301369863014, 32.986301369863014, 33.0, 33.0, 33.0, 33.0, 33.0, 33.0, 32.97260273972603, 33.0, 33.0, 33.0, 33.0, 33.0, 32.95890410958904, 32.97260273972603, 32.986301369863014, 33.0, 32.986301369863014, 32.986301369863014, 32.97260273972603, 32.97260273972603, 32.97260273972603, 32.97260273972603, 32.986301369863014, 32.986301369863014, 33.0, 33.0, 33.0, 33.0, 32.986301369863014, 32.986301369863014, 32.986301369863014, 32.97260273972603, 32.97260273972603, 32.97260273972603, 32.986301369863014, 32.986301369863014, 32.986301369863014, 33.0, 33.0, 32.986301369863014, 33.0, 32.986301369863014, 32.986301369863014, 32.97260273972603, 32.986301369863014, 33.0, 33.0, 33.0, 32.986301369863014, 33.0, 33.0, 33.0, 33.0, 32.986301369863014, 33.0, 33.0, 32.97260273972603, 32.986301369863014, 32.986301369863014, 32.97260273972603, 32.97260273972603, 32.986301369863014, 32.986301369863014, 32.986301369863014, 32.97260273972603, 32.95890410958904, 32.945205479452056, 32.95890410958904, 32.945205479452056, 32.95890410958904, 32.97260273972603, 32.97260273972603, 32.97260273972603, 32.986301369863014, 32.986301369863014, 32.97260273972603, 32.95890410958904, 32.97260273972603, 32.986301369863014, 32.986301369863014, 32.986301369863014, 32.986301369863014, 32.986301369863014, 32.986301369863014, 32.986301369863014, 33.0, 33.0, 32.986301369863014, 32.986301369863014, 33.0, 32.986301369863014, 32.986301369863014, 32.986301369863014, 33.0, 33.0, 33.0, 33.0, 33.0, 33.0, 33.0, 33.0, 33.0, 33.0, 33.0, 33.0, 33.0, 33.0, 33.0, 33.0, 32.986301369863014, 32.986301369863014, 32.986301369863014, 32.986301369863014, 32.986301369863014, 32.97260273972603, 32.986301369863014, 32.986301369863014, 32.986301369863014, 32.986301369863014, 32.986301369863014, 32.986301369863014, 32.986301369863014, 32.986301369863014, 32.986301369863014, 32.986301369863014, 32.986301369863014, 32.986301369863014, 32.986301369863014, 32.97260273972603, 32.95890410958904, 32.97260273972603, 32.986301369863014, 32.986301369863014, 32.97260273972603, 32.97260273972603, 32.986301369863014, 32.986301369863014, 32.986301369863014, 32.986301369863014, 32.986301369863014, 32.986301369863014, 32.986301369863014, 32.986301369863014, 32.97260273972603, 32.986301369863014, 32.986301369863014, 32.986301369863014, 32.986301369863014, 32.97260273972603, 32.986301369863014, 32.986301369863014, 32.986301369863014, 32.986301369863014, 32.986301369863014, 33.0, 33.0, 33.0, 33.0, 33.0, 33.0, 33.0, 33.0, 33.0, 33.0, 33.0, 33.0, 33.0, 33.0, 33.0, 33.0, 33.0, 33.0, 33.0, 32.986301369863014, 32.986301369863014, 32.986301369863014, 32.986301369863014, 32.986301369863014, 32.986301369863014, 32.986301369863014, 32.986301369863014, 32.986301369863014, 32.986301369863014, 33.0]",0.8315871168024835,0.8169416856668084,33,"[33, 33, 33, 33, 33, 33, 33, 33, 33, 33, 33, 33, 33, 33, 33, 33, 33, 33, 33, 33, 33, 33, 33, 33, 33, 33, 33, 33, 33, 33, 33, 33, 33, 33, 33, 33, 33, 33, 33, 33, 33, 33, 33, 33, 33, 33, 33, 33, 33, 33, 33, 33, 33, 33, 33, 33, 33, 33, 33, 33, 33, 33, 33, 33, 33, 33, 33, 33, 33, 33, 33, 33, 33, 33, 33, 33, 33, 33, 33, 33, 33, 33, 33, 33, 33, 33, 33, 33, 33, 33, 33, 33, 33, 33, 33, 33, 33, 33, 33, 33, 33, 33, 33, 33, 33, 33, 33, 33, 33, 33, 33, 33, 33, 33, 33, 33, 33, 33, 33, 33, 33, 33, 33, 33, 33, 33, 33, 33, 33, 33, 33, 33, 33, 33, 33, 33, 33, 33, 33, 33, 33, 33, 33, 33, 33, 33, 33, 33, 33, 33, 33, 33, 33, 33, 33, 33, 33, 33, 33, 33, 33, 33, 33, 33, 33, 33, 33, 33, 33, 33, 33, 33, 33, 33, 33, 33, 33, 33, 33, 33, 33, 33, 33, 33, 33, 33, 33, 33, 33, 33, 33, 33, 33, 33, 33, 33, 33, 33, 33, 33, 33, 33, 33, 33, 33, 33, 33, 33, 33, 33, 33, 33, 33, 33, 33, 33, 33, 33, 33, 33, 33, 33, 33, 33, 33, 33, 33, 33, 33, 33, 33, 33, 33, 33, 33, 33, 33, 33, 33, 33, 33, 33, 33, 33, 33, 33, 33, 33, 33, 33, 33, 33, 33, 33, 33, 33, 33, 33, 33, 33, 33, 33, 33, 33, 33, 33, 33, 33, 33, 33, 33, 33, 33, 33, 33, 33, 33, 33, 33, 33, 33, 33, 33, 33, 33, 33, 33, 33, 33, 33, 33, 33, 33, 33, 33, 33, 33, 33, 33, 33, 33, 33, 33, 33, 33, 33, 33, 33, 33, 33, 33, 33, 33, 33, 33, 33, 33, 33, 33, 33, 33, 33, 33, 33, 33, 33, 33, 33, 33, 33, 33, 33, 33, 33, 33, 33, 33, 33, 33, 33, 33, 33, 33, 33, 33]",345,"[0.4376130998134613, 0.4320809543132782, 0.42851975560188293, 0.42518559098243713, 0.4220956563949585, 0.41916874051094055, 0.41641148924827576, 0.4138878881931305, 0.4115074574947357, 0.4095667004585266, 0.4075608551502228, 0.40577369928359985, 0.40335091948509216, 0.40163344144821167, 0.40005338191986084, 0.398560106754303, 0.3971344828605652, 0.39591217041015625, 0.39475953578948975, 0.393162339925766, 0.39209598302841187, 0.39096492528915405, 0.3899492919445038, 0.38898590207099915, 0.38815921545028687, 0.38716864585876465, 0.38629141449928284, 0.38581934571266174, 0.38473841547966003, 0.38394397497177124, 0.38327157497406006, 0.38286593556404114, 0.3822488784790039, 0.3813600242137909, 0.3809789717197418, 0.3803035318851471, 0.3794126808643341, 0.37917065620422363, 0.3783096969127655, 0.3778887689113617, 0.37727683782577515, 0.37682628631591797, 0.37636783719062805, 0.37620609998703003, 0.3754543662071228, 0.3750673532485962, 0.37458205223083496, 0.37476417422294617, 0.3738524317741394, 0.37349724769592285, 0.3731762766838074, 0.3727293014526367, 0.3723531663417816, 0.37241196632385254, 0.3721175789833069, 0.37156686186790466, 0.37096524238586426, 0.3706222474575043, 0.37035155296325684, 0.3703423738479614, 0.3698722720146179, 0.369379460811615, 0.36941927671432495, 0.3689863085746765, 0.3698625862598419, 0.3685581684112549, 0.36799678206443787, 0.36765211820602417, 0.3674882650375366, 0.3673824369907379, 0.3672092854976654, 0.36652305722236633, 0.36623385548591614, 0.36618345975875854, 0.3659158945083618, 0.36575230956077576, 0.3653410077095032, 0.36502888798713684, 0.36511653661727905, 0.36447152495384216, 0.36442726850509644, 0.36443468928337097, 0.36375492811203003, 0.3638879358768463, 0.3631770610809326, 0.36304810643196106, 0.36280274391174316, 0.36238014698028564, 0.36241722106933594, 0.36197277903556824, 0.3617781400680542, 0.36159905791282654, 0.3611893057823181, 0.36092129349708557, 0.36068034172058105, 0.36104854941368103, 0.3603033423423767, 0.3604409396648407, 0.3608575761318207, 0.3602040410041809, 0.35982394218444824, 0.3591639995574951, 0.35909733176231384, 0.3591940402984619, 0.3591204583644867, 0.3583599030971527, 0.3582473695278168, 0.3577662408351898, 0.3573775887489319, 0.35737383365631104, 0.35706061124801636, 0.35675734281539917, 0.35690733790397644, 0.3565542697906494, 0.35628214478492737, 0.3559057116508484, 0.35570353269577026, 0.35725754499435425, 0.3556520938873291, 0.35514965653419495, 0.3550879657268524, 0.35463622212409973, 0.35455965995788574, 0.35411790013313293, 0.35389602184295654, 0.35371682047843933, 0.3534761071205139, 0.3534593880176544, 0.35307204723358154, 0.3529450297355652, 0.3526497185230255, 0.3525126576423645, 0.3522796630859375, 0.3523549735546112, 0.3518087863922119, 0.3516577184200287, 0.3516536355018616, 0.3512323796749115, 0.3515793979167938, 0.35083624720573425, 0.350965678691864, 0.3506585359573364, 0.3505908250808716, 0.35028958320617676, 0.3500019311904907, 0.3497403860092163, 0.3496709167957306, 0.3494411110877991, 0.34918689727783203, 0.34894075989723206, 0.3486824333667755, 0.34864646196365356, 0.3482862412929535, 0.3485085368156433, 0.34803542494773865, 0.34782418608665466, 0.34759265184402466, 0.34749940037727356, 0.34719812870025635, 0.34710368514060974, 0.3468104898929596, 0.34680140018463135, 0.3465425372123718, 0.34618255496025085, 0.3460973799228668, 0.3459848165512085, 0.3456292748451233, 0.34547191858291626, 0.3453032374382019, 0.3456310033798218, 0.34539496898651123, 0.34481945633888245, 0.344568133354187, 0.345142126083374, 0.34444504976272583, 0.34470027685165405, 0.3443129360675812, 0.34412628412246704, 0.3434990644454956, 0.34329327940940857, 0.343265563249588, 0.34295815229415894, 0.34274059534072876, 0.34297505021095276, 0.3423427939414978, 0.3421555757522583, 0.34197887778282166, 0.34182244539260864, 0.3417503237724304, 0.34154200553894043, 0.34136149287223816, 0.3412259817123413, 0.34106338024139404, 0.3409363627433777, 0.3407810926437378, 0.3406050503253937, 0.3405207693576813, 0.3404732048511505, 0.34027954936027527, 0.34025847911834717, 0.3398851156234741, 0.3396369516849518, 0.3402967154979706, 0.3396186828613281, 0.33933883905410767, 0.3389836847782135, 0.3399052023887634, 0.3389022946357727, 0.33862343430519104, 0.3387067914009094, 0.3384280800819397, 0.33893120288848877, 0.3384382724761963, 0.33810317516326904, 0.3376919627189636, 0.3377017676830292, 0.3376449644565582, 0.3374794125556946, 0.3374082148075104, 0.3369750678539276, 0.3369253873825073, 0.33683910965919495, 0.3366300165653229, 0.3366977572441101, 0.3362904489040375, 0.3364284932613373, 0.3362768888473511, 0.3363233804702759, 0.3358290195465088, 0.33584216237068176, 0.33553704619407654, 0.33538681268692017, 0.3357693552970886, 0.3350814878940582, 0.33496832847595215, 0.33500251173973083, 0.33482179045677185, 0.33474066853523254, 0.334530234336853, 0.3353399336338043, 0.3351893126964569, 0.33480769395828247, 0.3340855836868286, 0.3345617949962616, 0.33375877141952515, 0.33399122953414917, 0.3336552679538727, 0.33341383934020996, 0.33349841833114624, 0.33309128880500793, 0.33288517594337463, 0.33296307921409607, 0.3326520025730133, 0.33297547698020935, 0.3328362703323364, 0.3323225677013397, 0.33218783140182495, 0.33262383937835693, 0.33201664686203003, 0.3322490453720093, 0.3320302963256836, 0.33167266845703125, 0.332423597574234, 0.33145904541015625, 0.3315642178058624, 0.3313405215740204, 0.3313489556312561, 0.33106136322021484, 0.3310636878013611, 0.3308117389678955, 0.33070674538612366, 0.3305443227291107, 0.33070439100265503, 0.3306419849395752, 0.33037620782852173, 0.33020254969596863, 0.3301067352294922, 0.33000048995018005, 0.32986220717430115, 0.32979390025138855, 0.3298887610435486, 0.32964950799942017, 0.3294152319431305, 0.32926809787750244, 0.3296259641647339, 0.3294771909713745, 0.3291124701499939, 0.3290216326713562, 0.3291366696357727, 0.3287481367588043, 0.3285948634147644, 0.32840269804000854, 0.3285104036331177, 0.3282800018787384, 0.32831913232803345, 0.3284047842025757, 0.32804909348487854, 0.32802605628967285, 0.3278062045574188, 0.32778695225715637, 0.32758986949920654, 0.327793151140213, 0.3274635970592499, 0.3274630308151245, 0.32724377512931824, 0.32725760340690613, 0.32712802290916443, 0.3271620273590088, 0.3269849717617035, 0.32726025581359863, 0.32678085565567017, 0.3268316984176636, 0.3265101909637451, 0.32700595259666443, 0.3263913094997406, 0.3263089060783386, 0.32622388005256653, 0.3266497552394867, 0.3259420692920685, 0.32583317160606384, 0.3257366418838501, 0.3256426155567169, 0.3260047435760498, 0.3256104290485382, 0.325412392616272, 0.3258732557296753, 0.32603219151496887, 0.32533809542655945, 0.3251716196537018, 0.3249230682849884, 0.3252796232700348, 0.3247838616371155, 0.3246418237686157, 0.3245181143283844, 0.32471057772636414, 0.3244592249393463, 0.32457342743873596, 0.3245363235473633, 0.3241238296031952, 0.3243890702724457, 0.324275404214859, 0.32387131452560425, 0.323644757270813, 0.3240627646446228, 0.3237103223800659]",33.0,"[33.0, 33.0, 33.0, 33.0, 33.0, 33.0, 33.0, 33.0, 33.0, 33.0, 33.0, 33.0, 33.0, 33.0, 33.0, 33.0, 33.0, 33.0, 33.0, 33.0, 33.0, 33.0, 33.0, 33.0, 33.0, 33.0, 33.0, 33.0, 33.0, 33.0, 33.0, 33.0, 33.0, 33.0, 33.0, 33.0, 33.0, 33.0, 33.0, 33.0, 33.0, 33.0, 33.0, 33.0, 33.0, 33.0, 33.0, 33.0, 33.0, 33.0, 33.0, 33.0, 33.0, 33.0, 33.0, 33.0, 33.0, 33.0, 33.0, 33.0, 33.0, 33.0, 33.0, 33.0, 33.0, 33.0, 33.0, 33.0, 33.0, 33.0, 33.0, 33.0, 33.0, 33.0, 33.0, 33.0, 33.0, 33.0, 33.0, 33.0, 33.0, 33.0, 33.0, 33.0, 33.0, 33.0, 33.0, 33.0, 33.0, 33.0, 33.0, 33.0, 33.0, 33.0, 33.0, 33.0, 33.0, 33.0, 33.0, 33.0, 33.0, 33.0, 33.0, 33.0, 33.0, 33.0, 33.0, 33.0, 33.0, 33.0, 33.0, 33.0, 33.0, 33.0, 33.0, 33.0, 33.0, 33.0, 33.0, 33.0, 33.0, 33.0, 33.0, 33.0, 33.0, 33.0, 33.0, 33.0, 33.0, 33.0, 33.0, 33.0, 33.0, 33.0, 33.0, 33.0, 33.0, 33.0, 33.0, 33.0, 33.0, 33.0, 33.0, 33.0, 33.0, 33.0, 33.0, 33.0, 33.0, 33.0, 33.0, 33.0, 33.0, 33.0, 33.0, 33.0, 33.0, 33.0, 33.0, 33.0, 33.0, 33.0, 33.0, 33.0, 33.0, 33.0, 33.0, 33.0, 33.0, 33.0, 33.0, 33.0, 33.0, 33.0, 33.0, 33.0, 33.0, 33.0, 33.0, 33.0, 33.0, 33.0, 33.0, 33.0, 33.0, 33.0, 33.0, 33.0, 33.0, 33.0, 33.0, 33.0, 33.0, 33.0, 33.0, 33.0, 33.0, 33.0, 33.0, 33.0, 33.0, 33.0, 33.0, 33.0, 33.0, 33.0, 33.0, 33.0, 33.0, 33.0, 33.0, 33.0, 33.0, 33.0, 33.0, 33.0, 33.0, 33.0, 33.0, 33.0, 33.0, 33.0, 33.0, 33.0, 33.0, 33.0, 33.0, 33.0, 33.0, 33.0, 33.0, 33.0, 33.0, 33.0, 33.0, 33.0, 33.0, 33.0, 33.0, 33.0, 33.0, 33.0, 33.0, 33.0, 33.0, 33.0, 33.0, 33.0, 33.0, 33.0, 33.0, 33.0, 33.0, 33.0, 33.0, 33.0, 33.0, 33.0, 33.0, 33.0, 33.0, 33.0, 33.0, 33.0, 33.0, 33.0, 33.0, 33.0, 33.0, 33.0, 33.0, 33.0, 33.0, 33.0, 33.0, 33.0, 33.0, 33.0, 33.0, 33.0, 33.0, 33.0, 33.0, 33.0, 33.0, 33.0, 33.0, 33.0, 33.0, 33.0, 33.0, 33.0, 33.0, 33.0, 33.0, 33.0, 33.0, 33.0, 33.0, 33.0, 33.0, 33.0, 33.0, 33.0, 33.0, 33.0, 33.0, 33.0, 33.0, 33.0, 33.0, 33.0, 33.0, 33.0, 33.0, 33.0, 33.0, 33.0, 33.0, 33.0, 33.0, 33.0, 33.0, 33.0, 33.0, 33.0, 33.0, 33.0, 33.0, 33.0, 33.0, 33.0, 33.0, 33.0, 33.0, 33.0, 33.0, 33.0, 33.0, 33.0, 33.0, 33.0, 33.0, 33.0, 33.0]",COMPLETE
