,number,value,datetime_start,datetime_complete,duration,params_batch_size_scaler,params_constant_learning_rate,params_depth,params_epochs,params_kernel_l2,params_num_trees,params_temperature,user_attrs_accuracy_test,user_attrs_accuracy_valid,user_attrs_approximate_feature_sparsity,user_attrs_approximate_feature_sparsity_history,user_attrs_approximate_weight_sparsity,user_attrs_approximate_weight_sparsity_history,user_attrs_auc_test,user_attrs_auc_valid,user_attrs_feature_sparsity,user_attrs_feature_sparsity_history,user_attrs_num_epochs,user_attrs_val_loss_history,user_attrs_weight_sparsity,user_attrs_weight_sparsity_history,state
17,17,0.933080856874187,2024-08-31 01:14:53.444534,2024-08-31 01:22:01.368304,0 days 00:07:07.923770,4,0.22422371244390737,5,390,0.032235637067987724,71,0.07417247654642574,0.944,0.94875,33,"[33, 33, 33, 33, 33, 33, 33, 33, 33, 33, 33, 33, 33, 33, 33, 33, 33, 33, 33, 33, 33, 33, 33, 33, 33, 33, 33, 33, 33, 33, 33, 33, 33, 33, 33, 33, 33, 33, 33, 33, 33, 33, 33, 33, 33, 33, 33, 33, 33, 33, 33, 33, 33, 33, 33, 33, 33, 33, 33, 33, 33, 33, 33, 33, 33, 33, 33, 33, 33, 33, 33, 33, 33, 33, 33, 33, 33, 33, 33, 33, 33, 33, 33, 33, 33, 33, 33, 33, 33, 33, 33, 33, 33, 33, 33, 33, 33, 33, 33, 33, 33, 33, 33, 33, 33, 33, 33, 33, 33, 33, 33, 33, 33, 33, 33, 33, 33, 33, 33, 33, 33, 33, 33, 33, 33, 33, 33, 33, 33, 33, 33, 33, 33, 33, 33, 33, 33, 33, 33, 33, 33, 33, 33, 33, 33, 33, 33, 33, 33, 33, 33, 33, 33, 33, 33, 33, 33, 33, 33, 33, 33, 33, 33, 33, 33, 33, 33, 33, 33, 33, 33, 33, 33, 33, 33, 33, 33, 33, 33, 33, 33, 33, 33, 33, 33, 33, 33, 33, 33, 33, 33, 33, 33, 33, 33, 33, 33, 33, 33, 33, 33, 33, 33, 33, 33, 33, 33, 33, 33, 33, 33, 33, 33, 33, 33, 33, 33, 33, 33, 33, 33, 33, 33, 33, 33, 33, 33, 33, 33, 33, 33, 33, 33, 33, 33, 33, 33, 33, 33, 33, 33, 33, 33, 33, 33, 33, 33, 33, 33, 33, 33, 33, 33, 33, 33, 33, 33, 33, 33, 33, 33, 33, 33, 33, 33, 33, 33, 33, 33, 33, 33, 33, 33, 33, 33, 33, 33, 33, 33, 33, 33, 33, 33, 33, 33, 33, 33, 33, 33, 33, 33, 33, 33, 33, 33, 33, 33, 33, 33, 33, 33, 33, 33, 33, 33, 33, 33, 33, 33, 33, 33, 33, 33, 33, 33, 33, 33, 33, 33, 33, 33, 33, 33, 33, 33, 33, 33, 33, 33, 33, 33, 33, 33, 33, 33, 33, 33, 33, 33, 33, 33, 33, 33, 33, 33, 33, 33, 33, 33, 33, 33, 33, 33, 33, 33, 33, 33, 33, 33, 33, 33, 33, 33, 33, 33, 33, 33, 33, 33, 33, 33, 33, 33, 33, 33, 33, 33, 33, 33, 33, 33, 33, 33, 33, 33, 33, 33, 33, 33, 33]",32.937755565651976,"[32.94775102226261, 32.93094048159927, 32.927305770104496, 32.930486142662424, 32.93957292139937, 32.935483870967744, 32.93139482053612, 32.930486142662424, 32.93684688777828, 32.933212176283504, 32.935029532030896, 32.94411631076784, 32.940935938209904, 32.93911858246252, 32.937301226715135, 32.94502498864153, 32.93366651522035, 32.93366651522035, 32.94002726033621, 32.93866424352567, 32.93366651522036, 32.93366651522035, 32.92912312585189, 32.93139482053612, 32.93593820990459, 32.937755565651976, 32.93684688777828, 32.93639254884143, 32.93639254884144, 32.943207632894136, 32.93639254884143, 32.93957292139937, 32.94093593820991, 32.94457064970468, 32.93957292139936, 32.937755565651976, 32.940481599273056, 32.93957292139936, 32.93684688777828, 32.937755565651976, 32.935483870967744, 32.9418446160836, 32.935938209904585, 32.94457064970468, 32.940481599273056, 32.93639254884144, 32.935029532030896, 32.93366651522035, 32.93593820990459, 32.93730122671513, 32.93730122671513, 32.940935938209904, 32.93730122671513, 32.93866424352567, 32.93866424352567, 32.938209904588824, 32.930031803725576, 32.932303498409816, 32.930486142662424, 32.935029532030896, 32.932757837346664, 32.93094048159927, 32.93866424352567, 32.938209904588824, 32.93457519309405, 32.94229895502045, 32.940027260336215, 32.937755565651976, 32.93684688777828, 32.933212176283504, 32.93957292139936, 32.9341208541572, 32.93321217628351, 32.93094048159928, 32.93866424352567, 32.93139482053612, 32.93639254884144, 32.93457519309405, 32.93457519309405, 32.938209904588824, 32.93730122671513, 32.93593820990459, 32.930486142662424, 32.94229895502045, 32.938209904588824, 32.93457519309405, 32.93412085415721, 32.93639254884143, 32.93593820990459, 32.929577464788736, 32.9341208541572, 32.93639254884144, 32.937755565651976, 32.93730122671513, 32.93866424352567, 32.93684688777829, 32.938664243525665, 32.937755565651976, 32.9418446160836, 32.93684688777829, 32.93593820990459, 32.9341208541572, 32.93911858246252, 32.93548387096774, 32.93184915947297, 32.94229895502044, 32.93911858246252, 32.935029532030896, 32.93094048159927, 32.93730122671513, 32.938209904588824, 32.93957292139936, 32.938664243525665, 32.935938209904585, 32.92866878691504, 32.92821444797819, 32.92912312585189, 32.93094048159927, 32.93957292139936, 32.940481599273056, 32.935483870967744, 32.93730122671513, 32.938209904588824, 32.940935938209904, 32.94139027714675, 32.93820990458882, 32.935029532030896, 32.932757837346664, 32.940481599273056, 32.940027260336215, 32.94002726033621, 32.93457519309405, 32.92866878691504, 32.93139482053612, 32.93593820990459, 32.932303498409816, 32.932303498409816, 32.937755565651976, 32.9418446160836, 32.93457519309405, 32.93730122671513, 32.932303498409816, 32.938209904588824, 32.93639254884143, 32.933212176283504, 32.935938209904585, 32.93184915947297, 32.93820990458882, 32.938209904588824, 32.93730122671513, 32.93593820990459, 32.940935938209904, 32.943661971830984, 32.93366651522035, 32.938209904588824, 32.93366651522035, 32.93957292139936, 32.93957292139936, 32.937755565651976, 32.94139027714675, 32.9418446160836, 32.94229895502045, 32.9418446160836, 32.9418446160836, 32.94638800545207, 32.9418446160836, 32.937755565651976, 32.9418446160836, 32.940935938209904, 32.93957292139936, 32.938209904588824, 32.935483870967744, 32.93548387096774, 32.93639254884143, 32.93366651522035, 32.93139482053612, 32.937301226715135, 32.935938209904585, 32.93366651522035, 32.932757837346664, 32.930031803725576, 32.93139482053612, 32.938209904588824, 32.935483870967744, 32.932757837346664, 32.927760109041344, 32.92139936392549, 32.92094502498864, 32.921853702862336, 32.92866878691504, 32.93184915947297, 32.927305770104496, 32.92866878691504, 32.93639254884144, 32.932757837346664, 32.93230349840981, 32.93094048159927, 32.930486142662424, 32.92912312585188, 32.927760109041344, 32.93366651522035, 32.92866878691504, 32.92639709223081, 32.93094048159927, 32.93094048159927, 32.92957746478873, 32.93094048159927, 32.93457519309405, 32.93820990458882, 32.93457519309405, 32.935029532030896, 32.938209904588824, 32.93094048159927, 32.93184915947297, 32.933212176283504, 32.92912312585189, 32.935483870967744, 32.93094048159927, 32.93730122671513, 32.93639254884143, 32.93866424352567, 32.93684688777828, 32.938664243525665, 32.938664243525665, 32.93730122671513, 32.93684688777828, 32.937755565651976, 32.938209904588824, 32.94411631076783, 32.946388005452064, 32.94457064970468, 32.94502498864153, 32.94502498864153, 32.93957292139936, 32.943207632894136, 32.93730122671513, 32.93684688777828, 32.94002726033621, 32.93957292139937, 32.93866424352567, 32.945479327578376, 32.93730122671513, 32.94139027714675, 32.94729668332576, 32.94229895502045, 32.93684688777829, 32.93684688777828, 32.94184461608359, 32.937755565651976, 32.93593820990459, 32.93593820990459, 32.93639254884143, 32.94139027714675, 32.935483870967744, 32.93730122671513, 32.937755565651976, 32.93593820990459, 32.940481599273056, 32.93184915947297, 32.92912312585188, 32.93139482053612, 32.935483870967744, 32.93866424352567, 32.935938209904585, 32.93866424352567, 32.93911858246252, 32.935483870967744, 32.93593820990459, 32.930486142662424, 32.93457519309405, 32.92912312585189, 32.93139482053612, 32.93184915947297, 32.92866878691504, 32.92639709223081, 32.93457519309405, 32.935029532030896, 32.9341208541572, 32.933212176283504, 32.94002726033621, 32.935483870967744, 32.938209904588824, 32.93457519309405, 32.93684688777828, 32.93866424352567, 32.93866424352567, 32.93639254884144, 32.937755565651976, 32.935029532030896, 32.9341208541572, 32.93639254884143, 32.93321217628351, 32.937755565651976, 32.935029532030896, 32.93366651522035, 32.935483870967744, 32.93003180372558, 32.929577464788736, 32.935029532030896, 32.93639254884143, 32.937755565651976, 32.94048159927306, 32.9418446160836, 32.943661971830984, 32.93866424352567, 32.942753293957296, 32.93957292139936, 32.93911858246251, 32.9418446160836, 32.938209904588824, 32.93684688777828, 32.942753293957296, 32.937755565651976, 32.938209904588824, 32.935029532030896, 32.940027260336215, 32.93684688777829, 32.93911858246252, 32.93593820990459, 32.929577464788736, 32.93457519309405, 32.93184915947297, 32.935029532030896, 32.92912312585189, 32.92685143116765, 32.927305770104496, 32.93139482053612, 32.927305770104496, 32.935029532030896, 32.93366651522036, 32.93457519309405, 32.935029532030896, 32.93684688777829, 32.935029532030896, 32.93457519309405, 32.93457519309405, 32.93321217628351, 32.932757837346664, 32.93775556565198, 32.93639254884144, 32.93412085415721, 32.94229895502045, 32.93911858246251, 32.93911858246251, 32.93957292139937, 32.940481599273056, 32.943207632894136, 32.93639254884144, 32.93957292139936, 32.93639254884143, 32.9341208541572, 32.93684688777828, 32.935483870967744, 32.93184915947297, 32.92821444797819, 32.93139482053612, 32.93094048159927, 32.93139482053612, 32.93094048159927, 32.93366651522036, 32.935029532030896, 32.92866878691504, 32.92866878691504, 32.93094048159927, 32.93321217628351, 32.93094048159927, 32.93184915947297, 32.929577464788736, 32.92912312585189, 32.92866878691504, 32.93457519309405, 32.940027260336215, 32.938209904588824, 32.938209904588824, 32.94139027714675, 32.9418446160836, 32.942753293957296, 32.94139027714675, 32.94184461608359, 32.94320763289414, 32.940481599273056, 32.93957292139937, 32.93911858246252, 32.93911858246252, 32.93866424352567, 32.94320763289414, 32.93593820990459, 32.93866424352567, 32.937755565651976, 32.937755565651976]",0.9161485811474667,0.933080856874187,33,"[33, 33, 33, 33, 33, 33, 33, 33, 33, 33, 33, 33, 33, 33, 33, 33, 33, 33, 33, 33, 33, 33, 33, 33, 33, 33, 33, 33, 33, 33, 33, 33, 33, 33, 33, 33, 33, 33, 33, 33, 33, 33, 33, 33, 33, 33, 33, 33, 33, 33, 33, 33, 33, 33, 33, 33, 33, 33, 33, 33, 33, 33, 33, 33, 33, 33, 33, 33, 33, 33, 33, 33, 33, 33, 33, 33, 33, 33, 33, 33, 33, 33, 33, 33, 33, 33, 33, 33, 33, 33, 33, 33, 33, 33, 33, 33, 33, 33, 33, 33, 33, 33, 33, 33, 33, 33, 33, 33, 33, 33, 33, 33, 33, 33, 33, 33, 33, 33, 33, 33, 33, 33, 33, 33, 33, 33, 33, 33, 33, 33, 33, 33, 33, 33, 33, 33, 33, 33, 33, 33, 33, 33, 33, 33, 33, 33, 33, 33, 33, 33, 33, 33, 33, 33, 33, 33, 33, 33, 33, 33, 33, 33, 33, 33, 33, 33, 33, 33, 33, 33, 33, 33, 33, 33, 33, 33, 33, 33, 33, 33, 33, 33, 33, 33, 33, 33, 33, 33, 33, 33, 33, 33, 33, 33, 33, 33, 33, 33, 33, 33, 33, 33, 33, 33, 33, 33, 33, 33, 33, 33, 33, 33, 33, 33, 33, 33, 33, 33, 33, 33, 33, 33, 33, 33, 33, 33, 33, 33, 33, 33, 33, 33, 33, 33, 33, 33, 33, 33, 33, 33, 33, 33, 33, 33, 33, 33, 33, 33, 33, 33, 33, 33, 33, 33, 33, 33, 33, 33, 33, 33, 33, 33, 33, 33, 33, 33, 33, 33, 33, 33, 33, 33, 33, 33, 33, 33, 33, 33, 33, 33, 33, 33, 33, 33, 33, 33, 33, 33, 33, 33, 33, 33, 33, 33, 33, 33, 33, 33, 33, 33, 33, 33, 33, 33, 33, 33, 33, 33, 33, 33, 33, 33, 33, 33, 33, 33, 33, 33, 33, 33, 33, 33, 33, 33, 33, 33, 33, 33, 33, 33, 33, 33, 33, 33, 33, 33, 33, 33, 33, 33, 33, 33, 33, 33, 33, 33, 33, 33, 33, 33, 33, 33, 33, 33, 33, 33, 33, 33, 33, 33, 33, 33, 33, 33, 33, 33, 33, 33, 33, 33, 33, 33, 33, 33, 33, 33, 33, 33, 33, 33, 33, 33, 33, 33, 33, 33, 33, 33, 33, 33]",390,"[0.38745978474617004, 0.3782724142074585, 0.3723479211330414, 0.368486225605011, 0.3653867244720459, 0.3627161383628845, 0.3597279489040375, 0.3572375774383545, 0.35491427779197693, 0.3522767722606659, 0.3523525297641754, 0.34756389260292053, 0.34521380066871643, 0.3426486849784851, 0.3403615653514862, 0.3384084701538086, 0.3380248546600342, 0.33431923389434814, 0.33197686076164246, 0.32982730865478516, 0.3277541995048523, 0.3251243829727173, 0.3228369653224945, 0.3218337595462799, 0.31820136308670044, 0.31758925318717957, 0.3127247095108032, 0.3093552589416504, 0.30678248405456543, 0.30400869250297546, 0.3007820248603821, 0.29745644330978394, 0.2947746217250824, 0.2926808297634125, 0.28767696022987366, 0.2870178818702698, 0.28191646933555603, 0.2791042625904083, 0.27660855650901794, 0.2728588581085205, 0.27090609073638916, 0.26871833205223083, 0.26640135049819946, 0.26413920521736145, 0.26240742206573486, 0.2613418698310852, 0.2587778568267822, 0.25779831409454346, 0.25602754950523376, 0.2563256025314331, 0.2548685669898987, 0.2525615692138672, 0.2503206133842468, 0.2495407611131668, 0.24877969920635223, 0.24695633351802826, 0.24662533402442932, 0.24471400678157806, 0.24388907849788666, 0.24320834875106812, 0.24248778820037842, 0.24017074704170227, 0.23909030854701996, 0.239653542637825, 0.23659373819828033, 0.23575755953788757, 0.2352188676595688, 0.23413622379302979, 0.23337198793888092, 0.23245078325271606, 0.23213911056518555, 0.23138821125030518, 0.22928355634212494, 0.22839663922786713, 0.22765259444713593, 0.22709326446056366, 0.22545719146728516, 0.22382491827011108, 0.22405432164669037, 0.22307687997817993, 0.2221727967262268, 0.22242599725723267, 0.21962834894657135, 0.21927733719348907, 0.2182224690914154, 0.21774210035800934, 0.21810846030712128, 0.2152055948972702, 0.21422691643238068, 0.2138472944498062, 0.2132144719362259, 0.21213430166244507, 0.21207495033740997, 0.21150356531143188, 0.21006810665130615, 0.2093866467475891, 0.20998193323612213, 0.2091272920370102, 0.2071831375360489, 0.20744696259498596, 0.20929118990898132, 0.2058262825012207, 0.20620031654834747, 0.20404699444770813, 0.20359544456005096, 0.20440353453159332, 0.20262344181537628, 0.20405559241771698, 0.20232582092285156, 0.20157966017723083, 0.2008957862854004, 0.20075254142284393, 0.19990791380405426, 0.1994500607252121, 0.20008054375648499, 0.19870398938655853, 0.19972312450408936, 0.19978132843971252, 0.20159941911697388, 0.1982956826686859, 0.1979280263185501, 0.1991126835346222, 0.1958213597536087, 0.19557726383209229, 0.19629104435443878, 0.19602374732494354, 0.19566155970096588, 0.19648727774620056, 0.1947501301765442, 0.19506128132343292, 0.19354800879955292, 0.19278490543365479, 0.1936207413673401, 0.19399835169315338, 0.19480709731578827, 0.1946098953485489, 0.19285747408866882, 0.1914719045162201, 0.1955242156982422, 0.19166332483291626, 0.19203922152519226, 0.1927870810031891, 0.19255861639976501, 0.19071607291698456, 0.19161012768745422, 0.18967677652835846, 0.19065159559249878, 0.18890979886054993, 0.18794025480747223, 0.18959861993789673, 0.18997544050216675, 0.19047272205352783, 0.188667893409729, 0.18902288377285004, 0.19105520844459534, 0.18844619393348694, 0.19131219387054443, 0.18679706752300262, 0.18682314455509186, 0.1874474734067917, 0.18706990778446198, 0.18740755319595337, 0.1879270225763321, 0.18838413059711456, 0.1893201470375061, 0.18653106689453125, 0.18494080007076263, 0.18565745651721954, 0.18549171090126038, 0.18664634227752686, 0.18822865188121796, 0.18593238294124603, 0.1860874742269516, 0.18491756916046143, 0.18574495613574982, 0.18629106879234314, 0.1857749968767166, 0.1857219934463501, 0.18488599359989166, 0.1837838739156723, 0.1856122761964798, 0.18646739423274994, 0.18397678434848785, 0.1845596730709076, 0.1838875561952591, 0.18545830249786377, 0.18329812586307526, 0.1848057359457016, 0.1858016848564148, 0.18387332558631897, 0.1834389567375183, 0.1831851750612259, 0.1842500865459442, 0.18245112895965576, 0.18212704360485077, 0.18101128935813904, 0.18161015212535858, 0.18503890931606293, 0.181300550699234, 0.1820136457681656, 0.18306298553943634, 0.1815498024225235, 0.1818278729915619, 0.1810697317123413, 0.1809157431125641, 0.18171387910842896, 0.18177931010723114, 0.1818597912788391, 0.18258467316627502, 0.18088877201080322, 0.18332213163375854, 0.18119759857654572, 0.1796455979347229, 0.18034887313842773, 0.1810930371284485, 0.1837778240442276, 0.1806076467037201, 0.18153151869773865, 0.18395742774009705, 0.18032552301883698, 0.18122053146362305, 0.1829356700181961, 0.18174749612808228, 0.18214797973632812, 0.1822434812784195, 0.1793820559978485, 0.18353599309921265, 0.17929336428642273, 0.18024715781211853, 0.18066751956939697, 0.17897891998291016, 0.17873314023017883, 0.17959251999855042, 0.17948059737682343, 0.1827532798051834, 0.18076570332050323, 0.17793750762939453, 0.18176664412021637, 0.18210603296756744, 0.1801929920911789, 0.18259786069393158, 0.17847301065921783, 0.17909595370292664, 0.18663080036640167, 0.18061308562755585, 0.18104684352874756, 0.17902542650699615, 0.18178072571754456, 0.1801428347826004, 0.1801435649394989, 0.1817699372768402, 0.18152981996536255, 0.18125492334365845, 0.17910853028297424, 0.1860726922750473, 0.1804882287979126, 0.18005003035068512, 0.18682236969470978, 0.17989085614681244, 0.1814136505126953, 0.17984655499458313, 0.18047556281089783, 0.17927047610282898, 0.17981624603271484, 0.17990507185459137, 0.18068808317184448, 0.18165454268455505, 0.18007048964500427, 0.18273872137069702, 0.1806885302066803, 0.17934831976890564, 0.18581582605838776, 0.18352578580379486, 0.18257318437099457, 0.18276795744895935, 0.1846647411584854, 0.1827337145805359, 0.18193304538726807, 0.18090929090976715, 0.18245521187782288, 0.1809138059616089, 0.1805199831724167, 0.1807612031698227, 0.1805715709924698, 0.17955952882766724, 0.18119587004184723, 0.1852896809577942, 0.1843947023153305, 0.18160724639892578, 0.18476524949073792, 0.1850743442773819, 0.1813567727804184, 0.1851835399866104, 0.18337544798851013, 0.18382032215595245, 0.18295416235923767, 0.18352127075195312, 0.184096559882164, 0.18483781814575195, 0.18469910323619843, 0.18367479741573334, 0.1816704422235489, 0.18820743262767792, 0.18361730873584747, 0.182282492518425, 0.18476538360118866, 0.1856720745563507, 0.18368592858314514, 0.18655867874622345, 0.18378497660160065, 0.18442419171333313, 0.18553993105888367, 0.18518802523612976, 0.18513338267803192, 0.18349196016788483, 0.1861964613199234, 0.18309959769248962, 0.1841716319322586, 0.18502534925937653, 0.18485502898693085, 0.1894286572933197, 0.18379324674606323, 0.18724572658538818, 0.18440091609954834, 0.18571290373802185, 0.18791751563549042, 0.1839514523744583, 0.18368273973464966, 0.1879340410232544, 0.185284823179245, 0.1872347891330719, 0.18490591645240784, 0.18873977661132812, 0.18561714887619019, 0.18535193800926208, 0.18679779767990112, 0.18892152607440948, 0.18683350086212158, 0.18917077779769897, 0.18888729810714722, 0.1847390979528427, 0.18889310956001282, 0.18880489468574524, 0.19044193625450134, 0.18938909471035004, 0.18946416676044464, 0.18948212265968323, 0.18816952407360077, 0.19096025824546814, 0.1922852098941803, 0.186713308095932, 0.1880192756652832, 0.19459500908851624, 0.190830796957016, 0.1862143576145172, 0.1882016509771347, 0.18913564085960388, 0.19346188008785248, 0.18538019061088562, 0.19052475690841675, 0.19032534956932068, 0.19010168313980103, 0.1868734359741211, 0.1900777369737625, 0.18740463256835938, 0.18875539302825928, 0.1912723183631897, 0.19120760262012482, 0.18805468082427979, 0.18878772854804993, 0.18908777832984924, 0.19134651124477386, 0.19100311398506165, 0.18917205929756165, 0.19150419533252716, 0.19296520948410034, 0.19043786823749542, 0.1914578229188919, 0.1937873661518097, 0.19024495780467987, 0.18836510181427002, 0.18893031775951385, 0.19161874055862427, 0.19253982603549957, 0.19209712743759155, 0.190150648355484, 0.190803661942482, 0.19070734083652496, 0.19182053208351135, 0.19079355895519257]",33.0,"[33.0, 33.0, 33.0, 33.0, 33.0, 33.0, 33.0, 33.0, 33.0, 33.0, 33.0, 33.0, 33.0, 33.0, 33.0, 33.0, 33.0, 33.0, 33.0, 33.0, 33.0, 33.0, 33.0, 33.0, 33.0, 33.0, 33.0, 33.0, 33.0, 33.0, 33.0, 33.0, 33.0, 33.0, 33.0, 33.0, 33.0, 33.0, 33.0, 33.0, 33.0, 33.0, 33.0, 33.0, 33.0, 33.0, 33.0, 33.0, 33.0, 33.0, 33.0, 33.0, 33.0, 33.0, 33.0, 33.0, 33.0, 33.0, 33.0, 33.0, 33.0, 33.0, 33.0, 33.0, 33.0, 33.0, 33.0, 33.0, 33.0, 33.0, 33.0, 33.0, 33.0, 33.0, 33.0, 33.0, 33.0, 33.0, 33.0, 33.0, 33.0, 33.0, 33.0, 33.0, 33.0, 33.0, 33.0, 33.0, 33.0, 33.0, 33.0, 33.0, 33.0, 33.0, 33.0, 33.0, 33.0, 33.0, 33.0, 33.0, 33.0, 33.0, 33.0, 33.0, 33.0, 33.0, 33.0, 33.0, 33.0, 33.0, 33.0, 33.0, 33.0, 33.0, 33.0, 33.0, 33.0, 33.0, 33.0, 33.0, 33.0, 33.0, 33.0, 33.0, 33.0, 33.0, 33.0, 33.0, 33.0, 33.0, 33.0, 33.0, 33.0, 33.0, 33.0, 33.0, 33.0, 33.0, 33.0, 33.0, 33.0, 33.0, 33.0, 33.0, 33.0, 33.0, 33.0, 33.0, 33.0, 33.0, 33.0, 33.0, 33.0, 33.0, 33.0, 33.0, 33.0, 33.0, 33.0, 33.0, 33.0, 33.0, 33.0, 33.0, 33.0, 33.0, 33.0, 33.0, 33.0, 33.0, 33.0, 33.0, 33.0, 33.0, 33.0, 33.0, 33.0, 33.0, 33.0, 33.0, 33.0, 33.0, 33.0, 33.0, 33.0, 33.0, 33.0, 33.0, 33.0, 33.0, 33.0, 33.0, 33.0, 33.0, 33.0, 33.0, 33.0, 33.0, 33.0, 33.0, 33.0, 33.0, 33.0, 33.0, 33.0, 33.0, 33.0, 33.0, 33.0, 33.0, 33.0, 33.0, 33.0, 33.0, 33.0, 33.0, 33.0, 33.0, 33.0, 33.0, 33.0, 33.0, 33.0, 33.0, 33.0, 33.0, 33.0, 33.0, 33.0, 33.0, 33.0, 33.0, 33.0, 33.0, 33.0, 33.0, 33.0, 33.0, 33.0, 33.0, 33.0, 33.0, 33.0, 33.0, 33.0, 33.0, 33.0, 33.0, 33.0, 33.0, 33.0, 33.0, 33.0, 33.0, 33.0, 33.0, 33.0, 33.0, 33.0, 33.0, 33.0, 33.0, 33.0, 33.0, 33.0, 33.0, 33.0, 33.0, 33.0, 33.0, 33.0, 33.0, 33.0, 33.0, 33.0, 33.0, 33.0, 33.0, 33.0, 33.0, 33.0, 33.0, 33.0, 33.0, 33.0, 33.0, 33.0, 33.0, 33.0, 33.0, 33.0, 33.0, 33.0, 33.0, 33.0, 33.0, 33.0, 33.0, 33.0, 33.0, 33.0, 33.0, 33.0, 33.0, 33.0, 33.0, 33.0, 33.0, 33.0, 33.0, 33.0, 33.0, 33.0, 33.0, 33.0, 33.0, 33.0, 33.0, 33.0, 33.0, 33.0, 33.0, 33.0, 33.0, 33.0, 33.0, 33.0, 33.0, 33.0, 33.0, 33.0, 33.0, 33.0, 33.0, 33.0, 33.0, 33.0, 33.0, 33.0, 33.0, 33.0, 33.0, 33.0, 33.0, 33.0, 33.0, 33.0, 33.0, 33.0, 33.0, 33.0, 33.0, 33.0, 33.0, 33.0, 33.0, 33.0, 33.0, 33.0, 33.0, 33.0, 33.0, 33.0, 33.0, 33.0, 33.0, 33.0, 33.0, 33.0, 33.0, 33.0, 33.0, 33.0, 33.0, 33.0, 33.0, 33.0, 33.0, 33.0, 33.0, 33.0, 33.0, 33.0, 33.0, 33.0, 33.0, 33.0, 33.0, 33.0, 33.0]",COMPLETE
