,number,value,datetime_start,datetime_complete,duration,params_batch_size_scaler,params_constant_learning_rate,params_depth,params_epochs,params_kernel_l2,params_num_trees,params_temperature,user_attrs_accuracy_test,user_attrs_accuracy_valid,user_attrs_approximate_feature_sparsity,user_attrs_approximate_feature_sparsity_history,user_attrs_approximate_weight_sparsity,user_attrs_approximate_weight_sparsity_history,user_attrs_auc_test,user_attrs_auc_valid,user_attrs_feature_sparsity,user_attrs_feature_sparsity_history,user_attrs_num_epochs,user_attrs_val_loss_history,user_attrs_weight_sparsity,user_attrs_weight_sparsity_history,state
89,89,0.5,2024-08-31 04:10:44.063349,2024-08-31 04:11:53.894289,0 days 00:01:09.830940,16,0.4494160600706851,2,455,0.002982536178493329,2,0.00822405133821882,0.859,0.85875,0,"[20, 0, 0, 0, 0, 0, 0, 0, 0, 0, 0, 0, 0, 0, 0, 0, 0, 0, 0, 0, 0, 0, 0, 0, 0, 0, 0, 0, 0, 0, 0, 0, 0, 0, 0, 0, 0, 0, 0, 0, 0, 0, 0, 0, 0, 0, 0, 0, 0, 0, 0, 0, 0, 0, 0, 0, 0, 0, 0, 0, 0, 0, 0, 0, 0, 0, 0, 0, 0, 0, 0, 0, 0, 0, 0, 0, 0, 0, 0, 0, 0, 0, 0, 0, 0, 0, 0, 0, 0, 0, 0, 0, 0, 0, 0, 0, 0, 0, 0, 0, 0, 0, 0, 0, 0, 0, 0, 0, 0, 0, 0, 0, 0, 0, 0, 0, 0, 0, 0, 0, 0, 0, 0, 0, 0, 0, 0, 0, 0, 0, 0, 0, 0, 0, 0, 0, 0, 0, 0, 0, 0, 0, 0, 0, 0, 0, 0, 0, 0, 0, 0, 0, 0, 0, 0, 0, 0, 0, 0, 0, 0, 0, 0, 0, 0, 0, 0, 0, 0, 0, 0, 0, 0, 0, 0, 0, 0, 0, 0, 0, 0, 0, 0, 0, 0, 0, 0, 0, 0, 0, 0, 0, 0, 0, 0, 0, 0, 0, 0, 0, 0, 0, 0, 0, 0, 0, 0, 0, 0, 0, 0, 0, 0, 0, 0, 0, 0, 0, 0, 0, 0, 0, 0, 0, 0, 0, 0, 0, 0, 0, 0, 0, 0, 0, 0, 0, 0, 0, 0, 0, 0, 0, 0, 0, 0, 0, 0, 0, 0, 0, 0, 0, 0, 0, 0, 0, 0, 0, 0, 0, 0, 0, 0, 0, 0, 0, 0, 0, 0, 0, 0, 0, 0, 0, 0, 0, 0, 0, 0, 0, 0, 0, 0, 0, 0, 0, 0, 0, 0, 0, 0, 0, 0, 0, 0, 0, 0, 0, 0, 0, 0, 0, 0, 0, 0, 0, 0, 0, 0, 0, 0, 0, 0, 0, 0, 0, 0, 0, 0, 0, 0, 0, 0, 0, 0, 0, 0, 0, 0, 0, 0, 0, 0, 0, 0, 0, 0, 0, 0, 0, 0, 0, 0, 0, 0, 0, 0, 0, 0, 0, 0, 0, 0, 0, 0, 0, 0, 0, 0, 0, 0, 0, 0, 0, 0, 0, 0, 0, 0, 0, 0, 0, 0, 0, 0, 0, 0, 0, 0, 0, 0, 0, 0, 0, 0, 0, 0, 0, 0, 0, 0, 0, 0, 0, 0, 0, 0, 0, 0, 0, 0, 0, 0, 0, 0, 0, 0, 0, 0, 0, 0, 0, 0, 0, 0, 0, 0, 0, 0, 0, 0, 0, 0, 0, 0, 0, 0, 0, 0, 0, 0, 0, 0, 0, 0, 0, 0, 0, 0, 0, 0, 0, 0, 0, 0, 0, 0, 0, 0, 0, 0, 0, 0, 0, 0]",0.0,"[20.0, 0.0, 0.0, 0.0, 0.0, 0.0, 0.0, 0.0, 0.0, 0.0, 0.0, 0.0, 0.0, 0.0, 0.0, 0.0, 0.0, 0.0, 0.0, 0.0, 0.0, 0.0, 0.0, 0.0, 0.0, 0.0, 0.0, 0.0, 0.0, 0.0, 0.0, 0.0, 0.0, 0.0, 0.0, 0.0, 0.0, 0.0, 0.0, 0.0, 0.0, 0.0, 0.0, 0.0, 0.0, 0.0, 0.0, 0.0, 0.0, 0.0, 0.0, 0.0, 0.0, 0.0, 0.0, 0.0, 0.0, 0.0, 0.0, 0.0, 0.0, 0.0, 0.0, 0.0, 0.0, 0.0, 0.0, 0.0, 0.0, 0.0, 0.0, 0.0, 0.0, 0.0, 0.0, 0.0, 0.0, 0.0, 0.0, 0.0, 0.0, 0.0, 0.0, 0.0, 0.0, 0.0, 0.0, 0.0, 0.0, 0.0, 0.0, 0.0, 0.0, 0.0, 0.0, 0.0, 0.0, 0.0, 0.0, 0.0, 0.0, 0.0, 0.0, 0.0, 0.0, 0.0, 0.0, 0.0, 0.0, 0.0, 0.0, 0.0, 0.0, 0.0, 0.0, 0.0, 0.0, 0.0, 0.0, 0.0, 0.0, 0.0, 0.0, 0.0, 0.0, 0.0, 0.0, 0.0, 0.0, 0.0, 0.0, 0.0, 0.0, 0.0, 0.0, 0.0, 0.0, 0.0, 0.0, 0.0, 0.0, 0.0, 0.0, 0.0, 0.0, 0.0, 0.0, 0.0, 0.0, 0.0, 0.0, 0.0, 0.0, 0.0, 0.0, 0.0, 0.0, 0.0, 0.0, 0.0, 0.0, 0.0, 0.0, 0.0, 0.0, 0.0, 0.0, 0.0, 0.0, 0.0, 0.0, 0.0, 0.0, 0.0, 0.0, 0.0, 0.0, 0.0, 0.0, 0.0, 0.0, 0.0, 0.0, 0.0, 0.0, 0.0, 0.0, 0.0, 0.0, 0.0, 0.0, 0.0, 0.0, 0.0, 0.0, 0.0, 0.0, 0.0, 0.0, 0.0, 0.0, 0.0, 0.0, 0.0, 0.0, 0.0, 0.0, 0.0, 0.0, 0.0, 0.0, 0.0, 0.0, 0.0, 0.0, 0.0, 0.0, 0.0, 0.0, 0.0, 0.0, 0.0, 0.0, 0.0, 0.0, 0.0, 0.0, 0.0, 0.0, 0.0, 0.0, 0.0, 0.0, 0.0, 0.0, 0.0, 0.0, 0.0, 0.0, 0.0, 0.0, 0.0, 0.0, 0.0, 0.0, 0.0, 0.0, 0.0, 0.0, 0.0, 0.0, 0.0, 0.0, 0.0, 0.0, 0.0, 0.0, 0.0, 0.0, 0.0, 0.0, 0.0, 0.0, 0.0, 0.0, 0.0, 0.0, 0.0, 0.0, 0.0, 0.0, 0.0, 0.0, 0.0, 0.0, 0.0, 0.0, 0.0, 0.0, 0.0, 0.0, 0.0, 0.0, 0.0, 0.0, 0.0, 0.0, 0.0, 0.0, 0.0, 0.0, 0.0, 0.0, 0.0, 0.0, 0.0, 0.0, 0.0, 0.0, 0.0, 0.0, 0.0, 0.0, 0.0, 0.0, 0.0, 0.0, 0.0, 0.0, 0.0, 0.0, 0.0, 0.0, 0.0, 0.0, 0.0, 0.0, 0.0, 0.0, 0.0, 0.0, 0.0, 0.0, 0.0, 0.0, 0.0, 0.0, 0.0, 0.0, 0.0, 0.0, 0.0, 0.0, 0.0, 0.0, 0.0, 0.0, 0.0, 0.0, 0.0, 0.0, 0.0, 0.0, 0.0, 0.0, 0.0, 0.0, 0.0, 0.0, 0.0, 0.0, 0.0, 0.0, 0.0, 0.0, 0.0, 0.0, 0.0, 0.0, 0.0, 0.0, 0.0, 0.0, 0.0, 0.0, 0.0, 0.0, 0.0, 0.0, 0.0, 0.0, 0.0, 0.0, 0.0, 0.0, 0.0, 0.0, 0.0, 0.0, 0.0, 0.0, 0.0, 0.0, 0.0, 0.0, 0.0, 0.0, 0.0, 0.0, 0.0, 0.0, 0.0, 0.0, 0.0, 0.0, 0.0, 0.0, 0.0, 0.0, 0.0, 0.0, 0.0, 0.0, 0.0, 0.0, 0.0, 0.0, 0.0, 0.0, 0.0, 0.0, 0.0, 0.0, 0.0, 0.0, 0.0, 0.0, 0.0, 0.0, 0.0, 0.0, 0.0, 0.0, 0.0, 0.0, 0.0, 0.0, 0.0, 0.0, 0.0, 0.0, 0.0, 0.0, 0.0, 0.0, 0.0, 0.0, 0.0, 0.0, 0.0, 0.0, 0.0, 0.0, 0.0, 0.0, 0.0, 0.0, 0.0, 0.0, 0.0, 0.0, 0.0, 0.0, 0.0, 0.0]",0.5,0.5,0,"[20, 0, 0, 0, 0, 0, 0, 0, 0, 0, 0, 0, 0, 0, 0, 0, 0, 0, 0, 0, 0, 0, 0, 0, 0, 0, 0, 0, 0, 0, 0, 0, 0, 0, 0, 0, 0, 0, 0, 0, 0, 0, 0, 0, 0, 0, 0, 0, 0, 0, 0, 0, 0, 0, 0, 0, 0, 0, 0, 0, 0, 0, 0, 0, 0, 0, 0, 0, 0, 0, 0, 0, 0, 0, 0, 0, 0, 0, 0, 0, 0, 0, 0, 0, 0, 0, 0, 0, 0, 0, 0, 0, 0, 0, 0, 0, 0, 0, 0, 0, 0, 0, 0, 0, 0, 0, 0, 0, 0, 0, 0, 0, 0, 0, 0, 0, 0, 0, 0, 0, 0, 0, 0, 0, 0, 0, 0, 0, 0, 0, 0, 0, 0, 0, 0, 0, 0, 0, 0, 0, 0, 0, 0, 0, 0, 0, 0, 0, 0, 0, 0, 0, 0, 0, 0, 0, 0, 0, 0, 0, 0, 0, 0, 0, 0, 0, 0, 0, 0, 0, 0, 0, 0, 0, 0, 0, 0, 0, 0, 0, 0, 0, 0, 0, 0, 0, 0, 0, 0, 0, 0, 0, 0, 0, 0, 0, 0, 0, 0, 0, 0, 0, 0, 0, 0, 0, 0, 0, 0, 0, 0, 0, 0, 0, 0, 0, 0, 0, 0, 0, 0, 0, 0, 0, 0, 0, 0, 0, 0, 0, 0, 0, 0, 0, 0, 0, 0, 0, 0, 0, 0, 0, 0, 0, 0, 0, 0, 0, 0, 0, 0, 0, 0, 0, 0, 0, 0, 0, 0, 0, 0, 0, 0, 0, 0, 0, 0, 0, 0, 0, 0, 0, 0, 0, 0, 0, 0, 0, 0, 0, 0, 0, 0, 0, 0, 0, 0, 0, 0, 0, 0, 0, 0, 0, 0, 0, 0, 0, 0, 0, 0, 0, 0, 0, 0, 0, 0, 0, 0, 0, 0, 0, 0, 0, 0, 0, 0, 0, 0, 0, 0, 0, 0, 0, 0, 0, 0, 0, 0, 0, 0, 0, 0, 0, 0, 0, 0, 0, 0, 0, 0, 0, 0, 0, 0, 0, 0, 0, 0, 0, 0, 0, 0, 0, 0, 0, 0, 0, 0, 0, 0, 0, 0, 0, 0, 0, 0, 0, 0, 0, 0, 0, 0, 0, 0, 0, 0, 0, 0, 0, 0, 0, 0, 0, 0, 0, 0, 0, 0, 0, 0, 0, 0, 0, 0, 0, 0, 0, 0, 0, 0, 0, 0, 0, 0, 0, 0, 0, 0, 0, 0, 0, 0, 0, 0, 0, 0, 0, 0, 0, 0, 0, 0, 0, 0, 0, 0, 0, 0, 0, 0, 0, 0, 0, 0, 0, 0, 0, 0, 0, 0, 0, 0, 0, 0, 0, 0, 0, 0, 0, 0, 0, 0, 0, 0]",455,"[0.41486671566963196, 0.41217759251594543, 0.40798401832580566, 0.40741103887557983, 0.40724027156829834, 0.40730389952659607, 0.407227486371994, 0.40723854303359985, 0.40722721815109253, 0.40722620487213135, 0.40723299980163574, 0.40723729133605957, 0.40723487734794617, 0.40725040435791016, 0.4072261452674866, 0.4072411060333252, 0.4072296917438507, 0.4072336256504059, 0.4072640538215637, 0.4072261452674866, 0.407228022813797, 0.40723904967308044, 0.40722641348838806, 0.4072265625, 0.407260924577713, 0.4072670638561249, 0.4072338342666626, 0.40724700689315796, 0.4072270691394806, 0.4072275459766388, 0.40722960233688354, 0.4072709381580353, 0.4072935879230499, 0.4073573648929596, 0.4072350561618805, 0.40728020668029785, 0.4072338044643402, 0.4072648882865906, 0.40722617506980896, 0.4072279632091522, 0.4072400629520416, 0.4072555601596832, 0.4072284400463104, 0.4072813391685486, 0.4072680175304413, 0.4072324335575104, 0.40722858905792236, 0.4072488844394684, 0.40724045038223267, 0.4072261452674866, 0.4073246419429779, 0.407263845205307, 0.4072410464286804, 0.4072263240814209, 0.4072328209877014, 0.407230019569397, 0.4072323739528656, 0.40724465250968933, 0.4072291851043701, 0.4072279632091522, 0.4072268009185791, 0.4072558283805847, 0.4072470963001251, 0.40722665190696716, 0.40723609924316406, 0.4072323143482208, 0.4072268009185791, 0.4072340726852417, 0.40723228454589844, 0.4072346091270447, 0.40723350644111633, 0.40723472833633423, 0.40723106265068054, 0.4072277843952179, 0.4072262644767761, 0.40722620487213135, 0.4072445034980774, 0.40722641348838806, 0.40722766518592834, 0.4072261154651642, 0.407227486371994, 0.40724003314971924, 0.4072359502315521, 0.4072335958480835, 0.40724071860313416, 0.40723350644111633, 0.40724173188209534, 0.4072302281856537, 0.4072313606739044, 0.40725967288017273, 0.4072851836681366, 0.4072262942790985, 0.40726548433303833, 0.4072837829589844, 0.40725353360176086, 0.4072262644767761, 0.40723279118537903, 0.4072275161743164, 0.40722984075546265, 0.4072272479534149, 0.4072301983833313, 0.4072967767715454, 0.40728434920310974, 0.40722760558128357, 0.4072285592556, 0.4072279632091522, 0.40724170207977295, 0.40723374485969543, 0.4072261154651642, 0.4072284698486328, 0.40722912549972534, 0.40723586082458496, 0.4072301983833313, 0.40722915530204773, 0.4072261452674866, 0.40722858905792236, 0.40722692012786865, 0.4072262644767761, 0.4072301387786865, 0.4072261452674866, 0.4072304666042328, 0.4072340428829193, 0.407236784696579, 0.40722817182540894, 0.4072493016719818, 0.4072309136390686, 0.40724849700927734, 0.4072268009185791, 0.40723422169685364, 0.40722617506980896, 0.4072434902191162, 0.40723681449890137, 0.40724408626556396, 0.40722620487213135, 0.4072314202785492, 0.40722692012786865, 0.4072292447090149, 0.40723690390586853, 0.407234787940979, 0.4072355329990387, 0.4072272479534149, 0.40722915530204773, 0.4072265625, 0.40722668170928955, 0.4072670340538025, 0.4073316156864166, 0.4072263836860657, 0.40722712874412537, 0.40723246335983276, 0.4072275161743164, 0.4072278141975403, 0.40724363923072815, 0.4072268307209015, 0.4072703421115875, 0.4072566628456116, 0.407241553068161, 0.4072299301624298, 0.4072301387786865, 0.4072277843952179, 0.4072321653366089, 0.4072522222995758, 0.4072451889514923, 0.4072282314300537, 0.4072287380695343, 0.40722769498825073, 0.40722620487213135, 0.4072328209877014, 0.4072454571723938, 0.40723007917404175, 0.4072263836860657, 0.40724265575408936, 0.40722620487213135, 0.4072283208370209, 0.40722694993019104, 0.4072269797325134, 0.4072265625, 0.4072263836860657, 0.4072270691394806, 0.4072529673576355, 0.4072262644767761, 0.4072338342666626, 0.4072282314300537, 0.4072268307209015, 0.40722620487213135, 0.40722957253456116, 0.40724822878837585, 0.40722838044166565, 0.4072280526161194, 0.4072343111038208, 0.4072270095348358, 0.40722712874412537, 0.40722644329071045, 0.4072314202785492, 0.40723952651023865, 0.4072304964065552, 0.4072265625, 0.4072292745113373, 0.4072502553462982, 0.4072261154651642, 0.4072326719760895, 0.4072380065917969, 0.4072261154651642, 0.40726011991500854, 0.40722617506980896, 0.40724387764930725, 0.40723830461502075, 0.407259076833725, 0.4072301983833313, 0.40722981095314026, 0.4072565734386444, 0.40722692012786865, 0.4072285592556, 0.4072369337081909, 0.4072338342666626, 0.407238245010376, 0.4072282314300537, 0.4072299897670746, 0.4072655737400055, 0.4072336256504059, 0.4072261154651642, 0.4072267413139343, 0.4072340130805969, 0.40722692012786865, 0.4072287678718567, 0.4072311520576477, 0.4072303771972656, 0.407230019569397, 0.40722620487213135, 0.4072262644767761, 0.4072307348251343, 0.40723124146461487, 0.4072358310222626, 0.4072270095348358, 0.4072381854057312, 0.40723687410354614, 0.40722694993019104, 0.4072278141975403, 0.4072360098361969, 0.40722742676734924, 0.40723252296447754, 0.4072261452674866, 0.40723660588264465, 0.4072299301624298, 0.40724533796310425, 0.40723296999931335, 0.4072262644767761, 0.4072427451610565, 0.4072325527667999, 0.40722888708114624, 0.4072456359863281, 0.40727388858795166, 0.40722620487213135, 0.4072261154651642, 0.407231867313385, 0.4072408974170685, 0.4072430431842804, 0.40727701783180237, 0.4072268307209015, 0.4072358012199402, 0.4072374105453491, 0.40723803639411926, 0.4072283208370209, 0.40723010897636414, 0.40724799036979675, 0.40724948048591614, 0.40730053186416626, 0.40726616978645325, 0.4072486460208893, 0.4072829782962799, 0.40723881125450134, 0.407230943441391, 0.4072265923023224, 0.40722617506980896, 0.40723732113838196, 0.40722882747650146, 0.40722933411598206, 0.40723922848701477, 0.4072267413139343, 0.40723150968551636, 0.4072345495223999, 0.4072277843952179, 0.4072261452674866, 0.4072263836860657, 0.4072262644767761, 0.40723347663879395, 0.40723147988319397, 0.40723714232444763, 0.4072261452674866, 0.4072505831718445, 0.40722763538360596, 0.40725716948509216, 0.4072321355342865, 0.40723881125450134, 0.40725499391555786, 0.4072275459766388, 0.4072273373603821, 0.40722668170928955, 0.40722763538360596, 0.40723106265068054, 0.4072384238243103, 0.4072284400463104, 0.40726208686828613, 0.4072445333003998, 0.4072604477405548, 0.407227486371994, 0.4072268009185791, 0.40723592042922974, 0.4072268009185791, 0.40722888708114624, 0.40722620487213135, 0.4072415232658386, 0.40722692012786865, 0.40722665190696716, 0.4072513282299042, 0.4072263836860657, 0.4072272479534149, 0.4072261452674866, 0.4072263240814209, 0.4072490334510803, 0.4072569012641907, 0.4072275161743164, 0.40723931789398193, 0.40723782777786255, 0.40722811222076416, 0.4072359800338745, 0.40723252296447754, 0.4072292745113373, 0.40723392367362976, 0.4072261154651642, 0.4072261452674866, 0.4072427749633789, 0.40722739696502686, 0.40723124146461487, 0.40722817182540894, 0.40725284814834595, 0.407242089509964, 0.4072338342666626, 0.4072302579879761, 0.40722760558128357, 0.4072344899177551, 0.4072434902191162, 0.40723007917404175, 0.40723225474357605, 0.4072279632091522, 0.4072496294975281, 0.4072272479534149, 0.407230019569397, 0.4072261154651642, 0.40724289417266846, 0.4072263240814209, 0.407227486371994, 0.4072294235229492, 0.40723079442977905, 0.40722644329071045, 0.4072268009185791, 0.40722617506980896, 0.40724316239356995, 0.4072282314300537, 0.40722617506980896, 0.407230406999588, 0.40722763538360596, 0.4072277545928955, 0.4072261154651642, 0.40722617506980896, 0.4072261154651642, 0.4072405993938446, 0.4072280526161194, 0.4072260558605194, 0.4072263240814209, 0.4072927236557007, 0.4072287678718567, 0.40724116563796997, 0.4072408378124237, 0.40723130106925964, 0.40724900364875793, 0.40722617506980896, 0.40724316239356995, 0.4072262942790985, 0.40722861886024475, 0.4072341024875641, 0.40723490715026855, 0.40722769498825073, 0.4072357416152954, 0.4072307348251343, 0.4072278141975403, 0.407230406999588, 0.40722617506980896, 0.4072328209877014, 0.4072263836860657, 0.40722742676734924, 0.4072269797325134, 0.4072261452674866, 0.4072362780570984, 0.4072301983833313, 0.4072326421737671, 0.4072263240814209, 0.4072366952896118, 0.4072261452674866, 0.40722617506980896, 0.40722620487213135, 0.40724116563796997, 0.4072299897670746, 0.40722978115081787, 0.4072265923023224, 0.40722739696502686, 0.4072318971157074, 0.40724655985832214, 0.4072381258010864, 0.4072369337081909, 0.40723368525505066, 0.4072315990924835, 0.40722620487213135, 0.4072272479534149, 0.40722915530204773, 0.4072372317314148, 0.4072267413139343, 0.4072486162185669, 0.407245934009552, 0.4072839617729187, 0.4072267413139343, 0.4072270691394806, 0.4072268307209015, 0.4072384536266327, 0.40726393461227417, 0.4072267413139343, 0.4072295129299164, 0.4072261154651642, 0.4072352349758148, 0.40724414587020874, 0.4072261154651642, 0.4072509706020355, 0.4072534143924713, 0.40733256936073303, 0.4072347581386566, 0.4072505831718445, 0.4072340428829193, 0.4072518050670624, 0.4072352349758148, 0.4072457551956177, 0.40722617506980896, 0.4072396755218506, 0.4072261452674866, 0.40722620487213135, 0.40722617506980896, 0.4072261452674866, 0.4072263836860657, 0.40723758935928345, 0.4072262644767761, 0.4072338938713074, 0.4072262942790985, 0.40723103284835815, 0.4072291851043701, 0.40722739696502686, 0.4072308838367462, 0.4072292447090149]",0.0,"[20.0, 0.0, 0.0, 0.0, 0.0, 0.0, 0.0, 0.0, 0.0, 0.0, 0.0, 0.0, 0.0, 0.0, 0.0, 0.0, 0.0, 0.0, 0.0, 0.0, 0.0, 0.0, 0.0, 0.0, 0.0, 0.0, 0.0, 0.0, 0.0, 0.0, 0.0, 0.0, 0.0, 0.0, 0.0, 0.0, 0.0, 0.0, 0.0, 0.0, 0.0, 0.0, 0.0, 0.0, 0.0, 0.0, 0.0, 0.0, 0.0, 0.0, 0.0, 0.0, 0.0, 0.0, 0.0, 0.0, 0.0, 0.0, 0.0, 0.0, 0.0, 0.0, 0.0, 0.0, 0.0, 0.0, 0.0, 0.0, 0.0, 0.0, 0.0, 0.0, 0.0, 0.0, 0.0, 0.0, 0.0, 0.0, 0.0, 0.0, 0.0, 0.0, 0.0, 0.0, 0.0, 0.0, 0.0, 0.0, 0.0, 0.0, 0.0, 0.0, 0.0, 0.0, 0.0, 0.0, 0.0, 0.0, 0.0, 0.0, 0.0, 0.0, 0.0, 0.0, 0.0, 0.0, 0.0, 0.0, 0.0, 0.0, 0.0, 0.0, 0.0, 0.0, 0.0, 0.0, 0.0, 0.0, 0.0, 0.0, 0.0, 0.0, 0.0, 0.0, 0.0, 0.0, 0.0, 0.0, 0.0, 0.0, 0.0, 0.0, 0.0, 0.0, 0.0, 0.0, 0.0, 0.0, 0.0, 0.0, 0.0, 0.0, 0.0, 0.0, 0.0, 0.0, 0.0, 0.0, 0.0, 0.0, 0.0, 0.0, 0.0, 0.0, 0.0, 0.0, 0.0, 0.0, 0.0, 0.0, 0.0, 0.0, 0.0, 0.0, 0.0, 0.0, 0.0, 0.0, 0.0, 0.0, 0.0, 0.0, 0.0, 0.0, 0.0, 0.0, 0.0, 0.0, 0.0, 0.0, 0.0, 0.0, 0.0, 0.0, 0.0, 0.0, 0.0, 0.0, 0.0, 0.0, 0.0, 0.0, 0.0, 0.0, 0.0, 0.0, 0.0, 0.0, 0.0, 0.0, 0.0, 0.0, 0.0, 0.0, 0.0, 0.0, 0.0, 0.0, 0.0, 0.0, 0.0, 0.0, 0.0, 0.0, 0.0, 0.0, 0.0, 0.0, 0.0, 0.0, 0.0, 0.0, 0.0, 0.0, 0.0, 0.0, 0.0, 0.0, 0.0, 0.0, 0.0, 0.0, 0.0, 0.0, 0.0, 0.0, 0.0, 0.0, 0.0, 0.0, 0.0, 0.0, 0.0, 0.0, 0.0, 0.0, 0.0, 0.0, 0.0, 0.0, 0.0, 0.0, 0.0, 0.0, 0.0, 0.0, 0.0, 0.0, 0.0, 0.0, 0.0, 0.0, 0.0, 0.0, 0.0, 0.0, 0.0, 0.0, 0.0, 0.0, 0.0, 0.0, 0.0, 0.0, 0.0, 0.0, 0.0, 0.0, 0.0, 0.0, 0.0, 0.0, 0.0, 0.0, 0.0, 0.0, 0.0, 0.0, 0.0, 0.0, 0.0, 0.0, 0.0, 0.0, 0.0, 0.0, 0.0, 0.0, 0.0, 0.0, 0.0, 0.0, 0.0, 0.0, 0.0, 0.0, 0.0, 0.0, 0.0, 0.0, 0.0, 0.0, 0.0, 0.0, 0.0, 0.0, 0.0, 0.0, 0.0, 0.0, 0.0, 0.0, 0.0, 0.0, 0.0, 0.0, 0.0, 0.0, 0.0, 0.0, 0.0, 0.0, 0.0, 0.0, 0.0, 0.0, 0.0, 0.0, 0.0, 0.0, 0.0, 0.0, 0.0, 0.0, 0.0, 0.0, 0.0, 0.0, 0.0, 0.0, 0.0, 0.0, 0.0, 0.0, 0.0, 0.0, 0.0, 0.0, 0.0, 0.0, 0.0, 0.0, 0.0, 0.0, 0.0, 0.0, 0.0, 0.0, 0.0, 0.0, 0.0, 0.0, 0.0, 0.0, 0.0, 0.0, 0.0, 0.0, 0.0, 0.0, 0.0, 0.0, 0.0, 0.0, 0.0, 0.0, 0.0, 0.0, 0.0, 0.0, 0.0, 0.0, 0.0, 0.0, 0.0, 0.0, 0.0, 0.0, 0.0, 0.0, 0.0, 0.0, 0.0, 0.0, 0.0, 0.0, 0.0, 0.0, 0.0, 0.0, 0.0, 0.0, 0.0, 0.0, 0.0, 0.0, 0.0, 0.0, 0.0, 0.0, 0.0, 0.0, 0.0, 0.0, 0.0, 0.0, 0.0, 0.0, 0.0, 0.0, 0.0, 0.0, 0.0, 0.0, 0.0, 0.0, 0.0, 0.0, 0.0, 0.0, 0.0, 0.0, 0.0, 0.0, 0.0, 0.0, 0.0, 0.0, 0.0, 0.0, 0.0, 0.0, 0.0, 0.0, 0.0]",COMPLETE
