,number,value,datetime_start,datetime_complete,duration,params_batch_size_scaler,params_constant_learning_rate,params_depth,params_epochs,params_kernel_l2,params_num_trees,params_temperature,user_attrs_accuracy_test,user_attrs_accuracy_valid,user_attrs_approximate_feature_sparsity,user_attrs_approximate_feature_sparsity_history,user_attrs_approximate_weight_sparsity,user_attrs_approximate_weight_sparsity_history,user_attrs_auc_test,user_attrs_auc_valid,user_attrs_feature_sparsity,user_attrs_feature_sparsity_history,user_attrs_num_epochs,user_attrs_val_loss_history,user_attrs_weight_sparsity,user_attrs_weight_sparsity_history,state
42,42,0.6088418286509255,2024-08-31 02:34:13.563729,2024-08-31 02:35:11.406030,0 days 00:00:57.842301,64,0.5371913134274213,5,435,0.0019753771609691746,3,0.07768356049899885,0.859,0.85875,1,"[33, 15, 1, 1, 1, 1, 1, 1, 1, 1, 1, 1, 1, 1, 1, 1, 1, 1, 1, 1, 1, 1, 1, 1, 1, 1, 1, 1, 1, 1, 1, 1, 1, 1, 1, 1, 1, 1, 1, 1, 1, 1, 1, 1, 1, 1, 1, 1, 1, 1, 1, 1, 1, 1, 1, 1, 1, 1, 1, 1, 1, 1, 1, 1, 1, 1, 1, 1, 1, 1, 1, 1, 1, 1, 1, 1, 1, 1, 1, 1, 1, 1, 1, 1, 1, 1, 1, 1, 1, 1, 1, 1, 1, 1, 1, 1, 1, 1, 1, 1, 1, 1, 1, 1, 1, 1, 1, 1, 1, 1, 1, 1, 1, 1, 1, 1, 1, 1, 1, 1, 1, 1, 1, 1, 1, 1, 1, 1, 1, 1, 1, 1, 1, 1, 1, 1, 1, 1, 1, 1, 1, 1, 1, 1, 1, 1, 1, 1, 1, 1, 1, 1, 1, 1, 1, 1, 1, 1, 1, 1, 1, 1, 1, 1, 1, 1, 1, 1, 1, 1, 1, 1, 1, 1, 1, 1, 1, 1, 1, 1, 1, 1, 1, 1, 1, 1, 1, 1, 1, 1, 1, 1, 1, 1, 1, 1, 1, 1, 1, 1, 1, 1, 1, 1, 1, 1, 1, 1, 1, 1, 1, 1, 1, 1, 1, 1, 1, 1, 1, 1, 1, 1, 1, 1, 1, 1, 1, 1, 1, 1, 1, 1, 1, 1, 1, 1, 1, 1, 1, 1, 1, 1, 1, 1, 1, 1, 1, 1, 1, 1, 1, 1, 1, 1, 1, 1, 1, 1, 1, 1, 1, 1, 1, 1, 1, 1, 1, 1, 1, 1, 1, 1, 1, 1, 1, 1, 1, 1, 1, 1, 1, 1, 1, 1, 1, 1, 1, 1, 1, 1, 1, 1, 1, 1, 1, 1, 1, 1, 1, 1, 1, 1, 1, 1, 1, 1, 1, 1, 1, 1, 1, 1, 1, 1, 1, 1, 1, 1, 1, 1, 1, 1, 1, 1, 1, 1, 1, 1, 1, 1, 1, 1, 1, 1, 1, 1, 1, 1, 1, 1, 1, 1, 1, 1, 1, 1, 1, 1, 1, 1, 1, 1, 1, 1, 1, 1, 1, 1, 1, 1, 1, 1, 1, 1, 1, 1, 1, 1, 1, 1, 1, 1, 1, 1, 1, 1, 1, 1, 1, 1, 1, 1, 1, 1, 1, 1, 1, 1, 1, 1, 1, 1, 1, 1, 1, 1, 1, 1, 1, 1, 1, 1, 1, 1, 1, 1, 1, 1, 1, 1, 1, 1, 1, 1, 1, 1, 1, 1, 1, 1, 1, 1, 1, 1, 1, 1, 1, 1, 1, 1, 1, 1, 1, 1, 1]",1.0,"[32.97849462365591, 15.0, 1.0, 1.0, 1.0, 1.0, 1.0, 1.0, 0.989247311827957, 1.0, 1.0, 1.0, 1.0, 1.0, 1.0, 1.0, 1.0, 1.0, 1.0, 1.0, 1.0, 1.0, 1.0, 1.0, 1.0, 1.0, 1.0, 1.0, 1.0, 1.0, 1.0, 1.0, 1.0, 1.0, 1.0, 1.0, 1.0, 1.0, 1.0, 1.0, 1.0, 1.0, 1.0, 1.0, 1.0, 1.0, 1.0, 1.0, 1.0, 1.0, 1.0, 1.0, 1.0, 1.0, 1.0, 1.0, 1.0, 1.0, 1.0, 1.0, 1.0, 1.0, 1.0, 1.0, 1.0, 1.0, 1.0, 1.0, 1.0, 1.0, 1.0, 1.0, 1.0, 1.0, 1.0, 1.0, 1.0, 0.989247311827957, 1.0, 1.0, 0.989247311827957, 0.989247311827957, 0.989247311827957, 0.989247311827957, 0.989247311827957, 0.989247311827957, 0.989247311827957, 0.989247311827957, 0.989247311827957, 0.989247311827957, 1.0, 1.0, 1.0, 1.0, 1.0, 1.0, 1.0, 1.0, 1.0, 1.0, 1.0, 1.0, 1.0, 1.0, 1.0, 1.0, 1.0, 1.0, 1.0, 1.0, 1.0, 1.0, 1.0, 1.0, 1.0, 1.0, 1.0, 1.0, 1.0, 1.0, 1.0, 1.0, 1.0, 1.0, 1.0, 1.0, 1.0, 1.0, 1.0, 1.0, 1.0, 1.0, 1.0, 1.0, 1.0, 1.0, 1.0, 1.0, 1.0, 1.0, 1.0, 1.0, 1.0, 1.0, 1.0, 1.0, 1.0, 1.0, 1.0, 1.0, 1.0, 1.0, 1.0, 1.0, 1.0, 1.0, 1.0, 1.0, 1.0, 0.989247311827957, 1.0, 1.0, 0.989247311827957, 1.0, 1.0, 1.0, 1.0, 1.0, 1.0, 1.0, 1.0, 1.0, 1.0, 1.0, 1.0, 1.0, 1.0, 1.0, 1.0, 1.0, 1.0, 1.0, 1.0, 1.0, 1.0, 1.0, 1.0, 1.0, 1.0, 1.0, 1.0, 1.0, 1.0, 1.0, 1.0, 1.0, 1.0, 1.0, 1.0, 1.0, 1.0, 1.0, 1.0, 1.0, 1.0, 1.0, 1.0, 1.0, 1.0, 1.0, 1.0, 1.0, 1.0, 1.0, 1.0, 1.0, 1.0, 1.0, 1.0, 1.0, 1.0, 1.0, 1.0, 1.0, 1.0, 1.0, 1.0, 1.0, 1.0, 1.0, 1.0, 1.0, 1.0, 1.0, 1.0, 1.0, 1.0, 1.0, 1.0, 1.0, 1.0, 1.0, 1.0, 1.0, 1.0, 1.0, 1.0, 1.0, 1.0, 1.0, 1.0, 1.0, 1.0, 1.0, 1.0, 1.0, 1.0, 1.0, 1.0, 1.0, 1.0, 1.0, 1.0, 1.0, 1.0, 1.0, 1.0, 1.0, 1.0, 1.0, 1.0, 1.0, 1.0, 1.0, 1.0, 1.0, 1.0, 1.0, 1.0, 1.0, 1.0, 1.0, 1.0, 1.0, 1.0, 1.0, 1.0, 1.0, 1.0, 1.0, 1.0, 1.0, 1.0, 1.0, 1.0, 1.0, 1.0, 1.0, 1.0, 1.0, 1.0, 1.0, 1.0, 1.0, 1.0, 1.0, 1.0, 1.0, 1.0, 1.0, 1.0, 1.0, 1.0, 1.0, 1.0, 1.0, 1.0, 1.0, 1.0, 1.0, 1.0, 1.0, 1.0, 1.0, 1.0, 1.0, 1.0, 1.0, 1.0, 1.0, 1.0, 1.0, 1.0, 1.0, 1.0, 1.0, 1.0, 1.0, 1.0, 1.0, 1.0, 1.0, 1.0, 1.0, 1.0, 1.0, 1.0, 1.0, 1.0, 1.0, 1.0, 1.0, 1.0, 1.0, 1.0, 1.0, 1.0, 1.0, 1.0, 1.0, 1.0, 1.0, 1.0, 1.0, 1.0, 1.0, 1.0, 1.0, 1.0, 1.0, 1.0, 1.0, 1.0, 1.0, 1.0, 1.0, 1.0, 1.0, 1.0, 1.0, 1.0, 1.0, 1.0, 1.0, 1.0, 1.0, 1.0, 1.0, 1.0, 1.0, 1.0, 1.0, 1.0, 1.0, 1.0, 1.0, 1.0, 1.0, 1.0, 1.0, 1.0, 1.0, 1.0, 1.0, 1.0, 1.0, 1.0, 1.0, 1.0, 1.0, 1.0, 1.0, 1.0, 1.0, 1.0, 1.0, 1.0, 1.0, 1.0, 1.0, 1.0, 1.0, 1.0, 1.0, 1.0, 1.0, 1.0, 1.0, 1.0, 0.989247311827957, 0.989247311827957, 1.0, 1.0, 1.0, 1.0]",0.6144865793145584,0.6088418286509255,1,"[33, 15, 1, 1, 1, 1, 1, 1, 1, 1, 1, 1, 1, 1, 1, 1, 1, 1, 1, 1, 1, 1, 1, 1, 1, 1, 1, 1, 1, 1, 1, 1, 1, 1, 1, 1, 1, 1, 1, 1, 1, 1, 1, 1, 1, 1, 1, 1, 1, 1, 1, 1, 1, 1, 1, 1, 1, 1, 1, 1, 1, 1, 1, 1, 1, 1, 1, 1, 1, 1, 1, 1, 1, 1, 1, 1, 1, 1, 1, 1, 1, 1, 1, 1, 1, 1, 1, 1, 1, 1, 1, 1, 1, 1, 1, 1, 1, 1, 1, 1, 1, 1, 1, 1, 1, 1, 1, 1, 1, 1, 1, 1, 1, 1, 1, 1, 1, 1, 1, 1, 1, 1, 1, 1, 1, 1, 1, 1, 1, 1, 1, 1, 1, 1, 1, 1, 1, 1, 1, 1, 1, 1, 1, 1, 1, 1, 1, 1, 1, 1, 1, 1, 1, 1, 1, 1, 1, 1, 1, 1, 1, 1, 1, 1, 1, 1, 1, 1, 1, 1, 1, 1, 1, 1, 1, 1, 1, 1, 1, 1, 1, 1, 1, 1, 1, 1, 1, 1, 1, 1, 1, 1, 1, 1, 1, 1, 1, 1, 1, 1, 1, 1, 1, 1, 1, 1, 1, 1, 1, 1, 1, 1, 1, 1, 1, 1, 1, 1, 1, 1, 1, 1, 1, 1, 1, 1, 1, 1, 1, 1, 1, 1, 1, 1, 1, 1, 1, 1, 1, 1, 1, 1, 1, 1, 1, 1, 1, 1, 1, 1, 1, 1, 1, 1, 1, 1, 1, 1, 1, 1, 1, 1, 1, 1, 1, 1, 1, 1, 1, 1, 1, 1, 1, 1, 1, 1, 1, 1, 1, 1, 1, 1, 1, 1, 1, 1, 1, 1, 1, 1, 1, 1, 1, 1, 1, 1, 1, 1, 1, 1, 1, 1, 1, 1, 1, 1, 1, 1, 1, 1, 1, 1, 1, 1, 1, 1, 1, 1, 1, 1, 1, 1, 1, 1, 1, 1, 1, 1, 1, 1, 1, 1, 1, 1, 1, 1, 1, 1, 1, 1, 1, 1, 1, 1, 1, 1, 1, 1, 1, 1, 1, 1, 1, 1, 1, 1, 1, 1, 1, 1, 1, 1, 1, 1, 1, 1, 1, 1, 1, 1, 1, 1, 1, 1, 1, 1, 1, 1, 1, 1, 1, 1, 1, 1, 1, 1, 1, 1, 1, 1, 1, 1, 1, 1, 1, 1, 1, 1, 1, 1, 1, 1, 1, 1, 1, 1, 1, 1, 1, 1, 1, 1, 1, 1, 1, 1, 1, 1, 1, 1, 1, 1, 1, 1, 1, 1, 1, 1, 1, 1, 1, 1, 1, 1, 1]",435,"[0.6032376289367676, 0.5127559304237366, 0.5023353695869446, 0.46064719557762146, 0.4362274408340454, 0.42054957151412964, 0.4108414351940155, 0.40367594361305237, 0.39914676547050476, 0.3969896733760834, 0.3944411873817444, 0.3933125436306, 0.3921080529689789, 0.39113640785217285, 0.3906756341457367, 0.39029163122177124, 0.38983193039894104, 0.38943207263946533, 0.3889981210231781, 0.388672798871994, 0.38854095339775085, 0.3883727192878723, 0.3882664442062378, 0.3881814181804657, 0.38805851340293884, 0.38803669810295105, 0.38793402910232544, 0.38784149289131165, 0.387749582529068, 0.38767632842063904, 0.3876197338104248, 0.3875843286514282, 0.38762587308883667, 0.38759976625442505, 0.3875761330127716, 0.38743436336517334, 0.38729962706565857, 0.3872314393520355, 0.3871602714061737, 0.3871137499809265, 0.38708651065826416, 0.3870176672935486, 0.38698750734329224, 0.3869533836841583, 0.38690412044525146, 0.386820912361145, 0.38673096895217896, 0.3867048919200897, 0.3866393566131592, 0.386587530374527, 0.38650476932525635, 0.3864170014858246, 0.38644054532051086, 0.38640132546424866, 0.38637375831604004, 0.3862859010696411, 0.38623082637786865, 0.3861381411552429, 0.38617560267448425, 0.3861187696456909, 0.3860987722873688, 0.38607028126716614, 0.38601768016815186, 0.3859127163887024, 0.38584473729133606, 0.38576725125312805, 0.3856731355190277, 0.385601282119751, 0.385555237531662, 0.38554009795188904, 0.3854566812515259, 0.3853907883167267, 0.38534414768218994, 0.3852959871292114, 0.385254442691803, 0.38523441553115845, 0.3852335214614868, 0.38520705699920654, 0.38510555028915405, 0.3850517272949219, 0.38501980900764465, 0.3849796652793884, 0.3848932385444641, 0.3848646283149719, 0.3848002254962921, 0.38474929332733154, 0.38470348715782166, 0.384699285030365, 0.3846787214279175, 0.38466018438339233, 0.38460829854011536, 0.38458573818206787, 0.38455304503440857, 0.38453784584999084, 0.38453730940818787, 0.3845725357532501, 0.38449040055274963, 0.384428471326828, 0.3843749761581421, 0.3843439817428589, 0.38429200649261475, 0.3842710554599762, 0.3842518925666809, 0.38421931862831116, 0.38419684767723083, 0.38418087363243103, 0.3841543197631836, 0.3841506540775299, 0.38411036133766174, 0.38409358263015747, 0.3840969204902649, 0.38407936692237854, 0.384041965007782, 0.3840039074420929, 0.38397762179374695, 0.3839413523674011, 0.3839245140552521, 0.3839018940925598, 0.3838954269886017, 0.38386768102645874, 0.38385501503944397, 0.3838341236114502, 0.38382062315940857, 0.38379818201065063, 0.3838185966014862, 0.3837685286998749, 0.3837403357028961, 0.38371512293815613, 0.38370296359062195, 0.3836800754070282, 0.3836545944213867, 0.3836296796798706, 0.38360968232154846, 0.38360509276390076, 0.3835926055908203, 0.3835931718349457, 0.38358020782470703, 0.38356196880340576, 0.38352254033088684, 0.3835030496120453, 0.3834979236125946, 0.3834722936153412, 0.38349419832229614, 0.3834656774997711, 0.38341590762138367, 0.38338756561279297, 0.38335856795310974, 0.3833371102809906, 0.3833141326904297, 0.38329610228538513, 0.3832871913909912, 0.38327500224113464, 0.38329237699508667, 0.3832811415195465, 0.38331520557403564, 0.3832409977912903, 0.38320761919021606, 0.38318538665771484, 0.3831765353679657, 0.3831730782985687, 0.3831571340560913, 0.3831559121608734, 0.38315388560295105, 0.3831392526626587, 0.3831242620944977, 0.38311630487442017, 0.3831181228160858, 0.3831237554550171, 0.383131742477417, 0.3831203579902649, 0.38313111662864685, 0.3831031024456024, 0.38309136033058167, 0.3830788731575012, 0.3830678462982178, 0.38305720686912537, 0.3830639123916626, 0.38303080201148987, 0.3830231726169586, 0.3830229938030243, 0.38300931453704834, 0.38301464915275574, 0.383012592792511, 0.3829920291900635, 0.3829841613769531, 0.38297218084335327, 0.382954865694046, 0.3829585313796997, 0.38297680020332336, 0.38301581144332886, 0.3830186724662781, 0.3829657733440399, 0.3829233944416046, 0.38293370604515076, 0.382961243391037, 0.3830380141735077, 0.3830055892467499, 0.3830327093601227, 0.38299739360809326, 0.3829919397830963, 0.38291990756988525, 0.382933109998703, 0.3828967809677124, 0.3828824758529663, 0.38285914063453674, 0.3828539252281189, 0.3828733563423157, 0.3828856647014618, 0.382872074842453, 0.3828903138637543, 0.38293135166168213, 0.3830008804798126, 0.3829840421676636, 0.3828909695148468, 0.3828705847263336, 0.3828426003456116, 0.3828218877315521, 0.3828614354133606, 0.38287752866744995, 0.38281959295272827, 0.3828217685222626, 0.38281163573265076, 0.38281959295272827, 0.38279837369918823, 0.3827807605266571, 0.382798433303833, 0.3827725946903229, 0.38278666138648987, 0.3827766180038452, 0.3827740550041199, 0.3827747106552124, 0.3827715218067169, 0.38276463747024536, 0.3827715218067169, 0.38275623321533203, 0.3827596604824066, 0.38275909423828125, 0.3827475309371948, 0.3827500641345978, 0.3827451467514038, 0.3827459216117859, 0.382739782333374, 0.3827489912509918, 0.38273823261260986, 0.38274678587913513, 0.38274243474006653, 0.3827390670776367, 0.3827399015426636, 0.3827371299266815, 0.38273677229881287, 0.3827289640903473, 0.3827221393585205, 0.38272130489349365, 0.3827289938926697, 0.3827396333217621, 0.38274726271629333, 0.38278037309646606, 0.38282835483551025, 0.38273555040359497, 0.38274338841438293, 0.3827224671840668, 0.38273537158966064, 0.3827270269393921, 0.382724404335022, 0.38273125886917114, 0.3827323615550995, 0.3827134072780609, 0.3827405869960785, 0.3827025592327118, 0.38270941376686096, 0.38268575072288513, 0.38268208503723145, 0.3827087879180908, 0.38275837898254395, 0.38273733854293823, 0.3827759027481079, 0.3827072083950043, 0.38267818093299866, 0.3826669454574585, 0.3826751708984375, 0.38266414403915405, 0.3826843500137329, 0.382676362991333, 0.38268333673477173, 0.38266247510910034, 0.3826611042022705, 0.3826618194580078, 0.3826677203178406, 0.38265034556388855, 0.38266751170158386, 0.3826651871204376, 0.3826438784599304, 0.3826392889022827, 0.38264161348342896, 0.38263338804244995, 0.3826359808444977, 0.3826347291469574, 0.3826346695423126, 0.3826444745063782, 0.38262879848480225, 0.38262492418289185, 0.38263753056526184, 0.38265129923820496, 0.38270190358161926, 0.38269197940826416, 0.38269129395484924, 0.3827040493488312, 0.3827233612537384, 0.382686972618103, 0.38281750679016113, 0.3829329311847687, 0.3827713131904602, 0.382729709148407, 0.38272225856781006, 0.3826723098754883, 0.3826760947704315, 0.38265618681907654, 0.3826308846473694, 0.38263005018234253, 0.3826430141925812, 0.3826402425765991, 0.3826819360256195, 0.3826327621936798, 0.38262900710105896, 0.38266581296920776, 0.38267382979393005, 0.38262617588043213, 0.3826534152030945, 0.38264113664627075, 0.38261663913726807, 0.38263413310050964, 0.38264986872673035, 0.3826301693916321, 0.3826044201850891, 0.382604718208313, 0.3826001286506653, 0.3826065957546234, 0.38264521956443787, 0.3827851414680481, 0.3826405704021454, 0.3826755881309509, 0.3826679289340973, 0.3826354146003723, 0.3826192617416382, 0.38260340690612793, 0.38259437680244446, 0.3826053738594055, 0.38262253999710083, 0.3825904428958893, 0.38260337710380554, 0.3825908601284027, 0.3825972080230713, 0.3826042413711548, 0.3825989067554474, 0.3825851380825043, 0.3825837969779968, 0.38258397579193115, 0.38258427381515503, 0.38258862495422363, 0.38258665800094604, 0.3825850784778595, 0.3825870156288147, 0.3825770616531372, 0.38258665800094604, 0.3825756311416626, 0.3825985789299011, 0.3826006054878235, 0.38257625699043274, 0.38258305191993713, 0.3825829029083252, 0.3825901448726654, 0.3825806677341461, 0.38258251547813416, 0.38257426023483276, 0.38258734345436096, 0.3825806677341461, 0.38257896900177, 0.38257676362991333, 0.3825744390487671, 0.3825765550136566, 0.38257938623428345, 0.38258007168769836, 0.38257378339767456, 0.3825792074203491, 0.3825784921646118, 0.3825792074203491, 0.38257405161857605, 0.3826126754283905, 0.38263317942619324, 0.38265690207481384, 0.38261908292770386, 0.38263624906539917, 0.3826808035373688, 0.38267195224761963, 0.38259878754615784, 0.3826083838939667, 0.38265740871429443, 0.38262301683425903, 0.3826618194580078, 0.38265150785446167, 0.3825872540473938, 0.3825732171535492, 0.3825761675834656, 0.38257721066474915, 0.38256990909576416, 0.38258227705955505, 0.382569283246994, 0.38256826996803284, 0.3825749456882477, 0.38256722688674927, 0.3825675845146179, 0.3825647234916687, 0.3825649321079254, 0.3825749158859253, 0.3825712203979492, 0.38257962465286255, 0.38256561756134033, 0.3825675845146179, 0.3825828433036804, 0.3825623393058777, 0.3825679421424866, 0.38256585597991943, 0.3825571537017822, 0.38260215520858765, 0.38265204429626465, 0.38257044553756714, 0.38255417346954346, 0.38255491852760315, 0.3825707733631134, 0.38258665800094604, 0.38259366154670715, 0.38256600499153137, 0.3825727105140686, 0.3825618624687195, 0.3825596570968628]",1.0,"[33.0, 15.0, 1.0, 1.0, 1.0, 1.0, 1.0, 1.0, 1.0, 1.0, 1.0, 1.0, 1.0, 1.0, 1.0, 1.0, 1.0, 1.0, 1.0, 1.0, 1.0, 1.0, 1.0, 1.0, 1.0, 1.0, 1.0, 1.0, 1.0, 1.0, 1.0, 1.0, 1.0, 1.0, 1.0, 1.0, 1.0, 1.0, 1.0, 1.0, 1.0, 1.0, 1.0, 1.0, 1.0, 1.0, 1.0, 1.0, 1.0, 1.0, 1.0, 1.0, 1.0, 1.0, 1.0, 1.0, 1.0, 1.0, 1.0, 1.0, 1.0, 1.0, 1.0, 1.0, 1.0, 1.0, 1.0, 1.0, 1.0, 1.0, 1.0, 1.0, 1.0, 1.0, 1.0, 1.0, 1.0, 1.0, 1.0, 1.0, 1.0, 1.0, 1.0, 1.0, 1.0, 1.0, 1.0, 1.0, 1.0, 1.0, 1.0, 1.0, 1.0, 1.0, 1.0, 1.0, 1.0, 1.0, 1.0, 1.0, 1.0, 1.0, 1.0, 1.0, 1.0, 1.0, 1.0, 1.0, 1.0, 1.0, 1.0, 1.0, 1.0, 1.0, 1.0, 1.0, 1.0, 1.0, 1.0, 1.0, 1.0, 1.0, 1.0, 1.0, 1.0, 1.0, 1.0, 1.0, 1.0, 1.0, 1.0, 1.0, 1.0, 1.0, 1.0, 1.0, 1.0, 1.0, 1.0, 1.0, 1.0, 1.0, 1.0, 1.0, 1.0, 1.0, 1.0, 1.0, 1.0, 1.0, 1.0, 1.0, 1.0, 1.0, 1.0, 1.0, 1.0, 1.0, 1.0, 1.0, 1.0, 1.0, 1.0, 1.0, 1.0, 1.0, 1.0, 1.0, 1.0, 1.0, 1.0, 1.0, 1.0, 1.0, 1.0, 1.0, 1.0, 1.0, 1.0, 1.0, 1.0, 1.0, 1.0, 1.0, 1.0, 1.0, 1.0, 1.0, 1.0, 1.0, 1.0, 1.0, 1.0, 1.0, 1.0, 1.0, 1.0, 1.0, 1.0, 1.0, 1.0, 1.0, 1.0, 1.0, 1.0, 1.0, 1.0, 1.0, 1.0, 1.0, 1.0, 1.0, 1.0, 1.0, 1.0, 1.0, 1.0, 1.0, 1.0, 1.0, 1.0, 1.0, 1.0, 1.0, 1.0, 1.0, 1.0, 1.0, 1.0, 1.0, 1.0, 1.0, 1.0, 1.0, 1.0, 1.0, 1.0, 1.0, 1.0, 1.0, 1.0, 1.0, 1.0, 1.0, 1.0, 1.0, 1.0, 1.0, 1.0, 1.0, 1.0, 1.0, 1.0, 1.0, 1.0, 1.0, 1.0, 1.0, 1.0, 1.0, 1.0, 1.0, 1.0, 1.0, 1.0, 1.0, 1.0, 1.0, 1.0, 1.0, 1.0, 1.0, 1.0, 1.0, 1.0, 1.0, 1.0, 1.0, 1.0, 1.0, 1.0, 1.0, 1.0, 1.0, 1.0, 1.0, 1.0, 1.0, 1.0, 1.0, 1.0, 1.0, 1.0, 1.0, 1.0, 1.0, 1.0, 1.0, 1.0, 1.0, 1.0, 1.0, 1.0, 1.0, 1.0, 1.0, 1.0, 1.0, 1.0, 1.0, 1.0, 1.0, 1.0, 1.0, 1.0, 1.0, 1.0, 1.0, 1.0, 1.0, 1.0, 1.0, 1.0, 1.0, 1.0, 1.0, 1.0, 1.0, 1.0, 1.0, 1.0, 1.0, 1.0, 1.0, 1.0, 1.0, 1.0, 1.0, 1.0, 1.0, 1.0, 1.0, 1.0, 1.0, 1.0, 1.0, 1.0, 1.0, 1.0, 1.0, 1.0, 1.0, 1.0, 1.0, 1.0, 1.0, 1.0, 1.0, 1.0, 1.0, 1.0, 1.0, 1.0, 1.0, 1.0, 1.0, 1.0, 1.0, 1.0, 1.0, 1.0, 1.0, 1.0, 1.0, 1.0, 1.0, 1.0, 1.0, 1.0, 1.0, 1.0, 1.0, 1.0, 1.0, 1.0, 1.0, 1.0, 1.0, 1.0, 1.0, 1.0, 1.0, 1.0, 1.0, 1.0, 1.0, 1.0, 1.0, 1.0, 1.0, 1.0, 1.0, 1.0, 1.0, 1.0, 1.0, 1.0, 1.0, 1.0, 1.0, 1.0, 1.0, 1.0, 1.0, 1.0, 1.0, 1.0, 1.0, 1.0, 1.0, 1.0, 1.0, 1.0, 1.0, 1.0, 1.0, 1.0, 1.0, 1.0, 1.0, 1.0, 1.0, 1.0, 1.0, 1.0]",COMPLETE
