,number,value,datetime_start,datetime_complete,duration,params_batch_size_scaler,params_constant_learning_rate,params_depth,params_epochs,params_kernel_l2,params_num_trees,params_temperature,user_attrs_accuracy_test,user_attrs_accuracy_valid,user_attrs_approximate_feature_sparsity,user_attrs_approximate_feature_sparsity_history,user_attrs_approximate_weight_sparsity,user_attrs_approximate_weight_sparsity_history,user_attrs_auc_test,user_attrs_auc_valid,user_attrs_feature_sparsity,user_attrs_feature_sparsity_history,user_attrs_num_epochs,user_attrs_val_loss_history,user_attrs_weight_sparsity,user_attrs_weight_sparsity_history,state
4,4,0.5,2024-08-31 00:56:03.398077,2024-08-31 01:00:03.467599,0 days 00:04:00.069522,1,0.5028429700389855,3,390,0.04044012790266269,43,0.07264850487520612,0.859,0.85875,0,"[0, 0, 0, 0, 0, 0, 0, 0, 0, 0, 0, 0, 0, 0, 0, 0, 0, 0, 0, 0, 0, 0, 0, 0, 0, 0, 0, 0, 0, 0, 0, 0, 0, 0, 0, 0, 0, 0, 0, 0, 0, 0, 0, 0, 0, 0, 0, 0, 0, 0, 0, 0, 0, 0, 0, 0, 0, 0, 0, 0, 0, 0, 0, 0, 0, 0, 0, 0, 0, 0, 0, 0, 0, 0, 0, 0, 0, 0, 0, 0, 0, 0, 0, 0, 0, 0, 0, 0, 0, 0, 0, 0, 0, 0, 0, 0, 0, 0, 0, 0, 0, 0, 0, 0, 0, 0, 0, 0, 0, 0, 0, 0, 0, 0, 0, 0, 0, 0, 0, 0, 0, 0, 0, 0, 0, 0, 0, 0, 0, 0, 0, 0, 0, 0, 0, 0, 0, 0, 0, 0, 0, 0, 0, 0, 0, 0, 0, 0, 0, 0, 0, 0, 0, 0, 0, 0, 0, 0, 0, 0, 0, 0, 0, 0, 0, 0, 0, 0, 0, 0, 0, 0, 0, 0, 0, 0, 0, 0, 0, 0, 0, 0, 0, 0, 0, 0, 0, 0, 0, 0, 0, 0, 0, 0, 0, 0, 0, 0, 0, 0, 0, 0, 0, 0, 0, 0, 0, 0, 0, 0, 0, 0, 0, 0, 0, 0, 0, 0, 0, 0, 0, 0, 0, 0, 0, 0, 0, 0, 0, 0, 0, 0, 0, 0, 0, 0, 0, 0, 0, 0, 0, 0, 0, 0, 0, 0, 0, 0, 0, 0, 0, 0, 0, 0, 0, 0, 0, 0, 0, 0, 0, 0, 0, 0, 0, 0, 0, 0, 0, 0, 0, 0, 0, 0, 0, 0, 0, 0, 0, 0, 0, 0, 0, 0, 0, 0, 0, 0, 0, 0, 0, 0, 0, 0, 0, 0, 0, 0, 0, 0, 0, 0, 0, 0, 0, 0, 0, 0, 0, 0, 0, 0, 0, 0, 0, 0, 0, 0, 0, 0, 0, 0, 0, 0, 0, 0, 0, 0, 0, 0, 0, 0, 0, 0, 0, 0, 0, 0, 0, 0, 0, 0, 0, 0, 0, 0, 0, 0, 0, 0, 0, 0, 0, 0, 0, 0, 0, 0, 0, 0, 0, 0, 0, 0, 0, 0, 0, 0, 0, 0, 0, 0, 0, 0, 0, 0, 0, 0, 0, 0, 0, 0, 0, 0, 0, 0, 0, 0, 0, 0]",0.0,"[0.0, 0.0, 0.0, 0.0, 0.0, 0.0, 0.0, 0.0, 0.0, 0.0, 0.0, 0.0, 0.0, 0.0, 0.0, 0.0, 0.0, 0.0, 0.0, 0.0, 0.0, 0.0, 0.0, 0.0, 0.0, 0.0, 0.0, 0.0, 0.0, 0.0, 0.0, 0.0, 0.0, 0.0, 0.0, 0.0, 0.0, 0.0, 0.0, 0.0, 0.0, 0.0, 0.0, 0.0, 0.0, 0.0, 0.0, 0.0, 0.0, 0.0, 0.0, 0.0, 0.0, 0.0, 0.0, 0.0, 0.0, 0.0, 0.0, 0.0, 0.0, 0.0, 0.0, 0.0, 0.0, 0.0, 0.0, 0.0, 0.0, 0.0, 0.0, 0.0, 0.0, 0.0, 0.0, 0.0, 0.0, 0.0, 0.0, 0.0, 0.0, 0.0, 0.0, 0.0, 0.0, 0.0, 0.0, 0.0, 0.0, 0.0, 0.0, 0.0, 0.0, 0.0, 0.0, 0.0, 0.0, 0.0, 0.0, 0.0, 0.0, 0.0, 0.0, 0.0, 0.0, 0.0, 0.0, 0.0, 0.0, 0.0, 0.0, 0.0, 0.0, 0.0, 0.0, 0.0, 0.0, 0.0, 0.0, 0.0, 0.0, 0.0, 0.0, 0.0, 0.0, 0.0, 0.0, 0.0, 0.0, 0.0, 0.0, 0.0, 0.0, 0.0, 0.0, 0.0, 0.0, 0.0, 0.0, 0.0, 0.0, 0.0, 0.0, 0.0, 0.0, 0.0, 0.0, 0.0, 0.0, 0.0, 0.0, 0.0, 0.0, 0.0, 0.0, 0.0, 0.0, 0.0, 0.0, 0.0, 0.0, 0.0, 0.0, 0.0, 0.0, 0.0, 0.0, 0.0, 0.0, 0.0, 0.0, 0.0, 0.0, 0.0, 0.0, 0.0, 0.0, 0.0, 0.0, 0.0, 0.0, 0.0, 0.0, 0.0, 0.0, 0.0, 0.0, 0.0, 0.0, 0.0, 0.0, 0.0, 0.0, 0.0, 0.0, 0.0, 0.0, 0.0, 0.0, 0.0, 0.0, 0.0, 0.0, 0.0, 0.0, 0.0, 0.0, 0.0, 0.0, 0.0, 0.0, 0.0, 0.0, 0.0, 0.0, 0.0, 0.0, 0.0, 0.0, 0.0, 0.0, 0.0, 0.0, 0.0, 0.0, 0.0, 0.0, 0.0, 0.0, 0.0, 0.0, 0.0, 0.0, 0.0, 0.0, 0.0, 0.0, 0.0, 0.0, 0.0, 0.0, 0.0, 0.0, 0.0, 0.0, 0.0, 0.0, 0.0, 0.0, 0.0, 0.0, 0.0, 0.0, 0.0, 0.0, 0.0, 0.0, 0.0, 0.0, 0.0, 0.0, 0.0, 0.0, 0.0, 0.0, 0.0, 0.0, 0.0, 0.0, 0.0, 0.0, 0.0, 0.0, 0.0, 0.0, 0.0, 0.0, 0.0, 0.0, 0.0, 0.0, 0.0, 0.0, 0.0, 0.0, 0.0, 0.0, 0.0, 0.0, 0.0, 0.0, 0.0, 0.0, 0.0, 0.0, 0.0, 0.0, 0.0, 0.0, 0.0, 0.0, 0.0, 0.0, 0.0, 0.0, 0.0, 0.0, 0.0, 0.0, 0.0, 0.0, 0.0, 0.0, 0.0, 0.0, 0.0, 0.0, 0.0, 0.0, 0.0, 0.0, 0.0, 0.0, 0.0, 0.0, 0.0, 0.0, 0.0, 0.0, 0.0, 0.0, 0.0, 0.0, 0.0, 0.0, 0.0, 0.0, 0.0, 0.0, 0.0, 0.0, 0.0, 0.0, 0.0, 0.0, 0.0, 0.0, 0.0, 0.0, 0.0, 0.0, 0.0, 0.0, 0.0, 0.0, 0.0, 0.0, 0.0, 0.0, 0.0, 0.0, 0.0, 0.0, 0.0, 0.0, 0.0, 0.0, 0.0, 0.0, 0.0, 0.0, 0.0, 0.0, 0.0, 0.0, 0.0, 0.0, 0.0, 0.0, 0.0, 0.0, 0.0, 0.0, 0.0, 0.0, 0.0, 0.0, 0.0, 0.0, 0.0]",0.5,0.5,0,"[0, 0, 0, 0, 0, 0, 0, 0, 0, 0, 0, 0, 0, 0, 0, 0, 0, 0, 0, 0, 0, 0, 0, 0, 0, 0, 0, 0, 0, 0, 0, 0, 0, 0, 0, 0, 0, 0, 0, 0, 0, 0, 0, 0, 0, 0, 0, 0, 0, 0, 0, 0, 0, 0, 0, 0, 0, 0, 0, 0, 0, 0, 0, 0, 0, 0, 0, 0, 0, 0, 0, 0, 0, 0, 0, 0, 0, 0, 0, 0, 0, 0, 0, 0, 0, 0, 0, 0, 0, 0, 0, 0, 0, 0, 0, 0, 0, 0, 0, 0, 0, 0, 0, 0, 0, 0, 0, 0, 0, 0, 0, 0, 0, 0, 0, 0, 0, 0, 0, 0, 0, 0, 0, 0, 0, 0, 0, 0, 0, 0, 0, 0, 0, 0, 0, 0, 0, 0, 0, 0, 0, 0, 0, 0, 0, 0, 0, 0, 0, 0, 0, 0, 0, 0, 0, 0, 0, 0, 0, 0, 0, 0, 0, 0, 0, 0, 0, 0, 0, 0, 0, 0, 0, 0, 0, 0, 0, 0, 0, 0, 0, 0, 0, 0, 0, 0, 0, 0, 0, 0, 0, 0, 0, 0, 0, 0, 0, 0, 0, 0, 0, 0, 0, 0, 0, 0, 0, 0, 0, 0, 0, 0, 0, 0, 0, 0, 0, 0, 0, 0, 0, 0, 0, 0, 0, 0, 0, 0, 0, 0, 0, 0, 0, 0, 0, 0, 0, 0, 0, 0, 0, 0, 0, 0, 0, 0, 0, 0, 0, 0, 0, 0, 0, 0, 0, 0, 0, 0, 0, 0, 0, 0, 0, 0, 0, 0, 0, 0, 0, 0, 0, 0, 0, 0, 0, 0, 0, 0, 0, 0, 0, 0, 0, 0, 0, 0, 0, 0, 0, 0, 0, 0, 0, 0, 0, 0, 0, 0, 0, 0, 0, 0, 0, 0, 0, 0, 0, 0, 0, 0, 0, 0, 0, 0, 0, 0, 0, 0, 0, 0, 0, 0, 0, 0, 0, 0, 0, 0, 0, 0, 0, 0, 0, 0, 0, 0, 0, 0, 0, 0, 0, 0, 0, 0, 0, 0, 0, 0, 0, 0, 0, 0, 0, 0, 0, 0, 0, 0, 0, 0, 0, 0, 0, 0, 0, 0, 0, 0, 0, 0, 0, 0, 0, 0, 0, 0, 0, 0, 0, 0, 0, 0, 0, 0, 0, 0, 0, 0, 0, 0]",390,"[0.5047836303710938, 0.4143797755241394, 0.4204162657260895, 0.40773633122444153, 0.41061103343963623, 0.41410499811172485, 0.4347708821296692, 0.43844056129455566, 0.43110600113868713, 0.434219628572464, 0.42803195118904114, 0.4113953411579132, 0.4248172342777252, 0.4409351348876953, 0.4370580315589905, 0.4429858922958374, 0.4389387369155884, 0.40932968258857727, 0.421975702047348, 0.408162385225296, 0.41542553901672363, 0.4089609980583191, 0.40727803111076355, 0.4082767367362976, 0.42838436365127563, 0.4104694724082947, 0.408840537071228, 0.40728968381881714, 0.41040274500846863, 0.4080761671066284, 0.41395869851112366, 0.43385109305381775, 0.424412339925766, 0.4100550711154938, 0.4179716408252716, 0.5397195219993591, 0.4072504937648773, 0.40742549300193787, 0.41129761934280396, 0.41469475626945496, 0.41076838970184326, 0.4074053168296814, 0.40725335478782654, 0.4758404493331909, 0.4149309992790222, 0.5147448182106018, 0.41707682609558105, 0.4261244237422943, 0.4402061402797699, 0.4083821773529053, 0.4243331551551819, 0.4144609868526459, 0.4150294065475464, 0.4155024290084839, 0.4298015534877777, 0.42030930519104004, 0.41221553087234497, 0.40779390931129456, 0.43671169877052307, 0.41454017162323, 0.4560648202896118, 0.4110078811645508, 0.439456969499588, 0.4086231589317322, 0.41853195428848267, 0.4142047166824341, 0.4250042736530304, 0.40879717469215393, 0.41364991664886475, 0.41898834705352783, 0.41106539964675903, 0.4296059012413025, 0.4120570421218872, 0.41690024733543396, 0.40768367052078247, 0.41782882809638977, 0.40722647309303284, 0.4333325922489166, 0.40901514887809753, 0.4139752686023712, 0.458831250667572, 0.42334505915641785, 0.41854965686798096, 0.41455113887786865, 0.4631766378879547, 0.44020897150039673, 0.4079972207546234, 0.40760377049446106, 0.4072265326976776, 0.4191884994506836, 0.4127585291862488, 0.41146165132522583, 0.4074800908565521, 0.40904682874679565, 0.4072696268558502, 0.4320390820503235, 0.4127890467643738, 0.4072358012199402, 0.41001570224761963, 0.42168647050857544, 0.4073769450187683, 0.40773674845695496, 0.4187556207180023, 0.45117321610450745, 0.4073750674724579, 0.4243532419204712, 0.4194984436035156, 0.4079638421535492, 0.4195585548877716, 0.4072270095348358, 0.42372459173202515, 0.40845778584480286, 0.4072318375110626, 0.4149531126022339, 0.41265442967414856, 0.43440115451812744, 0.42062908411026, 0.4430881142616272, 0.4411716163158417, 0.40890011191368103, 0.4465613067150116, 0.4388608932495117, 0.4751547574996948, 0.41362738609313965, 0.4734281897544861, 0.4271165132522583, 0.41681262850761414, 0.4100744128227234, 0.422969788312912, 0.41350775957107544, 0.4875662922859192, 0.407227098941803, 0.435190886259079, 0.4315032958984375, 0.4077354073524475, 0.4711257517337799, 0.40874412655830383, 0.42280882596969604, 0.4216848313808441, 0.4076502323150635, 0.4290204346179962, 0.4434778690338135, 0.4146343469619751, 0.46852561831474304, 0.42254528403282166, 0.48619022965431213, 0.44047263264656067, 0.40796878933906555, 0.4072701334953308, 0.4076095223426819, 0.40723907947540283, 0.4463737905025482, 0.41270774602890015, 0.42500999569892883, 0.407599538564682, 0.4258500635623932, 0.42266368865966797, 0.40999045968055725, 0.40745148062705994, 0.40722644329071045, 0.41397133469581604, 0.4072767198085785, 0.4256074130535126, 0.4072798490524292, 0.40916499495506287, 0.4111003577709198, 0.4179835617542267, 0.40736907720565796, 0.40739601850509644, 0.41233357787132263, 0.41472870111465454, 0.4115811884403229, 0.4142735004425049, 0.40836596488952637, 0.43415582180023193, 0.42302337288856506, 0.4077494144439697, 0.43532484769821167, 0.4171195924282074, 0.4072290360927582, 0.4136090576648712, 0.41178837418556213, 0.4116661548614502, 0.40808865427970886, 0.42352962493896484, 0.40769559144973755, 0.4072261154651642, 0.40996846556663513, 0.411424458026886, 0.42168402671813965, 0.43148985505104065, 0.41012656688690186, 0.41062065958976746, 0.4292062819004059, 0.411598801612854, 0.4082725942134857, 0.4429619312286377, 0.42351749539375305, 0.42074888944625854, 0.4080708622932434, 0.41847583651542664, 0.41745203733444214, 0.41619032621383667, 0.41301989555358887, 0.41556572914123535, 0.4841993749141693, 0.483130544424057, 0.43082818388938904, 0.4076053500175476, 0.4167720675468445, 0.4129982888698578, 0.4080461263656616, 0.4289969205856323, 0.42293739318847656, 0.4072432816028595, 0.4379197061061859, 0.4279990494251251, 0.40723270177841187, 0.4477435350418091, 0.4264879524707794, 0.40998944640159607, 0.4083271026611328, 0.42895060777664185, 0.4537990987300873, 0.4196077287197113, 0.42838120460510254, 0.4360952377319336, 0.42432188987731934, 0.42815136909484863, 0.4163564443588257, 0.4437987804412842, 0.43559256196022034, 0.4075150787830353, 0.41118255257606506, 0.41165363788604736, 0.4150034189224243, 0.43476545810699463, 0.5328514575958252, 0.41208839416503906, 0.4234955310821533, 0.43049031496047974, 0.42092660069465637, 0.40803778171539307, 0.41322463750839233, 0.41394928097724915, 0.43155941367149353, 0.4215998351573944, 0.41379863023757935, 0.451317697763443, 0.407248318195343, 0.43793559074401855, 0.41242465376853943, 0.41335856914520264, 0.41239798069000244, 0.43086570501327515, 0.412641704082489, 0.44133949279785156, 0.4072815179824829, 0.4163373112678528, 0.41655638813972473, 0.44417139887809753, 0.40722817182540894, 0.415466845035553, 0.4098486006259918, 0.4079733192920685, 0.4127020239830017, 0.40727588534355164, 0.4125671088695526, 0.47216522693634033, 0.4149754047393799, 0.41342389583587646, 0.41948845982551575, 0.4289255142211914, 0.4125783145427704, 0.41206055879592896, 0.41404014825820923, 0.6566541790962219, 0.4184423089027405, 0.46685275435447693, 0.4072440266609192, 0.41727215051651, 0.42885667085647583, 0.4106605648994446, 0.4074103832244873, 0.4159224331378937, 0.41577252745628357, 0.4186587631702423, 0.41124415397644043, 0.4113142490386963, 0.4240517020225525, 0.40731650590896606, 0.5503509044647217, 0.4276617765426636, 0.41126522421836853, 0.41350552439689636, 0.4439966678619385, 0.4275885820388794, 0.41063353419303894, 0.4174167215824127, 0.4234697222709656, 0.44781631231307983, 0.4079045355319977, 0.4075743556022644, 0.4072823226451874, 0.40994349122047424, 0.41640961170196533, 0.43187811970710754, 0.42440086603164673, 0.40971052646636963, 0.4320525825023651, 0.43750518560409546, 0.43627360463142395, 0.420040488243103, 0.41606810688972473, 0.41741475462913513, 0.40831172466278076, 0.4348231852054596, 0.40880492329597473, 0.43854549527168274, 0.4131842851638794, 0.4807615578174591, 0.4112274646759033, 0.4397299885749817, 0.40949469804763794, 0.4159439504146576, 0.40777942538261414, 0.4130787253379822, 0.4128650426864624, 0.43216946721076965, 0.40813595056533813, 0.41476646065711975, 0.41325148940086365, 0.4399747848510742, 0.4404076635837555, 0.4072268605232239, 0.4138628840446472, 0.4464065432548523, 0.4170697033405304, 0.4072265625, 0.4072823226451874, 0.4399339258670807, 0.41157424449920654, 0.4080774784088135, 0.447439968585968, 0.4102270007133484, 0.4072430729866028, 0.4261690378189087, 0.40777286887168884, 0.4537392556667328, 0.41367053985595703, 0.4090094268321991, 0.4159618020057678, 0.4072275459766388, 0.42670437693595886, 0.4162125885486603, 0.41070786118507385, 0.43966686725616455, 0.42885562777519226, 0.40764349699020386, 0.4073171317577362, 0.408329576253891, 0.4082666039466858, 0.4073764383792877, 0.4134310781955719, 0.4324294924736023, 0.40909355878829956, 0.4378109276294708, 0.4125027358531952, 0.40724605321884155, 0.41296467185020447, 0.4269918203353882, 0.4858797788619995, 0.4294164776802063, 0.5067821741104126, 0.42346468567848206, 0.4710923135280609, 0.40796685218811035, 0.4072831869125366, 0.4190101623535156, 0.4251137673854828, 0.4114196300506592, 0.4178388714790344, 0.40793377161026, 0.4127744734287262, 0.42740246653556824, 0.41802695393562317, 0.41647377610206604, 0.4152962565422058, 0.41917523741722107, 0.4089184105396271]",0.0,"[0.0, 0.0, 0.0, 0.0, 0.0, 0.0, 0.0, 0.0, 0.0, 0.0, 0.0, 0.0, 0.0, 0.0, 0.0, 0.0, 0.0, 0.0, 0.0, 0.0, 0.0, 0.0, 0.0, 0.0, 0.0, 0.0, 0.0, 0.0, 0.0, 0.0, 0.0, 0.0, 0.0, 0.0, 0.0, 0.0, 0.0, 0.0, 0.0, 0.0, 0.0, 0.0, 0.0, 0.0, 0.0, 0.0, 0.0, 0.0, 0.0, 0.0, 0.0, 0.0, 0.0, 0.0, 0.0, 0.0, 0.0, 0.0, 0.0, 0.0, 0.0, 0.0, 0.0, 0.0, 0.0, 0.0, 0.0, 0.0, 0.0, 0.0, 0.0, 0.0, 0.0, 0.0, 0.0, 0.0, 0.0, 0.0, 0.0, 0.0, 0.0, 0.0, 0.0, 0.0, 0.0, 0.0, 0.0, 0.0, 0.0, 0.0, 0.0, 0.0, 0.0, 0.0, 0.0, 0.0, 0.0, 0.0, 0.0, 0.0, 0.0, 0.0, 0.0, 0.0, 0.0, 0.0, 0.0, 0.0, 0.0, 0.0, 0.0, 0.0, 0.0, 0.0, 0.0, 0.0, 0.0, 0.0, 0.0, 0.0, 0.0, 0.0, 0.0, 0.0, 0.0, 0.0, 0.0, 0.0, 0.0, 0.0, 0.0, 0.0, 0.0, 0.0, 0.0, 0.0, 0.0, 0.0, 0.0, 0.0, 0.0, 0.0, 0.0, 0.0, 0.0, 0.0, 0.0, 0.0, 0.0, 0.0, 0.0, 0.0, 0.0, 0.0, 0.0, 0.0, 0.0, 0.0, 0.0, 0.0, 0.0, 0.0, 0.0, 0.0, 0.0, 0.0, 0.0, 0.0, 0.0, 0.0, 0.0, 0.0, 0.0, 0.0, 0.0, 0.0, 0.0, 0.0, 0.0, 0.0, 0.0, 0.0, 0.0, 0.0, 0.0, 0.0, 0.0, 0.0, 0.0, 0.0, 0.0, 0.0, 0.0, 0.0, 0.0, 0.0, 0.0, 0.0, 0.0, 0.0, 0.0, 0.0, 0.0, 0.0, 0.0, 0.0, 0.0, 0.0, 0.0, 0.0, 0.0, 0.0, 0.0, 0.0, 0.0, 0.0, 0.0, 0.0, 0.0, 0.0, 0.0, 0.0, 0.0, 0.0, 0.0, 0.0, 0.0, 0.0, 0.0, 0.0, 0.0, 0.0, 0.0, 0.0, 0.0, 0.0, 0.0, 0.0, 0.0, 0.0, 0.0, 0.0, 0.0, 0.0, 0.0, 0.0, 0.0, 0.0, 0.0, 0.0, 0.0, 0.0, 0.0, 0.0, 0.0, 0.0, 0.0, 0.0, 0.0, 0.0, 0.0, 0.0, 0.0, 0.0, 0.0, 0.0, 0.0, 0.0, 0.0, 0.0, 0.0, 0.0, 0.0, 0.0, 0.0, 0.0, 0.0, 0.0, 0.0, 0.0, 0.0, 0.0, 0.0, 0.0, 0.0, 0.0, 0.0, 0.0, 0.0, 0.0, 0.0, 0.0, 0.0, 0.0, 0.0, 0.0, 0.0, 0.0, 0.0, 0.0, 0.0, 0.0, 0.0, 0.0, 0.0, 0.0, 0.0, 0.0, 0.0, 0.0, 0.0, 0.0, 0.0, 0.0, 0.0, 0.0, 0.0, 0.0, 0.0, 0.0, 0.0, 0.0, 0.0, 0.0, 0.0, 0.0, 0.0, 0.0, 0.0, 0.0, 0.0, 0.0, 0.0, 0.0, 0.0, 0.0, 0.0, 0.0, 0.0, 0.0, 0.0, 0.0, 0.0, 0.0, 0.0, 0.0, 0.0, 0.0, 0.0, 0.0, 0.0, 0.0, 0.0, 0.0, 0.0, 0.0, 0.0, 0.0, 0.0, 0.0, 0.0, 0.0, 0.0, 0.0, 0.0, 0.0, 0.0, 0.0, 0.0, 0.0, 0.0, 0.0, 0.0, 0.0, 0.0, 0.0, 0.0, 0.0, 0.0, 0.0, 0.0, 0.0, 0.0, 0.0, 0.0, 0.0, 0.0, 0.0, 0.0, 0.0]",COMPLETE
5,5,0.5,2024-08-31 01:00:03.478083,2024-08-31 01:00:08.947594,0 days 00:00:05.469511,64,0.16551033935787676,2,35,0.958420367233397,3,0.08160954191881523,0.859,0.85875,0,"[19, 0, 0, 0, 0, 0, 0, 0, 0, 0, 0, 0, 0, 0, 0, 0, 0, 0, 0, 0, 0, 0, 0, 0, 0, 0, 0, 0, 0, 0, 0, 0, 0, 0, 0]",0.0,"[19.0, 0.0, 0.0, 0.0, 0.0, 0.0, 0.0, 0.0, 0.0, 0.0, 0.0, 0.0, 0.0, 0.0, 0.0, 0.0, 0.0, 0.0, 0.0, 0.0, 0.0, 0.0, 0.0, 0.0, 0.0, 0.0, 0.0, 0.0, 0.0, 0.0, 0.0, 0.0, 0.0, 0.0, 0.0]",0.5,0.5,0,"[19, 0, 0, 0, 0, 0, 0, 0, 0, 0, 0, 0, 0, 0, 0, 0, 0, 0, 0, 0, 0, 0, 0, 0, 0, 0, 0, 0, 0, 0, 0, 0, 0, 0, 0]",35,"[1.6500043869018555, 0.750840425491333, 0.6099532842636108, 0.533776044845581, 0.4842381179332733, 0.45697271823883057, 0.43860679864883423, 0.4283522069454193, 0.42247244715690613, 0.41763511300086975, 0.4144660532474518, 0.4126827120780945, 0.4111875295639038, 0.41035667061805725, 0.4095904529094696, 0.40893352031707764, 0.40843191742897034, 0.40798336267471313, 0.4078085422515869, 0.4076758623123169, 0.4075189232826233, 0.4074123501777649, 0.4073525667190552, 0.40734195709228516, 0.40733206272125244, 0.40730392932891846, 0.40730902552604675, 0.4072971045970917, 0.40725260972976685, 0.407245934009552, 0.40723735094070435, 0.407234787940979, 0.4072326421737671, 0.4072287678718567, 0.4072425067424774]",0.0,"[19.0, 0.0, 0.0, 0.0, 0.0, 0.0, 0.0, 0.0, 0.0, 0.0, 0.0, 0.0, 0.0, 0.0, 0.0, 0.0, 0.0, 0.0, 0.0, 0.0, 0.0, 0.0, 0.0, 0.0, 0.0, 0.0, 0.0, 0.0, 0.0, 0.0, 0.0, 0.0, 0.0, 0.0, 0.0]",COMPLETE
6,6,0.8674369774961034,2024-08-31 01:00:09.103542,2024-08-31 01:00:31.021857,0 days 00:00:21.918315,1,0.07569543611007701,3,25,0.8901441378162103,53,0.0021089425929313537,0.89,0.89,9,"[33, 33, 33, 33, 33, 33, 33, 33, 33, 21, 15, 13, 13, 13, 13, 12, 11, 10, 9, 9, 9, 9, 9, 9, 9]",8.975741239892184,"[32.98382749326146, 32.95956873315364, 32.96765498652291, 32.95687331536388, 32.96226415094339, 32.96765498652291, 32.95148247978436, 32.96495956873315, 32.94070080862534, 20.954177897574123, 14.983827493261455, 12.983827493261455, 12.97843665768194, 12.970350404312669, 12.981132075471699, 11.956873315363882, 10.970350404312669, 9.983827493261455, 8.98921832884097, 8.981132075471697, 8.975741239892184, 8.97843665768194, 8.981132075471699, 8.986522911051212, 8.975741239892184]",0.8438890677763191,0.8674369774961034,9,"[33, 33, 33, 33, 33, 33, 33, 33, 33, 21, 15, 13, 13, 13, 13, 12, 11, 10, 9, 9, 9, 9, 9, 9, 9]",25,"[0.49911293387413025, 0.47470012307167053, 0.4515171945095062, 0.4368342459201813, 0.4196770489215851, 0.4131021201610565, 0.39889442920684814, 0.38834506273269653, 0.3788067698478699, 0.36031877994537354, 0.34493887424468994, 0.3381667733192444, 0.333579421043396, 0.3294035792350769, 0.32562240958213806, 0.329152911901474, 0.32373934984207153, 0.319624125957489, 0.3177972137928009, 0.31794336438179016, 0.3137376606464386, 0.31178492307662964, 0.3120761811733246, 0.30703818798065186, 0.31035739183425903]",9.0,"[33.0, 33.0, 33.0, 33.0, 33.0, 33.0, 33.0, 33.0, 33.0, 21.0, 15.0, 13.0, 13.0, 13.0, 13.0, 12.0, 11.0, 10.0, 9.0, 9.0, 9.0, 9.0, 9.0, 9.0, 9.0]",COMPLETE
7,7,0.8634501681029486,2024-08-31 01:00:31.185451,2024-08-31 01:00:44.963907,0 days 00:00:13.778456,1,3.1336515208655413,3,10,0.2467259427456145,74,0.0006429339997236248,0.835,0.8375,8,"[14, 9, 9, 9, 8, 8, 8, 8, 8, 8]",7.955598455598456,"[13.98841698841699, 8.992277992277993, 8.986486486486486, 8.988416988416988, 7.974903474903474, 7.988416988416988, 7.971042471042471, 7.9652509652509655, 7.967181467181467, 7.955598455598456]",0.850312502580107,0.8634501681029486,8,"[14, 9, 9, 9, 8, 8, 8, 8, 8, 8]",10,"[0.751160740852356, 3.2146191596984863, 0.9060565233230591, 5.088976860046387, 0.9459185600280762, 3.8357038497924805, 0.4893285632133484, 0.6316995024681091, 0.6456249952316284, 1.012953519821167]",8.0,"[14.0, 9.0, 9.0, 9.0, 8.0, 8.0, 8.0, 8.0, 8.0, 8.0]",COMPLETE
