,number,value,datetime_start,datetime_complete,duration,params_batch_size_scaler,params_constant_learning_rate,params_depth,params_epochs,params_kernel_l2,params_num_trees,params_temperature,user_attrs_accuracy_test,user_attrs_accuracy_valid,user_attrs_approximate_feature_sparsity,user_attrs_approximate_feature_sparsity_history,user_attrs_approximate_weight_sparsity,user_attrs_approximate_weight_sparsity_history,user_attrs_auc_test,user_attrs_auc_valid,user_attrs_feature_sparsity,user_attrs_feature_sparsity_history,user_attrs_num_epochs,user_attrs_val_loss_history,user_attrs_weight_sparsity,user_attrs_weight_sparsity_history,state
50,50,0.7336824206824593,2024-08-31 02:46:14.555120,2024-08-31 02:46:54.272835,0 days 00:00:39.717715,64,5.916237161272355,3,390,0.0031927091857863066,98,0.017091007842867153,0.141,0.14125,1,"[3, 1, 1, 1, 1, 1, 1, 1, 1, 1, 1, 1, 1, 1, 1, 1, 1, 1, 1, 1, 1, 1, 1, 1, 1, 1, 1, 1, 1, 1, 1, 1, 1, 1, 1, 1, 1, 1, 1, 1, 1, 1, 1, 1, 1, 1, 1, 1, 1, 1, 1, 1, 1, 1, 1, 1, 1, 1, 1, 1, 1, 1, 1, 1, 1, 1, 1, 1, 1, 1, 1, 1, 1, 1, 1, 1, 1, 1, 1, 1, 1, 1, 1, 1, 1, 1, 1, 1, 1, 1, 1, 1, 1, 1, 1, 1, 1, 1, 1, 1, 1, 1, 1, 1, 1, 1, 1, 1, 1, 1, 1, 1, 1, 1, 1, 1, 1, 1, 1, 1, 1, 1, 1, 1, 1, 1, 1, 1, 1, 1, 1, 1, 1, 1, 1, 1, 1, 1, 1, 1, 1, 1, 1, 1, 1, 1, 1, 1, 1, 1, 1, 1, 1, 1, 1, 1, 1, 1, 1, 1, 1, 1, 1, 1, 1, 1, 1, 1, 1, 1, 1, 1, 1, 1, 1, 1, 1, 1, 1, 1, 1, 1, 1, 1, 1, 1, 1, 1, 1, 1, 1, 1, 1, 1, 1, 1, 1, 1, 1, 1, 1, 1, 1, 1, 1, 1, 1, 1, 1, 1, 1, 1, 1, 1, 1, 1, 1, 1, 1, 1, 1, 1, 1, 1, 1, 1, 1, 1, 1, 1, 1, 1, 1, 1, 1, 1, 1, 1, 1, 1, 1, 1, 1, 1, 1, 1, 1, 1, 1, 1, 1, 1, 1, 1, 1, 1, 1, 1, 1, 1, 1, 1, 1, 1, 1, 1, 1, 1, 1, 1, 1, 1, 1, 1, 1, 1, 1, 1, 1, 1, 1, 1, 1, 1, 1, 1, 1, 1, 1, 1, 1, 1, 1, 1, 1, 1, 1, 1, 1, 1, 1, 1, 1, 1, 1, 1, 1, 1, 1, 1, 1, 1, 1, 1, 1, 1, 1, 1, 1, 1, 1, 1, 1, 1, 1, 1, 1, 1, 1, 1, 1, 1, 1, 1, 1, 1, 1, 1, 1, 1, 1, 1, 1, 1, 1, 1, 1, 1, 1, 1, 1, 1, 1, 1, 1, 1, 1, 1, 1, 1, 1, 1, 1, 1, 1, 1, 1, 1, 1, 1, 1, 1, 1, 1, 1, 1, 1, 1, 1, 1, 1, 1, 1, 1, 1, 1, 1, 1, 1, 1]",0.26239067055393583,"[2.9956268221574343, 1.0, 1.0, 1.0, 0.9985422740524781, 0.9985422740524781, 1.0, 1.0, 1.0, 1.0, 1.0, 1.0, 1.0, 1.0, 1.0, 1.0, 1.0, 1.0, 1.0, 1.0, 1.0, 1.0, 1.0, 1.0, 1.0, 1.0, 1.0, 1.0, 1.0, 1.0, 1.0, 1.0, 1.0, 1.0, 1.0, 1.0, 0.9985422740524781, 1.0, 1.0, 1.0, 1.0, 1.0, 0.9985422740524781, 1.0, 1.0, 1.0, 1.0, 1.0, 1.0, 1.0, 1.0, 1.0, 1.0, 1.0, 1.0, 0.9985422740524781, 1.0, 1.0, 1.0, 1.0, 1.0, 1.0, 1.0, 1.0, 1.0, 1.0, 1.0, 0.9985422740524781, 1.0, 0.9985422740524781, 1.0, 0.9985422740524781, 0.9985422740524781, 0.9985422740524781, 1.0, 1.0, 1.0, 0.9985422740524781, 0.9985422740524781, 1.0, 0.9985422740524781, 0.9970845481049563, 0.9970845481049563, 0.9985422740524781, 0.9985422740524781, 0.9970845481049563, 0.9970845481049563, 0.9970845481049563, 0.9985422740524781, 1.0, 1.0, 0.9941690962099126, 0.9912536443148688, 0.9927113702623906, 0.9941690962099126, 0.9927113702623906, 0.9868804664723032, 0.9941690962099126, 0.9912536443148688, 0.9897959183673469, 0.9912536443148688, 0.9941690962099126, 0.9883381924198251, 0.9868804664723032, 0.9897959183673469, 0.9854227405247813, 0.9854227405247813, 0.9883381924198251, 0.9839650145772595, 0.9810495626822158, 0.9854227405247813, 0.9868804664723032, 0.9854227405247813, 0.9810495626822158, 0.9839650145772595, 0.9795918367346939, 0.9825072886297376, 0.9825072886297376, 0.9839650145772595, 0.9825072886297376, 0.9868804664723032, 0.9868804664723032, 0.9839650145772595, 0.9810495626822158, 0.9810495626822158, 0.9868804664723032, 0.9825072886297376, 0.9839650145772595, 0.9854227405247813, 0.9854227405247813, 0.9825072886297376, 0.9839650145772595, 0.9825072886297376, 0.9825072886297376, 0.9825072886297376, 0.9825072886297376, 0.9810495626822158, 0.9825072886297376, 0.9795918367346939, 0.9810495626822158, 0.9795918367346939, 0.9752186588921283, 0.978134110787172, 0.978134110787172, 0.9795918367346939, 0.9766763848396501, 0.9766763848396501, 0.9766763848396501, 0.9737609329446064, 0.9708454810495627, 0.9708454810495627, 0.9723032069970845, 0.9650145772594753, 0.9708454810495627, 0.9708454810495627, 0.9723032069970845, 0.9737609329446064, 0.967930029154519, 0.967930029154519, 0.967930029154519, 0.9620991253644315, 0.9650145772594753, 0.9650145772594753, 0.9693877551020408, 0.9650145772594753, 0.9620991253644315, 0.9577259475218659, 0.9504373177842566, 0.9489795918367347, 0.9533527696793003, 0.956268221574344, 0.9548104956268222, 0.9577259475218659, 0.9591836734693877, 0.9475218658892128, 0.9460641399416909, 0.9460641399416909, 0.9446064139941691, 0.9402332361516035, 0.9387755102040817, 0.9387755102040817, 0.9358600583090378, 0.9212827988338192, 0.9212827988338192, 0.9125364431486881, 0.9110787172011662, 0.9081632653061225, 0.9081632653061225, 0.9067055393586005, 0.9081632653061225, 0.9037900874635568, 0.9037900874635568, 0.9008746355685131, 0.8892128279883382, 0.89067055393586, 0.8833819241982507, 0.8717201166180758, 0.8658892128279884, 0.8673469387755102, 0.8615160349854227, 0.8527696793002916, 0.8600583090379009, 0.8527696793002916, 0.8483965014577259, 0.8411078717201166, 0.8367346938775511, 0.8396501457725948, 0.8309037900874635, 0.8294460641399417, 0.8250728862973761, 0.8221574344023324, 0.8206997084548106, 0.8192419825072886, 0.814868804664723, 0.8046647230320699, 0.8002915451895044, 0.8002915451895044, 0.7959183673469388, 0.7915451895043731, 0.7886297376093294, 0.7798833819241983, 0.7798833819241983, 0.7725947521865889, 0.7711370262390671, 0.760932944606414, 0.7580174927113703, 0.750728862973761, 0.7346938775510204, 0.739067055393586, 0.7332361516034985, 0.7274052478134111, 0.7259475218658892, 0.7244897959183674, 0.7230320699708455, 0.7244897959183674, 0.717201166180758, 0.717201166180758, 0.717201166180758, 0.7157434402332361, 0.7142857142857143, 0.7142857142857143, 0.7055393586005831, 0.7055393586005831, 0.7040816326530612, 0.7084548104956269, 0.6967930029154519, 0.6967930029154519, 0.6953352769679301, 0.685131195335277, 0.685131195335277, 0.6836734693877551, 0.6778425655976676, 0.6763848396501457, 0.673469387755102, 0.6690962099125365, 0.6690962099125365, 0.6661807580174927, 0.6647230320699709, 0.6632653061224489, 0.6618075801749271, 0.6588921282798834, 0.6574344023323615, 0.6574344023323615, 0.6574344023323615, 0.6574344023323615, 0.6574344023323615, 0.6545189504373178, 0.6545189504373178, 0.6530612244897959, 0.6501457725947521, 0.6486880466472303, 0.6486880466472303, 0.6486880466472303, 0.6486880466472303, 0.6486880466472303, 0.641399416909621, 0.641399416909621, 0.6399416909620991, 0.6384839650145773, 0.6370262390670554, 0.6355685131195336, 0.6297376093294461, 0.6297376093294461, 0.6282798833819242, 0.6282798833819242, 0.6209912536443148, 0.6209912536443148, 0.6180758017492711, 0.6166180758017493, 0.6137026239067055, 0.6137026239067055, 0.6107871720116618, 0.607871720116618, 0.607871720116618, 0.6064139941690962, 0.6049562682215743, 0.6049562682215743, 0.6020408163265306, 0.6020408163265306, 0.5962099125364432, 0.5991253644314869, 0.5874635568513119, 0.5845481049562682, 0.5845481049562682, 0.5830903790087464, 0.5830903790087464, 0.5801749271137027, 0.5787172011661808, 0.577259475218659, 0.577259475218659, 0.577259475218659, 0.575801749271137, 0.575801749271137, 0.5685131195335277, 0.5685131195335277, 0.5685131195335277, 0.5641399416909622, 0.5626822157434402, 0.5612244897959183, 0.5539358600583091, 0.5539358600583091, 0.5510204081632653, 0.5510204081632653, 0.5495626822157434, 0.543731778425656, 0.5422740524781341, 0.5422740524781341, 0.5408163265306123, 0.5408163265306123, 0.5408163265306123, 0.5379008746355685, 0.5335276967930029, 0.5276967930029155, 0.5247813411078717, 0.5174927113702624, 0.5131195335276968, 0.5102040816326531, 0.5058309037900874, 0.49854227405247814, 0.4956268221574344, 0.49271137026239065, 0.48833819241982507, 0.48250728862973763, 0.48250728862973763, 0.478134110787172, 0.4752186588921283, 0.4737609329446064, 0.4737609329446064, 0.47230320699708456, 0.4708454810495627, 0.46355685131195334, 0.4518950437317784, 0.44752186588921283, 0.446064139941691, 0.4358600583090379, 0.4358600583090379, 0.43440233236151604, 0.42857142857142855, 0.42419825072886297, 0.41836734693877553, 0.4096209912536443, 0.4037900874635568, 0.39067055393586003, 0.3892128279883382, 0.37755102040816324, 0.3760932944606414, 0.37317784256559766, 0.3688046647230321, 0.3673469387755102, 0.35714285714285715, 0.358600583090379, 0.35276967930029157, 0.35714285714285715, 0.3425655976676385, 0.34110787172011664, 0.33819241982507287, 0.3323615160349854, 0.3294460641399417, 0.32215743440233235, 0.3163265306122449, 0.30903790087463556, 0.30174927113702626, 0.2988338192419825, 0.2944606413994169, 0.2857142857142857, 0.27988338192419826, 0.2784256559766764, 0.2755102040816326, 0.26239067055393583, 0.26239067055393583]",0.707911227800758,0.7336824206824593,1,"[3, 1, 1, 1, 1, 1, 1, 1, 1, 1, 1, 1, 1, 1, 1, 1, 1, 1, 1, 1, 1, 1, 1, 1, 1, 1, 1, 1, 1, 1, 1, 1, 1, 1, 1, 1, 1, 1, 1, 1, 1, 1, 1, 1, 1, 1, 1, 1, 1, 1, 1, 1, 1, 1, 1, 1, 1, 1, 1, 1, 1, 1, 1, 1, 1, 1, 1, 1, 1, 1, 1, 1, 1, 1, 1, 1, 1, 1, 1, 1, 1, 1, 1, 1, 1, 1, 1, 1, 1, 1, 1, 1, 1, 1, 1, 1, 1, 1, 1, 1, 1, 1, 1, 1, 1, 1, 1, 1, 1, 1, 1, 1, 1, 1, 1, 1, 1, 1, 1, 1, 1, 1, 1, 1, 1, 1, 1, 1, 1, 1, 1, 1, 1, 1, 1, 1, 1, 1, 1, 1, 1, 1, 1, 1, 1, 1, 1, 1, 1, 1, 1, 1, 1, 1, 1, 1, 1, 1, 1, 1, 1, 1, 1, 1, 1, 1, 1, 1, 1, 1, 1, 1, 1, 1, 1, 1, 1, 1, 1, 1, 1, 1, 1, 1, 1, 1, 1, 1, 1, 1, 1, 1, 1, 1, 1, 1, 1, 1, 1, 1, 1, 1, 1, 1, 1, 1, 1, 1, 1, 1, 1, 1, 1, 1, 1, 1, 1, 1, 1, 1, 1, 1, 1, 1, 1, 1, 1, 1, 1, 1, 1, 1, 1, 1, 1, 1, 1, 1, 1, 1, 1, 1, 1, 1, 1, 1, 1, 1, 1, 1, 1, 1, 1, 1, 1, 1, 1, 1, 1, 1, 1, 1, 1, 1, 1, 1, 1, 1, 1, 1, 1, 1, 1, 1, 1, 1, 1, 1, 1, 1, 1, 1, 1, 1, 1, 1, 1, 1, 1, 1, 1, 1, 1, 1, 1, 1, 1, 1, 1, 1, 1, 1, 1, 1, 1, 1, 1, 1, 1, 1, 1, 1, 1, 1, 1, 1, 1, 1, 1, 1, 1, 1, 1, 1, 1, 1, 1, 1, 1, 1, 1, 1, 1, 1, 1, 1, 1, 1, 1, 1, 1, 1, 1, 1, 1, 1, 1, 1, 1, 1, 1, 1, 1, 1, 1, 1, 1, 1, 1, 1, 1, 1, 1, 1, 1, 1, 1, 1, 1, 1, 1, 1, 1, 1, 1, 1, 1, 1, 1, 1, 1, 1, 1, 1, 1, 1, 1, 1, 1, 1]",390,"[3.819827079772949, 12.349369049072266, 0.4435562789440155, 10.770832061767578, 7.596070766448975, 8.390995979309082, 11.310944557189941, 2.476865291595459, 3.2347702980041504, 14.377008438110352, 2.891348361968994, 4.248140335083008, 6.342042446136475, 12.966527938842773, 5.2176690101623535, 4.996702194213867, 4.355884075164795, 5.108403205871582, 14.124731063842773, 1.8687734603881836, 15.430201530456543, 3.340395212173462, 2.752718925476074, 1.1398988962173462, 1.2506099939346313, 10.4860200881958, 1.5873759984970093, 15.516701698303223, 3.961660385131836, 7.309932231903076, 7.444983959197998, 1.369094729423523, 15.589019775390625, 2.105541706085205, 5.589771270751953, 7.763278007507324, 1.457363247871399, 13.140652656555176, 1.5658756494522095, 1.9240341186523438, 10.481683731079102, 1.6805381774902344, 9.840353012084961, 7.079372406005859, 1.1306777000427246, 6.0560221672058105, 4.650160312652588, 12.765079498291016, 1.9704475402832031, 3.135483980178833, 9.931429862976074, 6.202139854431152, 6.9068284034729, 1.4171828031539917, 12.21313190460205, 2.648601770401001, 1.4758906364440918, 9.67331600189209, 2.4941399097442627, 11.605704307556152, 2.074803113937378, 0.5193527936935425, 10.015289306640625, 2.8125388622283936, 13.369379997253418, 1.7647618055343628, 15.882776260375977, 3.960435152053833, 1.2407002449035645, 10.398273468017578, 1.7935891151428223, 16.130250930786133, 3.7130444049835205, 1.7590816020965576, 10.195913314819336, 1.4754385948181152, 3.301833391189575, 1.6223747730255127, 4.767080783843994, 2.012918710708618, 2.6530752182006836, 11.087909698486328, 1.505043387413025, 14.03134536743164, 2.0081787109375, 1.339023470878601, 9.603109359741211, 2.584763526916504, 17.294652938842773, 5.0266571044921875, 1.9273089170455933, 5.682330131530762, 7.744988441467285, 13.707297325134277, 2.281447172164917, 1.784895420074463, 10.245075225830078, 1.525248408317566, 11.004413604736328, 1.5154553651809692, 12.239232063293457, 2.635014533996582, 7.501749038696289, 6.748228549957275, 1.3503923416137695, 2.7535009384155273, 15.3509521484375, 3.169543504714966, 2.5676262378692627, 14.812186241149902, 3.1753990650177, 1.7120307683944702, 1.8508168458938599, 16.913774490356445, 4.379641056060791, 1.9731783866882324, 7.699114799499512, 1.2093093395233154, 7.352407455444336, 1.2744231224060059, 10.213876724243164, 1.3339927196502686, 16.01109504699707, 4.989659786224365, 1.8816370964050293, 14.859078407287598, 2.3293604850769043, 0.8877258896827698, 2.1270549297332764, 10.289292335510254, 1.8788046836853027, 5.514554500579834, 0.9438087940216064, 10.358175277709961, 1.5932012796401978, 1.1636959314346313, 1.0717333555221558, 6.71553897857666, 1.1966676712036133, 0.5575347542762756, 7.886178970336914, 7.076223373413086, 0.9621742963790894, 16.335458755493164, 3.5970451831817627, 1.0624116659164429, 12.745818138122559, 2.2996933460235596, 7.113046646118164, 6.438754081726074, 1.135321021080017, 12.938902854919434, 1.9911023378372192, 0.7613003253936768, 9.86751937866211, 1.7981468439102173, 0.8771615624427795, 13.146188735961914, 1.5572489500045776, 0.6246371269226074, 1.5984607934951782, 10.754290580749512, 1.4203001260757446, 6.897982120513916, 7.149566173553467, 1.0886714458465576, 6.572429656982422, 6.35678243637085, 1.7170917987823486, 14.003917694091797, 2.6578125953674316, 4.747818946838379, 13.986993789672852, 2.2916128635406494, 0.7639161944389343, 2.8499698638916016, 3.1661410331726074, 14.650589942932129, 2.1204323768615723, 12.080144882202148, 1.5663610696792603, 9.321345329284668, 1.3659318685531616, 17.370159149169922, 5.377609729766846, 2.099647045135498, 2.595165967941284, 11.339563369750977, 1.5559921264648438, 11.713201522827148, 1.8353302478790283, 6.142381191253662, 1.1423444747924805, 10.60717487335205, 1.6450436115264893, 12.201591491699219, 2.1944446563720703, 2.3788018226623535, 5.427361011505127, 7.689503192901611, 1.2923712730407715, 2.464317560195923, 16.073453903198242, 3.4892489910125732, 0.8687343001365662, 12.827167510986328, 1.9261083602905273, 1.400973916053772, 9.409244537353516, 1.4653937816619873, 4.528818607330322, 13.44161605834961, 1.9344145059585571, 1.237120270729065, 9.46998405456543, 1.2488268613815308, 14.467578887939453, 2.851684808731079, 15.582479476928711, 3.174074649810791, 0.8613050580024719, 4.015046119689941, 13.73733901977539, 2.1397292613983154, 0.69073086977005, 7.189813613891602, 0.5616603493690491, 13.105829238891602, 1.5335280895233154, 1.6613490581512451, 11.47391128540039, 1.8187557458877563, 5.0560736656188965, 1.6188650131225586, 6.2920331954956055, 1.1710126399993896, 15.788847923278809, 3.191141366958618, 0.83658766746521, 13.1356840133667, 1.6695570945739746, 0.8705170154571533, 10.493695259094238, 1.8848000764846802, 0.628339946269989, 2.2489919662475586, 10.366408348083496, 1.7334829568862915, 1.9000074863433838, 3.7036080360412598, 2.470151901245117, 4.218442440032959, 3.104876756668091, 6.726670742034912, 1.0860692262649536, 15.209970474243164, 2.6228439807891846, 2.5870492458343506, 16.456565856933594, 4.376506328582764, 0.817756175994873, 14.228778839111328, 2.6584551334381104, 3.367896795272827, 2.167217969894409, 8.230240821838379, 1.5845798254013062, 15.181668281555176, 3.0549416542053223, 1.1313292980194092, 8.257874488830566, 1.1300640106201172, 0.921078622341156, 16.94241714477539, 4.325395584106445, 1.3958362340927124, 0.6689825654029846, 8.102622032165527, 4.49891996383667, 2.9905407428741455, 6.951104640960693, 0.9552475214004517, 14.704424858093262, 3.084909677505493, 4.610564231872559, 11.682910919189453, 1.8572075366973877, 0.7118769288063049, 16.324081420898438, 4.106770038604736, 1.2081660032272339, 1.5264554023742676, 3.0221128463745117, 5.062213897705078, 1.062991976737976, 13.492522239685059, 1.8639020919799805, 0.9362505078315735, 10.088654518127441, 1.354190707206726, 5.265354633331299, 8.26533317565918, 3.092750310897827, 11.715807914733887, 0.8637622594833374, 2.3558621406555176, 1.0678260326385498, 0.6756864190101624, 9.004133224487305, 1.1311986446380615, 12.204216003417969, 1.4308748245239258, 6.176557540893555, 6.823400974273682, 1.2029824256896973, 7.780014514923096, 1.8369784355163574, 15.685993194580078, 3.6924750804901123, 0.8953157067298889, 1.5327452421188354, 10.948356628417969, 1.6535545587539673, 5.652926445007324, 7.546810150146484, 0.9530370831489563, 0.4784645736217499, 10.097283363342285, 1.041603446006775, 0.5338043570518494, 16.817106246948242, 5.978744983673096, 0.8770563006401062, 9.806796073913574, 0.8577596545219421, 5.351140975952148, 7.3359150886535645, 1.2847678661346436, 2.734288215637207, 16.074981689453125, 3.2524607181549072, 2.2972958087921143, 10.809564590454102, 1.3741462230682373, 7.2439470291137695, 7.370654106140137, 0.9745774269104004, 16.05047607421875, 4.7182393074035645, 0.641218900680542, 13.265976905822754, 1.590602993965149, 16.647058486938477, 5.133443832397461, 0.9407721161842346, 6.3467512130737305, 11.854155540466309, 1.601751446723938, 2.207486867904663, 5.309487342834473, 2.717202663421631, 5.684998989105225, 5.252327919006348, 6.350294589996338, 1.4661444425582886, 0.9848011136054993, 8.892457008361816, 1.2137517929077148, 16.692724227905273, 4.6839752197265625, 1.198564887046814, 2.119452476501465, 11.68705940246582, 1.1988812685012817, 16.070398330688477, 3.8492565155029297, 0.7240357995033264, 6.383033275604248, 8.700003623962402, 0.8837305307388306, 8.95590591430664, 1.0256847143173218, 15.29809284210205, 3.359419345855713, 1.277075171470642, 9.683089256286621, 1.3061529397964478, 15.437738418579102, 4.385704040527344, 2.52654767036438]",1.0,"[3.0, 1.0, 1.0, 1.0, 1.0, 1.0, 1.0, 1.0, 1.0, 1.0, 1.0, 1.0, 1.0, 1.0, 1.0, 1.0, 1.0, 1.0, 1.0, 1.0, 1.0, 1.0, 1.0, 1.0, 1.0, 1.0, 1.0, 1.0, 1.0, 1.0, 1.0, 1.0, 1.0, 1.0, 1.0, 1.0, 1.0, 1.0, 1.0, 1.0, 1.0, 1.0, 1.0, 1.0, 1.0, 1.0, 1.0, 1.0, 1.0, 1.0, 1.0, 1.0, 1.0, 1.0, 1.0, 1.0, 1.0, 1.0, 1.0, 1.0, 1.0, 1.0, 1.0, 1.0, 1.0, 1.0, 1.0, 1.0, 1.0, 1.0, 1.0, 1.0, 1.0, 1.0, 1.0, 1.0, 1.0, 1.0, 1.0, 1.0, 1.0, 1.0, 1.0, 1.0, 1.0, 1.0, 1.0, 1.0, 1.0, 1.0, 1.0, 1.0, 1.0, 1.0, 1.0, 1.0, 1.0, 1.0, 1.0, 1.0, 1.0, 1.0, 1.0, 1.0, 1.0, 1.0, 1.0, 1.0, 1.0, 1.0, 1.0, 1.0, 1.0, 1.0, 1.0, 1.0, 1.0, 1.0, 1.0, 1.0, 1.0, 1.0, 1.0, 1.0, 1.0, 1.0, 1.0, 1.0, 1.0, 1.0, 1.0, 1.0, 1.0, 1.0, 1.0, 1.0, 1.0, 1.0, 1.0, 1.0, 1.0, 1.0, 1.0, 1.0, 1.0, 1.0, 1.0, 1.0, 1.0, 1.0, 1.0, 1.0, 1.0, 1.0, 1.0, 1.0, 1.0, 1.0, 1.0, 1.0, 1.0, 1.0, 1.0, 1.0, 1.0, 1.0, 1.0, 1.0, 1.0, 1.0, 1.0, 1.0, 1.0, 1.0, 1.0, 1.0, 1.0, 1.0, 1.0, 1.0, 1.0, 1.0, 1.0, 1.0, 1.0, 1.0, 1.0, 1.0, 1.0, 1.0, 1.0, 1.0, 1.0, 1.0, 1.0, 1.0, 1.0, 1.0, 1.0, 1.0, 1.0, 1.0, 1.0, 1.0, 1.0, 1.0, 1.0, 1.0, 1.0, 1.0, 1.0, 1.0, 1.0, 1.0, 1.0, 1.0, 1.0, 1.0, 1.0, 1.0, 1.0, 1.0, 1.0, 1.0, 1.0, 1.0, 1.0, 1.0, 1.0, 1.0, 1.0, 1.0, 1.0, 1.0, 1.0, 1.0, 1.0, 1.0, 1.0, 1.0, 1.0, 1.0, 1.0, 1.0, 1.0, 1.0, 1.0, 1.0, 1.0, 1.0, 1.0, 1.0, 1.0, 1.0, 1.0, 1.0, 1.0, 1.0, 1.0, 1.0, 1.0, 1.0, 1.0, 1.0, 1.0, 1.0, 1.0, 1.0, 1.0, 1.0, 1.0, 1.0, 1.0, 1.0, 1.0, 1.0, 1.0, 1.0, 1.0, 1.0, 1.0, 1.0, 1.0, 1.0, 1.0, 1.0, 1.0, 1.0, 1.0, 1.0, 1.0, 1.0, 1.0, 1.0, 1.0, 1.0, 1.0, 1.0, 1.0, 1.0, 1.0, 1.0, 1.0, 1.0, 1.0, 1.0, 1.0, 1.0, 1.0, 1.0, 1.0, 1.0, 1.0, 1.0, 1.0, 1.0, 1.0, 1.0, 1.0, 1.0, 1.0, 1.0, 1.0, 1.0, 1.0, 1.0, 1.0, 1.0, 1.0, 1.0, 1.0, 1.0, 1.0, 1.0, 1.0, 1.0, 1.0, 1.0, 1.0, 1.0, 1.0, 1.0, 1.0, 1.0, 1.0, 1.0, 1.0, 1.0, 1.0, 1.0, 1.0, 1.0, 1.0, 1.0, 1.0, 1.0, 1.0, 1.0, 1.0, 1.0, 1.0, 1.0, 1.0, 1.0, 1.0, 1.0, 1.0, 1.0, 1.0, 1.0, 1.0, 1.0, 1.0, 1.0, 1.0, 1.0, 1.0, 1.0, 1.0, 1.0, 1.0, 1.0, 1.0, 1.0, 1.0, 1.0, 1.0, 1.0, 1.0, 1.0]",COMPLETE
