,number,value,datetime_start,datetime_complete,duration,params_batch_size_scaler,params_constant_learning_rate,params_depth,params_epochs,params_kernel_l2,params_num_trees,params_temperature,user_attrs_accuracy_test,user_attrs_accuracy_valid,user_attrs_approximate_feature_sparsity,user_attrs_approximate_feature_sparsity_history,user_attrs_approximate_weight_sparsity,user_attrs_approximate_weight_sparsity_history,user_attrs_auc_test,user_attrs_auc_valid,user_attrs_feature_sparsity,user_attrs_feature_sparsity_history,user_attrs_num_epochs,user_attrs_val_loss_history,user_attrs_weight_sparsity,user_attrs_weight_sparsity_history,state
117,117,0.9223119630044699,2024-08-31 05:06:06.855717,2024-08-31 05:06:43.488497,0 days 00:00:36.632780,16,0.2957818275011012,2,295,0.006079096813752814,53,0.00927203136673678,0.94,0.94125,12,"[33, 33, 33, 33, 33, 33, 33, 33, 33, 33, 33, 33, 33, 33, 31, 31, 28, 27, 25, 24, 21, 20, 18, 18, 17, 16, 16, 16, 16, 16, 15, 15, 15, 14, 14, 14, 14, 14, 14, 13, 13, 13, 13, 13, 13, 13, 13, 13, 13, 13, 13, 13, 13, 13, 13, 13, 13, 13, 13, 13, 13, 13, 13, 13, 13, 13, 13, 13, 13, 13, 13, 13, 13, 13, 13, 13, 12, 12, 12, 12, 12, 12, 12, 12, 12, 12, 12, 12, 12, 12, 12, 12, 12, 12, 12, 12, 12, 12, 12, 12, 12, 12, 12, 12, 12, 12, 12, 12, 12, 12, 12, 12, 12, 12, 12, 12, 12, 12, 12, 12, 12, 12, 12, 12, 12, 12, 12, 12, 12, 12, 12, 12, 12, 12, 12, 12, 12, 12, 12, 12, 12, 12, 12, 12, 12, 12, 12, 12, 12, 12, 12, 12, 12, 12, 12, 12, 12, 12, 12, 12, 12, 12, 12, 12, 12, 12, 12, 12, 12, 12, 12, 12, 12, 12, 12, 12, 12, 12, 12, 12, 12, 12, 12, 12, 12, 12, 12, 12, 12, 12, 12, 12, 12, 12, 12, 12, 12, 12, 12, 12, 12, 12, 12, 12, 12, 12, 12, 12, 12, 12, 12, 12, 12, 12, 12, 12, 12, 12, 12, 12, 12, 12, 12, 12, 12, 12, 12, 12, 12, 12, 12, 12, 12, 12, 12, 12, 12, 12, 12, 12, 12, 12, 12, 12, 12, 12, 12, 12, 12, 12, 12, 12, 12, 12, 12, 12, 12, 12, 12, 12, 12, 12, 12, 12, 12, 12, 12, 12, 12, 12, 12, 12, 12, 12, 12, 12, 12, 12, 12, 12, 12, 12, 12, 12, 12, 12, 12, 12, 12, 12, 12, 12, 12, 12, 12]",11.9937106918239,"[32.9811320754717, 32.9685534591195, 32.9748427672956, 32.9811320754717, 33.0, 32.9811320754717, 32.9685534591195, 32.9811320754717, 32.9748427672956, 32.9622641509434, 32.9874213836478, 32.9811320754717, 32.9937106918239, 32.9874213836478, 30.9874213836478, 30.9937106918239, 28.0, 26.9811320754717, 24.9874213836478, 23.9874213836478, 21.0, 20.0, 17.9937106918239, 17.9874213836478, 16.9874213836478, 15.9874213836478, 15.9874213836478, 15.9937106918239, 15.9937106918239, 16.0, 15.0, 14.9937106918239, 14.9874213836478, 14.0, 13.9937106918239, 14.0, 14.0, 14.0, 14.0, 13.0, 13.0, 13.0, 13.0, 12.9874213836478, 12.9874213836478, 12.9937106918239, 12.9937106918239, 13.0, 12.9874213836478, 12.9874213836478, 12.9937106918239, 13.0, 13.0, 12.9937106918239, 12.9937106918239, 12.9937106918239, 12.981132075471699, 13.0, 12.9874213836478, 12.9874213836478, 12.981132075471699, 13.0, 12.9937106918239, 13.0, 13.0, 12.9937106918239, 13.0, 12.9937106918239, 12.9874213836478, 13.0, 12.9937106918239, 12.981132075471699, 12.9874213836478, 12.9874213836478, 12.9874213836478, 12.9874213836478, 11.9937106918239, 12.0, 12.0, 12.0, 12.0, 12.0, 11.9937106918239, 11.9874213836478, 12.0, 11.9874213836478, 11.9937106918239, 11.9874213836478, 12.0, 11.9937106918239, 12.0, 11.9937106918239, 11.9937106918239, 11.9937106918239, 12.0, 12.0, 12.0, 11.9937106918239, 12.0, 11.9937106918239, 12.0, 12.0, 12.0, 11.9937106918239, 11.9937106918239, 11.9937106918239, 12.0, 12.0, 12.0, 11.9937106918239, 12.0, 12.0, 11.981132075471699, 12.0, 11.981132075471699, 11.9937106918239, 12.0, 11.9937106918239, 11.9937106918239, 12.0, 11.9937106918239, 11.9937106918239, 11.9937106918239, 11.9937106918239, 11.9874213836478, 12.0, 12.0, 12.0, 11.9937106918239, 12.0, 11.9937106918239, 11.9937106918239, 11.9874213836478, 11.9874213836478, 12.0, 12.0, 11.9874213836478, 12.0, 11.9874213836478, 11.9937106918239, 11.9937106918239, 12.0, 11.9937106918239, 12.0, 12.0, 11.9937106918239, 11.9937106918239, 11.9937106918239, 12.0, 11.9937106918239, 11.9874213836478, 11.981132075471699, 11.9874213836478, 11.9937106918239, 11.9937106918239, 12.0, 11.9937106918239, 11.981132075471699, 11.9937106918239, 11.9937106918239, 11.9874213836478, 12.0, 11.9874213836478, 11.9937106918239, 12.0, 11.9937106918239, 11.9937106918239, 11.9937106918239, 11.9937106918239, 12.0, 11.981132075471699, 12.0, 11.9937106918239, 12.0, 12.0, 12.0, 12.0, 11.9937106918239, 12.0, 11.9937106918239, 11.9874213836478, 11.9937106918239, 11.9937106918239, 11.9937106918239, 11.9874213836478, 11.9874213836478, 11.9937106918239, 11.9874213836478, 11.9874213836478, 11.9937106918239, 11.9937106918239, 11.9937106918239, 11.981132075471699, 11.9874213836478, 11.9937106918239, 11.9937106918239, 11.9937106918239, 11.9937106918239, 11.9937106918239, 11.9937106918239, 11.9874213836478, 11.9937106918239, 12.0, 12.0, 12.0, 12.0, 12.0, 12.0, 12.0, 11.9937106918239, 12.0, 12.0, 11.9937106918239, 11.9937106918239, 12.0, 11.9874213836478, 11.9937106918239, 12.0, 11.9937106918239, 11.9874213836478, 11.9937106918239, 12.0, 11.9937106918239, 11.9937106918239, 11.9937106918239, 12.0, 11.9874213836478, 12.0, 11.9937106918239, 12.0, 12.0, 11.9937106918239, 12.0, 11.9937106918239, 12.0, 12.0, 11.9874213836478, 12.0, 12.0, 12.0, 12.0, 12.0, 11.9937106918239, 12.0, 12.0, 12.0, 12.0, 11.9937106918239, 11.9937106918239, 11.9937106918239, 12.0, 11.9937106918239, 12.0, 12.0, 11.9937106918239, 11.9937106918239, 11.9874213836478, 12.0, 11.9937106918239, 11.9874213836478, 12.0, 11.981132075471699, 11.9874213836478, 11.9937106918239, 11.981132075471699, 11.981132075471699, 11.981132075471699, 11.9874213836478, 11.9874213836478, 11.981132075471699, 11.9937106918239, 11.9937106918239, 12.0, 11.9937106918239, 11.9937106918239, 11.9874213836478, 12.0, 11.9874213836478, 11.9937106918239, 11.9874213836478, 11.9937106918239, 11.9874213836478, 11.981132075471699, 11.981132075471699, 11.9937106918239, 12.0, 11.9937106918239, 11.9937106918239, 11.9937106918239, 12.0, 11.9937106918239, 12.0, 11.9937106918239, 11.9874213836478, 11.9937106918239]",0.8992643598444505,0.9223119630044699,12,"[33, 33, 33, 33, 33, 33, 33, 33, 33, 33, 33, 33, 33, 33, 31, 31, 28, 27, 25, 24, 21, 20, 18, 18, 17, 16, 16, 16, 16, 16, 15, 15, 15, 14, 14, 14, 14, 14, 14, 13, 13, 13, 13, 13, 13, 13, 13, 13, 13, 13, 13, 13, 13, 13, 13, 13, 13, 13, 13, 13, 13, 13, 13, 13, 13, 13, 13, 13, 13, 13, 13, 13, 13, 13, 13, 13, 12, 12, 12, 12, 12, 12, 12, 12, 12, 12, 12, 12, 12, 12, 12, 12, 12, 12, 12, 12, 12, 12, 12, 12, 12, 12, 12, 12, 12, 12, 12, 12, 12, 12, 12, 12, 12, 12, 12, 12, 12, 12, 12, 12, 12, 12, 12, 12, 12, 12, 12, 12, 12, 12, 12, 12, 12, 12, 12, 12, 12, 12, 12, 12, 12, 12, 12, 12, 12, 12, 12, 12, 12, 12, 12, 12, 12, 12, 12, 12, 12, 12, 12, 12, 12, 12, 12, 12, 12, 12, 12, 12, 12, 12, 12, 12, 12, 12, 12, 12, 12, 12, 12, 12, 12, 12, 12, 12, 12, 12, 12, 12, 12, 12, 12, 12, 12, 12, 12, 12, 12, 12, 12, 12, 12, 12, 12, 12, 12, 12, 12, 12, 12, 12, 12, 12, 12, 12, 12, 12, 12, 12, 12, 12, 12, 12, 12, 12, 12, 12, 12, 12, 12, 12, 12, 12, 12, 12, 12, 12, 12, 12, 12, 12, 12, 12, 12, 12, 12, 12, 12, 12, 12, 12, 12, 12, 12, 12, 12, 12, 12, 12, 12, 12, 12, 12, 12, 12, 12, 12, 12, 12, 12, 12, 12, 12, 12, 12, 12, 12, 12, 12, 12, 12, 12, 12, 12, 12, 12, 12, 12, 12, 12, 12, 12, 12, 12, 12, 12]",295,"[0.3838980197906494, 0.375143826007843, 0.37267109751701355, 0.37415051460266113, 0.3627442419528961, 0.3631916344165802, 0.36084458231925964, 0.3585018515586853, 0.3503669798374176, 0.34820854663848877, 0.3492308557033539, 0.3424680829048157, 0.351293683052063, 0.3383369743824005, 0.3313790261745453, 0.3325435221195221, 0.330552875995636, 0.328091025352478, 0.3231683671474457, 0.322590708732605, 0.32329100370407104, 0.3236010670661926, 0.3171519637107849, 0.31626805663108826, 0.31252747774124146, 0.30836647748947144, 0.30844610929489136, 0.30857694149017334, 0.3028702139854431, 0.2988852858543396, 0.2968854010105133, 0.29445570707321167, 0.30792665481567383, 0.29074445366859436, 0.28974515199661255, 0.2898768186569214, 0.2869220972061157, 0.284514456987381, 0.28092020750045776, 0.27865180373191833, 0.2795511484146118, 0.2805327773094177, 0.27793145179748535, 0.2716546058654785, 0.26906514167785645, 0.269631952047348, 0.2666424512863159, 0.267782598733902, 0.2634890675544739, 0.2621498703956604, 0.2606661021709442, 0.2592333257198334, 0.25837016105651855, 0.26922768354415894, 0.2561434507369995, 0.25582510232925415, 0.2548317313194275, 0.2544575333595276, 0.25196972489356995, 0.25920459628105164, 0.25735723972320557, 0.24911034107208252, 0.2519262731075287, 0.24992378056049347, 0.2472640573978424, 0.24607636034488678, 0.2454404979944229, 0.24426594376564026, 0.24407047033309937, 0.2436821013689041, 0.24545493721961975, 0.24148420989513397, 0.24164052307605743, 0.23993322253227234, 0.23804296553134918, 0.2420615702867508, 0.2439003437757492, 0.23754499852657318, 0.23682789504528046, 0.23633834719657898, 0.23681612312793732, 0.2346433699131012, 0.23423948884010315, 0.2337607741355896, 0.23829904198646545, 0.2379658818244934, 0.2321292906999588, 0.2309548705816269, 0.23773401975631714, 0.23135022819042206, 0.2301858514547348, 0.23038290441036224, 0.2445208877325058, 0.22847385704517365, 0.22793321311473846, 0.22835944592952728, 0.22709901630878448, 0.22528314590454102, 0.22576183080673218, 0.22605520486831665, 0.2249581515789032, 0.22788387537002563, 0.22413510084152222, 0.22358199954032898, 0.22246578335762024, 0.2246803343296051, 0.22556966543197632, 0.22250227630138397, 0.22782495617866516, 0.22180557250976562, 0.2214311957359314, 0.22127455472946167, 0.22032266855239868, 0.21995490789413452, 0.22122538089752197, 0.22228242456912994, 0.22167827188968658, 0.21881353855133057, 0.22004979848861694, 0.22130312025547028, 0.21818707883358002, 0.21769684553146362, 0.22349894046783447, 0.21883663535118103, 0.22025233507156372, 0.2175731211900711, 0.2214474231004715, 0.21789488196372986, 0.21761193871498108, 0.21612270176410675, 0.21718575060367584, 0.21691495180130005, 0.22028984129428864, 0.21492671966552734, 0.21666219830513, 0.21517738699913025, 0.21784216165542603, 0.21617956459522247, 0.21287129819393158, 0.21258442103862762, 0.21402698755264282, 0.21284179389476776, 0.21095922589302063, 0.21048912405967712, 0.21130472421646118, 0.21084603667259216, 0.2115848958492279, 0.21215617656707764, 0.2144167125225067, 0.21247892081737518, 0.21091681718826294, 0.20923954248428345, 0.21500341594219208, 0.21259143948554993, 0.20955312252044678, 0.20970800518989563, 0.21014933288097382, 0.21013931930065155, 0.2144409418106079, 0.21053546667099, 0.2072519063949585, 0.2093597799539566, 0.2139470875263214, 0.20849725604057312, 0.2094995528459549, 0.21222664415836334, 0.20649322867393494, 0.20767036080360413, 0.20979338884353638, 0.20854267477989197, 0.20675525069236755, 0.2068539559841156, 0.20817877352237701, 0.2069014608860016, 0.20740358531475067, 0.20550790429115295, 0.20525044202804565, 0.2055145651102066, 0.20745064318180084, 0.20423556864261627, 0.2068183571100235, 0.20664963126182556, 0.20494869351387024, 0.20624616742134094, 0.20771484076976776, 0.20716679096221924, 0.2075948864221573, 0.20436693727970123, 0.20621581375598907, 0.20513440668582916, 0.21201074123382568, 0.20363199710845947, 0.20240932703018188, 0.2017861157655716, 0.20188213884830475, 0.20502088963985443, 0.20386745035648346, 0.2014482319355011, 0.20214058458805084, 0.20586490631103516, 0.20164507627487183, 0.20080457627773285, 0.20914150774478912, 0.20220723748207092, 0.2014705240726471, 0.1997680515050888, 0.20210810005664825, 0.20094579458236694, 0.20257516205310822, 0.20050553977489471, 0.2001301348209381, 0.2007257640361786, 0.20164600014686584, 0.20128563046455383, 0.20013675093650818, 0.20101848244667053, 0.1989060640335083, 0.20050247013568878, 0.20124980807304382, 0.19985798001289368, 0.19954414665699005, 0.2074248194694519, 0.19916045665740967, 0.19874277710914612, 0.199602410197258, 0.1989290863275528, 0.19883565604686737, 0.20035700500011444, 0.19710773229599, 0.1986154168844223, 0.19817465543746948, 0.2066858857870102, 0.19824470579624176, 0.1984749436378479, 0.20092281699180603, 0.1992170363664627, 0.19716356694698334, 0.2002560943365097, 0.19916516542434692, 0.19730256497859955, 0.196451798081398, 0.19591651856899261, 0.1966887265443802, 0.19646070897579193, 0.20101480185985565, 0.19832581281661987, 0.19656400382518768, 0.19824296236038208, 0.2082144170999527, 0.1981874406337738, 0.19862531125545502, 0.19596415758132935, 0.1960889846086502, 0.1949959397315979, 0.1953020989894867, 0.19542986154556274, 0.19603955745697021, 0.19524303078651428, 0.19465717673301697, 0.1973358690738678, 0.19457770884037018, 0.19608287513256073, 0.1959557980298996, 0.1975184977054596, 0.19536054134368896, 0.19673839211463928, 0.19545574486255646, 0.19841249287128448, 0.1997651606798172, 0.1962323933839798, 0.19474758207798004, 0.1942419409751892, 0.19345521926879883, 0.19490757584571838, 0.1928592324256897, 0.19490434229373932, 0.19628497958183289, 0.19421905279159546, 0.19473640620708466, 0.19715695083141327, 0.19374467432498932, 0.1931706964969635, 0.19539514183998108, 0.19526544213294983, 0.1949601024389267, 0.19584065675735474, 0.19497951865196228, 0.19531911611557007, 0.19366787374019623, 0.19352401793003082, 0.19365492463111877, 0.19434569776058197, 0.20091558992862701, 0.19153089821338654, 0.19561107456684113]",12.0,"[33.0, 33.0, 33.0, 33.0, 33.0, 33.0, 33.0, 33.0, 33.0, 33.0, 33.0, 33.0, 33.0, 33.0, 31.0, 31.0, 28.0, 27.0, 25.0, 24.0, 21.0, 20.0, 18.0, 18.0, 17.0, 16.0, 16.0, 16.0, 16.0, 16.0, 15.0, 15.0, 15.0, 14.0, 14.0, 14.0, 14.0, 14.0, 14.0, 13.0, 13.0, 13.0, 13.0, 13.0, 13.0, 13.0, 13.0, 13.0, 13.0, 13.0, 13.0, 13.0, 13.0, 13.0, 13.0, 13.0, 13.0, 13.0, 13.0, 13.0, 13.0, 13.0, 13.0, 13.0, 13.0, 13.0, 13.0, 13.0, 13.0, 13.0, 13.0, 13.0, 13.0, 13.0, 13.0, 13.0, 12.0, 12.0, 12.0, 12.0, 12.0, 12.0, 12.0, 12.0, 12.0, 12.0, 12.0, 12.0, 12.0, 12.0, 12.0, 12.0, 12.0, 12.0, 12.0, 12.0, 12.0, 12.0, 12.0, 12.0, 12.0, 12.0, 12.0, 12.0, 12.0, 12.0, 12.0, 12.0, 12.0, 12.0, 12.0, 12.0, 12.0, 12.0, 12.0, 12.0, 12.0, 12.0, 12.0, 12.0, 12.0, 12.0, 12.0, 12.0, 12.0, 12.0, 12.0, 12.0, 12.0, 12.0, 12.0, 12.0, 12.0, 12.0, 12.0, 12.0, 12.0, 12.0, 12.0, 12.0, 12.0, 12.0, 12.0, 12.0, 12.0, 12.0, 12.0, 12.0, 12.0, 12.0, 12.0, 12.0, 12.0, 12.0, 12.0, 12.0, 12.0, 12.0, 12.0, 12.0, 12.0, 12.0, 12.0, 12.0, 12.0, 12.0, 12.0, 12.0, 12.0, 12.0, 12.0, 12.0, 12.0, 12.0, 12.0, 12.0, 12.0, 12.0, 12.0, 12.0, 12.0, 12.0, 12.0, 12.0, 12.0, 12.0, 12.0, 12.0, 12.0, 12.0, 12.0, 12.0, 12.0, 12.0, 12.0, 12.0, 12.0, 12.0, 12.0, 12.0, 12.0, 12.0, 12.0, 12.0, 12.0, 12.0, 12.0, 12.0, 12.0, 12.0, 12.0, 12.0, 12.0, 12.0, 12.0, 12.0, 12.0, 12.0, 12.0, 12.0, 12.0, 12.0, 12.0, 12.0, 12.0, 12.0, 12.0, 12.0, 12.0, 12.0, 12.0, 12.0, 12.0, 12.0, 12.0, 12.0, 12.0, 12.0, 12.0, 12.0, 12.0, 12.0, 12.0, 12.0, 12.0, 12.0, 12.0, 12.0, 12.0, 12.0, 12.0, 12.0, 12.0, 12.0, 12.0, 12.0, 12.0, 12.0, 12.0, 12.0, 12.0, 12.0, 12.0, 12.0, 12.0, 12.0, 12.0, 12.0, 12.0, 12.0, 12.0, 12.0, 12.0, 12.0, 12.0, 12.0, 12.0, 12.0, 12.0, 12.0, 12.0, 12.0, 12.0, 12.0, 12.0, 12.0, 12.0, 12.0, 12.0, 12.0, 12.0, 12.0, 12.0, 12.0, 12.0]",COMPLETE
