,number,value,datetime_start,datetime_complete,duration,params_batch_size_scaler,params_constant_learning_rate,params_depth,params_epochs,params_kernel_l2,params_num_trees,params_temperature,user_attrs_accuracy_test,user_attrs_accuracy_valid,user_attrs_approximate_feature_sparsity,user_attrs_approximate_feature_sparsity_history,user_attrs_approximate_weight_sparsity,user_attrs_approximate_weight_sparsity_history,user_attrs_auc_test,user_attrs_auc_valid,user_attrs_feature_sparsity,user_attrs_feature_sparsity_history,user_attrs_num_epochs,user_attrs_val_loss_history,user_attrs_weight_sparsity,user_attrs_weight_sparsity_history,state
80,80,0.9243472324200385,2024-08-31 04:01:03.588411,2024-08-31 04:02:22.403338,0 days 00:01:18.814927,64,0.856688512145907,5,270,0.01816798992737091,25,0.00019596237655956415,0.931,0.93375,33,"[33, 33, 33, 33, 33, 33, 33, 33, 33, 33, 33, 33, 33, 33, 33, 33, 33, 33, 33, 33, 33, 33, 33, 33, 33, 33, 33, 33, 33, 33, 33, 33, 33, 33, 33, 33, 33, 33, 33, 33, 33, 33, 33, 33, 33, 33, 33, 33, 33, 33, 33, 33, 33, 33, 33, 33, 33, 33, 33, 33, 33, 33, 33, 33, 33, 33, 33, 33, 33, 33, 33, 33, 33, 33, 33, 33, 33, 33, 33, 33, 33, 33, 33, 33, 33, 33, 33, 33, 33, 33, 33, 33, 33, 33, 33, 33, 33, 33, 33, 33, 33, 33, 33, 33, 33, 33, 33, 33, 33, 33, 33, 33, 33, 33, 33, 33, 33, 33, 33, 33, 33, 33, 33, 33, 33, 33, 33, 33, 33, 33, 33, 33, 33, 33, 33, 33, 33, 33, 33, 33, 33, 33, 33, 33, 33, 33, 33, 33, 33, 33, 33, 33, 33, 33, 33, 33, 33, 33, 33, 33, 33, 33, 33, 33, 33, 33, 33, 33, 33, 33, 33, 33, 33, 33, 33, 33, 33, 33, 33, 33, 33, 33, 33, 33, 33, 33, 33, 33, 33, 33, 33, 33, 33, 33, 33, 33, 33, 33, 33, 33, 33, 33, 33, 33, 33, 33, 33, 33, 33, 33, 33, 33, 33, 33, 33, 33, 33, 33, 33, 33, 33, 33, 33, 33, 33, 33, 33, 33, 33, 33, 33, 33, 33, 33, 33, 33, 33, 33, 33, 33, 33, 33, 33, 33, 33, 33, 33, 33, 33, 33, 33, 33, 33, 33, 33, 33, 33, 33, 33, 33, 33, 33, 33, 33, 33, 33, 33, 33, 33, 33]",32.96774193548387,"[32.96774193548387, 32.971612903225804, 32.96387096774193, 32.96258064516129, 32.957419354838706, 32.971612903225804, 32.96, 32.96, 32.96645161290323, 32.95741935483871, 32.961290322580645, 32.96516129032258, 32.96, 32.97032258064516, 32.96774193548387, 32.979354838709675, 32.971612903225804, 32.96774193548387, 32.97290322580645, 32.96, 32.95870967741935, 32.95612903225806, 32.95870967741936, 32.969032258064516, 32.96, 32.95612903225807, 32.971612903225804, 32.95225806451613, 32.95870967741936, 32.96774193548387, 32.96645161290323, 32.96774193548387, 32.96774193548387, 32.94709677419355, 32.953548387096774, 32.961290322580645, 32.96258064516129, 32.957419354838706, 32.95483870967742, 32.96387096774193, 32.96387096774193, 32.96387096774193, 32.96258064516129, 32.95225806451613, 32.95483870967742, 32.94967741935484, 32.9458064516129, 32.95870967741935, 32.95870967741935, 32.95612903225807, 32.97032258064516, 32.97290322580645, 32.96774193548387, 32.96387096774194, 32.96645161290323, 32.97290322580645, 32.96516129032258, 32.97548387096774, 32.969032258064516, 32.96645161290323, 32.975483870967736, 32.97677419354838, 32.96516129032258, 32.97677419354839, 32.96516129032258, 32.96774193548387, 32.96645161290323, 32.969032258064516, 32.957419354838706, 32.96258064516129, 32.95870967741936, 32.97548387096774, 32.96645161290323, 32.96645161290323, 32.96774193548387, 32.965161290322584, 32.96258064516129, 32.96774193548387, 32.971612903225804, 32.9741935483871, 32.975483870967736, 32.965161290322584, 32.953548387096774, 32.953548387096774, 32.95741935483871, 32.96258064516129, 32.96645161290323, 32.95225806451613, 32.971612903225804, 32.98064516129032, 32.96774193548387, 32.96774193548387, 32.96516129032258, 32.96516129032258, 32.96, 32.96, 32.96387096774193, 32.95612903225806, 32.957419354838706, 32.969032258064516, 32.96774193548387, 32.95870967741935, 32.96774193548387, 32.97290322580645, 32.96387096774193, 32.96387096774193, 32.965161290322584, 32.971612903225804, 32.96258064516129, 32.97290322580645, 32.96774193548387, 32.97548387096774, 32.98064516129032, 32.971612903225804, 32.96645161290323, 32.979354838709675, 32.979354838709675, 32.96258064516129, 32.96516129032258, 32.96387096774193, 32.96774193548387, 32.971612903225804, 32.96774193548387, 32.97290322580645, 32.969032258064516, 32.957419354838706, 32.97419354838709, 32.95612903225806, 32.961290322580645, 32.961290322580645, 32.96387096774194, 32.961290322580645, 32.96387096774193, 32.961290322580645, 32.96387096774193, 32.965161290322584, 32.962580645161296, 32.96645161290323, 32.96645161290323, 32.965161290322584, 32.97032258064516, 32.96387096774193, 32.96774193548387, 32.96258064516129, 32.96516129032258, 32.96516129032258, 32.961290322580645, 32.969032258064516, 32.97032258064516, 32.96387096774193, 32.961290322580645, 32.961290322580645, 32.96387096774193, 32.96645161290323, 32.96645161290322, 32.97032258064516, 32.969032258064516, 32.96516129032258, 32.96774193548387, 32.953548387096774, 32.959999999999994, 32.96129032258064, 32.969032258064516, 32.96387096774193, 32.96, 32.95741935483871, 32.96, 32.95612903225806, 32.96387096774193, 32.96516129032258, 32.969032258064516, 32.96387096774194, 32.97548387096774, 32.96387096774194, 32.97032258064516, 32.97290322580645, 32.96774193548387, 32.96516129032258, 32.96516129032258, 32.96258064516129, 32.95870967741936, 32.96, 32.95612903225806, 32.94838709677419, 32.953548387096774, 32.96258064516129, 32.96, 32.965161290322584, 32.961290322580645, 32.96, 32.96645161290323, 32.95483870967742, 32.957419354838706, 32.953548387096774, 32.94838709677419, 32.94967741935484, 32.95612903225806, 32.957419354838706, 32.95870967741936, 32.953548387096774, 32.953548387096774, 32.96258064516129, 32.95870967741935, 32.97419354838709, 32.96258064516129, 32.969032258064516, 32.97032258064516, 32.94967741935484, 32.95483870967742, 32.961290322580645, 32.95612903225806, 32.96516129032258, 32.96774193548387, 32.969032258064516, 32.969032258064516, 32.96258064516129, 32.96387096774193, 32.972903225806455, 32.97290322580645, 32.96645161290323, 32.97290322580645, 32.97032258064516, 32.971612903225804, 32.969032258064516, 32.969032258064516, 32.969032258064516, 32.96387096774194, 32.96258064516129, 32.96645161290323, 32.9741935483871, 32.97419354838709, 32.97290322580645, 32.96645161290323, 32.971612903225804, 32.96387096774193, 32.96, 32.97290322580645, 32.97032258064516, 32.969032258064516, 32.96645161290323, 32.965161290322584, 32.97032258064516, 32.97419354838709, 32.96516129032258, 32.96258064516129, 32.96774193548387, 32.96387096774193, 32.96774193548387, 32.96774193548387, 32.969032258064516, 32.97290322580645, 32.969032258064516, 32.965161290322584, 32.969032258064516, 32.969032258064516, 32.96258064516129, 32.96, 32.95483870967742, 32.95483870967742, 32.971612903225804, 32.965161290322584, 32.96, 32.96, 32.95870967741935, 32.957419354838706, 32.96516129032258, 32.95870967741936, 32.96516129032258, 32.96387096774193, 32.96774193548387]",0.9080408523848447,0.9243472324200385,33,"[33, 33, 33, 33, 33, 33, 33, 33, 33, 33, 33, 33, 33, 33, 33, 33, 33, 33, 33, 33, 33, 33, 33, 33, 33, 33, 33, 33, 33, 33, 33, 33, 33, 33, 33, 33, 33, 33, 33, 33, 33, 33, 33, 33, 33, 33, 33, 33, 33, 33, 33, 33, 33, 33, 33, 33, 33, 33, 33, 33, 33, 33, 33, 33, 33, 33, 33, 33, 33, 33, 33, 33, 33, 33, 33, 33, 33, 33, 33, 33, 33, 33, 33, 33, 33, 33, 33, 33, 33, 33, 33, 33, 33, 33, 33, 33, 33, 33, 33, 33, 33, 33, 33, 33, 33, 33, 33, 33, 33, 33, 33, 33, 33, 33, 33, 33, 33, 33, 33, 33, 33, 33, 33, 33, 33, 33, 33, 33, 33, 33, 33, 33, 33, 33, 33, 33, 33, 33, 33, 33, 33, 33, 33, 33, 33, 33, 33, 33, 33, 33, 33, 33, 33, 33, 33, 33, 33, 33, 33, 33, 33, 33, 33, 33, 33, 33, 33, 33, 33, 33, 33, 33, 33, 33, 33, 33, 33, 33, 33, 33, 33, 33, 33, 33, 33, 33, 33, 33, 33, 33, 33, 33, 33, 33, 33, 33, 33, 33, 33, 33, 33, 33, 33, 33, 33, 33, 33, 33, 33, 33, 33, 33, 33, 33, 33, 33, 33, 33, 33, 33, 33, 33, 33, 33, 33, 33, 33, 33, 33, 33, 33, 33, 33, 33, 33, 33, 33, 33, 33, 33, 33, 33, 33, 33, 33, 33, 33, 33, 33, 33, 33, 33, 33, 33, 33, 33, 33, 33, 33, 33, 33, 33, 33, 33, 33, 33, 33, 33, 33, 33]",270,"[0.41389742493629456, 0.3955787718296051, 0.3879084885120392, 0.3833540081977844, 0.38021355867385864, 0.37741416692733765, 0.37545567750930786, 0.373662531375885, 0.37184950709342957, 0.37099024653434753, 0.3691578805446625, 0.36753636598587036, 0.36623337864875793, 0.36510464549064636, 0.36507952213287354, 0.36250200867652893, 0.36118847131729126, 0.3607544004917145, 0.35978832840919495, 0.3589106500148773, 0.35825324058532715, 0.35761260986328125, 0.35631898045539856, 0.3560311794281006, 0.35459578037261963, 0.3541877865791321, 0.352990984916687, 0.35141512751579285, 0.35081973671913147, 0.3493589758872986, 0.34794485569000244, 0.34702473878860474, 0.34679388999938965, 0.34511515498161316, 0.3440183401107788, 0.3429400622844696, 0.34159523248672485, 0.34099534153938293, 0.33966195583343506, 0.3383544683456421, 0.33761319518089294, 0.3374124765396118, 0.33602264523506165, 0.3350873291492462, 0.33330219984054565, 0.3322160840034485, 0.33133038878440857, 0.32974788546562195, 0.3287098705768585, 0.3271258473396301, 0.3258625268936157, 0.32478785514831543, 0.3242184519767761, 0.3228781819343567, 0.32151320576667786, 0.32003915309906006, 0.31860870122909546, 0.3178532123565674, 0.31682145595550537, 0.31526997685432434, 0.31359779834747314, 0.3123685419559479, 0.3108155131340027, 0.30980923771858215, 0.30783307552337646, 0.3071820139884949, 0.30606281757354736, 0.3050234913825989, 0.30376800894737244, 0.30251866579055786, 0.3015119731426239, 0.30024853348731995, 0.2987367510795593, 0.2972782552242279, 0.29590797424316406, 0.2939823567867279, 0.2926945686340332, 0.291584312915802, 0.289702832698822, 0.28861963748931885, 0.2872254550457001, 0.28765541315078735, 0.2859261631965637, 0.284091591835022, 0.28311049938201904, 0.28176090121269226, 0.2815759778022766, 0.27961477637290955, 0.2789718806743622, 0.27697476744651794, 0.2757745385169983, 0.27515003085136414, 0.2747229337692261, 0.27455127239227295, 0.27355945110321045, 0.27229905128479004, 0.27157217264175415, 0.27098548412323, 0.2708110213279724, 0.2697925865650177, 0.269828200340271, 0.2688915431499481, 0.26901066303253174, 0.2674557566642761, 0.26705801486968994, 0.2655717432498932, 0.2635820209980011, 0.2632655203342438, 0.2634418308734894, 0.2616509795188904, 0.2600688338279724, 0.26019322872161865, 0.2589992582798004, 0.2589547038078308, 0.25910985469818115, 0.25888723134994507, 0.2570844888687134, 0.2566257417201996, 0.2565155625343323, 0.2562432587146759, 0.2558351755142212, 0.2562960684299469, 0.2539305090904236, 0.25246337056159973, 0.25194689631462097, 0.25083017349243164, 0.2499350756406784, 0.24939127266407013, 0.24776580929756165, 0.2478918582201004, 0.24661841988563538, 0.24575524032115936, 0.24553923308849335, 0.24483898282051086, 0.2443053424358368, 0.24466703832149506, 0.24339312314987183, 0.24436460435390472, 0.24442078173160553, 0.24207483232021332, 0.24150846898555756, 0.24075312912464142, 0.24047985672950745, 0.23944520950317383, 0.24039526283740997, 0.24007093906402588, 0.23983214795589447, 0.23840725421905518, 0.23834849894046783, 0.23794427514076233, 0.2376987338066101, 0.23667599260807037, 0.23621885478496552, 0.23562848567962646, 0.23633761703968048, 0.23563137650489807, 0.234347864985466, 0.234736829996109, 0.2345861792564392, 0.23198232054710388, 0.2315780222415924, 0.23222705721855164, 0.23273298144340515, 0.23283857107162476, 0.23165512084960938, 0.2312057465314865, 0.23040178418159485, 0.22976264357566833, 0.22942234575748444, 0.2285977602005005, 0.2285180240869522, 0.22706595063209534, 0.22665324807167053, 0.22598713636398315, 0.22655901312828064, 0.22504089772701263, 0.22479601204395294, 0.22523298859596252, 0.22558492422103882, 0.22540991008281708, 0.22427740693092346, 0.2239927351474762, 0.22399131953716278, 0.22373086214065552, 0.2226845920085907, 0.22171518206596375, 0.22216257452964783, 0.2232399731874466, 0.2225324511528015, 0.22210922837257385, 0.2203417271375656, 0.22059448063373566, 0.22020204365253448, 0.22048410773277283, 0.22010798752307892, 0.2209896594285965, 0.22198954224586487, 0.21977294981479645, 0.21960775554180145, 0.2194691151380539, 0.21982267498970032, 0.21862450242042542, 0.2190120667219162, 0.21796612441539764, 0.21696242690086365, 0.21761848032474518, 0.2179185152053833, 0.2175171971321106, 0.21653582155704498, 0.2166617065668106, 0.21558722853660583, 0.21590480208396912, 0.2151375710964203, 0.21445232629776, 0.2149132937192917, 0.2146153301000595, 0.2125491499900818, 0.21212340891361237, 0.21300242841243744, 0.21316827833652496, 0.21325471997261047, 0.2140480875968933, 0.21157337725162506, 0.2106838971376419, 0.21047325432300568, 0.2106441706418991, 0.20982052385807037, 0.20982642471790314, 0.20997671782970428, 0.20985405147075653, 0.2093019336462021, 0.20969736576080322, 0.21038347482681274, 0.20959442853927612, 0.21025077998638153, 0.20879535377025604, 0.20977386832237244, 0.2086029052734375, 0.20810943841934204, 0.20752885937690735, 0.20692068338394165, 0.2059803456068039, 0.2065950185060501, 0.2062031626701355, 0.20534515380859375, 0.20769445598125458, 0.20682799816131592, 0.206748366355896, 0.20703144371509552, 0.20533379912376404, 0.20460271835327148, 0.2041197568178177, 0.20398980379104614, 0.20342324674129486, 0.20410628616809845, 0.2033534049987793, 0.20338626205921173, 0.20425447821617126, 0.20400375127792358, 0.20568083226680756, 0.2057080864906311, 0.20341911911964417, 0.20258991420269012, 0.2010905146598816, 0.20321336388587952, 0.20164944231510162, 0.2034810185432434, 0.20234541594982147, 0.20012176036834717, 0.20050868391990662]",33.0,"[33.0, 33.0, 33.0, 33.0, 33.0, 33.0, 33.0, 33.0, 33.0, 33.0, 33.0, 33.0, 33.0, 33.0, 33.0, 33.0, 33.0, 33.0, 33.0, 33.0, 33.0, 33.0, 33.0, 33.0, 33.0, 33.0, 33.0, 33.0, 33.0, 33.0, 33.0, 33.0, 33.0, 33.0, 33.0, 33.0, 33.0, 33.0, 33.0, 33.0, 33.0, 33.0, 33.0, 33.0, 33.0, 33.0, 33.0, 33.0, 33.0, 33.0, 33.0, 33.0, 33.0, 33.0, 33.0, 33.0, 33.0, 33.0, 33.0, 33.0, 33.0, 33.0, 33.0, 33.0, 33.0, 33.0, 33.0, 33.0, 33.0, 33.0, 33.0, 33.0, 33.0, 33.0, 33.0, 33.0, 33.0, 33.0, 33.0, 33.0, 33.0, 33.0, 33.0, 33.0, 33.0, 33.0, 33.0, 33.0, 33.0, 33.0, 33.0, 33.0, 33.0, 33.0, 33.0, 33.0, 33.0, 33.0, 33.0, 33.0, 33.0, 33.0, 33.0, 33.0, 33.0, 33.0, 33.0, 33.0, 33.0, 33.0, 33.0, 33.0, 33.0, 33.0, 33.0, 33.0, 33.0, 33.0, 33.0, 33.0, 33.0, 33.0, 33.0, 33.0, 33.0, 33.0, 33.0, 33.0, 33.0, 33.0, 33.0, 33.0, 33.0, 33.0, 33.0, 33.0, 33.0, 33.0, 33.0, 33.0, 33.0, 33.0, 33.0, 33.0, 33.0, 33.0, 33.0, 33.0, 33.0, 33.0, 33.0, 33.0, 33.0, 33.0, 33.0, 33.0, 33.0, 33.0, 33.0, 33.0, 33.0, 33.0, 33.0, 33.0, 33.0, 33.0, 33.0, 33.0, 33.0, 33.0, 33.0, 33.0, 33.0, 33.0, 33.0, 33.0, 33.0, 33.0, 33.0, 33.0, 33.0, 33.0, 33.0, 33.0, 33.0, 33.0, 33.0, 33.0, 33.0, 33.0, 33.0, 33.0, 33.0, 33.0, 33.0, 33.0, 33.0, 33.0, 33.0, 33.0, 33.0, 33.0, 33.0, 33.0, 33.0, 33.0, 33.0, 33.0, 33.0, 33.0, 33.0, 33.0, 33.0, 33.0, 33.0, 33.0, 33.0, 33.0, 33.0, 33.0, 33.0, 33.0, 33.0, 33.0, 33.0, 33.0, 33.0, 33.0, 33.0, 33.0, 33.0, 33.0, 33.0, 33.0, 33.0, 33.0, 33.0, 33.0, 33.0, 33.0, 33.0, 33.0, 33.0, 33.0, 33.0, 33.0, 33.0, 33.0, 33.0, 33.0, 33.0, 33.0, 33.0, 33.0, 33.0, 33.0, 33.0, 33.0, 33.0, 33.0, 33.0, 33.0, 33.0, 33.0, 33.0, 33.0, 33.0, 33.0, 33.0, 33.0]",COMPLETE
