,number,value,datetime_start,datetime_complete,duration,params_batch_size_scaler,params_constant_learning_rate,params_depth,params_epochs,params_kernel_l2,params_num_trees,params_temperature,user_attrs_accuracy_test,user_attrs_accuracy_valid,user_attrs_approximate_feature_sparsity,user_attrs_approximate_feature_sparsity_history,user_attrs_approximate_weight_sparsity,user_attrs_approximate_weight_sparsity_history,user_attrs_auc_test,user_attrs_auc_valid,user_attrs_feature_sparsity,user_attrs_feature_sparsity_history,user_attrs_num_epochs,user_attrs_val_loss_history,user_attrs_weight_sparsity,user_attrs_weight_sparsity_history,state
76,76,0.6646120750731022,2024-08-31 03:54:48.890247,2024-08-31 03:57:53.905799,0 days 00:03:05.015552,4,6.710855350985535,2,495,0.010130905807779695,48,0.06668344647167092,0.854,0.8425,6,"[4, 4, 4, 4, 4, 4, 4, 4, 4, 4, 4, 6, 6, 6, 6, 6, 6, 6, 6, 6, 6, 6, 6, 6, 6, 6, 6, 6, 6, 6, 6, 6, 6, 6, 6, 6, 6, 6, 6, 6, 6, 6, 6, 6, 6, 6, 6, 6, 6, 6, 6, 6, 6, 6, 6, 6, 6, 6, 6, 6, 6, 6, 6, 6, 6, 6, 6, 6, 6, 6, 6, 6, 6, 6, 6, 6, 6, 6, 7, 7, 7, 7, 7, 7, 7, 7, 7, 7, 7, 7, 7, 7, 7, 7, 7, 7, 7, 7, 7, 7, 7, 7, 7, 7, 7, 7, 7, 7, 7, 7, 7, 7, 7, 7, 7, 7, 7, 7, 7, 7, 7, 7, 7, 7, 7, 7, 7, 7, 7, 7, 7, 7, 7, 7, 7, 7, 7, 7, 7, 7, 7, 7, 7, 7, 7, 7, 7, 7, 7, 7, 7, 7, 7, 7, 7, 7, 7, 7, 7, 7, 7, 7, 7, 7, 7, 7, 7, 7, 7, 7, 7, 7, 7, 7, 7, 7, 7, 7, 7, 7, 7, 7, 7, 7, 7, 7, 7, 7, 7, 7, 7, 7, 7, 7, 7, 7, 7, 7, 7, 7, 7, 7, 7, 7, 7, 7, 7, 7, 7, 7, 7, 7, 7, 7, 7, 7, 7, 7, 7, 7, 7, 7, 7, 7, 7, 7, 7, 7, 7, 7, 7, 7, 7, 7, 7, 7, 7, 7, 7, 7, 7, 7, 7, 7, 7, 7, 7, 7, 7, 7, 7, 7, 7, 7, 7, 7, 7, 7, 7, 7, 7, 7, 7, 7, 7, 7, 7, 7, 7, 7, 7, 7, 7, 7, 7, 7, 7, 7, 7, 7, 7, 7, 7, 7, 7, 7, 7, 7, 7, 7, 7, 7, 7, 7, 7, 7, 7, 7, 7, 7, 7, 7, 7, 7, 7, 7, 7, 7, 7, 7, 7, 7, 6, 6, 6, 6, 6, 6, 6, 6, 6, 6, 6, 6, 6, 6, 6, 6, 6, 6, 6, 6, 6, 6, 6, 6, 6, 6, 6, 6, 6, 6, 6, 6, 6, 6, 6, 6, 6, 6, 6, 6, 6, 6, 6, 6, 6, 6, 6, 6, 6, 6, 6, 6, 6, 6, 6, 6, 6, 6, 6, 6, 6, 6, 6, 6, 6, 6, 6, 6, 6, 6, 6, 6, 6, 6, 6, 6, 6, 6, 6, 6, 6, 6, 6, 6, 6, 6, 6, 6, 6, 6, 6, 6, 6, 6, 6, 6, 6, 6, 6, 6, 6, 6, 6, 6, 6, 6, 6, 6, 6, 6, 6, 6, 6, 6, 6, 6, 6, 6, 6, 6, 6, 6, 6, 6, 6, 6, 6, 6, 6, 6, 6, 6, 6, 6, 6, 6, 6, 6, 6, 6, 6, 6, 6, 6, 6, 6, 6, 6, 6, 6, 6, 6, 6, 6, 6, 6, 6, 6, 6, 6, 6, 6, 6, 6, 6, 6, 6, 6, 6, 6, 6, 6, 6, 6, 6, 6, 6, 6, 6, 6, 6, 6, 6]",6.0,"[4.0, 4.0, 4.0, 4.0, 4.0, 4.0, 4.0, 4.0, 4.0, 4.0, 4.0, 5.979166666666666, 6.0, 6.0, 6.0, 6.0, 6.0, 6.0, 6.0, 6.0, 6.0, 6.0, 6.0, 6.0, 6.0, 6.0, 6.0, 6.0, 6.0, 6.0, 6.0, 6.0, 6.0, 6.0, 6.0, 6.0, 6.0, 6.0, 6.0, 6.0, 6.0, 6.0, 6.0, 6.0, 6.0, 6.0, 6.0, 6.0, 6.0, 5.993055555555555, 6.0, 6.0, 6.0, 6.0, 6.0, 6.0, 6.0, 5.993055555555555, 6.0, 6.0, 6.0, 6.0, 6.0, 6.0, 6.0, 6.0, 6.0, 6.0, 6.0, 6.0, 6.0, 6.0, 6.0, 6.0, 5.993055555555555, 6.0, 6.0, 6.0, 6.993055555555555, 7.0, 7.0, 7.0, 6.993055555555555, 6.993055555555555, 7.0, 7.0, 7.0, 7.0, 7.0, 7.0, 7.0, 6.986111111111111, 7.0, 7.0, 7.0, 7.0, 7.0, 7.0, 7.0, 7.0, 6.993055555555555, 7.0, 7.0, 7.0, 7.0, 7.0, 7.0, 7.0, 7.0, 7.0, 7.0, 7.0, 7.0, 6.993055555555555, 7.0, 7.0, 7.0, 7.0, 7.0, 7.0, 7.0, 7.0, 7.0, 7.0, 7.0, 6.993055555555555, 7.0, 7.0, 7.0, 7.0, 7.0, 7.0, 7.0, 7.0, 7.0, 7.0, 7.0, 6.993055555555555, 7.0, 7.0, 7.0, 7.0, 6.993055555555555, 7.0, 7.0, 7.0, 7.0, 7.0, 7.0, 7.0, 7.0, 7.0, 7.0, 7.0, 7.0, 7.0, 7.0, 7.0, 7.0, 7.0, 7.0, 7.0, 7.0, 7.0, 6.993055555555555, 7.0, 7.0, 7.0, 7.0, 6.993055555555555, 7.0, 7.0, 7.0, 7.0, 7.0, 7.0, 7.0, 7.0, 6.993055555555555, 7.0, 7.0, 7.0, 7.0, 7.0, 7.0, 6.993055555555555, 7.0, 7.0, 7.0, 7.0, 7.0, 7.0, 7.0, 7.0, 7.0, 7.0, 7.0, 6.993055555555555, 7.0, 7.0, 7.0, 7.0, 7.0, 7.0, 7.0, 7.0, 7.0, 7.0, 7.0, 7.0, 7.0, 7.0, 7.0, 7.0, 7.0, 7.0, 7.0, 7.0, 7.0, 7.0, 7.0, 7.0, 7.0, 7.0, 7.0, 7.0, 7.0, 7.0, 7.0, 7.0, 7.0, 7.0, 7.0, 7.0, 7.0, 7.0, 7.0, 7.0, 7.0, 7.0, 7.0, 7.0, 7.0, 7.0, 7.0, 7.0, 7.0, 7.0, 6.993055555555555, 7.0, 7.0, 7.0, 7.0, 7.0, 7.0, 7.0, 7.0, 7.0, 7.0, 7.0, 7.0, 7.0, 7.0, 7.0, 7.0, 7.0, 7.0, 7.0, 7.0, 7.0, 7.0, 7.0, 7.0, 7.0, 7.0, 6.993055555555555, 7.0, 6.993055555555555, 7.0, 7.0, 7.0, 7.0, 7.0, 7.0, 7.0, 7.0, 7.0, 7.0, 6.993055555555555, 6.993055555555555, 7.0, 7.0, 7.0, 7.0, 7.0, 7.0, 6.993055555555555, 7.0, 7.0, 7.0, 7.0, 7.0, 7.0, 7.0, 7.0, 7.0, 6.993055555555555, 7.0, 7.0, 7.0, 7.0, 7.0, 6.0, 6.0, 6.0, 6.0, 6.0, 5.993055555555555, 6.0, 6.0, 6.0, 6.0, 5.993055555555555, 5.993055555555555, 5.993055555555555, 6.0, 6.0, 6.0, 5.993055555555555, 6.0, 6.0, 5.993055555555555, 6.0, 5.993055555555555, 6.0, 5.993055555555555, 6.0, 6.0, 6.0, 6.0, 6.0, 6.0, 6.0, 6.0, 6.0, 6.0, 6.0, 6.0, 6.0, 6.0, 6.0, 6.0, 6.0, 6.0, 5.993055555555555, 6.0, 6.0, 6.0, 6.0, 6.0, 6.0, 6.0, 6.0, 6.0, 6.0, 6.0, 6.0, 6.0, 6.0, 6.0, 6.0, 6.0, 6.0, 6.0, 5.993055555555555, 6.0, 6.0, 6.0, 6.0, 6.0, 6.0, 6.0, 5.993055555555555, 5.993055555555555, 6.0, 5.993055555555555, 5.993055555555555, 6.0, 5.993055555555555, 6.0, 6.0, 6.0, 6.0, 6.0, 6.0, 6.0, 6.0, 6.0, 6.0, 6.0, 6.0, 6.0, 6.0, 6.0, 6.0, 5.993055555555555, 5.993055555555555, 6.0, 6.0, 6.0, 6.0, 6.0, 6.0, 6.0, 5.993055555555555, 5.993055555555555, 6.0, 6.0, 6.0, 6.0, 6.0, 6.0, 6.0, 6.0, 6.0, 6.0, 6.0, 6.0, 6.0, 6.0, 6.0, 6.0, 6.0, 6.0, 6.0, 6.0, 6.0, 6.0, 6.0, 6.0, 5.993055555555555, 6.0, 5.993055555555555, 6.0, 6.0, 6.0, 6.0, 6.0, 6.0, 6.0, 6.0, 6.0, 6.0, 6.0, 6.0, 6.0, 6.0, 6.0, 6.0, 6.0, 6.0, 6.0, 6.0, 6.0, 6.0, 5.993055555555555, 5.993055555555555, 5.993055555555555, 6.0, 6.0, 6.0, 6.0, 6.0, 6.0, 6.0, 6.0, 6.0, 6.0, 6.0, 6.0, 6.0, 6.0, 6.0, 6.0, 6.0, 5.993055555555555, 6.0, 6.0, 5.993055555555555, 6.0, 6.0, 6.0, 6.0, 6.0, 6.0]",0.6491384506146847,0.6646120750731022,6,"[4, 4, 4, 4, 4, 4, 4, 4, 4, 4, 4, 6, 6, 6, 6, 6, 6, 6, 6, 6, 6, 6, 6, 6, 6, 6, 6, 6, 6, 6, 6, 6, 6, 6, 6, 6, 6, 6, 6, 6, 6, 6, 6, 6, 6, 6, 6, 6, 6, 6, 6, 6, 6, 6, 6, 6, 6, 6, 6, 6, 6, 6, 6, 6, 6, 6, 6, 6, 6, 6, 6, 6, 6, 6, 6, 6, 6, 6, 7, 7, 7, 7, 7, 7, 7, 7, 7, 7, 7, 7, 7, 7, 7, 7, 7, 7, 7, 7, 7, 7, 7, 7, 7, 7, 7, 7, 7, 7, 7, 7, 7, 7, 7, 7, 7, 7, 7, 7, 7, 7, 7, 7, 7, 7, 7, 7, 7, 7, 7, 7, 7, 7, 7, 7, 7, 7, 7, 7, 7, 7, 7, 7, 7, 7, 7, 7, 7, 7, 7, 7, 7, 7, 7, 7, 7, 7, 7, 7, 7, 7, 7, 7, 7, 7, 7, 7, 7, 7, 7, 7, 7, 7, 7, 7, 7, 7, 7, 7, 7, 7, 7, 7, 7, 7, 7, 7, 7, 7, 7, 7, 7, 7, 7, 7, 7, 7, 7, 7, 7, 7, 7, 7, 7, 7, 7, 7, 7, 7, 7, 7, 7, 7, 7, 7, 7, 7, 7, 7, 7, 7, 7, 7, 7, 7, 7, 7, 7, 7, 7, 7, 7, 7, 7, 7, 7, 7, 7, 7, 7, 7, 7, 7, 7, 7, 7, 7, 7, 7, 7, 7, 7, 7, 7, 7, 7, 7, 7, 7, 7, 7, 7, 7, 7, 7, 7, 7, 7, 7, 7, 7, 7, 7, 7, 7, 7, 7, 7, 7, 7, 7, 7, 7, 7, 7, 7, 7, 7, 7, 7, 7, 7, 7, 7, 7, 7, 7, 7, 7, 7, 7, 7, 7, 7, 7, 7, 7, 7, 7, 7, 7, 7, 7, 6, 6, 6, 6, 6, 6, 6, 6, 6, 6, 6, 6, 6, 6, 6, 6, 6, 6, 6, 6, 6, 6, 6, 6, 6, 6, 6, 6, 6, 6, 6, 6, 6, 6, 6, 6, 6, 6, 6, 6, 6, 6, 6, 6, 6, 6, 6, 6, 6, 6, 6, 6, 6, 6, 6, 6, 6, 6, 6, 6, 6, 6, 6, 6, 6, 6, 6, 6, 6, 6, 6, 6, 6, 6, 6, 6, 6, 6, 6, 6, 6, 6, 6, 6, 6, 6, 6, 6, 6, 6, 6, 6, 6, 6, 6, 6, 6, 6, 6, 6, 6, 6, 6, 6, 6, 6, 6, 6, 6, 6, 6, 6, 6, 6, 6, 6, 6, 6, 6, 6, 6, 6, 6, 6, 6, 6, 6, 6, 6, 6, 6, 6, 6, 6, 6, 6, 6, 6, 6, 6, 6, 6, 6, 6, 6, 6, 6, 6, 6, 6, 6, 6, 6, 6, 6, 6, 6, 6, 6, 6, 6, 6, 6, 6, 6, 6, 6, 6, 6, 6, 6, 6, 6, 6, 6, 6, 6, 6, 6, 6, 6, 6, 6]",495,"[18.124530792236328, 13.494409561157227, 12.010551452636719, 19.469451904296875, 6.056161403656006, 16.827590942382812, 26.350967407226562, 37.08525848388672, 18.317258834838867, 35.67399978637695, 19.924076080322266, 25.163009643554688, 43.736732482910156, 33.10508728027344, 38.621707916259766, 31.541461944580078, 12.18419075012207, 7.31014347076416, 4.681309700012207, 16.721078872680664, 22.706388473510742, 21.641407012939453, 3.6474685668945312, 27.170124053955078, 6.12411642074585, 9.101512908935547, 8.032048225402832, 18.928834915161133, 14.783796310424805, 30.826126098632812, 10.617768287658691, 10.079469680786133, 5.01405668258667, 12.753706932067871, 3.2723388671875, 4.084084510803223, 12.716465950012207, 18.18851089477539, 15.723980903625488, 22.046859741210938, 33.333290100097656, 9.309240341186523, 20.418224334716797, 4.674386024475098, 19.14716339111328, 12.5928316116333, 15.569125175476074, 5.320774555206299, 6.593942642211914, 27.996469497680664, 13.835042953491211, 5.176014423370361, 10.414593696594238, 13.814230918884277, 22.170860290527344, 4.402223587036133, 9.292825698852539, 7.631829261779785, 13.973907470703125, 9.422719955444336, 5.425596714019775, 6.3644585609436035, 6.891836643218994, 6.536588191986084, 3.744175910949707, 2.5334529876708984, 6.189992904663086, 22.877662658691406, 18.302297592163086, 18.678220748901367, 2.900639533996582, 13.104147911071777, 14.49768352508545, 8.107829093933105, 6.23555850982666, 7.029263496398926, 4.591406345367432, 15.304101943969727, 13.445361137390137, 4.514434814453125, 4.133412837982178, 25.310033798217773, 5.1013264656066895, 6.555773735046387, 2.5910520553588867, 5.2107744216918945, 7.288907051086426, 3.9162187576293945, 20.701536178588867, 5.132440567016602, 2.7892565727233887, 2.7414135932922363, 2.4967966079711914, 5.441248893737793, 7.836185455322266, 5.124518871307373, 11.197953224182129, 15.447404861450195, 3.3323469161987305, 11.826391220092773, 3.440126657485962, 12.410003662109375, 14.600067138671875, 16.6890926361084, 2.7266156673431396, 7.119714736938477, 7.471093654632568, 17.231935501098633, 11.36767292022705, 3.0863938331604004, 10.274051666259766, 10.099564552307129, 4.752734184265137, 19.14883041381836, 6.145416259765625, 2.0265297889709473, 7.079708099365234, 9.430130958557129, 18.413930892944336, 3.7517905235290527, 2.995455026626587, 4.515589714050293, 10.914637565612793, 4.170434474945068, 3.4585440158843994, 14.553128242492676, 6.0460686683654785, 13.100462913513184, 2.929382085800171, 4.231908321380615, 3.27742075920105, 14.9550199508667, 4.662548065185547, 13.5719575881958, 4.34796142578125, 15.902989387512207, 7.689563751220703, 3.2515006065368652, 3.6556596755981445, 14.139759063720703, 6.356705188751221, 2.7660722732543945, 2.9947726726531982, 3.6051318645477295, 2.4877986907958984, 23.709754943847656, 6.702808856964111, 14.663843154907227, 2.5694644451141357, 7.477237701416016, 4.0915727615356445, 2.8102872371673584, 8.432037353515625, 2.9648876190185547, 5.019119739532471, 13.448095321655273, 9.875909805297852, 11.539936065673828, 3.544581890106201, 3.048088312149048, 3.3074758052825928, 4.088516712188721, 17.810232162475586, 8.86683464050293, 3.006640672683716, 4.851668834686279, 9.437082290649414, 6.854011058807373, 4.6064677238464355, 20.600805282592773, 7.012750148773193, 11.726205825805664, 14.291455268859863, 3.2218682765960693, 1.657277226448059, 3.109740972518921, 3.134908437728882, 2.6391055583953857, 5.450468063354492, 6.389993190765381, 3.5811028480529785, 2.1177175045013428, 14.756000518798828, 12.647522926330566, 5.371746063232422, 5.472353935241699, 12.89760971069336, 2.742100715637207, 18.877601623535156, 14.3543119430542, 16.647214889526367, 2.0371556282043457, 2.8640754222869873, 3.7189438343048096, 7.788375377655029, 2.953570604324341, 12.0609769821167, 7.415897369384766, 5.11756706237793, 14.657815933227539, 18.357036590576172, 2.9802660942077637, 13.335651397705078, 3.3525748252868652, 19.099584579467773, 3.1902127265930176, 2.307450771331787, 8.744725227355957, 6.550497531890869, 9.165078163146973, 5.109075546264648, 2.060523748397827, 16.709842681884766, 13.394969940185547, 5.18166971206665, 19.942230224609375, 7.5562214851379395, 4.770111560821533, 13.252310752868652, 6.392795562744141, 2.906933546066284, 9.266813278198242, 3.322603225708008, 6.766409873962402, 7.702788829803467, 3.701263427734375, 10.065149307250977, 5.057917594909668, 3.2846078872680664, 20.546302795410156, 2.554570436477661, 3.715217351913452, 3.2525250911712646, 7.419097900390625, 3.1081020832061768, 4.100948810577393, 5.429013252258301, 6.022635459899902, 10.265510559082031, 2.8930137157440186, 2.049910068511963, 3.759758710861206, 6.320216655731201, 14.420191764831543, 5.834625720977783, 13.66942024230957, 4.476803302764893, 6.853260517120361, 6.88571834564209, 4.887279033660889, 2.250555992126465, 3.378782272338867, 3.2147183418273926, 15.553513526916504, 23.187768936157227, 3.9770374298095703, 7.456289291381836, 9.204885482788086, 4.606165885925293, 3.0017507076263428, 2.0891406536102295, 2.8018503189086914, 7.7717437744140625, 2.91243839263916, 2.77329158782959, 13.08780288696289, 2.114217519760132, 14.148106575012207, 20.65308380126953, 9.175325393676758, 6.644304275512695, 7.817989349365234, 14.527754783630371, 3.8207483291625977, 5.879765033721924, 9.514142036437988, 4.101106643676758, 4.136571884155273, 2.8893604278564453, 3.261385917663574, 2.0047695636749268, 14.148455619812012, 4.0163893699646, 10.409021377563477, 2.8906617164611816, 6.099486827850342, 3.110436201095581, 8.068475723266602, 3.1456332206726074, 11.339085578918457, 16.257366180419922, 2.8922295570373535, 4.701188087463379, 8.105447769165039, 8.478699684143066, 3.2013649940490723, 6.333218574523926, 10.074833869934082, 11.585101127624512, 9.013076782226562, 2.1453914642333984, 10.111841201782227, 4.7184271812438965, 5.858687877655029, 6.004563808441162, 4.007617950439453, 4.0246405601501465, 4.1707844734191895, 11.739494323730469, 10.956799507141113, 7.7465596199035645, 1.977174997329712, 14.057668685913086, 4.420385837554932, 11.529378890991211, 2.9279580116271973, 3.1797726154327393, 1.9678112268447876, 2.1586437225341797, 6.343851089477539, 14.554183006286621, 2.6359059810638428, 7.8810200691223145, 5.464425086975098, 9.644918441772461, 2.9918084144592285, 6.058632850646973, 1.764924168586731, 1.7509149312973022, 10.091072082519531, 6.925792694091797, 19.928794860839844, 8.204621315002441, 1.951371192932129, 4.355721473693848, 23.93830108642578, 15.556458473205566, 2.297800302505493, 8.799243927001953, 3.468580961227417, 6.2075395584106445, 4.006524562835693, 2.5350513458251953, 4.232417106628418, 3.894460439682007, 9.151023864746094, 2.2652227878570557, 14.562156677246094, 7.5765299797058105, 14.727136611938477, 3.923077344894409, 4.375978469848633, 17.211597442626953, 7.125024795532227, 2.1855127811431885, 2.1792256832122803, 8.10383129119873, 14.132035255432129, 13.312679290771484, 10.560220718383789, 6.848592758178711, 5.706018447875977, 23.888315200805664, 3.293482780456543, 2.832832098007202, 9.664310455322266, 12.627849578857422, 7.86807107925415, 6.855260848999023, 4.402345180511475, 10.24934196472168, 12.573980331420898, 8.903515815734863, 3.4874987602233887, 5.1206278800964355, 11.484296798706055, 3.4017627239227295, 9.754566192626953, 11.435502052307129, 12.529810905456543, 8.275611877441406, 4.068866729736328, 10.153218269348145, 4.865965843200684, 19.495189666748047, 4.843413829803467, 20.144424438476562, 7.421483993530273, 16.29552459716797, 5.231983661651611, 2.715381145477295, 4.21490478515625, 6.756811141967773, 2.8670010566711426, 5.1575140953063965, 4.190108299255371, 11.763184547424316, 6.2900285720825195, 4.383668422698975, 4.3232879638671875, 3.2029221057891846, 17.69735336303711, 8.712553024291992, 3.3581702709198, 18.629606246948242, 10.072530746459961, 2.335592746734619, 2.532618999481201, 2.2604968547821045, 2.9910707473754883, 12.232654571533203, 6.3997697830200195, 6.797069549560547, 6.053473472595215, 3.5646591186523438, 17.209617614746094, 2.601033926010132, 3.3329455852508545, 8.775684356689453, 3.170813798904419, 3.497663974761963, 7.8828206062316895, 4.560714244842529, 2.161065101623535, 6.304464340209961, 10.981003761291504, 4.785088062286377, 3.472923994064331, 7.592653274536133, 3.289260149002075, 6.814930438995361, 5.058896541595459, 3.9012813568115234, 3.9811041355133057, 4.723627090454102, 15.843530654907227, 9.494296073913574, 9.636159896850586, 8.245031356811523, 2.440178155899048, 9.3604154586792, 21.880939483642578, 8.090170860290527, 14.35366439819336, 3.4802191257476807, 17.15656280517578, 3.700944185256958, 4.27610969543457, 8.236832618713379, 9.66919231414795, 10.054484367370605, 3.8804070949554443, 3.547595500946045, 2.228830575942993, 9.737052917480469, 3.043118953704834, 7.862729072570801, 9.044669151306152, 5.881831169128418, 3.9517059326171875, 5.9027791023254395, 6.533571243286133, 20.833023071289062, 4.657243728637695, 3.1445112228393555, 6.521820068359375, 8.074759483337402, 2.5518715381622314, 8.763724327087402, 12.68427848815918, 10.373313903808594, 2.821779489517212, 10.360703468322754, 4.1548261642456055, 3.929511070251465, 3.0678932666778564, 8.68533706665039, 14.814967155456543, 4.613300323486328, 13.234084129333496, 2.3703811168670654, 4.045337677001953, 5.536884784698486, 3.839056968688965, 3.3792736530303955, 3.5097267627716064, 6.451620578765869, 5.003311634063721, 13.213299751281738, 17.363985061645508, 11.57946491241455, 9.796899795532227, 3.1073601245880127, 12.147120475769043, 2.6029531955718994]",6.0,"[4.0, 4.0, 4.0, 4.0, 4.0, 4.0, 4.0, 4.0, 4.0, 4.0, 4.0, 6.0, 6.0, 6.0, 6.0, 6.0, 6.0, 6.0, 6.0, 6.0, 6.0, 6.0, 6.0, 6.0, 6.0, 6.0, 6.0, 6.0, 6.0, 6.0, 6.0, 6.0, 6.0, 6.0, 6.0, 6.0, 6.0, 6.0, 6.0, 6.0, 6.0, 6.0, 6.0, 6.0, 6.0, 6.0, 6.0, 6.0, 6.0, 6.0, 6.0, 6.0, 6.0, 6.0, 6.0, 6.0, 6.0, 6.0, 6.0, 6.0, 6.0, 6.0, 6.0, 6.0, 6.0, 6.0, 6.0, 6.0, 6.0, 6.0, 6.0, 6.0, 6.0, 6.0, 6.0, 6.0, 6.0, 6.0, 7.0, 7.0, 7.0, 7.0, 7.0, 7.0, 7.0, 7.0, 7.0, 7.0, 7.0, 7.0, 7.0, 7.0, 7.0, 7.0, 7.0, 7.0, 7.0, 7.0, 7.0, 7.0, 7.0, 7.0, 7.0, 7.0, 7.0, 7.0, 7.0, 7.0, 7.0, 7.0, 7.0, 7.0, 7.0, 7.0, 7.0, 7.0, 7.0, 7.0, 7.0, 7.0, 7.0, 7.0, 7.0, 7.0, 7.0, 7.0, 7.0, 7.0, 7.0, 7.0, 7.0, 7.0, 7.0, 7.0, 7.0, 7.0, 7.0, 7.0, 7.0, 7.0, 7.0, 7.0, 7.0, 7.0, 7.0, 7.0, 7.0, 7.0, 7.0, 7.0, 7.0, 7.0, 7.0, 7.0, 7.0, 7.0, 7.0, 7.0, 7.0, 7.0, 7.0, 7.0, 7.0, 7.0, 7.0, 7.0, 7.0, 7.0, 7.0, 7.0, 7.0, 7.0, 7.0, 7.0, 7.0, 7.0, 7.0, 7.0, 7.0, 7.0, 7.0, 7.0, 7.0, 7.0, 7.0, 7.0, 7.0, 7.0, 7.0, 7.0, 7.0, 7.0, 7.0, 7.0, 7.0, 7.0, 7.0, 7.0, 7.0, 7.0, 7.0, 7.0, 7.0, 7.0, 7.0, 7.0, 7.0, 7.0, 7.0, 7.0, 7.0, 7.0, 7.0, 7.0, 7.0, 7.0, 7.0, 7.0, 7.0, 7.0, 7.0, 7.0, 7.0, 7.0, 7.0, 7.0, 7.0, 7.0, 7.0, 7.0, 7.0, 7.0, 7.0, 7.0, 7.0, 7.0, 7.0, 7.0, 7.0, 7.0, 7.0, 7.0, 7.0, 7.0, 7.0, 7.0, 7.0, 7.0, 7.0, 7.0, 7.0, 7.0, 7.0, 7.0, 7.0, 7.0, 7.0, 7.0, 7.0, 7.0, 7.0, 7.0, 7.0, 7.0, 7.0, 7.0, 7.0, 7.0, 7.0, 7.0, 7.0, 7.0, 7.0, 7.0, 7.0, 7.0, 7.0, 7.0, 7.0, 7.0, 7.0, 7.0, 7.0, 7.0, 7.0, 7.0, 7.0, 7.0, 7.0, 7.0, 7.0, 7.0, 7.0, 7.0, 7.0, 7.0, 7.0, 7.0, 7.0, 7.0, 7.0, 7.0, 7.0, 7.0, 7.0, 7.0, 7.0, 7.0, 7.0, 7.0, 7.0, 7.0, 6.0, 6.0, 6.0, 6.0, 6.0, 6.0, 6.0, 6.0, 6.0, 6.0, 6.0, 6.0, 6.0, 6.0, 6.0, 6.0, 6.0, 6.0, 6.0, 6.0, 6.0, 6.0, 6.0, 6.0, 6.0, 6.0, 6.0, 6.0, 6.0, 6.0, 6.0, 6.0, 6.0, 6.0, 6.0, 6.0, 6.0, 6.0, 6.0, 6.0, 6.0, 6.0, 6.0, 6.0, 6.0, 6.0, 6.0, 6.0, 6.0, 6.0, 6.0, 6.0, 6.0, 6.0, 6.0, 6.0, 6.0, 6.0, 6.0, 6.0, 6.0, 6.0, 6.0, 6.0, 6.0, 6.0, 6.0, 6.0, 6.0, 6.0, 6.0, 6.0, 6.0, 6.0, 6.0, 6.0, 6.0, 6.0, 6.0, 6.0, 6.0, 6.0, 6.0, 6.0, 6.0, 6.0, 6.0, 6.0, 6.0, 6.0, 6.0, 6.0, 6.0, 6.0, 6.0, 6.0, 6.0, 6.0, 6.0, 6.0, 6.0, 6.0, 6.0, 6.0, 6.0, 6.0, 6.0, 6.0, 6.0, 6.0, 6.0, 6.0, 6.0, 6.0, 6.0, 6.0, 6.0, 6.0, 6.0, 6.0, 6.0, 6.0, 6.0, 6.0, 6.0, 6.0, 6.0, 6.0, 6.0, 6.0, 6.0, 6.0, 6.0, 6.0, 6.0, 6.0, 6.0, 6.0, 6.0, 6.0, 6.0, 6.0, 6.0, 6.0, 6.0, 6.0, 6.0, 6.0, 6.0, 6.0, 6.0, 6.0, 6.0, 6.0, 6.0, 6.0, 6.0, 6.0, 6.0, 6.0, 6.0, 6.0, 6.0, 6.0, 6.0, 6.0, 6.0, 6.0, 6.0, 6.0, 6.0, 6.0, 6.0, 6.0, 6.0, 6.0, 6.0, 6.0, 6.0, 6.0, 6.0, 6.0, 6.0]",COMPLETE
