,number,value,datetime_start,datetime_complete,duration,params_batch_size_scaler,params_constant_learning_rate,params_depth,params_epochs,params_kernel_l2,params_num_trees,params_temperature,user_attrs_accuracy_test,user_attrs_accuracy_valid,user_attrs_approximate_feature_sparsity,user_attrs_approximate_feature_sparsity_history,user_attrs_approximate_weight_sparsity,user_attrs_approximate_weight_sparsity_history,user_attrs_auc_test,user_attrs_auc_valid,user_attrs_feature_sparsity,user_attrs_feature_sparsity_history,user_attrs_num_epochs,user_attrs_val_loss_history,user_attrs_weight_sparsity,user_attrs_weight_sparsity_history,state
28,28,0.9307621955146784,2024-08-31 02:14:09.612358,2024-08-31 02:14:28.991626,0 days 00:00:19.379268,64,3.6040331733538196,1,315,0.011472067016567932,65,0.000312130256800205,0.905,0.89,30,"[33, 33, 33, 33, 33, 33, 33, 33, 33, 33, 33, 33, 33, 33, 33, 33, 33, 33, 33, 33, 33, 33, 33, 33, 33, 33, 33, 33, 33, 33, 33, 33, 33, 33, 32, 31, 30, 30, 30, 30, 30, 30, 30, 30, 30, 30, 30, 30, 30, 30, 30, 30, 30, 30, 30, 30, 30, 30, 30, 30, 30, 30, 30, 30, 30, 30, 30, 30, 30, 30, 30, 30, 30, 30, 30, 30, 30, 30, 30, 30, 30, 30, 30, 30, 30, 30, 30, 30, 30, 30, 30, 30, 30, 30, 30, 30, 30, 30, 30, 30, 30, 30, 30, 30, 30, 30, 30, 30, 30, 30, 30, 30, 30, 30, 30, 30, 30, 30, 30, 30, 30, 30, 30, 30, 30, 30, 30, 30, 30, 30, 30, 30, 30, 30, 30, 30, 30, 30, 30, 30, 30, 30, 30, 30, 30, 30, 30, 30, 30, 30, 30, 30, 30, 30, 30, 30, 30, 30, 30, 30, 30, 30, 30, 30, 30, 30, 30, 30, 30, 30, 30, 30, 30, 30, 30, 30, 30, 30, 30, 30, 30, 30, 30, 30, 30, 30, 30, 30, 30, 30, 30, 30, 30, 30, 30, 30, 30, 30, 30, 30, 30, 30, 30, 30, 30, 30, 30, 30, 30, 30, 30, 30, 30, 30, 30, 30, 30, 30, 30, 30, 30, 30, 30, 30, 30, 30, 30, 30, 30, 30, 30, 30, 30, 30, 30, 30, 30, 30, 30, 30, 30, 30, 30, 30, 30, 30, 30, 30, 30, 30, 30, 30, 30, 30, 30, 30, 30, 30, 30, 30, 30, 30, 30, 30, 30, 30, 30, 30, 30, 30, 30, 30, 30, 30, 30, 30, 30, 30, 30, 30, 30, 30, 30, 30, 30, 30, 30, 30, 30, 30, 30, 30, 30, 30, 30, 30, 30, 30, 30, 30, 30, 30, 30, 30, 30, 30, 30, 30, 30, 30, 30, 30, 30, 30, 30]",30.0,"[32.98461538461538, 32.96923076923077, 33.0, 33.0, 32.98461538461538, 32.98461538461538, 33.0, 33.0, 33.0, 33.0, 32.98461538461538, 33.0, 32.96923076923077, 32.98461538461538, 32.96923076923077, 33.0, 32.96923076923077, 32.96923076923077, 32.98461538461538, 33.0, 32.98461538461538, 32.98461538461538, 32.98461538461538, 32.98461538461538, 32.96923076923077, 33.0, 32.96923076923077, 32.96923076923077, 33.0, 32.96923076923077, 33.0, 32.96923076923077, 33.0, 32.98461538461538, 31.984615384615385, 30.984615384615385, 29.984615384615385, 29.984615384615385, 30.0, 30.0, 29.984615384615385, 30.0, 30.0, 29.984615384615385, 30.0, 30.0, 30.0, 29.984615384615385, 30.0, 29.984615384615385, 30.0, 29.96923076923077, 30.0, 29.984615384615385, 30.0, 30.0, 29.984615384615385, 30.0, 30.0, 30.0, 30.0, 30.0, 30.0, 30.0, 29.984615384615385, 30.0, 29.984615384615385, 30.0, 29.984615384615385, 30.0, 30.0, 29.984615384615385, 30.0, 30.0, 30.0, 30.0, 30.0, 29.984615384615385, 30.0, 29.984615384615385, 30.0, 29.984615384615385, 29.984615384615385, 29.984615384615385, 29.984615384615385, 30.0, 30.0, 29.953846153846154, 29.984615384615385, 30.0, 30.0, 29.984615384615385, 29.984615384615385, 30.0, 30.0, 29.984615384615385, 30.0, 30.0, 30.0, 30.0, 30.0, 29.984615384615385, 30.0, 29.984615384615385, 29.96923076923077, 30.0, 30.0, 30.0, 30.0, 29.984615384615385, 30.0, 29.984615384615385, 30.0, 29.96923076923077, 30.0, 29.984615384615385, 29.96923076923077, 29.984615384615385, 30.0, 30.0, 30.0, 29.984615384615385, 30.0, 30.0, 29.984615384615385, 30.0, 30.0, 29.984615384615385, 30.0, 29.96923076923077, 30.0, 30.0, 30.0, 30.0, 30.0, 29.984615384615385, 30.0, 30.0, 30.0, 29.984615384615385, 29.96923076923077, 30.0, 30.0, 30.0, 29.984615384615385, 30.0, 30.0, 30.0, 30.0, 30.0, 30.0, 29.984615384615385, 30.0, 30.0, 29.984615384615385, 30.0, 29.984615384615385, 29.984615384615385, 30.0, 30.0, 29.96923076923077, 29.984615384615385, 30.0, 30.0, 30.0, 29.96923076923077, 30.0, 30.0, 30.0, 30.0, 30.0, 30.0, 30.0, 30.0, 29.984615384615385, 30.0, 30.0, 29.984615384615385, 29.984615384615385, 29.984615384615385, 29.984615384615385, 29.984615384615385, 30.0, 29.984615384615385, 30.0, 30.0, 29.984615384615385, 29.96923076923077, 29.984615384615385, 29.984615384615385, 30.0, 30.0, 29.984615384615385, 29.984615384615385, 29.984615384615385, 30.0, 30.0, 30.0, 29.984615384615385, 30.0, 30.0, 30.0, 30.0, 30.0, 30.0, 30.0, 30.0, 30.0, 30.0, 29.984615384615385, 30.0, 30.0, 30.0, 30.0, 29.984615384615385, 30.0, 30.0, 30.0, 30.0, 30.0, 29.96923076923077, 29.96923076923077, 30.0, 30.0, 29.96923076923077, 30.0, 29.953846153846154, 30.0, 30.0, 29.96923076923077, 30.0, 30.0, 29.984615384615385, 30.0, 29.984615384615385, 30.0, 30.0, 30.0, 30.0, 30.0, 29.984615384615385, 29.984615384615385, 30.0, 30.0, 30.0, 29.984615384615385, 29.984615384615385, 30.0, 30.0, 29.96923076923077, 30.0, 29.96923076923077, 29.96923076923077, 29.984615384615385, 29.96923076923077, 29.984615384615385, 30.0, 29.984615384615385, 30.0, 30.0, 29.984615384615385, 30.0, 29.984615384615385, 30.0, 29.984615384615385, 30.0, 30.0, 30.0, 30.0, 30.0, 30.0, 29.96923076923077, 30.0, 30.0, 29.984615384615385, 30.0, 30.0, 29.96923076923077, 30.0, 29.984615384615385, 29.984615384615385, 30.0, 29.96923076923077, 30.0, 29.984615384615385, 30.0, 30.0, 30.0, 30.0, 30.0, 30.0, 30.0, 29.96923076923077, 30.0, 30.0, 30.0, 30.0, 30.0, 30.0, 30.0, 30.0, 30.0, 30.0, 29.96923076923077, 29.96923076923077, 30.0, 29.96923076923077, 30.0, 29.953846153846154, 29.984615384615385, 29.984615384615385, 30.0, 29.984615384615385, 30.0, 30.0]",0.8988845680694194,0.9307621955146784,30,"[33, 33, 33, 33, 33, 33, 33, 33, 33, 33, 33, 33, 33, 33, 33, 33, 33, 33, 33, 33, 33, 33, 33, 33, 33, 33, 33, 33, 33, 33, 33, 33, 33, 33, 32, 31, 30, 30, 30, 30, 30, 30, 30, 30, 30, 30, 30, 30, 30, 30, 30, 30, 30, 30, 30, 30, 30, 30, 30, 30, 30, 30, 30, 30, 30, 30, 30, 30, 30, 30, 30, 30, 30, 30, 30, 30, 30, 30, 30, 30, 30, 30, 30, 30, 30, 30, 30, 30, 30, 30, 30, 30, 30, 30, 30, 30, 30, 30, 30, 30, 30, 30, 30, 30, 30, 30, 30, 30, 30, 30, 30, 30, 30, 30, 30, 30, 30, 30, 30, 30, 30, 30, 30, 30, 30, 30, 30, 30, 30, 30, 30, 30, 30, 30, 30, 30, 30, 30, 30, 30, 30, 30, 30, 30, 30, 30, 30, 30, 30, 30, 30, 30, 30, 30, 30, 30, 30, 30, 30, 30, 30, 30, 30, 30, 30, 30, 30, 30, 30, 30, 30, 30, 30, 30, 30, 30, 30, 30, 30, 30, 30, 30, 30, 30, 30, 30, 30, 30, 30, 30, 30, 30, 30, 30, 30, 30, 30, 30, 30, 30, 30, 30, 30, 30, 30, 30, 30, 30, 30, 30, 30, 30, 30, 30, 30, 30, 30, 30, 30, 30, 30, 30, 30, 30, 30, 30, 30, 30, 30, 30, 30, 30, 30, 30, 30, 30, 30, 30, 30, 30, 30, 30, 30, 30, 30, 30, 30, 30, 30, 30, 30, 30, 30, 30, 30, 30, 30, 30, 30, 30, 30, 30, 30, 30, 30, 30, 30, 30, 30, 30, 30, 30, 30, 30, 30, 30, 30, 30, 30, 30, 30, 30, 30, 30, 30, 30, 30, 30, 30, 30, 30, 30, 30, 30, 30, 30, 30, 30, 30, 30, 30, 30, 30, 30, 30, 30, 30, 30, 30, 30, 30, 30, 30, 30, 30]",315,"[10.101248741149902, 16.13191032409668, 30.540128707885742, 3.3272652626037598, 6.088498115539551, 17.419219970703125, 27.5308780670166, 4.287755012512207, 17.500173568725586, 9.347848892211914, 24.1262264251709, 5.073893070220947, 21.62950897216797, 4.634491920471191, 3.4221553802490234, 1.6476750373840332, 29.244163513183594, 7.317763805389404, 8.57364559173584, 14.199355125427246, 10.135221481323242, 11.599295616149902, 10.488298416137695, 2.364103078842163, 1.004814863204956, 17.359203338623047, 2.5301036834716797, 8.629709243774414, 3.8079793453216553, 2.0191640853881836, 8.641684532165527, 9.435790061950684, 8.7124662399292, 2.5815622806549072, 1.2703487873077393, 9.067928314208984, 1.627839207649231, 1.2235790491104126, 3.0780627727508545, 1.9619354009628296, 5.760778427124023, 1.2782377004623413, 0.9553016424179077, 15.548212051391602, 3.539050579071045, 8.979762077331543, 12.493990898132324, 9.40410041809082, 2.4369730949401855, 1.2561527490615845, 2.5399961471557617, 1.637035846710205, 7.848165512084961, 1.437522530555725, 1.326939344406128, 1.8723435401916504, 2.0937747955322266, 1.079134464263916, 9.132404327392578, 2.5511586666107178, 1.45827317237854, 0.9309379458427429, 3.8271567821502686, 6.355035305023193, 7.400874614715576, 1.797116994857788, 3.1037819385528564, 2.4707658290863037, 1.3694071769714355, 2.128720760345459, 1.8368825912475586, 3.559256076812744, 0.7613795399665833, 1.6223467588424683, 2.9710137844085693, 1.1129393577575684, 3.459843397140503, 0.8999482989311218, 3.35823130607605, 1.6188737154006958, 3.4005722999572754, 3.0151679515838623, 8.71086597442627, 5.078546047210693, 2.618558883666992, 1.1107591390609741, 3.841548442840576, 4.644737720489502, 10.633103370666504, 7.942327499389648, 2.151986837387085, 2.2561564445495605, 2.8544912338256836, 1.9572176933288574, 1.1629524230957031, 6.894989490509033, 1.6994274854660034, 1.7394957542419434, 1.9511206150054932, 1.4863048791885376, 5.183763027191162, 1.8382034301757812, 2.00382137298584, 1.7197966575622559, 1.8908851146697998, 4.041802406311035, 1.1691374778747559, 2.9372057914733887, 1.237579584121704, 0.8196759819984436, 3.5132622718811035, 1.1716876029968262, 2.6948797702789307, 1.3964524269104004, 4.665246486663818, 1.043130874633789, 2.1336002349853516, 0.8069894909858704, 7.378788471221924, 6.207322597503662, 1.1317873001098633, 1.1941624879837036, 1.9397732019424438, 0.8764601945877075, 1.083518147468567, 1.4573678970336914, 2.6422173976898193, 1.5536329746246338, 2.67818546295166, 1.5082954168319702, 2.712348222732544, 1.3384970426559448, 2.1598546504974365, 2.892200231552124, 1.8569588661193848, 4.2378315925598145, 1.6874938011169434, 1.7958637475967407, 0.9152752161026001, 1.397104024887085, 2.2495365142822266, 9.728919982910156, 5.905947685241699, 1.3714582920074463, 2.2039260864257812, 3.6445369720458984, 0.9890106320381165, 1.3111214637756348, 1.6537340879440308, 0.8734041452407837, 5.6009650230407715, 0.9342952966690063, 1.3294780254364014, 1.3964368104934692, 0.9349689483642578, 0.8411096334457397, 2.196457862854004, 1.839959979057312, 1.1857911348342896, 0.8465801477432251, 0.8678795099258423, 0.8691423535346985, 2.717616319656372, 0.8632687330245972, 3.3519439697265625, 11.509921073913574, 0.8585944175720215, 2.1684319972991943, 1.3531705141067505, 3.291952610015869, 1.4239939451217651, 0.8901129961013794, 5.0123724937438965, 3.431997060775757, 0.9468593597412109, 1.6670689582824707, 1.0295088291168213, 1.1045243740081787, 3.766204833984375, 2.5681982040405273, 1.2177021503448486, 0.9753891229629517, 0.8029817342758179, 0.8661553859710693, 3.6365299224853516, 1.8033592700958252, 4.571869850158691, 0.9741116166114807, 1.2154209613800049, 0.9169027805328369, 0.8243863582611084, 4.088058948516846, 0.8665013313293457, 2.0984721183776855, 1.7160046100616455, 3.0124831199645996, 1.2062106132507324, 1.0317553281784058, 1.0870227813720703, 0.957374095916748, 1.6197093725204468, 2.3103673458099365, 4.875628471374512, 1.4850800037384033, 2.117640256881714, 1.936741590499878, 2.4692184925079346, 1.224367380142212, 4.441607475280762, 2.673698663711548, 6.567607879638672, 4.3015666007995605, 1.4657098054885864, 1.4378339052200317, 3.0408294200897217, 2.1474502086639404, 3.3240768909454346, 1.2134017944335938, 1.0558799505233765, 1.3697333335876465, 1.1189298629760742, 0.966965913772583, 2.888988733291626, 1.5936235189437866, 1.6766119003295898, 1.1358249187469482, 4.1808061599731445, 1.8006770610809326, 2.8947136402130127, 0.8946784138679504, 2.752523183822632, 1.0708227157592773, 0.8883970379829407, 1.8347951173782349, 0.8495422601699829, 1.1585251092910767, 2.5763332843780518, 1.0194171667099, 0.8625293970108032, 1.0014504194259644, 1.7634367942810059, 2.726660966873169, 0.9817658066749573, 1.594698429107666, 1.1371525526046753, 2.9818122386932373, 2.6559362411499023, 1.0447529554367065, 1.765378475189209, 3.8372275829315186, 1.044542670249939, 1.0248044729232788, 1.433692455291748, 1.0632834434509277, 1.0329461097717285, 1.0510172843933105, 2.777107000350952, 2.2690045833587646, 0.8895896077156067, 0.84905606508255, 1.4250792264938354, 10.326138496398926, 1.682939887046814, 2.371520757675171, 1.2063156366348267, 0.9991092681884766, 0.985039472579956, 1.1795430183410645, 4.96784782409668, 3.706557035446167, 1.1080466508865356, 1.5534991025924683, 3.6493523120880127, 0.8662149310112, 2.1654233932495117, 1.8322927951812744, 1.3098300695419312, 1.9150612354278564, 1.4883891344070435, 1.1167389154434204, 1.1838468313217163, 0.8831533193588257, 0.9747474789619446, 2.122570514678955, 0.9837489128112793, 3.469820022583008, 4.065733909606934, 0.932564914226532, 0.9385677576065063, 1.5258220434188843, 1.6585737466812134, 1.8180989027023315, 1.598355770111084, 0.9007788896560669, 1.9048038721084595, 3.3917651176452637, 0.8138909935951233, 2.1048789024353027, 1.68413507938385, 1.0780068635940552, 0.8626386523246765, 0.9172685146331787, 1.6496689319610596, 1.3004192113876343, 2.0760998725891113, 1.431211233139038, 1.4845476150512695, 2.7119481563568115, 1.058410406112671, 1.2579859495162964, 1.1066087484359741, 2.6415746212005615, 1.095716118812561, 1.3733021020889282, 2.6719305515289307]",30.0,"[33.0, 33.0, 33.0, 33.0, 33.0, 33.0, 33.0, 33.0, 33.0, 33.0, 33.0, 33.0, 33.0, 33.0, 33.0, 33.0, 33.0, 33.0, 33.0, 33.0, 33.0, 33.0, 33.0, 33.0, 33.0, 33.0, 33.0, 33.0, 33.0, 33.0, 33.0, 33.0, 33.0, 33.0, 32.0, 31.0, 30.0, 30.0, 30.0, 30.0, 30.0, 30.0, 30.0, 30.0, 30.0, 30.0, 30.0, 30.0, 30.0, 30.0, 30.0, 30.0, 30.0, 30.0, 30.0, 30.0, 30.0, 30.0, 30.0, 30.0, 30.0, 30.0, 30.0, 30.0, 30.0, 30.0, 30.0, 30.0, 30.0, 30.0, 30.0, 30.0, 30.0, 30.0, 30.0, 30.0, 30.0, 30.0, 30.0, 30.0, 30.0, 30.0, 30.0, 30.0, 30.0, 30.0, 30.0, 30.0, 30.0, 30.0, 30.0, 30.0, 30.0, 30.0, 30.0, 30.0, 30.0, 30.0, 30.0, 30.0, 30.0, 30.0, 30.0, 30.0, 30.0, 30.0, 30.0, 30.0, 30.0, 30.0, 30.0, 30.0, 30.0, 30.0, 30.0, 30.0, 30.0, 30.0, 30.0, 30.0, 30.0, 30.0, 30.0, 30.0, 30.0, 30.0, 30.0, 30.0, 30.0, 30.0, 30.0, 30.0, 30.0, 30.0, 30.0, 30.0, 30.0, 30.0, 30.0, 30.0, 30.0, 30.0, 30.0, 30.0, 30.0, 30.0, 30.0, 30.0, 30.0, 30.0, 30.0, 30.0, 30.0, 30.0, 30.0, 30.0, 30.0, 30.0, 30.0, 30.0, 30.0, 30.0, 30.0, 30.0, 30.0, 30.0, 30.0, 30.0, 30.0, 30.0, 30.0, 30.0, 30.0, 30.0, 30.0, 30.0, 30.0, 30.0, 30.0, 30.0, 30.0, 30.0, 30.0, 30.0, 30.0, 30.0, 30.0, 30.0, 30.0, 30.0, 30.0, 30.0, 30.0, 30.0, 30.0, 30.0, 30.0, 30.0, 30.0, 30.0, 30.0, 30.0, 30.0, 30.0, 30.0, 30.0, 30.0, 30.0, 30.0, 30.0, 30.0, 30.0, 30.0, 30.0, 30.0, 30.0, 30.0, 30.0, 30.0, 30.0, 30.0, 30.0, 30.0, 30.0, 30.0, 30.0, 30.0, 30.0, 30.0, 30.0, 30.0, 30.0, 30.0, 30.0, 30.0, 30.0, 30.0, 30.0, 30.0, 30.0, 30.0, 30.0, 30.0, 30.0, 30.0, 30.0, 30.0, 30.0, 30.0, 30.0, 30.0, 30.0, 30.0, 30.0, 30.0, 30.0, 30.0, 30.0, 30.0, 30.0, 30.0, 30.0, 30.0, 30.0, 30.0, 30.0, 30.0, 30.0, 30.0, 30.0, 30.0, 30.0, 30.0, 30.0, 30.0, 30.0, 30.0, 30.0, 30.0, 30.0, 30.0, 30.0, 30.0, 30.0, 30.0, 30.0, 30.0, 30.0, 30.0, 30.0, 30.0, 30.0, 30.0, 30.0, 30.0, 30.0, 30.0, 30.0, 30.0, 30.0, 30.0, 30.0, 30.0, 30.0, 30.0, 30.0, 30.0, 30.0, 30.0, 30.0, 30.0, 30.0, 30.0, 30.0, 30.0]",COMPLETE
