,number,value,datetime_start,datetime_complete,duration,params_batch_size_scaler,params_constant_learning_rate,params_depth,params_epochs,params_kernel_l2,params_num_trees,params_temperature,user_attrs_accuracy_test,user_attrs_accuracy_valid,user_attrs_approximate_feature_sparsity,user_attrs_approximate_feature_sparsity_history,user_attrs_approximate_weight_sparsity,user_attrs_approximate_weight_sparsity_history,user_attrs_auc_test,user_attrs_auc_valid,user_attrs_feature_sparsity,user_attrs_feature_sparsity_history,user_attrs_num_epochs,user_attrs_val_loss_history,user_attrs_weight_sparsity,user_attrs_weight_sparsity_history,state
96,96,0.932320851206348,2024-08-31 04:17:34.895516,2024-08-31 04:28:58.318022,0 days 00:11:23.422506,4,0.15986240386145895,6,495,0.007885011859840004,63,0.0006216512173006022,0.948,0.94375,33,"[33, 33, 33, 33, 33, 33, 33, 33, 33, 33, 33, 33, 33, 33, 33, 33, 33, 33, 33, 33, 33, 33, 33, 33, 33, 33, 33, 33, 33, 33, 33, 33, 33, 33, 33, 33, 33, 33, 33, 33, 33, 33, 33, 33, 33, 33, 33, 33, 33, 33, 33, 33, 33, 33, 33, 33, 33, 33, 33, 33, 33, 33, 33, 33, 33, 33, 33, 33, 33, 33, 33, 33, 33, 33, 33, 33, 33, 33, 33, 33, 33, 33, 33, 33, 33, 33, 33, 33, 33, 33, 33, 33, 33, 33, 33, 33, 33, 33, 33, 33, 33, 33, 33, 33, 33, 33, 33, 33, 33, 33, 33, 33, 33, 33, 33, 33, 33, 33, 33, 33, 33, 33, 33, 33, 33, 33, 33, 33, 33, 33, 33, 33, 33, 33, 33, 33, 33, 33, 33, 33, 33, 33, 33, 33, 33, 33, 33, 33, 33, 33, 33, 33, 33, 33, 33, 33, 33, 33, 33, 33, 33, 33, 33, 33, 33, 33, 33, 33, 33, 33, 33, 33, 33, 33, 33, 33, 33, 33, 33, 33, 33, 33, 33, 33, 33, 33, 33, 33, 33, 33, 33, 33, 33, 33, 33, 33, 33, 33, 33, 33, 33, 33, 33, 33, 33, 33, 33, 33, 33, 33, 33, 33, 33, 33, 33, 33, 33, 33, 33, 33, 33, 33, 33, 33, 33, 33, 33, 33, 33, 33, 33, 33, 33, 33, 33, 33, 33, 33, 33, 33, 33, 33, 33, 33, 33, 33, 33, 33, 33, 33, 33, 33, 33, 33, 33, 33, 33, 33, 33, 33, 33, 33, 33, 33, 33, 33, 33, 33, 33, 33, 33, 33, 33, 33, 33, 33, 33, 33, 33, 33, 33, 33, 33, 33, 33, 33, 33, 33, 33, 33, 33, 33, 33, 33, 33, 33, 33, 33, 33, 33, 33, 33, 33, 33, 33, 33, 33, 33, 33, 33, 33, 33, 33, 33, 33, 33, 33, 33, 33, 33, 33, 33, 33, 33, 33, 33, 33, 33, 33, 33, 33, 33, 33, 33, 33, 33, 33, 33, 33, 33, 33, 33, 33, 33, 33, 33, 33, 33, 33, 33, 33, 33, 33, 33, 33, 33, 33, 33, 33, 33, 33, 33, 33, 33, 33, 33, 33, 33, 33, 33, 33, 33, 33, 33, 33, 33, 33, 33, 33, 33, 33, 33, 33, 33, 33, 33, 33, 33, 33, 33, 33, 33, 33, 33, 33, 33, 33, 33, 33, 33, 33, 33, 33, 33, 33, 33, 33, 33, 33, 33, 33, 33, 33, 33, 33, 33, 33, 33, 33, 33, 33, 33, 33, 33, 33, 33, 33, 33, 33, 33, 33, 33, 33, 33, 33, 33, 33, 33, 33, 33, 33, 33, 33, 33, 33, 33, 33, 33, 33, 33, 33, 33, 33, 33, 33, 33, 33, 33, 33, 33, 33, 33, 33, 33, 33, 33, 33, 33, 33, 33, 33, 33, 33, 33, 33, 33, 33, 33, 33, 33, 33, 33, 33, 33, 33, 33, 33, 33, 33, 33, 33, 33, 33, 33, 33]",32.92315444696397,"[32.908793146888385, 32.91005291005291, 32.908793146888385, 32.91206853111615, 32.91156462585034, 32.91206853111615, 32.91156462585034, 32.91080876795163, 32.91534391534391, 32.91509196271101, 32.917863441672964, 32.91887125220458, 32.9145880574452, 32.9193751574704, 32.917863441672964, 32.9196271101033, 32.91509196271101, 32.91534391534392, 32.91181657848325, 32.91156462585034, 32.91761148904006, 32.908793146888385, 32.9148400100781, 32.912824389014865, 32.9148400100781, 32.91433610481229, 32.908289241622576, 32.91131267321743, 32.91836734693878, 32.913076341647766, 32.917863441672964, 32.913328294280674, 32.91484001007811, 32.91030486268582, 32.91106072058453, 32.91005291005291, 32.91761148904006, 32.91609977324263, 32.91408415217939, 32.916351725875536, 32.91534391534392, 32.91408415217939, 32.90803728898967, 32.91156462585034, 32.90854119425548, 32.91559586797682, 32.917611489040056, 32.921642731166536, 32.920886873267825, 32.927689594356266, 32.9244142101285, 32.91887125220459, 32.91660367850844, 32.91811539430587, 32.91030486268582, 32.91383219954648, 32.917359536407155, 32.92315444696397, 32.920886873267825, 32.91609977324263, 32.92013101536911, 32.924918115394306, 32.91987906273621, 32.913328294280674, 32.91408415217939, 32.91156462585034, 32.908289241622576, 32.905013857394806, 32.904509952129004, 32.90501385739481, 32.90551776266062, 32.90753338372386, 32.9148400100781, 32.91257243638196, 32.91005291005291, 32.909297052154194, 32.91156462585034, 32.912824389014865, 32.912572436381964, 32.90854119425548, 32.908793146888385, 32.91181657848325, 32.91609977324263, 32.91106072058453, 32.91534391534392, 32.91232048374905, 32.91156462585034, 32.912068531116155, 32.91710758377425, 32.91710758377425, 32.91484001007811, 32.916351725875536, 32.91509196271101, 32.91408415217939, 32.91811539430587, 32.91710758377425, 32.92290249433107, 32.925422020660115, 32.92391030486269, 32.92617787855883, 32.92214663643235, 32.91912320483749, 32.92365835222978, 32.92391030486269, 32.92340639959688, 32.92819349962207, 32.93096497858403, 32.93020912068531, 32.92113882590073, 32.9193751574704, 32.9145880574452, 32.91257243638196, 32.91710758377425, 32.921138825900734, 32.921894683799444, 32.920886873267825, 32.924666162761405, 32.917359536407155, 32.918115394305865, 32.917863441672964, 32.91660367850844, 32.91408415217939, 32.91156462585034, 32.91534391534391, 32.921642731166536, 32.921390778533635, 32.921390778533635, 32.92164273116654, 32.925422020660115, 32.917863441672964, 32.91861929957168, 32.91811539430587, 32.9196271101033, 32.91987906273621, 32.9244142101285, 32.921390778533635, 32.91887125220459, 32.917107583774246, 32.918115394305865, 32.917359536407155, 32.916603678508444, 32.92013101536911, 32.920382968002016, 32.916099773242635, 32.91937515747039, 32.91811539430587, 32.917359536407155, 32.92265054169816, 32.9196271101033, 32.91584782060973, 32.91559586797682, 32.9193751574704, 32.91836734693877, 32.91912320483749, 32.916603678508444, 32.917359536407155, 32.91609977324263, 32.91509196271101, 32.91811539430587, 32.916099773242635, 32.91584782060973, 32.91584782060973, 32.913328294280674, 32.916855631141345, 32.919627110103306, 32.91584782060973, 32.917863441672964, 32.9193751574704, 32.92214663643235, 32.921138825900734, 32.92416225749559, 32.92642983119174, 32.924666162761405, 32.92189468379945, 32.91887125220459, 32.91761148904006, 32.91660367850844, 32.916351725875536, 32.917107583774246, 32.918115394305865, 32.921390778533635, 32.92013101536911, 32.916603678508444, 32.91937515747039, 32.91811539430587, 32.91887125220458, 32.9196271101033, 32.920634920634924, 32.92265054169816, 32.9193751574704, 32.917611489040056, 32.918115394305865, 32.917107583774246, 32.91660367850844, 32.92214663643235, 32.91987906273621, 32.92265054169816, 32.92265054169816, 32.92239858906525, 32.92391030486268, 32.92718568909045, 32.92340639959687, 32.92416225749559, 32.92340639959687, 32.92340639959687, 32.92265054169816, 32.92290249433106, 32.92290249433107, 32.92365835222978, 32.92668178382464, 32.924918115394306, 32.92642983119174, 32.9246661627614, 32.93046107331821, 32.924666162761405, 32.921138825900734, 32.9196271101033, 32.92189468379945, 32.9193751574704, 32.925170068027214, 32.92567397329302, 32.925422020660115, 32.924666162761405, 32.92164273116654, 32.9193751574704, 32.92189468379945, 32.92164273116654, 32.92088687326782, 32.92113882590073, 32.920382968002016, 32.91861929957168, 32.91836734693877, 32.920382968002016, 32.921390778533635, 32.92567397329302, 32.92365835222978, 32.920886873267825, 32.92391030486269, 32.91887125220458, 32.91887125220459, 32.92340639959688, 32.92315444696397, 32.921894683799444, 32.920886873267825, 32.92013101536911, 32.921138825900734, 32.92113882590073, 32.920886873267825, 32.92265054169816, 32.925422020660115, 32.92340639959688, 32.921642731166536, 32.921390778533635, 32.91912320483749, 32.921138825900734, 32.921894683799444, 32.92290249433107, 32.921390778533635, 32.921138825900734, 32.92365835222978, 32.92340639959687, 32.9244142101285, 32.9246661627614, 32.92038296800201, 32.91861929957168, 32.91761148904006, 32.916855631141345, 32.916099773242635, 32.91861929957168, 32.91912320483749, 32.91887125220459, 32.920634920634924, 32.91912320483749, 32.91811539430587, 32.917611489040056, 32.91660367850844, 32.91559586797682, 32.91861929957168, 32.917359536407155, 32.913328294280674, 32.9148400100781, 32.91559586797682, 32.916351725875536, 32.91912320483749, 32.92315444696397, 32.92642983119174, 32.929453262786595, 32.92844545225498, 32.928949357520786, 32.93121693121693, 32.93398841017889, 32.93247669438146, 32.92995716805241, 32.92794154698917, 32.92844545225498, 32.92693373645755, 32.92768959435626, 32.925925925925924, 32.92668178382464, 32.92567397329302, 32.92340639959688, 32.925422020660115, 32.924666162761405, 32.9246661627614, 32.9244142101285, 32.92265054169816, 32.92239858906526, 32.9244142101285, 32.925422020660115, 32.92315444696397, 32.92290249433107, 32.92365835222978, 32.92340639959688, 32.921894683799444, 32.9193751574704, 32.921138825900734, 32.92340639959688, 32.920131015369115, 32.91887125220459, 32.9193751574704, 32.917359536407155, 32.91836734693877, 32.9193751574704, 32.924918115394306, 32.92265054169816, 32.920634920634924, 32.91912320483749, 32.91786344167297, 32.91912320483749, 32.921138825900734, 32.920382968002016, 32.925170068027214, 32.925422020660115, 32.92391030486269, 32.92718568909045, 32.92693373645754, 32.925925925925924, 32.92844545225498, 32.92642983119173, 32.92718568909045, 32.92743764172336, 32.92617787855883, 32.92290249433107, 32.92391030486269, 32.92239858906525, 32.92265054169816, 32.92265054169816, 32.921390778533635, 32.91987906273621, 32.921390778533635, 32.92063492063492, 32.91912320483749, 32.9193751574704, 32.91912320483749, 32.9196271101033, 32.91811539430587, 32.91836734693877, 32.91912320483749, 32.91861929957168, 32.91811539430587, 32.917863441672964, 32.916855631141345, 32.920634920634924, 32.91836734693877, 32.92164273116654, 32.92113882590073, 32.92164273116654, 32.917359536407155, 32.91811539430587, 32.91887125220458, 32.91811539430587, 32.91660367850844, 32.91811539430587, 32.920382968002016, 32.92340639959688, 32.924918115394306, 32.9244142101285, 32.92642983119173, 32.92642983119173, 32.925925925925924, 32.92718568909045, 32.9246661627614, 32.92642983119173, 32.925925925925924, 32.92743764172336, 32.92794154698917, 32.92819349962207, 32.929453262786595, 32.9297052154195, 32.929957168052404, 32.92768959435626, 32.92794154698917, 32.92517006802721, 32.92164273116654, 32.92340639959688, 32.924918115394306, 32.92567397329302, 32.92693373645755, 32.92567397329302, 32.925170068027214, 32.92290249433107, 32.92391030486269, 32.92416225749559, 32.92391030486269, 32.92416225749559, 32.9246661627614, 32.9244142101285, 32.92542202066012, 32.925170068027214, 32.9244142101285, 32.92164273116654, 32.924918115394306, 32.921390778533635, 32.92365835222978, 32.92265054169816, 32.92315444696397, 32.92693373645755, 32.924666162761405, 32.92265054169816, 32.92265054169816, 32.92365835222978, 32.92391030486269, 32.92290249433106, 32.92315444696397, 32.925422020660115, 32.92416225749559, 32.92265054169816, 32.925422020660115, 32.92391030486269, 32.92315444696397, 32.920382968002016, 32.92290249433107, 32.92567397329302, 32.925673973293016, 32.92239858906525, 32.92315444696397, 32.92214663643235, 32.925422020660115, 32.920382968002016, 32.92013101536911, 32.920382968002016, 32.91761148904006, 32.917359536407155, 32.917863441672964, 32.91710758377425, 32.91383219954648, 32.91509196271101, 32.91509196271101, 32.91509196271101, 32.91584782060973, 32.9148400100781, 32.914084152179385, 32.91584782060972, 32.918115394305865, 32.91912320483749, 32.91836734693877, 32.917863441672964, 32.91887125220458, 32.9198790627362, 32.9196271101033, 32.92214663643235, 32.92365835222978, 32.9246661627614, 32.92642983119173, 32.92365835222978, 32.92290249433106, 32.92391030486269, 32.92567397329302, 32.92265054169816, 32.921390778533635, 32.92416225749559, 32.92239858906525, 32.921390778533635, 32.920382968002016, 32.92391030486269, 32.9244142101285, 32.924918115394306, 32.925170068027214, 32.92567397329302, 32.92718568909045, 32.92768959435626, 32.92592592592593, 32.92844545225498, 32.92768959435626, 32.92567397329302, 32.924918115394306, 32.92617787855883, 32.925422020660115, 32.92567397329302, 32.92517006802721, 32.92340639959688, 32.924162257495595, 32.92113882590073, 32.92340639959687, 32.92315444696397]",0.9173787762448501,0.932320851206348,33,"[33, 33, 33, 33, 33, 33, 33, 33, 33, 33, 33, 33, 33, 33, 33, 33, 33, 33, 33, 33, 33, 33, 33, 33, 33, 33, 33, 33, 33, 33, 33, 33, 33, 33, 33, 33, 33, 33, 33, 33, 33, 33, 33, 33, 33, 33, 33, 33, 33, 33, 33, 33, 33, 33, 33, 33, 33, 33, 33, 33, 33, 33, 33, 33, 33, 33, 33, 33, 33, 33, 33, 33, 33, 33, 33, 33, 33, 33, 33, 33, 33, 33, 33, 33, 33, 33, 33, 33, 33, 33, 33, 33, 33, 33, 33, 33, 33, 33, 33, 33, 33, 33, 33, 33, 33, 33, 33, 33, 33, 33, 33, 33, 33, 33, 33, 33, 33, 33, 33, 33, 33, 33, 33, 33, 33, 33, 33, 33, 33, 33, 33, 33, 33, 33, 33, 33, 33, 33, 33, 33, 33, 33, 33, 33, 33, 33, 33, 33, 33, 33, 33, 33, 33, 33, 33, 33, 33, 33, 33, 33, 33, 33, 33, 33, 33, 33, 33, 33, 33, 33, 33, 33, 33, 33, 33, 33, 33, 33, 33, 33, 33, 33, 33, 33, 33, 33, 33, 33, 33, 33, 33, 33, 33, 33, 33, 33, 33, 33, 33, 33, 33, 33, 33, 33, 33, 33, 33, 33, 33, 33, 33, 33, 33, 33, 33, 33, 33, 33, 33, 33, 33, 33, 33, 33, 33, 33, 33, 33, 33, 33, 33, 33, 33, 33, 33, 33, 33, 33, 33, 33, 33, 33, 33, 33, 33, 33, 33, 33, 33, 33, 33, 33, 33, 33, 33, 33, 33, 33, 33, 33, 33, 33, 33, 33, 33, 33, 33, 33, 33, 33, 33, 33, 33, 33, 33, 33, 33, 33, 33, 33, 33, 33, 33, 33, 33, 33, 33, 33, 33, 33, 33, 33, 33, 33, 33, 33, 33, 33, 33, 33, 33, 33, 33, 33, 33, 33, 33, 33, 33, 33, 33, 33, 33, 33, 33, 33, 33, 33, 33, 33, 33, 33, 33, 33, 33, 33, 33, 33, 33, 33, 33, 33, 33, 33, 33, 33, 33, 33, 33, 33, 33, 33, 33, 33, 33, 33, 33, 33, 33, 33, 33, 33, 33, 33, 33, 33, 33, 33, 33, 33, 33, 33, 33, 33, 33, 33, 33, 33, 33, 33, 33, 33, 33, 33, 33, 33, 33, 33, 33, 33, 33, 33, 33, 33, 33, 33, 33, 33, 33, 33, 33, 33, 33, 33, 33, 33, 33, 33, 33, 33, 33, 33, 33, 33, 33, 33, 33, 33, 33, 33, 33, 33, 33, 33, 33, 33, 33, 33, 33, 33, 33, 33, 33, 33, 33, 33, 33, 33, 33, 33, 33, 33, 33, 33, 33, 33, 33, 33, 33, 33, 33, 33, 33, 33, 33, 33, 33, 33, 33, 33, 33, 33, 33, 33, 33, 33, 33, 33, 33, 33, 33, 33, 33, 33, 33, 33, 33, 33, 33, 33, 33, 33, 33, 33, 33, 33, 33, 33, 33, 33, 33, 33, 33, 33, 33, 33, 33, 33, 33, 33, 33, 33, 33, 33, 33]",495,"[0.3964357078075409, 0.3890026807785034, 0.3836098611354828, 0.37977126240730286, 0.37650227546691895, 0.374055951833725, 0.37179020047187805, 0.3699624240398407, 0.3684089779853821, 0.3670156002044678, 0.3656308650970459, 0.3642054498195648, 0.3632482886314392, 0.3619062900543213, 0.360546350479126, 0.35910215973854065, 0.35792091488838196, 0.35692647099494934, 0.3555908203125, 0.3543736934661865, 0.35337403416633606, 0.3520393669605255, 0.35092395544052124, 0.34980472922325134, 0.3487461507320404, 0.34788432717323303, 0.3463152050971985, 0.34517890214920044, 0.3442649841308594, 0.34281134605407715, 0.34189724922180176, 0.3406478464603424, 0.33956149220466614, 0.33821621537208557, 0.33698683977127075, 0.33589455485343933, 0.334543377161026, 0.3336258828639984, 0.332175612449646, 0.3307577073574066, 0.32945582270622253, 0.32820042967796326, 0.3269830346107483, 0.32557204365730286, 0.32400694489479065, 0.3226972222328186, 0.3212321996688843, 0.3197065591812134, 0.31819769740104675, 0.3167857229709625, 0.31520068645477295, 0.31357648968696594, 0.3119566738605499, 0.31026217341423035, 0.30855122208595276, 0.30705979466438293, 0.3049818277359009, 0.30328789353370667, 0.30143308639526367, 0.299683541059494, 0.2977854907512665, 0.2959790825843811, 0.29426974058151245, 0.2923731207847595, 0.2906419038772583, 0.28866827487945557, 0.2869804799556732, 0.2852408289909363, 0.2835141718387604, 0.2817341685295105, 0.2799832224845886, 0.27829819917678833, 0.27669668197631836, 0.27511656284332275, 0.27362602949142456, 0.2721410095691681, 0.27059048414230347, 0.26936542987823486, 0.2679844796657562, 0.2665553390979767, 0.26531267166137695, 0.264075368642807, 0.2629176378250122, 0.26187461614608765, 0.26070842146873474, 0.2596361041069031, 0.25860488414764404, 0.2576439082622528, 0.2564232349395752, 0.2553213834762573, 0.2544015944004059, 0.25339245796203613, 0.2524375319480896, 0.25150516629219055, 0.25065112113952637, 0.24977800250053406, 0.24871709942817688, 0.24790197610855103, 0.2470231056213379, 0.2463023066520691, 0.24532631039619446, 0.24465565383434296, 0.2438235729932785, 0.2431679517030716, 0.24256891012191772, 0.24191813170909882, 0.2410968393087387, 0.23987163603305817, 0.23934219777584076, 0.23824769258499146, 0.23744268715381622, 0.2369404286146164, 0.23629148304462433, 0.23601414263248444, 0.2347157895565033, 0.23439770936965942, 0.233380988240242, 0.2328663468360901, 0.2324349582195282, 0.23188531398773193, 0.23111294209957123, 0.23016101121902466, 0.22957967221736908, 0.22894196212291718, 0.22832340002059937, 0.2277485728263855, 0.22728654742240906, 0.22662068903446198, 0.22622720897197723, 0.22511222958564758, 0.22464250028133392, 0.2240792214870453, 0.2234223484992981, 0.22290746867656708, 0.22221940755844116, 0.2216353565454483, 0.22146223485469818, 0.22130218148231506, 0.22037667036056519, 0.21975891292095184, 0.21958385407924652, 0.21885447204113007, 0.21773216128349304, 0.21752893924713135, 0.21719925105571747, 0.2162131518125534, 0.21575108170509338, 0.21555393934249878, 0.2151154726743698, 0.2146536260843277, 0.21428869664669037, 0.2139855921268463, 0.21281364560127258, 0.21264630556106567, 0.2123912274837494, 0.2115209996700287, 0.21137653291225433, 0.21071547269821167, 0.21051228046417236, 0.21003258228302002, 0.20992730557918549, 0.2090681791305542, 0.20870529115200043, 0.20913296937942505, 0.20787161588668823, 0.2078208327293396, 0.20693740248680115, 0.20738348364830017, 0.20649902522563934, 0.20587891340255737, 0.2050163447856903, 0.20539385080337524, 0.20545591413974762, 0.20483693480491638, 0.20372354984283447, 0.20348015427589417, 0.20332515239715576, 0.20312397181987762, 0.2023458629846573, 0.20278964936733246, 0.20220914483070374, 0.20193016529083252, 0.20137052237987518, 0.20154115557670593, 0.20082999765872955, 0.20069198310375214, 0.20042316615581512, 0.200322225689888, 0.19950878620147705, 0.19962333142757416, 0.1999019980430603, 0.19970987737178802, 0.19856539368629456, 0.19840511679649353, 0.1982078105211258, 0.1979055255651474, 0.1974252462387085, 0.19736650586128235, 0.1965922862291336, 0.196384996175766, 0.19665944576263428, 0.196510910987854, 0.1966276615858078, 0.19574545323848724, 0.1956350952386856, 0.19527184963226318, 0.19546476006507874, 0.195833221077919, 0.19489488005638123, 0.19451746344566345, 0.19406352937221527, 0.1938185840845108, 0.19350212812423706, 0.19441837072372437, 0.19335836172103882, 0.1936386525630951, 0.19306078553199768, 0.19331395626068115, 0.19274863600730896, 0.19179242849349976, 0.19304704666137695, 0.19204039871692657, 0.19179712235927582, 0.1917618215084076, 0.191973477602005, 0.19092810153961182, 0.1911720484495163, 0.19122901558876038, 0.19104185700416565, 0.19043542444705963, 0.19034066796302795, 0.18978999555110931, 0.19010980427265167, 0.18969187140464783, 0.18975187838077545, 0.18946081399917603, 0.18972861766815186, 0.18945638835430145, 0.18886062502861023, 0.18866926431655884, 0.1891772598028183, 0.1889713853597641, 0.18831519782543182, 0.18866799771785736, 0.1884099394083023, 0.18842746317386627, 0.18774348497390747, 0.1881447583436966, 0.1877964437007904, 0.18725921213626862, 0.18712513148784637, 0.18710272014141083, 0.18720468878746033, 0.18741826713085175, 0.18828478455543518, 0.18688492476940155, 0.18658551573753357, 0.18521757423877716, 0.18586382269859314, 0.18683870136737823, 0.1855587214231491, 0.18592679500579834, 0.185316264629364, 0.18522556126117706, 0.1840171366930008, 0.18611960113048553, 0.1849803477525711, 0.18604035675525665, 0.18573814630508423, 0.1847614049911499, 0.18421192467212677, 0.18475492298603058, 0.18397527933120728, 0.18411792814731598, 0.18313369154930115, 0.18312272429466248, 0.1827460080385208, 0.18329069018363953, 0.18445491790771484, 0.1830722838640213, 0.18303678929805756, 0.18353427946567535, 0.18260343372821808, 0.18344742059707642, 0.1825493574142456, 0.18242181837558746, 0.1818951815366745, 0.18243557214736938, 0.18247289955615997, 0.18134158849716187, 0.1818602979183197, 0.1810905635356903, 0.18091124296188354, 0.18151651322841644, 0.18161778151988983, 0.18114233016967773, 0.18081419169902802, 0.18114037811756134, 0.18038177490234375, 0.18094287812709808, 0.17977051436901093, 0.1806800663471222, 0.1795497089624405, 0.17994733154773712, 0.18003793060779572, 0.17999069392681122, 0.18063801527023315, 0.1795964390039444, 0.17919470369815826, 0.17969240248203278, 0.17954948544502258, 0.17906570434570312, 0.17901915311813354, 0.17948397994041443, 0.18046322464942932, 0.17923282086849213, 0.17885074019432068, 0.17920155823230743, 0.17909397184848785, 0.17828166484832764, 0.17813657224178314, 0.17863723635673523, 0.17817266285419464, 0.17748989164829254, 0.17807702720165253, 0.17795108258724213, 0.17820820212364197, 0.1768915057182312, 0.17788730561733246, 0.17721042037010193, 0.17778220772743225, 0.177059605717659, 0.1776789128780365, 0.17796556651592255, 0.17727123200893402, 0.1778787225484848, 0.17693841457366943, 0.17662815749645233, 0.17676803469657898, 0.1772274225950241, 0.1765989065170288, 0.17649440467357635, 0.17716801166534424, 0.17689168453216553, 0.17700403928756714, 0.17634625732898712, 0.17706045508384705, 0.17618519067764282, 0.17570611834526062, 0.1759585440158844, 0.1770721673965454, 0.17612308263778687, 0.17541591823101044, 0.17662715911865234, 0.17634396255016327, 0.17503978312015533, 0.175933837890625, 0.17551873624324799, 0.17571045458316803, 0.1746785044670105, 0.17728866636753082, 0.1753499060869217, 0.1749570071697235, 0.17525464296340942, 0.1757517009973526, 0.1758553385734558, 0.175491064786911, 0.17471565306186676, 0.1759384274482727, 0.17574380338191986