,number,value,datetime_start,datetime_complete,duration,params_batch_size_scaler,params_constant_learning_rate,params_depth,params_epochs,params_kernel_l2,params_num_trees,params_temperature,user_attrs_accuracy_test,user_attrs_accuracy_valid,user_attrs_approximate_feature_sparsity,user_attrs_approximate_feature_sparsity_history,user_attrs_approximate_weight_sparsity,user_attrs_approximate_weight_sparsity_history,user_attrs_auc_test,user_attrs_auc_valid,user_attrs_feature_sparsity,user_attrs_feature_sparsity_history,user_attrs_num_epochs,user_attrs_val_loss_history,user_attrs_weight_sparsity,user_attrs_weight_sparsity_history,state
138,138,0.5,2024-08-31 06:32:14.726103,2024-08-31 06:34:15.016187,0 days 00:02:00.290084,4,8.284247366570478,3,480,0.005367381026368775,12,0.07046598358481461,0.859,0.85875,0,"[0, 0, 0, 0, 0, 0, 0, 0, 0, 0, 0, 0, 0, 0, 0, 0, 0, 0, 0, 0, 0, 0, 0, 0, 0, 0, 0, 0, 0, 0, 0, 0, 0, 0, 0, 0, 0, 0, 0, 0, 0, 0, 0, 0, 0, 0, 0, 0, 0, 0, 0, 0, 0, 0, 0, 0, 0, 0, 0, 0, 0, 0, 0, 0, 0, 0, 0, 0, 0, 0, 0, 0, 0, 0, 0, 0, 0, 0, 0, 0, 0, 0, 0, 0, 0, 0, 0, 0, 0, 0, 0, 0, 0, 0, 0, 0, 0, 0, 0, 0, 0, 0, 0, 0, 0, 0, 0, 0, 0, 0, 0, 0, 0, 0, 0, 0, 0, 0, 0, 0, 0, 0, 0, 0, 0, 0, 0, 0, 0, 0, 0, 0, 0, 0, 0, 0, 0, 0, 0, 0, 0, 0, 0, 0, 0, 0, 0, 0, 0, 0, 0, 0, 0, 0, 0, 0, 0, 0, 0, 0, 0, 0, 0, 0, 0, 0, 0, 0, 0, 0, 0, 0, 0, 0, 0, 0, 0, 0, 0, 0, 0, 0, 0, 0, 0, 0, 0, 0, 0, 0, 0, 0, 0, 0, 0, 0, 0, 0, 0, 0, 0, 0, 0, 0, 0, 0, 0, 0, 0, 0, 0, 0, 0, 0, 0, 0, 0, 0, 0, 0, 0, 0, 0, 0, 0, 0, 0, 0, 0, 0, 0, 0, 0, 0, 0, 0, 0, 0, 0, 0, 0, 0, 0, 0, 0, 0, 0, 0, 0, 0, 0, 0, 0, 0, 0, 0, 0, 0, 0, 0, 0, 0, 0, 0, 0, 0, 0, 0, 0, 0, 0, 0, 0, 0, 0, 0, 0, 0, 0, 0, 0, 0, 0, 0, 0, 0, 0, 0, 0, 0, 0, 0, 0, 0, 0, 0, 0, 0, 0, 0, 0, 0, 0, 0, 0, 0, 0, 0, 0, 0, 0, 0, 0, 0, 0, 0, 0, 0, 0, 0, 0, 0, 0, 0, 0, 0, 0, 0, 0, 0, 0, 0, 0, 0, 0, 0, 0, 0, 0, 0, 0, 0, 0, 0, 0, 0, 0, 0, 0, 0, 0, 0, 0, 0, 0, 0, 0, 0, 0, 0, 0, 0, 0, 0, 0, 0, 0, 0, 0, 0, 0, 0, 0, 0, 0, 0, 0, 0, 0, 0, 0, 0, 0, 0, 0, 0, 0, 0, 0, 0, 0, 0, 0, 0, 0, 0, 0, 0, 0, 0, 0, 0, 0, 0, 0, 0, 0, 0, 0, 0, 0, 0, 0, 0, 0, 0, 0, 0, 0, 0, 0, 0, 0, 0, 0, 0, 0, 0, 0, 0, 0, 0, 0, 0, 0, 0, 0, 0, 0, 0, 0, 0, 0, 0, 0, 0, 0, 0, 0, 0, 0, 0, 0, 0, 0, 0, 0, 0, 0, 0, 0, 0, 0, 0, 0, 0, 0, 0, 0, 0, 0, 0, 0, 0, 0, 0, 0, 0, 0, 0]",0.0,"[0.0, 0.0, 0.0, 0.0, 0.0, 0.0, 0.0, 0.0, 0.0, 0.0, 0.0, 0.0, 0.0, 0.0, 0.0, 0.0, 0.0, 0.0, 0.0, 0.0, 0.0, 0.0, 0.0, 0.0, 0.0, 0.0, 0.0, 0.0, 0.0, 0.0, 0.0, 0.0, 0.0, 0.0, 0.0, 0.0, 0.0, 0.0, 0.0, 0.0, 0.0, 0.0, 0.0, 0.0, 0.0, 0.0, 0.0, 0.0, 0.0, 0.0, 0.0, 0.0, 0.0, 0.0, 0.0, 0.0, 0.0, 0.0, 0.0, 0.0, 0.0, 0.0, 0.0, 0.0, 0.0, 0.0, 0.0, 0.0, 0.0, 0.0, 0.0, 0.0, 0.0, 0.0, 0.0, 0.0, 0.0, 0.0, 0.0, 0.0, 0.0, 0.0, 0.0, 0.0, 0.0, 0.0, 0.0, 0.0, 0.0, 0.0, 0.0, 0.0, 0.0, 0.0, 0.0, 0.0, 0.0, 0.0, 0.0, 0.0, 0.0, 0.0, 0.0, 0.0, 0.0, 0.0, 0.0, 0.0, 0.0, 0.0, 0.0, 0.0, 0.0, 0.0, 0.0, 0.0, 0.0, 0.0, 0.0, 0.0, 0.0, 0.0, 0.0, 0.0, 0.0, 0.0, 0.0, 0.0, 0.0, 0.0, 0.0, 0.0, 0.0, 0.0, 0.0, 0.0, 0.0, 0.0, 0.0, 0.0, 0.0, 0.0, 0.0, 0.0, 0.0, 0.0, 0.0, 0.0, 0.0, 0.0, 0.0, 0.0, 0.0, 0.0, 0.0, 0.0, 0.0, 0.0, 0.0, 0.0, 0.0, 0.0, 0.0, 0.0, 0.0, 0.0, 0.0, 0.0, 0.0, 0.0, 0.0, 0.0, 0.0, 0.0, 0.0, 0.0, 0.0, 0.0, 0.0, 0.0, 0.0, 0.0, 0.0, 0.0, 0.0, 0.0, 0.0, 0.0, 0.0, 0.0, 0.0, 0.0, 0.0, 0.0, 0.0, 0.0, 0.0, 0.0, 0.0, 0.0, 0.0, 0.0, 0.0, 0.0, 0.0, 0.0, 0.0, 0.0, 0.0, 0.0, 0.0, 0.0, 0.0, 0.0, 0.0, 0.0, 0.0, 0.0, 0.0, 0.0, 0.0, 0.0, 0.0, 0.0, 0.0, 0.0, 0.0, 0.0, 0.0, 0.0, 0.0, 0.0, 0.0, 0.0, 0.0, 0.0, 0.0, 0.0, 0.0, 0.0, 0.0, 0.0, 0.0, 0.0, 0.0, 0.0, 0.0, 0.0, 0.0, 0.0, 0.0, 0.0, 0.0, 0.0, 0.0, 0.0, 0.0, 0.0, 0.0, 0.0, 0.0, 0.0, 0.0, 0.0, 0.0, 0.0, 0.0, 0.0, 0.0, 0.0, 0.0, 0.0, 0.0, 0.0, 0.0, 0.0, 0.0, 0.0, 0.0, 0.0, 0.0, 0.0, 0.0, 0.0, 0.0, 0.0, 0.0, 0.0, 0.0, 0.0, 0.0, 0.0, 0.0, 0.0, 0.0, 0.0, 0.0, 0.0, 0.0, 0.0, 0.0, 0.0, 0.0, 0.0, 0.0, 0.0, 0.0, 0.0, 0.0, 0.0, 0.0, 0.0, 0.0, 0.0, 0.0, 0.0, 0.0, 0.0, 0.0, 0.0, 0.0, 0.0, 0.0, 0.0, 0.0, 0.0, 0.0, 0.0, 0.0, 0.0, 0.0, 0.0, 0.0, 0.0, 0.0, 0.0, 0.0, 0.0, 0.0, 0.0, 0.0, 0.0, 0.0, 0.0, 0.0, 0.0, 0.0, 0.0, 0.0, 0.0, 0.0, 0.0, 0.0, 0.0, 0.0, 0.0, 0.0, 0.0, 0.0, 0.0, 0.0, 0.0, 0.0, 0.0, 0.0, 0.0, 0.0, 0.0, 0.0, 0.0, 0.0, 0.0, 0.0, 0.0, 0.0, 0.0, 0.0, 0.0, 0.0, 0.0, 0.0, 0.0, 0.0, 0.0, 0.0, 0.0, 0.0, 0.0, 0.0, 0.0, 0.0, 0.0, 0.0, 0.0, 0.0, 0.0, 0.0, 0.0, 0.0, 0.0, 0.0, 0.0, 0.0, 0.0, 0.0, 0.0, 0.0, 0.0, 0.0, 0.0, 0.0, 0.0, 0.0, 0.0, 0.0, 0.0, 0.0, 0.0, 0.0, 0.0, 0.0, 0.0, 0.0, 0.0, 0.0, 0.0, 0.0, 0.0, 0.0, 0.0, 0.0, 0.0, 0.0, 0.0, 0.0, 0.0, 0.0, 0.0, 0.0, 0.0, 0.0, 0.0, 0.0, 0.0, 0.0, 0.0, 0.0, 0.0, 0.0, 0.0, 0.0, 0.0, 0.0, 0.0, 0.0, 0.0, 0.0, 0.0, 0.0, 0.0, 0.0, 0.0, 0.0, 0.0, 0.0, 0.0, 0.0, 0.0, 0.0, 0.0, 0.0, 0.0, 0.0, 0.0, 0.0, 0.0, 0.0, 0.0, 0.0, 0.0]",0.5,0.5,0,"[0, 0, 0, 0, 0, 0, 0, 0, 0, 0, 0, 0, 0, 0, 0, 0, 0, 0, 0, 0, 0, 0, 0, 0, 0, 0, 0, 0, 0, 0, 0, 0, 0, 0, 0, 0, 0, 0, 0, 0, 0, 0, 0, 0, 0, 0, 0, 0, 0, 0, 0, 0, 0, 0, 0, 0, 0, 0, 0, 0, 0, 0, 0, 0, 0, 0, 0, 0, 0, 0, 0, 0, 0, 0, 0, 0, 0, 0, 0, 0, 0, 0, 0, 0, 0, 0, 0, 0, 0, 0, 0, 0, 0, 0, 0, 0, 0, 0, 0, 0, 0, 0, 0, 0, 0, 0, 0, 0, 0, 0, 0, 0, 0, 0, 0, 0, 0, 0, 0, 0, 0, 0, 0, 0, 0, 0, 0, 0, 0, 0, 0, 0, 0, 0, 0, 0, 0, 0, 0, 0, 0, 0, 0, 0, 0, 0, 0, 0, 0, 0, 0, 0, 0, 0, 0, 0, 0, 0, 0, 0, 0, 0, 0, 0, 0, 0, 0, 0, 0, 0, 0, 0, 0, 0, 0, 0, 0, 0, 0, 0, 0, 0, 0, 0, 0, 0, 0, 0, 0, 0, 0, 0, 0, 0, 0, 0, 0, 0, 0, 0, 0, 0, 0, 0, 0, 0, 0, 0, 0, 0, 0, 0, 0, 0, 0, 0, 0, 0, 0, 0, 0, 0, 0, 0, 0, 0, 0, 0, 0, 0, 0, 0, 0, 0, 0, 0, 0, 0, 0, 0, 0, 0, 0, 0, 0, 0, 0, 0, 0, 0, 0, 0, 0, 0, 0, 0, 0, 0, 0, 0, 0, 0, 0, 0, 0, 0, 0, 0, 0, 0, 0, 0, 0, 0, 0, 0, 0, 0, 0, 0, 0, 0, 0, 0, 0, 0, 0, 0, 0, 0, 0, 0, 0, 0, 0, 0, 0, 0, 0, 0, 0, 0, 0, 0, 0, 0, 0, 0, 0, 0, 0, 0, 0, 0, 0, 0, 0, 0, 0, 0, 0, 0, 0, 0, 0, 0, 0, 0, 0, 0, 0, 0, 0, 0, 0, 0, 0, 0, 0, 0, 0, 0, 0, 0, 0, 0, 0, 0, 0, 0, 0, 0, 0, 0, 0, 0, 0, 0, 0, 0, 0, 0, 0, 0, 0, 0, 0, 0, 0, 0, 0, 0, 0, 0, 0, 0, 0, 0, 0, 0, 0, 0, 0, 0, 0, 0, 0, 0, 0, 0, 0, 0, 0, 0, 0, 0, 0, 0, 0, 0, 0, 0, 0, 0, 0, 0, 0, 0, 0, 0, 0, 0, 0, 0, 0, 0, 0, 0, 0, 0, 0, 0, 0, 0, 0, 0, 0, 0, 0, 0, 0, 0, 0, 0, 0, 0, 0, 0, 0, 0, 0, 0, 0, 0, 0, 0, 0, 0, 0, 0, 0, 0, 0, 0, 0, 0, 0, 0, 0, 0, 0, 0, 0, 0, 0, 0, 0, 0, 0, 0, 0, 0, 0, 0, 0, 0, 0, 0, 0, 0]",480,"[0.4432571828365326, 0.806658923625946, 1.49110746383667, 0.788543701171875, 0.4346235990524292, 0.5810698866844177, 0.7013160586357117, 0.7316566705703735, 0.4181400239467621, 0.40751442313194275, 0.7238162159919739, 0.7303621768951416, 1.937306523323059, 0.7244405150413513, 0.5639666318893433, 1.077322006225586, 0.5344441533088684, 0.5712301135063171, 0.663856565952301, 0.4608827233314514, 0.9148653149604797, 0.7155396938323975, 0.5549312233924866, 0.44270506501197815, 0.5131654143333435, 0.41463208198547363, 0.4800746440887451, 0.6532473564147949, 0.4635033905506134, 1.1466326713562012, 0.5125930309295654, 0.5231027007102966, 0.6715150475502014, 1.442958116531372, 1.9986004829406738, 0.8024893403053284, 1.9298439025878906, 0.7285997271537781, 1.8736679553985596, 0.7309110164642334, 1.1995164155960083, 0.8774185180664062, 0.7892197966575623, 0.6323721408843994, 1.3271663188934326, 0.852474570274353, 1.100943922996521, 0.4911579489707947, 0.4354909658432007, 0.503711462020874, 0.524812638759613, 1.3126674890518188, 0.43293774127960205, 0.5029533505439758, 0.5935792326927185, 0.4183267652988434, 1.6941300630569458, 0.9999210238456726, 1.1248250007629395, 0.44115546345710754, 0.4897924065589905, 0.42299866676330566, 0.9605143666267395, 0.40754470229148865, 0.4125107526779175, 1.2800236940383911, 1.0099674463272095, 0.6683971285820007, 0.4118233919143677, 0.5390383005142212, 0.432306706905365, 0.48627161979675293, 0.4153372645378113, 0.4790506362915039, 0.4128219187259674, 0.9814851880073547, 0.4643373489379883, 0.5509172677993774, 0.5709208250045776, 0.9933765530586243, 0.43344321846961975, 0.5020729303359985, 0.4082612097263336, 0.41227245330810547, 1.2142664194107056, 0.697544276714325, 0.555446982383728, 0.9099695682525635, 0.41300255060195923, 2.001084089279175, 0.4115222096443176, 0.8242123126983643, 0.7420513033866882, 0.4073528051376343, 1.4871151447296143, 0.40745609998703003, 0.48620346188545227, 0.7606332302093506, 0.4183013141155243, 1.4966049194335938, 1.4627331495285034, 0.4367196261882782, 1.1743413209915161, 1.0514023303985596, 0.6607873439788818, 0.5045957565307617, 1.4812644720077515, 0.43949028849601746, 0.4113047420978546, 0.4072454869747162, 0.42980408668518066, 0.42746201157569885, 0.45053115487098694, 0.587759256362915, 0.5065867900848389, 0.7191526293754578, 1.3318371772766113, 0.4128437936306, 0.41095879673957825, 2.1440558433532715, 0.4429957866668701, 0.4285139739513397, 0.41512343287467957, 0.6297939419746399, 0.40919411182403564, 1.116574764251709, 2.2027971744537354, 2.1773273944854736, 1.171653389930725, 1.743723750114441, 0.4199198782444, 0.4656132459640503, 0.4751998484134674, 1.8709965944290161, 0.4077102243900299, 0.5571035146713257, 2.2086286544799805, 0.7823112607002258, 1.4487043619155884, 0.44784432649612427, 2.2139556407928467, 0.9102900624275208, 0.9016172289848328, 0.4158135652542114, 0.521202802658081, 1.5000207424163818, 0.7193407416343689, 0.42604973912239075, 1.2233562469482422, 0.4098615348339081, 0.5487335920333862, 1.0095913410186768, 0.8849130868911743, 0.4412287175655365, 0.5912839770317078, 0.880255937576294, 1.0333272218704224, 0.4313126802444458, 0.4090624749660492, 0.9241058230400085, 0.4129743278026581, 0.41776102781295776, 0.4447498023509979, 0.5187344551086426, 0.6472420692443848, 0.6172146201133728, 0.7033777832984924, 0.44025343656539917, 0.8760482668876648, 1.7902061939239502, 0.791627049446106, 1.715673804283142, 0.46214550733566284, 0.5133873820304871, 1.5490552186965942, 0.49124130606651306, 1.8047096729278564, 0.48329856991767883, 0.4154626727104187, 1.2200255393981934, 0.4817327857017517, 1.829762578010559, 0.9247310161590576, 0.7083494663238525, 0.6539535522460938, 1.0054194927215576, 1.225966453552246, 0.7147007584571838, 0.9826005697250366, 0.4073459506034851, 0.5264454483985901, 0.41900739073753357, 0.4345608055591583, 0.6870276927947998, 0.46372997760772705, 1.4453721046447754, 0.7665698528289795, 1.0916601419448853, 0.5067485570907593, 0.4072268009185791, 0.5830166339874268, 0.42568665742874146, 1.699135184288025, 1.9528394937515259, 0.4118734300136566, 0.4283250570297241, 0.43341895937919617, 0.7148361802101135, 1.8709394931793213, 0.4111548662185669, 0.4317128360271454, 0.5707255601882935, 0.5372216701507568, 0.5331153273582458, 1.0628703832626343, 0.4303792715072632, 0.41184476017951965, 0.4294663369655609, 1.0886504650115967, 0.7753770351409912, 0.47395697236061096, 0.5440563559532166, 1.6679143905639648, 0.5243370532989502, 0.40730440616607666, 1.5170226097106934, 0.8704536557197571, 0.41503188014030457, 0.4405883550643921, 0.4112900197505951, 0.451783150434494, 0.9546412825584412, 0.9125602841377258, 0.6156217455863953, 0.4438772201538086, 1.060685157775879, 0.44812220335006714, 0.6585645079612732, 0.5550326108932495, 1.204815149307251, 0.7427076697349548, 1.2642300128936768, 0.4803101718425751, 0.6759021878242493, 0.5066449642181396, 0.4098806083202362, 0.8482832908630371, 1.2608140707015991, 0.4079664945602417, 0.5061059594154358, 0.4200586676597595, 0.43449363112449646, 0.7919796109199524, 1.2727715969085693, 1.5890640020370483, 0.48237350583076477, 0.4869759678840637, 0.5867419242858887, 0.4281892478466034, 0.9383752346038818, 1.6738168001174927, 1.352622389793396, 0.4376295804977417, 0.4465422034263611, 0.4670711159706116, 0.410427451133728, 0.4137352406978607, 1.1935073137283325, 1.7952076196670532, 0.4147600829601288, 1.0966837406158447, 0.4093388319015503, 0.8923055529594421, 0.5057483315467834, 0.4541240632534027, 2.3908684253692627, 0.8521918654441833, 0.5008929371833801, 0.5881035327911377, 1.0544036626815796, 0.4823201298713684, 0.4661838114261627, 0.8259126543998718, 0.5017223954200745, 0.5962283611297607, 1.2427623271942139, 0.7048986554145813, 0.4772895574569702, 0.4152497351169586, 0.49492672085762024, 1.6888525485992432, 0.4074881672859192, 1.206107497215271, 1.2691515684127808, 0.5014829635620117, 1.0134289264678955, 0.5142540335655212, 1.003513216972351, 0.4080786108970642, 0.7700850963592529, 0.542137861251831, 0.760601282119751, 0.5462263226509094, 0.5762903094291687, 0.8942720293998718, 1.0136620998382568, 0.5610160827636719, 1.2315047979354858, 0.5191469788551331, 0.8672423362731934, 1.1450698375701904, 0.407461941242218, 0.4132023751735687, 0.6255304217338562, 0.5537669658660889, 0.6608541011810303, 0.49420982599258423, 0.42113444209098816, 0.5054075717926025, 0.41713228821754456, 0.6420745849609375, 0.49252501130104065, 0.6209621429443359, 0.7258670330047607, 0.8930321335792542, 0.978807270526886, 1.0082610845565796, 1.6981985569000244, 0.5781341791152954, 0.40870893001556396, 1.467125415802002, 0.5039066076278687, 0.4125652313232422, 0.9398667216300964, 0.4872044324874878, 0.4321708381175995, 0.42851418256759644, 1.3534026145935059, 0.8768860101699829, 0.6528777480125427, 1.224605679512024, 1.1801663637161255, 1.3127201795578003, 0.6686654090881348, 0.5994232892990112, 0.5499603748321533, 0.9317299127578735, 0.419439435005188, 1.1010754108428955, 0.42281749844551086, 1.4300179481506348, 0.4956587553024292, 1.0825268030166626, 0.4612745940685272, 0.47997280955314636, 0.8683112263679504, 0.41848403215408325, 0.41178879141807556, 0.7792037725448608, 1.1904969215393066, 1.7921912670135498, 0.4873579442501068, 0.5644093751907349, 0.8639252185821533, 1.4421296119689941, 0.5168456435203552, 0.42142829298973083, 0.506094217300415, 0.5169723629951477, 0.4120486080646515, 0.46699199080467224, 0.4327319860458374, 0.8678961396217346, 0.6716987490653992, 1.590907096862793, 0.45382067561149597, 0.41331934928894043, 0.42956581711769104, 0.5091997981071472, 0.4216834008693695, 0.5941827893257141, 1.1982603073120117, 1.2908778190612793, 0.42273083329200745, 0.4177006185054779, 0.4094451069831848, 0.41535812616348267, 1.0228196382522583, 0.605600118637085, 0.43088269233703613, 0.40792831778526306, 0.4075704514980316, 0.4090171456336975, 0.5883947014808655, 0.5721222162246704, 0.41113734245300293, 0.5703741908073425, 1.0012813806533813, 0.7209339141845703, 0.5030289888381958, 0.5890650749206543, 0.6445934176445007, 0.7791689038276672, 0.7441502213478088, 0.44833752512931824, 0.790108859539032, 0.4515705406665802, 0.4927213191986084, 0.5653061866760254, 0.40724077820777893, 0.40881428122520447, 1.628873348236084, 0.8880444169044495, 0.5372501015663147, 0.4110150635242462, 1.384872555732727, 0.4201943278312683, 0.4426228702068329, 0.4210907816886902, 0.7026573419570923, 0.42591720819473267, 0.6184349060058594, 0.523792564868927, 0.5680145025253296, 0.5003108978271484, 0.4136686325073242, 0.4477508068084717, 0.944416880607605, 0.47265884280204773, 0.4864097833633423, 0.8937914371490479, 1.870552659034729, 0.4266669452190399, 0.4903854429721832, 0.42282405495643616, 0.4144308567047119, 0.5016139149665833, 1.3812620639801025, 0.4191123843193054, 0.40925976634025574, 1.509775996208191, 1.1563498973846436, 0.41223305463790894, 0.581114649772644, 1.1402859687805176, 0.47038763761520386, 0.7197999358177185, 0.5272846817970276, 1.0707565546035767, 0.5297333002090454, 1.2214806079864502, 0.8856358528137207, 0.4336385726928711, 1.5485446453094482, 0.5885106921195984, 2.070455551147461, 0.7301795482635498, 0.41438931226730347, 0.4547483026981354, 0.42525672912597656, 0.6459193229675293, 0.4866030812263489, 0.44067996740341187, 0.46731939911842346, 1.9673985242843628, 1.3334901332855225, 0.5748062133789062, 0.41175758838653564, 1.509107232093811, 0.5197036266326904, 0.4232346713542938, 0.4588693380355835, 1.4017213582992554, 0.5328590273857117, 1.3657351732254028, 0.496963769197464, 0.4699385166168213, 0.6418015360832214, 0.41992878913879395, 0.6259757876396179]",0.0,"[0.0, 0.0, 0.0, 0.0, 0.0, 0.0, 0.0, 0.0, 0.0, 0.0, 0.0, 0.0, 0.0, 0.0, 0.0, 0.0, 0.0, 0.0, 0.0, 0.0, 0.0, 0.0, 0.0, 0.0, 0.0, 0.0, 0.0, 0.0, 0.0, 0.0, 0.0, 0.0, 0.0, 0.0, 0.0, 0.0, 0.0, 0.0, 0.0, 0.0, 0.0, 0.0, 0.0, 0.0, 0.0, 0.0, 0.0, 0.0, 0.0, 0.0, 0.0, 0.0, 0.0, 0.0, 0.0, 0.0, 0.0, 0.0, 0.0, 0.0, 0.0, 0.0, 0.0, 0.0, 0.0, 0.0, 0.0, 0.0, 0.0, 0.0, 0.0, 0.0, 0.0, 0.0, 0.0, 0.0, 0.0, 0.0, 0.0, 0.0, 0.0, 0.0, 0.0, 0.0, 0.0, 0.0, 0.0, 0.0, 0.0, 0.0, 0.0, 0.0, 0.0, 0.0, 0.0, 0.0, 0.0, 0.0, 0.0, 0.0, 0.0, 0.0, 0.0, 0.0, 0.0, 0.0, 0.0, 0.0, 0.0, 0.0, 0.0, 0.0, 0.0, 0.0, 0.0, 0.0, 0.0, 0.0, 0.0, 0.0, 0.0, 0.0, 0.0, 0.0, 0.0, 0.0, 0.0, 0.0, 0.0, 0.0, 0.0, 0.0, 0.0, 0.0, 0.0, 0.0, 0.0, 0.0, 0.0, 0.0, 0.0, 0.0, 0.0, 0.0, 0.0, 0.0, 0.0, 0.0, 0.0, 0.0, 0.0, 0.0, 0.0, 0.0, 0.0, 0.0, 0.0, 0.0, 0.0, 0.0, 0.0, 0.0, 0.0, 0.0, 0.0, 0.0, 0.0, 0.0, 0.0, 0.0, 0.0, 0.0, 0.0, 0.0, 0.0, 0.0, 0.0, 0.0, 0.0, 0.0, 0.0, 0.0, 0.0, 0.0, 0.0, 0.0, 0.0, 0.0, 0.0, 0.0, 0.0, 0.0, 0.0, 0.0, 0.0, 0.0, 0.0, 0.0, 0.0, 0.0, 0.0, 0.0, 0.0, 0.0, 0.0, 0.0, 0.0, 0.0, 0.0, 0.0, 0.0, 0.0, 0.0, 0.0, 0.0, 0.0, 0.0, 0.0, 0.0, 0.0, 0.0, 0.0, 0.0, 0.0, 0.0, 0.0, 0.0, 0.0, 0.0, 0.0, 0.0, 0.0, 0.0, 0.0, 0.0, 0.0, 0.0, 0.0, 0.0, 0.0, 0.0, 0.0, 0.0, 0.0, 0.0, 0.0, 0.0, 0.0, 0.0, 0.0, 0.0, 0.0, 0.0, 0.0, 0.0, 0.0, 0.0, 0.0, 0.0, 0.0, 0.0, 0.0, 0.0, 0.0, 0.0, 0.0, 0.0, 0.0, 0.0, 0.0, 0.0, 0.0, 0.0, 0.0, 0.0, 0.0, 0.0, 0.0, 0.0, 0.0, 0.0, 0.0, 0.0, 0.0, 0.0, 0.0, 0.0, 0.0, 0.0, 0.0, 0.0, 0.0, 0.0, 0.0, 0.0, 0.0, 0.0, 0.0, 0.0, 0.0, 0.0, 0.0, 0.0, 0.0, 0.0, 0.0, 0.0, 0.0, 0.0, 0.0, 0.0, 0.0, 0.0, 0.0, 0.0, 0.0, 0.0, 0.0, 0.0, 0.0, 0.0, 0.0, 0.0, 0.0, 0.0, 0.0, 0.0, 0.0, 0.0, 0.0, 0.0, 0.0, 0.0, 0.0, 0.0, 0.0, 0.0, 0.0, 0.0, 0.0, 0.0, 0.0, 0.0, 0.0, 0.0, 0.0, 0.0, 0.0, 0.0, 0.0, 0.0, 0.0, 0.0, 0.0, 0.0, 0.0, 0.0, 0.0, 0.0, 0.0, 0.0, 0.0, 0.0, 0.0, 0.0, 0.0, 0.0, 0.0, 0.0, 0.0, 0.0, 0.0, 0.0, 0.0, 0.0, 0.0, 0.0, 0.0, 0.0, 0.0, 0.0, 0.0, 0.0, 0.0, 0.0, 0.0, 0.0, 0.0, 0.0, 0.0, 0.0, 0.0, 0.0, 0.0, 0.0, 0.0, 0.0, 0.0, 0.0, 0.0, 0.0, 0.0, 0.0, 0.0, 0.0, 0.0, 0.0, 0.0, 0.0, 0.0, 0.0, 0.0, 0.0, 0.0, 0.0, 0.0, 0.0, 0.0, 0.0, 0.0, 0.0, 0.0, 0.0, 0.0, 0.0, 0.0, 0.0, 0.0, 0.0, 0.0, 0.0, 0.0, 0.0, 0.0, 0.0, 0.0, 0.0, 0.0, 0.0, 0.0, 0.0, 0.0, 0.0, 0.0, 0.0, 0.0, 0.0, 0.0, 0.0, 0.0, 0.0, 0.0, 0.0, 0.0, 0.0, 0.0, 0.0, 0.0, 0.0, 0.0, 0.0, 0.0, 0.0, 0.0, 0.0, 0.0, 0.0, 0.0, 0.0, 0.0, 0.0, 0.0, 0.0, 0.0, 0.0, 0.0, 0.0, 0.0, 0.0, 0.0]",COMPLETE
