,number,value,datetime_start,datetime_complete,duration,params_batch_size_scaler,params_constant_learning_rate,params_depth,params_epochs,params_kernel_l2,params_num_trees,params_temperature,user_attrs_accuracy_test,user_attrs_accuracy_valid,user_attrs_approximate_feature_sparsity,user_attrs_approximate_feature_sparsity_history,user_attrs_approximate_weight_sparsity,user_attrs_approximate_weight_sparsity_history,user_attrs_auc_test,user_attrs_auc_valid,user_attrs_feature_sparsity,user_attrs_feature_sparsity_history,user_attrs_num_epochs,user_attrs_val_loss_history,user_attrs_weight_sparsity,user_attrs_weight_sparsity_history,state
99,99,0.828316007780397,2024-08-31 04:29:23.056574,2024-08-31 04:29:48.463839,0 days 00:00:25.407265,64,0.1002340570091888,3,345,0.36274333055133057,60,0.02390713777237692,0.877,0.875,33,"[33, 33, 33, 33, 33, 33, 33, 33, 33, 33, 33, 33, 33, 33, 33, 33, 33, 33, 33, 33, 33, 33, 33, 33, 33, 33, 33, 33, 33, 33, 33, 33, 33, 33, 33, 33, 33, 33, 33, 33, 33, 33, 33, 33, 33, 33, 33, 33, 33, 33, 33, 33, 33, 33, 33, 33, 33, 33, 33, 33, 33, 33, 33, 33, 33, 33, 33, 33, 33, 33, 33, 33, 33, 33, 33, 33, 33, 33, 33, 33, 33, 33, 33, 33, 33, 33, 33, 33, 33, 33, 33, 33, 33, 33, 33, 33, 33, 33, 33, 33, 33, 33, 33, 33, 33, 33, 33, 33, 33, 33, 33, 33, 33, 33, 33, 33, 33, 33, 33, 33, 33, 33, 33, 33, 33, 33, 33, 33, 33, 33, 33, 33, 33, 33, 33, 33, 33, 33, 33, 33, 33, 33, 33, 33, 33, 33, 33, 33, 33, 33, 33, 33, 33, 33, 33, 33, 33, 33, 33, 33, 33, 33, 33, 33, 33, 33, 33, 33, 33, 33, 33, 33, 33, 33, 33, 33, 33, 33, 33, 33, 33, 33, 33, 33, 33, 33, 33, 33, 33, 33, 33, 33, 33, 33, 33, 33, 33, 33, 33, 33, 33, 33, 33, 33, 33, 33, 33, 33, 33, 33, 33, 33, 33, 33, 33, 33, 33, 33, 33, 33, 33, 33, 33, 33, 33, 33, 33, 33, 33, 33, 33, 33, 33, 33, 33, 33, 33, 33, 33, 33, 33, 33, 33, 33, 33, 33, 33, 33, 33, 33, 33, 33, 33, 33, 33, 33, 33, 33, 33, 33, 33, 33, 33, 33, 33, 33, 33, 33, 33, 33, 33, 33, 33, 33, 33, 33, 33, 33, 33, 33, 33, 33, 33, 33, 33, 33, 33, 33, 33, 33, 33, 33, 33, 33, 33, 33, 33, 33, 33, 33, 33, 33, 33, 33, 33, 33, 33, 33, 33, 33, 33, 33, 33, 33, 33, 33, 33, 33, 33, 33, 33, 33, 33, 33, 33, 33, 33, 33, 33, 33, 33, 33, 33, 33, 33, 33, 33, 33, 33, 33, 33, 33, 33, 33, 33]",32.971428571428575,"[32.969047619047615, 32.97380952380952, 32.969047619047615, 32.95, 32.96666666666667, 32.94761904761904, 32.957142857142856, 32.96190476190476, 32.96190476190476, 32.969047619047615, 32.96666666666667, 32.97857142857143, 32.97380952380952, 32.969047619047615, 32.971428571428575, 32.971428571428575, 32.96190476190476, 32.96666666666667, 32.97857142857143, 32.98095238095238, 32.99047619047619, 32.99047619047619, 32.97380952380952, 32.96904761904762, 32.964285714285715, 32.96190476190476, 32.976190476190474, 32.976190476190474, 32.96666666666667, 32.96904761904762, 32.971428571428575, 32.964285714285715, 32.95476190476191, 32.952380952380956, 32.964285714285715, 32.96666666666667, 32.971428571428575, 32.969047619047615, 32.98095238095238, 32.97857142857143, 32.98095238095238, 32.97857142857143, 32.969047619047615, 32.97619047619048, 32.964285714285715, 32.96666666666667, 32.97380952380952, 32.976190476190474, 32.97142857142857, 32.97380952380952, 32.97380952380952, 32.976190476190474, 32.976190476190474, 32.976190476190474, 32.976190476190474, 32.983333333333334, 32.97380952380952, 32.976190476190474, 32.97380952380952, 32.97380952380952, 32.97619047619048, 32.98095238095238, 32.97857142857143, 32.98095238095238, 32.98095238095238, 32.976190476190474, 32.971428571428575, 32.97857142857143, 32.97380952380952, 32.96666666666667, 32.97380952380952, 32.96904761904762, 32.98095238095238, 32.98095238095238, 32.971428571428575, 32.97380952380952, 32.97142857142857, 32.97142857142857, 32.969047619047615, 32.96666666666667, 32.976190476190474, 32.971428571428575, 32.971428571428575, 32.964285714285715, 32.971428571428575, 32.97380952380952, 32.983333333333334, 32.97380952380952, 32.97857142857143, 32.971428571428575, 32.964285714285715, 32.964285714285715, 32.96666666666667, 32.97380952380952, 32.97857142857143, 32.969047619047615, 32.96904761904762, 32.97380952380952, 32.97857142857143, 32.96666666666667, 32.971428571428575, 32.976190476190474, 32.97380952380952, 32.976190476190474, 32.971428571428575, 32.96666666666667, 32.969047619047615, 32.96190476190476, 32.969047619047615, 32.96904761904762, 32.96666666666667, 32.964285714285715, 32.96190476190476, 32.96666666666667, 32.96666666666667, 32.97857142857143, 32.98095238095238, 32.97380952380952, 32.97142857142857, 32.96904761904762, 32.964285714285715, 32.96666666666667, 32.971428571428575, 32.96904761904762, 32.96190476190476, 32.96666666666667, 32.96190476190476, 32.96190476190476, 32.96190476190476, 32.964285714285715, 32.97380952380952, 32.97380952380952, 32.964285714285715, 32.971428571428575, 32.976190476190474, 32.971428571428575, 32.97380952380952, 32.957142857142856, 32.971428571428575, 32.96904761904762, 32.96904761904762, 32.96666666666667, 32.957142857142856, 32.957142857142856, 32.96904761904762, 32.96190476190476, 32.964285714285715, 32.964285714285715, 32.964285714285715, 32.964285714285715, 32.95238095238095, 32.95238095238095, 32.95, 32.95, 32.94761904761905, 32.94047619047619, 32.95, 32.95, 32.95238095238095, 32.96190476190476, 32.964285714285715, 32.957142857142856, 32.964285714285715, 32.96666666666667, 32.971428571428575, 32.96904761904762, 32.97857142857143, 32.97857142857143, 32.96904761904762, 32.96666666666667, 32.969047619047615, 32.964285714285715, 32.971428571428575, 32.971428571428575, 32.97380952380952, 32.983333333333334, 32.983333333333334, 32.98095238095238, 32.97857142857143, 32.96666666666667, 32.96666666666667, 32.971428571428575, 32.96904761904762, 32.969047619047615, 32.971428571428575, 32.96666666666667, 32.95952380952381, 32.97380952380952, 32.95952380952381, 32.97380952380952, 32.97619047619048, 32.96666666666667, 32.971428571428575, 32.97857142857143, 32.97380952380952, 32.96904761904762, 32.97380952380952, 32.97619047619048, 32.97380952380952, 32.983333333333334, 32.97619047619048, 32.964285714285715, 32.96666666666667, 32.96904761904762, 32.96190476190476, 32.957142857142856, 32.96190476190476, 32.96666666666667, 32.96190476190476, 32.957142857142856, 32.96190476190476, 32.96904761904762, 32.96904761904762, 32.95952380952381, 32.96190476190476, 32.964285714285715, 32.96904761904762, 32.96666666666667, 32.97380952380952, 32.97380952380952, 32.97380952380952, 32.97142857142857, 32.97857142857143, 32.97380952380952, 32.96904761904762, 32.97619047619048, 32.96666666666667, 32.964285714285715, 32.96904761904762, 32.969047619047615, 32.96190476190476, 32.964285714285715, 32.969047619047615, 32.971428571428575, 32.95952380952381, 32.96190476190476, 32.96904761904762, 32.964285714285715, 32.957142857142856, 32.96666666666667, 32.96190476190476, 32.95952380952381, 32.964285714285715, 32.95952380952381, 32.95952380952381, 32.96190476190476, 32.95476190476191, 32.95238095238095, 32.96190476190476, 32.964285714285715, 32.96190476190476, 32.95238095238095, 32.96190476190476, 32.971428571428575, 32.969047619047615, 32.96666666666667, 32.971428571428575, 32.964285714285715, 32.971428571428575, 32.969047619047615, 32.964285714285715, 32.97619047619048, 32.964285714285715, 32.96666666666667, 32.971428571428575, 32.97380952380952, 32.971428571428575, 32.971428571428575, 32.971428571428575, 32.98095238095238, 32.971428571428575, 32.97857142857143, 32.976190476190474, 32.97857142857143, 32.971428571428575, 32.97380952380952, 32.97380952380952, 32.97857142857143, 32.97380952380952, 32.97380952380953, 32.983333333333334, 32.983333333333334, 32.98571428571429, 32.97380952380952, 32.97380952380952, 32.971428571428575, 32.98095238095238, 32.971428571428575, 32.976190476190474, 32.976190476190474, 32.97380952380952, 32.96666666666667, 32.971428571428575, 32.971428571428575, 32.96666666666667, 32.971428571428575, 32.964285714285715, 32.971428571428575, 32.96666666666667, 32.96904761904762, 32.964285714285715, 32.96904761904762, 32.957142857142856, 32.957142857142856, 32.94761904761905, 32.95238095238095, 32.96190476190476, 32.97380952380952, 32.971428571428575, 32.971428571428575, 32.97380952380952, 32.96904761904762, 32.971428571428575, 32.971428571428575, 32.957142857142856, 32.964285714285715, 32.96666666666667, 32.96666666666667, 32.95952380952381, 32.969047619047615, 32.95952380952381, 32.96190476190476, 32.96190476190476, 32.96190476190476, 32.964285714285715, 32.964285714285715, 32.9547619047619, 32.95238095238095, 32.9547619047619, 32.95, 32.945238095238096, 32.94761904761905, 32.957142857142856, 32.957142857142856, 32.9547619047619, 32.9547619047619, 32.95, 32.95238095238095, 32.96190476190476, 32.94285714285714, 32.95, 32.94761904761905, 32.957142857142856, 32.96190476190476, 32.971428571428575]",0.8402727895705876,0.828316007780397,33,"[33, 33, 33, 33, 33, 33, 33, 33, 33, 33, 33, 33, 33, 33, 33, 33, 33, 33, 33, 33, 33, 33, 33, 33, 33, 33, 33, 33, 33, 33, 33, 33, 33, 33, 33, 33, 33, 33, 33, 33, 33, 33, 33, 33, 33, 33, 33, 33, 33, 33, 33, 33, 33, 33, 33, 33, 33, 33, 33, 33, 33, 33, 33, 33, 33, 33, 33, 33, 33, 33, 33, 33, 33, 33, 33, 33, 33, 33, 33, 33, 33, 33, 33, 33, 33, 33, 33, 33, 33, 33, 33, 33, 33, 33, 33, 33, 33, 33, 33, 33, 33, 33, 33, 33, 33, 33, 33, 33, 33, 33, 33, 33, 33, 33, 33, 33, 33, 33, 33, 33, 33, 33, 33, 33, 33, 33, 33, 33, 33, 33, 33, 33, 33, 33, 33, 33, 33, 33, 33, 33, 33, 33, 33, 33, 33, 33, 33, 33, 33, 33, 33, 33, 33, 33, 33, 33, 33, 33, 33, 33, 33, 33, 33, 33, 33, 33, 33, 33, 33, 33, 33, 33, 33, 33, 33, 33, 33, 33, 33, 33, 33, 33, 33, 33, 33, 33, 33, 33, 33, 33, 33, 33, 33, 33, 33, 33, 33, 33, 33, 33, 33, 33, 33, 33, 33, 33, 33, 33, 33, 33, 33, 33, 33, 33, 33, 33, 33, 33, 33, 33, 33, 33, 33, 33, 33, 33, 33, 33, 33, 33, 33, 33, 33, 33, 33, 33, 33, 33, 33, 33, 33, 33, 33, 33, 33, 33, 33, 33, 33, 33, 33, 33, 33, 33, 33, 33, 33, 33, 33, 33, 33, 33, 33, 33, 33, 33, 33, 33, 33, 33, 33, 33, 33, 33, 33, 33, 33, 33, 33, 33, 33, 33, 33, 33, 33, 33, 33, 33, 33, 33, 33, 33, 33, 33, 33, 33, 33, 33, 33, 33, 33, 33, 33, 33, 33, 33, 33, 33, 33, 33, 33, 33, 33, 33, 33, 33, 33, 33, 33, 33, 33, 33, 33, 33, 33, 33, 33, 33, 33, 33, 33, 33, 33, 33, 33, 33, 33, 33, 33, 33, 33, 33, 33, 33, 33]",345,"[0.4787635803222656, 0.45770955085754395, 0.4518413841724396, 0.45005324482917786, 0.4485524892807007, 0.4466831088066101, 0.44483768939971924, 0.4432988464832306, 0.4419913589954376, 0.4407768249511719, 0.4394782781600952, 0.4383629858493805, 0.43734514713287354, 0.43637028336524963, 0.4353744387626648, 0.43481674790382385, 0.43436822295188904, 0.432873010635376, 0.4320307672023773, 0.43150851130485535, 0.4305977523326874, 0.4300336539745331, 0.4292985498905182, 0.42869681119918823, 0.4278394281864166, 0.4274389147758484, 0.42673760652542114, 0.4264402389526367, 0.42582863569259644, 0.42528975009918213, 0.4263290464878082, 0.42437779903411865, 0.42361414432525635, 0.42312777042388916, 0.42263004183769226, 0.422257661819458, 0.42190036177635193, 0.42156046628952026, 0.42113029956817627, 0.42084553837776184, 0.42042458057403564, 0.41989898681640625, 0.42049309611320496, 0.4193897545337677, 0.41889190673828125, 0.41845181584358215, 0.4183467626571655, 0.4176047444343567, 0.4171024560928345, 0.41673070192337036, 0.4165646433830261, 0.416273295879364, 0.41598814725875854, 0.415811687707901, 0.41538482904434204, 0.41515296697616577, 0.4149317443370819, 0.414805144071579, 0.4144003689289093, 0.4140060842037201, 0.4137261211872101, 0.4133511483669281, 0.4131273627281189, 0.41317030787467957, 0.41271471977233887, 0.4119219481945038, 0.4116147756576538, 0.4114588499069214, 0.4112757742404938, 0.41095948219299316, 0.41074180603027344, 0.4107811450958252, 0.4102802574634552, 0.4099978506565094, 0.4100223183631897, 0.40966278314590454, 0.4092487692832947, 0.4092506766319275, 0.4087657928466797, 0.4085610508918762, 0.408199667930603, 0.4079051911830902, 0.4084240198135376, 0.4090595543384552, 0.4081588089466095, 0.40863731503486633, 0.40746670961380005, 0.40648823976516724, 0.4064755141735077, 0.40610453486442566, 0.40576285123825073, 0.4054047763347626, 0.40514251589775085, 0.40504300594329834, 0.4045974612236023, 0.40425097942352295, 0.40486037731170654, 0.4042762517929077, 0.4035327434539795, 0.4032621681690216, 0.40293848514556885, 0.40292784571647644, 0.4026219844818115, 0.40265950560569763, 0.40250271558761597, 0.40185919404029846, 0.40169161558151245, 0.4014890789985657, 0.4014969766139984, 0.4010123014450073, 0.40058907866477966, 0.40041396021842957, 0.40025919675827026, 0.4000014066696167, 0.3998046815395355, 0.39962276816368103, 0.39945462346076965, 0.3992501199245453, 0.39908915758132935, 0.3986716568470001, 0.3984805941581726, 0.3982771933078766, 0.3977707028388977, 0.39785993099212646, 0.39738836884498596, 0.397225946187973, 0.39734286069869995, 0.3968244791030884, 0.39696580171585083, 0.3963155746459961, 0.39606937766075134, 0.39606571197509766, 0.39540940523147583, 0.3953207731246948, 0.3949366509914398, 0.39506053924560547, 0.3946366012096405, 0.39417439699172974, 0.3940408229827881, 0.3937477171421051, 0.39357730746269226, 0.3935791850090027, 0.3936289846897125, 0.3932800590991974, 0.3940773904323578, 0.39377567172050476, 0.39280587434768677, 0.39208659529685974, 0.3917916417121887, 0.3914250135421753, 0.3916292190551758, 0.3914552927017212, 0.39050590991973877, 0.3905373513698578, 0.39013195037841797, 0.38996782898902893, 0.38938313722610474, 0.38951605558395386, 0.389090895652771, 0.388793021440506, 0.38854554295539856, 0.3884076774120331, 0.38804909586906433, 0.3879542648792267, 0.3878142535686493, 0.3886371850967407, 0.3875358998775482, 0.3879585564136505, 0.387390673160553, 0.38721778988838196, 0.38697734475135803, 0.3869144320487976, 0.3865734040737152, 0.38657301664352417, 0.38608378171920776, 0.3862152099609375, 0.38616716861724854, 0.385835736989975, 0.3854812979698181, 0.38507553935050964, 0.3851085901260376, 0.38480594754219055, 0.3853718936443329, 0.38426291942596436, 0.384158730506897, 0.38400185108184814, 0.38387030363082886, 0.3835124671459198, 0.38340333104133606, 0.3836320638656616, 0.3832516074180603, 0.3829245865345001, 0.3825414180755615, 0.38261717557907104, 0.3824283480644226, 0.38181331753730774, 0.3817436695098877, 0.3812664747238159, 0.3812836706638336, 0.3809802234172821, 0.3809267282485962, 0.3811947703361511, 0.3812147080898285, 0.38061124086380005, 0.3807959258556366, 0.3794107735157013, 0.37957581877708435, 0.3792986571788788, 0.3789331018924713, 0.3788543939590454, 0.37871110439300537, 0.3786846101284027, 0.37818604707717896, 0.37840282917022705, 0.3787134289741516, 0.378136545419693, 0.3771289587020874, 0.37653395533561707, 0.3762873709201813, 0.37597495317459106, 0.37587982416152954, 0.3754834234714508, 0.3754526376724243, 0.37559524178504944, 0.3755914568901062, 0.37562164664268494, 0.37523311376571655, 0.37513279914855957, 0.37475091218948364, 0.3751428723335266, 0.37451067566871643, 0.3745928704738617, 0.37426263093948364, 0.3739326596260071, 0.3736434280872345, 0.373742938041687, 0.3731173574924469, 0.37312984466552734, 0.37249183654785156, 0.37215328216552734, 0.37187647819519043, 0.37153512239456177, 0.3711184561252594, 0.3712613582611084, 0.37099528312683105, 0.370810329914093, 0.3707495927810669, 0.37080639600753784, 0.3702465295791626, 0.37061744928359985, 0.37045302987098694, 0.3698442876338959, 0.36961880326271057, 0.3697216510772705, 0.3699664771556854, 0.36901578307151794, 0.3689892292022705, 0.36867982149124146, 0.36871159076690674, 0.36825984716415405, 0.368087500333786, 0.3681444823741913, 0.36734095215797424, 0.3670900762081146, 0.36690354347229004, 0.3669951558113098, 0.3665207326412201, 0.36601874232292175, 0.3661443591117859, 0.3654935956001282, 0.36569103598594666, 0.36529576778411865, 0.36469611525535583, 0.3645978569984436, 0.365060031414032, 0.36437752842903137, 0.3644949197769165, 0.364019513130188, 0.3649323582649231, 0.36396390199661255, 0.3636237382888794, 0.3630885183811188, 0.3631013035774231, 0.3632735311985016, 0.36257442831993103, 0.3626733720302582, 0.3623611330986023, 0.362770676612854, 0.36225995421409607, 0.3622246980667114, 0.3619539141654968, 0.3617147207260132, 0.3613893389701843, 0.36108699440956116, 0.3608359396457672, 0.36058008670806885, 0.36132198572158813, 0.3610577881336212, 0.36043956875801086, 0.3598434329032898, 0.3600705862045288, 0.35970431566238403, 0.35896891355514526, 0.3587733209133148, 0.35883504152297974, 0.35918954014778137, 0.3591296076774597, 0.35885006189346313, 0.3582509756088257, 0.3580164313316345, 0.3580743670463562, 0.3578241467475891, 0.35760316252708435, 0.3572810888290405, 0.35706353187561035, 0.35764002799987793, 0.3569642901420593, 0.35663115978240967, 0.35652831196784973, 0.3560117483139038, 0.355838805437088, 0.355299174785614, 0.35531485080718994, 0.35501807928085327, 0.35468268394470215, 0.354838490486145, 0.35445237159729004, 0.3543347120285034, 0.3540581166744232, 0.3536434471607208, 0.353779137134552, 0.353193461894989, 0.3542010486125946, 0.3530387878417969, 0.3524125814437866, 0.35290345549583435, 0.35217049717903137, 0.35271042585372925, 0.35305100679397583, 0.3525000512599945, 0.35144302248954773, 0.3512488603591919, 0.350874662399292, 0.3506987690925598, 0.3504420518875122]",33.0,"[33.0, 33.0, 33.0, 33.0, 33.0, 33.0, 33.0, 33.0, 33.0, 33.0, 33.0, 33.0, 33.0, 33.0, 33.0, 33.0, 33.0, 33.0, 33.0, 33.0, 33.0, 33.0, 33.0, 33.0, 33.0, 33.0, 33.0, 33.0, 33.0, 33.0, 33.0, 33.0, 33.0, 33.0, 33.0, 33.0, 33.0, 33.0, 33.0, 33.0, 33.0, 33.0, 33.0, 33.0, 33.0, 33.0, 33.0, 33.0, 33.0, 33.0, 33.0, 33.0, 33.0, 33.0, 33.0, 33.0, 33.0, 33.0, 33.0, 33.0, 33.0, 33.0, 33.0, 33.0, 33.0, 33.0, 33.0, 33.0, 33.0, 33.0, 33.0, 33.0, 33.0, 33.0, 33.0, 33.0, 33.0, 33.0, 33.0, 33.0, 33.0, 33.0, 33.0, 33.0, 33.0, 33.0, 33.0, 33.0, 33.0, 33.0, 33.0, 33.0, 33.0, 33.0, 33.0, 33.0, 33.0, 33.0, 33.0, 33.0, 33.0, 33.0, 33.0, 33.0, 33.0, 33.0, 33.0, 33.0, 33.0, 33.0, 33.0, 33.0, 33.0, 33.0, 33.0, 33.0, 33.0, 33.0, 33.0, 33.0, 33.0, 33.0, 33.0, 33.0, 33.0, 33.0, 33.0, 33.0, 33.0, 33.0, 33.0, 33.0, 33.0, 33.0, 33.0, 33.0, 33.0, 33.0, 33.0, 33.0, 33.0, 33.0, 33.0, 33.0, 33.0, 33.0, 33.0, 33.0, 33.0, 33.0, 33.0, 33.0, 33.0, 33.0, 33.0, 33.0, 33.0, 33.0, 33.0, 33.0, 33.0, 33.0, 33.0, 33.0, 33.0, 33.0, 33.0, 33.0, 33.0, 33.0, 33.0, 33.0, 33.0, 33.0, 33.0, 33.0, 33.0, 33.0, 33.0, 33.0, 33.0, 33.0, 33.0, 33.0, 33.0, 33.0, 33.0, 33.0, 33.0, 33.0, 33.0, 33.0, 33.0, 33.0, 33.0, 33.0, 33.0, 33.0, 33.0, 33.0, 33.0, 33.0, 33.0, 33.0, 33.0, 33.0, 33.0, 33.0, 33.0, 33.0, 33.0, 33.0, 33.0, 33.0, 33.0, 33.0, 33.0, 33.0, 33.0, 33.0, 33.0, 33.0, 33.0, 33.0, 33.0, 33.0, 33.0, 33.0, 33.0, 33.0, 33.0, 33.0, 33.0, 33.0, 33.0, 33.0, 33.0, 33.0, 33.0, 33.0, 33.0, 33.0, 33.0, 33.0, 33.0, 33.0, 33.0, 33.0, 33.0, 33.0, 33.0, 33.0, 33.0, 33.0, 33.0, 33.0, 33.0, 33.0, 33.0, 33.0, 33.0, 33.0, 33.0, 33.0, 33.0, 33.0, 33.0, 33.0, 33.0, 33.0, 33.0, 33.0, 33.0, 33.0, 33.0, 33.0, 33.0, 33.0, 33.0, 33.0, 33.0, 33.0, 33.0, 33.0, 33.0, 33.0, 33.0, 33.0, 33.0, 33.0, 33.0, 33.0, 33.0, 33.0, 33.0, 33.0, 33.0, 33.0, 33.0, 33.0, 33.0, 33.0, 33.0, 33.0, 33.0, 33.0, 33.0, 33.0, 33.0, 33.0, 33.0, 33.0, 33.0, 33.0, 33.0, 33.0, 33.0, 33.0, 33.0, 33.0, 33.0, 33.0, 33.0, 33.0, 33.0, 33.0, 33.0, 33.0, 33.0, 33.0, 33.0, 33.0, 33.0, 33.0, 33.0, 33.0, 33.0, 33.0, 33.0, 33.0, 33.0, 33.0, 33.0, 33.0, 33.0]",COMPLETE
