,number,value,datetime_start,datetime_complete,duration,params_batch_size_scaler,params_constant_learning_rate,params_depth,params_epochs,params_kernel_l2,params_num_trees,params_temperature,user_attrs_accuracy_test,user_attrs_accuracy_valid,user_attrs_approximate_feature_sparsity,user_attrs_approximate_feature_sparsity_history,user_attrs_approximate_weight_sparsity,user_attrs_approximate_weight_sparsity_history,user_attrs_auc_test,user_attrs_auc_valid,user_attrs_feature_sparsity,user_attrs_feature_sparsity_history,user_attrs_num_epochs,user_attrs_val_loss_history,user_attrs_weight_sparsity,user_attrs_weight_sparsity_history,state
75,75,0.8423825533614149,2024-08-31 03:52:15.363194,2024-08-31 03:54:46.729009,0 days 00:02:31.365815,64,0.3095023799040035,6,255,0.01208144498977855,13,0.05036094497393501,0.898,0.89,26,"[33, 33, 33, 33, 33, 33, 33, 33, 33, 33, 33, 33, 33, 33, 33, 33, 33, 33, 32, 31, 31, 29, 29, 29, 29, 28, 28, 28, 28, 28, 28, 28, 28, 28, 28, 28, 28, 28, 28, 28, 28, 28, 28, 28, 28, 28, 28, 28, 28, 28, 28, 28, 28, 27, 27, 27, 27, 27, 27, 27, 27, 27, 27, 27, 27, 27, 27, 27, 27, 27, 27, 27, 27, 27, 27, 27, 27, 27, 27, 27, 27, 27, 27, 27, 27, 27, 27, 27, 27, 27, 27, 27, 27, 27, 27, 27, 27, 27, 27, 27, 27, 27, 27, 27, 27, 27, 27, 27, 27, 27, 27, 27, 27, 27, 27, 27, 27, 27, 27, 27, 27, 27, 27, 27, 27, 27, 27, 27, 27, 27, 27, 27, 27, 27, 27, 27, 27, 27, 27, 27, 27, 27, 27, 27, 27, 27, 27, 27, 27, 27, 27, 27, 27, 27, 27, 27, 27, 27, 27, 27, 27, 27, 27, 27, 27, 27, 27, 27, 27, 27, 27, 27, 27, 27, 27, 27, 27, 27, 27, 27, 27, 27, 27, 27, 27, 27, 27, 27, 27, 27, 27, 27, 27, 27, 27, 27, 27, 27, 27, 27, 27, 27, 27, 27, 27, 27, 27, 27, 27, 27, 27, 27, 27, 27, 27, 27, 27, 26, 26, 26, 26, 26, 26, 26, 26, 26, 26, 26, 26, 26, 26, 26, 26, 26, 26, 26, 26, 26, 26, 26, 26, 26, 26, 26, 26, 26, 26, 26, 26, 26, 26, 26, 26, 26, 26]",25.978021978021978,"[32.96459096459097, 32.97191697191697, 32.96825396825397, 32.95970695970696, 32.96214896214896, 32.957264957264954, 32.947496947496944, 32.956043956043956, 32.965811965811966, 32.95848595848596, 32.956043956043956, 32.96336996336996, 32.957264957264954, 32.949938949938954, 32.953601953601954, 32.95970695970696, 32.967032967032964, 32.96214896214896, 31.94993894993895, 30.95115995115995, 30.952380952380953, 28.957264957264957, 28.952380952380953, 28.95115995115995, 28.95848595848596, 27.95848595848596, 27.95970695970696, 27.962148962148962, 27.96092796092796, 27.963369963369964, 27.962148962148962, 27.973137973137973, 27.978021978021978, 27.97069597069597, 27.97924297924298, 27.973137973137973, 27.96947496947497, 27.967032967032967, 27.965811965811966, 27.96947496947497, 27.967032967032967, 27.963369963369964, 27.965811965811966, 27.964590964590965, 27.952380952380953, 27.95970695970696, 27.96825396825397, 27.97069597069597, 27.965811965811966, 27.96947496947497, 27.967032967032967, 27.965811965811966, 27.962148962148962, 26.965811965811966, 26.964590964590965, 26.973137973137973, 26.971916971916972, 26.96825396825397, 26.96947496947497, 26.964590964590965, 26.96825396825397, 26.96947496947497, 26.963369963369964, 26.96825396825397, 26.971916971916972, 26.971916971916972, 26.97069597069597, 26.971916971916972, 26.974358974358974, 26.973137973137973, 26.973137973137973, 26.975579975579976, 26.96947496947497, 26.978021978021978, 26.974358974358974, 26.975579975579976, 26.975579975579976, 26.976800976800977, 26.976800976800977, 26.976800976800977, 26.976800976800977, 26.97924297924298, 26.97924297924298, 26.976800976800977, 26.974358974358974, 26.974358974358974, 26.976800976800977, 26.973137973137973, 26.97069597069597, 26.975579975579976, 26.975579975579976, 26.978021978021978, 26.974358974358974, 26.976800976800977, 26.978021978021978, 26.974358974358974, 26.974358974358974, 26.96947496947497, 26.971916971916972, 26.974358974358974, 26.976800976800977, 26.978021978021978, 26.974358974358974, 26.97924297924298, 26.976800976800977, 26.975579975579976, 26.971916971916972, 26.971916971916972, 26.973137973137973, 26.971916971916972, 26.96825396825397, 26.96825396825397, 26.974358974358974, 26.96947496947497, 26.97069597069597, 26.965811965811966, 26.97069597069597, 26.965811965811966, 26.96825396825397, 26.96947496947497, 26.962148962148962, 26.962148962148962, 26.962148962148962, 26.96092796092796, 26.973137973137973, 26.974358974358974, 26.962148962148962, 26.96825396825397, 26.971916971916972, 26.971916971916972, 26.971916971916972, 26.971916971916972, 26.96947496947497, 26.973137973137973, 26.976800976800977, 26.978021978021978, 26.971916971916972, 26.974358974358974, 26.965811965811966, 26.973137973137973, 26.976800976800977, 26.97924297924298, 26.976800976800977, 26.974358974358974, 26.97924297924298, 26.974358974358974, 26.974358974358974, 26.973137973137973, 26.974358974358974, 26.96825396825397, 26.964590964590965, 26.97069597069597, 26.975579975579976, 26.974358974358974, 26.97069597069597, 26.976800976800977, 26.97069597069597, 26.967032967032967, 26.964590964590965, 26.965811965811966, 26.978021978021978, 26.978021978021978, 26.973137973137973, 26.976800976800977, 26.978021978021978, 26.974358974358974, 26.973137973137973, 26.973137973137973, 26.96947496947497, 26.97069597069597, 26.97069597069597, 26.971916971916972, 26.967032967032967, 26.97069597069597, 26.973137973137973, 26.96825396825397, 26.97069597069597, 26.974358974358974, 26.97069597069597, 26.97069597069597, 26.963369963369964, 26.97069597069597, 26.962148962148962, 26.965811965811966, 26.96825396825397, 26.967032967032967, 26.97069597069597, 26.967032967032967, 26.964590964590965, 26.971916971916972, 26.96947496947497, 26.96947496947497, 26.975579975579976, 26.974358974358974, 26.97069597069597, 26.973137973137973, 26.975579975579976, 26.971916971916972, 26.967032967032967, 26.967032967032967, 26.971916971916972, 26.973137973137973, 26.96947496947497, 26.96947496947497, 26.96947496947497, 26.97069597069597, 26.97069597069597, 26.963369963369964, 26.96092796092796, 26.96825396825397, 26.971916971916972, 26.973137973137973, 26.975579975579976, 26.975579975579976, 26.974358974358974, 26.973137973137973, 26.96947496947497, 25.97069597069597, 25.975579975579976, 25.97924297924298, 25.982905982905983, 25.98168498168498, 25.98046398046398, 25.978021978021978, 25.98168498168498, 25.982905982905983, 25.97924297924298, 25.978021978021978, 25.982905982905983, 25.984126984126984, 25.987789987789988, 25.982905982905983, 25.984126984126984, 25.976800976800977, 25.975579975579976, 25.98168498168498, 25.98046398046398, 25.98046398046398, 25.98168498168498, 25.97924297924298, 25.982905982905983, 25.978021978021978, 25.98168498168498, 25.982905982905983, 25.97924297924298, 25.971916971916972, 25.97924297924298, 25.97924297924298, 25.982905982905983, 25.978021978021978, 25.974358974358974, 25.971916971916972, 25.975579975579976, 25.976800976800977, 25.978021978021978]",0.8461760747694417,0.8423825533614149,26,"[33, 33, 33, 33, 33, 33, 33, 33, 33, 33, 33, 33, 33, 33, 33, 33, 33, 33, 32, 31, 31, 29, 29, 29, 29, 28, 28, 28, 28, 28, 28, 28, 28, 28, 28, 28, 28, 28, 28, 28, 28, 28, 28, 28, 28, 28, 28, 28, 28, 28, 28, 28, 28, 27, 27, 27, 27, 27, 27, 27, 27, 27, 27, 27, 27, 27, 27, 27, 27, 27, 27, 27, 27, 27, 27, 27, 27, 27, 27, 27, 27, 27, 27, 27, 27, 27, 27, 27, 27, 27, 27, 27, 27, 27, 27, 27, 27, 27, 27, 27, 27, 27, 27, 27, 27, 27, 27, 27, 27, 27, 27, 27, 27, 27, 27, 27, 27, 27, 27, 27, 27, 27, 27, 27, 27, 27, 27, 27, 27, 27, 27, 27, 27, 27, 27, 27, 27, 27, 27, 27, 27, 27, 27, 27, 27, 27, 27, 27, 27, 27, 27, 27, 27, 27, 27, 27, 27, 27, 27, 27, 27, 27, 27, 27, 27, 27, 27, 27, 27, 27, 27, 27, 27, 27, 27, 27, 27, 27, 27, 27, 27, 27, 27, 27, 27, 27, 27, 27, 27, 27, 27, 27, 27, 27, 27, 27, 27, 27, 27, 27, 27, 27, 27, 27, 27, 27, 27, 27, 27, 27, 27, 27, 27, 27, 27, 27, 27, 26, 26, 26, 26, 26, 26, 26, 26, 26, 26, 26, 26, 26, 26, 26, 26, 26, 26, 26, 26, 26, 26, 26, 26, 26, 26, 26, 26, 26, 26, 26, 26, 26, 26, 26, 26, 26, 26]",255,"[0.5842770338058472, 0.5301971435546875, 0.4928022623062134, 0.46504226326942444, 0.44469043612480164, 0.43079715967178345, 0.4209909737110138, 0.41369402408599854, 0.407857209444046, 0.4032052755355835, 0.3995654582977295, 0.39665859937667847, 0.3942258358001709, 0.39214029908180237, 0.3899463713169098, 0.38813817501068115, 0.3865421414375305, 0.385376513004303, 0.3840755224227905, 0.38292139768600464, 0.3820330798625946, 0.3811568021774292, 0.3804529309272766, 0.37955138087272644, 0.37896496057510376, 0.3782176077365875, 0.3775913119316101, 0.3771247863769531, 0.3765140175819397, 0.3759528696537018, 0.3753475248813629, 0.3747516870498657, 0.3742680847644806, 0.37371280789375305, 0.3732128143310547, 0.37266936898231506, 0.37215206027030945, 0.3716842532157898, 0.37133780121803284, 0.3709663450717926, 0.3705225884914398, 0.36996960639953613, 0.36953336000442505, 0.3691212832927704, 0.36874788999557495, 0.36842310428619385, 0.3679726719856262, 0.36761170625686646, 0.36715853214263916, 0.36682233214378357, 0.36651116609573364, 0.3661726713180542, 0.36576035618782043, 0.3658103048801422, 0.36541083455085754, 0.3649786114692688, 0.36457541584968567, 0.36410248279571533, 0.3636820614337921, 0.36327171325683594, 0.3629528284072876, 0.3626441955566406, 0.362250417470932, 0.36199185252189636, 0.3615991473197937, 0.36127769947052, 0.36107414960861206, 0.36071085929870605, 0.3603774607181549, 0.3600492477416992, 0.35973986983299255, 0.3595421314239502, 0.3592359125614166, 0.3589943051338196, 0.3586787283420563, 0.3583427369594574, 0.35795754194259644, 0.3577677607536316, 0.3574521243572235, 0.35722678899765015, 0.35693615674972534, 0.35661080479621887, 0.35628390312194824, 0.3560693860054016, 0.35563403367996216, 0.35540616512298584, 0.3550131618976593, 0.3546713888645172, 0.3544774353504181, 0.35418030619621277, 0.3537744879722595, 0.3534751832485199, 0.3531476557254791, 0.35287848114967346, 0.3526354134082794, 0.3523498773574829, 0.35208284854888916, 0.3518243730068207, 0.3515004813671112, 0.3511355519294739, 0.35090771317481995, 0.35058748722076416, 0.350259006023407, 0.3499149680137634, 0.34973379969596863, 0.34947794675827026, 0.34924402832984924, 0.3490195572376251, 0.34877923130989075, 0.34846779704093933, 0.34815117716789246, 0.347831130027771, 0.34746596217155457, 0.34713608026504517, 0.3467464745044708, 0.3463745415210724, 0.34605658054351807, 0.3457532227039337, 0.34539681673049927, 0.34507933259010315, 0.3447614908218384, 0.3443939685821533, 0.34411004185676575, 0.3437650799751282, 0.3435235917568207, 0.34321168065071106, 0.34287920594215393, 0.3426894247531891, 0.3423025608062744, 0.34187552332878113, 0.34157466888427734, 0.3412369191646576, 0.34084534645080566, 0.3405660390853882, 0.34020355343818665, 0.33985796570777893, 0.33950138092041016, 0.3391450047492981, 0.3389413356781006, 0.3387484848499298, 0.338478684425354, 0.33802303671836853, 0.3377140462398529, 0.3373679220676422, 0.3371204435825348, 0.3366706967353821, 0.3364131450653076, 0.33613860607147217, 0.3357672393321991, 0.33543768525123596, 0.335096538066864, 0.3348231613636017, 0.3345218896865845, 0.33428406715393066, 0.333901971578598, 0.3334685266017914, 0.33308613300323486, 0.3326961398124695, 0.33225709199905396, 0.3318842947483063, 0.33152228593826294, 0.33114922046661377, 0.33082115650177, 0.33036693930625916, 0.3300417959690094, 0.3297038972377777, 0.32922008633613586, 0.3288448452949524, 0.3285122215747833, 0.328192800283432, 0.3278002440929413, 0.32734835147857666, 0.3269440531730652, 0.3266521096229553, 0.32624557614326477, 0.3258779048919678, 0.3255835473537445, 0.3251835107803345, 0.3247929513454437, 0.32442694902420044, 0.32408973574638367, 0.3237254321575165, 0.32327526807785034, 0.3228987455368042, 0.3226472735404968, 0.32231390476226807, 0.3219882845878601, 0.3216823935508728, 0.32140055298805237, 0.32092761993408203, 0.32062971591949463, 0.32019373774528503, 0.31978145241737366, 0.3195386528968811, 0.3190408945083618, 0.3185381293296814, 0.3181653618812561, 0.31780949234962463, 0.31750214099884033, 0.3170910179615021, 0.3166828453540802, 0.31630250811576843, 0.3157888650894165, 0.3154800236225128, 0.3150915205478668, 0.3147626519203186, 0.3143348693847656, 0.3139443099498749, 0.313523530960083, 0.313093364238739, 0.3126637637615204, 0.31223228573799133, 0.3119005262851715, 0.31146183609962463, 0.31088048219680786, 0.3104565143585205, 0.309988409280777, 0.3097872734069824, 0.30935561656951904, 0.3090512156486511, 0.30866339802742004, 0.3083471655845642, 0.30787336826324463, 0.3074226379394531, 0.30701717734336853, 0.3065391182899475, 0.30616191029548645, 0.30583637952804565, 0.30547893047332764, 0.3049938380718231, 0.30463653802871704, 0.30420881509780884, 0.30379194021224976, 0.3033011853694916, 0.30297425389289856, 0.3026835322380066, 0.3021927773952484, 0.3018450438976288, 0.3014912009239197, 0.300982266664505, 0.3007129728794098, 0.3002011775970459, 0.29987189173698425, 0.29947975277900696, 0.29911649227142334, 0.29870355129241943, 0.29820141196250916, 0.297698438167572, 0.297399640083313, 0.2970646619796753, 0.2968141734600067, 0.29630324244499207, 0.2960144579410553, 0.2957947254180908, 0.29531803727149963]",26.0,"[33.0, 33.0, 33.0, 33.0, 33.0, 33.0, 33.0, 33.0, 33.0, 33.0, 33.0, 33.0, 33.0, 33.0, 33.0, 33.0, 33.0, 33.0, 32.0, 31.0, 31.0, 29.0, 29.0, 29.0, 29.0, 28.0, 28.0, 28.0, 28.0, 28.0, 28.0, 28.0, 28.0, 28.0, 28.0, 28.0, 28.0, 28.0, 28.0, 28.0, 28.0, 28.0, 28.0, 28.0, 28.0, 28.0, 28.0, 28.0, 28.0, 28.0, 28.0, 28.0, 28.0, 27.0, 27.0, 27.0, 27.0, 27.0, 27.0, 27.0, 27.0, 27.0, 27.0, 27.0, 27.0, 27.0, 27.0, 27.0, 27.0, 27.0, 27.0, 27.0, 27.0, 27.0, 27.0, 27.0, 27.0, 27.0, 27.0, 27.0, 27.0, 27.0, 27.0, 27.0, 27.0, 27.0, 27.0, 27.0, 27.0, 27.0, 27.0, 27.0, 27.0, 27.0, 27.0, 27.0, 27.0, 27.0, 27.0, 27.0, 27.0, 27.0, 27.0, 27.0, 27.0, 27.0, 27.0, 27.0, 27.0, 27.0, 27.0, 27.0, 27.0, 27.0, 27.0, 27.0, 27.0, 27.0, 27.0, 27.0, 27.0, 27.0, 27.0, 27.0, 27.0, 27.0, 27.0, 27.0, 27.0, 27.0, 27.0, 27.0, 27.0, 27.0, 27.0, 27.0, 27.0, 27.0, 27.0, 27.0, 27.0, 27.0, 27.0, 27.0, 27.0, 27.0, 27.0, 27.0, 27.0, 27.0, 27.0, 27.0, 27.0, 27.0, 27.0, 27.0, 27.0, 27.0, 27.0, 27.0, 27.0, 27.0, 27.0, 27.0, 27.0, 27.0, 27.0, 27.0, 27.0, 27.0, 27.0, 27.0, 27.0, 27.0, 27.0, 27.0, 27.0, 27.0, 27.0, 27.0, 27.0, 27.0, 27.0, 27.0, 27.0, 27.0, 27.0, 27.0, 27.0, 27.0, 27.0, 27.0, 27.0, 27.0, 27.0, 27.0, 27.0, 27.0, 27.0, 27.0, 27.0, 27.0, 27.0, 27.0, 27.0, 27.0, 27.0, 27.0, 27.0, 27.0, 27.0, 27.0, 27.0, 27.0, 27.0, 27.0, 27.0, 26.0, 26.0, 26.0, 26.0, 26.0, 26.0, 26.0, 26.0, 26.0, 26.0, 26.0, 26.0, 26.0, 26.0, 26.0, 26.0, 26.0, 26.0, 26.0, 26.0, 26.0, 26.0, 26.0, 26.0, 26.0, 26.0, 26.0, 26.0, 26.0, 26.0, 26.0, 26.0, 26.0, 26.0, 26.0, 26.0, 26.0, 26.0]",COMPLETE
