,number,value,datetime_start,datetime_complete,duration,params_batch_size_scaler,params_constant_learning_rate,params_depth,params_epochs,params_kernel_l2,params_num_trees,params_temperature,user_attrs_accuracy_test,user_attrs_accuracy_valid,user_attrs_approximate_feature_sparsity,user_attrs_approximate_feature_sparsity_history,user_attrs_approximate_weight_sparsity,user_attrs_approximate_weight_sparsity_history,user_attrs_auc_test,user_attrs_auc_valid,user_attrs_feature_sparsity,user_attrs_feature_sparsity_history,user_attrs_num_epochs,user_attrs_val_loss_history,user_attrs_weight_sparsity,user_attrs_weight_sparsity_history,state
118,118,0.6824206824593269,2024-08-31 05:06:47.196095,2024-08-31 05:07:23.850931,0 days 00:00:36.654836,16,0.021181662188241617,3,270,0.8517650309621504,9,0.0010835177170610505,0.861,0.8625,5,"[33, 33, 33, 33, 33, 33, 33, 33, 33, 33, 33, 33, 33, 33, 33, 33, 33, 33, 33, 33, 33, 33, 33, 33, 33, 33, 33, 33, 33, 33, 33, 33, 33, 33, 33, 33, 33, 33, 33, 33, 33, 33, 33, 33, 33, 33, 33, 33, 33, 33, 33, 33, 33, 33, 33, 33, 33, 33, 33, 33, 33, 33, 33, 33, 33, 33, 33, 33, 33, 33, 33, 33, 33, 33, 33, 33, 33, 33, 33, 33, 33, 33, 33, 33, 33, 33, 33, 33, 33, 33, 33, 33, 33, 33, 33, 33, 33, 33, 33, 33, 33, 33, 33, 33, 33, 33, 33, 33, 33, 33, 33, 33, 33, 33, 33, 33, 33, 33, 33, 33, 33, 33, 33, 33, 33, 33, 33, 33, 33, 33, 33, 33, 33, 33, 33, 33, 33, 33, 33, 33, 33, 33, 33, 33, 33, 33, 33, 33, 33, 33, 33, 33, 33, 32, 32, 31, 31, 29, 28, 26, 25, 25, 24, 23, 22, 21, 21, 19, 18, 18, 16, 16, 12, 12, 12, 12, 12, 11, 11, 11, 10, 10, 10, 9, 9, 9, 8, 7, 7, 7, 7, 7, 7, 6, 6, 6, 6, 6, 5, 5, 5, 5, 5, 5, 5, 5, 5, 5, 5, 5, 5, 5, 5, 5, 5, 5, 5, 5, 5, 5, 5, 5, 5, 5, 5, 5, 5, 5, 5, 5, 5, 5, 5, 5, 5, 5, 5, 5, 5, 5, 5, 5, 5, 5, 5, 5, 5, 5, 5, 5, 5, 5, 5, 5, 5, 5, 5, 5, 5, 5, 5, 5, 5, 5, 5, 5, 5, 5, 5, 5]",5.0,"[32.96825396825397, 32.95238095238095, 32.98412698412699, 32.98412698412699, 32.98412698412699, 32.96825396825397, 32.98412698412699, 32.96825396825397, 32.98412698412699, 32.95238095238095, 32.96825396825397, 32.98412698412699, 32.96825396825397, 32.95238095238095, 32.96825396825397, 32.96825396825397, 32.98412698412699, 32.95238095238095, 32.96825396825397, 32.96825396825397, 32.95238095238095, 32.98412698412699, 32.95238095238095, 32.95238095238095, 32.93650793650794, 32.95238095238095, 32.95238095238095, 32.96825396825397, 32.96825396825397, 32.95238095238095, 32.95238095238095, 32.95238095238095, 32.98412698412699, 32.98412698412699, 32.96825396825397, 32.98412698412699, 32.98412698412699, 32.96825396825397, 32.96825396825397, 32.96825396825397, 32.98412698412699, 32.98412698412699, 32.96825396825397, 32.96825396825397, 32.96825396825397, 32.96825396825397, 32.96825396825397, 32.98412698412699, 32.98412698412699, 32.96825396825397, 32.98412698412699, 32.98412698412699, 32.98412698412699, 32.98412698412699, 32.98412698412699, 32.96825396825397, 32.96825396825397, 32.95238095238095, 32.98412698412699, 32.96825396825397, 32.98412698412699, 32.98412698412699, 32.98412698412699, 32.98412698412699, 32.98412698412699, 32.98412698412699, 32.98412698412699, 32.98412698412699, 32.96825396825397, 32.95238095238095, 32.98412698412699, 32.98412698412699, 32.93650793650794, 32.96825396825397, 32.96825396825397, 32.95238095238095, 32.96825396825397, 32.95238095238095, 32.95238095238095, 32.95238095238095, 32.95238095238095, 32.95238095238095, 32.95238095238095, 32.96825396825397, 32.98412698412699, 32.96825396825397, 32.96825396825397, 32.920634920634924, 32.96825396825397, 32.96825396825397, 32.96825396825397, 32.96825396825397, 32.93650793650794, 32.95238095238095, 32.96825396825397, 32.920634920634924, 32.95238095238095, 32.95238095238095, 32.920634920634924, 32.95238095238095, 32.93650793650794, 32.93650793650794, 32.920634920634924, 32.904761904761905, 32.920634920634924, 32.93650793650794, 32.95238095238095, 32.95238095238095, 32.96825396825397, 32.95238095238095, 32.93650793650794, 32.96825396825397, 32.96825396825397, 32.98412698412699, 32.96825396825397, 32.96825396825397, 32.95238095238095, 32.96825396825397, 32.93650793650794, 32.95238095238095, 32.95238095238095, 32.95238095238095, 32.920634920634924, 32.96825396825397, 32.904761904761905, 32.920634920634924, 32.95238095238095, 32.96825396825397, 32.95238095238095, 32.96825396825397, 32.93650793650794, 32.920634920634924, 32.920634920634924, 32.93650793650794, 32.920634920634924, 32.920634920634924, 32.96825396825397, 32.95238095238095, 32.96825396825397, 32.95238095238095, 32.95238095238095, 32.95238095238095, 32.93650793650794, 32.95238095238095, 32.93650793650794, 32.920634920634924, 32.93650793650794, 32.888888888888886, 32.93650793650794, 32.87301587301587, 32.93650793650794, 32.95238095238095, 32.95238095238095, 31.952380952380953, 31.936507936507937, 30.936507936507937, 30.904761904761905, 28.873015873015873, 27.92063492063492, 25.936507936507937, 24.952380952380953, 24.952380952380953, 23.936507936507937, 22.984126984126984, 21.984126984126984, 20.984126984126984, 20.96825396825397, 19.0, 17.984126984126984, 17.984126984126984, 15.984126984126984, 15.984126984126984, 11.968253968253968, 12.0, 11.984126984126984, 11.952380952380953, 11.984126984126984, 11.0, 11.0, 11.0, 10.0, 9.984126984126984, 9.984126984126984, 9.0, 9.0, 8.984126984126984, 7.9523809523809526, 6.968253968253968, 6.968253968253968, 6.984126984126984, 6.984126984126984, 6.9523809523809526, 6.984126984126984, 5.984126984126984, 5.984126984126984, 5.968253968253968, 5.968253968253968, 5.9523809523809526, 4.9523809523809526, 4.968253968253968, 4.984126984126984, 4.984126984126984, 4.968253968253968, 4.984126984126984, 4.968253968253968, 4.968253968253968, 4.984126984126984, 4.984126984126984, 4.968253968253968, 4.968253968253968, 4.984126984126984, 4.984126984126984, 4.984126984126984, 4.968253968253968, 4.984126984126984, 4.984126984126984, 4.984126984126984, 4.984126984126984, 4.984126984126984, 4.984126984126984, 4.984126984126984, 4.984126984126984, 4.984126984126984, 4.984126984126984, 4.984126984126984, 4.984126984126984, 4.984126984126984, 4.984126984126984, 4.984126984126984, 4.984126984126984, 4.968253968253968, 4.968253968253968, 4.9523809523809526, 4.984126984126984, 4.984126984126984, 4.968253968253968, 4.984126984126984, 4.984126984126984, 4.984126984126984, 4.984126984126984, 4.968253968253968, 4.968253968253968, 4.984126984126984, 4.984126984126984, 4.984126984126984, 4.984126984126984, 4.984126984126984, 4.984126984126984, 4.968253968253968, 4.984126984126984, 4.968253968253968, 4.984126984126984, 4.968253968253968, 4.9523809523809526, 4.984126984126984, 4.984126984126984, 4.984126984126984, 4.984126984126984, 4.968253968253968, 4.968253968253968, 5.0, 5.0, 5.0, 5.0, 4.968253968253968, 5.0, 5.0, 5.0, 5.0, 5.0]",0.7402595794218908,0.6824206824593269,5,"[33, 33, 33, 33, 33, 33, 33, 33, 33, 33, 33, 33, 33, 33, 33, 33, 33, 33, 33, 33, 33, 33, 33, 33, 33, 33, 33, 33, 33, 33, 33, 33, 33, 33, 33, 33, 33, 33, 33, 33, 33, 33, 33, 33, 33, 33, 33, 33, 33, 33, 33, 33, 33, 33, 33, 33, 33, 33, 33, 33, 33, 33, 33, 33, 33, 33, 33, 33, 33, 33, 33, 33, 33, 33, 33, 33, 33, 33, 33, 33, 33, 33, 33, 33, 33, 33, 33, 33, 33, 33, 33, 33, 33, 33, 33, 33, 33, 33, 33, 33, 33, 33, 33, 33, 33, 33, 33, 33, 33, 33, 33, 33, 33, 33, 33, 33, 33, 33, 33, 33, 33, 33, 33, 33, 33, 33, 33, 33, 33, 33, 33, 33, 33, 33, 33, 33, 33, 33, 33, 33, 33, 33, 33, 33, 33, 33, 33, 33, 33, 33, 33, 33, 33, 32, 32, 31, 31, 29, 28, 26, 25, 25, 24, 23, 22, 21, 21, 19, 18, 18, 16, 16, 12, 12, 12, 12, 12, 11, 11, 11, 10, 10, 10, 9, 9, 9, 8, 7, 7, 7, 7, 7, 7, 6, 6, 6, 6, 6, 5, 5, 5, 5, 5, 5, 5, 5, 5, 5, 5, 5, 5, 5, 5, 5, 5, 5, 5, 5, 5, 5, 5, 5, 5, 5, 5, 5, 5, 5, 5, 5, 5, 5, 5, 5, 5, 5, 5, 5, 5, 5, 5, 5, 5, 5, 5, 5, 5, 5, 5, 5, 5, 5, 5, 5, 5, 5, 5, 5, 5, 5, 5, 5, 5, 5, 5, 5, 5, 5, 5, 5]",270,"[1.187951922416687, 1.1131211519241333, 1.0614018440246582, 1.02382493019104, 0.9953592419624329, 0.9728138446807861, 0.9542248249053955, 0.9386999607086182, 0.9249688982963562, 0.9126584529876709, 0.9013475775718689, 0.8908843398094177, 0.8810994625091553, 0.8718249797821045, 0.8628970384597778, 0.8544049859046936, 0.8462083339691162, 0.8382635712623596, 0.8304919600486755, 0.8229402303695679, 0.8155660033226013, 0.8083871603012085, 0.8013492822647095, 0.7945166230201721, 0.787792980670929, 0.7812175750732422, 0.7747546434402466, 0.7684433460235596, 0.762215793132782, 0.7561152577400208, 0.7501479387283325, 0.7442585825920105, 0.7385146617889404, 0.7328442335128784, 0.7273010015487671, 0.7218426465988159, 0.716493546962738, 0.711240291595459, 0.7060737013816833, 0.7009669542312622, 0.6959492564201355, 0.6909869313240051, 0.6861372590065002, 0.6813654899597168, 0.6766819953918457, 0.6720736622810364, 0.6675365567207336, 0.6630651950836182, 0.6586866974830627, 0.6543887257575989, 0.6501518487930298, 0.6459712982177734, 0.6418721079826355, 0.6378390789031982, 0.6338647603988647, 0.6299627423286438, 0.6261056661605835, 0.6223286986351013, 0.6186126470565796, 0.6149255037307739, 0.6113305687904358, 0.6077737212181091, 0.6042976975440979, 0.6008602380752563, 0.5974717140197754, 0.5941241979598999, 0.5908580422401428, 0.587623119354248, 0.5844284296035767, 0.5812920928001404, 0.5782122611999512, 0.5751689672470093, 0.5721719264984131, 0.5692099928855896, 0.5663084983825684, 0.5634446144104004, 0.5606174468994141, 0.5578309893608093, 0.555096447467804, 0.5524111390113831, 0.549745500087738, 0.5471283793449402, 0.5445422530174255, 0.5420063138008118, 0.5395046472549438, 0.5370280742645264, 0.5346114635467529, 0.5322350859642029, 0.5298846364021301, 0.5275734066963196, 0.5252811908721924, 0.5230304598808289, 0.5208069682121277, 0.5186530947685242, 0.5164982676506042, 0.514410138130188, 0.5123496055603027, 0.5103095769882202, 0.5082801580429077, 0.5063129663467407, 0.5043507218360901, 0.5024135708808899, 0.5005140900611877, 0.49863144755363464, 0.49678856134414673, 0.49496978521347046, 0.4931718111038208, 0.4914133846759796, 0.4896587133407593, 0.4879347085952759, 0.48624950647354126, 0.484574556350708, 0.48293936252593994, 0.48130008578300476, 0.47967642545700073, 0.4780961275100708, 0.4765576124191284, 0.4750523865222931, 0.473542720079422, 0.47207969427108765, 0.47062262892723083, 0.46918243169784546, 0.4677756130695343, 0.4664168655872345, 0.4650503098964691, 0.46368443965911865, 0.4623742401599884, 0.461054265499115, 0.4597629904747009, 0.4584704339504242, 0.45721665024757385, 0.45599365234375, 0.45476260781288147, 0.45355024933815, 0.4523707330226898, 0.45121899247169495, 0.45006299018859863, 0.4489170014858246, 0.44783562421798706, 0.44672390818595886, 0.4456270635128021, 0.4445243775844574, 0.4434703588485718, 0.4424358308315277, 0.4414357841014862, 0.4404405653476715, 0.4394349157810211, 0.4384269416332245, 0.4374791383743286, 0.43652966618537903, 0.4355863332748413, 0.4346718192100525, 0.43374812602996826, 0.4313114285469055, 0.43046826124191284, 0.42830467224121094, 0.42748162150382996, 0.4237500727176666, 0.4214507043361664, 0.41799819469451904, 0.4162418842315674, 0.415580153465271, 0.41360437870025635, 0.4114433526992798, 0.4097803235054016, 0.4075391888618469, 0.40703460574150085, 0.4022982716560364, 0.4004709720611572, 0.4000706076622009, 0.3986462652683258, 0.39830872416496277, 0.3907735347747803, 0.3905467689037323, 0.3903234004974365, 0.39011523127555847, 0.38991332054138184, 0.3886217176914215, 0.3883928060531616, 0.388204425573349, 0.3905789852142334, 0.39035117626190186, 0.3901055157184601, 0.38782718777656555, 0.38761770725250244, 0.3874080777168274, 0.38784486055374146, 0.39093440771102905, 0.3908248841762543, 0.3907318413257599, 0.3906390070915222, 0.39054420590400696, 0.3904413878917694, 0.3883385956287384, 0.38824382424354553, 0.3881544768810272, 0.3880643844604492, 0.3879697918891907, 0.38876333832740784, 0.38866814970970154, 0.3885614275932312, 0.38848957419395447, 0.38841038942337036, 0.3883058428764343, 0.3882216215133667, 0.388129323720932, 0.3880501687526703, 0.38798150420188904, 0.38791409134864807, 0.3878427743911743, 0.3877815306186676, 0.3877224028110504, 0.387653648853302, 0.3875867426395416, 0.3875327706336975, 0.387467622756958, 0.3874152898788452, 0.3873661160469055, 0.3872898519039154, 0.38723519444465637, 0.38717594742774963, 0.3871254622936249, 0.3870657682418823, 0.387014240026474, 0.38695088028907776, 0.3868940472602844, 0.3868492543697357, 0.3867948055267334, 0.3867456316947937, 0.38669827580451965, 0.3866520822048187, 0.386600136756897, 0.3865448832511902, 0.38650408387184143, 0.38645923137664795, 0.3864162862300873, 0.3863706588745117, 0.3863210380077362, 0.3862800598144531, 0.3862411379814148, 0.38618943095207214, 0.38615554571151733, 0.3861130177974701, 0.38606348633766174, 0.38602736592292786, 0.3859865665435791, 0.38594746589660645, 0.38592270016670227, 0.3858758211135864, 0.3858396112918854, 0.38581225275993347, 0.3857652544975281, 0.3857255280017853, 0.38568881154060364, 0.385643869638443, 0.3856170177459717, 0.38557541370391846, 0.38552817702293396, 0.38549625873565674, 0.3854609429836273, 0.38542261719703674, 0.38540175557136536, 0.3853696882724762, 0.3853395879268646, 0.385310560464859, 0.38527995347976685, 0.38525712490081787, 0.385226845741272, 0.38519325852394104, 0.38517239689826965]",5.0,"[33.0, 33.0, 33.0, 33.0, 33.0, 33.0, 33.0, 33.0, 33.0, 33.0, 33.0, 33.0, 33.0, 33.0, 33.0, 33.0, 33.0, 33.0, 33.0, 33.0, 33.0, 33.0, 33.0, 33.0, 33.0, 33.0, 33.0, 33.0, 33.0, 33.0, 33.0, 33.0, 33.0, 33.0, 33.0, 33.0, 33.0, 33.0, 33.0, 33.0, 33.0, 33.0, 33.0, 33.0, 33.0, 33.0, 33.0, 33.0, 33.0, 33.0, 33.0, 33.0, 33.0, 33.0, 33.0, 33.0, 33.0, 33.0, 33.0, 33.0, 33.0, 33.0, 33.0, 33.0, 33.0, 33.0, 33.0, 33.0, 33.0, 33.0, 33.0, 33.0, 33.0, 33.0, 33.0, 33.0, 33.0, 33.0, 33.0, 33.0, 33.0, 33.0, 33.0, 33.0, 33.0, 33.0, 33.0, 33.0, 33.0, 33.0, 33.0, 33.0, 33.0, 33.0, 33.0, 33.0, 33.0, 33.0, 33.0, 33.0, 33.0, 33.0, 33.0, 33.0, 33.0, 33.0, 33.0, 33.0, 33.0, 33.0, 33.0, 33.0, 33.0, 33.0, 33.0, 33.0, 33.0, 33.0, 33.0, 33.0, 33.0, 33.0, 33.0, 33.0, 33.0, 33.0, 33.0, 33.0, 33.0, 33.0, 33.0, 33.0, 33.0, 33.0, 33.0, 33.0, 33.0, 33.0, 33.0, 33.0, 33.0, 33.0, 33.0, 33.0, 33.0, 33.0, 33.0, 33.0, 33.0, 33.0, 33.0, 33.0, 33.0, 32.0, 32.0, 31.0, 31.0, 29.0, 28.0, 26.0, 25.0, 25.0, 24.0, 23.0, 22.0, 21.0, 21.0, 19.0, 18.0, 18.0, 16.0, 16.0, 12.0, 12.0, 12.0, 12.0, 12.0, 11.0, 11.0, 11.0, 10.0, 10.0, 10.0, 9.0, 9.0, 9.0, 8.0, 7.0, 7.0, 7.0, 7.0, 7.0, 7.0, 6.0, 6.0, 6.0, 6.0, 6.0, 5.0, 5.0, 5.0, 5.0, 5.0, 5.0, 5.0, 5.0, 5.0, 5.0, 5.0, 5.0, 5.0, 5.0, 5.0, 5.0, 5.0, 5.0, 5.0, 5.0, 5.0, 5.0, 5.0, 5.0, 5.0, 5.0, 5.0, 5.0, 5.0, 5.0, 5.0, 5.0, 5.0, 5.0, 5.0, 5.0, 5.0, 5.0, 5.0, 5.0, 5.0, 5.0, 5.0, 5.0, 5.0, 5.0, 5.0, 5.0, 5.0, 5.0, 5.0, 5.0, 5.0, 5.0, 5.0, 5.0, 5.0, 5.0, 5.0, 5.0, 5.0, 5.0, 5.0, 5.0, 5.0, 5.0, 5.0, 5.0, 5.0, 5.0, 5.0, 5.0]",COMPLETE
