,number,value,datetime_start,datetime_complete,duration,params_batch_size_scaler,params_constant_learning_rate,params_depth,params_epochs,params_kernel_l2,params_num_trees,params_temperature,user_attrs_accuracy_test,user_attrs_accuracy_valid,user_attrs_approximate_feature_sparsity,user_attrs_approximate_feature_sparsity_history,user_attrs_approximate_weight_sparsity,user_attrs_approximate_weight_sparsity_history,user_attrs_auc_test,user_attrs_auc_valid,user_attrs_feature_sparsity,user_attrs_feature_sparsity_history,user_attrs_num_epochs,user_attrs_val_loss_history,user_attrs_weight_sparsity,user_attrs_weight_sparsity_history,state
81,81,0.5,2024-08-31 04:02:24.834608,2024-08-31 04:03:15.017943,0 days 00:00:50.183335,64,0.202880467979954,2,475,0.4739655029696988,6,0.0015659587135647929,0.859,0.85875,0,"[33, 33, 33, 33, 33, 33, 33, 33, 33, 33, 33, 33, 33, 33, 33, 32, 32, 29, 24, 14, 9, 4, 2, 1, 1, 0, 0, 0, 0, 0, 0, 0, 0, 0, 0, 0, 0, 0, 0, 0, 0, 0, 0, 0, 0, 0, 0, 0, 0, 0, 0, 0, 0, 0, 0, 0, 0, 0, 0, 0, 0, 0, 0, 0, 0, 0, 0, 0, 0, 0, 0, 0, 0, 0, 0, 0, 0, 0, 0, 0, 0, 0, 0, 0, 0, 0, 0, 0, 0, 0, 0, 0, 0, 0, 0, 0, 0, 0, 0, 0, 0, 0, 0, 0, 0, 0, 0, 0, 0, 0, 0, 0, 0, 0, 0, 0, 0, 0, 0, 0, 0, 0, 0, 0, 0, 0, 0, 0, 0, 0, 0, 0, 0, 0, 0, 0, 0, 0, 0, 0, 0, 0, 0, 0, 0, 0, 0, 0, 0, 0, 0, 0, 0, 0, 0, 0, 0, 0, 0, 0, 0, 0, 0, 0, 0, 0, 0, 0, 0, 0, 0, 0, 0, 0, 0, 0, 0, 0, 0, 0, 0, 0, 0, 0, 0, 0, 0, 0, 0, 0, 0, 0, 0, 0, 0, 0, 0, 0, 0, 0, 0, 0, 0, 0, 0, 0, 0, 0, 0, 0, 0, 0, 0, 0, 0, 0, 0, 0, 0, 0, 0, 0, 0, 0, 0, 0, 0, 0, 0, 0, 0, 0, 0, 0, 0, 0, 0, 0, 0, 0, 0, 0, 0, 0, 0, 0, 0, 0, 0, 0, 0, 0, 0, 0, 0, 0, 0, 0, 0, 0, 0, 0, 0, 0, 0, 0, 0, 0, 0, 0, 0, 0, 0, 0, 0, 0, 0, 0, 0, 0, 0, 0, 0, 0, 0, 0, 0, 0, 0, 0, 0, 0, 0, 0, 0, 0, 0, 0, 0, 0, 0, 0, 0, 0, 0, 0, 0, 0, 0, 0, 0, 0, 0, 0, 0, 0, 0, 0, 0, 0, 0, 0, 0, 0, 0, 0, 0, 0, 0, 0, 0, 0, 0, 0, 0, 0, 0, 0, 0, 0, 0, 0, 0, 0, 0, 0, 0, 0, 0, 0, 0, 0, 0, 0, 0, 0, 0, 0, 0, 0, 0, 0, 0, 0, 0, 0, 0, 0, 0, 0, 0, 0, 0, 0, 0, 0, 0, 0, 0, 0, 0, 0, 0, 0, 0, 0, 0, 0, 0, 0, 0, 0, 0, 0, 0, 0, 0, 0, 0, 0, 0, 0, 0, 0, 0, 0, 0, 0, 0, 0, 0, 0, 0, 0, 0, 0, 0, 0, 0, 0, 0, 0, 0, 0, 0, 0, 0, 0, 0, 0, 0, 0, 0, 0, 0, 0, 0, 0, 0, 0, 0, 0, 0, 0, 0, 0, 0, 0, 0, 0, 0, 0, 0, 0, 0, 0, 0, 0, 0, 0, 0, 0, 0, 0, 0, 0, 0, 0, 0, 0, 0, 0, 0, 0, 0]",0.0,"[33.0, 33.0, 33.0, 33.0, 33.0, 33.0, 33.0, 32.94444444444444, 32.94444444444444, 32.888888888888886, 33.0, 33.0, 33.0, 33.0, 32.94444444444444, 32.0, 32.0, 29.0, 24.0, 14.0, 9.0, 4.0, 2.0, 1.0, 1.0, 0.0, 0.0, 0.0, 0.0, 0.0, 0.0, 0.0, 0.0, 0.0, 0.0, 0.0, 0.0, 0.0, 0.0, 0.0, 0.0, 0.0, 0.0, 0.0, 0.0, 0.0, 0.0, 0.0, 0.0, 0.0, 0.0, 0.0, 0.0, 0.0, 0.0, 0.0, 0.0, 0.0, 0.0, 0.0, 0.0, 0.0, 0.0, 0.0, 0.0, 0.0, 0.0, 0.0, 0.0, 0.0, 0.0, 0.0, 0.0, 0.0, 0.0, 0.0, 0.0, 0.0, 0.0, 0.0, 0.0, 0.0, 0.0, 0.0, 0.0, 0.0, 0.0, 0.0, 0.0, 0.0, 0.0, 0.0, 0.0, 0.0, 0.0, 0.0, 0.0, 0.0, 0.0, 0.0, 0.0, 0.0, 0.0, 0.0, 0.0, 0.0, 0.0, 0.0, 0.0, 0.0, 0.0, 0.0, 0.0, 0.0, 0.0, 0.0, 0.0, 0.0, 0.0, 0.0, 0.0, 0.0, 0.0, 0.0, 0.0, 0.0, 0.0, 0.0, 0.0, 0.0, 0.0, 0.0, 0.0, 0.0, 0.0, 0.0, 0.0, 0.0, 0.0, 0.0, 0.0, 0.0, 0.0, 0.0, 0.0, 0.0, 0.0, 0.0, 0.0, 0.0, 0.0, 0.0, 0.0, 0.0, 0.0, 0.0, 0.0, 0.0, 0.0, 0.0, 0.0, 0.0, 0.0, 0.0, 0.0, 0.0, 0.0, 0.0, 0.0, 0.0, 0.0, 0.0, 0.0, 0.0, 0.0, 0.0, 0.0, 0.0, 0.0, 0.0, 0.0, 0.0, 0.0, 0.0, 0.0, 0.0, 0.0, 0.0, 0.0, 0.0, 0.0, 0.0, 0.0, 0.0, 0.0, 0.0, 0.0, 0.0, 0.0, 0.0, 0.0, 0.0, 0.0, 0.0, 0.0, 0.0, 0.0, 0.0, 0.0, 0.0, 0.0, 0.0, 0.0, 0.0, 0.0, 0.0, 0.0, 0.0, 0.0, 0.0, 0.0, 0.0, 0.0, 0.0, 0.0, 0.0, 0.0, 0.0, 0.0, 0.0, 0.0, 0.0, 0.0, 0.0, 0.0, 0.0, 0.0, 0.0, 0.0, 0.0, 0.0, 0.0, 0.0, 0.0, 0.0, 0.0, 0.0, 0.0, 0.0, 0.0, 0.0, 0.0, 0.0, 0.0, 0.0, 0.0, 0.0, 0.0, 0.0, 0.0, 0.0, 0.0, 0.0, 0.0, 0.0, 0.0, 0.0, 0.0, 0.0, 0.0, 0.0, 0.0, 0.0, 0.0, 0.0, 0.0, 0.0, 0.0, 0.0, 0.0, 0.0, 0.0, 0.0, 0.0, 0.0, 0.0, 0.0, 0.0, 0.0, 0.0, 0.0, 0.0, 0.0, 0.0, 0.0, 0.0, 0.0, 0.0, 0.0, 0.0, 0.0, 0.0, 0.0, 0.0, 0.0, 0.0, 0.0, 0.0, 0.0, 0.0, 0.0, 0.0, 0.0, 0.0, 0.0, 0.0, 0.0, 0.0, 0.0, 0.0, 0.0, 0.0, 0.0, 0.0, 0.0, 0.0, 0.0, 0.0, 0.0, 0.0, 0.0, 0.0, 0.0, 0.0, 0.0, 0.0, 0.0, 0.0, 0.0, 0.0, 0.0, 0.0, 0.0, 0.0, 0.0, 0.0, 0.0, 0.0, 0.0, 0.0, 0.0, 0.0, 0.0, 0.0, 0.0, 0.0, 0.0, 0.0, 0.0, 0.0, 0.0, 0.0, 0.0, 0.0, 0.0, 0.0, 0.0, 0.0, 0.0, 0.0, 0.0, 0.0, 0.0, 0.0, 0.0, 0.0, 0.0, 0.0, 0.0, 0.0, 0.0, 0.0, 0.0, 0.0, 0.0, 0.0, 0.0, 0.0, 0.0, 0.0, 0.0, 0.0, 0.0, 0.0, 0.0, 0.0, 0.0, 0.0, 0.0, 0.0, 0.0, 0.0, 0.0, 0.0, 0.0, 0.0, 0.0, 0.0, 0.0, 0.0, 0.0, 0.0, 0.0, 0.0, 0.0, 0.0, 0.0, 0.0, 0.0, 0.0, 0.0, 0.0, 0.0, 0.0, 0.0, 0.0, 0.0, 0.0, 0.0, 0.0, 0.0, 0.0, 0.0, 0.0, 0.0, 0.0, 0.0, 0.0, 0.0, 0.0, 0.0, 0.0, 0.0, 0.0, 0.0, 0.0, 0.0, 0.0, 0.0, 0.0, 0.0, 0.0, 0.0, 0.0, 0.0, 0.0, 0.0, 0.0, 0.0, 0.0, 0.0, 0.0, 0.0, 0.0, 0.0, 0.0, 0.0, 0.0, 0.0, 0.0, 0.0, 0.0, 0.0, 0.0, 0.0]",0.5,0.5,0,"[33, 33, 33, 33, 33, 33, 33, 33, 33, 33, 33, 33, 33, 33, 33, 32, 32, 29, 24, 14, 9, 4, 2, 1, 1, 0, 0, 0, 0, 0, 0, 0, 0, 0, 0, 0, 0, 0, 0, 0, 0, 0, 0, 0, 0, 0, 0, 0, 0, 0, 0, 0, 0, 0, 0, 0, 0, 0, 0, 0, 0, 0, 0, 0, 0, 0, 0, 0, 0, 0, 0, 0, 0, 0, 0, 0, 0, 0, 0, 0, 0, 0, 0, 0, 0, 0, 0, 0, 0, 0, 0, 0, 0, 0, 0, 0, 0, 0, 0, 0, 0, 0, 0, 0, 0, 0, 0, 0, 0, 0, 0, 0, 0, 0, 0, 0, 0, 0, 0, 0, 0, 0, 0, 0, 0, 0, 0, 0, 0, 0, 0, 0, 0, 0, 0, 0, 0, 0, 0, 0, 0, 0, 0, 0, 0, 0, 0, 0, 0, 0, 0, 0, 0, 0, 0, 0, 0, 0, 0, 0, 0, 0, 0, 0, 0, 0, 0, 0, 0, 0, 0, 0, 0, 0, 0, 0, 0, 0, 0, 0, 0, 0, 0, 0, 0, 0, 0, 0, 0, 0, 0, 0, 0, 0, 0, 0, 0, 0, 0, 0, 0, 0, 0, 0, 0, 0, 0, 0, 0, 0, 0, 0, 0, 0, 0, 0, 0, 0, 0, 0, 0, 0, 0, 0, 0, 0, 0, 0, 0, 0, 0, 0, 0, 0, 0, 0, 0, 0, 0, 0, 0, 0, 0, 0, 0, 0, 0, 0, 0, 0, 0, 0, 0, 0, 0, 0, 0, 0, 0, 0, 0, 0, 0, 0, 0, 0, 0, 0, 0, 0, 0, 0, 0, 0, 0, 0, 0, 0, 0, 0, 0, 0, 0, 0, 0, 0, 0, 0, 0, 0, 0, 0, 0, 0, 0, 0, 0, 0, 0, 0, 0, 0, 0, 0, 0, 0, 0, 0, 0, 0, 0, 0, 0, 0, 0, 0, 0, 0, 0, 0, 0, 0, 0, 0, 0, 0, 0, 0, 0, 0, 0, 0, 0, 0, 0, 0, 0, 0, 0, 0, 0, 0, 0, 0, 0, 0, 0, 0, 0, 0, 0, 0, 0, 0, 0, 0, 0, 0, 0, 0, 0, 0, 0, 0, 0, 0, 0, 0, 0, 0, 0, 0, 0, 0, 0, 0, 0, 0, 0, 0, 0, 0, 0, 0, 0, 0, 0, 0, 0, 0, 0, 0, 0, 0, 0, 0, 0, 0, 0, 0, 0, 0, 0, 0, 0, 0, 0, 0, 0, 0, 0, 0, 0, 0, 0, 0, 0, 0, 0, 0, 0, 0, 0, 0, 0, 0, 0, 0, 0, 0, 0, 0, 0, 0, 0, 0, 0, 0, 0, 0, 0, 0, 0, 0, 0, 0, 0, 0, 0, 0, 0, 0, 0, 0, 0, 0, 0, 0, 0, 0, 0, 0, 0, 0, 0, 0, 0, 0, 0, 0, 0, 0, 0, 0, 0]",475,"[1.1314697265625, 1.0065574645996094, 0.93793123960495, 0.8843163251876831, 0.8373824954032898, 0.7966013550758362, 0.759249746799469, 0.7262738943099976, 0.6955420970916748, 0.6679810285568237, 0.6431061029434204, 0.6207524538040161, 0.6001500487327576, 0.5815320611000061, 0.564950704574585, 0.5468075275421143, 0.5328741669654846, 0.510545015335083, 0.48357537388801575, 0.4394278824329376, 0.4216497838497162, 0.4051755964756012, 0.4017907381057739, 0.4009627401828766, 0.40046197175979614, 0.4072575867176056, 0.4072393774986267, 0.40722769498825073, 0.40722644329071045, 0.4072350263595581, 0.40726035833358765, 0.4072261154651642, 0.4072262644767761, 0.4073059856891632, 0.40727952122688293, 0.4072261154651642, 0.4072261452674866, 0.40723374485969543, 0.4072779715061188, 0.4072279632091522, 0.40722882747650146, 0.4073037803173065, 0.4072617292404175, 0.40723511576652527, 0.4072269797325134, 0.4072808027267456, 0.40738600492477417, 0.4073263108730316, 0.40728646516799927, 0.40732795000076294, 0.40726950764656067, 0.4072284698486328, 0.4072265625, 0.4072268009185791, 0.40734440088272095, 0.4073249101638794, 0.40725991129875183, 0.4073355197906494, 0.4072815775871277, 0.40738949179649353, 0.40728485584259033, 0.40732884407043457, 0.40726011991500854, 0.4072420597076416, 0.4072626829147339, 0.4072599411010742, 0.40736305713653564, 0.4074598252773285, 0.40769463777542114, 0.4081287682056427, 0.4077209532260895, 0.4074341058731079, 0.40730300545692444, 0.4072379171848297, 0.40727630257606506, 0.40722671151161194, 0.40722617506980896, 0.40722599625587463, 0.40725409984588623, 0.40724998712539673, 0.40727317333221436, 0.4072306156158447, 0.4072328805923462, 0.407246857881546, 0.4072924554347992, 0.4073781669139862, 0.40723717212677, 0.4072531759738922, 0.40722930431365967, 0.4072342813014984, 0.40722838044166565, 0.4072321355342865, 0.4072282910346985, 0.4072302281856537, 0.40724945068359375, 0.4072261452674866, 0.4073522984981537, 0.40725502371788025, 0.407228022813797, 0.40727317333221436, 0.40725648403167725, 0.4072273373603821, 0.40723687410354614, 0.40727782249450684, 0.40723857283592224, 0.4072275459766388, 0.4072326719760895, 0.4072268605232239, 0.4072268009185791, 0.4072740077972412, 0.4072383940219879, 0.4072328507900238, 0.4072926640510559, 0.40723007917404175, 0.40728089213371277, 0.407227486371994, 0.40727463364601135, 0.40726616978645325, 0.4073129892349243, 0.4072549343109131, 0.4072261452674866, 0.4072418510913849, 0.4072411358356476, 0.4072265326976776, 0.4072309136390686, 0.40722617506980896, 0.4072529673576355, 0.4072457551956177, 0.4072355628013611, 0.4072791039943695, 0.40728381276130676, 0.4072527289390564, 0.4073019325733185, 0.4072278141975403, 0.4073508381843567, 0.4072265625, 0.40724608302116394, 0.4072296917438507, 0.4072893559932709, 0.4072362780570984, 0.40723350644111633, 0.4072362780570984, 0.40726104378700256, 0.40723979473114014, 0.4072514474391937, 0.40725958347320557, 0.4072777032852173, 0.40722647309303284, 0.407240092754364, 0.407227486371994, 0.407247394323349, 0.4072752296924591, 0.407226026058197, 0.40724751353263855, 0.40727755427360535, 0.4072650969028473, 0.40723568201065063, 0.40728241205215454, 0.40724050998687744, 0.4072344899177551, 0.40723544359207153, 0.40728041529655457, 0.4072270095348358, 0.4072535037994385, 0.4072360098361969, 0.40727612376213074, 0.4072604477405548, 0.4072262644767761, 0.40722739696502686, 0.4072372317314148, 0.40724095702171326, 0.40722787380218506, 0.4072783291339874, 0.4072408974170685, 0.4073319733142853, 0.40723320841789246, 0.40722888708114624, 0.407228022813797, 0.40726345777511597, 0.40722912549972534, 0.40724894404411316, 0.40727710723876953, 0.4072650671005249, 0.40723511576652527, 0.4072296917438507, 0.40728408098220825, 0.4072261154651642, 0.40724247694015503, 0.4072309732437134, 0.40726786851882935, 0.40725746750831604, 0.40732619166374207, 0.4072287082672119, 0.4072505235671997, 0.4072328507900238, 0.4072553217411041, 0.4072275459766388, 0.40722838044166565, 0.40733811259269714, 0.40723228454589844, 0.40725812315940857, 0.4073072075843811, 0.407414048910141, 0.4073672592639923, 0.4072602093219757, 0.40728870034217834, 0.4072425067424774, 0.4072304666042328, 0.4072261154651642, 0.40722617506980896, 0.4072399139404297, 0.40725985169410706, 0.40724116563796997, 0.40727123618125916, 0.40722617506980896, 0.40722885727882385, 0.407227098941803, 0.4072355031967163, 0.4072360098361969, 0.4072437286376953, 0.4072290062904358, 0.40723496675491333, 0.4072421193122864, 0.40722617506980896, 0.40724268555641174, 0.40723884105682373, 0.40723854303359985, 0.40728291869163513, 0.4073237478733063, 0.4073120951652527, 0.40725502371788025, 0.40732911229133606, 0.4072262644767761, 0.40727698802948, 0.4072309732437134, 0.4072534441947937, 0.4072670638561249, 0.4072732627391815, 0.40724968910217285, 0.4072338044643402, 0.40724360942840576, 0.4072413742542267, 0.4072343409061432, 0.4072265326976776, 0.4072701334953308, 0.4072618782520294, 0.40725791454315186, 0.4073030948638916, 0.4072789251804352, 0.40738075971603394, 0.40722715854644775, 0.40725624561309814, 0.40722769498825073, 0.4072287082672119, 0.40722647309303284, 0.40725624561309814, 0.40722760558128357, 0.4072268605232239, 0.4072265625, 0.40723007917404175, 0.40722906589508057, 0.4072318971157074, 0.40729355812072754, 0.4072263240814209, 0.40727782249450684, 0.40762823820114136, 0.407252699136734, 0.4072263836860657, 0.40723082423210144, 0.4072261154651642, 0.40724027156829834, 0.40722644329071045, 0.4072303771972656, 0.4072398245334625, 0.40723878145217896, 0.40722769498825073, 0.40722671151161194, 0.40740668773651123, 0.40743115544319153, 0.40765103697776794, 0.4073314964771271, 0.4076129198074341, 0.40732184052467346, 0.4072552025318146, 0.4072314500808716, 0.40727782249450684, 0.4072280526161194, 0.40724220871925354, 0.4072515070438385, 0.4072940945625305, 0.4073730707168579, 0.4072374999523163, 0.40724289417266846, 0.4072270691394806, 0.4072963297367096, 0.40737250447273254, 0.4072358012199402, 0.40724900364875793, 0.4072309732437134, 0.40722617506980896, 0.40729886293411255, 0.4072323739528656, 0.4072304666042328, 0.40730735659599304, 0.40722617506980896, 0.4073551893234253, 0.40728309750556946, 0.40736085176467896, 0.4072679579257965, 0.40739917755126953, 0.40735405683517456, 0.40736305713653564, 0.4072725772857666, 0.40723052620887756, 0.4072292745113373, 0.40725404024124146, 0.40726321935653687, 0.4072393774986267, 0.40728023648262024, 0.4072500467300415, 0.40725913643836975, 0.40724045038223267, 0.4072261154651642, 0.4072312116622925, 0.40723419189453125, 0.4073234796524048, 0.4072583019733429, 0.4072893261909485, 0.40728798508644104, 0.4073091745376587, 0.40723177790641785, 0.40723326802253723, 0.4072551429271698, 0.4073898196220398, 0.4073565602302551, 0.40738818049430847, 0.40740668773651123, 0.4072749614715576, 0.40722763538360596, 0.40723204612731934, 0.4072747826576233, 0.4072810411453247, 0.4073542058467865, 0.40725287795066833, 0.4072398841381073, 0.40733665227890015, 0.40744930505752563, 0.40725192427635193, 0.40723296999931335, 0.40722939372062683, 0.4072808027267456, 0.4072292745113373, 0.4073558449745178, 0.40739908814430237, 0.4074965715408325, 0.40732139348983765, 0.40727415680885315, 0.4072500467300415, 0.40723857283592224, 0.40733715891838074, 0.40723946690559387, 0.4072331190109253, 0.40723511576652527, 0.4072953462600708, 0.40725457668304443, 0.4072403013706207, 0.4072399139404297, 0.4072287678718567, 0.4072314500808716, 0.4072296917438507, 0.40724074840545654, 0.40722617506980896, 0.40728646516799927, 0.40725472569465637, 0.40737152099609375, 0.4072400629520416, 0.40727126598358154, 0.4072299599647522, 0.4072524309158325, 0.4072468876838684, 0.40723565220832825, 0.4072292447090149, 0.40722715854644775, 0.40724730491638184, 0.40732109546661377, 0.4072374999523163, 0.40723973512649536, 0.4073031544685364, 0.4072294235229492, 0.40722617506980896, 0.4072277843952179, 0.40722617506980896, 0.4072517454624176, 0.4073316156864166, 0.4072622060775757, 0.4075252413749695, 0.40736567974090576, 0.4074009656906128, 0.40727877616882324, 0.4072781801223755, 0.40748611092567444, 0.4077296555042267, 0.40732237696647644, 0.40734395384788513, 0.4073218107223511, 0.4072941839694977, 0.4072261154651642, 0.40722793340682983, 0.4072433412075043, 0.4072294533252716, 0.4074159264564514, 0.40724968910217285, 0.4072470963001251, 0.4073415696620941, 0.40732327103614807, 0.40727007389068604, 0.4072352647781372, 0.4072262942790985, 0.4072505831718445, 0.40729689598083496, 0.40724799036979675, 0.4072781801223755, 0.4072486162185669, 0.4075566828250885, 0.40741145610809326, 0.40727630257606506, 0.4072428047657013, 0.40728408098220825, 0.4072261154651642, 0.4072384536266327, 0.4072641432285309, 0.4072568416595459, 0.40723922848701477, 0.4072699248790741, 0.40727153420448303, 0.40724867582321167, 0.4072345793247223, 0.4072262644767761, 0.4073074460029602, 0.40725335478782654, 0.4072609841823578, 0.4072411358356476, 0.40730613470077515, 0.40726223587989807, 0.4072422385215759, 0.40722858905792236, 0.4072261452674866, 0.40723225474357605, 0.4073002338409424, 0.4072638750076294, 0.4072262644767761, 0.40729525685310364, 0.4073365032672882, 0.4073489010334015, 0.4073270857334137, 0.40722647309303284, 0.40726035833358765, 0.4072546660900116, 0.4072277843952179, 0.40723931789398193, 0.40723109245300293, 0.4072306454181671, 0.40734758973121643, 0.40723443031311035, 0.40722617506980896, 0.4072287082672119, 0.4072401821613312, 0.40722620487213135, 0.40728476643562317, 0.40738463401794434, 0.4073033630847931, 0.40741294622421265, 0.40725767612457275, 0.40725067257881165, 0.4072265625]",0.0,"[33.0, 33.0, 33.0, 33.0, 33.0, 33.0, 33.0, 33.0, 33.0, 33.0, 33.0, 33.0, 33.0, 33.0, 33.0, 32.0, 32.0, 29.0, 24.0, 14.0, 9.0, 4.0, 2.0, 1.0, 1.0, 0.0, 0.0, 0.0, 0.0, 0.0, 0.0, 0.0, 0.0, 0.0, 0.0, 0.0, 0.0, 0.0, 0.0, 0.0, 0.0, 0.0, 0.0, 0.0, 0.0, 0.0, 0.0, 0.0, 0.0, 0.0, 0.0, 0.0, 0.0, 0.0, 0.0, 0.0, 0.0, 0.0, 0.0, 0.0, 0.0, 0.0, 0.0, 0.0, 0.0, 0.0, 0.0, 0.0, 0.0, 0.0, 0.0, 0.0, 0.0, 0.0, 0.0, 0.0, 0.0, 0.0, 0.0, 0.0, 0.0, 0.0, 0.0, 0.0, 0.0, 0.0, 0.0, 0.0, 0.0, 0.0, 0.0, 0.0, 0.0, 0.0, 0.0, 0.0, 0.0, 0.0, 0.0, 0.0, 0.0, 0.0, 0.0, 0.0, 0.0, 0.0, 0.0, 0.0, 0.0, 0.0, 0.0, 0.0, 0.0, 0.0, 0.0, 0.0, 0.0, 0.0, 0.0, 0.0, 0.0, 0.0, 0.0, 0.0, 0.0, 0.0, 0.0, 0.0, 0.0, 0.0, 0.0, 0.0, 0.0, 0.0, 0.0, 0.0, 0.0, 0.0, 0.0, 0.0, 0.0, 0.0, 0.0, 0.0, 0.0, 0.0, 0.0, 0.0, 0.0, 0.0, 0.0, 0.0, 0.0, 0.0, 0.0, 0.0, 0.0, 0.0, 0.0, 0.0, 0.0, 0.0, 0.0, 0.0, 0.0, 0.0, 0.0, 0.0, 0.0, 0.0, 0.0, 0.0, 0.0, 0.0, 0.0, 0.0, 0.0, 0.0, 0.0, 0.0, 0.0, 0.0, 0.0, 0.0, 0.0, 0.0, 0.0, 0.0, 0.0, 0.0, 0.0, 0.0, 0.0, 0.0, 0.0, 0.0, 0.0, 0.0, 0.0, 0.0, 0.0, 0.0, 0.0, 0.0, 0.0, 0.0, 0.0, 0.0, 0.0, 0.0, 0.0, 0.0, 0.0, 0.0, 0.0, 0.0, 0.0, 0.0, 0.0, 0.0, 0.0, 0.0, 0.0, 0.0, 0.0, 0.0, 0.0, 0.0, 0.0, 0.0, 0.0, 0.0, 0.0, 0.0, 0.0, 0.0, 0.0, 0.0, 0.0, 0.0, 0.0, 0.0, 0.0, 0.0, 0.0, 0.0, 0.0, 0.0, 0.0, 0.0, 0.0, 0.0, 0.0, 0.0, 0.0, 0.0, 0.0, 0.0, 0.0, 0.0, 0.0, 0.0, 0.0, 0.0, 0.0, 0.0, 0.0, 0.0, 0.0, 0.0, 0.0, 0.0, 0.0, 0.0, 0.0, 0.0, 0.0, 0.0, 0.0, 0.0, 0.0, 0.0, 0.0, 0.0, 0.0, 0.0, 0.0, 0.0, 0.0, 0.0, 0.0, 0.0, 0.0, 0.0, 0.0, 0.0, 0.0, 0.0, 0.0, 0.0, 0.0, 0.0, 0.0, 0.0, 0.0, 0.0, 0.0, 0.0, 0.0, 0.0, 0.0, 0.0, 0.0, 0.0, 0.0, 0.0, 0.0, 0.0, 0.0, 0.0, 0.0, 0.0, 0.0, 0.0, 0.0, 0.0, 0.0, 0.0, 0.0, 0.0, 0.0, 0.0, 0.0, 0.0, 0.0, 0.0, 0.0, 0.0, 0.0, 0.0, 0.0, 0.0, 0.0, 0.0, 0.0, 0.0, 0.0, 0.0, 0.0, 0.0, 0.0, 0.0, 0.0, 0.0, 0.0, 0.0, 0.0, 0.0, 0.0, 0.0, 0.0, 0.0, 0.0, 0.0, 0.0, 0.0, 0.0, 0.0, 0.0, 0.0, 0.0, 0.0, 0.0, 0.0, 0.0, 0.0, 0.0, 0.0, 0.0, 0.0, 0.0, 0.0, 0.0, 0.0, 0.0, 0.0, 0.0, 0.0, 0.0, 0.0, 0.0, 0.0, 0.0, 0.0, 0.0, 0.0, 0.0, 0.0, 0.0, 0.0, 0.0, 0.0, 0.0, 0.0, 0.0, 0.0, 0.0, 0.0, 0.0, 0.0, 0.0, 0.0, 0.0, 0.0, 0.0, 0.0, 0.0, 0.0, 0.0, 0.0, 0.0, 0.0, 0.0, 0.0, 0.0, 0.0, 0.0, 0.0, 0.0, 0.0, 0.0, 0.0, 0.0, 0.0, 0.0, 0.0, 0.0, 0.0, 0.0, 0.0, 0.0, 0.0, 0.0, 0.0, 0.0, 0.0, 0.0, 0.0, 0.0, 0.0, 0.0, 0.0, 0.0, 0.0, 0.0, 0.0, 0.0, 0.0, 0.0, 0.0, 0.0, 0.0, 0.0, 0.0, 0.0, 0.0, 0.0, 0.0, 0.0, 0.0, 0.0, 0.0, 0.0, 0.0, 0.0]",COMPLETE
