,number,value,datetime_start,datetime_complete,duration,params_batch_size_scaler,params_constant_learning_rate,params_depth,params_epochs,params_kernel_l2,params_num_trees,params_temperature,user_attrs_accuracy_test,user_attrs_accuracy_valid,user_attrs_approximate_feature_sparsity,user_attrs_approximate_feature_sparsity_history,user_attrs_approximate_weight_sparsity,user_attrs_approximate_weight_sparsity_history,user_attrs_auc_test,user_attrs_auc_valid,user_attrs_feature_sparsity,user_attrs_feature_sparsity_history,user_attrs_num_epochs,user_attrs_val_loss_history,user_attrs_weight_sparsity,user_attrs_weight_sparsity_history,state
148,148,0.9290489623990416,2024-08-31 06:54:16.760512,2024-08-31 06:59:41.044556,0 days 00:05:24.284044,1,0.029238478225862147,2,435,0.023188113206904382,61,0.025561366511626386,0.942,0.94625,33,"[33, 33, 33, 33, 33, 33, 33, 33, 33, 33, 33, 33, 33, 33, 33, 33, 33, 33, 33, 33, 33, 33, 33, 33, 33, 33, 33, 33, 33, 33, 33, 33, 33, 33, 33, 33, 33, 33, 33, 33, 33, 33, 33, 33, 33, 33, 33, 33, 33, 33, 33, 33, 33, 33, 33, 33, 33, 33, 33, 33, 33, 33, 33, 33, 33, 33, 33, 33, 33, 33, 33, 33, 33, 33, 33, 33, 33, 33, 33, 33, 33, 33, 33, 33, 33, 33, 33, 33, 33, 33, 33, 33, 33, 33, 33, 33, 33, 33, 33, 33, 33, 33, 33, 33, 33, 33, 33, 33, 33, 33, 33, 33, 33, 33, 33, 33, 33, 33, 33, 33, 33, 33, 33, 33, 33, 33, 33, 33, 33, 33, 33, 33, 33, 33, 33, 33, 33, 33, 33, 33, 33, 33, 33, 33, 33, 33, 33, 33, 33, 33, 33, 33, 33, 33, 33, 33, 33, 33, 33, 33, 33, 33, 33, 33, 33, 33, 33, 33, 33, 33, 33, 33, 33, 33, 33, 33, 33, 33, 33, 33, 33, 33, 33, 33, 33, 33, 33, 33, 33, 33, 33, 33, 33, 33, 33, 33, 33, 33, 33, 33, 33, 33, 33, 33, 33, 33, 33, 33, 33, 33, 33, 33, 33, 33, 33, 33, 33, 33, 33, 33, 33, 33, 33, 33, 33, 33, 33, 33, 33, 33, 33, 33, 33, 33, 33, 33, 33, 33, 33, 33, 33, 33, 33, 33, 33, 33, 33, 33, 33, 33, 33, 33, 33, 33, 33, 33, 33, 33, 33, 33, 33, 33, 33, 33, 33, 33, 33, 33, 33, 33, 33, 33, 33, 33, 33, 33, 33, 33, 33, 33, 33, 33, 33, 33, 33, 33, 33, 33, 33, 33, 33, 33, 33, 33, 33, 33, 33, 33, 33, 33, 33, 33, 33, 33, 33, 33, 33, 33, 33, 33, 33, 33, 33, 33, 33, 33, 33, 33, 33, 33, 33, 33, 33, 33, 33, 33, 33, 33, 33, 33, 33, 33, 33, 33, 33, 33, 33, 33, 33, 33, 33, 33, 33, 33, 33, 33, 33, 33, 33, 33, 33, 33, 33, 33, 33, 33, 33, 33, 33, 33, 33, 33, 33, 33, 33, 33, 33, 33, 33, 33, 33, 33, 33, 33, 33, 33, 33, 33, 33, 33, 33, 33, 33, 33, 33, 33, 33, 33, 33, 33, 33, 33, 33, 33, 33, 33, 33, 33, 33, 33, 33, 33, 33, 33, 33, 33, 33, 33, 33, 33, 33, 33, 33, 33, 33, 33, 33, 33, 33, 33, 33, 33, 33, 33, 33, 33, 33, 33, 33, 33, 33, 33, 33, 33, 33]",32.978142076502735,"[32.983606557377044, 32.9672131147541, 32.98360655737705, 32.978142076502735, 32.978142076502735, 32.98360655737705, 32.98907103825137, 32.994535519125684, 32.978142076502735, 32.978142076502735, 32.994535519125684, 32.97267759562841, 32.967213114754095, 32.98907103825137, 32.97267759562841, 32.978142076502735, 32.95628415300546, 32.983606557377044, 32.98907103825137, 32.98907103825137, 32.97267759562841, 32.994535519125684, 32.967213114754095, 32.98907103825137, 32.96174863387978, 32.978142076502735, 32.983606557377044, 32.97267759562841, 32.9672131147541, 32.96174863387978, 32.97267759562841, 32.978142076502735, 32.978142076502735, 32.967213114754095, 32.978142076502735, 32.97267759562841, 32.978142076502735, 32.98907103825137, 32.98360655737705, 32.967213114754095, 32.98907103825137, 32.97267759562841, 32.98907103825137, 32.95628415300546, 32.96174863387978, 32.994535519125684, 32.98360655737705, 32.967213114754095, 32.97267759562841, 32.97267759562841, 32.978142076502735, 32.978142076502735, 32.983606557377044, 32.98907103825137, 32.994535519125684, 32.97267759562841, 32.983606557377044, 32.98907103825137, 32.994535519125684, 32.98360655737705, 32.98360655737705, 32.97267759562841, 32.978142076502735, 32.98360655737705, 32.994535519125684, 32.98907103825137, 32.98360655737705, 32.98360655737705, 32.98907103825137, 32.98907103825137, 32.994535519125684, 32.98907103825137, 32.9672131147541, 32.994535519125684, 32.978142076502735, 32.994535519125684, 32.98907103825137, 32.96174863387978, 32.95628415300546, 32.96174863387978, 32.98907103825137, 32.983606557377044, 32.98360655737705, 32.98907103825137, 32.98360655737705, 32.98907103825137, 32.978142076502735, 32.978142076502735, 32.98907103825137, 32.978142076502735, 32.978142076502735, 32.97267759562841, 32.967213114754095, 32.978142076502735, 32.983606557377044, 32.98360655737705, 32.98907103825137, 32.98907103825137, 32.994535519125684, 32.98907103825137, 32.978142076502735, 32.98907103825137, 32.98360655737705, 32.978142076502735, 32.98907103825137, 32.983606557377044, 32.98907103825137, 32.98360655737705, 32.97267759562841, 32.98360655737705, 32.98907103825137, 32.98360655737705, 32.98360655737705, 32.978142076502735, 32.96174863387978, 32.978142076502735, 32.978142076502735, 32.983606557377044, 32.967213114754095, 32.978142076502735, 32.967213114754095, 32.967213114754095, 32.95628415300546, 32.97267759562841, 32.95628415300546, 32.98907103825137, 32.97267759562841, 32.983606557377044, 32.98360655737705, 32.98360655737705, 32.978142076502735, 32.98907103825137, 32.967213114754095, 32.98360655737705, 32.98360655737705, 32.978142076502735, 32.98907103825137, 32.994535519125684, 32.994535519125684, 32.98360655737705, 32.98907103825137, 32.98360655737705, 32.994535519125684, 32.994535519125684, 32.994535519125684, 32.98360655737705, 32.983606557377044, 32.98907103825137, 32.98907103825137, 32.98360655737705, 32.97267759562841, 32.98907103825137, 32.98907103825137, 32.98360655737705, 32.967213114754095, 32.98907103825137, 32.978142076502735, 32.983606557377044, 32.983606557377044, 32.98907103825137, 32.98360655737705, 32.994535519125684, 32.978142076502735, 32.98360655737705, 32.978142076502735, 32.978142076502735, 32.994535519125684, 32.98360655737705, 32.98907103825137, 32.98360655737705, 32.967213114754095, 32.95628415300546, 32.98907103825137, 32.994535519125684, 32.978142076502735, 32.97814207650273, 32.983606557377044, 32.978142076502735, 32.978142076502735, 32.98360655737705, 32.98907103825137, 32.983606557377044, 32.98907103825137, 32.97267759562841, 32.96174863387978, 32.97267759562841, 32.98360655737705, 32.978142076502735, 32.978142076502735, 32.97267759562841, 32.98360655737705, 32.97267759562841, 32.95628415300547, 32.96174863387978, 32.95628415300546, 32.96174863387978, 32.983606557377044, 32.967213114754095, 32.978142076502735, 32.98360655737705, 32.95628415300546, 32.97267759562841, 32.97267759562841, 32.98360655737705, 32.98907103825137, 32.98907103825137, 32.994535519125684, 32.983606557377044, 32.97814207650273, 32.97267759562841, 32.98360655737705, 32.98907103825137, 32.98907103825137, 32.983606557377044, 32.978142076502735, 32.978142076502735, 32.978142076502735, 32.98907103825137, 32.9672131147541, 32.97267759562841, 32.978142076502735, 32.96174863387978, 32.978142076502735, 32.96174863387978, 32.978142076502735, 32.96174863387978, 32.97267759562841, 32.967213114754095, 32.978142076502735, 32.98360655737705, 32.98907103825137, 32.97267759562841, 32.967213114754095, 32.98360655737705, 32.978142076502735, 32.96174863387978, 32.98907103825137, 32.97267759562841, 32.97267759562841, 32.98907103825137, 32.98907103825137, 32.98907103825137, 32.978142076502735, 32.983606557377044, 32.95628415300546, 32.98360655737705, 32.978142076502735, 32.97267759562841, 32.96174863387978, 32.967213114754095, 32.96174863387978, 32.978142076502735, 32.978142076502735, 32.967213114754095, 32.967213114754095, 32.98907103825137, 32.97267759562841, 32.98360655737705, 32.994535519125684, 32.97267759562841, 32.97267759562841, 32.97267759562841, 32.978142076502735, 32.98360655737705, 32.98360655737705, 32.978142076502735, 32.978142076502735, 32.97267759562841, 32.98360655737705, 32.94535519125683, 32.98907103825137, 32.97267759562841, 32.97267759562841, 32.967213114754095, 32.94535519125683, 32.96174863387978, 32.96174863387978, 32.98360655737705, 32.9672131147541, 32.96174863387978, 32.967213114754095, 32.95628415300546, 32.967213114754095, 32.983606557377044, 32.978142076502735, 32.978142076502735, 32.98907103825137, 32.994535519125684, 32.98360655737705, 32.978142076502735, 32.967213114754095, 32.967213114754095, 32.967213114754095, 32.97267759562841, 32.96174863387978, 32.950819672131146, 32.98907103825137, 32.98907103825137, 32.98360655737705, 32.98907103825137, 32.98907103825137, 32.98907103825137, 32.97267759562841, 32.96174863387978, 32.967213114754095, 32.978142076502735, 32.978142076502735, 32.983606557377044, 32.98360655737705, 32.98907103825137, 32.978142076502735, 32.98360655737705, 32.98360655737705, 32.97267759562841, 32.97267759562841, 32.967213114754095, 32.97267759562841, 32.967213114754095, 32.978142076502735, 32.97267759562841, 32.98360655737705, 32.9672131147541, 32.97267759562841, 32.9672131147541, 32.97267759562841, 32.97267759562841, 32.97267759562841, 32.978142076502735, 32.98907103825137, 32.98360655737705, 32.98907103825137, 32.98360655737705, 32.978142076502735, 32.98360655737705, 32.98907103825137, 32.98907103825137, 32.98360655737705, 32.98360655737705, 32.994535519125684, 32.98907103825137, 32.98360655737705, 32.98907103825137, 32.994535519125684, 32.98360655737705, 32.994535519125684, 32.98907103825137, 32.978142076502735, 32.978142076502735, 32.98907103825137, 32.983606557377044, 32.95628415300546, 32.95628415300546, 32.97267759562841, 32.97267759562841, 32.97267759562841, 32.97267759562841, 32.98360655737705, 32.96174863387978, 32.96174863387978, 32.97267759562841, 32.97267759562841, 32.96174863387978, 32.98907103825137, 32.97267759562841, 32.983606557377044, 32.98907103825137, 32.98907103825137, 32.97267759562841, 32.98360655737705, 32.978142076502735, 32.978142076502735, 32.97267759562841, 32.978142076502735, 32.978142076502735, 32.96174863387978, 32.95628415300546, 32.978142076502735, 32.96174863387978, 32.97267759562841, 32.97267759562841, 32.98360655737705, 32.994535519125684, 32.98360655737705, 32.98360655737705, 32.994535519125684, 32.98907103825137, 32.98360655737705, 32.98907103825137, 32.98907103825137, 32.978142076502735, 32.978142076502735, 32.98907103825137, 32.98360655737705, 32.967213114754095, 32.98360655737705, 32.978142076502735, 32.98360655737705, 32.978142076502735, 32.98907103825137, 32.98907103825137, 32.98360655737705, 32.98360655737705, 32.98360655737705, 32.98360655737705, 32.98907103825137, 32.9672131147541, 32.978142076502735, 32.97267759562841, 32.978142076502735, 32.98360655737705, 32.97267759562841, 32.978142076502735, 32.97814207650273, 32.98360655737705, 32.967213114754095, 32.978142076502735, 32.97267759562841, 32.978142076502735, 32.98360655737705, 32.98907103825137, 32.97267759562841, 32.97267759562841, 32.978142076502735, 32.978142076502735, 32.978142076502735, 32.96174863387978, 32.97267759562841, 32.978142076502735, 32.967213114754095, 32.978142076502735, 32.98907103825137, 32.950819672131146, 32.98907103825137, 32.97267759562841, 32.978142076502735]",0.9096095575425821,0.9290489623990416,33,"[33, 33, 33, 33, 33, 33, 33, 33, 33, 33, 33, 33, 33, 33, 33, 33, 33, 33, 33, 33, 33, 33, 33, 33, 33, 33, 33, 33, 33, 33, 33, 33, 33, 33, 33, 33, 33, 33, 33, 33, 33, 33, 33, 33, 33, 33, 33, 33, 33, 33, 33, 33, 33, 33, 33, 33, 33, 33, 33, 33, 33, 33, 33, 33, 33, 33, 33, 33, 33, 33, 33, 33, 33, 33, 33, 33, 33, 33, 33, 33, 33, 33, 33, 33, 33, 33, 33, 33, 33, 33, 33, 33, 33, 33, 33, 33, 33, 33, 33, 33, 33, 33, 33, 33, 33, 33, 33, 33, 33, 33, 33, 33, 33, 33, 33, 33, 33, 33, 33, 33, 33, 33, 33, 33, 33, 33, 33, 33, 33, 33, 33, 33, 33, 33, 33, 33, 33, 33, 33, 33, 33, 33, 33, 33, 33, 33, 33, 33, 33, 33, 33, 33, 33, 33, 33, 33, 33, 33, 33, 33, 33, 33, 33, 33, 33, 33, 33, 33, 33, 33, 33, 33, 33, 33, 33, 33, 33, 33, 33, 33, 33, 33, 33, 33, 33, 33, 33, 33, 33, 33, 33, 33, 33, 33, 33, 33, 33, 33, 33, 33, 33, 33, 33, 33, 33, 33, 33, 33, 33, 33, 33, 33, 33, 33, 33, 33, 33, 33, 33, 33, 33, 33, 33, 33, 33, 33, 33, 33, 33, 33, 33, 33, 33, 33, 33, 33, 33, 33, 33, 33, 33, 33, 33, 33, 33, 33, 33, 33, 33, 33, 33, 33, 33, 33, 33, 33, 33, 33, 33, 33, 33, 33, 33, 33, 33, 33, 33, 33, 33, 33, 33, 33, 33, 33, 33, 33, 33, 33, 33, 33, 33, 33, 33, 33, 33, 33, 33, 33, 33, 33, 33, 33, 33, 33, 33, 33, 33, 33, 33, 33, 33, 33, 33, 33, 33, 33, 33, 33, 33, 33, 33, 33, 33, 33, 33, 33, 33, 33, 33, 33, 33, 33, 33, 33, 33, 33, 33, 33, 33, 33, 33, 33, 33, 33, 33, 33, 33, 33, 33, 33, 33, 33, 33, 33, 33, 33, 33, 33, 33, 33, 33, 33, 33, 33, 33, 33, 33, 33, 33, 33, 33, 33, 33, 33, 33, 33, 33, 33, 33, 33, 33, 33, 33, 33, 33, 33, 33, 33, 33, 33, 33, 33, 33, 33, 33, 33, 33, 33, 33, 33, 33, 33, 33, 33, 33, 33, 33, 33, 33, 33, 33, 33, 33, 33, 33, 33, 33, 33, 33, 33, 33, 33, 33, 33, 33, 33, 33, 33, 33, 33, 33, 33, 33, 33, 33, 33, 33, 33, 33, 33, 33, 33, 33, 33, 33]",435,"[0.3849620521068573, 0.37602898478507996, 0.36928504705429077, 0.36377501487731934, 0.3607364594936371, 0.3576726019382477, 0.3501593768596649, 0.3465493321418762, 0.3422693908214569, 0.3420006036758423, 0.3351793587207794, 0.33089157938957214, 0.32619819045066833, 0.322815865278244, 0.31918972730636597, 0.3152408301830292, 0.31176143884658813, 0.3082736134529114, 0.3057040870189667, 0.30817854404449463, 0.2998226583003998, 0.29070135951042175, 0.28555402159690857, 0.28687766194343567, 0.27895697951316833, 0.27396053075790405, 0.27161064743995667, 0.2681334614753723, 0.26374268531799316, 0.26369914412498474, 0.2594682276248932, 0.261733740568161, 0.2539185583591461, 0.25274983048439026, 0.2529841363430023, 0.24904364347457886, 0.24481037259101868, 0.24306842684745789, 0.24305757880210876, 0.24744001030921936, 0.2393198162317276, 0.24512581527233124, 0.23654787242412567, 0.2363893836736679, 0.2342776507139206, 0.23318202793598175, 0.23095616698265076, 0.2302916944026947, 0.23367111384868622, 0.22764019668102264, 0.23045678436756134, 0.22625862061977386, 0.22351855039596558, 0.2221463918685913, 0.2225217968225479, 0.22313082218170166, 0.22322387993335724, 0.2235482782125473, 0.22204655408859253, 0.2192533314228058, 0.22018077969551086, 0.21601049602031708, 0.21620047092437744, 0.2159048467874527, 0.2194150984287262, 0.21512891352176666, 0.21414996683597565, 0.21290616691112518, 0.21236684918403625, 0.21248792111873627, 0.21126629412174225, 0.21413248777389526, 0.2103366255760193, 0.21380910277366638, 0.20987951755523682, 0.212955042719841, 0.21015526354312897, 0.2086210995912552, 0.20901210606098175, 0.20887592434883118, 0.2097405046224594, 0.20937660336494446, 0.20755156874656677, 0.20756763219833374, 0.207956463098526, 0.20680327713489532, 0.2081090360879898, 0.20757415890693665, 0.20652975142002106, 0.20825541019439697, 0.20822939276695251, 0.20765286684036255, 0.21186693012714386, 0.20589421689510345, 0.20877380669116974, 0.204426109790802, 0.203066885471344, 0.20438145101070404, 0.20560182631015778, 0.20416751503944397, 0.20499099791049957, 0.20821884274482727, 0.20662851631641388, 0.20563368499279022, 0.20539440214633942, 0.20212966203689575, 0.2046394795179367, 0.20372547209262848, 0.20157642662525177, 0.21260657906532288, 0.20290054380893707, 0.21179348230361938, 0.20290352404117584, 0.2012248933315277, 0.20241519808769226, 0.20264571905136108, 0.20059047639369965, 0.2023589164018631, 0.20407651364803314, 0.2086392045021057, 0.20645080506801605, 0.20239391922950745, 0.20096491277217865, 0.2021491378545761, 0.2044418752193451, 0.20677046477794647, 0.2009328454732895, 0.2037961333990097, 0.2050689309835434, 0.20067965984344482, 0.1987845003604889, 0.19858673214912415, 0.19784557819366455, 0.20219559967517853, 0.19986015558242798, 0.19689254462718964, 0.20349377393722534, 0.1971099078655243, 0.20023848116397858, 0.1980799436569214, 0.20270243287086487, 0.20075397193431854, 0.20176160335540771, 0.1977708488702774, 0.20293840765953064, 0.19796060025691986, 0.19946488738059998, 0.19790740311145782, 0.19768938422203064, 0.19492250680923462, 0.19748026132583618, 0.19643907248973846, 0.19508308172225952, 0.19508050382137299, 0.19575849175453186, 0.19802793860435486, 0.19811011850833893, 0.19601380825042725, 0.19674235582351685, 0.1976063847541809, 0.20019850134849548, 0.19959495961666107, 0.19719648361206055, 0.19416600465774536, 0.1960780769586563, 0.19230522215366364, 0.1934010535478592, 0.2105400264263153, 0.20074202120304108, 0.1947890669107437, 0.19833427667617798, 0.19840919971466064, 0.19348526000976562, 0.19483506679534912, 0.19838359951972961, 0.20482179522514343, 0.19754064083099365, 0.1967310756444931, 0.1974189430475235, 0.1965634971857071, 0.20084211230278015, 0.19849050045013428, 0.19417019188404083, 0.19415199756622314, 0.19682542979717255, 0.1986246258020401, 0.19657869637012482, 0.19668340682983398, 0.19255836308002472, 0.1960597038269043, 0.1940283179283142, 0.19243872165679932, 0.19330862164497375, 0.19260592758655548, 0.19209253787994385, 0.19662053883075714, 0.19980140030384064, 0.1931799054145813, 0.19603940844535828, 0.1937088966369629, 0.19700263440608978, 0.19373302161693573, 0.19471845030784607, 0.19435127079486847, 0.1936357170343399, 0.19442766904830933, 0.19186489284038544, 0.1954917460680008, 0.19504275918006897, 0.19366180896759033, 0.1981343775987625, 0.19461391866207123, 0.19768087565898895, 0.1960577517747879, 0.19763648509979248, 0.19412294030189514, 0.19754977524280548, 0.19689714908599854, 0.1953747719526291, 0.19737190008163452, 0.1944754272699356, 0.1950370967388153, 0.19956354796886444, 0.19211643934249878, 0.20088031888008118, 0.19398553669452667, 0.19865068793296814, 0.19706125557422638, 0.1968860775232315, 0.19554245471954346, 0.19693955779075623, 0.19858428835868835, 0.1990605592727661, 0.19593846797943115, 0.19314426183700562, 0.19820185005664825, 0.19725722074508667, 0.19601047039031982, 0.19998888671398163, 0.19873645901679993, 0.19617585837841034, 0.19897408783435822, 0.19662387669086456, 0.19544614851474762, 0.20068815350532532, 0.1964821070432663, 0.1931847780942917, 0.19644802808761597, 0.19307060539722443, 0.19673976302146912, 0.20497484505176544, 0.19578427076339722, 0.1955956071615219, 0.19688652455806732, 0.19295242428779602, 0.19404743611812592, 0.19486244022846222, 0.19416852295398712, 0.19684574007987976, 0.19823184609413147, 0.19712261855602264, 0.19633644819259644, 0.19594673812389374, 0.20093688368797302, 0.1970730721950531, 0.20039783418178558, 0.19933749735355377, 0.19686342775821686, 0.1970975548028946, 0.2003306895494461, 0.19764071702957153, 0.19641482830047607, 0.1959667205810547, 0.1969643086194992, 0.20222893357276917, 0.19621172547340393, 0.20271116495132446, 0.1976011097431183, 0.2028648406267166, 0.19940899312496185, 0.19554029405117035, 0.19717153906822205, 0.19760233163833618, 0.19605311751365662, 0.19923266768455505, 0.20038025081157684, 0.19985389709472656, 0.20413362979888916, 0.19810637831687927, 0.20037759840488434, 0.20040905475616455, 0.19781754910945892, 0.1964418739080429, 0.19591081142425537, 0.19978466629981995, 0.1989423930644989, 0.1989802122116089, 0.20300598442554474, 0.1977791041135788, 0.20090234279632568, 0.19836542010307312, 0.19812238216400146, 0.19854600727558136, 0.19726692140102386, 0.20456427335739136, 0.20016758143901825, 0.20165109634399414, 0.20503515005111694, 0.19789421558380127, 0.20501847565174103, 0.1982678771018982, 0.20067544281482697, 0.1995183229446411, 0.2033015638589859, 0.20095673203468323, 0.19996705651283264, 0.20606990158557892, 0.20261162519454956, 0.20329193770885468, 0.21284151077270508, 0.2030634880065918, 0.20385664701461792, 0.2061360478401184, 0.20206357538700104, 0.20238938927650452, 0.20148101449012756, 0.2029324173927307, 0.19985048472881317, 0.20151589810848236, 0.20596379041671753, 0.2043510228395462, 0.20944522321224213, 0.2042965441942215, 0.20152083039283752, 0.20332111418247223, 0.20917591452598572, 0.20648376643657684, 0.20475828647613525, 0.20318268239498138, 0.20755119621753693, 0.20639091730117798, 0.20997124910354614, 0.20454874634742737, 0.20445886254310608, 0.2067796289920807, 0.20852620899677277, 0.20482058823108673, 0.2014124095439911, 0.2082533836364746, 0.2100374847650528, 0.2069350630044937, 0.21439982950687408, 0.2090095579624176, 0.21287040412425995, 0.20417676866054535, 0.20536595582962036, 0.20610317587852478, 0.20863552391529083, 0.20633821189403534, 0.21260438859462738, 0.2114606648683548, 0.2149820476770401, 0.20243394374847412, 0.20600146055221558, 0.20535139739513397, 0.2072693407535553, 0.2081814706325531, 0.20910243690013885, 0.2109055370092392, 0.20859958231449127, 0.2061668038368225, 0.20611388981342316, 0.21446992456912994, 0.2043771743774414, 0.20809438824653625, 0.2121865600347519, 0.2082369029521942, 0.20927082002162933, 0.2087009847164154, 0.20794670283794403, 0.2126804143190384, 0.20959940552711487, 0.21245914697647095, 0.21295066177845, 0.21202048659324646, 0.2110157012939453, 0.21392673254013062, 0.2142874151468277, 0.21140438318252563, 0.21530909836292267, 0.20995746552944183, 0.2099396288394928, 0.20968900620937347, 0.2164025455713272, 0.21435464918613434, 0.21226447820663452, 0.21585384011268616, 0.21898412704467773, 0.21185268461704254, 0.21590393781661987, 0.2137354463338852, 0.2145673781633377, 0.2131129801273346, 0.2190631926059723, 0.21472224593162537, 0.2131204456090927, 0.2186974734067917, 0.21667079627513885, 0.21506479382514954, 0.2152392566204071, 0.21511559188365936, 0.21546508371829987, 0.21705925464630127, 0.21495619416236877, 0.22299711406230927, 0.2159397155046463, 0.21763883531093597, 0.21508271992206573, 0.21585239470005035, 0.21655382215976715, 0.21708549559116364, 0.21554195880889893, 0.21681983768939972, 0.2202761024236679, 0.21505601704120636, 0.21856607496738434, 0.22386249899864197, 0.22433221340179443, 0.21669647097587585, 0.22160981595516205, 0.22260795533657074, 0.2188943475484848, 0.22921909391880035, 0.21890822052955627, 0.22260728478431702]",33.0,"[33.0, 33.0, 33.0, 33.0, 33.0, 33.0, 33.0, 33.0, 33.0, 33.0, 33.0, 33.0, 33.0, 33.0, 33.0, 33.0, 33.0, 33.0, 33.0, 33.0, 33.0, 33.0, 33.0, 33.0, 33.0, 33.0, 33.0, 33.0, 33.0, 33.0,