,number,value,datetime_start,datetime_complete,duration,params_batch_size_scaler,params_constant_learning_rate,params_depth,params_epochs,params_kernel_l2,params_num_trees,params_temperature,user_attrs_accuracy_test,user_attrs_accuracy_valid,user_attrs_approximate_feature_sparsity,user_attrs_approximate_feature_sparsity_history,user_attrs_approximate_weight_sparsity,user_attrs_approximate_weight_sparsity_history,user_attrs_auc_test,user_attrs_auc_valid,user_attrs_feature_sparsity,user_attrs_feature_sparsity_history,user_attrs_num_epochs,user_attrs_val_loss_history,user_attrs_weight_sparsity,user_attrs_weight_sparsity_history,state
159,159,0.5,2024-08-31 07:21:31.257798,2024-08-31 07:21:52.646239,0 days 00:00:21.388441,64,0.6894191901036132,1,375,0.020140322286818096,29,0.08376300801748827,0.859,0.85875,0,"[1, 0, 0, 0, 0, 0, 0, 0, 0, 0, 0, 0, 0, 0, 0, 0, 0, 0, 0, 0, 0, 0, 0, 0, 0, 0, 0, 0, 0, 0, 0, 0, 0, 0, 0, 0, 0, 0, 0, 0, 0, 0, 0, 0, 0, 0, 0, 0, 0, 0, 0, 0, 0, 0, 0, 0, 0, 0, 0, 0, 0, 0, 0, 0, 0, 0, 0, 0, 0, 0, 0, 0, 0, 0, 0, 0, 0, 0, 0, 0, 0, 0, 0, 0, 0, 0, 0, 0, 0, 0, 0, 0, 0, 0, 0, 0, 0, 0, 0, 0, 0, 0, 0, 0, 0, 0, 0, 0, 0, 0, 0, 0, 0, 0, 0, 0, 0, 0, 0, 0, 0, 0, 0, 0, 0, 0, 0, 0, 0, 0, 0, 0, 0, 0, 0, 0, 0, 0, 0, 0, 0, 0, 0, 0, 0, 0, 0, 0, 0, 0, 0, 0, 0, 0, 0, 0, 0, 0, 0, 0, 0, 0, 0, 0, 0, 0, 0, 0, 0, 0, 0, 0, 0, 0, 0, 0, 0, 0, 0, 0, 0, 0, 0, 0, 0, 0, 0, 0, 0, 0, 0, 0, 0, 0, 0, 0, 0, 0, 0, 0, 0, 0, 0, 0, 0, 0, 0, 0, 0, 0, 0, 0, 0, 0, 0, 0, 0, 0, 0, 0, 0, 0, 0, 0, 0, 0, 0, 0, 0, 0, 0, 0, 0, 0, 0, 0, 0, 0, 0, 0, 0, 0, 0, 0, 0, 0, 0, 0, 0, 0, 0, 0, 0, 0, 0, 0, 0, 0, 0, 0, 0, 0, 0, 0, 0, 0, 0, 0, 0, 0, 0, 0, 0, 0, 0, 0, 0, 0, 0, 0, 0, 0, 0, 0, 0, 0, 0, 0, 0, 0, 0, 0, 0, 0, 0, 0, 0, 0, 0, 0, 0, 0, 0, 0, 0, 0, 0, 0, 0, 0, 0, 0, 0, 0, 0, 0, 0, 0, 0, 0, 0, 0, 0, 0, 0, 0, 0, 0, 0, 0, 0, 0, 0, 0, 0, 0, 0, 0, 0, 0, 0, 0, 0, 0, 0, 0, 0, 0, 0, 0, 0, 0, 0, 0, 0, 0, 0, 0, 0, 0, 0, 0, 0, 0, 0, 0, 0, 0, 0, 0, 0, 0, 0, 0, 0]",0.0,"[1.0, 0.0, 0.0, 0.0, 0.0, 0.0, 0.0, 0.0, 0.0, 0.0, 0.0, 0.0, 0.0, 0.0, 0.0, 0.0, 0.0, 0.0, 0.0, 0.0, 0.0, 0.0, 0.0, 0.0, 0.0, 0.0, 0.0, 0.0, 0.0, 0.0, 0.0, 0.0, 0.0, 0.0, 0.0, 0.0, 0.0, 0.0, 0.0, 0.0, 0.0, 0.0, 0.0, 0.0, 0.0, 0.0, 0.0, 0.0, 0.0, 0.0, 0.0, 0.0, 0.0, 0.0, 0.0, 0.0, 0.0, 0.0, 0.0, 0.0, 0.0, 0.0, 0.0, 0.0, 0.0, 0.0, 0.0, 0.0, 0.0, 0.0, 0.0, 0.0, 0.0, 0.0, 0.0, 0.0, 0.0, 0.0, 0.0, 0.0, 0.0, 0.0, 0.0, 0.0, 0.0, 0.0, 0.0, 0.0, 0.0, 0.0, 0.0, 0.0, 0.0, 0.0, 0.0, 0.0, 0.0, 0.0, 0.0, 0.0, 0.0, 0.0, 0.0, 0.0, 0.0, 0.0, 0.0, 0.0, 0.0, 0.0, 0.0, 0.0, 0.0, 0.0, 0.0, 0.0, 0.0, 0.0, 0.0, 0.0, 0.0, 0.0, 0.0, 0.0, 0.0, 0.0, 0.0, 0.0, 0.0, 0.0, 0.0, 0.0, 0.0, 0.0, 0.0, 0.0, 0.0, 0.0, 0.0, 0.0, 0.0, 0.0, 0.0, 0.0, 0.0, 0.0, 0.0, 0.0, 0.0, 0.0, 0.0, 0.0, 0.0, 0.0, 0.0, 0.0, 0.0, 0.0, 0.0, 0.0, 0.0, 0.0, 0.0, 0.0, 0.0, 0.0, 0.0, 0.0, 0.0, 0.0, 0.0, 0.0, 0.0, 0.0, 0.0, 0.0, 0.0, 0.0, 0.0, 0.0, 0.0, 0.0, 0.0, 0.0, 0.0, 0.0, 0.0, 0.0, 0.0, 0.0, 0.0, 0.0, 0.0, 0.0, 0.0, 0.0, 0.0, 0.0, 0.0, 0.0, 0.0, 0.0, 0.0, 0.0, 0.0, 0.0, 0.0, 0.0, 0.0, 0.0, 0.0, 0.0, 0.0, 0.0, 0.0, 0.0, 0.0, 0.0, 0.0, 0.0, 0.0, 0.0, 0.0, 0.0, 0.0, 0.0, 0.0, 0.0, 0.0, 0.0, 0.0, 0.0, 0.0, 0.0, 0.0, 0.0, 0.0, 0.0, 0.0, 0.0, 0.0, 0.0, 0.0, 0.0, 0.0, 0.0, 0.0, 0.0, 0.0, 0.0, 0.0, 0.0, 0.0, 0.0, 0.0, 0.0, 0.0, 0.0, 0.0, 0.0, 0.0, 0.0, 0.0, 0.0, 0.0, 0.0, 0.0, 0.0, 0.0, 0.0, 0.0, 0.0, 0.0, 0.0, 0.0, 0.0, 0.0, 0.0, 0.0, 0.0, 0.0, 0.0, 0.0, 0.0, 0.0, 0.0, 0.0, 0.0, 0.0, 0.0, 0.0, 0.0, 0.0, 0.0, 0.0, 0.0, 0.0, 0.0, 0.0, 0.0, 0.0, 0.0, 0.0, 0.0, 0.0, 0.0, 0.0, 0.0, 0.0, 0.0, 0.0, 0.0, 0.0, 0.0, 0.0, 0.0, 0.0, 0.0, 0.0, 0.0, 0.0, 0.0, 0.0, 0.0, 0.0, 0.0, 0.0, 0.0, 0.0, 0.0, 0.0, 0.0, 0.0, 0.0, 0.0, 0.0, 0.0, 0.0, 0.0, 0.0, 0.0, 0.0, 0.0, 0.0, 0.0, 0.0, 0.0, 0.0, 0.0, 0.0, 0.0, 0.0, 0.0, 0.0, 0.0, 0.0, 0.0, 0.0, 0.0, 0.0, 0.0, 0.0, 0.0, 0.0, 0.0, 0.0, 0.0, 0.0, 0.0, 0.0, 0.0, 0.0, 0.0, 0.0, 0.0]",0.5,0.5,0,"[1, 0, 0, 0, 0, 0, 0, 0, 0, 0, 0, 0, 0, 0, 0, 0, 0, 0, 0, 0, 0, 0, 0, 0, 0, 0, 0, 0, 0, 0, 0, 0, 0, 0, 0, 0, 0, 0, 0, 0, 0, 0, 0, 0, 0, 0, 0, 0, 0, 0, 0, 0, 0, 0, 0, 0, 0, 0, 0, 0, 0, 0, 0, 0, 0, 0, 0, 0, 0, 0, 0, 0, 0, 0, 0, 0, 0, 0, 0, 0, 0, 0, 0, 0, 0, 0, 0, 0, 0, 0, 0, 0, 0, 0, 0, 0, 0, 0, 0, 0, 0, 0, 0, 0, 0, 0, 0, 0, 0, 0, 0, 0, 0, 0, 0, 0, 0, 0, 0, 0, 0, 0, 0, 0, 0, 0, 0, 0, 0, 0, 0, 0, 0, 0, 0, 0, 0, 0, 0, 0, 0, 0, 0, 0, 0, 0, 0, 0, 0, 0, 0, 0, 0, 0, 0, 0, 0, 0, 0, 0, 0, 0, 0, 0, 0, 0, 0, 0, 0, 0, 0, 0, 0, 0, 0, 0, 0, 0, 0, 0, 0, 0, 0, 0, 0, 0, 0, 0, 0, 0, 0, 0, 0, 0, 0, 0, 0, 0, 0, 0, 0, 0, 0, 0, 0, 0, 0, 0, 0, 0, 0, 0, 0, 0, 0, 0, 0, 0, 0, 0, 0, 0, 0, 0, 0, 0, 0, 0, 0, 0, 0, 0, 0, 0, 0, 0, 0, 0, 0, 0, 0, 0, 0, 0, 0, 0, 0, 0, 0, 0, 0, 0, 0, 0, 0, 0, 0, 0, 0, 0, 0, 0, 0, 0, 0, 0, 0, 0, 0, 0, 0, 0, 0, 0, 0, 0, 0, 0, 0, 0, 0, 0, 0, 0, 0, 0, 0, 0, 0, 0, 0, 0, 0, 0, 0, 0, 0, 0, 0, 0, 0, 0, 0, 0, 0, 0, 0, 0, 0, 0, 0, 0, 0, 0, 0, 0, 0, 0, 0, 0, 0, 0, 0, 0, 0, 0, 0, 0, 0, 0, 0, 0, 0, 0, 0, 0, 0, 0, 0, 0, 0, 0, 0, 0, 0, 0, 0, 0, 0, 0, 0, 0, 0, 0, 0, 0, 0, 0, 0, 0, 0, 0, 0, 0, 0, 0, 0, 0, 0, 0, 0, 0, 0, 0, 0]",375,"[0.4103148281574249, 0.4734440743923187, 0.6851995587348938, 0.479701429605484, 0.4072827100753784, 0.4869976043701172, 0.41170135140419006, 0.4845474362373352, 0.4123373329639435, 0.5943508744239807, 0.43991219997406006, 0.4452906548976898, 0.41495177149772644, 0.4394755959510803, 0.4238109588623047, 0.40728119015693665, 0.4521292746067047, 0.567073404788971, 0.4245758056640625, 0.5411234498023987, 0.5689995884895325, 0.49623820185661316, 0.5288017392158508, 0.4608290493488312, 0.4094889760017395, 0.4125940799713135, 0.5158641934394836, 0.40749141573905945, 0.4074169397354126, 0.4072737991809845, 0.4399986267089844, 0.5152992010116577, 0.4586752951145172, 0.4907638132572174, 0.5157912373542786, 0.4073631167411804, 0.40877991914749146, 0.4073168933391571, 0.4126054048538208, 0.5326879620552063, 0.462698370218277, 0.7237533330917358, 0.4086921215057373, 0.5443196296691895, 0.4216661751270294, 0.48092520236968994, 0.42032334208488464, 0.40758052468299866, 0.4170636832714081, 0.40726718306541443, 0.4232538640499115, 0.46567702293395996, 0.409198522567749, 0.45496466755867004, 0.41895127296447754, 0.4154621362686157, 0.43743667006492615, 0.7464695572853088, 0.40869301557540894, 0.43174657225608826, 0.42677605152130127, 0.4075894057750702, 0.44967120885849, 0.456959992647171, 0.43100860714912415, 0.41003626585006714, 0.42772290110588074, 0.40923941135406494, 0.43375128507614136, 0.4103561341762543, 0.48937562108039856, 0.4076811969280243, 0.4280387759208679, 0.4750947654247284, 0.41692596673965454, 0.40877875685691833, 0.492969274520874, 0.47774794697761536, 0.4251753091812134, 0.5885193943977356, 0.43062469363212585, 0.5032141804695129, 0.46160149574279785, 0.5077371001243591, 0.49725058674812317, 0.43877899646759033, 0.5117971897125244, 0.4951954782009125, 0.42325523495674133, 0.4829254150390625, 0.5880977511405945, 0.5743198394775391, 0.5269460082054138, 0.5754421353340149, 0.4129447937011719, 0.6464601755142212, 0.640247642993927, 0.4695229232311249, 0.4073670208454132, 0.43053939938545227, 0.4153425693511963, 0.5092906355857849, 0.42265430092811584, 0.46734756231307983, 0.5900852680206299, 0.40909573435783386, 0.41570746898651123, 0.44409844279289246, 0.7992644309997559, 0.424544095993042, 0.48737087845802307, 0.4955057203769684, 0.7179405093193054, 0.42624884843826294, 0.4174354076385498, 0.40728867053985596, 0.43655407428741455, 0.4073218107223511, 0.5373843312263489, 0.5042839646339417, 0.41230592131614685, 0.4369578957557678, 0.4751978814601898, 0.4758256673812866, 0.4966003894805908, 0.5712828040122986, 0.6194621920585632, 0.550128161907196, 0.447521448135376, 0.6649070978164673, 0.6485990285873413, 0.5313140749931335, 0.6554685235023499, 0.4640328884124756, 0.48784691095352173, 0.49818721413612366, 0.4907137155532837, 0.4439074397087097, 0.42114078998565674, 0.4072273373603821, 0.41767293214797974, 0.4438190460205078, 0.4136512875556946, 0.4072408974170685, 0.41002875566482544, 0.41330885887145996, 0.5194554328918457, 0.42372360825538635, 0.43920937180519104, 0.4317927956581116, 0.5019887685775757, 0.4531697928905487, 0.4200237989425659, 0.4243721663951874, 0.40804874897003174, 0.6712152361869812, 0.4078735113143921, 0.4121376872062683, 0.47978508472442627, 0.48610642552375793, 0.4292748272418976, 0.5497720837593079, 0.4480268955230713, 0.4142031967639923, 0.5463312864303589, 0.5505656599998474, 0.42522650957107544, 0.6436831951141357, 0.4403919279575348, 0.41002023220062256, 0.4214555323123932, 0.4884854555130005, 0.4724436104297638, 0.45370686054229736, 0.6365086436271667, 0.40836378931999207, 0.43520355224609375, 0.4312799870967865, 0.4246393144130707, 0.501920759677887, 0.43391960859298706, 0.4650583565235138, 0.5625852346420288, 0.41792720556259155, 0.5110414028167725, 0.46296921372413635, 0.4510233998298645, 0.690053403377533, 0.5059069991111755, 0.525516927242279, 0.5134680271148682, 0.4147583842277527, 0.44637787342071533, 0.4800677001476288, 0.4599565267562866, 0.5514668226242065, 0.45904526114463806, 0.4986487627029419, 0.41470515727996826, 0.43249809741973877, 0.4258232116699219, 0.4078836441040039, 0.40774238109588623, 0.4280339181423187, 0.4074808359146118, 0.5950251817703247, 0.44635748863220215, 0.4332156479358673, 0.6775550842285156, 0.40732306241989136, 0.4638553857803345, 0.7132418751716614, 0.4810177683830261, 0.43911200761795044, 0.42406800389289856, 0.41567423939704895, 0.7008059024810791, 0.5279467701911926, 0.4726303517818451, 0.4739883542060852, 0.45334962010383606, 0.49595436453819275, 0.4144464433193207, 0.43970733880996704, 0.7672486305236816, 0.41093194484710693, 0.4086568057537079, 0.5256336331367493, 0.48712217807769775, 0.43123459815979004, 0.4208759367465973, 0.4872664511203766, 0.4131367802619934, 0.4833184778690338, 0.6691535115242004, 0.40838226675987244, 0.4172208309173584, 0.5235503911972046, 0.45726555585861206, 0.5303294658660889, 0.46940934658050537, 0.48063063621520996, 0.4072761833667755, 0.42594918608665466, 0.416097491979599, 0.407650351524353, 0.473541796207428, 0.4143937826156616, 0.6980680227279663, 0.5028744339942932, 0.48130714893341064, 0.5002086758613586, 0.444845587015152, 0.47386664152145386, 0.5231994390487671, 0.5860558152198792, 0.5271953344345093, 0.4590955376625061, 0.4984745383262634, 0.4853476285934448, 0.5018215775489807, 0.4246913194656372, 0.4107450544834137, 0.48755934834480286, 0.43427741527557373, 0.4577263295650482, 0.5397201776504517, 0.41104674339294434, 0.4292217195034027, 0.4269198477268219, 0.42591243982315063, 0.5177523493766785, 0.42186108231544495, 0.410577654838562, 0.46142587065696716, 0.447317898273468, 0.5281420946121216, 0.4981948137283325, 0.4332049489021301, 0.5830232501029968, 0.5826426148414612, 0.6481442451477051, 0.4707651138305664, 0.41433289647102356, 0.4078596532344818, 0.4151820242404938, 0.41004782915115356, 0.4784013330936432, 0.4972110688686371, 0.6506131887435913, 0.5409512519836426, 0.44584915041923523, 0.43068286776542664, 0.5809996724128723, 0.4097926616668701, 0.627159595489502, 0.42077702283859253, 0.4116898775100708, 0.4674794673919678, 0.4214145541191101, 0.5381152629852295, 0.5577335357666016, 0.457750141620636, 0.46491867303848267, 0.45641791820526123, 0.47114822268486023, 0.43905243277549744, 0.4770953357219696, 0.4092075824737549, 0.47730502486228943, 0.41148853302001953, 0.42942193150520325, 0.5474987030029297, 0.4420960247516632, 0.4462939500808716, 0.42894378304481506, 0.5343725085258484, 0.5159253478050232, 0.40914666652679443, 0.42142772674560547, 0.6297814846038818, 0.4768640995025635, 0.7163698673248291, 0.40756475925445557, 0.4498451352119446, 0.5631773471832275, 0.5203672647476196, 0.47509127855300903, 0.498977392911911, 0.42630016803741455, 0.6326341032981873, 0.5179426670074463, 0.45454901456832886, 0.49408766627311707, 0.41119661927223206, 0.41344884037971497, 0.42056700587272644, 0.4206124544143677, 0.45437583327293396, 0.570563793182373, 0.4072742462158203, 0.411222904920578, 0.4927392899990082, 0.4096737802028656, 0.44173118472099304, 0.4091377258300781, 0.5057035684585571, 0.4581086337566376, 0.5637826919555664, 0.4795841872692108, 0.6066930890083313, 0.40867188572883606, 0.48560860753059387, 0.40727904438972473, 0.47080880403518677, 0.5204808115959167, 0.41887348890304565, 0.4777148365974426, 0.518202543258667, 0.4074532687664032, 0.5379227995872498, 0.4073607921600342, 0.44549912214279175, 0.4586752951145172, 0.5773245096206665, 0.4141310155391693, 0.40725913643836975, 0.41411805152893066, 0.4588945806026459, 0.43775221705436707, 0.457945317029953, 0.4142138361930847, 0.40865159034729004, 0.4204234182834625, 0.425571084022522]",0.0,"[1.0, 0.0, 0.0, 0.0, 0.0, 0.0, 0.0, 0.0, 0.0, 0.0, 0.0, 0.0, 0.0, 0.0, 0.0, 0.0, 0.0, 0.0, 0.0, 0.0, 0.0, 0.0, 0.0, 0.0, 0.0, 0.0, 0.0, 0.0, 0.0, 0.0, 0.0, 0.0, 0.0, 0.0, 0.0, 0.0, 0.0, 0.0, 0.0, 0.0, 0.0, 0.0, 0.0, 0.0, 0.0, 0.0, 0.0, 0.0, 0.0, 0.0, 0.0, 0.0, 0.0, 0.0, 0.0, 0.0, 0.0, 0.0, 0.0, 0.0, 0.0, 0.0, 0.0, 0.0, 0.0, 0.0, 0.0, 0.0, 0.0, 0.0, 0.0, 0.0, 0.0, 0.0, 0.0, 0.0, 0.0, 0.0, 0.0, 0.0, 0.0, 0.0, 0.0, 0.0, 0.0, 0.0, 0.0, 0.0, 0.0, 0.0, 0.0, 0.0, 0.0, 0.0, 0.0, 0.0, 0.0, 0.0, 0.0, 0.0, 0.0, 0.0, 0.0, 0.0, 0.0, 0.0, 0.0, 0.0, 0.0, 0.0, 0.0, 0.0, 0.0, 0.0, 0.0, 0.0, 0.0, 0.0, 0.0, 0.0, 0.0, 0.0, 0.0, 0.0, 0.0, 0.0, 0.0, 0.0, 0.0, 0.0, 0.0, 0.0, 0.0, 0.0, 0.0, 0.0, 0.0, 0.0, 0.0, 0.0, 0.0, 0.0, 0.0, 0.0, 0.0, 0.0, 0.0, 0.0, 0.0, 0.0, 0.0, 0.0, 0.0, 0.0, 0.0, 0.0, 0.0, 0.0, 0.0, 0.0, 0.0, 0.0, 0.0, 0.0, 0.0, 0.0, 0.0, 0.0, 0.0, 0.0, 0.0, 0.0, 0.0, 0.0, 0.0, 0.0, 0.0, 0.0, 0.0, 0.0, 0.0, 0.0, 0.0, 0.0, 0.0, 0.0, 0.0, 0.0, 0.0, 0.0, 0.0, 0.0, 0.0, 0.0, 0.0, 0.0, 0.0, 0.0, 0.0, 0.0, 0.0, 0.0, 0.0, 0.0, 0.0, 0.0, 0.0, 0.0, 0.0, 0.0, 0.0, 0.0, 0.0, 0.0, 0.0, 0.0, 0.0, 0.0, 0.0, 0.0, 0.0, 0.0, 0.0, 0.0, 0.0, 0.0, 0.0, 0.0, 0.0, 0.0, 0.0, 0.0, 0.0, 0.0, 0.0, 0.0, 0.0, 0.0, 0.0, 0.0, 0.0, 0.0, 0.0, 0.0, 0.0, 0.0, 0.0, 0.0, 0.0, 0.0, 0.0, 0.0, 0.0, 0.0, 0.0, 0.0, 0.0, 0.0, 0.0, 0.0, 0.0, 0.0, 0.0, 0.0, 0.0, 0.0, 0.0, 0.0, 0.0, 0.0, 0.0, 0.0, 0.0, 0.0, 0.0, 0.0, 0.0, 0.0, 0.0, 0.0, 0.0, 0.0, 0.0, 0.0, 0.0, 0.0, 0.0, 0.0, 0.0, 0.0, 0.0, 0.0, 0.0, 0.0, 0.0, 0.0, 0.0, 0.0, 0.0, 0.0, 0.0, 0.0, 0.0, 0.0, 0.0, 0.0, 0.0, 0.0, 0.0, 0.0, 0.0, 0.0, 0.0, 0.0, 0.0, 0.0, 0.0, 0.0, 0.0, 0.0, 0.0, 0.0, 0.0, 0.0, 0.0, 0.0, 0.0, 0.0, 0.0, 0.0, 0.0, 0.0, 0.0, 0.0, 0.0, 0.0, 0.0, 0.0, 0.0, 0.0, 0.0, 0.0, 0.0, 0.0, 0.0, 0.0, 0.0, 0.0, 0.0, 0.0, 0.0, 0.0, 0.0, 0.0, 0.0, 0.0, 0.0, 0.0, 0.0, 0.0, 0.0, 0.0, 0.0, 0.0, 0.0, 0.0, 0.0, 0.0, 0.0, 0.0, 0.0, 0.0, 0.0, 0.0, 0.0]",COMPLETE
