,number,value,datetime_start,datetime_complete,duration,params_batch_size_scaler,params_constant_learning_rate,params_depth,params_epochs,params_kernel_l2,params_num_trees,params_temperature,user_attrs_accuracy_test,user_attrs_accuracy_valid,user_attrs_approximate_feature_sparsity,user_attrs_approximate_feature_sparsity_history,user_attrs_approximate_weight_sparsity,user_attrs_approximate_weight_sparsity_history,user_attrs_auc_test,user_attrs_auc_valid,user_attrs_feature_sparsity,user_attrs_feature_sparsity_history,user_attrs_num_epochs,user_attrs_val_loss_history,user_attrs_weight_sparsity,user_attrs_weight_sparsity_history,state
97,97,0.5,2024-08-31 04:29:00.948525,2024-08-31 04:29:06.991521,0 days 00:00:06.042996,64,2.5358617220124144,3,50,0.037570859783961276,20,0.005107805242709069,0.859,0.85875,0,"[33, 33, 33, 33, 24, 5, 1, 1, 1, 1, 0, 0, 0, 0, 0, 0, 0, 0, 0, 0, 0, 0, 0, 0, 0, 0, 0, 0, 0, 0, 0, 0, 0, 0, 0, 0, 0, 0, 0, 0, 0, 0, 0, 0, 0, 0, 0, 0, 0, 0]",0.0,"[32.97857142857143, 32.97857142857143, 32.97857142857143, 32.99285714285715, 24.0, 4.992857142857143, 1.0, 1.0, 1.0, 1.0, 0.0, 0.0, 0.0, 0.0, 0.0, 0.0, 0.0, 0.0, 0.0, 0.0, 0.0, 0.0, 0.0, 0.0, 0.0, 0.0, 0.0, 0.0, 0.0, 0.0, 0.0, 0.0, 0.0, 0.0, 0.0, 0.0, 0.0, 0.0, 0.0, 0.0, 0.0, 0.0, 0.0, 0.0, 0.0, 0.0, 0.0, 0.0, 0.0, 0.0]",0.5,0.5,0,"[33, 33, 33, 33, 24, 5, 1, 1, 1, 1, 0, 0, 0, 0, 0, 0, 0, 0, 0, 0, 0, 0, 0, 0, 0, 0, 0, 0, 0, 0, 0, 0, 0, 0, 0, 0, 0, 0, 0, 0, 0, 0, 0, 0, 0, 0, 0, 0, 0, 0]",50,"[0.41002386808395386, 0.37595662474632263, 0.37894073128700256, 0.3746362626552582, 0.37300440669059753, 0.3741999566555023, 0.4410938024520874, 0.39300641417503357, 0.41276058554649353, 0.424480676651001, 0.4076908230781555, 0.4202181100845337, 0.45100197196006775, 0.40752533078193665, 0.4189807176589966, 0.4113115668296814, 0.4073231518268585, 0.4097827970981598, 0.4088098108768463, 0.4128318428993225, 0.4118293821811676, 0.4198157787322998, 0.4461144208908081, 0.40797966718673706, 0.43699413537979126, 0.4080803692340851, 0.4129921793937683, 0.41739577054977417, 0.40723103284835815, 0.43274688720703125, 0.4165761470794678, 0.4158959984779358, 0.4218887388706207, 0.43067771196365356, 0.4183025658130646, 0.42234131693840027, 0.4073113203048706, 0.45541322231292725, 0.4294452965259552, 0.4105477035045624, 0.40883225202560425, 0.4072645604610443, 0.4098723530769348, 0.41425636410713196, 0.41078850626945496, 0.4200679063796997, 0.4235953092575073, 0.44648629426956177, 0.4160812497138977, 0.4086204469203949]",0.0,"[33.0, 33.0, 33.0, 33.0, 24.0, 5.0, 1.0, 1.0, 1.0, 1.0, 0.0, 0.0, 0.0, 0.0, 0.0, 0.0, 0.0, 0.0, 0.0, 0.0, 0.0, 0.0, 0.0, 0.0, 0.0, 0.0, 0.0, 0.0, 0.0, 0.0, 0.0, 0.0, 0.0, 0.0, 0.0, 0.0, 0.0, 0.0, 0.0, 0.0, 0.0, 0.0, 0.0, 0.0, 0.0, 0.0, 0.0, 0.0, 0.0, 0.0]",COMPLETE
98,98,0.7244915046824079,2024-08-31 04:29:08.804498,2024-08-31 04:29:21.208793,0 days 00:00:12.404295,64,0.014716357253048231,2,215,0.04061127513802196,18,0.0012663350427100078,0.862,0.86,33,"[33, 33, 33, 33, 33, 33, 33, 33, 33, 33, 33, 33, 33, 33, 33, 33, 33, 33, 33, 33, 33, 33, 33, 33, 33, 33, 33, 33, 33, 33, 33, 33, 33, 33, 33, 33, 33, 33, 33, 33, 33, 33, 33, 33, 33, 33, 33, 33, 33, 33, 33, 33, 33, 33, 33, 33, 33, 33, 33, 33, 33, 33, 33, 33, 33, 33, 33, 33, 33, 33, 33, 33, 33, 33, 33, 33, 33, 33, 33, 33, 33, 33, 33, 33, 33, 33, 33, 33, 33, 33, 33, 33, 33, 33, 33, 33, 33, 33, 33, 33, 33, 33, 33, 33, 33, 33, 33, 33, 33, 33, 33, 33, 33, 33, 33, 33, 33, 33, 33, 33, 33, 33, 33, 33, 33, 33, 33, 33, 33, 33, 33, 33, 33, 33, 33, 33, 33, 33, 33, 33, 33, 33, 33, 33, 33, 33, 33, 33, 33, 33, 33, 33, 33, 33, 33, 33, 33, 33, 33, 33, 33, 33, 33, 33, 33, 33, 33, 33, 33, 33, 33, 33, 33, 33, 33, 33, 33, 33, 33, 33, 33, 33, 33, 33, 33, 33, 33, 33, 33, 33, 33, 33, 33, 33, 33, 33, 33, 33, 33, 33, 33, 33, 33, 33, 33, 33, 33, 33, 33, 33, 33, 33, 33, 33, 33]",33.0,"[33.0, 32.96296296296296, 32.98148148148148, 32.98148148148148, 33.0, 33.0, 32.98148148148148, 32.98148148148148, 33.0, 32.98148148148148, 33.0, 33.0, 32.98148148148148, 32.98148148148148, 32.98148148148148, 32.96296296296296, 32.98148148148148, 33.0, 33.0, 33.0, 32.98148148148148, 33.0, 33.0, 33.0, 33.0, 33.0, 32.96296296296296, 32.98148148148148, 32.98148148148148, 32.96296296296296, 32.98148148148148, 32.98148148148148, 33.0, 33.0, 33.0, 33.0, 33.0, 33.0, 33.0, 33.0, 33.0, 33.0, 33.0, 33.0, 33.0, 32.96296296296296, 32.98148148148148, 33.0, 33.0, 33.0, 33.0, 33.0, 33.0, 32.98148148148148, 33.0, 32.98148148148148, 33.0, 32.98148148148148, 33.0, 33.0, 33.0, 33.0, 33.0, 33.0, 33.0, 32.98148148148148, 32.98148148148148, 32.96296296296296, 32.98148148148148, 33.0, 33.0, 32.98148148148148, 32.98148148148148, 33.0, 32.98148148148148, 33.0, 33.0, 33.0, 33.0, 33.0, 33.0, 33.0, 33.0, 33.0, 33.0, 32.98148148148148, 33.0, 33.0, 33.0, 33.0, 33.0, 33.0, 33.0, 33.0, 33.0, 32.98148148148148, 33.0, 32.98148148148148, 32.98148148148148, 32.98148148148148, 33.0, 33.0, 33.0, 33.0, 33.0, 33.0, 32.98148148148148, 32.98148148148148, 33.0, 33.0, 33.0, 33.0, 33.0, 33.0, 33.0, 33.0, 33.0, 33.0, 33.0, 33.0, 33.0, 33.0, 33.0, 33.0, 33.0, 33.0, 33.0, 33.0, 33.0, 33.0, 33.0, 33.0, 33.0, 33.0, 33.0, 33.0, 33.0, 33.0, 32.98148148148148, 32.98148148148148, 33.0, 33.0, 33.0, 33.0, 33.0, 32.98148148148148, 32.98148148148148, 32.98148148148148, 32.98148148148148, 33.0, 33.0, 33.0, 33.0, 33.0, 33.0, 33.0, 33.0, 33.0, 33.0, 33.0, 33.0, 33.0, 33.0, 33.0, 33.0, 33.0, 33.0, 33.0, 33.0, 33.0, 33.0, 33.0, 33.0, 33.0, 33.0, 33.0, 33.0, 33.0, 33.0, 33.0, 33.0, 33.0, 33.0, 33.0, 33.0, 33.0, 33.0, 33.0, 33.0, 32.98148148148148, 32.98148148148148, 32.98148148148148, 33.0, 33.0, 33.0, 33.0, 33.0, 33.0, 33.0, 33.0, 33.0, 33.0, 33.0, 33.0, 33.0, 33.0, 33.0, 33.0, 33.0, 33.0, 33.0, 33.0, 33.0, 33.0, 33.0]",0.7617054301967485,0.7244915046824079,33,"[33, 33, 33, 33, 33, 33, 33, 33, 33, 33, 33, 33, 33, 33, 33, 33, 33, 33, 33, 33, 33, 33, 33, 33, 33, 33, 33, 33, 33, 33, 33, 33, 33, 33, 33, 33, 33, 33, 33, 33, 33, 33, 33, 33, 33, 33, 33, 33, 33, 33, 33, 33, 33, 33, 33, 33, 33, 33, 33, 33, 33, 33, 33, 33, 33, 33, 33, 33, 33, 33, 33, 33, 33, 33, 33, 33, 33, 33, 33, 33, 33, 33, 33, 33, 33, 33, 33, 33, 33, 33, 33, 33, 33, 33, 33, 33, 33, 33, 33, 33, 33, 33, 33, 33, 33, 33, 33, 33, 33, 33, 33, 33, 33, 33, 33, 33, 33, 33, 33, 33, 33, 33, 33, 33, 33, 33, 33, 33, 33, 33, 33, 33, 33, 33, 33, 33, 33, 33, 33, 33, 33, 33, 33, 33, 33, 33, 33, 33, 33, 33, 33, 33, 33, 33, 33, 33, 33, 33, 33, 33, 33, 33, 33, 33, 33, 33, 33, 33, 33, 33, 33, 33, 33, 33, 33, 33, 33, 33, 33, 33, 33, 33, 33, 33, 33, 33, 33, 33, 33, 33, 33, 33, 33, 33, 33, 33, 33, 33, 33, 33, 33, 33, 33, 33, 33, 33, 33, 33, 33, 33, 33, 33, 33, 33, 33]",215,"[1.5295175313949585, 1.2702027559280396, 1.0649951696395874, 0.9074292778968811, 0.7914430499076843, 0.7010304927825928, 0.6379333138465881, 0.5901627540588379, 0.5538921356201172, 0.5260770916938782, 0.5055716633796692, 0.4897316098213196, 0.477253258228302, 0.4662898778915405, 0.457693874835968, 0.45109158754348755, 0.44618093967437744, 0.44181111454963684, 0.4385540783405304, 0.43509045243263245, 0.43246573209762573, 0.4304801821708679, 0.4287697970867157, 0.42728951573371887, 0.42596104741096497, 0.4247349500656128, 0.4239547848701477, 0.42294842004776, 0.42203426361083984, 0.4214111566543579, 0.42067211866378784, 0.42010343074798584, 0.4195009171962738, 0.41905394196510315, 0.41863536834716797, 0.41826945543289185, 0.4178251326084137, 0.4173119068145752, 0.4168405532836914, 0.4163917899131775, 0.4160557687282562, 0.4156549572944641, 0.4154089689254761, 0.4150916039943695, 0.41475149989128113, 0.41442906856536865, 0.41413944959640503, 0.4138964116573334, 0.4136017858982086, 0.4132663309574127, 0.4129389822483063, 0.4126739203929901, 0.41240158677101135, 0.4120927155017853, 0.41184577345848083, 0.4116402566432953, 0.41136670112609863, 0.4111156463623047, 0.4108712375164032, 0.4106283187866211, 0.4103879928588867, 0.4101981818675995, 0.40995219349861145, 0.4097414016723633, 0.40951529145240784, 0.4092581272125244, 0.4090145528316498, 0.40878355503082275, 0.40856167674064636, 0.4083341360092163, 0.40809527039527893, 0.40787169337272644, 0.40766534209251404, 0.4074678122997284, 0.40725529193878174, 0.40704864263534546, 0.4069005846977234, 0.406692236661911, 0.4065611958503723, 0.4063783586025238, 0.4062451422214508, 0.40604063868522644, 0.40590745210647583, 0.4057225286960602, 0.4055251181125641, 0.40534907579421997, 0.4051474630832672, 0.40496236085891724, 0.4047572612762451, 0.40456536412239075, 0.40437161922454834, 0.404235303401947, 0.40403756499290466, 0.403909295797348, 0.403774619102478, 0.40365010499954224, 0.40352973341941833, 0.40341055393218994, 0.40329426527023315, 0.40314093232154846, 0.4030146300792694, 0.402841717004776, 0.40267300605773926, 0.4025260806083679, 0.40237921476364136, 0.4022258520126343, 0.40209412574768066, 0.4019448757171631, 0.4018099904060364, 0.40167301893234253, 0.40154141187667847, 0.4013795852661133, 0.40122178196907043, 0.40111619234085083, 0.40101301670074463, 0.40085747838020325, 0.4007440507411957, 0.4005781412124634, 0.4004512131214142, 0.4003208577632904, 0.40020114183425903, 0.40006962418556213, 0.3999496102333069, 0.3998490273952484, 0.39972934126853943, 0.3996410667896271, 0.3995480239391327, 0.39940252900123596, 0.3993001878261566, 0.39919766783714294, 0.39910662174224854, 0.3990006148815155, 0.3988998532295227, 0.39878109097480774, 0.3986245393753052, 0.39853382110595703, 0.39842188358306885, 0.398342490196228, 0.3982792794704437, 0.3981528878211975, 0.39806076884269714, 0.39794018864631653, 0.39783775806427, 0.39769771695137024, 0.39758193492889404, 0.3974815309047699, 0.39735716581344604, 0.39723604917526245, 0.39718446135520935, 0.3971216082572937, 0.3970327377319336, 0.39689332246780396, 0.3968603014945984, 0.39677345752716064, 0.3966233730316162, 0.396526575088501, 0.39643681049346924, 0.39629995822906494, 0.39621207118034363, 0.3961118459701538, 0.39601370692253113, 0.39594537019729614, 0.3958625793457031, 0.3958037495613098, 0.3957061767578125, 0.3956095576286316, 0.395488440990448, 0.3953920602798462, 0.39529433846473694, 0.395244836807251, 0.3951748311519623, 0.3951142430305481, 0.395025372505188, 0.39498960971832275, 0.3949010372161865, 0.39482468366622925, 0.3946938216686249, 0.394633948802948, 0.39451807737350464, 0.39444074034690857, 0.3943673074245453, 0.3943241238594055, 0.39420759677886963, 0.39412230253219604, 0.394054651260376, 0.393959641456604, 0.39383453130722046, 0.3937801122665405, 0.3937099874019623, 0.39365988969802856, 0.3935985863208771, 0.39349183440208435, 0.3934251368045807, 0.3933488726615906, 0.39325687289237976, 0.3931625485420227, 0.3931105434894562, 0.3930000960826874, 0.39287078380584717, 0.392831027507782, 0.3928000330924988, 0.39274510741233826, 0.39264869689941406, 0.39258265495300293, 0.3925023674964905, 0.39241087436676025, 0.39230990409851074, 0.3922331631183624, 0.3921932876110077, 0.3920856714248657, 0.39206820726394653, 0.3920108675956726, 0.39190673828125, 0.3918207883834839, 0.39175301790237427]",33.0,"[33.0, 33.0, 33.0, 33.0, 33.0, 33.0, 33.0, 33.0, 33.0, 33.0, 33.0, 33.0, 33.0, 33.0, 33.0, 33.0, 33.0, 33.0, 33.0, 33.0, 33.0, 33.0, 33.0, 33.0, 33.0, 33.0, 33.0, 33.0, 33.0, 33.0, 33.0, 33.0, 33.0, 33.0, 33.0, 33.0, 33.0, 33.0, 33.0, 33.0, 33.0, 33.0, 33.0, 33.0, 33.0, 33.0, 33.0, 33.0, 33.0, 33.0, 33.0, 33.0, 33.0, 33.0, 33.0, 33.0, 33.0, 33.0, 33.0, 33.0, 33.0, 33.0, 33.0, 33.0, 33.0, 33.0, 33.0, 33.0, 33.0, 33.0, 33.0, 33.0, 33.0, 33.0, 33.0, 33.0, 33.0, 33.0, 33.0, 33.0, 33.0, 33.0, 33.0, 33.0, 33.0, 33.0, 33.0, 33.0, 33.0, 33.0, 33.0, 33.0, 33.0, 33.0, 33.0, 33.0, 33.0, 33.0, 33.0, 33.0, 33.0, 33.0, 33.0, 33.0, 33.0, 33.0, 33.0, 33.0, 33.0, 33.0, 33.0, 33.0, 33.0, 33.0, 33.0, 33.0, 33.0, 33.0, 33.0, 33.0, 33.0, 33.0, 33.0, 33.0, 33.0, 33.0, 33.0, 33.0, 33.0, 33.0, 33.0, 33.0, 33.0, 33.0, 33.0, 33.0, 33.0, 33.0, 33.0, 33.0, 33.0, 33.0, 33.0, 33.0, 33.0, 33.0, 33.0, 33.0, 33.0, 33.0, 33.0, 33.0, 33.0, 33.0, 33.0, 33.0, 33.0, 33.0, 33.0, 33.0, 33.0, 33.0, 33.0, 33.0, 33.0, 33.0, 33.0, 33.0, 33.0, 33.0, 33.0, 33.0, 33.0, 33.0, 33.0, 33.0, 33.0, 33.0, 33.0, 33.0, 33.0, 33.0, 33.0, 33.0, 33.0, 33.0, 33.0, 33.0, 33.0, 33.0, 33.0, 33.0, 33.0, 33.0, 33.0, 33.0, 33.0, 33.0, 33.0, 33.0, 33.0, 33.0, 33.0, 33.0, 33.0, 33.0, 33.0, 33.0, 33.0, 33.0, 33.0, 33.0, 33.0, 33.0, 33.0]",COMPLETE
