,number,value,datetime_start,datetime_complete,duration,params_batch_size_scaler,params_constant_learning_rate,params_depth,params_epochs,params_kernel_l2,params_num_trees,params_temperature,user_attrs_accuracy_test,user_attrs_accuracy_valid,user_attrs_approximate_feature_sparsity,user_attrs_approximate_feature_sparsity_history,user_attrs_approximate_weight_sparsity,user_attrs_approximate_weight_sparsity_history,user_attrs_auc_test,user_attrs_auc_valid,user_attrs_feature_sparsity,user_attrs_feature_sparsity_history,user_attrs_num_epochs,user_attrs_val_loss_history,user_attrs_weight_sparsity,user_attrs_weight_sparsity_history,state
113,113,0.9245919800079865,2024-08-31 04:55:08.837395,2024-08-31 05:04:12.368513,0 days 00:09:03.531118,4,0.12194212677670484,6,310,0.527357101220984,49,0.03236895150238257,0.937,0.94,30,"[33, 33, 33, 33, 33, 33, 33, 33, 33, 33, 33, 33, 33, 33, 33, 33, 33, 33, 33, 33, 33, 33, 33, 33, 33, 33, 33, 33, 33, 33, 33, 33, 33, 33, 33, 33, 33, 33, 33, 33, 33, 33, 33, 33, 33, 33, 33, 33, 33, 33, 33, 33, 33, 33, 33, 33, 33, 33, 33, 33, 33, 33, 33, 33, 33, 33, 33, 33, 33, 33, 33, 33, 33, 33, 33, 33, 33, 33, 33, 33, 33, 33, 33, 33, 33, 33, 33, 33, 33, 33, 33, 33, 33, 33, 33, 33, 33, 33, 33, 33, 33, 33, 33, 33, 33, 33, 33, 33, 33, 33, 33, 33, 33, 33, 33, 33, 33, 33, 33, 33, 33, 33, 33, 33, 33, 33, 33, 33, 33, 33, 33, 33, 33, 33, 33, 33, 33, 33, 33, 33, 33, 33, 33, 33, 33, 33, 33, 33, 33, 33, 33, 33, 33, 33, 33, 33, 33, 33, 33, 33, 33, 33, 33, 33, 33, 33, 33, 33, 33, 33, 33, 33, 33, 33, 33, 33, 33, 33, 33, 33, 33, 33, 33, 33, 33, 33, 33, 33, 33, 33, 33, 33, 33, 33, 33, 33, 33, 33, 33, 33, 33, 33, 33, 33, 33, 33, 33, 33, 33, 33, 33, 33, 33, 33, 33, 33, 33, 33, 33, 33, 33, 33, 33, 33, 33, 33, 33, 33, 33, 33, 33, 33, 33, 32, 32, 32, 32, 32, 32, 32, 32, 32, 32, 32, 32, 32, 32, 32, 32, 32, 31, 31, 31, 31, 31, 31, 31, 31, 31, 31, 31, 31, 31, 31, 31, 31, 31, 31, 31, 31, 31, 31, 31, 31, 30, 30, 30, 30, 30, 30, 30, 30, 30, 30, 30, 30, 30, 30, 30, 30, 30, 30, 30, 30, 30, 30, 30, 30, 30, 30, 30, 30, 30, 30, 30, 30, 30, 30, 30, 30]",29.89310009718173,"[32.93197278911565, 32.93132491091675, 32.92549400712666, 32.921606737933274, 32.92257855523162, 32.91933916423712, 32.9277615808228, 32.919663103336575, 32.92063492063492, 32.92355037252997, 32.93067703271785, 32.92452218982831, 32.92549400712666, 32.92743764172336, 32.91836734693878, 32.921606737933274, 32.91480401684483, 32.92095885973437, 32.92063492063492, 32.920634920634924, 32.91674765144153, 32.91804340783933, 32.92160673793327, 32.92095885973437, 32.92095885973437, 32.923226433430514, 32.924198250728864, 32.92095885973437, 32.92160673793327, 32.91480401684483, 32.91836734693877, 32.91998704243602, 32.91804340783933, 32.928085519922256, 32.92095885973437, 32.923226433430514, 32.92095885973437, 32.92355037252997, 32.91998704243602, 32.920634920634924, 32.92193067703272, 32.91707159054098, 32.915127955944286, 32.91804340783933, 32.91739552964043, 32.90962099125365, 32.908325234855845, 32.91577583414318, 32.91253644314869, 32.910268869452544, 32.91350826044704, 32.91350826044704, 32.913184321347586, 32.91448007774539, 32.92063492063492, 32.92290249433107, 32.91448007774538, 32.91739552964043, 32.91674765144153, 32.91739552964043, 32.91707159054098, 32.920634920634924, 32.912860382248134, 32.91642371234208, 32.913184321347586, 32.909297052154194, 32.912212504049236, 32.91059280855199, 32.91188856494979, 32.91124068675089, 32.912860382248134, 32.910268869452544, 32.91188856494979, 32.911240686750894, 32.90962099125365, 32.91480401684483, 32.917719468739875, 32.9099449303531, 32.90962099125365, 32.914156138645936, 32.90897311305475, 32.909297052154194, 32.90767735665695, 32.9086491739553, 32.91156462585034, 32.91642371234208, 32.9073534175575, 32.90443796566245, 32.90443796566245, 32.910268869452544, 32.90702947845805, 32.90152251376741, 32.9060576611597, 32.90443796566245, 32.910592808551996, 32.9073534175575, 32.9073534175575, 32.904761904761905, 32.90379008746356, 32.90184645286686, 32.90897311305475, 32.908325234855845, 32.91448007774539, 32.91059280855199, 32.905733722060255, 32.9080012957564, 32.90832523485585, 32.90897311305474, 32.90767735665695, 32.90638160025915, 32.90314220926466, 32.9073534175575, 32.9086491739553, 32.90702947845805, 32.90411402656301, 32.9073534175575, 32.90508584386135, 32.9073534175575, 32.9054097829608, 32.902170391966315, 32.90702947845805, 32.90994493035309, 32.908325234855845, 32.91577583414318, 32.91545189504373, 32.912212504049236, 32.91286038224814, 32.91156462585034, 32.91383219954648, 32.91383219954648, 32.9067055393586, 32.9060576611597, 32.906705539358605, 32.9080012957564, 32.9080012957564, 32.909297052154194, 32.910592808551996, 32.912860382248134, 32.912860382248134, 32.91545189504373, 32.91609977324263, 32.91091674765144, 32.907353417557495, 32.9060576611597, 32.898931000971814, 32.897959183673464, 32.90184645286686, 32.90767735665695, 32.90638160025915, 32.90702947845805, 32.90087463556851, 32.90087463556851, 32.898283122772916, 32.903790087463555, 32.90443796566245, 32.899902818270164, 32.90087463556851, 32.89504373177843, 32.90087463556851, 32.89471979267898, 32.895367670877874, 32.90184645286686, 32.89698736637512, 32.89860706187237, 32.90087463556851, 32.90443796566245, 32.9060576611597, 32.90443796566246, 32.9073534175575, 32.9067055393586, 32.90119857466796, 32.899902818270164, 32.89957887917071, 32.89763524457402, 32.899254940071266, 32.89893100097182, 32.899254940071266, 32.90152251376741, 32.90055069646906, 32.89569160997733, 32.890832523485585, 32.89569160997733, 32.896663427275676, 32.89212827988338, 32.89763524457402, 32.902170391966315, 32.899254940071266, 32.902170391966315, 32.89795918367347, 32.89698736637513, 32.89795918367347, 32.89698736637512, 32.89374797538063, 32.891804340783935, 32.89148040168448, 32.886297376093296, 32.885973436993844, 32.88953676708778, 32.891804340783935, 32.89342403628118, 32.891804340783935, 32.88662131519274, 32.88694525429219, 32.88921282798834, 32.88824101068999, 32.88824101068999, 32.89342403628118, 32.889860706187235, 32.885325558794946, 32.8837058632977, 32.88662131519274, 32.890832523485585, 32.89569160997732, 32.890832523485585, 32.88694525429219, 32.885325558794946, 32.887269193391646, 32.885001619695494, 32.88467768059605, 32.8830579850988, 32.885001619695494, 32.881438289601554, 32.88467768059605, 32.88176222870101, 32.882410106899904, 32.8843537414966, 32.87981859410431, 32.885973436993844, 32.88856494978944, 32.888241010689995, 32.88921282798834, 32.89148040168448, 32.88759313249109, 31.891480401684483, 31.890184645286684, 31.88791707159054, 31.891804340783935, 31.88986070618724, 31.89018464528669, 31.88532555879495, 31.8856494978944, 31.880142533203756, 31.88273404599935, 31.88467768059605, 31.881438289601554, 31.88111435050211, 31.881114350502106, 31.885973436993844, 31.880466472303212, 31.876903142209265, 30.882410106899908, 30.8830579850988, 30.880790411402657, 30.877874959507615, 30.883381924198254, 30.88759313249109, 30.88888888888889, 30.88694525429219, 30.886945254292193, 30.881114350502106, 30.882410106899904, 30.880142533203756, 30.8830579850988, 30.886621315192745, 30.88338192419825, 30.883381924198254, 30.8830579850988, 30.888888888888886, 30.890508584386133, 30.893424036281182, 30.892452218982832, 30.894719792678973, 30.890184645286684, 30.89277615808228, 29.89245221898283, 29.893100097181726, 29.890508584386136, 29.887917071590543, 29.88856494978944, 29.888888888888886, 29.88726919339164, 29.890184645286684, 29.89180434078393, 29.88791707159054, 29.89083252348559, 29.88953676708779, 29.88986070618724, 29.889536767087787, 29.890508584386133, 29.88791707159054, 29.884677680596045, 29.885973436993844, 29.885649497894395, 29.888888888888886, 29.886945254292193, 29.888241010689992, 29.88953676708779, 29.88467768059605, 29.88856494978944, 29.890832523485585, 29.88856494978944, 29.88791707159054, 29.886945254292193, 29.888888888888886, 29.88662131519274, 29.885973436993844, 29.89115646258503, 29.89310009718173, 29.892776158082285, 29.89310009718173]",0.9088664866783907,0.9245919800079865,30,"[33, 33, 33, 33, 33, 33, 33, 33, 33, 33, 33, 33, 33, 33, 33, 33, 33, 33, 33, 33, 33, 33, 33, 33, 33, 33, 33, 33, 33, 33, 33, 33, 33, 33, 33, 33, 33, 33, 33, 33, 33, 33, 33, 33, 33, 33, 33, 33, 33, 33, 33, 33, 33, 33, 33, 33, 33, 33, 33, 33, 33, 33, 33, 33, 33, 33, 33, 33, 33, 33, 33, 33, 33, 33, 33, 33, 33, 33, 33, 33, 33, 33, 33, 33, 33, 33, 33, 33, 33, 33, 33, 33, 33, 33, 33, 33, 33, 33, 33, 33, 33, 33, 33, 33, 33, 33, 33, 33, 33, 33, 33, 33, 33, 33, 33, 33, 33, 33, 33, 33, 33, 33, 33, 33, 33, 33, 33, 33, 33, 33, 33, 33, 33, 33, 33, 33, 33, 33, 33, 33, 33, 33, 33, 33, 33, 33, 33, 33, 33, 33, 33, 33, 33, 33, 33, 33, 33, 33, 33, 33, 33, 33, 33, 33, 33, 33, 33, 33, 33, 33, 33, 33, 33, 33, 33, 33, 33, 33, 33, 33, 33, 33, 33, 33, 33, 33, 33, 33, 33, 33, 33, 33, 33, 33, 33, 33, 33, 33, 33, 33, 33, 33, 33, 33, 33, 33, 33, 33, 33, 33, 33, 33, 33, 33, 33, 33, 33, 33, 33, 33, 33, 33, 33, 33, 33, 33, 33, 33, 33, 33, 33, 33, 33, 32, 32, 32, 32, 32, 32, 32, 32, 32, 32, 32, 32, 32, 32, 32, 32, 32, 31, 31, 31, 31, 31, 31, 31, 31, 31, 31, 31, 31, 31, 31, 31, 31, 31, 31, 31, 31, 31, 31, 31, 31, 30, 30, 30, 30, 30, 30, 30, 30, 30, 30, 30, 30, 30, 30, 30, 30, 30, 30, 30, 30, 30, 30, 30, 30, 30, 30, 30, 30, 30, 30, 30, 30, 30, 30, 30, 30]",310,"[0.41935694217681885, 0.4057537317276001, 0.40037450194358826, 0.39637237787246704, 0.3931116461753845, 0.3903682827949524, 0.3880852460861206, 0.3859759271144867, 0.3843362033367157, 0.38261154294013977, 0.3812218904495239, 0.37994620203971863, 0.3787327706813812, 0.3776690363883972, 0.37678515911102295, 0.37575066089630127, 0.37463805079460144, 0.3735915720462799, 0.3727000951766968, 0.371927946805954, 0.3708689510822296, 0.37005987763404846, 0.3691216707229614, 0.3683531880378723, 0.36749908328056335, 0.36659735441207886, 0.3657885789871216, 0.3648623526096344, 0.36405646800994873, 0.36324191093444824, 0.3623669445514679, 0.3614588677883148, 0.3607355058193207, 0.3599323630332947, 0.35906532406806946, 0.35816699266433716, 0.3573901653289795, 0.35653990507125854, 0.3556567132472992, 0.3549625873565674, 0.3540875315666199, 0.3533938229084015, 0.35262465476989746, 0.35183605551719666, 0.3508854806423187, 0.34992799162864685, 0.34898054599761963, 0.3481397330760956, 0.34731200337409973, 0.34641048312187195, 0.34549346566200256, 0.34475943446159363, 0.3439173996448517, 0.34278246760368347, 0.34180763363838196, 0.3408215045928955, 0.3399085998535156, 0.3389849066734314, 0.33795762062072754, 0.3370019197463989, 0.3358442187309265, 0.3347076177597046, 0.33380451798439026, 0.33280715346336365, 0.33156073093414307, 0.3303670585155487, 0.32942065596580505, 0.3282221555709839, 0.32705193758010864, 0.3258773684501648, 0.3246079683303833, 0.32337743043899536, 0.32213976979255676, 0.32102909684181213, 0.31953519582748413, 0.3182080388069153, 0.3168698251247406, 0.3155149221420288, 0.3142593801021576, 0.31279370188713074, 0.311405211687088, 0.31003695726394653, 0.30863362550735474, 0.30735957622528076, 0.3061930537223816, 0.3047139048576355, 0.3032429814338684, 0.30211371183395386, 0.30062875151634216, 0.2991955280303955, 0.2979544401168823, 0.2967619299888611, 0.2954337000846863, 0.2941967248916626, 0.29294881224632263, 0.2917858362197876, 0.29060661792755127, 0.2893997132778168, 0.28836968541145325, 0.28724899888038635, 0.28617191314697266, 0.2851788401603699, 0.2842569947242737, 0.28312158584594727, 0.2820921242237091, 0.2812381982803345, 0.28029191493988037, 0.27922379970550537, 0.2783164083957672, 0.2773929834365845, 0.27655619382858276, 0.2757422626018524, 0.2749928832054138, 0.27413618564605713, 0.27319249510765076, 0.27260953187942505, 0.2720450162887573, 0.2710455060005188, 0.2702496647834778, 0.26945436000823975, 0.2688939571380615, 0.2681656777858734, 0.26731351017951965, 0.26673611998558044, 0.26598185300827026, 0.2653743624687195, 0.2647780478000641, 0.26399853825569153, 0.2635892331600189, 0.2628026008605957, 0.2624218463897705, 0.2617475986480713, 0.2614123821258545, 0.26065072417259216, 0.2597871720790863, 0.2593193054199219, 0.2586183249950409, 0.25817734003067017, 0.2578562796115875, 0.2571449279785156, 0.25653836131095886, 0.2560839354991913, 0.25548118352890015, 0.2549232244491577, 0.25440457463264465, 0.25398769974708557, 0.2532327175140381, 0.2527892589569092, 0.25214359164237976, 0.25174057483673096, 0.25109946727752686, 0.25078335404396057, 0.2503407299518585, 0.25001874566078186, 0.24962879717350006, 0.24885456264019012, 0.24864231050014496, 0.24837534129619598, 0.24752159416675568, 0.2471468597650528, 0.24688583612442017, 0.2464149445295334, 0.24586239457130432, 0.24530790746212006, 0.24494816362857819, 0.24445071816444397, 0.24434615671634674, 0.24376165866851807, 0.24321384727954865, 0.24331724643707275, 0.2426731288433075, 0.24211598932743073, 0.24174344539642334, 0.24128711223602295, 0.24088306725025177, 0.24068041145801544, 0.24059629440307617, 0.24025583267211914, 0.23958827555179596, 0.239493727684021, 0.2388705015182495, 0.2386123538017273, 0.23834174871444702, 0.23783433437347412, 0.23753657937049866, 0.23714806139469147, 0.2373119592666626, 0.2365543395280838, 0.23612338304519653, 0.23601488769054413, 0.23595823347568512, 0.23524180054664612, 0.23504899442195892, 0.23466309905052185, 0.2344369888305664, 0.23439612984657288, 0.23367513716220856, 0.23330149054527283, 0.23311609029769897, 0.23328615725040436, 0.23296186327934265, 0.23227383196353912, 0.2318398356437683, 0.23155507445335388, 0.2313312143087387, 0.23123681545257568, 0.23106136918067932, 0.23076820373535156, 0.23045411705970764, 0.23029285669326782, 0.23035484552383423, 0.229649156332016, 0.22963130474090576, 0.22907985746860504, 0.22914262115955353, 0.2283007949590683, 0.2281949669122696, 0.22836999595165253, 0.2281600832939148, 0.2279609888792038, 0.2274179458618164, 0.22785194218158722, 0.22717732191085815, 0.2268267422914505, 0.22663144767284393, 0.22653938829898834, 0.2261192947626114, 0.22595222294330597, 0.22614771127700806, 0.22575534880161285, 0.22523513436317444, 0.22504982352256775, 0.22474145889282227, 0.22495655715465546, 0.2240809053182602, 0.22396081686019897, 0.22390438616275787, 0.22413551807403564, 0.2230931669473648, 0.22372084856033325, 0.22376245260238647, 0.2235492765903473, 0.2232418805360794, 0.22260133922100067, 0.2230129987001419, 0.22224761545658112, 0.2219284176826477, 0.22223126888275146, 0.22202634811401367, 0.22162479162216187, 0.22163225710391998, 0.2211904674768448, 0.22092431783676147, 0.2211344838142395, 0.22069759666919708, 0.2209303230047226, 0.22054548561573029, 0.2204037308692932, 0.21992464363574982, 0.219943568110466, 0.21965941786766052, 0.21941715478897095, 0.21932320296764374, 0.21949642896652222, 0.21937622129917145, 0.21948307752609253, 0.21936553716659546, 0.2193070948123932, 0.2186896651983261, 0.21858057379722595, 0.21905799210071564, 0.21884675323963165, 0.2179441899061203, 0.21774055063724518, 0.21701425313949585, 0.2168828845024109, 0.21768826246261597, 0.21700669825077057, 0.21705679595470428, 0.21705152094364166, 0.21644777059555054, 0.21679696440696716, 0.21708357334136963, 0.21675416827201843, 0.2163749635219574, 0.21620213985443115, 0.216265007853508, 0.2158641815185547, 0.2159917801618576, 0.21565276384353638, 0.2157856523990631, 0.21499240398406982, 0.21522022783756256, 0.21565327048301697, 0.21541567146778107, 0.21513068675994873, 0.21462921798229218, 0.2148951292037964, 0.21445365250110626, 0.21432577073574066, 0.21405255794525146, 0.21439893543720245, 0.2145359367132187, 0.2141353189945221, 0.21390561759471893, 0.213652566075325, 0.21351850032806396, 0.21387404203414917, 0.21379166841506958, 0.21344588696956635]",30.0,"[33.0, 33.0, 33.0, 33.0, 33.0, 33.0, 33.0, 33.0, 33.0, 33.0, 33.0, 33.0, 33.0, 33.0, 33.0, 33.0, 33.0, 33.0, 33.0, 33.0, 33.0, 33.0, 33.0, 33.0, 33.0, 33.0, 33.0, 33.0, 33.0, 33.0, 33.0, 33.0, 33.0, 33.0, 33.0, 33.0, 33.0, 33.0, 33.0, 33.0, 33.0, 33.0, 33.0, 33.0, 33.0, 33.0, 33.0, 33.0, 33.0, 33.0, 33.0, 33.0, 33.0, 33.0, 33.0, 33.0, 33.0, 33.0, 33.0, 33.0, 33.0, 33.0, 33.0, 33.0, 33.0, 33.0, 33.0, 33.0, 33.0, 33.0, 33.0, 33.0, 33.0, 33.0, 33.0, 33.0, 33.0, 33.0, 33.0, 33.0, 33.0, 33.0, 33.0, 33.0, 33.0, 33.0, 33.0, 33.0, 33.0, 33.0, 33.0, 33.0, 33.0, 33.0, 33.0, 33.0, 33.0, 33.0, 33.0, 33.0, 33.0, 33.0, 33.0, 33.0, 33.0, 33.0, 33.0, 33.0, 33.0, 33.0, 33.0, 33.0, 33.0, 33.0, 33.0, 33.0, 33.0, 33.0, 33.0, 33.0, 33.0, 33.0, 33.0, 33.0, 33.0, 33.0, 33.0, 33.0, 33.0, 33.0, 33.0, 33.0, 33.0, 33.0, 33.0, 33.0, 33.0, 33.0, 33.0, 33.0, 33.0, 33.0, 33.0, 33.0, 33.0, 33.0, 33.0, 33.0, 33.0, 33.0, 33.0, 33.0, 33.0, 33.0, 33.0, 33.0, 33.0, 33.0, 33.0, 33.0, 33.0, 33.0, 33.0, 33.0, 33.0, 33.0, 33.0, 33.0, 33.0, 33.0, 33.0, 33.0, 33.0, 33.0, 33.0, 33.0, 33.0, 33.0, 33.0, 33.0, 33.0, 33.0, 33.0, 33.0, 33.0, 33.0, 33.0, 33.0, 33.0, 33.0, 33.0, 33.0, 33.0, 33.0, 33.0, 33.0, 33.0, 33.0, 33.0, 33.0, 33.0, 33.0, 33.0, 33.0, 33.0, 33.0, 33.0, 33.0, 33.0, 33.0, 33.0, 33.0, 33.0, 33.0, 33.0, 33.0, 33.0, 33.0, 33.0, 33.0, 33.0, 33.0, 33.0, 33.0, 33.0, 33.0, 33.0, 33.0, 33.0, 33.0, 33.0, 33.0, 33.0, 32.0, 32.0, 32.0, 32.0, 32.0, 32.0, 32.0, 32.0, 32.0, 32.0, 32.0, 32.0, 32.0, 32.0, 32.0, 32.0, 32.0, 31.0, 31.0, 31.0, 31.0, 31.0, 31.0, 31.0, 31.0, 31.0, 31.0, 31.0, 31.0, 31.0, 31.0, 31.0, 31.0, 31.0, 31.0, 31.0, 31.0, 31.0, 31.0, 31.0, 31.0, 30.0, 30.0, 30.0, 30.0, 30.0, 30.0, 30.0, 30.0, 30.0, 30.0, 30.0, 30.0, 30.0, 30.0, 30.0, 30.0, 30.0, 30.0, 30.0, 30.0, 30.0, 30.0, 30.0, 30.0, 30.0, 30.0, 30.0, 30.0, 30.0, 30.0, 30.0, 30.0, 30.0, 30.0, 30.0, 30.0]",COMPLETE
