,number,value,datetime_start,datetime_complete,duration,params_batch_size_scaler,params_constant_learning_rate,params_depth,params_epochs,params_kernel_l2,params_num_trees,params_temperature,user_attrs_accuracy_test,user_attrs_accuracy_valid,user_attrs_approximate_feature_sparsity,user_attrs_approximate_feature_sparsity_history,user_attrs_approximate_weight_sparsity,user_attrs_approximate_weight_sparsity_history,user_attrs_auc_test,user_attrs_auc_valid,user_attrs_feature_sparsity,user_attrs_feature_sparsity_history,user_attrs_num_epochs,user_attrs_val_loss_history,user_attrs_weight_sparsity,user_attrs_weight_sparsity_history,state
150,150,0.9229560356043333,2024-08-31 07:02:18.501109,2024-08-31 07:03:14.056784,0 days 00:00:55.555675,16,0.12349548829024813,3,270,0.001673198001239074,11,0.0005896040551836787,0.931,0.935,33,"[33, 33, 33, 33, 33, 33, 33, 33, 33, 33, 33, 33, 33, 33, 33, 33, 33, 33, 33, 33, 33, 33, 33, 33, 33, 33, 33, 33, 33, 33, 33, 33, 33, 33, 33, 33, 33, 33, 33, 33, 33, 33, 33, 33, 33, 33, 33, 33, 33, 33, 33, 33, 33, 33, 33, 33, 33, 33, 33, 33, 33, 33, 33, 33, 33, 33, 33, 33, 33, 33, 33, 33, 33, 33, 33, 33, 33, 33, 33, 33, 33, 33, 33, 33, 33, 33, 33, 33, 33, 33, 33, 33, 33, 33, 33, 33, 33, 33, 33, 33, 33, 33, 33, 33, 33, 33, 33, 33, 33, 33, 33, 33, 33, 33, 33, 33, 33, 33, 33, 33, 33, 33, 33, 33, 33, 33, 33, 33, 33, 33, 33, 33, 33, 33, 33, 33, 33, 33, 33, 33, 33, 33, 33, 33, 33, 33, 33, 33, 33, 33, 33, 33, 33, 33, 33, 33, 33, 33, 33, 33, 33, 33, 33, 33, 33, 33, 33, 33, 33, 33, 33, 33, 33, 33, 33, 33, 33, 33, 33, 33, 33, 33, 33, 33, 33, 33, 33, 33, 33, 33, 33, 33, 33, 33, 33, 33, 33, 33, 33, 33, 33, 33, 33, 33, 33, 33, 33, 33, 33, 33, 33, 33, 33, 33, 33, 33, 33, 33, 33, 33, 33, 33, 33, 33, 33, 33, 33, 33, 33, 33, 33, 33, 33, 33, 33, 33, 33, 33, 33, 33, 33, 33, 33, 33, 33, 33, 33, 33, 33, 33, 33, 33, 33, 33, 33, 33, 33, 33, 33, 33, 33, 33, 33, 33, 33, 33, 33, 33, 33, 33]",32.97402597402598,"[32.97402597402598, 32.96103896103896, 32.98701298701299, 32.97402597402598, 32.97402597402598, 32.97402597402598, 32.96103896103896, 32.98701298701299, 32.98701298701299, 32.98701298701299, 32.98701298701299, 32.98701298701299, 32.98701298701299, 32.94805194805195, 32.98701298701299, 32.98701298701299, 32.96103896103896, 32.98701298701299, 33.0, 32.98701298701299, 32.97402597402598, 32.98701298701299, 32.97402597402598, 32.98701298701299, 32.97402597402598, 32.96103896103896, 32.98701298701299, 32.97402597402598, 33.0, 33.0, 33.0, 32.98701298701299, 33.0, 32.98701298701299, 32.96103896103896, 32.98701298701299, 32.98701298701299, 32.98701298701299, 32.98701298701299, 33.0, 33.0, 33.0, 33.0, 32.98701298701299, 32.97402597402598, 32.96103896103896, 32.98701298701299, 33.0, 32.98701298701299, 33.0, 33.0, 33.0, 32.98701298701299, 33.0, 33.0, 33.0, 32.97402597402598, 33.0, 32.98701298701299, 32.97402597402598, 32.98701298701299, 33.0, 32.98701298701299, 32.98701298701299, 32.98701298701299, 32.96103896103896, 32.97402597402598, 32.98701298701299, 32.97402597402598, 33.0, 33.0, 32.98701298701299, 33.0, 32.98701298701299, 32.97402597402598, 33.0, 32.98701298701299, 32.97402597402598, 32.97402597402598, 33.0, 33.0, 32.98701298701299, 33.0, 33.0, 33.0, 32.98701298701299, 33.0, 32.97402597402598, 32.97402597402598, 32.96103896103896, 32.96103896103896, 32.98701298701299, 32.98701298701299, 32.96103896103896, 32.98701298701299, 32.98701298701299, 33.0, 33.0, 32.98701298701299, 32.98701298701299, 32.96103896103896, 32.98701298701299, 32.98701298701299, 32.98701298701299, 32.98701298701299, 33.0, 32.97402597402598, 33.0, 32.98701298701299, 33.0, 32.98701298701299, 32.96103896103896, 33.0, 32.98701298701299, 32.98701298701299, 32.97402597402598, 32.98701298701299, 32.97402597402598, 32.97402597402598, 32.98701298701299, 32.98701298701299, 32.98701298701299, 32.97402597402598, 33.0, 33.0, 32.98701298701299, 32.97402597402598, 32.97402597402598, 32.97402597402598, 32.97402597402598, 32.98701298701299, 32.97402597402598, 32.96103896103896, 32.96103896103896, 32.96103896103896, 32.98701298701299, 32.98701298701299, 32.97402597402598, 32.98701298701299, 33.0, 32.97402597402598, 33.0, 32.98701298701299, 33.0, 33.0, 32.97402597402598, 33.0, 33.0, 33.0, 33.0, 32.98701298701299, 33.0, 33.0, 32.98701298701299, 33.0, 32.98701298701299, 33.0, 33.0, 33.0, 32.98701298701299, 33.0, 32.98701298701299, 33.0, 32.97402597402598, 33.0, 33.0, 33.0, 33.0, 32.98701298701299, 33.0, 32.98701298701299, 32.97402597402598, 33.0, 33.0, 33.0, 32.98701298701299, 32.98701298701299, 32.98701298701299, 32.97402597402598, 32.98701298701299, 32.98701298701299, 32.96103896103896, 32.94805194805195, 32.98701298701299, 32.98701298701299, 33.0, 32.98701298701299, 32.98701298701299, 33.0, 32.98701298701299, 32.98701298701299, 33.0, 33.0, 32.98701298701299, 32.98701298701299, 32.96103896103896, 32.97402597402598, 32.98701298701299, 32.98701298701299, 32.97402597402598, 32.98701298701299, 32.98701298701299, 32.97402597402598, 32.97402597402598, 33.0, 32.98701298701299, 32.98701298701299, 32.98701298701299, 32.98701298701299, 32.98701298701299, 32.98701298701299, 32.98701298701299, 33.0, 32.98701298701299, 32.98701298701299, 33.0, 33.0, 32.97402597402598, 33.0, 32.96103896103896, 32.98701298701299, 32.98701298701299, 32.94805194805195, 32.97402597402598, 32.97402597402598, 32.97402597402598, 32.97402597402598, 32.97402597402598, 32.98701298701299, 32.98701298701299, 32.98701298701299, 32.97402597402598, 32.97402597402598, 32.97402597402598, 32.96103896103896, 32.98701298701299, 32.96103896103896, 32.98701298701299, 32.97402597402598, 32.98701298701299, 32.98701298701299, 32.97402597402598, 32.98701298701299, 32.98701298701299, 32.98701298701299, 32.97402597402598, 32.98701298701299, 32.98701298701299, 32.97402597402598, 33.0, 32.98701298701299, 33.0, 32.98701298701299, 32.97402597402598, 32.96103896103896, 32.98701298701299, 32.97402597402598, 32.97402597402598, 32.97402597402598, 32.97402597402598, 33.0, 32.97402597402598, 32.97402597402598, 33.0, 32.97402597402598, 33.0, 33.0, 33.0, 33.0, 32.97402597402598]",0.9075784971804589,0.9229560356043333,33,"[33, 33, 33, 33, 33, 33, 33, 33, 33, 33, 33, 33, 33, 33, 33, 33, 33, 33, 33, 33, 33, 33, 33, 33, 33, 33, 33, 33, 33, 33, 33, 33, 33, 33, 33, 33, 33, 33, 33, 33, 33, 33, 33, 33, 33, 33, 33, 33, 33, 33, 33, 33, 33, 33, 33, 33, 33, 33, 33, 33, 33, 33, 33, 33, 33, 33, 33, 33, 33, 33, 33, 33, 33, 33, 33, 33, 33, 33, 33, 33, 33, 33, 33, 33, 33, 33, 33, 33, 33, 33, 33, 33, 33, 33, 33, 33, 33, 33, 33, 33, 33, 33, 33, 33, 33, 33, 33, 33, 33, 33, 33, 33, 33, 33, 33, 33, 33, 33, 33, 33, 33, 33, 33, 33, 33, 33, 33, 33, 33, 33, 33, 33, 33, 33, 33, 33, 33, 33, 33, 33, 33, 33, 33, 33, 33, 33, 33, 33, 33, 33, 33, 33, 33, 33, 33, 33, 33, 33, 33, 33, 33, 33, 33, 33, 33, 33, 33, 33, 33, 33, 33, 33, 33, 33, 33, 33, 33, 33, 33, 33, 33, 33, 33, 33, 33, 33, 33, 33, 33, 33, 33, 33, 33, 33, 33, 33, 33, 33, 33, 33, 33, 33, 33, 33, 33, 33, 33, 33, 33, 33, 33, 33, 33, 33, 33, 33, 33, 33, 33, 33, 33, 33, 33, 33, 33, 33, 33, 33, 33, 33, 33, 33, 33, 33, 33, 33, 33, 33, 33, 33, 33, 33, 33, 33, 33, 33, 33, 33, 33, 33, 33, 33, 33, 33, 33, 33, 33, 33, 33, 33, 33, 33, 33, 33, 33, 33, 33, 33, 33, 33]",270,"[0.42588263750076294, 0.3925485610961914, 0.38354045152664185, 0.3789180517196655, 0.3756573498249054, 0.3730944097042084, 0.3708013594150543, 0.3686630129814148, 0.36688026785850525, 0.3651728332042694, 0.36360064148902893, 0.36194324493408203, 0.3604362905025482, 0.3591229319572449, 0.35793018341064453, 0.35658520460128784, 0.3550869822502136, 0.3537186086177826, 0.35247325897216797, 0.3511551320552826, 0.34979817271232605, 0.34846633672714233, 0.34717994928359985, 0.3459319770336151, 0.3443150222301483, 0.34291720390319824, 0.34146061539649963, 0.34005600214004517, 0.33849549293518066, 0.3370364010334015, 0.335434228181839, 0.3338819444179535, 0.33238059282302856, 0.33074328303337097, 0.3293384313583374, 0.32787054777145386, 0.3263969421386719, 0.3248193860054016, 0.3233213722705841, 0.3217374384403229, 0.32000839710235596, 0.3185446262359619, 0.3169975280761719, 0.31535565853118896, 0.3138384521007538, 0.3123113512992859, 0.3108845055103302, 0.30945026874542236, 0.30776599049568176, 0.3063824772834778, 0.30486223101615906, 0.3035040497779846, 0.30204108357429504, 0.3005397617816925, 0.2991454005241394, 0.2977364659309387, 0.2964242398738861, 0.2951110601425171, 0.2937094569206238, 0.2925013303756714, 0.2914257049560547, 0.2899981141090393, 0.2889036238193512, 0.28773418068885803, 0.2866387963294983, 0.28560546040534973, 0.284684956073761, 0.28385740518569946, 0.2826400101184845, 0.2816087603569031, 0.28065282106399536, 0.2796606123447418, 0.2787367105484009, 0.27770790457725525, 0.27701935172080994, 0.27589812874794006, 0.27513617277145386, 0.27417710423469543, 0.27335116267204285, 0.2724382281303406, 0.2715379595756531, 0.2708432078361511, 0.27014750242233276, 0.26932787895202637, 0.26847508549690247, 0.2675638794898987, 0.26674336194992065, 0.2661748230457306, 0.2652130126953125, 0.26440900564193726, 0.2636226415634155, 0.26286113262176514, 0.2622419595718384, 0.2615812420845032, 0.26096296310424805, 0.2601814270019531, 0.2596169114112854, 0.2590349316596985, 0.258565753698349, 0.25791844725608826, 0.25720831751823425, 0.2566553056240082, 0.2560257613658905, 0.2553043067455292, 0.2547638416290283, 0.25424808263778687, 0.2535029649734497, 0.2529647946357727, 0.25284475088119507, 0.2521265745162964, 0.2516065239906311, 0.25093403458595276, 0.250150591135025, 0.24946871399879456, 0.2489021122455597, 0.2486240565776825, 0.2481027990579605, 0.24745462834835052, 0.24707771837711334, 0.24649979174137115, 0.24611236155033112, 0.2454541027545929, 0.2449541836977005, 0.24426308274269104, 0.24389128386974335, 0.24323952198028564, 0.24289095401763916, 0.242441326379776, 0.2420334368944168, 0.24136051535606384, 0.24080605804920197, 0.2406303584575653, 0.24016116559505463, 0.23973914980888367, 0.2391946166753769, 0.2386246621608734, 0.2380923479795456, 0.23771069943904877, 0.237041175365448, 0.2367214411497116, 0.23649977147579193, 0.2358783334493637, 0.23555542528629303, 0.23505471646785736, 0.23478397727012634, 0.23423181474208832, 0.23393210768699646, 0.2337089329957962, 0.23328720033168793, 0.2328123152256012, 0.2323078215122223, 0.23189491033554077, 0.23148030042648315, 0.23124206066131592, 0.23096944391727448, 0.23042753338813782, 0.22997266054153442, 0.229434534907341, 0.2289937138557434, 0.22851324081420898, 0.22822028398513794, 0.22797726094722748, 0.2276647984981537, 0.22720345854759216, 0.2270127236843109, 0.22683407366275787, 0.22674721479415894, 0.22598852217197418, 0.2255692332983017, 0.22555233538150787, 0.22547049820423126, 0.225412979722023, 0.22482137382030487, 0.22417499125003815, 0.2235843986272812, 0.22313402593135834, 0.22287847101688385, 0.22260409593582153, 0.2225404977798462, 0.22215686738491058, 0.2217593938112259, 0.22120246291160583, 0.22091026604175568, 0.22046387195587158, 0.2201746553182602, 0.21996432542800903, 0.21956411004066467, 0.21913860738277435, 0.21875403821468353, 0.2185760885477066, 0.2182195633649826, 0.2181769162416458, 0.21813200414180756, 0.21803344786167145, 0.21771030128002167, 0.217428058385849, 0.216731458902359, 0.21643337607383728, 0.21599842607975006, 0.2158280909061432, 0.2156476229429245, 0.21514680981636047, 0.2148781567811966, 0.214681476354599, 0.2142053246498108, 0.21381260454654694, 0.21334442496299744, 0.2132744938135147, 0.21320907771587372, 0.21312139928340912, 0.21282251179218292, 0.21267177164554596, 0.21237611770629883, 0.21215294301509857, 0.21207408607006073, 0.21182096004486084, 0.2115488499403, 0.21124926209449768, 0.21099527180194855, 0.2107408195734024, 0.2101268321275711, 0.21003518998622894, 0.20972183346748352, 0.20933012664318085, 0.2091437727212906, 0.20876462757587433, 0.20884786546230316, 0.2088155746459961, 0.20811514556407928, 0.20807750523090363, 0.20774473249912262, 0.20750445127487183, 0.20715466141700745, 0.2068890929222107, 0.20693562924861908, 0.2070266604423523, 0.20691774785518646, 0.2062821388244629, 0.20633479952812195, 0.2057954967021942, 0.20579084753990173, 0.2057047337293625, 0.20535507798194885, 0.20514799654483795, 0.20492763817310333, 0.20494772493839264, 0.20455045998096466, 0.20428799092769623, 0.20433460175991058, 0.20407362282276154, 0.20411734282970428, 0.20384204387664795, 0.2037583887577057, 0.2031831294298172, 0.20300722122192383, 0.2027340680360794, 0.20249517261981964, 0.20234757661819458, 0.20246490836143494, 0.20244461297988892, 0.20225325226783752, 0.20225566625595093, 0.20228099822998047, 0.2014865130186081, 0.2010352462530136, 0.2011081576347351, 0.2010108232498169, 0.20115967094898224, 0.2007025182247162, 0.20032016932964325]",33.0,"[33.0, 33.0, 33.0, 33.0, 33.0, 33.0, 33.0, 33.0, 33.0, 33.0, 33.0, 33.0, 33.0, 33.0, 33.0, 33.0, 33.0, 33.0, 33.0, 33.0, 33.0, 33.0, 33.0, 33.0, 33.0, 33.0, 33.0, 33.0, 33.0, 33.0, 33.0, 33.0, 33.0, 33.0, 33.0, 33.0, 33.0, 33.0, 33.0, 33.0, 33.0, 33.0, 33.0, 33.0, 33.0, 33.0, 33.0, 33.0, 33.0, 33.0, 33.0, 33.0, 33.0, 33.0, 33.0, 33.0, 33.0, 33.0, 33.0, 33.0, 33.0, 33.0, 33.0, 33.0, 33.0, 33.0, 33.0, 33.0, 33.0, 33.0, 33.0, 33.0, 33.0, 33.0, 33.0, 33.0, 33.0, 33.0, 33.0, 33.0, 33.0, 33.0, 33.0, 33.0, 33.0, 33.0, 33.0, 33.0, 33.0, 33.0, 33.0, 33.0, 33.0, 33.0, 33.0, 33.0, 33.0, 33.0, 33.0, 33.0, 33.0, 33.0, 33.0, 33.0, 33.0, 33.0, 33.0, 33.0, 33.0, 33.0, 33.0, 33.0, 33.0, 33.0, 33.0, 33.0, 33.0, 33.0, 33.0, 33.0, 33.0, 33.0, 33.0, 33.0, 33.0, 33.0, 33.0, 33.0, 33.0, 33.0, 33.0, 33.0, 33.0, 33.0, 33.0, 33.0, 33.0, 33.0, 33.0, 33.0, 33.0, 33.0, 33.0, 33.0, 33.0, 33.0, 33.0, 33.0, 33.0, 33.0, 33.0, 33.0, 33.0, 33.0, 33.0, 33.0, 33.0, 33.0, 33.0, 33.0, 33.0, 33.0, 33.0, 33.0, 33.0, 33.0, 33.0, 33.0, 33.0, 33.0, 33.0, 33.0, 33.0, 33.0, 33.0, 33.0, 33.0, 33.0, 33.0, 33.0, 33.0, 33.0, 33.0, 33.0, 33.0, 33.0, 33.0, 33.0, 33.0, 33.0, 33.0, 33.0, 33.0, 33.0, 33.0, 33.0, 33.0, 33.0, 33.0, 33.0, 33.0, 33.0, 33.0, 33.0, 33.0, 33.0, 33.0, 33.0, 33.0, 33.0, 33.0, 33.0, 33.0, 33.0, 33.0, 33.0, 33.0, 33.0, 33.0, 33.0, 33.0, 33.0, 33.0, 33.0, 33.0, 33.0, 33.0, 33.0, 33.0, 33.0, 33.0, 33.0, 33.0, 33.0, 33.0, 33.0, 33.0, 33.0, 33.0, 33.0, 33.0, 33.0, 33.0, 33.0, 33.0, 33.0, 33.0, 33.0, 33.0, 33.0, 33.0, 33.0, 33.0, 33.0, 33.0, 33.0, 33.0, 33.0, 33.0, 33.0, 33.0, 33.0, 33.0, 33.0, 33.0, 33.0, 33.0, 33.0, 33.0, 33.0]",COMPLETE
