,number,value,datetime_start,datetime_complete,duration,params_batch_size_scaler,params_constant_learning_rate,params_depth,params_epochs,params_kernel_l2,params_num_trees,params_temperature,user_attrs_accuracy_test,user_attrs_accuracy_valid,user_attrs_approximate_feature_sparsity,user_attrs_approximate_feature_sparsity_history,user_attrs_approximate_weight_sparsity,user_attrs_approximate_weight_sparsity_history,user_attrs_auc_test,user_attrs_auc_valid,user_attrs_feature_sparsity,user_attrs_feature_sparsity_history,user_attrs_num_epochs,user_attrs_val_loss_history,user_attrs_weight_sparsity,user_attrs_weight_sparsity_history,state
1,1,0.9241282477360847,2024-08-31 00:33:12.288304,2024-08-31 00:53:52.354279,0 days 00:20:40.065975,1,0.03575358516942407,6,250,0.34648501448701696,79,0.0001733550234287513,0.933,0.935,33,"[33, 33, 33, 33, 33, 33, 33, 33, 33, 33, 33, 33, 33, 33, 33, 33, 33, 33, 33, 33, 33, 33, 33, 33, 33, 33, 33, 33, 33, 33, 33, 33, 33, 33, 33, 33, 33, 33, 33, 33, 33, 33, 33, 33, 33, 33, 33, 33, 33, 33, 33, 33, 33, 33, 33, 33, 33, 33, 33, 33, 33, 33, 33, 33, 33, 33, 33, 33, 33, 33, 33, 33, 33, 33, 33, 33, 33, 33, 33, 33, 33, 33, 33, 33, 33, 33, 33, 33, 33, 33, 33, 33, 33, 33, 33, 33, 33, 33, 33, 33, 33, 33, 33, 33, 33, 33, 33, 33, 33, 33, 33, 33, 33, 33, 33, 33, 33, 33, 33, 33, 33, 33, 33, 33, 33, 33, 33, 33, 33, 33, 33, 33, 33, 33, 33, 33, 33, 33, 33, 33, 33, 33, 33, 33, 33, 33, 33, 33, 33, 33, 33, 33, 33, 33, 33, 33, 33, 33, 33, 33, 33, 33, 33, 33, 33, 33, 33, 33, 33, 33, 33, 33, 33, 33, 33, 33, 33, 33, 33, 33, 33, 33, 33, 33, 33, 33, 33, 33, 33, 33, 33, 33, 33, 33, 33, 33, 33, 33, 33, 33, 33, 33, 33, 33, 33, 33, 33, 33, 33, 33, 33, 33, 33, 33, 33, 33, 33, 33, 33, 33, 33, 33, 33, 33, 33, 33, 33, 33, 33, 33, 33, 33, 33, 33, 33, 33, 33, 33, 33, 33, 33, 33, 33, 33, 33, 33, 33, 33, 33, 33]",32.897729555957405,"[32.90878038979305, 32.904761904761905, 32.90978501105083, 32.90918223829616, 32.908378541289935, 32.90777576853527, 32.909785011050836, 32.91099055656018, 32.9061683745228, 32.90094434398232, 32.90214988949166, 32.90556560176813, 32.902953586497894, 32.89572031344183, 32.89551938919028, 32.89451476793249, 32.89330922242315, 32.899136025718306, 32.89431384368093, 32.892706449668474, 32.89712678320274, 32.89572031344183, 32.89712678320273, 32.90375728350412, 32.901547116736985, 32.90255173799478, 32.90054249547921, 32.90014064697609, 32.90355635925256, 32.90496282901346, 32.904360056258795, 32.90375728350412, 32.89853325296363, 32.903355435001004, 32.89993972272454, 32.899738798472974, 32.90255173799478, 32.89893510146675, 32.903355435001004, 32.90496282901346, 32.90054249547921, 32.901346192485434, 32.89672493469962, 32.895720313441835, 32.89873417721519, 32.89330922242315, 32.90094434398232, 32.90034157122765, 32.897528631705846, 32.902752662246336, 32.90496282901346, 32.90556560176813, 32.90596745027125, 32.906570223025916, 32.90737392003215, 32.904761904761905, 32.89833232871207, 32.903154510749445, 32.902752662246336, 32.903355435001004, 32.90094434398232, 32.90375728350412, 32.89551938919028, 32.89371107092626, 32.900743419730766, 32.90355635925256, 32.90094434398232, 32.902953586497894, 32.89672493469962, 32.89712678320274, 32.89290737392003, 32.899136025718306, 32.89672493469962, 32.899537874221416, 32.900944343982324, 32.89672493469962, 32.89692585895117, 32.89190275266225, 32.89290737392003, 32.89672493469962, 32.901145268233876, 32.90154711673699, 32.89893510146675, 32.89833232871207, 32.89853325296363, 32.90014064697609, 32.90034157122765, 32.89993972272453, 32.90074341973076, 32.90014064697609, 32.899738798472974, 32.90014064697609, 32.89833232871207, 32.90255173799478, 32.90034157122764, 32.90235081374322, 32.89993972272453, 32.89351014667471, 32.893711070926265, 32.89551938919028, 32.901346192485434, 32.89853325296363, 32.89873417721519, 32.89893510146675, 32.899336949969864, 32.90094434398232, 32.90094434398232, 32.901346192485434, 32.89793048020896, 32.90014064697609, 32.89531846493872, 32.899336949969864, 32.89833232871207, 32.897528631705846, 32.89652401044807, 32.899136025718306, 32.89853325296363, 32.89953787422142, 32.89873417721519, 32.8949166164356, 32.890094434398236, 32.89129997990757, 32.89170182841069, 32.89371107092626, 32.89732770745429, 32.89672493469962, 32.89853325296363, 32.895720313441835, 32.89652401044806, 32.90034157122764, 32.899336949969864, 32.89853325296363, 32.894514767932485, 32.89431384368093, 32.89351014667471, 32.892103676913806, 32.893711070926265, 32.89732770745429, 32.89692585895118, 32.89531846493872, 32.89692585895118, 32.89793048020896, 32.900743419730766, 32.901346192485434, 32.897729555957405, 32.894514767932485, 32.8963230861965, 32.89551938919028, 32.897729555957405, 32.897729555957405, 32.89652401044806, 32.8963230861965, 32.893711070926265, 32.89551938919028, 32.89893510146675, 32.89129997990758, 32.89029535864979, 32.89230460116536, 32.8935101466747, 32.88949166164356, 32.88728149487643, 32.88728149487643, 32.890295358649794, 32.89089813140446, 32.89330922242315, 32.89511754068716, 32.89351014667471, 32.894112919429375, 32.89551938919027, 32.892706449668474, 32.88808519188266, 32.888687964637334, 32.89109905565602, 32.888487040385776, 32.88748241912799, 32.8864777978702, 32.888487040385776, 32.89029535864979, 32.889089813140444, 32.88949166164356, 32.88929073739201, 32.89089813140446, 32.89431384368093, 32.89170182841069, 32.89029535864979, 32.8878842676311, 32.89150090415913, 32.89471569218404, 32.892505525416915, 32.892304601165364, 32.89371107092626, 32.892304601165364, 32.890496282901346, 32.888888888888886, 32.88949166164356, 32.88888888888889, 32.88768334337955, 32.887080570624875, 32.88768334337955, 32.88768334337955, 32.89250552541692, 32.89150090415914, 32.89250552541692, 32.89150090415913, 32.89511754068716, 32.89793048020896, 32.89712678320273, 32.89833232871207, 32.89873417721519, 32.89873417721519, 32.896122161944945, 32.89652401044806, 32.89471569218404, 32.89511754068716, 32.895921237693386, 32.89471569218404, 32.89431384368093, 32.89250552541692, 32.895921237693386, 32.89592123769339, 32.8963230861965, 32.895921237693386, 32.89652401044806, 32.89471569218405, 32.89531846493872, 32.89551938919028, 32.89451476793249, 32.894112919429375, 32.89712678320274, 32.89190275266225, 32.89391199517782, 32.892304601165364, 32.89009443439823, 32.89230460116536, 32.89230460116536, 32.89029535864979, 32.88828611613422, 32.888888888888886, 32.888888888888886, 32.89029535864979, 32.89290737392003, 32.8935101466747, 32.89150090415913, 32.89129997990758, 32.892706449668474, 32.892706449668474, 32.892304601165364, 32.8949166164356, 32.89732770745429, 32.897729555957405]",0.9090646389088417,0.9241282477360847,33,"[33, 33, 33, 33, 33, 33, 33, 33, 33, 33, 33, 33, 33, 33, 33, 33, 33, 33, 33, 33, 33, 33, 33, 33, 33, 33, 33, 33, 33, 33, 33, 33, 33, 33, 33, 33, 33, 33, 33, 33, 33, 33, 33, 33, 33, 33, 33, 33, 33, 33, 33, 33, 33, 33, 33, 33, 33, 33, 33, 33, 33, 33, 33, 33, 33, 33, 33, 33, 33, 33, 33, 33, 33, 33, 33, 33, 33, 33, 33, 33, 33, 33, 33, 33, 33, 33, 33, 33, 33, 33, 33, 33, 33, 33, 33, 33, 33, 33, 33, 33, 33, 33, 33, 33, 33, 33, 33, 33, 33, 33, 33, 33, 33, 33, 33, 33, 33, 33, 33, 33, 33, 33, 33, 33, 33, 33, 33, 33, 33, 33, 33, 33, 33, 33, 33, 33, 33, 33, 33, 33, 33, 33, 33, 33, 33, 33, 33, 33, 33, 33, 33, 33, 33, 33, 33, 33, 33, 33, 33, 33, 33, 33, 33, 33, 33, 33, 33, 33, 33, 33, 33, 33, 33, 33, 33, 33, 33, 33, 33, 33, 33, 33, 33, 33, 33, 33, 33, 33, 33, 33, 33, 33, 33, 33, 33, 33, 33, 33, 33, 33, 33, 33, 33, 33, 33, 33, 33, 33, 33, 33, 33, 33, 33, 33, 33, 33, 33, 33, 33, 33, 33, 33, 33, 33, 33, 33, 33, 33, 33, 33, 33, 33, 33, 33, 33, 33, 33, 33, 33, 33, 33, 33, 33, 33, 33, 33, 33, 33, 33, 33]",250,"[0.40281611680984497, 0.39605411887168884, 0.3909037113189697, 0.38706961274147034, 0.3837323486804962, 0.3812512159347534, 0.3789716064929962, 0.37703442573547363, 0.3758566975593567, 0.3739005923271179, 0.3732661306858063, 0.3718188405036926, 0.37012097239494324, 0.36903589963912964, 0.3679528534412384, 0.3669869899749756, 0.3658393621444702, 0.36482229828834534, 0.3639705181121826, 0.3627951443195343, 0.36179596185684204, 0.3608916997909546, 0.3598746061325073, 0.35910454392433167, 0.3580777049064636, 0.35722365975379944, 0.3562621772289276, 0.35510554909706116, 0.35418811440467834, 0.35329559445381165, 0.3523491322994232, 0.35173943638801575, 0.3507133424282074, 0.3496646583080292, 0.3487900495529175, 0.3477416932582855, 0.34682396054267883, 0.3461483120918274, 0.3450273871421814, 0.34430068731307983, 0.34365344047546387, 0.3423941731452942, 0.34174591302871704, 0.3405269682407379, 0.3399466574192047, 0.3388504683971405, 0.33752796053886414, 0.33679160475730896, 0.3356984257698059, 0.33486029505729675, 0.33351948857307434, 0.3327796161174774, 0.3319522738456726, 0.3303118050098419, 0.3292011320590973, 0.32860657572746277, 0.32710033655166626, 0.3262101113796234, 0.324762225151062, 0.3236750066280365, 0.32215607166290283, 0.3206671178340912, 0.31937071681022644, 0.31814122200012207, 0.3167738914489746, 0.3155255615711212, 0.31390342116355896, 0.31229180097579956, 0.31071358919143677, 0.30911293625831604, 0.30758848786354065, 0.3060981035232544, 0.3044646978378296, 0.3028413653373718, 0.30132538080215454, 0.2997152805328369, 0.29838117957115173, 0.2964283227920532, 0.29475849866867065, 0.2931533753871918, 0.29157862067222595, 0.2903754711151123, 0.2889042794704437, 0.2872205972671509, 0.2855684757232666, 0.2846010625362396, 0.2827301323413849, 0.2814691662788391, 0.27991926670074463, 0.27842748165130615, 0.2770799696445465, 0.27582162618637085, 0.27459630370140076, 0.27338945865631104, 0.2721353769302368, 0.271043986082077, 0.2698785960674286, 0.26886725425720215, 0.2678230106830597, 0.26692163944244385, 0.26576557755470276, 0.2653135061264038, 0.2641233205795288, 0.26316267251968384, 0.2621123492717743, 0.2612508535385132, 0.2603618800640106, 0.25951287150382996, 0.25853240489959717, 0.25792837142944336, 0.2570617198944092, 0.25630179047584534, 0.25555455684661865, 0.25484293699264526, 0.25446492433547974, 0.2538936138153076, 0.25285518169403076, 0.25212010741233826, 0.25121209025382996, 0.2506190240383148, 0.24989670515060425, 0.24920381605625153, 0.24872703850269318, 0.24787867069244385, 0.2473682165145874, 0.24667862057685852, 0.24597704410552979, 0.24526767432689667, 0.24477244913578033, 0.24426084756851196, 0.2436220496892929, 0.24301937222480774, 0.24255600571632385, 0.24189145863056183, 0.24149556457996368, 0.24082213640213013, 0.24016259610652924, 0.23978203535079956, 0.2394033968448639, 0.23869632184505463, 0.2385961413383484, 0.23791496455669403, 0.237152561545372, 0.23722633719444275, 0.23635973036289215, 0.23562587797641754, 0.2351820170879364, 0.23491434752941132, 0.23466463387012482, 0.2340589463710785, 0.2333875149488449, 0.23297099769115448, 0.23294778168201447, 0.2327345907688141, 0.23172949254512787, 0.23102010786533356, 0.2306635081768036, 0.2308095097541809, 0.23054815828800201, 0.22973567247390747, 0.22956843674182892, 0.22921909391880035, 0.22847087681293488, 0.22838842868804932, 0.2284085601568222, 0.22747358679771423, 0.22775238752365112, 0.22725845873355865, 0.22640788555145264, 0.2262507826089859, 0.22565576434135437, 0.22514764964580536, 0.2251441776752472, 0.22491495311260223, 0.22432860732078552, 0.2238573431968689, 0.22335776686668396, 0.2230680137872696, 0.2226661741733551, 0.22258159518241882, 0.22205118834972382, 0.2218540608882904, 0.2218468338251114, 0.2215867042541504, 0.22174255549907684, 0.22082483768463135, 0.2204059362411499, 0.2200978398323059, 0.2202407866716385, 0.2199462354183197, 0.21936936676502228, 0.2196650505065918, 0.21908864378929138, 0.2184325009584427, 0.21808099746704102, 0.2178783267736435, 0.21803084015846252, 0.21779845654964447, 0.21745339035987854, 0.21773174405097961, 0.21678949892520905, 0.21672874689102173, 0.21640735864639282, 0.21623115241527557, 0.2155936360359192, 0.21539360284805298, 0.21535402536392212, 0.21482908725738525, 0.21517862379550934, 0.2149442732334137, 0.21503154933452606, 0.21435199677944183, 0.2144727110862732, 0.21413442492485046, 0.21323618292808533, 0.21315376460552216, 0.2135515958070755, 0.21366460621356964, 0.21275658905506134, 0.21248193085193634, 0.21271683275699615, 0.21208663284778595, 0.21235139667987823, 0.2117922157049179, 0.21114259958267212, 0.21188294887542725, 0.21171952784061432, 0.2118217796087265, 0.21186333894729614, 0.21060675382614136, 0.210397869348526, 0.2114183008670807, 0.21046443283557892, 0.21010930836200714, 0.20975802838802338, 0.20951442420482635, 0.2102242410182953, 0.20999431610107422, 0.21017573773860931, 0.21039289236068726, 0.2101571410894394, 0.20897331833839417, 0.20924100279808044, 0.20806579291820526, 0.20865388214588165, 0.20832094550132751, 0.20852920413017273, 0.20805394649505615, 0.20800037682056427, 0.20751655101776123]",33.0,"[33.0, 33.0, 33.0, 33.0, 33.0, 33.0, 33.0, 33.0, 33.0, 33.0, 33.0, 33.0, 33.0, 33.0, 33.0, 33.0, 33.0, 33.0, 33.0, 33.0, 33.0, 33.0, 33.0, 33.0, 33.0, 33.0, 33.0, 33.0, 33.0, 33.0, 33.0, 33.0, 33.0, 33.0, 33.0, 33.0, 33.0, 33.0, 33.0, 33.0, 33.0, 33.0, 33.0, 33.0, 33.0, 33.0, 33.0, 33.0, 33.0, 33.0, 33.0, 33.0, 33.0, 33.0, 33.0, 33.0, 33.0, 33.0, 33.0, 33.0, 33.0, 33.0, 33.0, 33.0, 33.0, 33.0, 33.0, 33.0, 33.0, 33.0, 33.0, 33.0, 33.0, 33.0, 33.0, 33.0, 33.0, 33.0, 33.0, 33.0, 33.0, 33.0, 33.0, 33.0, 33.0, 33.0, 33.0, 33.0, 33.0, 33.0, 33.0, 33.0, 33.0, 33.0, 33.0, 33.0, 33.0, 33.0, 33.0, 33.0, 33.0, 33.0, 33.0, 33.0, 33.0, 33.0, 33.0, 33.0, 33.0, 33.0, 33.0, 33.0, 33.0, 33.0, 33.0, 33.0, 33.0, 33.0, 33.0, 33.0, 33.0, 33.0, 33.0, 33.0, 33.0, 33.0, 33.0, 33.0, 33.0, 33.0, 33.0, 33.0, 33.0, 33.0, 33.0, 33.0, 33.0, 33.0, 33.0, 33.0, 33.0, 33.0, 33.0, 33.0, 33.0, 33.0, 33.0, 33.0, 33.0, 33.0, 33.0, 33.0, 33.0, 33.0, 33.0, 33.0, 33.0, 33.0, 33.0, 33.0, 33.0, 33.0, 33.0, 33.0, 33.0, 33.0, 33.0, 33.0, 33.0, 33.0, 33.0, 33.0, 33.0, 33.0, 33.0, 33.0, 33.0, 33.0, 33.0, 33.0, 33.0, 33.0, 33.0, 33.0, 33.0, 33.0, 33.0, 33.0, 33.0, 33.0, 33.0, 33.0, 33.0, 33.0, 33.0, 33.0, 33.0, 33.0, 33.0, 33.0, 33.0, 33.0, 33.0, 33.0, 33.0, 33.0, 33.0, 33.0, 33.0, 33.0, 33.0, 33.0, 33.0, 33.0, 33.0, 33.0, 33.0, 33.0, 33.0, 33.0, 33.0, 33.0, 33.0, 33.0, 33.0, 33.0, 33.0, 33.0, 33.0, 33.0, 33.0, 33.0, 33.0, 33.0, 33.0, 33.0, 33.0, 33.0, 33.0, 33.0, 33.0, 33.0, 33.0, 33.0, 33.0, 33.0, 33.0, 33.0, 33.0, 33.0]",COMPLETE
2,2,0.9122773118985972,2024-08-31 00:53:52.476285,2024-08-31 00:54:22.592821,0 days 00:00:30.116536,1,0.024070211985273853,2,55,0.004580560474043082,60,0.0011206728613322827,0.903,0.90125,33,"[33, 33, 33, 33, 33, 33, 33, 33, 33, 33, 33, 33, 33, 33, 33, 33, 33, 33, 33, 33, 33, 33, 33, 33, 33, 33, 33, 33, 33, 33, 33, 33, 33, 33, 33, 33, 33, 33, 33, 33, 33, 33, 33, 33, 33, 33, 33, 33, 33, 33, 33, 33, 33, 33, 33]",32.97222222222222,"[32.98888888888889, 32.98888888888889, 32.983333333333334, 32.97222222222222, 32.983333333333334, 32.97222222222222, 32.977777777777774, 32.977777777777774, 32.977777777777774, 32.98888888888889, 32.99444444444444, 32.983333333333334, 32.977777777777774, 32.97222222222222, 32.977777777777774, 32.96111111111111, 32.977777777777774, 32.983333333333334, 32.983333333333334, 32.98888888888889, 32.983333333333334, 32.97222222222222, 32.99444444444444, 32.977777777777774, 32.98888888888889, 32.98888888888889, 32.977777777777774, 32.983333333333334, 32.96666666666667, 32.97222222222222, 32.98888888888889, 32.977777777777774, 32.98888888888889, 32.977777777777774, 32.98888888888889, 32.983333333333334, 32.955555555555556, 32.983333333333334, 32.983333333333334, 32.98888888888889, 32.983333333333334, 32.983333333333334, 32.97222222222222, 32.98888888888889, 32.977777777777774, 32.96666666666667, 32.983333333333334, 32.98888888888889, 32.98888888888889, 32.98888888888889, 32.99444444444444, 32.98888888888889, 32.97777777777778, 32.977777777777774, 32.97222222222222]",0.892634516467276,0.9122773118985972,33,"[33, 33, 33, 33, 33, 33, 33, 33, 33, 33, 33, 33, 33, 33, 33, 33, 33, 33, 33, 33, 33, 33, 33, 33, 33, 33, 33, 33, 33, 33, 33, 33, 33, 33, 33, 33, 33, 33, 33, 33, 33, 33, 33, 33, 33, 33, 33, 33, 33, 33, 33, 33, 33, 33, 33]",55,"[0.3862442076206207, 0.376219779253006, 0.37068459391593933, 0.36628520488739014, 0.3612197935581207, 0.36062467098236084, 0.3529684543609619, 0.34919920563697815, 0.3463374674320221, 0.34205305576324463, 0.33836743235588074, 0.33502769470214844, 0.33540886640548706, 0.3297409117221832, 0.3261878192424774, 0.3249903619289398, 0.3218095004558563, 0.31859666109085083, 0.31546083092689514, 0.3115696609020233, 0.30957531929016113, 0.30596694350242615, 0.30272796750068665, 0.2995382249355316, 0.2965022325515747, 0.2944772243499756, 0.29427239298820496, 0.2856353223323822, 0.28659892082214355, 0.27853673696517944, 0.27971577644348145, 0.2718702554702759, 0.2688416838645935, 0.2653373181819916, 0.2627839744091034, 0.26090115308761597, 0.2575433850288391, 0.2562429904937744, 0.2565517723560333, 0.25484636425971985, 0.25162380933761597, 0.2495223581790924, 0.2498551905155182, 0.24512475728988647, 0.24385249614715576, 0.24213510751724243, 0.24141979217529297, 0.24061211943626404, 0.24020829796791077, 0.2387077361345291, 0.23702925443649292, 0.23481926321983337, 0.23522290587425232, 0.23248861730098724, 0.23163093626499176]",33.0,"[33.0, 33.0, 33.0, 33.0, 33.0, 33.0, 33.0, 33.0, 33.0, 33.0, 33.0, 33.0, 33.0, 33.0, 33.0, 33.0, 33.0, 33.0, 33.0, 33.0, 33.0, 33.0, 33.0, 33.0, 33.0, 33.0, 33.0, 33.0, 33.0, 33.0, 33.0, 33.0, 33.0, 33.0, 33.0, 33.0, 33.0, 33.0, 33.0, 33.0, 33.0, 33.0, 33.0, 33.0, 33.0, 33.0, 33.0, 33.0, 33.0, 33.0, 33.0, 33.0, 33.0, 33.0, 33.0]",COMPLETE
