,number,value,datetime_start,datetime_complete,duration,params_batch_size_scaler,params_constant_learning_rate,params_depth,params_epochs,params_kernel_l2,params_num_trees,params_temperature,user_attrs_accuracy_test,user_attrs_accuracy_valid,user_attrs_approximate_feature_sparsity,user_attrs_approximate_feature_sparsity_history,user_attrs_approximate_weight_sparsity,user_attrs_approximate_weight_sparsity_history,user_attrs_auc_test,user_attrs_auc_valid,user_attrs_feature_sparsity,user_attrs_feature_sparsity_history,user_attrs_num_epochs,user_attrs_val_loss_history,user_attrs_weight_sparsity,user_attrs_weight_sparsity_history,state
21,21,0.924424521132022,2024-08-31 01:43:07.294283,2024-08-31 01:49:33.883490,0 days 00:06:26.589207,1,0.04221895539780862,5,175,0.05098255496964933,87,0.0260252326640524,0.939,0.93875,33,"[33, 33, 33, 33, 33, 33, 33, 33, 33, 33, 33, 33, 33, 33, 33, 33, 33, 33, 33, 33, 33, 33, 33, 33, 33, 33, 33, 33, 33, 33, 33, 33, 33, 33, 33, 33, 33, 33, 33, 33, 33, 33, 33, 33, 33, 33, 33, 33, 33, 33, 33, 33, 33, 33, 33, 33, 33, 33, 33, 33, 33, 33, 33, 33, 33, 33, 33, 33, 33, 33, 33, 33, 33, 33, 33, 33, 33, 33, 33, 33, 33, 33, 33, 33, 33, 33, 33, 33, 33, 33, 33, 33, 33, 33, 33, 33, 33, 33, 33, 33, 33, 33, 33, 33, 33, 33, 33, 33, 33, 33, 33, 33, 33, 33, 33, 33, 33, 33, 33, 33, 33, 33, 33, 33, 33, 33, 33, 33, 33, 33, 33, 33, 33, 33, 33, 33, 33, 33, 33, 33, 33, 33, 33, 33, 33, 33, 33, 33, 33, 33, 33, 33, 33, 33, 33, 33, 33, 33, 33, 33, 33, 33, 33, 33, 33, 33, 33, 33, 33, 33, 33, 33, 33, 33, 33]",32.931405265109376,"[32.92584352984798, 32.92769744160178, 32.92918057100482, 32.9136077122729, 32.92547274749722, 32.9284390063033, 32.92769744160178, 32.92880978865406, 32.93177604746014, 32.928809788654064, 32.91434927697441, 32.92769744160178, 32.93325917686318, 32.9284390063033, 32.92584352984798, 32.923989618094176, 32.92176492398961, 32.9228772710419, 32.92769744160178, 32.923248053392655, 32.92695587690026, 32.932146829810904, 32.92695587690026, 32.92584352984798, 32.92510196514646, 32.9265850945495, 32.91805710048202, 32.9191694475343, 32.92436040044494, 32.923248053392655, 32.92361883574342, 32.92398961809418, 32.9210233592881, 32.92213570634038, 32.92992213570634, 32.929551353355585, 32.9265850945495, 32.931034482758626, 32.92769744160178, 32.9265850945495, 32.93362995921394, 32.92955135335558, 32.9302929180571, 32.93177604746014, 32.93733778272154, 32.93066370040786, 32.92695587690026, 32.9265850945495, 32.9265850945495, 32.92176492398961, 32.923989618094176, 32.92510196514646, 32.93177604746014, 32.9358546533185, 32.92732665925102, 32.93362995921394, 32.9340007415647, 32.9340007415647, 32.92584352984798, 32.92510196514646, 32.92880978865406, 32.928068223952536, 32.9247311827957, 32.92510196514646, 32.92584352984798, 32.92955135335558, 32.9284390063033, 32.93437152391546, 32.935483870967744, 32.93325917686318, 32.93288839451242, 32.93140526510938, 32.92955135335558, 32.9247311827957, 32.9284390063033, 32.92918057100482, 32.9302929180571, 32.93103448275862, 32.930663700407855, 32.93548387096774, 32.93140526510938, 32.92436040044494, 32.9302929180571, 32.92732665925102, 32.92510196514645, 32.92621431219874, 32.92992213570634, 32.9302929180571, 32.9284390063033, 32.93066370040786, 32.93362995921394, 32.93140526510938, 32.932146829810904, 32.92547274749722, 32.92880978865406, 32.92955135335558, 32.92361883574342, 32.93177604746014, 32.92955135335558, 32.93140526510938, 32.93103448275862, 32.92955135335558, 32.93251761216166, 32.9340007415647, 32.94067482387838, 32.9358546533185, 32.92695587690026, 32.92992213570634, 32.928809788654064, 32.9302929180571, 32.93103448275862, 32.931405265109376, 32.9321468298109, 32.93251761216166, 32.92955135335558, 32.93177604746014, 32.9284390063033, 32.93066370040786, 32.93288839451242, 32.92880978865406, 32.93288839451242, 32.92510196514646, 32.92769744160178, 32.93103448275862, 32.92806822395254, 32.9340007415647, 32.92992213570634, 32.933629959213945, 32.93177604746014, 32.92732665925102, 32.92547274749722, 32.92621431219874, 32.92769744160178, 32.927326659251015, 32.93177604746014, 32.9340007415647, 32.935483870967744, 32.932146829810904, 32.92695587690026, 32.929551353355585, 32.930292918057106, 32.92769744160178, 32.93362995921394, 32.93251761216166, 32.93177604746014, 32.927326659251015, 32.93437152391546, 32.932888394512425, 32.9340007415647, 32.93066370040786, 32.93511308861698, 32.93103448275862, 32.93474230626622, 32.93511308861699, 32.93362995921394, 32.92769744160178, 32.929922135706335, 32.93362995921394, 32.938820912124584, 32.93437152391546, 32.936225435669265, 32.9358546533185, 32.93696700037078, 32.93696700037078, 32.93919169447535, 32.9358546533185, 32.93511308861698, 32.93474230626622, 32.9358546533185, 32.932888394512425, 32.93585465331851, 32.933629959213945, 32.93251761216166, 32.92992213570634, 32.931405265109376]",0.9109883668128039,0.924424521132022,33,"[33, 33, 33, 33, 33, 33, 33, 33, 33, 33, 33, 33, 33, 33, 33, 33, 33, 33, 33, 33, 33, 33, 33, 33, 33, 33, 33, 33, 33, 33, 33, 33, 33, 33, 33, 33, 33, 33, 33, 33, 33, 33, 33, 33, 33, 33, 33, 33, 33, 33, 33, 33, 33, 33, 33, 33, 33, 33, 33, 33, 33, 33, 33, 33, 33, 33, 33, 33, 33, 33, 33, 33, 33, 33, 33, 33, 33, 33, 33, 33, 33, 33, 33, 33, 33, 33, 33, 33, 33, 33, 33, 33, 33, 33, 33, 33, 33, 33, 33, 33, 33, 33, 33, 33, 33, 33, 33, 33, 33, 33, 33, 33, 33, 33, 33, 33, 33, 33, 33, 33, 33, 33, 33, 33, 33, 33, 33, 33, 33, 33, 33, 33, 33, 33, 33, 33, 33, 33, 33, 33, 33, 33, 33, 33, 33, 33, 33, 33, 33, 33, 33, 33, 33, 33, 33, 33, 33, 33, 33, 33, 33, 33, 33, 33, 33, 33, 33, 33, 33, 33, 33, 33, 33, 33, 33]",175,"[0.3939083218574524, 0.384746789932251, 0.37899860739707947, 0.37492531538009644, 0.37189701199531555, 0.371731162071228, 0.36707332730293274, 0.36519646644592285, 0.3631163537502289, 0.3611672520637512, 0.3591853082180023, 0.35756686329841614, 0.3558371663093567, 0.3552303612232208, 0.352315217256546, 0.35087230801582336, 0.3486493229866028, 0.3470679819583893, 0.3453746736049652, 0.34410300850868225, 0.34233975410461426, 0.3406562805175781, 0.33884239196777344, 0.33746814727783203, 0.33588963747024536, 0.3343188762664795, 0.3323498070240021, 0.33082127571105957, 0.3290555477142334, 0.3272011876106262, 0.32531845569610596, 0.32650747895240784, 0.3216128647327423, 0.31963029503822327, 0.3189426064491272, 0.31589123606681824, 0.3131631314754486, 0.31088343262672424, 0.30876854062080383, 0.306334525346756, 0.30404624342918396, 0.30124032497406006, 0.2986999750137329, 0.2961282730102539, 0.2936705946922302, 0.29113200306892395, 0.28859806060791016, 0.2873160243034363, 0.28341707587242126, 0.2809717059135437, 0.2784338593482971, 0.27628353238105774, 0.27388903498649597, 0.27216479182243347, 0.26997363567352295, 0.26777511835098267, 0.2662387192249298, 0.26383844017982483, 0.2623368501663208, 0.26068297028541565, 0.2599327862262726, 0.25818872451782227, 0.25644877552986145, 0.2552018463611603, 0.25385916233062744, 0.25271451473236084, 0.25132647156715393, 0.2500491440296173, 0.24922209978103638, 0.24740657210350037, 0.24636007845401764, 0.24640394747257233, 0.24442310631275177, 0.24370618164539337, 0.24361562728881836, 0.24507488310337067, 0.24095949530601501, 0.23979467153549194, 0.23860540986061096, 0.23781932890415192, 0.23719894886016846, 0.23580767214298248, 0.23535805940628052, 0.2338934689760208, 0.23308008909225464, 0.23225383460521698, 0.2317521721124649, 0.2312999665737152, 0.2300548404455185, 0.23032568395137787, 0.2289923131465912, 0.2276911586523056, 0.2271030992269516, 0.22620725631713867, 0.22586150467395782, 0.22482815384864807, 0.2243535965681076, 0.22423619031906128, 0.22287163138389587, 0.22370925545692444, 0.22314058244228363, 0.2213110774755478, 0.22078201174736023, 0.22070713341236115, 0.21891862154006958, 0.21814878284931183, 0.21770238876342773, 0.21684974431991577, 0.21687418222427368, 0.21624992787837982, 0.21519161760807037, 0.21582406759262085, 0.21487240493297577, 0.21363770961761475, 0.213609978556633, 0.21317453682422638, 0.2136397808790207, 0.21211904287338257, 0.21131806075572968, 0.2106286585330963, 0.2127160131931305, 0.21013636887073517, 0.2088882327079773, 0.20932257175445557, 0.2086583524942398, 0.20895832777023315, 0.20746798813343048, 0.2082042545080185, 0.20711471140384674, 0.2064789980649948, 0.20545053482055664, 0.20515088737010956, 0.2050018310546875, 0.2054319530725479, 0.20526191592216492, 0.203996941447258, 0.20357900857925415, 0.20430871844291687, 0.20550212264060974, 0.20342124998569489, 0.20338331162929535, 0.20238196849822998, 0.2017790824174881, 0.20192351937294006, 0.20212766528129578, 0.2008143812417984, 0.20232807099819183, 0.2006448358297348, 0.2017003297805786, 0.20064783096313477, 0.19977635145187378, 0.19983911514282227, 0.19905506074428558, 0.19963784515857697, 0.2005653977394104, 0.1994873434305191, 0.19992727041244507, 0.1979874074459076, 0.19811078906059265, 0.1980733424425125, 0.19893303513526917, 0.19887061417102814, 0.19850070774555206, 0.19815826416015625, 0.19903257489204407, 0.19783388078212738, 0.19738543033599854, 0.19725054502487183, 0.1961539089679718, 0.19638454914093018, 0.1969584822654724, 0.1960914433002472, 0.19576938450336456, 0.19500459730625153, 0.19514065980911255]",33.0,"[33.0, 33.0, 33.0, 33.0, 33.0, 33.0, 33.0, 33.0, 33.0, 33.0, 33.0, 33.0, 33.0, 33.0, 33.0, 33.0, 33.0, 33.0, 33.0, 33.0, 33.0, 33.0, 33.0, 33.0, 33.0, 33.0, 33.0, 33.0, 33.0, 33.0, 33.0, 33.0, 33.0, 33.0, 33.0, 33.0, 33.0, 33.0, 33.0, 33.0, 33.0, 33.0, 33.0, 33.0, 33.0, 33.0, 33.0, 33.0, 33.0, 33.0, 33.0, 33.0, 33.0, 33.0, 33.0, 33.0, 33.0, 33.0, 33.0, 33.0, 33.0, 33.0, 33.0, 33.0, 33.0, 33.0, 33.0, 33.0, 33.0, 33.0, 33.0, 33.0, 33.0, 33.0, 33.0, 33.0, 33.0, 33.0, 33.0, 33.0, 33.0, 33.0, 33.0, 33.0, 33.0, 33.0, 33.0, 33.0, 33.0, 33.0, 33.0, 33.0, 33.0, 33.0, 33.0, 33.0, 33.0, 33.0, 33.0, 33.0, 33.0, 33.0, 33.0, 33.0, 33.0, 33.0, 33.0, 33.0, 33.0, 33.0, 33.0, 33.0, 33.0, 33.0, 33.0, 33.0, 33.0, 33.0, 33.0, 33.0, 33.0, 33.0, 33.0, 33.0, 33.0, 33.0, 33.0, 33.0, 33.0, 33.0, 33.0, 33.0, 33.0, 33.0, 33.0, 33.0, 33.0, 33.0, 33.0, 33.0, 33.0, 33.0, 33.0, 33.0, 33.0, 33.0, 33.0, 33.0, 33.0, 33.0, 33.0, 33.0, 33.0, 33.0, 33.0, 33.0, 33.0, 33.0, 33.0, 33.0, 33.0, 33.0, 33.0, 33.0, 33.0, 33.0, 33.0, 33.0, 33.0, 33.0, 33.0, 33.0, 33.0, 33.0, 33.0]",COMPLETE
22,22,0.8679264726719996,2024-08-31 01:49:34.365518,2024-08-31 01:50:42.796311,0 days 00:01:08.430793,1,0.013470605235771512,3,115,0.4383956119493704,11,0.01442323279397423,0.89,0.8875,15,"[33, 33, 33, 33, 33, 33, 33, 33, 33, 33, 33, 33, 33, 33, 33, 33, 33, 33, 33, 33, 33, 33, 33, 33, 33, 33, 33, 33, 33, 33, 33, 33, 33, 33, 33, 33, 33, 33, 33, 33, 33, 33, 33, 32, 32, 29, 24, 23, 22, 20, 19, 19, 18, 17, 17, 17, 17, 17, 17, 17, 17, 16, 16, 16, 16, 16, 16, 16, 16, 16, 16, 16, 16, 16, 16, 16, 16, 15, 15, 15, 15, 15, 15, 15, 15, 15, 15, 15, 15, 15, 15, 15, 15, 15, 15, 15, 15, 15, 15, 15, 15, 15, 15, 15, 15, 15, 15, 15, 15, 15, 15, 15, 15, 15, 15]",14.948051948051948,"[33.0, 32.98701298701299, 32.96103896103896, 32.98701298701299, 33.0, 33.0, 32.98701298701299, 32.98701298701299, 32.97402597402598, 33.0, 33.0, 32.94805194805195, 32.96103896103896, 33.0, 32.98701298701299, 32.96103896103896, 32.96103896103896, 32.97402597402598, 32.98701298701299, 32.96103896103896, 32.97402597402598, 33.0, 32.98701298701299, 32.97402597402598, 32.98701298701299, 32.96103896103896, 33.0, 32.97402597402598, 32.98701298701299, 32.97402597402598, 32.96103896103896, 32.98701298701299, 32.96103896103896, 32.96103896103896, 32.98701298701299, 32.97402597402598, 32.97402597402598, 32.96103896103896, 32.97402597402598, 32.98701298701299, 32.96103896103896, 32.935064935064936, 32.96103896103896, 31.974025974025974, 31.98701298701299, 28.961038961038962, 23.935064935064936, 22.974025974025974, 21.948051948051948, 19.96103896103896, 19.0, 18.98701298701299, 17.974025974025974, 16.96103896103896, 16.98701298701299, 16.98701298701299, 16.974025974025974, 16.974025974025974, 16.92207792207792, 16.90909090909091, 16.974025974025974, 15.948051948051948, 15.96103896103896, 16.0, 15.96103896103896, 15.974025974025974, 15.96103896103896, 15.987012987012987, 15.948051948051948, 15.974025974025974, 15.935064935064934, 15.987012987012987, 15.909090909090908, 15.948051948051948, 15.987012987012987, 15.935064935064934, 15.909090909090908, 14.974025974025974, 14.987012987012987, 14.96103896103896, 14.974025974025974, 14.987012987012987, 15.0, 15.0, 14.96103896103896, 14.974025974025974, 14.974025974025974, 14.96103896103896, 14.987012987012987, 14.974025974025974, 14.974025974025974, 14.948051948051948, 14.96103896103896, 14.948051948051948, 14.96103896103896, 14.948051948051948, 14.948051948051948, 14.935064935064934, 14.948051948051948, 14.948051948051948, 14.974025974025974, 14.96103896103896, 14.974025974025974, 15.0, 14.987012987012987, 14.974025974025974, 14.909090909090908, 14.909090909090908, 14.948051948051948, 14.987012987012987, 14.948051948051948, 14.948051948051948, 15.0, 14.974025974025974, 14.948051948051948]",0.8590724824346303,0.8679264726719996,15,"[33, 33, 33, 33, 33, 33, 33, 33, 33, 33, 33, 33, 33, 33, 33, 33, 33, 33, 33, 33, 33, 33, 33, 33, 33, 33, 33, 33, 33, 33, 33, 33, 33, 33, 33, 33, 33, 33, 33, 33, 33, 33, 33, 32, 32, 29, 24, 23, 22, 20, 19, 19, 18, 17, 17, 17, 17, 17, 17, 17, 17, 16, 16, 16, 16, 16, 16, 16, 16, 16, 16, 16, 16, 16, 16, 16, 16, 15, 15, 15, 15, 15, 15, 15, 15, 15, 15, 15, 15, 15, 15, 15, 15, 15, 15, 15, 15, 15, 15, 15, 15, 15, 15, 15, 15, 15, 15, 15, 15, 15, 15, 15, 15, 15, 15]",115,"[0.6654180288314819, 0.6297417879104614, 0.6081027984619141, 0.5902906656265259, 0.5744739174842834, 0.5604517459869385, 0.547457754611969, 0.5356027483940125, 0.5244733095169067, 0.5142492651939392, 0.5045412182807922, 0.49552738666534424, 0.487183541059494, 0.4792059361934662, 0.47173598408699036, 0.46445000171661377, 0.4580761194229126, 0.4517171382904053, 0.4457981586456299, 0.4402647018432617, 0.4348551630973816, 0.42985060811042786, 0.425442099571228, 0.42127135396003723, 0.41672199964523315, 0.4128169119358063, 0.4090420603752136, 0.4056044816970825, 0.4022347331047058, 0.39884939789772034, 0.39585840702056885, 0.39314815402030945, 0.39067742228507996, 0.38783732056617737, 0.3852769434452057, 0.38306859135627747, 0.3807026147842407, 0.37853243947029114, 0.3767271339893341, 0.37495318055152893, 0.37310826778411865, 0.3714542090892792, 0.3696324825286865, 0.368131548166275, 0.3667159676551819, 0.3627139627933502, 0.3609074652194977, 0.3594345450401306, 0.35771551728248596, 0.35584914684295654, 0.3531140089035034, 0.3524829149246216, 0.3496346175670624, 0.3503839075565338, 0.3498584032058716, 0.34942787885665894, 0.3488278090953827, 0.3482983708381653, 0.34785887598991394, 0.34724748134613037, 0.3465210795402527, 0.3457651138305664, 0.34522300958633423, 0.34463009238243103, 0.34410691261291504, 0.3435215651988983, 0.34271663427352905, 0.34226053953170776, 0.3416387438774109, 0.34107741713523865, 0.3405175507068634, 0.3398384153842926, 0.33926478028297424, 0.3386428952217102, 0.3381420075893402, 0.3374110460281372, 0.3368804156780243, 0.3343907594680786, 0.33392515778541565, 0.33336126804351807, 0.3328937292098999, 0.33246666193008423, 0.33195722103118896, 0.3312481939792633, 0.33065927028656006, 0.3302695155143738, 0.32989218831062317, 0.32908713817596436, 0.32863175868988037, 0.32803580164909363, 0.3275996148586273, 0.32718876004219055, 0.32660093903541565, 0.3261137008666992, 0.32567378878593445, 0.3251977264881134, 0.32459598779678345, 0.3242860436439514, 0.3238690495491028, 0.32350823283195496, 0.32282283902168274, 0.32250237464904785, 0.3219339847564697, 0.3215886354446411, 0.3211035430431366, 0.3206886053085327, 0.32037585973739624, 0.3200410008430481, 0.31963351368904114, 0.3193948268890381, 0.3188462257385254, 0.3183848559856415, 0.3181774616241455, 0.31745606660842896, 0.317487895488739]",15.0,"[33.0, 33.0, 33.0, 33.0, 33.0, 33.0, 33.0, 33.0, 33.0, 33.0, 33.0, 33.0, 33.0, 33.0, 33.0, 33.0, 33.0, 33.0, 33.0, 33.0, 33.0, 33.0, 33.0, 33.0, 33.0, 33.0, 33.0, 33.0, 33.0, 33.0, 33.0, 33.0, 33.0, 33.0, 33.0, 33.0, 33.0, 33.0, 33.0, 33.0, 33.0, 33.0, 33.0, 32.0, 32.0, 29.0, 24.0, 23.0, 22.0, 20.0, 19.0, 19.0, 18.0, 17.0, 17.0, 17.0, 17.0, 17.0, 17.0, 17.0, 17.0, 16.0, 16.0, 16.0, 16.0, 16.0, 16.0, 16.0, 16.0, 16.0, 16.0, 16.0, 16.0, 16.0, 16.0, 16.0, 16.0, 15.0, 15.0, 15.0, 15.0, 15.0, 15.0, 15.0, 15.0, 15.0, 15.0, 15.0, 15.0, 15.0, 15.0, 15.0, 15.0, 15.0, 15.0, 15.0, 15.0, 15.0, 15.0, 15.0, 15.0, 15.0, 15.0, 15.0, 15.0, 15.0, 15.0, 15.0, 15.0, 15.0, 15.0, 15.0, 15.0, 15.0, 15.0]",COMPLETE
