,number,value,datetime_start,datetime_complete,duration,params_batch_size_scaler,params_constant_learning_rate,params_depth,params_epochs,params_kernel_l2,params_num_trees,params_temperature,user_attrs_accuracy_test,user_attrs_accuracy_valid,user_attrs_approximate_feature_sparsity,user_attrs_approximate_feature_sparsity_history,user_attrs_approximate_weight_sparsity,user_attrs_approximate_weight_sparsity_history,user_attrs_auc_test,user_attrs_auc_valid,user_attrs_feature_sparsity,user_attrs_feature_sparsity_history,user_attrs_num_epochs,user_attrs_val_loss_history,user_attrs_weight_sparsity,user_attrs_weight_sparsity_history,state
9,9,0.8452164728008141,2024-08-31 01:01:36.250411,2024-08-31 01:02:49.040884,0 days 00:01:12.790473,16,0.04404607756022473,4,335,0.0032466195571671055,42,0.04415264314864207,0.881,0.8825,33,"[33, 33, 33, 33, 33, 33, 33, 33, 33, 33, 33, 33, 33, 33, 33, 33, 33, 33, 33, 33, 33, 33, 33, 33, 33, 33, 33, 33, 33, 33, 33, 33, 33, 33, 33, 33, 33, 33, 33, 33, 33, 33, 33, 33, 33, 33, 33, 33, 33, 33, 33, 33, 33, 33, 33, 33, 33, 33, 33, 33, 33, 33, 33, 33, 33, 33, 33, 33, 33, 33, 33, 33, 33, 33, 33, 33, 33, 33, 33, 33, 33, 33, 33, 33, 33, 33, 33, 33, 33, 33, 33, 33, 33, 33, 33, 33, 33, 33, 33, 33, 33, 33, 33, 33, 33, 33, 33, 33, 33, 33, 33, 33, 33, 33, 33, 33, 33, 33, 33, 33, 33, 33, 33, 33, 33, 33, 33, 33, 33, 33, 33, 33, 33, 33, 33, 33, 33, 33, 33, 33, 33, 33, 33, 33, 33, 33, 33, 33, 33, 33, 33, 33, 33, 33, 33, 33, 33, 33, 33, 33, 33, 33, 33, 33, 33, 33, 33, 33, 33, 33, 33, 33, 33, 33, 33, 33, 33, 33, 33, 33, 33, 33, 33, 33, 33, 33, 33, 33, 33, 33, 33, 33, 33, 33, 33, 33, 33, 33, 33, 33, 33, 33, 33, 33, 33, 33, 33, 33, 33, 33, 33, 33, 33, 33, 33, 33, 33, 33, 33, 33, 33, 33, 33, 33, 33, 33, 33, 33, 33, 33, 33, 33, 33, 33, 33, 33, 33, 33, 33, 33, 33, 33, 33, 33, 33, 33, 33, 33, 33, 33, 33, 33, 33, 33, 33, 33, 33, 33, 33, 33, 33, 33, 33, 33, 33, 33, 33, 33, 33, 33, 33, 33, 33, 33, 33, 33, 33, 33, 33, 33, 33, 33, 33, 33, 33, 33, 33, 33, 33, 33, 33, 33, 33, 33, 33, 33, 33, 33, 33, 33, 33, 33, 33, 33, 33, 33, 33, 33, 33, 33, 33, 33, 33, 33, 33, 33, 33, 33, 33, 33, 33, 33, 33, 33, 33, 33, 33, 33, 33, 33, 33, 33, 33, 33, 33]",32.96984126984127,"[32.957142857142856, 32.95238095238095, 32.953968253968256, 32.96984126984127, 32.96031746031746, 32.96984126984127, 32.960317460317455, 32.974603174603175, 32.974603174603175, 32.96825396825397, 32.96507936507936, 32.96190476190476, 32.953968253968256, 32.96349206349206, 32.96666666666667, 32.96507936507937, 32.96984126984127, 32.97301587301587, 32.973015873015875, 32.97936507936508, 32.971428571428575, 32.973015873015875, 32.971428571428575, 32.976190476190474, 32.971428571428575, 32.976190476190474, 32.96825396825397, 32.95873015873016, 32.96825396825397, 32.96825396825397, 32.973015873015875, 32.977777777777774, 32.974603174603175, 32.976190476190474, 32.971428571428575, 32.976190476190474, 32.974603174603175, 32.977777777777774, 32.971428571428575, 32.98095238095238, 32.973015873015875, 32.96825396825397, 32.971428571428575, 32.96984126984127, 32.96666666666667, 32.96031746031746, 32.96349206349206, 32.96031746031746, 32.96666666666667, 32.96349206349206, 32.96984126984127, 32.96507936507937, 32.971428571428575, 32.974603174603175, 32.973015873015875, 32.96825396825397, 32.971428571428575, 32.977777777777774, 32.971428571428575, 32.96666666666667, 32.976190476190474, 32.976190476190474, 32.973015873015875, 32.96666666666667, 32.96825396825397, 32.96349206349206, 32.96190476190476, 32.96349206349206, 32.96507936507937, 32.971428571428575, 32.96190476190476, 32.96666666666667, 32.96825396825397, 32.96984126984127, 32.96825396825397, 32.96666666666667, 32.96190476190476, 32.96031746031746, 32.96507936507936, 32.96507936507936, 32.96190476190476, 32.95873015873016, 32.95079365079365, 32.96031746031746, 32.955555555555556, 32.96349206349206, 32.95873015873016, 32.96507936507937, 32.96825396825397, 32.96984126984127, 32.96507936507937, 32.971428571428575, 32.974603174603175, 32.974603174603175, 32.973015873015875, 32.971428571428575, 32.973015873015875, 32.971428571428575, 32.971428571428575, 32.96507936507936, 32.96507936507936, 32.96507936507936, 32.960317460317455, 32.96507936507937, 32.96666666666667, 32.96825396825397, 32.96984126984127, 32.96825396825397, 32.96507936507937, 32.96825396825397, 32.96825396825397, 32.971428571428575, 32.973015873015875, 32.974603174603175, 32.973015873015875, 32.973015873015875, 32.971428571428575, 32.974603174603175, 32.976190476190474, 32.977777777777774, 32.97936507936508, 32.97936507936508, 32.96825396825397, 32.96825396825397, 32.96349206349206, 32.96984126984127, 32.96507936507937, 32.96190476190476, 32.96031746031746, 32.96666666666667, 32.96190476190476, 32.957142857142856, 32.96031746031746, 32.95873015873016, 32.96349206349206, 32.96666666666667, 32.96666666666667, 32.973015873015875, 32.96507936507937, 32.96507936507936, 32.96349206349206, 32.971428571428575, 32.971428571428575, 32.96666666666667, 32.96666666666667, 32.96349206349206, 32.96349206349206, 32.971428571428575, 32.96666666666667, 32.974603174603175, 32.971428571428575, 32.96984126984127, 32.974603174603175, 32.971428571428575, 32.973015873015875, 32.971428571428575, 32.973015873015875, 32.976190476190474, 32.973015873015875, 32.973015873015875, 32.96349206349206, 32.96666666666667, 32.974603174603175, 32.971428571428575, 32.96031746031746, 32.96190476190476, 32.95873015873016, 32.96349206349206, 32.96507936507937, 32.96825396825397, 32.96666666666667, 32.971428571428575, 32.96984126984127, 32.96825396825397, 32.971428571428575, 32.976190476190474, 32.96984126984127, 32.96349206349206, 32.95873015873016, 32.95873015873016, 32.96031746031746, 32.96190476190476, 32.96190476190476, 32.96666666666667, 32.96349206349206, 32.95873015873016, 32.95873015873016, 32.96190476190476, 32.96349206349206, 32.96666666666667, 32.96507936507937, 32.96190476190476, 32.96507936507937, 32.96666666666667, 32.96666666666667, 32.973015873015875, 32.971428571428575, 32.96825396825397, 32.973015873015875, 32.96984126984127, 32.96349206349206, 32.96825396825397, 32.96190476190476, 32.96349206349206, 32.96349206349206, 32.96190476190476, 32.96507936507936, 32.96507936507936, 32.96190476190476, 32.96666666666667, 32.96825396825397, 32.96984126984127, 32.96984126984127, 32.971428571428575, 32.977777777777774, 32.971428571428575, 32.976190476190474, 32.973015873015875, 32.96666666666667, 32.974603174603175, 32.96984126984127, 32.974603174603175, 32.976190476190474, 32.976190476190474, 32.96984126984127, 32.976190476190474, 32.977777777777774, 32.974603174603175, 32.97936507936508, 32.976190476190474, 32.976190476190474, 32.974603174603175, 32.974603174603175, 32.97936507936508, 32.976190476190474, 32.977777777777774, 32.98095238095238, 32.97936507936508, 32.97936507936508, 32.976190476190474, 32.973015873015875, 32.976190476190474, 32.974603174603175, 32.96666666666667, 32.977777777777774, 32.977777777777774, 32.98412698412699, 32.98253968253968, 32.976190476190474, 32.98095238095238, 32.971428571428575, 32.96825396825397, 32.971428571428575, 32.973015873015875, 32.96666666666667, 32.95873015873016, 32.96031746031746, 32.96507936507936, 32.976190476190474, 32.97936507936508, 32.976190476190474, 32.973015873015875, 32.97777777777778, 32.976190476190474, 32.97777777777778, 32.974603174603175, 32.97777777777778, 32.97777777777778, 32.98095238095238, 32.976190476190474, 32.96825396825397, 32.973015873015875, 32.974603174603175, 32.971428571428575, 32.971428571428575, 32.97936507936508, 32.976190476190474, 32.974603174603175, 32.96984126984127, 32.976190476190474, 32.971428571428575, 32.96984126984127, 32.96984126984127, 32.96825396825397, 32.96825396825397, 32.96666666666667, 32.96984126984127, 32.96349206349206, 32.971428571428575, 32.971428571428575, 32.971428571428575, 32.96984126984127, 32.976190476190474, 32.973015873015875, 32.976190476190474, 32.971428571428575, 32.96984126984127, 32.96507936507937, 32.96825396825397, 32.96984126984127, 32.96984126984127, 32.971428571428575, 32.971428571428575, 32.96984126984127, 32.973015873015875, 32.96984126984127, 32.971428571428575, 32.973015873015875, 32.974603174603175, 32.977777777777774, 32.98253968253968, 32.97936507936508, 32.98095238095238, 32.976190476190474, 32.98095238095238, 32.98412698412699, 32.97936507936508, 32.976190476190474, 32.974603174603175, 32.976190476190474, 32.976190476190474, 32.973015873015875, 32.973015873015875, 32.976190476190474, 32.973015873015875, 32.971428571428575, 32.973015873015875, 32.971428571428575, 32.977777777777774, 32.97936507936508, 32.98095238095238, 32.96984126984127, 32.96349206349206, 32.96825396825397, 32.96984126984127]",0.8502051701219461,0.8452164728008141,33,"[33, 33, 33, 33, 33, 33, 33, 33, 33, 33, 33, 33, 33, 33, 33, 33, 33, 33, 33, 33, 33, 33, 33, 33, 33, 33, 33, 33, 33, 33, 33, 33, 33, 33, 33, 33, 33, 33, 33, 33, 33, 33, 33, 33, 33, 33, 33, 33, 33, 33, 33, 33, 33, 33, 33, 33, 33, 33, 33, 33, 33, 33, 33, 33, 33, 33, 33, 33, 33, 33, 33, 33, 33, 33, 33, 33, 33, 33, 33, 33, 33, 33, 33, 33, 33, 33, 33, 33, 33, 33, 33, 33, 33, 33, 33, 33, 33, 33, 33, 33, 33, 33, 33, 33, 33, 33, 33, 33, 33, 33, 33, 33, 33, 33, 33, 33, 33, 33, 33, 33, 33, 33, 33, 33, 33, 33, 33, 33, 33, 33, 33, 33, 33, 33, 33, 33, 33, 33, 33, 33, 33, 33, 33, 33, 33, 33, 33, 33, 33, 33, 33, 33, 33, 33, 33, 33, 33, 33, 33, 33, 33, 33, 33, 33, 33, 33, 33, 33, 33, 33, 33, 33, 33, 33, 33, 33, 33, 33, 33, 33, 33, 33, 33, 33, 33, 33, 33, 33, 33, 33, 33, 33, 33, 33, 33, 33, 33, 33, 33, 33, 33, 33, 33, 33, 33, 33, 33, 33, 33, 33, 33, 33, 33, 33, 33, 33, 33, 33, 33, 33, 33, 33, 33, 33, 33, 33, 33, 33, 33, 33, 33, 33, 33, 33, 33, 33, 33, 33, 33, 33, 33, 33, 33, 33, 33, 33, 33, 33, 33, 33, 33, 33, 33, 33, 33, 33, 33, 33, 33, 33, 33, 33, 33, 33, 33, 33, 33, 33, 33, 33, 33, 33, 33, 33, 33, 33, 33, 33, 33, 33, 33, 33, 33, 33, 33, 33, 33, 33, 33, 33, 33, 33, 33, 33, 33, 33, 33, 33, 33, 33, 33, 33, 33, 33, 33, 33, 33, 33, 33, 33, 33, 33, 33, 33, 33, 33, 33, 33, 33, 33, 33, 33, 33, 33, 33, 33, 33, 33, 33, 33, 33, 33, 33, 33, 33]",335,"[0.5341344475746155, 0.43762749433517456, 0.41249561309814453, 0.4025827646255493, 0.39821094274520874, 0.39562880992889404, 0.39378058910369873, 0.39223217964172363, 0.39092177152633667, 0.38976162672042847, 0.3886795938014984, 0.3876241445541382, 0.3866715729236603, 0.38570335507392883, 0.3848080337047577, 0.38395068049430847, 0.3830934762954712, 0.3823026716709137, 0.38156092166900635, 0.38084515929222107, 0.3801586627960205, 0.37949424982070923, 0.3788893520832062, 0.3783046007156372, 0.3777313232421875, 0.3771614134311676, 0.37663817405700684, 0.3761901557445526, 0.375639945268631, 0.37523913383483887, 0.3747415542602539, 0.3742295503616333, 0.3738079369068146, 0.3733656406402588, 0.37298378348350525, 0.3725443184375763, 0.37214550375938416, 0.3717479407787323, 0.37133416533470154, 0.37098610401153564, 0.3706112802028656, 0.3703080713748932, 0.3699510097503662, 0.3696005642414093, 0.36924803256988525, 0.3689352869987488, 0.36860617995262146, 0.36826106905937195, 0.368002712726593, 0.3677162826061249, 0.36741703748703003, 0.3671393096446991, 0.3668215572834015, 0.36653849482536316, 0.3662286102771759, 0.3659312427043915, 0.3656812310218811, 0.36535632610321045, 0.3650869131088257, 0.3648102879524231, 0.36457955837249756, 0.364322304725647, 0.36402684450149536, 0.36375290155410767, 0.3635014593601227, 0.3632235825061798, 0.3629629909992218, 0.3627648949623108, 0.36249133944511414, 0.3622398376464844, 0.3619714081287384, 0.36172324419021606, 0.3614330291748047, 0.3611864447593689, 0.3609422743320465, 0.36066800355911255, 0.36041873693466187, 0.3601417541503906, 0.3598920702934265, 0.3596554100513458, 0.3594072759151459, 0.35920289158821106, 0.3589249551296234, 0.35869652032852173, 0.3584707975387573, 0.35824039578437805, 0.35799703001976013, 0.35778000950813293, 0.3575940430164337, 0.3573039174079895, 0.3570895791053772, 0.356801837682724, 0.3565722703933716, 0.3563596308231354, 0.3561139404773712, 0.3558921813964844, 0.355617493391037, 0.35536545515060425, 0.35511237382888794, 0.354907751083374, 0.3547627329826355, 0.35454678535461426, 0.3542810082435608, 0.3540182113647461, 0.35378822684288025, 0.353551983833313, 0.35335853695869446, 0.3531215190887451, 0.3529365062713623, 0.35278284549713135, 0.3525512218475342, 0.352294921875, 0.3520320951938629, 0.35180914402008057, 0.35157328844070435, 0.3513665795326233, 0.35114946961402893, 0.3509022891521454, 0.3506581783294678, 0.35042187571525574, 0.3502233624458313, 0.35000476241111755, 0.34982532262802124, 0.3495878577232361, 0.3493870496749878, 0.34915873408317566, 0.34899085760116577, 0.3487169146537781, 0.34844720363616943, 0.3482520580291748, 0.348061740398407, 0.34785205125808716, 0.34761181473731995, 0.3473809063434601, 0.34715867042541504, 0.3469509780406952, 0.34669458866119385, 0.3464701175689697, 0.3462555706501007, 0.3460467457771301, 0.34580230712890625, 0.3455926775932312, 0.34538471698760986, 0.34516212344169617, 0.3449001610279083, 0.3446645438671112, 0.3444397747516632, 0.34423667192459106, 0.34399697184562683, 0.3437715768814087, 0.3435603082180023, 0.34332743287086487, 0.34316131472587585, 0.3429173231124878, 0.34271731972694397, 0.3424740731716156, 0.34229642152786255, 0.3421145975589752, 0.34188833832740784, 0.34168145060539246, 0.34150105714797974, 0.3412027060985565, 0.34097325801849365, 0.3407534658908844, 0.3405038118362427, 0.3403187692165375, 0.3400847315788269, 0.33985722064971924, 0.33962124586105347, 0.3394033908843994, 0.33918923139572144, 0.33893507719039917, 0.33870285749435425, 0.338515043258667, 0.3382517695426941, 0.3380308449268341, 0.3378090560436249, 0.33762648701667786, 0.33742237091064453, 0.337185263633728, 0.336955189704895, 0.33672982454299927, 0.33651435375213623, 0.33627358078956604, 0.33602917194366455, 0.3357933461666107, 0.3355688452720642, 0.33537501096725464, 0.3351682424545288, 0.33497506380081177, 0.33472511172294617, 0.33444949984550476, 0.3342171013355255, 0.333997905254364, 0.3337772488594055, 0.33351486921310425, 0.33331167697906494, 0.33305981755256653, 0.33277949690818787, 0.3325597643852234, 0.33230048418045044, 0.3320525288581848, 0.33177536725997925, 0.33157142996788025, 0.33136045932769775, 0.33109986782073975, 0.330882728099823, 0.33070695400238037, 0.33046281337738037, 0.33024856448173523, 0.3300188183784485, 0.3298088312149048, 0.329555869102478, 0.3293546736240387, 0.32905182242393494, 0.32880210876464844, 0.32857564091682434, 0.328339546918869, 0.32810384035110474, 0.327947199344635, 0.3277067542076111, 0.3274432420730591, 0.3271705210208893, 0.32689327001571655, 0.3266559839248657, 0.3264561593532562, 0.3262051045894623, 0.3259950578212738, 0.3257359564304352, 0.3254953622817993, 0.3253112733364105, 0.3250287175178528, 0.32477831840515137, 0.32453349232673645, 0.324302077293396, 0.32404762506484985, 0.3238266706466675, 0.3235913813114166, 0.32338783144950867, 0.32317081093788147, 0.3229358196258545, 0.32269978523254395, 0.32242462038993835, 0.3221864402294159, 0.32190564274787903, 0.32167112827301025, 0.321466863155365, 0.3212064504623413, 0.32096993923187256, 0.3206964433193207, 0.320474237203598, 0.32022616267204285, 0.31989485025405884, 0.3196606934070587, 0.3193801939487457, 0.31909099221229553, 0.3188341557979584, 0.31860455870628357, 0.31832095980644226, 0.3180556893348694, 0.3177911639213562, 0.3175380229949951, 0.31728100776672363, 0.31702569127082825, 0.31677699089050293, 0.3164866268634796, 0.3161734640598297, 0.3159204423427582, 0.31569522619247437, 0.3154546618461609, 0.3151668608188629, 0.31489214301109314, 0.3146190047264099, 0.31433236598968506, 0.31406518816947937, 0.31380602717399597, 0.3135186433792114, 0.31327834725379944, 0.31299835443496704, 0.3127248287200928, 0.3124653398990631, 0.31221476197242737, 0.3119417428970337, 0.31173616647720337, 0.31147730350494385, 0.3112224042415619, 0.31091633439064026, 0.3106180429458618, 0.31037211418151855, 0.31006327271461487, 0.3097939193248749, 0.309528648853302, 0.3093189001083374, 0.30907565355300903, 0.30880749225616455, 0.30853602290153503, 0.30826273560523987, 0.30798885226249695, 0.3077431619167328, 0.3074944019317627, 0.30719998478889465, 0.3069813549518585, 0.3066873848438263, 0.3063942790031433, 0.3061181306838989, 0.30589085817337036, 0.30558350682258606, 0.3052499294281006, 0.30495887994766235, 0.30467450618743896, 0.30436909198760986, 0.30410706996917725, 0.30385729670524597, 0.30352500081062317, 0.30324363708496094, 0.30300864577293396, 0.30274543166160583, 0.30244070291519165, 0.3022100627422333, 0.30191728472709656, 0.301588237285614, 0.30130335688591003, 0.3010430932044983, 0.30076736211776733, 0.30046895146369934, 0.30019137263298035, 0.29992666840553284, 0.2996036410331726, 0.299362450838089, 0.2990638017654419, 0.29877862334251404, 0.298485666513443, 0.2982251048088074, 0.2979893982410431, 0.297725647687912]",33.0,"[33.0, 33.0, 33.0, 33.0, 33.0, 33.0, 33.0, 33.0, 33.0, 33.0, 33.0, 33.0, 33.0, 33.0, 33.0, 33.0, 33.0, 33.0, 33.0, 33.0, 33.0, 33.0, 33.0, 33.0, 33.0, 33.0, 33.0, 33.0, 33.0, 33.0, 33.0, 33.0, 33.0, 33.0, 33.0, 33.0, 33.0, 33.0, 33.0, 33.0, 33.0, 33.0, 33.0, 33.0, 33.0, 33.0, 33.0, 33.0, 33.0, 33.0, 33.0, 33.0, 33.0, 33.0, 33.0, 33.0, 33.0, 33.0, 33.0, 33.0, 33.0, 33.0, 33.0, 33.0, 33.0, 33.0, 33.0, 33.0, 33.0, 33.0, 33.0, 33.0, 33.0, 33.0, 33.0, 33.0, 33.0, 33.0, 33.0, 33.0, 33.0, 33.0, 33.0, 33.0, 33.0, 33.0, 33.0, 33.0, 33.0, 33.0, 33.0, 33.0, 33.0, 33.0, 33.0, 33.0, 33.0, 33.0, 33.0, 33.0, 33.0, 33.0, 33.0, 33.0, 33.0, 33.0, 33.0, 33.0, 33.0, 33.0, 33.0, 33.0, 33.0, 33.0, 33.0, 33.0, 33.0, 33.0, 33.0, 33.0, 33.0, 33.0, 33.0, 33.0, 33.0, 33.0, 33.0, 33.0, 33.0, 33.0, 33.0, 33.0, 33.0, 33.0, 33.0, 33.0, 33.0, 33.0, 33.0, 33.0, 33.0, 33.0, 33.0, 33.0, 33.0, 33.0, 33.0, 33.0, 33.0, 33.0, 33.0, 33.0, 33.0, 33.0, 33.0, 33.0, 33.0, 33.0, 33.0, 33.0, 33.0, 33.0, 33.0, 33.0, 33.0, 33.0, 33.0, 33.0, 33.0, 33.0, 33.0, 33.0, 33.0, 33.0, 33.0, 33.0, 33.0, 33.0, 33.0, 33.0, 33.0, 33.0, 33.0, 33.0, 33.0, 33.0, 33.0, 33.0, 33.0, 33.0, 33.0, 33.0, 33.0, 33.0, 33.0, 33.0, 33.0, 33.0, 33.0, 33.0, 33.0, 33.0, 33.0, 33.0, 33.0, 33.0, 33.0, 33.0, 33.0, 33.0, 33.0, 33.0, 33.0, 33.0, 33.0, 33.0, 33.0, 33.0, 33.0, 33.0, 33.0, 33.0, 33.0, 33.0, 33.0, 33.0, 33.0, 33.0, 33.0, 33.0, 33.0, 33.0, 33.0, 33.0, 33.0, 33.0, 33.0, 33.0, 33.0, 33.0, 33.0, 33.0, 33.0, 33.0, 33.0, 33.0, 33.0, 33.0, 33.0, 33.0, 33.0, 33.0, 33.0, 33.0, 33.0, 33.0, 33.0, 33.0, 33.0, 33.0, 33.0, 33.0, 33.0, 33.0, 33.0, 33.0, 33.0, 33.0, 33.0, 33.0, 33.0, 33.0, 33.0, 33.0, 33.0, 33.0, 33.0, 33.0, 33.0, 33.0, 33.0, 33.0, 33.0, 33.0, 33.0, 33.0, 33.0, 33.0, 33.0, 33.0, 33.0, 33.0, 33.0, 33.0, 33.0, 33.0, 33.0, 33.0, 33.0, 33.0, 33.0, 33.0, 33.0, 33.0, 33.0, 33.0, 33.0, 33.0, 33.0, 33.0, 33.0, 33.0, 33.0, 33.0, 33.0, 33.0, 33.0, 33.0, 33.0, 33.0, 33.0, 33.0, 33.0, 33.0, 33.0, 33.0, 33.0, 33.0, 33.0, 33.0, 33.0, 33.0, 33.0, 33.0, 33.0]",COMPLETE
