,number,value,datetime_start,datetime_complete,duration,params_batch_size_scaler,params_constant_learning_rate,params_depth,params_epochs,params_kernel_l2,params_num_trees,params_temperature,user_attrs_accuracy_test,user_attrs_accuracy_valid,user_attrs_approximate_feature_sparsity,user_attrs_approximate_feature_sparsity_history,user_attrs_approximate_weight_sparsity,user_attrs_approximate_weight_sparsity_history,user_attrs_auc_test,user_attrs_auc_valid,user_attrs_feature_sparsity,user_attrs_feature_sparsity_history,user_attrs_num_epochs,user_attrs_val_loss_history,user_attrs_weight_sparsity,user_attrs_weight_sparsity_history,state
57,57,0.5,2024-08-31 02:50:02.758107,2024-08-31 02:57:18.918254,0 days 00:07:16.160147,4,9.88185758196038,5,350,0.08780554714225837,24,0.00023157133415053357,0.859,0.85875,0,"[33, 28, 20, 18, 16, 16, 16, 16, 16, 15, 15, 15, 13, 13, 12, 9, 9, 9, 9, 8, 8, 8, 7, 7, 5, 4, 4, 4, 2, 2, 2, 2, 1, 1, 1, 1, 1, 1, 1, 1, 0, 0, 0, 0, 0, 0, 0, 0, 0, 0, 0, 0, 0, 0, 0, 0, 0, 0, 0, 0, 0, 0, 0, 0, 0, 0, 0, 0, 0, 0, 0, 0, 0, 0, 0, 0, 0, 0, 0, 0, 0, 0, 0, 0, 0, 0, 0, 0, 0, 0, 0, 0, 0, 0, 0, 0, 0, 0, 0, 0, 0, 0, 0, 0, 0, 0, 0, 0, 0, 0, 0, 0, 0, 0, 0, 0, 0, 0, 0, 0, 0, 0, 0, 0, 0, 0, 0, 0, 0, 0, 0, 0, 0, 0, 0, 0, 0, 0, 0, 0, 0, 0, 0, 0, 0, 0, 0, 0, 0, 0, 0, 0, 0, 0, 0, 0, 0, 0, 0, 0, 0, 0, 0, 0, 0, 0, 0, 0, 0, 0, 0, 0, 0, 0, 0, 0, 0, 0, 0, 0, 0, 0, 0, 0, 0, 0, 0, 0, 0, 0, 0, 0, 0, 0, 0, 0, 0, 0, 0, 0, 0, 0, 0, 0, 0, 0, 0, 0, 0, 0, 0, 0, 0, 0, 0, 0, 0, 0, 0, 0, 0, 0, 0, 0, 0, 0, 0, 0, 0, 0, 0, 0, 0, 0, 0, 0, 0, 0, 0, 0, 0, 0, 0, 0, 0, 0, 0, 0, 0, 0, 0, 0, 0, 0, 0, 0, 0, 0, 0, 0, 0, 0, 0, 0, 0, 0, 0, 0, 0, 0, 0, 0, 0, 0, 0, 0, 0, 0, 0, 0, 0, 0, 0, 0, 0, 0, 0, 0, 0, 0, 0, 0, 0, 0, 0, 0, 0, 0, 0, 0, 0, 0, 0, 0, 0, 0, 0, 0, 0, 0, 0, 0, 0, 0, 0, 0, 0, 0, 0, 0, 0, 0, 0, 0, 0, 0, 0, 0, 0, 0, 0, 0, 0, 0, 0, 0, 0, 0, 0, 0, 0, 0, 0, 0, 0, 0, 0, 0, 0, 0]",0.0,"[32.97043010752688, 27.977150537634405, 19.981182795698924, 17.975806451612904, 15.98521505376344, 15.978494623655912, 15.974462365591398, 15.959677419354838, 15.978494623655912, 14.979838709677418, 14.96505376344086, 14.966397849462364, 12.96505376344086, 12.967741935483872, 11.971774193548388, 8.969086021505376, 8.971774193548386, 8.971774193548388, 8.967741935483872, 7.973118279569892, 7.96774193548387, 7.978494623655914, 6.975806451612903, 6.98252688172043, 4.986559139784946, 3.989247311827957, 3.978494623655914, 3.9811827956989245, 1.9946236559139785, 1.9973118279569892, 1.9946236559139785, 1.993279569892473, 1.0, 1.0, 1.0, 0.9986559139784946, 1.0, 1.0, 1.0, 1.0, 0.0, 0.0, 0.0, 0.0, 0.0, 0.0, 0.0, 0.0, 0.0, 0.0, 0.0, 0.0, 0.0, 0.0, 0.0, 0.0, 0.0, 0.0, 0.0, 0.0, 0.0, 0.0, 0.0, 0.0, 0.0, 0.0, 0.0, 0.0, 0.0, 0.0, 0.0, 0.0, 0.0, 0.0, 0.0, 0.0, 0.0, 0.0, 0.0, 0.0, 0.0, 0.0, 0.0, 0.0, 0.0, 0.0, 0.0, 0.0, 0.0, 0.0, 0.0, 0.0, 0.0, 0.0, 0.0, 0.0, 0.0, 0.0, 0.0, 0.0, 0.0, 0.0, 0.0, 0.0, 0.0, 0.0, 0.0, 0.0, 0.0, 0.0, 0.0, 0.0, 0.0, 0.0, 0.0, 0.0, 0.0, 0.0, 0.0, 0.0, 0.0, 0.0, 0.0, 0.0, 0.0, 0.0, 0.0, 0.0, 0.0, 0.0, 0.0, 0.0, 0.0, 0.0, 0.0, 0.0, 0.0, 0.0, 0.0, 0.0, 0.0, 0.0, 0.0, 0.0, 0.0, 0.0, 0.0, 0.0, 0.0, 0.0, 0.0, 0.0, 0.0, 0.0, 0.0, 0.0, 0.0, 0.0, 0.0, 0.0, 0.0, 0.0, 0.0, 0.0, 0.0, 0.0, 0.0, 0.0, 0.0, 0.0, 0.0, 0.0, 0.0, 0.0, 0.0, 0.0, 0.0, 0.0, 0.0, 0.0, 0.0, 0.0, 0.0, 0.0, 0.0, 0.0, 0.0, 0.0, 0.0, 0.0, 0.0, 0.0, 0.0, 0.0, 0.0, 0.0, 0.0, 0.0, 0.0, 0.0, 0.0, 0.0, 0.0, 0.0, 0.0, 0.0, 0.0, 0.0, 0.0, 0.0, 0.0, 0.0, 0.0, 0.0, 0.0, 0.0, 0.0, 0.0, 0.0, 0.0, 0.0, 0.0, 0.0, 0.0, 0.0, 0.0, 0.0, 0.0, 0.0, 0.0, 0.0, 0.0, 0.0, 0.0, 0.0, 0.0, 0.0, 0.0, 0.0, 0.0, 0.0, 0.0, 0.0, 0.0, 0.0, 0.0, 0.0, 0.0, 0.0, 0.0, 0.0, 0.0, 0.0, 0.0, 0.0, 0.0, 0.0, 0.0, 0.0, 0.0, 0.0, 0.0, 0.0, 0.0, 0.0, 0.0, 0.0, 0.0, 0.0, 0.0, 0.0, 0.0, 0.0, 0.0, 0.0, 0.0, 0.0, 0.0, 0.0, 0.0, 0.0, 0.0, 0.0, 0.0, 0.0, 0.0, 0.0, 0.0, 0.0, 0.0, 0.0, 0.0, 0.0, 0.0, 0.0, 0.0, 0.0, 0.0, 0.0, 0.0, 0.0, 0.0, 0.0, 0.0, 0.0, 0.0, 0.0, 0.0, 0.0, 0.0, 0.0, 0.0, 0.0, 0.0, 0.0, 0.0, 0.0, 0.0, 0.0, 0.0, 0.0, 0.0, 0.0, 0.0, 0.0, 0.0, 0.0, 0.0, 0.0, 0.0, 0.0, 0.0, 0.0, 0.0, 0.0, 0.0, 0.0, 0.0, 0.0, 0.0, 0.0, 0.0, 0.0, 0.0, 0.0, 0.0, 0.0, 0.0, 0.0, 0.0]",0.5,0.5,0,"[33, 28, 20, 18, 16, 16, 16, 16, 16, 15, 15, 15, 13, 13, 12, 9, 9, 9, 9, 8, 8, 8, 7, 7, 5, 4, 4, 4, 2, 2, 2, 2, 1, 1, 1, 1, 1, 1, 1, 1, 0, 0, 0, 0, 0, 0, 0, 0, 0, 0, 0, 0, 0, 0, 0, 0, 0, 0, 0, 0, 0, 0, 0, 0, 0, 0, 0, 0, 0, 0, 0, 0, 0, 0, 0, 0, 0, 0, 0, 0, 0, 0, 0, 0, 0, 0, 0, 0, 0, 0, 0, 0, 0, 0, 0, 0, 0, 0, 0, 0, 0, 0, 0, 0, 0, 0, 0, 0, 0, 0, 0, 0, 0, 0, 0, 0, 0, 0, 0, 0, 0, 0, 0, 0, 0, 0, 0, 0, 0, 0, 0, 0, 0, 0, 0, 0, 0, 0, 0, 0, 0, 0, 0, 0, 0, 0, 0, 0, 0, 0, 0, 0, 0, 0, 0, 0, 0, 0, 0, 0, 0, 0, 0, 0, 0, 0, 0, 0, 0, 0, 0, 0, 0, 0, 0, 0, 0, 0, 0, 0, 0, 0, 0, 0, 0, 0, 0, 0, 0, 0, 0, 0, 0, 0, 0, 0, 0, 0, 0, 0, 0, 0, 0, 0, 0, 0, 0, 0, 0, 0, 0, 0, 0, 0, 0, 0, 0, 0, 0, 0, 0, 0, 0, 0, 0, 0, 0, 0, 0, 0, 0, 0, 0, 0, 0, 0, 0, 0, 0, 0, 0, 0, 0, 0, 0, 0, 0, 0, 0, 0, 0, 0, 0, 0, 0, 0, 0, 0, 0, 0, 0, 0, 0, 0, 0, 0, 0, 0, 0, 0, 0, 0, 0, 0, 0, 0, 0, 0, 0, 0, 0, 0, 0, 0, 0, 0, 0, 0, 0, 0, 0, 0, 0, 0, 0, 0, 0, 0, 0, 0, 0, 0, 0, 0, 0, 0, 0, 0, 0, 0, 0, 0, 0, 0, 0, 0, 0, 0, 0, 0, 0, 0, 0, 0, 0, 0, 0, 0, 0, 0, 0, 0, 0, 0, 0, 0, 0, 0, 0, 0, 0, 0, 0, 0, 0, 0, 0, 0, 0, 0]",350,"[0.46345433592796326, 0.3081175684928894, 0.22324825823307037, 0.24419187009334564, 0.22453507781028748, 0.22871772944927216, 0.2707199454307556, 0.24961251020431519, 0.23260051012039185, 0.21062630414962769, 0.20708413422107697, 0.25225141644477844, 0.2198217213153839, 0.22175633907318115, 0.2239890694618225, 0.2392343133687973, 0.5891039371490479, 0.336643248796463, 0.27720731496810913, 0.22361361980438232, 0.229625403881073, 0.21609720587730408, 0.2699020802974701, 0.28190234303474426, 0.3756466209888458, 0.379374235868454, 0.35556384921073914, 0.3860752582550049, 0.37561526894569397, 0.3840819299221039, 0.3755616843700409, 0.4518112242221832, 0.4050397574901581, 0.4657849967479706, 0.38558825850486755, 0.489408403635025, 0.38568153977394104, 0.38626185059547424, 0.6296266317367554, 0.5493965148925781, 0.474094420671463, 0.4089377522468567, 0.4548925757408142, 0.4081842303276062, 0.4487593472003937, 0.4187672734260559, 0.4252433478832245, 0.49967366456985474, 0.5359981656074524, 0.44988659024238586, 0.5148723125457764, 0.4072471559047699, 0.965857744216919, 0.4076240658760071, 0.409474641084671, 0.4627203643321991, 0.4595755636692047, 0.41144511103630066, 0.40799465775489807, 0.5439693927764893, 0.4158322811126709, 0.4111798405647278, 0.7427801489830017, 0.4179326295852661, 0.4832388162612915, 0.435819536447525, 0.40925875306129456, 0.42318210005760193, 0.4111171364784241, 0.41699159145355225, 0.5270418524742126, 0.4098643958568573, 0.6516094207763672, 0.4576103985309601, 0.5269469022750854, 0.42577049136161804, 0.4202919006347656, 0.41095679998397827, 0.42375701665878296, 0.407279372215271, 0.40739211440086365, 0.4303901791572571, 0.4117599129676819, 0.44946619868278503, 0.7198228240013123, 0.4388354420661926, 0.40962082147598267, 0.44812288880348206, 0.4216785132884979, 0.4220801889896393, 0.7052773237228394, 0.4302576780319214, 0.573204755783081, 0.40729784965515137, 0.4110947847366333, 0.42757460474967957, 0.4111699163913727, 0.4225078523159027, 0.40726959705352783, 0.40804657340049744, 0.5900315642356873, 0.41218239068984985, 0.4467983543872833, 0.41863858699798584, 0.4457686245441437, 0.40730902552604675, 0.5917069315910339, 0.412075400352478, 0.45497986674308777, 0.4109309911727905, 0.4277665615081787, 0.522426962852478, 0.4147420823574066, 0.4072980582714081, 0.41151976585388184, 0.43860357999801636, 0.4151650369167328, 0.42474162578582764, 0.46910709142684937, 0.41123470664024353, 0.46807795763015747, 0.9278198480606079, 0.42033326625823975, 0.45739516615867615, 0.40740737318992615, 0.4456254839897156, 0.43472158908843994, 0.5050331950187683, 1.0300719738006592, 0.44055068492889404, 0.5707518458366394, 0.5848891735076904, 0.43417322635650635, 0.4681813418865204, 0.5553280711174011, 0.579301655292511, 0.4344218373298645, 0.41009700298309326, 0.4085438847541809, 0.4604348838329315, 0.5226703882217407, 0.43676140904426575, 0.4083031713962555, 0.4585518538951874, 0.4082193076610565, 0.4082619845867157, 0.48671358823776245, 0.40927791595458984, 0.44024088978767395, 0.5774019360542297, 0.4097706973552704, 0.4354095160961151, 0.4172126352787018, 0.45651775598526, 0.4072405695915222, 0.41173163056373596, 0.418772429227829, 0.5713279247283936, 0.40954089164733887, 0.4254821836948395, 0.46336209774017334, 0.4621902108192444, 0.4108508229255676, 0.41982531547546387, 0.40724387764930725, 0.4782648980617523, 0.4472837746143341, 0.48771363496780396, 0.5217342972755432, 0.4366297125816345, 0.4389682412147522, 0.40807217359542847, 0.44658955931663513, 0.41153502464294434, 0.41200459003448486, 0.4219081997871399, 0.41041138768196106, 0.4354080259799957, 0.40747326612472534, 0.42331409454345703, 0.416668176651001, 0.4410190284252167, 0.6583744883537292, 0.43214282393455505, 0.4348710775375366, 0.41615086793899536, 0.4192614257335663, 0.41046610474586487, 0.4074043035507202, 0.5021317601203918, 0.42303356528282166, 0.4990439713001251, 0.46805131435394287, 0.4616040885448456, 0.4073473811149597, 0.5218744874000549, 0.5299457311630249, 0.8930285573005676, 0.4244152903556824, 0.7266832590103149, 0.4194321036338806, 0.47101226449012756, 0.4228422939777374, 0.4096744656562805, 0.6994097828865051, 0.4103988707065582, 0.4234692454338074, 0.4717819094657898, 0.4205125570297241, 0.42583832144737244, 0.4463050365447998, 0.4826573431491852, 0.41723084449768066, 0.42019107937812805, 0.5299586653709412, 0.4837965667247772, 0.580091655254364, 0.43350476026535034, 0.4260568916797638, 0.41071617603302, 0.6491622924804688, 0.47776034474372864, 0.41149505972862244, 0.4334839880466461, 0.5141725540161133, 0.4086308777332306, 0.44437530636787415, 0.44221359491348267, 0.4232274293899536, 0.4351135194301605, 0.4093076288700104, 0.40989917516708374, 0.4416944980621338, 0.41273242235183716, 0.4372381269931793, 0.5025012493133545, 0.5556613802909851, 0.41733282804489136, 0.4341832101345062, 0.4132218658924103, 0.40869197249412537, 0.4094579815864563, 0.4251834452152252, 0.4120364785194397, 0.40724217891693115, 0.4703308343887329, 0.4094805419445038, 0.4294486343860626, 0.4725959002971649, 0.4626891016960144, 0.43669480085372925, 0.4105299711227417, 0.4169996678829193, 0.4142431318759918, 0.40779250860214233, 0.47711700201034546, 0.42036598920822144, 0.4136626720428467, 0.4073106646537781, 0.4120156168937683, 0.43390002846717834, 0.6798655986785889, 0.4099815785884857, 0.5062853097915649, 0.5467497110366821, 0.5192347168922424, 0.42087212204933167, 0.4432712495326996, 0.4077352285385132, 0.4119459092617035, 0.4622129499912262, 0.41078653931617737, 0.4210028350353241, 0.4361139237880707, 0.41479381918907166, 0.4094330668449402, 0.43293270468711853, 0.4778616428375244, 0.4121173024177551, 0.43267548084259033, 0.4214593470096588, 0.4273872673511505, 0.4595876932144165, 0.48227864503860474, 0.4109894037246704, 0.41658782958984375, 0.44475042819976807, 0.40723857283592224, 0.44849833846092224, 0.43940848112106323, 0.41043198108673096, 0.47917693853378296, 0.4209297299385071, 0.6048247814178467, 0.4077485203742981, 0.6324374079704285, 0.41395458579063416, 0.4401307702064514, 0.4558749496936798, 0.4076444208621979, 0.41725781559944153, 0.4073004126548767, 0.4447057247161865, 0.4304930567741394, 0.5827652215957642, 0.44549286365509033, 0.6852518320083618, 0.627180814743042, 0.4667043387889862, 0.4435144066810608, 0.47641676664352417, 0.40956008434295654, 0.5698676109313965, 0.481121301651001, 0.46007752418518066, 0.5009881854057312, 0.5049058794975281, 0.4387046694755554, 0.41282424330711365, 0.41366955637931824, 0.7305440306663513, 0.4076026678085327, 0.6296845078468323, 0.43230316042900085, 0.4115365743637085, 0.4100952446460724, 0.42498815059661865, 0.4161246120929718, 0.4118010699748993, 0.4209360182285309, 0.4100642800331116, 0.7816339731216431, 0.4072718918323517, 0.45720070600509644, 0.4175125062465668, 0.41023123264312744, 0.44475609064102173, 0.41170111298561096, 0.40914517641067505, 0.6714394092559814, 0.4375670552253723, 0.40779614448547363, 0.413168340921402, 0.47251731157302856, 0.5761924386024475, 0.40839684009552, 0.47729775309562683, 0.44633960723876953, 0.6108137965202332, 0.44893115758895874]",0.0,"[33.0, 28.0, 20.0, 18.0, 16.0, 16.0, 16.0, 16.0, 16.0, 15.0, 15.0, 15.0, 13.0, 13.0, 12.0, 9.0, 9.0, 9.0, 9.0, 8.0, 8.0, 8.0, 7.0, 7.0, 5.0, 4.0, 4.0, 4.0, 2.0, 2.0, 2.0, 2.0, 1.0, 1.0, 1.0, 1.0, 1.0, 1.0, 1.0, 1.0, 0.0, 0.0, 0.0, 0.0, 0.0, 0.0, 0.0, 0.0, 0.0, 0.0, 0.0, 0.0, 0.0, 0.0, 0.0, 0.0, 0.0, 0.0, 0.0, 0.0, 0.0, 0.0, 0.0, 0.0, 0.0, 0.0, 0.0, 0.0, 0.0, 0.0, 0.0, 0.0, 0.0, 0.0, 0.0, 0.0, 0.0, 0.0, 0.0, 0.0, 0.0, 0.0, 0.0, 0.0, 0.0, 0.0, 0.0, 0.0, 0.0, 0.0, 0.0, 0.0, 0.0, 0.0, 0.0, 0.0, 0.0, 0.0, 0.0, 0.0, 0.0, 0.0, 0.0, 0.0, 0.0, 0.0, 0.0, 0.0, 0.0, 0.0, 0.0, 0.0, 0.0, 0.0, 0.0, 0.0, 0.0, 0.0, 0.0, 0.0, 0.0, 0.0, 0.0, 0.0, 0.0, 0.0, 0.0, 0.0, 0.0, 0.0, 0.0, 0.0, 0.0, 0.0, 0.0, 0.0, 0.0, 0.0, 0.0, 0.0, 0.0, 0.0, 0.0, 0.0, 0.0, 0.0, 0.0, 0.0, 0.0, 0.0, 0.0, 0.0, 0.0, 0.0, 0.0, 0.0, 0.0, 0.0, 0.0, 0.0, 0.0, 0.0, 0.0, 0.0, 0.0, 0.0, 0.0, 0.0, 0.0, 0.0, 0.0, 0.0, 0.0, 0.0, 0.0, 0.0, 0.0, 0.0, 0.0, 0.0, 0.0, 0.0, 0.0, 0.0, 0.0, 0.0, 0.0, 0.0, 0.0, 0.0, 0.0, 0.0, 0.0, 0.0, 0.0, 0.0, 0.0, 0.0, 0.0, 0.0, 0.0, 0.0, 0.0, 0.0, 0.0, 0.0, 0.0, 0.0, 0.0, 0.0, 0.0, 0.0, 0.0, 0.0, 0.0, 0.0, 0.0, 0.0, 0.0, 0.0, 0.0, 0.0, 0.0, 0.0, 0.0, 0.0, 0.0, 0.0, 0.0, 0.0, 0.0, 0.0, 0.0, 0.0, 0.0, 0.0, 0.0, 0.0, 0.0, 0.0, 0.0, 0.0, 0.0, 0.0, 0.0, 0.0, 0.0, 0.0, 0.0, 0.0, 0.0, 0.0, 0.0, 0.0, 0.0, 0.0, 0.0, 0.0, 0.0, 0.0, 0.0, 0.0, 0.0, 0.0, 0.0, 0.0, 0.0, 0.0, 0.0, 0.0, 0.0, 0.0, 0.0, 0.0, 0.0, 0.0, 0.0, 0.0, 0.0, 0.0, 0.0, 0.0, 0.0, 0.0, 0.0, 0.0, 0.0, 0.0, 0.0, 0.0, 0.0, 0.0, 0.0, 0.0, 0.0, 0.0, 0.0, 0.0, 0.0, 0.0, 0.0, 0.0, 0.0, 0.0, 0.0, 0.0, 0.0, 0.0, 0.0, 0.0, 0.0, 0.0, 0.0, 0.0, 0.0, 0.0, 0.0, 0.0, 0.0, 0.0, 0.0, 0.0, 0.0, 0.0, 0.0, 0.0, 0.0, 0.0, 0.0, 0.0, 0.0, 0.0, 0.0, 0.0, 0.0, 0.0, 0.0, 0.0, 0.0, 0.0, 0.0, 0.0, 0.0, 0.0, 0.0, 0.0, 0.0, 0.0, 0.0, 0.0]",COMPLETE
