,number,value,datetime_start,datetime_complete,duration,params_batch_size_scaler,params_constant_learning_rate,params_depth,params_epochs,params_kernel_l2,params_num_trees,params_temperature,user_attrs_accuracy_test,user_attrs_accuracy_valid,user_attrs_approximate_feature_sparsity,user_attrs_approximate_feature_sparsity_history,user_attrs_approximate_weight_sparsity,user_attrs_approximate_weight_sparsity_history,user_attrs_auc_test,user_attrs_auc_valid,user_attrs_feature_sparsity,user_attrs_feature_sparsity_history,user_attrs_num_epochs,user_attrs_val_loss_history,user_attrs_weight_sparsity,user_attrs_weight_sparsity_history,state
66,66,0.9295384575749378,2024-08-31 03:26:57.168670,2024-08-31 03:29:34.688673,0 days 00:02:37.520003,1,0.06439269740683974,4,225,0.012287851684339641,48,0.0005862248839603098,0.947,0.945,33,"[33, 33, 33, 33, 33, 33, 33, 33, 33, 33, 33, 33, 33, 33, 33, 33, 33, 33, 33, 33, 33, 33, 33, 33, 33, 33, 33, 33, 33, 33, 33, 33, 33, 33, 33, 33, 33, 33, 33, 33, 33, 33, 33, 33, 33, 33, 33, 33, 33, 33, 33, 33, 33, 33, 33, 33, 33, 33, 33, 33, 33, 33, 33, 33, 33, 33, 33, 33, 33, 33, 33, 33, 33, 33, 33, 33, 33, 33, 33, 33, 33, 33, 33, 33, 33, 33, 33, 33, 33, 33, 33, 33, 33, 33, 33, 33, 33, 33, 33, 33, 33, 33, 33, 33, 33, 33, 33, 33, 33, 33, 33, 33, 33, 33, 33, 33, 33, 33, 33, 33, 33, 33, 33, 33, 33, 33, 33, 33, 33, 33, 33, 33, 33, 33, 33, 33, 33, 33, 33, 33, 33, 33, 33, 33, 33, 33, 33, 33, 33, 33, 33, 33, 33, 33, 33, 33, 33, 33, 33, 33, 33, 33, 33, 33, 33, 33, 33, 33, 33, 33, 33, 33, 33, 33, 33, 33, 33, 33, 33, 33, 33, 33, 33, 33, 33, 33, 33, 33, 33, 33, 33, 33, 33, 33, 33, 33, 33, 33, 33, 33, 33, 33, 33, 33, 33, 33, 33, 33, 33, 33, 33, 33, 33, 33, 33, 33, 33, 33, 33, 33, 33, 33, 33, 33, 33]",32.956944444444446,"[32.97638888888889, 32.974999999999994, 32.97222222222222, 32.96388888888889, 32.96944444444444, 32.97361111111111, 32.96805555555556, 32.97083333333333, 32.96666666666667, 32.96944444444445, 32.97638888888889, 32.95972222222222, 32.97361111111111, 32.976388888888884, 32.977777777777774, 32.96527777777778, 32.97222222222222, 32.96111111111111, 32.96805555555556, 32.96944444444444, 32.956944444444446, 32.9625, 32.96527777777778, 32.97222222222222, 32.96805555555556, 32.96805555555556, 32.96666666666666, 32.96388888888889, 32.9625, 32.96666666666667, 32.96805555555555, 32.9625, 32.956944444444446, 32.9625, 32.96527777777778, 32.96805555555555, 32.96666666666667, 32.96527777777778, 32.96666666666667, 32.96666666666667, 32.97083333333333, 32.97638888888889, 32.956944444444446, 32.97083333333333, 32.975, 32.97361111111111, 32.96805555555555, 32.97083333333333, 32.95833333333333, 32.951388888888886, 32.97083333333333, 32.96805555555556, 32.96805555555555, 32.96527777777777, 32.96805555555556, 32.97361111111111, 32.96666666666667, 32.96527777777778, 32.975, 32.977777777777774, 32.96527777777778, 32.955555555555556, 32.95, 32.951388888888886, 32.948611111111106, 32.961111111111116, 32.96388888888889, 32.96388888888889, 32.96805555555555, 32.97361111111111, 32.96944444444444, 32.96388888888889, 32.96666666666667, 32.97222222222222, 32.97083333333333, 32.959722222222226, 32.96527777777777, 32.958333333333336, 32.951388888888886, 32.96388888888889, 32.958333333333336, 32.955555555555556, 32.9625, 32.96666666666666, 32.97083333333333, 32.96944444444444, 32.96944444444444, 32.96666666666667, 32.96111111111111, 32.96666666666667, 32.97222222222222, 32.96111111111111, 32.96805555555555, 32.96666666666666, 32.96944444444444, 32.96388888888889, 32.9625, 32.97083333333333, 32.96111111111111, 32.96805555555556, 32.96527777777778, 32.955555555555556, 32.975, 32.96944444444444, 32.96944444444444, 32.97361111111111, 32.95833333333333, 32.9625, 32.96666666666667, 32.96527777777778, 32.96527777777778, 32.96388888888889, 32.96666666666667, 32.96388888888889, 32.951388888888886, 32.956944444444446, 32.954166666666666, 32.955555555555556, 32.954166666666666, 32.9625, 32.96527777777778, 32.958333333333336, 32.9625, 32.96805555555555, 32.9625, 32.96944444444445, 32.97083333333333, 32.96666666666667, 32.96805555555555, 32.96666666666667, 32.96805555555555, 32.96527777777778, 32.96944444444445, 32.96666666666667, 32.96111111111111, 32.96666666666667, 32.96944444444445, 32.96388888888889, 32.95972222222222, 32.96666666666667, 32.96388888888889, 32.9625, 32.952777777777776, 32.955555555555556, 32.956944444444446, 32.952777777777776, 32.95, 32.9625, 32.96527777777778, 32.96666666666667, 32.96527777777778, 32.9625, 32.96944444444444, 32.96944444444445, 32.96388888888889, 32.954166666666666, 32.956944444444446, 32.96527777777778, 32.97222222222222, 32.955555555555556, 32.96805555555555, 32.96527777777778, 32.96111111111111, 32.96111111111111, 32.96527777777778, 32.96111111111111, 32.96388888888889, 32.96388888888889, 32.959722222222226, 32.94722222222222, 32.9625, 32.96527777777778, 32.96944444444445, 32.96944444444444, 32.96388888888889, 32.975, 32.97222222222222, 32.977777777777774, 32.97638888888889, 32.97361111111111, 32.96527777777778, 32.975, 32.975, 32.97222222222222, 32.96527777777778, 32.96944444444445, 32.9625, 32.96527777777778, 32.96527777777778, 32.96111111111111, 32.97222222222222, 32.975, 32.96527777777778, 32.9625, 32.96527777777778, 32.96388888888889, 32.96388888888889, 32.97083333333333, 32.96805555555555, 32.96388888888889, 32.959722222222226, 32.96805555555556, 32.975, 32.96527777777778, 32.96805555555555, 32.97222222222222, 32.96666666666667, 32.955555555555556, 32.96388888888889, 32.96944444444444, 32.958333333333336, 32.9625, 32.954166666666666, 32.96388888888889, 32.96111111111111, 32.96666666666667, 32.96944444444445, 32.96527777777778, 32.94722222222222, 32.954166666666666, 32.96111111111111, 32.958333333333336, 32.954166666666666, 32.95277777777778, 32.956944444444446]",0.912334150711284,0.9295384575749378,33,"[33, 33, 33, 33, 33, 33, 33, 33, 33, 33, 33, 33, 33, 33, 33, 33, 33, 33, 33, 33, 33, 33, 33, 33, 33, 33, 33, 33, 33, 33, 33, 33, 33, 33, 33, 33, 33, 33, 33, 33, 33, 33, 33, 33, 33, 33, 33, 33, 33, 33, 33, 33, 33, 33, 33, 33, 33, 33, 33, 33, 33, 33, 33, 33, 33, 33, 33, 33, 33, 33, 33, 33, 33, 33, 33, 33, 33, 33, 33, 33, 33, 33, 33, 33, 33, 33, 33, 33, 33, 33, 33, 33, 33, 33, 33, 33, 33, 33, 33, 33, 33, 33, 33, 33, 33, 33, 33, 33, 33, 33, 33, 33, 33, 33, 33, 33, 33, 33, 33, 33, 33, 33, 33, 33, 33, 33, 33, 33, 33, 33, 33, 33, 33, 33, 33, 33, 33, 33, 33, 33, 33, 33, 33, 33, 33, 33, 33, 33, 33, 33, 33, 33, 33, 33, 33, 33, 33, 33, 33, 33, 33, 33, 33, 33, 33, 33, 33, 33, 33, 33, 33, 33, 33, 33, 33, 33, 33, 33, 33, 33, 33, 33, 33, 33, 33, 33, 33, 33, 33, 33, 33, 33, 33, 33, 33, 33, 33, 33, 33, 33, 33, 33, 33, 33, 33, 33, 33, 33, 33, 33, 33, 33, 33, 33, 33, 33, 33, 33, 33, 33, 33, 33, 33, 33, 33]",225,"[0.3810397684574127, 0.370891273021698, 0.36480438709259033, 0.3593061566352844, 0.3564402461051941, 0.3505003750324249, 0.345304936170578, 0.3404194116592407, 0.33612608909606934, 0.3316892385482788, 0.3263733386993408, 0.321415513753891, 0.31633031368255615, 0.3104942739009857, 0.30843424797058105, 0.29918229579925537, 0.2931416630744934, 0.28655269742012024, 0.2815556526184082, 0.27599963545799255, 0.2709454596042633, 0.2665453851222992, 0.2628437876701355, 0.26055440306663513, 0.2566252648830414, 0.2523514926433563, 0.2534230947494507, 0.2477896809577942, 0.24773408472537994, 0.24307087063789368, 0.24128668010234833, 0.2392803579568863, 0.23637424409389496, 0.23446299135684967, 0.23429644107818604, 0.2310466170310974, 0.23553241789340973, 0.22838939726352692, 0.2276087999343872, 0.22638176381587982, 0.22240093350410461, 0.2206464409828186, 0.2193080484867096, 0.21890278160572052, 0.21660375595092773, 0.21888823807239532, 0.21522673964500427, 0.21920719742774963, 0.21357113122940063, 0.21004317700862885, 0.2114446461200714, 0.21073144674301147, 0.2086963802576065, 0.2063441276550293, 0.20654171705245972, 0.20480291545391083, 0.20528320968151093, 0.20376425981521606, 0.20518247783184052, 0.2020404040813446, 0.20165714621543884, 0.20068898797035217, 0.20106501877307892, 0.20132984220981598, 0.1984911412000656, 0.1990409642457962, 0.1995111107826233, 0.19802412390708923, 0.19812972843647003, 0.1970733255147934, 0.19551371037960052, 0.19605514407157898, 0.19503936171531677, 0.19941310584545135, 0.19412174820899963, 0.19250310957431793, 0.19625228643417358, 0.19311878085136414, 0.1924130618572235, 0.19117096066474915, 0.19412757456302643, 0.19129528105258942, 0.1983979046344757, 0.19218631088733673, 0.19050823152065277, 0.19265605509281158, 0.19823110103607178, 0.1935531497001648, 0.19571425020694733, 0.19211700558662415, 0.19126641750335693, 0.19034570455551147, 0.19184201955795288, 0.18846598267555237, 0.18985609710216522, 0.1907435804605484, 0.1898282766342163, 0.1885550320148468, 0.18804319202899933, 0.19103793799877167, 0.18962469696998596, 0.18769913911819458, 0.18779581785202026, 0.18826906383037567, 0.1868952214717865, 0.18811626732349396, 0.19133733212947845, 0.18572856485843658, 0.1863209754228592, 0.19169726967811584, 0.18468709290027618, 0.18465930223464966, 0.18370987474918365, 0.18777969479560852, 0.18491050601005554, 0.18745353817939758, 0.18733853101730347, 0.1920495629310608, 0.18886762857437134, 0.18499833345413208, 0.18346822261810303, 0.1848410964012146, 0.18686674535274506, 0.18485620617866516, 0.18497848510742188, 0.18250638246536255, 0.18969476222991943, 0.18430593609809875, 0.18358252942562103, 0.18443018198013306, 0.18684139847755432, 0.1842622309923172, 0.18208801746368408, 0.18171656131744385, 0.19033049046993256, 0.18520012497901917, 0.18371400237083435, 0.18229880928993225, 0.18229816854000092, 0.18676269054412842, 0.1879563182592392, 0.18086501955986023, 0.18430233001708984, 0.18724755942821503, 0.18780101835727692, 0.18409539759159088, 0.18215221166610718, 0.18215370178222656, 0.18590284883975983, 0.18346650898456573, 0.1860664337873459, 0.1832311451435089, 0.18300668895244598, 0.18661090731620789, 0.1851029247045517, 0.18138927221298218, 0.1822473704814911, 0.18453313410282135, 0.18848362565040588, 0.18249377608299255, 0.1837824583053589, 0.1821717619895935, 0.18342676758766174, 0.1829269826412201, 0.18472406268119812, 0.1829552799463272, 0.18499603867530823, 0.18695028126239777, 0.18365471065044403, 0.18337877094745636, 0.18337993323802948, 0.18166106939315796, 0.1810886412858963, 0.18752984702587128, 0.1843978762626648, 0.18562959134578705, 0.18341714143753052, 0.18312567472457886, 0.18465770781040192, 0.18729187548160553, 0.18526650965213776, 0.18470728397369385, 0.18416589498519897, 0.18211056292057037, 0.18358905613422394, 0.184152752161026, 0.1810540407896042, 0.18438149988651276, 0.1840689331293106, 0.1881357580423355, 0.18291383981704712, 0.183450847864151, 0.18565329909324646, 0.18382315337657928, 0.19036108255386353, 0.1840638965368271, 0.18551716208457947, 0.18889500200748444, 0.18527096509933472, 0.18745452165603638, 0.18802110850811005, 0.18633213639259338, 0.1889020800590515, 0.19002315402030945, 0.187594473361969, 0.18690450489521027, 0.18790428340435028, 0.1856909543275833, 0.18771110475063324, 0.19621366262435913, 0.190188929438591, 0.19216497242450714, 0.1885288655757904, 0.1900915503501892, 0.19028697907924652, 0.18696391582489014, 0.1870519071817398, 0.18957847356796265, 0.18963554501533508, 0.18842464685440063, 0.18733152747154236, 0.18758544325828552, 0.2002834677696228, 0.19010810554027557, 0.18857555091381073]",33.0,"[33.0, 33.0, 33.0, 33.0, 33.0, 33.0, 33.0, 33.0, 33.0, 33.0, 33.0, 33.0, 33.0, 33.0, 33.0, 33.0, 33.0, 33.0, 33.0, 33.0, 33.0, 33.0, 33.0, 33.0, 33.0, 33.0, 33.0, 33.0, 33.0, 33.0, 33.0, 33.0, 33.0, 33.0, 33.0, 33.0, 33.0, 33.0, 33.0, 33.0, 33.0, 33.0, 33.0, 33.0, 33.0, 33.0, 33.0, 33.0, 33.0, 33.0, 33.0, 33.0, 33.0, 33.0, 33.0, 33.0, 33.0, 33.0, 33.0, 33.0, 33.0, 33.0, 33.0, 33.0, 33.0, 33.0, 33.0, 33.0, 33.0, 33.0, 33.0, 33.0, 33.0, 33.0, 33.0, 33.0, 33.0, 33.0, 33.0, 33.0, 33.0, 33.0, 33.0, 33.0, 33.0, 33.0, 33.0, 33.0, 33.0, 33.0, 33.0, 33.0, 33.0, 33.0, 33.0, 33.0, 33.0, 33.0, 33.0, 33.0, 33.0, 33.0, 33.0, 33.0, 33.0, 33.0, 33.0, 33.0, 33.0, 33.0, 33.0, 33.0, 33.0, 33.0, 33.0, 33.0, 33.0, 33.0, 33.0, 33.0, 33.0, 33.0, 33.0, 33.0, 33.0, 33.0, 33.0, 33.0, 33.0, 33.0, 33.0, 33.0, 33.0, 33.0, 33.0, 33.0, 33.0, 33.0, 33.0, 33.0, 33.0, 33.0, 33.0, 33.0, 33.0, 33.0, 33.0, 33.0, 33.0, 33.0, 33.0, 33.0, 33.0, 33.0, 33.0, 33.0, 33.0, 33.0, 33.0, 33.0, 33.0, 33.0, 33.0, 33.0, 33.0, 33.0, 33.0, 33.0, 33.0, 33.0, 33.0, 33.0, 33.0, 33.0, 33.0, 33.0, 33.0, 33.0, 33.0, 33.0, 33.0, 33.0, 33.0, 33.0, 33.0, 33.0, 33.0, 33.0, 33.0, 33.0, 33.0, 33.0, 33.0, 33.0, 33.0, 33.0, 33.0, 33.0, 33.0, 33.0, 33.0, 33.0, 33.0, 33.0, 33.0, 33.0, 33.0, 33.0, 33.0, 33.0, 33.0, 33.0, 33.0, 33.0, 33.0, 33.0, 33.0, 33.0, 33.0, 33.0, 33.0, 33.0, 33.0, 33.0, 33.0]",COMPLETE
