,number,value,datetime_start,datetime_complete,duration,params_batch_size_scaler,params_constant_learning_rate,params_depth,params_epochs,params_kernel_l2,params_num_trees,params_temperature,user_attrs_accuracy_test,user_attrs_accuracy_valid,user_attrs_approximate_feature_sparsity,user_attrs_approximate_feature_sparsity_history,user_attrs_approximate_weight_sparsity,user_attrs_approximate_weight_sparsity_history,user_attrs_auc_test,user_attrs_auc_valid,user_attrs_feature_sparsity,user_attrs_feature_sparsity_history,user_attrs_num_epochs,user_attrs_val_loss_history,user_attrs_weight_sparsity,user_attrs_weight_sparsity_history,state
56,56,0.9129471474024553,2024-08-31 02:49:34.882126,2024-08-31 02:50:01.035013,0 days 00:00:26.152887,4,0.028208740073134467,2,180,0.010021661517633168,45,0.007493120372725236,0.909,0.89625,33,"[33, 33, 33, 33, 33, 33, 33, 33, 33, 33, 33, 33, 33, 33, 33, 33, 33, 33, 33, 33, 33, 33, 33, 33, 33, 33, 33, 33, 33, 33, 33, 33, 33, 33, 33, 33, 33, 33, 33, 33, 33, 33, 33, 33, 33, 33, 33, 33, 33, 33, 33, 33, 33, 33, 33, 33, 33, 33, 33, 33, 33, 33, 33, 33, 33, 33, 33, 33, 33, 33, 33, 33, 33, 33, 33, 33, 33, 33, 33, 33, 33, 33, 33, 33, 33, 33, 33, 33, 33, 33, 33, 33, 33, 33, 33, 33, 33, 33, 33, 33, 33, 33, 33, 33, 33, 33, 33, 33, 33, 33, 33, 33, 33, 33, 33, 33, 33, 33, 33, 33, 33, 33, 33, 33, 33, 33, 33, 33, 33, 33, 33, 33, 33, 33, 33, 33, 33, 33, 33, 33, 33, 33, 33, 33, 33, 33, 33, 33, 33, 33, 33, 33, 33, 33, 33, 33, 33, 33, 33, 33, 33, 33, 33, 33, 33, 33, 33, 33, 33, 33, 33, 33, 33, 33, 33, 33, 33, 33, 33, 33]",32.98518518518519,"[32.98518518518519, 32.977777777777774, 32.992592592592594, 32.992592592592594, 32.955555555555556, 32.98518518518519, 32.97037037037037, 33.0, 32.98518518518519, 32.98518518518519, 32.977777777777774, 32.98518518518519, 32.98518518518519, 32.97037037037037, 32.98518518518519, 32.992592592592594, 32.992592592592594, 32.98518518518519, 32.98518518518519, 32.992592592592594, 32.977777777777774, 32.98518518518519, 32.98518518518519, 32.97037037037037, 32.992592592592594, 32.992592592592594, 32.97037037037037, 32.97037037037037, 32.98518518518519, 32.977777777777774, 32.97037037037037, 32.96296296296296, 32.992592592592594, 32.992592592592594, 33.0, 32.98518518518519, 32.977777777777774, 32.977777777777774, 32.98518518518519, 32.977777777777774, 32.992592592592594, 32.992592592592594, 32.98518518518519, 32.992592592592594, 32.98518518518519, 32.98518518518519, 33.0, 32.98518518518519, 33.0, 32.98518518518519, 32.96296296296296, 32.97037037037037, 32.97037037037037, 32.96296296296296, 32.96296296296296, 32.97037037037037, 32.96296296296296, 32.96296296296296, 32.977777777777774, 32.98518518518519, 32.98518518518519, 32.977777777777774, 32.98518518518519, 32.992592592592594, 32.977777777777774, 32.98518518518519, 32.977777777777774, 32.992592592592594, 32.992592592592594, 32.992592592592594, 32.992592592592594, 32.992592592592594, 33.0, 32.977777777777774, 32.992592592592594, 32.992592592592594, 32.98518518518519, 32.96296296296296, 32.977777777777774, 32.97037037037037, 32.96296296296296, 32.98518518518519, 32.992592592592594, 33.0, 32.977777777777774, 32.98518518518519, 32.992592592592594, 32.98518518518519, 32.992592592592594, 32.992592592592594, 32.992592592592594, 32.98518518518519, 33.0, 32.992592592592594, 32.992592592592594, 32.992592592592594, 32.98518518518519, 32.98518518518519, 32.98518518518519, 32.992592592592594, 33.0, 32.992592592592594, 33.0, 32.977777777777774, 32.992592592592594, 32.98518518518519, 33.0, 32.977777777777774, 32.97037037037037, 32.96296296296296, 32.98518518518519, 32.97037037037037, 33.0, 32.992592592592594, 32.98518518518519, 32.97037037037037, 32.98518518518519, 32.98518518518519, 32.98518518518519, 32.98518518518519, 33.0, 33.0, 33.0, 33.0, 33.0, 32.992592592592594, 32.977777777777774, 32.98518518518519, 32.977777777777774, 32.98518518518519, 32.98518518518519, 32.992592592592594, 32.98518518518519, 32.977777777777774, 32.98518518518519, 32.97037037037037, 32.955555555555556, 32.96296296296296, 32.96296296296296, 32.97037037037037, 32.96296296296296, 32.97037037037037, 32.97037037037037, 32.977777777777774, 32.97037037037037, 32.96296296296296, 32.992592592592594, 32.98518518518519, 32.977777777777774, 32.98518518518519, 32.98518518518519, 32.977777777777774, 32.977777777777774, 32.992592592592594, 32.977777777777774, 32.98518518518519, 32.955555555555556, 32.98518518518519, 32.98518518518519, 32.977777777777774, 33.0, 32.98518518518519, 32.992592592592594, 32.992592592592594, 32.977777777777774, 32.98518518518519, 32.98518518518519, 32.977777777777774, 32.96296296296296, 32.97037037037037, 32.98518518518519, 32.977777777777774, 32.992592592592594, 32.992592592592594, 32.98518518518519, 32.98518518518519, 32.992592592592594, 32.992592592592594, 32.98518518518519, 32.98518518518519]",0.894805934659302,0.9129471474024553,33,"[33, 33, 33, 33, 33, 33, 33, 33, 33, 33, 33, 33, 33, 33, 33, 33, 33, 33, 33, 33, 33, 33, 33, 33, 33, 33, 33, 33, 33, 33, 33, 33, 33, 33, 33, 33, 33, 33, 33, 33, 33, 33, 33, 33, 33, 33, 33, 33, 33, 33, 33, 33, 33, 33, 33, 33, 33, 33, 33, 33, 33, 33, 33, 33, 33, 33, 33, 33, 33, 33, 33, 33, 33, 33, 33, 33, 33, 33, 33, 33, 33, 33, 33, 33, 33, 33, 33, 33, 33, 33, 33, 33, 33, 33, 33, 33, 33, 33, 33, 33, 33, 33, 33, 33, 33, 33, 33, 33, 33, 33, 33, 33, 33, 33, 33, 33, 33, 33, 33, 33, 33, 33, 33, 33, 33, 33, 33, 33, 33, 33, 33, 33, 33, 33, 33, 33, 33, 33, 33, 33, 33, 33, 33, 33, 33, 33, 33, 33, 33, 33, 33, 33, 33, 33, 33, 33, 33, 33, 33, 33, 33, 33, 33, 33, 33, 33, 33, 33, 33, 33, 33, 33, 33, 33, 33, 33, 33, 33, 33, 33]",180,"[0.4060865044593811, 0.39853665232658386, 0.39269405603408813, 0.38808703422546387, 0.384626567363739, 0.3815356492996216, 0.3793979585170746, 0.3770829141139984, 0.3751073181629181, 0.37346798181533813, 0.3718072175979614, 0.37025246024131775, 0.3688759505748749, 0.36823222041130066, 0.36624205112457275, 0.36531805992126465, 0.36384472250938416, 0.36273330450057983, 0.3614884912967682, 0.3603770136833191, 0.3591326177120209, 0.35801929235458374, 0.3569470942020416, 0.35610660910606384, 0.3548658788204193, 0.3541204035282135, 0.35308516025543213, 0.3522690236568451, 0.35107889771461487, 0.3498135805130005, 0.3486747741699219, 0.34777510166168213, 0.34666287899017334, 0.3458004891872406, 0.3450651466846466, 0.3439411520957947, 0.34284764528274536, 0.3420058786869049, 0.34218817949295044, 0.3399847745895386, 0.3390493392944336, 0.3386904001235962, 0.3375467360019684, 0.33630630373954773, 0.3363172113895416, 0.3345329165458679, 0.33360254764556885, 0.332597553730011, 0.33166590332984924, 0.3311181962490082, 0.33012816309928894, 0.330086350440979, 0.3278944492340088, 0.3272274434566498, 0.326045423746109, 0.32514476776123047, 0.3240875005722046, 0.3231068551540375, 0.32208147644996643, 0.32113492488861084, 0.32034820318222046, 0.3191947638988495, 0.3182079792022705, 0.31711840629577637, 0.31628790497779846, 0.31538012623786926, 0.31421366333961487, 0.3131093978881836, 0.3122629225254059, 0.31103014945983887, 0.31016993522644043, 0.30883681774139404, 0.30777600407600403, 0.30718138813972473, 0.30642908811569214, 0.30494225025177, 0.30352818965911865, 0.3032780885696411, 0.3015739917755127, 0.3007204532623291, 0.30013760924339294, 0.29818272590637207, 0.29704880714416504, 0.29606303572654724, 0.29485684633255005, 0.29361021518707275, 0.29261577129364014, 0.29200997948646545, 0.290436714887619, 0.2894313931465149, 0.28849008679389954, 0.2871168851852417, 0.28612878918647766, 0.28510913252830505, 0.28406816720962524, 0.28304803371429443, 0.281956285238266, 0.28202033042907715, 0.28005799651145935, 0.2791980803012848, 0.27813029289245605, 0.28036388754844666, 0.2760853171348572, 0.2751884162425995, 0.27408215403556824, 0.27336832880973816, 0.27231070399284363, 0.27166134119033813, 0.2704901695251465, 0.2699337601661682, 0.2691352665424347, 0.2681846022605896, 0.2672743797302246, 0.26723340153694153, 0.266092985868454, 0.26507315039634705, 0.26428455114364624, 0.2634493112564087, 0.26392102241516113, 0.262205570936203, 0.2614279091358185, 0.26065197587013245, 0.26002398133277893, 0.25938740372657776, 0.2587113082408905, 0.2583826780319214, 0.25792691111564636, 0.2567937672138214, 0.2560305893421173, 0.2554096281528473, 0.254904568195343, 0.2548118829727173, 0.2536503076553345, 0.2531754970550537, 0.2527192533016205, 0.2519226372241974, 0.25137296319007874, 0.2507946193218231, 0.2508915960788727, 0.25060683488845825, 0.24940161406993866, 0.2487928718328476, 0.24861960113048553, 0.2482580989599228, 0.24732550978660583, 0.24734073877334595, 0.24654661118984222, 0.2460910677909851, 0.24517099559307098, 0.24507978558540344, 0.24475882947444916, 0.24512088298797607, 0.24429920315742493, 0.24327896535396576, 0.24251551926136017, 0.24288100004196167, 0.24151557683944702, 0.24110910296440125, 0.24135151505470276, 0.24076120555400848, 0.23993037641048431, 0.2401174157857895, 0.2395894080400467, 0.23876053094863892, 0.23861335217952728, 0.23787350952625275, 0.2378871887922287, 0.23725099861621857, 0.2370612770318985, 0.23701393604278564, 0.2361559271812439, 0.23589938879013062, 0.2359311282634735, 0.23533886671066284, 0.23461347818374634, 0.23440545797348022, 0.23412461578845978, 0.2334180623292923, 0.23307254910469055, 0.23258306086063385]",33.0,"[33.0, 33.0, 33.0, 33.0, 33.0, 33.0, 33.0, 33.0, 33.0, 33.0, 33.0, 33.0, 33.0, 33.0, 33.0, 33.0, 33.0, 33.0, 33.0, 33.0, 33.0, 33.0, 33.0, 33.0, 33.0, 33.0, 33.0, 33.0, 33.0, 33.0, 33.0, 33.0, 33.0, 33.0, 33.0, 33.0, 33.0, 33.0, 33.0, 33.0, 33.0, 33.0, 33.0, 33.0, 33.0, 33.0, 33.0, 33.0, 33.0, 33.0, 33.0, 33.0, 33.0, 33.0, 33.0, 33.0, 33.0, 33.0, 33.0, 33.0, 33.0, 33.0, 33.0, 33.0, 33.0, 33.0, 33.0, 33.0, 33.0, 33.0, 33.0, 33.0, 33.0, 33.0, 33.0, 33.0, 33.0, 33.0, 33.0, 33.0, 33.0, 33.0, 33.0, 33.0, 33.0, 33.0, 33.0, 33.0, 33.0, 33.0, 33.0, 33.0, 33.0, 33.0, 33.0, 33.0, 33.0, 33.0, 33.0, 33.0, 33.0, 33.0, 33.0, 33.0, 33.0, 33.0, 33.0, 33.0, 33.0, 33.0, 33.0, 33.0, 33.0, 33.0, 33.0, 33.0, 33.0, 33.0, 33.0, 33.0, 33.0, 33.0, 33.0, 33.0, 33.0, 33.0, 33.0, 33.0, 33.0, 33.0, 33.0, 33.0, 33.0, 33.0, 33.0, 33.0, 33.0, 33.0, 33.0, 33.0, 33.0, 33.0, 33.0, 33.0, 33.0, 33.0, 33.0, 33.0, 33.0, 33.0, 33.0, 33.0, 33.0, 33.0, 33.0, 33.0, 33.0, 33.0, 33.0, 33.0, 33.0, 33.0, 33.0, 33.0, 33.0, 33.0, 33.0, 33.0, 33.0, 33.0, 33.0, 33.0, 33.0, 33.0, 33.0, 33.0, 33.0, 33.0, 33.0, 33.0]",COMPLETE
