,number,value,datetime_start,datetime_complete,duration,params_batch_size_scaler,params_constant_learning_rate,params_depth,params_epochs,params_kernel_l2,params_num_trees,params_temperature,user_attrs_accuracy_test,user_attrs_accuracy_valid,user_attrs_approximate_feature_sparsity,user_attrs_approximate_feature_sparsity_history,user_attrs_approximate_weight_sparsity,user_attrs_approximate_weight_sparsity_history,user_attrs_auc_test,user_attrs_auc_valid,user_attrs_feature_sparsity,user_attrs_feature_sparsity_history,user_attrs_num_epochs,user_attrs_val_loss_history,user_attrs_weight_sparsity,user_attrs_weight_sparsity_history,state
46,46,0.6769589468124847,2024-08-31 02:41:50.444142,2024-08-31 02:43:47.903161,0 days 00:01:57.459019,64,0.010233079176179143,6,80,0.0015744614376182367,93,0.0008950557202773253,0.859,0.85875,33,"[33, 33, 33, 33, 33, 33, 33, 33, 33, 33, 33, 33, 33, 33, 33, 33, 33, 33, 33, 33, 33, 33, 33, 33, 33, 33, 33, 33, 33, 33, 33, 33, 33, 33, 33, 33, 33, 33, 33, 33, 33, 33, 33, 33, 33, 33, 33, 33, 33, 33, 33, 33, 33, 33, 33, 33, 33, 33, 33, 33, 33, 33, 33, 33, 33, 33, 33, 33, 33, 33, 33, 33, 33, 33, 33, 33, 33, 33, 33, 33]",32.89742276839051,"[32.896910735620416, 32.89674005803038, 32.89691073562041, 32.897422768390506, 32.8989588667008, 32.898788189110775, 32.89861751152073, 32.897764123570575, 32.89759344598054, 32.89861751152074, 32.8989588667008, 32.898446833930706, 32.898446833930706, 32.89725209080048, 32.89656938044035, 32.89571599249018, 32.89656938044035, 32.89674005803038, 32.89725209080048, 32.8989588667008, 32.8994708994709, 32.899300221880864, 32.89981225465096, 32.89981225465096, 32.89964157706093, 32.89964157706093, 32.8994708994709, 32.898788189110775, 32.898788189110775, 32.898788189110775, 32.89827615634067, 32.8989588667008, 32.89793480116061, 32.896910735620416, 32.89759344598054, 32.898446833930706, 32.89912954429084, 32.8994708994709, 32.89861751152073, 32.8989588667008, 32.8989588667008, 32.8989588667008, 32.89981225465097, 32.8994708994709, 32.899470899470906, 32.8989588667008, 32.89912954429084, 32.89912954429083, 32.89861751152074, 32.89827615634067, 32.89827615634068, 32.898446833930706, 32.898105478750644, 32.899300221880864, 32.89964157706093, 32.8989588667008, 32.899300221880864, 32.89861751152074, 32.89861751152073, 32.897081413210444, 32.89605734767025, 32.89571599249019, 32.89520395972009, 32.89571599249019, 32.89486260454002, 32.89469192694999, 32.89503328213006, 32.894009216589865, 32.89435057176993, 32.89452124935996, 32.89349718381976, 32.8941798941799, 32.89537463731012, 32.89452124935996, 32.89486260454002, 32.89639870285031, 32.89691073562041, 32.89759344598054, 32.897764123570575, 32.89742276839051]",0.7212080680983166,0.6769589468124847,33,"[33, 33, 33, 33, 33, 33, 33, 33, 33, 33, 33, 33, 33, 33, 33, 33, 33, 33, 33, 33, 33, 33, 33, 33, 33, 33, 33, 33, 33, 33, 33, 33, 33, 33, 33, 33, 33, 33, 33, 33, 33, 33, 33, 33, 33, 33, 33, 33, 33, 33, 33, 33, 33, 33, 33, 33, 33, 33, 33, 33, 33, 33, 33, 33, 33, 33, 33, 33, 33, 33, 33, 33, 33, 33, 33, 33, 33, 33, 33, 33]",80,"[0.6852743029594421, 0.6689831614494324, 0.6539416313171387, 0.6403528451919556, 0.6275960803031921, 0.615429162979126, 0.603556215763092, 0.5927408337593079, 0.5825309157371521, 0.5728896856307983, 0.5641642212867737, 0.5560827851295471, 0.5479514598846436, 0.5406605005264282, 0.5334435105323792, 0.5270076394081116, 0.5206435918807983, 0.5146190524101257, 0.5091050863265991, 0.5041713118553162, 0.4989170432090759, 0.4940856695175171, 0.4898415803909302, 0.48567748069763184, 0.481594443321228, 0.4778800904750824, 0.47445693612098694, 0.47122061252593994, 0.46811431646347046, 0.4651072025299072, 0.4622533917427063, 0.45967793464660645, 0.45716556906700134, 0.4547272026538849, 0.4523431062698364, 0.4502425491809845, 0.4481598138809204, 0.4461573660373688, 0.4442523121833801, 0.4424329698085785, 0.44077548384666443, 0.4390662908554077, 0.4375559985637665, 0.4361627995967865, 0.43474704027175903, 0.4334518313407898, 0.43227654695510864, 0.4308975338935852, 0.42981356382369995, 0.4288147985935211, 0.42773574590682983, 0.42665326595306396, 0.4256199598312378, 0.4246447682380676, 0.42370301485061646, 0.4228449761867523, 0.42192283272743225, 0.4211207330226898, 0.4203939437866211, 0.4196116626262665, 0.4188750386238098, 0.4182490408420563, 0.41755571961402893, 0.4168795347213745, 0.416208952665329, 0.41560599207878113, 0.4150186777114868, 0.414559543132782, 0.41401827335357666, 0.413445383310318, 0.4129181206226349, 0.4125324487686157, 0.41202589869499207, 0.411621630191803, 0.41114580631256104, 0.4106748700141907, 0.4102237820625305, 0.4097975790500641, 0.4094332754611969, 0.40910804271698]",33.0,"[33.0, 33.0, 33.0, 33.0, 33.0, 33.0, 33.0, 33.0, 33.0, 33.0, 33.0, 33.0, 33.0, 33.0, 33.0, 33.0, 33.0, 33.0, 33.0, 33.0, 33.0, 33.0, 33.0, 33.0, 33.0, 33.0, 33.0, 33.0, 33.0, 33.0, 33.0, 33.0, 33.0, 33.0, 33.0, 33.0, 33.0, 33.0, 33.0, 33.0, 33.0, 33.0, 33.0, 33.0, 33.0, 33.0, 33.0, 33.0, 33.0, 33.0, 33.0, 33.0, 33.0, 33.0, 33.0, 33.0, 33.0, 33.0, 33.0, 33.0, 33.0, 33.0, 33.0, 33.0, 33.0, 33.0, 33.0, 33.0, 33.0, 33.0, 33.0, 33.0, 33.0, 33.0, 33.0, 33.0, 33.0, 33.0, 33.0, 33.0]",COMPLETE
47,47,0.5,2024-08-31 02:43:49.259059,2024-08-31 02:44:17.520735,0 days 00:00:28.261676,64,0.5127786751865503,4,95,0.8835601630339371,94,0.09897141540810275,0.859,0.85875,0,"[33, 33, 0, 0, 0, 0, 0, 0, 0, 0, 0, 0, 0, 0, 0, 0, 0, 0, 0, 0, 0, 0, 0, 0, 0, 0, 0, 0, 0, 0, 0, 0, 0, 0, 0, 0, 0, 0, 0, 0, 0, 0, 0, 0, 0, 0, 0, 0, 0, 0, 0, 0, 0, 0, 0, 0, 0, 0, 0, 0, 0, 0, 0, 0, 0, 0, 0, 0, 0, 0, 0, 0, 0, 0, 0, 0, 0, 0, 0, 0, 0, 0, 0, 0, 0, 0, 0, 0, 0, 0, 0, 0, 0, 0, 0]",0.0,"[32.94893617021277, 32.95673758865248, 0.0, 0.0, 0.0, 0.0, 0.0, 0.0, 0.0, 0.0, 0.0, 0.0, 0.0, 0.0, 0.0, 0.0, 0.0, 0.0, 0.0, 0.0, 0.0, 0.0, 0.0, 0.0, 0.0, 0.0, 0.0, 0.0, 0.0, 0.0, 0.0, 0.0, 0.0, 0.0, 0.0, 0.0, 0.0, 0.0, 0.0, 0.0, 0.0, 0.0, 0.0, 0.0, 0.0, 0.0, 0.0, 0.0, 0.0, 0.0, 0.0, 0.0, 0.0, 0.0, 0.0, 0.0, 0.0, 0.0, 0.0, 0.0, 0.0, 0.0, 0.0, 0.0, 0.0, 0.0, 0.0, 0.0, 0.0, 0.0, 0.0, 0.0, 0.0, 0.0, 0.0, 0.0, 0.0, 0.0, 0.0, 0.0, 0.0, 0.0, 0.0, 0.0, 0.0, 0.0, 0.0, 0.0, 0.0, 0.0, 0.0, 0.0, 0.0, 0.0, 0.0]",0.5,0.5,0,"[33, 33, 0, 0, 0, 0, 0, 0, 0, 0, 0, 0, 0, 0, 0, 0, 0, 0, 0, 0, 0, 0, 0, 0, 0, 0, 0, 0, 0, 0, 0, 0, 0, 0, 0, 0, 0, 0, 0, 0, 0, 0, 0, 0, 0, 0, 0, 0, 0, 0, 0, 0, 0, 0, 0, 0, 0, 0, 0, 0, 0, 0, 0, 0, 0, 0, 0, 0, 0, 0, 0, 0, 0, 0, 0, 0, 0, 0, 0, 0, 0, 0, 0, 0, 0, 0, 0, 0, 0, 0, 0, 0, 0, 0, 0]",95,"[0.4408099353313446, 0.43475112318992615, 0.40963584184646606, 0.41966530680656433, 0.41238412261009216, 0.4072270095348358, 0.4079640209674835, 0.41597896814346313, 0.41531601548194885, 0.40855056047439575, 0.407943993806839, 0.4072476923465729, 0.40845176577568054, 0.41331687569618225, 0.4072299897670746, 0.4076393246650696, 0.40731576085090637, 0.40722641348838806, 0.40740853548049927, 0.4188365936279297, 0.41426900029182434, 0.407787024974823, 0.4219917953014374, 0.4074074625968933, 0.407423198223114, 0.4073469042778015, 0.4074898660182953, 0.4094875454902649, 0.4078633785247803, 0.40723511576652527, 0.40776607394218445, 0.4073325991630554, 0.4084815979003906, 0.40734535455703735, 0.40851184725761414, 0.4073484539985657, 0.40771034359931946, 0.40723732113838196, 0.408233106136322, 0.4078048765659332, 0.40836864709854126, 0.4078094959259033, 0.40984249114990234, 0.4094406068325043, 0.4114002287387848, 0.407804936170578, 0.40856924653053284, 0.4083046615123749, 0.4072268009185791, 0.4104941487312317, 0.40736499428749084, 0.4105120003223419, 0.41259002685546875, 0.41205450892448425, 0.40778571367263794, 0.4073769450187683, 0.4073769748210907, 0.409900963306427, 0.4113144278526306, 0.408243328332901, 0.40766555070877075, 0.4077244699001312, 0.4072265625, 0.41455355286598206, 0.40767931938171387, 0.40789633989334106, 0.4077973961830139, 0.4073258936405182, 0.407347172498703, 0.4072890877723694, 0.4094167947769165, 0.4084133803844452, 0.40739524364471436, 0.4081230163574219, 0.40729886293411255, 0.4086267054080963, 0.40770038962364197, 0.40925538539886475, 0.4074053466320038, 0.40724533796310425, 0.40831443667411804, 0.4078914523124695, 0.4086798131465912, 0.41072890162467957, 0.40741753578186035, 0.4105566143989563, 0.40741005539894104, 0.4102424681186676, 0.40924566984176636, 0.4078317880630493, 0.40855467319488525, 0.4150582551956177, 0.4073694944381714, 0.40773826837539673, 0.4073446989059448]",0.0,"[33.0, 33.0, 0.0, 0.0, 0.0, 0.0, 0.0, 0.0, 0.0, 0.0, 0.0, 0.0, 0.0, 0.0, 0.0, 0.0, 0.0, 0.0, 0.0, 0.0, 0.0, 0.0, 0.0, 0.0, 0.0, 0.0, 0.0, 0.0, 0.0, 0.0, 0.0, 0.0, 0.0, 0.0, 0.0, 0.0, 0.0, 0.0, 0.0, 0.0, 0.0, 0.0, 0.0, 0.0, 0.0, 0.0, 0.0, 0.0, 0.0, 0.0, 0.0, 0.0, 0.0, 0.0, 0.0, 0.0, 0.0, 0.0, 0.0, 0.0, 0.0, 0.0, 0.0, 0.0, 0.0, 0.0, 0.0, 0.0, 0.0, 0.0, 0.0, 0.0, 0.0, 0.0, 0.0, 0.0, 0.0, 0.0, 0.0, 0.0, 0.0, 0.0, 0.0, 0.0, 0.0, 0.0, 0.0, 0.0, 0.0, 0.0, 0.0, 0.0, 0.0, 0.0, 0.0]",COMPLETE
48,48,0.5,2024-08-31 02:44:18.448702,2024-08-31 02:45:48.550691,0 days 00:01:30.101989,4,0.5465197741681004,4,275,0.05965367524832918,66,0.013395949969204169,0.859,0.85875,0,"[33, 1, 0, 0, 0, 0, 0, 0, 0, 0, 0, 0, 0, 0, 0, 0, 0, 0, 0, 0, 0, 0, 0, 0, 0, 0, 0, 0, 0, 0, 0, 0, 0, 0, 0, 0, 0, 0, 0, 0, 0, 0, 0, 0, 0, 0, 0, 0, 0, 0, 0, 0, 0, 0, 0, 0, 0, 0, 0, 0, 0, 0, 0, 0, 0, 0, 0, 0, 0, 0, 0, 0, 0, 0, 0, 0, 0, 0, 0, 0, 0, 0, 0, 0, 0, 0, 0, 0, 0, 0, 0, 0, 0, 0, 0, 0, 0, 0, 0, 0, 0, 0, 0, 0, 0, 0, 0, 0, 0, 0, 0, 0, 0, 0, 0, 0, 0, 0, 0, 0, 0, 0, 0, 0, 0, 0, 0, 0, 0, 0, 0, 0, 0, 0, 0, 0, 0, 0, 0, 0, 0, 0, 0, 0, 0, 0, 0, 0, 0, 0, 0, 0, 0, 0, 0, 0, 0, 0, 0, 0, 0, 0, 0, 0, 0, 0, 0, 0, 0, 0, 0, 0, 0, 0, 0, 0, 0, 0, 0, 0, 0, 0, 0, 0, 0, 0, 0, 0, 0, 0, 0, 0, 0, 0, 0, 0, 0, 0, 0, 0, 0, 0, 0, 0, 0, 0, 0, 0, 0, 0, 0, 0, 0, 0, 0, 0, 0, 0, 0, 0, 0, 0, 0, 0, 0, 0, 0, 0, 0, 0, 0, 0, 0, 0, 0, 0, 0, 0, 0, 0, 0, 0, 0, 0, 0, 0, 0, 0, 0, 0, 0, 0, 0, 0, 0, 0, 0, 0, 0, 0, 0, 0, 0, 0, 0, 0, 0, 0, 0, 0, 0, 0, 0, 0, 0]",0.0,"[32.96666666666667, 0.998989898989899, 0.0, 0.0, 0.0, 0.0, 0.0, 0.0, 0.0, 0.0, 0.0, 0.0, 0.0, 0.0, 0.0, 0.0, 0.0, 0.0, 0.0, 0.0, 0.0, 0.0, 0.0, 0.0, 0.0, 0.0, 0.0, 0.0, 0.0, 0.0, 0.0, 0.0, 0.0, 0.0, 0.0, 0.0, 0.0, 0.0, 0.0, 0.0, 0.0, 0.0, 0.0, 0.0, 0.0, 0.0, 0.0, 0.0, 0.0, 0.0, 0.0, 0.0, 0.0, 0.0, 0.0, 0.0, 0.0, 0.0, 0.0, 0.0, 0.0, 0.0, 0.0, 0.0, 0.0, 0.0, 0.0, 0.0, 0.0, 0.0, 0.0, 0.0, 0.0, 0.0, 0.0, 0.0, 0.0, 0.0, 0.0, 0.0, 0.0, 0.0, 0.0, 0.0, 0.0, 0.0, 0.0, 0.0, 0.0, 0.0, 0.0, 0.0, 0.0, 0.0, 0.0, 0.0, 0.0, 0.0, 0.0, 0.0, 0.0, 0.0, 0.0, 0.0, 0.0, 0.0, 0.0, 0.0, 0.0, 0.0, 0.0, 0.0, 0.0, 0.0, 0.0, 0.0, 0.0, 0.0, 0.0, 0.0, 0.0, 0.0, 0.0, 0.0, 0.0, 0.0, 0.0, 0.0, 0.0, 0.0, 0.0, 0.0, 0.0, 0.0, 0.0, 0.0, 0.0, 0.0, 0.0, 0.0, 0.0, 0.0, 0.0, 0.0, 0.0, 0.0, 0.0, 0.0, 0.0, 0.0, 0.0, 0.0, 0.0, 0.0, 0.0, 0.0, 0.0, 0.0, 0.0, 0.0, 0.0, 0.0, 0.0, 0.0, 0.0, 0.0, 0.0, 0.0, 0.0, 0.0, 0.0, 0.0, 0.0, 0.0, 0.0, 0.0, 0.0, 0.0, 0.0, 0.0, 0.0, 0.0, 0.0, 0.0, 0.0, 0.0, 0.0, 0.0, 0.0, 0.0, 0.0, 0.0, 0.0, 0.0, 0.0, 0.0, 0.0, 0.0, 0.0, 0.0, 0.0, 0.0, 0.0, 0.0, 0.0, 0.0, 0.0, 0.0, 0.0, 0.0, 0.0, 0.0, 0.0, 0.0, 0.0, 0.0, 0.0, 0.0, 0.0, 0.0, 0.0, 0.0, 0.0, 0.0, 0.0, 0.0, 0.0, 0.0, 0.0, 0.0, 0.0, 0.0, 0.0, 0.0, 0.0, 0.0, 0.0, 0.0, 0.0, 0.0, 0.0, 0.0, 0.0, 0.0, 0.0, 0.0, 0.0, 0.0, 0.0, 0.0, 0.0, 0.0, 0.0, 0.0, 0.0, 0.0, 0.0, 0.0, 0.0, 0.0, 0.0, 0.0, 0.0, 0.0, 0.0, 0.0, 0.0, 0.0, 0.0, 0.0, 0.0, 0.0, 0.0, 0.0, 0.0]",0.5,0.5,0,"[33, 1, 0, 0, 0, 0, 0, 0, 0, 0, 0, 0, 0, 0, 0, 0, 0, 0, 0, 0, 0, 0, 0, 0, 0, 0, 0, 0, 0, 0, 0, 0, 0, 0, 0, 0, 0, 0, 0, 0, 0, 0, 0, 0, 0, 0, 0, 0, 0, 0, 0, 0, 0, 0, 0, 0, 0, 0, 0, 0, 0, 0, 0, 0, 0, 0, 0, 0, 0, 0, 0, 0, 0, 0, 0, 0, 0, 0, 0, 0, 0, 0, 0, 0, 0, 0, 0, 0, 0, 0, 0, 0, 0, 0, 0, 0, 0, 0, 0, 0, 0, 0, 0, 0, 0, 0, 0, 0, 0, 0, 0, 0, 0, 0, 0, 0, 0, 0, 0, 0, 0, 0, 0, 0, 0, 0, 0, 0, 0, 0, 0, 0, 0, 0, 0, 0, 0, 0, 0, 0, 0, 0, 0, 0, 0, 0, 0, 0, 0, 0, 0, 0, 0, 0, 0, 0, 0, 0, 0, 0, 0, 0, 0, 0, 0, 0, 0, 0, 0, 0, 0, 0, 0, 0, 0, 0, 0, 0, 0, 0, 0, 0, 0, 0, 0, 0, 0, 0, 0, 0, 0, 0, 0, 0, 0, 0, 0, 0, 0, 0, 0, 0, 0, 0, 0, 0, 0, 0, 0, 0, 0, 0, 0, 0, 0, 0, 0, 0, 0, 0, 0, 0, 0, 0, 0, 0, 0, 0, 0, 0, 0, 0, 0, 0, 0, 0, 0, 0, 0, 0, 0, 0, 0, 0, 0, 0, 0, 0, 0, 0, 0, 0, 0, 0, 0, 0, 0, 0, 0, 0, 0, 0, 0, 0, 0, 0, 0, 0, 0, 0, 0, 0, 0, 0, 0]",275,"[0.37342455983161926, 0.39379504323005676, 0.40753960609436035, 0.4073455035686493, 0.41225093603134155, 0.40894386172294617, 0.40842875838279724, 0.4136453866958618, 0.40762269496917725, 0.426993191242218, 0.4094636142253876, 0.4072693884372711, 0.4112767279148102, 0.4078786373138428, 0.4107675552368164, 0.41344642639160156, 0.4075063467025757, 0.40724578499794006, 0.41143283247947693, 0.4166361093521118, 0.40912535786628723, 0.40782466530799866, 0.40780773758888245, 0.40793952345848083, 0.4106997549533844, 0.4090307652950287, 0.4525896906852722, 0.40945473313331604, 0.4122677743434906, 0.4074351489543915, 0.40833622217178345, 0.41311782598495483, 0.41210827231407166, 0.4118557870388031, 0.4117858111858368, 0.408213347196579, 0.40838244557380676, 0.4080835282802582, 0.4074077606201172, 0.4095167815685272, 0.41123703122138977, 0.41627392172813416, 0.40743178129196167, 0.4185062646865845, 0.4127163290977478, 0.41130825877189636, 0.4088183343410492, 0.4148399233818054, 0.41541680693626404, 0.41241294145584106, 0.4249289631843567, 0.40765345096588135, 0.4096775949001312, 0.407964825630188, 0.40944191813468933, 0.40738362073898315, 0.4161011576652527, 0.40797269344329834, 0.41735416650772095, 0.4162641167640686, 0.4075775146484375, 0.4098983705043793, 0.40822604298591614, 0.4142294228076935, 0.4121458828449249, 0.41091278195381165, 0.40903419256210327, 0.41201794147491455, 0.4142104983329773, 0.407233327627182, 0.409140944480896, 0.41013336181640625, 0.4109635651111603, 0.4073859751224518, 0.40846332907676697, 0.4110180735588074, 0.4080312252044678, 0.4128667712211609, 0.4381645619869232, 0.4081372022628784, 0.4072936177253723, 0.4094228446483612, 0.4097498655319214, 0.40751874446868896, 0.4097180962562561, 0.4096551537513733, 0.40875279903411865, 0.4075133502483368, 0.4072408676147461, 0.42514264583587646, 0.41095030307769775, 0.41033434867858887, 0.4088645875453949, 0.4169229567050934, 0.4085620641708374, 0.4083922207355499, 0.4073224365711212, 0.4097791910171509, 0.40735915303230286, 0.41199442744255066, 0.40726718306541443, 0.4158896505832672, 0.4173555076122284, 0.4147859215736389, 0.4139552712440491, 0.41304412484169006, 0.40828025341033936, 0.40729838609695435, 0.4112127721309662, 0.4091956615447998, 0.4111505448818207, 0.408650666475296, 0.4114033877849579, 0.4121721684932709, 0.4134416878223419, 0.40793198347091675, 0.41733941435813904, 0.41477638483047485, 0.40788230299949646, 0.40828484296798706, 0.40937191247940063, 0.41163185238838196, 0.4072919487953186, 0.41090190410614014, 0.4076904058456421, 0.41875016689300537, 0.410849004983902, 0.42197734117507935, 0.407238245010376, 0.4072391986846924, 0.4130452275276184, 0.40846335887908936, 0.4072282910346985, 0.40722766518592834, 0.412904292345047, 0.4082382321357727, 0.4081328511238098, 0.4386630952358246, 0.4072856605052948, 0.4072306454181671, 0.40729716420173645, 0.4126006066799164, 0.40808573365211487, 0.4086233973503113, 0.40757232904434204, 0.4205823540687561, 0.40864408016204834, 0.4084794521331787, 0.40853559970855713, 0.4381575882434845, 0.4072261154651642, 0.41027459502220154, 0.4098750054836273, 0.4133536219596863, 0.4097135663032532, 0.40825462341308594, 0.4108005166053772, 0.4073468744754791, 0.4081086814403534, 0.4085257053375244, 0.40881747007369995, 0.4072405993938446, 0.4110766649246216, 0.41808760166168213, 0.40829235315322876, 0.4122987687587738, 0.40726998448371887, 0.4152818024158478, 0.4075903594493866, 0.4075205326080322, 0.40776345133781433, 0.43158644437789917, 0.41342365741729736, 0.4081837832927704, 0.4100428819656372, 0.409870445728302, 0.4176054298877716, 0.4340250492095947, 0.40741488337516785, 0.4072584807872772, 0.4085423946380615, 0.407347172498703, 0.41005218029022217, 0.40732860565185547, 0.40722766518592834, 0.40805062651634216, 0.40762829780578613, 0.40915989875793457, 0.41100138425827026, 0.40722838044166565, 0.40727314352989197, 0.4096023142337799, 0.4138941466808319, 0.4203191101551056, 0.4074411690235138, 0.40841424465179443, 0.408639520406723, 0.40801605582237244, 0.40788403153419495, 0.40754982829093933, 0.4073121249675751, 0.4090397357940674, 0.4123578369617462, 0.41118481755256653, 0.4080476462841034, 0.407313734292984, 0.4082995355129242, 0.4072348475456238, 0.4076465964317322, 0.4082222878932953, 0.40910354256629944, 0.4091441035270691, 0.40747085213661194, 0.4075239896774292, 0.41005122661590576, 0.4099304974079132, 0.410801500082016, 0.40962299704551697, 0.4161882698535919, 0.40777474641799927, 0.4099043905735016, 0.4072643518447876, 0.408313512802124, 0.40798360109329224, 0.4212096929550171, 0.4072267413139343, 0.422363817691803, 0.4076090157032013, 0.40722694993019104, 0.4091542959213257, 0.4073723554611206, 0.4100235104560852, 0.40800684690475464, 0.4142034649848938, 0.4077763259410858, 0.4080277681350708, 0.41095325350761414, 0.4073666036128998, 0.4072505831718445, 0.4160629212856293, 0.4159972369670868, 0.40777599811553955, 0.4147895872592926, 0.40744873881340027, 0.40853652358055115, 0.408832848072052, 0.4098254442214966, 0.40856799483299255, 0.4072476923465729, 0.4095415472984314, 0.4165327847003937, 0.4111281931400299, 0.40822529792785645, 0.4075087606906891, 0.4074896275997162, 0.40739521384239197, 0.4110168218612671, 0.41717246174812317, 0.4076387286186218, 0.40861305594444275, 0.4072600305080414, 0.4073667526245117, 0.4072262644767761, 0.4075530767440796, 0.4159046411514282, 0.4076363444328308, 0.4098144769668579, 0.40731528401374817, 0.4094754457473755, 0.4161697328090668, 0.4075753092765808, 0.4077085852622986, 0.42104580998420715, 0.407414972782135, 0.4073348939418793]",0.0,"[33.0, 1.0, 0.0, 0.0, 0.0, 0.0, 0.0, 0.0, 0.0, 0.0, 0.0, 0.0, 0.0, 0.0, 0.0, 0.0, 0.0, 0.0, 0.0, 0.0, 0.0, 0.0, 0.0, 0.0, 0.0, 0.0, 0.0, 0.0, 0.0, 0.0, 0.0, 0.0, 0.0, 0.0, 0.0, 0.0, 0.0, 0.0, 0.0, 0.0, 0.0, 0.0, 0.0, 0.0, 0.0, 0.0, 0.0, 0.0, 0.0, 0.0, 0.0, 0.0, 0.0, 0.0, 0.0, 0.0, 0.0, 0.0, 0.0, 0.0, 0.0, 0.0, 0.0, 0.0, 0.0, 0.0, 0.0, 0.0, 0.0, 0.0, 0.0, 0.0, 0.0, 0.0, 0.0, 0.0, 0.0, 0.0, 0.0, 0.0, 0.0, 0.0, 0.0, 0.0, 0.0, 0.0, 0.0, 0.0, 0.0, 0.0, 0.0, 0.0, 0.0, 0.0, 0.0, 0.0, 0.0, 0.0, 0.0, 0.0, 0.0, 0.0, 0.0, 0.0, 0.0, 0.0, 0.0, 0.0, 0.0, 0.0, 0.0, 0.0, 0.0, 0.0, 0.0, 0.0, 0.0, 0.0, 0.0, 0.0, 0.0, 0.0, 0.0, 0.0, 0.0, 0.0, 0.0, 0.0, 0.0, 0.0, 0.0, 0.0, 0.0, 0.0, 0.0, 0.0, 0.0, 0.0, 0.0, 0.0, 0.0, 0.0, 0.0, 0.0, 0.0, 0.0, 0.0, 0.0, 0.0, 0.0, 0.0, 0.0, 0.0, 0.0, 0.0, 0.0, 0.0, 0.0, 0.0, 0.0, 0.0, 0.0, 0.0, 0.0, 0.0, 0.0, 0.0, 0.0, 0.0, 0.0, 0.0, 0.0, 0.0, 0.0, 0.0, 0.0, 0.0, 0.0, 0.0, 0.0, 0.0, 0.0, 0.0, 0.0, 0.0, 0.0, 0.0, 0.0, 0.0, 0.0, 0.0, 0.0, 0.0, 0.0, 0.0, 0.0, 0.0, 0.0, 0.0, 0.0, 0.0, 0.0, 0.0, 0.0, 0.0, 0.0, 0.0, 0.0, 0.0, 0.0, 0.0, 0.0, 0.0, 0.0, 0.0, 0.0, 0.0, 0.0, 0.0, 0.0, 0.0, 0.0, 0.0, 0.0, 0.0, 0.0, 0.0, 0.0, 0.0, 0.0, 0.0, 0.0, 0.0, 0.0, 0.0, 0.0, 0.0, 0.0, 0.0, 0.0, 0.0, 0.0, 0.0, 0.0, 0.0, 0.0, 0.0, 0.0, 0.0, 0.0, 0.0, 0.0, 0.0, 0.0, 0.0, 0.0, 0.0, 0.0, 0.0, 0.0, 0.0, 0.0, 0.0, 0.0, 0.0, 0.0, 0.0, 0.0, 0.0, 0.0, 0.0, 0.0, 0.0, 0.0, 0.0]",COMPLETE
