,number,value,datetime_start,datetime_complete,duration,params_batch_size_scaler,params_constant_learning_rate,params_depth,params_epochs,params_kernel_l2,params_num_trees,params_temperature,user_attrs_accuracy_test,user_attrs_accuracy_valid,user_attrs_approximate_feature_sparsity,user_attrs_approximate_feature_sparsity_history,user_attrs_approximate_weight_sparsity,user_attrs_approximate_weight_sparsity_history,user_attrs_auc_test,user_attrs_auc_valid,user_attrs_feature_sparsity,user_attrs_feature_sparsity_history,user_attrs_num_epochs,user_attrs_val_loss_history,user_attrs_weight_sparsity,user_attrs_weight_sparsity_history,state
23,23,0.5,2024-08-31 01:50:43.326090,2024-08-31 02:01:14.975620,0 days 00:10:31.649530,4,0.756888449270654,6,325,0.014477748533986255,42,0.03675860169825256,0.859,0.85875,0,"[0, 0, 0, 0, 0, 0, 0, 0, 0, 0, 0, 0, 0, 0, 0, 0, 0, 0, 0, 0, 0, 0, 0, 0, 0, 0, 0, 0, 0, 0, 0, 0, 0, 0, 0, 0, 0, 0, 0, 0, 0, 0, 0, 0, 0, 0, 0, 0, 0, 0, 0, 0, 0, 0, 0, 0, 0, 0, 0, 0, 0, 0, 0, 0, 0, 0, 0, 0, 0, 0, 0, 0, 0, 0, 0, 0, 0, 0, 0, 0, 0, 0, 0, 0, 0, 0, 0, 0, 0, 0, 0, 0, 0, 0, 0, 0, 0, 0, 0, 0, 0, 0, 0, 0, 0, 0, 0, 0, 0, 0, 0, 0, 0, 0, 0, 0, 0, 0, 0, 0, 0, 0, 0, 0, 0, 0, 0, 0, 0, 0, 0, 0, 0, 0, 0, 0, 0, 0, 0, 0, 0, 0, 0, 0, 0, 0, 0, 0, 0, 0, 0, 0, 0, 0, 0, 0, 0, 0, 0, 0, 0, 0, 0, 0, 0, 0, 0, 0, 0, 0, 0, 0, 0, 0, 0, 0, 0, 0, 0, 0, 0, 0, 0, 0, 0, 0, 0, 0, 0, 0, 0, 0, 0, 0, 0, 0, 0, 0, 0, 0, 0, 0, 0, 0, 0, 0, 0, 0, 0, 0, 0, 0, 0, 0, 0, 0, 0, 0, 0, 0, 0, 0, 0, 0, 0, 0, 0, 0, 0, 0, 0, 0, 0, 0, 0, 0, 0, 0, 0, 0, 0, 0, 0, 0, 0, 0, 0, 0, 0, 0, 0, 0, 0, 0, 0, 0, 0, 0, 0, 0, 0, 0, 0, 0, 0, 0, 0, 0, 0, 0, 0, 0, 0, 0, 0, 0, 0, 0, 0, 0, 0, 0, 0, 0, 0, 0, 0, 0, 0, 0, 0, 0, 0, 0, 0, 0, 0, 0, 0, 0, 0, 0, 0, 0, 0, 0, 0, 0, 0, 0, 0, 0, 0, 0, 0, 0, 0, 0, 0, 0, 0, 0, 0, 0, 0]",0.0,"[0.0, 0.0, 0.0, 0.0, 0.0, 0.0, 0.0, 0.0, 0.0, 0.0, 0.0, 0.0, 0.0, 0.0, 0.0, 0.0, 0.0, 0.0, 0.0, 0.0, 0.0, 0.0, 0.0, 0.0, 0.0, 0.0, 0.0, 0.0, 0.0, 0.0, 0.0, 0.0, 0.0, 0.0, 0.0, 0.0, 0.0, 0.0, 0.0, 0.0, 0.0, 0.0, 0.0, 0.0, 0.0, 0.0, 0.0, 0.0, 0.0, 0.0, 0.0, 0.0, 0.0, 0.0, 0.0, 0.0, 0.0, 0.0, 0.0, 0.0, 0.0, 0.0, 0.0, 0.0, 0.0, 0.0, 0.0, 0.0, 0.0, 0.0, 0.0, 0.0, 0.0, 0.0, 0.0, 0.0, 0.0, 0.0, 0.0, 0.0, 0.0, 0.0, 0.0, 0.0, 0.0, 0.0, 0.0, 0.0, 0.0, 0.0, 0.0, 0.0, 0.0, 0.0, 0.0, 0.0, 0.0, 0.0, 0.0, 0.0, 0.0, 0.0, 0.0, 0.0, 0.0, 0.0, 0.0, 0.0, 0.0, 0.0, 0.0, 0.0, 0.0, 0.0, 0.0, 0.0, 0.0, 0.0, 0.0, 0.0, 0.0, 0.0, 0.0, 0.0, 0.0, 0.0, 0.0, 0.0, 0.0, 0.0, 0.0, 0.0, 0.0, 0.0, 0.0, 0.0, 0.0, 0.0, 0.0, 0.0, 0.0, 0.0, 0.0, 0.0, 0.0, 0.0, 0.0, 0.0, 0.0, 0.0, 0.0, 0.0, 0.0, 0.0, 0.0, 0.0, 0.0, 0.0, 0.0, 0.0, 0.0, 0.0, 0.0, 0.0, 0.0, 0.0, 0.0, 0.0, 0.0, 0.0, 0.0, 0.0, 0.0, 0.0, 0.0, 0.0, 0.0, 0.0, 0.0, 0.0, 0.0, 0.0, 0.0, 0.0, 0.0, 0.0, 0.0, 0.0, 0.0, 0.0, 0.0, 0.0, 0.0, 0.0, 0.0, 0.0, 0.0, 0.0, 0.0, 0.0, 0.0, 0.0, 0.0, 0.0, 0.0, 0.0, 0.0, 0.0, 0.0, 0.0, 0.0, 0.0, 0.0, 0.0, 0.0, 0.0, 0.0, 0.0, 0.0, 0.0, 0.0, 0.0, 0.0, 0.0, 0.0, 0.0, 0.0, 0.0, 0.0, 0.0, 0.0, 0.0, 0.0, 0.0, 0.0, 0.0, 0.0, 0.0, 0.0, 0.0, 0.0, 0.0, 0.0, 0.0, 0.0, 0.0, 0.0, 0.0, 0.0, 0.0, 0.0, 0.0, 0.0, 0.0, 0.0, 0.0, 0.0, 0.0, 0.0, 0.0, 0.0, 0.0, 0.0, 0.0, 0.0, 0.0, 0.0, 0.0, 0.0, 0.0, 0.0, 0.0, 0.0, 0.0, 0.0, 0.0, 0.0, 0.0, 0.0, 0.0, 0.0, 0.0, 0.0, 0.0, 0.0, 0.0, 0.0, 0.0, 0.0, 0.0, 0.0, 0.0, 0.0, 0.0, 0.0, 0.0, 0.0, 0.0, 0.0, 0.0, 0.0, 0.0, 0.0, 0.0, 0.0, 0.0, 0.0, 0.0, 0.0, 0.0, 0.0, 0.0, 0.0, 0.0, 0.0, 0.0, 0.0, 0.0, 0.0, 0.0, 0.0, 0.0, 0.0, 0.0, 0.0]",0.5,0.5,0,"[0, 0, 0, 0, 0, 0, 0, 0, 0, 0, 0, 0, 0, 0, 0, 0, 0, 0, 0, 0, 0, 0, 0, 0, 0, 0, 0, 0, 0, 0, 0, 0, 0, 0, 0, 0, 0, 0, 0, 0, 0, 0, 0, 0, 0, 0, 0, 0, 0, 0, 0, 0, 0, 0, 0, 0, 0, 0, 0, 0, 0, 0, 0, 0, 0, 0, 0, 0, 0, 0, 0, 0, 0, 0, 0, 0, 0, 0, 0, 0, 0, 0, 0, 0, 0, 0, 0, 0, 0, 0, 0, 0, 0, 0, 0, 0, 0, 0, 0, 0, 0, 0, 0, 0, 0, 0, 0, 0, 0, 0, 0, 0, 0, 0, 0, 0, 0, 0, 0, 0, 0, 0, 0, 0, 0, 0, 0, 0, 0, 0, 0, 0, 0, 0, 0, 0, 0, 0, 0, 0, 0, 0, 0, 0, 0, 0, 0, 0, 0, 0, 0, 0, 0, 0, 0, 0, 0, 0, 0, 0, 0, 0, 0, 0, 0, 0, 0, 0, 0, 0, 0, 0, 0, 0, 0, 0, 0, 0, 0, 0, 0, 0, 0, 0, 0, 0, 0, 0, 0, 0, 0, 0, 0, 0, 0, 0, 0, 0, 0, 0, 0, 0, 0, 0, 0, 0, 0, 0, 0, 0, 0, 0, 0, 0, 0, 0, 0, 0, 0, 0, 0, 0, 0, 0, 0, 0, 0, 0, 0, 0, 0, 0, 0, 0, 0, 0, 0, 0, 0, 0, 0, 0, 0, 0, 0, 0, 0, 0, 0, 0, 0, 0, 0, 0, 0, 0, 0, 0, 0, 0, 0, 0, 0, 0, 0, 0, 0, 0, 0, 0, 0, 0, 0, 0, 0, 0, 0, 0, 0, 0, 0, 0, 0, 0, 0, 0, 0, 0, 0, 0, 0, 0, 0, 0, 0, 0, 0, 0, 0, 0, 0, 0, 0, 0, 0, 0, 0, 0, 0, 0, 0, 0, 0, 0, 0, 0, 0, 0, 0, 0, 0, 0, 0, 0, 0]",325,"[0.40722939372062683, 0.40751853585243225, 0.4081904888153076, 0.4073360562324524, 0.4072464406490326, 0.40754854679107666, 0.4074278175830841, 0.4072960615158081, 0.40812864899635315, 0.40772688388824463, 0.4072345793247223, 0.40723660588264465, 0.407243549823761, 0.40724608302116394, 0.4073619544506073, 0.40770423412323, 0.40745630860328674, 0.4073883891105652, 0.4072505831718445, 0.40723878145217896, 0.40750598907470703, 0.4072704315185547, 0.4072359800338745, 0.40789735317230225, 0.40863174200057983, 0.40886810421943665, 0.4075670540332794, 0.4072778820991516, 0.40841540694236755, 0.40723350644111633, 0.4074994921684265, 0.4075213372707367, 0.40723028779029846, 0.4084565043449402, 0.40741851925849915, 0.4075111448764801, 0.407283753156662, 0.4076705276966095, 0.40727943181991577, 0.4072767198085785, 0.4072316288948059, 0.4075024425983429, 0.4082624018192291, 0.4074310064315796, 0.40729832649230957, 0.4075102210044861, 0.40722712874412537, 0.4089401364326477, 0.4074442684650421, 0.40734416246414185, 0.4073962867259979, 0.4075878858566284, 0.4074500799179077, 0.40725335478782654, 0.4118761718273163, 0.4078311622142792, 0.4073399305343628, 0.40723007917404175, 0.4073656499385834, 0.40725791454315186, 0.4073546230792999, 0.40732914209365845, 0.40741509199142456, 0.40722694993019104, 0.4093923568725586, 0.40723323822021484, 0.4073006808757782, 0.4083414375782013, 0.4072308838367462, 0.40761780738830566, 0.40744033455848694, 0.4075474441051483, 0.4073914587497711, 0.4072776734828949, 0.4078739583492279, 0.40811800956726074, 0.4072434604167938, 0.40763553977012634, 0.4073420763015747, 0.4076065421104431, 0.4072788953781128, 0.40723198652267456, 0.40731608867645264, 0.4075215458869934, 0.40723228454589844, 0.4072268009185791, 0.40910378098487854, 0.4083588719367981, 0.40760189294815063, 0.4074699282646179, 0.40735819935798645, 0.4072314500808716, 0.4074327349662781, 0.40810680389404297, 0.40723660588264465, 0.4072360694408417, 0.40726059675216675, 0.40739792585372925, 0.4083210229873657, 0.4072851538658142, 0.4074319005012512, 0.4075336158275604, 0.4072694480419159, 0.40738171339035034, 0.407409131526947, 0.40769633650779724, 0.40772637724876404, 0.40740180015563965, 0.4075005352497101, 0.4075963497161865, 0.4072262942790985, 0.40746840834617615, 0.40724655985832214, 0.4072747826576233, 0.40726226568222046, 0.4073418378829956, 0.4072303771972656, 0.4099421799182892, 0.4072798490524292, 0.4072842299938202, 0.40765202045440674, 0.4076482355594635, 0.4074907600879669, 0.4072280824184418, 0.4073379635810852, 0.4079073369503021, 0.4077998995780945, 0.40732860565185547, 0.40723103284835815, 0.40728622674942017, 0.4072278141975403, 0.4072476327419281, 0.4073841869831085, 0.4075002372264862, 0.4074525833129883, 0.4075729250907898, 0.40723496675491333, 0.41062453389167786, 0.4074287414550781, 0.40730351209640503, 0.40759289264678955, 0.40726229548454285, 0.40738433599472046, 0.4072268009185791, 0.4072948396205902, 0.4072708189487457, 0.4083966016769409, 0.4073774218559265, 0.40815800428390503, 0.4076350927352905, 0.40878215432167053, 0.4072321951389313, 0.4072839319705963, 0.4073294699192047, 0.40726447105407715, 0.40729430317878723, 0.4073525667190552, 0.4072302579879761, 0.4072287082672119, 0.40759772062301636, 0.40738338232040405, 0.40722641348838806, 0.40754714608192444, 0.40798869729042053, 0.4072474241256714, 0.4073178172111511, 0.40743640065193176, 0.40734633803367615, 0.40723252296447754, 0.4077676832675934, 0.40755489468574524, 0.4074755907058716, 0.4078998565673828, 0.40818148851394653, 0.40743714570999146, 0.40723952651023865, 0.4072359502315521, 0.40787872672080994, 0.4072571098804474, 0.40774086117744446, 0.40724247694015503, 0.4073389768600464, 0.4075130224227905, 0.4073277711868286, 0.4072814881801605, 0.40722817182540894, 0.4072457253932953, 0.407230406999588, 0.40732070803642273, 0.40724486112594604, 0.4074700176715851, 0.40722915530204773, 0.4074375033378601, 0.40744295716285706, 0.40723955631256104, 0.4072490334510803, 0.4077262878417969, 0.40767616033554077, 0.40790778398513794, 0.4081530272960663, 0.407741516828537, 0.40831536054611206, 0.4073059558868408, 0.4077763855457306, 0.4072616994380951, 0.40725329518318176, 0.4072381854057312, 0.4076298475265503, 0.4076181650161743, 0.4073096811771393, 0.407523512840271, 0.4073527157306671, 0.40727829933166504, 0.4074087142944336, 0.407918781042099, 0.41131842136383057, 0.40823742747306824, 0.40733006596565247, 0.4072302579879761, 0.4072686731815338, 0.4073476791381836, 0.40735816955566406, 0.4090500771999359, 0.40725821256637573, 0.4072679579257965, 0.40843844413757324, 0.4077317416667938, 0.40854203701019287, 0.40728622674942017, 0.40782344341278076, 0.4072492718696594, 0.4091092646121979, 0.40723463892936707, 0.4083648920059204, 0.40793734788894653, 0.40738236904144287, 0.40747079253196716, 0.4072505831718445, 0.40748363733291626, 0.4072321355342865, 0.4075993597507477, 0.40723946690559387, 0.40729811787605286, 0.40765181183815, 0.4072302579879761, 0.408211886882782, 0.4073592722415924, 0.4074939787387848, 0.4074549973011017, 0.4076020419597626, 0.40777644515037537, 0.40733158588409424, 0.4073789119720459, 0.407235324382782, 0.4072915315628052, 0.40726616978645325, 0.4077620208263397, 0.40732529759407043, 0.407523512840271, 0.4073953926563263, 0.40722715854644775, 0.40729930996894836, 0.40916287899017334, 0.40981319546699524, 0.40753936767578125, 0.40758687257766724, 0.40722984075546265, 0.4080701470375061, 0.40796753764152527, 0.4081125259399414, 0.4076444208621979, 0.40768948197364807, 0.40865132212638855, 0.4074307382106781, 0.4072470963001251, 0.40723785758018494, 0.407226026058197, 0.40747570991516113, 0.40780383348464966, 0.40729084610939026, 0.40791264176368713, 0.40722617506980896, 0.40724390745162964, 0.4074121415615082, 0.4077589809894562, 0.4074878692626953, 0.4073016345500946, 0.40747886896133423, 0.40724265575408936, 0.40744340419769287, 0.4072960317134857, 0.40756919980049133, 0.40805914998054504, 0.4072304964065552, 0.4072280526161194, 0.40735459327697754, 0.40770092606544495, 0.4074113368988037, 0.4072318375110626, 0.41030076146125793, 0.4076872169971466, 0.4072988033294678, 0.407255083322525, 0.4075944125652313, 0.4072381854057312, 0.40767011046409607, 0.40722721815109253, 0.40723514556884766, 0.40722954273223877, 0.4075585603713989, 0.4072539806365967, 0.4076162576675415, 0.40786686539649963, 0.4079379141330719, 0.40726253390312195, 0.4087064266204834, 0.4072783291339874, 0.4072381854057312, 0.40931978821754456, 0.4075608551502228, 0.40880653262138367, 0.40749186277389526, 0.4072543680667877, 0.4073653817176819, 0.40786194801330566]",0.0,"[0.0, 0.0, 0.0, 0.0, 0.0, 0.0, 0.0, 0.0, 0.0, 0.0, 0.0, 0.0, 0.0, 0.0, 0.0, 0.0, 0.0, 0.0, 0.0, 0.0, 0.0, 0.0, 0.0, 0.0, 0.0, 0.0, 0.0, 0.0, 0.0, 0.0, 0.0, 0.0, 0.0, 0.0, 0.0, 0.0, 0.0, 0.0, 0.0, 0.0, 0.0, 0.0, 0.0, 0.0, 0.0, 0.0, 0.0, 0.0, 0.0, 0.0, 0.0, 0.0, 0.0, 0.0, 0.0, 0.0, 0.0, 0.0, 0.0, 0.0, 0.0, 0.0, 0.0, 0.0, 0.0, 0.0, 0.0, 0.0, 0.0, 0.0, 0.0, 0.0, 0.0, 0.0, 0.0, 0.0, 0.0, 0.0, 0.0, 0.0, 0.0, 0.0, 0.0, 0.0, 0.0, 0.0, 0.0, 0.0, 0.0, 0.0, 0.0, 0.0, 0.0, 0.0, 0.0, 0.0, 0.0, 0.0, 0.0, 0.0, 0.0, 0.0, 0.0, 0.0, 0.0, 0.0, 0.0, 0.0, 0.0, 0.0, 0.0, 0.0, 0.0, 0.0, 0.0, 0.0, 0.0, 0.0, 0.0, 0.0, 0.0, 0.0, 0.0, 0.0, 0.0, 0.0, 0.0, 0.0, 0.0, 0.0, 0.0, 0.0, 0.0, 0.0, 0.0, 0.0, 0.0, 0.0, 0.0, 0.0, 0.0, 0.0, 0.0, 0.0, 0.0, 0.0, 0.0, 0.0, 0.0, 0.0, 0.0, 0.0, 0.0, 0.0, 0.0, 0.0, 0.0, 0.0, 0.0, 0.0, 0.0, 0.0, 0.0, 0.0, 0.0, 0.0, 0.0, 0.0, 0.0, 0.0, 0.0, 0.0, 0.0, 0.0, 0.0, 0.0, 0.0, 0.0, 0.0, 0.0, 0.0, 0.0, 0.0, 0.0, 0.0, 0.0, 0.0, 0.0, 0.0, 0.0, 0.0, 0.0, 0.0, 0.0, 0.0, 0.0, 0.0, 0.0, 0.0, 0.0, 0.0, 0.0, 0.0, 0.0, 0.0, 0.0, 0.0, 0.0, 0.0, 0.0, 0.0, 0.0, 0.0, 0.0, 0.0, 0.0, 0.0, 0.0, 0.0, 0.0, 0.0, 0.0, 0.0, 0.0, 0.0, 0.0, 0.0, 0.0, 0.0, 0.0, 0.0, 0.0, 0.0, 0.0, 0.0, 0.0, 0.0, 0.0, 0.0, 0.0, 0.0, 0.0, 0.0, 0.0, 0.0, 0.0, 0.0, 0.0, 0.0, 0.0, 0.0, 0.0, 0.0, 0.0, 0.0, 0.0, 0.0, 0.0, 0.0, 0.0, 0.0, 0.0, 0.0, 0.0, 0.0, 0.0, 0.0, 0.0, 0.0, 0.0, 0.0, 0.0, 0.0, 0.0, 0.0, 0.0, 0.0, 0.0, 0.0, 0.0, 0.0, 0.0, 0.0, 0.0, 0.0, 0.0, 0.0, 0.0, 0.0, 0.0, 0.0, 0.0, 0.0, 0.0, 0.0, 0.0, 0.0, 0.0, 0.0, 0.0, 0.0, 0.0, 0.0, 0.0, 0.0, 0.0, 0.0, 0.0, 0.0, 0.0, 0.0, 0.0, 0.0, 0.0, 0.0, 0.0, 0.0, 0.0, 0.0, 0.0, 0.0, 0.0, 0.0, 0.0, 0.0]",COMPLETE
24,24,0.7031855830789246,2024-08-31 02:01:15.697743,2024-08-31 02:04:01.291360,0 days 00:02:45.593617,16,0.06004007322151743,6,125,0.23481801245667747,70,0.01936447524818421,0.863,0.86375,33,"[33, 33, 33, 33, 33, 33, 33, 33, 33, 33, 33, 33, 33, 33, 33, 33, 33, 33, 33, 33, 33, 33, 33, 33, 33, 33, 33, 33, 33, 33, 33, 33, 33, 33, 33, 33, 33, 33, 33, 33, 33, 33, 33, 33, 33, 33, 33, 33, 33, 33, 33, 33, 33, 33, 33, 33, 33, 33, 33, 33, 33, 33, 33, 33, 33, 33, 33, 33, 33, 33, 33, 33, 33, 33, 33, 33, 33, 33, 33, 33, 33, 33, 33, 33, 33, 33, 33, 33, 33, 33, 33, 33, 33, 33, 33, 33, 33, 33, 33, 33, 33, 33, 33, 33, 33, 33, 33, 33, 33, 33, 33, 33, 33, 33, 33, 33, 33, 33, 33, 33, 33, 33, 33, 33, 33]",32.907709750566895,"[32.90566893424036, 32.90748299319728, 32.90113378684807, 32.899319727891154, 32.90113378684807, 32.90226757369615, 32.90136054421769, 32.901814058956916, 32.903174603174605, 32.904988662131515, 32.900226757369616, 32.9015873015873, 32.899092970521544, 32.896145124716554, 32.89727891156463, 32.9, 32.90272108843537, 32.900907029478454, 32.90249433106576, 32.90272108843537, 32.90907029478458, 32.90612244897959, 32.90907029478458, 32.90839002267574, 32.9031746031746, 32.90498866213152, 32.90725623582767, 32.90657596371882, 32.907709750566895, 32.90702947845805, 32.91043083900227, 32.91020408163265, 32.90975056689342, 32.91292517006802, 32.91179138321995, 32.906122448979595, 32.90544217687075, 32.90385487528345, 32.90204081632653, 32.9015873015873, 32.904761904761905, 32.90702947845805, 32.910657596371884, 32.910884353741494, 32.91111111111111, 32.91020408163265, 32.90975056689342, 32.90748299319728, 32.910204081632656, 32.90975056689342, 32.90793650793651, 32.91156462585034, 32.91111111111111, 32.911791383219956, 32.90839002267573, 32.907709750566895, 32.90680272108844, 32.91156462585034, 32.91292517006803, 32.91156462585034, 32.90997732426303, 32.91179138321995, 32.910204081632656, 32.910204081632656, 32.90997732426304, 32.91133786848072, 32.90816326530612, 32.91111111111111, 32.910204081632656, 32.910884353741494, 32.90907029478458, 32.91043083900227, 32.907709750566895, 32.90748299319728, 32.907936507936505, 32.91111111111111, 32.91156462585034, 32.913378684807256, 32.91111111111111, 32.91043083900227, 32.909070294784584, 32.90725623582767, 32.90839002267574, 32.91111111111111, 32.91043083900227, 32.910657596371884, 32.913378684807256, 32.91451247165533, 32.91269841269841, 32.91201814058957, 32.90975056689342, 32.91043083900227, 32.909070294784584, 32.91111111111111, 32.91201814058957, 32.91111111111111, 32.91111111111111, 32.90907029478458, 32.90907029478458, 32.90680272108843, 32.90861678004535, 32.90997732426304, 32.91111111111111, 32.91156462585034, 32.91043083900227, 32.91043083900227, 32.912244897959184, 32.910204081632656, 32.909070294784584, 32.90952380952381, 32.91020408163265, 32.910884353741494, 32.909297052154194, 32.907936507936505, 32.90544217687075, 32.90408163265306, 32.90272108843538, 32.90430839002267, 32.904761904761905, 32.90430839002268, 32.90566893424037, 32.90816326530612, 32.909070294784584, 32.90884353741497, 32.907709750566895]",0.7385216192339765,0.7031855830789246,33,"[33, 33, 33, 33, 33, 33, 33, 33, 33, 33, 33, 33, 33, 33, 33, 33, 33, 33, 33, 33, 33, 33, 33, 33, 33, 33, 33, 33, 33, 33, 33, 33, 33, 33, 33, 33, 33, 33, 33, 33, 33, 33, 33, 33, 33, 33, 33, 33, 33, 33, 33, 33, 33, 33, 33, 33, 33, 33, 33, 33, 33, 33, 33, 33, 33, 33, 33, 33, 33, 33, 33, 33, 33, 33, 33, 33, 33, 33, 33, 33, 33, 33, 33, 33, 33, 33, 33, 33, 33, 33, 33, 33, 33, 33, 33, 33, 33, 33, 33, 33, 33, 33, 33, 33, 33, 33, 33, 33, 33, 33, 33, 33, 33, 33, 33, 33, 33, 33, 33, 33, 33, 33, 33, 33, 33]",125,"[0.5448247790336609, 0.4717002809047699, 0.43899834156036377, 0.42271482944488525, 0.41402336955070496, 0.40896546840667725, 0.4057505428791046, 0.40367257595062256, 0.40200597047805786, 0.4006914496421814, 0.39963236451148987, 0.3987339735031128, 0.3978557586669922, 0.3971303105354309, 0.3964085280895233, 0.39572063088417053, 0.3950900733470917, 0.394459992647171, 0.3938373923301697, 0.3932340741157532, 0.39264973998069763, 0.39208903908729553, 0.3915530741214752, 0.39102596044540405, 0.3905186355113983, 0.3900352716445923, 0.3895326256752014, 0.38907116651535034, 0.38863781094551086, 0.38817185163497925, 0.3877352476119995, 0.38731124997138977, 0.3869190216064453, 0.386514276266098, 0.38610994815826416, 0.3857278823852539, 0.3853517472743988, 0.3849762976169586, 0.38462093472480774, 0.3842642903327942, 0.3839140832424164, 0.38357076048851013, 0.38321900367736816, 0.38288363814353943, 0.3825646936893463, 0.3822426497936249, 0.3819483518600464, 0.3816453516483307, 0.3813510537147522, 0.3810604214668274, 0.3807903528213501, 0.38052958250045776, 0.3802483379840851, 0.37996920943260193, 0.3797166049480438, 0.3794656991958618, 0.37922054529190063, 0.3789840638637543, 0.3787463307380676, 0.37851160764694214, 0.37828946113586426, 0.37807244062423706, 0.3778403401374817, 0.3776308298110962, 0.37741556763648987, 0.3771999478340149, 0.3769923746585846, 0.37678518891334534, 0.37659144401550293, 0.3763871490955353, 0.3761734366416931, 0.37598201632499695, 0.375783771276474, 0.3756145238876343, 0.375427782535553, 0.37526607513427734, 0.37507522106170654, 0.3748836815357208, 0.37470296025276184, 0.37452876567840576, 0.3743681013584137, 0.37418878078460693, 0.37402164936065674, 0.3738587200641632, 0.37371721863746643, 0.37356799840927124, 0.3734215199947357, 0.3732513189315796, 0.373090922832489, 0.3729356527328491, 0.37279951572418213, 0.3726351857185364, 0.37248942255973816, 0.3723350763320923, 0.37218913435935974, 0.37204691767692566, 0.3719073534011841, 0.3717745244503021, 0.37162449955940247, 0.37149888277053833, 0.3713558614253998, 0.3712313771247864, 0.3711003065109253, 0.3709763288497925, 0.37084704637527466, 0.3707149922847748, 0.37058621644973755, 0.3704449534416199, 0.3703237473964691, 0.37018126249313354, 0.37005946040153503, 0.36992332339286804, 0.36978381872177124, 0.36965474486351013, 0.36952143907546997, 0.36936724185943604, 0.36923447251319885, 0.36912673711776733, 0.36901310086250305, 0.3688793480396271, 0.36876311898231506, 0.36862820386886597, 0.36850830912590027, 0.3683842122554779, 0.3682398200035095]",33.0,"[33.0, 33.0, 33.0, 33.0, 33.0, 33.0, 33.0, 33.0, 33.0, 33.0, 33.0, 33.0, 33.0, 33.0, 33.0, 33.0, 33.0, 33.0, 33.0, 33.0, 33.0, 33.0, 33.0, 33.0, 33.0, 33.0, 33.0, 33.0, 33.0, 33.0, 33.0, 33.0, 33.0, 33.0, 33.0, 33.0, 33.0, 33.0, 33.0, 33.0, 33.0, 33.0, 33.0, 33.0, 33.0, 33.0, 33.0, 33.0, 33.0, 33.0, 33.0, 33.0, 33.0, 33.0, 33.0, 33.0, 33.0, 33.0, 33.0, 33.0, 33.0, 33.0, 33.0, 33.0, 33.0, 33.0, 33.0, 33.0, 33.0, 33.0, 33.0, 33.0, 33.0, 33.0, 33.0, 33.0, 33.0, 33.0, 33.0, 33.0, 33.0, 33.0, 33.0, 33.0, 33.0, 33.0, 33.0, 33.0, 33.0, 33.0, 33.0, 33.0, 33.0, 33.0, 33.0, 33.0, 33.0, 33.0, 33.0, 33.0, 33.0, 33.0, 33.0, 33.0, 33.0, 33.0, 33.0, 33.0, 33.0, 33.0, 33.0, 33.0, 33.0, 33.0, 33.0, 33.0, 33.0, 33.0, 33.0, 33.0, 33.0, 33.0, 33.0, 33.0, 33.0]",COMPLETE
25,25,0.9277608171993147,2024-08-31 02:04:01.307042,2024-08-31 02:04:12.617302,0 days 00:00:11.310260,4,0.4064717986721727,2,40,0.0039509112620925175,30,0.0019443115549390476,0.928,0.94,15,"[33, 33, 33, 33, 33, 32, 29, 28, 23, 18, 17, 15, 15, 15, 15, 15, 15, 15, 15, 15, 15, 15, 15, 15, 15, 15, 15, 15, 15, 15, 15, 15, 15, 15, 15, 15, 15, 15, 15, 15]",15.0,"[33.0, 32.98888888888889, 32.955555555555556, 32.977777777777774, 32.98888888888889, 31.977777777777778, 28.977777777777778, 27.988888888888887, 23.0, 18.0, 16.977777777777778, 15.0, 15.0, 14.966666666666667, 15.0, 15.0, 15.0, 14.988888888888889, 15.0, 15.0, 15.0, 14.988888888888889, 15.0, 15.0, 14.988888888888889, 14.988888888888889, 15.0, 14.988888888888889, 15.0, 15.0, 15.0, 14.988888888888889, 14.988888888888889, 14.988888888888889, 14.988888888888889, 15.0, 14.988888888888889, 15.0, 15.0, 15.0]",0.9117149249911244,0.9277608171993147,15,"[33, 33, 33, 33, 33, 32, 29, 28, 23, 18, 17, 15, 15, 15, 15, 15, 15, 15, 15, 15, 15, 15, 15, 15, 15, 15, 15, 15, 15, 15, 15, 15, 15, 15, 15, 15, 15, 15, 15, 15]",40,"[0.36632591485977173, 0.35487812757492065, 0.3332865536212921, 0.32154589891433716, 0.29936131834983826, 0.28532248735427856, 0.2746769189834595, 0.2556576728820801, 0.2489900439977646, 0.2483755350112915, 0.24006490409374237, 0.23224511742591858, 0.23185285925865173, 0.23325927555561066, 0.22869913280010223, 0.22414575517177582, 0.22229714691638947, 0.2155504673719406, 0.21754460036754608, 0.21178877353668213, 0.20956440269947052, 0.21209031343460083, 0.20858816802501678, 0.21036797761917114, 0.2010372281074524, 0.20605221390724182, 0.2002032995223999, 0.20096416771411896, 0.20624664425849915, 0.20349283516407013, 0.19269119203090668, 0.18972668051719666, 0.20030483603477478, 0.19074581563472748, 0.1956167072057724, 0.19341038167476654, 0.1940191090106964, 0.19381582736968994, 0.1908811777830124, 0.18937817215919495]",15.0,"[33.0, 33.0, 33.0, 33.0, 33.0, 32.0, 29.0, 28.0, 23.0, 18.0, 17.0, 15.0, 15.0, 15.0, 15.0, 15.0, 15.0, 15.0, 15.0, 15.0, 15.0, 15.0, 15.0, 15.0, 15.0, 15.0, 15.0, 15.0, 15.0, 15.0, 15.0, 15.0, 15.0, 15.0, 15.0, 15.0, 15.0, 15.0, 15.0, 15.0]",COMPLETE
