,number,value,datetime_start,datetime_complete,duration,params_batch_size_scaler,params_constant_learning_rate,params_depth,params_epochs,params_kernel_l2,params_num_trees,params_temperature,user_attrs_accuracy_test,user_attrs_accuracy_valid,user_attrs_approximate_feature_sparsity,user_attrs_approximate_feature_sparsity_history,user_attrs_approximate_weight_sparsity,user_attrs_approximate_weight_sparsity_history,user_attrs_auc_test,user_attrs_auc_valid,user_attrs_feature_sparsity,user_attrs_feature_sparsity_history,user_attrs_num_epochs,user_attrs_val_loss_history,user_attrs_weight_sparsity,user_attrs_weight_sparsity_history,state
160,160,0.7136710850047017,2024-08-31 07:21:52.650907,2024-08-31 07:22:23.412128,0 days 00:00:30.761221,64,0.012918259978767624,2,500,0.003269442070827609,39,0.034124755281493155,0.874,0.86875,33,"[33, 33, 33, 33, 33, 33, 33, 33, 33, 33, 33, 33, 33, 33, 33, 33, 33, 33, 33, 33, 33, 33, 33, 33, 33, 33, 33, 33, 33, 33, 33, 33, 33, 33, 33, 33, 33, 33, 33, 33, 33, 33, 33, 33, 33, 33, 33, 33, 33, 33, 33, 33, 33, 33, 33, 33, 33, 33, 33, 33, 33, 33, 33, 33, 33, 33, 33, 33, 33, 33, 33, 33, 33, 33, 33, 33, 33, 33, 33, 33, 33, 33, 33, 33, 33, 33, 33, 33, 33, 33, 33, 33, 33, 33, 33, 33, 33, 33, 33, 33, 33, 33, 33, 33, 33, 33, 33, 33, 33, 33, 33, 33, 33, 33, 33, 33, 33, 33, 33, 33, 33, 33, 33, 33, 33, 33, 33, 33, 33, 33, 33, 33, 33, 33, 33, 33, 33, 33, 33, 33, 33, 33, 33, 33, 33, 33, 33, 33, 33, 33, 33, 33, 33, 33, 33, 33, 33, 33, 33, 33, 33, 33, 33, 33, 33, 33, 33, 33, 33, 33, 33, 33, 33, 33, 33, 33, 33, 33, 33, 33, 33, 33, 33, 33, 33, 33, 33, 33, 33, 33, 33, 33, 33, 33, 33, 33, 33, 33, 33, 33, 33, 33, 33, 33, 33, 33, 33, 33, 33, 33, 33, 33, 33, 33, 33, 33, 33, 33, 33, 33, 33, 33, 33, 33, 33, 33, 33, 33, 33, 33, 33, 33, 33, 33, 33, 33, 33, 33, 33, 33, 33, 33, 33, 33, 33, 33, 33, 33, 33, 33, 33, 33, 33, 33, 33, 33, 33, 33, 33, 33, 33, 33, 33, 33, 33, 33, 33, 33, 33, 33, 33, 33, 33, 33, 33, 33, 33, 33, 33, 33, 33, 33, 33, 33, 33, 33, 33, 33, 33, 33, 33, 33, 33, 33, 33, 33, 33, 33, 33, 33, 33, 33, 33, 33, 33, 33, 33, 33, 33, 33, 33, 33, 33, 33, 33, 33, 33, 33, 33, 33, 33, 33, 33, 33, 33, 33, 33, 33, 33, 33, 33, 33, 33, 33, 33, 33, 33, 33, 33, 33, 33, 33, 33, 33, 33, 33, 33, 33, 33, 33, 33, 33, 33, 33, 33, 33, 33, 33, 33, 33, 33, 33, 33, 33, 33, 33, 33, 33, 33, 33, 33, 33, 33, 33, 33, 33, 33, 33, 33, 33, 33, 33, 33, 33, 33, 33, 33, 33, 33, 33, 33, 33, 33, 33, 33, 33, 33, 33, 33, 33, 33, 33, 33, 33, 33, 33, 33, 33, 33, 33, 33, 33, 33, 33, 33, 33, 33, 33, 33, 33, 33, 33, 33, 33, 33, 33, 33, 33, 33, 33, 33, 33, 33, 33, 33, 33, 33, 33, 33, 33, 33, 33, 33, 33, 33, 33, 33, 33, 33, 33, 33, 33, 33, 33, 33, 33, 33, 33, 33, 33, 33, 33, 33, 33, 33, 33, 33, 33, 33, 33, 33, 33, 33, 33, 33, 33, 33, 33, 33, 33, 33, 33, 33, 33, 33, 33, 33, 33, 33, 33, 33, 33, 33, 33, 33, 33, 33, 33, 33, 33]",32.965811965811966,"[33.0, 33.0, 32.99145299145299, 33.0, 32.99145299145299, 33.0, 32.99145299145299, 33.0, 32.965811965811966, 32.98290598290598, 32.98290598290598, 32.99145299145299, 33.0, 32.99145299145299, 32.99145299145299, 33.0, 33.0, 33.0, 33.0, 32.99145299145299, 32.98290598290598, 32.99145299145299, 32.99145299145299, 32.99145299145299, 32.99145299145299, 33.0, 33.0, 33.0, 32.99145299145299, 32.98290598290598, 32.99145299145299, 33.0, 33.0, 33.0, 33.0, 33.0, 33.0, 32.99145299145299, 33.0, 33.0, 33.0, 33.0, 33.0, 33.0, 32.99145299145299, 33.0, 32.99145299145299, 32.99145299145299, 33.0, 33.0, 32.99145299145299, 32.99145299145299, 32.99145299145299, 33.0, 33.0, 33.0, 33.0, 33.0, 33.0, 32.99145299145299, 32.99145299145299, 33.0, 33.0, 33.0, 33.0, 33.0, 33.0, 32.99145299145299, 32.99145299145299, 32.98290598290598, 32.98290598290598, 32.98290598290598, 32.98290598290598, 32.99145299145299, 32.99145299145299, 32.99145299145299, 32.99145299145299, 32.99145299145299, 32.99145299145299, 32.99145299145299, 32.99145299145299, 32.99145299145299, 32.98290598290598, 32.99145299145299, 32.98290598290598, 32.98290598290598, 32.98290598290598, 32.98290598290598, 32.98290598290598, 32.97435897435898, 32.97435897435898, 32.98290598290598, 32.98290598290598, 32.99145299145299, 32.99145299145299, 32.98290598290598, 32.98290598290598, 32.99145299145299, 32.99145299145299, 32.99145299145299, 32.99145299145299, 32.99145299145299, 32.99145299145299, 32.98290598290598, 32.99145299145299, 32.99145299145299, 32.99145299145299, 32.99145299145299, 32.99145299145299, 32.99145299145299, 32.99145299145299, 32.98290598290598, 32.98290598290598, 32.99145299145299, 32.99145299145299, 32.98290598290598, 32.97435897435898, 32.98290598290598, 32.98290598290598, 32.99145299145299, 32.99145299145299, 32.99145299145299, 32.99145299145299, 32.99145299145299, 32.99145299145299, 32.99145299145299, 32.99145299145299, 32.99145299145299, 32.98290598290598, 32.99145299145299, 32.99145299145299, 32.99145299145299, 32.99145299145299, 32.98290598290598, 32.98290598290598, 32.98290598290598, 32.98290598290598, 32.98290598290598, 32.98290598290598, 32.98290598290598, 32.98290598290598, 32.98290598290598, 32.99145299145299, 32.99145299145299, 32.97435897435898, 32.98290598290598, 32.98290598290598, 32.98290598290598, 32.98290598290598, 32.99145299145299, 32.99145299145299, 32.99145299145299, 32.99145299145299, 32.99145299145299, 32.97435897435898, 32.97435897435898, 32.98290598290598, 32.99145299145299, 32.99145299145299, 32.99145299145299, 32.98290598290598, 32.98290598290598, 32.97435897435898, 32.97435897435898, 32.99145299145299, 32.98290598290598, 32.99145299145299, 32.98290598290598, 32.97435897435898, 32.97435897435898, 32.98290598290598, 32.98290598290598, 32.98290598290598, 32.98290598290598, 32.98290598290598, 32.99145299145299, 32.98290598290598, 33.0, 32.99145299145299, 33.0, 33.0, 33.0, 33.0, 33.0, 33.0, 32.99145299145299, 32.99145299145299, 32.99145299145299, 32.99145299145299, 32.99145299145299, 32.99145299145299, 32.99145299145299, 32.98290598290598, 32.99145299145299, 32.99145299145299, 32.99145299145299, 32.99145299145299, 32.99145299145299, 32.99145299145299, 32.99145299145299, 32.99145299145299, 32.99145299145299, 32.99145299145299, 32.99145299145299, 32.98290598290598, 32.97435897435898, 32.98290598290598, 32.97435897435898, 32.965811965811966, 32.97435897435898, 32.97435897435898, 32.97435897435898, 32.965811965811966, 32.965811965811966, 32.965811965811966, 32.965811965811966, 32.97435897435898, 32.98290598290598, 32.99145299145299, 32.99145299145299, 32.99145299145299, 32.99145299145299, 32.99145299145299, 32.99145299145299, 32.99145299145299, 32.98290598290598, 32.97435897435898, 32.965811965811966, 32.965811965811966, 32.965811965811966, 32.97435897435898, 32.97435897435898, 32.97435897435898, 32.97435897435898, 32.97435897435898, 32.965811965811966, 32.97435897435898, 32.97435897435898, 32.965811965811966, 32.98290598290598, 32.98290598290598, 32.97435897435898, 32.97435897435898, 32.98290598290598, 32.98290598290598, 32.965811965811966, 32.94871794871795, 32.957264957264954, 32.94871794871795, 32.940170940170944, 32.94871794871795, 32.957264957264954, 32.965811965811966, 32.965811965811966, 32.965811965811966, 32.965811965811966, 32.98290598290598, 32.99145299145299, 32.98290598290598, 32.97435897435898, 32.97435897435898, 32.965811965811966, 32.965811965811966, 32.965811965811966, 32.98290598290598, 32.965811965811966, 32.97435897435898, 32.97435897435898, 32.98290598290598, 32.98290598290598, 32.99145299145299, 32.99145299145299, 32.99145299145299, 32.99145299145299, 33.0, 33.0, 33.0, 33.0, 33.0, 33.0, 33.0, 33.0, 33.0, 33.0, 33.0, 32.99145299145299, 32.98290598290598, 32.98290598290598, 32.99145299145299, 32.99145299145299, 32.99145299145299, 32.99145299145299, 33.0, 33.0, 33.0, 33.0, 33.0, 33.0, 33.0, 33.0, 32.99145299145299, 32.99145299145299, 32.99145299145299, 32.99145299145299, 32.99145299145299, 32.99145299145299, 32.99145299145299, 33.0, 33.0, 33.0, 33.0, 33.0, 33.0, 33.0, 33.0, 33.0, 33.0, 33.0, 33.0, 33.0, 33.0, 33.0, 33.0, 33.0, 33.0, 33.0, 33.0, 33.0, 33.0, 33.0, 33.0, 33.0, 33.0, 33.0, 33.0, 33.0, 32.99145299145299, 32.99145299145299, 32.98290598290598, 32.97435897435898, 32.97435897435898, 32.965811965811966, 32.97435897435898, 32.97435897435898, 32.97435897435898, 32.97435897435898, 32.97435897435898, 32.97435897435898, 32.965811965811966, 32.97435897435898, 32.97435897435898, 32.97435897435898, 32.965811965811966, 32.965811965811966, 32.97435897435898, 32.98290598290598, 32.98290598290598, 32.98290598290598, 32.97435897435898, 32.98290598290598, 32.98290598290598, 32.97435897435898, 32.97435897435898, 32.97435897435898, 32.97435897435898, 32.97435897435898, 32.97435897435898, 32.965811965811966, 32.965811965811966, 32.97435897435898, 32.97435897435898, 32.99145299145299, 32.98290598290598, 32.99145299145299, 32.99145299145299, 32.99145299145299, 32.99145299145299, 32.99145299145299, 32.99145299145299, 32.99145299145299, 32.99145299145299, 32.99145299145299, 32.99145299145299, 32.99145299145299, 32.98290598290598, 32.99145299145299, 32.99145299145299, 32.98290598290598, 32.98290598290598, 32.98290598290598, 32.98290598290598, 32.97435897435898, 32.98290598290598, 32.97435897435898, 32.97435897435898, 32.98290598290598, 32.98290598290598, 32.97435897435898, 32.97435897435898, 32.97435897435898, 32.97435897435898, 32.97435897435898, 32.97435897435898, 32.98290598290598, 32.97435897435898, 32.98290598290598, 32.98290598290598, 32.98290598290598, 32.98290598290598, 32.98290598290598, 32.98290598290598, 32.98290598290598, 32.98290598290598, 32.98290598290598, 32.98290598290598, 32.99145299145299, 32.99145299145299, 32.99145299145299, 32.99145299145299, 32.99145299145299, 32.99145299145299, 32.99145299145299, 32.99145299145299, 32.99145299145299, 32.99145299145299, 32.99145299145299, 32.99145299145299, 32.99145299145299, 32.99145299145299, 32.99145299145299, 32.99145299145299, 32.99145299145299, 32.98290598290598, 32.98290598290598, 32.98290598290598, 32.965811965811966, 32.965811965811966, 32.965811965811966, 32.98290598290598, 32.98290598290598, 32.98290598290598, 32.98290598290598, 32.98290598290598, 32.98290598290598, 32.98290598290598, 32.98290598290598, 32.98290598290598, 32.98290598290598, 32.98290598290598, 32.99145299145299, 32.99145299145299, 33.0, 33.0, 33.0, 33.0, 33.0, 32.99145299145299, 32.99145299145299, 32.98290598290598, 32.98290598290598, 32.98290598290598, 32.99145299145299, 32.99145299145299, 32.99145299145299, 32.98290598290598, 32.98290598290598, 32.99145299145299, 32.99145299145299, 32.99145299145299, 32.99145299145299, 32.99145299145299, 32.99145299145299, 32.99145299145299, 33.0, 33.0, 33.0, 33.0, 33.0, 33.0, 33.0, 33.0, 33.0, 33.0, 33.0, 33.0, 33.0, 33.0, 33.0, 33.0, 33.0, 33.0, 32.99145299145299, 32.99145299145299, 32.99145299145299, 32.99145299145299, 32.98290598290598, 32.97435897435898, 32.957264957264954, 32.957264957264954, 32.965811965811966]",0.7407673445124217,0.7136710850047017,33,"[33, 33, 33, 33, 33, 33, 33, 33, 33, 33, 33, 33, 33, 33, 33, 33, 33, 33, 33, 33, 33, 33, 33, 33, 33, 33, 33, 33, 33, 33, 33, 33, 33, 33, 33, 33, 33, 33, 33, 33, 33, 33, 33, 33, 33, 33, 33, 33, 33, 33, 33, 33, 33, 33, 33, 33, 33, 33, 33, 33, 33, 33, 33, 33, 33, 33, 33, 33, 33, 33, 33, 33, 33, 33, 33, 33, 33, 33, 33, 33, 33, 33, 33, 33, 33, 33, 33, 33, 33, 33, 33, 33, 33, 33, 33, 33, 33, 33, 33, 33, 33, 33, 33, 33, 33, 33, 33, 33, 33, 33, 33, 33, 33, 33, 33, 33, 33, 33, 33, 33, 33, 33, 33, 33, 33, 33, 33, 33, 33, 33, 33, 33, 33, 33, 33, 33, 33, 33, 33, 33, 33, 33, 33, 33, 33, 33, 33, 33, 33, 33, 33, 33, 33, 33, 33, 33, 33, 33, 33, 33, 33, 33, 33, 33, 33, 33, 33, 33, 33, 33, 33, 33, 33, 33, 33, 33, 33, 33, 33, 33, 33, 33, 33, 33, 33, 33, 33, 33, 33, 33, 33, 33, 33, 33, 33, 33, 33, 33, 33, 33, 33, 33, 33, 33, 33, 33, 33, 33, 33, 33, 33, 33, 33, 33, 33, 33, 33, 33, 33, 33, 33, 33, 33, 33, 33, 33, 33, 33, 33, 33, 33, 33, 33, 33, 33, 33, 33, 33, 33, 33, 33, 33, 33, 33, 33, 33, 33, 33, 33, 33, 33, 33, 33, 33, 33, 33, 33, 33, 33, 33, 33, 33, 33, 33, 33, 33, 33, 33, 33, 33, 33, 33, 33, 33, 33, 33, 33, 33, 33, 33, 33, 33, 33, 33, 33, 33, 33, 33, 33, 33, 33, 33, 33, 33, 33, 33, 33, 33, 33, 33, 33, 33, 33, 33, 33, 33, 33, 33, 33, 33, 33, 33, 33, 33, 33, 33, 33, 33, 33, 33, 33, 33, 33, 33, 33, 33, 33, 33, 33, 33, 33, 33, 33, 33, 33, 33, 33, 33, 33, 33, 33, 33, 33, 33, 33, 33, 33, 33, 33, 33, 33, 33, 33, 33, 33, 33, 33, 33, 33, 33, 33, 33, 33, 33, 33, 33, 33, 33, 33, 33, 33, 33, 33, 33, 33, 33, 33, 33, 33, 33, 33, 33, 33, 33, 33, 33, 33, 33, 33, 33, 33, 33, 33, 33, 33, 33, 33, 33, 33, 33, 33, 33, 33, 33, 33, 33, 33, 33, 33, 33, 33, 33, 33, 33, 33, 33, 33, 33, 33, 33, 33, 33, 33, 33, 33, 33, 33, 33, 33, 33, 33, 33, 33, 33, 33, 33, 33, 33, 33, 33, 33, 33, 33, 33, 33, 33, 33, 33, 33, 33, 33, 33, 33, 33, 33, 33, 33, 33, 33, 33, 33, 33, 33, 33, 33, 33, 33, 33, 33, 33, 33, 33, 33, 33, 33, 33, 33, 33, 33, 33, 33, 33, 33, 33, 33, 33, 33, 33, 33, 33, 33, 33, 33, 33, 33, 33, 33, 33, 33, 33]",500,"[0.6191840767860413, 0.5380299687385559, 0.49100571870803833, 0.4638567864894867, 0.4456222951412201, 0.4329739511013031, 0.4231443703174591, 0.41565319895744324, 0.4118017554283142, 0.4082483649253845, 0.4058198928833008, 0.40408405661582947, 0.4025826156139374, 0.4017891585826874, 0.40099212527275085, 0.40046727657318115, 0.39975959062576294, 0.3993034362792969, 0.39889153838157654, 0.3985139727592468, 0.39826324582099915, 0.39793914556503296, 0.39769184589385986, 0.3974105715751648, 0.39715293049812317, 0.3969147801399231, 0.39670222997665405, 0.3964555263519287, 0.3961952328681946, 0.39597147703170776, 0.39572227001190186, 0.39550137519836426, 0.3952775299549103, 0.3950672149658203, 0.39486825466156006, 0.3946802020072937, 0.39449188113212585, 0.3943330645561218, 0.39419516921043396, 0.39397454261779785, 0.39378979802131653, 0.39359375834465027, 0.39337876439094543, 0.39320868253707886, 0.39295151829719543, 0.3927415609359741, 0.39254581928253174, 0.3923889398574829, 0.39221981167793274, 0.3920530676841736, 0.3918622136116028, 0.3916901648044586, 0.39151448011398315, 0.39135220646858215, 0.39119744300842285, 0.39105233550071716, 0.3908287286758423, 0.3906315863132477, 0.3904920816421509, 0.3903263509273529, 0.3901600241661072, 0.390028178691864, 0.3898555636405945, 0.3896847665309906, 0.38954854011535645, 0.3894210159778595, 0.38920894265174866, 0.389041543006897, 0.3889180123806, 0.3887731432914734, 0.3886241018772125, 0.38847988843917847, 0.388330340385437, 0.388205349445343, 0.3880477845668793, 0.3879390060901642, 0.38780921697616577, 0.3876592516899109, 0.38753533363342285, 0.3873831033706665, 0.38722625374794006, 0.38712605834007263, 0.3869767487049103, 0.3868471086025238, 0.38672584295272827, 0.38656559586524963, 0.38642123341560364, 0.38631361722946167, 0.3861919045448303, 0.3860854208469391, 0.3859735429286957, 0.3858669400215149, 0.38576334714889526, 0.38566669821739197, 0.38550958037376404, 0.3853658437728882, 0.3852382004261017, 0.3851075768470764, 0.38497471809387207, 0.38486966490745544, 0.38476502895355225, 0.38471055030822754, 0.38460177183151245, 0.3844726085662842, 0.38436347246170044, 0.3842514157295227, 0.3841337561607361, 0.3840143084526062, 0.3839472830295563, 0.3838396966457367, 0.3837563991546631, 0.3836706876754761, 0.3835606276988983, 0.38343316316604614, 0.3833051919937134, 0.38322216272354126, 0.3831220269203186, 0.38301151990890503, 0.3829106390476227, 0.3828014135360718, 0.38270682096481323, 0.3826269507408142, 0.38255560398101807, 0.3824978768825531, 0.3824612498283386, 0.38236764073371887, 0.3822142481803894, 0.38210055232048035, 0.38197267055511475, 0.38190028071403503, 0.3818093240261078, 0.3816935420036316, 0.3816179037094116, 0.3815147280693054, 0.38144955039024353, 0.3813289403915405, 0.3812224566936493, 0.3811323940753937, 0.381041020154953, 0.3809531331062317, 0.38085636496543884, 0.3807860314846039, 0.3806929886341095, 0.3806019127368927, 0.38051778078079224, 0.3804807960987091, 0.38037291169166565, 0.3802814185619354, 0.38019198179244995, 0.3801373541355133, 0.3800729811191559, 0.3799675405025482, 0.37993648648262024, 0.3798716068267822, 0.3797992467880249, 0.3797539472579956, 0.3796667754650116, 0.3796142339706421, 0.37956276535987854, 0.37945544719696045, 0.37939518690109253, 0.3793400228023529, 0.3792967200279236, 0.3791784346103668, 0.3791047930717468, 0.3790057301521301, 0.37892159819602966, 0.3788701295852661, 0.3788010776042938, 0.37873855233192444, 0.378690630197525, 0.37855786085128784, 0.3784603178501129, 0.3784705400466919, 0.37833577394485474, 0.3782573342323303, 0.3781481683254242, 0.3780851662158966, 0.378055214881897, 0.3780570328235626, 0.37795117497444153, 0.37785398960113525, 0.37774428725242615, 0.3776344060897827, 0.3775635063648224, 0.37749210000038147, 0.37740030884742737, 0.37729987502098083, 0.3772309422492981, 0.3771621584892273, 0.37707623839378357, 0.37699925899505615, 0.37691447138786316, 0.37684309482574463, 0.3767479658126831, 0.3766787350177765, 0.37665432691574097, 0.3766040802001953, 0.3765498697757721, 0.37646758556365967, 0.3763850927352905, 0.37633106112480164, 0.3762674629688263, 0.37619301676750183, 0.3760855793952942, 0.3760024607181549, 0.37593692541122437, 0.37587761878967285, 0.37582623958587646, 0.37581345438957214, 0.3757663667201996, 0.3756803274154663, 0.37565818428993225, 0.3755608797073364, 0.3755623698234558, 0.37546876072883606, 0.3753764033317566, 0.3752465844154358, 0.3752337396144867, 0.37513673305511475, 0.3751212954521179, 0.37501829862594604, 0.3749033808708191, 0.3748079538345337, 0.3747604489326477, 0.3747006952762604, 0.374672532081604, 0.37461045384407043, 0.3745916485786438, 0.3745744228363037, 0.37453824281692505, 0.37447574734687805, 0.37440595030784607, 0.3743351101875305, 0.3742620050907135, 0.3742212951183319, 0.37419554591178894, 0.37409937381744385, 0.3741047978401184, 0.3740061819553375, 0.37391403317451477, 0.3738231658935547, 0.3737421929836273, 0.37370753288269043, 0.37365081906318665, 0.3735538721084595, 0.37356099486351013, 0.37349480390548706, 0.37339410185813904, 0.3733172118663788, 0.37321406602859497, 0.37312784790992737, 0.37306344509124756, 0.37297454476356506, 0.3729034662246704, 0.37283995747566223, 0.3728092312812805, 0.37276169657707214, 0.3726874589920044, 0.3726106882095337, 0.37252819538116455, 0.37248343229293823, 0.37245452404022217, 0.3723975718021393, 0.37232935428619385, 0.37227702140808105, 0.3722068667411804, 0.37215059995651245, 0.3720618188381195, 0.3719967305660248, 0.37192589044570923, 0.3718792200088501, 0.37186798453330994, 0.37181031703948975, 0.3717368245124817, 0.3716389834880829, 0.37161654233932495, 0.3715441823005676, 0.37154772877693176, 0.37145841121673584, 0.3714166581630707, 0.3713613450527191, 0.3712770938873291, 0.37117767333984375, 0.37114039063453674, 0.371061772108078, 0.37106141448020935, 0.3709949851036072, 0.37087368965148926, 0.3707938492298126, 0.3707616925239563, 0.3707086145877838, 0.3706052005290985, 0.37052857875823975, 0.3705211877822876, 0.3704625964164734, 0.370368093252182, 0.3702988028526306, 0.3702516257762909, 0.3701987564563751, 0.37010449171066284, 0.37005433440208435, 0.36996516585350037, 0.3699459731578827, 0.369874507188797, 0.36982765793800354, 0.36979618668556213, 0.3697148859500885, 0.36964958906173706, 0.36962682008743286, 0.36956650018692017, 0.36948931217193604, 0.369462251663208, 0.36947956681251526, 0.3693925440311432, 0.36933526396751404, 0.3693234920501709, 0.3692282736301422, 0.369200199842453, 0.369160920381546, 0.36906418204307556, 0.3689612150192261, 0.3689045011997223, 0.36890488862991333, 0.36882007122039795, 0.3687809407711029, 0.3686753809452057, 0.36866244673728943, 0.3686361312866211, 0.36857834458351135, 0.3685849905014038, 0.3684871196746826, 0.36847373843193054, 0.36843499541282654, 0.3684660792350769, 0.36832451820373535, 0.36820748448371887, 0.3681970536708832, 0.36812418699264526, 0.3680187463760376, 0.36793890595436096, 0.36785566806793213, 0.3678327798843384, 0.3677125871181488, 0.36764535307884216, 0.3676120638847351, 0.3675326406955719, 0.36749467253685, 0.3674236238002777, 0.3673723340034485, 0.3673549294471741, 0.36732417345046997, 0.3672873377799988, 0.36721014976501465, 0.3671489953994751, 0.3670748174190521, 0.36702078580856323, 0.3669598698616028, 0.3668961226940155, 0.3668579161167145, 0.3668407201766968, 0.36674821376800537, 0.36671629548072815, 0.36670032143592834, 0.3666270971298218, 0.36659103631973267, 0.36656078696250916, 0.3665328323841095, 0.3664696514606476, 0.36641669273376465, 0.36639222502708435, 0.3664206266403198, 0.3663593530654907, 0.3663366436958313, 0.3662603497505188, 0.36613017320632935, 0.3661370575428009, 0.36609673500061035, 0.3660591244697571, 0.366036593914032, 0.3659784197807312, 0.3659279942512512, 0.36580565571784973, 0.3657863736152649, 0.3657286763191223, 0.3656405508518219, 0.36558228731155396, 0.36554592847824097, 0.3654991388320923, 0.36547985672950745, 0.3653970956802368, 0.36539334058761597, 0.36536547541618347, 0.3653237223625183, 0.36529454588890076, 0.3652433156967163, 0.36519092321395874, 0.3651944696903229, 0.36507943272590637, 0.36501285433769226, 0.36493968963623047, 0.3648832440376282, 0.3648982644081116, 0.36478671431541443, 0.364772230386734, 0.36474937200546265, 0.36478087306022644, 0.36474621295928955, 0.36463889479637146, 0.3645426034927368, 0.3644985258579254, 0.3644748032093048, 0.3644164204597473, 0.36433878540992737, 0.3642883598804474, 0.3642330467700958, 0.3641628324985504, 0.3641027510166168, 0.3641152083873749, 0.36403265595436096, 0.3639867901802063, 0.36390867829322815, 0.36385077238082886, 0.363773375749588, 0.363707035779953, 0.36364755034446716, 0.36365169286727905, 0.3635791540145874, 0.36348849534988403, 0.36343714594841003, 0.3634238541126251, 0.3633677363395691, 0.36332815885543823, 0.3633211553096771, 0.3632665276527405, 0.3632107973098755, 0.3631620705127716, 0.36311522126197815, 0.36304864287376404, 0.36298954486846924, 0.3629368543624878, 0.36289283633232117, 0.36280205845832825, 0.3627426028251648, 0.36278030276298523, 0.36275357007980