,number,value,datetime_start,datetime_complete,duration,params_batch_size_scaler,params_constant_learning_rate,params_depth,params_epochs,params_kernel_l2,params_num_trees,params_temperature,user_attrs_accuracy_test,user_attrs_accuracy_valid,user_attrs_approximate_feature_sparsity,user_attrs_approximate_feature_sparsity_history,user_attrs_approximate_weight_sparsity,user_attrs_approximate_weight_sparsity_history,user_attrs_auc_test,user_attrs_auc_valid,user_attrs_feature_sparsity,user_attrs_feature_sparsity_history,user_attrs_num_epochs,user_attrs_val_loss_history,user_attrs_weight_sparsity,user_attrs_weight_sparsity_history,state
68,68,0.8303512771959656,2024-08-31 03:41:18.530976,2024-08-31 03:41:42.321320,0 days 00:00:23.790344,16,1.3020407351510725,2,195,0.007346239026496411,44,0.003955597031195661,0.859,0.85875,3,"[33, 33, 33, 31, 10, 6, 4, 4, 4, 3, 3, 3, 3, 3, 3, 3, 3, 3, 3, 3, 3, 3, 3, 3, 3, 3, 3, 3, 3, 3, 3, 3, 3, 3, 3, 3, 3, 3, 3, 3, 3, 3, 3, 3, 3, 3, 3, 3, 3, 3, 3, 3, 3, 3, 3, 3, 3, 3, 3, 3, 3, 3, 3, 3, 3, 3, 3, 3, 3, 3, 3, 3, 3, 3, 3, 3, 3, 3, 3, 3, 3, 3, 3, 3, 3, 3, 3, 3, 3, 3, 3, 3, 3, 3, 3, 3, 3, 3, 3, 3, 3, 3, 3, 3, 3, 3, 3, 3, 3, 3, 3, 3, 3, 3, 3, 3, 3, 3, 3, 3, 3, 3, 3, 3, 3, 3, 3, 3, 3, 3, 3, 3, 3, 3, 3, 3, 3, 3, 3, 3, 3, 3, 3, 3, 3, 3, 3, 3, 3, 3, 3, 3, 3, 3, 3, 3, 3, 3, 3, 3, 3, 3, 3, 3, 3, 3, 3, 3, 3, 3, 3, 3, 3, 3, 3, 3, 3, 3, 3, 3, 3, 3, 3, 3, 3, 3, 3, 3, 3, 3, 3, 3, 3, 3, 3]",2.992424242424242,"[32.97727272727273, 32.96212121212121, 32.99242424242424, 30.992424242424242, 10.0, 6.0, 4.0, 4.0, 4.0, 2.992424242424242, 3.0, 3.0, 3.0, 3.0, 3.0, 3.0, 3.0, 3.0, 3.0, 3.0, 3.0, 3.0, 3.0, 3.0, 3.0, 3.0, 3.0, 3.0, 3.0, 3.0, 3.0, 3.0, 3.0, 3.0, 2.992424242424242, 3.0, 3.0, 3.0, 3.0, 3.0, 3.0, 3.0, 3.0, 3.0, 3.0, 3.0, 3.0, 3.0, 3.0, 3.0, 3.0, 3.0, 3.0, 3.0, 2.992424242424242, 3.0, 3.0, 3.0, 2.992424242424242, 3.0, 3.0, 3.0, 3.0, 2.992424242424242, 3.0, 3.0, 3.0, 3.0, 3.0, 3.0, 3.0, 3.0, 3.0, 3.0, 3.0, 3.0, 3.0, 3.0, 3.0, 3.0, 3.0, 3.0, 3.0, 3.0, 3.0, 3.0, 3.0, 3.0, 3.0, 3.0, 3.0, 3.0, 3.0, 3.0, 3.0, 3.0, 3.0, 3.0, 3.0, 3.0, 3.0, 3.0, 3.0, 3.0, 3.0, 3.0, 3.0, 3.0, 3.0, 3.0, 3.0, 3.0, 3.0, 3.0, 3.0, 3.0, 3.0, 3.0, 3.0, 3.0, 3.0, 3.0, 3.0, 3.0, 3.0, 3.0, 3.0, 3.0, 3.0, 3.0, 3.0, 3.0, 3.0, 3.0, 2.992424242424242, 3.0, 3.0, 3.0, 3.0, 3.0, 3.0, 3.0, 3.0, 3.0, 3.0, 3.0, 3.0, 3.0, 2.992424242424242, 3.0, 3.0, 3.0, 3.0, 3.0, 2.992424242424242, 3.0, 3.0, 3.0, 3.0, 3.0, 3.0, 2.992424242424242, 3.0, 3.0, 3.0, 3.0, 2.992424242424242, 3.0, 3.0, 3.0, 3.0, 3.0, 3.0, 3.0, 3.0, 3.0, 3.0, 3.0, 3.0, 3.0, 3.0, 3.0, 3.0, 3.0, 3.0, 3.0, 3.0, 3.0, 3.0, 3.0, 3.0, 3.0, 3.0, 3.0, 2.992424242424242]",0.8329329007009636,0.8303512771959656,3,"[33, 33, 33, 31, 10, 6, 4, 4, 4, 3, 3, 3, 3, 3, 3, 3, 3, 3, 3, 3, 3, 3, 3, 3, 3, 3, 3, 3, 3, 3, 3, 3, 3, 3, 3, 3, 3, 3, 3, 3, 3, 3, 3, 3, 3, 3, 3, 3, 3, 3, 3, 3, 3, 3, 3, 3, 3, 3, 3, 3, 3, 3, 3, 3, 3, 3, 3, 3, 3, 3, 3, 3, 3, 3, 3, 3, 3, 3, 3, 3, 3, 3, 3, 3, 3, 3, 3, 3, 3, 3, 3, 3, 3, 3, 3, 3, 3, 3, 3, 3, 3, 3, 3, 3, 3, 3, 3, 3, 3, 3, 3, 3, 3, 3, 3, 3, 3, 3, 3, 3, 3, 3, 3, 3, 3, 3, 3, 3, 3, 3, 3, 3, 3, 3, 3, 3, 3, 3, 3, 3, 3, 3, 3, 3, 3, 3, 3, 3, 3, 3, 3, 3, 3, 3, 3, 3, 3, 3, 3, 3, 3, 3, 3, 3, 3, 3, 3, 3, 3, 3, 3, 3, 3, 3, 3, 3, 3, 3, 3, 3, 3, 3, 3, 3, 3, 3, 3, 3, 3, 3, 3, 3, 3, 3, 3]",195,"[0.4414164423942566, 0.7600954174995422, 0.41063109040260315, 0.366639107465744, 0.4358430802822113, 0.5113664269447327, 0.5009943842887878, 0.4379429519176483, 0.3774930238723755, 0.4157247841358185, 0.5541398525238037, 0.3740208148956299, 0.9005848169326782, 0.8599514961242676, 0.4949742257595062, 0.3310892879962921, 0.4227107763290405, 0.7502540349960327, 0.5156140923500061, 0.33071258664131165, 0.32983943819999695, 0.3277571499347687, 0.3239869177341461, 0.3312629461288452, 0.3740534484386444, 0.32050809264183044, 0.8068549633026123, 0.416413277387619, 0.5133142471313477, 0.3376050293445587, 0.6110938787460327, 0.3209802508354187, 0.48269951343536377, 0.3266645073890686, 0.6347377300262451, 0.3210527002811432, 0.34020015597343445, 0.8967671394348145, 0.5103824138641357, 0.3343219757080078, 0.76886385679245, 0.8532333374023438, 0.3259704113006592, 0.5633296370506287, 0.3116840422153473, 0.34051841497421265, 0.32762742042541504, 0.4909985065460205, 0.34113866090774536, 0.7096222043037415, 0.37584564089775085, 0.5640745759010315, 0.3872627913951874, 0.7515443563461304, 0.3058040738105774, 0.3045447766780853, 0.3569762110710144, 0.7225561738014221, 0.3133542537689209, 0.4332878887653351, 0.5359970927238464, 0.5216467380523682, 0.4566507041454315, 0.47475600242614746, 0.38020554184913635, 0.3085671663284302, 0.4715634882450104, 0.34839627146720886, 0.3439449071884155, 0.32100632786750793, 0.37911033630371094, 0.41334617137908936, 0.34578055143356323, 0.3592272996902466, 0.4298985004425049, 0.5037668943405151, 0.4028948247432709, 0.31066519021987915, 0.5313243269920349, 0.3392724096775055, 0.3511033356189728, 0.5426414012908936, 0.3027890920639038, 0.30482760071754456, 0.5013474822044373, 0.3074404001235962, 0.31324487924575806, 0.31839144229888916, 0.30026137828826904, 0.3692365288734436, 0.4779911935329437, 0.3146980106830597, 0.32519254088401794, 0.39074942469596863, 0.36019647121429443, 0.3170805871486664, 0.7177025675773621, 0.35219258069992065, 0.3171348571777344, 0.7646887898445129, 0.527549684047699, 0.8344998955726624, 0.5076439380645752, 0.34116441011428833, 0.3128224313259125, 0.5223512053489685, 0.46386027336120605, 0.350943922996521, 0.5874630212783813, 0.34512367844581604, 0.593583881855011, 0.32596495747566223, 0.3420730531215668, 0.36600998044013977, 0.401261568069458, 0.2983243763446808, 0.29743117094039917, 0.3928928077220917, 0.29919713735580444, 0.2992916703224182, 0.5996853709220886, 0.3148440718650818, 0.4438694417476654, 0.4039839804172516, 0.5031097531318665, 0.4590650796890259, 0.4726365804672241, 0.29743537306785583, 0.31900089979171753, 0.4177142083644867, 0.2965978682041168, 0.30573248863220215, 0.4583204686641693, 0.39891380071640015, 0.621655285358429, 0.3000657558441162, 0.44250333309173584, 0.30591464042663574, 0.32332244515419006, 0.5650343298912048, 0.3057038187980652, 0.30983811616897583, 0.2990466356277466, 0.478925883769989, 0.30041566491127014, 0.33749717473983765, 0.2973465621471405, 0.29740577936172485, 0.4163348078727722, 0.32112300395965576, 0.3027946650981903, 0.32540610432624817, 0.3320615291595459, 0.3228786885738373, 0.30324694514274597, 0.6157636642456055, 0.3140951991081238, 0.8862478733062744, 0.5051329135894775, 0.30501195788383484, 0.3596343696117401, 0.32728880643844604, 0.3531559109687805, 0.5117461681365967, 0.5541478395462036, 0.4229690134525299, 0.3058217167854309, 0.48194950819015503, 0.580773115158081, 0.3823191523551941, 0.34789711236953735, 0.5015708804130554, 0.470429390668869, 0.3500969707965851, 0.2994447648525238, 0.5327511429786682, 0.4223657250404358, 0.2974259555339813, 0.34708917140960693, 0.30560359358787537, 0.304401159286499, 0.33722084760665894, 0.4805310368537903, 0.3312925696372986, 0.31130003929138184, 0.2950107157230377, 0.4559372365474701, 0.39784231781959534, 0.31187859177589417, 0.49039381742477417, 0.909773588180542, 0.3461284935474396, 0.30222636461257935, 0.3999699652194977, 0.7084682583808899]",3.0,"[33.0, 33.0, 33.0, 31.0, 10.0, 6.0, 4.0, 4.0, 4.0, 3.0, 3.0, 3.0, 3.0, 3.0, 3.0, 3.0, 3.0, 3.0, 3.0, 3.0, 3.0, 3.0, 3.0, 3.0, 3.0, 3.0, 3.0, 3.0, 3.0, 3.0, 3.0, 3.0, 3.0, 3.0, 3.0, 3.0, 3.0, 3.0, 3.0, 3.0, 3.0, 3.0, 3.0, 3.0, 3.0, 3.0, 3.0, 3.0, 3.0, 3.0, 3.0, 3.0, 3.0, 3.0, 3.0, 3.0, 3.0, 3.0, 3.0, 3.0, 3.0, 3.0, 3.0, 3.0, 3.0, 3.0, 3.0, 3.0, 3.0, 3.0, 3.0, 3.0, 3.0, 3.0, 3.0, 3.0, 3.0, 3.0, 3.0, 3.0, 3.0, 3.0, 3.0, 3.0, 3.0, 3.0, 3.0, 3.0, 3.0, 3.0, 3.0, 3.0, 3.0, 3.0, 3.0, 3.0, 3.0, 3.0, 3.0, 3.0, 3.0, 3.0, 3.0, 3.0, 3.0, 3.0, 3.0, 3.0, 3.0, 3.0, 3.0, 3.0, 3.0, 3.0, 3.0, 3.0, 3.0, 3.0, 3.0, 3.0, 3.0, 3.0, 3.0, 3.0, 3.0, 3.0, 3.0, 3.0, 3.0, 3.0, 3.0, 3.0, 3.0, 3.0, 3.0, 3.0, 3.0, 3.0, 3.0, 3.0, 3.0, 3.0, 3.0, 3.0, 3.0, 3.0, 3.0, 3.0, 3.0, 3.0, 3.0, 3.0, 3.0, 3.0, 3.0, 3.0, 3.0, 3.0, 3.0, 3.0, 3.0, 3.0, 3.0, 3.0, 3.0, 3.0, 3.0, 3.0, 3.0, 3.0, 3.0, 3.0, 3.0, 3.0, 3.0, 3.0, 3.0, 3.0, 3.0, 3.0, 3.0, 3.0, 3.0, 3.0, 3.0, 3.0, 3.0, 3.0, 3.0, 3.0, 3.0, 3.0, 3.0, 3.0, 3.0]",COMPLETE
