,number,value,datetime_start,datetime_complete,duration,params_batch_size_scaler,params_constant_learning_rate,params_depth,params_epochs,params_kernel_l2,params_num_trees,params_temperature,user_attrs_accuracy_test,user_attrs_accuracy_valid,user_attrs_approximate_feature_sparsity,user_attrs_approximate_feature_sparsity_history,user_attrs_approximate_weight_sparsity,user_attrs_approximate_weight_sparsity_history,user_attrs_auc_test,user_attrs_auc_valid,user_attrs_feature_sparsity,user_attrs_feature_sparsity_history,user_attrs_num_epochs,user_attrs_val_loss_history,user_attrs_weight_sparsity,user_attrs_weight_sparsity_history,state
63,63,0.9321276294263888,2024-08-31 03:16:27.536147,2024-08-31 03:25:37.752453,0 days 00:09:10.216306,1,0.021923090370117738,4,415,0.021225364958566716,65,0.0007674717691795554,0.942,0.94875,33,"[33, 33, 33, 33, 33, 33, 33, 33, 33, 33, 33, 33, 33, 33, 33, 33, 33, 33, 33, 33, 33, 33, 33, 33, 33, 33, 33, 33, 33, 33, 33, 33, 33, 33, 33, 33, 33, 33, 33, 33, 33, 33, 33, 33, 33, 33, 33, 33, 33, 33, 33, 33, 33, 33, 33, 33, 33, 33, 33, 33, 33, 33, 33, 33, 33, 33, 33, 33, 33, 33, 33, 33, 33, 33, 33, 33, 33, 33, 33, 33, 33, 33, 33, 33, 33, 33, 33, 33, 33, 33, 33, 33, 33, 33, 33, 33, 33, 33, 33, 33, 33, 33, 33, 33, 33, 33, 33, 33, 33, 33, 33, 33, 33, 33, 33, 33, 33, 33, 33, 33, 33, 33, 33, 33, 33, 33, 33, 33, 33, 33, 33, 33, 33, 33, 33, 33, 33, 33, 33, 33, 33, 33, 33, 33, 33, 33, 33, 33, 33, 33, 33, 33, 33, 33, 33, 33, 33, 33, 33, 33, 33, 33, 33, 33, 33, 33, 33, 33, 33, 33, 33, 33, 33, 33, 33, 33, 33, 33, 33, 33, 33, 33, 33, 33, 33, 33, 33, 33, 33, 33, 33, 33, 33, 33, 33, 33, 33, 33, 33, 33, 33, 33, 33, 33, 33, 33, 33, 33, 33, 33, 33, 33, 33, 33, 33, 33, 33, 33, 33, 33, 33, 33, 33, 33, 33, 33, 33, 33, 33, 33, 33, 33, 33, 33, 33, 33, 33, 33, 33, 33, 33, 33, 33, 33, 33, 33, 33, 33, 33, 33, 33, 33, 33, 33, 33, 33, 33, 33, 33, 33, 33, 33, 33, 33, 33, 33, 33, 33, 33, 33, 33, 33, 33, 33, 33, 33, 33, 33, 33, 33, 33, 33, 33, 33, 33, 33, 33, 33, 33, 33, 33, 33, 33, 33, 33, 33, 33, 33, 33, 33, 33, 33, 33, 33, 33, 33, 33, 33, 33, 33, 33, 33, 33, 33, 33, 33, 33, 33, 33, 33, 33, 33, 33, 33, 33, 33, 33, 33, 33, 33, 33, 33, 33, 33, 33, 33, 33, 33, 33, 33, 33, 33, 33, 33, 33, 33, 33, 33, 33, 33, 33, 33, 33, 33, 33, 33, 33, 33, 33, 33, 33, 33, 33, 33, 33, 33, 33, 33, 33, 33, 33, 33, 33, 33, 33, 33, 33, 33, 33, 33, 33, 33, 33, 33, 33, 33, 33, 33, 33, 33, 33, 33, 33, 33, 33, 33, 33, 33, 33, 33, 33, 33, 33, 33, 33, 33, 33, 33, 33, 33, 33, 33, 33, 33, 33]",32.95076923076923,"[32.941538461538464, 32.94769230769231, 32.951794871794874, 32.95487179487179, 32.95794871794872, 32.96, 32.956923076923076, 32.96410256410256, 32.95282051282051, 32.95487179487179, 32.95794871794872, 32.95897435897436, 32.963076923076926, 32.96205128205128, 32.963076923076926, 32.96, 32.955897435897434, 32.95794871794872, 32.95487179487179, 32.955897435897434, 32.95384615384615, 32.955897435897434, 32.962051282051284, 32.95897435897436, 32.961025641025635, 32.96307692307692, 32.95076923076923, 32.95487179487179, 32.955897435897434, 32.9548717948718, 32.95897435897436, 32.95794871794872, 32.94769230769231, 32.96410256410256, 32.95794871794872, 32.96, 32.96, 32.96102564102564, 32.9425641025641, 32.95487179487179, 32.95384615384615, 32.955897435897434, 32.9548717948718, 32.95076923076923, 32.951794871794874, 32.955897435897434, 32.96, 32.96102564102564, 32.96410256410256, 32.9651282051282, 32.95487179487179, 32.956923076923076, 32.96102564102564, 32.95487179487179, 32.962051282051284, 32.959999999999994, 32.96102564102564, 32.96, 32.95384615384615, 32.94871794871795, 32.96, 32.96717948717949, 32.95794871794872, 32.956923076923076, 32.96, 32.95794871794872, 32.962051282051284, 32.96410256410256, 32.96102564102564, 32.95897435897436, 32.96307692307692, 32.956923076923076, 32.96, 32.95384615384616, 32.96, 32.963076923076926, 32.951794871794874, 32.967179487179486, 32.95794871794872, 32.95076923076923, 32.95897435897436, 32.96102564102564, 32.962051282051284, 32.955897435897434, 32.963076923076926, 32.962051282051284, 32.972307692307695, 32.97025641025641, 32.96102564102564, 32.96512820512821, 32.955897435897434, 32.96, 32.95487179487179, 32.955897435897434, 32.95384615384616, 32.95794871794872, 32.95897435897436, 32.956923076923076, 32.95487179487179, 32.95794871794872, 32.96512820512821, 32.95589743589744, 32.963076923076926, 32.95897435897436, 32.951794871794874, 32.94358974358975, 32.936410256410255, 32.94358974358974, 32.946666666666665, 32.94358974358975, 32.941538461538464, 32.94871794871795, 32.95384615384615, 32.94051282051282, 32.942564102564106, 32.95076923076923, 32.95794871794872, 32.95897435897435, 32.96, 32.967179487179486, 32.96102564102564, 32.96307692307692, 32.96410256410256, 32.967179487179486, 32.96820512820513, 32.96102564102564, 32.962051282051284, 32.96102564102564, 32.96, 32.95897435897436, 32.96205128205128, 32.95487179487179, 32.94974358974359, 32.9548717948718, 32.95384615384616, 32.95282051282051, 32.951794871794874, 32.951794871794874, 32.955897435897434, 32.94871794871795, 32.952820512820516, 32.95282051282051, 32.94769230769231, 32.94974358974359, 32.945641025641024, 32.95076923076923, 32.95282051282051, 32.94974358974359, 32.94769230769231, 32.951794871794874, 32.94974358974359, 32.956923076923076, 32.956923076923076, 32.96, 32.95897435897436, 32.955897435897434, 32.96102564102564, 32.96410256410256, 32.95384615384616, 32.96102564102564, 32.956923076923076, 32.955897435897434, 32.951794871794874, 32.955897435897434, 32.956923076923076, 32.950769230769225, 32.95384615384616, 32.96410256410257, 32.96, 32.95794871794872, 32.95282051282051, 32.96410256410256, 32.955897435897434, 32.95384615384615, 32.94461538461538, 32.95282051282051, 32.956923076923076, 32.95897435897436, 32.956923076923076, 32.96, 32.952820512820516, 32.95794871794872, 32.955897435897434, 32.96102564102564, 32.95897435897436, 32.96410256410257, 32.967179487179486, 32.966153846153844, 32.9651282051282, 32.96820512820513, 32.96410256410256, 32.9651282051282, 32.952820512820516, 32.955897435897434, 32.95487179487179, 32.951794871794874, 32.94974358974359, 32.94974358974359, 32.951794871794874, 32.94974358974359, 32.951794871794874, 32.95487179487179, 32.956923076923076, 32.966153846153844, 32.963076923076926, 32.95897435897436, 32.962051282051284, 32.96410256410257, 32.9651282051282, 32.967179487179486, 32.96820512820513, 32.96, 32.95282051282051, 32.94974358974359, 32.95794871794872, 32.951794871794874, 32.96410256410257, 32.95384615384615, 32.95794871794872, 32.963076923076926, 32.963076923076926, 32.97025641025641, 32.95179487179487, 32.95282051282051, 32.95487179487179, 32.951794871794874, 32.94974358974359, 32.95076923076923, 32.95282051282051, 32.956923076923076, 32.95794871794872, 32.955897435897434, 32.95897435897436, 32.96, 32.95897435897436, 32.96102564102564, 32.96, 32.963076923076926, 32.96410256410256, 32.96512820512821, 32.955897435897434, 32.96102564102564, 32.96512820512821, 32.963076923076926, 32.96205128205128, 32.95897435897436, 32.95897435897436, 32.95897435897436, 32.95384615384616, 32.95794871794872, 32.9651282051282, 32.956923076923076, 32.956923076923076, 32.95897435897436, 32.95794871794872, 32.962051282051284, 32.955897435897434, 32.952820512820516, 32.956923076923076, 32.95897435897436, 32.962051282051284, 32.951794871794874, 32.956923076923076, 32.95794871794872, 32.94974358974359, 32.94974358974359, 32.94974358974359, 32.95794871794872, 32.96410256410256, 32.96307692307692, 32.96307692307692, 32.962051282051284, 32.95487179487179, 32.945641025641024, 32.955897435897434, 32.95384615384615, 32.96307692307692, 32.963076923076926, 32.962051282051284, 32.962051282051284, 32.96, 32.96820512820513, 32.96820512820513, 32.96307692307692, 32.96, 32.956923076923076, 32.955897435897434, 32.96, 32.96102564102564, 32.96307692307692, 32.96102564102564, 32.96, 32.96102564102564, 32.96410256410257, 32.963076923076926, 32.963076923076926, 32.956923076923076, 32.963076923076926, 32.963076923076926, 32.96, 32.96102564102564, 32.95794871794872, 32.95384615384616, 32.95897435897436, 32.955897435897434, 32.95384615384615, 32.956923076923076, 32.963076923076926, 32.967179487179486, 32.963076923076926, 32.96102564102564, 32.96, 32.956923076923076, 32.962051282051284, 32.966153846153844, 32.955897435897434, 32.967179487179486, 32.96410256410257, 32.963076923076926, 32.96410256410256, 32.966153846153844, 32.963076923076926, 32.9651282051282, 32.966153846153844, 32.97025641025641, 32.96102564102564, 32.96, 32.95794871794872, 32.962051282051284, 32.962051282051284, 32.956923076923076, 32.95282051282051, 32.956923076923076, 32.95487179487179, 32.95897435897436, 32.95794871794871, 32.95794871794872, 32.956923076923076, 32.95076923076923, 32.945641025641024, 32.95282051282051, 32.951794871794874, 32.956923076923076, 32.952820512820516, 32.96102564102564, 32.967179487179486, 32.96512820512821, 32.9651282051282, 32.96, 32.96, 32.95384615384615, 32.95897435897436, 32.956923076923076, 32.95384615384616, 32.95794871794872, 32.967179487179486, 32.966153846153844, 32.96102564102564, 32.96102564102564, 32.96, 32.96102564102564, 32.95384615384616, 32.96410256410257, 32.963076923076926, 32.95897435897436, 32.963076923076926, 32.96102564102564, 32.96923076923077, 32.9651282051282, 32.97538461538461, 32.97025641025641, 32.97128205128205, 32.97025641025641, 32.96410256410256, 32.962051282051284, 32.95794871794872, 32.95589743589744, 32.962051282051284, 32.95794871794872, 32.96, 32.95487179487179, 32.945641025641024, 32.946666666666665, 32.95487179487179, 32.962051282051284, 32.966153846153844, 32.956923076923076, 32.95897435897436, 32.95897435897436, 32.955897435897434, 32.963076923076926, 32.9651282051282, 32.956923076923076, 32.95384615384615, 32.952820512820516, 32.955897435897434, 32.95076923076923, 32.955897435897434, 32.95487179487179, 32.955897435897434, 32.96, 32.955897435897434, 32.956923076923076, 32.95897435897436, 32.963076923076926, 32.96, 32.955897435897434, 32.95487179487179, 32.955897435897434, 32.94974358974358, 32.955897435897434, 32.951794871794874, 32.95487179487179, 32.952820512820516, 32.95076923076923]",0.9137542416961829,0.9321276294263888,33,"[33, 33, 33, 33, 33, 33, 33, 33, 33, 33, 33, 33, 33, 33, 33, 33, 33, 33, 33, 33, 33, 33, 33, 33, 33, 33, 33, 33, 33, 33, 33, 33, 33, 33, 33, 33, 33, 33, 33, 33, 33, 33, 33, 33, 33, 33, 33, 33, 33, 33, 33, 33, 33, 33, 33, 33, 33, 33, 33, 33, 33, 33, 33, 33, 33, 33, 33, 33, 33, 33, 33, 33, 33, 33, 33, 33, 33, 33, 33, 33, 33, 33, 33, 33, 33, 33, 33, 33, 33, 33, 33, 33, 33, 33, 33, 33, 33, 33, 33, 33, 33, 33, 33, 33, 33, 33, 33, 33, 33, 33, 33, 33, 33, 33, 33, 33, 33, 33, 33, 33, 33, 33, 33, 33, 33, 33, 33, 33, 33, 33, 33, 33, 33, 33, 33, 33, 33, 33, 33, 33, 33, 33, 33, 33, 33, 33, 33, 33, 33, 33, 33, 33, 33, 33, 33, 33, 33, 33, 33, 33, 33, 33, 33, 33, 33, 33, 33, 33, 33, 33, 33, 33, 33, 33, 33, 33, 33, 33, 33, 33, 33, 33, 33, 33, 33, 33, 33, 33, 33, 33, 33, 33, 33, 33, 33, 33, 33, 33, 33, 33, 33, 33, 33, 33, 33, 33, 33, 33, 33, 33, 33, 33, 33, 33, 33, 33, 33, 33, 33, 33, 33, 33, 33, 33, 33, 33, 33, 33, 33, 33, 33, 33, 33, 33, 33, 33, 33, 33, 33, 33, 33, 33, 33, 33, 33, 33, 33, 33, 33, 33, 33, 33, 33, 33, 33, 33, 33, 33, 33, 33, 33, 33, 33, 33, 33, 33, 33, 33, 33, 33, 33, 33, 33, 33, 33, 33, 33, 33, 33, 33, 33, 33, 33, 33, 33, 33, 33, 33, 33, 33, 33, 33, 33, 33, 33, 33, 33, 33, 33, 33, 33, 33, 33, 33, 33, 33, 33, 33, 33, 33, 33, 33, 33, 33, 33, 33, 33, 33, 33, 33, 33, 33, 33, 33, 33, 33, 33, 33, 33, 33, 33, 33, 33, 33, 33, 33, 33, 33, 33, 33, 33, 33, 33, 33, 33, 33, 33, 33, 33, 33, 33, 33, 33, 33, 33, 33, 33, 33, 33, 33, 33, 33, 33, 33, 33, 33, 33, 33, 33, 33, 33, 33, 33, 33, 33, 33, 33, 33, 33, 33, 33, 33, 33, 33, 33, 33, 33, 33, 33, 33, 33, 33, 33, 33, 33, 33, 33, 33, 33, 33, 33, 33, 33, 33, 33, 33, 33, 33, 33, 33, 33, 33, 33, 33, 33]",415,"[0.39061516523361206, 0.38259533047676086, 0.37722957134246826, 0.3736852705478668, 0.3706195056438446, 0.3682337999343872, 0.36658555269241333, 0.3645123541355133, 0.3630765974521637, 0.3609020709991455, 0.35950469970703125, 0.357568621635437, 0.35647130012512207, 0.3547137975692749, 0.35264065861701965, 0.35128897428512573, 0.3495769798755646, 0.34898626804351807, 0.34643667936325073, 0.3451094329357147, 0.34390202164649963, 0.3421548008918762, 0.34105122089385986, 0.3396117389202118, 0.3379015326499939, 0.3365538418292999, 0.3354516625404358, 0.3350462019443512, 0.3325144052505493, 0.33113911747932434, 0.33020859956741333, 0.32848629355430603, 0.32718685269355774, 0.3261514902114868, 0.3245333135128021, 0.32340991497039795, 0.3216528594493866, 0.32025855779647827, 0.31884899735450745, 0.31738606095314026, 0.31616246700286865, 0.31518954038619995, 0.3131430149078369, 0.3114964962005615, 0.30981382727622986, 0.30824100971221924, 0.306527704000473, 0.3049648404121399, 0.3030903935432434, 0.3018074035644531, 0.30060240626335144, 0.2984772026538849, 0.2964450716972351, 0.2947882413864136, 0.2926498055458069, 0.2908763885498047, 0.28918206691741943, 0.2875915765762329, 0.2856851816177368, 0.283896267414093, 0.28218865394592285, 0.28124532103538513, 0.2797349989414215, 0.278995156288147, 0.2763904929161072, 0.27416813373565674, 0.27301982045173645, 0.27151814103126526, 0.27042627334594727, 0.2685793340206146, 0.26737961173057556, 0.2662208676338196, 0.26511943340301514, 0.26392847299575806, 0.2626520097255707, 0.2617056369781494, 0.260690301656723, 0.25968143343925476, 0.2587378919124603, 0.25775572657585144, 0.2569752633571625, 0.2576656937599182, 0.25537753105163574, 0.25418591499328613, 0.25317174196243286, 0.2526562511920929, 0.2518951892852783, 0.2515445053577423, 0.2506154477596283, 0.25022584199905396, 0.2495909184217453, 0.2489457130432129, 0.24804115295410156, 0.247212752699852, 0.24740786850452423, 0.24609103798866272, 0.24596431851387024, 0.24539466202259064, 0.24444524943828583, 0.2434532195329666, 0.2431604266166687, 0.24272795021533966, 0.24174214899539948, 0.2411407232284546, 0.2406288981437683, 0.24077068269252777, 0.24015964567661285, 0.23900292813777924, 0.23855720460414886, 0.2380170077085495, 0.23690733313560486, 0.23700861632823944, 0.23637458682060242, 0.23571301996707916, 0.2354668229818344, 0.23557817935943604, 0.2340216189622879, 0.23341459035873413, 0.2330029159784317, 0.23256587982177734, 0.23197323083877563, 0.23217876255512238, 0.23100939393043518, 0.2308514267206192, 0.23087865114212036, 0.22917017340660095, 0.22933292388916016, 0.22860580682754517, 0.2281554788351059, 0.22792577743530273, 0.2272394895553589, 0.22644226253032684, 0.22609716653823853, 0.22543452680110931, 0.22529590129852295, 0.2247748225927353, 0.22428683936595917, 0.2237173616886139, 0.22320987284183502, 0.22289316356182098, 0.22226087749004364, 0.2213897854089737, 0.2215874344110489, 0.2206331044435501, 0.220374196767807, 0.22056373953819275, 0.21926993131637573, 0.2194504290819168, 0.21903513371944427, 0.21841035783290863, 0.2180297076702118, 0.21794362366199493, 0.21718230843544006, 0.21713043749332428, 0.21678157150745392, 0.21616466343402863, 0.2156035304069519, 0.21479345858097076, 0.21521063148975372, 0.21392154693603516, 0.21352551877498627, 0.2146843522787094, 0.21272040903568268, 0.21268849074840546, 0.21295733749866486, 0.21370860934257507, 0.21250778436660767, 0.21134234964847565, 0.2101922631263733, 0.21012449264526367, 0.2105378955602646, 0.2090054452419281, 0.2097710818052292, 0.20885172486305237, 0.2086673378944397, 0.2085077464580536, 0.2079877108335495, 0.2079688012599945, 0.20772266387939453, 0.20702247321605682, 0.2061040699481964, 0.2064734250307083, 0.20613868534564972, 0.20634876191616058, 0.20581580698490143, 0.20472164452075958, 0.20439700782299042, 0.20383523404598236, 0.20425771176815033, 0.20406398177146912, 0.2037009596824646, 0.20402021706104279, 0.2043866664171219, 0.20239603519439697, 0.20291081070899963, 0.20379230380058289, 0.20349296927452087, 0.2030779868364334, 0.2014261782169342, 0.20213213562965393, 0.20178300142288208, 0.20100224018096924, 0.20093221962451935, 0.20259201526641846, 0.20092864334583282, 0.20014914870262146, 0.19956009089946747, 0.20006293058395386, 0.1988716721534729, 0.1996820867061615, 0.1990901529788971, 0.1987723857164383, 0.19783943891525269, 0.1990988850593567, 0.1987098902463913, 0.19778570532798767, 0.19732463359832764, 0.1995806097984314, 0.19773299992084503, 0.19815745949745178, 0.19846376776695251, 0.19742563366889954, 0.1973935067653656, 0.1962171196937561, 0.19595974683761597, 0.19667500257492065, 0.19568879902362823, 0.19731152057647705, 0.1967586874961853, 0.19646549224853516, 0.19644540548324585, 0.1951085478067398, 0.19523926079273224, 0.1952444612979889, 0.19532299041748047, 0.1951090395450592, 0.1968669295310974, 0.19520390033721924, 0.1951456516981125, 0.19396616518497467, 0.1946089118719101, 0.1950157731771469, 0.19491630792617798, 0.19568952918052673, 0.19412830471992493, 0.19512496888637543, 0.1935313194990158, 0.19316759705543518, 0.19280540943145752, 0.19349144399166107, 0.19400493800640106, 0.1941175013780594, 0.19367823004722595, 0.1931818425655365, 0.1932772397994995, 0.19317124783992767, 0.19162620604038239, 0.19329968094825745, 0.19166406989097595, 0.19252805411815643, 0.1931859850883484, 0.1927538365125656, 0.19316720962524414, 0.19274750351905823, 0.19177110493183136, 0.19434607028961182, 0.19157643616199493, 0.19241441786289215, 0.1924605518579483, 0.1924903839826584, 0.19187197089195251, 0.19103284180164337, 0.19138163328170776, 0.1932385265827179, 0.19081240892410278, 0.19068916141986847, 0.19026179611682892, 0.19191962480545044, 0.19044603407382965, 0.18925732374191284, 0.1893814206123352, 0.19127437472343445, 0.18958330154418945, 0.19040943682193756, 0.19049710035324097, 0.18991239368915558, 0.19104398787021637, 0.19048358500003815, 0.18994790315628052, 0.19007940590381622, 0.18939365446567535, 0.1905641406774521, 0.19056497514247894, 0.18951615691184998, 0.18997426331043243, 0.1885806918144226, 0.19113337993621826, 0.18989013135433197, 0.18996360898017883, 0.18943651020526886, 0.18820419907569885, 0.1877371370792389, 0.1875537484884262, 0.1894497275352478, 0.18840894103050232, 0.18916134536266327, 0.1875019520521164, 0.1877955198287964, 0.18882755935192108, 0.1872098743915558, 0.18759381771087646, 0.18801091611385345, 0.1876622438430786, 0.19068576395511627, 0.1883144974708557, 0.18846505880355835, 0.18639442324638367, 0.189339280128479, 0.18952946364879608, 0.1866738498210907, 0.185686394572258, 0.18676845729351044, 0.18745778501033783, 0.1857709437608719, 0.18803337216377258, 0.18723206222057343, 0.18744558095932007, 0.18647396564483643, 0.18756848573684692, 0.18819786608219147, 0.18723970651626587, 0.18635240197181702, 0.1856476068496704, 0.18534605205059052, 0.1852678507566452, 0.18613024055957794, 0.18541014194488525, 0.18735374510288239, 0.1859893947839737, 0.18508531153202057, 0.18422628939151764, 0.18548484146595, 0.1852448433637619, 0.18565799295902252, 0.18599651753902435, 0.18454454839229584, 0.1883249282836914, 0.18584543466567993, 0.1853216588497162, 0.1860797107219696, 0.18469130992889404, 0.1860000044107437, 0.18518181145191193, 0.18464654684066772, 0.18568338453769684, 0.18496035039424896, 0.18604311347007751, 0.18379509449005127, 0.18335537612438202, 0.18557244539260864, 0.18439674377441406, 0.18490274250507355, 0.18392974138259888, 0.18365776538848877, 0.18405771255493164, 0.18352827429771423, 0.1860986351966858, 0.1849869191646576, 0.1832750141620636, 0.18454040586948395, 0.18386436998844147, 0.18315286934375763, 0.1829831898212433, 0.18281808495521545, 0.18495187163352966, 0.18352754414081573, 0.18274980783462524, 0.182460218667984, 0.1836511194705963, 0.18304218351840973, 0.1833362728357315, 0.18558715283870697, 0.18493284285068512, 0.18440359830856323, 0.18344122171401978, 0.18313096463680267, 0.1821674406528473, 0.18171922862529755, 0.18138526380062103, 0.18326681852340698, 0.18222278356552124, 0.18180322647094727, 0.18262359499931335, 0.18270477652549744, 0.1828957200050354, 0.18278980255126953, 0.18211551010608673, 0.18316318094730377, 0.1806546002626419, 0.1811928153038025, 0.18083226680755615, 0.18158012628555298, 0.18207530677318573, 0.18149586021900177, 0.18148572742938995, 0.1803053915500641, 0.1806175857782364, 0.1826421022415161, 0.18077123165130615, 0.18242943286895752, 0.18095481395721436, 0.18055538833141327, 0.18106615543365479, 0.18090486526489258, 0.18208712339401245]",33.0,"[33.0, 33.0, 33.0, 33.0, 33.0, 33.0, 33.0, 33.0, 33.0, 33.0, 33.0, 33.0, 33.0, 33.0, 33.0, 33.0, 33.0, 33.0, 33.0, 33.0, 33.0, 33.0, 33.0, 33.0, 33.0, 33.0, 33.0, 33.0, 33.0, 33.0, 33.0, 33.0, 33.0, 33.0, 33.0, 33.0, 33.0, 33.0, 33.0, 33.0, 33.0, 33.0, 33.0, 33.0, 33.0, 33.0, 33.0, 33.0, 33.0, 33.0, 33.0, 33.0, 33.0, 33.0, 33.0, 33.0, 33.0, 33.0, 33.0, 33.0, 33.0, 33.0, 33.0, 33.0, 33.0, 33.0, 33.0, 33.0, 33.0, 33.0, 33.0, 33.0, 33.0, 33.0, 33.0, 33.0, 33.0, 33.0, 33.0, 33.0, 33.0, 33.0, 33.0, 33.0, 33.0, 33.0, 33.0, 33.0, 33.0, 33.0, 33.0, 33.0, 33.0, 33.0, 33.0, 33.0, 33.0, 33.0, 33.0, 33.0, 33.0, 33.0, 33.0, 33.0, 33.0, 33.0, 33.0, 33.0, 33.0, 33.0, 33.0, 33.0, 33.0, 33.0, 33.0, 33.0, 33.0, 33.0, 33.0, 33.0, 33.0, 33.0, 33.0, 33.0, 33.0, 33.0, 33.0, 33.0, 33.0, 33.0, 33.0, 33.0, 33.0, 33.0, 33.0, 33.0, 33.0, 33.0, 33.0, 33.0, 33.0, 33.0, 33.0, 33.0, 33.0, 33.0, 33.0, 33.0, 33.0, 33.0, 33.0, 33.0, 33.0, 33.0, 33.0, 33.0, 33.0, 33.0, 33.0, 33.0, 33.0, 33.0, 33.0, 33.0, 33.0, 33.0, 33.0, 33.0, 33.0, 33.0, 33.0, 33.0, 33.0, 33.0, 33.0, 33.0, 33.0, 33.0, 33.0, 33.0, 33.0, 33.0, 33.0, 33.0, 33.0, 33.0, 33.0, 33.0, 33.0, 33.0, 33.0, 33.0, 33.0, 33.0, 33.0, 33.0, 33.0, 33.0, 33.0, 33.0, 33.0, 33.0, 33.0, 33.0, 33.0, 33.0, 33.0, 33.0, 33.0, 33.0, 33.0, 33.0, 33.0, 33.0, 33.0, 33.0, 33.0, 33.0, 33.0, 33.0, 33.0, 33.0, 33.0, 33.0, 33.0, 33.0, 33.0, 33.0, 33.0, 33.0, 33.0, 33.0, 33.0, 33.0, 33.0, 33.0, 33.0, 33.0, 33.0, 33.0, 33.0, 33.0, 33.0, 33.0, 33.0, 33.0, 33.0, 33.0, 33.0, 33.0, 33.0, 33.0, 33.0, 33.0, 33.0, 33.0, 33.0, 33.0, 33.0, 33.0, 33.0, 33.0,