,number,value,datetime_start,datetime_complete,duration,params_batch_size_scaler,params_constant_learning_rate,params_depth,params_epochs,params_kernel_l2,params_num_trees,params_temperature,user_attrs_accuracy_test,user_attrs_accuracy_valid,user_attrs_approximate_feature_sparsity,user_attrs_approximate_feature_sparsity_history,user_attrs_approximate_weight_sparsity,user_attrs_approximate_weight_sparsity_history,user_attrs_auc_test,user_attrs_auc_valid,user_attrs_feature_sparsity,user_attrs_feature_sparsity_history,user_attrs_num_epochs,user_attrs_val_loss_history,user_attrs_weight_sparsity,user_attrs_weight_sparsity_history,state
60,60,0.5,2024-08-31 03:11:15.468154,2024-08-31 03:12:28.912730,0 days 00:01:13.444576,16,0.1881519427722317,1,450,0.1522032830641748,39,0.000937777020780957,0.859,0.85875,0,"[33, 33, 33, 33, 33, 33, 33, 33, 33, 33, 33, 33, 33, 33, 33, 33, 33, 33, 33, 33, 33, 33, 33, 33, 32, 30, 30, 29, 25, 21, 15, 11, 9, 8, 7, 6, 5, 5, 5, 5, 5, 5, 4, 4, 4, 4, 4, 3, 3, 3, 3, 3, 3, 3, 3, 3, 3, 3, 3, 3, 3, 3, 3, 3, 3, 3, 3, 3, 3, 3, 3, 3, 3, 3, 3, 3, 3, 3, 3, 3, 3, 3, 3, 3, 3, 3, 3, 3, 3, 3, 3, 3, 3, 3, 3, 3, 3, 3, 3, 3, 2, 2, 1, 0, 0, 0, 0, 0, 0, 0, 0, 0, 0, 0, 0, 0, 0, 0, 0, 0, 0, 0, 0, 0, 0, 0, 0, 0, 0, 0, 0, 0, 0, 0, 0, 0, 0, 0, 0, 0, 0, 0, 0, 0, 0, 0, 0, 0, 0, 0, 0, 0, 0, 0, 0, 0, 0, 0, 0, 0, 0, 0, 0, 0, 0, 0, 0, 0, 0, 0, 0, 0, 0, 0, 0, 0, 0, 0, 0, 0, 0, 0, 0, 0, 0, 0, 0, 0, 0, 0, 0, 0, 0, 0, 0, 0, 0, 0, 0, 0, 0, 0, 0, 0, 0, 0, 0, 0, 0, 0, 0, 0, 0, 0, 0, 0, 0, 0, 0, 0, 0, 0, 0, 0, 0, 0, 0, 0, 0, 0, 0, 0, 0, 0, 0, 0, 0, 0, 0, 0, 0, 0, 0, 0, 0, 0, 0, 0, 0, 0, 0, 0, 0, 0, 0, 0, 0, 0, 0, 0, 0, 0, 0, 0, 0, 0, 0, 0, 0, 0, 0, 0, 0, 0, 0, 0, 0, 0, 0, 0, 0, 0, 0, 0, 0, 0, 0, 0, 0, 0, 0, 0, 0, 0, 0, 0, 0, 0, 0, 0, 0, 0, 0, 0, 0, 0, 0, 0, 0, 0, 0, 0, 0, 0, 0, 0, 0, 0, 0, 0, 0, 0, 0, 0, 0, 0, 0, 0, 0, 0, 0, 0, 0, 0, 0, 0, 0, 0, 0, 0, 0, 0, 0, 0, 0, 0, 0, 0, 0, 0, 0, 0, 0, 0, 0, 0, 0, 0, 0, 0, 0, 0, 0, 0, 0, 0, 0, 0, 0, 0, 0, 0, 0, 0, 0, 0, 0, 0, 0, 0, 0, 0, 0, 0, 0, 0, 0, 0, 0, 0, 0, 0, 0, 0, 0, 0, 0, 0, 0, 0, 0, 0, 0, 0, 0, 0, 0, 0, 0, 0, 0, 0, 0, 0, 0, 0, 0, 0, 0, 0, 0, 0, 0, 0, 0, 0, 0, 0, 0, 0, 0, 0, 0, 0, 0, 0, 0, 0, 0, 0, 0, 0, 0, 0, 0, 0, 0, 0, 0, 0]",0.0,"[32.97435897435898, 33.0, 32.97435897435898, 32.97435897435898, 33.0, 33.0, 33.0, 33.0, 33.0, 33.0, 33.0, 33.0, 33.0, 33.0, 33.0, 33.0, 32.97435897435898, 32.97435897435898, 32.97435897435898, 33.0, 32.97435897435898, 33.0, 32.97435897435898, 33.0, 32.0, 29.974358974358974, 29.974358974358974, 28.974358974358974, 25.0, 20.94871794871795, 14.974358974358974, 10.974358974358974, 8.948717948717949, 8.0, 7.0, 6.0, 5.0, 5.0, 5.0, 5.0, 4.9743589743589745, 5.0, 4.0, 4.0, 4.0, 4.0, 4.0, 3.0, 3.0, 3.0, 3.0, 3.0, 3.0, 3.0, 3.0, 3.0, 3.0, 3.0, 3.0, 3.0, 3.0, 3.0, 3.0, 3.0, 3.0, 3.0, 3.0, 3.0, 3.0, 3.0, 3.0, 3.0, 3.0, 3.0, 3.0, 3.0, 3.0, 3.0, 3.0, 3.0, 2.9743589743589745, 3.0, 3.0, 3.0, 3.0, 3.0, 3.0, 3.0, 3.0, 3.0, 3.0, 3.0, 3.0, 3.0, 3.0, 3.0, 3.0, 3.0, 3.0, 3.0, 2.0, 2.0, 1.0, 0.0, 0.0, 0.0, 0.0, 0.0, 0.0, 0.0, 0.0, 0.0, 0.0, 0.0, 0.0, 0.0, 0.0, 0.0, 0.0, 0.0, 0.0, 0.0, 0.0, 0.0, 0.0, 0.0, 0.0, 0.0, 0.0, 0.0, 0.0, 0.0, 0.0, 0.0, 0.0, 0.0, 0.0, 0.0, 0.0, 0.0, 0.0, 0.0, 0.0, 0.0, 0.0, 0.0, 0.0, 0.0, 0.0, 0.0, 0.0, 0.0, 0.0, 0.0, 0.0, 0.0, 0.0, 0.0, 0.0, 0.0, 0.0, 0.0, 0.0, 0.0, 0.0, 0.0, 0.0, 0.0, 0.0, 0.0, 0.0, 0.0, 0.0, 0.0, 0.0, 0.0, 0.0, 0.0, 0.0, 0.0, 0.0, 0.0, 0.0, 0.0, 0.0, 0.0, 0.0, 0.0, 0.0, 0.0, 0.0, 0.0, 0.0, 0.0, 0.0, 0.0, 0.0, 0.0, 0.0, 0.0, 0.0, 0.0, 0.0, 0.0, 0.0, 0.0, 0.0, 0.0, 0.0, 0.0, 0.0, 0.0, 0.0, 0.0, 0.0, 0.0, 0.0, 0.0, 0.0, 0.0, 0.0, 0.0, 0.0, 0.0, 0.0, 0.0, 0.0, 0.0, 0.0, 0.0, 0.0, 0.0, 0.0, 0.0, 0.0, 0.0, 0.0, 0.0, 0.0, 0.0, 0.0, 0.0, 0.0, 0.0, 0.0, 0.0, 0.0, 0.0, 0.0, 0.0, 0.0, 0.0, 0.0, 0.0, 0.0, 0.0, 0.0, 0.0, 0.0, 0.0, 0.0, 0.0, 0.0, 0.0, 0.0, 0.0, 0.0, 0.0, 0.0, 0.0, 0.0, 0.0, 0.0, 0.0, 0.0, 0.0, 0.0, 0.0, 0.0, 0.0, 0.0, 0.0, 0.0, 0.0, 0.0, 0.0, 0.0, 0.0, 0.0, 0.0, 0.0, 0.0, 0.0, 0.0, 0.0, 0.0, 0.0, 0.0, 0.0, 0.0, 0.0, 0.0, 0.0, 0.0, 0.0, 0.0, 0.0, 0.0, 0.0, 0.0, 0.0, 0.0, 0.0, 0.0, 0.0, 0.0, 0.0, 0.0, 0.0, 0.0, 0.0, 0.0, 0.0, 0.0, 0.0, 0.0, 0.0, 0.0, 0.0, 0.0, 0.0, 0.0, 0.0, 0.0, 0.0, 0.0, 0.0, 0.0, 0.0, 0.0, 0.0, 0.0, 0.0, 0.0, 0.0, 0.0, 0.0, 0.0, 0.0, 0.0, 0.0, 0.0, 0.0, 0.0, 0.0, 0.0, 0.0, 0.0, 0.0, 0.0, 0.0, 0.0, 0.0, 0.0, 0.0, 0.0, 0.0, 0.0, 0.0, 0.0, 0.0, 0.0, 0.0, 0.0, 0.0, 0.0, 0.0, 0.0, 0.0, 0.0, 0.0, 0.0, 0.0, 0.0, 0.0, 0.0, 0.0, 0.0, 0.0, 0.0, 0.0, 0.0, 0.0, 0.0, 0.0, 0.0, 0.0, 0.0, 0.0, 0.0, 0.0, 0.0, 0.0, 0.0, 0.0, 0.0, 0.0, 0.0, 0.0, 0.0, 0.0, 0.0, 0.0, 0.0, 0.0, 0.0, 0.0, 0.0, 0.0, 0.0, 0.0, 0.0, 0.0, 0.0, 0.0, 0.0, 0.0, 0.0, 0.0, 0.0, 0.0, 0.0, 0.0, 0.0, 0.0, 0.0, 0.0, 0.0, 0.0, 0.0, 0.0, 0.0, 0.0, 0.0, 0.0, 0.0, 0.0, 0.0, 0.0, 0.0]",0.5,0.5,0,"[33, 33, 33, 33, 33, 33, 33, 33, 33, 33, 33, 33, 33, 33, 33, 33, 33, 33, 33, 33, 33, 33, 33, 33, 32, 30, 30, 29, 25, 21, 15, 11, 9, 8, 7, 6, 5, 5, 5, 5, 5, 5, 4, 4, 4, 4, 4, 3, 3, 3, 3, 3, 3, 3, 3, 3, 3, 3, 3, 3, 3, 3, 3, 3, 3, 3, 3, 3, 3, 3, 3, 3, 3, 3, 3, 3, 3, 3, 3, 3, 3, 3, 3, 3, 3, 3, 3, 3, 3, 3, 3, 3, 3, 3, 3, 3, 3, 3, 3, 3, 2, 2, 1, 0, 0, 0, 0, 0, 0, 0, 0, 0, 0, 0, 0, 0, 0, 0, 0, 0, 0, 0, 0, 0, 0, 0, 0, 0, 0, 0, 0, 0, 0, 0, 0, 0, 0, 0, 0, 0, 0, 0, 0, 0, 0, 0, 0, 0, 0, 0, 0, 0, 0, 0, 0, 0, 0, 0, 0, 0, 0, 0, 0, 0, 0, 0, 0, 0, 0, 0, 0, 0, 0, 0, 0, 0, 0, 0, 0, 0, 0, 0, 0, 0, 0, 0, 0, 0, 0, 0, 0, 0, 0, 0, 0, 0, 0, 0, 0, 0, 0, 0, 0, 0, 0, 0, 0, 0, 0, 0, 0, 0, 0, 0, 0, 0, 0, 0, 0, 0, 0, 0, 0, 0, 0, 0, 0, 0, 0, 0, 0, 0, 0, 0, 0, 0, 0, 0, 0, 0, 0, 0, 0, 0, 0, 0, 0, 0, 0, 0, 0, 0, 0, 0, 0, 0, 0, 0, 0, 0, 0, 0, 0, 0, 0, 0, 0, 0, 0, 0, 0, 0, 0, 0, 0, 0, 0, 0, 0, 0, 0, 0, 0, 0, 0, 0, 0, 0, 0, 0, 0, 0, 0, 0, 0, 0, 0, 0, 0, 0, 0, 0, 0, 0, 0, 0, 0, 0, 0, 0, 0, 0, 0, 0, 0, 0, 0, 0, 0, 0, 0, 0, 0, 0, 0, 0, 0, 0, 0, 0, 0, 0, 0, 0, 0, 0, 0, 0, 0, 0, 0, 0, 0, 0, 0, 0, 0, 0, 0, 0, 0, 0, 0, 0, 0, 0, 0, 0, 0, 0, 0, 0, 0, 0, 0, 0, 0, 0, 0, 0, 0, 0, 0, 0, 0, 0, 0, 0, 0, 0, 0, 0, 0, 0, 0, 0, 0, 0, 0, 0, 0, 0, 0, 0, 0, 0, 0, 0, 0, 0, 0, 0, 0, 0, 0, 0, 0, 0, 0, 0, 0, 0, 0, 0, 0, 0, 0, 0, 0, 0, 0, 0, 0, 0, 0, 0, 0, 0, 0, 0, 0, 0, 0, 0, 0, 0, 0, 0, 0, 0, 0, 0, 0, 0, 0, 0, 0, 0, 0, 0]",450,"[0.5275501012802124, 0.5195685625076294, 0.5037214159965515, 0.4975879192352295, 0.4895555078983307, 0.485289067029953, 0.47669053077697754, 0.4775424599647522, 0.4651924967765808, 0.4595712423324585, 0.46419060230255127, 0.4491754472255707, 0.45056673884391785, 0.4397016167640686, 0.4343971908092499, 0.4372135400772095, 0.42523157596588135, 0.42240914702415466, 0.4228138029575348, 0.4134492874145508, 0.41316959261894226, 0.4110223650932312, 0.40344685316085815, 0.40140092372894287, 0.39785248041152954, 0.3921971917152405, 0.39867186546325684, 0.3854292035102844, 0.38754236698150635, 0.3788392245769501, 0.36899611353874207, 0.36402902007102966, 0.36074528098106384, 0.36071646213531494, 0.3641534745693207, 0.36542996764183044, 0.36249566078186035, 0.3602229356765747, 0.3588411808013916, 0.35752514004707336, 0.35904553532600403, 0.3604421317577362, 0.3718448579311371, 0.3749404847621918, 0.37174510955810547, 0.37510165572166443, 0.3706471621990204, 0.3749084770679474, 0.37402987480163574, 0.3904893100261688, 0.37377461791038513, 0.373205304145813, 0.387617826461792, 0.37132567167282104, 0.3709314465522766, 0.36993542313575745, 0.3706728219985962, 0.3689582943916321, 0.37123245000839233, 0.3681158721446991, 0.371959924697876, 0.37281107902526855, 0.369980126619339, 0.368120014667511, 0.36735522747039795, 0.3762873709201813, 0.36677590012550354, 0.3662760257720947, 0.3668626844882965, 0.3742843568325043, 0.3670178949832916, 0.3659277856349945, 0.3653976321220398, 0.3692258894443512, 0.3719170391559601, 0.3694388270378113, 0.374877005815506, 0.3648102879524231, 0.36666280031204224, 0.3649463355541229, 0.36756229400634766, 0.365597128868103, 0.36631274223327637, 0.3642091751098633, 0.3646376430988312, 0.3643941581249237, 0.36394545435905457, 0.36683914065361023, 0.3632728159427643, 0.3726731240749359, 0.36307114362716675, 0.3632342517375946, 0.36951422691345215, 0.3642624318599701, 0.3626759350299835, 0.3636290431022644, 0.3694855868816376, 0.3817874491214752, 0.36456915736198425, 0.36269891262054443, 0.3839801847934723, 0.3840603530406952, 0.39513278007507324, 0.4081209599971771, 0.40933987498283386, 0.4082106649875641, 0.42127060890197754, 0.40876129269599915, 0.41316887736320496, 0.40724217891693115, 0.41850966215133667, 0.4087514877319336, 0.40932902693748474, 0.416066974401474, 0.4074956178665161, 0.4073024392127991, 0.4078734219074249, 0.4178415536880493, 0.40766775608062744, 0.408126562833786, 0.40884533524513245, 0.40925848484039307, 0.40943923592567444, 0.41508960723876953, 0.4111000895500183, 0.41963523626327515, 0.41104403138160706, 0.4080756902694702, 0.4124692678451538, 0.4076450765132904, 0.40731990337371826, 0.40824517607688904, 0.4074980914592743, 0.4074028730392456, 0.4076855480670929, 0.40754860639572144, 0.41690170764923096, 0.4161871075630188, 0.40743333101272583, 0.4146198034286499, 0.40722766518592834, 0.40723660588264465, 0.40926262736320496, 0.4077413082122803, 0.4074867367744446, 0.4090307652950287, 0.40741196274757385, 0.4072270691394806, 0.4074891209602356, 0.4151592254638672, 0.4082338213920593, 0.40737560391426086, 0.4085344672203064, 0.4072277843952179, 0.40722912549972534, 0.42965996265411377, 0.40821510553359985, 0.40722736716270447, 0.4091176986694336, 0.40743163228034973, 0.41101473569869995, 0.4074060320854187, 0.40722715854644775, 0.40961140394210815, 0.41584154963493347, 0.40812256932258606, 0.41102135181427, 0.40737223625183105, 0.4074302017688751, 0.4076411724090576, 0.41309478878974915, 0.40773627161979675, 0.41519400477409363, 0.4091167151927948, 0.4083046317100525, 0.4075287878513336, 0.4132637679576874, 0.4081912934780121, 0.40937986969947815, 0.40741318464279175, 0.4132899045944214, 0.40738120675086975, 0.4177495837211609, 0.4072277545928955, 0.40808552503585815, 0.41463059186935425, 0.40722954273223877, 0.40909478068351746, 0.4131900370121002, 0.45366325974464417, 0.4177742898464203, 0.40827324986457825, 0.4128766655921936, 0.4083746671676636, 0.4086672067642212, 0.4072272777557373, 0.40737026929855347, 0.4092975854873657, 0.40803831815719604, 0.4082097113132477, 0.40735310316085815, 0.40752658247947693, 0.40821242332458496, 0.40810734033584595, 0.41054484248161316, 0.4174010455608368, 0.4074955880641937, 0.40819618105888367, 0.407248854637146, 0.42435723543167114, 0.4084404706954956, 0.4094257354736328, 0.4092606008052826, 0.40784305334091187, 0.40739762783050537, 0.40723705291748047, 0.4109915494918823, 0.40722769498825073, 0.4178307056427002, 0.4132239520549774, 0.40939074754714966, 0.415115624666214, 0.4075101613998413, 0.4074994623661041, 0.41110625863075256, 0.4072315990924835, 0.40741416811943054, 0.40749073028564453, 0.4297771751880646, 0.4083177149295807, 0.40931904315948486, 0.4075569808483124, 0.40786853432655334, 0.4084361791610718, 0.40931832790374756, 0.40926045179367065, 0.41085362434387207, 0.40722712874412537, 0.4099045693874359, 0.40837085247039795, 0.40722712874412537, 0.4085354506969452, 0.41511863470077515, 0.40944358706474304, 0.43149876594543457, 0.4131607711315155, 0.4093470275402069, 0.4193148910999298, 0.40724989771842957, 0.41279447078704834, 0.40812140703201294, 0.40750744938850403, 0.410566508769989, 0.4093257784843445, 0.4099024534225464, 0.407487690448761, 0.4085262417793274, 0.4082474410533905, 0.40722760558128357, 0.4108513593673706, 0.41333088278770447, 0.41099250316619873, 0.41310593485832214, 0.40934860706329346, 0.4073368012905121, 0.40943703055381775, 0.41282325983047485, 0.4075120985507965, 0.40748804807662964, 0.4083268642425537, 0.40736061334609985, 0.4242610037326813, 0.41095539927482605, 0.4121237099170685, 0.40831658244132996, 0.4195522964000702, 0.4108494818210602, 0.4089162349700928, 0.40929344296455383, 0.40894484519958496, 0.4093239903450012, 0.4110491871833801, 0.40724095702171326, 0.40808209776878357, 0.40728265047073364, 0.40812501311302185, 0.40722930431365967, 0.4196004867553711, 0.40722912549972534, 0.4082318842411041, 0.4093143939971924, 0.4074132442474365, 0.4081045985221863, 0.40749356150627136, 0.40927842259407043, 0.4092905819416046, 0.41900938749313354, 0.4109675884246826, 0.4283681809902191, 0.4223950207233429, 0.40827491879463196, 0.4082094132900238, 0.40722763538360596, 0.40799424052238464, 0.4092852771282196, 0.4088660478591919, 0.407268226146698, 0.4083220958709717, 0.4109553396701813, 0.4078866243362427, 0.40806713700294495, 0.40928947925567627, 0.4151354134082794, 0.40812113881111145, 0.4090529680252075, 0.4093216061592102, 0.4081881046295166, 0.40787914395332336, 0.4092484414577484, 0.4074302911758423, 0.40914005041122437, 0.40934041142463684, 0.41768401861190796, 0.4282846748828888, 0.4072493016719818, 0.40723106265068054, 0.4096835255622864, 0.4072270691394806, 0.40932250022888184, 0.41304659843444824, 0.4072428047657013, 0.4072325825691223, 0.44653746485710144, 0.4177422821521759, 0.4072294533252716, 0.410118967294693, 0.4075583219528198, 0.4091992676258087, 0.4074307680130005, 0.4072524607181549, 0.4079037606716156, 0.4072932004928589, 0.4133019745349884, 0.41095465421676636, 0.40932202339172363, 0.4079020619392395, 0.4076245129108429, 0.4080536365509033, 0.40940338373184204, 0.40722891688346863, 0.40748757123947144, 0.41307228803634644, 0.41092976927757263, 0.42339226603507996, 0.4085623621940613, 0.4096657633781433, 0.41265878081321716, 0.4073300063610077, 0.41819748282432556, 0.4093111455440521, 0.41610047221183777, 0.40933486819267273, 0.41524070501327515, 0.40723463892936707, 0.4093188941478729, 0.4076445698738098, 0.40904730558395386, 0.4073587656021118, 0.4082126319408417, 0.40722712874412537, 0.411992609500885, 0.40773001313209534, 0.4096616506576538, 0.41087543964385986, 0.415068656206131, 0.40723150968551636, 0.41278111934661865, 0.4234210252761841, 0.4082692861557007, 0.4095047414302826, 0.40937986969947815, 0.4073565602302551, 0.41538482904434204, 0.40812408924102783, 0.40821969509124756, 0.41083863377571106, 0.4089130759239197, 0.407413512468338, 0.40782955288887024, 0.40824994444847107, 0.4074942469596863, 0.40722769498825073, 0.40949299931526184, 0.40931186079978943, 0.40932169556617737, 0.40819022059440613, 0.4111679494380951, 0.4097720682621002, 0.4221847653388977, 0.42357292771339417, 0.41151854395866394, 0.4129314124584198, 0.4084314703941345, 0.4083074629306793, 0.4073975086212158, 0.40882694721221924, 0.40884849429130554, 0.40733572840690613, 0.4110814332962036, 0.418061226606369, 0.40827012062072754, 0.40723586082458496, 0.4094312787055969, 0.40804141759872437, 0.4177168309688568, 0.40932023525238037, 0.4080091714859009, 0.41915276646614075, 0.4089592397212982, 0.40851277112960815, 0.41772404313087463, 0.4072672724723816, 0.4083630442619324, 0.4081015884876251, 0.412652850151062, 0.407260537147522, 0.41619423031806946, 0.4194185137748718, 0.40941986441612244, 0.4073461890220642, 0.40832480788230896, 0.4075828194618225, 0.4085267186164856, 0.41820013523101807, 0.4078884422779083, 0.40748414397239685, 0.4109184741973877, 0.41524985432624817, 0.4088411331176758, 0.40820014476776123, 0.4176553785800934, 0.40749672055244446, 0.40863341093063354, 0.409564733505249, 0.40869319438934326, 0.4081892669200897, 0.40820571780204773, 0.4124886393547058, 0.4093148410320282, 0.40722742676734924]",0.0,"[33.0, 33.0, 33.0, 33.0, 33.0, 33.0, 33.0, 33.0, 33.0, 33.0, 33.0, 33.0, 33.0, 33.0, 33.0, 33.0, 33.0, 33.0, 33.0, 33.0, 33.0, 33.0, 33.0, 33.0, 32.0, 30.0, 30.0, 29.0, 25.0, 21.0, 15.0, 11.0, 9.0, 8.0, 7.0, 6.0, 5.0, 5.0, 5.0, 5.0, 5.0, 5.0, 4.0, 4.0, 4.0, 4.0, 4.0, 3.0, 3.0, 3.0, 3.0, 3.0, 3.0, 3.0, 3.0, 3.0, 3.0, 3.0, 3.0, 3.0, 3.0, 3.0, 3.0, 3.0, 3.0, 3.0, 3.0, 3.0, 3.0, 3.0, 3.0, 3.0, 3.0, 3.0, 3.0, 3.0, 3.0, 3.0, 3.0, 3.0, 3.0, 3.0, 3.0, 3.0, 3.0, 3.0, 3.0, 3.0, 3.0, 3.0, 3.0, 3.0, 3.0, 3.0, 3.0, 3.0, 3.0, 3.0, 3.0, 3.0, 2.0, 2.0, 1.0, 0.0, 0.0, 0.0, 0.0, 0.0, 0.0, 0.0, 0.0, 0.0, 0.0, 0.0, 0.0, 0.0, 0.0, 0.0, 0.0, 0.0, 0.0, 0.0, 0.0, 0.0, 0.0, 0.0, 0.0, 0.0, 0.0, 0.0, 0.0, 0.0, 0.0, 0.0, 0.0, 0.0, 0.0, 0.0, 0.0, 0.0, 0.0, 0.0, 0.0, 0.0, 0.0, 0.0, 0.0, 0.0, 0.0, 0.0, 0.0, 0.0, 0.0, 0.0, 0.0, 0.0, 0.0, 0.0, 0.0, 0.0, 0.0, 0.0, 0.0, 0.0, 0.0, 0.0, 0.0, 0.0, 0.0, 0.0, 0.0, 0.0, 0.0, 0.0, 0.0, 0.0, 0.0, 0.0, 0.0, 0.0, 0.0, 0.0, 0.0, 0.0, 0.0, 0.0, 0.0, 0.0, 0.0, 0.0, 0.0, 0.0, 0.0, 0.0, 0.0, 0.0, 0.0, 0.0, 0.0, 0.0, 0.0, 0.0, 0.0, 0.0, 0.0, 0.0, 0.0, 0.0, 0.0, 0.0, 0.0, 0.0, 0.0, 0.0, 0.0, 0.0, 0.0, 0.0, 0.0, 0.0, 0.0, 0.0, 0.0, 0.0, 0.0, 0.0, 0.0, 0.0, 0.0, 0.0, 0.0, 0.0, 0.0, 0.0, 0.0, 0.0, 0.0, 0.0, 0.0, 0.0, 0.0, 0.0, 0.0, 0.0, 0.0, 0.0, 0.0, 0.0, 0.0, 0.0, 0.0, 0.0, 0.0, 0.0, 0.0, 0.0, 0.0, 0.0, 0.0, 0.0, 0.0, 0.0, 0.0, 0.0, 0.0, 0.0, 0.0, 0.0, 0.0, 0.0, 0.0, 0.0, 0.0, 0.0, 0.0, 0.0, 0.0, 0.0, 0.0, 0.0, 0.0, 0.0, 0.0, 0.0, 0.0, 0.0, 0.0, 0.0, 0.0, 0.0, 0.0, 0.0, 0.0, 0.0, 0.0, 0.0, 0.0, 0.0, 0.0, 0.0, 0.0, 0.0, 0.0, 0.0, 0.0, 0.0, 0.0, 0.0, 0.0, 0.0, 0.0, 0.0, 0.0, 0.0, 0.0, 0.0, 0.0, 0.0, 0.0, 0.0, 0.0, 0.0, 0.0, 0.0, 0.0, 0.0, 0.0, 0.0, 0.0, 0.0, 0.0, 0.0, 0.0, 0.0, 0.0, 0.0, 0.0, 0.0, 0.0, 0.0, 0.0, 0.0, 0.0, 0.0, 0.0, 0.0, 0.0, 0.0, 0.0, 0.0, 0.0, 0.0, 0.0, 0.0, 0.0, 0.0, 0.0, 0.0, 0.0, 0.0, 0.0, 0.0, 0.0, 0.0, 0.0, 0.0, 0.0, 0.0, 0.0, 0.0, 0.0, 0.0, 0.0, 0.0, 0.0, 0.0, 0.0, 0.0, 0.0, 0.0, 0.0, 0.0, 0.0, 0.0, 0.0, 0.0, 0.0, 0.0, 0.0, 0.0, 0.0, 0.0, 0.0, 0.0, 0.0, 0.0, 0.0, 0.0, 0.0, 0.0, 0.0, 0.0, 0.0, 0.0, 0.0, 0.0, 0.0, 0.0, 0.0, 0.0, 0.0, 0.0, 0.0, 0.0, 0.0, 0.0, 0.0, 0.0, 0.0, 0.0, 0.0, 0.0, 0.0, 0.0, 0.0, 0.0, 0.0, 0.0, 0.0, 0.0, 0.0, 0.0, 0.0, 0.0, 0.0, 0.0, 0.0, 0.0, 0.0, 0.0, 0.0, 0.0, 0.0, 0.0, 0.0, 0.0, 0.0, 0.0, 0.0, 0.0]",COMPLETE
