,number,value,datetime_start,datetime_complete,duration,params_batch_size_scaler,params_constant_learning_rate,params_depth,params_epochs,params_kernel_l2,params_num_trees,params_temperature,user_attrs_accuracy_test,user_attrs_accuracy_valid,user_attrs_approximate_feature_sparsity,user_attrs_approximate_feature_sparsity_history,user_attrs_approximate_weight_sparsity,user_attrs_approximate_weight_sparsity_history,user_attrs_auc_test,user_attrs_auc_valid,user_attrs_feature_sparsity,user_attrs_feature_sparsity_history,user_attrs_num_epochs,user_attrs_val_loss_history,user_attrs_weight_sparsity,user_attrs_weight_sparsity_history,state
109,109,0.5,2024-08-31 04:49:46.375132,2024-08-31 04:50:20.090533,0 days 00:00:33.715401,16,1.9778270888405758,2,380,0.002311298046270484,19,0.05267455599175737,0.859,0.85875,0,"[0, 0, 0, 0, 0, 0, 0, 0, 0, 0, 0, 0, 0, 0, 0, 0, 0, 0, 0, 0, 0, 0, 0, 0, 0, 0, 0, 0, 0, 0, 0, 0, 0, 0, 0, 0, 0, 0, 0, 0, 0, 0, 0, 0, 0, 0, 0, 0, 0, 0, 0, 0, 0, 0, 0, 0, 0, 0, 0, 0, 0, 0, 0, 0, 0, 0, 0, 0, 0, 0, 0, 0, 0, 0, 0, 0, 0, 0, 0, 0, 0, 0, 0, 0, 0, 0, 0, 0, 0, 0, 0, 0, 0, 0, 0, 0, 0, 0, 0, 0, 0, 0, 0, 0, 0, 0, 0, 0, 0, 0, 0, 0, 0, 0, 0, 0, 0, 0, 0, 0, 0, 0, 0, 0, 0, 0, 0, 0, 0, 0, 0, 0, 0, 0, 0, 0, 0, 0, 0, 0, 0, 0, 0, 0, 0, 0, 0, 0, 0, 0, 0, 0, 0, 0, 0, 0, 0, 0, 0, 0, 0, 0, 0, 0, 0, 0, 0, 0, 0, 0, 0, 0, 0, 0, 0, 0, 0, 0, 0, 0, 0, 0, 0, 0, 0, 0, 0, 0, 0, 0, 0, 0, 0, 0, 0, 0, 0, 0, 0, 0, 0, 0, 0, 0, 0, 0, 0, 0, 0, 0, 0, 0, 0, 0, 0, 0, 0, 0, 0, 0, 0, 0, 0, 0, 0, 0, 0, 0, 0, 0, 0, 0, 0, 0, 0, 0, 0, 0, 0, 0, 0, 0, 0, 0, 0, 0, 0, 0, 0, 0, 0, 0, 0, 0, 0, 0, 0, 0, 0, 0, 0, 0, 0, 0, 0, 0, 0, 0, 0, 0, 0, 0, 0, 0, 0, 0, 0, 0, 0, 0, 0, 0, 0, 0, 0, 0, 0, 0, 0, 0, 0, 0, 0, 0, 0, 0, 0, 0, 0, 0, 0, 0, 0, 0, 0, 0, 0, 0, 0, 0, 0, 0, 0, 0, 0, 0, 0, 0, 0, 0, 0, 0, 0, 0, 0, 0, 0, 0, 0, 0, 0, 0, 0, 0, 0, 0, 0, 0, 0, 0, 0, 0, 0, 0, 0, 0, 0, 0, 0, 0, 0, 0, 0, 0, 0, 0, 0, 0, 0, 0, 0, 0, 0, 0, 0, 0, 0, 0, 0, 0, 0, 0, 0, 0, 0, 0, 0, 0, 0, 0]",0.0,"[0.0, 0.0, 0.0, 0.0, 0.0, 0.0, 0.0, 0.0, 0.0, 0.0, 0.0, 0.0, 0.0, 0.0, 0.0, 0.0, 0.0, 0.0, 0.0, 0.0, 0.0, 0.0, 0.0, 0.0, 0.0, 0.0, 0.0, 0.0, 0.0, 0.0, 0.0, 0.0, 0.0, 0.0, 0.0, 0.0, 0.0, 0.0, 0.0, 0.0, 0.0, 0.0, 0.0, 0.0, 0.0, 0.0, 0.0, 0.0, 0.0, 0.0, 0.0, 0.0, 0.0, 0.0, 0.0, 0.0, 0.0, 0.0, 0.0, 0.0, 0.0, 0.0, 0.0, 0.0, 0.0, 0.0, 0.0, 0.0, 0.0, 0.0, 0.0, 0.0, 0.0, 0.0, 0.0, 0.0, 0.0, 0.0, 0.0, 0.0, 0.0, 0.0, 0.0, 0.0, 0.0, 0.0, 0.0, 0.0, 0.0, 0.0, 0.0, 0.0, 0.0, 0.0, 0.0, 0.0, 0.0, 0.0, 0.0, 0.0, 0.0, 0.0, 0.0, 0.0, 0.0, 0.0, 0.0, 0.0, 0.0, 0.0, 0.0, 0.0, 0.0, 0.0, 0.0, 0.0, 0.0, 0.0, 0.0, 0.0, 0.0, 0.0, 0.0, 0.0, 0.0, 0.0, 0.0, 0.0, 0.0, 0.0, 0.0, 0.0, 0.0, 0.0, 0.0, 0.0, 0.0, 0.0, 0.0, 0.0, 0.0, 0.0, 0.0, 0.0, 0.0, 0.0, 0.0, 0.0, 0.0, 0.0, 0.0, 0.0, 0.0, 0.0, 0.0, 0.0, 0.0, 0.0, 0.0, 0.0, 0.0, 0.0, 0.0, 0.0, 0.0, 0.0, 0.0, 0.0, 0.0, 0.0, 0.0, 0.0, 0.0, 0.0, 0.0, 0.0, 0.0, 0.0, 0.0, 0.0, 0.0, 0.0, 0.0, 0.0, 0.0, 0.0, 0.0, 0.0, 0.0, 0.0, 0.0, 0.0, 0.0, 0.0, 0.0, 0.0, 0.0, 0.0, 0.0, 0.0, 0.0, 0.0, 0.0, 0.0, 0.0, 0.0, 0.0, 0.0, 0.0, 0.0, 0.0, 0.0, 0.0, 0.0, 0.0, 0.0, 0.0, 0.0, 0.0, 0.0, 0.0, 0.0, 0.0, 0.0, 0.0, 0.0, 0.0, 0.0, 0.0, 0.0, 0.0, 0.0, 0.0, 0.0, 0.0, 0.0, 0.0, 0.0, 0.0, 0.0, 0.0, 0.0, 0.0, 0.0, 0.0, 0.0, 0.0, 0.0, 0.0, 0.0, 0.0, 0.0, 0.0, 0.0, 0.0, 0.0, 0.0, 0.0, 0.0, 0.0, 0.0, 0.0, 0.0, 0.0, 0.0, 0.0, 0.0, 0.0, 0.0, 0.0, 0.0, 0.0, 0.0, 0.0, 0.0, 0.0, 0.0, 0.0, 0.0, 0.0, 0.0, 0.0, 0.0, 0.0, 0.0, 0.0, 0.0, 0.0, 0.0, 0.0, 0.0, 0.0, 0.0, 0.0, 0.0, 0.0, 0.0, 0.0, 0.0, 0.0, 0.0, 0.0, 0.0, 0.0, 0.0, 0.0, 0.0, 0.0, 0.0, 0.0, 0.0, 0.0, 0.0, 0.0, 0.0, 0.0, 0.0, 0.0, 0.0, 0.0, 0.0, 0.0, 0.0, 0.0, 0.0, 0.0, 0.0, 0.0, 0.0, 0.0, 0.0, 0.0, 0.0, 0.0, 0.0, 0.0, 0.0, 0.0, 0.0, 0.0, 0.0, 0.0, 0.0, 0.0, 0.0, 0.0, 0.0, 0.0, 0.0, 0.0, 0.0, 0.0, 0.0, 0.0, 0.0, 0.0, 0.0, 0.0, 0.0, 0.0, 0.0, 0.0, 0.0, 0.0, 0.0, 0.0, 0.0, 0.0, 0.0, 0.0, 0.0, 0.0, 0.0, 0.0, 0.0, 0.0, 0.0, 0.0, 0.0, 0.0]",0.5,0.5,0,"[0, 0, 0, 0, 0, 0, 0, 0, 0, 0, 0, 0, 0, 0, 0, 0, 0, 0, 0, 0, 0, 0, 0, 0, 0, 0, 0, 0, 0, 0, 0, 0, 0, 0, 0, 0, 0, 0, 0, 0, 0, 0, 0, 0, 0, 0, 0, 0, 0, 0, 0, 0, 0, 0, 0, 0, 0, 0, 0, 0, 0, 0, 0, 0, 0, 0, 0, 0, 0, 0, 0, 0, 0, 0, 0, 0, 0, 0, 0, 0, 0, 0, 0, 0, 0, 0, 0, 0, 0, 0, 0, 0, 0, 0, 0, 0, 0, 0, 0, 0, 0, 0, 0, 0, 0, 0, 0, 0, 0, 0, 0, 0, 0, 0, 0, 0, 0, 0, 0, 0, 0, 0, 0, 0, 0, 0, 0, 0, 0, 0, 0, 0, 0, 0, 0, 0, 0, 0, 0, 0, 0, 0, 0, 0, 0, 0, 0, 0, 0, 0, 0, 0, 0, 0, 0, 0, 0, 0, 0, 0, 0, 0, 0, 0, 0, 0, 0, 0, 0, 0, 0, 0, 0, 0, 0, 0, 0, 0, 0, 0, 0, 0, 0, 0, 0, 0, 0, 0, 0, 0, 0, 0, 0, 0, 0, 0, 0, 0, 0, 0, 0, 0, 0, 0, 0, 0, 0, 0, 0, 0, 0, 0, 0, 0, 0, 0, 0, 0, 0, 0, 0, 0, 0, 0, 0, 0, 0, 0, 0, 0, 0, 0, 0, 0, 0, 0, 0, 0, 0, 0, 0, 0, 0, 0, 0, 0, 0, 0, 0, 0, 0, 0, 0, 0, 0, 0, 0, 0, 0, 0, 0, 0, 0, 0, 0, 0, 0, 0, 0, 0, 0, 0, 0, 0, 0, 0, 0, 0, 0, 0, 0, 0, 0, 0, 0, 0, 0, 0, 0, 0, 0, 0, 0, 0, 0, 0, 0, 0, 0, 0, 0, 0, 0, 0, 0, 0, 0, 0, 0, 0, 0, 0, 0, 0, 0, 0, 0, 0, 0, 0, 0, 0, 0, 0, 0, 0, 0, 0, 0, 0, 0, 0, 0, 0, 0, 0, 0, 0, 0, 0, 0, 0, 0, 0, 0, 0, 0, 0, 0, 0, 0, 0, 0, 0, 0, 0, 0, 0, 0, 0, 0, 0, 0, 0, 0, 0, 0, 0, 0, 0, 0, 0, 0, 0, 0, 0, 0, 0, 0, 0]",380,"[0.5110982656478882, 0.6005985736846924, 0.41076016426086426, 0.5584049224853516, 0.5310364961624146, 0.44236695766448975, 0.5632843971252441, 0.41189849376678467, 0.41001296043395996, 0.42967087030410767, 0.449636846780777, 0.6029941439628601, 0.42094334959983826, 0.4372248351573944, 0.40728333592414856, 0.40732139348983765, 0.7051305174827576, 0.4084990620613098, 0.533462405204773, 0.40869140625, 0.40885382890701294, 0.40822166204452515, 0.425089955329895, 0.5608210563659668, 0.7944533824920654, 0.4257105886936188, 0.7409983277320862, 0.44004449248313904, 0.41707175970077515, 0.40821823477745056, 0.4081554710865021, 0.4080713391304016, 0.4658319056034088, 0.5400429964065552, 0.4669640362262726, 0.508861780166626, 0.45070111751556396, 0.5717259049415588, 0.4148857891559601, 0.4521326720714569, 0.40729886293411255, 0.7677292823791504, 0.4074569642543793, 0.4434880316257477, 0.4197505712509155, 0.4122268259525299, 0.40815430879592896, 0.41079258918762207, 0.4249139726161957, 0.4760216474533081, 0.4435405731201172, 0.4074919819831848, 0.41401347517967224, 0.44104957580566406, 0.48647940158843994, 0.5245212912559509, 0.4182395040988922, 0.4611550271511078, 0.46701306104660034, 0.6055080890655518, 0.47138693928718567, 0.45574286580085754, 0.4087948501110077, 0.40791216492652893, 0.4091568887233734, 0.4339081943035126, 0.42979496717453003, 0.47609809041023254, 0.47343581914901733, 0.41626834869384766, 0.5445423126220703, 0.4148266613483429, 0.435409814119339, 0.410521000623703, 0.40826916694641113, 0.47718560695648193, 0.6580626964569092, 0.4072985351085663, 0.4231697916984558, 0.4193185567855835, 0.5097535848617554, 0.7922106385231018, 0.4135611355304718, 0.44678208231925964, 0.5868688821792603, 0.9642140865325928, 0.41165152192115784, 0.49764764308929443, 0.4154210388660431, 0.45338425040245056, 0.5128991007804871, 0.45414578914642334, 0.4077938497066498, 0.5836970210075378, 0.46367108821868896, 0.4145265221595764, 0.410434752702713, 0.4504764676094055, 0.42083919048309326, 0.41228148341178894, 0.45226502418518066, 0.4272356927394867, 0.42011916637420654, 0.5149657130241394, 0.4122016131877899, 0.4425818622112274, 0.45464539527893066, 0.5380734205245972, 0.5687179565429688, 0.42284801602363586, 0.5796263217926025, 0.40755924582481384, 0.4514598548412323, 0.4431547522544861, 0.4172867238521576, 0.41341060400009155, 0.4601617455482483, 0.42810317873954773, 0.5362347364425659, 0.46327099204063416, 0.6618881225585938, 0.4288715124130249, 0.4399875998497009, 0.4188830554485321, 0.4588046967983246, 0.4828464388847351, 0.4443175792694092, 0.4142948389053345, 0.42119500041007996, 0.48400864005088806, 0.5194596648216248, 0.4678155481815338, 0.41061580181121826, 0.5136324167251587, 0.4183816611766815, 0.4558957815170288, 0.40969622135162354, 0.41192781925201416, 0.4477638304233551, 0.678632915019989, 0.40882954001426697, 0.41010192036628723, 0.529890775680542, 0.4595180153846741, 0.4603908658027649, 0.45805418491363525, 0.43730995059013367, 0.5107805132865906, 0.6764664649963379, 0.427214115858078, 0.40845784544944763, 0.4310472905635834, 0.4382709264755249, 0.4110790193080902, 0.480825275182724, 0.40771347284317017, 0.4072315990924835, 0.41474446654319763, 0.46738144755363464, 0.4182867407798767, 0.4462027847766876, 0.40851691365242004, 0.4175855219364166, 0.4116399884223938, 0.4294471740722656, 0.4288290739059448, 0.4095175862312317, 0.41097235679626465, 0.5551502704620361, 0.41472262144088745, 0.6135399341583252, 0.779697060585022, 0.4252244234085083, 0.410457968711853, 0.5391219854354858, 0.4634309411048889, 0.4437710642814636, 0.4790247082710266, 0.47298529744148254, 0.4474138915538788, 0.4552919268608093, 0.5014194250106812, 0.5132045149803162, 0.44045302271842957, 0.47860783338546753, 0.41733670234680176, 0.40753868222236633, 0.40740978717803955, 0.4327283799648285, 0.41196703910827637, 0.6955207586288452, 0.43878307938575745, 0.41451260447502136, 0.4126162827014923, 0.5193426012992859, 0.5096427202224731, 0.48465004563331604, 0.45229479670524597, 0.4642089903354645, 0.41506949067115784, 0.40726959705352783, 0.5817945003509521, 0.4076118767261505, 0.4139553904533386, 0.4272049367427826, 0.4640154242515564, 0.4077358543872833, 0.40822693705558777, 0.46528851985931396, 0.5879884362220764, 0.4506833553314209, 0.5445899367332458, 0.46308404207229614, 0.40867719054222107, 0.43687549233436584, 0.6215072274208069, 0.4404701292514801, 0.41339313983917236, 0.7068893909454346, 0.460775226354599, 0.4100334048271179, 0.4735507667064667, 0.4101971685886383, 0.40830323100090027, 0.423020601272583, 0.4319628179073334, 0.41867586970329285, 0.4551146626472473, 0.42764177918434143, 0.4125599265098572, 0.41192322969436646, 0.4389008581638336, 0.4073146879673004, 0.42701205611228943, 0.5123672485351562, 0.4172327518463135, 0.4492298364639282, 0.4084146022796631, 0.4159747362136841, 0.5236625075340271, 0.45635783672332764, 0.49081480503082275, 0.46817517280578613, 0.4389726221561432, 0.4177934229373932, 0.4075905978679657, 0.4532620310783386, 0.4291270971298218, 0.42856186628341675, 0.4297497272491455, 0.41202476620674133, 0.4261953830718994, 0.4343985319137573, 0.41983264684677124, 0.45036643743515015, 0.4130198359489441, 0.4072478413581848, 0.44977736473083496, 0.5146473050117493, 0.46362772583961487, 0.43972083926200867, 0.407601922750473, 0.44892486929893494, 0.4418294429779053, 0.4567604959011078, 0.5780221223831177, 0.41327187418937683, 0.452088326215744, 0.6610477566719055, 0.5558053851127625, 0.41430941224098206, 0.42607003450393677, 0.44345444440841675, 0.44986629486083984, 0.40822479128837585, 0.41450074315071106, 0.4301854372024536, 0.41226786375045776, 0.4533263146877289, 0.41806933283805847, 0.4076024293899536, 0.4816392958164215, 0.41136807203292847, 0.44246771931648254, 0.4328961968421936, 0.4198271632194519, 0.4121123254299164, 0.4578458070755005, 0.4107329845428467, 0.41612112522125244, 0.40788543224334717, 0.49138590693473816, 0.41885241866111755, 0.40920326113700867, 0.6756559014320374, 0.4119679927825928, 0.4167388677597046, 0.43873605132102966, 0.5341792702674866, 0.4128480553627014, 0.44403111934661865, 0.41276219487190247, 0.5216829180717468, 0.4574449956417084, 0.47449618577957153, 0.4178243577480316, 0.4763917624950409, 0.41783860325813293, 0.6341183185577393, 0.40768060088157654, 0.4103624224662781, 0.6140820384025574, 0.46406763792037964, 0.5446411967277527, 0.4816586375236511, 0.6995452642440796, 0.4137551784515381, 0.47156521677970886, 0.4268546402454376, 0.4561067819595337, 0.41859352588653564, 0.4109484553337097, 0.413155734539032, 0.42602160573005676, 0.422719269990921, 0.4922533333301544, 0.42662838101387024, 0.5213430523872375, 0.42338916659355164, 0.44196754693984985, 0.4351673424243927, 0.4092121422290802, 0.408066064119339, 0.41890498995780945, 0.6747860908508301, 0.4288672208786011, 0.45186832547187805, 0.4782809913158417, 0.43144431710243225, 0.41428548097610474, 0.45267170667648315, 0.44575610756874084, 0.5094723701477051, 0.41341087222099304, 0.41016852855682373, 0.48378852009773254, 0.43372997641563416, 0.4791804254055023, 0.4781416356563568, 0.44929268956184387, 0.42888301610946655, 0.4077403247356415, 0.4109339118003845, 0.43507975339889526, 0.41993996500968933, 0.5558386445045471, 0.42878010869026184, 0.40819355845451355, 0.5241559147834778, 0.418814092874527, 0.44906675815582275, 0.5031846761703491, 0.46221840381622314, 0.40725934505462646, 0.4623646140098572, 0.4102301001548767, 0.4819929897785187, 0.40979301929473877, 0.7881834506988525, 0.5531337857246399, 0.4079306721687317, 0.48693370819091797, 0.48671185970306396, 0.41762909293174744, 0.4291265606880188, 0.4120325446128845, 0.41352587938308716, 0.4337068796157837, 0.4957841634750366, 0.4295949935913086]",0.0,"[0.0, 0.0, 0.0, 0.0, 0.0, 0.0, 0.0, 0.0, 0.0, 0.0, 0.0, 0.0, 0.0, 0.0, 0.0, 0.0, 0.0, 0.0, 0.0, 0.0, 0.0, 0.0, 0.0, 0.0, 0.0, 0.0, 0.0, 0.0, 0.0, 0.0, 0.0, 0.0, 0.0, 0.0, 0.0, 0.0, 0.0, 0.0, 0.0, 0.0, 0.0, 0.0, 0.0, 0.0, 0.0, 0.0, 0.0, 0.0, 0.0, 0.0, 0.0, 0.0, 0.0, 0.0, 0.0, 0.0, 0.0, 0.0, 0.0, 0.0, 0.0, 0.0, 0.0, 0.0, 0.0, 0.0, 0.0, 0.0, 0.0, 0.0, 0.0, 0.0, 0.0, 0.0, 0.0, 0.0, 0.0, 0.0, 0.0, 0.0, 0.0, 0.0, 0.0, 0.0, 0.0, 0.0, 0.0, 0.0, 0.0, 0.0, 0.0, 0.0, 0.0, 0.0, 0.0, 0.0, 0.0, 0.0, 0.0, 0.0, 0.0, 0.0, 0.0, 0.0, 0.0, 0.0, 0.0, 0.0, 0.0, 0.0, 0.0, 0.0, 0.0, 0.0, 0.0, 0.0, 0.0, 0.0, 0.0, 0.0, 0.0, 0.0, 0.0, 0.0, 0.0, 0.0, 0.0, 0.0, 0.0, 0.0, 0.0, 0.0, 0.0, 0.0, 0.0, 0.0, 0.0, 0.0, 0.0, 0.0, 0.0, 0.0, 0.0, 0.0, 0.0, 0.0, 0.0, 0.0, 0.0, 0.0, 0.0, 0.0, 0.0, 0.0, 0.0, 0.0, 0.0, 0.0, 0.0, 0.0, 0.0, 0.0, 0.0, 0.0, 0.0, 0.0, 0.0, 0.0, 0.0, 0.0, 0.0, 0.0, 0.0, 0.0, 0.0, 0.0, 0.0, 0.0, 0.0, 0.0, 0.0, 0.0, 0.0, 0.0, 0.0, 0.0, 0.0, 0.0, 0.0, 0.0, 0.0, 0.0, 0.0, 0.0, 0.0, 0.0, 0.0, 0.0, 0.0, 0.0, 0.0, 0.0, 0.0, 0.0, 0.0, 0.0, 0.0, 0.0, 0.0, 0.0, 0.0, 0.0, 0.0, 0.0, 0.0, 0.0, 0.0, 0.0, 0.0, 0.0, 0.0, 0.0, 0.0, 0.0, 0.0, 0.0, 0.0, 0.0, 0.0, 0.0, 0.0, 0.0, 0.0, 0.0, 0.0, 0.0, 0.0, 0.0, 0.0, 0.0, 0.0, 0.0, 0.0, 0.0, 0.0, 0.0, 0.0, 0.0, 0.0, 0.0, 0.0, 0.0, 0.0, 0.0, 0.0, 0.0, 0.0, 0.0, 0.0, 0.0, 0.0, 0.0, 0.0, 0.0, 0.0, 0.0, 0.0, 0.0, 0.0, 0.0, 0.0, 0.0, 0.0, 0.0, 0.0, 0.0, 0.0, 0.0, 0.0, 0.0, 0.0, 0.0, 0.0, 0.0, 0.0, 0.0, 0.0, 0.0, 0.0, 0.0, 0.0, 0.0, 0.0, 0.0, 0.0, 0.0, 0.0, 0.0, 0.0, 0.0, 0.0, 0.0, 0.0, 0.0, 0.0, 0.0, 0.0, 0.0, 0.0, 0.0, 0.0, 0.0, 0.0, 0.0, 0.0, 0.0, 0.0, 0.0, 0.0, 0.0, 0.0, 0.0, 0.0, 0.0, 0.0, 0.0, 0.0, 0.0, 0.0, 0.0, 0.0, 0.0, 0.0, 0.0, 0.0, 0.0, 0.0, 0.0, 0.0, 0.0, 0.0, 0.0, 0.0, 0.0, 0.0, 0.0, 0.0, 0.0, 0.0, 0.0, 0.0, 0.0, 0.0, 0.0, 0.0, 0.0, 0.0, 0.0, 0.0, 0.0, 0.0, 0.0, 0.0, 0.0, 0.0, 0.0, 0.0, 0.0, 0.0, 0.0, 0.0, 0.0, 0.0, 0.0, 0.0, 0.0, 0.0, 0.0, 0.0, 0.0]",COMPLETE
