,number,value,datetime_start,datetime_complete,duration,params_batch_size_scaler,params_constant_learning_rate,params_depth,params_epochs,params_kernel_l2,params_num_trees,params_temperature,user_attrs_accuracy_test,user_attrs_accuracy_valid,user_attrs_approximate_feature_sparsity,user_attrs_approximate_feature_sparsity_history,user_attrs_approximate_weight_sparsity,user_attrs_approximate_weight_sparsity_history,user_attrs_auc_test,user_attrs_auc_valid,user_attrs_feature_sparsity,user_attrs_feature_sparsity_history,user_attrs_num_epochs,user_attrs_val_loss_history,user_attrs_weight_sparsity,user_attrs_weight_sparsity_history,state
11,11,0.872009892955134,2024-08-31 01:03:39.701058,2024-08-31 01:05:08.417671,0 days 00:01:28.716613,4,0.6688465225144649,4,90,0.0593980322686526,83,0.00293628699082,0.894,0.89875,5,"[33, 33, 33, 33, 10, 6, 6, 6, 6, 6, 6, 5, 5, 5, 5, 5, 5, 5, 5, 5, 5, 5, 5, 5, 5, 5, 5, 5, 5, 5, 5, 5, 5, 5, 5, 5, 5, 5, 5, 5, 5, 5, 5, 5, 5, 5, 5, 5, 5, 5, 5, 5, 5, 5, 5, 5, 5, 5, 5, 5, 5, 5, 5, 5, 5, 5, 5, 5, 5, 5, 5, 5, 5, 5, 5, 5, 5, 5, 5, 5, 5, 5, 5, 5, 5, 5, 5, 5, 5, 5]",4.995180722891567,"[32.93975903614458, 32.95582329317269, 32.94779116465863, 32.93815261044177, 9.986345381526105, 5.993574297188756, 5.995180722891567, 5.991164658634538, 5.9879518072289155, 5.989558232931727, 5.995180722891567, 4.996787148594378, 4.995983935742972, 4.991967871485944, 4.995983935742972, 4.99437751004016, 4.992771084337349, 4.991164658634538, 4.992771084337349, 4.991967871485944, 4.991967871485944, 4.99277108433735, 4.99277108433735, 4.991164658634538, 4.992771084337349, 4.991164658634538, 4.991164658634538, 4.990361445783132, 4.990361445783132, 4.988755020080322, 4.988755020080321, 4.991967871485944, 4.990361445783133, 4.993574297188755, 4.99437751004016, 4.992771084337349, 4.99277108433735, 4.989558232931727, 4.993574297188755, 4.989558232931727, 4.991967871485945, 4.99437751004016, 4.991967871485945, 4.990361445783132, 4.989558232931727, 4.99437751004016, 4.99437751004016, 4.988755020080321, 4.990361445783132, 4.99437751004016, 4.993574297188755, 4.995180722891567, 4.990361445783133, 4.99277108433735, 4.991967871485944, 4.995180722891567, 4.994377510040161, 4.99277108433735, 4.990361445783132, 4.99277108433735, 4.992771084337349, 4.993574297188755, 4.990361445783132, 4.993574297188755, 4.991967871485945, 4.991967871485944, 4.991967871485944, 4.995180722891567, 4.992771084337349, 4.989558232931727, 4.990361445783132, 4.99437751004016, 4.991967871485944, 4.99277108433735, 4.991164658634538, 4.991967871485944, 4.991967871485944, 4.994377510040161, 4.991164658634538, 4.991164658634538, 4.99277108433735, 4.994377510040161, 4.988755020080322, 4.991967871485944, 4.995180722891567, 4.992771084337349, 4.993574297188755, 4.98714859437751, 4.991967871485944, 4.995180722891567]",0.8651697916924678,0.872009892955134,5,"[33, 33, 33, 33, 10, 6, 6, 6, 6, 6, 6, 5, 5, 5, 5, 5, 5, 5, 5, 5, 5, 5, 5, 5, 5, 5, 5, 5, 5, 5, 5, 5, 5, 5, 5, 5, 5, 5, 5, 5, 5, 5, 5, 5, 5, 5, 5, 5, 5, 5, 5, 5, 5, 5, 5, 5, 5, 5, 5, 5, 5, 5, 5, 5, 5, 5, 5, 5, 5, 5, 5, 5, 5, 5, 5, 5, 5, 5, 5, 5, 5, 5, 5, 5, 5, 5, 5, 5, 5, 5]",90,"[0.3693355619907379, 0.3645811080932617, 0.34602680802345276, 0.33986595273017883, 0.3457620143890381, 0.34392422437667847, 0.3442460000514984, 0.3416427969932556, 0.34626784920692444, 0.32455891370773315, 0.31913113594055176, 0.319807231426239, 0.30759134888648987, 0.30840691924095154, 0.30294880270957947, 0.3164602518081665, 0.29694458842277527, 0.29518139362335205, 0.3000010848045349, 0.3037276864051819, 0.2925341725349426, 0.29304686188697815, 0.2915014922618866, 0.2995940148830414, 0.29304414987564087, 0.2886351943016052, 0.28804993629455566, 0.2877720892429352, 0.2873920500278473, 0.2861943244934082, 0.2851702868938446, 0.2890438735485077, 0.28442564606666565, 0.28550034761428833, 0.28467997908592224, 0.29453957080841064, 0.2823358178138733, 0.2844434082508087, 0.28360697627067566, 0.2837781012058258, 0.2807605266571045, 0.2833859920501709, 0.28691792488098145, 0.28011953830718994, 0.2815331518650055, 0.2787678837776184, 0.2997574508190155, 0.28724318742752075, 0.2778903841972351, 0.279976487159729, 0.27934202551841736, 0.27700260281562805, 0.27947619557380676, 0.2757376730442047, 0.2800307273864746, 0.2786118984222412, 0.2862820625305176, 0.27773016691207886, 0.27426066994667053, 0.2753792405128479, 0.2771981954574585, 0.291267991065979, 0.27405697107315063, 0.2742781937122345, 0.2729721963405609, 0.2796308696269989, 0.2814650237560272, 0.2741403877735138, 0.27345213294029236, 0.2719096839427948, 0.272076278924942, 0.2719385623931885, 0.2720280885696411, 0.27587735652923584, 0.274320513010025, 0.272221177816391, 0.28112924098968506, 0.2733370363712311, 0.2744607627391815, 0.2729139029979706, 0.2733219265937805, 0.27654874324798584, 0.2717808485031128, 0.2696969211101532, 0.27141764760017395, 0.27073556184768677, 0.26993808150291443, 0.27184760570526123, 0.27354058623313904, 0.2695150077342987]",5.0,"[33.0, 33.0, 33.0, 33.0, 10.0, 6.0, 6.0, 6.0, 6.0, 6.0, 6.0, 5.0, 5.0, 5.0, 5.0, 5.0, 5.0, 5.0, 5.0, 5.0, 5.0, 5.0, 5.0, 5.0, 5.0, 5.0, 5.0, 5.0, 5.0, 5.0, 5.0, 5.0, 5.0, 5.0, 5.0, 5.0, 5.0, 5.0, 5.0, 5.0, 5.0, 5.0, 5.0, 5.0, 5.0, 5.0, 5.0, 5.0, 5.0, 5.0, 5.0, 5.0, 5.0, 5.0, 5.0, 5.0, 5.0, 5.0, 5.0, 5.0, 5.0, 5.0, 5.0, 5.0, 5.0, 5.0, 5.0, 5.0, 5.0, 5.0, 5.0, 5.0, 5.0, 5.0, 5.0, 5.0, 5.0, 5.0, 5.0, 5.0, 5.0, 5.0, 5.0, 5.0, 5.0, 5.0, 5.0, 5.0, 5.0, 5.0]",COMPLETE
12,12,0.9135912200023186,2024-08-31 01:05:08.742213,2024-08-31 01:06:15.059043,0 days 00:01:06.316830,4,0.02146591688144996,1,315,0.007682753792264439,28,0.0003646360758885288,0.92,0.9125,33,"[33, 33, 33, 33, 33, 33, 33, 33, 33, 33, 33, 33, 33, 33, 33, 33, 33, 33, 33, 33, 33, 33, 33, 33, 33, 33, 33, 33, 33, 33, 33, 33, 33, 33, 33, 33, 33, 33, 33, 33, 33, 33, 33, 33, 33, 33, 33, 33, 33, 33, 33, 33, 33, 33, 33, 33, 33, 33, 33, 33, 33, 33, 33, 33, 33, 33, 33, 33, 33, 33, 33, 33, 33, 33, 33, 33, 33, 33, 33, 33, 33, 33, 33, 33, 33, 33, 33, 33, 33, 33, 33, 33, 33, 33, 33, 33, 33, 33, 33, 33, 33, 33, 33, 33, 33, 33, 33, 33, 33, 33, 33, 33, 33, 33, 33, 33, 33, 33, 33, 33, 33, 33, 33, 33, 33, 33, 33, 33, 33, 33, 33, 33, 33, 33, 33, 33, 33, 33, 33, 33, 33, 33, 33, 33, 33, 33, 33, 33, 33, 33, 33, 33, 33, 33, 33, 33, 33, 33, 33, 33, 33, 33, 33, 33, 33, 33, 33, 33, 33, 33, 33, 33, 33, 33, 33, 33, 33, 33, 33, 33, 33, 33, 33, 33, 33, 33, 33, 33, 33, 33, 33, 33, 33, 33, 33, 33, 33, 33, 33, 33, 33, 33, 33, 33, 33, 33, 33, 33, 33, 33, 33, 33, 33, 33, 33, 33, 33, 33, 33, 33, 33, 33, 33, 33, 33, 33, 33, 33, 33, 33, 33, 33, 33, 33, 33, 33, 33, 33, 33, 33, 33, 33, 33, 33, 33, 33, 33, 33, 33, 33, 33, 33, 33, 33, 33, 33, 33, 33, 33, 33, 33, 33, 33, 33, 33, 33, 33, 33, 33, 33, 33, 33, 33, 33, 33, 33, 33, 33, 33, 33, 33, 33, 33, 33, 33, 33, 33, 33, 33, 33, 33, 33, 33, 33, 33, 33, 33, 33, 33, 33, 33, 33, 33, 33, 33, 33, 33, 33, 33, 33, 33, 33, 33, 33, 33]",33.0,"[33.0, 33.0, 33.0, 33.0, 33.0, 33.0, 32.964285714285715, 32.964285714285715, 33.0, 33.0, 32.964285714285715, 33.0, 33.0, 33.0, 32.964285714285715, 32.92857142857143, 32.964285714285715, 33.0, 33.0, 33.0, 32.964285714285715, 32.964285714285715, 33.0, 33.0, 33.0, 33.0, 32.964285714285715, 33.0, 33.0, 33.0, 33.0, 33.0, 33.0, 33.0, 33.0, 32.964285714285715, 33.0, 33.0, 33.0, 33.0, 33.0, 33.0, 33.0, 33.0, 33.0, 32.964285714285715, 33.0, 33.0, 33.0, 33.0, 33.0, 33.0, 33.0, 33.0, 33.0, 33.0, 33.0, 33.0, 33.0, 33.0, 33.0, 33.0, 33.0, 33.0, 33.0, 33.0, 33.0, 33.0, 33.0, 33.0, 33.0, 33.0, 33.0, 33.0, 33.0, 32.964285714285715, 32.964285714285715, 33.0, 33.0, 33.0, 33.0, 33.0, 33.0, 33.0, 33.0, 33.0, 33.0, 32.964285714285715, 32.964285714285715, 32.964285714285715, 32.92857142857143, 32.964285714285715, 32.964285714285715, 32.964285714285715, 32.964285714285715, 32.964285714285715, 32.964285714285715, 32.964285714285715, 32.964285714285715, 32.964285714285715, 33.0, 32.964285714285715, 33.0, 33.0, 33.0, 33.0, 33.0, 32.964285714285715, 33.0, 33.0, 33.0, 33.0, 33.0, 33.0, 33.0, 33.0, 33.0, 33.0, 33.0, 32.964285714285715, 32.964285714285715, 33.0, 33.0, 33.0, 33.0, 33.0, 33.0, 33.0, 33.0, 33.0, 33.0, 33.0, 32.964285714285715, 32.964285714285715, 33.0, 33.0, 33.0, 33.0, 33.0, 33.0, 33.0, 32.964285714285715, 32.964285714285715, 33.0, 33.0, 33.0, 33.0, 33.0, 33.0, 33.0, 32.964285714285715, 32.964285714285715, 33.0, 32.964285714285715, 32.964285714285715, 32.964285714285715, 32.92857142857143, 33.0, 32.92857142857143, 33.0, 33.0, 33.0, 33.0, 33.0, 33.0, 33.0, 33.0, 33.0, 33.0, 33.0, 32.964285714285715, 33.0, 33.0, 33.0, 33.0, 33.0, 33.0, 33.0, 32.964285714285715, 32.964285714285715, 33.0, 33.0, 33.0, 33.0, 33.0, 33.0, 33.0, 33.0, 33.0, 33.0, 32.964285714285715, 33.0, 33.0, 33.0, 33.0, 33.0, 33.0, 32.964285714285715, 32.964285714285715, 32.92857142857143, 33.0, 33.0, 33.0, 32.964285714285715, 33.0, 33.0, 33.0, 32.964285714285715, 32.964285714285715, 33.0, 33.0, 33.0, 33.0, 33.0, 33.0, 33.0, 33.0, 33.0, 33.0, 33.0, 33.0, 33.0, 32.964285714285715, 33.0, 33.0, 32.964285714285715, 32.964285714285715, 32.964285714285715, 32.964285714285715, 32.964285714285715, 32.964285714285715, 32.964285714285715, 32.964285714285715, 32.964285714285715, 32.92857142857143, 32.964285714285715, 32.964285714285715, 32.92857142857143, 32.964285714285715, 32.892857142857146, 32.892857142857146, 32.964285714285715, 32.892857142857146, 33.0, 32.964285714285715, 32.92857142857143, 32.964285714285715, 33.0, 33.0, 33.0, 33.0, 33.0, 33.0, 33.0, 33.0, 33.0, 33.0, 33.0, 33.0, 32.964285714285715, 32.964285714285715, 32.964285714285715, 33.0, 33.0, 33.0, 33.0, 32.964285714285715, 33.0, 33.0, 33.0, 33.0, 33.0, 33.0, 33.0, 33.0, 33.0, 33.0, 33.0, 33.0, 32.964285714285715, 32.964285714285715, 33.0, 33.0, 33.0, 32.964285714285715, 33.0, 33.0, 32.964285714285715, 32.964285714285715, 32.964285714285715, 32.92857142857143, 32.964285714285715, 32.92857142857143, 32.964285714285715, 33.0, 33.0, 33.0, 33.0, 33.0, 33.0, 33.0, 33.0, 32.964285714285715, 32.92857142857143, 32.964285714285715, 32.892857142857146, 32.964285714285715, 32.964285714285715, 32.964285714285715, 32.964285714285715, 33.0, 33.0, 33.0, 33.0, 33.0]",0.9026742294767954,0.9135912200023186,33,"[33, 33, 33, 33, 33, 33, 33, 33, 33, 33, 33, 33, 33, 33, 33, 33, 33, 33, 33, 33, 33, 33, 33, 33, 33, 33, 33, 33, 33, 33, 33, 33, 33, 33, 33, 33, 33, 33, 33, 33, 33, 33, 33, 33, 33, 33, 33, 33, 33, 33, 33, 33, 33, 33, 33, 33, 33, 33, 33, 33, 33, 33, 33, 33, 33, 33, 33, 33, 33, 33, 33, 33, 33, 33, 33, 33, 33, 33, 33, 33, 33, 33, 33, 33, 33, 33, 33, 33, 33, 33, 33, 33, 33, 33, 33, 33, 33, 33, 33, 33, 33, 33, 33, 33, 33, 33, 33, 33, 33, 33, 33, 33, 33, 33, 33, 33, 33, 33, 33, 33, 33, 33, 33, 33, 33, 33, 33, 33, 33, 33, 33, 33, 33, 33, 33, 33, 33, 33, 33, 33, 33, 33, 33, 33, 33, 33, 33, 33, 33, 33, 33, 33, 33, 33, 33, 33, 33, 33, 33, 33, 33, 33, 33, 33, 33, 33, 33, 33, 33, 33, 33, 33, 33, 33, 33, 33, 33, 33, 33, 33, 33, 33, 33, 33, 33, 33, 33, 33, 33, 33, 33, 33, 33, 33, 33, 33, 33, 33, 33, 33, 33, 33, 33, 33, 33, 33, 33, 33, 33, 33, 33, 33, 33, 33, 33, 33, 33, 33, 33, 33, 33, 33, 33, 33, 33, 33, 33, 33, 33, 33, 33, 33, 33, 33, 33, 33, 33, 33, 33, 33, 33, 33, 33, 33, 33, 33, 33, 33, 33, 33, 33, 33, 33, 33, 33, 33, 33, 33, 33, 33, 33, 33, 33, 33, 33, 33, 33, 33, 33, 33, 33, 33, 33, 33, 33, 33, 33, 33, 33, 33, 33, 33, 33, 33, 33, 33, 33, 33, 33, 33, 33, 33, 33, 33, 33, 33, 33, 33, 33, 33, 33, 33, 33, 33, 33, 33, 33, 33, 33, 33, 33, 33, 33, 33, 33]",315,"[0.4152975082397461, 0.40938007831573486, 0.40456172823905945, 0.40068936347961426, 0.3976866900920868, 0.3944872319698334, 0.3925940990447998, 0.3899856209754944, 0.38833698630332947, 0.38671913743019104, 0.3851856589317322, 0.38379040360450745, 0.3824576437473297, 0.3814581334590912, 0.3802664875984192, 0.3794694244861603, 0.3786686360836029, 0.37783920764923096, 0.3768722116947174, 0.37631264328956604, 0.3753970265388489, 0.37473002076148987, 0.3737078011035919, 0.37290331721305847, 0.3721342086791992, 0.3714848756790161, 0.37085428833961487, 0.37018021941185, 0.3694189786911011, 0.36872828006744385, 0.3685998022556305, 0.3675846457481384, 0.36709389090538025, 0.36613577604293823, 0.36550116539001465, 0.36485350131988525, 0.3642393946647644, 0.363916277885437, 0.36301669478416443, 0.362629771232605, 0.36178863048553467, 0.36126309633255005, 0.36061450839042664, 0.36021140217781067, 0.3597702085971832, 0.3591247498989105, 0.3582286536693573, 0.35813772678375244, 0.3570297658443451, 0.3564823269844055, 0.3563045859336853, 0.3555161952972412, 0.3550277054309845, 0.3542271852493286, 0.3536573052406311, 0.35329610109329224, 0.3526165783405304, 0.35204780101776123, 0.3518041670322418, 0.35093170404434204, 0.3504866063594818, 0.3503533601760864, 0.3498395085334778, 0.34880897402763367, 0.34901177883148193, 0.34780076146125793, 0.34734320640563965, 0.346888929605484, 0.34643545746803284, 0.34570831060409546, 0.3451564311981201, 0.34478217363357544, 0.3441940248012543, 0.343941330909729, 0.34327271580696106, 0.3428596556186676, 0.342382550239563, 0.34181278944015503, 0.34259092807769775, 0.34101414680480957, 0.3407081961631775, 0.34010106325149536, 0.33958330750465393, 0.33902499079704285, 0.33862069249153137, 0.3384820818901062, 0.33773958683013916, 0.33795109391212463, 0.33669936656951904, 0.3366226553916931, 0.3357982337474823, 0.3352745771408081, 0.3356786072254181, 0.3344514071941376, 0.33477145433425903, 0.33354416489601135, 0.33364978432655334, 0.3332662880420685, 0.3322455585002899, 0.3315345346927643, 0.3310810923576355, 0.330677330493927, 0.33010023832321167, 0.3299802839756012, 0.3292311131954193, 0.3286983370780945, 0.3285936117172241, 0.32857945561408997, 0.32731789350509644, 0.3273048400878906, 0.3262092173099518, 0.325713574886322, 0.32516756653785706, 0.32472899556159973, 0.32457828521728516, 0.3240174949169159, 0.3231881856918335, 0.3224959671497345, 0.3218500018119812, 0.3212011456489563, 0.321462482213974, 0.3206532299518585, 0.31965044140815735, 0.31888893246650696, 0.31819769740104675, 0.3176630139350891, 0.31698793172836304, 0.3162716329097748, 0.31570538878440857, 0.3152983784675598, 0.3143027126789093, 0.3133547902107239, 0.31297793984413147, 0.311898410320282, 0.31136202812194824, 0.3106323480606079, 0.3097226917743683, 0.3090057671070099, 0.3081517517566681, 0.3082555830478668, 0.30694758892059326, 0.3058335781097412, 0.3049837350845337, 0.3041622042655945, 0.30341994762420654, 0.3025640845298767, 0.3018856942653656, 0.30093902349472046, 0.3000830113887787, 0.2994769811630249, 0.29958951473236084, 0.2985066771507263, 0.29686373472213745, 0.2958826720714569, 0.2950458228588104, 0.29435527324676514, 0.29373735189437866, 0.2926941215991974, 0.29190054535865784, 0.29101675748825073, 0.29021918773651123, 0.2900228798389435, 0.28842493891716003, 0.2878256142139435, 0.2869454324245453, 0.2862016558647156, 0.2855443060398102, 0.2847805917263031, 0.2840573787689209, 0.28296732902526855, 0.2831091284751892, 0.28142109513282776, 0.2808320224285126, 0.28006216883659363, 0.27933087944984436, 0.27832597494125366, 0.2777213752269745, 0.276877224445343, 0.276358038187027, 0.2754662036895752, 0.27493926882743835, 0.2742151618003845, 0.2736940383911133, 0.27337345480918884, 0.2728649377822876, 0.27182430028915405, 0.27113816142082214, 0.27038249373435974, 0.2698376774787903, 0.2707797884941101, 0.2687709629535675, 0.2679801285266876, 0.2673526108264923, 0.26673299074172974, 0.2667314112186432, 0.2666153013706207, 0.2652376592159271, 0.2647107243537903, 0.2641024887561798, 0.2636270821094513, 0.26312223076820374, 0.2625269293785095, 0.26216819882392883, 0.2615963816642761, 0.26093074679374695, 0.26069962978363037, 0.2601388394832611, 0.25977057218551636, 0.2591649889945984, 0.2587462365627289, 0.25834745168685913, 0.25899413228034973, 0.25741827487945557, 0.2573040723800659, 0.25653183460235596, 0.2564014196395874, 0.25585150718688965, 0.25548848509788513, 0.2550557851791382, 0.2545360028743744, 0.2542242705821991, 0.2541216015815735, 0.2537539601325989, 0.2533073425292969, 0.2531653344631195, 0.25277167558670044, 0.25251349806785583, 0.25225546956062317, 0.25159934163093567, 0.2514055371284485, 0.2510676085948944, 0.2505897581577301, 0.2505532205104828, 0.2497597485780716, 0.25029563903808594, 0.24938809871673584, 0.24898330867290497, 0.2487509548664093, 0.2483828216791153, 0.24804158508777618, 0.2479558140039444, 0.24778810143470764, 0.2474808543920517, 0.24711908400058746, 0.24689312279224396, 0.24662767350673676, 0.2465607225894928, 0.2462388426065445, 0.24602340161800385, 0.24557334184646606, 0.2461203932762146, 0.24543815851211548, 0.24528303742408752, 0.24450112879276276, 0.24487809836864471, 0.24453352391719818, 0.24402187764644623, 0.2436540573835373, 0.24346806108951569, 0.24359802901744843, 0.24342061579227448, 0.24316370487213135, 0.24326792359352112, 0.24368934333324432, 0.24248573184013367, 0.24220314621925354, 0.2419457882642746, 0.24221782386302948, 0.24180752038955688, 0.24205173552036285, 0.24150624871253967, 0.241675466299057, 0.2409810870885849, 0.24053286015987396, 0.24059076607227325, 0.2421146035194397, 0.2405110001564026, 0.24108171463012695, 0.2398868054151535, 0.23999547958374023, 0.2398032695055008, 0.23932455480098724, 0.23935967683792114, 0.23910292983055115, 0.23881474137306213, 0.23876787722110748, 0.238603413105011, 0.23840351402759552, 0.23839573562145233, 0.23826728761196136, 0.23908261954784393, 0.23814406991004944, 0.23871231079101562, 0.23755502700805664, 0.2381221354007721, 0.23761777579784393, 0.2379484623670578, 0.23755092918872833, 0.23693102598190308, 0.2369300276041031, 0.23777030408382416, 0.2368258833885193, 0.23647402226924896, 0.23622183501720428, 0.23637992143630981, 0.23606377840042114, 0.23671716451644897, 0.23598726093769073, 0.23620545864105225, 0.23646999895572662, 0.23563966155052185, 0.23622463643550873, 0.23579895496368408, 0.23552781343460083, 0.23537912964820862]",33.0,"[33.0, 33.0, 33.0, 33.0, 33.0, 33.0, 33.0, 33.0, 33.0, 33.0, 33.0, 33.0, 33.0, 33.0, 33.0, 33.0, 33.0, 33.0, 33.0, 33.0, 33.0, 33.0, 33.0, 33.0, 33.0, 33.0, 33.0, 33.0, 33.0, 33.0, 33.0, 33.0, 33.0, 33.0, 33.0, 33.0, 33.0, 33.0, 33.0, 33.0, 33.0, 33.0, 33.0, 33.0, 33.0, 33.0, 33.0, 33.0, 33.0, 33.0, 33.0, 33.0, 33.0, 33.0, 33.0, 33.0, 33.0, 33.0, 33.0, 33.0, 33.0, 33.0, 33.0, 33.0, 33.0, 33.0, 33.0, 33.0, 33.0, 33.0, 33.0, 33.0, 33.0, 33.0, 33.0, 33.0, 33.0, 33.0, 33.0, 33.0, 33.0, 33.0, 33.0, 33.0, 33.0, 33.0, 33.0, 33.0, 33.0, 33.0, 33.0, 33.0, 33.0, 33.0, 33.0, 33.0, 33.0, 33.0, 33.0, 33.0, 33.0, 33.0, 33.0, 33.0, 33.0, 33.0, 33.0, 33.0, 33.0, 33.0, 33.0, 33.0, 33.0, 33.0, 33.0, 33.0, 33.0, 33.0, 33.0, 33.0, 33.0, 33.0, 33.0, 33.0, 33.0, 33.0, 33.0, 33.0, 33.0, 33.0, 33.0, 33.0, 33.0, 33.0, 33.0, 33.0, 33.0, 33.0, 33.0, 33.0, 33.0, 33.0, 33.0, 33.0, 33.0, 33.0, 33.0, 33.0, 33.0, 33.0, 33.0, 33.0, 33.0, 33.0, 33.0, 33.0, 33.0, 33.0, 33.0, 33.0, 33.0, 33.0, 33.0, 33.0, 33.0, 33.0, 33.0, 33.0, 33.0, 33.0, 33.0, 33.0, 33.0, 33.0, 33.0, 33.0, 33.0, 33.0, 33.0, 33.0, 33.0, 33.0, 33.0, 33.0, 33.0, 33.0, 33.0, 33.0, 33.0, 33.0, 33.0, 33.0, 33.0, 33.0, 33.0, 33.0, 33.0, 33.0, 33.0, 33.0, 33.0, 33.0, 33.0, 33.0, 33.0, 33.0, 33.0, 33.0, 33.0, 33.0, 33.0, 33.0, 33.0, 33.0, 33.0, 33.0, 33.0, 33.0, 33.0, 33.0, 33.0, 33.0, 33.0, 33.0, 33.0, 33.0, 33.0, 33.0, 33.0, 33.0, 33.0, 33.0, 33.0, 33.0, 33.0, 33.0, 33.0, 33.0, 33.0, 33.0, 33.0, 33.0, 33.0, 33.0, 33.0, 33.0, 33.0, 33.0, 33.0, 33.0, 33.0, 33.0, 33.0, 33.0, 33.0, 33.0, 33.0, 33.0, 33.0, 33.0, 33.0, 33.0, 33.0, 33.0, 33.0, 33.0, 33.0, 33.0, 33.0, 33.0, 33.0, 33.0, 33.0, 33.0, 33.0, 33.0, 33.0, 33.0, 33.0, 33.0, 33.0, 33.0, 33.0, 33.0, 33.0, 33.0, 33.0, 33.0, 33.0, 33.0, 33.0, 33.0, 33.0, 33.0, 33.0, 33.0, 33.0, 33.0, 33.0, 33.0, 33.0, 33.0, 33.0, 33.0, 33.0, 33.0, 33.0, 33.0, 33.0, 33.0, 33.0, 33.0, 33.0, 33.0, 33.0]",COMPLETE
