,number,value,datetime_start,datetime_complete,duration,params_batch_size_scaler,params_constant_learning_rate,params_depth,params_epochs,params_kernel_l2,params_num_trees,params_temperature,user_attrs_accuracy_test,user_attrs_accuracy_valid,user_attrs_approximate_feature_sparsity,user_attrs_approximate_feature_sparsity_history,user_attrs_approximate_weight_sparsity,user_attrs_approximate_weight_sparsity_history,user_attrs_auc_test,user_attrs_auc_valid,user_attrs_feature_sparsity,user_attrs_feature_sparsity_history,user_attrs_num_epochs,user_attrs_val_loss_history,user_attrs_weight_sparsity,user_attrs_weight_sparsity_history,state
90,90,0.6973889296801536,2024-08-31 04:11:53.912720,2024-08-31 04:13:08.191133,0 days 00:01:14.278413,4,9.704454137140521,1,265,0.008293973414797245,73,0.04423157862212681,0.896,0.88625,21,"[14, 14, 14, 14, 14, 14, 14, 14, 14, 14, 14, 14, 14, 14, 14, 14, 14, 14, 14, 14, 16, 16, 16, 16, 16, 16, 16, 16, 16, 16, 16, 16, 16, 16, 16, 16, 16, 16, 16, 16, 16, 16, 16, 16, 16, 16, 16, 16, 16, 16, 16, 16, 16, 16, 16, 16, 16, 18, 18, 18, 18, 18, 18, 18, 18, 18, 18, 18, 18, 18, 18, 18, 18, 18, 18, 18, 18, 18, 18, 18, 18, 18, 18, 18, 18, 18, 18, 18, 18, 18, 18, 18, 18, 18, 18, 18, 18, 18, 18, 18, 18, 18, 18, 18, 18, 18, 18, 18, 18, 18, 18, 18, 18, 18, 18, 18, 18, 18, 18, 18, 18, 18, 18, 18, 18, 18, 18, 18, 18, 18, 18, 18, 18, 18, 18, 19, 20, 20, 20, 20, 20, 20, 20, 20, 20, 20, 20, 20, 20, 20, 20, 20, 20, 20, 20, 20, 20, 20, 20, 20, 20, 20, 20, 20, 20, 20, 20, 20, 20, 20, 20, 20, 20, 20, 20, 20, 20, 20, 20, 20, 20, 20, 20, 20, 20, 20, 20, 20, 20, 20, 20, 20, 20, 20, 20, 20, 20, 20, 20, 20, 20, 20, 21, 21, 21, 21, 21, 21, 21, 21, 21, 21, 21, 21, 21, 21, 21, 21, 21, 21, 21, 21, 21, 21, 21, 21, 21, 21, 21, 21, 21, 21, 21, 21, 21, 21, 21, 21, 21, 21, 21, 21, 21, 21, 21, 21, 21, 21, 21, 21, 21, 21, 21, 21, 21, 21, 21, 21, 21, 21, 21, 21, 21, 21, 21]",18.95890410958904,"[14.0, 14.0, 14.0, 14.0, 14.0, 14.0, 14.0, 14.0, 14.0, 14.0, 14.0, 14.0, 14.0, 14.0, 14.0, 14.0, 14.0, 14.0, 14.0, 14.0, 15.972602739726028, 16.0, 16.0, 16.0, 16.0, 16.0, 16.0, 16.0, 16.0, 16.0, 16.0, 16.0, 16.0, 16.0, 16.0, 16.0, 15.986301369863014, 16.0, 16.0, 16.0, 16.0, 16.0, 16.0, 16.0, 16.0, 16.0, 15.986301369863014, 16.0, 16.0, 16.0, 16.0, 16.0, 15.986301369863014, 16.0, 15.972602739726028, 16.0, 15.986301369863014, 17.945205479452056, 17.93150684931507, 17.945205479452056, 17.93150684931507, 17.91780821917808, 17.93150684931507, 17.945205479452056, 17.945205479452056, 17.945205479452056, 17.931506849315067, 17.945205479452056, 17.945205479452056, 17.945205479452056, 17.945205479452056, 17.945205479452056, 17.945205479452056, 17.945205479452056, 17.945205479452056, 17.945205479452056, 17.945205479452056, 17.945205479452056, 17.93150684931507, 17.945205479452056, 17.945205479452056, 17.945205479452056, 17.945205479452056, 17.945205479452056, 17.945205479452056, 17.945205479452056, 17.945205479452056, 17.945205479452056, 17.91780821917808, 17.93150684931507, 17.945205479452056, 17.945205479452056, 17.945205479452056, 17.945205479452056, 17.945205479452056, 17.945205479452056, 17.93150684931507, 17.93150684931507, 17.87671232876712, 17.917808219178085, 17.93150684931507, 17.917808219178085, 17.93150684931507, 17.917808219178085, 17.91780821917808, 17.93150684931507, 17.93150684931507, 17.93150684931507, 17.89041095890411, 17.87671232876712, 17.890410958904106, 17.863013698630134, 17.904109589041095, 17.87671232876712, 17.904109589041095, 17.890410958904106, 17.835616438356162, 17.863013698630134, 17.863013698630134, 17.890410958904106, 17.87671232876712, 17.863013698630134, 17.863013698630134, 17.87671232876712, 17.835616438356162, 17.821917808219176, 17.73972602739726, 17.726027397260275, 17.753424657534246, 17.753424657534246, 17.72602739726027, 17.72602739726027, 17.671232876712327, 17.602739726027398, 17.589041095890412, 18.438356164383563, 19.397260273972602, 19.38356164383562, 19.41095890410959, 19.397260273972602, 19.397260273972606, 19.397260273972606, 19.397260273972606, 19.383561643835616, 19.32876712328767, 19.342465753424655, 19.356164383561644, 19.397260273972606, 19.369863013698634, 19.38356164383562, 19.38356164383562, 19.38356164383562, 19.38356164383562, 19.38356164383562, 19.36986301369863, 19.369863013698634, 19.38356164383562, 19.356164383561644, 19.356164383561644, 19.32876712328767, 19.315068493150683, 19.28767123287671, 19.28767123287671, 19.273972602739725, 19.26027397260274, 19.28767123287671, 19.28767123287671, 19.273972602739725, 19.26027397260274, 19.28767123287671, 19.26027397260274, 19.232876712328768, 19.246575342465754, 19.232876712328768, 19.26027397260274, 19.21917808219178, 19.15068493150685, 19.17808219178082, 19.19178082191781, 19.164383561643834, 19.136986301369863, 19.164383561643834, 19.136986301369863, 19.15068493150685, 19.15068493150685, 19.082191780821915, 19.10958904109589, 19.013698630136986, 19.054794520547944, 19.013698630136986, 19.027397260273972, 19.0, 18.986301369863014, 19.027397260273972, 18.986301369863014, 18.986301369863014, 19.0, 18.972602739726028, 18.958904109589042, 18.931506849315067, 18.945205479452056, 18.91780821917808, 19.78082191780822, 19.821917808219176, 19.794520547945204, 19.753424657534246, 19.78082191780822, 19.753424657534246, 19.767123287671232, 19.753424657534246, 19.753424657534246, 19.767123287671232, 19.71232876712329, 19.753424657534246, 19.73972602739726, 19.753424657534246, 19.726027397260275, 19.698630136986303, 19.726027397260275, 19.67123287671233, 19.671232876712327, 19.643835616438356, 19.63013698630137, 19.671232876712327, 19.698630136986303, 19.671232876712327, 19.65753424657534, 19.616438356164384, 19.65753424657534, 19.575342465753423, 19.575342465753423, 19.561643835616437, 19.54794520547945, 19.506849315068493, 19.506849315068493, 19.493150684931507, 19.452054794520546, 19.493150684931507, 19.465753424657535, 19.424657534246577, 19.438356164383563, 19.35616438356164, 19.342465753424655, 19.32876712328767, 19.28767123287671, 19.232876712328768, 19.205479452054796, 19.205479452054796, 19.21917808219178, 19.19178082191781, 19.136986301369866, 19.10958904109589, 19.095890410958905, 19.082191780821915, 19.013698630136986, 19.013698630136986, 19.013698630136986, 18.986301369863014, 18.958904109589042, 18.986301369863014, 18.986301369863014, 18.986301369863014, 18.986301369863014, 18.945205479452053, 18.95890410958904]",0.728159908849974,0.6973889296801536,21,"[14, 14, 14, 14, 14, 14, 14, 14, 14, 14, 14, 14, 14, 14, 14, 14, 14, 14, 14, 14, 16, 16, 16, 16, 16, 16, 16, 16, 16, 16, 16, 16, 16, 16, 16, 16, 16, 16, 16, 16, 16, 16, 16, 16, 16, 16, 16, 16, 16, 16, 16, 16, 16, 16, 16, 16, 16, 18, 18, 18, 18, 18, 18, 18, 18, 18, 18, 18, 18, 18, 18, 18, 18, 18, 18, 18, 18, 18, 18, 18, 18, 18, 18, 18, 18, 18, 18, 18, 18, 18, 18, 18, 18, 18, 18, 18, 18, 18, 18, 18, 18, 18, 18, 18, 18, 18, 18, 18, 18, 18, 18, 18, 18, 18, 18, 18, 18, 18, 18, 18, 18, 18, 18, 18, 18, 18, 18, 18, 18, 18, 18, 18, 18, 18, 18, 19, 20, 20, 20, 20, 20, 20, 20, 20, 20, 20, 20, 20, 20, 20, 20, 20, 20, 20, 20, 20, 20, 20, 20, 20, 20, 20, 20, 20, 20, 20, 20, 20, 20, 20, 20, 20, 20, 20, 20, 20, 20, 20, 20, 20, 20, 20, 20, 20, 20, 20, 20, 20, 20, 20, 20, 20, 20, 20, 20, 20, 20, 20, 20, 20, 20, 20, 21, 21, 21, 21, 21, 21, 21, 21, 21, 21, 21, 21, 21, 21, 21, 21, 21, 21, 21, 21, 21, 21, 21, 21, 21, 21, 21, 21, 21, 21, 21, 21, 21, 21, 21, 21, 21, 21, 21, 21, 21, 21, 21, 21, 21, 21, 21, 21, 21, 21, 21, 21, 21, 21, 21, 21, 21, 21, 21, 21, 21, 21, 21]",265,"[102.00234985351562, 97.9803695678711, 44.96403503417969, 16.424840927124023, 22.641040802001953, 14.559020042419434, 64.87043762207031, 7.575634002685547, 21.352388381958008, 31.0147705078125, 42.257591247558594, 16.3870906829834, 100.10932922363281, 7.314121723175049, 13.922807693481445, 75.00017547607422, 14.6676607131958, 49.2626838684082, 79.12725067138672, 19.646272659301758, 16.694272994995117, 11.927631378173828, 13.063543319702148, 46.61776351928711, 8.263182640075684, 21.760330200195312, 9.468457221984863, 10.191877365112305, 11.414708137512207, 11.301124572753906, 18.75486946105957, 37.926300048828125, 8.282308578491211, 16.30231285095215, 22.75847816467285, 40.947269439697266, 62.93144607543945, 13.099623680114746, 65.5375747680664, 14.455636978149414, 7.013559341430664, 74.6129150390625, 7.892300605773926, 43.58805847167969, 20.74090576171875, 14.467493057250977, 20.769943237304688, 28.950420379638672, 18.693071365356445, 9.534602165222168, 65.7477035522461, 12.907427787780762, 16.862855911254883, 11.356581687927246, 24.936071395874023, 11.514200210571289, 11.464899063110352, 9.71982192993164, 8.835625648498535, 6.1828203201293945, 7.455915451049805, 18.240358352661133, 16.521982192993164, 14.373316764831543, 26.55286407470703, 17.904251098632812, 22.632719039916992, 40.823097229003906, 10.223505020141602, 17.893877029418945, 11.505951881408691, 17.344669342041016, 9.350224494934082, 16.071048736572266, 12.106943130493164, 11.026297569274902, 16.00885581970215, 38.82558059692383, 32.08053207397461, 21.111671447753906, 47.916015625, 14.709742546081543, 8.830916404724121, 8.681720733642578, 36.4310417175293, 10.178265571594238, 8.854569435119629, 9.782286643981934, 12.141951560974121, 9.663594245910645, 30.31531524658203, 13.741349220275879, 9.64692497253418, 14.688568115234375, 7.707168102264404, 7.697729110717773, 47.177398681640625, 14.305309295654297, 50.083805084228516, 18.130313873291016, 28.13445472717285, 30.718917846679688, 32.23060607910156, 10.409226417541504, 14.81064224243164, 11.582978248596191, 25.057456970214844, 13.974431037902832, 12.4909029006958, 20.283464431762695, 14.424251556396484, 30.757963180541992, 54.282745361328125, 11.672130584716797, 30.331640243530273, 8.083646774291992, 10.150708198547363, 13.950094223022461, 9.228460311889648, 31.879419326782227, 22.62213134765625, 15.855683326721191, 12.169468879699707, 9.586459159851074, 68.14297485351562, 9.823031425476074, 17.551488876342773, 11.368566513061523, 6.525273323059082, 8.067070007324219, 15.613016128540039, 92.2031021118164, 9.082695007324219, 11.954394340515137, 14.588835716247559, 45.212581634521484, 13.955252647399902, 17.902311325073242, 10.869872093200684, 30.395374298095703, 10.982177734375, 17.214279174804688, 10.155793190002441, 12.984623908996582, 11.169203758239746, 94.74649047851562, 91.20824432373047, 9.211965560913086, 8.444709777832031, 10.035506248474121, 52.745975494384766, 13.689986228942871, 26.656208038330078, 22.278091430664062, 11.254474639892578, 15.879552841186523, 10.147316932678223, 26.012605667114258, 21.301118850708008, 36.87458419799805, 15.598655700683594, 12.045812606811523, 13.158792495727539, 14.9838285446167, 14.238225936889648, 42.09364700317383, 73.2282943725586, 62.538448333740234, 18.386573791503906, 7.529030799865723, 40.119266510009766, 8.978282928466797, 35.187625885009766, 46.07329177856445, 8.434551239013672, 23.906330108642578, 9.884312629699707, 17.584386825561523, 9.611502647399902, 25.143136978149414, 19.082965850830078, 17.569719314575195, 42.98994445800781, 30.593538284301758, 8.01867389678955, 10.337418556213379, 13.95942497253418, 35.83795166015625, 34.018089294433594, 11.776203155517578, 17.74456214904785, 8.059682846069336, 24.0544490814209, 10.400534629821777, 58.222129821777344, 18.554590225219727, 11.340948104858398, 14.856467247009277, 12.439515113830566, 22.823862075805664, 9.358734130859375, 54.63886260986328, 32.82597351074219, 12.882648468017578, 14.051325798034668, 7.311700820922852, 19.66576385498047, 8.9380464553833, 51.78398513793945, 11.298142433166504, 22.530925750732422, 45.351356506347656, 13.429302215576172, 14.259941101074219, 25.213441848754883, 28.831571578979492, 17.529285430908203, 11.943360328674316, 20.070152282714844, 9.217508316040039, 7.451514720916748, 46.388755798339844, 24.553760528564453, 9.210931777954102, 17.724773406982422, 11.419351577758789, 31.672853469848633, 7.719878673553467, 17.672666549682617, 11.914897918701172, 19.553146362304688, 9.078736305236816, 11.656174659729004, 8.105842590332031, 14.274535179138184, 13.385100364685059, 61.271583557128906, 46.92527770996094, 8.942415237426758, 9.55202865600586, 13.6818265914917, 12.526479721069336, 51.627525329589844, 26.91240882873535, 8.013376235961914, 12.926248550415039, 14.378875732421875, 25.91240882873535, 9.248912811279297, 11.011048316955566, 19.987966537475586, 7.862834930419922, 8.524173736572266, 15.138557434082031, 9.939253807067871, 13.500938415527344, 12.447107315063477, 22.424640655517578, 15.615065574645996, 8.669943809509277, 22.501724243164062, 42.060909271240234, 20.047630310058594, 15.789484977722168, 16.078052520751953]",20.794520547945204,"[14.0, 14.0, 14.0, 14.0, 14.0, 14.0, 14.0, 14.0, 14.0, 14.0, 14.0, 14.0, 14.0, 14.0, 14.0, 14.0, 14.0, 14.0, 14.0, 14.0, 16.0, 16.0, 16.0, 16.0, 16.0, 16.0, 16.0, 16.0, 16.0, 16.0, 16.0, 16.0, 16.0, 16.0, 16.0, 16.0, 16.0, 16.0, 16.0, 16.0, 16.0, 16.0, 16.0, 16.0, 16.0, 16.0, 16.0, 16.0, 16.0, 16.0, 16.0, 16.0, 16.0, 16.0, 16.0, 16.0, 16.0, 17.945205479452056, 17.945205479452056, 17.945205479452056, 17.945205479452056, 17.945205479452056, 17.945205479452056, 17.945205479452056, 17.945205479452056, 17.945205479452056, 17.945205479452056, 17.945205479452056, 17.945205479452056, 17.945205479452056, 17.945205479452056, 17.945205479452056, 17.945205479452056, 17.945205479452056, 17.945205479452056, 17.945205479452056, 17.945205479452056, 17.945205479452056, 17.945205479452056, 17.945205479452056, 17.945205479452056, 17.945205479452056, 17.945205479452056, 17.945205479452056, 17.945205479452056, 17.945205479452056, 17.945205479452056, 17.945205479452056, 17.945205479452056, 17.945205479452056, 17.945205479452056, 17.945205479452056, 17.945205479452056, 17.945205479452056, 17.945205479452056, 17.945205479452056, 17.945205479452056, 17.945205479452056, 17.945205479452056, 17.945205479452056, 17.945205479452056, 17.945205479452056, 17.945205479452056, 17.945205479452056, 17.945205479452056, 17.945205479452056, 17.945205479452056, 17.945205479452056, 17.945205479452056, 17.945205479452056, 17.945205479452056, 17.945205479452056, 17.945205479452056, 17.945205479452056, 17.945205479452056, 17.945205479452056, 17.945205479452056, 17.945205479452056, 17.945205479452056, 17.945205479452056, 17.945205479452056, 17.945205479452056, 17.945205479452056, 17.945205479452056, 17.945205479452056, 17.945205479452056, 17.945205479452056, 17.945205479452056, 17.945205479452056, 17.945205479452056, 17.945205479452056, 17.945205479452056, 17.945205479452056, 17.945205479452056, 17.945205479452056, 18.9041095890411, 19.84931506849315, 19.863013698630137, 19.863013698630137, 19.863013698630137, 19.863013698630137, 19.863013698630137, 19.863013698630137, 19.863013698630137, 19.863013698630137, 19.863013698630137, 19.863013698630137, 19.863013698630137, 19.863013698630137, 19.863013698630137, 19.863013698630137, 19.863013698630137, 19.863013698630137, 19.863013698630137, 19.863013698630137, 19.863013698630137, 19.863013698630137, 19.863013698630137, 19.863013698630137, 19.863013698630137, 19.863013698630137, 19.863013698630137, 19.863013698630137, 19.863013698630137, 19.863013698630137, 19.863013698630137, 19.863013698630137, 19.863013698630137, 19.863013698630137, 19.863013698630137, 19.863013698630137, 19.863013698630137, 19.863013698630137, 19.863013698630137, 19.863013698630137, 19.863013698630137, 19.863013698630137, 19.863013698630137, 19.863013698630137, 19.863013698630137, 19.863013698630137, 19.863013698630137, 19.863013698630137, 19.863013698630137, 19.863013698630137, 19.863013698630137, 19.863013698630137, 19.863013698630137, 19.863013698630137, 19.863013698630137, 19.863013698630137, 19.863013698630137, 19.863013698630137, 19.863013698630137, 19.863013698630137, 19.863013698630137, 19.863013698630137, 19.863013698630137, 19.863013698630137, 19.863013698630137, 19.863013698630137, 19.863013698630137, 20.78082191780822, 20.794520547945204, 20.794520547945204, 20.794520547945204, 20.794520547945204, 20.794520547945204, 20.794520547945204, 20.794520547945204, 20.794520547945204, 20.794520547945204, 20.794520547945204, 20.794520547945204, 20.794520547945204, 20.794520547945204, 20.794520547945204, 20.794520547945204, 20.794520547945204, 20.794520547945204, 20.794520547945204, 20.794520547945204, 20.794520547945204, 20.794520547945204, 20.794520547945204, 20.794520547945204, 20.794520547945204, 20.794520547945204, 20.794520547945204, 20.794520547945204, 20.794520547945204, 20.794520547945204, 20.794520547945204, 20.794520547945204, 20.794520547945204, 20.794520547945204, 20.794520547945204, 20.794520547945204, 20.794520547945204, 20.794520547945204, 20.794520547945204, 20.794520547945204, 20.794520547945204, 20.794520547945204, 20.794520547945204, 20.794520547945204, 20.794520547945204, 20.794520547945204, 20.794520547945204, 20.794520547945204, 20.794520547945204, 20.794520547945204, 20.794520547945204, 20.794520547945204, 20.794520547945204, 20.794520547945204, 20.794520547945204, 20.794520547945204, 20.794520547945204, 20.794520547945204, 20.794520547945204, 20.794520547945204, 20.794520547945204, 20.794520547945204, 20.794520547945204]",COMPLETE
91,91,0.5,2024-08-31 04:13:11.102856,2024-08-31 04:13:27.510291,0 days 00:00:16.407435,16,5.028919988093443,2,40,0.0032776986771870407,67,0.047949102083182704,0.859,0.85875,4,"[0, 0, 0, 3, 0, 2, 2, 3, 3, 3, 3, 3, 3, 3, 3, 3, 3, 3, 3, 4, 4, 4, 4, 4, 4, 4, 4, 4, 4, 4, 4, 4, 4, 4, 4, 4, 4, 4, 4, 4]",4.0,"[0.0, 0.0, 0.0, 2.975124378109453, 0.0, 1.9950248756218905, 2.0, 3.0, 3.0, 3.0, 3.0, 3.0, 3.0, 3.0, 3.0, 3.0, 3.0, 3.0, 2.9950248756218905, 4.0, 4.0, 4.0, 3.9950248756218905, 4.0, 3.9950248756218905, 4.0, 3.9950248756218905, 4.0, 4.0, 4.0, 3.9950248756218905, 3.9950248756218905, 4.0, 4.0, 4.0, 4.0, 4.0, 4.0, 4.0, 4.0]",0.5,0.5,4,"[0, 0, 0, 3, 0, 2, 2, 3, 3, 3, 3, 3, 3, 3, 3, 3, 3, 3, 3, 4, 4, 4, 4, 4, 4, 4, 4, 4, 4, 4, 4, 4, 4, 4, 4, 4, 4, 4, 4, 4]",40,"[18.326574325561523, 6.6686930656433105, 16.92341423034668, 11.39199447631836, 6.219028949737549, 3.2099597454071045, 38.70002365112305, 42.93684387207031, 12.805643081665039, 19.147329330444336, 47.18976593017578, 10.724194526672363, 46.191925048828125, 41.118770599365234, 27.33136558532715, 23.64568519592285, 47.79916000366211, 4.142181873321533, 30.689624786376953, 29.30339813232422, 37.248294830322266, 31.304004669189453, 7.684507846832275, 30.99187660217285, 25.415233612060547, 17.76505470275879, 4.795813083648682, 27.10649871826172, 20.152193069458008, 16.654993057250977, 13.176392555236816, 10.20593547821045, 14.636384010314941, 2.814500093460083, 14.98111343383789, 3.178431987762451, 3.1356284618377686, 10.214981079101562, 4.387176990509033, 26.52288246154785]",4.0,"[0.0, 0.0, 0.0, 3.0, 0.0, 2.0, 2.0, 3.0, 3.0, 3.0, 3.0, 3.0, 3.0, 3.0, 3.0, 3.0, 3.0, 3.0, 3.0, 4.0, 4.0, 4.0, 4.0, 4.0, 4.0, 4.0, 4.0, 4.0, 4.0, 4.0, 4.0, 4.0, 4.0, 4.0, 4.0, 4.0, 4.0, 4.0, 4.0, 4.0]",COMPLETE
