,number,value,datetime_start,datetime_complete,duration,params_batch_size_scaler,params_constant_learning_rate,params_depth,params_epochs,params_kernel_l2,params_num_trees,params_temperature,user_attrs_accuracy_test,user_attrs_accuracy_valid,user_attrs_approximate_feature_sparsity,user_attrs_approximate_feature_sparsity_history,user_attrs_approximate_weight_sparsity,user_attrs_approximate_weight_sparsity_history,user_attrs_auc_test,user_attrs_auc_valid,user_attrs_feature_sparsity,user_attrs_feature_sparsity_history,user_attrs_num_epochs,user_attrs_val_loss_history,user_attrs_weight_sparsity,user_attrs_weight_sparsity_history,state
49,49,0.6088418286509255,2024-08-31 02:45:49.428481,2024-08-31 02:46:14.546696,0 days 00:00:25.118215,16,1.2298817225192096,1,335,0.012502063270347866,39,0.004553442747809871,0.852,0.8425,1,"[33, 33, 6, 3, 2, 2, 2, 1, 1, 1, 1, 1, 1, 1, 1, 1, 1, 1, 1, 1, 1, 1, 1, 1, 1, 1, 1, 1, 1, 1, 1, 1, 1, 1, 1, 1, 1, 1, 1, 1, 1, 1, 1, 1, 1, 1, 1, 1, 1, 1, 1, 1, 1, 1, 1, 1, 1, 1, 1, 1, 1, 1, 1, 1, 1, 1, 1, 1, 1, 1, 1, 1, 1, 1, 1, 1, 1, 1, 1, 1, 1, 1, 1, 1, 1, 1, 1, 1, 1, 1, 1, 1, 1, 1, 1, 1, 1, 1, 1, 1, 1, 1, 1, 1, 1, 1, 1, 1, 1, 1, 1, 1, 1, 1, 1, 1, 1, 1, 1, 1, 1, 1, 1, 1, 1, 1, 1, 1, 1, 1, 1, 1, 1, 1, 1, 1, 1, 1, 1, 1, 1, 1, 1, 1, 1, 1, 1, 1, 1, 1, 1, 1, 1, 1, 1, 1, 1, 1, 1, 1, 1, 1, 1, 1, 1, 1, 1, 1, 1, 1, 1, 1, 1, 1, 1, 1, 1, 1, 1, 1, 1, 1, 1, 1, 1, 1, 1, 1, 1, 1, 1, 1, 1, 1, 1, 1, 1, 1, 1, 1, 1, 1, 1, 1, 1, 1, 1, 1, 1, 1, 1, 1, 1, 1, 1, 1, 1, 1, 1, 1, 1, 1, 1, 1, 1, 1, 1, 1, 1, 1, 1, 1, 1, 1, 1, 1, 1, 1, 1, 1, 1, 1, 1, 1, 1, 1, 1, 1, 1, 1, 1, 1, 1, 1, 1, 1, 1, 1, 1, 1, 1, 1, 1, 1, 1, 1, 1, 1, 1, 1, 1, 1, 1, 1, 1, 1, 1, 1, 1, 1, 1, 1, 1, 1, 1, 1, 1, 1, 1, 1, 1, 1, 1, 1, 1, 1, 1, 1, 1, 1, 1, 1, 1, 1, 1, 1, 1, 1, 1, 1, 1, 1, 1, 1, 1, 1, 1, 1, 1, 1, 1, 1, 1, 1, 1, 1, 1, 1, 1, 1, 1, 1, 1, 1, 1]",1.0,"[33.0, 32.97435897435898, 6.0, 3.0, 2.0, 2.0, 2.0, 1.0, 1.0, 1.0, 1.0, 1.0, 1.0, 1.0, 1.0, 1.0, 1.0, 1.0, 1.0, 1.0, 1.0, 1.0, 1.0, 1.0, 1.0, 1.0, 1.0, 1.0, 1.0, 1.0, 1.0, 1.0, 1.0, 1.0, 1.0, 1.0, 1.0, 1.0, 1.0, 1.0, 1.0, 1.0, 1.0, 1.0, 1.0, 1.0, 1.0, 1.0, 1.0, 1.0, 1.0, 1.0, 1.0, 1.0, 1.0, 1.0, 1.0, 1.0, 1.0, 1.0, 1.0, 1.0, 1.0, 1.0, 1.0, 1.0, 1.0, 1.0, 1.0, 1.0, 1.0, 1.0, 1.0, 1.0, 1.0, 1.0, 1.0, 1.0, 1.0, 1.0, 1.0, 1.0, 1.0, 1.0, 1.0, 1.0, 1.0, 1.0, 1.0, 1.0, 1.0, 1.0, 1.0, 1.0, 1.0, 1.0, 1.0, 1.0, 1.0, 1.0, 1.0, 1.0, 1.0, 1.0, 1.0, 1.0, 1.0, 1.0, 1.0, 1.0, 1.0, 1.0, 1.0, 1.0, 1.0, 1.0, 1.0, 1.0, 1.0, 1.0, 1.0, 1.0, 1.0, 1.0, 1.0, 1.0, 1.0, 1.0, 1.0, 1.0, 1.0, 1.0, 1.0, 1.0, 1.0, 1.0, 1.0, 1.0, 1.0, 1.0, 1.0, 1.0, 1.0, 1.0, 1.0, 1.0, 1.0, 1.0, 1.0, 1.0, 1.0, 1.0, 1.0, 1.0, 1.0, 1.0, 1.0, 1.0, 1.0, 1.0, 1.0, 1.0, 1.0, 1.0, 1.0, 1.0, 1.0, 1.0, 1.0, 1.0, 1.0, 1.0, 1.0, 1.0, 1.0, 1.0, 1.0, 1.0, 1.0, 1.0, 1.0, 1.0, 1.0, 1.0, 1.0, 1.0, 1.0, 1.0, 1.0, 1.0, 1.0, 1.0, 1.0, 1.0, 1.0, 1.0, 1.0, 1.0, 1.0, 1.0, 1.0, 1.0, 1.0, 1.0, 1.0, 1.0, 1.0, 1.0, 1.0, 1.0, 1.0, 1.0, 1.0, 1.0, 1.0, 1.0, 1.0, 1.0, 1.0, 1.0, 1.0, 1.0, 1.0, 1.0, 1.0, 1.0, 1.0, 1.0, 1.0, 1.0, 1.0, 1.0, 1.0, 1.0, 1.0, 1.0, 1.0, 1.0, 1.0, 1.0, 1.0, 1.0, 1.0, 1.0, 1.0, 1.0, 1.0, 1.0, 1.0, 1.0, 1.0, 1.0, 1.0, 1.0, 1.0, 1.0, 1.0, 1.0, 1.0, 1.0, 1.0, 1.0, 1.0, 1.0, 1.0, 1.0, 1.0, 1.0, 1.0, 1.0, 1.0, 1.0, 1.0, 1.0, 1.0, 1.0, 1.0, 1.0, 1.0, 1.0, 1.0, 1.0, 1.0, 1.0, 1.0, 1.0, 1.0, 1.0, 1.0, 1.0, 1.0, 1.0, 1.0, 1.0, 1.0, 1.0, 1.0, 1.0, 1.0, 1.0, 1.0, 1.0, 1.0, 1.0, 1.0, 1.0, 1.0, 1.0, 1.0, 1.0, 1.0, 1.0, 1.0, 1.0, 1.0, 1.0, 1.0, 1.0, 1.0, 1.0, 1.0, 1.0, 1.0, 1.0, 1.0, 1.0, 1.0, 1.0, 1.0, 1.0, 1.0, 1.0, 1.0, 1.0, 1.0]",0.6144865793145584,0.6088418286509255,1,"[33, 33, 6, 3, 2, 2, 2, 1, 1, 1, 1, 1, 1, 1, 1, 1, 1, 1, 1, 1, 1, 1, 1, 1, 1, 1, 1, 1, 1, 1, 1, 1, 1, 1, 1, 1, 1, 1, 1, 1, 1, 1, 1, 1, 1, 1, 1, 1, 1, 1, 1, 1, 1, 1, 1, 1, 1, 1, 1, 1, 1, 1, 1, 1, 1, 1, 1, 1, 1, 1, 1, 1, 1, 1, 1, 1, 1, 1, 1, 1, 1, 1, 1, 1, 1, 1, 1, 1, 1, 1, 1, 1, 1, 1, 1, 1, 1, 1, 1, 1, 1, 1, 1, 1, 1, 1, 1, 1, 1, 1, 1, 1, 1, 1, 1, 1, 1, 1, 1, 1, 1, 1, 1, 1, 1, 1, 1, 1, 1, 1, 1, 1, 1, 1, 1, 1, 1, 1, 1, 1, 1, 1, 1, 1, 1, 1, 1, 1, 1, 1, 1, 1, 1, 1, 1, 1, 1, 1, 1, 1, 1, 1, 1, 1, 1, 1, 1, 1, 1, 1, 1, 1, 1, 1, 1, 1, 1, 1, 1, 1, 1, 1, 1, 1, 1, 1, 1, 1, 1, 1, 1, 1, 1, 1, 1, 1, 1, 1, 1, 1, 1, 1, 1, 1, 1, 1, 1, 1, 1, 1, 1, 1, 1, 1, 1, 1, 1, 1, 1, 1, 1, 1, 1, 1, 1, 1, 1, 1, 1, 1, 1, 1, 1, 1, 1, 1, 1, 1, 1, 1, 1, 1, 1, 1, 1, 1, 1, 1, 1, 1, 1, 1, 1, 1, 1, 1, 1, 1, 1, 1, 1, 1, 1, 1, 1, 1, 1, 1, 1, 1, 1, 1, 1, 1, 1, 1, 1, 1, 1, 1, 1, 1, 1, 1, 1, 1, 1, 1, 1, 1, 1, 1, 1, 1, 1, 1, 1, 1, 1, 1, 1, 1, 1, 1, 1, 1, 1, 1, 1, 1, 1, 1, 1, 1, 1, 1, 1, 1, 1, 1, 1, 1, 1, 1, 1, 1, 1, 1, 1, 1, 1, 1, 1, 1, 1]",335,"[0.46279647946357727, 0.8203887939453125, 1.1749118566513062, 1.9616715908050537, 1.8250209093093872, 3.5481836795806885, 2.0389487743377686, 1.2088255882263184, 1.7153420448303223, 2.848720073699951, 3.649031162261963, 1.8148738145828247, 2.8935718536376953, 2.714996099472046, 0.40477219223976135, 1.973612666130066, 0.5484048128128052, 3.6006174087524414, 2.084021806716919, 0.4088000953197479, 0.6960288882255554, 0.5127637982368469, 0.9809256792068481, 0.8318464159965515, 1.254319190979004, 0.4539099633693695, 0.43940821290016174, 0.4538744390010834, 0.4917449951171875, 2.103611946105957, 2.521698236465454, 2.2707700729370117, 4.017276763916016, 1.0810837745666504, 0.5390307903289795, 0.6871199011802673, 3.828127384185791, 2.317486047744751, 0.5090129375457764, 1.4370625019073486, 2.145077705383301, 2.3485164642333984, 0.49752700328826904, 3.1415441036224365, 1.6589515209197998, 1.215694546699524, 2.2049059867858887, 3.4606990814208984, 0.4809219241142273, 1.2850379943847656, 4.688774108886719, 0.41589683294296265, 0.6872898936271667, 1.7020338773727417, 0.5323917269706726, 2.2723135948181152, 0.8046504259109497, 2.892983913421631, 0.45349574089050293, 0.9975414872169495, 0.4790615737438202, 0.7127338647842407, 3.175516366958618, 2.6508939266204834, 1.6759105920791626, 0.7585986256599426, 2.151614189147949, 3.4675424098968506, 2.0524613857269287, 1.3383457660675049, 0.5269666910171509, 1.2002472877502441, 2.5145530700683594, 0.4583233892917633, 0.7372807264328003, 0.5625296235084534, 0.9469165205955505, 1.423710584640503, 0.5035121440887451, 1.4194025993347168, 1.1563479900360107, 3.4260454177856445, 0.46997156739234924, 2.9252443313598633, 2.1125731468200684, 1.507211446762085, 0.4284976124763489, 0.5609931349754333, 3.1911306381225586, 0.6422821283340454, 0.8248581886291504, 0.8755989074707031, 0.43821388483047485, 2.5639476776123047, 1.5595439672470093, 1.4873478412628174, 0.74433434009552, 2.2867796421051025, 1.958147406578064, 1.9604520797729492, 2.740478277206421, 0.831734836101532, 1.1106030941009521, 1.7747056484222412, 2.542863130569458, 0.8317623138427734, 2.370138645172119, 2.8528082370758057, 2.0440492630004883, 2.6834282875061035, 0.5172444581985474, 0.423189252614975, 3.9513003826141357, 0.8215194940567017, 2.424253463745117, 0.44470450282096863, 0.6634747982025146, 0.4366925358772278, 1.153734564781189, 0.977538526058197, 0.9358112215995789, 0.7608703374862671, 0.42707809805870056, 3.6591849327087402, 3.9296534061431885, 1.3499500751495361, 1.1328940391540527, 0.44458824396133423, 2.250098705291748, 4.301053524017334, 1.3803521394729614, 2.7635364532470703, 0.49108126759529114, 1.565740704536438, 1.60794997215271, 1.1535942554473877, 2.2828948497772217, 0.9755628705024719, 0.43837183713912964, 1.0864754915237427, 4.121729373931885, 3.278669834136963, 0.6707961559295654, 0.473104864358902, 0.5818116664886475, 0.44168367981910706, 4.319502353668213, 1.470097303390503, 0.6208252906799316, 0.6465145945549011, 2.179436683654785, 0.5831881165504456, 1.232303261756897, 0.4367298483848572, 1.2844724655151367, 1.9870892763137817, 0.5619755983352661, 1.1944453716278076, 0.4780258536338806, 0.6756414175033569, 0.504529595375061, 1.9940882921218872, 1.01482355594635, 1.4502252340316772, 0.45833930373191833, 1.225140929222107, 1.9381481409072876, 0.8647229075431824, 0.46177932620048523, 0.8442372679710388, 0.4712797999382019, 2.1733152866363525, 1.8519914150238037, 2.7224719524383545, 0.5334104299545288, 0.4541553258895874, 2.443230628967285, 0.8196927905082703, 1.0772134065628052, 0.8223198652267456, 0.5866053700447083, 1.2696964740753174, 0.4081175923347473, 0.9290854930877686, 0.661525547504425, 3.3071701526641846, 0.4584278166294098, 3.380242109298706, 0.5097022652626038, 2.068887710571289, 0.4360466003417969, 0.5458329916000366, 2.346541404724121, 0.53834068775177, 2.040653944015503, 0.5618443489074707, 0.44071879982948303, 3.6612703800201416, 0.9191057682037354, 4.256718158721924, 1.155199408531189, 1.299708366394043, 2.9375240802764893, 0.4879564344882965, 0.507302463054657, 0.4762137532234192, 0.44992873072624207, 0.7310774922370911, 3.261284828186035, 0.49259278178215027, 1.9152909517288208, 1.146278738975525, 2.8003604412078857, 0.6194168329238892, 3.374586820602417, 0.5198407173156738, 1.7161483764648438, 1.4232455492019653, 0.635913610458374, 0.9516854882240295, 3.2038512229919434, 3.4599664211273193, 1.1950960159301758, 2.2953004837036133, 0.5349752306938171, 1.7713414430618286, 0.5367640256881714, 2.0844619274139404, 0.7652606964111328, 1.9153456687927246, 0.5239971280097961, 0.46448516845703125, 0.754992663860321, 2.7543528079986572, 1.5360474586486816, 1.2972819805145264, 0.4432591497898102, 1.1616806983947754, 0.4072733223438263, 3.141148328781128, 1.0417792797088623, 0.8287054300308228, 0.562404453754425, 0.8112171292304993, 4.100225448608398, 1.2116657495498657, 0.7345167398452759, 0.4616162180900574, 0.6924035549163818, 0.6038039922714233, 0.6018779873847961, 0.8925575017929077, 0.7707152366638184, 0.6035619378089905, 2.3887908458709717, 1.5513075590133667, 1.4181610345840454, 0.7882922291755676, 0.854691743850708, 0.4408946931362152, 1.7606512308120728, 0.9333319664001465, 2.925679922103882, 3.475708246231079, 0.675778329372406, 3.4614784717559814, 1.1053389310836792, 0.5977083444595337, 1.1006503105163574, 0.5249009132385254, 0.8399533033370972, 0.5736396312713623, 1.1893327236175537, 0.515625536441803, 0.6917939782142639, 4.452829837799072, 1.2527148723602295, 4.762498378753662, 0.6219288110733032, 3.6627912521362305, 0.857337236404419, 2.7031946182250977, 0.4969249963760376, 1.046262264251709, 2.1803314685821533, 2.0053234100341797, 3.7582485675811768, 4.234950542449951, 1.4537118673324585, 0.45573481917381287, 1.1233644485473633, 2.4263477325439453, 0.6306602358818054, 2.0037927627563477, 0.563855767250061, 1.049116849899292, 0.6504616737365723, 3.9830780029296875, 0.5937480330467224, 0.5093861818313599, 0.7715537548065186, 2.932173252105713, 1.095162034034729, 1.63946533203125, 2.3387930393218994, 0.4129343032836914, 1.5120093822479248, 0.515637993812561, 0.6437687873840332, 1.2326545715332031, 0.875771701335907, 3.841158151626587, 1.0902595520019531, 3.652215003967285, 1.9098085165023804, 0.4914948642253876, 2.344029188156128, 0.5115519165992737, 2.3096120357513428, 2.771486282348633, 0.5945650339126587, 0.47741684317588806, 0.45949283242225647, 0.9385466575622559, 0.45432332158088684, 3.395763874053955, 2.055340051651001, 1.8807696104049683, 2.8608078956604004, 0.8887436389923096, 1.081158995628357, 1.223098635673523, 0.5797213315963745, 1.2162482738494873, 0.6357123851776123]",1.0,"[33.0, 33.0, 6.0, 3.0, 2.0, 2.0, 2.0, 1.0, 1.0, 1.0, 1.0, 1.0, 1.0, 1.0, 1.0, 1.0, 1.0, 1.0, 1.0, 1.0, 1.0, 1.0, 1.0, 1.0, 1.0, 1.0, 1.0, 1.0, 1.0, 1.0, 1.0, 1.0, 1.0, 1.0, 1.0, 1.0, 1.0, 1.0, 1.0, 1.0, 1.0, 1.0, 1.0, 1.0, 1.0, 1.0, 1.0, 1.0, 1.0, 1.0, 1.0, 1.0, 1.0, 1.0, 1.0, 1.0, 1.0, 1.0, 1.0, 1.0, 1.0, 1.0, 1.0, 1.0, 1.0, 1.0, 1.0, 1.0, 1.0, 1.0, 1.0, 1.0, 1.0, 1.0, 1.0, 1.0, 1.0, 1.0, 1.0, 1.0, 1.0, 1.0, 1.0, 1.0, 1.0, 1.0, 1.0, 1.0, 1.0, 1.0, 1.0, 1.0, 1.0, 1.0, 1.0, 1.0, 1.0, 1.0, 1.0, 1.0, 1.0, 1.0, 1.0, 1.0, 1.0, 1.0, 1.0, 1.0, 1.0, 1.0, 1.0, 1.0, 1.0, 1.0, 1.0, 1.0, 1.0, 1.0, 1.0, 1.0, 1.0, 1.0, 1.0, 1.0, 1.0, 1.0, 1.0, 1.0, 1.0, 1.0, 1.0, 1.0, 1.0, 1.0, 1.0, 1.0, 1.0, 1.0, 1.0, 1.0, 1.0, 1.0, 1.0, 1.0, 1.0, 1.0, 1.0, 1.0, 1.0, 1.0, 1.0, 1.0, 1.0, 1.0, 1.0, 1.0, 1.0, 1.0, 1.0, 1.0, 1.0, 1.0, 1.0, 1.0, 1.0, 1.0, 1.0, 1.0, 1.0, 1.0, 1.0, 1.0, 1.0, 1.0, 1.0, 1.0, 1.0, 1.0, 1.0, 1.0, 1.0, 1.0, 1.0, 1.0, 1.0, 1.0, 1.0, 1.0, 1.0, 1.0, 1.0, 1.0, 1.0, 1.0, 1.0, 1.0, 1.0, 1.0, 1.0, 1.0, 1.0, 1.0, 1.0, 1.0, 1.0, 1.0, 1.0, 1.0, 1.0, 1.0, 1.0, 1.0, 1.0, 1.0, 1.0, 1.0, 1.0, 1.0, 1.0, 1.0, 1.0, 1.0, 1.0, 1.0, 1.0, 1.0, 1.0, 1.0, 1.0, 1.0, 1.0, 1.0, 1.0, 1.0, 1.0, 1.0, 1.0, 1.0, 1.0, 1.0, 1.0, 1.0, 1.0, 1.0, 1.0, 1.0, 1.0, 1.0, 1.0, 1.0, 1.0, 1.0, 1.0, 1.0, 1.0, 1.0, 1.0, 1.0, 1.0, 1.0, 1.0, 1.0, 1.0, 1.0, 1.0, 1.0, 1.0, 1.0, 1.0, 1.0, 1.0, 1.0, 1.0, 1.0, 1.0, 1.0, 1.0, 1.0, 1.0, 1.0, 1.0, 1.0, 1.0, 1.0, 1.0, 1.0, 1.0, 1.0, 1.0, 1.0, 1.0, 1.0, 1.0, 1.0, 1.0, 1.0, 1.0, 1.0, 1.0, 1.0, 1.0, 1.0, 1.0, 1.0, 1.0, 1.0, 1.0, 1.0, 1.0, 1.0, 1.0, 1.0, 1.0, 1.0, 1.0, 1.0, 1.0, 1.0, 1.0, 1.0, 1.0, 1.0, 1.0, 1.0, 1.0, 1.0, 1.0, 1.0, 1.0, 1.0, 1.0, 1.0, 1.0, 1.0, 1.0]",COMPLETE
