,number,value,datetime_start,datetime_complete,duration,params_batch_size_scaler,params_constant_learning_rate,params_depth,params_epochs,params_kernel_l2,params_num_trees,params_temperature,user_attrs_accuracy_test,user_attrs_accuracy_valid,user_attrs_approximate_feature_sparsity,user_attrs_approximate_feature_sparsity_history,user_attrs_approximate_weight_sparsity,user_attrs_approximate_weight_sparsity_history,user_attrs_auc_test,user_attrs_auc_valid,user_attrs_feature_sparsity,user_attrs_feature_sparsity_history,user_attrs_num_epochs,user_attrs_val_loss_history,user_attrs_weight_sparsity,user_attrs_weight_sparsity_history,state
32,32,0.7652806224317605,2024-08-31 02:19:05.420541,2024-08-31 02:19:17.054235,0 days 00:00:11.633694,16,0.11818291482282495,2,130,0.0032512965118265025,1,0.0010837768724524918,0.871,0.865,3,"[33, 32, 32, 32, 30, 29, 29, 27, 26, 26, 24, 20, 19, 17, 17, 14, 14, 12, 11, 10, 9, 9, 9, 9, 9, 9, 9, 9, 8, 8, 7, 7, 7, 7, 7, 5, 4, 4, 4, 4, 4, 4, 4, 4, 4, 4, 4, 4, 4, 4, 4, 4, 4, 4, 4, 4, 4, 4, 4, 4, 4, 4, 3, 3, 3, 3, 3, 3, 3, 3, 3, 3, 3, 3, 3, 3, 3, 3, 3, 3, 3, 3, 3, 3, 3, 3, 3, 3, 3, 3, 3, 3, 3, 3, 3, 3, 3, 3, 3, 3, 3, 3, 3, 3, 3, 3, 3, 3, 3, 3, 3, 3, 3, 3, 3, 3, 3, 3, 3, 3, 3, 3, 3, 3, 3, 3, 3, 3, 3, 3]",3.0,"[32.666666666666664, 32.0, 32.0, 32.0, 30.0, 29.0, 29.0, 27.0, 26.0, 26.0, 24.0, 20.0, 19.0, 17.0, 17.0, 14.0, 14.0, 12.0, 11.0, 10.0, 9.0, 9.0, 9.0, 9.0, 9.0, 9.0, 9.0, 9.0, 8.0, 8.0, 7.0, 7.0, 7.0, 7.0, 7.0, 5.0, 4.0, 4.0, 4.0, 4.0, 4.0, 4.0, 4.0, 4.0, 4.0, 4.0, 4.0, 4.0, 4.0, 4.0, 4.0, 4.0, 4.0, 4.0, 4.0, 4.0, 4.0, 4.0, 4.0, 4.0, 4.0, 4.0, 3.0, 3.0, 3.0, 3.0, 3.0, 3.0, 3.0, 3.0, 3.0, 3.0, 3.0, 3.0, 3.0, 3.0, 3.0, 3.0, 3.0, 3.0, 3.0, 3.0, 3.0, 3.0, 3.0, 3.0, 3.0, 3.0, 3.0, 3.0, 3.0, 3.0, 3.0, 3.0, 3.0, 3.0, 3.0, 3.0, 3.0, 3.0, 3.0, 3.0, 3.0, 3.0, 3.0, 3.0, 3.0, 3.0, 3.0, 3.0, 3.0, 3.0, 3.0, 3.0, 3.0, 3.0, 3.0, 3.0, 3.0, 3.0, 3.0, 3.0, 3.0, 3.0, 3.0, 3.0, 3.0, 3.0, 3.0, 3.0]",0.7797868212254063,0.7652806224317605,3,"[33, 32, 32, 32, 30, 29, 29, 27, 26, 26, 24, 20, 19, 17, 17, 14, 14, 12, 11, 10, 9, 9, 9, 9, 9, 9, 9, 9, 8, 8, 7, 7, 7, 7, 7, 5, 4, 4, 4, 4, 4, 4, 4, 4, 4, 4, 4, 4, 4, 4, 4, 4, 4, 4, 4, 4, 4, 4, 4, 4, 4, 4, 3, 3, 3, 3, 3, 3, 3, 3, 3, 3, 3, 3, 3, 3, 3, 3, 3, 3, 3, 3, 3, 3, 3, 3, 3, 3, 3, 3, 3, 3, 3, 3, 3, 3, 3, 3, 3, 3, 3, 3, 3, 3, 3, 3, 3, 3, 3, 3, 3, 3, 3, 3, 3, 3, 3, 3, 3, 3, 3, 3, 3, 3, 3, 3, 3, 3, 3, 3]",130,"[0.45192623138427734, 0.4395737051963806, 0.4310277998447418, 0.42468246817588806, 0.41707542538642883, 0.4133304953575134, 0.410638689994812, 0.4079453647136688, 0.40620121359825134, 0.4042106568813324, 0.4033609628677368, 0.39929020404815674, 0.39833492040634155, 0.3956211507320404, 0.3944082260131836, 0.3884853422641754, 0.38742387294769287, 0.385766863822937, 0.3842630386352539, 0.3826860189437866, 0.38073644042015076, 0.37956687808036804, 0.3784066140651703, 0.37723660469055176, 0.37608614563941956, 0.37491440773010254, 0.3738047778606415, 0.3726997673511505, 0.37189432978630066, 0.370807409286499, 0.3688318133354187, 0.36773812770843506, 0.36664971709251404, 0.3656092584133148, 0.36458614468574524, 0.36349594593048096, 0.36101460456848145, 0.3601415753364563, 0.35929352045059204, 0.35846030712127686, 0.35762202739715576, 0.35682475566864014, 0.35604339838027954, 0.3552711009979248, 0.35451725125312805, 0.35379037261009216, 0.353073388338089, 0.3523578941822052, 0.3516533672809601, 0.35098904371261597, 0.35036492347717285, 0.34973785281181335, 0.3491517901420593, 0.34856972098350525, 0.34797435998916626, 0.34743475914001465, 0.34688907861709595, 0.3463520109653473, 0.3458225727081299, 0.34530726075172424, 0.34481391310691833, 0.3443280756473541, 0.356805682182312, 0.35651135444641113, 0.356257826089859, 0.3560110330581665, 0.35577648878097534, 0.3555414080619812, 0.3553245961666107, 0.35510939359664917, 0.35490477085113525, 0.3546982705593109, 0.35451143980026245, 0.35431861877441406, 0.35412585735321045, 0.3539441227912903, 0.3537514805793762, 0.35357770323753357, 0.3534069359302521, 0.3532520532608032, 0.3530831038951874, 0.3529323935508728, 0.3527674376964569, 0.3526225984096527, 0.35246703028678894, 0.3523220419883728, 0.3521687984466553, 0.35204169154167175, 0.3519126772880554, 0.3517935872077942, 0.35166990756988525, 0.3515392243862152, 0.3514211177825928, 0.35129207372665405, 0.351192831993103, 0.3510771691799164, 0.3509621024131775, 0.35085639357566833, 0.3507644236087799, 0.35065972805023193, 0.350569486618042, 0.3504471480846405, 0.3503446877002716, 0.3502538800239563, 0.35017073154449463, 0.3500804007053375, 0.34998419880867004, 0.3498968482017517, 0.3497956395149231, 0.34970226883888245, 0.34962761402130127, 0.3495404124259949, 0.34944629669189453, 0.3493732213973999, 0.3492761552333832, 0.3492128849029541, 0.34915751218795776, 0.349048912525177, 0.3489469289779663, 0.3488679826259613, 0.34880638122558594, 0.34871917963027954, 0.34866800904273987, 0.34861212968826294, 0.34854117035865784, 0.348432719707489, 0.34834763407707214, 0.3482759892940521, 0.3482118248939514, 0.34814661741256714]",3.0,"[33.0, 32.0, 32.0, 32.0, 30.0, 29.0, 29.0, 27.0, 26.0, 26.0, 24.0, 20.0, 19.0, 17.0, 17.0, 14.0, 14.0, 12.0, 11.0, 10.0, 9.0, 9.0, 9.0, 9.0, 9.0, 9.0, 9.0, 9.0, 8.0, 8.0, 7.0, 7.0, 7.0, 7.0, 7.0, 5.0, 4.0, 4.0, 4.0, 4.0, 4.0, 4.0, 4.0, 4.0, 4.0, 4.0, 4.0, 4.0, 4.0, 4.0, 4.0, 4.0, 4.0, 4.0, 4.0, 4.0, 4.0, 4.0, 4.0, 4.0, 4.0, 4.0, 3.0, 3.0, 3.0, 3.0, 3.0, 3.0, 3.0, 3.0, 3.0, 3.0, 3.0, 3.0, 3.0, 3.0, 3.0, 3.0, 3.0, 3.0, 3.0, 3.0, 3.0, 3.0, 3.0, 3.0, 3.0, 3.0, 3.0, 3.0, 3.0, 3.0, 3.0, 3.0, 3.0, 3.0, 3.0, 3.0, 3.0, 3.0, 3.0, 3.0, 3.0, 3.0, 3.0, 3.0, 3.0, 3.0, 3.0, 3.0, 3.0, 3.0, 3.0, 3.0, 3.0, 3.0, 3.0, 3.0, 3.0, 3.0, 3.0, 3.0, 3.0, 3.0, 3.0, 3.0, 3.0, 3.0, 3.0, 3.0]",COMPLETE
33,33,0.7088018961497341,2024-08-31 02:19:17.759318,2024-08-31 02:19:37.487042,0 days 00:00:19.727724,64,0.016180121229464696,2,235,0.017538997707279128,94,0.0007481921638028216,0.863,0.86,33,"[33, 33, 33, 33, 33, 33, 33, 33, 33, 33, 33, 33, 33, 33, 33, 33, 33, 33, 33, 33, 33, 33, 33, 33, 33, 33, 33, 33, 33, 33, 33, 33, 33, 33, 33, 33, 33, 33, 33, 33, 33, 33, 33, 33, 33, 33, 33, 33, 33, 33, 33, 33, 33, 33, 33, 33, 33, 33, 33, 33, 33, 33, 33, 33, 33, 33, 33, 33, 33, 33, 33, 33, 33, 33, 33, 33, 33, 33, 33, 33, 33, 33, 33, 33, 33, 33, 33, 33, 33, 33, 33, 33, 33, 33, 33, 33, 33, 33, 33, 33, 33, 33, 33, 33, 33, 33, 33, 33, 33, 33, 33, 33, 33, 33, 33, 33, 33, 33, 33, 33, 33, 33, 33, 33, 33, 33, 33, 33, 33, 33, 33, 33, 33, 33, 33, 33, 33, 33, 33, 33, 33, 33, 33, 33, 33, 33, 33, 33, 33, 33, 33, 33, 33, 33, 33, 33, 33, 33, 33, 33, 33, 33, 33, 33, 33, 33, 33, 33, 33, 33, 33, 33, 33, 33, 33, 33, 33, 33, 33, 33, 33, 33, 33, 33, 33, 33, 33, 33, 33, 33, 33, 33, 33, 33, 33, 33, 33, 33, 33, 33, 33, 33, 33, 33, 33, 33, 33, 33, 33, 33, 33, 33, 33, 33, 33, 33, 33, 33, 33, 33, 33, 33, 33, 33, 33, 33, 33, 33, 33, 33, 33, 33, 33, 33, 33]",32.97517730496454,"[32.97872340425532, 32.96808510638298, 32.97872340425532, 32.97872340425532, 32.97872340425532, 32.9822695035461, 32.97872340425532, 32.98581560283688, 32.9822695035461, 32.97517730496454, 32.97517730496454, 32.97517730496454, 32.97872340425532, 32.97517730496454, 32.9822695035461, 32.98581560283688, 32.98581560283688, 32.97872340425532, 32.9822695035461, 32.98581560283688, 32.98936170212766, 32.9822695035461, 32.97872340425532, 32.97163120567376, 32.97163120567376, 32.97872340425532, 32.97872340425532, 32.97517730496454, 32.97872340425532, 32.97517730496454, 32.9645390070922, 32.9645390070922, 32.97163120567376, 32.95744680851064, 32.96099290780142, 32.96808510638298, 32.96808510638298, 32.97163120567376, 32.97872340425532, 32.97872340425532, 32.98581560283688, 32.98581560283688, 32.98581560283688, 32.98581560283688, 32.9822695035461, 32.97872340425532, 32.9822695035461, 32.98581560283688, 32.9822695035461, 32.98581560283688, 32.97872340425532, 32.97163120567376, 32.97163120567376, 32.97163120567376, 32.97517730496454, 32.96808510638298, 32.97517730496454, 32.97517730496454, 32.97163120567376, 32.97163120567376, 32.97517730496454, 32.97872340425532, 32.9822695035461, 32.9822695035461, 32.98581560283688, 32.98936170212766, 32.98581560283688, 32.98936170212766, 32.98581560283688, 32.98581560283688, 32.98936170212766, 32.98581560283688, 32.97872340425532, 32.97872340425532, 32.97517730496454, 32.96808510638298, 32.97163120567376, 32.97517730496454, 32.98581560283688, 32.98581560283688, 32.98581560283688, 32.9822695035461, 32.97872340425532, 32.97517730496454, 32.97872340425532, 32.9822695035461, 32.97517730496454, 32.97872340425532, 32.97163120567376, 32.97163120567376, 32.97163120567376, 32.97517730496454, 32.97517730496454, 32.97517730496454, 32.97517730496454, 32.97517730496454, 32.97163120567376, 32.96808510638298, 32.97872340425532, 32.97872340425532, 32.9822695035461, 32.9822695035461, 32.97872340425532, 32.9822695035461, 32.97872340425532, 32.97517730496454, 32.97163120567376, 32.97163120567376, 32.97517730496454, 32.97517730496454, 32.97517730496454, 32.97163120567376, 32.97163120567376, 32.97163120567376, 32.97517730496454, 32.97517730496454, 32.97872340425532, 32.97872340425532, 32.97517730496454, 32.97517730496454, 32.97517730496454, 32.97517730496454, 32.96808510638298, 32.96808510638298, 32.96808510638298, 32.96808510638298, 32.96808510638298, 32.97163120567376, 32.97163120567376, 32.96099290780142, 32.96099290780142, 32.96808510638298, 32.96808510638298, 32.96808510638298, 32.96808510638298, 32.96808510638298, 32.97163120567376, 32.9645390070922, 32.9645390070922, 32.9645390070922, 32.9645390070922, 32.96808510638298, 32.97163120567376, 32.96099290780142, 32.95744680851064, 32.95744680851064, 32.9645390070922, 32.96099290780142, 32.96808510638298, 32.96808510638298, 32.97517730496454, 32.97163120567376, 32.97517730496454, 32.97517730496454, 32.97517730496454, 32.97163120567376, 32.97517730496454, 32.97163120567376, 32.9822695035461, 32.97163120567376, 32.96808510638298, 32.9645390070922, 32.97517730496454, 32.97872340425532, 32.97872340425532, 32.97872340425532, 32.97517730496454, 32.97872340425532, 32.9822695035461, 32.97872340425532, 32.97872340425532, 32.97163120567376, 32.96808510638298, 32.97517730496454, 32.97872340425532, 32.97517730496454, 32.97872340425532, 32.97872340425532, 32.97872340425532, 32.97517730496454, 32.97517730496454, 32.97517730496454, 32.97517730496454, 32.97872340425532, 32.97872340425532, 32.9822695035461, 32.98581560283688, 32.9822695035461, 32.97872340425532, 32.97872340425532, 32.9822695035461, 32.9822695035461, 32.9822695035461, 32.9822695035461, 32.9822695035461, 32.97872340425532, 32.97872340425532, 32.9822695035461, 32.9822695035461, 32.9822695035461, 32.98581560283688, 32.98581560283688, 32.98581560283688, 32.98581560283688, 32.9822695035461, 32.9822695035461, 32.9822695035461, 32.98936170212766, 32.9822695035461, 32.9822695035461, 32.9822695035461, 32.9822695035461, 32.98581560283688, 32.98581560283688, 32.98581560283688, 32.98581560283688, 32.98581560283688, 32.9822695035461, 32.97872340425532, 32.97872340425532, 32.9822695035461, 32.97517730496454, 32.97872340425532, 32.9822695035461, 32.98581560283688, 32.98581560283688, 32.98581560283688, 32.97872340425532, 32.97517730496454, 32.9822695035461, 32.9822695035461, 32.97872340425532, 32.97517730496454, 32.97872340425532, 32.97517730496454]",0.737274911450722,0.7088018961497341,33,"[33, 33, 33, 33, 33, 33, 33, 33, 33, 33, 33, 33, 33, 33, 33, 33, 33, 33, 33, 33, 33, 33, 33, 33, 33, 33, 33, 33, 33, 33, 33, 33, 33, 33, 33, 33, 33, 33, 33, 33, 33, 33, 33, 33, 33, 33, 33, 33, 33, 33, 33, 33, 33, 33, 33, 33, 33, 33, 33, 33, 33, 33, 33, 33, 33, 33, 33, 33, 33, 33, 33, 33, 33, 33, 33, 33, 33, 33, 33, 33, 33, 33, 33, 33, 33, 33, 33, 33, 33, 33, 33, 33, 33, 33, 33, 33, 33, 33, 33, 33, 33, 33, 33, 33, 33, 33, 33, 33, 33, 33, 33, 33, 33, 33, 33, 33, 33, 33, 33, 33, 33, 33, 33, 33, 33, 33, 33, 33, 33, 33, 33, 33, 33, 33, 33, 33, 33, 33, 33, 33, 33, 33, 33, 33, 33, 33, 33, 33, 33, 33, 33, 33, 33, 33, 33, 33, 33, 33, 33, 33, 33, 33, 33, 33, 33, 33, 33, 33, 33, 33, 33, 33, 33, 33, 33, 33, 33, 33, 33, 33, 33, 33, 33, 33, 33, 33, 33, 33, 33, 33, 33, 33, 33, 33, 33, 33, 33, 33, 33, 33, 33, 33, 33, 33, 33, 33, 33, 33, 33, 33, 33, 33, 33, 33, 33, 33, 33, 33, 33, 33, 33, 33, 33, 33, 33, 33, 33, 33, 33, 33, 33, 33, 33, 33, 33]",235,"[0.6288948059082031, 0.462546706199646, 0.4222261309623718, 0.41030216217041016, 0.40425312519073486, 0.40255415439605713, 0.4010154604911804, 0.4006305932998657, 0.4000864326953888, 0.3995598554611206, 0.39905989170074463, 0.39874351024627686, 0.3983630836009979, 0.3979560136795044, 0.39761635661125183, 0.3972908854484558, 0.396993488073349, 0.3966386318206787, 0.39632371068000793, 0.3960391581058502, 0.39574936032295227, 0.39544081687927246, 0.3950868844985962, 0.39489659667015076, 0.3945653438568115, 0.39426153898239136, 0.3940111994743347, 0.39371734857559204, 0.3933075964450836, 0.39306342601776123, 0.39271125197410583, 0.39243683218955994, 0.3921404182910919, 0.3917714059352875, 0.3915112614631653, 0.3912311792373657, 0.39106518030166626, 0.39076918363571167, 0.39067143201828003, 0.39073336124420166, 0.38996806740760803, 0.3895833194255829, 0.38929054141044617, 0.3891598880290985, 0.3891097903251648, 0.38888630270957947, 0.3884281814098358, 0.3881526291370392, 0.38793814182281494, 0.38771000504493713, 0.387472003698349, 0.387098491191864, 0.38696157932281494, 0.3869469165802002, 0.38641148805618286, 0.3863021731376648, 0.3860184848308563, 0.3857369124889374, 0.38588836789131165, 0.3858411908149719, 0.38515812158584595, 0.38527438044548035, 0.3849687874317169, 0.3846297562122345, 0.3843875527381897, 0.3841262459754944, 0.383994460105896, 0.3837798833847046, 0.3836158514022827, 0.383447527885437, 0.38326358795166016, 0.3831632733345032, 0.38297730684280396, 0.3828095495700836, 0.382563054561615, 0.3823966681957245, 0.38231009244918823, 0.38212084770202637, 0.3819853961467743, 0.3817636966705322, 0.3817284107208252, 0.38162481784820557, 0.3812788426876068, 0.3811100423336029, 0.38097915053367615, 0.3808351755142212, 0.3807735741138458, 0.38068658113479614, 0.38059893250465393, 0.38034966588020325, 0.380255788564682, 0.379940003156662, 0.37978413701057434, 0.3796430230140686, 0.3795746862888336, 0.3794286847114563, 0.3792175054550171, 0.37915194034576416, 0.37930619716644287, 0.3790343999862671, 0.37878525257110596, 0.37875115871429443, 0.37848415970802307, 0.37830471992492676, 0.37824851274490356, 0.3781110644340515, 0.37796759605407715, 0.3778330981731415, 0.3776721954345703, 0.37764063477516174, 0.37743905186653137, 0.3773978054523468, 0.3775060772895813, 0.37730467319488525, 0.37701329588890076, 0.37695205211639404, 0.37712520360946655, 0.3769233822822571, 0.3766818940639496, 0.37647345662117004, 0.37634554505348206, 0.37630730867385864, 0.37623733282089233, 0.3761037588119507, 0.37605246901512146, 0.37594765424728394, 0.37567970156669617, 0.37557724118232727, 0.37550875544548035, 0.37537747621536255, 0.3753623962402344, 0.37547051906585693, 0.3753058612346649, 0.3753885328769684, 0.3751491606235504, 0.3750268816947937, 0.3749987483024597, 0.3746490180492401, 0.3745284378528595, 0.37432539463043213, 0.3742631673812866, 0.37417080998420715, 0.3741113543510437, 0.37404248118400574, 0.3739345967769623, 0.3739060163497925, 0.37381038069725037, 0.3737192153930664, 0.3736708164215088, 0.3735172748565674, 0.3734182119369507, 0.37338101863861084, 0.3732607960700989, 0.37315067648887634, 0.3730323910713196, 0.3729788064956665, 0.3729739487171173, 0.3728165924549103, 0.3727388083934784, 0.37266504764556885, 0.3726893365383148, 0.37261122465133667, 0.3724323511123657, 0.3723762631416321, 0.3722890615463257, 0.3721874952316284, 0.372158020734787, 0.3720727860927582, 0.37200623750686646, 0.3719170391559601, 0.3719148337841034, 0.37174519896507263, 0.3716834783554077, 0.37159574031829834, 0.37155503034591675, 0.3714876174926758, 0.3714035451412201, 0.3712964355945587, 0.37121349573135376, 0.3710707128047943, 0.37103259563446045, 0.37100228667259216, 0.3710676431655884, 0.37089839577674866, 0.37066614627838135, 0.37060919404029846, 0.37051430344581604, 0.3705052435398102, 0.37043875455856323, 0.3705095648765564, 0.3702605962753296, 0.3701242506504059, 0.3700793981552124, 0.3700960874557495, 0.36991846561431885, 0.36986586451530457, 0.36976271867752075, 0.3696698248386383, 0.3696520924568176, 0.36959415674209595, 0.3696388602256775, 0.36951255798339844, 0.3693740963935852, 0.36928343772888184, 0.3691440522670746, 0.3692443370819092, 0.36928799748420715, 0.3689873218536377, 0.36884045600891113, 0.36876946687698364, 0.3687146008014679, 0.3687218129634857, 0.3686572015285492, 0.3685508072376251, 0.3685137629508972, 0.3684576153755188, 0.36838725209236145, 0.3683106303215027, 0.3682696521282196, 0.3681928217411041, 0.36807191371917725, 0.3679831326007843, 0.36794513463974, 0.3678886294364929, 0.36787182092666626, 0.3678020238876343, 0.3676830530166626, 0.3676546514034271, 0.36789634823799133, 0.36800616979599, 0.3677866756916046, 0.36748427152633667, 0.3675100803375244, 0.3674345016479492, 0.3672611117362976]",33.0,"[33.0, 33.0, 33.0, 33.0, 33.0, 33.0, 33.0, 33.0, 33.0, 33.0, 33.0, 33.0, 33.0, 33.0, 33.0, 33.0, 33.0, 33.0, 33.0, 33.0, 33.0, 33.0, 33.0, 33.0, 33.0, 33.0, 33.0, 33.0, 33.0, 33.0, 33.0, 33.0, 33.0, 33.0, 33.0, 33.0, 33.0, 33.0, 33.0, 33.0, 33.0, 33.0, 33.0, 33.0, 33.0, 33.0, 33.0, 33.0, 33.0, 33.0, 33.0, 33.0, 33.0, 33.0, 33.0, 33.0, 33.0, 33.0, 33.0, 33.0, 33.0, 33.0, 33.0, 33.0, 33.0, 33.0, 33.0, 33.0, 33.0, 33.0, 33.0, 33.0, 33.0, 33.0, 33.0, 33.0, 33.0, 33.0, 33.0, 33.0, 33.0, 33.0, 33.0, 33.0, 33.0, 33.0, 33.0, 33.0, 33.0, 33.0, 33.0, 33.0, 33.0, 33.0, 33.0, 33.0, 33.0, 33.0, 33.0, 33.0, 33.0, 33.0, 33.0, 33.0, 33.0, 33.0, 33.0, 33.0, 33.0, 33.0, 33.0, 33.0, 33.0, 33.0, 33.0, 33.0, 33.0, 33.0, 33.0, 33.0, 33.0, 33.0, 33.0, 33.0, 33.0, 33.0, 33.0, 33.0, 33.0, 33.0, 33.0, 33.0, 33.0, 33.0, 33.0, 33.0, 33.0, 33.0, 33.0, 33.0, 33.0, 33.0, 33.0, 33.0, 33.0, 33.0, 33.0, 33.0, 33.0, 33.0, 33.0, 33.0, 33.0, 33.0, 33.0, 33.0, 33.0, 33.0, 33.0, 33.0, 33.0, 33.0, 33.0, 33.0, 33.0, 33.0, 33.0, 33.0, 33.0, 33.0, 33.0, 33.0, 33.0, 33.0, 33.0, 33.0, 33.0, 33.0, 33.0, 33.0, 33.0, 33.0, 33.0, 33.0, 33.0, 33.0, 33.0, 33.0, 33.0, 33.0, 33.0, 33.0, 33.0, 33.0, 33.0, 33.0, 33.0, 33.0, 33.0, 33.0, 33.0, 33.0, 33.0, 33.0, 33.0, 33.0, 33.0, 33.0, 33.0, 33.0, 33.0, 33.0, 33.0, 33.0, 33.0, 33.0, 33.0, 33.0, 33.0, 33.0, 33.0, 33.0, 33.0, 33.0, 33.0, 33.0, 33.0, 33.0, 33.0, 33.0, 33.0, 33.0, 33.0, 33.0, 33.0]",COMPLETE
