,number,value,datetime_start,datetime_complete,duration,params_batch_size_scaler,params_constant_learning_rate,params_depth,params_epochs,params_kernel_l2,params_num_trees,params_temperature,user_attrs_accuracy_test,user_attrs_accuracy_valid,user_attrs_approximate_feature_sparsity,user_attrs_approximate_feature_sparsity_history,user_attrs_approximate_weight_sparsity,user_attrs_approximate_weight_sparsity_history,user_attrs_auc_test,user_attrs_auc_valid,user_attrs_feature_sparsity,user_attrs_feature_sparsity_history,user_attrs_num_epochs,user_attrs_val_loss_history,user_attrs_weight_sparsity,user_attrs_weight_sparsity_history,state
144,144,0.9189756669371771,2024-08-31 06:37:11.029965,2024-08-31 06:39:36.231843,0 days 00:02:25.201878,64,0.6267886065886143,6,425,0.07855258596510743,31,0.00016863670952471744,0.926,0.9225,33,"[33, 33, 33, 33, 33, 33, 33, 33, 33, 33, 33, 33, 33, 33, 33, 33, 33, 33, 33, 33, 33, 33, 33, 33, 33, 33, 33, 33, 33, 33, 33, 33, 33, 33, 33, 33, 33, 33, 33, 33, 33, 33, 33, 33, 33, 33, 33, 33, 33, 33, 33, 33, 33, 33, 33, 33, 33, 33, 33, 33, 33, 33, 33, 33, 33, 33, 33, 33, 33, 33, 33, 33, 33, 33, 33, 33, 33, 33, 33, 33, 33, 33, 33, 33, 33, 33, 33, 33, 33, 33, 33, 33, 33, 33, 33, 33, 33, 33, 33, 33, 33, 33, 33, 33, 33, 33, 33, 33, 33, 33, 33, 33, 33, 33, 33, 33, 33, 33, 33, 33, 33, 33, 33, 33, 33, 33, 33, 33, 33, 33, 33, 33, 33, 33, 33, 33, 33, 33, 33, 33, 33, 33, 33, 33, 33, 33, 33, 33, 33, 33, 33, 33, 33, 33, 33, 33, 33, 33, 33, 33, 33, 33, 33, 33, 33, 33, 33, 33, 33, 33, 33, 33, 33, 33, 33, 33, 33, 33, 33, 33, 33, 33, 33, 33, 33, 33, 33, 33, 33, 33, 33, 33, 33, 33, 33, 33, 33, 33, 33, 33, 33, 33, 33, 33, 33, 33, 33, 33, 33, 33, 33, 33, 33, 33, 33, 33, 33, 33, 33, 33, 33, 33, 33, 33, 33, 33, 33, 33, 33, 33, 33, 33, 33, 33, 33, 33, 33, 33, 33, 33, 33, 33, 33, 33, 33, 33, 33, 33, 33, 33, 33, 33, 33, 33, 33, 33, 33, 33, 33, 33, 33, 33, 33, 33, 33, 33, 33, 33, 33, 33, 33, 33, 33, 33, 33, 33, 33, 33, 33, 33, 33, 33, 33, 33, 33, 33, 33, 33, 33, 33, 33, 33, 33, 33, 33, 33, 33, 33, 33, 33, 33, 33, 33, 33, 33, 33, 33, 33, 33, 33, 33, 33, 33, 33, 33, 33, 33, 33, 33, 33, 33, 33, 33, 33, 33, 33, 33, 33, 33, 33, 33, 33, 33, 33, 33, 33, 33, 33, 33, 33, 33, 33, 33, 33, 33, 33, 33, 33, 33, 33, 33, 33, 33, 33, 33, 33, 33, 33, 33, 33, 33, 33, 33, 33, 33, 33, 33, 33, 33, 33, 33, 33, 33, 33, 33, 33, 33, 33, 33, 33, 33, 33, 33, 33, 33, 33, 33, 33, 33, 33, 33, 33, 33, 33, 33, 33, 33, 33, 33, 33, 33, 33, 33, 33, 33, 33, 33, 33, 33, 33, 33, 33, 33, 33, 33, 33, 33, 33, 33, 33, 33, 33, 33, 33, 33]",32.943164362519205,"[32.95750128008193, 32.94726062467998, 32.9426523297491, 32.93189964157706, 32.927291346646186, 32.93241167434716, 32.93599590373784, 32.93087557603687, 32.935483870967744, 32.92985151049667, 32.92831541218638, 32.933947772657454, 32.93394777265745, 32.938044034818226, 32.93753200204813, 32.93087557603687, 32.935483870967744, 32.94265232974911, 32.940604198668716, 32.940604198668716, 32.9441884280594, 32.9441884280594, 32.94521249359959, 32.93906810035842, 32.93753200204813, 32.944700460829495, 32.93241167434716, 32.934459805427544, 32.92985151049667, 32.93753200204813, 32.94009216589862, 32.93189964157706, 32.93701996927803, 32.94572452636969, 32.943676395289295, 32.93650793650794, 32.942140296979005, 32.9431643625192, 32.93599590373784, 32.92933947772657, 32.93343573988735, 32.93189964157706, 32.93343573988735, 32.93650793650794, 32.93497183819764, 32.94111623143882, 32.93958013312852, 32.94265232974911, 32.94162826420891, 32.94162826420891, 32.94009216589861, 32.9426523297491, 32.946236559139784, 32.94777265745008, 32.94265232974911, 32.9441884280594, 32.940604198668716, 32.9426523297491, 32.93753200204813, 32.93958013312852, 32.9441884280594, 32.94572452636969, 32.94982078853047, 32.946236559139784, 32.94777265745007, 32.94521249359959, 32.944700460829495, 32.939580133128516, 32.93906810035842, 32.943164362519205, 32.95186891961085, 32.951356886840756, 32.94879672299027, 32.94265232974911, 32.940604198668716, 32.93753200204814, 32.94162826420891, 32.93701996927803, 32.93650793650794, 32.93445980542755, 32.935483870967744, 32.93753200204813, 32.94111623143881, 32.93701996927803, 32.93753200204813, 32.93394777265745, 32.938044034818226, 32.93241167434716, 32.931387608806965, 32.933947772657454, 32.93599590373784, 32.92677931387609, 32.93701996927803, 32.93394777265745, 32.94111623143881, 32.93958013312852, 32.942140296979005, 32.943676395289295, 32.94828469022018, 32.94623655913979, 32.94418842805939, 32.94162826420891, 32.94162826420891, 32.94111623143881, 32.94470046082949, 32.9431643625192, 32.94521249359959, 32.94111623143881, 32.93958013312852, 32.943164362519205, 32.93394777265745, 32.93701996927803, 32.9426523297491, 32.94418842805939, 32.94111623143881, 32.93855606758832, 32.942140296979005, 32.93958013312852, 32.9426523297491, 32.94162826420891, 32.93958013312852, 32.94009216589862, 32.940604198668716, 32.940604198668716, 32.94162826420891, 32.9426523297491, 32.942140296979005, 32.94111623143881, 32.94162826420891, 32.93753200204813, 32.9431643625192, 32.934459805427544, 32.93701996927803, 32.93497183819764, 32.94009216589862, 32.940604198668716, 32.9426523297491, 32.94162826420891, 32.94162826420891, 32.939068100358426, 32.9426523297491, 32.939580133128516, 32.9441884280594, 32.940604198668716, 32.943164362519205, 32.94111623143881, 32.9436763952893, 32.938044034818226, 32.93650793650794, 32.935483870967744, 32.93701996927803, 32.9426523297491, 32.93701996927803, 32.93855606758832, 32.938044034818226, 32.939068100358426, 32.940604198668716, 32.94162826420891, 32.93394777265745, 32.93906810035842, 32.93855606758833, 32.93753200204813, 32.93241167434716, 32.93650793650794, 32.93804403481823, 32.93701996927803, 32.93343573988736, 32.93701996927803, 32.93753200204814, 32.931387608806965, 32.94162826420891, 32.943676395289295, 32.93906810035842, 32.935483870967744, 32.93599590373784, 32.93394777265745, 32.93189964157706, 32.93855606758833, 32.94162826420891, 32.940604198668716, 32.944700460829495, 32.94930875576037, 32.94470046082949, 32.942140296979005, 32.93650793650794, 32.939580133128516, 32.945724526369695, 32.94726062467998, 32.94521249359959, 32.944700460829495, 32.9426523297491, 32.941116231438805, 32.94674859190988, 32.95135688684076, 32.946236559139784, 32.95186891961085, 32.95135688684076, 32.943676395289295, 32.93804403481823, 32.94009216589862, 32.9436763952893, 32.93855606758833, 32.941628264208916, 32.94009216589862, 32.940604198668716, 32.938044034818226, 32.94470046082949, 32.94726062467998, 32.93958013312852, 32.9441884280594, 32.94162826420891, 32.93701996927803, 32.93701996927803, 32.93958013312852, 32.93906810035842, 32.940604198668716, 32.94111623143881, 32.942140296979005, 32.943676395289295, 32.93650793650794, 32.938044034818226, 32.9431643625192, 32.93753200204813, 32.935483870967744, 32.942140296979005, 32.94265232974911, 32.935483870967744, 32.93445980542755, 32.93701996927803, 32.93241167434716, 32.93701996927803, 32.92933947772658, 32.93497183819765, 32.93241167434716, 32.93650793650794, 32.93701996927803, 32.94162826420891, 32.93958013312852, 32.938044034818226, 32.93855606758833, 32.93650793650794, 32.94572452636969, 32.942140296979005, 32.94060419866871, 32.941628264208916, 32.944700460829495, 32.94009216589862, 32.93855606758833, 32.935483870967744, 32.93497183819765, 32.931387608806965, 32.93650793650794, 32.93497183819764, 32.93343573988736, 32.935483870967744, 32.93855606758833, 32.93804403481823, 32.93650793650794, 32.942140296979005, 32.93855606758833, 32.94265232974911, 32.94111623143881, 32.944700460829495, 32.94572452636969, 32.939068100358426, 32.944700460829495, 32.94777265745008, 32.94521249359959, 32.946236559139784, 32.955453149001535, 32.951356886840756, 32.95340501792115, 32.948796722990274, 32.94930875576037, 32.95340501792115, 32.943164362519205, 32.9436763952893, 32.94521249359959, 32.9441884280594, 32.94879672299027, 32.94162826420891, 32.93958013312852, 32.94162826420891, 32.9436763952893, 32.94521249359959, 32.94674859190988, 32.9431643625192, 32.940604198668716, 32.939068100358426, 32.943164362519205, 32.940604198668716, 32.94111623143881, 32.93445980542755, 32.94009216589862, 32.939068100358426, 32.9436763952893, 32.94009216589861, 32.94009216589862, 32.94572452636969, 32.939068100358426, 32.93753200204813, 32.93394777265745, 32.94111623143881, 32.93753200204814, 32.940604198668716, 32.93804403481823, 32.94265232974911, 32.94162826420891, 32.94418842805939, 32.9436763952893, 32.94777265745008, 32.942140296979005, 32.94009216589862, 32.9426523297491, 32.932923707117254, 32.93343573988735, 32.942140296979005, 32.940604198668716, 32.93958013312852, 32.93343573988736, 32.93855606758832, 32.94111623143882, 32.93753200204813, 32.935483870967744, 32.939068100358426, 32.93804403481823, 32.93855606758832, 32.943164362519205, 32.94674859190988, 32.943164362519205, 32.9426523297491, 32.948796722990274, 32.94470046082949, 32.9431643625192, 32.94521249359959, 32.93958013312852, 32.940604198668716, 32.943164362519205, 32.94162826420891, 32.942140296979005, 32.9426523297491, 32.94777265745008, 32.942140296979005, 32.94214029697901, 32.9441884280594, 32.939068100358426, 32.94111623143881, 32.935483870967744, 32.940604198668716, 32.93958013312852, 32.939068100358426, 32.94009216589862, 32.9436763952893, 32.93855606758832, 32.94009216589862, 32.93855606758833, 32.93855606758832, 32.9431643625192, 32.9426523297491, 32.94726062467998, 32.94726062467998, 32.94265232974911, 32.94265232974911, 32.94572452636969, 32.940604198668716, 32.94009216589862, 32.93855606758833, 32.942140296979005, 32.9426523297491, 32.94009216589862, 32.9426523297491, 32.94009216589862, 32.94111623143881, 32.932923707117254, 32.93394777265745, 32.93394777265745, 32.931387608806965, 32.93189964157706, 32.92933947772657, 32.928827444956475, 32.93189964157706, 32.938044034818226, 32.93394777265745, 32.93343573988735, 32.931387608806965, 32.938044034818226, 32.93394777265745, 32.93650793650794, 32.93753200204814, 32.93445980542755, 32.93394777265745, 32.93343573988735, 32.93497183819765, 32.93343573988735, 32.934459805427544, 32.93394777265745, 32.93804403481823, 32.939580133128516, 32.93497183819765, 32.93394777265745, 32.934459805427544, 32.93599590373784, 32.93701996927803, 32.94009216589862, 32.94111623143881, 32.9441884280594, 32.94265232974911, 32.940604198668716, 32.94521249359959, 32.942140296979005, 32.94009216589862, 32.939068100358426, 32.93753200204813, 32.93855606758833, 32.9426523297491, 32.942140296979005, 32.93753200204813, 32.943164362519205, 32.943164362519205, 32.9436763952893, 32.94265232974911, 32.940604198668716, 32.94265232974911, 32.9436763952893, 32.943164362519205]",0.903491607427406,0.9189756669371771,33,"[33, 33, 33, 33, 33, 33, 33, 33, 33, 33, 33, 33, 33, 33, 33, 33, 33, 33, 33, 33, 33, 33, 33, 33, 33, 33, 33, 33, 33, 33, 33, 33, 33, 33, 33, 33, 33, 33, 33, 33, 33, 33, 33, 33, 33, 33, 33, 33, 33, 33, 33, 33, 33, 33, 33, 33, 33, 33, 33, 33, 33, 33, 33, 33, 33, 33, 33, 33, 33, 33, 33, 33, 33, 33, 33, 33, 33, 33, 33, 33, 33, 33, 33, 33, 33, 33, 33, 33, 33, 33, 33, 33, 33, 33, 33, 33, 33, 33, 33, 33, 33, 33, 33, 33, 33, 33, 33, 33, 33, 33, 33, 33, 33, 33, 33, 33, 33, 33, 33, 33, 33, 33, 33, 33, 33, 33, 33, 33, 33, 33, 33, 33, 33, 33, 33, 33, 33, 33, 33, 33, 33, 33, 33, 33, 33, 33, 33, 33, 33, 33, 33, 33, 33, 33, 33, 33, 33, 33, 33, 33, 33, 33, 33, 33, 33, 33, 33, 33, 33, 33, 33, 33, 33, 33, 33, 33, 33, 33, 33, 33, 33, 33, 33, 33, 33, 33, 33, 33, 33, 33, 33, 33, 33, 33, 33, 33, 33, 33, 33, 33, 33, 33, 33, 33, 33, 33, 33, 33, 33, 33, 33, 33, 33, 33, 33, 33, 33, 33, 33, 33, 33, 33, 33, 33, 33, 33, 33, 33, 33, 33, 33, 33, 33, 33, 33, 33, 33, 33, 33, 33, 33, 33, 33, 33, 33, 33, 33, 33, 33, 33, 33, 33, 33, 33, 33, 33, 33, 33, 33, 33, 33, 33, 33, 33, 33, 33, 33, 33, 33, 33, 33, 33, 33, 33, 33, 33, 33, 33, 33, 33, 33, 33, 33, 33, 33, 33, 33, 33, 33, 33, 33, 33, 33, 33, 33, 33, 33, 33, 33, 33, 33, 33, 33, 33, 33, 33, 33, 33, 33, 33, 33, 33, 33, 33, 33, 33, 33, 33, 33, 33, 33, 33, 33, 33, 33, 33, 33, 33, 33, 33, 33, 33, 33, 33, 33, 33, 33, 33, 33, 33, 33, 33, 33, 33, 33, 33, 33, 33, 33, 33, 33, 33, 33, 33, 33, 33, 33, 33, 33, 33, 33, 33, 33, 33, 33, 33, 33, 33, 33, 33, 33, 33, 33, 33, 33, 33, 33, 33, 33, 33, 33, 33, 33, 33, 33, 33, 33, 33, 33, 33, 33, 33, 33, 33, 33, 33, 33, 33, 33, 33, 33, 33, 33, 33, 33, 33, 33, 33, 33, 33, 33, 33, 33, 33, 33, 33, 33, 33, 33, 33, 33, 33, 33, 33, 33]",425,"[0.48806723952293396, 0.4322779178619385, 0.40935152769088745, 0.400475412607193, 0.395099937915802, 0.3918336033821106, 0.3892344534397125, 0.38707515597343445, 0.385282963514328, 0.3838016390800476, 0.3825792670249939, 0.38110268115997314, 0.3797801733016968, 0.3783420920372009, 0.37731465697288513, 0.376020610332489, 0.3756147623062134, 0.37459564208984375, 0.3740856945514679, 0.3733363449573517, 0.3720468580722809, 0.37146487832069397, 0.37088316679000854, 0.37024548649787903, 0.3696829080581665, 0.36909934878349304, 0.3686383068561554, 0.3676040768623352, 0.36687418818473816, 0.36624661087989807, 0.36570340394973755, 0.36513248085975647, 0.36488625407218933, 0.3643956482410431, 0.36403167247772217, 0.363688588142395, 0.36346644163131714, 0.3626793920993805, 0.3628970682621002, 0.3621732294559479, 0.3617337942123413, 0.36118409037590027, 0.3608696758747101, 0.36032000184059143, 0.3597656488418579, 0.35927829146385193, 0.35884785652160645, 0.3588513433933258, 0.3585485816001892, 0.35782182216644287, 0.357430100440979, 0.35673028230667114, 0.35622137784957886, 0.3555974066257477, 0.35546383261680603, 0.35486918687820435, 0.35438868403434753, 0.3539871275424957, 0.3533708155155182, 0.35311758518218994, 0.3522332012653351, 0.351841002702713, 0.351083368062973, 0.3510262668132782, 0.35024693608283997, 0.3493991196155548, 0.3487362265586853, 0.3490734398365021, 0.34870803356170654, 0.34818920493125916, 0.34723880887031555, 0.34700486063957214, 0.3463905453681946, 0.3457089364528656, 0.345147967338562, 0.3444899618625641, 0.34365975856781006, 0.3428491950035095, 0.3426034152507782, 0.34219062328338623, 0.3414556086063385, 0.34051844477653503, 0.3398893475532532, 0.3394768536090851, 0.33903083205223083, 0.33836692571640015, 0.33758726716041565, 0.3369581699371338, 0.33640530705451965, 0.3360139727592468, 0.33561697602272034, 0.3349264860153198, 0.3341226577758789, 0.3335506021976471, 0.3327377438545227, 0.3320808410644531, 0.3316471576690674, 0.33080384135246277, 0.33021050691604614, 0.32980403304100037, 0.3291853070259094, 0.3281799256801605, 0.3275761902332306, 0.32701319456100464, 0.32647332549095154, 0.3257303535938263, 0.32498204708099365, 0.3242168426513672, 0.32355645298957825, 0.3227194845676422, 0.3218747079372406, 0.3212625980377197, 0.32078152894973755, 0.3199593126773834, 0.3193976581096649, 0.31890347599983215, 0.31820860505104065, 0.31743916869163513, 0.3170548677444458, 0.31640323996543884, 0.3156311810016632, 0.3150472044944763, 0.3142945170402527, 0.3134963810443878, 0.31264543533325195, 0.3124774098396301, 0.31130003929138184, 0.31057801842689514, 0.309784471988678, 0.3091932535171509, 0.30845996737480164, 0.30765146017074585, 0.3070423901081085, 0.30682408809661865, 0.30626413226127625, 0.30577680468559265, 0.30521151423454285, 0.3043322265148163, 0.3035452365875244, 0.3032582700252533, 0.30254846811294556, 0.30204546451568604, 0.30137595534324646, 0.3007403016090393, 0.2998644709587097, 0.2988351583480835, 0.298267126083374, 0.2975478768348694, 0.29704993963241577, 0.2964610755443573, 0.2956329882144928, 0.2948775887489319, 0.2941471338272095, 0.2935464680194855, 0.2929575443267822, 0.29244062304496765, 0.2913234829902649, 0.29061219096183777, 0.28988635540008545, 0.28920572996139526, 0.288457453250885, 0.28780126571655273, 0.2872796952724457, 0.28666701912879944, 0.2861328721046448, 0.285554975271225, 0.2850409150123596, 0.28435227274894714, 0.2840140759944916, 0.28342729806900024, 0.2829008996486664, 0.2824499309062958, 0.2816130518913269, 0.28081458806991577, 0.2801268398761749, 0.27973753213882446, 0.2792814075946808, 0.27875515818595886, 0.27794137597084045, 0.27760639786720276, 0.27733752131462097, 0.27704018354415894, 0.27652087807655334, 0.27626046538352966, 0.2757323384284973, 0.27503442764282227, 0.2747873067855835, 0.2747673988342285, 0.2745567858219147, 0.2743586003780365, 0.2732909619808197, 0.27257871627807617, 0.27207836508750916, 0.2714695632457733, 0.27132564783096313, 0.27109864354133606, 0.27112630009651184, 0.2704296410083771, 0.2692970931529999, 0.26891598105430603, 0.26803213357925415, 0.26724889874458313, 0.266825795173645, 0.2666621208190918, 0.26586678624153137, 0.2655060887336731, 0.26465991139411926, 0.2644824683666229, 0.26431751251220703, 0.2632899284362793, 0.2631639540195465, 0.262945294380188, 0.2626853287220001, 0.2624245584011078, 0.26221829652786255, 0.2619868814945221, 0.2616681754589081, 0.26140183210372925, 0.2608244717121124, 0.26061245799064636, 0.26043838262557983, 0.2603726089000702, 0.26018375158309937, 0.2603990137577057, 0.25982236862182617, 0.2591961622238159, 0.2587742805480957, 0.25804609060287476, 0.2579030394554138, 0.2575962245464325, 0.2570968270301819, 0.2565511465072632, 0.256474107503891, 0.25616589188575745, 0.2556597888469696, 0.25577953457832336, 0.2554457187652588, 0.2548390030860901, 0.2542233467102051, 0.2540591359138489, 0.2538541257381439, 0.25336453318595886, 0.25346148014068604, 0.25336501002311707, 0.25274839997291565, 0.2523594796657562, 0.2523610591888428, 0.25232523679733276, 0.2516380250453949, 0.25127387046813965, 0.25075700879096985, 0.2505294680595398, 0.2506343424320221, 0.2503156065940857, 0.2501267194747925, 0.2504177689552307, 0.2503755986690521, 0.25030094385147095, 0.24987806379795074, 0.2496567666530609, 0.24923181533813477, 0.24919652938842773, 0.2486235797405243, 0.24825197458267212, 0.2482140213251114, 0.247707799077034, 0.24695312976837158, 0.24691084027290344, 0.24674540758132935, 0.24727918207645416, 0.24690566956996918, 0.24663420021533966, 0.24608607590198517, 0.2456672042608261, 0.24530254304409027, 0.24483515322208405, 0.24447119235992432, 0.2446734607219696, 0.24463072419166565, 0.24413295090198517, 0.2438374012708664, 0.24360747635364532, 0.2433723509311676, 0.24323564767837524, 0.24269241094589233, 0.2425224632024765, 0.24204975366592407, 0.24160434305667877, 0.2405334860086441, 0.24031656980514526, 0.2405051589012146, 0.24047458171844482, 0.24023374915122986, 0.24009567499160767, 0.23961621522903442, 0.2391992062330246, 0.23914600908756256, 0.23892445862293243, 0.23903106153011322, 0.2389664649963379, 0.23868650197982788, 0.2388404905796051, 0.2392996847629547, 0.23865211009979248, 0.23775582015514374, 0.23732618987560272, 0.237468421459198, 0.23753514885902405, 0.23722882568836212, 0.2367536425590515, 0.2362801730632782, 0.23582370579242706, 0.2359001487493515, 0.23544946312904358, 0.23516637086868286, 0.23497837781906128, 0.23462969064712524, 0.2347698211669922, 0.23458030819892883, 0.234866201877594, 0.23494459688663483, 0.23352478444576263, 0.2332349568605423, 0.23280669748783112, 0.2321549355983734, 0.23197944462299347, 0.23176254332065582, 0.23140457272529602, 0.23182570934295654, 0.2317449152469635, 0.23141703009605408, 0.2311783730983734, 0.23096579313278198, 0.23035725951194763, 0.23004072904586792, 0.2298406958580017, 0.22893968224525452, 0.22885654866695404, 0.22894901037216187, 0.2286687046289444, 0.22809921205043793, 0.22796952724456787, 0.2280011922121048, 0.228484109044075, 0.22807912528514862, 0.22826625406742096, 0.22767725586891174, 0.2273716777563095, 0.22739478945732117, 0.2274596095085144, 0.22710706293582916, 0.22675281763076782, 0.22656840085983276, 0.226165309548378, 0.22604721784591675, 0.22592578828334808, 0.22537319362163544, 0.22513943910598755, 0.22485357522964478, 0.22516277432441711, 0.22499972581863403, 0.22541002929210663, 0.22514432668685913, 0.22558553516864777, 0.22475342452526093, 0.22474640607833862, 0.22456958889961243, 0.22547614574432373, 0.22516120970249176, 0.22522591054439545, 0.22464430332183838, 0.22495481371879578, 0.22450000047683716, 0.22477476298809052, 0.22535833716392517, 0.22432485222816467, 0.223454549908638, 0.22305500507354736, 0.22258560359477997, 0.22151124477386475, 0.22147834300994873, 0.22202074527740479, 0.22210466861724854, 0.22207628190517426, 0.2221909463405609, 0.2220401167869568, 0.2214890420436859, 0.22134540975093842, 0.22110535204410553, 0.2218310683965683, 0.22173382341861725, 0.2207610309123993, 0.2200288623571396, 0.2200111448764801, 0.21941952407360077, 0.21934905648231506, 0.2191198170185089, 0.21896666288375854, 0.21932899951934814, 0.21921391785144806, 0.21945570409297943, 0.2185916155576706, 0.21824230253696442, 0.21777896583080292, 0.21702362596988678, 0.21691450476646423, 0.21638603508472443, 0.21600809693336487, 0.2169611155986786, 0.21635662019252777, 0.2159946858882904, 0.21589988470077515, 0.21618534624576569, 0.2157605141401291, 0.21586856245994568, 0.2156367152929306, 0.21586009860038757, 0.2155572772026062, 0.21532213687896729, 0.21529243886470795, 0.21487943828105927, 0.2147224098443985, 0.21433399617671967, 0.21475763618946075, 0.2148645520210266]",33.0,"[33.0, 33.0, 33.0, 33.0, 33.0, 33.0, 33.0, 33.0, 33.0, 33.0, 33.0, 33.0, 33.0, 33.0, 33.0, 33.0, 33.0, 33.0, 33.0, 33.0, 33.0, 33.0, 33.0, 33.0, 33.0, 33.0, 33.0, 33.0, 33.0, 33.0, 33.0, 33.0, 33.0, 33.0, 33.0, 33.0, 33.0, 33.0, 33.0, 33.0, 33.0, 33.0, 33.0, 33.0, 33.0, 33.0, 33.0, 33.0, 33.0, 33.0, 33.0, 33.0, 33.0, 33.0, 33.0, 33.0, 33.0, 33.0, 33.0, 33.0, 33.0, 33.0, 33.0, 33.0, 33.0, 33.0, 33.0, 33.0, 33.0, 33.0, 33.0, 33.0, 33.0, 33.0, 33.0, 33.0, 33.0, 33.0, 33.0, 33.0, 33.0, 33.0, 33.0, 33.0, 33.0, 33.0, 33.0, 33.0, 33.0, 33.0, 33.0, 33.0, 33.0, 33.0, 33.0, 33.0, 33.0, 33.0, 33.0, 33.0, 33.0, 33.0, 33.0, 33.0, 33.0, 33.0, 33.0, 33.0, 33.0, 33.0, 33.0, 33.0, 33.0, 33.0, 33.0, 33.0, 33.0, 33.0, 33.0, 33.0, 33.0, 33.0, 33.0, 33.0, 33.0, 33.0, 33.0, 33.0, 33.0, 33.0, 33.0, 33.0, 33.0, 33.0, 33.0, 33.0, 33.0, 