,number,value,datetime_start,datetime_complete,duration,params_batch_size_scaler,params_constant_learning_rate,params_depth,params_epochs,params_kernel_l2,params_num_trees,params_temperature,user_attrs_accuracy_test,user_attrs_accuracy_valid,user_attrs_approximate_feature_sparsity,user_attrs_approximate_feature_sparsity_history,user_attrs_approximate_weight_sparsity,user_attrs_approximate_weight_sparsity_history,user_attrs_auc_test,user_attrs_auc_valid,user_attrs_feature_sparsity,user_attrs_feature_sparsity_history,user_attrs_num_epochs,user_attrs_val_loss_history,user_attrs_weight_sparsity,user_attrs_weight_sparsity_history,state
126,126,0.6716002627816207,2024-08-31 06:04:27.624232,2024-08-31 06:04:32.776321,0 days 00:00:05.152089,64,0.019447976946117055,3,30,0.3591859151420994,64,0.009789211812157693,0.859,0.85875,33,"[33, 33, 33, 33, 33, 33, 33, 33, 33, 33, 33, 33, 33, 33, 33, 33, 33, 33, 33, 33, 33, 33, 33, 33, 33, 33, 33, 33, 33, 33]",32.955357142857146,"[32.97767857142857, 32.973214285714285, 32.97544642857143, 32.973214285714285, 32.970982142857146, 32.97098214285714, 32.973214285714285, 32.964285714285715, 32.96205357142857, 32.964285714285715, 32.970982142857146, 32.97767857142857, 32.97767857142857, 32.97767857142857, 32.97544642857143, 32.973214285714285, 32.97098214285714, 32.973214285714285, 32.96651785714286, 32.973214285714285, 32.97098214285714, 32.964285714285715, 32.95982142857143, 32.96205357142857, 32.964285714285715, 32.964285714285715, 32.964285714285715, 32.957589285714285, 32.955357142857146, 32.955357142857146]",0.6995269115497982,0.6716002627816207,33,"[33, 33, 33, 33, 33, 33, 33, 33, 33, 33, 33, 33, 33, 33, 33, 33, 33, 33, 33, 33, 33, 33, 33, 33, 33, 33, 33, 33, 33, 33]",30,"[0.7321905493736267, 0.6083966493606567, 0.5418089032173157, 0.5055239200592041, 0.48697125911712646, 0.4764293432235718, 0.4690176844596863, 0.4648159146308899, 0.46105021238327026, 0.45806658267974854, 0.45650750398635864, 0.45530927181243896, 0.45434796810150146, 0.45340362191200256, 0.4525720477104187, 0.45188701152801514, 0.4512581527233124, 0.45078301429748535, 0.4502183198928833, 0.4497872292995453, 0.4494200646877289, 0.4490598440170288, 0.44870471954345703, 0.448332279920578, 0.44801026582717896, 0.44764038920402527, 0.4472600817680359, 0.44684019684791565, 0.4464660584926605, 0.44615232944488525]",33.0,"[33.0, 33.0, 33.0, 33.0, 33.0, 33.0, 33.0, 33.0, 33.0, 33.0, 33.0, 33.0, 33.0, 33.0, 33.0, 33.0, 33.0, 33.0, 33.0, 33.0, 33.0, 33.0, 33.0, 33.0, 33.0, 33.0, 33.0, 33.0, 33.0, 33.0]",COMPLETE
127,127,0.5,2024-08-31 06:04:35.548866,2024-08-31 06:05:51.430004,0 days 00:01:15.881138,64,9.630614134899963,5,335,0.02008956440846212,23,0.0053372948523115905,0.859,0.85875,0,"[33, 3, 0, 0, 0, 0, 0, 0, 0, 0, 0, 0, 0, 0, 0, 0, 0, 0, 0, 0, 0, 0, 0, 0, 0, 0, 0, 0, 0, 0, 0, 0, 0, 0, 0, 0, 0, 0, 0, 0, 0, 0, 0, 0, 0, 0, 0, 0, 0, 0, 0, 0, 0, 0, 0, 0, 0, 0, 0, 0, 0, 0, 0, 0, 0, 0, 0, 0, 0, 0, 0, 0, 0, 0, 0, 0, 0, 0, 0, 0, 0, 0, 0, 0, 0, 0, 0, 0, 0, 0, 0, 0, 0, 0, 0, 0, 0, 0, 0, 0, 0, 0, 0, 0, 0, 0, 0, 0, 0, 0, 0, 0, 0, 0, 0, 0, 0, 0, 0, 0, 0, 0, 0, 0, 0, 0, 0, 0, 0, 0, 0, 0, 0, 0, 0, 0, 0, 0, 0, 0, 0, 0, 0, 0, 0, 0, 0, 0, 0, 0, 0, 0, 0, 0, 0, 0, 0, 0, 0, 0, 0, 0, 0, 0, 0, 0, 0, 0, 0, 0, 0, 0, 0, 0, 0, 0, 0, 0, 0, 0, 0, 0, 0, 0, 0, 0, 0, 0, 0, 0, 0, 0, 0, 0, 0, 0, 0, 0, 0, 0, 0, 0, 0, 0, 0, 0, 0, 0, 0, 0, 0, 0, 0, 0, 0, 0, 0, 0, 0, 0, 0, 0, 0, 0, 0, 0, 0, 0, 0, 0, 0, 0, 0, 0, 0, 0, 0, 0, 0, 0, 0, 0, 0, 0, 0, 0, 0, 0, 0, 0, 0, 0, 0, 0, 0, 0, 0, 0, 0, 0, 0, 0, 0, 0, 0, 0, 0, 0, 0, 0, 0, 0, 0, 0, 0, 0, 0, 0, 0, 0, 0, 0, 0, 0, 0, 0, 0, 0, 0, 0, 0, 0, 0, 0, 0, 0, 0, 0, 0, 0, 0, 0, 0, 0, 0, 0, 0, 0, 0, 0, 0, 0, 0, 0, 0, 0, 0, 0, 0, 0, 0, 0, 0, 0, 0, 0, 0, 0, 0, 0, 0, 0, 0, 0, 0]",0.0,"[32.95792426367461, 2.9929873772791025, 0.0, 0.0, 0.0, 0.0, 0.0, 0.0, 0.0, 0.0, 0.0, 0.0, 0.0, 0.0, 0.0, 0.0, 0.0, 0.0, 0.0, 0.0, 0.0, 0.0, 0.0, 0.0, 0.0, 0.0, 0.0, 0.0, 0.0, 0.0, 0.0, 0.0, 0.0, 0.0, 0.0, 0.0, 0.0, 0.0, 0.0, 0.0, 0.0, 0.0, 0.0, 0.0, 0.0, 0.0, 0.0, 0.0, 0.0, 0.0, 0.0, 0.0, 0.0, 0.0, 0.0, 0.0, 0.0, 0.0, 0.0, 0.0, 0.0, 0.0, 0.0, 0.0, 0.0, 0.0, 0.0, 0.0, 0.0, 0.0, 0.0, 0.0, 0.0, 0.0, 0.0, 0.0, 0.0, 0.0, 0.0, 0.0, 0.0, 0.0, 0.0, 0.0, 0.0, 0.0, 0.0, 0.0, 0.0, 0.0, 0.0, 0.0, 0.0, 0.0, 0.0, 0.0, 0.0, 0.0, 0.0, 0.0, 0.0, 0.0, 0.0, 0.0, 0.0, 0.0, 0.0, 0.0, 0.0, 0.0, 0.0, 0.0, 0.0, 0.0, 0.0, 0.0, 0.0, 0.0, 0.0, 0.0, 0.0, 0.0, 0.0, 0.0, 0.0, 0.0, 0.0, 0.0, 0.0, 0.0, 0.0, 0.0, 0.0, 0.0, 0.0, 0.0, 0.0, 0.0, 0.0, 0.0, 0.0, 0.0, 0.0, 0.0, 0.0, 0.0, 0.0, 0.0, 0.0, 0.0, 0.0, 0.0, 0.0, 0.0, 0.0, 0.0, 0.0, 0.0, 0.0, 0.0, 0.0, 0.0, 0.0, 0.0, 0.0, 0.0, 0.0, 0.0, 0.0, 0.0, 0.0, 0.0, 0.0, 0.0, 0.0, 0.0, 0.0, 0.0, 0.0, 0.0, 0.0, 0.0, 0.0, 0.0, 0.0, 0.0, 0.0, 0.0, 0.0, 0.0, 0.0, 0.0, 0.0, 0.0, 0.0, 0.0, 0.0, 0.0, 0.0, 0.0, 0.0, 0.0, 0.0, 0.0, 0.0, 0.0, 0.0, 0.0, 0.0, 0.0, 0.0, 0.0, 0.0, 0.0, 0.0, 0.0, 0.0, 0.0, 0.0, 0.0, 0.0, 0.0, 0.0, 0.0, 0.0, 0.0, 0.0, 0.0, 0.0, 0.0, 0.0, 0.0, 0.0, 0.0, 0.0, 0.0, 0.0, 0.0, 0.0, 0.0, 0.0, 0.0, 0.0, 0.0, 0.0, 0.0, 0.0, 0.0, 0.0, 0.0, 0.0, 0.0, 0.0, 0.0, 0.0, 0.0, 0.0, 0.0, 0.0, 0.0, 0.0, 0.0, 0.0, 0.0, 0.0, 0.0, 0.0, 0.0, 0.0, 0.0, 0.0, 0.0, 0.0, 0.0, 0.0, 0.0, 0.0, 0.0, 0.0, 0.0, 0.0, 0.0, 0.0, 0.0, 0.0, 0.0, 0.0, 0.0, 0.0, 0.0, 0.0, 0.0, 0.0, 0.0, 0.0, 0.0, 0.0, 0.0, 0.0, 0.0, 0.0, 0.0, 0.0, 0.0, 0.0, 0.0, 0.0, 0.0, 0.0, 0.0, 0.0, 0.0, 0.0, 0.0, 0.0, 0.0, 0.0, 0.0, 0.0, 0.0, 0.0, 0.0, 0.0, 0.0, 0.0, 0.0, 0.0, 0.0, 0.0, 0.0, 0.0, 0.0, 0.0, 0.0, 0.0]",0.5,0.5,0,"[33, 3, 0, 0, 0, 0, 0, 0, 0, 0, 0, 0, 0, 0, 0, 0, 0, 0, 0, 0, 0, 0, 0, 0, 0, 0, 0, 0, 0, 0, 0, 0, 0, 0, 0, 0, 0, 0, 0, 0, 0, 0, 0, 0, 0, 0, 0, 0, 0, 0, 0, 0, 0, 0, 0, 0, 0, 0, 0, 0, 0, 0, 0, 0, 0, 0, 0, 0, 0, 0, 0, 0, 0, 0, 0, 0, 0, 0, 0, 0, 0, 0, 0, 0, 0, 0, 0, 0, 0, 0, 0, 0, 0, 0, 0, 0, 0, 0, 0, 0, 0, 0, 0, 0, 0, 0, 0, 0, 0, 0, 0, 0, 0, 0, 0, 0, 0, 0, 0, 0, 0, 0, 0, 0, 0, 0, 0, 0, 0, 0, 0, 0, 0, 0, 0, 0, 0, 0, 0, 0, 0, 0, 0, 0, 0, 0, 0, 0, 0, 0, 0, 0, 0, 0, 0, 0, 0, 0, 0, 0, 0, 0, 0, 0, 0, 0, 0, 0, 0, 0, 0, 0, 0, 0, 0, 0, 0, 0, 0, 0, 0, 0, 0, 0, 0, 0, 0, 0, 0, 0, 0, 0, 0, 0, 0, 0, 0, 0, 0, 0, 0, 0, 0, 0, 0, 0, 0, 0, 0, 0, 0, 0, 0, 0, 0, 0, 0, 0, 0, 0, 0, 0, 0, 0, 0, 0, 0, 0, 0, 0, 0, 0, 0, 0, 0, 0, 0, 0, 0, 0, 0, 0, 0, 0, 0, 0, 0, 0, 0, 0, 0, 0, 0, 0, 0, 0, 0, 0, 0, 0, 0, 0, 0, 0, 0, 0, 0, 0, 0, 0, 0, 0, 0, 0, 0, 0, 0, 0, 0, 0, 0, 0, 0, 0, 0, 0, 0, 0, 0, 0, 0, 0, 0, 0, 0, 0, 0, 0, 0, 0, 0, 0, 0, 0, 0, 0, 0, 0, 0, 0, 0, 0, 0, 0, 0, 0, 0, 0, 0, 0, 0, 0, 0, 0, 0, 0, 0, 0, 0, 0, 0, 0, 0, 0, 0]",335,"[0.39745795726776123, 0.38334569334983826, 0.4096846878528595, 0.41169998049736023, 0.4096483588218689, 0.414468914270401, 0.42020249366760254, 0.454666405916214, 0.42103445529937744, 0.4198751747608185, 0.4513852000236511, 0.4072611629962921, 0.40728241205215454, 0.4149533808231354, 0.40836241841316223, 0.4144425690174103, 0.4169885218143463, 0.4080815613269806, 0.40804538130760193, 0.41490745544433594, 0.4187332093715668, 0.4172917902469635, 0.4099012613296509, 0.4082430899143219, 0.4089834690093994, 0.40723082423210144, 0.4111754298210144, 0.4502919912338257, 0.42067429423332214, 0.4253864288330078, 0.4111180901527405, 0.407421350479126, 0.4083389937877655, 0.4072408974170685, 0.4072344899177551, 0.4242030680179596, 0.4603329598903656, 0.41100403666496277, 0.41183266043663025, 0.4074360728263855, 0.42214488983154297, 0.42352330684661865, 0.40813538432121277, 0.41390281915664673, 0.4095973074436188, 0.4083375930786133, 0.41005247831344604, 0.4136148691177368, 0.42425572872161865, 0.4212803542613983, 0.41342344880104065, 0.40741828083992004, 0.412873774766922, 0.419482946395874, 0.43399113416671753, 0.41223978996276855, 0.41741111874580383, 0.4413197636604309, 0.4334484934806824, 0.41364550590515137, 0.48186972737312317, 0.40757042169570923, 0.4080578088760376, 0.41454392671585083, 0.41639816761016846, 0.4383716583251953, 0.4090878963470459, 0.4580651819705963, 0.40917152166366577, 0.42705467343330383, 0.40940147638320923, 0.4227030277252197, 0.4227568805217743, 0.40722617506980896, 0.4115554094314575, 0.40821999311447144, 0.40722641348838806, 0.41461288928985596, 0.40824180841445923, 0.4078781008720398, 0.4085782766342163, 0.41712668538093567, 0.42348167300224304, 0.4126783013343811, 0.41896888613700867, 0.4374084770679474, 0.4095801115036011, 0.4223344326019287, 0.40726619958877563, 0.4073096513748169, 0.41420814394950867, 0.4085668921470642, 0.41527315974235535, 0.42334094643592834, 0.41487425565719604, 0.4084106385707855, 0.4167742133140564, 0.45059308409690857, 0.41663458943367004, 0.4076980650424957, 0.4100690484046936, 0.4270400106906891, 0.4185580909252167, 0.4141818583011627, 0.4100463390350342, 0.44000011682510376, 0.40828362107276917, 0.42406904697418213, 0.4145953059196472, 0.40864208340644836, 0.40908196568489075, 0.4142186641693115, 0.46215400099754333, 0.4076259732246399, 0.4103682041168213, 0.43246886134147644, 0.4129243791103363, 0.41489285230636597, 0.4134567379951477, 0.4078718423843384, 0.44386160373687744, 0.43028733134269714, 0.4084700047969818, 0.41220560669898987, 0.4243597388267517, 0.4098435938358307, 0.41105520725250244, 0.40729355812072754, 0.4158872365951538, 0.4325648546218872, 0.4204995632171631, 0.4077639877796173, 0.48268264532089233, 0.409078449010849, 0.4695068299770355, 0.41406387090682983, 0.4203003942966461, 0.4090822637081146, 0.4533970355987549, 0.4089900553226471, 0.4099424481391907, 0.4301773011684418, 0.41017258167266846, 0.4106246829032898, 0.4100198447704315, 0.40723463892936707, 0.45603469014167786, 0.4109005630016327, 0.4072589576244354, 0.40724411606788635, 0.40827256441116333, 0.41213470697402954, 0.4235115051269531, 0.4104894995689392, 0.40745967626571655, 0.40837010741233826, 0.41151750087738037, 0.407321959733963, 0.40734532475471497, 0.40931472182273865, 0.4133743345737457, 0.4072597622871399, 0.40727925300598145, 0.42541733384132385, 0.4097212851047516, 0.47013890743255615, 0.40724197030067444, 0.4139094054698944, 0.4141617715358734, 0.5429461598396301, 0.40948858857154846, 0.41229352355003357, 0.42238983511924744, 0.41661393642425537, 0.40723010897636414, 0.4092983901500702, 0.40788450837135315, 0.40724191069602966, 0.41532623767852783, 0.40917274355888367, 0.47373729944229126, 0.5153553485870361, 0.4963316321372986, 0.4151034951210022, 0.4370737373828888, 0.4102233052253723, 0.44703882932662964, 0.41915494203567505, 0.4205564260482788, 0.43093955516815186, 0.41156384348869324, 0.40904495120048523, 0.4117702841758728, 0.41128596663475037, 0.40793120861053467, 0.4135138988494873, 0.4431425929069519, 0.4284397065639496, 0.4505769610404968, 0.40781497955322266, 0.4184573292732239, 0.45671117305755615, 0.40848803520202637, 0.41638344526290894, 0.4088461995124817, 0.4146164357662201, 0.4326910674571991, 0.47365593910217285, 0.41943368315696716, 0.4072629511356354, 0.42631828784942627, 0.4394611716270447, 0.40991029143333435, 0.42780905961990356, 0.4076259732246399, 0.42520391941070557, 0.41004714369773865, 0.4072689116001129, 0.41845405101776123, 0.4305172860622406, 0.42476943135261536, 0.4225141108036041, 0.47745800018310547, 0.4089457392692566, 0.42328253388404846, 0.43092772364616394, 0.41170555353164673, 0.4293352961540222, 0.4105076193809509, 0.4498450458049774, 0.4304429590702057, 0.42543917894363403, 0.4568662941455841, 0.41580894589424133, 0.4079686105251312, 0.40992680191993713, 0.41094791889190674, 0.4109687805175781, 0.426137238740921, 0.423784077167511, 0.4193039834499359, 0.40766990184783936, 0.4086386561393738, 0.40808236598968506, 0.40735629200935364, 0.4195285141468048, 0.40942755341529846, 0.41389891505241394, 0.43045303225517273, 0.41312241554260254, 0.422218918800354, 0.4288911521434784, 0.40783149003982544, 0.41056954860687256, 0.41311538219451904, 0.40985310077667236, 0.40901660919189453, 0.40737611055374146, 0.41234973073005676, 0.44976288080215454, 0.4287014901638031, 0.41027191281318665, 0.4072984755039215, 0.41160523891448975, 0.40935003757476807, 0.41130757331848145, 0.4807898998260498, 0.41526055335998535, 0.4110817611217499, 0.4075319170951843, 0.4209771454334259, 0.4164493680000305, 0.4286842346191406, 0.40865445137023926, 0.40907081961631775, 0.40794238448143005, 0.4101238250732422, 0.4208737909793854, 0.5277549624443054, 0.4534177780151367, 0.5059495568275452, 0.41259080171585083, 0.4075770676136017, 0.4080960750579834, 0.412454217672348, 0.4154459238052368, 0.4338032603263855, 0.4072355031967163, 0.40830832719802856, 0.4089302718639374, 0.4810120761394501, 0.40914925932884216, 0.4384928047657013, 0.4274218678474426, 0.45239314436912537, 0.41833633184432983, 0.42520031332969666, 0.41429999470710754, 0.41307923197746277, 0.41085729002952576, 0.5160688161849976, 0.40740692615509033, 0.40732720494270325, 0.44638100266456604, 0.4083472490310669, 0.41325438022613525, 0.4505648910999298, 0.4119336009025574, 0.4215814471244812, 0.42388924956321716, 0.4078865051269531, 0.44213971495628357, 0.4097305238246918, 0.417343407869339, 0.4408684968948364, 0.44608092308044434, 0.4084988534450531, 0.40786057710647583, 0.46405428647994995, 0.4072698652744293, 0.41216522455215454, 0.45323947072029114, 0.4236151874065399, 0.44486314058303833, 0.40909141302108765, 0.4111185073852539, 0.44437289237976074, 0.4072526693344116, 0.4117134213447571, 0.44471779465675354, 0.4107724726200104, 0.409657746553421, 0.43389174342155457, 0.4078405499458313, 0.42870524525642395]",0.0,"[33.0, 3.0, 0.0, 0.0, 0.0, 0.0, 0.0, 0.0, 0.0, 0.0, 0.0, 0.0, 0.0, 0.0, 0.0, 0.0, 0.0, 0.0, 0.0, 0.0, 0.0, 0.0, 0.0, 0.0, 0.0, 0.0, 0.0, 0.0, 0.0, 0.0, 0.0, 0.0, 0.0, 0.0, 0.0, 0.0, 0.0, 0.0, 0.0, 0.0, 0.0, 0.0, 0.0, 0.0, 0.0, 0.0, 0.0, 0.0, 0.0, 0.0, 0.0, 0.0, 0.0, 0.0, 0.0, 0.0, 0.0, 0.0, 0.0, 0.0, 0.0, 0.0, 0.0, 0.0, 0.0, 0.0, 0.0, 0.0, 0.0, 0.0, 0.0, 0.0, 0.0, 0.0, 0.0, 0.0, 0.0, 0.0, 0.0, 0.0, 0.0, 0.0, 0.0, 0.0, 0.0, 0.0, 0.0, 0.0, 0.0, 0.0, 0.0, 0.0, 0.0, 0.0, 0.0, 0.0, 0.0, 0.0, 0.0, 0.0, 0.0, 0.0, 0.0, 0.0, 0.0, 0.0, 0.0, 0.0, 0.0, 0.0, 0.0, 0.0, 0.0, 0.0, 0.0, 0.0, 0.0, 0.0, 0.0, 0.0, 0.0, 0.0, 0.0, 0.0, 0.0, 0.0, 0.0, 0.0, 0.0, 0.0, 0.0, 0.0, 0.0, 0.0, 0.0, 0.0, 0.0, 0.0, 0.0, 0.0, 0.0, 0.0, 0.0, 0.0, 0.0, 0.0, 0.0, 0.0, 0.0, 0.0, 0.0, 0.0, 0.0, 0.0, 0.0, 0.0, 0.0, 0.0, 0.0, 0.0, 0.0, 0.0, 0.0, 0.0, 0.0, 0.0, 0.0, 0.0, 0.0, 0.0, 0.0, 0.0, 0.0, 0.0, 0.0, 0.0, 0.0, 0.0, 0.0, 0.0, 0.0, 0.0, 0.0, 0.0, 0.0, 0.0, 0.0, 0.0, 0.0, 0.0, 0.0, 0.0, 0.0, 0.0, 0.0, 0.0, 0.0, 0.0, 0.0, 0.0, 0.0, 0.0, 0.0, 0.0, 0.0, 0.0, 0.0, 0.0, 0.0, 0.0, 0.0, 0.0, 0.0, 0.0, 0.0, 0.0, 0.0, 0.0, 0.0, 0.0, 0.0, 0.0, 0.0, 0.0, 0.0, 0.0, 0.0, 0.0, 0.0, 0.0, 0.0, 0.0, 0.0, 0.0, 0.0, 0.0, 0.0, 0.0, 0.0, 0.0, 0.0, 0.0, 0.0, 0.0, 0.0, 0.0, 0.0, 0.0, 0.0, 0.0, 0.0, 0.0, 0.0, 0.0, 0.0, 0.0, 0.0, 0.0, 0.0, 0.0, 0.0, 0.0, 0.0, 0.0, 0.0, 0.0, 0.0, 0.0, 0.0, 0.0, 0.0, 0.0, 0.0, 0.0, 0.0, 0.0, 0.0, 0.0, 0.0, 0.0, 0.0, 0.0, 0.0, 0.0, 0.0, 0.0, 0.0, 0.0, 0.0, 0.0, 0.0, 0.0, 0.0, 0.0, 0.0, 0.0, 0.0, 0.0, 0.0, 0.0, 0.0, 0.0, 0.0, 0.0, 0.0, 0.0, 0.0, 0.0, 0.0, 0.0, 0.0, 0.0, 0.0, 0.0, 0.0, 0.0, 0.0, 0.0, 0.0, 0.0, 0.0, 0.0, 0.0, 0.0, 0.0, 0.0, 0.0, 0.0, 0.0, 0.0, 0.0, 0.0, 0.0, 0.0, 0.0]",COMPLETE
