,number,value,datetime_start,datetime_complete,duration,params_batch_size_scaler,params_constant_learning_rate,params_depth,params_epochs,params_kernel_l2,params_num_trees,params_temperature,user_attrs_accuracy_test,user_attrs_accuracy_valid,user_attrs_approximate_feature_sparsity,user_attrs_approximate_feature_sparsity_history,user_attrs_approximate_weight_sparsity,user_attrs_approximate_weight_sparsity_history,user_attrs_auc_test,user_attrs_auc_valid,user_attrs_feature_sparsity,user_attrs_feature_sparsity_history,user_attrs_num_epochs,user_attrs_val_loss_history,user_attrs_weight_sparsity,user_attrs_weight_sparsity_history,state
100,100,0.9106542489469414,2024-08-31 04:29:48.473372,2024-08-31 04:30:03.079202,0 days 00:00:14.605830,64,8.920433085649819,4,75,0.006761144986063699,64,0.0012066132781625412,0.755,0.77,19,"[33, 33, 33, 33, 33, 33, 32, 29, 28, 28, 26, 25, 24, 21, 21, 20, 19, 19, 19, 19, 19, 19, 19, 19, 19, 19, 19, 19, 19, 19, 19, 19, 19, 19, 19, 19, 19, 19, 19, 19, 19, 19, 19, 19, 19, 19, 19, 19, 19, 19, 19, 19, 19, 19, 19, 19, 19, 19, 19, 19, 19, 19, 19, 19, 19, 19, 19, 19, 19, 19, 19, 19, 19, 19, 19]",18.98229166666667,"[32.958333333333336, 32.97083333333334, 32.96354166666667, 32.95416666666667, 32.95520833333333, 32.963541666666664, 31.96666666666667, 28.96666666666667, 27.971875000000004, 27.971875, 25.966666666666665, 24.976041666666667, 23.980208333333334, 20.978125000000002, 20.990625, 19.986458333333335, 18.991666666666667, 18.984375, 18.981250000000003, 18.9875, 18.9875, 18.978125, 18.988541666666666, 18.988541666666666, 18.990625, 18.990625, 18.983333333333334, 18.988541666666666, 18.98645833333333, 18.984375, 18.980208333333334, 18.974999999999998, 18.985416666666666, 18.980208333333334, 18.98125, 18.979166666666664, 18.981250000000003, 18.989583333333336, 18.978125, 18.98125, 18.991666666666667, 18.98125, 18.990625, 18.98645833333333, 18.984374999999996, 18.98645833333333, 18.981250000000003, 18.987500000000004, 18.986458333333335, 18.983333333333334, 18.984375, 18.98125, 18.989583333333336, 18.984375, 18.98541666666667, 18.98333333333333, 18.988541666666666, 18.990625, 18.985416666666666, 18.979166666666668, 18.98125, 18.9875, 18.981249999999996, 18.979166666666664, 18.984375, 18.986458333333335, 18.985416666666666, 18.984375, 18.989583333333336, 18.984375, 18.981250000000003, 18.990625, 18.98854166666667, 18.9875, 18.98229166666667]",0.8827351612876593,0.9106542489469414,19,"[33, 33, 33, 33, 33, 33, 32, 29, 28, 28, 26, 25, 24, 21, 21, 20, 19, 19, 19, 19, 19, 19, 19, 19, 19, 19, 19, 19, 19, 19, 19, 19, 19, 19, 19, 19, 19, 19, 19, 19, 19, 19, 19, 19, 19, 19, 19, 19, 19, 19, 19, 19, 19, 19, 19, 19, 19, 19, 19, 19, 19, 19, 19, 19, 19, 19, 19, 19, 19, 19, 19, 19, 19, 19, 19]",75,"[0.46381187438964844, 6.395756244659424, 0.8316600322723389, 4.066015243530273, 7.0610809326171875, 7.677310943603516, 1.4526447057724, 5.1920623779296875, 3.1274595260620117, 6.95745849609375, 2.3021421432495117, 0.42174461483955383, 0.7643108367919922, 3.473381757736206, 1.681424617767334, 3.4142017364501953, 1.8819597959518433, 3.4013054370880127, 3.001983642578125, 0.8884685635566711, 6.576471328735352, 2.203155279159546, 3.12259578704834, 1.3012213706970215, 10.352704048156738, 2.58906626701355, 2.700481653213501, 2.778233528137207, 1.9332126379013062, 1.9559193849563599, 0.3823704421520233, 4.11109733581543, 0.410302996635437, 8.373734474182129, 1.8225867748260498, 0.8540550470352173, 1.574346899986267, 0.32526957988739014, 0.6752222180366516, 2.9119391441345215, 0.4069631099700928, 1.0239912271499634, 0.8145229816436768, 0.4422718286514282, 1.6852935552597046, 0.29724255204200745, 0.30798766016960144, 1.2208906412124634, 0.25665831565856934, 2.4299747943878174, 0.4294698238372803, 0.9566291570663452, 1.0072686672210693, 0.36041682958602905, 0.3771967589855194, 1.2851686477661133, 0.24621829390525818, 1.3464610576629639, 2.2909469604492188, 0.24441882967948914, 0.2317340224981308, 2.2358646392822266, 0.26985883712768555, 0.4010661244392395, 0.8753661513328552, 0.6211578845977783, 0.24145527184009552, 0.28801029920578003, 3.818465232849121, 0.2949165403842926, 0.3179165720939636, 1.2654905319213867, 0.5094359517097473, 0.34337112307548523, 0.6621814966201782]",19.0,"[33.0, 33.0, 33.0, 33.0, 33.0, 33.0, 32.0, 29.0, 28.0, 28.0, 26.0, 25.0, 24.0, 21.0, 21.0, 20.0, 19.0, 19.0, 19.0, 19.0, 19.0, 19.0, 19.0, 19.0, 19.0, 19.0, 19.0, 19.0, 19.0, 19.0, 19.0, 19.0, 19.0, 19.0, 19.0, 19.0, 19.0, 19.0, 19.0, 19.0, 19.0, 19.0, 19.0, 19.0, 19.0, 19.0, 19.0, 19.0, 19.0, 19.0, 19.0, 19.0, 19.0, 19.0, 19.0, 19.0, 19.0, 19.0, 19.0, 19.0, 19.0, 19.0, 19.0, 19.0, 19.0, 19.0, 19.0, 19.0, 19.0, 19.0, 19.0, 19.0, 19.0, 19.0, 19.0]",COMPLETE
101,101,0.9205085597248521,2024-08-31 04:30:05.180816,2024-08-31 04:30:57.552731,0 days 00:00:52.371915,4,0.02725629942185509,1,270,0.0034281739847435364,40,0.00014032435045345181,0.924,0.9225,33,"[33, 33, 33, 33, 33, 33, 33, 33, 33, 33, 33, 33, 33, 33, 33, 33, 33, 33, 33, 33, 33, 33, 33, 33, 33, 33, 33, 33, 33, 33, 33, 33, 33, 33, 33, 33, 33, 33, 33, 33, 33, 33, 33, 33, 33, 33, 33, 33, 33, 33, 33, 33, 33, 33, 33, 33, 33, 33, 33, 33, 33, 33, 33, 33, 33, 33, 33, 33, 33, 33, 33, 33, 33, 33, 33, 33, 33, 33, 33, 33, 33, 33, 33, 33, 33, 33, 33, 33, 33, 33, 33, 33, 33, 33, 33, 33, 33, 33, 33, 33, 33, 33, 33, 33, 33, 33, 33, 33, 33, 33, 33, 33, 33, 33, 33, 33, 33, 33, 33, 33, 33, 33, 33, 33, 33, 33, 33, 33, 33, 33, 33, 33, 33, 33, 33, 33, 33, 33, 33, 33, 33, 33, 33, 33, 33, 33, 33, 33, 33, 33, 33, 33, 33, 33, 33, 33, 33, 33, 33, 33, 33, 33, 33, 33, 33, 33, 33, 33, 33, 33, 33, 33, 33, 33, 33, 33, 33, 33, 33, 33, 33, 33, 33, 33, 33, 33, 33, 33, 33, 33, 33, 33, 33, 33, 33, 33, 33, 33, 33, 33, 33, 33, 33, 33, 33, 33, 33, 33, 33, 33, 33, 33, 33, 33, 33, 33, 33, 33, 33, 33, 33, 33, 33, 33, 33, 33, 33, 33, 33, 33, 33, 33, 33, 33, 33, 33, 33, 33, 33, 33, 33, 33, 33, 33, 33, 33, 33, 33, 33, 33, 33, 33, 33, 33, 33, 33, 33, 33, 33, 33, 33, 33, 33, 33, 33, 33, 33, 33, 33, 33]",33.0,"[33.0, 33.0, 33.0, 33.0, 33.0, 32.975, 32.975, 33.0, 33.0, 33.0, 32.975, 32.975, 33.0, 33.0, 33.0, 32.95, 32.975, 33.0, 33.0, 32.975, 32.975, 32.975, 32.975, 32.975, 33.0, 33.0, 33.0, 33.0, 32.975, 32.975, 32.975, 33.0, 33.0, 33.0, 33.0, 33.0, 33.0, 33.0, 32.975, 32.975, 32.95, 32.95, 32.95, 32.975, 33.0, 33.0, 33.0, 33.0, 33.0, 33.0, 32.975, 33.0, 33.0, 33.0, 33.0, 33.0, 33.0, 33.0, 33.0, 33.0, 33.0, 33.0, 32.975, 33.0, 33.0, 33.0, 32.975, 33.0, 32.975, 33.0, 33.0, 33.0, 33.0, 33.0, 33.0, 33.0, 32.975, 33.0, 33.0, 33.0, 33.0, 33.0, 33.0, 33.0, 33.0, 33.0, 32.975, 32.975, 32.975, 33.0, 33.0, 33.0, 33.0, 33.0, 32.975, 33.0, 33.0, 33.0, 33.0, 33.0, 33.0, 32.95, 33.0, 33.0, 33.0, 33.0, 33.0, 33.0, 33.0, 33.0, 33.0, 33.0, 33.0, 32.975, 33.0, 33.0, 33.0, 33.0, 32.975, 32.95, 33.0, 33.0, 33.0, 32.975, 32.975, 32.975, 32.95, 32.95, 32.975, 33.0, 33.0, 33.0, 33.0, 33.0, 32.975, 32.975, 32.975, 32.975, 32.975, 32.975, 33.0, 33.0, 33.0, 32.975, 33.0, 33.0, 32.975, 32.975, 32.975, 33.0, 32.975, 32.975, 32.975, 32.95, 32.975, 32.975, 33.0, 33.0, 33.0, 32.95, 33.0, 33.0, 33.0, 33.0, 32.975, 33.0, 33.0, 33.0, 33.0, 33.0, 33.0, 33.0, 33.0, 33.0, 32.975, 32.95, 33.0, 33.0, 33.0, 33.0, 33.0, 33.0, 33.0, 33.0, 33.0, 33.0, 33.0, 32.95, 32.975, 33.0, 32.975, 33.0, 33.0, 33.0, 33.0, 33.0, 33.0, 33.0, 33.0, 33.0, 32.975, 33.0, 33.0, 33.0, 32.975, 32.975, 33.0, 33.0, 33.0, 33.0, 33.0, 33.0, 33.0, 33.0, 33.0, 33.0, 33.0, 33.0, 32.95, 32.95, 33.0, 33.0, 32.95, 33.0, 33.0, 33.0, 33.0, 33.0, 33.0, 33.0, 33.0, 33.0, 33.0, 33.0, 33.0, 32.975, 33.0, 33.0, 33.0, 32.975, 33.0, 33.0, 33.0, 33.0, 32.975, 32.975, 33.0, 33.0, 33.0, 33.0, 33.0, 33.0, 33.0, 33.0, 32.975, 32.95, 33.0, 33.0, 32.975, 33.0, 32.975, 33.0, 33.0, 33.0, 32.975, 33.0, 33.0, 32.975, 33.0, 33.0]",0.9044080614932423,0.9205085597248521,33,"[33, 33, 33, 33, 33, 33, 33, 33, 33, 33, 33, 33, 33, 33, 33, 33, 33, 33, 33, 33, 33, 33, 33, 33, 33, 33, 33, 33, 33, 33, 33, 33, 33, 33, 33, 33, 33, 33, 33, 33, 33, 33, 33, 33, 33, 33, 33, 33, 33, 33, 33, 33, 33, 33, 33, 33, 33, 33, 33, 33, 33, 33, 33, 33, 33, 33, 33, 33, 33, 33, 33, 33, 33, 33, 33, 33, 33, 33, 33, 33, 33, 33, 33, 33, 33, 33, 33, 33, 33, 33, 33, 33, 33, 33, 33, 33, 33, 33, 33, 33, 33, 33, 33, 33, 33, 33, 33, 33, 33, 33, 33, 33, 33, 33, 33, 33, 33, 33, 33, 33, 33, 33, 33, 33, 33, 33, 33, 33, 33, 33, 33, 33, 33, 33, 33, 33, 33, 33, 33, 33, 33, 33, 33, 33, 33, 33, 33, 33, 33, 33, 33, 33, 33, 33, 33, 33, 33, 33, 33, 33, 33, 33, 33, 33, 33, 33, 33, 33, 33, 33, 33, 33, 33, 33, 33, 33, 33, 33, 33, 33, 33, 33, 33, 33, 33, 33, 33, 33, 33, 33, 33, 33, 33, 33, 33, 33, 33, 33, 33, 33, 33, 33, 33, 33, 33, 33, 33, 33, 33, 33, 33, 33, 33, 33, 33, 33, 33, 33, 33, 33, 33, 33, 33, 33, 33, 33, 33, 33, 33, 33, 33, 33, 33, 33, 33, 33, 33, 33, 33, 33, 33, 33, 33, 33, 33, 33, 33, 33, 33, 33, 33, 33, 33, 33, 33, 33, 33, 33, 33, 33, 33, 33, 33, 33, 33, 33, 33, 33, 33, 33]",270,"[0.4045525789260864, 0.39989006519317627, 0.3957812786102295, 0.3927892744541168, 0.39058974385261536, 0.3883921802043915, 0.38708481192588806, 0.3852296471595764, 0.38345664739608765, 0.3842678368091583, 0.38084176182746887, 0.379607617855072, 0.3794657588005066, 0.37729865312576294, 0.3754297196865082, 0.37509796023368835, 0.3731430172920227, 0.3719426095485687, 0.3711583614349365, 0.36941900849342346, 0.3687248229980469, 0.36774078011512756, 0.366109699010849, 0.36469388008117676, 0.36414778232574463, 0.36487793922424316, 0.36146414279937744, 0.36045777797698975, 0.3609811067581177, 0.3590291738510132, 0.3566872477531433, 0.3555591106414795, 0.35448506474494934, 0.3539350926876068, 0.3531176745891571, 0.3513173758983612, 0.35066157579421997, 0.34924912452697754, 0.3487241864204407, 0.3471701145172119, 0.3463156223297119, 0.34553319215774536, 0.3443276286125183, 0.3442453444004059, 0.34284964203834534, 0.34199684858322144, 0.34073880314826965, 0.3409222662448883, 0.3389461040496826, 0.3380275368690491, 0.3371657133102417, 0.33635589480400085, 0.33570316433906555, 0.3352891504764557, 0.3338759243488312, 0.33502060174942017, 0.3326491415500641, 0.33171799778938293, 0.33096182346343994, 0.33087480068206787, 0.3293379545211792, 0.3286626935005188, 0.330177903175354, 0.32740840315818787, 0.32678958773612976, 0.3257541358470917, 0.3250766396522522, 0.3245311379432678, 0.324596643447876, 0.3231755495071411, 0.3224201202392578, 0.3217928409576416, 0.3222410976886749, 0.32041534781455994, 0.321462482213974, 0.31935757398605347, 0.3185890316963196, 0.3180680274963379, 0.3183252513408661, 0.3164981007575989, 0.31609317660331726, 0.3172954320907593, 0.3144141435623169, 0.3140375018119812, 0.31559789180755615, 0.3124808967113495, 0.3122763931751251, 0.31261467933654785, 0.31188029050827026, 0.3100075423717499, 0.3090021014213562, 0.3084452450275421, 0.3074050545692444, 0.30688023567199707, 0.3054395914077759, 0.3056056499481201, 0.3037030100822449, 0.3030659854412079, 0.30259543657302856, 0.3018030524253845, 0.30035892128944397, 0.29926785826683044, 0.299073189496994, 0.29774510860443115, 0.29653874039649963, 0.2955476641654968, 0.2944145202636719, 0.2937186658382416, 0.2922738194465637, 0.2917884886264801, 0.2957155704498291, 0.2915923595428467, 0.2881234884262085, 0.2876378297805786, 0.2869725227355957, 0.284645676612854, 0.28348949551582336, 0.2820773720741272, 0.2814505398273468, 0.2805861234664917, 0.2789137363433838, 0.27793169021606445, 0.2765572667121887, 0.27543339133262634, 0.27412542700767517, 0.2728574275970459, 0.2722998559474945, 0.27111512422561646, 0.2706769108772278, 0.2706203758716583, 0.2680433690547943, 0.26659440994262695, 0.2654429078102112, 0.2644650936126709, 0.2640673518180847, 0.26244252920150757, 0.2642412483692169, 0.2605840563774109, 0.2601010501384735, 0.25859135389328003, 0.2578583061695099, 0.2570369243621826, 0.25634855031967163, 0.25491997599601746, 0.25400295853614807, 0.2537582814693451, 0.25251251459121704, 0.25189879536628723, 0.2512962818145752, 0.2510688602924347, 0.2501813769340515, 0.24927645921707153, 0.2497330904006958, 0.24739794433116913, 0.24675855040550232, 0.2462385892868042, 0.24516573548316956, 0.2444465309381485, 0.2440890669822693, 0.24366240203380585, 0.24315042793750763, 0.242375448346138, 0.24327947199344635, 0.24108824133872986, 0.24195319414138794, 0.2408299297094345, 0.23952098190784454, 0.23918882012367249, 0.23866890370845795, 0.2381475269794464, 0.2378847748041153, 0.23775169253349304, 0.2368706315755844, 0.23659765720367432, 0.2361050397157669, 0.23551388084888458, 0.23534876108169556, 0.23514002561569214, 0.2345309853553772, 0.23429632186889648, 0.2351926565170288, 0.23368093371391296, 0.23276232182979584, 0.2328469306230545, 0.23204033076763153, 0.23207181692123413, 0.2323746681213379, 0.23266033828258514, 0.23140278458595276, 0.23053692281246185, 0.2301604300737381, 0.23019427061080933, 0.22994942963123322, 0.22938308119773865, 0.2299927920103073, 0.2291071116924286, 0.22950764000415802, 0.228576198220253, 0.22829414904117584, 0.22813497483730316, 0.22733265161514282, 0.22894370555877686, 0.2270568311214447, 0.22811870276927948, 0.22727999091148376, 0.2267177402973175, 0.22622430324554443, 0.22678689658641815, 0.2280227094888687, 0.22679929435253143, 0.22679099440574646, 0.22509147226810455, 0.22583553194999695, 0.22509878873825073, 0.22549791634082794, 0.22590398788452148, 0.22396646440029144, 0.22431732714176178, 0.2240997701883316, 0.2247987538576126, 0.22552987933158875, 0.22403930127620697, 0.22261281311511993, 0.22279661893844604, 0.22255568206310272, 0.22385793924331665, 0.22286291420459747, 0.22209155559539795, 0.22315795719623566, 0.22150371968746185, 0.22185496985912323, 0.22123309969902039, 0.22148586809635162, 0.2212260216474533, 0.2208610326051712, 0.22134950757026672, 0.22220870852470398, 0.22151145339012146, 0.2210053950548172, 0.22009889781475067, 0.22093862295150757, 0.22082357108592987, 0.22044973075389862, 0.22042438387870789, 0.22028635442256927, 0.2194211184978485, 0.2229132503271103, 0.2197795808315277, 0.2204408198595047, 0.21902702748775482, 0.2210131138563156, 0.22029443085193634, 0.22169819474220276, 0.219171941280365, 0.2185455560684204, 0.21808360517024994, 0.21969367563724518, 0.2185421735048294, 0.2200813740491867, 0.21815401315689087, 0.2176549881696701, 0.21841587126255035, 0.2173393815755844, 0.21821147203445435, 0.2183026522397995, 0.21918447315692902, 0.2172132432460785, 0.2170025110244751, 0.2168620079755783, 0.2169257402420044]",33.0,"[33.0, 33.0, 33.0, 33.0, 33.0, 33.0, 33.0, 33.0, 33.0, 33.0, 33.0, 33.0, 33.0, 33.0, 33.0, 33.0, 33.0, 33.0, 33.0, 33.0, 33.0, 33.0, 33.0, 33.0, 33.0, 33.0, 33.0, 33.0, 33.0, 33.0, 33.0, 33.0, 33.0, 33.0, 33.0, 33.0, 33.0, 33.0, 33.0, 33.0, 33.0, 33.0, 33.0, 33.0, 33.0, 33.0, 33.0, 33.0, 33.0, 33.0, 33.0, 33.0, 33.0, 33.0, 33.0, 33.0, 33.0, 33.0, 33.0, 33.0, 33.0, 33.0, 33.0, 33.0, 33.0, 33.0, 33.0, 33.0, 33.0, 33.0, 33.0, 33.0, 33.0, 33.0, 33.0, 33.0, 33.0, 33.0, 33.0, 33.0, 33.0, 33.0, 33.0, 33.0, 33.0, 33.0, 33.0, 33.0, 33.0, 33.0, 33.0, 33.0, 33.0, 33.0, 33.0, 33.0, 33.0, 33.0, 33.0, 33.0, 33.0, 33.0, 33.0, 33.0, 33.0, 33.0, 33.0, 33.0, 33.0, 33.0, 33.0, 33.0, 33.0, 33.0, 33.0, 33.0, 33.0, 33.0, 33.0, 33.0, 33.0, 33.0, 33.0, 33.0, 33.0, 33.0, 33.0, 33.0, 33.0, 33.0, 33.0, 33.0, 33.0, 33.0, 33.0, 33.0, 33.0, 33.0, 33.0, 33.0, 33.0, 33.0, 33.0, 33.0, 33.0, 33.0, 33.0, 33.0, 33.0, 33.0, 33.0, 33.0, 33.0, 33.0, 33.0, 33.0, 33.0, 33.0, 33.0, 33.0, 33.0, 33.0, 33.0, 33.0, 33.0, 33.0, 33.0, 33.0, 33.0, 33.0, 33.0, 33.0, 33.0, 33.0, 33.0, 33.0, 33.0, 33.0, 33.0, 33.0, 33.0, 33.0, 33.0, 33.0, 33.0, 33.0, 33.0, 33.0, 33.0, 33.0, 33.0, 33.0, 33.0, 33.0, 33.0, 33.0, 33.0, 33.0, 33.0, 33.0, 33.0, 33.0, 33.0, 33.0, 33.0, 33.0, 33.0, 33.0, 33.0, 33.0, 33.0, 33.0, 33.0, 33.0, 33.0, 33.0, 33.0, 33.0, 33.0, 33.0, 33.0, 33.0, 33.0, 33.0, 33.0, 33.0, 33.0, 33.0, 33.0, 33.0, 33.0, 33.0, 33.0, 33.0, 33.0, 33.0, 33.0, 33.0, 33.0, 33.0, 33.0, 33.0, 33.0, 33.0, 33.0, 33.0, 33.0, 33.0, 33.0, 33.0, 33.0, 33.0, 33.0, 33.0, 33.0, 33.0, 33.0, 33.0, 33.0, 33.0, 33.0, 33.0, 33.0, 33.0, 33.0, 33.0, 33.0, 33.0, 33.0, 33.0]",COMPLETE
