,number,value,datetime_start,datetime_complete,duration,params_batch_size_scaler,params_constant_learning_rate,params_depth,params_epochs,params_kernel_l2,params_num_trees,params_temperature,user_attrs_accuracy_test,user_attrs_accuracy_valid,user_attrs_approximate_feature_sparsity,user_attrs_approximate_feature_sparsity_history,user_attrs_approximate_weight_sparsity,user_attrs_approximate_weight_sparsity_history,user_attrs_auc_test,user_attrs_auc_valid,user_attrs_feature_sparsity,user_attrs_feature_sparsity_history,user_attrs_num_epochs,user_attrs_val_loss_history,user_attrs_weight_sparsity,user_attrs_weight_sparsity_history,state
124,124,0.7079259574139197,2024-08-31 05:59:34.524749,2024-08-31 06:03:38.684503,0 days 00:04:04.159754,64,0.09546825988349252,6,295,0.5560904184684735,93,0.017021606283295306,0.866,0.86375,33,"[33, 33, 33, 33, 33, 33, 33, 33, 33, 33, 33, 33, 33, 33, 33, 33, 33, 33, 33, 33, 33, 33, 33, 33, 33, 33, 33, 33, 33, 33, 33, 33, 33, 33, 33, 33, 33, 33, 33, 33, 33, 33, 33, 33, 33, 33, 33, 33, 33, 33, 33, 33, 33, 33, 33, 33, 33, 33, 33, 33, 33, 33, 33, 33, 33, 33, 33, 33, 33, 33, 33, 33, 33, 33, 33, 33, 33, 33, 33, 33, 33, 33, 33, 33, 33, 33, 33, 33, 33, 33, 33, 33, 33, 33, 33, 33, 33, 33, 33, 33, 33, 33, 33, 33, 33, 33, 33, 33, 33, 33, 33, 33, 33, 33, 33, 33, 33, 33, 33, 33, 33, 33, 33, 33, 33, 33, 33, 33, 33, 33, 33, 33, 33, 33, 33, 33, 33, 33, 33, 33, 33, 33, 33, 33, 33, 33, 33, 33, 33, 33, 33, 33, 33, 33, 33, 33, 33, 33, 33, 33, 33, 33, 33, 33, 33, 33, 33, 33, 33, 33, 33, 33, 33, 33, 33, 33, 33, 33, 33, 33, 33, 33, 33, 33, 33, 33, 33, 33, 33, 33, 33, 33, 33, 33, 33, 33, 33, 33, 33, 33, 33, 33, 33, 33, 33, 33, 33, 33, 33, 33, 33, 33, 33, 33, 33, 33, 33, 33, 33, 33, 33, 33, 33, 33, 33, 33, 33, 33, 33, 33, 33, 33, 33, 33, 33, 33, 33, 33, 33, 33, 33, 33, 33, 33, 33, 33, 33, 33, 33, 33, 33, 33, 33, 33, 33, 33, 33, 33, 33, 33, 33, 33, 33, 33, 33, 33, 33, 33, 33, 33, 33, 33, 33, 33, 33, 33, 33, 33, 33, 33, 33, 33, 33, 33, 33, 33, 33, 33, 33, 33, 33, 33, 33, 33, 33]",32.894350571769934,"[32.892643795869596, 32.89725209080048, 32.893667861409796, 32.89469192694999, 32.893667861409796, 32.893667861409796, 32.89349718381977, 32.89605734767025, 32.893667861409796, 32.89571599249019, 32.89332650622973, 32.893326506229734, 32.89247311827957, 32.88957159924902, 32.89059566478922, 32.888547533708824, 32.890766342379244, 32.89349718381977, 32.894009216589865, 32.8931558286397, 32.89469192694999, 32.89571599249019, 32.89742276839051, 32.89759344598054, 32.89759344598054, 32.898446833930706, 32.89930022188087, 32.89793480116061, 32.89793480116061, 32.89639870285031, 32.89503328213005, 32.894521249359954, 32.89417989417989, 32.89520395972009, 32.89486260454002, 32.893326506229734, 32.89537463731012, 32.89435057176993, 32.895203959720085, 32.89503328213006, 32.89639870285031, 32.895545314900154, 32.897081413210444, 32.89793480116061, 32.897764123570575, 32.898105478750644, 32.897422768390506, 32.89759344598055, 32.89656938044035, 32.89400921658986, 32.894009216589865, 32.89520395972009, 32.89537463731012, 32.89452124935996, 32.895545314900154, 32.89639870285031, 32.895886670080216, 32.89486260454002, 32.897764123570575, 32.897081413210444, 32.896910735620416, 32.89759344598054, 32.89605734767025, 32.89605734767025, 32.894691926949996, 32.89588667008022, 32.89656938044035, 32.89656938044035, 32.896569380440354, 32.89452124935996, 32.89400921658986, 32.896228025260285, 32.89588667008022, 32.89656938044035, 32.89759344598054, 32.89861751152073, 32.89674005803038, 32.89656938044035, 32.89861751152074, 32.899300221880864, 32.89861751152074, 32.8989588667008, 32.897764123570575, 32.89639870285032, 32.89537463731012, 32.89708141321045, 32.89588667008022, 32.89759344598054, 32.89793480116061, 32.89827615634067, 32.89725209080048, 32.89486260454002, 32.896228025260285, 32.896910735620416, 32.8979348011606, 32.89605734767025, 32.899300221880864, 32.897764123570575, 32.89725209080048, 32.89759344598054, 32.89537463731012, 32.89435057176993, 32.89639870285031, 32.89759344598054, 32.89605734767025, 32.89639870285031, 32.89503328213006, 32.89571599249019, 32.89537463731012, 32.89503328213006, 32.894521249359954, 32.894009216589865, 32.89486260454002, 32.896228025260285, 32.89656938044035, 32.89725209080048, 32.89878818911077, 32.900324287421064, 32.8989588667008, 32.89878818911077, 32.89827615634067, 32.89810547875064, 32.89878818911077, 32.89861751152074, 32.89776412357058, 32.89861751152074, 32.8989588667008, 32.897081413210444, 32.89656938044035, 32.89383853899983, 32.89435057176993, 32.89571599249019, 32.89503328213006, 32.89742276839051, 32.893667861409796, 32.8941798941799, 32.89281447345963, 32.892302440689534, 32.89281447345963, 32.895886670080216, 32.895545314900154, 32.89571599249019, 32.89486260454002, 32.89452124935996, 32.8941798941799, 32.894691926949996, 32.89537463731012, 32.89417989417989, 32.893326506229734, 32.89537463731012, 32.89520395972009, 32.895545314900154, 32.89247311827957, 32.89349718381976, 32.89383853899982, 32.891449052739375, 32.891449052739375, 32.8916197303294, 32.894521249359954, 32.893667861409796, 32.89469192694999, 32.896910735620416, 32.89759344598054, 32.897081413210444, 32.896228025260285, 32.897764123570575, 32.898105478750644, 32.89912954429084, 32.89964157706093, 32.89878818911077, 32.89861751152074, 32.8994708994709, 32.900665642601126, 32.897764123570575, 32.89656938044035, 32.898105478750644, 32.8994708994709, 32.89878818911077, 32.89827615634067, 32.89912954429084, 32.89793480116061, 32.89691073562041, 32.898446833930706, 32.897764123570575, 32.89725209080048, 32.89878818911077, 32.89981225465096, 32.89912954429084, 32.899982932240995, 32.899982932241, 32.89759344598055, 32.89759344598055, 32.89742276839051, 32.898105478750644, 32.901006997781195, 32.900324287421064, 32.8989588667008, 32.897081413210444, 32.897764123570575, 32.89691073562041, 32.89810547875064, 32.89981225465097, 32.899982932241, 32.89725209080048, 32.89759344598055, 32.89725209080048, 32.895545314900154, 32.89759344598054, 32.89759344598054, 32.897764123570575, 32.896228025260285, 32.89656938044035, 32.897764123570575, 32.8989588667008, 32.89656938044035, 32.89725209080048, 32.89503328213006, 32.89486260454002, 32.89435057176993, 32.89435057176992, 32.894009216589865, 32.89400921658986, 32.892985151049665, 32.89452124935996, 32.89537463731012, 32.89639870285031, 32.89656938044035, 32.89417989417989, 32.89417989417989, 32.89435057176993, 32.895545314900154, 32.89639870285032, 32.89742276839051, 32.89691073562041, 32.89827615634067, 32.89691073562041, 32.89639870285031, 32.895886670080216, 32.896910735620416, 32.89725209080047, 32.89827615634067, 32.89912954429084, 32.899982932240995, 32.89981225465096, 32.89878818911077, 32.898446833930706, 32.89793480116061, 32.89639870285031, 32.89674005803038, 32.896910735620416, 32.89981225465097, 32.900665642601126, 32.90015360983103, 32.90083632019116, 32.90100699778119, 32.90168970814132, 32.901006997781195, 32.90151903055129, 32.90151903055129, 32.90083632019116, 32.8989588667008, 32.89759344598054, 32.89588667008022, 32.897081413210444, 32.89571599249019, 32.89742276839051, 32.896910735620416, 32.897764123570575, 32.898105478750644, 32.8989588667008, 32.89964157706093, 32.90049496501109, 32.900665642601126, 32.89981225465096, 32.89861751152074, 32.8989588667008, 32.89793480116061, 32.8989588667008, 32.89810547875064, 32.8979348011606, 32.897422768390506, 32.898446833930706, 32.898788189110775, 32.89912954429084, 32.8989588667008, 32.89708141321045, 32.897764123570575, 32.89639870285031, 32.895545314900154, 32.89742276839051, 32.89605734767025, 32.895203959720085, 32.896228025260285, 32.89674005803038, 32.894350571769934]",0.7433680925370916,0.7079259574139197,33,"[33, 33, 33, 33, 33, 33, 33, 33, 33, 33, 33, 33, 33, 33, 33, 33, 33, 33, 33, 33, 33, 33, 33, 33, 33, 33, 33, 33, 33, 33, 33, 33, 33, 33, 33, 33, 33, 33, 33, 33, 33, 33, 33, 33, 33, 33, 33, 33, 33, 33, 33, 33, 33, 33, 33, 33, 33, 33, 33, 33, 33, 33, 33, 33, 33, 33, 33, 33, 33, 33, 33, 33, 33, 33, 33, 33, 33, 33, 33, 33, 33, 33, 33, 33, 33, 33, 33, 33, 33, 33, 33, 33, 33, 33, 33, 33, 33, 33, 33, 33, 33, 33, 33, 33, 33, 33, 33, 33, 33, 33, 33, 33, 33, 33, 33, 33, 33, 33, 33, 33, 33, 33, 33, 33, 33, 33, 33, 33, 33, 33, 33, 33, 33, 33, 33, 33, 33, 33, 33, 33, 33, 33, 33, 33, 33, 33, 33, 33, 33, 33, 33, 33, 33, 33, 33, 33, 33, 33, 33, 33, 33, 33, 33, 33, 33, 33, 33, 33, 33, 33, 33, 33, 33, 33, 33, 33, 33, 33, 33, 33, 33, 33, 33, 33, 33, 33, 33, 33, 33, 33, 33, 33, 33, 33, 33, 33, 33, 33, 33, 33, 33, 33, 33, 33, 33, 33, 33, 33, 33, 33, 33, 33, 33, 33, 33, 33, 33, 33, 33, 33, 33, 33, 33, 33, 33, 33, 33, 33, 33, 33, 33, 33, 33, 33, 33, 33, 33, 33, 33, 33, 33, 33, 33, 33, 33, 33, 33, 33, 33, 33, 33, 33, 33, 33, 33, 33, 33, 33, 33, 33, 33, 33, 33, 33, 33, 33, 33, 33, 33, 33, 33, 33, 33, 33, 33, 33, 33, 33, 33, 33, 33, 33, 33, 33, 33, 33, 33, 33, 33, 33, 33, 33, 33, 33, 33]",295,"[0.5820288062095642, 0.5171230435371399, 0.47809556126594543, 0.45464619994163513, 0.4380822777748108, 0.42867010831832886, 0.42171353101730347, 0.4173138439655304, 0.4138212203979492, 0.4112400710582733, 0.4097188711166382, 0.4085092544555664, 0.40750348567962646, 0.40643587708473206, 0.405758261680603, 0.40515080094337463, 0.4047435522079468, 0.4041173458099365, 0.4036203622817993, 0.4031665325164795, 0.402804970741272, 0.40239575505256653, 0.401998370885849, 0.4016101360321045, 0.40123099088668823, 0.4009440541267395, 0.40058737993240356, 0.40020644664764404, 0.3998670279979706, 0.39947545528411865, 0.399107962846756, 0.39871907234191895, 0.39844346046447754, 0.398184210062027, 0.39783644676208496, 0.39750880002975464, 0.3971770405769348, 0.39688271284103394, 0.39657437801361084, 0.39625832438468933, 0.3959828317165375, 0.39566317200660706, 0.3953684866428375, 0.3951472342014313, 0.39492031931877136, 0.39462897181510925, 0.3943673372268677, 0.39412298798561096, 0.3939041793346405, 0.39362502098083496, 0.39334818720817566, 0.3931308090686798, 0.3928714394569397, 0.39261162281036377, 0.3923565149307251, 0.39211246371269226, 0.39189547300338745, 0.39171114563941956, 0.3915114104747772, 0.39125239849090576, 0.39106428623199463, 0.3908541202545166, 0.39064544439315796, 0.39041146636009216, 0.39017584919929504, 0.38995644450187683, 0.3897325396537781, 0.38951241970062256, 0.38930755853652954, 0.3890652358531952, 0.38882195949554443, 0.3887208104133606, 0.3885452151298523, 0.38832613825798035, 0.38811641931533813, 0.3879031240940094, 0.38770169019699097, 0.387548565864563, 0.38732731342315674, 0.3871839642524719, 0.3869466483592987, 0.38674575090408325, 0.38652873039245605, 0.3864045739173889, 0.38621985912323, 0.38610345125198364, 0.3859725594520569, 0.3858503997325897, 0.3856673538684845, 0.3855379521846771, 0.3853916823863983, 0.38527411222457886, 0.3850802481174469, 0.38492366671562195, 0.38480144739151, 0.38461798429489136, 0.38445889949798584, 0.38431382179260254, 0.3842259347438812, 0.3841496407985687, 0.3840886950492859, 0.38392820954322815, 0.3837922215461731, 0.3836366534233093, 0.3834356367588043, 0.3832886517047882, 0.38314899802207947, 0.38300442695617676, 0.3829124867916107, 0.38277995586395264, 0.38262200355529785, 0.3824939429759979, 0.3823797106742859, 0.38227444887161255, 0.38220104575157166, 0.38211438059806824, 0.38197407126426697, 0.381885290145874, 0.381824254989624, 0.38175949454307556, 0.38162195682525635, 0.38148772716522217, 0.381369411945343, 0.38131219148635864, 0.38118472695350647, 0.381119966506958, 0.38098835945129395, 0.38091033697128296, 0.38079968094825745, 0.3806348443031311, 0.3805091977119446, 0.3804542124271393, 0.3803789019584656, 0.38032248616218567, 0.3802216649055481, 0.38021424412727356, 0.3800068795681, 0.3798777461051941, 0.3797345459461212, 0.3796406090259552, 0.37953463196754456, 0.3794182538986206, 0.3793492913246155, 0.379238486289978, 0.3791295289993286, 0.37905552983283997, 0.37906211614608765, 0.3789633512496948, 0.378875732421875, 0.378767728805542, 0.3786720633506775, 0.3786100745201111, 0.37844640016555786, 0.37838149070739746, 0.3782893717288971, 0.3781995475292206, 0.37813133001327515, 0.3780508041381836, 0.3779993951320648, 0.377905011177063, 0.377824604511261, 0.3777272701263428, 0.37775906920433044, 0.3776717483997345, 0.3774977922439575, 0.37741827964782715, 0.37738198041915894, 0.37725818157196045, 0.37719404697418213, 0.37709954380989075, 0.37697845697402954, 0.3769298195838928, 0.3768276572227478, 0.3767288327217102, 0.376649409532547, 0.3766387701034546, 0.3765898644924164, 0.37646540999412537, 0.37637823820114136, 0.3762991428375244, 0.3762168884277344, 0.37615957856178284, 0.37608563899993896, 0.3760790228843689, 0.3760640323162079, 0.37596452236175537, 0.375948041677475, 0.37594449520111084, 0.37576180696487427, 0.37564077973365784, 0.3755434453487396, 0.37548619508743286, 0.37547484040260315, 0.37541255354881287, 0.37531307339668274, 0.3752153813838959, 0.3751429617404938, 0.3751179873943329, 0.3750150203704834, 0.37501999735832214, 0.37498968839645386, 0.37495318055152893, 0.37487712502479553, 0.3748410940170288, 0.37469395995140076, 0.37454524636268616, 0.3745260238647461, 0.3744600713253021, 0.3743651211261749, 0.37437525391578674, 0.3742610812187195, 0.37416258454322815, 0.3741275668144226, 0.3740209639072418, 0.37396439909935, 0.37389740347862244, 0.37378594279289246, 0.3736812174320221, 0.37361857295036316, 0.3735431432723999, 0.37349972128868103, 0.3734447956085205, 0.37338191270828247, 0.3733396530151367, 0.37323758006095886, 0.37319469451904297, 0.3731229305267334, 0.37306851148605347, 0.37303662300109863, 0.3729621171951294, 0.37294554710388184, 0.3728964924812317, 0.37283799052238464, 0.3727279007434845, 0.3726790249347687, 0.37261852622032166, 0.3725312054157257, 0.3725036680698395, 0.37244927883148193, 0.3724108934402466, 0.37236154079437256, 0.37233585119247437, 0.3722430467605591, 0.3722047805786133, 0.37221190333366394, 0.3721909821033478, 0.3721667230129242, 0.3721059560775757, 0.37202271819114685, 0.37194105982780457, 0.37194937467575073, 0.3719243109226227, 0.37200260162353516, 0.3720049262046814, 0.37189728021621704, 0.37182626128196716, 0.3717347979545593, 0.3715990483760834, 0.3715274930000305, 0.3714395761489868, 0.37135255336761475, 0.3712998926639557, 0.37130263447761536, 0.37129446864128113, 0.37104207277297974, 0.371010422706604, 0.37088462710380554, 0.3708089590072632, 0.37076306343078613, 0.37060168385505676, 0.37054693698883057, 0.3704782724380493, 0.37046945095062256, 0.37041014432907104, 0.37035641074180603, 0.37027159333229065, 0.37019768357276917, 0.37017956376075745, 0.37009555101394653, 0.3700324594974518, 0.36997443437576294, 0.3699071407318115, 0.36981818079948425, 0.36978989839553833, 0.36969175934791565, 0.3696538507938385, 0.3696346580982208, 0.3695535361766815, 0.36949291825294495, 0.36939406394958496, 0.36934906244277954, 0.3693138062953949, 0.3692246377468109, 0.36917996406555176, 0.3691085875034332]",33.0,"[33.0, 33.0, 33.0, 33.0, 33.0, 33.0, 33.0, 33.0, 33.0, 33.0, 33.0, 33.0, 33.0, 33.0, 33.0, 33.0, 33.0, 33.0, 33.0, 33.0, 33.0, 33.0, 33.0, 33.0, 33.0, 33.0, 33.0, 33.0, 33.0, 33.0, 33.0, 33.0, 33.0, 33.0, 33.0, 33.0, 33.0, 33.0, 33.0, 33.0, 33.0, 33.0, 33.0, 33.0, 33.0, 33.0, 33.0, 33.0, 33.0, 33.0, 33.0, 33.0, 33.0, 33.0, 33.0, 33.0, 33.0, 33.0, 33.0, 33.0, 33.0, 33.0, 33.0, 33.0, 33.0, 33.0, 33.0, 33.0, 33.0, 33.0, 33.0, 33.0, 33.0, 33.0, 33.0, 33.0, 33.0, 33.0, 33.0, 33.0, 33.0, 33.0, 33.0, 33.0, 33.0, 33.0, 33.0, 33.0, 33.0, 33.0, 33.0, 33.0, 33.0, 33.0, 33.0, 33.0, 33.0, 33.0, 33.0, 33.0, 33.0, 33.0, 33.0, 33.0, 33.0, 33.0, 33.0, 33.0, 33.0, 33.0, 33.0, 33.0, 33.0, 33.0, 33.0, 33.0, 33.0, 33.0, 33.0, 33.0, 33.0, 33.0, 33.0, 33.0, 33.0, 33.0, 33.0, 33.0, 33.0, 33.0, 33.0, 33.0, 33.0, 33.0, 33.0, 33.0, 33.0, 33.0, 33.0, 33.0, 33.0, 33.0, 33.0, 33.0, 33.0, 33.0, 33.0, 33.0, 33.0, 33.0, 33.0, 33.0, 33.0, 33.0, 33.0, 33.0, 33.0, 33.0, 33.0, 33.0, 33.0, 33.0, 33.0, 33.0, 33.0, 33.0, 33.0, 33.0, 33.0, 33.0, 33.0, 33.0, 33.0, 33.0, 33.0, 33.0, 33.0, 33.0, 33.0, 33.0, 33.0, 33.0, 33.0, 33.0, 33.0, 33.0, 33.0, 33.0, 33.0, 33.0, 33.0, 33.0, 33.0, 33.0, 33.0, 33.0, 33.0, 33.0, 33.0, 33.0, 33.0, 33.0, 33.0, 33.0, 33.0, 33.0, 33.0, 33.0, 33.0, 33.0, 33.0, 33.0, 33.0, 33.0, 33.0, 33.0, 33.0, 33.0, 33.0, 33.0, 33.0, 33.0, 33.0, 33.0, 33.0, 33.0, 33.0, 33.0, 33.0, 33.0, 33.0, 33.0, 33.0, 33.0, 33.0, 33.0, 33.0, 33.0, 33.0, 33.0, 33.0, 33.0, 33.0, 33.0, 33.0, 33.0, 33.0, 33.0, 33.0, 33.0, 33.0, 33.0, 33.0, 33.0, 33.0, 33.0, 33.0, 33.0, 33.0, 33.0, 33.0, 33.0, 33.0, 33.0, 33.0, 33.0, 33.0, 33.0, 33.0, 33.0, 33.0, 33.0, 33.0, 33.0, 33.0, 33.0, 33.0, 33.0, 33.0, 33.0, 33.0, 33.0, 33.0, 33.0, 33.0, 33.0, 33.0, 33.0, 33.0, 33.0, 33.0, 33.0, 33.0, 33.0, 33.0]",COMPLETE
125,125,0.5,2024-08-31 06:03:38.694731,2024-08-31 06:04:25.418915,0 days 00:00:46.724184,16,1.8664277181203561,6,95,0.37537064878812076,6,0.048592767487132246,0.859,0.85875,0,"[0, 0, 0, 0, 0, 0, 0, 0, 0, 0, 0, 0, 0, 0, 0, 0, 0, 0, 0, 0, 0, 0, 0, 0, 0, 0, 0, 0, 0, 0, 0, 0, 0, 0, 0, 0, 0, 0, 0, 0, 0, 0, 0, 0, 0, 0, 0, 0, 0, 0, 0, 0, 0, 0, 0, 0, 0, 0, 0, 0, 0, 0, 0, 0, 0, 0, 0, 0, 0, 0, 0, 0, 0, 0, 0, 0, 0, 0, 0, 0, 0, 0, 0, 0, 0, 0, 0, 0, 0, 0, 0, 0, 0, 0, 0]",0.0,"[0.0, 0.0, 0.0, 0.0, 0.0, 0.0, 0.0, 0.0, 0.0, 0.0, 0.0, 0.0, 0.0, 0.0, 0.0, 0.0, 0.0, 0.0, 0.0, 0.0, 0.0, 0.0, 0.0, 0.0, 0.0, 0.0, 0.0, 0.0, 0.0, 0.0, 0.0, 0.0, 0.0, 0.0, 0.0, 0.0, 0.0, 0.0, 0.0, 0.0, 0.0, 0.0, 0.0, 0.0, 0.0, 0.0, 0.0, 0.0, 0.0, 0.0, 0.0, 0.0, 0.0, 0.0, 0.0, 0.0, 0.0, 0.0, 0.0, 0.0, 0.0, 0.0, 0.0, 0.0, 0.0, 0.0, 0.0, 0.0, 0.0, 0.0, 0.0, 0.0, 0.0, 0.0, 0.0, 0.0, 0.0, 0.0, 0.0, 0.0, 0.0, 0.0, 0.0, 0.0, 0.0, 0.0, 0.0, 0.0, 0.0, 0.0, 0.0, 0.0, 0.0, 0.0, 0.0]",0.5,0.5,0,"[0, 0, 0, 0, 0, 0, 0, 0, 0, 0, 0, 0, 0, 0, 0, 0, 0, 0, 0, 0, 0, 0, 0, 0, 0, 0, 0, 0, 0, 0, 0, 0, 0, 0, 0, 0, 0, 0, 0, 0, 0, 0, 0, 0, 0, 0, 0, 0, 0, 0, 0, 0, 0, 0, 0, 0, 0, 0, 0, 0, 0, 0, 0, 0, 0, 0, 0, 0, 0, 0, 0, 0, 0, 0, 0, 0, 0, 0, 0, 0, 0, 0, 0, 0, 0, 0, 0, 0, 0, 0, 0, 0, 0, 0, 0]",95,"[0.43326789140701294, 0.4110644459724426, 0.40807220339775085, 0.4074931740760803, 0.4073096513748169, 0.40732306241989136, 0.4072815179824829, 0.40726181864738464, 0.407236784696579, 0.4072483479976654, 0.40722665190696716, 0.40722817182540894, 0.40722763538360596, 0.40724000334739685, 0.40722671151161194, 0.4072263836860657, 0.4072345793247223, 0.4072608947753906, 0.4072531759738922, 0.4072306156158447, 0.40726417303085327, 0.40722641348838806, 0.40726742148399353, 0.40723681449890137, 0.4072641134262085, 0.4072520136833191, 0.4072270095348358, 0.40724319219589233, 0.40726202726364136, 0.4072306752204895, 0.40724146366119385, 0.40723681449890137, 0.4072261452674866, 0.40722647309303284, 0.40722617506980896, 0.4072268605232239, 0.407227098941803, 0.4072347581386566, 0.40722721815109253, 0.4072411060333252, 0.40722671151161194, 0.40722787380218506, 0.4072505533695221, 0.40723133087158203, 0.40722715854644775, 0.4072261452674866, 0.4072314202785492, 0.4072344899177551, 0.407227098941803, 0.40723082423210144, 0.4072262942790985, 0.4072270691394806, 0.40723755955696106, 0.4072272479534149, 0.40723225474357605, 0.40729227662086487, 0.40722644329071045, 0.40724045038223267, 0.40724438428878784, 0.40723690390586853, 0.40725982189178467, 0.4072350263595581, 0.40722763538360596, 0.4072262942790985, 0.4072261452674866, 0.40722712874412537, 0.4072265326976776, 0.4072261154651642, 0.4072263240814209, 0.4072645604610443, 0.4072543978691101, 0.40724825859069824, 0.4072272479534149, 0.4072282314300537, 0.40723416209220886, 0.4072299599647522, 0.40722882747650146, 0.4072462022304535, 0.40725722908973694, 0.4072270095348358, 0.40723946690559387, 0.40722760558128357, 0.4072301983833313, 0.407230943441391, 0.4072273373603821, 0.4072294235229492, 0.40722617506980896, 0.4072350561618805, 0.4072359800338745, 0.4072290360927582, 0.40723517537117004, 0.40725600719451904, 0.40722769498825073, 0.4072338938713074, 0.40723681449890137]",0.0,"[0.0, 0.0, 0.0, 0.0, 0.0, 0.0, 0.0, 0.0, 0.0, 0.0, 0.0, 0.0, 0.0, 0.0, 0.0, 0.0, 0.0, 0.0, 0.0, 0.0, 0.0, 0.0, 0.0, 0.0, 0.0, 0.0, 0.0, 0.0, 0.0, 0.0, 0.0, 0.0, 0.0, 0.0, 0.0, 0.0, 0.0, 0.0, 0.0, 0.0, 0.0, 0.0, 0.0, 0.0, 0.0, 0.0, 0.0, 0.0, 0.0, 0.0, 0.0, 0.0, 0.0, 0.0, 0.0, 0.0, 0.0, 0.0, 0.0, 0.0, 0.0, 0.0, 0.0, 0.0, 0.0, 0.0, 0.0, 0.0, 0.0, 0.0, 0.0, 0.0, 0.0, 0.0, 0.0, 0.0, 0.0, 0.0, 0.0, 0.0, 0.0, 0.0, 0.0, 0.0, 0.0, 0.0, 0.0, 0.0, 0.0, 0.0, 0.0, 0.0, 0.0, 0.0, 0.0]",COMPLETE
