,number,value,datetime_start,datetime_complete,duration,params_batch_size_scaler,params_constant_learning_rate,params_depth,params_epochs,params_kernel_l2,params_num_trees,params_temperature,user_attrs_accuracy_test,user_attrs_accuracy_valid,user_attrs_approximate_feature_sparsity,user_attrs_approximate_feature_sparsity_history,user_attrs_approximate_weight_sparsity,user_attrs_approximate_weight_sparsity_history,user_attrs_auc_test,user_attrs_auc_valid,user_attrs_feature_sparsity,user_attrs_feature_sparsity_history,user_attrs_num_epochs,user_attrs_val_loss_history,user_attrs_weight_sparsity,user_attrs_weight_sparsity_history,state
36,36,0.9180353209413766,2024-08-31 02:23:34.616636,2024-08-31 02:24:12.596639,0 days 00:00:37.980003,16,0.08300304305713976,1,395,0.019302823711669814,78,0.007709538321417754,0.926,0.92625,33,"[33, 33, 33, 33, 33, 33, 33, 33, 33, 33, 33, 33, 33, 33, 33, 33, 33, 33, 33, 33, 33, 33, 33, 33, 33, 33, 33, 33, 33, 33, 33, 33, 33, 33, 33, 33, 33, 33, 33, 33, 33, 33, 33, 33, 33, 33, 33, 33, 33, 33, 33, 33, 33, 33, 33, 33, 33, 33, 33, 33, 33, 33, 33, 33, 33, 33, 33, 33, 33, 33, 33, 33, 33, 33, 33, 33, 33, 33, 33, 33, 33, 33, 33, 33, 33, 33, 33, 33, 33, 33, 33, 33, 33, 33, 33, 33, 33, 33, 33, 33, 33, 33, 33, 33, 33, 33, 33, 33, 33, 33, 33, 33, 33, 33, 33, 33, 33, 33, 33, 33, 33, 33, 33, 33, 33, 33, 33, 33, 33, 33, 33, 33, 33, 33, 33, 33, 33, 33, 33, 33, 33, 33, 33, 33, 33, 33, 33, 33, 33, 33, 33, 33, 33, 33, 33, 33, 33, 33, 33, 33, 33, 33, 33, 33, 33, 33, 33, 33, 33, 33, 33, 33, 33, 33, 33, 33, 33, 33, 33, 33, 33, 33, 33, 33, 33, 33, 33, 33, 33, 33, 33, 33, 33, 33, 33, 33, 33, 33, 33, 33, 33, 33, 33, 33, 33, 33, 33, 33, 33, 33, 33, 33, 33, 33, 33, 33, 33, 33, 33, 33, 33, 33, 33, 33, 33, 33, 33, 33, 33, 33, 33, 33, 33, 33, 33, 33, 33, 33, 33, 33, 33, 33, 33, 33, 33, 33, 33, 33, 33, 33, 33, 33, 33, 33, 33, 33, 33, 33, 33, 33, 33, 33, 33, 33, 33, 33, 33, 33, 33, 33, 33, 33, 33, 33, 33, 33, 33, 33, 33, 33, 33, 33, 33, 33, 33, 33, 33, 33, 33, 33, 33, 33, 33, 33, 33, 33, 33, 33, 33, 33, 33, 33, 33, 33, 33, 33, 33, 33, 33, 33, 33, 33, 33, 33, 33, 33, 33, 33, 33, 33, 33, 33, 33, 33, 33, 33, 33, 33, 33, 33, 33, 33, 33, 33, 33, 33, 33, 33, 33, 33, 33, 33, 33, 33, 33, 33, 33, 33, 33, 33, 33, 33, 33, 33, 33, 33, 33, 33, 33, 33, 33, 33, 33, 33, 33, 33, 33, 33, 33, 33, 33, 33, 33, 33, 33, 33, 33, 33, 33, 33, 33, 33, 33, 33, 33, 33, 33, 33, 33, 33, 33, 33, 33, 33, 33]",32.94871794871795,"[33.0, 32.94871794871795, 32.97435897435898, 32.93589743589744, 32.93589743589744, 33.0, 33.0, 32.98717948717949, 33.0, 32.98717948717949, 32.98717948717949, 33.0, 32.98717948717949, 32.98717948717949, 33.0, 32.96153846153846, 32.97435897435898, 32.98717948717949, 33.0, 32.97435897435898, 33.0, 33.0, 32.97435897435898, 32.98717948717949, 32.98717948717949, 32.98717948717949, 33.0, 33.0, 33.0, 32.98717948717949, 32.97435897435898, 32.98717948717949, 32.98717948717949, 32.97435897435898, 32.94871794871795, 32.97435897435898, 32.97435897435898, 32.94871794871795, 32.97435897435898, 32.97435897435898, 32.97435897435898, 32.96153846153846, 32.94871794871795, 32.97435897435898, 32.97435897435898, 32.98717948717949, 32.98717948717949, 32.94871794871795, 32.94871794871795, 32.97435897435898, 32.98717948717949, 32.97435897435898, 32.98717948717949, 32.96153846153846, 32.97435897435898, 32.96153846153846, 32.97435897435898, 32.98717948717949, 32.97435897435898, 32.94871794871795, 32.96153846153846, 32.97435897435898, 32.98717948717949, 32.97435897435898, 32.98717948717949, 32.98717948717949, 32.97435897435898, 32.97435897435898, 32.98717948717949, 32.97435897435898, 32.97435897435898, 32.98717948717949, 32.97435897435898, 32.97435897435898, 32.98717948717949, 32.97435897435898, 32.98717948717949, 32.97435897435898, 32.98717948717949, 32.97435897435898, 32.98717948717949, 32.97435897435898, 32.96153846153846, 32.98717948717949, 32.98717948717949, 32.98717948717949, 32.98717948717949, 32.96153846153846, 32.97435897435898, 32.96153846153846, 32.97435897435898, 32.98717948717949, 32.98717948717949, 32.98717948717949, 32.97435897435898, 32.97435897435898, 33.0, 33.0, 33.0, 32.98717948717949, 32.98717948717949, 32.98717948717949, 32.97435897435898, 32.96153846153846, 33.0, 32.97435897435898, 33.0, 33.0, 33.0, 33.0, 33.0, 33.0, 32.98717948717949, 32.98717948717949, 32.98717948717949, 33.0, 32.98717948717949, 33.0, 33.0, 32.97435897435898, 32.98717948717949, 32.97435897435898, 32.96153846153846, 32.96153846153846, 32.97435897435898, 32.97435897435898, 32.97435897435898, 32.97435897435898, 32.98717948717949, 32.98717948717949, 32.98717948717949, 32.97435897435898, 32.97435897435898, 33.0, 32.98717948717949, 33.0, 33.0, 32.97435897435898, 33.0, 32.98717948717949, 32.98717948717949, 33.0, 32.98717948717949, 32.97435897435898, 32.96153846153846, 32.98717948717949, 32.97435897435898, 33.0, 33.0, 33.0, 32.98717948717949, 33.0, 33.0, 33.0, 32.96153846153846, 33.0, 32.98717948717949, 32.98717948717949, 32.98717948717949, 32.97435897435898, 32.98717948717949, 33.0, 32.98717948717949, 32.98717948717949, 32.98717948717949, 33.0, 33.0, 32.98717948717949, 33.0, 33.0, 33.0, 32.97435897435898, 32.97435897435898, 32.97435897435898, 32.97435897435898, 32.97435897435898, 32.97435897435898, 32.97435897435898, 32.98717948717949, 32.97435897435898, 32.98717948717949, 32.98717948717949, 32.96153846153846, 32.97435897435898, 32.96153846153846, 32.97435897435898, 32.97435897435898, 32.96153846153846, 32.98717948717949, 32.97435897435898, 32.98717948717949, 32.97435897435898, 33.0, 33.0, 33.0, 33.0, 33.0, 32.98717948717949, 32.97435897435898, 33.0, 32.97435897435898, 33.0, 32.97435897435898, 32.97435897435898, 32.97435897435898, 33.0, 33.0, 32.97435897435898, 32.98717948717949, 32.98717948717949, 32.98717948717949, 32.98717948717949, 33.0, 32.98717948717949, 33.0, 33.0, 33.0, 33.0, 33.0, 32.97435897435898, 32.98717948717949, 33.0, 33.0, 32.97435897435898, 33.0, 33.0, 32.98717948717949, 32.98717948717949, 33.0, 33.0, 33.0, 32.98717948717949, 32.98717948717949, 32.96153846153846, 32.96153846153846, 32.98717948717949, 32.97435897435898, 32.96153846153846, 32.98717948717949, 32.96153846153846, 32.97435897435898, 32.97435897435898, 32.98717948717949, 32.96153846153846, 32.97435897435898, 32.94871794871795, 32.98717948717949, 32.98717948717949, 32.96153846153846, 32.98717948717949, 33.0, 32.98717948717949, 33.0, 32.98717948717949, 32.98717948717949, 32.97435897435898, 32.97435897435898, 32.98717948717949, 32.96153846153846, 32.97435897435898, 32.97435897435898, 32.98717948717949, 32.98717948717949, 32.98717948717949, 32.98717948717949, 32.98717948717949, 32.98717948717949, 32.98717948717949, 32.98717948717949, 32.98717948717949, 32.98717948717949, 32.97435897435898, 32.97435897435898, 32.97435897435898, 32.97435897435898, 33.0, 32.97435897435898, 33.0, 33.0, 33.0, 33.0, 33.0, 33.0, 33.0, 33.0, 33.0, 33.0, 33.0, 33.0, 33.0, 32.98717948717949, 32.98717948717949, 33.0, 33.0, 33.0, 33.0, 33.0, 33.0, 33.0, 33.0, 32.98717948717949, 32.98717948717949, 32.98717948717949, 32.98717948717949, 32.97435897435898, 32.97435897435898, 33.0, 33.0, 32.98717948717949, 33.0, 33.0, 33.0, 32.97435897435898, 33.0, 32.98717948717949, 32.98717948717949, 32.94871794871795, 32.97435897435898, 32.97435897435898, 32.97435897435898, 32.96153846153846, 32.97435897435898, 32.98717948717949, 32.98717948717949, 33.0, 32.97435897435898, 32.98717948717949, 33.0, 32.97435897435898, 32.97435897435898, 32.98717948717949, 32.98717948717949, 32.98717948717949, 32.98717948717949, 32.98717948717949, 32.96153846153846, 32.98717948717949, 32.97435897435898, 32.96153846153846, 32.96153846153846, 32.96153846153846, 32.96153846153846, 32.96153846153846, 32.96153846153846, 32.94871794871795, 32.97435897435898, 32.97435897435898, 32.98717948717949, 32.98717948717949, 32.98717948717949, 32.98717948717949, 32.98717948717949, 32.98717948717949, 32.98717948717949, 32.98717948717949, 32.98717948717949, 32.98717948717949, 32.98717948717949, 32.97435897435898, 32.97435897435898, 32.96153846153846, 32.96153846153846, 32.94871794871795, 32.97435897435898, 32.94871794871795, 32.97435897435898, 32.97435897435898, 32.94871794871795, 32.94871794871795, 32.97435897435898, 32.96153846153846, 32.97435897435898, 32.93589743589744, 32.93589743589744, 32.96153846153846, 32.97435897435898, 32.98717948717949, 32.97435897435898, 32.96153846153846, 32.94871794871795, 32.96153846153846, 32.97435897435898, 32.96153846153846, 32.97435897435898, 32.96153846153846, 32.96153846153846, 32.96153846153846, 32.96153846153846, 32.96153846153846, 32.96153846153846, 32.98717948717949, 32.97435897435898, 32.93589743589744, 32.93589743589744, 32.94871794871795]",0.9049034420693698,0.9180353209413766,33,"[33, 33, 33, 33, 33, 33, 33, 33, 33, 33, 33, 33, 33, 33, 33, 33, 33, 33, 33, 33, 33, 33, 33, 33, 33, 33, 33, 33, 33, 33, 33, 33, 33, 33, 33, 33, 33, 33, 33, 33, 33, 33, 33, 33, 33, 33, 33, 33, 33, 33, 33, 33, 33, 33, 33, 33, 33, 33, 33, 33, 33, 33, 33, 33, 33, 33, 33, 33, 33, 33, 33, 33, 33, 33, 33, 33, 33, 33, 33, 33, 33, 33, 33, 33, 33, 33, 33, 33, 33, 33, 33, 33, 33, 33, 33, 33, 33, 33, 33, 33, 33, 33, 33, 33, 33, 33, 33, 33, 33, 33, 33, 33, 33, 33, 33, 33, 33, 33, 33, 33, 33, 33, 33, 33, 33, 33, 33, 33, 33, 33, 33, 33, 33, 33, 33, 33, 33, 33, 33, 33, 33, 33, 33, 33, 33, 33, 33, 33, 33, 33, 33, 33, 33, 33, 33, 33, 33, 33, 33, 33, 33, 33, 33, 33, 33, 33, 33, 33, 33, 33, 33, 33, 33, 33, 33, 33, 33, 33, 33, 33, 33, 33, 33, 33, 33, 33, 33, 33, 33, 33, 33, 33, 33, 33, 33, 33, 33, 33, 33, 33, 33, 33, 33, 33, 33, 33, 33, 33, 33, 33, 33, 33, 33, 33, 33, 33, 33, 33, 33, 33, 33, 33, 33, 33, 33, 33, 33, 33, 33, 33, 33, 33, 33, 33, 33, 33, 33, 33, 33, 33, 33, 33, 33, 33, 33, 33, 33, 33, 33, 33, 33, 33, 33, 33, 33, 33, 33, 33, 33, 33, 33, 33, 33, 33, 33, 33, 33, 33, 33, 33, 33, 33, 33, 33, 33, 33, 33, 33, 33, 33, 33, 33, 33, 33, 33, 33, 33, 33, 33, 33, 33, 33, 33, 33, 33, 33, 33, 33, 33, 33, 33, 33, 33, 33, 33, 33, 33, 33, 33, 33, 33, 33, 33, 33, 33, 33, 33, 33, 33, 33, 33, 33, 33, 33, 33, 33, 33, 33, 33, 33, 33, 33, 33, 33, 33, 33, 33, 33, 33, 33, 33, 33, 33, 33, 33, 33, 33, 33, 33, 33, 33, 33, 33, 33, 33, 33, 33, 33, 33, 33, 33, 33, 33, 33, 33, 33, 33, 33, 33, 33, 33, 33, 33, 33, 33, 33, 33, 33, 33, 33, 33, 33, 33, 33, 33, 33, 33, 33, 33, 33, 33, 33, 33, 33, 33]",395,"[0.414560467004776, 0.4055836498737335, 0.3977184593677521, 0.3940451443195343, 0.4018043875694275, 0.3900246322154999, 0.3848518133163452, 0.38173866271972656, 0.38198569416999817, 0.3787325918674469, 0.38229379057884216, 0.37578052282333374, 0.3763792812824249, 0.3741084039211273, 0.37278077006340027, 0.3716404438018799, 0.3710189759731293, 0.3747570514678955, 0.3685382008552551, 0.36678749322891235, 0.3748275637626648, 0.36536532640457153, 0.36419934034347534, 0.36318904161453247, 0.362770676612854, 0.36870530247688293, 0.36608558893203735, 0.36102768778800964, 0.36177176237106323, 0.3617294728755951, 0.35705071687698364, 0.3573986887931824, 0.3601498305797577, 0.3557335138320923, 0.35906434059143066, 0.3543761372566223, 0.3530791401863098, 0.35204851627349854, 0.35226044058799744, 0.35147473216056824, 0.35255563259124756, 0.35121220350265503, 0.3544524013996124, 0.35711097717285156, 0.35370177030563354, 0.3510514199733734, 0.3468600809574127, 0.346037894487381, 0.34501609206199646, 0.34989774227142334, 0.34363606572151184, 0.34328559041023254, 0.3425602614879608, 0.3428637981414795, 0.341700941324234, 0.3412357568740845, 0.3415147066116333, 0.3402762711048126, 0.3438624143600464, 0.3408127725124359, 0.338593065738678, 0.3380014896392822, 0.33778148889541626, 0.3374524414539337, 0.33807051181793213, 0.3365269601345062, 0.34426555037498474, 0.3354378044605255, 0.3352053761482239, 0.33504000306129456, 0.3357448875904083, 0.33436810970306396, 0.34583213925361633, 0.3337913751602173, 0.33347412943840027, 0.335133820772171, 0.33568182587623596, 0.33799248933792114, 0.3318427801132202, 0.33384326100349426, 0.3314516842365265, 0.3317570984363556, 0.335478276014328, 0.33113154768943787, 0.33043211698532104, 0.3304905295372009, 0.33060112595558167, 0.32938382029533386, 0.3316326439380646, 0.32927021384239197, 0.3288699984550476, 0.3305710554122925, 0.33168089389801025, 0.3289574384689331, 0.33059266209602356, 0.3311421871185303, 0.32753294706344604, 0.32790106534957886, 0.3271447718143463, 0.33641135692596436, 0.32594120502471924, 0.32630443572998047, 0.33374249935150146, 0.32665008306503296, 0.3252570629119873, 0.3256910443305969, 0.32615289092063904, 0.3248525857925415, 0.32588374614715576, 0.3279958665370941, 0.32422173023223877, 0.32475051283836365, 0.323918879032135, 0.32524123787879944, 0.32350844144821167, 0.3249187767505646, 0.33114150166511536, 0.32636481523513794, 0.32213324308395386, 0.3219553232192993, 0.32219398021698, 0.3253463804721832, 0.3219447731971741, 0.3232285678386688, 0.3207643926143646, 0.3216801583766937, 0.32163262367248535, 0.3206777274608612, 0.32296475768089294, 0.3206518888473511, 0.321765661239624, 0.3198869824409485, 0.31938135623931885, 0.3235729932785034, 0.31912264227867126, 0.319164514541626, 0.31892552971839905, 0.3292665481567383, 0.32118260860443115, 0.3189038038253784, 0.3191305994987488, 0.3208301067352295, 0.3248997628688812, 0.31841981410980225, 0.3177485167980194, 0.3177699148654938, 0.32138827443122864, 0.3246278762817383, 0.31745070219039917, 0.3175998330116272, 0.3184991478919983, 0.3168715536594391, 0.32149943709373474, 0.316690057516098, 0.319749116897583, 0.3161945641040802, 0.31562522053718567, 0.31583863496780396, 0.3153276741504669, 0.3156767189502716, 0.3193696141242981, 0.31595084071159363, 0.3141776919364929, 0.3146091401576996, 0.3142825961112976, 0.31794893741607666, 0.3135431408882141, 0.31366175413131714, 0.3140692412853241, 0.3130062520503998, 0.31789684295654297, 0.3137716054916382, 0.31392964720726013, 0.31126299500465393, 0.3107618987560272, 0.3100922107696533, 0.3103678524494171, 0.30964621901512146, 0.3129205107688904, 0.3090251386165619, 0.30877721309661865, 0.3112809956073761, 0.30866366624832153, 0.3109903633594513, 0.308027982711792, 0.30697500705718994, 0.30636993050575256, 0.30725711584091187, 0.306050181388855, 0.3050350844860077, 0.3110243082046509, 0.3044596314430237, 0.30385738611221313, 0.3028164207935333, 0.30431807041168213, 0.3041287660598755, 0.30222922563552856, 0.30079203844070435, 0.3018820285797119, 0.30069780349731445, 0.3026747405529022, 0.30155035853385925, 0.30041658878326416, 0.3006003201007843, 0.2967030704021454, 0.29880818724632263, 0.30223119258880615, 0.2946937084197998, 0.29413676261901855, 0.29599666595458984, 0.2931675612926483, 0.2974453866481781, 0.29198750853538513, 0.29367151856422424, 0.2932910621166229, 0.2894367277622223, 0.29488229751586914, 0.29274266958236694, 0.2879147231578827, 0.2862490713596344, 0.2893816828727722, 0.28726255893707275, 0.2837872803211212, 0.28329819440841675, 0.2830405831336975, 0.2826157212257385, 0.282139390707016, 0.28027769923210144, 0.2792036533355713, 0.27817782759666443, 0.27760031819343567, 0.2767191231250763, 0.2762654423713684, 0.27542537450790405, 0.2744707763195038, 0.2738610506057739, 0.2763963043689728, 0.27409571409225464, 0.27177274227142334, 0.27164679765701294, 0.2755633294582367, 0.27396875619888306, 0.2709963321685791, 0.2680595815181732, 0.26769715547561646, 0.2681225836277008, 0.26669272780418396, 0.26563242077827454, 0.2655825912952423, 0.26427286863327026, 0.2641509771347046, 0.26353245973587036, 0.26357609033584595, 0.2630593180656433, 0.26199090480804443, 0.26297494769096375, 0.26045605540275574, 0.25988560914993286, 0.25982922315597534, 0.25826942920684814, 0.2635525166988373, 0.2592257857322693, 0.2576099634170532, 0.2567339241504669, 0.2574353814125061, 0.2557370662689209, 0.2560080587863922, 0.25496265292167664, 0.2547376751899719, 0.25360769033432007, 0.25515198707580566, 0.25321781635284424, 0.25514087080955505, 0.25263845920562744, 0.2518371343612671, 0.25169554352760315, 0.25258129835128784, 0.25094887614250183, 0.2500625550746918, 0.24951860308647156, 0.2500848174095154, 0.2492453157901764, 0.2501910328865051, 0.2487594485282898, 0.2479807287454605, 0.24747341871261597, 0.24827897548675537, 0.24861404299736023, 0.24632146954536438, 0.24615061283111572, 0.24642008543014526, 0.24538344144821167, 0.24554724991321564, 0.24543504416942596, 0.24712085723876953, 0.24421928822994232, 0.24359272420406342, 0.24384096264839172, 0.25103431940078735, 0.24886484444141388, 0.24278384447097778, 0.24487322568893433, 0.24640990793704987, 0.24302905797958374, 0.2414563149213791, 0.24133361876010895, 0.24147626757621765, 0.24259358644485474, 0.2415906935930252, 0.24323229491710663, 0.24186772108078003, 0.24172109365463257, 0.24122999608516693, 0.24055244028568268, 0.23988886177539825, 0.2396685630083084, 0.23926782608032227, 0.23900417983531952, 0.2387419492006302, 0.23880690336227417, 0.23842641711235046, 0.2381240874528885, 0.2383359670639038, 0.24028067290782928, 0.23778849840164185, 0.23752598464488983, 0.23770861327648163, 0.23723697662353516, 0.23812605440616608, 0.23849692940711975, 0.23783014714717865, 0.2366388887166977, 0.23777300119400024, 0.23848110437393188, 0.23674190044403076, 0.2402530461549759, 0.23549741506576538, 0.2365252673625946, 0.23570361733436584, 0.23572653532028198, 0.23508813977241516, 0.2349354773759842, 0.2387709766626358, 0.23476094007492065, 0.23541730642318726, 0.23429937660694122, 0.23402780294418335, 0.23604241013526917, 0.2411234974861145, 0.23791559040546417, 0.23751631379127502, 0.23688198626041412, 0.2384612113237381, 0.23466047644615173, 0.23308713734149933, 0.23263023793697357, 0.23509018123149872, 0.23331932723522186, 0.23298265039920807, 0.23327447474002838, 0.23567572236061096, 0.2338201105594635, 0.2348814457654953, 0.23473548889160156, 0.2343754768371582, 0.23246479034423828, 0.23235541582107544, 0.23170769214630127, 0.2343725711107254, 0.23223994672298431, 0.2320009469985962, 0.23138993978500366, 0.2365429699420929, 0.2345828264951706, 0.23041096329689026, 0.23146434128284454, 0.23316048085689545, 0.23046007752418518, 0.23499511182308197, 0.2310049831867218, 0.23025928437709808, 0.230275958776474, 0.23024679720401764, 0.23274509608745575, 0.23076003789901733, 0.23042894899845123, 0.23119273781776428, 0.23126325011253357, 0.23298630118370056, 0.2320064902305603, 0.23101840913295746, 0.2294481247663498, 0.23009473085403442, 0.2294338196516037, 0.232430100440979]",33.0,"[33.0, 33.0, 33.0, 33.0, 33.0, 33.0, 33.0, 33.0, 33.0, 33.0, 33.0, 33.0, 33.0, 33.0, 33.0, 33.0, 33.0, 33.0, 33.0, 33.0, 33.0, 33.0, 33.0, 33.0, 33.0, 33.0, 33.0, 33.0, 33.0, 33.0, 33.0, 33.0, 33.0, 33.0, 33.0, 33.0, 33.0, 33.0, 33.0, 33.0, 33.0, 33.0, 33.0, 33.0, 33.0, 33.0, 33.0, 33.0, 33.0, 33.0, 33.0, 33.0, 33.0, 33.0, 33.0, 33.0, 33.0, 33.0, 33.0, 33.0, 33.0, 33.0, 33.0, 33.0, 33.0, 33.0, 33.0, 33.0, 33.0, 33.0, 33.0, 33.0, 33.0, 33.0, 33.0, 33.0, 33.0, 33.0, 33.0, 33.0, 33.0, 33.0, 33.0, 33.0, 33.0, 33.0, 33.0, 33.0, 33.0, 33.0, 33.0, 33.0, 33.0, 33.0, 33.0, 33.0, 33.0, 33.0, 33.0, 33.0, 33.0, 33.0, 33.0, 33.0, 33.0, 33.0, 33.0, 33.0, 33.0, 33.0, 33.0, 33.0, 33.0, 33.0, 33.0, 33.0, 33.0, 33.0, 33.0, 33.0, 33.0, 33.0, 33.0, 33.0, 33.0, 33.0, 33.0, 33.0, 33.0, 33.0, 33.0, 33.0, 33.0, 33.0, 33.0, 33.0, 33.0, 33.0, 33.0, 33.0, 33.0, 33.0, 33.0, 33.0, 33.0, 33.0, 33.0, 33.0, 33.0, 33.0, 33.0, 33.0, 33.0, 33.0, 33.0, 33.0, 33.0, 33.0, 33.0, 33.0, 33.0, 33.0, 33.0, 33.0, 33.0, 33.0, 33.0, 33.0, 33.0, 33.0, 33.0, 33.0, 33.0, 33.0, 33.0, 33.0, 33.0, 33.0, 33.0, 33.0, 33.0, 33.0, 33.0, 33.0, 33.0, 33.0, 33.0, 33.0, 33.0, 33.0, 33.0, 33.0, 33.0, 33.0, 33.0, 33.0, 33.0, 33.0, 33.0, 33.0, 33.0, 33.0, 33.0, 33.0, 33.0, 33.0, 33.0, 33.0, 33.0, 33.0, 33.0, 33.0, 33.0, 33.0, 33.0, 33.0, 33.0, 33.0, 33.0, 33.0, 33.0, 33.0, 33.0, 33.0, 33.0, 33.0, 33.0, 33.0, 33.0, 33.0, 33.0, 33.0, 33.0, 33.0, 33.0, 33.0, 33.0, 33.0, 33.0, 33.0, 33.0, 33.0, 33.0, 33.0, 33.0, 33.0, 33.0, 33.0, 33.0, 33.0, 33.0, 33.0, 33.0, 33.0, 33.0, 33.0, 33.0, 33.0, 33.0, 33.0, 33.0, 33.0, 33.0, 33.0, 33.0, 33.0, 33.0, 33.0, 33.0, 33.0, 33.0, 33.0, 33.0, 33.0, 33.0, 33.0, 33.0, 33.0, 33.0, 33.0, 33.0, 33.0, 33.0, 33.0, 33.0, 33.0, 33.0, 33.0, 33.0, 33.0, 33.0, 33.0, 33.0, 33.0, 33.0, 33.0, 33.0, 33.0, 33.0, 33.0, 33.0, 33.0, 33.0, 33.0, 33.0, 33.0, 33.0, 33.0, 33.0, 33.0, 33.0, 33.0, 33.0, 33.0, 33.0, 33.0, 33.0, 33.0, 33.0, 33.0, 33.0, 33.0, 33.0, 33.0, 33.0, 33.0, 33.0, 33.0, 33.0, 33.0, 33.0, 33.0, 33.0, 33.0, 33.0, 33.0, 33.0, 33.0, 33.0, 33.0, 33.0, 33.0, 33.0, 33.0, 33.0, 33.0, 33.0, 33.0, 33.0, 33.0, 33.0, 33.0, 33.0, 33.0, 33.0, 33.0, 33.0, 33.0, 33.0, 33.0, 33.0, 33.0, 33.0, 33.0, 33.0, 33.0, 33.0, 33.0, 33.0, 33.0, 33.0, 33.0, 33.0, 33.0, 33.0, 33.0, 33.0, 33.0, 33.0, 33.0, 33.0, 33.0, 33.0, 33.0, 33.0, 33.0, 33.0, 33.0, 33.0, 33.0, 33.0, 33.0, 33.0, 33.0, 33.0]",COMPLETE
