,number,value,datetime_start,datetime_complete,duration,params_batch_size_scaler,params_constant_learning_rate,params_depth,params_epochs,params_kernel_l2,params_num_trees,params_temperature,user_attrs_accuracy_test,user_attrs_accuracy_valid,user_attrs_approximate_feature_sparsity,user_attrs_approximate_feature_sparsity_history,user_attrs_approximate_weight_sparsity,user_attrs_approximate_weight_sparsity_history,user_attrs_auc_test,user_attrs_auc_valid,user_attrs_feature_sparsity,user_attrs_feature_sparsity_history,user_attrs_num_epochs,user_attrs_val_loss_history,user_attrs_weight_sparsity,user_attrs_weight_sparsity_history,state
69,69,0.9065643879378084,2024-08-31 03:41:44.016135,2024-08-31 03:42:41.817366,0 days 00:00:57.801231,4,1.4769903933291573,2,305,0.0021757370381995426,42,0.00019344290995374576,0.906,0.9175,28,"[33, 33, 33, 33, 33, 33, 33, 33, 33, 33, 33, 33, 33, 33, 33, 33, 33, 33, 33, 32, 32, 32, 32, 32, 32, 32, 32, 32, 32, 31, 31, 31, 31, 31, 31, 31, 31, 31, 31, 31, 31, 31, 31, 31, 31, 30, 30, 30, 30, 30, 30, 30, 30, 30, 30, 30, 30, 30, 30, 30, 30, 30, 30, 30, 30, 30, 30, 30, 30, 30, 30, 30, 30, 30, 30, 30, 30, 30, 30, 30, 30, 30, 30, 30, 30, 30, 30, 30, 30, 30, 30, 30, 30, 30, 30, 30, 30, 30, 30, 30, 30, 30, 30, 30, 30, 30, 30, 30, 30, 30, 30, 30, 30, 30, 30, 30, 30, 30, 30, 30, 30, 30, 30, 30, 30, 30, 30, 30, 30, 30, 30, 30, 30, 30, 30, 30, 30, 30, 30, 30, 29, 29, 29, 29, 29, 29, 29, 29, 29, 29, 29, 29, 29, 29, 29, 29, 29, 29, 29, 29, 29, 29, 29, 29, 29, 29, 29, 29, 29, 29, 29, 29, 29, 29, 29, 29, 29, 29, 29, 29, 29, 29, 29, 29, 29, 29, 29, 29, 29, 29, 29, 29, 29, 29, 29, 29, 29, 29, 29, 29, 29, 29, 29, 29, 29, 29, 29, 29, 29, 29, 29, 29, 29, 29, 29, 29, 29, 29, 29, 29, 29, 29, 29, 29, 29, 29, 29, 29, 29, 29, 29, 29, 29, 29, 29, 29, 29, 29, 29, 29, 29, 29, 29, 29, 29, 29, 29, 29, 29, 29, 29, 29, 29, 29, 29, 29, 29, 29, 29, 29, 29, 29, 28, 28, 28, 28, 28, 28, 28, 28, 28, 28, 28, 28, 28, 28, 28, 28, 28, 28, 28, 28, 28, 28, 28, 28, 28, 28, 28, 28, 28, 28, 28, 28, 28, 28, 28, 28, 28, 28, 28, 28, 28, 28, 28]",27.984126984126984,"[33.0, 32.976190476190474, 32.96031746031746, 32.98412698412699, 32.98412698412699, 32.976190476190474, 32.992063492063494, 33.0, 33.0, 32.98412698412699, 32.98412698412699, 32.976190476190474, 32.976190476190474, 32.96825396825397, 32.98412698412699, 32.992063492063494, 32.976190476190474, 32.992063492063494, 32.98412698412699, 32.0, 32.0, 32.0, 31.984126984126984, 31.992063492063494, 32.0, 31.992063492063494, 31.992063492063494, 31.984126984126984, 31.984126984126984, 30.984126984126984, 30.992063492063494, 30.992063492063494, 31.0, 30.992063492063494, 30.992063492063494, 31.0, 31.0, 31.0, 30.984126984126984, 30.992063492063494, 30.992063492063494, 30.992063492063494, 30.992063492063494, 31.0, 31.0, 29.992063492063494, 29.984126984126984, 29.992063492063494, 29.984126984126984, 29.992063492063494, 30.0, 29.984126984126984, 29.976190476190474, 30.0, 29.984126984126984, 29.976190476190474, 29.984126984126984, 29.976190476190474, 29.992063492063494, 29.992063492063494, 30.0, 30.0, 29.976190476190474, 29.96825396825397, 29.976190476190474, 30.0, 29.984126984126984, 30.0, 29.984126984126984, 29.992063492063494, 30.0, 29.992063492063494, 30.0, 30.0, 29.984126984126984, 29.992063492063494, 29.992063492063494, 29.992063492063494, 29.976190476190474, 29.992063492063494, 30.0, 29.992063492063494, 30.0, 29.992063492063494, 30.0, 29.984126984126984, 29.984126984126984, 29.992063492063494, 29.992063492063494, 29.992063492063494, 29.992063492063494, 29.992063492063494, 29.992063492063494, 30.0, 29.984126984126984, 30.0, 30.0, 30.0, 29.992063492063494, 30.0, 30.0, 29.984126984126984, 29.984126984126984, 30.0, 29.992063492063494, 29.992063492063494, 29.984126984126984, 30.0, 29.992063492063494, 29.96825396825397, 29.992063492063494, 29.992063492063494, 30.0, 29.992063492063494, 29.984126984126984, 30.0, 30.0, 29.992063492063494, 29.992063492063494, 29.992063492063494, 29.984126984126984, 29.984126984126984, 30.0, 29.992063492063494, 30.0, 29.976190476190474, 30.0, 29.984126984126984, 29.976190476190474, 29.984126984126984, 29.976190476190474, 29.992063492063494, 29.984126984126984, 29.992063492063494, 29.976190476190474, 29.992063492063494, 30.0, 29.992063492063494, 29.992063492063494, 29.984126984126984, 29.0, 28.992063492063494, 28.984126984126984, 28.984126984126984, 28.992063492063494, 28.992063492063494, 28.992063492063494, 28.992063492063494, 28.992063492063494, 28.992063492063494, 28.992063492063494, 28.96825396825397, 28.960317460317462, 28.960317460317462, 28.984126984126984, 28.984126984126984, 28.984126984126984, 28.96825396825397, 28.96825396825397, 28.976190476190474, 28.976190476190474, 28.984126984126984, 28.992063492063494, 28.976190476190474, 28.96825396825397, 28.984126984126984, 28.984126984126984, 28.984126984126984, 28.976190476190474, 28.96825396825397, 28.992063492063494, 28.976190476190474, 28.96825396825397, 28.984126984126984, 28.976190476190474, 28.952380952380953, 28.984126984126984, 28.984126984126984, 28.984126984126984, 28.984126984126984, 28.976190476190474, 28.992063492063494, 28.976190476190474, 28.992063492063494, 29.0, 28.984126984126984, 28.992063492063494, 28.992063492063494, 28.992063492063494, 28.984126984126984, 28.992063492063494, 28.976190476190474, 28.992063492063494, 28.984126984126984, 28.960317460317462, 29.0, 29.0, 28.984126984126988, 28.992063492063494, 28.976190476190474, 29.0, 28.992063492063494, 28.992063492063494, 28.960317460317462, 28.992063492063494, 28.976190476190474, 28.984126984126984, 28.984126984126984, 28.984126984126984, 28.976190476190474, 28.984126984126984, 28.992063492063494, 28.992063492063494, 28.976190476190474, 29.0, 28.992063492063494, 28.992063492063494, 28.984126984126984, 29.0, 28.984126984126984, 28.984126984126984, 28.984126984126984, 29.0, 28.992063492063494, 28.992063492063494, 29.0, 28.992063492063494, 29.0, 29.0, 28.984126984126984, 28.984126984126984, 28.992063492063494, 28.976190476190474, 28.984126984126984, 28.984126984126984, 28.960317460317462, 28.984126984126984, 28.984126984126984, 28.992063492063494, 29.0, 28.976190476190474, 28.992063492063494, 28.984126984126984, 28.976190476190474, 28.984126984126984, 28.96825396825397, 28.952380952380956, 28.992063492063494, 28.992063492063494, 28.984126984126984, 28.992063492063494, 28.984126984126984, 29.0, 29.0, 29.0, 29.0, 29.0, 28.992063492063494, 29.0, 28.984126984126984, 28.992063492063494, 28.976190476190474, 27.984126984126984, 27.984126984126984, 27.952380952380953, 27.992063492063494, 27.984126984126984, 27.984126984126984, 27.992063492063494, 27.992063492063494, 27.976190476190474, 27.960317460317462, 27.96825396825397, 27.976190476190474, 27.984126984126988, 27.976190476190474, 27.984126984126988, 27.992063492063494, 27.984126984126984, 28.0, 28.0, 27.992063492063494, 28.0, 27.992063492063494, 27.984126984126984, 27.992063492063494, 27.984126984126984, 27.984126984126984, 27.984126984126984, 27.992063492063494, 27.992063492063494, 27.984126984126984, 27.992063492063494, 27.96825396825397, 27.96825396825397, 27.984126984126984, 27.984126984126984, 27.976190476190474, 27.984126984126984, 27.984126984126984, 27.992063492063494, 27.984126984126984, 27.992063492063494, 27.976190476190474, 27.984126984126984]",0.8844937623329124,0.9065643879378084,28,"[33, 33, 33, 33, 33, 33, 33, 33, 33, 33, 33, 33, 33, 33, 33, 33, 33, 33, 33, 32, 32, 32, 32, 32, 32, 32, 32, 32, 32, 31, 31, 31, 31, 31, 31, 31, 31, 31, 31, 31, 31, 31, 31, 31, 31, 30, 30, 30, 30, 30, 30, 30, 30, 30, 30, 30, 30, 30, 30, 30, 30, 30, 30, 30, 30, 30, 30, 30, 30, 30, 30, 30, 30, 30, 30, 30, 30, 30, 30, 30, 30, 30, 30, 30, 30, 30, 30, 30, 30, 30, 30, 30, 30, 30, 30, 30, 30, 30, 30, 30, 30, 30, 30, 30, 30, 30, 30, 30, 30, 30, 30, 30, 30, 30, 30, 30, 30, 30, 30, 30, 30, 30, 30, 30, 30, 30, 30, 30, 30, 30, 30, 30, 30, 30, 30, 30, 30, 30, 30, 30, 29, 29, 29, 29, 29, 29, 29, 29, 29, 29, 29, 29, 29, 29, 29, 29, 29, 29, 29, 29, 29, 29, 29, 29, 29, 29, 29, 29, 29, 29, 29, 29, 29, 29, 29, 29, 29, 29, 29, 29, 29, 29, 29, 29, 29, 29, 29, 29, 29, 29, 29, 29, 29, 29, 29, 29, 29, 29, 29, 29, 29, 29, 29, 29, 29, 29, 29, 29, 29, 29, 29, 29, 29, 29, 29, 29, 29, 29, 29, 29, 29, 29, 29, 29, 29, 29, 29, 29, 29, 29, 29, 29, 29, 29, 29, 29, 29, 29, 29, 29, 29, 29, 29, 29, 29, 29, 29, 29, 29, 29, 29, 29, 29, 29, 29, 29, 29, 29, 29, 29, 29, 29, 28, 28, 28, 28, 28, 28, 28, 28, 28, 28, 28, 28, 28, 28, 28, 28, 28, 28, 28, 28, 28, 28, 28, 28, 28, 28, 28, 28, 28, 28, 28, 28, 28, 28, 28, 28, 28, 28, 28, 28, 28, 28, 28]",305,"[0.8635509610176086, 0.3787049353122711, 1.1098958253860474, 0.2488393783569336, 0.5915927290916443, 0.36666953563690186, 0.33767157793045044, 0.22867363691329956, 0.26966702938079834, 0.26512232422828674, 0.20231786370277405, 0.2165350317955017, 0.22103172540664673, 0.21571844816207886, 0.1936972588300705, 0.27025434374809265, 0.21842049062252045, 0.21917583048343658, 0.19309988617897034, 0.2174496203660965, 0.22628013789653778, 0.19926247000694275, 0.22288647294044495, 0.20120863616466522, 0.18896803259849548, 0.21743078529834747, 0.20205062627792358, 0.20185881853103638, 0.22225795686244965, 0.20262698829174042, 0.3512987494468689, 0.21039538085460663, 0.22445254027843475, 0.36419641971588135, 0.4318004548549652, 0.26166874170303345, 0.21453653275966644, 0.3133496940135956, 0.2457462102174759, 0.22705931961536407, 0.24273556470870972, 0.25236451625823975, 0.21977783739566803, 0.25794482231140137, 0.23700480163097382, 0.23970316350460052, 0.2697419226169586, 0.246613547205925, 0.26258745789527893, 0.27192771434783936, 0.24088478088378906, 0.2462873011827469, 0.24995559453964233, 0.2693011164665222, 0.27265864610671997, 0.252307265996933, 0.27681654691696167, 0.25278517603874207, 0.2717272937297821, 0.28856131434440613, 0.2679325342178345, 0.29295018315315247, 0.2833895981311798, 0.2788105309009552, 0.30983391404151917, 0.2775552272796631, 0.28356197476387024, 0.2952362596988678, 0.28810304403305054, 0.34341225028038025, 0.3152872323989868, 0.30630141496658325, 0.30892667174339294, 0.2993289530277252, 0.31247779726982117, 0.3210025131702423, 0.3130285441875458, 0.3177492618560791, 0.3460073173046112, 0.3284851312637329, 0.3378239870071411, 0.32961854338645935, 0.33452102541923523, 0.33452215790748596, 0.3255159258842468, 0.3554782569408417, 0.33599770069122314, 0.35592731833457947, 0.34458035230636597, 0.3411198556423187, 0.34436166286468506, 0.35363447666168213, 0.36079922318458557, 0.3519803285598755, 0.36316630244255066, 0.3570142388343811, 0.36871322989463806, 0.3667868673801422, 0.3688243627548218, 0.3902283012866974, 0.36551937460899353, 0.3754967153072357, 0.36958327889442444, 0.39122238755226135, 0.36951255798339844, 0.3832007348537445, 0.39305853843688965, 0.38106590509414673, 0.3910911977291107, 0.38383713364601135, 0.3971152901649475, 0.4103619456291199, 0.4022771716117859, 0.39744335412979126, 0.39817166328430176, 0.39422348141670227, 0.39288270473480225, 0.3951723575592041, 0.4041624367237091, 0.411899596452713, 0.40442171692848206, 0.4041179418563843, 0.4086436331272125, 0.40068113803863525, 0.4038833677768707, 0.4078284800052643, 0.4119100570678711, 0.41482752561569214, 0.4100876748561859, 0.41754814982414246, 0.41368603706359863, 0.42018207907676697, 0.40698182582855225, 0.40651240944862366, 0.40658867359161377, 0.4148823022842407, 0.4211401641368866, 0.42030930519104004, 0.4211311638355255, 0.42904746532440186, 0.4213044345378876, 0.42935580015182495, 0.422150194644928, 0.4309041500091553, 0.4270752966403961, 0.41948792338371277, 0.4267144799232483, 0.42747342586517334, 0.42676353454589844, 0.4225117564201355, 0.4214387536048889, 0.42491641640663147, 0.43714654445648193, 0.4326787292957306, 0.42687565088272095, 0.4393550753593445, 0.42507699131965637, 0.4342970550060272, 0.43424704670906067, 0.43760454654693604, 0.43425753712654114, 0.43507346510887146, 0.43520215153694153, 0.437917023897171, 0.43612030148506165, 0.4327012598514557, 0.44393303990364075, 0.4467852711677551, 0.44422492384910583, 0.4354790449142456, 0.44239693880081177, 0.4445085823535919, 0.4483446776866913, 0.44352734088897705, 0.4455662965774536, 0.44475477933883667, 0.45186737179756165, 0.4462105631828308, 0.441463440656662, 0.45033636689186096, 0.44431084394454956, 0.4497283697128296, 0.44662487506866455, 0.4492296576499939, 0.4468488395214081, 0.4525943398475647, 0.4563477635383606, 0.45412489771842957, 0.44989943504333496, 0.4597473442554474, 0.45056578516960144, 0.45770254731178284, 0.45154815912246704, 0.44904953241348267, 0.4472893476486206, 0.45974230766296387, 0.4543856680393219, 0.45105111598968506, 0.4493142068386078, 0.45244845747947693, 0.4468648433685303, 0.4519529640674591, 0.45210087299346924, 0.4598540961742401, 0.46059703826904297, 0.46004346013069153, 0.46120959520339966, 0.45599424839019775, 0.4619881510734558, 0.46339651942253113, 0.46040084958076477, 0.4574446380138397, 0.4523296654224396, 0.4553782641887665, 0.46442219614982605, 0.4598047733306885, 0.45764580368995667, 0.46194303035736084, 0.4599781334400177, 0.4710550606250763, 0.4626633822917938, 0.4568344056606293, 0.45953941345214844, 0.45577672123908997, 0.4652628004550934, 0.45649898052215576, 0.46760475635528564, 0.46045804023742676, 0.4635589122772217, 0.4669762849807739, 0.46059077978134155, 0.4601876437664032, 0.47100940346717834, 0.47438251972198486, 0.4635153114795685, 0.46789655089378357, 0.4600328803062439, 0.4604068398475647, 0.46084460616111755, 0.46300211548805237, 0.4623412787914276, 0.46898382902145386, 0.4664325714111328, 0.4726716876029968, 0.4649098515510559, 0.4607120156288147, 0.4584701955318451, 0.4699333906173706, 0.4761454463005066, 0.47056373953819275, 0.4704497456550598, 0.4730501174926758, 0.46936434507369995, 0.4660152494907379, 0.46727612614631653, 0.4694199860095978, 0.4713955819606781, 0.47724759578704834, 0.46939852833747864, 0.46407607197761536, 0.4703782796859741, 0.47206225991249084, 0.48112690448760986, 0.47296303510665894, 0.4917992651462555, 0.4825402498245239, 0.4826514720916748, 0.4817794859409332, 0.4883818030357361, 0.4867040514945984, 0.48434942960739136, 0.4854108691215515, 0.4839664697647095, 0.49023741483688354, 0.4866277277469635, 0.48521101474761963, 0.491465300321579, 0.4883979856967926, 0.48656079173088074, 0.4835583567619324, 0.48458588123321533, 0.4892025887966156, 0.4805338382720947, 0.4906863272190094, 0.48423126339912415, 0.4905618727207184, 0.4938528835773468, 0.48848456144332886, 0.48440808057785034, 0.48732706904411316, 0.48832768201828003, 0.49063950777053833, 0.4908124506473541, 0.48612841963768005, 0.48710164427757263, 0.488068163394928, 0.49417275190353394, 0.48671528697013855, 0.488216370344162, 0.4891502261161804, 0.4983208477497101, 0.49681204557418823, 0.4923195242881775, 0.49288368225097656, 0.4959806501865387]",28.0,"[33.0, 33.0, 33.0, 33.0, 33.0, 33.0, 33.0, 33.0, 33.0, 33.0, 33.0, 33.0, 33.0, 33.0, 33.0, 33.0, 33.0, 33.0, 33.0, 32.0, 32.0, 32.0, 32.0, 32.0, 32.0, 32.0, 32.0, 32.0, 32.0, 31.0, 31.0, 31.0, 31.0, 31.0, 31.0, 31.0, 31.0, 31.0, 31.0, 31.0, 31.0, 31.0, 31.0, 31.0, 31.0, 30.0, 30.0, 30.0, 30.0, 30.0, 30.0, 30.0, 30.0, 30.0, 30.0, 30.0, 30.0, 30.0, 30.0, 30.0, 30.0, 30.0, 30.0, 30.0, 30.0, 30.0, 30.0, 30.0, 30.0, 30.0, 30.0, 30.0, 30.0, 30.0, 30.0, 30.0, 30.0, 30.0, 30.0, 30.0, 30.0, 30.0, 30.0, 30.0, 30.0, 30.0, 30.0, 30.0, 30.0, 30.0, 30.0, 30.0, 30.0, 30.0, 30.0, 30.0, 30.0, 30.0, 30.0, 30.0, 30.0, 30.0, 30.0, 30.0, 30.0, 30.0, 30.0, 30.0, 30.0, 30.0, 30.0, 30.0, 30.0, 30.0, 30.0, 30.0, 30.0, 30.0, 30.0, 30.0, 30.0, 30.0, 30.0, 30.0, 30.0, 30.0, 30.0, 30.0, 30.0, 30.0, 30.0, 30.0, 30.0, 30.0, 30.0, 30.0, 30.0, 30.0, 30.0, 30.0, 29.0, 29.0, 29.0, 29.0, 29.0, 29.0, 29.0, 29.0, 29.0, 29.0, 29.0, 29.0, 29.0, 29.0, 29.0, 29.0, 29.0, 29.0, 29.0, 29.0, 29.0, 29.0, 29.0, 29.0, 29.0, 29.0, 29.0, 29.0, 29.0, 29.0, 29.0, 29.0, 29.0, 29.0, 29.0, 29.0, 29.0, 29.0, 29.0, 29.0, 29.0, 29.0, 29.0, 29.0, 29.0, 29.0, 29.0, 29.0, 29.0, 29.0, 29.0, 29.0, 29.0, 29.0, 29.0, 29.0, 29.0, 29.0, 29.0, 29.0, 29.0, 29.0, 29.0, 29.0, 29.0, 29.0, 29.0, 29.0, 29.0, 29.0, 29.0, 29.0, 29.0, 29.0, 29.0, 29.0, 29.0, 29.0, 29.0, 29.0, 29.0, 29.0, 29.0, 29.0, 29.0, 29.0, 29.0, 29.0, 29.0, 29.0, 29.0, 29.0, 29.0, 29.0, 29.0, 29.0, 29.0, 29.0, 29.0, 29.0, 29.0, 29.0, 29.0, 29.0, 29.0, 29.0, 29.0, 29.0, 29.0, 29.0, 29.0, 29.0, 29.0, 29.0, 29.0, 29.0, 29.0, 29.0, 29.0, 29.0, 29.0, 29.0, 28.0, 28.0, 28.0, 28.0, 28.0, 28.0, 28.0, 28.0, 28.0, 28.0, 28.0, 28.0, 28.0, 28.0, 28.0, 28.0, 28.0, 28.0, 28.0, 28.0, 28.0, 28.0, 28.0, 28.0, 28.0, 28.0, 28.0, 28.0, 28.0, 28.0, 28.0, 28.0, 28.0, 28.0, 28.0, 28.0, 28.0, 28.0, 28.0, 28.0, 28.0, 28.0, 28.0]",COMPLETE
70,70,0.6906519302855818,2024-08-31 03:42:41.829644,2024-08-31 03:43:14.065026,0 days 00:00:32.235382,16,0.016071731388452904,6,10,0.004833197911695513,50,0.05057784680016724,0.859,0.85875,33,"[33, 33, 33, 33, 33, 33, 33, 33, 33, 33]",32.930793650793646,"[32.92190476190476, 32.92190476190476, 32.92095238095238, 32.92190476190476, 32.92031746031746, 32.92190476190476, 32.92444444444445, 32.92603174603175, 32.92888888888889, 32.930793650793646]",0.7233959989762134,0.6906519302855818,33,"[33, 33, 33, 33, 33, 33, 33, 33, 33, 33]",10,"[0.6236760020256042, 0.5900900959968567, 0.5621635317802429, 0.5387628078460693, 0.5190697312355042, 0.5027490854263306, 0.488923043012619, 0.47740882635116577, 0.46740302443504333, 0.45893746614456177]",33.0,"[33.0, 33.0, 33.0, 33.0, 33.0, 33.0, 33.0, 33.0, 33.0, 33.0]",COMPLETE
