,number,value,datetime_start,datetime_complete,duration,params_batch_size_scaler,params_constant_learning_rate,params_depth,params_epochs,params_kernel_l2,params_num_trees,params_temperature,user_attrs_accuracy_test,user_attrs_accuracy_valid,user_attrs_approximate_feature_sparsity,user_attrs_approximate_feature_sparsity_history,user_attrs_approximate_weight_sparsity,user_attrs_approximate_weight_sparsity_history,user_attrs_auc_test,user_attrs_auc_valid,user_attrs_feature_sparsity,user_attrs_feature_sparsity_history,user_attrs_num_epochs,user_attrs_val_loss_history,user_attrs_weight_sparsity,user_attrs_weight_sparsity_history,state
129,129,0.47815949813863023,2024-08-31 06:06:33.884055,2024-08-31 06:07:07.520838,0 days 00:00:33.636783,64,0.017787052529963817,6,50,0.010886785442924918,2,0.00011385704883420043,0.859,0.85875,33,"[33, 33, 33, 33, 33, 33, 33, 33, 33, 33, 33, 33, 33, 33, 33, 33, 33, 33, 33, 33, 33, 33, 33, 33, 33, 33, 33, 33, 33, 33, 33, 33, 33, 33, 33, 33, 33, 33, 33, 33, 33, 33, 33, 33, 33, 33, 33, 33, 33, 33]",32.976190476190474,"[32.98412698412699, 32.98412698412699, 32.98412698412699, 32.98412698412699, 32.98412698412699, 32.976190476190474, 32.98412698412699, 32.96825396825397, 32.96031746031746, 32.96825396825397, 32.96825396825397, 32.976190476190474, 32.976190476190474, 32.98412698412699, 32.976190476190474, 32.98412698412699, 32.98412698412699, 32.98412698412699, 32.98412698412699, 32.976190476190474, 32.976190476190474, 32.976190476190474, 32.98412698412699, 32.98412698412699, 32.98412698412699, 32.976190476190474, 32.992063492063494, 32.992063492063494, 32.992063492063494, 32.98412698412699, 32.992063492063494, 32.992063492063494, 33.0, 33.0, 33.0, 33.0, 33.0, 32.992063492063494, 32.992063492063494, 32.992063492063494, 32.992063492063494, 32.992063492063494, 32.98412698412699, 32.992063492063494, 32.98412698412699, 32.98412698412699, 32.992063492063494, 32.98412698412699, 32.976190476190474, 32.976190476190474]",0.4111989035576581,0.47815949813863023,33,"[33, 33, 33, 33, 33, 33, 33, 33, 33, 33, 33, 33, 33, 33, 33, 33, 33, 33, 33, 33, 33, 33, 33, 33, 33, 33, 33, 33, 33, 33, 33, 33, 33, 33, 33, 33, 33, 33, 33, 33, 33, 33, 33, 33, 33, 33, 33, 33, 33, 33]",50,"[0.576996922492981, 0.5760192275047302, 0.5750465989112854, 0.5740566849708557, 0.5731045603752136, 0.5721560120582581, 0.571225106716156, 0.5702699422836304, 0.5693216919898987, 0.5684052109718323, 0.5674511194229126, 0.5665324330329895, 0.5656489729881287, 0.5647534728050232, 0.5638749003410339, 0.5629687309265137, 0.5620666742324829, 0.5611768960952759, 0.5603087544441223, 0.5594180226325989, 0.5585107207298279, 0.5576507449150085, 0.5567888021469116, 0.5559498071670532, 0.5550777912139893, 0.5542305707931519, 0.5533896684646606, 0.5525649189949036, 0.5517281889915466, 0.550901472568512, 0.5500590205192566, 0.5492645502090454, 0.5484625101089478, 0.5476805567741394, 0.5468904376029968, 0.546073853969574, 0.5453037023544312, 0.5445693135261536, 0.5438016057014465, 0.5430561304092407, 0.5423044562339783, 0.5415651798248291, 0.5408297777175903, 0.5400756597518921, 0.5393598079681396, 0.5386326313018799, 0.5379076600074768, 0.5371943712234497, 0.5364478826522827, 0.5357256531715393]",33.0,"[33.0, 33.0, 33.0, 33.0, 33.0, 33.0, 33.0, 33.0, 33.0, 33.0, 33.0, 33.0, 33.0, 33.0, 33.0, 33.0, 33.0, 33.0, 33.0, 33.0, 33.0, 33.0, 33.0, 33.0, 33.0, 33.0, 33.0, 33.0, 33.0, 33.0, 33.0, 33.0, 33.0, 33.0, 33.0, 33.0, 33.0, 33.0, 33.0, 33.0, 33.0, 33.0, 33.0, 33.0, 33.0, 33.0, 33.0, 33.0, 33.0, 33.0]",COMPLETE
130,130,0.5,2024-08-31 06:07:07.533279,2024-08-31 06:08:31.481794,0 days 00:01:23.948515,1,2.5383498185356603,3,160,0.9804063225499992,7,0.08574797573489745,0.859,0.85875,0,"[0, 0, 0, 0, 0, 0, 0, 0, 0, 0, 0, 0, 0, 0, 0, 0, 0, 0, 0, 0, 0, 0, 0, 0, 0, 0, 0, 0, 0, 0, 0, 0, 0, 0, 0, 0, 0, 0, 0, 0, 0, 0, 0, 0, 0, 0, 0, 0, 0, 0, 0, 0, 0, 0, 0, 0, 0, 0, 0, 0, 0, 0, 0, 0, 0, 0, 0, 0, 0, 0, 0, 0, 0, 0, 0, 0, 0, 0, 0, 0, 0, 0, 0, 0, 0, 0, 0, 0, 0, 0, 0, 0, 0, 0, 0, 0, 0, 0, 0, 0, 0, 0, 0, 0, 0, 0, 0, 0, 0, 0, 0, 0, 0, 0, 0, 0, 0, 0, 0, 0, 0, 0, 0, 0, 0, 0, 0, 0, 0, 0, 0, 0, 0, 0, 0, 0, 0, 0, 0, 0, 0, 0, 0, 0, 0, 0, 0, 0, 0, 0, 0, 0, 0, 0, 0, 0, 0, 0, 0, 0]",0.0,"[0.0, 0.0, 0.0, 0.0, 0.0, 0.0, 0.0, 0.0, 0.0, 0.0, 0.0, 0.0, 0.0, 0.0, 0.0, 0.0, 0.0, 0.0, 0.0, 0.0, 0.0, 0.0, 0.0, 0.0, 0.0, 0.0, 0.0, 0.0, 0.0, 0.0, 0.0, 0.0, 0.0, 0.0, 0.0, 0.0, 0.0, 0.0, 0.0, 0.0, 0.0, 0.0, 0.0, 0.0, 0.0, 0.0, 0.0, 0.0, 0.0, 0.0, 0.0, 0.0, 0.0, 0.0, 0.0, 0.0, 0.0, 0.0, 0.0, 0.0, 0.0, 0.0, 0.0, 0.0, 0.0, 0.0, 0.0, 0.0, 0.0, 0.0, 0.0, 0.0, 0.0, 0.0, 0.0, 0.0, 0.0, 0.0, 0.0, 0.0, 0.0, 0.0, 0.0, 0.0, 0.0, 0.0, 0.0, 0.0, 0.0, 0.0, 0.0, 0.0, 0.0, 0.0, 0.0, 0.0, 0.0, 0.0, 0.0, 0.0, 0.0, 0.0, 0.0, 0.0, 0.0, 0.0, 0.0, 0.0, 0.0, 0.0, 0.0, 0.0, 0.0, 0.0, 0.0, 0.0, 0.0, 0.0, 0.0, 0.0, 0.0, 0.0, 0.0, 0.0, 0.0, 0.0, 0.0, 0.0, 0.0, 0.0, 0.0, 0.0, 0.0, 0.0, 0.0, 0.0, 0.0, 0.0, 0.0, 0.0, 0.0, 0.0, 0.0, 0.0, 0.0, 0.0, 0.0, 0.0, 0.0, 0.0, 0.0, 0.0, 0.0, 0.0, 0.0, 0.0, 0.0, 0.0, 0.0, 0.0]",0.5,0.5,0,"[0, 0, 0, 0, 0, 0, 0, 0, 0, 0, 0, 0, 0, 0, 0, 0, 0, 0, 0, 0, 0, 0, 0, 0, 0, 0, 0, 0, 0, 0, 0, 0, 0, 0, 0, 0, 0, 0, 0, 0, 0, 0, 0, 0, 0, 0, 0, 0, 0, 0, 0, 0, 0, 0, 0, 0, 0, 0, 0, 0, 0, 0, 0, 0, 0, 0, 0, 0, 0, 0, 0, 0, 0, 0, 0, 0, 0, 0, 0, 0, 0, 0, 0, 0, 0, 0, 0, 0, 0, 0, 0, 0, 0, 0, 0, 0, 0, 0, 0, 0, 0, 0, 0, 0, 0, 0, 0, 0, 0, 0, 0, 0, 0, 0, 0, 0, 0, 0, 0, 0, 0, 0, 0, 0, 0, 0, 0, 0, 0, 0, 0, 0, 0, 0, 0, 0, 0, 0, 0, 0, 0, 0, 0, 0, 0, 0, 0, 0, 0, 0, 0, 0, 0, 0, 0, 0, 0, 0, 0, 0]",160,"[0.407963365316391, 0.42340296506881714, 0.4713425040245056, 0.4072584807872772, 0.435029000043869, 0.42856431007385254, 0.42535877227783203, 0.41606980562210083, 0.4202873110771179, 0.4102872610092163, 0.4072914123535156, 0.40894317626953125, 0.40794211626052856, 0.40723174810409546, 0.407704621553421, 0.40885257720947266, 0.4636431634426117, 0.4369741380214691, 0.4188140630722046, 0.4331170320510864, 0.4287603795528412, 0.4101988971233368, 0.4084605276584625, 0.41575825214385986, 0.41884666681289673, 0.42936718463897705, 0.4130787253379822, 0.42025548219680786, 0.431609570980072, 0.43100491166114807, 0.4575500786304474, 0.40722617506980896, 0.41324353218078613, 0.4113152027130127, 0.41029098629951477, 0.4127366542816162, 0.411571204662323, 0.41276904940605164, 0.4074837863445282, 0.41577640175819397, 0.4080836772918701, 0.4072541296482086, 0.4072929322719574, 0.40928253531455994, 0.40723472833633423, 0.4217644929885864, 0.40973544120788574, 0.4693775177001953, 0.40725722908973694, 0.4631214439868927, 0.41042181849479675, 0.4106513559818268, 0.4525050222873688, 0.41274285316467285, 0.43232449889183044, 0.4095495939254761, 0.42064398527145386, 0.4077703058719635, 0.41643214225769043, 0.4088445007801056, 0.4140576124191284, 0.42199885845184326, 0.4074040353298187, 0.40725111961364746, 0.42323634028434753, 0.40772292017936707, 0.40759986639022827, 0.40937286615371704, 0.4574734568595886, 0.43843743205070496, 0.4619399905204773, 0.41268280148506165, 0.42062491178512573, 0.41182106733322144, 0.4072345495223999, 0.4249667227268219, 0.4213556945323944, 0.40833279490470886, 0.4205399453639984, 0.4385221004486084, 0.4281831383705139, 0.42085403203964233, 0.4073975086212158, 0.4200364351272583, 0.40759846568107605, 0.4145267903804779, 0.4073871374130249, 0.4244627058506012, 0.42897021770477295, 0.41397610306739807, 0.4144176244735718, 0.4334430992603302, 0.4348284602165222, 0.41930875182151794, 0.41519325971603394, 0.4148860573768616, 0.41139546036720276, 0.4168407917022705, 0.4131615459918976, 0.41263115406036377, 0.4076733887195587, 0.41196876764297485, 0.4407506287097931, 0.43201062083244324, 0.4429812729358673, 0.4076160490512848, 0.4074152708053589, 0.407760888338089, 0.4072366952896118, 0.42672911286354065, 0.43477341532707214, 0.4075034260749817, 0.4211921989917755, 0.4081798493862152, 0.41552138328552246, 0.4107304811477661, 0.4090927243232727, 0.4130500555038452, 0.4392812252044678, 0.40747857093811035, 0.41566532850265503, 0.4074585735797882, 0.40765276551246643, 0.40727776288986206, 0.41577422618865967, 0.4097868800163269, 0.4091813564300537, 0.42770519852638245, 0.4790789783000946, 0.4417600929737091, 0.48016300797462463, 0.4072501063346863, 0.428493857383728, 0.40939444303512573, 0.4148065149784088, 0.4102696180343628, 0.4371846914291382, 0.41226357221603394, 0.4183444678783417, 0.41586482524871826, 0.4084620177745819, 0.4091775119304657, 0.41400864720344543, 0.4104653596878052, 0.4121362268924713, 0.40883442759513855, 0.4079093039035797, 0.4083334803581238, 0.4403683841228485, 0.4132300615310669, 0.4086899161338806, 0.4458950161933899, 0.4081944525241852, 0.40976792573928833, 0.41045907139778137, 0.42277994751930237, 0.4190175235271454, 0.4271034300327301, 0.4177393317222595, 0.41321390867233276]",0.0,"[0.0, 0.0, 0.0, 0.0, 0.0, 0.0, 0.0, 0.0, 0.0, 0.0, 0.0, 0.0, 0.0, 0.0, 0.0, 0.0, 0.0, 0.0, 0.0, 0.0, 0.0, 0.0, 0.0, 0.0, 0.0, 0.0, 0.0, 0.0, 0.0, 0.0, 0.0, 0.0, 0.0, 0.0, 0.0, 0.0, 0.0, 0.0, 0.0, 0.0, 0.0, 0.0, 0.0, 0.0, 0.0, 0.0, 0.0, 0.0, 0.0, 0.0, 0.0, 0.0, 0.0, 0.0, 0.0, 0.0, 0.0, 0.0, 0.0, 0.0, 0.0, 0.0, 0.0, 0.0, 0.0, 0.0, 0.0, 0.0, 0.0, 0.0, 0.0, 0.0, 0.0, 0.0, 0.0, 0.0, 0.0, 0.0, 0.0, 0.0, 0.0, 0.0, 0.0, 0.0, 0.0, 0.0, 0.0, 0.0, 0.0, 0.0, 0.0, 0.0, 0.0, 0.0, 0.0, 0.0, 0.0, 0.0, 0.0, 0.0, 0.0, 0.0, 0.0, 0.0, 0.0, 0.0, 0.0, 0.0, 0.0, 0.0, 0.0, 0.0, 0.0, 0.0, 0.0, 0.0, 0.0, 0.0, 0.0, 0.0, 0.0, 0.0, 0.0, 0.0, 0.0, 0.0, 0.0, 0.0, 0.0, 0.0, 0.0, 0.0, 0.0, 0.0, 0.0, 0.0, 0.0, 0.0, 0.0, 0.0, 0.0, 0.0, 0.0, 0.0, 0.0, 0.0, 0.0, 0.0, 0.0, 0.0, 0.0, 0.0, 0.0, 0.0, 0.0, 0.0, 0.0, 0.0, 0.0, 0.0]",COMPLETE
