,number,value,datetime_start,datetime_complete,duration,params_batch_size_scaler,params_constant_learning_rate,params_depth,params_epochs,params_kernel_l2,params_num_trees,params_temperature,user_attrs_accuracy_test,user_attrs_accuracy_valid,user_attrs_approximate_feature_sparsity,user_attrs_approximate_feature_sparsity_history,user_attrs_approximate_weight_sparsity,user_attrs_approximate_weight_sparsity_history,user_attrs_auc_test,user_attrs_auc_valid,user_attrs_feature_sparsity,user_attrs_feature_sparsity_history,user_attrs_num_epochs,user_attrs_val_loss_history,user_attrs_weight_sparsity,user_attrs_weight_sparsity_history,state
14,14,0.5,2024-08-31 01:12:23.415520,2024-08-31 01:13:00.754818,0 days 00:00:37.339298,16,1.679829163027898,5,20,0.0048833976090734595,66,0.012998178519646025,0.859,0.85875,0,"[33, 0, 0, 0, 0, 0, 0, 0, 0, 0, 0, 0, 0, 0, 0, 0, 0, 0, 0, 0]",0.0,"[32.94232649071359, 0.0, 0.0, 0.0, 0.0, 0.0, 0.0, 0.0, 0.0, 0.0, 0.0, 0.0, 0.0, 0.0, 0.0, 0.0, 0.0, 0.0, 0.0, 0.0]",0.5,0.5,0,"[33, 0, 0, 0, 0, 0, 0, 0, 0, 0, 0, 0, 0, 0, 0, 0, 0, 0, 0, 0]",20,"[0.3784791827201843, 0.4090384244918823, 0.4402656555175781, 0.4074970483779907, 0.4079124927520752, 0.40797626972198486, 0.41753214597702026, 0.4086840748786926, 0.4134290814399719, 0.40796515345573425, 0.40809205174446106, 0.407230019569397, 0.4072272777557373, 0.4081319570541382, 0.4113888144493103, 0.40736639499664307, 0.40722978115081787, 0.4076949656009674, 0.41461804509162903, 0.40994563698768616]",0.0,"[33.0, 0.0, 0.0, 0.0, 0.0, 0.0, 0.0, 0.0, 0.0, 0.0, 0.0, 0.0, 0.0, 0.0, 0.0, 0.0, 0.0, 0.0, 0.0, 0.0]",COMPLETE
15,15,0.6983808014839432,2024-08-31 01:13:00.761699,2024-08-31 01:13:16.083787,0 days 00:00:15.322088,64,0.01434393082568161,1,200,0.10122345064314249,7,0.0003927184775327707,0.859,0.85875,33,"[33, 33, 33, 33, 33, 33, 33, 33, 33, 33, 33, 33, 33, 33, 33, 33, 33, 33, 33, 33, 33, 33, 33, 33, 33, 33, 33, 33, 33, 33, 33, 33, 33, 33, 33, 33, 33, 33, 33, 33, 33, 33, 33, 33, 33, 33, 33, 33, 33, 33, 33, 33, 33, 33, 33, 33, 33, 33, 33, 33, 33, 33, 33, 33, 33, 33, 33, 33, 33, 33, 33, 33, 33, 33, 33, 33, 33, 33, 33, 33, 33, 33, 33, 33, 33, 33, 33, 33, 33, 33, 33, 33, 33, 33, 33, 33, 33, 33, 33, 33, 33, 33, 33, 33, 33, 33, 33, 33, 33, 33, 33, 33, 33, 33, 33, 33, 33, 33, 33, 33, 33, 33, 33, 33, 33, 33, 33, 33, 33, 33, 33, 33, 33, 33, 33, 33, 33, 33, 33, 33, 33, 33, 33, 33, 33, 33, 33, 33, 33, 33, 33, 33, 33, 33, 33, 33, 33, 33, 33, 33, 33, 33, 33, 33, 33, 33, 33, 33, 33, 33, 33, 33, 33, 33, 33, 33, 33, 33, 33, 33, 33, 33, 33, 33, 33, 33, 33, 33, 33, 33, 33, 33, 33, 33, 33, 33, 33, 33, 33, 33]",33.0,"[33.0, 33.0, 33.0, 33.0, 33.0, 33.0, 33.0, 33.0, 33.0, 33.0, 33.0, 33.0, 33.0, 33.0, 33.0, 33.0, 33.0, 33.0, 33.0, 33.0, 33.0, 33.0, 33.0, 33.0, 33.0, 33.0, 33.0, 33.0, 33.0, 33.0, 33.0, 33.0, 33.0, 33.0, 33.0, 33.0, 33.0, 33.0, 33.0, 33.0, 33.0, 33.0, 33.0, 33.0, 33.0, 33.0, 33.0, 33.0, 33.0, 33.0, 33.0, 33.0, 33.0, 33.0, 33.0, 33.0, 33.0, 33.0, 33.0, 33.0, 33.0, 33.0, 33.0, 33.0, 33.0, 33.0, 33.0, 33.0, 33.0, 33.0, 33.0, 33.0, 33.0, 33.0, 33.0, 33.0, 33.0, 33.0, 33.0, 33.0, 33.0, 33.0, 33.0, 33.0, 33.0, 33.0, 33.0, 33.0, 33.0, 33.0, 33.0, 33.0, 33.0, 33.0, 33.0, 33.0, 33.0, 33.0, 33.0, 33.0, 33.0, 33.0, 33.0, 33.0, 33.0, 33.0, 33.0, 33.0, 33.0, 33.0, 33.0, 33.0, 33.0, 33.0, 33.0, 33.0, 33.0, 33.0, 33.0, 33.0, 33.0, 33.0, 33.0, 33.0, 33.0, 33.0, 33.0, 33.0, 32.85714285714286, 33.0, 33.0, 33.0, 33.0, 33.0, 33.0, 33.0, 33.0, 33.0, 33.0, 33.0, 33.0, 33.0, 33.0, 33.0, 33.0, 32.857142857142854, 33.0, 33.0, 33.0, 33.0, 33.0, 33.0, 33.0, 33.0, 33.0, 33.0, 33.0, 33.0, 33.0, 33.0, 33.0, 33.0, 33.0, 33.0, 33.0, 33.0, 33.0, 32.85714285714286, 32.85714285714286, 32.85714285714286, 32.85714285714286, 32.85714285714286, 33.0, 33.0, 33.0, 33.0, 33.0, 33.0, 33.0, 33.0, 33.0, 33.0, 33.0, 33.0, 33.0, 33.0, 33.0, 33.0, 33.0, 33.0, 33.0, 33.0, 33.0, 33.0, 33.0, 33.0, 33.0, 33.0, 33.0, 33.0]",0.7004351092726988,0.6983808014839432,33,"[33, 33, 33, 33, 33, 33, 33, 33, 33, 33, 33, 33, 33, 33, 33, 33, 33, 33, 33, 33, 33, 33, 33, 33, 33, 33, 33, 33, 33, 33, 33, 33, 33, 33, 33, 33, 33, 33, 33, 33, 33, 33, 33, 33, 33, 33, 33, 33, 33, 33, 33, 33, 33, 33, 33, 33, 33, 33, 33, 33, 33, 33, 33, 33, 33, 33, 33, 33, 33, 33, 33, 33, 33, 33, 33, 33, 33, 33, 33, 33, 33, 33, 33, 33, 33, 33, 33, 33, 33, 33, 33, 33, 33, 33, 33, 33, 33, 33, 33, 33, 33, 33, 33, 33, 33, 33, 33, 33, 33, 33, 33, 33, 33, 33, 33, 33, 33, 33, 33, 33, 33, 33, 33, 33, 33, 33, 33, 33, 33, 33, 33, 33, 33, 33, 33, 33, 33, 33, 33, 33, 33, 33, 33, 33, 33, 33, 33, 33, 33, 33, 33, 33, 33, 33, 33, 33, 33, 33, 33, 33, 33, 33, 33, 33, 33, 33, 33, 33, 33, 33, 33, 33, 33, 33, 33, 33, 33, 33, 33, 33, 33, 33, 33, 33, 33, 33, 33, 33, 33, 33, 33, 33, 33, 33, 33, 33, 33, 33, 33, 33]",200,"[0.7543871402740479, 0.7256455421447754, 0.7000758647918701, 0.6800974011421204, 0.6635897755622864, 0.6486124992370605, 0.6362568140029907, 0.6257442831993103, 0.6179414987564087, 0.6101964712142944, 0.6037900447845459, 0.597852349281311, 0.5935217142105103, 0.5891773104667664, 0.5854085087776184, 0.5821729302406311, 0.5798228979110718, 0.5771488547325134, 0.5747061967849731, 0.5723937749862671, 0.5705505609512329, 0.5684555172920227, 0.5666862726211548, 0.565182089805603, 0.5636249780654907, 0.562224805355072, 0.5608831644058228, 0.5596923828125, 0.5585214495658875, 0.557352602481842, 0.5562262535095215, 0.5551856160163879, 0.554216742515564, 0.5531786680221558, 0.5522763133049011, 0.551244854927063, 0.5503759384155273, 0.5495679378509521, 0.5487496256828308, 0.5478869676589966, 0.5470434427261353, 0.5462594032287598, 0.5454773902893066, 0.5446925163269043, 0.5439466834068298, 0.5432190895080566, 0.5424638390541077, 0.5417498350143433, 0.5410355925559998, 0.540376603603363, 0.5396552085876465, 0.5389117002487183, 0.5382004380226135, 0.5374957323074341, 0.5368032455444336, 0.5361172556877136, 0.5354491472244263, 0.5347310304641724, 0.5340477228164673, 0.5334053039550781, 0.5327251553535461, 0.5320639610290527, 0.5314221382141113, 0.5307711362838745, 0.5301013588905334, 0.5294817686080933, 0.5288419127464294, 0.5281933546066284, 0.5275753736495972, 0.5269453525543213, 0.5263522863388062, 0.5257406830787659, 0.5251051187515259, 0.5245208740234375, 0.5239276885986328, 0.5233368873596191, 0.5227289199829102, 0.5221081972122192, 0.52150559425354, 0.5209256410598755, 0.5203506946563721, 0.5197993516921997, 0.519206166267395, 0.5186004042625427, 0.5180658102035522, 0.5175126194953918, 0.5169194936752319, 0.5163425803184509, 0.5158047676086426, 0.515253484249115, 0.5146552324295044, 0.5141029357910156, 0.5135740041732788, 0.5130159854888916, 0.5125041007995605, 0.5119476914405823, 0.5114481449127197, 0.5108855962753296, 0.5103520750999451, 0.5098127126693726, 0.5092762112617493, 0.5087351202964783, 0.5082057118415833, 0.5076545476913452, 0.5071302652359009, 0.5066007375717163, 0.5060763359069824, 0.505574107170105, 0.5050402283668518, 0.5045166015625, 0.5040023326873779, 0.5034810304641724, 0.5029591917991638, 0.5024361610412598, 0.501944899559021, 0.50145423412323, 0.50095134973526, 0.500449001789093, 0.4999500513076782, 0.49948129057884216, 0.4990140199661255, 0.49851399660110474, 0.49805840849876404, 0.497572124004364, 0.49709004163742065, 0.49662771821022034, 0.4961518943309784, 0.49568262696266174, 0.4952220022678375, 0.49471837282180786, 0.49424421787261963, 0.49378740787506104, 0.4933274984359741, 0.49286937713623047, 0.49243009090423584, 0.4919784665107727, 0.49151626229286194, 0.491056889295578, 0.4906252920627594, 0.49017012119293213, 0.48970669507980347, 0.4892314672470093, 0.48881176114082336, 0.4884029030799866, 0.4879736006259918, 0.4875293970108032, 0.48713067173957825, 0.4866950511932373, 0.48629701137542725, 0.4858616888523102, 0.4854618310928345, 0.4850214123725891, 0.48457103967666626, 0.48414409160614014, 0.48370999097824097, 0.48326656222343445, 0.48285621404647827, 0.4824483096599579, 0.4820549488067627, 0.4816574454307556, 0.48123249411582947, 0.4808492362499237, 0.48045748472213745, 0.48004835844039917, 0.4796524941921234, 0.47924262285232544, 0.4788264334201813, 0.47844165563583374, 0.4780469834804535, 0.4776603579521179, 0.4772758185863495, 0.47687357664108276, 0.4764691889286041, 0.476083368062973, 0.47572287917137146, 0.4753841161727905, 0.4750329256057739, 0.4746835231781006, 0.4743001163005829, 0.4739327132701874, 0.47354504466056824, 0.4731254279613495, 0.47273576259613037, 0.47237804532051086, 0.47200143337249756, 0.47160807251930237, 0.4712599813938141, 0.4708935022354126, 0.47054237127304077, 0.4701613485813141, 0.46980246901512146, 0.46944403648376465, 0.46906620264053345, 0.46870747208595276, 0.46837013959884644, 0.468006432056427, 0.46765249967575073, 0.4673013389110565, 0.46695613861083984, 0.4666028618812561]",33.0,"[33.0, 33.0, 33.0, 33.0, 33.0, 33.0, 33.0, 33.0, 33.0, 33.0, 33.0, 33.0, 33.0, 33.0, 33.0, 33.0, 33.0, 33.0, 33.0, 33.0, 33.0, 33.0, 33.0, 33.0, 33.0, 33.0, 33.0, 33.0, 33.0, 33.0, 33.0, 33.0, 33.0, 33.0, 33.0, 33.0, 33.0, 33.0, 33.0, 33.0, 33.0, 33.0, 33.0, 33.0, 33.0, 33.0, 33.0, 33.0, 33.0, 33.0, 33.0, 33.0, 33.0, 33.0, 33.0, 33.0, 33.0, 33.0, 33.0, 33.0, 33.0, 33.0, 33.0, 33.0, 33.0, 33.0, 33.0, 33.0, 33.0, 33.0, 33.0, 33.0, 33.0, 33.0, 33.0, 33.0, 33.0, 33.0, 33.0, 33.0, 33.0, 33.0, 33.0, 33.0, 33.0, 33.0, 33.0, 33.0, 33.0, 33.0, 33.0, 33.0, 33.0, 33.0, 33.0, 33.0, 33.0, 33.0, 33.0, 33.0, 33.0, 33.0, 33.0, 33.0, 33.0, 33.0, 33.0, 33.0, 33.0, 33.0, 33.0, 33.0, 33.0, 33.0, 33.0, 33.0, 33.0, 33.0, 33.0, 33.0, 33.0, 33.0, 33.0, 33.0, 33.0, 33.0, 33.0, 33.0, 33.0, 33.0, 33.0, 33.0, 33.0, 33.0, 33.0, 33.0, 33.0, 33.0, 33.0, 33.0, 33.0, 33.0, 33.0, 33.0, 33.0, 33.0, 33.0, 33.0, 33.0, 33.0, 33.0, 33.0, 33.0, 33.0, 33.0, 33.0, 33.0, 33.0, 33.0, 33.0, 33.0, 33.0, 33.0, 33.0, 33.0, 33.0, 33.0, 33.0, 33.0, 33.0, 33.0, 33.0, 33.0, 33.0, 33.0, 33.0, 33.0, 33.0, 33.0, 33.0, 33.0, 33.0, 33.0, 33.0, 33.0, 33.0, 33.0, 33.0, 33.0, 33.0, 33.0, 33.0, 33.0, 33.0, 33.0, 33.0, 33.0, 33.0, 33.0, 33.0]",COMPLETE
16,16,0.9020752019167599,2024-08-31 01:13:16.487829,2024-08-31 01:14:53.006477,0 days 00:01:36.518648,1,0.7010737727229956,3,105,0.018884342813460585,96,0.0021563675825046168,0.918,0.91875,8,"[33, 12, 12, 8, 8, 8, 8, 8, 8, 8, 8, 8, 8, 8, 8, 8, 8, 8, 8, 8, 8, 8, 8, 8, 8, 8, 8, 8, 8, 8, 8, 8, 8, 8, 8, 8, 8, 8, 8, 8, 8, 8, 8, 8, 8, 8, 8, 8, 8, 8, 8, 8, 8, 8, 8, 8, 8, 8, 8, 8, 8, 8, 8, 8, 8, 8, 8, 8, 8, 8, 8, 8, 8, 8, 8, 8, 8, 8, 8, 8, 8, 8, 8, 8, 8, 8, 8, 8, 8, 8, 8, 8, 8, 8, 8, 8, 8, 8, 8, 8, 8, 8, 8, 8, 8]",7.991071428571429,"[32.95684523809524, 11.991071428571429, 11.988095238095237, 7.982142857142858, 7.9955357142857135, 7.992559523809524, 7.992559523809524, 7.988095238095237, 7.9836309523809526, 7.9955357142857135, 7.994047619047619, 7.992559523809524, 7.989583333333333, 7.994047619047619, 7.992559523809524, 7.992559523809524, 7.994047619047619, 7.989583333333333, 7.991071428571429, 7.994047619047619, 7.992559523809524, 7.991071428571429, 7.988095238095238, 7.995535714285714, 7.995535714285714, 7.992559523809524, 7.992559523809524, 7.994047619047619, 7.994047619047619, 7.992559523809524, 7.998511904761905, 7.994047619047619, 7.988095238095238, 7.989583333333333, 7.994047619047619, 7.992559523809524, 7.986607142857142, 7.989583333333333, 7.992559523809524, 7.988095238095238, 7.992559523809523, 7.99702380952381, 7.989583333333333, 7.994047619047619, 7.994047619047619, 7.997023809523809, 7.99702380952381, 7.991071428571428, 7.991071428571429, 7.99702380952381, 7.998511904761905, 7.995535714285714, 7.992559523809524, 7.994047619047619, 7.988095238095239, 7.994047619047619, 7.986607142857143, 7.992559523809524, 7.9955357142857135, 7.991071428571429, 7.991071428571429, 7.995535714285714, 7.989583333333333, 7.992559523809524, 7.9836309523809526, 7.9851190476190474, 7.991071428571428, 7.9851190476190474, 7.994047619047619, 7.988095238095238, 7.989583333333333, 7.986607142857143, 7.989583333333334, 7.988095238095238, 7.979166666666667, 7.986607142857142, 7.992559523809524, 7.989583333333333, 7.992559523809524, 7.979166666666668, 7.986607142857142, 7.980654761904761, 7.982142857142858, 7.986607142857142, 7.982142857142858, 7.986607142857143, 7.986607142857142, 7.988095238095238, 7.997023809523809, 7.995535714285714, 7.982142857142858, 7.986607142857142, 7.989583333333333, 7.988095238095237, 7.988095238095237, 7.991071428571429, 7.992559523809524, 7.988095238095238, 7.991071428571428, 7.988095238095238, 7.986607142857142, 7.991071428571428, 7.985119047619048, 7.986607142857142, 7.991071428571429]",0.8934931761325638,0.9020752019167599,8,"[33, 12, 12, 8, 8, 8, 8, 8, 8, 8, 8, 8, 8, 8, 8, 8, 8, 8, 8, 8, 8, 8, 8, 8, 8, 8, 8, 8, 8, 8, 8, 8, 8, 8, 8, 8, 8, 8, 8, 8, 8, 8, 8, 8, 8, 8, 8, 8, 8, 8, 8, 8, 8, 8, 8, 8, 8, 8, 8, 8, 8, 8, 8, 8, 8, 8, 8, 8, 8, 8, 8, 8, 8, 8, 8, 8, 8, 8, 8, 8, 8, 8, 8, 8, 8, 8, 8, 8, 8, 8, 8, 8, 8, 8, 8, 8, 8, 8, 8, 8, 8, 8, 8, 8, 8]",105,"[1.3957204818725586, 0.2878338396549225, 0.26174595952033997, 0.2803537845611572, 0.3970998525619507, 0.43237796425819397, 0.23735418915748596, 0.2683170437812805, 0.27426135540008545, 0.31788748502731323, 0.24008765816688538, 0.26498672366142273, 0.23467306792736053, 0.2416979968547821, 0.27252909541130066, 0.37741562724113464, 0.2455514520406723, 0.31591296195983887, 0.22162891924381256, 0.2593456208705902, 0.2507665753364563, 0.32002559304237366, 0.24365729093551636, 0.23187845945358276, 0.32600826025009155, 0.23310531675815582, 0.2473343312740326, 0.28081250190734863, 0.21489353477954865, 0.23831506073474884, 0.22828441858291626, 0.21858425438404083, 0.2227010279893875, 0.33586224913597107, 0.22569908201694489, 0.22230671346187592, 0.21503734588623047, 0.3378032445907593, 0.22377531230449677, 0.21574285626411438, 0.21529532968997955, 0.21552033722400665, 0.21318960189819336, 0.22080226242542267, 0.26942741870880127, 0.2252596616744995, 0.2244851142168045, 0.35777661204338074, 0.23365966975688934, 0.23603957891464233, 0.2228081375360489, 0.21673166751861572, 0.3290467858314514, 0.22327260673046112, 0.3101606070995331, 0.276476114988327, 0.24018853902816772, 0.3305804133415222, 0.21983937919139862, 0.2523290514945984, 0.2333308607339859, 0.22053588926792145, 0.21932819485664368, 0.21506856381893158, 0.21079328656196594, 0.21898724138736725, 0.2615080177783966, 0.2166726440191269, 0.23623575270175934, 0.2248075306415558, 0.22575275599956512, 0.2604493796825409, 0.2307184636592865, 0.21810263395309448, 0.2448865920305252, 0.23820550739765167, 0.2184503674507141, 0.22046150267124176, 0.21882711350917816, 0.23471182584762573, 0.2496635466814041, 0.23646540939807892, 0.2561536133289337, 0.21727971732616425, 0.22133736312389374, 0.22281762957572937, 0.2191314846277237, 0.21889770030975342, 0.2202358841896057, 0.302913635969162, 0.26116472482681274, 0.23664407432079315, 0.22301824390888214, 0.3449442982673645, 0.552497148513794, 0.23871299624443054, 0.2155076414346695, 0.2141338586807251, 0.22808702290058136, 1.262658953666687, 0.21718493103981018, 0.22483721375465393, 0.27657267451286316, 0.2247612178325653, 0.220567986369133]",8.0,"[33.0, 12.0, 12.0, 8.0, 8.0, 8.0, 8.0, 8.0, 8.0, 8.0, 8.0, 8.0, 8.0, 8.0, 8.0, 8.0, 8.0, 8.0, 8.0, 8.0, 8.0, 8.0, 8.0, 8.0, 8.0, 8.0, 8.0, 8.0, 8.0, 8.0, 8.0, 8.0, 8.0, 8.0, 8.0, 8.0, 8.0, 8.0, 8.0, 8.0, 8.0, 8.0, 8.0, 8.0, 8.0, 8.0, 8.0, 8.0, 8.0, 8.0, 8.0, 8.0, 8.0, 8.0, 8.0, 8.0, 8.0, 8.0, 8.0, 8.0, 8.0, 8.0, 8.0, 8.0, 8.0, 8.0, 8.0, 8.0, 8.0, 8.0, 8.0, 8.0, 8.0, 8.0, 8.0, 8.0, 8.0, 8.0, 8.0, 8.0, 8.0, 8.0, 8.0, 8.0, 8.0, 8.0, 8.0, 8.0, 8.0, 8.0, 8.0, 8.0, 8.0, 8.0, 8.0, 8.0, 8.0, 8.0, 8.0, 8.0, 8.0, 8.0, 8.0, 8.0, 8.0]",COMPLETE
