,number,value,datetime_start,datetime_complete,duration,params_batch_size_scaler,params_constant_learning_rate,params_depth,params_epochs,params_kernel_l2,params_num_trees,params_temperature,user_attrs_accuracy_test,user_attrs_accuracy_valid,user_attrs_approximate_feature_sparsity,user_attrs_approximate_feature_sparsity_history,user_attrs_approximate_weight_sparsity,user_attrs_approximate_weight_sparsity_history,user_attrs_auc_test,user_attrs_auc_valid,user_attrs_feature_sparsity,user_attrs_feature_sparsity_history,user_attrs_num_epochs,user_attrs_val_loss_history,user_attrs_weight_sparsity,user_attrs_weight_sparsity_history,state
61,61,0.7329675000966107,2024-08-31 03:12:32.408905,2024-08-31 03:14:13.925588,0 days 00:01:41.516683,16,0.021321788120000254,5,290,0.004471245008424936,13,0.004393267983833204,0.878,0.87125,33,"[33, 33, 33, 33, 33, 33, 33, 33, 33, 33, 33, 33, 33, 33, 33, 33, 33, 33, 33, 33, 33, 33, 33, 33, 33, 33, 33, 33, 33, 33, 33, 33, 33, 33, 33, 33, 33, 33, 33, 33, 33, 33, 33, 33, 33, 33, 33, 33, 33, 33, 33, 33, 33, 33, 33, 33, 33, 33, 33, 33, 33, 33, 33, 33, 33, 33, 33, 33, 33, 33, 33, 33, 33, 33, 33, 33, 33, 33, 33, 33, 33, 33, 33, 33, 33, 33, 33, 33, 33, 33, 33, 33, 33, 33, 33, 33, 33, 33, 33, 33, 33, 33, 33, 33, 33, 33, 33, 33, 33, 33, 33, 33, 33, 33, 33, 33, 33, 33, 33, 33, 33, 33, 33, 33, 33, 33, 33, 33, 33, 33, 33, 33, 33, 33, 33, 33, 33, 33, 33, 33, 33, 33, 33, 33, 33, 33, 33, 33, 33, 33, 33, 33, 33, 33, 33, 33, 33, 33, 33, 33, 33, 33, 33, 33, 33, 33, 33, 33, 33, 33, 33, 33, 33, 33, 33, 33, 33, 33, 33, 33, 33, 33, 33, 33, 33, 33, 33, 33, 33, 33, 33, 33, 33, 33, 33, 33, 33, 33, 33, 33, 33, 33, 33, 33, 33, 33, 33, 33, 33, 33, 33, 33, 33, 33, 33, 33, 33, 33, 33, 33, 33, 33, 33, 33, 33, 33, 33, 33, 33, 33, 33, 33, 33, 33, 33, 33, 33, 33, 33, 33, 33, 33, 33, 33, 33, 33, 33, 33, 33, 33, 33, 33, 33, 33, 33, 33, 33, 33, 33, 33, 33, 33, 33, 33, 33, 33, 33, 33, 33, 33, 33, 33, 33, 33, 33, 33, 33, 33, 33, 33, 33, 33, 33, 33, 33, 33, 33, 33, 33, 33]",32.96774193548387,"[32.95533498759305, 32.97022332506204, 32.97022332506204, 32.97022332506204, 32.96774193548387, 32.96277915632754, 32.96774193548387, 32.96774193548387, 32.96526054590571, 32.95285359801488, 32.95533498759305, 32.96526054590571, 32.975186104218366, 32.96774193548387, 32.97022332506204, 32.96774193548387, 32.97518610421836, 32.97766749379653, 32.97518610421836, 32.98014888337469, 32.98511166253102, 32.98511166253102, 32.98014888337469, 32.972704714640194, 32.97766749379653, 32.9727047146402, 32.97518610421836, 32.96774193548387, 32.96029776674938, 32.95781637717121, 32.96029776674938, 32.96029776674938, 32.97022332506204, 32.97518610421836, 32.96526054590571, 32.96774193548387, 32.96774193548387, 32.96526054590571, 32.96277915632754, 32.94789081885856, 32.96029776674938, 32.96277915632754, 32.97022332506204, 32.972704714640194, 32.977667493796524, 32.977667493796524, 32.9727047146402, 32.9727047146402, 32.97518610421836, 32.9727047146402, 32.96526054590571, 32.96774193548387, 32.97518610421836, 32.97518610421836, 32.97022332506204, 32.96029776674938, 32.96774193548387, 32.97518610421836, 32.975186104218366, 32.975186104218366, 32.98263027295285, 32.98263027295285, 32.98511166253102, 32.977667493796524, 32.972704714640194, 32.96526054590571, 32.96526054590571, 32.96526054590571, 32.95781637717121, 32.95285359801489, 32.96277915632754, 32.97022332506204, 32.95781637717121, 32.95533498759305, 32.95285359801488, 32.95285359801488, 32.950372208436725, 32.95781637717121, 32.96277915632754, 32.96774193548387, 32.97022332506204, 32.97518610421836, 32.98014888337469, 32.98014888337469, 32.98014888337469, 32.97518610421836, 32.97518610421836, 32.98014888337469, 32.98511166253102, 32.98263027295285, 32.98014888337469, 32.99007444168734, 32.98263027295285, 32.98014888337469, 32.98263027295285, 32.98511166253102, 32.98263027295285, 32.98759305210918, 32.987593052109176, 32.987593052109176, 32.98014888337469, 32.97022332506203, 32.97518610421836, 32.96774193548387, 32.972704714640194, 32.96774193548387, 32.96277915632754, 32.96526054590571, 32.96774193548387, 32.98014888337469, 32.9727047146402, 32.96029776674938, 32.96029776674938, 32.96029776674938, 32.96774193548387, 32.96526054590571, 32.96526054590571, 32.96774193548387, 32.96277915632754, 32.96526054590571, 32.96774193548387, 32.96526054590571, 32.9727047146402, 32.977667493796524, 32.977667493796524, 32.98014888337469, 32.977667493796524, 32.975186104218366, 32.9727047146402, 32.98014888337469, 32.98511166253102, 32.98511166253102, 32.98014888337469, 32.977667493796524, 32.97766749379653, 32.98014888337469, 32.98263027295285, 32.98759305210918, 32.98511166253102, 32.98759305210918, 32.98511166253102, 32.98263027295285, 32.98014888337469, 32.98014888337469, 32.98263027295285, 32.97518610421836, 32.97518610421836, 32.98511166253102, 32.98511166253102, 32.99007444168734, 32.98263027295285, 32.977667493796524, 32.97518610421836, 32.98263027295285, 32.98511166253101, 32.98511166253102, 32.98511166253102, 32.98759305210918, 32.99007444168734, 32.99007444168734, 32.98511166253102, 32.98014888337469, 32.98263027295285, 32.98511166253101, 32.98263027295285, 32.98511166253101, 32.977667493796524, 32.98014888337469, 32.98014888337469, 32.97518610421836, 32.97518610421836, 32.96774193548387, 32.97022332506204, 32.96774193548387, 32.96526054590571, 32.96526054590571, 32.96774193548387, 32.96774193548387, 32.97022332506204, 32.97022332506204, 32.97022332506204, 32.97022332506204, 32.977667493796524, 32.98014888337469, 32.98014888337469, 32.977667493796524, 32.97518610421836, 32.9727047146402, 32.9727047146402, 32.96774193548387, 32.96774193548387, 32.96029776674938, 32.95781637717121, 32.95285359801488, 32.95285359801488, 32.96029776674938, 32.96526054590571, 32.96526054590571, 32.96029776674938, 32.96526054590571, 32.97022332506204, 32.9727047146402, 32.97022332506204, 32.96774193548387, 32.96526054590571, 32.96774193548387, 32.96277915632754, 32.97022332506204, 32.96526054590571, 32.96774193548387, 32.96526054590571, 32.975186104218366, 32.97022332506204, 32.972704714640194, 32.972704714640194, 32.977667493796524, 32.977667493796524, 32.97518610421836, 32.97518610421836, 32.97022332506204, 32.96774193548387, 32.97022332506204, 32.97022332506203, 32.972704714640194, 32.97518610421836, 32.97518610421836, 32.97518610421836, 32.977667493796524, 32.9727047146402, 32.97518610421836, 32.97518610421836, 32.98014888337469, 32.98263027295285, 32.977667493796524, 32.977667493796524, 32.97766749379653, 32.97766749379653, 32.975186104218366, 32.975186104218366, 32.97022332506204, 32.9727047146402, 32.977667493796524, 32.977667493796524, 32.98014888337469, 32.97022332506203, 32.97518610421836, 32.97518610421836, 32.98263027295285, 32.98263027295285, 32.98263027295285, 32.97518610421836, 32.972704714640194, 32.97022332506204, 32.96774193548387, 32.97022332506204, 32.975186104218366, 32.977667493796524, 32.977667493796524, 32.977667493796524, 32.977667493796524, 32.9727047146402, 32.9727047146402, 32.96774193548387, 32.97022332506204, 32.9727047146402, 32.96774193548387, 32.97022332506204, 32.97022332506204, 32.9727047146402, 32.96774193548387, 32.96774193548387, 32.96774193548387, 32.96526054590571, 32.96526054590571, 32.96277915632754, 32.96277915632754, 32.96774193548387, 32.96774193548387, 32.96526054590571, 32.96774193548387, 32.96774193548387, 32.96774193548387, 32.96774193548387, 32.96774193548387, 32.96526054590571, 32.96277915632754, 32.96774193548387, 32.96774193548387, 32.97022332506204, 32.96774193548387]",0.7654125281747701,0.7329675000966107,33,"[33, 33, 33, 33, 33, 33, 33, 33, 33, 33, 33, 33, 33, 33, 33, 33, 33, 33, 33, 33, 33, 33, 33, 33, 33, 33, 33, 33, 33, 33, 33, 33, 33, 33, 33, 33, 33, 33, 33, 33, 33, 33, 33, 33, 33, 33, 33, 33, 33, 33, 33, 33, 33, 33, 33, 33, 33, 33, 33, 33, 33, 33, 33, 33, 33, 33, 33, 33, 33, 33, 33, 33, 33, 33, 33, 33, 33, 33, 33, 33, 33, 33, 33, 33, 33, 33, 33, 33, 33, 33, 33, 33, 33, 33, 33, 33, 33, 33, 33, 33, 33, 33, 33, 33, 33, 33, 33, 33, 33, 33, 33, 33, 33, 33, 33, 33, 33, 33, 33, 33, 33, 33, 33, 33, 33, 33, 33, 33, 33, 33, 33, 33, 33, 33, 33, 33, 33, 33, 33, 33, 33, 33, 33, 33, 33, 33, 33, 33, 33, 33, 33, 33, 33, 33, 33, 33, 33, 33, 33, 33, 33, 33, 33, 33, 33, 33, 33, 33, 33, 33, 33, 33, 33, 33, 33, 33, 33, 33, 33, 33, 33, 33, 33, 33, 33, 33, 33, 33, 33, 33, 33, 33, 33, 33, 33, 33, 33, 33, 33, 33, 33, 33, 33, 33, 33, 33, 33, 33, 33, 33, 33, 33, 33, 33, 33, 33, 33, 33, 33, 33, 33, 33, 33, 33, 33, 33, 33, 33, 33, 33, 33, 33, 33, 33, 33, 33, 33, 33, 33, 33, 33, 33, 33, 33, 33, 33, 33, 33, 33, 33, 33, 33, 33, 33, 33, 33, 33, 33, 33, 33, 33, 33, 33, 33, 33, 33, 33, 33, 33, 33, 33, 33, 33, 33, 33, 33, 33, 33, 33, 33, 33, 33, 33, 33, 33, 33, 33, 33, 33, 33]",290,"[0.8454042077064514, 0.7793608903884888, 0.7236704230308533, 0.6770113110542297, 0.6373600959777832, 0.6039587259292603, 0.5756896734237671, 0.551703691482544, 0.531355082988739, 0.5138661861419678, 0.49882084131240845, 0.48583149909973145, 0.47475913166999817, 0.4649019241333008, 0.45653483271598816, 0.4491751492023468, 0.44274863600730896, 0.4370426535606384, 0.43208545446395874, 0.4276463985443115, 0.4237164258956909, 0.42020320892333984, 0.41703343391418457, 0.4142013192176819, 0.41159796714782715, 0.40930280089378357, 0.40716782212257385, 0.4052121043205261, 0.40340474247932434, 0.4017884433269501, 0.4003332257270813, 0.39897820353507996, 0.397727370262146, 0.3965808153152466, 0.39546912908554077, 0.3945100009441376, 0.3935551047325134, 0.39265522360801697, 0.39185577630996704, 0.39108097553253174, 0.3903419077396393, 0.3896353244781494, 0.3889969289302826, 0.3883798122406006, 0.3878244161605835, 0.3872707784175873, 0.38675031065940857, 0.3862627148628235, 0.38577380776405334, 0.38531383872032166, 0.3848639726638794, 0.3844243884086609, 0.38403069972991943, 0.38363397121429443, 0.38326507806777954, 0.3828725516796112, 0.3825102150440216, 0.38215214014053345, 0.38180673122406006, 0.38148045539855957, 0.38116511702537537, 0.3808497488498688, 0.38053441047668457, 0.38022589683532715, 0.3799213767051697, 0.37963563203811646, 0.37936028838157654, 0.3790818452835083, 0.3788059949874878, 0.3785465359687805, 0.3782957196235657, 0.37805163860321045, 0.3777860403060913, 0.37753522396087646, 0.3772962689399719, 0.37705981731414795, 0.3768105208873749, 0.3765721023082733, 0.3763359487056732, 0.376102089881897, 0.37587928771972656, 0.3756604790687561, 0.3754481375217438, 0.37523478269577026, 0.3750193119049072, 0.3748093545436859, 0.3746003806591034, 0.3744017779827118, 0.37419360876083374, 0.3739902377128601, 0.3737889230251312, 0.37359002232551575, 0.3734043538570404, 0.37322020530700684, 0.37302857637405396, 0.37284696102142334, 0.3726614713668823, 0.3724763095378876, 0.37230098247528076, 0.3721182644367218, 0.371947318315506, 0.37176504731178284, 0.3715806305408478, 0.3714051842689514, 0.37123775482177734, 0.3710695505142212, 0.37090304493904114, 0.37073731422424316, 0.37057816982269287, 0.3704100549221039, 0.3702457845211029, 0.37008461356163025, 0.3699251115322113, 0.3697609007358551, 0.3695957064628601, 0.3694362938404083, 0.3692750930786133, 0.36911866068840027, 0.3689647614955902, 0.36881783604621887, 0.368665874004364, 0.36850598454475403, 0.3683512210845947, 0.3681994378566742, 0.36804962158203125, 0.3679068684577942, 0.36775994300842285, 0.367622971534729, 0.3674878180027008, 0.3673415780067444, 0.3672071099281311, 0.36706021428108215, 0.3669159412384033, 0.3667733371257782, 0.36663001775741577, 0.3664884567260742, 0.36634665727615356, 0.3662193715572357, 0.3660862445831299, 0.365955650806427, 0.36581704020500183, 0.3656845986843109, 0.3655517101287842, 0.36542266607284546, 0.3652888238430023, 0.3651565611362457, 0.3650311529636383, 0.36490654945373535, 0.364776611328125, 0.3646431267261505, 0.3645091652870178, 0.3643836975097656, 0.36425915360450745, 0.36413151025772095, 0.36400073766708374, 0.3638788163661957, 0.3637489676475525, 0.3636220693588257, 0.3635021448135376, 0.3633723556995392, 0.36325058341026306, 0.36312347650527954, 0.3629973232746124, 0.36288121342658997, 0.3627585172653198, 0.3626374304294586, 0.3625028729438782, 0.3623797595500946, 0.3622571527957916, 0.362131267786026, 0.36200520396232605, 0.36188504099845886, 0.3617669641971588, 0.3616384267807007, 0.3615206778049469, 0.3614075183868408, 0.36128726601600647, 0.3611653447151184, 0.3610425293445587, 0.36092817783355713, 0.36081236600875854, 0.3607051968574524, 0.36059343814849854, 0.36047667264938354, 0.36036595702171326, 0.3602500259876251, 0.36012449860572815, 0.3600136935710907, 0.35989588499069214, 0.35977181792259216, 0.3596552014350891, 0.3595319092273712, 0.359412282705307, 0.35929858684539795, 0.3591829240322113, 0.3590664267539978, 0.3589439392089844, 0.35882964730262756, 0.3587130010128021, 0.35859358310699463, 0.3584849238395691, 0.358368456363678, 0.3582540452480316, 0.35813552141189575, 0.35802701115608215, 0.3579096496105194, 0.35779446363449097, 0.3576843738555908, 0.35757049918174744, 0.3574585020542145, 0.3573512136936188, 0.35724249482154846, 0.3571259677410126, 0.3570074141025543, 0.3568977117538452, 0.35678616166114807, 0.35666829347610474, 0.356559157371521, 0.3564482033252716, 0.35632991790771484, 0.3562168478965759, 0.35610663890838623, 0.3559836149215698, 0.35586017370224, 0.3557567596435547, 0.3556412160396576, 0.3555229604244232, 0.3554067313671112, 0.3552938401699066, 0.35517406463623047, 0.3550521731376648, 0.35493797063827515, 0.3548228442668915, 0.35471755266189575, 0.3546018600463867, 0.35449063777923584, 0.3543832302093506, 0.3542667329311371, 0.3541509211063385, 0.35403308272361755, 0.35391926765441895, 0.353801965713501, 0.3536927402019501, 0.35358086228370667, 0.35346776247024536, 0.3533543646335602, 0.3532353341579437, 0.35312288999557495, 0.35301002860069275, 0.35290345549583435, 0.3527943789958954, 0.352677583694458, 0.3525572717189789, 0.3524480164051056, 0.35233303904533386, 0.3522168695926666, 0.35210636258125305, 0.3519953191280365, 0.3518882095813751, 0.3517764210700989, 0.3516758680343628, 0.35156089067459106, 0.3514487147331238, 0.35133588314056396, 0.3512231409549713, 0.3511107563972473, 0.3509952425956726, 0.35088086128234863, 0.35076940059661865, 0.3506724238395691, 0.3505561351776123, 0.3504468500614166, 0.35034075379371643, 0.3502202332019806, 0.35009700059890747, 0.3499845862388611, 0.34986743330955505, 0.34976494312286377, 0.34965214133262634, 0.3495296239852905, 0.34941208362579346, 0.3492991328239441, 0.34918317198753357, 0.3490665555000305, 0.34894058108329773, 0.3488314747810364, 0.3487165868282318, 0.3486000895500183, 0.3484896421432495, 0.3483797311782837]",33.0,"[33.0, 33.0, 33.0, 33.0, 33.0, 33.0, 33.0, 33.0, 33.0, 33.0, 33.0, 33.0, 33.0, 33.0, 33.0, 33.0, 33.0, 33.0, 33.0, 33.0, 33.0, 33.0, 33.0, 33.0, 33.0, 33.0, 33.0, 33.0, 33.0, 33.0, 33.0, 33.0, 33.0, 33.0, 33.0, 33.0, 33.0, 33.0, 33.0, 33.0, 33.0, 33.0, 33.0, 33.0, 33.0, 33.0, 33.0, 33.0, 33.0, 33.0, 33.0, 33.0, 33.0, 33.0, 33.0, 33.0, 33.0, 33.0, 33.0, 33.0, 33.0, 33.0, 33.0, 33.0, 33.0, 33.0, 33.0, 33.0, 33.0, 33.0, 33.0, 33.0, 33.0, 33.0, 33.0, 33.0, 33.0, 33.0, 33.0, 33.0, 33.0, 33.0, 33.0, 33.0, 33.0, 33.0, 33.0, 33.0, 33.0, 33.0, 33.0, 33.0, 33.0, 33.0, 33.0, 33.0, 33.0, 33.0, 33.0, 33.0, 33.0, 33.0, 33.0, 33.0, 33.0, 33.0, 33.0, 33.0, 33.0, 33.0, 33.0, 33.0, 33.0, 33.0, 33.0, 33.0, 33.0, 33.0, 33.0, 33.0, 33.0, 33.0, 33.0, 33.0, 33.0, 33.0, 33.0, 33.0, 33.0, 33.0, 33.0, 33.0, 33.0, 33.0, 33.0, 33.0, 33.0, 33.0, 33.0, 33.0, 33.0, 33.0, 33.0, 33.0, 33.0, 33.0, 33.0, 33.0, 33.0, 33.0, 33.0, 33.0, 33.0, 33.0, 33.0, 33.0, 33.0, 33.0, 33.0, 33.0, 33.0, 33.0, 33.0, 33.0, 33.0, 33.0, 33.0, 33.0, 33.0, 33.0, 33.0, 33.0, 33.0, 33.0, 33.0, 33.0, 33.0, 33.0, 33.0, 33.0, 33.0, 33.0, 33.0, 33.0, 33.0, 33.0, 33.0, 33.0, 33.0, 33.0, 33.0, 33.0, 33.0, 33.0, 33.0, 33.0, 33.0, 33.0, 33.0, 33.0, 33.0, 33.0, 33.0, 33.0, 33.0, 33.0, 33.0, 33.0, 33.0, 33.0, 33.0, 33.0, 33.0, 33.0, 33.0, 33.0, 33.0, 33.0, 33.0, 33.0, 33.0, 33.0, 33.0, 33.0, 33.0, 33.0, 33.0, 33.0, 33.0, 33.0, 33.0, 33.0, 33.0, 33.0, 33.0, 33.0, 33.0, 33.0, 33.0, 33.0, 33.0, 33.0, 33.0, 33.0, 33.0, 33.0, 33.0, 33.0, 33.0, 33.0, 33.0, 33.0, 33.0, 33.0, 33.0, 33.0, 33.0, 33.0, 33.0, 33.0, 33.0, 33.0, 33.0, 33.0, 33.0, 33.0, 33.0, 33.0, 33.0, 33.0, 33.0, 33.0, 33.0, 33.0, 33.0, 33.0, 33.0, 33.0, 33.0, 33.0, 33.0, 33.0, 33.0, 33.0, 33.0, 33.0, 33.0, 33.0, 33.0, 33.0]",COMPLETE
