,number,value,datetime_start,datetime_complete,duration,params_batch_size_scaler,params_constant_learning_rate,params_depth,params_epochs,params_kernel_l2,params_num_trees,params_temperature,user_attrs_accuracy_test,user_attrs_accuracy_valid,user_attrs_approximate_feature_sparsity,user_attrs_approximate_feature_sparsity_history,user_attrs_approximate_weight_sparsity,user_attrs_approximate_weight_sparsity_history,user_attrs_auc_test,user_attrs_auc_valid,user_attrs_feature_sparsity,user_attrs_feature_sparsity_history,user_attrs_num_epochs,user_attrs_val_loss_history,user_attrs_weight_sparsity,user_attrs_weight_sparsity_history,state
41,41,0.9232136646442787,2024-08-31 02:31:44.645282,2024-08-31 02:34:12.015656,0 days 00:02:27.370374,16,0.08988670705127765,3,455,0.014484839090581623,58,0.03226618252767292,0.93,0.92875,33,"[33, 33, 33, 33, 33, 33, 33, 33, 33, 33, 33, 33, 33, 33, 33, 33, 33, 33, 33, 33, 33, 33, 33, 33, 33, 33, 33, 33, 33, 33, 33, 33, 33, 33, 33, 33, 33, 33, 33, 33, 33, 33, 33, 33, 33, 33, 33, 33, 33, 33, 33, 33, 33, 33, 33, 33, 33, 33, 33, 33, 33, 33, 33, 33, 33, 33, 33, 33, 33, 33, 33, 33, 33, 33, 33, 33, 33, 33, 33, 33, 33, 33, 33, 33, 33, 33, 33, 33, 33, 33, 33, 33, 33, 33, 33, 33, 33, 33, 33, 33, 33, 33, 33, 33, 33, 33, 33, 33, 33, 33, 33, 33, 33, 33, 33, 33, 33, 33, 33, 33, 33, 33, 33, 33, 33, 33, 33, 33, 33, 33, 33, 33, 33, 33, 33, 33, 33, 33, 33, 33, 33, 33, 33, 33, 33, 33, 33, 33, 33, 33, 33, 33, 33, 33, 33, 33, 33, 33, 33, 33, 33, 33, 33, 33, 33, 33, 33, 33, 33, 33, 33, 33, 33, 33, 33, 33, 33, 33, 33, 33, 33, 33, 33, 33, 33, 33, 33, 33, 33, 33, 33, 33, 33, 33, 33, 33, 33, 33, 33, 33, 33, 33, 33, 33, 33, 33, 33, 33, 33, 33, 33, 33, 33, 33, 33, 33, 33, 33, 33, 33, 33, 33, 33, 33, 33, 33, 33, 33, 33, 33, 33, 33, 33, 33, 33, 33, 33, 33, 33, 33, 33, 33, 33, 33, 33, 33, 33, 33, 33, 33, 33, 33, 33, 33, 33, 33, 33, 33, 33, 33, 33, 33, 33, 33, 33, 33, 33, 33, 33, 33, 33, 33, 33, 33, 33, 33, 33, 33, 33, 33, 33, 33, 33, 33, 33, 33, 33, 33, 33, 33, 33, 33, 33, 33, 33, 33, 33, 33, 33, 33, 33, 33, 33, 33, 33, 33, 33, 33, 33, 33, 33, 33, 33, 33, 33, 33, 33, 33, 33, 33, 33, 33, 33, 33, 33, 33, 33, 33, 33, 33, 33, 33, 33, 33, 33, 33, 33, 33, 33, 33, 33, 33, 33, 33, 33, 33, 33, 33, 33, 33, 33, 33, 33, 33, 33, 33, 33, 33, 33, 33, 33, 33, 33, 33, 33, 33, 33, 33, 33, 33, 33, 33, 33, 33, 33, 33, 33, 33, 33, 33, 33, 33, 33, 33, 33, 33, 33, 33, 33, 33, 33, 33, 33, 33, 33, 33, 33, 33, 33, 33, 33, 33, 33, 33, 33, 33, 33, 33, 33, 33, 33, 33, 33, 33, 33, 33, 33, 33, 33, 33, 33, 33, 33, 33, 33, 33, 33, 33, 33, 33, 33, 33, 33, 33, 33, 33, 33, 33, 33, 33, 33, 33, 33, 33, 33, 33, 33, 33, 33, 33, 33, 33, 33, 33, 33]",32.970443349753694,"[32.967980295566505, 32.960591133004925, 32.96551724137931, 32.970443349753694, 32.97536945812808, 32.963054187192114, 32.95812807881774, 32.96551724137931, 32.963054187192114, 32.98275862068965, 32.967980295566505, 32.97290640394088, 32.967980295566505, 32.98029556650246, 32.977832512315274, 32.98522167487685, 32.98029556650246, 32.97536945812808, 32.97536945812808, 32.970443349753694, 32.97536945812808, 32.977832512315274, 32.98029556650246, 32.98522167487685, 32.977832512315274, 32.977832512315274, 32.98029556650246, 32.970443349753694, 32.96551724137931, 32.98029556650246, 32.96551724137931, 32.96551724137931, 32.97290640394088, 32.97290640394088, 32.96551724137931, 32.960591133004925, 32.967980295566505, 32.960591133004925, 32.963054187192114, 32.98029556650246, 32.98275862068965, 32.96551724137931, 32.95812807881774, 32.953201970443345, 32.96551724137931, 32.967980295566505, 32.967980295566505, 32.977832512315274, 32.970443349753694, 32.967980295566505, 32.960591133004925, 32.960591133004925, 32.963054187192114, 32.95566502463054, 32.97290640394088, 32.97536945812808, 32.98522167487685, 32.98275862068965, 32.98029556650246, 32.98522167487685, 32.977832512315274, 32.977832512315274, 32.970443349753694, 32.97536945812808, 32.97290640394088, 32.970443349753694, 32.97290640394088, 32.97290640394088, 32.97290640394088, 32.977832512315274, 32.98275862068965, 32.967980295566505, 32.977832512315274, 32.96551724137931, 32.96551724137931, 32.960591133004925, 32.95812807881774, 32.96551724137931, 32.95812807881774, 32.970443349753694, 32.96551724137931, 32.96551724137931, 32.970443349753694, 32.95812807881774, 32.95812807881774, 32.967980295566505, 32.97290640394088, 32.967980295566505, 32.97290640394088, 32.970443349753694, 32.97290640394088, 32.967980295566505, 32.967980295566505, 32.97536945812808, 32.97290640394088, 32.977832512315274, 32.960591133004925, 32.967980295566505, 32.98029556650246, 32.967980295566505, 32.963054187192114, 32.967980295566505, 32.967980295566505, 32.97536945812808, 32.97536945812808, 32.97290640394088, 32.98029556650246, 32.99261083743842, 32.995073891625616, 32.99014778325123, 32.98029556650246, 32.97290640394088, 32.98029556650246, 32.97290640394088, 32.98522167487685, 32.98029556650246, 32.98275862068965, 32.98522167487685, 32.98522167487685, 32.98275862068965, 32.98029556650246, 32.963054187192114, 32.98275862068965, 32.99014778325123, 32.99014778325123, 32.98029556650246, 32.98029556650246, 32.98522167487685, 32.98275862068965, 32.98029556650246, 32.98029556650246, 32.977832512315274, 32.970443349753694, 32.960591133004925, 32.97536945812808, 32.97290640394088, 32.977832512315274, 32.97290640394088, 32.98275862068965, 32.977832512315274, 32.98522167487685, 32.99014778325123, 32.97536945812808, 32.98275862068965, 32.98522167487685, 32.98768472906404, 32.98029556650246, 32.97290640394088, 32.970443349753694, 32.967980295566505, 32.963054187192114, 32.96551724137931, 32.98029556650246, 32.98029556650246, 32.98275862068965, 32.98029556650246, 32.98275862068965, 32.977832512315274, 32.98029556650246, 32.970443349753694, 32.97290640394088, 32.970443349753694, 32.970443349753694, 32.970443349753694, 32.98029556650246, 32.98768472906404, 32.98275862068965, 32.98029556650246, 32.97536945812808, 32.97536945812808, 32.99014778325123, 32.98522167487685, 32.98522167487685, 32.97536945812808, 32.97536945812808, 32.97290640394088, 32.98029556650246, 32.98029556650246, 32.98029556650246, 32.97536945812808, 32.977832512315274, 32.98522167487685, 32.98522167487685, 32.98029556650246, 32.99014778325123, 32.98522167487685, 32.98768472906404, 32.98275862068965, 32.98768472906404, 32.98275862068965, 32.98029556650246, 32.99014778325123, 32.97536945812808, 32.970443349753694, 32.977832512315274, 32.97290640394088, 32.97290640394088, 32.98522167487685, 32.977832512315274, 32.977832512315274, 32.98275862068965, 32.97536945812808, 32.98029556650246, 32.98275862068965, 32.98029556650246, 32.97290640394088, 32.97290640394088, 32.98029556650246, 32.970443349753694, 32.98522167487685, 32.98768472906404, 32.99261083743842, 32.99014778325123, 32.98522167487685, 32.98275862068965, 32.98029556650246, 32.977832512315274, 32.98029556650246, 32.98768472906404, 32.98768472906404, 32.99014778325123, 32.977832512315274, 32.98275862068965, 32.970443349753694, 32.98029556650246, 32.98029556650246, 32.98275862068965, 32.98029556650246, 32.97290640394088, 32.977832512315274, 32.977832512315274, 32.977832512315274, 32.977832512315274, 32.97536945812808, 32.977832512315274, 32.977832512315274, 32.98275862068965, 32.97290640394088, 32.97290640394088, 32.97536945812808, 32.977832512315274, 32.967980295566505, 32.970443349753694, 32.97290640394088, 32.967980295566505, 32.967980295566505, 32.97290640394088, 32.97290640394088, 32.98029556650246, 32.977832512315274, 32.97536945812808, 32.97290640394088, 32.98275862068965, 32.98275862068965, 32.97290640394088, 32.967980295566505, 32.967980295566505, 32.95812807881774, 32.95812807881774, 32.970443349753694, 32.97536945812808, 32.970443349753694, 32.97536945812808, 32.970443349753694, 32.97290640394088, 32.960591133004925, 32.96551724137931, 32.970443349753694, 32.97536945812808, 32.97536945812808, 32.97536945812808, 32.98275862068965, 32.977832512315274, 32.98522167487685, 32.98029556650246, 32.98029556650246, 32.98029556650246, 32.98029556650246, 32.98029556650246, 32.970443349753694, 32.97536945812808, 32.98029556650246, 32.98275862068965, 32.98029556650246, 32.970443349753694, 32.970443349753694, 32.97290640394088, 32.977832512315274, 32.98029556650246, 32.98275862068965, 32.97536945812808, 32.98029556650246, 32.970443349753694, 32.967980295566505, 32.970443349753694, 32.97290640394088, 32.98029556650246, 32.98029556650246, 32.98029556650246, 32.97536945812808, 32.97536945812808, 32.97536945812808, 32.98029556650246, 32.98029556650246, 32.970443349753694, 32.97290640394088, 32.970443349753694, 32.97536945812808, 32.96551724137931, 32.977832512315274, 32.970443349753694, 32.98029556650246, 32.98275862068965, 32.98275862068965, 32.98522167487685, 32.99014778325123, 32.98029556650246, 32.98029556650246, 32.977832512315274, 32.98768472906404, 32.98275862068965, 32.98522167487685, 32.99014778325123, 32.98029556650246, 32.98275862068965, 32.98029556650246, 32.97536945812808, 32.977832512315274, 32.98029556650246, 32.977832512315274, 32.97536945812808, 32.98029556650246, 32.98275862068965, 32.98029556650246, 32.977832512315274, 32.98029556650246, 32.97290640394089, 32.97536945812808, 32.98029556650246, 32.98522167487685, 32.97536945812808, 32.977832512315274, 32.977832512315274, 32.97536945812808, 32.97290640394089, 32.970443349753694, 32.98275862068965, 32.97536945812808, 32.97536945812808, 32.97536945812808, 32.97536945812808, 32.970443349753694, 32.970443349753694, 32.98029556650246, 32.977832512315274, 32.98275862068965, 32.98768472906404, 32.98275862068965, 32.977832512315274, 32.98275862068965, 32.97290640394088, 32.97536945812808, 32.967980295566505, 32.970443349753694, 32.97290640394088, 32.96551724137931, 32.97290640394088, 32.967980295566505, 32.97290640394088, 32.97536945812808, 32.97536945812808, 32.98275862068965, 32.98522167487685, 32.98768472906404, 32.98029556650246, 32.97536945812808, 32.98275862068965, 32.98029556650246, 32.970443349753694, 32.97290640394088, 32.97536945812808, 32.97536945812808, 32.97536945812808, 32.96551724137931, 32.97536945812808, 32.98029556650246, 32.98029556650246, 32.98029556650246, 32.97536945812808, 32.977832512315274, 32.977832512315274, 32.97536945812808, 32.97536945812808, 32.98522167487685, 32.98522167487685, 32.98275862068965, 32.98029556650246, 32.98029556650246, 32.98768472906404, 32.977832512315274, 32.98029556650246, 32.97290640394088, 32.97290640394088, 32.960591133004925, 32.977832512315274, 32.98522167487685, 32.98522167487685, 32.98029556650246, 32.97536945812808, 32.970443349753694, 32.970443349753694, 32.977832512315274, 32.97290640394089, 32.967980295566505, 32.970443349753694, 32.97290640394089, 32.97536945812808, 32.98029556650246, 32.977832512315274, 32.97536945812808, 32.97290640394088, 32.97290640394088, 32.977832512315274, 32.98768472906404, 32.97536945812808, 32.96551724137931, 32.970443349753694, 32.967980295566505, 32.97536945812808, 32.967980295566505, 32.97290640394088, 32.960591133004925, 32.95812807881774, 32.95073891625616, 32.960591133004925, 32.960591133004925, 32.960591133004925, 32.96551724137931, 32.96551724137931, 32.970443349753694, 32.970443349753694, 32.97536945812808, 32.97536945812808, 32.977832512315274, 32.98029556650246, 32.98275862068965, 32.97536945812808, 32.967980295566505, 32.970443349753694, 32.97290640394088, 32.967980295566505, 32.963054187192114, 32.970443349753694, 32.97536945812808, 32.970443349753694]",0.9052089267579818,0.9232136646442787,33,"[33, 33, 33, 33, 33, 33, 33, 33, 33, 33, 33, 33, 33, 33, 33, 33, 33, 33, 33, 33, 33, 33, 33, 33, 33, 33, 33, 33, 33, 33, 33, 33, 33, 33, 33, 33, 33, 33, 33, 33, 33, 33, 33, 33, 33, 33, 33, 33, 33, 33, 33, 33, 33, 33, 33, 33, 33, 33, 33, 33, 33, 33, 33, 33, 33, 33, 33, 33, 33, 33, 33, 33, 33, 33, 33, 33, 33, 33, 33, 33, 33, 33, 33, 33, 33, 33, 33, 33, 33, 33, 33, 33, 33, 33, 33, 33, 33, 33, 33, 33, 33, 33, 33, 33, 33, 33, 33, 33, 33, 33, 33, 33, 33, 33, 33, 33, 33, 33, 33, 33, 33, 33, 33, 33, 33, 33, 33, 33, 33, 33, 33, 33, 33, 33, 33, 33, 33, 33, 33, 33, 33, 33, 33, 33, 33, 33, 33, 33, 33, 33, 33, 33, 33, 33, 33, 33, 33, 33, 33, 33, 33, 33, 33, 33, 33, 33, 33, 33, 33, 33, 33, 33, 33, 33, 33, 33, 33, 33, 33, 33, 33, 33, 33, 33, 33, 33, 33, 33, 33, 33, 33, 33, 33, 33, 33, 33, 33, 33, 33, 33, 33, 33, 33, 33, 33, 33, 33, 33, 33, 33, 33, 33, 33, 33, 33, 33, 33, 33, 33, 33, 33, 33, 33, 33, 33, 33, 33, 33, 33, 33, 33, 33, 33, 33, 33, 33, 33, 33, 33, 33, 33, 33, 33, 33, 33, 33, 33, 33, 33, 33, 33, 33, 33, 33, 33, 33, 33, 33, 33, 33, 33, 33, 33, 33, 33, 33, 33, 33, 33, 33, 33, 33, 33, 33, 33, 33, 33, 33, 33, 33, 33, 33, 33, 33, 33, 33, 33, 33, 33, 33, 33, 33, 33, 33, 33, 33, 33, 33, 33, 33, 33, 33, 33, 33, 33, 33, 33, 33, 33, 33, 33, 33, 33, 33, 33, 33, 33, 33, 33, 33, 33, 33, 33, 33, 33, 33, 33, 33, 33, 33, 33, 33, 33, 33, 33, 33, 33, 33, 33, 33, 33, 33, 33, 33, 33, 33, 33, 33, 33, 33, 33, 33, 33, 33, 33, 33, 33, 33, 33, 33, 33, 33, 33, 33, 33, 33, 33, 33, 33, 33, 33, 33, 33, 33, 33, 33, 33, 33, 33, 33, 33, 33, 33, 33, 33, 33, 33, 33, 33, 33, 33, 33, 33, 33, 33, 33, 33, 33, 33, 33, 33, 33, 33, 33, 33, 33, 33, 33, 33, 33, 33, 33, 33, 33, 33, 33, 33, 33, 33, 33, 33, 33, 33, 33, 33, 33, 33, 33, 33, 33, 33, 33, 33, 33, 33, 33, 33, 33, 33, 33, 33, 33, 33, 33, 33, 33, 33, 33, 33, 33, 33, 33, 33, 33, 33]",455,"[0.4144206941127777, 0.40641361474990845, 0.3999899625778198, 0.3945084810256958, 0.39025992155075073, 0.38660889863967896, 0.3837183713912964, 0.3811797797679901, 0.37886378169059753, 0.3768855035305023, 0.3755175769329071, 0.37438252568244934, 0.3726191818714142, 0.37136831879615784, 0.3702557384967804, 0.369134783744812, 0.36851269006729126, 0.3673139810562134, 0.36699017882347107, 0.365500271320343, 0.3646371364593506, 0.36388251185417175, 0.3630508780479431, 0.36311399936676025, 0.3617187440395355, 0.36092203855514526, 0.36024996638298035, 0.3599095642566681, 0.3590233623981476, 0.3583146631717682, 0.35747799277305603, 0.35718077421188354, 0.3561071455478668, 0.3558500409126282, 0.3548066318035126, 0.3541550934314728, 0.35338294506073, 0.35296836495399475, 0.35219672322273254, 0.3513731062412262, 0.3508119285106659, 0.35089394450187683, 0.3498678207397461, 0.3490762710571289, 0.3485657870769501, 0.34862181544303894, 0.34716880321502686, 0.34681329131126404, 0.3463679850101471, 0.3455464243888855, 0.34567299485206604, 0.34456050395965576, 0.3437098264694214, 0.34347885847091675, 0.3431144058704376, 0.34241974353790283, 0.34202030301094055, 0.34098920226097107, 0.34105291962623596, 0.33991187810897827, 0.33926093578338623, 0.3391039967536926, 0.33836448192596436, 0.33807697892189026, 0.3373304009437561, 0.3369111120700836, 0.33647850155830383, 0.3357982635498047, 0.335216224193573, 0.33493176102638245, 0.33419620990753174, 0.33376914262771606, 0.3336559236049652, 0.3327425718307495, 0.33265063166618347, 0.3316881060600281, 0.3314065635204315, 0.33062249422073364, 0.33022311329841614, 0.3294774293899536, 0.32899200916290283, 0.32883939146995544, 0.3280154764652252, 0.3274787962436676, 0.32702502608299255, 0.32644322514533997, 0.3258553743362427, 0.32555606961250305, 0.3248300850391388, 0.32443296909332275, 0.32381901144981384, 0.32387927174568176, 0.3228706419467926, 0.32304346561431885, 0.3219112455844879, 0.32159557938575745, 0.3211972713470459, 0.3203829228878021, 0.3201172947883606, 0.3195097744464874, 0.3188360631465912, 0.31853964924812317, 0.31818461418151855, 0.31716614961624146, 0.3164418935775757, 0.31604525446891785, 0.315406858921051, 0.3146092891693115, 0.3139989376068115, 0.31402674317359924, 0.3130095303058624, 0.3124009370803833, 0.31210243701934814, 0.3116714060306549, 0.3111768066883087, 0.31033968925476074, 0.30973881483078003, 0.30980411171913147, 0.3086746335029602, 0.30783137679100037, 0.3073197603225708, 0.3067990243434906, 0.306397408246994, 0.30573323369026184, 0.3048687279224396, 0.30471646785736084, 0.303752601146698, 0.30287230014801025, 0.3024105131626129, 0.3018594980239868, 0.30119845271110535, 0.30055978894233704, 0.30027222633361816, 0.29965025186538696, 0.29863879084587097, 0.29798102378845215, 0.2971992492675781, 0.2965201437473297, 0.29610997438430786, 0.2956152856349945, 0.29471975564956665, 0.2940003275871277, 0.2934042513370514, 0.29270684719085693, 0.29222720861434937, 0.29151293635368347, 0.2911607623100281, 0.29082614183425903, 0.2894235849380493, 0.28889739513397217, 0.28819379210472107, 0.288044273853302, 0.28736206889152527, 0.2862898111343384, 0.2854956388473511, 0.284770131111145, 0.2850097715854645, 0.2842121124267578, 0.2835652828216553, 0.28251731395721436, 0.28160086274147034, 0.28113946318626404, 0.2805315852165222, 0.2799461781978607, 0.27912917733192444, 0.27846279740333557, 0.2779539227485657, 0.27765706181526184, 0.27668437361717224, 0.27596116065979004, 0.27544066309928894, 0.274864137172699, 0.27436238527297974, 0.2737797498703003, 0.2729116678237915, 0.2723816931247711, 0.27219027280807495, 0.2714351415634155, 0.2709370255470276, 0.27035287022590637, 0.26975926756858826, 0.2692010998725891, 0.26885712146759033, 0.2681645154953003, 0.2676349878311157, 0.26720473170280457, 0.26669466495513916, 0.26673203706741333, 0.266063392162323, 0.26593533158302307, 0.2649328112602234, 0.2645943760871887, 0.2639472186565399, 0.26349255442619324, 0.26286232471466064, 0.2627452611923218, 0.2623347342014313, 0.2620171010494232, 0.2610646188259125, 0.2607143819332123, 0.26011431217193604, 0.25967150926589966, 0.2596648335456848, 0.258929967880249, 0.2587033808231354, 0.25840407609939575, 0.2580293118953705, 0.2578396797180176, 0.25766175985336304, 0.2570726275444031, 0.2565999925136566, 0.25615769624710083, 0.25607576966285706, 0.2555457055568695, 0.2550293803215027, 0.2546643912792206, 0.25427937507629395, 0.2540312707424164, 0.25356030464172363, 0.25327354669570923, 0.2531068027019501, 0.25286224484443665, 0.2524663209915161, 0.2517772614955902, 0.25160902738571167, 0.25133204460144043, 0.25139355659484863, 0.25084489583969116, 0.2509538531303406, 0.2508836090564728, 0.2502710819244385, 0.2501583397388458, 0.2495741844177246, 0.2493150532245636, 0.2489052414894104, 0.2485501617193222, 0.24903318285942078, 0.248066708445549, 0.24780605733394623, 0.24742288887500763, 0.2470352053642273, 0.24666628241539001, 0.24645274877548218, 0.24640889465808868, 0.24593518674373627, 0.24619252979755402, 0.2455703318119049, 0.2454950511455536, 0.24505193531513214, 0.24543818831443787, 0.24478033185005188, 0.24436622858047485, 0.244110569357872, 0.24393481016159058, 0.24373416602611542, 0.24336333572864532, 0.24338310956954956, 0.24307702481746674, 0.24265235662460327, 0.24218864738941193, 0.2421579509973526, 0.24178186058998108, 0.24164459109306335, 0.2420862913131714, 0.24164991080760956, 0.24115172028541565, 0.24098914861679077, 0.24048906564712524, 0.23999972641468048, 0.2398083657026291, 0.23991087079048157, 0.23926600813865662, 0.2392084002494812, 0.23871612548828125, 0.238388791680336, 0.23797301948070526, 0.23811103403568268, 0.23803889751434326, 0.23758110404014587, 0.23733413219451904, 0.23708023130893707, 0.23744501173496246, 0.23647882044315338, 0.2359682321548462, 0.2356959581375122, 0.23543071746826172, 0.23546892404556274, 0.23529979586601257, 0.2351737916469574, 0.2351493388414383, 0.23481211066246033, 0.23471826314926147, 0.23389290273189545, 0.23378346860408783, 0.2335229068994522, 0.23355886340141296, 0.23364639282226562, 0.23306001722812653, 0.23295776546001434, 0.23247574269771576, 0.23245593905448914, 0.23228850960731506, 0.23194441199302673, 0.2314721941947937, 0.23149171471595764, 0.23163865506649017, 0.23088926076889038, 0.23080424964427948, 0.2305537462234497, 0.23051252961158752, 0.23023509979248047, 0.22975008189678192, 0.2295217514038086, 0.23020882904529572, 0.2302142083644867, 0.2290719747543335, 0.22876067459583282, 0.22890299558639526, 0.22885583341121674, 0.2284020036458969, 0.2280152142047882, 0.22774063050746918, 0.2277766615152359, 0.22803205251693726, 0.22703643143177032, 0.22710160911083221, 0.2271135449409485, 0.2265162616968155, 0.22647827863693237, 0.22624549269676208, 0.22657157480716705, 0.2258218377828598, 0.2255467176437378, 0.22537338733673096, 0.22589042782783508, 0.22529077529907227, 0.22504587471485138, 0.22594821453094482, 0.22516106069087982, 0.22435452044010162, 0.22450578212738037, 0.22425149381160736, 0.22424916923046112, 0.2236407995223999, 0.22373105585575104, 0.2234058380126953, 0.2230323851108551, 0.22286346554756165, 0.22271442413330078, 0.22316040098667145, 0.22291918098926544, 0.2225455790758133, 0.2224029153585434, 0.2218032032251358, 0.2217620313167572, 0.2213442474603653, 0.22112026810646057, 0.22097520530223846, 0.22036530077457428, 0.220395028591156, 0.22066006064414978, 0.22014547884464264, 0.2207627296447754, 0.22025229036808014, 0.21985101699829102, 0.22015564143657684, 0.21925468742847443, 0.21923202276229858, 0.21924790740013123, 0.21884354948997498, 0.21854600310325623, 0.21847638487815857, 0.218949094414711, 0.21883833408355713, 0.21869075298309326, 0.2180904746055603, 0.21805672347545624, 0.21799494326114655, 0.21743501722812653, 0.21751417219638824, 0.21734201908111572, 0.21691034734249115, 0.2169632911682129, 0.21728792786598206, 0.21684829890727997, 0.2163938730955124, 0.2161235213279724, 0.21618612110614777, 0.2160188853740692, 0.21615323424339294, 0.21601948142051697, 0.21622774004936218, 0.2157938927412033, 0.21559716761112213, 0.21562519669532776, 0.21502786874771118, 0.21492540836334229, 0.21475820243358612, 0.2141282707452774, 0.21426016092300415, 0.21431466937065125, 0.21407265961170197, 0.21386060118675232, 0.21402797102928162, 0.21455183625221252, 0.2134213000535965, 0.21341753005981445, 0.21354109048843384, 0.2136007696390152, 0.21327176690101624, 0.21320198476314545, 0.21258381009101868, 0.21236687898635864, 0.21260294318199158, 0.21251912415027618, 0.21248815953731537, 0.21217407286167145, 0.21243008971214294, 0.21138933300971985, 0.2117440402507782, 0.21150177717208862, 0.2117346972227