,number,value,datetime_start,datetime_complete,duration,params_batch_size_scaler,params_constant_learning_rate,params_depth,params_epochs,params_kernel_l2,params_num_trees,params_temperature,user_attrs_accuracy_test,user_attrs_accuracy_valid,user_attrs_approximate_feature_sparsity,user_attrs_approximate_feature_sparsity_history,user_attrs_approximate_weight_sparsity,user_attrs_approximate_weight_sparsity_history,user_attrs_auc_test,user_attrs_auc_valid,user_attrs_feature_sparsity,user_attrs_feature_sparsity_history,user_attrs_num_epochs,user_attrs_val_loss_history,user_attrs_weight_sparsity,user_attrs_weight_sparsity_history,state
71,71,0.5,2024-08-31 03:43:15.586370,2024-08-31 03:48:12.652501,0 days 00:04:57.066131,16,1.6542604078992604,6,480,0.003024385832488288,27,0.027337717361344924,0.859,0.85875,0,"[0, 0, 0, 0, 0, 0, 0, 0, 0, 0, 0, 0, 0, 0, 0, 0, 0, 0, 0, 0, 0, 0, 0, 0, 0, 0, 0, 0, 0, 0, 0, 0, 0, 0, 0, 0, 0, 0, 0, 0, 0, 0, 0, 0, 0, 0, 0, 0, 0, 0, 0, 0, 0, 0, 0, 0, 0, 0, 0, 0, 0, 0, 0, 0, 0, 0, 0, 0, 0, 0, 0, 0, 0, 0, 0, 0, 0, 0, 0, 0, 0, 0, 0, 0, 0, 0, 0, 0, 0, 0, 0, 0, 0, 0, 0, 0, 0, 0, 0, 0, 0, 0, 0, 0, 0, 0, 0, 0, 0, 0, 0, 0, 0, 0, 0, 0, 0, 0, 0, 0, 0, 0, 0, 0, 0, 0, 0, 0, 0, 0, 0, 0, 0, 0, 0, 0, 0, 0, 0, 0, 0, 0, 0, 0, 0, 0, 0, 0, 0, 0, 0, 0, 0, 0, 0, 0, 0, 0, 0, 0, 0, 0, 0, 0, 0, 0, 0, 0, 0, 0, 0, 0, 0, 0, 0, 0, 0, 0, 0, 0, 0, 0, 0, 0, 0, 0, 0, 0, 0, 0, 0, 0, 0, 0, 0, 0, 0, 0, 0, 0, 0, 0, 0, 0, 0, 0, 0, 0, 0, 0, 0, 0, 0, 0, 0, 0, 0, 0, 0, 0, 0, 0, 0, 0, 0, 0, 0, 0, 0, 0, 0, 0, 0, 0, 0, 0, 0, 0, 0, 0, 0, 0, 0, 0, 0, 0, 0, 0, 0, 0, 0, 0, 0, 0, 0, 0, 0, 0, 0, 0, 0, 0, 0, 0, 0, 0, 0, 0, 0, 0, 0, 0, 0, 0, 0, 0, 0, 0, 0, 0, 0, 0, 0, 0, 0, 0, 0, 0, 0, 0, 0, 0, 0, 0, 0, 0, 0, 0, 0, 0, 0, 0, 0, 0, 0, 0, 0, 0, 0, 0, 0, 0, 0, 0, 0, 0, 0, 0, 0, 0, 0, 0, 0, 0, 0, 0, 0, 0, 0, 0, 0, 0, 0, 0, 0, 0, 0, 0, 0, 0, 0, 0, 0, 0, 0, 0, 0, 0, 0, 0, 0, 0, 0, 0, 0, 0, 0, 0, 0, 0, 0, 0, 0, 0, 0, 0, 0, 0, 0, 0, 0, 0, 0, 0, 0, 0, 0, 0, 0, 0, 0, 0, 0, 0, 0, 0, 0, 0, 0, 0, 0, 0, 0, 0, 0, 0, 0, 0, 0, 0, 0, 0, 0, 0, 0, 0, 0, 0, 0, 0, 0, 0, 0, 0, 0, 0, 0, 0, 0, 0, 0, 0, 0, 0, 0, 0, 0, 0, 0, 0, 0, 0, 0, 0, 0, 0, 0, 0, 0, 0, 0, 0, 0, 0, 0, 0, 0, 0, 0, 0, 0, 0, 0, 0, 0, 0, 0, 0, 0, 0, 0, 0, 0, 0, 0, 0, 0, 0, 0, 0, 0, 0, 0, 0, 0, 0, 0, 0, 0, 0]",0.0,"[0.0, 0.0, 0.0, 0.0, 0.0, 0.0, 0.0, 0.0, 0.0, 0.0, 0.0, 0.0, 0.0, 0.0, 0.0, 0.0, 0.0, 0.0, 0.0, 0.0, 0.0, 0.0, 0.0, 0.0, 0.0, 0.0, 0.0, 0.0, 0.0, 0.0, 0.0, 0.0, 0.0, 0.0, 0.0, 0.0, 0.0, 0.0, 0.0, 0.0, 0.0, 0.0, 0.0, 0.0, 0.0, 0.0, 0.0, 0.0, 0.0, 0.0, 0.0, 0.0, 0.0, 0.0, 0.0, 0.0, 0.0, 0.0, 0.0, 0.0, 0.0, 0.0, 0.0, 0.0, 0.0, 0.0, 0.0, 0.0, 0.0, 0.0, 0.0, 0.0, 0.0, 0.0, 0.0, 0.0, 0.0, 0.0, 0.0, 0.0, 0.0, 0.0, 0.0, 0.0, 0.0, 0.0, 0.0, 0.0, 0.0, 0.0, 0.0, 0.0, 0.0, 0.0, 0.0, 0.0, 0.0, 0.0, 0.0, 0.0, 0.0, 0.0, 0.0, 0.0, 0.0, 0.0, 0.0, 0.0, 0.0, 0.0, 0.0, 0.0, 0.0, 0.0, 0.0, 0.0, 0.0, 0.0, 0.0, 0.0, 0.0, 0.0, 0.0, 0.0, 0.0, 0.0, 0.0, 0.0, 0.0, 0.0, 0.0, 0.0, 0.0, 0.0, 0.0, 0.0, 0.0, 0.0, 0.0, 0.0, 0.0, 0.0, 0.0, 0.0, 0.0, 0.0, 0.0, 0.0, 0.0, 0.0, 0.0, 0.0, 0.0, 0.0, 0.0, 0.0, 0.0, 0.0, 0.0, 0.0, 0.0, 0.0, 0.0, 0.0, 0.0, 0.0, 0.0, 0.0, 0.0, 0.0, 0.0, 0.0, 0.0, 0.0, 0.0, 0.0, 0.0, 0.0, 0.0, 0.0, 0.0, 0.0, 0.0, 0.0, 0.0, 0.0, 0.0, 0.0, 0.0, 0.0, 0.0, 0.0, 0.0, 0.0, 0.0, 0.0, 0.0, 0.0, 0.0, 0.0, 0.0, 0.0, 0.0, 0.0, 0.0, 0.0, 0.0, 0.0, 0.0, 0.0, 0.0, 0.0, 0.0, 0.0, 0.0, 0.0, 0.0, 0.0, 0.0, 0.0, 0.0, 0.0, 0.0, 0.0, 0.0, 0.0, 0.0, 0.0, 0.0, 0.0, 0.0, 0.0, 0.0, 0.0, 0.0, 0.0, 0.0, 0.0, 0.0, 0.0, 0.0, 0.0, 0.0, 0.0, 0.0, 0.0, 0.0, 0.0, 0.0, 0.0, 0.0, 0.0, 0.0, 0.0, 0.0, 0.0, 0.0, 0.0, 0.0, 0.0, 0.0, 0.0, 0.0, 0.0, 0.0, 0.0, 0.0, 0.0, 0.0, 0.0, 0.0, 0.0, 0.0, 0.0, 0.0, 0.0, 0.0, 0.0, 0.0, 0.0, 0.0, 0.0, 0.0, 0.0, 0.0, 0.0, 0.0, 0.0, 0.0, 0.0, 0.0, 0.0, 0.0, 0.0, 0.0, 0.0, 0.0, 0.0, 0.0, 0.0, 0.0, 0.0, 0.0, 0.0, 0.0, 0.0, 0.0, 0.0, 0.0, 0.0, 0.0, 0.0, 0.0, 0.0, 0.0, 0.0, 0.0, 0.0, 0.0, 0.0, 0.0, 0.0, 0.0, 0.0, 0.0, 0.0, 0.0, 0.0, 0.0, 0.0, 0.0, 0.0, 0.0, 0.0, 0.0, 0.0, 0.0, 0.0, 0.0, 0.0, 0.0, 0.0, 0.0, 0.0, 0.0, 0.0, 0.0, 0.0, 0.0, 0.0, 0.0, 0.0, 0.0, 0.0, 0.0, 0.0, 0.0, 0.0, 0.0, 0.0, 0.0, 0.0, 0.0, 0.0, 0.0, 0.0, 0.0, 0.0, 0.0, 0.0, 0.0, 0.0, 0.0, 0.0, 0.0, 0.0, 0.0, 0.0, 0.0, 0.0, 0.0, 0.0, 0.0, 0.0, 0.0, 0.0, 0.0, 0.0, 0.0, 0.0, 0.0, 0.0, 0.0, 0.0, 0.0, 0.0, 0.0, 0.0, 0.0, 0.0, 0.0, 0.0, 0.0, 0.0, 0.0, 0.0, 0.0, 0.0, 0.0, 0.0, 0.0, 0.0, 0.0, 0.0, 0.0, 0.0, 0.0, 0.0, 0.0, 0.0, 0.0, 0.0, 0.0, 0.0, 0.0, 0.0, 0.0, 0.0, 0.0, 0.0, 0.0, 0.0, 0.0, 0.0, 0.0, 0.0, 0.0, 0.0, 0.0, 0.0, 0.0, 0.0, 0.0, 0.0, 0.0, 0.0, 0.0, 0.0, 0.0, 0.0, 0.0, 0.0, 0.0, 0.0, 0.0, 0.0, 0.0, 0.0, 0.0, 0.0, 0.0, 0.0, 0.0, 0.0, 0.0, 0.0, 0.0, 0.0, 0.0, 0.0, 0.0, 0.0, 0.0, 0.0, 0.0, 0.0, 0.0, 0.0, 0.0, 0.0]",0.5,0.5,0,"[0, 0, 0, 0, 0, 0, 0, 0, 0, 0, 0, 0, 0, 0, 0, 0, 0, 0, 0, 0, 0, 0, 0, 0, 0, 0, 0, 0, 0, 0, 0, 0, 0, 0, 0, 0, 0, 0, 0, 0, 0, 0, 0, 0, 0, 0, 0, 0, 0, 0, 0, 0, 0, 0, 0, 0, 0, 0, 0, 0, 0, 0, 0, 0, 0, 0, 0, 0, 0, 0, 0, 0, 0, 0, 0, 0, 0, 0, 0, 0, 0, 0, 0, 0, 0, 0, 0, 0, 0, 0, 0, 0, 0, 0, 0, 0, 0, 0, 0, 0, 0, 0, 0, 0, 0, 0, 0, 0, 0, 0, 0, 0, 0, 0, 0, 0, 0, 0, 0, 0, 0, 0, 0, 0, 0, 0, 0, 0, 0, 0, 0, 0, 0, 0, 0, 0, 0, 0, 0, 0, 0, 0, 0, 0, 0, 0, 0, 0, 0, 0, 0, 0, 0, 0, 0, 0, 0, 0, 0, 0, 0, 0, 0, 0, 0, 0, 0, 0, 0, 0, 0, 0, 0, 0, 0, 0, 0, 0, 0, 0, 0, 0, 0, 0, 0, 0, 0, 0, 0, 0, 0, 0, 0, 0, 0, 0, 0, 0, 0, 0, 0, 0, 0, 0, 0, 0, 0, 0, 0, 0, 0, 0, 0, 0, 0, 0, 0, 0, 0, 0, 0, 0, 0, 0, 0, 0, 0, 0, 0, 0, 0, 0, 0, 0, 0, 0, 0, 0, 0, 0, 0, 0, 0, 0, 0, 0, 0, 0, 0, 0, 0, 0, 0, 0, 0, 0, 0, 0, 0, 0, 0, 0, 0, 0, 0, 0, 0, 0, 0, 0, 0, 0, 0, 0, 0, 0, 0, 0, 0, 0, 0, 0, 0, 0, 0, 0, 0, 0, 0, 0, 0, 0, 0, 0, 0, 0, 0, 0, 0, 0, 0, 0, 0, 0, 0, 0, 0, 0, 0, 0, 0, 0, 0, 0, 0, 0, 0, 0, 0, 0, 0, 0, 0, 0, 0, 0, 0, 0, 0, 0, 0, 0, 0, 0, 0, 0, 0, 0, 0, 0, 0, 0, 0, 0, 0, 0, 0, 0, 0, 0, 0, 0, 0, 0, 0, 0, 0, 0, 0, 0, 0, 0, 0, 0, 0, 0, 0, 0, 0, 0, 0, 0, 0, 0, 0, 0, 0, 0, 0, 0, 0, 0, 0, 0, 0, 0, 0, 0, 0, 0, 0, 0, 0, 0, 0, 0, 0, 0, 0, 0, 0, 0, 0, 0, 0, 0, 0, 0, 0, 0, 0, 0, 0, 0, 0, 0, 0, 0, 0, 0, 0, 0, 0, 0, 0, 0, 0, 0, 0, 0, 0, 0, 0, 0, 0, 0, 0, 0, 0, 0, 0, 0, 0, 0, 0, 0, 0, 0, 0, 0, 0, 0, 0, 0, 0, 0, 0, 0, 0, 0, 0, 0, 0, 0, 0, 0, 0, 0, 0, 0, 0, 0, 0, 0, 0, 0, 0, 0, 0, 0]",480,"[0.40856337547302246, 0.4072381258010864, 0.4072263240814209, 0.4072713553905487, 0.4073151648044586, 0.40727072954177856, 0.4075143039226532, 0.4072265625, 0.4072335958480835, 0.4072597920894623, 0.40730205178260803, 0.4072786569595337, 0.40722906589508057, 0.4072349965572357, 0.407277375459671, 0.40723517537117004, 0.4074329733848572, 0.4073687493801117, 0.40724456310272217, 0.4072261154651642, 0.407418817281723, 0.40724337100982666, 0.4072282314300537, 0.4077085554599762, 0.4072268605232239, 0.4072507917881012, 0.4073086082935333, 0.4072306156158447, 0.4072261452674866, 0.40744131803512573, 0.40750253200531006, 0.4072708189487457, 0.4072476625442505, 0.40759173035621643, 0.40725234150886536, 0.40727299451828003, 0.40722858905792236, 0.40722617506980896, 0.4072501063346863, 0.4072365164756775, 0.40734219551086426, 0.4072337746620178, 0.4073789119720459, 0.40727096796035767, 0.40723007917404175, 0.4072602391242981, 0.4082407057285309, 0.40724703669548035, 0.4079981744289398, 0.4074765741825104, 0.4072270095348358, 0.40722620487213135, 0.40727320313453674, 0.4076542556285858, 0.40744853019714355, 0.4072674810886383, 0.40723252296447754, 0.40729081630706787, 0.4073440432548523, 0.4072434604167938, 0.4072268605232239, 0.4072400629520416, 0.40727779269218445, 0.40722668170928955, 0.40734627842903137, 0.40734443068504333, 0.4072762429714203, 0.40722978115081787, 0.407274067401886, 0.4073844850063324, 0.407394677400589, 0.4072278141975403, 0.40725570917129517, 0.4072284400463104, 0.407328337430954, 0.40722930431365967, 0.40738993883132935, 0.407375305891037, 0.4075910151004791, 0.4072854518890381, 0.4072737991809845, 0.40740954875946045, 0.407288134098053, 0.40737491846084595, 0.407413512468338, 0.40739449858665466, 0.4073030352592468, 0.4072299897670746, 0.407331645488739, 0.40725287795066833, 0.4072705805301666, 0.40731537342071533, 0.4073423743247986, 0.40722620487213135, 0.407317578792572, 0.40723735094070435, 0.4076427221298218, 0.40728962421417236, 0.40724724531173706, 0.4074341058731079, 0.40782782435417175, 0.4073997437953949, 0.4072316288948059, 0.4072358310222626, 0.4072314500808716, 0.40748652815818787, 0.40761202573776245, 0.40727150440216064, 0.40725070238113403, 0.4072335362434387, 0.40777164697647095, 0.4072268307209015, 0.40723690390586853, 0.40722644329071045, 0.407266765832901, 0.40728577971458435, 0.40747231245040894, 0.40722692012786865, 0.40724390745162964, 0.4072289764881134, 0.4076887369155884, 0.40753981471061707, 0.40744519233703613, 0.40722715854644775, 0.40722885727882385, 0.4075910449028015, 0.4074244797229767, 0.40765058994293213, 0.40728437900543213, 0.407227486371994, 0.40724000334739685, 0.4072449505329132, 0.407230943441391, 0.4072268009185791, 0.40730389952659607, 0.4073009490966797, 0.40731942653656006, 0.4072975814342499, 0.40722790360450745, 0.407236248254776, 0.4073032736778259, 0.40722978115081787, 0.40726181864738464, 0.40725386142730713, 0.40728309750556946, 0.4072307348251343, 0.4072505533695221, 0.4072261452674866, 0.40748873353004456, 0.4074709415435791, 0.40724945068359375, 0.40774932503700256, 0.40723714232444763, 0.40723952651023865, 0.4076930284500122, 0.40722641348838806, 0.40722817182540894, 0.40726524591445923, 0.40800926089286804, 0.40739956498146057, 0.4072539806365967, 0.4073099195957184, 0.4076332151889801, 0.4073508083820343, 0.4072261452674866, 0.4074510633945465, 0.4073362350463867, 0.4075348377227783, 0.40769222378730774, 0.4072953164577484, 0.4072505831718445, 0.40722620487213135, 0.40723082423210144, 0.40743470191955566, 0.4073406457901001, 0.40756553411483765, 0.40759778022766113, 0.4072575271129608, 0.40739792585372925, 0.4085339307785034, 0.40744972229003906, 0.4072577655315399, 0.4074593484401703, 0.4072263240814209, 0.4073053002357483, 0.40745726227760315, 0.40737056732177734, 0.40796157717704773, 0.40722763538360596, 0.4072282910346985, 0.4075484871864319, 0.40722987055778503, 0.40730172395706177, 0.4075509309768677, 0.4073919355869293, 0.40724241733551025, 0.4078919589519501, 0.40723320841789246, 0.4072836637496948, 0.40818652510643005, 0.4072422683238983, 0.4072505533695221, 0.40726181864738464, 0.4075629413127899, 0.4073857367038727, 0.4075491726398468, 0.4072621464729309, 0.4072328805923462, 0.4075043201446533, 0.40729156136512756, 0.40728092193603516, 0.40735816955566406, 0.40723055601119995, 0.4072481393814087, 0.40728580951690674, 0.40723326802253723, 0.4072401523590088, 0.4072378873825073, 0.40728676319122314, 0.4073115885257721, 0.4072478413581848, 0.407260924577713, 0.4073129892349243, 0.4072336256504059, 0.40776100754737854, 0.4072716236114502, 0.4075581729412079, 0.4072268605232239, 0.40735962986946106, 0.4075617492198944, 0.4072507917881012, 0.40732112526893616, 0.4072261154651642, 0.40727993845939636, 0.4072367548942566, 0.4073964059352875, 0.4072836637496948, 0.4077411890029907, 0.4074161648750305, 0.4072261452674866, 0.40724799036979675, 0.4072439670562744, 0.4074111580848694, 0.40741127729415894, 0.40729832649230957, 0.4074056148529053, 0.4072272777557373, 0.4073989987373352, 0.40727367997169495, 0.4072498679161072, 0.4072458744049072, 0.4075325131416321, 0.40727365016937256, 0.4074600338935852, 0.4072389304637909, 0.40753668546676636, 0.407336950302124, 0.4075566232204437, 0.4072577655315399, 0.4072275459766388, 0.40730902552604675, 0.40722647309303284, 0.4073670506477356, 0.4072265326976776, 0.4072340428829193, 0.40746283531188965, 0.4073122441768646, 0.4072529971599579, 0.40726757049560547, 0.4072268605232239, 0.40723171830177307, 0.40743279457092285, 0.40772759914398193, 0.40755602717399597, 0.4074305295944214, 0.4072272777557373, 0.40722763538360596, 0.4072323739528656, 0.40725815296173096, 0.4073024094104767, 0.4075453281402588, 0.4072719216346741, 0.4076193869113922, 0.40722939372062683, 0.40728336572647095, 0.4073660969734192, 0.40733277797698975, 0.4073392152786255, 0.40723586082458496, 0.40728968381881714, 0.4072960615158081, 0.4073685109615326, 0.4072312116622925, 0.4074539542198181, 0.40722617506980896, 0.4072701632976532, 0.407403826713562, 0.40724655985832214, 0.4074459373950958, 0.40784361958503723, 0.40722861886024475, 0.40723299980163574, 0.4072381556034088, 0.40726134181022644, 0.4072434902191162, 0.4072367548942566, 0.4072275161743164, 0.40724867582321167, 0.4072321653366089, 0.4078356921672821, 0.40745997428894043, 0.40744391083717346, 0.4072304666042328, 0.4074004292488098, 0.4075363278388977, 0.4072836637496948, 0.4072321355342865, 0.407444030046463, 0.4075634777545929, 0.40725889801979065, 0.4072709381580353, 0.4074818789958954, 0.4072737395763397, 0.4072573482990265, 0.4072282016277313, 0.40755191445350647, 0.40723103284835815, 0.4073216915130615, 0.4079497158527374, 0.407436728477478, 0.4073464870452881, 0.4073595404624939, 0.4072638750076294, 0.4074459373950958, 0.4078145921230316, 0.40741097927093506, 0.4072495400905609, 0.4072260558605194, 0.40728437900543213, 0.40723761916160583, 0.4072932302951813, 0.40726882219314575, 0.4072898030281067, 0.4072365164756775, 0.4072341024875641, 0.40725964307785034, 0.4074212312698364, 0.4073961675167084, 0.4073491394519806, 0.40730997920036316, 0.40730881690979004, 0.40726932883262634, 0.4072663187980652, 0.4072405993938446, 0.40733933448791504, 0.40763047337532043, 0.40731024742126465, 0.4072471559047699, 0.4072663187980652, 0.4081282913684845, 0.4072421193122864, 0.40757641196250916, 0.4072378873825073, 0.4072313606739044, 0.40724650025367737, 0.40725409984588623, 0.40722671151161194, 0.40723705291748047, 0.4072313606739044, 0.40723758935928345, 0.40722838044166565, 0.4073760211467743, 0.40770256519317627, 0.4074598252773285, 0.4072287678718567, 0.4073233902454376, 0.40727198123931885, 0.40734535455703735, 0.40724170207977295, 0.407321959733963, 0.40756160020828247, 0.4072294235229492, 0.40754327178001404, 0.40759918093681335, 0.4075251519680023, 0.4074660837650299, 0.4075159430503845, 0.4074053466320038, 0.4073163866996765, 0.40775758028030396, 0.4073692560195923, 0.4074563682079315, 0.40722620487213135, 0.40725255012512207, 0.4074908494949341, 0.40722915530204773, 0.40723639726638794, 0.4075010418891907, 0.4072261452674866, 0.40726983547210693, 0.40725818276405334, 0.40756264328956604, 0.4074186682701111, 0.407654732465744, 0.4072383940219879, 0.4072650969028473, 0.40722692012786865, 0.4077821671962738, 0.4077107310295105, 0.4072667360305786, 0.4074162542819977, 0.40780091285705566, 0.4072273373603821, 0.40747031569480896, 0.4072344899177551, 0.4078213572502136, 0.4072277545928955, 0.4073787331581116, 0.4073701798915863, 0.4080478549003601, 0.40722671151161194, 0.4072261452674866, 0.40747466683387756, 0.4074713885784149, 0.407245397567749, 0.40722647309303284, 0.4074523150920868, 0.4077164828777313, 0.40722641348838806, 0.4078543484210968, 0.4074092507362366, 0.40753233432769775, 0.40748634934425354, 0.40725964307785034, 0.40722647309303284, 0.40725311636924744, 0.40728217363357544, 0.40738677978515625, 0.407284140586853, 0.40754619240760803, 0.40755003690719604, 0.40750575065612793, 0.4080868661403656, 0.40734633803367615, 0.4072261452674866, 0.40733811259269714, 0.4074546694755554, 0.40732261538505554, 0.40735363960266113, 0.4072417914867401, 0.4072793126106262, 0.4072261452674866, 0.40737706422805786, 0.40729185938835144, 0.40725138783454895, 0.40729957818984985, 0.4075394570827484, 0.40730276703834534, 0.4077926278114319, 0.40726444125175476, 0.4072446823120117, 0.4072948694229126, 0.40723103284835815, 0.40741387009620667, 0.40733036398887634, 0.4079665243625641, 0.4072434902191162, 0.40766364336013794, 0.4072452783584595, 0.4072360098361969, 0.4077734053134918, 0.4075257182121277, 0.40722739696502686, 0.4072462320327759, 0.40764573216438293, 0.40784385800361633, 0.40763646364212036, 0.4072714149951935, 0.40724658966064453, 0.4079725742340088]",0.0,"[0.0, 0.0, 0.0, 0.0, 0.0, 0.0, 0.0, 0.0, 0.0, 0.0, 0.0, 0.0, 0.0, 0.0, 0.0, 0.0, 0.0, 0.0, 0.0, 0.0, 0.0, 0.0, 0.0, 0.0, 0.0, 0.0, 0.0, 0.0, 0.0, 0.0, 0.0, 0.0, 0.0, 0.0, 0.0, 0.0, 0.0, 0.0, 0.0, 0.0, 0.0, 0.0, 0.0, 0.0, 0.0, 0.0, 0.0, 0.0, 0.0, 0.0, 0.0, 0.0, 0.0, 0.0, 0.0, 0.0, 0.0, 0.0, 0.0, 0.0, 0.0, 0.0, 0.0, 0.0, 0.0, 0.0, 0.0, 0.0, 0.0, 0.0, 0.0, 0.0, 0.0, 0.0, 0.0, 0.0, 0.0, 0.0, 0.0, 0.0, 0.0, 0.0, 0.0, 0.0, 0.0, 0.0, 0.0, 0.0, 0.0, 0.0, 0.0, 0.0, 0.0, 0.0, 0.0, 0.0, 0.0, 0.0, 0.0, 0.0, 0.0, 0.0, 0.0, 0.0, 0.0, 0.0, 0.0, 0.0, 0.0, 0.0, 0.0, 0.0, 0.0, 0.0, 0.0, 0.0, 0.0, 0.0, 0.0, 0.0, 0.0, 0.0, 0.0, 0.0, 0.0, 0.0, 0.0, 0.0, 0.0, 0.0, 0.0, 0.0, 0.0, 0.0, 0.0, 0.0, 0.0, 0.0, 0.0, 0.0, 0.0, 0.0, 0.0, 0.0, 0.0, 0.0, 0.0, 0.0, 0.0, 0.0, 0.0, 0.0, 0.0, 0.0, 0.0, 0.0, 0.0, 0.0, 0.0, 0.0, 0.0, 0.0, 0.0, 0.0, 0.0, 0.0, 0.0, 0.0, 0.0, 0.0, 0.0, 0.0, 0.0, 0.0, 0.0, 0.0, 0.0, 0.0, 0.0, 0.0, 0.0, 0.0, 0.0, 0.0, 0.0, 0.0, 0.0, 0.0, 0.0, 0.0, 0.0, 0.0, 0.0, 0.0, 0.0, 0.0, 0.0, 0.0, 0.0, 0.0, 0.0, 0.0, 0.0, 0.0, 0.0, 0.0, 0.0, 0.0, 0.0, 0.0, 0.0, 0.0, 0.0, 0.0, 0.0, 0.0, 0.0, 0.0, 0.0, 0.0, 0.0, 0.0, 0.0, 0.0, 0.0, 0.0, 0.0, 0.0, 0.0, 0.0, 0.0, 0.0, 0.0, 0.0, 0.0, 0.0, 0.0, 0.0, 0.0, 0.0, 0.0, 0.0, 0.0, 0.0, 0.0, 0.0, 0.0, 0.0, 0.0, 0.0, 0.0, 0.0, 0.0, 0.0, 0.0, 0.0, 0.0, 0.0, 0.0, 0.0, 0.0, 0.0, 0.0, 0.0, 0.0, 0.0, 0.0, 0.0, 0.0, 0.0, 0.0, 0.0, 0.0, 0.0, 0.0, 0.0, 0.0, 0.0, 0.0, 0.0, 0.0, 0.0, 0.0, 0.0, 0.0, 0.0, 0.0, 0.0, 0.0, 0.0, 0.0, 0.0, 0.0, 0.0, 0.0, 0.0, 0.0, 0.0, 0.0, 0.0, 0.0, 0.0, 0.0, 0.0, 0.0, 0.0, 0.0, 0.0, 0.0, 0.0, 0.0, 0.0, 0.0, 0.0, 0.0, 0.0, 0.0, 0.0, 0.0, 0.0, 0.0, 0.0, 0.0, 0.0, 0.0, 0.0, 0.0, 0.0, 0.0, 0.0, 0.0, 0.0, 0.0, 0.0, 0.0, 0.0, 0.0, 0.0, 0.0, 0.0, 0.0, 0.0, 0.0, 0.0, 0.0, 0.0, 0.0, 0.0, 0.0, 0.0, 0.0, 0.0, 0.0, 0.0, 0.0, 0.0, 0.0, 0.0, 0.0, 0.0, 0.0, 0.0, 0.0, 0.0, 0.0, 0.0, 0.0, 0.0, 0.0, 0.0, 0.0, 0.0, 0.0, 0.0, 0.0, 0.0, 0.0, 0.0, 0.0, 0.0, 0.0, 0.0, 0.0, 0.0, 0.0, 0.0, 0.0, 0.0, 0.0, 0.0, 0.0, 0.0, 0.0, 0.0, 0.0, 0.0, 0.0, 0.0, 0.0, 0.0, 0.0, 0.0, 0.0, 0.0, 0.0, 0.0, 0.0, 0.0, 0.0, 0.0, 0.0, 0.0, 0.0, 0.0, 0.0, 0.0, 0.0, 0.0, 0.0, 0.0, 0.0, 0.0, 0.0, 0.0, 0.0, 0.0, 0.0, 0.0, 0.0, 0.0, 0.0, 0.0, 0.0, 0.0, 0.0, 0.0, 0.0, 0.0, 0.0, 0.0, 0.0, 0.0, 0.0, 0.0, 0.0, 0.0, 0.0, 0.0, 0.0, 0.0, 0.0, 0.0, 0.0, 0.0, 0.0, 0.0, 0.0, 0.0, 0.0, 0.0, 0.0, 0.0, 0.0, 0.0, 0.0, 0.0, 0.0, 0.0, 0.0, 0.0, 0.0, 0.0, 0.0, 0.0, 0.0, 0.0, 0.0, 0.0, 0.0, 0.0]",COMPLETE
72,72,0.8652728935605623,2024-08-31 03:48:14.276669,2024-08-31 03:48:31.233815,0 days 00:00:16.957146,64,1.9043895063698157,4,40,0.5511781072128064,88,0.0001521757621440032,0.86,0.865,33,"[33, 33, 33, 33, 33, 33, 33, 33, 33, 33, 33, 33, 33, 33, 33, 33, 33, 33, 33, 33, 33, 33, 33, 33, 33, 33, 33, 33, 33, 33, 33, 33, 33, 33, 33, 33, 33, 33, 33, 33]",32.945454545454545,"[32.95075757575758, 32.951515151515146, 32.93409090909091, 32.94015151515151, 32.945454545454545, 32.946969696969695, 32.94015151515151, 32.94924242424242, 32.94318181818182, 32.94090909090909, 32.942424242424245, 32.93712121212121, 32.95151515151515, 32.945454545454545, 32.94469696969697, 32.95681818181818, 32.943939393939395, 32.93712121212121, 32.95075757575758, 32.94318181818181, 32.94469696969697, 32.94621212121212, 32.94015151515151, 32.94166666666666, 32.94772727272727, 32.94318181818182, 32.93863636363636, 32.93939393939394, 32.9530303030303, 32.943939393939395, 32.946969696969695, 32.95757575757575, 32.95151515151515, 32.93787878787879, 32.94924242424243, 32.95, 32.94621212121212, 32.946969696969695, 32.943939393939395, 32.945454545454545]",0.8641501333399384,0.8652728935605623,33,"[33, 33, 33, 33, 33, 33, 33, 33, 33, 33, 33, 33, 33, 33, 33, 33, 33, 33, 33, 33, 33, 33, 33, 33, 33, 33, 33, 33, 33, 33, 33, 33, 33, 33, 33, 33, 33, 33, 33, 33]",40,"[0.41082099080085754, 0.4087720513343811, 0.397606760263443, 0.40982311964035034, 0.512065589427948, 0.41661807894706726, 0.41995319724082947, 0.42573288083076477, 0.3935379683971405, 0.4201600253582001, 0.3767913579940796, 0.372172087430954, 0.45759913325309753, 0.3674381375312805, 0.37962502241134644, 0.3950619399547577, 0.37626153230667114, 0.3662053048610687, 0.4620542526245117, 0.38341981172561646, 0.35765618085861206, 0.4752921164035797, 0.3532665967941284, 0.3608519434928894, 0.5030008554458618, 0.3592754006385803, 0.38687342405319214, 0.35414233803749084, 0.44912955164909363, 0.5398513078689575, 0.40926316380500793, 0.405689001083374, 0.33472955226898193, 0.6722679138183594, 0.4898947477340698, 0.5649392008781433, 0.3759208917617798, 0.3158263862133026, 0.32081282138824463, 0.4194818437099457]",33.0,"[33.0, 33.0, 33.0, 33.0, 33.0, 33.0, 33.0, 33.0, 33.0, 33.0, 33.0, 33.0, 33.0, 33.0, 33.0, 33.0, 33.0, 33.0, 33.0, 33.0, 33.0, 33.0, 33.0, 33.0, 33.0, 33.0, 33.0, 33.0, 33.0, 33.0, 33.0, 33.0, 33.0, 33.0, 33.0, 33.0, 33.0, 33.0, 33.0, 33.0]",COMPLETE
