,number,value,datetime_start,datetime_complete,duration,params_batch_size_scaler,params_constant_learning_rate,params_depth,params_epochs,params_kernel_l2,params_num_trees,params_temperature,user_attrs_accuracy_test,user_attrs_accuracy_valid,user_attrs_approximate_feature_sparsity,user_attrs_approximate_feature_sparsity_history,user_attrs_approximate_weight_sparsity,user_attrs_approximate_weight_sparsity_history,user_attrs_auc_test,user_attrs_auc_valid,user_attrs_feature_sparsity,user_attrs_feature_sparsity_history,user_attrs_num_epochs,user_attrs_val_loss_history,user_attrs_weight_sparsity,user_attrs_weight_sparsity_history,state
83,83,0.75853718231119,2024-08-31 04:06:03.882467,2024-08-31 04:07:31.185913,0 days 00:01:27.303446,16,0.05835900882947047,4,140,0.14519176029183792,74,0.0007089898061992716,0.88,0.8725,33,"[33, 33, 33, 33, 33, 33, 33, 33, 33, 33, 33, 33, 33, 33, 33, 33, 33, 33, 33, 33, 33, 33, 33, 33, 33, 33, 33, 33, 33, 33, 33, 33, 33, 33, 33, 33, 33, 33, 33, 33, 33, 33, 33, 33, 33, 33, 33, 33, 33, 33, 33, 33, 33, 33, 33, 33, 33, 33, 33, 33, 33, 33, 33, 33, 33, 33, 33, 33, 33, 33, 33, 33, 33, 33, 33, 33, 33, 33, 33, 33, 33, 33, 33, 33, 33, 33, 33, 33, 33, 33, 33, 33, 33, 33, 33, 33, 33, 33, 33, 33, 33, 33, 33, 33, 33, 33, 33, 33, 33, 33, 33, 33, 33, 33, 33, 33, 33, 33, 33, 33, 33, 33, 33, 33, 33, 33, 33, 33, 33, 33, 33, 33, 33, 33, 33, 33, 33, 33, 33, 33]",32.95495495495496,"[32.956756756756754, 32.957657657657656, 32.95945945945946, 32.95225225225225, 32.956756756756754, 32.95045045045045, 32.94864864864865, 32.954054054054055, 32.95135135135135, 32.95135135135135, 32.94414414414414, 32.95135135135135, 32.95495495495495, 32.956756756756754, 32.96216216216216, 32.95585585585586, 32.95585585585586, 32.94864864864865, 32.95945945945946, 32.95315315315315, 32.954054054054055, 32.95495495495496, 32.94864864864865, 32.95315315315315, 32.95675675675676, 32.95855855855856, 32.964864864864865, 32.95495495495496, 32.956756756756754, 32.95855855855856, 32.96036036036036, 32.95675675675676, 32.95585585585586, 32.94774774774775, 32.95855855855856, 32.95495495495495, 32.95315315315315, 32.94864864864865, 32.95045045045045, 32.954054054054055, 32.962162162162166, 32.95405405405405, 32.95585585585586, 32.954054054054055, 32.95135135135135, 32.95495495495496, 32.95495495495496, 32.95045045045045, 32.94954954954955, 32.95855855855856, 32.95495495495496, 32.954054054054055, 32.95495495495496, 32.95225225225225, 32.95315315315315, 32.94954954954955, 32.95225225225225, 32.95135135135135, 32.95315315315315, 32.95135135135135, 32.94864864864865, 32.95225225225225, 32.95135135135135, 32.954054054054055, 32.954054054054055, 32.95315315315315, 32.95225225225225, 32.946846846846846, 32.94234234234234, 32.943243243243245, 32.949549549549545, 32.95045045045045, 32.95315315315315, 32.95945945945946, 32.95855855855856, 32.95855855855856, 32.95495495495496, 32.95855855855856, 32.96216216216216, 32.96576576576577, 32.96396396396396, 32.96036036036036, 32.95945945945946, 32.960360360360355, 32.957657657657656, 32.954054054054055, 32.954054054054055, 32.956756756756754, 32.954054054054055, 32.954054054054055, 32.96036036036036, 32.95315315315315, 32.95045045045045, 32.94774774774775, 32.95045045045045, 32.954054054054055, 32.95675675675676, 32.95585585585585, 32.95495495495496, 32.96036036036036, 32.962162162162166, 32.96216216216216, 32.961261261261264, 32.95855855855856, 32.950450450450454, 32.957657657657656, 32.956756756756754, 32.956756756756754, 32.957657657657656, 32.954054054054055, 32.94864864864865, 32.95135135135135, 32.95045045045045, 32.954054054054055, 32.95495495495496, 32.954054054054055, 32.956756756756754, 32.95495495495496, 32.957657657657656, 32.95495495495496, 32.95585585585585, 32.95495495495496, 32.956756756756754, 32.95495495495495, 32.95225225225225, 32.94954954954955, 32.95225225225225, 32.95225225225225, 32.954054054054055, 32.95225225225225, 32.95945945945946, 32.96036036036036, 32.95945945945946, 32.956756756756754, 32.95135135135135, 32.95225225225225, 32.954054054054055, 32.95315315315315, 32.95585585585586, 32.95495495495496]",0.78909171971367,0.75853718231119,33,"[33, 33, 33, 33, 33, 33, 33, 33, 33, 33, 33, 33, 33, 33, 33, 33, 33, 33, 33, 33, 33, 33, 33, 33, 33, 33, 33, 33, 33, 33, 33, 33, 33, 33, 33, 33, 33, 33, 33, 33, 33, 33, 33, 33, 33, 33, 33, 33, 33, 33, 33, 33, 33, 33, 33, 33, 33, 33, 33, 33, 33, 33, 33, 33, 33, 33, 33, 33, 33, 33, 33, 33, 33, 33, 33, 33, 33, 33, 33, 33, 33, 33, 33, 33, 33, 33, 33, 33, 33, 33, 33, 33, 33, 33, 33, 33, 33, 33, 33, 33, 33, 33, 33, 33, 33, 33, 33, 33, 33, 33, 33, 33, 33, 33, 33, 33, 33, 33, 33, 33, 33, 33, 33, 33, 33, 33, 33, 33, 33, 33, 33, 33, 33, 33, 33, 33, 33, 33, 33, 33]",140,"[0.4340207576751709, 0.41387122869491577, 0.409234881401062, 0.4068063795566559, 0.4047237038612366, 0.40262681245803833, 0.4007883369922638, 0.3990745544433594, 0.3975104093551636, 0.3961988091468811, 0.3949441909790039, 0.3936094641685486, 0.39239978790283203, 0.39122116565704346, 0.3901265859603882, 0.3891860246658325, 0.38830283284187317, 0.38736045360565186, 0.3865613639354706, 0.38580378890037537, 0.3850618004798889, 0.3843572735786438, 0.3837379217147827, 0.3832184970378876, 0.3826805055141449, 0.38207921385765076, 0.3815126121044159, 0.38104182481765747, 0.3805304765701294, 0.38001424074172974, 0.3796022832393646, 0.37928712368011475, 0.3787916898727417, 0.3783385455608368, 0.3778814673423767, 0.3774396479129791, 0.37702804803848267, 0.3766600787639618, 0.3763422667980194, 0.3759387135505676, 0.37554022669792175, 0.3751465976238251, 0.3748338222503662, 0.3745459318161011, 0.37434715032577515, 0.3740360736846924, 0.37366119027137756, 0.3735295832157135, 0.373042494058609, 0.37270015478134155, 0.3724363446235657, 0.37204334139823914, 0.371876984834671, 0.371573805809021, 0.37126511335372925, 0.3709692358970642, 0.37077152729034424, 0.37041163444519043, 0.370101660490036, 0.3699672222137451, 0.3697706460952759, 0.3693678677082062, 0.36910516023635864, 0.3687020540237427, 0.3684314787387848, 0.3681449890136719, 0.3679066598415375, 0.36767372488975525, 0.36739784479141235, 0.36709851026535034, 0.3668826222419739, 0.3666139245033264, 0.36632728576660156, 0.36605700850486755, 0.36577561497688293, 0.3655056655406952, 0.3652282655239105, 0.36491501331329346, 0.36459994316101074, 0.3643282949924469, 0.3641081154346466, 0.3638588786125183, 0.3637312650680542, 0.3634752035140991, 0.3630855083465576, 0.3629336655139923, 0.3626023828983307, 0.36234840750694275, 0.36209601163864136, 0.3620651960372925, 0.36176589131355286, 0.3613201081752777, 0.36106690764427185, 0.36084556579589844, 0.36055514216423035, 0.36036887764930725, 0.36014828085899353, 0.35986217856407166, 0.35980209708213806, 0.359417200088501, 0.3590902090072632, 0.35885971784591675, 0.3586295247077942, 0.35843589901924133, 0.35818880796432495, 0.3579932153224945, 0.3577306270599365, 0.35752347111701965, 0.3572370409965515, 0.35703274607658386, 0.3568591773509979, 0.356655478477478, 0.35631752014160156, 0.35612955689430237, 0.3558562397956848, 0.3556602895259857, 0.35553795099258423, 0.355204313993454, 0.3549419343471527, 0.3547041714191437, 0.35446974635124207, 0.3541702330112457, 0.3539345860481262, 0.3537371754646301, 0.35346701741218567, 0.353407621383667, 0.3532186448574066, 0.35302457213401794, 0.3528556525707245, 0.3524676263332367, 0.3522995710372925, 0.35198521614074707, 0.3517533540725708, 0.3515893518924713, 0.3513357937335968, 0.3511349856853485, 0.35095489025115967, 0.3507900536060333, 0.3504217267036438, 0.3503401577472687]",33.0,"[33.0, 33.0, 33.0, 33.0, 33.0, 33.0, 33.0, 33.0, 33.0, 33.0, 33.0, 33.0, 33.0, 33.0, 33.0, 33.0, 33.0, 33.0, 33.0, 33.0, 33.0, 33.0, 33.0, 33.0, 33.0, 33.0, 33.0, 33.0, 33.0, 33.0, 33.0, 33.0, 33.0, 33.0, 33.0, 33.0, 33.0, 33.0, 33.0, 33.0, 33.0, 33.0, 33.0, 33.0, 33.0, 33.0, 33.0, 33.0, 33.0, 33.0, 33.0, 33.0, 33.0, 33.0, 33.0, 33.0, 33.0, 33.0, 33.0, 33.0, 33.0, 33.0, 33.0, 33.0, 33.0, 33.0, 33.0, 33.0, 33.0, 33.0, 33.0, 33.0, 33.0, 33.0, 33.0, 33.0, 33.0, 33.0, 33.0, 33.0, 33.0, 33.0, 33.0, 33.0, 33.0, 33.0, 33.0, 33.0, 33.0, 33.0, 33.0, 33.0, 33.0, 33.0, 33.0, 33.0, 33.0, 33.0, 33.0, 33.0, 33.0, 33.0, 33.0, 33.0, 33.0, 33.0, 33.0, 33.0, 33.0, 33.0, 33.0, 33.0, 33.0, 33.0, 33.0, 33.0, 33.0, 33.0, 33.0, 33.0, 33.0, 33.0, 33.0, 33.0, 33.0, 33.0, 33.0, 33.0, 33.0, 33.0, 33.0, 33.0, 33.0, 33.0, 33.0, 33.0, 33.0, 33.0, 33.0, 33.0]",COMPLETE
84,84,0.8470456389844264,2024-08-31 04:07:34.354921,2024-08-31 04:07:52.251036,0 days 00:00:17.896115,16,0.7887379902524487,3,20,0.008225438960542071,2,0.00018146769207402557,0.91,0.89875,30,"[33, 33, 33, 33, 33, 33, 33, 33, 33, 33, 33, 33, 33, 33, 33, 33, 32, 31, 31, 30]",30.0,"[33.0, 33.0, 33.0, 33.0, 33.0, 33.0, 33.0, 33.0, 33.0, 33.0, 33.0, 33.0, 33.0, 33.0, 33.0, 33.0, 32.0, 31.0, 31.0, 30.0]",0.8321815734938368,0.8470456389844264,30,"[33, 33, 33, 33, 33, 33, 33, 33, 33, 33, 33, 33, 33, 33, 33, 33, 32, 31, 31, 30]",20,"[0.4312674403190613, 0.4004587233066559, 0.38353294134140015, 0.3705997169017792, 0.36171776056289673, 0.3551845848560333, 0.34864068031311035, 0.3432682156562805, 0.3392762839794159, 0.33412522077560425, 0.33015140891075134, 0.3257875144481659, 0.32214993238449097, 0.3185324966907501, 0.3142648935317993, 0.31054872274398804, 0.3072563111782074, 0.3034968972206116, 0.3009997308254242, 0.29625046253204346]",30.0,"[33.0, 33.0, 33.0, 33.0, 33.0, 33.0, 33.0, 33.0, 33.0, 33.0, 33.0, 33.0, 33.0, 33.0, 33.0, 33.0, 32.0, 31.0, 31.0, 30.0]",COMPLETE
85,85,0.8407015238757714,2024-08-31 04:07:52.270674,2024-08-31 04:08:49.701108,0 days 00:00:57.430434,4,0.10778422411459831,4,165,0.01489381265676299,1,0.007354543799764458,0.892,0.87875,6,"[33, 32, 30, 27, 24, 17, 14, 13, 12, 12, 9, 9, 9, 8, 7, 7, 7, 7, 7, 7, 7, 7, 7, 7, 7, 7, 7, 7, 7, 6, 6, 6, 6, 6, 6, 6, 6, 6, 6, 6, 6, 6, 6, 6, 6, 6, 6, 6, 6, 6, 6, 6, 6, 6, 6, 6, 6, 6, 6, 6, 6, 6, 6, 6, 6, 6, 6, 6, 6, 6, 6, 6, 6, 6, 6, 6, 6, 6, 6, 6, 6, 6, 6, 6, 6, 6, 6, 6, 6, 6, 6, 6, 6, 6, 6, 6, 6, 6, 6, 6, 6, 6, 6, 6, 6, 6, 6, 6, 6, 6, 6, 6, 6, 6, 6, 6, 6, 6, 6, 6, 6, 6, 6, 6, 6, 6, 6, 6, 6, 6, 6, 6, 6, 6, 6, 6, 6, 6, 6, 6, 6, 6, 6, 6, 6, 6, 6, 6, 6, 6, 6, 6, 6, 6, 6, 6, 6, 6, 6, 6, 6, 6, 6, 6, 6]",6.0,"[33.0, 31.933333333333334, 30.0, 27.0, 24.0, 17.0, 14.0, 13.0, 12.0, 12.0, 9.0, 9.0, 9.0, 8.0, 7.0, 7.0, 7.0, 7.0, 7.0, 7.0, 7.0, 7.0, 7.0, 7.0, 7.0, 7.0, 7.0, 7.0, 7.0, 6.0, 6.0, 6.0, 6.0, 6.0, 6.0, 6.0, 6.0, 6.0, 6.0, 6.0, 6.0, 6.0, 6.0, 6.0, 6.0, 6.0, 6.0, 6.0, 6.0, 6.0, 6.0, 5.933333333333334, 6.0, 6.0, 6.0, 6.0, 6.0, 5.933333333333334, 6.0, 6.0, 6.0, 6.0, 6.0, 6.0, 6.0, 6.0, 6.0, 6.0, 6.0, 6.0, 6.0, 6.0, 6.0, 6.0, 6.0, 6.0, 6.0, 6.0, 6.0, 6.0, 6.0, 6.0, 6.0, 6.0, 6.0, 6.0, 6.0, 6.0, 6.0, 6.0, 6.0, 6.0, 6.0, 6.0, 6.0, 6.0, 6.0, 6.0, 6.0, 6.0, 6.0, 6.0, 6.0, 6.0, 6.0, 6.0, 6.0, 6.0, 6.0, 6.0, 6.0, 6.0, 6.0, 6.0, 6.0, 6.0, 6.0, 6.0, 6.0, 6.0, 6.0, 6.0, 6.0, 6.0, 6.0, 6.0, 6.0, 6.0, 6.0, 6.0, 6.0, 6.0, 6.0, 6.0, 6.0, 5.933333333333334, 6.0, 6.0, 6.0, 5.933333333333334, 6.0, 6.0, 6.0, 6.0, 6.0, 6.0, 6.0, 6.0, 6.0, 5.933333333333334, 5.933333333333334, 6.0, 6.0, 6.0, 6.0, 6.0, 6.0, 6.0, 5.933333333333334, 6.0, 6.0, 6.0, 5.933333333333334, 6.0, 6.0]",0.8538627300423549,0.8407015238757714,6,"[33, 32, 30, 27, 24, 17, 14, 13, 12, 12, 9, 9, 9, 8, 7, 7, 7, 7, 7, 7, 7, 7, 7, 7, 7, 7, 7, 7, 7, 6, 6, 6, 6, 6, 6, 6, 6, 6, 6, 6, 6, 6, 6, 6, 6, 6, 6, 6, 6, 6, 6, 6, 6, 6, 6, 6, 6, 6, 6, 6, 6, 6, 6, 6, 6, 6, 6, 6, 6, 6, 6, 6, 6, 6, 6, 6, 6, 6, 6, 6, 6, 6, 6, 6, 6, 6, 6, 6, 6, 6, 6, 6, 6, 6, 6, 6, 6, 6, 6, 6, 6, 6, 6, 6, 6, 6, 6, 6, 6, 6, 6, 6, 6, 6, 6, 6, 6, 6, 6, 6, 6, 6, 6, 6, 6, 6, 6, 6, 6, 6, 6, 6, 6, 6, 6, 6, 6, 6, 6, 6, 6, 6, 6, 6, 6, 6, 6, 6, 6, 6, 6, 6, 6, 6, 6, 6, 6, 6, 6, 6, 6, 6, 6, 6, 6]",165,"[0.5506392121315002, 0.49707281589508057, 0.4660612940788269, 0.4463127851486206, 0.4324749708175659, 0.4244083762168884, 0.41510212421417236, 0.4097902178764343, 0.404886394739151, 0.4007004499435425, 0.3954523801803589, 0.3918878138065338, 0.38860610127449036, 0.3850249946117401, 0.38134559988975525, 0.3786238133907318, 0.37607428431510925, 0.3736441433429718, 0.3713793158531189, 0.36921226978302, 0.36713290214538574, 0.3651764392852783, 0.36328360438346863, 0.3615022599697113, 0.35982006788253784, 0.3581833243370056, 0.35657986998558044, 0.3551090955734253, 0.3536505401134491, 0.3512071669101715, 0.34943312406539917, 0.34775230288505554, 0.34637993574142456, 0.34503552317619324, 0.34386032819747925, 0.34276634454727173, 0.3417721688747406, 0.340766042470932, 0.3399156630039215, 0.33914658427238464, 0.33828336000442505, 0.3376612067222595, 0.3369404673576355, 0.3363131582736969, 0.3357565999031067, 0.3352067172527313, 0.3346392512321472, 0.3342570960521698, 0.33361899852752686, 0.3331444263458252, 0.3327253460884094, 0.3321748673915863, 0.3317908048629761, 0.33142879605293274, 0.3315108120441437, 0.33081626892089844, 0.3306150436401367, 0.33049607276916504, 0.3299614191055298, 0.32950150966644287, 0.329385906457901, 0.3289588987827301, 0.32878953218460083, 0.3285021185874939, 0.3283037543296814, 0.32793086767196655, 0.3277279734611511, 0.32751354575157166, 0.3272508978843689, 0.32720255851745605, 0.32686135172843933, 0.326877236366272, 0.32649531960487366, 0.32618847489356995, 0.3261735141277313, 0.3262159824371338, 0.325619101524353, 0.32539504766464233, 0.32532772421836853, 0.32520174980163574, 0.32493171095848083, 0.3246779143810272, 0.3245043158531189, 0.32450953125953674, 0.3240892291069031, 0.3239074945449829, 0.32407909631729126, 0.3239484429359436, 0.32343199849128723, 0.3232872784137726, 0.3232375979423523, 0.32312774658203125, 0.3229057192802429, 0.3228825032711029, 0.32273125648498535, 0.32278043031692505, 0.322262167930603, 0.3224066495895386, 0.3222600817680359, 0.32181259989738464, 0.32171332836151123, 0.32152384519577026, 0.3213001489639282, 0.3212956488132477, 0.3210015892982483, 0.3210105001926422, 0.3212544322013855, 0.32075804471969604, 0.32070663571357727, 0.32058459520339966, 0.32060837745666504, 0.3201390504837036, 0.3200920522212982, 0.31993377208709717, 0.32018715143203735, 0.3197130858898163, 0.31968775391578674, 0.3196403980255127, 0.31941789388656616, 0.3197195827960968, 0.31912657618522644, 0.31893348693847656, 0.3188539743423462, 0.3192577660083771, 0.31862664222717285, 0.3186248540878296, 0.3186863660812378, 0.3183880150318146, 0.3185213804244995, 0.3185235261917114, 0.31833210587501526, 0.31792914867401123, 0.31786757707595825, 0.31788861751556396, 0.3177696466445923, 0.3178021311759949, 0.31756579875946045, 0.3177342712879181, 0.31750133633613586, 0.3173266053199768, 0.3179444372653961, 0.3171026408672333, 0.3180340826511383, 0.3171413242816925, 0.3168732225894928, 0.3168801963329315, 0.31691962480545044, 0.3174152672290802, 0.31707316637039185, 0.31654947996139526, 0.31685110926628113, 0.31651604175567627, 0.3166528046131134, 0.31645604968070984, 0.3163074254989624, 0.3162935972213745, 0.3165600299835205, 0.3163822591304779, 0.3159862756729126, 0.3160175383090973, 0.3158482313156128, 0.31578320264816284, 0.31574976444244385, 0.3156881630420685, 0.3156556785106659]",6.0,"[33.0, 32.0, 30.0, 27.0, 24.0, 17.0, 14.0, 13.0, 12.0, 12.0, 9.0, 9.0, 9.0, 8.0, 7.0, 7.0, 7.0, 7.0, 7.0, 7.0, 7.0, 7.0, 7.0, 7.0, 7.0, 7.0, 7.0, 7.0, 7.0, 6.0, 6.0, 6.0, 6.0, 6.0, 6.0, 6.0, 6.0, 6.0, 6.0, 6.0, 6.0, 6.0, 6.0, 6.0, 6.0, 6.0, 6.0, 6.0, 6.0, 6.0, 6.0, 6.0, 6.0, 6.0, 6.0, 6.0, 6.0, 6.0, 6.0, 6.0, 6.0, 6.0, 6.0, 6.0, 6.0, 6.0, 6.0, 6.0, 6.0, 6.0, 6.0, 6.0, 6.0, 6.0, 6.0, 6.0, 6.0, 6.0, 6.0, 6.0, 6.0, 6.0, 6.0, 6.0, 6.0, 6.0, 6.0, 6.0, 6.0, 6.0, 6.0, 6.0, 6.0, 6.0, 6.0, 6.0, 6.0, 6.0, 6.0, 6.0, 6.0, 6.0, 6.0, 6.0, 6.0, 6.0, 6.0, 6.0, 6.0, 6.0, 6.0, 6.0, 6.0, 6.0, 6.0, 6.0, 6.0, 6.0, 6.0, 6.0, 6.0, 6.0, 6.0, 6.0, 6.0, 6.0, 6.0, 6.0, 6.0, 6.0, 6.0, 6.0, 6.0, 6.0, 6.0, 6.0, 6.0, 6.0, 6.0, 6.0, 6.0, 6.0, 6.0, 6.0, 6.0, 6.0, 6.0, 6.0, 6.0, 6.0, 6.0, 6.0, 6.0, 6.0, 6.0, 6.0, 6.0, 6.0, 6.0, 6.0, 6.0, 6.0, 6.0, 6.0, 6.0]",COMPLETE
