,number,value,datetime_start,datetime_complete,duration,params_batch_size_scaler,params_constant_learning_rate,params_depth,params_epochs,params_kernel_l2,params_num_trees,params_temperature,user_attrs_accuracy_test,user_attrs_accuracy_valid,user_attrs_approximate_feature_sparsity,user_attrs_approximate_feature_sparsity_history,user_attrs_approximate_weight_sparsity,user_attrs_approximate_weight_sparsity_history,user_attrs_auc_test,user_attrs_auc_valid,user_attrs_feature_sparsity,user_attrs_feature_sparsity_history,user_attrs_num_epochs,user_attrs_val_loss_history,user_attrs_weight_sparsity,user_attrs_weight_sparsity_history,state
29,29,0.80108461825817,2024-08-31 02:14:29.530643,2024-08-31 02:16:36.990642,0 days 00:02:07.459999,1,0.2936999444502872,3,220,0.001109604994117513,27,0.047721891526935324,0.881,0.8725,13,"[14, 14, 14, 14, 14, 14, 14, 14, 14, 14, 14, 14, 14, 14, 14, 14, 14, 14, 14, 14, 14, 14, 14, 14, 14, 14, 14, 14, 14, 14, 14, 14, 14, 14, 14, 14, 14, 14, 14, 14, 14, 14, 14, 14, 14, 14, 14, 14, 14, 14, 13, 13, 13, 13, 13, 13, 13, 13, 13, 13, 13, 13, 13, 13, 13, 13, 13, 13, 13, 13, 13, 13, 13, 13, 13, 13, 13, 13, 13, 13, 13, 13, 13, 13, 13, 13, 13, 13, 13, 13, 13, 13, 13, 13, 13, 13, 13, 13, 13, 13, 13, 13, 13, 13, 13, 13, 13, 13, 13, 13, 13, 13, 13, 13, 13, 13, 13, 13, 13, 13, 13, 13, 13, 13, 13, 13, 13, 13, 13, 13, 13, 13, 13, 13, 13, 13, 13, 13, 13, 13, 13, 13, 13, 13, 13, 13, 13, 13, 13, 13, 13, 13, 13, 13, 13, 13, 13, 13, 13, 13, 13, 13, 13, 13, 13, 13, 13, 13, 13, 13, 13, 13, 13, 13, 13, 13, 13, 13, 13, 13, 13, 13, 13, 13, 13, 13, 13, 13, 13, 13, 13, 13, 13, 13, 13, 13, 13, 13, 13, 13, 13, 13, 13, 13, 13, 13, 13, 13, 13, 13, 13, 13, 13, 13, 13, 13, 13, 13, 13, 13]",13.0,"[13.984126984126984, 13.978835978835978, 13.989417989417989, 14.0, 14.0, 13.994708994708994, 13.989417989417989, 13.989417989417989, 14.0, 14.0, 14.0, 13.989417989417989, 13.994708994708994, 14.0, 13.994708994708994, 13.989417989417989, 13.994708994708994, 13.989417989417989, 13.989417989417989, 14.0, 14.0, 13.989417989417989, 13.989417989417989, 13.984126984126984, 13.994708994708994, 14.0, 13.994708994708994, 13.994708994708994, 14.0, 14.0, 14.0, 14.0, 13.994708994708994, 13.989417989417989, 13.994708994708994, 13.994708994708994, 14.0, 14.0, 13.994708994708994, 13.994708994708994, 14.0, 14.0, 13.994708994708994, 13.994708994708994, 13.989417989417989, 13.989417989417989, 13.989417989417989, 13.994708994708994, 13.989417989417989, 14.0, 12.989417989417989, 12.994708994708994, 12.989417989417989, 12.989417989417989, 12.984126984126984, 12.994708994708994, 12.989417989417989, 12.994708994708994, 12.994708994708994, 13.0, 12.994708994708994, 13.0, 13.0, 13.0, 12.994708994708994, 12.989417989417989, 13.0, 12.994708994708994, 13.0, 12.989417989417989, 12.994708994708994, 13.0, 13.0, 13.0, 13.0, 12.989417989417989, 12.994708994708994, 13.0, 13.0, 12.994708994708994, 13.0, 13.0, 13.0, 12.994708994708994, 13.0, 12.978835978835978, 12.989417989417989, 12.994708994708994, 12.994708994708994, 12.994708994708994, 12.984126984126984, 13.0, 13.0, 13.0, 13.0, 13.0, 13.0, 12.989417989417989, 12.989417989417989, 12.994708994708994, 13.0, 12.994708994708994, 12.984126984126984, 13.0, 13.0, 12.989417989417989, 13.0, 13.0, 12.994708994708994, 12.994708994708994, 12.989417989417989, 13.0, 12.994708994708994, 12.994708994708994, 13.0, 13.0, 13.0, 13.0, 13.0, 12.994708994708994, 12.994708994708994, 13.0, 13.0, 13.0, 12.994708994708994, 12.994708994708994, 12.989417989417989, 12.989417989417989, 12.994708994708994, 12.994708994708994, 13.0, 13.0, 12.994708994708994, 12.994708994708994, 12.994708994708994, 12.994708994708994, 12.984126984126984, 12.994708994708994, 12.994708994708994, 13.0, 13.0, 12.994708994708994, 12.994708994708994, 12.994708994708994, 12.994708994708994, 12.994708994708994, 12.994708994708994, 12.994708994708994, 13.0, 12.989417989417989, 13.0, 12.994708994708994, 12.989417989417989, 12.989417989417989, 13.0, 12.989417989417989, 12.994708994708994, 12.984126984126984, 13.0, 12.994708994708994, 12.989417989417989, 13.0, 12.989417989417989, 13.0, 12.989417989417989, 13.0, 12.994708994708994, 12.989417989417989, 12.989417989417989, 12.989417989417989, 13.0, 12.989417989417989, 13.0, 13.0, 13.0, 13.0, 13.0, 12.989417989417989, 13.0, 12.994708994708994, 12.994708994708994, 12.994708994708994, 13.0, 12.994708994708994, 12.989417989417989, 12.994708994708994, 13.0, 12.994708994708994, 12.984126984126984, 12.994708994708994, 12.978835978835978, 12.994708994708994, 12.994708994708994, 13.0, 13.0, 12.994708994708994, 12.994708994708994, 12.994708994708994, 12.994708994708994, 12.994708994708994, 13.0, 13.0, 12.994708994708994, 12.989417989417989, 12.994708994708994, 12.994708994708994, 13.0, 13.0, 13.0, 12.994708994708994, 13.0, 13.0, 13.0, 13.0, 12.989417989417989, 13.0, 13.0, 13.0, 12.989417989417989, 13.0]",0.8065208596504265,0.80108461825817,13,"[14, 14, 14, 14, 14, 14, 14, 14, 14, 14, 14, 14, 14, 14, 14, 14, 14, 14, 14, 14, 14, 14, 14, 14, 14, 14, 14, 14, 14, 14, 14, 14, 14, 14, 14, 14, 14, 14, 14, 14, 14, 14, 14, 14, 14, 14, 14, 14, 14, 14, 13, 13, 13, 13, 13, 13, 13, 13, 13, 13, 13, 13, 13, 13, 13, 13, 13, 13, 13, 13, 13, 13, 13, 13, 13, 13, 13, 13, 13, 13, 13, 13, 13, 13, 13, 13, 13, 13, 13, 13, 13, 13, 13, 13, 13, 13, 13, 13, 13, 13, 13, 13, 13, 13, 13, 13, 13, 13, 13, 13, 13, 13, 13, 13, 13, 13, 13, 13, 13, 13, 13, 13, 13, 13, 13, 13, 13, 13, 13, 13, 13, 13, 13, 13, 13, 13, 13, 13, 13, 13, 13, 13, 13, 13, 13, 13, 13, 13, 13, 13, 13, 13, 13, 13, 13, 13, 13, 13, 13, 13, 13, 13, 13, 13, 13, 13, 13, 13, 13, 13, 13, 13, 13, 13, 13, 13, 13, 13, 13, 13, 13, 13, 13, 13, 13, 13, 13, 13, 13, 13, 13, 13, 13, 13, 13, 13, 13, 13, 13, 13, 13, 13, 13, 13, 13, 13, 13, 13, 13, 13, 13, 13, 13, 13, 13, 13, 13, 13, 13, 13]",220,"[0.36914291977882385, 0.3388054370880127, 0.3164706230163574, 0.3087671399116516, 0.3000274896621704, 0.2931910753250122, 0.2849092483520508, 0.2876059114933014, 0.28230464458465576, 0.27171608805656433, 0.26629793643951416, 0.27240535616874695, 0.2708479166030884, 0.27255743741989136, 0.2744239568710327, 0.27803337574005127, 0.27175796031951904, 0.27008578181266785, 0.2670121192932129, 0.2715253233909607, 0.2662007808685303, 0.27281150221824646, 0.2693837583065033, 0.26690131425857544, 0.26891371607780457, 0.279480516910553, 0.2692970037460327, 0.2725433111190796, 0.2755264937877655, 0.2705293893814087, 0.27770963311195374, 0.28073450922966003, 0.264396995306015, 0.26575902104377747, 0.2767241895198822, 0.27287739515304565, 0.27003154158592224, 0.2733970284461975, 0.2671838700771332, 0.27023208141326904, 0.2702280879020691, 0.2763674557209015, 0.26752230525016785, 0.27334603667259216, 0.2670920491218567, 0.2702535390853882, 0.27135226130485535, 0.2792494297027588, 0.27419644594192505, 0.26889145374298096, 0.2754640281200409, 0.274910569190979, 0.27073943614959717, 0.2755162715911865, 0.27349284291267395, 0.27806735038757324, 0.2702223062515259, 0.27573975920677185, 0.2728310525417328, 0.2825734317302704, 0.27211853861808777, 0.27079468965530396, 0.27107352018356323, 0.305742084980011, 0.2841648757457733, 0.27426111698150635, 0.2762054204940796, 0.28070342540740967, 0.2919490337371826, 0.27664676308631897, 0.2815853953361511, 0.2709110379219055, 0.2977743148803711, 0.27672892808914185, 0.2855519652366638, 0.28008830547332764, 0.28181207180023193, 0.2862189710140228, 0.2889408767223358, 0.28377199172973633, 0.2904619872570038, 0.29375332593917847, 0.2946678400039673, 0.29404181241989136, 0.2875956594944, 0.29111748933792114, 0.2928856611251831, 0.2973681092262268, 0.3177015781402588, 0.29623815417289734, 0.30229583382606506, 0.29472464323043823, 0.2988833487033844, 0.30279073119163513, 0.3062015473842621, 0.3056756258010864, 0.3040844798088074, 0.3021906614303589, 0.31030699610710144, 0.30654317140579224, 0.3228209614753723, 0.3113974332809448, 0.31437045335769653, 0.302779883146286, 0.316483736038208, 0.3286658525466919, 0.32201001048088074, 0.3200191259384155, 0.3218594491481781, 0.3255120813846588, 0.3254079520702362, 0.3339749574661255, 0.3339598476886749, 0.33144015073776245, 0.32945337891578674, 0.3481500744819641, 0.3483281433582306, 0.34968647360801697, 0.3507991433143616, 0.3367341160774231, 0.35023799538612366, 0.3417671322822571, 0.3464784622192383, 0.37986454367637634, 0.35757336020469666, 0.3376171588897705, 0.3480118215084076, 0.3564241826534271, 0.353444904088974, 0.3464176654815674, 0.3513733148574829, 0.35220015048980713, 0.3667415380477905, 0.35778453946113586, 0.3600904941558838, 0.3709563910961151, 0.35807347297668457, 0.3683558404445648, 0.373409628868103, 0.3758115768432617, 0.37528908252716064, 0.3776303231716156, 0.3849183917045593, 0.36870262026786804, 0.3782584071159363, 0.37968283891677856, 0.38568100333213806, 0.37310898303985596, 0.3818070888519287, 0.3888622522354126, 0.38426443934440613, 0.3785431981086731, 0.3760702908039093, 0.38087642192840576, 0.3818114101886749, 0.39342400431632996, 0.38763248920440674, 0.3994922637939453, 0.3842995762825012, 0.400405615568161, 0.39942657947540283, 0.46117153763771057, 0.3914557695388794, 0.40179529786109924, 0.3983375132083893, 0.4250502288341522, 0.3957149386405945, 0.3964707553386688, 0.40216773748397827, 0.41147658228874207, 0.4228336215019226, 0.4086206555366516, 0.4160052239894867, 0.4068281650543213, 0.41573256254196167, 0.42318084836006165, 0.4121417999267578, 0.41458943486213684, 0.42342787981033325, 0.43510568141937256, 0.45090630650520325, 0.4275922477245331, 0.4286557137966156, 0.42158448696136475, 0.43358317017555237, 0.4366365373134613, 0.4356713891029358, 0.4422183930873871, 0.4420490264892578, 0.4344606399536133, 0.4402307868003845, 0.439795583486557, 0.44560307264328003, 0.4575527310371399, 0.4524317979812622, 0.4806671142578125, 0.4515336751937866, 0.44772616028785706, 0.4544227719306946, 0.4638681411743164, 0.4620436728000641, 0.4709126651287079, 0.47783148288726807, 0.4548097550868988, 0.47180473804473877, 0.47162216901779175, 0.4744795560836792, 0.4740751385688782, 0.47260886430740356, 0.46535438299179077, 0.4854799211025238, 0.4785240590572357, 0.486194908618927, 0.49706801772117615, 0.4887031614780426, 0.499489963054657, 0.4868375062942505, 0.49717476963996887, 0.5050438642501831, 0.493416965007782]",13.0,"[14.0, 14.0, 14.0, 14.0, 14.0, 14.0, 14.0, 14.0, 14.0, 14.0, 14.0, 14.0, 14.0, 14.0, 14.0, 14.0, 14.0, 14.0, 14.0, 14.0, 14.0, 14.0, 14.0, 14.0, 14.0, 14.0, 14.0, 14.0, 14.0, 14.0, 14.0, 14.0, 14.0, 14.0, 14.0, 14.0, 14.0, 14.0, 14.0, 14.0, 14.0, 14.0, 14.0, 14.0, 14.0, 14.0, 14.0, 14.0, 14.0, 14.0, 13.0, 13.0, 13.0, 13.0, 13.0, 13.0, 13.0, 13.0, 13.0, 13.0, 13.0, 13.0, 13.0, 13.0, 13.0, 13.0, 13.0, 13.0, 13.0, 13.0, 13.0, 13.0, 13.0, 13.0, 13.0, 13.0, 13.0, 13.0, 13.0, 13.0, 13.0, 13.0, 13.0, 13.0, 13.0, 13.0, 13.0, 13.0, 13.0, 13.0, 13.0, 13.0, 13.0, 13.0, 13.0, 13.0, 13.0, 13.0, 13.0, 13.0, 13.0, 13.0, 13.0, 13.0, 13.0, 13.0, 13.0, 13.0, 13.0, 13.0, 13.0, 13.0, 13.0, 13.0, 13.0, 13.0, 13.0, 13.0, 13.0, 13.0, 13.0, 13.0, 13.0, 13.0, 13.0, 13.0, 13.0, 13.0, 13.0, 13.0, 13.0, 13.0, 13.0, 13.0, 13.0, 13.0, 13.0, 13.0, 13.0, 13.0, 13.0, 13.0, 13.0, 13.0, 13.0, 13.0, 13.0, 13.0, 13.0, 13.0, 13.0, 13.0, 13.0, 13.0, 13.0, 13.0, 13.0, 13.0, 13.0, 13.0, 13.0, 13.0, 13.0, 13.0, 13.0, 13.0, 13.0, 13.0, 13.0, 13.0, 13.0, 13.0, 13.0, 13.0, 13.0, 13.0, 13.0, 13.0, 13.0, 13.0, 13.0, 13.0, 13.0, 13.0, 13.0, 13.0, 13.0, 13.0, 13.0, 13.0, 13.0, 13.0, 13.0, 13.0, 13.0, 13.0, 13.0, 13.0, 13.0, 13.0, 13.0, 13.0, 13.0, 13.0, 13.0, 13.0, 13.0, 13.0, 13.0, 13.0, 13.0, 13.0, 13.0, 13.0, 13.0, 13.0, 13.0, 13.0, 13.0, 13.0]",COMPLETE
30,30,0.5,2024-08-31 02:16:36.998126,2024-08-31 02:17:22.423034,0 days 00:00:45.424908,4,6.718337810558687,5,65,0.005673470030905414,38,0.04402566162756365,0.859,0.85875,0,"[0, 0, 0, 0, 0, 0, 0, 0, 0, 0, 0, 0, 0, 0, 0, 0, 0, 0, 0, 0, 0, 0, 0, 0, 0, 0, 0, 0, 0, 0, 0, 0, 0, 0, 0, 0, 0, 0, 0, 0, 0, 0, 0, 0, 0, 0, 0, 0, 0, 0, 0, 0, 0, 0, 0, 0, 0, 0, 0, 0, 0, 0, 0, 0, 0]",0.0,"[0.0, 0.0, 0.0, 0.0, 0.0, 0.0, 0.0, 0.0, 0.0, 0.0, 0.0, 0.0, 0.0, 0.0, 0.0, 0.0, 0.0, 0.0, 0.0, 0.0, 0.0, 0.0, 0.0, 0.0, 0.0, 0.0, 0.0, 0.0, 0.0, 0.0, 0.0, 0.0, 0.0, 0.0, 0.0, 0.0, 0.0, 0.0, 0.0, 0.0, 0.0, 0.0, 0.0, 0.0, 0.0, 0.0, 0.0, 0.0, 0.0, 0.0, 0.0, 0.0, 0.0, 0.0, 0.0, 0.0, 0.0, 0.0, 0.0, 0.0, 0.0, 0.0, 0.0, 0.0, 0.0]",0.5,0.5,0,"[0, 0, 0, 0, 0, 0, 0, 0, 0, 0, 0, 0, 0, 0, 0, 0, 0, 0, 0, 0, 0, 0, 0, 0, 0, 0, 0, 0, 0, 0, 0, 0, 0, 0, 0, 0, 0, 0, 0, 0, 0, 0, 0, 0, 0, 0, 0, 0, 0, 0, 0, 0, 0, 0, 0, 0, 0, 0, 0, 0, 0, 0, 0, 0, 0]",65,"[0.43593406677246094, 0.40955907106399536, 0.4805717170238495, 0.519105851650238, 0.4416506588459015, 0.4461163282394409, 0.40882939100265503, 0.4228852391242981, 0.4078214764595032, 0.4074978530406952, 0.4162507653236389, 0.4161401689052582, 0.49711692333221436, 0.4164525866508484, 0.407236784696579, 0.41717976331710815, 0.4398811459541321, 0.42720934748649597, 0.4083610773086548, 0.5641021132469177, 0.44188418984413147, 0.42938458919525146, 0.4133322834968567, 0.42563319206237793, 0.4109850823879242, 0.40776076912879944, 0.5699374675750732, 0.4272642433643341, 0.4079173803329468, 0.49739664793014526, 0.8139109015464783, 0.4077942669391632, 0.412505567073822, 0.4327012002468109, 0.41194871068000793, 0.4322735667228699, 0.40723177790641785, 0.41339194774627686, 0.41665810346603394, 0.463705450296402, 0.4731087386608124, 0.4311071038246155, 0.41401511430740356, 0.5685065984725952, 0.4172148108482361, 0.41437777876853943, 0.40722617506980896, 0.44578301906585693, 0.40728363394737244, 0.6189196705818176, 0.5513593554496765, 0.4227050840854645, 0.409747838973999, 0.42258408665657043, 0.4179275631904602, 0.501703143119812, 0.4261106252670288, 0.43215930461883545, 0.4088563024997711, 0.42512455582618713, 0.41609230637550354, 0.4906027317047119, 0.4118679463863373, 0.41115665435791016, 0.5750067830085754]",0.0,"[0.0, 0.0, 0.0, 0.0, 0.0, 0.0, 0.0, 0.0, 0.0, 0.0, 0.0, 0.0, 0.0, 0.0, 0.0, 0.0, 0.0, 0.0, 0.0, 0.0, 0.0, 0.0, 0.0, 0.0, 0.0, 0.0, 0.0, 0.0, 0.0, 0.0, 0.0, 0.0, 0.0, 0.0, 0.0, 0.0, 0.0, 0.0, 0.0, 0.0, 0.0, 0.0, 0.0, 0.0, 0.0, 0.0, 0.0, 0.0, 0.0, 0.0, 0.0, 0.0, 0.0, 0.0, 0.0, 0.0, 0.0, 0.0, 0.0, 0.0, 0.0, 0.0, 0.0, 0.0, 0.0]",COMPLETE
