,number,value,datetime_start,datetime_complete,duration,params_batch_size_scaler,params_constant_learning_rate,params_depth,params_epochs,params_kernel_l2,params_num_trees,params_temperature,user_attrs_accuracy_test,user_attrs_accuracy_valid,user_attrs_approximate_feature_sparsity,user_attrs_approximate_feature_sparsity_history,user_attrs_approximate_weight_sparsity,user_attrs_approximate_weight_sparsity_history,user_attrs_auc_test,user_attrs_auc_valid,user_attrs_feature_sparsity,user_attrs_feature_sparsity_history,user_attrs_num_epochs,user_attrs_val_loss_history,user_attrs_weight_sparsity,user_attrs_weight_sparsity_history,state
140,140,0.9002975615411369,2024-08-31 06:34:43.005104,2024-08-31 06:35:22.223237,0 days 00:00:39.218133,16,2.0783283058757602,1,370,0.004388305637434811,53,0.00014929602372146242,0.841,0.8275,30,"[33, 33, 33, 33, 33, 33, 33, 33, 33, 33, 33, 33, 33, 33, 33, 33, 33, 33, 33, 33, 33, 33, 33, 33, 33, 33, 33, 33, 33, 33, 33, 33, 33, 32, 32, 32, 32, 32, 32, 31, 31, 31, 31, 31, 31, 31, 31, 31, 31, 31, 31, 31, 31, 31, 31, 31, 31, 31, 31, 31, 31, 31, 31, 31, 31, 31, 31, 31, 31, 31, 31, 31, 31, 31, 31, 31, 31, 31, 31, 31, 31, 31, 31, 31, 31, 31, 31, 31, 31, 31, 31, 31, 31, 31, 31, 31, 31, 31, 31, 31, 31, 31, 31, 31, 31, 31, 31, 31, 31, 31, 31, 31, 31, 31, 31, 31, 31, 31, 31, 31, 31, 31, 31, 31, 31, 31, 31, 31, 31, 31, 31, 31, 31, 31, 31, 31, 31, 31, 31, 31, 31, 31, 31, 31, 31, 31, 31, 31, 31, 31, 31, 31, 31, 31, 31, 31, 31, 31, 31, 31, 31, 31, 31, 31, 31, 31, 31, 31, 31, 31, 31, 31, 31, 31, 31, 31, 31, 31, 31, 31, 31, 30, 30, 30, 30, 30, 30, 30, 30, 30, 30, 30, 30, 30, 30, 30, 30, 30, 30, 30, 30, 30, 30, 30, 30, 30, 30, 30, 30, 30, 30, 30, 30, 30, 30, 30, 30, 30, 30, 30, 30, 30, 30, 30, 30, 30, 30, 30, 30, 30, 30, 30, 30, 30, 30, 30, 30, 30, 30, 30, 30, 30, 30, 30, 30, 30, 30, 30, 30, 30, 30, 30, 30, 30, 30, 30, 30, 30, 30, 30, 30, 30, 30, 30, 30, 30, 30, 30, 30, 30, 30, 30, 30, 30, 30, 30, 30, 30, 30, 30, 30, 30, 30, 30, 30, 30, 30, 30, 30, 30, 30, 30, 30, 30, 30, 30, 30, 30, 30, 30, 30, 30, 30, 30, 30, 30, 30, 30, 30, 30, 30, 30, 30, 30, 30, 30, 30, 30, 30, 30, 30, 30, 30, 30, 30, 30, 30, 30, 30, 30, 30, 30, 30, 30, 30, 30, 30, 30, 30, 30, 30, 30, 30, 30, 30, 30, 30, 30, 30, 30, 30, 30, 30, 30, 30, 30, 30, 30, 30, 30, 30, 30, 30, 30, 30, 30, 30, 30, 30, 30]",29.962264150943398,"[33.0, 33.0, 33.0, 32.9622641509434, 32.9811320754717, 33.0, 33.0, 33.0, 33.0, 32.9811320754717, 32.9811320754717, 33.0, 32.9622641509434, 33.0, 33.0, 32.9811320754717, 33.0, 32.9622641509434, 33.0, 32.9811320754717, 33.0, 32.9622641509434, 32.9811320754717, 33.0, 33.0, 32.9811320754717, 33.0, 33.0, 33.0, 33.0, 33.0, 33.0, 32.9811320754717, 32.0, 32.0, 31.9811320754717, 32.0, 32.0, 32.0, 31.0, 31.0, 30.9811320754717, 31.0, 31.0, 30.9811320754717, 31.0, 31.0, 31.0, 30.9811320754717, 30.9811320754717, 31.0, 30.9811320754717, 30.9811320754717, 31.0, 31.0, 31.0, 31.0, 31.0, 30.962264150943398, 30.9811320754717, 31.0, 31.0, 31.0, 31.0, 30.9811320754717, 31.0, 31.0, 31.0, 31.0, 31.0, 30.9811320754717, 30.9811320754717, 30.9811320754717, 30.962264150943398, 30.943396226415093, 30.9811320754717, 30.962264150943398, 30.9811320754717, 30.9811320754717, 31.0, 31.0, 31.0, 31.0, 31.0, 31.0, 30.9811320754717, 30.9811320754717, 31.0, 30.9811320754717, 30.9811320754717, 30.9811320754717, 30.9811320754717, 30.9811320754717, 30.9811320754717, 30.9811320754717, 31.0, 31.0, 31.0, 31.0, 30.962264150943398, 31.0, 30.9811320754717, 31.0, 31.0, 30.9811320754717, 31.0, 31.0, 31.0, 30.962264150943398, 31.0, 31.0, 31.0, 31.0, 30.9811320754717, 30.9811320754717, 30.962264150943398, 31.0, 30.962264150943398, 30.9811320754717, 30.9811320754717, 31.0, 31.0, 30.9811320754717, 31.0, 30.943396226415093, 30.9811320754717, 30.9811320754717, 30.9811320754717, 31.0, 31.0, 31.0, 31.0, 30.962264150943398, 31.0, 30.9811320754717, 31.0, 30.943396226415096, 31.0, 30.9811320754717, 30.9811320754717, 31.0, 31.0, 30.9811320754717, 31.0, 31.0, 31.0, 30.9811320754717, 30.9811320754717, 31.0, 31.0, 31.0, 30.962264150943398, 30.9811320754717, 31.0, 30.962264150943398, 30.9811320754717, 30.9811320754717, 30.9811320754717, 31.0, 30.9811320754717, 30.962264150943398, 31.0, 30.9811320754717, 31.0, 30.9811320754717, 31.0, 31.0, 31.0, 31.0, 30.9811320754717, 30.9811320754717, 31.0, 30.9811320754717, 31.0, 31.0, 30.9811320754717, 31.0, 30.9811320754717, 31.0, 31.0, 30.9811320754717, 30.0, 29.962264150943398, 30.0, 29.9811320754717, 29.9811320754717, 29.9811320754717, 29.9811320754717, 30.0, 29.962264150943398, 29.962264150943398, 30.0, 29.90566037735849, 30.0, 29.9811320754717, 29.962264150943398, 30.0, 30.0, 30.0, 29.962264150943398, 29.9811320754717, 29.9811320754717, 29.962264150943398, 29.9811320754717, 30.0, 30.0, 29.9811320754717, 30.0, 30.0, 30.0, 30.0, 30.0, 29.9811320754717, 29.9811320754717, 30.0, 29.9811320754717, 30.0, 29.9811320754717, 29.9811320754717, 29.962264150943398, 30.0, 30.0, 30.0, 29.92452830188679, 30.0, 30.0, 29.9811320754717, 29.9811320754717, 29.9811320754717, 29.943396226415096, 29.9811320754717, 29.9811320754717, 29.9811320754717, 29.943396226415096, 29.9811320754717, 29.9811320754717, 29.9811320754717, 30.0, 29.962264150943398, 29.962264150943398, 29.943396226415096, 29.962264150943398, 30.0, 29.962264150943398, 30.0, 29.9811320754717, 30.0, 29.9811320754717, 30.0, 29.962264150943398, 29.962264150943398, 30.0, 29.9811320754717, 30.0, 30.0, 30.0, 30.0, 29.962264150943398, 30.0, 29.9811320754717, 30.0, 30.0, 29.9811320754717, 29.962264150943398, 30.0, 29.9811320754717, 29.9811320754717, 29.943396226415093, 29.962264150943398, 29.962264150943398, 29.962264150943398, 29.9811320754717, 29.962264150943398, 29.9811320754717, 30.0, 30.0, 29.9811320754717, 29.9811320754717, 29.9811320754717, 30.0, 29.9811320754717, 29.9811320754717, 29.9811320754717, 30.0, 29.9811320754717, 29.9811320754717, 29.962264150943398, 29.962264150943398, 29.9811320754717, 29.9811320754717, 29.9811320754717, 29.9811320754717, 30.0, 30.0, 29.9811320754717, 29.9811320754717, 30.0, 29.962264150943398, 30.0, 29.962264150943398, 29.962264150943398, 29.962264150943398, 29.9811320754717, 29.962264150943398, 29.962264150943398, 29.9811320754717, 29.9811320754717, 30.0, 29.943396226415096, 29.962264150943398, 29.962264150943398, 29.9811320754717, 29.9811320754717, 29.943396226415096, 29.9811320754717, 29.9811320754717, 29.9811320754717, 29.943396226415096, 29.962264150943398, 29.905660377358487, 30.0, 29.962264150943398, 29.943396226415096, 29.962264150943398, 29.9811320754717, 30.0, 29.9811320754717, 29.962264150943398, 29.9811320754717, 29.9811320754717, 29.9811320754717, 29.9811320754717, 30.0, 29.9811320754717, 29.9811320754717, 29.9811320754717, 30.0, 29.962264150943398, 29.962264150943398, 30.0, 29.962264150943398, 29.943396226415093, 29.9811320754717, 29.943396226415096, 30.0, 29.9811320754717, 29.962264150943398, 29.9811320754717, 29.9811320754717, 29.962264150943398, 30.0, 30.0, 29.962264150943398, 29.962264150943398, 29.9811320754717, 29.9811320754717, 30.0, 29.9811320754717, 29.962264150943398, 29.962264150943398, 30.0, 30.0, 30.0, 29.9811320754717, 30.0, 29.962264150943398, 29.943396226415093, 29.9811320754717, 29.9811320754717, 29.962264150943398]",0.9106085750377727,0.9002975615411369,30,"[33, 33, 33, 33, 33, 33, 33, 33, 33, 33, 33, 33, 33, 33, 33, 33, 33, 33, 33, 33, 33, 33, 33, 33, 33, 33, 33, 33, 33, 33, 33, 33, 33, 32, 32, 32, 32, 32, 32, 31, 31, 31, 31, 31, 31, 31, 31, 31, 31, 31, 31, 31, 31, 31, 31, 31, 31, 31, 31, 31, 31, 31, 31, 31, 31, 31, 31, 31, 31, 31, 31, 31, 31, 31, 31, 31, 31, 31, 31, 31, 31, 31, 31, 31, 31, 31, 31, 31, 31, 31, 31, 31, 31, 31, 31, 31, 31, 31, 31, 31, 31, 31, 31, 31, 31, 31, 31, 31, 31, 31, 31, 31, 31, 31, 31, 31, 31, 31, 31, 31, 31, 31, 31, 31, 31, 31, 31, 31, 31, 31, 31, 31, 31, 31, 31, 31, 31, 31, 31, 31, 31, 31, 31, 31, 31, 31, 31, 31, 31, 31, 31, 31, 31, 31, 31, 31, 31, 31, 31, 31, 31, 31, 31, 31, 31, 31, 31, 31, 31, 31, 31, 31, 31, 31, 31, 31, 31, 31, 31, 31, 31, 30, 30, 30, 30, 30, 30, 30, 30, 30, 30, 30, 30, 30, 30, 30, 30, 30, 30, 30, 30, 30, 30, 30, 30, 30, 30, 30, 30, 30, 30, 30, 30, 30, 30, 30, 30, 30, 30, 30, 30, 30, 30, 30, 30, 30, 30, 30, 30, 30, 30, 30, 30, 30, 30, 30, 30, 30, 30, 30, 30, 30, 30, 30, 30, 30, 30, 30, 30, 30, 30, 30, 30, 30, 30, 30, 30, 30, 30, 30, 30, 30, 30, 30, 30, 30, 30, 30, 30, 30, 30, 30, 30, 30, 30, 30, 30, 30, 30, 30, 30, 30, 30, 30, 30, 30, 30, 30, 30, 30, 30, 30, 30, 30, 30, 30, 30, 30, 30, 30, 30, 30, 30, 30, 30, 30, 30, 30, 30, 30, 30, 30, 30, 30, 30, 30, 30, 30, 30, 30, 30, 30, 30, 30, 30, 30, 30, 30, 30, 30, 30, 30, 30, 30, 30, 30, 30, 30, 30, 30, 30, 30, 30, 30, 30, 30, 30, 30, 30, 30, 30, 30, 30, 30, 30, 30, 30, 30, 30, 30, 30, 30, 30, 30, 30, 30, 30, 30, 30, 30]",370,"[3.9083251953125, 6.299795150756836, 6.685559272766113, 2.1179680824279785, 8.821244239807129, 2.5103397369384766, 1.7346699237823486, 0.5752197504043579, 3.8834052085876465, 2.584102153778076, 0.9531124830245972, 1.301918387413025, 6.163164138793945, 0.9627424478530884, 1.3257158994674683, 9.395223617553711, 1.452140212059021, 6.657893180847168, 3.096630573272705, 0.8730051517486572, 0.6994919776916504, 0.7653461694717407, 0.48328444361686707, 0.7661167979240417, 1.1325452327728271, 0.5789496898651123, 0.38746529817581177, 1.423759937286377, 1.5317018032073975, 0.680972158908844, 1.0264892578125, 0.9158375263214111, 2.6407744884490967, 0.46499010920524597, 0.7059038281440735, 1.0733482837677002, 1.1389660835266113, 0.2610551416873932, 3.367361545562744, 0.373014360666275, 0.6441516280174255, 1.0391255617141724, 0.5049358606338501, 0.9079809784889221, 0.42509356141090393, 0.6561011672019958, 0.5079224109649658, 0.9526089429855347, 0.4454290270805359, 0.3965189456939697, 0.37059351801872253, 0.36604034900665283, 0.9710142612457275, 1.7022030353546143, 3.9154598712921143, 0.36773091554641724, 2.072734832763672, 1.363982081413269, 0.6545467972755432, 0.32246172428131104, 0.3832927346229553, 0.3679201900959015, 0.35472625494003296, 2.579073429107666, 1.8228226900100708, 0.8277329802513123, 3.618320941925049, 0.4778819978237152, 1.305282473564148, 0.3873594403266907, 1.0124932527542114, 0.7212364077568054, 0.3485681116580963, 0.32824352383613586, 0.42600831389427185, 0.3746159076690674, 0.45355698466300964, 0.7753421664237976, 1.22225821018219, 0.38691726326942444, 0.9534915685653687, 0.4037906527519226, 0.36980754137039185, 2.533191680908203, 0.7515924572944641, 0.36976680159568787, 1.0357086658477783, 0.8964006900787354, 0.3462819755077362, 0.9497163891792297, 0.3909297585487366, 0.5141361355781555, 0.689780056476593, 0.3938771188259125, 0.5252387523651123, 0.5801821351051331, 0.41492655873298645, 0.38480064272880554, 0.3673902153968811, 0.4580248296260834, 0.36387917399406433, 0.4635753929615021, 1.2458724975585938, 0.36737900972366333, 0.3583466708660126, 0.3237505257129669, 1.4843608140945435, 1.192669153213501, 0.39197635650634766, 0.44727474451065063, 0.8726040720939636, 0.40338560938835144, 0.4356563985347748, 0.6314665079116821, 0.4586668908596039, 3.1614437103271484, 0.3880963623523712, 0.9919776320457458, 0.36977872252464294, 0.44401127099990845, 0.9430504441261292, 0.3539583086967468, 0.3274006247520447, 0.4325217306613922, 0.6016519069671631, 0.7137253284454346, 1.054394006729126, 0.5601601600646973, 0.3569457232952118, 0.3157872259616852, 0.40899914503097534, 0.3563552796840668, 0.43610885739326477, 0.40805888175964355, 0.411274790763855, 0.5611535906791687, 0.45730265974998474, 0.3394675552845001, 0.39495131373405457, 0.37982869148254395, 0.4757281541824341, 0.3451289236545563, 0.4297501742839813, 0.3524932563304901, 0.39644649624824524, 0.42614227533340454, 0.4174234867095947, 0.37653347849845886, 0.8571648597717285, 1.0862833261489868, 0.4006936550140381, 0.40152299404144287, 0.3915479779243469, 0.8026129007339478, 0.42378342151641846, 0.3431141674518585, 0.8147076964378357, 0.6784923076629639, 0.3621324896812439, 0.836352527141571, 0.7802227735519409, 0.7260929942131042, 0.6373382210731506, 0.36012911796569824, 0.4132263660430908, 0.4923558831214905, 0.36437514424324036, 0.3791279196739197, 0.6219375133514404, 0.48978763818740845, 0.4522675573825836, 0.7385392785072327, 0.352708637714386, 0.4903898537158966, 0.5846493244171143, 0.38961562514305115, 0.7143647074699402, 0.4840325117111206, 0.4928114414215088, 0.37524712085723877, 0.8814460039138794, 0.37941646575927734, 0.8888636827468872, 0.4005488157272339, 0.5110999345779419, 1.0546332597732544, 0.5344094634056091, 0.5882489085197449, 0.4876735806465149, 0.9118225574493408, 0.9373665452003479, 0.5137686729431152, 0.4005046784877777, 0.434962660074234, 0.5035398602485657, 0.44095054268836975, 0.393640398979187, 0.44393569231033325, 0.38504067063331604, 0.4185728132724762, 0.39805737137794495, 0.3941887319087982, 0.7900050282478333, 1.3856867551803589, 0.7164189219474792, 0.4358290135860443, 0.6212331056594849, 0.4365716278553009, 0.4141976237297058, 0.4306311309337616, 0.5680639743804932, 0.4492756724357605, 0.5054782629013062, 0.6115010976791382, 0.41581639647483826, 0.4738623797893524, 0.5185120105743408, 0.9399686455726624, 1.15000581741333, 0.4449332058429718, 0.4568481147289276, 0.530337393283844, 0.6405546069145203, 0.48196518421173096, 0.44867926836013794, 0.46769198775291443, 0.4895314872264862, 0.4499204158782959, 0.46685990691185, 0.5574374198913574, 0.43528586626052856, 2.4990592002868652, 0.5227494239807129, 0.6642799973487854, 0.6443228721618652, 0.7225756049156189, 0.43640658259391785, 0.46837225556373596, 0.5783262848854065, 0.9323667883872986, 0.6158111095428467, 0.7110798358917236, 0.5912536382675171, 0.45515406131744385, 0.512933611869812, 0.4373396039009094, 0.46298718452453613, 0.4844665229320526, 0.5857659578323364, 0.4136893153190613, 0.4453220069408417, 0.4356948137283325, 0.42758864164352417, 0.8698203563690186, 0.88492751121521, 0.4890684485435486, 0.5002737641334534, 0.5209376811981201, 0.44231390953063965, 0.85749351978302, 0.5332373380661011, 0.5230756402015686, 0.4696201980113983, 0.45381009578704834, 0.49073418974876404, 0.4424970746040344, 0.5613018870353699, 0.5395504236221313, 0.45184779167175293, 2.470149040222168, 0.5314141511917114, 0.7703105807304382, 0.5322759747505188, 0.597285270690918, 0.5048089623451233, 0.4714725613594055, 0.7484545111656189, 0.5254619121551514, 0.4393349587917328, 0.6439880132675171, 0.44687914848327637, 0.49833688139915466, 0.4516850411891937, 0.505988597869873, 0.6279981732368469, 0.4587549865245819, 0.4741485118865967, 0.5411365032196045, 0.5173392295837402, 0.5488681197166443, 0.5446057915687561, 0.6239287853240967, 0.5290769934654236, 0.6601722240447998, 0.6815669536590576, 0.4797215759754181, 0.4959133267402649, 0.6288771629333496, 0.6436635851860046, 0.46526825428009033, 0.7590866684913635, 0.4673183560371399, 0.48273199796676636, 1.0622867345809937, 0.7445476055145264, 1.1240208148956299, 0.5168152451515198, 0.5268558859825134, 0.4779873192310333, 0.47141537070274353, 0.5243830680847168, 0.4713433086872101, 0.5310959815979004, 1.7678136825561523, 0.4886203706264496, 0.5826820135116577, 1.062757134437561, 0.512631893157959, 0.4950237274169922, 0.5262028574943542, 0.4812319874763489, 0.6075732707977295, 0.5413744449615479, 0.4909095764160156, 0.5967693328857422, 1.0868173837661743, 0.5309188365936279, 0.9475411772727966, 0.5831097960472107, 0.6003158092498779, 0.5068368315696716, 0.5957445502281189, 0.5413907170295715, 0.5152409076690674, 0.5696907639503479, 0.5566093325614929, 0.5123311877250671, 0.5059801936149597, 0.4916353225708008, 0.5397977232933044, 0.5140747427940369, 0.7221206426620483, 0.5268945097923279, 0.550230085849762, 0.5964471697807312, 0.49211224913597107, 0.5676354169845581, 0.5247378349304199, 0.607852041721344, 0.8875429034233093, 0.5149836540222168, 0.6824535131454468, 0.5441039800643921, 0.5653174519538879, 0.5296008586883545, 0.6144617199897766, 0.5413933396339417, 0.5302344560623169, 0.542529821395874, 0.5211520195007324, 0.5658172965049744, 0.6161195635795593, 0.8944889307022095, 0.5370428562164307, 0.536799430847168, 0.5238243341445923, 0.6450029611587524, 0.5336056351661682, 0.6107583045959473, 0.8076473474502563]",30.0,"[33.0, 33.0, 33.0, 33.0, 33.0, 33.0, 33.0, 33.0, 33.0, 33.0, 33.0, 33.0, 33.0, 33.0, 33.0, 33.0, 33.0, 33.0, 33.0, 33.0, 33.0, 33.0, 33.0, 33.0, 33.0, 33.0, 33.0, 33.0, 33.0, 33.0, 33.0, 33.0, 33.0, 32.0, 32.0, 32.0, 32.0, 32.0, 32.0, 31.0, 31.0, 31.0, 31.0, 31.0, 31.0, 31.0, 31.0, 31.0, 31.0, 31.0, 31.0, 31.0, 31.0, 31.0, 31.0, 31.0, 31.0, 31.0, 31.0, 31.0, 31.0, 31.0, 31.0, 31.0, 31.0, 31.0, 31.0, 31.0, 31.0, 31.0, 31.0, 31.0, 31.0, 31.0, 31.0, 31.0, 31.0, 31.0, 31.0, 31.0, 31.0, 31.0, 31.0, 31.0, 31.0, 31.0, 31.0, 31.0, 31.0, 31.0, 31.0, 31.0, 31.0, 31.0, 31.0, 31.0, 31.0, 31.0, 31.0, 31.0, 31.0, 31.0, 31.0, 31.0, 31.0, 31.0, 31.0, 31.0, 31.0, 31.0, 31.0, 31.0, 31.0, 31.0, 31.0, 31.0, 31.0, 31.0, 31.0, 31.0, 31.0, 31.0, 31.0, 31.0, 31.0, 31.0, 31.0, 31.0, 31.0, 31.0, 31.0, 31.0, 31.0, 31.0, 31.0, 31.0, 31.0, 31.0, 31.0, 31.0, 31.0, 31.0, 31.0, 31.0, 31.0, 31.0, 31.0, 31.0, 31.0, 31.0, 31.0, 31.0, 31.0, 31.0, 31.0, 31.0, 31.0, 31.0, 31.0, 31.0, 31.0, 31.0, 31.0, 31.0, 31.0, 31.0, 31.0, 31.0, 31.0, 31.0, 31.0, 31.0, 31.0, 31.0, 31.0, 31.0, 31.0, 31.0, 31.0, 31.0, 31.0, 30.0, 30.0, 30.0, 30.0, 30.0, 30.0, 30.0, 30.0, 30.0, 30.0, 30.0, 30.0, 30.0, 30.0, 30.0, 30.0, 30.0, 30.0, 30.0, 30.0, 30.0, 30.0, 30.0, 30.0, 30.0, 30.0, 30.0, 30.0, 30.0, 30.0, 30.0, 30.0, 30.0, 30.0, 30.0, 30.0, 30.0, 30.0, 30.0, 30.0, 30.0, 30.0, 30.0, 30.0, 30.0, 30.0, 30.0, 30.0, 30.0, 30.0, 30.0, 30.0, 30.0, 30.0, 30.0, 30.0, 30.0, 30.0, 30.0, 30.0, 30.0, 30.0, 30.0, 30.0, 30.0, 30.0, 30.0, 30.0, 30.0, 30.0, 30.0, 30.0, 30.0, 30.0, 30.0, 30.0, 30.0, 30.0, 30.0, 30.0, 30.0, 30.0, 30.0, 30.0, 30.0, 30.0, 30.0, 30.0, 30.0, 30.0, 30.0, 30.0, 30.0, 30.0, 30.0, 30.0, 30.0, 30.0, 30.0, 30.0, 30.0, 30.0, 30.0, 30.0, 30.0, 30.0, 30.0, 30.0, 30.0, 30.0, 30.0, 30.0, 30.0, 30.0, 30.0, 30.0, 30.0, 30.0, 30.0, 30.0, 30.0, 30.0, 30.0, 30.0, 30.0, 30.0, 30.0, 30.0, 30.0, 30.0, 30.0, 30.0, 30.0, 30.0, 30.0, 30.0, 30.0, 30.0, 30.0, 30.0, 30.0, 30.0, 30.0, 30.0, 30.0, 30.0, 30.0, 30.0, 30.0, 30.0, 30.0, 30.0, 30.0, 30.0, 30.0, 30.0, 30.0, 30.0, 30.0, 30.0, 30.0, 30.0, 30.0, 30.0, 30.0, 30.0, 30.0, 30.0, 30.0, 30.0, 30.0, 30.0, 30.0, 30.0, 30.0, 30.0, 30.0, 30.0, 30.0, 30.0, 30.0, 30.0, 30.0, 30.0, 30.0, 30.0, 30.0, 30.0, 30.0]",COMPLETE
