,number,value,datetime_start,datetime_complete,duration,params_batch_size_scaler,params_constant_learning_rate,params_depth,params_epochs,params_kernel_l2,params_num_trees,params_temperature,user_attrs_accuracy_test,user_attrs_accuracy_valid,user_attrs_approximate_feature_sparsity,user_attrs_approximate_feature_sparsity_history,user_attrs_approximate_weight_sparsity,user_attrs_approximate_weight_sparsity_history,user_attrs_auc_test,user_attrs_auc_valid,user_attrs_feature_sparsity,user_attrs_feature_sparsity_history,user_attrs_num_epochs,user_attrs_val_loss_history,user_attrs_weight_sparsity,user_attrs_weight_sparsity_history,state
105,105,0.9209207661887647,2024-08-31 04:47:18.694561,2024-08-31 04:47:49.028787,0 days 00:00:30.334226,64,0.4792644027644543,3,360,0.8120672521191986,85,0.00011570353426278671,0.918,0.90375,16,"[33, 33, 33, 33, 33, 33, 33, 33, 33, 33, 33, 33, 33, 33, 33, 33, 33, 33, 33, 33, 33, 33, 33, 33, 33, 33, 33, 33, 33, 33, 33, 33, 33, 33, 33, 33, 33, 33, 33, 33, 33, 33, 33, 33, 33, 33, 33, 33, 33, 33, 33, 33, 33, 33, 33, 33, 33, 33, 33, 33, 33, 33, 33, 33, 33, 33, 33, 33, 33, 33, 33, 33, 33, 33, 33, 33, 33, 33, 33, 33, 33, 33, 33, 33, 33, 33, 33, 33, 33, 33, 33, 33, 33, 33, 33, 33, 33, 33, 33, 33, 33, 33, 33, 33, 33, 33, 33, 33, 33, 33, 33, 33, 33, 33, 33, 33, 33, 33, 33, 33, 33, 33, 33, 33, 33, 33, 33, 33, 33, 33, 33, 33, 33, 33, 33, 33, 33, 33, 33, 33, 33, 33, 33, 33, 33, 33, 33, 33, 33, 33, 33, 33, 33, 33, 33, 33, 33, 33, 33, 33, 33, 33, 33, 33, 33, 33, 33, 33, 33, 33, 33, 33, 33, 33, 33, 33, 33, 33, 33, 33, 33, 33, 33, 33, 33, 33, 33, 33, 33, 33, 33, 33, 33, 32, 32, 32, 31, 28, 28, 28, 25, 24, 24, 24, 22, 22, 22, 21, 21, 21, 21, 21, 21, 20, 20, 20, 20, 19, 19, 19, 19, 19, 19, 19, 19, 19, 19, 19, 19, 19, 19, 19, 19, 19, 19, 19, 19, 19, 19, 19, 18, 18, 18, 18, 18, 18, 18, 18, 18, 18, 18, 18, 18, 18, 18, 18, 18, 18, 18, 18, 18, 18, 18, 18, 18, 18, 18, 18, 18, 18, 18, 18, 17, 17, 17, 17, 17, 17, 17, 17, 17, 17, 17, 17, 17, 17, 17, 17, 17, 17, 17, 17, 17, 17, 17, 17, 17, 17, 17, 17, 17, 17, 17, 17, 17, 17, 17, 17, 17, 17, 17, 17, 17, 17, 17, 17, 17, 17, 17, 17, 17, 17, 17, 17, 17, 17, 17, 17, 17, 17, 17, 17, 16, 16, 16, 16, 16, 16, 16, 16, 16, 16, 16, 16, 16, 16, 16, 16, 16, 16, 16, 16, 16, 16, 16, 16, 16, 16, 16, 16]",15.94453781512605,"[32.963025210084034, 32.963025210084034, 32.96638655462185, 32.964705882352945, 32.96638655462185, 32.97310924369748, 32.96806722689075, 32.963025210084034, 32.97478991596638, 32.96134453781512, 32.95966386554622, 32.951260504201684, 32.951260504201684, 32.9563025210084, 32.94957983193277, 32.964705882352945, 32.964705882352945, 32.9563025210084, 32.957983193277315, 32.97310924369748, 32.97310924369748, 32.969747899159664, 32.963025210084034, 32.9563025210084, 32.963025210084034, 32.95966386554622, 32.9563025210084, 32.95462184873949, 32.94957983193277, 32.951260504201684, 32.937815126050424, 32.93949579831933, 32.9563025210084, 32.963025210084034, 32.951260504201684, 32.951260504201684, 32.96134453781512, 32.9563025210084, 32.944537815126054, 32.95462184873949, 32.969747899159664, 32.963025210084034, 32.951260504201684, 32.95294117647059, 32.9563025210084, 32.96134453781512, 32.963025210084034, 32.95966386554622, 32.96638655462185, 32.98151260504201, 32.95966386554622, 32.971428571428575, 32.957983193277315, 32.95966386554622, 32.96134453781512, 32.96638655462185, 32.9563025210084, 32.951260504201684, 32.97478991596638, 32.957983193277315, 32.95966386554622, 32.957983193277315, 32.96638655462185, 32.9563025210084, 32.969747899159664, 32.96638655462185, 32.94957983193277, 32.9563025210084, 32.95966386554622, 32.96134453781512, 32.94957983193277, 32.951260504201684, 32.957983193277315, 32.93949579831933, 32.95966386554622, 32.95294117647059, 32.94117647058823, 32.944537815126054, 32.92605042016807, 32.93613445378151, 32.944537815126054, 32.94957983193277, 32.95462184873949, 32.944537815126054, 32.94117647058823, 32.95294117647059, 32.944537815126054, 32.95966386554622, 32.96638655462185, 32.944537815126054, 32.94789915966386, 32.93613445378151, 32.957983193277315, 32.93613445378151, 32.937815126050424, 32.931092436974794, 32.94789915966386, 32.94117647058823, 32.94285714285714, 32.937815126050424, 32.951260504201684, 32.94789915966386, 32.95294117647059, 32.944537815126054, 32.937815126050424, 32.94285714285714, 32.94285714285714, 32.92773109243697, 32.94285714285714, 32.94957983193277, 32.92268907563025, 32.931092436974794, 32.92436974789916, 32.93613445378151, 32.93949579831933, 32.91764705882353, 32.93613445378151, 32.9344537815126, 32.92773109243697, 32.92941176470588, 32.92941176470588, 32.94117647058823, 32.91428571428571, 32.90924369747899, 32.944537815126054, 32.9327731092437, 32.94285714285714, 32.92941176470588, 32.937815126050424, 32.9344537815126, 32.92436974789916, 32.92941176470588, 32.944537815126054, 32.937815126050424, 32.94285714285714, 32.931092436974794, 32.93613445378151, 32.92773109243697, 32.92773109243697, 32.91932773109244, 32.92605042016807, 32.94117647058823, 32.9327731092437, 32.94117647058823, 32.9327731092437, 32.9344537815126, 32.9344537815126, 32.9344537815126, 32.92100840336134, 32.94285714285714, 32.93613445378151, 32.93613445378151, 32.93949579831933, 32.9344537815126, 32.94621848739496, 32.94621848739496, 32.93949579831933, 32.9344537815126, 32.93613445378151, 32.92605042016807, 32.92436974789916, 32.91428571428571, 32.91932773109244, 32.93613445378151, 32.91764705882353, 32.93613445378151, 32.91932773109244, 32.92941176470588, 32.92436974789916, 32.92605042016807, 32.92268907563025, 32.91764705882353, 32.92941176470588, 32.931092436974794, 32.90084033613445, 32.9109243697479, 32.91596638655462, 32.91596638655462, 32.90588235294118, 32.91932773109244, 32.90588235294118, 32.9109243697479, 32.92436974789916, 32.9109243697479, 32.92605042016807, 32.91764705882353, 32.92773109243697, 32.92268907563025, 32.92941176470588, 32.931092436974794, 32.9344537815126, 32.92941176470588, 32.931092436974794, 31.927731092436975, 31.912605042016807, 31.921008403361345, 30.921008403361345, 27.934453781512605, 27.93781512605042, 27.934453781512605, 24.946218487394958, 23.949579831932773, 23.949579831932773, 23.936134453781513, 21.939495798319328, 21.927731092436975, 21.954621848739496, 20.961344537815126, 20.95966386554622, 20.947899159663866, 20.963025210084034, 20.954621848739496, 20.956302521008404, 19.97142857142857, 19.941176470588236, 19.946218487394958, 19.95294117647059, 18.954621848739496, 18.961344537815126, 18.946218487394958, 18.941176470588236, 18.95294117647059, 18.947899159663866, 18.95294117647059, 18.95126050420168, 18.95294117647059, 18.941176470588236, 18.954621848739496, 18.946218487394958, 18.95126050420168, 18.95294117647059, 18.95966386554622, 18.95966386554622, 18.95966386554622, 18.95966386554622, 18.95966386554622, 18.976470588235294, 18.95126050420168, 18.961344537815126, 18.956302521008404, 17.96638655462185, 17.95798319327731, 17.954621848739496, 17.954621848739496, 17.969747899159664, 17.949579831932773, 17.947899159663866, 17.95798319327731, 17.95126050420168, 17.95798319327731, 17.954621848739496, 17.96638655462185, 17.95798319327731, 17.95798319327731, 17.949579831932773, 17.941176470588236, 17.95294117647059, 17.956302521008404, 17.956302521008404, 17.942857142857143, 17.941176470588236, 17.932773109243698, 17.941176470588236, 17.949579831932773, 17.949579831932773, 17.956302521008404, 17.941176470588236, 17.949579831932773, 17.936134453781513, 17.946218487394958, 17.949579831932773, 17.95798319327731, 16.95798319327731, 16.94453781512605, 16.954621848739496, 16.942857142857143, 16.96638655462185, 16.956302521008404, 16.95126050420168, 16.963025210084034, 16.954621848739496, 16.95966386554622, 16.954621848739496, 16.963025210084034, 16.949579831932773, 16.947899159663866, 16.961344537815126, 16.954621848739496, 16.94453781512605, 16.947899159663866, 16.942857142857143, 16.941176470588236, 16.942857142857143, 16.946218487394958, 16.94453781512605, 16.947899159663866, 16.95126050420168, 16.941176470588236, 16.947899159663866, 16.929411764705883, 16.93109243697479, 16.915966386554622, 16.926050420168067, 16.919327731092437, 16.912605042016807, 16.939495798319328, 16.932773109243698, 16.929411764705883, 16.93109243697479, 16.912605042016807, 16.915966386554622, 16.929411764705883, 16.939495798319328, 16.941176470588236, 16.93781512605042, 16.934453781512605, 16.95126050420168, 16.942857142857143, 16.949579831932773, 16.939495798319328, 16.934453781512605, 16.927731092436975, 16.919327731092437, 16.947899159663866, 16.947899159663866, 16.934453781512605, 16.936134453781513, 16.93781512605042, 16.939495798319328, 16.93781512605042, 16.939495798319328, 16.941176470588236, 15.941176470588236, 15.941176470588236, 15.947899159663866, 15.934453781512605, 15.93781512605042, 15.939495798319328, 15.952941176470588, 15.952941176470588, 15.95126050420168, 15.952941176470588, 15.95126050420168, 15.942857142857143, 15.941176470588236, 15.942857142857143, 15.936134453781513, 15.95126050420168, 15.941176470588236, 15.932773109243698, 15.934453781512605, 15.934453781512605, 15.93781512605042, 15.95126050420168, 15.95126050420168, 15.947899159663866, 15.946218487394958, 15.941176470588236, 15.946218487394958, 15.94453781512605]",0.9043254980638876,0.9209207661887647,16,"[33, 33, 33, 33, 33, 33, 33, 33, 33, 33, 33, 33, 33, 33, 33, 33, 33, 33, 33, 33, 33, 33, 33, 33, 33, 33, 33, 33, 33, 33, 33, 33, 33, 33, 33, 33, 33, 33, 33, 33, 33, 33, 33, 33, 33, 33, 33, 33, 33, 33, 33, 33, 33, 33, 33, 33, 33, 33, 33, 33, 33, 33, 33, 33, 33, 33, 33, 33, 33, 33, 33, 33, 33, 33, 33, 33, 33, 33, 33, 33, 33, 33, 33, 33, 33, 33, 33, 33, 33, 33, 33, 33, 33, 33, 33, 33, 33, 33, 33, 33, 33, 33, 33, 33, 33, 33, 33, 33, 33, 33, 33, 33, 33, 33, 33, 33, 33, 33, 33, 33, 33, 33, 33, 33, 33, 33, 33, 33, 33, 33, 33, 33, 33, 33, 33, 33, 33, 33, 33, 33, 33, 33, 33, 33, 33, 33, 33, 33, 33, 33, 33, 33, 33, 33, 33, 33, 33, 33, 33, 33, 33, 33, 33, 33, 33, 33, 33, 33, 33, 33, 33, 33, 33, 33, 33, 33, 33, 33, 33, 33, 33, 33, 33, 33, 33, 33, 33, 33, 33, 33, 33, 33, 33, 32, 32, 32, 31, 28, 28, 28, 25, 24, 24, 24, 22, 22, 22, 21, 21, 21, 21, 21, 21, 20, 20, 20, 20, 19, 19, 19, 19, 19, 19, 19, 19, 19, 19, 19, 19, 19, 19, 19, 19, 19, 19, 19, 19, 19, 19, 19, 18, 18, 18, 18, 18, 18, 18, 18, 18, 18, 18, 18, 18, 18, 18, 18, 18, 18, 18, 18, 18, 18, 18, 18, 18, 18, 18, 18, 18, 18, 18, 18, 17, 17, 17, 17, 17, 17, 17, 17, 17, 17, 17, 17, 17, 17, 17, 17, 17, 17, 17, 17, 17, 17, 17, 17, 17, 17, 17, 17, 17, 17, 17, 17, 17, 17, 17, 17, 17, 17, 17, 17, 17, 17, 17, 17, 17, 17, 17, 17, 17, 17, 17, 17, 17, 17, 17, 17, 17, 17, 17, 17, 16, 16, 16, 16, 16, 16, 16, 16, 16, 16, 16, 16, 16, 16, 16, 16, 16, 16, 16, 16, 16, 16, 16, 16, 16, 16, 16, 16]",360,"[0.4857557415962219, 0.4783174395561218, 0.47105902433395386, 0.48751458525657654, 0.4616856276988983, 0.4582570195198059, 0.4556148946285248, 0.45652127265930176, 0.45062899589538574, 0.44967120885849, 0.44586002826690674, 0.4436439871788025, 0.45027396082878113, 0.44650185108184814, 0.4419393539428711, 0.46491995453834534, 0.43680137395858765, 0.44525301456451416, 0.45086997747421265, 0.4318956732749939, 0.43574780225753784, 0.42963114380836487, 0.43127116560935974, 0.43126240372657776, 0.44788727164268494, 0.42163577675819397, 0.42747005820274353, 0.41920480132102966, 0.418609619140625, 0.41498515009880066, 0.4148085415363312, 0.41441136598587036, 0.42162811756134033, 0.40988093614578247, 0.412436306476593, 0.4113923907279968, 0.4078570604324341, 0.4085371494293213, 0.4066815972328186, 0.40548378229141235, 0.4032951593399048, 0.4117252230644226, 0.3988224267959595, 0.40030229091644287, 0.40649110078811646, 0.4063495695590973, 0.41640251874923706, 0.39304429292678833, 0.39566507935523987, 0.3916086256504059, 0.39032864570617676, 0.39499443769454956, 0.39004820585250854, 0.3873819410800934, 0.39284244179725647, 0.3877043128013611, 0.3871946334838867, 0.3840149939060211, 0.38262122869491577, 0.3810448944568634, 0.38052669167518616, 0.4008050560951233, 0.37908074259757996, 0.3784254491329193, 0.3809036910533905, 0.3774799406528473, 0.37678632140159607, 0.387593150138855, 0.37450480461120605, 0.3731580972671509, 0.3726387917995453, 0.3752669095993042, 0.3688671588897705, 0.36776748299598694, 0.36991995573043823, 0.3669702410697937, 0.3665091395378113, 0.3664899468421936, 0.36293748021125793, 0.36689090728759766, 0.36897629499435425, 0.3651982247829437, 0.36110782623291016, 0.35969650745391846, 0.3647795021533966, 0.35945025086402893, 0.35924044251441956, 0.36202549934387207, 0.36089158058166504, 0.3647100031375885, 0.37217211723327637, 0.3532296121120453, 0.36182701587677, 0.3525760769844055, 0.3507654070854187, 0.34892818331718445, 0.3481372594833374, 0.3498328924179077, 0.3479848802089691, 0.34572476148605347, 0.3448984920978546, 0.34478890895843506, 0.3424507975578308, 0.34826573729515076, 0.3412877917289734, 0.3413417935371399, 0.33883732557296753, 0.33751940727233887, 0.3368392288684845, 0.33481353521347046, 0.3424326181411743, 0.33565831184387207, 0.3349619209766388, 0.33409401774406433, 0.331908643245697, 0.33284682035446167, 0.32989516854286194, 0.3310762643814087, 0.32822415232658386, 0.3345028758049011, 0.32629576325416565, 0.3258694112300873, 0.3240373730659485, 0.3238264322280884, 0.3261013329029083, 0.32325705885887146, 0.3225085139274597, 0.32487666606903076, 0.32186394929885864, 0.32218170166015625, 0.32102879881858826, 0.32435816526412964, 0.3165830969810486, 0.31567347049713135, 0.31499606370925903, 0.31884506344795227, 0.3120321035385132, 0.312335342168808, 0.3146243393421173, 0.3116447329521179, 0.3106284439563751, 0.30757492780685425, 0.3287927508354187, 0.3101455569267273, 0.30599445104599, 0.30888888239860535, 0.30537235736846924, 0.3068005442619324, 0.30373549461364746, 0.31877702474594116, 0.30446726083755493, 0.3028819262981415, 0.3017718195915222, 0.3017837703227997, 0.3005651831626892, 0.3042656481266022, 0.2986767590045929, 0.29871025681495667, 0.29845085740089417, 0.29837530851364136, 0.30303698778152466, 0.30144003033638, 0.29769259691238403, 0.3032378554344177, 0.29677820205688477, 0.2968069314956665, 0.2950744330883026, 0.2974261939525604, 0.2926769256591797, 0.29129791259765625, 0.2902262210845947, 0.29490524530410767, 0.30244648456573486, 0.2913263142108917, 0.29054898023605347, 0.2938474416732788, 0.2991058826446533, 0.2889808416366577, 0.29567232728004456, 0.28787440061569214, 0.2969273626804352, 0.28638455271720886, 0.2854623794555664, 0.28772586584091187, 0.28764578700065613, 0.28646963834762573, 0.29312431812286377, 0.2919267416000366, 0.28457075357437134, 0.2825806140899658, 0.2830655872821808, 0.2820732593536377, 0.2827397584915161, 0.285380095243454, 0.2849683165550232, 0.2870251536369324, 0.280525267124176, 0.27972665429115295, 0.2788950204849243, 0.2794095575809479, 0.2838713228702545, 0.27338162064552307, 0.27603578567504883, 0.2750222086906433, 0.28994160890579224, 0.27064594626426697, 0.27219533920288086, 0.27052679657936096, 0.27131104469299316, 0.26981112360954285, 0.2684008479118347, 0.2754494547843933, 0.2831977605819702, 0.26934653520584106, 0.26866403222084045, 0.26915842294692993, 0.27003148198127747, 0.2793351113796234, 0.28623253107070923, 0.26921117305755615, 0.2789097726345062, 0.26657119393348694, 0.26718708872795105, 0.2793111503124237, 0.27781665325164795, 0.30663809180259705, 0.2718861699104309, 0.2662506699562073, 0.2670288383960724, 0.2706567943096161, 0.2650321125984192, 0.26486867666244507, 0.26475080847740173, 0.2643854022026062, 0.27776995301246643, 0.2645261287689209, 0.2741449177265167, 0.28007784485816956, 0.27154698967933655, 0.2745005488395691, 0.2638002336025238, 0.2642025053501129, 0.26366591453552246, 0.26816660165786743, 0.2627571225166321, 0.2605549395084381, 0.26151666045188904, 0.26140233874320984, 0.27110588550567627, 0.26285332441329956, 0.259126216173172, 0.26449233293533325, 0.26623913645744324, 0.2607506513595581, 0.2593095004558563, 0.2616218030452728, 0.2612588405609131, 0.26199355721473694, 0.2650052011013031, 0.25697624683380127, 0.2785579562187195, 0.2564273476600647, 0.25981324911117554, 0.26286080479621887, 0.2574249804019928, 0.2598300874233246, 0.25792843103408813, 0.25769704580307007, 0.29379841685295105, 0.2569272816181183, 0.2560715973377228, 0.25567206740379333, 0.25517889857292175, 0.25520235300064087, 0.2540440559387207, 0.2566618323326111, 0.25431057810783386, 0.2543179392814636, 0.2543365955352783, 0.2545178532600403, 0.2545434832572937, 0.2552686333656311, 0.2574149966239929, 0.25347593426704407, 0.25143128633499146, 0.253412663936615, 0.2531445026397705, 0.25221800804138184, 0.25248295068740845, 0.2722625136375427, 0.2593577802181244, 0.249922975897789, 0.24960041046142578, 0.2534888982772827, 0.2505718171596527, 0.25106358528137207, 0.2524097263813019, 0.25098568201065063, 0.2516025900840759, 0.2553420066833496, 0.2516392767429352, 0.25141289830207825, 0.25571680068969727, 0.25085967779159546, 0.25104591250419617, 0.24961303174495697, 0.24871307611465454, 0.2542310953140259, 0.24913185834884644, 0.2514002025127411, 0.2575024962425232, 0.2507440745830536, 0.24828025698661804, 0.2488481104373932, 0.24689516425132751, 0.2497144341468811, 0.24632392823696136, 0.24591124057769775, 0.246933251619339, 0.2472151815891266, 0.24933230876922607, 0.2705872058868408, 0.24619662761688232, 0.24583706259727478, 0.24647101759910583, 0.2479826807975769, 0.2488434761762619, 0.2519407868385315, 0.2435561716556549, 0.2541055679321289, 0.24317686259746552, 0.24401959776878357, 0.2563903331756592, 0.2545453906059265, 0.24280880391597748, 0.24540525674819946, 0.2448805272579193, 0.2475968301296234, 0.25233539938926697, 0.24439163506031036, 0.2430083453655243, 0.24501827359199524, 0.24447354674339294, 0.24345245957374573, 0.25964704155921936, 0.2451198250055313, 0.24545255303382874, 0.2465074211359024, 0.24946293234825134, 0.2505358159542084, 0.2510624825954437, 0.24401195347309113, 0.24277907609939575, 0.24714617431163788, 0.24214838445186615, 0.24195118248462677, 0.24187293648719788, 0.2445574253797531, 0.24155312776565552, 0.24418824911117554]",16.0,"[33.0, 33.0, 33.0, 33.0, 33.0, 33.0, 33.0, 33.0, 33.0, 33.0, 33.0, 33.0, 33.0, 33.0, 33.0, 33.0, 33.0, 33.0, 33.0, 33.0, 33.0, 33.0, 33.0, 33.0, 33.0, 33.0, 33.0, 33.0, 33.0, 33.0, 33.0, 33.0, 33.0, 33.0, 33.0, 33.0, 33.0, 33.0, 33.0, 33.0, 33.0, 33.0, 33.0, 33.0, 33.0, 33.0, 33.0, 33.0, 33.0, 33.0, 33.0, 33.0, 33.0, 33.0, 33.0, 33.0, 33.0, 33.0, 33.0, 33.0, 33.0, 33.0, 33.0, 33.0, 33.0, 33.0, 33.0, 33.0, 33.0, 33.0, 33.0, 33.0, 33.0, 33.0, 33.0, 33.0, 33.0, 33.0, 33.0, 33.0, 33.0, 33.0, 33.0, 33.0, 33.0, 33.0, 33.0, 33.0, 33.0, 33.0, 33.0, 33.0, 33.0, 33.0, 33.0, 33.0, 33.0, 33.0, 33.0, 33.0, 33.0, 33.0, 33.0, 33.0, 33.0, 33.0, 33.0, 33.0, 33.0, 33.0, 33.0, 33.0, 33.0, 33.0, 33.0, 33.0, 33.0, 33.0, 33.0, 33.0, 33.0, 33.0, 33.0, 33.0, 33.0, 33.0, 33.0, 33.0, 33.0, 33.0, 33.0, 33.0, 33.0, 33.0, 33.0, 33.0, 33.0, 33.0, 33.0, 33.0, 33.0, 33.0, 33.0, 33.0, 33.0, 33.0, 33.0, 33.0, 33.0, 33.0, 33.0, 33.0, 33.0, 33.0, 33.0, 33.0, 33.0, 33.0, 33.0, 33.0, 33.0, 33.0, 33.0, 33.0, 33.0, 33.0, 33.0, 33.0, 33.0, 33.0, 33.0, 33.0, 33.0, 33.0, 33.0, 33.0, 33.0, 33.0, 33.0, 33.0, 33.0, 33.0, 33.0, 33.0, 33.0, 33.0, 33.0, 33.0, 33.0, 33.0, 33.0, 33.0, 33.0, 32.0, 32.0, 32.0, 31.0, 28.0, 28.0, 28.0, 25.0, 24.0, 24.0, 24.0, 22.0, 22.0, 22.0, 21.0, 21.0, 21.0, 21.0, 21.0, 21.0, 20.0, 20.0, 20.0, 20.0, 19.0, 19.0, 19.0, 19.0, 19.0, 19.0, 19.0, 19.0, 19.0, 19.0, 19.0, 19.0, 19.0, 19.0, 19.0, 19.0, 19.0, 19.0, 19.0, 19.0, 19.0, 19.0, 19.0, 18.0, 18.0, 18.0, 18.0, 18.0, 18.0, 18.0, 18.0, 18.0, 18.0, 18.0, 18.0, 18.0, 18.0, 18.0, 18.0, 18.0, 18.0, 18.0, 18.0, 18.0, 18.0, 18.0, 18.0, 18.0, 18.0, 18.0, 18.0, 18.0, 18.0, 18.0, 18.0, 17.0, 17.0, 17.0, 17.0, 17.0, 17.0, 17.0, 17.0, 17.0, 17.0, 17.0, 17.0, 17.0, 17.0, 17.0, 17.0, 17.0, 17.0, 17.0, 17.0, 17.0, 17.0, 17.0, 17.0, 17.0, 17.0, 17.0, 17.0, 17.0, 17.0, 17.0, 17.0, 17.0, 17.0, 17.0, 17.0, 17.0, 17.0, 17.0, 17.0, 17.0, 17.0, 17.0, 17.0, 17.0, 17.0, 17.0, 17.0, 17.0, 17.0, 17.0, 17.0, 17.0, 17.0, 17.0, 17.0, 17.0, 17.0, 17.0, 17.0, 16.0, 16.0, 16.0, 16.0, 16.0, 16.0, 16.0, 16.0, 16.0, 16.0, 16.0, 16.0, 16.0, 16.0, 16.0, 16.0, 16.0, 16.0, 16.0, 16.0, 16.0, 16.0, 16.0, 16.0, 16.0, 16.0, 16.0, 16.0]",COMPLETE
