,number,value,datetime_start,datetime_complete,duration,params_batch_size_scaler,params_constant_learning_rate,params_depth,params_epochs,params_kernel_l2,params_num_trees,params_temperature,user_attrs_accuracy_test,user_attrs_accuracy_valid,user_attrs_approximate_feature_sparsity,user_attrs_approximate_feature_sparsity_history,user_attrs_approximate_weight_sparsity,user_attrs_approximate_weight_sparsity_history,user_attrs_auc_test,user_attrs_auc_valid,user_attrs_feature_sparsity,user_attrs_feature_sparsity_history,user_attrs_num_epochs,user_attrs_val_loss_history,user_attrs_weight_sparsity,user_attrs_weight_sparsity_history,state
108,108,0.9192461774291196,2024-08-31 04:48:38.376099,2024-08-31 04:49:44.056971,0 days 00:01:05.680872,4,0.07647351423450796,1,480,0.0026518328793020325,94,0.004289404367164464,0.932,0.92875,33,"[33, 33, 33, 33, 33, 33, 33, 33, 33, 33, 33, 33, 33, 33, 33, 33, 33, 33, 33, 33, 33, 33, 33, 33, 33, 33, 33, 33, 33, 33, 33, 33, 33, 33, 33, 33, 33, 33, 33, 33, 33, 33, 33, 33, 33, 33, 33, 33, 33, 33, 33, 33, 33, 33, 33, 33, 33, 33, 33, 33, 33, 33, 33, 33, 33, 33, 33, 33, 33, 33, 33, 33, 33, 33, 33, 33, 33, 33, 33, 33, 33, 33, 33, 33, 33, 33, 33, 33, 33, 33, 33, 33, 33, 33, 33, 33, 33, 33, 33, 33, 33, 33, 33, 33, 33, 33, 33, 33, 33, 33, 33, 33, 33, 33, 33, 33, 33, 33, 33, 33, 33, 33, 33, 33, 33, 33, 33, 33, 33, 33, 33, 33, 33, 33, 33, 33, 33, 33, 33, 33, 33, 33, 33, 33, 33, 33, 33, 33, 33, 33, 33, 33, 33, 33, 33, 33, 33, 33, 33, 33, 33, 33, 33, 33, 33, 33, 33, 33, 33, 33, 33, 33, 33, 33, 33, 33, 33, 33, 33, 33, 33, 33, 33, 33, 33, 33, 33, 33, 33, 33, 33, 33, 33, 33, 33, 33, 33, 33, 33, 33, 33, 33, 33, 33, 33, 33, 33, 33, 33, 33, 33, 33, 33, 33, 33, 33, 33, 33, 33, 33, 33, 33, 33, 33, 33, 33, 33, 33, 33, 33, 33, 33, 33, 33, 33, 33, 33, 33, 33, 33, 33, 33, 33, 33, 33, 33, 33, 33, 33, 33, 33, 33, 33, 33, 33, 33, 33, 33, 33, 33, 33, 33, 33, 33, 33, 33, 33, 33, 33, 33, 33, 33, 33, 33, 33, 33, 33, 33, 33, 33, 33, 33, 33, 33, 33, 33, 33, 33, 33, 33, 33, 33, 33, 33, 33, 33, 33, 33, 33, 33, 33, 33, 33, 33, 33, 33, 33, 33, 33, 33, 33, 33, 33, 33, 33, 33, 33, 33, 33, 33, 33, 33, 33, 33, 33, 33, 33, 33, 33, 33, 33, 33, 33, 33, 33, 33, 33, 33, 33, 33, 33, 33, 33, 33, 33, 33, 33, 33, 33, 33, 33, 33, 33, 33, 33, 33, 33, 33, 33, 33, 33, 33, 33, 33, 33, 33, 33, 33, 33, 33, 33, 33, 33, 33, 33, 33, 33, 33, 33, 33, 33, 33, 33, 33, 33, 33, 33, 33, 33, 33, 33, 33, 33, 33, 33, 33, 33, 33, 33, 33, 33, 33, 33, 33, 33, 33, 33, 33, 33, 33, 33, 33, 33, 33, 33, 33, 33, 33, 33, 33, 33, 33, 33, 33, 33, 33, 33, 33, 33, 33, 33, 33, 33, 33, 33, 33, 33, 33, 33, 33, 33, 33, 33, 33, 33, 33, 33, 33, 33, 33, 33, 33, 33, 33, 33, 33, 33, 33, 33, 33, 33, 33, 33, 33, 33, 33, 33, 33, 33, 33, 33, 33, 33, 33, 33, 33, 33, 33, 33, 33]",32.97872340425532,"[32.97872340425532, 33.0, 33.0, 33.0, 33.0, 32.98936170212766, 33.0, 33.0, 32.97872340425532, 33.0, 33.0, 33.0, 33.0, 33.0, 32.97872340425532, 33.0, 33.0, 32.98936170212766, 32.96808510638298, 32.97872340425532, 32.98936170212766, 32.97872340425532, 32.98936170212766, 33.0, 33.0, 33.0, 32.98936170212766, 33.0, 32.98936170212766, 32.97872340425532, 32.96808510638298, 32.97872340425532, 32.97872340425532, 32.98936170212766, 32.9468085106383, 32.97872340425532, 32.97872340425532, 32.98936170212766, 32.96808510638298, 32.97872340425532, 32.96808510638298, 32.98936170212766, 32.98936170212766, 33.0, 33.0, 32.98936170212766, 32.97872340425532, 32.98936170212766, 32.98936170212766, 32.97872340425532, 32.97872340425532, 33.0, 32.96808510638298, 32.96808510638298, 32.98936170212766, 32.98936170212766, 33.0, 32.98936170212766, 32.98936170212766, 33.0, 33.0, 33.0, 33.0, 32.98936170212766, 33.0, 33.0, 33.0, 33.0, 33.0, 33.0, 32.98936170212766, 32.97872340425532, 33.0, 32.97872340425532, 32.97872340425532, 32.98936170212766, 32.98936170212766, 32.97872340425532, 33.0, 33.0, 33.0, 33.0, 32.98936170212766, 32.98936170212766, 33.0, 33.0, 33.0, 32.97872340425532, 32.97872340425532, 32.97872340425532, 32.96808510638298, 32.97872340425532, 32.98936170212766, 32.97872340425532, 32.98936170212766, 32.97872340425532, 32.96808510638298, 32.98936170212766, 32.96808510638298, 32.95744680851064, 32.97872340425532, 32.96808510638298, 32.96808510638298, 32.96808510638298, 32.97872340425532, 32.96808510638298, 32.97872340425532, 32.97872340425532, 32.96808510638298, 32.98936170212766, 32.98936170212766, 32.98936170212766, 32.97872340425532, 32.98936170212766, 32.98936170212766, 32.98936170212766, 32.98936170212766, 32.95744680851064, 32.98936170212766, 32.96808510638298, 32.97872340425532, 32.98936170212766, 33.0, 32.98936170212766, 33.0, 32.97872340425532, 32.97872340425532, 32.97872340425532, 32.98936170212766, 32.97872340425532, 33.0, 32.96808510638298, 32.97872340425532, 32.96808510638298, 32.97872340425532, 33.0, 32.98936170212766, 33.0, 32.98936170212766, 32.95744680851064, 32.98936170212766, 32.98936170212766, 33.0, 32.98936170212766, 32.97872340425532, 32.97872340425532, 32.97872340425532, 32.98936170212766, 32.98936170212766, 32.98936170212766, 32.98936170212766, 32.98936170212766, 33.0, 32.98936170212766, 32.98936170212766, 32.98936170212766, 33.0, 32.98936170212766, 33.0, 33.0, 33.0, 33.0, 33.0, 33.0, 32.98936170212766, 32.98936170212766, 32.97872340425532, 32.98936170212766, 32.96808510638298, 32.96808510638298, 32.96808510638298, 32.97872340425532, 33.0, 33.0, 32.98936170212766, 33.0, 33.0, 32.98936170212766, 32.98936170212766, 32.98936170212766, 33.0, 33.0, 33.0, 33.0, 32.98936170212766, 33.0, 32.97872340425532, 33.0, 33.0, 32.98936170212766, 32.98936170212766, 32.98936170212766, 32.98936170212766, 32.97872340425532, 32.98936170212766, 32.96808510638298, 32.98936170212766, 32.98936170212766, 32.97872340425532, 32.98936170212766, 32.98936170212766, 32.97872340425532, 33.0, 32.98936170212766, 33.0, 32.97872340425532, 33.0, 33.0, 33.0, 33.0, 33.0, 33.0, 33.0, 32.97872340425532, 33.0, 32.98936170212766, 32.98936170212766, 32.97872340425532, 32.98936170212766, 32.96808510638298, 32.98936170212766, 33.0, 32.97872340425532, 33.0, 32.98936170212766, 32.98936170212766, 33.0, 33.0, 32.98936170212766, 33.0, 33.0, 32.98936170212766, 32.97872340425532, 32.98936170212766, 33.0, 32.98936170212766, 32.98936170212766, 32.97872340425532, 32.98936170212766, 33.0, 32.98936170212766, 32.98936170212766, 33.0, 32.98936170212766, 33.0, 33.0, 33.0, 33.0, 32.98936170212766, 32.98936170212766, 33.0, 32.98936170212766, 33.0, 32.98936170212766, 32.98936170212766, 32.97872340425532, 32.98936170212766, 33.0, 33.0, 32.98936170212766, 33.0, 32.97872340425532, 33.0, 33.0, 33.0, 32.97872340425532, 32.97872340425532, 32.98936170212766, 32.98936170212766, 32.96808510638298, 32.97872340425532, 32.96808510638298, 32.96808510638298, 33.0, 32.98936170212766, 32.97872340425532, 32.98936170212766, 32.98936170212766, 32.98936170212766, 33.0, 32.97872340425532, 32.96808510638298, 32.98936170212766, 33.0, 33.0, 32.97872340425532, 32.97872340425532, 32.97872340425532, 32.98936170212766, 32.98936170212766, 33.0, 32.96808510638298, 32.98936170212766, 32.98936170212766, 32.96808510638298, 33.0, 32.95744680851064, 32.98936170212766, 32.98936170212766, 32.98936170212766, 33.0, 32.98936170212766, 32.98936170212766, 33.0, 32.98936170212766, 33.0, 33.0, 32.98936170212766, 32.97872340425532, 32.97872340425532, 32.98936170212766, 32.97872340425532, 32.9468085106383, 32.96808510638298, 32.96808510638298, 32.98936170212766, 33.0, 32.97872340425532, 32.97872340425532, 33.0, 32.98936170212766, 32.98936170212766, 32.96808510638298, 32.96808510638298, 32.98936170212766, 32.98936170212766, 33.0, 32.97872340425532, 32.97872340425532, 33.0, 32.98936170212766, 32.98936170212766, 32.97872340425532, 33.0, 33.0, 32.97872340425532, 32.98936170212766, 32.97872340425532, 32.97872340425532, 32.97872340425532, 32.98936170212766, 33.0, 33.0, 32.98936170212766, 33.0, 33.0, 32.97872340425532, 33.0, 32.98936170212766, 32.98936170212766, 32.98936170212766, 32.98936170212766, 33.0, 33.0, 33.0, 32.97872340425532, 32.97872340425532, 32.98936170212766, 32.97872340425532, 33.0, 33.0, 32.98936170212766, 33.0, 32.96808510638298, 33.0, 32.96808510638298, 32.98936170212766, 32.97872340425532, 33.0, 32.98936170212766, 32.96808510638298, 32.98936170212766, 33.0, 32.98936170212766, 33.0, 32.95744680851064, 32.98936170212766, 33.0, 32.95744680851064, 32.97872340425532, 33.0, 32.95744680851064, 32.97872340425532, 33.0, 32.98936170212766, 32.97872340425532, 32.98936170212766, 32.96808510638298, 32.97872340425532, 32.95744680851064, 32.95744680851064, 32.97872340425532, 32.95744680851064, 32.95744680851064, 32.97872340425532, 32.97872340425532, 32.97872340425532, 33.0, 33.0, 32.98936170212766, 32.98936170212766, 32.96808510638298, 32.98936170212766, 33.0, 33.0, 33.0, 32.98936170212766, 32.98936170212766, 33.0, 33.0, 32.98936170212766, 33.0, 33.0, 32.97872340425532, 33.0, 32.96808510638298, 32.97872340425532, 32.95744680851064, 32.96808510638298, 32.95744680851064, 32.96808510638298, 32.95744680851064, 32.9468085106383, 32.95744680851064, 32.95744680851064, 32.96808510638298, 32.97872340425532, 32.9468085106383, 32.98936170212766, 33.0, 32.97872340425532, 32.98936170212766, 32.97872340425532, 32.98936170212766, 32.98936170212766, 32.96808510638298, 32.98936170212766, 32.95744680851064, 33.0, 32.97872340425532, 33.0, 33.0, 33.0, 32.98936170212766, 33.0, 33.0, 33.0, 32.98936170212766, 32.97872340425532, 32.98936170212766, 32.97872340425532, 32.98936170212766, 33.0, 32.98936170212766, 33.0, 33.0, 33.0, 32.98936170212766, 32.98936170212766, 32.98936170212766, 32.98936170212766, 32.98936170212766, 32.96808510638298, 32.98936170212766, 32.97872340425532, 32.98936170212766, 32.98936170212766, 33.0, 32.98936170212766, 33.0, 33.0, 32.98936170212766, 32.97872340425532, 32.97872340425532, 32.97872340425532, 32.96808510638298, 32.97872340425532, 32.97872340425532, 32.97872340425532, 32.97872340425532]",0.9187328164862656,0.9192461774291196,33,"[33, 33, 33, 33, 33, 33, 33, 33, 33, 33, 33, 33, 33, 33, 33, 33, 33, 33, 33, 33, 33, 33, 33, 33, 33, 33, 33, 33, 33, 33, 33, 33, 33, 33, 33, 33, 33, 33, 33, 33, 33, 33, 33, 33, 33, 33, 33, 33, 33, 33, 33, 33, 33, 33, 33, 33, 33, 33, 33, 33, 33, 33, 33, 33, 33, 33, 33, 33, 33, 33, 33, 33, 33, 33, 33, 33, 33, 33, 33, 33, 33, 33, 33, 33, 33, 33, 33, 33, 33, 33, 33, 33, 33, 33, 33, 33, 33, 33, 33, 33, 33, 33, 33, 33, 33, 33, 33, 33, 33, 33, 33, 33, 33, 33, 33, 33, 33, 33, 33, 33, 33, 33, 33, 33, 33, 33, 33, 33, 33, 33, 33, 33, 33, 33, 33, 33, 33, 33, 33, 33, 33, 33, 33, 33, 33, 33, 33, 33, 33, 33, 33, 33, 33, 33, 33, 33, 33, 33, 33, 33, 33, 33, 33, 33, 33, 33, 33, 33, 33, 33, 33, 33, 33, 33, 33, 33, 33, 33, 33, 33, 33, 33, 33, 33, 33, 33, 33, 33, 33, 33, 33, 33, 33, 33, 33, 33, 33, 33, 33, 33, 33, 33, 33, 33, 33, 33, 33, 33, 33, 33, 33, 33, 33, 33, 33, 33, 33, 33, 33, 33, 33, 33, 33, 33, 33, 33, 33, 33, 33, 33, 33, 33, 33, 33, 33, 33, 33, 33, 33, 33, 33, 33, 33, 33, 33, 33, 33, 33, 33, 33, 33, 33, 33, 33, 33, 33, 33, 33, 33, 33, 33, 33, 33, 33, 33, 33, 33, 33, 33, 33, 33, 33, 33, 33, 33, 33, 33, 33, 33, 33, 33, 33, 33, 33, 33, 33, 33, 33, 33, 33, 33, 33, 33, 33, 33, 33, 33, 33, 33, 33, 33, 33, 33, 33, 33, 33, 33, 33, 33, 33, 33, 33, 33, 33, 33, 33, 33, 33, 33, 33, 33, 33, 33, 33, 33, 33, 33, 33, 33, 33, 33, 33, 33, 33, 33, 33, 33, 33, 33, 33, 33, 33, 33, 33, 33, 33, 33, 33, 33, 33, 33, 33, 33, 33, 33, 33, 33, 33, 33, 33, 33, 33, 33, 33, 33, 33, 33, 33, 33, 33, 33, 33, 33, 33, 33, 33, 33, 33, 33, 33, 33, 33, 33, 33, 33, 33, 33, 33, 33, 33, 33, 33, 33, 33, 33, 33, 33, 33, 33, 33, 33, 33, 33, 33, 33, 33, 33, 33, 33, 33, 33, 33, 33, 33, 33, 33, 33, 33, 33, 33, 33, 33, 33, 33, 33, 33, 33, 33, 33, 33, 33, 33, 33, 33, 33, 33, 33, 33, 33, 33, 33, 33, 33, 33, 33, 33, 33, 33, 33, 33, 33, 33, 33, 33, 33, 33, 33, 33, 33, 33, 33, 33, 33, 33, 33, 33, 33, 33, 33, 33, 33, 33, 33, 33, 33, 33, 33, 33, 33, 33]",480,"[0.3843470513820648, 0.3856543302536011, 0.3693256378173828, 0.365461528301239, 0.3626258075237274, 0.3626976013183594, 0.3553951382637024, 0.35646507143974304, 0.35100144147872925, 0.3469488024711609, 0.34513577818870544, 0.3436155319213867, 0.3396851420402527, 0.3398337662220001, 0.33959999680519104, 0.3328573703765869, 0.3330259621143341, 0.32960882782936096, 0.33140575885772705, 0.3299538493156433, 0.32587137818336487, 0.3298313617706299, 0.3225996792316437, 0.32708290219306946, 0.3372850716114044, 0.3212192952632904, 0.32753986120224, 0.3168414831161499, 0.31630656123161316, 0.3175106346607208, 0.314725786447525, 0.3145999610424042, 0.3375534117221832, 0.31267499923706055, 0.32238295674324036, 0.31218984723091125, 0.3202100992202759, 0.3109387457370758, 0.3132408559322357, 0.3141574561595917, 0.3099205493927002, 0.30838286876678467, 0.3080829381942749, 0.3062549829483032, 0.30643031001091003, 0.3126160502433777, 0.3108125329017639, 0.30821898579597473, 0.3251132071018219, 0.3098836839199066, 0.31205272674560547, 0.30105826258659363, 0.3005601763725281, 0.30114150047302246, 0.31065917015075684, 0.29788094758987427, 0.30276286602020264, 0.2959541380405426, 0.3153046667575836, 0.29981234669685364, 0.2920472323894501, 0.3006286919116974, 0.2956308424472809, 0.28577354550361633, 0.28371956944465637, 0.2830687463283539, 0.28067970275878906, 0.2805304527282715, 0.27466824650764465, 0.273956835269928, 0.2698129415512085, 0.2738878130912781, 0.26478973031044006, 0.2650153338909149, 0.26262572407722473, 0.26892560720443726, 0.2565731704235077, 0.255522221326828, 0.2529348134994507, 0.254133015871048, 0.25905710458755493, 0.2465488314628601, 0.24968008697032928, 0.2507786452770233, 0.24346615374088287, 0.24084295332431793, 0.23941031098365784, 0.23855815827846527, 0.23648834228515625, 0.23926934599876404, 0.2358100563287735, 0.23326532542705536, 0.23319107294082642, 0.23076725006103516, 0.23070457577705383, 0.22980085015296936, 0.2307937741279602, 0.25099167227745056, 0.22882123291492462, 0.23872289061546326, 0.22973257303237915, 0.22611209750175476, 0.22530536353588104, 0.22862690687179565, 0.23004792630672455, 0.2232363075017929, 0.22360172867774963, 0.23244427144527435, 0.22269700467586517, 0.22461318969726562, 0.22101959586143494, 0.22706761956214905, 0.2242516726255417, 0.22049027681350708, 0.22127410769462585, 0.2201409786939621, 0.2202761322259903, 0.21735632419586182, 0.2181231528520584, 0.2221986949443817, 0.21762995421886444, 0.2161342054605484, 0.22734369337558746, 0.21788997948169708, 0.2192094922065735, 0.2284630537033081, 0.21533836424350739, 0.2167002260684967, 0.22040468454360962, 0.21413160860538483, 0.21455949544906616, 0.218894362449646, 0.22759446501731873, 0.21310174465179443, 0.21225003898143768, 0.21483394503593445, 0.2201855331659317, 0.2118811011314392, 0.2119881808757782, 0.21285395324230194, 0.2251882553100586, 0.2106630951166153, 0.21349209547042847, 0.20978626608848572, 0.20968258380889893, 0.20950765907764435, 0.21063144505023956, 0.230404794216156, 0.21011018753051758, 0.21846163272857666, 0.20906227827072144, 0.20604462921619415, 0.2081814557313919, 0.21214470267295837, 0.20768330991268158, 0.20699410140514374, 0.20699907839298248, 0.20767252147197723, 0.20653840899467468, 0.20955084264278412, 0.21743951737880707, 0.20576974749565125, 0.20427927374839783, 0.21141809225082397, 0.2126353681087494, 0.20347698032855988, 0.20242191851139069, 0.20332254469394684, 0.20543737709522247, 0.20551738142967224, 0.21704182028770447, 0.2045873999595642, 0.2020495980978012, 0.20366577804088593, 0.20869439840316772, 0.20144809782505035, 0.21831545233726501, 0.20033666491508484, 0.20587968826293945, 0.19933098554611206, 0.20277175307273865, 0.20483927428722382, 0.20170551538467407, 0.2007191777229309, 0.20165544748306274, 0.19934803247451782, 0.20236504077911377, 0.2025887817144394, 0.19899225234985352, 0.1978018432855606, 0.20072703063488007, 0.19935663044452667, 0.19718211889266968, 0.20277458429336548, 0.20919261872768402, 0.20020891726016998, 0.19721686840057373, 0.20545408129692078, 0.19761539995670319, 0.20084501802921295, 0.20071464776992798, 0.19588498771190643, 0.2297566533088684, 0.19943982362747192, 0.19921459257602692, 0.1965448558330536, 0.19497577846050262, 0.1966726928949356, 0.19862455129623413, 0.1965937465429306, 0.19903729856014252, 0.19538061320781708, 0.19456715881824493, 0.19373023509979248, 0.19417186081409454, 0.19430650770664215, 0.1948220282793045, 0.1954076886177063, 0.19503650069236755, 0.2013523131608963, 0.20942573249340057, 0.1953662484884262, 0.19269520044326782, 0.20138269662857056, 0.19490548968315125, 0.1995704025030136, 0.1928873211145401, 0.19749879837036133, 0.19658595323562622, 0.19368180632591248, 0.19485893845558167, 0.21418960392475128, 0.19146586954593658, 0.19403928518295288, 0.19401094317436218, 0.20285682380199432, 0.19577378034591675, 0.19374233484268188, 0.1909802407026291, 0.19243377447128296, 0.19357402622699738, 0.19382749497890472, 0.1923694610595703, 0.19224518537521362, 0.19530576467514038, 0.1919645518064499, 0.19108785688877106, 0.19524115324020386, 0.1947217881679535, 0.19324404001235962, 0.19405120611190796, 0.19590339064598083, 0.19374865293502808, 0.19428826868534088, 0.1936432272195816, 0.19513703882694244, 0.19640804827213287, 0.19725626707077026, 0.19310809671878815, 0.19455794990062714, 0.1915440708398819, 0.19181756675243378, 0.1935431808233261, 0.19212652742862701, 0.19271841645240784, 0.19479091465473175, 0.1928056925535202, 0.19192203879356384, 0.19344274699687958, 0.20044395327568054, 0.1934812366962433, 0.20697948336601257, 0.19373087584972382, 0.190977081656456, 0.19682234525680542, 0.19463758170604706, 0.19208158552646637, 0.19168449938297272, 0.194457545876503, 0.19557532668113708, 0.1940181851387024, 0.1957985758781433, 0.1932363063097, 0.19246143102645874, 0.1917232722043991, 0.20070400834083557, 0.19544534385204315, 0.1945963352918625, 0.19489610195159912, 0.19580413401126862, 0.19382406771183014, 0.19557493925094604, 0.1937047392129898, 0.19479866325855255, 0.20474499464035034, 0.19169363379478455, 0.19316810369491577, 0.19443470239639282, 0.19897228479385376, 0.1965930312871933, 0.19623735547065735, 0.198006272315979, 0.1989763081073761, 0.19560855627059937, 0.19564738869667053, 0.1945638656616211, 0.19314409792423248, 0.19316259026527405, 0.19538597762584686, 0.19317853450775146, 0.19509831070899963, 0.19452954828739166, 0.19481514394283295, 0.20688676834106445, 0.19672802090644836, 0.19925490021705627, 0.19906717538833618, 0.20164567232131958, 0.20480051636695862, 0.20921312272548676, 0.20041750371456146, 0.19728070497512817, 0.20371197164058685, 0.2004690021276474, 0.19494861364364624, 0.20356152951717377, 0.1999492049217224, 0.2002570778131485, 0.2010728269815445, 0.1969314068555832, 0.2012515813112259, 0.19732940196990967, 0.19598060846328735, 0.19931764900684357, 0.19737011194229126, 0.21334129571914673, 0.19769035279750824, 0.20572586357593536, 0.1965305209159851, 0.1973746120929718, 0.19771744310855865, 0.20296728610992432, 0.19714465737342834, 0.19630929827690125, 0.20146021246910095, 0.19759884476661682, 0.20678424835205078, 0.199172705411911, 0.20111002027988434, 0.20257747173309326, 0.19816084206104279, 0.20268011093139648, 0.20051904022693634, 0.20848459005355835, 0.19796405732631683, 0.20440717041492462, 0.19908298552036285, 0.20155839622020721, 0.20373401045799255, 0.19837957620620728, 0.20028477907180786, 0.19845068454742432, 0.22297437489032745, 0.1991102397441864, 0.20508766174316406, 0.20429636538028717, 0.20042434334754944, 0.20017553865909576, 0.21418122947216034, 0.20727171003818512, 0.20648351311683655, 0.2034544050693512, 0.19980797171592712, 0.20056603848934174, 0.1988377720117569, 0.2102154791355133, 0.2046515792608261, 0.20528021454811096, 0.2016296237707138, 0.20380981266498566, 0.20171892642974854, 0.20644213259220123, 0.20808231830596924, 0.20893330872058868, 0.20384784042835236, 0.2098097950220108, 0.20319728553295135, 0.20087666809558868, 0.20288822054862976, 0.20858459174633026, 0.21024365723133087, 0.20286506414413452, 0.2075219303369522, 0.2103751003742218, 0.2022753655910492, 0.20202632248401642, 0.20592142641544342, 0.20514847338199615, 0.21013042330741882, 0.2107166051864624, 0.20301450788974762, 0.20519576966762543, 0.20356690883636475, 0.20716457068920135, 0.20890016853809357, 0.20388160645961761, 0.2062205821275711, 0.20788200199604034, 0.2035159170627594, 0.20891468226909637, 0.21355551481246948, 0.2072983682155609, 0.2126128375530243, 0.21723605692386627, 0.20686407387256622, 0.2145000398159027, 0.20711179077625275, 0.20430251955986023, 0.20651128888130188, 0.21286016702651978, 0.21433566510677338, 0.21024008095264435, 0.2090892791748047, 0.21338456869125366, 0.20595262944698334, 0.2095601111650467, 0.20864181220531464, 0.20893119275569916, 0.20905393362045288, 0.21604837477207184, 0.22672714293003082, 0.21327859163284302, 0.20816491544246674, 0.2100711464881897, 0.2088707685470581, 0.2266518771648407, 0.2091914564371109, 0.2113107293844223, 0.21684855222702026, 0.2135152816772461, 0.21321049332618713, 0.20832662284374237, 0.2219279408454895, 0.2116248905658722, 0.20811748504638672, 0.2261793464422226, 0.209824338555336, 0.21418781578540802, 0.2112238109111786, 0.2133362591266632, 0.2123633176088333, 0.20918552577495575, 0.2105315774679184, 0.2099979817867279, 0.213894784450531, 0.2137102633714676, 0.21774597465991974, 0.21170328557491302, 0.2137284278869629, 0.22454822063446045, 0.2105209231376648, 0.2116336226463318, 0.21194913983345032, 0.213250994682312, 0.22082003951072693, 0.2136903703212738, 0.20985282957553864, 0.22060586512088776, 0.2187473326921463, 0.21501754224300385, 0.22584813833236694, 0.21265873312950134, 0.21491658687591553, 0.21216516196727753, 0.2243194431066513, 0.2308720201253891, 0.2155407965183258, 0.22058771550655365, 0.21455048024654388, 0.22670896351337433]",33.0,"[33.0, 33.0, 33.0, 33.0, 33.0, 33.0, 33.0, 33.0, 33.0, 33.0, 33.0, 33.0, 33.0, 33.0, 33.0, 33.0, 33.0, 33.0, 33.0, 33.0, 33.0, 33.0, 33.0, 33.0, 33.0, 33.0, 33.0, 33.0, 33.0, 33.0, 33.0, 33.0, 33.0, 33.0, 33.0, 33.0, 33.0, 33.0, 33.0