,number,value,datetime_start,datetime_complete,duration,params_batch_size_scaler,params_constant_learning_rate,params_depth,params_epochs,params_kernel_l2,params_num_trees,params_temperature,user_attrs_accuracy_test,user_attrs_accuracy_valid,user_attrs_approximate_feature_sparsity,user_attrs_approximate_feature_sparsity_history,user_attrs_approximate_weight_sparsity,user_attrs_approximate_weight_sparsity_history,user_attrs_auc_test,user_attrs_auc_valid,user_attrs_feature_sparsity,user_attrs_feature_sparsity_history,user_attrs_num_epochs,user_attrs_val_loss_history,user_attrs_weight_sparsity,user_attrs_weight_sparsity_history,state
162,162,0.5,2024-08-31 07:23:37.904191,2024-08-31 07:26:49.110283,0 days 00:03:11.206092,1,3.578185445802622,3,290,0.10905754178699831,85,0.02325520804492304,0.859,0.85875,0,"[0, 0, 0, 0, 0, 0, 0, 0, 0, 0, 0, 0, 0, 0, 0, 0, 0, 0, 0, 0, 0, 0, 0, 0, 0, 0, 0, 0, 0, 0, 0, 0, 0, 0, 0, 0, 0, 0, 0, 0, 0, 0, 0, 0, 0, 0, 0, 0, 0, 0, 0, 0, 0, 0, 0, 0, 0, 0, 0, 0, 0, 0, 0, 0, 0, 0, 0, 0, 0, 0, 0, 0, 0, 0, 0, 0, 0, 0, 0, 0, 0, 0, 0, 0, 0, 0, 0, 0, 0, 0, 0, 0, 0, 0, 0, 0, 0, 0, 0, 0, 0, 0, 0, 0, 0, 0, 0, 0, 0, 0, 0, 0, 0, 0, 0, 0, 0, 0, 0, 0, 0, 0, 0, 0, 0, 0, 0, 0, 0, 0, 0, 0, 0, 0, 0, 0, 0, 0, 0, 0, 0, 0, 0, 0, 0, 0, 0, 0, 0, 0, 0, 0, 0, 0, 0, 0, 0, 0, 0, 0, 0, 0, 0, 0, 0, 0, 0, 0, 0, 0, 0, 0, 0, 0, 0, 0, 0, 0, 0, 0, 0, 0, 0, 0, 0, 0, 0, 0, 0, 0, 0, 0, 0, 0, 0, 0, 0, 0, 0, 0, 0, 0, 0, 0, 0, 0, 0, 0, 0, 0, 0, 0, 0, 0, 0, 0, 0, 0, 0, 0, 0, 0, 0, 0, 0, 0, 0, 0, 0, 0, 0, 0, 0, 0, 0, 0, 0, 0, 0, 0, 0, 0, 0, 0, 0, 0, 0, 0, 0, 0, 0, 0, 0, 0, 0, 0, 0, 0, 0, 0, 0, 0, 0, 0, 0, 0, 0, 0, 0, 0, 0, 0, 0, 0, 0, 0, 0, 0, 0, 0, 0, 0, 0, 0, 0, 0, 0, 0, 0, 0]",0.0,"[0.0, 0.0, 0.0, 0.0, 0.0, 0.0, 0.0, 0.0, 0.0, 0.0, 0.0, 0.0, 0.0, 0.0, 0.0, 0.0, 0.0, 0.0, 0.0, 0.0, 0.0, 0.0, 0.0, 0.0, 0.0, 0.0, 0.0, 0.0, 0.0, 0.0, 0.0, 0.0, 0.0, 0.0, 0.0, 0.0, 0.0, 0.0, 0.0, 0.0, 0.0, 0.0, 0.0, 0.0, 0.0, 0.0, 0.0, 0.0, 0.0, 0.0, 0.0, 0.0, 0.0, 0.0, 0.0, 0.0, 0.0, 0.0, 0.0, 0.0, 0.0, 0.0, 0.0, 0.0, 0.0, 0.0, 0.0, 0.0, 0.0, 0.0, 0.0, 0.0, 0.0, 0.0, 0.0, 0.0, 0.0, 0.0, 0.0, 0.0, 0.0, 0.0, 0.0, 0.0, 0.0, 0.0, 0.0, 0.0, 0.0, 0.0, 0.0, 0.0, 0.0, 0.0, 0.0, 0.0, 0.0, 0.0, 0.0, 0.0, 0.0, 0.0, 0.0, 0.0, 0.0, 0.0, 0.0, 0.0, 0.0, 0.0, 0.0, 0.0, 0.0, 0.0, 0.0, 0.0, 0.0, 0.0, 0.0, 0.0, 0.0, 0.0, 0.0, 0.0, 0.0, 0.0, 0.0, 0.0, 0.0, 0.0, 0.0, 0.0, 0.0, 0.0, 0.0, 0.0, 0.0, 0.0, 0.0, 0.0, 0.0, 0.0, 0.0, 0.0, 0.0, 0.0, 0.0, 0.0, 0.0, 0.0, 0.0, 0.0, 0.0, 0.0, 0.0, 0.0, 0.0, 0.0, 0.0, 0.0, 0.0, 0.0, 0.0, 0.0, 0.0, 0.0, 0.0, 0.0, 0.0, 0.0, 0.0, 0.0, 0.0, 0.0, 0.0, 0.0, 0.0, 0.0, 0.0, 0.0, 0.0, 0.0, 0.0, 0.0, 0.0, 0.0, 0.0, 0.0, 0.0, 0.0, 0.0, 0.0, 0.0, 0.0, 0.0, 0.0, 0.0, 0.0, 0.0, 0.0, 0.0, 0.0, 0.0, 0.0, 0.0, 0.0, 0.0, 0.0, 0.0, 0.0, 0.0, 0.0, 0.0, 0.0, 0.0, 0.0, 0.0, 0.0, 0.0, 0.0, 0.0, 0.0, 0.0, 0.0, 0.0, 0.0, 0.0, 0.0, 0.0, 0.0, 0.0, 0.0, 0.0, 0.0, 0.0, 0.0, 0.0, 0.0, 0.0, 0.0, 0.0, 0.0, 0.0, 0.0, 0.0, 0.0, 0.0, 0.0, 0.0, 0.0, 0.0, 0.0, 0.0, 0.0, 0.0, 0.0, 0.0, 0.0, 0.0, 0.0, 0.0, 0.0, 0.0, 0.0, 0.0, 0.0, 0.0, 0.0, 0.0, 0.0, 0.0, 0.0, 0.0, 0.0, 0.0, 0.0, 0.0, 0.0, 0.0, 0.0, 0.0, 0.0, 0.0, 0.0, 0.0, 0.0, 0.0, 0.0, 0.0, 0.0]",0.5,0.5,0,"[0, 0, 0, 0, 0, 0, 0, 0, 0, 0, 0, 0, 0, 0, 0, 0, 0, 0, 0, 0, 0, 0, 0, 0, 0, 0, 0, 0, 0, 0, 0, 0, 0, 0, 0, 0, 0, 0, 0, 0, 0, 0, 0, 0, 0, 0, 0, 0, 0, 0, 0, 0, 0, 0, 0, 0, 0, 0, 0, 0, 0, 0, 0, 0, 0, 0, 0, 0, 0, 0, 0, 0, 0, 0, 0, 0, 0, 0, 0, 0, 0, 0, 0, 0, 0, 0, 0, 0, 0, 0, 0, 0, 0, 0, 0, 0, 0, 0, 0, 0, 0, 0, 0, 0, 0, 0, 0, 0, 0, 0, 0, 0, 0, 0, 0, 0, 0, 0, 0, 0, 0, 0, 0, 0, 0, 0, 0, 0, 0, 0, 0, 0, 0, 0, 0, 0, 0, 0, 0, 0, 0, 0, 0, 0, 0, 0, 0, 0, 0, 0, 0, 0, 0, 0, 0, 0, 0, 0, 0, 0, 0, 0, 0, 0, 0, 0, 0, 0, 0, 0, 0, 0, 0, 0, 0, 0, 0, 0, 0, 0, 0, 0, 0, 0, 0, 0, 0, 0, 0, 0, 0, 0, 0, 0, 0, 0, 0, 0, 0, 0, 0, 0, 0, 0, 0, 0, 0, 0, 0, 0, 0, 0, 0, 0, 0, 0, 0, 0, 0, 0, 0, 0, 0, 0, 0, 0, 0, 0, 0, 0, 0, 0, 0, 0, 0, 0, 0, 0, 0, 0, 0, 0, 0, 0, 0, 0, 0, 0, 0, 0, 0, 0, 0, 0, 0, 0, 0, 0, 0, 0, 0, 0, 0, 0, 0, 0, 0, 0, 0, 0, 0, 0, 0, 0, 0, 0, 0, 0, 0, 0, 0, 0, 0, 0, 0, 0, 0, 0, 0, 0]",290,"[0.6644963026046753, 1.5582034587860107, 2.113481044769287, 1.331825613975525, 0.599979817867279, 1.687889575958252, 7.954373836517334, 2.3503382205963135, 3.1806223392486572, 8.954326629638672, 7.187631607055664, 9.285655975341797, 7.2844438552856445, 5.958032131195068, 9.26529598236084, 2.162304401397705, 7.253311634063721, 5.579312324523926, 0.4175514578819275, 1.8235467672348022, 3.1887707710266113, 2.3239588737487793, 5.761176586151123, 1.893822193145752, 7.9739837646484375, 0.5946667194366455, 1.173482060432434, 5.1483354568481445, 6.881900787353516, 2.579174757003784, 8.286492347717285, 4.004715442657471, 3.6726348400115967, 0.5616413950920105, 8.599903106689453, 4.0273261070251465, 4.836411952972412, 4.792306423187256, 7.352452278137207, 8.186391830444336, 3.252063035964966, 0.7560585737228394, 1.423437476158142, 7.235507965087891, 9.316388130187988, 7.081902980804443, 5.960280895233154, 4.838174819946289, 2.5093092918395996, 5.032959938049316, 8.12740707397461, 1.6162681579589844, 0.47738581895828247, 0.9922180771827698, 4.780698776245117, 3.9117913246154785, 7.254581928253174, 4.4685378074646, 2.784590721130371, 0.5277082920074463, 0.9379566311836243, 2.8942956924438477, 1.0375304222106934, 2.566279888153076, 3.281043767929077, 1.6402941942214966, 5.073076248168945, 1.2010420560836792, 9.487316131591797, 1.667211651802063, 3.825925827026367, 7.973659038543701, 2.605039358139038, 4.508382797241211, 3.9370343685150146, 2.968196392059326, 6.464169979095459, 1.1282328367233276, 4.129520893096924, 23.992361068725586, 9.27065658569336, 3.9258997440338135, 3.731778621673584, 4.989145278930664, 0.407299280166626, 4.741086483001709, 7.463553428649902, 6.454225540161133, 5.236743927001953, 5.881054878234863, 2.0964815616607666, 2.0938467979431152, 2.6351168155670166, 3.7831203937530518, 3.925910234451294, 1.0799883604049683, 5.544097423553467, 4.381618976593018, 0.6869974732398987, 6.961772441864014, 1.9648737907409668, 3.9037744998931885, 1.9003655910491943, 6.081212997436523, 2.811739444732666, 9.14310073852539, 0.8589943051338196, 0.5269172191619873, 1.230072021484375, 0.7482906579971313, 4.897353649139404, 7.366933822631836, 8.491256713867188, 6.172508716583252, 0.448098748922348, 1.8204407691955566, 2.966273546218872, 1.478695034980774, 2.5665738582611084, 7.166087627410889, 2.777425527572632, 7.9130120277404785, 0.65956711769104, 7.30667781829834, 6.610365390777588, 1.5038132667541504, 7.955257415771484, 4.778459072113037, 5.502491474151611, 0.5264427661895752, 7.957151889801025, 1.4569653272628784, 3.946390390396118, 1.8110476732254028, 1.1404169797897339, 3.5709922313690186, 1.961855173110962, 0.4975641965866089, 5.716179847717285, 0.9687345623970032, 6.938690662384033, 1.5994035005569458, 4.816671371459961, 2.851300001144409, 5.356491565704346, 3.9124867916107178, 5.188950061798096, 7.4929022789001465, 1.4821362495422363, 8.625151634216309, 4.5898051261901855, 9.423578262329102, 8.64525032043457, 6.529336452484131, 1.1245602369308472, 6.117135047912598, 0.9716442823410034, 5.240631103515625, 5.9330220222473145, 4.558038711547852, 0.5132052898406982, 6.7911529541015625, 4.6217875480651855, 7.215098857879639, 1.0516222715377808, 8.522588729858398, 5.030515670776367, 6.156975746154785, 1.9295724630355835, 0.5870928764343262, 0.6039068102836609, 2.5487475395202637, 0.41894230246543884, 8.19919490814209, 6.631580829620361, 3.5341341495513916, 11.690983772277832, 7.4779744148254395, 2.1501829624176025, 7.251744270324707, 0.8128734827041626, 1.8536889553070068, 6.540071964263916, 2.7318735122680664, 0.763089120388031, 1.4231127500534058, 0.40788429975509644, 0.42545798420906067, 5.267667770385742, 1.2583369016647339, 9.012468338012695, 0.5270068645477295, 1.7491105794906616, 4.167302131652832, 0.4166991412639618, 8.622779846191406, 3.439582586288452, 1.449326515197754, 8.096039772033691, 9.497068405151367, 4.474079608917236, 1.8646187782287598, 3.2070651054382324, 9.255535125732422, 2.816441535949707, 3.823585271835327, 3.2542834281921387, 8.50136661529541, 1.025862693786621, 3.665806770324707, 1.7501602172851562, 3.4294486045837402, 5.651587963104248, 0.42631494998931885, 10.176905632019043, 9.903182983398438, 7.5545973777771, 7.958395004272461, 6.629505634307861, 5.039548873901367, 3.875868797302246, 1.6635953187942505, 1.6461998224258423, 4.8997273445129395, 6.1337995529174805, 1.6747393608093262, 7.465078353881836, 8.189189910888672, 2.5345652103424072, 4.946933746337891, 2.8839340209960938, 0.6568469405174255, 5.219489097595215, 4.904592514038086, 0.5771620869636536, 2.2145633697509766, 1.9156683683395386, 5.224835395812988, 2.8344991207122803, 6.2143378257751465, 6.6310906410217285, 2.547964096069336, 2.7816524505615234, 5.259171962738037, 3.9465322494506836, 0.8089049458503723, 2.1914498805999756, 7.137686729431152, 1.7447750568389893, 2.3482017517089844, 6.558345794677734, 3.274578809738159, 0.40879374742507935, 4.778698921203613, 1.6906133890151978, 1.5378143787384033, 1.4425314664840698, 1.3316731452941895, 15.366668701171875, 5.449782848358154, 3.4141530990600586, 5.4496941566467285, 2.469489812850952, 4.1959943771362305, 5.564083099365234, 3.8955047130584717, 15.723018646240234, 8.591447830200195, 2.479461908340454, 2.4370627403259277, 9.26649284362793, 7.806215286254883, 2.81599760055542, 3.927791118621826, 4.250054836273193, 3.0222349166870117, 0.9804592132568359, 0.47283196449279785, 1.1492323875427246, 0.9381328821182251, 5.242063045501709, 7.264106273651123, 0.8165416717529297, 8.949228286743164, 6.510397434234619, 0.7328539490699768, 4.767701625823975, 7.284286022186279, 6.685187339782715, 5.104180812835693]",0.0,"[0.0, 0.0, 0.0, 0.0, 0.0, 0.0, 0.0, 0.0, 0.0, 0.0, 0.0, 0.0, 0.0, 0.0, 0.0, 0.0, 0.0, 0.0, 0.0, 0.0, 0.0, 0.0, 0.0, 0.0, 0.0, 0.0, 0.0, 0.0, 0.0, 0.0, 0.0, 0.0, 0.0, 0.0, 0.0, 0.0, 0.0, 0.0, 0.0, 0.0, 0.0, 0.0, 0.0, 0.0, 0.0, 0.0, 0.0, 0.0, 0.0, 0.0, 0.0, 0.0, 0.0, 0.0, 0.0, 0.0, 0.0, 0.0, 0.0, 0.0, 0.0, 0.0, 0.0, 0.0, 0.0, 0.0, 0.0, 0.0, 0.0, 0.0, 0.0, 0.0, 0.0, 0.0, 0.0, 0.0, 0.0, 0.0, 0.0, 0.0, 0.0, 0.0, 0.0, 0.0, 0.0, 0.0, 0.0, 0.0, 0.0, 0.0, 0.0, 0.0, 0.0, 0.0, 0.0, 0.0, 0.0, 0.0, 0.0, 0.0, 0.0, 0.0, 0.0, 0.0, 0.0, 0.0, 0.0, 0.0, 0.0, 0.0, 0.0, 0.0, 0.0, 0.0, 0.0, 0.0, 0.0, 0.0, 0.0, 0.0, 0.0, 0.0, 0.0, 0.0, 0.0, 0.0, 0.0, 0.0, 0.0, 0.0, 0.0, 0.0, 0.0, 0.0, 0.0, 0.0, 0.0, 0.0, 0.0, 0.0, 0.0, 0.0, 0.0, 0.0, 0.0, 0.0, 0.0, 0.0, 0.0, 0.0, 0.0, 0.0, 0.0, 0.0, 0.0, 0.0, 0.0, 0.0, 0.0, 0.0, 0.0, 0.0, 0.0, 0.0, 0.0, 0.0, 0.0, 0.0, 0.0, 0.0, 0.0, 0.0, 0.0, 0.0, 0.0, 0.0, 0.0, 0.0, 0.0, 0.0, 0.0, 0.0, 0.0, 0.0, 0.0, 0.0, 0.0, 0.0, 0.0, 0.0, 0.0, 0.0, 0.0, 0.0, 0.0, 0.0, 0.0, 0.0, 0.0, 0.0, 0.0, 0.0, 0.0, 0.0, 0.0, 0.0, 0.0, 0.0, 0.0, 0.0, 0.0, 0.0, 0.0, 0.0, 0.0, 0.0, 0.0, 0.0, 0.0, 0.0, 0.0, 0.0, 0.0, 0.0, 0.0, 0.0, 0.0, 0.0, 0.0, 0.0, 0.0, 0.0, 0.0, 0.0, 0.0, 0.0, 0.0, 0.0, 0.0, 0.0, 0.0, 0.0, 0.0, 0.0, 0.0, 0.0, 0.0, 0.0, 0.0, 0.0, 0.0, 0.0, 0.0, 0.0, 0.0, 0.0, 0.0, 0.0, 0.0, 0.0, 0.0, 0.0, 0.0, 0.0, 0.0, 0.0, 0.0, 0.0, 0.0, 0.0, 0.0, 0.0, 0.0, 0.0, 0.0, 0.0, 0.0, 0.0, 0.0, 0.0, 0.0, 0.0, 0.0, 0.0, 0.0, 0.0, 0.0, 0.0, 0.0, 0.0]",COMPLETE
163,163,0.8985070397135165,2024-08-31 07:26:53.995608,2024-08-31 07:27:40.976402,0 days 00:00:46.980794,64,1.7433518259912775,6,85,0.302646675629239,20,0.00024372486663388205,0.91,0.9,33,"[33, 33, 33, 33, 33, 33, 33, 33, 33, 33, 33, 33, 33, 33, 33, 33, 33, 33, 33, 33, 33, 33, 33, 33, 33, 33, 33, 33, 33, 33, 33, 33, 33, 33, 33, 33, 33, 33, 33, 33, 33, 33, 33, 33, 33, 33, 33, 33, 33, 33, 33, 33, 33, 33, 33, 33, 33, 33, 33, 33, 33, 33, 33, 33, 33, 33, 33, 33, 33, 33, 33, 33, 33, 33, 33, 33, 33, 33, 33, 33, 33, 33, 33, 33, 33]",32.93571428571429,"[32.95079365079365, 32.96031746031746, 32.9515873015873, 32.96031746031746, 32.95952380952381, 32.95793650793651, 32.9531746031746, 32.939682539682536, 32.94603174603175, 32.94444444444444, 32.946825396825396, 32.94444444444444, 32.94444444444444, 32.948412698412696, 32.95, 32.93730158730159, 32.94444444444444, 32.94206349206349, 32.926984126984124, 32.93333333333333, 32.93650793650794, 32.94444444444444, 32.945238095238096, 32.95, 32.94603174603175, 32.95, 32.9515873015873, 32.9436507936508, 32.941269841269836, 32.94761904761905, 32.9436507936508, 32.94126984126984, 32.95238095238095, 32.94285714285714, 32.94285714285714, 32.95, 32.95238095238095, 32.9547619047619, 32.95079365079365, 32.949999999999996, 32.94761904761905, 32.93888888888889, 32.948412698412696, 32.93888888888889, 32.93333333333333, 32.94047619047619, 32.93809523809524, 32.93730158730159, 32.94047619047619, 32.945238095238096, 32.93888888888889, 32.94365079365079, 32.93809523809524, 32.9436507936508, 32.9515873015873, 32.94761904761905, 32.939682539682536, 32.95793650793651, 32.95079365079365, 32.94603174603175, 32.94603174603175, 32.948412698412696, 32.94444444444444, 32.94444444444444, 32.9515873015873, 32.949999999999996, 32.95238095238095, 32.93888888888889, 32.94603174603174, 32.94761904761904, 32.94285714285714, 32.93888888888889, 32.93650793650794, 32.94920634920635, 32.93809523809524, 32.9436507936508, 32.94047619047619, 32.94920634920635, 32.9547619047619, 32.9420634920635, 32.946825396825396, 32.95793650793651, 32.9436507936508, 32.93888888888889, 32.93571428571429]",0.8867890256689702,0.8985070397135165,33,"[33, 33, 33, 33, 33, 33, 33, 33, 33, 33, 33, 33, 33, 33, 33, 33, 33, 33, 33, 33, 33, 33, 33, 33, 33, 33, 33, 33, 33, 33, 33, 33, 33, 33, 33, 33, 33, 33, 33, 33, 33, 33, 33, 33, 33, 33, 33, 33, 33, 33, 33, 33, 33, 33, 33, 33, 33, 33, 33, 33, 33, 33, 33, 33, 33, 33, 33, 33, 33, 33, 33, 33, 33, 33, 33, 33, 33, 33, 33, 33, 33, 33, 33, 33, 33]",85,"[0.43139591813087463, 0.4073162376880646, 0.3995177745819092, 0.3950822949409485, 0.39130404591560364, 0.3882089853286743, 0.3856898844242096, 0.38351258635520935, 0.3820895850658417, 0.38077351450920105, 0.377308189868927, 0.37597423791885376, 0.37478238344192505, 0.37342244386672974, 0.3715723752975464, 0.37012791633605957, 0.36885181069374084, 0.36680564284324646, 0.36559659242630005, 0.3635358512401581, 0.36211836338043213, 0.36016011238098145, 0.35893499851226807, 0.3579665422439575, 0.3567008972167969, 0.35467246174812317, 0.3539678156375885, 0.3518798053264618, 0.3494499921798706, 0.3479931950569153, 0.3467220962047577, 0.3440442681312561, 0.341978520154953, 0.34023866057395935, 0.33771592378616333, 0.33573612570762634, 0.3344764709472656, 0.33250921964645386, 0.33034205436706543, 0.3282262682914734, 0.3262803256511688, 0.323824018239975, 0.32336491346359253, 0.3199579119682312, 0.31816214323043823, 0.31674739718437195, 0.3148694932460785, 0.3156859278678894, 0.31254300475120544, 0.3094090521335602, 0.3076861798763275, 0.30471158027648926, 0.3042948544025421, 0.3032945394515991, 0.30084455013275146, 0.3002249300479889, 0.29923635721206665, 0.2980656921863556, 0.29598262906074524, 0.2956148684024811, 0.292669415473938, 0.29136714339256287, 0.2902010977268219, 0.2887478172779083, 0.2887270450592041, 0.28649505972862244, 0.285249799489975, 0.28425198793411255, 0.28472697734832764, 0.28338465094566345, 0.28228759765625, 0.281337708234787, 0.2792071998119354, 0.2804812788963318, 0.2776321768760681, 0.27800261974334717, 0.2754424512386322, 0.2751051187515259, 0.27240145206451416, 0.2701352536678314, 0.2705926299095154, 0.2688588500022888, 0.26863348484039307, 0.2674449384212494, 0.2659739851951599]",33.0,"[33.0, 33.0, 33.0, 33.0, 33.0, 33.0, 33.0, 33.0, 33.0, 33.0, 33.0, 33.0, 33.0, 33.0, 33.0, 33.0, 33.0, 33.0, 33.0, 33.0, 33.0, 33.0, 33.0, 33.0, 33.0, 33.0, 33.0, 33.0, 33.0, 33.0, 33.0, 33.0, 33.0, 33.0, 33.0, 33.0, 33.0, 33.0, 33.0, 33.0, 33.0, 33.0, 33.0, 33.0, 33.0, 33.0, 33.0, 33.0, 33.0, 33.0, 33.0, 33.0, 33.0, 33.0, 33.0, 33.0, 33.0, 33.0, 33.0, 33.0, 33.0, 33.0, 33.0, 33.0, 33.0, 33.0, 33.0, 33.0, 33.0, 33.0, 33.0, 33.0, 33.0, 33.0, 33.0, 33.0, 33.0, 33.0, 33.0, 33.0, 33.0, 33.0, 33.0, 33.0, 33.0]",COMPLETE
