,number,value,datetime_start,datetime_complete,duration,params_batch_size_scaler,params_constant_learning_rate,params_depth,params_epochs,params_kernel_l2,params_num_trees,params_temperature,user_attrs_accuracy_test,user_attrs_accuracy_valid,user_attrs_approximate_feature_sparsity,user_attrs_approximate_feature_sparsity_history,user_attrs_approximate_weight_sparsity,user_attrs_approximate_weight_sparsity_history,user_attrs_auc_test,user_attrs_auc_valid,user_attrs_feature_sparsity,user_attrs_feature_sparsity_history,user_attrs_num_epochs,user_attrs_val_loss_history,user_attrs_weight_sparsity,user_attrs_weight_sparsity_history,state
116,116,0.6929705916450903,2024-08-31 05:05:33.971720,2024-08-31 05:06:03.772994,0 days 00:00:29.801274,64,0.014251459750263106,3,310,0.003999699918762426,93,0.012233854851955299,0.86,0.85875,33,"[33, 33, 33, 33, 33, 33, 33, 33, 33, 33, 33, 33, 33, 33, 33, 33, 33, 33, 33, 33, 33, 33, 33, 33, 33, 33, 33, 33, 33, 33, 33, 33, 33, 33, 33, 33, 33, 33, 33, 33, 33, 33, 33, 33, 33, 33, 33, 33, 33, 33, 33, 33, 33, 33, 33, 33, 33, 33, 33, 33, 33, 33, 33, 33, 33, 33, 33, 33, 33, 33, 33, 33, 33, 33, 33, 33, 33, 33, 33, 33, 33, 33, 33, 33, 33, 33, 33, 33, 33, 33, 33, 33, 33, 33, 33, 33, 33, 33, 33, 33, 33, 33, 33, 33, 33, 33, 33, 33, 33, 33, 33, 33, 33, 33, 33, 33, 33, 33, 33, 33, 33, 33, 33, 33, 33, 33, 33, 33, 33, 33, 33, 33, 33, 33, 33, 33, 33, 33, 33, 33, 33, 33, 33, 33, 33, 33, 33, 33, 33, 33, 33, 33, 33, 33, 33, 33, 33, 33, 33, 33, 33, 33, 33, 33, 33, 33, 33, 33, 33, 33, 33, 33, 33, 33, 33, 33, 33, 33, 33, 33, 33, 33, 33, 33, 33, 33, 33, 33, 33, 33, 33, 33, 33, 33, 33, 33, 33, 33, 33, 33, 33, 33, 33, 33, 33, 33, 33, 33, 33, 33, 33, 33, 33, 33, 33, 33, 33, 33, 33, 33, 33, 33, 33, 33, 33, 33, 33, 33, 33, 33, 33, 33, 33, 33, 33, 33, 33, 33, 33, 33, 33, 33, 33, 33, 33, 33, 33, 33, 33, 33, 33, 33, 33, 33, 33, 33, 33, 33, 33, 33, 33, 33, 33, 33, 33, 33, 33, 33, 33, 33, 33, 33, 33, 33, 33, 33, 33, 33, 33, 33, 33, 33, 33, 33, 33, 33, 33, 33, 33, 33, 33, 33, 33, 33, 33, 33, 33, 33, 33, 33, 33, 33, 33, 33, 33, 33, 33, 33, 33, 33]",32.964669738863286,"[32.97695852534562, 32.97388632872504, 32.975422427035326, 32.97235023041475, 32.97388632872504, 32.97235023041475, 32.97388632872504, 32.97081413210445, 32.97235023041475, 32.975422427035326, 32.97388632872504, 32.97235023041475, 32.97695852534562, 32.97849462365591, 32.9800307219662, 32.97695852534562, 32.97388632872504, 32.97081413210446, 32.97081413210446, 32.97388632872504, 32.96927803379416, 32.96774193548387, 32.97081413210445, 32.966205837173575, 32.963133640552996, 32.9615975422427, 32.95852534562212, 32.9615975422427, 32.966205837173575, 32.966205837173575, 32.96774193548387, 32.96927803379416, 32.96620583717358, 32.9615975422427, 32.9615975422427, 32.963133640552996, 32.96313364055299, 32.96006144393241, 32.964669738863286, 32.96774193548387, 32.97081413210446, 32.96927803379416, 32.97388632872504, 32.97235023041475, 32.96927803379416, 32.96927803379416, 32.96774193548387, 32.97081413210445, 32.97542242703533, 32.97235023041475, 32.97235023041475, 32.97235023041475, 32.97081413210445, 32.96774193548387, 32.96620583717358, 32.96927803379416, 32.97081413210446, 32.97081413210445, 32.96927803379416, 32.966205837173575, 32.96620583717358, 32.963133640552996, 32.964669738863286, 32.96620583717358, 32.964669738863286, 32.96927803379416, 32.97081413210445, 32.96774193548387, 32.96774193548387, 32.96774193548387, 32.96774193548387, 32.97388632872504, 32.97388632872504, 32.97695852534562, 32.975422427035326, 32.975422427035326, 32.97388632872504, 32.97081413210445, 32.97388632872504, 32.97388632872504, 32.97695852534562, 32.97849462365591, 32.97695852534562, 32.97235023041475, 32.97235023041475, 32.97542242703533, 32.97849462365591, 32.97849462365591, 32.97849462365591, 32.97695852534562, 32.97849462365591, 32.9815668202765, 32.984639016897084, 32.98310291858679, 32.98003072196621, 32.98463901689708, 32.98310291858679, 32.97695852534562, 32.97235023041475, 32.97388632872504, 32.975422427035326, 32.97695852534562, 32.975422427035326, 32.97081413210445, 32.97235023041475, 32.97081413210445, 32.975422427035326, 32.975422427035326, 32.975422427035326, 32.97695852534562, 32.97542242703533, 32.96927803379416, 32.96774193548387, 32.96774193548387, 32.96927803379416, 32.96774193548387, 32.97081413210445, 32.97388632872504, 32.97235023041475, 32.97542242703533, 32.9815668202765, 32.9800307219662, 32.98003072196621, 32.97695852534562, 32.97849462365591, 32.97695852534562, 32.9800307219662, 32.97695852534562, 32.97849462365591, 32.9815668202765, 32.98310291858679, 32.9800307219662, 32.97849462365591, 32.97849462365591, 32.97849462365591, 32.97695852534562, 32.97695852534562, 32.97695852534562, 32.97695852534562, 32.97388632872504, 32.97235023041475, 32.96927803379416, 32.97081413210445, 32.96774193548387, 32.96927803379416, 32.96774193548387, 32.966205837173575, 32.96774193548387, 32.96927803379416, 32.96927803379416, 32.96927803379416, 32.96774193548387, 32.96774193548387, 32.966205837173575, 32.966205837173575, 32.966205837173575, 32.966205837173575, 32.96927803379416, 32.96927803379416, 32.97081413210445, 32.97081413210445, 32.97081413210445, 32.97081413210445, 32.97081413210445, 32.97081413210445, 32.97081413210445, 32.96927803379416, 32.963133640552996, 32.964669738863286, 32.964669738863286, 32.964669738863286, 32.964669738863286, 32.964669738863286, 32.96620583717358, 32.96774193548387, 32.96774193548387, 32.967741935483865, 32.96927803379416, 32.97081413210445, 32.96927803379416, 32.97081413210445, 32.97081413210445, 32.966205837173575, 32.966205837173575, 32.96927803379416, 32.96927803379416, 32.97388632872504, 32.97388632872504, 32.97388632872504, 32.975422427035326, 32.975422427035326, 32.97235023041475, 32.97235023041475, 32.97235023041475, 32.97235023041475, 32.97388632872504, 32.97388632872504, 32.97388632872504, 32.97388632872504, 32.975422427035326, 32.97388632872504, 32.975422427035326, 32.97388632872504, 32.97695852534562, 32.97388632872504, 32.975422427035326, 32.97695852534562, 32.97235023041475, 32.97081413210445, 32.96927803379416, 32.966205837173575, 32.966205837173575, 32.964669738863286, 32.964669738863286, 32.9615975422427, 32.9615975422427, 32.96774193548387, 32.96774193548387, 32.97081413210445, 32.97235023041475, 32.96927803379416, 32.96927803379416, 32.966205837173575, 32.966205837173575, 32.966205837173575, 32.966205837173575, 32.966205837173575, 32.966205837173575, 32.97081413210445, 32.97081413210445, 32.97235023041475, 32.975422427035326, 32.97388632872504, 32.97388632872504, 32.97081413210445, 32.97081413210445, 32.96927803379416, 32.96927803379416, 32.97235023041475, 32.97235023041475, 32.97081413210445, 32.96927803379416, 32.96774193548387, 32.96774193548387, 32.96620583717358, 32.96620583717358, 32.963133640552996, 32.963133640552996, 32.95852534562212, 32.95698924731183, 32.95698924731183, 32.9615975422427, 32.963133640552996, 32.9615975422427, 32.9615975422427, 32.96006144393241, 32.95852534562212, 32.96006144393241, 32.96006144393241, 32.95852534562212, 32.9615975422427, 32.96006144393241, 32.9615975422427, 32.96006144393241, 32.9615975422427, 32.966205837173575, 32.966205837173575, 32.96774193548387, 32.96774193548387, 32.96927803379416, 32.97081413210445, 32.97081413210445, 32.96927803379416, 32.96927803379416, 32.96927803379416, 32.96927803379416, 32.96927803379416, 32.96927803379416, 32.96774193548387, 32.966205837173575, 32.9615975422427, 32.96006144393241, 32.96006144393241, 32.96006144393241, 32.96006144393241, 32.9615975422427, 32.9615975422427, 32.9615975422427, 32.963133640552996, 32.9615975422427, 32.964669738863286, 32.964669738863286, 32.964669738863286, 32.964669738863286, 32.964669738863286, 32.964669738863286, 32.966205837173575, 32.966205837173575, 32.96927803379416, 32.96927803379416, 32.96927803379416, 32.96774193548387, 32.96774193548387, 32.96774193548387, 32.96774193548387, 32.966205837173575, 32.964669738863286, 32.96006144393241, 32.96006144393241, 32.964669738863286]",0.7228428239995377,0.6929705916450903,33,"[33, 33, 33, 33, 33, 33, 33, 33, 33, 33, 33, 33, 33, 33, 33, 33, 33, 33, 33, 33, 33, 33, 33, 33, 33, 33, 33, 33, 33, 33, 33, 33, 33, 33, 33, 33, 33, 33, 33, 33, 33, 33, 33, 33, 33, 33, 33, 33, 33, 33, 33, 33, 33, 33, 33, 33, 33, 33, 33, 33, 33, 33, 33, 33, 33, 33, 33, 33, 33, 33, 33, 33, 33, 33, 33, 33, 33, 33, 33, 33, 33, 33, 33, 33, 33, 33, 33, 33, 33, 33, 33, 33, 33, 33, 33, 33, 33, 33, 33, 33, 33, 33, 33, 33, 33, 33, 33, 33, 33, 33, 33, 33, 33, 33, 33, 33, 33, 33, 33, 33, 33, 33, 33, 33, 33, 33, 33, 33, 33, 33, 33, 33, 33, 33, 33, 33, 33, 33, 33, 33, 33, 33, 33, 33, 33, 33, 33, 33, 33, 33, 33, 33, 33, 33, 33, 33, 33, 33, 33, 33, 33, 33, 33, 33, 33, 33, 33, 33, 33, 33, 33, 33, 33, 33, 33, 33, 33, 33, 33, 33, 33, 33, 33, 33, 33, 33, 33, 33, 33, 33, 33, 33, 33, 33, 33, 33, 33, 33, 33, 33, 33, 33, 33, 33, 33, 33, 33, 33, 33, 33, 33, 33, 33, 33, 33, 33, 33, 33, 33, 33, 33, 33, 33, 33, 33, 33, 33, 33, 33, 33, 33, 33, 33, 33, 33, 33, 33, 33, 33, 33, 33, 33, 33, 33, 33, 33, 33, 33, 33, 33, 33, 33, 33, 33, 33, 33, 33, 33, 33, 33, 33, 33, 33, 33, 33, 33, 33, 33, 33, 33, 33, 33, 33, 33, 33, 33, 33, 33, 33, 33, 33, 33, 33, 33, 33, 33, 33, 33, 33, 33, 33, 33, 33, 33, 33, 33, 33, 33, 33, 33, 33, 33, 33, 33, 33, 33, 33, 33, 33, 33]",310,"[0.5331960320472717, 0.4785728454589844, 0.44822198152542114, 0.43083885312080383, 0.4218023717403412, 0.416233092546463, 0.4106578826904297, 0.40848609805107117, 0.4065450429916382, 0.4050614833831787, 0.40333816409111023, 0.40252628922462463, 0.40175187587738037, 0.4014362394809723, 0.40089160203933716, 0.4003380835056305, 0.3998209238052368, 0.39949432015419006, 0.3991219699382782, 0.39869725704193115, 0.3984117805957794, 0.39818140864372253, 0.39794474840164185, 0.397718608379364, 0.39744290709495544, 0.3972263038158417, 0.3970000147819519, 0.39678025245666504, 0.3964613080024719, 0.3962557315826416, 0.39605313539505005, 0.39588797092437744, 0.3956143260002136, 0.39543387293815613, 0.3952370882034302, 0.3949752748012543, 0.3947560787200928, 0.3945172131061554, 0.3943008780479431, 0.3941301107406616, 0.39388319849967957, 0.3936295211315155, 0.3934216797351837, 0.3932422399520874, 0.39302313327789307, 0.39279308915138245, 0.39257681369781494, 0.39237481355667114, 0.39220020174980164, 0.3919774889945984, 0.39180314540863037, 0.39162376523017883, 0.39147090911865234, 0.391287237405777, 0.39114299416542053, 0.39095351099967957, 0.3907884359359741, 0.3905911147594452, 0.39039963483810425, 0.39023199677467346, 0.39008525013923645, 0.38992810249328613, 0.38976189494132996, 0.3896181583404541, 0.3894340395927429, 0.38927197456359863, 0.38912346959114075, 0.38898131251335144, 0.3888021409511566, 0.38866060972213745, 0.3885245621204376, 0.38832810521125793, 0.38818758726119995, 0.3880426287651062, 0.3878842294216156, 0.38777878880500793, 0.3876195251941681, 0.3874857723712921, 0.3873627781867981, 0.3872353434562683, 0.38707539439201355, 0.38693973422050476, 0.3867679834365845, 0.38663607835769653, 0.3864869177341461, 0.38636285066604614, 0.38626694679260254, 0.38613197207450867, 0.38600021600723267, 0.3858577311038971, 0.3857232928276062, 0.3855831027030945, 0.3854457139968872, 0.38532695174217224, 0.38520413637161255, 0.38505592942237854, 0.3849216103553772, 0.3847942352294922, 0.38468506932258606, 0.38457897305488586, 0.3844853937625885, 0.38433602452278137, 0.3841991424560547, 0.3841160833835602, 0.3840119242668152, 0.3838801681995392, 0.3837658762931824, 0.3836747407913208, 0.38355550169944763, 0.38340023159980774, 0.383279025554657, 0.3831718862056732, 0.38305866718292236, 0.3829362988471985, 0.38282859325408936, 0.3827204406261444, 0.3826136291027069, 0.38250768184661865, 0.3823948800563812, 0.38229578733444214, 0.38220176100730896, 0.38209620118141174, 0.3819977045059204, 0.3818855583667755, 0.3818002939224243, 0.38172903656959534, 0.38164588809013367, 0.38154613971710205, 0.3814404606819153, 0.3813507854938507, 0.3812507688999176, 0.38116511702537537, 0.38106900453567505, 0.38096752762794495, 0.3808792233467102, 0.3807600438594818, 0.3806889057159424, 0.3806171417236328, 0.3804969787597656, 0.38040751218795776, 0.380318284034729, 0.3801746666431427, 0.38012105226516724, 0.3800521194934845, 0.37998589873313904, 0.3799803555011749, 0.37999558448791504, 0.3799409866333008, 0.3798576593399048, 0.3797721862792969, 0.37959495186805725, 0.3795247972011566, 0.3793851137161255, 0.3792676031589508, 0.37910011410713196, 0.3790433406829834, 0.3788878321647644, 0.37890735268592834, 0.3788377344608307, 0.3787282109260559, 0.3786906898021698, 0.37853172421455383, 0.3785015344619751, 0.378419429063797, 0.3783069849014282, 0.37824517488479614, 0.3781249523162842, 0.37802278995513916, 0.3779195547103882, 0.3778528869152069, 0.3777746558189392, 0.3776894509792328, 0.37764880061149597, 0.3775902986526489, 0.3774917721748352, 0.3773902654647827, 0.3773099482059479, 0.37725886702537537, 0.37711086869239807, 0.37708455324172974, 0.3770086169242859, 0.37696734070777893, 0.37689030170440674, 0.3767881691455841, 0.3767346441745758, 0.37667572498321533, 0.3765922784805298, 0.3765391409397125, 0.3765107989311218, 0.3764154314994812, 0.3763585686683655, 0.37630316615104675, 0.37625929713249207, 0.3761882483959198, 0.3761245608329773, 0.37603744864463806, 0.3759874105453491, 0.3759397864341736, 0.37588751316070557, 0.37585389614105225, 0.37574464082717896, 0.3756583034992218, 0.3756137490272522, 0.37554770708084106, 0.3754976689815521, 0.3754054307937622, 0.3753454089164734, 0.3752806782722473, 0.37522628903388977, 0.37518054246902466, 0.37512046098709106, 0.3751220405101776, 0.3750663101673126, 0.37494492530822754, 0.3748804032802582, 0.3747330904006958, 0.3746895492076874, 0.37464669346809387, 0.3746281564235687, 0.37459614872932434, 0.3745017349720001, 0.37443307042121887, 0.3743656277656555, 0.3743917942047119, 0.37433090806007385, 0.37420162558555603, 0.37417393922805786, 0.3741533160209656, 0.37408095598220825, 0.3740042746067047, 0.37392547726631165, 0.3738889992237091, 0.37386825680732727, 0.37378013134002686, 0.3737120032310486, 0.3736526370048523, 0.3735966086387634, 0.3735343813896179, 0.3734815716743469, 0.373393177986145, 0.373351126909256, 0.37330079078674316, 0.3732721209526062, 0.37324392795562744, 0.3732142150402069, 0.3731420636177063, 0.3731922507286072, 0.37312111258506775, 0.37298643589019775, 0.3730117082595825, 0.37297141551971436, 0.37286385893821716, 0.37283819913864136, 0.37275072932243347, 0.37277233600616455, 0.3727084696292877, 0.3726435601711273, 0.3726626932621002, 0.37256136536598206, 0.37246376276016235, 0.37237271666526794, 0.37238436937332153, 0.3723713159561157, 0.3723071813583374, 0.3724013566970825, 0.37222054600715637, 0.37214574217796326, 0.37209567427635193, 0.3720398247241974, 0.3719993233680725, 0.37196406722068787, 0.37192416191101074, 0.3719271421432495, 0.3718748986721039, 0.3718149662017822, 0.37176647782325745, 0.37177056074142456, 0.37173300981521606, 0.37162137031555176, 0.3716072142124176, 0.37156054377555847, 0.37151771783828735, 0.3714747726917267, 0.37141045928001404, 0.37137067317962646, 0.37129390239715576, 0.37124738097190857, 0.3711870312690735, 0.3711259961128235, 0.3711048364639282, 0.3710717260837555, 0.3710669279098511, 0.371031254529953, 0.3710274398326874, 0.3710240125656128, 0.37095433473587036, 0.37085074186325073, 0.3708837926387787, 0.3708264231681824, 0.3707580268383026, 0.3707001209259033, 0.3706556558609009, 0.3705964982509613, 0.3705543279647827, 0.3705507516860962, 0.370469331741333, 0.37041863799095154, 0.370372474193573, 0.3703306317329407, 0.37030720710754395]",33.0,"[33.0, 33.0, 33.0, 33.0, 33.0, 33.0, 33.0, 33.0, 33.0, 33.0, 33.0, 33.0, 33.0, 33.0, 33.0, 33.0, 33.0, 33.0, 33.0, 33.0, 33.0, 33.0, 33.0, 33.0, 33.0, 33.0, 33.0, 33.0, 33.0, 33.0, 33.0, 33.0, 33.0, 33.0, 33.0, 33.0, 33.0, 33.0, 33.0, 33.0, 33.0, 33.0, 33.0, 33.0, 33.0, 33.0, 33.0, 33.0, 33.0, 33.0, 33.0, 33.0, 33.0, 33.0, 33.0, 33.0, 33.0, 33.0, 33.0, 33.0, 33.0, 33.0, 33.0, 33.0, 33.0, 33.0, 33.0, 33.0, 33.0, 33.0, 33.0, 33.0, 33.0, 33.0, 33.0, 33.0, 33.0, 33.0, 33.0, 33.0, 33.0, 33.0, 33.0, 33.0, 33.0, 33.0, 33.0, 33.0, 33.0, 33.0, 33.0, 33.0, 33.0, 33.0, 33.0, 33.0, 33.0, 33.0, 33.0, 33.0, 33.0, 33.0, 33.0, 33.0, 33.0, 33.0, 33.0, 33.0, 33.0, 33.0, 33.0, 33.0, 33.0, 33.0, 33.0, 33.0, 33.0, 33.0, 33.0, 33.0, 33.0, 33.0, 33.0, 33.0, 33.0, 33.0, 33.0, 33.0, 33.0, 33.0, 33.0, 33.0, 33.0, 33.0, 33.0, 33.0, 33.0, 33.0, 33.0, 33.0, 33.0, 33.0, 33.0, 33.0, 33.0, 33.0, 33.0, 33.0, 33.0, 33.0, 33.0, 33.0, 33.0, 33.0, 33.0, 33.0, 33.0, 33.0, 33.0, 33.0, 33.0, 33.0, 33.0, 33.0, 33.0, 33.0, 33.0, 33.0, 33.0, 33.0, 33.0, 33.0, 33.0, 33.0, 33.0, 33.0, 33.0, 33.0, 33.0, 33.0, 33.0, 33.0, 33.0, 33.0, 33.0, 33.0, 33.0, 33.0, 33.0, 33.0, 33.0, 33.0, 33.0, 33.0, 33.0, 33.0, 33.0, 33.0, 33.0, 33.0, 33.0, 33.0, 33.0, 33.0, 33.0, 33.0, 33.0, 33.0, 33.0, 33.0, 33.0, 33.0, 33.0, 33.0, 33.0, 33.0, 33.0, 33.0, 33.0, 33.0, 33.0, 33.0, 33.0, 33.0, 33.0, 33.0, 33.0, 33.0, 33.0, 33.0, 33.0, 33.0, 33.0, 33.0, 33.0, 33.0, 33.0, 33.0, 33.0, 33.0, 33.0, 33.0, 33.0, 33.0, 33.0, 33.0, 33.0, 33.0, 33.0, 33.0, 33.0, 33.0, 33.0, 33.0, 33.0, 33.0, 33.0, 33.0, 33.0, 33.0, 33.0, 33.0, 33.0, 33.0, 33.0, 33.0, 33.0, 33.0, 33.0, 33.0, 33.0, 33.0, 33.0, 33.0, 33.0, 33.0, 33.0, 33.0, 33.0, 33.0, 33.0, 33.0, 33.0, 33.0, 33.0, 33.0, 33.0, 33.0, 33.0, 33.0, 33.0, 33.0, 33.0, 33.0, 33.0, 33.0, 33.0, 33.0, 33.0, 33.0, 33.0, 33.0, 33.0, 33.0, 33.0, 33.0, 33.0, 33.0, 33.0, 33.0]",COMPLETE
