,number,value,datetime_start,datetime_complete,duration,params_batch_size_scaler,params_constant_learning_rate,params_depth,params_epochs,params_kernel_l2,params_num_trees,params_temperature,user_attrs_accuracy_test,user_attrs_accuracy_valid,user_attrs_approximate_feature_sparsity,user_attrs_approximate_feature_sparsity_history,user_attrs_approximate_weight_sparsity,user_attrs_approximate_weight_sparsity_history,user_attrs_auc_test,user_attrs_auc_valid,user_attrs_feature_sparsity,user_attrs_feature_sparsity_history,user_attrs_num_epochs,user_attrs_val_loss_history,user_attrs_weight_sparsity,user_attrs_weight_sparsity_history,state
132,132,0.9301567672708068,2024-08-31 06:10:45.628075,2024-08-31 06:12:33.665274,0 days 00:01:48.037199,1,0.02869009451640427,2,215,0.002865905356792702,71,0.0005134084898094657,0.947,0.95125,33,"[33, 33, 33, 33, 33, 33, 33, 33, 33, 33, 33, 33, 33, 33, 33, 33, 33, 33, 33, 33, 33, 33, 33, 33, 33, 33, 33, 33, 33, 33, 33, 33, 33, 33, 33, 33, 33, 33, 33, 33, 33, 33, 33, 33, 33, 33, 33, 33, 33, 33, 33, 33, 33, 33, 33, 33, 33, 33, 33, 33, 33, 33, 33, 33, 33, 33, 33, 33, 33, 33, 33, 33, 33, 33, 33, 33, 33, 33, 33, 33, 33, 33, 33, 33, 33, 33, 33, 33, 33, 33, 33, 33, 33, 33, 33, 33, 33, 33, 33, 33, 33, 33, 33, 33, 33, 33, 33, 33, 33, 33, 33, 33, 33, 33, 33, 33, 33, 33, 33, 33, 33, 33, 33, 33, 33, 33, 33, 33, 33, 33, 33, 33, 33, 33, 33, 33, 33, 33, 33, 33, 33, 33, 33, 33, 33, 33, 33, 33, 33, 33, 33, 33, 33, 33, 33, 33, 33, 33, 33, 33, 33, 33, 33, 33, 33, 33, 33, 33, 33, 33, 33, 33, 33, 33, 33, 33, 33, 33, 33, 33, 33, 33, 33, 33, 33, 33, 33, 33, 33, 33, 33, 33, 33, 33, 33, 33, 33, 33, 33, 33, 33, 33, 33, 33, 33, 33, 33, 33, 33, 33, 33, 33, 33, 33, 33]",32.97652582159624,"[32.967136150234744, 32.98122065727699, 32.971830985915496, 32.985915492957744, 32.98122065727699, 32.98122065727699, 32.990610328638496, 32.985915492957744, 32.971830985915496, 32.97652582159624, 32.985915492957744, 32.990610328638496, 32.990610328638496, 32.967136150234744, 32.990610328638496, 33.0, 32.981220657277, 32.985915492957744, 33.0, 32.990610328638496, 32.98122065727699, 32.985915492957744, 32.985915492957744, 32.990610328638496, 32.985915492957744, 32.98122065727699, 33.0, 32.990610328638496, 32.985915492957744, 32.971830985915496, 32.97652582159625, 32.98122065727699, 32.985915492957744, 32.985915492957744, 32.990610328638496, 32.99530516431925, 32.99530516431925, 32.990610328638496, 32.985915492957744, 32.98122065727699, 32.985915492957744, 32.985915492957744, 32.985915492957744, 32.98122065727699, 32.97652582159625, 32.971830985915496, 32.99530516431925, 32.99530516431925, 32.97652582159625, 32.98122065727699, 32.985915492957744, 32.967136150234744, 32.99530516431925, 32.97652582159624, 32.97652582159624, 32.97652582159625, 32.985915492957744, 33.0, 32.990610328638496, 32.98122065727699, 32.98122065727699, 32.98122065727699, 32.98122065727699, 32.985915492957744, 32.98122065727699, 32.985915492957744, 32.990610328638496, 32.990610328638496, 32.985915492957744, 32.985915492957744, 32.967136150234744, 32.990610328638496, 32.985915492957744, 32.98122065727699, 32.97652582159625, 32.971830985915496, 32.98122065727699, 32.98122065727699, 32.98122065727699, 32.98122065727699, 32.98122065727699, 32.967136150234744, 32.98122065727699, 32.97652582159625, 32.97652582159624, 32.97652582159625, 32.985915492957744, 32.985915492957744, 32.97652582159624, 32.98122065727699, 32.985915492957744, 32.985915492957744, 32.97652582159624, 32.967136150234744, 32.990610328638496, 32.971830985915496, 32.97652582159625, 32.97652582159625, 32.97652582159625, 32.971830985915496, 32.985915492957744, 32.97652582159625, 32.985915492957744, 32.97652582159625, 32.97183098591549, 32.990610328638496, 32.98122065727699, 32.971830985915496, 32.97652582159624, 32.971830985915496, 32.990610328638496, 32.97652582159625, 32.985915492957744, 32.971830985915496, 32.985915492957744, 32.98122065727699, 32.98122065727699, 32.98122065727699, 32.97652582159625, 32.98122065727699, 32.98122065727699, 32.985915492957744, 32.98122065727699, 32.99530516431925, 32.990610328638496, 32.971830985915496, 32.990610328638496, 32.99530516431925, 33.0, 32.99530516431925, 32.99530516431925, 32.98122065727699, 32.99530516431925, 32.98122065727699, 32.96244131455399, 32.967136150234744, 32.990610328638496, 32.98122065727699, 32.99530516431925, 32.99530516431925, 32.97183098591549, 32.985915492957744, 32.985915492957744, 32.98122065727699, 32.99530516431925, 32.985915492957744, 32.985915492957744, 32.985915492957744, 32.985915492957744, 32.98122065727699, 32.985915492957744, 32.990610328638496, 32.98122065727699, 32.985915492957744, 32.985915492957744, 32.990610328638496, 32.98122065727699, 32.985915492957744, 32.990610328638496, 32.97652582159625, 32.99530516431925, 32.97652582159625, 32.99530516431925, 32.985915492957744, 32.990610328638496, 32.98122065727699, 32.990610328638496, 32.985915492957744, 32.98122065727699, 32.97652582159625, 32.98122065727699, 32.98122065727699, 32.99530516431925, 32.97652582159625, 32.971830985915496, 32.971830985915496, 32.990610328638496, 32.990610328638496, 32.967136150234744, 32.97652582159625, 32.971830985915496, 32.98122065727699, 32.985915492957744, 32.990610328638496, 32.99530516431925, 32.985915492957744, 32.990610328638496, 32.98122065727699, 32.98122065727699, 32.985915492957744, 32.98122065727699, 32.990610328638496, 32.985915492957744, 32.985915492957744, 32.99530516431925, 32.98122065727699, 32.985915492957744, 32.98122065727699, 32.985915492957744, 32.971830985915496, 32.97652582159625, 32.98122065727699, 32.985915492957744, 32.98122065727699, 32.98122065727699, 32.990610328638496, 32.971830985915496, 32.990610328638496, 32.985915492957744, 32.96713615023474, 32.98122065727699, 32.985915492957744, 32.98122065727699, 32.99530516431925, 32.97652582159624]",0.9109058033834494,0.9301567672708068,33,"[33, 33, 33, 33, 33, 33, 33, 33, 33, 33, 33, 33, 33, 33, 33, 33, 33, 33, 33, 33, 33, 33, 33, 33, 33, 33, 33, 33, 33, 33, 33, 33, 33, 33, 33, 33, 33, 33, 33, 33, 33, 33, 33, 33, 33, 33, 33, 33, 33, 33, 33, 33, 33, 33, 33, 33, 33, 33, 33, 33, 33, 33, 33, 33, 33, 33, 33, 33, 33, 33, 33, 33, 33, 33, 33, 33, 33, 33, 33, 33, 33, 33, 33, 33, 33, 33, 33, 33, 33, 33, 33, 33, 33, 33, 33, 33, 33, 33, 33, 33, 33, 33, 33, 33, 33, 33, 33, 33, 33, 33, 33, 33, 33, 33, 33, 33, 33, 33, 33, 33, 33, 33, 33, 33, 33, 33, 33, 33, 33, 33, 33, 33, 33, 33, 33, 33, 33, 33, 33, 33, 33, 33, 33, 33, 33, 33, 33, 33, 33, 33, 33, 33, 33, 33, 33, 33, 33, 33, 33, 33, 33, 33, 33, 33, 33, 33, 33, 33, 33, 33, 33, 33, 33, 33, 33, 33, 33, 33, 33, 33, 33, 33, 33, 33, 33, 33, 33, 33, 33, 33, 33, 33, 33, 33, 33, 33, 33, 33, 33, 33, 33, 33, 33, 33, 33, 33, 33, 33, 33, 33, 33, 33, 33, 33, 33]",215,"[0.39233338832855225, 0.37777602672576904, 0.368893027305603, 0.364103227853775, 0.3594534993171692, 0.35483846068382263, 0.3521854877471924, 0.35098183155059814, 0.3441581428050995, 0.3385188579559326, 0.3353056013584137, 0.3338119387626648, 0.3272981643676758, 0.3271592855453491, 0.319998562335968, 0.315032035112381, 0.310139000415802, 0.3056830167770386, 0.30111929774284363, 0.29720398783683777, 0.2910110354423523, 0.2877703905105591, 0.28599900007247925, 0.2791096270084381, 0.2915775179862976, 0.2721583843231201, 0.2657800614833832, 0.26798105239868164, 0.2591693699359894, 0.25949543714523315, 0.25460585951805115, 0.2543366253376007, 0.2493177056312561, 0.2492702454328537, 0.2459048628807068, 0.2444092035293579, 0.24013416469097137, 0.2384367138147354, 0.23778419196605682, 0.2345360517501831, 0.23368948698043823, 0.23142117261886597, 0.23124045133590698, 0.23130691051483154, 0.22901509702205658, 0.23115289211273193, 0.22599732875823975, 0.226144939661026, 0.22249835729599, 0.22169291973114014, 0.2219446301460266, 0.22056661546230316, 0.21881313621997833, 0.21657496690750122, 0.21645282208919525, 0.21618495881557465, 0.2156093716621399, 0.21423454582691193, 0.21271969377994537, 0.21301719546318054, 0.21216358244419098, 0.21210531890392303, 0.2133047729730606, 0.2091682106256485, 0.2091267704963684, 0.20963628590106964, 0.20736448466777802, 0.2071899026632309, 0.20629476010799408, 0.20645368099212646, 0.2078085094690323, 0.21280692517757416, 0.20457813143730164, 0.20479081571102142, 0.20507612824440002, 0.2032201588153839, 0.20277900993824005, 0.20419731736183167, 0.20254449546337128, 0.20238405466079712, 0.2009151428937912, 0.20089101791381836, 0.2013479620218277, 0.20053604245185852, 0.2021971195936203, 0.20540709793567657, 0.1993638426065445, 0.19934992492198944, 0.20050077140331268, 0.19991274178028107, 0.19746297597885132, 0.1983017921447754, 0.20366914570331573, 0.1996479034423828, 0.19688768684864044, 0.19841045141220093, 0.19816195964813232, 0.19779008626937866, 0.19938892126083374, 0.1951950043439865, 0.19725365936756134, 0.19887326657772064, 0.1959620863199234, 0.1956031173467636, 0.19489464163780212, 0.1943281888961792, 0.19435352087020874, 0.19401821494102478, 0.19243331253528595, 0.19379819929599762, 0.19599178433418274, 0.20223435759544373, 0.19243651628494263, 0.193057119846344, 0.19665688276290894, 0.19270636141300201, 0.1916356086730957, 0.19790935516357422, 0.19127044081687927, 0.19198982417583466, 0.19687598943710327, 0.19246497750282288, 0.19487087428569794, 0.18995565176010132, 0.1925617754459381, 0.18836359679698944, 0.18976694345474243, 0.19064050912857056, 0.18797188997268677, 0.18979766964912415, 0.18954864144325256, 0.18769189715385437, 0.1885264813899994, 0.18820489943027496, 0.1934814602136612, 0.1864401251077652, 0.18830913305282593, 0.19066724181175232, 0.18631739914417267, 0.18771587312221527, 0.18429028987884521, 0.1868865191936493, 0.18416118621826172, 0.18583057820796967, 0.1845935434103012, 0.18395648896694183, 0.18635129928588867, 0.1852586567401886, 0.18716126680374146, 0.18451662361621857, 0.18484504520893097, 0.18506711721420288, 0.18645867705345154, 0.18268249928951263, 0.18452425301074982, 0.1890350580215454, 0.18397530913352966, 0.18639522790908813, 0.1880660057067871, 0.18423759937286377, 0.18687894940376282, 0.1869705766439438, 0.18357153236865997, 0.1821170300245285, 0.18538255989551544, 0.1838095784187317, 0.18430128693580627, 0.18639664351940155, 0.183736190199852, 0.1960333287715912, 0.18518668413162231, 0.18756496906280518, 0.18159565329551697, 0.1829717755317688, 0.20253640413284302, 0.18161600828170776, 0.18194475769996643, 0.18125280737876892, 0.18893791735172272, 0.18390238285064697, 0.18278537690639496, 0.18531200289726257, 0.1865432858467102, 0.18095682561397552, 0.1825646162033081, 0.18110035359859467, 0.18608783185482025, 0.1825009137392044, 0.18412794172763824, 0.18420755863189697, 0.1855795681476593, 0.18146249651908875, 0.18402916193008423, 0.18100494146347046, 0.18399742245674133, 0.18469147384166718, 0.19657441973686218, 0.18210473656654358, 0.18633270263671875, 0.18255463242530823, 0.18250274658203125, 0.18303531408309937, 0.18142539262771606, 0.1823548525571823, 0.18133345246315002, 0.18294158577919006, 0.1871514916419983, 0.18500520288944244, 0.1813598871231079, 0.18167279660701752, 0.1817612200975418, 0.18116551637649536, 0.18721628189086914, 0.18011534214019775, 0.18214812874794006]",33.0,"[33.0, 33.0, 33.0, 33.0, 33.0, 33.0, 33.0, 33.0, 33.0, 33.0, 33.0, 33.0, 33.0, 33.0, 33.0, 33.0, 33.0, 33.0, 33.0, 33.0, 33.0, 33.0, 33.0, 33.0, 33.0, 33.0, 33.0, 33.0, 33.0, 33.0, 33.0, 33.0, 33.0, 33.0, 33.0, 33.0, 33.0, 33.0, 33.0, 33.0, 33.0, 33.0, 33.0, 33.0, 33.0, 33.0, 33.0, 33.0, 33.0, 33.0, 33.0, 33.0, 33.0, 33.0, 33.0, 33.0, 33.0, 33.0, 33.0, 33.0, 33.0, 33.0, 33.0, 33.0, 33.0, 33.0, 33.0, 33.0, 33.0, 33.0, 33.0, 33.0, 33.0, 33.0, 33.0, 33.0, 33.0, 33.0, 33.0, 33.0, 33.0, 33.0, 33.0, 33.0, 33.0, 33.0, 33.0, 33.0, 33.0, 33.0, 33.0, 33.0, 33.0, 33.0, 33.0, 33.0, 33.0, 33.0, 33.0, 33.0, 33.0, 33.0, 33.0, 33.0, 33.0, 33.0, 33.0, 33.0, 33.0, 33.0, 33.0, 33.0, 33.0, 33.0, 33.0, 33.0, 33.0, 33.0, 33.0, 33.0, 33.0, 33.0, 33.0, 33.0, 33.0, 33.0, 33.0, 33.0, 33.0, 33.0, 33.0, 33.0, 33.0, 33.0, 33.0, 33.0, 33.0, 33.0, 33.0, 33.0, 33.0, 33.0, 33.0, 33.0, 33.0, 33.0, 33.0, 33.0, 33.0, 33.0, 33.0, 33.0, 33.0, 33.0, 33.0, 33.0, 33.0, 33.0, 33.0, 33.0, 33.0, 33.0, 33.0, 33.0, 33.0, 33.0, 33.0, 33.0, 33.0, 33.0, 33.0, 33.0, 33.0, 33.0, 33.0, 33.0, 33.0, 33.0, 33.0, 33.0, 33.0, 33.0, 33.0, 33.0, 33.0, 33.0, 33.0, 33.0, 33.0, 33.0, 33.0, 33.0, 33.0, 33.0, 33.0, 33.0, 33.0, 33.0, 33.0, 33.0, 33.0, 33.0, 33.0, 33.0, 33.0, 33.0, 33.0, 33.0, 33.0, 33.0, 33.0, 33.0, 33.0, 33.0, 33.0]",COMPLETE
