,number,value,datetime_start,datetime_complete,duration,params_batch_size_scaler,params_constant_learning_rate,params_depth,params_epochs,params_kernel_l2,params_num_trees,params_temperature,user_attrs_accuracy_test,user_attrs_accuracy_valid,user_attrs_approximate_feature_sparsity,user_attrs_approximate_feature_sparsity_history,user_attrs_approximate_weight_sparsity,user_attrs_approximate_weight_sparsity_history,user_attrs_auc_test,user_attrs_auc_valid,user_attrs_feature_sparsity,user_attrs_feature_sparsity_history,user_attrs_num_epochs,user_attrs_val_loss_history,user_attrs_weight_sparsity,user_attrs_weight_sparsity_history,state
10,10,0.7026445620950392,2024-08-31 01:02:49.049580,2024-08-31 01:03:39.447383,0 days 00:00:50.397803,16,2.48746490605933,2,460,0.059738420148252126,55,0.0010932355063534291,0.141,0.14125,3,"[33, 33, 33, 33, 33, 26, 20, 19, 14, 13, 11, 10, 9, 8, 8, 8, 8, 8, 8, 8, 8, 8, 8, 8, 8, 8, 8, 8, 8, 8, 7, 7, 7, 7, 7, 7, 7, 7, 7, 7, 7, 7, 7, 7, 7, 7, 7, 7, 7, 7, 7, 7, 7, 7, 7, 7, 7, 7, 7, 7, 7, 7, 7, 7, 7, 7, 7, 7, 7, 7, 7, 7, 7, 7, 7, 7, 7, 7, 7, 7, 7, 7, 7, 7, 7, 7, 7, 7, 7, 7, 7, 6, 6, 6, 6, 6, 6, 6, 6, 6, 6, 6, 6, 6, 6, 6, 6, 6, 6, 6, 6, 6, 6, 6, 6, 6, 6, 6, 6, 6, 6, 6, 6, 6, 6, 6, 6, 6, 6, 6, 6, 6, 6, 6, 6, 6, 6, 6, 6, 6, 6, 6, 6, 6, 6, 6, 6, 6, 6, 6, 6, 6, 6, 6, 6, 6, 5, 5, 5, 5, 5, 5, 5, 5, 5, 5, 5, 5, 5, 5, 5, 5, 5, 5, 5, 5, 5, 5, 5, 5, 5, 5, 5, 5, 5, 5, 5, 5, 5, 5, 5, 3, 3, 3, 3, 3, 3, 3, 3, 3, 3, 3, 3, 3, 3, 3, 3, 3, 3, 3, 3, 3, 3, 3, 3, 3, 3, 3, 3, 3, 3, 3, 3, 3, 3, 3, 3, 3, 3, 3, 3, 3, 3, 3, 3, 3, 3, 3, 3, 3, 3, 3, 3, 3, 3, 3, 3, 3, 3, 3, 3, 3, 3, 3, 3, 3, 3, 3, 3, 3, 3, 3, 3, 3, 3, 3, 3, 3, 3, 3, 3, 3, 3, 3, 3, 3, 3, 3, 3, 3, 3, 3, 3, 3, 3, 3, 3, 3, 3, 3, 3, 3, 3, 3, 3, 3, 3, 3, 3, 3, 3, 3, 3, 3, 3, 3, 3, 3, 3, 3, 3, 3, 3, 3, 3, 3, 3, 3, 3, 3, 3, 3, 3, 3, 3, 3, 3, 3, 3, 3, 3, 3, 3, 3, 3, 3, 3, 3, 3, 3, 3, 3, 3, 3, 3, 3, 3, 3, 3, 3, 3, 3, 3, 3, 3, 3, 3, 3, 3, 3, 3, 3, 3, 3, 3, 3, 3, 3, 3, 3, 3, 3, 3, 3, 3, 3, 3, 3, 3, 3, 3, 3, 3, 3, 3, 3, 3, 3, 3, 3, 3, 3, 3, 3, 3, 3, 3, 3, 3, 3, 3, 3, 3, 3, 3, 3, 3, 3, 3, 3, 3, 3, 3, 3, 3, 3, 3, 3, 3, 3, 3, 3, 3, 3, 3, 3, 3, 3, 3, 3, 3, 3, 3, 3, 3, 3, 3, 3, 3, 3, 3, 3, 3, 3, 3, 3, 3, 3, 3, 3, 3, 3, 3, 3, 3, 3, 3, 3, 3, 3]",2.193939393939394,"[32.99393939393939, 32.981818181818184, 32.97575757575758, 32.987878787878785, 32.97575757575758, 25.98787878787879, 19.993939393939392, 18.993939393939392, 13.987878787878788, 12.993939393939394, 11.0, 9.993939393939394, 8.993939393939394, 8.0, 7.993939393939394, 8.0, 8.0, 7.993939393939394, 8.0, 7.987878787878788, 7.987878787878788, 7.993939393939394, 8.0, 7.993939393939394, 7.993939393939394, 8.0, 7.993939393939394, 7.993939393939394, 7.987878787878788, 7.993939393939394, 7.0, 6.993939393939394, 6.987878787878788, 7.0, 7.0, 7.0, 6.987878787878788, 6.993939393939394, 6.993939393939394, 6.993939393939394, 7.0, 6.987878787878788, 6.993939393939394, 7.0, 6.987878787878788, 7.0, 7.0, 7.0, 7.0, 6.993939393939394, 6.993939393939394, 6.993939393939394, 7.0, 6.993939393939394, 7.0, 7.0, 6.993939393939394, 6.993939393939394, 6.993939393939394, 6.993939393939394, 6.987878787878788, 7.0, 6.993939393939394, 7.0, 7.0, 7.0, 7.0, 6.993939393939394, 6.993939393939394, 7.0, 6.993939393939394, 6.993939393939394, 7.0, 6.987878787878788, 7.0, 6.993939393939394, 6.993939393939394, 6.993939393939394, 6.9818181818181815, 7.0, 6.993939393939394, 6.975757575757576, 6.981818181818182, 6.981818181818182, 6.987878787878788, 6.981818181818182, 7.0, 6.975757575757576, 7.0, 6.987878787878788, 6.993939393939394, 6.0, 5.987878787878788, 6.0, 6.0, 6.0, 5.993939393939394, 6.0, 6.0, 5.993939393939394, 6.0, 5.993939393939394, 5.981818181818182, 6.0, 5.993939393939394, 6.0, 5.993939393939394, 6.0, 6.0, 6.0, 5.993939393939394, 5.987878787878788, 5.993939393939394, 5.993939393939394, 5.993939393939394, 5.987878787878788, 5.981818181818182, 5.993939393939394, 5.9818181818181815, 6.0, 5.9818181818181815, 6.0, 5.993939393939394, 5.9818181818181815, 6.0, 5.993939393939394, 5.9818181818181815, 5.993939393939394, 5.9818181818181815, 5.981818181818182, 5.987878787878788, 5.975757575757576, 5.9818181818181815, 5.9818181818181815, 5.993939393939394, 5.96969696969697, 5.9818181818181815, 5.987878787878788, 5.987878787878788, 5.96969696969697, 5.96969696969697, 5.9818181818181815, 5.987878787878788, 5.9818181818181815, 5.975757575757576, 5.9818181818181815, 5.981818181818182, 5.981818181818182, 5.993939393939394, 5.96969696969697, 5.981818181818182, 5.96969696969697, 5.975757575757576, 5.96969696969697, 5.975757575757576, 5.963636363636363, 4.993939393939394, 4.963636363636364, 4.987878787878788, 4.963636363636364, 4.96969696969697, 4.987878787878788, 4.96969696969697, 4.96969696969697, 4.987878787878788, 4.963636363636364, 4.957575757575758, 4.96969696969697, 4.963636363636364, 4.96969696969697, 4.96969696969697, 4.9818181818181815, 4.975757575757576, 4.9818181818181815, 4.96969696969697, 4.975757575757576, 4.963636363636364, 4.9818181818181815, 4.96969696969697, 4.96969696969697, 4.9818181818181815, 4.963636363636364, 4.987878787878788, 4.993939393939394, 4.963636363636364, 4.987878787878788, 4.963636363636364, 4.993939393939394, 4.975757575757576, 4.975757575757576, 4.975757575757576, 2.993939393939394, 2.993939393939394, 2.993939393939394, 2.987878787878788, 2.987878787878788, 2.987878787878788, 2.987878787878788, 2.987878787878788, 2.987878787878788, 2.9818181818181815, 2.9818181818181815, 2.9818181818181815, 2.987878787878788, 2.9818181818181815, 2.9818181818181815, 2.9818181818181815, 2.9818181818181815, 2.9818181818181815, 2.9818181818181815, 2.9818181818181815, 2.9818181818181815, 2.9757575757575756, 2.9757575757575756, 2.9757575757575756, 2.9757575757575756, 2.9696969696969697, 2.9696969696969697, 2.9696969696969697, 2.9696969696969697, 2.9757575757575756, 2.9757575757575756, 2.9757575757575756, 2.9757575757575756, 2.9757575757575756, 2.9757575757575756, 2.9757575757575756, 2.9757575757575756, 2.9757575757575756, 2.9757575757575756, 2.9757575757575756, 2.9757575757575756, 2.9696969696969697, 2.9696969696969697, 2.963636363636364, 2.963636363636364, 2.963636363636364, 2.963636363636364, 2.9575757575757575, 2.9575757575757575, 2.9575757575757575, 2.9575757575757575, 2.9454545454545453, 2.9575757575757575, 2.9575757575757575, 2.9454545454545453, 2.9575757575757575, 2.9454545454545453, 2.951515151515151, 2.9575757575757575, 2.951515151515151, 2.9575757575757575, 2.951515151515151, 2.9575757575757575, 2.951515151515151, 2.951515151515151, 2.951515151515151, 2.9575757575757575, 2.9454545454545453, 2.9454545454545453, 2.9515151515151516, 2.9515151515151516, 2.9515151515151516, 2.9515151515151516, 2.9393939393939394, 2.9393939393939394, 2.9393939393939394, 2.9333333333333336, 2.9333333333333336, 2.9212121212121214, 2.9212121212121214, 2.9212121212121214, 2.896969696969697, 2.896969696969697, 2.8848484848484848, 2.9030303030303033, 2.896969696969697, 2.8848484848484848, 2.8848484848484848, 2.8848484848484848, 2.8848484848484848, 2.8727272727272726, 2.8848484848484848, 2.890909090909091, 2.890909090909091, 2.890909090909091, 2.8545454545454545, 2.878787878787879, 2.8545454545454545, 2.8424242424242423, 2.8545454545454545, 2.8303030303030305, 2.8363636363636364, 2.824242424242424, 2.824242424242424, 2.812121212121212, 2.824242424242424, 2.806060606060606, 2.812121212121212, 2.812121212121212, 2.812121212121212, 2.793939393939394, 2.812121212121212, 2.8, 2.8, 2.8, 2.775757575757576, 2.8, 2.8, 2.7878787878787876, 2.7818181818181817, 2.7818181818181817, 2.7696969696969695, 2.787878787878788, 2.8, 2.8060606060606057, 2.8, 2.8060606060606057, 2.8060606060606057, 2.787878787878788, 2.793939393939394, 2.8060606060606057, 2.824242424242424, 2.824242424242424, 2.8181818181818183, 2.824242424242424, 2.812121212121212, 2.8121212121212125, 2.8121212121212125, 2.83030303030303, 2.8181818181818183, 2.824242424242424, 2.836363636363636, 2.8484848484848486, 2.8484848484848486, 2.8424242424242423, 2.8363636363636364, 2.8363636363636364, 2.8363636363636364, 2.8363636363636364, 2.8424242424242423, 2.8303030303030305, 2.8484848484848486, 2.8424242424242423, 2.83030303030303, 2.824242424242424, 2.8424242424242423, 2.8363636363636364, 2.8424242424242423, 2.8424242424242423, 2.8424242424242423, 2.848484848484848, 2.848484848484848, 2.8424242424242423, 2.83030303030303, 2.83030303030303, 2.824242424242424, 2.8303030303030305, 2.8303030303030305, 2.824242424242424, 2.818181818181818, 2.812121212121212, 2.806060606060606, 2.812121212121212, 2.806060606060606, 2.8060606060606057, 2.8060606060606057, 2.8060606060606057, 2.8060606060606057, 2.8060606060606057, 2.8, 2.787878787878788, 2.787878787878788, 2.793939393939394, 2.793939393939394, 2.793939393939394, 2.793939393939394, 2.787878787878788, 2.787878787878788, 2.787878787878788, 2.7696969696969695, 2.7757575757575754, 2.7696969696969695, 2.7515151515151515, 2.7454545454545456, 2.7454545454545456, 2.7454545454545456, 2.7454545454545456, 2.7454545454545456, 2.7454545454545456, 2.7454545454545456, 2.7454545454545456, 2.7454545454545456, 2.7454545454545456, 2.745454545454545, 2.745454545454545, 2.7393939393939393, 2.7393939393939393, 2.7393939393939393, 2.745454545454545, 2.7393939393939393, 2.727272727272727, 2.727272727272727, 2.721212121212121, 2.721212121212121, 2.7151515151515153, 2.703030303030303, 2.696969696969697, 2.6848484848484846, 2.6848484848484846, 2.6848484848484846, 2.6787878787878787, 2.672727272727273, 2.6787878787878787, 2.6666666666666665, 2.6606060606060606, 2.6545454545454543, 2.6484848484848484, 2.6363636363636362, 2.63030303030303, 2.624242424242424, 2.618181818181818, 2.618181818181818, 2.5999999999999996, 2.5939393939393938, 2.581818181818182, 2.581818181818182, 2.56969696969697, 2.5757575757575757, 2.56969696969697, 2.5575757575757576, 2.533333333333333, 2.533333333333333, 2.503030303030303, 2.496969696969697, 2.484848484848485, 2.466666666666667, 2.4606060606060605, 2.4545454545454546, 2.4484848484848487, 2.4545454545454546, 2.4424242424242424, 2.4424242424242424, 2.4242424242424243, 2.4060606060606062, 2.3878787878787877, 2.381818181818182, 2.3575757575757574, 2.375757575757576, 2.3515151515151516, 2.3212121212121213, 2.296969696969697, 2.2727272727272725, 2.2606060606060607, 2.242424242424242, 2.224242424242424, 2.2121212121212124, 2.2121212121212124, 2.2, 2.193939393939394]",0.6733419199299863,0.7026445620950392,3,"[33, 33, 33, 33, 33, 26, 20, 19, 14, 13, 11, 10, 9, 8, 8, 8, 8, 8, 8, 8, 8, 8, 8, 8, 8, 8, 8, 8, 8, 8, 7, 7, 7, 7, 7, 7, 7, 7, 7, 7, 7, 7, 7, 7, 7, 7, 7, 7, 7, 7, 7, 7, 7, 7, 7, 7, 7, 7, 7, 7, 7, 7, 7, 7, 7, 7, 7, 7, 7, 7, 7, 7, 7, 7, 7, 7, 7, 7, 7, 7, 7, 7, 7, 7, 7, 7, 7, 7, 7, 7, 7, 6, 6, 6, 6, 6, 6, 6, 6, 6, 6, 6, 6, 6, 6, 6, 6, 6, 6, 6, 6, 6, 6, 6, 6, 6, 6, 6, 6, 6, 6, 6, 6, 6, 6, 6, 6, 6, 6, 6, 6, 6, 6, 6, 6, 6, 6, 6, 6, 6, 6, 6, 6, 6, 6, 6, 6, 6, 6, 6, 6, 6, 6, 6, 6, 6, 5, 5, 5, 5, 5, 5, 5, 5, 5, 5, 5, 5, 5, 5, 5, 5, 5, 5, 5, 5, 5, 5, 5, 5, 5, 5, 5, 5, 5, 5, 5, 5, 5, 5, 5, 3, 3, 3, 3, 3, 3, 3, 3, 3, 3, 3, 3, 3, 3, 3, 3, 3, 3, 3, 3, 3, 3, 3, 3, 3, 3, 3, 3, 3, 3, 3, 3, 3, 3, 3, 3, 3, 3, 3, 3, 3, 3, 3, 3, 3, 3, 3, 3, 3, 3, 3, 3, 3, 3, 3, 3, 3, 3, 3, 3, 3, 3, 3, 3, 3, 3, 3, 3, 3, 3, 3, 3, 3, 3, 3, 3, 3, 3, 3, 3, 3, 3, 3, 3, 3, 3, 3, 3, 3, 3, 3, 3, 3, 3, 3, 3, 3, 3, 3, 3, 3, 3, 3, 3, 3, 3, 3, 3, 3, 3, 3, 3, 3, 3, 3, 3, 3, 3, 3, 3, 3, 3, 3, 3, 3, 3, 3, 3, 3, 3, 3, 3, 3, 3, 3, 3, 3, 3, 3, 3, 3, 3, 3, 3, 3, 3, 3, 3, 3, 3, 3, 3, 3, 3, 3, 3, 3, 3, 3, 3, 3, 3, 3, 3, 3, 3, 3, 3, 3, 3, 3, 3, 3, 3, 3, 3, 3, 3, 3, 3, 3, 3, 3, 3, 3, 3, 3, 3, 3, 3, 3, 3, 3, 3, 3, 3, 3, 3, 3, 3, 3, 3, 3, 3, 3, 3, 3, 3, 3, 3, 3, 3, 3, 3, 3, 3, 3, 3, 3, 3, 3, 3, 3, 3, 3, 3, 3, 3, 3, 3, 3, 3, 3, 3, 3, 3, 3, 3, 3, 3, 3, 3, 3, 3, 3, 3, 3, 3, 3, 3, 3, 3, 3, 3, 3, 3, 3, 3, 3, 3, 3, 3, 3, 3, 3, 3, 3, 3, 3]",460,"[4.36793327331543, 6.399590969085693, 0.9254509806632996, 0.5024571418762207, 0.5367810130119324, 0.4093517065048218, 2.537768840789795, 0.6491945385932922, 0.4807550013065338, 0.5327339172363281, 1.7141845226287842, 0.30902495980262756, 2.0949547290802, 0.564978837966919, 1.308356523513794, 6.529879093170166, 1.63755464553833, 2.863288164138794, 2.3778634071350098, 0.3611847758293152, 0.5452237129211426, 0.5864968299865723, 0.5042582154273987, 0.5154703855514526, 0.9164661169052124, 1.4038856029510498, 0.41905897855758667, 0.3877587914466858, 0.35566967725753784, 0.33614104986190796, 0.35880061984062195, 1.1259260177612305, 0.7488471269607544, 0.5515145659446716, 0.5441051721572876, 0.31909728050231934, 0.8510294556617737, 0.429383784532547, 0.4151553213596344, 0.4291539490222931, 2.1520485877990723, 0.6358806490898132, 0.30770519375801086, 0.7397528886795044, 0.3717899024486542, 3.300150156021118, 0.4215408265590668, 0.5528340339660645, 0.3675908148288727, 0.7946732044219971, 0.3119325041770935, 0.4539375305175781, 0.5031613707542419, 0.8242034912109375, 0.2999439537525177, 1.366519808769226, 1.1987731456756592, 0.3951532244682312, 0.36354196071624756, 0.9272611737251282, 0.6354180574417114, 0.3892984390258789, 0.3799276351928711, 0.34059426188468933, 0.3042568564414978, 0.32924696803092957, 0.7984235882759094, 0.620974600315094, 0.39934393763542175, 1.1999729871749878, 0.3197297155857086, 0.3645690083503723, 1.818892240524292, 1.40883207321167, 0.7130247354507446, 0.46200862526893616, 0.395867258310318, 0.5530185103416443, 0.31743043661117554, 2.9591410160064697, 0.31824958324432373, 0.718010663986206, 0.30680060386657715, 0.5029488801956177, 3.146993398666382, 0.37303030490875244, 0.4692971110343933, 0.33134210109710693, 2.6831421852111816, 0.294147789478302, 1.6539040803909302, 4.854714870452881, 0.43852055072784424, 0.567043125629425, 1.3634182214736938, 4.20044469833374, 0.5401431322097778, 0.38947048783302307, 0.803128182888031, 0.7598169445991516, 1.439681053161621, 4.9960246086120605, 0.5649022459983826, 0.3840143084526062, 2.74141001701355, 3.3671908378601074, 0.446200966835022, 0.39236128330230713, 0.38873088359832764, 0.4145983159542084, 0.7136330604553223, 1.3669254779815674, 0.6431189775466919, 0.7455795407295227, 1.1038122177124023, 2.306006669998169, 0.6047166585922241, 0.6145405173301697, 0.666415810585022, 0.4293888807296753, 0.528371274471283, 0.4626392424106598, 0.5973922610282898, 0.5348256230354309, 0.8215380311012268, 0.7985174059867859, 0.7564898729324341, 0.762511134147644, 1.2108285427093506, 2.1302101612091064, 0.38549506664276123, 0.6736019849777222, 0.9365518689155579, 0.4882383644580841, 1.04319429397583, 0.4310295879840851, 0.4920196235179901, 0.454732745885849, 0.7125862240791321, 0.8165565729141235, 0.7128766775131226, 0.4570774734020233, 0.6466428637504578, 0.38739195466041565, 2.2197179794311523, 3.022001028060913, 1.7351704835891724, 1.103519082069397, 0.4186379313468933, 0.5083757042884827, 0.4633522033691406, 0.44503799080848694, 0.5318045616149902, 0.4651317298412323, 0.5721476674079895, 0.7314384579658508, 0.4105800688266754, 0.594021201133728, 2.5155041217803955, 1.0004992485046387, 0.40097737312316895, 0.8227663636207581, 1.4746819734573364, 3.794722557067871, 0.46636393666267395, 0.5327430963516235, 1.0606205463409424, 0.3823825716972351, 2.7825796604156494, 0.7124590277671814, 1.0625454187393188, 0.9431195259094238, 0.9921501278877258, 0.8694658875465393, 1.4261589050292969, 0.408705472946167, 0.431830495595932, 2.015791177749634, 1.109488844871521, 1.2978951930999756, 4.8096232414245605, 1.303949236869812, 0.7453733682632446, 0.5908465385437012, 0.6361644864082336, 0.40169474482536316, 4.233794212341309, 0.4956245720386505, 0.7222921252250671, 0.4243825674057007, 0.7180467247962952, 7.255087852478027, 3.1550867557525635, 0.7702507972717285, 0.4421463906764984, 0.698639452457428, 1.7054966688156128, 1.859889030456543, 0.5673986077308655, 0.5139140486717224, 0.8343532681465149, 1.1248074769973755, 0.7381088733673096, 4.325864791870117, 0.6867061853408813, 0.7109205722808838, 0.6925667524337769, 1.9871107339859009, 1.4895679950714111, 1.824202299118042, 0.9161710143089294, 4.836345672607422, 3.7314558029174805, 2.97304630279541, 0.5299345254898071, 5.590148448944092, 0.593193531036377, 0.5307472348213196, 4.744119644165039, 5.458422660827637, 0.6699188351631165, 3.098679780960083, 0.8740032911300659, 0.630782961845398, 0.7882606983184814, 0.5901367664337158, 0.5391851663589478, 0.9248755574226379, 1.2582671642303467, 1.0002957582473755, 1.0259103775024414, 1.1291226148605347, 0.7202789783477783, 1.6032578945159912, 1.2800849676132202, 2.0019469261169434, 0.564792275428772, 0.5699583888053894, 1.139209508895874, 2.2236921787261963, 0.5490704774856567, 0.6312523484230042, 0.7860457897186279, 1.542170763015747, 1.0340173244476318, 0.594882607460022, 6.9828338623046875, 4.342306137084961, 0.6068839430809021, 0.6012252569198608, 0.5953402519226074, 5.753756523132324, 4.167481422424316, 0.6797787547111511, 0.5212351679801941, 2.5133883953094482, 1.2301520109176636, 0.6055895686149597, 0.6561974287033081, 0.785829484462738, 2.1620616912841797, 0.5285717248916626, 0.7106980085372925, 2.3562655448913574, 3.579479932785034, 0.561718225479126, 0.5598475337028503, 3.4440152645111084, 0.5287115573883057, 2.0307130813598633, 5.924760341644287, 3.6374361515045166, 0.5234142541885376, 1.0905423164367676, 1.7465569972991943, 0.6823943853378296, 3.839961528778076, 1.1326960325241089, 2.5348267555236816, 0.8823297619819641, 0.5585230588912964, 0.5640537142753601, 2.246730089187622, 0.9351907968521118, 0.8257078528404236, 2.3411989212036133, 1.6598156690597534, 0.5482732653617859, 0.6725912690162659, 1.9088777303695679, 5.860383987426758, 4.086853981018066, 0.5789633393287659, 2.4041550159454346, 1.5654183626174927, 4.5356221199035645, 5.822290420532227, 4.297018051147461, 5.999091625213623, 0.4826931059360504, 0.7553500533103943, 0.4906342327594757, 0.609667956829071, 1.6852928400039673, 0.5944814085960388, 4.768569469451904, 0.8157299160957336, 0.6776670217514038, 0.5780439972877502, 1.3233472108840942, 6.0303473472595215, 6.107443809509277, 0.4921351969242096, 0.7003837823867798, 0.5451794266700745, 0.8282670378684998, 4.121994972229004, 2.407036781311035, 0.5735026001930237, 1.129207730293274, 0.8700284361839294, 0.8036215901374817, 0.8880982995033264, 0.5292195081710815, 6.801417827606201, 0.6417427659034729, 0.9173507690429688, 1.0299227237701416, 0.9597843885421753, 1.2457222938537598, 0.9156597852706909, 0.6019799709320068, 0.7687121033668518, 1.281895399093628, 0.5339550971984863, 1.2015255689620972, 3.887897253036499, 0.660448431968689, 0.6010520458221436, 5.193080902099609, 3.9499096870422363, 1.3210382461547852, 0.6884562969207764, 1.8920191526412964, 1.418188214302063, 0.720883846282959, 1.3887614011764526, 4.90356969833374, 6.177979946136475, 1.104650855064392, 2.592851161956787, 0.9062447547912598, 3.083892583847046, 1.6992982625961304, 2.238386392593384, 0.5545118451118469, 2.6649227142333984, 0.6357982158660889, 0.8257834911346436, 0.9743866920471191, 2.8286538124084473, 2.237927198410034, 0.6725264191627502, 2.448338031768799, 0.6440724730491638, 0.5613169074058533, 0.7916993498802185, 0.8985978960990906, 1.0825544595718384, 0.5436062812805176, 3.844820022583008, 3.950826644897461, 2.0790088176727295, 5.865772724151611, 1.476262092590332, 0.5824853181838989, 0.5811941623687744, 2.7559845447540283, 1.263002634048462, 0.5005068778991699, 4.376246452331543, 0.6034626364707947, 1.8763023614883423, 3.5163660049438477, 0.8308269381523132, 3.927154541015625, 0.7899670600891113, 1.1854712963104248, 0.9202544689178467, 2.0015478134155273, 1.2575055360794067, 2.120648145675659, 2.204674482345581, 0.8358864784240723, 1.4662610292434692, 0.7375728487968445, 0.6304780840873718, 0.7705010771751404, 2.053961753845215, 4.278322696685791, 0.665947437286377, 2.8086020946502686, 1.946639895439148, 0.5954374670982361, 1.3244600296020508, 1.7046313285827637, 0.588971734046936, 0.5012781620025635, 2.2127604484558105, 0.5138207077980042, 3.0732860565185547, 5.062047958374023, 1.606917381286621, 3.803999423980713, 1.0792323350906372, 0.5732696652412415, 2.5381479263305664, 0.56090247631073, 1.2806373834609985, 1.8584834337234497, 1.185462236404419, 4.967678070068359, 0.5321484208106995, 1.1555413007736206, 0.5846518278121948, 0.5487410426139832, 0.5639284253120422, 1.8404062986373901, 4.947817802429199, 0.5009142160415649, 5.837852954864502, 1.1771693229675293, 0.9866978526115417, 0.5765752196311951, 0.527824878692627, 3.3168141841888428, 1.4163780212402344, 0.9187600016593933, 4.401644706726074, 0.7311965823173523, 0.9792293310165405, 0.6164761185646057, 0.559747040271759, 0.7090227007865906, 0.7277904748916626, 0.6886650919914246, 1.977247714996338, 3.3761746883392334, 0.7203460931777954, 0.5921671390533447, 0.47643977403640747, 3.7551345825195312, 4.547918319702148, 4.354461193084717, 1.231745719909668, 0.6752592325210571, 3.539201021194458, 0.5595334768295288, 0.46883541345596313, 1.4913322925567627]",3.0,"[33.0, 33.0, 33.0, 33.0, 33.0, 26.0, 20.0, 19.0, 14.0, 13.0, 11.0, 10.0, 9.0, 8.0, 8.0, 8.0, 8.0, 8.0, 8.0, 8.0, 8.0, 8.0, 8.0, 8.0, 8.0, 8.0, 8.0, 8.0, 8.0, 8.0, 7.0, 7.0, 7.0, 7.0, 7.0, 7.0, 7.0, 7.0, 7.0, 7.0, 7.0, 7.0, 7.0, 7.0, 7.0, 7.0, 7.0, 7.0, 7.0, 7.0, 7.0, 7.0, 7.0, 7.0, 7.0, 7.0, 7.0, 7.0, 7.0, 7.0, 7.0, 7.0, 7.0, 7.0, 7.0, 7.0, 7.0, 7.0, 7.0, 7.0, 7.0, 7.0, 7.0, 7.0, 7.0, 7.0, 7.0, 7.0, 7.0, 7.0, 7.0, 7.0, 7.0, 7.0, 7.0, 7.0, 7.0, 7.0, 7.0, 7.0, 7.0, 6.0, 6.0, 6.0, 6.0, 6.0, 6.0, 6.0, 6.0, 6.0, 6.0, 6.0, 6.0, 6.0, 6.0, 6.0, 6.0, 6.0, 6.0, 6.0, 6.0, 6.0, 6.0, 6.0, 6.0, 6.0, 6.0, 6.0, 6.0, 6.0, 6.0, 6.0, 6.0, 6.0, 6.0, 6.0, 6.0, 6.0, 6.0, 6.0, 6.0, 6.0, 6.0, 6.0, 6.0, 6.0, 6.0, 6.0, 6.0, 6.0, 6.0, 6.0, 6.0, 6.0, 6.0, 6.0, 6.0, 6.0, 6.0, 6.0, 6.0, 6.0, 6.0, 6.0, 6.0, 6.0, 5.0, 5.0, 5.0, 5.0, 5.0, 5.0, 5.0, 5.0, 5.0, 5.0, 5.0, 5.0, 5.0, 5.0, 5.0, 5.0, 5.0, 5.0, 5.0, 5.0, 5.0, 5.0, 5.0, 5.0, 5.0, 5.0, 5.0, 5.0, 5.0, 5.0, 5.0, 5.0, 5.0, 5.0, 5.0, 3.0, 3.0, 3.0, 3.0, 3.0, 3.0, 3.0, 3.0, 3.0, 3.0, 3.0, 3.0, 3.0, 3.0, 3.0, 3.0, 3.0, 3.0, 3.0, 3.0, 3.0, 3.0, 3.0, 