,number,value,datetime_start,datetime_complete,duration,params_batch_size_scaler,params_constant_learning_rate,params_depth,params_epochs,params_kernel_l2,params_num_trees,params_temperature,user_attrs_accuracy_test,user_attrs_accuracy_valid,user_attrs_approximate_feature_sparsity,user_attrs_approximate_feature_sparsity_history,user_attrs_approximate_weight_sparsity,user_attrs_approximate_weight_sparsity_history,user_attrs_auc_test,user_attrs_auc_valid,user_attrs_feature_sparsity,user_attrs_feature_sparsity_history,user_attrs_num_epochs,user_attrs_val_loss_history,user_attrs_weight_sparsity,user_attrs_weight_sparsity_history,state
135,135,0.9233424791642514,2024-08-31 06:23:04.792759,2024-08-31 06:27:14.199363,0 days 00:04:09.406604,1,0.015665989911745403,4,225,0.08624382452036132,31,0.0037342110900456726,0.934,0.93625,33,"[33, 33, 33, 33, 33, 33, 33, 33, 33, 33, 33, 33, 33, 33, 33, 33, 33, 33, 33, 33, 33, 33, 33, 33, 33, 33, 33, 33, 33, 33, 33, 33, 33, 33, 33, 33, 33, 33, 33, 33, 33, 33, 33, 33, 33, 33, 33, 33, 33, 33, 33, 33, 33, 33, 33, 33, 33, 33, 33, 33, 33, 33, 33, 33, 33, 33, 33, 33, 33, 33, 33, 33, 33, 33, 33, 33, 33, 33, 33, 33, 33, 33, 33, 33, 33, 33, 33, 33, 33, 33, 33, 33, 33, 33, 33, 33, 33, 33, 33, 33, 33, 33, 33, 33, 33, 33, 33, 33, 33, 33, 33, 33, 33, 33, 33, 33, 33, 33, 33, 33, 33, 33, 33, 33, 33, 33, 33, 33, 33, 33, 33, 33, 33, 33, 33, 33, 33, 33, 33, 33, 33, 33, 33, 33, 33, 33, 33, 33, 33, 33, 33, 33, 33, 33, 33, 33, 33, 33, 33, 33, 33, 33, 33, 33, 33, 33, 33, 33, 33, 33, 33, 33, 33, 33, 33, 33, 33, 33, 33, 33, 33, 33, 33, 33, 33, 33, 33, 33, 33, 33, 33, 33, 33, 33, 33, 33, 33, 33, 33, 33, 33, 33, 33, 33, 33, 33, 33, 33, 33, 33, 33, 33, 33, 33, 33, 33, 33, 33, 33, 33, 33, 33, 33, 33, 33]",32.946236559139784,"[32.961290322580645, 32.95913978494624, 32.96344086021505, 32.96774193548387, 32.9741935483871, 32.976344086021506, 32.976344086021506, 32.972043010752685, 32.976344086021506, 32.965591397849465, 32.96344086021506, 32.9741935483871, 32.965591397849465, 32.98924731182796, 32.97849462365591, 32.961290322580645, 32.96344086021506, 32.97849462365591, 32.9741935483871, 32.980645161290326, 32.9741935483871, 32.96344086021505, 32.96344086021506, 32.961290322580645, 32.956989247311824, 32.95913978494623, 32.96774193548387, 32.972043010752685, 32.965591397849465, 32.965591397849465, 32.96774193548387, 32.96774193548387, 32.965591397849465, 32.95698924731183, 32.956989247311824, 32.97849462365592, 32.96774193548387, 32.965591397849465, 32.95913978494624, 32.950537634408605, 32.95913978494623, 32.976344086021506, 32.972043010752685, 32.96774193548387, 32.961290322580645, 32.96774193548387, 32.9741935483871, 32.97419354838709, 32.980645161290326, 32.980645161290326, 32.96989247311828, 32.9741935483871, 32.9741935483871, 32.96989247311828, 32.96774193548387, 32.96774193548387, 32.98279569892473, 32.9741935483871, 32.9741935483871, 32.965591397849465, 32.98279569892473, 32.96344086021506, 32.965591397849465, 32.96989247311828, 32.98494623655914, 32.976344086021506, 32.98279569892473, 32.96774193548387, 32.96989247311828, 32.976344086021506, 32.98494623655914, 32.9741935483871, 32.96989247311828, 32.965591397849465, 32.96989247311828, 32.9741935483871, 32.972043010752685, 32.96774193548387, 32.94408602150538, 32.97204301075269, 32.96774193548387, 32.97204301075269, 32.96774193548387, 32.976344086021506, 32.965591397849465, 32.961290322580645, 32.96344086021505, 32.97204301075269, 32.9741935483871, 32.980645161290326, 32.976344086021506, 32.96774193548387, 32.96989247311828, 32.972043010752685, 32.9741935483871, 32.96774193548387, 32.95913978494624, 32.9741935483871, 32.961290322580645, 32.961290322580645, 32.9741935483871, 32.972043010752685, 32.9741935483871, 32.97204301075269, 32.97849462365592, 32.972043010752685, 32.972043010752685, 32.97849462365591, 32.98279569892473, 32.97204301075269, 32.98494623655914, 32.987096774193546, 32.980645161290326, 32.976344086021506, 32.97849462365592, 32.976344086021506, 32.96989247311828, 32.98494623655914, 32.97849462365592, 32.965591397849465, 32.965591397849465, 32.961290322580645, 32.961290322580645, 32.961290322580645, 32.95913978494624, 32.96344086021506, 32.96344086021505, 32.96989247311828, 32.972043010752685, 32.94838709677419, 32.965591397849465, 32.97849462365591, 32.965591397849465, 32.961290322580645, 32.9741935483871, 32.96344086021506, 32.972043010752685, 32.961290322580645, 32.95913978494624, 32.950537634408605, 32.956989247311824, 32.95268817204301, 32.95483870967742, 32.972043010752685, 32.976344086021506, 32.96344086021506, 32.961290322580645, 32.96989247311828, 32.965591397849465, 32.96344086021506, 32.96774193548387, 32.95913978494624, 32.96774193548387, 32.96989247311828, 32.972043010752685, 32.98279569892473, 32.976344086021506, 32.965591397849465, 32.96344086021505, 32.96344086021506, 32.956989247311824, 32.961290322580645, 32.96344086021506, 32.9483870967742, 32.95483870967742, 32.94838709677419, 32.95268817204301, 32.95913978494624, 32.96989247311828, 32.97204301075269, 32.95913978494624, 32.9741935483871, 32.9741935483871, 32.96559139784946, 32.972043010752685, 32.97204301075269, 32.96344086021505, 32.9505376344086, 32.94838709677419, 32.952688172043004, 32.972043010752685, 32.965591397849465, 32.965591397849465, 32.96129032258065, 32.969892473118286, 32.97204301075269, 32.96774193548387, 32.96989247311828, 32.96989247311828, 32.96774193548387, 32.97849462365591, 32.97204301075269, 32.965591397849465, 32.96774193548387, 32.97204301075269, 32.9741935483871, 32.969892473118286, 32.96344086021506, 32.96774193548387, 32.976344086021506, 32.96774193548387, 32.96989247311828, 32.97204301075269, 32.976344086021506, 32.97849462365592, 32.976344086021506, 32.976344086021506, 32.96774193548387, 32.956989247311824, 32.956989247311824, 32.950537634408605, 32.96344086021505, 32.96344086021505, 32.96344086021506, 32.95268817204301, 32.950537634408605, 32.961290322580645, 32.961290322580645, 32.96344086021505, 32.956989247311824, 32.95913978494624, 32.96774193548387, 32.95483870967742, 32.94838709677419, 32.946236559139784]",0.9079087508978774,0.9233424791642514,33,"[33, 33, 33, 33, 33, 33, 33, 33, 33, 33, 33, 33, 33, 33, 33, 33, 33, 33, 33, 33, 33, 33, 33, 33, 33, 33, 33, 33, 33, 33, 33, 33, 33, 33, 33, 33, 33, 33, 33, 33, 33, 33, 33, 33, 33, 33, 33, 33, 33, 33, 33, 33, 33, 33, 33, 33, 33, 33, 33, 33, 33, 33, 33, 33, 33, 33, 33, 33, 33, 33, 33, 33, 33, 33, 33, 33, 33, 33, 33, 33, 33, 33, 33, 33, 33, 33, 33, 33, 33, 33, 33, 33, 33, 33, 33, 33, 33, 33, 33, 33, 33, 33, 33, 33, 33, 33, 33, 33, 33, 33, 33, 33, 33, 33, 33, 33, 33, 33, 33, 33, 33, 33, 33, 33, 33, 33, 33, 33, 33, 33, 33, 33, 33, 33, 33, 33, 33, 33, 33, 33, 33, 33, 33, 33, 33, 33, 33, 33, 33, 33, 33, 33, 33, 33, 33, 33, 33, 33, 33, 33, 33, 33, 33, 33, 33, 33, 33, 33, 33, 33, 33, 33, 33, 33, 33, 33, 33, 33, 33, 33, 33, 33, 33, 33, 33, 33, 33, 33, 33, 33, 33, 33, 33, 33, 33, 33, 33, 33, 33, 33, 33, 33, 33, 33, 33, 33, 33, 33, 33, 33, 33, 33, 33, 33, 33, 33, 33, 33, 33, 33, 33, 33, 33, 33, 33]",225,"[0.40849167108535767, 0.39936763048171997, 0.394054114818573, 0.3903004825115204, 0.38701722025871277, 0.3844929039478302, 0.38229095935821533, 0.3802787661552429, 0.3786233067512512, 0.3773267865180969, 0.37562987208366394, 0.37441277503967285, 0.3729686737060547, 0.37158358097076416, 0.37042009830474854, 0.3690248131752014, 0.3679870665073395, 0.36673569679260254, 0.36556416749954224, 0.36443066596984863, 0.36383742094039917, 0.36215391755104065, 0.3609722852706909, 0.35985028743743896, 0.3585970997810364, 0.3573635220527649, 0.3562418818473816, 0.3554067611694336, 0.3540489971637726, 0.3527835011482239, 0.3515622615814209, 0.350401371717453, 0.34902650117874146, 0.34792259335517883, 0.3466357886791229, 0.3454532325267792, 0.3441767394542694, 0.34295654296875, 0.3415728509426117, 0.3403301239013672, 0.3390408456325531, 0.3376387059688568, 0.3364369571208954, 0.33482471108436584, 0.33336493372917175, 0.33201634883880615, 0.3304502069950104, 0.3289579749107361, 0.32750555872917175, 0.3261708915233612, 0.3244503438472748, 0.32304468750953674, 0.32152020931243896, 0.31970110535621643, 0.318259596824646, 0.31670793890953064, 0.3150668144226074, 0.3133152425289154, 0.3118530511856079, 0.30992770195007324, 0.3083708882331848, 0.30681750178337097, 0.3052431344985962, 0.30358535051345825, 0.3020051419734955, 0.3004540503025055, 0.29899701476097107, 0.297492116689682, 0.29606541991233826, 0.29465147852897644, 0.29328057169914246, 0.29191920161247253, 0.29056254029273987, 0.2893461287021637, 0.2879927456378937, 0.28689926862716675, 0.2858247458934784, 0.28437748551368713, 0.2831686735153198, 0.2820318043231964, 0.280981183052063, 0.2798040807247162, 0.2790045440196991, 0.2780880033969879, 0.2772715091705322, 0.27618545293807983, 0.27531182765960693, 0.2744874656200409, 0.2733864486217499, 0.272467702627182, 0.2715805768966675, 0.27078986167907715, 0.26996535062789917, 0.26919278502464294, 0.2683935761451721, 0.2676626443862915, 0.266889750957489, 0.2661419212818146, 0.26542842388153076, 0.2648828327655792, 0.26386308670043945, 0.2632232904434204, 0.2624157965183258, 0.26187267899513245, 0.2612965404987335, 0.2604859471321106, 0.2600097358226776, 0.25932207703590393, 0.25857222080230713, 0.25803256034851074, 0.25735947489738464, 0.25661003589630127, 0.25636157393455505, 0.2554900050163269, 0.2549501657485962, 0.25421643257141113, 0.253642737865448, 0.2533330023288727, 0.25246840715408325, 0.2519064247608185, 0.2513030171394348, 0.2512238323688507, 0.25094205141067505, 0.2498517632484436, 0.24923810362815857, 0.24871814250946045, 0.24826614558696747, 0.24794672429561615, 0.24712346494197845, 0.24682986736297607, 0.24635636806488037, 0.24570751190185547, 0.24504859745502472, 0.24496056139469147, 0.24435357749462128, 0.24362310767173767, 0.2434121072292328, 0.24306514859199524, 0.24233609437942505, 0.2426266223192215, 0.24162153899669647, 0.24110357463359833, 0.24068233370780945, 0.24053354561328888, 0.24009832739830017, 0.23952142894268036, 0.23908813297748566, 0.238555908203125, 0.23796355724334717, 0.2375580072402954, 0.23732303082942963, 0.2372024953365326, 0.23661231994628906, 0.23626768589019775, 0.2361036241054535, 0.23543724417686462, 0.23491553962230682, 0.23465457558631897, 0.23430457711219788, 0.23383373022079468, 0.23380796611309052, 0.23353905975818634, 0.23268461227416992, 0.2325933277606964, 0.23232156038284302, 0.231686070561409, 0.23135912418365479, 0.23128339648246765, 0.23095035552978516, 0.23040568828582764, 0.23019108176231384, 0.22988241910934448, 0.22921039164066315, 0.22893297672271729, 0.22891049087047577, 0.22853994369506836, 0.22811321914196014, 0.22780948877334595, 0.2280174195766449, 0.22751106321811676, 0.2269349843263626, 0.22647185623645782, 0.22637873888015747, 0.22624334692955017, 0.22567535936832428, 0.22556960582733154, 0.22529788315296173, 0.22495079040527344, 0.2248588502407074, 0.22443105280399323, 0.2244781106710434, 0.2240944355726242, 0.22408555448055267, 0.22391708195209503, 0.22343909740447998, 0.22307969629764557, 0.22325663268566132, 0.2227778434753418, 0.22230595350265503, 0.2223908007144928, 0.22245657444000244, 0.22187334299087524, 0.22127828001976013, 0.2210451364517212, 0.22096121311187744, 0.2207578867673874, 0.2205505222082138, 0.22016221284866333, 0.2202102541923523, 0.2200276255607605, 0.2196170687675476, 0.2200525999069214, 0.21956074237823486, 0.21941795945167542, 0.21874010562896729, 0.218692347407341, 0.21846221387386322, 0.2186293601989746, 0.21857424080371857, 0.21837247908115387, 0.21790510416030884, 0.21784919500350952, 0.21739578247070312, 0.21713843941688538, 0.21727146208286285]",33.0,"[33.0, 33.0, 33.0, 33.0, 33.0, 33.0, 33.0, 33.0, 33.0, 33.0, 33.0, 33.0, 33.0, 33.0, 33.0, 33.0, 33.0, 33.0, 33.0, 33.0, 33.0, 33.0, 33.0, 33.0, 33.0, 33.0, 33.0, 33.0, 33.0, 33.0, 33.0, 33.0, 33.0, 33.0, 33.0, 33.0, 33.0, 33.0, 33.0, 33.0, 33.0, 33.0, 33.0, 33.0, 33.0, 33.0, 33.0, 33.0, 33.0, 33.0, 33.0, 33.0, 33.0, 33.0, 33.0, 33.0, 33.0, 33.0, 33.0, 33.0, 33.0, 33.0, 33.0, 33.0, 33.0, 33.0, 33.0, 33.0, 33.0, 33.0, 33.0, 33.0, 33.0, 33.0, 33.0, 33.0, 33.0, 33.0, 33.0, 33.0, 33.0, 33.0, 33.0, 33.0, 33.0, 33.0, 33.0, 33.0, 33.0, 33.0, 33.0, 33.0, 33.0, 33.0, 33.0, 33.0, 33.0, 33.0, 33.0, 33.0, 33.0, 33.0, 33.0, 33.0, 33.0, 33.0, 33.0, 33.0, 33.0, 33.0, 33.0, 33.0, 33.0, 33.0, 33.0, 33.0, 33.0, 33.0, 33.0, 33.0, 33.0, 33.0, 33.0, 33.0, 33.0, 33.0, 33.0, 33.0, 33.0, 33.0, 33.0, 33.0, 33.0, 33.0, 33.0, 33.0, 33.0, 33.0, 33.0, 33.0, 33.0, 33.0, 33.0, 33.0, 33.0, 33.0, 33.0, 33.0, 33.0, 33.0, 33.0, 33.0, 33.0, 33.0, 33.0, 33.0, 33.0, 33.0, 33.0, 33.0, 33.0, 33.0, 33.0, 33.0, 33.0, 33.0, 33.0, 33.0, 33.0, 33.0, 33.0, 33.0, 33.0, 33.0, 33.0, 33.0, 33.0, 33.0, 33.0, 33.0, 33.0, 33.0, 33.0, 33.0, 33.0, 33.0, 33.0, 33.0, 33.0, 33.0, 33.0, 33.0, 33.0, 33.0, 33.0, 33.0, 33.0, 33.0, 33.0, 33.0, 33.0, 33.0, 33.0, 33.0, 33.0, 33.0, 33.0, 33.0, 33.0, 33.0, 33.0, 33.0, 33.0, 33.0, 33.0, 33.0, 33.0, 33.0, 33.0, 33.0, 33.0, 33.0, 33.0, 33.0, 33.0]",COMPLETE
136,136,0.920212286328915,2024-08-31 06:27:18.258678,2024-08-31 06:29:36.571469,0 days 00:02:18.312791,16,1.5088251830526986,6,85,0.147880369251134,78,0.00010788009514975846,0.925,0.93,33,"[33, 33, 33, 33, 33, 33, 33, 33, 33, 33, 33, 33, 33, 33, 33, 33, 33, 33, 33, 33, 33, 33, 33, 33, 33, 33, 33, 33, 33, 33, 33, 33, 33, 33, 33, 33, 33, 33, 33, 33, 33, 33, 33, 33, 33, 33, 33, 33, 33, 33, 33, 33, 33, 33, 33, 33, 33, 33, 33, 33, 33, 33, 33, 33, 33, 33, 33, 33, 33, 33, 33, 33, 33, 33, 33, 33, 33, 33, 33, 33, 33, 33, 33, 33, 33]",32.9000814000814,"[32.903744403744405, 32.906389906389904, 32.9059829059829, 32.907814407814406, 32.90557590557591, 32.91330891330892, 32.903133903133906, 32.9004884004884, 32.9025234025234, 32.903133903133906, 32.90618640618641, 32.9039479039479, 32.9023199023199, 32.90455840455841, 32.903744403744405, 32.9039479039479, 32.9019129019129, 32.90618640618641, 32.9035409035409, 32.90659340659341, 32.90516890516891, 32.9023199023199, 32.9039479039479, 32.90537240537241, 32.9021164021164, 32.8980463980464, 32.8988603988604, 32.90537240537241, 32.906389906389904, 32.90964590964591, 32.908831908831914, 32.9029304029304, 32.90944240944241, 32.91147741147741, 32.906796906796906, 32.90394790394791, 32.90964590964591, 32.90964590964591, 32.91310541310541, 32.90659340659341, 32.90659340659341, 32.91086691086691, 32.907814407814406, 32.9055759055759, 32.909442409442406, 32.907814407814406, 32.908424908424905, 32.91208791208791, 32.91330891330891, 32.91290191290191, 32.91045991045991, 32.906389906389904, 32.906796906796906, 32.90720390720391, 32.911477411477414, 32.910866910866915, 32.90598290598291, 32.90883190883191, 32.90516890516891, 32.90700040700041, 32.905779405779406, 32.907814407814406, 32.90801790801791, 32.90883190883191, 32.90923890923891, 32.9033374033374, 32.90842490842491, 32.898656898656895, 32.903133903133906, 32.9033374033374, 32.90720390720391, 32.90944240944241, 32.90618640618641, 32.90557590557591, 32.8984533984534, 32.89723239723239, 32.8984533984534, 32.8980463980464, 32.9015059015059, 32.9023199023199, 32.9021164021164, 32.898656898656895, 32.8982498982499, 32.8998778998779, 32.9000814000814]",0.9054235916743038,0.920212286328915,33,"[33, 33, 33, 33, 33, 33, 33, 33, 33, 33, 33, 33, 33, 33, 33, 33, 33, 33, 33, 33, 33, 33, 33, 33, 33, 33, 33, 33, 33, 33, 33, 33, 33, 33, 33, 33, 33, 33, 33, 33, 33, 33, 33, 33, 33, 33, 33, 33, 33, 33, 33, 33, 33, 33, 33, 33, 33, 33, 33, 33, 33, 33, 33, 33, 33, 33, 33, 33, 33, 33, 33, 33, 33, 33, 33, 33, 33, 33, 33, 33, 33, 33, 33, 33, 33]",85,"[0.38901251554489136, 0.3808327615261078, 0.37379372119903564, 0.3706052005290985, 0.3669840097427368, 0.3640388548374176, 0.3604274094104767, 0.3574766516685486, 0.3549988567829132, 0.3524189889431, 0.35023507475852966, 0.34709957242012024, 0.34553489089012146, 0.34185704588890076, 0.339545339345932, 0.3365652561187744, 0.33750396966934204, 0.33171412348747253, 0.3322054147720337, 0.3306844234466553, 0.3242512047290802, 0.32107844948768616, 0.3192884027957916, 0.3199036419391632, 0.3132299482822418, 0.3108322322368622, 0.3043554127216339, 0.3002151548862457, 0.29557502269744873, 0.2925180494785309, 0.28942909836769104, 0.28342682123184204, 0.28064337372779846, 0.2769734263420105, 0.27499550580978394, 0.2730106711387634, 0.26852357387542725, 0.2652443051338196, 0.2637674808502197, 0.26318585872650146, 0.2606884241104126, 0.25867292284965515, 0.2549743950366974, 0.25322678685188293, 0.2518085837364197, 0.2526986002922058, 0.2470351755619049, 0.2462489753961563, 0.24417616426944733, 0.24248921871185303, 0.24561536312103271, 0.2404944747686386, 0.24053741991519928, 0.2371576726436615, 0.23842601478099823, 0.23651285469532013, 0.23449204862117767, 0.23182590305805206, 0.23243054747581482, 0.2312188595533371, 0.22888070344924927, 0.22791290283203125, 0.22750665247440338, 0.2315603792667389, 0.2250416874885559, 0.2293034791946411, 0.2238486260175705, 0.22201372683048248, 0.22173628211021423, 0.2193457931280136, 0.21870826184749603, 0.2166210412979126, 0.21808339655399323, 0.215214803814888, 0.2152327001094818, 0.21704739332199097, 0.2155989408493042, 0.21278898417949677, 0.2122477889060974, 0.2115204632282257, 0.21025823056697845, 0.2084800750017166, 0.2077644169330597, 0.2129403054714203, 0.21118173003196716]",33.0,"[33.0, 33.0, 33.0, 33.0, 33.0, 33.0, 33.0, 33.0, 33.0, 33.0, 33.0, 33.0, 33.0, 33.0, 33.0, 33.0, 33.0, 33.0, 33.0, 33.0, 33.0, 33.0, 33.0, 33.0, 33.0, 33.0, 33.0, 33.0, 33.0, 33.0, 33.0, 33.0, 33.0, 33.0, 33.0, 33.0, 33.0, 33.0, 33.0, 33.0, 33.0, 33.0, 33.0, 33.0, 33.0, 33.0, 33.0, 33.0, 33.0, 33.0, 33.0, 33.0, 33.0, 33.0, 33.0, 33.0, 33.0, 33.0, 33.0, 33.0, 33.0, 33.0, 33.0, 33.0, 33.0, 33.0, 33.0, 33.0, 33.0, 33.0, 33.0, 33.0, 33.0, 33.0, 33.0, 33.0, 33.0, 33.0, 33.0, 33.0, 33.0, 33.0, 33.0, 33.0, 33.0]",COMPLETE
