,number,value,datetime_start,datetime_complete,duration,params_batch_size_scaler,params_constant_learning_rate,params_depth,params_epochs,params_kernel_l2,params_num_trees,params_temperature,user_attrs_accuracy_test,user_attrs_accuracy_valid,user_attrs_approximate_feature_sparsity,user_attrs_approximate_feature_sparsity_history,user_attrs_approximate_weight_sparsity,user_attrs_approximate_weight_sparsity_history,user_attrs_auc_test,user_attrs_auc_valid,user_attrs_feature_sparsity,user_attrs_feature_sparsity_history,user_attrs_num_epochs,user_attrs_val_loss_history,user_attrs_weight_sparsity,user_attrs_weight_sparsity_history,state
74,74,0.7367031211758189,2024-08-31 03:48:53.140776,2024-08-31 03:52:15.336878,0 days 00:03:22.196102,64,0.05751125161502231,5,495,0.022347370018277787,47,0.0025705660503464378,0.879,0.87375,33,"[33, 33, 33, 33, 33, 33, 33, 33, 33, 33, 33, 33, 33, 33, 33, 33, 33, 33, 33, 33, 33, 33, 33, 33, 33, 33, 33, 33, 33, 33, 33, 33, 33, 33, 33, 33, 33, 33, 33, 33, 33, 33, 33, 33, 33, 33, 33, 33, 33, 33, 33, 33, 33, 33, 33, 33, 33, 33, 33, 33, 33, 33, 33, 33, 33, 33, 33, 33, 33, 33, 33, 33, 33, 33, 33, 33, 33, 33, 33, 33, 33, 33, 33, 33, 33, 33, 33, 33, 33, 33, 33, 33, 33, 33, 33, 33, 33, 33, 33, 33, 33, 33, 33, 33, 33, 33, 33, 33, 33, 33, 33, 33, 33, 33, 33, 33, 33, 33, 33, 33, 33, 33, 33, 33, 33, 33, 33, 33, 33, 33, 33, 33, 33, 33, 33, 33, 33, 33, 33, 33, 33, 33, 33, 33, 33, 33, 33, 33, 33, 33, 33, 33, 33, 33, 33, 33, 33, 33, 33, 33, 33, 33, 33, 33, 33, 33, 33, 33, 33, 33, 33, 33, 33, 33, 33, 33, 33, 33, 33, 33, 33, 33, 33, 33, 33, 33, 33, 33, 33, 33, 33, 33, 33, 33, 33, 33, 33, 33, 33, 33, 33, 33, 33, 33, 33, 33, 33, 33, 33, 33, 33, 33, 33, 33, 33, 33, 33, 33, 33, 33, 33, 33, 33, 33, 33, 33, 33, 33, 33, 33, 33, 33, 33, 33, 33, 33, 33, 33, 33, 33, 33, 33, 33, 33, 33, 33, 33, 33, 33, 33, 33, 33, 33, 33, 33, 33, 33, 33, 33, 33, 33, 33, 33, 33, 33, 33, 33, 33, 33, 33, 33, 33, 33, 33, 33, 33, 33, 33, 33, 33, 33, 33, 33, 33, 33, 33, 33, 33, 33, 33, 33, 33, 33, 33, 33, 33, 33, 33, 33, 33, 33, 33, 33, 33, 33, 33, 33, 33, 33, 33, 33, 33, 33, 33, 33, 33, 33, 33, 33, 33, 33, 33, 33, 33, 33, 33, 33, 33, 33, 33, 33, 33, 33, 33, 33, 33, 33, 33, 33, 33, 33, 33, 33, 33, 33, 33, 33, 33, 33, 33, 33, 33, 33, 33, 33, 33, 33, 33, 33, 33, 33, 33, 33, 33, 33, 33, 33, 33, 33, 33, 33, 33, 33, 33, 33, 33, 33, 33, 33, 33, 33, 33, 33, 33, 33, 33, 33, 33, 33, 33, 33, 33, 33, 33, 33, 33, 33, 33, 33, 33, 33, 33, 33, 33, 33, 33, 33, 33, 33, 33, 33, 33, 33, 33, 33, 33, 33, 33, 33, 33, 33, 33, 33, 33, 33, 33, 33, 33, 33, 33, 33, 33, 33, 33, 33, 33, 33, 33, 33, 33, 33, 33, 33, 33, 33, 33, 33, 33, 33, 33, 33, 33, 33, 33, 33, 33, 33, 33, 33, 33, 33, 33, 33, 33, 33, 33, 33, 33, 33, 33, 33, 33, 33, 33, 33, 33, 33, 33, 33, 33, 33, 33, 33, 33, 33, 33, 33, 33, 33, 33, 33, 33, 33, 33, 33]",32.94921070693206,"[32.950583390528486, 32.95401509951956, 32.95195607412492, 32.94646533973919, 32.950583390528486, 32.94783802333562, 32.94852436513384, 32.947151681537406, 32.94783802333562, 32.947151681537406, 32.94509265614276, 32.94989704873027, 32.954015099519566, 32.95332875772135, 32.95470144131778, 32.951956074124915, 32.9512697323267, 32.94852436513384, 32.94852436513384, 32.94646533973919, 32.95264241592313, 32.94921070693205, 32.94646533973919, 32.94646533973919, 32.9512697323267, 32.951956074124915, 32.948524365133835, 32.947151681537406, 32.94303363074811, 32.94440631434455, 32.94440631434455, 32.943719972546326, 32.9423472889499, 32.949897048730264, 32.94646533973919, 32.94921070693205, 32.947151681537406, 32.94303363074811, 32.94783802333562, 32.950583390528486, 32.947151681537406, 32.948524365133835, 32.953328757721344, 32.94989704873027, 32.94783802333563, 32.94371997254633, 32.94646533973919, 32.94646533973919, 32.95607412491421, 32.95470144131777, 32.95881949210707, 32.96156485929993, 32.95881949210707, 32.95881949210707, 32.95813315030885, 32.95950583390528, 32.95744680851064, 32.95607412491421, 32.95264241592313, 32.954015099519566, 32.9512697323267, 32.95607412491421, 32.953328757721344, 32.9512697323267, 32.953328757721344, 32.95607412491421, 32.956760466712424, 32.95950583390529, 32.955387783115995, 32.955387783115995, 32.956760466712424, 32.953328757721344, 32.9512697323267, 32.951956074124915, 32.950583390528486, 32.950583390528486, 32.953328757721344, 32.95470144131778, 32.95401509951956, 32.951956074124915, 32.950583390528486, 32.9512697323267, 32.95881949210707, 32.960192175703504, 32.95881949210707, 32.95950583390529, 32.96293754289636, 32.96499656829101, 32.96431022649279, 32.964996568291006, 32.96225120109815, 32.96225120109815, 32.96293754289636, 32.96156485929993, 32.96225120109815, 32.95881949210707, 32.95950583390529, 32.96087851750172, 32.96293754289636, 32.960192175703504, 32.958819492107075, 32.95744680851064, 32.958819492107075, 32.958819492107075, 32.95607412491421, 32.95607412491421, 32.95607412491421, 32.956760466712424, 32.95950583390529, 32.95950583390529, 32.95744680851064, 32.956760466712424, 32.95813315030886, 32.956760466712424, 32.955387783115995, 32.95744680851064, 32.95950583390529, 32.955387783115995, 32.95470144131778, 32.95881949210707, 32.951956074124915, 32.95264241592313, 32.953328757721344, 32.954015099519566, 32.9512697323267, 32.956760466712424, 32.95744680851064, 32.954015099519566, 32.95264241592313, 32.9512697323267, 32.94989704873027, 32.94783802333562, 32.95264241592313, 32.948524365133835, 32.94783802333562, 32.950583390528486, 32.94989704873027, 32.9512697323267, 32.951956074124915, 32.953328757721344, 32.95607412491421, 32.95744680851064, 32.95881949210707, 32.95950583390529, 32.96087851750172, 32.95813315030885, 32.95881949210707, 32.95813315030885, 32.95881949210707, 32.95950583390528, 32.96156485929993, 32.956760466712424, 32.951956074124915, 32.95264241592313, 32.955387783115995, 32.95470144131778, 32.95470144131778, 32.95744680851064, 32.95607412491421, 32.955387783115995, 32.955387783115995, 32.956760466712424, 32.95744680851064, 32.95470144131778, 32.956760466712424, 32.95881949210707, 32.95813315030885, 32.955387783115995, 32.955387783115995, 32.95332875772135, 32.95607412491421, 32.95470144131778, 32.95401509951956, 32.953328757721344, 32.951956074124915, 32.94989704873027, 32.951956074124915, 32.95470144131778, 32.95470144131778, 32.95401509951956, 32.951956074124915, 32.9512697323267, 32.94852436513384, 32.95264241592313, 32.9512697323267, 32.9512697323267, 32.94989704873027, 32.948524365133835, 32.95058339052848, 32.9512697323267, 32.94989704873027, 32.951956074124915, 32.95058339052848, 32.950583390528486, 32.94989704873027, 32.95264241592313, 32.95264241592313, 32.954015099519566, 32.951956074124915, 32.954015099519566, 32.95264241592313, 32.951956074124915, 32.95264241592313, 32.953328757721344, 32.954015099519566, 32.950583390528486, 32.951956074124915, 32.951956074124915, 32.9512697323267, 32.949897048730264, 32.949897048730264, 32.94783802333562, 32.948524365133835, 32.94440631434454, 32.947151681537406, 32.94989704873027, 32.94921070693206, 32.94852436513384, 32.950583390528486, 32.951956074124915, 32.94921070693205, 32.94921070693206, 32.94921070693206, 32.949897048730264, 32.94921070693206, 32.94852436513384, 32.948524365133835, 32.949897048730264, 32.948524365133835, 32.94577899794098, 32.94646533973919, 32.949897048730264, 32.9512697323267, 32.95264241592313, 32.95126973232669, 32.95401509951956, 32.95195607412491, 32.953328757721344, 32.95195607412491, 32.95401509951956, 32.95470144131777, 32.95264241592313, 32.95881949210707, 32.95881949210707, 32.95881949210707, 32.9601921757035, 32.95744680851064, 32.95813315030885, 32.95881949210707, 32.95881949210707, 32.96087851750172, 32.958819492107075, 32.95744680851064, 32.95607412491421, 32.95881949210707, 32.9601921757035, 32.95607412491421, 32.9560741249142, 32.95744680851064, 32.9601921757035, 32.96087851750172, 32.95813315030885, 32.956760466712424, 32.95401509951956, 32.95264241592313, 32.95744680851064, 32.95950583390529, 32.95950583390528, 32.96156485929993, 32.96156485929993, 32.96087851750172, 32.960192175703504, 32.956760466712424, 32.955387783115995, 32.95744680851064, 32.95607412491421, 32.95607412491421, 32.95744680851064, 32.95881949210707, 32.95881949210707, 32.95744680851064, 32.953328757721344, 32.95744680851064, 32.95744680851064, 32.95950583390528, 32.956760466712424, 32.95881949210707, 32.9601921757035, 32.95950583390528, 32.95881949210707, 32.960192175703504, 32.955387783115995, 32.955387783115995, 32.95470144131777, 32.95607412491421, 32.955387783115995, 32.95470144131778, 32.951956074124915, 32.954015099519566, 32.95264241592313, 32.951956074124915, 32.9512697323267, 32.953328757721344, 32.950583390528486, 32.94921070693205, 32.94989704873027, 32.9512697323267, 32.950583390528486, 32.94989704873027, 32.950583390528486, 32.950583390528486, 32.95264241592313, 32.950583390528486, 32.94989704873027, 32.951956074124915, 32.950583390528486, 32.951956074124915, 32.95264241592313, 32.950583390528486, 32.953328757721344, 32.95264241592313, 32.951956074124915, 32.94921070693206, 32.947151681537406, 32.951956074124915, 32.94646533973919, 32.948524365133835, 32.94852436513384, 32.947151681537406, 32.94783802333562, 32.94783802333562, 32.94921070693205, 32.94989704873027, 32.9512697323267, 32.951956074124915, 32.95264241592313, 32.95264241592313, 32.953328757721344, 32.95264241592313, 32.95264241592313, 32.95401509951956, 32.95470144131777, 32.95607412491421, 32.95401509951956, 32.95470144131778, 32.95744680851064, 32.955387783115995, 32.95401509951956, 32.95264241592313, 32.956760466712424, 32.955387783115995, 32.951956074124915, 32.954015099519566, 32.955387783115995, 32.95607412491421, 32.955387783115995, 32.95813315030885, 32.95607412491421, 32.955387783115995, 32.94783802333562, 32.94989704873027, 32.95126973232669, 32.951956074124915, 32.950583390528486, 32.9512697323267, 32.95470144131777, 32.95607412491421, 32.95264241592313, 32.950583390528486, 32.94783802333562, 32.9512697323267, 32.9512697323267, 32.9512697323267, 32.951956074124915, 32.9512697323267, 32.95607412491421, 32.95470144131778, 32.95607412491421, 32.955387783115995, 32.953328757721344, 32.9512697323267, 32.951956074124915, 32.949897048730264, 32.95264241592313, 32.951956074124915, 32.9512697323267, 32.94852436513384, 32.94646533973919, 32.94783802333562, 32.94646533973919, 32.94509265614276, 32.94303363074812, 32.94783802333562, 32.94921070693206, 32.951956074124915, 32.955387783115995, 32.95607412491421, 32.955387783115995, 32.95813315030885, 32.958819492107075, 32.958819492107075, 32.955387783115995, 32.954015099519566, 32.95470144131777, 32.95470144131778, 32.95401509951956, 32.951956074124915, 32.951956074124915, 32.954015099519566, 32.95401509951956, 32.954015099519566, 32.955387783115995, 32.95607412491421, 32.95470144131777, 32.954015099519566, 32.95607412491421, 32.95470144131778, 32.95470144131778, 32.954015099519566, 32.953328757721344, 32.95401509951956, 32.95813315030885, 32.95744680851064, 32.96087851750172, 32.95744680851064, 32.95813315030885, 32.956760466712424, 32.953328757721344, 32.953328757721344, 32.9512697323267, 32.95401509951956, 32.95744680851064, 32.95744680851064, 32.95607412491421, 32.95881949210707, 32.95813315030885, 32.95744680851064, 32.95470144131778, 32.95744680851064, 32.95881949210707, 32.955387783115995, 32.956760466712424, 32.95607412491421, 32.956760466712424, 32.95607412491421, 32.95881949210707, 32.95813315030885, 32.960192175703504, 32.95950583390528, 32.95950583390528, 32.9601921757035, 32.96156485929993, 32.96156485929993, 32.95813315030885, 32.956760466712424, 32.95950583390529, 32.954015099519566, 32.948524365133835, 32.948524365133835, 32.950583390528486, 32.950583390528486, 32.948524365133835, 32.94783802333562, 32.951956074124915, 32.94852436513384, 32.94371997254633, 32.942347288949904, 32.94577899794098, 32.94852436513384, 32.94921070693206, 32.94921070693206, 32.94646533973919, 32.94783802333562, 32.94921070693206, 32.94783802333563, 32.94852436513384, 32.948524365133835, 32.94783802333562, 32.94921070693205, 32.94440631434454, 32.948524365133835, 32.94646533973919, 32.947151681537406, 32.94989704873027, 32.94646533973919, 32.94715168153741, 32.947151681537406, 32.94577899794098, 32.94852436513384, 32.94783802333563, 32.950583390528486, 32.947151681537406, 32.94783802333562, 32.94783802333562, 32.94921070693206]",0.7711837118866569,0.7367031211758189,33,"[33, 33, 33, 33, 33, 33, 33, 33, 33, 33, 33, 33, 33, 33, 33, 33, 33, 33, 33, 33, 33, 33, 33, 33, 33, 33, 33, 33, 33, 33, 33, 33, 33, 33, 33, 33, 33, 33, 33, 33, 33, 33, 33, 33, 33, 33, 33, 33, 33, 33, 33, 33, 33, 33, 33, 33, 33, 33, 33, 33, 33, 33, 33, 33, 33, 33, 33, 33, 33, 33, 33, 33, 33, 33, 33, 33, 33, 33, 33, 33, 33, 33, 33, 33, 33, 33, 33, 33, 33, 33, 33, 33, 33, 33, 33, 33, 33, 33, 33, 33, 33, 33, 33, 33, 33, 33, 33, 33, 33, 33, 33, 33, 33, 33, 33, 33, 33, 33, 33, 33, 33, 33, 33, 33, 33, 33, 33, 33, 33, 33, 33, 33, 33, 33, 33, 33, 33, 33, 33, 33, 33, 33, 33, 33, 33, 33, 33, 33, 33, 33, 33, 33, 33, 33, 33, 33, 33, 33, 33, 33, 33, 33, 33, 33, 33, 33, 33, 33, 33, 33, 33, 33, 33, 33, 33, 33, 33, 33, 33, 33, 33, 33, 33, 33, 33, 33, 33, 33, 33, 33, 33, 33, 33, 33, 33, 33, 33, 33, 33, 33, 33, 33, 33, 33, 33, 33, 33, 33, 33, 33, 33, 33, 33, 33, 33, 33, 33, 33, 33, 33, 33, 33, 33, 33, 33, 33, 33, 33, 33, 33, 33, 33, 33, 33, 33, 33, 33, 33, 33, 33, 33, 33, 33, 33, 33, 33, 33, 33, 33, 33, 33, 33, 33, 33, 33, 33, 33, 33, 33, 33, 33, 33, 33, 33, 33, 33, 33, 33, 33, 33, 33, 33, 33, 33, 33, 33, 33, 33, 33, 33, 33, 33, 33, 33, 33, 33, 33, 33, 33, 33, 33, 33, 33, 33, 33, 33, 33, 33, 33, 33, 33, 33, 33, 33, 33, 33, 33, 33, 33, 33, 33, 33, 33, 33, 33, 33, 33, 33, 33, 33, 33, 33, 33, 33, 33, 33, 33, 33, 33, 33, 33, 33, 33, 33, 33, 33, 33, 33, 33, 33, 33, 33, 33, 33, 33, 33, 33, 33, 33, 33, 33, 33, 33, 33, 33, 33, 33, 33, 33, 33, 33, 33, 33, 33, 33, 33, 33, 33, 33, 33, 33, 33, 33, 33, 33, 33, 33, 33, 33, 33, 33, 33, 33, 33, 33, 33, 33, 33, 33, 33, 33, 33, 33, 33, 33, 33, 33, 33, 33, 33, 33, 33, 33, 33, 33, 33, 33, 33, 33, 33, 33, 33, 33, 33, 33, 33, 33, 33, 33, 33, 33, 33, 33, 33, 33, 33, 33, 33, 33, 33, 33, 33, 33, 33, 33, 33, 33, 33, 33, 33, 33, 33, 33, 33, 33, 33, 33, 33, 33, 33, 33, 33, 33, 33, 33, 33, 33, 33, 33, 33, 33, 33, 33, 33, 33, 33, 33, 33, 33, 33, 33, 33, 33, 33, 33, 33, 33, 33, 33, 33, 33, 33, 33, 33, 33, 33, 33, 33, 33, 33, 33, 33, 33, 33, 33]",495,"[0.5365808010101318, 0.5017848610877991, 0.47548019886016846, 0.45701703429222107, 0.4438473582267761, 0.43342575430870056, 0.4269545078277588, 0.42098551988601685, 0.4163559377193451, 0.41293612122535706, 0.4100379943847656, 0.4077270030975342, 0.40524932742118835, 0.4038669466972351, 0.40251263976097107, 0.40144866704940796, 0.40046241879463196, 0.3996521234512329, 0.39908093214035034, 0.3984087407588959, 0.39754849672317505, 0.39685317873954773, 0.39624249935150146, 0.3957500755786896, 0.39530277252197266, 0.3947782814502716, 0.3942284882068634, 0.39387986063957214, 0.39343318343162537, 0.3931182622909546, 0.3926963806152344, 0.3923576772212982, 0.3921085000038147, 0.3917190432548523, 0.3912792205810547, 0.39086848497390747, 0.390558123588562, 0.3902488648891449, 0.38998234272003174, 0.3896384537220001, 0.38936102390289307, 0.3890252411365509, 0.38874009251594543, 0.3884883522987366, 0.38822805881500244, 0.387870192527771, 0.3876012861728668, 0.3872794806957245, 0.3870339095592499, 0.3867524266242981, 0.38651537895202637, 0.38625267148017883, 0.38600918650627136, 0.3857446312904358, 0.38548848032951355, 0.3852826654911041, 0.385053813457489, 0.3848463296890259, 0.38464364409446716, 0.3843981921672821, 0.38418152928352356, 0.38390621542930603, 0.3836923837661743, 0.3834783434867859, 0.3832498788833618, 0.3830508887767792, 0.38283905386924744, 0.38264915347099304, 0.3824470639228821, 0.3822519779205322, 0.38202133774757385, 0.3817959129810333, 0.38161295652389526, 0.38144537806510925, 0.3812788128852844, 0.38107460737228394, 0.38087254762649536, 0.38069838285446167, 0.38047555088996887, 0.3803316056728363, 0.3801319897174835, 0.37995675206184387, 0.3797655999660492, 0.3796190619468689, 0.37945008277893066, 0.3793144226074219, 0.37914127111434937, 0.3790012001991272, 0.37891751527786255, 0.37873995304107666, 0.37859681248664856, 0.378414511680603, 0.3782508075237274, 0.3781023323535919, 0.3779503107070923, 0.3778059482574463, 0.3776223063468933, 0.37746357917785645, 0.3773952126502991, 0.3772794008255005, 0.37711161375045776, 0.3769727647304535, 0.376837819814682, 0.37672141194343567, 0.37662455439567566, 0.3764636516571045, 0.37634599208831787, 0.37623170018196106, 0.3761073350906372, 0.37596017122268677, 0.37577056884765625, 0.37568700313568115, 0.3755437433719635, 0.3754115402698517, 0.37530937790870667, 0.37515580654144287, 0.3750150203704834, 0.37490418553352356, 0.37479063868522644, 0.37466534972190857, 0.3745709955692291, 0.3744533956050873, 0.37441766262054443, 0.3743537664413452, 0.3742409646511078, 0.37408560514450073, 0.3739551901817322, 0.3738318979740143, 0.3736928105354309, 0.3735752999782562, 0.37351253628730774, 0.37342625856399536, 0.37335270643234253, 0.3732282519340515, 0.37308216094970703, 0.3730742633342743, 0.37299808859825134, 0.37291276454925537, 0.37282833456993103, 0.37268000841140747, 0.3725256621837616, 0.37238532304763794, 0.37218132615089417, 0.37210315465927124, 0.3720324635505676, 0.3719414174556732, 0.37188324332237244, 0.3718114197254181, 0.37170836329460144, 0.37162190675735474, 0.3715211749076843, 0.3714374303817749, 0.3712571859359741, 0.3711634576320648, 0.3710395097732544, 0.3709547519683838, 0.3708455562591553, 0.3708054721355438, 0.37069380283355713, 0.3705812692642212, 0.37048977613449097, 0.3703884184360504, 0.3702751100063324, 0.3701898455619812, 0.3701258599758148, 0.37003737688064575, 0.3699081540107727, 0.36982136964797974, 0.3697263300418854, 0.3696202337741852, 0.36956509947776794, 0.3695316016674042, 0.36947593092918396, 0.3693830370903015, 0.36934348940849304, 0.369261771440506, 0.36915984749794006, 0.36907798051834106, 0.3689841330051422, 0.3688768446445465, 0.3687862455844879, 0.36868271231651306, 0.36859679222106934, 0.36851420998573303, 0.36845701932907104, 0.36842697858810425, 0.3683742880821228, 0.36831626296043396, 0.3682478368282318, 0.3681824803352356, 0.3681436777114868, 0.3680426776409149, 0.36793845891952515, 0.3678855001926422, 0.36782658100128174, 0.36782634258270264, 0.36775001883506775, 0.3676072359085083, 0.3674967885017395, 0.36740538477897644, 0.3672832250595093, 0.3672367334365845, 0.36717018485069275, 0.36707526445388794, 0.36697691679000854, 0.36696287989616394, 0.3668920397758484, 0.3669241964817047, 0.3669310510158539, 0.366852730512619, 0.36678358912467957, 0.36677590012550354, 0.3667280972003937, 0.3666587769985199, 0.36655986309051514, 0.36656320095062256, 0.3665061295032501, 0.3663308620452881, 0.36618685722351074, 0.366200715303421, 0.3661459982395172, 0.36602410674095154, 0.36590802669525146, 0.36575308442115784, 0.365653395652771, 0.36558473110198975, 0.3654524087905884, 0.3653700351715088, 0.3653468191623688, 0.36525171995162964, 0.3651750981807709, 0.36509162187576294, 0.36499351263046265, 0.3648981750011444, 0.36482372879981995, 0.3647826910018921, 0.3647022545337677, 0.36463892459869385, 0.36456358432769775, 0.3645069897174835, 0.3644743859767914, 0.3644336462020874, 0.3643852174282074, 0.3642435073852539, 0.3641936779022217, 0.36412084102630615, 0.36408859491348267, 0.36402085423469543, 0.3639957308769226, 0.363959401845932, 0.3638533651828766, 0.3637411594390869, 0.3636631667613983, 0.36354365944862366, 0.3634532690048218, 0.3633958101272583, 0.36335813999176025, 0.36333808302879333, 0.3632626235485077, 0.3631754219532013, 0.3631201684474945, 0.3630761206150055, 0.3630431890487671, 0.3630162179470062, 0.36296623945236206, 0.36285722255706787, 0.3627932071685791, 0.3627343773841858, 0.36262646317481995, 0.36251991987228394, 0.3624832034111023, 0.3624451756477356, 0.36236870288848877, 0.36230313777923584, 0.3622824549674988, 0.36220240592956543, 0.36211663484573364, 0.36206161975860596, 0.3619306683540344, 0.3619025945663452, 0.3618210554122925, 0.36176085472106934, 0.3616688549518585, 0.3616114556789398, 0.36150923371315, 0.3614461421966553, 0.361380934715271, 0.3613392114639282, 0.36130228638648987, 0.3612511157989502, 0.3611817955970764, 0.36107468605041504, 0.36098870635032654, 0.3609234094619751, 0.36084526777267456, 0.36080417037010193, 0.3607387840747833, 0.3606778085231781, 0.36062586307525635, 0.3605610728263855, 0.3604903817176819, 0.36045125126838684, 0.3603938817977905, 0.3603513836860657, 0.36030274629592896, 0.3602609932422638, 0.3601866066455841, 0.3601342439651489, 0.36011365056037903, 0.3600810170173645, 0.36003613471984863, 0.3599766790866852, 0.35995179414749146, 0.35990819334983826, 0.3598838448524475, 0.35982468724250793, 0.3597787618637085, 0.35974356532096863, 0.35968083143234253, 0.3596392571926117, 0.3596230745315552, 0.3595319986343384, 0.3595077097415924, 0.35948294401168823, 0.35941582918167114, 0.3593244254589081, 0.3592625856399536, 0.35920459032058716, 0.3591404855251312, 0.3590908944606781, 0.35899293422698975, 0.3589138090610504, 0.3588523864746094, 0.35872000455856323, 0.35865193605422974, 0.35857829451560974, 0.3585003912448883, 0.3584679663181305, 0.3584211766719818, 0.35833728313446045, 0.35826489329338074, 0.358191579580307, 0.3582359552383423, 0.35815295577049255, 0.35817664861679077, 0.3582439422607422, 0.35813000798225403, 0.3580491244792938, 0.3579455316066742, 0.35785195231437683, 0.35781556367874146, 0.357765793800354, 0.35773026943206787, 0.3576810956001282, 0.35760220885276794, 0.35758236050605774, 0.3575061559677124, 0.35743412375450134, 0.3573513329029083, 0.3573095202445984, 0.3572743237018585, 0.35716795921325684, 0.35705462098121643, 0.3570009469985962, 0.3569432199001312, 0.3568822741508484, 0.35679787397384644, 0.35676032304763794, 0.35667338967323303, 0.35665270686149597, 0.35664480924606323, 0.3565994501113