,number,value,datetime_start,datetime_complete,duration,params_batch_size_scaler,params_constant_learning_rate,params_depth,params_epochs,params_kernel_l2,params_num_trees,params_temperature,user_attrs_accuracy_test,user_attrs_accuracy_valid,user_attrs_approximate_feature_sparsity,user_attrs_approximate_feature_sparsity_history,user_attrs_approximate_weight_sparsity,user_attrs_approximate_weight_sparsity_history,user_attrs_auc_test,user_attrs_auc_valid,user_attrs_feature_sparsity,user_attrs_feature_sparsity_history,user_attrs_num_epochs,user_attrs_val_loss_history,user_attrs_weight_sparsity,user_attrs_weight_sparsity_history,state
151,151,0.9376924166892091,2024-08-31 07:03:18.835292,2024-08-31 07:03:48.139452,0 days 00:00:29.304160,64,2.2257350607397663,2,280,0.01259493057935971,21,0.00013821576817600313,0.923,0.94375,28,"[33, 33, 33, 33, 33, 33, 33, 33, 33, 33, 33, 33, 33, 33, 33, 33, 33, 33, 33, 33, 33, 33, 33, 33, 33, 33, 33, 33, 33, 33, 33, 33, 33, 33, 33, 33, 33, 33, 33, 33, 33, 33, 33, 33, 33, 33, 33, 33, 33, 33, 33, 33, 33, 33, 33, 33, 33, 33, 33, 33, 33, 33, 33, 33, 33, 33, 33, 33, 33, 33, 33, 33, 33, 33, 33, 33, 33, 33, 33, 33, 33, 33, 33, 33, 33, 33, 33, 32, 32, 32, 31, 31, 31, 31, 31, 31, 31, 31, 31, 31, 31, 31, 31, 31, 31, 31, 31, 31, 31, 31, 31, 31, 30, 30, 30, 30, 30, 30, 30, 30, 30, 30, 30, 30, 30, 30, 30, 30, 30, 30, 30, 30, 30, 30, 30, 30, 30, 30, 30, 30, 30, 30, 30, 30, 30, 29, 29, 29, 29, 28, 28, 28, 28, 28, 28, 28, 28, 28, 28, 28, 28, 28, 28, 28, 28, 28, 28, 28, 28, 28, 28, 28, 28, 28, 28, 28, 28, 28, 28, 28, 28, 28, 28, 28, 28, 28, 28, 28, 28, 28, 28, 28, 28, 28, 28, 28, 28, 28, 28, 28, 28, 28, 28, 28, 28, 28, 28, 28, 28, 28, 28, 28, 28, 28, 28, 28, 28, 28, 28, 28, 28, 28, 28, 28, 28, 28, 28, 28, 28, 28, 28, 28, 28, 28, 28, 28, 28, 28, 28, 28, 28, 28, 28, 28, 28, 28, 28, 28, 28, 28, 28, 28, 28, 28, 28, 28, 28, 28, 28, 28, 28, 28, 28, 28, 28, 28, 28, 28, 28, 28, 28, 28, 28, 28, 28, 28, 28, 28, 28, 28]",27.984126984126984,"[33.0, 33.0, 33.0, 32.96825396825397, 32.98412698412699, 32.95238095238095, 32.98412698412699, 33.0, 32.95238095238095, 33.0, 32.98412698412699, 33.0, 33.0, 32.98412698412699, 32.96825396825397, 32.98412698412699, 33.0, 32.96825396825397, 33.0, 32.98412698412699, 33.0, 33.0, 32.98412698412699, 32.95238095238095, 32.98412698412699, 33.0, 32.98412698412699, 32.98412698412699, 33.0, 32.96825396825397, 32.98412698412699, 32.98412698412699, 33.0, 33.0, 32.98412698412699, 32.95238095238095, 32.96825396825397, 32.98412698412699, 33.0, 32.96825396825397, 32.98412698412699, 33.0, 32.98412698412699, 32.98412698412699, 33.0, 33.0, 32.98412698412699, 33.0, 32.98412698412699, 33.0, 32.96825396825397, 32.98412698412699, 32.98412698412699, 32.98412698412699, 33.0, 33.0, 32.98412698412699, 32.96825396825397, 33.0, 33.0, 33.0, 32.95238095238095, 32.98412698412699, 33.0, 32.95238095238095, 33.0, 32.98412698412699, 32.98412698412699, 32.98412698412699, 32.98412698412699, 33.0, 33.0, 32.98412698412699, 33.0, 32.98412698412699, 32.93650793650794, 33.0, 32.96825396825397, 32.96825396825397, 33.0, 32.95238095238095, 33.0, 32.98412698412699, 32.96825396825397, 32.98412698412699, 32.98412698412699, 33.0, 31.984126984126984, 31.96825396825397, 31.984126984126984, 30.984126984126984, 30.984126984126984, 30.984126984126984, 30.952380952380953, 30.984126984126984, 30.984126984126984, 30.984126984126984, 30.96825396825397, 30.96825396825397, 30.984126984126984, 30.984126984126984, 30.952380952380953, 30.96825396825397, 31.0, 31.0, 30.984126984126984, 30.96825396825397, 31.0, 31.0, 30.984126984126984, 31.0, 30.96825396825397, 29.984126984126984, 30.0, 29.984126984126984, 30.0, 29.96825396825397, 30.0, 29.96825396825397, 30.0, 30.0, 29.984126984126984, 29.984126984126984, 30.0, 29.984126984126984, 30.0, 30.0, 30.0, 29.984126984126984, 30.0, 29.984126984126984, 30.0, 29.984126984126984, 30.0, 29.984126984126984, 29.952380952380953, 30.0, 29.984126984126984, 29.96825396825397, 30.0, 30.0, 29.96825396825397, 30.0, 29.984126984126984, 29.984126984126984, 28.96825396825397, 28.96825396825397, 28.984126984126984, 28.952380952380953, 27.96825396825397, 28.0, 28.0, 27.984126984126984, 27.984126984126984, 28.0, 28.0, 27.952380952380953, 27.984126984126984, 28.0, 27.984126984126984, 27.96825396825397, 27.96825396825397, 27.984126984126984, 27.984126984126984, 27.96825396825397, 27.96825396825397, 27.96825396825397, 28.0, 28.0, 27.936507936507937, 28.0, 28.0, 27.96825396825397, 28.0, 27.984126984126984, 27.952380952380953, 27.96825396825397, 27.984126984126984, 27.952380952380953, 28.0, 28.0, 27.96825396825397, 27.984126984126984, 28.0, 27.984126984126984, 28.0, 27.96825396825397, 27.96825396825397, 28.0, 27.96825396825397, 27.984126984126984, 27.984126984126984, 28.0, 27.984126984126984, 27.984126984126984, 28.0, 28.0, 27.96825396825397, 27.984126984126984, 28.0, 28.0, 27.984126984126984, 27.984126984126984, 27.984126984126984, 28.0, 27.984126984126984, 28.0, 27.984126984126984, 28.0, 28.0, 27.96825396825397, 27.984126984126984, 28.0, 28.0, 27.984126984126984, 28.0, 28.0, 28.0, 28.0, 28.0, 27.984126984126984, 28.0, 27.984126984126984, 28.0, 27.984126984126984, 28.0, 28.0, 27.984126984126984, 27.952380952380953, 28.0, 27.96825396825397, 27.984126984126984, 28.0, 28.0, 28.0, 28.0, 27.96825396825397, 27.984126984126984, 28.0, 28.0, 27.984126984126984, 27.984126984126984, 28.0, 28.0, 27.984126984126984, 28.0, 27.96825396825397, 28.0, 27.984126984126984, 27.984126984126984, 28.0, 28.0, 28.0, 27.984126984126984, 27.984126984126984, 27.96825396825397, 28.0, 27.96825396825397, 27.96825396825397, 28.0, 28.0, 27.984126984126984, 27.952380952380953, 27.984126984126984, 27.952380952380953, 27.96825396825397, 27.984126984126984, 28.0, 27.984126984126984, 27.96825396825397, 27.984126984126984, 28.0, 27.984126984126984, 28.0, 27.984126984126984, 27.96825396825397, 27.984126984126984, 27.984126984126984, 27.96825396825397, 27.984126984126984]",0.9094691997126793,0.9376924166892091,28,"[33, 33, 33, 33, 33, 33, 33, 33, 33, 33, 33, 33, 33, 33, 33, 33, 33, 33, 33, 33, 33, 33, 33, 33, 33, 33, 33, 33, 33, 33, 33, 33, 33, 33, 33, 33, 33, 33, 33, 33, 33, 33, 33, 33, 33, 33, 33, 33, 33, 33, 33, 33, 33, 33, 33, 33, 33, 33, 33, 33, 33, 33, 33, 33, 33, 33, 33, 33, 33, 33, 33, 33, 33, 33, 33, 33, 33, 33, 33, 33, 33, 33, 33, 33, 33, 33, 33, 32, 32, 32, 31, 31, 31, 31, 31, 31, 31, 31, 31, 31, 31, 31, 31, 31, 31, 31, 31, 31, 31, 31, 31, 31, 30, 30, 30, 30, 30, 30, 30, 30, 30, 30, 30, 30, 30, 30, 30, 30, 30, 30, 30, 30, 30, 30, 30, 30, 30, 30, 30, 30, 30, 30, 30, 30, 30, 29, 29, 29, 29, 28, 28, 28, 28, 28, 28, 28, 28, 28, 28, 28, 28, 28, 28, 28, 28, 28, 28, 28, 28, 28, 28, 28, 28, 28, 28, 28, 28, 28, 28, 28, 28, 28, 28, 28, 28, 28, 28, 28, 28, 28, 28, 28, 28, 28, 28, 28, 28, 28, 28, 28, 28, 28, 28, 28, 28, 28, 28, 28, 28, 28, 28, 28, 28, 28, 28, 28, 28, 28, 28, 28, 28, 28, 28, 28, 28, 28, 28, 28, 28, 28, 28, 28, 28, 28, 28, 28, 28, 28, 28, 28, 28, 28, 28, 28, 28, 28, 28, 28, 28, 28, 28, 28, 28, 28, 28, 28, 28, 28, 28, 28, 28, 28, 28, 28, 28, 28, 28, 28, 28, 28, 28, 28, 28, 28, 28, 28, 28, 28, 28, 28]",280,"[0.5625337958335876, 0.7208480834960938, 0.5048729777336121, 0.40181583166122437, 0.37696588039398193, 0.673912525177002, 0.4797312915325165, 0.35663527250289917, 0.556401789188385, 0.37164151668548584, 0.3910485506057739, 0.6651118993759155, 0.41017740964889526, 0.43366849422454834, 0.5018934011459351, 0.4297664761543274, 0.42954161763191223, 0.3936385214328766, 0.29680514335632324, 0.3249010741710663, 0.4033307731151581, 0.27454614639282227, 0.2879697382450104, 0.3274623453617096, 0.27159687876701355, 0.2664555311203003, 0.31287911534309387, 0.327590674161911, 0.27897772192955017, 0.24715881049633026, 0.25203031301498413, 0.2552751898765564, 0.2747272253036499, 0.2426634281873703, 0.2466694414615631, 0.3871598541736603, 0.3872798681259155, 0.24988897144794464, 0.3550459146499634, 0.2453334629535675, 0.28462862968444824, 0.32264789938926697, 0.22185760736465454, 0.24243468046188354, 0.25102517008781433, 0.21926219761371613, 0.22414034605026245, 0.22149202227592468, 0.2344500720500946, 0.21697057783603668, 0.24737590551376343, 0.3880944550037384, 0.21044044196605682, 0.24277882277965546, 0.32395145297050476, 0.2970867455005646, 0.2146664559841156, 0.21813787519931793, 0.3919064700603485, 0.2133866250514984, 0.21601808071136475, 0.20922768115997314, 0.2069716453552246, 0.32502710819244385, 0.21016670763492584, 0.2067546397447586, 0.23518934845924377, 0.26638343930244446, 0.23316773772239685, 0.2236996591091156, 0.24389158189296722, 0.2315533608198166, 0.2116614282131195, 0.3134407103061676, 0.24114257097244263, 0.2039681375026703, 0.2520575225353241, 0.2105184942483902, 0.20411598682403564, 0.2068159282207489, 0.250755250453949, 0.2341787964105606, 0.2987120747566223, 0.2585959732532501, 0.20805172622203827, 0.23290325701236725, 0.214183047413826, 0.2291443943977356, 0.20540328323841095, 0.21690060198307037, 0.20038625597953796, 0.25207749009132385, 0.2545839548110962, 0.21377037465572357, 0.2057834267616272, 0.22453457117080688, 0.21661508083343506, 0.21160438656806946, 0.20723967254161835, 0.2014864981174469, 0.2010498195886612, 0.20929232239723206, 0.2978523373603821, 0.1920669674873352, 0.24119152128696442, 0.20438285171985626, 0.18995358049869537, 0.20499329268932343, 0.19009312987327576, 0.19544371962547302, 0.1994519829750061, 0.19707196950912476, 0.19307929277420044, 0.2626756727695465, 0.2393486201763153, 0.18835324048995972, 0.1915857344865799, 0.19191981852054596, 0.2056371569633484, 0.2004193365573883, 0.25246456265449524, 0.27754470705986023, 0.36533123254776, 0.1921212077140808, 0.18765516579151154, 0.19093003869056702, 0.22563403844833374, 0.1835194230079651, 0.23328998684883118, 0.22880131006240845, 0.18619811534881592, 0.19128739833831787, 0.20635326206684113, 0.1903296262025833, 0.22041906416416168, 0.19792886078357697, 0.23653852939605713, 0.1895918846130371, 0.19364406168460846, 0.2036789506673813, 0.19708946347236633, 0.20432303845882416, 0.18423107266426086, 0.2038683146238327, 0.19659578800201416, 0.18063217401504517, 0.22504174709320068, 0.25477638840675354, 0.2107311189174652, 0.21305856108665466, 0.20823130011558533, 0.18728803098201752, 0.2100759893655777, 0.2283068299293518, 0.21799872815608978, 0.20002295076847076, 0.1912122219800949, 0.25865429639816284, 0.21178238093852997, 0.19615651667118073, 0.20141562819480896, 0.201554074883461, 0.18832622468471527, 0.30220144987106323, 0.21169142425060272, 0.34260204434394836, 0.19442623853683472, 0.19408035278320312, 0.27583545446395874, 0.23560363054275513, 0.26917266845703125, 0.1945890486240387, 0.20455414056777954, 0.4104015827178955, 0.20508354902267456, 0.21422363817691803, 0.22976826131343842, 0.19290751218795776, 0.2078436017036438, 0.20771324634552002, 0.20134185254573822, 0.238747239112854, 0.20949630439281464, 0.22643408179283142, 0.2490190863609314, 0.19259868562221527, 0.1925683617591858, 0.2139335423707962, 0.2394901067018509, 0.22244462370872498, 0.2005341649055481, 0.19443053007125854, 0.19356414675712585, 0.24216660857200623, 0.25113821029663086, 0.21172566711902618, 0.1986714005470276, 0.2071661353111267, 0.21704678237438202, 0.2180359959602356, 0.2576019763946533, 0.2604721188545227, 0.5258589386940002, 0.22674903273582458, 0.20051279664039612, 0.193967804312706, 0.19661039113998413, 0.18716265261173248, 0.20122802257537842, 0.18565420806407928, 0.1942824423313141, 0.20800963044166565, 0.23626217246055603, 0.20830847322940826, 0.3012755215167999, 0.19851794838905334, 0.2082163393497467, 0.19026914238929749, 0.20191487669944763, 0.20039856433868408, 0.20721925795078278, 0.20851954817771912, 0.20463627576828003, 0.1868681162595749, 0.22313529253005981, 0.19552989304065704, 0.19582787156105042, 0.19958019256591797, 0.2051156461238861, 0.22550807893276215, 0.20101334154605865, 0.1835915595293045, 0.20237214863300323, 0.2399100512266159, 0.18895912170410156, 0.19737756252288818, 0.2361108362674713, 0.19668778777122498, 0.1935785412788391, 0.20578141510486603, 0.19912832975387573, 0.18321317434310913, 0.22245672345161438, 0.19637832045555115, 0.19687654078006744, 0.2089940905570984, 0.20121778547763824, 0.19446787238121033, 0.2012462615966797, 0.20478107035160065, 0.23212355375289917, 0.19900651276111603, 0.19212505221366882, 0.20032024383544922, 0.22989757359027863, 0.20175497233867645, 0.2367921620607376, 0.19112001359462738, 0.1940133273601532, 0.19313739240169525, 0.20485065877437592, 0.22472599148750305, 0.18894200026988983, 0.205753892660141, 0.19904594123363495, 0.1966133564710617, 0.20553559064865112, 0.1986491084098816, 0.19264166057109833, 0.20163530111312866, 0.2113739401102066, 0.19511821866035461, 0.18848372995853424, 0.19346371293067932, 0.21325348317623138, 0.1867029219865799, 0.19266775250434875, 0.19466176629066467, 0.24521856009960175, 0.22312970459461212]",28.0,"[33.0, 33.0, 33.0, 33.0, 33.0, 33.0, 33.0, 33.0, 33.0, 33.0, 33.0, 33.0, 33.0, 33.0, 33.0, 33.0, 33.0, 33.0, 33.0, 33.0, 33.0, 33.0, 33.0, 33.0, 33.0, 33.0, 33.0, 33.0, 33.0, 33.0, 33.0, 33.0, 33.0, 33.0, 33.0, 33.0, 33.0, 33.0, 33.0, 33.0, 33.0, 33.0, 33.0, 33.0, 33.0, 33.0, 33.0, 33.0, 33.0, 33.0, 33.0, 33.0, 33.0, 33.0, 33.0, 33.0, 33.0, 33.0, 33.0, 33.0, 33.0, 33.0, 33.0, 33.0, 33.0, 33.0, 33.0, 33.0, 33.0, 33.0, 33.0, 33.0, 33.0, 33.0, 33.0, 33.0, 33.0, 33.0, 33.0, 33.0, 33.0, 33.0, 33.0, 33.0, 33.0, 33.0, 33.0, 32.0, 32.0, 32.0, 31.0, 31.0, 31.0, 31.0, 31.0, 31.0, 31.0, 31.0, 31.0, 31.0, 31.0, 31.0, 31.0, 31.0, 31.0, 31.0, 31.0, 31.0, 31.0, 31.0, 31.0, 31.0, 30.0, 30.0, 30.0, 30.0, 30.0, 30.0, 30.0, 30.0, 30.0, 30.0, 30.0, 30.0, 30.0, 30.0, 30.0, 30.0, 30.0, 30.0, 30.0, 30.0, 30.0, 30.0, 30.0, 30.0, 30.0, 30.0, 30.0, 30.0, 30.0, 30.0, 30.0, 30.0, 30.0, 29.0, 29.0, 29.0, 29.0, 28.0, 28.0, 28.0, 28.0, 28.0, 28.0, 28.0, 28.0, 28.0, 28.0, 28.0, 28.0, 28.0, 28.0, 28.0, 28.0, 28.0, 28.0, 28.0, 28.0, 28.0, 28.0, 28.0, 28.0, 28.0, 28.0, 28.0, 28.0, 28.0, 28.0, 28.0, 28.0, 28.0, 28.0, 28.0, 28.0, 28.0, 28.0, 28.0, 28.0, 28.0, 28.0, 28.0, 28.0, 28.0, 28.0, 28.0, 28.0, 28.0, 28.0, 28.0, 28.0, 28.0, 28.0, 28.0, 28.0, 28.0, 28.0, 28.0, 28.0, 28.0, 28.0, 28.0, 28.0, 28.0, 28.0, 28.0, 28.0, 28.0, 28.0, 28.0, 28.0, 28.0, 28.0, 28.0, 28.0, 28.0, 28.0, 28.0, 28.0, 28.0, 28.0, 28.0, 28.0, 28.0, 28.0, 28.0, 28.0, 28.0, 28.0, 28.0, 28.0, 28.0, 28.0, 28.0, 28.0, 28.0, 28.0, 28.0, 28.0, 28.0, 28.0, 28.0, 28.0, 28.0, 28.0, 28.0, 28.0, 28.0, 28.0, 28.0, 28.0, 28.0, 28.0, 28.0, 28.0, 28.0, 28.0, 28.0, 28.0, 28.0, 28.0, 28.0, 28.0, 28.0, 28.0, 28.0, 28.0, 28.0, 28.0, 28.0]",COMPLETE
152,152,0.6744599451250146,2024-08-31 07:03:52.207199,2024-08-31 07:03:59.888969,0 days 00:00:07.681770,16,0.013344855343924171,2,30,0.005414719438849098,80,0.00028627390070478135,0.859,0.85875,33,"[33, 33, 33, 33, 33, 33, 33, 33, 33, 33, 33, 33, 33, 33, 33, 33, 33, 33, 33, 33, 33, 33, 33, 33, 33, 33, 33, 33, 33, 33]",32.99583333333334,"[33.0, 32.99583333333334, 32.99166666666667, 32.97083333333333, 32.983333333333334, 32.9875, 32.99166666666667, 32.9875, 32.97916666666667, 32.975, 32.97916666666667, 32.9875, 32.99166666666667, 32.99583333333334, 32.975, 32.99166666666667, 32.99583333333334, 32.99166666666667, 32.983333333333334, 32.979166666666664, 32.99583333333333, 32.9875, 32.9875, 32.99583333333333, 32.99583333333333, 32.9875, 32.9875, 32.9875, 32.99583333333334, 32.99583333333334]",0.734476011195601,0.6744599451250146,33,"[33, 33, 33, 33, 33, 33, 33, 33, 33, 33, 33, 33, 33, 33, 33, 33, 33, 33, 33, 33, 33, 33, 33, 33, 33, 33, 33, 33, 33, 33]",30,"[0.4125599265098572, 0.40988972783088684, 0.4081093668937683, 0.4064794182777405, 0.405090868473053, 0.4038052260875702, 0.4025621712207794, 0.4014047682285309, 0.4002446234226227, 0.3991677463054657, 0.3981083035469055, 0.3970765769481659, 0.3960872292518616, 0.39515358209609985, 0.3942910134792328, 0.39341866970062256, 0.3925616443157196, 0.3917207419872284, 0.3909412622451782, 0.39019569754600525, 0.3894663155078888, 0.38876524567604065, 0.3880555331707001, 0.3873826861381531, 0.38674071431159973, 0.3861236572265625, 0.3855037987232208, 0.3850353956222534, 0.3844122588634491, 0.38382190465927124]",33.0,"[33.0, 33.0, 33.0, 33.0, 33.0, 33.0, 33.0, 33.0, 33.0, 33.0, 33.0, 33.0, 33.0, 33.0, 33.0, 33.0, 33.0, 33.0, 33.0, 33.0, 33.0, 33.0, 33.0, 33.0, 33.0, 33.0, 33.0, 33.0, 33.0, 33.0]",COMPLETE
