,number,value,datetime_start,datetime_complete,duration,params_batch_size_scaler,params_constant_learning_rate,params_depth,params_epochs,params_kernel_l2,params_num_trees,params_temperature,user_attrs_accuracy_test,user_attrs_accuracy_valid,user_attrs_approximate_feature_sparsity,user_attrs_approximate_feature_sparsity_history,user_attrs_approximate_weight_sparsity,user_attrs_approximate_weight_sparsity_history,user_attrs_auc_test,user_attrs_auc_valid,user_attrs_feature_sparsity,user_attrs_feature_sparsity_history,user_attrs_num_epochs,user_attrs_val_loss_history,user_attrs_weight_sparsity,user_attrs_weight_sparsity_history,state
67,67,0.9393283610928624,2024-08-31 03:29:35.910828,2024-08-31 03:41:16.850298,0 days 00:11:40.939470,1,0.07214177850943176,5,440,0.6643336250544252,48,0.00044437393622474424,0.964,0.96,21,"[33, 33, 33, 33, 33, 33, 33, 33, 33, 33, 33, 33, 33, 33, 33, 33, 33, 33, 33, 33, 33, 33, 33, 33, 33, 33, 33, 33, 33, 33, 33, 33, 33, 33, 33, 33, 33, 33, 33, 33, 33, 33, 33, 33, 33, 33, 33, 33, 33, 33, 33, 33, 33, 33, 33, 33, 33, 33, 32, 32, 31, 30, 30, 30, 29, 29, 28, 28, 25, 25, 25, 24, 23, 23, 23, 23, 23, 23, 23, 23, 23, 23, 23, 23, 23, 23, 23, 23, 23, 23, 23, 23, 23, 23, 23, 23, 23, 23, 23, 22, 22, 21, 21, 21, 21, 21, 21, 21, 21, 21, 21, 21, 21, 21, 21, 21, 21, 21, 21, 21, 21, 21, 21, 21, 21, 21, 21, 21, 21, 21, 21, 21, 21, 21, 21, 21, 21, 21, 21, 21, 21, 21, 21, 21, 21, 21, 21, 21, 21, 21, 21, 21, 21, 21, 21, 21, 21, 21, 21, 21, 21, 21, 21, 21, 21, 21, 21, 21, 21, 21, 21, 21, 21, 21, 21, 21, 21, 21, 21, 21, 21, 21, 21, 21, 21, 21, 21, 21, 21, 21, 21, 21, 21, 21, 21, 21, 21, 21, 21, 21, 21, 21, 21, 21, 21, 21, 21, 21, 21, 21, 21, 21, 21, 21, 21, 21, 21, 21, 21, 21, 21, 21, 21, 21, 21, 21, 21, 21, 21, 21, 21, 21, 21, 21, 21, 21, 21, 21, 21, 21, 21, 21, 21, 21, 21, 21, 21, 21, 21, 21, 21, 21, 21, 21, 21, 21, 21, 21, 21, 21, 21, 21, 21, 21, 21, 21, 21, 21, 21, 21, 21, 21, 21, 21, 21, 21, 21, 21, 21, 21, 21, 21, 21, 21, 21, 21, 21, 21, 21, 21, 21, 21, 21, 21, 21, 21, 21, 21, 21, 21, 21, 21, 21, 21, 21, 21, 21, 21, 21, 21, 21, 21, 21, 21, 21, 21, 21, 21, 21, 21, 21, 21, 21, 21, 21, 21, 21, 21, 21, 21, 21, 21, 21, 21, 21, 21, 21, 21, 21, 21, 21, 21, 21, 21, 21, 21, 21, 21, 21, 21, 21, 21, 21, 21, 21, 21, 21, 21, 21, 21, 21, 21, 21, 21, 21, 21, 21, 21, 21, 21, 21, 21, 21, 21, 21, 21, 21, 21, 21, 21, 21, 21, 21, 21, 21, 21, 21, 21, 21, 21, 21, 21, 21, 21, 21, 21, 21, 21, 21, 21, 21, 21, 21, 21, 21, 21, 21, 21, 21, 21, 21, 21, 21, 21, 21, 21, 21, 21, 21, 21, 21, 21, 21, 21, 21, 21, 21, 21, 21, 21, 21, 21, 21, 21, 21, 21, 21, 21, 21, 21]",19.741935483870968,"[32.94153225806451, 32.938844086021504, 32.93010752688172, 32.93077956989247, 32.93279569892473, 32.921370967741936, 32.92943548387097, 32.939516129032256, 32.932123655913976, 32.93413978494624, 32.93682795698925, 32.93077956989247, 32.92338709677419, 32.928091397849464, 32.92674731182795, 32.92674731182796, 32.921370967741936, 32.920698924731184, 32.91868279569892, 32.935483870967744, 32.935483870967744, 32.928091397849464, 32.932123655913976, 32.93279569892473, 32.9260752688172, 32.92204301075269, 32.913306451612904, 32.9260752688172, 32.93346774193548, 32.931451612903224, 32.932123655913976, 32.9375, 32.92204301075269, 32.91263440860215, 32.92741935483871, 32.93279569892473, 32.920698924731184, 32.9133064516129, 32.906586021505376, 32.898521505376344, 32.9119623655914, 32.90524193548387, 32.89381720430107, 32.90120967741935, 32.89650537634408, 32.89650537634408, 32.909946236559136, 32.90524193548387, 32.90389784946237, 32.90456989247312, 32.909274193548384, 32.90456989247312, 32.90389784946237, 32.89784946236559, 32.909946236559136, 32.90322580645161, 32.89986559139785, 32.9119623655914, 31.907258064516125, 31.90793010752688, 30.897849462365592, 29.90255376344086, 29.903897849462368, 29.90994623655914, 28.901881720430104, 28.906586021505372, 27.89852150537634, 27.89986559139785, 24.91935483870968, 24.91733870967742, 24.921370967741936, 23.91263440860215, 22.926747311827956, 22.918010752688172, 22.922043010752684, 22.918682795698924, 22.922043010752684, 22.92540322580645, 22.92002688172043, 22.92069892473118, 22.92002688172043, 22.915994623655912, 22.918682795698924, 22.914650537634408, 22.91733870967742, 22.920698924731184, 22.918010752688172, 22.908602150537632, 22.919354838709676, 22.911962365591396, 22.90994623655914, 22.903897849462368, 22.90658602150538, 22.904569892473116, 22.904569892473116, 22.910618279569892, 22.905913978494624, 22.899865591397848, 22.902553763440856, 21.90524193548387, 21.907258064516128, 20.918010752688172, 20.92204301075269, 20.907258064516128, 20.907258064516128, 20.911962365591396, 20.899865591397848, 20.903897849462364, 20.90591397849462, 20.906586021505376, 20.888440860215052, 20.908602150537636, 20.901881720430108, 20.8991935483871, 20.900537634408604, 20.893145161290324, 20.892473118279568, 20.896505376344084, 20.901209677419356, 20.897849462365592, 20.89986559139785, 20.902553763440856, 20.906586021505376, 20.899193548387096, 20.904569892473116, 20.898521505376348, 20.891129032258064, 20.894489247311828, 20.881720430107528, 20.876344086021508, 20.878360215053764, 20.887096774193548, 20.881048387096772, 20.885752688172044, 20.866935483870964, 20.872311827956988, 20.87096774193548, 20.872983870967744, 20.879704301075268, 20.862231182795696, 20.870295698924732, 20.862903225806452, 20.87298387096774, 20.872311827956988, 20.868279569892472, 20.87096774193548, 20.86021505376344, 20.86962365591398, 20.868951612903224, 20.8622311827957, 20.870967741935484, 20.877016129032256, 20.879032258064516, 20.866935483870968, 20.880376344086017, 20.866263440860212, 20.864919354838708, 20.854838709677416, 20.85483870967742, 20.863575268817204, 20.85752688172043, 20.853494623655912, 20.866935483870968, 20.863575268817204, 20.852822580645164, 20.854166666666668, 20.852150537634408, 20.846774193548384, 20.841397849462364, 20.838709677419356, 20.840053763440864, 20.836693548387096, 20.83467741935484, 20.829301075268816, 20.81989247311828, 20.825940860215052, 20.834005376344088, 20.81451612903226, 20.7997311827957, 20.813844086021504, 20.804435483870968, 20.808467741935484, 20.80309139784946, 20.797043010752684, 20.798387096774192, 20.803091397849464, 20.793682795698924, 20.80174731182796, 20.803091397849464, 20.793682795698924, 20.79233870967742, 20.790322580645164, 20.80174731182796, 20.775537634408604, 20.79569892473118, 20.789650537634408, 20.788306451612904, 20.791666666666664, 20.778897849462364, 20.783602150537636, 20.78158602150538, 20.784274193548388, 20.773521505376344, 20.772849462365592, 20.78763440860215, 20.776881720430108, 20.7755376344086, 20.764784946236556, 20.762096774193548, 20.758064516129036, 20.756720430107528, 20.754704301075268, 20.756720430107528, 20.761424731182796, 20.745967741935484, 20.760752688172044, 20.751344086021508, 20.73790322580645, 20.749327956989248, 20.746639784946236, 20.751344086021508, 20.741935483870968, 20.743279569892472, 20.73252688172043, 20.73319892473118, 20.735887096774192, 20.721774193548388, 20.711021505376344, 20.713037634408604, 20.700268817204304, 20.700940860215056, 20.709005376344084, 20.699596774193548, 20.700268817204297, 20.686155913978496, 20.682795698924732, 20.688844086021504, 20.678763440860216, 20.68279569892473, 20.67069892473118, 20.6747311827957, 20.686155913978496, 20.670026881720432, 20.659946236559136, 20.663978494623656, 20.67204301075269, 20.646505376344084, 20.651209677419352, 20.641801075268816, 20.642473118279568, 20.643817204301076, 20.645833333333332, 20.637096774193544, 20.633064516129032, 20.629704301075268, 20.637768817204304, 20.63440860215054, 20.62231182795699, 20.62298387096774, 20.61021505376344, 20.60551075268817, 20.624327956989248, 20.61290322580645, 20.618279569892472, 20.618279569892472, 20.601478494623656, 20.605510752688172, 20.618279569892472, 20.612231182795696, 20.59543010752688, 20.591397849462364, 20.587365591397848, 20.578629032258064, 20.58064516129032, 20.566532258064516, 20.581317204301076, 20.575940860215056, 20.56586021505376, 20.563172043010752, 20.557795698924732, 20.563172043010752, 20.545026881720432, 20.563172043010752, 20.538978494623656, 20.537634408602152, 20.541666666666664, 20.513440860215056, 20.524865591397848, 20.545698924731184, 20.50201612903226, 20.504032258064516, 20.508736559139784, 20.483870967741936, 20.508736559139784, 20.518817204301076, 20.51075268817204, 20.485215053763437, 20.496639784946236, 20.48319892473118, 20.469086021505376, 20.446236559139788, 20.478494623655912, 20.4616935483871, 20.465053763440864, 20.440860215053764, 20.460349462365595, 20.4502688172043, 20.449596774193548, 20.438844086021504, 20.444220430107524, 20.444220430107528, 20.445564516129032, 20.45228494623656, 20.440188172043012, 20.440188172043012, 20.441532258064516, 20.43548387096774, 20.445564516129032, 20.4247311827957, 20.417338709677416, 20.446908602150536, 20.42002688172043, 20.43010752688172, 20.411962365591396, 20.411962365591396, 20.397177419354836, 20.386424731182796, 20.377016129032256, 20.37298387096774, 20.37029569892473, 20.390456989247312, 20.377688172043012, 20.391129032258064, 20.371639784946236, 20.37970430107527, 20.386424731182796, 20.350134408602152, 20.37298387096774, 20.348118279569896, 20.341397849462368, 20.332661290322577, 20.33064516129032, 20.33266129032258, 20.333333333333332, 20.31451612903226, 20.321236559139784, 20.290322580645157, 20.29435483870968, 20.284274193548388, 20.295026881720432, 20.311155913978492, 20.269489247311828, 20.266129032258064, 20.27956989247312, 20.239247311827956, 20.252688172043012, 20.254032258064516, 20.258064516129032, 20.247311827956988, 20.223118279569896, 20.246639784946236, 20.22647849462366, 20.225806451612904, 20.215725806451612, 20.21505376344086, 20.203629032258064, 20.1619623655914, 20.198252688172047, 20.203629032258064, 20.199596774193548, 20.163978494623656, 20.168010752688172, 20.163978494623652, 20.151209677419356, 20.14247311827957, 20.160618279569892, 20.121639784946236, 20.131048387096772, 20.093413978494624, 20.136424731182796, 20.116263440860216, 20.08736559139785, 20.112903225806452, 20.104838709677416, 20.08266129032258, 20.075940860215052, 20.096102150537636, 20.07795698924731, 20.08266129032258, 20.077284946236556, 20.0638440860215, 20.04771505376344, 20.064516129032256, 20.047043010752688, 20.04233870967742, 20.03897849462366, 20.0369623655914, 20.03965053763441, 20.011424731182796, 20.01814516129032, 19.99462365591398, 19.985887096774196, 19.985215053763444, 19.97782258064516, 19.967069892473116, 19.973118279569892, 19.977150537634405, 19.967741935483872, 19.971774193548384, 19.94489247311828, 19.948252688172044, 19.956317204301076, 19.905913978494624, 19.915994623655916, 19.913978494623652, 19.914650537634408, 19.894489247311824, 19.889112903225808, 19.89180107526882, 19.879704301075268, 19.89247311827957, 19.86760752688172, 19.8877688172043, 19.859543010752688, 19.882392473118276, 19.856182795698924, 19.82190860215054, 19.80712365591398, 19.82056451612903, 19.838037634408604, 19.819892473118276, 19.77956989247312, 19.784946236559136, 19.78427419354839, 19.774193548387096, 19.752688172043012, 19.737903225806452, 19.760752688172044, 19.738575268817204, 19.741935483870968]",0.9296477018469438,0.9393283610928624,21,"[33, 33, 33, 33, 33, 33, 33, 33, 33, 33, 33, 33, 33, 33, 33, 33, 33, 33, 33, 33, 33, 33, 33, 33, 33, 33, 33, 33, 33, 33, 33, 33, 33, 33, 33, 33, 33, 33, 33, 33, 33, 33, 33, 33, 33, 33, 33, 33, 33, 33, 33, 33, 33, 33, 33, 33, 33, 33, 32, 32, 31, 30, 30, 30, 29, 29, 28, 28, 25, 25, 25, 24, 23, 23, 23, 23, 23, 23, 23, 23, 23, 23, 23, 23, 23, 23, 23, 23, 23, 23, 23, 23, 23, 23, 23, 23, 23, 23, 23, 22, 22, 21, 21, 21, 21, 21, 21, 21, 21, 21, 21, 21, 21, 21, 21, 21, 21, 21, 21, 21, 21, 21, 21, 21, 21, 21, 21, 21, 21, 21, 21, 21, 21, 21, 21, 21, 21, 21, 21, 21, 21, 21, 21, 21, 21, 21, 21, 21, 21, 21, 21, 21, 21, 21, 21, 21, 21, 21, 21, 21, 21, 21, 21, 21, 21, 21, 21, 21, 21, 21, 21, 21, 21, 21, 21, 21, 21, 21, 21, 21, 21, 21, 21, 21, 21, 21, 21, 21, 21, 21, 21, 21, 21, 21, 21, 21, 21, 21, 21, 21, 21, 21, 21, 21, 21, 21, 21, 21, 21, 21, 21, 21, 21, 21, 21, 21, 21, 21, 21, 21, 21, 21, 21, 21, 21, 21, 21, 21, 21, 21, 21, 21, 21, 21, 21, 21, 21, 21, 21, 21, 21, 21, 21, 21, 21, 21, 21, 21, 21, 21, 21, 21, 21, 21, 21, 21, 21, 21, 21, 21, 21, 21, 21, 21, 21, 21, 21, 21, 21, 21, 21, 21, 21, 21, 21, 21, 21, 21, 21, 21, 21, 21, 21, 21, 21, 21, 21, 21, 21, 21, 21, 21, 21, 21, 21, 21, 21, 21, 21, 21, 21, 21, 21, 21, 21, 21, 21, 21, 21, 21, 21, 21, 21, 21, 21, 21, 21, 21, 21, 21, 21, 21, 21, 21, 21, 21, 21, 21, 21, 21, 21, 21, 21, 21, 21, 21, 21, 21, 21, 21, 21, 21, 21, 21, 21, 21, 21, 21, 21, 21, 21, 21, 21, 21, 21, 21, 21, 21, 21, 21, 21, 21, 21, 21, 21, 21, 21, 21, 21, 21, 21, 21, 21, 21, 21, 21, 21, 21, 21, 21, 21, 21, 21, 21, 21, 21, 21, 21, 21, 21, 21, 21, 21, 21, 21, 21, 21, 21, 21, 21, 21, 21, 21, 21, 21, 21, 21, 21, 21, 21, 21, 21, 21, 21, 21, 21, 21, 21, 21, 21, 21, 21, 21, 21, 21, 21, 21, 21, 21, 21, 21, 21, 21, 21, 21, 21, 21, 21, 21, 21]",440,"[0.4133624732494354, 0.4027245044708252, 0.39664217829704285, 0.39181727170944214, 0.38815802335739136, 0.38404738903045654, 0.3812735676765442, 0.37666165828704834, 0.3735617399215698, 0.36976513266563416, 0.3676649034023285, 0.3636854887008667, 0.36068665981292725, 0.35728317499160767, 0.35414794087409973, 0.3512154519557953, 0.34812286496162415, 0.3448500335216522, 0.342916339635849, 0.33761006593704224, 0.33375608921051025, 0.33013856410980225, 0.3258430063724518, 0.32182613015174866, 0.3183531165122986, 0.31409186124801636, 0.3100194036960602, 0.30658045411109924, 0.30263617634773254, 0.29965484142303467, 0.29681310057640076, 0.2934718728065491, 0.29026415944099426, 0.2882572412490845, 0.2861512303352356, 0.28268492221832275, 0.2806486189365387, 0.27853038907051086, 0.27615222334861755, 0.2747076749801636, 0.2736527919769287, 0.2725645899772644, 0.27009743452072144, 0.2685345411300659, 0.26652246713638306, 0.2654154598712921, 0.2631988227367401, 0.26173731684684753, 0.2615787386894226, 0.2594510614871979, 0.2576085329055786, 0.2564102113246918, 0.2554701566696167, 0.2545207738876343, 0.25360143184661865, 0.25221505761146545, 0.2525663673877716, 0.2515328526496887, 0.24970723688602448, 0.2474776655435562, 0.2477845996618271, 0.24645088613033295, 0.24691322445869446, 0.2447616457939148, 0.24241472780704498, 0.24367666244506836, 0.24543562531471252, 0.24190236628055573, 0.2406708300113678, 0.23942546546459198, 0.2389797419309616, 0.2391025871038437, 0.23515695333480835, 0.2360362410545349, 0.23545855283737183, 0.23489589989185333, 0.23292237520217896, 0.23371581733226776, 0.23163026571273804, 0.23152126371860504, 0.23405927419662476, 0.2302195131778717, 0.2306220382452011, 0.229441300034523, 0.23076824843883514, 0.22848236560821533, 0.2275770604610443, 0.2287767231464386, 0.22938509285449982, 0.22806333005428314, 0.22718989849090576, 0.22716721892356873, 0.2257511466741562, 0.22798211872577667, 0.2291109412908554, 0.2252223789691925, 0.22280922532081604, 0.22287264466285706, 0.2243971824645996, 0.22121277451515198, 0.21972545981407166, 0.21825267374515533, 0.21759971976280212, 0.21796894073486328, 0.21806210279464722, 0.21921981871128082, 0.2169833928346634, 0.21887817978858948, 0.21443231403827667, 0.2140190452337265, 0.21492616832256317, 0.21463705599308014, 0.21907776594161987, 0.2177457958459854, 0.2146245241165161, 0.21233347058296204, 0.21320123970508575, 0.21543918550014496, 0.21181459724903107, 0.2113039791584015, 0.21295206248760223, 0.2103634625673294, 0.21009990572929382, 0.2152024656534195, 0.20890502631664276, 0.20968568325042725, 0.2109224945306778, 0.20978015661239624, 0.2091803401708603, 0.2088177353143692, 0.20660947263240814, 0.20858512818813324, 0.20747198164463043, 0.20777225494384766, 0.2079145461320877, 0.2069581151008606, 0.20557381212711334, 0.20857852697372437, 0.20650406181812286, 0.20710057020187378, 0.2050955593585968, 0.20613700151443481, 0.2068394124507904, 0.20537473261356354, 0.20520810782909393, 0.20391736924648285, 0.20317964255809784, 0.20231088995933533, 0.2022468000650406, 0.2033260017633438, 0.2012186199426651, 0.2027714103460312, 0.20125336945056915, 0.201711505651474, 0.20066498219966888, 0.20746645331382751, 0.20325592160224915, 0.20114870369434357, 0.20160095393657684, 0.19990825653076172, 0.19894982874393463, 0.20300352573394775, 0.19969680905342102, 0.19875307381153107, 0.20267295837402344, 0.2014768272638321, 0.19789652526378632, 0.19974710047245026, 0.1959793120622635, 0.19880709052085876, 0.19788305461406708, 0.2000194787979126, 0.196467787027359, 0.19969910383224487, 0.19419173896312714, 0.19692593812942505, 0.19532331824302673, 0.19796441495418549, 0.19574286043643951, 0.19469209015369415, 0.19436046481132507, 0.19900435209274292, 0.19692504405975342, 0.19564320147037506, 0.19747890532016754, 0.19485382735729218, 0.19624125957489014, 0.19299043715000153, 0.1964700073003769, 0.1941348910331726, 0.19385333359241486, 0.192349374294281, 0.192616805434227, 0.18980136513710022, 0.19249244034290314, 0.19302120804786682, 0.19299522042274475, 0.19228295981884003, 0.19472457468509674, 0.19639970362186432, 0.18827451765537262, 0.19568084180355072, 0.19137459993362427, 0.19171495735645294, 0.19360248744487762, 0.1933451145887375, 0.19002719223499298, 0.18983116745948792, 0.1915433555841446, 0.18996576964855194, 0.19387167692184448, 0.1898082196712494, 0.19331073760986328, 0.19016577303409576, 0.19491316378116608, 0.1889525204896927, 0.19059012830257416, 0.18929332494735718, 0.18897661566734314, 0.18751023709774017, 0.18768495321273804, 0.1908208727836609, 0.190182626247406, 0.18616187572479248, 0.1907510906457901, 0.19451993703842163, 0.1878959983587265, 0.18715597689151764, 0.18529893457889557, 0.18591424822807312, 0.18693889677524567, 0.18904435634613037, 0.18755197525024414, 0.1858902871608734, 0.1853105127811432, 0.18462152779102325, 0.18322455883026123, 0.18522848188877106, 0.18464137613773346, 0.18735529482364655, 0.18549853563308716, 0.18652774393558502, 0.1842881590127945, 0.1846565455198288, 0.18514634668827057, 0.1843319684267044, 0.185203418135643, 0.188547283411026, 0.18554483354091644, 0.18265226483345032, 0.18301072716712952, 0.18578898906707764, 0.18681831657886505, 0.18274281919002533, 0.1827412247657776, 0.18329645693302155, 0.18308177590370178, 0.1874772012233734, 0.1857142448425293, 0.18699173629283905, 0.18503211438655853, 0.18139265477657318, 0.1817449927330017, 0.1897047460079193, 0.18163280189037323, 0.18295642733573914, 0.18365119397640228, 0.18202176690101624, 0.18589401245117188, 0.18524587154388428, 0.18517161905765533, 0.1797274798154831, 0.183425173163414, 0.18191185593605042, 0.1801852285861969, 0.19266277551651, 0.18476368486881256, 0.18465988337993622, 0.18288706243038177, 0.18100188672542572, 0.1781591773033142, 0.17974333465099335, 0.18500103056430817, 0.1798722892999649, 0.18059690296649933, 0.1875854730606079, 0.17963938415050507, 0.18171945214271545, 0.18436338007450104, 0.17956146597862244, 0.1781977117061615, 0.18009546399116516, 0.17735283076763153, 0.18125581741333008, 0.17845863103866577, 0.17810505628585815, 0.18536289036273956, 0.1819053590297699, 0.17763690650463104, 0.17985069751739502, 0.1763535439968109, 0.1774335503578186, 0.17841188609600067, 0.18471798300743103, 0.17884719371795654, 0.18020516633987427, 0.18346098065376282, 0.17847083508968353, 0.17607370018959045, 0.18050915002822876, 0.17436905205249786, 0.17817533016204834, 0.17631235718727112, 0.17665161192417145, 0.17701618373394012, 0.17698778212070465, 0.17598514258861542, 0.17708678543567657, 0.17915889620780945, 0.17776967585086823, 0.17653493583202362, 0.1762205958366394, 0.17908217012882233, 0.18034599721431732, 0.17831581830978394, 0.1795034557580948, 0.17545585334300995, 0.17374570667743683, 0.17337296903133392, 0.17360858619213104, 0.17589469254016876, 0.17699913680553436, 0.17882218956947327, 0.18096806108951569, 0.18051721155643463, 0.1771690398454666, 0.1740986853837967, 0.1729634404182434, 0.1705058068037033, 0.17713452875614166, 0.17156371474266052, 0.18007802963256836, 0.17605102062225342, 0.17438657581806183, 0.17647463083267212, 0.17643694579601288, 0.17253147065639496, 0.1704961657524109, 0.1756017506122589, 0.1728564202785492, 0.17717190086841583, 0.17351745069026947, 0.17323771119117737, 0.17466066777706146, 0.1751021146774292, 0.1765027493238449, 0.17630647122859955, 0.17866411805152893, 0.17439013719558716, 0.17257866263389587, 0.17826692759990692, 0.17181500792503357, 0.1748681217432022, 0.1720922440290451, 0.17547132074832916, 0.17460231482982635, 0.1688651591539383, 0.17621353268623352, 0.17464664578437805, 0.17385482788085938, 0.17645427584648132, 0.17464274168014526, 0.1704445332288742, 0.16988180577754974, 0.17043255269527435, 0.17555397748947144, 0.16805560886859894, 0.1720658838748932, 0.17134468257427216, 0.1752154529094696, 0.1705302745103836, 0.17807842791080475, 0.1715974360704422, 0.17352642118930817, 0.16846145689487457, 0.17214229702949524, 0.17223024368286133, 0.17466962337493896, 0.17149421572685242, 0.1707877218723297, 0.1714848279953003, 0.17125433683395386, 0.17049430310726166, 0.17237606644630432, 0.1698724776506424, 0.1703680455684662, 0.17635473608970642, 0.17118006944656372, 0.17465248703956604, 0.16983290016651154, 0.17170576751232147, 0.16951103508472443, 0.17739684879779816, 0.17553935945034027, 0.16612385213375092, 0.1701032817363739, 0.17028242349624634, 0.18107929825782776, 0.17140716314315796, 0.16932033002376556, 0.17040486633777618, 0.17277787625789642, 0.1664562225341797, 0.16763365268707275, 0.17239947617053986, 0.17075438797473907, 0.16416870057582855, 0.1696593463420868, 0.17045743763446808, 0.1691616028547287, 0.1702730804681778, 0.1706371158361435, 0.16895388066768646, 0.16967278718948364, 0.17025905847549438, 0.170068621635437, 0.1787727028131485, 0.16659782826900482, 0.17036573588848114, 0.17148594558238983, 0.18293312191963196, 0.16670048236846924, 0.16862216591835022,