,number,value,datetime_start,datetime_complete,duration,params_batch_size_scaler,params_constant_learning_rate,params_depth,params_epochs,params_kernel_l2,params_num_trees,params_temperature,user_attrs_accuracy_test,user_attrs_accuracy_valid,user_attrs_approximate_feature_sparsity,user_attrs_approximate_feature_sparsity_history,user_attrs_approximate_weight_sparsity,user_attrs_approximate_weight_sparsity_history,user_attrs_auc_test,user_attrs_auc_valid,user_attrs_feature_sparsity,user_attrs_feature_sparsity_history,user_attrs_num_epochs,user_attrs_val_loss_history,user_attrs_weight_sparsity,user_attrs_weight_sparsity_history,state
51,51,0.7528693434323916,2024-08-31 02:46:55.419444,2024-08-31 02:47:18.539900,0 days 00:00:23.120456,4,0.016480711968751494,3,75,0.008274684668722188,85,0.013430302678042606,0.88,0.87375,33,"[33, 33, 33, 33, 33, 33, 33, 33, 33, 33, 33, 33, 33, 33, 33, 33, 33, 33, 33, 33, 33, 33, 33, 33, 33, 33, 33, 33, 33, 33, 33, 33, 33, 33, 33, 33, 33, 33, 33, 33, 33, 33, 33, 33, 33, 33, 33, 33, 33, 33, 33, 33, 33, 33, 33, 33, 33, 33, 33, 33, 33, 33, 33, 33, 33, 33, 33, 33, 33, 33, 33, 33, 33, 33, 33]",32.964705882352945,"[32.963025210084034, 32.963025210084034, 32.957983193277315, 32.969747899159664, 32.957983193277315, 32.96638655462185, 32.96134453781512, 32.95294117647059, 32.94957983193277, 32.95294117647059, 32.96134453781512, 32.96134453781512, 32.96638655462185, 32.96638655462185, 32.9563025210084, 32.9563025210084, 32.95294117647059, 32.96134453781512, 32.951260504201684, 32.964705882352945, 32.94957983193277, 32.96638655462185, 32.95966386554622, 32.96134453781512, 32.9563025210084, 32.95966386554622, 32.957983193277315, 32.957983193277315, 32.9563025210084, 32.95462184873949, 32.96638655462185, 32.96806722689075, 32.97478991596638, 32.969747899159664, 32.96134453781512, 32.964705882352945, 32.957983193277315, 32.964705882352945, 32.971428571428575, 32.971428571428575, 32.97310924369748, 32.976470588235294, 32.97478991596638, 32.971428571428575, 32.976470588235294, 32.971428571428575, 32.96134453781512, 32.9563025210084, 32.94957983193277, 32.957983193277315, 32.97310924369748, 32.97478991596638, 32.96806722689075, 32.97478991596638, 32.97310924369748, 32.97478991596638, 32.969747899159664, 32.957983193277315, 32.96134453781512, 32.97310924369748, 32.97478991596638, 32.97310924369748, 32.97310924369748, 32.971428571428575, 32.97478991596638, 32.96806722689075, 32.963025210084034, 32.96638655462185, 32.963025210084034, 32.96638655462185, 32.96806722689075, 32.97310924369748, 32.969747899159664, 32.96638655462185, 32.964705882352945]",0.7866313295189029,0.7528693434323916,33,"[33, 33, 33, 33, 33, 33, 33, 33, 33, 33, 33, 33, 33, 33, 33, 33, 33, 33, 33, 33, 33, 33, 33, 33, 33, 33, 33, 33, 33, 33, 33, 33, 33, 33, 33, 33, 33, 33, 33, 33, 33, 33, 33, 33, 33, 33, 33, 33, 33, 33, 33, 33, 33, 33, 33, 33, 33, 33, 33, 33, 33, 33, 33, 33, 33, 33, 33, 33, 33, 33, 33, 33, 33, 33, 33]",75,"[0.4096663296222687, 0.40376538038253784, 0.3993982672691345, 0.39597809314727783, 0.39271295070648193, 0.3897426128387451, 0.3873388171195984, 0.3852631449699402, 0.38324669003486633, 0.38158100843429565, 0.38038167357444763, 0.3786896765232086, 0.3774689733982086, 0.3765450716018677, 0.3753446936607361, 0.37435638904571533, 0.3734765648841858, 0.3726463317871094, 0.37186962366104126, 0.3711404502391815, 0.37049853801727295, 0.3698166608810425, 0.36921000480651855, 0.369068443775177, 0.36796852946281433, 0.36761027574539185, 0.36689162254333496, 0.366319477558136, 0.365736186504364, 0.36520594358444214, 0.3647831082344055, 0.36418673396110535, 0.363821417093277, 0.36321574449539185, 0.36268702149391174, 0.3623373806476593, 0.3617158532142639, 0.3613102436065674, 0.36075684428215027, 0.36038878560066223, 0.35980793833732605, 0.3593492805957794, 0.3589027523994446, 0.3586655855178833, 0.3579820990562439, 0.35767894983291626, 0.35706040263175964, 0.35681602358818054, 0.35622546076774597, 0.35602185130119324, 0.35535237193107605, 0.35498225688934326, 0.3543521463871002, 0.35411399602890015, 0.3536969721317291, 0.35307860374450684, 0.3527689278125763, 0.3521997034549713, 0.35198676586151123, 0.35147204995155334, 0.350923091173172, 0.3509531021118164, 0.3501790761947632, 0.34975939989089966, 0.34917113184928894, 0.34888625144958496, 0.34834346175193787, 0.3480491638183594, 0.3478417992591858, 0.34721261262893677, 0.3467092216014862, 0.34635788202285767, 0.3458945155143738, 0.34552517533302307, 0.345199316740036]",33.0,"[33.0, 33.0, 33.0, 33.0, 33.0, 33.0, 33.0, 33.0, 33.0, 33.0, 33.0, 33.0, 33.0, 33.0, 33.0, 33.0, 33.0, 33.0, 33.0, 33.0, 33.0, 33.0, 33.0, 33.0, 33.0, 33.0, 33.0, 33.0, 33.0, 33.0, 33.0, 33.0, 33.0, 33.0, 33.0, 33.0, 33.0, 33.0, 33.0, 33.0, 33.0, 33.0, 33.0, 33.0, 33.0, 33.0, 33.0, 33.0, 33.0, 33.0, 33.0, 33.0, 33.0, 33.0, 33.0, 33.0, 33.0, 33.0, 33.0, 33.0, 33.0, 33.0, 33.0, 33.0, 33.0, 33.0, 33.0, 33.0, 33.0, 33.0, 33.0, 33.0, 33.0, 33.0, 33.0]",COMPLETE
52,52,0.8774587471499788,2024-08-31 02:47:19.587231,2024-08-31 02:47:38.009867,0 days 00:00:18.422636,64,0.8776238837887694,5,75,0.005268569740707084,7,0.00011008077426367917,0.915,0.905,33,"[33, 33, 33, 33, 33, 33, 33, 33, 33, 33, 33, 33, 33, 33, 33, 33, 33, 33, 33, 33, 33, 33, 33, 33, 33, 33, 33, 33, 33, 33, 33, 33, 33, 33, 33, 33, 33, 33, 33, 33, 33, 33, 33, 33, 33, 33, 33, 33, 33, 33, 33, 33, 33, 33, 33, 33, 33, 33, 33, 33, 33, 33, 33, 33, 33, 33, 33, 33, 33, 33, 33, 33, 33, 33, 33]",32.97695852534562,"[32.97695852534562, 32.96774193548387, 32.97235023041475, 32.9815668202765, 32.9815668202765, 32.97235023041475, 32.97695852534562, 32.97695852534562, 32.986175115207374, 32.986175115207374, 32.986175115207374, 32.97695852534562, 32.9815668202765, 32.96774193548387, 32.97235023041475, 32.9815668202765, 32.95852534562212, 32.9815668202765, 32.97235023041475, 32.9815668202765, 32.97695852534562, 32.963133640552996, 32.97695852534562, 32.96774193548387, 32.963133640552996, 32.986175115207374, 32.97235023041475, 32.96774193548387, 32.97695852534562, 32.97695852534562, 32.963133640552996, 32.9815668202765, 32.99078341013825, 32.99078341013825, 32.9815668202765, 32.97235023041475, 32.9815668202765, 32.96774193548387, 32.963133640552996, 32.95852534562212, 32.97695852534562, 32.9815668202765, 32.97235023041475, 32.97695852534562, 32.9815668202765, 32.97695852534562, 32.97235023041475, 32.97695852534562, 32.9815668202765, 32.97235023041475, 32.95852534562212, 32.9815668202765, 32.97695852534562, 32.9815668202765, 32.9815668202765, 32.97695852534562, 32.97695852534562, 32.97235023041475, 32.97235023041475, 32.96774193548387, 32.96774193548387, 32.97235023041475, 32.95852534562212, 32.97235023041475, 32.97235023041475, 32.95852534562212, 32.95852534562212, 32.97235023041475, 32.95852534562212, 32.9815668202765, 32.97235023041475, 32.97235023041475, 32.97235023041475, 32.97695852534562, 32.97695852534562]",0.8696653704208259,0.8774587471499788,33,"[33, 33, 33, 33, 33, 33, 33, 33, 33, 33, 33, 33, 33, 33, 33, 33, 33, 33, 33, 33, 33, 33, 33, 33, 33, 33, 33, 33, 33, 33, 33, 33, 33, 33, 33, 33, 33, 33, 33, 33, 33, 33, 33, 33, 33, 33, 33, 33, 33, 33, 33, 33, 33, 33, 33, 33, 33, 33, 33, 33, 33, 33, 33, 33, 33, 33, 33, 33, 33, 33, 33, 33, 33, 33, 33]",75,"[0.4603174328804016, 0.4162958562374115, 0.3977687954902649, 0.3885762393474579, 0.383331298828125, 0.37984520196914673, 0.37656688690185547, 0.37331563234329224, 0.3709847927093506, 0.36841800808906555, 0.36689844727516174, 0.36521902680397034, 0.3637557923793793, 0.36182549595832825, 0.3603876829147339, 0.35872042179107666, 0.35721883177757263, 0.35523125529289246, 0.3534698784351349, 0.35088929533958435, 0.34962791204452515, 0.34766119718551636, 0.34564408659935, 0.34388941526412964, 0.34217920899391174, 0.3403454124927521, 0.33842840790748596, 0.33652234077453613, 0.33461058139801025, 0.3327302932739258, 0.331142783164978, 0.32906800508499146, 0.32731419801712036, 0.3252979516983032, 0.32372191548347473, 0.32174965739250183, 0.31969842314720154, 0.31792327761650085, 0.31550729274749756, 0.31393805146217346, 0.31188252568244934, 0.31071633100509644, 0.3084990680217743, 0.3065730035305023, 0.3052496016025543, 0.3036454916000366, 0.301957368850708, 0.30020949244499207, 0.2987171709537506, 0.2970817983150482, 0.2953367829322815, 0.2943946421146393, 0.2930302023887634, 0.2917267978191376, 0.28918468952178955, 0.28695186972618103, 0.28603875637054443, 0.2831868827342987, 0.28142592310905457, 0.279729425907135, 0.2778182923793793, 0.2765662968158722, 0.2752670347690582, 0.27415549755096436, 0.2734525501728058, 0.2730075716972351, 0.27217671275138855, 0.27153608202934265, 0.2701163589954376, 0.26890984177589417, 0.26752960681915283, 0.26565080881118774, 0.26404282450675964, 0.26382264494895935, 0.26297667622566223]",33.0,"[33.0, 33.0, 33.0, 33.0, 33.0, 33.0, 33.0, 33.0, 33.0, 33.0, 33.0, 33.0, 33.0, 33.0, 33.0, 33.0, 33.0, 33.0, 33.0, 33.0, 33.0, 33.0, 33.0, 33.0, 33.0, 33.0, 33.0, 33.0, 33.0, 33.0, 33.0, 33.0, 33.0, 33.0, 33.0, 33.0, 33.0, 33.0, 33.0, 33.0, 33.0, 33.0, 33.0, 33.0, 33.0, 33.0, 33.0, 33.0, 33.0, 33.0, 33.0, 33.0, 33.0, 33.0, 33.0, 33.0, 33.0, 33.0, 33.0, 33.0, 33.0, 33.0, 33.0, 33.0, 33.0, 33.0, 33.0, 33.0, 33.0, 33.0, 33.0, 33.0, 33.0, 33.0, 33.0]",COMPLETE
53,53,0.7588721000631191,2024-08-31 02:47:39.009496,2024-08-31 02:47:55.423630,0 days 00:00:16.414134,16,0.020335170891837076,2,155,0.005356452651543522,48,0.07262307715947039,0.881,0.87375,33,"[33, 33, 33, 33, 33, 33, 33, 33, 33, 33, 33, 33, 33, 33, 33, 33, 33, 33, 33, 33, 33, 33, 33, 33, 33, 33, 33, 33, 33, 33, 33, 33, 33, 33, 33, 33, 33, 33, 33, 33, 33, 33, 33, 33, 33, 33, 33, 33, 33, 33, 33, 33, 33, 33, 33, 33, 33, 33, 33, 33, 33, 33, 33, 33, 33, 33, 33, 33, 33, 33, 33, 33, 33, 33, 33, 33, 33, 33, 33, 33, 33, 33, 33, 33, 33, 33, 33, 33, 33, 33, 33, 33, 33, 33, 33, 33, 33, 33, 33, 33, 33, 33, 33, 33, 33, 33, 33, 33, 33, 33, 33, 33, 33, 33, 33, 33, 33, 33, 33, 33, 33, 33, 33, 33, 33, 33, 33, 33, 33, 33, 33, 33, 33, 33, 33, 33, 33, 33, 33, 33, 33, 33, 33, 33, 33, 33, 33, 33, 33, 33, 33, 33, 33, 33, 33]",32.979166666666664,"[32.97222222222222, 32.97222222222222, 32.986111111111114, 32.97222222222222, 32.951388888888886, 32.97222222222222, 32.97222222222222, 32.986111111111114, 32.979166666666664, 32.97222222222222, 32.979166666666664, 32.97222222222222, 32.979166666666664, 32.979166666666664, 32.979166666666664, 32.97222222222222, 32.979166666666664, 32.979166666666664, 32.986111111111114, 32.99305555555556, 32.986111111111114, 32.97222222222222, 32.97222222222222, 32.97222222222222, 32.986111111111114, 32.986111111111114, 32.99305555555556, 32.986111111111114, 32.979166666666664, 32.97916666666667, 32.958333333333336, 32.979166666666664, 32.986111111111114, 32.97222222222222, 32.979166666666664, 32.979166666666664, 32.97222222222222, 32.97222222222222, 32.96527777777778, 32.96527777777778, 32.979166666666664, 32.979166666666664, 32.986111111111114, 32.97222222222222, 32.96527777777778, 32.97222222222222, 32.97222222222222, 32.97222222222222, 32.97222222222222, 32.96527777777778, 32.97222222222222, 32.96527777777778, 32.986111111111114, 32.986111111111114, 32.986111111111114, 32.986111111111114, 32.979166666666664, 32.95833333333333, 32.951388888888886, 32.95833333333333, 32.951388888888886, 32.94444444444444, 32.951388888888886, 32.95833333333333, 32.97222222222222, 32.96527777777778, 32.96527777777778, 32.979166666666664, 32.97222222222222, 32.97222222222222, 32.951388888888886, 32.951388888888886, 32.958333333333336, 32.958333333333336, 32.958333333333336, 32.958333333333336, 32.958333333333336, 32.958333333333336, 32.979166666666664, 32.979166666666664, 32.97222222222222, 32.986111111111114, 32.979166666666664, 32.979166666666664, 32.97222222222222, 32.986111111111114, 32.979166666666664, 32.979166666666664, 32.979166666666664, 32.979166666666664, 32.979166666666664, 32.986111111111114, 32.986111111111114, 32.986111111111114, 32.979166666666664, 32.986111111111114, 32.986111111111114, 32.99305555555556, 32.99305555555556, 32.986111111111114, 32.986111111111114, 32.986111111111114, 32.986111111111114, 32.979166666666664, 32.986111111111114, 32.979166666666664, 32.979166666666664, 32.986111111111114, 32.986111111111114, 32.979166666666664, 32.99305555555556, 32.99305555555556, 32.99305555555556, 32.97222222222222, 32.979166666666664, 32.979166666666664, 32.979166666666664, 32.97222222222222, 32.986111111111114, 32.986111111111114, 32.986111111111114, 32.979166666666664, 32.979166666666664, 32.979166666666664, 32.979166666666664, 32.96527777777778, 32.96527777777778, 32.97222222222222, 32.97222222222222, 32.979166666666664, 32.979166666666664, 32.979166666666664, 32.986111111111114, 32.97222222222222, 32.95833333333333, 32.97222222222222, 32.97222222222222, 32.986111111111114, 32.986111111111114, 32.986111111111114, 32.986111111111114, 32.979166666666664, 32.986111111111114, 32.979166666666664, 32.979166666666664, 32.97222222222222, 32.979166666666664, 32.979166666666664, 32.979166666666664, 32.96527777777778, 32.97222222222222, 32.96527777777778, 32.97222222222222, 32.986111111111114, 32.979166666666664]",0.7913622140209216,0.7588721000631191,33,"[33, 33, 33, 33, 33, 33, 33, 33, 33, 33, 33, 33, 33, 33, 33, 33, 33, 33, 33, 33, 33, 33, 33, 33, 33, 33, 33, 33, 33, 33, 33, 33, 33, 33, 33, 33, 33, 33, 33, 33, 33, 33, 33, 33, 33, 33, 33, 33, 33, 33, 33, 33, 33, 33, 33, 33, 33, 33, 33, 33, 33, 33, 33, 33, 33, 33, 33, 33, 33, 33, 33, 33, 33, 33, 33, 33, 33, 33, 33, 33, 33, 33, 33, 33, 33, 33, 33, 33, 33, 33, 33, 33, 33, 33, 33, 33, 33, 33, 33, 33, 33, 33, 33, 33, 33, 33, 33, 33, 33, 33, 33, 33, 33, 33, 33, 33, 33, 33, 33, 33, 33, 33, 33, 33, 33, 33, 33, 33, 33, 33, 33, 33, 33, 33, 33, 33, 33, 33, 33, 33, 33, 33, 33, 33, 33, 33, 33, 33, 33, 33, 33, 33, 33, 33, 33]",155,"[0.45810049772262573, 0.41875386238098145, 0.41218283772468567, 0.4090554416179657, 0.406819611787796, 0.40480032563209534, 0.4028823971748352, 0.40113288164138794, 0.3994594216346741, 0.39788952469825745, 0.3964255154132843, 0.39495036005973816, 0.3935970962047577, 0.39233720302581787, 0.3911510407924652, 0.3900228440761566, 0.3889326751232147, 0.3879574239253998, 0.3869851231575012, 0.38599473237991333, 0.3852153420448303, 0.3842853903770447, 0.3835228383541107, 0.3826925754547119, 0.38197341561317444, 0.3812963366508484, 0.38060954213142395, 0.3800162076950073, 0.3793528378009796, 0.3787412941455841, 0.37820175290107727, 0.37762871384620667, 0.37712356448173523, 0.37657463550567627, 0.37608200311660767, 0.3756133019924164, 0.3751261234283447, 0.37468504905700684, 0.3742499053478241, 0.37377798557281494, 0.3733794689178467, 0.37297457456588745, 0.3725881576538086, 0.37216421961784363, 0.37181568145751953, 0.37143075466156006, 0.37102681398391724, 0.37071743607521057, 0.3703159987926483, 0.36996760964393616, 0.36961686611175537, 0.36930176615715027, 0.3689866364002228, 0.36873939633369446, 0.36834651231765747, 0.36803528666496277, 0.3677668273448944, 0.3674817681312561, 0.36714786291122437, 0.36689677834510803, 0.3666355609893799, 0.3662940263748169, 0.36600443720817566, 0.3656827509403229, 0.3653654158115387, 0.36513128876686096, 0.3648642301559448, 0.3645993769168854, 0.3642832636833191, 0.36393487453460693, 0.3636949062347412, 0.36348333954811096, 0.3630993366241455, 0.36286601424217224, 0.3626059293746948, 0.36235809326171875, 0.36208152770996094, 0.361847460269928, 0.3615766167640686, 0.3613091707229614, 0.36114051938056946, 0.3607884347438812, 0.36052992939949036, 0.36022230982780457, 0.35997918248176575, 0.3596932291984558, 0.35947051644325256, 0.3592183589935303, 0.3590160310268402, 0.358810156583786, 0.35855937004089355, 0.35826393961906433, 0.3580593466758728, 0.3578435182571411, 0.3575719892978668, 0.35731109976768494, 0.3571103811264038, 0.3568345308303833, 0.356673002243042, 0.35636040568351746, 0.356174498796463, 0.35602089762687683, 0.35566893219947815, 0.3554685115814209, 0.35530582070350647, 0.35509610176086426, 0.3547620475292206, 0.3544958829879761, 0.35428568720817566, 0.3540320098400116, 0.35383957624435425, 0.3535933196544647, 0.353420227766037, 0.3531988561153412, 0.352993369102478, 0.3527555465698242, 0.35248634219169617, 0.3522736728191376, 0.35214850306510925, 0.35196658968925476, 0.351613849401474, 0.3513582944869995, 0.3511714041233063, 0.3509093225002289, 0.35069674253463745, 0.35052016377449036, 0.3502732515335083, 0.3500509262084961, 0.34980309009552, 0.3495766818523407, 0.3493075966835022, 0.34908366203308105, 0.34882038831710815, 0.34856677055358887, 0.3483978509902954, 0.3482170104980469, 0.34806883335113525, 0.3478122055530548, 0.34759142994880676, 0.3473661541938782, 0.3470873534679413, 0.34686726331710815, 0.34664276242256165, 0.3464890420436859, 0.34626734256744385, 0.34598299860954285, 0.3457190990447998, 0.34545570611953735, 0.34527015686035156, 0.3450483977794647, 0.34487926959991455, 0.3446536362171173, 0.3444315195083618, 0.34414035081863403, 0.3439556062221527]",33.0,"[33.0, 33.0, 33.0, 33.0, 33.0, 33.0, 33.0, 33.0, 33.0, 33.0, 33.0, 33.0, 33.0, 33.0, 33.0, 33.0, 33.0, 33.0, 33.0, 33.0, 33.0, 33.0, 33.0, 33.0, 33.0, 33.0, 33.0, 33.0, 33.0, 33.0, 33.0, 33.0, 33.0, 33.0, 33.0, 33.0, 33.0, 33.0, 33.0, 33.0, 33.0, 33.0, 33.0, 33.0, 33.0, 33.0, 33.0, 33.0, 33.0, 33.0, 33.0, 33.0, 33.0, 33.0, 33.0, 33.0, 33.0, 33.0, 33.0, 33.0, 33.0, 33.0, 33.0, 33.0, 33.0, 33.0, 33.0, 33.0, 33.0, 33.0, 33.0, 33.0, 33.0, 33.0, 33.0, 33.0, 33.0, 33.0, 33.0, 33.0, 33.0, 33.0, 33.0, 33.0, 33.0, 33.0, 33.0, 33.0, 33.0, 33.0, 33.0, 33.0, 33.0, 33.0, 33.0, 33.0, 33.0, 33.0, 33.0, 33.0, 33.0, 33.0, 33.0, 33.0, 33.0, 33.0, 33.0, 33.0, 33.0, 33.0, 33.0, 33.0, 33.0, 33.0, 33.0, 33.0, 33.0, 33.0, 33.0, 33.0, 33.0, 33.0, 33.0, 33.0, 33.0, 33.0, 33.0, 33.0, 33.0, 33.0, 33.0, 33.0, 33.0, 33.0, 33.0, 33.0, 33.0, 33.0, 33.0, 33.0, 33.0, 33.0, 33.0, 33.0, 33.0, 33.0, 33.0, 33.0, 33.0, 33.0, 33.0, 33.0, 33.0, 33.0, 33.0]",COMPLETE
