,number,value,datetime_start,datetime_complete,duration,params_batch_size_scaler,params_constant_learning_rate,params_depth,params_epochs,params_kernel_l2,params_num_trees,params_temperature,user_attrs_accuracy_test,user_attrs_accuracy_valid,user_attrs_approximate_feature_sparsity,user_attrs_approximate_feature_sparsity_history,user_attrs_approximate_weight_sparsity,user_attrs_approximate_weight_sparsity_history,user_attrs_auc_test,user_attrs_auc_valid,user_attrs_feature_sparsity,user_attrs_feature_sparsity_history,user_attrs_num_epochs,user_attrs_val_loss_history,user_attrs_weight_sparsity,user_attrs_weight_sparsity_history,state
65,65,0.9234970565882186,2024-08-31 03:26:22.490147,2024-08-31 03:26:55.911667,0 days 00:00:33.421520,4,0.03841915153371204,1,240,0.007470477384487196,80,0.0002070949898927218,0.928,0.92625,33,"[33, 33, 33, 33, 33, 33, 33, 33, 33, 33, 33, 33, 33, 33, 33, 33, 33, 33, 33, 33, 33, 33, 33, 33, 33, 33, 33, 33, 33, 33, 33, 33, 33, 33, 33, 33, 33, 33, 33, 33, 33, 33, 33, 33, 33, 33, 33, 33, 33, 33, 33, 33, 33, 33, 33, 33, 33, 33, 33, 33, 33, 33, 33, 33, 33, 33, 33, 33, 33, 33, 33, 33, 33, 33, 33, 33, 33, 33, 33, 33, 33, 33, 33, 33, 33, 33, 33, 33, 33, 33, 33, 33, 33, 33, 33, 33, 33, 33, 33, 33, 33, 33, 33, 33, 33, 33, 33, 33, 33, 33, 33, 33, 33, 33, 33, 33, 33, 33, 33, 33, 33, 33, 33, 33, 33, 33, 33, 33, 33, 33, 33, 33, 33, 33, 33, 33, 33, 33, 33, 33, 33, 33, 33, 33, 33, 33, 33, 33, 33, 33, 33, 33, 33, 33, 33, 33, 33, 33, 33, 33, 33, 33, 33, 33, 33, 33, 33, 33, 33, 33, 33, 33, 33, 33, 33, 33, 33, 33, 33, 33, 33, 33, 33, 33, 33, 33, 33, 33, 33, 33, 33, 33, 33, 33, 33, 33, 33, 33, 33, 33, 33, 33, 33, 33, 33, 33, 33, 33, 33, 33, 33, 33, 33, 33, 33, 33, 33, 33, 33, 33, 33, 33, 33, 33, 33, 33, 33, 33, 33, 33, 33, 33, 33, 33, 33, 33, 33, 33, 33, 33]",32.9875,"[33.0, 32.9875, 32.9875, 32.9875, 33.0, 33.0, 33.0, 33.0, 32.975, 32.975, 32.975, 32.9875, 33.0, 32.9875, 32.9875, 33.0, 33.0, 33.0, 33.0, 33.0, 33.0, 32.9875, 33.0, 32.9875, 33.0, 32.9875, 33.0, 33.0, 33.0, 33.0, 33.0, 33.0, 32.9875, 32.9875, 32.9875, 32.975, 32.975, 32.9875, 33.0, 32.9875, 33.0, 33.0, 33.0, 32.9875, 33.0, 33.0, 33.0, 33.0, 32.9875, 33.0, 33.0, 32.9875, 32.975, 32.9875, 33.0, 33.0, 32.975, 32.975, 33.0, 32.975, 32.975, 32.9875, 32.975, 33.0, 33.0, 33.0, 33.0, 33.0, 32.9875, 33.0, 33.0, 33.0, 32.975, 32.975, 32.975, 32.9625, 32.975, 32.9875, 32.9875, 32.975, 33.0, 32.9875, 32.9875, 33.0, 32.9875, 33.0, 32.975, 33.0, 32.9875, 33.0, 32.9875, 33.0, 32.9625, 32.9875, 32.9875, 33.0, 32.9875, 32.9375, 33.0, 33.0, 33.0, 33.0, 33.0, 33.0, 33.0, 33.0, 32.9875, 32.975, 32.975, 33.0, 33.0, 33.0, 32.9875, 33.0, 32.975, 32.975, 32.9875, 32.9875, 32.9875, 32.975, 32.9875, 32.9875, 33.0, 32.9875, 32.975, 32.95, 32.975, 32.9625, 32.9625, 32.9875, 33.0, 32.9625, 32.975, 32.975, 32.9625, 32.9875, 32.975, 33.0, 33.0, 33.0, 32.9875, 32.975, 32.975, 32.95, 32.9875, 32.975, 32.95, 32.9625, 32.9875, 32.9875, 32.975, 33.0, 33.0, 33.0, 33.0, 32.9875, 32.9875, 33.0, 33.0, 33.0, 32.975, 33.0, 32.975, 32.9875, 33.0, 33.0, 32.9875, 32.9875, 33.0, 33.0, 32.9875, 33.0, 33.0, 33.0, 32.9625, 32.9875, 33.0, 32.9875, 32.9875, 32.9875, 33.0, 32.975, 32.9875, 33.0, 32.9875, 32.9875, 32.9875, 32.975, 32.975, 32.9625, 32.9875, 32.9625, 32.975, 32.975, 32.9875, 32.9875, 32.975, 32.9875, 32.9875, 32.9875, 32.975, 32.9625, 32.9625, 32.9625, 32.975, 32.9625, 32.975, 32.9625, 32.975, 32.9875, 32.9625, 32.9875, 32.975, 32.975, 32.9875, 32.975, 32.9875, 32.9875, 33.0, 33.0, 32.9875, 32.975, 32.9875, 33.0, 32.9875, 33.0, 33.0, 33.0, 33.0, 33.0, 32.9875, 33.0, 32.9625, 32.9625, 32.975, 32.9875, 32.9875, 32.9875, 32.975, 32.9875]",0.9043502670926938,0.9234970565882186,33,"[33, 33, 33, 33, 33, 33, 33, 33, 33, 33, 33, 33, 33, 33, 33, 33, 33, 33, 33, 33, 33, 33, 33, 33, 33, 33, 33, 33, 33, 33, 33, 33, 33, 33, 33, 33, 33, 33, 33, 33, 33, 33, 33, 33, 33, 33, 33, 33, 33, 33, 33, 33, 33, 33, 33, 33, 33, 33, 33, 33, 33, 33, 33, 33, 33, 33, 33, 33, 33, 33, 33, 33, 33, 33, 33, 33, 33, 33, 33, 33, 33, 33, 33, 33, 33, 33, 33, 33, 33, 33, 33, 33, 33, 33, 33, 33, 33, 33, 33, 33, 33, 33, 33, 33, 33, 33, 33, 33, 33, 33, 33, 33, 33, 33, 33, 33, 33, 33, 33, 33, 33, 33, 33, 33, 33, 33, 33, 33, 33, 33, 33, 33, 33, 33, 33, 33, 33, 33, 33, 33, 33, 33, 33, 33, 33, 33, 33, 33, 33, 33, 33, 33, 33, 33, 33, 33, 33, 33, 33, 33, 33, 33, 33, 33, 33, 33, 33, 33, 33, 33, 33, 33, 33, 33, 33, 33, 33, 33, 33, 33, 33, 33, 33, 33, 33, 33, 33, 33, 33, 33, 33, 33, 33, 33, 33, 33, 33, 33, 33, 33, 33, 33, 33, 33, 33, 33, 33, 33, 33, 33, 33, 33, 33, 33, 33, 33, 33, 33, 33, 33, 33, 33, 33, 33, 33, 33, 33, 33, 33, 33, 33, 33, 33, 33, 33, 33, 33, 33, 33, 33]",240,"[0.3953191041946411, 0.38680168986320496, 0.3798314034938812, 0.3753505349159241, 0.375963032245636, 0.3698740005493164, 0.36755797266960144, 0.3655625283718109, 0.3648732900619507, 0.3619826138019562, 0.3604864180088043, 0.3581715524196625, 0.3577542006969452, 0.35483238101005554, 0.35366111993789673, 0.35197630524635315, 0.35019585490226746, 0.349554181098938, 0.35053032636642456, 0.34560269117355347, 0.3451617360115051, 0.342799574136734, 0.34278929233551025, 0.34318381547927856, 0.33918148279190063, 0.34235626459121704, 0.33677783608436584, 0.3361853361129761, 0.3354015648365021, 0.3377378582954407, 0.33888113498687744, 0.33254146575927734, 0.3335456848144531, 0.33321377635002136, 0.330244243144989, 0.3290126919746399, 0.32814911007881165, 0.32810863852500916, 0.32708922028541565, 0.32715171575546265, 0.32973140478134155, 0.3258122503757477, 0.32683151960372925, 0.3244161903858185, 0.32369643449783325, 0.3230440616607666, 0.32399994134902954, 0.3239372670650482, 0.3253916800022125, 0.3227396011352539, 0.3225324749946594, 0.32063332200050354, 0.32431653141975403, 0.32892295718193054, 0.31905850768089294, 0.32412612438201904, 0.3184903860092163, 0.3199862241744995, 0.3179575800895691, 0.31895220279693604, 0.319070041179657, 0.3179027736186981, 0.31706884503364563, 0.3167596459388733, 0.32625439763069153, 0.3166487514972687, 0.3163798153400421, 0.3151901364326477, 0.31858330965042114, 0.3195917308330536, 0.3149794638156891, 0.3157922327518463, 0.3142460882663727, 0.3201908469200134, 0.3165494203567505, 0.31323525309562683, 0.31397390365600586, 0.31305310130119324, 0.3153611421585083, 0.3126204311847687, 0.31499534845352173, 0.3130534887313843, 0.3185790479183197, 0.31434106826782227, 0.31138020753860474, 0.3111553490161896, 0.3112236261367798, 0.31164252758026123, 0.3161674439907074, 0.32643818855285645, 0.30995166301727295, 0.31154683232307434, 0.3090225160121918, 0.3093087673187256, 0.3093110918998718, 0.3219498097896576, 0.30802345275878906, 0.31116676330566406, 0.30762267112731934, 0.3079072833061218, 0.30760905146598816, 0.306436151266098, 0.30683276057243347, 0.30606722831726074, 0.3056408166885376, 0.3050554692745209, 0.3060379922389984, 0.3042704164981842, 0.3079882562160492, 0.30332574248313904, 0.3030087947845459, 0.303408682346344, 0.3013448417186737, 0.30133381485939026, 0.30041319131851196, 0.30058208107948303, 0.3004237413406372, 0.2995908260345459, 0.2985992729663849, 0.29864493012428284, 0.29851558804512024, 0.2957513928413391, 0.29472294449806213, 0.30978915095329285, 0.29535067081451416, 0.29915904998779297, 0.2941063642501831, 0.2901764512062073, 0.28977206349372864, 0.28773966431617737, 0.28679823875427246, 0.2851511240005493, 0.2856978178024292, 0.2893790006637573, 0.2820725739002228, 0.28093016147613525, 0.2803643047809601, 0.27945393323898315, 0.27696162462234497, 0.2785681486129761, 0.2742179036140442, 0.27190202474594116, 0.27145352959632874, 0.26990655064582825, 0.26818522810935974, 0.2726636826992035, 0.2656662166118622, 0.2669123411178589, 0.26355791091918945, 0.26310408115386963, 0.2620042562484741, 0.2608492970466614, 0.258433997631073, 0.2603922188282013, 0.2555229663848877, 0.2559191584587097, 0.25588884949684143, 0.25229838490486145, 0.2513401508331299, 0.2501639723777771, 0.25025033950805664, 0.25100767612457275, 0.24714738130569458, 0.24746908247470856, 0.24587661027908325, 0.24493661522865295, 0.24385112524032593, 0.24300195276737213, 0.24221481382846832, 0.24142007529735565, 0.2405845820903778, 0.23938079178333282, 0.23952114582061768, 0.23809117078781128, 0.23881106078624725, 0.23643897473812103, 0.23583321273326874, 0.23856735229492188, 0.23548223078250885, 0.23447950184345245, 0.2337220013141632, 0.23578859865665436, 0.23228473961353302, 0.23188522458076477, 0.23373916745185852, 0.23161950707435608, 0.2298106551170349, 0.23257730901241302, 0.23199953138828278, 0.22840768098831177, 0.22791752219200134, 0.22876843810081482, 0.22749151289463043, 0.22669623792171478, 0.2265646755695343, 0.2265501171350479, 0.22839123010635376, 0.2263200730085373, 0.2250499576330185, 0.22432895004749298, 0.22384747862815857, 0.22479534149169922, 0.22341442108154297, 0.2265014797449112, 0.223726287484169, 0.22345656156539917, 0.22235453128814697, 0.2223164439201355, 0.22213676571846008, 0.22376252710819244, 0.22427435219287872, 0.22215813398361206, 0.22118213772773743, 0.22790132462978363, 0.22028863430023193, 0.22305366396903992, 0.22043636441230774, 0.21973207592964172, 0.21924954652786255, 0.22335483133792877, 0.21853584051132202, 0.22423899173736572, 0.21938323974609375, 0.21828125417232513, 0.21724817156791687, 0.2181786298751831, 0.21923378109931946, 0.21740107238292694, 0.21686112880706787, 0.21644796431064606, 0.21640124917030334, 0.2173844277858734, 0.21703140437602997, 0.21831625699996948, 0.2153693586587906, 0.2220025658607483, 0.2159944772720337, 0.21424232423305511, 0.2170647829771042, 0.21453924477100372]",33.0,"[33.0, 33.0, 33.0, 33.0, 33.0, 33.0, 33.0, 33.0, 33.0, 33.0, 33.0, 33.0, 33.0, 33.0, 33.0, 33.0, 33.0, 33.0, 33.0, 33.0, 33.0, 33.0, 33.0, 33.0, 33.0, 33.0, 33.0, 33.0, 33.0, 33.0, 33.0, 33.0, 33.0, 33.0, 33.0, 33.0, 33.0, 33.0, 33.0, 33.0, 33.0, 33.0, 33.0, 33.0, 33.0, 33.0, 33.0, 33.0, 33.0, 33.0, 33.0, 33.0, 33.0, 33.0, 33.0, 33.0, 33.0, 33.0, 33.0, 33.0, 33.0, 33.0, 33.0, 33.0, 33.0, 33.0, 33.0, 33.0, 33.0, 33.0, 33.0, 33.0, 33.0, 33.0, 33.0, 33.0, 33.0, 33.0, 33.0, 33.0, 33.0, 33.0, 33.0, 33.0, 33.0, 33.0, 33.0, 33.0, 33.0, 33.0, 33.0, 33.0, 33.0, 33.0, 33.0, 33.0, 33.0, 33.0, 33.0, 33.0, 33.0, 33.0, 33.0, 33.0, 33.0, 33.0, 33.0, 33.0, 33.0, 33.0, 33.0, 33.0, 33.0, 33.0, 33.0, 33.0, 33.0, 33.0, 33.0, 33.0, 33.0, 33.0, 33.0, 33.0, 33.0, 33.0, 33.0, 33.0, 33.0, 33.0, 33.0, 33.0, 33.0, 33.0, 33.0, 33.0, 33.0, 33.0, 33.0, 33.0, 33.0, 33.0, 33.0, 33.0, 33.0, 33.0, 33.0, 33.0, 33.0, 33.0, 33.0, 33.0, 33.0, 33.0, 33.0, 33.0, 33.0, 33.0, 33.0, 33.0, 33.0, 33.0, 33.0, 33.0, 33.0, 33.0, 33.0, 33.0, 33.0, 33.0, 33.0, 33.0, 33.0, 33.0, 33.0, 33.0, 33.0, 33.0, 33.0, 33.0, 33.0, 33.0, 33.0, 33.0, 33.0, 33.0, 33.0, 33.0, 33.0, 33.0, 33.0, 33.0, 33.0, 33.0, 33.0, 33.0, 33.0, 33.0, 33.0, 33.0, 33.0, 33.0, 33.0, 33.0, 33.0, 33.0, 33.0, 33.0, 33.0, 33.0, 33.0, 33.0, 33.0, 33.0, 33.0, 33.0, 33.0, 33.0, 33.0, 33.0, 33.0, 33.0, 33.0, 33.0, 33.0, 33.0, 33.0, 33.0, 33.0, 33.0, 33.0, 33.0, 33.0, 33.0, 33.0, 33.0, 33.0, 33.0, 33.0, 33.0]",COMPLETE
