,number,value,datetime_start,datetime_complete,duration,params_batch_size_scaler,params_constant_learning_rate,params_depth,params_epochs,params_kernel_l2,params_num_trees,params_temperature,user_attrs_accuracy_test,user_attrs_accuracy_valid,user_attrs_approximate_feature_sparsity,user_attrs_approximate_feature_sparsity_history,user_attrs_approximate_weight_sparsity,user_attrs_approximate_weight_sparsity_history,user_attrs_auc_test,user_attrs_auc_valid,user_attrs_feature_sparsity,user_attrs_feature_sparsity_history,user_attrs_num_epochs,user_attrs_val_loss_history,user_attrs_weight_sparsity,user_attrs_weight_sparsity_history,state
103,103,0.926434027643596,2024-08-31 04:32:08.980405,2024-08-31 04:46:34.697270,0 days 00:14:25.716865,1,1.1989579213093349,6,165,0.3136987330884554,94,0.0001456087624163991,0.947,0.935,19,"[33, 33, 33, 33, 33, 33, 33, 30, 28, 26, 22, 22, 22, 21, 21, 21, 21, 21, 21, 21, 19, 19, 19, 19, 19, 19, 19, 19, 19, 19, 19, 19, 19, 19, 19, 19, 19, 19, 19, 19, 19, 19, 19, 19, 19, 19, 19, 19, 19, 19, 19, 19, 19, 19, 19, 19, 19, 19, 19, 19, 19, 19, 19, 19, 19, 19, 19, 19, 19, 19, 19, 19, 19, 19, 19, 19, 19, 19, 19, 19, 19, 19, 19, 19, 19, 19, 19, 19, 19, 19, 19, 19, 19, 19, 19, 19, 19, 19, 19, 19, 19, 19, 19, 19, 19, 19, 19, 19, 19, 19, 19, 19, 19, 19, 19, 19, 19, 19, 19, 19, 19, 19, 19, 19, 19, 19, 19, 19, 19, 19, 19, 19, 19, 19, 19, 19, 19, 19, 19, 19, 19, 19, 19, 19, 19, 19, 19, 19, 19, 19, 19, 19, 19, 19, 19, 19, 19, 19, 19, 19, 19, 19, 19, 19, 19]",18.43785883147585,"[32.89800742992232, 32.89446133063154, 32.89463019250253, 32.890577507598785, 32.89209726443769, 32.88652482269504, 32.88990206011483, 29.897838568051334, 27.902566700439042, 25.913036136440393, 21.924012158054712, 21.926038500506586, 21.92823370482945, 20.928233704829452, 20.919452887537993, 20.92164809186086, 20.922998986828773, 20.92046605876393, 20.91708882134414, 20.915231340763256, 18.91691995947315, 18.92283012495778, 18.918777440054036, 18.916751097602162, 18.918439716312054, 18.910672070246537, 18.907632556568725, 18.910503208375548, 18.904424181019927, 18.908476865923674, 18.905099628503887, 18.905943937858833, 18.906281661600808, 18.903917595406956, 18.901722391084093, 18.894123606889565, 18.890915231340763, 18.889564336372846, 18.889057750759875, 18.886693684566026, 18.88888888888889, 18.884667342114152, 18.88247213779129, 18.878926038500506, 18.87369132049983, 18.87436676798379, 18.874873353596758, 18.86693684566025, 18.863897331982436, 18.86659912191827, 18.862377575143533, 18.859675785207703, 18.85579196217494, 18.854441067207027, 18.846673421141507, 18.85427220533603, 18.85579196217494, 18.84971293481932, 18.84853090172239, 18.8451536643026, 18.84059439378588, 18.835190813914217, 18.829449510300574, 18.831475852752448, 18.83029381965552, 18.82353934481594, 18.81661600810537, 18.814927389395475, 18.807666328942926, 18.82472137791287, 18.814758527524486, 18.80243161094225, 18.8015873015873, 18.796352583586625, 18.799560959135427, 18.786220871327256, 18.791455589327928, 18.792975346166834, 18.783181357649443, 18.782843633907465, 18.78740290442418, 18.77727119216481, 18.777946639648768, 18.778284363390746, 18.771698750422154, 18.778622087132725, 18.768321513002366, 18.77068557919622, 18.777271192164807, 18.749577845322523, 18.75227963525836, 18.75092874029044, 18.74924012158055, 18.75211077338737, 18.738939547450183, 18.736068895643363, 18.74434312732185, 18.732353934481594, 18.721546774738265, 18.72627490712597, 18.72931442080378, 18.72222222222222, 18.722053360351236, 18.708206686930087, 18.707024653833162, 18.707193515704155, 18.704998311381292, 18.7080378250591, 18.69571090847687, 18.69132049983114, 18.674434312732185, 18.677642688280987, 18.67359000337724, 18.675954069571088, 18.671057075312394, 18.667173252279635, 18.65146909827761, 18.67156366092536, 18.644545761567038, 18.652482269503544, 18.656872678149274, 18.646234380276937, 18.65045592705167, 18.639142181695373, 18.64319486659912, 18.63002364066194, 18.64015535292131, 18.609929078014186, 18.616852414724757, 18.599290780141843, 18.615332657885848, 18.603681188787572, 18.604018912529547, 18.56923336710571, 18.574130361364404, 18.581222559945964, 18.570077676460656, 18.58375548801081, 18.572610604525497, 18.581391421816953, 18.551840594393784, 18.54002026342452, 18.55791962174941, 18.53208375548801, 18.540020263424516, 18.555555555555557, 18.548463356973997, 18.54660587639311, 18.547619047619047, 18.51857480580885, 18.508105369807495, 18.488010807159746, 18.51097602161432, 18.520938872002702, 18.491556906450523, 18.511482607227286, 18.491556906450523, 18.467578520770008, 18.500675447483957, 18.46420128335022, 18.48125633232016, 18.44984802431611, 18.498480243161097, 18.450861195542046, 18.43785883147585]",0.9268405452488874,0.926434027643596,19,"[33, 33, 33, 33, 33, 33, 33, 30, 28, 26, 22, 22, 22, 21, 21, 21, 21, 21, 21, 21, 19, 19, 19, 19, 19, 19, 19, 19, 19, 19, 19, 19, 19, 19, 19, 19, 19, 19, 19, 19, 19, 19, 19, 19, 19, 19, 19, 19, 19, 19, 19, 19, 19, 19, 19, 19, 19, 19, 19, 19, 19, 19, 19, 19, 19, 19, 19, 19, 19, 19, 19, 19, 19, 19, 19, 19, 19, 19, 19, 19, 19, 19, 19, 19, 19, 19, 19, 19, 19, 19, 19, 19, 19, 19, 19, 19, 19, 19, 19, 19, 19, 19, 19, 19, 19, 19, 19, 19, 19, 19, 19, 19, 19, 19, 19, 19, 19, 19, 19, 19, 19, 19, 19, 19, 19, 19, 19, 19, 19, 19, 19, 19, 19, 19, 19, 19, 19, 19, 19, 19, 19, 19, 19, 19, 19, 19, 19, 19, 19, 19, 19, 19, 19, 19, 19, 19, 19, 19, 19, 19, 19, 19, 19, 19, 19]",165,"[0.34778064489364624, 0.31614407896995544, 0.27481311559677124, 0.254116028547287, 0.24589696526527405, 0.25645682215690613, 0.22438932955265045, 0.21790102124214172, 0.2065037190914154, 0.20679862797260284, 0.1938282549381256, 0.1951139122247696, 0.18785107135772705, 0.21929238736629486, 0.18052491545677185, 0.1980484127998352, 0.1812029778957367, 0.17683401703834534, 0.1748857945203781, 0.19119596481323242, 0.21554513275623322, 0.20009592175483704, 0.2021784633398056, 0.21360507607460022, 0.22202496230602264, 0.204220250248909, 0.2045067548751831, 0.21058647334575653, 0.19144268333911896, 0.1946016550064087, 0.19382040202617645, 0.20361214876174927, 0.1839028000831604, 0.19294339418411255, 0.1906280368566513, 0.19319717586040497, 0.18891791999340057, 0.18489716947078705, 0.1899392306804657, 0.18258628249168396, 0.17610639333724976, 0.19699564576148987, 0.20432233810424805, 0.1882021129131317, 0.20088714361190796, 0.18324856460094452, 0.20325148105621338, 0.20628178119659424, 0.18597017228603363, 0.18680791556835175, 0.18237179517745972, 0.1960444301366806, 0.1965508908033371, 0.18813537061214447, 0.18907566368579865, 0.18283948302268982, 0.1964625120162964, 0.22838066518306732, 0.17851917445659637, 0.18883658945560455, 0.193990096449852, 0.20886607468128204, 0.2005077302455902, 0.178240105509758, 0.1928720623254776, 0.21116352081298828, 0.19607862830162048, 0.1967327743768692, 0.20390769839286804, 0.2910141050815582, 0.18295885622501373, 0.19002121686935425, 0.19073915481567383, 0.20249561965465546, 0.20131425559520721, 0.20509985089302063, 0.1950528770685196, 0.19610430300235748, 0.20262743532657623, 0.19931185245513916, 0.20398536324501038, 0.20679830014705658, 0.19615943729877472, 0.21050921082496643, 0.21423271298408508, 0.20746876299381256, 0.19705764949321747, 0.20941558480262756, 0.1978939175605774, 0.22744005918502808, 0.21058641374111176, 0.19486120343208313, 0.20083476603031158, 0.20747144520282745, 0.22524875402450562, 0.20337286591529846, 0.19566476345062256, 0.19826430082321167, 0.20236973464488983, 0.22589758038520813, 0.2202371209859848, 0.20361833274364471, 0.22390615940093994, 0.2099490612745285, 0.21789449453353882, 0.21331781148910522, 0.20753848552703857, 0.21081440150737762, 0.20045076310634613, 0.22187452018260956, 0.2100083976984024, 0.2234550416469574, 0.22023023664951324, 0.2148563414812088, 0.22352205216884613, 0.23785196244716644, 0.24401141703128815, 0.2412063032388687, 0.2210550755262375, 0.22863087058067322, 0.22173678874969482, 0.21450065076351166, 0.21097707748413086, 0.21726185083389282, 0.2302914559841156, 0.21645748615264893, 0.2355249524116516, 0.23025090992450714, 0.23194587230682373, 0.2354690581560135, 0.22130542993545532, 0.23014545440673828, 0.214663565158844, 0.23404406011104584, 0.21979959309101105, 0.2309947907924652, 0.23566697537899017, 0.24522052705287933, 0.2238221913576126, 0.2248457968235016, 0.21560929715633392, 0.23794567584991455, 0.24429836869239807, 0.23482409119606018, 0.2709144651889801, 0.2307540327310562, 0.24766471982002258, 0.23440057039260864, 0.24119587242603302, 0.23241308331489563, 0.24616099894046783, 0.2369598150253296, 0.24547727406024933, 0.2564678192138672, 0.22646993398666382, 0.23308813571929932, 0.2181353121995926, 0.2411322146654129, 0.24172617495059967, 0.2273344248533249, 0.2353285849094391, 0.2428029477596283, 0.24981443583965302, 0.2389407604932785, 0.24948208034038544]",19.0,"[33.0, 33.0, 33.0, 33.0, 33.0, 33.0, 33.0, 30.0, 28.0, 26.0, 22.0, 22.0, 22.0, 21.0, 21.0, 21.0, 21.0, 21.0, 21.0, 21.0, 19.0, 19.0, 19.0, 19.0, 19.0, 19.0, 19.0, 19.0, 19.0, 19.0, 19.0, 19.0, 19.0, 19.0, 19.0, 19.0, 19.0, 19.0, 19.0, 19.0, 19.0, 19.0, 19.0, 19.0, 19.0, 19.0, 19.0, 19.0, 19.0, 19.0, 19.0, 19.0, 19.0, 19.0, 19.0, 19.0, 19.0, 19.0, 19.0, 19.0, 19.0, 19.0, 19.0, 19.0, 19.0, 19.0, 19.0, 19.0, 19.0, 19.0, 19.0, 19.0, 19.0, 19.0, 19.0, 19.0, 19.0, 19.0, 19.0, 19.0, 19.0, 19.0, 19.0, 19.0, 19.0, 19.0, 19.0, 19.0, 19.0, 19.0, 19.0, 19.0, 19.0, 19.0, 19.0, 19.0, 19.0, 19.0, 19.0, 19.0, 19.0, 19.0, 19.0, 19.0, 19.0, 19.0, 19.0, 19.0, 19.0, 19.0, 19.0, 19.0, 19.0, 19.0, 19.0, 19.0, 19.0, 19.0, 19.0, 19.0, 19.0, 19.0, 19.0, 19.0, 19.0, 19.0, 19.0, 19.0, 19.0, 19.0, 19.0, 19.0, 19.0, 19.0, 19.0, 19.0, 19.0, 19.0, 19.0, 19.0, 19.0, 19.0, 19.0, 19.0, 19.0, 19.0, 19.0, 19.0, 19.0, 19.0, 19.0, 19.0, 19.0, 19.0, 19.0, 19.0, 19.0, 19.0, 19.0, 19.0, 19.0, 19.0, 19.0, 19.0, 19.0]",COMPLETE
104,104,0.6842627300949362,2024-08-31 04:46:36.650567,2024-08-31 04:47:18.680156,0 days 00:00:42.029589,16,0.024740787445342364,5,100,0.10282329618266026,71,0.0016474100132291567,0.86,0.85875,33,"[33, 33, 33, 33, 33, 33, 33, 33, 33, 33, 33, 33, 33, 33, 33, 33, 33, 33, 33, 33, 33, 33, 33, 33, 33, 33, 33, 33, 33, 33, 33, 33, 33, 33, 33, 33, 33, 33, 33, 33, 33, 33, 33, 33, 33, 33, 33, 33, 33, 33, 33, 33, 33, 33, 33, 33, 33, 33, 33, 33, 33, 33, 33, 33, 33, 33, 33, 33, 33, 33, 33, 33, 33, 33, 33, 33, 33, 33, 33, 33, 33, 33, 33, 33, 33, 33, 33, 33, 33, 33, 33, 33, 33, 33, 33, 33, 33, 33, 33, 33]",32.93684688777828,"[32.9418446160836, 32.938209904588824, 32.9418446160836, 32.93957292139936, 32.937755565651976, 32.940481599273056, 32.93866424352567, 32.943207632894136, 32.94229895502045, 32.948205361199456, 32.946388005452064, 32.94638800545207, 32.94775102226261, 32.94229895502045, 32.945479327578376, 32.93957292139937, 32.940027260336215, 32.945933666515224, 32.94320763289414, 32.94457064970468, 32.9418446160836, 32.94139027714676, 32.94048159927306, 32.94139027714675, 32.94229895502045, 32.9418446160836, 32.9418446160836, 32.938209904588824, 32.94139027714675, 32.93957292139936, 32.9418446160836, 32.94275329395729, 32.94229895502044, 32.9418446160836, 32.94411631076783, 32.94502498864153, 32.94593366651522, 32.940935938209904, 32.938209904588824, 32.938209904588824, 32.937755565651976, 32.9418446160836, 32.94139027714675, 32.93911858246252, 32.940935938209904, 32.94139027714675, 32.940481599273056, 32.940481599273056, 32.9418446160836, 32.940027260336215, 32.935483870967744, 32.935483870967744, 32.93911858246252, 32.940481599273056, 32.93639254884144, 32.930486142662424, 32.93139482053612, 32.935483870967744, 32.93184915947297, 32.932303498409816, 32.932757837346664, 32.93275783734666, 32.9341208541572, 32.93502953203089, 32.93730122671513, 32.93866424352567, 32.937755565651976, 32.93911858246251, 32.937755565651976, 32.930031803725576, 32.93184915947297, 32.93139482053612, 32.9341208541572, 32.935483870967744, 32.940481599273056, 32.93684688777828, 32.94139027714675, 32.943207632894136, 32.943661971830984, 32.94684234438891, 32.94547932757837, 32.943661971830984, 32.945933666515224, 32.94775102226261, 32.94366197183099, 32.93957292139937, 32.93866424352567, 32.93866424352567, 32.938209904588824, 32.935029532030896, 32.932757837346664, 32.93457519309405, 32.93730122671513, 32.9341208541572, 32.933212176283504, 32.93457519309405, 32.935483870967744, 32.93457519309405, 32.93593820990459, 32.93684688777828]",0.7237757907512445,0.6842627300949362,33,"[33, 33, 33, 33, 33, 33, 33, 33, 33, 33, 33, 33, 33, 33, 33, 33, 33, 33, 33, 33, 33, 33, 33, 33, 33, 33, 33, 33, 33, 33, 33, 33, 33, 33, 33, 33, 33, 33, 33, 33, 33, 33, 33, 33, 33, 33, 33, 33, 33, 33, 33, 33, 33, 33, 33, 33, 33, 33, 33, 33, 33, 33, 33, 33, 33, 33, 33, 33, 33, 33, 33, 33, 33, 33, 33, 33, 33, 33, 33, 33, 33, 33, 33, 33, 33, 33, 33, 33, 33, 33, 33, 33, 33, 33, 33, 33, 33, 33, 33, 33]",100,"[0.5963852405548096, 0.5074300169944763, 0.46390247344970703, 0.44070348143577576, 0.42723384499549866, 0.41914504766464233, 0.41409385204315186, 0.4105027914047241, 0.40809309482574463, 0.4063684940338135, 0.40504181385040283, 0.4039900302886963, 0.40306827425956726, 0.40227124094963074, 0.40154576301574707, 0.40090441703796387, 0.4002710282802582, 0.3996906578540802, 0.39914578199386597, 0.3986084461212158, 0.39808404445648193, 0.3975682854652405, 0.3970760405063629, 0.3965950012207031, 0.3961141109466553, 0.39566171169281006, 0.39521488547325134, 0.3947884738445282, 0.39435261487960815, 0.3939283788204193, 0.39352625608444214, 0.39313217997550964, 0.3927364647388458, 0.3923729658126831, 0.3920149505138397, 0.3916359841823578, 0.391281396150589, 0.3909180760383606, 0.3905857801437378, 0.3902454674243927, 0.38992053270339966, 0.38960033655166626, 0.3892623782157898, 0.388962984085083, 0.3886534571647644, 0.38835445046424866, 0.38805779814720154, 0.3877585232257843, 0.3874660134315491, 0.38717329502105713, 0.3868844509124756, 0.3866032361984253, 0.3863390386104584, 0.3860692083835602, 0.3858067989349365, 0.38555094599723816, 0.38529860973358154, 0.3850484788417816, 0.38480842113494873, 0.3845621347427368, 0.38431817293167114, 0.38407859206199646, 0.38383644819259644, 0.3836178183555603, 0.3833810091018677, 0.3831550180912018, 0.3829333484172821, 0.3827129602432251, 0.38250789046287537, 0.3822912573814392, 0.38209033012390137, 0.3818940818309784, 0.38168564438819885, 0.38147056102752686, 0.38127413392066956, 0.38108158111572266, 0.3808993399143219, 0.38070574402809143, 0.38053005933761597, 0.3803319036960602, 0.3801649808883667, 0.37996867299079895, 0.3797922432422638, 0.3796074688434601, 0.37943795323371887, 0.37926727533340454, 0.37909531593322754, 0.3789430856704712, 0.37878963351249695, 0.37863093614578247, 0.3784732520580292, 0.37831181287765503, 0.3781612515449524, 0.37801092863082886, 0.37786129117012024, 0.3777097463607788, 0.3775477111339569, 0.37740558385849, 0.37725216150283813, 0.3770974278450012]",33.0,"[33.0, 33.0, 33.0, 33.0, 33.0, 33.0, 33.0, 33.0, 33.0, 33.0, 33.0, 33.0, 33.0, 33.0, 33.0, 33.0, 33.0, 33.0, 33.0, 33.0, 33.0, 33.0, 33.0, 33.0, 33.0, 33.0, 33.0, 33.0, 33.0, 33.0, 33.0, 33.0, 33.0, 33.0, 33.0, 33.0, 33.0, 33.0, 33.0, 33.0, 33.0, 33.0, 33.0, 33.0, 33.0, 33.0, 33.0, 33.0, 33.0, 33.0, 33.0, 33.0, 33.0, 33.0, 33.0, 33.0, 33.0, 33.0, 33.0, 33.0, 33.0, 33.0, 33.0, 33.0, 33.0, 33.0, 33.0, 33.0, 33.0, 33.0, 33.0, 33.0, 33.0, 33.0, 33.0, 33.0, 33.0, 33.0, 33.0, 33.0, 33.0, 33.0, 33.0, 33.0, 33.0, 33.0, 33.0, 33.0, 33.0, 33.0, 33.0, 33.0, 33.0, 33.0, 33.0, 33.0, 33.0, 33.0, 33.0, 33.0]",COMPLETE
