,number,value,datetime_start,datetime_complete,duration,params_batch_size_scaler,params_constant_learning_rate,params_depth,params_epochs,params_kernel_l2,params_num_trees,params_temperature,user_attrs_accuracy_test,user_attrs_accuracy_valid,user_attrs_approximate_feature_sparsity,user_attrs_approximate_feature_sparsity_history,user_attrs_approximate_weight_sparsity,user_attrs_approximate_weight_sparsity_history,user_attrs_auc_test,user_attrs_auc_valid,user_attrs_feature_sparsity,user_attrs_feature_sparsity_history,user_attrs_num_epochs,user_attrs_val_loss_history,user_attrs_weight_sparsity,user_attrs_weight_sparsity_history,state
44,44,0.7920740425860803,2024-08-31 02:38:55.993720,2024-08-31 02:41:30.984924,0 days 00:02:34.991204,4,0.4924061127606145,4,240,0.010307630979779598,21,0.009725358107607777,0.881,0.87,2,"[33, 18, 2, 2, 2, 2, 2, 2, 2, 2, 2, 2, 2, 2, 2, 2, 2, 2, 2, 2, 2, 2, 2, 2, 2, 2, 2, 2, 2, 2, 2, 2, 2, 2, 2, 2, 2, 2, 2, 2, 2, 2, 2, 2, 2, 2, 2, 2, 2, 2, 2, 2, 2, 2, 2, 2, 2, 2, 2, 2, 2, 2, 2, 2, 2, 2, 2, 2, 2, 2, 2, 2, 2, 2, 2, 2, 2, 2, 2, 2, 2, 2, 2, 2, 2, 2, 2, 2, 2, 2, 2, 2, 2, 2, 2, 2, 2, 2, 2, 2, 2, 2, 2, 2, 2, 2, 2, 2, 2, 2, 2, 2, 2, 2, 2, 2, 2, 2, 2, 2, 2, 2, 2, 2, 2, 2, 2, 2, 2, 2, 2, 2, 2, 2, 2, 2, 2, 2, 2, 2, 2, 2, 2, 2, 2, 2, 2, 2, 2, 2, 2, 2, 2, 2, 2, 2, 2, 2, 2, 2, 2, 2, 2, 2, 2, 2, 2, 2, 2, 2, 2, 2, 2, 2, 2, 2, 2, 2, 2, 2, 2, 2, 2, 2, 2, 2, 2, 2, 2, 2, 2, 2, 2, 2, 2, 2, 2, 2, 2, 2, 2, 2, 2, 2, 2, 2, 2, 2, 2, 2, 2, 2, 2, 2, 2, 2, 2, 2, 2, 2, 2, 2, 2, 2, 2, 2, 2, 2, 2, 2, 2, 2, 2, 2, 2, 2, 2, 2, 2, 2]",1.9968253968253968,"[32.96507936507936, 17.984126984126984, 2.0, 1.9968253968253968, 2.0, 2.0, 2.0, 1.9968253968253968, 1.9968253968253968, 1.9968253968253968, 2.0, 1.9968253968253968, 2.0, 2.0, 2.0, 1.9968253968253968, 1.9968253968253968, 2.0, 2.0, 2.0, 2.0, 2.0, 2.0, 1.9968253968253968, 2.0, 2.0, 2.0, 2.0, 2.0, 2.0, 2.0, 1.9968253968253968, 2.0, 2.0, 2.0, 2.0, 1.9968253968253968, 1.9968253968253968, 2.0, 1.9968253968253968, 2.0, 2.0, 2.0, 2.0, 2.0, 2.0, 2.0, 2.0, 1.9968253968253968, 2.0, 1.9968253968253968, 1.9968253968253968, 2.0, 2.0, 2.0, 2.0, 2.0, 2.0, 2.0, 2.0, 1.9968253968253968, 1.9968253968253968, 1.9936507936507937, 2.0, 2.0, 1.9968253968253968, 1.9968253968253968, 2.0, 2.0, 2.0, 2.0, 2.0, 1.9968253968253968, 1.9936507936507937, 1.9936507936507937, 2.0, 2.0, 1.9968253968253968, 1.9968253968253968, 2.0, 2.0, 2.0, 2.0, 2.0, 2.0, 2.0, 1.9968253968253968, 1.9936507936507937, 2.0, 2.0, 2.0, 2.0, 1.9968253968253968, 1.9968253968253968, 2.0, 2.0, 2.0, 1.9968253968253968, 1.9968253968253968, 2.0, 2.0, 1.9936507936507937, 1.9936507936507937, 1.9968253968253968, 1.9968253968253968, 2.0, 2.0, 2.0, 2.0, 1.9968253968253968, 2.0, 2.0, 1.9968253968253968, 2.0, 1.9968253968253968, 2.0, 2.0, 2.0, 2.0, 2.0, 1.9968253968253968, 2.0, 2.0, 2.0, 2.0, 2.0, 2.0, 1.9968253968253968, 2.0, 2.0, 2.0, 1.9968253968253968, 2.0, 2.0, 1.9936507936507937, 1.9968253968253968, 1.9968253968253968, 1.9968253968253968, 2.0, 1.9936507936507937, 2.0, 2.0, 1.9968253968253968, 1.9968253968253968, 2.0, 1.9904761904761905, 2.0, 2.0, 2.0, 2.0, 2.0, 1.9968253968253968, 1.9968253968253968, 1.9968253968253968, 2.0, 1.9968253968253968, 2.0, 2.0, 2.0, 2.0, 2.0, 2.0, 2.0, 2.0, 2.0, 2.0, 2.0, 2.0, 2.0, 1.9968253968253968, 2.0, 2.0, 1.9968253968253968, 1.9968253968253968, 1.9936507936507937, 1.9968253968253968, 2.0, 2.0, 1.9968253968253968, 1.9968253968253968, 1.9968253968253968, 1.9936507936507937, 2.0, 1.9968253968253968, 1.9968253968253968, 1.9968253968253968, 2.0, 1.9968253968253968, 2.0, 2.0, 1.9968253968253968, 2.0, 2.0, 1.9968253968253968, 1.9968253968253968, 1.9968253968253968, 2.0, 2.0, 1.9968253968253968, 2.0, 2.0, 2.0, 2.0, 2.0, 2.0, 2.0, 2.0, 2.0, 2.0, 2.0, 2.0, 1.9968253968253968, 2.0, 2.0, 1.9968253968253968, 2.0, 2.0, 1.9968253968253968, 1.9968253968253968, 1.9968253968253968, 2.0, 2.0, 2.0, 2.0, 1.9968253968253968, 1.9968253968253968, 1.9968253968253968, 1.9968253968253968, 2.0, 1.9968253968253968, 2.0, 1.9968253968253968, 2.0, 2.0, 2.0, 2.0, 1.9968253968253968, 2.0, 1.9968253968253968, 1.9968253968253968]",0.806818087996103,0.7920740425860803,2,"[33, 18, 2, 2, 2, 2, 2, 2, 2, 2, 2, 2, 2, 2, 2, 2, 2, 2, 2, 2, 2, 2, 2, 2, 2, 2, 2, 2, 2, 2, 2, 2, 2, 2, 2, 2, 2, 2, 2, 2, 2, 2, 2, 2, 2, 2, 2, 2, 2, 2, 2, 2, 2, 2, 2, 2, 2, 2, 2, 2, 2, 2, 2, 2, 2, 2, 2, 2, 2, 2, 2, 2, 2, 2, 2, 2, 2, 2, 2, 2, 2, 2, 2, 2, 2, 2, 2, 2, 2, 2, 2, 2, 2, 2, 2, 2, 2, 2, 2, 2, 2, 2, 2, 2, 2, 2, 2, 2, 2, 2, 2, 2, 2, 2, 2, 2, 2, 2, 2, 2, 2, 2, 2, 2, 2, 2, 2, 2, 2, 2, 2, 2, 2, 2, 2, 2, 2, 2, 2, 2, 2, 2, 2, 2, 2, 2, 2, 2, 2, 2, 2, 2, 2, 2, 2, 2, 2, 2, 2, 2, 2, 2, 2, 2, 2, 2, 2, 2, 2, 2, 2, 2, 2, 2, 2, 2, 2, 2, 2, 2, 2, 2, 2, 2, 2, 2, 2, 2, 2, 2, 2, 2, 2, 2, 2, 2, 2, 2, 2, 2, 2, 2, 2, 2, 2, 2, 2, 2, 2, 2, 2, 2, 2, 2, 2, 2, 2, 2, 2, 2, 2, 2, 2, 2, 2, 2, 2, 2, 2, 2, 2, 2, 2, 2, 2, 2, 2, 2, 2, 2]",240,"[0.37120163440704346, 0.36503496766090393, 0.37782570719718933, 0.3722440302371979, 0.37034061551094055, 0.3658320903778076, 0.3629625737667084, 0.36133885383605957, 0.3581257164478302, 0.3553178310394287, 0.35263335704803467, 0.350745290517807, 0.3476485013961792, 0.34567710757255554, 0.34375301003456116, 0.3428182303905487, 0.34114009141921997, 0.33975982666015625, 0.3388943374156952, 0.33785656094551086, 0.3375062644481659, 0.336714506149292, 0.3365550935268402, 0.3360518217086792, 0.3358531892299652, 0.33555400371551514, 0.3356020450592041, 0.3359089195728302, 0.33522358536720276, 0.3364090025424957, 0.33473044633865356, 0.3355516791343689, 0.3400089144706726, 0.33450326323509216, 0.33550262451171875, 0.3341080844402313, 0.3339340090751648, 0.33510810136795044, 0.3337908089160919, 0.3333800137042999, 0.33340662717819214, 0.33563870191574097, 0.3336072266101837, 0.335079550743103, 0.3334219455718994, 0.3352383077144623, 0.33405372500419617, 0.33328884840011597, 0.3332670331001282, 0.33304473757743835, 0.33317792415618896, 0.3329409062862396, 0.33289119601249695, 0.3326925039291382, 0.3331703841686249, 0.3331744074821472, 0.3330216705799103, 0.3331959545612335, 0.33304363489151, 0.33299484848976135, 0.33312857151031494, 0.3329504430294037, 0.3330657482147217, 0.3326340913772583, 0.3337714672088623, 0.33275577425956726, 0.3327959179878235, 0.3324950933456421, 0.33393219113349915, 0.3333034813404083, 0.33293163776397705, 0.3326142132282257, 0.3331345021724701, 0.3358193337917328, 0.3326948583126068, 0.3337406814098358, 0.3325449228286743, 0.3328799307346344, 0.33280426263809204, 0.33262091875076294, 0.3323949873447418, 0.33248546719551086, 0.3327503502368927, 0.33263251185417175, 0.33606675267219543, 0.3330613970756531, 0.33263570070266724, 0.3329164385795593, 0.3332054615020752, 0.33278679847717285, 0.3331269919872284, 0.3342224061489105, 0.332682728767395, 0.33279502391815186, 0.33259913325309753, 0.3334239721298218, 0.33444613218307495, 0.33308354020118713, 0.3347885012626648, 0.3335132598876953, 0.33266791701316833, 0.3339676558971405, 0.3366468548774719, 0.33355236053466797, 0.3336748480796814, 0.33308619260787964, 0.3337797522544861, 0.33295267820358276, 0.332876980304718, 0.33285361528396606, 0.3330385982990265, 0.3331248164176941, 0.33449554443359375, 0.33299145102500916, 0.33271554112434387, 0.333060085773468, 0.33296412229537964, 0.33369094133377075, 0.3333023488521576, 0.33319610357284546, 0.3331092894077301, 0.333008348941803, 0.333156943321228, 0.3327194154262543, 0.33309948444366455, 0.3336960971355438, 0.3326839506626129, 0.33310210704803467, 0.3332790732383728, 0.3343738913536072, 0.3333595395088196, 0.3332534432411194, 0.3329479992389679, 0.3332083523273468, 0.33327338099479675, 0.33519893884658813, 0.3331582248210907, 0.33294904232025146, 0.33835211396217346, 0.33431676030158997, 0.33356112241744995, 0.33283087611198425, 0.3347383439540863, 0.3330320715904236, 0.33289676904678345, 0.33299389481544495, 0.3330326974391937, 0.3361451327800751, 0.33285072445869446, 0.33381596207618713, 0.332899272441864, 0.33357277512550354, 0.33271846175193787, 0.3336215615272522, 0.33267998695373535, 0.33381709456443787, 0.33573248982429504, 0.3332498073577881, 0.3342050313949585, 0.332690954208374, 0.33431941270828247, 0.3335086405277252, 0.33307182788848877, 0.333675354719162, 0.3331012725830078, 0.333871454000473, 0.3330322504043579, 0.33317261934280396, 0.3328131139278412, 0.33298206329345703, 0.33314675092697144, 0.33392512798309326, 0.3327747583389282, 0.33684012293815613, 0.3330667018890381, 0.3334997296333313, 0.3364012837409973, 0.33512404561042786, 0.3329819440841675, 0.33285510540008545, 0.3329116702079773, 0.33296671509742737, 0.3326261043548584, 0.33264750242233276, 0.3329715430736542, 0.3330844044685364, 0.3337559998035431, 0.3373682498931885, 0.3337617516517639, 0.3328055441379547, 0.3328207731246948, 0.3333147168159485, 0.3327728509902954, 0.33271393179893494, 0.33345139026641846, 0.3335230350494385, 0.332823246717453, 0.333516001701355, 0.33323559165000916, 0.33299925923347473, 0.3330393135547638, 0.3330174684524536, 0.3351063132286072, 0.3336883783340454, 0.3332942724227905, 0.3326539695262909, 0.33293282985687256, 0.33434510231018066, 0.3329138159751892, 0.3343518078327179, 0.33292338252067566, 0.33321845531463623, 0.3326166272163391, 0.3329533040523529, 0.33299243450164795, 0.3336772918701172, 0.3327207863330841, 0.3337297737598419, 0.33341503143310547, 0.33268725872039795, 0.33423423767089844, 0.3327696919441223, 0.33312806487083435, 0.3328116238117218, 0.33275455236434937, 0.33270785212516785, 0.3328319489955902, 0.3332881033420563, 0.3332061469554901, 0.3327842652797699, 0.3337295949459076, 0.3326228857040405, 0.3327457308769226, 0.3332141041755676, 0.3349217176437378, 0.3326817750930786, 0.33301621675491333, 0.3353603780269623, 0.33252426981925964, 0.333003968000412]",2.0,"[33.0, 18.0, 2.0, 2.0, 2.0, 2.0, 2.0, 2.0, 2.0, 2.0, 2.0, 2.0, 2.0, 2.0, 2.0, 2.0, 2.0, 2.0, 2.0, 2.0, 2.0, 2.0, 2.0, 2.0, 2.0, 2.0, 2.0, 2.0, 2.0, 2.0, 2.0, 2.0, 2.0, 2.0, 2.0, 2.0, 2.0, 2.0, 2.0, 2.0, 2.0, 2.0, 2.0, 2.0, 2.0, 2.0, 2.0, 2.0, 2.0, 2.0, 2.0, 2.0, 2.0, 2.0, 2.0, 2.0, 2.0, 2.0, 2.0, 2.0, 2.0, 2.0, 2.0, 2.0, 2.0, 2.0, 2.0, 2.0, 2.0, 2.0, 2.0, 2.0, 2.0, 2.0, 2.0, 2.0, 2.0, 2.0, 2.0, 2.0, 2.0, 2.0, 2.0, 2.0, 2.0, 2.0, 2.0, 2.0, 2.0, 2.0, 2.0, 2.0, 2.0, 2.0, 2.0, 2.0, 2.0, 2.0, 2.0, 2.0, 2.0, 2.0, 2.0, 2.0, 2.0, 2.0, 2.0, 2.0, 2.0, 2.0, 2.0, 2.0, 2.0, 2.0, 2.0, 2.0, 2.0, 2.0, 2.0, 2.0, 2.0, 2.0, 2.0, 2.0, 2.0, 2.0, 2.0, 2.0, 2.0, 2.0, 2.0, 2.0, 2.0, 2.0, 2.0, 2.0, 2.0, 2.0, 2.0, 2.0, 2.0, 2.0, 2.0, 2.0, 2.0, 2.0, 2.0, 2.0, 2.0, 2.0, 2.0, 2.0, 2.0, 2.0, 2.0, 2.0, 2.0, 2.0, 2.0, 2.0, 2.0, 2.0, 2.0, 2.0, 2.0, 2.0, 2.0, 2.0, 2.0, 2.0, 2.0, 2.0, 2.0, 2.0, 2.0, 2.0, 2.0, 2.0, 2.0, 2.0, 2.0, 2.0, 2.0, 2.0, 2.0, 2.0, 2.0, 2.0, 2.0, 2.0, 2.0, 2.0, 2.0, 2.0, 2.0, 2.0, 2.0, 2.0, 2.0, 2.0, 2.0, 2.0, 2.0, 2.0, 2.0, 2.0, 2.0, 2.0, 2.0, 2.0, 2.0, 2.0, 2.0, 2.0, 2.0, 2.0, 2.0, 2.0, 2.0, 2.0, 2.0, 2.0, 2.0, 2.0, 2.0, 2.0, 2.0, 2.0, 2.0, 2.0, 2.0, 2.0, 2.0, 2.0, 2.0, 2.0, 2.0, 2.0, 2.0, 2.0]",COMPLETE
45,45,0.5,2024-08-31 02:41:30.992562,2024-08-31 02:41:49.078034,0 days 00:00:18.085472,64,1.2433633556446642,1,220,0.012992876089344553,63,0.06625103243275775,0.859,0.85875,0,"[0, 0, 0, 0, 0, 0, 0, 0, 0, 0, 0, 0, 0, 0, 0, 0, 0, 0, 0, 0, 0, 0, 0, 0, 0, 0, 0, 0, 0, 0, 0, 0, 0, 0, 0, 0, 0, 0, 0, 0, 0, 0, 0, 0, 0, 0, 0, 0, 0, 0, 0, 0, 0, 0, 0, 0, 0, 0, 0, 0, 0, 0, 0, 0, 0, 0, 0, 0, 0, 0, 0, 0, 0, 0, 0, 0, 0, 0, 0, 0, 0, 0, 0, 0, 0, 0, 0, 0, 0, 0, 0, 0, 0, 0, 0, 0, 0, 0, 0, 0, 0, 0, 0, 0, 0, 0, 0, 0, 0, 0, 0, 0, 0, 0, 0, 0, 0, 0, 0, 0, 0, 0, 0, 0, 0, 0, 0, 0, 0, 0, 0, 0, 0, 0, 0, 0, 0, 0, 0, 0, 0, 0, 0, 0, 0, 0, 0, 0, 0, 0, 0, 0, 0, 0, 0, 0, 0, 0, 0, 0, 0, 0, 0, 0, 0, 0, 0, 0, 0, 0, 0, 0, 0, 0, 0, 0, 0, 0, 0, 0, 0, 0, 0, 0, 0, 0, 0, 0, 0, 0, 0, 0, 0, 0, 0, 0, 0, 0, 0, 0, 0, 0, 0, 0, 0, 0, 0, 0, 0, 0, 0, 0, 0, 0, 0, 0, 0, 0, 0, 0]",0.0,"[0.0, 0.0, 0.0, 0.0, 0.0, 0.0, 0.0, 0.0, 0.0, 0.0, 0.0, 0.0, 0.0, 0.0, 0.0, 0.0, 0.0, 0.0, 0.0, 0.0, 0.0, 0.0, 0.0, 0.0, 0.0, 0.0, 0.0, 0.0, 0.0, 0.0, 0.0, 0.0, 0.0, 0.0, 0.0, 0.0, 0.0, 0.0, 0.0, 0.0, 0.0, 0.0, 0.0, 0.0, 0.0, 0.0, 0.0, 0.0, 0.0, 0.0, 0.0, 0.0, 0.0, 0.0, 0.0, 0.0, 0.0, 0.0, 0.0, 0.0, 0.0, 0.0, 0.0, 0.0, 0.0, 0.0, 0.0, 0.0, 0.0, 0.0, 0.0, 0.0, 0.0, 0.0, 0.0, 0.0, 0.0, 0.0, 0.0, 0.0, 0.0, 0.0, 0.0, 0.0, 0.0, 0.0, 0.0, 0.0, 0.0, 0.0, 0.0, 0.0, 0.0, 0.0, 0.0, 0.0, 0.0, 0.0, 0.0, 0.0, 0.0, 0.0, 0.0, 0.0, 0.0, 0.0, 0.0, 0.0, 0.0, 0.0, 0.0, 0.0, 0.0, 0.0, 0.0, 0.0, 0.0, 0.0, 0.0, 0.0, 0.0, 0.0, 0.0, 0.0, 0.0, 0.0, 0.0, 0.0, 0.0, 0.0, 0.0, 0.0, 0.0, 0.0, 0.0, 0.0, 0.0, 0.0, 0.0, 0.0, 0.0, 0.0, 0.0, 0.0, 0.0, 0.0, 0.0, 0.0, 0.0, 0.0, 0.0, 0.0, 0.0, 0.0, 0.0, 0.0, 0.0, 0.0, 0.0, 0.0, 0.0, 0.0, 0.0, 0.0, 0.0, 0.0, 0.0, 0.0, 0.0, 0.0, 0.0, 0.0, 0.0, 0.0, 0.0, 0.0, 0.0, 0.0, 0.0, 0.0, 0.0, 0.0, 0.0, 0.0, 0.0, 0.0, 0.0, 0.0, 0.0, 0.0, 0.0, 0.0, 0.0, 0.0, 0.0, 0.0, 0.0, 0.0, 0.0, 0.0, 0.0, 0.0, 0.0, 0.0, 0.0, 0.0, 0.0, 0.0, 0.0, 0.0, 0.0, 0.0, 0.0, 0.0, 0.0, 0.0, 0.0, 0.0, 0.0, 0.0]",0.5,0.5,0,"[0, 0, 0, 0, 0, 0, 0, 0, 0, 0, 0, 0, 0, 0, 0, 0, 0, 0, 0, 0, 0, 0, 0, 0, 0, 0, 0, 0, 0, 0, 0, 0, 0, 0, 0, 0, 0, 0, 0, 0, 0, 0, 0, 0, 0, 0, 0, 0, 0, 0, 0, 0, 0, 0, 0, 0, 0, 0, 0, 0, 0, 0, 0, 0, 0, 0, 0, 0, 0, 0, 0, 0, 0, 0, 0, 0, 0, 0, 0, 0, 0, 0, 0, 0, 0, 0, 0, 0, 0, 0, 0, 0, 0, 0, 0, 0, 0, 0, 0, 0, 0, 0, 0, 0, 0, 0, 0, 0, 0, 0, 0, 0, 0, 0, 0, 0, 0, 0, 0, 0, 0, 0, 0, 0, 0, 0, 0, 0, 0, 0, 0, 0, 0, 0, 0, 0, 0, 0, 0, 0, 0, 0, 0, 0, 0, 0, 0, 0, 0, 0, 0, 0, 0, 0, 0, 0, 0, 0, 0, 0, 0, 0, 0, 0, 0, 0, 0, 0, 0, 0, 0, 0, 0, 0, 0, 0, 0, 0, 0, 0, 0, 0, 0, 0, 0, 0, 0, 0, 0, 0, 0, 0, 0, 0, 0, 0, 0, 0, 0, 0, 0, 0, 0, 0, 0, 0, 0, 0, 0, 0, 0, 0, 0, 0, 0, 0, 0, 0, 0, 0]",220,"[3.271549701690674, 4.442103385925293, 7.913639545440674, 1.4784945249557495, 0.7382526397705078, 5.663805961608887, 5.019574165344238, 4.1877851486206055, 8.532979965209961, 2.4928500652313232, 7.680062294006348, 1.416106104850769, 3.622781276702881, 9.20649528503418, 2.7932567596435547, 4.8708815574646, 1.420631766319275, 3.295424699783325, 1.1487727165222168, 5.784528732299805, 4.700834274291992, 3.9901158809661865, 9.453596115112305, 3.195721387863159, 4.466701030731201, 6.891215801239014, 0.7162977457046509, 5.649227142333984, 5.474923133850098, 3.4355292320251465, 1.3528720140457153, 4.660210132598877, 4.148396015167236, 9.008099555969238, 2.448996067047119, 7.562962532043457, 1.4578701257705688, 0.45621833205223083, 2.8474059104919434, 5.108697414398193, 5.515242099761963, 4.110336780548096, 8.833908081054688, 2.502006769180298, 6.380785942077637, 1.331437349319458, 2.5627012252807617, 6.093548774719238, 2.862095594406128, 4.021873950958252, 8.661849021911621, 2.783856153488159, 6.843837738037109, 0.48092517256736755, 5.396579742431641, 6.709550857543945, 3.7002391815185547, 9.09805679321289, 3.0688178539276123, 4.171571731567383, 8.217920303344727, 1.734879493713379, 6.870317459106445, 0.5222629308700562, 8.575268745422363, 2.3947689533233643, 7.237512111663818, 0.9073829650878906, 5.066668510437012, 0.4791210889816284, 5.744927883148193, 4.001736640930176, 3.895421028137207, 8.605550765991211, 1.6687082052230835, 7.868565082550049, 1.309987187385559, 3.845010995864868, 8.816511154174805, 2.636016845703125, 6.630324840545654, 0.6152007579803467, 5.737689018249512, 1.8447057008743286, 3.434134006500244, 5.743988037109375, 3.6986160278320312, 7.957097053527832, 1.1717703342437744, 4.693765163421631, 3.230070114135742, 1.2994165420532227, 2.849250555038452, 6.421099662780762, 0.5643728375434875, 5.239940166473389, 5.302324295043945, 3.4595987796783447, 8.244314193725586, 2.2150919437408447, 7.450272083282471, 1.1943557262420654, 4.318254470825195, 8.546324729919434, 2.1389243602752686, 6.607388496398926, 0.4744478166103363, 5.724451065063477, 3.208956241607666, 3.414607048034668, 7.979088306427002, 2.176771640777588, 6.982397079467773, 0.528095543384552, 5.575563430786133, 3.086768865585327, 3.9997406005859375, 9.230231285095215, 2.974102258682251, 4.214680194854736, 9.058422088623047, 3.1048355102539062, 1.1122127771377563, 5.455915451049805, 5.992559909820557, 3.736785888671875, 8.740253448486328, 2.6353960037231445, 6.940164566040039, 0.6217825412750244, 5.856611251831055, 2.9061279296875, 4.336815357208252, 7.9361572265625, 1.6800353527069092, 8.802972793579102, 2.471208095550537, 7.432423114776611, 1.4032496213912964, 2.2624552249908447, 7.276142597198486, 0.4665685296058655, 5.400610446929932, 3.748399257659912, 4.128465175628662, 9.097634315490723, 3.0684118270874023, 3.4884870052337646, 1.6650303602218628, 2.850898027420044, 5.846656322479248, 4.320570468902588, 4.480161190032959, 6.951082706451416, 0.45271188020706177, 5.169642448425293, 6.706701278686523, 3.54939341545105, 5.31863260269165, 3.296748638153076, 4.106316089630127, 9.012351989746094, 2.680588483810425, 6.381700038909912, 1.0133006572723389, 1.2286889553070068, 5.745856761932373, 0.8225497603416443, 0.5939239263534546, 3.2212796211242676, 4.364864349365234, 8.502861022949219, 1.6416583061218262, 7.836764335632324, 3.669327974319458, 8.579272270202637, 2.247509002685547, 7.315969467163086, 1.2868568897247314, 3.973593235015869, 8.490060806274414, 2.4608380794525146, 7.028355121612549, 1.150694727897644, 6.100468158721924, 0.7027636170387268, 3.875159978866577, 3.748537302017212, 8.818097114562988, 2.4863333702087402, 7.94288444519043, 1.8380296230316162, 5.808624267578125, 4.294037342071533, 8.614583969116211, 2.1315488815307617, 7.468012809753418, 1.1365690231323242, 5.277493953704834, 5.915075302124023, 3.294736385345459, 1.9929938316345215, 6.423762798309326, 0.7043354511260986, 5.549249172210693, 6.484968185424805, 3.50897216796875, 2.94450306892395, 3.893007278442383, 9.045441627502441, 2.638042688369751, 6.743105888366699, 0.5810744762420654, 4.540931224822998, 5.914710521697998, 3.4632837772369385, 4.044875621795654, 8.91862964630127, 2.813771963119507, 3.8129334449768066]",0.0,"[0.0, 0.0, 0.0, 0.0, 0.0, 0.0, 0.0, 0.0, 0.0, 0.0, 0.0, 0.0, 0.0, 0.0, 0.0, 0.0, 0.0, 0.0, 0.0, 0.0, 0.0, 0.0, 0.0, 0.0, 0.0, 0.0, 0.0, 0.0, 0.0, 0.0, 0.0, 0.0, 0.0, 0.0, 0.0, 0.0, 0.0, 0.0, 0.0, 0.0, 0.0, 0.0, 0.0, 0.0, 0.0, 0.0, 0.0, 0.0, 0.0, 0.0, 0.0, 0.0, 0.0, 0.0, 0.0, 0.0, 0.0, 0.0, 0.0, 0.0, 0.0, 0.0, 0.0, 0.0, 0.0, 0.0, 0.0, 0.0, 0.0, 0.0, 0.0, 0.0, 0.0, 0.0, 0.0, 0.0, 0.0, 0.0, 0.0, 0.0, 0.0, 0.0, 0.0, 0.0, 0.0, 0.0, 0.0, 0.0, 0.0, 0.0, 0.0, 0.0, 0.0, 0.0, 0.0, 0.0, 0.0, 0.0, 0.0, 0.0, 0.0, 0.0, 0.0, 0.0, 0.0, 0.0, 0.0, 0.0, 0.0, 0.0, 0.0, 0.0, 0.0, 0.0, 0.0, 0.0, 0.0, 0.0, 0.0, 0.0, 0.0, 0.0, 0.0, 0.0, 0.0, 0.0, 0.0, 0.0, 0.0, 0.0, 0.0, 0.0, 0.0, 0.0, 0.0, 0.0, 0.0, 0.0, 0.0, 0.0, 0.0, 0.0, 0.0, 0.0, 0.0, 0.0, 0.0, 0.0, 0.0, 0.0, 0.0, 0.0, 0.0, 0.0, 0.0, 0.0, 0.0, 0.0, 0.0, 0.0, 0.0, 0.0, 0.0, 0.0, 0.0, 0.0, 0.0, 0.0, 0.0, 0.0, 0.0, 0.0, 0.0, 0.0, 0.0, 0.0, 0.0, 0.0, 0.0, 0.0, 0.0, 0.0, 0.0, 0.0, 0.0, 0.0, 0.0, 0.0, 0.0, 0.0, 0.0, 0.0, 0.0, 0.0, 0.0, 0.0, 0.0, 0.0, 0.0, 0.0, 0.0, 0.0, 0.0, 0.0, 0.0, 0.0, 0.0, 0.0, 0.0, 0.0, 0.0, 0.0, 0.0, 0.0, 0.0, 0.0, 0.0, 0.0, 0.0, 0.0]",COMPLETE
