,number,value,datetime_start,datetime_complete,duration,params_batch_size_scaler,params_constant_learning_rate,params_depth,params_epochs,params_kernel_l2,params_num_trees,params_temperature,user_attrs_accuracy_test,user_attrs_accuracy_valid,user_attrs_approximate_feature_sparsity,user_attrs_approximate_feature_sparsity_history,user_attrs_approximate_weight_sparsity,user_attrs_approximate_weight_sparsity_history,user_attrs_auc_test,user_attrs_auc_valid,user_attrs_feature_sparsity,user_attrs_feature_sparsity_history,user_attrs_num_epochs,user_attrs_val_loss_history,user_attrs_weight_sparsity,user_attrs_weight_sparsity_history,state
146,146,0.6986641934278831,2024-08-31 06:47:47.904047,2024-08-31 06:50:42.908672,0 days 00:02:55.004625,1,1.4455316529938649,1,335,0.01896766706704065,37,0.0009074830126356697,0.829,0.8425,3,"[11, 5, 4, 4, 4, 4, 4, 3, 3, 3, 3, 3, 3, 3, 3, 3, 3, 3, 3, 3, 3, 3, 3, 3, 3, 3, 3, 3, 3, 3, 3, 3, 3, 3, 3, 3, 3, 3, 3, 3, 3, 3, 3, 3, 3, 3, 3, 3, 3, 3, 3, 3, 3, 3, 3, 3, 3, 3, 3, 3, 3, 3, 3, 3, 3, 3, 3, 3, 3, 3, 3, 3, 3, 3, 3, 3, 3, 3, 3, 3, 3, 3, 3, 3, 3, 3, 3, 3, 3, 3, 3, 3, 3, 3, 3, 3, 3, 3, 3, 3, 3, 3, 3, 3, 3, 3, 3, 3, 3, 3, 3, 3, 3, 3, 3, 3, 3, 3, 3, 3, 3, 3, 3, 3, 3, 3, 3, 3, 3, 3, 3, 3, 3, 3, 3, 3, 3, 3, 3, 3, 3, 3, 3, 3, 3, 3, 3, 3, 3, 3, 3, 3, 3, 3, 3, 3, 3, 3, 3, 3, 3, 3, 3, 3, 3, 3, 3, 3, 3, 3, 3, 3, 3, 3, 3, 3, 3, 3, 3, 3, 3, 3, 3, 3, 3, 3, 3, 3, 3, 3, 3, 3, 3, 3, 3, 3, 3, 3, 3, 3, 3, 3, 3, 3, 3, 3, 3, 3, 3, 3, 3, 3, 3, 3, 3, 3, 3, 3, 3, 3, 3, 3, 3, 3, 3, 3, 3, 3, 3, 3, 3, 3, 3, 3, 3, 3, 3, 3, 3, 3, 3, 3, 3, 3, 3, 3, 3, 3, 3, 3, 3, 3, 3, 3, 3, 3, 3, 3, 3, 3, 3, 3, 3, 3, 3, 3, 3, 3, 3, 3, 3, 3, 3, 3, 3, 3, 3, 3, 3, 3, 3, 3, 3, 3, 3, 3, 3, 3, 3, 3, 3, 3, 3, 3, 3, 3, 3, 3, 3, 3, 3, 3, 3, 3, 3, 3, 3, 3, 3, 3, 3, 3, 3, 3, 3, 3, 3, 3, 3, 3, 3, 3, 3, 3, 3, 3, 3, 3, 3, 3, 3, 3, 3, 3, 3]",0.08108108108108109,"[11.0, 5.0, 4.0, 4.0, 4.0, 4.0, 4.0, 2.972972972972973, 3.0, 3.0, 3.0, 3.0, 3.0, 3.0, 3.0, 2.972972972972973, 3.0, 2.972972972972973, 2.972972972972973, 2.972972972972973, 2.945945945945946, 2.972972972972973, 2.972972972972973, 2.945945945945946, 2.945945945945946, 2.945945945945946, 2.945945945945946, 2.891891891891892, 2.891891891891892, 2.891891891891892, 2.783783783783784, 2.783783783783784, 2.783783783783784, 2.5405405405405403, 2.6756756756756754, 2.72972972972973, 2.5945945945945947, 2.5135135135135136, 2.4054054054054053, 2.2972972972972974, 2.108108108108108, 1.945945945945946, 1.8918918918918919, 2.108108108108108, 1.972972972972973, 1.6486486486486487, 1.3783783783783785, 1.4054054054054055, 1.1081081081081083, 1.0540540540540542, 1.0, 0.6756756756756757, 0.5945945945945946, 0.4594594594594595, 0.32432432432432434, 0.21621621621621623, 0.16216216216216217, 0.13513513513513514, 0.13513513513513514, 0.08108108108108109, 0.08108108108108109, 0.08108108108108109, 0.08108108108108109, 0.08108108108108109, 0.08108108108108109, 0.08108108108108109, 0.08108108108108109, 0.08108108108108109, 0.08108108108108109, 0.08108108108108109, 0.08108108108108109, 0.08108108108108109, 0.08108108108108109, 0.08108108108108109, 0.08108108108108109, 0.08108108108108109, 0.08108108108108109, 0.08108108108108109, 0.08108108108108109, 0.08108108108108109, 0.08108108108108109, 0.08108108108108109, 0.08108108108108109, 0.08108108108108109, 0.08108108108108109, 0.08108108108108109, 0.08108108108108109, 0.08108108108108109, 0.08108108108108109, 0.08108108108108109, 0.08108108108108109, 0.08108108108108109, 0.08108108108108109, 0.08108108108108109, 0.08108108108108109, 0.08108108108108109, 0.08108108108108109, 0.08108108108108109, 0.08108108108108109, 0.08108108108108109, 0.08108108108108109, 0.08108108108108109, 0.08108108108108109, 0.08108108108108109, 0.08108108108108109, 0.08108108108108109, 0.08108108108108109, 0.08108108108108109, 0.08108108108108109, 0.08108108108108109, 0.08108108108108109, 0.08108108108108109, 0.08108108108108109, 0.08108108108108109, 0.08108108108108109, 0.08108108108108109, 0.08108108108108109, 0.08108108108108109, 0.08108108108108109, 0.08108108108108109, 0.08108108108108109, 0.08108108108108109, 0.08108108108108109, 0.08108108108108109, 0.08108108108108109, 0.08108108108108109, 0.08108108108108109, 0.08108108108108109, 0.08108108108108109, 0.08108108108108109, 0.08108108108108109, 0.08108108108108109, 0.08108108108108109, 0.08108108108108109, 0.08108108108108109, 0.08108108108108109, 0.08108108108108109, 0.08108108108108109, 0.08108108108108109, 0.08108108108108109, 0.08108108108108109, 0.08108108108108109, 0.08108108108108109, 0.08108108108108109, 0.08108108108108109, 0.08108108108108109, 0.08108108108108109, 0.08108108108108109, 0.08108108108108109, 0.08108108108108109, 0.08108108108108109, 0.08108108108108109, 0.08108108108108109, 0.08108108108108109, 0.08108108108108109, 0.08108108108108109, 0.08108108108108109, 0.08108108108108109, 0.08108108108108109, 0.08108108108108109, 0.08108108108108109, 0.08108108108108109, 0.08108108108108109, 0.08108108108108109, 0.08108108108108109, 0.08108108108108109, 0.08108108108108109, 0.08108108108108109, 0.08108108108108109, 0.08108108108108109, 0.08108108108108109, 0.08108108108108109, 0.08108108108108109, 0.08108108108108109, 0.08108108108108109, 0.08108108108108109, 0.08108108108108109, 0.08108108108108109, 0.08108108108108109, 0.08108108108108109, 0.08108108108108109, 0.08108108108108109, 0.08108108108108109, 0.08108108108108109, 0.08108108108108109, 0.08108108108108109, 0.08108108108108109, 0.08108108108108109, 0.08108108108108109, 0.08108108108108109, 0.08108108108108109, 0.08108108108108109, 0.08108108108108109, 0.08108108108108109, 0.08108108108108109, 0.08108108108108109, 0.08108108108108109, 0.08108108108108109, 0.08108108108108109, 0.08108108108108109, 0.08108108108108109, 0.08108108108108109, 0.08108108108108109, 0.08108108108108109, 0.08108108108108109, 0.08108108108108109, 0.08108108108108109, 0.08108108108108109, 0.08108108108108109, 0.08108108108108109, 0.08108108108108109, 0.08108108108108109, 0.08108108108108109, 0.08108108108108109, 0.08108108108108109, 0.08108108108108109, 0.08108108108108109, 0.08108108108108109, 0.08108108108108109, 0.08108108108108109, 0.08108108108108109, 0.08108108108108109, 0.08108108108108109, 0.08108108108108109, 0.08108108108108109, 0.08108108108108109, 0.08108108108108109, 0.08108108108108109, 0.08108108108108109, 0.08108108108108109, 0.08108108108108109, 0.08108108108108109, 0.08108108108108109, 0.08108108108108109, 0.08108108108108109, 0.08108108108108109, 0.08108108108108109, 0.08108108108108109, 0.08108108108108109, 0.08108108108108109, 0.08108108108108109, 0.08108108108108109, 0.08108108108108109, 0.08108108108108109, 0.08108108108108109, 0.08108108108108109, 0.08108108108108109, 0.08108108108108109, 0.08108108108108109, 0.08108108108108109, 0.08108108108108109, 0.08108108108108109, 0.08108108108108109, 0.08108108108108109, 0.08108108108108109, 0.08108108108108109, 0.08108108108108109, 0.08108108108108109, 0.08108108108108109, 0.08108108108108109, 0.08108108108108109, 0.08108108108108109, 0.08108108108108109, 0.08108108108108109, 0.08108108108108109, 0.08108108108108109, 0.08108108108108109, 0.08108108108108109, 0.08108108108108109, 0.08108108108108109, 0.08108108108108109, 0.08108108108108109, 0.08108108108108109, 0.08108108108108109, 0.08108108108108109, 0.08108108108108109, 0.08108108108108109, 0.08108108108108109, 0.08108108108108109, 0.08108108108108109, 0.08108108108108109, 0.08108108108108109, 0.08108108108108109, 0.08108108108108109, 0.08108108108108109, 0.08108108108108109, 0.08108108108108109, 0.08108108108108109, 0.08108108108108109, 0.08108108108108109, 0.08108108108108109, 0.08108108108108109, 0.08108108108108109, 0.08108108108108109, 0.08108108108108109, 0.08108108108108109, 0.08108108108108109, 0.08108108108108109, 0.08108108108108109, 0.08108108108108109, 0.08108108108108109, 0.08108108108108109, 0.08108108108108109, 0.08108108108108109, 0.08108108108108109, 0.08108108108108109, 0.08108108108108109, 0.08108108108108109, 0.08108108108108109, 0.08108108108108109, 0.08108108108108109, 0.08108108108108109, 0.08108108108108109, 0.08108108108108109, 0.08108108108108109, 0.08108108108108109, 0.08108108108108109, 0.08108108108108109, 0.08108108108108109, 0.08108108108108109, 0.08108108108108109, 0.08108108108108109, 0.08108108108108109, 0.08108108108108109, 0.08108108108108109, 0.08108108108108109, 0.08108108108108109, 0.08108108108108109, 0.08108108108108109, 0.08108108108108109, 0.08108108108108109, 0.08108108108108109, 0.08108108108108109, 0.08108108108108109, 0.08108108108108109]",0.6707246592194454,0.6986641934278831,3,"[11, 5, 4, 4, 4, 4, 4, 3, 3, 3, 3, 3, 3, 3, 3, 3, 3, 3, 3, 3, 3, 3, 3, 3, 3, 3, 3, 3, 3, 3, 3, 3, 3, 3, 3, 3, 3, 3, 3, 3, 3, 3, 3, 3, 3, 3, 3, 3, 3, 3, 3, 3, 3, 3, 3, 3, 3, 3, 3, 3, 3, 3, 3, 3, 3, 3, 3, 3, 3, 3, 3, 3, 3, 3, 3, 3, 3, 3, 3, 3, 3, 3, 3, 3, 3, 3, 3, 3, 3, 3, 3, 3, 3, 3, 3, 3, 3, 3, 3, 3, 3, 3, 3, 3, 3, 3, 3, 3, 3, 3, 3, 3, 3, 3, 3, 3, 3, 3, 3, 3, 3, 3, 3, 3, 3, 3, 3, 3, 3, 3, 3, 3, 3, 3, 3, 3, 3, 3, 3, 3, 3, 3, 3, 3, 3, 3, 3, 3, 3, 3, 3, 3, 3, 3, 3, 3, 3, 3, 3, 3, 3, 3, 3, 3, 3, 3, 3, 3, 3, 3, 3, 3, 3, 3, 3, 3, 3, 3, 3, 3, 3, 3, 3, 3, 3, 3, 3, 3, 3, 3, 3, 3, 3, 3, 3, 3, 3, 3, 3, 3, 3, 3, 3, 3, 3, 3, 3, 3, 3, 3, 3, 3, 3, 3, 3, 3, 3, 3, 3, 3, 3, 3, 3, 3, 3, 3, 3, 3, 3, 3, 3, 3, 3, 3, 3, 3, 3, 3, 3, 3, 3, 3, 3, 3, 3, 3, 3, 3, 3, 3, 3, 3, 3, 3, 3, 3, 3, 3, 3, 3, 3, 3, 3, 3, 3, 3, 3, 3, 3, 3, 3, 3, 3, 3, 3, 3, 3, 3, 3, 3, 3, 3, 3, 3, 3, 3, 3, 3, 3, 3, 3, 3, 3, 3, 3, 3, 3, 3, 3, 3, 3, 3, 3, 3, 3, 3, 3, 3, 3, 3, 3, 3, 3, 3, 3, 3, 3, 3, 3, 3, 3, 3, 3, 3, 3, 3, 3, 3, 3, 3, 3, 3, 3, 3, 3]",335,"[0.6181504726409912, 0.5971527695655823, 0.7629528641700745, 1.1070743799209595, 3.9766623973846436, 2.1495015621185303, 2.6646273136138916, 0.6820390224456787, 1.8281358480453491, 0.8420736789703369, 0.8979433178901672, 2.8498401641845703, 0.5929973125457764, 0.698037326335907, 0.5186983346939087, 5.189414024353027, 3.1197474002838135, 1.0842649936676025, 3.482921838760376, 4.636264324188232, 0.7068124413490295, 0.5950811505317688, 1.166893720626831, 4.994823932647705, 0.8730482459068298, 3.905313014984131, 0.7039322853088379, 0.7494972348213196, 0.7221532464027405, 2.809939384460449, 6.049830913543701, 2.3793327808380127, 0.6953648328781128, 1.0760197639465332, 1.9863468408584595, 3.6441657543182373, 1.5539145469665527, 0.7903455495834351, 5.39768123626709, 0.8258264064788818, 0.8037109375, 2.807061195373535, 0.9362127184867859, 1.6330146789550781, 0.7823622226715088, 4.666415214538574, 1.0537863969802856, 1.2075457572937012, 1.5394047498703003, 0.8123555779457092, 5.605541229248047, 1.192771077156067, 1.631913423538208, 0.6525952816009521, 0.7533678412437439, 5.836187839508057, 1.1852025985717773, 2.056694269180298, 1.5628771781921387, 0.7802408337593079, 1.1182252168655396, 1.4572519063949585, 1.7816259860992432, 1.9402334690093994, 4.3679728507995605, 4.543034553527832, 0.9453050494194031, 3.884347438812256, 4.879418849945068, 5.913930892944336, 0.6920353770256042, 0.6444817185401917, 4.831569194793701, 1.4619024991989136, 2.5415966510772705, 0.7357220649719238, 5.019193172454834, 0.8846178650856018, 0.7536672949790955, 5.072873115539551, 0.9308130145072937, 1.7915836572647095, 0.9686917066574097, 2.9199793338775635, 2.0034167766571045, 2.468271493911743, 0.7908083200454712, 3.3973584175109863, 0.915628969669342, 0.7579339742660522, 0.9729500412940979, 0.6554628014564514, 3.2487664222717285, 0.8192211985588074, 2.446850299835205, 2.5220906734466553, 0.6585389971733093, 4.438817977905273, 2.669677972793579, 2.6742637157440186, 0.8305844068527222, 3.5739808082580566, 2.0443291664123535, 3.0565600395202637, 4.114943981170654, 1.268880844116211, 0.8530333638191223, 0.7877053618431091, 0.6749752759933472, 0.8218568563461304, 4.041360855102539, 0.7001166343688965, 0.6543096303939819, 2.614083766937256, 1.5843620300292969, 1.2354296445846558, 3.080028772354126, 0.7671781182289124, 0.7149003744125366, 0.6726086139678955, 0.833906352519989, 0.6088987588882446, 0.6163467168807983, 0.7761625647544861, 0.7415391802787781, 0.7808620929718018, 5.021244049072266, 0.7861699461936951, 0.8810022473335266, 5.974508285522461, 0.8816620707511902, 2.7016046047210693, 0.9887641072273254, 0.7475472092628479, 5.084795951843262, 1.5968890190124512, 3.905336618423462, 0.9249594807624817, 0.6955714225769043, 3.648101806640625, 0.5931652188301086, 2.902465581893921, 2.332179546356201, 1.400418758392334, 5.021826267242432, 1.160963773727417, 2.7842507362365723, 0.7062075138092041, 0.6644395589828491, 5.270402908325195, 2.189424991607666, 0.7513186931610107, 0.9887703061103821, 0.9998015761375427, 0.850521445274353, 0.8208616375923157, 0.9854423999786377, 1.380079746246338, 4.324485778808594, 0.9351406097412109, 3.5210342407226562, 2.5247490406036377, 6.586526393890381, 2.048767328262329, 3.846308946609497, 1.0345245599746704, 0.7079992890357971, 3.513812780380249, 0.6724869012832642, 0.9852452278137207, 2.042419910430908, 0.5732997059822083, 0.8485630750656128, 0.9088703393936157, 5.068168640136719, 0.8298059105873108, 2.674090623855591, 3.1359827518463135, 0.8971114158630371, 1.0433160066604614, 2.023613452911377, 0.6045617461204529, 5.718926429748535, 5.277349948883057, 4.980343341827393, 0.8908631801605225, 0.7522178888320923, 0.6995569467544556, 2.900059461593628, 1.0862984657287598, 3.36922025680542, 0.8285236358642578, 0.8249227404594421, 0.8832045197486877, 2.2449522018432617, 0.6989094018936157, 0.6517632007598877, 0.9748507142066956, 0.9974629878997803, 2.42508602142334, 1.3539468050003052, 0.5244419574737549, 4.311670303344727, 1.4602607488632202, 4.9006147384643555, 0.6902942657470703, 0.757935643196106, 0.6394283175468445, 4.640438079833984, 0.6852067708969116, 0.6649213433265686, 1.1770434379577637, 5.2762651443481445, 0.698212742805481, 0.884080171585083, 1.1034140586853027, 5.967695713043213, 1.393945574760437, 1.3347456455230713, 3.4483323097229004, 2.420639753341675, 0.8626750111579895, 0.9937045574188232, 1.7411015033721924, 2.2686607837677, 0.6121889352798462, 0.7154830694198608, 1.7105792760849, 0.6794335246086121, 0.7609736919403076, 0.937015175819397, 0.8805069923400879, 4.7159504890441895, 0.7777421474456787, 2.8988723754882812, 2.474964141845703, 4.214163303375244, 0.8439906239509583, 5.001587390899658, 1.0486505031585693, 4.5329203605651855, 0.6351057291030884, 0.6603704690933228, 5.571637153625488, 0.6717042326927185, 1.1947407722473145, 0.7505043148994446, 0.8309202790260315, 0.6173191666603088, 1.203059434890747, 1.094901204109192, 5.2850494384765625, 1.369564175605774, 5.4572434425354, 0.8600786328315735, 0.843961238861084, 3.1445627212524414, 2.592313289642334, 1.7981518507003784, 2.4747700691223145, 4.138155937194824, 2.772611141204834, 6.171065807342529, 0.6849564909934998, 0.9320007562637329, 2.4306516647338867, 1.3231196403503418, 2.0221757888793945, 0.7301221489906311, 0.5716027021408081, 3.4176435470581055, 3.222297430038452, 0.6402976512908936, 1.880540370941162, 1.42006516456604, 2.95135498046875, 2.6029257774353027, 2.331003427505493, 0.7923139929771423, 5.007409572601318, 0.6129321455955505, 1.795698881149292, 2.5573770999908447, 0.7529681921005249, 3.572408437728882, 1.6764228343963623, 2.672036647796631, 0.9194257855415344, 0.6895874738693237, 1.3871912956237793, 3.169578790664673, 3.573620080947876, 1.6467416286468506, 0.8905473947525024, 1.5360339879989624, 0.5472533702850342, 0.6567347645759583, 1.735480546951294, 0.8070730566978455, 0.7635301947593689, 1.8176792860031128, 2.3445372581481934, 2.2290258407592773, 0.912075936794281, 0.4889579713344574, 0.7798304557800293, 4.979296684265137, 2.0471243858337402, 3.714895009994507, 1.2997022867202759, 1.3130992650985718, 5.426346302032471, 0.6139342784881592, 5.006256580352783, 0.6851149201393127, 1.3327385187149048, 0.6633286476135254, 0.7186350226402283, 1.0408514738082886, 5.870372295379639, 1.7334498167037964, 2.1727919578552246, 1.24648916721344, 0.8026605844497681, 0.7261062860488892, 0.707617998123169, 0.9078615307807922, 0.8109394907951355, 0.8892955183982849, 3.2001564502716064, 5.250822067260742, 1.5706254243850708, 0.7117367386817932, 1.4516795873641968, 0.8111917972564697]",3.0,"[11.0, 5.0, 4.0, 4.0, 4.0, 4.0, 4.0, 3.0, 3.0, 3.0, 3.0, 3.0, 3.0, 3.0, 3.0, 3.0, 3.0, 3.0, 3.0, 3.0, 3.0, 3.0, 3.0, 3.0, 3.0, 3.0, 3.0, 3.0, 3.0, 3.0, 3.0, 3.0, 3.0, 3.0, 3.0, 3.0, 3.0, 3.0, 3.0, 3.0, 3.0, 3.0, 3.0, 3.0, 3.0, 3.0, 3.0, 3.0, 3.0, 3.0, 3.0, 3.0, 3.0, 3.0, 3.0, 3.0, 3.0, 3.0, 3.0, 3.0, 3.0, 3.0, 3.0, 3.0, 3.0, 3.0, 3.0, 3.0, 3.0, 3.0, 3.0, 3.0, 3.0, 3.0, 3.0, 3.0, 3.0, 3.0, 3.0, 3.0, 3.0, 3.0, 3.0, 3.0, 3.0, 3.0, 3.0, 3.0, 3.0, 3.0, 3.0, 3.0, 3.0, 3.0, 3.0, 3.0, 3.0, 3.0, 3.0, 3.0, 3.0, 3.0, 3.0, 3.0, 3.0, 3.0, 3.0, 3.0, 3.0, 3.0, 3.0, 3.0, 3.0, 3.0, 3.0, 3.0, 3.0, 3.0, 3.0, 3.0, 3.0, 3.0, 3.0, 3.0, 3.0, 3.0, 3.0, 3.0, 3.0, 3.0, 3.0, 3.0, 3.0, 3.0, 3.0, 3.0, 3.0, 3.0, 3.0, 3.0, 3.0, 3.0, 3.0, 3.0, 3.0, 3.0, 3.0, 3.0, 3.0, 3.0, 3.0, 3.0, 3.0, 3.0, 3.0, 3.0, 3.0, 3.0, 3.0, 3.0, 3.0, 3.0, 3.0, 3.0, 3.0, 3.0, 3.0, 3.0, 3.0, 3.0, 3.0, 3.0, 3.0, 3.0, 3.0, 3.0, 3.0, 3.0, 3.0, 3.0, 3.0, 3.0, 3.0, 3.0, 3.0, 3.0, 3.0, 3.0, 3.0, 3.0, 3.0, 3.0, 3.0, 3.0, 3.0, 3.0, 3.0, 3.0, 3.0, 3.0, 3.0, 3.0, 3.0, 3.0, 3.0, 3.0, 3.0, 3.0, 3.0, 3.0, 3.0, 3.0, 3.0, 3.0, 3.0, 3.0, 3.0, 3.0, 3.0, 3.0, 3.0, 3.0, 3.0, 3.0, 3.0, 3.0, 3.0, 3.0, 3.0, 3.0, 3.0, 3.0, 3.0, 3.0, 3.0, 3.0, 3.0, 3.0, 3.0, 3.0, 3.0, 3.0, 3.0, 3.0, 3.0, 3.0, 3.0, 3.0, 3.0, 3.0, 3.0, 3.0, 3.0, 3.0, 3.0, 3.0, 3.0, 3.0, 3.0, 3.0, 3.0, 3.0, 3.0, 3.0, 3.0, 3.0, 3.0, 3.0, 3.0, 3.0, 3.0, 3.0, 3.0, 3.0, 3.0, 3.0, 3.0, 3.0, 3.0, 3.0, 3.0, 3.0, 3.0, 3.0, 3.0, 3.0, 3.0, 3.0, 3.0, 3.0, 3.0, 3.0, 3.0, 3.0, 3.0, 3.0, 3.0, 3.0, 3.0, 3.0, 3.0, 3.0, 3.0, 3.0, 3.0, 3.0, 3.0, 3.0, 3.0, 3.0, 3.0, 3.0, 3.0, 3.0, 3.0, 3.0, 3.0, 3.0, 3.0, 3.0, 3.0, 3.0, 3.0, 3.0, 3.0, 3.0, 3.0, 3.0, 3.0, 3.0, 3.0, 3.0, 3.0, 3.0, 3.0]",COMPLETE
