,number,value,datetime_start,datetime_complete,duration,params_batch_size_scaler,params_constant_learning_rate,params_depth,params_epochs,params_kernel_l2,params_num_trees,params_temperature,user_attrs_accuracy_test,user_attrs_accuracy_valid,user_attrs_approximate_feature_sparsity,user_attrs_approximate_feature_sparsity_history,user_attrs_approximate_weight_sparsity,user_attrs_approximate_weight_sparsity_history,user_attrs_auc_test,user_attrs_auc_valid,user_attrs_feature_sparsity,user_attrs_feature_sparsity_history,user_attrs_num_epochs,user_attrs_val_loss_history,user_attrs_weight_sparsity,user_attrs_weight_sparsity_history,state
18,18,0.8981334776055957,2024-08-31 01:22:01.877642,2024-08-31 01:22:51.875868,0 days 00:00:49.998226,64,0.1751379110601556,3,360,0.0010600957435092705,85,0.00011901570430899902,0.891,0.88875,33,"[33, 33, 33, 33, 33, 33, 33, 33, 33, 33, 33, 33, 33, 33, 33, 33, 33, 33, 33, 33, 33, 33, 33, 33, 33, 33, 33, 33, 33, 33, 33, 33, 33, 33, 33, 33, 33, 33, 33, 33, 33, 33, 33, 33, 33, 33, 33, 33, 33, 33, 33, 33, 33, 33, 33, 33, 33, 33, 33, 33, 33, 33, 33, 33, 33, 33, 33, 33, 33, 33, 33, 33, 33, 33, 33, 33, 33, 33, 33, 33, 33, 33, 33, 33, 33, 33, 33, 33, 33, 33, 33, 33, 33, 33, 33, 33, 33, 33, 33, 33, 33, 33, 33, 33, 33, 33, 33, 33, 33, 33, 33, 33, 33, 33, 33, 33, 33, 33, 33, 33, 33, 33, 33, 33, 33, 33, 33, 33, 33, 33, 33, 33, 33, 33, 33, 33, 33, 33, 33, 33, 33, 33, 33, 33, 33, 33, 33, 33, 33, 33, 33, 33, 33, 33, 33, 33, 33, 33, 33, 33, 33, 33, 33, 33, 33, 33, 33, 33, 33, 33, 33, 33, 33, 33, 33, 33, 33, 33, 33, 33, 33, 33, 33, 33, 33, 33, 33, 33, 33, 33, 33, 33, 33, 33, 33, 33, 33, 33, 33, 33, 33, 33, 33, 33, 33, 33, 33, 33, 33, 33, 33, 33, 33, 33, 33, 33, 33, 33, 33, 33, 33, 33, 33, 33, 33, 33, 33, 33, 33, 33, 33, 33, 33, 33, 33, 33, 33, 33, 33, 33, 33, 33, 33, 33, 33, 33, 33, 33, 33, 33, 33, 33, 33, 33, 33, 33, 33, 33, 33, 33, 33, 33, 33, 33, 33, 33, 33, 33, 33, 33, 33, 33, 33, 33, 33, 33, 33, 33, 33, 33, 33, 33, 33, 33, 33, 33, 33, 33, 33, 33, 33, 33, 33, 33, 33, 33, 33, 33, 33, 33, 33, 33, 33, 33, 33, 33, 33, 33, 33, 33, 33, 33, 33, 33, 33, 33, 33, 33, 33, 33, 33, 33, 33, 33, 33, 33, 33, 33, 33, 33, 33, 33, 33, 33, 33, 33, 33, 33, 33, 33, 33, 33, 33, 33, 33, 33, 33, 33, 33, 33, 33, 33, 33, 33, 33, 33, 33, 33, 33, 33]",32.96638655462185,"[32.96638655462185, 32.97478991596638, 32.969747899159664, 32.976470588235294, 32.97478991596638, 32.97983193277311, 32.97310924369748, 32.96638655462185, 32.96638655462185, 32.97478991596638, 32.97478991596638, 32.97310924369748, 32.969747899159664, 32.96806722689075, 32.96806722689075, 32.957983193277315, 32.96806722689075, 32.96806722689075, 32.96134453781512, 32.976470588235294, 32.971428571428575, 32.96806722689075, 32.963025210084034, 32.96638655462185, 32.96134453781512, 32.978151260504205, 32.97478991596638, 32.976470588235294, 32.969747899159664, 32.97478991596638, 32.97478991596638, 32.97983193277311, 32.96806722689075, 32.969747899159664, 32.978151260504205, 32.98655462184874, 32.983193277310924, 32.97310924369748, 32.97310924369748, 32.96806722689075, 32.971428571428575, 32.96638655462185, 32.96638655462185, 32.97478991596638, 32.964705882352945, 32.957983193277315, 32.957983193277315, 32.963025210084034, 32.96134453781512, 32.96806722689075, 32.96638655462185, 32.969747899159664, 32.97310924369748, 32.969747899159664, 32.971428571428575, 32.963025210084034, 32.969747899159664, 32.96806722689075, 32.964705882352945, 32.971428571428575, 32.96806722689075, 32.96806722689075, 32.96806722689075, 32.96806722689075, 32.978151260504205, 32.971428571428575, 32.971428571428575, 32.971428571428575, 32.96638655462185, 32.96806722689075, 32.97478991596638, 32.96638655462185, 32.969747899159664, 32.97478991596638, 32.96638655462185, 32.964705882352945, 32.9563025210084, 32.95966386554622, 32.969747899159664, 32.97310924369748, 32.97310924369748, 32.97478991596638, 32.97478991596638, 32.984873949579836, 32.978151260504205, 32.964705882352945, 32.98151260504201, 32.978151260504205, 32.97983193277311, 32.97310924369748, 32.971428571428575, 32.963025210084034, 32.964705882352945, 32.969747899159664, 32.971428571428575, 32.971428571428575, 32.969747899159664, 32.95966386554622, 32.964705882352945, 32.971428571428575, 32.964705882352945, 32.963025210084034, 32.964705882352945, 32.969747899159664, 32.971428571428575, 32.96806722689075, 32.969747899159664, 32.96638655462185, 32.98151260504201, 32.96638655462185, 32.969747899159664, 32.97310924369748, 32.97310924369748, 32.971428571428575, 32.96638655462185, 32.963025210084034, 32.95966386554622, 32.963025210084034, 32.97478991596638, 32.98151260504201, 32.971428571428575, 32.969747899159664, 32.969747899159664, 32.969747899159664, 32.96806722689075, 32.96638655462185, 32.96806722689075, 32.97983193277311, 32.97310924369748, 32.96638655462185, 32.96638655462185, 32.969747899159664, 32.969747899159664, 32.96638655462185, 32.97478991596638, 32.96638655462185, 32.96806722689075, 32.96806722689075, 32.97310924369748, 32.963025210084034, 32.969747899159664, 32.964705882352945, 32.97478991596638, 32.969747899159664, 32.96134453781512, 32.964705882352945, 32.96134453781512, 32.95966386554622, 32.963025210084034, 32.95966386554622, 32.963025210084034, 32.96806722689075, 32.971428571428575, 32.96638655462185, 32.969747899159664, 32.971428571428575, 32.971428571428575, 32.96134453781512, 32.96638655462185, 32.963025210084034, 32.9563025210084, 32.95462184873949, 32.951260504201684, 32.951260504201684, 32.957983193277315, 32.957983193277315, 32.96806722689075, 32.97310924369748, 32.976470588235294, 32.971428571428575, 32.96806722689075, 32.96806722689075, 32.97478991596638, 32.97310924369748, 32.964705882352945, 32.97310924369748, 32.96806722689075, 32.96806722689075, 32.95462184873949, 32.957983193277315, 32.97310924369748, 32.978151260504205, 32.978151260504205, 32.97478991596638, 32.957983193277315, 32.964705882352945, 32.96134453781512, 32.96806722689075, 32.96806722689075, 32.969747899159664, 32.969747899159664, 32.97478991596638, 32.97478991596638, 32.97478991596638, 32.98151260504201, 32.97310924369748, 32.97310924369748, 32.96806722689075, 32.964705882352945, 32.976470588235294, 32.957983193277315, 32.957983193277315, 32.95294117647059, 32.95966386554622, 32.96134453781512, 32.96134453781512, 32.96638655462185, 32.969747899159664, 32.963025210084034, 32.97310924369748, 32.971428571428575, 32.969747899159664, 32.96638655462185, 32.97310924369748, 32.963025210084034, 32.95966386554622, 32.957983193277315, 32.95966386554622, 32.964705882352945, 32.971428571428575, 32.95966386554622, 32.963025210084034, 32.964705882352945, 32.969747899159664, 32.97310924369748, 32.969747899159664, 32.969747899159664, 32.964705882352945, 32.963025210084034, 32.9563025210084, 32.96638655462185, 32.963025210084034, 32.957983193277315, 32.96806722689075, 32.96806722689075, 32.96806722689075, 32.964705882352945, 32.95966386554622, 32.957983193277315, 32.963025210084034, 32.95966386554622, 32.963025210084034, 32.96134453781512, 32.963025210084034, 32.95966386554622, 32.957983193277315, 32.94789915966386, 32.95966386554622, 32.957983193277315, 32.9563025210084, 32.963025210084034, 32.957983193277315, 32.963025210084034, 32.96134453781512, 32.95462184873949, 32.963025210084034, 32.957983193277315, 32.964705882352945, 32.963025210084034, 32.96134453781512, 32.95966386554622, 32.969747899159664, 32.963025210084034, 32.96806722689075, 32.957983193277315, 32.951260504201684, 32.97310924369748, 32.963025210084034, 32.964705882352945, 32.96134453781512, 32.971428571428575, 32.969747899159664, 32.96638655462185, 32.96638655462185, 32.964705882352945, 32.96134453781512, 32.96134453781512, 32.963025210084034, 32.95294117647059, 32.963025210084034, 32.971428571428575, 32.969747899159664, 32.964705882352945, 32.96638655462185, 32.964705882352945, 32.964705882352945, 32.9563025210084, 32.95294117647059, 32.94957983193277, 32.95294117647059, 32.957983193277315, 32.95966386554622, 32.95966386554622, 32.963025210084034, 32.963025210084034, 32.964705882352945, 32.96806722689075, 32.97478991596638, 32.96134453781512, 32.95966386554622, 32.96806722689075, 32.96638655462185, 32.964705882352945, 32.969747899159664, 32.95462184873949, 32.95966386554622, 32.96806722689075, 32.969747899159664, 32.96806722689075, 32.96638655462185, 32.96638655462185, 32.964705882352945, 32.96806722689075, 32.96806722689075, 32.9563025210084, 32.96134453781512, 32.95966386554622, 32.95462184873949, 32.96134453781512, 32.95966386554622, 32.96806722689075, 32.96806722689075, 32.971428571428575, 32.96806722689075, 32.96806722689075, 32.969747899159664, 32.963025210084034, 32.963025210084034, 32.9563025210084, 32.95966386554622, 32.95462184873949, 32.95966386554622, 32.95966386554622, 32.957983193277315, 32.957983193277315, 32.9563025210084, 32.969747899159664, 32.97310924369748, 32.96806722689075, 32.978151260504205, 32.96806722689075, 32.963025210084034, 32.969747899159664, 32.964705882352945, 32.96806722689075, 32.96806722689075, 32.964705882352945, 32.964705882352945, 32.964705882352945, 32.96806722689075, 32.96806722689075, 32.964705882352945, 32.964705882352945, 32.96134453781512, 32.96806722689075, 32.963025210084034, 32.96638655462185, 32.963025210084034, 32.964705882352945, 32.96638655462185]",0.8823058314550152,0.8981334776055957,33,"[33, 33, 33, 33, 33, 33, 33, 33, 33, 33, 33, 33, 33, 33, 33, 33, 33, 33, 33, 33, 33, 33, 33, 33, 33, 33, 33, 33, 33, 33, 33, 33, 33, 33, 33, 33, 33, 33, 33, 33, 33, 33, 33, 33, 33, 33, 33, 33, 33, 33, 33, 33, 33, 33, 33, 33, 33, 33, 33, 33, 33, 33, 33, 33, 33, 33, 33, 33, 33, 33, 33, 33, 33, 33, 33, 33, 33, 33, 33, 33, 33, 33, 33, 33, 33, 33, 33, 33, 33, 33, 33, 33, 33, 33, 33, 33, 33, 33, 33, 33, 33, 33, 33, 33, 33, 33, 33, 33, 33, 33, 33, 33, 33, 33, 33, 33, 33, 33, 33, 33, 33, 33, 33, 33, 33, 33, 33, 33, 33, 33, 33, 33, 33, 33, 33, 33, 33, 33, 33, 33, 33, 33, 33, 33, 33, 33, 33, 33, 33, 33, 33, 33, 33, 33, 33, 33, 33, 33, 33, 33, 33, 33, 33, 33, 33, 33, 33, 33, 33, 33, 33, 33, 33, 33, 33, 33, 33, 33, 33, 33, 33, 33, 33, 33, 33, 33, 33, 33, 33, 33, 33, 33, 33, 33, 33, 33, 33, 33, 33, 33, 33, 33, 33, 33, 33, 33, 33, 33, 33, 33, 33, 33, 33, 33, 33, 33, 33, 33, 33, 33, 33, 33, 33, 33, 33, 33, 33, 33, 33, 33, 33, 33, 33, 33, 33, 33, 33, 33, 33, 33, 33, 33, 33, 33, 33, 33, 33, 33, 33, 33, 33, 33, 33, 33, 33, 33, 33, 33, 33, 33, 33, 33, 33, 33, 33, 33, 33, 33, 33, 33, 33, 33, 33, 33, 33, 33, 33, 33, 33, 33, 33, 33, 33, 33, 33, 33, 33, 33, 33, 33, 33, 33, 33, 33, 33, 33, 33, 33, 33, 33, 33, 33, 33, 33, 33, 33, 33, 33, 33, 33, 33, 33, 33, 33, 33, 33, 33, 33, 33, 33, 33, 33, 33, 33, 33, 33, 33, 33, 33, 33, 33, 33, 33, 33, 33, 33, 33, 33, 33, 33, 33, 33, 33, 33, 33, 33, 33, 33, 33, 33, 33, 33, 33, 33, 33, 33, 33, 33, 33, 33]",360,"[0.4044865071773529, 0.4011771082878113, 0.39685022830963135, 0.3941403329372406, 0.39078885316848755, 0.3883824050426483, 0.38625258207321167, 0.3847135603427887, 0.38309040665626526, 0.3816440999507904, 0.3805757761001587, 0.3814623951911926, 0.3787570297718048, 0.37922850251197815, 0.37717530131340027, 0.375465989112854, 0.37438660860061646, 0.3737230598926544, 0.3729051649570465, 0.37218207120895386, 0.371591717004776, 0.3715532422065735, 0.37045857310295105, 0.37148839235305786, 0.36974796652793884, 0.3732033669948578, 0.3693799078464508, 0.3687640130519867, 0.3688200116157532, 0.3669910430908203, 0.36653366684913635, 0.3668466806411743, 0.36634886264801025, 0.36744388937950134, 0.3649674355983734, 0.364633172750473, 0.3639957308769226, 0.3640264570713043, 0.3634127080440521, 0.36260083317756653, 0.3621731698513031, 0.3616151809692383, 0.361646831035614, 0.36066168546676636, 0.3599128723144531, 0.3608785569667816, 0.3588372766971588, 0.3588777184486389, 0.3585725426673889, 0.3625960052013397, 0.35818707942962646, 0.3571312725543976, 0.3588624596595764, 0.35612940788269043, 0.355856716632843, 0.35546401143074036, 0.35553017258644104, 0.3551744818687439, 0.3552051782608032, 0.35441163182258606, 0.3538902699947357, 0.35614725947380066, 0.3530542850494385, 0.3539062738418579, 0.353834331035614, 0.3539218008518219, 0.3562260568141937, 0.3521454930305481, 0.351093590259552, 0.35060185194015503, 0.3500601649284363, 0.35294002294540405, 0.3492724597454071, 0.350834459066391, 0.3489473760128021, 0.34818971157073975, 0.3487640619277954, 0.3475569486618042, 0.3477307856082916, 0.34708407521247864, 0.3473520576953888, 0.34623605012893677, 0.3459869623184204, 0.3472749590873718, 0.34505680203437805, 0.34473565220832825, 0.34452319145202637, 0.3446435034275055, 0.3463180959224701, 0.34492242336273193, 0.343576043844223, 0.3429740071296692, 0.3422399163246155, 0.34156695008277893, 0.34168288111686707, 0.34258487820625305, 0.34141701459884644, 0.3413057029247284, 0.34118887782096863, 0.34023892879486084, 0.3399408459663391, 0.3398425579071045, 0.3403316140174866, 0.3391498327255249, 0.3430190682411194, 0.3376806378364563, 0.3380340337753296, 0.3373405933380127, 0.33732518553733826, 0.33598968386650085, 0.33623141050338745, 0.33616912364959717, 0.3355509042739868, 0.3349626958370209, 0.3346676528453827, 0.3341083526611328, 0.33354127407073975, 0.3335864543914795, 0.3336162865161896, 0.3343217074871063, 0.3331555128097534, 0.3322140872478485, 0.331813246011734, 0.33139586448669434, 0.33095282316207886, 0.3310597240924835, 0.33159545063972473, 0.3310058116912842, 0.3300085961818695, 0.3330136239528656, 0.33212611079216003, 0.3327999413013458, 0.32957953214645386, 0.32890963554382324, 0.33783137798309326, 0.33314746618270874, 0.3285090923309326, 0.3278319239616394, 0.3282262086868286, 0.3282012641429901, 0.32717108726501465, 0.32780250906944275, 0.3275139629840851, 0.32635557651519775, 0.3262833058834076, 0.32620394229888916, 0.325550377368927, 0.32635724544525146, 0.32521888613700867, 0.32464399933815, 0.32473742961883545, 0.32413482666015625, 0.3253147006034851, 0.32357552647590637, 0.3237418234348297, 0.32362815737724304, 0.32336562871932983, 0.32349181175231934, 0.3238145112991333, 0.322294682264328, 0.32438603043556213, 0.3221185803413391, 0.32186615467071533, 0.3241610825061798, 0.3217594027519226, 0.32043465971946716, 0.32029300928115845, 0.31940579414367676, 0.3198448121547699, 0.3186796009540558, 0.31830984354019165, 0.32086649537086487, 0.3178984224796295, 0.3172398507595062, 0.31685522198677063, 0.3165239095687866, 0.31723105907440186, 0.316024512052536, 0.315364807844162, 0.3161669373512268, 0.3156472444534302, 0.31784024834632874, 0.313922643661499, 0.3161335289478302, 0.3153877854347229, 0.3129723370075226, 0.31248387694358826, 0.31201204657554626, 0.31243228912353516, 0.31129416823387146, 0.3107641637325287, 0.3107145428657532, 0.3107719123363495, 0.31078073382377625, 0.3104914426803589, 0.30931320786476135, 0.3086198568344116, 0.30839741230010986, 0.3084281086921692, 0.31038177013397217, 0.3080475628376007, 0.30762943625450134, 0.31028515100479126, 0.30685943365097046, 0.30640313029289246, 0.307064026594162, 0.30631616711616516, 0.30525293946266174, 0.30515414476394653, 0.3044086992740631, 0.30417534708976746, 0.304159939289093, 0.30313950777053833, 0.3041125535964966, 0.3025299906730652, 0.3023349642753601, 0.3022112548351288, 0.3014001250267029, 0.301631361246109, 0.3008256256580353, 0.2999863624572754, 0.3019260764122009, 0.30091771483421326, 0.30446502566337585, 0.29810866713523865, 0.29755741357803345, 0.29708704352378845, 0.29922759532928467, 0.29644402861595154, 0.2962358593940735, 0.2954765558242798, 0.2957496643066406, 0.2964877784252167, 0.29585161805152893, 0.2950642704963684, 0.2942381799221039, 0.29351961612701416, 0.2935790419578552, 0.2936173975467682, 0.29279661178588867, 0.2931690216064453, 0.29199495911598206, 0.29174914956092834, 0.29362785816192627, 0.2919200360774994, 0.2910614311695099, 0.2908325493335724, 0.2900072932243347, 0.2897903025150299, 0.28864696621894836, 0.2881532907485962, 0.2886534631252289, 0.2874838709831238, 0.28668126463890076, 0.2868625521659851, 0.2863815724849701, 0.28612393140792847, 0.2881597578525543, 0.2861784100532532, 0.2844879925251007, 0.2841152846813202, 0.28398045897483826, 0.28366783261299133, 0.28493547439575195, 0.2856766879558563, 0.2826879322528839, 0.2825610041618347, 0.28233960270881653, 0.28098636865615845, 0.2821487784385681, 0.28191253542900085, 0.28034016489982605, 0.27998417615890503, 0.2795718312263489, 0.28079748153686523, 0.2797045409679413, 0.27871406078338623, 0.2787837088108063, 0.2797403633594513, 0.2784525156021118, 0.2769702672958374, 0.2769293189048767, 0.2764018177986145, 0.2761129140853882, 0.27696314454078674, 0.2772819697856903, 0.2758837044239044, 0.2749658226966858, 0.2751239836215973, 0.2743929922580719, 0.2735592722892761, 0.2761226296424866, 0.2730989456176758, 0.27207159996032715, 0.2713073790073395, 0.27103957533836365, 0.2709207534790039, 0.2716348469257355, 0.270256906747818, 0.2699481248855591, 0.2694392204284668, 0.2687709927558899, 0.26905930042266846, 0.2688516676425934, 0.26852744817733765, 0.2687320411205292, 0.2676423490047455, 0.26750239729881287, 0.2673633098602295, 0.26678478717803955, 0.26708507537841797, 0.2669934332370758, 0.2659367322921753, 0.2661632001399994, 0.26738080382347107, 0.26571622490882874, 0.2653893530368805, 0.26521652936935425, 0.26400521397590637, 0.26363787055015564, 0.2633058726787567, 0.2631458640098572, 0.2621729075908661, 0.2617780864238739, 0.262042760848999, 0.26149487495422363, 0.2618136703968048, 0.26166921854019165, 0.261208176612854, 0.26135340332984924, 0.2603238821029663, 0.26134440302848816, 0.2615906000137329, 0.2601042091846466, 0.26039713621139526, 0.26240304112434387, 0.2585486173629761, 0.25777125358581543, 0.2583148777484894, 0.25777938961982727, 0.25821560621261597, 0.2581727206707001, 0.2586676776409149, 0.2574842870235443, 0.25730326771736145, 0.2573782801628113, 0.25804299116134644, 0.2569979131221771, 0.25668448209762573, 0.25630518794059753, 0.2556498944759369, 0.25554758310317993, 0.25531360507011414, 0.2549963593482971, 0.2547149658203125, 0.2557137906551361, 0.25451594591140747, 0.25414350628852844, 0.2534482181072235, 0.2532006800174713]",33.0,"[33.0, 33.0, 33.0, 33.0, 33.0, 33.0, 33.0, 33.0, 33.0, 33.0, 33.0, 33.0, 33.0, 33.0, 33.0, 33.0, 33.0, 33.0, 33.0, 33.0, 33.0, 33.0, 33.0, 33.0, 33.0, 33.0, 33.0, 33.0, 33.0, 33.0, 33.0, 33.0, 33.0, 33.0, 33.0, 33.0, 33.0, 33.0, 33.0, 33.0, 33.0, 33.0, 33.0, 33.0, 33.0, 33.0, 33.0, 33.0, 33.0, 33.0, 33.0, 33.0, 33.0, 33.0, 33.0, 33.0, 33.0, 33.0, 33.0, 33.0, 33.0, 33.0, 33.0, 33.0, 33.0, 33.0, 33.0, 33.0, 33.0, 33.0, 33.0, 33.0, 33.0, 33.0, 33.0, 33.0, 33.0, 33.0, 33.0, 33.0, 33.0, 33.0, 33.0, 33.0, 33.0, 33.0, 33.0, 33.0, 33.0, 33.0, 33.0, 33.0, 33.0, 33.0, 33.0, 33.0, 33.0, 33.0, 33.0, 33.0, 33.0, 33.0, 33.0, 33.0, 33.0, 33.0, 33.0, 33.0, 33.0, 33.0, 33.0, 33.0, 33.0, 33.0, 33.0, 33.0, 33.0, 33.0, 33.0, 33.0, 33.0, 33.0, 33.0, 33.0, 33.0, 33.0, 33.0, 33.0, 33.0, 33.0, 33.0, 33.0, 33.0, 33.0, 33.0, 33.0, 33.0, 33.0, 33.0, 33.0, 33.0, 33.0, 33.0, 33.0, 33.0, 33.0, 33.0, 33.0, 33.0, 33.0, 33.0, 33.0, 33.0, 33.0, 33.0, 33.0, 33.0, 33.0, 33.0, 33.0, 33.0, 33.0, 33.0, 33.0, 33.0, 33.0, 33.0, 33.0, 33.0, 33.0, 33.0, 33.0, 33.0, 33.0, 33.0, 33.0, 33.0, 33.0, 33.0, 33.0, 33.0, 33.0, 33.0, 33.0, 33.0, 33.0, 33.0, 33.0, 33.0, 33.0, 33.0, 33.0, 33.0, 33.0, 33.0, 33.0, 33.0, 33.0, 33.0, 33.0, 33.0, 33.0, 33.0, 33.0, 33.0, 33.0, 33.0, 33.0, 33.0, 33.0, 33.0, 33.0, 33.0, 33.0, 33.0, 33.0, 33.0, 33.0, 33.0, 33.0, 33.0, 33.0, 33.0, 33.0, 33.0, 33.0, 33.0, 33.0, 33.0, 33.0, 33.0, 33.0, 33.0, 33.0, 33.0, 33.0, 33.0, 33.0, 33.0, 33.0, 33.0, 33.0, 33.0, 33.0, 33.0, 33.0, 33.0, 33.0, 33.0, 33.0, 33.0, 33.0, 33.0, 33.0, 33.0, 33.0, 33.0, 33.0, 33.0, 33.0, 33.0, 33.0, 33.0, 33.0, 33.0, 33.0, 33.0, 33.0, 33.0, 33.0, 33.0, 33.0, 33.0, 33.0, 33.0, 33.0, 33.0, 33.0, 33.0, 33.0, 33.0, 33.0, 33.0, 33.0, 33.0, 33.0, 33.0, 33.0, 33.0, 33.0, 33.0, 33.0, 33.0, 33.0, 33.0, 33.0, 33.0, 33.0, 33.0, 33.0, 33.0, 33.0, 33.0, 33.0, 33.0, 33.0, 33.0, 33.0, 33.0, 33.0, 33.0, 33.0, 33.0, 33.0, 33.0, 33.0, 33.0, 33.0, 33.0, 33.0, 33.0, 33.0, 33.0, 33.0, 33.0, 33.0, 33.0, 33.0, 33.0, 33.0, 33.0, 33.0, 33.0, 33.0, 33.0, 33.0, 33.0, 33.0, 33.0, 33.0, 33.0, 33.0, 33.0, 33.0, 33.0, 33.0, 33.0, 33.0, 33.0, 33.0, 33.0, 33.0, 33.0, 33.0, 33.0, 33.0, 33.0, 33.0, 33.0, 33.0]",COMPLETE
