,number,value,datetime_start,datetime_complete,duration,params_batch_size_scaler,params_constant_learning_rate,params_depth,params_epochs,params_kernel_l2,params_num_trees,params_temperature,user_attrs_accuracy_test,user_attrs_accuracy_valid,user_attrs_approximate_feature_sparsity,user_attrs_approximate_feature_sparsity_history,user_attrs_approximate_weight_sparsity,user_attrs_approximate_weight_sparsity_history,user_attrs_auc_test,user_attrs_auc_valid,user_attrs_feature_sparsity,user_attrs_feature_sparsity_history,user_attrs_num_epochs,user_attrs_val_loss_history,user_attrs_weight_sparsity,user_attrs_weight_sparsity_history,state
34,34,0.5,2024-08-31 02:19:38.169937,2024-08-31 02:23:10.515557,0 days 00:03:32.345620,1,1.1688415037735072,2,445,0.014425377107582769,65,0.006811894308639098,0.141,0.14125,0,"[0, 0, 0, 0, 0, 0, 0, 0, 0, 0, 0, 0, 0, 0, 0, 0, 0, 0, 0, 0, 0, 0, 0, 0, 0, 0, 0, 0, 0, 0, 0, 0, 0, 0, 0, 0, 0, 0, 0, 0, 0, 0, 0, 0, 0, 0, 0, 0, 0, 0, 0, 0, 0, 0, 0, 0, 0, 0, 0, 0, 0, 0, 0, 0, 0, 0, 0, 0, 0, 0, 0, 0, 0, 0, 0, 0, 0, 0, 0, 0, 0, 0, 0, 0, 0, 0, 0, 0, 0, 0, 0, 0, 0, 0, 0, 0, 0, 0, 0, 0, 0, 0, 0, 0, 0, 0, 0, 0, 0, 0, 0, 0, 0, 0, 0, 0, 0, 0, 0, 0, 0, 0, 0, 0, 0, 0, 0, 0, 0, 0, 0, 0, 0, 0, 0, 0, 0, 0, 0, 0, 0, 0, 0, 0, 0, 0, 0, 0, 0, 0, 0, 0, 0, 0, 0, 0, 0, 0, 0, 0, 0, 0, 0, 0, 0, 0, 0, 0, 0, 0, 0, 0, 0, 0, 0, 0, 0, 0, 0, 0, 0, 0, 0, 0, 0, 0, 0, 0, 0, 0, 0, 0, 0, 0, 0, 0, 0, 0, 0, 0, 0, 0, 0, 0, 0, 0, 0, 0, 0, 0, 0, 0, 0, 0, 0, 0, 0, 0, 0, 0, 0, 0, 0, 0, 0, 0, 0, 0, 0, 0, 0, 0, 0, 0, 0, 0, 0, 0, 0, 0, 0, 0, 0, 0, 0, 0, 0, 0, 0, 0, 0, 0, 0, 0, 0, 0, 0, 0, 0, 0, 0, 0, 0, 0, 0, 0, 0, 0, 0, 0, 0, 0, 0, 0, 0, 0, 0, 0, 0, 0, 0, 0, 0, 0, 0, 0, 0, 0, 0, 0, 0, 0, 0, 0, 0, 0, 0, 0, 0, 0, 0, 0, 0, 0, 0, 0, 0, 0, 0, 0, 0, 0, 0, 0, 0, 0, 0, 0, 0, 0, 0, 0, 0, 0, 0, 0, 0, 0, 0, 0, 0, 0, 0, 0, 0, 0, 0, 0, 0, 0, 0, 0, 0, 0, 0, 0, 0, 0, 0, 0, 0, 0, 0, 0, 0, 0, 0, 0, 0, 0, 0, 0, 0, 0, 0, 0, 0, 0, 0, 0, 0, 0, 0, 0, 0, 0, 0, 0, 0, 0, 0, 0, 0, 0, 0, 0, 0, 0, 0, 0, 0, 0, 0, 0, 0, 0, 0, 0, 0, 0, 0, 0, 0, 0, 0, 0, 0, 0, 0, 0, 0, 0, 0, 0, 0, 0, 0, 0, 0, 0, 0, 0, 0, 0, 0, 0, 0, 0, 0, 0, 0, 0, 0, 0, 0, 0, 0, 0, 0, 0, 0, 0, 0, 0, 0]",0.0,"[0.0, 0.0, 0.0, 0.0, 0.0, 0.0, 0.0, 0.0, 0.0, 0.0, 0.0, 0.0, 0.0, 0.0, 0.0, 0.0, 0.0, 0.0, 0.0, 0.0, 0.0, 0.0, 0.0, 0.0, 0.0, 0.0, 0.0, 0.0, 0.0, 0.0, 0.0, 0.0, 0.0, 0.0, 0.0, 0.0, 0.0, 0.0, 0.0, 0.0, 0.0, 0.0, 0.0, 0.0, 0.0, 0.0, 0.0, 0.0, 0.0, 0.0, 0.0, 0.0, 0.0, 0.0, 0.0, 0.0, 0.0, 0.0, 0.0, 0.0, 0.0, 0.0, 0.0, 0.0, 0.0, 0.0, 0.0, 0.0, 0.0, 0.0, 0.0, 0.0, 0.0, 0.0, 0.0, 0.0, 0.0, 0.0, 0.0, 0.0, 0.0, 0.0, 0.0, 0.0, 0.0, 0.0, 0.0, 0.0, 0.0, 0.0, 0.0, 0.0, 0.0, 0.0, 0.0, 0.0, 0.0, 0.0, 0.0, 0.0, 0.0, 0.0, 0.0, 0.0, 0.0, 0.0, 0.0, 0.0, 0.0, 0.0, 0.0, 0.0, 0.0, 0.0, 0.0, 0.0, 0.0, 0.0, 0.0, 0.0, 0.0, 0.0, 0.0, 0.0, 0.0, 0.0, 0.0, 0.0, 0.0, 0.0, 0.0, 0.0, 0.0, 0.0, 0.0, 0.0, 0.0, 0.0, 0.0, 0.0, 0.0, 0.0, 0.0, 0.0, 0.0, 0.0, 0.0, 0.0, 0.0, 0.0, 0.0, 0.0, 0.0, 0.0, 0.0, 0.0, 0.0, 0.0, 0.0, 0.0, 0.0, 0.0, 0.0, 0.0, 0.0, 0.0, 0.0, 0.0, 0.0, 0.0, 0.0, 0.0, 0.0, 0.0, 0.0, 0.0, 0.0, 0.0, 0.0, 0.0, 0.0, 0.0, 0.0, 0.0, 0.0, 0.0, 0.0, 0.0, 0.0, 0.0, 0.0, 0.0, 0.0, 0.0, 0.0, 0.0, 0.0, 0.0, 0.0, 0.0, 0.0, 0.0, 0.0, 0.0, 0.0, 0.0, 0.0, 0.0, 0.0, 0.0, 0.0, 0.0, 0.0, 0.0, 0.0, 0.0, 0.0, 0.0, 0.0, 0.0, 0.0, 0.0, 0.0, 0.0, 0.0, 0.0, 0.0, 0.0, 0.0, 0.0, 0.0, 0.0, 0.0, 0.0, 0.0, 0.0, 0.0, 0.0, 0.0, 0.0, 0.0, 0.0, 0.0, 0.0, 0.0, 0.0, 0.0, 0.0, 0.0, 0.0, 0.0, 0.0, 0.0, 0.0, 0.0, 0.0, 0.0, 0.0, 0.0, 0.0, 0.0, 0.0, 0.0, 0.0, 0.0, 0.0, 0.0, 0.0, 0.0, 0.0, 0.0, 0.0, 0.0, 0.0, 0.0, 0.0, 0.0, 0.0, 0.0, 0.0, 0.0, 0.0, 0.0, 0.0, 0.0, 0.0, 0.0, 0.0, 0.0, 0.0, 0.0, 0.0, 0.0, 0.0, 0.0, 0.0, 0.0, 0.0, 0.0, 0.0, 0.0, 0.0, 0.0, 0.0, 0.0, 0.0, 0.0, 0.0, 0.0, 0.0, 0.0, 0.0, 0.0, 0.0, 0.0, 0.0, 0.0, 0.0, 0.0, 0.0, 0.0, 0.0, 0.0, 0.0, 0.0, 0.0, 0.0, 0.0, 0.0, 0.0, 0.0, 0.0, 0.0, 0.0, 0.0, 0.0, 0.0, 0.0, 0.0, 0.0, 0.0, 0.0, 0.0, 0.0, 0.0, 0.0, 0.0, 0.0, 0.0, 0.0, 0.0, 0.0, 0.0, 0.0, 0.0, 0.0, 0.0, 0.0, 0.0, 0.0, 0.0, 0.0, 0.0, 0.0, 0.0, 0.0, 0.0, 0.0, 0.0, 0.0, 0.0, 0.0, 0.0, 0.0, 0.0, 0.0, 0.0, 0.0, 0.0, 0.0, 0.0, 0.0, 0.0, 0.0, 0.0, 0.0, 0.0, 0.0, 0.0, 0.0, 0.0, 0.0, 0.0, 0.0, 0.0, 0.0, 0.0, 0.0, 0.0, 0.0, 0.0, 0.0, 0.0, 0.0, 0.0, 0.0, 0.0, 0.0, 0.0, 0.0, 0.0, 0.0, 0.0, 0.0, 0.0, 0.0, 0.0, 0.0, 0.0, 0.0, 0.0, 0.0, 0.0, 0.0, 0.0, 0.0, 0.0, 0.0, 0.0, 0.0, 0.0, 0.0, 0.0, 0.0, 0.0, 0.0, 0.0, 0.0, 0.0, 0.0, 0.0, 0.0, 0.0, 0.0, 0.0]",0.5,0.5,0,"[0, 0, 0, 0, 0, 0, 0, 0, 0, 0, 0, 0, 0, 0, 0, 0, 0, 0, 0, 0, 0, 0, 0, 0, 0, 0, 0, 0, 0, 0, 0, 0, 0, 0, 0, 0, 0, 0, 0, 0, 0, 0, 0, 0, 0, 0, 0, 0, 0, 0, 0, 0, 0, 0, 0, 0, 0, 0, 0, 0, 0, 0, 0, 0, 0, 0, 0, 0, 0, 0, 0, 0, 0, 0, 0, 0, 0, 0, 0, 0, 0, 0, 0, 0, 0, 0, 0, 0, 0, 0, 0, 0, 0, 0, 0, 0, 0, 0, 0, 0, 0, 0, 0, 0, 0, 0, 0, 0, 0, 0, 0, 0, 0, 0, 0, 0, 0, 0, 0, 0, 0, 0, 0, 0, 0, 0, 0, 0, 0, 0, 0, 0, 0, 0, 0, 0, 0, 0, 0, 0, 0, 0, 0, 0, 0, 0, 0, 0, 0, 0, 0, 0, 0, 0, 0, 0, 0, 0, 0, 0, 0, 0, 0, 0, 0, 0, 0, 0, 0, 0, 0, 0, 0, 0, 0, 0, 0, 0, 0, 0, 0, 0, 0, 0, 0, 0, 0, 0, 0, 0, 0, 0, 0, 0, 0, 0, 0, 0, 0, 0, 0, 0, 0, 0, 0, 0, 0, 0, 0, 0, 0, 0, 0, 0, 0, 0, 0, 0, 0, 0, 0, 0, 0, 0, 0, 0, 0, 0, 0, 0, 0, 0, 0, 0, 0, 0, 0, 0, 0, 0, 0, 0, 0, 0, 0, 0, 0, 0, 0, 0, 0, 0, 0, 0, 0, 0, 0, 0, 0, 0, 0, 0, 0, 0, 0, 0, 0, 0, 0, 0, 0, 0, 0, 0, 0, 0, 0, 0, 0, 0, 0, 0, 0, 0, 0, 0, 0, 0, 0, 0, 0, 0, 0, 0, 0, 0, 0, 0, 0, 0, 0, 0, 0, 0, 0, 0, 0, 0, 0, 0, 0, 0, 0, 0, 0, 0, 0, 0, 0, 0, 0, 0, 0, 0, 0, 0, 0, 0, 0, 0, 0, 0, 0, 0, 0, 0, 0, 0, 0, 0, 0, 0, 0, 0, 0, 0, 0, 0, 0, 0, 0, 0, 0, 0, 0, 0, 0, 0, 0, 0, 0, 0, 0, 0, 0, 0, 0, 0, 0, 0, 0, 0, 0, 0, 0, 0, 0, 0, 0, 0, 0, 0, 0, 0, 0, 0, 0, 0, 0, 0, 0, 0, 0, 0, 0, 0, 0, 0, 0, 0, 0, 0, 0, 0, 0, 0, 0, 0, 0, 0, 0, 0, 0, 0, 0, 0, 0, 0, 0, 0, 0, 0, 0, 0, 0, 0, 0, 0, 0, 0, 0, 0, 0, 0, 0, 0, 0, 0, 0, 0, 0, 0, 0, 0, 0]",445,"[4.302825450897217, 0.9381405711174011, 2.9676666259765625, 3.4192934036254883, 0.41748037934303284, 2.181494951248169, 1.456588864326477, 3.7330453395843506, 3.0776309967041016, 2.0316238403320312, 2.015300750732422, 1.2108107805252075, 0.5243651866912842, 1.0502336025238037, 1.7211060523986816, 1.7365593910217285, 0.7310780882835388, 0.4764537513256073, 2.644826889038086, 0.818808376789093, 2.1104323863983154, 0.42620527744293213, 3.235447645187378, 1.928633451461792, 1.5644558668136597, 2.3146376609802246, 2.5792665481567383, 0.4437800943851471, 2.8665244579315186, 0.7329207062721252, 1.5147194862365723, 1.1401866674423218, 0.46530014276504517, 2.3669848442077637, 0.41068971157073975, 2.329678535461426, 0.6889745593070984, 1.0619031190872192, 2.492800235748291, 1.1901392936706543, 0.4870339632034302, 2.8480210304260254, 1.6256802082061768, 3.0223259925842285, 4.2219743728637695, 4.012935638427734, 2.1949403285980225, 0.9055282473564148, 0.40891605615615845, 1.6459097862243652, 0.6890420317649841, 2.183453321456909, 0.6290600299835205, 0.6609176397323608, 0.42466816306114197, 0.4202728569507599, 2.6950509548187256, 1.193116545677185, 2.910733938217163, 1.2545543909072876, 4.222462177276611, 1.9248058795928955, 0.6811457872390747, 4.011106491088867, 0.47646984457969666, 0.7350373864173889, 2.133246660232544, 4.321877479553223, 0.7892327904701233, 3.72554087638855, 0.8382877111434937, 0.5767260193824768, 3.681899309158325, 0.42469868063926697, 0.4641519784927368, 0.8422598242759705, 1.4535460472106934, 0.40780916810035706, 4.102243423461914, 3.2147231101989746, 0.44794970750808716, 0.8409549593925476, 4.198066711425781, 1.2142987251281738, 0.6858770251274109, 0.6645460724830627, 2.4301247596740723, 0.6656448245048523, 3.2669994831085205, 0.4486302137374878, 2.7941391468048096, 0.6095358729362488, 1.2211928367614746, 1.999496579170227, 3.0525314807891846, 0.6994990706443787, 2.2540390491485596, 1.0990928411483765, 1.9573278427124023, 0.5708715319633484, 2.623528480529785, 3.7011232376098633, 0.44483888149261475, 2.017801284790039, 1.5501400232315063, 0.48523375391960144, 0.47622790932655334, 0.4109666347503662, 2.0919437408447266, 2.7020089626312256, 0.5296177268028259, 3.264704942703247, 3.8544046878814697, 3.497525215148926, 1.3425332307815552, 1.5439144372940063, 0.43994131684303284, 1.6368893384933472, 1.803470492362976, 1.9245775938034058, 1.0462660789489746, 0.419687420129776, 0.8847225904464722, 0.9616897702217102, 0.5063580870628357, 2.384972333908081, 0.6413066387176514, 2.167949914932251, 0.41741082072257996, 2.691053867340088, 3.6017019748687744, 1.9588425159454346, 1.9827684164047241, 2.1697704792022705, 1.1114028692245483, 5.150638580322266, 1.9651716947555542, 0.5109110474586487, 0.5939822196960449, 2.335970640182495, 2.100790023803711, 0.6107774376869202, 0.43241623044013977, 2.005784511566162, 1.343272089958191, 1.446587085723877, 2.66195011138916, 1.6501208543777466, 2.9202239513397217, 0.6755754351615906, 2.8824679851531982, 4.166060447692871, 0.7174333333969116, 4.0094313621521, 0.495138019323349, 4.216666221618652, 1.9703872203826904, 4.021486282348633, 0.47291243076324463, 2.8661105632781982, 1.0044704675674438, 0.453559011220932, 3.324244737625122, 1.9463167190551758, 3.1155202388763428, 0.7610326409339905, 1.236593246459961, 1.6664196252822876, 1.7709546089172363, 1.5056263208389282, 1.9756962060928345, 2.7270734310150146, 1.7640265226364136, 0.7543094158172607, 2.697629451751709, 1.9583172798156738, 1.690041184425354, 5.622695446014404, 0.4934222102165222, 2.967909574508667, 0.4697161614894867, 1.5645707845687866, 1.5445528030395508, 4.036136150360107, 1.9861758947372437, 0.5960550308227539, 1.652337670326233, 1.5054501295089722, 1.6772037744522095, 1.666537880897522, 1.860672116279602, 3.6831297874450684, 3.649661064147949, 0.7366524338722229, 1.6334779262542725, 3.1277194023132324, 3.1370301246643066, 2.7721688747406006, 0.773630678653717, 3.0080249309539795, 1.2832674980163574, 0.40861397981643677, 1.959477186203003, 0.7314178347587585, 1.2120811939239502, 1.4846893548965454, 4.031652927398682, 2.337191104888916, 5.613182544708252, 2.6922380924224854, 1.4074968099594116, 0.4833177626132965, 2.1857857704162598, 3.3296358585357666, 2.4415435791015625, 0.7777893543243408, 0.6620451211929321, 3.038362979888916, 3.0370371341705322, 0.8730352520942688, 0.5332839488983154, 0.5491983294487, 1.9745064973831177, 1.5801594257354736, 1.2521889209747314, 1.0261324644088745, 3.8291256427764893, 1.5228161811828613, 0.40733081102371216, 0.5866708159446716, 4.373157024383545, 0.7660919427871704, 2.320310592651367, 0.8741729259490967, 0.4072411358356476, 1.6565781831741333, 2.507277011871338, 5.156790256500244, 1.0153881311416626, 1.284224271774292, 3.0117809772491455, 4.041364669799805, 1.3500251770019531, 0.5607325434684753, 1.993151068687439, 0.8686584234237671, 3.2322003841400146, 1.5962501764297485, 3.287419080734253, 0.6363982558250427, 3.1252927780151367, 4.1150922775268555, 2.4039106369018555, 3.124276638031006, 4.007830619812012, 2.9856927394866943, 0.7215275764465332, 1.7292773723602295, 0.5274614095687866, 1.7634063959121704, 0.7383039593696594, 0.7972725033760071, 0.4422391653060913, 1.5684731006622314, 3.7247931957244873, 0.4877949655056, 0.4609110653400421, 0.4612009525299072, 1.0369681119918823, 3.37309193611145, 1.674319863319397, 3.3205666542053223, 2.6411800384521484, 0.9392217993736267, 1.868769884109497, 0.5877844095230103, 0.4662591218948364, 0.8925877213478088, 3.3481807708740234, 0.695192277431488, 0.6375200748443604, 4.209515571594238, 0.4600537121295929, 0.6559824347496033, 3.602144241333008, 4.379072666168213, 0.4560147821903229, 0.5661778450012207, 2.2670063972473145, 2.01668643951416, 1.427748203277588, 1.1746004819869995, 0.48380741477012634, 1.0896027088165283, 2.5786144733428955, 3.9513890743255615, 4.299376010894775, 0.42044341564178467, 1.0389081239700317, 1.36100172996521, 2.8443470001220703, 1.8314496278762817, 0.5725246071815491, 0.569801390171051, 3.596456289291382, 4.617652893066406, 0.428493469953537, 3.1479880809783936, 3.764078378677368, 0.5228753089904785, 2.2579526901245117, 0.6901113986968994, 3.6023664474487305, 1.4097683429718018, 1.1523114442825317, 3.365481376647949, 3.2547502517700195, 1.3679909706115723, 1.631068229675293, 0.6973291635513306, 2.04763126373291, 2.7872633934020996, 2.091961622238159, 0.4195329546928406, 3.2779083251953125, 2.1458120346069336, 3.7277956008911133, 2.021862745285034, 2.366211414337158, 0.5218147039413452, 2.760617733001709, 3.5705864429473877, 2.014373540878296, 2.0995841026306152, 0.688239336013794, 2.2441751956939697, 0.531050443649292, 4.308121204376221, 2.2515110969543457, 2.008291721343994, 0.6140454411506653, 0.41931113600730896, 3.253558397293091, 1.460445523262024, 3.4781417846679688, 0.6367347240447998, 3.3730533123016357, 2.5905239582061768, 2.6842567920684814, 1.885675072669983, 0.4316617250442505, 0.45552530884742737, 0.4741224944591522, 4.342840194702148, 3.178434133529663, 1.352097988128662, 0.9497889876365662, 1.6469483375549316, 4.340198516845703, 0.5145931839942932, 0.7525972127914429, 1.6963038444519043, 2.1130149364471436, 5.807736873626709, 3.722079277038574, 3.571420192718506, 2.6493868827819824, 3.4053337574005127, 0.5771623849868774, 0.6494289636611938, 2.0075528621673584, 0.625342607498169, 0.4546601474285126, 0.4081501364707947, 0.6254936456680298, 0.761563241481781, 3.018961191177368, 3.65744686126709, 1.341865062713623, 0.6814902424812317, 3.4016454219818115, 0.46056580543518066, 1.281307339668274, 3.0141286849975586, 4.043087482452393, 1.3459357023239136, 1.0179364681243896, 0.6844022274017334, 1.3594110012054443, 3.300551176071167, 0.8228920102119446, 1.2146261930465698, 1.3337210416793823, 0.8284299373626709, 3.5347607135772705, 3.037712335586548, 0.4179760813713074, 0.5353018045425415, 0.4358445703983307, 1.6494266986846924, 0.7231484055519104, 0.43121397495269775, 1.016298770904541, 1.3423532247543335, 1.3272525072097778, 0.5898407101631165, 8.041534423828125, 2.969053030014038, 3.9243643283843994, 4.2089738845825195, 1.0329440832138062, 0.5270344018936157, 2.1623852252960205, 0.6562902331352234, 0.710969090461731, 0.8923699855804443, 3.7337515354156494, 3.646357536315918, 0.5859705805778503, 3.771698236465454, 2.5950560569763184, 0.5448400378227234, 0.6898899078369141, 0.5701351165771484, 1.4012564420700073, 6.119560718536377, 0.6670535206794739, 0.452719509601593, 2.0228991508483887, 1.374946117401123, 2.5056874752044678, 0.6736733913421631, 4.0310378074646, 3.3193864822387695, 4.088167667388916, 1.3491626977920532, 3.574122428894043, 2.773939609527588, 4.071948528289795, 3.181548833847046, 1.9519221782684326, 4.179116249084473, 1.7473483085632324, 3.480883836746216, 3.758880376815796]",0.0,"[0.0, 0.0, 0.0, 0.0, 0.0, 0.0, 0.0, 0.0, 0.0, 0.0, 0.0, 0.0, 0.0, 0.0, 0.0, 0.0, 0.0, 0.0, 0.0, 0.0, 0.0, 0.0, 0.0, 0.0, 0.0, 0.0, 0.0, 0.0, 0.0, 0.0, 0.0, 0.0, 0.0, 0.0, 0.0, 0.0, 0.0, 0.0, 0.0, 0.0, 0.0, 0.0, 0.0, 0.0, 0.0, 0.0, 0.0, 0.0, 0.0, 0.0, 0.0, 0.0, 0.0, 0.0, 0.0, 0.0, 0.0, 0.0, 0.0, 0.0, 0.0, 0.0, 0.0, 0.0, 0.0, 0.0, 0.0, 0.0, 0.0, 0.0, 0.0, 0.0, 0.0, 0.0, 0.0, 0.0, 0.0, 0.0, 0.0, 0.0, 0.0, 0.0, 0.0, 0.0, 0.0, 0.0, 0.0, 0.0, 0.0, 0.0, 0.0, 0.0, 0.0, 0.0, 0.0, 0.0, 0.0, 0.0, 0.0, 0.0, 0.0, 0.0, 0.0, 0.0, 0.0, 0.0, 0.0, 0.0, 0.0, 0.0, 0.0, 0.0, 0.0, 0.0, 0.0, 0.0, 0.0, 0.0, 0.0, 0.0, 0.0, 0.0, 0.0, 0.0, 0.0, 0.0, 0.0, 0.0, 0.0, 0.0, 0.0, 0.0, 0.0, 0.0, 0.0, 0.0, 0.0, 0.0, 0.0, 0.0, 0.0, 0.0, 0.0, 0.0, 0.0, 0.0, 0.0, 0.0, 0.0, 0.0, 0.0, 0.0, 0.0, 0.0, 0.0, 0.0, 0.0, 0.0, 0.0, 0.0, 0.0, 0.0, 0.0, 0.0, 0.0, 0.0, 0.0, 0.0, 0.0, 0.0, 0.0, 0.0, 0.0, 0.0, 0.0, 0.0, 0.0, 0.0, 0.0, 0.0, 0.0, 0.0, 0.0, 0.0, 0.0, 0.0, 0.0, 0.0, 0.0, 0.0, 0.0, 0.0, 0.0, 0.0, 0.0, 0.0, 0.0, 0.0, 0.0, 0.0, 0.0, 0.0, 0.0, 0.0, 0.0, 0.0, 0.0, 0.0, 0.0, 0.0, 0.0, 0.0, 0.0, 0.0, 0.0, 0.0, 0.0, 0.0, 0.0, 0.0, 0.0, 0.0, 0.0, 0.0, 0.0, 0.0, 0.0, 0.0, 0.0, 0.0, 0.0, 0.0, 0.0, 0.0, 0.0, 0.0, 0.0, 0.0, 0.0, 0.0, 0.0, 0.0, 0.0, 0.0, 0.0, 0.0, 0.0, 0.0, 0.0, 0.0, 0.0, 0.0, 0.0, 0.0, 0.0, 0.0, 0.0, 0.0, 0.0, 0.0, 0.0, 0.0, 0.0, 0.0, 0.0, 0.0, 0.0, 0.0, 0.0, 0.0, 0.0, 0.0, 0.0, 0.0, 0.0, 0.0, 0.0, 0.0, 0.0, 0.0, 0.0, 0.0, 0.0, 0.0, 0.0, 0.0, 0.0, 0.0, 0.0, 0.0, 0.0, 0.0, 0.0, 0.0, 0.0, 0.0, 0.0, 0.0, 0.0, 0.0, 0.0, 0.0, 0.0, 0.0, 0.0, 0.0, 0.0, 0.0, 0.0, 0.0, 0.0, 0.0, 0.0, 0.0, 0.0, 0.0, 0.0, 0.0, 0.0, 0.0, 0.0, 0.0, 0.0, 0.0, 0.0, 0.0, 0.0, 0.0, 0.0, 0.0, 0.0, 0.0, 0.0, 0.0, 0.0, 0.0, 0.0, 0.0, 0.0, 0.0, 0.0, 0.0, 0.0, 0.0, 0.0, 0.0, 0.0, 0.0, 0.0, 0.0, 0.0, 0.0, 0.0, 0.0, 0.0, 0.0, 0.0, 0.0, 0.0, 0.0, 0.0, 0.0, 0.0, 0.0, 0.0, 0.0, 0.0, 0.0, 0.0, 0.0, 0.0, 0.0, 0.0, 0.0, 0.0, 0.0, 0.0, 0.0, 0.0, 0.0, 0.0, 0.0, 0.0, 0.0, 0.0, 0.0, 0.0, 0.0, 0.0, 0.0, 0.0, 0.0, 0.0, 0.0, 0.0, 0.0, 0.0, 0.0, 0.0, 0.0, 0.0, 0.0, 0.0, 0.0, 0.0, 0.0, 0.0, 0.0, 0.0, 0.0, 0.0, 0.0, 0.0, 0.0, 0.0, 0.0, 0.0, 0.0, 0.0, 0.0, 0.0, 0.0, 0.0, 0.0, 0.0, 0.0, 0.0, 0.0, 0.0, 0.0, 0.0, 0.0, 0.0, 0.0, 0.0, 0.0, 0.0, 0.0, 0.0, 0.0, 0.0, 0.0, 0.0, 0.0, 0.0]",COMPLETE
