,number,value,datetime_start,datetime_complete,duration,params_batch_size_scaler,params_constant_learning_rate,params_depth,params_epochs,params_kernel_l2,params_num_trees,params_temperature,user_attrs_accuracy_test,user_attrs_accuracy_valid,user_attrs_approximate_feature_sparsity,user_attrs_approximate_feature_sparsity_history,user_attrs_approximate_weight_sparsity,user_attrs_approximate_weight_sparsity_history,user_attrs_auc_test,user_attrs_auc_valid,user_attrs_feature_sparsity,user_attrs_feature_sparsity_history,user_attrs_num_epochs,user_attrs_val_loss_history,user_attrs_weight_sparsity,user_attrs_weight_sparsity_history,state
120,120,0.9331452641341732,2024-08-31 05:08:50.578983,2024-08-31 05:25:16.203387,0 days 00:16:25.624404,1,0.08793347546148526,6,305,0.006866891033674446,18,0.058538745654702184,0.945,0.9425,33,"[33, 33, 33, 33, 33, 33, 33, 33, 33, 33, 33, 33, 33, 33, 33, 33, 33, 33, 33, 33, 33, 33, 33, 33, 33, 33, 33, 33, 33, 33, 33, 33, 33, 33, 33, 33, 33, 33, 33, 33, 33, 33, 33, 33, 33, 33, 33, 33, 33, 33, 33, 33, 33, 33, 33, 33, 33, 33, 33, 33, 33, 33, 33, 33, 33, 33, 33, 33, 33, 33, 33, 33, 33, 33, 33, 33, 33, 33, 33, 33, 33, 33, 33, 33, 33, 33, 33, 33, 33, 33, 33, 33, 33, 33, 33, 33, 33, 33, 33, 33, 33, 33, 33, 33, 33, 33, 33, 33, 33, 33, 33, 33, 33, 33, 33, 33, 33, 33, 33, 33, 33, 33, 33, 33, 33, 33, 33, 33, 33, 33, 33, 33, 33, 33, 33, 33, 33, 33, 33, 33, 33, 33, 33, 33, 33, 33, 33, 33, 33, 33, 33, 33, 33, 33, 33, 33, 33, 33, 33, 33, 33, 33, 33, 33, 33, 33, 33, 33, 33, 33, 33, 33, 33, 33, 33, 33, 33, 33, 33, 33, 33, 33, 33, 33, 33, 33, 33, 33, 33, 33, 33, 33, 33, 33, 33, 33, 33, 33, 33, 33, 33, 33, 33, 33, 33, 33, 33, 33, 33, 33, 33, 33, 33, 33, 33, 33, 33, 33, 33, 33, 33, 33, 33, 33, 33, 33, 33, 33, 33, 33, 33, 33, 33, 33, 33, 33, 33, 33, 33, 33, 33, 33, 33, 33, 33, 33, 33, 33, 33, 33, 33, 33, 33, 33, 33, 33, 33, 33, 33, 33, 33, 33, 33, 33, 33, 33, 33, 33, 33, 33, 33, 33, 33, 33, 33, 33, 33, 33, 33, 33, 33, 33, 33, 33, 33, 33, 33, 33, 33, 33, 33, 33, 33, 33, 33, 33, 33, 33, 33, 33, 33, 33, 33, 33, 33]",32.96649029982363,"[32.955026455026456, 32.9594356261023, 32.952380952380956, 32.955026455026456, 32.954144620811284, 32.94708994708995, 32.95326278659612, 32.94797178130512, 32.947971781305114, 32.957671957671955, 32.94091710758377, 32.948853615520285, 32.94179894179894, 32.95061728395062, 32.952380952380956, 32.94356261022928, 32.94708994708995, 32.95061728395062, 32.946208112874785, 32.947971781305114, 32.95061728395062, 32.945326278659614, 32.95149911816579, 32.955026455026456, 32.9620811287478, 32.96384479717813, 32.95767195767196, 32.95855379188713, 32.955026455026456, 32.95326278659612, 32.951499118165785, 32.95238095238095, 32.970017636684304, 32.96296296296296, 32.96031746031746, 32.9594356261023, 32.952380952380956, 32.95061728395062, 32.955026455026456, 32.95238095238095, 32.95414462081129, 32.94091710758377, 32.95061728395062, 32.95590828924162, 32.94444444444445, 32.94620811287478, 32.95855379188713, 32.95943562610229, 32.9620811287478, 32.9620811287478, 32.961199294532626, 32.95767195767196, 32.96119929453263, 32.96296296296296, 32.95414462081129, 32.951499118165785, 32.95855379188713, 32.960317460317455, 32.95943562610229, 32.954144620811284, 32.95590828924162, 32.961199294532626, 32.95855379188713, 32.9620811287478, 32.96560846560847, 32.97178130511464, 32.95238095238095, 32.9620811287478, 32.95943562610229, 32.95855379188713, 32.95943562610229, 32.957671957671955, 32.955026455026456, 32.95590828924162, 32.95943562610229, 32.96649029982363, 32.9647266313933, 32.96031746031746, 32.96296296296296, 32.96913580246914, 32.96649029982363, 32.96649029982363, 32.96296296296296, 32.96031746031746, 32.96384479717813, 32.955026455026456, 32.96296296296296, 32.96384479717813, 32.96825396825397, 32.96913580246914, 32.96296296296296, 32.96296296296296, 32.95943562610229, 32.9647266313933, 32.961199294532626, 32.94973544973545, 32.951499118165785, 32.948853615520285, 32.9594356261023, 32.95326278659612, 32.94620811287478, 32.95326278659612, 32.95943562610229, 32.970899470899475, 32.96649029982363, 32.96560846560847, 32.95943562610229, 32.9620811287478, 32.95943562610229, 32.96560846560847, 32.96913580246914, 32.96296296296296, 32.95061728395062, 32.9620811287478, 32.95943562610229, 32.95943562610229, 32.96649029982363, 32.96649029982363, 32.96384479717813, 32.95855379188713, 32.95855379188713, 32.9647266313933, 32.96031746031746, 32.9620811287478, 32.9620811287478, 32.95943562610229, 32.96825396825397, 32.97089947089947, 32.97178130511464, 32.96560846560847, 32.96913580246913, 32.963844797178126, 32.96649029982363, 32.963844797178126, 32.95855379188713, 32.96913580246914, 32.9620811287478, 32.96031746031746, 32.95943562610229, 32.952380952380956, 32.95943562610229, 32.96649029982363, 32.96031746031746, 32.9620811287478, 32.955026455026456, 32.96031746031746, 32.96560846560847, 32.9620811287478, 32.955026455026456, 32.96296296296296, 32.96913580246914, 32.961199294532626, 32.9673721340388, 32.9647266313933, 32.96384479717813, 32.96296296296296, 32.96296296296296, 32.96384479717813, 32.96649029982363, 32.96649029982363, 32.96384479717813, 32.96825396825397, 32.96560846560847, 32.96296296296296, 32.961199294532626, 32.9647266313933, 32.97266313932981, 32.9647266313933, 32.96560846560847, 32.96384479717813, 32.9620811287478, 32.95855379188713, 32.961199294532626, 32.95855379188713, 32.95855379188713, 32.963844797178126, 32.961199294532626, 32.95679012345679, 32.95767195767196, 32.95943562610229, 32.96560846560847, 32.96913580246913, 32.96649029982363, 32.96913580246914, 32.970899470899475, 32.9726631393298, 32.96296296296296, 32.95855379188713, 32.961199294532626, 32.967372134038804, 32.9647266313933, 32.95943562610229, 32.96296296296296, 32.96649029982363, 32.96296296296296, 32.9647266313933, 32.955026455026456, 32.954144620811284, 32.95679012345679, 32.961199294532626, 32.96384479717813, 32.96560846560847, 32.9647266313933, 32.957671957671955, 32.95943562610229, 32.960317460317455, 32.95943562610229, 32.96384479717813, 32.961199294532626, 32.955026455026456, 32.95943562610229, 32.957671957671955, 32.961199294532626, 32.9647266313933, 32.96296296296296, 32.95326278659612, 32.961199294532626, 32.955026455026456, 32.961199294532626, 32.9620811287478, 32.96384479717813, 32.9647266313933, 32.9647266313933, 32.9647266313933, 32.9620811287478, 32.95855379188713, 32.957671957671955, 32.96031746031746, 32.9647266313933, 32.96296296296296, 32.967372134038804, 32.9620811287478, 32.967372134038804, 32.96384479717813, 32.96119929453263, 32.957671957671955, 32.961199294532626, 32.95855379188713, 32.955026455026456, 32.95855379188713, 32.9620811287478, 32.9647266313933, 32.96649029982363, 32.97178130511464, 32.96560846560847, 32.970017636684304, 32.970017636684304, 32.96825396825397, 32.960317460317455, 32.960317460317455, 32.957671957671955, 32.957671957671955, 32.963844797178126, 32.970017636684304, 32.9673721340388, 32.9673721340388, 32.970017636684304, 32.96649029982363, 32.967372134038804, 32.96560846560847, 32.96031746031746, 32.96825396825397, 32.9647266313933, 32.96384479717813, 32.96560846560847, 32.96031746031746, 32.957671957671955, 32.95943562610229, 32.96031746031746, 32.95679012345679, 32.95414462081129, 32.9594356261023, 32.954144620811284, 32.95590828924163, 32.96649029982363, 32.96560846560847, 32.96649029982363, 32.96296296296296, 32.9647266313933, 32.96296296296296, 32.96296296296297, 32.96119929453263, 32.96384479717813, 32.95943562610229, 32.961199294532626, 32.961199294532626, 32.9620811287478, 32.9620811287478, 32.95855379188713, 32.95855379188713, 32.9620811287478, 32.957671957671955, 32.95943562610229, 32.96119929453263, 32.96384479717813, 32.96119929453263, 32.96825396825397, 32.97178130511464, 32.970017636684304, 32.96649029982363, 32.96560846560847, 32.96296296296296, 32.9620811287478, 32.96560846560847, 32.96649029982363]",0.9108067272682239,0.9331452641341732,33,"[33, 33, 33, 33, 33, 33, 33, 33, 33, 33, 33, 33, 33, 33, 33, 33, 33, 33, 33, 33, 33, 33, 33, 33, 33, 33, 33, 33, 33, 33, 33, 33, 33, 33, 33, 33, 33, 33, 33, 33, 33, 33, 33, 33, 33, 33, 33, 33, 33, 33, 33, 33, 33, 33, 33, 33, 33, 33, 33, 33, 33, 33, 33, 33, 33, 33, 33, 33, 33, 33, 33, 33, 33, 33, 33, 33, 33, 33, 33, 33, 33, 33, 33, 33, 33, 33, 33, 33, 33, 33, 33, 33, 33, 33, 33, 33, 33, 33, 33, 33, 33, 33, 33, 33, 33, 33, 33, 33, 33, 33, 33, 33, 33, 33, 33, 33, 33, 33, 33, 33, 33, 33, 33, 33, 33, 33, 33, 33, 33, 33, 33, 33, 33, 33, 33, 33, 33, 33, 33, 33, 33, 33, 33, 33, 33, 33, 33, 33, 33, 33, 33, 33, 33, 33, 33, 33, 33, 33, 33, 33, 33, 33, 33, 33, 33, 33, 33, 33, 33, 33, 33, 33, 33, 33, 33, 33, 33, 33, 33, 33, 33, 33, 33, 33, 33, 33, 33, 33, 33, 33, 33, 33, 33, 33, 33, 33, 33, 33, 33, 33, 33, 33, 33, 33, 33, 33, 33, 33, 33, 33, 33, 33, 33, 33, 33, 33, 33, 33, 33, 33, 33, 33, 33, 33, 33, 33, 33, 33, 33, 33, 33, 33, 33, 33, 33, 33, 33, 33, 33, 33, 33, 33, 33, 33, 33, 33, 33, 33, 33, 33, 33, 33, 33, 33, 33, 33, 33, 33, 33, 33, 33, 33, 33, 33, 33, 33, 33, 33, 33, 33, 33, 33, 33, 33, 33, 33, 33, 33, 33, 33, 33, 33, 33, 33, 33, 33, 33, 33, 33, 33, 33, 33, 33, 33, 33, 33, 33, 33, 33, 33, 33, 33, 33, 33, 33]",305,"[0.3894134759902954, 0.37662965059280396, 0.3696594536304474, 0.3642808496952057, 0.35991549491882324, 0.3555631637573242, 0.35117244720458984, 0.3467615246772766, 0.3424186408519745, 0.33740466833114624, 0.33269694447517395, 0.3276601731777191, 0.32210472226142883, 0.31611910462379456, 0.30999085307121277, 0.30459898710250854, 0.29883521795272827, 0.2935881018638611, 0.2886615991592407, 0.2838890552520752, 0.2796131670475006, 0.2755449414253235, 0.2718888223171234, 0.2682124972343445, 0.2650530934333801, 0.26279619336128235, 0.2597157955169678, 0.25689753890037537, 0.2540530264377594, 0.2517285645008087, 0.24882465600967407, 0.2460094839334488, 0.2435801476240158, 0.2417496293783188, 0.23962095379829407, 0.23762108385562897, 0.23533038794994354, 0.2329990267753601, 0.23064802587032318, 0.2285367250442505, 0.22716428339481354, 0.22477088868618011, 0.2228584885597229, 0.221785768866539, 0.220375195145607, 0.21824027597904205, 0.21594581007957458, 0.2151598334312439, 0.2126150280237198, 0.21154119074344635, 0.20946578681468964, 0.2092035710811615, 0.20779770612716675, 0.20630714297294617, 0.2055281400680542, 0.20383724570274353, 0.20212070643901825, 0.20105484127998352, 0.2006145715713501, 0.1991555392742157, 0.19793328642845154, 0.19727259874343872, 0.19725799560546875, 0.19582320749759674, 0.19451667368412018, 0.1939941793680191, 0.19262951612472534, 0.19321075081825256, 0.19191253185272217, 0.1907697319984436, 0.1923549622297287, 0.18960922956466675, 0.18999174237251282, 0.1882377415895462, 0.18798312544822693, 0.18832552433013916, 0.1876126229763031, 0.18649500608444214, 0.1860666126012802, 0.18606190383434296, 0.18590615689754486, 0.18668633699417114, 0.18695557117462158, 0.1859293431043625, 0.18552787601947784, 0.18426813185214996, 0.1866309940814972, 0.18204914033412933, 0.18423667550086975, 0.18179497122764587, 0.1815672367811203, 0.18149523437023163, 0.18070346117019653, 0.18093295395374298, 0.18021902441978455, 0.1794966459274292, 0.18065080046653748, 0.1790233850479126, 0.18130436539649963, 0.1797809600830078, 0.179711252450943, 0.17908744513988495, 0.17753635346889496, 0.177472323179245, 0.17775362730026245, 0.17815108597278595, 0.17569711804389954, 0.17570741474628448, 0.1773432344198227, 0.17689818143844604, 0.17689138650894165, 0.177165687084198, 0.17634165287017822, 0.17564289271831512, 0.17607320845127106, 0.1754019856452942, 0.17504911124706268, 0.17395807802677155, 0.17556947469711304, 0.1735677570104599, 0.1744081825017929, 0.17409206926822662, 0.17447565495967865, 0.17306771874427795, 0.17296867072582245, 0.171549454331398, 0.17349182069301605, 0.17193299531936646, 0.1721433401107788, 0.17317739129066467, 0.1731448620557785, 0.17194557189941406, 0.17179974913597107, 0.17169933021068573, 0.17332914471626282, 0.17081844806671143, 0.1729573756456375, 0.17193765938282013, 0.17386013269424438, 0.17257821559906006, 0.17127110064029694, 0.1714404821395874, 0.17066413164138794, 0.1706075817346573, 0.17151424288749695, 0.17262476682662964, 0.17240048944950104, 0.1723083257675171, 0.17283622920513153, 0.17300927639007568, 0.17108571529388428, 0.17287501692771912, 0.1716284155845642, 0.1709265559911728, 0.17333577573299408, 0.1727597415447235, 0.17274092137813568, 0.17226165533065796, 0.17144419252872467, 0.17277759313583374, 0.172156423330307, 0.17152759432792664, 0.17182567715644836, 0.1716332882642746, 0.17378993332386017, 0.17258277535438538, 0.17144441604614258, 0.17171980440616608, 0.17178033292293549, 0.171310156583786, 0.173691064119339, 0.17103663086891174, 0.17061908543109894, 0.1720510721206665, 0.1720595806837082, 0.17418071627616882, 0.17205411195755005, 0.17269684374332428, 0.17204830050468445, 0.1720859855413437, 0.17253728210926056, 0.1739436388015747, 0.17344346642494202, 0.1744253784418106, 0.17547863721847534, 0.1716957688331604, 0.17460903525352478, 0.17328470945358276, 0.1721135377883911, 0.17547176778316498, 0.17460519075393677, 0.17520970106124878, 0.17367273569107056, 0.17357811331748962, 0.17201361060142517, 0.17424899339675903, 0.17415207624435425, 0.17585182189941406, 0.17522723972797394, 0.17564669251441956, 0.17441093921661377, 0.17335224151611328, 0.17570754885673523, 0.17731788754463196, 0.17693397402763367, 0.17440412938594818, 0.17444206774234772, 0.17504705488681793, 0.17579935491085052, 0.17816391587257385, 0.1741761416196823, 0.1751781702041626, 0.17753608524799347, 0.17695361375808716, 0.17567577958106995, 0.17818015813827515, 0.17611102759838104, 0.17877982556819916, 0.17811577022075653, 0.1778113692998886, 0.17628712952136993, 0.1798241287469864, 0.1777871698141098, 0.1783990114927292, 0.17549341917037964, 0.17827975749969482, 0.17815667390823364, 0.17845188081264496, 0.1790052354335785, 0.1788817197084427, 0.18156452476978302, 0.1818755716085434, 0.17903906106948853, 0.1807829737663269, 0.18011963367462158, 0.18027587234973907, 0.18296882510185242, 0.18221242725849152, 0.18020419776439667, 0.18145829439163208, 0.18002353608608246, 0.1840902715921402, 0.18247421085834503, 0.18547575175762177, 0.18115860223770142, 0.18323078751564026, 0.18299585580825806, 0.18299396336078644, 0.18304473161697388, 0.18582043051719666, 0.18506111204624176, 0.18412283062934875, 0.18498507142066956, 0.18529154360294342, 0.1870833784341812, 0.18722084164619446, 0.18841183185577393, 0.18560367822647095, 0.18787819147109985, 0.1910572052001953, 0.1887863576412201, 0.19305244088172913, 0.1897205114364624, 0.1905961036682129, 0.19467918574810028, 0.19101019203662872, 0.19159431755542755, 0.19144539535045624, 0.19430074095726013, 0.18957552313804626, 0.191734179854393, 0.19308891892433167, 0.19594840705394745, 0.19354477524757385, 0.19323907792568207, 0.19412828981876373, 0.19613496959209442, 0.19761306047439575, 0.1956159919500351, 0.19687357544898987, 0.19489602744579315, 0.1970301866531372, 0.197257399559021, 0.19996336102485657, 0.19914761185646057, 0.19950102269649506, 0.1990501582622528, 0.1994243860244751, 0.19813260436058044, 0.19914251565933228, 0.2002330720424652, 0.20530977845191956, 0.20063896477222443, 0.19975265860557556, 0.2033897340297699, 0.2029935121536255, 0.20539377629756927, 0.20440101623535156, 0.20816712081432343, 0.20328670740127563, 0.2042197436094284, 0.20862866938114166, 0.20560255646705627, 0.20648831129074097, 0.20330910384655]",33.0,"[33.0, 33.0, 33.0, 33.0, 33.0, 33.0, 33.0, 33.0, 33.0, 33.0, 33.0, 33.0, 33.0, 33.0, 33.0, 33.0, 33.0, 33.0, 33.0, 33.0, 33.0, 33.0, 33.0, 33.0, 33.0, 33.0, 33.0, 33.0, 33.0, 33.0, 33.0, 33.0, 33.0, 33.0, 33.0, 33.0, 33.0, 33.0, 33.0, 33.0, 33.0, 33.0, 33.0, 33.0, 33.0, 33.0, 33.0, 33.0, 33.0, 33.0, 33.0, 33.0, 33.0, 33.0, 33.0, 33.0, 33.0, 33.0, 33.0, 33.0, 33.0, 33.0, 33.0, 33.0, 33.0, 33.0, 33.0, 33.0, 33.0, 33.0, 33.0, 33.0, 33.0, 33.0, 33.0, 33.0, 33.0, 33.0, 33.0, 33.0, 33.0, 33.0, 33.0, 33.0, 33.0, 33.0, 33.0, 33.0, 33.0, 33.0, 33.0, 33.0, 33.0, 33.0, 33.0, 33.0, 33.0, 33.0, 33.0, 33.0, 33.0, 33.0, 33.0, 33.0, 33.0, 33.0, 33.0, 33.0, 33.0, 33.0, 33.0, 33.0, 33.0, 33.0, 33.0, 33.0, 33.0, 33.0, 33.0, 33.0, 33.0, 33.0, 33.0, 33.0, 33.0, 33.0, 33.0, 33.0, 33.0, 33.0, 33.0, 33.0, 33.0, 33.0, 33.0, 33.0, 33.0, 33.0, 33.0, 33.0, 33.0, 33.0, 33.0, 33.0, 33.0, 33.0, 33.0, 33.0, 33.0, 33.0, 33.0, 33.0, 33.0, 33.0, 33.0, 33.0, 33.0, 33.0, 33.0, 33.0, 33.0, 33.0, 33.0, 33.0, 33.0, 33.0, 33.0, 33.0, 33.0, 33.0, 33.0, 33.0, 33.0, 33.0, 33.0, 33.0, 33.0, 33.0, 33.0, 33.0, 33.0, 33.0, 33.0, 33.0, 33.0, 33.0, 33.0, 33.0, 33.0, 33.0, 33.0, 33.0, 33.0, 33.0, 33.0, 33.0, 33.0, 33.0, 33.0, 33.0, 33.0, 33.0, 33.0, 33.0, 33.0, 33.0, 33.0, 33.0, 33.0, 33.0, 33.0, 33.0, 33.0, 33.0, 33.0, 33.0, 33.0, 33.0, 33.0, 33.0, 33.0, 33.0, 33.0, 33.0, 33.0, 33.0, 33.0, 33.0, 33.0, 33.0, 33.0, 33.0, 33.0, 33.0, 33.0, 33.0, 33.0, 33.0, 33.0, 33.0, 33.0, 33.0, 33.0, 33.0, 33.0, 33.0, 33.0, 33.0, 33.0, 33.0, 33.0, 33.0, 33.0, 33.0, 33.0, 33.0, 33.0, 33.0, 33.0, 33.0, 33.0, 33.0, 33.0, 33.0, 33.0, 33.0, 33.0, 33.0, 33.0, 33.0, 33.0, 33.0, 33.0, 33.0, 33.0, 33.0, 33.0, 33.0, 33.0, 33.0, 33.0, 33.0, 33.0, 33.0, 33.0, 33.0, 33.0, 33.0, 33.0, 33.0, 33.0, 33.0, 33.0, 33.0, 33.0, 33.0, 33.0, 33.0, 33.0, 33.0, 33.0, 33.0, 33.0, 33.0, 33.0]",COMPLETE
