,number,value,datetime_start,datetime_complete,duration,params_batch_size_scaler,params_constant_learning_rate,params_depth,params_epochs,params_kernel_l2,params_num_trees,params_temperature,user_attrs_accuracy_test,user_attrs_accuracy_valid,user_attrs_approximate_feature_sparsity,user_attrs_approximate_feature_sparsity_history,user_attrs_approximate_weight_sparsity,user_attrs_approximate_weight_sparsity_history,user_attrs_auc_test,user_attrs_auc_valid,user_attrs_feature_sparsity,user_attrs_feature_sparsity_history,user_attrs_num_epochs,user_attrs_val_loss_history,user_attrs_weight_sparsity,user_attrs_weight_sparsity_history,state
58,58,0.6088418286509255,2024-08-31 02:57:20.272448,2024-08-31 03:09:35.856270,0 days 00:12:15.583822,4,9.282883397108222,6,295,0.023372012510963044,97,0.002437882703121197,0.859,0.85875,1,"[2, 2, 2, 2, 2, 2, 2, 1, 1, 1, 1, 1, 1, 1, 1, 1, 1, 1, 1, 1, 1, 1, 1, 1, 1, 1, 1, 1, 1, 1, 1, 1, 1, 1, 1, 1, 1, 1, 1, 1, 1, 1, 1, 1, 1, 1, 1, 1, 1, 1, 1, 1, 1, 1, 1, 1, 1, 1, 1, 1, 1, 1, 1, 1, 1, 1, 1, 1, 1, 1, 1, 1, 1, 1, 1, 1, 1, 1, 1, 1, 1, 1, 1, 1, 1, 1, 1, 1, 1, 1, 1, 1, 1, 1, 1, 1, 1, 1, 1, 1, 1, 1, 1, 1, 1, 1, 1, 1, 1, 1, 1, 1, 1, 1, 1, 1, 1, 1, 1, 1, 1, 1, 1, 1, 1, 1, 1, 1, 1, 1, 1, 1, 1, 1, 1, 1, 1, 1, 1, 1, 1, 1, 1, 1, 1, 1, 1, 1, 1, 1, 1, 1, 1, 1, 1, 1, 1, 1, 1, 1, 1, 1, 1, 1, 1, 1, 1, 1, 1, 1, 1, 1, 1, 1, 1, 1, 1, 1, 1, 1, 1, 1, 1, 1, 1, 1, 1, 1, 1, 1, 1, 1, 1, 1, 1, 1, 1, 1, 1, 1, 1, 1, 1, 1, 1, 1, 1, 1, 1, 1, 1, 1, 1, 1, 1, 1, 1, 1, 1, 1, 1, 1, 1, 1, 1, 1, 1, 1, 1, 1, 1, 1, 1, 1, 1, 1, 1, 1, 1, 1, 1, 1, 1, 1, 1, 1, 1, 1, 1, 1, 1, 1, 1, 1, 1, 1, 1, 1, 1, 1, 1, 1, 1, 1, 1, 1, 1, 1, 1, 1, 1, 1, 1, 1, 1, 1, 1, 1, 1, 1, 1, 1, 1, 1, 1, 1, 1, 1, 1, 1, 1, 1, 1, 1, 1]",0.9988545246277205,"[1.995418098510882, 1.9967272132220586, 1.9970544918998527, 1.9968908525609557, 1.997872688594338, 1.997709049255441, 1.997545409916544, 0.9990181639666176, 0.9991818033055146, 0.9996727213222059, 0.9993454426444117, 0.9991818033055146, 0.9991818033055146, 0.9996727213222059, 0.9998363606611029, 0.9998363606611029, 0.9996727213222059, 0.9995090819833088, 0.9993454426444117, 0.9996727213222059, 0.9995090819833088, 0.9995090819833088, 0.9991818033055146, 0.9993454426444117, 0.9991818033055146, 0.9993454426444117, 0.9995090819833088, 0.9998363606611029, 0.9993454426444117, 0.9995090819833088, 0.9990181639666176, 0.9995090819833088, 0.9995090819833088, 0.9995090819833088, 0.9990181639666176, 0.9995090819833088, 0.9993454426444117, 0.9990181639666176, 0.9993454426444117, 0.9993454426444117, 0.9991818033055146, 0.9991818033055146, 0.9993454426444117, 0.9993454426444117, 0.9995090819833088, 0.9995090819833088, 0.9993454426444117, 0.9985272459499264, 0.9991818033055146, 0.9985272459499264, 0.9991818033055146, 0.9991818033055146, 0.9993454426444117, 0.9990181639666176, 0.9991818033055146, 0.9991818033055146, 0.9990181639666176, 0.9991818033055146, 0.9990181639666176, 0.9993454426444117, 0.9995090819833088, 0.9993454426444117, 0.9996727213222059, 0.9995090819833088, 0.9996727213222059, 0.9996727213222059, 0.9996727213222059, 0.9993454426444117, 0.9991818033055146, 0.9990181639666176, 0.9995090819833088, 0.9991818033055146, 0.9995090819833088, 0.9993454426444117, 0.9993454426444117, 0.9993454426444117, 0.9993454426444117, 0.9991818033055146, 0.9991818033055146, 0.9990181639666176, 0.9991818033055146, 0.9991818033055146, 0.9991818033055146, 0.9990181639666176, 0.9991818033055146, 0.9995090819833088, 0.9995090819833088, 0.9995090819833088, 0.9995090819833088, 0.9995090819833088, 0.9995090819833088, 0.9995090819833088, 0.9995090819833088, 0.9995090819833088, 0.9995090819833088, 0.9995090819833088, 0.9995090819833088, 0.9995090819833088, 0.9995090819833088, 0.9993454426444117, 0.9995090819833088, 0.9993454426444117, 0.9995090819833088, 0.9995090819833088, 0.9995090819833088, 0.9995090819833088, 0.9995090819833088, 0.9995090819833088, 0.9995090819833088, 0.9995090819833088, 0.9995090819833088, 0.9995090819833088, 0.9995090819833088, 0.9993454426444117, 0.9991818033055146, 0.9995090819833088, 0.9991818033055146, 0.9993454426444117, 0.9995090819833088, 0.9995090819833088, 0.9995090819833088, 0.9995090819833088, 0.9995090819833088, 0.9995090819833088, 0.9995090819833088, 0.9995090819833088, 0.9995090819833088, 0.9995090819833088, 0.9995090819833088, 0.9996727213222059, 0.9996727213222059, 0.9996727213222059, 0.9996727213222059, 0.9996727213222059, 0.9996727213222059, 0.9996727213222059, 0.9995090819833088, 0.9993454426444117, 0.9995090819833088, 0.9996727213222059, 0.9993454426444117, 0.9996727213222059, 0.9996727213222059, 0.9996727213222059, 0.9996727213222059, 0.9996727213222059, 0.9993454426444117, 0.9995090819833088, 0.9995090819833088, 0.9996727213222059, 0.9996727213222059, 0.9996727213222059, 0.9995090819833088, 0.9996727213222059, 0.9996727213222059, 0.9996727213222059, 0.9996727213222059, 0.9995090819833088, 0.9996727213222059, 0.9996727213222059, 0.9996727213222059, 0.9995090819833088, 0.9996727213222059, 0.9996727213222059, 0.9996727213222059, 0.9996727213222059, 0.9996727213222059, 0.9996727213222059, 0.9996727213222059, 0.9996727213222059, 0.9996727213222059, 0.9996727213222059, 0.9993454426444117, 0.9993454426444117, 0.9995090819833088, 0.9995090819833088, 0.9995090819833088, 0.9993454426444117, 0.9993454426444117, 0.9993454426444117, 0.9995090819833088, 0.9995090819833088, 0.9993454426444117, 0.9995090819833088, 0.9995090819833088, 0.9995090819833088, 0.9991818033055146, 0.9993454426444117, 0.9993454426444117, 0.9995090819833088, 0.9995090819833088, 0.9993454426444117, 0.9991818033055146, 0.9991818033055146, 0.9991818033055146, 0.9991818033055146, 0.9993454426444117, 0.9993454426444117, 0.9993454426444117, 0.9993454426444117, 0.9993454426444117, 0.9993454426444117, 0.9993454426444117, 0.9993454426444117, 0.9993454426444117, 0.9993454426444117, 0.9993454426444117, 0.9995090819833088, 0.9993454426444117, 0.9993454426444117, 0.9991818033055146, 0.9993454426444117, 0.9993454426444117, 0.9993454426444117, 0.9995090819833088, 0.9993454426444117, 0.9993454426444117, 0.9993454426444117, 0.9993454426444117, 0.9993454426444117, 0.9993454426444117, 0.9991818033055146, 0.9995090819833088, 0.9993454426444117, 0.9993454426444117, 0.9995090819833088, 0.9993454426444117, 0.9995090819833088, 0.9995090819833088, 0.9993454426444117, 0.9993454426444117, 0.9995090819833088, 0.9995090819833088, 0.9995090819833088, 0.9993454426444117, 0.9993454426444117, 0.9993454426444117, 0.9993454426444117, 0.9993454426444117, 0.9991818033055146, 0.9993454426444117, 0.9993454426444117, 0.9993454426444117, 0.9995090819833088, 0.9995090819833088, 0.9995090819833088, 0.9996727213222059, 0.9995090819833088, 0.9993454426444117, 0.9995090819833088, 0.9995090819833088, 0.9996727213222059, 0.9993454426444117, 0.9996727213222059, 0.9995090819833088, 0.9993454426444117, 0.9991818033055146, 0.9995090819833088, 0.9991818033055146, 0.9996727213222059, 0.9996727213222059, 0.9993454426444117, 0.9996727213222059, 0.9991818033055146, 0.9991818033055146, 0.9991818033055146, 0.9993454426444117, 0.9991818033055146, 0.9995090819833088, 0.9991818033055146, 0.9993454426444117, 0.9991818033055146, 0.9993454426444117, 0.9993454426444117, 0.9993454426444117, 0.9993454426444117, 0.9993454426444117, 0.9991818033055146, 0.9993454426444117, 0.9993454426444117, 0.9993454426444117, 0.9993454426444117, 0.9993454426444117, 0.9993454426444117, 0.9993454426444117, 0.9993454426444117, 0.9993454426444117, 0.9993454426444117, 0.9991818033055146, 0.9993454426444117, 0.9993454426444117, 0.9993454426444117, 0.9991818033055146, 0.9993454426444117, 0.9988545246277205]",0.6144865793145584,0.6088418286509255,1,"[2, 2, 2, 2, 2, 2, 2, 1, 1, 1, 1, 1, 1, 1, 1, 1, 1, 1, 1, 1, 1, 1, 1, 1, 1, 1, 1, 1, 1, 1, 1, 1, 1, 1, 1, 1, 1, 1, 1, 1, 1, 1, 1, 1, 1, 1, 1, 1, 1, 1, 1, 1, 1, 1, 1, 1, 1, 1, 1, 1, 1, 1, 1, 1, 1, 1, 1, 1, 1, 1, 1, 1, 1, 1, 1, 1, 1, 1, 1, 1, 1, 1, 1, 1, 1, 1, 1, 1, 1, 1, 1, 1, 1, 1, 1, 1, 1, 1, 1, 1, 1, 1, 1, 1, 1, 1, 1, 1, 1, 1, 1, 1, 1, 1, 1, 1, 1, 1, 1, 1, 1, 1, 1, 1, 1, 1, 1, 1, 1, 1, 1, 1, 1, 1, 1, 1, 1, 1, 1, 1, 1, 1, 1, 1, 1, 1, 1, 1, 1, 1, 1, 1, 1, 1, 1, 1, 1, 1, 1, 1, 1, 1, 1, 1, 1, 1, 1, 1, 1, 1, 1, 1, 1, 1, 1, 1, 1, 1, 1, 1, 1, 1, 1, 1, 1, 1, 1, 1, 1, 1, 1, 1, 1, 1, 1, 1, 1, 1, 1, 1, 1, 1, 1, 1, 1, 1, 1, 1, 1, 1, 1, 1, 1, 1, 1, 1, 1, 1, 1, 1, 1, 1, 1, 1, 1, 1, 1, 1, 1, 1, 1, 1, 1, 1, 1, 1, 1, 1, 1, 1, 1, 1, 1, 1, 1, 1, 1, 1, 1, 1, 1, 1, 1, 1, 1, 1, 1, 1, 1, 1, 1, 1, 1, 1, 1, 1, 1, 1, 1, 1, 1, 1, 1, 1, 1, 1, 1, 1, 1, 1, 1, 1, 1, 1, 1, 1, 1, 1, 1, 1, 1, 1, 1, 1, 1]",295,"[0.5458603501319885, 0.45605090260505676, 0.3870062530040741, 0.5341764688491821, 1.5100393295288086, 0.8430911898612976, 2.3458986282348633, 0.5450552701950073, 2.032958745956421, 0.38892000913619995, 0.4085269272327423, 0.39097851514816284, 1.2891889810562134, 0.47853657603263855, 0.47554466128349304, 1.0100979804992676, 1.5410877466201782, 0.5374598503112793, 2.710878372192383, 0.9533005356788635, 0.5876185894012451, 0.5057764649391174, 0.885537326335907, 1.2190361022949219, 0.389347642660141, 0.6838833689689636, 1.3076478242874146, 0.38471537828445435, 0.5120524764060974, 1.0982125997543335, 1.6621655225753784, 0.9019216299057007, 0.8026387691497803, 0.38919830322265625, 0.43419864773750305, 0.5067112445831299, 0.41509905457496643, 0.9942457675933838, 0.540478527545929, 0.5750319957733154, 0.4430987536907196, 0.39652302861213684, 0.8165380358695984, 1.0478829145431519, 2.5473885536193848, 0.6621590256690979, 0.8094024658203125, 0.4320475459098816, 0.39579352736473083, 0.42086249589920044, 0.41291895508766174, 0.47788986563682556, 0.517553985118866, 0.5101840496063232, 0.6400189399719238, 1.1646236181259155, 1.7796008586883545, 2.258557081222534, 0.5537655353546143, 0.4380016326904297, 0.7224571704864502, 0.677595317363739, 0.7859281301498413, 0.43095046281814575, 2.3636832237243652, 0.41335922479629517, 0.7455605864524841, 0.41780489683151245, 0.7855388522148132, 0.7057788372039795, 0.4713795781135559, 0.6035624146461487, 0.5365272164344788, 0.5073466300964355, 2.399188756942749, 0.9077264666557312, 1.8817095756530762, 0.8101361989974976, 0.5117054581642151, 0.4164964258670807, 0.5088446140289307, 1.4438287019729614, 0.43822044134140015, 0.5055429935455322, 1.696868896484375, 0.5005915760993958, 0.5943983793258667, 0.39889612793922424, 0.5308299660682678, 0.6427366137504578, 0.6978487372398376, 0.4282158315181732, 0.8435913920402527, 1.2599375247955322, 0.6887409687042236, 0.4558904767036438, 0.4440421164035797, 0.3998384475708008, 0.4078920781612396, 0.42634761333465576, 0.5478697419166565, 0.42345690727233887, 0.4619840681552887, 0.5449320077896118, 1.0045324563980103, 0.7083815932273865, 1.6647522449493408, 0.6650293469429016, 0.5709396004676819, 0.8387529850006104, 0.4736160337924957, 0.47838664054870605, 0.48860934376716614, 2.9505887031555176, 0.47899603843688965, 0.6671491265296936, 0.6881462335586548, 1.2202328443527222, 0.4302961826324463, 0.595622718334198, 0.4332473874092102, 1.018397331237793, 0.4774003326892853, 0.9077909588813782, 0.9811611771583557, 0.49996456503868103, 0.46540123224258423, 0.5309398770332336, 0.3996432423591614, 0.41267549991607666, 0.40269961953163147, 0.9987598657608032, 0.5021686553955078, 1.0284136533737183, 0.3951387405395508, 0.493019700050354, 0.5147804021835327, 0.4204356372356415, 0.5141041278839111, 1.1104652881622314, 0.501914381980896, 1.4356703758239746, 0.4296800494194031, 0.38891705870628357, 0.4188478887081146, 0.559942364692688, 0.3912479281425476, 0.9527556896209717, 0.4213061034679413, 0.8151158690452576, 0.49268555641174316, 0.44291916489601135, 1.027136206626892, 0.5210731625556946, 0.4163391590118408, 0.3889918923377991, 0.9194393157958984, 1.131564736366272, 0.48587271571159363, 0.40306854248046875, 1.6239978075027466, 0.9852220416069031, 0.5342328548431396, 1.207964301109314, 1.9777259826660156, 0.5042576193809509, 0.49934208393096924, 0.40101107954978943, 1.9789094924926758, 0.5088655948638916, 1.3310223817825317, 0.8879358172416687, 0.48321449756622314, 0.42089274525642395, 0.4490194618701935, 0.7503098845481873, 0.472473680973053, 0.9064570069313049, 1.4076905250549316, 0.41884613037109375, 0.41421008110046387, 0.39515823125839233, 0.6769775152206421, 1.9488524198532104, 1.1703678369522095, 0.4192923307418823, 1.2308297157287598, 0.4126446843147278, 0.5023626089096069, 0.6701570749282837, 0.6860289573669434, 0.8214400410652161, 1.1224241256713867, 0.5280912518501282, 0.4530588984489441, 0.5028696060180664, 2.110933303833008, 0.6034906506538391, 1.4653745889663696, 0.4344700872898102, 0.4003695249557495, 2.209721565246582, 1.8497661352157593, 0.7683833837509155, 0.46624019742012024, 0.40137580037117004, 0.46596693992614746, 0.4784831702709198, 0.40286120772361755, 0.6761807799339294, 1.0644009113311768, 0.38700953125953674, 0.45930877327919006, 1.8189234733581543, 0.46313419938087463, 0.398418128490448, 2.057903289794922, 0.5093196034431458, 0.5826945304870605, 1.3923450708389282, 0.5327232480049133, 1.2841331958770752, 0.42806723713874817, 0.8677149415016174, 1.1902118921279907, 0.6717376708984375, 0.4460092782974243, 0.660259485244751, 0.6528703570365906, 0.49096402525901794, 0.4051876962184906, 0.5736491084098816, 0.82853102684021, 0.42476746439933777, 0.38934409618377686, 0.5944251418113708, 0.3912831246852875, 0.6091406345367432, 0.9198715090751648, 1.31019926071167, 0.4188496768474579, 0.8892258405685425, 0.7658039331436157, 0.5562217235565186, 1.0163297653198242, 0.4719470739364624, 0.5658320784568787, 1.0219043493270874, 0.6861345767974854, 0.4039285182952881, 0.39610424637794495, 0.5942671895027161, 0.8475951552391052, 0.44645464420318604, 1.7448267936706543, 0.9533712267875671, 0.6657670736312866, 1.648634910583496, 0.43689683079719543, 1.4935345649719238, 0.48488911986351013, 0.41846343874931335, 0.9528453946113586, 0.890837550163269, 0.6738057732582092, 0.3908481299877167, 0.42835620045661926, 0.7370464205741882, 1.2812352180480957, 1.2611805200576782, 0.4028538465499878, 0.39502835273742676, 0.7572312951087952, 1.3765815496444702, 1.1451005935668945, 0.4345967471599579, 1.4050207138061523, 0.4112522602081299, 0.9554963707923889, 0.79752516746521, 0.5545126795768738, 0.4963712692260742, 1.0770349502563477, 0.4784536361694336, 0.817587673664093, 0.8817043304443359, 0.653574526309967, 0.4509771764278412, 1.2073640823364258, 0.41532933712005615, 0.6081821918487549, 0.4161931872367859, 1.0810778141021729, 0.4970840811729431, 1.529496192932129]",1.0,"[2.0, 2.0, 2.0, 2.0, 2.0, 2.0, 2.0, 1.0, 1.0, 1.0, 1.0, 1.0, 1.0, 1.0, 1.0, 1.0, 1.0, 1.0, 1.0, 1.0, 1.0, 1.0, 1.0, 1.0, 1.0, 1.0, 1.0, 1.0, 1.0, 1.0, 1.0, 1.0, 1.0, 1.0, 1.0, 1.0, 1.0, 1.0, 1.0, 1.0, 1.0, 1.0, 1.0, 1.0, 1.0, 1.0, 1.0, 1.0, 1.0, 1.0, 1.0, 1.0, 1.0, 1.0, 1.0, 1.0, 1.0, 1.0, 1.0, 1.0, 1.0, 1.0, 1.0, 1.0, 1.0, 1.0, 1.0, 1.0, 1.0, 1.0, 1.0, 1.0, 1.0, 1.0, 1.0, 1.0, 1.0, 1.0, 1.0, 1.0, 1.0, 1.0, 1.0, 1.0, 1.0, 1.0, 1.0, 1.0, 1.0, 1.0, 1.0, 1.0, 1.0, 1.0, 1.0, 1.0, 1.0, 1.0, 1.0, 1.0, 1.0, 1.0, 1.0, 1.0, 1.0, 1.0, 1.0, 1.0, 1.0, 1.0, 1.0, 1.0, 1.0, 1.0, 1.0, 1.0, 1.0, 1.0, 1.0, 1.0, 1.0, 1.0, 1.0, 1.0, 1.0, 1.0, 1.0, 1.0, 1.0, 1.0, 1.0, 1.0, 1.0, 1.0, 1.0, 1.0, 1.0, 1.0, 1.0, 1.0, 1.0, 1.0, 1.0, 1.0, 1.0, 1.0, 1.0, 1.0, 1.0, 1.0, 1.0, 1.0, 1.0, 1.0, 1.0, 1.0, 1.0, 1.0, 1.0, 1.0, 1.0, 1.0, 1.0, 1.0, 1.0, 1.0, 1.0, 1.0, 1.0, 1.0, 1.0, 1.0, 1.0, 1.0, 1.0, 1.0, 1.0, 1.0, 1.0, 1.0, 1.0, 1.0, 1.0, 1.0, 1.0, 1.0, 1.0, 1.0, 1.0, 1.0, 1.0, 1.0, 1.0, 1.0, 1.0, 1.0, 1.0, 1.0, 1.0, 1.0, 1.0, 1.0, 1.0, 1.0, 1.0, 1.0, 1.0, 1.0, 1.0, 1.0, 1.0, 1.0, 1.0, 1.0, 1.0, 1.0, 1.0, 1.0, 1.0, 1.0, 1.0, 1.0, 1.0, 1.0, 1.0, 1.0, 1.0, 1.0, 1.0, 1.0, 1.0, 1.0, 1.0, 1.0, 1.0, 1.0, 1.0, 1.0, 1.0, 1.0, 1.0, 1.0, 1.0, 1.0, 1.0, 1.0, 1.0, 1.0, 1.0, 1.0, 1.0, 1.0, 1.0, 1.0, 1.0, 1.0, 1.0, 1.0, 1.0, 1.0, 1.0, 1.0, 1.0, 1.0, 1.0, 1.0, 1.0, 1.0, 1.0, 1.0, 1.0, 1.0, 1.0, 1.0, 1.0, 1.0, 1.0, 1.0, 1.0, 1.0, 1.0, 1.0, 1.0, 1.0, 1.0, 1.0, 1.0, 1.0, 1.0, 1.0, 1.0, 1.0, 1.0, 1.0, 1.0]",COMPLETE
