,number,value,datetime_start,datetime_complete,duration,params_batch_size_scaler,params_constant_learning_rate,params_depth,params_epochs,params_kernel_l2,params_num_trees,params_temperature,user_attrs_accuracy_test,user_attrs_accuracy_valid,user_attrs_approximate_feature_sparsity,user_attrs_approximate_feature_sparsity_history,user_attrs_approximate_weight_sparsity,user_attrs_approximate_weight_sparsity_history,user_attrs_auc_test,user_attrs_auc_valid,user_attrs_feature_sparsity,user_attrs_feature_sparsity_history,user_attrs_num_epochs,user_attrs_val_loss_history,user_attrs_weight_sparsity,user_attrs_weight_sparsity_history,state
87,87,0.9099200061830969,2024-08-31 04:10:11.514972,2024-08-31 04:10:20.071759,0 days 00:00:08.556787,4,0.15898736742188307,2,35,0.04184821032643076,48,0.0079460978189438,0.908,0.9025,33,"[33, 33, 33, 33, 33, 33, 33, 33, 33, 33, 33, 33, 33, 33, 33, 33, 33, 33, 33, 33, 33, 33, 33, 33, 33, 33, 33, 33, 33, 33, 33, 33, 33, 33, 33]",32.97222222222222,"[32.97222222222222, 32.979166666666664, 32.99305555555556, 32.99305555555556, 32.99305555555556, 32.99305555555556, 32.979166666666664, 32.99305555555556, 33.0, 32.986111111111114, 32.99305555555556, 32.99305555555556, 33.0, 32.986111111111114, 32.979166666666664, 32.986111111111114, 32.97222222222222, 32.986111111111114, 32.986111111111114, 33.0, 32.99305555555556, 32.97222222222222, 32.99305555555556, 32.94444444444444, 32.958333333333336, 32.958333333333336, 32.97222222222222, 32.97222222222222, 32.979166666666664, 32.97222222222222, 33.0, 32.986111111111114, 32.986111111111114, 32.979166666666664, 32.97222222222222]",0.893352818302661,0.9099200061830969,33,"[33, 33, 33, 33, 33, 33, 33, 33, 33, 33, 33, 33, 33, 33, 33, 33, 33, 33, 33, 33, 33, 33, 33, 33, 33, 33, 33, 33, 33, 33, 33, 33, 33, 33, 33]",35,"[0.39038750529289246, 0.3868306279182434, 0.37654581665992737, 0.3714248239994049, 0.373604416847229, 0.3612244129180908, 0.3563835024833679, 0.3496444821357727, 0.3475158214569092, 0.34113600850105286, 0.33485785126686096, 0.3308505713939667, 0.32739147543907166, 0.3197615444660187, 0.31403788924217224, 0.30864661931991577, 0.30330756306648254, 0.29726365208625793, 0.29290008544921875, 0.2885616719722748, 0.28371676802635193, 0.2790524959564209, 0.27954697608947754, 0.2732793390750885, 0.26931023597717285, 0.26855960488319397, 0.2662636935710907, 0.27079808712005615, 0.26147398352622986, 0.25624027848243713, 0.2551095187664032, 0.2536270022392273, 0.2514517903327942, 0.2558394968509674, 0.24738402664661407]",33.0,"[33.0, 33.0, 33.0, 33.0, 33.0, 33.0, 33.0, 33.0, 33.0, 33.0, 33.0, 33.0, 33.0, 33.0, 33.0, 33.0, 33.0, 33.0, 33.0, 33.0, 33.0, 33.0, 33.0, 33.0, 33.0, 33.0, 33.0, 33.0, 33.0, 33.0, 33.0, 33.0, 33.0, 33.0, 33.0]",COMPLETE
88,88,0.6699643183779675,2024-08-31 04:10:21.925114,2024-08-31 04:10:42.146348,0 days 00:00:20.221234,64,0.020310009195452783,3,185,0.10471978659041058,7,0.000132109491657242,0.86,0.85875,33,"[33, 33, 33, 33, 33, 33, 33, 33, 33, 33, 33, 33, 33, 33, 33, 33, 33, 33, 33, 33, 33, 33, 33, 33, 33, 33, 33, 33, 33, 33, 33, 33, 33, 33, 33, 33, 33, 33, 33, 33, 33, 33, 33, 33, 33, 33, 33, 33, 33, 33, 33, 33, 33, 33, 33, 33, 33, 33, 33, 33, 33, 33, 33, 33, 33, 33, 33, 33, 33, 33, 33, 33, 33, 33, 33, 33, 33, 33, 33, 33, 33, 33, 33, 33, 33, 33, 33, 33, 33, 33, 33, 33, 33, 33, 33, 33, 33, 33, 33, 33, 33, 33, 33, 33, 33, 33, 33, 33, 33, 33, 33, 33, 33, 33, 33, 33, 33, 33, 33, 33, 33, 33, 33, 33, 33, 33, 33, 33, 33, 33, 33, 33, 33, 33, 33, 33, 33, 33, 33, 33, 33, 33, 33, 33, 33, 33, 33, 33, 33, 33, 33, 33, 33, 33, 33, 33, 33, 33, 33, 33, 33, 33, 33, 33, 33, 33, 33, 33, 33, 33, 33, 33, 33, 33, 33, 33, 33, 33, 33, 33, 33, 33, 33, 33, 33]",32.9795918367347,"[32.9795918367347, 32.9795918367347, 32.95918367346939, 32.9795918367347, 32.9795918367347, 32.9795918367347, 32.9795918367347, 32.9795918367347, 32.9795918367347, 32.9795918367347, 32.9795918367347, 32.9795918367347, 32.9795918367347, 32.95918367346939, 32.9795918367347, 32.95918367346939, 32.95918367346939, 32.9795918367347, 32.9795918367347, 32.9795918367347, 32.9795918367347, 33.0, 32.9795918367347, 32.9795918367347, 32.9795918367347, 32.93877551020408, 32.9795918367347, 32.9795918367347, 32.9795918367347, 32.9795918367347, 33.0, 33.0, 33.0, 33.0, 33.0, 33.0, 33.0, 33.0, 33.0, 33.0, 33.0, 33.0, 33.0, 32.9795918367347, 33.0, 33.0, 33.0, 33.0, 32.9795918367347, 32.93877551020408, 32.93877551020408, 32.95918367346939, 32.9795918367347, 32.9795918367347, 32.9795918367347, 32.93877551020408, 32.95918367346939, 32.93877551020408, 32.9795918367347, 33.0, 32.9795918367347, 32.95918367346939, 33.0, 33.0, 33.0, 33.0, 33.0, 33.0, 33.0, 33.0, 32.9795918367347, 32.9795918367347, 32.9795918367347, 32.9795918367347, 32.9795918367347, 32.9795918367347, 33.0, 33.0, 33.0, 33.0, 33.0, 33.0, 33.0, 33.0, 33.0, 33.0, 33.0, 32.9795918367347, 32.95918367346939, 32.95918367346939, 33.0, 33.0, 33.0, 32.9795918367347, 33.0, 33.0, 33.0, 33.0, 33.0, 33.0, 32.9795918367347, 32.95918367346939, 32.95918367346939, 32.95918367346939, 32.95918367346939, 32.9795918367347, 32.9795918367347, 32.9795918367347, 32.9795918367347, 32.9795918367347, 32.9795918367347, 33.0, 33.0, 32.9795918367347, 32.95918367346939, 32.95918367346939, 32.95918367346939, 32.95918367346939, 32.95918367346939, 32.9795918367347, 32.93877551020408, 32.93877551020408, 32.95918367346939, 32.95918367346939, 32.95918367346939, 32.95918367346939, 32.9795918367347, 33.0, 32.9795918367347, 33.0, 32.9795918367347, 32.9795918367347, 33.0, 33.0, 33.0, 32.9795918367347, 33.0, 33.0, 33.0, 33.0, 32.9795918367347, 32.9795918367347, 32.95918367346939, 32.93877551020408, 32.93877551020408, 32.9795918367347, 32.95918367346939, 32.95918367346939, 33.0, 33.0, 33.0, 33.0, 33.0, 33.0, 33.0, 32.9795918367347, 32.9795918367347, 32.95918367346939, 32.95918367346939, 32.9795918367347, 33.0, 33.0, 33.0, 33.0, 33.0, 33.0, 33.0, 33.0, 33.0, 33.0, 33.0, 32.9795918367347, 32.9795918367347, 32.9795918367347, 32.9795918367347, 32.9795918367347, 32.9795918367347, 32.9795918367347, 32.9795918367347, 33.0, 33.0, 33.0, 33.0, 32.9795918367347, 32.9795918367347]",0.7092693962136412,0.6699643183779675,33,"[33, 33, 33, 33, 33, 33, 33, 33, 33, 33, 33, 33, 33, 33, 33, 33, 33, 33, 33, 33, 33, 33, 33, 33, 33, 33, 33, 33, 33, 33, 33, 33, 33, 33, 33, 33, 33, 33, 33, 33, 33, 33, 33, 33, 33, 33, 33, 33, 33, 33, 33, 33, 33, 33, 33, 33, 33, 33, 33, 33, 33, 33, 33, 33, 33, 33, 33, 33, 33, 33, 33, 33, 33, 33, 33, 33, 33, 33, 33, 33, 33, 33, 33, 33, 33, 33, 33, 33, 33, 33, 33, 33, 33, 33, 33, 33, 33, 33, 33, 33, 33, 33, 33, 33, 33, 33, 33, 33, 33, 33, 33, 33, 33, 33, 33, 33, 33, 33, 33, 33, 33, 33, 33, 33, 33, 33, 33, 33, 33, 33, 33, 33, 33, 33, 33, 33, 33, 33, 33, 33, 33, 33, 33, 33, 33, 33, 33, 33, 33, 33, 33, 33, 33, 33, 33, 33, 33, 33, 33, 33, 33, 33, 33, 33, 33, 33, 33, 33, 33, 33, 33, 33, 33, 33, 33, 33, 33, 33, 33, 33, 33, 33, 33, 33, 33]",185,"[0.7062389850616455, 0.6899878978729248, 0.674734354019165, 0.6611285209655762, 0.6484304070472717, 0.6372852325439453, 0.6269419193267822, 0.6170166730880737, 0.6080586910247803, 0.6000834107398987, 0.5924082398414612, 0.5858702659606934, 0.5796704292297363, 0.5737232565879822, 0.5683131217956543, 0.5632812976837158, 0.5584328174591064, 0.5538908839225769, 0.5499800443649292, 0.5462970733642578, 0.5429471135139465, 0.539665699005127, 0.5365983247756958, 0.5337106585502625, 0.5308586955070496, 0.52846360206604, 0.5261030197143555, 0.5238221287727356, 0.5218294858932495, 0.5200062990188599, 0.518027663230896, 0.5161030888557434, 0.5143765211105347, 0.512912392616272, 0.5114421844482422, 0.5100229978561401, 0.508543074131012, 0.5072273015975952, 0.5059700608253479, 0.5048955082893372, 0.5038111805915833, 0.502845287322998, 0.50177001953125, 0.5008203387260437, 0.49991345405578613, 0.4988138675689697, 0.49784085154533386, 0.4969722330570221, 0.49605220556259155, 0.49511921405792236, 0.49426499009132385, 0.49353641271591187, 0.492725670337677, 0.4920467734336853, 0.49130335450172424, 0.49051639437675476, 0.4898638129234314, 0.4892748296260834, 0.48860955238342285, 0.4880441725254059, 0.48745518922805786, 0.48691636323928833, 0.48638004064559937, 0.48586413264274597, 0.48531365394592285, 0.48475179076194763, 0.4842079281806946, 0.4837048053741455, 0.483247309923172, 0.4827970266342163, 0.4823317229747772, 0.48187094926834106, 0.48139914870262146, 0.4809293746948242, 0.48059868812561035, 0.480164110660553, 0.47975659370422363, 0.47931107878685, 0.4788762032985687, 0.47841939330101013, 0.47804969549179077, 0.4777233600616455, 0.47739937901496887, 0.4770527184009552, 0.47666722536087036, 0.47628986835479736, 0.4759039580821991, 0.47554075717926025, 0.4752037525177002, 0.47484999895095825, 0.47448694705963135, 0.47417378425598145, 0.4738408029079437, 0.4735281467437744, 0.47321465611457825, 0.4728647470474243, 0.4725201725959778, 0.472172349691391, 0.47186386585235596, 0.4715776741504669, 0.47131526470184326, 0.4709748327732086, 0.47065865993499756, 0.4703325629234314, 0.4700361490249634, 0.46973717212677, 0.4694329798221588, 0.46914687752723694, 0.46883392333984375, 0.46855589747428894, 0.46824535727500916, 0.46797382831573486, 0.4676952064037323, 0.46740227937698364, 0.4671207070350647, 0.4669016897678375, 0.46658772230148315, 0.46630942821502686, 0.46603766083717346, 0.4657709002494812, 0.4655556380748749, 0.4653174579143524, 0.4650532901287079, 0.4647867679595947, 0.4645769000053406, 0.46435004472732544, 0.46406763792037964, 0.46382591128349304, 0.46358758211135864, 0.4633260667324066, 0.4630957841873169, 0.4628475308418274, 0.4625893831253052, 0.46235162019729614, 0.46212220191955566, 0.4618704915046692, 0.4616096019744873, 0.46139395236968994, 0.4611539840698242, 0.46091312170028687, 0.4606839716434479, 0.4604630172252655, 0.4602144956588745, 0.45997264981269836, 0.45973828434944153, 0.4595258831977844, 0.45932474732398987, 0.45909297466278076, 0.4588540196418762, 0.4586719274520874, 0.45849838852882385, 0.45828741788864136, 0.45805275440216064, 0.45785367488861084, 0.45764899253845215, 0.4574246108531952, 0.4572198987007141, 0.45699989795684814, 0.4567806124687195, 0.4565794765949249, 0.456366628408432, 0.45617592334747314, 0.4559585154056549, 0.4557453989982605, 0.4555377960205078, 0.45532435178756714, 0.4551255702972412, 0.4549126923084259, 0.45470455288887024, 0.4545058310031891, 0.45431283116340637, 0.4541105031967163, 0.45391082763671875, 0.4537169933319092, 0.45353129506111145, 0.45334312319755554, 0.4531242251396179, 0.45294445753097534, 0.4527736008167267, 0.452597975730896, 0.452431321144104, 0.4522360861301422, 0.45202186703681946, 0.4518201947212219, 0.4516502320766449]",33.0,"[33.0, 33.0, 33.0, 33.0, 33.0, 33.0, 33.0, 33.0, 33.0, 33.0, 33.0, 33.0, 33.0, 33.0, 33.0, 33.0, 33.0, 33.0, 33.0, 33.0, 33.0, 33.0, 33.0, 33.0, 33.0, 33.0, 33.0, 33.0, 33.0, 33.0, 33.0, 33.0, 33.0, 33.0, 33.0, 33.0, 33.0, 33.0, 33.0, 33.0, 33.0, 33.0, 33.0, 33.0, 33.0, 33.0, 33.0, 33.0, 33.0, 33.0, 33.0, 33.0, 33.0, 33.0, 33.0, 33.0, 33.0, 33.0, 33.0, 33.0, 33.0, 33.0, 33.0, 33.0, 33.0, 33.0, 33.0, 33.0, 33.0, 33.0, 33.0, 33.0, 33.0, 33.0, 33.0, 33.0, 33.0, 33.0, 33.0, 33.0, 33.0, 33.0, 33.0, 33.0, 33.0, 33.0, 33.0, 33.0, 33.0, 33.0, 33.0, 33.0, 33.0, 33.0, 33.0, 33.0, 33.0, 33.0, 33.0, 33.0, 33.0, 33.0, 33.0, 33.0, 33.0, 33.0, 33.0, 33.0, 33.0, 33.0, 33.0, 33.0, 33.0, 33.0, 33.0, 33.0, 33.0, 33.0, 33.0, 33.0, 33.0, 33.0, 33.0, 33.0, 33.0, 33.0, 33.0, 33.0, 33.0, 33.0, 33.0, 33.0, 33.0, 33.0, 33.0, 33.0, 33.0, 33.0, 33.0, 33.0, 33.0, 33.0, 33.0, 33.0, 33.0, 33.0, 33.0, 33.0, 33.0, 33.0, 33.0, 33.0, 33.0, 33.0, 33.0, 33.0, 33.0, 33.0, 33.0, 33.0, 33.0, 33.0, 33.0, 33.0, 33.0, 33.0, 33.0, 33.0, 33.0, 33.0, 33.0, 33.0, 33.0, 33.0, 33.0, 33.0, 33.0, 33.0, 33.0, 33.0, 33.0, 33.0, 33.0, 33.0, 33.0]",COMPLETE
