,number,value,datetime_start,datetime_complete,duration,params_batch_size_scaler,params_constant_learning_rate,params_depth,params_epochs,params_kernel_l2,params_num_trees,params_temperature,user_attrs_accuracy_test,user_attrs_accuracy_valid,user_attrs_approximate_feature_sparsity,user_attrs_approximate_feature_sparsity_history,user_attrs_approximate_weight_sparsity,user_attrs_approximate_weight_sparsity_history,user_attrs_auc_test,user_attrs_auc_valid,user_attrs_feature_sparsity,user_attrs_feature_sparsity_history,user_attrs_num_epochs,user_attrs_val_loss_history,user_attrs_weight_sparsity,user_attrs_weight_sparsity_history,state
145,145,0.9211397508727184,2024-08-31 06:39:36.237801,2024-08-31 06:47:44.196649,0 days 00:08:07.958848,1,0.012064595995455413,5,415,0.4659465302350875,30,0.001142087385264074,0.931,0.9275,33,"[33, 33, 33, 33, 33, 33, 33, 33, 33, 33, 33, 33, 33, 33, 33, 33, 33, 33, 33, 33, 33, 33, 33, 33, 33, 33, 33, 33, 33, 33, 33, 33, 33, 33, 33, 33, 33, 33, 33, 33, 33, 33, 33, 33, 33, 33, 33, 33, 33, 33, 33, 33, 33, 33, 33, 33, 33, 33, 33, 33, 33, 33, 33, 33, 33, 33, 33, 33, 33, 33, 33, 33, 33, 33, 33, 33, 33, 33, 33, 33, 33, 33, 33, 33, 33, 33, 33, 33, 33, 33, 33, 33, 33, 33, 33, 33, 33, 33, 33, 33, 33, 33, 33, 33, 33, 33, 33, 33, 33, 33, 33, 33, 33, 33, 33, 33, 33, 33, 33, 33, 33, 33, 33, 33, 33, 33, 33, 33, 33, 33, 33, 33, 33, 33, 33, 33, 33, 33, 33, 33, 33, 33, 33, 33, 33, 33, 33, 33, 33, 33, 33, 33, 33, 33, 33, 33, 33, 33, 33, 33, 33, 33, 33, 33, 33, 33, 33, 33, 33, 33, 33, 33, 33, 33, 33, 33, 33, 33, 33, 33, 33, 33, 33, 33, 33, 33, 33, 33, 33, 33, 33, 33, 33, 33, 33, 33, 33, 33, 33, 33, 33, 33, 33, 33, 33, 33, 33, 33, 33, 33, 33, 33, 33, 33, 33, 33, 33, 33, 33, 33, 33, 33, 33, 33, 33, 33, 33, 33, 33, 33, 33, 33, 33, 33, 33, 33, 33, 33, 33, 33, 33, 33, 33, 33, 33, 33, 33, 33, 33, 33, 33, 33, 33, 33, 33, 33, 33, 33, 33, 33, 33, 33, 33, 33, 33, 33, 33, 33, 33, 33, 33, 33, 33, 33, 33, 33, 33, 33, 33, 33, 33, 33, 33, 33, 33, 33, 33, 33, 33, 33, 33, 33, 33, 33, 33, 33, 33, 33, 33, 33, 33, 33, 33, 33, 33, 33, 33, 33, 33, 33, 33, 33, 33, 33, 33, 33, 33, 33, 33, 33, 33, 33, 33, 33, 33, 33, 33, 33, 33, 33, 33, 33, 33, 33, 33, 33, 33, 33, 33, 33, 33, 33, 33, 33, 33, 33, 33, 33, 33, 33, 33, 33, 33, 33, 33, 33, 33, 33, 33, 33, 33, 33, 33, 33, 33, 33, 33, 33, 33, 33, 33, 33, 33, 33, 33, 33, 33, 33, 33, 33, 33, 33, 33, 33, 33, 33, 33, 33, 33, 33, 33, 33, 33, 33, 33, 33, 33, 33, 33, 33, 33, 33, 33, 33, 33, 33, 33, 33, 33, 33, 33, 33, 33, 33, 33]",32.91720430107527,"[32.95591397849462, 32.95913978494624, 32.969892473118286, 32.972043010752685, 32.953763440860214, 32.961290322580645, 32.96666666666667, 32.96236559139785, 32.95698924731183, 32.97096774193548, 32.96236559139785, 32.96344086021506, 32.958064516129035, 32.956989247311824, 32.9494623655914, 32.950537634408605, 32.95483870967742, 32.95161290322581, 32.950537634408605, 32.95483870967742, 32.94193548387097, 32.94408602150538, 32.94516129032258, 32.94516129032258, 32.95161290322581, 32.94408602150538, 32.958064516129035, 32.96451612903226, 32.946236559139784, 32.953763440860214, 32.95483870967742, 32.95483870967742, 32.95698924731183, 32.95161290322581, 32.958064516129035, 32.95268817204301, 32.950537634408605, 32.95268817204301, 32.95268817204301, 32.953763440860214, 32.95161290322581, 32.94408602150538, 32.94086021505376, 32.94193548387097, 32.94408602150538, 32.93978494623656, 32.938709677419354, 32.9483870967742, 32.950537634408605, 32.953763440860214, 32.94516129032258, 32.94086021505377, 32.95268817204301, 32.958064516129035, 32.95268817204301, 32.950537634408605, 32.95268817204301, 32.95268817204301, 32.95161290322581, 32.953763440860214, 32.958064516129035, 32.95483870967742, 32.958064516129035, 32.95268817204301, 32.95268817204301, 32.94408602150538, 32.94516129032258, 32.94731182795699, 32.953763440860214, 32.961290322580645, 32.95806451612903, 32.953763440860214, 32.956989247311824, 32.95591397849462, 32.950537634408605, 32.941935483870964, 32.94408602150538, 32.93978494623656, 32.95161290322581, 32.95161290322581, 32.953763440860214, 32.9494623655914, 32.93655913978495, 32.94516129032258, 32.943010752688174, 32.949462365591394, 32.95268817204301, 32.95161290322581, 32.95591397849462, 32.964516129032255, 32.964516129032255, 32.961290322580645, 32.96774193548387, 32.95698924731183, 32.9494623655914, 32.961290322580645, 32.95268817204301, 32.94408602150538, 32.94731182795699, 32.953763440860214, 32.953763440860214, 32.95268817204301, 32.9483870967742, 32.95268817204301, 32.94838709677419, 32.95483870967742, 32.958064516129035, 32.94838709677419, 32.94731182795699, 32.95161290322581, 32.94838709677419, 32.958064516129035, 32.961290322580645, 32.950537634408605, 32.9483870967742, 32.946236559139784, 32.938709677419354, 32.93655913978494, 32.93225806451613, 32.93333333333333, 32.93763440860215, 32.92903225806452, 32.93763440860215, 32.93763440860215, 32.938709677419354, 32.941935483870964, 32.946236559139784, 32.94193548387097, 32.94086021505376, 32.935483870967744, 32.94516129032258, 32.9494623655914, 32.953763440860214, 32.94193548387097, 32.94516129032258, 32.94086021505376, 32.946236559139784, 32.94408602150538, 32.935483870967744, 32.950537634408605, 32.9483870967742, 32.938709677419354, 32.943010752688174, 32.93655913978495, 32.938709677419354, 32.93978494623656, 32.93978494623656, 32.943010752688174, 32.946236559139784, 32.938709677419354, 32.943010752688174, 32.94408602150538, 32.93978494623656, 32.938709677419354, 32.94731182795699, 32.935483870967744, 32.94408602150538, 32.94301075268817, 32.935483870967744, 32.93225806451613, 32.924731182795696, 32.938709677419354, 32.939784946236564, 32.93978494623656, 32.94086021505377, 32.943010752688174, 32.9483870967742, 32.94408602150538, 32.943010752688174, 32.938709677419354, 32.94193548387097, 32.93333333333334, 32.92903225806452, 32.92365591397849, 32.93440860215053, 32.93440860215054, 32.93333333333334, 32.93655913978495, 32.93333333333333, 32.92365591397849, 32.9258064516129, 32.93010752688172, 32.9247311827957, 32.93118279569892, 32.93225806451613, 32.93440860215054, 32.92795698924731, 32.93010752688172, 32.93978494623656, 32.93333333333334, 32.93440860215054, 32.93655913978495, 32.93655913978495, 32.943010752688174, 32.943010752688174, 32.93655913978495, 32.93763440860215, 32.938709677419354, 32.93333333333333, 32.93010752688172, 32.93978494623656, 32.93440860215053, 32.935483870967744, 32.93225806451613, 32.93225806451613, 32.93118279569893, 32.93763440860215, 32.92795698924731, 32.93440860215054, 32.938709677419354, 32.92795698924731, 32.93010752688172, 32.93440860215054, 32.93225806451613, 32.93440860215054, 32.93118279569893, 32.932258064516134, 32.93440860215054, 32.943010752688174, 32.94516129032258, 32.94086021505377, 32.93655913978495, 32.93978494623656, 32.92688172043011, 32.93333333333334, 32.938709677419354, 32.93655913978495, 32.92688172043011, 32.9236559139785, 32.9247311827957, 32.92365591397849, 32.9258064516129, 32.93440860215053, 32.93333333333333, 32.92795698924731, 32.92903225806452, 32.93118279569892, 32.93333333333334, 32.92580645161291, 32.92795698924731, 32.93763440860215, 32.93333333333334, 32.93655913978495, 32.93870967741936, 32.93655913978495, 32.935483870967744, 32.93118279569892, 32.93333333333333, 32.935483870967744, 32.939784946236564, 32.939784946236564, 32.94086021505377, 32.93763440860215, 32.935483870967744, 32.935483870967744, 32.93440860215054, 32.93763440860215, 32.93440860215054, 32.938709677419354, 32.93548387096774, 32.93118279569892, 32.93118279569892, 32.93010752688172, 32.93333333333334, 32.939784946236564, 32.938709677419354, 32.93763440860215, 32.93440860215054, 32.93333333333333, 32.93440860215054, 32.93010752688172, 32.93763440860214, 32.935483870967744, 32.93225806451613, 32.93763440860215, 32.93010752688172, 32.92365591397849, 32.921505376344086, 32.921505376344086, 32.92688172043011, 32.93118279569892, 32.91935483870968, 32.918279569892476, 32.917204301075266, 32.91182795698925, 32.92258064516129, 32.921505376344086, 32.92258064516129, 32.92903225806452, 32.9258064516129, 32.92365591397849, 32.93010752688172, 32.92903225806452, 32.92688172043011, 32.924731182795696, 32.92365591397849, 32.93118279569892, 32.92903225806452, 32.92795698924731, 32.921505376344086, 32.92258064516129, 32.93225806451613, 32.93010752688172, 32.92258064516129, 32.9258064516129, 32.92688172043011, 32.92795698924731, 32.9268817204301, 32.93010752688172, 32.93333333333333, 32.93118279569892, 32.92903225806452, 32.927956989247306, 32.921505376344086, 32.91827956989247, 32.91290322580645, 32.91075268817204, 32.913978494623656, 32.91290322580645, 32.91182795698925, 32.90430107526881, 32.90645161290322, 32.90752688172043, 32.913978494623656, 32.91935483870967, 32.91827956989247, 32.913978494623656, 32.91827956989247, 32.91935483870968, 32.91612903225806, 32.90860215053763, 32.917204301075266, 32.91290322580645, 32.90537634408602, 32.90860215053763, 32.91612903225806, 32.91612903225806, 32.910752688172046, 32.91505376344086, 32.909677419354836, 32.909677419354836, 32.91182795698925, 32.91290322580645, 32.909677419354836, 32.913978494623656, 32.906451612903226, 32.90752688172043, 32.906451612903226, 32.9, 32.90537634408602, 32.90322580645161, 32.898924731182795, 32.902150537634405, 32.897849462365585, 32.898924731182795, 32.89677419354839, 32.90860215053763, 32.90537634408602, 32.90430107526882, 32.90967741935484, 32.909677419354836, 32.906451612903226, 32.90215053763441, 32.902150537634405, 32.91827956989247, 32.913978494623656, 32.91505376344086, 32.91182795698925, 32.90537634408602, 32.90215053763441, 32.89677419354839, 32.898924731182795, 32.898924731182795, 32.89677419354839, 32.89462365591398, 32.89354838709678, 32.89247311827957, 32.88924731182796, 32.88602150537634, 32.894623655913975, 32.89677419354839, 32.91182795698924, 32.90752688172043, 32.90752688172043, 32.90322580645161, 32.90430107526882, 32.90430107526882, 32.895698924731185, 32.895698924731185, 32.89784946236559, 32.89032258064516, 32.89032258064516, 32.88924731182796, 32.88279569892473, 32.88494623655914, 32.883870967741935, 32.88924731182796, 32.89032258064516, 32.89247311827957, 32.88602150537635, 32.888172043010755, 32.88924731182796, 32.9, 32.90322580645161, 32.898924731182795, 32.91075268817204, 32.90860215053763, 32.90430107526882, 32.90860215053763, 32.903225806451616, 32.90215053763441, 32.90752688172043, 32.91505376344086, 32.91505376344086, 32.91720430107527]",0.904259447320404,0.9211397508727184,33,"[33, 33, 33, 33, 33, 33, 33, 33, 33, 33, 33, 33, 33, 33, 33, 33, 33, 33, 33, 33, 33, 33, 33, 33, 33, 33, 33, 33, 33, 33, 33, 33, 33, 33, 33, 33, 33, 33, 33, 33, 33, 33, 33, 33, 33, 33, 33, 33, 33, 33, 33, 33, 33, 33, 33, 33, 33, 33, 33, 33, 33, 33, 33, 33, 33, 33, 33, 33, 33, 33, 33, 33, 33, 33, 33, 33, 33, 33, 33, 33, 33, 33, 33, 33, 33, 33, 33, 33, 33, 33, 33, 33, 33, 33, 33, 33, 33, 33, 33, 33, 33, 33, 33, 33, 33, 33, 33, 33, 33, 33, 33, 33, 33, 33, 33, 33, 33, 33, 33, 33, 33, 33, 33, 33, 33, 33, 33, 33, 33, 33, 33, 33, 33, 33, 33, 33, 33, 33, 33, 33, 33, 33, 33, 33, 33, 33, 33, 33, 33, 33, 33, 33, 33, 33, 33, 33, 33, 33, 33, 33, 33, 33, 33, 33, 33, 33, 33, 33, 33, 33, 33, 33, 33, 33, 33, 33, 33, 33, 33, 33, 33, 33, 33, 33, 33, 33, 33, 33, 33, 33, 33, 33, 33, 33, 33, 33, 33, 33, 33, 33, 33, 33, 33, 33, 33, 33, 33, 33, 33, 33, 33, 33, 33, 33, 33, 33, 33, 33, 33, 33, 33, 33, 33, 33, 33, 33, 33, 33, 33, 33, 33, 33, 33, 33, 33, 33, 33, 33, 33, 33, 33, 33, 33, 33, 33, 33, 33, 33, 33, 33, 33, 33, 33, 33, 33, 33, 33, 33, 33, 33, 33, 33, 33, 33, 33, 33, 33, 33, 33, 33, 33, 33, 33, 33, 33, 33, 33, 33, 33, 33, 33, 33, 33, 33, 33, 33, 33, 33, 33, 33, 33, 33, 33, 33, 33, 33, 33, 33, 33, 33, 33, 33, 33, 33, 33, 33, 33, 33, 33, 33, 33, 33, 33, 33, 33, 33, 33, 33, 33, 33, 33, 33, 33, 33, 33, 33, 33, 33, 33, 33, 33, 33, 33, 33, 33, 33, 33, 33, 33, 33, 33, 33, 33, 33, 33, 33, 33, 33, 33, 33, 33, 33, 33, 33, 33, 33, 33, 33, 33, 33, 33, 33, 33, 33, 33, 33, 33, 33, 33, 33, 33, 33, 33, 33, 33, 33, 33, 33, 33, 33, 33, 33, 33, 33, 33, 33, 33, 33, 33, 33, 33, 33, 33, 33, 33, 33, 33, 33, 33, 33, 33, 33, 33, 33, 33, 33, 33, 33, 33, 33, 33, 33, 33, 33, 33]",415,"[0.462444543838501, 0.4344254732131958, 0.42613857984542847, 0.42146995663642883, 0.4180597960948944, 0.4152247905731201, 0.4127084016799927, 0.4105336368083954, 0.4086320102214813, 0.40686550736427307, 0.40530872344970703, 0.4037816524505615, 0.40246501564979553, 0.40121978521347046, 0.4000552296638489, 0.39896339178085327, 0.3979479968547821, 0.3969694972038269, 0.3960191011428833, 0.3950308859348297, 0.39416152238845825, 0.39328324794769287, 0.3924337327480316, 0.3916751742362976, 0.39083409309387207, 0.3900012969970703, 0.38926100730895996, 0.3884305953979492, 0.3876602053642273, 0.3868807852268219, 0.38616305589675903, 0.3853914737701416, 0.3846675455570221, 0.38387784361839294, 0.38318687677383423, 0.38241198658943176, 0.38166192173957825, 0.3809506893157959, 0.3802371919155121, 0.37949126958847046, 0.37869805097579956, 0.37799832224845886, 0.37728428840637207, 0.3765442371368408, 0.3758389949798584, 0.37513434886932373, 0.37443622946739197, 0.37364113330841064, 0.37295371294021606, 0.37217506766319275, 0.37138259410858154, 0.37069249153137207, 0.3700433373451233, 0.3692569434642792, 0.36847832798957825, 0.3677467107772827, 0.36692315340042114, 0.366252064704895, 0.36545345187187195, 0.3647404611110687, 0.3639965057373047, 0.363239586353302, 0.3625032305717468, 0.36173221468925476, 0.36099886894226074, 0.3602445125579834, 0.3594842851161957, 0.3586832880973816, 0.3578726649284363, 0.3571297824382782, 0.3563769459724426, 0.3555942475795746, 0.35481441020965576, 0.3540315628051758, 0.35319897532463074, 0.35239019989967346, 0.3515894412994385, 0.35079291462898254, 0.3499915599822998, 0.349178671836853, 0.34838658571243286, 0.34755778312683105, 0.3467978239059448, 0.3459942638874054, 0.345136821269989, 0.3443548083305359, 0.3434828817844391, 0.34269505739212036, 0.3418484926223755, 0.3410331606864929, 0.34015968441963196, 0.3393612205982208, 0.338580846786499, 0.3376956284046173, 0.33684590458869934, 0.3360002040863037, 0.3352043032646179, 0.33437827229499817, 0.33351844549179077, 0.33270224928855896, 0.3318920135498047, 0.3309696614742279, 0.3301818370819092, 0.3293222188949585, 0.32849669456481934, 0.3277112543582916, 0.32688888907432556, 0.3260938227176666, 0.32525065541267395, 0.32453179359436035, 0.32373377680778503, 0.3228617012500763, 0.322005957365036, 0.321186363697052, 0.3204822838306427, 0.3197200894355774, 0.31893959641456604, 0.3181375563144684, 0.3174210488796234, 0.31667211651802063, 0.31595510244369507, 0.3152482807636261, 0.31449946761131287, 0.31374961137771606, 0.31304416060447693, 0.31238648295402527, 0.311652809381485, 0.31099453568458557, 0.31029391288757324, 0.30965715646743774, 0.3089877963066101, 0.3083403706550598, 0.30767062306404114, 0.3070346713066101, 0.306376576423645, 0.30579033493995667, 0.3051914572715759, 0.30458739399909973, 0.303968220949173, 0.3033781349658966, 0.30282676219940186, 0.30222803354263306, 0.3016836643218994, 0.30108633637428284, 0.30050963163375854, 0.29994288086891174, 0.2994074821472168, 0.29891109466552734, 0.2984207272529602, 0.2979026138782501, 0.2973509132862091, 0.2968725264072418, 0.29639914631843567, 0.29589253664016724, 0.2953868508338928, 0.2948707342147827, 0.29443907737731934, 0.29402658343315125, 0.29352185130119324, 0.2930300235748291, 0.292638897895813, 0.29212138056755066, 0.29164254665374756, 0.2912175953388214, 0.2907458543777466, 0.2902723252773285, 0.2899080812931061, 0.289507657289505, 0.28907841444015503, 0.28865182399749756, 0.2882594168186188, 0.2878285348415375, 0.2874228060245514, 0.2870354950428009, 0.2865445911884308, 0.28610771894454956, 0.28571832180023193, 0.2853904664516449, 0.2850317060947418, 0.2846388816833496, 0.2842058837413788, 0.28384730219841003, 0.2834480404853821, 0.28312838077545166, 0.2827056646347046, 0.2823639214038849, 0.2819634974002838, 0.28155872225761414, 0.2811569273471832, 0.28080862760543823, 0.2804821729660034, 0.2801467180252075, 0.279771625995636, 0.27945560216903687, 0.2791917324066162, 0.2788056433200836, 0.2784167230129242, 0.27804747223854065, 0.2777503430843353, 0.2773696184158325, 0.27704596519470215, 0.27668479084968567, 0.27637729048728943, 0.27609676122665405, 0.2757798731327057, 0.2753538191318512, 0.27500441670417786, 0.2746420204639435, 0.27426081895828247, 0.2739830017089844, 0.2736995220184326, 0.2733931541442871, 0.2730582058429718, 0.27284008264541626, 0.2726011574268341, 0.2721639573574066, 0.2718554437160492, 0.27148598432540894, 0.2712615132331848, 0.2708906829357147, 0.2705332636833191, 0.27023231983184814, 0.26992371678352356, 0.26972609758377075, 0.2693865895271301, 0.26912328600883484, 0.2688050866127014, 0.26845240592956543, 0.2681828737258911, 0.2679298520088196, 0.2676376700401306, 0.2674536108970642, 0.2670738697052002, 0.26672378182411194, 0.2665492296218872, 0.26617205142974854, 0.2659187316894531, 0.26565587520599365, 0.2653774321079254, 0.26515379548072815, 0.26492464542388916, 0.2646291255950928, 0.2642960548400879, 0.2641856074333191, 0.2638537883758545, 0.26361870765686035, 0.2632862627506256, 0.26307469606399536, 0.2627581059932709, 0.2625681757926941, 0.26227548718452454, 0.2619287967681885, 0.26171034574508667, 0.26139408349990845, 0.26131007075309753, 0.26102036237716675, 0.26071473956108093, 0.26041609048843384, 0.2602004408836365, 0.25982463359832764, 0.2597351372241974, 0.25951632857322693, 0.2592766284942627, 0.2589706480503082, 0.2587704360485077, 0.2584301233291626, 0.2582336962223053, 0.2580092251300812, 0.2578012943267822, 0.2575072646141052, 0.25727978348731995, 0.2571375370025635, 0.25692424178123474, 0.2565767765045166, 0.2564484775066376, 0.2562647759914398, 0.25605034828186035, 0.2558542490005493, 0.25570613145828247, 0.2554395794868469, 0.25509947538375854, 0.2550267279148102, 0.2547672390937805, 0.2545259892940521, 0.2543569505214691, 0.2541016638278961, 0.25390589237213135, 0.2538408935070038, 0.25348368287086487, 0.25326669216156006, 0.25311943888664246, 0.25288236141204834, 0.25257134437561035, 0.25244587659835815, 0.2521906793117523, 0.2520601153373718, 0.2518449127674103, 0.2516688406467438, 0.25159525871276855, 0.251416951417923, 0.25128188729286194, 0.25110501050949097, 0.25082194805145264, 0.2505512833595276, 0.2502942383289337, 0.2500683069229126, 0.25000888109207153, 0.24978496134281158, 0.24962729215621948, 0.24941159784793854, 0.2493303269147873, 0.2491123229265213, 0.24884167313575745, 0.2488231509923935, 0.24849122762680054, 0.24853207170963287, 0.24833276867866516, 0.24799035489559174, 0.24782118201255798, 0.247643381357193, 0.24745100736618042, 0.24717050790786743, 0.2470797598361969, 0.24704551696777344, 0.24702423810958862, 0.2468220591545105, 0.24643617868423462, 0.2461812049150467, 0.245968759059906, 0.24593675136566162, 0.24591025710105896, 0.2456260621547699, 0.24566474556922913, 0.24554871022701263, 0.24528707563877106, 0.24509958922863007, 0.24491365253925323, 0.24463437497615814, 0.24444648623466492, 0.24439121782779694, 0.24416948854923248, 0.24412530660629272, 0.2439756989479065, 0.2437172383069992, 0.243557870388031, 0.24346214532852173, 0.24342262744903564, 0.24303922057151794, 0.24298277497291565, 0.24287034571170807, 0.24267585575580597, 0.2424238622188568, 0.24234658479690552, 0.24218064546585083, 0.24200774729251862, 0.24199312925338745, 0.24190576374530792, 0.24194955825805664, 0.24175605177879333, 0.24158920347690582, 0.24124592542648315, 0.24115505814552307, 0.24119913578033447, 0.2409784495830536, 0.2409517467021942, 0.24072478711605072, 0.2404979169368744, 0.24014519155025482, 0.2402225285768509, 0.24020206928253174, 0.24001674354076385, 0.23975719511508942, 0.23938770592212677, 0.2393283247947693, 0.23920242488384247, 0.2392663210630417, 0.23923562467098236, 0.23923179507255554, 0.23906934261322021, 0.23883004486560822, 0.2387106716632843, 0.23852241039276123, 0.23823635280132294, 0.238130584359169, 0.23810170590877533, 0.2378474771976471, 0.23792077600955963, 0.23781320452690125, 0.23789188265800476, 0.2375771701335907, 0.23731839656829834, 0.23712758719921112, 0.2370433211326599, 0.23705700039863586, 0.23686006665229797, 0.23675109446048737, 0.23665699362754822, 0.23640088737010956, 0.23635338246822357, 0.236332967877388, 0.23616135120391846, 0.23621490597724915, 0.23587527871131897, 0.2359682023525238, 0.23579943180084229, 0.23568949103355408, 0.23558135330677032, 0.23561213910579681, 0.23554620146751404, 0.23522798717021942, 0.23500460386276245, 0.23492808640003204, 0.23478126525878906, 0.2347939908504486, 0.23483425378799438]",33.0,"[33.0, 33.0, 33.0, 33.0, 33.0, 33.0, 33.0, 33.0, 33.0, 33.0, 33.0, 33.0, 33.0, 33.0, 33.0, 33.0, 33.0, 33.0, 33.0, 33.0, 33.0, 33.0, 33.0, 33.0, 33.0, 33.0, 33.0, 33.0, 33.0, 33.0, 33.0, 33.0, 33.0, 33.0, 33.0, 33.0, 33.0, 33.0, 33.0, 33.0, 33.0, 33.0, 33.0, 33.0, 33.0, 33.0, 33.0, 33.0, 33.0, 33.0, 33.0, 33.0, 33.0, 33.0, 33.0, 33.0, 33.0, 33.0, 33.0, 33.0, 33.0, 33.0, 33.0, 33.0, 33.0, 33.0, 33.0, 33.0, 33.0, 33.0, 33.0, 33.0, 33.0, 33.0, 33.0, 33.0, 33.0, 33.0, 33.0, 33.0, 33.0, 33.0, 33.0, 33.0, 33.0, 33.0, 33.0, 33.0, 33.0, 33.0, 33.0, 33.0, 33.0, 33.0, 33.0, 33.0, 33.0, 33.0, 33.0, 33.0, 33.0, 33.0, 33.0, 33.0, 33.0, 33.0, 33.0, 33.0, 33.0, 33.0, 33.0, 33.0, 33.0, 33.0, 33.0, 33.0, 33.0, 33.0, 33.0, 33.0, 33.0, 33.0, 33.0, 33.0, 33.0, 33.0, 33.0, 33.0, 33.0, 33.0, 33.0, 33.0, 33.0, 33.0, 33.0, 33.0, 33.0, 33.0, 33.0, 33.0, 33.0, 33.0, 33.0, 33.0, 33.0, 33.0, 33.0, 33.0, 33.0, 33.0, 33.0, 33.0, 33.0, 33.0, 33.0, 33.0, 33.0, 33.0, 33.0, 33.0, 33.0, 33.0, 33.0, 33.0, 33.0, 33.0, 33.0, 33.0, 33.0, 33.0, 33.0, 33.0, 33.0, 33.0, 33.0, 33.0, 33.0, 33.0, 33.0, 33.0, 33.0, 33.0, 33.0, 33.0, 33.0, 33.0, 33.0, 33.0, 33.0, 33.0, 33.0, 33.0, 33.0, 33.0, 33.0, 33.0, 33.0, 33.0, 33.0, 33.0, 33.0, 33.0, 33.0, 33.0, 33.0, 33.0, 33.0, 33.0, 33.0, 33.0, 33.0, 33.0, 33.0, 33.0, 33.0, 33.0, 33.0, 33.0, 33.0