,number,value,datetime_start,datetime_complete,duration,params_batch_size_scaler,params_constant_learning_rate,params_depth,params_epochs,params_kernel_l2,params_num_trees,params_temperature,user_attrs_accuracy_test,user_attrs_accuracy_valid,user_attrs_approximate_feature_sparsity,user_attrs_approximate_feature_sparsity_history,user_attrs_approximate_weight_sparsity,user_attrs_approximate_weight_sparsity_history,user_attrs_auc_test,user_attrs_auc_valid,user_attrs_feature_sparsity,user_attrs_feature_sparsity_history,user_attrs_num_epochs,user_attrs_val_loss_history,user_attrs_weight_sparsity,user_attrs_weight_sparsity_history,state
37,37,0.5,2024-08-31 02:24:13.446044,2024-08-31 02:24:27.967300,0 days 00:00:14.521256,16,0.13370397278173432,1,155,0.13790368831958189,20,0.02751345615486189,0.859,0.85875,0,"[33, 32, 27, 18, 11, 7, 1, 0, 0, 0, 0, 0, 0, 0, 0, 0, 0, 0, 0, 0, 0, 0, 0, 0, 0, 0, 0, 0, 0, 0, 0, 0, 0, 0, 0, 0, 0, 0, 0, 0, 0, 0, 0, 0, 0, 0, 0, 0, 0, 0, 0, 0, 0, 0, 0, 0, 0, 0, 0, 0, 0, 0, 0, 0, 0, 0, 0, 0, 0, 0, 0, 0, 0, 0, 0, 0, 0, 0, 0, 0, 0, 0, 0, 0, 0, 0, 0, 0, 0, 0, 0, 0, 0, 0, 0, 0, 0, 0, 0, 0, 0, 0, 0, 0, 0, 0, 0, 0, 0, 0, 0, 0, 0, 0, 0, 0, 0, 0, 0, 0, 0, 0, 0, 0, 0, 0, 0, 0, 0, 0, 0, 0, 0, 0, 0, 0, 0, 0, 0, 0, 0, 0, 0, 0, 0, 0, 0, 0, 0, 0, 0, 0, 0, 0, 0]",0.0,"[33.0, 32.0, 27.0, 18.0, 11.0, 7.0, 1.0, 0.0, 0.0, 0.0, 0.0, 0.0, 0.0, 0.0, 0.0, 0.0, 0.0, 0.0, 0.0, 0.0, 0.0, 0.0, 0.0, 0.0, 0.0, 0.0, 0.0, 0.0, 0.0, 0.0, 0.0, 0.0, 0.0, 0.0, 0.0, 0.0, 0.0, 0.0, 0.0, 0.0, 0.0, 0.0, 0.0, 0.0, 0.0, 0.0, 0.0, 0.0, 0.0, 0.0, 0.0, 0.0, 0.0, 0.0, 0.0, 0.0, 0.0, 0.0, 0.0, 0.0, 0.0, 0.0, 0.0, 0.0, 0.0, 0.0, 0.0, 0.0, 0.0, 0.0, 0.0, 0.0, 0.0, 0.0, 0.0, 0.0, 0.0, 0.0, 0.0, 0.0, 0.0, 0.0, 0.0, 0.0, 0.0, 0.0, 0.0, 0.0, 0.0, 0.0, 0.0, 0.0, 0.0, 0.0, 0.0, 0.0, 0.0, 0.0, 0.0, 0.0, 0.0, 0.0, 0.0, 0.0, 0.0, 0.0, 0.0, 0.0, 0.0, 0.0, 0.0, 0.0, 0.0, 0.0, 0.0, 0.0, 0.0, 0.0, 0.0, 0.0, 0.0, 0.0, 0.0, 0.0, 0.0, 0.0, 0.0, 0.0, 0.0, 0.0, 0.0, 0.0, 0.0, 0.0, 0.0, 0.0, 0.0, 0.0, 0.0, 0.0, 0.0, 0.0, 0.0, 0.0, 0.0, 0.0, 0.0, 0.0, 0.0, 0.0, 0.0, 0.0, 0.0, 0.0, 0.0]",0.5,0.5,0,"[33, 32, 27, 18, 11, 7, 1, 0, 0, 0, 0, 0, 0, 0, 0, 0, 0, 0, 0, 0, 0, 0, 0, 0, 0, 0, 0, 0, 0, 0, 0, 0, 0, 0, 0, 0, 0, 0, 0, 0, 0, 0, 0, 0, 0, 0, 0, 0, 0, 0, 0, 0, 0, 0, 0, 0, 0, 0, 0, 0, 0, 0, 0, 0, 0, 0, 0, 0, 0, 0, 0, 0, 0, 0, 0, 0, 0, 0, 0, 0, 0, 0, 0, 0, 0, 0, 0, 0, 0, 0, 0, 0, 0, 0, 0, 0, 0, 0, 0, 0, 0, 0, 0, 0, 0, 0, 0, 0, 0, 0, 0, 0, 0, 0, 0, 0, 0, 0, 0, 0, 0, 0, 0, 0, 0, 0, 0, 0, 0, 0, 0, 0, 0, 0, 0, 0, 0, 0, 0, 0, 0, 0, 0, 0, 0, 0, 0, 0, 0, 0, 0, 0, 0, 0, 0]",155,"[0.5848478078842163, 0.5679547786712646, 0.5316314697265625, 0.48775824904441833, 0.4537550210952759, 0.42859962582588196, 0.41257530450820923, 0.4079552888870239, 0.40834057331085205, 0.4072283208370209, 0.4093485176563263, 0.40778300166130066, 0.40734928846359253, 0.4073319733142853, 0.40766945481300354, 0.4077683687210083, 0.40729770064353943, 0.4075784385204315, 0.4072270691394806, 0.4072263836860657, 0.4078846871852875, 0.40723717212677, 0.40724262595176697, 0.407786101102829, 0.4072519540786743, 0.4072366952896118, 0.40758025646209717, 0.4074903130531311, 0.4075576066970825, 0.40763476490974426, 0.4088735580444336, 0.40741658210754395, 0.4072268307209015, 0.4074932336807251, 0.40752577781677246, 0.40738293528556824, 0.408685564994812, 0.4079621136188507, 0.407434344291687, 0.40826180577278137, 0.4073333442211151, 0.40749165415763855, 0.40756866335868835, 0.4082757830619812, 0.4078364074230194, 0.4072801470756531, 0.4072569012641907, 0.40722617506980896, 0.40731751918792725, 0.4072704315185547, 0.4072793126106262, 0.40726521611213684, 0.4072705805301666, 0.40734630823135376, 0.4086700677871704, 0.40803417563438416, 0.40740954875946045, 0.40723761916160583, 0.40722694993019104, 0.40725162625312805, 0.4076184332370758, 0.4078749418258667, 0.40742242336273193, 0.40737420320510864, 0.4086512625217438, 0.4076896011829376, 0.40846511721611023, 0.4072956144809723, 0.4072631001472473, 0.4100310206413269, 0.4073576033115387, 0.4072675406932831, 0.4072742462158203, 0.40854838490486145, 0.4073610007762909, 0.40972018241882324, 0.4073576033115387, 0.40790531039237976, 0.40895313024520874, 0.40735992789268494, 0.4072408974170685, 0.40794163942337036, 0.4072268307209015, 0.4072444438934326, 0.4072265625, 0.407673716545105, 0.4072268307209015, 0.40737760066986084, 0.40822574496269226, 0.4083663523197174, 0.40723538398742676, 0.4072972536087036, 0.40727898478507996, 0.4086994230747223, 0.4076986312866211, 0.4072287082672119, 0.40744832158088684, 0.4077840745449066, 0.40780723094940186, 0.4072677195072174, 0.40745532512664795, 0.40724867582321167, 0.40791016817092896, 0.40723326802253723, 0.40760576725006104, 0.4072539210319519, 0.40737584233283997, 0.4074726402759552, 0.40722787380218506, 0.4075254201889038, 0.4072590172290802, 0.4073182940483093, 0.4072769582271576, 0.4076809287071228, 0.40794456005096436, 0.4076564908027649, 0.4076988101005554, 0.4072761535644531, 0.4074861407279968, 0.4085308015346527, 0.40766894817352295, 0.4072650671005249, 0.4076586067676544, 0.4077373743057251, 0.4073418378829956, 0.4079301953315735, 0.40873557329177856, 0.40859660506248474, 0.40741825103759766, 0.4072263836860657, 0.4074755609035492, 0.4073828160762787, 0.4072776138782501, 0.4079807996749878, 0.4072280824184418, 0.40834954380989075, 0.4072786569595337, 0.4080095589160919, 0.40786924958229065, 0.4082092344760895, 0.40743517875671387, 0.40730294585227966, 0.4082264006137848, 0.40741878747940063, 0.4077656865119934, 0.40730521082878113, 0.40733474493026733, 0.40793612599372864, 0.4079782962799072, 0.4086509048938751, 0.4072411358356476, 0.4104326367378235, 0.40779560804367065, 0.40727493166923523, 0.40742698311805725]",0.0,"[33.0, 32.0, 27.0, 18.0, 11.0, 7.0, 1.0, 0.0, 0.0, 0.0, 0.0, 0.0, 0.0, 0.0, 0.0, 0.0, 0.0, 0.0, 0.0, 0.0, 0.0, 0.0, 0.0, 0.0, 0.0, 0.0, 0.0, 0.0, 0.0, 0.0, 0.0, 0.0, 0.0, 0.0, 0.0, 0.0, 0.0, 0.0, 0.0, 0.0, 0.0, 0.0, 0.0, 0.0, 0.0, 0.0, 0.0, 0.0, 0.0, 0.0, 0.0, 0.0, 0.0, 0.0, 0.0, 0.0, 0.0, 0.0, 0.0, 0.0, 0.0, 0.0, 0.0, 0.0, 0.0, 0.0, 0.0, 0.0, 0.0, 0.0, 0.0, 0.0, 0.0, 0.0, 0.0, 0.0, 0.0, 0.0, 0.0, 0.0, 0.0, 0.0, 0.0, 0.0, 0.0, 0.0, 0.0, 0.0, 0.0, 0.0, 0.0, 0.0, 0.0, 0.0, 0.0, 0.0, 0.0, 0.0, 0.0, 0.0, 0.0, 0.0, 0.0, 0.0, 0.0, 0.0, 0.0, 0.0, 0.0, 0.0, 0.0, 0.0, 0.0, 0.0, 0.0, 0.0, 0.0, 0.0, 0.0, 0.0, 0.0, 0.0, 0.0, 0.0, 0.0, 0.0, 0.0, 0.0, 0.0, 0.0, 0.0, 0.0, 0.0, 0.0, 0.0, 0.0, 0.0, 0.0, 0.0, 0.0, 0.0, 0.0, 0.0, 0.0, 0.0, 0.0, 0.0, 0.0, 0.0, 0.0, 0.0, 0.0, 0.0, 0.0, 0.0]",COMPLETE
38,38,0.6566706599167857,2024-08-31 02:24:28.816193,2024-08-31 02:24:51.249495,0 days 00:00:22.433302,64,0.019421022908242578,5,70,0.006307796559090268,17,0.02567601480169926,0.859,0.85875,33,"[33, 33, 33, 33, 33, 33, 33, 33, 33, 33, 33, 33, 33, 33, 33, 33, 33, 33, 33, 33, 33, 33, 33, 33, 33, 33, 33, 33, 33, 33, 33, 33, 33, 33, 33, 33, 33, 33, 33, 33, 33, 33, 33, 33, 33, 33, 33, 33, 33, 33, 33, 33, 33, 33, 33, 33, 33, 33, 33, 33, 33, 33, 33, 33, 33, 33, 33, 33, 33, 33]",32.97343453510437,"[32.96774193548387, 32.977229601518026, 32.98102466793169, 32.977229601518026, 32.9753320683112, 32.97343453510437, 32.98102466793169, 32.979127134724855, 32.97912713472486, 32.9753320683112, 32.97343453510436, 32.9696394686907, 32.96204933586338, 32.96584440227704, 32.963946869070206, 32.96584440227704, 32.97343453510436, 32.9696394686907, 32.96774193548387, 32.97343453510436, 32.9696394686907, 32.9696394686907, 32.96015180265655, 32.95825426944972, 32.963946869070206, 32.97153700189753, 32.96774193548387, 32.96774193548387, 32.9696394686907, 32.9696394686907, 32.96774193548387, 32.9753320683112, 32.9753320683112, 32.97153700189754, 32.977229601518026, 32.979127134724855, 32.979127134724855, 32.98102466793169, 32.98292220113852, 32.98292220113852, 32.98292220113852, 32.977229601518026, 32.977229601518026, 32.9696394686907, 32.977229601518026, 32.98102466793169, 32.98292220113852, 32.98102466793169, 32.98102466793169, 32.977229601518026, 32.97153700189753, 32.97153700189753, 32.979127134724855, 32.977229601518026, 32.977229601518026, 32.98481973434535, 32.98481973434535, 32.98292220113852, 32.979127134724855, 32.98671726755218, 32.98481973434535, 32.98481973434535, 32.98481973434535, 32.979127134724855, 32.97343453510436, 32.9753320683112, 32.9753320683112, 32.977229601518026, 32.977229601518026, 32.97343453510437]",0.7158249325043966,0.6566706599167857,33,"[33, 33, 33, 33, 33, 33, 33, 33, 33, 33, 33, 33, 33, 33, 33, 33, 33, 33, 33, 33, 33, 33, 33, 33, 33, 33, 33, 33, 33, 33, 33, 33, 33, 33, 33, 33, 33, 33, 33, 33, 33, 33, 33, 33, 33, 33, 33, 33, 33, 33, 33, 33, 33, 33, 33, 33, 33, 33, 33, 33, 33, 33, 33, 33, 33, 33, 33, 33, 33, 33]",70,"[0.6140429377555847, 0.6041144728660583, 0.5945752859115601, 0.5854250192642212, 0.5768989324569702, 0.5687095522880554, 0.5613172054290771, 0.554348349571228, 0.5474274158477783, 0.5409584641456604, 0.5350475907325745, 0.5291374921798706, 0.5235751867294312, 0.5181583762168884, 0.5130098462104797, 0.5083626508712769, 0.5035557150840759, 0.499157190322876, 0.49513569474220276, 0.4910644590854645, 0.48733460903167725, 0.4838746190071106, 0.48041048645973206, 0.4770129919052124, 0.47386634349823, 0.47087857127189636, 0.468094140291214, 0.46518391370773315, 0.46263962984085083, 0.4601139724254608, 0.4577369689941406, 0.45553818345069885, 0.453374445438385, 0.45118430256843567, 0.44924938678741455, 0.4475000500679016, 0.4457298219203949, 0.44398653507232666, 0.4423336684703827, 0.44068753719329834, 0.43917596340179443, 0.43767470121383667, 0.4362480640411377, 0.4346201419830322, 0.43319398164749146, 0.43196403980255127, 0.43060681223869324, 0.4293474555015564, 0.42818814516067505, 0.4271153509616852, 0.42612066864967346, 0.42511337995529175, 0.4243651330471039, 0.42332735657691956, 0.42226263880729675, 0.421406090259552, 0.4205280542373657, 0.41964682936668396, 0.41885149478912354, 0.41808709502220154, 0.4173860549926758, 0.4166036546230316, 0.41591107845306396, 0.4151880145072937, 0.41449931263923645, 0.4138575494289398, 0.41325363516807556, 0.41264408826828003, 0.41213271021842957, 0.4115472733974457]",33.0,"[33.0, 33.0, 33.0, 33.0, 33.0, 33.0, 33.0, 33.0, 33.0, 33.0, 33.0, 33.0, 33.0, 33.0, 33.0, 33.0, 33.0, 33.0, 33.0, 33.0, 33.0, 33.0, 33.0, 33.0, 33.0, 33.0, 33.0, 33.0, 33.0, 33.0, 33.0, 33.0, 33.0, 33.0, 33.0, 33.0, 33.0, 33.0, 33.0, 33.0, 33.0, 33.0, 33.0, 33.0, 33.0, 33.0, 33.0, 33.0, 33.0, 33.0, 33.0, 33.0, 33.0, 33.0, 33.0, 33.0, 33.0, 33.0, 33.0, 33.0, 33.0, 33.0, 33.0, 33.0, 33.0, 33.0, 33.0, 33.0, 33.0, 33.0]",COMPLETE
39,39,0.6939753449008772,2024-08-31 02:24:51.960765,2024-08-31 02:25:17.013105,0 days 00:00:25.052340,4,0.05574460811048469,6,10,0.0018832554648078562,29,0.0010559172321801464,0.859,0.85875,33,"[33, 33, 33, 33, 33, 33, 33, 33, 33, 33]",32.94088669950739,"[32.93377120963328, 32.92993979200875, 32.93705528188287, 32.93267651888342, 32.93979200875752, 32.93979200875752, 32.93979200875753, 32.934865900383144, 32.941981390257254, 32.94088669950739]",0.7326513594068643,0.6939753449008772,33,"[33, 33, 33, 33, 33, 33, 33, 33, 33, 33]",10,"[0.46974873542785645, 0.4212310016155243, 0.4044261574745178, 0.39666667580604553, 0.39232689142227173, 0.3892967998981476, 0.3869486153125763, 0.38491538166999817, 0.3831619918346405, 0.38157662749290466]",33.0,"[33.0, 33.0, 33.0, 33.0, 33.0, 33.0, 33.0, 33.0, 33.0, 33.0]",COMPLETE
