,number,value,datetime_start,datetime_complete,duration,params_batch_size_scaler,params_constant_learning_rate,params_depth,params_epochs,params_kernel_l2,params_num_trees,params_temperature,user_attrs_accuracy_test,user_attrs_accuracy_valid,user_attrs_approximate_feature_sparsity,user_attrs_approximate_feature_sparsity_history,user_attrs_approximate_weight_sparsity,user_attrs_approximate_weight_sparsity_history,user_attrs_auc_test,user_attrs_auc_valid,user_attrs_feature_sparsity,user_attrs_feature_sparsity_history,user_attrs_num_epochs,user_attrs_val_loss_history,user_attrs_weight_sparsity,user_attrs_weight_sparsity_history,state
92,92,0.7286264507735313,2024-08-31 04:13:30.786636,2024-08-31 04:14:16.183301,0 days 00:00:45.396665,16,0.03276536309899348,3,110,0.0792156416443279,48,0.00378688050768659,0.874,0.86875,33,"[33, 33, 33, 33, 33, 33, 33, 33, 33, 33, 33, 33, 33, 33, 33, 33, 33, 33, 33, 33, 33, 33, 33, 33, 33, 33, 33, 33, 33, 33, 33, 33, 33, 33, 33, 33, 33, 33, 33, 33, 33, 33, 33, 33, 33, 33, 33, 33, 33, 33, 33, 33, 33, 33, 33, 33, 33, 33, 33, 33, 33, 33, 33, 33, 33, 33, 33, 33, 33, 33, 33, 33, 33, 33, 33, 33, 33, 33, 33, 33, 33, 33, 33, 33, 33, 33, 33, 33, 33, 33, 33, 33, 33, 33, 33, 33, 33, 33, 33, 33, 33, 33, 33, 33, 33, 33, 33, 33, 33, 33]",32.970238095238095,"[32.979166666666664, 32.973214285714285, 32.964285714285715, 32.95535714285714, 32.973214285714285, 32.976190476190474, 32.958333333333336, 32.961309523809526, 32.976190476190474, 32.973214285714285, 32.973214285714285, 32.973214285714285, 32.98511904761905, 32.964285714285715, 32.967261904761905, 32.967261904761905, 32.967261904761905, 32.973214285714285, 32.967261904761905, 32.970238095238095, 32.961309523809526, 32.96130952380952, 32.961309523809526, 32.94940476190476, 32.961309523809526, 32.967261904761905, 32.973214285714285, 32.970238095238095, 32.973214285714285, 32.970238095238095, 32.970238095238095, 32.982142857142854, 32.98214285714286, 32.973214285714285, 32.967261904761905, 32.964285714285715, 32.967261904761905, 32.958333333333336, 32.964285714285715, 32.964285714285715, 32.9672619047619, 32.976190476190474, 32.970238095238095, 32.973214285714285, 32.970238095238095, 32.973214285714285, 32.967261904761905, 32.973214285714285, 32.979166666666664, 32.976190476190474, 32.96130952380952, 32.970238095238095, 32.96428571428571, 32.970238095238095, 32.967261904761905, 32.970238095238095, 32.970238095238095, 32.96130952380952, 32.94940476190476, 32.949404761904766, 32.961309523809526, 32.967261904761905, 32.961309523809526, 32.964285714285715, 32.961309523809526, 32.967261904761905, 32.967261904761905, 32.973214285714285, 32.970238095238095, 32.970238095238095, 32.970238095238095, 32.96428571428571, 32.973214285714285, 32.976190476190474, 32.973214285714285, 32.976190476190474, 32.976190476190474, 32.970238095238095, 32.967261904761905, 32.958333333333336, 32.958333333333336, 32.964285714285715, 32.955357142857146, 32.955357142857146, 32.961309523809526, 32.970238095238095, 32.964285714285715, 32.970238095238095, 32.973214285714285, 32.9672619047619, 32.976190476190474, 32.976190476190474, 32.973214285714285, 32.979166666666664, 32.982142857142854, 32.979166666666664, 32.979166666666664, 32.973214285714285, 32.976190476190474, 32.976190476190474, 32.973214285714285, 32.976190476190474, 32.98214285714286, 32.976190476190474, 32.970238095238095, 32.973214285714285, 32.979166666666664, 32.979166666666664, 32.976190476190474, 32.970238095238095]",0.7621925544299408,0.7286264507735313,33,"[33, 33, 33, 33, 33, 33, 33, 33, 33, 33, 33, 33, 33, 33, 33, 33, 33, 33, 33, 33, 33, 33, 33, 33, 33, 33, 33, 33, 33, 33, 33, 33, 33, 33, 33, 33, 33, 33, 33, 33, 33, 33, 33, 33, 33, 33, 33, 33, 33, 33, 33, 33, 33, 33, 33, 33, 33, 33, 33, 33, 33, 33, 33, 33, 33, 33, 33, 33, 33, 33, 33, 33, 33, 33, 33, 33, 33, 33, 33, 33, 33, 33, 33, 33, 33, 33, 33, 33, 33, 33, 33, 33, 33, 33, 33, 33, 33, 33, 33, 33, 33, 33, 33, 33, 33, 33, 33, 33, 33, 33]",110,"[0.4524187445640564, 0.4270939230918884, 0.42020800709724426, 0.4174655079841614, 0.41526809334754944, 0.4134347140789032, 0.4117051362991333, 0.41010016202926636, 0.4086211919784546, 0.4072518050670624, 0.40594223141670227, 0.40466293692588806, 0.40347206592559814, 0.4023248553276062, 0.4012247323989868, 0.4001999795436859, 0.39923587441444397, 0.3983979821205139, 0.3974876403808594, 0.3967020511627197, 0.395904004573822, 0.39514634013175964, 0.39444246888160706, 0.39381149411201477, 0.3931318521499634, 0.39245474338531494, 0.3918372392654419, 0.391243577003479, 0.3907689154148102, 0.39025384187698364, 0.3897145390510559, 0.3892081379890442, 0.3887876272201538, 0.388344943523407, 0.38780707120895386, 0.3873210847377777, 0.3869158625602722, 0.386506587266922, 0.3861190676689148, 0.38570114970207214, 0.3852604925632477, 0.3848823606967926, 0.38457193970680237, 0.3841754198074341, 0.3838256001472473, 0.3835016191005707, 0.3831734359264374, 0.382826030254364, 0.3825870454311371, 0.3821732699871063, 0.38188639283180237, 0.38162651658058167, 0.3812881112098694, 0.3810253441333771, 0.3806735873222351, 0.38035666942596436, 0.3800960183143616, 0.3798235058784485, 0.3794979453086853, 0.3792186975479126, 0.3789363503456116, 0.37866342067718506, 0.3783961832523346, 0.3781265318393707, 0.37790244817733765, 0.37755221128463745, 0.37740540504455566, 0.3770768642425537, 0.37681475281715393, 0.37655845284461975, 0.3763023614883423, 0.3760403096675873, 0.37586700916290283, 0.3755708634853363, 0.37534964084625244, 0.3750866949558258, 0.374858021736145, 0.3746197521686554, 0.3743174374103546, 0.3741321861743927, 0.3738255798816681, 0.3735601007938385, 0.37338051199913025, 0.37315574288368225, 0.3728519380092621, 0.3726418614387512, 0.3723801374435425, 0.3721544146537781, 0.37185734510421753, 0.3715827167034149, 0.3713894188404083, 0.37118640542030334, 0.37089523673057556, 0.37065503001213074, 0.37040579319000244, 0.3702029287815094, 0.36993712186813354, 0.36967071890830994, 0.36941424012184143, 0.36915042996406555, 0.36889323592185974, 0.3686506152153015, 0.36840304732322693, 0.3682011663913727, 0.36800578236579895, 0.3677656948566437, 0.36750170588493347, 0.367264986038208, 0.3670494854450226, 0.36682936549186707]",33.0,"[33.0, 33.0, 33.0, 33.0, 33.0, 33.0, 33.0, 33.0, 33.0, 33.0, 33.0, 33.0, 33.0, 33.0, 33.0, 33.0, 33.0, 33.0, 33.0, 33.0, 33.0, 33.0, 33.0, 33.0, 33.0, 33.0, 33.0, 33.0, 33.0, 33.0, 33.0, 33.0, 33.0, 33.0, 33.0, 33.0, 33.0, 33.0, 33.0, 33.0, 33.0, 33.0, 33.0, 33.0, 33.0, 33.0, 33.0, 33.0, 33.0, 33.0, 33.0, 33.0, 33.0, 33.0, 33.0, 33.0, 33.0, 33.0, 33.0, 33.0, 33.0, 33.0, 33.0, 33.0, 33.0, 33.0, 33.0, 33.0, 33.0, 33.0, 33.0, 33.0, 33.0, 33.0, 33.0, 33.0, 33.0, 33.0, 33.0, 33.0, 33.0, 33.0, 33.0, 33.0, 33.0, 33.0, 33.0, 33.0, 33.0, 33.0, 33.0, 33.0, 33.0, 33.0, 33.0, 33.0, 33.0, 33.0, 33.0, 33.0, 33.0, 33.0, 33.0, 33.0, 33.0, 33.0, 33.0, 33.0, 33.0, 33.0]",COMPLETE
