,number,value,datetime_start,datetime_complete,duration,params_batch_size_scaler,params_constant_learning_rate,params_depth,params_epochs,params_kernel_l2,params_num_trees,params_temperature,user_attrs_accuracy_test,user_attrs_accuracy_valid,user_attrs_approximate_feature_sparsity,user_attrs_approximate_feature_sparsity_history,user_attrs_approximate_weight_sparsity,user_attrs_approximate_weight_sparsity_history,user_attrs_auc_test,user_attrs_auc_valid,user_attrs_feature_sparsity,user_attrs_feature_sparsity_history,user_attrs_num_epochs,user_attrs_val_loss_history,user_attrs_weight_sparsity,user_attrs_weight_sparsity_history,state
3,3,0.9259574139196969,2024-08-31 00:54:22.654244,2024-08-31 00:56:03.298500,0 days 00:01:40.644256,16,0.32787640155411385,5,295,0.0030682856964744684,39,0.012654851109024779,0.941,0.94375,22,"[33, 33, 33, 33, 33, 33, 33, 33, 33, 33, 33, 33, 33, 33, 33, 33, 33, 32, 30, 30, 30, 28, 27, 26, 26, 26, 25, 25, 25, 25, 25, 24, 24, 24, 24, 24, 23, 23, 23, 23, 23, 23, 23, 23, 23, 23, 23, 23, 23, 23, 23, 23, 23, 23, 23, 23, 23, 23, 22, 22, 22, 22, 22, 22, 22, 22, 22, 22, 22, 22, 22, 22, 22, 22, 22, 22, 22, 22, 22, 22, 22, 22, 22, 22, 22, 22, 22, 22, 22, 22, 22, 22, 22, 22, 22, 22, 22, 22, 22, 22, 22, 22, 22, 22, 22, 22, 22, 22, 22, 22, 22, 22, 22, 22, 22, 22, 22, 22, 22, 22, 22, 22, 22, 22, 22, 22, 22, 22, 22, 22, 22, 22, 22, 22, 22, 22, 22, 22, 22, 22, 22, 22, 22, 22, 22, 22, 22, 22, 22, 22, 22, 22, 22, 22, 22, 22, 22, 22, 22, 22, 22, 22, 22, 22, 22, 22, 22, 22, 22, 22, 22, 22, 22, 22, 22, 22, 22, 22, 22, 22, 22, 22, 22, 22, 22, 22, 22, 22, 22, 22, 22, 22, 22, 22, 22, 22, 22, 22, 22, 22, 22, 22, 22, 22, 22, 22, 22, 22, 22, 22, 22, 22, 22, 22, 22, 22, 22, 22, 22, 22, 22, 22, 22, 22, 22, 22, 22, 22, 22, 22, 22, 22, 22, 22, 22, 22, 22, 22, 22, 22, 22, 22, 22, 22, 22, 22, 22, 22, 22, 22, 22, 22, 22, 22, 22, 22, 22, 22, 22, 22, 22, 22, 22, 22, 22, 22, 22, 22, 22, 22, 22, 22, 22, 22, 22, 22, 22, 22, 22, 22, 22, 22, 22, 22, 22, 22, 22, 22, 22, 22, 22, 22, 22, 22, 22]",21.961952026468154,"[32.9520264681555, 32.95450785773367, 32.94458229942101, 32.95781637717121, 32.9586435070306, 32.955334987593055, 32.96360628618693, 32.9520264681555, 32.951199338296114, 32.94375516956162, 32.951199338296114, 32.94871794871795, 32.95368072787428, 32.95450785773367, 32.951199338296114, 32.956989247311824, 32.956989247311824, 31.96360628618693, 29.96443341604632, 29.96443341604632, 29.960297766749378, 27.96443341604632, 26.962779156327542, 25.96360628618693, 25.972704714640198, 25.966914805624484, 24.972704714640198, 24.970223325062033, 24.967741935483872, 24.968569065343257, 24.975186104218363, 23.97187758478081, 23.965260545905707, 23.972704714640198, 23.968569065343257, 23.96856906534326, 22.96774193548387, 22.97105045492142, 22.976840363937136, 22.974358974358974, 22.975186104218363, 22.973531844499586, 22.969396195202645, 22.97105045492142, 22.978494623655916, 22.97601323407775, 22.974358974358974, 22.97187758478081, 22.9793217535153, 22.980976013234077, 22.981803143093465, 22.982630272952854, 22.97518610421836, 22.97601323407775, 22.96939619520265, 22.969396195202645, 22.980976013234077, 22.976013234077747, 21.976013234077747, 21.978494623655912, 21.9793217535153, 21.97518610421836, 21.976840363937136, 21.970223325062037, 21.96856906534326, 21.966914805624484, 21.965260545905707, 21.966087675765095, 21.96360628618693, 21.967741935483872, 21.962779156327542, 21.96360628618693, 21.96360628618693, 21.9586435070306, 21.956989247311828, 21.96443341604632, 21.969396195202645, 21.96443341604632, 21.966087675765095, 21.96774193548387, 21.965260545905707, 21.96939619520265, 21.962779156327542, 21.971877584780813, 21.967741935483872, 21.971050454921425, 21.970223325062037, 21.96856906534326, 21.97105045492142, 21.97105045492142, 21.976013234077747, 21.97105045492142, 21.977667493796524, 21.972704714640198, 21.9793217535153, 21.97601323407775, 21.973531844499583, 21.977667493796528, 21.97518610421836, 21.971877584780813, 21.971877584780813, 21.97187758478081, 21.970223325062033, 21.972704714640194, 21.976840363937136, 21.96856906534326, 21.978494623655912, 21.973531844499586, 21.971877584780806, 21.966087675765095, 21.971050454921425, 21.967741935483872, 21.97518610421836, 21.97684036393714, 21.972704714640198, 21.966087675765095, 21.962779156327542, 21.970223325062033, 21.970223325062033, 21.970223325062033, 21.96856906534326, 21.966087675765095, 21.966914805624484, 21.96856906534326, 21.969396195202645, 21.973531844499586, 21.9727047146402, 21.97684036393714, 21.975186104218363, 21.970223325062037, 21.96939619520265, 21.96939619520265, 21.97105045492142, 21.96774193548387, 21.971050454921418, 21.966914805624484, 21.961124896608766, 21.967741935483872, 21.969396195202645, 21.970223325062033, 21.966087675765095, 21.966914805624484, 21.96443341604632, 21.97684036393714, 21.97353184449959, 21.976013234077747, 21.973531844499586, 21.970223325062037, 21.97353184449959, 21.96856906534326, 21.97518610421836, 21.977667493796524, 21.977667493796524, 21.97518610421836, 21.973531844499586, 21.976013234077747, 21.97518610421836, 21.969396195202645, 21.971050454921425, 21.971877584780813, 21.97601323407775, 21.966087675765095, 21.966087675765095, 21.96360628618693, 21.970223325062037, 21.97187758478081, 21.975186104218363, 21.974358974358974, 21.977667493796524, 21.97684036393714, 21.975186104218363, 21.970223325062033, 21.97187758478081, 21.970223325062033, 21.970223325062033, 21.98014888337469, 21.97518610421836, 21.96360628618693, 21.96360628618693, 21.96856906534326, 21.967741935483872, 21.967741935483872, 21.9727047146402, 21.967741935483872, 21.970223325062037, 21.973531844499586, 21.9727047146402, 21.972704714640198, 21.97601323407775, 21.97105045492142, 21.977667493796528, 21.97105045492142, 21.97105045492142, 21.96939619520265, 21.965260545905707, 21.967741935483872, 21.967741935483872, 21.973531844499586, 21.971050454921425, 21.978494623655916, 21.97187758478081, 21.970223325062037, 21.97435897435897, 21.976840363937136, 21.976013234077747, 21.96939619520265, 21.970223325062037, 21.973531844499586, 21.971050454921425, 21.967741935483872, 21.965260545905707, 21.96856906534326, 21.966914805624484, 21.97105045492142, 21.97105045492142, 21.97105045492142, 21.969396195202645, 21.971050454921418, 21.96856906534326, 21.969396195202645, 21.972704714640198, 21.97435897435897, 21.976013234077747, 21.97105045492142, 21.970223325062037, 21.972704714640198, 21.970223325062037, 21.966914805624484, 21.965260545905704, 21.97187758478081, 21.973531844499586, 21.975186104218363, 21.97684036393714, 21.976013234077747, 21.974358974358974, 21.97105045492142, 21.972704714640198, 21.96856906534326, 21.970223325062033, 21.968569065343257, 21.97105045492142, 21.972704714640198, 21.973531844499586, 21.975186104218363, 21.977667493796528, 21.97187758478081, 21.96443341604632, 21.966087675765095, 21.961124896608766, 21.96360628618693, 21.965260545905707, 21.966087675765095, 21.961952026468154, 21.970223325062037, 21.97518610421836, 21.97187758478081, 21.97105045492142, 21.97187758478081, 21.978494623655912, 21.973531844499586, 21.97187758478081, 21.974358974358974, 21.977667493796524, 21.972704714640198, 21.96939619520265, 21.970223325062033, 21.971050454921425, 21.966914805624484, 21.961952026468154, 21.96939619520265, 21.967741935483872, 21.97435897435897, 21.97105045492142, 21.969396195202645, 21.966914805624484, 21.97105045492142, 21.970223325062037, 21.96774193548387, 21.966914805624484, 21.960297766749378, 21.96856906534326, 21.970223325062033, 21.970223325062033, 21.966914805624484, 21.966914805624484, 21.96856906534326, 21.966914805624484, 21.961124896608766, 21.961124896608766, 21.961952026468154, 21.95947063688999, 21.95947063688999, 21.95947063688999, 21.961952026468154, 21.961952026468154]",0.9103278593779671,0.9259574139196969,22,"[33, 33, 33, 33, 33, 33, 33, 33, 33, 33, 33, 33, 33, 33, 33, 33, 33, 32, 30, 30, 30, 28, 27, 26, 26, 26, 25, 25, 25, 25, 25, 24, 24, 24, 24, 24, 23, 23, 23, 23, 23, 23, 23, 23, 23, 23, 23, 23, 23, 23, 23, 23, 23, 23, 23, 23, 23, 23, 22, 22, 22, 22, 22, 22, 22, 22, 22, 22, 22, 22, 22, 22, 22, 22, 22, 22, 22, 22, 22, 22, 22, 22, 22, 22, 22, 22, 22, 22, 22, 22, 22, 22, 22, 22, 22, 22, 22, 22, 22, 22, 22, 22, 22, 22, 22, 22, 22, 22, 22, 22, 22, 22, 22, 22, 22, 22, 22, 22, 22, 22, 22, 22, 22, 22, 22, 22, 22, 22, 22, 22, 22, 22, 22, 22, 22, 22, 22, 22, 22, 22, 22, 22, 22, 22, 22, 22, 22, 22, 22, 22, 22, 22, 22, 22, 22, 22, 22, 22, 22, 22, 22, 22, 22, 22, 22, 22, 22, 22, 22, 22, 22, 22, 22, 22, 22, 22, 22, 22, 22, 22, 22, 22, 22, 22, 22, 22, 22, 22, 22, 22, 22, 22, 22, 22, 22, 22, 22, 22, 22, 22, 22, 22, 22, 22, 22, 22, 22, 22, 22, 22, 22, 22, 22, 22, 22, 22, 22, 22, 22, 22, 22, 22, 22, 22, 22, 22, 22, 22, 22, 22, 22, 22, 22, 22, 22, 22, 22, 22, 22, 22, 22, 22, 22, 22, 22, 22, 22, 22, 22, 22, 22, 22, 22, 22, 22, 22, 22, 22, 22, 22, 22, 22, 22, 22, 22, 22, 22, 22, 22, 22, 22, 22, 22, 22, 22, 22, 22, 22, 22, 22, 22, 22, 22, 22, 22, 22, 22, 22, 22, 22, 22, 22, 22, 22, 22]",295,"[0.40192654728889465, 0.3889232575893402, 0.38320982456207275, 0.37900933623313904, 0.37554410099983215, 0.37301695346832275, 0.37068992853164673, 0.36861395835876465, 0.3668360412120819, 0.3656025826931, 0.3642752468585968, 0.3632678985595703, 0.3614957332611084, 0.36054325103759766, 0.3590560257434845, 0.3576475977897644, 0.35633254051208496, 0.35506579279899597, 0.35502323508262634, 0.3533017337322235, 0.35222598910331726, 0.351447194814682, 0.3487795889377594, 0.3476007580757141, 0.34665995836257935, 0.34585875272750854, 0.3447372317314148, 0.34367260336875916, 0.34275662899017334, 0.34193646907806396, 0.340871125459671, 0.3406447172164917, 0.33948561549186707, 0.33858609199523926, 0.33725476264953613, 0.3359750509262085, 0.33452945947647095, 0.3339458703994751, 0.332238107919693, 0.33113011717796326, 0.3300626873970032, 0.32867828011512756, 0.3275529742240906, 0.3261031210422516, 0.32489264011383057, 0.323801189661026, 0.322160542011261, 0.32069849967956543, 0.3196212947368622, 0.3181252181529999, 0.3167591691017151, 0.3151077926158905, 0.3136122226715088, 0.31229332089424133, 0.3109109401702881, 0.3095892667770386, 0.30811044573783875, 0.306629478931427, 0.3046972155570984, 0.3032567501068115, 0.30152571201324463, 0.2999598979949951, 0.298814594745636, 0.2972641885280609, 0.2961060404777527, 0.29469814896583557, 0.29276716709136963, 0.29140380024909973, 0.28990137577056885, 0.2887284755706787, 0.2871303856372833, 0.2856016159057617, 0.28419485688209534, 0.2827449142932892, 0.28127145767211914, 0.2799353003501892, 0.2786511182785034, 0.2773760259151459, 0.2761971950531006, 0.27477794885635376, 0.27357327938079834, 0.27231037616729736, 0.27110177278518677, 0.27019643783569336, 0.269400030374527, 0.2682553827762604, 0.2669576406478882, 0.2659083306789398, 0.26503345370292664, 0.26413512229919434, 0.26361170411109924, 0.26223957538604736, 0.26134324073791504, 0.26028764247894287, 0.25957587361335754, 0.25866109132766724, 0.25779807567596436, 0.2568795680999756, 0.25627684593200684, 0.25522252917289734, 0.2544880509376526, 0.253692090511322, 0.2529945969581604, 0.25239843130111694, 0.251737117767334, 0.25096413493156433, 0.2505497634410858, 0.249606654047966, 0.24870330095291138, 0.2481573522090912, 0.24749794602394104, 0.246800035238266, 0.2463187426328659, 0.24572768807411194, 0.24494946002960205, 0.24435102939605713, 0.2435658872127533, 0.24274899065494537, 0.2421935498714447, 0.24159249663352966, 0.24127231538295746, 0.24037690460681915, 0.2398776113986969, 0.23914684355258942, 0.23882874846458435, 0.23790399730205536, 0.23762765526771545, 0.23696687817573547, 0.2363026738166809, 0.23611751198768616, 0.23532076179981232, 0.2352290004491806, 0.23413097858428955, 0.23357103765010834, 0.2329963743686676, 0.23248209059238434, 0.23187965154647827, 0.23148338496685028, 0.23103542625904083, 0.23048768937587738, 0.22978973388671875, 0.229374960064888, 0.22878113389015198, 0.22852149605751038, 0.22790180146694183, 0.2274857759475708, 0.2269088178873062, 0.22742244601249695, 0.22640693187713623, 0.22567011415958405, 0.22528421878814697, 0.22477370500564575, 0.2244912087917328, 0.22368551790714264, 0.22343192994594574, 0.222911536693573, 0.2223309725522995, 0.2221185266971588, 0.22183920443058014, 0.22122153639793396, 0.2209324687719345, 0.22092470526695251, 0.22102902829647064, 0.22048677504062653, 0.21936005353927612, 0.21955876052379608, 0.21861431002616882, 0.21810895204544067, 0.21826255321502686, 0.21756790578365326, 0.21712644398212433, 0.21684348583221436, 0.21665646135807037, 0.21630577743053436, 0.21560581028461456, 0.2150913029909134, 0.21512721478939056, 0.21471723914146423, 0.21469689905643463, 0.21378742158412933, 0.21344484388828278, 0.21352890133857727, 0.2125982791185379, 0.21287988126277924, 0.21193376183509827, 0.21199612319469452, 0.21201997995376587, 0.2109687179327011, 0.21085838973522186, 0.2102479487657547, 0.21008387207984924, 0.21051223576068878, 0.2095099687576294, 0.20924417674541473, 0.20871055126190186, 0.20825067162513733, 0.20799614489078522, 0.20819999277591705, 0.20791301131248474, 0.20807035267353058, 0.20719730854034424, 0.20653459429740906, 0.20640245079994202, 0.2061023861169815, 0.20609501004219055, 0.20577675104141235, 0.20551027357578278, 0.20494072139263153, 0.2047097384929657, 0.2040175050497055, 0.20387253165245056, 0.20339363813400269, 0.20322507619857788, 0.20310543477535248, 0.20313656330108643, 0.20286567509174347, 0.2026890516281128, 0.20310074090957642, 0.20191898941993713, 0.20159238576889038, 0.20160870254039764, 0.20102480053901672, 0.2008650004863739, 0.2010611593723297, 0.20033127069473267, 0.20024749636650085, 0.2003624588251114, 0.20030967891216278, 0.19980445504188538, 0.1993962824344635, 0.20018808543682098, 0.19934198260307312, 0.1993919014930725, 0.19853335618972778, 0.198823019862175, 0.19797727465629578, 0.19787128269672394, 0.19798026978969574, 0.1977004110813141, 0.19740834832191467, 0.19735245406627655, 0.19775821268558502, 0.1967015266418457, 0.19699378311634064, 0.19636760652065277, 0.19631455838680267, 0.19585904479026794, 0.1955036222934723, 0.19604119658470154, 0.19565194845199585, 0.19505353271961212, 0.19502979516983032, 0.19494310021400452, 0.19428493082523346, 0.19462841749191284, 0.1942964494228363, 0.1934185028076172, 0.19402532279491425, 0.19336555898189545, 0.19410666823387146, 0.19376011192798615, 0.1930006593465805, 0.19262871146202087, 0.19297559559345245, 0.1926770955324173, 0.19277353584766388, 0.1922992765903473, 0.1920645385980606, 0.1924261599779129, 0.19182294607162476, 0.19174648821353912, 0.19096073508262634, 0.19181205332279205, 0.19157545268535614, 0.19099494814872742, 0.1915368139743805, 0.19072207808494568, 0.19065362215042114, 0.19067248702049255, 0.19060365855693817, 0.19036400318145752, 0.19017255306243896, 0.189566969871521, 0.18952718377113342, 0.18913833796977997, 0.1888006180524826, 0.18890099227428436, 0.1886957287788391, 0.18876299262046814, 0.18845628201961517, 0.18898501992225647, 0.18867234885692596, 0.1883087158203125, 0.18857865035533905, 0.18821418285369873]",22.0,"[33.0, 33.0, 33.0, 33.0, 33.0, 33.0, 33.0, 33.0, 33.0, 33.0, 33.0, 33.0, 33.0, 33.0, 33.0, 33.0, 33.0, 32.0, 30.0, 30.0, 30.0, 28.0, 27.0, 26.0, 26.0, 26.0, 25.0, 25.0, 25.0, 25.0, 25.0, 24.0, 24.0, 24.0, 24.0, 24.0, 23.0, 23.0, 23.0, 23.0, 23.0, 23.0, 23.0, 23.0, 23.0, 23.0, 23.0, 23.0, 23.0, 23.0, 23.0, 23.0, 23.0, 23.0, 23.0, 23.0, 23.0, 23.0, 22.0, 22.0, 22.0, 22.0, 22.0, 22.0, 22.0, 22.0, 22.0, 22.0, 22.0, 22.0, 22.0, 22.0, 22.0, 22.0, 22.0, 22.0, 22.0, 22.0, 22.0, 22.0, 22.0, 22.0, 22.0, 22.0, 22.0, 22.0, 22.0, 22.0, 22.0, 22.0, 22.0, 22.0, 22.0, 22.0, 22.0, 22.0, 22.0, 22.0, 22.0, 22.0, 22.0, 22.0, 22.0, 22.0, 22.0, 22.0, 22.0, 22.0, 22.0, 22.0, 22.0, 22.0, 22.0, 22.0, 22.0, 22.0, 22.0, 22.0, 22.0, 22.0, 22.0, 22.0, 22.0, 22.0, 22.0, 22.0, 22.0, 22.0, 22.0, 22.0, 22.0, 22.0, 22.0, 22.0, 22.0, 22.0, 22.0, 22.0, 22.0, 22.0, 22.0, 22.0, 22.0, 22.0, 22.0, 22.0, 22.0, 22.0, 22.0, 22.0, 22.0, 22.0, 22.0, 22.0, 22.0, 22.0, 22.0, 22.0, 22.0, 22.0, 22.0, 22.0, 22.0, 22.0, 22.0, 22.0, 22.0, 22.0, 22.0, 22.0, 22.0, 22.0, 22.0, 22.0, 22.0, 22.0, 22.0, 22.0, 22.0, 22.0, 22.0, 22.0, 22.0, 22.0, 22.0, 22.0, 22.0, 22.0, 22.0, 22.0, 22.0, 22.0, 22.0, 22.0, 22.0, 22.0, 22.0, 22.0, 22.0, 22.0, 22.0, 22.0, 22.0, 22.0, 22.0, 22.0, 22.0, 22.0, 22.0, 22.0, 22.0, 22.0, 22.0, 22.0, 22.0, 22.0, 22.0, 22.0, 22.0, 22.0, 22.0, 22.0, 22.0, 22.0, 22.0, 22.0, 22.0, 22.0, 22.0, 22.0, 22.0, 22.0, 22.0, 22.0, 22.0, 22.0, 22.0, 22.0, 22.0, 22.0, 22.0, 22.0, 22.0, 22.0, 22.0, 22.0, 22.0, 22.0, 22.0, 22.0, 22.0, 22.0, 22.0, 22.0, 22.0, 22.0, 22.0, 22.0, 22.0, 22.0, 22.0, 22.0, 22.0, 22.0, 22.0, 22.0, 22.0, 22.0, 22.0, 22.0, 22.0, 22.0, 22.0, 22.0, 22.0, 22.0, 22.0, 22.0, 22.0, 22.0, 22.0, 22.0, 22.0, 22.0, 22.0, 22.0, 22.0, 22.0, 22.0, 22.0, 22.0, 22.0, 22.0, 22.0, 22.0]",COMPLETE
