,number,value,datetime_start,datetime_complete,duration,params_batch_size_scaler,params_constant_learning_rate,params_depth,params_epochs,params_kernel_l2,params_num_trees,params_temperature,user_attrs_accuracy_test,user_attrs_accuracy_valid,user_attrs_approximate_feature_sparsity,user_attrs_approximate_feature_sparsity_history,user_attrs_approximate_weight_sparsity,user_attrs_approximate_weight_sparsity_history,user_attrs_auc_test,user_attrs_auc_valid,user_attrs_feature_sparsity,user_attrs_feature_sparsity_history,user_attrs_num_epochs,user_attrs_val_loss_history,user_attrs_weight_sparsity,user_attrs_weight_sparsity_history,state
128,128,0.8813940307351443,2024-08-31 06:05:55.499197,2024-08-31 06:06:30.848482,0 days 00:00:35.349285,64,6.387794539541021,1,465,0.005664713167955894,53,0.000248603800182676,0.912,0.9275,30,"[33, 33, 33, 33, 33, 33, 33, 33, 33, 33, 33, 33, 33, 33, 33, 33, 33, 33, 33, 33, 33, 33, 33, 32, 32, 32, 32, 32, 32, 32, 31, 30, 30, 30, 30, 30, 30, 30, 30, 30, 30, 30, 30, 30, 30, 30, 30, 30, 30, 30, 30, 30, 30, 30, 30, 30, 30, 30, 30, 30, 30, 30, 30, 30, 30, 30, 30, 30, 30, 30, 30, 30, 30, 30, 30, 30, 30, 30, 30, 30, 30, 30, 30, 30, 30, 30, 30, 30, 30, 30, 30, 30, 30, 30, 30, 30, 30, 30, 30, 30, 30, 30, 30, 30, 30, 30, 30, 30, 30, 30, 30, 30, 30, 30, 30, 30, 30, 30, 30, 30, 30, 30, 30, 30, 30, 30, 30, 30, 30, 30, 30, 30, 30, 30, 30, 30, 30, 30, 30, 30, 30, 30, 30, 30, 30, 30, 30, 30, 30, 30, 30, 30, 30, 30, 30, 30, 30, 30, 30, 30, 30, 30, 30, 30, 30, 30, 30, 30, 30, 30, 30, 30, 30, 30, 30, 30, 30, 30, 30, 30, 30, 30, 30, 30, 30, 30, 30, 30, 30, 30, 30, 30, 30, 30, 30, 30, 30, 30, 30, 30, 30, 30, 30, 30, 30, 30, 30, 30, 30, 30, 30, 30, 30, 30, 30, 30, 30, 30, 30, 30, 30, 30, 30, 30, 30, 30, 30, 30, 30, 30, 30, 30, 30, 30, 30, 30, 30, 30, 30, 30, 30, 30, 30, 30, 30, 30, 30, 30, 30, 30, 30, 30, 30, 30, 30, 30, 30, 30, 30, 30, 30, 30, 30, 30, 30, 30, 30, 30, 30, 30, 30, 30, 30, 30, 30, 30, 30, 30, 30, 30, 30, 30, 30, 30, 30, 30, 30, 30, 30, 30, 30, 30, 30, 30, 30, 30, 30, 30, 30, 30, 30, 30, 30, 30, 30, 30, 30, 30, 30, 30, 30, 30, 30, 30, 30, 30, 30, 30, 30, 30, 30, 30, 30, 30, 30, 30, 30, 30, 30, 30, 30, 30, 30, 30, 30, 30, 30, 30, 30, 30, 30, 30, 30, 30, 30, 30, 30, 30, 30, 30, 30, 30, 30, 30, 30, 30, 30, 30, 30, 30, 30, 30, 30, 30, 30, 30, 30, 30, 30, 30, 30, 30, 30, 30, 30, 30, 30, 30, 30, 30, 30, 30, 30, 30, 30, 30, 30, 30, 30, 30, 30, 30, 30, 30, 30, 30, 30, 30, 30, 30, 30, 30, 30, 30, 30, 30, 30, 30, 30, 30, 30, 30, 30, 30, 30, 30, 30, 30, 30, 30, 30, 30, 30, 30, 30, 30, 30, 30, 30, 30, 30, 30, 30, 30, 30, 30, 30, 30, 30, 30, 30, 30, 30, 30, 30, 30, 30, 30, 30, 30, 30, 30, 30, 30, 30, 30, 30, 30, 30, 30, 30, 30, 30, 30, 30]",30.0,"[32.9811320754717, 33.0, 32.9811320754717, 33.0, 33.0, 32.9622641509434, 32.9811320754717, 33.0, 33.0, 32.9811320754717, 33.0, 32.9811320754717, 33.0, 33.0, 33.0, 33.0, 33.0, 33.0, 32.9811320754717, 33.0, 33.0, 33.0, 33.0, 32.0, 32.0, 31.962264150943398, 32.0, 31.9811320754717, 31.9811320754717, 32.0, 31.0, 30.0, 30.0, 29.9811320754717, 29.9811320754717, 30.0, 30.0, 30.0, 30.0, 30.0, 30.0, 30.0, 30.0, 30.0, 30.0, 30.0, 30.0, 30.0, 30.0, 29.9811320754717, 29.9811320754717, 30.0, 30.0, 30.0, 30.0, 30.0, 30.0, 30.0, 29.9811320754717, 30.0, 30.0, 30.0, 30.0, 29.9811320754717, 30.0, 30.0, 30.0, 30.0, 30.0, 30.0, 29.9811320754717, 30.0, 30.0, 30.0, 30.0, 29.9811320754717, 30.0, 30.0, 30.0, 30.0, 30.0, 30.0, 30.0, 30.0, 30.0, 30.0, 30.0, 30.0, 30.0, 30.0, 30.0, 30.0, 30.0, 30.0, 30.0, 30.0, 30.0, 29.9811320754717, 30.0, 30.0, 29.9811320754717, 30.0, 30.0, 29.9811320754717, 30.0, 30.0, 30.0, 29.943396226415096, 29.9811320754717, 29.9811320754717, 30.0, 30.0, 29.9811320754717, 30.0, 30.0, 29.9811320754717, 30.0, 30.0, 30.0, 30.0, 30.0, 30.0, 30.0, 30.0, 30.0, 30.0, 30.0, 30.0, 30.0, 30.0, 29.9811320754717, 30.0, 30.0, 30.0, 30.0, 30.0, 29.9811320754717, 30.0, 30.0, 30.0, 30.0, 30.0, 30.0, 30.0, 30.0, 30.0, 30.0, 30.0, 30.0, 30.0, 30.0, 30.0, 30.0, 30.0, 30.0, 29.9811320754717, 30.0, 30.0, 30.0, 30.0, 30.0, 30.0, 30.0, 29.9811320754717, 30.0, 30.0, 29.9811320754717, 30.0, 30.0, 29.9811320754717, 30.0, 30.0, 30.0, 30.0, 30.0, 30.0, 29.9811320754717, 30.0, 30.0, 30.0, 30.0, 30.0, 30.0, 30.0, 30.0, 30.0, 30.0, 30.0, 30.0, 30.0, 30.0, 30.0, 30.0, 30.0, 30.0, 30.0, 30.0, 30.0, 30.0, 30.0, 30.0, 30.0, 29.9811320754717, 30.0, 30.0, 30.0, 30.0, 30.0, 30.0, 30.0, 30.0, 30.0, 30.0, 30.0, 30.0, 30.0, 29.9811320754717, 30.0, 30.0, 30.0, 30.0, 30.0, 30.0, 30.0, 30.0, 30.0, 30.0, 30.0, 30.0, 30.0, 29.962264150943398, 30.0, 30.0, 30.0, 30.0, 30.0, 30.0, 30.0, 30.0, 30.0, 30.0, 30.0, 30.0, 30.0, 30.0, 30.0, 30.0, 30.0, 30.0, 30.0, 30.0, 30.0, 30.0, 30.0, 30.0, 30.0, 30.0, 30.0, 30.0, 30.0, 30.0, 30.0, 30.0, 30.0, 30.0, 30.0, 30.0, 30.0, 29.9811320754717, 29.9811320754717, 30.0, 30.0, 30.0, 30.0, 30.0, 30.0, 30.0, 30.0, 30.0, 30.0, 30.0, 30.0, 30.0, 30.0, 30.0, 30.0, 30.0, 30.0, 30.0, 30.0, 30.0, 30.0, 30.0, 30.0, 30.0, 29.9811320754717, 30.0, 30.0, 30.0, 30.0, 30.0, 30.0, 30.0, 30.0, 29.9811320754717, 30.0, 30.0, 30.0, 30.0, 29.9811320754717, 30.0, 30.0, 30.0, 30.0, 30.0, 29.9811320754717, 30.0, 30.0, 30.0, 30.0, 29.9811320754717, 30.0, 30.0, 30.0, 30.0, 29.9811320754717, 29.9811320754717, 29.962264150943398, 30.0, 30.0, 29.962264150943398, 30.0, 30.0, 29.9811320754717, 30.0, 30.0, 29.9811320754717, 29.9811320754717, 30.0, 30.0, 30.0, 30.0, 30.0, 30.0, 30.0, 30.0, 30.0, 30.0, 30.0, 30.0, 30.0, 29.9811320754717, 30.0, 30.0, 29.9811320754717, 30.0, 30.0, 30.0, 29.9811320754717, 29.9811320754717, 30.0, 30.0, 30.0, 30.0, 30.0, 30.0, 30.0, 30.0, 30.0, 30.0, 30.0, 29.9811320754717, 30.0, 30.0, 30.0, 29.9811320754717, 29.962264150943398, 30.0, 30.0, 30.0, 30.0, 30.0, 30.0, 30.0, 30.0, 29.9811320754717, 30.0, 30.0, 30.0, 30.0, 30.0, 30.0, 30.0, 30.0, 30.0, 30.0, 30.0, 30.0, 30.0, 30.0, 30.0, 30.0, 30.0, 30.0, 30.0, 30.0, 30.0, 30.0, 30.0, 30.0, 30.0, 30.0, 30.0, 30.0, 30.0, 29.9811320754717, 30.0, 30.0, 30.0, 30.0, 30.0, 30.0, 29.962264150943398, 29.962264150943398, 30.0, 30.0, 30.0, 30.0, 30.0, 30.0, 30.0, 30.0, 30.0, 30.0, 29.9811320754717, 30.0, 30.0, 29.9811320754717, 30.0, 30.0, 30.0, 30.0, 30.0, 30.0, 30.0, 30.0, 30.0, 30.0, 30.0, 30.0, 29.9811320754717, 30.0, 30.0, 29.9811320754717, 29.9811320754717, 30.0, 30.0, 30.0, 29.9811320754717, 30.0, 29.9811320754717, 30.0, 30.0, 29.9811320754717, 30.0]",0.8580610804250366,0.8813940307351443,30,"[33, 33, 33, 33, 33, 33, 33, 33, 33, 33, 33, 33, 33, 33, 33, 33, 33, 33, 33, 33, 33, 33, 33, 32, 32, 32, 32, 32, 32, 32, 31, 30, 30, 30, 30, 30, 30, 30, 30, 30, 30, 30, 30, 30, 30, 30, 30, 30, 30, 30, 30, 30, 30, 30, 30, 30, 30, 30, 30, 30, 30, 30, 30, 30, 30, 30, 30, 30, 30, 30, 30, 30, 30, 30, 30, 30, 30, 30, 30, 30, 30, 30, 30, 30, 30, 30, 30, 30, 30, 30, 30, 30, 30, 30, 30, 30, 30, 30, 30, 30, 30, 30, 30, 30, 30, 30, 30, 30, 30, 30, 30, 30, 30, 30, 30, 30, 30, 30, 30, 30, 30, 30, 30, 30, 30, 30, 30, 30, 30, 30, 30, 30, 30, 30, 30, 30, 30, 30, 30, 30, 30, 30, 30, 30, 30, 30, 30, 30, 30, 30, 30, 30, 30, 30, 30, 30, 30, 30, 30, 30, 30, 30, 30, 30, 30, 30, 30, 30, 30, 30, 30, 30, 30, 30, 30, 30, 30, 30, 30, 30, 30, 30, 30, 30, 30, 30, 30, 30, 30, 30, 30, 30, 30, 30, 30, 30, 30, 30, 30, 30, 30, 30, 30, 30, 30, 30, 30, 30, 30, 30, 30, 30, 30, 30, 30, 30, 30, 30, 30, 30, 30, 30, 30, 30, 30, 30, 30, 30, 30, 30, 30, 30, 30, 30, 30, 30, 30, 30, 30, 30, 30, 30, 30, 30, 30, 30, 30, 30, 30, 30, 30, 30, 30, 30, 30, 30, 30, 30, 30, 30, 30, 30, 30, 30, 30, 30, 30, 30, 30, 30, 30, 30, 30, 30, 30, 30, 30, 30, 30, 30, 30, 30, 30, 30, 30, 30, 30, 30, 30, 30, 30, 30, 30, 30, 30, 30, 30, 30, 30, 30, 30, 30, 30, 30, 30, 30, 30, 30, 30, 30, 30, 30, 30, 30, 30, 30, 30, 30, 30, 30, 30, 30, 30, 30, 30, 30, 30, 30, 30, 30, 30, 30, 30, 30, 30, 30, 30, 30, 30, 30, 30, 30, 30, 30, 30, 30, 30, 30, 30, 30, 30, 30, 30, 30, 30, 30, 30, 30, 30, 30, 30, 30, 30, 30, 30, 30, 30, 30, 30, 30, 30, 30, 30, 30, 30, 30, 30, 30, 30, 30, 30, 30, 30, 30, 30, 30, 30, 30, 30, 30, 30, 30, 30, 30, 30, 30, 30, 30, 30, 30, 30, 30, 30, 30, 30, 30, 30, 30, 30, 30, 30, 30, 30, 30, 30, 30, 30, 30, 30, 30, 30, 30, 30, 30, 30, 30, 30, 30, 30, 30, 30, 30, 30, 30, 30, 30, 30, 30, 30, 30, 30, 30, 30, 30, 30, 30, 30, 30, 30, 30, 30, 30, 30, 30, 30, 30, 30, 30, 30, 30, 30, 30, 30, 30, 30]",465,"[34.23124694824219, 1.2935757637023926, 57.8954963684082, 5.064539909362793, 31.35629653930664, 66.13169860839844, 18.908021926879883, 48.907936096191406, 5.441011905670166, 35.054534912109375, 20.9168643951416, 10.462909698486328, 2.417268753051758, 34.05449295043945, 5.382776260375977, 2.6173954010009766, 48.332218170166016, 8.505096435546875, 7.306434154510498, 7.642634868621826, 58.85011672973633, 16.594337463378906, 4.700216770172119, 2.565757989883423, 2.5561954975128174, 57.435142517089844, 15.203914642333984, 4.199826240539551, 6.880608081817627, 20.399383544921875, 2.8614602088928223, 23.924570083618164, 3.7035024166107178, 4.773922443389893, 4.505405902862549, 23.3543643951416, 21.170148849487305, 9.169493675231934, 4.43355655670166, 2.7788093090057373, 20.710268020629883, 4.514183044433594, 6.280555248260498, 7.346847057342529, 18.80601692199707, 8.82463264465332, 7.640551567077637, 2.524306297302246, 3.069650888442993, 11.59321403503418, 1.691359281539917, 6.005136489868164, 3.6864943504333496, 3.173877000808716, 34.02108383178711, 5.25676155090332, 5.590127468109131, 3.5120346546173096, 4.184507369995117, 3.7618706226348877, 45.41095733642578, 7.09088134765625, 9.89716625213623, 5.117766380310059, 1.923926591873169, 1.4294320344924927, 34.776771545410156, 6.9614105224609375, 3.1605465412139893, 4.099520206451416, 2.0957846641540527, 1.7431204319000244, 2.0458948612213135, 5.07813835144043, 2.846198081970215, 1.672050952911377, 3.9872214794158936, 1.9366345405578613, 15.011091232299805, 2.334357976913452, 13.204428672790527, 1.6170005798339844, 12.241122245788574, 8.55479907989502, 5.673223495483398, 2.396038770675659, 1.85780930519104, 2.098104476928711, 8.751328468322754, 6.370457649230957, 4.602226257324219, 9.808747291564941, 5.571743965148926, 2.089686632156372, 1.8239996433258057, 1.7087125778198242, 1.8297420740127563, 1.9363493919372559, 4.447160243988037, 1.9267373085021973, 1.5458186864852905, 9.375533103942871, 3.942012310028076, 1.3864715099334717, 1.3435609340667725, 3.544570207595825, 3.0000247955322266, 12.35307502746582, 1.5661815404891968, 2.3558120727539062, 1.5035244226455688, 1.2535665035247803, 1.256493091583252, 2.757436513900757, 10.774687767028809, 3.6130247116088867, 3.090549945831299, 2.555891513824463, 1.7284278869628906, 5.828205108642578, 1.3588359355926514, 4.872307777404785, 3.6039159297943115, 13.852662086486816, 2.8004066944122314, 1.3563125133514404, 2.568777084350586, 2.350642681121826, 1.3708401918411255, 1.4441313743591309, 5.154898643493652, 1.6218370199203491, 4.862545967102051, 1.9681763648986816, 3.792234182357788, 3.208672523498535, 6.7437357902526855, 1.4647740125656128, 2.5382373332977295, 1.6899546384811401, 9.965720176696777, 2.619961738586426, 2.1930091381073, 2.064695119857788, 5.315800189971924, 2.9207887649536133, 2.6420180797576904, 2.7686614990234375, 1.6934856176376343, 1.5978552103042603, 2.55212140083313, 1.7492332458496094, 3.897876501083374, 1.595032811164856, 1.5943926572799683, 2.5203797817230225, 14.176111221313477, 1.9179835319519043, 11.000951766967773, 3.0216362476348877, 1.9000296592712402, 4.764921188354492, 1.7442848682403564, 1.525862455368042, 1.5151188373565674, 3.8612661361694336, 4.126687049865723, 1.8590362071990967, 2.4928197860717773, 6.4329514503479, 1.6134307384490967, 2.423595666885376, 2.303157329559326, 17.96824073791504, 10.1055269241333, 2.4516406059265137, 1.7116615772247314, 2.139221429824829, 3.897460699081421, 5.4447021484375, 1.7924038171768188, 2.6154630184173584, 1.8521877527236938, 1.65177321434021, 2.044938564300537, 4.92681360244751, 4.322824954986572, 1.9701271057128906, 3.9815542697906494, 1.9916263818740845, 2.3644652366638184, 1.6322517395019531, 2.415332317352295, 3.5829100608825684, 1.7626867294311523, 1.5910999774932861, 1.4735362529754639, 1.5227246284484863, 5.701297760009766, 2.425772190093994, 2.208422899246216, 2.0320212841033936, 1.4899117946624756, 1.4332871437072754, 2.557206630706787, 2.517361640930176, 3.604036569595337, 6.3376898765563965, 1.4462487697601318, 1.314391016960144, 4.0985846519470215, 4.031458377838135, 3.619403123855591, 5.22091817855835, 7.917633056640625, 2.984077215194702, 2.0627212524414062, 8.95771312713623, 1.6975468397140503, 1.684812307357788, 2.8749454021453857, 1.5882554054260254, 3.3974153995513916, 2.2098891735076904, 2.4208076000213623, 9.371480941772461, 1.6109917163848877, 1.4807201623916626, 1.6665472984313965, 13.422719955444336, 8.979598999023438, 3.3957550525665283, 1.7750667333602905, 1.5767666101455688, 3.0403995513916016, 2.6150026321411133, 5.898874282836914, 2.935112953186035, 1.7241557836532593, 1.6656417846679688, 3.688753604888916, 4.216461181640625, 1.7609018087387085, 1.6786906719207764, 1.5263240337371826, 1.4789685010910034, 3.636453628540039, 3.381490468978882, 1.9268865585327148, 1.6274285316467285, 1.6563923358917236, 1.5815600156784058, 1.5833265781402588, 1.9266688823699951, 2.014371156692505, 3.7712318897247314, 3.0705959796905518, 4.275015354156494, 1.8201394081115723, 1.6426883935928345, 1.5601696968078613, 2.9680392742156982, 2.2923316955566406, 1.662214756011963, 1.6082825660705566, 1.6079882383346558, 1.6667451858520508, 2.0455241203308105, 2.153815269470215, 1.7257426977157593, 1.4914257526397705, 1.6964836120605469, 1.5953848361968994, 1.9944140911102295, 6.322281360626221, 1.8081252574920654, 1.9252667427062988, 1.6561379432678223, 2.2149295806884766, 3.706831455230713, 2.4150919914245605, 1.8876581192016602, 2.536273956298828, 2.705371379852295, 1.8356716632843018, 1.751704454421997, 1.4992581605911255, 1.4969805479049683, 1.5224040746688843, 1.476689338684082, 1.5518126487731934, 1.6263351440429688, 2.6310250759124756, 3.8332276344299316, 2.344545602798462, 1.5816322565078735, 1.7590038776397705, 3.324622392654419, 3.5339133739471436, 1.583276629447937, 1.5132328271865845, 1.6892606019973755, 1.491310477256775, 1.6491186618804932, 2.6647543907165527, 1.7833350896835327, 1.6156859397888184, 1.3563152551651, 1.5231419801712036, 1.7540324926376343, 1.4028997421264648, 1.3870768547058105, 1.342505693435669, 1.388730525970459, 1.374438762664795, 1.3693459033966064, 1.3931623697280884, 1.4235868453979492, 1.6478517055511475, 4.097776412963867, 5.847158432006836, 1.7563244104385376, 1.6069025993347168, 2.6402885913848877, 12.198834419250488, 1.683719277381897, 1.6889196634292603, 2.788517713546753, 2.174482822418213, 1.594780445098877, 2.715040922164917, 3.2759573459625244, 10.04166030883789, 1.6670819520950317, 1.9091322422027588, 2.077285051345825, 2.2089545726776123, 1.8238115310668945, 1.5623753070831299, 1.4312469959259033, 1.424404501914978, 1.5029704570770264, 4.094509124755859, 3.0045387744903564, 10.502666473388672, 1.8426642417907715, 1.7122600078582764, 1.7352192401885986, 1.7901108264923096, 1.6403464078903198, 1.5908403396606445, 1.659645438194275, 2.8138341903686523, 1.6331804990768433, 2.049624443054199, 6.7440595626831055, 3.554666042327881, 1.7485480308532715, 2.2015366554260254, 1.5657355785369873, 1.6383100748062134, 1.6200824975967407, 1.5460835695266724, 1.5313327312469482, 1.5052598714828491, 1.5987070798873901, 1.7437859773635864, 1.4218816757202148, 1.4069125652313232, 1.3899002075195312, 1.4306886196136475, 1.3665480613708496, 1.4014875888824463, 1.3734638690948486, 1.3706536293029785, 1.3541855812072754, 1.3790559768676758, 1.3602386713027954, 1.3643240928649902, 1.330998420715332, 1.3791930675506592, 1.3127379417419434, 1.3238955736160278, 1.3373053073883057, 1.3155359029769897, 1.3025819063186646, 1.317914605140686, 1.3109135627746582, 1.3030846118927002, 1.3074862957000732, 1.2923524379730225, 1.3173271417617798, 1.2929847240447998, 1.3266997337341309, 1.2849661111831665, 1.2953602075576782, 1.2786157131195068, 1.284441351890564, 1.271111249923706, 1.2829031944274902, 1.2995469570159912, 1.2857773303985596, 1.2383896112442017, 1.2392408847808838, 1.2537102699279785, 1.2377476692199707, 1.250997543334961, 1.2463022470474243, 1.2274603843688965, 1.2336117029190063, 1.2711650133132935, 1.2442291975021362, 1.212751865386963, 1.1870667934417725, 1.200982689857483, 1.1930248737335205, 1.2097934484481812, 1.1976149082183838, 1.1802798509597778, 1.2294586896896362, 1.1847584247589111, 1.192994236946106, 1.183411955833435, 1.1801939010620117, 1.1796784400939941, 1.1902586221694946, 1.2107025384902954, 2.3762876987457275, 4.983007431030273, 5.700870513916016, 27.48165512084961, 4.153898239135742, 2.237839460372925, 2.1597721576690674, 8.888725280761719, 1.6604719161987305, 2.0468106269836426, 1.9431322813034058, 2.7164134979248047, 1.7128944396972656, 2.1819329261779785, 3.4469242095947266, 1.6920483112335205, 2.3823957443237305, 3.657266139984131, 1.894273281097412, 1.630091667175293, 1.366856575012207, 1.5227160453796387, 1.8328986167907715, 3.0433313846588135, 2.1547584533691406, 1.5874834060668945, 1.604120135307312, 1.5063154697418213, 1.7580540180206299, 4.537565231323242, 3.5920376777648926, 2.3802201747894287, 2.0072591304779053, 2.079385757446289, 4.617326736450195, 2.827113151550293, 6.478158950805664, 1.6048915386199951]",30.0,"[33.0, 33.0, 33.0, 33.0, 33.0, 33.0, 33.0, 33.0, 33.0, 33.0, 33.0, 33.0, 33.0, 33.0, 33.0, 33.0, 33.0, 33.0, 33.0, 33.0, 33.0, 33.0, 33.0, 32.0, 32.0, 32.0, 32.0, 32.0, 32.0, 32.0, 31.0, 30.0, 30.0, 30.0, 30.0, 30.0, 30.0, 30.0, 30.0, 30.0, 30.0, 30.0, 30.0, 30.0, 30.0, 30.0, 30.0, 30.0, 30.0, 30.0, 30.0, 30.0, 30.0, 30.0, 30.0, 30.0, 30.0, 30.0, 30.0, 30.0, 30.0, 30.0, 30.0, 30.0, 30.0, 30.0, 30.0, 30.0, 30.0, 30.0, 30.0, 30.0, 30.0, 30.0, 30.0, 30.0, 30.0, 30.0, 30.0, 30.0, 30.0, 30.0, 30.0, 30.0, 30.0, 30.0, 30.0, 30.0, 30.0, 30.0, 30.0, 30.0, 30.0, 30.0, 30.0, 30.0, 30.0, 30.0, 30.0, 30.0, 30.0, 30.0, 30.0, 30.0, 30.0, 30.0, 30.0, 30.0, 30.0, 30.0, 30.0, 30.0, 30.0, 30.0, 30.0, 30.0, 30.0, 30.0, 30.0, 30.0, 30.0, 30.0, 30.0, 30.0, 30.0, 30.0, 30.0, 30.0, 30.0, 30.0, 30.0, 30.0, 30.0, 30.0, 30.0, 30.0, 30.0, 30.0, 30.0, 30.0, 30.0, 30.0, 30.0, 30.0, 30.0, 30.0, 30.0, 30.0, 30.0, 30.0, 30.0, 30.0, 30.0, 30.0, 30.0, 30.0, 30.0, 30.0, 30.0, 30.0, 30.0, 30.0, 30.0, 30.0, 30.0, 30.0, 30.0, 30.0, 30.0, 30.0, 30.0, 30.0, 30.0, 30.0, 30.0, 30.0, 30.0, 30.0, 30.0, 30.0, 30.0, 30.0, 30.0, 30.0, 30.0, 30.0, 30.0, 30.0, 30.0, 30.0, 30.0, 30.0, 30.0, 30.0, 30.0, 30.0, 30.0, 30.0, 30.0, 30.0, 30.0, 30.0, 30.0, 30.0, 30.0, 30.0, 30.0, 30.0, 30.0, 30.0, 30.0, 30.0, 30.0, 30.0, 30.0, 30.0, 30.0, 30.0, 30.0, 30.0, 30.0, 30.0, 30.0, 30.0, 30.0, 30.0, 30.0, 30.0, 30.0, 30.0, 30.0, 30.0, 30.0, 30.0, 30.0, 30.0, 30.0, 30.0, 30.0, 30.0, 30.0, 30.0, 30.0, 30.0, 30.0, 30.0, 30.0, 30.0, 30.0, 30.0, 30.0, 30.0, 30.0, 30.0, 30.0, 30.0, 30.0, 30.0, 30.0, 30.0, 30.0, 30.0, 30.0, 30.0, 30.0, 30.0, 30.0, 30.0, 30.0, 30.0, 30.0, 30.0, 30.0, 30.0, 30.0, 30.0, 30.0, 30.0, 30.0, 30.0, 30.0, 30.0, 30.0, 30.0, 30.0, 30.0, 30.0, 30.0, 30.0, 30.0, 30.0, 30.0, 30.0, 30.0, 30.0, 30.0, 30.0, 30.0, 30.0, 30.0, 30.0, 30.0, 30.0, 30.0, 30.0, 30.0, 30.0, 30.0, 30.0, 30.0, 30.0, 30.0, 30.0, 30.0, 30.0, 30.0, 30.0, 30.0, 30.0, 30.0, 30.0, 30.0, 30.0, 30.0, 30.0, 30.0, 30.0, 30.0, 30.0, 30.0, 30.0, 30.0, 30.0, 30.0, 30.0, 30.0, 30.0, 30.0, 30.0, 30.0, 30.0, 30.0, 30.0, 30.0, 30.0, 30.0, 30.0, 30.0, 30.0, 30.0, 30.0, 30.0, 30.0, 30.0, 30.0, 30.0, 30.0, 30.0, 30.0, 30.0, 30.0, 30.0, 30.0, 30.0, 30.0, 30.0, 30.0, 30.0, 30.0, 30.0, 30.0, 30.0, 30.0, 30.0, 30.0, 30.0, 30.0, 30.0, 30.0, 30.0, 30.0, 30.0, 30.0, 30.0, 30.0, 30.0, 30.0, 30.0, 30.0, 30.0, 30.0, 30.0, 30.0, 30.0, 30.0, 30.0, 30.0, 30.0, 30.0, 30.0, 30.0, 30.0, 30.0, 30.0, 30.0, 30.0, 30.0, 30.0, 30.0, 30.0, 30.0, 30.0, 30.0, 30.0, 30.0, 30.0, 30.0, 30.0, 30.0, 30.0, 30.0, 30.0, 30.0, 30.0, 30.0, 30.0, 30.0, 30.0, 30.0, 30.0, 30.0, 30.0, 30.0, 30.0, 30.0, 30.0, 30.0, 30.0, 30.0, 30.0, 30.0, 30.0, 30.0, 30.0, 30.0, 30.0, 30.0, 30.0, 30.0, 30.0, 30.0, 30.0, 30.0, 30.0, 30.0, 30.0, 30.0, 30.0, 30.0, 30.0, 30.0, 30.0, 30.0, 30.0, 30.0]",COMPLETE
