,number,value,datetime_start,datetime_complete,duration,params_batch_size_scaler,params_constant_learning_rate,params_depth,params_epochs,params_kernel_l2,params_num_trees,params_temperature,user_attrs_accuracy_test,user_attrs_accuracy_valid,user_attrs_approximate_feature_sparsity,user_attrs_approximate_feature_sparsity_history,user_attrs_approximate_weight_sparsity,user_attrs_approximate_weight_sparsity_history,user_attrs_auc_test,user_attrs_auc_valid,user_attrs_feature_sparsity,user_attrs_feature_sparsity_history,user_attrs_num_epochs,user_attrs_val_loss_history,user_attrs_weight_sparsity,user_attrs_weight_sparsity_history,state
110,110,0.5,2024-08-31 04:50:20.103563,2024-08-31 04:52:13.322046,0 days 00:01:53.218483,1,0.813423624762749,2,230,0.02955664719415691,3,0.09061417122481746,0.859,0.85875,0,"[0, 0, 0, 0, 0, 0, 0, 0, 0, 0, 0, 0, 0, 0, 0, 0, 0, 0, 0, 0, 0, 0, 0, 0, 0, 0, 0, 0, 0, 0, 0, 0, 0, 0, 0, 0, 0, 0, 0, 0, 0, 0, 0, 0, 0, 0, 0, 0, 0, 0, 0, 0, 0, 0, 0, 0, 0, 0, 0, 0, 0, 0, 0, 0, 0, 0, 0, 0, 0, 0, 0, 0, 0, 0, 0, 0, 0, 0, 0, 0, 0, 0, 0, 0, 0, 0, 0, 0, 0, 0, 0, 0, 0, 0, 0, 0, 0, 0, 0, 0, 0, 0, 0, 0, 0, 0, 0, 0, 0, 0, 0, 0, 0, 0, 0, 0, 0, 0, 0, 0, 0, 0, 0, 0, 0, 0, 0, 0, 0, 0, 0, 0, 0, 0, 0, 0, 0, 0, 0, 0, 0, 0, 0, 0, 0, 0, 0, 0, 0, 0, 0, 0, 0, 0, 0, 0, 0, 0, 0, 0, 0, 0, 0, 0, 0, 0, 0, 0, 0, 0, 0, 0, 0, 0, 0, 0, 0, 0, 0, 0, 0, 0, 0, 0, 0, 0, 0, 0, 0, 0, 0, 0, 0, 0, 0, 0, 0, 0, 0, 0, 0, 0, 0, 0, 0, 0, 0, 0, 0, 0, 0, 0, 0, 0, 0, 0, 0, 0, 0, 0, 0, 0, 0, 0, 0, 0, 0, 0, 0, 0]",0.0,"[0.0, 0.0, 0.0, 0.0, 0.0, 0.0, 0.0, 0.0, 0.0, 0.0, 0.0, 0.0, 0.0, 0.0, 0.0, 0.0, 0.0, 0.0, 0.0, 0.0, 0.0, 0.0, 0.0, 0.0, 0.0, 0.0, 0.0, 0.0, 0.0, 0.0, 0.0, 0.0, 0.0, 0.0, 0.0, 0.0, 0.0, 0.0, 0.0, 0.0, 0.0, 0.0, 0.0, 0.0, 0.0, 0.0, 0.0, 0.0, 0.0, 0.0, 0.0, 0.0, 0.0, 0.0, 0.0, 0.0, 0.0, 0.0, 0.0, 0.0, 0.0, 0.0, 0.0, 0.0, 0.0, 0.0, 0.0, 0.0, 0.0, 0.0, 0.0, 0.0, 0.0, 0.0, 0.0, 0.0, 0.0, 0.0, 0.0, 0.0, 0.0, 0.0, 0.0, 0.0, 0.0, 0.0, 0.0, 0.0, 0.0, 0.0, 0.0, 0.0, 0.0, 0.0, 0.0, 0.0, 0.0, 0.0, 0.0, 0.0, 0.0, 0.0, 0.0, 0.0, 0.0, 0.0, 0.0, 0.0, 0.0, 0.0, 0.0, 0.0, 0.0, 0.0, 0.0, 0.0, 0.0, 0.0, 0.0, 0.0, 0.0, 0.0, 0.0, 0.0, 0.0, 0.0, 0.0, 0.0, 0.0, 0.0, 0.0, 0.0, 0.0, 0.0, 0.0, 0.0, 0.0, 0.0, 0.0, 0.0, 0.0, 0.0, 0.0, 0.0, 0.0, 0.0, 0.0, 0.0, 0.0, 0.0, 0.0, 0.0, 0.0, 0.0, 0.0, 0.0, 0.0, 0.0, 0.0, 0.0, 0.0, 0.0, 0.0, 0.0, 0.0, 0.0, 0.0, 0.0, 0.0, 0.0, 0.0, 0.0, 0.0, 0.0, 0.0, 0.0, 0.0, 0.0, 0.0, 0.0, 0.0, 0.0, 0.0, 0.0, 0.0, 0.0, 0.0, 0.0, 0.0, 0.0, 0.0, 0.0, 0.0, 0.0, 0.0, 0.0, 0.0, 0.0, 0.0, 0.0, 0.0, 0.0, 0.0, 0.0, 0.0, 0.0, 0.0, 0.0, 0.0, 0.0, 0.0, 0.0, 0.0, 0.0, 0.0, 0.0, 0.0, 0.0, 0.0, 0.0, 0.0, 0.0, 0.0, 0.0, 0.0, 0.0, 0.0, 0.0, 0.0, 0.0]",0.5,0.5,0,"[0, 0, 0, 0, 0, 0, 0, 0, 0, 0, 0, 0, 0, 0, 0, 0, 0, 0, 0, 0, 0, 0, 0, 0, 0, 0, 0, 0, 0, 0, 0, 0, 0, 0, 0, 0, 0, 0, 0, 0, 0, 0, 0, 0, 0, 0, 0, 0, 0, 0, 0, 0, 0, 0, 0, 0, 0, 0, 0, 0, 0, 0, 0, 0, 0, 0, 0, 0, 0, 0, 0, 0, 0, 0, 0, 0, 0, 0, 0, 0, 0, 0, 0, 0, 0, 0, 0, 0, 0, 0, 0, 0, 0, 0, 0, 0, 0, 0, 0, 0, 0, 0, 0, 0, 0, 0, 0, 0, 0, 0, 0, 0, 0, 0, 0, 0, 0, 0, 0, 0, 0, 0, 0, 0, 0, 0, 0, 0, 0, 0, 0, 0, 0, 0, 0, 0, 0, 0, 0, 0, 0, 0, 0, 0, 0, 0, 0, 0, 0, 0, 0, 0, 0, 0, 0, 0, 0, 0, 0, 0, 0, 0, 0, 0, 0, 0, 0, 0, 0, 0, 0, 0, 0, 0, 0, 0, 0, 0, 0, 0, 0, 0, 0, 0, 0, 0, 0, 0, 0, 0, 0, 0, 0, 0, 0, 0, 0, 0, 0, 0, 0, 0, 0, 0, 0, 0, 0, 0, 0, 0, 0, 0, 0, 0, 0, 0, 0, 0, 0, 0, 0, 0, 0, 0, 0, 0, 0, 0, 0, 0]",230,"[0.40913882851600647, 0.4078553318977356, 0.4072314202785492, 0.40838366746902466, 0.40753909945487976, 0.4076019525527954, 0.4147840738296509, 0.40953201055526733, 0.4125673770904541, 0.4080841541290283, 0.4130951762199402, 0.408075749874115, 0.4121994078159332, 0.40846580266952515, 0.4096378684043884, 0.4075053036212921, 0.40915924310684204, 0.4075910151004791, 0.4147849380970001, 0.4153974652290344, 0.4074593484401703, 0.41155868768692017, 0.40841710567474365, 0.4082832634449005, 0.40749886631965637, 0.4073196351528168, 0.4072295129299164, 0.41234126687049866, 0.4204540252685547, 0.40822547674179077, 0.4130266606807709, 0.40772750973701477, 0.4091710150241852, 0.4078727960586548, 0.4113098084926605, 0.4076320230960846, 0.41332995891571045, 0.4072261452674866, 0.4088227450847626, 0.40732520818710327, 0.4074934422969818, 0.40735217928886414, 0.4072543978691101, 0.4094150960445404, 0.4077001214027405, 0.408448725938797, 0.40755489468574524, 0.4083588421344757, 0.4074960947036743, 0.40730515122413635, 0.4077790379524231, 0.40794384479522705, 0.40814295411109924, 0.408824622631073, 0.40725281834602356, 0.407230019569397, 0.4113515615463257, 0.40760862827301025, 0.4141743779182434, 0.4092818796634674, 0.4109251797199249, 0.4072263240814209, 0.41021931171417236, 0.4091208279132843, 0.40783846378326416, 0.40889784693717957, 0.4106889069080353, 0.40912899374961853, 0.40974369645118713, 0.4083510935306549, 0.4082556664943695, 0.40825358033180237, 0.4097151458263397, 0.4079380929470062, 0.40752190351486206, 0.40917345881462097, 0.40848392248153687, 0.4076215326786041, 0.4136882424354553, 0.4107670187950134, 0.41124361753463745, 0.407291442155838, 0.4072263240814209, 0.41282594203948975, 0.4096237123012543, 0.40722978115081787, 0.40820014476776123, 0.41276785731315613, 0.41409316658973694, 0.41020458936691284, 0.407276451587677, 0.4087922275066376, 0.4074130356311798, 0.4090420603752136, 0.4076821208000183, 0.40980884432792664, 0.40733054280281067, 0.40850651264190674, 0.4160313308238983, 0.40813177824020386, 0.4084028899669647, 0.40739139914512634, 0.4172079563140869, 0.40903985500335693, 0.4077228605747223, 0.41305816173553467, 0.4072330594062805, 0.41008827090263367, 0.4125998616218567, 0.4074189066886902, 0.4093974232673645, 0.40752026438713074, 0.40821942687034607, 0.40851834416389465, 0.41280633211135864, 0.4074466824531555, 0.4091269373893738, 0.40765833854675293, 0.40956225991249084, 0.4125668406486511, 0.4076339602470398, 0.4082360863685608, 0.4078144133090973, 0.408015638589859, 0.41618990898132324, 0.4073033034801483, 0.4072284996509552, 0.40727338194847107, 0.413170725107193, 0.4114021360874176, 0.4072303771972656, 0.40722811222076416, 0.4080427587032318, 0.4096510410308838, 0.4089312255382538, 0.408287912607193, 0.41166388988494873, 0.40744444727897644, 0.4074265658855438, 0.40744805335998535, 0.4072262942790985, 0.4081224799156189, 0.40904513001441956, 0.4072357416152954, 0.4079303741455078, 0.4090045094490051, 0.4076852798461914, 0.40728673338890076, 0.4125204384326935, 0.41104575991630554, 0.41127124428749084, 0.41085585951805115, 0.4111456573009491, 0.4072801470756531, 0.4111767113208771, 0.4187588095664978, 0.4109914004802704, 0.4126419425010681, 0.4072275161743164, 0.4079899191856384, 0.40734776854515076, 0.40779468417167664, 0.40828123688697815, 0.40731263160705566, 0.4075223207473755, 0.4073912799358368, 0.4098217487335205, 0.4097772240638733, 0.4138679504394531, 0.409758985042572, 0.40756088495254517, 0.4074741005897522, 0.40735214948654175, 0.40870678424835205, 0.4487665593624115, 0.40740570425987244, 0.40724316239356995, 0.4146147072315216, 0.40769049525260925, 0.41031304001808167, 0.40836676955223083, 0.40746915340423584, 0.4075787663459778, 0.4073370695114136, 0.4076943099498749, 0.40784409642219543, 0.4138769507408142, 0.4075717628002167, 0.4073498845100403, 0.4124409556388855, 0.407581090927124, 0.4079354405403137, 0.40774014592170715, 0.4073941111564636, 0.4076155424118042, 0.4072847068309784, 0.41424331068992615, 0.41045886278152466, 0.4117293655872345, 0.40727633237838745, 0.4120042324066162, 0.4101463556289673, 0.41022205352783203, 0.42026573419570923, 0.4076617360115051, 0.4081183671951294, 0.4104062616825104, 0.41362977027893066, 0.4095185399055481, 0.41373294591903687, 0.4077302813529968, 0.4094492793083191, 0.40723103284835815, 0.4076157808303833, 0.41172194480895996, 0.4082822799682617, 0.40889617800712585, 0.40746814012527466, 0.4124264419078827, 0.4104406237602234, 0.4077249765396118, 0.41259095072746277, 0.4132447838783264, 0.4110260307788849, 0.4088326692581177, 0.4137803018093109, 0.40735340118408203, 0.40986207127571106, 0.4086011052131653, 0.4101032316684723]",0.0,"[0.0, 0.0, 0.0, 0.0, 0.0, 0.0, 0.0, 0.0, 0.0, 0.0, 0.0, 0.0, 0.0, 0.0, 0.0, 0.0, 0.0, 0.0, 0.0, 0.0, 0.0, 0.0, 0.0, 0.0, 0.0, 0.0, 0.0, 0.0, 0.0, 0.0, 0.0, 0.0, 0.0, 0.0, 0.0, 0.0, 0.0, 0.0, 0.0, 0.0, 0.0, 0.0, 0.0, 0.0, 0.0, 0.0, 0.0, 0.0, 0.0, 0.0, 0.0, 0.0, 0.0, 0.0, 0.0, 0.0, 0.0, 0.0, 0.0, 0.0, 0.0, 0.0, 0.0, 0.0, 0.0, 0.0, 0.0, 0.0, 0.0, 0.0, 0.0, 0.0, 0.0, 0.0, 0.0, 0.0, 0.0, 0.0, 0.0, 0.0, 0.0, 0.0, 0.0, 0.0, 0.0, 0.0, 0.0, 0.0, 0.0, 0.0, 0.0, 0.0, 0.0, 0.0, 0.0, 0.0, 0.0, 0.0, 0.0, 0.0, 0.0, 0.0, 0.0, 0.0, 0.0, 0.0, 0.0, 0.0, 0.0, 0.0, 0.0, 0.0, 0.0, 0.0, 0.0, 0.0, 0.0, 0.0, 0.0, 0.0, 0.0, 0.0, 0.0, 0.0, 0.0, 0.0, 0.0, 0.0, 0.0, 0.0, 0.0, 0.0, 0.0, 0.0, 0.0, 0.0, 0.0, 0.0, 0.0, 0.0, 0.0, 0.0, 0.0, 0.0, 0.0, 0.0, 0.0, 0.0, 0.0, 0.0, 0.0, 0.0, 0.0, 0.0, 0.0, 0.0, 0.0, 0.0, 0.0, 0.0, 0.0, 0.0, 0.0, 0.0, 0.0, 0.0, 0.0, 0.0, 0.0, 0.0, 0.0, 0.0, 0.0, 0.0, 0.0, 0.0, 0.0, 0.0, 0.0, 0.0, 0.0, 0.0, 0.0, 0.0, 0.0, 0.0, 0.0, 0.0, 0.0, 0.0, 0.0, 0.0, 0.0, 0.0, 0.0, 0.0, 0.0, 0.0, 0.0, 0.0, 0.0, 0.0, 0.0, 0.0, 0.0, 0.0, 0.0, 0.0, 0.0, 0.0, 0.0, 0.0, 0.0, 0.0, 0.0, 0.0, 0.0, 0.0, 0.0, 0.0, 0.0, 0.0, 0.0, 0.0, 0.0, 0.0, 0.0, 0.0, 0.0, 0.0]",COMPLETE
111,111,0.9058752302559545,2024-08-31 04:52:17.853875,2024-08-31 04:53:13.531310,0 days 00:00:55.677435,1,0.10574278780996901,4,20,0.036466425193926316,95,0.06299294718867698,0.891,0.8925,33,"[33, 33, 33, 33, 33, 33, 33, 33, 33, 33, 33, 33, 33, 33, 33, 33, 33, 33, 33, 33]",32.94877192982456,"[32.948070175438595, 32.94175438596491, 32.948070175438595, 32.949473684210524, 32.95087719298246, 32.937543859649125, 32.95157894736842, 32.943157894736835, 32.937543859649125, 32.937543859649125, 32.949473684210524, 32.93964912280702, 32.945263157894736, 32.946666666666665, 32.94385964912281, 32.95017543859649, 32.94877192982456, 32.95649122807017, 32.94385964912281, 32.94877192982456]",0.8881182968815793,0.9058752302559545,33,"[33, 33, 33, 33, 33, 33, 33, 33, 33, 33, 33, 33, 33, 33, 33, 33, 33, 33, 33, 33]",20,"[0.37465327978134155, 0.3653213083744049, 0.3594854474067688, 0.34852540493011475, 0.34097620844841003, 0.33740174770355225, 0.3304625451564789, 0.3251514732837677, 0.3194596469402313, 0.31428262591362, 0.3064778447151184, 0.2978602647781372, 0.2894867956638336, 0.2858249843120575, 0.2749343812465668, 0.2691723108291626, 0.2591114342212677, 0.25770366191864014, 0.24908794462680817, 0.24806010723114014]",33.0,"[33.0, 33.0, 33.0, 33.0, 33.0, 33.0, 33.0, 33.0, 33.0, 33.0, 33.0, 33.0, 33.0, 33.0, 33.0, 33.0, 33.0, 33.0, 33.0, 33.0]",COMPLETE
112,112,0.5,2024-08-31 04:53:17.075404,2024-08-31 04:55:05.016575,0 days 00:01:47.941171,1,5.031145897406335,6,25,0.0014765000395299754,30,0.02567302007431016,0.859,0.85875,0,"[0, 0, 0, 0, 0, 0, 0, 0, 0, 0, 0, 0, 0, 0, 0, 0, 0, 0, 0, 0, 0, 0, 0, 0, 0]",0.0,"[0.0, 0.0, 0.0, 0.0, 0.0, 0.0, 0.0, 0.0, 0.0, 0.0, 0.0, 0.0, 0.0, 0.0, 0.0, 0.0, 0.0, 0.0, 0.0, 0.0, 0.0, 0.0, 0.0, 0.0, 0.0]",0.5,0.5,0,"[0, 0, 0, 0, 0, 0, 0, 0, 0, 0, 0, 0, 0, 0, 0, 0, 0, 0, 0, 0, 0, 0, 0, 0, 0]",25,"[0.40748265385627747, 0.40986597537994385, 0.4153074026107788, 0.436296284198761, 0.41986778378486633, 0.4301428198814392, 0.4123048484325409, 0.408156156539917, 0.41213667392730713, 0.40989139676094055, 0.4154165983200073, 0.4089609980583191, 0.4148765206336975, 0.40888750553131104, 0.4116641879081726, 0.4085387885570526, 0.43653517961502075, 0.4086429476737976, 0.4074578881263733, 0.4373605251312256, 0.4173959791660309, 0.4077487289905548, 0.4371427893638611, 0.41869598627090454, 0.45774826407432556]",0.0,"[0.0, 0.0, 0.0, 0.0, 0.0, 0.0, 0.0, 0.0, 0.0, 0.0, 0.0, 0.0, 0.0, 0.0, 0.0, 0.0, 0.0, 0.0, 0.0, 0.0, 0.0, 0.0, 0.0, 0.0, 0.0]",COMPLETE
