,number,value,datetime_start,datetime_complete,duration,params_batch_size_scaler,params_constant_learning_rate,params_depth,params_epochs,params_kernel_l2,params_num_trees,params_temperature,user_attrs_accuracy_test,user_attrs_accuracy_valid,user_attrs_approximate_feature_sparsity,user_attrs_approximate_feature_sparsity_history,user_attrs_approximate_weight_sparsity,user_attrs_approximate_weight_sparsity_history,user_attrs_auc_test,user_attrs_auc_valid,user_attrs_feature_sparsity,user_attrs_feature_sparsity_history,user_attrs_num_epochs,user_attrs_val_loss_history,user_attrs_weight_sparsity,user_attrs_weight_sparsity_history,state
43,43,0.9085545722713864,2024-08-31 02:35:12.208299,2024-08-31 02:38:54.420367,0 days 00:03:42.212068,64,0.8511093820092683,6,280,0.03935547657364738,55,0.00013623882399221778,0.918,0.9075,33,"[33, 33, 33, 33, 33, 33, 33, 33, 33, 33, 33, 33, 33, 33, 33, 33, 33, 33, 33, 33, 33, 33, 33, 33, 33, 33, 33, 33, 33, 33, 33, 33, 33, 33, 33, 33, 33, 33, 33, 33, 33, 33, 33, 33, 33, 33, 33, 33, 33, 33, 33, 33, 33, 33, 33, 33, 33, 33, 33, 33, 33, 33, 33, 33, 33, 33, 33, 33, 33, 33, 33, 33, 33, 33, 33, 33, 33, 33, 33, 33, 33, 33, 33, 33, 33, 33, 33, 33, 33, 33, 33, 33, 33, 33, 33, 33, 33, 33, 33, 33, 33, 33, 33, 33, 33, 33, 33, 33, 33, 33, 33, 33, 33, 33, 33, 33, 33, 33, 33, 33, 33, 33, 33, 33, 33, 33, 33, 33, 33, 33, 33, 33, 33, 33, 33, 33, 33, 33, 33, 33, 33, 33, 33, 33, 33, 33, 33, 33, 33, 33, 33, 33, 33, 33, 33, 33, 33, 33, 33, 33, 33, 33, 33, 33, 33, 33, 33, 33, 33, 33, 33, 33, 33, 33, 33, 33, 33, 33, 33, 33, 33, 33, 33, 33, 33, 33, 33, 33, 33, 33, 33, 33, 33, 33, 33, 33, 33, 33, 33, 33, 33, 33, 33, 33, 33, 33, 33, 33, 33, 33, 33, 33, 33, 33, 33, 33, 33, 33, 33, 33, 33, 33, 33, 33, 33, 33, 33, 33, 33, 33, 33, 33, 33, 33, 33, 33, 33, 33, 33, 33, 33, 33, 33, 33, 33, 33, 33, 33, 33, 33, 33, 33, 33, 33, 33, 33, 33, 33, 33, 33, 33, 33, 33, 33, 33, 33, 33, 33, 33, 33, 33, 33, 33, 33, 33, 33, 33, 33, 33, 33]",32.92784992784993,"[32.916594516594515, 32.92582972582972, 32.925252525252525, 32.92582972582973, 32.915151515151514, 32.92409812409812, 32.91976911976912, 32.91976911976912, 32.92409812409812, 32.92323232323232, 32.920346320346326, 32.92150072150072, 32.921789321789326, 32.92063492063492, 32.92409812409812, 32.917748917748916, 32.92554112554112, 32.924963924963926, 32.92929292929293, 32.93131313131313, 32.92554112554112, 32.92582972582973, 32.92582972582972, 32.92005772005772, 32.91832611832612, 32.91861471861472, 32.913708513708514, 32.91111111111111, 32.90937950937951, 32.913419913419915, 32.91544011544011, 32.91976911976912, 32.917748917748916, 32.92005772005772, 32.910245310245315, 32.918037518037515, 32.923809523809524, 32.92121212121212, 32.92005772005772, 32.923520923520925, 32.91688311688312, 32.91832611832612, 32.92409812409813, 32.91976911976912, 32.92352092352092, 32.92611832611833, 32.91688311688311, 32.924963924963926, 32.91717171717172, 32.91948051948052, 32.921789321789326, 32.92438672438673, 32.923809523809524, 32.925252525252525, 32.92409812409812, 32.92092352092352, 32.91832611832612, 32.91832611832612, 32.92438672438672, 32.92294372294372, 32.92265512265512, 32.92150072150072, 32.92150072150072, 32.922077922077925, 32.92265512265512, 32.92554112554112, 32.92294372294373, 32.92900432900433, 32.926695526695525, 32.92323232323232, 32.92438672438672, 32.91572871572872, 32.92611832611833, 32.92409812409812, 32.92467532467533, 32.922077922077925, 32.91948051948052, 32.91572871572871, 32.92005772005772, 32.91717171717171, 32.90995670995671, 32.91313131313131, 32.91255411255411, 32.91399711399711, 32.914862914862915, 32.91399711399711, 32.91284271284271, 32.90995670995671, 32.90909090909091, 32.91024531024531, 32.915151515151514, 32.92178932178932, 32.92034632034632, 32.91717171717172, 32.91688311688311, 32.916305916305916, 32.91255411255411, 32.91688311688311, 32.915151515151514, 32.90851370851371, 32.91572871572872, 32.914862914862915, 32.909668109668104, 32.91688311688311, 32.914862914862915, 32.91976911976912, 32.90966810966811, 32.916594516594515, 32.924963924963926, 32.92092352092352, 32.91861471861472, 32.91717171717171, 32.91890331890332, 32.91976911976912, 32.917748917748916, 32.916305916305916, 32.914862914862915, 32.91457431457432, 32.91659451659452, 32.91544011544011, 32.911976911976915, 32.91890331890332, 32.91139971139971, 32.916305916305916, 32.91168831168831, 32.911976911976915, 32.91082251082251, 32.90678210678211, 32.91168831168831, 32.90880230880231, 32.909090909090914, 32.913419913419915, 32.91226551226551, 32.911976911976915, 32.92034632034632, 32.919480519480516, 32.91861471861472, 32.920923520923516, 32.923809523809524, 32.923520923520925, 32.923520923520925, 32.922366522366524, 32.92265512265512, 32.91890331890332, 32.921789321789326, 32.91919191919192, 32.918326118326114, 32.916305916305916, 32.916594516594515, 32.92323232323233, 32.922366522366524, 32.92178932178932, 32.926406926406926, 32.92323232323232, 32.92323232323232, 32.917748917748916, 32.91976911976912, 32.92121212121212, 32.91544011544011, 32.91313131313131, 32.913419913419915, 32.914862914862915, 32.914862914862915, 32.91399711399711, 32.91746031746032, 32.91861471861472, 32.916305916305916, 32.915151515151514, 32.911688311688316, 32.913419913419915, 32.914862914862915, 32.916594516594515, 32.91601731601731, 32.91399711399711, 32.91601731601732, 32.91457431457432, 32.91688311688311, 32.91861471861472, 32.92092352092352, 32.91832611832612, 32.92063492063492, 32.918037518037515, 32.91861471861472, 32.91803751803752, 32.91832611832612, 32.91976911976912, 32.91919191919192, 32.923520923520925, 32.91717171717172, 32.92092352092352, 32.91948051948052, 32.91861471861472, 32.92092352092352, 32.922077922077925, 32.92294372294372, 32.926406926406926, 32.92438672438672, 32.92871572871573, 32.92582972582973, 32.92150072150072, 32.91919191919192, 32.92178932178932, 32.920634920634924, 32.925252525252525, 32.92467532467532, 32.922366522366524, 32.925252525252525, 32.92611832611833, 32.925252525252525, 32.92900432900433, 32.92756132756133, 32.92958152958153, 32.93015873015873, 32.936796536796535, 32.929870129870125, 32.92929292929293, 32.92727272727273, 32.923520923520925, 32.92236652236652, 32.924963924963926, 32.928138528138525, 32.923809523809524, 32.92554112554113, 32.922077922077925, 32.92582972582972, 32.92582972582972, 32.929292929292934, 32.92871572871573, 32.924963924963926, 32.92554112554112, 32.92842712842713, 32.92871572871573, 32.92582972582972, 32.92756132756133, 32.92554112554112, 32.928138528138525, 32.92929292929293, 32.92554112554112, 32.92582972582973, 32.92727272727273, 32.92611832611833, 32.92813852813853, 32.928138528138525, 32.92582972582972, 32.92727272727272, 32.92727272727273, 32.92813852813853, 32.92756132756133, 32.926406926406926, 32.92727272727273, 32.92323232323232, 32.922366522366524, 32.91688311688311, 32.91948051948052, 32.923520923520925, 32.91890331890332, 32.920923520923516, 32.91919191919192, 32.922077922077925, 32.92727272727273, 32.923520923520925, 32.921789321789326, 32.92121212121212, 32.92323232323233, 32.92640692640693, 32.92294372294372, 32.924963924963926, 32.92958152958153, 32.92409812409812, 32.926984126984124, 32.92784992784993, 32.932467532467534, 32.93275613275613, 32.933621933621936, 32.928427128427124, 32.92929292929293, 32.92871572871572, 32.92554112554112, 32.929581529581526, 32.92784992784993]",0.891379552341086,0.9085545722713864,33,"[33, 33, 33, 33, 33, 33, 33, 33, 33, 33, 33, 33, 33, 33, 33, 33, 33, 33, 33, 33, 33, 33, 33, 33, 33, 33, 33, 33, 33, 33, 33, 33, 33, 33, 33, 33, 33, 33, 33, 33, 33, 33, 33, 33, 33, 33, 33, 33, 33, 33, 33, 33, 33, 33, 33, 33, 33, 33, 33, 33, 33, 33, 33, 33, 33, 33, 33, 33, 33, 33, 33, 33, 33, 33, 33, 33, 33, 33, 33, 33, 33, 33, 33, 33, 33, 33, 33, 33, 33, 33, 33, 33, 33, 33, 33, 33, 33, 33, 33, 33, 33, 33, 33, 33, 33, 33, 33, 33, 33, 33, 33, 33, 33, 33, 33, 33, 33, 33, 33, 33, 33, 33, 33, 33, 33, 33, 33, 33, 33, 33, 33, 33, 33, 33, 33, 33, 33, 33, 33, 33, 33, 33, 33, 33, 33, 33, 33, 33, 33, 33, 33, 33, 33, 33, 33, 33, 33, 33, 33, 33, 33, 33, 33, 33, 33, 33, 33, 33, 33, 33, 33, 33, 33, 33, 33, 33, 33, 33, 33, 33, 33, 33, 33, 33, 33, 33, 33, 33, 33, 33, 33, 33, 33, 33, 33, 33, 33, 33, 33, 33, 33, 33, 33, 33, 33, 33, 33, 33, 33, 33, 33, 33, 33, 33, 33, 33, 33, 33, 33, 33, 33, 33, 33, 33, 33, 33, 33, 33, 33, 33, 33, 33, 33, 33, 33, 33, 33, 33, 33, 33, 33, 33, 33, 33, 33, 33, 33, 33, 33, 33, 33, 33, 33, 33, 33, 33, 33, 33, 33, 33, 33, 33, 33, 33, 33, 33, 33, 33, 33, 33, 33, 33, 33, 33, 33, 33, 33, 33, 33, 33]",280,"[0.412390798330307, 0.39950332045555115, 0.39288389682769775, 0.39018744230270386, 0.3874557614326477, 0.384865403175354, 0.3828193247318268, 0.38108760118484497, 0.3797498047351837, 0.3781931400299072, 0.376753032207489, 0.3753098249435425, 0.37419670820236206, 0.37336358428001404, 0.37312331795692444, 0.3717118501663208, 0.37086695432662964, 0.37002789974212646, 0.3694418966770172, 0.3691607713699341, 0.36828935146331787, 0.36737892031669617, 0.36681652069091797, 0.3667253255844116, 0.36602649092674255, 0.36542293429374695, 0.3640064597129822, 0.3639729619026184, 0.36261793971061707, 0.3623722195625305, 0.36223524808883667, 0.36231136322021484, 0.3609674870967865, 0.36041486263275146, 0.3600764572620392, 0.3597973883152008, 0.3589037358760834, 0.3584044277667999, 0.3580992817878723, 0.35716712474823, 0.35659298300743103, 0.35611066222190857, 0.35562390089035034, 0.3549925982952118, 0.35435789823532104, 0.3537486791610718, 0.35348188877105713, 0.3520922064781189, 0.35121846199035645, 0.3510419428348541, 0.3510778546333313, 0.3505105972290039, 0.3495171070098877, 0.34901559352874756, 0.34830546379089355, 0.34806495904922485, 0.347542405128479, 0.3472302556037903, 0.34661951661109924, 0.34640422463417053, 0.34572306275367737, 0.3462144434452057, 0.3450067937374115, 0.34576159715652466, 0.3444627523422241, 0.3431848883628845, 0.3426235616207123, 0.34233424067497253, 0.342092365026474, 0.3412545919418335, 0.34068533778190613, 0.3404002785682678, 0.3395398259162903, 0.3390415608882904, 0.33850133419036865, 0.3378896415233612, 0.3373546302318573, 0.33631783723831177, 0.3361677825450897, 0.335584819316864, 0.3353126645088196, 0.334572970867157, 0.3337612450122833, 0.33270809054374695, 0.3320440948009491, 0.3315769135951996, 0.3316427171230316, 0.3306674063205719, 0.33002176880836487, 0.329505056142807, 0.3287040591239929, 0.3279813528060913, 0.32735690474510193, 0.3268168568611145, 0.32560837268829346, 0.3257662057876587, 0.3247334361076355, 0.3242681920528412, 0.3238777220249176, 0.32299813628196716, 0.32353317737579346, 0.3218174874782562, 0.32070717215538025, 0.3201059103012085, 0.3191777467727661, 0.31849637627601624, 0.31798502802848816, 0.31716039776802063, 0.317201167345047, 0.3162742257118225, 0.31517237424850464, 0.31492456793785095, 0.31419333815574646, 0.31390076875686646, 0.31287258863449097, 0.311924546957016, 0.3115903437137604, 0.3114953637123108, 0.3097954988479614, 0.3090969920158386, 0.3093213737010956, 0.3074142038822174, 0.30669915676116943, 0.3059718906879425, 0.304820716381073, 0.30366915464401245, 0.303464412689209, 0.30248644948005676, 0.30132657289505005, 0.3005301058292389, 0.2993350327014923, 0.29816895723342896, 0.29735302925109863, 0.29681622982025146, 0.29565519094467163, 0.29536834359169006, 0.294416606426239, 0.2936704456806183, 0.2924270033836365, 0.2915850579738617, 0.2912057936191559, 0.2898642122745514, 0.28916192054748535, 0.2891594469547272, 0.2879509925842285, 0.28783124685287476, 0.2865895628929138, 0.2862732708454132, 0.28516319394111633, 0.2842503488063812, 0.2838272750377655, 0.2825368642807007, 0.2823105752468109, 0.28159505128860474, 0.2814399003982544, 0.2797906994819641, 0.2791205048561096, 0.2783352732658386, 0.277798593044281, 0.2779944837093353, 0.2764889597892761, 0.27603060007095337, 0.27568769454956055, 0.2750991880893707, 0.27452579140663147, 0.27432993054389954, 0.2741125822067261, 0.2732103168964386, 0.2723484933376312, 0.27136313915252686, 0.2709234356880188, 0.2708132266998291, 0.2703249156475067, 0.2694028317928314, 0.26906752586364746, 0.268231600522995, 0.26764610409736633, 0.26658499240875244, 0.2665116488933563, 0.26642265915870667, 0.26541900634765625, 0.2638818621635437, 0.26308947801589966, 0.26308801770210266, 0.2634477913379669, 0.2622789144515991, 0.2615467607975006, 0.2613449990749359, 0.26067233085632324, 0.2612757682800293, 0.2602836787700653, 0.2602108418941498, 0.25939562916755676, 0.258189857006073, 0.2578122019767761, 0.25804847478866577, 0.25735652446746826, 0.25747764110565186, 0.2580483555793762, 0.2567290663719177, 0.2566738426685333, 0.25597357749938965, 0.25566476583480835, 0.25521817803382874, 0.25440549850463867, 0.25364524126052856, 0.2538849711418152, 0.2538548707962036, 0.2547455132007599, 0.25279250741004944, 0.25256460905075073, 0.2521824836730957, 0.2523895800113678, 0.25332197546958923, 0.2510796785354614, 0.250085711479187, 0.24983692169189453, 0.24901752173900604, 0.25001591444015503, 0.24870122969150543, 0.24813136458396912, 0.24755391478538513, 0.24708037078380585, 0.24654851853847504, 0.24706155061721802, 0.24645008146762848, 0.24768508970737457, 0.24670785665512085, 0.24568518996238708, 0.24587412178516388, 0.2461223006248474, 0.2462255358695984, 0.24580933153629303, 0.24472257494926453, 0.2449691891670227, 0.24434934556484222, 0.2436542510986328, 0.2442619651556015, 0.2447175532579422, 0.2432902306318283, 0.2426932156085968, 0.24210695922374725, 0.2414688915014267, 0.24099722504615784, 0.24109672009944916, 0.24051739275455475, 0.24084395170211792, 0.24046657979488373, 0.24003835022449493, 0.23958192765712738, 0.23779256641864777, 0.23706172406673431, 0.2366293966770172, 0.23675017058849335, 0.23628723621368408, 0.23568648099899292, 0.23533612489700317, 0.23501157760620117, 0.2365659773349762, 0.23606184124946594, 0.2345820665359497, 0.23503105342388153, 0.23526933789253235, 0.2347484976053238, 0.23356293141841888, 0.23350298404693604, 0.2331409901380539, 0.23221345245838165, 0.23199982941150665, 0.23205257952213287, 0.2330123335123062, 0.23216882348060608, 0.23179608583450317, 0.23153360188007355, 0.23134535551071167, 0.23141126334667206, 0.2329237163066864, 0.23169314861297607, 0.22985762357711792, 0.23006398975849152]",33.0,"[33.0, 33.0, 33.0, 33.0, 33.0, 33.0, 33.0, 33.0, 33.0, 33.0, 33.0, 33.0, 33.0, 33.0, 33.0, 33.0, 33.0, 33.0, 33.0, 33.0, 33.0, 33.0, 33.0, 33.0, 33.0, 33.0, 33.0, 33.0, 33.0, 33.0, 33.0, 33.0, 33.0, 33.0, 33.0, 33.0, 33.0, 33.0, 33.0, 33.0, 33.0, 33.0, 33.0, 33.0, 33.0, 33.0, 33.0, 33.0, 33.0, 33.0, 33.0, 33.0, 33.0, 33.0, 33.0, 33.0, 33.0, 33.0, 33.0, 33.0, 33.0, 33.0, 33.0, 33.0, 33.0, 33.0, 33.0, 33.0, 33.0, 33.0, 33.0, 33.0, 33.0, 33.0, 33.0, 33.0, 33.0, 33.0, 33.0, 33.0, 33.0, 33.0, 33.0, 33.0, 33.0, 33.0, 33.0, 33.0, 33.0, 33.0, 33.0, 33.0, 33.0, 33.0, 33.0, 33.0, 33.0, 33.0, 33.0, 33.0, 33.0, 33.0, 33.0, 33.0, 33.0, 33.0, 33.0, 33.0, 33.0, 33.0, 33.0, 33.0, 33.0, 33.0, 33.0, 33.0, 33.0, 33.0, 33.0, 33.0, 33.0, 33.0, 33.0, 33.0, 33.0, 33.0, 33.0, 33.0, 33.0, 33.0, 33.0, 33.0, 33.0, 33.0, 33.0, 33.0, 33.0, 33.0, 33.0, 33.0, 33.0, 33.0, 33.0, 33.0, 33.0, 33.0, 33.0, 33.0, 33.0, 33.0, 33.0, 33.0, 33.0, 33.0, 33.0, 33.0, 33.0, 33.0, 33.0, 33.0, 33.0, 33.0, 33.0, 33.0, 33.0, 33.0, 33.0, 33.0, 33.0, 33.0, 33.0, 33.0, 33.0, 33.0, 33.0, 33.0, 33.0, 33.0, 33.0, 33.0, 33.0, 33.0, 33.0, 33.0, 33.0, 33.0, 33.0, 33.0, 33.0, 33.0, 33.0, 33.0, 33.0, 33.0, 33.0, 33.0, 33.0, 33.0, 33.0, 33.0, 33.0, 33.0, 33.0, 33.0, 33.0, 33.0, 33.0, 33.0, 33.0, 33.0, 33.0, 33.0, 33.0, 33.0, 33.0, 33.0, 33.0, 33.0, 33.0, 33.0, 33.0, 33.0, 33.0, 33.0, 33.0, 33.0, 33.0, 33.0, 33.0, 33.0, 33.0, 33.0, 33.0, 33.0, 33.0, 33.0, 33.0, 33.0, 33.0, 33.0, 33.0, 33.0, 33.0, 33.0, 33.0, 33.0, 33.0, 33.0, 33.0, 33.0, 33.0, 33.0, 33.0, 33.0, 33.0, 33.0, 33.0, 33.0, 33.0, 33.0, 33.0, 33.0, 33.0, 33.0, 33.0, 33.0, 33.0, 33.0, 33.0, 33.0, 33.0, 33.0, 33.0, 33.0, 33.0, 33.0, 33.0, 33.0, 33.0, 33.0]",COMPLETE
