,number,value,datetime_start,datetime_complete,duration,params_batch_size_scaler,params_constant_learning_rate,params_depth,params_epochs,params_kernel_l2,params_num_trees,params_temperature,user_attrs_accuracy_test,user_attrs_accuracy_valid,user_attrs_approximate_feature_sparsity,user_attrs_approximate_feature_sparsity_history,user_attrs_approximate_weight_sparsity,user_attrs_approximate_weight_sparsity_history,user_attrs_auc_test,user_attrs_auc_valid,user_attrs_feature_sparsity,user_attrs_feature_sparsity_history,user_attrs_num_epochs,user_attrs_val_loss_history,user_attrs_weight_sparsity,user_attrs_weight_sparsity_history,state
137,137,0.8085429789645888,2024-08-31 06:29:40.201262,2024-08-31 06:32:10.441770,0 days 00:02:30.240508,4,0.052216551942029926,5,100,0.015442130250368545,36,0.05199664279185428,0.88,0.88,33,"[33, 33, 33, 33, 33, 33, 33, 33, 33, 33, 33, 33, 33, 33, 33, 33, 33, 33, 33, 33, 33, 33, 33, 33, 33, 33, 33, 33, 33, 33, 33, 33, 33, 33, 33, 33, 33, 33, 33, 33, 33, 33, 33, 33, 33, 33, 33, 33, 33, 33, 33, 33, 33, 33, 33, 33, 33, 33, 33, 33, 33, 33, 33, 33, 33, 33, 33, 33, 33, 33, 33, 33, 33, 33, 33, 33, 33, 33, 33, 33, 33, 33, 33, 33, 33, 33, 33, 33, 33, 33, 33, 33, 33, 33, 33, 33, 33, 33, 33, 33]",32.96415770609319,"[32.9668458781362, 32.9578853046595, 32.95519713261649, 32.954301075268816, 32.95878136200717, 32.962365591397855, 32.96057347670251, 32.96057347670251, 32.96594982078853, 32.95698924731183, 32.95878136200717, 32.95609318996416, 32.96594982078853, 32.96057347670251, 32.95878136200717, 32.96057347670251, 32.95698924731183, 32.95161290322581, 32.95340501792115, 32.95967741935484, 32.95609318996416, 32.948028673835125, 32.943548387096776, 32.95519713261649, 32.95161290322581, 32.950716845878134, 32.94982078853047, 32.95071684587814, 32.94534050179212, 32.94982078853047, 32.95698924731183, 32.9578853046595, 32.95161290322581, 32.960573476702514, 32.96236559139785, 32.9578853046595, 32.9578853046595, 32.96146953405018, 32.9578853046595, 32.95340501792114, 32.96326164874552, 32.95519713261649, 32.95519713261649, 32.95967741935484, 32.96415770609319, 32.96326164874552, 32.96146953405018, 32.95698924731183, 32.96415770609319, 32.96236559139785, 32.95698924731183, 32.95609318996416, 32.95430107526882, 32.96057347670251, 32.962365591397855, 32.96774193548387, 32.965053763440864, 32.968637992831546, 32.971326164874554, 32.9578853046595, 32.958781362007166, 32.958781362007166, 32.96057347670251, 32.954301075268816, 32.95519713261649, 32.95698924731183, 32.95698924731183, 32.954301075268816, 32.9578853046595, 32.9578853046595, 32.95250896057348, 32.954301075268816, 32.954301075268816, 32.95698924731183, 32.95161290322581, 32.958781362007166, 32.95609318996416, 32.95698924731183, 32.95967741935484, 32.96236559139785, 32.96326164874552, 32.96146953405018, 32.95878136200717, 32.95519713261649, 32.954301075268816, 32.96326164874552, 32.954301075268816, 32.95878136200717, 32.96326164874552, 32.95878136200717, 32.971326164874554, 32.96505376344086, 32.96774193548387, 32.95878136200717, 32.96326164874552, 32.96146953405018, 32.96415770609319, 32.96146953405018, 32.96057347670251, 32.96415770609319]",0.8270296155021094,0.8085429789645888,33,"[33, 33, 33, 33, 33, 33, 33, 33, 33, 33, 33, 33, 33, 33, 33, 33, 33, 33, 33, 33, 33, 33, 33, 33, 33, 33, 33, 33, 33, 33, 33, 33, 33, 33, 33, 33, 33, 33, 33, 33, 33, 33, 33, 33, 33, 33, 33, 33, 33, 33, 33, 33, 33, 33, 33, 33, 33, 33, 33, 33, 33, 33, 33, 33, 33, 33, 33, 33, 33, 33, 33, 33, 33, 33, 33, 33, 33, 33, 33, 33, 33, 33, 33, 33, 33, 33, 33, 33, 33, 33, 33, 33, 33, 33, 33, 33, 33, 33, 33, 33]",100,"[0.4360752999782562, 0.4026736319065094, 0.3956868648529053, 0.39181792736053467, 0.38886067271232605, 0.3863844573497772, 0.38412320613861084, 0.3821260333061218, 0.38032418489456177, 0.3787004351615906, 0.37726086378097534, 0.3759811818599701, 0.37475869059562683, 0.37365078926086426, 0.372604638338089, 0.3716317415237427, 0.3706677556037903, 0.36979714035987854, 0.3690067231655121, 0.36827534437179565, 0.3674369752407074, 0.3667057156562805, 0.36604464054107666, 0.36529240012168884, 0.364623099565506, 0.36393386125564575, 0.36329594254493713, 0.3626846373081207, 0.3621138036251068, 0.36143019795417786, 0.36082103848457336, 0.36019983887672424, 0.3596118986606598, 0.3589785099029541, 0.35844147205352783, 0.3578641414642334, 0.35722801089286804, 0.35670116543769836, 0.35613322257995605, 0.3554936647415161, 0.35490426421165466, 0.3543156385421753, 0.35369548201560974, 0.3531547486782074, 0.3525315225124359, 0.35194557905197144, 0.35133716464042664, 0.3507768511772156, 0.350210577249527, 0.3496330976486206, 0.34904974699020386, 0.34846019744873047, 0.3478809595108032, 0.3472513258457184, 0.34663692116737366, 0.34602200984954834, 0.3453821539878845, 0.34481915831565857, 0.3442355692386627, 0.3435967266559601, 0.34298670291900635, 0.3424586057662964, 0.3418099284172058, 0.34119710326194763, 0.34061872959136963, 0.33987662196159363, 0.33925360441207886, 0.3386196196079254, 0.33799293637275696, 0.33730247616767883, 0.3366680443286896, 0.33602097630500793, 0.33537256717681885, 0.3347651958465576, 0.33405381441116333, 0.33339419960975647, 0.33272242546081543, 0.3320508301258087, 0.3313659727573395, 0.33058276772499084, 0.32991206645965576, 0.32920798659324646, 0.32852703332901, 0.3277672827243805, 0.3269696533679962, 0.3262692987918854, 0.32549887895584106, 0.3247532546520233, 0.3239458501338959, 0.3231620788574219, 0.32247158885002136, 0.3216937780380249, 0.32092925906181335, 0.32014912366867065, 0.31928902864456177, 0.3183887302875519, 0.31761324405670166, 0.31678569316864014, 0.3159266412258148, 0.3150945007801056]",33.0,"[33.0, 33.0, 33.0, 33.0, 33.0, 33.0, 33.0, 33.0, 33.0, 33.0, 33.0, 33.0, 33.0, 33.0, 33.0, 33.0, 33.0, 33.0, 33.0, 33.0, 33.0, 33.0, 33.0, 33.0, 33.0, 33.0, 33.0, 33.0, 33.0, 33.0, 33.0, 33.0, 33.0, 33.0, 33.0, 33.0, 33.0, 33.0, 33.0, 33.0, 33.0, 33.0, 33.0, 33.0, 33.0, 33.0, 33.0, 33.0, 33.0, 33.0, 33.0, 33.0, 33.0, 33.0, 33.0, 33.0, 33.0, 33.0, 33.0, 33.0, 33.0, 33.0, 33.0, 33.0, 33.0, 33.0, 33.0, 33.0, 33.0, 33.0, 33.0, 33.0, 33.0, 33.0, 33.0, 33.0, 33.0, 33.0, 33.0, 33.0, 33.0, 33.0, 33.0, 33.0, 33.0, 33.0, 33.0, 33.0, 33.0, 33.0, 33.0, 33.0, 33.0, 33.0, 33.0, 33.0, 33.0, 33.0, 33.0, 33.0]",COMPLETE
