,number,value,datetime_start,datetime_complete,duration,params_batch_size_scaler,params_constant_learning_rate,params_depth,params_epochs,params_kernel_l2,params_num_trees,params_temperature,user_attrs_accuracy_test,user_attrs_accuracy_valid,user_attrs_approximate_feature_sparsity,user_attrs_approximate_feature_sparsity_history,user_attrs_approximate_weight_sparsity,user_attrs_approximate_weight_sparsity_history,user_attrs_auc_test,user_attrs_auc_valid,user_attrs_feature_sparsity,user_attrs_feature_sparsity_history,user_attrs_num_epochs,user_attrs_val_loss_history,user_attrs_weight_sparsity,user_attrs_weight_sparsity_history,state
62,62,0.9245919800079864,2024-08-31 03:14:16.029980,2024-08-31 03:16:25.870003,0 days 00:02:09.840023,4,0.21271753306552707,6,100,0.07226016823681758,14,0.0021427472777082518,0.937,0.94,33,"[33, 33, 33, 33, 33, 33, 33, 33, 33, 33, 33, 33, 33, 33, 33, 33, 33, 33, 33, 33, 33, 33, 33, 33, 33, 33, 33, 33, 33, 33, 33, 33, 33, 33, 33, 33, 33, 33, 33, 33, 33, 33, 33, 33, 33, 33, 33, 33, 33, 33, 33, 33, 33, 33, 33, 33, 33, 33, 33, 33, 33, 33, 33, 33, 33, 33, 33, 33, 33, 33, 33, 33, 33, 33, 33, 33, 33, 33, 33, 33, 33, 33, 33, 33, 33, 33, 33, 33, 33, 33, 33, 33, 33, 33, 33, 33, 33, 33, 33, 33]",32.94444444444444,"[32.96371882086168, 32.956916099773245, 32.96258503401361, 32.95918367346939, 32.96371882086168, 32.96371882086168, 32.9546485260771, 32.95918367346939, 32.951247165532884, 32.95578231292517, 32.95918367346939, 32.95804988662132, 32.9546485260771, 32.961451247165535, 32.95804988662132, 32.95238095238095, 32.961451247165535, 32.96371882086168, 32.95918367346939, 32.961451247165535, 32.97392290249434, 32.967120181405896, 32.96825396825397, 32.961451247165535, 32.956916099773245, 32.961451247165535, 32.96371882086168, 32.97052154195012, 32.96258503401361, 32.96031746031746, 32.95238095238095, 32.96031746031746, 32.96485260770975, 32.96258503401361, 32.960317460317455, 32.96371882086168, 32.965986394557824, 32.9546485260771, 32.96258503401361, 32.96031746031746, 32.961451247165535, 32.95578231292517, 32.96031746031746, 32.94897959183673, 32.96485260770975, 32.956916099773245, 32.95691609977324, 32.954648526077094, 32.950113378684804, 32.95351473922903, 32.945578231292515, 32.93764172335601, 32.95351473922902, 32.95124716553288, 32.95351473922903, 32.94897959183673, 32.952380952380956, 32.951247165532884, 32.954648526077094, 32.95804988662132, 32.9546485260771, 32.95918367346939, 32.95804988662132, 32.95351473922903, 32.96031746031746, 32.96938775510204, 32.96371882086168, 32.96825396825397, 32.96031746031746, 32.95918367346939, 32.96485260770975, 32.95918367346939, 32.956916099773245, 32.94897959183673, 32.955782312925166, 32.94897959183673, 32.94784580498866, 32.942176870748305, 32.95124716553288, 32.94784580498866, 32.94671201814059, 32.955782312925166, 32.95124716553288, 32.961451247165535, 32.96258503401361, 32.96371882086168, 32.96258503401361, 32.95918367346939, 32.95578231292517, 32.95804988662132, 32.9546485260771, 32.95804988662132, 32.95124716553288, 32.9421768707483, 32.94671201814059, 32.95578231292517, 32.95238095238095, 32.95124716553288, 32.95011337868481, 32.94444444444444]",0.9097746844012913,0.9245919800079864,33,"[33, 33, 33, 33, 33, 33, 33, 33, 33, 33, 33, 33, 33, 33, 33, 33, 33, 33, 33, 33, 33, 33, 33, 33, 33, 33, 33, 33, 33, 33, 33, 33, 33, 33, 33, 33, 33, 33, 33, 33, 33, 33, 33, 33, 33, 33, 33, 33, 33, 33, 33, 33, 33, 33, 33, 33, 33, 33, 33, 33, 33, 33, 33, 33, 33, 33, 33, 33, 33, 33, 33, 33, 33, 33, 33, 33, 33, 33, 33, 33, 33, 33, 33, 33, 33, 33, 33, 33, 33, 33, 33, 33, 33, 33, 33, 33, 33, 33, 33, 33]",100,"[0.4141002595424652, 0.3918425738811493, 0.3843051493167877, 0.3794865906238556, 0.37585335969924927, 0.37269657850265503, 0.3699714243412018, 0.36748072504997253, 0.3651660084724426, 0.36281245946884155, 0.36043471097946167, 0.3581690490245819, 0.3559476137161255, 0.3534519076347351, 0.35098353028297424, 0.34832507371902466, 0.3456628918647766, 0.34305548667907715, 0.34008848667144775, 0.3369113802909851, 0.3339174687862396, 0.33064529299736023, 0.32741013169288635, 0.32408151030540466, 0.3207606375217438, 0.3173220753669739, 0.31379014253616333, 0.31032153964042664, 0.30716556310653687, 0.303732305765152, 0.30057352781295776, 0.2973597049713135, 0.29417145252227783, 0.29121994972229004, 0.28827962279319763, 0.2857331335544586, 0.28321439027786255, 0.2809959650039673, 0.2787969708442688, 0.2763756513595581, 0.2742972671985626, 0.2720642387866974, 0.2702609598636627, 0.26823559403419495, 0.2664913833141327, 0.2649802267551422, 0.26300129294395447, 0.2611813247203827, 0.2595100998878479, 0.2577325403690338, 0.25617876648902893, 0.25440144538879395, 0.25296521186828613, 0.25098347663879395, 0.2495279163122177, 0.2480422556400299, 0.24641968309879303, 0.24485641717910767, 0.24335703253746033, 0.24225962162017822, 0.2405228465795517, 0.2386631965637207, 0.23758254945278168, 0.23634113371372223, 0.23517125844955444, 0.23339565098285675, 0.23271603882312775, 0.23107190430164337, 0.22933539748191833, 0.22828058898448944, 0.22711063921451569, 0.22594289481639862, 0.22486433386802673, 0.22389493882656097, 0.22226932644844055, 0.2212645411491394, 0.22005100548267365, 0.21960394084453583, 0.21872195601463318, 0.21773728728294373, 0.21635110676288605, 0.21586841344833374, 0.21462427079677582, 0.21343055367469788, 0.21206223964691162, 0.21140781044960022, 0.21080712974071503, 0.2101949155330658, 0.2101285755634308, 0.20943939685821533, 0.20924009382724762, 0.20801347494125366, 0.20718525350093842, 0.20713301002979279, 0.2058093100786209, 0.2057262808084488, 0.20448151230812073, 0.20388580858707428, 0.20331797003746033, 0.20305457711219788]",33.0,"[33.0, 33.0, 33.0, 33.0, 33.0, 33.0, 33.0, 33.0, 33.0, 33.0, 33.0, 33.0, 33.0, 33.0, 33.0, 33.0, 33.0, 33.0, 33.0, 33.0, 33.0, 33.0, 33.0, 33.0, 33.0, 33.0, 33.0, 33.0, 33.0, 33.0, 33.0, 33.0, 33.0, 33.0, 33.0, 33.0, 33.0, 33.0, 33.0, 33.0, 33.0, 33.0, 33.0, 33.0, 33.0, 33.0, 33.0, 33.0, 33.0, 33.0, 33.0, 33.0, 33.0, 33.0, 33.0, 33.0, 33.0, 33.0, 33.0, 33.0, 33.0, 33.0, 33.0, 33.0, 33.0, 33.0, 33.0, 33.0, 33.0, 33.0, 33.0, 33.0, 33.0, 33.0, 33.0, 33.0, 33.0, 33.0, 33.0, 33.0, 33.0, 33.0, 33.0, 33.0, 33.0, 33.0, 33.0, 33.0, 33.0, 33.0, 33.0, 33.0, 33.0, 33.0, 33.0, 33.0, 33.0, 33.0, 33.0, 33.0]",COMPLETE
