,number,value,datetime_start,datetime_complete,duration,params_batch_size_scaler,params_constant_learning_rate,params_depth,params_epochs,params_kernel_l2,params_num_trees,params_temperature,user_attrs_accuracy_test,user_attrs_accuracy_valid,user_attrs_approximate_feature_sparsity,user_attrs_approximate_feature_sparsity_history,user_attrs_approximate_weight_sparsity,user_attrs_approximate_weight_sparsity_history,user_attrs_auc_test,user_attrs_auc_valid,user_attrs_feature_sparsity,user_attrs_feature_sparsity_history,user_attrs_num_epochs,user_attrs_val_loss_history,user_attrs_weight_sparsity,user_attrs_weight_sparsity_history,state
78,78,0.9263052131236232,2024-08-31 03:59:12.897043,2024-08-31 03:59:26.704809,0 days 00:00:13.807766,4,0.13872397188173835,2,60,0.005964819888104285,61,0.0021812812969960126,0.938,0.9375,33,"[33, 33, 33, 33, 33, 33, 33, 33, 33, 33, 33, 33, 33, 33, 33, 33, 33, 33, 33, 33, 33, 33, 33, 33, 33, 33, 33, 33, 33, 33, 33, 33, 33, 33, 33, 33, 33, 33, 33, 33, 33, 33, 33, 33, 33, 33, 33, 33, 33, 33, 33, 33, 33, 33, 33, 33, 33, 33, 33, 33]",32.98907103825137,"[32.967213114754095, 32.98360655737705, 32.98907103825137, 32.98360655737705, 32.978142076502735, 32.978142076502735, 32.978142076502735, 32.98360655737705, 32.98360655737705, 32.978142076502735, 32.96174863387978, 32.978142076502735, 32.98907103825137, 32.98360655737705, 32.97267759562841, 33.0, 32.98907103825137, 32.98360655737705, 32.97267759562841, 32.967213114754095, 32.98907103825137, 32.994535519125684, 32.978142076502735, 32.994535519125684, 32.978142076502735, 32.98907103825137, 32.98360655737705, 33.0, 32.97267759562841, 32.983606557377044, 32.994535519125684, 32.978142076502735, 32.98907103825137, 32.97267759562841, 32.98360655737705, 32.97267759562841, 32.98907103825137, 32.983606557377044, 32.983606557377044, 32.96174863387978, 32.98907103825137, 32.994535519125684, 32.98360655737705, 32.98907103825137, 32.98907103825137, 32.98360655737705, 32.994535519125684, 32.98907103825137, 32.98360655737705, 32.98907103825137, 32.97267759562841, 32.978142076502735, 32.978142076502735, 32.978142076502735, 32.994535519125684, 32.97267759562841, 32.98360655737705, 32.98360655737705, 32.978142076502735, 32.98907103825137]",0.9089903318224226,0.9263052131236232,33,"[33, 33, 33, 33, 33, 33, 33, 33, 33, 33, 33, 33, 33, 33, 33, 33, 33, 33, 33, 33, 33, 33, 33, 33, 33, 33, 33, 33, 33, 33, 33, 33, 33, 33, 33, 33, 33, 33, 33, 33, 33, 33, 33, 33, 33, 33, 33, 33, 33, 33, 33, 33, 33, 33, 33, 33, 33, 33, 33, 33]",60,"[0.3847929835319519, 0.37737810611724854, 0.3661951422691345, 0.3605206310749054, 0.35546180605888367, 0.3565187454223633, 0.3423655331134796, 0.3411337733268738, 0.33482569456100464, 0.3279651403427124, 0.3216598629951477, 0.3171658217906952, 0.31431782245635986, 0.3109106421470642, 0.30532145500183105, 0.2988722324371338, 0.29489782452583313, 0.2875216603279114, 0.2798219919204712, 0.2745126485824585, 0.2730461359024048, 0.2644505202770233, 0.263094961643219, 0.2571297883987427, 0.2543625235557556, 0.25951460003852844, 0.24933265149593353, 0.24693623185157776, 0.24421267211437225, 0.24030864238739014, 0.2381330132484436, 0.23677925765514374, 0.232869490981102, 0.23316293954849243, 0.2294873744249344, 0.227519690990448, 0.22410714626312256, 0.22312574088573456, 0.22139911353588104, 0.22033508121967316, 0.21769766509532928, 0.21998243033885956, 0.21665386855602264, 0.21642856299877167, 0.21414653956890106, 0.21178649365901947, 0.21051344275474548, 0.20894965529441833, 0.2164432555437088, 0.20723797380924225, 0.20695239305496216, 0.21390649676322937, 0.2047838717699051, 0.20609650015830994, 0.20834951102733612, 0.20376378297805786, 0.20268526673316956, 0.20361165702342987, 0.21352241933345795, 0.20254923403263092]",33.0,"[33.0, 33.0, 33.0, 33.0, 33.0, 33.0, 33.0, 33.0, 33.0, 33.0, 33.0, 33.0, 33.0, 33.0, 33.0, 33.0, 33.0, 33.0, 33.0, 33.0, 33.0, 33.0, 33.0, 33.0, 33.0, 33.0, 33.0, 33.0, 33.0, 33.0, 33.0, 33.0, 33.0, 33.0, 33.0, 33.0, 33.0, 33.0, 33.0, 33.0, 33.0, 33.0, 33.0, 33.0, 33.0, 33.0, 33.0, 33.0, 33.0, 33.0, 33.0, 33.0, 33.0, 33.0, 33.0, 33.0, 33.0, 33.0, 33.0, 33.0]",COMPLETE
79,79,0.9093789851992117,2024-08-31 03:59:31.036230,2024-08-31 04:01:03.573524,0 days 00:01:32.537294,4,0.07457054843629027,5,115,0.024907161890988568,9,0.0060515718319084375,0.921,0.91625,33,"[33, 33, 33, 33, 33, 33, 33, 33, 33, 33, 33, 33, 33, 33, 33, 33, 33, 33, 33, 33, 33, 33, 33, 33, 33, 33, 33, 33, 33, 33, 33, 33, 33, 33, 33, 33, 33, 33, 33, 33, 33, 33, 33, 33, 33, 33, 33, 33, 33, 33, 33, 33, 33, 33, 33, 33, 33, 33, 33, 33, 33, 33, 33, 33, 33, 33, 33, 33, 33, 33, 33, 33, 33, 33, 33, 33, 33, 33, 33, 33, 33, 33, 33, 33, 33, 33, 33, 33, 33, 33, 33, 33, 33, 33, 33, 33, 33, 33, 33, 33, 33, 33, 33, 33, 33, 33, 33, 33, 33, 33, 33, 33, 33, 33, 33]",32.97491039426523,"[32.971326164874554, 32.97491039426523, 32.97849462365591, 32.956989247311824, 32.982078853046595, 32.97849462365591, 32.97132616487455, 32.97491039426523, 32.97132616487455, 32.96774193548387, 32.96774193548387, 32.98566308243728, 32.982078853046595, 32.97491039426524, 32.97849462365591, 32.992831541218635, 32.97849462365591, 32.98566308243728, 32.97491039426524, 32.956989247311824, 32.97849462365591, 32.982078853046595, 32.97491039426524, 32.97491039426524, 32.96774193548387, 32.97491039426523, 32.96057347670251, 32.97849462365591, 32.97491039426523, 32.971326164874554, 32.97491039426524, 32.96415770609319, 32.98566308243728, 32.97849462365591, 32.98566308243728, 32.98924731182796, 32.98566308243728, 32.982078853046595, 32.96057347670251, 32.96774193548387, 32.971326164874554, 32.982078853046595, 32.97491039426524, 32.97132616487455, 32.97849462365591, 32.97849462365591, 32.99641577060932, 32.982078853046595, 32.98566308243728, 32.971326164874554, 32.971326164874554, 32.96415770609319, 32.97849462365591, 32.97491039426524, 32.982078853046595, 32.982078853046595, 32.96415770609319, 32.97491039426523, 32.96415770609319, 32.967741935483865, 32.96774193548387, 32.96774193548387, 32.956989247311824, 32.96415770609319, 32.96057347670251, 32.96057347670251, 32.96415770609319, 32.96415770609319, 32.96057347670251, 32.971326164874554, 32.971326164874554, 32.97491039426524, 32.97849462365591, 32.982078853046595, 32.956989247311824, 32.97491039426523, 32.96774193548387, 32.971326164874554, 32.982078853046595, 32.982078853046595, 32.98924731182796, 32.982078853046595, 32.98566308243728, 32.98924731182796, 32.97491039426523, 32.96774193548387, 32.971326164874554, 32.97849462365591, 32.97849462365591, 32.97132616487455, 32.96774193548387, 32.982078853046595, 32.97491039426523, 32.98924731182796, 32.98924731182796, 32.982078853046595, 32.98566308243728, 32.97849462365592, 32.971326164874554, 32.971326164874554, 32.96774193548387, 32.96415770609319, 32.96415770609319, 32.96774193548387, 32.94982078853047, 32.97491039426523, 32.97491039426523, 32.96774193548387, 32.956989247311824, 32.982078853046595, 32.97849462365591, 32.982078853046595, 32.97849462365591, 32.97849462365591, 32.97491039426523]",0.8946160387717866,0.9093789851992117,33,"[33, 33, 33, 33, 33, 33, 33, 33, 33, 33, 33, 33, 33, 33, 33, 33, 33, 33, 33, 33, 33, 33, 33, 33, 33, 33, 33, 33, 33, 33, 33, 33, 33, 33, 33, 33, 33, 33, 33, 33, 33, 33, 33, 33, 33, 33, 33, 33, 33, 33, 33, 33, 33, 33, 33, 33, 33, 33, 33, 33, 33, 33, 33, 33, 33, 33, 33, 33, 33, 33, 33, 33, 33, 33, 33, 33, 33, 33, 33, 33, 33, 33, 33, 33, 33, 33, 33, 33, 33, 33, 33, 33, 33, 33, 33, 33, 33, 33, 33, 33, 33, 33, 33, 33, 33, 33, 33, 33, 33, 33, 33, 33, 33, 33, 33]",115,"[0.44094225764274597, 0.41042181849479675, 0.39787018299102783, 0.39091601967811584, 0.3862657845020294, 0.3826198875904083, 0.37957167625427246, 0.37689661979675293, 0.37444794178009033, 0.3721780776977539, 0.3700087368488312, 0.36793503165245056, 0.36591270565986633, 0.3639264702796936, 0.36198464035987854, 0.3600354492664337, 0.35810840129852295, 0.3561725616455078, 0.3541930913925171, 0.3522182106971741, 0.35024356842041016, 0.34824222326278687, 0.34625929594039917, 0.34427592158317566, 0.34224167466163635, 0.3402142822742462, 0.33820244669914246, 0.33613795042037964, 0.3340502977371216, 0.33196908235549927, 0.32996949553489685, 0.32791638374328613, 0.3258916735649109, 0.32386794686317444, 0.32185423374176025, 0.31991055607795715, 0.31799930334091187, 0.3160474896430969, 0.31412455439567566, 0.31227219104766846, 0.3104424476623535, 0.3086508512496948, 0.3068774342536926, 0.30517202615737915, 0.30346572399139404, 0.3018186092376709, 0.30020076036453247, 0.29864925146102905, 0.29713985323905945, 0.29565420746803284, 0.2941972017288208, 0.2927305996417999, 0.29137757420539856, 0.28999537229537964, 0.2886406183242798, 0.28732243180274963, 0.28609997034072876, 0.2848486006259918, 0.2836458683013916, 0.28238973021507263, 0.2812410593032837, 0.28009089827537537, 0.2790093719959259, 0.2779039442539215, 0.2768823504447937, 0.27577102184295654, 0.27469196915626526, 0.273661732673645, 0.27257683873176575, 0.2715917229652405, 0.27060574293136597, 0.26958563923835754, 0.26864489912986755, 0.2676759362220764, 0.26674479246139526, 0.26582157611846924, 0.264839231967926, 0.26391029357910156, 0.26307007670402527, 0.26207947731018066, 0.26111114025115967, 0.2602444887161255, 0.2594166100025177, 0.25856292247772217, 0.2577570676803589, 0.2568996548652649, 0.25603631138801575, 0.25531986355781555, 0.2544437348842621, 0.2536037862300873, 0.25288599729537964, 0.25206154584884644, 0.2512930929660797, 0.2504977881908417, 0.2497028112411499, 0.24898214638233185, 0.24822492897510529, 0.24736188352108002, 0.24663332104682922, 0.24588020145893097, 0.24511446058750153, 0.2443716675043106, 0.2436368763446808, 0.2429267317056656, 0.24230997264385223, 0.24154819548130035, 0.2408464252948761, 0.2402455359697342, 0.2394692450761795, 0.238769069314003, 0.2382575422525406, 0.23749646544456482, 0.23675401508808136, 0.23603713512420654, 0.23538073897361755]",33.0,"[33.0, 33.0, 33.0, 33.0, 33.0, 33.0, 33.0, 33.0, 33.0, 33.0, 33.0, 33.0, 33.0, 33.0, 33.0, 33.0, 33.0, 33.0, 33.0, 33.0, 33.0, 33.0, 33.0, 33.0, 33.0, 33.0, 33.0, 33.0, 33.0, 33.0, 33.0, 33.0, 33.0, 33.0, 33.0, 33.0, 33.0, 33.0, 33.0, 33.0, 33.0, 33.0, 33.0, 33.0, 33.0, 33.0, 33.0, 33.0, 33.0, 33.0, 33.0, 33.0, 33.0, 33.0, 33.0, 33.0, 33.0, 33.0, 33.0, 33.0, 33.0, 33.0, 33.0, 33.0, 33.0, 33.0, 33.0, 33.0, 33.0, 33.0, 33.0, 33.0, 33.0, 33.0, 33.0, 33.0, 33.0, 33.0, 33.0, 33.0, 33.0, 33.0, 33.0, 33.0, 33.0, 33.0, 33.0, 33.0, 33.0, 33.0, 33.0, 33.0, 33.0, 33.0, 33.0, 33.0, 33.0, 33.0, 33.0, 33.0, 33.0, 33.0, 33.0, 33.0, 33.0, 33.0, 33.0, 33.0, 33.0, 33.0, 33.0, 33.0, 33.0, 33.0, 33.0]",COMPLETE
