,number,value,datetime_start,datetime_complete,duration,params_batch_size_scaler,params_constant_learning_rate,params_depth,params_epochs,params_kernel_l2,params_num_trees,params_temperature,user_attrs_accuracy_test,user_attrs_accuracy_valid,user_attrs_approximate_feature_sparsity,user_attrs_approximate_feature_sparsity_history,user_attrs_approximate_weight_sparsity,user_attrs_approximate_weight_sparsity_history,user_attrs_auc_test,user_attrs_auc_valid,user_attrs_feature_sparsity,user_attrs_feature_sparsity_history,user_attrs_num_epochs,user_attrs_val_loss_history,user_attrs_weight_sparsity,user_attrs_weight_sparsity_history,state
77,77,0.5,2024-08-31 03:57:56.206299,2024-08-31 03:59:10.696606,0 days 00:01:14.490307,64,8.71482257063172,3,435,0.5928684072644698,70,0.004253718294220321,0.859,0.85875,6,"[33, 20, 10, 9, 11, 11, 14, 14, 12, 12, 12, 12, 12, 12, 12, 12, 12, 12, 12, 12, 12, 12, 11, 11, 11, 11, 11, 11, 11, 11, 12, 11, 11, 11, 11, 11, 10, 10, 10, 9, 9, 9, 9, 8, 8, 8, 8, 8, 8, 8, 8, 8, 8, 8, 8, 8, 8, 8, 8, 8, 8, 8, 8, 8, 8, 8, 8, 8, 8, 8, 8, 8, 8, 8, 8, 8, 8, 8, 8, 8, 8, 8, 8, 8, 8, 8, 8, 8, 8, 8, 8, 8, 8, 8, 8, 8, 8, 8, 8, 8, 8, 8, 8, 8, 8, 8, 8, 8, 7, 6, 6, 6, 6, 6, 6, 6, 6, 6, 6, 6, 6, 6, 6, 6, 6, 6, 6, 6, 6, 6, 6, 6, 6, 6, 6, 6, 6, 6, 6, 6, 6, 6, 6, 6, 6, 6, 6, 6, 6, 6, 6, 6, 6, 6, 6, 6, 6, 7, 7, 7, 6, 6, 6, 6, 7, 6, 6, 6, 6, 6, 6, 6, 6, 6, 6, 6, 6, 7, 6, 6, 6, 6, 6, 6, 6, 6, 6, 6, 6, 6, 6, 6, 6, 6, 6, 6, 6, 6, 6, 6, 6, 6, 6, 6, 6, 6, 6, 6, 6, 6, 6, 6, 6, 6, 6, 6, 6, 6, 6, 6, 6, 6, 6, 6, 6, 6, 6, 6, 6, 6, 6, 6, 6, 6, 6, 6, 6, 6, 6, 6, 6, 6, 6, 6, 6, 6, 6, 6, 6, 6, 6, 6, 6, 6, 6, 6, 6, 6, 6, 6, 6, 6, 6, 6, 6, 6, 6, 6, 6, 6, 6, 6, 6, 6, 6, 6, 6, 6, 6, 6, 6, 6, 6, 6, 6, 6, 6, 6, 6, 6, 6, 6, 6, 6, 6, 6, 6, 6, 7, 6, 6, 6, 6, 6, 6, 6, 6, 6, 6, 6, 6, 6, 6, 6, 6, 6, 6, 6, 6, 6, 6, 6, 6, 6, 6, 6, 6, 6, 6, 6, 6, 6, 6, 6, 6, 6, 6, 6, 6, 6, 6, 6, 6, 6, 6, 6, 6, 6, 6, 6, 6, 6, 6, 6, 6, 6, 6, 6, 6, 6, 6, 6, 6, 6, 6, 6, 6, 6, 6, 6, 6, 6, 6, 6, 6, 6, 6, 6, 6, 6, 6, 6, 6, 6, 6, 6, 6, 6, 6, 6, 6, 6, 6, 6, 6, 6, 6, 6, 6, 6, 6, 6, 6, 6, 6, 6, 6, 6, 6, 6, 6, 6, 6, 6, 6, 6, 6, 6, 6, 6, 6, 6, 6, 6, 6, 6, 6, 6, 6, 6, 6, 6, 6, 6, 6]",5.855102040816327,"[32.98571428571428, 19.989795918367346, 9.96734693877551, 8.979591836734693, 10.971428571428572, 10.991836734693877, 13.90204081632653, 13.918367346938775, 11.979591836734693, 11.991836734693877, 11.985714285714286, 11.99795918367347, 11.995918367346938, 11.995918367346938, 12.0, 11.99795918367347, 11.995918367346938, 11.995918367346938, 11.995918367346938, 11.993877551020407, 11.995918367346938, 11.99795918367347, 10.987755102040815, 10.991836734693877, 10.99795918367347, 10.991836734693877, 11.0, 10.99795918367347, 10.99795918367347, 10.991836734693877, 11.96734693877551, 10.995918367346938, 10.985714285714286, 10.995918367346938, 10.993877551020407, 10.99795918367347, 9.99795918367347, 9.995918367346938, 9.993877551020407, 8.99795918367347, 8.993877551020407, 8.995918367346938, 8.993877551020407, 7.993877551020408, 7.993877551020407, 7.993877551020407, 7.993877551020408, 7.993877551020407, 7.995918367346938, 7.997959183673469, 7.993877551020407, 7.993877551020407, 7.989795918367347, 7.995918367346938, 7.997959183673469, 8.0, 7.997959183673469, 7.995918367346938, 7.997959183673469, 7.995918367346938, 7.993877551020407, 7.993877551020407, 7.993877551020407, 7.9918367346938775, 7.997959183673469, 8.0, 7.991836734693877, 8.0, 7.987755102040817, 7.997959183673469, 7.997959183673469, 7.993877551020407, 7.987755102040817, 8.0, 7.989795918367346, 7.993877551020408, 7.9918367346938775, 7.995918367346938, 7.993877551020407, 7.995918367346938, 7.993877551020408, 7.993877551020407, 8.0, 7.983673469387755, 7.993877551020407, 7.991836734693877, 7.993877551020407, 7.991836734693877, 7.997959183673469, 7.9918367346938775, 7.993877551020407, 7.989795918367347, 7.997959183673469, 7.997959183673469, 7.997959183673469, 7.991836734693877, 7.987755102040817, 7.991836734693877, 7.9918367346938775, 7.997959183673469, 8.0, 7.991836734693877, 7.985714285714286, 7.993877551020407, 7.987755102040816, 7.993877551020407, 7.993877551020407, 7.983673469387755, 6.993877551020408, 5.995918367346938, 6.0, 5.995918367346938, 5.993877551020408, 5.995918367346938, 5.9918367346938775, 5.995918367346938, 6.0, 6.0, 5.997959183673469, 6.0, 5.997959183673469, 5.993877551020408, 5.997959183673469, 5.995918367346938, 5.993877551020408, 5.989795918367347, 5.993877551020407, 5.993877551020408, 5.993877551020408, 5.989795918367347, 5.983673469387755, 5.979591836734694, 5.975510204081633, 5.981632653061224, 5.983673469387755, 5.9897959183673475, 5.989795918367347, 5.989795918367347, 5.987755102040817, 5.987755102040817, 5.9918367346938775, 5.985714285714286, 5.9897959183673475, 5.987755102040816, 5.989795918367347, 5.985714285714286, 5.985714285714286, 5.983673469387755, 5.9897959183673475, 5.995918367346938, 5.989795918367347, 5.9918367346938775, 5.993877551020408, 5.995918367346938, 5.987755102040817, 6.0, 5.9918367346938775, 6.957142857142857, 6.965306122448979, 6.959183673469388, 5.9918367346938775, 5.9918367346938775, 5.989795918367347, 5.983673469387755, 6.959183673469388, 5.9897959183673475, 5.9918367346938775, 5.989795918367347, 5.995918367346938, 5.9918367346938775, 5.9918367346938775, 5.9918367346938775, 5.9897959183673475, 5.995918367346938, 5.987755102040817, 5.989795918367347, 5.9918367346938775, 6.951020408163265, 5.979591836734693, 5.983673469387755, 5.985714285714286, 5.985714285714286, 5.983673469387755, 5.9714285714285715, 5.977551020408164, 5.981632653061224, 5.981632653061224, 5.981632653061224, 5.985714285714286, 5.975510204081632, 5.979591836734693, 5.981632653061225, 5.983673469387755, 5.979591836734694, 5.981632653061224, 5.983673469387755, 5.979591836734693, 5.96734693877551, 5.969387755102041, 5.973469387755102, 5.979591836734693, 5.973469387755102, 5.977551020408163, 5.9714285714285715, 5.969387755102041, 5.969387755102041, 5.969387755102041, 5.973469387755102, 5.969387755102041, 5.965306122448979, 5.9714285714285715, 5.96530612244898, 5.955102040816326, 5.969387755102041, 5.961224489795919, 5.959183673469388, 5.959183673469388, 5.955102040816326, 5.951020408163266, 5.965306122448979, 5.963265306122449, 5.951020408163266, 5.957142857142857, 5.951020408163265, 5.961224489795919, 5.957142857142857, 5.96530612244898, 5.965306122448979, 5.969387755102041, 5.96734693877551, 5.965306122448979, 5.959183673469388, 5.969387755102041, 5.963265306122449, 5.961224489795918, 5.946938775510205, 5.963265306122449, 5.957142857142857, 5.961224489795919, 5.96530612244898, 5.957142857142857, 5.959183673469388, 5.953061224489796, 5.951020408163265, 5.948979591836735, 5.942857142857143, 5.959183673469388, 5.957142857142857, 5.959183673469388, 5.953061224489796, 5.948979591836735, 5.951020408163266, 5.953061224489796, 5.957142857142857, 5.953061224489796, 5.948979591836735, 5.957142857142857, 5.951020408163266, 5.9530612244897965, 5.944897959183674, 5.948979591836735, 5.946938775510204, 5.948979591836735, 5.951020408163266, 5.951020408163265, 5.944897959183674, 5.953061224489796, 5.940816326530612, 5.936734693877551, 5.9346938775510205, 5.936734693877551, 5.948979591836735, 5.942857142857143, 5.951020408163265, 5.957142857142857, 5.951020408163265, 5.948979591836735, 5.946938775510204, 5.951020408163266, 5.946938775510204, 5.942857142857143, 5.944897959183674, 5.942857142857143, 5.940816326530612, 5.940816326530612, 5.940816326530612, 5.922448979591836, 5.93265306122449, 5.928571428571429, 5.93061224489796, 5.9346938775510205, 5.93265306122449, 5.9346938775510205, 5.918367346938776, 5.924489795918367, 5.926530612244898, 5.940816326530612, 5.9346938775510205, 6.8795918367346935, 5.936734693877551, 5.93469387755102, 5.920408163265305, 5.93265306122449, 5.93061224489796, 5.930612244897959, 5.918367346938775, 5.926530612244898, 5.924489795918367, 5.916326530612245, 5.912244897959184, 5.914285714285715, 5.9163265306122454, 5.918367346938775, 5.920408163265306, 5.9163265306122454, 5.93061224489796, 5.924489795918367, 5.924489795918367, 5.918367346938775, 5.924489795918367, 5.920408163265305, 5.922448979591836, 5.922448979591836, 5.9163265306122454, 5.928571428571428, 5.912244897959184, 5.918367346938775, 5.922448979591836, 5.920408163265306, 5.914285714285715, 5.918367346938776, 5.914285714285715, 5.912244897959184, 5.926530612244898, 5.922448979591837, 5.922448979591837, 5.914285714285715, 5.920408163265306, 5.914285714285715, 5.908163265306122, 5.912244897959184, 5.914285714285715, 5.904081632653061, 5.895918367346939, 5.9, 5.895918367346939, 5.902040816326531, 5.881632653061224, 5.885714285714286, 5.8979591836734695, 5.906122448979591, 5.889795918367347, 5.8979591836734695, 5.881632653061224, 5.881632653061224, 5.891836734693877, 5.902040816326531, 5.8795918367346935, 5.873469387755102, 5.871428571428572, 5.869387755102041, 5.86734693877551, 5.887755102040816, 5.877551020408164, 5.889795918367347, 5.887755102040816, 5.887755102040816, 5.881632653061224, 5.863265306122449, 5.885714285714286, 5.889795918367347, 5.873469387755103, 5.871428571428572, 5.86734693877551, 5.838775510204082, 5.859183673469388, 5.851020408163265, 5.857142857142858, 5.8632653061224485, 5.8612244897959185, 5.865306122448979, 5.8632653061224485, 5.86734693877551, 5.8612244897959185, 5.8632653061224485, 5.855102040816327, 5.855102040816327, 5.855102040816327, 5.8591836734693885, 5.859183673469388, 5.853061224489796, 5.855102040816327, 5.844897959183674, 5.8612244897959185, 5.851020408163265, 5.853061224489796, 5.83265306122449, 5.853061224489796, 5.857142857142858, 5.8591836734693885, 5.857142857142858, 5.855102040816327, 5.86734693877551, 5.86734693877551, 5.857142857142858, 5.881632653061224, 5.869387755102041, 5.875510204081633, 5.859183673469388, 5.861224489795918, 5.855102040816327, 5.873469387755103, 5.869387755102041, 5.857142857142857, 5.869387755102041, 5.8632653061224485, 5.869387755102041, 5.871428571428572, 5.861224489795918, 5.857142857142858, 5.871428571428572, 5.8591836734693885, 5.855102040816327, 5.861224489795918, 5.8632653061224485, 5.8612244897959185, 5.857142857142858, 5.857142857142858, 5.855102040816327, 5.8632653061224485, 5.853061224489796, 5.838775510204082, 5.848979591836735, 5.846938775510204, 5.855102040816327]",0.5,0.5,6,"[33, 20, 10, 9, 11, 11, 14, 14, 12, 12, 12, 12, 12, 12, 12, 12, 12, 12, 12, 12, 12, 12, 11, 11, 11, 11, 11, 11, 11, 11, 12, 11, 11, 11, 11, 11, 10, 10, 10, 9, 9, 9, 9, 8, 8, 8, 8, 8, 8, 8, 8, 8, 8, 8, 8, 8, 8, 8, 8, 8, 8, 8, 8, 8, 8, 8, 8, 8, 8, 8, 8, 8, 8, 8, 8, 8, 8, 8, 8, 8, 8, 8, 8, 8, 8, 8, 8, 8, 8, 8, 8, 8, 8, 8, 8, 8, 8, 8, 8, 8, 8, 8, 8, 8, 8, 8, 8, 8, 7, 6, 6, 6, 6, 6, 6, 6, 6, 6, 6, 6, 6, 6, 6, 6, 6, 6, 6, 6, 6, 6, 6, 6, 6, 6, 6, 6, 6, 6, 6, 6, 6, 6, 6, 6, 6, 6, 6, 6, 6, 6, 6, 6, 6, 6, 6, 6, 6, 7, 7, 7, 6, 6, 6, 6, 7, 6, 6, 6, 6, 6, 6, 6, 6, 6, 6, 6, 6, 7, 6, 6, 6, 6, 6, 6, 6, 6, 6, 6, 6, 6, 6, 6, 6, 6, 6, 6, 6, 6, 6, 6, 6, 6, 6, 6, 6, 6, 6, 6, 6, 6, 6, 6, 6, 6, 6, 6, 6, 6, 6, 6, 6, 6, 6, 6, 6, 6, 6, 6, 6, 6, 6, 6, 6, 6, 6, 6, 6, 6, 6, 6, 6, 6, 6, 6, 6, 6, 6, 6, 6, 6, 6, 6, 6, 6, 6, 6, 6, 6, 6, 6, 6, 6, 6, 6, 6, 6, 6, 6, 6, 6, 6, 6, 6, 6, 6, 6, 6, 6, 6, 6, 6, 6, 6, 6, 6, 6, 6, 6, 6, 6, 6, 6, 6, 6, 6, 6, 6, 6, 7, 6, 6, 6, 6, 6, 6, 6, 6, 6, 6, 6, 6, 6, 6, 6, 6, 6, 6, 6, 6, 6, 6, 6, 6, 6, 6, 6, 6, 6, 6, 6, 6, 6, 6, 6, 6, 6, 6, 6, 6, 6, 6, 6, 6, 6, 6, 6, 6, 6, 6, 6, 6, 6, 6, 6, 6, 6, 6, 6, 6, 6, 6, 6, 6, 6, 6, 6, 6, 6, 6, 6, 6, 6, 6, 6, 6, 6, 6, 6, 6, 6, 6, 6, 6, 6, 6, 6, 6, 6, 6, 6, 6, 6, 6, 6, 6, 6, 6, 6, 6, 6, 6, 6, 6, 6, 6, 6, 6, 6, 6, 6, 6, 6, 6, 6, 6, 6, 6, 6, 6, 6, 6, 6, 6, 6, 6, 6, 6, 6, 6, 6, 6, 6, 6, 6, 6]",435,"[4.331991672515869, 6.104900360107422, 20.86127471923828, 8.679030418395996, 17.206974029541016, 3.696822166442871, 29.43637466430664, 38.2851448059082, 65.4302978515625, 5.250776767730713, 58.47520065307617, 6.038112640380859, 57.38301086425781, 96.66560363769531, 17.37578773498535, 7.138527870178223, 29.230247497558594, 60.90837478637695, 21.929018020629883, 72.26655578613281, 10.988986015319824, 9.830507278442383, 45.573673248291016, 86.40397644042969, 10.13508415222168, 53.350955963134766, 72.64383697509766, 17.114055633544922, 12.766683578491211, 49.39900207519531, 77.87373352050781, 8.010787010192871, 100.17143249511719, 17.827289581298828, 6.845327377319336, 87.0981674194336, 13.503085136413574, 40.71961212158203, 42.644561767578125, 40.03379440307617, 6.371303081512451, 47.21030807495117, 15.67868423461914, 95.99392700195312, 14.994253158569336, 9.86732292175293, 41.180747985839844, 7.838698863983154, 102.8887710571289, 26.865943908691406, 76.91322326660156, 10.47754192352295, 75.98201751708984, 18.590316772460938, 82.57333374023438, 8.670608520507812, 78.058349609375, 10.478703498840332, 73.78181457519531, 30.913171768188477, 15.543935775756836, 24.956514358520508, 30.50818634033203, 36.59928512573242, 39.61153030395508, 8.362767219543457, 72.51686096191406, 18.808425903320312, 39.90838623046875, 37.91608810424805, 35.58417510986328, 53.552467346191406, 10.596652030944824, 56.876556396484375, 19.64927864074707, 38.99871063232422, 34.89118194580078, 24.08504867553711, 24.722579956054688, 98.91474914550781, 26.965585708618164, 60.809757232666016, 15.042433738708496, 56.914852142333984, 11.839086532592773, 36.8510627746582, 26.132661819458008, 30.676979064941406, 20.844871520996094, 29.176429748535156, 80.52362823486328, 32.420677185058594, 8.507863998413086, 80.03467559814453, 14.03100872039795, 57.256813049316406, 18.28184700012207, 53.400760650634766, 68.62128448486328, 12.262531280517578, 39.98997116088867, 15.545559883117676, 17.07837677001953, 41.66365051269531, 49.629119873046875, 37.77016067504883, 14.523977279663086, 12.516257286071777, 4.560735702514648, 60.9652214050293, 7.254818916320801, 45.30890655517578, 20.702163696289062, 37.367610931396484, 37.14185333251953, 20.78949546813965, 72.85742950439453, 17.352293014526367, 91.5024642944336, 18.748022079467773, 58.467628479003906, 17.700525283813477, 21.353681564331055, 113.45175170898438, 27.879039764404297, 50.629730224609375, 7.583726406097412, 58.07952117919922, 13.46826171875, 34.16351318359375, 46.397850036621094, 39.49822235107422, 8.470491409301758, 32.85588455200195, 59.15372085571289, 52.9755744934082, 88.1572494506836, 15.90146255493164, 43.4962043762207, 30.105876922607422, 28.711244583129883, 67.63758087158203, 6.538710117340088, 64.30365753173828, 11.456855773925781, 81.12413787841797, 13.284233093261719, 68.07672119140625, 31.26445770263672, 35.69643020629883, 32.11871337890625, 33.546939849853516, 52.110084533691406, 39.88264083862305, 82.49884033203125, 42.61750411987305, 60.94081497192383, 39.514793395996094, 11.428389549255371, 15.19658088684082, 9.576329231262207, 9.640424728393555, 84.5945053100586, 14.00241470336914, 96.637939453125, 27.5045108795166, 79.94971466064453, 14.389545440673828, 77.45134735107422, 12.926299095153809, 46.30671691894531, 6.930489540100098, 81.3548812866211, 10.412528991699219, 83.88448333740234, 16.19717025756836, 21.214191436767578, 98.11141967773438, 25.832712173461914, 98.89970397949219, 16.724519729614258, 44.17475891113281, 35.11102294921875, 45.04084396362305, 43.149436950683594, 21.30179214477539, 91.7732162475586, 13.303563117980957, 95.39604187011719, 20.264341354370117, 61.6939582824707, 36.52349090576172, 33.98058319091797, 31.729419708251953, 30.903038024902344, 16.10662269592285, 24.704965591430664, 63.58311462402344, 10.752349853515625, 76.86973571777344, 14.517178535461426, 60.30076217651367, 6.850161552429199, 55.07380676269531, 18.814960479736328, 47.0717658996582, 19.022409439086914, 52.759708404541016, 19.754066467285156, 71.22023010253906, 37.493019104003906, 8.075956344604492, 56.97160720825195, 10.761136054992676, 36.794586181640625, 13.790218353271484, 57.23890686035156, 12.778119087219238, 58.462364196777344, 19.89017677307129, 34.998939514160156, 35.97300720214844, 19.19614601135254, 105.81826782226562, 26.003080368041992, 97.01715850830078, 15.583587646484375, 7.225569248199463, 58.02595520019531, 43.2530517578125, 12.056497573852539, 63.168548583984375, 22.474855422973633, 84.85533142089844, 17.248308181762695, 63.583526611328125, 13.193575859069824, 62.23099136352539, 38.25422286987305, 8.94466495513916, 17.748069763183594, 11.921772003173828, 40.698143005371094, 19.972309112548828, 6.331409454345703, 82.86148071289062, 17.906208038330078, 72.7044677734375, 20.927396774291992, 17.37472915649414, 59.9126091003418, 5.033021450042725, 62.437477111816406, 14.37272834777832, 62.42318344116211, 12.302276611328125, 90.3977279663086, 12.923306465148926, 44.939048767089844, 14.774924278259277, 25.408946990966797, 90.44795227050781, 8.327329635620117, 59.27739334106445, 47.006324768066406, 33.58086013793945, 89.31769561767578, 15.84981918334961, 54.619449615478516, 98.31968688964844, 16.208280563354492, 43.16184616088867, 8.313637733459473, 83.23660278320312, 9.281438827514648, 102.69956970214844, 25.85953140258789, 22.335542678833008, 81.1729507446289, 23.01144027709961, 86.2336654663086, 46.19169616699219, 29.94780921936035, 26.475543975830078, 100.66828918457031, 21.73870277404785, 24.945850372314453, 16.689678192138672, 29.674598693847656, 6.464728355407715, 57.228824615478516, 22.448535919189453, 24.8690128326416, 12.431269645690918, 63.05677795410156, 10.002001762390137, 60.954254150390625, 24.35301971435547, 102.2114486694336, 34.11430740356445, 51.0059814453125, 13.587876319885254, 39.59197998046875, 18.797115325927734, 33.950401306152344, 46.7957878112793, 10.177397727966309, 9.3006591796875, 77.01407623291016, 21.596752166748047, 90.89840698242188, 11.970431327819824, 51.902183532714844, 20.655080795288086, 80.9305191040039, 17.707481384277344, 6.730015277862549, 58.92790985107422, 16.764625549316406, 40.11351013183594, 15.656515121459961, 22.457902908325195, 105.46895599365234, 23.344921112060547, 7.621812343597412, 60.32533264160156, 27.078798294067383, 63.70893859863281, 9.530884742736816, 74.22976684570312, 26.9067440032959, 41.65555191040039, 45.455039978027344, 43.112979888916016, 17.541013717651367, 16.58500099182129, 55.40766143798828, 8.216002464294434, 63.819610595703125, 11.566768646240234, 89.28992462158203, 13.634052276611328, 29.57183265686035, 13.5419921875, 26.672876358032227, 78.2115707397461, 14.023155212402344, 54.6805534362793, 24.472618103027344, 82.45569610595703, 12.89362907409668, 6.567694664001465, 43.588966369628906, 27.28433609008789, 86.84941101074219, 17.46628761291504, 8.365856170654297, 29.474288940429688, 6.711773872375488, 62.711517333984375, 9.136648178100586, 103.21990966796875, 25.367162704467773, 88.53362274169922, 15.130592346191406, 26.365135192871094, 7.324014186859131, 55.96957015991211, 11.236985206604004, 36.608253479003906, 46.240074157714844, 35.37527084350586, 9.36890697479248, 57.608497619628906, 15.064435005187988, 65.8279800415039, 12.070917129516602, 57.46897506713867, 24.232471466064453, 96.29672241210938, 26.171520233154297, 81.62809753417969, 14.370159149169922, 84.62626647949219, 12.107213973999023, 86.66783905029297, 11.587183952331543, 44.116424560546875, 43.535377502441406, 8.479177474975586, 76.12701416015625, 24.82953643798828, 7.664389610290527, 42.671085357666016, 13.572074890136719, 21.881298065185547, 63.048240661621094, 12.421365737915039, 57.897010803222656, 12.150970458984375, 11.115026473999023, 12.71101188659668, 50.557037353515625, 9.653316497802734, 81.0094985961914, 11.956326484680176, 84.68081665039062, 14.929876327514648, 29.36825942993164, 50.69021987915039, 4.549046516418457, 65.42587280273438, 9.900595664978027, 57.270328521728516, 16.644775390625, 39.11890411376953, 38.5265007019043, 44.16151809692383, 9.87681770324707, 102.90638732910156, 22.302717208862305, 56.898292541503906, 29.823301315307617, 73.33509063720703, 20.786209106445312, 23.545251846313477, 11.406641960144043, 105.89059448242188, 23.230857849121094, 44.45035171508789, 42.635353088378906, 54.365943908691406, 41.413291931152344, 6.59483528137207, 48.609012603759766]",6.0,"[33.0, 20.0, 10.0, 9.0, 11.0, 11.0, 14.0, 14.0, 12.0, 12.0, 12.0, 12.0, 12.0, 12.0, 12.0, 12.0, 12.0, 12.0, 12.0, 12.0, 12.0, 12.0, 11.0, 11.0, 11.0, 11.0, 11.0, 11.0, 11.0, 11.0, 12.0, 11.0, 11.0, 11.0, 11.0, 11.0, 10.0, 10.0, 10.0, 9.0, 9.0, 9.0, 9.0, 8.0, 8.0, 8.0, 8.0, 8.0, 8.0, 8.0, 8.0, 8.0, 8.0, 8.0, 8.0, 8.0, 8.0, 8.0, 8.0, 8.0, 8.0, 8.0, 8.0, 8.0, 8.0, 8.0, 8.0, 8.0, 8.0, 8.0, 8.0, 8.0, 8.0, 8.0, 8.0, 8.0, 8.0, 8.0, 8.0, 8.0, 8.0, 8.0, 8.0, 8.0, 8.0, 8.0, 8.0, 8.0, 8.0, 8.0, 8.0, 8.0, 8.0, 8.0, 8.0, 8.0, 8.0, 8.0, 8.0, 8.0, 8.0, 8.0, 8.0, 8.0, 8.0, 8.0, 8.0, 8.0, 7.0, 6.0, 6.0, 6.0, 6.0, 6.0, 6.0, 6.0, 6.0, 6.0, 6.0, 6.0, 6.0, 6.0, 6.0, 6.0, 6.0, 6.0, 6.0, 6.0, 6.0, 6.0, 6.0, 6.0, 6.0, 6.0, 6.0, 6.0, 6.0, 6.0, 6.0, 6.0, 6.0, 6.0, 6.0, 6.0, 6.0, 6.0, 6.0, 6.0, 6.0, 6.0, 6.0, 6.0, 6.0, 6.0, 6.0, 6.0, 6.0, 7.0, 7.0, 7.0, 6.0, 6.0, 6.0, 6.0, 7.0, 6.0, 6.0, 6.0, 6.0, 6.0, 6.0, 6.0, 6.0, 6.0, 6.0, 6.0, 6.0, 7.0, 6.0, 6.0, 6.0, 6.0, 6.0, 6.0, 6.0, 6.0, 6.0, 6.0, 6.0, 6.0, 6.0, 6.0, 6.0, 6.0, 6.0, 6.0, 6.0, 6.0, 6.0, 6.0, 6.0, 6.0, 6.0, 6.0, 6.0, 6.0, 6.0, 6.0, 6.0, 6.0, 6.0, 6.0, 6.0, 6.0, 6.0, 6.0, 6.0, 6.0, 6.0, 6.0, 6.0, 6.0, 6.0, 6.0, 6.0, 6.0, 6.0, 6.0, 6.0, 6.0, 6.0, 6.0, 6.0, 6.0, 6.0, 6.0, 6.0, 6.0, 6.0, 6.0, 6.0, 6.0, 6.0, 6.0, 6.0, 6.0, 6.0, 6.0, 6.0, 6.0, 6.0, 6.0, 6.0, 6.0, 6.0, 6.0, 6.0, 6.0, 6.0, 6.0, 6.0, 6.0, 6.0, 6.0, 6.0, 6.0, 6.0, 6.0, 6.0, 6.0, 6.0, 6.0, 6.0, 6.0, 6.0, 6.0, 6.0, 6.0, 6.0, 6.0, 6.0, 6.0, 6.0, 6.0, 6.0, 6.0, 6.0, 6.0, 6.0, 6.0, 6.0, 6.0, 6.0, 6.0, 6.0, 6.0, 6.0, 6.0, 6.997959183673469, 6.0, 6.0, 6.0, 6.0, 6.0, 6.0, 6.0, 6.0, 6.0, 6.0, 6.0, 6.0, 6.0, 6.0, 6.0, 6.0, 6.0, 6.0, 6.0, 6.0, 6.0, 6.0, 6.0, 6.0, 6.0, 6.0, 6.0, 6.0, 6.0, 6.0, 6.0, 6.0, 6.0, 6.0, 6.0, 6.0, 6.0, 6.0, 6.0, 6.0, 6.0, 6.0, 6.0, 6.0, 6.0, 6.0, 6.0, 6.0, 6.0, 6.0, 6.0, 6.0, 6.0, 6.0, 6.0, 6.0, 6.0, 6.0, 6.0, 6.0, 6.0, 6.0, 6.0, 6.0, 6.0, 6.0, 6.0, 6.0, 6.0, 6.0, 6.0, 6.0, 6.0, 6.0, 6.0, 6.0, 6