,number,value,datetime_start,datetime_complete,duration,params_batch_size_scaler,params_constant_learning_rate,params_depth,params_epochs,params_kernel_l2,params_num_trees,params_temperature,user_attrs_accuracy_test,user_attrs_accuracy_valid,user_attrs_approximate_feature_sparsity,user_attrs_approximate_feature_sparsity_history,user_attrs_approximate_weight_sparsity,user_attrs_approximate_weight_sparsity_history,user_attrs_auc_test,user_attrs_auc_valid,user_attrs_feature_sparsity,user_attrs_feature_sparsity_history,user_attrs_num_epochs,user_attrs_val_loss_history,user_attrs_weight_sparsity,user_attrs_weight_sparsity_history,state
107,107,0.5,2024-08-31 04:48:25.328000,2024-08-31 04:48:36.414639,0 days 00:00:11.086639,64,0.9785029767074476,2,165,0.19545877043893745,23,0.0024031194353123756,0.859,0.85875,0,"[33, 33, 33, 33, 33, 33, 33, 33, 33, 33, 33, 32, 28, 21, 9, 5, 4, 3, 3, 3, 3, 1, 1, 0, 0, 0, 0, 0, 0, 0, 0, 0, 0, 0, 0, 0, 0, 0, 0, 0, 0, 0, 0, 0, 0, 0, 0, 0, 0, 0, 0, 0, 0, 0, 0, 0, 0, 0, 0, 0, 0, 0, 0, 0, 0, 0, 0, 0, 0, 0, 0, 0, 0, 0, 0, 0, 0, 0, 0, 0, 0, 0, 0, 0, 0, 0, 0, 0, 0, 0, 0, 0, 0, 0, 0, 0, 0, 0, 0, 0, 0, 0, 0, 0, 0, 0, 0, 0, 0, 0, 0, 0, 0, 0, 0, 0, 0, 0, 0, 0, 0, 0, 0, 0, 0, 0, 0, 0, 0, 0, 0, 0, 0, 0, 0, 0, 0, 0, 0, 0, 0, 0, 0, 0, 0, 0, 0, 0, 0, 0, 0, 0, 0, 0, 0, 0, 0, 0, 0, 0, 0, 0, 0, 0, 0]",0.0,"[32.98550724637681, 32.98550724637681, 33.0, 33.0, 32.98550724637681, 32.971014492753625, 33.0, 32.98550724637681, 32.98550724637681, 32.98550724637681, 33.0, 31.971014492753625, 28.0, 21.0, 8.985507246376812, 5.0, 4.0, 3.0, 3.0, 3.0, 3.0, 1.0, 1.0, 0.0, 0.0, 0.0, 0.0, 0.0, 0.0, 0.0, 0.0, 0.0, 0.0, 0.0, 0.0, 0.0, 0.0, 0.0, 0.0, 0.0, 0.0, 0.0, 0.0, 0.0, 0.0, 0.0, 0.0, 0.0, 0.0, 0.0, 0.0, 0.0, 0.0, 0.0, 0.0, 0.0, 0.0, 0.0, 0.0, 0.0, 0.0, 0.0, 0.0, 0.0, 0.0, 0.0, 0.0, 0.0, 0.0, 0.0, 0.0, 0.0, 0.0, 0.0, 0.0, 0.0, 0.0, 0.0, 0.0, 0.0, 0.0, 0.0, 0.0, 0.0, 0.0, 0.0, 0.0, 0.0, 0.0, 0.0, 0.0, 0.0, 0.0, 0.0, 0.0, 0.0, 0.0, 0.0, 0.0, 0.0, 0.0, 0.0, 0.0, 0.0, 0.0, 0.0, 0.0, 0.0, 0.0, 0.0, 0.0, 0.0, 0.0, 0.0, 0.0, 0.0, 0.0, 0.0, 0.0, 0.0, 0.0, 0.0, 0.0, 0.0, 0.0, 0.0, 0.0, 0.0, 0.0, 0.0, 0.0, 0.0, 0.0, 0.0, 0.0, 0.0, 0.0, 0.0, 0.0, 0.0, 0.0, 0.0, 0.0, 0.0, 0.0, 0.0, 0.0, 0.0, 0.0, 0.0, 0.0, 0.0, 0.0, 0.0, 0.0, 0.0, 0.0, 0.0, 0.0, 0.0, 0.0, 0.0, 0.0, 0.0, 0.0]",0.5,0.5,0,"[33, 33, 33, 33, 33, 33, 33, 33, 33, 33, 33, 32, 28, 21, 9, 5, 4, 3, 3, 3, 3, 1, 1, 0, 0, 0, 0, 0, 0, 0, 0, 0, 0, 0, 0, 0, 0, 0, 0, 0, 0, 0, 0, 0, 0, 0, 0, 0, 0, 0, 0, 0, 0, 0, 0, 0, 0, 0, 0, 0, 0, 0, 0, 0, 0, 0, 0, 0, 0, 0, 0, 0, 0, 0, 0, 0, 0, 0, 0, 0, 0, 0, 0, 0, 0, 0, 0, 0, 0, 0, 0, 0, 0, 0, 0, 0, 0, 0, 0, 0, 0, 0, 0, 0, 0, 0, 0, 0, 0, 0, 0, 0, 0, 0, 0, 0, 0, 0, 0, 0, 0, 0, 0, 0, 0, 0, 0, 0, 0, 0, 0, 0, 0, 0, 0, 0, 0, 0, 0, 0, 0, 0, 0, 0, 0, 0, 0, 0, 0, 0, 0, 0, 0, 0, 0, 0, 0, 0, 0, 0, 0, 0, 0, 0, 0]",165,"[0.5291840434074402, 0.5007813572883606, 0.4917502701282501, 0.48580655455589294, 0.47415077686309814, 0.47480708360671997, 0.45905154943466187, 0.4499361515045166, 0.44656941294670105, 0.4499436318874359, 0.44628480076789856, 0.423017680644989, 0.4149865210056305, 0.3982180058956146, 0.3769616186618805, 0.4163043200969696, 0.3759843409061432, 0.3855474591255188, 0.3767695724964142, 0.3766975402832031, 0.3776051700115204, 0.4128004312515259, 0.4254085421562195, 0.4259127378463745, 0.4128020405769348, 0.40761101245880127, 0.41564786434173584, 0.4683673083782196, 0.414375901222229, 0.4084833264350891, 0.4080766439437866, 0.4072309732437134, 0.4074442386627197, 0.41590267419815063, 0.4072316884994507, 0.4087947607040405, 0.40821725130081177, 0.41597437858581543, 0.408048540353775, 0.4114024341106415, 0.4132920205593109, 0.4157773554325104, 0.4075474441051483, 0.40936267375946045, 0.4155818223953247, 0.4102201759815216, 0.41087082028388977, 0.4077496826648712, 0.4155898690223694, 0.4075890779495239, 0.40744832158088684, 0.46641650795936584, 0.40722617506980896, 0.4072331488132477, 0.410564124584198, 0.40789681673049927, 0.4084855318069458, 0.41053712368011475, 0.4212387204170227, 0.40770652890205383, 0.4444781541824341, 0.4077915847301483, 0.4072389304637909, 0.4326844811439514, 0.40751004219055176, 0.4109216332435608, 0.41010284423828125, 0.4224843680858612, 0.40722793340682983, 0.4073159694671631, 0.4179026782512665, 0.40807685256004333, 0.40724846720695496, 0.41192826628685, 0.411449670791626, 0.41520386934280396, 0.44409048557281494, 0.4171450436115265, 0.41146552562713623, 0.4072309732437134, 0.40894073247909546, 0.4148902893066406, 0.41404643654823303, 0.40773895382881165, 0.4534319043159485, 0.4437307119369507, 0.4104941487312317, 0.4078598916530609, 0.41088128089904785, 0.41148141026496887, 0.4248681962490082, 0.4108901619911194, 0.41751158237457275, 0.4109255075454712, 0.4073769450187683, 0.41719508171081543, 0.40745916962623596, 0.412677526473999, 0.41836175322532654, 0.40831661224365234, 0.40774887800216675, 0.40799635648727417, 0.41852450370788574, 0.4077192544937134, 0.4158383905887604, 0.4146898686885834, 0.4074024558067322, 0.407459557056427, 0.41597220301628113, 0.4148281216621399, 0.4099707007408142, 0.4140467941761017, 0.4075344204902649, 0.410217821598053, 0.4180043935775757, 0.4088638424873352, 0.4101710021495819, 0.44264039397239685, 0.4422706663608551, 0.40999096632003784, 0.43357789516448975, 0.40726128220558167, 0.40901100635528564, 0.40911978483200073, 0.41275283694267273, 0.41351020336151123, 0.419866681098938, 0.4087311625480652, 0.41761529445648193, 0.4355171322822571, 0.4072937071323395, 0.4514184296131134, 0.4105256199836731, 0.42276427149772644, 0.41050803661346436, 0.4076289236545563, 0.44283100962638855, 0.4086669087409973, 0.40997475385665894, 0.4107140302658081, 0.47140976786613464, 0.41428297758102417, 0.4230213165283203, 0.4072381556034088, 0.4169690012931824, 0.4091114103794098, 0.40783241391181946, 0.41492709517478943, 0.41372767090797424, 0.411665141582489, 0.4080950915813446, 0.4113262891769409, 0.4075666666030884, 0.4073120057582855, 0.4092211425304413, 0.4086301326751709, 0.42620348930358887, 0.40979835391044617, 0.411639928817749, 0.415558397769928, 0.41049376130104065, 0.4110337197780609, 0.4345780909061432, 0.4117198884487152, 0.41830241680145264]",0.0,"[33.0, 33.0, 33.0, 33.0, 33.0, 33.0, 33.0, 33.0, 33.0, 33.0, 33.0, 32.0, 28.0, 21.0, 9.0, 5.0, 4.0, 3.0, 3.0, 3.0, 3.0, 1.0, 1.0, 0.0, 0.0, 0.0, 0.0, 0.0, 0.0, 0.0, 0.0, 0.0, 0.0, 0.0, 0.0, 0.0, 0.0, 0.0, 0.0, 0.0, 0.0, 0.0, 0.0, 0.0, 0.0, 0.0, 0.0, 0.0, 0.0, 0.0, 0.0, 0.0, 0.0, 0.0, 0.0, 0.0, 0.0, 0.0, 0.0, 0.0, 0.0, 0.0, 0.0, 0.0, 0.0, 0.0, 0.0, 0.0, 0.0, 0.0, 0.0, 0.0, 0.0, 0.0, 0.0, 0.0, 0.0, 0.0, 0.0, 0.0, 0.0, 0.0, 0.0, 0.0, 0.0, 0.0, 0.0, 0.0, 0.0, 0.0, 0.0, 0.0, 0.0, 0.0, 0.0, 0.0, 0.0, 0.0, 0.0, 0.0, 0.0, 0.0, 0.0, 0.0, 0.0, 0.0, 0.0, 0.0, 0.0, 0.0, 0.0, 0.0, 0.0, 0.0, 0.0, 0.0, 0.0, 0.0, 0.0, 0.0, 0.0, 0.0, 0.0, 0.0, 0.0, 0.0, 0.0, 0.0, 0.0, 0.0, 0.0, 0.0, 0.0, 0.0, 0.0, 0.0, 0.0, 0.0, 0.0, 0.0, 0.0, 0.0, 0.0, 0.0, 0.0, 0.0, 0.0, 0.0, 0.0, 0.0, 0.0, 0.0, 0.0, 0.0, 0.0, 0.0, 0.0, 0.0, 0.0, 0.0, 0.0, 0.0, 0.0, 0.0, 0.0]",COMPLETE
