,number,value,datetime_start,datetime_complete,duration,params_batch_size_scaler,params_constant_learning_rate,params_depth,params_epochs,params_kernel_l2,params_num_trees,params_temperature,user_attrs_accuracy_test,user_attrs_accuracy_valid,user_attrs_approximate_feature_sparsity,user_attrs_approximate_feature_sparsity_history,user_attrs_approximate_weight_sparsity,user_attrs_approximate_weight_sparsity_history,user_attrs_auc_test,user_attrs_auc_valid,user_attrs_feature_sparsity,user_attrs_feature_sparsity_history,user_attrs_num_epochs,user_attrs_val_loss_history,user_attrs_weight_sparsity,user_attrs_weight_sparsity_history,state
64,64,0.7026445620950392,2024-08-31 03:25:39.035904,2024-08-31 03:26:22.481695,0 days 00:00:43.445791,16,0.10724445175757973,1,295,0.1537161241179897,45,0.00048290131145122634,0.864,0.86375,3,"[33, 33, 33, 33, 33, 33, 33, 33, 33, 33, 33, 33, 33, 33, 33, 33, 33, 33, 33, 33, 33, 33, 33, 33, 33, 33, 33, 33, 33, 33, 33, 33, 33, 33, 33, 33, 33, 33, 33, 33, 33, 33, 33, 33, 33, 33, 33, 33, 33, 33, 33, 33, 33, 33, 33, 33, 33, 33, 33, 33, 33, 33, 33, 33, 33, 33, 33, 33, 32, 32, 32, 32, 31, 31, 29, 27, 27, 25, 23, 22, 18, 17, 16, 15, 13, 13, 11, 11, 11, 10, 10, 10, 10, 10, 10, 10, 10, 10, 10, 10, 10, 10, 10, 10, 10, 10, 10, 10, 10, 10, 10, 10, 10, 9, 9, 8, 7, 6, 5, 5, 5, 5, 5, 5, 5, 5, 5, 5, 4, 4, 4, 3, 3, 3, 3, 3, 3, 3, 3, 3, 3, 3, 3, 3, 3, 3, 3, 3, 3, 3, 3, 3, 3, 3, 3, 3, 3, 3, 3, 3, 3, 3, 3, 3, 3, 3, 3, 3, 3, 3, 3, 3, 3, 3, 3, 3, 3, 3, 3, 3, 3, 3, 3, 3, 3, 3, 3, 3, 3, 3, 3, 3, 3, 3, 3, 3, 3, 3, 3, 3, 3, 3, 3, 3, 3, 3, 3, 3, 3, 3, 3, 3, 3, 3, 3, 3, 3, 3, 3, 3, 3, 3, 3, 3, 3, 3, 3, 3, 3, 3, 3, 3, 3, 3, 3, 3, 3, 3, 3, 3, 3, 3, 3, 3, 3, 3, 3, 3, 3, 3, 3, 3, 3, 3, 3, 3, 3, 3, 3, 3, 3, 3, 3, 3, 3, 3, 3, 3, 3, 3, 3, 3, 3, 3, 3, 3, 3, 3, 3, 3, 3, 3, 3, 3, 3, 3, 3, 3, 3, 3, 3, 3, 3, 3, 3]",3.0,"[33.0, 33.0, 33.0, 33.0, 33.0, 33.0, 33.0, 32.977777777777774, 33.0, 33.0, 33.0, 32.977777777777774, 33.0, 33.0, 33.0, 33.0, 32.977777777777774, 33.0, 33.0, 33.0, 33.0, 32.977777777777774, 32.977777777777774, 33.0, 32.977777777777774, 32.977777777777774, 33.0, 32.977777777777774, 33.0, 33.0, 32.977777777777774, 32.977777777777774, 33.0, 32.977777777777774, 32.977777777777774, 32.977777777777774, 33.0, 32.955555555555556, 33.0, 33.0, 32.955555555555556, 33.0, 32.93333333333334, 32.977777777777774, 32.955555555555556, 33.0, 32.977777777777774, 32.977777777777774, 32.93333333333334, 32.977777777777774, 32.977777777777774, 32.977777777777774, 32.93333333333334, 32.93333333333334, 32.955555555555556, 33.0, 32.93333333333334, 33.0, 32.955555555555556, 32.977777777777774, 32.955555555555556, 32.955555555555556, 32.91111111111111, 32.955555555555556, 32.93333333333334, 32.955555555555556, 32.977777777777774, 33.0, 31.977777777777778, 31.955555555555556, 31.977777777777778, 31.977777777777778, 30.88888888888889, 30.933333333333334, 28.977777777777778, 26.955555555555556, 26.977777777777778, 24.977777777777778, 23.0, 21.977777777777778, 17.977777777777778, 17.0, 15.977777777777778, 15.0, 12.977777777777778, 12.955555555555556, 10.977777777777778, 10.977777777777778, 10.977777777777778, 10.0, 9.955555555555556, 9.977777777777778, 10.0, 10.0, 10.0, 10.0, 10.0, 10.0, 10.0, 10.0, 10.0, 10.0, 10.0, 10.0, 9.955555555555556, 9.955555555555556, 10.0, 10.0, 10.0, 10.0, 10.0, 9.977777777777778, 10.0, 8.955555555555556, 9.0, 8.0, 7.0, 5.977777777777778, 5.0, 4.977777777777778, 5.0, 5.0, 5.0, 5.0, 4.977777777777778, 5.0, 5.0, 5.0, 3.9555555555555557, 4.0, 4.0, 3.0, 3.0, 3.0, 3.0, 2.977777777777778, 3.0, 3.0, 3.0, 3.0, 3.0, 3.0, 3.0, 3.0, 3.0, 3.0, 3.0, 3.0, 3.0, 3.0, 3.0, 3.0, 2.977777777777778, 3.0, 3.0, 3.0, 3.0, 3.0, 3.0, 3.0, 3.0, 3.0, 3.0, 3.0, 3.0, 3.0, 3.0, 3.0, 3.0, 3.0, 3.0, 2.977777777777778, 3.0, 3.0, 3.0, 3.0, 3.0, 3.0, 3.0, 3.0, 2.977777777777778, 3.0, 3.0, 3.0, 3.0, 3.0, 3.0, 3.0, 3.0, 3.0, 3.0, 3.0, 3.0, 3.0, 3.0, 2.977777777777778, 3.0, 3.0, 3.0, 3.0, 3.0, 3.0, 3.0, 3.0, 2.977777777777778, 3.0, 3.0, 3.0, 3.0, 3.0, 3.0, 3.0, 2.977777777777778, 2.977777777777778, 3.0, 3.0, 3.0, 3.0, 3.0, 3.0, 3.0, 3.0, 3.0, 3.0, 3.0, 3.0, 3.0, 3.0, 3.0, 3.0, 3.0, 3.0, 3.0, 3.0, 3.0, 3.0, 3.0, 3.0, 3.0, 3.0, 3.0, 3.0, 3.0, 3.0, 3.0, 3.0, 3.0, 3.0, 3.0, 3.0, 3.0, 3.0, 3.0, 2.977777777777778, 2.977777777777778, 3.0, 3.0, 3.0, 3.0, 3.0, 3.0, 3.0, 3.0, 3.0, 3.0, 3.0, 3.0, 3.0, 3.0, 3.0, 3.0, 3.0, 3.0, 3.0, 3.0, 3.0, 3.0, 3.0, 3.0, 3.0, 3.0, 3.0, 3.0, 3.0, 3.0, 3.0, 3.0, 3.0, 3.0, 3.0, 3.0, 3.0, 3.0, 3.0, 3.0]",0.6733419199299863,0.7026445620950392,3,"[33, 33, 33, 33, 33, 33, 33, 33, 33, 33, 33, 33, 33, 33, 33, 33, 33, 33, 33, 33, 33, 33, 33, 33, 33, 33, 33, 33, 33, 33, 33, 33, 33, 33, 33, 33, 33, 33, 33, 33, 33, 33, 33, 33, 33, 33, 33, 33, 33, 33, 33, 33, 33, 33, 33, 33, 33, 33, 33, 33, 33, 33, 33, 33, 33, 33, 33, 33, 32, 32, 32, 32, 31, 31, 29, 27, 27, 25, 23, 22, 18, 17, 16, 15, 13, 13, 11, 11, 11, 10, 10, 10, 10, 10, 10, 10, 10, 10, 10, 10, 10, 10, 10, 10, 10, 10, 10, 10, 10, 10, 10, 10, 10, 9, 9, 8, 7, 6, 5, 5, 5, 5, 5, 5, 5, 5, 5, 5, 4, 4, 4, 3, 3, 3, 3, 3, 3, 3, 3, 3, 3, 3, 3, 3, 3, 3, 3, 3, 3, 3, 3, 3, 3, 3, 3, 3, 3, 3, 3, 3, 3, 3, 3, 3, 3, 3, 3, 3, 3, 3, 3, 3, 3, 3, 3, 3, 3, 3, 3, 3, 3, 3, 3, 3, 3, 3, 3, 3, 3, 3, 3, 3, 3, 3, 3, 3, 3, 3, 3, 3, 3, 3, 3, 3, 3, 3, 3, 3, 3, 3, 3, 3, 3, 3, 3, 3, 3, 3, 3, 3, 3, 3, 3, 3, 3, 3, 3, 3, 3, 3, 3, 3, 3, 3, 3, 3, 3, 3, 3, 3, 3, 3, 3, 3, 3, 3, 3, 3, 3, 3, 3, 3, 3, 3, 3, 3, 3, 3, 3, 3, 3, 3, 3, 3, 3, 3, 3, 3, 3, 3, 3, 3, 3, 3, 3, 3, 3, 3, 3, 3, 3, 3, 3, 3, 3, 3, 3, 3, 3, 3, 3, 3, 3, 3, 3]",295,"[0.5322571396827698, 0.520815908908844, 0.5118362307548523, 0.5058468580245972, 0.503526508808136, 0.4960103929042816, 0.49240806698799133, 0.48862990736961365, 0.48620152473449707, 0.4820660650730133, 0.47895798087120056, 0.47749626636505127, 0.47297385334968567, 0.4699239730834961, 0.47458896040916443, 0.4649774134159088, 0.46210017800331116, 0.4588744342327118, 0.4571346342563629, 0.45387768745422363, 0.4528981149196625, 0.45181968808174133, 0.4467845857143402, 0.44413498044013977, 0.4423998296260834, 0.44059792160987854, 0.4383050501346588, 0.43433281779289246, 0.4354543387889862, 0.4393845498561859, 0.42868903279304504, 0.4255872070789337, 0.4231647253036499, 0.42129117250442505, 0.4191266596317291, 0.41729751229286194, 0.42165184020996094, 0.4134983420372009, 0.41211751103401184, 0.40995997190475464, 0.4083448052406311, 0.4103908836841583, 0.4058455228805542, 0.40391090512275696, 0.4039767384529114, 0.40088069438934326, 0.3982783854007721, 0.3970281481742859, 0.39550507068634033, 0.3941633999347687, 0.40662726759910583, 0.3936885595321655, 0.38968342542648315, 0.38824447989463806, 0.3873121738433838, 0.3865877091884613, 0.3849453628063202, 0.3854123055934906, 0.3828355073928833, 0.3822527825832367, 0.3829178214073181, 0.3799116611480713, 0.38024619221687317, 0.3780592083930969, 0.37647950649261475, 0.37524348497390747, 0.37497496604919434, 0.3770236670970917, 0.37188348174095154, 0.36945149302482605, 0.37064266204833984, 0.3683193325996399, 0.3669198751449585, 0.3658522367477417, 0.36266615986824036, 0.35932037234306335, 0.3584015369415283, 0.3574597239494324, 0.35588645935058594, 0.3551519513130188, 0.34920379519462585, 0.34811484813690186, 0.3469768166542053, 0.3437686562538147, 0.3436426818370819, 0.3417667746543884, 0.34224411845207214, 0.33977603912353516, 0.33884936571121216, 0.3451881408691406, 0.3447835445404053, 0.3487150967121124, 0.34698885679244995, 0.3455299139022827, 0.3438345789909363, 0.3430406153202057, 0.34360018372535706, 0.3428615629673004, 0.3424815237522125, 0.3455316424369812, 0.342062771320343, 0.34373873472213745, 0.34144049882888794, 0.34128910303115845, 0.3415317237377167, 0.3411550223827362, 0.3411673307418823, 0.34122589230537415, 0.34076255559921265, 0.3404198884963989, 0.34086093306541443, 0.3430497646331787, 0.34067901968955994, 0.3588821291923523, 0.356089323759079, 0.36101827025413513, 0.36221209168434143, 0.37060296535491943, 0.36302974820137024, 0.3627763092517853, 0.3625818192958832, 0.36249932646751404, 0.3623015284538269, 0.36209720373153687, 0.363257497549057, 0.36168372631073, 0.36301684379577637, 0.36240142583847046, 0.3672424256801605, 0.3660888671875, 0.3652457892894745, 0.36715880036354065, 0.36692750453948975, 0.36630335450172424, 0.36627882719039917, 0.36623191833496094, 0.3743465542793274, 0.36535799503326416, 0.3647478222846985, 0.36507704854011536, 0.36664146184921265, 0.3646252453327179, 0.36702677607536316, 0.3637264668941498, 0.36385172605514526, 0.3635854423046112, 0.3674195110797882, 0.36319273710250854, 0.36482787132263184, 0.36366206407546997, 0.36304813623428345, 0.3704339861869812, 0.36311063170433044, 0.3653407394886017, 0.36269187927246094, 0.3626074492931366, 0.3664831519126892, 0.36279866099357605, 0.36347684264183044, 0.36223286390304565, 0.3661332428455353, 0.3622031807899475, 0.36275413632392883, 0.36419999599456787, 0.36348235607147217, 0.3620487153530121, 0.36172664165496826, 0.36159229278564453, 0.36392125487327576, 0.36190494894981384, 0.3614204525947571, 0.3615809977054596, 0.3615169823169708, 0.3612363934516907, 0.3613393306732178, 0.36418452858924866, 0.361221045255661, 0.3626389801502228, 0.3613951802253723, 0.36374524235725403, 0.36089691519737244, 0.36085498332977295, 0.3607994318008423, 0.36081355810165405, 0.3613717555999756, 0.3659624755382538, 0.3608396053314209, 0.3612646460533142, 0.3605433404445648, 0.3611508309841156, 0.3604981303215027, 0.36096617579460144, 0.3612706661224365, 0.36635327339172363, 0.36029693484306335, 0.3604879677295685, 0.36039799451828003, 0.3602268099784851, 0.3609734773635864, 0.3642607033252716, 0.3604246973991394, 0.3600422739982605, 0.3603071868419647, 0.36004939675331116, 0.3601861298084259, 0.36050868034362793, 0.36076897382736206, 0.36010733246803284, 0.36070460081100464, 0.36067309975624084, 0.35979607701301575, 0.3597698211669922, 0.3620561361312866, 0.3598044216632843, 0.3596254289150238, 0.36186012625694275, 0.36134225130081177, 0.3618030548095703, 0.35951846837997437, 0.3596835434436798, 0.3597528040409088, 0.3595266342163086, 0.35941082239151, 0.35953089594841003, 0.35932350158691406, 0.35981789231300354, 0.35970574617385864, 0.3637102544307709, 0.3591899871826172, 0.3608492910861969, 0.3604297935962677, 0.3593291938304901, 0.3634921908378601, 0.36070945858955383, 0.3591243028640747, 0.3594423532485962, 0.3604426681995392, 0.3593217134475708, 0.35895025730133057, 0.35967937111854553, 0.35946229100227356, 0.36072835326194763, 0.3588394820690155, 0.35992568731307983, 0.3589940369129181, 0.3604547083377838, 0.35943251848220825, 0.35914868116378784, 0.35868069529533386, 0.35894984006881714, 0.3589918911457062, 0.35896575450897217, 0.3596195876598358, 0.36301639676094055, 0.3585308790206909, 0.35856232047080994, 0.3592022955417633, 0.3602474331855774, 0.3597109913825989, 0.3584108054637909, 0.36018332839012146, 0.35849034786224365, 0.3583616614341736, 0.3584834039211273, 0.3615172207355499, 0.36054691672325134, 0.35925397276878357, 0.35939711332321167, 0.36074990034103394, 0.3593135476112366, 0.3630271255970001, 0.3583086431026459, 0.3612624704837799, 0.35841235518455505, 0.35809412598609924, 0.3581790030002594, 0.35991039872169495, 0.3592730462551117, 0.3644091486930847, 0.3584161102771759, 0.35900065302848816, 0.35870611667633057, 0.3583075702190399, 0.35868126153945923, 0.3584575355052948, 0.35941585898399353, 0.3579290509223938, 0.3600538969039917, 0.3594270646572113, 0.3605493903160095, 0.3578905165195465, 0.3583415746688843, 0.3607276678085327, 0.3604365289211273, 0.35774630308151245]",3.0,"[33.0, 33.0, 33.0, 33.0, 33.0, 33.0, 33.0, 33.0, 33.0, 33.0, 33.0, 33.0, 33.0, 33.0, 33.0, 33.0, 33.0, 33.0, 33.0, 33.0, 33.0, 33.0, 33.0, 33.0, 33.0, 33.0, 33.0, 33.0, 33.0, 33.0, 33.0, 33.0, 33.0, 33.0, 33.0, 33.0, 33.0, 33.0, 33.0, 33.0, 33.0, 33.0, 33.0, 33.0, 33.0, 33.0, 33.0, 33.0, 33.0, 33.0, 33.0, 33.0, 33.0, 33.0, 33.0, 33.0, 33.0, 33.0, 33.0, 33.0, 33.0, 33.0, 33.0, 33.0, 33.0, 33.0, 33.0, 33.0, 32.0, 32.0, 32.0, 32.0, 31.0, 31.0, 29.0, 27.0, 27.0, 25.0, 23.0, 22.0, 18.0, 17.0, 16.0, 15.0, 13.0, 13.0, 11.0, 11.0, 11.0, 10.0, 10.0, 10.0, 10.0, 10.0, 10.0, 10.0, 10.0, 10.0, 10.0, 10.0, 10.0, 10.0, 10.0, 10.0, 10.0, 10.0, 10.0, 10.0, 10.0, 10.0, 10.0, 10.0, 10.0, 9.0, 9.0, 8.0, 7.0, 6.0, 5.0, 5.0, 5.0, 5.0, 5.0, 5.0, 5.0, 5.0, 5.0, 5.0, 4.0, 4.0, 4.0, 3.0, 3.0, 3.0, 3.0, 3.0, 3.0, 3.0, 3.0, 3.0, 3.0, 3.0, 3.0, 3.0, 3.0, 3.0, 3.0, 3.0, 3.0, 3.0, 3.0, 3.0, 3.0, 3.0, 3.0, 3.0, 3.0, 3.0, 3.0, 3.0, 3.0, 3.0, 3.0, 3.0, 3.0, 3.0, 3.0, 3.0, 3.0, 3.0, 3.0, 3.0, 3.0, 3.0, 3.0, 3.0, 3.0, 3.0, 3.0, 3.0, 3.0, 3.0, 3.0, 3.0, 3.0, 3.0, 3.0, 3.0, 3.0, 3.0, 3.0, 3.0, 3.0, 3.0, 3.0, 3.0, 3.0, 3.0, 3.0, 3.0, 3.0, 3.0, 3.0, 3.0, 3.0, 3.0, 3.0, 3.0, 3.0, 3.0, 3.0, 3.0, 3.0, 3.0, 3.0, 3.0, 3.0, 3.0, 3.0, 3.0, 3.0, 3.0, 3.0, 3.0, 3.0, 3.0, 3.0, 3.0, 3.0, 3.0, 3.0, 3.0, 3.0, 3.0, 3.0, 3.0, 3.0, 3.0, 3.0, 3.0, 3.0, 3.0, 3.0, 3.0, 3.0, 3.0, 3.0, 3.0, 3.0, 3.0, 3.0, 3.0, 3.0, 3.0, 3.0, 3.0, 3.0, 3.0, 3.0, 3.0, 3.0, 3.0, 3.0, 3.0, 3.0, 3.0, 3.0, 3.0, 3.0, 3.0, 3.0, 3.0, 3.0, 3.0, 3.0, 3.0, 3.0, 3.0, 3.0, 3.0, 3.0, 3.0, 3.0, 3.0, 3.0, 3.0, 3.0, 3.0, 3.0, 3.0, 3.0, 3.0, 3.0, 3.0, 3.0]",COMPLETE
