,number,value,datetime_start,datetime_complete,duration,params_batch_size_scaler,params_constant_learning_rate,params_depth,params_epochs,params_kernel_l2,params_num_trees,params_temperature,user_attrs_accuracy_test,user_attrs_accuracy_valid,user_attrs_approximate_feature_sparsity,user_attrs_approximate_feature_sparsity_history,user_attrs_approximate_weight_sparsity,user_attrs_approximate_weight_sparsity_history,user_attrs_auc_test,user_attrs_auc_valid,user_attrs_feature_sparsity,user_attrs_feature_sparsity_history,user_attrs_num_epochs,user_attrs_val_loss_history,user_attrs_weight_sparsity,user_attrs_weight_sparsity_history,state
154,154,0.5,2024-08-31 07:09:08.654592,2024-08-31 07:09:40.364255,0 days 00:00:31.709663,16,2.7274695216191907,3,330,0.0010590444178609705,11,0.035774477867368634,0.859,0.85875,0,"[0, 0, 0, 0, 0, 0, 0, 0, 0, 0, 0, 0, 0, 0, 0, 0, 0, 0, 0, 0, 0, 0, 0, 0, 0, 0, 0, 0, 0, 0, 0, 0, 0, 0, 0, 0, 0, 0, 0, 0, 0, 0, 0, 0, 0, 0, 0, 0, 0, 0, 0, 0, 0, 0, 0, 0, 0, 0, 0, 0, 0, 0, 0, 0, 0, 0, 0, 0, 0, 0, 0, 0, 0, 0, 0, 0, 0, 0, 0, 0, 0, 0, 0, 0, 0, 0, 0, 0, 0, 0, 0, 0, 0, 0, 0, 0, 0, 0, 0, 0, 0, 0, 0, 0, 0, 0, 0, 0, 0, 0, 0, 0, 0, 0, 0, 0, 0, 0, 0, 0, 0, 0, 0, 0, 0, 0, 0, 0, 0, 0, 0, 0, 0, 0, 0, 0, 0, 0, 0, 0, 0, 0, 0, 0, 0, 0, 0, 0, 0, 0, 0, 0, 0, 0, 0, 0, 0, 0, 0, 0, 0, 0, 0, 0, 0, 0, 0, 0, 0, 0, 0, 0, 0, 0, 0, 0, 0, 0, 0, 0, 0, 0, 0, 0, 0, 0, 0, 0, 0, 0, 0, 0, 0, 0, 0, 0, 0, 0, 0, 0, 0, 0, 0, 0, 0, 0, 0, 0, 0, 0, 0, 0, 0, 0, 0, 0, 0, 0, 0, 0, 0, 0, 0, 0, 0, 0, 0, 0, 0, 0, 0, 0, 0, 0, 0, 0, 0, 0, 0, 0, 0, 0, 0, 0, 0, 0, 0, 0, 0, 0, 0, 0, 0, 0, 0, 0, 0, 0, 0, 0, 0, 0, 0, 0, 0, 0, 0, 0, 0, 0, 0, 0, 0, 0, 0, 0, 0, 0, 0, 0, 0, 0, 0, 0, 0, 0, 0, 0, 0, 0, 0, 0, 0, 0, 0, 0, 0, 0, 0, 0, 0, 0, 0, 0, 0, 0, 0, 0, 0, 0, 0, 0, 0, 0, 0, 0, 0, 0, 0, 0, 0, 0, 0, 0, 0, 0, 0, 0, 0, 0]",0.0,"[0.0, 0.0, 0.0, 0.0, 0.0, 0.0, 0.0, 0.0, 0.0, 0.0, 0.0, 0.0, 0.0, 0.0, 0.0, 0.0, 0.0, 0.0, 0.0, 0.0, 0.0, 0.0, 0.0, 0.0, 0.0, 0.0, 0.0, 0.0, 0.0, 0.0, 0.0, 0.0, 0.0, 0.0, 0.0, 0.0, 0.0, 0.0, 0.0, 0.0, 0.0, 0.0, 0.0, 0.0, 0.0, 0.0, 0.0, 0.0, 0.0, 0.0, 0.0, 0.0, 0.0, 0.0, 0.0, 0.0, 0.0, 0.0, 0.0, 0.0, 0.0, 0.0, 0.0, 0.0, 0.0, 0.0, 0.0, 0.0, 0.0, 0.0, 0.0, 0.0, 0.0, 0.0, 0.0, 0.0, 0.0, 0.0, 0.0, 0.0, 0.0, 0.0, 0.0, 0.0, 0.0, 0.0, 0.0, 0.0, 0.0, 0.0, 0.0, 0.0, 0.0, 0.0, 0.0, 0.0, 0.0, 0.0, 0.0, 0.0, 0.0, 0.0, 0.0, 0.0, 0.0, 0.0, 0.0, 0.0, 0.0, 0.0, 0.0, 0.0, 0.0, 0.0, 0.0, 0.0, 0.0, 0.0, 0.0, 0.0, 0.0, 0.0, 0.0, 0.0, 0.0, 0.0, 0.0, 0.0, 0.0, 0.0, 0.0, 0.0, 0.0, 0.0, 0.0, 0.0, 0.0, 0.0, 0.0, 0.0, 0.0, 0.0, 0.0, 0.0, 0.0, 0.0, 0.0, 0.0, 0.0, 0.0, 0.0, 0.0, 0.0, 0.0, 0.0, 0.0, 0.0, 0.0, 0.0, 0.0, 0.0, 0.0, 0.0, 0.0, 0.0, 0.0, 0.0, 0.0, 0.0, 0.0, 0.0, 0.0, 0.0, 0.0, 0.0, 0.0, 0.0, 0.0, 0.0, 0.0, 0.0, 0.0, 0.0, 0.0, 0.0, 0.0, 0.0, 0.0, 0.0, 0.0, 0.0, 0.0, 0.0, 0.0, 0.0, 0.0, 0.0, 0.0, 0.0, 0.0, 0.0, 0.0, 0.0, 0.0, 0.0, 0.0, 0.0, 0.0, 0.0, 0.0, 0.0, 0.0, 0.0, 0.0, 0.0, 0.0, 0.0, 0.0, 0.0, 0.0, 0.0, 0.0, 0.0, 0.0, 0.0, 0.0, 0.0, 0.0, 0.0, 0.0, 0.0, 0.0, 0.0, 0.0, 0.0, 0.0, 0.0, 0.0, 0.0, 0.0, 0.0, 0.0, 0.0, 0.0, 0.0, 0.0, 0.0, 0.0, 0.0, 0.0, 0.0, 0.0, 0.0, 0.0, 0.0, 0.0, 0.0, 0.0, 0.0, 0.0, 0.0, 0.0, 0.0, 0.0, 0.0, 0.0, 0.0, 0.0, 0.0, 0.0, 0.0, 0.0, 0.0, 0.0, 0.0, 0.0, 0.0, 0.0, 0.0, 0.0, 0.0, 0.0, 0.0, 0.0, 0.0, 0.0, 0.0, 0.0, 0.0, 0.0, 0.0, 0.0, 0.0, 0.0, 0.0, 0.0, 0.0, 0.0, 0.0, 0.0, 0.0, 0.0, 0.0, 0.0, 0.0, 0.0, 0.0, 0.0, 0.0, 0.0, 0.0, 0.0, 0.0, 0.0, 0.0, 0.0, 0.0, 0.0, 0.0, 0.0, 0.0, 0.0, 0.0, 0.0, 0.0, 0.0, 0.0, 0.0, 0.0, 0.0]",0.5,0.5,0,"[0, 0, 0, 0, 0, 0, 0, 0, 0, 0, 0, 0, 0, 0, 0, 0, 0, 0, 0, 0, 0, 0, 0, 0, 0, 0, 0, 0, 0, 0, 0, 0, 0, 0, 0, 0, 0, 0, 0, 0, 0, 0, 0, 0, 0, 0, 0, 0, 0, 0, 0, 0, 0, 0, 0, 0, 0, 0, 0, 0, 0, 0, 0, 0, 0, 0, 0, 0, 0, 0, 0, 0, 0, 0, 0, 0, 0, 0, 0, 0, 0, 0, 0, 0, 0, 0, 0, 0, 0, 0, 0, 0, 0, 0, 0, 0, 0, 0, 0, 0, 0, 0, 0, 0, 0, 0, 0, 0, 0, 0, 0, 0, 0, 0, 0, 0, 0, 0, 0, 0, 0, 0, 0, 0, 0, 0, 0, 0, 0, 0, 0, 0, 0, 0, 0, 0, 0, 0, 0, 0, 0, 0, 0, 0, 0, 0, 0, 0, 0, 0, 0, 0, 0, 0, 0, 0, 0, 0, 0, 0, 0, 0, 0, 0, 0, 0, 0, 0, 0, 0, 0, 0, 0, 0, 0, 0, 0, 0, 0, 0, 0, 0, 0, 0, 0, 0, 0, 0, 0, 0, 0, 0, 0, 0, 0, 0, 0, 0, 0, 0, 0, 0, 0, 0, 0, 0, 0, 0, 0, 0, 0, 0, 0, 0, 0, 0, 0, 0, 0, 0, 0, 0, 0, 0, 0, 0, 0, 0, 0, 0, 0, 0, 0, 0, 0, 0, 0, 0, 0, 0, 0, 0, 0, 0, 0, 0, 0, 0, 0, 0, 0, 0, 0, 0, 0, 0, 0, 0, 0, 0, 0, 0, 0, 0, 0, 0, 0, 0, 0, 0, 0, 0, 0, 0, 0, 0, 0, 0, 0, 0, 0, 0, 0, 0, 0, 0, 0, 0, 0, 0, 0, 0, 0, 0, 0, 0, 0, 0, 0, 0, 0, 0, 0, 0, 0, 0, 0, 0, 0, 0, 0, 0, 0, 0, 0, 0, 0, 0, 0, 0, 0, 0, 0, 0, 0, 0, 0, 0, 0, 0]",330,"[0.4207022786140442, 0.4092530906200409, 0.4090109169483185, 0.40742671489715576, 0.40742823481559753, 0.41625338792800903, 0.4081399440765381, 0.4135175943374634, 0.4113426208496094, 0.4098651111125946, 0.4078766107559204, 0.4095838963985443, 0.41133174300193787, 0.407526433467865, 0.4115200936794281, 0.4075573980808258, 0.4073651432991028, 0.4082168936729431, 0.4096139073371887, 0.4073805510997772, 0.4195759892463684, 0.407619446516037, 0.4104846715927124, 0.41713595390319824, 0.40828782320022583, 0.4104963541030884, 0.4303387403488159, 0.4113157391548157, 0.41080787777900696, 0.407523512840271, 0.4114757478237152, 0.4131036102771759, 0.40722787380218506, 0.4074329435825348, 0.4167805016040802, 0.41143590211868286, 0.4083513021469116, 0.40754130482673645, 0.40953388810157776, 0.42050662636756897, 0.40772122144699097, 0.4121883511543274, 0.40743252635002136, 0.4078235626220703, 0.41148850321769714, 0.40754348039627075, 0.41700708866119385, 0.40977421402931213, 0.41360926628112793, 0.40832746028900146, 0.411300927400589, 0.40744373202323914, 0.4074367880821228, 0.40739962458610535, 0.40962454676628113, 0.40790778398513794, 0.408306360244751, 0.41134893894195557, 0.4075295627117157, 0.40810641646385193, 0.4168665409088135, 0.40948736667633057, 0.4094943106174469, 0.4081884026527405, 0.4084426760673523, 0.4361529052257538, 0.4112465977668762, 0.40753042697906494, 0.4072338342666626, 0.4137723445892334, 0.4113523066043854, 0.41132357716560364, 0.40742242336273193, 0.4075194299221039, 0.40752315521240234, 0.41679954528808594, 0.42460837960243225, 0.40938037633895874, 0.40751922130584717, 0.4186650514602661, 0.407548189163208, 0.4072278141975403, 0.407543420791626, 0.4092148542404175, 0.4072278141975403, 0.4080255627632141, 0.40817660093307495, 0.4075496792793274, 0.4164876639842987, 0.4099968671798706, 0.4107241928577423, 0.41845762729644775, 0.4132421016693115, 0.4072364866733551, 0.4075288474559784, 0.4101393520832062, 0.42172250151634216, 0.4076034426689148, 0.40766799449920654, 0.40778693556785583, 0.4094061553478241, 0.4072277545928955, 0.40742552280426025, 0.4134117066860199, 0.4072278141975403, 0.41340556740760803, 0.4084397256374359, 0.4075652062892914, 0.4072309136390686, 0.4072536826133728, 0.4166795611381531, 0.40940961241722107, 0.40864989161491394, 0.4136486053466797, 0.4131075143814087, 0.41119250655174255, 0.4093535542488098, 0.4074278771877289, 0.4094173014163971, 0.4081505239009857, 0.42026665806770325, 0.40771812200546265, 0.41171854734420776, 0.4075109362602234, 0.4097047746181488, 0.40751057863235474, 0.4078786075115204, 0.41128331422805786, 0.40813279151916504, 0.40764880180358887, 0.4094056189060211, 0.407433420419693, 0.41091957688331604, 0.41119885444641113, 0.40722769498825073, 0.40735718607902527, 0.4073435962200165, 0.40807899832725525, 0.4073343575000763, 0.44129660725593567, 0.40750962495803833, 0.40961915254592896, 0.41187384724617004, 0.40901315212249756, 0.4290081262588501, 0.40945708751678467, 0.41261523962020874, 0.40948209166526794, 0.4076550602912903, 0.40754222869873047, 0.40723273158073425, 0.4074116051197052, 0.40943270921707153, 0.4082958996295929, 0.407231867313385, 0.40739449858665466, 0.4094139337539673, 0.4158736765384674, 0.40743163228034973, 0.41912704706192017, 0.4395243525505066, 0.4091966152191162, 0.4111325144767761, 0.41113072633743286, 0.4138243794441223, 0.4093961715698242, 0.4093603193759918, 0.4131171703338623, 0.4154573082923889, 0.480508029460907, 0.41113317012786865, 0.40979114174842834, 0.4128926992416382, 0.4093600809574127, 0.4194926917552948, 0.40759074687957764, 0.40939557552337646, 0.4088956415653229, 0.40765976905822754, 0.4072408378124237, 0.41342318058013916, 0.4088651239871979, 0.4238676130771637, 0.40738892555236816, 0.4184887707233429, 0.4120309054851532, 0.4079816937446594, 0.4094094932079315, 0.40742477774620056, 0.4072278141975403, 0.40821295976638794, 0.4074939787387848, 0.4076174795627594, 0.40722861886024475, 0.4072318375110626, 0.4074283242225647, 0.41085267066955566, 0.4153723120689392, 0.41571536660194397, 0.41913941502571106, 0.40750789642333984, 0.41170719265937805, 0.40834736824035645, 0.4236122965812683, 0.4109543263912201, 0.40820643305778503, 0.40812623500823975, 0.4093880355358124, 0.40802425146102905, 0.4231390655040741, 0.4075762629508972, 0.4073407053947449, 0.4092971682548523, 0.4075264632701874, 0.4285157322883606, 0.4090813100337982, 0.4072597026824951, 0.40722739696502686, 0.41089844703674316, 0.4074023365974426, 0.4079350531101227, 0.41526758670806885, 0.40819820761680603, 0.4093352258205414, 0.4074917733669281, 0.42413753271102905, 0.4131181836128235, 0.41074687242507935, 0.40722766518592834, 0.41078436374664307, 0.4120780825614929, 0.4077063798904419, 0.40722721815109253, 0.40743106603622437, 0.4095711410045624, 0.4072309136390686, 0.40853700041770935, 0.4076061546802521, 0.4107889235019684, 0.40723443031311035, 0.4074959456920624, 0.40743136405944824, 0.4093226194381714, 0.4075160622596741, 0.4081922471523285, 0.4072403311729431, 0.4074876010417938, 0.4077065587043762, 0.40965762734413147, 0.40739643573760986, 0.40804970264434814, 0.4109452962875366, 0.40810707211494446, 0.4088723659515381, 0.41603609919548035, 0.40782248973846436, 0.40910691022872925, 0.40724921226501465, 0.4169914126396179, 0.4180169403553009, 0.4093056619167328, 0.4080847203731537, 0.40874797105789185, 0.4091413617134094, 0.41035452485084534, 0.4076228737831116, 0.40810978412628174, 0.40817925333976746, 0.4098983108997345, 0.4084932804107666, 0.4082387089729309, 0.4093122184276581, 0.41953444480895996, 0.40808939933776855, 0.40943413972854614, 0.4074956774711609, 0.40735122561454773, 0.41083163022994995, 0.40956249833106995, 0.410044401884079, 0.40803787112236023, 0.4093132019042969, 0.41606971621513367, 0.4072507619857788, 0.412706196308136, 0.40951645374298096, 0.4079584777355194, 0.4128439724445343, 0.41276314854621887, 0.40811774134635925, 0.40740010142326355, 0.40935635566711426, 0.41898977756500244, 0.40722742676734924, 0.407522976398468, 0.4107896089553833, 0.4106912612915039, 0.4231349527835846, 0.41588595509529114, 0.40780603885650635, 0.4093148112297058, 0.4072599709033966, 0.40722766518592834, 0.40934696793556213, 0.41750988364219666, 0.4072750508785248, 0.4075944125652313, 0.4073063135147095, 0.41081902384757996, 0.41266241669654846, 0.4084412455558777, 0.4103870093822479, 0.4073870778083801, 0.4072517156600952, 0.41726887226104736, 0.4125421643257141, 0.4149226248264313, 0.412766695022583, 0.4072268605232239, 0.4204067289829254, 0.4179762899875641, 0.410645991563797, 0.40742549300193787, 0.4073096811771393, 0.4075058400630951, 0.41094833612442017, 0.4088464677333832, 0.41086575388908386, 0.4074179530143738, 0.40817713737487793]",0.0,"[0.0, 0.0, 0.0, 0.0, 0.0, 0.0, 0.0, 0.0, 0.0, 0.0, 0.0, 0.0, 0.0, 0.0, 0.0, 0.0, 0.0, 0.0, 0.0, 0.0, 0.0, 0.0, 0.0, 0.0, 0.0, 0.0, 0.0, 0.0, 0.0, 0.0, 0.0, 0.0, 0.0, 0.0, 0.0, 0.0, 0.0, 0.0, 0.0, 0.0, 0.0, 0.0, 0.0, 0.0, 0.0, 0.0, 0.0, 0.0, 0.0, 0.0, 0.0, 0.0, 0.0, 0.0, 0.0, 0.0, 0.0, 0.0, 0.0, 0.0, 0.0, 0.0, 0.0, 0.0, 0.0, 0.0, 0.0, 0.0, 0.0, 0.0, 0.0, 0.0, 0.0, 0.0, 0.0, 0.0, 0.0, 0.0, 0.0, 0.0, 0.0, 0.0, 0.0, 0.0, 0.0, 0.0, 0.0, 0.0, 0.0, 0.0, 0.0, 0.0, 0.0, 0.0, 0.0, 0.0, 0.0, 0.0, 0.0, 0.0, 0.0, 0.0, 0.0, 0.0, 0.0, 0.0, 0.0, 0.0, 0.0, 0.0, 0.0, 0.0, 0.0, 0.0, 0.0, 0.0, 0.0, 0.0, 0.0, 0.0, 0.0, 0.0, 0.0, 0.0, 0.0, 0.0, 0.0, 0.0, 0.0, 0.0, 0.0, 0.0, 0.0, 0.0, 0.0, 0.0, 0.0, 0.0, 0.0, 0.0, 0.0, 0.0, 0.0, 0.0, 0.0, 0.0, 0.0, 0.0, 0.0, 0.0, 0.0, 0.0, 0.0, 0.0, 0.0, 0.0, 0.0, 0.0, 0.0, 0.0, 0.0, 0.0, 0.0, 0.0, 0.0, 0.0, 0.0, 0.0, 0.0, 0.0, 0.0, 0.0, 0.0, 0.0, 0.0, 0.0, 0.0, 0.0, 0.0, 0.0, 0.0, 0.0, 0.0, 0.0, 0.0, 0.0, 0.0, 0.0, 0.0, 0.0, 0.0, 0.0, 0.0, 0.0, 0.0, 0.0, 0.0, 0.0, 0.0, 0.0, 0.0, 0.0, 0.0, 0.0, 0.0, 0.0, 0.0, 0.0, 0.0, 0.0, 0.0, 0.0, 0.0, 0.0, 0.0, 0.0, 0.0, 0.0, 0.0, 0.0, 0.0, 0.0, 0.0, 0.0, 0.0, 0.0, 0.0, 0.0, 0.0, 0.0, 0.0, 0.0, 0.0, 0.0, 0.0, 0.0, 0.0, 0.0, 0.0, 0.0, 0.0, 0.0, 0.0, 0.0, 0.0, 0.0, 0.0, 0.0, 0.0, 0.0, 0.0, 0.0, 0.0, 0.0, 0.0, 0.0, 0.0, 0.0, 0.0, 0.0, 0.0, 0.0, 0.0, 0.0, 0.0, 0.0, 0.0, 0.0, 0.0, 0.0, 0.0, 0.0, 0.0, 0.0, 0.0, 0.0, 0.0, 0.0, 0.0, 0.0, 0.0, 0.0, 0.0, 0.0, 0.0, 0.0, 0.0, 0.0, 0.0, 0.0, 0.0, 0.0, 0.0, 0.0, 0.0, 0.0, 0.0, 0.0, 0.0, 0.0, 0.0, 0.0, 0.0, 0.0, 0.0, 0.0, 0.0, 0.0, 0.0, 0.0, 0.0, 0.0, 0.0, 0.0, 0.0, 0.0, 0.0, 0.0, 0.0, 0.0, 0.0, 0.0, 0.0, 0.0, 0.0, 0.0, 0.0, 0.0, 0.0, 0.0]",COMPLETE
155,155,0.5,2024-08-31 07:09:40.370255,2024-08-31 07:18:20.871196,0 days 00:08:40.500941,1,4.666409590969893,6,75,0.00982666077729706,50,0.014240714322388947,0.859,0.85875,0,"[0, 0, 0, 0, 0, 0, 0, 0, 0, 0, 0, 0, 0, 0, 0, 0, 0, 0, 0, 0, 0, 0, 0, 0, 0, 0, 0, 0, 0, 0, 0, 0, 0, 0, 0, 0, 0, 0, 0, 0, 0, 0, 0, 0, 0, 0, 0, 0, 0, 0, 0, 0, 0, 0, 0, 0, 0, 0, 0, 0, 0, 0, 0, 0, 0, 0, 0, 0, 0, 0, 0, 0, 0, 0, 0]",0.0,"[0.0, 0.0, 0.0, 0.0, 0.0, 0.0, 0.0, 0.0, 0.0, 0.0, 0.0, 0.0, 0.0, 0.0, 0.0, 0.0, 0.0, 0.0, 0.0, 0.0, 0.0, 0.0, 0.0, 0.0, 0.0, 0.0, 0.0, 0.0, 0.0, 0.0, 0.0, 0.0, 0.0, 0.0, 0.0, 0.0, 0.0, 0.0, 0.0, 0.0, 0.0, 0.0, 0.0, 0.0, 0.0, 0.0, 0.0, 0.0, 0.0, 0.0, 0.0, 0.0, 0.0, 0.0, 0.0, 0.0, 0.0, 0.0, 0.0, 0.0, 0.0, 0.0, 0.0, 0.0, 0.0, 0.0, 0.0, 0.0, 0.0, 0.0, 0.0, 0.0, 0.0, 0.0, 0.0]",0.5,0.5,0,"[0, 0, 0, 0, 0, 0, 0, 0, 0, 0, 0, 0, 0, 0, 0, 0, 0, 0, 0, 0, 0, 0, 0, 0, 0, 0, 0, 0, 0, 0, 0, 0, 0, 0, 0, 0, 0, 0, 0, 0, 0, 0, 0, 0, 0, 0, 0, 0, 0, 0, 0, 0, 0, 0, 0, 0, 0, 0, 0, 0, 0, 0, 0, 0, 0, 0, 0, 0, 0, 0, 0, 0, 0, 0, 0]",75,"[0.47093528509140015, 0.4363405704498291, 0.43149495124816895, 0.429931104183197, 0.43161624670028687, 0.40987300872802734, 0.41126954555511475, 0.4919630289077759, 0.41063186526298523, 0.4081003963947296, 0.4150344133377075, 0.4102281928062439, 0.4175347089767456, 0.5414757132530212, 0.4253586530685425, 0.4115774929523468, 0.40918219089508057, 0.41136500239372253, 0.41510361433029175, 0.4807104170322418, 0.4685673415660858, 0.4085139036178589, 0.46285754442214966, 0.43507614731788635, 0.42628616094589233, 0.4338025152683258, 0.4109220802783966, 0.4259982407093048, 0.4099971354007721, 0.4512898623943329, 0.4101499617099762, 0.4245032072067261, 0.43123859167099, 0.42721882462501526, 0.4085618853569031, 0.43635255098342896, 0.4152509272098541, 0.41656407713890076, 0.4252468943595886, 0.40881508588790894, 0.4653821587562561, 0.41056832671165466, 0.40794599056243896, 0.4073399603366852, 0.41519632935523987, 0.657126784324646, 0.45395126938819885, 0.4080143868923187, 0.4147026836872101, 0.4123460054397583, 0.41474980115890503, 0.4360245168209076, 0.4161003828048706, 0.45400363206863403, 0.40899458527565, 0.4104779064655304, 0.43004828691482544, 0.4079371690750122, 0.41006147861480713, 0.40831825137138367, 0.44619694352149963, 0.41495054960250854, 0.410444438457489, 0.4116417169570923, 0.4330311715602875, 0.5228504538536072, 0.4160769581794739, 0.4149858355522156, 0.40811222791671753, 0.40829581022262573, 0.41045594215393066, 0.4230099618434906, 0.4241139590740204, 0.4128659963607788, 0.40819644927978516]",0.0,"[0.0, 0.0, 0.0, 0.0, 0.0, 0.0, 0.0, 0.0, 0.0, 0.0, 0.0, 0.0, 0.0, 0.0, 0.0, 0.0, 0.0, 0.0, 0.0, 0.0, 0.0, 0.0, 0.0, 0.0, 0.0, 0.0, 0.0, 0.0, 0.0, 0.0, 0.0, 0.0, 0.0, 0.0, 0.0, 0.0, 0.0, 0.0, 0.0, 0.0, 0.0, 0.0, 0.0, 0.0, 0.0, 0.0, 0.0, 0.0, 0.0, 0.0, 0.0, 0.0, 0.0, 0.0, 0.0, 0.0, 0.0, 0.0, 0.0, 0.0, 0.0, 0.0, 0.0, 0.0, 0.0, 0.0, 0.0, 0.0, 0.0, 0.0, 0.0, 0.0, 0.0, 0.0, 0.0]",COMPLETE
156,156,0.7901611469644858,2024-08-31 07:18:24.198796,2024-08-31 07:18:38.739165,0 days 00:00:14.540369,16,0.1925684920062514,3,115,0.27390043437771017,15,0.023448548936664062,0.868,0.86125,3,"[33, 33, 33, 33, 33, 33, 33, 33, 30, 24, 20, 14, 12, 9, 8, 5, 5, 4, 3, 3, 3, 3, 3, 3, 3, 3, 3, 3, 3, 3, 3, 3, 3, 3, 3, 3, 3, 3, 3, 3, 3, 3, 3, 3, 3, 3, 3, 3, 3, 3, 3, 3, 3, 3, 3, 3, 3, 3, 3, 3, 3, 3, 3, 3, 3, 3, 3, 3, 3, 3, 3, 3, 3, 3, 3, 3, 3, 3, 3, 3, 3, 3, 3, 3, 3, 3, 3, 3, 3, 3, 3, 3, 3, 3, 3, 3, 3, 3, 3, 3, 3, 3, 3, 3, 3, 3, 3, 3, 3, 3, 3, 3, 3, 3, 3]",2.9904761904761905,"[33.0, 32.98095238095238, 32.98095238095238, 32.98095238095238, 32.99047619047619, 32.98095238095238, 32.971428571428575, 32.98095238095238, 30.0, 24.0, 20.0, 13.99047619047619, 12.0, 8.971428571428572, 8.0, 5.0, 5.0, 4.0, 2.9904761904761905, 3.0, 3.0, 3.0, 2.9904761904761905, 3.0, 3.0, 3.0, 3.0, 3.0, 3.0, 3.0, 2.9904761904761905, 3.0, 3.0, 3.0, 3.0, 2.980952380952381, 3.0, 3.0, 3.0, 3.0, 3.0, 3.0, 3.0, 2.980952380952381, 3.0, 3.0, 2.980952380952381, 3.0, 3.0, 2.9904761904761905, 3.0, 3.0, 3.0, 3.0, 3.0, 2.9904761904761905, 3.0, 3.0, 2.9904761904761905, 3.0, 3.0, 3.0, 3.0, 3.0, 3.0, 3.0, 3.0, 3.0, 3.0, 3.0, 3.0, 3.0, 3.0, 3.0, 2.9904761904761905, 3.0, 3.0, 3.0, 3.0, 3.0, 3.0, 3.0, 3.0, 3.0, 3.0, 3.0, 3.0, 3.0, 3.0, 3.0, 3.0, 3.0, 3.0, 3.0, 3.0, 3.0, 2.9904761904761905, 3.0, 3.0, 3.0, 2.9904761904761905, 3.0, 2.9904761904761905, 3.0, 3.0, 2.9904761904761905, 2.9904761904761905, 3.0, 2.9904761904761905, 3.0, 3.0, 2.9904761904761905, 3.0, 2.9904761904761905, 2.9904761904761905]",0.793236403867271,0.7901611469644858,3,"[33, 33, 33, 33, 33, 33, 33, 33, 30, 24, 20, 14, 12, 9, 8, 5, 5, 4, 3, 3, 3, 3, 3, 3, 3, 3, 3, 3, 3, 3, 3, 3, 3, 3, 3, 3, 3, 3, 3, 3, 3, 3, 3, 3, 3, 3, 3, 3, 3, 3, 3, 3, 3, 3, 3, 3, 3, 3, 3, 3, 3, 3, 3, 3, 3, 3, 3, 3, 3, 3, 3, 3, 3, 3, 3, 3, 3, 3, 3, 3, 3, 3, 3, 3, 3, 3, 3, 3, 3, 3, 3, 3, 3, 3, 3, 3, 3, 3, 3, 3, 3, 3, 3, 3, 3, 3, 3, 3, 3, 3, 3, 3, 3, 3, 3]",115,"[0.5250709056854248, 0.5076854825019836, 0.4989549219608307, 0.49202948808670044, 0.4863644540309906, 0.4810663163661957, 0.4764784276485443, 0.47222310304641724, 0.46406421065330505, 0.4446950852870941, 0.4312029778957367, 0.41260993480682373, 0.40740638971328735, 0.39772483706474304, 0.39320725202560425, 0.38689395785331726, 0.3849574625492096, 0.38563233613967896, 0.3829360604286194, 0.38194218277931213, 0.3811907470226288, 0.3803437054157257, 0.37962454557418823, 0.3789829909801483, 0.37851834297180176, 0.3778846263885498, 0.3773266077041626, 0.3769739270210266, 0.37643080949783325, 0.37594369053840637, 0.37551558017730713, 0.37530478835105896, 0.3746910095214844, 0.3743264675140381, 0.3738679587841034, 0.3737325370311737, 0.3731299936771393, 0.37301406264305115, 0.37240952253341675, 0.37231913208961487, 0.3718031048774719, 0.3716041147708893, 0.37107041478157043, 0.3707590401172638, 0.37040066719055176, 0.3701363801956177, 0.36992526054382324, 0.3695369362831116, 0.36927616596221924, 0.3689890205860138, 0.3686923086643219, 0.36851516366004944, 0.36816608905792236, 0.36791107058525085, 0.36769378185272217, 0.367437481880188, 0.3671652674674988, 0.36704161763191223, 0.3668249845504761, 0.3666223883628845, 0.36628344655036926, 0.3661155700683594, 0.3658570349216461, 0.3655904531478882, 0.3655242621898651, 0.365146666765213, 0.364930659532547, 0.3648068904876709, 0.36452943086624146, 0.3643019199371338, 0.3641205132007599, 0.364078551530838, 0.36381369829177856, 0.3635837137699127, 0.3632735311985016, 0.36316463351249695, 0.36285659670829773, 0.36288586258888245, 0.3624350428581238, 0.3622649908065796, 0.36203116178512573, 0.36203575134277344, 0.36167609691619873, 0.3615724444389343, 0.3612440526485443, 0.3610723614692688, 0.36094242334365845, 0.36065351963043213, 0.3604196310043335, 0.3602982759475708, 0.36003199219703674, 0.36005523800849915, 0.35966241359710693, 0.35937634110450745, 0.35919708013534546, 0.35895222425460815, 0.35874542593955994, 0.3585444688796997, 0.35836896300315857, 0.3581421971321106, 0.3580129146575928, 0.3576892912387848, 0.35755881667137146, 0.3572966456413269, 0.3571396768093109, 0.3570626974105835, 0.35659876465797424, 0.35635876655578613, 0.3561992943286896, 0.35618510842323303, 0.355919748544693, 0.3555891513824463, 0.3552688658237457, 0.3550228476524353, 0.35483890771865845]",3.0,"[33.0, 33.0, 33.0, 33.0, 33.0, 33.0, 33.0, 33.0, 30.0, 24.0, 20.0, 14.0, 12.0, 9.0, 8.0, 5.0, 5.0, 4.0, 3.0, 3.0, 3.0, 3.0, 3.0, 3.0, 3.0, 3.0, 3.0, 3.0, 3.0, 3.0, 3.0, 3.0, 3.0, 3.0, 3.0, 3.0, 3.0, 3.0, 3.0, 3.0, 3.0, 3.0, 3.0, 3.0, 3.0, 3.0, 3.0, 3.0, 3.0, 3.0, 3.0, 3.0, 3.0, 3.0, 3.0, 3.0, 3.0, 3.0, 3.0, 3.0, 3.0, 3.0, 3.0, 3.0, 3.0, 3.0, 3.0, 3.0, 3.0, 3.0, 3.0, 3.0, 3.0, 3.0, 3.0, 3.0, 3.0, 3.0, 3.0, 3.0, 3.0, 3.0, 3.0, 3.0, 3.0, 3.0, 3.0, 3.0, 3.0, 3.0, 3.0, 3.0, 3.0, 3.0, 3.0, 3.0, 3.0, 3.0, 3.0, 3.0, 3.0, 3.0, 3.0, 3.0, 3.0, 3.0, 3.0, 3.0, 3.0, 3.0, 3.0, 3.0, 3.0, 3.0, 3.0]",COMPLETE
