,number,value,datetime_start,datetime_complete,duration,params_batch_size_scaler,params_constant_learning_rate,params_depth,params_epochs,params_kernel_l2,params_num_trees,params_temperature,user_attrs_accuracy_test,user_attrs_accuracy_valid,user_attrs_approximate_feature_sparsity,user_attrs_approximate_feature_sparsity_history,user_attrs_approximate_weight_sparsity,user_attrs_approximate_weight_sparsity_history,user_attrs_auc_test,user_attrs_auc_valid,user_attrs_feature_sparsity,user_attrs_feature_sparsity_history,user_attrs_num_epochs,user_attrs_val_loss_history,user_attrs_weight_sparsity,user_attrs_weight_sparsity_history,state
86,86,0.8668315492522317,2024-08-31 04:08:52.055168,2024-08-31 04:10:09.629163,0 days 00:01:17.573995,4,3.2607795649949005,1,460,0.0010133788299585948,74,0.0005364724565437062,0.894,0.8925,28,"[33, 33, 31, 31, 30, 30, 30, 30, 30, 30, 30, 30, 30, 30, 30, 30, 30, 30, 30, 30, 30, 30, 30, 30, 30, 30, 30, 30, 30, 30, 30, 30, 30, 30, 30, 30, 30, 30, 30, 30, 30, 30, 30, 30, 30, 30, 30, 30, 30, 30, 30, 30, 30, 30, 30, 30, 30, 30, 30, 30, 30, 30, 30, 30, 30, 30, 30, 30, 30, 30, 30, 30, 30, 30, 30, 30, 30, 30, 30, 30, 30, 30, 30, 30, 30, 30, 30, 30, 30, 30, 30, 30, 30, 30, 30, 30, 30, 30, 30, 30, 30, 30, 30, 30, 30, 30, 30, 30, 30, 30, 30, 30, 30, 30, 30, 30, 30, 30, 30, 30, 30, 30, 30, 30, 30, 30, 30, 30, 30, 30, 30, 30, 30, 30, 30, 30, 30, 30, 30, 30, 30, 30, 30, 30, 30, 30, 30, 30, 30, 30, 30, 30, 30, 30, 29, 29, 29, 29, 29, 29, 29, 29, 29, 29, 29, 29, 29, 29, 29, 29, 29, 29, 29, 29, 29, 29, 29, 29, 29, 29, 29, 29, 29, 29, 29, 29, 29, 29, 29, 29, 29, 29, 29, 29, 29, 29, 29, 29, 29, 29, 29, 29, 29, 29, 29, 29, 29, 29, 29, 29, 29, 29, 29, 29, 29, 29, 29, 29, 29, 29, 29, 29, 29, 29, 29, 29, 29, 29, 29, 29, 29, 29, 29, 29, 29, 29, 29, 29, 29, 29, 29, 29, 29, 29, 29, 29, 29, 29, 29, 29, 29, 29, 29, 29, 29, 29, 29, 29, 29, 29, 29, 29, 29, 29, 29, 29, 29, 29, 29, 29, 29, 29, 29, 29, 29, 29, 29, 29, 29, 29, 29, 29, 29, 29, 29, 29, 29, 29, 29, 29, 29, 29, 29, 29, 29, 29, 29, 29, 29, 29, 29, 29, 29, 29, 29, 29, 29, 29, 29, 29, 29, 29, 29, 29, 29, 29, 29, 29, 29, 29, 29, 29, 29, 29, 29, 29, 29, 29, 29, 29, 29, 29, 29, 29, 29, 29, 29, 29, 29, 29, 29, 29, 29, 29, 29, 29, 29, 29, 29, 29, 29, 29, 29, 29, 29, 29, 29, 29, 29, 29, 29, 29, 29, 29, 29, 29, 29, 29, 29, 29, 28, 28, 28, 28, 28, 28, 28, 28, 28, 28, 28, 28, 28, 28, 28, 28, 28, 28, 28, 28, 28, 28, 28, 28, 28, 28, 28, 28, 28, 28, 28, 28, 28, 28, 28, 28, 28, 28, 28, 28, 28, 28, 28, 28, 28, 28, 28, 28, 28, 28, 28, 28, 28, 28, 28, 28, 28, 28, 28, 28, 28, 28, 28, 28, 28, 28, 28, 28, 28, 28, 28, 28, 28, 28, 28, 28, 28, 28, 28, 28, 28, 28, 28, 28, 28, 28, 28, 28, 28, 28]",28.0,"[33.0, 32.986486486486484, 31.0, 30.986486486486484, 30.0, 30.0, 30.0, 30.0, 29.986486486486484, 30.0, 29.986486486486484, 29.986486486486484, 30.0, 30.0, 30.0, 30.0, 30.0, 30.0, 30.0, 30.0, 30.0, 29.986486486486484, 30.0, 29.986486486486484, 30.0, 30.0, 30.0, 30.0, 30.0, 30.0, 30.0, 30.0, 30.0, 30.0, 30.0, 30.0, 29.972972972972972, 30.0, 30.0, 30.0, 30.0, 30.0, 30.0, 29.972972972972972, 30.0, 30.0, 29.986486486486484, 30.0, 30.0, 30.0, 30.0, 30.0, 30.0, 30.0, 30.0, 30.0, 30.0, 30.0, 30.0, 30.0, 30.0, 30.0, 30.0, 30.0, 30.0, 30.0, 30.0, 30.0, 29.986486486486488, 30.0, 30.0, 30.0, 30.0, 30.0, 30.0, 29.986486486486484, 29.986486486486484, 29.986486486486484, 29.986486486486484, 29.986486486486484, 29.986486486486484, 29.972972972972972, 29.986486486486484, 29.986486486486484, 29.972972972972972, 30.0, 30.0, 30.0, 30.0, 30.0, 30.0, 30.0, 30.0, 30.0, 30.0, 30.0, 30.0, 29.986486486486484, 30.0, 30.0, 30.0, 30.0, 30.0, 30.0, 30.0, 29.972972972972972, 29.986486486486484, 29.986486486486484, 30.0, 29.972972972972972, 29.986486486486484, 29.986486486486484, 29.986486486486484, 29.986486486486484, 29.972972972972972, 29.986486486486484, 29.986486486486484, 29.986486486486484, 29.986486486486484, 29.986486486486484, 29.986486486486484, 29.986486486486484, 29.986486486486484, 29.986486486486484, 30.0, 29.986486486486484, 30.0, 30.0, 30.0, 30.0, 30.0, 30.0, 29.986486486486484, 29.986486486486484, 30.0, 30.0, 30.0, 29.986486486486484, 30.0, 29.972972972972972, 30.0, 30.0, 30.0, 30.0, 30.0, 30.0, 30.0, 29.986486486486484, 29.986486486486484, 30.0, 30.0, 30.0, 30.0, 30.0, 29.0, 29.0, 28.986486486486484, 29.0, 29.0, 28.986486486486484, 28.986486486486484, 29.0, 29.0, 29.0, 29.0, 28.95945945945946, 29.0, 28.986486486486484, 29.0, 29.0, 29.0, 28.986486486486484, 29.0, 29.0, 29.0, 29.0, 29.0, 29.0, 28.986486486486484, 29.0, 29.0, 29.0, 29.0, 29.0, 29.0, 29.0, 28.986486486486484, 29.0, 29.0, 29.0, 29.0, 29.0, 29.0, 29.0, 29.0, 29.0, 29.0, 29.0, 29.0, 29.0, 29.0, 29.0, 28.986486486486484, 28.986486486486484, 28.986486486486484, 29.0, 28.972972972972972, 29.0, 29.0, 29.0, 29.0, 28.986486486486484, 28.986486486486484, 28.986486486486484, 28.972972972972972, 28.972972972972972, 28.972972972972972, 28.986486486486484, 29.0, 29.0, 29.0, 29.0, 29.0, 29.0, 29.0, 29.0, 29.0, 29.0, 29.0, 29.0, 29.0, 29.0, 29.0, 29.0, 29.0, 28.986486486486484, 29.0, 29.0, 29.0, 29.0, 28.986486486486484, 29.0, 29.0, 28.972972972972972, 29.0, 29.0, 29.0, 29.0, 29.0, 29.0, 29.0, 28.986486486486484, 29.0, 29.0, 29.0, 29.0, 29.0, 29.0, 29.0, 29.0, 29.0, 29.0, 29.0, 29.0, 29.0, 29.0, 29.0, 29.0, 29.0, 28.986486486486484, 29.0, 28.986486486486488, 29.0, 29.0, 28.986486486486488, 29.0, 29.0, 29.0, 29.0, 29.0, 29.0, 29.0, 29.0, 29.0, 29.0, 29.0, 29.0, 28.986486486486484, 29.0, 29.0, 29.0, 29.0, 29.0, 29.0, 29.0, 29.0, 29.0, 28.986486486486484, 28.972972972972972, 28.972972972972972, 28.972972972972972, 28.972972972972972, 28.986486486486484, 28.972972972972972, 28.986486486486484, 28.972972972972972, 28.986486486486484, 28.986486486486484, 28.986486486486484, 28.972972972972972, 28.986486486486484, 28.986486486486484, 29.0, 29.0, 29.0, 29.0, 29.0, 28.986486486486484, 29.0, 29.0, 29.0, 29.0, 29.0, 29.0, 29.0, 29.0, 29.0, 29.0, 29.0, 29.0, 28.986486486486484, 28.972972972972972, 28.972972972972972, 28.972972972972972, 28.95945945945946, 28.986486486486484, 28.972972972972972, 28.986486486486484, 28.986486486486484, 28.95945945945946, 28.972972972972972, 28.972972972972972, 28.986486486486484, 28.972972972972972, 28.986486486486484, 28.986486486486484, 28.986486486486484, 28.986486486486484, 28.972972972972972, 29.0, 28.972972972972972, 28.986486486486484, 29.0, 29.0, 28.986486486486484, 28.986486486486484, 29.0, 28.986486486486484, 28.986486486486484, 28.972972972972972, 29.0, 29.0, 28.986486486486484, 28.972972972972972, 28.986486486486484, 28.986486486486484, 28.986486486486484, 28.986486486486484, 28.986486486486484, 28.986486486486484, 28.0, 28.0, 28.0, 28.0, 27.986486486486488, 27.986486486486484, 27.986486486486484, 28.0, 28.0, 28.0, 28.0, 28.0, 28.0, 28.0, 28.0, 28.0, 28.0, 27.95945945945946, 28.0, 28.0, 28.0, 28.0, 28.0, 28.0, 28.0, 27.986486486486484, 28.0, 28.0, 28.0, 28.0, 28.0, 28.0, 28.0, 27.986486486486484, 28.0, 28.0, 27.986486486486484, 28.0, 28.0, 28.0, 28.0, 28.0, 28.0, 27.986486486486484, 28.0, 28.0, 28.0, 28.0, 28.0, 27.986486486486484, 27.986486486486484, 28.0, 27.986486486486484, 27.986486486486484, 28.0, 28.0, 28.0, 28.0, 28.0, 28.0, 27.986486486486484, 28.0, 28.0, 28.0, 28.0, 28.0, 28.0, 28.0, 28.0, 28.0, 28.0, 28.0, 28.0, 28.0, 27.986486486486484, 28.0, 28.0, 28.0, 27.986486486486484, 27.986486486486484, 28.0, 28.0, 28.0, 28.0, 28.0, 28.0, 28.0, 27.986486486486484, 28.0, 28.0]",0.8810508673288254,0.8668315492522317,28,"[33, 33, 31, 31, 30, 30, 30, 30, 30, 30, 30, 30, 30, 30, 30, 30, 30, 30, 30, 30, 30, 30, 30, 30, 30, 30, 30, 30, 30, 30, 30, 30, 30, 30, 30, 30, 30, 30, 30, 30, 30, 30, 30, 30, 30, 30, 30, 30, 30, 30, 30, 30, 30, 30, 30, 30, 30, 30, 30, 30, 30, 30, 30, 30, 30, 30, 30, 30, 30, 30, 30, 30, 30, 30, 30, 30, 30, 30, 30, 30, 30, 30, 30, 30, 30, 30, 30, 30, 30, 30, 30, 30, 30, 30, 30, 30, 30, 30, 30, 30, 30, 30, 30, 30, 30, 30, 30, 30, 30, 30, 30, 30, 30, 30, 30, 30, 30, 30, 30, 30, 30, 30, 30, 30, 30, 30, 30, 30, 30, 30, 30, 30, 30, 30, 30, 30, 30, 30, 30, 30, 30, 30, 30, 30, 30, 30, 30, 30, 30, 30, 30, 30, 30, 30, 29, 29, 29, 29, 29, 29, 29, 29, 29, 29, 29, 29, 29, 29, 29, 29, 29, 29, 29, 29, 29, 29, 29, 29, 29, 29, 29, 29, 29, 29, 29, 29, 29, 29, 29, 29, 29, 29, 29, 29, 29, 29, 29, 29, 29, 29, 29, 29, 29, 29, 29, 29, 29, 29, 29, 29, 29, 29, 29, 29, 29, 29, 29, 29, 29, 29, 29, 29, 29, 29, 29, 29, 29, 29, 29, 29, 29, 29, 29, 29, 29, 29, 29, 29, 29, 29, 29, 29, 29, 29, 29, 29, 29, 29, 29, 29, 29, 29, 29, 29, 29, 29, 29, 29, 29, 29, 29, 29, 29, 29, 29, 29, 29, 29, 29, 29, 29, 29, 29, 29, 29, 29, 29, 29, 29, 29, 29, 29, 29, 29, 29, 29, 29, 29, 29, 29, 29, 29, 29, 29, 29, 29, 29, 29, 29, 29, 29, 29, 29, 29, 29, 29, 29, 29, 29, 29, 29, 29, 29, 29, 29, 29, 29, 29, 29, 29, 29, 29, 29, 29, 29, 29, 29, 29, 29, 29, 29, 29, 29, 29, 29, 29, 29, 29, 29, 29, 29, 29, 29, 29, 29, 29, 29, 29, 29, 29, 29, 29, 29, 29, 29, 29, 29, 29, 29, 29, 29, 29, 29, 29, 29, 29, 29, 29, 29, 29, 28, 28, 28, 28, 28, 28, 28, 28, 28, 28, 28, 28, 28, 28, 28, 28, 28, 28, 28, 28, 28, 28, 28, 28, 28, 28, 28, 28, 28, 28, 28, 28, 28, 28, 28, 28, 28, 28, 28, 28, 28, 28, 28, 28, 28, 28, 28, 28, 28, 28, 28, 28, 28, 28, 28, 28, 28, 28, 28, 28, 28, 28, 28, 28, 28, 28, 28, 28, 28, 28, 28, 28, 28, 28, 28, 28, 28, 28, 28, 28, 28, 28, 28, 28, 28, 28, 28, 28, 28, 28]",460,"[2.659543752670288, 12.284380912780762, 9.768359184265137, 3.8250420093536377, 7.910942554473877, 1.4634321928024292, 2.6120247840881348, 1.1983784437179565, 2.7101528644561768, 4.2551960945129395, 5.950274467468262, 6.171294689178467, 1.2118349075317383, 1.5548053979873657, 2.5401017665863037, 1.7389341592788696, 4.139050483703613, 1.0922774076461792, 1.184678077697754, 1.1537667512893677, 1.3789268732070923, 1.2262158393859863, 1.9608818292617798, 1.2109252214431763, 1.6676106452941895, 1.882676124572754, 1.4183207750320435, 2.2877793312072754, 1.4284940958023071, 1.1860690116882324, 1.0785465240478516, 1.7143540382385254, 1.4480681419372559, 1.872043251991272, 1.5433077812194824, 1.258150339126587, 2.9649834632873535, 1.3487348556518555, 1.2378664016723633, 2.990895986557007, 1.1854416131973267, 1.2616974115371704, 1.181730031967163, 1.2056300640106201, 1.175916314125061, 1.210379719734192, 1.2956236600875854, 1.12870454788208, 1.1242060661315918, 1.1171342134475708, 1.107279896736145, 1.1016522645950317, 1.097375750541687, 1.0924628973007202, 1.0884056091308594, 1.085165023803711, 1.0823850631713867, 1.0805106163024902, 1.0789870023727417, 1.0773439407348633, 1.0763943195343018, 1.0758209228515625, 1.0753328800201416, 1.0739068984985352, 1.0733428001403809, 1.072512149810791, 1.071454644203186, 1.0692379474639893, 1.0684630870819092, 1.067629098892212, 1.065837025642395, 1.0638447999954224, 1.0613187551498413, 1.0599907636642456, 1.0583548545837402, 1.0567876100540161, 1.054388165473938, 1.0526325702667236, 1.051475167274475, 1.0501415729522705, 1.0483589172363281, 1.0470194816589355, 1.0454713106155396, 1.043210506439209, 1.0418314933776855, 1.0401970148086548, 1.0385209321975708, 1.0372291803359985, 1.0353093147277832, 1.0337719917297363, 1.0324393510818481, 1.032106876373291, 1.0303369760513306, 1.0289794206619263, 1.027768611907959, 1.0258948802947998, 1.0242395401000977, 1.023146390914917, 1.021515130996704, 1.0203574895858765, 1.0195567607879639, 1.0185316801071167, 1.0180726051330566, 1.0156023502349854, 1.0140082836151123, 1.0142573118209839, 1.013231873512268, 1.0114033222198486, 1.0098165273666382, 1.0089974403381348, 1.0078312158584595, 1.0068855285644531, 1.0061407089233398, 1.004688024520874, 1.0042667388916016, 1.0019431114196777, 1.0005682706832886, 1.0004459619522095, 0.9989855289459229, 0.9984891414642334, 0.9968379735946655, 0.9956596493721008, 0.9934234619140625, 0.992818295955658, 0.9919000864028931, 0.9907763004302979, 0.9912951588630676, 0.9878742694854736, 0.9871127605438232, 0.9864662289619446, 0.9852132201194763, 0.9849706292152405, 0.9815123677253723, 0.9800463318824768, 0.9791306257247925, 0.9768577814102173, 0.978100061416626, 0.9768314361572266, 0.9741976261138916, 0.9719276428222656, 0.9709674715995789, 0.9705561995506287, 0.9684800505638123, 0.9674986004829407, 0.9678819179534912, 0.9661388397216797, 0.9625164866447449, 0.9641211628913879, 0.9614530205726624, 0.9602172374725342, 0.9584728479385376, 0.9583055377006531, 0.9562929272651672, 0.9544511437416077, 0.9672601819038391, 4.708275318145752, 7.28941535949707, 2.2387757301330566, 1.6131105422973633, 1.473752737045288, 1.5026941299438477, 1.7131257057189941, 2.7625844478607178, 1.8257206678390503, 2.033989906311035, 3.140745162963867, 1.8026528358459473, 1.6042275428771973, 1.3913494348526, 1.4141321182250977, 1.4245729446411133, 1.3335249423980713, 1.3424111604690552, 1.4275985956192017, 1.2119895219802856, 1.2829196453094482, 1.2730790376663208, 1.2756478786468506, 1.2758790254592896, 1.2761118412017822, 1.2764900922775269, 1.2751163244247437, 1.2749643325805664, 1.2764830589294434, 1.2741272449493408, 1.2719731330871582, 1.2726902961730957, 1.2708282470703125, 1.2709593772888184, 1.2687063217163086, 1.267090916633606, 1.2668046951293945, 1.2652300596237183, 1.2613320350646973, 1.2602442502975464, 1.258713722229004, 1.2585062980651855, 1.256373405456543, 1.2543095350265503, 1.2523261308670044, 1.2507283687591553, 1.2475491762161255, 1.2476824522018433, 1.2460355758666992, 1.2424510717391968, 1.241950273513794, 1.2420198917388916, 1.2380708456039429, 1.2359064817428589, 1.2359130382537842, 1.2316741943359375, 1.2315179109573364, 1.2310059070587158, 1.228659987449646, 1.226271629333496, 1.225685477256775, 1.2228317260742188, 1.2205010652542114, 1.2165107727050781, 1.2160348892211914, 1.212370753288269, 1.2129417657852173, 1.2150537967681885, 1.2092206478118896, 1.2077995538711548, 1.2069106101989746, 1.2019870281219482, 1.2042311429977417, 1.2003984451293945, 1.1995129585266113, 1.196864128112793, 1.1947425603866577, 1.1895469427108765, 1.1914458274841309, 1.1899516582489014, 1.188132643699646, 1.1872423887252808, 1.1836620569229126, 1.179072380065918, 1.175793170928955, 1.176184058189392, 1.1743959188461304, 1.1733613014221191, 1.1721436977386475, 1.1695561408996582, 1.1680268049240112, 1.1680200099945068, 1.1626226902008057, 1.1608250141143799, 1.1597232818603516, 1.1577539443969727, 1.1557214260101318, 1.153794527053833, 1.1511976718902588, 1.1477237939834595, 1.1483570337295532, 1.1462899446487427, 1.1468559503555298, 1.1440160274505615, 1.140516757965088, 1.138587236404419, 1.1391475200653076, 1.1348098516464233, 1.1355079412460327, 1.1296813488006592, 1.1298649311065674, 1.125591516494751, 1.127977967262268, 1.1270710229873657, 1.1195892095565796, 1.1198201179504395, 1.1184649467468262, 1.1136374473571777, 1.109433889389038, 1.1090022325515747, 1.1101197004318237, 1.1089279651641846, 1.1052769422531128, 1.1055124998092651, 1.1003438234329224, 1.1006165742874146, 1.0960941314697266, 1.0946872234344482, 1.0919331312179565, 1.0919708013534546, 1.0889897346496582, 1.0889019966125488, 1.0815644264221191, 1.0813220739364624, 1.0806028842926025, 1.0776480436325073, 1.0783424377441406, 1.0746022462844849, 1.0732159614562988, 1.0736137628555298, 1.0688446760177612, 1.0702650547027588, 1.0621849298477173, 1.0645017623901367, 1.0584495067596436, 1.0602397918701172, 1.0568181276321411, 1.0526775121688843, 1.0511904954910278, 1.0522181987762451, 1.0453304052352905, 1.045708179473877, 1.0463391542434692, 1.0419435501098633, 1.040967583656311, 1.0392637252807617, 1.0362460613250732, 1.0331746339797974, 1.0291637182235718, 1.0286564826965332, 1.0299487113952637, 1.0211635828018188, 1.022973656654358, 1.0204037427902222, 1.0184627771377563, 1.0211877822875977, 1.0123308897018433, 1.0073025226593018, 1.0102722644805908, 1.0074682235717773, 1.0035589933395386, 1.0045809745788574, 0.9990740418434143, 1.0020438432693481, 1.0002270936965942, 0.9976662993431091, 0.9919291734695435, 0.9862191081047058, 0.9819117784500122, 0.9852038025856018, 0.978131115436554, 0.9788549542427063, 0.9716644287109375, 0.9779265522956848, 0.9683409333229065, 0.9688407778739929, 0.9673354625701904, 0.9655829668045044, 0.9656822681427002, 0.9617611169815063, 0.9631655216217041, 0.9577334523200989, 0.9574441313743591, 0.9527630805969238, 0.9536451101303101, 0.9491313695907593, 0.9414876699447632, 0.9471195936203003, 0.9457724690437317, 0.9426948428153992, 0.9391411542892456, 0.9347960948944092, 0.9344950318336487, 0.9357283711433411, 0.9254313707351685, 0.9221973419189453, 0.9187787771224976, 0.9211646914482117, 0.9179641604423523, 0.9207810759544373, 0.9188414812088013, 0.9225188493728638, 0.9085937738418579, 0.9091454148292542, 0.9132505059242249, 1.8192503452301025, 3.547337532043457, 1.3961659669876099, 1.4034990072250366, 4.30062198638916, 2.4998223781585693, 1.3853415250778198, 2.733133316040039, 1.5787174701690674, 2.3075215816497803, 1.4108531475067139, 1.6985809803009033, 1.8259447813034058, 1.5573225021362305, 1.4937465190887451, 1.5175269842147827, 1.4331344366073608, 1.5760329961776733, 1.6172136068344116, 1.6245529651641846, 1.6027991771697998, 1.5351378917694092, 1.5359851121902466, 1.5202395915985107, 1.5170986652374268, 1.5135005712509155, 1.5105273723602295, 1.5067166090011597, 1.5033364295959473, 1.5001612901687622, 1.4967994689941406, 1.493344783782959, 1.4897814989089966, 1.4862926006317139, 1.482914686203003, 1.4795165061950684, 1.4760955572128296, 1.4728271961212158, 1.4694643020629883, 1.4662683010101318, 1.4631558656692505, 1.4601281881332397, 1.457053542137146, 1.4540561437606812, 1.4508025646209717, 1.4483445882797241, 1.4452455043792725, 1.4422410726547241, 1.4395641088485718, 1.436802864074707, 1.4339993000030518, 1.4317522048950195, 1.4288793802261353, 1.4260238409042358, 1.4228423833847046, 1.4201725721359253, 1.4181116819381714, 1.4154784679412842, 1.4132771492004395, 1.4110634326934814, 1.4083950519561768, 1.4059818983078003, 1.403443455696106, 1.401654839515686, 1.3993475437164307, 1.3977651596069336, 1.3953509330749512, 1.3933955430984497, 1.3910341262817383, 1.3889129161834717, 1.3870028257369995, 1.3848357200622559, 1.382993459701538, 1.3813945055007935, 1.3787717819213867, 1.3770878314971924, 1.3749607801437378, 1.3729276657104492, 1.3714317083358765, 1.3697078227996826, 1.3672908544540405, 1.365061640739441, 1.3635951280593872, 1.3626354932785034, 1.3624088764190674, 1.359687328338623, 1.3573226928710938, 1.3547337055206299, 1.3533629179000854, 1.352028489112854]",28.0,"[33.0, 33.0, 31.0, 31.0, 30.0, 30.0, 30.0, 30.0, 30.0, 30.0, 30.0, 30.0, 30.0, 30.0, 30.0, 30.0, 30.0, 30.0, 30.0, 30.0, 30.0, 30.0, 30.0, 30.0, 30.0, 30.0, 30.0, 30.0, 30.0, 30.0, 30.0, 30.0, 30.0, 30.0, 30.0, 30.0, 30.0, 30.0, 30.0, 30.0, 30.0, 30.0, 30.0, 30.0, 30.0, 30.0, 30.0, 30.0, 30.0, 30.0, 30.0, 30.0, 30.0, 30.0, 30.0, 30.0, 30.0, 30.0, 30.0, 30.0, 30.0, 30.0, 30.0, 30.0, 30.0, 30.0, 30.0, 30.0, 30.0, 30.0, 30.0, 30.0, 30.0, 30.0, 30.0, 30.0, 30.0, 30.0, 30.0, 30.0, 30.0, 30.0, 30.0, 30.0, 30.0, 30.0, 30.0, 30.0, 30.0, 30.0, 30.0, 30.0, 30.0, 30.0, 30.0, 30.0, 30.0, 30.0, 30.0, 30.0, 30.0, 30.0, 30.0, 30.0, 30.0, 30.0, 30.0, 30.0, 30.0, 30.0, 30.0, 30.0, 30.0, 30.0, 30.0, 30.0, 30.0, 30.0, 30.0, 30.0, 30.0, 30.0, 30.0, 30.0, 30.0, 30.0, 30.0, 30.0, 30.0, 30.0, 30.0, 30.0, 30.0, 30.0, 30.0, 30.0, 30.0, 30.0, 30.0, 30.0, 30.0, 30.0, 30.0, 30.0, 30.0, 30.0, 30.0, 30.0, 30.0, 30.0, 30.0, 30.0, 30.0, 30.0, 29.0, 29.0, 29.0, 29.0, 29.0, 29.0, 29.0, 29.0, 29.0, 29.0, 29.0, 29.0, 29.0, 29.0, 29.0, 29.0, 29.0, 29.0, 29.0, 29.0, 29.0, 29.0, 29.0, 29.0, 29.0, 29.0, 29.0, 29.0, 29.0, 29.0, 29.0, 29.0, 29.0, 29.0, 29.0, 29.0, 29.0, 29.0, 29.0, 29.0, 29.0, 29.0, 29.0, 29.0, 29.0, 29.0, 29.0, 29.0, 29.0, 29.0, 29.0, 29.0, 29.0, 29.0, 29.0, 29.0, 29.0, 29.0, 29.0, 29.0, 29.0, 29.0, 29.0, 29.0, 29.0, 29.0, 29.0, 29.0, 29.0, 29.0, 29.0, 29.0, 29.0, 29.0, 29.0, 29.0, 29.0, 29.0, 29.0, 29.0, 29.0, 29.0, 29.0, 29.0, 29.0, 29.0, 29.0, 29.0, 29.0, 29.0, 29.0, 29.0, 29.0, 29.0, 29.0, 29.0, 29.0, 29.0, 29.0, 29.0, 29.0, 29.0, 29.0, 29.0, 29.0, 29.0, 29.0, 29.0, 29.0, 29.0, 29.0, 29.0, 29.0, 29.0, 29.0, 29.0, 29.0, 29.0, 29.0, 29.0, 29.0, 29.0, 29.0, 29.0, 29.0, 29.0, 29.0, 29.0, 29.0, 29.0, 29.0, 29.0, 29.0, 29.0, 29.0, 29.0, 29.0, 29.0, 29.0, 29.0, 29.0, 29.0, 29.0, 29.0, 29.0, 29.0, 29.0, 29.0, 29.0, 29.0, 29.0, 29.0, 29.0, 29.0, 29.0, 29.0, 29.0, 29.0, 29.0, 29.0, 29.0, 29.0, 29.0, 29.0, 29.0, 29.0, 29.0, 29.0, 29.0, 29.0, 29.0, 29.0, 29.0, 29.0, 29.0, 29.0, 29.0, 29.0, 29.0, 29.0, 29.0, 29.0, 29.0, 29.0, 29.0, 29.0, 29.0, 29.0, 29.0, 29.0, 29.0, 29.0, 29.0, 29.0, 29.0, 29.0, 29.0, 29.0, 29.0, 29.0, 29.0, 29.0, 29.0, 29.0, 29.0, 29.0, 29.0, 29.0, 29.0, 29.0, 29.0, 29.0, 29.0, 29.0, 29.0, 29.0, 28.0, 28.0, 28.0, 28.0, 28.0, 28.0, 28.0, 28.0, 28.0, 28.0, 28.0, 28.0, 28.0, 28.0, 28.0, 28.0, 28.0, 28.0, 28.0, 28.0, 28.0, 28.0, 28.0, 28.0, 28.0, 28.0, 28.0, 28.0, 28.0, 28.0, 28.0, 28.0, 28.0, 28.0, 28.0, 28.0, 28.0, 28.0, 28.0, 28.0, 28.0, 28.0, 28.0, 28.0, 28.0, 28.0, 28.0, 28.0, 28.0, 28.0, 28.0, 28.0, 28.0, 28.0, 28.0, 28.0, 28.0, 28.0, 28.0, 28.0, 28.0, 28.0, 28.0, 28.0, 28.0, 28.0, 28.0, 28.0, 28.0, 28.0, 28.0, 28.0, 28.0, 28.0, 28.0, 28.0, 28.0, 28.0, 28.0, 28.0, 28.0, 28.0, 28.0, 28.0, 28.0, 28.0, 28.0, 28.0, 28.0, 28.0]",COMPLETE
