,number,value,datetime_start,datetime_complete,duration,params_batch_size_scaler,params_constant_learning_rate,params_depth,params_epochs,params_kernel_l2,params_num_trees,params_temperature,user_attrs_accuracy_test,user_attrs_accuracy_valid,user_attrs_approximate_feature_sparsity,user_attrs_approximate_feature_sparsity_history,user_attrs_approximate_weight_sparsity,user_attrs_approximate_weight_sparsity_history,user_attrs_auc_test,user_attrs_auc_valid,user_attrs_feature_sparsity,user_attrs_feature_sparsity_history,user_attrs_num_epochs,user_attrs_val_loss_history,user_attrs_weight_sparsity,user_attrs_weight_sparsity_history,state
123,123,0.5,2024-08-31 05:29:11.443156,2024-08-31 05:59:31.966035,0 days 00:30:20.522879,1,8.896810986989777,6,420,0.011131764423129938,88,0.008156681663776323,0.859,0.85875,0,"[0, 0, 0, 0, 0, 0, 0, 0, 0, 0, 0, 0, 0, 0, 0, 0, 0, 0, 0, 0, 0, 0, 0, 0, 0, 0, 0, 0, 0, 0, 0, 0, 0, 0, 0, 0, 0, 0, 0, 0, 0, 0, 0, 0, 0, 0, 0, 0, 0, 0, 0, 0, 0, 0, 0, 0, 0, 0, 0, 0, 0, 0, 0, 0, 0, 0, 0, 0, 0, 0, 0, 0, 0, 0, 0, 0, 0, 0, 0, 0, 0, 0, 0, 0, 0, 0, 0, 0, 0, 0, 0, 0, 0, 0, 0, 0, 0, 0, 0, 0, 0, 0, 0, 0, 0, 0, 0, 0, 0, 0, 0, 0, 0, 0, 0, 0, 0, 0, 0, 0, 0, 0, 0, 0, 0, 0, 0, 0, 0, 0, 0, 0, 0, 0, 0, 0, 0, 0, 0, 0, 0, 0, 0, 0, 0, 0, 0, 0, 0, 0, 0, 0, 0, 0, 0, 0, 0, 0, 0, 0, 0, 0, 0, 0, 0, 0, 0, 0, 0, 0, 0, 0, 0, 0, 0, 0, 0, 0, 0, 0, 0, 0, 0, 0, 0, 0, 0, 0, 0, 0, 0, 0, 0, 0, 0, 0, 0, 0, 0, 0, 0, 0, 0, 0, 0, 0, 0, 0, 0, 0, 0, 0, 0, 0, 0, 0, 0, 0, 0, 0, 0, 0, 0, 0, 0, 0, 0, 0, 0, 0, 0, 0, 0, 0, 0, 0, 0, 0, 0, 0, 0, 0, 0, 0, 0, 0, 0, 0, 0, 0, 0, 0, 0, 0, 0, 0, 0, 0, 0, 0, 0, 0, 0, 0, 0, 0, 0, 0, 0, 0, 0, 0, 0, 0, 0, 0, 0, 0, 0, 0, 0, 0, 0, 0, 0, 0, 0, 0, 0, 0, 0, 0, 0, 0, 0, 0, 0, 0, 0, 0, 0, 0, 0, 0, 0, 0, 0, 0, 0, 0, 0, 0, 0, 0, 0, 0, 0, 0, 0, 0, 0, 0, 0, 0, 0, 0, 0, 0, 0, 0, 0, 0, 0, 0, 0, 0, 0, 0, 0, 0, 0, 0, 0, 0, 0, 0, 0, 0, 0, 0, 0, 0, 0, 0, 0, 0, 0, 0, 0, 0, 0, 0, 0, 0, 0, 0, 0, 0, 0, 0, 0, 0, 0, 0, 0, 0, 0, 0, 0, 0, 0, 0, 0, 0, 0, 0, 0, 0, 0, 0, 0, 0, 0, 0, 0, 0, 0, 0, 0, 0, 0, 0, 0, 0, 0, 0, 0, 0, 0, 0, 0, 0, 0, 0, 0, 0, 0, 0, 0, 0]",0.0,"[0.0, 0.0, 0.0, 0.0, 0.0, 0.0, 0.0, 0.0, 0.0, 0.0, 0.0, 0.0, 0.0, 0.0, 0.0, 0.0, 0.0, 0.0, 0.0, 0.0, 0.0, 0.0, 0.0, 0.0, 0.0, 0.0, 0.0, 0.0, 0.0, 0.0, 0.0, 0.0, 0.0, 0.0, 0.0, 0.0, 0.0, 0.0, 0.0, 0.0, 0.0, 0.0, 0.0, 0.0, 0.0, 0.0, 0.0, 0.0, 0.0, 0.0, 0.0, 0.0, 0.0, 0.0, 0.0, 0.0, 0.0, 0.0, 0.0, 0.0, 0.0, 0.0, 0.0, 0.0, 0.0, 0.0, 0.0, 0.0, 0.0, 0.0, 0.0, 0.0, 0.0, 0.0, 0.0, 0.0, 0.0, 0.0, 0.0, 0.0, 0.0, 0.0, 0.0, 0.0, 0.0, 0.0, 0.0, 0.0, 0.0, 0.0, 0.0, 0.0, 0.0, 0.0, 0.0, 0.0, 0.0, 0.0, 0.0, 0.0, 0.0, 0.0, 0.0, 0.0, 0.0, 0.0, 0.0, 0.0, 0.0, 0.0, 0.0, 0.0, 0.0, 0.0, 0.0, 0.0, 0.0, 0.0, 0.0, 0.0, 0.0, 0.0, 0.0, 0.0, 0.0, 0.0, 0.0, 0.0, 0.0, 0.0, 0.0, 0.0, 0.0, 0.0, 0.0, 0.0, 0.0, 0.0, 0.0, 0.0, 0.0, 0.0, 0.0, 0.0, 0.0, 0.0, 0.0, 0.0, 0.0, 0.0, 0.0, 0.0, 0.0, 0.0, 0.0, 0.0, 0.0, 0.0, 0.0, 0.0, 0.0, 0.0, 0.0, 0.0, 0.0, 0.0, 0.0, 0.0, 0.0, 0.0, 0.0, 0.0, 0.0, 0.0, 0.0, 0.0, 0.0, 0.0, 0.0, 0.0, 0.0, 0.0, 0.0, 0.0, 0.0, 0.0, 0.0, 0.0, 0.0, 0.0, 0.0, 0.0, 0.0, 0.0, 0.0, 0.0, 0.0, 0.0, 0.0, 0.0, 0.0, 0.0, 0.0, 0.0, 0.0, 0.0, 0.0, 0.0, 0.0, 0.0, 0.0, 0.0, 0.0, 0.0, 0.0, 0.0, 0.0, 0.0, 0.0, 0.0, 0.0, 0.0, 0.0, 0.0, 0.0, 0.0, 0.0, 0.0, 0.0, 0.0, 0.0, 0.0, 0.0, 0.0, 0.0, 0.0, 0.0, 0.0, 0.0, 0.0, 0.0, 0.0, 0.0, 0.0, 0.0, 0.0, 0.0, 0.0, 0.0, 0.0, 0.0, 0.0, 0.0, 0.0, 0.0, 0.0, 0.0, 0.0, 0.0, 0.0, 0.0, 0.0, 0.0, 0.0, 0.0, 0.0, 0.0, 0.0, 0.0, 0.0, 0.0, 0.0, 0.0, 0.0, 0.0, 0.0, 0.0, 0.0, 0.0, 0.0, 0.0, 0.0, 0.0, 0.0, 0.0, 0.0, 0.0, 0.0, 0.0, 0.0, 0.0, 0.0, 0.0, 0.0, 0.0, 0.0, 0.0, 0.0, 0.0, 0.0, 0.0, 0.0, 0.0, 0.0, 0.0, 0.0, 0.0, 0.0, 0.0, 0.0, 0.0, 0.0, 0.0, 0.0, 0.0, 0.0, 0.0, 0.0, 0.0, 0.0, 0.0, 0.0, 0.0, 0.0, 0.0, 0.0, 0.0, 0.0, 0.0, 0.0, 0.0, 0.0, 0.0, 0.0, 0.0, 0.0, 0.0, 0.0, 0.0, 0.0, 0.0, 0.0, 0.0, 0.0, 0.0, 0.0, 0.0, 0.0, 0.0, 0.0, 0.0, 0.0, 0.0, 0.0, 0.0, 0.0, 0.0, 0.0, 0.0, 0.0, 0.0, 0.0, 0.0, 0.0, 0.0, 0.0, 0.0, 0.0, 0.0, 0.0, 0.0, 0.0, 0.0, 0.0, 0.0, 0.0, 0.0, 0.0, 0.0, 0.0, 0.0, 0.0, 0.0, 0.0, 0.0, 0.0, 0.0, 0.0, 0.0, 0.0, 0.0, 0.0, 0.0, 0.0, 0.0, 0.0, 0.0, 0.0, 0.0, 0.0, 0.0, 0.0, 0.0, 0.0, 0.0, 0.0, 0.0, 0.0, 0.0, 0.0, 0.0, 0.0, 0.0, 0.0, 0.0, 0.0, 0.0, 0.0, 0.0, 0.0]",0.5,0.5,0,"[0, 0, 0, 0, 0, 0, 0, 0, 0, 0, 0, 0, 0, 0, 0, 0, 0, 0, 0, 0, 0, 0, 0, 0, 0, 0, 0, 0, 0, 0, 0, 0, 0, 0, 0, 0, 0, 0, 0, 0, 0, 0, 0, 0, 0, 0, 0, 0, 0, 0, 0, 0, 0, 0, 0, 0, 0, 0, 0, 0, 0, 0, 0, 0, 0, 0, 0, 0, 0, 0, 0, 0, 0, 0, 0, 0, 0, 0, 0, 0, 0, 0, 0, 0, 0, 0, 0, 0, 0, 0, 0, 0, 0, 0, 0, 0, 0, 0, 0, 0, 0, 0, 0, 0, 0, 0, 0, 0, 0, 0, 0, 0, 0, 0, 0, 0, 0, 0, 0, 0, 0, 0, 0, 0, 0, 0, 0, 0, 0, 0, 0, 0, 0, 0, 0, 0, 0, 0, 0, 0, 0, 0, 0, 0, 0, 0, 0, 0, 0, 0, 0, 0, 0, 0, 0, 0, 0, 0, 0, 0, 0, 0, 0, 0, 0, 0, 0, 0, 0, 0, 0, 0, 0, 0, 0, 0, 0, 0, 0, 0, 0, 0, 0, 0, 0, 0, 0, 0, 0, 0, 0, 0, 0, 0, 0, 0, 0, 0, 0, 0, 0, 0, 0, 0, 0, 0, 0, 0, 0, 0, 0, 0, 0, 0, 0, 0, 0, 0, 0, 0, 0, 0, 0, 0, 0, 0, 0, 0, 0, 0, 0, 0, 0, 0, 0, 0, 0, 0, 0, 0, 0, 0, 0, 0, 0, 0, 0, 0, 0, 0, 0, 0, 0, 0, 0, 0, 0, 0, 0, 0, 0, 0, 0, 0, 0, 0, 0, 0, 0, 0, 0, 0, 0, 0, 0, 0, 0, 0, 0, 0, 0, 0, 0, 0, 0, 0, 0, 0, 0, 0, 0, 0, 0, 0, 0, 0, 0, 0, 0, 0, 0, 0, 0, 0, 0, 0, 0, 0, 0, 0, 0, 0, 0, 0, 0, 0, 0, 0, 0, 0, 0, 0, 0, 0, 0, 0, 0, 0, 0, 0, 0, 0, 0, 0, 0, 0, 0, 0, 0, 0, 0, 0, 0, 0, 0, 0, 0, 0, 0, 0, 0, 0, 0, 0, 0, 0, 0, 0, 0, 0, 0, 0, 0, 0, 0, 0, 0, 0, 0, 0, 0, 0, 0, 0, 0, 0, 0, 0, 0, 0, 0, 0, 0, 0, 0, 0, 0, 0, 0, 0, 0, 0, 0, 0, 0, 0, 0, 0, 0, 0, 0, 0, 0, 0, 0, 0, 0, 0, 0, 0, 0, 0, 0, 0, 0, 0, 0, 0, 0, 0]",420,"[0.8263837695121765, 0.8293758630752563, 0.8001303672790527, 0.8608314990997314, 0.45060494542121887, 1.0707595348358154, 1.8031725883483887, 1.6062884330749512, 0.42254558205604553, 0.8724560737609863, 0.554023265838623, 2.1919615268707275, 0.4217046797275543, 1.1564422845840454, 0.8311183452606201, 1.0988361835479736, 0.5361633896827698, 0.49522218108177185, 1.8179123401641846, 0.41097259521484375, 0.49664855003356934, 0.6012657880783081, 0.43445175886154175, 0.5460701584815979, 0.42174869775772095, 0.7365202903747559, 0.4139040410518646, 0.6512800455093384, 1.6488244533538818, 1.6252232789993286, 0.7138437032699585, 0.4072782099246979, 1.1049576997756958, 0.4142833352088928, 0.5491882562637329, 4.304750442504883, 0.7910316586494446, 1.4003493785858154, 1.0316942930221558, 0.4405900537967682, 0.8461889624595642, 0.8661792278289795, 1.8284478187561035, 1.6854897737503052, 0.7185811400413513, 0.4219876825809479, 0.42422059178352356, 1.6281647682189941, 0.607065737247467, 1.2702940702438354, 2.6818087100982666, 1.6069492101669312, 1.2409690618515015, 1.851007342338562, 0.414061576128006, 2.59053111076355, 0.5476316809654236, 1.5699769258499146, 1.1400516033172607, 0.407360315322876, 2.3145017623901367, 1.7084906101226807, 1.1906088590621948, 0.4549073278903961, 3.363483190536499, 1.572869896888733, 0.8227375745773315, 1.1382615566253662, 1.7340843677520752, 4.043768882751465, 0.6308265924453735, 0.4866199493408203, 1.6195071935653687, 0.6687777042388916, 0.9541288018226624, 1.8655024766921997, 0.4429340660572052, 0.41423991322517395, 0.4118625521659851, 3.027845859527588, 0.5316044688224792, 1.4848800897598267, 0.4163753092288971, 0.4116522967815399, 1.9400229454040527, 0.9808977246284485, 1.4289127588272095, 2.521946907043457, 0.41166919469833374, 2.940553903579712, 3.1085729598999023, 0.5227464437484741, 1.7859563827514648, 1.2403963804244995, 0.4708446264266968, 1.5377970933914185, 0.7865170836448669, 1.3634037971496582, 0.422433078289032, 0.4561615288257599, 0.4922778606414795, 0.6331118941307068, 2.653559684753418, 0.409562349319458, 1.973819375038147, 0.6520432233810425, 0.8337142467498779, 1.4271005392074585, 0.4767451584339142, 0.5655232667922974, 0.4157092273235321, 0.44378024339675903, 0.9148867726325989, 0.628003716468811, 0.9572755694389343, 0.8652340769767761, 0.45747098326683044, 0.5759240984916687, 0.7612705230712891, 0.4072718918323517, 1.423527717590332, 0.6848165392875671, 0.5225003957748413, 0.9401343464851379, 0.4390467405319214, 2.1668169498443604, 1.5739741325378418, 0.6044424176216125, 0.8145754933357239, 0.9462404847145081, 0.4982384741306305, 1.1048810482025146, 1.351007103919983, 1.3579975366592407, 1.024527907371521, 0.44685855507850647, 1.098629355430603, 1.3447948694229126, 0.9880489110946655, 1.1288669109344482, 0.5286702513694763, 0.40939444303512573, 1.5713964700698853, 0.4394155740737915, 0.45247742533683777, 2.036848545074463, 0.4825546145439148, 0.7906259298324585, 1.2472941875457764, 2.645805597305298, 0.42525315284729004, 1.0398772954940796, 0.8088858723640442, 0.9383928775787354, 0.4512366056442261, 1.004225492477417, 1.9647010564804077, 0.8066239953041077, 0.7747664451599121, 0.43787673115730286, 2.0719990730285645, 1.950917363166809, 0.40879273414611816, 0.407787561416626, 0.725922703742981, 0.40725553035736084, 1.5149590969085693, 0.6468052864074707, 1.018032193183899, 0.906740128993988, 0.9625904560089111, 0.436560720205307, 0.8424947261810303, 1.3853027820587158, 0.5277835726737976, 0.6020992994308472, 0.41254720091819763, 0.5947898626327515, 0.5309697985649109, 2.324460744857788, 0.9766957759857178, 1.4601420164108276, 1.4956254959106445, 0.8020199537277222, 0.8654681444168091, 0.4477827548980713, 2.4281117916107178, 0.7992938756942749, 0.5342016816139221, 0.46927574276924133, 0.5857171416282654, 0.7547950744628906, 0.4490230977535248, 1.9934157133102417, 0.45614469051361084, 2.05359148979187, 0.9120475649833679, 0.45278507471084595, 1.146895170211792, 1.0167049169540405, 2.4006569385528564, 0.408983051776886, 1.136603593826294, 2.410975694656372, 0.9085904955863953, 0.43886351585388184, 0.555030345916748, 1.5666919946670532, 2.425194025039673, 0.7861018180847168, 1.5289303064346313, 0.41031548380851746, 1.3493221998214722, 3.9025754928588867, 0.43344634771347046, 1.1565241813659668, 0.6010909080505371, 0.8610902428627014, 1.7810180187225342, 1.0293941497802734, 1.721315860748291, 1.1204530000686646, 0.5030171871185303, 0.4889799952507019, 0.9293310046195984, 1.549178957939148, 2.432957649230957, 1.0931389331817627, 1.8416643142700195, 0.579753041267395, 1.091971516609192, 0.44152215123176575, 1.7910901308059692, 0.9184260368347168, 0.8719965219497681, 0.8562556505203247, 1.5232332944869995, 1.2358059883117676, 1.6958823204040527, 1.3541247844696045, 0.7325823307037354, 0.5518931746482849, 0.6578039526939392, 0.8502147793769836, 1.3080167770385742, 1.8141177892684937, 1.0156207084655762, 0.7158942222595215, 1.125478982925415, 0.7448410987854004, 0.41763222217559814, 1.0564457178115845, 0.8578112721443176, 2.482382297515869, 0.5686079263687134, 1.6381248235702515, 2.435906410217285, 1.5619688034057617, 1.0332074165344238, 1.1103345155715942, 0.42406290769577026, 0.8099756836891174, 0.4407956004142761, 1.6676214933395386, 2.1586389541625977, 1.9263250827789307, 1.692234992980957, 1.818484902381897, 0.4944063127040863, 0.9095970988273621, 0.4258531928062439, 2.065844774246216, 1.2044237852096558, 0.6029242873191833, 0.4419329762458801, 0.6340275406837463, 1.321495771408081, 1.1294562816619873, 0.8537706732749939, 1.7849359512329102, 1.5449720621109009, 0.8550779819488525, 0.4475390315055847, 0.743468701839447, 0.4121389091014862, 0.4596431851387024, 0.8711031079292297, 0.4205911159515381, 0.8618027567863464, 0.44661349058151245, 1.6728127002716064, 0.5105071663856506, 0.8728708028793335, 1.7044223546981812, 0.8179323077201843, 0.44259652495384216, 0.8117719888687134, 2.4315171241760254, 0.8355215191841125, 0.6447139978408813, 0.9597846269607544, 1.8801887035369873, 1.3398454189300537, 0.43661564588546753, 0.9262964725494385, 0.4287579655647278, 0.43408602476119995, 0.574268639087677, 0.8103611469268799, 0.7231084704399109, 2.724388837814331, 0.8095643520355225, 0.44892096519470215, 0.6373528838157654, 1.0864362716674805, 2.056135654449463, 1.710688829421997, 2.0538766384124756, 0.8294793963432312, 1.577732801437378, 1.058764934539795, 1.7783095836639404, 1.1711509227752686, 0.6332593560218811, 0.420640230178833, 0.4082563817501068, 0.45839327573776245, 1.0250571966171265, 1.807486891746521, 1.7044906616210938, 0.43330132961273193, 2.073821544647217, 1.398838758468628, 0.5544015169143677, 0.4190157949924469, 0.8678746819496155, 0.44107189774513245, 0.6648427844047546, 0.7038775682449341, 0.8636932969093323, 0.8091177940368652, 0.4917234182357788, 0.6921420097351074, 0.9319425225257874, 1.8249183893203735, 1.1153968572616577, 0.49096137285232544, 0.8595899939537048, 0.4123899042606354, 0.4487268328666687, 0.4216563105583191, 0.40727555751800537, 1.4357986450195312, 1.662419080734253, 0.46193623542785645, 1.1159276962280273, 1.7551325559616089, 1.6580173969268799, 0.7033188343048096, 0.4694780707359314, 2.089754581451416, 1.657997488975525, 2.0929911136627197, 2.735093355178833, 1.5847281217575073, 1.4811651706695557, 1.678329348564148, 2.210989475250244, 0.438644140958786, 0.481937050819397, 1.6013761758804321, 0.4984583556652069, 1.1606518030166626, 1.579254150390625, 2.5355162620544434, 0.4966796934604645, 1.9843854904174805, 2.6785123348236084, 0.6040226221084595, 1.1849807500839233, 2.4370272159576416, 0.41184142231941223, 1.8942691087722778, 1.4272525310516357, 0.5629640817642212, 1.7474195957183838, 0.41930079460144043, 1.0866966247558594, 1.1927002668380737, 0.4494766891002655, 0.5194036960601807, 1.3612257242202759, 0.7089301347732544, 1.1363579034805298, 1.4253756999969482, 1.0577921867370605, 2.162201166152954, 1.3799896240234375, 0.4658140540122986, 0.6342585682868958, 0.4098508954048157, 0.43646004796028137, 0.579886794090271, 1.4713577032089233, 3.1021695137023926, 0.6125966906547546, 0.585616946220398, 0.8469418883323669, 0.9167290329933167, 0.4420968294143677, 0.5727377533912659, 0.5625433325767517, 1.4877318143844604, 0.6869392395019531, 0.44047659635543823, 1.4864708185195923, 0.5240819454193115, 0.5187353491783142, 1.169826865196228, 1.0543688535690308]",0.0,"[0.0, 0.0, 0.0, 0.0, 0.0, 0.0, 0.0, 0.0, 0.0, 0.0, 0.0, 0.0, 0.0, 0.0, 0.0, 0.0, 0.0, 0.0, 0.0, 0.0, 0.0, 0.0, 0.0, 0.0, 0.0, 0.0, 0.0, 0.0, 0.0, 0.0, 0.0, 0.0, 0.0, 0.0, 0.0, 0.0, 0.0, 0.0, 0.0, 0.0, 0.0, 0.0, 0.0, 0.0, 0.0, 0.0, 0.0, 0.0, 0.0, 0.0, 0.0, 0.0, 0.0, 0.0, 0.0, 0.0, 0.0, 0.0, 0.0, 0.0, 0.0, 0.0, 0.0, 0.0, 0.0, 0.0, 0.0, 0.0, 0.0, 0.0, 0.0, 0.0, 0.0, 0.0, 0.0, 0.0, 0.0, 0.0, 0.0, 0.0, 0.0, 0.0, 0.0, 0.0, 0.0, 0.0, 0.0, 0.0, 0.0, 0.0, 0.0, 0.0, 0.0, 0.0, 0.0, 0.0, 0.0, 0.0, 0.0, 0.0, 0.0, 0.0, 0.0, 0.0, 0.0, 0.0, 0.0, 0.0, 0.0, 0.0, 0.0, 0.0, 0.0, 0.0, 0.0, 0.0, 0.0, 0.0, 0.0, 0.0, 0.0, 0.0, 0.0, 0.0, 0.0, 0.0, 0.0, 0.0, 0.0, 0.0, 0.0, 0.0, 0.0, 0.0, 0.0, 0.0, 0.0, 0.0, 0.0, 0.0, 0.0, 0.0, 0.0, 0.0, 0.0, 0.0, 0.0, 0.0, 0.0, 0.0, 0.0, 0.0, 0.0, 0.0, 0.0, 0.0, 0.0, 0.0, 0.0, 0.0, 0.0, 0.0, 0.0, 0.0, 0.0, 0.0, 0.0, 0.0, 0.0, 0.0, 0.0, 0.0, 0.0, 0.0, 0.0, 0.0, 0.0, 0.0, 0.0, 0.0, 0.0, 0.0, 0.0, 0.0, 0.0, 0.0, 0.0, 0.0, 0.0, 0.0, 0.0, 0.0, 0.0, 0.0, 0.0, 0.0, 0.0, 0.0, 0.0, 0.0, 0.0, 0.0, 0.0, 0.0, 0.0, 0.0, 0.0, 0.0, 0.0, 0.0, 0.0, 0.0, 0.0, 0.0, 0.0, 0.0, 0.0, 0.0, 0.0, 0.0, 0.0, 0.0, 0.0, 0.0, 0.0, 0.0, 0.0, 0.0, 0.0, 0.0, 0.0, 0.0, 0.0, 0.0, 0.0, 0.0, 0.0, 0.0, 0.0, 0.0, 0.0, 0.0, 0.0, 0.0, 0.0, 0.0, 0.0, 0.0, 0.0, 0.0, 0.0, 0.0, 0.0, 0.0, 0.0, 0.0, 0.0, 0.0, 0.0, 0.0, 0.0, 0.0, 0.0, 0.0, 0.0, 0.0, 0.0, 0.0, 0.0, 0.0, 0.0, 0.0, 0.0, 0.0, 0.0, 0.0, 0.0, 0.0, 0.0, 0.0, 0.0, 0.0, 0.0, 0.0, 0.0, 0.0, 0.0, 0.0, 0.0, 0.0, 0.0, 0.0, 0.0, 0.0, 0.0, 0.0, 0.0, 0.0, 0.0, 0.0, 0.0, 0.0, 0.0, 0.0, 0.0, 0.0, 0.0, 0.0, 0.0, 0.0, 0.0, 0.0, 0.0, 0.0, 0.0, 0.0, 0.0, 0.0, 0.0, 0.0, 0.0, 0.0, 0.0, 0.0, 0.0, 0.0, 0.0, 0.0, 0.0, 0.0, 0.0, 0.0, 0.0, 0.0, 0.0, 0.0, 0.0, 0.0, 0.0, 0.0, 0.0, 0.0, 0.0, 0.0, 0.0, 0.0, 0.0, 0.0, 0.0, 0.0, 0.0, 0.0, 0.0, 0.0, 0.0, 0.0, 0.0, 0.0, 0.0, 0.0, 0.0, 0.0, 0.0, 0.0, 0.0, 0.0, 0.0, 0.0, 0.0, 0.0, 0.0, 0.0, 0.0, 0.0, 0.0, 0.0, 0.0, 0.0, 0.0, 0.0, 0.0, 0.0, 0.0, 0.0, 0.0, 0.0, 0.0, 0.0, 0.0, 0.0, 0.0, 0.0, 0.0, 0.0, 0.0, 0.0, 0.0, 0.0, 0.0, 0.0, 0.0, 0.0, 0.0, 0.0, 0.0, 0.0, 0.0, 0.0, 0.0, 0.0, 0.0, 0.0, 0.0, 0.0, 0.0, 0.0, 0.0, 0.0, 0.0, 0.0]",COMPLETE
