,number,value,datetime_start,datetime_complete,duration,params_batch_size_scaler,params_constant_learning_rate,params_depth,params_epochs,params_kernel_l2,params_num_trees,params_temperature,user_attrs_accuracy_test,user_attrs_accuracy_valid,user_attrs_approximate_feature_sparsity,user_attrs_approximate_feature_sparsity_history,user_attrs_approximate_weight_sparsity,user_attrs_approximate_weight_sparsity_history,user_attrs_auc_test,user_attrs_auc_valid,user_attrs_feature_sparsity,user_attrs_feature_sparsity_history,user_attrs_num_epochs,user_attrs_val_loss_history,user_attrs_weight_sparsity,user_attrs_weight_sparsity_history,state
20,20,0.9335961149540776,2024-08-31 01:35:05.055047,2024-08-31 01:43:06.761752,0 days 00:08:01.706705,4,0.17927045964656152,6,340,0.33651090169897296,57,0.060045969424612086,0.947,0.955,30,"[33, 33, 33, 33, 33, 33, 33, 33, 33, 33, 33, 33, 33, 33, 33, 33, 33, 33, 33, 33, 33, 33, 33, 33, 33, 33, 33, 33, 33, 33, 33, 33, 33, 33, 33, 33, 33, 33, 33, 33, 33, 33, 33, 33, 33, 33, 33, 33, 33, 33, 33, 33, 33, 33, 33, 33, 33, 33, 33, 33, 33, 33, 33, 33, 33, 33, 33, 33, 33, 33, 33, 33, 33, 33, 33, 33, 33, 33, 33, 33, 33, 33, 33, 33, 33, 33, 33, 33, 33, 33, 33, 33, 33, 33, 33, 33, 33, 33, 33, 33, 33, 33, 33, 33, 33, 33, 33, 33, 33, 33, 33, 33, 33, 33, 33, 33, 33, 33, 33, 33, 33, 33, 33, 33, 33, 33, 33, 33, 33, 33, 33, 33, 33, 33, 33, 33, 33, 33, 33, 33, 33, 33, 33, 33, 33, 33, 33, 33, 33, 33, 33, 33, 33, 33, 33, 33, 33, 33, 33, 33, 33, 33, 33, 33, 33, 33, 33, 33, 33, 33, 33, 33, 33, 33, 33, 33, 33, 33, 33, 33, 32, 32, 32, 32, 32, 32, 32, 32, 32, 32, 32, 32, 32, 32, 32, 32, 32, 32, 32, 32, 32, 32, 32, 31, 31, 31, 31, 31, 31, 31, 31, 31, 31, 31, 31, 31, 31, 31, 31, 31, 31, 31, 31, 31, 31, 31, 31, 31, 31, 31, 31, 31, 31, 31, 31, 31, 31, 31, 31, 31, 31, 31, 31, 31, 31, 31, 31, 31, 31, 31, 31, 31, 31, 31, 31, 31, 31, 31, 31, 31, 31, 31, 31, 31, 30, 30, 30, 30, 30, 30, 30, 30, 30, 30, 30, 30, 30, 30, 30, 30, 30, 30, 30, 30, 30, 30, 30, 30, 30, 30, 30, 30, 30, 30, 30, 30, 30, 30, 30, 30, 30, 30, 30, 30, 30, 30, 30, 30, 30, 30, 30, 30, 30, 30, 30, 30, 30, 30, 30, 30, 30, 30, 30, 30, 30, 30, 30, 30, 30, 30, 30, 30, 30, 30, 30, 30, 30, 30, 30, 30]",29.88666109718741,"[32.920913394597605, 32.911723753829015, 32.91228070175438, 32.91228070175438, 32.913951545530495, 32.92035644667224, 32.92007797270955, 32.90838206627681, 32.91339459760512, 32.915900863269286, 32.92007797270955, 32.925925925925924, 32.92147034252297, 32.920913394597605, 32.91785018100807, 32.91785018100808, 32.91896407685881, 32.91116680590365, 32.91812865497076, 32.92063492063492, 32.9172932330827, 32.91673628515734, 32.90893901420217, 32.90866054023949, 32.906989696463384, 32.91005291005291, 32.9120022277917, 32.91450849345586, 32.911723753829015, 32.91896407685881, 32.91701475912002, 32.908939014202176, 32.9156223893066, 32.91255917571707, 32.91339459760513, 32.91088833194097, 32.912559175717064, 32.911723753829015, 32.91033138401559, 32.90587580061264, 32.911723753829015, 32.91005291005291, 32.902812587023114, 32.90587580061264, 32.911445279866335, 32.91088833194097, 32.91534391534392, 32.911445279866335, 32.91283764967975, 32.91228070175438, 32.91701475912002, 32.918407128933445, 32.91952102478418, 32.92202729044834, 32.91785018100807, 32.91506544138122, 32.91478696741854, 32.911723753829015, 32.914230019493175, 32.9083820662768, 32.90782511835143, 32.902534113060426, 32.908939014202176, 32.91088833194096, 32.90782511835143, 32.90392648287385, 32.90615427457532, 32.91005291005291, 32.90587580061264, 32.90420495683654, 32.90197716513506, 32.90364800891117, 32.9083820662768, 32.9067112225007, 32.90698969646338, 32.91088833194097, 32.909774436090224, 32.91060985797828, 32.90559732664995, 32.90420495683653, 32.90197716513506, 32.90587580061264, 32.90866054023949, 32.907546644388745, 32.909774436090224, 32.90866054023949, 32.91116680590364, 32.909217488164856, 32.9083820662768, 32.904761904761905, 32.90169869117237, 32.89752158173211, 32.89919242550821, 32.898078529657475, 32.904761904761905, 32.900306321358954, 32.90559732664996, 32.90336953494848, 32.90531885268727, 32.90364800891117, 32.90531885268727, 32.90615427457533, 32.91088833194097, 32.908939014202176, 32.9120022277917, 32.9120022277917, 32.90587580061264, 32.90086326928432, 32.907268170426065, 32.902534113060426, 32.90615427457533, 32.90169869117237, 32.90114174324701, 32.90949596212754, 32.909217488164856, 32.91339459760513, 32.90949596212754, 32.90698969646338, 32.912559175717064, 32.90531885268727, 32.91005291005291, 32.91116680590365, 32.909774436090224, 32.909217488164856, 32.90364800891117, 32.902534113060426, 32.8994708994709, 32.906989696463384, 32.90615427457533, 32.90615427457533, 32.906989696463384, 32.907268170426065, 32.90420495683654, 32.90420495683654, 32.90587580061264, 32.907268170426065, 32.90671122250069, 32.90615427457533, 32.90253411306043, 32.90197716513506, 32.90336953494848, 32.90169869117237, 32.90420495683654, 32.902812587023114, 32.90392648287385, 32.90531885268727, 32.90643274853801, 32.90615427457533, 32.902812587023114, 32.90392648287385, 32.90197716513506, 32.897800055694795, 32.89891395154553, 32.895293790030635, 32.897800055694795, 32.896129211918684, 32.895850737955996, 32.89334447229184, 32.898078529657475, 32.90058479532164, 32.90197716513506, 32.902534113060426, 32.89891395154553, 32.90336953494848, 32.90002784739627, 32.899749373433586, 32.902255639097746, 32.90030632135895, 32.90197716513506, 32.902812587023114, 32.90420495683654, 32.8994708994709, 32.896129211918684, 32.89167362851573, 32.893344472291844, 32.88944583681426, 32.89195210247842, 32.890838206627684, 32.89028125870231, 32.89028125870231, 31.893344472291837, 31.89278752436647, 31.898078529657475, 31.895572263993316, 31.88916736285157, 31.886382623224726, 31.886382623224726, 31.8922305764411, 31.88972431077694, 31.888610414926205, 31.891673628515733, 31.88888888888889, 31.888610414926205, 31.891673628515733, 31.89139515455305, 31.88972431077694, 31.893065998329156, 31.890281258702313, 31.891673628515733, 31.890838206627677, 31.890838206627677, 31.89139515455305, 31.892509050403792, 30.897800055694795, 30.900027847396267, 30.897243107769423, 30.901420217209687, 30.90030632135895, 30.899749373433583, 30.8994708994709, 30.900306321358954, 30.89891395154553, 30.903091060985798, 30.90587580061264, 30.903091060985794, 30.901420217209694, 30.903091060985794, 30.89919242550821, 30.89640768588137, 30.89835700362016, 30.8994708994709, 30.900306321358954, 30.904483430799218, 30.910331384015596, 30.908103592314117, 30.9083820662768, 30.9047619047619, 30.90754664438875, 30.90587580061264, 30.90281258702311, 30.900306321358954, 30.90197716513506, 30.8994708994709, 30.90030632135895, 30.902812587023114, 30.903648008911166, 30.900584795321638, 30.900027847396267, 30.902255639097742, 30.907825118351436, 30.905318852687273, 30.908939014202172, 30.9083820662768, 30.906711222500697, 30.90364800891117, 30.90504037872459, 30.906154274575325, 30.90615427457533, 30.913673071567807, 30.914508493455862, 30.91144527986633, 30.908939014202172, 30.907268170426065, 30.905040378724586, 30.903091060985798, 30.904761904761905, 30.905318852687273, 30.90810359231412, 30.901420217209694, 30.901141743247006, 30.90086326928432, 30.905875800612645, 30.906711222500693, 30.9047619047619, 29.9083820662768, 29.91116680590365, 29.909217488164852, 29.908660540239485, 29.907825118351433, 29.901698691172374, 29.90643274853801, 29.906711222500697, 29.908939014202172, 29.90754664438875, 29.904204956836537, 29.8994708994709, 29.89891395154553, 29.899192425508215, 29.8994708994709, 29.895572263993316, 29.891116680590365, 29.891952102478417, 29.892509050403785, 29.891116680590365, 29.887496519075466, 29.884433305485935, 29.889167362851573, 29.89195210247842, 29.89250905040379, 29.894736842105264, 29.891952102478417, 29.889167362851573, 29.88916736285157, 29.89028125870231, 29.889167362851577, 29.88833194096352, 29.893622946254524, 29.893065998329153, 29.890002784739625, 29.89028125870231, 29.894458368142576, 29.894179894179896, 29.894736842105264, 29.895015316067944, 29.89696463380674, 29.89640768588137, 29.894458368142576, 29.892230576441104, 29.89000278473962, 29.89139515455305, 29.888331940963518, 29.88916736285157, 29.88888888888889, 29.888053467000837, 29.88833194096352, 29.890002784739625, 29.891673628515733, 29.890838206627677, 29.889445836814257, 29.891952102478417, 29.888331940963518, 29.889724310776938, 29.887496519075466, 29.888331940963518, 29.89028125870231, 29.892230576441104, 29.889167362851573, 29.89195210247842, 29.887496519075466, 29.887218045112782, 29.88833194096352, 29.88666109718741, 29.889167362851573, 29.88666109718741, 29.885547201336674, 29.888610414926205, 29.886661097187414, 29.89139515455305, 29.88777499303815, 29.88666109718741]",0.9144973125603745,0.9335961149540776,30,"[33, 33, 33, 33, 33, 33, 33, 33, 33, 33, 33, 33, 33, 33, 33, 33, 33, 33, 33, 33, 33, 33, 33, 33, 33, 33, 33, 33, 33, 33, 33, 33, 33, 33, 33, 33, 33, 33, 33, 33, 33, 33, 33, 33, 33, 33, 33, 33, 33, 33, 33, 33, 33, 33, 33, 33, 33, 33, 33, 33, 33, 33, 33, 33, 33, 33, 33, 33, 33, 33, 33, 33, 33, 33, 33, 33, 33, 33, 33, 33, 33, 33, 33, 33, 33, 33, 33, 33, 33, 33, 33, 33, 33, 33, 33, 33, 33, 33, 33, 33, 33, 33, 33, 33, 33, 33, 33, 33, 33, 33, 33, 33, 33, 33, 33, 33, 33, 33, 33, 33, 33, 33, 33, 33, 33, 33, 33, 33, 33, 33, 33, 33, 33, 33, 33, 33, 33, 33, 33, 33, 33, 33, 33, 33, 33, 33, 33, 33, 33, 33, 33, 33, 33, 33, 33, 33, 33, 33, 33, 33, 33, 33, 33, 33, 33, 33, 33, 33, 33, 33, 33, 33, 33, 33, 33, 33, 33, 33, 33, 33, 32, 32, 32, 32, 32, 32, 32, 32, 32, 32, 32, 32, 32, 32, 32, 32, 32, 32, 32, 32, 32, 32, 32, 31, 31, 31, 31, 31, 31, 31, 31, 31, 31, 31, 31, 31, 31, 31, 31, 31, 31, 31, 31, 31, 31, 31, 31, 31, 31, 31, 31, 31, 31, 31, 31, 31, 31, 31, 31, 31, 31, 31, 31, 31, 31, 31, 31, 31, 31, 31, 31, 31, 31, 31, 31, 31, 31, 31, 31, 31, 31, 31, 31, 31, 30, 30, 30, 30, 30, 30, 30, 30, 30, 30, 30, 30, 30, 30, 30, 30, 30, 30, 30, 30, 30, 30, 30, 30, 30, 30, 30, 30, 30, 30, 30, 30, 30, 30, 30, 30, 30, 30, 30, 30, 30, 30, 30, 30, 30, 30, 30, 30, 30, 30, 30, 30, 30, 30, 30, 30, 30, 30, 30, 30, 30, 30, 30, 30, 30, 30, 30, 30, 30, 30, 30, 30, 30, 30, 30, 30]",340,"[0.40314117074012756, 0.3951070010662079, 0.3898172676563263, 0.38587868213653564, 0.3822278678417206, 0.38000035285949707, 0.37733036279678345, 0.375779390335083, 0.37363049387931824, 0.3720639944076538, 0.3705689311027527, 0.36950862407684326, 0.3676551878452301, 0.366371750831604, 0.36526650190353394, 0.3638309836387634, 0.3623376488685608, 0.36124134063720703, 0.3597105145454407, 0.35847020149230957, 0.3570614755153656, 0.3557316064834595, 0.35465487837791443, 0.3534379303455353, 0.3518514931201935, 0.35054126381874084, 0.3492250144481659, 0.3480572998523712, 0.3466052711009979, 0.3453574478626251, 0.34421053528785706, 0.3424985110759735, 0.3411448299884796, 0.3398611545562744, 0.33846527338027954, 0.3368079364299774, 0.33558326959609985, 0.3337807357311249, 0.3321724236011505, 0.33069947361946106, 0.3291625678539276, 0.32742640376091003, 0.3255622982978821, 0.32364359498023987, 0.32200005650520325, 0.3202212154865265, 0.31836315989494324, 0.31671038269996643, 0.3143352270126343, 0.312355101108551, 0.31027135252952576, 0.30826833844184875, 0.3064136505126953, 0.30450311303138733, 0.3027172386646271, 0.30024611949920654, 0.29844969511032104, 0.29652389883995056, 0.2945340871810913, 0.29257482290267944, 0.2907153367996216, 0.28871700167655945, 0.28683042526245117, 0.28514865040779114, 0.2835260331630707, 0.2817889451980591, 0.2802179753780365, 0.27858853340148926, 0.27710822224617004, 0.2758251130580902, 0.27434828877449036, 0.2729664146900177, 0.2716297209262848, 0.27058538794517517, 0.2691500782966614, 0.26788270473480225, 0.2666981816291809, 0.2654849886894226, 0.264437735080719, 0.26325324177742004, 0.26234254240989685, 0.26157844066619873, 0.26045796275138855, 0.2596309781074524, 0.25863656401634216, 0.25816625356674194, 0.25686997175216675, 0.25544843077659607, 0.25454947352409363, 0.2538209855556488, 0.2530640959739685, 0.25205907225608826, 0.25146764516830444, 0.2505786716938019, 0.249631866812706, 0.2490241825580597, 0.24820232391357422, 0.24754542112350464, 0.24720530211925507, 0.24619577825069427, 0.2451389729976654, 0.2445336878299713, 0.24376827478408813, 0.24327325820922852, 0.24212971329689026, 0.24165141582489014, 0.24098825454711914, 0.24032366275787354, 0.24011453986167908, 0.23945550620555878, 0.23873136937618256, 0.23828910291194916, 0.23723311722278595, 0.23646090924739838, 0.23606081306934357, 0.23564499616622925, 0.23526936769485474, 0.23483677208423615, 0.23382559418678284, 0.23397096991539001, 0.23324619233608246, 0.2325865775346756, 0.23181650042533875, 0.2317391037940979, 0.23182033002376556, 0.23053883016109467, 0.23103439807891846, 0.2297198325395584, 0.22916820645332336, 0.22908981144428253, 0.2282557636499405, 0.22816415131092072, 0.22771576046943665, 0.22761045396327972, 0.22713935375213623, 0.22634007036685944, 0.22603057324886322, 0.2259512096643448, 0.22520342469215393, 0.22487905621528625, 0.22470740973949432, 0.2242068648338318, 0.22416897118091583, 0.22360238432884216, 0.22324146330356598, 0.22264055907726288, 0.22189433872699738, 0.2215929925441742, 0.2215777188539505, 0.2214251011610031, 0.2206113189458847, 0.22094479203224182, 0.22034616768360138, 0.21961992979049683, 0.21914468705654144, 0.21922454237937927, 0.21888728439807892, 0.21910585463047028, 0.21844647824764252, 0.21878789365291595, 0.21737171709537506, 0.21713408827781677, 0.217000350356102, 0.2166810929775238, 0.21738412976264954, 0.21697671711444855, 0.21620666980743408, 0.21589571237564087, 0.2165623903274536, 0.21606139838695526, 0.21493060886859894, 0.21404695510864258, 0.21379218995571136, 0.21341457962989807, 0.21362105011940002, 0.21340197324752808, 0.2129407525062561, 0.21283352375030518, 0.21272125840187073, 0.21283124387264252, 0.21224384009838104, 0.21214382350444794, 0.21283645927906036, 0.21176454424858093, 0.21127010881900787, 0.2116200029850006, 0.21103635430335999, 0.21137674152851105, 0.21013741195201874, 0.21087321639060974, 0.2099209725856781, 0.20965781807899475, 0.20896178483963013, 0.20918816328048706, 0.209076926112175, 0.2083105891942978, 0.2086542695760727, 0.20884929597377777, 0.20823435485363007, 0.20842505991458893, 0.20896027982234955, 0.2085294872522354, 0.20747117698192596, 0.2076462358236313, 0.20716965198516846, 0.20744270086288452, 0.2082548886537552, 0.20644141733646393, 0.20638059079647064, 0.20574097335338593, 0.20692916214466095, 0.2059221714735031, 0.20563550293445587, 0.20499663054943085, 0.20432399213314056, 0.20474542677402496, 0.20550109446048737, 0.20434728264808655, 0.20473577082157135, 0.2044047862291336, 0.20406241714954376, 0.203648179769516, 0.20395535230636597, 0.20415689051151276, 0.20394019782543182, 0.20352831482887268, 0.2033056765794754, 0.20374473929405212, 0.20351533591747284, 0.20301088690757751, 0.2040138989686966, 0.20184379816055298, 0.20273196697235107, 0.20153740048408508, 0.20183151960372925, 0.20218774676322937, 0.20177125930786133, 0.2009900063276291, 0.20108817517757416, 0.20184528827667236, 0.2007768750190735, 0.2003246694803238, 0.2015773206949234, 0.20063388347625732, 0.2002907395362854, 0.19992734491825104, 0.20049451291561127, 0.19976919889450073, 0.19938766956329346, 0.1985771805047989, 0.19882087409496307, 0.19963020086288452, 0.19815587997436523, 0.19803927838802338, 0.19779296219348907, 0.1982582062482834, 0.19771890342235565, 0.1978624016046524, 0.1975817233324051, 0.19757091999053955, 0.1974450647830963, 0.1972486525774002, 0.1973084956407547, 0.19743768870830536, 0.19727909564971924, 0.19796448945999146, 0.19629068672657013, 0.19624580442905426, 0.19551147520542145, 0.19499552249908447, 0.19453448057174683, 0.19629591703414917, 0.19645263254642487, 0.1949247121810913, 0.1958010047674179, 0.19491209089756012, 0.19411121308803558, 0.19412285089492798, 0.1947178989648819, 0.1954534500837326, 0.1936134397983551, 0.19374528527259827, 0.19392240047454834, 0.1931639164686203, 0.1939915418624878, 0.19304145872592926, 0.19305476546287537, 0.19445182383060455, 0.19310516119003296, 0.19247949123382568, 0.19211257994174957, 0.1929224729537964, 0.19187068939208984, 0.19218067824840546, 0.19179250299930573, 0.1920870989561081, 0.1913727968931198, 0.19070318341255188, 0.19050680100917816, 0.19034810364246368, 0.19029714167118073, 0.19043606519699097, 0.1904873251914978, 0.1900884509086609, 0.19036449491977692, 0.19022321701049805, 0.19007837772369385, 0.19135631620883942, 0.18963861465454102, 0.18955832719802856, 0.1891150325536728, 0.18856769800186157, 0.1898927241563797, 0.1891721934080124, 0.1894751340150833, 0.18888400495052338, 0.18976537883281708, 0.18926750123500824, 0.1889820694923401, 0.18874800205230713, 0.18816956877708435, 0.18909522891044617, 0.18790702521800995, 0.18762364983558655, 0.18723107874393463, 0.18793179094791412, 0.18703792989253998, 0.1870744377374649, 0.1873226761817932, 0.18688227236270905, 0.18641717731952667, 0.1866655945777893, 0.18827882409095764, 0.18647029995918274, 0.1869617998600006, 0.18687182664871216, 0.18673306703567505, 0.18751674890518188, 0.18641963601112366, 0.18684406578540802]",30.0,"[33.0, 33.0, 33.0, 33.0, 33.0, 33.0, 33.0, 33.0, 33.0, 33.0, 33.0, 33.0, 33.0, 33.0, 33.0, 33.0, 33.0, 33.0, 33.0, 33.0, 33.0, 33.0, 33.0, 33.0, 33.0, 33.0, 33.0, 33.0, 33.0, 33.0, 33.0, 33.0, 33.0, 33.0, 33.0, 33.0, 33.0, 33.0, 33.0, 33.0, 33.0, 33.0, 33.0, 33.0, 33.0, 33.0, 33.0, 33.0, 33.0, 33.0, 33.0, 33.0, 33.0, 33.0, 33.0, 33.0, 33.0, 33.0, 33.0, 33.0, 33.0, 33.0, 33.0, 33.0, 33.0, 33.0, 33.0, 33.0, 33.0, 33.0, 33.0, 33.0, 33.0, 33.0, 33.0, 33.0, 33.0, 33.0, 33.0, 33.0, 33.0, 33.0, 33.0, 33.0, 33.0, 33.0, 33.0, 33.0, 33.0, 33.0, 33.0, 33.0, 33.0, 33.0, 33.0, 33.0, 33.0, 33.0, 33.0, 33.0, 33.0, 33.0, 33.0, 33.0, 33.0, 33.0, 33.0, 33.0, 33.0, 33.0, 33.0, 33.0, 33.0, 33.0, 33.0, 33.0, 33.0, 33.0, 33.0, 33.0, 33.0, 33.0, 33.0, 33.0, 33.0, 33.0, 33.0, 33.0, 33.0, 33.0, 33.0, 33.0, 33.0, 33.0, 33.0, 33.0, 33.0, 33.0, 33.0, 33.0, 33.0, 33.0, 33.0, 33.0, 33.0, 33.0, 33.0, 33.0, 33.0, 33.0, 33.0, 33.0, 33.0, 33.0, 33.0, 33.0, 33.0, 33.0, 33.0, 33.0, 33.0, 33.0, 33.0, 33.0, 33.0, 33.0, 33.0, 33.0, 33.0, 33.0, 33.0, 33.0, 33.0, 33.0, 33.0, 33.0, 33.0, 33.0, 33.0, 33.0, 32.0, 32.0, 32.0, 32.0, 32.0, 32.0, 32.0, 32.0, 32.0, 32.0, 32.0, 32.0, 32.0, 32.0, 32.0, 32.0, 32.0, 32.0, 32.0, 32.0, 32.0, 32.0, 32.0, 31.0, 31.0, 31.0, 31.0, 31.0, 31.0, 31.0, 31.0, 31.0, 31.0, 31.0, 31.0, 31.0, 31.0, 31.0, 31.0, 31.0, 31.0, 31.0, 31.0, 31.0, 31.0, 31.0, 31.0, 31.0, 31.0, 31.0, 31.0, 31.0, 31.0, 31.0, 31.0, 31.0, 31.0, 31.0, 31.0, 31.0, 31.0, 31.0, 31.0, 31.0, 31.0, 31.0, 31.0, 31.0, 31.0, 31.0, 31.0, 31.0, 31.0, 31.0, 31.0, 31.0, 31.0, 31.0, 31.0, 31.0, 31.0, 31.0, 31.0, 31.0, 30.0, 30.0, 30.0, 30.0, 30.0, 30.0, 30.0, 30.0, 30.0, 30.0, 30.0, 30.0, 30.0, 30.0, 30.0, 30.0, 30.0, 30.0, 30.0, 30.0, 30.0, 30.0, 30.0, 30.0, 30.0, 30.0, 30.0, 30.0, 30.0, 30.0, 30.0, 30.0, 30.0, 30.0, 30.0, 30.0, 30.0, 30.0, 30.0, 30.0, 30.0, 30.0, 30.0, 30.0, 30.0, 30.0, 30.0, 30.0, 30.0, 30.0, 30.0, 30.0, 30.0, 30.0, 30.0, 30.0, 30.0, 30.0, 30.0, 30.0, 30.0, 30.0, 30.0, 30.0, 30.0, 30.0, 30.0, 30.0, 30.0, 30.0, 30.0, 30.0, 30.0, 30.0, 30.0, 30.0]",COMPLETE
