,number,value,datetime_start,datetime_complete,duration,params_batch_size_scaler,params_constant_learning_rate,params_depth,params_epochs,params_kernel_l2,params_num_trees,params_temperature,user_attrs_accuracy_test,user_attrs_accuracy_valid,user_attrs_approximate_feature_sparsity,user_attrs_approximate_feature_sparsity_history,user_attrs_approximate_weight_sparsity,user_attrs_approximate_weight_sparsity_history,user_attrs_auc_test,user_attrs_auc_valid,user_attrs_feature_sparsity,user_attrs_feature_sparsity_history,user_attrs_num_epochs,user_attrs_val_loss_history,user_attrs_weight_sparsity,user_attrs_weight_sparsity_history,state
134,134,0.5,2024-08-31 06:22:23.017920,2024-08-31 06:23:04.774362,0 days 00:00:41.756442,16,1.1461218373016855,2,295,0.0501144946820375,89,0.058704336676227716,0.859,0.85875,0,"[0, 0, 0, 0, 0, 0, 0, 0, 0, 0, 0, 0, 0, 0, 0, 0, 0, 0, 0, 0, 0, 0, 0, 0, 0, 0, 0, 0, 0, 0, 0, 0, 0, 0, 0, 0, 0, 0, 0, 0, 0, 0, 0, 0, 0, 0, 0, 0, 0, 0, 0, 0, 0, 0, 0, 0, 0, 0, 0, 0, 0, 0, 0, 0, 0, 0, 0, 0, 0, 0, 0, 0, 0, 0, 0, 0, 0, 0, 0, 0, 0, 0, 0, 0, 0, 0, 0, 0, 0, 0, 0, 0, 0, 0, 0, 0, 0, 0, 0, 0, 0, 0, 0, 0, 0, 0, 0, 0, 0, 0, 0, 0, 0, 0, 0, 0, 0, 0, 0, 0, 0, 0, 0, 0, 0, 0, 0, 0, 0, 0, 0, 0, 0, 0, 0, 0, 0, 0, 0, 0, 0, 0, 0, 0, 0, 0, 0, 0, 0, 0, 0, 0, 0, 0, 0, 0, 0, 0, 0, 0, 0, 0, 0, 0, 0, 0, 0, 0, 0, 0, 0, 0, 0, 0, 0, 0, 0, 0, 0, 0, 0, 0, 0, 0, 0, 0, 0, 0, 0, 0, 0, 0, 0, 0, 0, 0, 0, 0, 0, 0, 0, 0, 0, 0, 0, 0, 0, 0, 0, 0, 0, 0, 0, 0, 0, 0, 0, 0, 0, 0, 0, 0, 0, 0, 0, 0, 0, 0, 0, 0, 0, 0, 0, 0, 0, 0, 0, 0, 0, 0, 0, 0, 0, 0, 0, 0, 0, 0, 0, 0, 0, 0, 0, 0, 0, 0, 0, 0, 0, 0, 0, 0, 0, 0, 0, 0, 0, 0, 0, 0, 0, 0, 0, 0, 0, 0, 0, 0, 0, 0, 0, 0, 0, 0, 0, 0, 0, 0, 0, 0, 0, 0, 0, 0, 0]",0.0,"[0.0, 0.0, 0.0, 0.0, 0.0, 0.0, 0.0, 0.0, 0.0, 0.0, 0.0, 0.0, 0.0, 0.0, 0.0, 0.0, 0.0, 0.0, 0.0, 0.0, 0.0, 0.0, 0.0, 0.0, 0.0, 0.0, 0.0, 0.0, 0.0, 0.0, 0.0, 0.0, 0.0, 0.0, 0.0, 0.0, 0.0, 0.0, 0.0, 0.0, 0.0, 0.0, 0.0, 0.0, 0.0, 0.0, 0.0, 0.0, 0.0, 0.0, 0.0, 0.0, 0.0, 0.0, 0.0, 0.0, 0.0, 0.0, 0.0, 0.0, 0.0, 0.0, 0.0, 0.0, 0.0, 0.0, 0.0, 0.0, 0.0, 0.0, 0.0, 0.0, 0.0, 0.0, 0.0, 0.0, 0.0, 0.0, 0.0, 0.0, 0.0, 0.0, 0.0, 0.0, 0.0, 0.0, 0.0, 0.0, 0.0, 0.0, 0.0, 0.0, 0.0, 0.0, 0.0, 0.0, 0.0, 0.0, 0.0, 0.0, 0.0, 0.0, 0.0, 0.0, 0.0, 0.0, 0.0, 0.0, 0.0, 0.0, 0.0, 0.0, 0.0, 0.0, 0.0, 0.0, 0.0, 0.0, 0.0, 0.0, 0.0, 0.0, 0.0, 0.0, 0.0, 0.0, 0.0, 0.0, 0.0, 0.0, 0.0, 0.0, 0.0, 0.0, 0.0, 0.0, 0.0, 0.0, 0.0, 0.0, 0.0, 0.0, 0.0, 0.0, 0.0, 0.0, 0.0, 0.0, 0.0, 0.0, 0.0, 0.0, 0.0, 0.0, 0.0, 0.0, 0.0, 0.0, 0.0, 0.0, 0.0, 0.0, 0.0, 0.0, 0.0, 0.0, 0.0, 0.0, 0.0, 0.0, 0.0, 0.0, 0.0, 0.0, 0.0, 0.0, 0.0, 0.0, 0.0, 0.0, 0.0, 0.0, 0.0, 0.0, 0.0, 0.0, 0.0, 0.0, 0.0, 0.0, 0.0, 0.0, 0.0, 0.0, 0.0, 0.0, 0.0, 0.0, 0.0, 0.0, 0.0, 0.0, 0.0, 0.0, 0.0, 0.0, 0.0, 0.0, 0.0, 0.0, 0.0, 0.0, 0.0, 0.0, 0.0, 0.0, 0.0, 0.0, 0.0, 0.0, 0.0, 0.0, 0.0, 0.0, 0.0, 0.0, 0.0, 0.0, 0.0, 0.0, 0.0, 0.0, 0.0, 0.0, 0.0, 0.0, 0.0, 0.0, 0.0, 0.0, 0.0, 0.0, 0.0, 0.0, 0.0, 0.0, 0.0, 0.0, 0.0, 0.0, 0.0, 0.0, 0.0, 0.0, 0.0, 0.0, 0.0, 0.0, 0.0, 0.0, 0.0, 0.0, 0.0, 0.0, 0.0, 0.0, 0.0, 0.0, 0.0, 0.0, 0.0, 0.0, 0.0, 0.0, 0.0, 0.0, 0.0, 0.0, 0.0, 0.0, 0.0, 0.0, 0.0, 0.0, 0.0, 0.0, 0.0, 0.0, 0.0, 0.0, 0.0, 0.0, 0.0, 0.0, 0.0]",0.5,0.5,0,"[0, 0, 0, 0, 0, 0, 0, 0, 0, 0, 0, 0, 0, 0, 0, 0, 0, 0, 0, 0, 0, 0, 0, 0, 0, 0, 0, 0, 0, 0, 0, 0, 0, 0, 0, 0, 0, 0, 0, 0, 0, 0, 0, 0, 0, 0, 0, 0, 0, 0, 0, 0, 0, 0, 0, 0, 0, 0, 0, 0, 0, 0, 0, 0, 0, 0, 0, 0, 0, 0, 0, 0, 0, 0, 0, 0, 0, 0, 0, 0, 0, 0, 0, 0, 0, 0, 0, 0, 0, 0, 0, 0, 0, 0, 0, 0, 0, 0, 0, 0, 0, 0, 0, 0, 0, 0, 0, 0, 0, 0, 0, 0, 0, 0, 0, 0, 0, 0, 0, 0, 0, 0, 0, 0, 0, 0, 0, 0, 0, 0, 0, 0, 0, 0, 0, 0, 0, 0, 0, 0, 0, 0, 0, 0, 0, 0, 0, 0, 0, 0, 0, 0, 0, 0, 0, 0, 0, 0, 0, 0, 0, 0, 0, 0, 0, 0, 0, 0, 0, 0, 0, 0, 0, 0, 0, 0, 0, 0, 0, 0, 0, 0, 0, 0, 0, 0, 0, 0, 0, 0, 0, 0, 0, 0, 0, 0, 0, 0, 0, 0, 0, 0, 0, 0, 0, 0, 0, 0, 0, 0, 0, 0, 0, 0, 0, 0, 0, 0, 0, 0, 0, 0, 0, 0, 0, 0, 0, 0, 0, 0, 0, 0, 0, 0, 0, 0, 0, 0, 0, 0, 0, 0, 0, 0, 0, 0, 0, 0, 0, 0, 0, 0, 0, 0, 0, 0, 0, 0, 0, 0, 0, 0, 0, 0, 0, 0, 0, 0, 0, 0, 0, 0, 0, 0, 0, 0, 0, 0, 0, 0, 0, 0, 0, 0, 0, 0, 0, 0, 0, 0, 0, 0, 0, 0, 0]",295,"[1.646028995513916, 5.190392971038818, 2.737433433532715, 0.5973559021949768, 0.40848565101623535, 3.9819138050079346, 1.4987469911575317, 0.5627678036689758, 1.1938278675079346, 0.48769885301589966, 1.4227672815322876, 5.09345817565918, 0.9011776447296143, 3.6442947387695312, 1.379339575767517, 0.9696718454360962, 2.275542736053467, 2.314243793487549, 2.7587311267852783, 5.007565975189209, 3.85695743560791, 0.6499004364013672, 0.7319303750991821, 4.544477939605713, 0.4652473032474518, 3.3126065731048584, 1.445871114730835, 3.9163753986358643, 3.5967981815338135, 1.5751962661743164, 2.8370611667633057, 3.760343313217163, 0.41398951411247253, 0.42071449756622314, 0.7981390357017517, 4.750490188598633, 0.570991039276123, 0.46820780634880066, 1.7893425226211548, 0.6805648803710938, 2.343681573867798, 1.2335830926895142, 2.8172364234924316, 1.557559847831726, 2.9080395698547363, 3.0073862075805664, 1.4756044149398804, 0.538339376449585, 2.6027796268463135, 0.9421809315681458, 4.690176963806152, 5.032738208770752, 2.834240436553955, 0.771487832069397, 0.7381368279457092, 5.463888645172119, 2.553940534591675, 1.1532820463180542, 1.1249306201934814, 4.171982288360596, 0.48566195368766785, 1.2305148839950562, 0.6347630023956299, 2.62374210357666, 2.6566107273101807, 2.5758216381073, 2.687608003616333, 0.49363335967063904, 0.793231725692749, 0.4850127100944519, 0.9512988328933716, 1.8953540325164795, 1.6103858947753906, 4.6368021965026855, 1.8698631525039673, 1.2823814153671265, 5.293729782104492, 5.606113433837891, 3.670309543609619, 1.5331158638000488, 1.888871431350708, 0.4189598858356476, 1.9158718585968018, 2.49804425239563, 3.1748907566070557, 5.002415657043457, 2.3964691162109375, 3.693504571914673, 1.7725143432617188, 5.190893650054932, 0.6253399848937988, 0.5618626475334167, 3.7346789836883545, 4.394374370574951, 1.4463698863983154, 3.8906426429748535, 2.4973392486572266, 0.9253933429718018, 1.713796854019165, 1.4305392503738403, 2.0025131702423096, 2.259592056274414, 0.6485682725906372, 5.654915809631348, 0.6010178327560425, 0.5459264516830444, 2.896923780441284, 0.5462253093719482, 1.1968616247177124, 3.3867311477661133, 0.684777021408081, 5.075716972351074, 0.704643964767456, 0.5485202670097351, 3.972133159637451, 2.421220302581787, 2.2498998641967773, 0.41948628425598145, 1.9742112159729004, 3.6838371753692627, 3.4688243865966797, 4.101775646209717, 4.782541275024414, 3.3108437061309814, 4.446598529815674, 0.5077806115150452, 0.5325963497161865, 1.5249183177947998, 1.1611436605453491, 3.936835527420044, 0.44501906633377075, 0.4172888696193695, 1.3970654010772705, 0.5203697681427002, 0.6601371765136719, 2.5617969036102295, 1.1200013160705566, 4.669187545776367, 5.3777947425842285, 1.6362619400024414, 2.658280372619629, 2.4919593334198, 1.4753577709197998, 3.8982949256896973, 2.1513893604278564, 1.2369468212127686, 0.5786387920379639, 3.3435862064361572, 0.999174952507019, 1.2297369241714478, 0.8580396175384521, 2.0157723426818848, 2.62692928314209, 3.234462022781372, 0.6234105229377747, 1.5793471336364746, 1.223665475845337, 4.333125114440918, 1.2190011739730835, 1.2270005941390991, 1.2075581550598145, 2.994077205657959, 3.2070047855377197, 0.40844330191612244, 2.8163862228393555, 2.9827404022216797, 1.857177734375, 2.778019905090332, 0.4559102952480316, 0.7311139106750488, 1.1851413249969482, 1.6583040952682495, 4.5728325843811035, 4.705545425415039, 3.0554590225219727, 0.4154341220855713, 1.2834677696228027, 1.972438097000122, 1.4051514863967896, 2.1385719776153564, 0.9324333071708679, 2.209693670272827, 1.7106616497039795, 0.918897807598114, 2.028019905090332, 3.4128222465515137, 1.8251335620880127, 1.411714792251587, 5.280511379241943, 2.626150608062744, 4.256960868835449, 2.9358489513397217, 4.391921520233154, 1.3012070655822754, 1.0018947124481201, 0.6175090670585632, 0.43279728293418884, 1.8951077461242676, 0.5086643695831299, 2.2660837173461914, 0.45259058475494385, 2.1366567611694336, 0.786669909954071, 5.540760517120361, 3.5634167194366455, 0.561877965927124, 2.4205358028411865, 0.45610302686691284, 1.4440717697143555, 4.503874778747559, 2.955392837524414, 2.6808359622955322, 2.6123528480529785, 2.077754259109497, 0.4840744733810425, 3.1291983127593994, 2.5844321250915527, 1.9153742790222168, 1.654128074645996, 1.2397127151489258, 4.320882797241211, 4.313995361328125, 1.1207077503204346, 3.5446882247924805, 1.7931530475616455, 4.604929447174072, 4.806344509124756, 0.4090999364852905, 1.2866891622543335, 3.7561957836151123, 0.8639742136001587, 3.561413288116455, 2.5260355472564697, 0.5055215358734131, 1.9561790227890015, 4.236987590789795, 2.036343812942505, 3.5901567935943604, 0.49743297696113586, 0.4103809595108032, 2.7482528686523438, 3.9084463119506836, 2.463859796524048, 1.4582040309906006, 1.492823839187622, 1.0935277938842773, 1.9647369384765625, 0.4798843264579773, 0.6079831123352051, 1.536292552947998, 3.580763816833496, 4.471453666687012, 3.593163251876831, 2.1703293323516846, 3.6444814205169678, 0.44826897978782654, 3.6489081382751465, 3.6472561359405518, 3.7643227577209473, 4.071500778198242, 1.5688409805297852, 4.514842987060547, 0.8305578827857971, 2.59053373336792, 0.7001128196716309, 4.100722312927246, 2.9679460525512695, 1.0617622137069702, 2.9204671382904053, 0.4170876443386078, 0.9507127404212952, 4.389098167419434, 0.7843076586723328, 1.299066424369812, 1.5904936790466309, 0.8263747692108154, 2.478191614151001, 0.7703876495361328, 5.773556709289551, 1.5686062574386597, 0.45044925808906555, 0.4517243206501007, 2.3436570167541504, 0.4337727725505829, 0.4072280824184418, 0.632332444190979, 4.479876518249512, 1.0603208541870117, 0.42209652066230774, 0.4181123673915863, 1.2619123458862305, 3.474102258682251, 4.909085273742676, 2.520311117172241, 1.699558138847351]",0.0,"[0.0, 0.0, 0.0, 0.0, 0.0, 0.0, 0.0, 0.0, 0.0, 0.0, 0.0, 0.0, 0.0, 0.0, 0.0, 0.0, 0.0, 0.0, 0.0, 0.0, 0.0, 0.0, 0.0, 0.0, 0.0, 0.0, 0.0, 0.0, 0.0, 0.0, 0.0, 0.0, 0.0, 0.0, 0.0, 0.0, 0.0, 0.0, 0.0, 0.0, 0.0, 0.0, 0.0, 0.0, 0.0, 0.0, 0.0, 0.0, 0.0, 0.0, 0.0, 0.0, 0.0, 0.0, 0.0, 0.0, 0.0, 0.0, 0.0, 0.0, 0.0, 0.0, 0.0, 0.0, 0.0, 0.0, 0.0, 0.0, 0.0, 0.0, 0.0, 0.0, 0.0, 0.0, 0.0, 0.0, 0.0, 0.0, 0.0, 0.0, 0.0, 0.0, 0.0, 0.0, 0.0, 0.0, 0.0, 0.0, 0.0, 0.0, 0.0, 0.0, 0.0, 0.0, 0.0, 0.0, 0.0, 0.0, 0.0, 0.0, 0.0, 0.0, 0.0, 0.0, 0.0, 0.0, 0.0, 0.0, 0.0, 0.0, 0.0, 0.0, 0.0, 0.0, 0.0, 0.0, 0.0, 0.0, 0.0, 0.0, 0.0, 0.0, 0.0, 0.0, 0.0, 0.0, 0.0, 0.0, 0.0, 0.0, 0.0, 0.0, 0.0, 0.0, 0.0, 0.0, 0.0, 0.0, 0.0, 0.0, 0.0, 0.0, 0.0, 0.0, 0.0, 0.0, 0.0, 0.0, 0.0, 0.0, 0.0, 0.0, 0.0, 0.0, 0.0, 0.0, 0.0, 0.0, 0.0, 0.0, 0.0, 0.0, 0.0, 0.0, 0.0, 0.0, 0.0, 0.0, 0.0, 0.0, 0.0, 0.0, 0.0, 0.0, 0.0, 0.0, 0.0, 0.0, 0.0, 0.0, 0.0, 0.0, 0.0, 0.0, 0.0, 0.0, 0.0, 0.0, 0.0, 0.0, 0.0, 0.0, 0.0, 0.0, 0.0, 0.0, 0.0, 0.0, 0.0, 0.0, 0.0, 0.0, 0.0, 0.0, 0.0, 0.0, 0.0, 0.0, 0.0, 0.0, 0.0, 0.0, 0.0, 0.0, 0.0, 0.0, 0.0, 0.0, 0.0, 0.0, 0.0, 0.0, 0.0, 0.0, 0.0, 0.0, 0.0, 0.0, 0.0, 0.0, 0.0, 0.0, 0.0, 0.0, 0.0, 0.0, 0.0, 0.0, 0.0, 0.0, 0.0, 0.0, 0.0, 0.0, 0.0, 0.0, 0.0, 0.0, 0.0, 0.0, 0.0, 0.0, 0.0, 0.0, 0.0, 0.0, 0.0, 0.0, 0.0, 0.0, 0.0, 0.0, 0.0, 0.0, 0.0, 0.0, 0.0, 0.0, 0.0, 0.0, 0.0, 0.0, 0.0, 0.0, 0.0, 0.0, 0.0, 0.0, 0.0, 0.0, 0.0, 0.0, 0.0, 0.0, 0.0, 0.0, 0.0, 0.0, 0.0, 0.0, 0.0, 0.0, 0.0, 0.0, 0.0]",COMPLETE
