,number,value,datetime_start,datetime_complete,duration,params_batch_size_scaler,params_constant_learning_rate,params_depth,params_epochs,params_kernel_l2,params_num_trees,params_temperature,user_attrs_accuracy_test,user_attrs_accuracy_valid,user_attrs_approximate_feature_sparsity,user_attrs_approximate_feature_sparsity_history,user_attrs_approximate_weight_sparsity,user_attrs_approximate_weight_sparsity_history,user_attrs_auc_test,user_attrs_auc_valid,user_attrs_feature_sparsity,user_attrs_feature_sparsity_history,user_attrs_num_epochs,user_attrs_val_loss_history,user_attrs_weight_sparsity,user_attrs_weight_sparsity_history,state
59,59,0.7061611984902939,2024-08-31 03:09:37.439028,2024-08-31 03:11:15.448473,0 days 00:01:38.009445,64,0.07991809813636232,5,195,0.05656320379807104,58,0.00038864372042842285,0.866,0.86375,33,"[33, 33, 33, 33, 33, 33, 33, 33, 33, 33, 33, 33, 33, 33, 33, 33, 33, 33, 33, 33, 33, 33, 33, 33, 33, 33, 33, 33, 33, 33, 33, 33, 33, 33, 33, 33, 33, 33, 33, 33, 33, 33, 33, 33, 33, 33, 33, 33, 33, 33, 33, 33, 33, 33, 33, 33, 33, 33, 33, 33, 33, 33, 33, 33, 33, 33, 33, 33, 33, 33, 33, 33, 33, 33, 33, 33, 33, 33, 33, 33, 33, 33, 33, 33, 33, 33, 33, 33, 33, 33, 33, 33, 33, 33, 33, 33, 33, 33, 33, 33, 33, 33, 33, 33, 33, 33, 33, 33, 33, 33, 33, 33, 33, 33, 33, 33, 33, 33, 33, 33, 33, 33, 33, 33, 33, 33, 33, 33, 33, 33, 33, 33, 33, 33, 33, 33, 33, 33, 33, 33, 33, 33, 33, 33, 33, 33, 33, 33, 33, 33, 33, 33, 33, 33, 33, 33, 33, 33, 33, 33, 33, 33, 33, 33, 33, 33, 33, 33, 33, 33, 33, 33, 33, 33, 33, 33, 33, 33, 33, 33, 33, 33, 33, 33, 33, 33, 33, 33, 33, 33, 33, 33, 33, 33, 33]",32.94327030033371,"[32.937708565072306, 32.93993325917686, 32.934371523915466, 32.932146829810904, 32.937152391546164, 32.940489432703004, 32.93659621802002, 32.93993325917686, 32.94160177975528, 32.937708565072306, 32.9349276974416, 32.937152391546164, 32.937708565072306, 32.932703003337046, 32.934371523915466, 32.92992213570634, 32.927141268075644, 32.93159065628476, 32.930478309232484, 32.932703003337046, 32.939377085650726, 32.94215795328143, 32.94215795328142, 32.939377085650726, 32.941045606229146, 32.937708565072306, 32.940489432703004, 32.94549499443826, 32.940489432703004, 32.93993325917687, 32.93826473859845, 32.940489432703004, 32.937708565072306, 32.935483870967744, 32.944382647385986, 32.94827586206897, 32.944382647385986, 32.938820912124584, 32.937708565072306, 32.93659621802002, 32.935483870967744, 32.934371523915466, 32.93659621802002, 32.93325917686319, 32.935483870967744, 32.941045606229146, 32.941045606229146, 32.940489432703004, 32.94160177975528, 32.94215795328142, 32.94493882091213, 32.93993325917686, 32.940489432703004, 32.946051167964406, 32.93826473859844, 32.937708565072306, 32.937708565072306, 32.93993325917686, 32.946051167964406, 32.947719688542826, 32.9488320355951, 32.94382647385984, 32.94382647385985, 32.93993325917686, 32.946051167964406, 32.947719688542826, 32.95050055617353, 32.94549499443826, 32.944382647385986, 32.947719688542826, 32.9488320355951, 32.95216907675194, 32.95216907675195, 32.949388209121246, 32.94827586206897, 32.95050055617353, 32.94827586206897, 32.949388209121246, 32.94660734149055, 32.946051167964406, 32.94215795328142, 32.942714126807566, 32.940489432703004, 32.94104560622914, 32.939377085650726, 32.937708565072306, 32.93659621802003, 32.934371523915466, 32.937708565072306, 32.940489432703004, 32.940489432703004, 32.938820912124584, 32.941045606229146, 32.941045606229146, 32.937708565072306, 32.93937708565072, 32.935483870967744, 32.93826473859845, 32.94215795328142, 32.94382647385984, 32.94160177975529, 32.94382647385984, 32.946051167964406, 32.9488320355951, 32.9488320355951, 32.94716351501669, 32.949388209121246, 32.95050055617353, 32.94994438264739, 32.94716351501668, 32.949388209121246, 32.94660734149054, 32.94660734149054, 32.94493882091213, 32.94716351501668, 32.94549499443826, 32.94493882091212, 32.94160177975529, 32.939377085650726, 32.944382647385986, 32.94493882091212, 32.94493882091212, 32.944382647385986, 32.94549499443826, 32.94382647385984, 32.9432703003337, 32.941045606229146, 32.93826473859844, 32.93437152391546, 32.93659621802002, 32.937152391546164, 32.937152391546164, 32.937708565072306, 32.9377085650723, 32.940489432703004, 32.94215795328142, 32.944382647385986, 32.941045606229146, 32.941045606229146, 32.93993325917686, 32.94215795328142, 32.94160177975528, 32.941045606229146, 32.940489432703004, 32.936040044493886, 32.9349276974416, 32.938820912124584, 32.94382647385984, 32.94493882091213, 32.94716351501669, 32.94549499443827, 32.944382647385986, 32.94160177975528, 32.9377085650723, 32.93659621802002, 32.937152391546164, 32.942714126807566, 32.94160177975529, 32.942714126807566, 32.940489432703004, 32.940489432703004, 32.94160177975528, 32.94215795328142, 32.941045606229146, 32.942714126807566, 32.94104560622914, 32.946051167964406, 32.94493882091213, 32.94549499443826, 32.94716351501669, 32.947719688542826, 32.94716351501668, 32.94716351501668, 32.94660734149054, 32.944382647385986, 32.944382647385986, 32.946051167964406, 32.94716351501668, 32.94493882091212, 32.944382647385986, 32.93826473859844, 32.937708565072306, 32.936040044493886, 32.938820912124584, 32.93993325917686, 32.93993325917686, 32.940489432703004, 32.939377085650726, 32.937152391546164, 32.938820912124584, 32.937152391546164, 32.935483870967744, 32.93826473859844, 32.939377085650726, 32.94327030033371]",0.7399334538759402,0.7061611984902939,33,"[33, 33, 33, 33, 33, 33, 33, 33, 33, 33, 33, 33, 33, 33, 33, 33, 33, 33, 33, 33, 33, 33, 33, 33, 33, 33, 33, 33, 33, 33, 33, 33, 33, 33, 33, 33, 33, 33, 33, 33, 33, 33, 33, 33, 33, 33, 33, 33, 33, 33, 33, 33, 33, 33, 33, 33, 33, 33, 33, 33, 33, 33, 33, 33, 33, 33, 33, 33, 33, 33, 33, 33, 33, 33, 33, 33, 33, 33, 33, 33, 33, 33, 33, 33, 33, 33, 33, 33, 33, 33, 33, 33, 33, 33, 33, 33, 33, 33, 33, 33, 33, 33, 33, 33, 33, 33, 33, 33, 33, 33, 33, 33, 33, 33, 33, 33, 33, 33, 33, 33, 33, 33, 33, 33, 33, 33, 33, 33, 33, 33, 33, 33, 33, 33, 33, 33, 33, 33, 33, 33, 33, 33, 33, 33, 33, 33, 33, 33, 33, 33, 33, 33, 33, 33, 33, 33, 33, 33, 33, 33, 33, 33, 33, 33, 33, 33, 33, 33, 33, 33, 33, 33, 33, 33, 33, 33, 33, 33, 33, 33, 33, 33, 33, 33, 33, 33, 33, 33, 33, 33, 33, 33, 33, 33, 33]",195,"[0.4610748291015625, 0.44238030910491943, 0.4302061200141907, 0.42223939299583435, 0.41755858063697815, 0.414150595664978, 0.41149041056632996, 0.4093363285064697, 0.40777888894081116, 0.4063502550125122, 0.4052128493785858, 0.4042859375476837, 0.40353840589523315, 0.4027893543243408, 0.4021092355251312, 0.40152785181999207, 0.4009210467338562, 0.4004049301147461, 0.3997497260570526, 0.3992220163345337, 0.3986190855503082, 0.3980024456977844, 0.3974872827529907, 0.3970481753349304, 0.3965604901313782, 0.3960628807544708, 0.3955913782119751, 0.3950764834880829, 0.3946525454521179, 0.39423075318336487, 0.393675833940506, 0.39332401752471924, 0.3929460048675537, 0.39253512024879456, 0.3921123743057251, 0.39168819785118103, 0.3912661373615265, 0.3908243179321289, 0.39043328166007996, 0.39008089900016785, 0.3897453546524048, 0.38940390944480896, 0.3890446126461029, 0.3886736333370209, 0.3883887231349945, 0.3880910873413086, 0.3877812623977661, 0.38744744658470154, 0.3871751129627228, 0.3868429958820343, 0.38650619983673096, 0.386219322681427, 0.3858669698238373, 0.3856300413608551, 0.3853435814380646, 0.3850386142730713, 0.38473227620124817, 0.3845005929470062, 0.38425812125205994, 0.38395100831985474, 0.38372212648391724, 0.38340407609939575, 0.38313713669776917, 0.38290709257125854, 0.3826758861541748, 0.3824867010116577, 0.3822454512119293, 0.38200056552886963, 0.38187944889068604, 0.3816777765750885, 0.3813725411891937, 0.3810630142688751, 0.38081368803977966, 0.38067618012428284, 0.38044825196266174, 0.3802793025970459, 0.38009703159332275, 0.3798889219760895, 0.37970656156539917, 0.37951910495758057, 0.3793708086013794, 0.37921401858329773, 0.3790398836135864, 0.3788127899169922, 0.3787042498588562, 0.3785194158554077, 0.37830233573913574, 0.37814417481422424, 0.37794482707977295, 0.3777424991130829, 0.37760022282600403, 0.3774416744709015, 0.3772657513618469, 0.377078652381897, 0.37688690423965454, 0.376742959022522, 0.37661969661712646, 0.376514732837677, 0.3763410151004791, 0.37620848417282104, 0.3760620057582855, 0.3759113550186157, 0.37569940090179443, 0.3755200505256653, 0.3753868341445923, 0.3752557337284088, 0.3751240670681, 0.3750009834766388, 0.3748546838760376, 0.37471169233322144, 0.3746051788330078, 0.37451353669166565, 0.37432238459587097, 0.3741995692253113, 0.37398746609687805, 0.37382012605667114, 0.37372085452079773, 0.37361371517181396, 0.37351590394973755, 0.3734329342842102, 0.3733300268650055, 0.37318098545074463, 0.37307244539260864, 0.37300726771354675, 0.37289324402809143, 0.37284615635871887, 0.3726574182510376, 0.3724473714828491, 0.37232089042663574, 0.37218230962753296, 0.37203919887542725, 0.3719896078109741, 0.3718664050102234, 0.37177395820617676, 0.3716553747653961, 0.37155991792678833, 0.37147361040115356, 0.3713429570198059, 0.3712039887905121, 0.3711649179458618, 0.37105509638786316, 0.3710217773914337, 0.37088680267333984, 0.3708956241607666, 0.3708212971687317, 0.37064647674560547, 0.3706759512424469, 0.3706829845905304, 0.3705012798309326, 0.37033185362815857, 0.37014222145080566, 0.3700113296508789, 0.36986368894577026, 0.36973798274993896, 0.3696979582309723, 0.3695980906486511, 0.3694798946380615, 0.36950042843818665, 0.3694405257701874, 0.3693402409553528, 0.3692345917224884, 0.3690735995769501, 0.36892715096473694, 0.36887669563293457, 0.36884835362434387, 0.36868980526924133, 0.3685145080089569, 0.3683372139930725, 0.36825478076934814, 0.36811959743499756, 0.3679317533969879, 0.3677898645401001, 0.36778849363327026, 0.36780837178230286, 0.36768072843551636, 0.36761361360549927, 0.36750054359436035, 0.3674047589302063, 0.36730653047561646, 0.36724454164505005, 0.367173433303833, 0.3670526444911957, 0.36700907349586487, 0.3668765723705292, 0.3668067455291748, 0.3666634261608124, 0.3665998876094818, 0.3664816915988922, 0.3663909435272217, 0.36630284786224365, 0.3661998510360718, 0.36613523960113525, 0.3660929799079895, 0.3660350739955902, 0.3659270405769348]",33.0,"[33.0, 33.0, 33.0, 33.0, 33.0, 33.0, 33.0, 33.0, 33.0, 33.0, 33.0, 33.0, 33.0, 33.0, 33.0, 33.0, 33.0, 33.0, 33.0, 33.0, 33.0, 33.0, 33.0, 33.0, 33.0, 33.0, 33.0, 33.0, 33.0, 33.0, 33.0, 33.0, 33.0, 33.0, 33.0, 33.0, 33.0, 33.0, 33.0, 33.0, 33.0, 33.0, 33.0, 33.0, 33.0, 33.0, 33.0, 33.0, 33.0, 33.0, 33.0, 33.0, 33.0, 33.0, 33.0, 33.0, 33.0, 33.0, 33.0, 33.0, 33.0, 33.0, 33.0, 33.0, 33.0, 33.0, 33.0, 33.0, 33.0, 33.0, 33.0, 33.0, 33.0, 33.0, 33.0, 33.0, 33.0, 33.0, 33.0, 33.0, 33.0, 33.0, 33.0, 33.0, 33.0, 33.0, 33.0, 33.0, 33.0, 33.0, 33.0, 33.0, 33.0, 33.0, 33.0, 33.0, 33.0, 33.0, 33.0, 33.0, 33.0, 33.0, 33.0, 33.0, 33.0, 33.0, 33.0, 33.0, 33.0, 33.0, 33.0, 33.0, 33.0, 33.0, 33.0, 33.0, 33.0, 33.0, 33.0, 33.0, 33.0, 33.0, 33.0, 33.0, 33.0, 33.0, 33.0, 33.0, 33.0, 33.0, 33.0, 33.0, 33.0, 33.0, 33.0, 33.0, 33.0, 33.0, 33.0, 33.0, 33.0, 33.0, 33.0, 33.0, 33.0, 33.0, 33.0, 33.0, 33.0, 33.0, 33.0, 33.0, 33.0, 33.0, 33.0, 33.0, 33.0, 33.0, 33.0, 33.0, 33.0, 33.0, 33.0, 33.0, 33.0, 33.0, 33.0, 33.0, 33.0, 33.0, 33.0, 33.0, 33.0, 33.0, 33.0, 33.0, 33.0, 33.0, 33.0, 33.0, 33.0, 33.0, 33.0, 33.0, 33.0, 33.0, 33.0, 33.0, 33.0, 33.0, 33.0, 33.0, 33.0, 33.0, 33.0]",COMPLETE
