,number,value,datetime_start,datetime_complete,duration,params_batch_size_scaler,params_constant_learning_rate,params_depth,params_epochs,params_kernel_l2,params_num_trees,params_temperature,user_attrs_accuracy_test,user_attrs_accuracy_valid,user_attrs_approximate_feature_sparsity,user_attrs_approximate_feature_sparsity_history,user_attrs_approximate_weight_sparsity,user_attrs_approximate_weight_sparsity_history,user_attrs_auc_test,user_attrs_auc_valid,user_attrs_feature_sparsity,user_attrs_feature_sparsity_history,user_attrs_num_epochs,user_attrs_val_loss_history,user_attrs_weight_sparsity,user_attrs_weight_sparsity_history,state
133,133,0.8098182427123186,2024-08-31 06:12:37.141829,2024-08-31 06:22:17.265614,0 days 00:09:40.123785,16,0.07582763270270201,6,480,0.038675337273217196,100,0.0005097010181010927,0.876,0.875,33,"[33, 33, 33, 33, 33, 33, 33, 33, 33, 33, 33, 33, 33, 33, 33, 33, 33, 33, 33, 33, 33, 33, 33, 33, 33, 33, 33, 33, 33, 33, 33, 33, 33, 33, 33, 33, 33, 33, 33, 33, 33, 33, 33, 33, 33, 33, 33, 33, 33, 33, 33, 33, 33, 33, 33, 33, 33, 33, 33, 33, 33, 33, 33, 33, 33, 33, 33, 33, 33, 33, 33, 33, 33, 33, 33, 33, 33, 33, 33, 33, 33, 33, 33, 33, 33, 33, 33, 33, 33, 33, 33, 33, 33, 33, 33, 33, 33, 33, 33, 33, 33, 33, 33, 33, 33, 33, 33, 33, 33, 33, 33, 33, 33, 33, 33, 33, 33, 33, 33, 33, 33, 33, 33, 33, 33, 33, 33, 33, 33, 33, 33, 33, 33, 33, 33, 33, 33, 33, 33, 33, 33, 33, 33, 33, 33, 33, 33, 33, 33, 33, 33, 33, 33, 33, 33, 33, 33, 33, 33, 33, 33, 33, 33, 33, 33, 33, 33, 33, 33, 33, 33, 33, 33, 33, 33, 33, 33, 33, 33, 33, 33, 33, 33, 33, 33, 33, 33, 33, 33, 33, 33, 33, 33, 33, 33, 33, 33, 33, 33, 33, 33, 33, 33, 33, 33, 33, 33, 33, 33, 33, 33, 33, 33, 33, 33, 33, 33, 33, 33, 33, 33, 33, 33, 33, 33, 33, 33, 33, 33, 33, 33, 33, 33, 33, 33, 33, 33, 33, 33, 33, 33, 33, 33, 33, 33, 33, 33, 33, 33, 33, 33, 33, 33, 33, 33, 33, 33, 33, 33, 33, 33, 33, 33, 33, 33, 33, 33, 33, 33, 33, 33, 33, 33, 33, 33, 33, 33, 33, 33, 33, 33, 33, 33, 33, 33, 33, 33, 33, 33, 33, 33, 33, 33, 33, 33, 33, 33, 33, 33, 33, 33, 33, 33, 33, 33, 33, 33, 33, 33, 33, 33, 33, 33, 33, 33, 33, 33, 33, 33, 33, 33, 33, 33, 33, 33, 33, 33, 33, 33, 33, 33, 33, 33, 33, 33, 33, 33, 33, 33, 33, 33, 33, 33, 33, 33, 33, 33, 33, 33, 33, 33, 33, 33, 33, 33, 33, 33, 33, 33, 33, 33, 33, 33, 33, 33, 33, 33, 33, 33, 33, 33, 33, 33, 33, 33, 33, 33, 33, 33, 33, 33, 33, 33, 33, 33, 33, 33, 33, 33, 33, 33, 33, 33, 33, 33, 33, 33, 33, 33, 33, 33, 33, 33, 33, 33, 33, 33, 33, 33, 33, 33, 33, 33, 33, 33, 33, 33, 33, 33, 33, 33, 33, 33, 33, 33, 33, 33, 33, 33, 33, 33, 33, 33, 33, 33, 33, 33, 33, 33, 33, 33, 33, 33, 33, 33, 33, 33, 33, 33, 33, 33, 33, 33, 33, 33, 33, 33, 33, 33, 33, 33, 33, 33, 33, 33, 33, 33, 33, 33, 33, 33, 33, 33, 33, 33, 33, 33, 33, 33, 33]",32.8931746031746,"[32.89253968253968, 32.89365079365079, 32.89539682539683, 32.8968253968254, 32.8947619047619, 32.89380952380952, 32.9, 32.89492063492063, 32.894285714285715, 32.89206349206349, 32.89031746031746, 32.89015873015873, 32.89079365079365, 32.8952380952381, 32.89968253968254, 32.89698412698413, 32.89650793650794, 32.89666666666666, 32.89222222222222, 32.88984126984127, 32.896031746031746, 32.89873015873016, 32.89492063492064, 32.89698412698413, 32.89539682539682, 32.89904761904762, 32.89555555555555, 32.894126984126984, 32.89206349206349, 32.894444444444446, 32.894126984126984, 32.894285714285715, 32.89317460317461, 32.89380952380953, 32.89492063492063, 32.8947619047619, 32.894444444444446, 32.89301587301587, 32.8984126984127, 32.897301587301584, 32.897619047619045, 32.90126984126984, 32.90047619047619, 32.89793650793651, 32.89888888888889, 32.89492063492064, 32.892857142857146, 32.89365079365079, 32.89539682539683, 32.8947619047619, 32.89888888888889, 32.89476190476191, 32.89222222222222, 32.89476190476191, 32.892857142857146, 32.890952380952385, 32.89174603174604, 32.889047619047616, 32.89111111111111, 32.892857142857146, 32.89333333333333, 32.89222222222222, 32.89015873015873, 32.88761904761905, 32.888412698412694, 32.88920634920635, 32.89126984126984, 32.887301587301586, 32.88984126984127, 32.888571428571424, 32.886825396825394, 32.890317460317455, 32.889047619047616, 32.88761904761905, 32.88444444444445, 32.88920634920635, 32.89126984126984, 32.89174603174603, 32.89285714285714, 32.89126984126984, 32.892222222222216, 32.89317460317461, 32.892380952380954, 32.892380952380954, 32.89126984126984, 32.89333333333333, 32.89206349206349, 32.89301587301588, 32.89365079365079, 32.89349206349206, 32.89349206349207, 32.89507936507936, 32.89365079365079, 32.894285714285715, 32.892698412698415, 32.896190476190476, 32.895873015873015, 32.894603174603176, 32.89317460317461, 32.89142857142857, 32.89095238095238, 32.89222222222222, 32.89174603174603, 32.89222222222222, 32.89222222222222, 32.892857142857146, 32.891111111111115, 32.890793650793654, 32.89015873015873, 32.89126984126984, 32.892857142857146, 32.89365079365079, 32.892857142857146, 32.894285714285715, 32.89222222222222, 32.892539682539685, 32.892380952380954, 32.89301587301587, 32.89492063492064, 32.89698412698413, 32.89539682539682, 32.89476190476191, 32.8947619047619, 32.894285714285715, 32.89539682539682, 32.895714285714284, 32.896031746031746, 32.895714285714284, 32.89555555555555, 32.896190476190476, 32.89666666666667, 32.895873015873015, 32.89793650793651, 32.897619047619045, 32.89555555555555, 32.8963492063492, 32.8984126984127, 32.89714285714285, 32.89507936507937, 32.89253968253968, 32.8931746031746, 32.8931746031746, 32.8952380952381, 32.894126984126984, 32.89476190476191, 32.894444444444446, 32.89301587301588, 32.89317460317461, 32.89317460317461, 32.89333333333333, 32.89206349206349, 32.89206349206349, 32.89047619047619, 32.89031746031746, 32.88857142857143, 32.88777777777778, 32.88761904761905, 32.88968253968254, 32.89079365079365, 32.89015873015873, 32.89095238095238, 32.88761904761905, 32.889047619047616, 32.889047619047616, 32.88825396825397, 32.887142857142855, 32.889047619047616, 32.88857142857143, 32.89063492063492, 32.890793650793654, 32.89063492063492, 32.89079365079365, 32.89190476190476, 32.89222222222222, 32.8915873015873, 32.89222222222222, 32.8931746031746, 32.895714285714284, 32.895714285714284, 32.89555555555555, 32.89523809523809, 32.89714285714285, 32.895714285714284, 32.89476190476191, 32.89238095238095, 32.89190476190476, 32.892063492063485, 32.888571428571424, 32.889047619047616, 32.88793650793651, 32.88619047619048, 32.886825396825394, 32.88714285714286, 32.88857142857143, 32.889047619047616, 32.88746031746032, 32.88984126984127, 32.89111111111111, 32.88984126984127, 32.88698412698413, 32.88666666666667, 32.889206349206354, 32.890952380952385, 32.89047619047619, 32.890158730158724, 32.89047619047619, 32.89063492063492, 32.88825396825397, 32.888412698412694, 32.887301587301586, 32.88619047619047, 32.88746031746032, 32.88587301587302, 32.88603174603175, 32.8863492063492, 32.88650793650793, 32.88666666666666, 32.88650793650793, 32.887301587301586, 32.888888888888886, 32.88809523809524, 32.89, 32.89, 32.88761904761905, 32.8863492063492, 32.88968253968254, 32.88984126984127, 32.890476190476186, 32.892222222222216, 32.88968253968254, 32.888730158730155, 32.887301587301586, 32.888571428571424, 32.88603174603175, 32.88619047619047, 32.88650793650793, 32.887142857142855, 32.88587301587302, 32.88492063492063, 32.885714285714286, 32.88619047619048, 32.885238095238094, 32.88412698412698, 32.88253968253968, 32.88206349206349, 32.881746031746026, 32.88349206349206, 32.884126984126986, 32.88285714285714, 32.88603174603175, 32.88746031746032, 32.887301587301586, 32.88825396825397, 32.88857142857143, 32.88920634920635, 32.88746031746032, 32.88857142857143, 32.88809523809524, 32.88793650793651, 32.885714285714286, 32.886984126984125, 32.88619047619048, 32.885238095238094, 32.886825396825394, 32.88857142857143, 32.88984126984127, 32.890476190476186, 32.890793650793654, 32.89079365079365, 32.88936507936508, 32.888888888888886, 32.8884126984127, 32.88793650793651, 32.88777777777778, 32.887301587301586, 32.888888888888886, 32.89, 32.88952380952381, 32.88936507936508, 32.889047619047616, 32.88984126984127, 32.89253968253968, 32.89365079365079, 32.89634920634921, 32.896031746031746, 32.89650793650794, 32.894126984126984, 32.895714285714284, 32.89507936507937, 32.8931746031746, 32.891904761904755, 32.89158730158731, 32.89269841269841, 32.8931746031746, 32.894126984126984, 32.894603174603176, 32.894126984126984, 32.89333333333333, 32.894285714285715, 32.89523809523809, 32.89460317460317, 32.89492063492063, 32.89555555555555, 32.89507936507936, 32.89507936507936, 32.895714285714284, 32.8931746031746, 32.89190476190476, 32.8915873015873, 32.89095238095238, 32.89142857142857, 32.89269841269841, 32.892063492063485, 32.89349206349206, 32.895714285714284, 32.897777777777776, 32.89666666666667, 32.8968253968254, 32.89952380952381, 32.90079365079365, 32.89968253968254, 32.90047619047619, 32.901269841269844, 32.9, 32.89888888888889, 32.89714285714286, 32.89492063492064, 32.894444444444446, 32.89380952380952, 32.894603174603176, 32.894126984126984, 32.892857142857146, 32.8931746031746, 32.894603174603176, 32.896031746031746, 32.8968253968254, 32.89825396825397, 32.89825396825397, 32.89809523809524, 32.89809523809524, 32.89904761904762, 32.899365079365076, 32.89825396825397, 32.89714285714286, 32.89666666666667, 32.89714285714286, 32.896190476190476, 32.89650793650794, 32.895873015873015, 32.89555555555555, 32.89634920634921, 32.89539682539682, 32.89492063492063, 32.892857142857146, 32.894285714285715, 32.894603174603176, 32.895714285714284, 32.892539682539685, 32.89222222222222, 32.89079365079365, 32.89126984126984, 32.89079365079365, 32.89, 32.89031746031746, 32.892698412698415, 32.892698412698415, 32.89174603174603, 32.89142857142857, 32.89095238095238, 32.89079365079365, 32.89222222222222, 32.894126984126984, 32.894126984126984, 32.89365079365079, 32.89333333333333, 32.89365079365079, 32.89380952380952, 32.89349206349206, 32.894444444444446, 32.894444444444446, 32.892380952380954, 32.892698412698415, 32.89190476190476, 32.89222222222222, 32.89126984126984, 32.89126984126984, 32.89111111111111, 32.8931746031746, 32.8947619047619, 32.894126984126984, 32.893968253968254, 32.89412698412698, 32.893968253968254, 32.8947619047619, 32.894603174603176, 32.893968253968254, 32.892222222222216, 32.89190476190476, 32.89158730158731, 32.892539682539685, 32.89190476190476, 32.89158730158731, 32.89190476190476, 32.891111111111115, 32.88968253968254, 32.8915873015873, 32.89206349206349, 32.8915873015873, 32.89206349206349, 32.88984126984127, 32.8915873015873, 32.89190476190476, 32.89349206349206, 32.89349206349206, 32.89380952380952, 32.89476190476191, 32.89492063492064, 32.895873015873015, 32.893968253968254, 32.89222222222222, 32.8931746031746, 32.89285714285714, 32.89269841269841, 32.896031746031746, 32.897619047619045, 32.89507936507936, 32.89460317460317, 32.89539682539682, 32.896031746031746, 32.896031746031746, 32.89650793650794, 32.894285714285715, 32.896190476190476, 32.89523809523809, 32.89539682539682, 32.896190476190476, 32.89507936507936, 32.89634920634921, 32.8952380952381, 32.89365079365079, 32.893968253968254, 32.89539682539682, 32.89698412698413, 32.89349206349207, 32.894444444444446, 32.895714285714284, 32.897777777777776, 32.89793650793651, 32.89698412698413, 32.896190476190476, 32.89539682539682, 32.894126984126984, 32.892380952380954, 32.89349206349206, 32.8931746031746, 32.893968253968254, 32.89349206349206, 32.89380952380952, 32.894285714285715, 32.89285714285714, 32.89285714285714, 32.892698412698415, 32.894285714285715, 32.896031746031746, 32.89539682539682, 32.89365079365079, 32.894126984126984, 32.89190476190476, 32.89206349206349, 32.89333333333333, 32.8931746031746, 32.89365079365079, 32.894444444444446, 32.8947619047619, 32.89476190476191, 32.894603174603176, 32.89365079365079, 32.892857142857146, 32.89333333333333, 32.8931746031746]",0.828078171054913,0.8098182427123186,33,"[33, 33, 33, 33, 33, 33, 33, 33, 33, 33, 33, 33, 33, 33, 33, 33, 33, 33, 33, 33, 33, 33, 33, 33, 33, 33, 33, 33, 33, 33, 33, 33, 33, 33, 33, 33, 33, 33, 33, 33, 33, 33, 33, 33, 33, 33, 33, 33, 33, 33, 33, 33, 33, 33, 33, 33, 33, 33, 33, 33, 33, 33, 33, 33, 33, 33, 33, 33, 33, 33, 33, 33, 33, 33, 33, 33, 33, 33, 33, 33, 33, 33, 33, 33, 33, 33, 33, 33, 33, 33, 33, 33, 33, 33, 33, 33, 33, 33, 33, 33, 33, 33, 33, 33, 33, 33, 33, 33, 33, 33, 33, 33, 33, 33, 33, 33, 33, 33, 33, 33, 33, 33, 33, 33, 33, 33, 33, 33, 33, 33, 33, 33, 33, 33, 33, 33, 33, 33, 33, 33, 33, 33, 33, 33, 33, 33, 33, 33, 33, 33, 33, 33, 33, 33, 33, 33, 33, 33, 33, 33, 33, 33, 33, 33, 33, 33, 33, 33, 33, 33, 33, 33, 33, 33, 33, 33, 33, 33, 33, 33, 33, 33, 33, 33, 33, 33, 33, 33, 33, 33, 33, 33, 33, 33, 33, 33, 33, 33, 33, 33, 33, 33, 33, 33, 33, 33, 33, 33, 33, 33, 33, 33, 33, 33, 33, 33, 33, 33, 33, 33, 33, 33, 33, 33, 33, 33, 33, 33, 33, 33, 33, 33, 33, 33, 33, 33, 33, 33, 33, 33, 33, 33, 33, 33, 33, 33, 33, 33, 33, 33, 33, 33, 33, 33, 33, 33, 33, 33, 33, 33, 33, 33, 33, 33, 33, 33, 33, 33, 33, 33, 33, 33, 33, 33, 33, 33, 33, 33, 33, 33, 33, 33, 33, 33, 33, 33, 33, 33, 33, 33, 33, 33, 33, 33, 33, 33, 33, 33, 33, 33, 33, 33, 33, 33, 33, 33, 33, 33, 33, 33, 33, 33, 33, 33, 33, 33, 33, 33, 33, 33, 33, 33, 33, 33, 33, 33, 33, 33, 33, 33, 33, 33, 33, 33, 33, 33, 33, 33, 33, 33, 33, 33, 33, 33, 33, 33, 33, 33, 33, 33, 33, 33, 33, 33, 33, 33, 33, 33, 33, 33, 33, 33, 33, 33, 33, 33, 33, 33, 33, 33, 33, 33, 33, 33, 33, 33, 33, 33, 33, 33, 33, 33, 33, 33, 33, 33, 33, 33, 33, 33, 33, 33, 33, 33, 33, 33, 33, 33, 33, 33, 33, 33, 33, 33, 33, 33, 33, 33, 33, 33, 33, 33, 33, 33, 33, 33, 33, 33, 33, 33, 33, 33, 33, 33, 33, 33, 33, 33, 33, 33, 33, 33, 33, 33, 33, 33, 33, 33, 33, 33, 33, 33, 33, 33, 33, 33, 33, 33, 33, 33, 33, 33, 33, 33, 33, 33, 33, 33, 33, 33, 33, 33, 33, 33, 33, 33, 33, 33, 33, 33, 33, 33, 33, 33, 33, 33, 33, 33, 33, 33]",480,"[0.49011534452438354, 0.4303729236125946, 0.4111291170120239, 0.40447789430618286, 0.4012329578399658, 0.39912644028663635, 0.3976614475250244, 0.3965415954589844, 0.39547908306121826, 0.3945753872394562, 0.39366480708122253, 0.3928152322769165, 0.3920026123523712, 0.39124786853790283, 0.39051759243011475, 0.38982802629470825, 0.389114648103714, 0.38844433426856995, 0.38775894045829773, 0.3871077597141266, 0.3865080773830414, 0.3859035074710846, 0.3853297829627991, 0.3847830295562744, 0.38427117466926575, 0.3837345540523529, 0.3832075893878937, 0.3827330768108368, 0.3822781443595886, 0.3818172514438629, 0.3813486099243164, 0.38091808557510376, 0.380468487739563, 0.38005733489990234, 0.3796776235103607, 0.37926265597343445, 0.378886878490448, 0.3785091042518616, 0.37816473841667175, 0.37781909108161926, 0.37744954228401184, 0.3770885467529297, 0.3767731487751007, 0.3764475882053375, 0.37616291642189026, 0.3758329451084137, 0.3755725920200348, 0.3752807378768921, 0.37503403425216675, 0.3747560977935791, 0.37444907426834106, 0.3741954565048218, 0.37392669916152954, 0.3736693263053894, 0.3734258711338043, 0.37318941950798035, 0.3729588985443115, 0.3727424144744873, 0.37252530455589294, 0.3722870647907257, 0.37200653553009033, 0.3718520700931549, 0.37160709500312805, 0.3714046776294708, 0.3712007999420166, 0.37100985646247864, 0.3707819879055023, 0.37062305212020874, 0.370391845703125, 0.3701747953891754, 0.36998119950294495, 0.36980751156806946, 0.369623064994812, 0.369475781917572, 0.3692951500415802, 0.36911967396736145, 0.3689780533313751, 0.3687743842601776, 0.36858803033828735, 0.36843016743659973, 0.36825457215309143, 0.36805564165115356, 0.3679148554801941, 0.36777281761169434, 0.36757659912109375, 0.36740735173225403, 0.36725157499313354, 0.3670876622200012, 0.36697036027908325, 0.36675724387168884, 0.36660653352737427, 0.36644214391708374, 0.36627399921417236, 0.3661634027957916, 0.3660060465335846, 0.36590203642845154, 0.3657568395137787, 0.3655910789966583, 0.365425705909729, 0.36525779962539673, 0.36511075496673584, 0.36499306559562683, 0.3648430109024048, 0.3646826148033142, 0.36450836062431335, 0.36439278721809387, 0.36424461007118225, 0.36410221457481384, 0.3640075623989105, 0.3638509511947632, 0.3636864125728607, 0.36352893710136414, 0.36338189244270325, 0.3632274866104126, 0.363081157207489, 0.36290520429611206, 0.3627992868423462, 0.362631231546402, 0.3625437617301941, 0.36242032051086426, 0.3622533082962036, 0.3621124029159546, 0.36199432611465454, 0.36187389492988586, 0.361750990152359, 0.3616340756416321, 0.361484169960022, 0.36131325364112854, 0.36116310954093933, 0.3610478937625885, 0.36087432503700256, 0.36070770025253296, 0.3605685532093048, 0.3604540228843689, 0.36031869053840637, 0.36017394065856934, 0.3600534498691559, 0.359892338514328, 0.35973671078681946, 0.3596271276473999, 0.359527051448822, 0.35936886072158813, 0.35923030972480774, 0.3590889275074005, 0.35895025730133057, 0.3588206171989441, 0.3586965501308441, 0.35856056213378906, 0.35842394828796387, 0.3582978844642639, 0.35817715525627136, 0.35805413126945496, 0.35792863368988037, 0.35783621668815613, 0.3577210605144501, 0.35763171315193176, 0.35745769739151, 0.3573039174079895, 0.35715797543525696, 0.3570386469364166, 0.3568941056728363, 0.3567395806312561, 0.3566095232963562, 0.35649970173835754, 0.3563542068004608, 0.35619595646858215, 0.356088250875473, 0.3559958338737488, 0.3558368682861328, 0.35571369528770447, 0.3555768132209778, 0.3554874062538147, 0.3553449511528015, 0.35520416498184204, 0.35507628321647644, 0.35492628812789917, 0.3547927141189575, 0.35466399788856506, 0.3545524477958679, 0.354410320520401, 0.35434412956237793, 0.35419705510139465, 0.35411375761032104, 0.3540014922618866, 0.3538488745689392, 0.35369768738746643, 0.3536050021648407, 0.35346949100494385, 0.3533625900745392, 0.35322076082229614, 0.3531128168106079, 0.3529655933380127, 0.35284507274627686, 0.3527444005012512, 0.3526376783847809, 0.35254231095314026, 0.3523838520050049, 0.3522684574127197, 0.3521127700805664, 0.3520128130912781, 0.351884663105011, 0.3517490029335022, 0.35162559151649475, 0.35150429606437683, 0.3513495624065399, 0.3512133061885834, 0.35106316208839417, 0.35095080733299255, 0.3508217930793762, 0.35071563720703125, 0.35056930780410767, 0.3504120111465454, 0.35035809874534607, 0.3502151370048523, 0.3500881493091583, 0.3499535322189331, 0.34990566968917847, 0.34974345564842224, 0.34967750310897827, 0.3495160937309265, 0.34944939613342285, 0.3493036925792694, 0.34916943311691284, 0.3490462601184845, 0.3489135503768921, 0.34875404834747314, 0.3486492931842804, 0.3485138714313507, 0.34839966893196106, 0.34826308488845825, 0.3481917977333069, 0.34808850288391113, 0.34798771142959595, 0.3477901518344879, 0.3477252125740051, 0.3475966155529022, 0.3474697172641754, 0.34730789065361023, 0.3471600413322449, 0.34703895449638367, 0.34690025448799133, 0.34678635001182556, 0.34667110443115234, 0.34652820229530334, 0.34637531638145447, 0.34623849391937256, 0.34610703587532043, 0.34599921107292175, 0.3459027111530304, 0.34579387307167053, 0.3456784784793854, 0.3455601930618286, 0.34538742899894714, 0.3452916741371155, 0.34516826272010803, 0.34505271911621094, 0.3449357748031616, 0.34481120109558105, 0.34469085931777954, 0.34456849098205566, 0.3444802463054657, 0.34431660175323486, 0.34424450993537903, 0.3441599905490875, 0.34404292702674866, 0.3439190685749054, 0.34380286931991577, 0.3436213433742523, 0.34359267354011536, 0.34349873661994934, 0.34333527088165283, 0.343257337808609, 0.34317198395729065, 0.3430081903934479, 0.3428807556629181, 0.34278595447540283, 0.3426469564437866, 0.3425810933113098, 0.34256550669670105, 0.34241047501564026, 0.34225597977638245, 0.342090368270874, 0.3419780731201172, 0.34185922145843506, 0.34173882007598877, 0.34163010120391846, 0.3415552079677582, 0.341391384601593, 0.3412676751613617, 0.3411250412464142, 0.3410099446773529, 0.34085819125175476, 0.3407382667064667, 0.3406037390232086, 0.34048500657081604, 0.3404045104980469, 0.34030550718307495, 0.3401815891265869, 0.3400866389274597, 0.33996808528900146, 0.3397849202156067, 0.3396362364292145, 0.3395812213420868, 0.33942630887031555, 0.33929091691970825, 0.3391803801059723, 0.3390148878097534, 0.3389822244644165, 0.3388776481151581, 0.33882349729537964, 0.33872154355049133, 0.33855247497558594, 0.3383987545967102, 0.33828556537628174, 0.33820807933807373, 0.3380822241306305, 0.33794549107551575, 0.3378090560436249, 0.3376907408237457, 0.3375661373138428, 0.3374539315700531, 0.3373619019985199, 0.3372226357460022, 0.3371158838272095, 0.3369885981082916, 0.33687320351600647, 0.3367910087108612, 0.3366975784301758, 0.33664563298225403, 0.33648261427879333, 0.3363141119480133, 0.33627864718437195, 0.3361775875091553, 0.3360225558280945, 0.33586952090263367, 0.3357602059841156, 0.33561962842941284, 0.33549895882606506, 0.3354405462741852, 0.33533841371536255, 0.3352360129356384, 0.3351208567619324, 0.33503806591033936, 0.3348987102508545, 0.3348027765750885, 0.3346552550792694, 0.3345009982585907, 0.3344094157218933, 0.3343147933483124, 0.33418238162994385, 0.33402979373931885, 0.33390575647354126, 0.333811491727829, 0.33370670676231384, 0.33357512950897217, 0.3334551751613617, 0.33334940671920776, 0.33322757482528687, 0.3331354260444641, 0.33305153250694275, 0.3329136371612549, 0.3327403962612152, 0.3326396048069, 0.3325188457965851, 0.3324163854122162, 0.33231475949287415, 0.33219894766807556, 0.33207598328590393, 0.33196091651916504, 0.33183807134628296, 0.3317129909992218, 0.33161696791648865, 0.33150172233581543, 0.3313846290111542, 0.33124831318855286, 0.33112141489982605, 0.3310101628303528, 0.33087825775146484, 0.33078593015670776, 0.3306443393230438, 0.3305213153362274, 0.3304060995578766, 0.3303073048591614, 0.33018505573272705, 0.330072820186615, 0.329955518245697, 0.32983702421188354, 0.3297061622142792, 0.3296287953853607, 0.3294770419597626, 0.3293595016002655, 0.32927653193473816, 0.32914677262306213, 0.32905423641204834, 0.3289196491241455, 0.3288465440273285, 0.32864865660