,number,value,datetime_start,datetime_complete,duration,params_batch_size_scaler,params_constant_learning_rate,params_depth,params_epochs,params_kernel_l2,params_num_trees,params_temperature,user_attrs_accuracy_test,user_attrs_accuracy_valid,user_attrs_approximate_feature_sparsity,user_attrs_approximate_feature_sparsity_history,user_attrs_approximate_weight_sparsity,user_attrs_approximate_weight_sparsity_history,user_attrs_auc_test,user_attrs_auc_valid,user_attrs_feature_sparsity,user_attrs_feature_sparsity_history,user_attrs_num_epochs,user_attrs_val_loss_history,user_attrs_weight_sparsity,user_attrs_weight_sparsity_history,state
35,35,0.5,2024-08-31 02:23:10.525461,2024-08-31 02:23:33.804930,0 days 00:00:23.279469,16,3.337097103775386,1,250,0.651237435149585,96,0.00025309308495745716,0.859,0.85875,5,"[33, 33, 29, 27, 27, 27, 24, 24, 21, 24, 25, 22, 24, 20, 18, 17, 17, 16, 15, 17, 14, 15, 9, 12, 13, 11, 12, 13, 7, 11, 10, 12, 8, 8, 9, 12, 7, 13, 8, 9, 6, 9, 7, 11, 11, 8, 8, 8, 11, 9, 10, 9, 8, 6, 7, 7, 11, 10, 7, 5, 6, 12, 9, 7, 6, 9, 6, 8, 6, 6, 5, 6, 6, 6, 6, 8, 8, 7, 5, 7, 6, 8, 7, 6, 6, 4, 7, 7, 8, 2, 3, 2, 3, 3, 1, 1, 7, 5, 6, 5, 3, 5, 3, 3, 4, 2, 3, 2, 1, 3, 3, 2, 3, 4, 3, 3, 3, 2, 5, 5, 3, 4, 3, 3, 6, 2, 2, 3, 2, 3, 3, 3, 4, 3, 2, 2, 2, 4, 2, 5, 2, 1, 3, 5, 1, 2, 2, 2, 1, 4, 6, 2, 4, 2, 3, 3, 1, 1, 1, 2, 3, 2, 3, 6, 2, 2, 4, 3, 3, 2, 0, 1, 2, 0, 2, 3, 4, 0, 2, 2, 2, 3, 3, 4, 1, 2, 3, 4, 4, 6, 2, 3, 2, 4, 2, 2, 4, 2, 1, 1, 1, 3, 2, 1, 2, 2, 2, 4, 2, 1, 0, 3, 8, 3, 2, 1, 4, 1, 2, 2, 0, 2, 1, 4, 4, 3, 4, 3, 2, 1, 1, 2, 1, 1, 0, 2, 3, 2, 2, 1, 2, 2, 2, 2, 2, 3, 3, 3, 4, 5]",5.0,"[33.0, 32.989583333333336, 28.96875, 27.0, 27.0, 26.989583333333336, 23.989583333333336, 24.0, 20.989583333333336, 23.947916666666668, 24.979166666666668, 22.0, 24.0, 19.947916666666668, 17.989583333333336, 16.989583333333336, 16.989583333333336, 15.989583333333334, 14.989583333333334, 17.0, 14.0, 15.0, 9.0, 11.989583333333334, 12.989583333333334, 11.0, 12.0, 12.96875, 7.0, 11.0, 10.0, 12.0, 8.0, 7.989583333333334, 9.0, 12.0, 7.0, 13.0, 7.989583333333334, 9.0, 6.0, 8.979166666666668, 7.0, 11.0, 11.0, 7.989583333333334, 8.0, 8.0, 11.0, 8.979166666666668, 9.989583333333334, 9.0, 8.0, 6.0, 7.0, 6.979166666666667, 11.0, 10.0, 6.989583333333334, 5.0, 6.0, 11.989583333333334, 9.0, 7.0, 6.0, 9.0, 6.0, 8.0, 5.979166666666667, 6.0, 4.989583333333333, 6.0, 6.0, 6.0, 6.0, 8.0, 8.0, 6.989583333333334, 5.0, 7.0, 6.0, 8.0, 7.0, 5.989583333333334, 6.0, 4.0, 7.0, 7.0, 8.0, 2.0, 3.0, 2.0, 3.0, 3.0, 1.0, 1.0, 7.0, 5.0, 6.0, 5.0, 3.0, 5.0, 2.9895833333333335, 3.0, 4.0, 2.0, 3.0, 2.0, 1.0, 3.0, 3.0, 2.0, 3.0, 4.0, 3.0, 3.0, 3.0, 2.0, 5.0, 5.0, 3.0, 4.0, 3.0, 3.0, 6.0, 2.0, 2.0, 3.0, 2.0, 3.0, 3.0, 3.0, 4.0, 3.0, 2.0, 2.0, 2.0, 4.0, 2.0, 5.0, 2.0, 1.0, 3.0, 5.0, 1.0, 2.0, 2.0, 2.0, 1.0, 4.0, 6.0, 2.0, 4.0, 2.0, 3.0, 3.0, 1.0, 1.0, 1.0, 2.0, 3.0, 2.0, 3.0, 6.0, 2.0, 2.0, 4.0, 3.0, 3.0, 2.0, 0.0, 1.0, 2.0, 0.0, 2.0, 3.0, 4.0, 0.0, 2.0, 2.0, 2.0, 3.0, 3.0, 4.0, 1.0, 2.0, 3.0, 4.0, 4.0, 6.0, 2.0, 3.0, 2.0, 4.0, 2.0, 2.0, 4.0, 2.0, 1.0, 1.0, 1.0, 3.0, 2.0, 1.0, 2.0, 2.0, 2.0, 4.0, 2.0, 1.0, 0.0, 3.0, 8.0, 3.0, 2.0, 1.0, 4.0, 1.0, 2.0, 2.0, 0.0, 2.0, 1.0, 4.0, 4.0, 3.0, 4.0, 3.0, 2.0, 1.0, 1.0, 2.0, 1.0, 1.0, 0.0, 2.0, 3.0, 2.0, 2.0, 1.0, 2.0, 2.0, 2.0, 2.0, 2.0, 3.0, 3.0, 3.0, 4.0, 5.0]",0.5,0.5,5,"[33, 33, 29, 27, 27, 27, 24, 24, 21, 24, 25, 22, 24, 20, 18, 17, 17, 16, 15, 17, 14, 15, 9, 12, 13, 11, 12, 13, 7, 11, 10, 12, 8, 8, 9, 12, 7, 13, 8, 9, 6, 9, 7, 11, 11, 8, 8, 8, 11, 9, 10, 9, 8, 6, 7, 7, 11, 10, 7, 5, 6, 12, 9, 7, 6, 9, 6, 8, 6, 6, 5, 6, 6, 6, 6, 8, 8, 7, 5, 7, 6, 8, 7, 6, 6, 4, 7, 7, 8, 2, 3, 2, 3, 3, 1, 1, 7, 5, 6, 5, 3, 5, 3, 3, 4, 2, 3, 2, 1, 3, 3, 2, 3, 4, 3, 3, 3, 2, 5, 5, 3, 4, 3, 3, 6, 2, 2, 3, 2, 3, 3, 3, 4, 3, 2, 2, 2, 4, 2, 5, 2, 1, 3, 5, 1, 2, 2, 2, 1, 4, 6, 2, 4, 2, 3, 3, 1, 1, 1, 2, 3, 2, 3, 6, 2, 2, 4, 3, 3, 2, 0, 1, 2, 0, 2, 3, 4, 0, 2, 2, 2, 3, 3, 4, 1, 2, 3, 4, 4, 6, 2, 3, 2, 4, 2, 2, 4, 2, 1, 1, 1, 3, 2, 1, 2, 2, 2, 4, 2, 1, 0, 3, 8, 3, 2, 1, 4, 1, 2, 2, 0, 2, 1, 4, 4, 3, 4, 3, 2, 1, 1, 2, 1, 1, 0, 2, 3, 2, 2, 1, 2, 2, 2, 2, 2, 3, 3, 3, 4, 5]",250,"[41.25685501098633, 41.38947677612305, 28.697772979736328, 40.668312072753906, 33.75949478149414, 22.161623001098633, 21.066688537597656, 23.91022300720215, 3.6576004028320312, 34.15031051635742, 34.34064483642578, 10.544408798217773, 45.96355438232422, 5.6067962646484375, 22.415613174438477, 4.090904712677002, 5.3604416847229, 10.38936996459961, 4.0398335456848145, 4.147252082824707, 18.35025978088379, 50.78004455566406, 17.10761070251465, 24.395204544067383, 38.8582649230957, 29.0750732421875, 26.26959800720215, 28.978221893310547, 45.303836822509766, 48.18684005737305, 15.319289207458496, 20.751384735107422, 28.826210021972656, 39.93462371826172, 6.723121166229248, 6.008588790893555, 7.4156012535095215, 23.997114181518555, 41.67707443237305, 9.962972640991211, 25.771883010864258, 19.344301223754883, 51.15400314331055, 30.77709197998047, 17.308507919311523, 21.764537811279297, 14.218328475952148, 26.659561157226562, 10.213081359863281, 34.1221923828125, 26.28268051147461, 47.04734420776367, 16.308513641357422, 6.368100643157959, 22.479867935180664, 34.050331115722656, 13.891518592834473, 52.56874465942383, 7.224954605102539, 4.113992214202881, 38.75044250488281, 27.947036743164062, 40.51633834838867, 45.71847152709961, 34.826690673828125, 18.073930740356445, 34.484432220458984, 38.147789001464844, 8.835558891296387, 31.776351928710938, 5.026697158813477, 17.570709228515625, 13.316235542297363, 26.474878311157227, 5.3106489181518555, 16.945270538330078, 15.703198432922363, 20.59518814086914, 3.6690828800201416, 4.860501289367676, 15.486754417419434, 28.17992401123047, 43.213382720947266, 4.2091827392578125, 9.227286338806152, 4.734735012054443, 21.987686157226562, 10.340056419372559, 23.071189880371094, 11.424752235412598, 2.2946419715881348, 12.088103294372559, 5.505807399749756, 2.2122325897216797, 5.763822078704834, 24.650068283081055, 23.353788375854492, 30.029512405395508, 26.36984634399414, 44.793678283691406, 51.1430549621582, 23.587783813476562, 17.977916717529297, 4.03611946105957, 19.221088409423828, 6.483330249786377, 4.500420093536377, 2.6105446815490723, 6.446951389312744, 15.498839378356934, 17.677661895751953, 9.530974388122559, 26.346975326538086, 24.720895767211914, 20.247886657714844, 26.282264709472656, 35.72785186767578, 40.5386962890625, 43.391563415527344, 50.18852996826172, 27.720722198486328, 5.649374008178711, 4.659345626831055, 47.882137298583984, 41.95167541503906, 36.110069274902344, 42.732120513916016, 46.249752044677734, 33.42329025268555, 39.179412841796875, 32.79424285888672, 38.443782806396484, 30.046049118041992, 24.007675170898438, 30.881933212280273, 25.027271270751953, 27.3319149017334, 37.6448974609375, 28.808086395263672, 36.88929748535156, 17.90452766418457, 43.55575180053711, 48.380733489990234, 45.97633361816406, 30.352794647216797, 4.43504524230957, 42.83421325683594, 26.42583656311035, 21.69552230834961, 15.228314399719238, 26.214740753173828, 38.3975830078125, 45.793724060058594, 21.144031524658203, 25.40349578857422, 46.30183029174805, 4.799637317657471, 20.219669342041016, 26.66033935546875, 32.048011779785156, 29.547311782836914, 20.205549240112305, 25.08731460571289, 34.63953399658203, 9.12648868560791, 37.93296813964844, 34.389896392822266, 31.005596160888672, 39.25200653076172, 17.89337730407715, 22.64679527282715, 24.622827529907227, 27.561796188354492, 22.1241455078125, 28.914348602294922, 29.832866668701172, 23.161766052246094, 5.905177116394043, 12.966103553771973, 13.592072486877441, 23.760622024536133, 30.186010360717773, 39.012237548828125, 30.534954071044922, 2.1578779220581055, 3.1455461978912354, 30.401227951049805, 31.334367752075195, 35.67643737792969, 44.63658142089844, 2.0610053539276123, 10.285300254821777, 26.36144256591797, 25.859596252441406, 30.886734008789062, 14.833016395568848, 16.446975708007812, 12.950078964233398, 14.726491928100586, 13.839201927185059, 16.585851669311523, 12.747661590576172, 17.149864196777344, 41.05479431152344, 1.5867242813110352, 3.2246124744415283, 49.8231086730957, 10.59014892578125, 8.538520812988281, 29.6332950592041, 36.019718170166016, 43.137638092041016, 53.88352966308594, 59.25446319580078, 17.554195404052734, 11.181219100952148, 13.902156829833984, 41.82255935668945, 21.969409942626953, 9.932994842529297, 13.707143783569336, 40.14324951171875, 47.27216339111328, 34.537174224853516, 14.297183990478516, 16.68110466003418, 25.574663162231445, 30.357023239135742, 30.448827743530273, 35.095027923583984, 38.236270904541016, 42.840980529785156, 27.42230224609375, 19.944744110107422, 44.69219207763672, 47.16455078125, 42.05400466918945, 16.852420806884766, 12.264261245727539, 34.837406158447266, 39.8958625793457, 44.8658561706543, 37.34233474731445, 17.1051025390625, 17.563444137573242, 13.804411888122559, 16.361377716064453, 25.602188110351562, 24.367055892944336, 31.923847198486328]",5.0,"[33.0, 33.0, 29.0, 27.0, 27.0, 27.0, 24.0, 24.0, 21.0, 24.0, 25.0, 22.0, 24.0, 20.0, 18.0, 17.0, 17.0, 16.0, 15.0, 17.0, 14.0, 15.0, 9.0, 12.0, 13.0, 11.0, 12.0, 13.0, 7.0, 11.0, 10.0, 12.0, 8.0, 8.0, 9.0, 12.0, 7.0, 13.0, 8.0, 9.0, 6.0, 9.0, 7.0, 11.0, 11.0, 8.0, 8.0, 8.0, 11.0, 9.0, 10.0, 9.0, 8.0, 6.0, 7.0, 7.0, 11.0, 10.0, 7.0, 5.0, 6.0, 12.0, 9.0, 7.0, 6.0, 9.0, 6.0, 8.0, 6.0, 6.0, 5.0, 6.0, 6.0, 6.0, 6.0, 8.0, 8.0, 7.0, 5.0, 7.0, 6.0, 8.0, 7.0, 6.0, 6.0, 4.0, 7.0, 7.0, 8.0, 2.0, 3.0, 2.0, 3.0, 3.0, 1.0, 1.0, 7.0, 5.0, 6.0, 5.0, 3.0, 5.0, 3.0, 3.0, 4.0, 2.0, 3.0, 2.0, 1.0, 3.0, 3.0, 2.0, 3.0, 4.0, 3.0, 3.0, 3.0, 2.0, 5.0, 5.0, 3.0, 4.0, 3.0, 3.0, 6.0, 2.0, 2.0, 3.0, 2.0, 3.0, 3.0, 3.0, 4.0, 3.0, 2.0, 2.0, 2.0, 4.0, 2.0, 5.0, 2.0, 1.0, 3.0, 5.0, 1.0, 2.0, 2.0, 2.0, 1.0, 4.0, 6.0, 2.0, 4.0, 2.0, 3.0, 3.0, 1.0, 1.0, 1.0, 2.0, 3.0, 2.0, 3.0, 6.0, 2.0, 2.0, 4.0, 3.0, 3.0, 2.0, 0.0, 1.0, 2.0, 0.0, 2.0, 3.0, 4.0, 0.0, 2.0, 2.0, 2.0, 3.0, 3.0, 4.0, 1.0, 2.0, 3.0, 4.0, 4.0, 6.0, 2.0, 3.0, 2.0, 4.0, 2.0, 2.0, 4.0, 2.0, 1.0, 1.0, 1.0, 3.0, 2.0, 1.0, 2.0, 2.0, 2.0, 4.0, 2.0, 1.0, 0.0, 3.0, 8.0, 3.0, 2.0, 1.0, 4.0, 1.0, 2.0, 2.0, 0.0, 2.0, 1.0, 4.0, 4.0, 3.0, 4.0, 3.0, 2.0, 1.0, 1.0, 2.0, 1.0, 1.0, 0.0, 2.0, 3.0, 2.0, 2.0, 1.0, 2.0, 2.0, 2.0, 2.0, 2.0, 3.0, 3.0, 3.0, 4.0, 5.0]",COMPLETE
