,number,value,datetime_start,datetime_complete,duration,params_batch_size_scaler,params_constant_learning_rate,params_depth,params_epochs,params_kernel_l2,params_num_trees,params_temperature,user_attrs_accuracy_test,user_attrs_accuracy_valid,user_attrs_approximate_feature_sparsity,user_attrs_approximate_feature_sparsity_history,user_attrs_approximate_weight_sparsity,user_attrs_approximate_weight_sparsity_history,user_attrs_auc_test,user_attrs_auc_valid,user_attrs_feature_sparsity,user_attrs_feature_sparsity_history,user_attrs_num_epochs,user_attrs_val_loss_history,user_attrs_weight_sparsity,user_attrs_weight_sparsity_history,state
26,26,0.7430021512024837,2024-08-31 02:04:13.222334,2024-08-31 02:12:10.493576,0 days 00:07:57.271242,16,0.03363544770404357,6,495,0.09093286030747921,72,0.002711496567645667,0.881,0.875,33,"[33, 33, 33, 33, 33, 33, 33, 33, 33, 33, 33, 33, 33, 33, 33, 33, 33, 33, 33, 33, 33, 33, 33, 33, 33, 33, 33, 33, 33, 33, 33, 33, 33, 33, 33, 33, 33, 33, 33, 33, 33, 33, 33, 33, 33, 33, 33, 33, 33, 33, 33, 33, 33, 33, 33, 33, 33, 33, 33, 33, 33, 33, 33, 33, 33, 33, 33, 33, 33, 33, 33, 33, 33, 33, 33, 33, 33, 33, 33, 33, 33, 33, 33, 33, 33, 33, 33, 33, 33, 33, 33, 33, 33, 33, 33, 33, 33, 33, 33, 33, 33, 33, 33, 33, 33, 33, 33, 33, 33, 33, 33, 33, 33, 33, 33, 33, 33, 33, 33, 33, 33, 33, 33, 33, 33, 33, 33, 33, 33, 33, 33, 33, 33, 33, 33, 33, 33, 33, 33, 33, 33, 33, 33, 33, 33, 33, 33, 33, 33, 33, 33, 33, 33, 33, 33, 33, 33, 33, 33, 33, 33, 33, 33, 33, 33, 33, 33, 33, 33, 33, 33, 33, 33, 33, 33, 33, 33, 33, 33, 33, 33, 33, 33, 33, 33, 33, 33, 33, 33, 33, 33, 33, 33, 33, 33, 33, 33, 33, 33, 33, 33, 33, 33, 33, 33, 33, 33, 33, 33, 33, 33, 33, 33, 33, 33, 33, 33, 33, 33, 33, 33, 33, 33, 33, 33, 33, 33, 33, 33, 33, 33, 33, 33, 33, 33, 33, 33, 33, 33, 33, 33, 33, 33, 33, 33, 33, 33, 33, 33, 33, 33, 33, 33, 33, 33, 33, 33, 33, 33, 33, 33, 33, 33, 33, 33, 33, 33, 33, 33, 33, 33, 33, 33, 33, 33, 33, 33, 33, 33, 33, 33, 33, 33, 33, 33, 33, 33, 33, 33, 33, 33, 33, 33, 33, 33, 33, 33, 33, 33, 33, 33, 33, 33, 33, 33, 33, 33, 33, 33, 33, 33, 33, 33, 33, 33, 33, 33, 33, 33, 33, 33, 33, 33, 33, 33, 33, 33, 33, 33, 33, 33, 33, 33, 33, 33, 33, 33, 33, 33, 33, 33, 33, 33, 33, 33, 33, 33, 33, 33, 33, 33, 33, 33, 33, 33, 33, 33, 33, 33, 33, 33, 33, 33, 33, 33, 33, 33, 33, 33, 33, 33, 33, 33, 33, 33, 33, 33, 33, 33, 33, 33, 33, 33, 33, 33, 33, 33, 33, 33, 33, 33, 33, 33, 33, 33, 33, 33, 33, 33, 33, 33, 33, 33, 33, 33, 33, 33, 33, 33, 33, 33, 33, 33, 33, 33, 33, 33, 33, 33, 33, 33, 33, 33, 33, 33, 33, 33, 33, 33, 33, 33, 33, 33, 33, 33, 33, 33, 33, 33, 33, 33, 33, 33, 33, 33, 33, 33, 33, 33, 33, 33, 33, 33, 33, 33, 33, 33, 33, 33, 33, 33, 33, 33, 33, 33, 33, 33, 33, 33, 33, 33, 33, 33, 33, 33, 33, 33, 33, 33, 33, 33, 33, 33, 33, 33, 33, 33, 33, 33, 33, 33, 33, 33, 33, 33]",32.91115520282187,"[32.908289241622576, 32.91291887125221, 32.908289241622576, 32.910714285714285, 32.90850970017637, 32.90365961199295, 32.90388007054674, 32.904541446208114, 32.90299823633157, 32.903880070546734, 32.90608465608465, 32.907627865961196, 32.910714285714285, 32.90652557319224, 32.904761904761905, 32.90674603174603, 32.908289241622576, 32.90983245149912, 32.910714285714285, 32.91203703703704, 32.91269841269841, 32.91269841269842, 32.91115520282187, 32.9129188712522, 32.90939153439153, 32.907848324514994, 32.91225749559083, 32.91446208112875, 32.913800705467374, 32.91225749559083, 32.914241622574956, 32.913359788359784, 32.91512345679013, 32.91358024691358, 32.91358024691358, 32.91313932980599, 32.914021164021165, 32.913359788359784, 32.91181657848325, 32.90939153439153, 32.90873015873016, 32.9102733686067, 32.908289241622576, 32.90608465608466, 32.90321869488536, 32.90365961199295, 32.903880070546734, 32.90652557319224, 32.904541446208114, 32.90873015873016, 32.90784832451499, 32.908289241622576, 32.90608465608465, 32.904761904761905, 32.901675485008816, 32.90343915343915, 32.90652557319224, 32.908068783068785, 32.90674603174603, 32.904982363315696, 32.907407407407405, 32.90806878306878, 32.90696649029982, 32.90784832451499, 32.907848324514994, 32.90784832451499, 32.908289241622576, 32.9102733686067, 32.90850970017637, 32.90983245149912, 32.91137566137566, 32.90917107583774, 32.91005291005291, 32.91313932980599, 32.91313932980599, 32.91115520282187, 32.910934744268076, 32.90939153439153, 32.90895061728395, 32.90850970017637, 32.91005291005291, 32.911375661375665, 32.91247795414462, 32.91291887125221, 32.9129188712522, 32.911596119929456, 32.90939153439154, 32.90895061728395, 32.90917107583774, 32.908289241622576, 32.91159611992945, 32.910493827160494, 32.910493827160494, 32.908289241622576, 32.907407407407405, 32.904982363315696, 32.90850970017637, 32.9102733686067, 32.9102733686067, 32.90917107583774, 32.9102733686067, 32.90873015873016, 32.91005291005291, 32.910714285714285, 32.91005291005291, 32.90873015873016, 32.91159611992945, 32.91159611992945, 32.9076278659612, 32.90696649029982, 32.904761904761905, 32.90586419753086, 32.90542328042328, 32.90630511463844, 32.90939153439153, 32.90873015873016, 32.90917107583774, 32.911596119929456, 32.9129188712522, 32.911596119929456, 32.91115520282187, 32.907848324514994, 32.90696649029982, 32.90895061728395, 32.90917107583774, 32.907627865961196, 32.90939153439153, 32.910493827160494, 32.91159611992945, 32.91203703703704, 32.91181657848324, 32.91203703703704, 32.910934744268076, 32.91181657848325, 32.91446208112875, 32.91600529100529, 32.91490299823633, 32.91247795414462, 32.91335978835979, 32.91269841269841, 32.91335978835979, 32.91446208112875, 32.91512345679013, 32.914021164021165, 32.913580246913575, 32.913800705467374, 32.913580246913575, 32.91247795414462, 32.91291887125221, 32.91247795414462, 32.91203703703704, 32.91313932980599, 32.913800705467374, 32.91313932980599, 32.91446208112875, 32.91313932980599, 32.91358024691358, 32.91313932980599, 32.910934744268076, 32.91159611992945, 32.90983245149912, 32.9102733686067, 32.91247795414462, 32.91335978835979, 32.914241622574956, 32.91600529100529, 32.914241622574956, 32.91534391534392, 32.914902998236336, 32.91225749559083, 32.911375661375665, 32.911375661375665, 32.911596119929456, 32.91358024691358, 32.913800705467374, 32.91534391534392, 32.91203703703704, 32.91093474426808, 32.91203703703704, 32.91247795414462, 32.91225749559083, 32.91137566137566, 32.90983245149912, 32.910493827160494, 32.90873015873016, 32.90696649029982, 32.907627865961196, 32.90895061728395, 32.90939153439154, 32.90850970017637, 32.910714285714285, 32.910493827160494, 32.91159611992945, 32.913359788359784, 32.91247795414462, 32.90895061728395, 32.90674603174603, 32.90740740740741, 32.90696649029982, 32.90652557319224, 32.907186948853614, 32.90850970017637, 32.90895061728395, 32.90873015873016, 32.907848324514994, 32.90784832451499, 32.908730158730165, 32.90696649029982, 32.908068783068785, 32.908068783068785, 32.90983245149912, 32.9102733686067, 32.911155202821874, 32.910714285714285, 32.91137566137566, 32.911596119929456, 32.91225749559083, 32.91335978835979, 32.91269841269842, 32.914241622574956, 32.914682539682545, 32.91622574955909, 32.91688712522046, 32.91644620811288, 32.91710758377425, 32.91776895943563, 32.917328042328045, 32.91776895943563, 32.918430335097, 32.91776895943563, 32.917548500881836, 32.91600529100529, 32.91512345679013, 32.91490299823633, 32.91512345679013, 32.91600529100529, 32.91468253968254, 32.913139329806, 32.91181657848325, 32.91005291005291, 32.90850970017637, 32.9102733686067, 32.90873015873016, 32.90961199294533, 32.9102733686067, 32.90961199294532, 32.9129188712522, 32.913800705467374, 32.91313932980599, 32.914241622574956, 32.91468253968254, 32.91468253968254, 32.91468253968254, 32.914021164021165, 32.91269841269841, 32.91313932980599, 32.91203703703704, 32.911596119929456, 32.910714285714285, 32.90961199294533, 32.90983245149912, 32.90939153439154, 32.90784832451499, 32.907848324514994, 32.90873015873016, 32.90586419753087, 32.905423280423285, 32.90608465608466, 32.9076278659612, 32.9076278659612, 32.90608465608466, 32.90630511463845, 32.90961199294533, 32.91313932980599, 32.91181657848325, 32.910934744268076, 32.91203703703704, 32.9129188712522, 32.914241622574956, 32.91490299823633, 32.914021164021165, 32.911155202821874, 32.911596119929456, 32.90983245149912, 32.908289241622576, 32.908068783068785, 32.908289241622576, 32.90917107583775, 32.90873015873016, 32.907848324514994, 32.9076278659612, 32.90961199294533, 32.91093474426808, 32.9102733686067, 32.910934744268076, 32.911596119929456, 32.910934744268076, 32.91358024691358, 32.91269841269841, 32.911375661375665, 32.91005291005291, 32.910714285714285, 32.911155202821874, 32.91247795414462, 32.914021164021165, 32.91512345679013, 32.91556437389771, 32.91644620811287, 32.91820987654321, 32.91975308641975, 32.91975308641975, 32.91975308641975, 32.91975308641975, 32.91887125220459, 32.91710758377425, 32.917328042328045, 32.917548500881836, 32.9157848324515, 32.91600529100529, 32.914682539682545, 32.91534391534391, 32.91578483245149, 32.91622574955908, 32.916225749559075, 32.91512345679012, 32.91622574955908, 32.91600529100529, 32.913359788359784, 32.91313932980599, 32.9129188712522, 32.91313932980599, 32.913359788359784, 32.913800705467374, 32.9129188712522, 32.91247795414462, 32.911375661375665, 32.910493827160494, 32.9102733686067, 32.91181657848325, 32.91269841269842, 32.91247795414462, 32.9129188712522, 32.91269841269841, 32.911375661375665, 32.91181657848325, 32.911375661375665, 32.91269841269841, 32.91269841269841, 32.913800705467374, 32.913800705467374, 32.91644620811288, 32.91622574955908, 32.91666666666667, 32.91622574955908, 32.91600529100529, 32.91600529100529, 32.91600529100529, 32.91710758377425, 32.91534391534392, 32.91468253968254, 32.913139329806, 32.91225749559083, 32.91203703703704, 32.9129188712522, 32.91534391534392, 32.914241622574956, 32.91600529100529, 32.9186507936508, 32.91622574955908, 32.91534391534392, 32.91600529100529, 32.91600529100529, 32.91622574955908, 32.91688712522046, 32.91710758377425, 32.91688712522046, 32.917328042328045, 32.917107583774246, 32.91710758377425, 32.91600529100529, 32.9157848324515, 32.914021164021165, 32.91424162257496, 32.913800705467374, 32.913800705467374, 32.914902998236336, 32.9129188712522, 32.913359788359784, 32.91159611992945, 32.91203703703704, 32.91269841269841, 32.9129188712522, 32.913800705467374, 32.91269841269841, 32.91446208112875, 32.91556437389771, 32.914902998236336, 32.91446208112875, 32.914902998236336, 32.914241622574956, 32.914241622574956, 32.91424162257496, 32.914021164021165, 32.91468253968254, 32.91534391534391, 32.916887125220455, 32.91754850088183, 32.916666666666664, 32.916887125220455, 32.916887125220455, 32.91534391534392, 32.9157848324515, 32.914241622574956, 32.91358024691358, 32.914241622574956, 32.91203703703704, 32.91225749559083, 32.91269841269841, 32.9129188712522, 32.9129188712522, 32.91446208112875, 32.91534391534392, 32.91622574955908, 32.9157848324515, 32.91534391534391, 32.914241622574956, 32.91534391534391, 32.91512345679012, 32.91710758377425, 32.91776895943563, 32.91798941798942, 32.91644620811287, 32.914902998236336, 32.91534391534392, 32.91600529100529, 32.91490299823633, 32.913139329806, 32.91203703703704, 32.911596119929456, 32.911596119929456, 32.911596119929456, 32.910934744268076, 32.91313932980599, 32.91225749559083, 32.91115520282187, 32.9129188712522, 32.91380070546737, 32.9129188712522, 32.9129188712522, 32.913359788359784, 32.91446208112875, 32.91313932980599, 32.91358024691358, 32.91358024691358, 32.914021164021165, 32.913800705467374, 32.91358024691358, 32.91247795414462, 32.91269841269841, 32.91225749559083, 32.91247795414462, 32.91203703703704, 32.911596119929456, 32.910493827160494, 32.90983245149912, 32.908068783068785, 32.908289241622576, 32.90939153439154, 32.911155202821874, 32.911375661375665, 32.91005291005291, 32.90939153439154, 32.9102733686067, 32.911155202821874, 32.911375661375665, 32.911596119929456, 32.91269841269842, 32.91269841269842, 32.91358024691358, 32.913800705467374, 32.91269841269841, 32.91335978835979, 32.91203703703704, 32.91181657848325, 32.91269841269841, 32.91247795414462, 32.914021164021165, 32.913800705467374, 32.91225749559083, 32.911596119929456, 32.911155202821874, 32.90939153439154, 32.91005291005291, 32.910934744268076, 32.91115520282187]",0.7768310504545116,0.7430021512024837,33,"[33, 33, 33, 33, 33, 33, 33, 33, 33, 33, 33, 33, 33, 33, 33, 33, 33, 33, 33, 33, 33, 33, 33, 33, 33, 33, 33, 33, 33, 33, 33, 33, 33, 33, 33, 33, 33, 33, 33, 33, 33, 33, 33, 33, 33, 33, 33, 33, 33, 33, 33, 33, 33, 33, 33, 33, 33, 33, 33, 33, 33, 33, 33, 33, 33, 33, 33, 33, 33, 33, 33, 33, 33, 33, 33, 33, 33, 33, 33, 33, 33, 33, 33, 33, 33, 33, 33, 33, 33, 33, 33, 33, 33, 33, 33, 33, 33, 33, 33, 33, 33, 33, 33, 33, 33, 33, 33, 33, 33, 33, 33, 33, 33, 33, 33, 33, 33, 33, 33, 33, 33, 33, 33, 33, 33, 33, 33, 33, 33, 33, 33, 33, 33, 33, 33, 33, 33, 33, 33, 33, 33, 33, 33, 33, 33, 33, 33, 33, 33, 33, 33, 33, 33, 33, 33, 33, 33, 33, 33, 33, 33, 33, 33, 33, 33, 33, 33, 33, 33, 33, 33, 33, 33, 33, 33, 33, 33, 33, 33, 33, 33, 33, 33, 33, 33, 33, 33, 33, 33, 33, 33, 33, 33, 33, 33, 33, 33, 33, 33, 33, 33, 33, 33, 33, 33, 33, 33, 33, 33, 33, 33, 33, 33, 33, 33, 33, 33, 33, 33, 33, 33, 33, 33, 33, 33, 33, 33, 33, 33, 33, 33, 33, 33, 33, 33, 33, 33, 33, 33, 33, 33, 33, 33, 33, 33, 33, 33, 33, 33, 33, 33, 33, 33, 33, 33, 33, 33, 33, 33, 33, 33, 33, 33, 33, 33, 33, 33, 33, 33, 33, 33, 33, 33, 33, 33, 33, 33, 33, 33, 33, 33, 33, 33, 33, 33, 33, 33, 33, 33, 33, 33, 33, 33, 33, 33, 33, 33, 33, 33, 33, 33, 33, 33, 33, 33, 33, 33, 33, 33, 33, 33, 33, 33, 33, 33, 33, 33, 33, 33, 33, 33, 33, 33, 33, 33, 33, 33, 33, 33, 33, 33, 33, 33, 33, 33, 33, 33, 33, 33, 33, 33, 33, 33, 33, 33, 33, 33, 33, 33, 33, 33, 33, 33, 33, 33, 33, 33, 33, 33, 33, 33, 33, 33, 33, 33, 33, 33, 33, 33, 33, 33, 33, 33, 33, 33, 33, 33, 33, 33, 33, 33, 33, 33, 33, 33, 33, 33, 33, 33, 33, 33, 33, 33, 33, 33, 33, 33, 33, 33, 33, 33, 33, 33, 33, 33, 33, 33, 33, 33, 33, 33, 33, 33, 33, 33, 33, 33, 33, 33, 33, 33, 33, 33, 33, 33, 33, 33, 33, 33, 33, 33, 33, 33, 33, 33, 33, 33, 33, 33, 33, 33, 33, 33, 33, 33, 33, 33, 33, 33, 33, 33, 33, 33, 33, 33, 33, 33, 33, 33, 33, 33, 33, 33, 33, 33, 33, 33, 33, 33, 33, 33, 33, 33, 33, 33, 33, 33, 33, 33, 33, 33, 33, 33, 33, 33, 33, 33, 33, 33, 33, 33, 33, 33, 33, 33]",495,"[0.5478801727294922, 0.49690791964530945, 0.46569427847862244, 0.44580838084220886, 0.4323309063911438, 0.4233766496181488, 0.41720953583717346, 0.41279125213623047, 0.4094764292240143, 0.4068776071071625, 0.40483421087265015, 0.40326637029647827, 0.40198326110839844, 0.4008979797363281, 0.4000082015991211, 0.3991939425468445, 0.3985022306442261, 0.3978535830974579, 0.3972727954387665, 0.39672616124153137, 0.3962317407131195, 0.39574718475341797, 0.39528003334999084, 0.39481866359710693, 0.39437931776046753, 0.39397132396698, 0.39356690645217896, 0.3931642472743988, 0.3927704095840454, 0.3924007713794708, 0.3920270502567291, 0.3916640877723694, 0.39130982756614685, 0.39095982909202576, 0.39063286781311035, 0.390293687582016, 0.38997116684913635, 0.38963863253593445, 0.3893083930015564, 0.3889940679073334, 0.38867464661598206, 0.38836467266082764, 0.38806605339050293, 0.387767493724823, 0.3874792456626892, 0.387203186750412, 0.3869166672229767, 0.38663315773010254, 0.3863646984100342, 0.38609084486961365, 0.3858281075954437, 0.38557010889053345, 0.38531363010406494, 0.3850608468055725, 0.38481608033180237, 0.3845692574977875, 0.3843296468257904, 0.38408929109573364, 0.3838684856891632, 0.38364163041114807, 0.38339877128601074, 0.383163720369339, 0.3829405605792999, 0.38273388147354126, 0.3825138509273529, 0.38228705525398254, 0.3820706307888031, 0.381852388381958, 0.3816447854042053, 0.3814479112625122, 0.38124367594718933, 0.38103699684143066, 0.38084110617637634, 0.38064271211624146, 0.3804560601711273, 0.38028937578201294, 0.38009312748908997, 0.3799190819263458, 0.379726380109787, 0.3795394003391266, 0.37936118245124817, 0.37918269634246826, 0.3790036737918854, 0.37883496284484863, 0.37866827845573425, 0.37849682569503784, 0.3783430755138397, 0.37818729877471924, 0.3780219256877899, 0.37786200642585754, 0.3776986002922058, 0.3775506317615509, 0.3773975670337677, 0.37724068760871887, 0.3770829141139984, 0.37692713737487793, 0.37679144740104675, 0.3766618072986603, 0.37651312351226807, 0.37636798620224, 0.3762253522872925, 0.3760814964771271, 0.3759499490261078, 0.375821977853775, 0.37569454312324524, 0.3755686283111572, 0.3754318356513977, 0.3753036856651306, 0.37517642974853516, 0.37504974007606506, 0.37492886185646057, 0.3748059570789337, 0.3746875524520874, 0.37456005811691284, 0.3744428753852844, 0.3743179440498352, 0.37418609857559204, 0.37406960129737854, 0.3739558756351471, 0.37383872270584106, 0.37372124195098877, 0.3736001253128052, 0.37348243594169617, 0.3733711540699005, 0.37326720356941223, 0.37316006422042847, 0.3730546534061432, 0.37295815348625183, 0.3728598356246948, 0.3727574050426483, 0.3726656436920166, 0.37255311012268066, 0.3724530041217804, 0.3723587691783905, 0.37226033210754395, 0.3721579611301422, 0.3720420002937317, 0.37193813920021057, 0.3718307912349701, 0.37173473834991455, 0.3716471195220947, 0.37155091762542725, 0.37144356966018677, 0.37133678793907166, 0.3712553381919861, 0.37115317583084106, 0.3710603713989258, 0.3709668219089508, 0.37087303400039673, 0.3707728087902069, 0.3706663250923157, 0.3705664873123169, 0.37047070264816284, 0.3703717291355133, 0.3702825605869293, 0.3702070116996765, 0.3701319992542267, 0.37003403902053833, 0.3699478209018707, 0.3698672950267792, 0.36978256702423096, 0.3696901202201843, 0.3695874512195587, 0.3694969117641449, 0.3694261312484741, 0.36932864785194397, 0.3692398965358734, 0.36916354298591614, 0.3690832555294037, 0.36899757385253906, 0.36891254782676697, 0.36883753538131714, 0.36875298619270325, 0.3686778247356415, 0.3686000406742096, 0.3685140609741211, 0.36843055486679077, 0.36835506558418274, 0.36828696727752686, 0.36820662021636963, 0.36813339591026306, 0.36805930733680725, 0.3679921627044678, 0.3679218590259552, 0.3678377866744995, 0.3677630126476288, 0.3676967918872833, 0.36763274669647217, 0.3675619065761566, 0.3674805760383606, 0.3674084544181824, 0.3673267364501953, 0.3672529458999634, 0.3671778440475464, 0.36710280179977417, 0.3670444190502167, 0.36695802211761475, 0.3668779730796814, 0.3668016195297241, 0.3667193651199341, 0.36664244532585144, 0.36657851934432983, 0.36651095747947693, 0.3664341866970062, 0.36634987592697144, 0.36627647280693054, 0.36620327830314636, 0.36613380908966064, 0.36608433723449707, 0.3660140633583069, 0.365944504737854, 0.36586254835128784, 0.36579394340515137, 0.3657168447971344, 0.365631639957428, 0.3655613958835602, 0.3655005991458893, 0.3654392957687378, 0.3653530478477478, 0.36528319120407104, 0.3652097284793854, 0.36514100432395935, 0.3650694787502289, 0.3650214672088623, 0.36495816707611084, 0.3648699223995209, 0.3648014962673187, 0.3647517263889313, 0.36466923356056213, 0.3645953834056854, 0.3645135760307312, 0.3644435405731201, 0.36436721682548523, 0.36430537700653076, 0.36424094438552856, 0.3641811013221741, 0.36411571502685547, 0.3640466034412384, 0.3639873266220093, 0.3639267086982727, 0.36385729908943176, 0.36378777027130127, 0.36372530460357666, 0.3636525273323059, 0.3635888695716858, 0.3635249733924866, 0.36346280574798584, 0.36340048909187317, 0.36333873867988586, 0.36328625679016113, 0.36321204900741577, 0.363143652677536, 0.36307454109191895, 0.36301490664482117, 0.36294323205947876, 0.3628818392753601, 0.36281365156173706, 0.36274996399879456, 0.362680584192276, 0.36261722445487976, 0.362563818693161, 0.36250928044319153, 0.36244988441467285, 0.3623856008052826, 0.36231693625450134, 0.36225101351737976, 0.36218079924583435, 0.36211109161376953, 0.362045556306839, 0.36197564005851746, 0.36191099882125854, 0.3618440330028534, 0.36178451776504517, 0.3617209494113922, 0.3616487383842468, 0.3615790605545044, 0.3615165948867798, 0.3614474833011627, 0.36138027906417847, 0.36131981015205383, 0.36125364899635315, 0.3611784279346466, 0.3611197769641876, 0.3610605299472809, 0.36099979281425476, 0.3609415292739868, 0.36088642477989197, 0.3608158826828003, 0.36075976490974426, 0.36069557070732117, 0.3606286346912384, 0.3605836033821106, 0.36051636934280396, 0.36045295000076294, 0.3603917062282562, 0.36032676696777344, 0.3602592945098877, 0.3602084219455719, 0.360159307718277, 0.360088050365448, 0.3600110113620758, 0.3599466383457184, 0.35988205671310425, 0.3598175346851349, 0.3597530126571655, 0.3596789538860321, 0.3596096336841583, 0.35956141352653503, 0.35949456691741943, 0.35941848158836365, 0.359368234872818, 0.35930371284484863, 0.3592430055141449, 0.3591800034046173, 0.35911837220191956, 0.35905933380126953, 0.3589908182621002, 0.35891517996788025, 0.3588571548461914, 0.3587954342365265, 0.3587358593940735, 0.35868382453918457, 0.3586135506629944, 0.35854780673980713, 0.3584836721420288, 0.35843387246131897, 0.35837364196777344, 0.3583177924156189, 0.35825759172439575, 0.35819336771965027, 0.3581283986568451, 0.35805800557136536, 0.3580120801925659, 0.35793575644493103, 0.35785973072052, 0.35779479146003723, 0.35774391889572144, 0.35767996311187744, 0.3576253652572632, 0.35756319761276245, 0.35749900341033936, 0.35743287205696106, 0.35737231373786926, 0.3573116362094879, 0.35723385214805603, 0.35718631744384766, 0.35712772607803345, 0.35706478357315063, 0.356998085975647, 0.3569469749927521, 0.35687416791915894, 0.356820285320282, 0.3567570745944977, 0.3566884994506836, 0.35662737488746643, 0.356557160615921, 0.3564935624599457, 0.3564383387565613, 0.3563729226589203, 0.3563123047351837, 0.3562363088130951, 0.3561709523200989, 0.3560996651649475, 0.3560274839401245, 0.35597431659698486, 0.3559165596961975, 0.35585612058639526, 0.35579240322113037, 0.35572683811187744, 0.3556722402572632, 0.35561633110046387, 0.3555508852005005, 0.3554929494857788, 0.355425179004