,number,value,datetime_start,datetime_complete,duration,params_batch_size_scaler,params_constant_learning_rate,params_depth,params_epochs,params_kernel_l2,params_num_trees,params_temperature,user_attrs_accuracy_test,user_attrs_accuracy_valid,user_attrs_approximate_feature_sparsity,user_attrs_approximate_feature_sparsity_history,user_attrs_approximate_weight_sparsity,user_attrs_approximate_weight_sparsity_history,user_attrs_auc_test,user_attrs_auc_valid,user_attrs_feature_sparsity,user_attrs_feature_sparsity_history,user_attrs_num_epochs,user_attrs_val_loss_history,user_attrs_weight_sparsity,user_attrs_weight_sparsity_history,state
8,8,0.8221007071917147,2024-08-31 01:00:45.125559,2024-08-31 01:01:36.064934,0 days 00:00:50.939375,16,0.3098998715317184,3,280,0.829338963505709,42,0.00021793583446405435,0.881,0.88625,4,"[33, 33, 33, 33, 33, 33, 33, 33, 33, 33, 33, 33, 33, 33, 33, 33, 33, 33, 33, 33, 33, 33, 33, 33, 33, 33, 33, 33, 33, 33, 33, 33, 33, 33, 33, 33, 33, 33, 33, 33, 33, 33, 33, 33, 29, 26, 22, 19, 19, 19, 17, 16, 16, 15, 14, 14, 14, 13, 13, 13, 13, 13, 13, 13, 13, 13, 13, 13, 13, 12, 12, 12, 11, 11, 11, 10, 10, 9, 9, 9, 9, 9, 9, 9, 9, 9, 9, 9, 9, 9, 9, 9, 8, 8, 8, 8, 8, 8, 8, 8, 8, 8, 7, 7, 7, 7, 7, 7, 7, 7, 7, 7, 7, 7, 7, 7, 7, 7, 7, 7, 7, 7, 7, 7, 7, 7, 7, 7, 7, 7, 7, 7, 7, 7, 7, 7, 7, 7, 7, 7, 7, 7, 7, 7, 7, 7, 7, 7, 7, 7, 7, 7, 7, 7, 7, 7, 7, 7, 7, 7, 7, 7, 7, 7, 7, 7, 7, 7, 7, 7, 7, 7, 7, 7, 7, 7, 7, 7, 7, 7, 7, 7, 7, 7, 7, 7, 7, 7, 7, 7, 7, 7, 7, 7, 7, 7, 7, 7, 7, 7, 7, 7, 7, 7, 7, 7, 7, 7, 7, 7, 7, 7, 7, 7, 7, 7, 7, 7, 7, 7, 7, 7, 7, 7, 7, 7, 7, 7, 7, 7, 7, 7, 7, 7, 7, 7, 7, 7, 7, 7, 7, 7, 7, 7, 7, 7, 7, 7, 7, 7, 7, 7, 7, 7, 7, 7, 7, 7, 7, 7, 7, 7, 6, 6, 6, 6, 6, 5, 5, 5, 5, 5, 5, 5, 5, 4, 4, 4, 4, 4]",3.945578231292517,"[32.95238095238095, 32.982993197278915, 32.965986394557824, 32.97959183673469, 32.97959183673469, 32.97278911564626, 32.97278911564626, 32.97278911564626, 32.95918367346938, 32.97278911564626, 32.96598639455782, 32.965986394557824, 32.97959183673469, 32.97278911564626, 32.97278911564626, 32.9625850340136, 32.96938775510204, 32.955782312925166, 32.965986394557824, 32.96598639455782, 32.955782312925166, 32.965986394557824, 32.955782312925166, 32.96258503401361, 32.97278911564626, 32.95918367346938, 32.97278911564626, 32.965986394557824, 32.9421768707483, 32.95238095238095, 32.9625850340136, 32.955782312925166, 32.93877551020408, 32.95918367346938, 32.955782312925166, 32.94897959183673, 32.935374149659864, 32.945578231292515, 32.94897959183673, 32.94897959183673, 32.945578231292515, 32.95238095238095, 32.95918367346939, 32.94897959183673, 28.962585034013607, 25.96938775510204, 21.965986394557824, 18.962585034013607, 18.976190476190474, 18.95578231292517, 16.976190476190474, 15.982993197278912, 15.989795918367346, 14.989795918367347, 13.976190476190474, 13.972789115646258, 13.98299319727891, 12.979591836734693, 12.96938775510204, 12.982993197278912, 12.976190476190474, 12.965986394557824, 12.959183673469386, 12.976190476190476, 12.976190476190474, 12.98299319727891, 12.976190476190478, 12.95578231292517, 12.972789115646258, 11.965986394557824, 11.986394557823129, 11.979591836734693, 10.993197278911564, 10.993197278911564, 10.986394557823129, 9.979591836734693, 9.982993197278912, 8.979591836734695, 8.982993197278912, 8.982993197278912, 8.986394557823129, 8.972789115646258, 8.979591836734693, 8.993197278911564, 8.989795918367346, 8.96938775510204, 8.96938775510204, 8.986394557823129, 8.979591836734693, 8.972789115646258, 8.976190476190476, 8.959183673469388, 7.979591836734693, 7.972789115646259, 7.972789115646258, 7.976190476190476, 7.982993197278912, 7.969387755102041, 7.976190476190476, 7.979591836734693, 7.986394557823129, 7.979591836734693, 6.979591836734695, 6.98639455782313, 6.989795918367347, 6.993197278911564, 6.989795918367347, 6.986394557823129, 6.986394557823129, 6.996598639455782, 6.986394557823129, 6.989795918367347, 6.982993197278912, 6.979591836734694, 6.989795918367347, 6.986394557823129, 6.986394557823129, 6.976190476190476, 6.976190476190476, 6.982993197278912, 6.969387755102041, 6.969387755102041, 6.965986394557824, 6.976190476190476, 6.972789115646259, 6.969387755102041, 6.972789115646259, 6.979591836734693, 6.95578231292517, 6.976190476190476, 6.965986394557824, 6.962585034013605, 6.969387755102041, 6.969387755102041, 6.982993197278911, 6.9727891156462585, 6.959183673469388, 6.9523809523809526, 6.962585034013605, 6.9727891156462585, 6.969387755102041, 6.95578231292517, 6.969387755102041, 6.969387755102041, 6.95578231292517, 6.959183673469388, 6.942176870748299, 6.9421768707483, 6.962585034013605, 6.965986394557823, 6.948979591836734, 6.945578231292517, 6.942176870748299, 6.948979591836735, 6.931972789115646, 6.92517006802721, 6.945578231292517, 6.945578231292517, 6.9557823129251695, 6.945578231292517, 6.9557823129251695, 6.9421768707483, 6.948979591836735, 6.948979591836736, 6.948979591836735, 6.938775510204081, 6.928571428571429, 6.9421768707483, 6.948979591836734, 6.95578231292517, 6.928571428571428, 6.9421768707483, 6.945578231292517, 6.945578231292517, 6.942176870748298, 6.9421768707483, 6.945578231292517, 6.959183673469388, 6.942176870748299, 6.9523809523809526, 6.942176870748298, 6.942176870748299, 6.9421768707483, 6.935374149659864, 6.948979591836735, 6.9421768707483, 6.935374149659864, 6.928571428571429, 6.935374149659863, 6.935374149659864, 6.935374149659864, 6.938775510204081, 6.931972789115647, 6.921768707482993, 6.935374149659864, 6.928571428571428, 6.945578231292517, 6.9557823129251695, 6.9523809523809526, 6.931972789115646, 6.9421768707483, 6.948979591836736, 6.938775510204081, 6.945578231292517, 6.942176870748299, 6.9353741496598635, 6.945578231292517, 6.945578231292517, 6.945578231292517, 6.938775510204081, 6.931972789115646, 6.921768707482993, 6.935374149659864, 6.9421768707483, 6.92517006802721, 6.928571428571429, 6.928571428571429, 6.935374149659864, 6.938775510204081, 6.928571428571429, 6.938775510204081, 6.935374149659864, 6.935374149659864, 6.935374149659864, 6.942176870748299, 6.9523809523809526, 6.92517006802721, 6.931972789115647, 6.92517006802721, 6.9353741496598635, 6.928571428571429, 6.938775510204082, 6.948979591836735, 6.935374149659864, 6.948979591836736, 6.945578231292517, 6.948979591836736, 6.9421768707483, 6.945578231292517, 6.945578231292517, 6.942176870748299, 6.938775510204082, 6.942176870748299, 6.945578231292517, 6.9421768707483, 6.942176870748299, 6.938775510204081, 6.931972789115646, 6.9421768707483, 6.931972789115646, 6.935374149659864, 6.938775510204081, 6.925170068027211, 6.935374149659864, 6.921768707482993, 6.925170068027211, 6.935374149659864, 6.931972789115646, 6.931972789115647, 6.935374149659864, 6.931972789115646, 6.918367346938776, 5.9353741496598635, 5.942176870748299, 5.931972789115646, 5.942176870748299, 5.9353741496598635, 4.945578231292517, 4.938775510204081, 4.9523809523809526, 4.938775510204081, 4.945578231292517, 4.948979591836735, 4.942176870748299, 4.942176870748299, 3.95578231292517, 3.945578231292517, 3.9489795918367347, 3.945578231292517, 3.945578231292517]",0.7735161287659245,0.8221007071917147,4,"[33, 33, 33, 33, 33, 33, 33, 33, 33, 33, 33, 33, 33, 33, 33, 33, 33, 33, 33, 33, 33, 33, 33, 33, 33, 33, 33, 33, 33, 33, 33, 33, 33, 33, 33, 33, 33, 33, 33, 33, 33, 33, 33, 33, 29, 26, 22, 19, 19, 19, 17, 16, 16, 15, 14, 14, 14, 13, 13, 13, 13, 13, 13, 13, 13, 13, 13, 13, 13, 12, 12, 12, 11, 11, 11, 10, 10, 9, 9, 9, 9, 9, 9, 9, 9, 9, 9, 9, 9, 9, 9, 9, 8, 8, 8, 8, 8, 8, 8, 8, 8, 8, 7, 7, 7, 7, 7, 7, 7, 7, 7, 7, 7, 7, 7, 7, 7, 7, 7, 7, 7, 7, 7, 7, 7, 7, 7, 7, 7, 7, 7, 7, 7, 7, 7, 7, 7, 7, 7, 7, 7, 7, 7, 7, 7, 7, 7, 7, 7, 7, 7, 7, 7, 7, 7, 7, 7, 7, 7, 7, 7, 7, 7, 7, 7, 7, 7, 7, 7, 7, 7, 7, 7, 7, 7, 7, 7, 7, 7, 7, 7, 7, 7, 7, 7, 7, 7, 7, 7, 7, 7, 7, 7, 7, 7, 7, 7, 7, 7, 7, 7, 7, 7, 7, 7, 7, 7, 7, 7, 7, 7, 7, 7, 7, 7, 7, 7, 7, 7, 7, 7, 7, 7, 7, 7, 7, 7, 7, 7, 7, 7, 7, 7, 7, 7, 7, 7, 7, 7, 7, 7, 7, 7, 7, 7, 7, 7, 7, 7, 7, 7, 7, 7, 7, 7, 7, 7, 7, 7, 7, 7, 7, 6, 6, 6, 6, 6, 5, 5, 5, 5, 5, 5, 5, 5, 4, 4, 4, 4, 4]",280,"[0.5507931709289551, 0.5367183089256287, 0.5252697467803955, 0.5135880708694458, 0.5047520995140076, 0.49651777744293213, 0.48927703499794006, 0.4819059669971466, 0.4776695966720581, 0.46986180543899536, 0.4634389877319336, 0.4581771492958069, 0.4516090452671051, 0.4469025731086731, 0.4421415627002716, 0.4372679889202118, 0.433297723531723, 0.42852896451950073, 0.42674076557159424, 0.4205469489097595, 0.4163827896118164, 0.4125347435474396, 0.40886974334716797, 0.40554240345954895, 0.40292567014694214, 0.3996323347091675, 0.39678680896759033, 0.3940925598144531, 0.39228835701942444, 0.38756075501441956, 0.3871241807937622, 0.3821468651294708, 0.3796869218349457, 0.3780636489391327, 0.3752857446670532, 0.3724534213542938, 0.370909184217453, 0.3682607412338257, 0.36667153239250183, 0.36743617057800293, 0.3620762228965759, 0.36099278926849365, 0.35959649085998535, 0.3561915457248688, 0.35268867015838623, 0.34956133365631104, 0.34415948390960693, 0.3413115441799164, 0.33922845125198364, 0.33852753043174744, 0.3359465003013611, 0.33438289165496826, 0.3333317041397095, 0.331136018037796, 0.33399149775505066, 0.331203430891037, 0.32794052362442017, 0.3305387794971466, 0.32570794224739075, 0.32585468888282776, 0.32302364706993103, 0.32254570722579956, 0.32203689217567444, 0.3212348520755768, 0.3194606900215149, 0.3195599913597107, 0.3175159692764282, 0.3170493245124817, 0.3155519366264343, 0.31824633479118347, 0.3171554505825043, 0.3167784810066223, 0.3197254538536072, 0.31645846366882324, 0.31749436259269714, 0.31517723202705383, 0.3156319558620453, 0.3175705373287201, 0.3190203011035919, 0.31784191727638245, 0.31558695435523987, 0.3160687983036041, 0.31543755531311035, 0.31353145837783813, 0.3136182725429535, 0.3147721588611603, 0.3123985826969147, 0.31215688586235046, 0.31066256761550903, 0.31017401814460754, 0.3099619746208191, 0.30990877747535706, 0.31508713960647583, 0.313192218542099, 0.3125494122505188, 0.31147679686546326, 0.30926579236984253, 0.30879485607147217, 0.3080344498157501, 0.3074074983596802, 0.30725952982902527, 0.3066914677619934, 0.31331247091293335, 0.31056830286979675, 0.3096003532409668, 0.30806493759155273, 0.3088096082210541, 0.30972376465797424, 0.306460440158844, 0.30610886216163635, 0.30532652139663696, 0.30839666724205017, 0.305228054523468, 0.30407479405403137, 0.3031999170780182, 0.3029991090297699, 0.30236178636550903, 0.3089597225189209, 0.3017732501029968, 0.3013172447681427, 0.30466020107269287, 0.30121365189552307, 0.30081304907798767, 0.3007621169090271, 0.2996706962585449, 0.2998582124710083, 0.2995533049106598, 0.29864805936813354, 0.3005019426345825, 0.2977474629878998, 0.29964131116867065, 0.29733651876449585, 0.2971762716770172, 0.2968232333660126, 0.2973839342594147, 0.29785704612731934, 0.2971029579639435, 0.2954515218734741, 0.298590749502182, 0.2972935736179352, 0.2957461178302765, 0.29395589232444763, 0.29339873790740967, 0.293791800737381, 0.29452088475227356, 0.29507654905319214, 0.29238569736480713, 0.29247599840164185, 0.29228994250297546, 0.2923653721809387, 0.2918626666069031, 0.2908201813697815, 0.29090794920921326, 0.291962593793869, 0.29010048508644104, 0.2917267680168152, 0.2901144027709961, 0.28980451822280884, 0.2899183928966522, 0.29022759199142456, 0.29092493653297424, 0.28889593482017517, 0.2901381552219391, 0.2880277931690216, 0.2874757647514343, 0.28721585869789124, 0.2886806130409241, 0.28766390681266785, 0.28736889362335205, 0.28732502460479736, 0.2865435779094696, 0.2870052456855774, 0.2864866852760315, 0.2863231599330902, 0.2888972759246826, 0.28545331954956055, 0.2869243025779724, 0.2851952016353607, 0.2855023443698883, 0.28431451320648193, 0.2845291793346405, 0.28395649790763855, 0.28422975540161133, 0.2836099863052368, 0.2854037880897522, 0.28287672996520996, 0.2841019034385681, 0.28273409605026245, 0.2820765972137451, 0.28206032514572144, 0.28219369053840637, 0.2808375060558319, 0.28465166687965393, 0.28138694167137146, 0.281114399433136, 0.2811809778213501, 0.2806359529495239, 0.2821025252342224, 0.28090935945510864, 0.2802640199661255, 0.2797341048717499, 0.283108115196228, 0.27998265624046326, 0.2794472575187683, 0.2792850732803345, 0.2801072597503662, 0.27894097566604614, 0.28089097142219543, 0.27832505106925964, 0.27808648347854614, 0.27838796377182007, 0.2880088686943054, 0.2819933295249939, 0.27705681324005127, 0.27739813923835754, 0.27699676156044006, 0.2767963111400604, 0.27740421891212463, 0.27644792199134827, 0.27627745270729065, 0.27712708711624146, 0.27672669291496277, 0.28268879652023315, 0.28164955973625183, 0.27630046010017395, 0.27594858407974243, 0.2744990289211273, 0.2766476571559906, 0.27495959401130676, 0.2754605710506439, 0.2750767767429352, 0.2752889394760132, 0.27548766136169434, 0.27466022968292236, 0.2755559980869293, 0.27590689063072205, 0.27500325441360474, 0.2743675708770752, 0.27352458238601685, 0.2724083662033081, 0.27437496185302734, 0.27272576093673706, 0.2735555171966553, 0.2726774513721466, 0.2730899453163147, 0.27349865436553955, 0.27192187309265137, 0.2729227840900421, 0.2731335759162903, 0.27220335602760315, 0.2733231484889984, 0.2712668776512146, 0.2715882360935211, 0.27137672901153564, 0.272172212600708, 0.2715685963630676, 0.27068012952804565, 0.27175623178482056, 0.2719966173171997, 0.2724441885948181, 0.26973244547843933, 0.27126380801200867, 0.29145103693008423, 0.2838965952396393, 0.2848217785358429, 0.28337061405181885, 0.2823273539543152, 0.306839257478714, 0.30974042415618896, 0.3067196011543274, 0.30658528208732605, 0.30694419145584106, 0.30642783641815186, 0.30673012137413025, 0.3088063895702362, 0.33159691095352173, 0.3326294422149658, 0.3301623463630676, 0.33173438906669617, 0.33235132694244385]",4.0,"[33.0, 33.0, 33.0, 33.0, 33.0, 33.0, 33.0, 33.0, 33.0, 33.0, 33.0, 33.0, 33.0, 33.0, 33.0, 33.0, 33.0, 33.0, 33.0, 33.0, 33.0, 33.0, 33.0, 33.0, 33.0, 33.0, 33.0, 33.0, 33.0, 33.0, 33.0, 33.0, 33.0, 33.0, 33.0, 33.0, 33.0, 33.0, 33.0, 33.0, 33.0, 33.0, 33.0, 33.0, 29.0, 26.0, 22.0, 19.0, 19.0, 19.0, 17.0, 16.0, 16.0, 15.0, 14.0, 14.0, 14.0, 13.0, 13.0, 13.0, 13.0, 13.0, 13.0, 13.0, 13.0, 13.0, 13.0, 13.0, 13.0, 12.0, 12.0, 12.0, 11.0, 11.0, 11.0, 10.0, 10.0, 9.0, 9.0, 9.0, 9.0, 9.0, 9.0, 9.0, 9.0, 9.0, 9.0, 9.0, 9.0, 9.0, 9.0, 9.0, 8.0, 8.0, 8.0, 8.0, 8.0, 8.0, 8.0, 8.0, 8.0, 8.0, 7.0, 7.0, 7.0, 7.0, 7.0, 7.0, 7.0, 7.0, 7.0, 7.0, 7.0, 7.0, 7.0, 7.0, 7.0, 7.0, 7.0, 7.0, 7.0, 7.0, 7.0, 7.0, 7.0, 7.0, 7.0, 7.0, 7.0, 7.0, 7.0, 7.0, 7.0, 7.0, 7.0, 7.0, 7.0, 7.0, 7.0, 7.0, 7.0, 7.0, 7.0, 7.0, 7.0, 7.0, 7.0, 7.0, 7.0, 7.0, 7.0, 7.0, 7.0, 7.0, 7.0, 7.0, 7.0, 7.0, 7.0, 7.0, 7.0, 7.0, 7.0, 7.0, 7.0, 7.0, 7.0, 7.0, 7.0, 7.0, 7.0, 7.0, 7.0, 7.0, 7.0, 7.0, 7.0, 7.0, 7.0, 7.0, 7.0, 7.0, 7.0, 7.0, 7.0, 7.0, 7.0, 7.0, 7.0, 7.0, 7.0, 7.0, 7.0, 7.0, 7.0, 7.0, 7.0, 7.0, 7.0, 7.0, 7.0, 7.0, 7.0, 7.0, 7.0, 7.0, 7.0, 7.0, 7.0, 7.0, 7.0, 7.0, 7.0, 7.0, 7.0, 7.0, 7.0, 7.0, 7.0, 7.0, 7.0, 7.0, 7.0, 7.0, 7.0, 7.0, 7.0, 7.0, 7.0, 7.0, 7.0, 7.0, 7.0, 7.0, 7.0, 7.0, 7.0, 7.0, 7.0, 7.0, 7.0, 7.0, 7.0, 7.0, 7.0, 7.0, 7.0, 7.0, 7.0, 7.0, 7.0, 7.0, 7.0, 7.0, 7.0, 7.0, 7.0, 7.0, 7.0, 7.0, 7.0, 7.0, 6.0, 6.0, 6.0, 6.0, 6.0, 5.0, 5.0, 5.0, 5.0, 5.0, 5.0, 5.0, 5.0, 4.0, 4.0, 4.0, 4.0, 4.0]",COMPLETE
