,number,value,datetime_start,datetime_complete,duration,params_batch_size_scaler,params_constant_learning_rate,params_depth,params_epochs,params_kernel_l2,params_num_trees,params_temperature,user_attrs_accuracy_test,user_attrs_accuracy_valid,user_attrs_approximate_feature_sparsity,user_attrs_approximate_feature_sparsity_history,user_attrs_approximate_weight_sparsity,user_attrs_approximate_weight_sparsity_history,user_attrs_auc_test,user_attrs_auc_valid,user_attrs_feature_sparsity,user_attrs_feature_sparsity_history,user_attrs_num_epochs,user_attrs_val_loss_history,user_attrs_weight_sparsity,user_attrs_weight_sparsity_history,state
95,95,0.5,2024-08-31 04:16:48.220188,2024-08-31 04:17:32.862024,0 days 00:00:44.641836,64,9.108269292744763,4,455,0.015472531808708282,9,0.000580603341137185,0.859,0.85875,0,"[33, 33, 33, 33, 33, 33, 33, 33, 33, 31, 27, 22, 20, 19, 18, 18, 18, 18, 18, 18, 18, 18, 18, 16, 16, 16, 16, 16, 16, 16, 16, 15, 15, 11, 11, 11, 11, 11, 11, 11, 11, 11, 11, 11, 10, 10, 10, 10, 10, 9, 9, 9, 9, 9, 9, 9, 9, 9, 9, 9, 9, 9, 8, 8, 8, 8, 8, 8, 8, 8, 8, 8, 8, 8, 8, 8, 8, 8, 8, 7, 7, 7, 7, 7, 7, 7, 7, 6, 6, 6, 6, 6, 6, 6, 6, 6, 6, 6, 6, 5, 5, 5, 5, 5, 5, 5, 4, 4, 4, 4, 4, 4, 4, 4, 4, 4, 3, 3, 3, 3, 3, 3, 3, 3, 3, 3, 3, 3, 3, 3, 3, 3, 3, 3, 3, 3, 3, 3, 3, 3, 3, 3, 3, 2, 2, 2, 2, 2, 2, 2, 2, 2, 2, 2, 2, 2, 1, 1, 1, 1, 1, 1, 1, 1, 1, 1, 1, 1, 1, 1, 1, 1, 1, 1, 1, 1, 1, 1, 1, 1, 0, 0, 0, 0, 0, 0, 0, 0, 0, 0, 0, 0, 0, 0, 0, 0, 0, 0, 0, 0, 0, 0, 0, 0, 0, 0, 0, 0, 0, 0, 0, 0, 0, 0, 0, 0, 0, 0, 0, 0, 0, 0, 0, 0, 0, 0, 0, 0, 0, 0, 0, 0, 0, 0, 0, 0, 0, 0, 0, 0, 0, 0, 0, 0, 0, 0, 0, 0, 0, 0, 0, 0, 0, 0, 0, 0, 0, 0, 0, 0, 0, 0, 0, 0, 0, 0, 0, 0, 0, 0, 0, 0, 0, 0, 0, 0, 0, 0, 0, 0, 0, 0, 0, 0, 0, 0, 0, 0, 0, 0, 0, 0, 0, 0, 0, 0, 0, 0, 0, 0, 0, 0, 0, 0, 0, 0, 0, 0, 0, 0, 0, 0, 0, 0, 0, 0, 0, 0, 0, 0, 0, 0, 0, 0, 0, 0, 0, 0, 0, 0, 0, 0, 0, 0, 0, 0, 0, 0, 0, 0, 0, 0, 0, 0, 0, 0, 0, 0, 0, 0, 0, 0, 0, 0, 0, 0, 0, 0, 0, 0, 0, 0, 0, 0, 0, 0, 0, 0, 0, 0, 0, 0, 0, 0, 0, 0, 0, 0, 0, 0, 0, 0, 0, 0, 0, 0, 0, 0, 0, 0, 0, 0, 0, 0, 0, 0, 0, 0, 0, 0, 0, 0, 0, 0, 0, 0, 0, 0, 0, 0, 0, 0, 0, 0, 0, 0, 0, 0, 0, 0, 0, 0, 0, 0, 0, 0, 0, 0, 0, 0, 0, 0, 0, 0, 0, 0, 0, 0, 0, 0, 0, 0, 0, 0, 0, 0, 0, 0, 0, 0, 0, 0, 0, 0, 0]",0.0,"[32.977777777777774, 32.992592592592594, 32.977777777777774, 32.992592592592594, 32.98518518518519, 32.955555555555556, 32.97037037037037, 32.98518518518519, 32.97037037037037, 30.977777777777774, 26.977777777777778, 21.985185185185184, 19.985185185185184, 19.0, 18.0, 17.992592592592594, 17.985185185185184, 18.0, 17.977777777777774, 17.985185185185184, 18.0, 18.0, 17.992592592592594, 16.0, 15.992592592592592, 16.0, 15.992592592592592, 15.985185185185184, 15.992592592592592, 15.977777777777778, 15.985185185185184, 14.985185185185184, 14.977777777777778, 11.0, 11.0, 11.0, 11.0, 10.992592592592592, 11.0, 11.0, 11.0, 11.0, 10.992592592592592, 10.985185185185184, 10.0, 10.0, 10.0, 9.992592592592592, 10.0, 8.985185185185184, 9.0, 9.0, 9.0, 8.992592592592592, 8.985185185185184, 9.0, 9.0, 9.0, 9.0, 8.992592592592592, 8.977777777777778, 8.992592592592592, 7.985185185185185, 7.992592592592592, 7.985185185185185, 7.992592592592592, 7.992592592592592, 7.992592592592592, 8.0, 8.0, 7.992592592592592, 7.992592592592592, 7.992592592592592, 7.977777777777778, 8.0, 7.992592592592592, 7.97037037037037, 7.992592592592592, 7.992592592592592, 7.0, 7.0, 7.0, 7.0, 6.992592592592592, 6.992592592592592, 7.0, 7.0, 6.0, 6.0, 5.992592592592592, 5.985185185185185, 6.0, 5.992592592592592, 6.0, 6.0, 5.992592592592592, 5.992592592592592, 5.992592592592592, 6.0, 4.992592592592592, 5.0, 5.0, 5.0, 4.977777777777778, 5.0, 5.0, 3.9925925925925925, 3.9925925925925925, 3.9925925925925925, 3.9925925925925925, 4.0, 4.0, 4.0, 4.0, 3.9925925925925925, 4.0, 3.0, 3.0, 3.0, 3.0, 3.0, 3.0, 2.985185185185185, 3.0, 3.0, 3.0, 3.0, 2.985185185185185, 2.9925925925925925, 3.0, 3.0, 3.0, 2.9925925925925925, 3.0, 3.0, 3.0, 3.0, 3.0, 2.977777777777778, 2.9925925925925925, 3.0, 3.0, 3.0, 1.9925925925925925, 1.9925925925925925, 1.9925925925925925, 2.0, 2.0, 1.9925925925925925, 2.0, 2.0, 2.0, 1.9925925925925925, 1.9851851851851852, 2.0, 1.9925925925925925, 1.0, 1.0, 1.0, 1.0, 1.0, 0.9925925925925926, 1.0, 0.9925925925925926, 1.0, 1.0, 1.0, 1.0, 1.0, 1.0, 1.0, 1.0, 1.0, 1.0, 1.0, 1.0, 1.0, 1.0, 1.0, 1.0, 0.0, 0.0, 0.0, 0.0, 0.0, 0.0, 0.0, 0.0, 0.0, 0.0, 0.0, 0.0, 0.0, 0.0, 0.0, 0.0, 0.0, 0.0, 0.0, 0.0, 0.0, 0.0, 0.0, 0.0, 0.0, 0.0, 0.0, 0.0, 0.0, 0.0, 0.0, 0.0, 0.0, 0.0, 0.0, 0.0, 0.0, 0.0, 0.0, 0.0, 0.0, 0.0, 0.0, 0.0, 0.0, 0.0, 0.0, 0.0, 0.0, 0.0, 0.0, 0.0, 0.0, 0.0, 0.0, 0.0, 0.0, 0.0, 0.0, 0.0, 0.0, 0.0, 0.0, 0.0, 0.0, 0.0, 0.0, 0.0, 0.0, 0.0, 0.0, 0.0, 0.0, 0.0, 0.0, 0.0, 0.0, 0.0, 0.0, 0.0, 0.0, 0.0, 0.0, 0.0, 0.0, 0.0, 0.0, 0.0, 0.0, 0.0, 0.0, 0.0, 0.0, 0.0, 0.0, 0.0, 0.0, 0.0, 0.0, 0.0, 0.0, 0.0, 0.0, 0.0, 0.0, 0.0, 0.0, 0.0, 0.0, 0.0, 0.0, 0.0, 0.0, 0.0, 0.0, 0.0, 0.0, 0.0, 0.0, 0.0, 0.0, 0.0, 0.0, 0.0, 0.0, 0.0, 0.0, 0.0, 0.0, 0.0, 0.0, 0.0, 0.0, 0.0, 0.0, 0.0, 0.0, 0.0, 0.0, 0.0, 0.0, 0.0, 0.0, 0.0, 0.0, 0.0, 0.0, 0.0, 0.0, 0.0, 0.0, 0.0, 0.0, 0.0, 0.0, 0.0, 0.0, 0.0, 0.0, 0.0, 0.0, 0.0, 0.0, 0.0, 0.0, 0.0, 0.0, 0.0, 0.0, 0.0, 0.0, 0.0, 0.0, 0.0, 0.0, 0.0, 0.0, 0.0, 0.0, 0.0, 0.0, 0.0, 0.0, 0.0, 0.0, 0.0, 0.0, 0.0, 0.0, 0.0, 0.0, 0.0, 0.0, 0.0, 0.0, 0.0, 0.0, 0.0, 0.0, 0.0, 0.0, 0.0, 0.0, 0.0, 0.0, 0.0, 0.0, 0.0, 0.0, 0.0, 0.0, 0.0, 0.0, 0.0, 0.0, 0.0, 0.0, 0.0, 0.0, 0.0, 0.0, 0.0, 0.0, 0.0, 0.0, 0.0, 0.0, 0.0, 0.0, 0.0, 0.0, 0.0, 0.0, 0.0, 0.0, 0.0, 0.0, 0.0, 0.0, 0.0, 0.0, 0.0, 0.0, 0.0, 0.0, 0.0, 0.0, 0.0, 0.0, 0.0, 0.0, 0.0, 0.0, 0.0, 0.0, 0.0, 0.0, 0.0, 0.0, 0.0, 0.0, 0.0, 0.0, 0.0, 0.0, 0.0, 0.0, 0.0, 0.0, 0.0, 0.0, 0.0, 0.0, 0.0, 0.0]",0.5,0.5,0,"[33, 33, 33, 33, 33, 33, 33, 33, 33, 31, 27, 22, 20, 19, 18, 18, 18, 18, 18, 18, 18, 18, 18, 16, 16, 16, 16, 16, 16, 16, 16, 15, 15, 11, 11, 11, 11, 11, 11, 11, 11, 11, 11, 11, 10, 10, 10, 10, 10, 9, 9, 9, 9, 9, 9, 9, 9, 9, 9, 9, 9, 9, 8, 8, 8, 8, 8, 8, 8, 8, 8, 8, 8, 8, 8, 8, 8, 8, 8, 7, 7, 7, 7, 7, 7, 7, 7, 6, 6, 6, 6, 6, 6, 6, 6, 6, 6, 6, 6, 5, 5, 5, 5, 5, 5, 5, 4, 4, 4, 4, 4, 4, 4, 4, 4, 4, 3, 3, 3, 3, 3, 3, 3, 3, 3, 3, 3, 3, 3, 3, 3, 3, 3, 3, 3, 3, 3, 3, 3, 3, 3, 3, 3, 2, 2, 2, 2, 2, 2, 2, 2, 2, 2, 2, 2, 2, 1, 1, 1, 1, 1, 1, 1, 1, 1, 1, 1, 1, 1, 1, 1, 1, 1, 1, 1, 1, 1, 1, 1, 1, 0, 0, 0, 0, 0, 0, 0, 0, 0, 0, 0, 0, 0, 0, 0, 0, 0, 0, 0, 0, 0, 0, 0, 0, 0, 0, 0, 0, 0, 0, 0, 0, 0, 0, 0, 0, 0, 0, 0, 0, 0, 0, 0, 0, 0, 0, 0, 0, 0, 0, 0, 0, 0, 0, 0, 0, 0, 0, 0, 0, 0, 0, 0, 0, 0, 0, 0, 0, 0, 0, 0, 0, 0, 0, 0, 0, 0, 0, 0, 0, 0, 0, 0, 0, 0, 0, 0, 0, 0, 0, 0, 0, 0, 0, 0, 0, 0, 0, 0, 0, 0, 0, 0, 0, 0, 0, 0, 0, 0, 0, 0, 0, 0, 0, 0, 0, 0, 0, 0, 0, 0, 0, 0, 0, 0, 0, 0, 0, 0, 0, 0, 0, 0, 0, 0, 0, 0, 0, 0, 0, 0, 0, 0, 0, 0, 0, 0, 0, 0, 0, 0, 0, 0, 0, 0, 0, 0, 0, 0, 0, 0, 0, 0, 0, 0, 0, 0, 0, 0, 0, 0, 0, 0, 0, 0, 0, 0, 0, 0, 0, 0, 0, 0, 0, 0, 0, 0, 0, 0, 0, 0, 0, 0, 0, 0, 0, 0, 0, 0, 0, 0, 0, 0, 0, 0, 0, 0, 0, 0, 0, 0, 0, 0, 0, 0, 0, 0, 0, 0, 0, 0, 0, 0, 0, 0, 0, 0, 0, 0, 0, 0, 0, 0, 0, 0, 0, 0, 0, 0, 0, 0, 0, 0, 0, 0, 0, 0, 0, 0, 0, 0, 0, 0, 0, 0, 0, 0, 0, 0, 0, 0, 0, 0, 0, 0, 0, 0, 0, 0, 0, 0, 0, 0, 0, 0]",455,"[0.4035021662712097, 0.3605280816555023, 0.34439873695373535, 0.34021300077438354, 0.32240986824035645, 0.36561158299446106, 0.27160486578941345, 0.260682076215744, 0.26023927330970764, 0.25588682293891907, 0.3361940383911133, 0.2693694233894348, 0.2581908404827118, 0.23101967573165894, 0.21545591950416565, 0.28963467478752136, 0.242634579539299, 0.2711619734764099, 0.2362980991601944, 0.23071998357772827, 0.1968824714422226, 0.20793017745018005, 0.2587879002094269, 0.21602441370487213, 0.2108888179063797, 0.1910654455423355, 0.20261293649673462, 0.22409090399742126, 0.20277482271194458, 0.1917554885149002, 0.1914122998714447, 0.20251089334487915, 0.23721536993980408, 0.35207492113113403, 0.22181600332260132, 0.24681971967220306, 0.2197561413049698, 0.21282687783241272, 0.21618399024009705, 0.23352861404418945, 0.2147013247013092, 0.20841528475284576, 0.22064737975597382, 0.29029807448387146, 0.20893964171409607, 0.20824089646339417, 0.21056894958019257, 0.21747389435768127, 0.2604347765445709, 0.21543870866298676, 0.2846706211566925, 0.22410862147808075, 0.21535305678844452, 0.26597529649734497, 0.21190807223320007, 0.2633902430534363, 0.20640838146209717, 0.21391795575618744, 0.2589312493801117, 0.20964163541793823, 0.23025932908058167, 0.25750216841697693, 0.21184837818145752, 0.23225444555282593, 0.20503059029579163, 0.2076367735862732, 0.25371256470680237, 0.21075454354286194, 0.26631230115890503, 0.21223610639572144, 0.20965111255645752, 0.2085457742214203, 0.2294648289680481, 0.21012263000011444, 0.2141687273979187, 0.20306676626205444, 0.2284182757139206, 0.3918352425098419, 0.30579161643981934, 0.3717822730541229, 0.29288166761398315, 0.2848048210144043, 0.2757245600223541, 0.28108447790145874, 0.26400014758110046, 0.26813361048698425, 0.3936898112297058, 0.27534347772598267, 0.27619755268096924, 0.2744904160499573, 0.25706011056900024, 0.2528095245361328, 0.25511306524276733, 0.2545393705368042, 0.2516367435455322, 0.2736126184463501, 0.25101587176322937, 0.26097702980041504, 0.28527310490608215, 0.8771445751190186, 0.3015877604484558, 0.2959378659725189, 0.3144003450870514, 0.289352148771286, 0.2844497263431549, 0.2861350476741791, 0.29223576188087463, 0.29986682534217834, 0.29007473587989807, 0.30472877621650696, 0.2922981083393097, 0.288904070854187, 0.31374993920326233, 0.2934409976005554, 0.29113173484802246, 0.3609757125377655, 0.3067689836025238, 0.30109554529190063, 0.30698904395103455, 0.3025248944759369, 0.29826462268829346, 0.317219614982605, 0.29949063062667847, 0.30203258991241455, 0.30358561873435974, 0.2979311943054199, 0.29912298917770386, 0.3045750558376312, 0.29876285791397095, 0.3021107017993927, 0.30511903762817383, 0.31228798627853394, 0.3064655065536499, 0.31630200147628784, 0.3101605176925659, 0.2990768253803253, 0.3095954954624176, 0.30356481671333313, 0.312269389629364, 0.29966795444488525, 0.3055265545845032, 0.2979312837123871, 0.30713382363319397, 0.3538433313369751, 0.36899638175964355, 0.32624348998069763, 0.33191800117492676, 0.34515684843063354, 0.34165406227111816, 0.3282659649848938, 0.3228752613067627, 0.33593255281448364, 0.3226313889026642, 0.3284338414669037, 0.3234236538410187, 0.3257542550563812, 0.476665198802948, 0.39688944816589355, 0.3753518760204315, 0.3839288353919983, 0.3663831949234009, 0.3851052522659302, 0.3607736825942993, 0.38604485988616943, 0.4444456398487091, 0.36210545897483826, 0.3743734061717987, 0.36404046416282654, 0.36019366979599, 0.3726734519004822, 0.374664306640625, 0.3600573241710663, 0.36445578932762146, 0.381328284740448, 0.3661445677280426, 0.3640914261341095, 0.3618678152561188, 0.36972540616989136, 0.35895663499832153, 0.36400455236434937, 0.41187208890914917, 0.4423461854457855, 0.4183725118637085, 0.43549904227256775, 0.41042494773864746, 0.40955856442451477, 0.4072810113430023, 0.43363112211227417, 0.4148350656032562, 0.4094095230102539, 0.408934623003006, 0.4174247086048126, 0.40729397535324097, 0.4151187241077423, 0.40738773345947266, 0.42140448093414307, 0.440827876329422, 0.4094322919845581, 0.41268739104270935, 0.4272056818008423, 0.4269970655441284, 0.41328108310699463, 0.40728020668029785, 0.40733519196510315, 0.40773308277130127, 0.41307559609413147, 0.4445880055427551, 0.4133741855621338, 0.4180721342563629, 0.40791773796081543, 0.42517977952957153, 0.42904624342918396, 0.41143661737442017, 0.4080725908279419, 0.4896737039089203, 0.4077526330947876, 0.4152694344520569, 0.4152367115020752, 0.4162288010120392, 0.4147379994392395, 0.40852081775665283, 0.4167153537273407, 0.4082193076610565, 0.4428422451019287, 0.4684613049030304, 0.41200152039527893, 0.4130796194076538, 0.4096023440361023, 0.40733277797698975, 0.40727347135543823, 0.40744057297706604, 0.4082013666629791, 0.4072350561618805, 0.40811973810195923, 0.44180533289909363, 0.4195758104324341, 0.43122804164886475, 0.40743884444236755, 0.4073062539100647, 0.4115122854709625, 0.4317229092121124, 0.43012726306915283, 0.43631210923194885, 0.40834617614746094, 0.4072434902191162, 0.4265578091144562, 0.4080130457878113, 0.40744879841804504, 0.40725067257881165, 0.411783903837204, 0.41707777976989746, 0.4078214168548584, 0.4204328954219818, 0.4115482270717621, 0.5270185470581055, 0.42632046341896057, 0.43029654026031494, 0.42365288734436035, 0.4091609716415405, 0.4113214910030365, 0.40878286957740784, 0.40722939372062683, 0.4277166724205017, 0.4079422056674957, 0.4153619110584259, 0.40968620777130127, 0.4149126708507538, 0.4072326421737671, 0.4174221158027649, 0.40791159868240356, 0.4073202908039093, 0.42814838886260986, 0.411902517080307, 0.407918781042099, 0.4219653308391571, 0.4108074903488159, 0.42119529843330383, 0.4072510898113251, 0.40740880370140076, 0.41354483366012573, 0.41105887293815613, 0.4194054901599884, 0.40982887148857117, 0.41943037509918213, 0.40840426087379456, 0.40739914774894714, 0.4073241055011749, 0.41350921988487244, 0.42273369431495667, 0.4136902093887329, 0.4361737072467804, 0.4110538959503174, 0.43101823329925537, 0.40859466791152954, 0.4083394706249237, 0.43456870317459106, 0.41317886114120483, 0.40761566162109375, 0.408279687166214, 0.4072302281856537, 0.428879976272583, 0.4142536222934723, 0.40786224603652954, 0.4175872802734375, 0.40979498624801636, 0.4182758331298828, 0.4125973880290985, 0.4111676812171936, 0.4145077168941498, 0.4333633482456207, 0.40738731622695923, 0.4155198037624359, 0.422554612159729, 0.40895500779151917, 0.4181181788444519, 0.40803077816963196, 0.41120681166648865, 0.4326244294643402, 0.40736639499664307, 0.41423046588897705, 0.4077918231487274, 0.40807488560676575, 0.4193364381790161, 0.4114796817302704, 0.4113364517688751, 0.4073762893676758, 0.41070088744163513, 0.4113765060901642, 0.41505271196365356, 0.43577685952186584, 0.42389920353889465, 0.4132329523563385, 0.4079657793045044, 0.41386649012565613, 0.4131976366043091, 0.40752020478248596, 0.40791985392570496, 0.42073532938957214, 0.4072619378566742, 0.41679248213768005, 0.41299402713775635, 0.4072420001029968, 0.42478761076927185, 0.40828269720077515, 0.4078018069267273, 0.4178142845630646, 0.4075157046318054, 0.4077111780643463, 0.4131002426147461, 0.4224576950073242, 0.4080665707588196, 0.4091123342514038, 0.4074593484401703, 0.41088876128196716, 0.40838623046875, 0.4081032872200012, 0.40932342410087585, 0.4080783426761627, 0.40843665599823, 0.4193638861179352, 0.4222230017185211, 0.4104177951812744, 0.40762168169021606, 0.41576579213142395, 0.41886574029922485, 0.4202973246574402, 0.4075249135494232, 0.40901991724967957, 0.40883469581604004, 0.40980395674705505, 0.4119139015674591, 0.409031480550766, 0.4194001853466034, 0.41734182834625244, 0.4124990403652191, 0.4103919267654419, 0.4087197482585907, 0.4072347581386566, 0.40924736857414246, 0.4081491231918335, 0.40785881876945496, 0.4126337468624115, 0.4077232778072357, 0.4087274670600891, 0.4088848829269409, 0.4092501103878021, 0.4150143563747406, 0.40730148553848267, 0.4217101037502289, 0.43697988986968994, 0.4090050458908081, 0.40855637192726135, 0.4073316156864166, 0.4088193476200104, 0.41142475605010986, 0.41201573610305786, 0.4459489583969116, 0.4539785087108612, 0.4085983633995056, 0.45679280161857605, 0.40830719470977783, 0.4077776074409485, 0.40869754552841187, 0.4073382616043091, 0.4117650091648102, 0.40811020135879517, 0.4274351894855499, 0.4087044596672058, 0.4313724637031555, 0.4152992367744446, 0.42390549182891846, 0.40736085176467896, 0.41947442293167114, 0.40723663568496704, 0.40904033184051514, 0.4079393744468689, 0.40876418352127075, 0.40947991609573364, 0.4191899001598358, 0.4124390482902527, 0.4073183834552765, 0.40910303592681885, 0.4599356949329376, 0.40848463773727417, 0.40729913115501404, 0.4081166982650757, 0.431375652551651, 0.4325779378414154, 0.419188916683197, 0.40769463777542114, 0.4075382947921753, 0.4093209505081177, 0.41048702597618103, 0.40723922848701477, 0.4074077606201172, 0.41707679629325867, 0.40792396664619446, 0.4221058785915375, 0.41585099697113037, 0.41148489713668823, 0.4077398180961609, 0.41599297523498535, 0.4131418466567993, 0.4100590646266937, 0.407226026058197, 0.4075168967247009, 0.4077058434486389, 0.4201342761516571, 0.40774667263031006, 0.40722906589508057, 0.41482013463974, 0.4074152708053589, 0.4080828130245209, 0.40897148847579956, 0.4084080457687378]",0.0,"[33.0, 33.0, 33.0, 33.0, 33.0, 33.0, 33.0, 33.0, 33.0, 31.0, 27.0, 22.0, 20.0, 19.0, 18.0, 18.0, 18.0, 18.0, 18.0, 18.0, 18.0, 18.0, 18.0, 16.0, 16.0, 16.0, 16.0, 16.0, 16.0, 16.0, 16.0, 15.0, 15.0, 11.0, 11.0, 11.0, 11.0, 11.0, 11.0, 11.0, 11.0, 11.0, 11.0, 11.0, 10.0, 10.0, 10.0, 10.0, 10.0, 9.0, 9.0, 9.0, 9.0, 9.0, 9.0, 9.0, 9.0, 9.0, 9.0, 9.0, 9.0, 9.0, 8.0, 8.0, 8.0, 8.0, 8.0, 8.0, 8.0, 8.0, 8.0, 8.0, 8.0, 8.0, 8.0, 8.0, 8.0, 8.0, 8.0, 7.0, 7.0, 7.0, 7.0, 7.0, 7.0, 7.0, 7.0, 6.0, 6.0, 6.0, 6.0, 6.0, 6.0, 6.0, 6.0, 6.0, 6.0, 6.0, 6.0, 5.0, 5.0, 5.0, 5.0, 5.0, 5.0, 5.0, 4.0, 4.0, 4.0, 4.0, 4.0, 4.0, 4.0, 4.0, 4.0, 4.0, 3.0, 3.0, 3.0, 3.0, 3.0, 3.0, 3.0, 3.0, 3.0, 3.0, 3.0, 3.0, 3.0, 3.0, 3.0, 3.0, 3.0, 3.0, 3.0, 3.0, 3.0, 3.0, 3.0, 3.0, 3.0, 3.0, 3.0, 2.0, 2.0, 2.0, 2.0, 2.0, 2.0, 2.0, 2.0, 2.0, 2.0, 2.0, 2.0, 2.0, 1.0, 1.0, 1.0, 1.0, 1.0, 1.0, 1.0, 1.0, 1.0, 1.0, 1.0, 1.0, 1.0, 1.0, 1.0, 1.0, 1.0, 1.0, 1.0, 1.0, 1.0, 1.0, 1.0, 1.0, 0.0, 0.0, 0.0, 0.0, 0.0, 0.0, 0.0, 0.0, 0.0, 0.0, 0.0, 0.0, 0.0, 0.0, 0.0, 0.0, 0.0, 0.0, 0.0, 0.0, 0.0, 0.0, 0.0, 0.0, 0.0, 0.0, 0.0, 0.0, 0.0, 0.0, 0.0, 0.0, 0.0, 0.0, 0.0, 0.0, 0.0, 0.0, 0.0, 0.0, 0.0, 0.0, 0.0, 0.0, 0.0, 0.0, 0.0, 0.0, 0.0, 0.0, 0.0, 0.0, 0.0, 0.0, 0.0, 0.0, 0.0, 0.0, 0.0, 0.0, 0.0, 0.0, 0.0, 0.0, 0.0, 0.0, 0.0, 0.0, 0.0, 0.0, 0.0, 0.0, 0.0, 0.0, 0.0, 0.0, 0.0, 0.0, 0.0, 0.0, 0.0, 0.0, 0.0, 0.0, 0.0, 0.0, 0.0, 0.0, 0.0, 0.0, 0.0, 0.0, 0.0, 0.0, 0.0, 0.0, 0.0, 0.0, 0.0, 0.0, 0.0, 0.0, 0.0, 0.0, 0.0, 0.0, 0.0, 0.0, 0.0, 0.0, 0.0, 0.0, 0.0, 0.0, 0.0, 0.0, 0.0, 0.0, 0.0, 0.0, 0.0, 0.0, 0.0, 0.0, 0.0, 0.0, 0.0, 0.0, 0.0, 0.0, 0.0, 0.0, 0.0, 0.0, 0.0, 0.0, 0.0, 0.0, 0.0, 0.0, 0.0, 0.0, 0.0, 0.0, 0.0, 0.0, 0.0, 0.0, 0.0, 0.0, 0.0, 0.0, 0.0, 0.0, 0.0, 0.0, 0.0, 0.0, 0.0, 0.0, 0.0, 0.0, 0.0, 0.0, 0.0, 0.0, 0.0, 0.0, 0.0, 0.0, 0.0, 0.0, 0.0, 0.0, 0.0, 0.0, 0.0, 0.0, 0.0, 0.0, 0.0, 0.0, 0.0, 0.0, 0.0, 0.0, 0.0, 0.0, 0.0, 0.0, 0.0, 0.0, 0.0, 0.0, 0.0, 0.0, 0.0, 0.0, 0.0, 0.0, 0.0, 0.0, 0.0, 0.0, 0.0, 0.0, 0.0, 0.0, 0.0, 0.0, 0.0, 0.0, 0.0, 0.0, 0.0, 0.0, 0.0, 0.0, 0.0, 0.0, 0.0, 0.0, 0.0, 0.0, 0.0, 0.0, 0.0, 0.0, 0.0, 0.0, 0.0, 0.0, 0.0, 0.0, 0.0, 0.0, 0.0, 0.0, 0.0, 0.0, 0.0, 0.0, 0.0, 0.0, 0.0, 0.0, 0.0, 0.0, 0.0, 0.0, 0.0, 0.0, 0.0, 0.0, 0.0, 0.0, 0.0, 0.0, 0.0, 0.0, 0.0, 0.0, 0.0, 0.0, 0.0, 0.0, 0.0, 0.0, 0.0, 0.0, 0.0, 0.0, 0.0, 0.0, 0.0]",COMPLETE
