,number,value,datetime_start,datetime_complete,duration,params_batch_size_scaler,params_constant_learning_rate,params_depth,params_epochs,params_kernel_l2,params_num_trees,params_temperature,user_attrs_accuracy_test,user_attrs_accuracy_valid,user_attrs_approximate_feature_sparsity,user_attrs_approximate_feature_sparsity_history,user_attrs_approximate_weight_sparsity,user_attrs_approximate_weight_sparsity_history,user_attrs_auc_test,user_attrs_auc_valid,user_attrs_feature_sparsity,user_attrs_feature_sparsity_history,user_attrs_num_epochs,user_attrs_val_loss_history,user_attrs_weight_sparsity,user_attrs_weight_sparsity_history,state
153,153,0.9258285993997244,2024-08-31 07:04:05.539865,2024-08-31 07:09:04.962256,0 days 00:04:59.422391,1,0.01694377675175876,4,270,0.334344527810725,38,0.0020378018460824325,0.937,0.93,33,"[33, 33, 33, 33, 33, 33, 33, 33, 33, 33, 33, 33, 33, 33, 33, 33, 33, 33, 33, 33, 33, 33, 33, 33, 33, 33, 33, 33, 33, 33, 33, 33, 33, 33, 33, 33, 33, 33, 33, 33, 33, 33, 33, 33, 33, 33, 33, 33, 33, 33, 33, 33, 33, 33, 33, 33, 33, 33, 33, 33, 33, 33, 33, 33, 33, 33, 33, 33, 33, 33, 33, 33, 33, 33, 33, 33, 33, 33, 33, 33, 33, 33, 33, 33, 33, 33, 33, 33, 33, 33, 33, 33, 33, 33, 33, 33, 33, 33, 33, 33, 33, 33, 33, 33, 33, 33, 33, 33, 33, 33, 33, 33, 33, 33, 33, 33, 33, 33, 33, 33, 33, 33, 33, 33, 33, 33, 33, 33, 33, 33, 33, 33, 33, 33, 33, 33, 33, 33, 33, 33, 33, 33, 33, 33, 33, 33, 33, 33, 33, 33, 33, 33, 33, 33, 33, 33, 33, 33, 33, 33, 33, 33, 33, 33, 33, 33, 33, 33, 33, 33, 33, 33, 33, 33, 33, 33, 33, 33, 33, 33, 33, 33, 33, 33, 33, 33, 33, 33, 33, 33, 33, 33, 33, 33, 33, 33, 33, 33, 33, 33, 33, 33, 33, 33, 33, 33, 33, 33, 33, 33, 33, 33, 33, 33, 33, 33, 33, 33, 33, 33, 33, 33, 33, 33, 33, 33, 33, 33, 33, 33, 33, 33, 33, 33, 33, 33, 33, 33, 33, 33, 33, 33, 33, 33, 33, 33, 33, 33, 33, 33, 33, 33, 33, 33, 33, 33, 33, 33, 33, 33, 33, 33, 33, 33, 33, 33, 33, 33, 33, 33]",32.9140350877193,"[32.96666666666667, 32.97543859649123, 32.968421052631584, 32.97017543859649, 32.963157894736845, 32.96491228070175, 32.97894736842105, 32.96491228070175, 32.95438596491228, 32.97719298245614, 32.96491228070175, 32.97017543859649, 32.95789473684211, 32.95789473684211, 32.95438596491228, 32.96842105263158, 32.96140350877193, 32.95614035087719, 32.95263157894737, 32.95614035087719, 32.97017543859649, 32.97894736842105, 32.97543859649123, 32.95614035087719, 32.96666666666667, 32.973684210526315, 32.97894736842105, 32.96666666666667, 32.96842105263158, 32.96491228070175, 32.95438596491228, 32.96666666666667, 32.96842105263158, 32.973684210526315, 32.96842105263158, 32.96666666666667, 32.95263157894737, 32.9578947368421, 32.96491228070175, 32.96491228070175, 32.96140350877193, 32.95614035087719, 32.95614035087719, 32.96315789473684, 32.9719298245614, 32.95087719298245, 32.94736842105263, 32.96140350877193, 32.96140350877193, 32.95263157894737, 32.95789473684211, 32.970175438596485, 32.97017543859649, 32.97017543859649, 32.97719298245614, 32.95789473684211, 32.973684210526315, 32.96666666666667, 32.96842105263158, 32.97017543859649, 32.96140350877193, 32.96666666666666, 32.95614035087719, 32.95438596491228, 32.95087719298245, 32.95263157894737, 32.96666666666667, 32.9578947368421, 32.96315789473684, 32.96140350877193, 32.959649122807015, 32.973684210526315, 32.95614035087719, 32.96491228070175, 32.96666666666666, 32.96315789473684, 32.95964912280702, 32.959649122807015, 32.95789473684211, 32.959649122807015, 32.94736842105263, 32.95614035087719, 32.95438596491228, 32.949122807017545, 32.96491228070175, 32.94385964912281, 32.95263157894737, 32.96842105263158, 32.9578947368421, 32.95263157894737, 32.949122807017545, 32.95789473684211, 32.954385964912284, 32.96315789473684, 32.95614035087719, 32.95087719298245, 32.94912280701754, 32.954385964912284, 32.949122807017545, 32.949122807017545, 32.9719298245614, 32.97017543859649, 32.96491228070175, 32.96491228070175, 32.96666666666667, 32.96315789473684, 32.96315789473684, 32.96666666666667, 32.95789473684211, 32.96315789473684, 32.96140350877192, 32.949122807017545, 32.949122807017545, 32.949122807017545, 32.96491228070175, 32.93859649122807, 32.949122807017545, 32.95789473684211, 32.95263157894737, 32.949122807017545, 32.945614035087715, 32.94385964912281, 32.9421052631579, 32.93157894736842, 32.949122807017545, 32.95087719298245, 32.94736842105263, 32.94210526315789, 32.94736842105263, 32.95263157894737, 32.949122807017545, 32.94912280701754, 32.94736842105263, 32.94385964912281, 32.95087719298245, 32.94736842105263, 32.949122807017545, 32.95087719298245, 32.95614035087719, 32.95263157894737, 32.95614035087719, 32.954385964912284, 32.959649122807015, 32.945614035087715, 32.954385964912284, 32.94736842105263, 32.93859649122807, 32.945614035087715, 32.949122807017545, 32.93333333333333, 32.949122807017545, 32.9578947368421, 32.95263157894737, 32.94736842105263, 32.94736842105263, 32.940350877192984, 32.935087719298245, 32.94035087719298, 32.94385964912281, 32.945614035087715, 32.94736842105263, 32.945614035087715, 32.94385964912281, 32.93859649122807, 32.95087719298245, 32.94385964912281, 32.93684210526315, 32.92456140350877, 32.9280701754386, 32.91929824561403, 32.91754385964912, 32.92631578947368, 32.91578947368421, 32.91929824561404, 32.907017543859645, 32.907017543859645, 32.90877192982456, 32.91578947368421, 32.91228070175438, 32.90526315789474, 32.91754385964912, 32.91754385964912, 32.924561403508775, 32.907017543859645, 32.910526315789475, 32.921052631578945, 32.92105263157895, 32.94210526315789, 32.94210526315789, 32.94210526315789, 32.93684210526315, 32.935087719298245, 32.92982456140351, 32.940350877192984, 32.92807017543859, 32.93684210526315, 32.9280701754386, 32.92280701754386, 32.92631578947368, 32.91929824561404, 32.92280701754386, 32.92280701754386, 32.91578947368421, 32.92631578947368, 32.91929824561404, 32.924561403508775, 32.92982456140351, 32.9280701754386, 32.92456140350877, 32.921052631578945, 32.92631578947368, 32.921052631578945, 32.91754385964912, 32.92280701754386, 32.92807017543859, 32.91754385964912, 32.90526315789474, 32.907017543859645, 32.89824561403508, 32.90350877192982, 32.907017543859645, 32.91929824561404, 32.90526315789474, 32.901754385964914, 32.921052631578945, 32.91929824561404, 32.9140350877193, 32.91754385964912, 32.91228070175438, 32.91228070175438, 32.921052631578945, 32.92456140350877, 32.92631578947368, 32.92280701754386, 32.92456140350877, 32.9280701754386, 32.93157894736842, 32.91578947368421, 32.90350877192982, 32.90877192982456, 32.92456140350877, 32.93157894736842, 32.92456140350877, 32.91929824561403, 32.92280701754386, 32.91754385964912, 32.92631578947368, 32.92982456140351, 32.92982456140351, 32.93684210526315, 32.940350877192984, 32.94385964912281, 32.94210526315789, 32.9438596491228, 32.93333333333333, 32.92280701754386, 32.92982456140351, 32.935087719298245, 32.92982456140351, 32.92807017543859, 32.924561403508775, 32.91754385964912, 32.9280701754386, 32.921052631578945, 32.91754385964912, 32.92807017543859, 32.935087719298245, 32.92807017543859, 32.91754385964913, 32.9140350877193]",0.9084866949033594,0.9258285993997244,33,"[33, 33, 33, 33, 33, 33, 33, 33, 33, 33, 33, 33, 33, 33, 33, 33, 33, 33, 33, 33, 33, 33, 33, 33, 33, 33, 33, 33, 33, 33, 33, 33, 33, 33, 33, 33, 33, 33, 33, 33, 33, 33, 33, 33, 33, 33, 33, 33, 33, 33, 33, 33, 33, 33, 33, 33, 33, 33, 33, 33, 33, 33, 33, 33, 33, 33, 33, 33, 33, 33, 33, 33, 33, 33, 33, 33, 33, 33, 33, 33, 33, 33, 33, 33, 33, 33, 33, 33, 33, 33, 33, 33, 33, 33, 33, 33, 33, 33, 33, 33, 33, 33, 33, 33, 33, 33, 33, 33, 33, 33, 33, 33, 33, 33, 33, 33, 33, 33, 33, 33, 33, 33, 33, 33, 33, 33, 33, 33, 33, 33, 33, 33, 33, 33, 33, 33, 33, 33, 33, 33, 33, 33, 33, 33, 33, 33, 33, 33, 33, 33, 33, 33, 33, 33, 33, 33, 33, 33, 33, 33, 33, 33, 33, 33, 33, 33, 33, 33, 33, 33, 33, 33, 33, 33, 33, 33, 33, 33, 33, 33, 33, 33, 33, 33, 33, 33, 33, 33, 33, 33, 33, 33, 33, 33, 33, 33, 33, 33, 33, 33, 33, 33, 33, 33, 33, 33, 33, 33, 33, 33, 33, 33, 33, 33, 33, 33, 33, 33, 33, 33, 33, 33, 33, 33, 33, 33, 33, 33, 33, 33, 33, 33, 33, 33, 33, 33, 33, 33, 33, 33, 33, 33, 33, 33, 33, 33, 33, 33, 33, 33, 33, 33, 33, 33, 33, 33, 33, 33, 33, 33, 33, 33, 33, 33, 33, 33, 33, 33, 33, 33]",270,"[0.4316738545894623, 0.42324307560920715, 0.4175128638744354, 0.41320735216140747, 0.4099791646003723, 0.4077123999595642, 0.40460070967674255, 0.4025768041610718, 0.40055906772613525, 0.39872854948043823, 0.39712563157081604, 0.3952893912792206, 0.39362937211990356, 0.3920821249485016, 0.3911293148994446, 0.38906705379486084, 0.3876224756240845, 0.38604575395584106, 0.38428840041160583, 0.38277798891067505, 0.38151395320892334, 0.38003867864608765, 0.37863633036613464, 0.37679797410964966, 0.37531808018684387, 0.3741256594657898, 0.3724147081375122, 0.3709990978240967, 0.3696465790271759, 0.36828377842903137, 0.3664538264274597, 0.36498400568962097, 0.36348801851272583, 0.3619901239871979, 0.36070382595062256, 0.3590914011001587, 0.3573685884475708, 0.35585564374923706, 0.35432982444763184, 0.3529067635536194, 0.35140088200569153, 0.34965094923973083, 0.34807178378105164, 0.346427321434021, 0.34509846568107605, 0.34310558438301086, 0.3415769338607788, 0.3399389982223511, 0.3383304476737976, 0.33660924434661865, 0.33537840843200684, 0.3334546387195587, 0.331692099571228, 0.3301670551300049, 0.32849738001823425, 0.32715660333633423, 0.3259052336215973, 0.32384276390075684, 0.32236525416374207, 0.3208892047405243, 0.31921178102493286, 0.3176758885383606, 0.31617066264152527, 0.31462058424949646, 0.3132493197917938, 0.3120541274547577, 0.31065353751182556, 0.30930808186531067, 0.3081345856189728, 0.3068111836910248, 0.3055959641933441, 0.30487996339797974, 0.30325624346733093, 0.30207881331443787, 0.3009594976902008, 0.2999715507030487, 0.2988958954811096, 0.2979279160499573, 0.29703593254089355, 0.2963080406188965, 0.2948586046695709, 0.29402267932891846, 0.29317232966423035, 0.2923138737678528, 0.29146286845207214, 0.29058337211608887, 0.28990599513053894, 0.28896093368530273, 0.28813520073890686, 0.2872300446033478, 0.28667593002319336, 0.2855726480484009, 0.28493353724479675, 0.2841876149177551, 0.28366604447364807, 0.2827248275279999, 0.2820776700973511, 0.28143414855003357, 0.28061574697494507, 0.2799971103668213, 0.2793077230453491, 0.2787083685398102, 0.2779296040534973, 0.2772429883480072, 0.27676868438720703, 0.2759573757648468, 0.2755565345287323, 0.27473774552345276, 0.27438992261886597, 0.2736126780509949, 0.2732870876789093, 0.2727051377296448, 0.27205342054367065, 0.2715299129486084, 0.2707134485244751, 0.2702099680900574, 0.26966169476509094, 0.2689492404460907, 0.2684881091117859, 0.2679603099822998, 0.2674223482608795, 0.2670368254184723, 0.266196608543396, 0.2659071087837219, 0.26579201221466064, 0.2653734087944031, 0.2642931044101715, 0.2636312246322632, 0.2633219063282013, 0.26265400648117065, 0.2623295783996582, 0.2622179090976715, 0.26145032048225403, 0.26094359159469604, 0.26046857237815857, 0.26001277565956116, 0.2598804533481598, 0.259287565946579, 0.25885209441185, 0.2584061026573181, 0.2576298117637634, 0.2575170397758484, 0.25685006380081177, 0.25663840770721436, 0.2565033435821533, 0.2555660009384155, 0.2550494074821472, 0.25515109300613403, 0.2540417015552521, 0.2537447214126587, 0.2534528076648712, 0.25332650542259216, 0.252979040145874, 0.2527582049369812, 0.2528141438961029, 0.25203993916511536, 0.25108155608177185, 0.25059571862220764, 0.2504720985889435, 0.2501778304576874, 0.2503930330276489, 0.24987927079200745, 0.24946269392967224, 0.24876315891742706, 0.24824455380439758, 0.2479998916387558, 0.24826589226722717, 0.24800868332386017, 0.24728770554065704, 0.24713197350502014, 0.24621014297008514, 0.24585266411304474, 0.2463725060224533, 0.24557776749134064, 0.2452044039964676, 0.2446715533733368, 0.244613915681839, 0.24430719017982483, 0.24403777718544006, 0.24356909096240997, 0.24347300827503204, 0.24309803545475006, 0.2426408976316452, 0.2424854338169098, 0.24166026711463928, 0.24219773709774017, 0.24202226102352142, 0.2420746237039566, 0.24149835109710693, 0.24125678837299347, 0.24049338698387146, 0.24059182405471802, 0.24032020568847656, 0.23967449367046356, 0.2399693727493286, 0.24005156755447388, 0.23989267647266388, 0.23910093307495117, 0.23850111663341522, 0.23858948051929474, 0.23888170719146729, 0.23887763917446136, 0.238301083445549, 0.2376820147037506, 0.23750028014183044, 0.2377581000328064, 0.23734958469867706, 0.2371758222579956, 0.23746523261070251, 0.23709271848201752, 0.23617364466190338, 0.23603583872318268, 0.23591925203800201, 0.2359410673379898, 0.2358708381652832, 0.23480594158172607, 0.2346651256084442, 0.23482854664325714, 0.23465856909751892, 0.2341323345899582, 0.23430049419403076, 0.23338474333286285, 0.2341507524251938, 0.23372310400009155, 0.23374122381210327, 0.23358987271785736, 0.23348666727542877, 0.23271770775318146, 0.23271749913692474, 0.23223979771137238, 0.23293223977088928, 0.2326856553554535, 0.23205870389938354, 0.23325470089912415, 0.23209832608699799, 0.23230786621570587, 0.23218759894371033, 0.23215225338935852, 0.23172345757484436, 0.23209652304649353, 0.23110131919384003, 0.23073992133140564, 0.23128198087215424, 0.2321021407842636, 0.23034267127513885, 0.2305120825767517, 0.2304069548845291, 0.22997036576271057, 0.23043733835220337, 0.23028597235679626, 0.22950221598148346, 0.2294347733259201, 0.22909098863601685, 0.22927460074424744, 0.22931070625782013, 0.22906403243541718, 0.23008933663368225, 0.22947794198989868, 0.22855037450790405, 0.22891540825366974, 0.2288549840450287, 0.22851936519145966, 0.22865644097328186, 0.2291204035282135, 0.22872187197208405, 0.22889627516269684, 0.22845661640167236, 0.22845470905303955, 0.227935791015625, 0.2276192307472229]",33.0,"[33.0, 33.0, 33.0, 33.0, 33.0, 33.0, 33.0, 33.0, 33.0, 33.0, 33.0, 33.0, 33.0, 33.0, 33.0, 33.0, 33.0, 33.0, 33.0, 33.0, 33.0, 33.0, 33.0, 33.0, 33.0, 33.0, 33.0, 33.0, 33.0, 33.0, 33.0, 33.0, 33.0, 33.0, 33.0, 33.0, 33.0, 33.0, 33.0, 33.0, 33.0, 33.0, 33.0, 33.0, 33.0, 33.0, 33.0, 33.0, 33.0, 33.0, 33.0, 33.0, 33.0, 33.0, 33.0, 33.0, 33.0, 33.0, 33.0, 33.0, 33.0, 33.0, 33.0, 33.0, 33.0, 33.0, 33.0, 33.0, 33.0, 33.0, 33.0, 33.0, 33.0, 33.0, 33.0, 33.0, 33.0, 33.0, 33.0, 33.0, 33.0, 33.0, 33.0, 33.0, 33.0, 33.0, 33.0, 33.0, 33.0, 33.0, 33.0, 33.0, 33.0, 33.0, 33.0, 33.0, 33.0, 33.0, 33.0, 33.0, 33.0, 33.0, 33.0, 33.0, 33.0, 33.0, 33.0, 33.0, 33.0, 33.0, 33.0, 33.0, 33.0, 33.0, 33.0, 33.0, 33.0, 33.0, 33.0, 33.0, 33.0, 33.0, 33.0, 33.0, 33.0, 33.0, 33.0, 33.0, 33.0, 33.0, 33.0, 33.0, 33.0, 33.0, 33.0, 33.0, 33.0, 33.0, 33.0, 33.0, 33.0, 33.0, 33.0, 33.0, 33.0, 33.0, 33.0, 33.0, 33.0, 33.0, 33.0, 33.0, 33.0, 33.0, 33.0, 33.0, 33.0, 33.0, 33.0, 33.0, 33.0, 33.0, 33.0, 33.0, 33.0, 33.0, 33.0, 33.0, 33.0, 33.0, 33.0, 33.0, 33.0, 33.0, 33.0, 33.0, 33.0, 33.0, 33.0, 33.0, 33.0, 33.0, 33.0, 33.0, 33.0, 33.0, 33.0, 33.0, 33.0, 33.0, 33.0, 33.0, 33.0, 33.0, 33.0, 33.0, 33.0, 33.0, 33.0, 33.0, 33.0, 33.0, 33.0, 33.0, 33.0, 33.0, 33.0, 33.0, 33.0, 33.0, 33.0, 33.0, 33.0, 33.0, 33.0, 33.0, 33.0, 33.0, 33.0, 33.0, 33.0, 33.0, 33.0, 33.0, 33.0, 33.0, 33.0, 33.0, 33.0, 33.0, 33.0, 33.0, 33.0, 33.0, 33.0, 33.0, 33.0, 33.0, 33.0, 33.0, 33.0, 33.0, 33.0, 33.0, 33.0, 33.0, 33.0, 33.0, 33.0, 33.0, 33.0, 33.0, 33.0, 33.0, 33.0, 33.0, 33.0, 33.0, 33.0, 33.0, 33.0, 33.0, 33.0, 33.0, 33.0, 33.0, 33.0, 33.0, 33.0, 33.0]",COMPLETE
