,number,value,datetime_start,datetime_complete,duration,params_batch_size_scaler,params_constant_learning_rate,params_depth,params_epochs,params_kernel_l2,params_num_trees,params_temperature,user_attrs_accuracy_test,user_attrs_accuracy_valid,user_attrs_approximate_feature_sparsity,user_attrs_approximate_feature_sparsity_history,user_attrs_approximate_weight_sparsity,user_attrs_approximate_weight_sparsity_history,user_attrs_auc_test,user_attrs_auc_valid,user_attrs_feature_sparsity,user_attrs_feature_sparsity_history,user_attrs_num_epochs,user_attrs_val_loss_history,user_attrs_weight_sparsity,user_attrs_weight_sparsity_history,state
102,102,0.9313676237585501,2024-08-31 04:31:02.137657,2024-08-31 04:32:06.785826,0 days 00:01:04.648169,16,0.7636480028031302,4,250,0.06066679123692663,32,0.00010545108342692003,0.949,0.94875,31,"[33, 33, 33, 33, 33, 33, 33, 33, 33, 33, 33, 33, 33, 33, 33, 33, 33, 33, 33, 33, 33, 33, 33, 33, 33, 33, 33, 33, 33, 33, 33, 33, 33, 33, 33, 33, 33, 33, 33, 33, 33, 33, 33, 33, 33, 33, 33, 33, 33, 33, 33, 33, 33, 33, 33, 33, 33, 33, 33, 33, 33, 33, 33, 33, 33, 33, 33, 33, 33, 33, 33, 33, 33, 33, 33, 33, 33, 33, 33, 33, 33, 33, 33, 33, 33, 33, 33, 33, 33, 33, 33, 33, 33, 33, 33, 33, 33, 33, 33, 33, 33, 33, 33, 33, 33, 33, 33, 33, 33, 33, 33, 33, 33, 33, 33, 33, 33, 33, 33, 33, 33, 33, 33, 33, 33, 33, 33, 33, 33, 33, 33, 33, 33, 33, 33, 33, 33, 33, 33, 33, 33, 33, 33, 33, 33, 33, 33, 33, 33, 33, 33, 32, 32, 32, 32, 32, 32, 32, 32, 32, 32, 32, 32, 32, 32, 32, 32, 32, 32, 32, 32, 32, 32, 32, 32, 32, 32, 32, 32, 32, 32, 32, 32, 32, 32, 32, 32, 32, 32, 32, 32, 32, 32, 32, 32, 32, 32, 32, 32, 32, 32, 32, 32, 32, 32, 32, 32, 32, 32, 32, 32, 32, 32, 32, 32, 32, 32, 32, 32, 32, 32, 32, 32, 32, 32, 32, 32, 32, 32, 32, 32, 32, 32, 32, 32, 32, 32, 32, 32, 32, 32, 32, 32, 32, 32, 32, 32, 31, 31, 31]",30.943749999999998,"[32.98125, 32.962500000000006, 32.96041666666667, 32.96666666666667, 32.97708333333333, 32.98125, 32.97291666666667, 32.962500000000006, 32.96666666666667, 32.954166666666666, 32.96458333333334, 32.96666666666667, 32.958333333333336, 32.97708333333333, 32.962500000000006, 32.97083333333333, 32.989583333333336, 32.96875, 32.96875, 32.958333333333336, 32.97083333333333, 32.975, 32.97083333333333, 32.96666666666667, 32.96458333333334, 32.97708333333333, 32.96666666666667, 32.98125, 32.975, 32.96875, 32.97708333333333, 32.97083333333333, 32.97708333333333, 32.97291666666667, 32.95625, 32.96875, 32.962500000000006, 32.96041666666667, 32.96666666666667, 32.954166666666666, 32.96666666666667, 32.96041666666667, 32.96041666666667, 32.952083333333334, 32.97291666666667, 32.962500000000006, 32.96875, 32.983333333333334, 32.96041666666667, 32.97916666666667, 32.98125, 32.97291666666666, 32.97291666666667, 32.97708333333333, 32.962500000000006, 32.96875, 32.97291666666667, 32.98125, 32.97708333333333, 32.975, 32.98125, 32.983333333333334, 32.97708333333333, 32.975, 32.96041666666667, 32.975, 32.975, 32.97291666666667, 32.962500000000006, 32.958333333333336, 32.962500000000006, 32.97291666666667, 32.96875, 32.96875, 32.96666666666667, 32.96666666666667, 32.958333333333336, 32.96041666666667, 32.96666666666667, 32.958333333333336, 32.956250000000004, 32.962500000000006, 32.97083333333334, 32.96458333333334, 32.97291666666667, 32.975, 32.952083333333334, 32.97083333333333, 32.97083333333333, 32.96875, 32.97291666666667, 32.97083333333333, 32.97291666666667, 32.97083333333333, 32.97291666666667, 32.975, 32.96458333333334, 32.958333333333336, 32.96666666666667, 32.96666666666667, 32.956250000000004, 32.96875, 32.962500000000006, 32.95625, 32.96041666666667, 32.96041666666667, 32.956250000000004, 32.97291666666667, 32.97083333333334, 32.96666666666667, 32.95625, 32.954166666666666, 32.954166666666666, 32.95, 32.958333333333336, 32.96458333333334, 32.96458333333334, 32.956250000000004, 32.962500000000006, 32.962500000000006, 32.97291666666667, 32.96875, 32.962500000000006, 32.98125, 32.96875, 32.96875, 32.97083333333333, 32.96666666666667, 32.97916666666667, 32.975, 32.97083333333333, 32.97083333333333, 32.975, 32.96666666666667, 32.97291666666667, 32.97291666666667, 32.96458333333334, 32.962500000000006, 32.96458333333334, 32.962500000000006, 32.954166666666666, 32.962500000000006, 32.96458333333334, 32.958333333333336, 32.975, 32.96041666666667, 32.952083333333334, 32.97083333333333, 32.962500000000006, 32.962500000000006, 32.97291666666667, 31.96875, 31.97291666666667, 31.958333333333332, 31.966666666666665, 31.96875, 31.970833333333335, 31.970833333333335, 31.964583333333337, 31.964583333333337, 31.958333333333336, 31.96666666666667, 31.96666666666667, 31.960416666666667, 31.964583333333337, 31.962500000000002, 31.96666666666667, 31.962500000000002, 31.975, 31.96875, 31.977083333333333, 31.96875, 31.954166666666666, 31.958333333333332, 31.958333333333336, 31.964583333333337, 31.956250000000004, 31.962500000000002, 31.960416666666667, 31.96875, 31.958333333333336, 31.964583333333334, 31.968750000000004, 31.966666666666665, 31.970833333333335, 31.960416666666664, 31.970833333333335, 31.97291666666667, 31.979166666666668, 31.9875, 31.96666666666667, 31.960416666666667, 31.968750000000004, 31.960416666666667, 31.962500000000002, 31.958333333333332, 31.952083333333334, 31.95416666666667, 31.95, 31.95625, 31.964583333333334, 31.96875, 31.958333333333336, 31.95416666666667, 31.970833333333335, 31.95625, 31.958333333333332, 31.966666666666665, 31.95208333333333, 31.962500000000002, 31.956250000000004, 31.960416666666667, 31.952083333333334, 31.95416666666667, 31.95625, 31.95416666666667, 31.945833333333336, 31.94375, 31.950000000000003, 31.958333333333336, 31.933333333333334, 31.943750000000005, 31.962500000000002, 31.958333333333336, 31.952083333333334, 31.954166666666666, 31.952083333333338, 31.95416666666667, 31.94375, 31.94791666666667, 31.941666666666666, 31.958333333333336, 31.95625, 31.954166666666666, 31.956250000000004, 31.962500000000002, 31.956250000000004, 31.954166666666666, 31.952083333333334, 31.954166666666666, 31.958333333333336, 31.94375, 31.950000000000003, 31.9375, 31.945833333333333, 31.95625, 31.9375, 30.95, 30.956250000000004, 30.943749999999998]",0.9145138252462455,0.9313676237585501,31,"[33, 33, 33, 33, 33, 33, 33, 33, 33, 33, 33, 33, 33, 33, 33, 33, 33, 33, 33, 33, 33, 33, 33, 33, 33, 33, 33, 33, 33, 33, 33, 33, 33, 33, 33, 33, 33, 33, 33, 33, 33, 33, 33, 33, 33, 33, 33, 33, 33, 33, 33, 33, 33, 33, 33, 33, 33, 33, 33, 33, 33, 33, 33, 33, 33, 33, 33, 33, 33, 33, 33, 33, 33, 33, 33, 33, 33, 33, 33, 33, 33, 33, 33, 33, 33, 33, 33, 33, 33, 33, 33, 33, 33, 33, 33, 33, 33, 33, 33, 33, 33, 33, 33, 33, 33, 33, 33, 33, 33, 33, 33, 33, 33, 33, 33, 33, 33, 33, 33, 33, 33, 33, 33, 33, 33, 33, 33, 33, 33, 33, 33, 33, 33, 33, 33, 33, 33, 33, 33, 33, 33, 33, 33, 33, 33, 33, 33, 33, 33, 33, 33, 32, 32, 32, 32, 32, 32, 32, 32, 32, 32, 32, 32, 32, 32, 32, 32, 32, 32, 32, 32, 32, 32, 32, 32, 32, 32, 32, 32, 32, 32, 32, 32, 32, 32, 32, 32, 32, 32, 32, 32, 32, 32, 32, 32, 32, 32, 32, 32, 32, 32, 32, 32, 32, 32, 32, 32, 32, 32, 32, 32, 32, 32, 32, 32, 32, 32, 32, 32, 32, 32, 32, 32, 32, 32, 32, 32, 32, 32, 32, 32, 32, 32, 32, 32, 32, 32, 32, 32, 32, 32, 32, 32, 32, 32, 32, 32, 31, 31, 31]",250,"[0.39528360962867737, 0.3825664520263672, 0.3766572177410126, 0.3730163872241974, 0.36698752641677856, 0.36382848024368286, 0.35881954431533813, 0.3587297797203064, 0.3515138626098633, 0.3445737063884735, 0.34262001514434814, 0.33632946014404297, 0.33118149638175964, 0.3273688852787018, 0.3204984664916992, 0.31563910841941833, 0.3101963996887207, 0.30636635422706604, 0.3018971383571625, 0.297118216753006, 0.2923004627227783, 0.2885127663612366, 0.2848418056964874, 0.2819434404373169, 0.27882423996925354, 0.27825891971588135, 0.27414822578430176, 0.2712908983230591, 0.26939094066619873, 0.26880910992622375, 0.2648039758205414, 0.26229751110076904, 0.2605185806751251, 0.263394296169281, 0.25674524903297424, 0.25488612055778503, 0.2524002194404602, 0.2544017732143402, 0.249969944357872, 0.24885207414627075, 0.24682439863681793, 0.245469868183136, 0.24238388240337372, 0.2418171912431717, 0.23910503089427948, 0.2386610209941864, 0.23880867660045624, 0.2352776676416397, 0.2346591353416443, 0.23561134934425354, 0.23179897665977478, 0.2324109822511673, 0.23177604377269745, 0.22918419539928436, 0.2262120395898819, 0.2276163548231125, 0.2251548320055008, 0.2251541167497635, 0.22248028218746185, 0.22099243104457855, 0.22056293487548828, 0.22315026819705963, 0.2194480001926422, 0.21900035440921783, 0.2192404717206955, 0.21836578845977783, 0.21964776515960693, 0.2169145941734314, 0.21524247527122498, 0.21371541917324066, 0.2138986438512802, 0.21170614659786224, 0.21205207705497742, 0.21331995725631714, 0.21394659578800201, 0.21199800074100494, 0.20876222848892212, 0.20976772904396057, 0.21019969880580902, 0.2082633227109909, 0.2078174352645874, 0.20745347440242767, 0.21234482526779175, 0.2126648873090744, 0.20647656917572021, 0.20683977007865906, 0.2093495875597, 0.20487800240516663, 0.20694784820079803, 0.2041235715150833, 0.21028070151805878, 0.20258912444114685, 0.20741216838359833, 0.20289039611816406, 0.2040490210056305, 0.20333439111709595, 0.20369262993335724, 0.20339509844779968, 0.20435823500156403, 0.20241616666316986, 0.20020149648189545, 0.20024122297763824, 0.2079261839389801, 0.20415537059307098, 0.20076946914196014, 0.20187117159366608, 0.19899164140224457, 0.19709962606430054, 0.20667964220046997, 0.20199550688266754, 0.19802050292491913, 0.19782531261444092, 0.202086940407753, 0.1977410763502121, 0.2016882747411728, 0.1977669596672058, 0.19685423374176025, 0.20275652408599854, 0.19718420505523682, 0.1972692906856537, 0.19693495333194733, 0.204330176115036, 0.1950497180223465, 0.1978314071893692, 0.19611909985542297, 0.19886110723018646, 0.19819051027297974, 0.19708499312400818, 0.19407089054584503, 0.19422027468681335, 0.19457508623600006, 0.19642426073551178, 0.1966131180524826, 0.19852261245250702, 0.19699078798294067, 0.19704294204711914, 0.19296789169311523, 0.1967785656452179, 0.19857220351696014, 0.1946350336074829, 0.1946670413017273, 0.195470929145813, 0.19724613428115845, 0.19603586196899414, 0.193842813372612, 0.19494642317295074, 0.19250592589378357, 0.198964923620224, 0.19519883394241333, 0.19598260521888733, 0.1937137395143509, 0.1923736184835434, 0.1908562332391739, 0.19981218874454498, 0.19662705063819885, 0.19295383989810944, 0.19772954285144806, 0.19126024842262268, 0.19431504607200623, 0.19003063440322876, 0.191966712474823, 0.18969860672950745, 0.19328412413597107, 0.18987010419368744, 0.19275543093681335, 0.19418743252754211, 0.19362932443618774, 0.19410493969917297, 0.19143381714820862, 0.19038423895835876, 0.1895950734615326, 0.19331134855747223, 0.1898232251405716, 0.19312860071659088, 0.19123868644237518, 0.18864822387695312, 0.19105201959609985, 0.19053003191947937, 0.19189180433750153, 0.19077356159687042, 0.19191661477088928, 0.19422103464603424, 0.19439160823822021, 0.1924728900194168, 0.19074513018131256, 0.1883889138698578, 0.19586853682994843, 0.18965716660022736, 0.19228817522525787, 0.19459569454193115, 0.1901416778564453, 0.1887432485818863, 0.18986128270626068, 0.19282878935337067, 0.19192253053188324, 0.19623036682605743, 0.19863808155059814, 0.19372715055942535, 0.19303186237812042, 0.19030232727527618, 0.19227612018585205, 0.19169273972511292, 0.19069156050682068, 0.1893499344587326, 0.19399084150791168, 0.18822412192821503, 0.19622358679771423, 0.19341571629047394, 0.19331754744052887, 0.19254077970981598, 0.19314253330230713, 0.19363026320934296, 0.1920393705368042, 0.19537360966205597, 0.1932937055826187, 0.19566167891025543, 0.19338756799697876, 0.19165481626987457, 0.19065774977207184, 0.2018662393093109, 0.19193415343761444, 0.19423364102840424, 0.19592195749282837, 0.194254070520401, 0.19616703689098358, 0.19135527312755585, 0.19396422803401947, 0.1914811134338379, 0.19100883603096008, 0.19087156653404236, 0.19067807495594025, 0.2043243795633316, 0.19809138774871826, 0.19269447028636932, 0.19381992518901825, 0.19143760204315186, 0.1934434324502945, 0.1940637230873108, 0.19262368977069855, 0.19078250229358673, 0.19271546602249146, 0.1923016756772995, 0.19443149864673615, 0.19413988292217255, 0.19532367587089539, 0.1914501190185547, 0.194200798869133, 0.19500254094600677, 0.19464093446731567, 0.19214338064193726]",31.0,"[33.0, 33.0, 33.0, 33.0, 33.0, 33.0, 33.0, 33.0, 33.0, 33.0, 33.0, 33.0, 33.0, 33.0, 33.0, 33.0, 33.0, 33.0, 33.0, 33.0, 33.0, 33.0, 33.0, 33.0, 33.0, 33.0, 33.0, 33.0, 33.0, 33.0, 33.0, 33.0, 33.0, 33.0, 33.0, 33.0, 33.0, 33.0, 33.0, 33.0, 33.0, 33.0, 33.0, 33.0, 33.0, 33.0, 33.0, 33.0, 33.0, 33.0, 33.0, 33.0, 33.0, 33.0, 33.0, 33.0, 33.0, 33.0, 33.0, 33.0, 33.0, 33.0, 33.0, 33.0, 33.0, 33.0, 33.0, 33.0, 33.0, 33.0, 33.0, 33.0, 33.0, 33.0, 33.0, 33.0, 33.0, 33.0, 33.0, 33.0, 33.0, 33.0, 33.0, 33.0, 33.0, 33.0, 33.0, 33.0, 33.0, 33.0, 33.0, 33.0, 33.0, 33.0, 33.0, 33.0, 33.0, 33.0, 33.0, 33.0, 33.0, 33.0, 33.0, 33.0, 33.0, 33.0, 33.0, 33.0, 33.0, 33.0, 33.0, 33.0, 33.0, 33.0, 33.0, 33.0, 33.0, 33.0, 33.0, 33.0, 33.0, 33.0, 33.0, 33.0, 33.0, 33.0, 33.0, 33.0, 33.0, 33.0, 33.0, 33.0, 33.0, 33.0, 33.0, 33.0, 33.0, 33.0, 33.0, 33.0, 33.0, 33.0, 33.0, 33.0, 33.0, 33.0, 33.0, 33.0, 33.0, 33.0, 33.0, 32.0, 32.0, 32.0, 32.0, 32.0, 32.0, 32.0, 32.0, 32.0, 32.0, 32.0, 32.0, 32.0, 32.0, 32.0, 32.0, 32.0, 32.0, 32.0, 32.0, 32.0, 32.0, 32.0, 32.0, 32.0, 32.0, 32.0, 32.0, 32.0, 32.0, 32.0, 32.0, 32.0, 32.0, 32.0, 32.0, 32.0, 32.0, 32.0, 32.0, 32.0, 32.0, 32.0, 32.0, 32.0, 32.0, 32.0, 32.0, 32.0, 32.0, 32.0, 32.0, 32.0, 32.0, 32.0, 32.0, 32.0, 32.0, 32.0, 32.0, 32.0, 32.0, 32.0, 32.0, 32.0, 32.0, 32.0, 32.0, 32.0, 32.0, 32.0, 32.0, 32.0, 32.0, 32.0, 32.0, 32.0, 32.0, 32.0, 32.0, 32.0, 32.0, 32.0, 32.0, 32.0, 32.0, 32.0, 32.0, 32.0, 32.0, 32.0, 32.0, 32.0, 32.0, 32.0, 32.0, 31.0, 31.0, 31.0]",COMPLETE
