,number,value,datetime_start,datetime_complete,duration,params_batch_size_scaler,params_constant_learning_rate,params_depth,params_epochs,params_kernel_l2,params_num_trees,params_temperature,user_attrs_accuracy_test,user_attrs_accuracy_valid,user_attrs_approximate_feature_sparsity,user_attrs_approximate_feature_sparsity_history,user_attrs_approximate_weight_sparsity,user_attrs_approximate_weight_sparsity_history,user_attrs_auc_test,user_attrs_auc_valid,user_attrs_feature_sparsity,user_attrs_feature_sparsity_history,user_attrs_num_epochs,user_attrs_val_loss_history,user_attrs_weight_sparsity,user_attrs_weight_sparsity_history,state
54,54,0.6635171516533344,2024-08-31 02:47:56.585227,2024-08-31 02:48:34.216612,0 days 00:00:37.631385,64,2.791328492752201,5,100,0.011228354929600679,76,0.0023901006394334667,0.863,0.86,2,"[33, 33, 33, 33, 33, 33, 33, 33, 33, 33, 33, 33, 25, 12, 8, 7, 6, 6, 5, 4, 4, 4, 4, 4, 4, 4, 4, 4, 4, 4, 4, 4, 4, 3, 2, 2, 2, 2, 2, 2, 2, 2, 2, 2, 2, 2, 2, 2, 2, 2, 2, 2, 2, 2, 2, 2, 2, 2, 2, 2, 2, 2, 2, 2, 2, 2, 2, 2, 2, 2, 2, 2, 2, 2, 2, 2, 2, 2, 2, 2, 2, 2, 2, 2, 2, 2, 2, 2, 2, 2, 2, 2, 2, 2, 2, 2, 2, 2, 2, 2]",1.9987266553480476,"[32.931239388794566, 32.935483870967744, 32.93039049235993, 32.932512733446515, 32.93081494057725, 32.93505942275043, 32.92657045840407, 32.94015280135823, 32.938455008488965, 32.93675721561969, 32.93760611205433, 32.94100169779287, 24.948217317487266, 11.97623089983022, 7.983022071307301, 6.980899830220713, 5.985993208828523, 5.987691001697793, 4.991086587436333, 3.993633276740238, 3.9906621392190154, 3.9915110356536503, 3.993633276740238, 3.99490662139219, 3.994057724957555, 3.9915110356536503, 3.9961799660441426, 3.992359932088285, 3.9944821731748728, 3.9910865874363326, 3.994057724957555, 3.9927843803056025, 3.9927843803056025, 2.9953310696095077, 1.9949066213921902, 1.99660441426146, 1.9970288624787775, 1.9983022071307301, 1.9974533106960952, 1.9953310696095077, 1.994057724957555, 1.997453310696095, 1.9949066213921902, 1.9944821731748728, 1.9961799660441426, 1.9961799660441426, 1.9957555178268251, 1.9974533106960952, 1.999151103565365, 1.9987266553480476, 1.9987266553480476, 1.999151103565365, 1.9987266553480474, 1.9974533106960952, 1.9983022071307301, 1.9978777589134125, 1.9987266553480476, 1.9978777589134125, 1.99660441426146, 1.9944821731748728, 1.9961799660441426, 1.9983022071307301, 1.9923599320882852, 1.9978777589134125, 1.9953310696095077, 1.99660441426146, 1.9970288624787775, 1.99660441426146, 1.99660441426146, 1.9970288624787775, 1.9961799660441426, 1.9966044142614603, 1.9978777589134125, 1.9978777589134125, 1.99660441426146, 1.9983022071307301, 1.9978777589134125, 1.999151103565365, 1.997453310696095, 1.9974533106960952, 1.997453310696095, 1.997453310696095, 1.9983022071307301, 1.9974533106960952, 1.9978777589134125, 1.9987266553480476, 1.9983022071307301, 1.9970288624787775, 1.9987266553480476, 1.9983022071307301, 1.999151103565365, 1.9987266553480476, 1.9974533106960952, 1.9987266553480476, 1.9987266553480476, 1.9983022071307301, 1.9987266553480476, 1.9987266553480476, 1.9970288624787775, 1.9987266553480476]",0.6446635127436653,0.6635171516533344,2,"[33, 33, 33, 33, 33, 33, 33, 33, 33, 33, 33, 33, 25, 12, 8, 7, 6, 6, 5, 4, 4, 4, 4, 4, 4, 4, 4, 4, 4, 4, 4, 4, 4, 3, 2, 2, 2, 2, 2, 2, 2, 2, 2, 2, 2, 2, 2, 2, 2, 2, 2, 2, 2, 2, 2, 2, 2, 2, 2, 2, 2, 2, 2, 2, 2, 2, 2, 2, 2, 2, 2, 2, 2, 2, 2, 2, 2, 2, 2, 2, 2, 2, 2, 2, 2, 2, 2, 2, 2, 2, 2, 2, 2, 2, 2, 2, 2, 2, 2, 2]",100,"[0.4210275709629059, 0.39382249116897583, 0.38338765501976013, 0.372828871011734, 0.3721306622028351, 0.3769494891166687, 0.36135491728782654, 0.35852980613708496, 0.3944173753261566, 0.3907029628753662, 0.3748941421508789, 0.3540448844432831, 0.34596338868141174, 0.34384772181510925, 0.3561827838420868, 0.46384119987487793, 0.3575979471206665, 0.3719125986099243, 0.36373522877693176, 0.3892478048801422, 0.3576982021331787, 0.35692527890205383, 0.3574969172477722, 0.3549099266529083, 0.35380858182907104, 0.36778995394706726, 0.3596222698688507, 0.37467020750045776, 0.35385018587112427, 0.35288363695144653, 0.35187122225761414, 0.35191041231155396, 0.3532608151435852, 0.3613843023777008, 0.37776651978492737, 0.37580958008766174, 0.37343212962150574, 0.37267863750457764, 0.38606736063957214, 0.40380915999412537, 0.37033629417419434, 0.36987078189849854, 0.36947014927864075, 0.4078308045864105, 0.3691019117832184, 0.37063464522361755, 0.47355130314826965, 0.37423327565193176, 0.36878857016563416, 0.36847296357154846, 0.38102492690086365, 0.36797982454299927, 0.37542665004730225, 0.3677314519882202, 0.3727574944496155, 0.39395755529403687, 0.36906108260154724, 0.3779224157333374, 0.3681333065032959, 0.38491857051849365, 0.38969793915748596, 0.4233626425266266, 0.36931705474853516, 0.36737608909606934, 0.36672669649124146, 0.3807159662246704, 0.3696151077747345, 0.3664480447769165, 0.3707277178764343, 0.36930665373802185, 0.3668988347053528, 0.36683446168899536, 0.37014445662498474, 0.3763560354709625, 0.3665529191493988, 0.376548171043396, 0.4131387770175934, 0.3666079640388489, 0.3691837787628174, 0.37963926792144775, 0.36641937494277954, 0.36758193373680115, 0.38834917545318604, 0.36926591396331787, 0.3663734197616577, 0.3703688085079193, 0.37982967495918274, 0.36775752902030945, 0.38524574041366577, 0.36660048365592957, 0.37614861130714417, 0.3808377981185913, 0.3699515163898468, 0.3760402798652649, 0.3693922162055969, 0.3669394552707672, 0.39626312255859375, 0.39482036232948303, 0.3810542821884155, 0.36697956919670105]",2.0,"[33.0, 33.0, 33.0, 33.0, 33.0, 33.0, 33.0, 33.0, 33.0, 33.0, 33.0, 33.0, 25.0, 12.0, 8.0, 7.0, 6.0, 6.0, 5.0, 4.0, 4.0, 4.0, 4.0, 4.0, 4.0, 4.0, 4.0, 4.0, 4.0, 4.0, 4.0, 4.0, 4.0, 3.0, 2.0, 2.0, 2.0, 2.0, 2.0, 2.0, 2.0, 2.0, 2.0, 2.0, 2.0, 2.0, 2.0, 2.0, 2.0, 2.0, 2.0, 2.0, 2.0, 2.0, 2.0, 2.0, 2.0, 2.0, 2.0, 2.0, 2.0, 2.0, 2.0, 2.0, 2.0, 2.0, 2.0, 2.0, 2.0, 2.0, 2.0, 2.0, 2.0, 2.0, 2.0, 2.0, 2.0, 2.0, 2.0, 2.0, 2.0, 2.0, 2.0, 2.0, 2.0, 2.0, 2.0, 2.0, 2.0, 2.0, 2.0, 2.0, 2.0, 2.0, 2.0, 2.0, 2.0, 2.0, 2.0, 2.0]",COMPLETE
55,55,0.5,2024-08-31 02:48:34.226079,2024-08-31 02:49:33.945956,0 days 00:00:59.719877,4,3.2252039505438304,3,315,0.6560042483372558,17,0.0008297928273460869,0.859,0.85875,0,"[1, 0, 0, 0, 0, 0, 0, 0, 0, 0, 0, 0, 0, 0, 0, 0, 0, 0, 0, 0, 0, 0, 0, 0, 0, 0, 0, 0, 0, 0, 0, 0, 0, 0, 0, 0, 0, 0, 0, 0, 0, 0, 0, 0, 0, 0, 0, 0, 0, 0, 0, 0, 0, 0, 0, 0, 0, 0, 0, 0, 0, 0, 0, 0, 0, 0, 0, 0, 0, 0, 0, 0, 0, 0, 0, 0, 0, 0, 0, 0, 0, 0, 0, 0, 0, 0, 0, 0, 0, 0, 0, 0, 0, 0, 0, 0, 0, 0, 0, 0, 0, 0, 0, 0, 0, 0, 0, 0, 0, 0, 0, 0, 0, 0, 0, 0, 0, 0, 0, 0, 0, 0, 0, 0, 0, 0, 0, 0, 0, 0, 0, 0, 0, 0, 0, 0, 0, 0, 0, 0, 0, 0, 0, 0, 0, 0, 0, 0, 0, 0, 0, 0, 0, 0, 0, 0, 0, 0, 0, 0, 0, 0, 0, 0, 0, 0, 0, 0, 0, 0, 0, 0, 0, 0, 0, 0, 0, 0, 0, 0, 0, 0, 0, 0, 0, 0, 0, 0, 0, 0, 0, 0, 0, 0, 0, 0, 0, 0, 0, 0, 0, 0, 0, 0, 0, 0, 0, 0, 0, 0, 0, 0, 0, 0, 0, 0, 0, 0, 0, 0, 0, 0, 0, 0, 0, 0, 0, 0, 0, 0, 0, 0, 0, 0, 0, 0, 0, 0, 0, 0, 0, 0, 0, 0, 0, 0, 0, 0, 0, 0, 0, 0, 0, 0, 0, 0, 0, 0, 0, 0, 0, 0, 0, 0, 0, 0, 0, 0, 0, 0, 0, 0, 0, 0, 0, 0, 0, 0, 0, 0, 0, 0, 0, 0, 0, 0, 0, 0, 0, 0, 0, 0, 0, 0, 0, 0, 0, 0, 0, 0, 0, 0, 0, 0, 0, 0, 0, 0, 0, 0, 0, 0, 0, 0, 0]",0.0,"[1.0, 0.0, 0.0, 0.0, 0.0, 0.0, 0.0, 0.0, 0.0, 0.0, 0.0, 0.0, 0.0, 0.0, 0.0, 0.0, 0.0, 0.0, 0.0, 0.0, 0.0, 0.0, 0.0, 0.0, 0.0, 0.0, 0.0, 0.0, 0.0, 0.0, 0.0, 0.0, 0.0, 0.0, 0.0, 0.0, 0.0, 0.0, 0.0, 0.0, 0.0, 0.0, 0.0, 0.0, 0.0, 0.0, 0.0, 0.0, 0.0, 0.0, 0.0, 0.0, 0.0, 0.0, 0.0, 0.0, 0.0, 0.0, 0.0, 0.0, 0.0, 0.0, 0.0, 0.0, 0.0, 0.0, 0.0, 0.0, 0.0, 0.0, 0.0, 0.0, 0.0, 0.0, 0.0, 0.0, 0.0, 0.0, 0.0, 0.0, 0.0, 0.0, 0.0, 0.0, 0.0, 0.0, 0.0, 0.0, 0.0, 0.0, 0.0, 0.0, 0.0, 0.0, 0.0, 0.0, 0.0, 0.0, 0.0, 0.0, 0.0, 0.0, 0.0, 0.0, 0.0, 0.0, 0.0, 0.0, 0.0, 0.0, 0.0, 0.0, 0.0, 0.0, 0.0, 0.0, 0.0, 0.0, 0.0, 0.0, 0.0, 0.0, 0.0, 0.0, 0.0, 0.0, 0.0, 0.0, 0.0, 0.0, 0.0, 0.0, 0.0, 0.0, 0.0, 0.0, 0.0, 0.0, 0.0, 0.0, 0.0, 0.0, 0.0, 0.0, 0.0, 0.0, 0.0, 0.0, 0.0, 0.0, 0.0, 0.0, 0.0, 0.0, 0.0, 0.0, 0.0, 0.0, 0.0, 0.0, 0.0, 0.0, 0.0, 0.0, 0.0, 0.0, 0.0, 0.0, 0.0, 0.0, 0.0, 0.0, 0.0, 0.0, 0.0, 0.0, 0.0, 0.0, 0.0, 0.0, 0.0, 0.0, 0.0, 0.0, 0.0, 0.0, 0.0, 0.0, 0.0, 0.0, 0.0, 0.0, 0.0, 0.0, 0.0, 0.0, 0.0, 0.0, 0.0, 0.0, 0.0, 0.0, 0.0, 0.0, 0.0, 0.0, 0.0, 0.0, 0.0, 0.0, 0.0, 0.0, 0.0, 0.0, 0.0, 0.0, 0.0, 0.0, 0.0, 0.0, 0.0, 0.0, 0.0, 0.0, 0.0, 0.0, 0.0, 0.0, 0.0, 0.0, 0.0, 0.0, 0.0, 0.0, 0.0, 0.0, 0.0, 0.0, 0.0, 0.0, 0.0, 0.0, 0.0, 0.0, 0.0, 0.0, 0.0, 0.0, 0.0, 0.0, 0.0, 0.0, 0.0, 0.0, 0.0, 0.0, 0.0, 0.0, 0.0, 0.0, 0.0, 0.0, 0.0, 0.0, 0.0, 0.0, 0.0, 0.0, 0.0, 0.0, 0.0, 0.0, 0.0, 0.0, 0.0, 0.0, 0.0, 0.0, 0.0, 0.0, 0.0, 0.0, 0.0, 0.0, 0.0, 0.0, 0.0, 0.0, 0.0, 0.0, 0.0, 0.0, 0.0, 0.0, 0.0, 0.0, 0.0, 0.0, 0.0, 0.0, 0.0, 0.0, 0.0, 0.0, 0.0, 0.0, 0.0, 0.0, 0.0, 0.0, 0.0, 0.0, 0.0, 0.0, 0.0]",0.5,0.5,0,"[1, 0, 0, 0, 0, 0, 0, 0, 0, 0, 0, 0, 0, 0, 0, 0, 0, 0, 0, 0, 0, 0, 0, 0, 0, 0, 0, 0, 0, 0, 0, 0, 0, 0, 0, 0, 0, 0, 0, 0, 0, 0, 0, 0, 0, 0, 0, 0, 0, 0, 0, 0, 0, 0, 0, 0, 0, 0, 0, 0, 0, 0, 0, 0, 0, 0, 0, 0, 0, 0, 0, 0, 0, 0, 0, 0, 0, 0, 0, 0, 0, 0, 0, 0, 0, 0, 0, 0, 0, 0, 0, 0, 0, 0, 0, 0, 0, 0, 0, 0, 0, 0, 0, 0, 0, 0, 0, 0, 0, 0, 0, 0, 0, 0, 0, 0, 0, 0, 0, 0, 0, 0, 0, 0, 0, 0, 0, 0, 0, 0, 0, 0, 0, 0, 0, 0, 0, 0, 0, 0, 0, 0, 0, 0, 0, 0, 0, 0, 0, 0, 0, 0, 0, 0, 0, 0, 0, 0, 0, 0, 0, 0, 0, 0, 0, 0, 0, 0, 0, 0, 0, 0, 0, 0, 0, 0, 0, 0, 0, 0, 0, 0, 0, 0, 0, 0, 0, 0, 0, 0, 0, 0, 0, 0, 0, 0, 0, 0, 0, 0, 0, 0, 0, 0, 0, 0, 0, 0, 0, 0, 0, 0, 0, 0, 0, 0, 0, 0, 0, 0, 0, 0, 0, 0, 0, 0, 0, 0, 0, 0, 0, 0, 0, 0, 0, 0, 0, 0, 0, 0, 0, 0, 0, 0, 0, 0, 0, 0, 0, 0, 0, 0, 0, 0, 0, 0, 0, 0, 0, 0, 0, 0, 0, 0, 0, 0, 0, 0, 0, 0, 0, 0, 0, 0, 0, 0, 0, 0, 0, 0, 0, 0, 0, 0, 0, 0, 0, 0, 0, 0, 0, 0, 0, 0, 0, 0, 0, 0, 0, 0, 0, 0, 0, 0, 0, 0, 0, 0, 0, 0, 0, 0, 0, 0, 0]",315,"[0.4951021671295166, 0.43378204107284546, 0.4098850190639496, 0.40725764632225037, 0.41497957706451416, 0.41023558378219604, 0.46249139308929443, 0.46241551637649536, 0.4146595895290375, 0.5934757590293884, 0.44609275460243225, 0.4188564419746399, 0.45725443959236145, 0.4169214963912964, 0.43518340587615967, 0.4463227093219757, 0.5309475064277649, 0.4090825021266937, 0.4590069055557251, 0.42642998695373535, 0.4190865755081177, 0.4097782075405121, 0.40749233961105347, 0.4081350564956665, 0.42769500613212585, 0.4925546944141388, 0.6748960614204407, 0.41285938024520874, 0.41028985381126404, 0.49535858631134033, 0.443028062582016, 0.4072684049606323, 0.41920754313468933, 0.40763038396835327, 0.4092184007167816, 0.48732855916023254, 0.489073783159256, 0.4109600782394409, 0.433402419090271, 0.40895211696624756, 0.43402594327926636, 0.4323146343231201, 0.4321145713329315, 0.4085995852947235, 0.4109882414340973, 0.432747483253479, 0.4178309738636017, 0.41038018465042114, 0.4083688259124756, 0.4526436924934387, 0.4077588617801666, 0.43381091952323914, 0.41461440920829773, 0.4319744408130646, 0.40777134895324707, 0.4081754684448242, 0.41659870743751526, 0.40723156929016113, 0.41316601634025574, 0.4203592538833618, 0.4367794394493103, 0.487132728099823, 0.41547393798828125, 0.43376025557518005, 0.5182697176933289, 0.4352419674396515, 0.42873337864875793, 0.4956030249595642, 0.43290379643440247, 0.4311271011829376, 0.4908042550086975, 0.41827166080474854, 0.41474029421806335, 0.40820229053497314, 0.45034539699554443, 0.40722766518592834, 0.43282458186149597, 0.494755357503891, 0.41831666231155396, 0.407799631357193, 0.430759459733963, 0.6120465993881226, 0.40956366062164307, 0.4366358518600464, 0.48318567872047424, 0.42429038882255554, 0.42632824182510376, 0.40722930431365967, 0.5109410285949707, 0.4368175268173218, 0.40815991163253784, 0.41302937269210815, 0.5170688033103943, 0.4935407340526581, 0.40734124183654785, 0.45711246132850647, 0.4087020456790924, 0.4146781265735626, 0.41700035333633423, 0.40858328342437744, 0.4081655442714691, 0.42054998874664307, 0.4162871837615967, 0.40737080574035645, 0.40869849920272827, 0.4494525194168091, 0.5182749032974243, 0.4090431332588196, 0.419839084148407, 0.41845276951789856, 0.43937310576438904, 0.4104369878768921, 0.42764368653297424, 0.4590331017971039, 0.4072847366333008, 0.45745769143104553, 0.40723446011543274, 0.44602763652801514, 0.45493248105049133, 0.4109798073768616, 0.6680797338485718, 0.4083106517791748, 0.41627708077430725, 0.40812787413597107, 0.6721941232681274, 0.4096042215824127, 0.41609814763069153, 0.40727996826171875, 0.45731788873672485, 0.40912461280822754, 0.41188985109329224, 0.4213312566280365, 0.4612791836261749, 0.41820526123046875, 0.43016451597213745, 0.4830501973628998, 0.4078938364982605, 0.6058728098869324, 0.4164741635322571, 0.40805336833000183, 0.4533180892467499, 0.43321919441223145, 0.43830516934394836, 0.4124194085597992, 0.40755894780158997, 0.41019532084465027, 0.48333626985549927, 0.41077303886413574, 0.40747490525245667, 0.5091979503631592, 0.4286549389362335, 0.4846906363964081, 0.4098188877105713, 0.5846608877182007, 0.40877726674079895, 0.413572758436203, 0.4488725960254669, 0.47915878891944885, 0.42226019501686096, 0.45812445878982544, 0.4073791205883026, 0.44358959794044495, 0.4074871838092804, 0.4102897644042969, 0.410488098859787, 0.42258742451667786, 0.41126105189323425, 0.4077589511871338, 0.41725924611091614, 0.4319007992744446, 0.4208461344242096, 0.4793822467327118, 0.4108116030693054, 0.48026397824287415, 0.45127570629119873, 0.40723660588264465, 0.41042426228523254, 0.48076462745666504, 0.43799275159835815, 0.4425837993621826, 0.41822129487991333, 0.4771560728549957, 0.4086526930332184, 0.4092805087566376, 0.4207186996936798, 0.4684810936450958, 0.418319433927536, 0.41764479875564575, 0.40768665075302124, 0.417489618062973, 0.46375057101249695, 0.4419703781604767, 0.41093453764915466, 0.41292664408683777, 0.42024457454681396, 0.4337148368358612, 0.41041335463523865, 0.45130038261413574, 0.40859752893447876, 0.4183604419231415, 0.4182453453540802, 0.4182939827442169, 0.4835861325263977, 0.40748897194862366, 0.40725788474082947, 0.4253678619861603, 0.413676917552948, 0.5321880578994751, 0.40876132249832153, 0.40920865535736084, 0.5060778260231018, 0.4090671241283417, 0.410454660654068, 0.4072721600532532, 0.4801366925239563, 0.4961048364639282, 0.45945098996162415, 0.42970919609069824, 0.408774197101593, 0.44209492206573486, 0.4073314666748047, 0.4087446331977844, 0.41389167308807373, 0.6387925148010254, 0.4191867709159851, 0.41430142521858215, 0.46739643812179565, 0.45631495118141174, 0.41813185811042786, 0.48427554965019226, 0.45310714840888977, 0.40737003087997437, 0.4082815945148468, 0.41996634006500244, 0.4174273610115051, 0.41241320967674255, 0.4375874698162079, 0.408720999956131, 0.4075957238674164, 0.4583168029785156, 0.42294996976852417, 0.4150027334690094, 0.40724101662635803, 0.4103851020336151, 0.4153038263320923, 0.6187782883644104, 0.4072688817977905, 0.4092572033405304, 0.41447529196739197, 0.4107959270477295, 0.4308391809463501, 0.41125375032424927, 0.4072518050670624, 0.42950907349586487, 0.4392663538455963, 0.4106596112251282, 0.4351186752319336, 0.4103941023349762, 0.40947815775871277, 0.48909544944763184, 0.5286421775817871, 0.41271060705184937, 0.4685209393501282, 0.407548189163208, 0.4095785617828369, 0.5696284770965576, 0.43396103382110596, 0.40799206495285034, 0.41465824842453003, 0.4119632840156555, 0.41665759682655334, 0.40787968039512634, 0.46217837929725647, 0.418136864900589, 0.4239559471607208, 0.447417676448822, 0.4137882590293884, 0.4264877736568451, 0.4088424742221832, 0.4213869869709015, 0.4087291359901428, 0.4077483117580414, 0.4086272716522217, 0.40937721729278564, 0.4091915786266327, 0.4181405305862427, 0.40745845437049866, 0.4177197217941284, 0.4369942545890808, 0.4125659167766571, 0.4097972810268402, 0.4089709520339966, 0.5971567630767822, 0.44837719202041626, 0.4553043246269226, 0.4193086326122284, 0.43345052003860474, 0.43421947956085205, 0.45813626050949097, 0.62591952085495, 0.4095468521118164, 0.8689329624176025, 0.4072527289390564, 0.4144448935985565, 0.555596113204956, 0.4792705476284027, 0.42900192737579346, 0.4313112199306488, 0.41335055232048035, 0.4546601176261902, 0.5176228880882263, 0.42056429386138916, 0.4427533447742462, 0.44159090518951416, 0.4343383014202118]",0.0,"[1.0, 0.0, 0.0, 0.0, 0.0, 0.0, 0.0, 0.0, 0.0, 0.0, 0.0, 0.0, 0.0, 0.0, 0.0, 0.0, 0.0, 0.0, 0.0, 0.0, 0.0, 0.0, 0.0, 0.0, 0.0, 0.0, 0.0, 0.0, 0.0, 0.0, 0.0, 0.0, 0.0, 0.0, 0.0, 0.0, 0.0, 0.0, 0.0, 0.0, 0.0, 0.0, 0.0, 0.0, 0.0, 0.0, 0.0, 0.0, 0.0, 0.0, 0.0, 0.0, 0.0, 0.0, 0.0, 0.0, 0.0, 0.0, 0.0, 0.0, 0.0, 0.0, 0.0, 0.0, 0.0, 0.0, 0.0, 0.0, 0.0, 0.0, 0.0, 0.0, 0.0, 0.0, 0.0, 0.0, 0.0, 0.0, 0.0, 0.0, 0.0, 0.0, 0.0, 0.0, 0.0, 0.0, 0.0, 0.0, 0.0, 0.0, 0.0, 0.0, 0.0, 0.0, 0.0, 0.0, 0.0, 0.0, 0.0, 0.0, 0.0, 0.0, 0.0, 0.0, 0.0, 0.0, 0.0, 0.0, 0.0, 0.0, 0.0, 0.0, 0.0, 0.0, 0.0, 0.0, 0.0, 0.0, 0.0, 0.0, 0.0, 0.0, 0.0, 0.0, 0.0, 0.0, 0.0, 0.0, 0.0, 0.0, 0.0, 0.0, 0.0, 0.0, 0.0, 0.0, 0.0, 0.0, 0.0, 0.0, 0.0, 0.0, 0.0, 0.0, 0.0, 0.0, 0.0, 0.0, 0.0, 0.0, 0.0, 0.0, 0.0, 0.0, 0.0, 0.0, 0.0, 0.0, 0.0, 0.0, 0.0, 0.0, 0.0, 0.0, 0.0, 0.0, 0.0, 0.0, 0.0, 0.0, 0.0, 0.0, 0.0, 0.0, 0.0, 0.0, 0.0, 0.0, 0.0, 0.0, 0.0, 0.0, 0.0, 0.0, 0.0, 0.0, 0.0, 0.0, 0.0, 0.0, 0.0, 0.0, 0.0, 0.0, 0.0, 0.0, 0.0, 0.0, 0.0, 0.0, 0.0, 0.0, 0.0, 0.0, 0.0, 0.0, 0.0, 0.0, 0.0, 0.0, 0.0, 0.0, 0.0, 0.0, 0.0, 0.0, 0.0, 0.0, 0.0, 0.0, 0.0, 0.0, 0.0, 0.0, 0.0, 0.0, 0.0, 0.0, 0.0, 0.0, 0.0, 0.0, 0.0, 0.0, 0.0, 0.0, 0.0, 0.0, 0.0, 0.0, 0.0, 0.0, 0.0, 0.0, 0.0, 0.0, 0.0, 0.0, 0.0, 0.0, 0.0, 0.0, 0.0, 0.0, 0.0, 0.0, 0.0, 0.0, 0.0, 0.0, 0.0, 0.0, 0.0, 0.0, 0.0, 0.0, 0.0, 0.0, 0.0, 0.0, 0.0, 0.0, 0.0, 0.0, 0.0, 0.0, 0.0, 0.0, 0.0, 0.0, 0.0, 0.0, 0.0, 0.0, 0.0, 0.0, 0.0, 0.0, 0.0, 0.0, 0.0, 0.0, 0.0, 0.0, 0.0, 0.0, 0.0, 0.0, 0.0, 0.0, 0.0, 0.0, 0.0, 0.0, 0.0, 0.0, 0.0, 0.0, 0.0, 0.0, 0.0, 0.0, 0.0, 0.0, 0.0]",COMPLETE
