,number,value,datetime_start,datetime_complete,duration,params_batch_size_scaler,params_constant_learning_rate,params_depth,params_epochs,params_kernel_l2,params_num_trees,params_temperature,user_attrs_accuracy_test,user_attrs_accuracy_valid,user_attrs_approximate_feature_sparsity,user_attrs_approximate_feature_sparsity_history,user_attrs_approximate_weight_sparsity,user_attrs_approximate_weight_sparsity_history,user_attrs_auc_test,user_attrs_auc_valid,user_attrs_feature_sparsity,user_attrs_feature_sparsity_history,user_attrs_num_epochs,user_attrs_val_loss_history,user_attrs_weight_sparsity,user_attrs_weight_sparsity_history,state
158,158,0.9010318043049812,2024-08-31 07:19:12.853998,2024-08-31 07:21:28.069589,0 days 00:02:15.215591,16,0.540190232661762,5,360,0.0024583478782437113,69,0.002361135960005134,0.926,0.93125,12,"[33, 33, 33, 33, 33, 33, 33, 33, 33, 33, 33, 33, 33, 33, 33, 33, 33, 33, 33, 33, 33, 33, 33, 33, 33, 33, 33, 32, 29, 27, 21, 20, 17, 17, 17, 17, 16, 15, 13, 13, 13, 13, 12, 12, 12, 12, 12, 12, 12, 12, 12, 12, 12, 12, 12, 12, 12, 12, 12, 12, 12, 12, 12, 12, 12, 12, 12, 12, 12, 12, 12, 12, 12, 12, 12, 12, 12, 12, 12, 12, 12, 12, 12, 12, 12, 12, 12, 12, 12, 12, 12, 12, 12, 12, 12, 12, 12, 12, 12, 12, 12, 12, 12, 12, 12, 12, 12, 12, 12, 12, 12, 12, 12, 12, 12, 12, 12, 12, 12, 12, 12, 12, 12, 12, 12, 12, 12, 12, 12, 12, 12, 12, 12, 12, 12, 12, 12, 12, 12, 12, 12, 12, 12, 12, 12, 12, 12, 12, 12, 12, 12, 12, 12, 12, 12, 12, 12, 12, 12, 12, 12, 12, 12, 12, 12, 12, 12, 12, 12, 12, 12, 12, 12, 12, 12, 12, 12, 12, 12, 12, 12, 12, 12, 12, 12, 12, 12, 12, 12, 12, 12, 12, 12, 12, 12, 12, 12, 12, 12, 12, 12, 12, 12, 12, 12, 12, 12, 12, 12, 12, 12, 12, 12, 12, 12, 12, 12, 12, 12, 12, 12, 12, 12, 12, 12, 12, 12, 12, 12, 12, 12, 12, 12, 12, 12, 12, 12, 12, 12, 12, 12, 12, 12, 12, 12, 12, 12, 12, 12, 12, 12, 12, 12, 12, 12, 12, 12, 12, 12, 12, 12, 12, 12, 12, 12, 12, 12, 12, 12, 12, 12, 12, 12, 12, 12, 12, 12, 12, 12, 12, 12, 12, 12, 12, 12, 12, 12, 12, 12, 12, 12, 12, 12, 12, 12, 12, 12, 12, 12, 12, 12, 12, 12, 12, 12, 12, 12, 12, 12, 12, 12, 12, 12, 12, 12, 12, 12, 12, 12, 12, 12, 12, 12, 12, 12, 12, 12, 12, 12, 12, 12, 12, 12, 12, 12, 12, 12, 12, 12, 12, 12, 12, 12, 12, 12, 12, 12, 12, 12, 12, 12, 12, 12, 12, 12, 12, 12, 12, 12, 12]",11.98223468910706,"[32.92613370733987, 32.935483870967744, 32.92800374006545, 32.935483870967744, 32.93595137914913, 32.94670406732118, 32.93595137914914, 32.93408134642356, 32.94062646096306, 32.93922393641889, 32.93641888733053, 32.94015895278167, 32.941093969144454, 32.9387564282375, 32.93782141187471, 32.943431510051425, 32.953249181860684, 32.94670406732118, 32.94156147732585, 32.93641888733053, 32.93782141187471, 32.939223936418884, 32.94202898550725, 32.94296400187003, 32.94717157550257, 32.94997662459093, 32.94156147732585, 31.931743805516597, 28.948106591865358, 26.947639083683963, 20.959794296400183, 19.968676951846657, 16.967741935483872, 16.97335203366059, 16.96914446002805, 16.971014492753625, 15.97194950911641, 14.97335203366059, 12.974754558204769, 12.974754558204769, 12.977559607293127, 12.978494623655914, 11.976624590930342, 11.977559607293127, 11.977559607293127, 11.974287050023374, 11.97802711547452, 11.978962131837307, 11.980364656381486, 11.982702197288454, 11.98223468910706, 11.979897148200093, 11.981767180925665, 11.9794296400187, 11.977559607293127, 11.980364656381486, 11.976157082748948, 11.977559607293127, 11.979897148200093, 11.98083216456288, 11.975689574567555, 11.974287050023374, 11.976157082748948, 11.975689574567554, 11.978494623655914, 11.981767180925665, 11.977559607293127, 11.98223468910706, 11.981767180925665, 11.981299672744273, 11.982702197288452, 11.983637213651239, 11.98690977092099, 11.987844787283777, 11.985507246376812, 11.986442262739597, 11.983169705469846, 11.982702197288454, 11.982702197288452, 11.980364656381486, 11.978962131837307, 11.97662459093034, 11.9794296400187, 11.981299672744273, 11.9794296400187, 11.980364656381488, 11.983637213651239, 11.983169705469845, 11.981299672744273, 11.980364656381486, 11.9794296400187, 11.979897148200093, 11.9794296400187, 11.977559607293127, 11.978962131837307, 11.980364656381486, 11.98083216456288, 11.980364656381486, 11.978494623655914, 11.977559607293127, 11.9794296400187, 11.980364656381488, 11.983169705469845, 11.979897148200092, 11.981767180925665, 11.981299672744273, 11.98083216456288, 11.978494623655914, 11.978494623655914, 11.977092099111735, 11.978962131837307, 11.9794296400187, 11.981299672744273, 11.978494623655914, 11.978962131837307, 11.974754558204769, 11.975222066386161, 11.976157082748948, 11.974754558204769, 11.973819541841982, 11.975222066386161, 11.97662459093034, 11.97802711547452, 11.977092099111735, 11.974754558204769, 11.976157082748948, 11.9794296400187, 11.979897148200092, 11.977559607293127, 11.981299672744273, 11.979897148200093, 11.97802711547452, 11.9794296400187, 11.981299672744273, 11.977092099111733, 11.97335203366059, 11.975222066386163, 11.978962131837307, 11.980832164562878, 11.980364656381486, 11.9794296400187, 11.9794296400187, 11.978962131837307, 11.978494623655916, 11.978027115474521, 11.975689574567555, 11.97662459093034, 11.977092099111735, 11.978494623655914, 11.979897148200093, 11.97802711547452, 11.98083216456288, 11.985039738195418, 11.984104721832633, 11.984572230014024, 11.979897148200093, 11.976157082748948, 11.976624590930342, 11.979897148200095, 11.977559607293127, 11.981299672744273, 11.98223468910706, 11.982702197288452, 11.981767180925665, 11.978962131837307, 11.977559607293127, 11.978962131837307, 11.977559607293127, 11.974287050023374, 11.974287050023374, 11.976157082748948, 11.978027115474521, 11.977559607293127, 11.976157082748948, 11.978962131837307, 11.978494623655914, 11.981299672744273, 11.978027115474521, 11.979897148200093, 11.977559607293127, 11.9794296400187, 11.97662459093034, 11.975222066386163, 11.97662459093034, 11.975222066386161, 11.97054698457223, 11.970546984572229, 11.973819541841982, 11.973819541841982, 11.977092099111735, 11.97335203366059, 11.97662459093034, 11.9794296400187, 11.979897148200093, 11.979897148200093, 11.981299672744273, 11.981767180925665, 11.981767180925665, 11.981767180925665, 11.983637213651239, 11.983169705469845, 11.981767180925667, 11.982702197288452, 11.980364656381486, 11.98223468910706, 11.984572230014026, 11.98550724637681, 11.983637213651239, 11.986909770920992, 11.985507246376812, 11.985974754558205, 11.985039738195418, 11.984572230014026, 11.983637213651239, 11.983637213651239, 11.984104721832631, 11.985507246376812, 11.983637213651239, 11.983169705469845, 11.983169705469846, 11.983637213651239, 11.984572230014026, 11.983637213651239, 11.983169705469845, 11.983637213651239, 11.987377279102384, 11.985039738195418, 11.983637213651239, 11.986442262739597, 11.986442262739597, 11.986442262739597, 11.983169705469845, 11.982702197288452, 11.981767180925665, 11.98083216456288, 11.980364656381486, 11.983637213651239, 11.983637213651239, 11.98223468910706, 11.98083216456288, 11.981299672744273, 11.98223468910706, 11.985507246376812, 11.983169705469845, 11.985039738195418, 11.983637213651239, 11.985039738195418, 11.981767180925667, 11.98083216456288, 11.985039738195418, 11.979897148200093, 11.982702197288452, 11.981299672744273, 11.98223468910706, 11.981299672744273, 11.982702197288452, 11.98083216456288, 11.98083216456288, 11.981299672744273, 11.98223468910706, 11.978962131837307, 11.98223468910706, 11.98223468910706, 11.978962131837307, 11.981767180925665, 11.9794296400187, 11.981299672744273, 11.98223468910706, 11.9794296400187, 11.978027115474521, 11.9794296400187, 11.981767180925665, 11.982702197288452, 11.983169705469846, 11.984104721832633, 11.983637213651239, 11.984104721832631, 11.982702197288454, 11.981299672744273, 11.983637213651239, 11.983637213651239, 11.985039738195418, 11.983169705469846, 11.984104721832631, 11.982702197288452, 11.981767180925665, 11.983169705469845, 11.982702197288452, 11.982702197288454, 11.986442262739597, 11.984104721832631, 11.983169705469845, 11.983637213651239, 11.984104721832631, 11.983637213651239, 11.984104721832631, 11.985039738195418, 11.983637213651239, 11.98083216456288, 11.980364656381486, 11.981299672744273, 11.981299672744273, 11.981299672744273, 11.982702197288452, 11.9794296400187, 11.983637213651239, 11.98083216456288, 11.982702197288452, 11.982702197288452, 11.984104721832633, 11.984104721832633, 11.984572230014024, 11.984572230014026, 11.979897148200093, 11.980364656381486, 11.98223468910706, 11.98083216456288, 11.98223468910706, 11.98223468910706, 11.98223468910706, 11.980364656381486, 11.981767180925665, 11.98083216456288, 11.978027115474521, 11.978962131837307, 11.977092099111733, 11.980364656381486, 11.979429640018699, 11.979897148200093, 11.98223468910706, 11.98083216456288, 11.98223468910706, 11.981767180925665, 11.980364656381486, 11.98083216456288, 11.98223468910706, 11.98223468910706, 11.978962131837307, 11.981299672744273, 11.982702197288452, 11.981767180925665, 11.98223468910706, 11.98223468910706, 11.983637213651239, 11.984572230014026, 11.981299672744273, 11.983169705469846, 11.983169705469845, 11.981767180925665, 11.98083216456288, 11.983169705469845, 11.984572230014024, 11.983169705469845, 11.983169705469845, 11.984572230014026, 11.982702197288454, 11.98223468910706, 11.983169705469845, 11.98083216456288, 11.98223468910706]",0.9043667797785648,0.9010318043049812,12,"[33, 33, 33, 33, 33, 33, 33, 33, 33, 33, 33, 33, 33, 33, 33, 33, 33, 33, 33, 33, 33, 33, 33, 33, 33, 33, 33, 32, 29, 27, 21, 20, 17, 17, 17, 17, 16, 15, 13, 13, 13, 13, 12, 12, 12, 12, 12, 12, 12, 12, 12, 12, 12, 12, 12, 12, 12, 12, 12, 12, 12, 12, 12, 12, 12, 12, 12, 12, 12, 12, 12, 12, 12, 12, 12, 12, 12, 12, 12, 12, 12, 12, 12, 12, 12, 12, 12, 12, 12, 12, 12, 12, 12, 12, 12, 12, 12, 12, 12, 12, 12, 12, 12, 12, 12, 12, 12, 12, 12, 12, 12, 12, 12, 12, 12, 12, 12, 12, 12, 12, 12, 12, 12, 12, 12, 12, 12, 12, 12, 12, 12, 12, 12, 12, 12, 12, 12, 12, 12, 12, 12, 12, 12, 12, 12, 12, 12, 12, 12, 12, 12, 12, 12, 12, 12, 12, 12, 12, 12, 12, 12, 12, 12, 12, 12, 12, 12, 12, 12, 12, 12, 12, 12, 12, 12, 12, 12, 12, 12, 12, 12, 12, 12, 12, 12, 12, 12, 12, 12, 12, 12, 12, 12, 12, 12, 12, 12, 12, 12, 12, 12, 12, 12, 12, 12, 12, 12, 12, 12, 12, 12, 12, 12, 12, 12, 12, 12, 12, 12, 12, 12, 12, 12, 12, 12, 12, 12, 12, 12, 12, 12, 12, 12, 12, 12, 12, 12, 12, 12, 12, 12, 12, 12, 12, 12, 12, 12, 12, 12, 12, 12, 12, 12, 12, 12, 12, 12, 12, 12, 12, 12, 12, 12, 12, 12, 12, 12, 12, 12, 12, 12, 12, 12, 12, 12, 12, 12, 12, 12, 12, 12, 12, 12, 12, 12, 12, 12, 12, 12, 12, 12, 12, 12, 12, 12, 12, 12, 12, 12, 12, 12, 12, 12, 12, 12, 12, 12, 12, 12, 12, 12, 12, 12, 12, 12, 12, 12, 12, 12, 12, 12, 12, 12, 12, 12, 12, 12, 12, 12, 12, 12, 12, 12, 12, 12, 12, 12, 12, 12, 12, 12, 12, 12, 12, 12, 12, 12, 12, 12, 12, 12, 12, 12, 12, 12, 12, 12, 12, 12, 12]",360,"[0.3946150243282318, 0.38641488552093506, 0.3804449439048767, 0.37639686465263367, 0.37437498569488525, 0.370802640914917, 0.36855965852737427, 0.36657655239105225, 0.36508944630622864, 0.36285126209259033, 0.3615175485610962, 0.3601699471473694, 0.3578920066356659, 0.35648050904273987, 0.3546834886074066, 0.353226900100708, 0.3517876863479614, 0.3503095507621765, 0.3484768569469452, 0.34704458713531494, 0.34800323843955994, 0.34393954277038574, 0.34261420369148254, 0.34134170413017273, 0.33973225951194763, 0.3387633264064789, 0.3367680013179779, 0.33642441034317017, 0.335922509431839, 0.3340677320957184, 0.33045169711112976, 0.32812267541885376, 0.32702186703681946, 0.32576626539230347, 0.32444438338279724, 0.32380184531211853, 0.3223148286342621, 0.32105475664138794, 0.3210000693798065, 0.31901314854621887, 0.31713926792144775, 0.31591397523880005, 0.31395795941352844, 0.3121458888053894, 0.31076037883758545, 0.30853596329689026, 0.30681338906288147, 0.30567479133605957, 0.30320486426353455, 0.3015279769897461, 0.300625205039978, 0.2990809381008148, 0.2966395914554596, 0.2947721779346466, 0.292606920003891, 0.29076629877090454, 0.28882816433906555, 0.28712794184684753, 0.2853454351425171, 0.28542929887771606, 0.28196170926094055, 0.2805255651473999, 0.2798457443714142, 0.27797427773475647, 0.27636316418647766, 0.275185227394104, 0.27393099665641785, 0.27266910672187805, 0.2716823220252991, 0.2706170976161957, 0.26936665177345276, 0.267988920211792, 0.26729634404182434, 0.26606810092926025, 0.2656705975532532, 0.26412907242774963, 0.2631392180919647, 0.26246127486228943, 0.2618470788002014, 0.26165634393692017, 0.26040366291999817, 0.25969448685646057, 0.2585667371749878, 0.2583746612071991, 0.25705286860466003, 0.2570866644382477, 0.25592678785324097, 0.25549885630607605, 0.25483834743499756, 0.25550082325935364, 0.2537919282913208, 0.25430989265441895, 0.25262007117271423, 0.25250691175460815, 0.25237807631492615, 0.2506270110607147, 0.2498827576637268, 0.24939914047718048, 0.24882404506206512, 0.24824483692646027, 0.24761392176151276, 0.24724751710891724, 0.24676968157291412, 0.24637651443481445, 0.2457609325647354, 0.24529792368412018, 0.24491438269615173, 0.24435879290103912, 0.2439981997013092, 0.2437688708305359, 0.24261310696601868, 0.24231190979480743, 0.24216589331626892, 0.2415981888771057, 0.24080051481723785, 0.24110227823257446, 0.24029438197612762, 0.24059335887432098, 0.23956246674060822, 0.23931412398815155, 0.2386208176612854, 0.23853830993175507, 0.23836083710193634, 0.23760385811328888, 0.23722431063652039, 0.23658007383346558, 0.23659870028495789, 0.23627929389476776, 0.23607228696346283, 0.23579561710357666, 0.23533488810062408, 0.23473414778709412, 0.23518678545951843, 0.23421131074428558, 0.23524579405784607, 0.23363454639911652, 0.23328222334384918, 0.23275315761566162, 0.23270313441753387, 0.23251526057720184, 0.23246708512306213, 0.2319018542766571, 0.23152828216552734, 0.2312333881855011, 0.23118722438812256, 0.23033058643341064, 0.23007187247276306, 0.22954510152339935, 0.22938665747642517, 0.2289968729019165, 0.2291489988565445, 0.22881871461868286, 0.22868196666240692, 0.22822964191436768, 0.2283061444759369, 0.228490948677063, 0.2281065136194229, 0.22788602113723755, 0.22798199951648712, 0.2292812019586563, 0.22748281061649323, 0.2261439561843872, 0.22604180872440338, 0.2259916365146637, 0.22632110118865967, 0.22680304944515228, 0.22587850689888, 0.22578702867031097, 0.2251303493976593, 0.22591876983642578, 0.22649908065795898, 0.22521036863327026, 0.2249365746974945, 0.2245110273361206, 0.22530533373355865, 0.22424954175949097, 0.22391600906848907, 0.22411078214645386, 0.22356835007667542, 0.22350220382213593, 0.22289174795150757, 0.22269727289676666, 0.22338490188121796, 0.22261230647563934, 0.22244764864444733, 0.22258499264717102, 0.22220849990844727, 0.22229617834091187, 0.22260290384292603, 0.22179551422595978, 0.2219998687505722, 0.22095251083374023, 0.22099488973617554, 0.22132448852062225, 0.22220338881015778, 0.22139663994312286, 0.22101067006587982, 0.22092439234256744, 0.22064827382564545, 0.22074653208255768, 0.2205471247434616, 0.22024789452552795, 0.22026920318603516, 0.2209131270647049, 0.22052551805973053, 0.21988192200660706, 0.22021132707595825, 0.2194199115037918, 0.2201024889945984, 0.21972745656967163, 0.2191087156534195, 0.2186649888753891, 0.2192625105381012, 0.21902970969676971, 0.22017069160938263, 0.21881361305713654, 0.21836714446544647, 0.21843944489955902, 0.21834012866020203, 0.21807028353214264, 0.21769633889198303, 0.21778789162635803, 0.2177368551492691, 0.2180219441652298, 0.21783022582530975, 0.2178647369146347, 0.21721144020557404, 0.21768894791603088, 0.21740709245204926, 0.21731610596179962, 0.21713502705097198, 0.21719560027122498, 0.2180497944355011, 0.21746838092803955, 0.21730203926563263, 0.2166043072938919, 0.21624420583248138, 0.21695823967456818, 0.21604906022548676, 0.21700550615787506, 0.21642394363880157, 0.2162935435771942, 0.21649585664272308, 0.21597710251808167, 0.21626363694667816, 0.21624229848384857, 0.21605448424816132, 0.21589535474777222, 0.2159470021724701, 0.21597237884998322, 0.21550369262695312, 0.21614646911621094, 0.215479776263237, 0.21535660326480865, 0.21504829823970795, 0.21499641239643097, 0.21585765480995178, 0.21552902460098267, 0.21739961206912994, 0.21486829221248627, 0.21478940546512604, 0.21453849971294403, 0.21486587822437286, 0.2146783322095871, 0.2142122983932495, 0.21426506340503693, 0.21407192945480347, 0.21464721858501434, 0.21404731273651123, 0.2142314314842224, 0.21418413519859314, 0.21424342691898346, 0.2144404649734497, 0.21421144902706146, 0.21386310458183289, 0.2134951800107956, 0.21388262510299683, 0.2134687453508377, 0.21348518133163452, 0.21319463849067688, 0.21350738406181335, 0.21408863365650177, 0.2142392098903656, 0.2134009152650833, 0.21338900923728943, 0.21320602297782898, 0.21319743990898132, 0.212898388504982, 0.21369315683841705, 0.21261747181415558, 0.2126961201429367, 0.21262367069721222, 0.21266025304794312, 0.21238090097904205, 0.21318402886390686, 0.21375899016857147, 0.21215808391571045, 0.21204477548599243, 0.21330255270004272, 0.21401643753051758, 0.21312502026557922, 0.21287904679775238, 0.21119602024555206, 0.21127590537071228, 0.21202482283115387, 0.21166051924228668, 0.2121676504611969, 0.21165412664413452, 0.21213847398757935, 0.21215467154979706, 0.2117006629705429, 0.21182025969028473, 0.21242164075374603, 0.21211165189743042, 0.2126653790473938, 0.211761474609375, 0.21137675642967224, 0.21160092949867249, 0.21118193864822388, 0.21196454763412476, 0.21159224212169647, 0.21054701507091522, 0.21104095876216888, 0.2108481079339981, 0.2106047421693802, 0.21132022142410278, 0.21171323955059052, 0.21094010770320892, 0.21120062470436096, 0.21098527312278748, 0.21083030104637146, 0.21069131791591644, 0.21065106987953186, 0.21064510941505432, 0.2107681781053543, 0.210635706782341, 0.20986340939998627, 0.21008267998695374, 0.20992864668369293, 0.21091581881046295, 0.20987416803836823, 0.21041613817214966, 0.2113531529903412, 0.21029582619667053, 0.20965959131717682, 0.20944355428218842, 0.20950408279895782, 0.20948465168476105, 0.2098599672317505, 0.20922258496284485, 0.20930911600589752, 0.2098616659641266, 0.2090822160243988, 0.2092200517654419, 0.20926092565059662, 0.20904825627803802, 0.2092336118221283, 0.20982246100902557, 0.20996521413326263, 0.21000026166439056]",12.0,"[33.0, 33.0, 33.0, 33.0, 33.0, 33.0, 33.0, 33.0, 33.0, 33.0, 33.0, 33.0, 33.0, 33.0, 33.0, 33.0, 33.0, 33.0, 33.0, 33.0, 33.0, 33.0, 33.0, 33.0, 33.0, 33.0, 33.0, 32.0, 29.0, 27.0, 21.0, 20.0, 17.0, 17.0, 17.0, 17.0, 16.0, 15.0, 13.0, 13.0, 13.0, 13.0, 12.0, 12.0, 12.0, 12.0, 12.0, 12.0, 12.0, 12.0, 12.0, 12.0, 12.0, 12.0, 12.0, 12.0, 12.0, 12.0, 12.0, 12.0, 12.0, 12.0, 12.0, 12.0, 12.0, 12.0, 12.0, 12.0, 12.0, 12.0, 12.0, 12.0, 12.0, 12.0, 12.0, 12.0, 12.0, 12.0, 12.0, 12.0, 12.0, 12.0, 12.0, 12.0, 12.0, 12.0, 12.0, 12.0, 12.0, 12.0, 12.0, 12.0, 12.0, 12.0, 12.0, 12.0, 12.0, 12.0, 12.0, 12.0, 12.0, 12.0, 12.0, 12.0, 12.0, 12.0, 12.0, 12.0, 12.0, 12.0, 12.0, 12.0, 12.0, 12.0, 12.0, 12.0, 12.0, 12.0, 12.0, 12.0, 12.0, 12.0, 12.0, 12.0, 12.0, 12.0, 12.0, 12.0, 12.0, 12.0, 12.0, 12.0, 12.0, 12.0, 12.0, 12.0, 12.0, 12.0, 12.0, 12.0, 12.0, 12.0, 12.0, 12.0, 12.0, 12.0, 12.0, 12.0, 12.0, 12.0, 12.0, 12.0, 12.0, 12.0, 12.0, 12.0, 12.0, 12.0, 12.0, 12.0, 12.0, 12.0, 12.0, 12.0, 12.0, 12.0, 12.0, 12.0, 12.0, 12.0, 12.0, 12.0, 12.0, 12.0, 12.0, 12.0, 12.0, 12.0, 12.0, 12.0, 12.0, 12.0, 12.0, 12.0, 12.0, 12.0, 12.0, 12.0, 12.0, 12.0, 12.0, 12.0, 12.0, 12.0, 12.0, 12.0, 12.0, 12.0, 12.0, 12.0, 12.0, 12.0, 12.0, 12.0, 12.0, 12.0, 12.0, 12.0, 12.0, 12.0, 12.0, 12.0, 12.0, 12.0, 12.0, 12.0, 12.0, 12.0, 12.0, 12.0, 12.0, 12.0, 12.0, 12.0, 12.0, 12.0, 12.0, 12.0, 12.0, 12.0, 12.0, 12.0, 12.0, 12.0, 12.0, 12.0, 12.0, 12.0, 12.0, 12.0, 12.0, 12.0, 12.0, 12.0, 12.0, 12.0, 12.0, 12.0, 12.0, 12.0, 12.0, 12.0, 12.0, 12.0, 12.0, 12.0, 12.0, 12.0, 12.0, 12.0, 12.0, 12.0, 12.0, 12.0, 12.0, 12.0, 12.0, 12.0, 12.0, 12.0, 12.0, 12.0, 12.0, 12.0, 12.0, 12.0, 12.0, 12.0, 12.0, 12.0, 12.0, 12.0, 12.0, 12.0, 12.0, 12.0, 12.0, 12.0, 12.0, 12.0, 12.0, 12.0, 12.0, 12.0, 12.0, 12.0, 12.0, 12.0, 12.0, 12.0, 12.0, 12.0, 12.0, 12.0, 12.0, 12.0, 12.0, 12.0, 12.0, 12.0, 12.0, 12.0, 12.0, 12.0, 12.0, 12.0, 12.0, 12.0, 12.0, 12.0, 12.0, 12.0, 12.0, 12.0, 12.0, 12.0, 12.0, 12.0, 12.0, 12.0, 12.0, 12.0, 12.0, 12.0, 12.0, 12.0, 12.0, 12.0, 12.0, 12.0, 12.0, 12.0, 12.0, 12.0, 12.0, 12.0, 12.0, 12.0, 12.0, 12.0, 12.0, 12.0, 12.0, 12.0, 12.0, 12.0, 12.0, 12.0, 12.0, 12.0]",COMPLETE
