,number,value,datetime_start,datetime_complete,duration,params_batch_size_scaler,params_constant_learning_rate,params_depth,params_epochs,params_kernel_l2,params_num_trees,params_temperature,user_attrs_accuracy_test,user_attrs_accuracy_valid,user_attrs_approximate_feature_sparsity,user_attrs_approximate_feature_sparsity_history,user_attrs_approximate_weight_sparsity,user_attrs_approximate_weight_sparsity_history,user_attrs_auc_test,user_attrs_auc_valid,user_attrs_feature_sparsity,user_attrs_feature_sparsity_history,user_attrs_num_epochs,user_attrs_val_loss_history,user_attrs_weight_sparsity,user_attrs_weight_sparsity_history,state
73,73,0.8617949015212996,2024-08-31 03:48:32.955118,2024-08-31 03:48:51.416524,0 days 00:00:18.461406,16,0.08521672632836443,2,110,0.009498883237475973,87,0.0017438340513575709,0.872,0.87125,33,"[33, 33, 33, 33, 33, 33, 33, 33, 33, 33, 33, 33, 33, 33, 33, 33, 33, 33, 33, 33, 33, 33, 33, 33, 33, 33, 33, 33, 33, 33, 33, 33, 33, 33, 33, 33, 33, 33, 33, 33, 33, 33, 33, 33, 33, 33, 33, 33, 33, 33, 33, 33, 33, 33, 33, 33, 33, 33, 33, 33, 33, 33, 33, 33, 33, 33, 33, 33, 33, 33, 33, 33, 33, 33, 33, 33, 33, 33, 33, 33, 33, 33, 33, 33, 33, 33, 33, 33, 33, 33, 33, 33, 33, 33, 33, 33, 33, 33, 33, 33, 33, 33, 33, 33, 33, 33, 33, 33, 33, 33]",32.980842911877396,"[32.97318007662835, 32.984674329501914, 32.97318007662835, 32.984674329501914, 32.98850574712644, 32.99233716475096, 32.98850574712644, 32.97701149425287, 32.98850574712644, 32.98850574712644, 32.97701149425287, 32.96551724137931, 32.96551724137931, 32.96168582375479, 32.96934865900383, 32.96551724137931, 32.96168582375479, 32.96551724137931, 32.97318007662835, 32.96168582375479, 32.96551724137931, 32.96551724137931, 32.969348659003835, 32.969348659003835, 32.95785440613027, 32.96551724137931, 32.97318007662835, 32.96168582375479, 32.97701149425288, 32.96934865900383, 32.96551724137931, 32.97318007662835, 32.97318007662835, 32.96934865900383, 32.95785440613027, 32.980842911877396, 32.980842911877396, 32.97318007662835, 32.97318007662835, 32.97318007662835, 32.980842911877396, 32.97318007662835, 32.984674329501914, 32.980842911877396, 32.96934865900383, 32.984674329501914, 32.98850574712644, 32.98850574712644, 32.980842911877396, 32.98084291187739, 32.984674329501914, 32.96934865900383, 32.980842911877396, 32.984674329501914, 32.99233716475096, 32.96934865900383, 32.97318007662835, 32.99233716475096, 32.98084291187739, 32.98850574712644, 32.996168582375475, 33.0, 32.98850574712644, 32.98850574712644, 32.98084291187739, 32.97701149425287, 32.97701149425288, 32.980842911877396, 32.980842911877396, 32.96551724137931, 32.96551724137931, 32.97701149425287, 32.984674329501914, 32.996168582375475, 32.98850574712644, 32.99233716475096, 32.98850574712644, 32.980842911877396, 32.97701149425288, 32.984674329501914, 32.984674329501914, 32.97701149425287, 32.96934865900383, 32.96934865900383, 32.980842911877396, 32.984674329501914, 32.984674329501914, 32.980842911877396, 32.99233716475096, 32.98850574712644, 32.98850574712644, 32.97318007662835, 32.980842911877396, 32.97701149425287, 32.98850574712644, 32.96934865900383, 32.97318007662835, 32.980842911877396, 32.97701149425287, 32.984674329501914, 32.97701149425287, 32.984674329501914, 32.97701149425287, 32.97701149425287, 32.984674329501914, 32.99233716475096, 32.98084291187739, 32.98850574712644, 32.97701149425287, 32.980842911877396]",0.8582633608269553,0.8617949015212996,33,"[33, 33, 33, 33, 33, 33, 33, 33, 33, 33, 33, 33, 33, 33, 33, 33, 33, 33, 33, 33, 33, 33, 33, 33, 33, 33, 33, 33, 33, 33, 33, 33, 33, 33, 33, 33, 33, 33, 33, 33, 33, 33, 33, 33, 33, 33, 33, 33, 33, 33, 33, 33, 33, 33, 33, 33, 33, 33, 33, 33, 33, 33, 33, 33, 33, 33, 33, 33, 33, 33, 33, 33, 33, 33, 33, 33, 33, 33, 33, 33, 33, 33, 33, 33, 33, 33, 33, 33, 33, 33, 33, 33, 33, 33, 33, 33, 33, 33, 33, 33, 33, 33, 33, 33, 33, 33, 33, 33, 33, 33]",110,"[0.4047108590602875, 0.39717522263526917, 0.3921731114387512, 0.38775575160980225, 0.38634759187698364, 0.38447433710098267, 0.38022857904434204, 0.37829095125198364, 0.37698477506637573, 0.37532421946525574, 0.3735819160938263, 0.3719344437122345, 0.3708484172821045, 0.3695507049560547, 0.37248149514198303, 0.36896151304244995, 0.3670233488082886, 0.36638733744621277, 0.36465001106262207, 0.36444422602653503, 0.36258411407470703, 0.36533570289611816, 0.36075493693351746, 0.3596622347831726, 0.35860610008239746, 0.35774800181388855, 0.3572624921798706, 0.3557923138141632, 0.3551926016807556, 0.354171484708786, 0.3533076345920563, 0.3524877429008484, 0.35290899872779846, 0.35275790095329285, 0.34958401322364807, 0.34934002161026, 0.3487820029258728, 0.34704259037971497, 0.3462532162666321, 0.34531542658805847, 0.345549613237381, 0.34371882677078247, 0.3447517454624176, 0.34261593222618103, 0.34169429540634155, 0.34358838200569153, 0.34018370509147644, 0.3396000266075134, 0.33877798914909363, 0.33795544505119324, 0.33744513988494873, 0.3364245593547821, 0.336073637008667, 0.33538398146629333, 0.3349136710166931, 0.33382561802864075, 0.33346012234687805, 0.3325962722301483, 0.3325508236885071, 0.331360787153244, 0.3301561772823334, 0.3304067850112915, 0.32893627882003784, 0.3279309570789337, 0.3280150592327118, 0.326715350151062, 0.3262344002723694, 0.32575079798698425, 0.3255704641342163, 0.3254183232784271, 0.3236199915409088, 0.3231614828109741, 0.32244929671287537, 0.3216302990913391, 0.32240474224090576, 0.3203102946281433, 0.3197252154350281, 0.31916314363479614, 0.3182825744152069, 0.31742197275161743, 0.31714189052581787, 0.31782475113868713, 0.3152276873588562, 0.3146527409553528, 0.31364697217941284, 0.3148393929004669, 0.3123958110809326, 0.31223294138908386, 0.31105801463127136, 0.3110094368457794, 0.3097779452800751, 0.30891039967536926, 0.30863437056541443, 0.30747416615486145, 0.30681008100509644, 0.30589228868484497, 0.3070327639579773, 0.30492475628852844, 0.3060828447341919, 0.3025141954421997, 0.3018076419830322, 0.3030134439468384, 0.30009230971336365, 0.29960715770721436, 0.29870226979255676, 0.29797449707984924, 0.2971978187561035, 0.29747992753982544, 0.2955358028411865, 0.29813480377197266]",33.0,"[33.0, 33.0, 33.0, 33.0, 33.0, 33.0, 33.0, 33.0, 33.0, 33.0, 33.0, 33.0, 33.0, 33.0, 33.0, 33.0, 33.0, 33.0, 33.0, 33.0, 33.0, 33.0, 33.0, 33.0, 33.0, 33.0, 33.0, 33.0, 33.0, 33.0, 33.0, 33.0, 33.0, 33.0, 33.0, 33.0, 33.0, 33.0, 33.0, 33.0, 33.0, 33.0, 33.0, 33.0, 33.0, 33.0, 33.0, 33.0, 33.0, 33.0, 33.0, 33.0, 33.0, 33.0, 33.0, 33.0, 33.0, 33.0, 33.0, 33.0, 33.0, 33.0, 33.0, 33.0, 33.0, 33.0, 33.0, 33.0, 33.0, 33.0, 33.0, 33.0, 33.0, 33.0, 33.0, 33.0, 33.0, 33.0, 33.0, 33.0, 33.0, 33.0, 33.0, 33.0, 33.0, 33.0, 33.0, 33.0, 33.0, 33.0, 33.0, 33.0, 33.0, 33.0, 33.0, 33.0, 33.0, 33.0, 33.0, 33.0, 33.0, 33.0, 33.0, 33.0, 33.0, 33.0, 33.0, 33.0, 33.0, 33.0]",COMPLETE
