,number,value,datetime_start,datetime_complete,duration,params_batch_size_scaler,params_constant_learning_rate,params_depth,params_epochs,params_kernel_l2,params_num_trees,params_temperature,user_attrs_accuracy_test,user_attrs_accuracy_valid,user_attrs_approximate_feature_sparsity,user_attrs_approximate_feature_sparsity_history,user_attrs_approximate_weight_sparsity,user_attrs_approximate_weight_sparsity_history,user_attrs_auc_test,user_attrs_auc_valid,user_attrs_feature_sparsity,user_attrs_feature_sparsity_history,user_attrs_num_epochs,user_attrs_val_loss_history,user_attrs_weight_sparsity,user_attrs_weight_sparsity_history,state
93,93,0.9295642204789324,2024-08-31 04:14:19.439275,2024-08-31 04:16:17.558198,0 days 00:01:58.118923,4,0.029746773046066703,1,460,0.030532589070883253,50,0.05472583929958546,0.943,0.94125,33,"[33, 33, 33, 33, 33, 33, 33, 33, 33, 33, 33, 33, 33, 33, 33, 33, 33, 33, 33, 33, 33, 33, 33, 33, 33, 33, 33, 33, 33, 33, 33, 33, 33, 33, 33, 33, 33, 33, 33, 33, 33, 33, 33, 33, 33, 33, 33, 33, 33, 33, 33, 33, 33, 33, 33, 33, 33, 33, 33, 33, 33, 33, 33, 33, 33, 33, 33, 33, 33, 33, 33, 33, 33, 33, 33, 33, 33, 33, 33, 33, 33, 33, 33, 33, 33, 33, 33, 33, 33, 33, 33, 33, 33, 33, 33, 33, 33, 33, 33, 33, 33, 33, 33, 33, 33, 33, 33, 33, 33, 33, 33, 33, 33, 33, 33, 33, 33, 33, 33, 33, 33, 33, 33, 33, 33, 33, 33, 33, 33, 33, 33, 33, 33, 33, 33, 33, 33, 33, 33, 33, 33, 33, 33, 33, 33, 33, 33, 33, 33, 33, 33, 33, 33, 33, 33, 33, 33, 33, 33, 33, 33, 33, 33, 33, 33, 33, 33, 33, 33, 33, 33, 33, 33, 33, 33, 33, 33, 33, 33, 33, 33, 33, 33, 33, 33, 33, 33, 33, 33, 33, 33, 33, 33, 33, 33, 33, 33, 33, 33, 33, 33, 33, 33, 33, 33, 33, 33, 33, 33, 33, 33, 33, 33, 33, 33, 33, 33, 33, 33, 33, 33, 33, 33, 33, 33, 33, 33, 33, 33, 33, 33, 33, 33, 33, 33, 33, 33, 33, 33, 33, 33, 33, 33, 33, 33, 33, 33, 33, 33, 33, 33, 33, 33, 33, 33, 33, 33, 33, 33, 33, 33, 33, 33, 33, 33, 33, 33, 33, 33, 33, 33, 33, 33, 33, 33, 33, 33, 33, 33, 33, 33, 33, 33, 33, 33, 33, 33, 33, 33, 33, 33, 33, 33, 33, 33, 33, 33, 33, 33, 33, 33, 33, 33, 33, 33, 33, 33, 33, 33, 33, 33, 33, 33, 33, 33, 33, 33, 33, 33, 33, 33, 33, 33, 33, 33, 33, 33, 33, 33, 33, 33, 33, 33, 33, 33, 33, 33, 33, 33, 33, 33, 33, 33, 33, 33, 33, 33, 33, 33, 33, 33, 33, 33, 33, 33, 33, 33, 33, 33, 33, 33, 33, 33, 33, 33, 33, 33, 33, 33, 33, 33, 33, 33, 33, 33, 33, 33, 33, 33, 33, 33, 33, 33, 33, 33, 33, 33, 33, 33, 33, 33, 33, 33, 33, 33, 33, 33, 33, 33, 33, 33, 33, 33, 33, 33, 33, 33, 33, 33, 33, 33, 33, 33, 33, 33, 33, 33, 33, 33, 33, 33, 33, 33, 33, 33, 33, 33, 33, 33, 33, 33, 33, 33, 33, 33, 33, 33, 33, 33, 33, 33, 33, 33, 33, 33, 33, 33, 33, 33, 33, 33, 33, 33, 33, 33, 33, 33, 33, 33, 33]",32.96,"[33.0, 32.980000000000004, 33.0, 33.0, 33.0, 32.980000000000004, 33.0, 33.0, 32.980000000000004, 33.0, 33.0, 32.980000000000004, 33.0, 33.0, 33.0, 33.0, 33.0, 32.980000000000004, 32.96, 33.0, 33.0, 32.980000000000004, 33.0, 33.0, 32.980000000000004, 32.980000000000004, 32.96, 33.0, 32.96, 32.98, 33.0, 32.980000000000004, 32.980000000000004, 32.980000000000004, 32.980000000000004, 32.96, 32.980000000000004, 32.980000000000004, 33.0, 32.980000000000004, 32.96, 32.980000000000004, 32.980000000000004, 33.0, 33.0, 33.0, 33.0, 32.980000000000004, 32.980000000000004, 33.0, 32.980000000000004, 33.0, 32.980000000000004, 33.0, 33.0, 33.0, 32.96, 33.0, 33.0, 33.0, 33.0, 33.0, 33.0, 33.0, 33.0, 32.980000000000004, 33.0, 33.0, 32.980000000000004, 33.0, 32.980000000000004, 32.96, 33.0, 33.0, 33.0, 33.0, 32.980000000000004, 32.94, 32.980000000000004, 32.96, 32.980000000000004, 33.0, 32.96, 32.980000000000004, 32.980000000000004, 33.0, 32.980000000000004, 33.0, 32.980000000000004, 32.980000000000004, 32.980000000000004, 33.0, 33.0, 33.0, 33.0, 33.0, 32.980000000000004, 32.980000000000004, 32.980000000000004, 33.0, 32.980000000000004, 32.980000000000004, 33.0, 32.980000000000004, 33.0, 32.94, 32.980000000000004, 33.0, 33.0, 33.0, 33.0, 33.0, 32.96, 32.96, 32.94, 32.96, 32.980000000000004, 32.980000000000004, 33.0, 33.0, 32.980000000000004, 32.96, 32.96, 32.980000000000004, 32.96, 32.980000000000004, 33.0, 32.96, 33.0, 33.0, 33.0, 32.980000000000004, 32.980000000000004, 32.96, 32.980000000000004, 33.0, 32.980000000000004, 32.980000000000004, 32.96, 32.96, 33.0, 32.980000000000004, 32.96, 32.980000000000004, 33.0, 32.980000000000004, 33.0, 33.0, 33.0, 33.0, 33.0, 32.96, 32.980000000000004, 32.980000000000004, 32.980000000000004, 32.96, 32.980000000000004, 32.980000000000004, 33.0, 32.96, 33.0, 33.0, 33.0, 32.980000000000004, 32.980000000000004, 33.0, 32.980000000000004, 32.98, 32.980000000000004, 33.0, 33.0, 33.0, 32.980000000000004, 33.0, 32.980000000000004, 33.0, 32.980000000000004, 32.980000000000004, 33.0, 33.0, 33.0, 32.980000000000004, 33.0, 33.0, 33.0, 32.980000000000004, 32.980000000000004, 32.980000000000004, 32.980000000000004, 33.0, 33.0, 32.980000000000004, 32.92, 32.94, 32.94, 32.96, 32.980000000000004, 32.980000000000004, 32.980000000000004, 32.980000000000004, 32.96, 32.980000000000004, 32.96, 32.94, 32.96, 32.96, 32.96, 32.980000000000004, 32.980000000000004, 32.96, 32.980000000000004, 32.980000000000004, 32.980000000000004, 32.980000000000004, 32.980000000000004, 32.92, 32.94, 32.92, 32.88, 32.96, 32.94, 32.96, 32.96, 32.980000000000004, 32.96, 32.96, 32.96, 32.980000000000004, 32.980000000000004, 32.94, 32.980000000000004, 32.94, 32.96, 32.94, 33.0, 33.0, 33.0, 32.980000000000004, 32.980000000000004, 32.980000000000004, 32.96, 32.96, 32.94, 32.94, 32.94, 33.0, 32.980000000000004, 33.0, 32.980000000000004, 33.0, 33.0, 33.0, 32.980000000000004, 32.980000000000004, 33.0, 32.980000000000004, 32.980000000000004, 32.980000000000004, 33.0, 33.0, 33.0, 33.0, 33.0, 33.0, 33.0, 33.0, 33.0, 33.0, 33.0, 33.0, 33.0, 33.0, 32.980000000000004, 32.980000000000004, 32.980000000000004, 32.980000000000004, 33.0, 33.0, 33.0, 33.0, 32.96, 32.980000000000004, 33.0, 32.980000000000004, 32.980000000000004, 33.0, 32.980000000000004, 33.0, 33.0, 33.0, 33.0, 33.0, 32.980000000000004, 33.0, 32.96, 32.92, 32.96, 32.980000000000004, 32.96, 32.980000000000004, 32.980000000000004, 32.980000000000004, 33.0, 32.94, 32.96, 32.96, 32.980000000000004, 32.980000000000004, 33.0, 33.0, 33.0, 33.0, 33.0, 33.0, 33.0, 32.980000000000004, 32.980000000000004, 33.0, 33.0, 33.0, 33.0, 33.0, 32.980000000000004, 33.0, 33.0, 33.0, 33.0, 33.0, 33.0, 33.0, 32.96, 32.96, 32.92, 32.94, 32.980000000000004, 33.0, 32.980000000000004, 33.0, 33.0, 33.0, 33.0, 33.0, 33.0, 32.980000000000004, 32.96, 32.980000000000004, 33.0, 33.0, 33.0, 33.0, 32.980000000000004, 32.96, 32.980000000000004, 32.980000000000004, 32.94, 32.980000000000004, 32.96, 32.96, 32.980000000000004, 32.96, 32.94, 32.94, 32.94, 32.96, 32.96, 32.96, 32.94, 32.980000000000004, 32.96, 32.94, 32.94, 32.94, 32.900000000000006, 32.92, 32.900000000000006, 32.9, 32.92, 32.94, 32.96, 32.94, 32.980000000000004, 32.980000000000004, 33.0, 33.0, 32.980000000000004, 33.0, 33.0, 33.0, 32.980000000000004, 32.980000000000004, 32.96, 33.0, 32.980000000000004, 33.0, 32.980000000000004, 32.96, 32.96, 32.94, 32.980000000000004, 32.980000000000004, 33.0, 32.980000000000004, 32.96, 32.94, 32.900000000000006, 32.96, 32.980000000000004, 32.92, 32.96, 32.900000000000006, 32.980000000000004, 32.96, 32.96, 32.92, 32.980000000000004, 32.96, 32.96, 32.96, 32.96, 32.980000000000004, 32.980000000000004, 32.96, 32.96, 32.980000000000004, 32.94, 33.0, 32.94, 32.980000000000004, 32.96, 32.94, 32.96, 32.980000000000004, 32.980000000000004, 32.96, 32.94, 33.0, 32.980000000000004, 33.0, 32.980000000000004, 33.0, 32.96, 32.980000000000004, 32.96, 32.980000000000004, 32.980000000000004, 32.980000000000004, 32.980000000000004, 32.980000000000004, 33.0, 32.980000000000004, 32.980000000000004, 32.94, 33.0, 32.980000000000004, 32.980000000000004, 32.980000000000004, 32.94, 32.94, 32.94, 32.96]",0.91055903698016,0.9295642204789324,33,"[33, 33, 33, 33, 33, 33, 33, 33, 33, 33, 33, 33, 33, 33, 33, 33, 33, 33, 33, 33, 33, 33, 33, 33, 33, 33, 33, 33, 33, 33, 33, 33, 33, 33, 33, 33, 33, 33, 33, 33, 33, 33, 33, 33, 33, 33, 33, 33, 33, 33, 33, 33, 33, 33, 33, 33, 33, 33, 33, 33, 33, 33, 33, 33, 33, 33, 33, 33, 33, 33, 33, 33, 33, 33, 33, 33, 33, 33, 33, 33, 33, 33, 33, 33, 33, 33, 33, 33, 33, 33, 33, 33, 33, 33, 33, 33, 33, 33, 33, 33, 33, 33, 33, 33, 33, 33, 33, 33, 33, 33, 33, 33, 33, 33, 33, 33, 33, 33, 33, 33, 33, 33, 33, 33, 33, 33, 33, 33, 33, 33, 33, 33, 33, 33, 33, 33, 33, 33, 33, 33, 33, 33, 33, 33, 33, 33, 33, 33, 33, 33, 33, 33, 33, 33, 33, 33, 33, 33, 33, 33, 33, 33, 33, 33, 33, 33, 33, 33, 33, 33, 33, 33, 33, 33, 33, 33, 33, 33, 33, 33, 33, 33, 33, 33, 33, 33, 33, 33, 33, 33, 33, 33, 33, 33, 33, 33, 33, 33, 33, 33, 33, 33, 33, 33, 33, 33, 33, 33, 33, 33, 33, 33, 33, 33, 33, 33, 33, 33, 33, 33, 33, 33, 33, 33, 33, 33, 33, 33, 33, 33, 33, 33, 33, 33, 33, 33, 33, 33, 33, 33, 33, 33, 33, 33, 33, 33, 33, 33, 33, 33, 33, 33, 33, 33, 33, 33, 33, 33, 33, 33, 33, 33, 33, 33, 33, 33, 33, 33, 33, 33, 33, 33, 33, 33, 33, 33, 33, 33, 33, 33, 33, 33, 33, 33, 33, 33, 33, 33, 33, 33, 33, 33, 33, 33, 33, 33, 33, 33, 33, 33, 33, 33, 33, 33, 33, 33, 33, 33, 33, 33, 33, 33, 33, 33, 33, 33, 33, 33, 33, 33, 33, 33, 33, 33, 33, 33, 33, 33, 33, 33, 33, 33, 33, 33, 33, 33, 33, 33, 33, 33, 33, 33, 33, 33, 33, 33, 33, 33, 33, 33, 33, 33, 33, 33, 33, 33, 33, 33, 33, 33, 33, 33, 33, 33, 33, 33, 33, 33, 33, 33, 33, 33, 33, 33, 33, 33, 33, 33, 33, 33, 33, 33, 33, 33, 33, 33, 33, 33, 33, 33, 33, 33, 33, 33, 33, 33, 33, 33, 33, 33, 33, 33, 33, 33, 33, 33, 33, 33, 33, 33, 33, 33, 33, 33, 33, 33, 33, 33, 33, 33, 33, 33, 33, 33, 33, 33, 33, 33, 33, 33, 33, 33, 33, 33, 33, 33, 33, 33, 33, 33, 33, 33, 33, 33, 33, 33, 33, 33, 33, 33, 33, 33, 33, 33, 33, 33, 33, 33, 33, 33]",460,"[0.4304126799106598, 0.4225713610649109, 0.41283920407295227, 0.4082910120487213, 0.4040589928627014, 0.400134801864624, 0.3984973132610321, 0.39493638277053833, 0.39225003123283386, 0.39133259654045105, 0.38866865634918213, 0.3889821171760559, 0.3861377239227295, 0.38478928804397583, 0.3822908103466034, 0.38254067301750183, 0.37930041551589966, 0.3775806725025177, 0.3770606219768524, 0.375014066696167, 0.37352490425109863, 0.37219181656837463, 0.3710004687309265, 0.3697640895843506, 0.3711564242839813, 0.3677321970462799, 0.3678738474845886, 0.36696857213974, 0.36389461159706116, 0.36292243003845215, 0.3621750771999359, 0.36092686653137207, 0.36053311824798584, 0.35967203974723816, 0.35915589332580566, 0.3569943606853485, 0.35648131370544434, 0.3553146421909332, 0.3551861643791199, 0.35390377044677734, 0.35434848070144653, 0.35214588046073914, 0.351378470659256, 0.3505697250366211, 0.34995853900909424, 0.34931495785713196, 0.3493395149707794, 0.3482967019081116, 0.3474728763103485, 0.3464675545692444, 0.3456617593765259, 0.34506529569625854, 0.34455054998397827, 0.34404823184013367, 0.34328192472457886, 0.34283775091171265, 0.3424769639968872, 0.3418225049972534, 0.34223806858062744, 0.34090274572372437, 0.34017622470855713, 0.33998435735702515, 0.33912724256515503, 0.33908286690711975, 0.33798378705978394, 0.33833253383636475, 0.3376598060131073, 0.3398166000843048, 0.33661383390426636, 0.3355002999305725, 0.3389703333377838, 0.3343488276004791, 0.3335763216018677, 0.3337867259979248, 0.3327259421348572, 0.3324142396450043, 0.33209162950515747, 0.3313414752483368, 0.3367554545402527, 0.3301958739757538, 0.32947078347206116, 0.3289186358451843, 0.3285270631313324, 0.3280903100967407, 0.3280021548271179, 0.3269936442375183, 0.3268495798110962, 0.32590457797050476, 0.32540440559387207, 0.32477110624313354, 0.32434993982315063, 0.32368677854537964, 0.3230091333389282, 0.3227127194404602, 0.3234497010707855, 0.3233474791049957, 0.3214653432369232, 0.31993597745895386, 0.3189966678619385, 0.3182535171508789, 0.3182067275047302, 0.31703001260757446, 0.3160374164581299, 0.3156641125679016, 0.31558287143707275, 0.31491363048553467, 0.31265145540237427, 0.3122199475765228, 0.31081604957580566, 0.30966973304748535, 0.3095000386238098, 0.3078211545944214, 0.307404488325119, 0.30693286657333374, 0.3049013614654541, 0.30419740080833435, 0.3031919002532959, 0.3038991093635559, 0.30119818449020386, 0.2997957766056061, 0.3000265955924988, 0.2990514039993286, 0.2964610159397125, 0.296588659286499, 0.2947409451007843, 0.29472434520721436, 0.29201239347457886, 0.2921084463596344, 0.29010552167892456, 0.28918901085853577, 0.2879040241241455, 0.2870112657546997, 0.28529027104377747, 0.28533270955085754, 0.28359493613243103, 0.2819501757621765, 0.2810071110725403, 0.2799435555934906, 0.27905187010765076, 0.27772197127342224, 0.27689051628112793, 0.276727557182312, 0.27481335401535034, 0.2764769494533539, 0.2738175094127655, 0.2717437148094177, 0.27080661058425903, 0.26978209614753723, 0.2687084674835205, 0.26796379685401917, 0.2670665979385376, 0.26678934693336487, 0.2655157148838043, 0.26451408863067627, 0.2637110650539398, 0.26608148217201233, 0.26243147253990173, 0.2615898847579956, 0.2606349289417267, 0.26268526911735535, 0.2593405544757843, 0.2591426372528076, 0.25775375962257385, 0.25720319151878357, 0.2566390931606293, 0.2561665177345276, 0.2559598684310913, 0.25468841195106506, 0.256262868642807, 0.2547779381275177, 0.2549808621406555, 0.25217100977897644, 0.2522052526473999, 0.2517869472503662, 0.25061237812042236, 0.25018373131752014, 0.2497464120388031, 0.2493690848350525, 0.24884767830371857, 0.24865779280662537, 0.24761472642421722, 0.24733468890190125, 0.2473582625389099, 0.24888186156749725, 0.24930663406848907, 0.24679113924503326, 0.24528992176055908, 0.24491280317306519, 0.24773727357387543, 0.243875652551651, 0.2446315437555313, 0.24360063672065735, 0.2437133640050888, 0.2428116649389267, 0.24286548793315887, 0.24206142127513885, 0.24164468050003052, 0.24128980934619904, 0.2409610003232956, 0.2411862313747406, 0.2407076507806778, 0.24046409130096436, 0.24056489765644073, 0.23941828310489655, 0.2392732948064804, 0.23913635313510895, 0.2383708953857422, 0.23804569244384766, 0.23858408629894257, 0.23813071846961975, 0.23746873438358307, 0.2373574674129486, 0.2374127209186554, 0.2367766946554184, 0.23692381381988525, 0.23777908086776733, 0.2362978160381317, 0.23860186338424683, 0.23652347922325134, 0.23660919070243835, 0.2361535280942917, 0.23509162664413452, 0.2359623908996582, 0.23477090895175934, 0.2353847473859787, 0.23488737642765045, 0.2339198738336563, 0.23522581160068512, 0.23402930796146393, 0.2331307828426361, 0.233157217502594, 0.2338186651468277, 0.23448894917964935, 0.23273922502994537, 0.23250019550323486, 0.23533187806606293, 0.23285982012748718, 0.23179498314857483, 0.23212262988090515, 0.23293738067150116, 0.2326214611530304, 0.23247024416923523, 0.2373037338256836, 0.2314184159040451, 0.23057803511619568, 0.23248031735420227, 0.2305416464805603, 0.23102183640003204, 0.2298528254032135, 0.22999511659145355, 0.2322722226381302, 0.22921842336654663, 0.22988368570804596, 0.2304404079914093, 0.22951699793338776, 0.22940309345722198, 0.2293035089969635, 0.22935813665390015, 0.2293073982000351, 0.22920425236225128, 0.22840139269828796, 0.22872582077980042, 0.22792626917362213, 0.22776329517364502, 0.2292768508195877, 0.22827497124671936, 0.22976627945899963, 0.22758440673351288, 0.22823110222816467, 0.2289457768201828, 0.22815771400928497, 0.22698679566383362, 0.22784695029258728, 0.22822721302509308, 0.22632229328155518, 0.22575153410434723, 0.2259717434644699, 0.22628441452980042, 0.2271651327610016, 0.22686976194381714, 0.22603636980056763, 0.2255728542804718, 0.22551129758358002, 0.2258991003036499, 0.22536933422088623, 0.22531209886074066, 0.22509212791919708, 0.22519934177398682, 0.2258789837360382, 0.22509437799453735, 0.22479818761348724, 0.22421863675117493, 0.22564616799354553, 0.22464555501937866, 0.22573532164096832, 0.22413036227226257, 0.22387659549713135, 0.2245139330625534, 0.224530890583992, 0.2238115817308426, 0.22387076914310455, 0.22353319823741913, 0.2245669811964035, 0.22501511871814728, 0.22345584630966187, 0.2248687595129013, 0.2240433692932129, 0.2230759859085083, 0.2237883061170578, 0.2230454832315445, 0.22360122203826904, 0.2226054072380066, 0.2247660607099533, 0.22162313759326935, 0.22215388715267181, 0.22173355519771576, 0.22153031826019287, 0.22161893546581268, 0.22328288853168488, 0.22422748804092407, 0.22254697978496552, 0.2232063263654709, 0.2212969958782196, 0.22158683836460114, 0.22090427577495575, 0.22099551558494568, 0.22035685181617737, 0.22048376500606537, 0.2206493318080902, 0.22150924801826477, 0.22137165069580078, 0.22242124378681183, 0.21999016404151917, 0.21998709440231323, 0.22018110752105713, 0.22051416337490082, 0.2225000560283661, 0.2205132246017456, 0.21957048773765564, 0.22118015587329865, 0.2212885618209839, 0.22126804292201996, 0.22180727124214172, 0.2197600156068802, 0.22118587791919708, 0.22092078626155853, 0.21939943730831146, 0.22125986218452454, 0.22101658582687378, 0.21853093802928925, 0.21854157745838165, 0.21876458823680878, 0.21863782405853271, 0.22025375068187714, 0.22021111845970154, 0.21876591444015503, 0.22030679881572723, 0.21814191341400146, 0.21903564035892487, 0.22029100358486176, 0.2181634157896042, 0.21778571605682373, 0.21815061569213867, 0.21847283840179443, 0.21873703598976135, 0.2209104299545288, 0.220087930560112, 0.21889562904834747, 0.2175685465335846, 0.21758045256137848, 0.21809005737304688, 0.2178766131401062, 0.21732757985591888, 0.21722188591957092, 0.21712175011634827, 0.21682949364185333, 0.21758756041526794, 0.21867872774600983, 0.21743778884410858, 0.2170991152524948, 0.2162051796913147, 0.21831844747066498, 0.21645650267601013, 0.2170332372188568, 0.21616780757904053, 0.2165709286928177, 0.2178981900215149, 0.21701878309249878, 0.2188185751438141, 0.2170150727033615, 0.21600830554962158, 0.2182215303182602, 0.21945706009864807, 0.21640245616436005, 0.21718713641166687, 0.21713094413280487, 0.21661929786205292, 0.21675625443458557, 0.215967059135437, 0.21626834571361542, 0.215980663895607, 0.21584878861904144, 0.21559567749500275, 0.2154783010482788, 0.21552284061908722, 0.21518361568450928, 0.21475915610790253, 0.21618442237377167, 0.21492056548595428, 0.21723727881908417, 0.21472664177417755, 0.21446098387241364, 0.21647168695926666, 0.214780792593956, 0.2149118036031723, 0.2177656888961792, 0.21488556265830994, 0.2152184247970581, 0.21643507480621338, 0.21546071767807007, 0.2138654589653015, 0.2155383825302124, 0.21398134529590607, 0.21429264545440674, 0.21865171194076538, 0.21560588479042053, 0.2140757143497467, 0.21456323564052582, 0.2167479395866394, 0.2165059596300125, 0.2145415097475052, 0.21359850466251373, 0.21296094357967377, 0.21291229128837585, 0.2128579318523407, 0.2164480984210968, 0.21575163304805756, 0.21255971491336823, 0.21375758945941925, 0.21287108957767487, 0.21309936046600342, 0.21303771436214447, 0.21326439082622528, 0.21274608373641968, 0.21282175183296204, 0.21202321350574493, 0.2137075662612915, 0.2128555327653885, 0.21380415558815002, 0.2125108540058136, 0.21231317520141602, 0.21308334171772003, 0.21218907833099365, 0.21138101816177368, 0.2122359424829483, 0.21216894686222076, 0.2115447223186493, 0.2114647924900055, 0.21191318333148956, 0.2167554646730423]",33.0,"[33.0, 33.0, 33.0, 33.0, 33.0, 33.0, 33.0, 33.0, 33.0, 33.0, 33.0, 33.0, 33.0, 33.0, 33.0, 33.0, 33.0, 33.0, 33.0, 33.0, 33.0, 33.0, 33.0, 33.0, 33.0, 33.0, 33.0, 33.0, 33.0, 33.0, 33.0, 33.0, 33.0, 33.0, 33.0, 33.0, 33.0, 33.0, 33.0, 33.0, 33.0, 33.0, 33.0, 33.0, 33.0, 33.0, 33.0, 33.0, 33.0, 33.0, 33.0, 33.0, 33.0, 33.0, 33.0, 33.0, 33.0, 33.0, 33.0, 33.0, 33.0, 33.0, 33.0, 33.0, 33.0, 33.0, 33.0, 33.0, 33.0, 33.0, 33.0, 33.0, 33.0, 33.0, 33.0, 33.0, 33.0, 33.0, 33.0, 33.0, 33.0, 33.0, 33.0, 33.0, 33.0, 33.0, 33.0, 33.0, 33.0, 33.0, 33.0, 33.0, 33.0, 33.0, 33.0, 33.0, 33.0, 33.0, 33.0, 33.0, 33.0, 33.0, 33.0, 33.0, 33.0, 33.0, 33.0, 33.0, 33.0, 33.0, 33.0, 33.0, 33.0, 33.0, 33.0, 33.0, 33.0, 33.0, 33.0, 33.0, 33.0, 33.0, 33.0, 33.0, 33.0, 33.0, 33.0, 33.0, 33.0, 33.0, 33.0, 33.0, 33.0, 33.0, 33.0, 33.0, 33.0, 33.0, 33.0, 33.0, 33.0, 33.0, 33.0, 33.0, 33.0, 33.0, 33.0, 33.0, 33.0, 33.0, 33.0, 33.0, 33.0, 33.0, 33.0, 33.0, 33.0, 33.0, 33.0, 33.0, 33.0, 33.0, 33.0, 33.0, 33.0, 33.0, 33.0, 33.0, 33.0, 33.0, 33.0, 33.0, 33.0, 33.0, 33.0, 33.0, 33.0, 33.0, 33.0, 33.0, 33.0, 33.0, 33.0, 33.0, 33.0, 33.0, 33.0, 33.0, 33.0, 33.0, 33.0, 33.0, 33.0, 33.0, 33.0, 33.0, 33.0, 33.0, 33.0, 33.0, 33.0, 33.0, 33.0, 33.0, 33.0, 33.0, 33.0, 33.0, 33.0, 33.0, 33.0, 33.0, 33.0, 33.0, 33.0, 33.0, 33.0, 33.0, 33.0, 33.0, 33.0, 33.0, 33.0, 33.0, 33.0, 33.0, 33.0, 33.0, 33.0, 33.0, 33.0, 33.0, 33.0, 33.0, 33.0, 33.0, 33.0, 33.0, 33.0, 33.0, 33.0, 33.0, 33.0, 33.0, 33.0, 33.0, 33.0, 33.0, 33.0, 33.0, 33.0, 33.0, 33.0, 33.0, 33.0, 33.0, 33.0, 33.0, 33.0, 33.0, 33.0, 33.0, 33.0, 33.0, 33.0, 33.0, 33.0, 33.0, 33.0, 33.0, 33.0, 33.0, 33.0, 33.0, 33.0, 33.0, 33.0, 33.0, 33.0, 33.0, 33.0, 33.0, 33.0, 33.0, 33.0, 33.0, 33.0, 33.0, 33.0, 33.0, 33.0, 33.0, 33.0, 33.0, 33.0, 33.0, 33.0, 33.0, 33.0, 33.0, 33.0, 33.0, 33.0, 33.0, 33.0, 33.0, 33.0, 33.0, 33.0, 33.0, 33.0, 33.0, 33.0, 33.0, 33.0, 33.0, 33.0, 33.0, 33.0, 33.0, 33.0, 33.0, 33.0, 33.0, 33.0, 33.0, 33.0, 33.0, 33.0, 33.0, 33.0, 33.0, 33.0, 33.0, 33.0, 33.0, 33.0, 33.0, 33.0, 33.0, 33.0, 33.0, 33.0, 33.0, 33.0, 33.0, 33.0, 33.0, 33.0, 33.0, 33.0, 33.0, 33.0, 33.0, 33.0, 33.0, 33.0, 33.0, 33.0, 33.0, 33.0, 33.0, 33.0, 33.0, 33.0, 33.0, 33.0, 33.0, 33.0, 33.0, 33.0, 33.0, 33.0, 33.0, 33.0, 33.0, 33.0, 33.0, 33.0, 33.0, 33.0, 33.0, 33.0, 33.0, 33.0, 33.0, 33.0, 33.0, 33.0, 33.0, 33.0, 33.0, 33.0, 33.0, 33.0, 33.0, 33.0, 33.0, 33.0, 33.0, 33.0, 33.0, 33.0, 33.0, 33.0, 33.0, 33.0, 33.0, 33.0, 33.0, 33.0, 33.0, 33.0, 33.0, 33.0, 33.0, 33.0, 33.0, 33.0, 33.0, 33.0, 33.0, 33.0, 33.0, 33.0, 33.0, 33.0, 33.0, 33.0, 33.0, 33.0, 33.0, 33.0, 33.0, 33.0, 33.0, 33.0, 33.0, 33.0, 33.0, 33.0, 33.0, 33.0, 33.0, 33.0, 33.0, 33.0, 33.0, 33.0, 33.0, 33.0, 33.0, 33.0, 33.0, 33.0, 33.0, 33.0, 33.0, 33.0, 33.0]",COMPLETE
