,number,value,datetime_start,datetime_complete,duration,params_batch_size_scaler,params_constant_learning_rate,params_depth,params_epochs,params_kernel_l2,params_num_trees,params_temperature,user_attrs_accuracy_test,user_attrs_accuracy_valid,user_attrs_approximate_feature_sparsity,user_attrs_approximate_feature_sparsity_history,user_attrs_approximate_weight_sparsity,user_attrs_approximate_weight_sparsity_history,user_attrs_auc_test,user_attrs_auc_valid,user_attrs_feature_sparsity,user_attrs_feature_sparsity_history,user_attrs_num_epochs,user_attrs_val_loss_history,user_attrs_weight_sparsity,user_attrs_weight_sparsity_history,state
161,161,0.5,2024-08-31 07:22:26.357183,2024-08-31 07:23:34.761485,0 days 00:01:08.404302,16,6.908280901723562,4,435,0.005034003441731852,44,0.004225728110476024,0.859,0.85875,0,"[11, 1, 0, 0, 0, 0, 0, 0, 0, 0, 0, 0, 0, 0, 0, 0, 0, 0, 0, 0, 0, 0, 0, 0, 0, 0, 0, 0, 0, 0, 0, 0, 0, 0, 0, 0, 0, 0, 0, 0, 0, 0, 0, 0, 0, 0, 0, 0, 0, 0, 0, 0, 0, 0, 0, 0, 0, 0, 0, 0, 0, 0, 0, 0, 0, 0, 0, 0, 0, 0, 0, 0, 0, 0, 0, 0, 0, 0, 0, 0, 0, 0, 0, 0, 0, 0, 0, 0, 0, 0, 0, 0, 0, 0, 0, 0, 0, 0, 0, 0, 0, 0, 0, 0, 0, 0, 0, 0, 0, 0, 0, 0, 0, 0, 0, 0, 0, 0, 0, 0, 0, 0, 0, 0, 0, 0, 0, 0, 0, 0, 0, 0, 0, 0, 0, 0, 0, 0, 0, 0, 0, 0, 0, 0, 0, 0, 0, 0, 0, 0, 0, 0, 0, 0, 0, 0, 0, 0, 0, 0, 0, 0, 0, 0, 0, 0, 0, 0, 0, 0, 0, 0, 0, 0, 0, 0, 0, 0, 0, 0, 0, 0, 0, 0, 0, 0, 0, 0, 0, 0, 0, 0, 0, 0, 0, 0, 0, 0, 0, 0, 0, 0, 0, 0, 0, 0, 0, 0, 0, 0, 0, 0, 0, 0, 0, 0, 0, 0, 0, 0, 0, 0, 0, 0, 0, 0, 0, 0, 0, 0, 0, 0, 0, 0, 0, 0, 0, 0, 0, 0, 0, 0, 0, 0, 0, 0, 0, 0, 0, 0, 0, 0, 0, 0, 0, 0, 0, 0, 0, 0, 0, 0, 0, 0, 0, 0, 0, 0, 0, 0, 0, 0, 0, 0, 0, 0, 0, 0, 0, 0, 0, 0, 0, 0, 0, 0, 0, 0, 0, 0, 0, 0, 0, 0, 0, 0, 0, 0, 0, 0, 0, 0, 0, 0, 0, 0, 0, 0, 0, 0, 0, 0, 0, 0, 0, 0, 0, 0, 0, 0, 0, 0, 0, 0, 0, 0, 0, 0, 0, 0, 0, 0, 0, 0, 0, 0, 0, 0, 0, 0, 0, 0, 0, 0, 0, 0, 0, 0, 0, 0, 0, 0, 0, 0, 0, 0, 0, 0, 0, 0, 0, 0, 0, 0, 0, 0, 0, 0, 0, 0, 0, 0, 0, 0, 0, 0, 0, 0, 0, 0, 0, 0, 0, 0, 0, 0, 0, 0, 0, 0, 0, 0, 0, 0, 0, 0, 0, 0, 0, 0, 0, 0, 0, 0, 0, 0, 0, 0, 0, 0, 0, 0, 0, 0, 0, 0, 0, 0, 0, 0, 0, 0, 0, 0, 0, 0, 0, 0, 0, 0, 0, 0, 0, 0, 0]",0.0,"[10.987878787878788, 1.0, 0.0, 0.0, 0.0, 0.0, 0.0, 0.0, 0.0, 0.0, 0.0, 0.0, 0.0, 0.0, 0.0, 0.0, 0.0, 0.0, 0.0, 0.0, 0.0, 0.0, 0.0, 0.0, 0.0, 0.0, 0.0, 0.0, 0.0, 0.0, 0.0, 0.0, 0.0, 0.0, 0.0, 0.0, 0.0, 0.0, 0.0, 0.0, 0.0, 0.0, 0.0, 0.0, 0.0, 0.0, 0.0, 0.0, 0.0, 0.0, 0.0, 0.0, 0.0, 0.0, 0.0, 0.0, 0.0, 0.0, 0.0, 0.0, 0.0, 0.0, 0.0, 0.0, 0.0, 0.0, 0.0, 0.0, 0.0, 0.0, 0.0, 0.0, 0.0, 0.0, 0.0, 0.0, 0.0, 0.0, 0.0, 0.0, 0.0, 0.0, 0.0, 0.0, 0.0, 0.0, 0.0, 0.0, 0.0, 0.0, 0.0, 0.0, 0.0, 0.0, 0.0, 0.0, 0.0, 0.0, 0.0, 0.0, 0.0, 0.0, 0.0, 0.0, 0.0, 0.0, 0.0, 0.0, 0.0, 0.0, 0.0, 0.0, 0.0, 0.0, 0.0, 0.0, 0.0, 0.0, 0.0, 0.0, 0.0, 0.0, 0.0, 0.0, 0.0, 0.0, 0.0, 0.0, 0.0, 0.0, 0.0, 0.0, 0.0, 0.0, 0.0, 0.0, 0.0, 0.0, 0.0, 0.0, 0.0, 0.0, 0.0, 0.0, 0.0, 0.0, 0.0, 0.0, 0.0, 0.0, 0.0, 0.0, 0.0, 0.0, 0.0, 0.0, 0.0, 0.0, 0.0, 0.0, 0.0, 0.0, 0.0, 0.0, 0.0, 0.0, 0.0, 0.0, 0.0, 0.0, 0.0, 0.0, 0.0, 0.0, 0.0, 0.0, 0.0, 0.0, 0.0, 0.0, 0.0, 0.0, 0.0, 0.0, 0.0, 0.0, 0.0, 0.0, 0.0, 0.0, 0.0, 0.0, 0.0, 0.0, 0.0, 0.0, 0.0, 0.0, 0.0, 0.0, 0.0, 0.0, 0.0, 0.0, 0.0, 0.0, 0.0, 0.0, 0.0, 0.0, 0.0, 0.0, 0.0, 0.0, 0.0, 0.0, 0.0, 0.0, 0.0, 0.0, 0.0, 0.0, 0.0, 0.0, 0.0, 0.0, 0.0, 0.0, 0.0, 0.0, 0.0, 0.0, 0.0, 0.0, 0.0, 0.0, 0.0, 0.0, 0.0, 0.0, 0.0, 0.0, 0.0, 0.0, 0.0, 0.0, 0.0, 0.0, 0.0, 0.0, 0.0, 0.0, 0.0, 0.0, 0.0, 0.0, 0.0, 0.0, 0.0, 0.0, 0.0, 0.0, 0.0, 0.0, 0.0, 0.0, 0.0, 0.0, 0.0, 0.0, 0.0, 0.0, 0.0, 0.0, 0.0, 0.0, 0.0, 0.0, 0.0, 0.0, 0.0, 0.0, 0.0, 0.0, 0.0, 0.0, 0.0, 0.0, 0.0, 0.0, 0.0, 0.0, 0.0, 0.0, 0.0, 0.0, 0.0, 0.0, 0.0, 0.0, 0.0, 0.0, 0.0, 0.0, 0.0, 0.0, 0.0, 0.0, 0.0, 0.0, 0.0, 0.0, 0.0, 0.0, 0.0, 0.0, 0.0, 0.0, 0.0, 0.0, 0.0, 0.0, 0.0, 0.0, 0.0, 0.0, 0.0, 0.0, 0.0, 0.0, 0.0, 0.0, 0.0, 0.0, 0.0, 0.0, 0.0, 0.0, 0.0, 0.0, 0.0, 0.0, 0.0, 0.0, 0.0, 0.0, 0.0, 0.0, 0.0, 0.0, 0.0, 0.0, 0.0, 0.0, 0.0, 0.0, 0.0, 0.0, 0.0, 0.0, 0.0, 0.0, 0.0, 0.0, 0.0, 0.0, 0.0, 0.0, 0.0, 0.0, 0.0, 0.0, 0.0, 0.0, 0.0, 0.0, 0.0, 0.0, 0.0, 0.0, 0.0, 0.0, 0.0, 0.0, 0.0, 0.0, 0.0, 0.0, 0.0, 0.0, 0.0, 0.0, 0.0, 0.0, 0.0, 0.0, 0.0, 0.0, 0.0, 0.0, 0.0, 0.0, 0.0, 0.0, 0.0, 0.0, 0.0, 0.0, 0.0, 0.0, 0.0, 0.0, 0.0, 0.0, 0.0, 0.0, 0.0, 0.0, 0.0, 0.0, 0.0, 0.0, 0.0, 0.0, 0.0, 0.0, 0.0, 0.0, 0.0, 0.0, 0.0, 0.0, 0.0, 0.0, 0.0]",0.5,0.5,0,"[11, 1, 0, 0, 0, 0, 0, 0, 0, 0, 0, 0, 0, 0, 0, 0, 0, 0, 0, 0, 0, 0, 0, 0, 0, 0, 0, 0, 0, 0, 0, 0, 0, 0, 0, 0, 0, 0, 0, 0, 0, 0, 0, 0, 0, 0, 0, 0, 0, 0, 0, 0, 0, 0, 0, 0, 0, 0, 0, 0, 0, 0, 0, 0, 0, 0, 0, 0, 0, 0, 0, 0, 0, 0, 0, 0, 0, 0, 0, 0, 0, 0, 0, 0, 0, 0, 0, 0, 0, 0, 0, 0, 0, 0, 0, 0, 0, 0, 0, 0, 0, 0, 0, 0, 0, 0, 0, 0, 0, 0, 0, 0, 0, 0, 0, 0, 0, 0, 0, 0, 0, 0, 0, 0, 0, 0, 0, 0, 0, 0, 0, 0, 0, 0, 0, 0, 0, 0, 0, 0, 0, 0, 0, 0, 0, 0, 0, 0, 0, 0, 0, 0, 0, 0, 0, 0, 0, 0, 0, 0, 0, 0, 0, 0, 0, 0, 0, 0, 0, 0, 0, 0, 0, 0, 0, 0, 0, 0, 0, 0, 0, 0, 0, 0, 0, 0, 0, 0, 0, 0, 0, 0, 0, 0, 0, 0, 0, 0, 0, 0, 0, 0, 0, 0, 0, 0, 0, 0, 0, 0, 0, 0, 0, 0, 0, 0, 0, 0, 0, 0, 0, 0, 0, 0, 0, 0, 0, 0, 0, 0, 0, 0, 0, 0, 0, 0, 0, 0, 0, 0, 0, 0, 0, 0, 0, 0, 0, 0, 0, 0, 0, 0, 0, 0, 0, 0, 0, 0, 0, 0, 0, 0, 0, 0, 0, 0, 0, 0, 0, 0, 0, 0, 0, 0, 0, 0, 0, 0, 0, 0, 0, 0, 0, 0, 0, 0, 0, 0, 0, 0, 0, 0, 0, 0, 0, 0, 0, 0, 0, 0, 0, 0, 0, 0, 0, 0, 0, 0, 0, 0, 0, 0, 0, 0, 0, 0, 0, 0, 0, 0, 0, 0, 0, 0, 0, 0, 0, 0, 0, 0, 0, 0, 0, 0, 0, 0, 0, 0, 0, 0, 0, 0, 0, 0, 0, 0, 0, 0, 0, 0, 0, 0, 0, 0, 0, 0, 0, 0, 0, 0, 0, 0, 0, 0, 0, 0, 0, 0, 0, 0, 0, 0, 0, 0, 0, 0, 0, 0, 0, 0, 0, 0, 0, 0, 0, 0, 0, 0, 0, 0, 0, 0, 0, 0, 0, 0, 0, 0, 0, 0, 0, 0, 0, 0, 0, 0, 0, 0, 0, 0, 0, 0, 0, 0, 0, 0, 0, 0, 0, 0, 0, 0, 0, 0, 0, 0, 0, 0, 0, 0, 0, 0, 0, 0, 0]",435,"[0.45749831199645996, 0.4068430960178375, 0.42575928568840027, 1.263850212097168, 0.7454797625541687, 0.4733627438545227, 1.5639538764953613, 0.42083317041397095, 0.7885553240776062, 1.9568045139312744, 1.3671393394470215, 0.7207353115081787, 1.0341511964797974, 0.5182653665542603, 1.1764487028121948, 1.9256047010421753, 0.6404809355735779, 1.4907547235488892, 1.6525192260742188, 2.8778040409088135, 1.1612831354141235, 1.507735013961792, 2.997300386428833, 2.272608995437622, 1.4851077795028687, 0.6728221774101257, 0.4806140661239624, 1.4517496824264526, 0.9879787564277649, 0.5975476503372192, 1.2358825206756592, 1.9416930675506592, 0.41331130266189575, 0.9521136283874512, 0.9712238907814026, 1.4724416732788086, 1.907007098197937, 0.4387125074863434, 0.6821697950363159, 0.6990740895271301, 1.8797780275344849, 3.4798743724823, 0.40722671151161194, 1.1807585954666138, 0.7722729444503784, 1.2440727949142456, 1.089802861213684, 1.4240238666534424, 2.4498307704925537, 1.4638023376464844, 1.1041972637176514, 0.8934775590896606, 0.8621945381164551, 0.6395220160484314, 0.7621113657951355, 2.546403408050537, 2.2718393802642822, 1.8239392042160034, 2.8303611278533936, 1.1311914920806885, 0.5331875085830688, 1.0856385231018066, 1.8257832527160645, 2.060568332672119, 0.6714974045753479, 0.8901247978210449, 0.40870431065559387, 2.9980459213256836, 1.8246421813964844, 0.7874591946601868, 0.9668956995010376, 0.5457527041435242, 0.4403640031814575, 0.4139532148838043, 0.7668712139129639, 2.0534520149230957, 0.5131896734237671, 2.6942224502563477, 0.46344661712646484, 1.3164513111114502, 0.5004814863204956, 2.8635427951812744, 0.5012518763542175, 1.8583359718322754, 0.6359788775444031, 1.2070022821426392, 1.3231240510940552, 0.9581913948059082, 3.43890380859375, 0.4249453842639923, 0.7353875637054443, 2.1673290729522705, 0.8733825087547302, 1.7292400598526, 1.5361645221710205, 1.1379854679107666, 0.42825019359588623, 0.48647311329841614, 0.5354014039039612, 0.64516282081604, 0.4266273081302643, 1.2854472398757935, 1.5711437463760376, 3.9880712032318115, 0.7917180061340332, 2.790040969848633, 0.4425128996372223, 1.4660438299179077, 0.5416629910469055, 1.0564018487930298, 1.1019562482833862, 0.6918504238128662, 0.5601191520690918, 0.7106745839118958, 2.3124828338623047, 2.341756820678711, 2.1959309577941895, 0.4087258279323578, 0.40912073850631714, 0.4589557945728302, 0.5575035214424133, 1.2115731239318848, 2.2776553630828857, 0.45439761877059937, 1.4431817531585693, 1.111579179763794, 1.170337200164795, 2.330983877182007, 1.8588567972183228, 3.850250482559204, 0.5500308871269226, 0.982866108417511, 2.938291072845459, 2.4625608921051025, 1.4522981643676758, 0.7338512539863586, 0.5511318445205688, 0.6649020910263062, 1.019781231880188, 3.052241563796997, 2.808100700378418, 1.9254629611968994, 2.463496685028076, 1.0117846727371216, 1.3975872993469238, 0.5369623303413391, 2.03369140625, 0.5432891845703125, 0.5452297329902649, 0.8337069749832153, 1.6233956813812256, 3.2493340969085693, 2.564591646194458, 0.764223575592041, 1.6908313035964966, 1.2764755487442017, 0.47456493973731995, 1.3782641887664795, 0.6981497406959534, 1.7830334901809692, 2.3291187286376953, 1.145951747894287, 0.9454472064971924, 1.990288257598877, 3.7445976734161377, 1.312700629234314, 1.6047292947769165, 0.8473467230796814, 0.43157753348350525, 1.4440932273864746, 0.8151398301124573, 1.8329956531524658, 1.2080641984939575, 0.4236341714859009, 2.599551200866699, 1.0290776491165161, 1.184475064277649, 1.6300132274627686, 0.5066429376602173, 2.6514410972595215, 1.0555813312530518, 3.6700170040130615, 3.0154080390930176, 0.4640047550201416, 3.395841360092163, 1.2516638040542603, 2.439098596572876, 0.4121425747871399, 1.29469895362854, 3.215324640274048, 2.3256945610046387, 2.013054847717285, 1.088740348815918, 1.1680302619934082, 2.6943199634552, 1.5720950365066528, 1.1806144714355469, 0.40934988856315613, 0.9207354187965393, 1.5935343503952026, 1.0518604516983032, 1.6693617105484009, 2.6862120628356934, 0.4814260005950928, 0.862722635269165, 1.793166160583496, 1.9127885103225708, 2.911799430847168, 0.4142191410064697, 0.5003862380981445, 1.3118363618850708, 0.46782830357551575, 1.1431080102920532, 0.4188605546951294, 0.7360143065452576, 1.2291126251220703, 2.2985024452209473, 1.25654137134552, 2.677628517150879, 2.5682289600372314, 2.2984566688537598, 0.49670639634132385, 0.47812962532043457, 0.7954953908920288, 0.49939316511154175, 0.42522045969963074, 0.4749324917793274, 0.4279857277870178, 1.6723382472991943, 0.43637028336524963, 1.2159823179244995, 2.8659403324127197, 1.112266182899475, 2.0061118602752686, 3.236645221710205, 1.791517972946167, 0.5309929847717285, 2.328380584716797, 1.3349907398223877, 2.875260353088379, 1.3774195909500122, 2.732482671737671, 0.6376256346702576, 2.9677562713623047, 2.1642088890075684, 0.9438838362693787, 1.938392996788025, 1.7476059198379517, 1.661583423614502, 0.8617396354675293, 1.3159786462783813, 2.6552231311798096, 0.601728081703186, 1.32063627243042, 1.2841509580612183, 2.3997881412506104, 0.40905389189720154, 0.9141426086425781, 1.04831063747406, 1.5755009651184082, 1.6765764951705933, 1.2003779411315918, 0.42713791131973267, 1.64479660987854, 0.7313963174819946, 0.9531024098396301, 0.4240490198135376, 2.1796860694885254, 3.2754015922546387, 1.3740708827972412, 0.42747488617897034, 1.3946716785430908, 3.58791446685791, 1.816705346107483, 0.803429365158081, 0.8905397653579712, 2.9345028400421143, 0.45975980162620544, 1.2918672561645508, 3.1793081760406494, 2.433490753173828, 0.9240112900733948, 1.4090496301651, 1.4155738353729248, 1.1629903316497803, 1.8608452081680298, 2.3429479598999023, 1.9207658767700195, 1.3140405416488647, 0.5804621577262878, 1.4720927476882935, 0.42155715823173523, 1.8354588747024536, 1.2015461921691895, 1.8452811241149902, 1.2059515714645386, 3.2521779537200928, 0.7904888987541199, 2.4185144901275635, 1.212489366531372, 0.4272528886795044, 0.7884420156478882, 1.0696061849594116, 0.6957838535308838, 0.9068429470062256, 0.4481655955314636, 2.0951664447784424, 0.48764365911483765, 0.7599439024925232, 0.6072447299957275, 2.360769510269165, 2.274237871170044, 0.6340917944908142, 1.0786010026931763, 1.3742412328720093, 0.47684037685394287, 1.9574435949325562, 0.5189076662063599, 1.7232584953308105, 0.7852688431739807, 0.5330288410186768, 1.514927864074707, 0.5374727845191956, 0.5694558620452881, 2.526533603668213, 2.2481284141540527, 1.8729243278503418, 0.40789711475372314, 1.2801179885864258, 0.9724003076553345, 2.814161777496338, 0.5518893599510193, 0.6351398825645447, 1.2356089353561401, 0.5334783792495728, 0.8100160956382751, 0.46964871883392334, 0.6004109382629395, 2.8739843368530273, 1.0066431760787964, 0.4103764593601227, 0.6130695939064026, 0.48561692237854004, 0.9554059505462646, 3.2411623001098633, 0.40723809599876404, 2.944913387298584, 0.42292335629463196, 1.0063079595565796, 0.40723952651023865, 0.5650579929351807, 0.6647388935089111, 1.1591200828552246, 1.3087269067764282, 0.5732523798942566, 2.944352388381958, 0.8805329203605652, 1.4670709371566772, 0.91883385181427, 1.9907881021499634, 0.6926796436309814, 1.5275732278823853, 0.8248282074928284, 2.060321807861328, 2.8225667476654053, 3.8603124618530273, 0.9131243824958801, 1.1848487854003906, 3.132603168487549, 0.7662126421928406, 0.47722697257995605, 3.6234183311462402, 0.46643123030662537, 1.3565220832824707, 0.6453369855880737, 3.732853651046753, 0.42841652035713196, 0.48305293917655945, 1.568935751914978, 1.7266148328781128, 2.299304723739624, 1.191605806350708, 0.5398250818252563, 0.5230177044868469, 0.5987447500228882, 1.1731778383255005, 0.4901244640350342, 2.9268999099731445, 0.4556174576282501, 2.3138110637664795, 0.42264389991760254, 0.8713288903236389, 0.7932570576667786, 0.5431908965110779, 2.309115171432495, 1.7741127014160156, 2.1495211124420166, 0.8875459432601929, 2.5872080326080322, 0.7453158497810364, 0.9417087435722351, 3.266864538192749, 0.9293199777603149, 2.3824222087860107, 1.7794324159622192, 0.7274876236915588, 1.4783726930618286, 1.1792058944702148, 0.775546133518219, 3.8014230728149414, 0.40970176458358765, 1.7122697830200195, 0.47551223635673523, 2.8379580974578857, 0.4473450183868408, 1.641627311706543, 1.124687910079956, 0.7860216498374939, 3.7788825035095215, 0.7294723987579346, 1.300843358039856, 0.4932524561882019, 1.1500194072723389, 0.7435443997383118, 1.571169137954712, 0.45954617857933044, 1.652840256690979, 2.9925527572631836, 0.5773435831069946, 0.5481628179550171, 0.7507182955741882, 0.42527830600738525, 1.929855465888977, 0.7503983974456787, 0.46256932616233826]",0.0,"[11.0, 1.0, 0.0, 0.0, 0.0, 0.0, 0.0, 0.0, 0.0, 0.0, 0.0, 0.0, 0.0, 0.0, 0.0, 0.0, 0.0, 0.0, 0.0, 0.0, 0.0, 0.0, 0.0, 0.0, 0.0, 0.0, 0.0, 0.0, 0.0, 0.0, 0.0, 0.0, 0.0, 0.0, 0.0, 0.0, 0.0, 0.0, 0.0, 0.0, 0.0, 0.0, 0.0, 0.0, 0.0, 0.0, 0.0, 0.0, 0.0, 0.0, 0.0, 0.0, 0.0, 0.0, 0.0, 0.0, 0.0, 0.0, 0.0, 0.0, 0.0, 0.0, 0.0, 0.0, 0.0, 0.0, 0.0, 0.0, 0.0, 0.0, 0.0, 0.0, 0.0, 0.0, 0.0, 0.0, 0.0, 0.0, 0.0, 0.0, 0.0, 0.0, 0.0, 0.0, 0.0, 0.0, 0.0, 0.0, 0.0, 0.0, 0.0, 0.0, 0.0, 0.0, 0.0, 0.0, 0.0, 0.0, 0.0, 0.0, 0.0, 0.0, 0.0, 0.0, 0.0, 0.0, 0.0, 0.0, 0.0, 0.0, 0.0, 0.0, 0.0, 0.0, 0.0, 0.0, 0.0, 0.0, 0.0, 0.0, 0.0, 0.0, 0.0, 0.0, 0.0, 0.0, 0.0, 0.0, 0.0, 0.0, 0.0, 0.0, 0.0, 0.0, 0.0, 0.0, 0.0, 0.0, 0.0, 0.0, 0.0, 0.0, 0.0, 0.0, 0.0, 0.0, 0.0, 0.0, 0.0, 0.0, 0.0, 0.0, 0.0, 0.0, 0.0, 0.0, 0.0, 0.0, 0.0, 0.0, 0.0, 0.0, 0.0, 0.0, 0.0, 0.0, 0.0, 0.0, 0.0, 0.0, 0.0, 0.0, 0.0, 0.0, 0.0, 0.0, 0.0, 0.0, 0.0, 0.0, 0.0, 0.0, 0.0, 0.0, 0.0, 0.0, 0.0, 0.0, 0.0, 0.0, 0.0, 0.0, 0.0, 0.0, 0.0, 0.0, 0.0, 0.0, 0.0, 0.0, 0.0, 0.0, 0.0, 0.0, 0.0, 0.0, 0.0, 0.0, 0.0, 0.0, 0.0, 0.0, 0.0, 0.0, 0.0, 0.0, 0.0, 0.0, 0.0, 0.0, 0.0, 0.0, 0.0, 0.0, 0.0, 0.0, 0.0, 0.0, 0.0, 0.0, 0.0, 0.0, 0.0, 0.0, 0.0, 0.0, 0.0, 0.0, 0.0, 0.0, 0.0, 0.0, 0.0, 0.0, 0.0, 0.0, 0.0, 0.0, 0.0, 0.0, 0.0, 0.0, 0.0, 0.0, 0.0, 0.0, 0.0, 0.0, 0.0, 0.0, 0.0, 0.0, 0.0, 0.0, 0.0, 0.0, 0.0, 0.0, 0.0, 0.0, 0.0, 0.0, 0.0, 0.0, 0.0, 0.0, 0.0, 0.0, 0.0, 0.0, 0.0, 0.0, 0.0, 0.0, 0.0, 0.0, 0.0, 0.0, 0.0, 0.0, 0.0, 0.0, 0.0, 0.0, 0.0, 0.0, 0.0, 0.0, 0.0, 0.0, 0.0, 0.0, 0.0, 0.0, 0.0, 0.0, 0.0, 0.0, 0.0, 0.0, 0.0, 0.0, 0.0, 0.0, 0.0, 0.0, 0.0, 0.0, 0.0, 0.0, 0.0, 0.0, 0.0, 0.0, 0.0, 0.0, 0.0, 0.0, 0.0, 0.0, 0.0, 0.0, 0.0, 0.0, 0.0, 0.0, 0.0, 0.0, 0.0, 0.0, 0.0, 0.0, 0.0, 0.0, 0.0, 0.0, 0.0, 0.0, 0.0, 0.0, 0.0, 0.0, 0.0, 0.0, 0.0, 0.0, 0.0, 0.0, 0.0, 0.0, 0.0, 0.0, 0.0, 0.0, 0.0, 0.0, 0.0, 0.0, 0.0, 0.0, 0.0, 0.0, 0.0, 0.0, 0.0, 0.0, 0.0, 0.0, 0.0, 0.0, 0.0, 0.0, 0.0, 0.0, 0.0, 0.0, 0.0, 0.0, 0.0, 0.0, 0.0, 0.0, 0.0, 0.0, 0.0, 0.0, 0.0, 0.0, 0.0, 0.0, 0.0, 0.0, 0.0, 0.0, 0.0, 0.0, 0.0, 0.0, 0.0, 0.0, 0.0, 0.0, 0.0, 0.0, 0.0, 0.0, 0.0, 0.0, 0.0, 0.0, 0.0, 0.0, 0.0, 0.0, 0.0, 0.0, 0.0, 0.0, 0.0, 0.0, 0.0, 0.0, 0.0, 0.0, 0.0]",COMPLETE
