,number,value,datetime_start,datetime_complete,duration,params_batch_size_scaler,params_constant_learning_rate,params_depth,params_epochs,params_kernel_l2,params_num_trees,params_temperature,user_attrs_accuracy_test,user_attrs_accuracy_valid,user_attrs_approximate_feature_sparsity,user_attrs_approximate_feature_sparsity_history,user_attrs_approximate_weight_sparsity,user_attrs_approximate_weight_sparsity_history,user_attrs_auc_test,user_attrs_auc_valid,user_attrs_feature_sparsity,user_attrs_feature_sparsity_history,user_attrs_num_epochs,user_attrs_val_loss_history,user_attrs_weight_sparsity,user_attrs_weight_sparsity_history,state
31,31,0.8896703636433899,2024-08-31 02:17:23.406121,2024-08-31 02:19:03.993500,0 days 00:01:40.587379,16,0.3228645186220366,3,480,0.12022685476991027,38,0.004002258173502623,0.924,0.92375,7,"[33, 33, 33, 33, 33, 33, 33, 33, 33, 33, 33, 33, 33, 33, 33, 33, 33, 33, 33, 33, 33, 32, 32, 31, 29, 26, 22, 19, 16, 14, 14, 14, 14, 14, 14, 13, 12, 12, 11, 11, 11, 11, 11, 10, 10, 9, 9, 9, 9, 9, 9, 9, 9, 9, 9, 9, 8, 8, 8, 8, 8, 8, 8, 8, 8, 8, 8, 8, 8, 8, 8, 8, 8, 8, 8, 8, 8, 8, 8, 8, 8, 8, 8, 8, 8, 8, 8, 8, 8, 8, 7, 7, 7, 7, 7, 7, 7, 7, 7, 7, 7, 7, 7, 7, 7, 7, 7, 7, 7, 7, 7, 7, 7, 7, 7, 7, 7, 7, 7, 7, 7, 7, 7, 7, 7, 7, 7, 7, 7, 7, 7, 7, 7, 7, 7, 7, 7, 7, 7, 7, 7, 7, 7, 7, 7, 7, 7, 7, 7, 7, 7, 7, 7, 7, 7, 7, 7, 7, 7, 7, 7, 7, 7, 7, 7, 7, 7, 7, 7, 7, 7, 7, 7, 7, 7, 7, 7, 7, 7, 7, 7, 7, 7, 7, 7, 7, 7, 7, 7, 7, 7, 7, 7, 7, 7, 7, 7, 7, 7, 7, 7, 7, 7, 7, 7, 7, 7, 7, 7, 7, 7, 7, 7, 7, 7, 7, 7, 7, 7, 7, 7, 7, 7, 7, 7, 7, 7, 7, 7, 7, 7, 7, 7, 7, 7, 7, 7, 7, 7, 7, 7, 7, 7, 7, 7, 7, 7, 7, 7, 7, 7, 7, 7, 7, 7, 7, 7, 7, 7, 7, 7, 7, 7, 7, 7, 7, 7, 7, 7, 7, 7, 7, 7, 7, 7, 7, 7, 7, 7, 7, 7, 7, 7, 7, 7, 7, 7, 7, 7, 7, 7, 7, 7, 7, 7, 7, 7, 7, 7, 7, 7, 7, 7, 7, 7, 7, 7, 7, 7, 7, 7, 7, 7, 7, 7, 7, 7, 7, 7, 7, 7, 7, 7, 7, 7, 7, 7, 7, 7, 7, 7, 7, 7, 7, 7, 7, 7, 7, 7, 7, 7, 7, 7, 7, 7, 7, 7, 7, 7, 7, 7, 7, 7, 7, 7, 7, 7, 7, 7, 7, 7, 7, 7, 7, 7, 7, 7, 7, 7, 7, 7, 7, 7, 7, 7, 7, 7, 7, 7, 7, 7, 7, 7, 7, 7, 7, 7, 7, 7, 7, 7, 7, 7, 7, 7, 7, 7, 7, 7, 7, 7, 7, 7, 7, 7, 7, 7, 7, 7, 7, 7, 7, 7, 7, 7, 7, 7, 7, 7, 7, 7, 7, 7, 7, 7, 7, 7, 7, 7, 7, 7, 7, 7, 7, 7, 7, 7, 7, 7, 7, 7, 7, 7, 7, 7, 7, 7, 7, 7, 7, 7, 7, 7, 7, 7, 7, 7, 7, 7, 7, 7, 7, 7, 7, 7, 7, 7, 7, 7, 7, 7, 7, 7, 7, 7, 7, 7, 7, 7, 7]",7.0,"[32.98872180451128, 32.973684210526315, 32.98120300751879, 32.98872180451128, 32.973684210526315, 32.984962406015036, 32.97744360902256, 32.97744360902256, 32.96992481203007, 32.992481203007515, 32.98872180451128, 32.99624060150376, 32.98872180451128, 32.984962406015036, 32.992481203007515, 32.992481203007515, 32.96616541353384, 32.962406015037594, 32.95864661654135, 32.962406015037594, 32.96616541353384, 31.977443609022558, 31.969924812030076, 30.958646616541355, 28.973684210526315, 25.98872180451128, 21.981203007518797, 18.969924812030076, 15.996240601503759, 13.996240601503759, 13.984962406015036, 14.0, 13.992481203007518, 13.992481203007518, 13.992481203007518, 12.988721804511279, 11.992481203007518, 11.992481203007518, 10.996240601503759, 10.992481203007518, 10.992481203007518, 11.0, 11.0, 9.992481203007518, 9.984962406015038, 8.992481203007518, 8.996240601503759, 8.992481203007518, 8.992481203007518, 8.996240601503759, 9.0, 8.992481203007518, 9.0, 8.996240601503759, 8.992481203007518, 8.988721804511279, 7.988721804511279, 7.996240601503759, 7.992481203007519, 8.0, 7.992481203007518, 7.996240601503759, 7.996240601503759, 8.0, 7.988721804511279, 7.988721804511278, 7.992481203007518, 7.996240601503759, 7.996240601503759, 8.0, 7.988721804511279, 8.0, 7.996240601503759, 7.992481203007518, 7.988721804511278, 7.996240601503759, 7.992481203007518, 7.992481203007519, 8.0, 7.992481203007518, 7.996240601503759, 7.996240601503759, 7.996240601503759, 7.996240601503759, 7.992481203007519, 8.0, 7.996240601503759, 8.0, 7.992481203007519, 7.996240601503759, 7.0, 7.0, 7.0, 6.988721804511278, 6.996240601503759, 6.984962406015038, 6.992481203007519, 6.984962406015038, 7.0, 7.0, 6.992481203007519, 7.0, 7.0, 7.0, 6.996240601503759, 6.996240601503759, 6.992481203007519, 6.996240601503759, 7.0, 6.996240601503759, 6.992481203007519, 6.996240601503759, 6.992481203007519, 6.992481203007519, 6.992481203007519, 6.988721804511279, 6.984962406015038, 6.992481203007519, 6.992481203007519, 6.992481203007519, 7.0, 6.984962406015038, 6.992481203007519, 6.992481203007519, 6.996240601503759, 6.996240601503759, 6.992481203007519, 7.0, 7.0, 6.996240601503759, 6.988721804511279, 6.996240601503759, 6.992481203007519, 6.996240601503759, 6.996240601503759, 7.0, 7.0, 7.0, 6.996240601503759, 7.0, 6.996240601503759, 6.992481203007519, 7.0, 6.996240601503759, 6.996240601503759, 7.0, 7.0, 7.0, 7.0, 7.0, 6.988721804511279, 6.988721804511278, 6.996240601503759, 6.992481203007519, 6.996240601503759, 6.984962406015038, 6.988721804511279, 6.992481203007519, 6.996240601503759, 7.0, 7.0, 6.992481203007519, 6.992481203007519, 6.992481203007519, 6.988721804511279, 6.981203007518797, 6.988721804511278, 6.992481203007519, 6.992481203007519, 6.988721804511278, 7.0, 6.992481203007519, 6.996240601503759, 6.996240601503759, 6.992481203007519, 6.996240601503759, 6.996240601503759, 6.992481203007519, 6.984962406015038, 6.996240601503759, 6.996240601503759, 6.988721804511279, 6.992481203007519, 6.992481203007519, 6.984962406015038, 6.984962406015038, 6.992481203007519, 6.988721804511278, 6.992481203007519, 6.988721804511279, 6.984962406015038, 6.996240601503759, 6.992481203007519, 6.988721804511279, 6.992481203007519, 6.992481203007519, 6.992481203007519, 6.988721804511279, 6.981203007518797, 6.988721804511279, 6.992481203007519, 6.992481203007519, 6.981203007518797, 6.992481203007519, 6.981203007518797, 6.992481203007519, 6.996240601503759, 6.992481203007519, 6.992481203007519, 6.992481203007519, 6.992481203007519, 6.988721804511279, 6.988721804511279, 6.988721804511279, 6.996240601503759, 6.996240601503759, 7.0, 6.992481203007519, 6.996240601503759, 6.992481203007519, 6.996240601503759, 6.992481203007519, 6.992481203007519, 6.992481203007519, 6.981203007518797, 6.981203007518797, 6.984962406015038, 6.988721804511279, 6.977443609022556, 6.981203007518797, 6.992481203007519, 6.981203007518797, 6.988721804511279, 6.996240601503759, 6.988721804511279, 6.981203007518797, 6.988721804511279, 6.992481203007519, 6.996240601503759, 6.992481203007519, 7.0, 6.996240601503759, 6.996240601503759, 6.992481203007519, 7.0, 7.0, 7.0, 7.0, 6.996240601503759, 6.996240601503759, 6.996240601503759, 7.0, 7.0, 6.996240601503759, 6.992481203007519, 7.0, 6.996240601503759, 7.0, 7.0, 6.996240601503759, 6.992481203007519, 7.0, 6.988721804511279, 6.988721804511279, 6.996240601503759, 6.996240601503759, 6.992481203007519, 6.992481203007519, 7.0, 6.996240601503759, 6.992481203007519, 6.996240601503759, 6.996240601503759, 6.992481203007519, 6.996240601503759, 6.996240601503759, 7.0, 6.992481203007519, 7.0, 7.0, 6.992481203007519, 6.992481203007519, 6.984962406015038, 6.992481203007519, 6.992481203007519, 6.988721804511279, 6.996240601503759, 6.988721804511279, 6.992481203007519, 6.992481203007519, 6.992481203007519, 7.0, 6.996240601503759, 7.0, 6.992481203007519, 7.0, 7.0, 6.996240601503759, 6.992481203007519, 6.992481203007519, 6.984962406015038, 6.992481203007519, 6.988721804511279, 6.992481203007519, 6.988721804511279, 6.992481203007519, 6.988721804511279, 6.996240601503759, 6.996240601503759, 6.996240601503759, 6.992481203007519, 7.0, 7.0, 6.996240601503759, 6.992481203007519, 6.992481203007519, 6.992481203007519, 6.996240601503759, 6.988721804511279, 6.981203007518797, 6.984962406015038, 6.992481203007519, 6.984962406015038, 6.981203007518797, 6.984962406015038, 6.984962406015038, 6.984962406015038, 6.988721804511279, 6.992481203007519, 6.988721804511278, 6.988721804511278, 6.996240601503759, 6.992481203007519, 6.992481203007519, 6.992481203007519, 6.996240601503759, 6.992481203007519, 6.988721804511278, 6.988721804511278, 7.0, 6.992481203007519, 6.984962406015038, 6.984962406015038, 6.977443609022556, 6.969924812030075, 6.981203007518797, 6.988721804511278, 6.984962406015038, 6.981203007518797, 6.988721804511279, 6.988721804511279, 6.988721804511279, 6.981203007518797, 6.984962406015038, 6.984962406015038, 6.988721804511279, 6.996240601503759, 6.988721804511279, 6.992481203007519, 6.992481203007519, 6.996240601503759, 7.0, 6.996240601503759, 6.992481203007519, 6.988721804511278, 7.0, 6.988721804511278, 6.992481203007519, 6.992481203007519, 6.988721804511279, 6.977443609022556, 6.984962406015038, 6.988721804511279, 6.992481203007519, 6.992481203007519, 6.996240601503759, 6.992481203007519, 6.977443609022557, 6.992481203007519, 6.973684210526316, 6.992481203007519, 6.996240601503759, 6.996240601503759, 6.988721804511279, 6.988721804511278, 6.996240601503759, 6.992481203007519, 6.988721804511279, 6.996240601503759, 6.996240601503759, 6.992481203007519, 6.981203007518797, 6.992481203007519, 6.984962406015038, 6.981203007518797, 6.981203007518797, 6.984962406015038, 6.977443609022556, 6.984962406015038, 6.992481203007519, 6.984962406015038, 6.992481203007519, 6.992481203007519, 6.988721804511279, 6.988721804511279, 6.988721804511279, 6.981203007518797, 6.977443609022556, 6.988721804511278, 6.992481203007519, 6.992481203007519, 6.992481203007519, 6.992481203007519, 6.984962406015038, 6.992481203007519, 6.988721804511278, 6.996240601503759, 6.984962406015038, 6.992481203007519, 6.988721804511279, 6.992481203007519, 6.992481203007519, 6.996240601503759, 7.0, 6.981203007518797, 6.992481203007519, 6.992481203007519, 6.996240601503759, 6.984962406015038, 6.992481203007519, 6.988721804511278, 6.981203007518797, 6.992481203007519, 6.988721804511279, 6.992481203007519, 6.996240601503759, 6.992481203007519, 6.988721804511279, 6.992481203007519, 6.988721804511278, 6.992481203007519, 6.992481203007519, 7.0, 6.988721804511279, 6.988721804511279, 6.988721804511279, 6.988721804511279, 6.984962406015038, 6.988721804511279, 6.992481203007519, 6.996240601503759, 6.992481203007519, 7.0, 6.992481203007519, 6.992481203007519, 6.988721804511279, 6.996240601503759, 6.992481203007519, 6.996240601503759, 6.988721804511278, 6.992481203007519, 6.996240601503759, 6.996240601503759, 7.0, 6.996240601503759, 6.996240601503759, 6.992481203007519, 6.988721804511279, 6.992481203007519, 6.992481203007519, 6.984962406015038, 6.988721804511279, 6.996240601503759, 6.988721804511279, 6.988721804511279, 6.992481203007519, 6.992481203007519, 6.992481203007519, 6.992481203007519, 7.0]",0.884328635474203,0.8896703636433899,7,"[33, 33, 33, 33, 33, 33, 33, 33, 33, 33, 33, 33, 33, 33, 33, 33, 33, 33, 33, 33, 33, 32, 32, 31, 29, 26, 22, 19, 16, 14, 14, 14, 14, 14, 14, 13, 12, 12, 11, 11, 11, 11, 11, 10, 10, 9, 9, 9, 9, 9, 9, 9, 9, 9, 9, 9, 8, 8, 8, 8, 8, 8, 8, 8, 8, 8, 8, 8, 8, 8, 8, 8, 8, 8, 8, 8, 8, 8, 8, 8, 8, 8, 8, 8, 8, 8, 8, 8, 8, 8, 7, 7, 7, 7, 7, 7, 7, 7, 7, 7, 7, 7, 7, 7, 7, 7, 7, 7, 7, 7, 7, 7, 7, 7, 7, 7, 7, 7, 7, 7, 7, 7, 7, 7, 7, 7, 7, 7, 7, 7, 7, 7, 7, 7, 7, 7, 7, 7, 7, 7, 7, 7, 7, 7, 7, 7, 7, 7, 7, 7, 7, 7, 7, 7, 7, 7, 7, 7, 7, 7, 7, 7, 7, 7, 7, 7, 7, 7, 7, 7, 7, 7, 7, 7, 7, 7, 7, 7, 7, 7, 7, 7, 7, 7, 7, 7, 7, 7, 7, 7, 7, 7, 7, 7, 7, 7, 7, 7, 7, 7, 7, 7, 7, 7, 7, 7, 7, 7, 7, 7, 7, 7, 7, 7, 7, 7, 7, 7, 7, 7, 7, 7, 7, 7, 7, 7, 7, 7, 7, 7, 7, 7, 7, 7, 7, 7, 7, 7, 7, 7, 7, 7, 7, 7, 7, 7, 7, 7, 7, 7, 7, 7, 7, 7, 7, 7, 7, 7, 7, 7, 7, 7, 7, 7, 7, 7, 7, 7, 7, 7, 7, 7, 7, 7, 7, 7, 7, 7, 7, 7, 7, 7, 7, 7, 7, 7, 7, 7, 7, 7, 7, 7, 7, 7, 7, 7, 7, 7, 7, 7, 7, 7, 7, 7, 7, 7, 7, 7, 7, 7, 7, 7, 7, 7, 7, 7, 7, 7, 7, 7, 7, 7, 7, 7, 7, 7, 7, 7, 7, 7, 7, 7, 7, 7, 7, 7, 7, 7, 7, 7, 7, 7, 7, 7, 7, 7, 7, 7, 7, 7, 7, 7, 7, 7, 7, 7, 7, 7, 7, 7, 7, 7, 7, 7, 7, 7, 7, 7, 7, 7, 7, 7, 7, 7, 7, 7, 7, 7, 7, 7, 7, 7, 7, 7, 7, 7, 7, 7, 7, 7, 7, 7, 7, 7, 7, 7, 7, 7, 7, 7, 7, 7, 7, 7, 7, 7, 7, 7, 7, 7, 7, 7, 7, 7, 7, 7, 7, 7, 7, 7, 7, 7, 7, 7, 7, 7, 7, 7, 7, 7, 7, 7, 7, 7, 7, 7, 7, 7, 7, 7, 7, 7, 7, 7, 7, 7, 7, 7, 7, 7, 7, 7, 7, 7, 7, 7, 7, 7, 7, 7, 7, 7, 7, 7, 7, 7, 7, 7, 7, 7, 7, 7, 7, 7, 7, 7, 7, 7, 7, 7]",480,"[0.41430041193962097, 0.4037341773509979, 0.39743828773498535, 0.393291175365448, 0.39073729515075684, 0.38750332593917847, 0.3849960267543793, 0.3828585743904114, 0.380210280418396, 0.3775407373905182, 0.3747328221797943, 0.3724852502346039, 0.3702772557735443, 0.36961087584495544, 0.36650416254997253, 0.3633889853954315, 0.3616476058959961, 0.36246001720428467, 0.3581227958202362, 0.35620638728141785, 0.3528750538825989, 0.34929096698760986, 0.346609890460968, 0.3451652228832245, 0.3412366807460785, 0.33612963557243347, 0.33036038279533386, 0.3249864876270294, 0.3198973536491394, 0.3189264237880707, 0.3166987895965576, 0.31458380818367004, 0.3118593692779541, 0.31015723943710327, 0.3078415095806122, 0.3049030303955078, 0.3080803453922272, 0.30462995171546936, 0.31398552656173706, 0.30332911014556885, 0.30155253410339355, 0.29998156428337097, 0.29860758781433105, 0.3033323585987091, 0.30245494842529297, 0.2990267276763916, 0.29776352643966675, 0.2969266176223755, 0.2949724793434143, 0.29333260655403137, 0.29213276505470276, 0.290896475315094, 0.29026558995246887, 0.2887980341911316, 0.2879307270050049, 0.28699415922164917, 0.29097214341163635, 0.2887078523635864, 0.28753942251205444, 0.28799012303352356, 0.2850087285041809, 0.28279364109039307, 0.28185927867889404, 0.28053218126296997, 0.27945786714553833, 0.2788192927837372, 0.2777283787727356, 0.2767934501171112, 0.2763097584247589, 0.2768040895462036, 0.27489444613456726, 0.27339422702789307, 0.2733059227466583, 0.2730834484100342, 0.27138054370880127, 0.27072951197624207, 0.2714281976222992, 0.27038800716400146, 0.2688845098018646, 0.2683623433113098, 0.26781487464904785, 0.2669007480144501, 0.2662094533443451, 0.26584964990615845, 0.2674494981765747, 0.2653190493583679, 0.26429152488708496, 0.2639372646808624, 0.2635924220085144, 0.26280325651168823, 0.26670441031455994, 0.26611268520355225, 0.2643238306045532, 0.26338112354278564, 0.26282769441604614, 0.2617657482624054, 0.2622126340866089, 0.26214656233787537, 0.259439080953598, 0.258882611989975, 0.2581592798233032, 0.2578645944595337, 0.25902989506721497, 0.257039338350296, 0.2567780613899231, 0.2561168372631073, 0.2553706169128418, 0.2554764747619629, 0.2554095685482025, 0.2545844316482544, 0.2546912431716919, 0.25417929887771606, 0.25285428762435913, 0.25337010622024536, 0.25327950716018677, 0.25228074193000793, 0.25308820605278015, 0.2514561712741852, 0.2515447735786438, 0.2520061433315277, 0.252946674823761, 0.2504301071166992, 0.25194546580314636, 0.2521407902240753, 0.24977922439575195, 0.24942661821842194, 0.24990978837013245, 0.24967637658119202, 0.24890320003032684, 0.24833524227142334, 0.24930573999881744, 0.24777895212173462, 0.24770019948482513, 0.24790142476558685, 0.2477319836616516, 0.24751602113246918, 0.24697928130626678, 0.24766916036605835, 0.24669724702835083, 0.24656300246715546, 0.24622860550880432, 0.2458929568529129, 0.2474222332239151, 0.24600599706172943, 0.24556472897529602, 0.2455674111843109, 0.24549484252929688, 0.24572516977787018, 0.24559946358203888, 0.24512037634849548, 0.24533583223819733, 0.2450307309627533, 0.2443295270204544, 0.24431926012039185, 0.24464277923107147, 0.2442813515663147, 0.2442980259656906, 0.243975430727005, 0.24446028470993042, 0.24400588870048523, 0.24384701251983643, 0.24340642988681793, 0.24405056238174438, 0.24407821893692017, 0.24380119144916534, 0.24334129691123962, 0.2429906278848648, 0.2441158890724182, 0.24268066883087158, 0.24399587512016296, 0.2429736852645874, 0.24260443449020386, 0.2426542490720749, 0.24246802926063538, 0.24263817071914673, 0.2421370893716812, 0.24250394105911255, 0.24187879264354706, 0.24178268015384674, 0.24267973005771637, 0.24253398180007935, 0.2417180985212326, 0.24188806116580963, 0.24134491384029388, 0.24117013812065125, 0.2409954071044922, 0.24295048415660858, 0.24155519902706146, 0.24503380060195923, 0.24137598276138306, 0.24095241725444794, 0.24149322509765625, 0.2405838519334793, 0.2410466969013214, 0.2408185601234436, 0.2408483624458313, 0.2411895990371704, 0.2419830858707428, 0.24005596339702606, 0.23984672129154205, 0.24011743068695068, 0.2415657639503479, 0.24090740084648132, 0.24039596319198608, 0.24027836322784424, 0.24029001593589783, 0.24069790542125702, 0.23961585760116577, 0.23935943841934204, 0.23933933675289154, 0.2400854527950287, 0.23999157547950745, 0.2392992377281189, 0.24133998155593872, 0.23944008350372314, 0.23894065618515015, 0.23931246995925903, 0.239391028881073, 0.23903682827949524, 0.24021129310131073, 0.23917259275913239, 0.23872584104537964, 0.23887893557548523, 0.2392694652080536, 0.24082545936107635, 0.23797164857387543, 0.23729534447193146, 0.23733820021152496, 0.23827123641967773, 0.2382766306400299, 0.23854781687259674, 0.23816652595996857, 0.23871269822120667, 0.2388859987258911, 0.23899036645889282, 0.23803290724754333, 0.23785221576690674, 0.23867832124233246, 0.2386016994714737, 0.23803937435150146, 0.23812368512153625, 0.23765237629413605, 0.2375091314315796, 0.23682230710983276, 0.23720461130142212, 0.23731648921966553, 0.23748499155044556, 0.23834627866744995, 0.2369275540113449, 0.23728808760643005, 0.2362968772649765, 0.23651209473609924, 0.23608697950839996, 0.2377946972846985, 0.23809891939163208, 0.23770944774150848, 0.23713675141334534, 0.2385406494140625, 0.23763054609298706, 0.23659037053585052, 0.23648136854171753, 0.23631109297275543, 0.2380848526954651, 0.2365032583475113, 0.23582661151885986, 0.23561346530914307, 0.23639711737632751, 0.23627285659313202, 0.235985666513443, 0.2368379831314087, 0.2361038625240326, 0.23619434237480164, 0.2370816171169281, 0.23588916659355164, 0.23601464927196503, 0.23578692972660065, 0.23596611618995667, 0.23496472835540771, 0.2356053739786148, 0.23565980792045593, 0.2350335717201233, 0.23687517642974854, 0.23721924424171448, 0.23500311374664307, 0.23566986620426178, 0.23514272272586823, 0.2348434031009674, 0.23511824011802673, 0.23456145823001862, 0.2347867786884308, 0.23598869144916534, 0.23429402709007263, 0.23466472327709198, 0.234700545668602, 0.23369480669498444, 0.2357003539800644, 0.2350441962480545, 0.23476392030715942, 0.23448540270328522, 0.23481521010398865, 0.23539991676807404, 0.23422256112098694, 0.23436546325683594, 0.23486298322677612, 0.23424439132213593, 0.23779982328414917, 0.23350797593593597, 0.23365673422813416, 0.2342415750026703, 0.2338595986366272, 0.23687030375003815, 0.23353201150894165, 0.23380808532238007, 0.2334873378276825, 0.2331797033548355, 0.23539197444915771, 0.2347325086593628, 0.23486223816871643, 0.23303352296352386, 0.23472580313682556, 0.23372656106948853, 0.23291458189487457, 0.23365795612335205, 0.23248855769634247, 0.23320001363754272, 0.2335866540670395, 0.23290421068668365, 0.23342590034008026, 0.23191583156585693, 0.23234699666500092, 0.23220987617969513, 0.23136016726493835, 0.231424480676651, 0.2317284643650055, 0.23229552805423737, 0.23255954682826996, 0.23271971940994263, 0.2336432784795761, 0.23388667404651642, 0.23203711211681366, 0.23222151398658752, 0.2321022003889084, 0.23209719359874725, 0.232980877161026, 0.2322382777929306, 0.23559272289276123, 0.23181100189685822, 0.23234903812408447, 0.23232530057430267, 0.23210929334163666, 0.23116178810596466, 0.23237118124961853, 0.23238006234169006, 0.23179349303245544, 0.23110130429267883, 0.23076726496219635, 0.2309844046831131, 0.23025378584861755, 0.23108899593353271, 0.23057830333709717, 0.2307862639427185, 0.2316611409187317, 0.23021377623081207, 0.2307419329881668, 0.23031018674373627, 0.23017163574695587, 0.23118272423744202, 0.2332981675863266, 0.2297648936510086, 0.23044632375240326, 0.2317887842655182, 0.2303575575351715, 0.23051105439662933, 0.2311926633119583, 0.22997871041297913, 0.23081989586353302, 0.22973191738128662, 0.2292996346950531, 0.2294791042804718, 0.22872571647167206, 0.2292138636112213, 0.23074199259281158, 0.231415793299675, 0.23336705565452576, 0.23073671758174896, 0.23070409893989563, 0.23035207390785217, 0.23252813518047333, 0.23045240342617035, 0.23105968534946442, 0.2296430617570877, 0.23057590425014496, 0.22977960109710693, 0.22872237861156464, 0.22927388548851013, 0.2297375649213791, 0.22922486066818237, 0.229769766330719, 0.22894512116909027, 0.2282053530216217, 0.23042549192905426, 0.22899797558784485, 0.2287507951259613, 0.2284509837627411, 0.2284531444311142, 0.22835922241210938, 0.22847862541675568, 0.22836196422576904, 0.22877298295497894, 0.22874772548675537, 0.22887510061264038, 0.22895531356334686, 0.228875070810318, 0.2284596562385559, 0.22957201302051544, 0.22926941514015198, 0.2293335199356079, 0.22856828570365906, 0.22862617671489716, 0.22827377915382385, 0.22836834192276, 0.22807355225086212, 0.22852645814418793, 0.22903217375278473, 0.2283410280942917, 0.2281382530927658, 0.2279054820537567, 0.22846829891204834, 0.22755342721939087, 0.22825941443443298, 0.22847503423690796, 0.22769731283187866, 0.2283896803855896, 0.22781860828399658, 0.22782735526561737, 0.22733625769615173, 0.22696658968925476, 0.22706083953380585, 0.22747695446014404, 0.22747161984443665, 0.22797977924346924, 0.22812622785568237, 0.2281271517276764, 0.22778131067752838, 0.22678084671497345, 0.22776515781879425, 0.22790221869945526, 0.2275722473859787, 0.22723488509655, 0.2273835688829422, 0.2317849099636078, 0.22810044884681702, 0.22701972723007202, 0.22694513201713562, 0.22853367030620575, 0.2293127179145813, 0.22553463280200958, 0.22609084844589233, 0.22636497020721436, 0.22636748850345612, 0.22645410895347595, 0.22619259357452393, 0.22641466557979584, 0.22751189768314362, 0.2268303483724594, 0.22626443207263947, 0.22663483023643494, 0.22628098726272583, 0.2276509404182434, 0.2286762297153473, 0.22751568257808685, 0.2265225052833557, 0.22656646370887756, 0.22717219591140747, 0.22665289044380188, 0.22768230736255646, 0.2266731709241867, 0.22707325220108032, 0.22678066790103912, 0.22764036059379578]",7.0,"[33.0, 33.0, 33.0, 33.0, 33.0, 33.0