,number,value,datetime_start,datetime_complete,duration,params_batch_size_scaler,params_constant_learning_rate,params_depth,params_epochs,params_kernel_l2,params_num_trees,params_temperature,user_attrs_accuracy_test,user_attrs_accuracy_valid,user_attrs_approximate_feature_sparsity,user_attrs_approximate_feature_sparsity_history,user_attrs_approximate_weight_sparsity,user_attrs_approximate_weight_sparsity_history,user_attrs_auc_test,user_attrs_auc_valid,user_attrs_feature_sparsity,user_attrs_feature_sparsity_history,user_attrs_num_epochs,user_attrs_val_loss_history,user_attrs_weight_sparsity,user_attrs_weight_sparsity_history,state
40,40,0.9264211461915989,2024-08-31 02:25:17.019043,2024-08-31 02:31:43.588979,0 days 00:06:26.569936,4,0.07984711150394998,5,410,0.0396755231994398,52,0.026242526427564427,0.942,0.94375,33,"[33, 33, 33, 33, 33, 33, 33, 33, 33, 33, 33, 33, 33, 33, 33, 33, 33, 33, 33, 33, 33, 33, 33, 33, 33, 33, 33, 33, 33, 33, 33, 33, 33, 33, 33, 33, 33, 33, 33, 33, 33, 33, 33, 33, 33, 33, 33, 33, 33, 33, 33, 33, 33, 33, 33, 33, 33, 33, 33, 33, 33, 33, 33, 33, 33, 33, 33, 33, 33, 33, 33, 33, 33, 33, 33, 33, 33, 33, 33, 33, 33, 33, 33, 33, 33, 33, 33, 33, 33, 33, 33, 33, 33, 33, 33, 33, 33, 33, 33, 33, 33, 33, 33, 33, 33, 33, 33, 33, 33, 33, 33, 33, 33, 33, 33, 33, 33, 33, 33, 33, 33, 33, 33, 33, 33, 33, 33, 33, 33, 33, 33, 33, 33, 33, 33, 33, 33, 33, 33, 33, 33, 33, 33, 33, 33, 33, 33, 33, 33, 33, 33, 33, 33, 33, 33, 33, 33, 33, 33, 33, 33, 33, 33, 33, 33, 33, 33, 33, 33, 33, 33, 33, 33, 33, 33, 33, 33, 33, 33, 33, 33, 33, 33, 33, 33, 33, 33, 33, 33, 33, 33, 33, 33, 33, 33, 33, 33, 33, 33, 33, 33, 33, 33, 33, 33, 33, 33, 33, 33, 33, 33, 33, 33, 33, 33, 33, 33, 33, 33, 33, 33, 33, 33, 33, 33, 33, 33, 33, 33, 33, 33, 33, 33, 33, 33, 33, 33, 33, 33, 33, 33, 33, 33, 33, 33, 33, 33, 33, 33, 33, 33, 33, 33, 33, 33, 33, 33, 33, 33, 33, 33, 33, 33, 33, 33, 33, 33, 33, 33, 33, 33, 33, 33, 33, 33, 33, 33, 33, 33, 33, 33, 33, 33, 33, 33, 33, 33, 33, 33, 33, 33, 33, 33, 33, 33, 33, 33, 33, 33, 33, 33, 33, 33, 33, 33, 33, 33, 33, 33, 33, 33, 33, 33, 33, 33, 33, 33, 33, 33, 33, 33, 33, 33, 33, 33, 33, 33, 33, 33, 33, 33, 33, 33, 33, 33, 33, 33, 33, 33, 33, 33, 33, 33, 33, 33, 33, 33, 33, 33, 33, 33, 33, 33, 33, 33, 33, 33, 33, 33, 33, 33, 33, 33, 33, 33, 33, 33, 33, 33, 33, 33, 33, 33, 33, 33, 33, 33, 33, 33, 33, 33, 33, 33, 33, 33, 33, 33, 33, 33, 33, 33, 33, 33, 33, 33, 33, 33, 33, 33, 33, 33, 33, 33, 33, 33, 33, 33, 33, 33, 33]",32.94416873449132,"[32.938585607940446, 32.93424317617866, 32.93796526054591, 32.95161290322581, 32.94789081885856, 32.94168734491315, 32.94230769230769, 32.937344913151364, 32.93300248138958, 32.93920595533499, 32.94602977667494, 32.948511166253105, 32.94913151364764, 32.95595533498759, 32.94913151364764, 32.94789081885856, 32.94602977667494, 32.94106699751861, 32.94416873449131, 32.94416873449131, 32.94416873449131, 32.94168734491315, 32.93796526054591, 32.93610421836228, 32.94665012406948, 32.94106699751861, 32.94106699751861, 32.94168734491315, 32.93238213399504, 32.935483870967744, 32.9348635235732, 32.938585607940446, 32.94044665012407, 32.94106699751861, 32.94168734491315, 32.94168734491315, 32.935483870967744, 32.9348635235732, 32.94044665012407, 32.935483870967744, 32.94416873449132, 32.92928039702233, 32.93424317617866, 32.938585607940446, 32.9348635235732, 32.93114143920596, 32.935483870967744, 32.935483870967744, 32.93610421836229, 32.94478908188586, 32.94602977667494, 32.94292803970223, 32.94478908188586, 32.94602977667494, 32.94975186104218, 32.94292803970224, 32.9454094292804, 32.945409429280396, 32.94913151364764, 32.94106699751861, 32.94478908188586, 32.94665012406948, 32.94168734491315, 32.941687344913156, 32.945409429280396, 32.94478908188586, 32.94602977667494, 32.94230769230769, 32.94727047146402, 32.94044665012407, 32.94044665012407, 32.94168734491315, 32.94478908188586, 32.935483870967744, 32.93424317617866, 32.92990074441687, 32.9317617866005, 32.93300248138958, 32.94106699751861, 32.94292803970223, 32.94044665012407, 32.946650124069485, 32.93982630272953, 32.94416873449131, 32.9348635235732, 32.93424317617866, 32.9317617866005, 32.93300248138958, 32.934863523573206, 32.94044665012407, 32.94044665012407, 32.94230769230769, 32.94478908188586, 32.950372208436725, 32.948511166253105, 32.94602977667494, 32.94292803970224, 32.935483870967744, 32.94230769230769, 32.94106699751861, 32.93982630272953, 32.926799007444174, 32.92990074441688, 32.936724565756826, 32.94106699751861, 32.94168734491315, 32.934863523573206, 32.934863523573206, 32.933622828784124, 32.938585607940446, 32.94292803970224, 32.94230769230769, 32.93920595533499, 32.943548387096776, 32.94230769230769, 32.941687344913156, 32.94478908188586, 32.94727047146402, 32.94230769230769, 32.943548387096776, 32.945409429280396, 32.943548387096776, 32.937344913151364, 32.94292803970223, 32.94416873449131, 32.94602977667494, 32.94044665012407, 32.94106699751861, 32.94416873449131, 32.9485111662531, 32.948511166253105, 32.94168734491315, 32.94913151364764, 32.950372208436725, 32.94665012406948, 32.957196029776675, 32.94975186104219, 32.94230769230769, 32.95099255583127, 32.94975186104219, 32.94789081885856, 32.947270471464016, 32.95347394540943, 32.950372208436725, 32.94292803970223, 32.94416873449132, 32.941687344913156, 32.94106699751861, 32.948511166253105, 32.94602977667494, 32.94416873449131, 32.94292803970223, 32.93796526054591, 32.93920595533499, 32.94106699751861, 32.9485111662531, 32.943548387096776, 32.94789081885856, 32.9454094292804, 32.946650124069485, 32.94727047146402, 32.945409429280396, 32.94665012406948, 32.945409429280396, 32.934863523573206, 32.934863523573206, 32.937344913151364, 32.938585607940446, 32.936724565756826, 32.94478908188586, 32.948511166253105, 32.94478908188586, 32.94416873449131, 32.943548387096776, 32.94106699751861, 32.943548387096776, 32.93734491315137, 32.93982630272953, 32.94230769230769, 32.94478908188586, 32.93982630272953, 32.93796526054591, 32.935483870967744, 32.937344913151364, 32.940446650124066, 32.93982630272953, 32.94789081885856, 32.95161290322581, 32.94975186104219, 32.94665012406948, 32.94665012406948, 32.935483870967744, 32.934863523573206, 32.94044665012407, 32.94230769230769, 32.94478908188586, 32.94168734491315, 32.947270471464016, 32.947270471464016, 32.94478908188586, 32.943548387096776, 32.941687344913156, 32.945409429280396, 32.94665012406948, 32.94913151364764, 32.94665012406948, 32.94478908188585, 32.94727047146402, 32.94168734491315, 32.94106699751861, 32.943548387096776, 32.94106699751861, 32.94106699751861, 32.94044665012407, 32.941687344913156, 32.939205955334984, 32.93982630272953, 32.94044665012407, 32.94292803970224, 32.94292803970223, 32.94602977667494, 32.94416873449131, 32.94913151364764, 32.94975186104218, 32.94913151364764, 32.94168734491315, 32.94168734491315, 32.94230769230769, 32.941687344913156, 32.941687344913156, 32.93920595533499, 32.94168734491315, 32.93300248138958, 32.94044665012407, 32.94106699751861, 32.94292803970223, 32.94106699751861, 32.940446650124066, 32.94665012406948, 32.94292803970223, 32.945409429280396, 32.950372208436725, 32.94913151364764, 32.948511166253105, 32.953473945409435, 32.95409429280397, 32.94913151364764, 32.9454094292804, 32.94789081885856, 32.943548387096776, 32.94727047146402, 32.94602977667494, 32.94665012406948, 32.94913151364764, 32.95161290322581, 32.95161290322581, 32.94727047146402, 32.950372208436725, 32.95471464019851, 32.95347394540943, 32.95409429280397, 32.95471464019852, 32.94665012406948, 32.950372208436725, 32.950372208436725, 32.94478908188586, 32.94975186104219, 32.95223325062035, 32.95347394540943, 32.95595533498759, 32.95471464019852, 32.95285359801489, 32.95285359801489, 32.95781637717121, 32.95781637717122, 32.95781637717121, 32.95595533498759, 32.95409429280397, 32.955334987593055, 32.95161290322581, 32.953473945409435, 32.94975186104218, 32.957196029776675, 32.95285359801489, 32.9485111662531, 32.94975186104219, 32.94727047146402, 32.95347394540943, 32.95099255583126, 32.9485111662531, 32.955334987593055, 32.95347394540943, 32.95533498759305, 32.95347394540943, 32.95099255583126, 32.95099255583126, 32.945409429280396, 32.94602977667494, 32.94230769230769, 32.94416873449132, 32.94789081885857, 32.945409429280396, 32.94478908188586, 32.94727047146402, 32.950372208436725, 32.95347394540943, 32.95285359801489, 32.955334987593055, 32.95285359801489, 32.95409429280397, 32.96091811414392, 32.96029776674938, 32.95657568238214, 32.95409429280397, 32.95533498759305, 32.95471464019851, 32.95595533498759, 32.95781637717122, 32.95471464019852, 32.95409429280397, 32.95471464019851, 32.95285359801489, 32.94727047146402, 32.946650124069485, 32.95099255583126, 32.95347394540943, 32.95161290322581, 32.957196029776675, 32.955334987593055, 32.95595533498759, 32.955334987593055, 32.955334987593055, 32.95285359801489, 32.95409429280397, 32.952233250620345, 32.957196029776675, 32.95471464019851, 32.955334987593055, 32.95285359801489, 32.95285359801489, 32.95409429280397, 32.953473945409435, 32.95223325062035, 32.95161290322581, 32.95161290322581, 32.95161290322581, 32.94727047146402, 32.94913151364764, 32.9454094292804, 32.94416873449131, 32.95223325062035, 32.955334987593055, 32.957196029776675, 32.95409429280397, 32.94975186104219, 32.95285359801489, 32.952233250620345, 32.95161290322581, 32.95099255583127, 32.953473945409435, 32.94975186104219, 32.95285359801489, 32.95099255583127, 32.950372208436725, 32.94727047146402, 32.946650124069485, 32.94665012406948, 32.94416873449132, 32.94106699751861, 32.94416873449132, 32.94478908188586, 32.941687344913156, 32.94416873449131, 32.943548387096776, 32.94416873449132, 32.94602977667494, 32.941687344913156, 32.945409429280396, 32.94665012406948, 32.94292803970224, 32.94789081885856, 32.948511166253105, 32.950372208436725, 32.948511166253105, 32.95223325062035, 32.95161290322581, 32.95161290322581, 32.95223325062035, 32.95409429280397, 32.95223325062035, 32.95347394540943, 32.95471464019851, 32.95781637717121, 32.958436724565765, 32.95595533498759, 32.95285359801489, 32.95657568238214, 32.95471464019851, 32.95099255583127, 32.94913151364764, 32.94727047146402, 32.948511166253105, 32.94975186104219, 32.94665012406948, 32.94913151364764, 32.94478908188586, 32.9454094292804, 32.945409429280396, 32.94416873449132, 32.94416873449132]",0.9131102469472172,0.9264211461915989,33,"[33, 33, 33, 33, 33, 33, 33, 33, 33, 33, 33, 33, 33, 33, 33, 33, 33, 33, 33, 33, 33, 33, 33, 33, 33, 33, 33, 33, 33, 33, 33, 33, 33, 33, 33, 33, 33, 33, 33, 33, 33, 33, 33, 33, 33, 33, 33, 33, 33, 33, 33, 33, 33, 33, 33, 33, 33, 33, 33, 33, 33, 33, 33, 33, 33, 33, 33, 33, 33, 33, 33, 33, 33, 33, 33, 33, 33, 33, 33, 33, 33, 33, 33, 33, 33, 33, 33, 33, 33, 33, 33, 33, 33, 33, 33, 33, 33, 33, 33, 33, 33, 33, 33, 33, 33, 33, 33, 33, 33, 33, 33, 33, 33, 33, 33, 33, 33, 33, 33, 33, 33, 33, 33, 33, 33, 33, 33, 33, 33, 33, 33, 33, 33, 33, 33, 33, 33, 33, 33, 33, 33, 33, 33, 33, 33, 33, 33, 33, 33, 33, 33, 33, 33, 33, 33, 33, 33, 33, 33, 33, 33, 33, 33, 33, 33, 33, 33, 33, 33, 33, 33, 33, 33, 33, 33, 33, 33, 33, 33, 33, 33, 33, 33, 33, 33, 33, 33, 33, 33, 33, 33, 33, 33, 33, 33, 33, 33, 33, 33, 33, 33, 33, 33, 33, 33, 33, 33, 33, 33, 33, 33, 33, 33, 33, 33, 33, 33, 33, 33, 33, 33, 33, 33, 33, 33, 33, 33, 33, 33, 33, 33, 33, 33, 33, 33, 33, 33, 33, 33, 33, 33, 33, 33, 33, 33, 33, 33, 33, 33, 33, 33, 33, 33, 33, 33, 33, 33, 33, 33, 33, 33, 33, 33, 33, 33, 33, 33, 33, 33, 33, 33, 33, 33, 33, 33, 33, 33, 33, 33, 33, 33, 33, 33, 33, 33, 33, 33, 33, 33, 33, 33, 33, 33, 33, 33, 33, 33, 33, 33, 33, 33, 33, 33, 33, 33, 33, 33, 33, 33, 33, 33, 33, 33, 33, 33, 33, 33, 33, 33, 33, 33, 33, 33, 33, 33, 33, 33, 33, 33, 33, 33, 33, 33, 33, 33, 33, 33, 33, 33, 33, 33, 33, 33, 33, 33, 33, 33, 33, 33, 33, 33, 33, 33, 33, 33, 33, 33, 33, 33, 33, 33, 33, 33, 33, 33, 33, 33, 33, 33, 33, 33, 33, 33, 33, 33, 33, 33, 33, 33, 33, 33, 33, 33, 33, 33, 33, 33, 33, 33, 33, 33, 33, 33, 33, 33, 33, 33, 33, 33, 33, 33, 33, 33, 33, 33, 33, 33, 33, 33, 33]",410,"[0.39846324920654297, 0.3900102376937866, 0.3849698007106781, 0.38126513361930847, 0.3783062696456909, 0.37575653195381165, 0.3738599419593811, 0.37210437655448914, 0.37046077847480774, 0.36927664279937744, 0.3676585853099823, 0.36642494797706604, 0.3654152750968933, 0.3643507659435272, 0.3633958697319031, 0.36230096220970154, 0.3613925576210022, 0.36044177412986755, 0.35912948846817017, 0.3581489324569702, 0.35741814970970154, 0.35623714327812195, 0.35532376170158386, 0.3546646535396576, 0.3534066081047058, 0.3524787127971649, 0.351718544960022, 0.3506998121738434, 0.34976673126220703, 0.34880053997039795, 0.34799060225486755, 0.34686195850372314, 0.3458843231201172, 0.34492892026901245, 0.3440053164958954, 0.34307509660720825, 0.342296302318573, 0.3412924110889435, 0.3405718207359314, 0.3396303653717041, 0.338495135307312, 0.3374611735343933, 0.3367648720741272, 0.33551329374313354, 0.33448082208633423, 0.33371502161026, 0.3326341211795807, 0.3315110504627228, 0.33050477504730225, 0.3295755386352539, 0.328649640083313, 0.3275531530380249, 0.3265007734298706, 0.3252849876880646, 0.32423630356788635, 0.32329466938972473, 0.3221491575241089, 0.3209584951400757, 0.3197314143180847, 0.3187819719314575, 0.3173897862434387, 0.31620359420776367, 0.3148953914642334, 0.3137034475803375, 0.31257176399230957, 0.3113703429698944, 0.3098975121974945, 0.30865126848220825, 0.30756500363349915, 0.30615755915641785, 0.3048167824745178, 0.30343618988990784, 0.30238625407218933, 0.30076590180397034, 0.29946812987327576, 0.29814696311950684, 0.2969295382499695, 0.2955666482448578, 0.29431357979774475, 0.29289281368255615, 0.29147082567214966, 0.29014331102371216, 0.2892274856567383, 0.28762221336364746, 0.2865384817123413, 0.28509095311164856, 0.28390413522720337, 0.2826883792877197, 0.28177300095558167, 0.2804720997810364, 0.27942171692848206, 0.2781607508659363, 0.276915043592453, 0.27596285939216614, 0.2748318910598755, 0.2738896608352661, 0.2726856470108032, 0.271737277507782, 0.270673006772995, 0.26984795928001404, 0.2690204083919525, 0.2679303288459778, 0.26711466908454895, 0.2662966549396515, 0.2653825283050537, 0.2644753158092499, 0.26373255252838135, 0.2627875804901123, 0.2620972990989685, 0.26130005717277527, 0.26051032543182373, 0.2598153054714203, 0.25909850001335144, 0.25841277837753296, 0.25774404406547546, 0.2570464611053467, 0.256476491689682, 0.2556867301464081, 0.2550828754901886, 0.25440433621406555, 0.2539212107658386, 0.253109872341156, 0.25255119800567627, 0.2520526647567749, 0.251397043466568, 0.25079819560050964, 0.2502635717391968, 0.24966172873973846, 0.24923843145370483, 0.2486700862646103, 0.2480650693178177, 0.24749189615249634, 0.2467593550682068, 0.24628859758377075, 0.2458660751581192, 0.2453327775001526, 0.24468208849430084, 0.2442212849855423, 0.24367038905620575, 0.24333204329013824, 0.2426750361919403, 0.24266093969345093, 0.24184806644916534, 0.24133805930614471, 0.24089212715625763, 0.2403590828180313, 0.23993609845638275, 0.2394200563430786, 0.23906728625297546, 0.2385977804660797, 0.23805582523345947, 0.23765629529953003, 0.2371497005224228, 0.2367364466190338, 0.23631775379180908, 0.23615945875644684, 0.23562893271446228, 0.23505529761314392, 0.234589621424675, 0.23418289422988892, 0.2338474839925766, 0.2333107590675354, 0.23297229409217834, 0.23252323269844055, 0.23219034075737, 0.23184625804424286, 0.23167316615581512, 0.2311839461326599, 0.2305816411972046, 0.23005691170692444, 0.23002374172210693, 0.22956743836402893, 0.22910921275615692, 0.2289656400680542, 0.2285095602273941, 0.22786788642406464, 0.22766174376010895, 0.22721624374389648, 0.2268589437007904, 0.22669675946235657, 0.22618652880191803, 0.2259444296360016, 0.22555451095104218, 0.22501419484615326, 0.2250344455242157, 0.22492638230323792, 0.2243700474500656, 0.22390316426753998, 0.22325176000595093, 0.22295741736888885, 0.22312456369400024, 0.2224879413843155, 0.22223083674907684, 0.2220129519701004, 0.2217189222574234, 0.22128945589065552, 0.22131845355033875, 0.22062471508979797, 0.22024588286876678, 0.21977944672107697, 0.21954333782196045, 0.21918292343616486, 0.21930871903896332, 0.21888485550880432, 0.21886205673217773, 0.21845465898513794, 0.21768270432949066, 0.21778590977191925, 0.21755601465702057, 0.21691949665546417, 0.21672643721103668, 0.21680523455142975, 0.2161489874124527, 0.21593432128429413, 0.21596172451972961, 0.21497352421283722, 0.2151920348405838, 0.21511588990688324, 0.21460756659507751, 0.2143673300743103, 0.21402938663959503, 0.21390023827552795, 0.213613361120224, 0.21333496272563934, 0.21356287598609924, 0.21269741654396057, 0.21277114748954773, 0.21232561767101288, 0.21173663437366486, 0.21152693033218384, 0.21138054132461548, 0.21151629090309143, 0.21092449128627777, 0.21094423532485962, 0.21078476309776306, 0.2104572355747223, 0.20982369780540466, 0.21000026166439056, 0.20978602766990662, 0.20944195985794067, 0.20902599394321442, 0.20896804332733154, 0.20828048884868622, 0.20832516252994537, 0.20832036435604095, 0.20846399664878845, 0.20800819993019104, 0.2078072428703308, 0.2076089233160019, 0.20755165815353394, 0.20767952501773834, 0.20716740190982819, 0.2070433795452118, 0.20640619099140167, 0.20659369230270386, 0.2059677541255951, 0.20562779903411865, 0.20600733160972595, 0.2056814432144165, 0.2056024670600891, 0.20529299974441528, 0.20510074496269226, 0.20538459718227386, 0.20446354150772095, 0.20461033284664154, 0.20438823103904724, 0.20407786965370178, 0.20409849286079407, 0.20438110828399658, 0.20406067371368408, 0.2035946249961853, 0.20348317921161652, 0.2034362405538559, 0.20344726741313934, 0.20298469066619873, 0.2031441330909729, 0.2026270031929016, 0.20211300253868103, 0.20245441794395447, 0.20241983234882355, 0.20229680836200714, 0.20192839205265045, 0.20140136778354645, 0.20155826210975647, 0.20143526792526245, 0.20176756381988525, 0.20119619369506836, 0.200943261384964, 0.20116987824440002, 0.2009764462709427, 0.200307235121727, 0.20034894347190857, 0.200619637966156, 0.20033755898475647, 0.20037971436977386, 0.19993196427822113, 0.1993931382894516, 0.19981051981449127, 0.1999257206916809, 0.1993565410375595, 0.19887490570545197, 0.19892585277557373, 0.1985444873571396, 0.19881479442119598, 0.19872045516967773, 0.1990353912115097, 0.19873645901679993, 0.198414608836174, 0.1987585574388504, 0.1982695460319519, 0.19797927141189575, 0.1981479823589325, 0.19765880703926086, 0.1981026977300644, 0.19793444871902466, 0.19741250574588776, 0.19722235202789307, 0.19701093435287476, 0.19692488014698029, 0.19670450687408447, 0.19679990410804749, 0.19702079892158508, 0.196365088224411, 0.19659478962421417, 0.19621606171131134, 0.19601373374462128, 0.1963956505060196, 0.19592824578285217, 0.19572916626930237, 0.19559817016124725, 0.19613735377788544, 0.19606336951255798, 0.19546762108802795, 0.19545264542102814, 0.19571562111377716, 0.19519494473934174, 0.19560684263706207, 0.1961662620306015, 0.19525888562202454, 0.19453752040863037, 0.1948128640651703, 0.19552923738956451, 0.1947488933801651, 0.19464349746704102, 0.19498777389526367, 0.1943172812461853, 0.19464261829853058, 0.19453758001327515, 0.1942100077867508, 0.1939825415611267, 0.1939871609210968, 0.19362662732601166, 0.1936415135860443, 0.19406460225582123, 0.19378159940242767, 0.19416378438472748, 0.1935884803533554, 0.19371171295642853, 0.1936749666929245, 0.19345639646053314, 0.1931898295879364, 0.19327035546302795, 0.19251279532909393, 0.19267968833446503, 0.1927099972963333, 0.19260431826114655, 0.19239264726638794, 0.193043053150177, 0.19193463027477264, 0.19223326444625854, 0.19238467514514923, 0.19179946184158325, 0.19264215230941772, 0.19204826653003693, 0.19225160777568817, 0.19166044890880585, 0.1915113478899002, 0.19155125319957733, 0.19134601950645447, 0.19146698713302612, 0.1917647123336792, 0.1914508044719696, 0.19134768843650818, 0.19131211936473846, 0.19105659425258636, 0.1914653778076172, 0.19104455411434174, 0.19038110971450806, 0.18995541334152222, 0.1903192102909088, 0.19039012491703033, 0.19074495136737823, 0.19113126397132874, 0.19035033881664276, 0.19024643301963806, 0.19027923047542572, 0.19004783034324646, 0.1896287500858307, 0.18931704759597778, 0.18953372538089752, 0.18977636098861694, 0.18951375782489777, 0.18965844810009003, 0.18923228979110718, 0.18996383249759674, 0.18948781490325928, 0.1893846094608307, 0.18916046619415283, 0.18867626786231995, 0.18889160454273224]",33.0,"[33.0, 33.0, 33.0, 33.0, 33.0, 33.0, 33.0, 33.0, 33.0, 33.0, 33.0, 33.0, 33.0, 33.0, 33.0, 33.0, 33.0, 33.0, 33.0, 33.0, 33.0, 33.0, 33.0, 33.0, 33.0, 33.0, 33.0, 33.0, 33.0, 33.0, 33.0, 33.0, 33.0, 33.0, 33.0, 33.0, 33.0, 33.0, 33.0, 33.0, 33.0, 33.0, 33.0, 33.0, 33.0, 33.0, 33.0, 33.0, 33.0, 33.0, 33.0, 33.0, 33.0, 33.0, 33.0, 33.0, 33.0, 33.0, 33.0, 33.0, 33.0, 33.0, 33.0, 33.0, 33.0, 33.0, 33.0, 33.0, 33.0, 33.0, 33.0, 33.0, 33.0, 33.0, 33.0, 33.0, 33.0, 33.0, 33.0, 33.0, 33.0, 33.0, 33.0, 33.0, 33.0, 33.0, 33.0, 33.0, 33.0, 33.0, 33.0, 33.0, 33.0, 33.0, 33.0, 33.0, 33.0, 33.0, 33.0, 33.0, 33.0, 33.0, 33.0, 33.0, 33.0, 33.0, 33.0, 33.0, 33.0, 33.0, 33.0, 33.0, 33.0, 33.0, 33.0, 33.0, 33.0, 33.0, 33.0, 33.0, 33.0, 33.0, 33.0, 33.0, 33.0, 33.0, 33.0, 33.0, 33.0, 33.0, 33.0, 33.0, 33.0, 33.0, 33.0, 33.0, 33.0, 33.0, 33.0, 33.0, 33.0, 33.0, 33.0, 33.0, 33.0, 33.0, 33.0, 33.0, 33.0, 33.0, 33.0, 33.0, 33.0, 33.0, 33.0, 33.0, 33.0, 33.0, 33.0, 33.0, 33.0, 33.0, 33.0, 33.0, 33.0, 33.0, 33.0, 33.0, 33.0, 33.0, 33.0, 33.0, 33.0, 33.0, 33.0, 33.0, 33.0, 33.0, 33.0, 33.0, 33.0, 33.0, 33.0, 33.0, 33.0, 33.0, 33.0, 33.0, 33.0, 33.0, 33.0, 33.0, 33.0, 33.0, 33.0, 33.0, 33.0, 33.0, 33.0, 33.0, 33.0, 33.0, 33.0, 33.0, 33.0, 33.0, 33.0, 33.0, 33.0, 33.0, 33.0, 33.0, 33.0, 33.0, 33.0, 33.0, 33.0, 33.0, 33.0, 33.0, 33.0, 33.0, 33.0, 33.0, 33.0, 33.0, 33.0, 33.0, 33.0, 33.0, 33.0, 33.0, 33.0, 33.0, 33.0, 33.0, 33.0, 33.0, 33.0, 33.0, 33.0, 33.0, 33.0, 33.0, 33.0, 33.0, 33.0, 33.0, 3