,number,value,datetime_start,datetime_complete,duration,params_batch_size_scaler,params_constant_learning_rate,params_depth,params_epochs,params_kernel_l2,params_num_trees,params_temperature,user_attrs_accuracy_test,user_attrs_accuracy_valid,user_attrs_approximate_feature_sparsity,user_attrs_approximate_feature_sparsity_history,user_attrs_approximate_weight_sparsity,user_attrs_approximate_weight_sparsity_history,user_attrs_auc_test,user_attrs_auc_valid,user_attrs_feature_sparsity,user_attrs_feature_sparsity_history,user_attrs_num_epochs,user_attrs_val_loss_history,user_attrs_weight_sparsity,user_attrs_weight_sparsity_history,state
149,149,0.8974121162937486,2024-08-31 06:59:44.952559,2024-08-31 07:02:18.487623,0 days 00:02:33.535064,1,0.5467884100961605,3,155,0.02830200695039701,33,0.001615000978562013,0.927,0.92125,8,"[33, 25, 15, 13, 10, 9, 9, 9, 9, 9, 8, 8, 8, 8, 8, 8, 8, 8, 8, 8, 8, 8, 8, 8, 8, 8, 8, 8, 8, 8, 8, 8, 8, 8, 8, 8, 8, 8, 8, 8, 8, 8, 8, 8, 8, 8, 8, 8, 8, 8, 8, 8, 8, 8, 8, 8, 8, 8, 8, 8, 8, 8, 8, 8, 8, 8, 8, 8, 8, 8, 8, 8, 8, 8, 8, 8, 8, 8, 8, 8, 8, 8, 8, 8, 8, 8, 8, 8, 8, 8, 8, 8, 8, 8, 8, 8, 8, 8, 8, 8, 8, 8, 8, 8, 8, 8, 8, 8, 8, 8, 8, 8, 8, 8, 8, 8, 8, 8, 8, 8, 8, 8, 8, 8, 8, 8, 8, 8, 8, 8, 8, 8, 8, 8, 8, 8, 8, 8, 8, 8, 8, 8, 8, 8, 8, 8, 8, 8, 8, 8, 8, 8, 8, 8, 8]",7.982683982683983,"[32.97402597402598, 24.99134199134199, 14.987012987012989, 12.995670995670995, 9.978354978354979, 8.995670995670995, 8.995670995670995, 8.991341991341992, 8.995670995670995, 9.0, 7.991341991341992, 7.987012987012988, 7.991341991341992, 7.991341991341992, 7.995670995670996, 7.995670995670996, 7.987012987012988, 7.987012987012988, 7.991341991341992, 7.991341991341991, 7.995670995670996, 8.0, 7.995670995670996, 7.995670995670996, 7.991341991341992, 8.0, 7.991341991341992, 7.995670995670996, 7.987012987012987, 7.991341991341992, 8.0, 7.991341991341992, 7.995670995670996, 7.991341991341992, 7.995670995670996, 7.987012987012988, 7.991341991341992, 7.987012987012987, 8.0, 7.995670995670996, 7.987012987012988, 7.991341991341992, 7.995670995670996, 7.995670995670996, 7.987012987012988, 7.995670995670996, 7.991341991341992, 7.987012987012987, 7.982683982683983, 8.0, 7.991341991341992, 7.991341991341992, 7.978354978354979, 7.982683982683983, 8.0, 7.991341991341992, 7.982683982683983, 7.982683982683984, 7.991341991341992, 7.995670995670996, 7.995670995670996, 7.978354978354979, 7.987012987012987, 7.978354978354979, 7.987012987012988, 7.987012987012987, 7.987012987012987, 7.974025974025974, 7.978354978354979, 7.974025974025975, 7.978354978354979, 7.974025974025975, 7.978354978354978, 7.991341991341992, 7.991341991341992, 7.991341991341991, 7.97835497835498, 7.991341991341992, 7.995670995670996, 7.987012987012987, 7.991341991341992, 7.982683982683984, 7.974025974025974, 8.0, 7.995670995670996, 7.995670995670996, 7.974025974025974, 7.995670995670996, 7.987012987012987, 7.982683982683983, 7.982683982683984, 7.982683982683983, 7.982683982683984, 7.991341991341992, 7.991341991341992, 7.991341991341992, 8.0, 8.0, 7.995670995670996, 7.995670995670996, 7.978354978354979, 7.982683982683984, 7.982683982683983, 7.97835497835498, 7.991341991341992, 7.982683982683984, 7.982683982683983, 7.995670995670996, 7.982683982683983, 7.97835497835498, 7.978354978354979, 7.978354978354979, 7.991341991341992, 7.978354978354979, 7.982683982683983, 7.978354978354978, 7.987012987012988, 7.987012987012988, 7.982683982683983, 7.991341991341992, 7.995670995670996, 7.982683982683984, 7.995670995670996, 7.991341991341992, 7.982683982683983, 7.974025974025975, 7.982683982683983, 7.991341991341992, 7.978354978354979, 7.991341991341992, 7.974025974025974, 7.982683982683983, 7.987012987012987, 7.982683982683983, 7.995670995670996, 7.987012987012987, 7.995670995670996, 7.978354978354979, 7.982683982683984, 7.96969696969697, 7.96969696969697, 7.97835497835498, 7.96969696969697, 7.982683982683983, 7.974025974025975, 7.97835497835498, 7.978354978354979, 7.982683982683984, 7.965367965367966, 7.974025974025974, 7.982683982683984, 7.978354978354979, 7.982683982683984, 7.982683982683983, 7.982683982683983]",0.8891503397485118,0.8974121162937486,8,"[33, 25, 15, 13, 10, 9, 9, 9, 9, 9, 8, 8, 8, 8, 8, 8, 8, 8, 8, 8, 8, 8, 8, 8, 8, 8, 8, 8, 8, 8, 8, 8, 8, 8, 8, 8, 8, 8, 8, 8, 8, 8, 8, 8, 8, 8, 8, 8, 8, 8, 8, 8, 8, 8, 8, 8, 8, 8, 8, 8, 8, 8, 8, 8, 8, 8, 8, 8, 8, 8, 8, 8, 8, 8, 8, 8, 8, 8, 8, 8, 8, 8, 8, 8, 8, 8, 8, 8, 8, 8, 8, 8, 8, 8, 8, 8, 8, 8, 8, 8, 8, 8, 8, 8, 8, 8, 8, 8, 8, 8, 8, 8, 8, 8, 8, 8, 8, 8, 8, 8, 8, 8, 8, 8, 8, 8, 8, 8, 8, 8, 8, 8, 8, 8, 8, 8, 8, 8, 8, 8, 8, 8, 8, 8, 8, 8, 8, 8, 8, 8, 8, 8, 8, 8, 8]",155,"[0.346638947725296, 0.3121013641357422, 0.26130086183547974, 0.24541965126991272, 0.2600133419036865, 0.2640478014945984, 0.2307300716638565, 0.26676318049430847, 0.2282981127500534, 0.2453053593635559, 0.24262504279613495, 0.24274255335330963, 0.22544552385807037, 0.23624667525291443, 0.22560054063796997, 0.2663889527320862, 0.22846223413944244, 0.22639894485473633, 0.23228679597377777, 0.2200940102338791, 0.226012721657753, 0.225082665681839, 0.24423931539058685, 0.21959979832172394, 0.22607171535491943, 0.24900829792022705, 0.22341790795326233, 0.21811823546886444, 0.21778306365013123, 0.21649904549121857, 0.21669122576713562, 0.21922507882118225, 0.28089725971221924, 0.22716279327869415, 0.21955780684947968, 0.22974006831645966, 0.22531405091285706, 0.21291105449199677, 0.21070343255996704, 0.2374148964881897, 0.22242280840873718, 0.22937971353530884, 0.2211676836013794, 0.2480020374059677, 0.23407508432865143, 0.22281862795352936, 0.23945637047290802, 0.21741047501564026, 0.21948976814746857, 0.22126448154449463, 0.2137746810913086, 0.25249817967414856, 0.22962841391563416, 0.21936491131782532, 0.22516469657421112, 0.21383407711982727, 0.2169036865234375, 0.21133974194526672, 0.2213912159204483, 0.23139570653438568, 0.21637758612632751, 0.213923841714859, 0.2127811759710312, 0.21730458736419678, 0.21542128920555115, 0.21449288725852966, 0.22368206083774567, 0.21467973291873932, 0.2109902948141098, 0.2216303050518036, 0.2182413935661316, 0.24321994185447693, 0.21375317871570587, 0.22785788774490356, 0.22056517004966736, 0.21459847688674927, 0.2115495353937149, 0.21051551401615143, 0.22202299535274506, 0.21347476541996002, 0.24054664373397827, 0.2168651968240738, 0.21998795866966248, 0.2282189577817917, 0.21288783848285675, 0.21325770020484924, 0.22014756500720978, 0.2104579210281372, 0.21092386543750763, 0.21305784583091736, 0.21739543974399567, 0.23131777346134186, 0.2157191038131714, 0.2287859469652176, 0.2211477905511856, 0.2242792546749115, 0.21330991387367249, 0.2120298147201538, 0.22450527548789978, 0.21080051362514496, 0.21780431270599365, 0.22168084979057312, 0.21616733074188232, 0.224266916513443, 0.21656158566474915, 0.21863357722759247, 0.21510381996631622, 0.2235715687274933, 0.2573806643486023, 0.21488121151924133, 0.21460983157157898, 0.24968793988227844, 0.212280735373497, 0.23531006276607513, 0.21135050058364868, 0.21307824552059174, 0.21412357687950134, 0.23169422149658203, 0.21334442496299744, 0.21515971422195435, 0.2217002809047699, 0.21140709519386292, 0.22263044118881226, 0.23095446825027466, 0.21735592186450958, 0.22516010701656342, 0.21558420360088348, 0.20867708325386047, 0.21637411415576935, 0.2229621857404709, 0.2157496064901352, 0.2139149159193039, 0.21475069224834442, 0.21837253868579865, 0.21224328875541687, 0.2213987559080124, 0.2145896703004837, 0.2309504896402359, 0.2198076993227005, 0.21174296736717224, 0.22709040343761444, 0.2201465219259262, 0.2142738550901413, 0.2210131287574768, 0.21379132568836212, 0.21447759866714478, 0.21021176874637604, 0.2124539017677307, 0.21443414688110352, 0.22006039321422577, 0.22732868790626526, 0.21355609595775604, 0.21314187347888947, 0.22771571576595306, 0.22482089698314667]",8.0,"[33.0, 25.0, 15.0, 13.0, 10.0, 9.0, 9.0, 9.0, 9.0, 9.0, 8.0, 8.0, 8.0, 8.0, 8.0, 8.0, 8.0, 8.0, 8.0, 8.0, 8.0, 8.0, 8.0, 8.0, 8.0, 8.0, 8.0, 8.0, 8.0, 8.0, 8.0, 8.0, 8.0, 8.0, 8.0, 8.0, 8.0, 8.0, 8.0, 8.0, 8.0, 8.0, 8.0, 8.0, 8.0, 8.0, 8.0, 8.0, 8.0, 8.0, 8.0, 8.0, 8.0, 8.0, 8.0, 8.0, 8.0, 8.0, 8.0, 8.0, 8.0, 8.0, 8.0, 8.0, 8.0, 8.0, 8.0, 8.0, 8.0, 8.0, 8.0, 8.0, 8.0, 8.0, 8.0, 8.0, 8.0, 8.0, 8.0, 8.0, 8.0, 8.0, 8.0, 8.0, 8.0, 8.0, 8.0, 8.0, 8.0, 8.0, 8.0, 8.0, 8.0, 8.0, 8.0, 8.0, 8.0, 8.0, 8.0, 8.0, 8.0, 8.0, 8.0, 8.0, 8.0, 8.0, 8.0, 8.0, 8.0, 8.0, 8.0, 8.0, 8.0, 8.0, 8.0, 8.0, 8.0, 8.0, 8.0, 8.0, 8.0, 8.0, 8.0, 8.0, 8.0, 8.0, 8.0, 8.0, 8.0, 8.0, 8.0, 8.0, 8.0, 8.0, 8.0, 8.0, 8.0, 8.0, 8.0, 8.0, 8.0, 8.0, 8.0, 8.0, 8.0, 8.0, 8.0, 8.0, 8.0, 8.0, 8.0, 8.0, 8.0, 8.0, 8.0]",COMPLETE
