,number,value,datetime_start,datetime_complete,duration,params_batch_size_scaler,params_constant_learning_rate,params_depth,params_epochs,params_kernel_l2,params_num_trees,params_temperature,user_attrs_accuracy_test,user_attrs_accuracy_valid,user_attrs_approximate_feature_sparsity,user_attrs_approximate_feature_sparsity_history,user_attrs_approximate_weight_sparsity,user_attrs_approximate_weight_sparsity_history,user_attrs_auc_test,user_attrs_auc_valid,user_attrs_feature_sparsity,user_attrs_feature_sparsity_history,user_attrs_num_epochs,user_attrs_val_loss_history,user_attrs_weight_sparsity,user_attrs_weight_sparsity_history,state
106,106,0.8856642320722391,2024-08-31 04:47:50.923864,2024-08-31 04:48:23.418044,0 days 00:00:32.494180,16,0.5489825885778269,3,360,0.07756898736632284,28,0.0005477586279653559,0.935,0.93375,8,"[33, 33, 33, 33, 33, 33, 33, 33, 33, 33, 33, 33, 33, 33, 33, 33, 33, 33, 33, 33, 33, 33, 33, 33, 33, 33, 33, 33, 33, 33, 33, 33, 33, 33, 33, 33, 33, 33, 33, 33, 33, 33, 33, 33, 33, 33, 32, 31, 30, 29, 28, 28, 27, 26, 25, 24, 24, 23, 22, 22, 22, 21, 21, 20, 20, 19, 19, 19, 19, 19, 19, 19, 19, 19, 19, 19, 19, 18, 18, 18, 18, 18, 18, 18, 18, 18, 18, 18, 17, 17, 17, 17, 17, 17, 17, 17, 17, 17, 17, 17, 17, 17, 17, 17, 17, 17, 17, 17, 17, 16, 16, 16, 16, 16, 16, 16, 15, 15, 15, 15, 15, 15, 15, 15, 15, 15, 15, 15, 15, 15, 15, 15, 15, 15, 15, 15, 15, 15, 15, 15, 15, 15, 15, 14, 13, 12, 11, 11, 11, 11, 11, 11, 11, 11, 11, 11, 11, 11, 11, 11, 11, 11, 11, 11, 11, 11, 11, 11, 10, 10, 10, 10, 10, 10, 10, 10, 10, 10, 10, 10, 10, 10, 10, 10, 10, 10, 10, 10, 10, 10, 10, 10, 10, 10, 10, 10, 9, 9, 9, 9, 9, 9, 9, 9, 9, 9, 9, 9, 9, 9, 9, 9, 9, 9, 9, 9, 9, 9, 9, 9, 9, 9, 9, 9, 9, 9, 9, 9, 9, 9, 9, 9, 9, 9, 9, 9, 9, 9, 9, 9, 9, 9, 9, 9, 9, 9, 9, 9, 9, 9, 9, 9, 9, 9, 9, 9, 9, 9, 9, 9, 9, 9, 9, 9, 9, 9, 9, 9, 9, 8, 8, 8, 8, 8, 8, 8, 8, 8, 8, 8, 8, 8, 8, 8, 8, 8, 8, 8, 8, 8, 8, 8, 8, 8, 8, 8, 8, 8, 8, 8, 8, 8, 8, 8, 8, 8, 8, 8, 8, 8, 8, 8, 8, 8, 8, 8, 8, 8, 8, 8, 8, 8, 8, 8, 8, 8, 8, 8, 8, 8, 8, 8, 8, 8, 8, 8, 8, 8, 8, 8, 8, 8, 8, 8, 8, 8, 8, 8, 8, 8, 8, 8, 8, 8, 8, 8, 8, 8, 8, 8]",7.984693877551021,"[32.97448979591837, 32.98979591836735, 32.984693877551024, 32.98979591836735, 32.9795918367347, 32.994897959183675, 32.96938775510204, 32.98979591836735, 32.984693877551024, 32.984693877551024, 32.994897959183675, 32.984693877551024, 32.9795918367347, 32.974489795918366, 32.984693877551024, 32.9795918367347, 32.9795918367347, 32.984693877551024, 32.964285714285715, 32.974489795918366, 32.974489795918366, 32.964285714285715, 32.974489795918366, 32.994897959183675, 32.96938775510204, 32.964285714285715, 32.984693877551024, 32.984693877551024, 32.9795918367347, 32.9795918367347, 32.964285714285715, 32.984693877551024, 32.984693877551024, 32.984693877551024, 32.98979591836735, 32.98979591836735, 32.994897959183675, 32.96938775510204, 32.974489795918366, 32.974489795918366, 32.974489795918366, 32.984693877551024, 32.96938775510204, 32.994897959183675, 32.964285714285715, 32.984693877551024, 31.96938775510204, 30.979591836734695, 29.979591836734695, 28.994897959183675, 27.98979591836735, 27.994897959183675, 26.979591836734695, 25.994897959183675, 24.984693877551024, 23.984693877551024, 23.98979591836735, 22.984693877551024, 21.98469387755102, 22.0, 21.98979591836735, 20.98469387755102, 20.98469387755102, 19.984693877551024, 19.98979591836735, 18.994897959183675, 18.994897959183675, 18.98979591836735, 18.994897959183675, 18.98469387755102, 18.994897959183675, 18.994897959183675, 18.98979591836735, 18.98979591836735, 18.98469387755102, 18.994897959183675, 18.984693877551024, 17.98979591836735, 17.984693877551024, 17.98979591836735, 17.98979591836735, 17.98979591836735, 17.979591836734695, 17.98469387755102, 17.98469387755102, 17.979591836734695, 17.974489795918366, 17.979591836734695, 16.979591836734695, 16.984693877551024, 16.98979591836735, 16.994897959183675, 16.98469387755102, 16.979591836734695, 16.98979591836735, 16.98979591836735, 16.994897959183675, 16.994897959183675, 16.994897959183675, 16.984693877551024, 16.994897959183675, 16.979591836734695, 16.994897959183675, 17.0, 16.97448979591837, 16.979591836734695, 16.96938775510204, 16.974489795918366, 16.98979591836735, 15.96938775510204, 15.984693877551022, 15.98469387755102, 15.974489795918368, 15.969387755102042, 15.994897959183675, 15.98469387755102, 14.989795918367347, 14.994897959183675, 14.98469387755102, 14.974489795918368, 14.994897959183675, 14.979591836734695, 14.994897959183675, 14.969387755102042, 14.98469387755102, 14.98469387755102, 14.98979591836735, 14.964285714285715, 14.98469387755102, 14.994897959183675, 14.98469387755102, 14.98469387755102, 14.979591836734695, 14.98469387755102, 14.96938775510204, 14.989795918367347, 14.979591836734693, 14.98469387755102, 14.98979591836735, 15.0, 14.98979591836735, 14.994897959183675, 14.98979591836735, 13.989795918367347, 12.989795918367347, 11.969387755102042, 10.96938775510204, 10.974489795918368, 10.979591836734693, 10.98469387755102, 10.979591836734693, 10.989795918367347, 10.98469387755102, 10.989795918367347, 10.989795918367347, 10.994897959183675, 10.96938775510204, 10.98469387755102, 10.98469387755102, 10.96938775510204, 10.989795918367347, 10.98469387755102, 11.0, 11.0, 11.0, 10.989795918367347, 10.989795918367347, 11.0, 9.989795918367347, 9.989795918367347, 9.98469387755102, 9.98469387755102, 9.979591836734693, 9.979591836734693, 9.98469387755102, 10.0, 10.0, 9.98469387755102, 9.994897959183675, 9.98469387755102, 9.994897959183675, 9.98469387755102, 9.98469387755102, 9.994897959183675, 9.989795918367347, 9.989795918367347, 9.989795918367347, 9.98469387755102, 9.989795918367347, 10.0, 9.994897959183673, 9.989795918367347, 9.994897959183675, 9.994897959183675, 9.989795918367347, 9.989795918367347, 9.0, 8.989795918367347, 8.994897959183675, 8.979591836734695, 8.989795918367347, 8.989795918367347, 8.994897959183675, 8.989795918367347, 9.0, 8.994897959183675, 8.994897959183675, 8.994897959183675, 8.994897959183675, 8.979591836734695, 8.974489795918368, 8.98469387755102, 8.974489795918368, 8.994897959183675, 8.994897959183675, 9.0, 9.0, 8.994897959183675, 9.0, 8.994897959183675, 8.989795918367347, 8.989795918367347, 8.994897959183675, 9.0, 8.994897959183675, 9.0, 8.98469387755102, 8.989795918367347, 8.989795918367347, 8.98469387755102, 8.979591836734695, 8.994897959183675, 8.994897959183675, 8.989795918367347, 8.994897959183675, 8.989795918367347, 8.989795918367347, 8.989795918367347, 8.979591836734695, 8.974489795918368, 8.979591836734695, 8.994897959183675, 8.98469387755102, 8.96938775510204, 8.994897959183675, 8.979591836734695, 8.994897959183675, 8.989795918367347, 9.0, 8.98469387755102, 8.98469387755102, 8.979591836734695, 8.979591836734695, 8.96938775510204, 8.98469387755102, 8.989795918367347, 9.0, 8.994897959183675, 9.0, 8.979591836734695, 8.989795918367347, 8.979591836734695, 8.989795918367347, 8.989795918367347, 8.979591836734695, 8.98469387755102, 8.994897959183675, 8.989795918367347, 8.989795918367347, 7.9897959183673475, 7.9897959183673475, 7.9897959183673475, 7.994897959183674, 7.994897959183674, 7.9897959183673475, 8.0, 7.994897959183674, 8.0, 7.98469387755102, 7.994897959183674, 7.9897959183673475, 7.9897959183673475, 7.979591836734694, 8.0, 7.994897959183674, 8.0, 7.979591836734694, 8.0, 7.994897959183674, 8.0, 7.979591836734694, 7.994897959183674, 7.9897959183673475, 8.0, 7.969387755102041, 7.984693877551021, 7.984693877551021, 7.984693877551021, 7.984693877551021, 7.984693877551021, 7.9897959183673475, 8.0, 7.98469387755102, 7.979591836734694, 7.9897959183673475, 7.9897959183673475, 7.994897959183674, 7.98469387755102, 7.984693877551021, 7.974489795918368, 7.9897959183673475, 7.964285714285715, 7.9897959183673475, 7.9897959183673475, 7.98469387755102, 7.9897959183673475, 7.98469387755102, 7.974489795918368, 8.0, 7.994897959183674, 7.98469387755102, 7.9897959183673475, 7.994897959183674, 7.984693877551021, 7.9897959183673475, 7.979591836734694, 7.979591836734695, 7.994897959183674, 7.994897959183674, 7.979591836734695, 7.9897959183673475, 7.984693877551021, 7.994897959183674, 7.979591836734694, 7.9897959183673475, 7.979591836734695, 7.994897959183674, 7.979591836734694, 7.994897959183674, 7.98469387755102, 7.969387755102041, 7.974489795918368, 7.979591836734694, 7.98469387755102, 7.984693877551021, 7.994897959183674, 7.9897959183673475, 7.979591836734695, 7.984693877551021, 7.9897959183673475, 7.98469387755102, 7.9897959183673475, 7.979591836734694, 7.984693877551021, 7.9897959183673475, 7.98469387755102, 7.954081632653062, 7.969387755102041, 7.979591836734695, 7.984693877551021]",0.8760392671670011,0.8856642320722391,8,"[33, 33, 33, 33, 33, 33, 33, 33, 33, 33, 33, 33, 33, 33, 33, 33, 33, 33, 33, 33, 33, 33, 33, 33, 33, 33, 33, 33, 33, 33, 33, 33, 33, 33, 33, 33, 33, 33, 33, 33, 33, 33, 33, 33, 33, 33, 32, 31, 30, 29, 28, 28, 27, 26, 25, 24, 24, 23, 22, 22, 22, 21, 21, 20, 20, 19, 19, 19, 19, 19, 19, 19, 19, 19, 19, 19, 19, 18, 18, 18, 18, 18, 18, 18, 18, 18, 18, 18, 17, 17, 17, 17, 17, 17, 17, 17, 17, 17, 17, 17, 17, 17, 17, 17, 17, 17, 17, 17, 17, 16, 16, 16, 16, 16, 16, 16, 15, 15, 15, 15, 15, 15, 15, 15, 15, 15, 15, 15, 15, 15, 15, 15, 15, 15, 15, 15, 15, 15, 15, 15, 15, 15, 15, 14, 13, 12, 11, 11, 11, 11, 11, 11, 11, 11, 11, 11, 11, 11, 11, 11, 11, 11, 11, 11, 11, 11, 11, 11, 10, 10, 10, 10, 10, 10, 10, 10, 10, 10, 10, 10, 10, 10, 10, 10, 10, 10, 10, 10, 10, 10, 10, 10, 10, 10, 10, 10, 9, 9, 9, 9, 9, 9, 9, 9, 9, 9, 9, 9, 9, 9, 9, 9, 9, 9, 9, 9, 9, 9, 9, 9, 9, 9, 9, 9, 9, 9, 9, 9, 9, 9, 9, 9, 9, 9, 9, 9, 9, 9, 9, 9, 9, 9, 9, 9, 9, 9, 9, 9, 9, 9, 9, 9, 9, 9, 9, 9, 9, 9, 9, 9, 9, 9, 9, 9, 9, 9, 9, 9, 9, 8, 8, 8, 8, 8, 8, 8, 8, 8, 8, 8, 8, 8, 8, 8, 8, 8, 8, 8, 8, 8, 8, 8, 8, 8, 8, 8, 8, 8, 8, 8, 8, 8, 8, 8, 8, 8, 8, 8, 8, 8, 8, 8, 8, 8, 8, 8, 8, 8, 8, 8, 8, 8, 8, 8, 8, 8, 8, 8, 8, 8, 8, 8, 8, 8, 8, 8, 8, 8, 8, 8, 8, 8, 8, 8, 8, 8, 8, 8, 8, 8, 8, 8, 8, 8, 8, 8, 8, 8, 8, 8]",360,"[0.4038267433643341, 0.39718547463417053, 0.38783854246139526, 0.3825293779373169, 0.37854111194610596, 0.3777599334716797, 0.36959579586982727, 0.3647001385688782, 0.36072295904159546, 0.35550281405448914, 0.35029134154319763, 0.3483451008796692, 0.3409934937953949, 0.3353792428970337, 0.3302935063838959, 0.3251909017562866, 0.32026156783103943, 0.3148939609527588, 0.311226487159729, 0.3065114915370941, 0.3023996353149414, 0.29974067211151123, 0.29712092876434326, 0.2934878468513489, 0.28909066319465637, 0.28708404302597046, 0.2851200997829437, 0.2824571132659912, 0.2793205678462982, 0.2761733829975128, 0.2741875946521759, 0.2718689441680908, 0.2707034945487976, 0.26794373989105225, 0.2668326199054718, 0.26535600423812866, 0.2654358446598053, 0.2608632743358612, 0.2607453465461731, 0.25844860076904297, 0.25806954503059387, 0.25763067603111267, 0.2550751268863678, 0.25369906425476074, 0.2512098252773285, 0.2505453824996948, 0.24894218146800995, 0.24939307570457458, 0.2450382560491562, 0.24232405424118042, 0.2410459667444229, 0.24119025468826294, 0.2387843281030655, 0.2407054454088211, 0.23845890164375305, 0.24030658602714539, 0.23916858434677124, 0.2345249056816101, 0.23025664687156677, 0.22975081205368042, 0.2319730520248413, 0.2279459834098816, 0.22782453894615173, 0.22853899002075195, 0.22924219071865082, 0.22438432276248932, 0.2232108861207962, 0.22405605018138885, 0.2229762226343155, 0.22402139008045197, 0.22751036286354065, 0.2228737324476242, 0.22157905995845795, 0.22043119370937347, 0.21974708139896393, 0.21829082071781158, 0.21815788745880127, 0.21749155223369598, 0.2178366333246231, 0.21898798644542694, 0.21725472807884216, 0.2168111354112625, 0.21615470945835114, 0.21649400889873505, 0.21508416533470154, 0.2145019918680191, 0.22322627902030945, 0.21651272475719452, 0.2170352190732956, 0.22069311141967773, 0.2173009067773819, 0.21428197622299194, 0.2136968970298767, 0.21520383656024933, 0.21398389339447021, 0.21421808004379272, 0.21332579851150513, 0.21253348886966705, 0.21891602873802185, 0.2125241607427597, 0.2112531065940857, 0.21439260244369507, 0.21232739090919495, 0.20980986952781677, 0.2104080766439438, 0.20893138647079468, 0.21392154693603516, 0.20997992157936096, 0.20898663997650146, 0.21369464695453644, 0.2122384011745453, 0.21242474019527435, 0.2171747088432312, 0.2119079977273941, 0.21343708038330078, 0.2131558656692505, 0.22126877307891846, 0.21743325889110565, 0.21412445604801178, 0.21840612590312958, 0.2119903564453125, 0.21073095500469208, 0.21248002350330353, 0.21263040602207184, 0.20975977182388306, 0.2092415988445282, 0.21238306164741516, 0.20958389341831207, 0.20995332300662994, 0.20925411581993103, 0.20912931859493256, 0.20960132777690887, 0.20859695971012115, 0.20912519097328186, 0.20802073180675507, 0.20622360706329346, 0.21056297421455383, 0.20714351534843445, 0.21169549226760864, 0.207272469997406, 0.20931966602802277, 0.20718063414096832, 0.2098570466041565, 0.21707332134246826, 0.22582127153873444, 0.23218992352485657, 0.23121392726898193, 0.2245813012123108, 0.2250654101371765, 0.22226472198963165, 0.22594720125198364, 0.21820873022079468, 0.22781060636043549, 0.22149114310741425, 0.21782727539539337, 0.21526984870433807, 0.21629369258880615, 0.21577753126621246, 0.21702317893505096, 0.2174368053674698, 0.21303805708885193, 0.21383294463157654, 0.2164529263973236, 0.21537692844867706, 0.21617302298545837, 0.21304456889629364, 0.21390680968761444, 0.21292263269424438, 0.22912898659706116, 0.22806303203105927, 0.229295551776886, 0.22957906126976013, 0.2282470166683197, 0.22723384201526642, 0.22463378310203552, 0.22641605138778687, 0.22826574742794037, 0.22610999643802643, 0.22518977522850037, 0.22699964046478271, 0.22576993703842163, 0.22818712890148163, 0.22865872085094452, 0.2282126098871231, 0.2259148359298706, 0.22396311163902283, 0.2260609120130539, 0.22572821378707886, 0.22457389533519745, 0.23253460228443146, 0.22511716187000275, 0.2283194661140442, 0.22827313840389252, 0.22912201285362244, 0.2295815646648407, 0.22434169054031372, 0.23654073476791382, 0.22476139664649963, 0.2246280312538147, 0.2244889885187149, 0.22488151490688324, 0.22917112708091736, 0.2256917953491211, 0.22790896892547607, 0.22710004448890686, 0.22479881346225739, 0.2290838062763214, 0.22721099853515625, 0.22678400576114655, 0.226344034075737, 0.22364526987075806, 0.22510993480682373, 0.22722171247005463, 0.2253410667181015, 0.23110507428646088, 0.22674378752708435, 0.22526149451732635, 0.22590601444244385, 0.2228085696697235, 0.2246631234884262, 0.2280457466840744, 0.22556515038013458, 0.22534456849098206, 0.22465583682060242, 0.22965697944164276, 0.2240634560585022, 0.2225043922662735, 0.22445319592952728, 0.22477510571479797, 0.2249378263950348, 0.22507192194461823, 0.22340691089630127, 0.22368092834949493, 0.22603267431259155, 0.22247329354286194, 0.22647900879383087, 0.22453142702579498, 0.2241474688053131, 0.22199158370494843, 0.22860004007816315, 0.2244257777929306, 0.22444675862789154, 0.22348357737064362, 0.22275659441947937, 0.22323766350746155, 0.22149813175201416, 0.22256489098072052, 0.22559942305088043, 0.2230108380317688, 0.22619026899337769, 0.22128064930438995, 0.22182030975818634, 0.22521038353443146, 0.2230684906244278, 0.22374758124351501, 0.22690890729427338, 0.22489915788173676, 0.22301319241523743, 0.222388356924057, 0.22029291093349457, 0.22284308075904846, 0.22112885117530823, 0.22430768609046936, 0.22214773297309875, 0.2245595008134842, 0.22284843027591705, 0.22918502986431122, 0.22234371304512024, 0.22657907009124756, 0.22658206522464752, 0.227976992726326, 0.22670283913612366, 0.22450564801692963, 0.22276709973812103, 0.22514230012893677, 0.22566203773021698, 0.2230267971754074, 0.22594018280506134, 0.22442634403705597, 0.2235121726989746, 0.22858211398124695, 0.2260938584804535, 0.22639015316963196, 0.22521497309207916, 0.22748182713985443, 0.2260688841342926, 0.23157629370689392, 0.2259385883808136, 0.22796054184436798, 0.22628511488437653, 0.22385460138320923, 0.2295815646648407, 0.2225983589887619, 0.22670525312423706, 0.2328869253396988, 0.2254968285560608, 0.22866253554821014, 0.22696687281131744, 0.22689758241176605, 0.22479404509067535, 0.22283099591732025, 0.22752347588539124, 0.22515077888965607, 0.2224244326353073, 0.22196312248706818, 0.22434532642364502, 0.22683101892471313, 0.22308844327926636, 0.2247399538755417, 0.22189825773239136, 0.2235642373561859, 0.22207513451576233, 0.22402073442935944, 0.2218802571296692, 0.2277757227420807, 0.22337350249290466, 0.2220938503742218, 0.22610916197299957, 0.2238970696926117, 0.2288842797279358, 0.22484907507896423, 0.22252771258354187, 0.22297950088977814, 0.22196552157402039, 0.22207778692245483, 0.22234433889389038, 0.22369271516799927, 0.22411884367465973, 0.222964346408844, 0.2249717116355896, 0.232413649559021, 0.22372062504291534, 0.22552621364593506, 0.2261611372232437, 0.22138361632823944, 0.21995019912719727, 0.22302605211734772, 0.22545799612998962, 0.2244947999715805, 0.21951085329055786, 0.22312326729297638, 0.22110870480537415, 0.22124935686588287, 0.2224554419517517, 0.22256368398666382, 0.22083733975887299, 0.21853622794151306, 0.22254854440689087, 0.22291171550750732, 0.2209070920944214, 0.2235960066318512, 0.22714240849018097, 0.22906814515590668, 0.2235754430294037, 0.22185473144054413, 0.22195333242416382, 0.22197191417217255, 0.2206973433494568, 0.22569715976715088, 0.22231978178024292]",8.0,"[33.0, 33.0, 33.0, 33.0, 33.0, 33.0, 33.0, 33.0, 33.0, 33.0, 33.0, 33.0, 33.0, 33.0, 33.0, 33.0, 33.0, 33.0, 33.0, 33.0, 33.0, 33.0, 33.0, 33.0, 33.0, 33.0, 33.0, 33.0, 33.0, 33.0, 33.0, 33.0, 33.0, 33.0, 33.0, 33.0, 33.0, 33.0, 33.0, 33.0, 33.0, 33.0, 33.0, 33.0, 33.0, 33.0, 32.0, 31.0, 30.0, 29.0, 28.0, 28.0, 27.0, 26.0, 25.0, 24.0, 24.0, 23.0, 22.0, 22.0, 22.0, 21.0, 21.0, 20.0, 20.0, 19.0, 19.0, 19.0, 19.0, 19.0, 19.0, 19.0, 19.0, 19.0, 19.0, 19.0, 19.0, 18.0, 18.0, 18.0, 18.0, 18.0, 18.0, 18.0, 18.0, 18.0, 18.0, 18.0, 17.0, 17.0, 17.0, 17.0, 17.0, 17.0, 17.0, 17.0, 17.0, 17.0, 17.0, 17.0, 17.0, 17.0, 17.0, 17.0, 17.0, 17.0, 17.0, 17.0, 17.0, 16.0, 16.0, 16.0, 16.0, 16.0, 16.0, 16.0, 15.0, 15.0, 15.0, 15.0, 15.0, 15.0, 15.0, 15.0, 15.0, 15.0, 15.0, 15.0, 15.0, 15.0, 15.0, 15.0, 15.0, 15.0, 15.0, 15.0, 15.0, 15.0, 15.0, 15.0, 15.0, 15.0, 15.0, 14.0, 13.0, 12.0, 11.0, 11.0, 11.0, 11.0, 11.0, 11.0, 11.0, 11.0, 11.0, 11.0, 11.0, 11.0, 11.0, 11.0, 11.0, 11.0, 11.0, 11.0, 11.0, 11.0, 11.0, 11.0, 10.0, 10.0, 10.0, 10.0, 10.0, 10.0, 10.0, 10.0, 10.0, 10.0, 10.0, 10.0, 10.0, 10.0, 10.0, 10.0, 10.0, 10.0, 10.0, 10.0, 10.0, 10.0, 10.0, 10.0, 10.0, 10.0, 10.0, 10.0, 9.0, 9.0, 9.0, 9.0, 9.0, 9.0, 9.0, 9.0, 9.0, 9.0, 9.0, 9.0, 9.0, 9.0, 9.0, 9.0, 9.0, 9.0, 9.0, 9.0, 9.0, 9.0, 9.0, 9.0, 9.0, 9.0, 9.0, 9.0, 9.0, 9.0, 9.0, 9.0, 9.0, 9.0, 9.0, 9.0, 9.0, 9.0, 9.0, 9.0, 9.0, 9.0, 9.0, 9.0, 9.0, 9.0, 9.0, 9.0, 9.0, 9.0, 9.0, 9.0, 9.0, 9.0, 9.0, 9.0, 9.0, 9.0, 9.0, 9.0, 9.0, 9.0, 9.0, 9.0, 9.0, 9.0, 9.0, 9.0, 9.0, 9.0, 9.0, 9.0, 9.0, 8.0, 8.0, 8.0, 8.0, 8.0, 8.0, 8.0, 8.0, 8.0, 8.0, 8.0, 8.0, 8.0, 8.0, 8.0, 8.0, 8.0, 8.0, 8.0, 8.0, 8.0, 8.0, 8.0, 8.0, 8.0, 8.0, 8.0, 8.0, 8.0, 8.0, 8.0, 8.0, 8.0, 8.0, 8.0, 8.0, 8.0, 8.0, 8.0, 8.0, 8.0, 8.0, 8.0, 8.0, 8.0, 8.0, 8.0, 8.0, 8.0, 8.0, 8.0, 8.0, 8.0, 8.0, 8.0, 8.0, 8.0, 8.0, 8.0, 8.0, 8.0, 8.0, 8.0, 8.0, 8.0, 8.0, 8.0, 8.0, 8.0, 8.0, 8.0, 8.0, 8.0, 8.0, 8.0, 8.0, 8.0, 8.0, 8.0, 8.0, 8.0, 8.0, 8.0, 8.0, 8.0, 8.0, 8.0, 8.0, 8.0, 8.0, 8.0]",COMPLETE
