,number,value,datetime_start,datetime_complete,duration,params_batch_size_scaler,params_constant_learning_rate,params_depth,params_epochs,params_kernel_l2,params_num_trees,params_temperature,user_attrs_accuracy_test,user_attrs_accuracy_valid,user_attrs_approximate_feature_sparsity,user_attrs_approximate_feature_sparsity_history,user_attrs_approximate_weight_sparsity,user_attrs_approximate_weight_sparsity_history,user_attrs_auc_test,user_attrs_auc_valid,user_attrs_feature_sparsity,user_attrs_feature_sparsity_history,user_attrs_num_epochs,user_attrs_val_loss_history,user_attrs_weight_sparsity,user_attrs_weight_sparsity_history,state
19,19,0.9251974082518583,2024-08-31 01:22:52.354897,2024-08-31 01:35:05.043931,0 days 00:12:12.689034,1,0.04004303911149168,6,290,0.562527600298484,39,0.012787708341926477,0.939,0.94875,32,"[33, 33, 33, 33, 33, 33, 33, 33, 33, 33, 33, 33, 33, 33, 33, 33, 33, 33, 33, 33, 33, 33, 33, 33, 33, 33, 33, 33, 33, 33, 33, 33, 33, 33, 33, 33, 33, 33, 33, 33, 33, 33, 33, 33, 33, 33, 33, 33, 33, 33, 33, 33, 33, 33, 33, 33, 33, 33, 33, 33, 33, 33, 33, 33, 33, 33, 33, 33, 33, 33, 33, 33, 33, 33, 33, 33, 33, 33, 33, 33, 33, 33, 33, 33, 33, 33, 33, 33, 33, 33, 33, 33, 33, 33, 33, 33, 33, 33, 33, 33, 33, 33, 33, 33, 33, 33, 33, 33, 33, 33, 33, 33, 33, 33, 33, 33, 33, 33, 33, 33, 33, 33, 33, 33, 33, 33, 33, 33, 33, 33, 33, 33, 33, 33, 33, 33, 33, 33, 33, 33, 33, 33, 33, 33, 33, 33, 33, 33, 33, 33, 33, 33, 33, 33, 33, 33, 33, 33, 33, 33, 33, 33, 33, 33, 33, 33, 33, 33, 33, 33, 33, 33, 33, 33, 33, 33, 33, 33, 33, 33, 33, 33, 33, 33, 33, 33, 33, 33, 33, 33, 33, 33, 33, 33, 33, 33, 33, 33, 33, 33, 33, 33, 33, 33, 33, 33, 33, 33, 33, 33, 33, 33, 33, 33, 33, 33, 33, 33, 33, 33, 33, 33, 33, 33, 33, 33, 33, 33, 33, 33, 33, 33, 33, 33, 33, 33, 33, 33, 33, 33, 33, 33, 33, 33, 33, 33, 33, 33, 33, 33, 33, 33, 33, 33, 33, 33, 33, 33, 33, 33, 33, 33, 33, 33, 33, 33, 33, 33, 33, 33, 33, 33, 33, 33, 33, 33, 33, 33, 33, 33, 33, 33, 33, 33, 33, 33, 32, 32, 32, 32]",31.85063085063085,"[32.91737891737892, 32.92511192511192, 32.92307692307692, 32.92348392348393, 32.92714692714693, 32.93203093203093, 32.93569393569394, 32.93080993080993, 32.934472934472936, 32.932437932437935, 32.93528693528693, 32.924297924297925, 32.92755392755392, 32.93528693528694, 32.93203093203093, 32.92958892958893, 32.93325193325193, 32.92511192511192, 32.92877492877493, 32.92918192918193, 32.92673992673993, 32.92796092796093, 32.927960927960925, 32.92266992266992, 32.92918192918193, 32.92796092796093, 32.92714692714693, 32.92673992673993, 32.92673992673993, 32.92511192511192, 32.922262922262924, 32.91941391941392, 32.922262922262924, 32.918192918192915, 32.92755392755393, 32.91859991859992, 32.91168091168091, 32.91737891737892, 32.92673992673993, 32.928367928367926, 32.92755392755393, 32.91330891330892, 32.92551892551892, 32.92307692307693, 32.92918192918193, 32.927960927960925, 32.93080993080993, 32.92714692714693, 32.924297924297925, 32.914936914936916, 32.91737891737892, 32.92063492063492, 32.91575091575091, 32.90801790801791, 32.911273911273916, 32.91737891737892, 32.91697191697192, 32.916564916564916, 32.916564916564916, 32.912901912901916, 32.912901912901916, 32.90761090761091, 32.91941391941392, 32.91900691900692, 32.91127391127391, 32.90923890923891, 32.920634920634924, 32.91534391534392, 32.916564916564916, 32.91941391941392, 32.92551892551892, 32.92307692307692, 32.92022792022792, 32.916157916157914, 32.92022792022792, 32.920634920634924, 32.920227920227916, 32.92714692714693, 32.922669922669925, 32.91778591778592, 32.92389092389092, 32.92511192511192, 32.92144892144892, 32.91778591778592, 32.92307692307693, 32.91941391941392, 32.922262922262924, 32.92511192511192, 32.914529914529915, 32.91371591371591, 32.91697191697192, 32.91412291412291, 32.906796906796906, 32.91249491249491, 32.91371591371591, 32.91208791208791, 32.90964590964591, 32.906389906389904, 32.91208791208791, 32.92022792022792, 32.91045991045991, 32.90557590557591, 32.91005291005291, 32.912494912494914, 32.90842490842491, 32.91127391127391, 32.91208791208791, 32.912901912901916, 32.910866910866915, 32.9039479039479, 32.90801790801791, 32.9043549043549, 32.910052910052904, 32.90923890923891, 32.90720390720391, 32.90842490842491, 32.91900691900692, 32.91737891737892, 32.91697191697192, 32.91127391127391, 32.90964590964592, 32.90923890923891, 32.908424908424905, 32.9023199023199, 32.903133903133906, 32.90191290191291, 32.9015059015059, 32.90842490842491, 32.90557590557591, 32.902726902726904, 32.9023199023199, 32.90761090761091, 32.902726902726904, 32.90923890923891, 32.9059829059829, 32.906389906389904, 32.8982498982499, 32.901098901098905, 32.90516890516891, 32.902726902726904, 32.9019129019129, 32.90191290191291, 32.900691900691896, 32.898656898656895, 32.892958892958895, 32.89092389092389, 32.8917378917379, 32.8970288970289, 32.9006919006919, 32.9039479039479, 32.9002849002849, 32.898656898656895, 32.891330891330895, 32.89214489214489, 32.8986568986569, 32.8974358974359, 32.8974358974359, 32.89784289784289, 32.8954008954009, 32.894586894586894, 32.89417989417989, 32.89051689051689, 32.89255189255189, 32.89214489214489, 32.888888888888886, 32.884818884818884, 32.88319088319088, 32.87830687830688, 32.879120879120876, 32.88644688644688, 32.888888888888886, 32.89417989417989, 32.893365893365896, 32.89417989417989, 32.9015059015059, 32.8974358974359, 32.889295889295894, 32.888888888888886, 32.88400488400488, 32.88441188441188, 32.88441188441188, 32.881562881562886, 32.88563288563289, 32.87749287749288, 32.87789987789988, 32.87464387464387, 32.87260887260887, 32.87179487179487, 32.87301587301587, 32.88156288156288, 32.87871387871388, 32.877085877085875, 32.88115588115588, 32.87708587708588, 32.87627187627188, 32.87952787952788, 32.87464387464387, 32.87627187627188, 32.87260887260887, 32.87830687830688, 32.873422873422875, 32.867317867317865, 32.87382987382988, 32.87789987789988, 32.87260887260887, 32.87993487993488, 32.875050875050874, 32.879120879120876, 32.875050875050874, 32.87749287749288, 32.871387871387874, 32.869352869352866, 32.867317867317865, 32.86975986975987, 32.876678876678874, 32.870980870980866, 32.87016687016687, 32.871387871387874, 32.866910866910864, 32.867724867724874, 32.86853886853887, 32.86487586487586, 32.87138787138787, 32.86813186813187, 32.86609686609687, 32.86691086691087, 32.868945868945865, 32.869759869759875, 32.86813186813187, 32.87098087098087, 32.876678876678874, 32.87301587301587, 32.875050875050874, 32.86853886853886, 32.86243386243386, 32.86487586487586, 32.86202686202686, 32.86650386650386, 32.86202686202686, 32.85917785917786, 32.86487586487586, 32.865689865689866, 32.86772486772487, 32.865689865689866, 32.863654863654865, 32.866910866910864, 32.86609686609687, 32.86487586487586, 32.86039886039886, 32.853479853479854, 32.85754985754986, 32.85917785917786, 32.86161986161986, 32.85429385429386, 32.85307285307285, 32.84940984940985, 32.84900284900285, 32.847374847374844, 32.84533984533985, 32.84615384615385, 32.847781847781846, 32.84981684981685, 32.84452584452585, 32.84289784289784, 32.84656084656085, 32.84330484330484, 32.84696784696785, 32.84656084656085, 32.844118844118846, 32.843711843711844, 32.84981684981685, 32.84859584859585, 32.84533984533984, 32.850223850223855, 32.849816849816854, 32.85307285307285, 32.85225885225885, 32.85470085470085, 32.855514855514855, 32.85714285714286, 32.853886853886856, 32.85958485958486, 32.855921855921856, 32.85144485144485, 32.85103785103785, 32.85266585266586, 31.85144485144485, 31.857549857549863, 31.85103785103785, 31.85063085063085]",0.9116984123052535,0.9251974082518583,32,"[33, 33, 33, 33, 33, 33, 33, 33, 33, 33, 33, 33, 33, 33, 33, 33, 33, 33, 33, 33, 33, 33, 33, 33, 33, 33, 33, 33, 33, 33, 33, 33, 33, 33, 33, 33, 33, 33, 33, 33, 33, 33, 33, 33, 33, 33, 33, 33, 33, 33, 33, 33, 33, 33, 33, 33, 33, 33, 33, 33, 33, 33, 33, 33, 33, 33, 33, 33, 33, 33, 33, 33, 33, 33, 33, 33, 33, 33, 33, 33, 33, 33, 33, 33, 33, 33, 33, 33, 33, 33, 33, 33, 33, 33, 33, 33, 33, 33, 33, 33, 33, 33, 33, 33, 33, 33, 33, 33, 33, 33, 33, 33, 33, 33, 33, 33, 33, 33, 33, 33, 33, 33, 33, 33, 33, 33, 33, 33, 33, 33, 33, 33, 33, 33, 33, 33, 33, 33, 33, 33, 33, 33, 33, 33, 33, 33, 33, 33, 33, 33, 33, 33, 33, 33, 33, 33, 33, 33, 33, 33, 33, 33, 33, 33, 33, 33, 33, 33, 33, 33, 33, 33, 33, 33, 33, 33, 33, 33, 33, 33, 33, 33, 33, 33, 33, 33, 33, 33, 33, 33, 33, 33, 33, 33, 33, 33, 33, 33, 33, 33, 33, 33, 33, 33, 33, 33, 33, 33, 33, 33, 33, 33, 33, 33, 33, 33, 33, 33, 33, 33, 33, 33, 33, 33, 33, 33, 33, 33, 33, 33, 33, 33, 33, 33, 33, 33, 33, 33, 33, 33, 33, 33, 33, 33, 33, 33, 33, 33, 33, 33, 33, 33, 33, 33, 33, 33, 33, 33, 33, 33, 33, 33, 33, 33, 33, 33, 33, 33, 33, 33, 33, 33, 33, 33, 33, 33, 33, 33, 33, 33, 33, 33, 33, 33, 33, 33, 32, 32, 32, 32]",290,"[0.41611775755882263, 0.40440940856933594, 0.39874812960624695, 0.3946528732776642, 0.39127469062805176, 0.38854581117630005, 0.38631924986839294, 0.3844042122364044, 0.3824063241481781, 0.3808075785636902, 0.3794068992137909, 0.3779025375843048, 0.3765411078929901, 0.37509819865226746, 0.373725026845932, 0.37229683995246887, 0.37097370624542236, 0.3696686029434204, 0.36826539039611816, 0.36691662669181824, 0.3654874563217163, 0.3642663061618805, 0.36297446489334106, 0.3614031672477722, 0.359841912984848, 0.35842499136924744, 0.3570936322212219, 0.3556198179721832, 0.3540537655353546, 0.3524758219718933, 0.35083550214767456, 0.349321186542511, 0.34778884053230286, 0.34598690271377563, 0.3443678617477417, 0.3426389694213867, 0.34074801206588745, 0.3390458822250366, 0.3371639549732208, 0.3355077803134918, 0.3337346017360687, 0.3320101201534271, 0.3300318419933319, 0.3282553553581238, 0.32634076476097107, 0.3243531286716461, 0.32262805104255676, 0.32068848609924316, 0.3188238739967346, 0.31694403290748596, 0.3150452673435211, 0.3133710026741028, 0.31140372157096863, 0.30971017479896545, 0.30778637528419495, 0.3061427175998688, 0.30440837144851685, 0.3025810420513153, 0.3010198473930359, 0.2995014488697052, 0.29787686467170715, 0.29632267355918884, 0.29493990540504456, 0.2935018241405487, 0.2922712564468384, 0.29087287187576294, 0.28945836424827576, 0.2884613871574402, 0.28697967529296875, 0.28571203351020813, 0.2844045162200928, 0.28337034583091736, 0.28225526213645935, 0.2812111973762512, 0.2800236940383911, 0.2789614200592041, 0.27789801359176636, 0.2770441472530365, 0.2764160931110382, 0.27498361468315125, 0.2743322551250458, 0.2732856869697571, 0.27251988649368286, 0.2714836001396179, 0.2706403434276581, 0.2698286771774292, 0.2688770294189453, 0.26821252703666687, 0.2670419216156006, 0.2662602961063385, 0.26561105251312256, 0.2648690640926361, 0.2642003297805786, 0.2636213004589081, 0.26290759444236755, 0.2620146870613098, 0.26108741760253906, 0.260397344827652, 0.25951388478279114, 0.2588350772857666, 0.2583477199077606, 0.25798869132995605, 0.257075697183609, 0.256219744682312, 0.2556135654449463, 0.2550771236419678, 0.25441908836364746, 0.2539646625518799, 0.25301870703697205, 0.25246739387512207, 0.2519468069076538, 0.2511112093925476, 0.25110703706741333, 0.24988560378551483, 0.24936075508594513, 0.24854692816734314, 0.24831272661685944, 0.247737318277359, 0.24684356153011322, 0.24642929434776306, 0.24622385203838348, 0.24550242722034454, 0.24496543407440186, 0.24431079626083374, 0.2445393055677414, 0.24329246580600739, 0.2428024411201477, 0.2427099347114563, 0.24201972782611847, 0.24128417670726776, 0.24086344242095947, 0.2403830885887146, 0.24006378650665283, 0.23946726322174072, 0.23934096097946167, 0.23907537758350372, 0.2390756458044052, 0.23824448883533478, 0.23734363913536072, 0.2372957170009613, 0.23730875551700592, 0.23672764003276825, 0.2355939894914627, 0.23541255295276642, 0.23504330217838287, 0.23464034497737885, 0.23411935567855835, 0.2345929890871048, 0.23376283049583435, 0.23327243328094482, 0.23340411484241486, 0.23295462131500244, 0.23258456587791443, 0.23257175087928772, 0.23149412870407104, 0.23106876015663147, 0.23103076219558716, 0.23106636106967926, 0.23089860379695892, 0.23081767559051514, 0.2298124134540558, 0.22952555119991302, 0.2298673838376999, 0.22926199436187744, 0.22874370217323303, 0.22837652266025543, 0.2283906489610672, 0.22779743373394012, 0.22733615338802338, 0.2275746464729309, 0.22756193578243256, 0.22747112810611725, 0.22672712802886963, 0.22635754942893982, 0.2263990193605423, 0.22631721198558807, 0.2264072299003601, 0.22614538669586182, 0.22616180777549744, 0.22499968111515045, 0.2250683605670929, 0.22492164373397827, 0.22468288242816925, 0.2241438627243042, 0.22453784942626953, 0.22389070689678192, 0.22422508895397186, 0.22345025837421417, 0.22330693900585175, 0.22220081090927124, 0.22231262922286987, 0.22279725968837738, 0.222432479262352, 0.22191035747528076, 0.22178931534290314, 0.2215314656496048, 0.22153915464878082, 0.22071604430675507, 0.22062616050243378, 0.22010387480258942, 0.22060170769691467, 0.22109809517860413, 0.22141887247562408, 0.21996349096298218, 0.22049154341220856, 0.22002528607845306, 0.21932971477508545, 0.21947935223579407, 0.2190212458372116, 0.2191484421491623, 0.2192923128604889, 0.21878378093242645, 0.2193707823753357, 0.21873752772808075, 0.21794195473194122, 0.21736721694469452, 0.21842388808727264, 0.21759672462940216, 0.21840250492095947, 0.2181796282529831, 0.21805688738822937, 0.21780812740325928, 0.21775785088539124, 0.21769829094409943, 0.21746022999286652, 0.21680498123168945, 0.21621344983577728, 0.21584217250347137, 0.21645314991474152, 0.21554423868656158, 0.2155109941959381, 0.2163897156715393, 0.2160528600215912, 0.21578723192214966, 0.21546246111392975, 0.21511337161064148, 0.2153836041688919, 0.21535496413707733, 0.21456554532051086, 0.21461695432662964, 0.21423865854740143, 0.21455185115337372, 0.2140977829694748, 0.2138596475124359, 0.21427322924137115, 0.21459417045116425, 0.21392545104026794, 0.2131279557943344, 0.2133379727602005, 0.21301114559173584, 0.21351397037506104, 0.2142040878534317, 0.2133321613073349, 0.21253307163715363, 0.2136366069316864, 0.21255695819854736, 0.21284502744674683, 0.21239228546619415, 0.2124360203742981, 0.21235157549381256, 0.2130029797554016, 0.21269269287586212, 0.21131810545921326, 0.2122422605752945, 0.21145616471767426, 0.21106602251529694, 0.2114296853542328, 0.2111588716506958, 0.2106456309556961, 0.2122441530227661, 0.21067802608013153, 0.20958364009857178, 0.21004797518253326, 0.20973710715770721, 0.21003015339374542, 0.209769606590271, 0.21019163727760315, 0.2094564586877823, 0.208859384059906, 0.20930762588977814, 0.2098000943660736, 0.20909982919692993, 0.20890837907791138, 0.20871999859809875, 0.2087821513414383, 0.20907537639141083, 0.20859873294830322, 0.20935221016407013, 0.2081151008605957, 0.2088180035352707]",32.0,"[33.0, 33.0, 33.0, 33.0, 33.0, 33.0, 33.0, 33.0, 33.0, 33.0, 33.0, 33.0, 33.0, 33.0, 33.0, 33.0, 33.0, 33.0, 33.0, 33.0, 33.0, 33.0, 33.0, 33.0, 33.0, 33.0, 33.0, 33.0, 33.0, 33.0, 33.0, 33.0, 33.0, 33.0, 33.0, 33.0, 33.0, 33.0, 33.0, 33.0, 33.0, 33.0, 33.0, 33.0, 33.0, 33.0, 33.0, 33.0, 33.0, 33.0, 33.0, 33.0, 33.0, 33.0, 33.0, 33.0, 33.0, 33.0, 33.0, 33.0, 33.0, 33.0, 33.0, 33.0, 33.0, 33.0, 33.0, 33.0, 33.0, 33.0, 33.0, 33.0, 33.0, 33.0, 33.0, 33.0, 33.0, 33.0, 33.0, 33.0, 33.0, 33.0, 33.0, 33.0, 33.0, 33.0, 33.0, 33.0, 33.0, 33.0, 33.0, 33.0, 33.0, 33.0, 33.0, 33.0, 33.0, 33.0, 33.0, 33.0, 33.0, 33.0, 33.0, 33.0, 33.0, 33.0, 33.0, 33.0, 33.0, 33.0, 33.0, 33.0, 33.0, 33.0, 33.0, 33.0, 33.0, 33.0, 33.0, 33.0, 33.0, 33.0, 33.0, 33.0, 33.0, 33.0, 33.0, 33.0, 33.0, 33.0, 33.0, 33.0, 33.0, 33.0, 33.0, 33.0, 33.0, 33.0, 33.0, 33.0, 33.0, 33.0, 33.0, 33.0, 33.0, 33.0, 33.0, 33.0, 33.0, 33.0, 33.0, 33.0, 33.0, 33.0, 33.0, 33.0, 33.0, 33.0, 33.0, 33.0, 33.0, 33.0, 33.0, 33.0, 33.0, 33.0, 33.0, 33.0, 33.0, 33.0, 33.0, 33.0, 33.0, 33.0, 33.0, 33.0, 33.0, 33.0, 33.0, 33.0, 33.0, 33.0, 33.0, 33.0, 33.0, 33.0, 33.0, 33.0, 33.0, 33.0, 33.0, 33.0, 33.0, 33.0, 33.0, 33.0, 33.0, 33.0, 33.0, 33.0, 33.0, 33.0, 33.0, 33.0, 33.0, 33.0, 33.0, 33.0, 33.0, 33.0, 33.0, 33.0, 33.0, 33.0, 33.0, 33.0, 33.0, 33.0, 33.0, 33.0, 33.0, 33.0, 33.0, 33.0, 33.0, 33.0, 33.0, 33.0, 33.0, 33.0, 33.0, 33.0, 33.0, 33.0, 33.0, 33.0, 33.0, 33.0, 33.0, 33.0, 33.0, 33.0, 33.0, 33.0, 33.0, 33.0, 33.0, 33.0, 33.0, 33.0, 33.0, 33.0, 33.0, 33.0, 33.0, 33.0, 33.0, 33.0, 33.0, 33.0, 33.0, 33.0, 33.0, 33.0, 33.0, 33.0, 33.0, 33.0, 33.0, 33.0, 33.0, 33.0, 33.0, 33.0, 33.0, 33.0, 33.0, 33.0, 33.0, 33.0, 33.0, 33.0, 33.0, 33.0, 33.0, 33.0, 32.0, 32.0, 32.0, 32.0]",COMPLETE
