,number,value,datetime_start,datetime_complete,duration,params_batch_size_scaler,params_constant_learning_rate,params_depth,params_epochs,params_kernel_l2,params_num_trees,params_temperature,user_attrs_accuracy_test,user_attrs_accuracy_valid,user_attrs_approximate_feature_sparsity,user_attrs_approximate_feature_sparsity_history,user_attrs_approximate_weight_sparsity,user_attrs_approximate_weight_sparsity_history,user_attrs_auc_test,user_attrs_auc_valid,user_attrs_feature_sparsity,user_attrs_feature_sparsity_history,user_attrs_num_epochs,user_attrs_val_loss_history,user_attrs_weight_sparsity,user_attrs_weight_sparsity_history,state
13,13,0.8532931432031018,2024-08-31 01:06:15.413608,2024-08-31 01:12:23.082922,0 days 00:06:07.669314,64,0.2595551033796842,6,495,0.0014015360035985398,55,0.0004969981295925905,0.885,0.885,33,"[33, 33, 33, 33, 33, 33, 33, 33, 33, 33, 33, 33, 33, 33, 33, 33, 33, 33, 33, 33, 33, 33, 33, 33, 33, 33, 33, 33, 33, 33, 33, 33, 33, 33, 33, 33, 33, 33, 33, 33, 33, 33, 33, 33, 33, 33, 33, 33, 33, 33, 33, 33, 33, 33, 33, 33, 33, 33, 33, 33, 33, 33, 33, 33, 33, 33, 33, 33, 33, 33, 33, 33, 33, 33, 33, 33, 33, 33, 33, 33, 33, 33, 33, 33, 33, 33, 33, 33, 33, 33, 33, 33, 33, 33, 33, 33, 33, 33, 33, 33, 33, 33, 33, 33, 33, 33, 33, 33, 33, 33, 33, 33, 33, 33, 33, 33, 33, 33, 33, 33, 33, 33, 33, 33, 33, 33, 33, 33, 33, 33, 33, 33, 33, 33, 33, 33, 33, 33, 33, 33, 33, 33, 33, 33, 33, 33, 33, 33, 33, 33, 33, 33, 33, 33, 33, 33, 33, 33, 33, 33, 33, 33, 33, 33, 33, 33, 33, 33, 33, 33, 33, 33, 33, 33, 33, 33, 33, 33, 33, 33, 33, 33, 33, 33, 33, 33, 33, 33, 33, 33, 33, 33, 33, 33, 33, 33, 33, 33, 33, 33, 33, 33, 33, 33, 33, 33, 33, 33, 33, 33, 33, 33, 33, 33, 33, 33, 33, 33, 33, 33, 33, 33, 33, 33, 33, 33, 33, 33, 33, 33, 33, 33, 33, 33, 33, 33, 33, 33, 33, 33, 33, 33, 33, 33, 33, 33, 33, 33, 33, 33, 33, 33, 33, 33, 33, 33, 33, 33, 33, 33, 33, 33, 33, 33, 33, 33, 33, 33, 33, 33, 33, 33, 33, 33, 33, 33, 33, 33, 33, 33, 33, 33, 33, 33, 33, 33, 33, 33, 33, 33, 33, 33, 33, 33, 33, 33, 33, 33, 33, 33, 33, 33, 33, 33, 33, 33, 33, 33, 33, 33, 33, 33, 33, 33, 33, 33, 33, 33, 33, 33, 33, 33, 33, 33, 33, 33, 33, 33, 33, 33, 33, 33, 33, 33, 33, 33, 33, 33, 33, 33, 33, 33, 33, 33, 33, 33, 33, 33, 33, 33, 33, 33, 33, 33, 33, 33, 33, 33, 33, 33, 33, 33, 33, 33, 33, 33, 33, 33, 33, 33, 33, 33, 33, 33, 33, 33, 33, 33, 33, 33, 33, 33, 33, 33, 33, 33, 33, 33, 33, 33, 33, 33, 33, 33, 33, 33, 33, 33, 33, 33, 33, 33, 33, 33, 33, 33, 33, 33, 33, 33, 33, 33, 33, 33, 33, 33, 33, 33, 33, 33, 33, 33, 33, 33, 33, 33, 33, 33, 33, 33, 33, 33, 33, 33, 33, 33, 33, 33, 33, 33, 33, 33, 33, 33, 33, 33, 33, 33, 33, 33, 33, 33, 33, 33, 33, 33, 33, 33, 33, 33, 33, 33, 33, 33, 33, 33, 33, 33, 33, 33, 33, 33, 33, 33, 33, 33, 33, 33, 33, 33, 33, 33, 33, 33, 33, 33, 33, 33, 33, 33, 33, 33, 33, 33, 33]",32.928427128427124,"[32.928138528138525, 32.923520923520925, 32.92150072150072, 32.922077922077925, 32.92121212121212, 32.92323232323232, 32.92756132756133, 32.926695526695525, 32.92582972582973, 32.928138528138525, 32.924963924963926, 32.93275613275613, 32.93275613275613, 32.93304473304473, 32.92784992784993, 32.926984126984124, 32.923520923520925, 32.92467532467533, 32.92438672438673, 32.923809523809524, 32.92467532467533, 32.923809523809524, 32.92467532467532, 32.924963924963926, 32.92178932178932, 32.92121212121212, 32.92178932178932, 32.926695526695525, 32.926406926406926, 32.92987012987013, 32.93044733044733, 32.926406926406926, 32.926984126984124, 32.92265512265512, 32.92005772005772, 32.92063492063492, 32.92034632034632, 32.92034632034632, 32.923520923520925, 32.92323232323233, 32.926406926406926, 32.923809523809524, 32.919480519480516, 32.92178932178932, 32.92323232323232, 32.923809523809524, 32.923809523809524, 32.91572871572872, 32.913419913419915, 32.913131313131316, 32.91457431457432, 32.91515151515152, 32.91399711399711, 32.91457431457432, 32.91139971139971, 32.91688311688312, 32.91544011544011, 32.91861471861472, 32.91688311688312, 32.91976911976912, 32.91601731601732, 32.91544011544011, 32.91544011544012, 32.915151515151514, 32.91111111111111, 32.91255411255411, 32.91053391053391, 32.91428571428572, 32.914862914862915, 32.91082251082251, 32.91457431457432, 32.915151515151514, 32.91226551226551, 32.91111111111111, 32.91255411255411, 32.91284271284271, 32.91399711399712, 32.916594516594515, 32.91544011544011, 32.916305916305916, 32.91746031746032, 32.91832611832612, 32.91688311688311, 32.92005772005772, 32.921789321789326, 32.921789321789326, 32.92034632034632, 32.91774891774892, 32.92265512265512, 32.92409812409812, 32.919191919191924, 32.92207792207792, 32.917748917748916, 32.917748917748916, 32.92265512265512, 32.919480519480516, 32.91919191919192, 32.915151515151514, 32.91572871572871, 32.91428571428571, 32.915151515151514, 32.91457431457432, 32.91284271284271, 32.916305916305916, 32.919769119769114, 32.91601731601732, 32.916305916305916, 32.91746031746032, 32.91544011544011, 32.913419913419915, 32.914862914862915, 32.914862914862915, 32.912265512265506, 32.91197691197691, 32.91168831168831, 32.91457431457432, 32.913708513708514, 32.91919191919192, 32.92121212121212, 32.92323232323233, 32.92294372294372, 32.92092352092352, 32.919480519480516, 32.916594516594515, 32.92121212121212, 32.91861471861472, 32.91861471861472, 32.92092352092352, 32.917748917748916, 32.92121212121212, 32.920634920634924, 32.92150072150072, 32.91832611832612, 32.913708513708514, 32.913131313131316, 32.91428571428571, 32.916305916305916, 32.91832611832612, 32.91457431457432, 32.90966810966811, 32.91226551226551, 32.91572871572872, 32.91861471861472, 32.91341991341991, 32.913131313131316, 32.91255411255411, 32.916305916305916, 32.91976911976912, 32.91746031746032, 32.91948051948052, 32.91832611832612, 32.91572871572871, 32.91544011544011, 32.91861471861472, 32.91572871572871, 32.91688311688312, 32.91861471861472, 32.916594516594515, 32.91601731601732, 32.914862914862915, 32.91284271284271, 32.91168831168831, 32.91139971139971, 32.91111111111111, 32.91024531024531, 32.91168831168831, 32.907647907647906, 32.90707070707071, 32.91082251082251, 32.910533910533914, 32.914862914862915, 32.911976911976915, 32.91024531024531, 32.91399711399711, 32.915151515151514, 32.91601731601732, 32.911976911976915, 32.91139971139971, 32.91457431457431, 32.913708513708514, 32.91226551226551, 32.91255411255411, 32.91428571428571, 32.91688311688311, 32.919480519480516, 32.91717171717172, 32.91832611832612, 32.91890331890332, 32.92005772005771, 32.91428571428571, 32.913708513708514, 32.91544011544012, 32.91803751803752, 32.916594516594515, 32.91572871572871, 32.917748917748916, 32.91746031746032, 32.91919191919192, 32.91976911976912, 32.91890331890332, 32.91659451659452, 32.91399711399711, 32.91341991341991, 32.91746031746032, 32.919480519480516, 32.920634920634924, 32.91746031746032, 32.915151515151514, 32.916594516594515, 32.91572871572872, 32.91601731601732, 32.913419913419915, 32.91284271284271, 32.91399711399711, 32.91255411255411, 32.91139971139971, 32.91139971139971, 32.913419913419915, 32.91226551226551, 32.91284271284271, 32.91457431457432, 32.91861471861472, 32.92005772005772, 32.91890331890332, 32.92005772005772, 32.91948051948052, 32.91948051948052, 32.92034632034632, 32.919480519480516, 32.91803751803752, 32.91226551226551, 32.916594516594515, 32.91688311688311, 32.916594516594515, 32.91746031746032, 32.92005772005772, 32.91861471861472, 32.919480519480516, 32.91688311688312, 32.920634920634924, 32.916305916305916, 32.917748917748916, 32.916594516594515, 32.91428571428571, 32.91717171717172, 32.91601731601732, 32.913419913419915, 32.914862914862915, 32.91746031746032, 32.91746031746032, 32.91976911976912, 32.91948051948052, 32.922077922077925, 32.91976911976912, 32.920923520923516, 32.92063492063492, 32.919769119769114, 32.91717171717172, 32.91861471861472, 32.92121212121212, 32.92150072150072, 32.921789321789326, 32.920634920634924, 32.92034632034632, 32.91948051948052, 32.916305916305916, 32.915151515151514, 32.91399711399711, 32.91284271284271, 32.914862914862915, 32.91457431457432, 32.916594516594515, 32.92121212121212, 32.92005772005772, 32.91976911976912, 32.91572871572872, 32.916594516594515, 32.91428571428571, 32.91457431457432, 32.91746031746031, 32.91399711399711, 32.913708513708514, 32.91457431457432, 32.91572871572871, 32.918037518037515, 32.91601731601732, 32.91457431457432, 32.91399711399711, 32.91601731601732, 32.91399711399711, 32.913131313131316, 32.90995670995671, 32.913131313131316, 32.91399711399711, 32.91572871572872, 32.91601731601732, 32.918037518037515, 32.92034632034632, 32.914862914862915, 32.91601731601732, 32.91861471861472, 32.91861471861472, 32.92034632034632, 32.92582972582972, 32.92092352092352, 32.919191919191924, 32.91948051948052, 32.92005772005772, 32.92005772005772, 32.91746031746032, 32.91976911976912, 32.917748917748916, 32.91832611832612, 32.92092352092352, 32.92265512265512, 32.92467532467533, 32.923520923520925, 32.92092352092352, 32.923520923520925, 32.92150072150072, 32.92121212121212, 32.92121212121212, 32.92207792207792, 32.921212121212115, 32.92150072150072, 32.91717171717172, 32.917748917748916, 32.91746031746032, 32.92005772005772, 32.91919191919192, 32.92034632034632, 32.91919191919192, 32.92005772005772, 32.92178932178932, 32.92092352092352, 32.918037518037515, 32.92005772005772, 32.919191919191924, 32.918037518037515, 32.920634920634924, 32.920346320346326, 32.91890331890332, 32.91919191919192, 32.923520923520925, 32.923809523809524, 32.92352092352092, 32.923809523809524, 32.92294372294372, 32.92323232323232, 32.92265512265512, 32.92178932178932, 32.92207792207792, 32.91890331890332, 32.91919191919192, 32.91890331890332, 32.917748917748916, 32.914862914862915, 32.91572871572872, 32.915151515151514, 32.91572871572872, 32.91601731601732, 32.91399711399711, 32.91139971139971, 32.90909090909091, 32.90851370851371, 32.90880230880231, 32.914862914862915, 32.913419913419915, 32.91457431457431, 32.915151515151514, 32.91572871572871, 32.91255411255411, 32.914862914862915, 32.91861471861472, 32.91746031746032, 32.91948051948052, 32.91832611832612, 32.91832611832612, 32.91832611832612, 32.91861471861472, 32.91717171717171, 32.915151515151514, 32.916305916305916, 32.915151515151514, 32.91688311688311, 32.92005772005772, 32.918037518037515, 32.918326118326114, 32.91717171717171, 32.91601731601732, 32.91746031746032, 32.91717171717172, 32.91457431457432, 32.91803751803752, 32.92005772005772, 32.91746031746032, 32.91919191919192, 32.92005772005772, 32.91976911976912, 32.919769119769114, 32.91717171717171, 32.91919191919192, 32.916594516594515, 32.91976911976912, 32.917748917748916, 32.91832611832612, 32.91832611832612, 32.920634920634924, 32.91890331890332, 32.916305916305916, 32.91688311688312, 32.918903318903325, 32.91890331890332, 32.918037518037515, 32.91890331890332, 32.92121212121212, 32.92178932178932, 32.92323232323232, 32.923520923520925, 32.92323232323232, 32.92265512265512, 32.92207792207792, 32.920923520923516, 32.92034632034632, 32.91948051948052, 32.92005772005772, 32.920923520923516, 32.91948051948052, 32.919480519480516, 32.92005772005772, 32.92554112554112, 32.926406926406926, 32.922366522366524, 32.92207792207792, 32.92265512265512, 32.923809523809524, 32.922366522366524, 32.92409812409812, 32.922077922077925, 32.920923520923516, 32.92207792207792, 32.92611832611833, 32.92178932178932, 32.924963924963926, 32.92611832611833, 32.926406926406926, 32.923809523809524, 32.924963924963926, 32.92467532467533, 32.926984126984124, 32.924963924963926, 32.923809523809524, 32.92409812409812, 32.92207792207792, 32.92438672438672, 32.92121212121212, 32.91861471861472, 32.91890331890332, 32.91976911976912, 32.918326118326114, 32.92092352092352, 32.919480519480516, 32.922366522366524, 32.92467532467532, 32.92294372294372, 32.92582972582973, 32.923520923520925, 32.923520923520925, 32.92323232323233, 32.92178932178932, 32.923520923520925, 32.926695526695525, 32.924963924963926, 32.923809523809524, 32.92409812409812, 32.92467532467532, 32.92467532467533, 32.92265512265513, 32.92265512265512, 32.92409812409812, 32.925252525252525, 32.92554112554112, 32.926406926406926, 32.925252525252525, 32.92582972582972, 32.92554112554112, 32.92582972582972, 32.92582972582973, 32.92611832611833, 32.92727272727273, 32.92871572871573, 32.92611832611833, 32.92611832611833, 32.926406926406926, 32.928427128427124]",0.8550351307391904,0.8532931432031018,33,"[33, 33, 33, 33, 33, 33, 33, 33, 33, 33, 33, 33, 33, 33, 33, 33, 33, 33, 33, 33, 33, 33, 33, 33, 33, 33, 33, 33, 33, 33, 33, 33, 33, 33, 33, 33, 33, 33, 33, 33, 33, 33, 33, 33, 33, 33, 33, 33, 33, 33, 33, 33, 33, 33, 33, 33, 33, 33, 33, 33, 33, 33, 33, 33, 33, 33, 33, 33, 33, 33, 33, 33, 33, 33, 33, 33, 33, 33, 33, 33, 33, 33, 33, 33, 33, 33, 33, 33, 33, 33, 33, 33, 33, 33, 33, 33, 33, 33, 33, 33, 33, 33, 33, 33, 33, 33, 33, 33, 33, 33, 33, 33, 33, 33, 33, 33, 33, 33, 33, 33, 33, 33, 33, 33, 33, 33, 33, 33, 33, 33, 33, 33, 33, 33, 33, 33, 33, 33, 33, 33, 33, 33, 33, 33, 33, 33, 33, 33, 33, 33, 33, 33, 33, 33, 33, 33, 33, 33, 33, 33, 33, 33, 33, 33, 33, 33, 33, 33, 33, 33, 33, 33, 33, 33, 33, 33, 33, 33, 33, 33, 33, 33, 33, 33, 33, 33, 33, 33, 33, 33, 33, 33, 33, 33, 33, 33, 33, 33, 33, 33, 33, 33, 33, 33, 33, 33, 33, 33, 33, 33, 33, 33, 33, 33, 33, 33, 33, 33, 33, 33, 33, 33, 33, 33, 33, 33, 33, 33, 33, 33, 33, 33, 33, 33, 33, 33, 33, 33, 33, 33, 33, 33, 33, 33, 33, 33, 33, 33, 33, 33, 33, 33, 33, 33, 33, 33, 33, 33, 33, 33, 33, 33, 33, 33, 33, 33, 33, 33, 33, 33, 33, 33, 33, 33, 33, 33, 33, 33, 33, 33, 33, 33, 33, 33, 33, 33, 33, 33, 33, 33, 33, 33, 33, 33, 33, 33, 33, 33, 33, 33, 33, 33, 33, 33, 33, 33, 33, 33, 33, 33, 33, 33, 33, 33, 33, 33, 33, 33, 33, 33, 33, 33, 33, 33, 33, 33, 33, 33, 33, 33, 33, 33, 33, 33, 33, 33, 33, 33, 33, 33, 33, 33, 33, 33, 33, 33, 33, 33, 33, 33, 33, 33, 33, 33, 33, 33, 33, 33, 33, 33, 33, 33, 33, 33, 33, 33, 33, 33, 33, 33, 33, 33, 33, 33, 33, 33, 33, 33, 33, 33, 33, 33, 33, 33, 33, 33, 33, 33, 33, 33, 33, 33, 33, 33, 33, 33, 33, 33, 33, 33, 33, 33, 33, 33, 33, 33, 33, 33, 33, 33, 33, 33, 33, 33, 33, 33, 33, 33, 33, 33, 33, 33, 33, 33, 33, 33, 33, 33, 33, 33, 33, 33, 33, 33, 33, 33, 33, 33, 33, 33, 33, 33, 33, 33, 33, 33, 33, 33, 33, 33, 33, 33, 33, 33, 33, 33, 33, 33, 33, 33, 33, 33, 33, 33, 33, 33, 33, 33, 33, 33, 33, 33, 33, 33, 33, 33, 33, 33, 33, 33, 33, 33, 33, 33, 33, 33, 33, 33, 33, 33, 33, 33, 33, 33, 33]",495,"[0.5287518501281738, 0.45960289239883423, 0.43065235018730164, 0.41471827030181885, 0.4064790606498718, 0.4025721251964569, 0.40026402473449707, 0.39818570017814636, 0.39628463983535767, 0.395455926656723, 0.3941972851753235, 0.3932478725910187, 0.3920772671699524, 0.39127230644226074, 0.3903202712535858, 0.38952845335006714, 0.3888085186481476, 0.3880403935909271, 0.38727980852127075, 0.38664284348487854, 0.38584500551223755, 0.384965717792511, 0.38433346152305603, 0.383585125207901, 0.38301730155944824, 0.38257110118865967, 0.3820670247077942, 0.3815869092941284, 0.3812016546726227, 0.38070374727249146, 0.38030287623405457, 0.3799072504043579, 0.37926632165908813, 0.3787935972213745, 0.378205269575119, 0.37786370515823364, 0.37750399112701416, 0.37714314460754395, 0.37674349546432495, 0.376347154378891, 0.3759309649467468, 0.37553492188453674, 0.3751746714115143, 0.37491822242736816, 0.3747403621673584, 0.37430834770202637, 0.3740431070327759, 0.3736839294433594, 0.3733888864517212, 0.37308403849601746, 0.37289130687713623, 0.37263166904449463, 0.3723633289337158, 0.37193429470062256, 0.37172871828079224, 0.3714820444583893, 0.3712881803512573, 0.37116068601608276, 0.3708568811416626, 0.37071728706359863, 0.37053152918815613, 0.3702116012573242, 0.37001314759254456, 0.36979371309280396, 0.36964598298072815, 0.3694764971733093, 0.3692640960216522, 0.36905571818351746, 0.3688896596431732, 0.3687736392021179, 0.36851567029953003, 0.36823830008506775, 0.36804094910621643, 0.3678187429904938, 0.3676890432834625, 0.3675612509250641, 0.367519736289978, 0.36740657687187195, 0.3672696650028229, 0.3670107126235962, 0.36682063341140747, 0.3666442632675171, 0.366466760635376, 0.3662930428981781, 0.36601534485816956, 0.36571842432022095, 0.36563146114349365, 0.3653751313686371, 0.3651552200317383, 0.3650188446044922, 0.36478346586227417, 0.36459362506866455, 0.36439287662506104, 0.3641219735145569, 0.36390480399131775, 0.3637051284313202, 0.36351993680000305, 0.36366260051727295, 0.36333727836608887, 0.36321425437927246, 0.36295077204704285, 0.3627626895904541, 0.3625445067882538, 0.36235731840133667, 0.36232393980026245, 0.36210110783576965, 0.3618316650390625, 0.3616928160190582, 0.3614831566810608, 0.36153334379196167, 0.3613870143890381, 0.3611963391304016, 0.360953152179718, 0.360808402299881, 0.3604922592639923, 0.360297292470932, 0.36007216572761536, 0.3599622845649719, 0.35990819334983826, 0.359695702791214, 0.35948750376701355, 0.3594456911087036, 0.35936328768730164, 0.359319269657135, 0.3591058850288391, 0.35901379585266113, 0.35881316661834717, 0.35857486724853516, 0.35844886302948, 0.35830801725387573, 0.3581835925579071, 0.3579099774360657, 0.35778358578681946, 0.357634037733078, 0.35745540261268616, 0.3573067784309387, 0.3571464419364929, 0.357031911611557, 0.3569251596927643, 0.35664835572242737, 0.35656100511550903, 0.3563825488090515, 0.3563089370727539, 0.35599830746650696, 0.35598224401474, 0.3556990921497345, 0.3555348217487335, 0.35532036423683167, 0.3552802801132202, 0.35505902767181396, 0.3548823595046997, 0.3547463119029999, 0.35454124212265015, 0.3543448746204376, 0.354251503944397, 0.35407623648643494, 0.3539634943008423, 0.3538375496864319, 0.35364168882369995, 0.3535844683647156, 0.35338670015335083, 0.3531948924064636, 0.3531205654144287, 0.352926105260849, 0.35291334986686707, 0.35276976227760315, 0.3525558114051819, 0.3523849546909332, 0.3521043062210083, 0.35207608342170715, 0.3518768548965454, 0.35174161195755005, 0.35164129734039307, 0.35152071714401245, 0.3513351380825043, 0.3510907292366028, 0.35083022713661194, 0.35072726011276245, 0.35097309947013855, 0.35051974654197693, 0.3502456545829773, 0.350075364112854, 0.34996023774147034, 0.3497898578643799, 0.34967556595802307, 0.3496534824371338, 0.34956932067871094, 0.3492516577243805, 0.3491066098213196, 0.34899961948394775, 0.34890514612197876, 0.3489384949207306, 0.34902411699295044, 0.3488851487636566, 0.3487730920314789, 0.348488450050354, 0.3483474850654602, 0.34839221835136414, 0.3480304479598999, 0.34768903255462646, 0.34756097197532654, 0.3475269377231598, 0.3472445607185364, 0.3471561074256897, 0.34695109724998474, 0.3467808663845062, 0.34647831320762634, 0.34641486406326294, 0.3462167978286743, 0.34594660997390747, 0.34591975808143616, 0.3456880450248718, 0.3455137312412262, 0.3453325033187866, 0.34538134932518005, 0.3452242910861969, 0.3449404239654541, 0.3448236584663391, 0.3446362018585205, 0.344434916973114, 0.3442375957965851, 0.34418773651123047, 0.3440738916397095, 0.3438422381877899, 0.343624085187912, 0.3434823751449585, 0.34337183833122253, 0.34323132038116455, 0.3432685136795044, 0.3430694341659546, 0.34304091334342957, 0.34289759397506714, 0.342888742685318, 0.3429950475692749, 0.34263911843299866, 0.3421901762485504, 0.3420332968235016, 0.34192436933517456, 0.3417351543903351, 0.34155985713005066, 0.34149691462516785, 0.3413369059562683, 0.3411669135093689, 0.3410574793815613, 0.3408327102661133, 0.34066852927207947, 0.3405136466026306, 0.34027156233787537, 0.34016814827919006, 0.3400379419326782, 0.33984237909317017, 0.3395749628543854, 0.3394770920276642, 0.33936673402786255, 0.33940112590789795, 0.33919283747673035, 0.3391000032424927, 0.33882176876068115, 0.3387421667575836, 0.33857348561286926, 0.33835089206695557, 0.3383270502090454, 0.338011771440506, 0.33778664469718933, 0.3376661241054535, 0.3378537893295288, 0.3375779092311859, 0.3372737765312195, 0.33703625202178955, 0.33662208914756775, 0.3367038071155548, 0.3366435766220093, 0.33668848872184753, 0.33642029762268066, 0.3360578417778015, 0.3356444835662842, 0.33538535237312317, 0.3351133465766907, 0.33496206998825073, 0.33467671275138855, 0.33460670709609985, 0.33444708585739136, 0.3341621160507202, 0.33401793241500854, 0.3340165317058563, 0.33392539620399475, 0.33383166790008545, 0.33360159397125244, 0.3333038091659546, 0.333062082529068, 0.33291366696357727, 0.3328202962875366, 0.33264246582984924, 0.3325110673904419, 0.3322228491306305, 0.3321707844734192, 0.3319280743598938, 0.3317198157310486, 0.33173972368240356, 0.33156970143318176, 0.3314453363418579, 0.33107802271842957, 0.33104828000068665, 0.33081862330436707, 0.33071327209472656, 0.33063700795173645, 0.3305523693561554, 0.3303580582141876, 0.33039742708206177, 0.33052530884742737, 0.33004695177078247, 0.3299329876899719, 0.3296120762825012, 0.3294867277145386, 0.32914361357688904, 0.3288707435131073, 0.32865288853645325, 0.32842522859573364, 0.3281917870044708, 0.3280368745326996, 0.3277522921562195, 0.3275851309299469, 0.3274839520454407, 0.3273937702178955, 0.3272275924682617, 0.32712313532829285, 0.3267603814601898, 0.32658836245536804, 0.3263227343559265, 0.32600516080856323, 0.3258736729621887, 0.3257480263710022, 0.3257299065589905, 0.32547321915626526, 0.3252781927585602, 0.32509079575538635, 0.3250446319580078, 0.3250638246536255, 0.3247045874595642, 0.32460856437683105, 0.3245174288749695, 0.3243737816810608, 0.3242536187171936, 0.3240427076816559, 0.32381075620651245, 0.32361510396003723, 0.3234282433986664, 0.32336121797561646, 0.32305827736854553, 0.3228202760219574, 0.32267647981643677, 0.3224971890449524, 0.3225628733634949, 0.32237139344215393, 0.3222551643848419, 0.32202112674713135, 0.3219209909439087, 0.3218110203742981, 0.32166802883148193, 0.32142171263694763, 0.32099857926368713, 0.3208690583705902, 0.3206543028354645, 0.3203108608722687, 0.32026758790016174, 0.3201461732387543, 0.3198583126068115, 0.3195379674434662, 0.31919434666633606, 0.3190723657608032, 0.31900492310523987, 0.3187