,number,value,datetime_start,datetime_complete,duration,params_batch_size_scaler,params_constant_learning_rate,params_depth,params_epochs,params_kernel_l2,params_num_trees,params_temperature,user_attrs_accuracy_test,user_attrs_accuracy_valid,user_attrs_approximate_feature_sparsity,user_attrs_approximate_feature_sparsity_history,user_attrs_approximate_weight_sparsity,user_attrs_approximate_weight_sparsity_history,user_attrs_auc_test,user_attrs_auc_valid,user_attrs_feature_sparsity,user_attrs_feature_sparsity_history,user_attrs_num_epochs,user_attrs_val_loss_history,user_attrs_weight_sparsity,user_attrs_weight_sparsity_history,state
82,82,0.5,2024-08-31 04:03:17.409506,2024-08-31 04:06:01.449407,0 days 00:02:44.039901,4,1.4354063810126085,4,405,0.29003669512847946,66,0.00043897592936460007,0.859,0.85875,0,"[33, 33, 33, 33, 33, 33, 19, 17, 16, 15, 15, 15, 15, 15, 13, 11, 8, 8, 8, 8, 8, 7, 7, 7, 7, 7, 7, 7, 7, 6, 6, 6, 6, 6, 6, 6, 6, 5, 4, 4, 4, 4, 4, 4, 4, 2, 2, 2, 2, 2, 1, 1, 1, 1, 0, 0, 0, 0, 0, 0, 0, 0, 0, 0, 0, 0, 0, 0, 0, 0, 0, 0, 0, 0, 0, 0, 0, 0, 0, 0, 0, 0, 0, 0, 0, 0, 0, 0, 0, 0, 0, 0, 0, 0, 0, 0, 0, 0, 0, 0, 0, 0, 0, 0, 0, 0, 0, 0, 0, 0, 0, 0, 0, 0, 0, 0, 0, 0, 0, 0, 0, 0, 0, 0, 0, 0, 0, 0, 0, 0, 0, 0, 0, 0, 0, 0, 0, 0, 0, 0, 0, 0, 0, 0, 0, 0, 0, 0, 0, 0, 0, 0, 0, 0, 0, 0, 0, 0, 0, 0, 0, 0, 0, 0, 0, 0, 0, 0, 0, 0, 0, 0, 0, 0, 0, 0, 0, 0, 0, 0, 0, 0, 0, 0, 0, 0, 0, 0, 0, 0, 0, 0, 0, 0, 0, 0, 0, 0, 0, 0, 0, 0, 0, 0, 0, 0, 0, 0, 0, 0, 0, 0, 0, 0, 0, 0, 0, 0, 0, 0, 0, 0, 0, 0, 0, 0, 0, 0, 0, 0, 0, 0, 0, 0, 0, 0, 0, 0, 0, 0, 0, 0, 0, 0, 0, 0, 0, 0, 0, 0, 0, 0, 0, 0, 0, 0, 0, 0, 0, 0, 0, 0, 0, 0, 0, 0, 0, 0, 0, 0, 0, 0, 0, 0, 0, 0, 0, 0, 0, 0, 0, 0, 0, 0, 0, 0, 0, 0, 0, 0, 0, 0, 0, 0, 0, 0, 0, 0, 0, 0, 0, 0, 0, 0, 0, 0, 0, 0, 0, 0, 0, 0, 0, 0, 0, 0, 0, 0, 0, 0, 0, 0, 0, 0, 0, 0, 0, 0, 0, 0, 0, 0, 0, 0, 0, 0, 0, 0, 0, 0, 0, 0, 0, 0, 0, 0, 0, 0, 0, 0, 0, 0, 0, 0, 0, 0, 0, 0, 0, 0, 0, 0, 0, 0, 0, 0, 0, 0, 0, 0, 0, 0, 0, 0, 0, 0, 0, 0, 0, 0, 0, 0, 0, 0, 0, 0, 0, 0, 0, 0, 0, 0, 0, 0, 0, 0, 0, 0, 0, 0, 0, 0, 0, 0, 0]",0.0,"[32.95454545454545, 32.95555555555555, 32.96262626262626, 32.95050505050505, 32.951515151515146, 32.94949494949495, 18.961616161616163, 16.971717171717174, 15.974747474747474, 14.978787878787877, 14.978787878787879, 14.969696969696969, 14.974747474747476, 14.974747474747474, 12.973737373737372, 10.982828282828281, 7.977777777777778, 7.981818181818182, 7.97979797979798, 7.983838383838385, 7.98989898989899, 6.984848484848485, 6.98989898989899, 6.985858585858586, 6.984848484848484, 6.9757575757575765, 6.988888888888889, 6.988888888888889, 6.986868686868686, 5.987878787878787, 5.977777777777777, 5.9818181818181815, 5.983838383838384, 5.984848484848485, 5.983838383838384, 5.986868686868687, 5.983838383838384, 4.987878787878787, 3.984848484848485, 3.9878787878787882, 3.9868686868686867, 3.991919191919192, 3.993939393939394, 3.9828282828282826, 3.9838383838383837, 1.993939393939394, 1.992929292929293, 1.9949494949494948, 1.9949494949494948, 1.995959595959596, 0.997979797979798, 0.996969696969697, 0.9919191919191919, 0.9949494949494949, 0.0, 0.0, 0.0, 0.0, 0.0, 0.0, 0.0, 0.0, 0.0, 0.0, 0.0, 0.0, 0.0, 0.0, 0.0, 0.0, 0.0, 0.0, 0.0, 0.0, 0.0, 0.0, 0.0, 0.0, 0.0, 0.0, 0.0, 0.0, 0.0, 0.0, 0.0, 0.0, 0.0, 0.0, 0.0, 0.0, 0.0, 0.0, 0.0, 0.0, 0.0, 0.0, 0.0, 0.0, 0.0, 0.0, 0.0, 0.0, 0.0, 0.0, 0.0, 0.0, 0.0, 0.0, 0.0, 0.0, 0.0, 0.0, 0.0, 0.0, 0.0, 0.0, 0.0, 0.0, 0.0, 0.0, 0.0, 0.0, 0.0, 0.0, 0.0, 0.0, 0.0, 0.0, 0.0, 0.0, 0.0, 0.0, 0.0, 0.0, 0.0, 0.0, 0.0, 0.0, 0.0, 0.0, 0.0, 0.0, 0.0, 0.0, 0.0, 0.0, 0.0, 0.0, 0.0, 0.0, 0.0, 0.0, 0.0, 0.0, 0.0, 0.0, 0.0, 0.0, 0.0, 0.0, 0.0, 0.0, 0.0, 0.0, 0.0, 0.0, 0.0, 0.0, 0.0, 0.0, 0.0, 0.0, 0.0, 0.0, 0.0, 0.0, 0.0, 0.0, 0.0, 0.0, 0.0, 0.0, 0.0, 0.0, 0.0, 0.0, 0.0, 0.0, 0.0, 0.0, 0.0, 0.0, 0.0, 0.0, 0.0, 0.0, 0.0, 0.0, 0.0, 0.0, 0.0, 0.0, 0.0, 0.0, 0.0, 0.0, 0.0, 0.0, 0.0, 0.0, 0.0, 0.0, 0.0, 0.0, 0.0, 0.0, 0.0, 0.0, 0.0, 0.0, 0.0, 0.0, 0.0, 0.0, 0.0, 0.0, 0.0, 0.0, 0.0, 0.0, 0.0, 0.0, 0.0, 0.0, 0.0, 0.0, 0.0, 0.0, 0.0, 0.0, 0.0, 0.0, 0.0, 0.0, 0.0, 0.0, 0.0, 0.0, 0.0, 0.0, 0.0, 0.0, 0.0, 0.0, 0.0, 0.0, 0.0, 0.0, 0.0, 0.0, 0.0, 0.0, 0.0, 0.0, 0.0, 0.0, 0.0, 0.0, 0.0, 0.0, 0.0, 0.0, 0.0, 0.0, 0.0, 0.0, 0.0, 0.0, 0.0, 0.0, 0.0, 0.0, 0.0, 0.0, 0.0, 0.0, 0.0, 0.0, 0.0, 0.0, 0.0, 0.0, 0.0, 0.0, 0.0, 0.0, 0.0, 0.0, 0.0, 0.0, 0.0, 0.0, 0.0, 0.0, 0.0, 0.0, 0.0, 0.0, 0.0, 0.0, 0.0, 0.0, 0.0, 0.0, 0.0, 0.0, 0.0, 0.0, 0.0, 0.0, 0.0, 0.0, 0.0, 0.0, 0.0, 0.0, 0.0, 0.0, 0.0, 0.0, 0.0, 0.0, 0.0, 0.0, 0.0, 0.0, 0.0, 0.0, 0.0, 0.0, 0.0, 0.0, 0.0, 0.0, 0.0, 0.0, 0.0, 0.0, 0.0, 0.0, 0.0, 0.0, 0.0, 0.0, 0.0, 0.0, 0.0, 0.0, 0.0, 0.0, 0.0, 0.0, 0.0, 0.0, 0.0, 0.0, 0.0, 0.0, 0.0, 0.0, 0.0, 0.0, 0.0, 0.0, 0.0, 0.0, 0.0, 0.0, 0.0, 0.0, 0.0, 0.0, 0.0, 0.0, 0.0, 0.0, 0.0, 0.0, 0.0, 0.0, 0.0, 0.0, 0.0, 0.0, 0.0, 0.0, 0.0, 0.0, 0.0, 0.0, 0.0, 0.0, 0.0, 0.0, 0.0]",0.5,0.5,0,"[33, 33, 33, 33, 33, 33, 19, 17, 16, 15, 15, 15, 15, 15, 13, 11, 8, 8, 8, 8, 8, 7, 7, 7, 7, 7, 7, 7, 7, 6, 6, 6, 6, 6, 6, 6, 6, 5, 4, 4, 4, 4, 4, 4, 4, 2, 2, 2, 2, 2, 1, 1, 1, 1, 0, 0, 0, 0, 0, 0, 0, 0, 0, 0, 0, 0, 0, 0, 0, 0, 0, 0, 0, 0, 0, 0, 0, 0, 0, 0, 0, 0, 0, 0, 0, 0, 0, 0, 0, 0, 0, 0, 0, 0, 0, 0, 0, 0, 0, 0, 0, 0, 0, 0, 0, 0, 0, 0, 0, 0, 0, 0, 0, 0, 0, 0, 0, 0, 0, 0, 0, 0, 0, 0, 0, 0, 0, 0, 0, 0, 0, 0, 0, 0, 0, 0, 0, 0, 0, 0, 0, 0, 0, 0, 0, 0, 0, 0, 0, 0, 0, 0, 0, 0, 0, 0, 0, 0, 0, 0, 0, 0, 0, 0, 0, 0, 0, 0, 0, 0, 0, 0, 0, 0, 0, 0, 0, 0, 0, 0, 0, 0, 0, 0, 0, 0, 0, 0, 0, 0, 0, 0, 0, 0, 0, 0, 0, 0, 0, 0, 0, 0, 0, 0, 0, 0, 0, 0, 0, 0, 0, 0, 0, 0, 0, 0, 0, 0, 0, 0, 0, 0, 0, 0, 0, 0, 0, 0, 0, 0, 0, 0, 0, 0, 0, 0, 0, 0, 0, 0, 0, 0, 0, 0, 0, 0, 0, 0, 0, 0, 0, 0, 0, 0, 0, 0, 0, 0, 0, 0, 0, 0, 0, 0, 0, 0, 0, 0, 0, 0, 0, 0, 0, 0, 0, 0, 0, 0, 0, 0, 0, 0, 0, 0, 0, 0, 0, 0, 0, 0, 0, 0, 0, 0, 0, 0, 0, 0, 0, 0, 0, 0, 0, 0, 0, 0, 0, 0, 0, 0, 0, 0, 0, 0, 0, 0, 0, 0, 0, 0, 0, 0, 0, 0, 0, 0, 0, 0, 0, 0, 0, 0, 0, 0, 0, 0, 0, 0, 0, 0, 0, 0, 0, 0, 0, 0, 0, 0, 0, 0, 0, 0, 0, 0, 0, 0, 0, 0, 0, 0, 0, 0, 0, 0, 0, 0, 0, 0, 0, 0, 0, 0, 0, 0, 0, 0, 0, 0, 0, 0, 0, 0, 0, 0, 0, 0, 0, 0, 0, 0, 0, 0, 0, 0, 0, 0, 0, 0, 0, 0, 0, 0, 0, 0, 0]",405,"[0.4070078730583191, 0.3566822409629822, 0.33232006430625916, 0.3112909197807312, 0.2908061742782593, 0.2875730097293854, 0.2580650746822357, 0.2535649538040161, 0.2420344203710556, 0.24367272853851318, 0.23860181868076324, 0.23117703199386597, 0.2265029400587082, 0.22760824859142303, 0.24518026411533356, 0.25258713960647583, 0.2481035441160202, 0.2470885068178177, 0.24453726410865784, 0.24206781387329102, 0.24515880644321442, 0.23613665997982025, 0.24967065453529358, 0.23950883746147156, 0.24283652007579803, 0.23385114967823029, 0.23826074600219727, 0.25017762184143066, 0.23459774255752563, 0.2967842221260071, 0.282693088054657, 0.28238359093666077, 0.29719600081443787, 0.2746681869029999, 0.2852032780647278, 0.2786150276660919, 0.29766973853111267, 0.2868176996707916, 0.46219921112060547, 0.32184842228889465, 0.3064873218536377, 0.32046839594841003, 0.3266555070877075, 0.3067963123321533, 0.30554699897766113, 0.46929144859313965, 0.47295433282852173, 0.38495510816574097, 0.37733688950538635, 0.3915172815322876, 0.41256630420684814, 0.39898550510406494, 0.40537261962890625, 0.3943415880203247, 0.4072752892971039, 0.5164192318916321, 0.44388794898986816, 0.48872482776641846, 0.4088200628757477, 0.41342344880104065, 0.42942318320274353, 0.48092731833457947, 0.4396539628505707, 0.42197442054748535, 0.43066489696502686, 0.4074964225292206, 0.4089086055755615, 0.4722795784473419, 0.40734001994132996, 0.4133657217025757, 0.4072321951389313, 0.42500224709510803, 0.40737098455429077, 0.4121275246143341, 0.41691505908966064, 0.4731140434741974, 0.40727943181991577, 0.4079589545726776, 0.41199320554733276, 0.415317177772522, 0.4320181608200073, 0.41254082322120667, 0.41519173979759216, 0.40755343437194824, 0.40934890508651733, 0.41056209802627563, 0.41113510727882385, 0.41146528720855713, 0.4303695559501648, 0.48804327845573425, 0.4080270826816559, 0.4204707741737366, 0.408583402633667, 0.4077899158000946, 0.40847399830818176, 0.40732383728027344, 0.42610853910446167, 0.4134599566459656, 0.4262273907661438, 0.4143827557563782, 0.4124850034713745, 0.426120787858963, 0.42124804854393005, 0.41336506605148315, 0.4348243474960327, 0.45617470145225525, 0.42141425609588623, 0.505397379398346, 0.44977936148643494, 0.4081951975822449, 0.4266849160194397, 0.4468877911567688, 0.5989854335784912, 0.40765589475631714, 0.4676782190799713, 0.4417749047279358, 0.4199979901313782, 0.40783241391181946, 0.42827609181404114, 0.47778356075286865, 0.4411354959011078, 0.5093628764152527, 0.4371321201324463, 0.42006489634513855, 0.42349764704704285, 0.44519028067588806, 0.4138827919960022, 0.5307409167289734, 0.40771785378456116, 0.425187349319458, 0.4427328109741211, 0.4078616201877594, 0.415848046541214, 0.41890662908554077, 0.4399557113647461, 0.4114115536212921, 0.41286128759384155, 0.4296448826789856, 0.49112316966056824, 0.4529789686203003, 0.4113360643386841, 0.48047935962677, 0.4123486578464508, 0.41372397541999817, 0.4547036290168762, 0.407533198595047, 0.41919752955436707, 0.4098820984363556, 0.4653339087963104, 0.4122236967086792, 0.4133087992668152, 0.46555468440055847, 0.41971197724342346, 0.41430842876434326, 0.4247707426548004, 0.4334680438041687, 0.40816932916641235, 0.4135037362575531, 0.4102528393268585, 0.4243476390838623, 0.4075736999511719, 0.4124394655227661, 0.46090108156204224, 0.5221012234687805, 0.407501220703125, 0.41379469633102417, 0.41761720180511475, 0.4331475794315338, 0.40858420729637146, 0.4078355133533478, 0.44605469703674316, 0.4483698904514313, 0.42177554965019226, 0.4208281636238098, 0.414905846118927, 0.6017405986785889, 0.4161492884159088, 0.4306316077709198, 0.42574429512023926, 0.40722960233688354, 0.46958500146865845, 0.40722668170928955, 0.4151872396469116, 0.4079306721687317, 0.41867080330848694, 0.4262373447418213, 0.42063358426094055, 0.40778854489326477, 0.45274439454078674, 0.41999417543411255, 0.4080035388469696, 0.4370543956756592, 0.40726029872894287, 0.4120132327079773, 0.408386766910553, 0.4264630377292633, 0.4898985028266907, 0.42981770634651184, 0.42474064230918884, 0.4091551899909973, 0.412660151720047, 0.41349563002586365, 0.40817901492118835, 0.41710469126701355, 0.500490128993988, 0.4403722882270813, 0.41890761256217957, 0.40766414999961853, 0.5219190716743469, 0.495949923992157, 0.40910977125167847, 0.40775275230407715, 0.40786483883857727, 0.4376234710216522, 0.4075463116168976, 0.40984752774238586, 0.4078522026538849, 0.41623637080192566, 0.40950125455856323, 0.4073001742362976, 0.407807320356369, 0.44509315490722656, 0.429376482963562, 0.42302337288856506, 0.431456595659256, 0.45355644822120667, 0.41381075978279114, 0.4228717088699341, 0.41287022829055786, 0.46372276544570923, 0.443571001291275, 0.42273205518722534, 0.4199748635292053, 0.40722939372062683, 0.4076855778694153, 0.4505494236946106, 0.40789833664894104, 0.43635937571525574, 0.40732651948928833, 0.4228115975856781, 0.41836681962013245, 0.40858033299446106, 0.48008835315704346, 0.506629228591919, 0.40915894508361816, 0.4197445809841156, 0.4225013852119446, 0.45134294033050537, 0.407738596200943, 0.4149273931980133, 0.4072346091270447, 0.48936718702316284, 0.5110734701156616, 0.4310620427131653, 0.4221818447113037, 0.43587520718574524, 0.4126003682613373, 0.4081958532333374, 0.412416011095047, 0.4103755056858063, 0.4113854169845581, 0.4079160988330841, 0.4127649664878845, 0.4533598721027374, 0.40787655115127563, 0.4110293984413147, 0.4416360557079315, 0.40743309259414673, 0.40816813707351685, 0.418453574180603, 0.5057421922683716, 0.4150058329105377, 0.4950469136238098, 0.40955716371536255, 0.41243788599967957, 0.491527795791626, 0.4261068105697632, 0.40790045261383057, 0.4114917814731598, 0.40935447812080383, 0.41391894221305847, 0.4078689515590668, 0.42893970012664795, 0.4073057472705841, 0.4503442049026489, 0.409738153219223, 0.4190967082977295, 0.40802842378616333, 0.41283077001571655, 0.5665527582168579, 0.40734362602233887, 0.42254501581192017, 0.4074062407016754, 0.4284733533859253, 0.4115011692047119, 0.4189658463001251, 0.4147688150405884, 0.411522775888443, 0.4229404032230377, 0.4078962206840515, 0.4111190736293793, 0.4137779474258423, 0.4281664192676544, 0.4073064923286438, 0.4476558268070221, 0.46103325486183167, 0.41274702548980713, 0.4819396734237671, 0.41187259554862976, 0.4506635367870331, 0.41029348969459534, 0.4241928458213806, 0.41964229941368103, 0.408985435962677, 0.4090610146522522, 0.41433414816856384, 0.4077153503894806, 0.5409279465675354, 0.541124165058136, 0.4072396755218506, 0.4143069386482239, 0.4178110361099243, 0.40745383501052856, 0.4133570194244385, 0.4115283489227295, 0.4086911380290985, 0.4088417887687683, 0.40734177827835083, 0.44340845942497253, 0.4142727553844452, 0.4227552115917206, 0.4323093295097351, 0.41232556104660034, 0.4343113303184509, 0.4102047085762024, 0.6240471005439758, 0.40825068950653076, 0.4115530252456665, 0.4223936200141907, 0.407255083322525, 0.4197571873664856, 0.45411521196365356, 0.47254952788352966, 0.4311679005622864, 0.41226160526275635, 0.40759333968162537, 0.4072580337524414, 0.41152918338775635, 0.4239349365234375, 0.4086272120475769, 0.4359287917613983, 0.4088054597377777, 0.4077203869819641, 0.40938279032707214, 0.4472287893295288, 0.42666929960250854, 0.4102739095687866, 0.4225103259086609, 0.4864334166049957, 0.6215957999229431, 0.4072626233100891, 0.4076668620109558, 0.6214798092842102, 0.4100414514541626, 0.5293518304824829, 0.40789905190467834, 0.407459020614624, 0.4174947440624237, 0.4582005739212036, 0.45458877086639404, 0.40743646025657654, 0.5265491008758545, 0.40765899419784546, 0.4072462022304535, 0.4130002558231354, 0.41392767429351807, 0.40765342116355896, 0.449741393327713, 0.48009464144706726, 0.43838679790496826, 0.40862834453582764, 0.4077080488204956, 0.4217451512813568, 0.4118708074092865, 0.4465957283973694, 0.5982245802879333, 0.4750269055366516, 0.42721280455589294, 0.4123964011669159, 0.4218144118785858, 0.4595755636692047, 0.4214904010295868, 0.40991905331611633, 0.4723421037197113, 0.42355877161026, 0.430385023355484, 0.4595082998275757, 0.41254937648773193, 0.5207200646400452, 0.4078441560268402, 0.4171147644519806, 0.44439396262168884, 0.4767529368400574, 0.40898895263671875, 0.4124493896961212]",0.0,"[33.0, 33.0, 33.0, 33.0, 33.0, 33.0, 19.0, 17.0, 16.0, 15.0, 15.0, 15.0, 15.0, 15.0, 13.0, 11.0, 8.0, 8.0, 8.0, 8.0, 8.0, 7.0, 7.0, 7.0, 7.0, 7.0, 7.0, 7.0, 7.0, 6.0, 6.0, 6.0, 6.0, 6.0, 6.0, 6.0, 6.0, 5.0, 4.0, 4.0, 4.0, 4.0, 4.0, 4.0, 4.0, 2.0, 2.0, 2.0, 2.0, 2.0, 1.0, 1.0, 1.0, 1.0, 0.0, 0.0, 0.0, 0.0, 0.0, 0.0, 0.0, 0.0, 0.0, 0.0, 0.0, 0.0, 0.0, 0.0, 0.0, 0.0, 0.0, 0.0, 0.0, 0.0, 0.0, 0.0, 0.0, 0.0, 0.0, 0.0, 0.0, 0.0, 0.0, 0.0, 0.0, 0.0, 0.0, 0.0, 0.0, 0.0, 0.0, 0.0, 0.0, 0.0, 0.0, 0.0, 0.0, 0.0, 0.0, 0.0, 0.0, 0.0, 0.0, 0.0, 0.0, 0.0, 0.0, 0.0, 0.0, 0.0, 0.0, 0.0, 0.0, 0.0, 0.0, 0.0, 0.0, 0.0, 0.0, 0.0, 0.0, 0.0, 0.0, 0.0, 0.0, 0.0, 0.0, 0.0, 0.0, 0.0, 0.0, 0.0, 0.0, 0.0, 0.0, 0.0, 0.0, 0.0, 0.0, 0.0, 0.0, 0.0, 0.0, 0.0, 0.0, 0.0, 0.0, 0.0, 0.0, 0.0, 0.0, 0.0, 0.0, 0.0, 0.0, 0.0, 0.0, 0.0, 0.0, 0.0, 0.0, 0.0, 0.0, 0.0, 0.0, 0.0, 0.0, 0.0, 0.0, 0.0, 0.0, 0.0, 0.0, 0.0, 0.0, 0.0, 0.0, 0.0, 0.0, 0.0, 0.0, 0.0, 0.0, 0.0, 0.0, 0.0, 0.0, 0.0, 0.0, 0.0, 0.0, 0.0, 0.0, 0.0, 0.0, 0.0, 0.0, 0.0, 0.0, 0.0, 0.0, 0.0, 0.0, 0.0, 0.0, 0.0, 0.0, 0.0, 0.0, 0.0, 0.0, 0.0, 0.0, 0.0, 0.0, 0.0, 0.0, 0.0, 0.0, 0.0, 0.0, 0.0, 0.0, 0.0, 0.0, 0.0, 0.0, 0.0, 0.0, 0.0, 0.0, 0.0, 0.0, 0.0, 0.0, 0.0, 0.0, 0.0, 0.0, 0.0, 0.0, 0.0, 0.0, 0.0, 0.0, 0.0, 0.0, 0.0, 0.0, 0.0, 0.0, 0.0, 0.0, 0.0, 0.0, 0.0, 0.0, 0.0, 0.0, 0.0, 0.0, 0.0, 0.0, 0.0, 0.0, 0.0, 0.0, 0.0, 0.0, 0.0, 0.0, 0.0, 0.0, 0.0, 0.0, 0.0, 0.0, 0.0, 0.0, 0.0, 0.0, 0.0, 0.0, 0.0, 0.0, 0.0, 0.0, 0.0, 0.0, 0.0, 0.0, 0.0, 0.0, 0.0, 0.0, 0.0, 0.0, 0.0, 0.0, 0.0, 0.0, 0.0, 0.0, 0.0, 0.0, 0.0, 0.0, 0.0, 0.0, 0.0, 0.0, 0.0, 0.0, 0.0, 0.0, 0.0, 0.0, 0.0, 0.0, 0.0, 0.0, 0.0, 0.0, 0.0, 0.0, 0.0, 0.0, 0.0, 0.0, 0.0, 0.0, 0.0, 0.0, 0.0, 0.0, 0.0, 0.0, 0.0, 0.0, 0.0, 0.0, 0.0, 0.0, 0.0, 0.0, 0.0, 0.0, 0.0, 0.0, 0.0, 0.0, 0.0, 0.0, 0.0, 0.0, 0.0, 0.0, 0.0, 0.0, 0.0, 0.0, 0.0, 0.0, 0.0, 0.0, 0.0, 0.0, 0.0, 0.0, 0.0, 0.0, 0.0, 0.0, 0.0, 0.0, 0.0, 0.0, 0.0, 0.0, 0.0, 0.0, 0.0, 0.0, 0.0, 0.0, 0.0, 0.0, 0.0, 0.0, 0.0, 0.0, 0.0, 0.0, 0.0, 0.0, 0.0, 0.0, 0.0, 0.0, 0.0, 0.0, 0.0, 0.0, 0.0, 0.0]",COMPLETE
