,number,value,datetime_start,datetime_complete,duration,params_batch_size_scaler,params_constant_learning_rate,params_depth,params_epochs,params_kernel_l2,params_num_trees,params_temperature,user_attrs_accuracy_test,user_attrs_accuracy_valid,user_attrs_approximate_feature_sparsity,user_attrs_approximate_feature_sparsity_history,user_attrs_approximate_weight_sparsity,user_attrs_approximate_weight_sparsity_history,user_attrs_auc_test,user_attrs_auc_valid,user_attrs_feature_sparsity,user_attrs_feature_sparsity_history,user_attrs_num_epochs,user_attrs_val_loss_history,user_attrs_weight_sparsity,user_attrs_weight_sparsity_history,state
94,94,0.7462096327498037,2024-08-31 04:16:19.441242,2024-08-31 04:16:48.209777,0 days 00:00:28.768535,64,0.024035068764385714,1,460,0.2816226717992931,40,0.0015910677253289176,0.872,0.86875,33,"[33, 33, 33, 33, 33, 33, 33, 33, 33, 33, 33, 33, 33, 33, 33, 33, 33, 33, 33, 33, 33, 33, 33, 33, 33, 33, 33, 33, 33, 33, 33, 33, 33, 33, 33, 33, 33, 33, 33, 33, 33, 33, 33, 33, 33, 33, 33, 33, 33, 33, 33, 33, 33, 33, 33, 33, 33, 33, 33, 33, 33, 33, 33, 33, 33, 33, 33, 33, 33, 33, 33, 33, 33, 33, 33, 33, 33, 33, 33, 33, 33, 33, 33, 33, 33, 33, 33, 33, 33, 33, 33, 33, 33, 33, 33, 33, 33, 33, 33, 33, 33, 33, 33, 33, 33, 33, 33, 33, 33, 33, 33, 33, 33, 33, 33, 33, 33, 33, 33, 33, 33, 33, 33, 33, 33, 33, 33, 33, 33, 33, 33, 33, 33, 33, 33, 33, 33, 33, 33, 33, 33, 33, 33, 33, 33, 33, 33, 33, 33, 33, 33, 33, 33, 33, 33, 33, 33, 33, 33, 33, 33, 33, 33, 33, 33, 33, 33, 33, 33, 33, 33, 33, 33, 33, 33, 33, 33, 33, 33, 33, 33, 33, 33, 33, 33, 33, 33, 33, 33, 33, 33, 33, 33, 33, 33, 33, 33, 33, 33, 33, 33, 33, 33, 33, 33, 33, 33, 33, 33, 33, 33, 33, 33, 33, 33, 33, 33, 33, 33, 33, 33, 33, 33, 33, 33, 33, 33, 33, 33, 33, 33, 33, 33, 33, 33, 33, 33, 33, 33, 33, 33, 33, 33, 33, 33, 33, 33, 33, 33, 33, 33, 33, 33, 33, 33, 33, 33, 33, 33, 33, 33, 33, 33, 33, 33, 33, 33, 33, 33, 33, 33, 33, 33, 33, 33, 33, 33, 33, 33, 33, 33, 33, 33, 33, 33, 33, 33, 33, 33, 33, 33, 33, 33, 33, 33, 33, 33, 33, 33, 33, 33, 33, 33, 33, 33, 33, 33, 33, 33, 33, 33, 33, 33, 33, 33, 33, 33, 33, 33, 33, 33, 33, 33, 33, 33, 33, 33, 33, 33, 33, 33, 33, 33, 33, 33, 33, 33, 33, 33, 33, 33, 33, 33, 33, 33, 33, 33, 33, 33, 33, 33, 33, 33, 33, 33, 33, 33, 33, 33, 33, 33, 33, 33, 33, 33, 33, 33, 33, 33, 33, 33, 33, 33, 33, 33, 33, 33, 33, 33, 33, 33, 33, 33, 33, 33, 33, 33, 33, 33, 33, 33, 33, 33, 33, 33, 33, 33, 33, 33, 33, 33, 33, 33, 33, 33, 33, 33, 33, 33, 33, 33, 33, 33, 33, 33, 33, 33, 33, 33, 33, 33, 33, 33, 33, 33, 33, 33, 33, 33, 33, 33, 33, 33, 33, 33, 33, 33, 33, 33, 33, 33, 33, 33, 33, 33, 33, 33, 33, 33, 33, 33, 33, 33, 33, 33, 33, 33, 33, 33, 33]",33.0,"[32.975, 33.0, 33.0, 33.0, 33.0, 32.975, 33.0, 32.975, 32.975, 32.975, 33.0, 33.0, 33.0, 33.0, 33.0, 33.0, 33.0, 33.0, 33.0, 33.0, 33.0, 33.0, 33.0, 33.0, 33.0, 33.0, 33.0, 33.0, 32.975, 32.95, 32.975, 32.975, 32.975, 33.0, 33.0, 33.0, 33.0, 33.0, 33.0, 33.0, 33.0, 33.0, 33.0, 33.0, 33.0, 33.0, 33.0, 33.0, 32.975, 33.0, 33.0, 33.0, 33.0, 33.0, 33.0, 33.0, 32.975, 32.95, 33.0, 33.0, 33.0, 33.0, 32.975, 32.975, 32.975, 32.95, 32.95, 33.0, 33.0, 33.0, 32.975, 33.0, 33.0, 33.0, 33.0, 33.0, 33.0, 32.975, 33.0, 33.0, 33.0, 33.0, 33.0, 33.0, 33.0, 33.0, 33.0, 33.0, 33.0, 33.0, 33.0, 33.0, 33.0, 33.0, 32.975, 32.975, 32.975, 32.975, 32.975, 32.975, 32.975, 32.975, 32.975, 32.975, 32.975, 32.975, 32.95, 32.95, 32.975, 32.95, 32.95, 32.975, 32.95, 32.975, 32.975, 32.975, 32.975, 32.975, 32.95, 32.95, 33.0, 33.0, 33.0, 33.0, 33.0, 33.0, 33.0, 33.0, 32.975, 33.0, 33.0, 33.0, 33.0, 33.0, 33.0, 33.0, 32.975, 33.0, 33.0, 33.0, 33.0, 32.975, 32.975, 33.0, 33.0, 33.0, 33.0, 33.0, 33.0, 32.975, 33.0, 33.0, 33.0, 33.0, 33.0, 33.0, 33.0, 33.0, 32.975, 32.975, 32.975, 32.975, 32.975, 32.975, 32.95, 32.975, 32.975, 32.95, 32.95, 32.975, 32.975, 32.95, 32.95, 32.95, 33.0, 33.0, 33.0, 33.0, 33.0, 33.0, 33.0, 33.0, 32.975, 33.0, 33.0, 33.0, 32.975, 32.975, 32.975, 33.0, 33.0, 32.975, 32.975, 32.975, 33.0, 33.0, 32.975, 33.0, 32.975, 33.0, 32.975, 32.975, 32.975, 33.0, 33.0, 33.0, 33.0, 32.975, 33.0, 33.0, 33.0, 32.975, 32.975, 33.0, 33.0, 33.0, 33.0, 33.0, 33.0, 33.0, 32.975, 32.975, 32.95, 32.975, 33.0, 33.0, 33.0, 33.0, 33.0, 33.0, 33.0, 33.0, 33.0, 33.0, 33.0, 33.0, 33.0, 33.0, 33.0, 33.0, 33.0, 33.0, 33.0, 33.0, 33.0, 33.0, 33.0, 33.0, 33.0, 33.0, 33.0, 33.0, 33.0, 33.0, 33.0, 33.0, 33.0, 33.0, 33.0, 33.0, 32.95, 32.975, 32.975, 32.975, 32.975, 32.95, 32.95, 32.95, 32.95, 32.975, 32.95, 32.975, 32.975, 32.975, 32.975, 33.0, 33.0, 33.0, 33.0, 33.0, 33.0, 32.975, 32.975, 32.95, 32.95, 32.975, 32.975, 32.975, 32.975, 32.975, 32.975, 32.975, 32.975, 32.95, 33.0, 33.0, 33.0, 33.0, 33.0, 33.0, 33.0, 32.975, 32.95, 33.0, 33.0, 33.0, 32.975, 32.975, 32.975, 32.975, 32.975, 32.975, 32.975, 32.95, 32.95, 32.95, 32.925, 32.925, 32.925, 32.925, 32.975, 32.95, 32.95, 32.95, 33.0, 32.975, 33.0, 33.0, 33.0, 33.0, 33.0, 33.0, 32.975, 33.0, 33.0, 33.0, 33.0, 33.0, 33.0, 33.0, 33.0, 33.0, 32.975, 32.95, 32.95, 33.0, 33.0, 33.0, 33.0, 32.975, 33.0, 33.0, 33.0, 33.0, 33.0, 33.0, 33.0, 32.975, 32.975, 33.0, 32.975, 32.975, 32.975, 32.975, 32.975, 33.0, 33.0, 33.0, 33.0, 33.0, 32.975, 32.95, 33.0, 33.0, 32.95, 32.975, 32.975, 33.0, 32.95, 33.0, 32.975, 32.975, 32.975, 33.0, 33.0, 32.975, 32.975, 32.975, 32.975, 32.975, 33.0, 33.0, 33.0, 33.0, 32.975, 33.0, 33.0, 32.975, 32.975, 32.975, 33.0, 33.0, 33.0, 33.0, 33.0, 33.0, 33.0, 33.0, 32.975, 32.975, 32.975, 32.975, 32.975, 32.975, 32.975, 32.975, 32.975, 32.975, 32.975, 32.975, 32.975, 32.975, 32.975, 32.975, 33.0, 33.0, 33.0, 33.0, 33.0, 33.0, 33.0, 33.0, 33.0, 32.975, 33.0, 32.975, 33.0, 33.0, 33.0, 32.975, 32.975, 32.975, 32.975, 33.0, 33.0, 32.975, 32.95, 32.95, 32.95, 32.975, 33.0, 33.0, 32.975, 32.975, 32.975, 32.95, 32.95, 33.0, 33.0, 33.0]",0.7804555850031788,0.7462096327498037,33,"[33, 33, 33, 33, 33, 33, 33, 33, 33, 33, 33, 33, 33, 33, 33, 33, 33, 33, 33, 33, 33, 33, 33, 33, 33, 33, 33, 33, 33, 33, 33, 33, 33, 33, 33, 33, 33, 33, 33, 33, 33, 33, 33, 33, 33, 33, 33, 33, 33, 33, 33, 33, 33, 33, 33, 33, 33, 33, 33, 33, 33, 33, 33, 33, 33, 33, 33, 33, 33, 33, 33, 33, 33, 33, 33, 33, 33, 33, 33, 33, 33, 33, 33, 33, 33, 33, 33, 33, 33, 33, 33, 33, 33, 33, 33, 33, 33, 33, 33, 33, 33, 33, 33, 33, 33, 33, 33, 33, 33, 33, 33, 33, 33, 33, 33, 33, 33, 33, 33, 33, 33, 33, 33, 33, 33, 33, 33, 33, 33, 33, 33, 33, 33, 33, 33, 33, 33, 33, 33, 33, 33, 33, 33, 33, 33, 33, 33, 33, 33, 33, 33, 33, 33, 33, 33, 33, 33, 33, 33, 33, 33, 33, 33, 33, 33, 33, 33, 33, 33, 33, 33, 33, 33, 33, 33, 33, 33, 33, 33, 33, 33, 33, 33, 33, 33, 33, 33, 33, 33, 33, 33, 33, 33, 33, 33, 33, 33, 33, 33, 33, 33, 33, 33, 33, 33, 33, 33, 33, 33, 33, 33, 33, 33, 33, 33, 33, 33, 33, 33, 33, 33, 33, 33, 33, 33, 33, 33, 33, 33, 33, 33, 33, 33, 33, 33, 33, 33, 33, 33, 33, 33, 33, 33, 33, 33, 33, 33, 33, 33, 33, 33, 33, 33, 33, 33, 33, 33, 33, 33, 33, 33, 33, 33, 33, 33, 33, 33, 33, 33, 33, 33, 33, 33, 33, 33, 33, 33, 33, 33, 33, 33, 33, 33, 33, 33, 33, 33, 33, 33, 33, 33, 33, 33, 33, 33, 33, 33, 33, 33, 33, 33, 33, 33, 33, 33, 33, 33, 33, 33, 33, 33, 33, 33, 33, 33, 33, 33, 33, 33, 33, 33, 33, 33, 33, 33, 33, 33, 33, 33, 33, 33, 33, 33, 33, 33, 33, 33, 33, 33, 33, 33, 33, 33, 33, 33, 33, 33, 33, 33, 33, 33, 33, 33, 33, 33, 33, 33, 33, 33, 33, 33, 33, 33, 33, 33, 33, 33, 33, 33, 33, 33, 33, 33, 33, 33, 33, 33, 33, 33, 33, 33, 33, 33, 33, 33, 33, 33, 33, 33, 33, 33, 33, 33, 33, 33, 33, 33, 33, 33, 33, 33, 33, 33, 33, 33, 33, 33, 33, 33, 33, 33, 33, 33, 33, 33, 33, 33, 33, 33, 33, 33, 33, 33, 33, 33, 33, 33, 33, 33, 33, 33, 33, 33, 33, 33, 33, 33, 33, 33, 33, 33, 33, 33, 33, 33, 33, 33, 33, 33, 33, 33, 33, 33, 33, 33, 33, 33, 33, 33, 33]",460,"[1.0484609603881836, 0.7215536236763, 0.6689215898513794, 0.656094491481781, 0.6526753306388855, 0.650363564491272, 0.64886873960495, 0.6475332379341125, 0.6466736793518066, 0.644951343536377, 0.6436693668365479, 0.6422715187072754, 0.6410341858863831, 0.6398277878761292, 0.6384485960006714, 0.6371784210205078, 0.6358859539031982, 0.634726881980896, 0.633563756942749, 0.6324428915977478, 0.6313434839248657, 0.6302696466445923, 0.6292251944541931, 0.627899169921875, 0.6268231868743896, 0.6257859468460083, 0.6246161460876465, 0.6235325932502747, 0.6225360631942749, 0.6214473843574524, 0.6204134821891785, 0.619452953338623, 0.6183578372001648, 0.6173684000968933, 0.6164211630821228, 0.6154049634933472, 0.6144892573356628, 0.6133971214294434, 0.61245197057724, 0.6114484071731567, 0.6104560494422913, 0.6095545887947083, 0.6086583733558655, 0.6077175736427307, 0.6068171262741089, 0.605999231338501, 0.6050774455070496, 0.6040863394737244, 0.6032854914665222, 0.6024075150489807, 0.6014829874038696, 0.6006535291671753, 0.5998155474662781, 0.5990129709243774, 0.5982007384300232, 0.5973657369613647, 0.5965672135353088, 0.5957847833633423, 0.594905436038971, 0.5940792560577393, 0.5932878255844116, 0.592397928237915, 0.5917195677757263, 0.5909528732299805, 0.5899797081947327, 0.5892519354820251, 0.5885933637619019, 0.5877766609191895, 0.5871320366859436, 0.5861234664916992, 0.5854049921035767, 0.5846949815750122, 0.58396315574646, 0.583177924156189, 0.5824427604675293, 0.5817137360572815, 0.5811576247215271, 0.5804619193077087, 0.5795818567276001, 0.5787680745124817, 0.5781765580177307, 0.5774393081665039, 0.5767034292221069, 0.5760269165039062, 0.5754022598266602, 0.5747128129005432, 0.5740466713905334, 0.5734151005744934, 0.5727145671844482, 0.57200026512146, 0.5713052749633789, 0.5706373453140259, 0.5700541734695435, 0.569342851638794, 0.5689072012901306, 0.5679852962493896, 0.5673796534538269, 0.5666923522949219, 0.5661006569862366, 0.565489649772644, 0.5648027658462524, 0.5641765594482422, 0.56358402967453, 0.5628986954689026, 0.5622721314430237, 0.5616837739944458, 0.5610118508338928, 0.560401201248169, 0.5597776770591736, 0.5592787861824036, 0.558753490447998, 0.5579649806022644, 0.5574235916137695, 0.5569098591804504, 0.5561451315879822, 0.5556910037994385, 0.5549787282943726, 0.5543776750564575, 0.5537678003311157, 0.5532053112983704, 0.5526018142700195, 0.5520204305648804, 0.5514417886734009, 0.5508588552474976, 0.5502533912658691, 0.5496350526809692, 0.5491098165512085, 0.5485855340957642, 0.5480723977088928, 0.547458827495575, 0.5470386743545532, 0.5464279651641846, 0.5458382368087769, 0.5453113317489624, 0.5448814630508423, 0.5442374348640442, 0.5436787605285645, 0.5430805683135986, 0.5425071716308594, 0.5421004891395569, 0.5417571067810059, 0.5408971309661865, 0.5405088663101196, 0.5398204326629639, 0.5396006107330322, 0.5390709042549133, 0.5383799076080322, 0.5377674102783203, 0.5372129678726196, 0.5369139909744263, 0.5361405611038208, 0.5355809926986694, 0.5350382328033447, 0.5348637104034424, 0.5341391563415527, 0.5335052013397217, 0.5330337285995483, 0.5326247215270996, 0.5323820114135742, 0.5316960215568542, 0.5312851071357727, 0.5308344960212708, 0.53032386302948, 0.529686450958252, 0.5291664004325867, 0.5286217331886292, 0.5284004211425781, 0.5277042984962463, 0.5273020267486572, 0.5267548561096191, 0.5261676907539368, 0.5256567597389221, 0.5251253843307495, 0.5246281027793884, 0.5242159962654114, 0.5239119529724121, 0.5233644247055054, 0.5227881073951721, 0.5223200917243958, 0.5217654705047607, 0.5212802290916443, 0.5208909511566162, 0.5202512741088867, 0.5198397040367126, 0.5194518566131592, 0.5188754796981812, 0.5185527801513672, 0.5179353952407837, 0.5174926519393921, 0.5169950127601624, 0.5168099403381348, 0.5163142681121826, 0.5157451629638672, 0.5151804089546204, 0.5147291421890259, 0.5142958164215088, 0.5138792991638184, 0.513293981552124, 0.5129441022872925, 0.5124257206916809, 0.5120072960853577, 0.5115962624549866, 0.5111982822418213, 0.5107831954956055, 0.5102809071540833, 0.5103188753128052, 0.5102859139442444, 0.5092201232910156, 0.5088884830474854, 0.5082488059997559, 0.5077154636383057, 0.5074261426925659, 0.5067014694213867, 0.5062645673751831, 0.5058290958404541, 0.5055240392684937, 0.5051997900009155, 0.5047364234924316, 0.5041930675506592, 0.5038389563560486, 0.5035338997840881, 0.5034579634666443, 0.5029563307762146, 0.5021790266036987, 0.5018638372421265, 0.5014117956161499, 0.5008251667022705, 0.5004352927207947, 0.4999943673610687, 0.4995913803577423, 0.49921754002571106, 0.49883103370666504, 0.49840542674064636, 0.49803248047828674, 0.4976850748062134, 0.49715790152549744, 0.4968295693397522, 0.496383935213089, 0.496204674243927, 0.4955388605594635, 0.4950730800628662, 0.4947134256362915, 0.49429264664649963, 0.49401456117630005, 0.493401437997818, 0.49296799302101135, 0.49258318543434143, 0.4922458529472351, 0.49199753999710083, 0.49154800176620483, 0.4910309910774231, 0.4906671643257141, 0.4901528060436249, 0.48978233337402344, 0.4899110794067383, 0.48923373222351074, 0.48852306604385376, 0.488147497177124, 0.48776885867118835, 0.487455815076828, 0.4870645999908447, 0.48671576380729675, 0.4863472878932953, 0.48614799976348877, 0.4861563444137573, 0.48565542697906494, 0.4852353036403656, 0.4849109649658203, 0.48434650897979736, 0.48389390110969543, 0.48361465334892273, 0.4835706651210785, 0.4833022654056549, 0.48286572098731995, 0.482094407081604, 0.48173606395721436, 0.48175153136253357, 0.4811219274997711, 0.48095235228538513, 0.48054611682891846, 0.47994908690452576, 0.47961053252220154, 0.4792346954345703, 0.47909796237945557, 0.47877663373947144, 0.47884708642959595, 0.4780612885951996, 0.4780350625514984, 0.4774417579174042, 0.4771379828453064, 0.47691476345062256, 0.4763140380382538, 0.47582951188087463, 0.4755536913871765, 0.4751642346382141, 0.4749329388141632, 0.4746588468551636, 0.4740983843803406, 0.47376009821891785, 0.47340157628059387, 0.4730604290962219, 0.4730498194694519, 0.47254496812820435, 0.4721085727214813, 0.47182345390319824, 0.47163650393486023, 0.471523642539978, 0.4707479774951935, 0.47099238634109497, 0.47064054012298584, 0.47010621428489685, 0.4696376919746399, 0.46907520294189453, 0.46874868869781494, 0.46844130754470825, 0.4681306481361389, 0.46789810061454773, 0.46759307384490967, 0.4671931862831116, 0.4668709635734558, 0.4664948582649231, 0.4661475121974945, 0.4660121500492096, 0.46554458141326904, 0.46520841121673584, 0.4649105370044708, 0.4646008014678955, 0.4642544686794281, 0.4639524221420288, 0.463695764541626, 0.46370160579681396, 0.4633929133415222, 0.46317681670188904, 0.4626406729221344, 0.4621046483516693, 0.46187931299209595, 0.4613569378852844, 0.4611470699310303, 0.46067315340042114, 0.46036797761917114, 0.4600765109062195, 0.45977452397346497, 0.45939767360687256, 0.45912492275238037, 0.4588463306427002, 0.4585605263710022, 0.45828932523727417, 0.4578932523727417, 0.45755553245544434, 0.457198828458786, 0.45689457654953003, 0.45662224292755127, 0.45638248324394226, 0.4560074508190155, 0.4556831121444702, 0.45543599128723145, 0.4553285837173462, 0.45503973960876465, 0.45505595207214355, 0.4546225666999817, 0.45432400703430176, 0.45381543040275574, 0.45331165194511414, 0.4530033469200134, 0.45274922251701355, 0.4525303542613983, 0.4522634744644165, 0.4520644247531891, 0.4519156217575073, 0.4514921307563782, 0.45114433765411377, 0.450746089220047, 0.4504578411579132, 0.45045384764671326, 0.45033013820648193, 0.4497150182723999, 0.449247270822525, 0.44889241456985474, 0.44870829582214355, 0.44830408692359924, 0.44804123044013977, 0.4478573501110077, 0.4476702809333801, 0.4473039507865906, 0.4469999372959137, 0.4468522369861603, 0.44697749614715576, 0.44622915983200073, 0.44591912627220154, 0.4456571340560913, 0.44581520557403564, 0.44553467631340027, 0.4450010061264038, 0.44462868571281433, 0.44433194398880005, 0.4440157413482666, 0.44385552406311035, 0.4435575008392334, 0.4431957006454468, 0.4430522918701172, 0.44267982244491577, 0.44238749146461487, 0.4426436126232147, 0.4419858455657959, 0.44170111417770386, 0.4414633810520172, 0.44121456146240234, 0.4407691955566406, 0.4404938817024231, 0.44036442041397095, 0.4401354491710663, 0.4399743676185608, 0.439640611410141, 0.43942660093307495, 0.43915775418281555, 0.43891221284866333, 0.43868428468704224, 0.4384157657623291, 0.4381617307662964, 0.43785667419433594, 0.43755030632019043, 0.43748196959495544, 0.43737688660621643, 0.4368027448654175, 0.4364044666290283, 0.43630895018577576, 0.4358251690864563, 0.4356290102005005, 0.4354100525379181, 0.4353444278240204, 0.4352601170539856, 0.4352189898490906, 0.43456923961639404, 0.4342694580554962, 0.4340647757053375, 0.43393221497535706, 0.43358153104782104, 0.4333914816379547, 0.4330717921257019, 0.43294256925582886, 0.4327922463417053, 0.4326929450035095, 0.43240606784820557, 0.4322422742843628, 0.43173274397850037, 0.43144142627716064, 0.4312860071659088, 0.43091946840286255, 0.4307098686695099, 0.43039536476135254, 0.4301392436027527, 0.4299577474594116, 0.4298025369644165, 0.42955702543258667, 0.42934945225715637, 0.42925122380256653, 0.428943395614624, 0.4287337064743042, 0.42845162749290466, 0.4282640218734741]",33.0,"[33.0, 33.0, 33.0, 33.0, 33.0, 33.0, 33.0, 33.0, 33.0, 33.0, 33.0, 33.0, 33.0, 33.0, 33.0, 33.0, 33.0, 33.0, 33.0, 33.0, 33.0, 33.0, 33.0, 33.0, 33.0, 33.0, 33.0, 33.0, 33.0, 33.0, 33.0, 33.0, 33.0, 33.0, 33.0, 33.0, 33.0, 33.0, 33.0, 33.0, 33.0, 33.0, 33.0, 33.0, 33.0, 33.0, 33.0, 33.0, 33.0, 33.0, 33.0, 33.0, 33.0, 33.0, 33.0, 33.0, 33.0, 33.0, 33.0, 33.0, 33.0, 33.0, 33.0, 33.0, 33.0, 33.0, 33.0, 33.0, 33.0, 33.0, 33.0, 33.0, 33.0, 33.0, 33.0, 33.0, 33.0, 33.0, 33.0, 33.0, 33.0, 33.0, 33.0, 33.0, 33.0, 33.0, 33.0, 33.0, 33.0, 33.0, 33.0, 33.0, 33.0, 33.0, 33.0, 33.0, 33.0, 33.0, 33.0, 33.0, 33.0, 33.0, 33.0, 33.0, 33.0, 33.0, 33.0, 33.0, 33.0, 33.0, 33.0, 33.0, 33.0, 33.0, 33.0, 33.0, 33.0, 33.0, 33.0, 33.0, 33.0, 33.0, 33.0, 33.0, 33.0, 33.0, 33.0, 33.0, 33.0, 33.0, 33.0, 33.0, 33.0, 33.0, 33.0, 33.0, 33.0, 33.0, 33.0, 33.0, 33.0, 33.0, 33.0, 33.0, 33.0, 33.0, 33.0, 33.0, 33.0, 33.0, 33.0, 33.0, 33.0, 33.0, 33.0, 33.0, 33.0, 33.0, 33.0, 33.0, 33.0, 33.0, 33.0, 33.0, 33.0, 33.0, 33.0, 33.0, 33.0, 33.0, 33.0, 33.0, 33.0, 33.0, 33.0, 33.0, 33.0, 33.0, 33.0, 33.0, 33.0, 33.0, 33.0, 33.0, 33.0, 33.0, 33.0, 33.0, 33.0, 33.0, 33.0, 33.0, 33.0, 33.0, 33.0, 33.0, 33.0, 33.0, 33.0, 33.0, 33.0, 33.0, 33.0, 33.0, 33.0, 33.0, 33.0, 33.0, 33.0, 33.0, 33.0, 33.0, 33.0, 33.0, 33.0, 33.0, 33.0, 33.0, 33.0, 33.0, 33.0, 33.0, 33.0, 33.0, 33.0, 33.0, 33.0, 33.0, 33.0, 33.0, 33.0, 33.0, 33.0, 33.0, 33.0, 33.0, 33.0, 33.0, 33.0, 33.0, 33.0, 33.0, 33.0, 33.0, 33.0, 33.0, 33.0, 33.0, 33.0, 33.0, 33.0, 33.0, 33.0, 33.0, 33.0, 33.0, 33.0, 33.0, 33.0, 33.0, 33.0, 33.0, 33.0, 33.0, 33.0, 33.0, 33.0, 33.0, 33.0, 33.0, 33.0, 33.0, 33.0, 33.0, 33.0, 33.0, 33.0, 33.0, 33.0, 33.0, 33.0, 33.0, 33.0, 33.0, 33.0, 33.0, 33.0, 33.0, 33.0, 33.0, 33.0, 33.0, 33.0, 33.0, 33.0, 33.0, 33.0, 33.0, 33.0, 33.0, 33.0, 33.0, 33.0, 33.0, 33.0, 33.0, 33.0, 33.0, 33.0, 33.0, 33.0, 33.0, 33.0, 33.0, 33.0, 33.0, 33.0, 33.0, 33.0, 33.0, 33.0, 33.0, 33.0, 33.0, 33.0, 33.0, 33.0, 33.0, 33.0, 33.0, 33.0, 33.0, 33.0, 33.0, 33.0, 33.0, 33.0, 33.0, 33.0, 33.0, 33.0, 33.0, 33.0, 33.0, 33.0, 33.0, 33.0, 33.0, 33.0, 33.0, 33.0, 33.0, 33.0, 33.0, 33.0, 33.0, 33.0, 33.0, 33.0, 33.0, 33.0, 33.0, 33.0, 33.0, 33.0, 33.0, 33.0, 33.0, 33.0, 33.0, 33.0, 33.0, 33.0, 33.0, 33.0, 33.0, 33.0, 33.0, 33.0, 33.0, 33.0, 33.0, 33.0, 33.0, 33.0, 33.0, 33.0, 33.0, 33.0, 33.0, 33.0, 33.0, 33.0, 33.0, 33.0, 33.0, 33.0, 33.0, 33.0, 33.0, 33.0, 33.0, 33.0, 33.0, 33.0, 33.0, 33.0, 33.0, 33.0, 33.0, 33.0, 33.0, 33.0, 33.0, 33.0, 33.0, 33.0, 33.0, 33.0, 33.0, 33.0, 33.0, 33.0, 33.0, 33.0, 33.0, 33.0, 33.0, 33.0, 33.0, 33.0, 33.0, 33.0, 33.0, 33.0, 33.0, 33.0, 33.0, 33.0, 33.0, 33.0, 33.0, 33.0, 33.0, 33.0, 33.0, 33.0, 33.0, 33.0, 33.0, 33.0, 33.0, 33.0, 33.0, 33.0, 33.0, 33.0, 33.0, 33.0, 33.0]",COMPLETE
