,number,value,datetime_start,datetime_complete,duration,params_batch_size_scaler,params_constant_learning_rate,params_depth,params_epochs,params_kernel_l2,params_num_trees,params_temperature,user_attrs_accuracy_test,user_attrs_accuracy_valid,user_attrs_approximate_feature_sparsity,user_attrs_approximate_feature_sparsity_history,user_attrs_approximate_weight_sparsity,user_attrs_approximate_weight_sparsity_history,user_attrs_auc_test,user_attrs_auc_valid,user_attrs_feature_sparsity,user_attrs_feature_sparsity_history,user_attrs_num_epochs,user_attrs_val_loss_history,user_attrs_weight_sparsity,user_attrs_weight_sparsity_history,state
131,131,0.5,2024-08-31 06:08:33.929386,2024-08-31 06:10:42.617823,0 days 00:02:08.688437,1,0.4754190786186109,2,355,0.3455313842591571,19,0.07560189460979143,0.859,0.85875,0,"[0, 0, 0, 0, 0, 0, 0, 0, 0, 0, 0, 0, 0, 0, 0, 0, 0, 0, 0, 0, 0, 0, 0, 0, 0, 0, 0, 0, 0, 0, 0, 0, 0, 0, 0, 0, 0, 0, 0, 0, 0, 0, 0, 0, 0, 0, 0, 0, 0, 0, 0, 0, 0, 0, 0, 0, 0, 0, 0, 0, 0, 0, 0, 0, 0, 0, 0, 0, 0, 0, 0, 0, 0, 0, 0, 0, 0, 0, 0, 0, 0, 0, 0, 0, 0, 0, 0, 0, 0, 0, 0, 0, 0, 0, 0, 0, 0, 0, 0, 0, 0, 0, 0, 0, 0, 0, 0, 0, 0, 0, 0, 0, 0, 0, 0, 0, 0, 0, 0, 0, 0, 0, 0, 0, 0, 0, 0, 0, 0, 0, 0, 0, 0, 0, 0, 0, 0, 0, 0, 0, 0, 0, 0, 0, 0, 0, 0, 0, 0, 0, 0, 0, 0, 0, 0, 0, 0, 0, 0, 0, 0, 0, 0, 0, 0, 0, 0, 0, 0, 0, 0, 0, 0, 0, 0, 0, 0, 0, 0, 0, 0, 0, 0, 0, 0, 0, 0, 0, 0, 0, 0, 0, 0, 0, 0, 0, 0, 0, 0, 0, 0, 0, 0, 0, 0, 0, 0, 0, 0, 0, 0, 0, 0, 0, 0, 0, 0, 0, 0, 0, 0, 0, 0, 0, 0, 0, 0, 0, 0, 0, 0, 0, 0, 0, 0, 0, 0, 0, 0, 0, 0, 0, 0, 0, 0, 0, 0, 0, 0, 0, 0, 0, 0, 0, 0, 0, 0, 0, 0, 0, 0, 0, 0, 0, 0, 0, 0, 0, 0, 0, 0, 0, 0, 0, 0, 0, 0, 0, 0, 0, 0, 0, 0, 0, 0, 0, 0, 0, 0, 0, 0, 0, 0, 0, 0, 0, 0, 0, 0, 0, 0, 0, 0, 0, 0, 0, 0, 0, 0, 0, 0, 0, 0, 0, 0, 0, 0, 0, 0, 0, 0, 0, 0, 0, 0, 0, 0, 0, 0, 0, 0, 0, 0, 0, 0, 0, 0, 0, 0, 0, 0, 0, 0, 0, 0, 0, 0, 0, 0, 0, 0, 0, 0, 0, 0]",0.0,"[0.0, 0.0, 0.0, 0.0, 0.0, 0.0, 0.0, 0.0, 0.0, 0.0, 0.0, 0.0, 0.0, 0.0, 0.0, 0.0, 0.0, 0.0, 0.0, 0.0, 0.0, 0.0, 0.0, 0.0, 0.0, 0.0, 0.0, 0.0, 0.0, 0.0, 0.0, 0.0, 0.0, 0.0, 0.0, 0.0, 0.0, 0.0, 0.0, 0.0, 0.0, 0.0, 0.0, 0.0, 0.0, 0.0, 0.0, 0.0, 0.0, 0.0, 0.0, 0.0, 0.0, 0.0, 0.0, 0.0, 0.0, 0.0, 0.0, 0.0, 0.0, 0.0, 0.0, 0.0, 0.0, 0.0, 0.0, 0.0, 0.0, 0.0, 0.0, 0.0, 0.0, 0.0, 0.0, 0.0, 0.0, 0.0, 0.0, 0.0, 0.0, 0.0, 0.0, 0.0, 0.0, 0.0, 0.0, 0.0, 0.0, 0.0, 0.0, 0.0, 0.0, 0.0, 0.0, 0.0, 0.0, 0.0, 0.0, 0.0, 0.0, 0.0, 0.0, 0.0, 0.0, 0.0, 0.0, 0.0, 0.0, 0.0, 0.0, 0.0, 0.0, 0.0, 0.0, 0.0, 0.0, 0.0, 0.0, 0.0, 0.0, 0.0, 0.0, 0.0, 0.0, 0.0, 0.0, 0.0, 0.0, 0.0, 0.0, 0.0, 0.0, 0.0, 0.0, 0.0, 0.0, 0.0, 0.0, 0.0, 0.0, 0.0, 0.0, 0.0, 0.0, 0.0, 0.0, 0.0, 0.0, 0.0, 0.0, 0.0, 0.0, 0.0, 0.0, 0.0, 0.0, 0.0, 0.0, 0.0, 0.0, 0.0, 0.0, 0.0, 0.0, 0.0, 0.0, 0.0, 0.0, 0.0, 0.0, 0.0, 0.0, 0.0, 0.0, 0.0, 0.0, 0.0, 0.0, 0.0, 0.0, 0.0, 0.0, 0.0, 0.0, 0.0, 0.0, 0.0, 0.0, 0.0, 0.0, 0.0, 0.0, 0.0, 0.0, 0.0, 0.0, 0.0, 0.0, 0.0, 0.0, 0.0, 0.0, 0.0, 0.0, 0.0, 0.0, 0.0, 0.0, 0.0, 0.0, 0.0, 0.0, 0.0, 0.0, 0.0, 0.0, 0.0, 0.0, 0.0, 0.0, 0.0, 0.0, 0.0, 0.0, 0.0, 0.0, 0.0, 0.0, 0.0, 0.0, 0.0, 0.0, 0.0, 0.0, 0.0, 0.0, 0.0, 0.0, 0.0, 0.0, 0.0, 0.0, 0.0, 0.0, 0.0, 0.0, 0.0, 0.0, 0.0, 0.0, 0.0, 0.0, 0.0, 0.0, 0.0, 0.0, 0.0, 0.0, 0.0, 0.0, 0.0, 0.0, 0.0, 0.0, 0.0, 0.0, 0.0, 0.0, 0.0, 0.0, 0.0, 0.0, 0.0, 0.0, 0.0, 0.0, 0.0, 0.0, 0.0, 0.0, 0.0, 0.0, 0.0, 0.0, 0.0, 0.0, 0.0, 0.0, 0.0, 0.0, 0.0, 0.0, 0.0, 0.0, 0.0, 0.0, 0.0, 0.0, 0.0, 0.0, 0.0, 0.0, 0.0, 0.0, 0.0, 0.0, 0.0, 0.0, 0.0, 0.0, 0.0, 0.0, 0.0, 0.0, 0.0, 0.0, 0.0, 0.0, 0.0, 0.0, 0.0, 0.0, 0.0, 0.0, 0.0, 0.0, 0.0, 0.0, 0.0, 0.0, 0.0, 0.0, 0.0, 0.0, 0.0, 0.0, 0.0, 0.0, 0.0, 0.0, 0.0, 0.0, 0.0, 0.0, 0.0, 0.0, 0.0, 0.0, 0.0, 0.0, 0.0, 0.0, 0.0, 0.0]",0.5,0.5,0,"[0, 0, 0, 0, 0, 0, 0, 0, 0, 0, 0, 0, 0, 0, 0, 0, 0, 0, 0, 0, 0, 0, 0, 0, 0, 0, 0, 0, 0, 0, 0, 0, 0, 0, 0, 0, 0, 0, 0, 0, 0, 0, 0, 0, 0, 0, 0, 0, 0, 0, 0, 0, 0, 0, 0, 0, 0, 0, 0, 0, 0, 0, 0, 0, 0, 0, 0, 0, 0, 0, 0, 0, 0, 0, 0, 0, 0, 0, 0, 0, 0, 0, 0, 0, 0, 0, 0, 0, 0, 0, 0, 0, 0, 0, 0, 0, 0, 0, 0, 0, 0, 0, 0, 0, 0, 0, 0, 0, 0, 0, 0, 0, 0, 0, 0, 0, 0, 0, 0, 0, 0, 0, 0, 0, 0, 0, 0, 0, 0, 0, 0, 0, 0, 0, 0, 0, 0, 0, 0, 0, 0, 0, 0, 0, 0, 0, 0, 0, 0, 0, 0, 0, 0, 0, 0, 0, 0, 0, 0, 0, 0, 0, 0, 0, 0, 0, 0, 0, 0, 0, 0, 0, 0, 0, 0, 0, 0, 0, 0, 0, 0, 0, 0, 0, 0, 0, 0, 0, 0, 0, 0, 0, 0, 0, 0, 0, 0, 0, 0, 0, 0, 0, 0, 0, 0, 0, 0, 0, 0, 0, 0, 0, 0, 0, 0, 0, 0, 0, 0, 0, 0, 0, 0, 0, 0, 0, 0, 0, 0, 0, 0, 0, 0, 0, 0, 0, 0, 0, 0, 0, 0, 0, 0, 0, 0, 0, 0, 0, 0, 0, 0, 0, 0, 0, 0, 0, 0, 0, 0, 0, 0, 0, 0, 0, 0, 0, 0, 0, 0, 0, 0, 0, 0, 0, 0, 0, 0, 0, 0, 0, 0, 0, 0, 0, 0, 0, 0, 0, 0, 0, 0, 0, 0, 0, 0, 0, 0, 0, 0, 0, 0, 0, 0, 0, 0, 0, 0, 0, 0, 0, 0, 0, 0, 0, 0, 0, 0, 0, 0, 0, 0, 0, 0, 0, 0, 0, 0, 0, 0, 0, 0, 0, 0, 0, 0, 0, 0, 0, 0, 0, 0, 0, 0, 0, 0, 0, 0, 0, 0, 0, 0, 0, 0, 0, 0]",355,"[0.478638231754303, 0.4117181897163391, 0.4074569642543793, 0.40853461623191833, 0.41414493322372437, 0.4074605703353882, 0.4103761911392212, 0.452382355928421, 0.4350339472293854, 0.4096944332122803, 0.4134996831417084, 0.4215582609176636, 0.4462677836418152, 0.4112085700035095, 0.4076520800590515, 0.4076571762561798, 0.41405951976776123, 0.4073883891105652, 0.4152708351612091, 0.4093775451183319, 0.40741297602653503, 0.4331320524215698, 0.40903350710868835, 0.4410899877548218, 0.4074026346206665, 0.40894249081611633, 0.4294813275337219, 0.40890902280807495, 0.4081931710243225, 0.41190147399902344, 0.4153195917606354, 0.41073209047317505, 0.4330529272556305, 0.43256768584251404, 0.4076189696788788, 0.41570720076560974, 0.49482765793800354, 0.40734848380088806, 0.41199713945388794, 0.4360600709915161, 0.42454269528388977, 0.43164145946502686, 0.40866920351982117, 0.4202546775341034, 0.41504016518592834, 0.40732482075691223, 0.4103526771068573, 0.42048880457878113, 0.42300131916999817, 0.41028597950935364, 0.41884031891822815, 0.41186386346817017, 0.43398723006248474, 0.40749403834342957, 0.4315629303455353, 0.4229832887649536, 0.40746575593948364, 0.4179714620113373, 0.540346622467041, 0.4072304964065552, 0.4250883162021637, 0.423294335603714, 0.4288233816623688, 0.4376297891139984, 0.45255088806152344, 0.4224887490272522, 0.43471795320510864, 0.45311951637268066, 0.411658376455307, 0.42170196771621704, 0.40819671750068665, 0.4147805869579315, 0.4072263240814209, 0.4193936288356781, 0.4101503789424896, 0.4078197479248047, 0.40728655457496643, 0.4731816053390503, 0.4390486478805542, 0.40751275420188904, 0.40919408202171326, 0.407296359539032, 0.4087171256542206, 0.4072287082672119, 0.4746551513671875, 0.4081311523914337, 0.4127759635448456, 0.41520559787750244, 0.42360591888427734, 0.4081692397594452, 0.4080536961555481, 0.4077954888343811, 0.41399699449539185, 0.4171942472457886, 0.4180522561073303, 0.40738797187805176, 0.42737752199172974, 0.40737736225128174, 0.4179011583328247, 0.41733673214912415, 0.4148668646812439, 0.4074912369251251, 0.41586288809776306, 0.4096999764442444, 0.41036370396614075, 0.4075607657432556, 0.4251183569431305, 0.42142096161842346, 0.40729811787605286, 0.4119015038013458, 0.4476569890975952, 0.41096386313438416, 0.41822245717048645, 0.40771400928497314, 0.40837156772613525, 0.40730124711990356, 0.41945183277130127, 0.42652833461761475, 0.40852072834968567, 0.41871342062950134, 0.4073900580406189, 0.40779224038124084, 0.4372009336948395, 0.40727174282073975, 0.41476431488990784, 0.41738075017929077, 0.4113261103630066, 0.4151467978954315, 0.4091620147228241, 0.41574814915657043, 0.41175007820129395, 0.40939784049987793, 0.40802082419395447, 0.4072411358356476, 0.40813279151916504, 0.4117371439933777, 0.4126454293727875, 0.4084959924221039, 0.4076292812824249, 0.46423420310020447, 0.4182480573654175, 0.43402934074401855, 0.41569554805755615, 0.4216427505016327, 0.432712584733963, 0.4348234236240387, 0.40722954273223877, 0.4079691767692566, 0.40901339054107666, 0.5873991250991821, 0.4131578207015991, 0.41749468445777893, 0.4105665683746338, 0.41061726212501526, 0.4130251407623291, 0.40888500213623047, 0.409359335899353, 0.41506484150886536, 0.40916556119918823, 0.4141450822353363, 0.4580627381801605, 0.40735599398612976, 0.4188646078109741, 0.409932941198349, 0.4562338590621948, 0.48884502053260803, 0.40973761677742004, 0.43803662061691284, 0.40900421142578125, 0.40839776396751404, 0.4079279601573944, 0.4182988703250885, 0.41859495639801025, 0.4153333306312561, 0.4077518880367279, 0.4073276221752167, 0.42167457938194275, 0.41997092962265015, 0.41798317432403564, 0.41290968656539917, 0.40980851650238037, 0.414983868598938, 0.4753289520740509, 0.40722620487213135, 0.4083905518054962, 0.40758705139160156, 0.4116775095462799, 0.41317054629325867, 0.42458194494247437, 0.4324914813041687, 0.4304715096950531, 0.41629505157470703, 0.40836918354034424, 0.42685967683792114, 0.40953800082206726, 0.4334392249584198, 0.41059619188308716, 0.4079284965991974, 0.4109821319580078, 0.40916377305984497, 0.41001617908477783, 0.4073336124420166, 0.4229173958301544, 0.41366511583328247, 0.42007705569267273, 0.4389595091342926, 0.40865612030029297, 0.4090753495693207, 0.4151358902454376, 0.41059577465057373, 0.40767982602119446, 0.44438377022743225, 0.40729033946990967, 0.4254666864871979, 0.4283578395843506, 0.41348975896835327, 0.40722978115081787, 0.4092087149620056, 0.40833306312561035, 0.40722763538360596, 0.4082013666629791, 0.41015565395355225, 0.40733128786087036, 0.40764403343200684, 0.4172322750091553, 0.40855780243873596, 0.4131242334842682, 0.4078209698200226, 0.43026024103164673, 0.4337981045246124, 0.414376825094223, 0.4939338266849518, 0.43967270851135254, 0.4251337945461273, 0.420881986618042, 0.40791767835617065, 0.5314324498176575, 0.4179236590862274, 0.42150747776031494, 0.41637614369392395, 0.40791743993759155, 0.40778395533561707, 0.4099844694137573, 0.40869465470314026, 0.40823277831077576, 0.4092862010002136, 0.4159091114997864, 0.4081663489341736, 0.43727946281433105, 0.4145298898220062, 0.42849090695381165, 0.40924006700515747, 0.4138872027397156, 0.4117431342601776, 0.40810108184814453, 0.40900272130966187, 0.41617077589035034, 0.4330262839794159, 0.4159529209136963, 0.40795040130615234, 0.44793617725372314, 0.4171344041824341, 0.42013683915138245, 0.42129677534103394, 0.4223317801952362, 0.41592779755592346, 0.423051118850708, 0.40886569023132324, 0.4161803424358368, 0.4180153012275696, 0.43427565693855286, 0.41798076033592224, 0.4128151834011078, 0.4096836447715759, 0.40842345356941223, 0.43248406052589417, 0.42645004391670227, 0.43790119886398315, 0.41636380553245544, 0.40941256284713745, 0.4101378619670868, 0.41262248158454895, 0.4094002842903137, 0.41138073801994324, 0.40891116857528687, 0.4563106894493103, 0.40835806727409363, 0.41401588916778564, 0.40875962376594543, 0.4081348180770874, 0.41933825612068176, 0.40872398018836975, 0.4072277545928955, 0.4153596758842468, 0.4428771138191223, 0.41331028938293457, 0.4120657742023468, 0.413080096244812, 0.40796032547950745, 0.41306427121162415, 0.42205220460891724, 0.42452457547187805, 0.6180763244628906, 0.4181991219520569, 0.45270290970802307, 0.41860276460647583, 0.4097650945186615, 0.4157228469848633, 0.438442587852478, 0.40800198912620544, 0.4252576529979706, 0.41083282232284546, 0.4072283208370209, 0.4188655614852905, 0.47442466020584106, 0.4196421504020691, 0.41214221715927124, 0.41644036769866943, 0.42239609360694885, 0.40806132555007935, 0.41824623942375183, 0.40726417303085327, 0.4201839864253998, 0.43205657601356506, 0.4438287317752838, 0.4159168601036072, 0.4080623388290405, 0.4316810369491577, 0.47340941429138184, 0.4374569356441498, 0.4091269373893738, 0.40833336114883423, 0.40773308277130127, 0.43889349699020386, 0.4079151153564453, 0.413448691368103, 0.4120631515979767, 0.40995967388153076, 0.40726473927497864, 0.4901001751422882, 0.4082221984863281, 0.40800777077674866, 0.40726521611213684, 0.40743905305862427, 0.4087522625923157, 0.43729567527770996, 0.4129655361175537, 0.40856802463531494, 0.40850111842155457, 0.417031466960907, 0.40729621052742004, 0.4082930386066437, 0.4251011610031128, 0.42078062891960144, 0.4096856415271759]",0.0,"[0.0, 0.0, 0.0, 0.0, 0.0, 0.0, 0.0, 0.0, 0.0, 0.0, 0.0, 0.0, 0.0, 0.0, 0.0, 0.0, 0.0, 0.0, 0.0, 0.0, 0.0, 0.0, 0.0, 0.0, 0.0, 0.0, 0.0, 0.0, 0.0, 0.0, 0.0, 0.0, 0.0, 0.0, 0.0, 0.0, 0.0, 0.0, 0.0, 0.0, 0.0, 0.0, 0.0, 0.0, 0.0, 0.0, 0.0, 0.0, 0.0, 0.0, 0.0, 0.0, 0.0, 0.0, 0.0, 0.0, 0.0, 0.0, 0.0, 0.0, 0.0, 0.0, 0.0, 0.0, 0.0, 0.0, 0.0, 0.0, 0.0, 0.0, 0.0, 0.0, 0.0, 0.0, 0.0, 0.0, 0.0, 0.0, 0.0, 0.0, 0.0, 0.0, 0.0, 0.0, 0.0, 0.0, 0.0, 0.0, 0.0, 0.0, 0.0, 0.0, 0.0, 0.0, 0.0, 0.0, 0.0, 0.0, 0.0, 0.0, 0.0, 0.0, 0.0, 0.0, 0.0, 0.0, 0.0, 0.0, 0.0, 0.0, 0.0, 0.0, 0.0, 0.0, 0.0, 0.0, 0.0, 0.0, 0.0, 0.0, 0.0, 0.0, 0.0, 0.0, 0.0, 0.0, 0.0, 0.0, 0.0, 0.0, 0.0, 0.0, 0.0, 0.0, 0.0, 0.0, 0.0, 0.0, 0.0, 0.0, 0.0, 0.0, 0.0, 0.0, 0.0, 0.0, 0.0, 0.0, 0.0, 0.0, 0.0, 0.0, 0.0, 0.0, 0.0, 0.0, 0.0, 0.0, 0.0, 0.0, 0.0, 0.0, 0.0, 0.0, 0.0, 0.0, 0.0, 0.0, 0.0, 0.0, 0.0, 0.0, 0.0, 0.0, 0.0, 0.0, 0.0, 0.0, 0.0, 0.0, 0.0, 0.0, 0.0, 0.0, 0.0, 0.0, 0.0, 0.0, 0.0, 0.0, 0.0, 0.0, 0.0, 0.0, 0.0, 0.0, 0.0, 0.0, 0.0, 0.0, 0.0, 0.0, 0.0, 0.0, 0.0, 0.0, 0.0, 0.0, 0.0, 0.0, 0.0, 0.0, 0.0, 0.0, 0.0, 0.0, 0.0, 0.0, 0.0, 0.0, 0.0, 0.0, 0.0, 0.0, 0.0, 0.0, 0.0, 0.0, 0.0, 0.0, 0.0, 0.0, 0.0, 0.0, 0.0, 0.0, 0.0, 0.0, 0.0, 0.0, 0.0, 0.0, 0.0, 0.0, 0.0, 0.0, 0.0, 0.0, 0.0, 0.0, 0.0, 0.0, 0.0, 0.0, 0.0, 0.0, 0.0, 0.0, 0.0, 0.0, 0.0, 0.0, 0.0, 0.0, 0.0, 0.0, 0.0, 0.0, 0.0, 0.0, 0.0, 0.0, 0.0, 0.0, 0.0, 0.0, 0.0, 0.0, 0.0, 0.0, 0.0, 0.0, 0.0, 0.0, 0.0, 0.0, 0.0, 0.0, 0.0, 0.0, 0.0, 0.0, 0.0, 0.0, 0.0, 0.0, 0.0, 0.0, 0.0, 0.0, 0.0, 0.0, 0.0, 0.0, 0.0, 0.0, 0.0, 0.0, 0.0, 0.0, 0.0, 0.0, 0.0, 0.0, 0.0, 0.0, 0.0, 0.0, 0.0, 0.0, 0.0, 0.0, 0.0, 0.0, 0.0, 0.0, 0.0, 0.0, 0.0, 0.0, 0.0, 0.0, 0.0, 0.0, 0.0, 0.0, 0.0, 0.0, 0.0, 0.0, 0.0, 0.0, 0.0, 0.0, 0.0, 0.0, 0.0, 0.0, 0.0, 0.0, 0.0, 0.0, 0.0, 0.0, 0.0]",COMPLETE
