,number,value,datetime_start,datetime_complete,duration,params_batch_size_scaler,params_constant_learning_rate,params_depth,params_epochs,params_kernel_l2,params_num_trees,params_temperature,user_attrs_accuracy_test,user_attrs_accuracy_valid,user_attrs_approximate_feature_sparsity,user_attrs_approximate_feature_sparsity_history,user_attrs_approximate_weight_sparsity,user_attrs_approximate_weight_sparsity_history,user_attrs_auc_test,user_attrs_auc_valid,user_attrs_feature_sparsity,user_attrs_feature_sparsity_history,user_attrs_num_epochs,user_attrs_val_loss_history,user_attrs_weight_sparsity,user_attrs_weight_sparsity_history,state
95,95,0.8683644420399067,2024-08-31 04:35:23.407917,2024-08-31 04:37:03.047244,0 days 00:01:39.639327,4,0.014219318909822375,4,270,0.003700423243194364,12,0.0010777232736200219,0.902,0.89375,33,"[33, 33, 33, 33, 33, 33, 33, 33, 33, 33, 33, 33, 33, 33, 33, 33, 33, 33, 33, 33, 33, 33, 33, 33, 33, 33, 33, 33, 33, 33, 33, 33, 33, 33, 33, 33, 33, 33, 33, 33, 33, 33, 33, 33, 33, 33, 33, 33, 33, 33, 33, 33, 33, 33, 33, 33, 33, 33, 33, 33, 33, 33, 33, 33, 33, 33, 33, 33, 33, 33, 33, 33, 33, 33, 33, 33, 33, 33, 33, 33, 33, 33, 33, 33, 33, 33, 33, 33, 33, 33, 33, 33, 33, 33, 33, 33, 33, 33, 33, 33, 33, 33, 33, 33, 33, 33, 33, 33, 33, 33, 33, 33, 33, 33, 33, 33, 33, 33, 33, 33, 33, 33, 33, 33, 33, 33, 33, 33, 33, 33, 33, 33, 33, 33, 33, 33, 33, 33, 33, 33, 33, 33, 33, 33, 33, 33, 33, 33, 33, 33, 33, 33, 33, 33, 33, 33, 33, 33, 33, 33, 33, 33, 33, 33, 33, 33, 33, 33, 33, 33, 33, 33, 33, 33, 33, 33, 33, 33, 33, 33, 33, 33, 33, 33, 33, 33, 33, 33, 33, 33, 33, 33, 33, 33, 33, 33, 33, 33, 33, 33, 33, 33, 33, 33, 33, 33, 33, 33, 33, 33, 33, 33, 33, 33, 33, 33, 33, 33, 33, 33, 33, 33, 33, 33, 33, 33, 33, 33, 33, 33, 33, 33, 33, 33, 33, 33, 33, 33, 33, 33, 33, 33, 33, 33, 33, 33, 33, 33, 33, 33, 33, 33, 33, 33, 33, 33, 33, 33, 33, 33, 33, 33, 33, 33, 33, 33, 33, 33, 33, 33]",32.983333333333334,"[32.977777777777774, 32.977777777777774, 32.977777777777774, 32.983333333333334, 32.983333333333334, 32.96666666666667, 32.96111111111111, 32.95, 32.96666666666667, 32.97222222222222, 32.96666666666667, 32.97222222222222, 32.96666666666667, 32.97222222222222, 32.96111111111111, 32.97222222222222, 32.97222222222222, 32.977777777777774, 32.977777777777774, 32.977777777777774, 32.97222222222222, 32.983333333333334, 32.97222222222222, 32.977777777777774, 32.977777777777774, 32.983333333333334, 32.98888888888889, 32.98888888888889, 32.983333333333334, 32.98888888888889, 32.983333333333334, 32.983333333333334, 32.977777777777774, 32.98888888888889, 32.99444444444444, 32.98888888888889, 32.96666666666667, 32.98888888888889, 32.983333333333334, 32.97222222222222, 32.977777777777774, 32.98888888888889, 32.99444444444444, 32.98888888888889, 32.98888888888889, 32.983333333333334, 32.97222222222222, 32.977777777777774, 32.96666666666667, 32.983333333333334, 32.98888888888889, 32.97222222222222, 32.96666666666667, 32.955555555555556, 32.96111111111111, 32.961111111111116, 32.977777777777774, 32.98888888888889, 32.98888888888889, 32.99444444444444, 32.99444444444444, 32.99444444444444, 32.98888888888889, 32.97222222222222, 32.96666666666667, 32.983333333333334, 32.983333333333334, 32.977777777777774, 32.977777777777774, 32.98888888888889, 32.98888888888889, 32.983333333333334, 32.98888888888889, 32.97222222222222, 32.977777777777774, 32.983333333333334, 32.98888888888889, 32.98888888888889, 32.983333333333334, 32.983333333333334, 32.983333333333334, 32.983333333333334, 32.983333333333334, 32.977777777777774, 32.983333333333334, 32.94444444444444, 32.97222222222222, 32.98888888888889, 32.977777777777774, 32.977777777777774, 32.983333333333334, 32.983333333333334, 32.99444444444444, 32.977777777777774, 32.977777777777774, 32.97222222222222, 32.977777777777774, 32.977777777777774, 32.97222222222222, 32.955555555555556, 32.96111111111111, 32.96666666666667, 32.96111111111111, 32.96666666666667, 32.97222222222222, 32.96666666666667, 32.96666666666667, 32.97222222222222, 32.97222222222222, 32.977777777777774, 32.97222222222222, 32.983333333333334, 32.977777777777774, 32.96666666666667, 32.97222222222222, 32.977777777777774, 32.96666666666667, 32.96666666666667, 32.97222222222222, 32.97222222222222, 32.97222222222222, 32.96666666666667, 32.97222222222222, 32.97222222222222, 32.977777777777774, 32.977777777777774, 32.98888888888889, 32.983333333333334, 32.98888888888889, 32.983333333333334, 32.983333333333334, 32.98888888888889, 32.98888888888889, 32.983333333333334, 32.98888888888889, 32.983333333333334, 32.97222222222222, 32.983333333333334, 32.98888888888889, 32.97777777777778, 32.98888888888889, 32.98888888888889, 32.977777777777774, 32.97222222222222, 32.977777777777774, 32.97222222222222, 32.983333333333334, 32.97222222222222, 32.96666666666667, 32.97222222222222, 32.97222222222222, 32.977777777777774, 32.977777777777774, 32.977777777777774, 32.97222222222222, 32.983333333333334, 32.977777777777774, 32.98888888888889, 32.98888888888889, 32.983333333333334, 32.977777777777774, 32.977777777777774, 32.983333333333334, 32.97222222222222, 32.97222222222222, 32.97222222222222, 32.977777777777774, 32.983333333333334, 32.99444444444444, 32.98888888888889, 32.983333333333334, 32.99444444444444, 32.983333333333334, 32.98888888888889, 32.99444444444444, 32.98888888888889, 32.97777777777778, 32.98888888888889, 32.983333333333334, 32.98888888888889, 32.983333333333334, 32.99444444444444, 32.99444444444444, 32.99444444444444, 32.98888888888889, 32.98888888888889, 33.0, 33.0, 33.0, 32.99444444444444, 33.0, 33.0, 32.983333333333334, 32.983333333333334, 32.983333333333334, 32.983333333333334, 32.977777777777774, 32.983333333333334, 32.983333333333334, 32.983333333333334, 32.977777777777774, 32.983333333333334, 32.98888888888889, 32.977777777777774, 32.977777777777774, 32.96666666666667, 32.98888888888889, 32.977777777777774, 32.983333333333334, 32.977777777777774, 32.98888888888889, 32.983333333333334, 32.983333333333334, 32.983333333333334, 32.98888888888889, 32.98888888888889, 32.983333333333334, 32.98888888888889, 32.98888888888889, 32.98888888888889, 32.99444444444444, 33.0, 33.0, 32.99444444444444, 32.97222222222222, 32.99444444444444, 32.99444444444444, 32.97222222222222, 32.955555555555556, 32.983333333333334, 32.98888888888889, 32.983333333333334, 32.98888888888889, 32.983333333333334, 32.983333333333334, 32.98888888888889, 32.99444444444444, 32.98888888888889, 32.99444444444444, 32.99444444444444, 33.0, 32.983333333333334, 32.99444444444444, 32.99444444444444, 32.98888888888889, 32.98888888888889, 32.983333333333334, 33.0, 33.0, 32.98888888888889, 32.98888888888889, 32.98888888888889, 32.983333333333334, 32.99444444444444, 33.0, 32.99444444444444, 32.983333333333334, 32.99444444444444, 32.99444444444444, 32.97222222222222, 32.96666666666667, 32.983333333333334, 32.97222222222222, 32.97222222222222, 32.97222222222222, 32.97222222222222, 32.983333333333334, 32.98888888888889, 32.977777777777774, 32.983333333333334]",0.8637951105937136,0.8683644420399067,33,"[33, 33, 33, 33, 33, 33, 33, 33, 33, 33, 33, 33, 33, 33, 33, 33, 33, 33, 33, 33, 33, 33, 33, 33, 33, 33, 33, 33, 33, 33, 33, 33, 33, 33, 33, 33, 33, 33, 33, 33, 33, 33, 33, 33, 33, 33, 33, 33, 33, 33, 33, 33, 33, 33, 33, 33, 33, 33, 33, 33, 33, 33, 33, 33, 33, 33, 33, 33, 33, 33, 33, 33, 33, 33, 33, 33, 33, 33, 33, 33, 33, 33, 33, 33, 33, 33, 33, 33, 33, 33, 33, 33, 33, 33, 33, 33, 33, 33, 33, 33, 33, 33, 33, 33, 33, 33, 33, 33, 33, 33, 33, 33, 33, 33, 33, 33, 33, 33, 33, 33, 33, 33, 33, 33, 33, 33, 33, 33, 33, 33, 33, 33, 33, 33, 33, 33, 33, 33, 33, 33, 33, 33, 33, 33, 33, 33, 33, 33, 33, 33, 33, 33, 33, 33, 33, 33, 33, 33, 33, 33, 33, 33, 33, 33, 33, 33, 33, 33, 33, 33, 33, 33, 33, 33, 33, 33, 33, 33, 33, 33, 33, 33, 33, 33, 33, 33, 33, 33, 33, 33, 33, 33, 33, 33, 33, 33, 33, 33, 33, 33, 33, 33, 33, 33, 33, 33, 33, 33, 33, 33, 33, 33, 33, 33, 33, 33, 33, 33, 33, 33, 33, 33, 33, 33, 33, 33, 33, 33, 33, 33, 33, 33, 33, 33, 33, 33, 33, 33, 33, 33, 33, 33, 33, 33, 33, 33, 33, 33, 33, 33, 33, 33, 33, 33, 33, 33, 33, 33, 33, 33, 33, 33, 33, 33, 33, 33, 33, 33, 33, 33]",270,"[0.585561990737915, 0.5024168491363525, 0.4591594636440277, 0.434727281332016, 0.42012327909469604, 0.4107031226158142, 0.4043198525905609, 0.39968588948249817, 0.3961941599845886, 0.39340969920158386, 0.3911244869232178, 0.38915470242500305, 0.38744357228279114, 0.38589194416999817, 0.3844775855541229, 0.3831675350666046, 0.3819490075111389, 0.3808118402957916, 0.3797355890274048, 0.3787138760089874, 0.3777391016483307, 0.3768080174922943, 0.3759227693080902, 0.37507233023643494, 0.3742521405220032, 0.37346285581588745, 0.37270358204841614, 0.37196922302246094, 0.3712620437145233, 0.3705761730670929, 0.3699086010456085, 0.3692631125450134, 0.3686327040195465, 0.36802759766578674, 0.3674336373806, 0.3668574392795563, 0.36628997325897217, 0.3657386898994446, 0.3651945888996124, 0.3646581172943115, 0.36413583159446716, 0.363622784614563, 0.36311665177345276, 0.36261749267578125, 0.36212408542633057, 0.36163902282714844, 0.36115944385528564, 0.3606855273246765, 0.3602161109447479, 0.35975319147109985, 0.35929200053215027, 0.3588423430919647, 0.3583871126174927, 0.357939213514328, 0.3574926257133484, 0.35704928636550903, 0.356607586145401, 0.3561638593673706, 0.35572493076324463, 0.35529178380966187, 0.3548593819141388, 0.3544255793094635, 0.35399559140205383, 0.35355961322784424, 0.3531290292739868, 0.35270243883132935, 0.35227227210998535, 0.3518480360507965, 0.3514292538166046, 0.3510010242462158, 0.3505704998970032, 0.3501546084880829, 0.3497364819049835, 0.34931111335754395, 0.34887439012527466, 0.3484480679035187, 0.348015695810318, 0.3475917875766754, 0.3471682667732239, 0.3467395007610321, 0.34630656242370605, 0.3458750247955322, 0.345449298620224, 0.3450247049331665, 0.34459197521209717, 0.34416407346725464, 0.34372779726982117, 0.34329357743263245, 0.34285980463027954, 0.34242403507232666, 0.34197941422462463, 0.3415440618991852, 0.3411097824573517, 0.34067681431770325, 0.3402401804924011, 0.33979958295822144, 0.3393583297729492, 0.33891910314559937, 0.33848148584365845, 0.33803316950798035, 0.33758848905563354, 0.33714979887008667, 0.3367079794406891, 0.33626383543014526, 0.33582308888435364, 0.3353804349899292, 0.3349314033985138, 0.33447587490081787, 0.3340322971343994, 0.33358126878738403, 0.33312973380088806, 0.33268043398857117, 0.33223220705986023, 0.33178284764289856, 0.33133167028427124, 0.33087635040283203, 0.33042773604393005, 0.3299731910228729, 0.3295208811759949, 0.3290686309337616, 0.3286077082157135, 0.32815074920654297, 0.32769575715065, 0.3272378444671631, 0.32678377628326416, 0.32632678747177124, 0.32587409019470215, 0.3254213333129883, 0.32496410608291626, 0.32451069355010986, 0.32406216859817505, 0.3236069083213806, 0.32315436005592346, 0.32269516587257385, 0.3222408592700958, 0.32178372144699097, 0.3213213384151459, 0.3208661377429962, 0.32041358947753906, 0.31995728611946106, 0.31950414180755615, 0.3190562427043915, 0.3186027705669403, 0.31814995408058167, 0.3176976144313812, 0.31724920868873596, 0.3168029189109802, 0.31635794043540955, 0.3159061372280121, 0.3154585361480713, 0.3150118887424469, 0.314566045999527, 0.3141217529773712, 0.3136749267578125, 0.31323936581611633, 0.31279677152633667, 0.31235459446907043, 0.3119174838066101, 0.311479389667511, 0.3110426962375641, 0.31060412526130676, 0.3101672828197479, 0.3097304403781891, 0.30929988622665405, 0.30886825919151306, 0.3084445297718048, 0.30801647901535034, 0.3075915277004242, 0.30716463923454285, 0.30673748254776, 0.3063177466392517, 0.3058992624282837, 0.3054801821708679, 0.30506208539009094, 0.3046472370624542, 0.30423295497894287, 0.30382248759269714, 0.3034132719039917, 0.30300819873809814, 0.3026021718978882, 0.302196204662323, 0.3017946481704712, 0.3013923764228821, 0.3009949028491974, 0.30059587955474854, 0.3002021908760071, 0.29981398582458496, 0.29943275451660156, 0.29904240369796753, 0.29865220189094543, 0.2982631027698517, 0.29787999391555786, 0.29749539494514465, 0.29711467027664185, 0.29673728346824646, 0.29635584354400635, 0.29598185420036316, 0.29560956358909607, 0.2952421307563782, 0.29487353563308716, 0.2945091128349304, 0.2941461503505707, 0.2937859892845154, 0.29342949390411377, 0.29307278990745544, 0.29272639751434326, 0.292368620634079, 0.2920146882534027, 0.2916668653488159, 0.2913210690021515, 0.29098010063171387, 0.29063913226127625, 0.2903010845184326, 0.28996050357818604, 0.2896248400211334, 0.2892882525920868, 0.288949579000473, 0.28861790895462036, 0.2882932722568512, 0.28796708583831787, 0.287642240524292, 0.2873116731643677, 0.2869887053966522, 0.2866635024547577, 0.2863405644893646, 0.2860267460346222, 0.2857101559638977, 0.28539422154426575, 0.285085529088974, 0.2847805917263031, 0.2844727039337158, 0.28416693210601807, 0.28385844826698303, 0.2835600674152374, 0.2832554876804352, 0.2829596996307373, 0.28265756368637085, 0.28236427903175354, 0.28206971287727356, 0.2817763686180115, 0.28147467970848083, 0.2811852693557739, 0.280897319316864, 0.2806169390678406, 0.2803390622138977, 0.2800534665584564, 0.2797645926475525, 0.2794816792011261, 0.2792043685913086, 0.27892500162124634, 0.27864450216293335, 0.27836427092552185, 0.2780861556529999, 0.2778111696243286, 0.27753984928131104, 0.2772728502750397, 0.27699753642082214, 0.27672725915908813, 0.27645930647850037, 0.2761945426464081, 0.2759281098842621, 0.27566128969192505, 0.2753996253013611, 0.2751379609107971, 0.2748710811138153, 0.27461543679237366, 0.2743549644947052, 0.27409231662750244, 0.27383190393447876, 0.2735756039619446]",33.0,"[33.0, 33.0, 33.0, 33.0, 33.0, 33.0, 33.0, 33.0, 33.0, 33.0, 33.0, 33.0, 33.0, 33.0, 33.0, 33.0, 33.0, 33.0, 33.0, 33.0, 33.0, 33.0, 33.0, 33.0, 33.0, 33.0, 33.0, 33.0, 33.0, 33.0, 33.0, 33.0, 33.0, 33.0, 33.0, 33.0, 33.0, 33.0, 33.0, 33.0, 33.0, 33.0, 33.0, 33.0, 33.0, 33.0, 33.0, 33.0, 33.0, 33.0, 33.0, 33.0, 33.0, 33.0, 33.0, 33.0, 33.0, 33.0, 33.0, 33.0, 33.0, 33.0, 33.0, 33.0, 33.0, 33.0, 33.0, 33.0, 33.0, 33.0, 33.0, 33.0, 33.0, 33.0, 33.0, 33.0, 33.0, 33.0, 33.0, 33.0, 33.0, 33.0, 33.0, 33.0, 33.0, 33.0, 33.0, 33.0, 33.0, 33.0, 33.0, 33.0, 33.0, 33.0, 33.0, 33.0, 33.0, 33.0, 33.0, 33.0, 33.0, 33.0, 33.0, 33.0, 33.0, 33.0, 33.0, 33.0, 33.0, 33.0, 33.0, 33.0, 33.0, 33.0, 33.0, 33.0, 33.0, 33.0, 33.0, 33.0, 33.0, 33.0, 33.0, 33.0, 33.0, 33.0, 33.0, 33.0, 33.0, 33.0, 33.0, 33.0, 33.0, 33.0, 33.0, 33.0, 33.0, 33.0, 33.0, 33.0, 33.0, 33.0, 33.0, 33.0, 33.0, 33.0, 33.0, 33.0, 33.0, 33.0, 33.0, 33.0, 33.0, 33.0, 33.0, 33.0, 33.0, 33.0, 33.0, 33.0, 33.0, 33.0, 33.0, 33.0, 33.0, 33.0, 33.0, 33.0, 33.0, 33.0, 33.0, 33.0, 33.0, 33.0, 33.0, 33.0, 33.0, 33.0, 33.0, 33.0, 33.0, 33.0, 33.0, 33.0, 33.0, 33.0, 33.0, 33.0, 33.0, 33.0, 33.0, 33.0, 33.0, 33.0, 33.0, 33.0, 33.0, 33.0, 33.0, 33.0, 33.0, 33.0, 33.0, 33.0, 33.0, 33.0, 33.0, 33.0, 33.0, 33.0, 33.0, 33.0, 33.0, 33.0, 33.0, 33.0, 33.0, 33.0, 33.0, 33.0, 33.0, 33.0, 33.0, 33.0, 33.0, 33.0, 33.0, 33.0, 33.0, 33.0, 33.0, 33.0, 33.0, 33.0, 33.0, 33.0, 33.0, 33.0, 33.0, 33.0, 33.0, 33.0, 33.0, 33.0, 33.0, 33.0, 33.0, 33.0, 33.0, 33.0, 33.0, 33.0, 33.0, 33.0, 33.0, 33.0, 33.0, 33.0, 33.0, 33.0, 33.0, 33.0, 33.0, 33.0, 33.0, 33.0, 33.0, 33.0, 33.0, 33.0]",COMPLETE
