,number,value,datetime_start,datetime_complete,duration,params_batch_size_scaler,params_constant_learning_rate,params_depth,params_epochs,params_kernel_l2,params_num_trees,params_temperature,user_attrs_accuracy_test,user_attrs_accuracy_valid,user_attrs_approximate_feature_sparsity,user_attrs_approximate_feature_sparsity_history,user_attrs_approximate_weight_sparsity,user_attrs_approximate_weight_sparsity_history,user_attrs_auc_test,user_attrs_auc_valid,user_attrs_feature_sparsity,user_attrs_feature_sparsity_history,user_attrs_num_epochs,user_attrs_val_loss_history,user_attrs_weight_sparsity,user_attrs_weight_sparsity_history,state
150,150,0.9203668637528823,2024-08-31 07:42:35.131547,2024-08-31 07:47:24.983910,0 days 00:04:49.852363,1,0.2078255787485186,4,495,0.00285194570267852,15,0.011086189786710124,0.916,0.9325,32,"[33, 33, 33, 33, 33, 33, 33, 33, 33, 33, 33, 33, 33, 33, 33, 33, 33, 33, 33, 33, 33, 33, 33, 33, 33, 33, 33, 33, 33, 33, 33, 33, 33, 33, 33, 33, 33, 33, 33, 33, 33, 33, 33, 33, 33, 33, 33, 33, 33, 33, 33, 33, 33, 33, 33, 33, 33, 33, 33, 33, 33, 33, 33, 33, 33, 33, 33, 33, 33, 33, 33, 33, 33, 33, 33, 33, 33, 33, 33, 33, 33, 33, 33, 33, 33, 33, 33, 33, 33, 33, 33, 33, 33, 33, 33, 33, 33, 33, 33, 33, 33, 33, 33, 33, 33, 33, 33, 33, 33, 33, 33, 33, 33, 33, 33, 33, 33, 33, 33, 33, 33, 33, 33, 33, 33, 33, 33, 33, 33, 33, 33, 33, 33, 33, 33, 33, 33, 33, 33, 33, 33, 33, 33, 33, 33, 33, 33, 33, 33, 33, 33, 33, 33, 33, 33, 33, 33, 33, 33, 33, 33, 33, 32, 32, 32, 32, 32, 32, 32, 32, 32, 32, 32, 32, 32, 32, 32, 32, 32, 32, 32, 32, 32, 32, 32, 32, 32, 32, 32, 32, 32, 32, 32, 32, 32, 32, 32, 32, 32, 32, 32, 32, 32, 32, 32, 32, 32, 32, 32, 32, 32, 32, 32, 32, 32, 32, 32, 32, 32, 32, 32, 32, 32, 32, 32, 32, 32, 32, 32, 32, 32, 32, 32, 32, 32, 32, 32, 32, 32, 32, 32, 32, 32, 32, 32, 32, 32, 32, 32, 32, 32, 32, 32, 32, 32, 32, 32, 32, 32, 32, 32, 32, 32, 32, 32, 32, 32, 32, 32, 32, 32, 32, 32, 32, 32, 32, 32, 32, 32, 32, 32, 32, 32, 32, 32, 32, 32, 32, 32, 32, 32, 32, 32, 32, 32, 32, 32, 32, 32, 32, 32, 32, 32, 32, 32, 32, 32, 32, 32, 32, 32, 32, 32, 32, 32, 32, 32, 32, 32, 32, 32, 32, 32, 32, 32, 32, 32, 32, 32, 32, 32, 32, 32, 32, 32, 32, 32, 32, 32, 32, 32, 32, 32, 32, 32, 32, 32, 32, 32, 32, 32, 32, 32, 32, 32, 32, 32, 32, 32, 32, 32, 32, 32, 32, 32, 32, 32, 32, 32, 32, 32, 32, 32, 32, 32, 32, 32, 32, 32, 32, 32, 32, 32, 32, 32, 32, 32, 32, 32, 32, 32, 32, 32, 32, 32, 32, 32, 32, 32, 32, 32, 32, 32, 32, 32, 32, 32, 32, 32, 32, 32, 32, 32, 32, 32, 32, 32, 32, 32, 32, 32, 32, 32, 32, 32, 32, 32, 32, 32, 32, 32, 32, 32, 32, 32, 32, 32, 32, 32, 32, 32, 32, 32, 32, 32, 32, 32, 32, 32, 32, 32, 32, 32, 32, 32, 32, 32, 32, 32, 32, 32, 32, 32, 32, 32, 32, 32, 32, 32, 32, 32, 32, 32, 32, 32, 32, 32, 32, 32, 32, 32, 32, 32, 32, 32, 32, 32, 32, 32, 32, 32, 32, 32, 32, 32]",31.982222222222223,"[32.955555555555556, 32.96888888888889, 32.986666666666665, 32.986666666666665, 32.977777777777774, 32.97333333333333, 32.98222222222222, 32.97777777777778, 32.96888888888889, 32.964444444444446, 32.986666666666665, 32.96888888888889, 32.98222222222222, 32.98222222222222, 32.99111111111111, 32.98222222222222, 32.995555555555555, 32.986666666666665, 32.99111111111111, 32.986666666666665, 33.0, 32.98222222222222, 32.98222222222222, 32.97333333333333, 32.99111111111111, 32.96888888888889, 32.977777777777774, 32.977777777777774, 32.99111111111111, 32.97777777777778, 32.97777777777778, 32.99111111111111, 32.986666666666665, 32.98222222222222, 32.97777777777778, 32.98222222222222, 32.973333333333336, 32.977777777777774, 32.973333333333336, 32.98222222222222, 32.977777777777774, 32.99111111111111, 32.986666666666665, 32.995555555555555, 32.986666666666665, 32.97777777777778, 32.986666666666665, 32.995555555555555, 32.98222222222222, 32.986666666666665, 32.986666666666665, 32.97777777777778, 32.986666666666665, 32.99111111111111, 32.97777777777778, 32.99111111111111, 33.0, 32.986666666666665, 32.995555555555555, 32.98222222222222, 32.986666666666665, 32.97777777777778, 32.973333333333336, 32.98222222222222, 32.96888888888889, 32.977777777777774, 32.973333333333336, 32.96, 32.99111111111111, 32.986666666666665, 32.995555555555555, 32.986666666666665, 32.99111111111111, 32.986666666666665, 32.99111111111111, 32.98222222222222, 32.98222222222222, 32.995555555555555, 32.96888888888889, 32.97777777777778, 32.99111111111111, 32.995555555555555, 32.99111111111111, 32.98222222222222, 32.98222222222222, 32.97777777777778, 32.97333333333333, 32.99111111111111, 32.99111111111111, 32.995555555555555, 32.995555555555555, 32.98222222222222, 32.98222222222222, 32.97777777777778, 32.995555555555555, 32.986666666666665, 32.995555555555555, 32.986666666666665, 32.99111111111111, 32.986666666666665, 32.973333333333336, 32.98222222222222, 32.98222222222222, 32.97333333333333, 32.973333333333336, 32.97777777777778, 32.973333333333336, 32.99111111111111, 32.97777777777778, 32.96888888888889, 32.986666666666665, 32.99111111111111, 32.986666666666665, 32.973333333333336, 32.995555555555555, 32.99111111111111, 32.986666666666665, 32.98222222222222, 32.99111111111111, 33.0, 32.986666666666665, 32.98222222222222, 32.986666666666665, 32.986666666666665, 32.98222222222222, 32.99111111111111, 32.98222222222222, 32.96888888888889, 32.98222222222222, 32.98222222222222, 32.98222222222222, 32.98222222222222, 33.0, 32.99111111111111, 32.986666666666665, 32.995555555555555, 32.986666666666665, 32.98222222222222, 32.99111111111111, 32.96888888888889, 32.98222222222222, 32.98222222222222, 32.98222222222222, 32.98222222222222, 32.995555555555555, 32.98222222222222, 32.995555555555555, 32.986666666666665, 32.99111111111111, 32.986666666666665, 32.97777777777778, 32.99111111111111, 32.986666666666665, 32.98222222222222, 32.99111111111111, 32.995555555555555, 33.0, 32.98222222222222, 32.99111111111111, 32.99111111111111, 32.995555555555555, 32.98222222222222, 31.99111111111111, 31.99111111111111, 31.986666666666665, 31.986666666666665, 31.982222222222223, 31.986666666666665, 31.982222222222223, 31.977777777777778, 31.982222222222223, 31.97777777777778, 31.99111111111111, 31.97777777777778, 31.977777777777778, 31.97777777777778, 31.99111111111111, 31.982222222222223, 31.99111111111111, 31.995555555555555, 31.99111111111111, 31.98222222222222, 31.982222222222223, 31.982222222222223, 31.995555555555555, 31.986666666666665, 31.99111111111111, 31.99111111111111, 31.995555555555555, 31.99111111111111, 31.986666666666665, 31.973333333333336, 31.98222222222222, 31.973333333333333, 31.977777777777778, 31.986666666666665, 31.99111111111111, 31.99111111111111, 31.986666666666668, 31.986666666666665, 31.99111111111111, 31.986666666666665, 31.98222222222222, 31.97777777777778, 31.982222222222223, 31.99111111111111, 31.986666666666665, 31.982222222222223, 31.986666666666665, 31.97777777777778, 31.97777777777778, 31.982222222222223, 31.97777777777778, 31.973333333333336, 31.973333333333336, 31.97777777777778, 31.982222222222223, 31.982222222222223, 31.977777777777778, 31.977777777777778, 31.98222222222222, 31.986666666666665, 31.99111111111111, 31.995555555555555, 31.986666666666665, 31.982222222222223, 31.99111111111111, 31.986666666666665, 31.99111111111111, 31.99111111111111, 31.99111111111111, 31.97777777777778, 31.986666666666665, 31.986666666666665, 31.995555555555555, 31.99111111111111, 31.977777777777778, 31.986666666666668, 31.986666666666665, 31.986666666666665, 31.99111111111111, 31.986666666666665, 31.982222222222223, 31.982222222222223, 31.982222222222223, 31.99111111111111, 31.986666666666668, 31.986666666666665, 31.982222222222223, 31.982222222222223, 31.995555555555555, 31.977777777777778, 31.995555555555555, 31.995555555555555, 31.99111111111111, 31.982222222222223, 31.982222222222223, 31.99111111111111, 31.986666666666665, 31.986666666666665, 31.982222222222223, 31.986666666666665, 31.977777777777778, 31.98222222222222, 31.99111111111111, 31.99111111111111, 31.986666666666665, 31.98222222222222, 31.986666666666665, 31.986666666666665, 31.973333333333336, 31.982222222222223, 31.98222222222222, 31.99111111111111, 31.995555555555555, 31.986666666666665, 31.99111111111111, 31.986666666666668, 31.986666666666668, 31.995555555555555, 31.99111111111111, 31.99111111111111, 31.986666666666665, 31.982222222222223, 31.97777777777778, 31.96, 31.973333333333336, 31.964444444444446, 31.973333333333333, 31.982222222222223, 31.973333333333336, 31.973333333333333, 31.973333333333333, 31.982222222222223, 31.96888888888889, 31.97777777777778, 31.968888888888888, 31.973333333333333, 31.96, 31.964444444444442, 31.97777777777778, 31.973333333333336, 31.973333333333333, 31.973333333333336, 31.982222222222223, 31.982222222222223, 31.982222222222223, 31.964444444444446, 31.973333333333333, 31.982222222222223, 31.986666666666665, 31.982222222222223, 31.97777777777778, 31.977777777777778, 31.986666666666665, 31.982222222222223, 31.96888888888889, 31.973333333333333, 31.982222222222223, 31.982222222222223, 31.986666666666668, 31.986666666666668, 31.99111111111111, 31.982222222222223, 31.986666666666665, 31.982222222222223, 31.982222222222223, 31.977777777777778, 31.986666666666668, 31.986666666666668, 31.99111111111111, 31.982222222222223, 31.973333333333333, 31.986666666666668, 31.968888888888888, 31.973333333333333, 31.977777777777778, 31.973333333333333, 31.977777777777778, 31.973333333333333, 31.986666666666668, 31.986666666666668, 31.982222222222223, 31.977777777777778, 31.982222222222223, 31.977777777777778, 31.977777777777778, 31.977777777777778, 31.982222222222223, 31.99111111111111, 31.995555555555555, 31.995555555555555, 31.986666666666665, 31.99111111111111, 31.995555555555555, 31.99111111111111, 31.986666666666668, 31.97777777777778, 31.977777777777778, 31.97777777777778, 31.97777777777778, 31.982222222222223, 31.973333333333336, 31.973333333333336, 31.96888888888889, 31.973333333333336, 31.96888888888889, 31.973333333333336, 31.973333333333336, 31.973333333333333, 31.955555555555556, 31.964444444444446, 31.955555555555556, 31.96888888888889, 31.973333333333336, 31.973333333333336, 31.964444444444446, 31.96888888888889, 31.96888888888889, 31.973333333333336, 31.96, 31.96, 31.96, 31.968888888888888, 31.973333333333336, 31.96, 31.973333333333336, 31.96888888888889, 31.96888888888889, 31.96888888888889, 31.973333333333333, 31.964444444444446, 31.977777777777778, 31.973333333333336, 31.96888888888889, 31.96888888888889, 31.973333333333336, 31.973333333333336, 31.97777777777778, 31.986666666666665, 31.982222222222223, 31.977777777777778, 31.98222222222222, 31.986666666666665, 31.99111111111111, 31.99111111111111, 31.995555555555555, 31.995555555555555, 31.986666666666665, 31.986666666666665, 31.99111111111111, 31.986666666666665, 31.99111111111111, 31.99111111111111, 31.982222222222223, 31.982222222222223, 31.986666666666665, 31.98222222222222, 31.982222222222223, 31.982222222222223, 31.982222222222223, 31.977777777777778, 31.986666666666665, 31.99111111111111, 31.986666666666665, 32.0, 32.0, 32.0, 31.995555555555555, 31.986666666666668, 31.977777777777778, 31.97777777777778, 31.982222222222223, 31.982222222222223, 31.986666666666665, 31.97777777777778, 31.982222222222223, 31.986666666666665, 31.97777777777778, 31.98222222222222, 31.97777777777778, 31.977777777777778, 31.982222222222223, 31.97777777777778, 31.97777777777778, 31.964444444444446, 31.973333333333336, 31.986666666666665, 31.986666666666665, 31.986666666666665, 31.97777777777778, 31.986666666666665, 31.986666666666665, 31.982222222222223, 31.99111111111111, 31.986666666666665, 31.986666666666665, 31.986666666666665, 31.986666666666668, 31.986666666666665, 31.97777777777778, 31.982222222222223, 31.982222222222223, 31.986666666666665, 31.986666666666665, 31.995555555555555, 31.995555555555555, 31.98222222222222, 31.986666666666665, 31.995555555555555, 31.986666666666665, 31.982222222222223, 31.995555555555555, 31.99111111111111, 32.0, 31.995555555555555, 31.995555555555555, 31.995555555555555, 31.986666666666665, 31.986666666666665, 31.986666666666665, 31.986666666666665, 31.982222222222223, 31.977777777777778, 31.973333333333333, 31.973333333333333, 31.982222222222223, 31.977777777777778, 31.986666666666665, 31.986666666666665, 31.99111111111111, 31.97777777777778, 31.973333333333336, 31.986666666666665, 31.982222222222223]",0.9045236502943386,0.9203668637528823,32,"[33, 33, 33, 33, 33, 33, 33, 33, 33, 33, 33, 33, 33, 33, 33, 33, 33, 33, 33, 33, 33, 33, 33, 33, 33, 33, 33, 33, 33, 33, 33, 33, 33, 33, 33, 33, 33, 33, 33, 33, 33, 33, 33, 33, 33, 33, 33, 33, 33, 33, 33, 33, 33, 33, 33, 33, 33, 33, 33, 33, 33, 33, 33, 33, 33, 33, 33, 33, 33, 33, 33, 33, 33, 33, 33, 33, 33, 33, 33, 33, 33, 33, 33, 33, 33, 33, 33, 33, 33, 33, 33, 33, 33, 33, 33, 33, 33, 33, 33, 33, 33, 33, 33, 33, 33, 33, 33, 33, 33, 33, 33, 33, 33, 33, 33, 33, 33, 33, 33, 33, 33, 33, 33, 33, 33, 33, 33, 33, 33, 33, 33, 33, 33, 33, 33, 33, 33, 33, 33, 33, 33, 33, 33, 33, 33, 33, 33, 33, 33, 33, 33, 33, 33, 33, 33, 33, 33, 33, 33, 33, 33, 33, 32, 32, 32, 32, 32, 32, 32, 32, 32, 32, 32, 32, 32, 32, 32, 32, 32, 32, 32, 32, 32, 32, 32, 32, 32, 32, 32, 32, 32, 32, 32, 32, 32, 32, 32, 32, 32, 32, 32, 32, 32, 32, 32, 32, 32, 32, 32, 32, 32, 32, 32, 32, 32, 32, 32, 32, 32, 32, 32, 32, 32, 32, 32, 32, 32, 32, 32, 32, 32, 32, 32, 32, 32, 32, 32, 32, 32, 32, 32, 32, 32, 32, 32, 32, 32, 32, 32, 32, 32, 32, 32, 32, 32, 32, 32, 32, 32, 32, 32, 32, 32, 32, 32, 32, 32, 32, 32, 32, 32, 32, 32, 32, 32, 32, 32, 32, 32, 32, 32, 32, 32, 32, 32, 32, 32, 32, 32, 32, 32, 32, 32, 32, 32, 32, 32, 32, 32, 32, 32, 32, 32, 32, 32, 32, 32, 32, 32, 32, 32, 32, 32, 32, 32, 32, 32, 32, 32, 32, 32, 32, 32, 32, 32, 32, 32, 32, 32, 32, 32, 32, 32, 32, 32, 32, 32, 32, 32, 32, 32, 32, 32, 32, 32, 32, 32, 32, 32, 32, 32, 32, 32, 32, 32, 32, 32, 32, 32, 32, 32, 32, 32, 32, 32, 32, 32, 32, 32, 32, 32, 32, 32, 32, 32, 32, 32, 32, 32, 32, 32, 32, 32, 32, 32, 32, 32, 32, 32, 32, 32, 32, 32, 32, 32, 32, 32, 32, 32, 32, 32, 32, 32, 32, 32, 32, 32, 32, 32, 32, 32, 32, 32, 32, 32, 32, 32, 32, 32, 32, 32, 32, 32, 32, 32, 32, 32, 32, 32, 32, 32, 32, 32, 32, 32, 32, 32, 32, 32, 32, 32, 32, 32, 32, 32, 32, 32, 32, 32, 32, 32, 32, 32, 32, 32, 32, 32, 32, 32, 32, 32, 32, 32, 32, 32, 32, 32, 32, 32, 32, 32, 32, 32, 32, 32, 32, 32, 32, 32, 32, 32, 32, 32, 32, 32, 32, 32, 32, 32, 32, 32, 32, 32, 32, 32]",495,"[0.3621424436569214, 0.33912619948387146, 0.31451281905174255, 0.29864564538002014, 0.27152159810066223, 0.26016369462013245, 0.2524183392524719, 0.24718892574310303, 0.23153643310070038, 0.218406543135643, 0.2119293361902237, 0.20644904673099518, 0.20607776939868927, 0.19690485298633575, 0.19142599403858185, 0.19117112457752228, 0.18473756313323975, 0.18802756071090698, 0.18244236707687378, 0.1934821456670761, 0.1839987188577652, 0.1888846755027771, 0.18217869102954865, 0.19238701462745667, 0.18268971145153046, 0.17713606357574463, 0.1794232428073883, 0.17591385543346405, 0.1798860877752304, 0.1809258610010147, 0.18844656646251678, 0.17593683302402496, 0.17640884220600128, 0.17303751409053802, 0.17315392196178436, 0.1824381947517395, 0.1728905439376831, 0.1753672957420349, 0.1812572479248047, 0.17420470714569092, 0.18077857792377472, 0.17326992750167847, 0.18034519255161285, 0.17517192661762238, 0.17165741324424744, 0.17860008776187897, 0.1753557175397873, 0.176925390958786, 0.17653614282608032, 0.1785440593957901, 0.17755700647830963, 0.18471555411815643, 0.18054933845996857, 0.18723125755786896, 0.1808190494775772, 0.1844513714313507, 0.1841694414615631, 0.193956196308136, 0.18515710532665253, 0.18841856718063354, 0.18264341354370117, 0.18786755204200745, 0.18873949348926544, 0.18106435239315033, 0.18682417273521423, 0.19185912609100342, 0.19458909332752228, 0.19580017030239105, 0.19826161861419678, 0.1984158456325531, 0.1926034688949585, 0.19977563619613647, 0.19441460072994232, 0.20308971405029297, 0.20321641862392426, 0.20439636707305908, 0.20559291541576385, 0.20053285360336304, 0.2056865692138672, 0.20666465163230896, 0.20912286639213562, 0.2116134762763977, 0.21307125687599182, 0.21203604340553284, 0.21770595014095306, 0.2157432734966278, 0.21728210151195526, 0.21492227911949158, 0.21565671265125275, 0.22006864845752716, 0.21987247467041016, 0.21614469587802887, 0.22729700803756714, 0.22815950214862823, 0.22440965473651886, 0.22567518055438995, 0.2283308357000351, 0.22727958858013153, 0.23102085292339325, 0.22539156675338745, 0.23276397585868835, 0.2327033430337906, 0.22990188002586365, 0.23450767993927002, 0.23372307419776917, 0.2347111850976944, 0.23410996794700623, 0.23704113066196442, 0.2448822557926178, 0.24097223579883575, 0.24067413806915283, 0.24549683928489685, 0.24321767687797546, 0.24789001047611237, 0.2504686117172241, 0.24780704081058502, 0.24601827561855316, 0.2540007531642914, 0.2570454478263855, 0.26577529311180115, 0.25480717420578003, 0.2567952275276184, 0.25899940729141235, 0.26193511486053467, 0.2597779333591461, 0.25900495052337646, 0.26585474610328674, 0.26427021622657776, 0.26269641518592834, 0.26269084215164185, 0.2686232626438141, 0.26677682995796204, 0.2676900327205658, 0.2713780403137207, 0.284351646900177, 0.2755584418773651, 0.27348318696022034, 0.273369699716568, 0.2854190766811371, 0.27936089038848877, 0.284473180770874, 0.2859693169593811, 0.28843608498573303, 0.2871929705142975, 0.28585001826286316, 0.28712835907936096, 0.297825425863266, 0.2894357740879059, 0.2943533957004547, 0.2991189658641815, 0.2903191149234772, 0.2930188775062561, 0.29596641659736633, 0.2982722818851471, 0.2959153652191162, 0.3005731701850891, 0.3024519979953766, 0.30897238850593567, 0.30509647727012634, 0.30498120188713074, 0.3045976161956787, 0.30618229508399963, 0.31124863028526306, 0.3136177361011505, 0.31242409348487854, 0.3126083314418793, 0.3115934431552887, 0.31727099418640137, 0.31548333168029785, 0.31534913182258606, 0.3152373135089874, 0.3143860697746277, 0.31619176268577576, 0.31853458285331726, 0.3152267336845398, 0.32017022371292114, 0.3230476379394531, 0.3222459852695465, 0.3215852379798889, 0.3225597143173218, 0.32465022802352905, 0.32514214515686035, 0.3253398835659027, 0.3265044093132019, 0.3280753195285797, 0.32802191376686096, 0.3291812241077423, 0.32719478011131287, 0.3327309787273407, 0.330700159072876, 0.3305862545967102, 0.3348156809806824, 0.33268627524375916, 0.3345484435558319, 0.33736488223075867, 0.3345409035682678, 0.33623379468917847, 0.3354085087776184, 0.3379329741001129, 0.3394090533256531, 0.3371002674102783, 0.3372488021850586, 0.3382939100265503, 0.3427112102508545, 0.34149208664894104, 0.3417447805404663, 0.342340886592865, 0.3441320061683655, 0.3448629379272461, 0.34489867091178894, 0.3460412919521332, 0.3492029309272766, 0.34528619050979614, 0.3481571078300476, 0.3464343249797821, 0.3499716818332672, 0.3480711877346039, 0.3466862440109253, 0.3487129211425781, 0.3512171804904938, 0.3516817092895508, 0.35320839285850525, 0.35051265358924866, 0.35347670316696167, 0.3520384728908539, 0.35382401943206787, 0.3543757200241089, 0.3566907048225403, 0.35453006625175476, 0.3541420102119446, 0.35695120692253113, 0.3569851815700531, 0.35534560680389404, 0.35778748989105225, 0.35723480582237244, 0.3577735126018524, 0.3589792251586914, 0.3578939735889435, 0.3594183027744293, 0.3614097237586975, 0.3598286807537079, 0.35654181241989136, 0.3586176037788391, 0.3600600063800812, 0.3611767888069153, 0.3631751537322998, 0.36477959156036377, 0.3617195188999176, 0.36149081587791443, 0.36582306027412415, 0.36273491382598877, 0.36580196022987366, 0.36534059047698975, 0.3645973205566406, 0.3658435344696045, 0.3680485188961029, 0.3692578971385956, 0.36649489402770996, 0.3662954568862915, 0.366964191198349, 0.3670724630355835, 0.36838337779045105, 0.3682982325553894, 0.368180513381958, 0.3696417212486267, 0.3705156445503235, 0.36817798018455505, 0.36933043599128723, 0.3702920973300934, 0.37030288577079773, 0.3727133572101593, 0.3704349398612976, 0.37116190791130066, 0.3724364936351776, 0.3723672032356262, 0.372264564037323, 0.3727168142795563, 0.37271544337272644, 0.3746285140514374, 0.37154242396354675, 0.37193942070007324, 0.3745727837085724, 0.3740383982658386, 0.3742343783378601, 0.3761745095252991, 0.37564948201179504, 0.3763454556465149, 0.3771989941596985, 0.3755319118499756, 0.37697234749794006, 0.3759738802909851, 0.3770638704299927, 0.37791988253593445, 0.377841591835022, 0.37834838032722473, 0.3776381015777588, 0.37922990322113037, 0.37916019558906555, 0.38073432445526123, 0.37853842973709106, 0.3792248070240021, 0.3787868022918701, 0.3804228603839874, 0.3797323703765869, 0.3807367980480194, 0.3814067840576172, 0.37957218289375305, 0.3814930319786072, 0.3810459077358246, 0.38230812549591064, 0.38064292073249817, 0.3807598352432251, 0.3804816007614136, 0.383559912443161, 0.3823823928833008, 0.3831784129142761, 0.38380104303359985, 0.3835059404373169, 0.3830777108669281, 0.3838360905647278, 0.3838592767715454, 0.38303321599960327, 0.38438454270362854, 0.38402220606803894, 0.38437870144844055, 0.38524001836776733, 0.38486695289611816, 0.38616809248924255, 0.3858768343925476, 0.3857766389846802, 0.3861623704433441, 0.3861362934112549, 0.3874414563179016, 0.3871213495731354, 0.38711073994636536, 0.3869236707687378, 0.3870764970779419, 0.3868296146392822, 0.3880441188812256, 0.3883146345615387, 0.38855597376823425, 0.38748329877853394, 0.39023736119270325, 0.3892863094806671, 0.39013442397117615, 0.38971447944641113, 0.3892586827278137, 0.38865453004837036, 0.38916271924972534, 0.3901114761829376, 0.39079463481903076, 0.39037859439849854, 0.39008358120918274, 0.38994652032852173, 0.39016950130462646, 0.38983580470085144, 0.3915575444698334, 0.3914220333099365, 0.3917738199234009, 0.3912304937839508, 0.3916817605495453, 0.39145970344543457, 0.3918954133987427, 0.3915705382823944, 0.3903496265411377, 0.3926091492176056, 0.3916894495487213, 0.3939056694507599, 0.3931932747364044, 0.3928945064544678, 0.3934277594089508, 0.3935845196247101, 0.39389240741729736, 0.3937