,number,value,datetime_start,datetime_complete,duration,params_batch_size_scaler,params_constant_learning_rate,params_depth,params_epochs,params_kernel_l2,params_num_trees,params_temperature,user_attrs_accuracy_test,user_attrs_accuracy_valid,user_attrs_approximate_feature_sparsity,user_attrs_approximate_feature_sparsity_history,user_attrs_approximate_weight_sparsity,user_attrs_approximate_weight_sparsity_history,user_attrs_auc_test,user_attrs_auc_valid,user_attrs_feature_sparsity,user_attrs_feature_sparsity_history,user_attrs_num_epochs,user_attrs_val_loss_history,user_attrs_weight_sparsity,user_attrs_weight_sparsity_history,state
47,47,0.9252231711558526,2024-08-31 02:39:45.178190,2024-08-31 02:45:40.557266,0 days 00:05:55.379076,1,0.01028170992849851,3,320,0.03785322076430055,78,0.021782297981071976,0.936,0.935,33,"[33, 33, 33, 33, 33, 33, 33, 33, 33, 33, 33, 33, 33, 33, 33, 33, 33, 33, 33, 33, 33, 33, 33, 33, 33, 33, 33, 33, 33, 33, 33, 33, 33, 33, 33, 33, 33, 33, 33, 33, 33, 33, 33, 33, 33, 33, 33, 33, 33, 33, 33, 33, 33, 33, 33, 33, 33, 33, 33, 33, 33, 33, 33, 33, 33, 33, 33, 33, 33, 33, 33, 33, 33, 33, 33, 33, 33, 33, 33, 33, 33, 33, 33, 33, 33, 33, 33, 33, 33, 33, 33, 33, 33, 33, 33, 33, 33, 33, 33, 33, 33, 33, 33, 33, 33, 33, 33, 33, 33, 33, 33, 33, 33, 33, 33, 33, 33, 33, 33, 33, 33, 33, 33, 33, 33, 33, 33, 33, 33, 33, 33, 33, 33, 33, 33, 33, 33, 33, 33, 33, 33, 33, 33, 33, 33, 33, 33, 33, 33, 33, 33, 33, 33, 33, 33, 33, 33, 33, 33, 33, 33, 33, 33, 33, 33, 33, 33, 33, 33, 33, 33, 33, 33, 33, 33, 33, 33, 33, 33, 33, 33, 33, 33, 33, 33, 33, 33, 33, 33, 33, 33, 33, 33, 33, 33, 33, 33, 33, 33, 33, 33, 33, 33, 33, 33, 33, 33, 33, 33, 33, 33, 33, 33, 33, 33, 33, 33, 33, 33, 33, 33, 33, 33, 33, 33, 33, 33, 33, 33, 33, 33, 33, 33, 33, 33, 33, 33, 33, 33, 33, 33, 33, 33, 33, 33, 33, 33, 33, 33, 33, 33, 33, 33, 33, 33, 33, 33, 33, 33, 33, 33, 33, 33, 33, 33, 33, 33, 33, 33, 33, 33, 33, 33, 33, 33, 33, 33, 33, 33, 33, 33, 33, 33, 33, 33, 33, 33, 33, 33, 33, 33, 33, 33, 33, 33, 33, 33, 33, 33, 33, 33, 33, 33, 33, 33, 33, 33, 33, 33, 33, 33, 33, 33, 33, 33, 33, 33, 33, 33, 33]",32.96886446886447,"[32.967032967032964, 32.96153846153847, 32.95421245421245, 32.97802197802198, 32.96153846153846, 32.96886446886447, 32.972527472527474, 32.97985347985348, 32.976190476190474, 32.98901098901099, 32.98168498168498, 32.97435897435898, 32.972527472527474, 32.97802197802198, 32.97069597069597, 32.98351648351648, 32.96886446886447, 32.96520146520146, 32.972527472527474, 32.96520146520147, 32.96336996336996, 32.96520146520147, 32.97069597069597, 32.967032967032964, 32.97069597069597, 32.96153846153846, 32.95238095238095, 32.96153846153846, 32.96153846153846, 32.95787545787546, 32.96336996336996, 32.97435897435898, 32.96153846153846, 32.967032967032964, 32.967032967032964, 32.96520146520147, 32.972527472527474, 32.97069597069597, 32.96886446886447, 32.97069597069597, 32.96336996336996, 32.97069597069597, 32.97802197802198, 32.972527472527474, 32.976190476190474, 32.96520146520146, 32.96336996336996, 32.96520146520147, 32.96886446886447, 32.96520146520147, 32.967032967032964, 32.96886446886447, 32.96520146520147, 32.967032967032964, 32.96336996336996, 32.96886446886447, 32.96153846153846, 32.97069597069597, 32.96520146520147, 32.97069597069597, 32.97069597069597, 32.967032967032964, 32.96336996336996, 32.956043956043956, 32.96520146520147, 32.95970695970696, 32.95970695970696, 32.96153846153846, 32.96336996336996, 32.97802197802198, 32.96520146520147, 32.96520146520147, 32.967032967032964, 32.96336996336996, 32.96336996336996, 32.97435897435898, 32.97069597069597, 32.95787545787546, 32.96336996336996, 32.97069597069597, 32.96520146520147, 32.96886446886447, 32.97069597069597, 32.96520146520147, 32.972527472527474, 32.976190476190474, 32.97802197802198, 32.97435897435897, 32.97435897435898, 32.97435897435898, 32.97069597069597, 32.96886446886447, 32.95787545787546, 32.972527472527474, 32.96336996336996, 32.96886446886447, 32.967032967032964, 32.96886446886447, 32.97985347985348, 32.976190476190474, 32.96153846153846, 32.97802197802198, 32.97069597069597, 32.96886446886447, 32.967032967032964, 32.97802197802198, 32.972527472527474, 32.967032967032964, 32.972527472527474, 32.96520146520147, 32.97802197802198, 32.976190476190474, 32.97069597069597, 32.96336996336996, 32.96336996336996, 32.972527472527474, 32.967032967032964, 32.96886446886447, 32.96520146520147, 32.956043956043956, 32.97069597069597, 32.96886446886447, 32.96886446886447, 32.95787545787546, 32.95970695970696, 32.967032967032964, 32.967032967032964, 32.96886446886447, 32.96886446886447, 32.976190476190474, 32.97435897435898, 32.967032967032964, 32.95970695970696, 32.95238095238095, 32.946886446886445, 32.96336996336996, 32.96336996336996, 32.96886446886447, 32.976190476190474, 32.97069597069597, 32.967032967032964, 32.96886446886447, 32.967032967032964, 32.96520146520147, 32.96336996336996, 32.95787545787546, 32.95787545787546, 32.95970695970696, 32.95970695970696, 32.96886446886447, 32.97069597069597, 32.967032967032964, 32.96886446886447, 32.96520146520147, 32.959706959706956, 32.96886446886447, 32.967032967032964, 32.96336996336996, 32.96520146520147, 32.95238095238095, 32.94871794871795, 32.95787545787546, 32.95421245421245, 32.95421245421245, 32.956043956043956, 32.96153846153846, 32.96886446886447, 32.96520146520147, 32.94871794871795, 32.95238095238095, 32.95787545787546, 32.95970695970696, 32.96520146520147, 32.96520146520147, 32.95970695970696, 32.95970695970696, 32.96336996336996, 32.96153846153846, 32.96153846153846, 32.95787545787546, 32.956043956043956, 32.956043956043956, 32.96336996336996, 32.96336996336996, 32.96153846153846, 32.96336996336996, 32.96520146520147, 32.96520146520147, 32.959706959706956, 32.967032967032964, 32.967032967032964, 32.97435897435898, 32.972527472527474, 32.96886446886447, 32.97802197802198, 32.97435897435898, 32.96520146520147, 32.96520146520146, 32.96520146520147, 32.96153846153846, 32.967032967032964, 32.96520146520147, 32.967032967032964, 32.967032967032964, 32.96520146520147, 32.96520146520147, 32.95787545787546, 32.95238095238095, 32.96153846153846, 32.96336996336996, 32.95970695970696, 32.96886446886447, 32.959706959706956, 32.959706959706956, 32.96153846153846, 32.96153846153846, 32.95421245421245, 32.956043956043956, 32.96336996336996, 32.96520146520147, 32.96520146520147, 32.96520146520147, 32.96886446886447, 32.96520146520147, 32.967032967032964, 32.967032967032964, 32.96886446886447, 32.976190476190474, 32.97985347985348, 32.97985347985348, 32.97069597069597, 32.976190476190474, 32.96153846153846, 32.96336996336996, 32.96520146520147, 32.96153846153846, 32.96336996336996, 32.972527472527474, 32.96886446886447, 32.97435897435898, 32.967032967032964, 32.972527472527474, 32.97435897435898, 32.97985347985348, 32.97802197802198, 32.97069597069597, 32.96886446886447, 32.96153846153846, 32.96520146520147, 32.96886446886447, 32.967032967032964, 32.96153846153846, 32.967032967032964, 32.96153846153846, 32.96153846153846, 32.96336996336996, 32.97069597069597, 32.96886446886447, 32.97435897435898, 32.97435897435898, 32.97435897435898, 32.97435897435898, 32.97802197802198, 32.972527472527474, 32.97069597069597, 32.96886446886447, 32.967032967032964, 32.97435897435898, 32.976190476190474, 32.97069597069597, 32.967032967032964, 32.97435897435898, 32.972527472527474, 32.967032967032964, 32.96520146520147, 32.95238095238095, 32.96153846153846, 32.96336996336996, 32.96886446886447, 32.972527472527474, 32.96886446886447, 32.967032967032964, 32.96336996336996, 32.95787545787546, 32.95970695970696, 32.95421245421245, 32.96886446886447, 32.967032967032964, 32.959706959706956, 32.95787545787546, 32.967032967032964, 32.96336996336996, 32.96336996336996, 32.97069597069597, 32.97069597069597, 32.97435897435898, 32.97435897435898, 32.97069597069597, 32.97435897435898, 32.96153846153846, 32.96520146520147, 32.96886446886447, 32.97069597069597, 32.96520146520147, 32.97069597069597, 32.97435897435898, 32.972527472527474, 32.97435897435898, 32.96520146520147, 32.967032967032964, 32.96153846153846, 32.972527472527474, 32.967032967032964, 32.97069597069597, 32.97435897435897, 32.976190476190474, 32.97435897435898, 32.97435897435898, 32.972527472527474, 32.96886446886447]",0.9102287832627416,0.9252231711558526,33,"[33, 33, 33, 33, 33, 33, 33, 33, 33, 33, 33, 33, 33, 33, 33, 33, 33, 33, 33, 33, 33, 33, 33, 33, 33, 33, 33, 33, 33, 33, 33, 33, 33, 33, 33, 33, 33, 33, 33, 33, 33, 33, 33, 33, 33, 33, 33, 33, 33, 33, 33, 33, 33, 33, 33, 33, 33, 33, 33, 33, 33, 33, 33, 33, 33, 33, 33, 33, 33, 33, 33, 33, 33, 33, 33, 33, 33, 33, 33, 33, 33, 33, 33, 33, 33, 33, 33, 33, 33, 33, 33, 33, 33, 33, 33, 33, 33, 33, 33, 33, 33, 33, 33, 33, 33, 33, 33, 33, 33, 33, 33, 33, 33, 33, 33, 33, 33, 33, 33, 33, 33, 33, 33, 33, 33, 33, 33, 33, 33, 33, 33, 33, 33, 33, 33, 33, 33, 33, 33, 33, 33, 33, 33, 33, 33, 33, 33, 33, 33, 33, 33, 33, 33, 33, 33, 33, 33, 33, 33, 33, 33, 33, 33, 33, 33, 33, 33, 33, 33, 33, 33, 33, 33, 33, 33, 33, 33, 33, 33, 33, 33, 33, 33, 33, 33, 33, 33, 33, 33, 33, 33, 33, 33, 33, 33, 33, 33, 33, 33, 33, 33, 33, 33, 33, 33, 33, 33, 33, 33, 33, 33, 33, 33, 33, 33, 33, 33, 33, 33, 33, 33, 33, 33, 33, 33, 33, 33, 33, 33, 33, 33, 33, 33, 33, 33, 33, 33, 33, 33, 33, 33, 33, 33, 33, 33, 33, 33, 33, 33, 33, 33, 33, 33, 33, 33, 33, 33, 33, 33, 33, 33, 33, 33, 33, 33, 33, 33, 33, 33, 33, 33, 33, 33, 33, 33, 33, 33, 33, 33, 33, 33, 33, 33, 33, 33, 33, 33, 33, 33, 33, 33, 33, 33, 33, 33, 33, 33, 33, 33, 33, 33, 33, 33, 33, 33, 33, 33, 33, 33, 33, 33, 33, 33, 33, 33, 33, 33, 33, 33, 33]",320,"[0.39831554889678955, 0.3908616900444031, 0.3864460289478302, 0.3817617893218994, 0.38004982471466064, 0.37634074687957764, 0.3742503225803375, 0.37237367033958435, 0.37111416459083557, 0.3693031370639801, 0.3677690029144287, 0.3665596842765808, 0.3654375374317169, 0.36394691467285156, 0.3626260757446289, 0.3613364100456238, 0.36039721965789795, 0.3595976233482361, 0.35782086849212646, 0.356428325176239, 0.3554459810256958, 0.35409700870513916, 0.3537136912345886, 0.35191410779953003, 0.3508727550506592, 0.34973010420799255, 0.3487282693386078, 0.34773093461990356, 0.34668204188346863, 0.34569790959358215, 0.34474581480026245, 0.3436647653579712, 0.3431144654750824, 0.3418039381504059, 0.340791255235672, 0.3398268222808838, 0.33899757266044617, 0.3380431830883026, 0.3370644450187683, 0.3361562490463257, 0.3352169096469879, 0.33449286222457886, 0.33344927430152893, 0.33283764123916626, 0.3317631185054779, 0.33079472184181213, 0.33017122745513916, 0.32900696992874146, 0.3284618854522705, 0.3274230659008026, 0.32644355297088623, 0.3260635435581207, 0.32463082671165466, 0.3252335488796234, 0.32354736328125, 0.32218265533447266, 0.3213364779949188, 0.320302277803421, 0.31935858726501465, 0.3183346390724182, 0.3174402117729187, 0.3166252672672272, 0.3156529366970062, 0.3155598044395447, 0.31389904022216797, 0.3129371404647827, 0.31179702281951904, 0.3106917440891266, 0.3100040853023529, 0.3089265525341034, 0.30822157859802246, 0.30674418807029724, 0.3063429594039917, 0.3049139678478241, 0.30371904373168945, 0.3024960458278656, 0.30166110396385193, 0.30107277631759644, 0.2994039058685303, 0.298180490732193, 0.2971549332141876, 0.29688334465026855, 0.2952233552932739, 0.2937668263912201, 0.29330673813819885, 0.2916058301925659, 0.29061225056648254, 0.28947457671165466, 0.288369745016098, 0.287282794713974, 0.28631070256233215, 0.2856389880180359, 0.28407731652259827, 0.2829602360725403, 0.2819763422012329, 0.28092092275619507, 0.2801974415779114, 0.2790530323982239, 0.2782987654209137, 0.27694714069366455, 0.27672213315963745, 0.2757266163825989, 0.274496853351593, 0.2736649811267853, 0.2725234627723694, 0.2715628445148468, 0.27072519063949585, 0.27007266879081726, 0.2690201997756958, 0.2683473229408264, 0.26819151639938354, 0.26678135991096497, 0.26587072014808655, 0.26525378227233887, 0.2645576298236847, 0.263776570558548, 0.26300349831581116, 0.2628059983253479, 0.26183873414993286, 0.2616744637489319, 0.26052796840667725, 0.2598947584629059, 0.25950032472610474, 0.25867316126823425, 0.25837430357933044, 0.257671058177948, 0.2574061453342438, 0.2566092014312744, 0.2559087872505188, 0.2553800344467163, 0.25497618317604065, 0.25446993112564087, 0.2539888322353363, 0.2533436715602875, 0.2527635097503662, 0.2526678144931793, 0.2518376410007477, 0.2515231966972351, 0.25136733055114746, 0.25038230419158936, 0.250083863735199, 0.24965117871761322, 0.2497856169939041, 0.24859610199928284, 0.24911187589168549, 0.24798406660556793, 0.2471858263015747, 0.24725288152694702, 0.24622997641563416, 0.2460864633321762, 0.24543020129203796, 0.24498048424720764, 0.24491921067237854, 0.24448689818382263, 0.24440540373325348, 0.2434389293193817, 0.24389564990997314, 0.24308912456035614, 0.24234651029109955, 0.24211466312408447, 0.24184194207191467, 0.24148449301719666, 0.24085260927677155, 0.24110856652259827, 0.24011988937854767, 0.23981241881847382, 0.23936006426811218, 0.23920878767967224, 0.2383594512939453, 0.2390848994255066, 0.2380557507276535, 0.2376634031534195, 0.23816326260566711, 0.2371976524591446, 0.23620149493217468, 0.23666352033615112, 0.2363789975643158, 0.2354811728000641, 0.23469768464565277, 0.2343776524066925, 0.2344835251569748, 0.2334921807050705, 0.23352955281734467, 0.23312556743621826, 0.23364515602588654, 0.2323014885187149, 0.2324088215827942, 0.23168160021305084, 0.2318967580795288, 0.23080869019031525, 0.2305782437324524, 0.23051750659942627, 0.2300800383090973, 0.2301841676235199, 0.2291039079427719, 0.2290930300951004, 0.228719100356102, 0.22826385498046875, 0.22823335230350494, 0.2274562120437622, 0.22718611359596252, 0.22715546190738678, 0.22660201787948608, 0.226399764418602, 0.22593970596790314, 0.22605445981025696, 0.2257423847913742, 0.22531656920909882, 0.2246270328760147, 0.22483626008033752, 0.22534747421741486, 0.22360752522945404, 0.2240491509437561, 0.22351974248886108, 0.2229291796684265, 0.22285619378089905, 0.22430966794490814, 0.22258739173412323, 0.2216356098651886, 0.22145532071590424, 0.22197389602661133, 0.22106152772903442, 0.22077104449272156, 0.22010326385498047, 0.21995918452739716, 0.2199714481830597, 0.22009724378585815, 0.2192588597536087, 0.21996241807937622, 0.22000564634799957, 0.2183009684085846, 0.21855510771274567, 0.21817398071289062, 0.2181415557861328, 0.21821916103363037, 0.2171780914068222, 0.21687403321266174, 0.21692609786987305, 0.21656997501850128, 0.21615926921367645, 0.2161104381084442, 0.2168794870376587, 0.21551795303821564, 0.21596172451972961, 0.21518652141094208, 0.2148558646440506, 0.2150755375623703, 0.2149827927350998, 0.21503128111362457, 0.21586357057094574, 0.21435551345348358, 0.21343454718589783, 0.21395201981067657, 0.21327346563339233, 0.21297480165958405, 0.2127920389175415, 0.21242180466651917, 0.21351894736289978, 0.21298284828662872, 0.21311265230178833, 0.2129945009946823, 0.21130897104740143, 0.21104586124420166, 0.21192416548728943, 0.21190126240253448, 0.21205733716487885, 0.2107941210269928, 0.2109202742576599, 0.21106591820716858, 0.21073968708515167, 0.2102140635251999, 0.2097017914056778, 0.20973950624465942, 0.2111210823059082, 0.2101230025291443, 0.21089470386505127, 0.2092375010251999, 0.20916998386383057, 0.2086953967809677, 0.20903387665748596, 0.20861169695854187, 0.2097858041524887, 0.20910999178886414, 0.20793646574020386, 0.20814922451972961, 0.20827847719192505, 0.20800645649433136, 0.20812168717384338, 0.2078191339969635, 0.2074545919895172, 0.20662912726402283, 0.20724985003471375, 0.2081773579120636, 0.20860224962234497, 0.2076367884874344, 0.20625051856040955, 0.2062016725540161, 0.20598627626895905, 0.20649036765098572, 0.20633628964424133, 0.20637443661689758, 0.20674589276313782, 0.20648068189620972, 0.20559217035770416, 0.20646832883358002, 0.20678478479385376, 0.20550775527954102, 0.20766590535640717, 0.20434875786304474, 0.2055087834596634, 0.20578418672084808, 0.20559567213058472, 0.2052847295999527, 0.20383363962173462, 0.2041458934545517, 0.20423194766044617, 0.20379993319511414, 0.20386074483394623, 0.20397211611270905, 0.20345184206962585]",33.0,"[33.0, 33.0, 33.0, 33.0, 33.0, 33.0, 33.0, 33.0, 33.0, 33.0, 33.0, 33.0, 33.0, 33.0, 33.0, 33.0, 33.0, 33.0, 33.0, 33.0, 33.0, 33.0, 33.0, 33.0, 33.0, 33.0, 33.0, 33.0, 33.0, 33.0, 33.0, 33.0, 33.0, 33.0, 33.0, 33.0, 33.0, 33.0, 33.0, 33.0, 33.0, 33.0, 33.0, 33.0, 33.0, 33.0, 33.0, 33.0, 33.0, 33.0, 33.0, 33.0, 33.0, 33.0, 33.0, 33.0, 33.0, 33.0, 33.0, 33.0, 33.0, 33.0, 33.0, 33.0, 33.0, 33.0, 33.0, 33.0, 33.0, 33.0, 33.0, 33.0, 33.0, 33.0, 33.0, 33.0, 33.0, 33.0, 33.0, 33.0, 33.0, 33.0, 33.0, 33.0, 33.0, 33.0, 33.0, 33.0, 33.0, 33.0, 33.0, 33.0, 33.0, 33.0, 33.0, 33.0, 33.0, 33.0, 33.0, 33.0, 33.0, 33.0, 33.0, 33.0, 33.0, 33.0, 33.0, 33.0, 33.0, 33.0, 33.0, 33.0, 33.0, 33.0, 33.0, 33.0, 33.0, 33.0, 33.0, 33.0, 33.0, 33.0, 33.0, 33.0, 33.0, 33.0, 33.0, 33.0, 33.0, 33.0, 33.0, 33.0, 33.0, 33.0, 33.0, 33.0, 33.0, 33.0, 33.0, 33.0, 33.0, 33.0, 33.0, 33.0, 33.0, 33.0, 33.0, 33.0, 33.0, 33.0, 33.0, 33.0, 33.0, 33.0, 33.0, 33.0, 33.0, 33.0, 33.0, 33.0, 33.0, 33.0, 33.0, 33.0, 33.0, 33.0, 33.0, 33.0, 33.0, 33.0, 33.0, 33.0, 33.0, 33.0, 33.0, 33.0, 33.0, 33.0, 33.0, 33.0, 33.0, 33.0, 33.0, 33.0, 33.0, 33.0, 33.0, 33.0, 33.0, 33.0, 33.0, 33.0, 33.0, 33.0, 33.0, 33.0, 33.0, 33.0, 33.0, 33.0, 33.0, 33.0, 33.0, 33.0, 33.0, 33.0, 33.0, 33.0, 33.0, 33.0, 33.0, 33.0, 33.0, 33.0, 33.0, 33.0, 33.0, 33.0, 33.0, 33.0, 33.0, 33.0, 33.0, 33.0, 33.0, 33.0, 33.0, 33.0, 33.0, 33.0, 33.0, 33.0, 33.0, 33.0, 33.0, 33.0, 33.0, 33.0, 33.0, 33.0, 33.0, 33.0, 33.0, 33.0, 33.0, 33.0, 33.0, 33.0, 33.0, 33.0, 33.0, 33.0, 33.0, 33.0, 33.0, 33.0, 33.0, 33.0, 33.0, 33.0, 33.0, 33.0, 33.0, 33.0, 33.0, 33.0, 33.0, 33.0, 33.0, 33.0, 33.0, 33.0, 33.0, 33.0, 33.0, 33.0, 33.0, 33.0, 33.0, 33.0, 33.0, 33.0, 33.0, 33.0, 33.0, 33.0, 33.0, 33.0, 33.0, 33.0, 33.0, 33.0, 33.0, 33.0, 33.0, 33.0, 33.0, 33.0, 33.0, 33.0, 33.0, 33.0, 33.0, 33.0, 33.0, 33.0, 33.0, 33.0, 33.0, 33.0, 33.0, 33.0, 33.0, 33.0, 33.0, 33.0, 33.0, 33.0, 33.0, 33.0]",COMPLETE
