,number,value,datetime_start,datetime_complete,duration,params_batch_size_scaler,params_constant_learning_rate,params_depth,params_epochs,params_kernel_l2,params_num_trees,params_temperature,user_attrs_accuracy_test,user_attrs_accuracy_valid,user_attrs_approximate_feature_sparsity,user_attrs_approximate_feature_sparsity_history,user_attrs_approximate_weight_sparsity,user_attrs_approximate_weight_sparsity_history,user_attrs_auc_test,user_attrs_auc_valid,user_attrs_feature_sparsity,user_attrs_feature_sparsity_history,user_attrs_num_epochs,user_attrs_val_loss_history,user_attrs_weight_sparsity,user_attrs_weight_sparsity_history,state
58,58,0.5,2024-08-31 03:07:53.563473,2024-08-31 03:09:21.422955,0 days 00:01:27.859482,16,5.862477258734698,3,350,0.024068971247222275,63,0.015992029452083372,0.859,0.85875,0,"[0, 0, 0, 0, 0, 0, 0, 0, 0, 0, 0, 0, 0, 0, 0, 0, 0, 0, 0, 0, 0, 0, 0, 0, 0, 0, 0, 0, 0, 0, 0, 0, 0, 0, 0, 0, 0, 0, 0, 0, 0, 0, 0, 0, 0, 0, 0, 0, 0, 0, 0, 0, 0, 0, 0, 0, 0, 0, 0, 0, 0, 0, 0, 0, 0, 0, 0, 0, 0, 0, 0, 0, 0, 0, 0, 0, 0, 0, 0, 0, 0, 0, 0, 0, 0, 0, 0, 0, 0, 0, 0, 0, 0, 0, 0, 0, 0, 0, 0, 0, 0, 0, 0, 0, 0, 0, 0, 0, 0, 0, 0, 0, 0, 0, 0, 0, 0, 0, 0, 0, 0, 0, 0, 0, 0, 0, 0, 0, 0, 0, 0, 0, 0, 0, 0, 0, 0, 0, 0, 0, 0, 0, 0, 0, 0, 0, 0, 0, 0, 0, 0, 0, 0, 0, 0, 0, 0, 0, 0, 0, 0, 0, 0, 0, 0, 0, 0, 0, 0, 0, 0, 0, 0, 0, 0, 0, 0, 0, 0, 0, 0, 0, 0, 0, 0, 0, 0, 0, 0, 0, 0, 0, 0, 0, 0, 0, 0, 0, 0, 0, 0, 0, 0, 0, 0, 0, 0, 0, 0, 0, 0, 0, 0, 0, 0, 0, 0, 0, 0, 0, 0, 0, 0, 0, 0, 0, 0, 0, 0, 0, 0, 0, 0, 0, 0, 0, 0, 0, 0, 0, 0, 0, 0, 0, 0, 0, 0, 0, 0, 0, 0, 0, 0, 0, 0, 0, 0, 0, 0, 0, 0, 0, 0, 0, 0, 0, 0, 0, 0, 0, 0, 0, 0, 0, 0, 0, 0, 0, 0, 0, 0, 0, 0, 0, 0, 0, 0, 0, 0, 0, 0, 0, 0, 0, 0, 0, 0, 0, 0, 0, 0, 0, 0, 0, 0, 0, 0, 0, 0, 0, 0, 0, 0, 0, 0, 0, 0, 0, 0, 0, 0, 0, 0, 0, 0, 0, 0, 0, 0, 0, 0, 0, 0, 0, 0, 0, 0, 0, 0, 0, 0, 0, 0, 0, 0, 0, 0, 0, 0, 0]",0.0,"[0.0, 0.0, 0.0, 0.0, 0.0, 0.0, 0.0, 0.0, 0.0, 0.0, 0.0, 0.0, 0.0, 0.0, 0.0, 0.0, 0.0, 0.0, 0.0, 0.0, 0.0, 0.0, 0.0, 0.0, 0.0, 0.0, 0.0, 0.0, 0.0, 0.0, 0.0, 0.0, 0.0, 0.0, 0.0, 0.0, 0.0, 0.0, 0.0, 0.0, 0.0, 0.0, 0.0, 0.0, 0.0, 0.0, 0.0, 0.0, 0.0, 0.0, 0.0, 0.0, 0.0, 0.0, 0.0, 0.0, 0.0, 0.0, 0.0, 0.0, 0.0, 0.0, 0.0, 0.0, 0.0, 0.0, 0.0, 0.0, 0.0, 0.0, 0.0, 0.0, 0.0, 0.0, 0.0, 0.0, 0.0, 0.0, 0.0, 0.0, 0.0, 0.0, 0.0, 0.0, 0.0, 0.0, 0.0, 0.0, 0.0, 0.0, 0.0, 0.0, 0.0, 0.0, 0.0, 0.0, 0.0, 0.0, 0.0, 0.0, 0.0, 0.0, 0.0, 0.0, 0.0, 0.0, 0.0, 0.0, 0.0, 0.0, 0.0, 0.0, 0.0, 0.0, 0.0, 0.0, 0.0, 0.0, 0.0, 0.0, 0.0, 0.0, 0.0, 0.0, 0.0, 0.0, 0.0, 0.0, 0.0, 0.0, 0.0, 0.0, 0.0, 0.0, 0.0, 0.0, 0.0, 0.0, 0.0, 0.0, 0.0, 0.0, 0.0, 0.0, 0.0, 0.0, 0.0, 0.0, 0.0, 0.0, 0.0, 0.0, 0.0, 0.0, 0.0, 0.0, 0.0, 0.0, 0.0, 0.0, 0.0, 0.0, 0.0, 0.0, 0.0, 0.0, 0.0, 0.0, 0.0, 0.0, 0.0, 0.0, 0.0, 0.0, 0.0, 0.0, 0.0, 0.0, 0.0, 0.0, 0.0, 0.0, 0.0, 0.0, 0.0, 0.0, 0.0, 0.0, 0.0, 0.0, 0.0, 0.0, 0.0, 0.0, 0.0, 0.0, 0.0, 0.0, 0.0, 0.0, 0.0, 0.0, 0.0, 0.0, 0.0, 0.0, 0.0, 0.0, 0.0, 0.0, 0.0, 0.0, 0.0, 0.0, 0.0, 0.0, 0.0, 0.0, 0.0, 0.0, 0.0, 0.0, 0.0, 0.0, 0.0, 0.0, 0.0, 0.0, 0.0, 0.0, 0.0, 0.0, 0.0, 0.0, 0.0, 0.0, 0.0, 0.0, 0.0, 0.0, 0.0, 0.0, 0.0, 0.0, 0.0, 0.0, 0.0, 0.0, 0.0, 0.0, 0.0, 0.0, 0.0, 0.0, 0.0, 0.0, 0.0, 0.0, 0.0, 0.0, 0.0, 0.0, 0.0, 0.0, 0.0, 0.0, 0.0, 0.0, 0.0, 0.0, 0.0, 0.0, 0.0, 0.0, 0.0, 0.0, 0.0, 0.0, 0.0, 0.0, 0.0, 0.0, 0.0, 0.0, 0.0, 0.0, 0.0, 0.0, 0.0, 0.0, 0.0, 0.0, 0.0, 0.0, 0.0, 0.0, 0.0, 0.0, 0.0, 0.0, 0.0, 0.0, 0.0, 0.0, 0.0, 0.0, 0.0, 0.0, 0.0, 0.0, 0.0, 0.0, 0.0, 0.0, 0.0, 0.0, 0.0, 0.0, 0.0, 0.0, 0.0, 0.0, 0.0, 0.0, 0.0, 0.0, 0.0, 0.0, 0.0, 0.0, 0.0, 0.0, 0.0, 0.0, 0.0, 0.0, 0.0, 0.0, 0.0, 0.0, 0.0, 0.0, 0.0, 0.0, 0.0, 0.0, 0.0, 0.0, 0.0, 0.0]",0.5,0.5,0,"[0, 0, 0, 0, 0, 0, 0, 0, 0, 0, 0, 0, 0, 0, 0, 0, 0, 0, 0, 0, 0, 0, 0, 0, 0, 0, 0, 0, 0, 0, 0, 0, 0, 0, 0, 0, 0, 0, 0, 0, 0, 0, 0, 0, 0, 0, 0, 0, 0, 0, 0, 0, 0, 0, 0, 0, 0, 0, 0, 0, 0, 0, 0, 0, 0, 0, 0, 0, 0, 0, 0, 0, 0, 0, 0, 0, 0, 0, 0, 0, 0, 0, 0, 0, 0, 0, 0, 0, 0, 0, 0, 0, 0, 0, 0, 0, 0, 0, 0, 0, 0, 0, 0, 0, 0, 0, 0, 0, 0, 0, 0, 0, 0, 0, 0, 0, 0, 0, 0, 0, 0, 0, 0, 0, 0, 0, 0, 0, 0, 0, 0, 0, 0, 0, 0, 0, 0, 0, 0, 0, 0, 0, 0, 0, 0, 0, 0, 0, 0, 0, 0, 0, 0, 0, 0, 0, 0, 0, 0, 0, 0, 0, 0, 0, 0, 0, 0, 0, 0, 0, 0, 0, 0, 0, 0, 0, 0, 0, 0, 0, 0, 0, 0, 0, 0, 0, 0, 0, 0, 0, 0, 0, 0, 0, 0, 0, 0, 0, 0, 0, 0, 0, 0, 0, 0, 0, 0, 0, 0, 0, 0, 0, 0, 0, 0, 0, 0, 0, 0, 0, 0, 0, 0, 0, 0, 0, 0, 0, 0, 0, 0, 0, 0, 0, 0, 0, 0, 0, 0, 0, 0, 0, 0, 0, 0, 0, 0, 0, 0, 0, 0, 0, 0, 0, 0, 0, 0, 0, 0, 0, 0, 0, 0, 0, 0, 0, 0, 0, 0, 0, 0, 0, 0, 0, 0, 0, 0, 0, 0, 0, 0, 0, 0, 0, 0, 0, 0, 0, 0, 0, 0, 0, 0, 0, 0, 0, 0, 0, 0, 0, 0, 0, 0, 0, 0, 0, 0, 0, 0, 0, 0, 0, 0, 0, 0, 0, 0, 0, 0, 0, 0, 0, 0, 0, 0, 0, 0, 0, 0, 0, 0, 0, 0, 0, 0, 0, 0, 0, 0, 0, 0, 0, 0, 0, 0, 0, 0, 0, 0, 0]",350,"[9.633556365966797, 5.302609920501709, 4.397317409515381, 8.791374206542969, 9.524901390075684, 8.704604148864746, 0.564618706703186, 2.5174381732940674, 4.4420623779296875, 6.826126575469971, 4.650979518890381, 6.190969944000244, 8.29690170288086, 10.540814399719238, 1.2144687175750732, 7.393569469451904, 0.8427287936210632, 2.597236394882202, 5.510973930358887, 10.550374984741211, 3.940032958984375, 1.3051939010620117, 3.3458433151245117, 4.493090629577637, 6.246728897094727, 2.7029857635498047, 1.2404873371124268, 2.6283223628997803, 2.2985196113586426, 6.538151264190674, 9.037993431091309, 1.992172360420227, 11.390279769897461, 0.9867062568664551, 3.5288631916046143, 1.4872721433639526, 3.6004080772399902, 6.500611782073975, 8.68704891204834, 10.900242805480957, 0.792225182056427, 4.53024435043335, 0.5342334508895874, 9.748745918273926, 3.683699131011963, 1.40006685256958, 4.297375202178955, 5.872875213623047, 1.3119299411773682, 10.023100852966309, 0.4072294533252716, 7.615206241607666, 1.104654312133789, 1.9893150329589844, 1.4433766603469849, 0.7319607734680176, 2.8943066596984863, 5.240708827972412, 1.7201604843139648, 9.601564407348633, 0.6859047412872314, 5.495908260345459, 7.526771068572998, 9.219612121582031, 1.1684832572937012, 3.1151363849639893, 5.003772735595703, 7.318700790405273, 7.643243312835693, 1.5833497047424316, 1.5777758359909058, 3.138317823410034, 3.7396240234375, 0.773142397403717, 1.7471137046813965, 1.867522120475769, 1.714622974395752, 4.1917595863342285, 9.109100341796875, 8.128364562988281, 10.5442533493042, 5.812322616577148, 8.623924255371094, 10.910236358642578, 6.538532733917236, 3.9132864475250244, 0.43305033445358276, 2.631237268447876, 4.819964408874512, 10.327130317687988, 4.1562604904174805, 1.035305142402649, 10.015488624572754, 5.573342323303223, 1.2043144702911377, 3.464454412460327, 4.630683422088623, 6.736912250518799, 5.266117095947266, 3.396824836730957, 2.590451717376709, 6.290035247802734, 8.993221282958984, 9.760634422302246, 5.1783366203308105, 0.8901073932647705, 2.618967056274414, 6.381375312805176, 8.358707427978516, 10.3864107131958, 2.7356319427490234, 1.017059087753296, 2.652397394180298, 4.610513210296631, 6.807765483856201, 8.340134620666504, 2.3637399673461914, 4.29929256439209, 6.618722438812256, 3.6754860877990723, 6.895845413208008, 6.0339226722717285, 8.519423484802246, 10.323799133300781, 10.444293022155762, 1.6239409446716309, 2.6825931072235107, 4.7524919509887695, 0.9500967264175415, 3.038233995437622, 4.018085956573486, 6.525064468383789, 8.755158424377441, 2.0991597175598145, 3.7241830825805664, 10.108485221862793, 1.9411982297897339, 10.300409317016602, 10.463836669921875, 0.9478604197502136, 5.043910026550293, 7.9234185218811035, 10.105086326599121, 3.6976146697998047, 0.8905852437019348, 0.6035829782485962, 4.004629611968994, 6.749783992767334, 7.140007495880127, 3.433642625808716, 10.354228973388672, 1.2061518430709839, 2.3530161380767822, 4.569624423980713, 6.501032829284668, 4.352044582366943, 0.768381655216217, 2.564298629760742, 4.4663777351379395, 6.279309272766113, 8.43720817565918, 9.46523666381836, 7.091513156890869, 4.858145236968994, 6.654534339904785, 8.378419876098633, 9.613993644714355, 2.6989753246307373, 1.5641889572143555, 2.9437127113342285, 4.809645175933838, 6.198460102081299, 0.4349922835826874, 5.2602715492248535, 9.575072288513184, 3.94659423828125, 2.2176594734191895, 1.125632882118225, 0.49174463748931885, 6.1277289390563965, 7.366871356964111, 4.776127338409424, 1.0979571342468262, 3.2051990032196045, 4.62453031539917, 6.8212890625, 1.9698086977005005, 6.730401039123535, 6.908536911010742, 8.577012062072754, 8.065537452697754, 7.511969566345215, 0.7104400396347046, 2.3400325775146484, 5.409178256988525, 5.813368320465088, 3.9337034225463867, 4.05023193359375, 6.487664222717285, 8.488959312438965, 11.092382431030273, 0.47155240178108215, 6.33017110824585, 8.383221626281738, 8.997276306152344, 10.63264274597168, 2.752575397491455, 0.8431017994880676, 3.4958267211914062, 2.219381093978882, 8.770020484924316, 8.409213066101074, 7.949031829833984, 10.719173431396484, 1.059542179107666, 10.230005264282227, 4.180952072143555, 0.4357736110687256, 8.770973205566406, 7.648068904876709, 1.5147264003753662, 3.5170395374298096, 2.288372039794922, 4.686193943023682, 0.7727013230323792, 9.416948318481445, 0.6415280699729919, 1.2178244590759277, 3.2567455768585205, 1.0154378414154053, 2.9474897384643555, 4.03119421005249, 6.696739673614502, 0.714302659034729, 10.14812183380127, 0.7222767472267151, 5.557784557342529, 7.859582901000977, 10.174160957336426, 2.1614954471588135, 1.52593195438385, 2.6936469078063965, 2.768949031829834, 5.1616973876953125, 6.812706470489502, 8.136839866638184, 9.905937194824219, 5.618377685546875, 1.546136498451233, 8.175007820129395, 9.410202980041504, 10.419564247131348, 0.5036749839782715, 1.9393080472946167, 3.6235930919647217, 0.8543703556060791, 5.769445896148682, 1.3019529581069946, 2.3649814128875732, 4.511231422424316, 6.599524021148682, 2.5812292098999023, 4.214718341827393, 2.264406442642212, 4.395570278167725, 6.444120407104492, 5.422325611114502, 6.03032112121582, 8.834739685058594, 2.4531891345977783, 1.0247725248336792, 3.3799240589141846, 2.296633243560791, 0.5058440566062927, 6.600918769836426, 8.679226875305176, 9.58285903930664, 1.3171924352645874, 7.848052501678467, 5.62856912612915, 8.631397247314453, 10.613263130187988, 4.4485602378845215, 10.201415061950684, 5.082347869873047, 1.1294456720352173, 2.429178476333618, 4.700061798095703, 6.852266788482666, 8.409531593322754, 10.22431755065918, 1.0660403966903687, 10.39001750946045, 0.4252970516681671, 5.344822406768799, 5.738168239593506, 8.327691078186035, 8.532530784606934, 10.178424835205078, 2.164740562438965, 0.6972811818122864, 2.578922748565674, 4.7787065505981445, 8.49315357208252, 4.038665294647217, 6.241755485534668, 3.2284302711486816, 5.6269025802612305, 7.797922134399414, 10.027463912963867, 10.100900650024414, 4.796879768371582, 6.739277362823486, 8.848278045654297, 10.812727928161621, 0.8346407413482666, 6.927122592926025, 8.503978729248047, 9.963027000427246, 8.988360404968262, 9.207318305969238, 3.1726818084716797, 0.8155764937400818, 3.0880489349365234, 1.5711396932601929, 8.893292427062988, 10.600174903869629, 1.6239275932312012, 7.258023738861084, 10.30881118774414, 5.6680908203125, 7.307009220123291, 8.21854305267334, 10.12462329864502, 5.284022331237793, 6.036930084228516, 3.23770809173584, 5.475645542144775, 2.0869553089141846, 8.719939231872559, 10.097164154052734, 6.95883321762085, 1.099239706993103, 3.2969043254852295, 1.5491539239883423, 3.3741185665130615, 0.5317015647888184, 2.9694695472717285, 4.950262546539307, 6.686884880065918]",0.0,"[0.0, 0.0, 0.0, 0.0, 0.0, 0.0, 0.0, 0.0, 0.0, 0.0, 0.0, 0.0, 0.0, 0.0, 0.0, 0.0, 0.0, 0.0, 0.0, 0.0, 0.0, 0.0, 0.0, 0.0, 0.0, 0.0, 0.0, 0.0, 0.0, 0.0, 0.0, 0.0, 0.0, 0.0, 0.0, 0.0, 0.0, 0.0, 0.0, 0.0, 0.0, 0.0, 0.0, 0.0, 0.0, 0.0, 0.0, 0.0, 0.0, 0.0, 0.0, 0.0, 0.0, 0.0, 0.0, 0.0, 0.0, 0.0, 0.0, 0.0, 0.0, 0.0, 0.0, 0.0, 0.0, 0.0, 0.0, 0.0, 0.0, 0.0, 0.0, 0.0, 0.0, 0.0, 0.0, 0.0, 0.0, 0.0, 0.0, 0.0, 0.0, 0.0, 0.0, 0.0, 0.0, 0.0, 0.0, 0.0, 0.0, 0.0, 0.0, 0.0, 0.0, 0.0, 0.0, 0.0, 0.0, 0.0, 0.0, 0.0, 0.0, 0.0, 0.0, 0.0, 0.0, 0.0, 0.0, 0.0, 0.0, 0.0, 0.0, 0.0, 0.0, 0.0, 0.0, 0.0, 0.0, 0.0, 0.0, 0.0, 0.0, 0.0, 0.0, 0.0, 0.0, 0.0, 0.0, 0.0, 0.0, 0.0, 0.0, 0.0, 0.0, 0.0, 0.0, 0.0, 0.0, 0.0, 0.0, 0.0, 0.0, 0.0, 0.0, 0.0, 0.0, 0.0, 0.0, 0.0, 0.0, 0.0, 0.0, 0.0, 0.0, 0.0, 0.0, 0.0, 0.0, 0.0, 0.0, 0.0, 0.0, 0.0, 0.0, 0.0, 0.0, 0.0, 0.0, 0.0, 0.0, 0.0, 0.0, 0.0, 0.0, 0.0, 0.0, 0.0, 0.0, 0.0, 0.0, 0.0, 0.0, 0.0, 0.0, 0.0, 0.0, 0.0, 0.0, 0.0, 0.0, 0.0, 0.0, 0.0, 0.0, 0.0, 0.0, 0.0, 0.0, 0.0, 0.0, 0.0, 0.0, 0.0, 0.0, 0.0, 0.0, 0.0, 0.0, 0.0, 0.0, 0.0, 0.0, 0.0, 0.0, 0.0, 0.0, 0.0, 0.0, 0.0, 0.0, 0.0, 0.0, 0.0, 0.0, 0.0, 0.0, 0.0, 0.0, 0.0, 0.0, 0.0, 0.0, 0.0, 0.0, 0.0, 0.0, 0.0, 0.0, 0.0, 0.0, 0.0, 0.0, 0.0, 0.0, 0.0, 0.0, 0.0, 0.0, 0.0, 0.0, 0.0, 0.0, 0.0, 0.0, 0.0, 0.0, 0.0, 0.0, 0.0, 0.0, 0.0, 0.0, 0.0, 0.0, 0.0, 0.0, 0.0, 0.0, 0.0, 0.0, 0.0, 0.0, 0.0, 0.0, 0.0, 0.0, 0.0, 0.0, 0.0, 0.0, 0.0, 0.0, 0.0, 0.0, 0.0, 0.0, 0.0, 0.0, 0.0, 0.0, 0.0, 0.0, 0.0, 0.0, 0.0, 0.0, 0.0, 0.0, 0.0, 0.0, 0.0, 0.0, 0.0, 0.0, 0.0, 0.0, 0.0, 0.0, 0.0, 0.0, 0.0, 0.0, 0.0, 0.0, 0.0, 0.0, 0.0, 0.0, 0.0, 0.0, 0.0, 0.0, 0.0, 0.0, 0.0, 0.0, 0.0, 0.0, 0.0, 0.0, 0.0, 0.0, 0.0, 0.0, 0.0, 0.0, 0.0, 0.0, 0.0, 0.0, 0.0, 0.0, 0.0, 0.0, 0.0, 0.0, 0.0, 0.0, 0.0, 0.0, 0.0]",COMPLETE
59,59,0.9036853834164188,2024-08-31 03:09:23.296175,2024-08-31 03:11:34.970190,0 days 00:02:11.674015,1,0.012087752095519693,3,90,0.001336486884903447,36,0.00804058462051931,0.901,0.895,33,"[33, 33, 33, 33, 33, 33, 33, 33, 33, 33, 33, 33, 33, 33, 33, 33, 33, 33, 33, 33, 33, 33, 33, 33, 33, 33, 33, 33, 33, 33, 33, 33, 33, 33, 33, 33, 33, 33, 33, 33, 33, 33, 33, 33, 33, 33, 33, 33, 33, 33, 33, 33, 33, 33, 33, 33, 33, 33, 33, 33, 33, 33, 33, 33, 33, 33, 33, 33, 33, 33, 33, 33, 33, 33, 33, 33, 33, 33, 33, 33, 33, 33, 33, 33, 33, 33, 33, 33, 33, 33]",32.960317460317455,"[32.976190476190474, 32.976190476190474, 32.976190476190474, 32.976190476190474, 32.96031746031746, 32.976190476190474, 32.96825396825397, 32.98412698412699, 32.98412698412699, 32.98412698412699, 32.98015873015873, 32.964285714285715, 32.98412698412699, 32.964285714285715, 32.976190476190474, 32.98412698412699, 32.96825396825397, 32.98015873015873, 32.98809523809524, 32.980158730158735, 32.976190476190474, 32.98809523809524, 32.97222222222222, 32.98015873015873, 32.992063492063494, 32.97222222222222, 32.980158730158735, 32.95634920634921, 32.976190476190474, 32.96825396825397, 32.980158730158735, 32.980158730158735, 32.992063492063494, 32.976190476190474, 32.964285714285715, 32.98809523809524, 32.99603174603175, 32.976190476190474, 32.95634920634921, 32.952380952380956, 32.98015873015873, 32.976190476190474, 32.96825396825397, 32.98015873015873, 32.97222222222222, 32.98412698412699, 32.98809523809524, 32.964285714285715, 32.98015873015873, 32.964285714285715, 32.96825396825397, 32.98015873015873, 32.97222222222222, 32.97222222222222, 32.97222222222222, 32.98412698412699, 32.976190476190474, 32.964285714285715, 32.96825396825397, 32.964285714285715, 32.976190476190474, 32.96825396825397, 32.964285714285715, 32.960317460317455, 32.96825396825397, 32.98809523809524, 32.98412698412699, 32.96825396825397, 32.98015873015873, 32.98015873015873, 32.98412698412699, 32.98015873015873, 32.97222222222222, 32.976190476190474, 32.98809523809524, 32.98412698412699, 32.97619047619048, 32.98412698412699, 32.98412698412699, 32.980158730158735, 32.980158730158735, 32.98015873015873, 32.98015873015873, 32.96825396825397, 32.98412698412699, 32.976190476190474, 32.976190476190474, 32.964285714285715, 32.976190476190474, 32.960317460317455]",0.8878293248788383,0.9036853834164188,33,"[33, 33, 33, 33, 33, 33, 33, 33, 33, 33, 33, 33, 33, 33, 33, 33, 33, 33, 33, 33, 33, 33, 33, 33, 33, 33, 33, 33, 33, 33, 33, 33, 33, 33, 33, 33, 33, 33, 33, 33, 33, 33, 33, 33, 33, 33, 33, 33, 33, 33, 33, 33, 33, 33, 33, 33, 33, 33, 33, 33, 33, 33, 33, 33, 33, 33, 33, 33, 33, 33, 33, 33, 33, 33, 33, 33, 33, 33, 33, 33, 33, 33, 33, 33, 33, 33, 33, 33, 33, 33]",90,"[0.40360668301582336, 0.39152631163597107, 0.3836843967437744, 0.37804317474365234, 0.37367331981658936, 0.37023648619651794, 0.3676784634590149, 0.36496761441230774, 0.36273518204689026, 0.3606775403022766, 0.35885074734687805, 0.35690662264823914, 0.355131596326828, 0.35344767570495605, 0.35189270973205566, 0.3500792384147644, 0.34865015745162964, 0.3473223149776459, 0.3450993001461029, 0.34353387355804443, 0.3423209488391876, 0.3404524624347687, 0.3390328884124756, 0.33753281831741333, 0.3362579047679901, 0.3340296447277069, 0.3325476050376892, 0.33087268471717834, 0.32907432317733765, 0.32768169045448303, 0.3262781798839569, 0.32413724064826965, 0.3230477273464203, 0.32073619961738586, 0.3189810514450073, 0.31746312975883484, 0.315731018781662, 0.31378602981567383, 0.3120177388191223, 0.31010133028030396, 0.3084069788455963, 0.3066052496433258, 0.3047407269477844, 0.3029659390449524, 0.30082133412361145, 0.29883047938346863, 0.2970171868801117, 0.2953953444957733, 0.29353973269462585, 0.2914603352546692, 0.28964024782180786, 0.28784415125846863, 0.2859008312225342, 0.2841826379299164, 0.2824126183986664, 0.2810394763946533, 0.2791872024536133, 0.2775217294692993, 0.2759319841861725, 0.2744766175746918, 0.2727550268173218, 0.2714664936065674, 0.26998814940452576, 0.2688874900341034, 0.2673948407173157, 0.2658236622810364, 0.2645946741104126, 0.2631991505622864, 0.26232826709747314, 0.26119464635849, 0.25996822118759155, 0.2583969831466675, 0.25762471556663513, 0.25631478428840637, 0.2558392584323883, 0.2545515298843384, 0.25351133942604065, 0.25227487087249756, 0.25147610902786255, 0.25058498978614807, 0.24953670799732208, 0.2485312521457672, 0.247654989361763, 0.24671606719493866, 0.24599960446357727, 0.24505846202373505, 0.24539613723754883, 0.2436387985944748, 0.24292781949043274, 0.24184246361255646]",33.0,"[33.0, 33.0, 33.0, 33.0, 33.0, 33.0, 33.0, 33.0, 33.0, 33.0, 33.0, 33.0, 33.0, 33.0, 33.0, 33.0, 33.0, 33.0, 33.0, 33.0, 33.0, 33.0, 33.0, 33.0, 33.0, 33.0, 33.0, 33.0, 33.0, 33.0, 33.0, 33.0, 33.0, 33.0, 33.0, 33.0, 33.0, 33.0, 33.0, 33.0, 33.0, 33.0, 33.0, 33.0, 33.0, 33.0, 33.0, 33.0, 33.0, 33.0, 33.0, 33.0, 33.0, 33.0, 33.0, 33.0, 33.0, 33.0, 33.0, 33.0, 33.0, 33.0, 33.0, 33.0, 33.0, 33.0, 33.0, 33.0, 33.0, 33.0, 33.0, 33.0, 33.0, 33.0, 33.0, 33.0, 33.0, 33.0, 33.0, 33.0, 33.0, 33.0, 33.0, 33.0, 33.0, 33.0, 33.0, 33.0, 33.0, 33.0]",COMPLETE
