,number,value,datetime_start,datetime_complete,duration,params_batch_size_scaler,params_constant_learning_rate,params_depth,params_epochs,params_kernel_l2,params_num_trees,params_temperature,user_attrs_accuracy_test,user_attrs_accuracy_valid,user_attrs_approximate_feature_sparsity,user_attrs_approximate_feature_sparsity_history,user_attrs_approximate_weight_sparsity,user_attrs_approximate_weight_sparsity_history,user_attrs_auc_test,user_attrs_auc_valid,user_attrs_feature_sparsity,user_attrs_feature_sparsity_history,user_attrs_num_epochs,user_attrs_val_loss_history,user_attrs_weight_sparsity,user_attrs_weight_sparsity_history,state
102,102,0.6413481727660342,2024-08-31 04:55:19.672911,2024-08-31 04:59:29.482448,0 days 00:04:09.809537,4,1.3342049719967222,4,310,0.14306812059265894,47,0.0002677343588803029,0.889,0.8875,3,"[33, 33, 33, 33, 33, 33, 33, 33, 33, 33, 30, 25, 23, 21, 21, 21, 21, 21, 21, 20, 20, 20, 19, 19, 19, 19, 19, 19, 19, 19, 18, 18, 16, 16, 16, 16, 16, 16, 16, 16, 16, 16, 16, 16, 15, 15, 15, 15, 15, 15, 15, 15, 15, 15, 14, 14, 14, 14, 14, 14, 14, 14, 14, 14, 14, 14, 13, 13, 12, 12, 12, 12, 12, 12, 12, 12, 12, 12, 12, 12, 12, 12, 12, 12, 12, 12, 12, 12, 12, 12, 12, 12, 12, 12, 12, 12, 12, 12, 12, 12, 12, 12, 12, 12, 12, 9, 9, 9, 8, 8, 7, 7, 7, 6, 5, 5, 5, 5, 5, 5, 4, 4, 4, 4, 4, 4, 4, 4, 4, 4, 4, 4, 4, 4, 4, 4, 4, 4, 4, 4, 4, 4, 4, 4, 4, 4, 4, 4, 4, 4, 4, 4, 4, 4, 4, 4, 4, 4, 4, 4, 4, 4, 4, 4, 4, 4, 4, 4, 4, 4, 4, 4, 4, 4, 4, 4, 4, 4, 4, 4, 4, 4, 4, 4, 4, 4, 4, 4, 4, 4, 4, 4, 4, 4, 4, 4, 4, 4, 4, 4, 4, 4, 4, 4, 4, 4, 4, 4, 4, 4, 4, 4, 4, 4, 4, 4, 4, 4, 4, 4, 4, 4, 4, 4, 4, 3, 3, 3, 3, 3, 3, 3, 3, 3, 3, 3, 3, 3, 3, 3, 3, 3, 3, 3, 3, 3, 3, 3, 3, 3, 3, 3, 3, 3, 3, 3, 3, 3, 3, 3, 3, 3, 3, 3, 3, 3, 3, 3, 3, 3, 3, 3, 3, 3, 3, 3, 3, 3, 3, 3, 3, 3, 3, 3, 3, 3, 3, 3, 3, 3, 3, 3, 3, 3, 3, 3, 3, 3, 3, 3, 3, 3, 3, 3, 3, 3, 3, 3, 3, 3]",2.9134751773049645,"[32.95177304964539, 32.96312056737589, 32.95744680851064, 32.95744680851064, 32.95602836879433, 32.95035460992908, 32.94893617021277, 32.96028368794327, 32.95602836879433, 32.94468085106383, 29.941843971631208, 24.967375886524824, 22.967375886524824, 20.97163120567376, 20.96312056737589, 20.974468085106384, 20.974468085106384, 20.973049645390073, 20.96595744680851, 19.967375886524824, 19.97730496453901, 19.96312056737589, 18.974468085106384, 18.975886524822695, 18.961702127659574, 18.973049645390073, 18.96312056737589, 18.97872340425532, 18.97021276595745, 18.98014184397163, 17.965957446808513, 17.974468085106384, 15.97163120567376, 15.980141843971632, 15.973049645390072, 15.981560283687944, 15.964539007092196, 15.978723404255318, 15.980141843971632, 15.965957446808511, 15.968794326241134, 15.964539007092199, 15.961702127659574, 15.950354609929079, 14.977304964539009, 14.960283687943262, 14.973049645390072, 14.975886524822695, 14.973049645390072, 14.968794326241134, 14.96595744680851, 14.970212765957447, 14.97163120567376, 14.974468085106382, 13.964539007092197, 13.967375886524824, 13.970212765957447, 13.961702127659574, 13.963120567375887, 13.963120567375885, 13.963120567375888, 13.960283687943262, 13.965957446808511, 13.9645390070922, 13.951773049645391, 13.971631205673757, 12.963120567375887, 12.957446808510639, 11.97872340425532, 11.96595744680851, 11.968794326241134, 11.96595744680851, 11.977304964539007, 11.964539007092199, 11.963120567375887, 11.950354609929079, 11.948936170212766, 11.944680851063831, 11.954609929078014, 11.951773049645391, 11.954609929078014, 11.95886524822695, 11.950354609929079, 11.950354609929079, 11.946099290780142, 11.950354609929079, 11.953191489361702, 11.94468085106383, 11.941843971631206, 11.95177304964539, 11.94468085106383, 11.934751773049644, 11.93049645390071, 11.931914893617023, 11.921985815602836, 11.931914893617023, 11.929078014184396, 11.934751773049644, 11.930496453900709, 11.933333333333334, 11.934751773049644, 11.929078014184396, 11.933333333333334, 11.923404255319149, 11.920567375886526, 8.941843971631204, 8.95177304964539, 8.947517730496454, 7.948936170212765, 7.9432624113475185, 6.957446808510638, 6.954609929078014, 6.95886524822695, 5.960283687943262, 4.963120567375887, 4.960283687943262, 4.957446808510638, 4.954609929078014, 4.960283687943263, 4.954609929078014, 3.954609929078014, 3.968794326241135, 3.9631205673758862, 3.970212765957447, 3.9588652482269504, 3.95886524822695, 3.954609929078014, 3.9617021276595743, 3.9560283687943265, 3.9602836879432624, 3.95177304964539, 3.970212765957447, 3.968794326241135, 3.950354609929078, 3.954609929078014, 3.9659574468085106, 3.9645390070921986, 3.9659574468085106, 3.968794326241135, 3.948936170212766, 3.9617021276595743, 3.9617021276595743, 3.977304964539007, 3.953191489361702, 3.9517730496453902, 3.950354609929078, 3.9489361702127654, 3.956028368794326, 3.964539007092198, 3.9517730496453902, 3.9531914893617017, 3.956028368794326, 3.9645390070921986, 3.948936170212766, 3.9617021276595743, 3.947517730496454, 3.948936170212766, 3.960283687943262, 3.939007092198582, 3.971631205673759, 3.973049645390071, 3.9560283687943265, 3.9645390070921986, 3.9815602836879433, 3.9574468085106385, 3.953191489361702, 3.9843971631205677, 3.930496453900709, 3.9432624113475176, 3.977304964539007, 3.9460992907801424, 3.9588652482269504, 3.9361702127659575, 3.9517730496453902, 3.970212765957447, 3.954609929078014, 3.975886524822695, 3.975886524822695, 3.9730496453900708, 3.9744680851063827, 3.975886524822695, 3.9304964539007097, 3.964539007092198, 3.9304964539007092, 3.977304964539007, 3.9333333333333336, 3.9730496453900708, 3.9418439716312057, 3.975886524822695, 3.9347517730496455, 3.960283687943263, 3.9106382978723406, 3.9687943262411345, 3.964539007092198, 3.899290780141844, 3.9645390070921986, 3.9673758865248225, 3.9588652482269504, 3.968794326241135, 3.9631205673758862, 3.950354609929078, 3.9574468085106385, 3.9446808510638296, 3.9106382978723406, 3.9191489361702128, 3.9546099290780146, 3.93758865248227, 3.9659574468085106, 3.8695035460992906, 3.954609929078014, 3.9645390070921986, 3.9602836879432624, 3.9361702127659575, 3.9631205673758867, 3.967375886524823, 3.858156028368794, 3.954609929078014, 3.95177304964539, 3.9234042553191486, 3.9531914893617017, 3.964539007092198, 3.9631205673758862, 3.956028368794326, 3.914893617021277, 3.9531914893617017, 2.964539007092198, 2.879432624113475, 2.8695035460992906, 2.8851063829787233, 2.8241134751773047, 2.9078014184397163, 2.8340425531914892, 2.900709219858156, 2.84822695035461, 2.9078014184397163, 2.8312056737588653, 2.8127659574468087, 2.956028368794326, 2.8624113475177304, 2.8382978723404255, 2.801418439716312, 2.879432624113475, 2.927659574468085, 2.7886524822695034, 2.802836879432624, 2.923404255319149, 2.917730496453901, 2.9290780141843973, 2.7617021276595746, 2.9347517730496455, 2.7886524822695034, 2.8680851063829786, 2.9588652482269504, 2.7943262411347516, 2.931914893617021, 2.879432624113475, 2.7418439716312055, 2.8851063829787233, 2.95177304964539, 2.9659574468085106, 2.8851063829787233, 2.924822695035461, 2.8170212765957445, 2.948936170212766, 2.7787234042553193, 2.927659574468085, 2.950354609929078, 2.724822695035461, 2.7092198581560285, 2.7177304964539006, 2.9078014184397163, 2.953191489361702, 2.9602836879432624, 2.957446808510638, 2.948936170212766, 2.8879432624113472, 2.9219858156028367, 2.8638297872340424, 2.9432624113475176, 2.954609929078014, 2.9617021276595743, 2.80709219858156, 2.9673758865248225, 2.956028368794326, 2.95177304964539, 2.904964539007092, 2.9645390070921986, 2.950354609929078, 2.9730496453900708, 2.947517730496454, 2.9347517730496455, 2.8992907801418437, 2.9687943262411345, 2.9673758865248225, 2.771631205673759, 2.754609929078014, 2.9687943262411345, 2.90354609929078, 2.95177304964539, 2.953191489361702, 2.9517730496453902, 2.967375886524823, 2.852482269503546, 2.9063829787234043, 2.975886524822695, 2.970212765957447, 2.89645390070922, 2.967375886524823, 2.970212765957447, 2.9134751773049645]",0.6260289467383318,0.6413481727660342,3,"[33, 33, 33, 33, 33, 33, 33, 33, 33, 33, 30, 25, 23, 21, 21, 21, 21, 21, 21, 20, 20, 20, 19, 19, 19, 19, 19, 19, 19, 19, 18, 18, 16, 16, 16, 16, 16, 16, 16, 16, 16, 16, 16, 16, 15, 15, 15, 15, 15, 15, 15, 15, 15, 15, 14, 14, 14, 14, 14, 14, 14, 14, 14, 14, 14, 14, 13, 13, 12, 12, 12, 12, 12, 12, 12, 12, 12, 12, 12, 12, 12, 12, 12, 12, 12, 12, 12, 12, 12, 12, 12, 12, 12, 12, 12, 12, 12, 12, 12, 12, 12, 12, 12, 12, 12, 9, 9, 9, 8, 8, 7, 7, 7, 6, 5, 5, 5, 5, 5, 5, 4, 4, 4, 4, 4, 4, 4, 4, 4, 4, 4, 4, 4, 4, 4, 4, 4, 4, 4, 4, 4, 4, 4, 4, 4, 4, 4, 4, 4, 4, 4, 4, 4, 4, 4, 4, 4, 4, 4, 4, 4, 4, 4, 4, 4, 4, 4, 4, 4, 4, 4, 4, 4, 4, 4, 4, 4, 4, 4, 4, 4, 4, 4, 4, 4, 4, 4, 4, 4, 4, 4, 4, 4, 4, 4, 4, 4, 4, 4, 4, 4, 4, 4, 4, 4, 4, 4, 4, 4, 4, 4, 4, 4, 4, 4, 4, 4, 4, 4, 4, 4, 4, 4, 4, 4, 3, 3, 3, 3, 3, 3, 3, 3, 3, 3, 3, 3, 3, 3, 3, 3, 3, 3, 3, 3, 3, 3, 3, 3, 3, 3, 3, 3, 3, 3, 3, 3, 3, 3, 3, 3, 3, 3, 3, 3, 3, 3, 3, 3, 3, 3, 3, 3, 3, 3, 3, 3, 3, 3, 3, 3, 3, 3, 3, 3, 3, 3, 3, 3, 3, 3, 3, 3, 3, 3, 3, 3, 3, 3, 3, 3, 3, 3, 3, 3, 3, 3, 3, 3, 3]",310,"[0.3694901168346405, 0.34610676765441895, 0.32776790857315063, 0.31974753737449646, 0.29248878359794617, 0.27234524488449097, 0.25212985277175903, 0.24326983094215393, 0.23974445462226868, 0.26974669098854065, 0.22142814099788666, 0.2218298316001892, 0.21247094869613647, 0.21267569065093994, 0.22668349742889404, 0.2039450705051422, 0.20742309093475342, 0.24848122894763947, 0.2270178347826004, 0.21666650474071503, 0.20334655046463013, 0.1992391049861908, 0.18796034157276154, 0.19527621567249298, 0.18600980937480927, 0.18847522139549255, 0.18307380378246307, 0.18562902510166168, 0.1865416169166565, 0.18971872329711914, 0.19106465578079224, 0.20367859303951263, 0.18155331909656525, 0.18613728880882263, 0.1786569207906723, 0.2014598697423935, 0.20082420110702515, 0.17534461617469788, 0.1949438899755478, 0.18093721568584442, 0.17976230382919312, 0.1794648915529251, 0.19480709731578827, 0.1801852285861969, 0.18443623185157776, 0.18982449173927307, 0.1798185557126999, 0.1905626356601715, 0.1780034303665161, 0.18177679181098938, 0.17856420576572418, 0.18656763434410095, 0.186446875333786, 0.17756709456443787, 0.19098491966724396, 0.19981369376182556, 0.18826432526111603, 0.1986359804868698, 0.20357345044612885, 0.20029506087303162, 0.2056170254945755, 0.19931520521640778, 0.2011381983757019, 0.19221244752407074, 0.2012193500995636, 0.19457584619522095, 0.19613313674926758, 0.2263880968093872, 0.20361259579658508, 0.19249403476715088, 0.20282398164272308, 0.19746874272823334, 0.1975984126329422, 0.19912594556808472, 0.20175375044345856, 0.21060581505298615, 0.1938904970884323, 0.1959616094827652, 0.2021963745355606, 0.19592735171318054, 0.18976230919361115, 0.19588185846805573, 0.1870429962873459, 0.18527035415172577, 0.19237951934337616, 0.1952013373374939, 0.18422085046768188, 0.19995900988578796, 0.1826997995376587, 0.19060470163822174, 0.1842224895954132, 0.1880965679883957, 0.19956502318382263, 0.19422219693660736, 0.18263299763202667, 0.19444692134857178, 0.1882203072309494, 0.1854272037744522, 0.19078470766544342, 0.19819539785385132, 0.20127174258232117, 0.20155151188373566, 0.1848892718553543, 0.19153320789337158, 0.18887868523597717, 0.3531748056411743, 0.3466528654098511, 0.32542476058006287, 0.37320587038993835, 0.35312312841415405, 0.3667061924934387, 0.3633480966091156, 0.36441507935523987, 0.3947170674800873, 0.3964763283729553, 0.3774871528148651, 0.38903698325157166, 0.3719612956047058, 0.37544944882392883, 0.3669931888580322, 0.3637637197971344, 0.3681076467037201, 0.3962520956993103, 0.3715974688529968, 0.36539337038993835, 0.3620891869068146, 0.3740153908729553, 0.3635908365249634, 0.3658139109611511, 0.3700334429740906, 0.36472687125205994, 0.38950222730636597, 0.37716469168663025, 0.36665475368499756, 0.37013113498687744, 0.3618761897087097, 0.3707309365272522, 0.3735174238681793, 0.36070942878723145, 0.36758187413215637, 0.37172675132751465, 0.3764086067676544, 0.3629331588745117, 0.36475899815559387, 0.3702675998210907, 0.3731319010257721, 0.38544848561286926, 0.3672441244125366, 0.3612036406993866, 0.4081428647041321, 0.3632643520832062, 0.3647541403770447, 0.3768880367279053, 0.36144545674324036, 0.35878702998161316, 0.36107054352760315, 0.37711867690086365, 0.3601210117340088, 0.36328303813934326, 0.37712615728378296, 0.3726881146430969, 0.3603861331939697, 0.3604156970977783, 0.3653285503387451, 0.36711353063583374, 0.3609393239021301, 0.37859588861465454, 0.39447644352912903, 0.37489771842956543, 0.3679778575897217, 0.36737847328186035, 0.3645320534706116, 0.39539849758148193, 0.3921416401863098, 0.3642294704914093, 0.3593814969062805, 0.37744346261024475, 0.36449429392814636, 0.3609815537929535, 0.364846408367157, 0.36061814427375793, 0.3583635091781616, 0.36655110120773315, 0.37237903475761414, 0.36776047945022583, 0.3584062457084656, 0.36744147539138794, 0.357852578163147, 0.3578554391860962, 0.35959601402282715, 0.36316922307014465, 0.36141717433929443, 0.379273384809494, 0.359681636095047, 0.3704512417316437, 0.36233261227607727, 0.422362357378006, 0.3694647252559662, 0.360127717256546, 0.3761598467826843, 0.3669852912425995, 0.3674946129322052, 0.37100735306739807, 0.36103373765945435, 0.3616618812084198, 0.3573482036590576, 0.3575049340724945, 0.365835577249527, 0.3755945861339569, 0.3745887279510498, 0.36642998456954956, 0.36096474528312683, 0.3612998127937317, 0.36156097054481506, 0.3678469955921173, 0.3596785366535187, 0.36359551548957825, 0.36153721809387207, 0.374562531709671, 0.35705575346946716, 0.3717844486236572, 0.3617495596408844, 0.3923538625240326, 0.3564393222332001, 0.3641470968723297, 0.39265426993370056, 0.3761405646800995, 0.36635464429855347, 0.36417996883392334, 0.4424923062324524, 0.36673691868782043, 0.37508007884025574, 0.3685726225376129, 0.36139845848083496, 0.3632699251174927, 0.36745885014533997, 0.3607691824436188, 0.36362507939338684, 0.4158116579055786, 0.35948508977890015, 0.367141991853714, 0.3612966537475586, 0.36129623651504517, 0.36105772852897644, 0.37221020460128784, 0.37950119376182556, 0.36097949743270874, 0.3685165047645569, 0.36073729395866394, 0.36507827043533325, 0.360190212726593, 0.36512213945388794, 0.3627346158027649, 0.4027484059333801, 0.3619318902492523, 0.3594348430633545, 0.3610221743583679, 0.37872210144996643, 0.37836405634880066, 0.36954376101493835, 0.3751533031463623, 0.362051397562027, 0.36043328046798706, 0.3585170805454254, 0.35947269201278687, 0.38659894466400146, 0.36859679222106934, 0.3674764931201935, 0.36282604932785034, 0.36141788959503174, 0.37215712666511536, 0.37081676721572876, 0.35966572165489197, 0.3790028393268585, 0.36402711272239685, 0.3757103383541107, 0.3609541654586792, 0.36014121770858765, 0.3586854934692383, 0.3769702613353729, 0.35830044746398926, 0.3715798258781433, 0.3634034991264343, 0.3618208169937134, 0.36058491468429565, 0.382008820772171, 0.36048397421836853, 0.36463165283203125, 0.3653690814971924, 0.3628302812576294, 0.36765941977500916, 0.3604942262172699, 0.35984963178634644, 0.3607693016529083, 0.3745926022529602, 0.37204158306121826, 0.3775581419467926, 0.3637266159057617, 0.36107686161994934, 0.36469852924346924, 0.3618772029876709, 0.36377349495887756, 0.3816571533679962, 0.37519410252571106, 0.35801005363464355, 0.36340513825416565, 0.368661105632782, 0.37555432319641113, 0.3616172671318054, 0.371049165725708]",3.0,"[33.0, 33.0, 33.0, 33.0, 33.0, 33.0, 33.0, 33.0, 33.0, 33.0, 30.0, 25.0, 23.0, 21.0, 21.0, 21.0, 21.0, 21.0, 21.0, 20.0, 20.0, 20.0, 19.0, 19.0, 19.0, 19.0, 19.0, 19.0, 19.0, 19.0, 18.0, 18.0, 16.0, 16.0, 16.0, 16.0, 16.0, 16.0, 16.0, 16.0, 16.0, 16.0, 16.0, 16.0, 15.0, 15.0, 15.0, 15.0, 15.0, 15.0, 15.0, 15.0, 15.0, 15.0, 14.0, 14.0, 14.0, 14.0, 14.0, 14.0, 14.0, 14.0, 14.0, 14.0, 14.0, 14.0, 13.0, 13.0, 12.0, 12.0, 12.0, 12.0, 12.0, 12.0, 12.0, 12.0, 12.0, 12.0, 12.0, 12.0, 12.0, 12.0, 12.0, 12.0, 12.0, 12.0, 12.0, 12.0, 12.0, 12.0, 12.0, 12.0, 12.0, 12.0, 12.0, 12.0, 12.0, 12.0, 12.0, 12.0, 12.0, 12.0, 12.0, 12.0, 12.0, 9.0, 9.0, 9.0, 8.0, 8.0, 7.0, 7.0, 7.0, 6.0, 5.0, 5.0, 5.0, 5.0, 5.0, 5.0, 4.0, 4.0, 4.0, 4.0, 4.0, 4.0, 4.0, 4.0, 4.0, 4.0, 4.0, 4.0, 4.0, 4.0, 4.0, 4.0, 4.0, 4.0, 4.0, 4.0, 4.0, 4.0, 4.0, 4.0, 4.0, 4.0, 4.0, 4.0, 4.0, 4.0, 4.0, 4.0, 4.0, 4.0, 4.0, 4.0, 4.0, 4.0, 4.0, 4.0, 4.0, 4.0, 4.0, 4.0, 4.0, 4.0, 4.0, 4.0, 4.0, 4.0, 4.0, 4.0, 4.0, 4.0, 4.0, 4.0, 4.0, 4.0, 4.0, 4.0, 4.0, 4.0, 4.0, 4.0, 4.0, 4.0, 4.0, 4.0, 4.0, 4.0, 4.0, 4.0, 4.0, 4.0, 4.0, 4.0, 4.0, 4.0, 4.0, 4.0, 4.0, 4.0, 4.0, 4.0, 4.0, 4.0, 4.0, 4.0, 4.0, 4.0, 4.0, 4.0, 4.0, 4.0, 4.0, 4.0, 4.0, 4.0, 4.0, 4.0, 4.0, 4.0, 4.0, 4.0, 4.0, 3.0, 3.0, 3.0, 3.0, 3.0, 3.0, 3.0, 3.0, 3.0, 3.0, 3.0, 3.0, 3.0, 3.0, 3.0, 3.0, 3.0, 3.0, 3.0, 3.0, 3.0, 3.0, 3.0, 3.0, 3.0, 3.0, 3.0, 3.0, 3.0, 3.0, 3.0, 3.0, 3.0, 3.0, 3.0, 3.0, 3.0, 3.0, 3.0, 3.0, 3.0, 3.0, 3.0, 3.0, 3.0, 3.0, 3.0, 3.0, 3.0, 3.0, 3.0, 3.0, 3.0, 3.0, 3.0, 3.0, 3.0, 3.0, 3.0, 3.0, 3.0, 3.0, 3.0, 3.0, 3.0, 3.0, 3.0, 3.0, 3.0, 3.0, 3.0, 3.0, 3.0, 3.0, 3.0, 3.0, 3.0, 3.0, 3.0, 3.0, 3.0, 3.0, 3.0, 3.0, 3.0]",COMPLETE
