,number,value,datetime_start,datetime_complete,duration,params_batch_size_scaler,params_constant_learning_rate,params_depth,params_epochs,params_kernel_l2,params_num_trees,params_temperature,user_attrs_accuracy_test,user_attrs_accuracy_valid,user_attrs_approximate_feature_sparsity,user_attrs_approximate_feature_sparsity_history,user_attrs_approximate_weight_sparsity,user_attrs_approximate_weight_sparsity_history,user_attrs_auc_test,user_attrs_auc_valid,user_attrs_feature_sparsity,user_attrs_feature_sparsity_history,user_attrs_num_epochs,user_attrs_val_loss_history,user_attrs_weight_sparsity,user_attrs_weight_sparsity_history,state
118,118,0.9322564439463616,2024-08-31 05:58:58.228518,2024-08-31 06:04:23.836875,0 days 00:05:25.608357,4,0.7315208853236305,6,145,0.5091965984195096,87,0.00039234553087527137,0.941,0.94375,15,"[33, 33, 33, 33, 33, 33, 33, 33, 33, 33, 33, 33, 33, 33, 33, 33, 33, 33, 33, 33, 31, 25, 22, 21, 20, 19, 19, 19, 18, 18, 18, 18, 17, 17, 17, 17, 17, 17, 17, 17, 17, 17, 17, 17, 17, 17, 17, 17, 17, 17, 17, 17, 17, 17, 17, 17, 17, 17, 17, 16, 16, 16, 16, 16, 16, 16, 16, 16, 16, 16, 16, 16, 16, 16, 16, 16, 16, 16, 16, 16, 16, 16, 16, 16, 16, 16, 16, 16, 16, 16, 16, 16, 16, 16, 16, 16, 16, 16, 16, 16, 16, 16, 16, 16, 16, 16, 16, 16, 16, 16, 16, 16, 16, 16, 16, 16, 16, 16, 16, 16, 16, 16, 16, 16, 16, 16, 16, 16, 16, 16, 15, 15, 15, 15, 15, 15, 15, 15, 15, 15, 15, 15, 15, 15, 15]",14.90549169859515,"[32.89910600255428, 32.90384966247035, 32.89509213647145, 32.901660280970624, 32.90384966247035, 32.89983579638752, 32.89928845101259, 32.898741105637654, 32.896186827221314, 32.88980113118044, 32.89144316730523, 32.894727239554825, 32.8925378580551, 32.890713373471996, 32.894909688013136, 32.89126071884692, 32.89126071884693, 32.89235540959679, 32.897463966429484, 32.891625615763544, 30.908045977011497, 24.92428388980113, 21.92902754971721, 20.935048348841455, 19.9376026272578, 18.941981390257254, 18.935778142674696, 18.93705528188287, 17.939062214924288, 17.936690384966248, 17.937237730341177, 17.94143404488232, 16.947819740923187, 16.94763729246488, 16.950374019339534, 16.9410691479657, 16.94125159642401, 16.940521802590766, 16.938514869549355, 16.937055281882866, 16.93796752417442, 16.94216383871556, 16.944535668673602, 16.942346287173876, 16.940156905674147, 16.94125159642401, 16.939062214924284, 16.935960591133004, 16.93687283342456, 16.939244663382595, 16.943258529465425, 16.936143039591315, 16.938514869549355, 16.936690384966248, 16.939609560299214, 16.93742017879949, 16.9376026272578, 16.934318555008208, 16.9341361065499, 15.937055281882868, 15.9341361065499, 15.93851486954935, 15.938697318007664, 15.939244663382594, 15.933953658091589, 15.939792008757527, 15.938514869549351, 15.935230797299763, 15.938149972632731, 15.936690384966246, 15.939244663382595, 15.93742017879949, 15.936143039591313, 15.938149972632733, 15.937420178799488, 15.936690384966244, 15.938879766465973, 15.9410691479657, 15.935230797299763, 15.93450100346652, 15.931946725050175, 15.932129173508482, 15.929574895092136, 15.928115307425653, 15.926655719759166, 15.928845101258895, 15.929757343550449, 15.927203065134101, 15.926108374384237, 15.922641853676337, 15.92756796205072, 15.925925925925927, 15.927567962050722, 15.929209998175516, 15.93085203430031, 15.930852034300308, 15.933771209633278, 15.9341361065499, 15.93085203430031, 15.92993979200876, 15.929209998175516, 15.9272030651341, 15.929027549717205, 15.930669585842, 15.930669585841999, 15.9272030651341, 15.928297755883964, 15.926655719759168, 15.9272030651341, 15.922094508301406, 15.918810436051814, 15.9202700237183, 15.918810436051814, 15.915708812260538, 15.919540229885058, 15.916621054552088, 15.917715745301953, 15.919540229885056, 15.915708812260535, 15.914066776135742, 15.918992884510125, 15.915526363802226, 15.916438606093779, 15.915161466885605, 15.9133369823025, 15.916256157635468, 15.91315453384419, 15.912607188469257, 15.912059843094323, 15.909505564677978, 14.919905126801677, 14.918627987593505, 14.916073709177157, 14.916256157635468, 14.912059843094324, 14.912424740010946, 14.909323116219666, 14.909870461594599, 14.90968801313629, 14.906586389345009, 14.906221492428388, 14.910600255427843, 14.908045977011493, 14.907316183178251, 14.90549169859515]",0.921828945087063,0.9322564439463616,15,"[33, 33, 33, 33, 33, 33, 33, 33, 33, 33, 33, 33, 33, 33, 33, 33, 33, 33, 33, 33, 31, 25, 22, 21, 20, 19, 19, 19, 18, 18, 18, 18, 17, 17, 17, 17, 17, 17, 17, 17, 17, 17, 17, 17, 17, 17, 17, 17, 17, 17, 17, 17, 17, 17, 17, 17, 17, 17, 17, 16, 16, 16, 16, 16, 16, 16, 16, 16, 16, 16, 16, 16, 16, 16, 16, 16, 16, 16, 16, 16, 16, 16, 16, 16, 16, 16, 16, 16, 16, 16, 16, 16, 16, 16, 16, 16, 16, 16, 16, 16, 16, 16, 16, 16, 16, 16, 16, 16, 16, 16, 16, 16, 16, 16, 16, 16, 16, 16, 16, 16, 16, 16, 16, 16, 16, 16, 16, 16, 16, 16, 15, 15, 15, 15, 15, 15, 15, 15, 15, 15, 15, 15, 15, 15, 15]",145,"[0.38444003462791443, 0.37452834844589233, 0.3693639039993286, 0.3671679198741913, 0.35825076699256897, 0.3536517024040222, 0.3489134907722473, 0.3448295295238495, 0.3406672179698944, 0.3365534245967865, 0.3314189910888672, 0.32866910099983215, 0.32262828946113586, 0.3165649175643921, 0.30913442373275757, 0.3017454445362091, 0.29447805881500244, 0.2865068316459656, 0.2812085747718811, 0.2778281271457672, 0.27142101526260376, 0.26665475964546204, 0.2634682357311249, 0.25616466999053955, 0.25163733959198, 0.2525046467781067, 0.2470662146806717, 0.24483366310596466, 0.2451421618461609, 0.242190882563591, 0.2407577484846115, 0.23885449767112732, 0.23281432688236237, 0.23122243583202362, 0.2279929220676422, 0.22746868431568146, 0.22597311437129974, 0.22466117143630981, 0.2211240530014038, 0.21960850059986115, 0.22222375869750977, 0.22011251747608185, 0.21705228090286255, 0.21494954824447632, 0.21327924728393555, 0.21144552528858185, 0.21126976609230042, 0.2141542285680771, 0.21094942092895508, 0.20925965905189514, 0.21086910367012024, 0.20685237646102905, 0.206192746758461, 0.20733784139156342, 0.20519229769706726, 0.2051202356815338, 0.20377948880195618, 0.20305389165878296, 0.20359911024570465, 0.2035989910364151, 0.20201152563095093, 0.20325151085853577, 0.20231793820858002, 0.20384061336517334, 0.20167125761508942, 0.2007615715265274, 0.19889584183692932, 0.19692954421043396, 0.19712360203266144, 0.198844313621521, 0.19784218072891235, 0.1970234513282776, 0.19639435410499573, 0.19525212049484253, 0.19264070689678192, 0.19497494399547577, 0.1939205378293991, 0.19239461421966553, 0.19382919371128082, 0.1975708156824112, 0.19302333891391754, 0.19270892441272736, 0.194895938038826, 0.18949344754219055, 0.18977758288383484, 0.19172221422195435, 0.1933443397283554, 0.1926710158586502, 0.18795880675315857, 0.18779981136322021, 0.18826285004615784, 0.1880892515182495, 0.1874217540025711, 0.18830512464046478, 0.190543994307518, 0.18525999784469604, 0.18821418285369873, 0.18734271824359894, 0.18862947821617126, 0.1885726898908615, 0.18875829875469208, 0.187407448887825, 0.18549580872058868, 0.18809986114501953, 0.18847379088401794, 0.18704038858413696, 0.18435823917388916, 0.18266846239566803, 0.18435129523277283, 0.18739895522594452, 0.18615226447582245, 0.1826036274433136, 0.1878158003091812, 0.18339253962039948, 0.181202232837677, 0.18291644752025604, 0.18114422261714935, 0.18570812046527863, 0.1814664900302887, 0.18190744519233704, 0.17902925610542297, 0.18214260041713715, 0.183879554271698, 0.18432649970054626, 0.18075883388519287, 0.1835242509841919, 0.1807006448507309, 0.1812700778245926, 0.17986714839935303, 0.18378812074661255, 0.18757110834121704, 0.18570707738399506, 0.17876070737838745, 0.18594062328338623, 0.18049506843090057, 0.18627431988716125, 0.18154214322566986, 0.18322399258613586, 0.18118613958358765, 0.18289752304553986, 0.1799551546573639, 0.17911915481090546, 0.18231509625911713, 0.18590395152568817, 0.17876991629600525]",15.0,"[33.0, 33.0, 33.0, 33.0, 33.0, 33.0, 33.0, 33.0, 33.0, 33.0, 33.0, 33.0, 33.0, 33.0, 33.0, 33.0, 33.0, 33.0, 33.0, 33.0, 31.0, 25.0, 22.0, 21.0, 20.0, 19.0, 19.0, 19.0, 18.0, 18.0, 18.0, 18.0, 17.0, 17.0, 17.0, 17.0, 17.0, 17.0, 17.0, 17.0, 17.0, 17.0, 17.0, 17.0, 17.0, 17.0, 17.0, 17.0, 17.0, 17.0, 17.0, 17.0, 17.0, 17.0, 17.0, 17.0, 17.0, 17.0, 17.0, 16.0, 16.0, 16.0, 16.0, 16.0, 16.0, 16.0, 16.0, 16.0, 16.0, 16.0, 16.0, 16.0, 16.0, 16.0, 16.0, 16.0, 16.0, 16.0, 16.0, 16.0, 16.0, 16.0, 16.0, 16.0, 16.0, 16.0, 16.0, 16.0, 16.0, 16.0, 16.0, 16.0, 16.0, 16.0, 16.0, 16.0, 16.0, 16.0, 16.0, 16.0, 16.0, 16.0, 16.0, 16.0, 16.0, 16.0, 16.0, 16.0, 16.0, 16.0, 16.0, 16.0, 16.0, 16.0, 16.0, 16.0, 16.0, 16.0, 16.0, 16.0, 16.0, 16.0, 16.0, 16.0, 16.0, 16.0, 16.0, 16.0, 16.0, 16.0, 15.0, 15.0, 15.0, 15.0, 15.0, 15.0, 15.0, 15.0, 15.0, 15.0, 15.0, 15.0, 15.0, 15.0, 15.0]",COMPLETE
119,119,0.6088418286509255,2024-08-31 06:04:26.013155,2024-08-31 06:05:23.615735,0 days 00:00:57.602580,4,5.334495749934682,4,135,0.03195822792418436,39,0.003597724928926457,0.141,0.14125,1,"[1, 1, 1, 1, 1, 1, 1, 1, 1, 1, 1, 1, 1, 1, 1, 1, 1, 1, 1, 1, 1, 1, 1, 1, 1, 1, 1, 1, 1, 1, 1, 1, 1, 1, 1, 1, 1, 1, 1, 1, 1, 1, 1, 1, 1, 1, 1, 1, 1, 1, 1, 1, 1, 1, 1, 1, 1, 1, 1, 1, 1, 1, 1, 1, 1, 1, 1, 1, 1, 1, 1, 1, 1, 1, 1, 1, 1, 1, 1, 1, 1, 1, 1, 1, 1, 1, 1, 1, 1, 1, 1, 1, 1, 1, 1, 1, 1, 1, 1, 1, 1, 1, 1, 1, 1, 1, 1, 1, 1, 1, 1, 1, 1, 1, 1, 1, 1, 1, 1, 1, 1, 1, 1, 1, 1, 1, 1, 1, 1, 1, 1, 1, 1, 1, 1]",0.9982905982905983,"[1.0, 1.0, 1.0, 1.0, 1.0, 1.0, 1.0, 1.0, 1.0, 1.0, 1.0, 1.0, 1.0, 1.0, 1.0, 1.0, 1.0, 1.0, 1.0, 1.0, 1.0, 1.0, 1.0, 1.0, 1.0, 1.0, 1.0, 1.0, 1.0, 1.0, 1.0, 1.0, 1.0, 1.0, 0.9982905982905983, 0.9982905982905983, 0.9982905982905983, 0.9982905982905983, 0.9982905982905983, 0.9982905982905983, 0.9982905982905983, 0.9982905982905983, 0.9982905982905983, 0.9982905982905983, 0.9982905982905983, 0.9982905982905983, 0.9982905982905983, 0.9982905982905983, 0.9982905982905983, 0.9982905982905983, 0.9982905982905983, 0.9982905982905983, 0.9982905982905983, 0.9982905982905983, 0.9982905982905983, 0.9982905982905983, 0.9982905982905983, 0.9982905982905983, 0.9982905982905983, 0.9982905982905983, 0.9982905982905983, 0.9982905982905983, 0.9982905982905983, 0.9982905982905983, 0.9982905982905983, 0.9982905982905983, 0.9982905982905983, 0.9982905982905983, 0.9982905982905983, 0.9982905982905983, 0.9982905982905983, 0.9982905982905983, 0.9982905982905983, 0.9982905982905983, 0.9982905982905983, 0.9982905982905983, 0.9982905982905983, 0.9982905982905983, 0.9982905982905983, 0.9982905982905983, 0.9982905982905983, 0.9982905982905983, 0.9982905982905983, 0.9982905982905983, 0.9982905982905983, 0.9982905982905983, 0.9982905982905983, 0.9982905982905983, 0.9982905982905983, 0.9982905982905983, 0.9982905982905983, 0.9982905982905983, 0.9982905982905983, 0.9982905982905983, 0.9982905982905983, 0.9982905982905983, 0.9982905982905983, 0.9982905982905983, 0.9982905982905983, 0.9982905982905983, 0.9982905982905983, 0.9982905982905983, 0.9982905982905983, 0.9982905982905983, 0.9982905982905983, 0.9982905982905983, 0.9982905982905983, 0.9982905982905983, 0.9982905982905983, 0.9982905982905983, 0.9982905982905983, 0.9982905982905983, 0.9982905982905983, 0.9982905982905983, 0.9982905982905983, 0.9982905982905983, 0.9982905982905983, 0.9982905982905983, 0.9982905982905983, 0.9982905982905983, 0.9982905982905983, 0.9982905982905983, 0.9982905982905983, 0.9982905982905983, 0.9982905982905983, 0.9982905982905983, 0.9982905982905983, 0.9982905982905983, 0.9982905982905983, 0.9982905982905983, 0.9982905982905983, 0.9982905982905983, 0.9982905982905983, 0.9982905982905983, 0.9982905982905983]",0.6144865793145584,0.6088418286509255,1,"[1, 1, 1, 1, 1, 1, 1, 1, 1, 1, 1, 1, 1, 1, 1, 1, 1, 1, 1, 1, 1, 1, 1, 1, 1, 1, 1, 1, 1, 1, 1, 1, 1, 1, 1, 1, 1, 1, 1, 1, 1, 1, 1, 1, 1, 1, 1, 1, 1, 1, 1, 1, 1, 1, 1, 1, 1, 1, 1, 1, 1, 1, 1, 1, 1, 1, 1, 1, 1, 1, 1, 1, 1, 1, 1, 1, 1, 1, 1, 1, 1, 1, 1, 1, 1, 1, 1, 1, 1, 1, 1, 1, 1, 1, 1, 1, 1, 1, 1, 1, 1, 1, 1, 1, 1, 1, 1, 1, 1, 1, 1, 1, 1, 1, 1, 1, 1, 1, 1, 1, 1, 1, 1, 1, 1, 1, 1, 1, 1, 1, 1, 1, 1, 1, 1]",135,"[0.42219653725624084, 0.3914390802383423, 0.5928325653076172, 0.6316946148872375, 0.9228366613388062, 1.0350732803344727, 0.7190567851066589, 0.4150709807872772, 0.6797358989715576, 1.787300705909729, 0.43585604429244995, 0.4069717824459076, 0.4871522784233093, 0.41290831565856934, 0.39349234104156494, 1.8241677284240723, 0.390206515789032, 1.573152780532837, 0.4220198690891266, 0.38755080103874207, 0.5889239311218262, 0.3974422216415405, 0.404224693775177, 0.5906049609184265, 0.3922019600868225, 1.1779942512512207, 0.514133632183075, 0.39243075251579285, 0.38856902718544006, 0.39103931188583374, 0.46543896198272705, 0.41147303581237793, 0.48409634828567505, 0.4403621256351471, 0.39647141098976135, 1.2213882207870483, 0.3864091634750366, 0.4996322989463806, 0.4165169894695282, 0.40212321281433105, 1.3146470785140991, 0.44598275423049927, 0.791796088218689, 0.4089682102203369, 0.4919567108154297, 0.6330617666244507, 0.562187671661377, 0.7464887499809265, 0.49732354283332825, 0.8295574188232422, 0.38900384306907654, 0.8759179711341858, 0.631740391254425, 0.44698113203048706, 0.4185034930706024, 0.5886753797531128, 0.3872617483139038, 0.5097108483314514, 0.402439683675766, 1.1150155067443848, 0.476581871509552, 0.38982707262039185, 0.4326261878013611, 0.41696253418922424, 1.106905460357666, 0.41214314103126526, 0.5759388208389282, 0.4127447009086609, 0.6516092419624329, 0.46345797181129456, 0.39078912138938904, 0.9306997656822205, 0.4679199159145355, 0.6304248571395874, 0.4007081985473633, 0.39961525797843933, 0.9231003522872925, 0.9172938466072083, 0.4720425307750702, 0.4380919933319092, 0.4384061098098755, 1.4842212200164795, 0.5877013206481934, 0.8710834383964539, 0.4827934205532074, 0.43578776717185974, 0.7596337795257568, 0.5864967107772827, 1.0969300270080566, 0.4976053535938263, 1.8218480348587036, 0.7394583225250244, 0.4233691394329071, 0.4097851812839508, 0.39150944352149963, 0.9816667437553406, 0.46793389320373535, 0.3967847526073456, 0.44864365458488464, 0.5516924858093262, 0.39115920662879944, 0.3864445388317108, 0.8803640604019165, 0.3970276713371277, 0.38999393582344055, 0.4932691156864166, 0.39401671290397644, 0.6049016714096069, 0.4625665545463562, 0.4403925836086273, 0.4134019911289215, 0.7388051748275757, 0.6172522902488708, 0.6063060760498047, 0.39485931396484375, 0.6181493997573853, 0.4750189185142517, 0.7822624444961548, 0.44127488136291504, 0.6114806532859802, 0.4619518518447876, 0.5864750742912292, 0.4314308166503906, 1.216383934020996, 0.834185004234314, 0.7023767232894897, 0.6616020798683167, 0.38623902201652527, 0.3894684612751007, 0.4491821229457855, 0.3968459963798523, 0.7811072468757629, 0.3912166953086853, 0.4050765633583069, 1.8447118997573853]",1.0,"[1.0, 1.0, 1.0, 1.0, 1.0, 1.0, 1.0, 1.0, 1.0, 1.0, 1.0, 1.0, 1.0, 1.0, 1.0, 1.0, 1.0, 1.0, 1.0, 1.0, 1.0, 1.0, 1.0, 1.0, 1.0, 1.0, 1.0, 1.0, 1.0, 1.0, 1.0, 1.0, 1.0, 1.0, 1.0, 1.0, 1.0, 1.0, 1.0, 1.0, 1.0, 1.0, 1.0, 1.0, 1.0, 1.0, 1.0, 1.0, 1.0, 1.0, 1.0, 1.0, 1.0, 1.0, 1.0, 1.0, 1.0, 1.0, 1.0, 1.0, 1.0, 1.0, 1.0, 1.0, 1.0, 1.0, 1.0, 1.0, 1.0, 1.0, 1.0, 1.0, 1.0, 1.0, 1.0, 1.0, 1.0, 1.0, 1.0, 1.0, 1.0, 1.0, 1.0, 1.0, 1.0, 1.0, 1.0, 1.0, 1.0, 1.0, 1.0, 1.0, 1.0, 1.0, 1.0, 1.0, 1.0, 1.0, 1.0, 1.0, 1.0, 1.0, 1.0, 1.0, 1.0, 1.0, 1.0, 1.0, 1.0, 1.0, 1.0, 1.0, 1.0, 1.0, 1.0, 1.0, 1.0, 1.0, 1.0, 1.0, 1.0, 1.0, 1.0, 1.0, 1.0, 1.0, 1.0, 1.0, 1.0, 1.0, 1.0, 1.0, 1.0, 1.0, 1.0]",COMPLETE
