,number,value,datetime_start,datetime_complete,duration,params_batch_size_scaler,params_constant_learning_rate,params_depth,params_epochs,params_kernel_l2,params_num_trees,params_temperature,user_attrs_accuracy_test,user_attrs_accuracy_valid,user_attrs_approximate_feature_sparsity,user_attrs_approximate_feature_sparsity_history,user_attrs_approximate_weight_sparsity,user_attrs_approximate_weight_sparsity_history,user_attrs_auc_test,user_attrs_auc_valid,user_attrs_feature_sparsity,user_attrs_feature_sparsity_history,user_attrs_num_epochs,user_attrs_val_loss_history,user_attrs_weight_sparsity,user_attrs_weight_sparsity_history,state
108,108,0.6635171516533344,2024-08-31 05:08:10.026197,2024-08-31 05:08:48.016693,0 days 00:00:37.990496,4,0.028009534820594154,1,280,0.12819579482443336,18,0.01030857948097432,0.863,0.86,2,"[33, 33, 33, 33, 33, 33, 33, 33, 33, 33, 33, 33, 33, 33, 33, 33, 33, 33, 33, 33, 33, 33, 33, 33, 33, 33, 33, 31, 31, 31, 29, 29, 26, 25, 21, 17, 16, 16, 14, 12, 12, 12, 12, 12, 10, 9, 6, 6, 6, 5, 5, 5, 5, 4, 4, 4, 4, 4, 4, 4, 4, 4, 4, 4, 4, 4, 4, 4, 4, 4, 4, 4, 4, 4, 4, 4, 4, 4, 4, 4, 4, 4, 4, 4, 4, 4, 4, 4, 4, 4, 4, 4, 4, 4, 4, 4, 4, 4, 4, 4, 4, 4, 4, 4, 4, 4, 4, 4, 4, 4, 4, 4, 4, 4, 4, 4, 4, 4, 4, 4, 3, 3, 3, 3, 3, 3, 3, 3, 3, 3, 3, 3, 3, 3, 3, 3, 3, 3, 3, 3, 3, 3, 3, 3, 3, 3, 3, 3, 3, 3, 3, 3, 3, 3, 3, 3, 3, 3, 3, 3, 3, 3, 3, 3, 3, 3, 3, 3, 3, 3, 3, 3, 3, 3, 3, 3, 3, 3, 3, 3, 3, 3, 3, 3, 3, 3, 3, 3, 3, 3, 3, 3, 3, 3, 3, 3, 3, 3, 3, 3, 3, 3, 3, 3, 3, 3, 3, 3, 3, 3, 3, 3, 3, 3, 3, 3, 3, 3, 3, 3, 3, 3, 3, 3, 3, 3, 3, 3, 3, 3, 3, 3, 3, 3, 3, 3, 3, 3, 3, 3, 3, 3, 3, 3, 3, 3, 3, 3, 3, 3, 3, 3, 3, 3, 3, 3, 3, 3, 3, 3, 3, 3, 3, 3, 3, 3, 3, 3, 3, 3, 3, 2, 2, 2, 2, 2, 2, 2, 2, 2]",2.0,"[33.0, 32.94444444444444, 33.0, 33.0, 33.0, 33.0, 33.0, 33.0, 33.0, 33.0, 32.94444444444444, 33.0, 33.0, 32.94444444444444, 32.94444444444444, 33.0, 33.0, 33.0, 33.0, 33.0, 33.0, 33.0, 32.94444444444444, 32.94444444444444, 33.0, 33.0, 32.94444444444444, 31.0, 31.0, 30.944444444444443, 29.0, 29.0, 25.944444444444443, 24.944444444444443, 21.0, 17.0, 16.0, 16.0, 14.0, 12.0, 12.0, 12.0, 12.0, 12.0, 10.0, 9.0, 6.0, 6.0, 6.0, 5.0, 5.0, 5.0, 5.0, 4.0, 4.0, 3.9444444444444446, 4.0, 4.0, 4.0, 4.0, 4.0, 4.0, 4.0, 4.0, 4.0, 4.0, 4.0, 4.0, 4.0, 4.0, 4.0, 4.0, 4.0, 4.0, 4.0, 4.0, 4.0, 4.0, 4.0, 4.0, 4.0, 4.0, 4.0, 4.0, 4.0, 4.0, 4.0, 4.0, 4.0, 4.0, 4.0, 4.0, 4.0, 4.0, 4.0, 4.0, 4.0, 4.0, 4.0, 3.9444444444444446, 4.0, 4.0, 4.0, 4.0, 4.0, 4.0, 4.0, 4.0, 4.0, 4.0, 4.0, 4.0, 4.0, 3.9444444444444446, 4.0, 4.0, 4.0, 4.0, 4.0, 4.0, 3.0, 3.0, 3.0, 3.0, 3.0, 3.0, 3.0, 3.0, 3.0, 3.0, 3.0, 3.0, 3.0, 3.0, 3.0, 3.0, 3.0, 3.0, 3.0, 3.0, 3.0, 3.0, 3.0, 3.0, 3.0, 3.0, 3.0, 3.0, 3.0, 3.0, 3.0, 3.0, 3.0, 3.0, 3.0, 3.0, 3.0, 3.0, 3.0, 3.0, 3.0, 3.0, 3.0, 3.0, 3.0, 3.0, 3.0, 3.0, 3.0, 3.0, 3.0, 3.0, 3.0, 3.0, 3.0, 3.0, 3.0, 3.0, 3.0, 3.0, 3.0, 3.0, 3.0, 3.0, 3.0, 3.0, 3.0, 3.0, 3.0, 3.0, 3.0, 3.0, 3.0, 3.0, 3.0, 3.0, 3.0, 3.0, 3.0, 3.0, 3.0, 3.0, 3.0, 3.0, 3.0, 3.0, 3.0, 3.0, 3.0, 3.0, 3.0, 3.0, 3.0, 3.0, 3.0, 3.0, 3.0, 3.0, 3.0, 3.0, 3.0, 3.0, 3.0, 3.0, 3.0, 3.0, 3.0, 3.0, 3.0, 3.0, 3.0, 3.0, 3.0, 3.0, 3.0, 3.0, 3.0, 3.0, 3.0, 3.0, 3.0, 3.0, 3.0, 3.0, 3.0, 3.0, 3.0, 3.0, 3.0, 3.0, 3.0, 3.0, 3.0, 3.0, 3.0, 3.0, 3.0, 3.0, 3.0, 3.0, 3.0, 3.0, 3.0, 3.0, 3.0, 3.0, 3.0, 3.0, 3.0, 3.0, 3.0, 2.0, 2.0, 2.0, 2.0, 2.0, 2.0, 2.0, 2.0, 2.0]",0.6446635127436653,0.6635171516533344,2,"[33, 33, 33, 33, 33, 33, 33, 33, 33, 33, 33, 33, 33, 33, 33, 33, 33, 33, 33, 33, 33, 33, 33, 33, 33, 33, 33, 31, 31, 31, 29, 29, 26, 25, 21, 17, 16, 16, 14, 12, 12, 12, 12, 12, 10, 9, 6, 6, 6, 5, 5, 5, 5, 4, 4, 4, 4, 4, 4, 4, 4, 4, 4, 4, 4, 4, 4, 4, 4, 4, 4, 4, 4, 4, 4, 4, 4, 4, 4, 4, 4, 4, 4, 4, 4, 4, 4, 4, 4, 4, 4, 4, 4, 4, 4, 4, 4, 4, 4, 4, 4, 4, 4, 4, 4, 4, 4, 4, 4, 4, 4, 4, 4, 4, 4, 4, 4, 4, 4, 4, 3, 3, 3, 3, 3, 3, 3, 3, 3, 3, 3, 3, 3, 3, 3, 3, 3, 3, 3, 3, 3, 3, 3, 3, 3, 3, 3, 3, 3, 3, 3, 3, 3, 3, 3, 3, 3, 3, 3, 3, 3, 3, 3, 3, 3, 3, 3, 3, 3, 3, 3, 3, 3, 3, 3, 3, 3, 3, 3, 3, 3, 3, 3, 3, 3, 3, 3, 3, 3, 3, 3, 3, 3, 3, 3, 3, 3, 3, 3, 3, 3, 3, 3, 3, 3, 3, 3, 3, 3, 3, 3, 3, 3, 3, 3, 3, 3, 3, 3, 3, 3, 3, 3, 3, 3, 3, 3, 3, 3, 3, 3, 3, 3, 3, 3, 3, 3, 3, 3, 3, 3, 3, 3, 3, 3, 3, 3, 3, 3, 3, 3, 3, 3, 3, 3, 3, 3, 3, 3, 3, 3, 3, 3, 3, 3, 3, 3, 3, 3, 3, 3, 2, 2, 2, 2, 2, 2, 2, 2, 2]",280,"[0.563870906829834, 0.5539722442626953, 0.5446838736534119, 0.5369004011154175, 0.5283567905426025, 0.5210561752319336, 0.5142123699188232, 0.5080822706222534, 0.501639187335968, 0.49590733647346497, 0.49111464619636536, 0.48499709367752075, 0.48037615418434143, 0.4751392602920532, 0.47025391459465027, 0.4661848843097687, 0.4615238308906555, 0.457187682390213, 0.45334887504577637, 0.4492747187614441, 0.44550979137420654, 0.4418756365776062, 0.4384097754955292, 0.43501463532447815, 0.4322299063205719, 0.4285649061203003, 0.4256477355957031, 0.42119449377059937, 0.41836127638816833, 0.4156530499458313, 0.4111732840538025, 0.40904271602630615, 0.4048750400543213, 0.4017505645751953, 0.39575669169425964, 0.39160391688346863, 0.3892074227333069, 0.3874525725841522, 0.38040366768836975, 0.37642136216163635, 0.3756864666938782, 0.37460023164749146, 0.3735828399658203, 0.37263020873069763, 0.3770090937614441, 0.37653911113739014, 0.3785834014415741, 0.37788936495780945, 0.37760066986083984, 0.37386569380760193, 0.3735392689704895, 0.37321993708610535, 0.3733745217323303, 0.3719385266304016, 0.3715640604496002, 0.37125667929649353, 0.3710152804851532, 0.3706820011138916, 0.37049075961112976, 0.3703542947769165, 0.370336651802063, 0.3702406585216522, 0.3695361614227295, 0.36953458189964294, 0.3692237138748169, 0.36889758706092834, 0.3688887357711792, 0.36854106187820435, 0.3683176338672638, 0.36819037795066833, 0.36795395612716675, 0.36803045868873596, 0.3684016764163971, 0.3674566149711609, 0.36743441224098206, 0.36715957522392273, 0.36697161197662354, 0.3667964041233063, 0.36688902974128723, 0.3667679727077484, 0.3668423891067505, 0.36653217673301697, 0.3660656213760376, 0.36622223258018494, 0.3659095764160156, 0.36577850580215454, 0.3659206032752991, 0.3654479682445526, 0.3659755289554596, 0.36542513966560364, 0.36503395438194275, 0.36494022607803345, 0.3653452694416046, 0.36496880650520325, 0.3646368086338043, 0.36453843116760254, 0.3646027445793152, 0.36433836817741394, 0.3642120361328125, 0.3641428053379059, 0.36438220739364624, 0.36389225721359253, 0.36388468742370605, 0.36366477608680725, 0.36360758543014526, 0.3638288378715515, 0.36346420645713806, 0.36331233382225037, 0.36321553587913513, 0.36344650387763977, 0.36373329162597656, 0.36304908990859985, 0.3630978465080261, 0.3631240427494049, 0.3627271354198456, 0.36294543743133545, 0.3627045750617981, 0.3625248968601227, 0.3627515733242035, 0.36268851161003113, 0.3784460127353668, 0.3785446286201477, 0.3784933388233185, 0.37842369079589844, 0.3782516419887543, 0.3782925307750702, 0.37817054986953735, 0.37816596031188965, 0.3782264292240143, 0.37803879380226135, 0.37797728180885315, 0.37801989912986755, 0.3784506618976593, 0.3783204257488251, 0.3778194785118103, 0.37778517603874207, 0.3777223527431488, 0.3777603805065155, 0.3776712119579315, 0.3776829242706299, 0.37762340903282166, 0.37762725353240967, 0.3774867355823517, 0.3774529993534088, 0.37741345167160034, 0.37737491726875305, 0.37734100222587585, 0.37730109691619873, 0.3772958815097809, 0.37769994139671326, 0.377247154712677, 0.37722939252853394, 0.37712469696998596, 0.3770901560783386, 0.37708646059036255, 0.37708672881126404, 0.3769948482513428, 0.37709981203079224, 0.3772936761379242, 0.37701085209846497, 0.37686043977737427, 0.37683048844337463, 0.37681594491004944, 0.37686264514923096, 0.3768164813518524, 0.3767043948173523, 0.3769301474094391, 0.3769659698009491, 0.37660926580429077, 0.37677401304244995, 0.37658923864364624, 0.37654292583465576, 0.37668511271476746, 0.3765101134777069, 0.3764786124229431, 0.37641870975494385, 0.3768317401409149, 0.3764721751213074, 0.37637796998023987, 0.376298725605011, 0.376426100730896, 0.3762495815753937, 0.37637946009635925, 0.3761928677558899, 0.37639689445495605, 0.37614914774894714, 0.376113623380661, 0.37641316652297974, 0.37606021761894226, 0.37620827555656433, 0.3760104775428772, 0.376008003950119, 0.37595024704933167, 0.3759259283542633, 0.37590527534484863, 0.37598907947540283, 0.3760312795639038, 0.37585651874542236, 0.3760928213596344, 0.3757788836956024, 0.3759138882160187, 0.37576958537101746, 0.37570834159851074, 0.3767293691635132, 0.37597793340682983, 0.37572288513183594, 0.3758639991283417, 0.3756420910358429, 0.3756778836250305, 0.37557026743888855, 0.37570640444755554, 0.37559810280799866, 0.37547919154167175, 0.3754689693450928, 0.37568992376327515, 0.37571579217910767, 0.37540337443351746, 0.3753722310066223, 0.3754749298095703, 0.37535330653190613, 0.37563177943229675, 0.3752868175506592, 0.37555938959121704, 0.3752487599849701, 0.37538570165634155, 0.37529346346855164, 0.3752100467681885, 0.3754648268222809, 0.37517020106315613, 0.37557995319366455, 0.3751332461833954, 0.3751126527786255, 0.37519845366477966, 0.3752550780773163, 0.3752860724925995, 0.37562263011932373, 0.3750650882720947, 0.3750115633010864, 0.37519386410713196, 0.37520095705986023, 0.374981164932251, 0.3750370144844055, 0.3750131130218506, 0.37491485476493835, 0.37496697902679443, 0.37581896781921387, 0.3752111792564392, 0.3751155436038971, 0.37486568093299866, 0.3747521638870239, 0.3749232888221741, 0.3747889995574951, 0.37493714690208435, 0.3746986389160156, 0.37475430965423584, 0.374746173620224, 0.37467533349990845, 0.3746313452720642, 0.3746551275253296, 0.3746282160282135, 0.374652624130249, 0.3745979368686676, 0.3746538460254669, 0.37476176023483276, 0.37452831864356995, 0.3747771084308624, 0.37446948885917664, 0.3747519552707672, 0.37467387318611145, 0.37444451451301575, 0.37441644072532654, 0.38043636083602905, 0.37966617941856384, 0.37913790345191956, 0.3786369264125824, 0.3782186806201935, 0.3778823912143707, 0.3775942921638489, 0.37758421897888184, 0.37750232219696045]",2.0,"[33.0, 33.0, 33.0, 33.0, 33.0, 33.0, 33.0, 33.0, 33.0, 33.0, 33.0, 33.0, 33.0, 33.0, 33.0, 33.0, 33.0, 33.0, 33.0, 33.0, 33.0, 33.0, 33.0, 33.0, 33.0, 33.0, 33.0, 31.0, 31.0, 31.0, 29.0, 29.0, 26.0, 25.0, 21.0, 17.0, 16.0, 16.0, 14.0, 12.0, 12.0, 12.0, 12.0, 12.0, 10.0, 9.0, 6.0, 6.0, 6.0, 5.0, 5.0, 5.0, 5.0, 4.0, 4.0, 4.0, 4.0, 4.0, 4.0, 4.0, 4.0, 4.0, 4.0, 4.0, 4.0, 4.0, 4.0, 4.0, 4.0, 4.0, 4.0, 4.0, 4.0, 4.0, 4.0, 4.0, 4.0, 4.0, 4.0, 4.0, 4.0, 4.0, 4.0, 4.0, 4.0, 4.0, 4.0, 4.0, 4.0, 4.0, 4.0, 4.0, 4.0, 4.0, 4.0, 4.0, 4.0, 4.0, 4.0, 4.0, 4.0, 4.0, 4.0, 4.0, 4.0, 4.0, 4.0, 4.0, 4.0, 4.0, 4.0, 4.0, 4.0, 4.0, 4.0, 4.0, 4.0, 4.0, 4.0, 4.0, 3.0, 3.0, 3.0, 3.0, 3.0, 3.0, 3.0, 3.0, 3.0, 3.0, 3.0, 3.0, 3.0, 3.0, 3.0, 3.0, 3.0, 3.0, 3.0, 3.0, 3.0, 3.0, 3.0, 3.0, 3.0, 3.0, 3.0, 3.0, 3.0, 3.0, 3.0, 3.0, 3.0, 3.0, 3.0, 3.0, 3.0, 3.0, 3.0, 3.0, 3.0, 3.0, 3.0, 3.0, 3.0, 3.0, 3.0, 3.0, 3.0, 3.0, 3.0, 3.0, 3.0, 3.0, 3.0, 3.0, 3.0, 3.0, 3.0, 3.0, 3.0, 3.0, 3.0, 3.0, 3.0, 3.0, 3.0, 3.0, 3.0, 3.0, 3.0, 3.0, 3.0, 3.0, 3.0, 3.0, 3.0, 3.0, 3.0, 3.0, 3.0, 3.0, 3.0, 3.0, 3.0, 3.0, 3.0, 3.0, 3.0, 3.0, 3.0, 3.0, 3.0, 3.0, 3.0, 3.0, 3.0, 3.0, 3.0, 3.0, 3.0, 3.0, 3.0, 3.0, 3.0, 3.0, 3.0, 3.0, 3.0, 3.0, 3.0, 3.0, 3.0, 3.0, 3.0, 3.0, 3.0, 3.0, 3.0, 3.0, 3.0, 3.0, 3.0, 3.0, 3.0, 3.0, 3.0, 3.0, 3.0, 3.0, 3.0, 3.0, 3.0, 3.0, 3.0, 3.0, 3.0, 3.0, 3.0, 3.0, 3.0, 3.0, 3.0, 3.0, 3.0, 3.0, 3.0, 3.0, 3.0, 3.0, 3.0, 2.0, 2.0, 2.0, 2.0, 2.0, 2.0, 2.0, 2.0, 2.0]",COMPLETE
109,109,0.6088418286509255,2024-08-31 05:08:50.182099,2024-08-31 05:09:26.814529,0 days 00:00:36.632430,16,0.5811684838289055,6,15,0.09477146434218964,10,0.013752376950779821,0.859,0.85875,1,"[33, 33, 33, 29, 3, 1, 1, 1, 1, 1, 1, 1, 1, 1, 1]",0.9968253968253968,"[32.95873015873016, 32.96984126984127, 32.96349206349206, 28.974603174603175, 2.992063492063492, 0.9952380952380953, 1.0, 1.0, 0.9984126984126984, 1.0, 0.9984126984126984, 1.0, 1.0, 1.0, 0.9968253968253968]",0.6144865793145584,0.6088418286509255,1,"[33, 33, 33, 29, 3, 1, 1, 1, 1, 1, 1, 1, 1, 1, 1]",15,"[0.4505561888217926, 0.4111018478870392, 0.39813873171806335, 0.38990548253059387, 0.3958381712436676, 0.40141499042510986, 0.39965900778770447, 0.3987487852573395, 0.39828723669052124, 0.39791756868362427, 0.39761725068092346, 0.3973749279975891, 0.39713263511657715, 0.39689886569976807, 0.39665743708610535]",1.0,"[33.0, 33.0, 33.0, 29.0, 3.0, 1.0, 1.0, 1.0, 1.0, 1.0, 1.0, 1.0, 1.0, 1.0, 1.0]",COMPLETE
110,110,0.5,2024-08-31 05:09:26.818022,2024-08-31 05:09:52.486263,0 days 00:00:25.668241,16,2.423279975695041,4,110,0.08326921678695233,22,0.03518375785017625,0.859,0.85875,0,"[0, 0, 0, 0, 0, 0, 0, 0, 0, 0, 0, 0, 0, 0, 0, 0, 0, 0, 0, 0, 0, 0, 0, 0, 0, 0, 0, 0, 0, 0, 0, 0, 0, 0, 0, 0, 0, 0, 0, 0, 0, 0, 0, 0, 0, 0, 0, 0, 0, 0, 0, 0, 0, 0, 0, 0, 0, 0, 0, 0, 0, 0, 0, 0, 0, 0, 0, 0, 0, 0, 0, 0, 0, 0, 0, 0, 0, 0, 0, 0, 0, 0, 0, 0, 0, 0, 0, 0, 0, 0, 0, 0, 0, 0, 0, 0, 0, 0, 0, 0, 0, 0, 0, 0, 0, 0, 0, 0, 0, 0]",0.0,"[0.0, 0.0, 0.0, 0.0, 0.0, 0.0, 0.0, 0.0, 0.0, 0.0, 0.0, 0.0, 0.0, 0.0, 0.0, 0.0, 0.0, 0.0, 0.0, 0.0, 0.0, 0.0, 0.0, 0.0, 0.0, 0.0, 0.0, 0.0, 0.0, 0.0, 0.0, 0.0, 0.0, 0.0, 0.0, 0.0, 0.0, 0.0, 0.0, 0.0, 0.0, 0.0, 0.0, 0.0, 0.0, 0.0, 0.0, 0.0, 0.0, 0.0, 0.0, 0.0, 0.0, 0.0, 0.0, 0.0, 0.0, 0.0, 0.0, 0.0, 0.0, 0.0, 0.0, 0.0, 0.0, 0.0, 0.0, 0.0, 0.0, 0.0, 0.0, 0.0, 0.0, 0.0, 0.0, 0.0, 0.0, 0.0, 0.0, 0.0, 0.0, 0.0, 0.0, 0.0, 0.0, 0.0, 0.0, 0.0, 0.0, 0.0, 0.0, 0.0, 0.0, 0.0, 0.0, 0.0, 0.0, 0.0, 0.0, 0.0, 0.0, 0.0, 0.0, 0.0, 0.0, 0.0, 0.0, 0.0, 0.0, 0.0]",0.5,0.5,0,"[0, 0, 0, 0, 0, 0, 0, 0, 0, 0, 0, 0, 0, 0, 0, 0, 0, 0, 0, 0, 0, 0, 0, 0, 0, 0, 0, 0, 0, 0, 0, 0, 0, 0, 0, 0, 0, 0, 0, 0, 0, 0, 0, 0, 0, 0, 0, 0, 0, 0, 0, 0, 0, 0, 0, 0, 0, 0, 0, 0, 0, 0, 0, 0, 0, 0, 0, 0, 0, 0, 0, 0, 0, 0, 0, 0, 0, 0, 0, 0, 0, 0, 0, 0, 0, 0, 0, 0, 0, 0, 0, 0, 0, 0, 0, 0, 0, 0, 0, 0, 0, 0, 0, 0, 0, 0, 0, 0, 0, 0]",110,"[0.4090529978275299, 0.4089043140411377, 0.40756645798683167, 0.4073663651943207, 0.4108465611934662, 0.4091958701610565, 0.40770065784454346, 0.4091576039791107, 0.40739527344703674, 0.40742379426956177, 0.4088888168334961, 0.41173362731933594, 0.41367992758750916, 0.4120611548423767, 0.4074293375015259, 0.41077327728271484, 0.4135006070137024, 0.407372385263443, 0.40756070613861084, 0.4077150821685791, 0.4139908254146576, 0.4072771370410919, 0.4072291851043701, 0.4149951636791229, 0.4088006317615509, 0.41022393107414246, 0.40835240483283997, 0.4079171121120453, 0.4072466790676117, 0.4100159704685211, 0.40890759229660034, 0.407958060503006, 0.4158748984336853, 0.4101840555667877, 0.4101501703262329, 0.40743395686149597, 0.4129928946495056, 0.40722939372062683, 0.4081255793571472, 0.40950194001197815, 0.4080454111099243, 0.4100668728351593, 0.40742501616477966, 0.40734922885894775, 0.40745916962623596, 0.4210025668144226, 0.40741097927093506, 0.40804579854011536, 0.4073738753795624, 0.40741515159606934, 0.4087770879268646, 0.4077116847038269, 0.40985479950904846, 0.4072307348251343, 0.40743035078048706, 0.4078942835330963, 0.41704508662223816, 0.41013675928115845, 0.40907517075538635, 0.4078885614871979, 0.4087531566619873, 0.41124042868614197, 0.4133460521697998, 0.4091348350048065, 0.4073013961315155, 0.40837201476097107, 0.420640230178833, 0.4080885350704193, 0.40804317593574524, 0.4072260558605194, 0.4072296619415283, 0.4100397229194641, 0.41439828276634216, 0.40777313709259033, 0.4074675738811493, 0.4201565980911255, 0.42510223388671875, 0.42043232917785645, 0.41562938690185547, 0.4074353277683258, 0.40993639826774597, 0.40737059712409973, 0.4134444296360016, 0.4072292447090149, 0.40752536058425903, 0.4087458550930023, 0.4094527065753937, 0.41067638993263245, 0.4249485433101654, 0.40737590193748474, 0.4076598882675171, 0.4178556501865387, 0.41084179282188416, 0.40780267119407654, 0.41543132066726685, 0.40992626547813416, 0.4156341552734375, 0.4126487076282501, 0.4074505865573883, 0.4147867262363434, 0.4072280824184418, 0.408023476600647, 0.4178980886936188, 0.410434752702713, 0.4110878109931946, 0.40804237127304077, 0.4082374572753906, 0.407927542924881, 0.4174063205718994, 0.4073280394077301]",0.0,"[0.0, 0.0, 0.0, 0.0, 0.0, 0.0, 0.0, 0.0, 0.0, 0.0, 0.0, 0.0, 0.0, 0.0, 0.0, 0.0, 0.0, 0.0, 0.0, 0.0, 0.0, 0.0, 0.0, 0.0, 0.0, 0.0, 0.0, 0.0, 0.0, 0.0, 0.0, 0.0, 0.0, 0.0, 0.0, 0.0, 0.0, 0.0, 0.0, 0.0, 0.0, 0.0, 0.0, 0.0, 0.0, 0.0, 0.0, 0.0, 0.0, 0.0, 0.0, 0.0, 0.0, 0.0, 0.0, 0.0, 0.0, 0.0, 0.0, 0.0, 0.0, 0.0, 0.0, 0.0, 0.0, 0.0, 0.0, 0.0, 0.0, 0.0, 0.0, 0.0, 0.0, 0.0, 0.0, 0.0, 0.0, 0.0, 0.0, 0.0, 0.0, 0.0, 0.0, 0.0, 0.0, 0.0, 0.0, 0.0, 0.0, 0.0, 0.0, 0.0, 0.0, 0.0, 0.0, 0.0, 0.0, 0.0, 0.0, 0.0, 0.0, 0.0, 0.0, 0.0, 0.0, 0.0, 0.0, 0.0, 0.0, 0.0]",COMPLETE
