,number,value,datetime_start,datetime_complete,duration,params_batch_size_scaler,params_constant_learning_rate,params_depth,params_epochs,params_kernel_l2,params_num_trees,params_temperature,user_attrs_accuracy_test,user_attrs_accuracy_valid,user_attrs_approximate_feature_sparsity,user_attrs_approximate_feature_sparsity_history,user_attrs_approximate_weight_sparsity,user_attrs_approximate_weight_sparsity_history,user_attrs_auc_test,user_attrs_auc_valid,user_attrs_feature_sparsity,user_attrs_feature_sparsity_history,user_attrs_num_epochs,user_attrs_val_loss_history,user_attrs_weight_sparsity,user_attrs_weight_sparsity_history,state
8,8,0.9331195012301786,2024-08-31 00:53:00.883092,2024-08-31 00:59:43.326047,0 days 00:06:42.442955,1,0.02006697079394707,4,485,0.013017807524959528,39,0.0001089201510136336,0.948,0.95125,33,"[33, 33, 33, 33, 33, 33, 33, 33, 33, 33, 33, 33, 33, 33, 33, 33, 33, 33, 33, 33, 33, 33, 33, 33, 33, 33, 33, 33, 33, 33, 33, 33, 33, 33, 33, 33, 33, 33, 33, 33, 33, 33, 33, 33, 33, 33, 33, 33, 33, 33, 33, 33, 33, 33, 33, 33, 33, 33, 33, 33, 33, 33, 33, 33, 33, 33, 33, 33, 33, 33, 33, 33, 33, 33, 33, 33, 33, 33, 33, 33, 33, 33, 33, 33, 33, 33, 33, 33, 33, 33, 33, 33, 33, 33, 33, 33, 33, 33, 33, 33, 33, 33, 33, 33, 33, 33, 33, 33, 33, 33, 33, 33, 33, 33, 33, 33, 33, 33, 33, 33, 33, 33, 33, 33, 33, 33, 33, 33, 33, 33, 33, 33, 33, 33, 33, 33, 33, 33, 33, 33, 33, 33, 33, 33, 33, 33, 33, 33, 33, 33, 33, 33, 33, 33, 33, 33, 33, 33, 33, 33, 33, 33, 33, 33, 33, 33, 33, 33, 33, 33, 33, 33, 33, 33, 33, 33, 33, 33, 33, 33, 33, 33, 33, 33, 33, 33, 33, 33, 33, 33, 33, 33, 33, 33, 33, 33, 33, 33, 33, 33, 33, 33, 33, 33, 33, 33, 33, 33, 33, 33, 33, 33, 33, 33, 33, 33, 33, 33, 33, 33, 33, 33, 33, 33, 33, 33, 33, 33, 33, 33, 33, 33, 33, 33, 33, 33, 33, 33, 33, 33, 33, 33, 33, 33, 33, 33, 33, 33, 33, 33, 33, 33, 33, 33, 33, 33, 33, 33, 33, 33, 33, 33, 33, 33, 33, 33, 33, 33, 33, 33, 33, 33, 33, 33, 33, 33, 33, 33, 33, 33, 33, 33, 33, 33, 33, 33, 33, 33, 33, 33, 33, 33, 33, 33, 33, 33, 33, 33, 33, 33, 33, 33, 33, 33, 33, 33, 33, 33, 33, 33, 33, 33, 33, 33, 33, 33, 33, 33, 33, 33, 33, 33, 33, 33, 33, 33, 33, 33, 33, 33, 33, 33, 33, 33, 33, 33, 33, 33, 33, 33, 33, 33, 33, 33, 33, 33, 33, 33, 33, 33, 33, 33, 33, 33, 33, 33, 33, 33, 33, 33, 33, 33, 33, 33, 33, 33, 33, 33, 33, 33, 33, 33, 33, 33, 33, 33, 33, 33, 33, 33, 33, 33, 33, 33, 33, 33, 33, 33, 33, 33, 33, 33, 33, 33, 33, 33, 33, 33, 33, 33, 33, 33, 33, 33, 33, 33, 33, 33, 33, 33, 33, 33, 33, 33, 33, 33, 33, 33, 33, 33, 33, 33, 33, 33, 33, 33, 33, 33, 33, 33, 33, 33, 33, 33, 33, 33, 33, 33, 33, 33, 33, 33, 33, 33, 33, 33, 33, 33, 33, 33, 33, 33, 33, 33, 33, 33, 33, 33, 33, 33, 33, 33, 33, 33, 33, 33, 33, 33, 33, 33, 33, 33, 33, 33, 33, 33, 33, 33, 33, 33, 33, 33, 33, 33, 33]",32.965811965811966,"[32.97264957264957, 32.96410256410256, 32.96752136752137, 32.97094017094017, 32.976068376068376, 32.977777777777774, 32.96239316239316, 32.97435897435898, 32.96752136752137, 32.96923076923077, 32.97435897435898, 32.96923076923077, 32.96410256410256, 32.965811965811966, 32.96752136752137, 32.96239316239316, 32.95213675213675, 32.95384615384616, 32.95042735042735, 32.960683760683764, 32.96410256410256, 32.95384615384616, 32.97435897435898, 32.97264957264957, 32.97264957264957, 32.960683760683764, 32.96752136752137, 32.957264957264954, 32.97094017094017, 32.977777777777774, 32.957264957264954, 32.96923076923077, 32.96923076923077, 32.977777777777774, 32.97435897435898, 32.95897435897436, 32.977777777777774, 32.95897435897436, 32.955555555555556, 32.96410256410256, 32.97264957264957, 32.96239316239316, 32.97264957264957, 32.97435897435898, 32.976068376068376, 32.977777777777774, 32.977777777777774, 32.96923076923077, 32.981196581196585, 32.977777777777774, 32.97435897435898, 32.981196581196585, 32.96239316239316, 32.965811965811966, 32.97094017094017, 32.96923076923077, 32.95384615384616, 32.976068376068376, 32.96923076923077, 32.976068376068376, 32.97094017094017, 32.96752136752137, 32.96752136752137, 32.965811965811966, 32.965811965811966, 32.97094017094017, 32.977777777777774, 32.97094017094017, 32.97094017094017, 32.96923076923077, 32.976068376068376, 32.97094017094017, 32.96752136752137, 32.97264957264957, 32.97435897435898, 32.97435897435898, 32.97435897435898, 32.96923076923077, 32.97264957264957, 32.977777777777774, 32.97094017094017, 32.97094017094017, 32.96410256410256, 32.95897435897436, 32.95897435897436, 32.96410256410256, 32.960683760683764, 32.96752136752137, 32.96752136752137, 32.97435897435898, 32.96752136752137, 32.96239316239316, 32.96239316239316, 32.965811965811966, 32.97094017094017, 32.96410256410256, 32.965811965811966, 32.96239316239316, 32.96923076923077, 32.977777777777774, 32.96752136752137, 32.976068376068376, 32.965811965811966, 32.965811965811966, 32.95897435897436, 32.96410256410256, 32.96923076923077, 32.976068376068376, 32.97264957264957, 32.96923076923077, 32.96752136752137, 32.977777777777774, 32.96923076923077, 32.97264957264957, 32.96923076923077, 32.96239316239316, 32.97264957264957, 32.96923076923077, 32.965811965811966, 32.965811965811966, 32.96410256410256, 32.960683760683764, 32.96752136752137, 32.96239316239316, 32.96410256410256, 32.976068376068376, 32.97435897435898, 32.97264957264957, 32.97264957264957, 32.96923076923077, 32.976068376068376, 32.97094017094017, 32.965811965811966, 32.976068376068376, 32.977777777777774, 32.977777777777774, 32.96923076923077, 32.965811965811966, 32.96752136752137, 32.965811965811966, 32.96410256410256, 32.960683760683764, 32.96239316239316, 32.955555555555556, 32.965811965811966, 32.96239316239316, 32.96239316239316, 32.96752136752137, 32.960683760683764, 32.97094017094017, 32.976068376068376, 32.97264957264957, 32.97435897435898, 32.96752136752137, 32.965811965811966, 32.965811965811966, 32.97264957264957, 32.96410256410256, 32.97264957264957, 32.96410256410256, 32.96923076923077, 32.957264957264954, 32.960683760683764, 32.960683760683764, 32.95384615384616, 32.955555555555556, 32.94358974358974, 32.95042735042735, 32.95042735042735, 32.957264957264954, 32.94700854700855, 32.955555555555556, 32.95897435897436, 32.96410256410256, 32.96752136752137, 32.96752136752137, 32.97435897435898, 32.97948717948718, 32.97948717948718, 32.97264957264957, 32.97094017094017, 32.965811965811966, 32.955555555555556, 32.96752136752137, 32.96752136752137, 32.96410256410256, 32.96923076923077, 32.97094017094017, 32.96923076923077, 32.97435897435898, 32.965811965811966, 32.96752136752137, 32.960683760683764, 32.96239316239316, 32.96752136752137, 32.965811965811966, 32.97435897435898, 32.97948717948718, 32.977777777777774, 32.976068376068376, 32.96923076923077, 32.96410256410256, 32.96410256410256, 32.96239316239316, 32.96239316239316, 32.965811965811966, 32.96923076923077, 32.96752136752137, 32.94700854700855, 32.95384615384616, 32.96752136752137, 32.96239316239316, 32.960683760683764, 32.960683760683764, 32.960683760683764, 32.960683760683764, 32.96752136752137, 32.96923076923077, 32.95213675213675, 32.96410256410256, 32.96410256410256, 32.977777777777774, 32.97948717948718, 32.977777777777774, 32.97094017094017, 32.976068376068376, 32.96923076923077, 32.95897435897436, 32.95897435897436, 32.96923076923077, 32.96923076923077, 32.97435897435898, 32.97094017094017, 32.976068376068376, 32.977777777777774, 32.96923076923077, 32.97264957264957, 32.97264957264957, 32.965811965811966, 32.96239316239316, 32.965811965811966, 32.97264957264957, 32.97264957264957, 32.97094017094017, 32.97264957264957, 32.96410256410256, 32.96923076923077, 32.96923076923077, 32.96752136752137, 32.96410256410256, 32.955555555555556, 32.955555555555556, 32.96410256410256, 32.955555555555556, 32.97094017094017, 32.97435897435898, 32.97264957264957, 32.965811965811966, 32.96923076923077, 32.976068376068376, 32.965811965811966, 32.96752136752137, 32.95897435897436, 32.96410256410256, 32.95213675213675, 32.955555555555556, 32.95213675213675, 32.95384615384616, 32.96410256410256, 32.96239316239316, 32.976068376068376, 32.96923076923077, 32.96752136752137, 32.976068376068376, 32.97264957264957, 32.97094017094017, 32.96923076923077, 32.97094017094017, 32.96923076923077, 32.965811965811966, 32.96239316239316, 32.96239316239316, 32.965811965811966, 32.97094017094017, 32.977777777777774, 32.97094017094017, 32.96923076923077, 32.97264957264957, 32.977777777777774, 32.977777777777774, 32.97435897435898, 32.96923076923077, 32.96752136752137, 32.976068376068376, 32.97948717948718, 32.976068376068376, 32.97435897435898, 32.96923076923077, 32.965811965811966, 32.97435897435898, 32.96923076923077, 32.96923076923077, 32.960683760683764, 32.95897435897436, 32.957264957264954, 32.960683760683764, 32.95042735042735, 32.955555555555556, 32.95897435897436, 32.960683760683764, 32.965811965811966, 32.96239316239316, 32.95897435897436, 32.96239316239316, 32.960683760683764, 32.965811965811966, 32.97094017094017, 32.96923076923077, 32.977777777777774, 32.97264957264957, 32.96923076923077, 32.97264957264957, 32.960683760683764, 32.96752136752137, 32.96923076923077, 32.96923076923077, 32.96239316239316, 32.960683760683764, 32.957264957264954, 32.95384615384616, 32.96239316239316, 32.95213675213675, 32.95384615384616, 32.957264957264954, 32.95897435897436, 32.95897435897436, 32.960683760683764, 32.957264957264954, 32.955555555555556, 32.955555555555556, 32.95213675213675, 32.95384615384616, 32.955555555555556, 32.95042735042735, 32.95897435897436, 32.95384615384616, 32.95384615384616, 32.95042735042735, 32.95213675213675, 32.95042735042735, 32.96410256410256, 32.96410256410256, 32.96752136752137, 32.95897435897436, 32.96410256410256, 32.96410256410256, 32.96410256410256, 32.96752136752137, 32.96239316239316, 32.96752136752137, 32.96752136752137, 32.97264957264957, 32.96923076923077, 32.96239316239316, 32.95897435897436, 32.95897435897436, 32.957264957264954, 32.960683760683764, 32.96752136752137, 32.96239316239316, 32.96239316239316, 32.96752136752137, 32.97094017094017, 32.96239316239316, 32.960683760683764, 32.96752136752137, 32.977777777777774, 32.977777777777774, 32.96752136752137, 32.97435897435898, 32.96923076923077, 32.96752136752137, 32.965811965811966, 32.96752136752137, 32.96752136752137, 32.965811965811966, 32.965811965811966, 32.96923076923077, 32.96410256410256, 32.96410256410256, 32.965811965811966, 32.965811965811966, 32.965811965811966, 32.960683760683764, 32.95897435897436, 32.95897435897436, 32.96752136752137, 32.965811965811966, 32.96752136752137, 32.96410256410256, 32.96239316239316, 32.960683760683764, 32.96410256410256, 32.96923076923077, 32.960683760683764, 32.96410256410256, 32.97094017094017, 32.96923076923077, 32.96923076923077, 32.96410256410256, 32.95897435897436, 32.960683760683764, 32.95897435897436, 32.95042735042735, 32.957264957264954, 32.960683760683764, 32.96410256410256, 32.95897435897436, 32.96239316239316, 32.965811965811966, 32.96410256410256, 32.957264957264954, 32.95897435897436, 32.97094017094017, 32.96752136752137, 32.97094017094017, 32.97435897435898, 32.96752136752137, 32.96923076923077, 32.977777777777774, 32.976068376068376, 32.976068376068376, 32.976068376068376, 32.96752136752137, 32.97264957264957, 32.977777777777774, 32.977777777777774, 32.97264957264957, 32.97094017094017, 32.965811965811966, 32.977777777777774, 32.96752136752137, 32.965811965811966, 32.96923076923077, 32.96923076923077, 32.97094017094017, 32.97435897435898, 32.96923076923077, 32.96923076923077, 32.965811965811966, 32.965811965811966, 32.95897435897436, 32.95213675213675, 32.955555555555556, 32.955555555555556, 32.960683760683764, 32.96410256410256, 32.97435897435898, 32.96923076923077, 32.96752136752137, 32.96239316239316, 32.96752136752137, 32.96752136752137, 32.96239316239316, 32.96923076923077, 32.96752136752137, 32.960683760683764, 32.96752136752137, 32.96752136752137, 32.96239316239316, 32.95384615384616, 32.960683760683764, 32.95897435897436, 32.957264957264954, 32.95897435897436, 32.96410256410256, 32.96410256410256, 32.97264957264957, 32.960683760683764, 32.96752136752137, 32.96752136752137, 32.97435897435898, 32.96752136752137, 32.96410256410256, 32.965811965811966]",0.9172631874437538,0.9331195012301786,33,"[33, 33, 33, 33, 33, 33, 33, 33, 33, 33, 33, 33, 33, 33, 33, 33, 33, 33, 33, 33, 33, 33, 33, 33, 33, 33, 33, 33, 33, 33, 33, 33, 33, 33, 33, 33, 33, 33, 33, 33, 33, 33, 33, 33, 33, 33, 33, 33, 33, 33, 33, 33, 33, 33, 33, 33, 33, 33, 33, 33, 33, 33, 33, 33, 33, 33, 33, 33, 33, 33, 33, 33, 33, 33, 33, 33, 33, 33, 33, 33, 33, 33, 33, 33, 33, 33, 33, 33, 33, 33, 33, 33, 33, 33, 33, 33, 33, 33, 33, 33, 33, 33, 33, 33, 33, 33, 33, 33, 33, 33, 33, 33, 33, 33, 33, 33, 33, 33, 33, 33, 33, 33, 33, 33, 33, 33, 33, 33, 33, 33, 33, 33, 33, 33, 33, 33, 33, 33, 33, 33, 33, 33, 33, 33, 33, 33, 33, 33, 33, 33, 33, 33, 33, 33, 33, 33, 33, 33, 33, 33, 33, 33, 33, 33, 33, 33, 33, 33, 33, 33, 33, 33, 33, 33, 33, 33, 33, 33, 33, 33, 33, 33, 33, 33, 33, 33, 33, 33, 33, 33, 33, 33, 33, 33, 33, 33, 33, 33, 33, 33, 33, 33, 33, 33, 33, 33, 33, 33, 33, 33, 33, 33, 33, 33, 33, 33, 33, 33, 33, 33, 33, 33, 33, 33, 33, 33, 33, 33, 33, 33, 33, 33, 33, 33, 33, 33, 33, 33, 33, 33, 33, 33, 33, 33, 33, 33, 33, 33, 33, 33, 33, 33, 33, 33, 33, 33, 33, 33, 33, 33, 33, 33, 33, 33, 33, 33, 33, 33, 33, 33, 33, 33, 33, 33, 33, 33, 33, 33, 33, 33, 33, 33, 33, 33, 33, 33, 33, 33, 33, 33, 33, 33, 33, 33, 33, 33, 33, 33, 33, 33, 33, 33, 33, 33, 33, 33, 33, 33, 33, 33, 33, 33, 33, 33, 33, 33, 33, 33, 33, 33, 33, 33, 33, 33, 33, 33, 33, 33, 33, 33, 33, 33, 33, 33, 33, 33, 33, 33, 33, 33, 33, 33, 33, 33, 33, 33, 33, 33, 33, 33, 33, 33, 33, 33, 33, 33, 33, 33, 33, 33, 33, 33, 33, 33, 33, 33, 33, 33, 33, 33, 33, 33, 33, 33, 33, 33, 33, 33, 33, 33, 33, 33, 33, 33, 33, 33, 33, 33, 33, 33, 33, 33, 33, 33, 33, 33, 33, 33, 33, 33, 33, 33, 33, 33, 33, 33, 33, 33, 33, 33, 33, 33, 33, 33, 33, 33, 33, 33, 33, 33, 33, 33, 33, 33, 33, 33, 33, 33, 33, 33, 33, 33, 33, 33, 33, 33, 33, 33, 33, 33, 33, 33, 33, 33, 33, 33, 33, 33, 33, 33, 33, 33, 33, 33, 33, 33, 33, 33, 33, 33, 33, 33, 33, 33, 33, 33, 33, 33, 33, 33, 33, 33, 33, 33, 33, 33, 33, 33, 33, 33, 33, 33, 33, 33, 33]",485,"[0.3994430601596832, 0.388152539730072, 0.3819532096385956, 0.3773996829986572, 0.37379661202430725, 0.37123817205429077, 0.36876773834228516, 0.3669513761997223, 0.3648011386394501, 0.3634380102157593, 0.3615896999835968, 0.3601565659046173, 0.3581560254096985, 0.35692036151885986, 0.355408251285553, 0.3534645736217499, 0.3519479036331177, 0.35061997175216675, 0.34901100397109985, 0.34762829542160034, 0.34572792053222656, 0.3447045087814331, 0.343159556388855, 0.3417850732803345, 0.33991843461990356, 0.33811771869659424, 0.3363829553127289, 0.33496907353401184, 0.3331238031387329, 0.3315459191799164, 0.32983046770095825, 0.32831183075904846, 0.3274001181125641, 0.3249419927597046, 0.3231092691421509, 0.32146307826042175, 0.31954896450042725, 0.3179229497909546, 0.31623727083206177, 0.3141663372516632, 0.31242993474006653, 0.31045740842819214, 0.30853450298309326, 0.3065485656261444, 0.30458277463912964, 0.3028392195701599, 0.30076441168785095, 0.299172580242157, 0.29699957370758057, 0.29515978693962097, 0.2931320071220398, 0.2918708324432373, 0.2900683283805847, 0.2877143621444702, 0.2860904633998871, 0.2842867076396942, 0.28258979320526123, 0.2809281051158905, 0.280007928609848, 0.2778540551662445, 0.2765640318393707, 0.27499881386756897, 0.27344003319740295, 0.27242565155029297, 0.27107003331184387, 0.26961854100227356, 0.2682935297489166, 0.2671152353286743, 0.2660050094127655, 0.2648956775665283, 0.26372548937797546, 0.262647807598114, 0.26201358437538147, 0.26097390055656433, 0.25982391834259033, 0.25866931676864624, 0.25813210010528564, 0.25687089562416077, 0.2558149993419647, 0.2547052800655365, 0.25391390919685364, 0.2530297040939331, 0.25229203701019287, 0.25157928466796875, 0.25065818428993225, 0.2500496804714203, 0.24911798536777496, 0.24818819761276245, 0.24741220474243164, 0.24697454273700714, 0.2458702027797699, 0.24517874419689178, 0.24476554989814758, 0.24375945329666138, 0.24292831122875214, 0.24225904047489166, 0.24163097143173218, 0.24073676764965057, 0.24005083739757538, 0.2394503355026245, 0.23884139955043793, 0.238482266664505, 0.23770922422409058, 0.23689508438110352, 0.2362201064825058, 0.23569756746292114, 0.23493707180023193, 0.2341400384902954, 0.23371732234954834, 0.23339217901229858, 0.23261964321136475, 0.23181723058223724, 0.2315778136253357, 0.23060408234596252, 0.22994409501552582, 0.22941800951957703, 0.2288673222064972, 0.22821174561977386, 0.22791166603565216, 0.2270754873752594, 0.22673769295215607, 0.22614340484142303, 0.22577708959579468, 0.22506092488765717, 0.224140927195549, 0.22410951554775238, 0.22330787777900696, 0.2227686047554016, 0.22228030860424042, 0.2217954397201538, 0.22102481126785278, 0.22093859314918518, 0.22029556334018707, 0.21975204348564148, 0.2196502834558487, 0.22013501822948456, 0.21854020655155182, 0.21792519092559814, 0.21697337925434113, 0.2174929976463318, 0.2173904925584793, 0.21677160263061523, 0.21566976606845856, 0.21489784121513367, 0.21447622776031494, 0.2140623927116394, 0.21379771828651428, 0.21324686706066132, 0.21312694251537323, 0.2124045342206955, 0.211949422955513, 0.21150995790958405, 0.21141067147254944, 0.21149082481861115, 0.210739865899086, 0.21041293442249298, 0.20993618667125702, 0.2096254974603653, 0.20951427519321442, 0.20856519043445587, 0.2081180065870285, 0.20834961533546448, 0.20822204649448395, 0.2076484113931656, 0.20697811245918274, 0.20728062093257904, 0.2062406986951828, 0.2062591165304184, 0.20584343373775482, 0.20551319420337677, 0.20537826418876648, 0.20547164976596832, 0.20539291203022003, 0.20410555601119995, 0.2046809047460556, 0.2047751396894455, 0.20353734493255615, 0.2028927057981491, 0.20298363268375397, 0.20287151634693146, 0.2020990401506424, 0.20214839279651642, 0.20341090857982635, 0.20243309438228607, 0.20181837677955627, 0.20182348787784576, 0.20101983845233917, 0.20095397531986237, 0.20113836228847504, 0.1998850256204605, 0.20005005598068237, 0.19967806339263916, 0.2006690800189972, 0.20067977905273438, 0.1991245597600937, 0.19915428757667542, 0.19954253733158112, 0.1986362487077713, 0.19830547273159027, 0.19823475182056427, 0.19866083562374115, 0.19773994386196136, 0.1978471428155899, 0.1976468414068222, 0.197169229388237, 0.19701658189296722, 0.19751901924610138, 0.19767561554908752, 0.19713644683361053, 0.19724074006080627, 0.19625045359134674, 0.1960567981004715, 0.19670706987380981, 0.19594906270503998, 0.19550417363643646, 0.19515931606292725, 0.19645389914512634, 0.19525526463985443, 0.19457513093948364, 0.19518595933914185, 0.19648611545562744, 0.1944710612297058, 0.19493421912193298, 0.1954503208398819, 0.19542114436626434, 0.19402989745140076, 0.19413743913173676, 0.19351433217525482, 0.19428367912769318, 0.1947869062423706, 0.19368241727352142, 0.19464892148971558, 0.19335240125656128, 0.19344191253185272, 0.19281859695911407, 0.1928669810295105, 0.19324228167533875, 0.19226360321044922, 0.1921343058347702, 0.1927945911884308, 0.19309942424297333, 0.19219869375228882, 0.19308044016361237, 0.19181692600250244, 0.1929178237915039, 0.1921008825302124, 0.19185671210289001, 0.19175201654434204, 0.1921059638261795, 0.1916508823633194, 0.1918931007385254, 0.19122636318206787, 0.19124740362167358, 0.19039787352085114, 0.19074802100658417, 0.19168899953365326, 0.1908976435661316, 0.1903354525566101, 0.1901947408914566, 0.19028589129447937, 0.19117790460586548, 0.19009451568126678, 0.18943016231060028, 0.18977174162864685, 0.18925687670707703, 0.18956062197685242, 0.18909762799739838, 0.18904392421245575, 0.1883530467748642, 0.18916013836860657, 0.1892024278640747, 0.18949218094348907, 0.1895018219947815, 0.1883428692817688, 0.18839293718338013, 0.18944892287254333, 0.18896019458770752, 0.18793950974941254, 0.18790648877620697, 0.18878887593746185, 0.18763282895088196, 0.18737336993217468, 0.18783937394618988, 0.18802806735038757, 0.18726027011871338, 0.18857745826244354, 0.18857310712337494, 0.1873730719089508, 0.1877327710390091, 0.18728917837142944, 0.18768519163131714, 0.18671759963035583, 0.18650312721729279, 0.18614612519741058, 0.187581866979599, 0.18786108493804932, 0.18718628585338593, 0.18660598993301392, 0.18677520751953125, 0.18553411960601807, 0.18604278564453125, 0.18585550785064697, 0.18638207018375397, 0.1869535595178604, 0.18658898770809174, 0.18655292689800262, 0.18663543462753296, 0.1862131953239441, 0.18628281354904175, 0.18639403581619263, 0.18574140965938568, 0.185651957988739, 0.18693165481090546, 0.1865534633398056, 0.18558824062347412, 0.1851271241903305, 0.18537986278533936, 0.18502336740493774, 0.1845041811466217, 0.18540920317173004, 0.18532025814056396, 0.18546569347381592, 0.1856381595134735, 0.18575386703014374, 0.1850777268409729, 0.18552298843860626, 0.1853743940591812, 0.18495216965675354, 0.18616677820682526, 0.18541288375854492, 0.18333204090595245, 0.183779776096344, 0.185360386967659, 0.1839998960494995, 0.18431758880615234, 0.1836651861667633, 0.18436041474342346, 0.18395866453647614, 0.1836574673652649, 0.18373657763004303, 0.18380868434906006, 0.18320326507091522, 0.18274088203907013, 0.18276506662368774, 0.18386948108673096, 0.18441195785999298, 0.18316106498241425, 0.1833055317401886, 0.18368856608867645, 0.18370749056339264, 0.18321745097637177, 0.18305140733718872, 0.1838369220495224, 0.18272331357002258, 0.18277527391910553, 0.1825276017189026, 0.18244056403636932, 0.18310220539569855, 0.18323993682861328, 0.18305565416812897, 0.18325847387313843, 0.18203400075435638, 0.18319502472877502, 0.18146991729736328, 0.1825641691684723, 0.18214280903339386, 0.18163782358169556, 0.18175111711025238, 0.18236008286476135, 0.18233104050159454, 0.18295671045780182, 0.18313507735729218, 0.18245726823806763, 0.18249529600143433, 0.18201979994773865, 0.1819797158241272, 0.18260137736797333, 0.18269763886928558, 0.18212644755840302, 0.18256822228431702, 0.181