,number,value,datetime_start,datetime_complete,duration,params_batch_size_scaler,params_constant_learning_rate,params_depth,params_epochs,params_kernel_l2,params_num_trees,params_temperature,user_attrs_accuracy_test,user_attrs_accuracy_valid,user_attrs_approximate_feature_sparsity,user_attrs_approximate_feature_sparsity_history,user_attrs_approximate_weight_sparsity,user_attrs_approximate_weight_sparsity_history,user_attrs_auc_test,user_attrs_auc_valid,user_attrs_feature_sparsity,user_attrs_feature_sparsity_history,user_attrs_num_epochs,user_attrs_val_loss_history,user_attrs_weight_sparsity,user_attrs_weight_sparsity_history,state
11,11,0.8003761383983202,2024-08-31 01:02:29.421515,2024-08-31 01:21:46.049557,0 days 00:19:16.628042,4,0.38032309304536416,6,485,0.20407886520065638,67,0.018936397213807594,0.892,0.8775,4,"[33, 29, 5, 4, 4, 4, 4, 4, 4, 4, 4, 4, 4, 4, 4, 4, 4, 4, 4, 4, 4, 4, 4, 4, 4, 4, 4, 4, 4, 4, 4, 4, 4, 4, 4, 4, 4, 4, 4, 4, 4, 4, 4, 4, 4, 4, 4, 4, 4, 4, 4, 4, 4, 4, 4, 4, 4, 4, 4, 4, 4, 4, 4, 4, 4, 4, 4, 4, 4, 4, 4, 4, 4, 4, 4, 4, 4, 4, 4, 4, 4, 4, 4, 4, 4, 4, 4, 4, 4, 4, 4, 4, 4, 4, 4, 4, 4, 4, 4, 4, 4, 4, 4, 4, 4, 4, 4, 4, 4, 4, 4, 4, 4, 4, 4, 4, 4, 4, 4, 4, 4, 4, 4, 4, 4, 4, 4, 4, 4, 4, 4, 4, 4, 4, 4, 4, 4, 4, 4, 4, 4, 4, 4, 4, 4, 4, 4, 4, 4, 4, 4, 4, 4, 4, 4, 4, 4, 4, 4, 4, 4, 4, 4, 4, 4, 4, 4, 4, 4, 4, 4, 4, 4, 4, 4, 4, 4, 4, 4, 4, 4, 4, 4, 4, 4, 4, 4, 4, 4, 4, 4, 4, 4, 4, 4, 4, 4, 4, 4, 4, 4, 4, 4, 4, 4, 4, 4, 4, 4, 4, 4, 4, 4, 4, 4, 4, 4, 4, 4, 4, 4, 4, 4, 4, 4, 4, 4, 4, 4, 4, 4, 4, 4, 4, 4, 4, 4, 4, 4, 4, 4, 4, 4, 4, 4, 4, 4, 4, 4, 4, 4, 4, 4, 4, 4, 4, 4, 4, 4, 4, 4, 4, 4, 4, 4, 4, 4, 4, 4, 4, 4, 4, 4, 4, 4, 4, 4, 4, 4, 4, 4, 4, 4, 4, 4, 4, 4, 4, 4, 4, 4, 4, 4, 4, 4, 4, 4, 4, 4, 4, 4, 4, 4, 4, 4, 4, 4, 4, 4, 4, 4, 4, 4, 4, 4, 4, 4, 4, 4, 4, 4, 4, 4, 4, 4, 4, 4, 4, 4, 4, 4, 4, 4, 4, 4, 4, 4, 4, 4, 4, 4, 4, 4, 4, 4, 4, 4, 4, 4, 4, 4, 4, 4, 4, 4, 4, 4, 4, 4, 4, 4, 4, 4, 4, 4, 4, 4, 4, 4, 4, 4, 4, 4, 4, 4, 4, 4, 4, 4, 4, 4, 4, 4, 4, 4, 4, 4, 4, 4, 4, 4, 4, 4, 4, 4, 4, 4, 4, 4, 4, 4, 4, 4, 4, 4, 4, 4, 4, 4, 4, 4, 4, 4, 4, 4, 4, 4, 4, 4, 4, 4, 4, 4, 4, 4, 4, 4, 4, 4, 4, 4, 4, 4, 4, 4, 4, 4, 4, 4, 4, 4, 4, 4, 4, 4, 4, 4, 4, 4, 4, 4, 4, 4, 4, 4, 4, 4, 4, 4, 4, 4, 4, 4, 4, 4, 4, 4, 4, 4, 4, 4, 4, 4, 4, 4, 4, 4, 4, 4, 4, 4, 4, 4, 4, 4]",3.9857853589196868,"[32.9031035299692, 28.925610045013027, 4.984600805496328, 3.9900497512437814, 3.9891021085050937, 3.9888651978204215, 3.992181947405828, 3.9893390191897655, 3.9874437337123902, 3.989812840559109, 3.9895759298744373, 3.990997393982468, 3.9924188580905, 3.990049751243781, 3.988154465766406, 3.990523572613125, 3.991234304667141, 3.9919450367211557, 3.9907604832977968, 3.991945036721156, 3.990049751243781, 3.9907604832977963, 3.9900497512437814, 3.990997393982468, 3.9931295901445156, 3.991471215351812, 3.9907604832977963, 3.9909973939824686, 3.991945036721156, 3.991708126036484, 3.991708126036484, 3.991945036721156, 3.9928926794598434, 3.9926557687751716, 3.9909973939824686, 3.9909973939824686, 3.9905235726131245, 3.990523572613125, 3.9924188580905, 3.991708126036484, 3.989812840559109, 3.992892679459844, 3.9924188580905, 3.9933665008291874, 3.9917081260364844, 3.9917081260364844, 3.990523572613125, 3.988391376451078, 3.989812840559109, 3.9912343046671404, 3.991945036721156, 3.989812840559109, 3.9872068230277184, 3.9891021085050933, 3.9909973939824686, 3.9905235726131245, 3.9905235726131245, 3.9888651978204215, 3.9893390191897655, 3.9909973939824686, 3.989812840559109, 3.989339019189765, 3.989812840559109, 3.990286661928453, 3.9895759298744373, 3.989812840559109, 3.9895759298744373, 3.990997393982468, 3.991945036721156, 3.991945036721156, 3.9907604832977968, 3.990049751243781, 3.991234304667141, 3.9905235726131245, 3.9895759298744373, 3.9891021085050937, 3.9883913764510783, 3.9891021085050937, 3.9895759298744373, 3.989812840559109, 3.9893390191897655, 3.98862828713575, 3.990049751243781, 3.9893390191897655, 3.9893390191897655, 3.990760483297797, 3.9898128405591096, 3.9893390191897655, 3.988865197820422, 3.990286661928453, 3.990286661928453, 3.9905235726131254, 3.9909973939824686, 3.9895759298744373, 3.9905235726131245, 3.9893390191897655, 3.988865197820422, 3.9895759298744373, 3.9914712153518126, 3.990049751243781, 3.9886282871357497, 3.9893390191897655, 3.9909973939824686, 3.9895759298744373, 3.990523572613125, 3.9912343046671404, 3.9879175550817343, 3.9900497512437814, 3.9893390191897655, 3.990523572613125, 3.9907604832977968, 3.988391376451078, 3.9874437337123902, 3.9912343046671404, 3.988391376451078, 3.9900497512437814, 3.990523572613125, 3.9874437337123902, 3.987680644397062, 3.9893390191897655, 3.990049751243781, 3.9902866619284536, 3.990049751243781, 3.9891021085050937, 3.988865197820422, 3.988154465766406, 3.988391376451078, 3.9909973939824686, 3.9900497512437814, 3.9902866619284527, 3.989812840559109, 3.9886282871357497, 3.989812840559109, 3.992892679459844, 3.9928926794598434, 3.9921819474058284, 3.990523572613125, 3.9912343046671404, 3.9912343046671404, 3.991471215351812, 3.9912343046671404, 3.9907604832977968, 3.9912343046671404, 3.990049751243781, 3.9902866619284527, 3.9905235726131245, 3.9905235726131245, 3.988865197820422, 3.990760483297797, 3.9893390191897655, 3.990049751243781, 3.98862828713575, 3.9893390191897655, 3.990049751243781, 3.9907604832977968, 3.9900497512437814, 3.9912343046671404, 3.991708126036484, 3.990523572613125, 3.9893390191897655, 3.9874437337123902, 3.987680644397062, 3.9895759298744373, 3.9895759298744373, 3.9912343046671404, 3.9914712153518126, 3.9907604832977968, 3.9912343046671404, 3.9909973939824686, 3.9895759298744373, 3.9902866619284527, 3.9907604832977963, 3.991471215351812, 3.990286661928453, 3.992181947405828, 3.9914712153518126, 3.990286661928453, 3.991945036721156, 3.990049751243781, 3.9917081260364844, 3.9909973939824686, 3.990049751243781, 3.9891021085050937, 3.9888651978204215, 3.990523572613125, 3.9891021085050937, 3.9905235726131254, 3.990049751243781, 3.990997393982469, 3.9891021085050937, 3.9902866619284527, 3.9893390191897655, 3.990049751243781, 3.9893390191897655, 3.9905235726131245, 3.9912343046671404, 3.9893390191897655, 3.9895759298744373, 3.990049751243781, 3.9909973939824686, 3.991234304667141, 3.990286661928453, 3.989812840559109, 3.9888651978204215, 3.988154465766406, 3.9893390191897655, 3.9876806443970625, 3.9879175550817343, 3.988391376451078, 3.9891021085050937, 3.9891021085050933, 3.988391376451078, 3.987917555081734, 3.989339019189765, 3.9874437337123902, 3.987917555081734, 3.9876806443970625, 3.9874437337123907, 3.988865197820422, 3.987680644397062, 3.986259180289031, 3.9862591802890313, 3.9869699123430467, 3.986022269604359, 3.9853115375503436, 3.986969912343047, 3.9862591802890313, 3.986259180289031, 3.986733001658375, 3.988154465766406, 3.987917555081734, 3.9876806443970625, 3.9883913764510783, 3.988154465766406, 3.988154465766406, 3.987680644397062, 3.9872068230277184, 3.9891021085050937, 3.9895759298744373, 3.9879175550817343, 3.988865197820422, 3.9893390191897655, 3.9881544657664065, 3.9881544657664065, 3.9893390191897655, 3.9891021085050937, 3.98862828713575, 3.9895759298744373, 3.990523572613125, 3.990049751243781, 3.9895759298744373, 3.9891021085050937, 3.9909973939824686, 3.9891021085050937, 3.9888651978204215, 3.9893390191897655, 3.989812840559109, 3.990049751243781, 3.990523572613125, 3.9907604832977968, 3.990049751243781, 3.9909973939824686, 3.989812840559109, 3.9893390191897655, 3.9893390191897655, 3.9886282871357497, 3.98862828713575, 3.987680644397062, 3.990286661928453, 3.9893390191897655, 3.9883913764510783, 3.9888651978204215, 3.988391376451078, 3.98862828713575, 3.9879175550817343, 3.987206823027719, 3.987917555081734, 3.987680644397062, 3.987917555081734, 3.989812840559109, 3.986733001658375, 3.9860222696043595, 3.9876806443970625, 3.988154465766406, 3.9872068230277184, 3.9879175550817343, 3.988391376451078, 3.9869699123430467, 3.988865197820422, 3.9879175550817343, 3.9860222696043595, 3.987917555081734, 3.9881544657664056, 3.9886282871357497, 3.986733001658375, 3.987917555081734, 3.9900497512437814, 3.990049751243781, 3.9893390191897655, 3.987917555081734, 3.9881544657664065, 3.9893390191897655, 3.9900497512437814, 3.9895759298744373, 3.990049751243781, 3.9883913764510783, 3.988154465766406, 3.9872068230277184, 3.988154465766406, 3.9879175550817343, 3.9879175550817343, 3.9881544657664065, 3.9869699123430467, 3.987206823027718, 3.986733001658375, 3.986496090973703, 3.9874437337123902, 3.9857853589196877, 3.9864960909737026, 3.9862591802890313, 3.9872068230277184, 3.984126984126984, 3.984837716181, 3.9848377161809996, 3.984126984126984, 3.9853115375503436, 3.9853115375503436, 3.9853115375503436, 3.985311537550343, 3.984126984126984, 3.9836531627576406, 3.9838900734423124, 3.985548448235015, 3.9869699123430467, 3.9838900734423124, 3.983890073442312, 3.9838900734423124, 3.9848377161809996, 3.9846008054963273, 3.9841269841269837, 3.9841269841269837, 3.985074626865672, 3.9848377161809996, 3.984126984126984, 3.985074626865672, 3.9838900734423124, 3.985548448235015, 3.9853115375503436, 3.985311537550343, 3.9836531627576406, 3.984837716181, 3.985074626865672, 3.9860222696043595, 3.984600805496328, 3.985311537550343, 3.985074626865672, 3.984126984126984, 3.983416252072969, 3.985074626865672, 3.983890073442312, 3.9831793413882965, 3.9829424307036243, 3.982705520018953, 3.983416252072969, 3.9829424307036247, 3.9846008054963282, 3.9836531627576406, 3.984126984126984, 3.9836531627576406, 3.983416252072969, 3.9848377161809996, 3.986496090973703, 3.9853115375503436, 3.985548448235015, 3.982942430703625, 3.982231698649609, 3.9817578772802653, 3.9838900734423124, 3.9815209665955935, 3.9857853589196868, 3.983179341388297, 3.9829424307036247, 3.983416252072968, 3.9855484482350154, 3.982468609334281, 3.985311537550343, 3.9855484482350154, 3.9862591802890313, 3.984600805496328, 3.9855484482350154, 3.9838900734423124, 3.9836531627576406, 3.984600805496328, 3.9850746268656714, 3.9831793413882965, 3.9834162520729683, 3.9812840559109217, 3.9817578772802653, 3.983416252072969, 3.980573323856906, 3.980810234541578, 3.9796256811182187, 3.9803364131722345, 3.9803364131722345, 3.9808102345415777, 3.9796256811182187, 3.9817578772802653, 3.981994787964937, 3.9834162520729683, 3.98104714522625, 3.9791518597488746, 3.9836531627576406, 3.982468609334281, 3.982231698649609, 3.9812840559109217, 3.980336413172234, 3.9812840559109217, 3.984126984126984, 3.9822316986496094, 3.9831793413882965, 3.9829424307036247, 3.983416252072969, 3.9836531627576406, 3.9824686093342807, 3.9838900734423124, 3.9819947879649376, 3.9812840559109217, 3.981994787964937, 3.981994787964937, 3.981994787964937, 3.9817578772802653, 3.981994787964937, 3.9803364131722336, 3.9805733238569063, 3.980099502487562, 3.977967306325515, 3.9815209665955935, 3.9793887704335464, 3.981994787964937, 3.98104714522625, 3.9829424307036247, 3.9812840559109217, 3.97986259180289, 3.981994787964937, 3.9829424307036247, 3.980336413172234, 3.9822316986496094, 3.980573323856906, 3.9793887704335464, 3.9822316986496094, 3.9815209665955935, 3.982231698649609, 3.9827055200189525, 3.9822316986496094, 3.9815209665955935, 3.9846008054963282, 3.984126984126984, 3.984363894811656, 3.984600805496328, 3.9834162520729683, 3.9853115375503436, 3.985548448235016, 3.9853115375503436, 3.984837716181, 3.9838900734423124, 3.981994787964937, 3.9829424307036247, 3.983890073442312, 3.9829424307036247, 3.984126984126984, 3.9831793413882965, 3.984363894811656, 3.9834162520729683, 3.9829424307036247, 3.983416252072969, 3.983416252072969, 3.982942430703625, 3.981994787964937, 3.9819947879649376, 3.9836531627576406, 3.984600805496328, 3.9853115375503436, 3.9850746268656714, 3.9838900734423124, 3.9857853589196868]",0.821254303618755,0.8003761383983202,4,"[33, 29, 5, 4, 4, 4, 4, 4, 4, 4, 4, 4, 4, 4, 4, 4, 4, 4, 4, 4, 4, 4, 4, 4, 4, 4, 4, 4, 4, 4, 4, 4, 4, 4, 4, 4, 4, 4, 4, 4, 4, 4, 4, 4, 4, 4, 4, 4, 4, 4, 4, 4, 4, 4, 4, 4, 4, 4, 4, 4, 4, 4, 4, 4, 4, 4, 4, 4, 4, 4, 4, 4, 4, 4, 4, 4, 4, 4, 4, 4, 4, 4, 4, 4, 4, 4, 4, 4, 4, 4, 4, 4, 4, 4, 4, 4, 4, 4, 4, 4, 4, 4, 4, 4, 4, 4, 4, 4, 4, 4, 4, 4, 4, 4, 4, 4, 4, 4, 4, 4, 4, 4, 4, 4, 4, 4, 4, 4, 4, 4, 4, 4, 4, 4, 4, 4, 4, 4, 4, 4, 4, 4, 4, 4, 4, 4, 4, 4, 4, 4, 4, 4, 4, 4, 4, 4, 4, 4, 4, 4, 4, 4, 4, 4, 4, 4, 4, 4, 4, 4, 4, 4, 4, 4, 4, 4, 4, 4, 4, 4, 4, 4, 4, 4, 4, 4, 4, 4, 4, 4, 4, 4, 4, 4, 4, 4, 4, 4, 4, 4, 4, 4, 4, 4, 4, 4, 4, 4, 4, 4, 4, 4, 4, 4, 4, 4, 4, 4, 4, 4, 4, 4, 4, 4, 4, 4, 4, 4, 4, 4, 4, 4, 4, 4, 4, 4, 4, 4, 4, 4, 4, 4, 4, 4, 4, 4, 4, 4, 4, 4, 4, 4, 4, 4, 4, 4, 4, 4, 4, 4, 4, 4, 4, 4, 4, 4, 4, 4, 4, 4, 4, 4, 4, 4, 4, 4, 4, 4, 4, 4, 4, 4, 4, 4, 4, 4, 4, 4, 4, 4, 4, 4, 4, 4, 4, 4, 4, 4, 4, 4, 4, 4, 4, 4, 4, 4, 4, 4, 4, 4, 4, 4, 4, 4, 4, 4, 4, 4, 4, 4, 4, 4, 4, 4, 4, 4, 4, 4, 4, 4, 4, 4, 4, 4, 4, 4, 4, 4, 4, 4, 4, 4, 4, 4, 4, 4, 4, 4, 4, 4, 4, 4, 4, 4, 4, 4, 4, 4, 4, 4, 4, 4, 4, 4, 4, 4, 4, 4, 4, 4, 4, 4, 4, 4, 4, 4, 4, 4, 4, 4, 4, 4, 4, 4, 4, 4, 4, 4, 4, 4, 4, 4, 4, 4, 4, 4, 4, 4, 4, 4, 4, 4, 4, 4, 4, 4, 4, 4, 4, 4, 4, 4, 4, 4, 4, 4, 4, 4, 4, 4, 4, 4, 4, 4, 4, 4, 4, 4, 4, 4, 4, 4, 4, 4, 4, 4, 4, 4, 4, 4, 4, 4, 4, 4, 4, 4, 4, 4, 4, 4, 4, 4, 4, 4, 4, 4, 4, 4, 4, 4, 4, 4, 4, 4, 4, 4, 4, 4, 4, 4, 4, 4, 4, 4, 4, 4, 4, 4, 4, 4, 4, 4, 4, 4, 4]",485,"[0.39231112599372864, 0.38188618421554565, 0.3827827572822571, 0.38378915190696716, 0.38276994228363037, 0.3817898631095886, 0.3806128203868866, 0.3806668519973755, 0.37885597348213196, 0.37797409296035767, 0.37717509269714355, 0.37746888399124146, 0.376556932926178, 0.37444064021110535, 0.37348857522010803, 0.372460275888443, 0.37155890464782715, 0.370540052652359, 0.37022149562835693, 0.3685057461261749, 0.36754897236824036, 0.366428405046463, 0.36524713039398193, 0.36428409814834595, 0.3631644546985626, 0.3617766201496124, 0.3607498109340668, 0.35921162366867065, 0.35848888754844666, 0.3576499819755554, 0.35552653670310974, 0.35361984372138977, 0.3522838354110718, 0.3508205711841583, 0.3494902551174164, 0.3479122817516327, 0.34644004702568054, 0.3452746868133545, 0.34396862983703613, 0.3427050709724426, 0.34183502197265625, 0.34074631333351135, 0.33962368965148926, 0.3383163809776306, 0.33748817443847656, 0.33680260181427, 0.33604076504707336, 0.3351288139820099, 0.3344922959804535, 0.3356311023235321, 0.33370834589004517, 0.3328123092651367, 0.33232933282852173, 0.3323686718940735, 0.3314383029937744, 0.3308837413787842, 0.33059242367744446, 0.3300771713256836, 0.32994186878204346, 0.33119910955429077, 0.32991260290145874, 0.32973402738571167, 0.32897448539733887, 0.32839202880859375, 0.32859551906585693, 0.32826152443885803, 0.3283538818359375, 0.3278084993362427, 0.3279894292354584, 0.32739534974098206, 0.3279106020927429, 0.3274563252925873, 0.32730159163475037, 0.32643893361091614, 0.3276250958442688, 0.3265906572341919, 0.3272097408771515, 0.3266843855381012, 0.32672369480133057, 0.32597270607948303, 0.32606056332588196, 0.32588690519332886, 0.3263343572616577, 0.32592013478279114, 0.32588422298431396, 0.3256101906299591, 0.3261476457118988, 0.3252476453781128, 0.32485419511795044, 0.3250890374183655, 0.3250373899936676, 0.32646501064300537, 0.3246961534023285, 0.32513368129730225, 0.32481810450553894, 0.3243684470653534, 0.3244258761405945, 0.3245554268360138, 0.3242819607257843, 0.3241109549999237, 0.32389163970947266, 0.3241952657699585, 0.32441258430480957, 0.32378727197647095, 0.32406866550445557, 0.3236803412437439, 0.3242545425891876, 0.3237571716308594, 0.32580509781837463, 0.32424312829971313, 0.32366958260536194, 0.3232278525829315, 0.32340389490127563, 0.3236648440361023, 0.32360416650772095, 0.3231351375579834, 0.3234178423881531, 0.3228001296520233, 0.3232150375843048, 0.3229420781135559, 0.32460498809814453, 0.3226383328437805, 0.32302325963974, 0.32288920879364014, 0.3246450126171112, 0.32306143641471863, 0.3223516345024109, 0.323898047208786, 0.32266005873680115, 0.32225704193115234, 0.32272660732269287, 0.3225686252117157, 0.32292914390563965, 0.3225489854812622, 0.32248547673225403, 0.32277241349220276, 0.3221170902252197, 0.322226881980896, 0.32288414239883423, 0.32246503233909607, 0.3221094608306885, 0.32278797030448914, 0.3221086263656616, 0.32223349809646606, 0.3220581114292145, 0.3221312463283539, 0.32210227847099304, 0.32207760214805603, 0.32290658354759216, 0.3224819600582123, 0.32359254360198975, 0.3220101594924927, 0.3221871256828308, 0.322050541639328, 0.32210540771484375, 0.32205668091773987, 0.32218003273010254, 0.3230559229850769, 0.32220160961151123, 0.32189810276031494, 0.32277628779411316, 0.32187554240226746, 0.3218471109867096, 0.32347553968429565, 0.32282185554504395, 0.3226175010204315, 0.3221251666545868, 0.32223647832870483, 0.3219686448574066, 0.321659117937088, 0.3216811716556549, 0.3224104642868042, 0.32225605845451355, 0.32178276777267456, 0.32187479734420776, 0.3243435025215149, 0.32200419902801514, 0.321878582239151, 0.3220309317111969, 0.322251558303833, 0.3220243453979492, 0.3221814036369324, 0.32199394702911377, 0.32224518060684204, 0.32325607538223267, 0.32462307810783386, 0.3217012286186218, 0.3224211037158966, 0.32221999764442444, 0.3254978656768799, 0.32307547330856323, 0.3223918080329895, 0.32266008853912354, 0.32282981276512146, 0.3219476640224457, 0.3221961557865143, 0.3252236247062683, 0.3227193057537079, 0.322627991437912, 0.32226094603538513, 0.3223704993724823, 0.3224927484989166, 0.321817547082901, 0.32185840606689453, 0.3222390413284302, 0.32291072607040405, 0.322122722864151, 0.3231077492237091, 0.32244813442230225, 0.3222697377204895, 0.3221248388290405, 0.3230724632740021, 0.32224422693252563, 0.3222163915634155, 0.32277530431747437, 0.3222188651561737, 0.3226465880870819, 0.3222377896308899, 0.32232460379600525, 0.3220348358154297, 0.3227255940437317, 0.32258713245391846, 0.32243335247039795, 0.32289350032806396, 0.3226991891860962, 0.3225898742675781, 0.32294967770576477, 0.3220270872116089, 0.3228267729282379, 0.3223581612110138, 0.3226870000362396, 0.322776198387146, 0.3228873312473297, 0.3222880959510803, 0.32211244106292725, 0.3239472210407257, 0.32242393493652344, 0.32278332114219666, 0.3227634131908417, 0.3224981427192688, 0.32235851883888245, 0.32235586643218994, 0.3230585753917694, 0.3221500813961029, 0.3222484886646271, 0.32212743163108826, 0.32233357429504395, 0.3228899836540222, 0.32225367426872253, 0.322881281375885, 0.3225499987602234, 0.3224351406097412, 0.3245675563812256, 0.3233235478401184, 0.32260191440582275, 0.3232232928276062, 0.32339146733283997, 0.32230937480926514, 0.32269248366355896, 0.32263410091400146, 0.32262420654296875, 0.3226919174194336, 0.32282790541648865, 0.3229226768016815, 0.3227629065513611, 0.32327643036842346, 0.32300713658332825, 0.3229464590549469, 0.32254597544670105, 0.3222005069255829, 0.32221752405166626, 0.3234937787055969, 0.3225049078464508, 0.3225034475326538, 0.32447704672813416, 0.3233940899372101, 0.3225456476211548, 0.32287949323654175, 0.32299232482910156, 0.32509708404541016, 0.32259857654571533, 0.3224010467529297, 0.3226551413536072, 0.32311737537384033, 0.32257431745529175, 0.3222469091415405, 0.32229599356651306, 0.3227960467338562, 0.322356253862381, 0.32291603088378906, 0.324441522359848, 0.3224750757217407, 0.32260510325431824, 0.3223758339881897, 0.3227587640285492, 0.3224027156829834, 0.3226771950721741, 0.3222280740737915, 0.3223385214805603, 0.3230319321155548, 0.32251742482185364, 0.32273805141448975, 0.32233378291130066, 0.32385072112083435, 0.32423675060272217, 0.3248378038406372, 0.3230190575122833, 0.32427728176116943, 0.3233802914619446, 0.3221108615398407, 0.32241901755332947, 0.3224610388278961, 0.3252212405204773, 0.32222384214401245, 0.32239827513694763, 0.32273805141448975, 0.3231313228607178, 0.3227578401565552, 0.32321053743362427, 0.32408010959625244, 0.3224336504936218, 0.3230574429035187, 0.3228389620780945, 0.3229885399341583, 0.32332396507263184, 0.32286712527275085, 0.3232611417770386, 0.3222695589065552, 0.3240230083465576, 0.32302147150039673, 0.3222542703151703, 0.32388895750045776, 0.32297348976135254, 0.3219892978668213, 0.3233867585659027, 0.32222476601600647, 0.32236403226852417, 0.3224788010120392, 0.323268860578537, 0.3220466673374176, 0.32300108671188354, 0.3225771188735962, 0.32236412167549133, 0.3225072920322418, 0.32216933369636536, 0.3225144147872925, 0.3262108266353607, 0.3220226764678955, 0.3220023214817047, 0.3222017288208008, 0.32245486974716187, 0.3227437734603882, 0.3226785659790039, 0.3223777413368225, 0.32255735993385315, 0.32360488176345825, 0.3228016197681427, 0.3221074342727661, 0.32347679138183594, 0.32282352447509766, 0.32198262214660645, 0.3219068646430969, 0.32199326157569885, 0.3227856755256653, 0.3218756914138794, 0.322620153427124, 0.32312920689582825, 0.3222498595714569, 0.32247602939605713, 0.32221272587776184, 0.3227825462818146, 0.3243119716644287, 0.32331711053848267, 0.3228559195995331, 0.3220730125904083, 0.32205331325531006, 0.3222459554672241, 0.32362693548202515, 0.3222491145133972, 0.3248923122882843, 0.3222563564777374, 0.3219018578529358, 0.32207417488098145, 0.3220224678516388, 0.3218502104282379, 0.3240848183631897, 0.3220651149749756, 0.3219411373138428, 0.3223797678947449, 0.32355421781539917, 0.3219809830188751, 0.3219100534915924, 0.3226393163204193, 0.3220187723636627, 0.3218825161457062, 0.3220529854297638, 0.3225454092025757, 0.3222002387046814, 0.32340162992477417, 0.32216089963912964, 0.32250189781188965, 0.32304468750953674, 0.32257279753685, 0.32304832339286804, 0.3226701319217682, 0.3223172426223755, 0.32246315479278564, 0.32192716002464294, 0.32287371158599854, 0.3228459060192108, 0.32170364260673523, 0.32288241386413574, 0.32363927364349365, 0.3228608965873718, 0.32216179370880127, 0.3215937316417694, 0.3216027021408081, 0.3227706849575043, 0.32172662019729614, 0.32264259457588196, 0.3215310573577881, 0.322379469871521, 0.32185468077659607, 0.3226044774055481, 0.3217746615409851, 0.3219471275806427, 0.32153961062431335, 0.32161736488342