,number,value,datetime_start,datetime_complete,duration,params_batch_size_scaler,params_constant_learning_rate,params_depth,params_epochs,params_kernel_l2,params_num_trees,params_temperature,user_attrs_accuracy_test,user_attrs_accuracy_valid,user_attrs_approximate_feature_sparsity,user_attrs_approximate_feature_sparsity_history,user_attrs_approximate_weight_sparsity,user_attrs_approximate_weight_sparsity_history,user_attrs_auc_test,user_attrs_auc_valid,user_attrs_feature_sparsity,user_attrs_feature_sparsity_history,user_attrs_num_epochs,user_attrs_val_loss_history,user_attrs_weight_sparsity,user_attrs_weight_sparsity_history,state
21,21,0.7151588927103865,2024-08-31 01:37:09.510850,2024-08-31 01:44:01.708256,0 days 00:06:52.197406,1,0.33761775906576896,4,495,0.20463885131796727,17,0.00035030281506261797,0.883,0.86875,1,"[33, 33, 33, 33, 31, 17, 15, 15, 15, 14, 13, 8, 7, 6, 6, 6, 6, 6, 6, 6, 6, 6, 6, 6, 6, 6, 6, 6, 5, 5, 5, 5, 5, 5, 5, 5, 4, 4, 4, 4, 4, 4, 4, 4, 4, 4, 4, 4, 4, 4, 4, 3, 3, 3, 3, 3, 3, 3, 3, 3, 3, 3, 3, 3, 3, 3, 3, 3, 3, 3, 3, 3, 3, 3, 3, 3, 3, 3, 3, 3, 3, 3, 3, 3, 3, 3, 3, 3, 3, 3, 3, 3, 3, 3, 3, 3, 3, 3, 3, 3, 3, 3, 3, 3, 3, 3, 3, 3, 3, 3, 3, 3, 3, 3, 3, 3, 3, 3, 3, 3, 3, 3, 3, 3, 3, 3, 3, 3, 3, 3, 2, 2, 2, 2, 2, 2, 2, 2, 2, 2, 2, 2, 2, 2, 2, 2, 2, 2, 2, 2, 2, 2, 2, 2, 2, 2, 2, 2, 2, 2, 2, 2, 2, 2, 2, 2, 2, 2, 2, 2, 2, 2, 2, 2, 2, 2, 2, 2, 2, 2, 2, 2, 2, 2, 2, 2, 2, 2, 2, 2, 2, 2, 2, 2, 2, 2, 2, 2, 2, 2, 2, 2, 2, 2, 2, 2, 2, 2, 2, 2, 2, 2, 2, 2, 2, 2, 2, 2, 2, 2, 2, 2, 2, 2, 2, 2, 2, 2, 2, 2, 2, 2, 2, 2, 2, 2, 2, 2, 2, 2, 2, 2, 2, 2, 2, 2, 2, 2, 2, 2, 2, 2, 2, 2, 2, 2, 2, 2, 2, 2, 2, 2, 2, 2, 2, 2, 2, 2, 2, 2, 2, 2, 2, 2, 2, 2, 2, 2, 2, 2, 2, 2, 2, 2, 2, 2, 2, 2, 2, 2, 2, 2, 2, 2, 2, 2, 2, 2, 2, 2, 2, 2, 2, 2, 2, 2, 2, 2, 2, 2, 2, 2, 2, 2, 2, 2, 2, 2, 2, 2, 2, 2, 2, 2, 2, 2, 2, 2, 2, 2, 2, 2, 2, 2, 2, 2, 2, 2, 2, 2, 2, 2, 2, 2, 2, 2, 2, 2, 2, 2, 2, 2, 2, 2, 2, 2, 2, 2, 2, 2, 2, 2, 2, 2, 2, 2, 2, 2, 2, 2, 2, 2, 2, 2, 2, 2, 2, 2, 2, 2, 2, 2, 2, 2, 2, 2, 2, 2, 2, 2, 2, 2, 2, 2, 2, 2, 2, 2, 2, 2, 2, 2, 2, 2, 2, 2, 2, 2, 2, 2, 2, 2, 2, 2, 2, 2, 2, 2, 2, 2, 2, 2, 2, 2, 2, 2, 2, 2, 2, 2, 2, 2, 2, 2, 2, 1, 1, 1, 1, 1, 1, 1, 1, 1, 1, 1, 1, 1, 1, 1, 1, 1, 1, 1, 1, 1, 1, 1, 1, 1, 1, 1, 1, 1, 1, 1, 1, 1, 1, 1, 1, 1, 1, 1, 1, 1, 1, 1, 1, 1, 1, 1, 1, 1, 1, 1, 1, 1, 1, 1, 1, 1, 1, 1, 1]",0.9921568627450981,"[32.97254901960784, 32.98039215686275, 32.97254901960784, 32.93333333333334, 30.972549019607843, 16.980392156862745, 14.968627450980392, 14.984313725490196, 14.980392156862745, 13.968627450980392, 12.96078431372549, 7.992156862745098, 6.976470588235294, 5.988235294117647, 5.984313725490196, 5.980392156862745, 5.964705882352941, 5.984313725490196, 5.980392156862745, 5.992156862745098, 5.992156862745098, 5.984313725490196, 5.976470588235294, 5.984313725490196, 5.992156862745098, 5.988235294117647, 5.968627450980392, 5.972549019607843, 4.976470588235294, 4.980392156862745, 4.988235294117647, 4.980392156862745, 4.984313725490196, 4.984313725490196, 4.980392156862745, 4.980392156862745, 3.984313725490196, 3.976470588235294, 3.976470588235294, 3.9568627450980394, 3.9686274509803923, 3.976470588235294, 3.9686274509803923, 3.9568627450980394, 3.9686274509803923, 3.9529411764705884, 3.9529411764705884, 3.9725490196078432, 3.9490196078431374, 3.9490196078431374, 3.9529411764705884, 2.9725490196078432, 2.9647058823529413, 2.976470588235294, 2.980392156862745, 2.976470588235294, 2.9607843137254903, 2.9686274509803923, 2.9686274509803923, 2.9686274509803923, 2.976470588235294, 2.976470588235294, 2.9686274509803923, 2.9568627450980394, 2.9686274509803923, 2.9529411764705884, 2.9529411764705884, 2.9490196078431374, 2.9490196078431374, 2.9490196078431374, 2.9490196078431374, 2.9568627450980394, 2.9490196078431374, 2.9568627450980394, 2.9529411764705884, 2.9529411764705884, 2.9607843137254903, 2.9647058823529413, 2.9607843137254903, 2.9568627450980394, 2.9529411764705884, 2.9686274509803923, 2.9686274509803923, 2.9686274509803923, 2.9686274509803923, 2.9568627450980394, 2.9686274509803923, 2.9529411764705884, 2.9568627450980394, 2.9490196078431374, 2.9686274509803923, 2.9450980392156865, 2.9686274509803923, 2.9568627450980394, 2.9607843137254903, 2.9607843137254903, 2.9647058823529413, 2.9607843137254903, 2.9568627450980394, 2.9607843137254903, 2.9647058823529413, 2.9607843137254903, 2.9607843137254903, 2.9607843137254903, 2.976470588235294, 2.9529411764705884, 2.9725490196078432, 2.9490196078431374, 2.9568627450980394, 2.9529411764705884, 2.9568627450980394, 2.9529411764705884, 2.9568627450980394, 2.9529411764705884, 2.9529411764705884, 2.9607843137254903, 2.9686274509803923, 2.9607843137254903, 2.9607843137254903, 2.9607843137254903, 2.9647058823529413, 2.9568627450980394, 2.9647058823529413, 2.9607843137254903, 2.9529411764705884, 2.9568627450980394, 2.9607843137254903, 2.9647058823529413, 2.9607843137254903, 2.9607843137254903, 1.9647058823529413, 1.9725490196078432, 1.9647058823529413, 1.9647058823529413, 1.9686274509803923, 1.9686274509803923, 1.9843137254901961, 1.9686274509803923, 1.9843137254901961, 1.9843137254901961, 1.9725490196078432, 1.9843137254901961, 1.9764705882352942, 1.9725490196078432, 1.988235294117647, 1.9686274509803923, 1.9725490196078432, 1.9843137254901961, 1.9686274509803923, 1.988235294117647, 1.9764705882352942, 1.9843137254901961, 1.9843137254901961, 1.9803921568627452, 1.9803921568627452, 1.9803921568627452, 1.988235294117647, 1.9803921568627452, 1.9725490196078432, 1.9843137254901961, 1.9803921568627452, 1.9764705882352942, 1.988235294117647, 1.988235294117647, 1.9803921568627452, 1.9843137254901961, 1.9843137254901961, 1.9803921568627452, 1.9843137254901961, 1.9803921568627452, 1.9764705882352942, 1.9764705882352942, 1.9803921568627452, 1.9843137254901961, 1.9843137254901961, 1.9843137254901961, 1.9843137254901961, 1.9803921568627452, 1.9843137254901961, 1.9803921568627452, 1.9803921568627452, 1.988235294117647, 1.988235294117647, 1.988235294117647, 1.9764705882352942, 1.988235294117647, 1.988235294117647, 1.9725490196078432, 1.9803921568627452, 1.988235294117647, 1.9764705882352942, 1.988235294117647, 1.988235294117647, 1.9764705882352942, 1.988235294117647, 1.9764705882352942, 1.9803921568627452, 1.9764705882352942, 1.9764705882352942, 1.9843137254901961, 1.9843137254901961, 1.9764705882352942, 1.9803921568627452, 1.9764705882352942, 1.9764705882352942, 1.9803921568627452, 1.9843137254901961, 1.9764705882352942, 1.988235294117647, 1.9764705882352942, 1.9843137254901961, 1.9764705882352942, 1.9803921568627452, 1.9803921568627452, 1.9843137254901961, 1.9803921568627452, 1.9803921568627452, 1.988235294117647, 1.9803921568627452, 1.9803921568627452, 1.9843137254901961, 1.9843137254901961, 1.9843137254901961, 1.9803921568627452, 1.9803921568627452, 1.9803921568627452, 1.988235294117647, 1.9843137254901961, 1.9803921568627452, 1.9803921568627452, 1.9764705882352942, 1.9803921568627452, 1.9803921568627452, 1.9803921568627452, 1.9803921568627452, 1.9803921568627452, 1.9764705882352942, 1.9764705882352942, 1.9843137254901961, 1.9843137254901961, 1.9843137254901961, 1.9803921568627452, 1.9764705882352942, 1.9843137254901961, 1.9803921568627452, 1.9803921568627452, 1.9843137254901961, 1.9843137254901961, 1.9764705882352942, 1.9843137254901961, 1.9803921568627452, 1.9803921568627452, 1.9803921568627452, 1.9843137254901961, 1.9803921568627452, 1.9803921568627452, 1.9803921568627452, 1.9843137254901961, 1.9843137254901961, 1.9843137254901961, 1.9843137254901961, 1.9843137254901961, 1.9843137254901961, 1.9843137254901961, 1.9843137254901961, 1.9764705882352942, 1.9843137254901961, 1.9803921568627452, 1.9843137254901961, 1.9843137254901961, 1.9843137254901961, 1.9803921568627452, 1.9843137254901961, 1.9803921568627452, 1.9803921568627452, 1.9803921568627452, 1.9803921568627452, 1.9843137254901961, 1.9843137254901961, 1.9803921568627452, 1.9764705882352942, 1.9803921568627452, 1.9843137254901961, 1.9803921568627452, 1.9843137254901961, 1.9803921568627452, 1.9764705882352942, 1.9803921568627452, 1.9843137254901961, 1.9803921568627452, 1.9843137254901961, 1.9803921568627452, 1.9843137254901961, 1.9803921568627452, 1.9803921568627452, 1.9803921568627452, 1.9764705882352942, 1.9803921568627452, 1.9764705882352942, 1.9764705882352942, 1.9803921568627452, 1.9843137254901961, 1.9764705882352942, 1.9803921568627452, 1.9803921568627452, 1.9803921568627452, 1.9803921568627452, 1.9843137254901961, 1.9686274509803923, 1.9843137254901961, 1.9764705882352942, 1.9764705882352942, 1.9803921568627452, 1.9843137254901961, 1.9843137254901961, 1.9764705882352942, 1.9843137254901961, 1.9843137254901961, 1.9803921568627452, 1.9764705882352942, 1.9803921568627452, 1.9764705882352942, 1.9803921568627452, 1.9803921568627452, 1.9803921568627452, 1.9686274509803923, 1.9803921568627452, 1.9843137254901961, 1.9803921568627452, 1.9764705882352942, 1.9843137254901961, 1.9764705882352942, 1.9803921568627452, 1.9803921568627452, 1.9843137254901961, 1.9803921568627452, 1.9764705882352942, 1.9843137254901961, 1.9803921568627452, 1.9803921568627452, 1.9764705882352942, 1.9843137254901961, 1.9803921568627452, 1.9843137254901961, 1.9764705882352942, 1.9764705882352942, 1.9803921568627452, 1.9843137254901961, 1.9803921568627452, 1.9764705882352942, 1.9764705882352942, 1.9764705882352942, 1.9803921568627452, 1.9803921568627452, 1.9803921568627452, 1.9686274509803923, 1.9803921568627452, 1.9803921568627452, 1.9764705882352942, 1.9803921568627452, 1.9843137254901961, 1.9725490196078432, 1.9764705882352942, 1.9803921568627452, 1.9843137254901961, 1.9843137254901961, 1.9725490196078432, 1.9764705882352942, 1.9803921568627452, 1.9764705882352942, 1.9803921568627452, 1.9803921568627452, 1.9843137254901961, 1.9803921568627452, 1.9725490196078432, 1.9803921568627452, 1.9725490196078432, 1.9725490196078432, 1.9686274509803923, 1.9803921568627452, 1.9803921568627452, 1.9843137254901961, 1.9725490196078432, 1.9803921568627452, 1.9764705882352942, 1.9803921568627452, 1.9803921568627452, 1.9843137254901961, 1.9725490196078432, 1.9647058823529413, 1.9686274509803923, 1.9686274509803923, 1.9803921568627452, 1.9803921568627452, 1.9725490196078432, 1.9803921568627452, 1.9764705882352942, 1.9686274509803923, 1.9764705882352942, 1.9803921568627452, 1.9803921568627452, 1.9803921568627452, 1.9764705882352942, 1.9764705882352942, 1.9725490196078432, 1.9764705882352942, 1.9803921568627452, 1.9725490196078432, 1.9843137254901961, 1.9803921568627452, 1.9764705882352942, 1.9764705882352942, 1.9725490196078432, 1.9843137254901961, 1.9764705882352942, 1.9843137254901961, 1.9843137254901961, 1.9843137254901961, 1.9764705882352942, 1.9647058823529413, 1.9803921568627452, 1.9803921568627452, 1.9764705882352942, 1.9686274509803923, 1.9803921568627452, 1.9764705882352942, 1.9803921568627452, 1.9803921568627452, 1.9686274509803923, 1.9725490196078432, 1.9803921568627452, 1.9764705882352942, 1.9725490196078432, 1.9764705882352942, 1.9725490196078432, 0.996078431372549, 0.9921568627450981, 0.9921568627450981, 0.9921568627450981, 0.9921568627450981, 0.984313725490196, 0.9921568627450981, 0.9882352941176471, 0.9882352941176471, 0.9882352941176471, 0.984313725490196, 0.9882352941176471, 0.984313725490196, 0.9921568627450981, 0.9921568627450981, 0.9921568627450981, 0.9882352941176471, 0.9882352941176471, 0.984313725490196, 0.9921568627450981, 0.9882352941176471, 0.984313725490196, 0.9882352941176471, 0.9921568627450981, 0.9921568627450981, 0.984313725490196, 0.984313725490196, 0.9882352941176471, 0.9882352941176471, 0.9921568627450981, 0.996078431372549, 0.9921568627450981, 0.984313725490196, 0.9921568627450981, 0.9882352941176471, 0.9882352941176471, 0.9921568627450981, 0.984313725490196, 0.984313725490196, 0.9882352941176471, 0.9921568627450981, 0.9921568627450981, 0.9882352941176471, 0.9921568627450981, 0.9921568627450981, 0.9882352941176471, 0.9921568627450981, 0.984313725490196, 0.9921568627450981, 0.9921568627450981, 0.9921568627450981, 0.9921568627450981, 0.9921568627450981, 0.9921568627450981, 0.9921568627450981, 0.9921568627450981, 0.9921568627450981, 0.9921568627450981, 0.9921568627450981, 0.9921568627450981]",0.6946309001890703,0.7151588927103865,1,"[33, 33, 33, 33, 31, 17, 15, 15, 15, 14, 13, 8, 7, 6, 6, 6, 6, 6, 6, 6, 6, 6, 6, 6, 6, 6, 6, 6, 5, 5, 5, 5, 5, 5, 5, 5, 4, 4, 4, 4, 4, 4, 4, 4, 4, 4, 4, 4, 4, 4, 4, 3, 3, 3, 3, 3, 3, 3, 3, 3, 3, 3, 3, 3, 3, 3, 3, 3, 3, 3, 3, 3, 3, 3, 3, 3, 3, 3, 3, 3, 3, 3, 3, 3, 3, 3, 3, 3, 3, 3, 3, 3, 3, 3, 3, 3, 3, 3, 3, 3, 3, 3, 3, 3, 3, 3, 3, 3, 3, 3, 3, 3, 3, 3, 3, 3, 3, 3, 3, 3, 3, 3, 3, 3, 3, 3, 3, 3, 3, 3, 2, 2, 2, 2, 2, 2, 2, 2, 2, 2, 2, 2, 2, 2, 2, 2, 2, 2, 2, 2, 2, 2, 2, 2, 2, 2, 2, 2, 2, 2, 2, 2, 2, 2, 2, 2, 2, 2, 2, 2, 2, 2, 2, 2, 2, 2, 2, 2, 2, 2, 2, 2, 2, 2, 2, 2, 2, 2, 2, 2, 2, 2, 2, 2, 2, 2, 2, 2, 2, 2, 2, 2, 2, 2, 2, 2, 2, 2, 2, 2, 2, 2, 2, 2, 2, 2, 2, 2, 2, 2, 2, 2, 2, 2, 2, 2, 2, 2, 2, 2, 2, 2, 2, 2, 2, 2, 2, 2, 2, 2, 2, 2, 2, 2, 2, 2, 2, 2, 2, 2, 2, 2, 2, 2, 2, 2, 2, 2, 2, 2, 2, 2, 2, 2, 2, 2, 2, 2, 2, 2, 2, 2, 2, 2, 2, 2, 2, 2, 2, 2, 2, 2, 2, 2, 2, 2, 2, 2, 2, 2, 2, 2, 2, 2, 2, 2, 2, 2, 2, 2, 2, 2, 2, 2, 2, 2, 2, 2, 2, 2, 2, 2, 2, 2, 2, 2, 2, 2, 2, 2, 2, 2, 2, 2, 2, 2, 2, 2, 2, 2, 2, 2, 2, 2, 2, 2, 2, 2, 2, 2, 2, 2, 2, 2, 2, 2, 2, 2, 2, 2, 2, 2, 2, 2, 2, 2, 2, 2, 2, 2, 2, 2, 2, 2, 2, 2, 2, 2, 2, 2, 2, 2, 2, 2, 2, 2, 2, 2, 2, 2, 2, 2, 2, 2, 2, 2, 2, 2, 2, 2, 2, 2, 2, 2, 2, 2, 2, 2, 2, 2, 2, 2, 2, 2, 2, 2, 2, 2, 2, 2, 2, 2, 2, 2, 2, 2, 2, 2, 2, 2, 2, 2, 2, 2, 2, 2, 2, 2, 2, 2, 2, 2, 2, 2, 2, 1, 1, 1, 1, 1, 1, 1, 1, 1, 1, 1, 1, 1, 1, 1, 1, 1, 1, 1, 1, 1, 1, 1, 1, 1, 1, 1, 1, 1, 1, 1, 1, 1, 1, 1, 1, 1, 1, 1, 1, 1, 1, 1, 1, 1, 1, 1, 1, 1, 1, 1, 1, 1, 1, 1, 1, 1, 1, 1, 1]",495,"[0.39315173029899597, 0.34875422716140747, 0.311623215675354, 0.2935747802257538, 0.28662386536598206, 0.26168471574783325, 0.25484010577201843, 0.2535646855831146, 0.25607478618621826, 0.2521974444389343, 0.2675602436065674, 0.3030981123447418, 0.29098713397979736, 0.28912511467933655, 0.2927231192588806, 0.2857848107814789, 0.28636664152145386, 0.2862665057182312, 0.2854427397251129, 0.28829920291900635, 0.28869301080703735, 0.2837965488433838, 0.2819884419441223, 0.28540512919425964, 0.2835860252380371, 0.2796063721179962, 0.28732404112815857, 0.28616124391555786, 0.29013943672180176, 0.2889874279499054, 0.2929498553276062, 0.2969449758529663, 0.2875431180000305, 0.29961901903152466, 0.287382036447525, 0.2948833703994751, 0.31403034925460815, 0.3123846650123596, 0.30834686756134033, 0.3411168158054352, 0.30678343772888184, 0.32000410556793213, 0.3331431448459625, 0.30832982063293457, 0.309152215719223, 0.318301260471344, 0.3094639480113983, 0.3052356243133545, 0.3085247874259949, 0.3080478012561798, 0.3093505799770355, 0.31781017780303955, 0.31770989298820496, 0.3137917220592499, 0.3102952837944031, 0.3191753327846527, 0.30800530314445496, 0.30896270275115967, 0.31134235858917236, 0.32030177116394043, 0.31169506907463074, 0.30628761649131775, 0.30945202708244324, 0.3069073557853699, 0.3050590753555298, 0.3067931532859802, 0.30670586228370667, 0.30815303325653076, 0.30753257870674133, 0.30675265192985535, 0.31279876828193665, 0.3042113482952118, 0.30558767914772034, 0.30939701199531555, 0.31101495027542114, 0.33000850677490234, 0.3045734167098999, 0.3084888160228729, 0.30357614159584045, 0.30535563826560974, 0.30416277050971985, 0.3046324849128723, 0.3060165345668793, 0.30225279927253723, 0.3103066682815552, 0.3079248368740082, 0.30644023418426514, 0.31016504764556885, 0.30360862612724304, 0.3067874610424042, 0.32360613346099854, 0.30192357301712036, 0.30497878789901733, 0.3108035922050476, 0.3050153851509094, 0.3058128356933594, 0.3036724925041199, 0.3050536811351776, 0.3026912212371826, 0.3026638329029083, 0.30509528517723083, 0.30436649918556213, 0.3056667149066925, 0.3172861933708191, 0.3117181658744812, 0.30108603835105896, 0.306121289730072, 0.3034951090812683, 0.3110652565956116, 0.30142155289649963, 0.3008030354976654, 0.30587658286094666, 0.3130857050418854, 0.30862677097320557, 0.3039321303367615, 0.30092984437942505, 0.30619338154792786, 0.3040591776371002, 0.30213576555252075, 0.3020686209201813, 0.2997622787952423, 0.3066837191581726, 0.3014048635959625, 0.31084465980529785, 0.30465424060821533, 0.3002978563308716, 0.32215726375579834, 0.3027969002723694, 0.3129536509513855, 0.31819868087768555, 0.3260282576084137, 0.32560569047927856, 0.3324030637741089, 0.32546329498291016, 0.329975426197052, 0.3302156329154968, 0.33183857798576355, 0.32460257411003113, 0.32507601380348206, 0.3264690041542053, 0.328011155128479, 0.3330925405025482, 0.3317892849445343, 0.32582804560661316, 0.32681024074554443, 0.32407471537590027, 0.33387550711631775, 0.32839152216911316, 0.32385313510894775, 0.3255804479122162, 0.32913440465927124, 0.34060364961624146, 0.3342331647872925, 0.32971644401550293, 0.3313850164413452, 0.33844703435897827, 0.3256787359714508, 0.3263623118400574, 0.3263048827648163, 0.33145251870155334, 0.33452117443084717, 0.3281143307685852, 0.32819461822509766, 0.3339909315109253, 0.32610633969306946, 0.32560452818870544, 0.32563576102256775, 0.337360680103302, 0.32584792375564575, 0.3312183618545532, 0.32963576912879944, 0.3292068541049957, 0.3290482759475708, 0.32422661781311035, 0.32784852385520935, 0.3308204412460327, 0.3240742087364197, 0.32622307538986206, 0.3265487551689148, 0.3267940878868103, 0.32558077573776245, 0.32891425490379333, 0.32620665431022644, 0.32664474844932556, 0.3260250985622406, 0.32962870597839355, 0.32627713680267334, 0.3350658416748047, 0.3273867666721344, 0.3275054693222046, 0.3280677795410156, 0.33220136165618896, 0.32603877782821655, 0.3236197233200073, 0.3251520097255707, 0.33669230341911316, 0.3292003870010376, 0.3332974314689636, 0.32949334383010864, 0.32673895359039307, 0.3253950774669647, 0.3238930404186249, 0.33548855781555176, 0.3265923261642456, 0.32438892126083374, 0.33431312441825867, 0.3261222839355469, 0.32555583119392395, 0.33179253339767456, 0.32885825634002686, 0.3240748643875122, 0.3266788423061371, 0.37098732590675354, 0.32701995968818665, 0.32464540004730225, 0.32726427912712097, 0.3241027891635895, 0.3302639424800873, 0.3280886113643646, 0.32472145557403564, 0.32467120885849, 0.3300428092479706, 0.329225093126297, 0.32715141773223877, 0.3318842947483063, 0.3280269205570221, 0.32877495884895325, 0.3261968493461609, 0.33140408992767334, 0.3299707770347595, 0.3255089223384857, 0.3334941864013672, 0.3241913318634033, 0.330779492855072, 0.334463894367218, 0.32509949803352356, 0.3520166277885437, 0.32827702164649963, 0.33213093876838684, 0.3235503137111664, 0.3243115246295929, 0.32882142066955566, 0.32818281650543213, 0.32525256276130676, 0.328336626291275, 0.3251916468143463, 0.3250647485256195, 0.32731688022613525, 0.32726210355758667, 0.3413163721561432, 0.32518741488456726, 0.3295575976371765, 0.3231615722179413, 0.32406824827194214, 0.32564258575439453, 0.3290645182132721, 0.3263406753540039, 0.33129486441612244, 0.32710587978363037, 0.3292364180088043, 0.32423079013824463, 0.32960620522499084, 0.3242468237876892, 0.3255891799926758, 0.3256866931915283, 0.3301715850830078, 0.3247818052768707, 0.3259000778198242, 0.32912567257881165, 0.3277612626552582, 0.3272847831249237, 0.32681360840797424, 0.33031022548675537, 0.32620343565940857, 0.3243759870529175, 0.3269360363483429, 0.3278578221797943, 0.32735997438430786, 0.32624489068984985, 0.32548004388809204, 0.3241685628890991, 0.33019542694091797, 0.3520633578300476, 0.32813966274261475, 0.33180758357048035, 0.3286139667034149, 0.32687312364578247, 0.33263516426086426, 0.3266158401966095, 0.3250000476837158, 0.3278966248035431, 0.3262540400028229, 0.3269893527030945, 0.3268308639526367, 0.32440242171287537, 0.3245161771774292, 0.32451191544532776, 0.329604834318161, 0.3333858847618103, 0.3248967230319977, 0.3266807794570923, 0.32578137516975403, 0.3238314390182495, 0.32785242795944214, 0.3275739252567291, 0.3335047662258148, 0.3275655508041382, 0.32876521348953247, 0.3260158598423004, 0.33295440673828125, 0.32586053013801575, 0.3240277171134949, 0.32767143845558167, 0.3245853781700134, 0.3253706991672516, 0.332675576210022, 0.3267887234687805, 0.3245405852794647, 0.32458484172821045, 0.32676392793655396, 0.3286152780056, 0.34303009510040283, 0.32519757747650146, 0.3299016058444977, 0.3246976137161255, 0.33419445157051086, 0.33294814825057983, 0.328907310962677, 0.3320954442024231, 0.3259085714817047, 0.3261074423789978, 0.3319573700428009, 0.34111544489860535, 0.3281640112400055, 0.35911986231803894, 0.3332238793373108, 0.3340604305267334, 0.32862913608551025, 0.3249904215335846, 0.33264145255088806, 0.32609444856643677, 0.33088061213493347, 0.3257613480091095, 0.3420756459236145, 0.3387228846549988, 0.32564422488212585, 0.32476067543029785, 0.32638660073280334, 0.3313722610473633, 0.3249571919441223, 0.32547619938850403, 0.32527831196784973, 0.33230724930763245, 0.32826659083366394, 0.32849690318107605, 0.32442784309387207, 0.32715949416160583, 0.3247559368610382, 0.3242369592189789, 0.32291725277900696, 0.3316083550453186, 0.32501885294914246, 0.32536399364471436, 0.32954856753349304, 0.32630541920661926, 0.326231986284256, 0.325367271900177, 0.3240222930908203, 0.32404059171676636, 0.32427871227264404, 0.3267088234424591, 0.3234317898750305, 0.3289984464645386, 0.3253178298473358, 0.32524287700653076, 0.33962482213974, 0.3312624394893646, 0.32841575145721436, 0.32613644003868103, 0.32615867257118225, 0.32492244243621826, 0.3263498544692993, 0.33142468333244324, 0.3273039162158966, 0.32649731636047363, 0.3283044099807739, 0.3253438472747803, 0.32695266604423523, 0.3255247175693512, 0.32654473185539246, 0.3280819356441498, 0.32723331451416016, 0.32726383209228516, 0.3269881308078766, 0.3257864713668823, 0.33370867371559143, 0.32780778408050537, 0.325111985206604, 0.32380571961402893, 0.32617953419685364, 0.3244383931159973, 0.33548787236213684, 0.3387490510940552, 0.3257075846195221, 0.3233984708786011, 0.326