,number,value,datetime_start,datetime_complete,duration,params_batch_size_scaler,params_constant_learning_rate,params_depth,params_epochs,params_kernel_l2,params_num_trees,params_temperature,user_attrs_accuracy_test,user_attrs_accuracy_valid,user_attrs_approximate_feature_sparsity,user_attrs_approximate_feature_sparsity_history,user_attrs_approximate_weight_sparsity,user_attrs_approximate_weight_sparsity_history,user_attrs_auc_test,user_attrs_auc_valid,user_attrs_feature_sparsity,user_attrs_feature_sparsity_history,user_attrs_num_epochs,user_attrs_val_loss_history,user_attrs_weight_sparsity,user_attrs_weight_sparsity_history,state
61,61,0.9063776068838479,2024-08-31 03:13:03.180412,2024-08-31 03:13:23.916092,0 days 00:00:20.735680,64,0.7564011625994762,3,80,0.002252549380931611,46,0.0002912312365073346,0.904,0.895,33,"[33, 33, 33, 33, 33, 33, 33, 33, 33, 33, 33, 33, 33, 33, 33, 33, 33, 33, 33, 33, 33, 33, 33, 33, 33, 33, 33, 33, 33, 33, 33, 33, 33, 33, 33, 33, 33, 33, 33, 33, 33, 33, 33, 33, 33, 33, 33, 33, 33, 33, 33, 33, 33, 33, 33, 33, 33, 33, 33, 33, 33, 33, 33, 33, 33, 33, 33, 33, 33, 33, 33, 33, 33, 33, 33, 33, 33, 33, 33, 33]",32.975155279503106,"[32.98757763975155, 32.984472049689444, 32.97204968944099, 32.95031055900621, 32.99068322981366, 32.96273291925466, 32.96583850931677, 32.95962732919255, 32.95962732919254, 32.95962732919255, 32.975155279503106, 32.98136645962733, 32.97826086956522, 32.984472049689444, 32.96583850931677, 32.993788819875775, 32.97826086956522, 32.98136645962733, 32.95652173913044, 32.96894409937888, 32.98136645962733, 32.96583850931677, 32.96894409937888, 32.975155279503106, 32.96583850931677, 32.97826086956522, 32.97826086956522, 32.97826086956522, 32.98136645962733, 32.97826086956522, 32.97204968944099, 32.97826086956522, 32.975155279503106, 32.99068322981366, 32.99068322981366, 32.97826086956522, 32.981366459627324, 32.95962732919255, 32.98757763975155, 32.993788819875775, 32.98136645962733, 32.975155279503106, 32.96583850931677, 32.98136645962733, 32.97826086956522, 32.97826086956522, 32.96894409937888, 32.97204968944099, 32.96894409937888, 32.96583850931677, 32.96894409937888, 32.96894409937889, 32.99068322981366, 32.97826086956522, 32.98136645962733, 32.984472049689444, 32.97826086956522, 32.981366459627324, 32.98136645962733, 32.984472049689444, 32.99068322981366, 32.975155279503106, 32.97826086956522, 32.975155279503106, 32.98136645962733, 32.984472049689444, 32.984472049689444, 32.97826086956522, 32.98757763975155, 32.99068322981366, 32.97826086956522, 32.984472049689444, 32.98136645962733, 32.981366459627324, 32.98136645962733, 32.984472049689444, 32.97826086956522, 32.96583850931677, 32.984472049689444, 32.975155279503106]",0.8908016083356038,0.9063776068838479,33,"[33, 33, 33, 33, 33, 33, 33, 33, 33, 33, 33, 33, 33, 33, 33, 33, 33, 33, 33, 33, 33, 33, 33, 33, 33, 33, 33, 33, 33, 33, 33, 33, 33, 33, 33, 33, 33, 33, 33, 33, 33, 33, 33, 33, 33, 33, 33, 33, 33, 33, 33, 33, 33, 33, 33, 33, 33, 33, 33, 33, 33, 33, 33, 33, 33, 33, 33, 33, 33, 33, 33, 33, 33, 33, 33, 33, 33, 33, 33, 33]",80,"[0.422776997089386, 0.3736581802368164, 0.371565043926239, 0.3690791428089142, 0.366028368473053, 0.3605848252773285, 0.3665991723537445, 0.35836488008499146, 0.364920049905777, 0.353487104177475, 0.36108171939849854, 0.3504384160041809, 0.3483862280845642, 0.35034340620040894, 0.34337490797042847, 0.3425862193107605, 0.3439840078353882, 0.33944153785705566, 0.33726197481155396, 0.3387961685657501, 0.3423045873641968, 0.33610156178474426, 0.33968356251716614, 0.3319491446018219, 0.32826298475265503, 0.3324175179004669, 0.3241004943847656, 0.32229843735694885, 0.3270763158798218, 0.31885474920272827, 0.3161313831806183, 0.31475910544395447, 0.32065701484680176, 0.30998918414115906, 0.30835145711898804, 0.3048538863658905, 0.30408748984336853, 0.30123355984687805, 0.29906654357910156, 0.29727792739868164, 0.3108886480331421, 0.29631471633911133, 0.2949097156524658, 0.29031118750572205, 0.29449787735939026, 0.2898072302341461, 0.28098225593566895, 0.2819129228591919, 0.2799917757511139, 0.2758600413799286, 0.2777090072631836, 0.27364879846572876, 0.27270010113716125, 0.272843599319458, 0.2674655616283417, 0.2685987651348114, 0.26444193720817566, 0.26338040828704834, 0.26252466440200806, 0.26121988892555237, 0.2678202986717224, 0.2595430612564087, 0.26010560989379883, 0.2570364475250244, 0.26186326146125793, 0.2566201984882355, 0.2527763247489929, 0.2491850107908249, 0.25072014331817627, 0.2561645805835724, 0.25108832120895386, 0.25019705295562744, 0.2448105365037918, 0.24379535019397736, 0.243547260761261, 0.24473167955875397, 0.2425764501094818, 0.24541382491588593, 0.24378801882266998, 0.23930640518665314]",33.0,"[33.0, 33.0, 33.0, 33.0, 33.0, 33.0, 33.0, 33.0, 33.0, 33.0, 33.0, 33.0, 33.0, 33.0, 33.0, 33.0, 33.0, 33.0, 33.0, 33.0, 33.0, 33.0, 33.0, 33.0, 33.0, 33.0, 33.0, 33.0, 33.0, 33.0, 33.0, 33.0, 33.0, 33.0, 33.0, 33.0, 33.0, 33.0, 33.0, 33.0, 33.0, 33.0, 33.0, 33.0, 33.0, 33.0, 33.0, 33.0, 33.0, 33.0, 33.0, 33.0, 33.0, 33.0, 33.0, 33.0, 33.0, 33.0, 33.0, 33.0, 33.0, 33.0, 33.0, 33.0, 33.0, 33.0, 33.0, 33.0, 33.0, 33.0, 33.0, 33.0, 33.0, 33.0, 33.0, 33.0, 33.0, 33.0, 33.0, 33.0]",COMPLETE
