,number,value,datetime_start,datetime_complete,duration,params_batch_size_scaler,params_constant_learning_rate,params_depth,params_epochs,params_kernel_l2,params_num_trees,params_temperature,user_attrs_accuracy_test,user_attrs_accuracy_valid,user_attrs_approximate_feature_sparsity,user_attrs_approximate_feature_sparsity_history,user_attrs_approximate_weight_sparsity,user_attrs_approximate_weight_sparsity_history,user_attrs_auc_test,user_attrs_auc_valid,user_attrs_feature_sparsity,user_attrs_feature_sparsity_history,user_attrs_num_epochs,user_attrs_val_loss_history,user_attrs_weight_sparsity,user_attrs_weight_sparsity_history,state
76,76,0.9120840901186382,2024-08-31 03:45:15.987920,2024-08-31 03:45:43.357974,0 days 00:00:27.370054,4,0.033027526388836506,1,145,0.0010595027425589422,39,0.00030864028982301536,0.897,0.90375,33,"[33, 33, 33, 33, 33, 33, 33, 33, 33, 33, 33, 33, 33, 33, 33, 33, 33, 33, 33, 33, 33, 33, 33, 33, 33, 33, 33, 33, 33, 33, 33, 33, 33, 33, 33, 33, 33, 33, 33, 33, 33, 33, 33, 33, 33, 33, 33, 33, 33, 33, 33, 33, 33, 33, 33, 33, 33, 33, 33, 33, 33, 33, 33, 33, 33, 33, 33, 33, 33, 33, 33, 33, 33, 33, 33, 33, 33, 33, 33, 33, 33, 33, 33, 33, 33, 33, 33, 33, 33, 33, 33, 33, 33, 33, 33, 33, 33, 33, 33, 33, 33, 33, 33, 33, 33, 33, 33, 33, 33, 33, 33, 33, 33, 33, 33, 33, 33, 33, 33, 33, 33, 33, 33, 33, 33, 33, 33, 33, 33, 33, 33, 33, 33, 33, 33, 33, 33, 33, 33, 33, 33, 33, 33, 33, 33]",33.0,"[32.97435897435898, 32.97435897435898, 33.0, 33.0, 33.0, 33.0, 33.0, 33.0, 32.97435897435898, 32.97435897435898, 32.94871794871795, 33.0, 33.0, 33.0, 33.0, 33.0, 33.0, 33.0, 33.0, 33.0, 33.0, 33.0, 33.0, 33.0, 33.0, 33.0, 33.0, 33.0, 33.0, 32.94871794871795, 32.97435897435898, 32.97435897435898, 33.0, 33.0, 32.97435897435898, 33.0, 33.0, 32.94871794871795, 33.0, 33.0, 33.0, 32.97435897435898, 33.0, 33.0, 33.0, 32.97435897435898, 33.0, 33.0, 33.0, 33.0, 33.0, 32.97435897435898, 33.0, 33.0, 33.0, 32.97435897435898, 33.0, 33.0, 33.0, 33.0, 33.0, 33.0, 33.0, 32.97435897435898, 33.0, 33.0, 33.0, 33.0, 33.0, 33.0, 33.0, 32.97435897435898, 33.0, 33.0, 32.97435897435898, 33.0, 32.97435897435898, 33.0, 33.0, 33.0, 33.0, 33.0, 33.0, 33.0, 33.0, 33.0, 33.0, 32.97435897435898, 32.97435897435898, 32.97435897435898, 33.0, 33.0, 33.0, 33.0, 33.0, 33.0, 33.0, 33.0, 32.97435897435898, 33.0, 33.0, 32.97435897435898, 33.0, 32.97435897435898, 33.0, 33.0, 32.97435897435898, 32.97435897435898, 33.0, 33.0, 33.0, 33.0, 33.0, 33.0, 33.0, 33.0, 33.0, 33.0, 33.0, 32.97435897435898, 32.97435897435898, 32.92307692307692, 32.97435897435898, 33.0, 33.0, 33.0, 32.97435897435898, 32.97435897435898, 32.94871794871795, 33.0, 33.0, 33.0, 32.97435897435897, 33.0, 33.0, 33.0, 33.0, 33.0, 33.0, 33.0, 33.0, 33.0, 33.0, 32.97435897435898, 33.0]",0.8984882636085172,0.9120840901186382,33,"[33, 33, 33, 33, 33, 33, 33, 33, 33, 33, 33, 33, 33, 33, 33, 33, 33, 33, 33, 33, 33, 33, 33, 33, 33, 33, 33, 33, 33, 33, 33, 33, 33, 33, 33, 33, 33, 33, 33, 33, 33, 33, 33, 33, 33, 33, 33, 33, 33, 33, 33, 33, 33, 33, 33, 33, 33, 33, 33, 33, 33, 33, 33, 33, 33, 33, 33, 33, 33, 33, 33, 33, 33, 33, 33, 33, 33, 33, 33, 33, 33, 33, 33, 33, 33, 33, 33, 33, 33, 33, 33, 33, 33, 33, 33, 33, 33, 33, 33, 33, 33, 33, 33, 33, 33, 33, 33, 33, 33, 33, 33, 33, 33, 33, 33, 33, 33, 33, 33, 33, 33, 33, 33, 33, 33, 33, 33, 33, 33, 33, 33, 33, 33, 33, 33, 33, 33, 33, 33, 33, 33, 33, 33, 33, 33]",145,"[0.40080156922340393, 0.3913310170173645, 0.38490593433380127, 0.38007843494415283, 0.3764111399650574, 0.37449318170547485, 0.3711485266685486, 0.36903297901153564, 0.3675082325935364, 0.36531031131744385, 0.3636493682861328, 0.36223113536834717, 0.3604963421821594, 0.3592339754104614, 0.3573201298713684, 0.35603389143943787, 0.3545142710208893, 0.35335808992385864, 0.3553485572338104, 0.3501533567905426, 0.3491465449333191, 0.3500921130180359, 0.34571999311447144, 0.3443377614021301, 0.34299424290657043, 0.3416791260242462, 0.3405112028121948, 0.3393377959728241, 0.3383266031742096, 0.33759593963623047, 0.3365004062652588, 0.33517560362815857, 0.3337452709674835, 0.3347553014755249, 0.33253973722457886, 0.33102959394454956, 0.33049076795578003, 0.3293626308441162, 0.3285294473171234, 0.32747113704681396, 0.3277992904186249, 0.32612037658691406, 0.3254213333129883, 0.32635772228240967, 0.32378798723220825, 0.3240937888622284, 0.3226446807384491, 0.32249870896339417, 0.32183894515037537, 0.32138004899024963, 0.320028692483902, 0.3194040060043335, 0.31929856538772583, 0.31842041015625, 0.318390816450119, 0.31846898794174194, 0.3186343014240265, 0.3157392740249634, 0.3153601586818695, 0.3145066499710083, 0.31393131613731384, 0.31311318278312683, 0.31230658292770386, 0.3119688928127289, 0.31200161576271057, 0.3114715814590454, 0.3103714883327484, 0.30953410267829895, 0.30905094742774963, 0.30848565697669983, 0.3074154257774353, 0.30689993500709534, 0.3062049448490143, 0.305385559797287, 0.3047166168689728, 0.3046458065509796, 0.30755481123924255, 0.3022771179676056, 0.30381038784980774, 0.30056992173194885, 0.30018988251686096, 0.29879117012023926, 0.2975039780139923, 0.29669389128685, 0.29609572887420654, 0.2945564389228821, 0.2933858633041382, 0.29286354780197144, 0.29326331615448, 0.2902829945087433, 0.29012930393218994, 0.28778114914894104, 0.2865322530269623, 0.2854088842868805, 0.2840834856033325, 0.283891499042511, 0.28122708201408386, 0.28044524788856506, 0.2785285413265228, 0.279628723859787, 0.27934253215789795, 0.27460333704948425, 0.2741270065307617, 0.2725646495819092, 0.2702236473560333, 0.2697218358516693, 0.2686929404735565, 0.2662543058395386, 0.2673259675502777, 0.26399439573287964, 0.2624707818031311, 0.2615382671356201, 0.259970098733902, 0.259162575006485, 0.2581358253955841, 0.25659888982772827, 0.256026029586792, 0.2546229362487793, 0.2543000876903534, 0.2524890601634979, 0.25156325101852417, 0.25139886140823364, 0.24918027222156525, 0.2480853646993637, 0.24762378633022308, 0.24989908933639526, 0.24529048800468445, 0.24497973918914795, 0.24381022155284882, 0.24388781189918518, 0.24218100309371948, 0.24217066168785095, 0.2415396124124527, 0.23984064161777496, 0.2407415360212326, 0.23881898820400238, 0.23935222625732422, 0.23752647638320923, 0.23734748363494873, 0.2356307953596115, 0.23531047999858856, 0.23572492599487305, 0.23470130562782288, 0.23426954448223114, 0.23331211507320404]",33.0,"[33.0, 33.0, 33.0, 33.0, 33.0, 33.0, 33.0, 33.0, 33.0, 33.0, 33.0, 33.0, 33.0, 33.0, 33.0, 33.0, 33.0, 33.0, 33.0, 33.0, 33.0, 33.0, 33.0, 33.0, 33.0, 33.0, 33.0, 33.0, 33.0, 33.0, 33.0, 33.0, 33.0, 33.0, 33.0, 33.0, 33.0, 33.0, 33.0, 33.0, 33.0, 33.0, 33.0, 33.0, 33.0, 33.0, 33.0, 33.0, 33.0, 33.0, 33.0, 33.0, 33.0, 33.0, 33.0, 33.0, 33.0, 33.0, 33.0, 33.0, 33.0, 33.0, 33.0, 33.0, 33.0, 33.0, 33.0, 33.0, 33.0, 33.0, 33.0, 33.0, 33.0, 33.0, 33.0, 33.0, 33.0, 33.0, 33.0, 33.0, 33.0, 33.0, 33.0, 33.0, 33.0, 33.0, 33.0, 33.0, 33.0, 33.0, 33.0, 33.0, 33.0, 33.0, 33.0, 33.0, 33.0, 33.0, 33.0, 33.0, 33.0, 33.0, 33.0, 33.0, 33.0, 33.0, 33.0, 33.0, 33.0, 33.0, 33.0, 33.0, 33.0, 33.0, 33.0, 33.0, 33.0, 33.0, 33.0, 33.0, 33.0, 33.0, 33.0, 33.0, 33.0, 33.0, 33.0, 33.0, 33.0, 33.0, 33.0, 33.0, 33.0, 33.0, 33.0, 33.0, 33.0, 33.0, 33.0, 33.0, 33.0, 33.0, 33.0, 33.0, 33.0]",COMPLETE
77,77,0.5,2024-08-31 03:45:45.154396,2024-08-31 03:47:50.783457,0 days 00:02:05.629061,4,0.7019612169401707,4,260,0.015427403633017504,27,0.05176511855757491,0.859,0.85875,0,"[0, 0, 0, 0, 0, 0, 0, 0, 0, 0, 0, 0, 0, 0, 0, 0, 0, 0, 0, 0, 0, 0, 0, 0, 0, 0, 0, 0, 0, 0, 0, 0, 0, 0, 0, 0, 0, 0, 0, 0, 0, 0, 0, 0, 0, 0, 0, 0, 0, 0, 0, 0, 0, 0, 0, 0, 0, 0, 0, 0, 0, 0, 0, 0, 0, 0, 0, 0, 0, 0, 0, 0, 0, 0, 0, 0, 0, 0, 0, 0, 0, 0, 0, 0, 0, 0, 0, 0, 0, 0, 0, 0, 0, 0, 0, 0, 0, 0, 0, 0, 0, 0, 0, 0, 0, 0, 0, 0, 0, 0, 0, 0, 0, 0, 0, 0, 0, 0, 0, 0, 0, 0, 0, 0, 0, 0, 0, 0, 0, 0, 0, 0, 0, 0, 0, 0, 0, 0, 0, 0, 0, 0, 0, 0, 0, 0, 0, 0, 0, 0, 0, 0, 0, 0, 0, 0, 0, 0, 0, 0, 0, 0, 0, 0, 0, 0, 0, 0, 0, 0, 0, 0, 0, 0, 0, 0, 0, 0, 0, 0, 0, 0, 0, 0, 0, 0, 0, 0, 0, 0, 0, 0, 0, 0, 0, 0, 0, 0, 0, 0, 0, 0, 0, 0, 0, 0, 0, 0, 0, 0, 0, 0, 0, 0, 0, 0, 0, 0, 0, 0, 0, 0, 0, 0, 0, 0, 0, 0, 0, 0, 0, 0, 0, 0, 0, 0, 0, 0, 0, 0, 0, 0, 0, 0, 0, 0, 0, 0, 0, 0, 0, 0, 0, 0, 0, 0, 0, 0, 0, 0]",0.0,"[0.0, 0.0, 0.0, 0.0, 0.0, 0.0, 0.0, 0.0, 0.0, 0.0, 0.0, 0.0, 0.0, 0.0, 0.0, 0.0, 0.0, 0.0, 0.0, 0.0, 0.0, 0.0, 0.0, 0.0, 0.0, 0.0, 0.0, 0.0, 0.0, 0.0, 0.0, 0.0, 0.0, 0.0, 0.0, 0.0, 0.0, 0.0, 0.0, 0.0, 0.0, 0.0, 0.0, 0.0, 0.0, 0.0, 0.0, 0.0, 0.0, 0.0, 0.0, 0.0, 0.0, 0.0, 0.0, 0.0, 0.0, 0.0, 0.0, 0.0, 0.0, 0.0, 0.0, 0.0, 0.0, 0.0, 0.0, 0.0, 0.0, 0.0, 0.0, 0.0, 0.0, 0.0, 0.0, 0.0, 0.0, 0.0, 0.0, 0.0, 0.0, 0.0, 0.0, 0.0, 0.0, 0.0, 0.0, 0.0, 0.0, 0.0, 0.0, 0.0, 0.0, 0.0, 0.0, 0.0, 0.0, 0.0, 0.0, 0.0, 0.0, 0.0, 0.0, 0.0, 0.0, 0.0, 0.0, 0.0, 0.0, 0.0, 0.0, 0.0, 0.0, 0.0, 0.0, 0.0, 0.0, 0.0, 0.0, 0.0, 0.0, 0.0, 0.0, 0.0, 0.0, 0.0, 0.0, 0.0, 0.0, 0.0, 0.0, 0.0, 0.0, 0.0, 0.0, 0.0, 0.0, 0.0, 0.0, 0.0, 0.0, 0.0, 0.0, 0.0, 0.0, 0.0, 0.0, 0.0, 0.0, 0.0, 0.0, 0.0, 0.0, 0.0, 0.0, 0.0, 0.0, 0.0, 0.0, 0.0, 0.0, 0.0, 0.0, 0.0, 0.0, 0.0, 0.0, 0.0, 0.0, 0.0, 0.0, 0.0, 0.0, 0.0, 0.0, 0.0, 0.0, 0.0, 0.0, 0.0, 0.0, 0.0, 0.0, 0.0, 0.0, 0.0, 0.0, 0.0, 0.0, 0.0, 0.0, 0.0, 0.0, 0.0, 0.0, 0.0, 0.0, 0.0, 0.0, 0.0, 0.0, 0.0, 0.0, 0.0, 0.0, 0.0, 0.0, 0.0, 0.0, 0.0, 0.0, 0.0, 0.0, 0.0, 0.0, 0.0, 0.0, 0.0, 0.0, 0.0, 0.0, 0.0, 0.0, 0.0, 0.0, 0.0, 0.0, 0.0, 0.0, 0.0, 0.0, 0.0, 0.0, 0.0, 0.0, 0.0, 0.0, 0.0, 0.0, 0.0, 0.0, 0.0, 0.0, 0.0, 0.0, 0.0, 0.0, 0.0, 0.0, 0.0, 0.0, 0.0, 0.0, 0.0, 0.0, 0.0, 0.0, 0.0, 0.0, 0.0]",0.5,0.5,0,"[0, 0, 0, 0, 0, 0, 0, 0, 0, 0, 0, 0, 0, 0, 0, 0, 0, 0, 0, 0, 0, 0, 0, 0, 0, 0, 0, 0, 0, 0, 0, 0, 0, 0, 0, 0, 0, 0, 0, 0, 0, 0, 0, 0, 0, 0, 0, 0, 0, 0, 0, 0, 0, 0, 0, 0, 0, 0, 0, 0, 0, 0, 0, 0, 0, 0, 0, 0, 0, 0, 0, 0, 0, 0, 0, 0, 0, 0, 0, 0, 0, 0, 0, 0, 0, 0, 0, 0, 0, 0, 0, 0, 0, 0, 0, 0, 0, 0, 0, 0, 0, 0, 0, 0, 0, 0, 0, 0, 0, 0, 0, 0, 0, 0, 0, 0, 0, 0, 0, 0, 0, 0, 0, 0, 0, 0, 0, 0, 0, 0, 0, 0, 0, 0, 0, 0, 0, 0, 0, 0, 0, 0, 0, 0, 0, 0, 0, 0, 0, 0, 0, 0, 0, 0, 0, 0, 0, 0, 0, 0, 0, 0, 0, 0, 0, 0, 0, 0, 0, 0, 0, 0, 0, 0, 0, 0, 0, 0, 0, 0, 0, 0, 0, 0, 0, 0, 0, 0, 0, 0, 0, 0, 0, 0, 0, 0, 0, 0, 0, 0, 0, 0, 0, 0, 0, 0, 0, 0, 0, 0, 0, 0, 0, 0, 0, 0, 0, 0, 0, 0, 0, 0, 0, 0, 0, 0, 0, 0, 0, 0, 0, 0, 0, 0, 0, 0, 0, 0, 0, 0, 0, 0, 0, 0, 0, 0, 0, 0, 0, 0, 0, 0, 0, 0, 0, 0, 0, 0, 0, 0]",260,"[0.40729454159736633, 0.4096420407295227, 0.40744513273239136, 0.4072803854942322, 0.40861189365386963, 0.4072536528110504, 0.407245397567749, 0.4082208573818207, 0.40726032853126526, 0.40732818841934204, 0.4073452651500702, 0.4077064096927643, 0.4072849154472351, 0.409267395734787, 0.4073108732700348, 0.40729355812072754, 0.40974369645118713, 0.4075772166252136, 0.408090204000473, 0.40812721848487854, 0.4079761803150177, 0.4089924097061157, 0.40814444422721863, 0.41171184182167053, 0.4112749397754669, 0.40738093852996826, 0.4077339172363281, 0.4076119661331177, 0.4106205105781555, 0.4081055819988251, 0.4084562063217163, 0.4073716700077057, 0.40825557708740234, 0.4084574580192566, 0.4103362560272217, 0.40975242853164673, 0.4074791669845581, 0.40722838044166565, 0.40722888708114624, 0.4081798195838928, 0.4074510335922241, 0.4072299301624298, 0.4125119745731354, 0.4077863395214081, 0.4112185537815094, 0.4119531512260437, 0.40729498863220215, 0.40749457478523254, 0.40890371799468994, 0.40728089213371277, 0.4078524112701416, 0.4074510633945465, 0.40741896629333496, 0.4096359312534332, 0.4072372317314148, 0.4106777608394623, 0.40772774815559387, 0.4078047573566437, 0.40813755989074707, 0.40846875309944153, 0.40744513273239136, 0.4073704779148102, 0.40728527307510376, 0.40737465023994446, 0.4141635596752167, 0.4073258638381958, 0.40734806656837463, 0.4081747829914093, 0.4072296619415283, 0.4081788659095764, 0.4074176549911499, 0.4088817238807678, 0.40813910961151123, 0.4072282314300537, 0.41104793548583984, 0.4077659547328949, 0.4076138734817505, 0.4075181484222412, 0.40770697593688965, 0.4074024260044098, 0.40842509269714355, 0.4106324017047882, 0.4072439670562744, 0.4076905846595764, 0.40743640065193176, 0.40860921144485474, 0.40761494636535645, 0.40740206837654114, 0.40730682015419006, 0.40741854906082153, 0.40726059675216675, 0.40732017159461975, 0.407227098941803, 0.4118799567222595, 0.4116232693195343, 0.407950758934021, 0.4075380563735962, 0.41217219829559326, 0.4075775444507599, 0.4073280394077301, 0.4074523150920868, 0.40722933411598206, 0.40726566314697266, 0.4072880446910858, 0.4089125394821167, 0.4075091481208801, 0.408392995595932, 0.40750652551651, 0.4080023467540741, 0.4084108769893646, 0.40751251578330994, 0.40785130858421326, 0.41223010420799255, 0.4072403609752655, 0.41009238362312317, 0.4073878526687622, 0.40831461548805237, 0.4072810411453247, 0.40751051902770996, 0.40791380405426025, 0.4076787531375885, 0.408412903547287, 0.4073275029659271, 0.40810176730155945, 0.4077919125556946, 0.40797293186187744, 0.408489465713501, 0.4075612723827362, 0.40753960609436035, 0.421000599861145, 0.4115464389324188, 0.41351568698883057, 0.4072287678718567, 0.40729793906211853, 0.40748023986816406, 0.4126843512058258, 0.40737879276275635, 0.4092799425125122, 0.40780389308929443, 0.4086899161338806, 0.40847891569137573, 0.40733322501182556, 0.40925902128219604, 0.4073491394519806, 0.40731289982795715, 0.4098481833934784, 0.40806522965431213, 0.4102749526500702, 0.407257080078125, 0.4073087275028229, 0.40760308504104614, 0.4088025391101837, 0.4075404405593872, 0.4074367582798004, 0.4072352945804596, 0.4074503779411316, 0.4072263240814209, 0.4072693884372711, 0.40766265988349915, 0.40790992975234985, 0.4086375832557678, 0.40770506858825684, 0.4078754782676697, 0.40964412689208984, 0.40856972336769104, 0.4074932038784027, 0.4073580801486969, 0.4072475731372833, 0.4080066382884979, 0.4105089604854584, 0.4080018699169159, 0.4072296619415283, 0.4074306786060333, 0.4075396656990051, 0.4072282016277313, 0.40736761689186096, 0.40922969579696655, 0.407545804977417, 0.40723899006843567, 0.40731438994407654, 0.4073173999786377, 0.4128164052963257, 0.40722888708114624, 0.407230406999588, 0.4074679911136627, 0.40825846791267395, 0.40728554129600525, 0.40777575969696045, 0.4097495675086975, 0.4079248905181885, 0.4141736626625061, 0.4100162982940674, 0.40725791454315186, 0.4094482362270355, 0.40722617506980896, 0.4072272479534149, 0.4075757563114166, 0.40844741463661194, 0.4078806936740875, 0.40789371728897095, 0.40722647309303284, 0.4110562205314636, 0.4078691601753235, 0.4072693884372711, 0.4139845371246338, 0.40722763538360596, 0.40841639041900635, 0.4074571132659912, 0.40968647599220276, 0.407336950302124, 0.40724220871925354, 0.4072532653808594, 0.4072948694229126, 0.4080904424190521, 0.40763169527053833, 0.41093868017196655, 0.40832769870758057, 0.40876373648643494, 0.4123551845550537, 0.4081197679042816, 0.4086570739746094, 0.4072440266609192, 0.40818536281585693, 0.40820133686065674, 0.4074855148792267, 0.4076744318008423, 0.4097621440887451, 0.40732327103614807, 0.4077695906162262, 0.40815508365631104, 0.4072563648223877, 0.40987908840179443, 0.4083727300167084, 0.40788790583610535, 0.4077051281929016, 0.4073203206062317, 0.41037341952323914, 0.40881311893463135, 0.40723949670791626, 0.4072268009185791, 0.4079515039920807, 0.4185176491737366, 0.4074571132659912, 0.40783587098121643, 0.407364159822464, 0.40840649604797363, 0.40788859128952026, 0.40788760781288147, 0.40750205516815186, 0.4073335528373718, 0.40733474493026733, 0.40736544132232666, 0.40757012367248535, 0.40735340118408203, 0.4084257185459137, 0.409000426530838, 0.4102100133895874, 0.4089236557483673, 0.40728405117988586, 0.4086633622646332]",0.0,"[0.0, 0.0, 0.0, 0.0, 0.0, 0.0, 0.0, 0.0, 0.0, 0.0, 0.0, 0.0, 0.0, 0.0, 0.0, 0.0, 0.0, 0.0, 0.0, 0.0, 0.0, 0.0, 0.0, 0.0, 0.0, 0.0, 0.0, 0.0, 0.0, 0.0, 0.0, 0.0, 0.0, 0.0, 0.0, 0.0, 0.0, 0.0, 0.0, 0.0, 0.0, 0.0, 0.0, 0.0, 0.0, 0.0, 0.0, 0.0, 0.0, 0.0, 0.0, 0.0, 0.0, 0.0, 0.0, 0.0, 0.0, 0.0, 0.0, 0.0, 0.0, 0.0, 0.0, 0.0, 0.0, 0.0, 0.0, 0.0, 0.0, 0.0, 0.0, 0.0, 0.0, 0.0, 0.0, 0.0, 0.0, 0.0, 0.0, 0.0, 0.0, 0.0, 0.0, 0.0, 0.0, 0.0, 0.0, 0.0, 0.0, 0.0, 0.0, 0.0, 0.0, 0.0, 0.0, 0.0, 0.0, 0.0, 0.0, 0.0, 0.0, 0.0, 0.0, 0.0, 0.0, 0.0, 0.0, 0.0, 0.0, 0.0, 0.0, 0.0, 0.0, 0.0, 0.0, 0.0, 0.0, 0.0, 0.0, 0.0, 0.0, 0.0, 0.0, 0.0, 0.0, 0.0, 0.0, 0.0, 0.0, 0.0, 0.0, 0.0, 0.0, 0.0, 0.0, 0.0, 0.0, 0.0, 0.0, 0.0, 0.0, 0.0, 0.0, 0.0, 0.0, 0.0, 0.0, 0.0, 0.0, 0.0, 0.0, 0.0, 0.0, 0.0, 0.0, 0.0, 0.0, 0.0, 0.0, 0.0, 0.0, 0.0, 0.0, 0.0, 0.0, 0.0, 0.0, 0.0, 0.0, 0.0, 0.0, 0.0, 0.0, 0.0, 0.0, 0.0, 0.0, 0.0, 0.0, 0.0, 0.0, 0.0, 0.0, 0.0, 0.0, 0.0, 0.0, 0.0, 0.0, 0.0, 0.0, 0.0, 0.0, 0.0, 0.0, 0.0, 0.0, 0.0, 0.0, 0.0, 0.0, 0.0, 0.0, 0.0, 0.0, 0.0, 0.0, 0.0, 0.0, 0.0, 0.0, 0.0, 0.0, 0.0, 0.0, 0.0, 0.0, 0.0, 0.0, 0.0, 0.0, 0.0, 0.0, 0.0, 0.0, 0.0, 0.0, 0.0, 0.0, 0.0, 0.0, 0.0, 0.0, 0.0, 0.0, 0.0, 0.0, 0.0, 0.0, 0.0, 0.0, 0.0, 0.0, 0.0, 0.0, 0.0, 0.0, 0.0, 0.0, 0.0, 0.0, 0.0, 0.0, 0.0, 0.0, 0.0, 0.0, 0.0, 0.0, 0.0]",COMPLETE
78,78,0.5,2024-08-31 03:47:52.722246,2024-08-31 03:48:08.110852,0 days 00:00:15.388606,4,1.0228646523617984,2,50,0.3059350096813506,63,0.0010407133397359707,0.859,0.85875,0,"[33, 33, 11, 7, 6, 4, 4, 4, 4, 2, 2, 2, 2, 2, 2, 2, 2, 2, 2, 2, 2, 2, 2, 2, 2, 2, 2, 2, 2, 2, 2, 2, 2, 2, 1, 0, 0, 0, 0, 0, 0, 0, 0, 0, 0, 0, 0, 0, 0, 0]",0.0,"[32.96296296296296, 32.96296296296296, 10.984126984126984, 6.994708994708994, 6.0, 4.0, 3.9947089947089944, 3.9947089947089944, 4.0, 2.0, 2.0, 2.0, 1.9947089947089947, 1.9947089947089947, 1.9894179894179893, 1.9947089947089947, 1.9947089947089947, 2.0, 1.9947089947089947, 2.0, 2.0, 2.0, 2.0, 2.0, 2.0, 2.0, 2.0, 2.0, 2.0, 2.0, 2.0, 2.0, 2.0, 1.9947089947089947, 0.9947089947089947, 0.0, 0.0, 0.0, 0.0, 0.0, 0.0, 0.0, 0.0, 0.0, 0.0, 0.0, 0.0, 0.0, 0.0, 0.0]",0.5,0.5,0,"[33, 33, 11, 7, 6, 4, 4, 4, 4, 2, 2, 2, 2, 2, 2, 2, 2, 2, 2, 2, 2, 2, 2, 2, 2, 2, 2, 2, 2, 2, 2, 2, 2, 2, 1, 0, 0, 0, 0, 0, 0, 0, 0, 0, 0, 0, 0, 0, 0, 0]",50,"[1.1607353687286377, 0.4273320436477661, 0.3733642101287842, 0.416961669921875, 1.8186413049697876, 0.33633482456207275, 0.41993626952171326, 0.36160385608673096, 0.5609714984893799, 2.04544997215271, 0.4122086763381958, 0.6990588903427124, 0.40500664710998535, 0.6407154202461243, 0.414805144071579, 0.40181243419647217, 1.6035220623016357, 1.063827633857727, 0.9424048662185669, 2.09291934967041, 0.6219528317451477, 0.5399418473243713, 0.39406028389930725, 1.0655120611190796, 0.8811078071594238, 2.2199654579162598, 1.1694235801696777, 2.349518299102783, 1.6059170961380005, 0.7479117512702942, 1.0994161367416382, 1.8923872709274292, 2.3694348335266113, 0.4934063255786896, 0.43485844135284424, 0.9934964179992676, 0.4122634828090668, 2.768629789352417, 0.7184717059135437, 0.42954257130622864, 1.8900001049041748, 0.412987619638443, 0.6533680558204651, 0.5695126056671143, 0.8003730773925781, 1.7895269393920898, 0.6362186670303345, 0.5546404719352722, 1.8344714641571045, 2.1475517749786377]",0.0,"[33.0, 33.0, 11.0, 7.0, 6.0, 4.0, 4.0, 4.0, 4.0, 2.0, 2.0, 2.0, 2.0, 2.0, 2.0, 2.0, 2.0, 2.0, 2.0, 2.0, 2.0, 2.0, 2.0, 2.0, 2.0, 2.0, 2.0, 2.0, 2.0, 2.0, 2.0, 2.0, 2.0, 2.0, 1.0, 0.0, 0.0, 0.0, 0.0, 0.0, 0.0, 0.0, 0.0, 0.0, 0.0, 0.0, 0.0, 0.0, 0.0, 0.0]",COMPLETE
