,number,value,datetime_start,datetime_complete,duration,params_batch_size_scaler,params_constant_learning_rate,params_depth,params_epochs,params_kernel_l2,params_num_trees,params_temperature,user_attrs_accuracy_test,user_attrs_accuracy_valid,user_attrs_approximate_feature_sparsity,user_attrs_approximate_feature_sparsity_history,user_attrs_approximate_weight_sparsity,user_attrs_approximate_weight_sparsity_history,user_attrs_auc_test,user_attrs_auc_valid,user_attrs_feature_sparsity,user_attrs_feature_sparsity_history,user_attrs_num_epochs,user_attrs_val_loss_history,user_attrs_weight_sparsity,user_attrs_weight_sparsity_history,state
22,22,0.8540789117749352,2024-08-31 01:44:02.278044,2024-08-31 01:44:47.546772,0 days 00:00:45.268728,4,1.9124699557015692,5,100,0.002912294758810584,15,0.0016643201435927195,0.896,0.89375,5,"[33, 33, 11, 9, 7, 5, 5, 5, 5, 5, 5, 5, 5, 5, 5, 5, 5, 5, 5, 5, 5, 5, 5, 5, 5, 5, 5, 5, 5, 5, 5, 5, 5, 5, 5, 5, 5, 5, 5, 5, 5, 5, 5, 5, 5, 5, 5, 5, 5, 5, 5, 5, 5, 5, 5, 5, 5, 5, 5, 5, 5, 5, 5, 5, 5, 5, 5, 5, 5, 5, 5, 5, 5, 5, 5, 5, 5, 5, 5, 5, 5, 5, 5, 5, 5, 5, 5, 5, 5, 5, 5, 5, 5, 5, 5, 5, 5, 5, 5, 5]",5.0,"[32.976344086021506, 32.97849462365592, 10.989247311827958, 8.993548387096775, 6.991397849462366, 4.995698924731183, 4.997849462365592, 5.0, 5.0, 4.995698924731183, 4.995698924731183, 4.997849462365592, 5.0, 5.0, 5.0, 4.995698924731183, 4.991397849462365, 5.0, 4.997849462365592, 4.995698924731183, 4.997849462365592, 4.997849462365592, 4.989247311827957, 4.991397849462365, 4.995698924731183, 5.0, 5.0, 5.0, 5.0, 4.997849462365592, 4.997849462365592, 5.0, 4.997849462365592, 5.0, 5.0, 5.0, 4.997849462365592, 5.0, 4.995698924731183, 5.0, 4.995698924731183, 4.997849462365592, 5.0, 4.995698924731183, 4.997849462365592, 4.997849462365592, 4.995698924731183, 4.997849462365592, 4.997849462365592, 4.993548387096774, 4.995698924731183, 4.997849462365592, 4.993548387096775, 4.993548387096775, 4.991397849462365, 4.991397849462365, 4.995698924731183, 4.993548387096774, 5.0, 4.989247311827957, 4.991397849462365, 4.993548387096774, 4.995698924731183, 4.991397849462365, 4.993548387096774, 4.993548387096774, 4.995698924731183, 4.997849462365592, 4.995698924731183, 4.993548387096774, 5.0, 4.991397849462365, 4.993548387096774, 4.991397849462365, 4.997849462365592, 4.993548387096774, 4.997849462365592, 5.0, 4.997849462365592, 4.995698924731183, 5.0, 4.995698924731183, 4.995698924731183, 4.995698924731183, 4.997849462365592, 5.0, 5.0, 5.0, 4.997849462365592, 5.0, 5.0, 4.995698924731183, 4.997849462365592, 4.997849462365592, 4.997849462365592, 5.0, 4.997849462365592, 4.995698924731183, 5.0, 5.0]",0.8661770655305939,0.8540789117749352,5,"[33, 33, 11, 9, 7, 5, 5, 5, 5, 5, 5, 5, 5, 5, 5, 5, 5, 5, 5, 5, 5, 5, 5, 5, 5, 5, 5, 5, 5, 5, 5, 5, 5, 5, 5, 5, 5, 5, 5, 5, 5, 5, 5, 5, 5, 5, 5, 5, 5, 5, 5, 5, 5, 5, 5, 5, 5, 5, 5, 5, 5, 5, 5, 5, 5, 5, 5, 5, 5, 5, 5, 5, 5, 5, 5, 5, 5, 5, 5, 5, 5, 5, 5, 5, 5, 5, 5, 5, 5, 5, 5, 5, 5, 5, 5, 5, 5, 5, 5, 5]",100,"[0.34863024950027466, 0.31224381923675537, 0.2812655568122864, 0.2736310064792633, 0.2936105728149414, 0.311570405960083, 0.3010740578174591, 0.2880716025829315, 0.2836175858974457, 0.2875927686691284, 0.2806994915008545, 0.2747814357280731, 0.275256872177124, 0.2742208242416382, 0.2712309956550598, 0.278944194316864, 0.26876208186149597, 0.27189046144485474, 0.2718313932418823, 0.2682786285877228, 0.26636695861816406, 0.2735185921192169, 0.2690751850605011, 0.2650269567966461, 0.27461758255958557, 0.2674635648727417, 0.2688942551612854, 0.2654407024383545, 0.2650616765022278, 0.26618248224258423, 0.27674785256385803, 0.2673148810863495, 0.2660790979862213, 0.2669290006160736, 0.265341579914093, 0.26637160778045654, 0.266278475522995, 0.2633258104324341, 0.2645641565322876, 0.26684853434562683, 0.2665179967880249, 0.2664654850959778, 0.26479026675224304, 0.2639610171318054, 0.2665523290634155, 0.26566624641418457, 0.2644824683666229, 0.26787060499191284, 0.2654988765716553, 0.2726484537124634, 0.2642418146133423, 0.26491644978523254, 0.2728441655635834, 0.26400214433670044, 0.26390340924263, 0.2645401060581207, 0.2681100070476532, 0.2648063898086548, 0.2640547752380371, 0.26673510670661926, 0.26524949073791504, 0.27133503556251526, 0.2683700919151306, 0.2641340494155884, 0.26830369234085083, 0.26430073380470276, 0.26350733637809753, 0.2657102048397064, 0.2657550573348999, 0.2649426758289337, 0.26413556933403015, 0.2644736170768738, 0.26525282859802246, 0.2726321518421173, 0.26590827107429504, 0.264131635427475, 0.2665921151638031, 0.26922672986984253, 0.26612597703933716, 0.266613632440567, 0.26701098680496216, 0.2635689079761505, 0.27295804023742676, 0.2638513445854187, 0.2651624083518982, 0.26514896750450134, 0.2676926553249359, 0.26435020565986633, 0.26557981967926025, 0.2687129080295563, 0.2657773494720459, 0.2645812928676605, 0.2645540237426758, 0.26446589827537537, 0.26379725337028503, 0.26827603578567505, 0.2691088616847992, 0.26393914222717285, 0.2655600309371948, 0.265936940908432]",5.0,"[33.0, 33.0, 11.0, 9.0, 7.0, 5.0, 5.0, 5.0, 5.0, 5.0, 5.0, 5.0, 5.0, 5.0, 5.0, 5.0, 5.0, 5.0, 5.0, 5.0, 5.0, 5.0, 5.0, 5.0, 5.0, 5.0, 5.0, 5.0, 5.0, 5.0, 5.0, 5.0, 5.0, 5.0, 5.0, 5.0, 5.0, 5.0, 5.0, 5.0, 5.0, 5.0, 5.0, 5.0, 5.0, 5.0, 5.0, 5.0, 5.0, 5.0, 5.0, 5.0, 5.0, 5.0, 5.0, 5.0, 5.0, 5.0, 5.0, 5.0, 5.0, 5.0, 5.0, 5.0, 5.0, 5.0, 5.0, 5.0, 5.0, 5.0, 5.0, 5.0, 5.0, 5.0, 5.0, 5.0, 5.0, 5.0, 5.0, 5.0, 5.0, 5.0, 5.0, 5.0, 5.0, 5.0, 5.0, 5.0, 5.0, 5.0, 5.0, 5.0, 5.0, 5.0, 5.0, 5.0, 5.0, 5.0, 5.0, 5.0]",COMPLETE
