,number,value,datetime_start,datetime_complete,duration,params_batch_size_scaler,params_constant_learning_rate,params_depth,params_epochs,params_kernel_l2,params_num_trees,params_temperature,user_attrs_accuracy_test,user_attrs_accuracy_valid,user_attrs_approximate_feature_sparsity,user_attrs_approximate_feature_sparsity_history,user_attrs_approximate_weight_sparsity,user_attrs_approximate_weight_sparsity_history,user_attrs_auc_test,user_attrs_auc_valid,user_attrs_feature_sparsity,user_attrs_feature_sparsity_history,user_attrs_num_epochs,user_attrs_val_loss_history,user_attrs_weight_sparsity,user_attrs_weight_sparsity_history,state
96,96,0.9217322976645929,2024-08-31 04:37:05.696913,2024-08-31 04:39:39.440080,0 days 00:02:33.743167,64,1.160711299846251,5,295,0.04212138453596369,92,0.00019799889101366648,0.928,0.9425,33,"[33, 33, 33, 33, 33, 33, 33, 33, 33, 33, 33, 33, 33, 33, 33, 33, 33, 33, 33, 33, 33, 33, 33, 33, 33, 33, 33, 33, 33, 33, 33, 33, 33, 33, 33, 33, 33, 33, 33, 33, 33, 33, 33, 33, 33, 33, 33, 33, 33, 33, 33, 33, 33, 33, 33, 33, 33, 33, 33, 33, 33, 33, 33, 33, 33, 33, 33, 33, 33, 33, 33, 33, 33, 33, 33, 33, 33, 33, 33, 33, 33, 33, 33, 33, 33, 33, 33, 33, 33, 33, 33, 33, 33, 33, 33, 33, 33, 33, 33, 33, 33, 33, 33, 33, 33, 33, 33, 33, 33, 33, 33, 33, 33, 33, 33, 33, 33, 33, 33, 33, 33, 33, 33, 33, 33, 33, 33, 33, 33, 33, 33, 33, 33, 33, 33, 33, 33, 33, 33, 33, 33, 33, 33, 33, 33, 33, 33, 33, 33, 33, 33, 33, 33, 33, 33, 33, 33, 33, 33, 33, 33, 33, 33, 33, 33, 33, 33, 33, 33, 33, 33, 33, 33, 33, 33, 33, 33, 33, 33, 33, 33, 33, 33, 33, 33, 33, 33, 33, 33, 33, 33, 33, 33, 33, 33, 33, 33, 33, 33, 33, 33, 33, 33, 33, 33, 33, 33, 33, 33, 33, 33, 33, 33, 33, 33, 33, 33, 33, 33, 33, 33, 33, 33, 33, 33, 33, 33, 33, 33, 33, 33, 33, 33, 33, 33, 33, 33, 33, 33, 33, 33, 33, 33, 33, 33, 33, 33, 33, 33, 33, 33, 33, 33, 33, 33, 33, 33, 33, 33, 33, 33, 33, 33, 33, 33, 33, 33, 33, 33, 33, 33, 33, 33, 33, 33, 33, 33, 33, 33, 33, 33, 33, 33, 33, 33, 33, 33, 33, 33, 33, 33, 33, 33, 33, 33]",32.92917251051893,"[32.919705469845724, 32.93232819074334, 32.92706872370267, 32.92671809256662, 32.92671809256662, 32.922861150070126, 32.92461430575035, 32.923562412342214, 32.91549789621318, 32.92461430575035, 32.92426367461431, 32.92251051893408, 32.92145862552594, 32.922861150070126, 32.92847124824685, 32.92952314165498, 32.9242636746143, 32.92251051893408, 32.92145862552594, 32.927769985974756, 32.92601683029453, 32.9249649368864, 32.92601683029453, 32.92391304347826, 32.92601683029453, 32.925666199158485, 32.9249649368864, 32.920757363253855, 32.92391304347826, 32.92776998597475, 32.923562412342214, 32.91760168302945, 32.91444600280505, 32.9242636746143, 32.92110799438991, 32.92145862552594, 32.928471248246844, 32.92215988779804, 32.92741935483871, 32.92391304347826, 32.92636746143057, 32.92741935483871, 32.92391304347826, 32.923562412342214, 32.9312762973352, 32.929523141654975, 32.92215988779804, 32.91935483870968, 32.919004207573636, 32.92215988779804, 32.91865357643759, 32.921809256661994, 32.924614305750346, 32.9242636746143, 32.919004207573636, 32.921809256661994, 32.91514726507714, 32.91619915848528, 32.919004207573636, 32.9281206171108, 32.9211079943899, 32.92251051893408, 32.92531556802244, 32.9249649368864, 32.929523141654975, 32.9249649368864, 32.9211079943899, 32.92461430575035, 32.9281206171108, 32.92215988779804, 32.92321178120617, 32.92987377279102, 32.93232819074334, 32.93899018232819, 32.93583450210379, 32.92917251051893, 32.932678821879385, 32.93408134642356, 32.93373071528752, 32.93302945301542, 32.923562412342214, 32.92706872370266, 32.92882187938289, 32.92706872370267, 32.9281206171108, 32.93022440392707, 32.9249649368864, 32.92040673211781, 32.920757363253855, 32.925666199158485, 32.92391304347826, 32.92882187938289, 32.92706872370267, 32.923562412342214, 32.92145862552594, 32.92531556802244, 32.92391304347826, 32.92917251051893, 32.93267882187938, 32.928471248246844, 32.927769985974756, 32.92741935483871, 32.92461430575035, 32.92917251051893, 32.929523141654975, 32.92215988779803, 32.9179523141655, 32.92461430575035, 32.92391304347826, 32.92601683029453, 32.9249649368864, 32.9281206171108, 32.921809256661994, 32.92601683029453, 32.91865357643759, 32.92145862552594, 32.927419354838705, 32.93232819074334, 32.92987377279102, 32.92917251051893, 32.93022440392707, 32.93302945301543, 32.9312762973352, 32.92496493688639, 32.92531556802244, 32.931626928471246, 32.919004207573636, 32.92426367461431, 32.9249649368864, 32.92917251051893, 32.923913043478265, 32.92391304347826, 32.92040673211781, 32.919004207573636, 32.928471248246844, 32.92706872370267, 32.932328190743334, 32.940392706872366, 32.93302945301543, 32.93092566619916, 32.935483870967744, 32.93793828892005, 32.932678821879385, 32.92040673211781, 32.92601683029453, 32.922861150070126, 32.926718092566624, 32.927769985974756, 32.9281206171108, 32.924614305750346, 32.92741935483871, 32.92706872370267, 32.92882187938289, 32.930575035063114, 32.93408134642356, 32.932678821879385, 32.9312762973352, 32.930575035063114, 32.92601683029453, 32.930575035063114, 32.93302945301543, 32.931626928471246, 32.927769985974756, 32.925666199158485, 32.92741935483871, 32.928471248246844, 32.932678821879385, 32.92917251051893, 32.934431977559605, 32.93583450210378, 32.93232819074334, 32.92917251051893, 32.9312762973352, 32.936535764375876, 32.934431977559605, 32.93513323983169, 32.9312762973352, 32.9351332398317, 32.93478260869565, 32.93338008415147, 32.93478260869565, 32.930575035063114, 32.92917251051893, 32.930575035063114, 32.93548387096774, 32.9281206171108, 32.93302945301543, 32.935483870967744, 32.92882187938289, 32.925666199158485, 32.92987377279103, 32.92952314165498, 32.92040673211781, 32.925666199158485, 32.92882187938289, 32.92882187938289, 32.92531556802244, 32.92776998597475, 32.93408134642357, 32.93513323983169, 32.92531556802244, 32.929523141654975, 32.92987377279102, 32.928471248246844, 32.9281206171108, 32.925666199158485, 32.92706872370266, 32.93302945301543, 32.927769985974756, 32.928471248246844, 32.927769985974756, 32.93092566619916, 32.931626928471246, 32.932678821879385, 32.928471248246844, 32.92636746143057, 32.927769985974756, 32.92706872370267, 32.9249649368864, 32.93092566619916, 32.928471248246844, 32.93022440392707, 32.93197755960729, 32.932328190743334, 32.92706872370267, 32.92426367461431, 32.926718092566624, 32.9281206171108, 32.92391304347826, 32.9249649368864, 32.928471248246844, 32.930575035063114, 32.93548387096774, 32.93022440392707, 32.925666199158485, 32.92601683029453, 32.92882187938289, 32.93022440392707, 32.921809256661994, 32.92461430575035, 32.9242636746143, 32.92215988779803, 32.92391304347826, 32.920757363253855, 32.92215988779803, 32.92496493688639, 32.92917251051893, 32.92321178120617, 32.92180925666199, 32.92321178120617, 32.91900420757363, 32.92882187938289, 32.92636746143057, 32.92496493688639, 32.93373071528752, 32.93338008415147, 32.93373071528752, 32.93548387096774, 32.93373071528752, 32.931626928471246, 32.93022440392706, 32.92601683029453, 32.92882187938289, 32.93022440392706, 32.93232819074334, 32.93688639551192, 32.93688639551192, 32.932678821879385, 32.945301542777, 32.93899018232819, 32.93723702664796, 32.93302945301543, 32.93338008415147, 32.931626928471246, 32.92987377279103, 32.922510518934075, 32.929523141654975, 32.92426367461431, 32.932678821879385, 32.934431977559605, 32.93197755960729, 32.93302945301543, 32.9312762973352, 32.928821879382895, 32.92882187938289, 32.92882187938289, 32.929523141654975, 32.92496493688639, 32.931626928471246, 32.93197755960729, 32.936535764375876, 32.93057503506311, 32.92917251051893, 32.93197755960729, 32.92917251051893]",0.9073060378635888,0.9217322976645929,33,"[33, 33, 33, 33, 33, 33, 33, 33, 33, 33, 33, 33, 33, 33, 33, 33, 33, 33, 33, 33, 33, 33, 33, 33, 33, 33, 33, 33, 33, 33, 33, 33, 33, 33, 33, 33, 33, 33, 33, 33, 33, 33, 33, 33, 33, 33, 33, 33, 33, 33, 33, 33, 33, 33, 33, 33, 33, 33, 33, 33, 33, 33, 33, 33, 33, 33, 33, 33, 33, 33, 33, 33, 33, 33, 33, 33, 33, 33, 33, 33, 33, 33, 33, 33, 33, 33, 33, 33, 33, 33, 33, 33, 33, 33, 33, 33, 33, 33, 33, 33, 33, 33, 33, 33, 33, 33, 33, 33, 33, 33, 33, 33, 33, 33, 33, 33, 33, 33, 33, 33, 33, 33, 33, 33, 33, 33, 33, 33, 33, 33, 33, 33, 33, 33, 33, 33, 33, 33, 33, 33, 33, 33, 33, 33, 33, 33, 33, 33, 33, 33, 33, 33, 33, 33, 33, 33, 33, 33, 33, 33, 33, 33, 33, 33, 33, 33, 33, 33, 33, 33, 33, 33, 33, 33, 33, 33, 33, 33, 33, 33, 33, 33, 33, 33, 33, 33, 33, 33, 33, 33, 33, 33, 33, 33, 33, 33, 33, 33, 33, 33, 33, 33, 33, 33, 33, 33, 33, 33, 33, 33, 33, 33, 33, 33, 33, 33, 33, 33, 33, 33, 33, 33, 33, 33, 33, 33, 33, 33, 33, 33, 33, 33, 33, 33, 33, 33, 33, 33, 33, 33, 33, 33, 33, 33, 33, 33, 33, 33, 33, 33, 33, 33, 33, 33, 33, 33, 33, 33, 33, 33, 33, 33, 33, 33, 33, 33, 33, 33, 33, 33, 33, 33, 33, 33, 33, 33, 33, 33, 33, 33, 33, 33, 33, 33, 33, 33, 33, 33, 33, 33, 33, 33, 33, 33, 33]",295,"[0.40358948707580566, 0.3927169740200043, 0.38687360286712646, 0.3900577425956726, 0.38188958168029785, 0.3784862160682678, 0.3755302131175995, 0.3782910406589508, 0.37243831157684326, 0.37070074677467346, 0.3697358965873718, 0.3692602813243866, 0.36772117018699646, 0.3658287823200226, 0.3676227331161499, 0.3642309308052063, 0.3689873218536377, 0.3623460829257965, 0.36331090331077576, 0.3603171408176422, 0.3610633909702301, 0.36267513036727905, 0.35912415385246277, 0.3569658398628235, 0.35806429386138916, 0.3542301058769226, 0.35714685916900635, 0.3536704182624817, 0.3561628460884094, 0.3544028401374817, 0.3491182029247284, 0.3479236364364624, 0.34797653555870056, 0.3482791483402252, 0.34615057706832886, 0.3452652096748352, 0.34536847472190857, 0.34463897347450256, 0.34779784083366394, 0.34206894040107727, 0.3482886552810669, 0.3409104645252228, 0.3438332676887512, 0.34077662229537964, 0.33913135528564453, 0.33801573514938354, 0.33642464876174927, 0.33581459522247314, 0.3347172141075134, 0.3351728916168213, 0.3365634083747864, 0.33395740389823914, 0.33272719383239746, 0.3338609039783478, 0.32936373353004456, 0.32869282364845276, 0.33073198795318604, 0.32648545503616333, 0.3261929452419281, 0.33995041251182556, 0.32622814178466797, 0.3230728209018707, 0.32241782546043396, 0.32187721133232117, 0.32759231328964233, 0.32154640555381775, 0.3199368417263031, 0.31907033920288086, 0.3173433542251587, 0.31831130385398865, 0.3162064850330353, 0.3130899965763092, 0.31638991832733154, 0.31444650888442993, 0.31402814388275146, 0.3108454644680023, 0.3129172623157501, 0.30945682525634766, 0.31218260526657104, 0.3073875606060028, 0.30633309483528137, 0.30544862151145935, 0.30353081226348877, 0.30242714285850525, 0.30170392990112305, 0.29958903789520264, 0.29823780059814453, 0.29634618759155273, 0.29821348190307617, 0.2933511435985565, 0.2958810031414032, 0.2914388179779053, 0.28928878903388977, 0.28696152567863464, 0.28809669613838196, 0.2848626673221588, 0.28250038623809814, 0.28044888377189636, 0.2837745249271393, 0.281582236289978, 0.2773187756538391, 0.277105450630188, 0.2746965289115906, 0.2752712368965149, 0.27131545543670654, 0.2691645920276642, 0.2701178789138794, 0.2687090039253235, 0.2690013349056244, 0.271873414516449, 0.2670016884803772, 0.26624414324760437, 0.26721423864364624, 0.27300602197647095, 0.26315855979919434, 0.2632382810115814, 0.2651177644729614, 0.2613051235675812, 0.2643764317035675, 0.2610347270965576, 0.2603553831577301, 0.25875696539878845, 0.2578434646129608, 0.2610236406326294, 0.256984680891037, 0.2600557506084442, 0.2564491033554077, 0.254151850938797, 0.25904881954193115, 0.25468921661376953, 0.25426509976387024, 0.2528330385684967, 0.2544619143009186, 0.2528873682022095, 0.24905246496200562, 0.249685138463974, 0.25019845366477966, 0.24900397658348083, 0.24856171011924744, 0.24858613312244415, 0.24844984710216522, 0.24725060164928436, 0.24573855102062225, 0.24539631605148315, 0.2422853410243988, 0.24220111966133118, 0.24141350388526917, 0.24039171636104584, 0.24230021238327026, 0.24929217994213104, 0.23967894911766052, 0.24156543612480164, 0.23828014731407166, 0.24201291799545288, 0.23694974184036255, 0.23700496554374695, 0.23868559300899506, 0.2381909340620041, 0.23902446031570435, 0.252503365278244, 0.24261578917503357, 0.24152682721614838, 0.23602598905563354, 0.2373715341091156, 0.23664306104183197, 0.2368318736553192, 0.23520179092884064, 0.2342022955417633, 0.239592507481575, 0.23768192529678345, 0.23362839221954346, 0.24028681218624115, 0.23374241590499878, 0.23019884526729584, 0.22944116592407227, 0.22802777588367462, 0.2321888953447342, 0.2328546941280365, 0.22695155441761017, 0.23199562728405, 0.2278715968132019, 0.2260068655014038, 0.23328235745429993, 0.22599606215953827, 0.227190300822258, 0.22480148077011108, 0.22376777231693268, 0.22712889313697815, 0.22611241042613983, 0.22441360354423523, 0.22461968660354614, 0.22387856245040894, 0.22380425035953522, 0.22482238709926605, 0.22208720445632935, 0.22203104197978973, 0.22383150458335876, 0.21952566504478455, 0.22283858060836792, 0.22086738049983978, 0.22038716077804565, 0.22049391269683838, 0.2180834263563156, 0.2184104472398758, 0.21909387409687042, 0.21878944337368011, 0.21784907579421997, 0.22294741868972778, 0.2252253144979477, 0.22300025820732117, 0.2176259160041809, 0.2178719937801361, 0.218891441822052, 0.22365444898605347, 0.21521888673305511, 0.22091728448867798, 0.21507421135902405, 0.21400287747383118, 0.21391883492469788, 0.2144218385219574, 0.21500524878501892, 0.21407733857631683, 0.21646253764629364, 0.21916884183883667, 0.2135464996099472, 0.21335762739181519, 0.21163290739059448, 0.21390403807163239, 0.21067817509174347, 0.2111981064081192, 0.21109524369239807, 0.21000030636787415, 0.2101920247077942, 0.21041923761367798, 0.2115475833415985, 0.20783621072769165, 0.21021920442581177, 0.21200327575206757, 0.20720668137073517, 0.2096295803785324, 0.20820552110671997, 0.20787346363067627, 0.21116043627262115, 0.21000748872756958, 0.20825347304344177, 0.20812244713306427, 0.20725810527801514, 0.20925651490688324, 0.20666804909706116, 0.21877361834049225, 0.21691188216209412, 0.20623113214969635, 0.21434107422828674, 0.20597125589847565, 0.20567771792411804, 0.2043265849351883, 0.20321446657180786, 0.20394085347652435, 0.20411278307437897, 0.20468217134475708, 0.20847216248512268, 0.20290912687778473, 0.20416587591171265, 0.20746347308158875, 0.20442402362823486, 0.20360702276229858, 0.20392800867557526, 0.20962946116924286, 0.21237368881702423, 0.2018052041530609, 0.20412030816078186, 0.20517370104789734, 0.20136108994483948, 0.2046796679496765, 0.2029886096715927, 0.20169860124588013, 0.20078958570957184, 0.20280767977237701, 0.20522494614124298, 0.20146946609020233, 0.20106324553489685, 0.20358900725841522, 0.20334309339523315, 0.2049078494310379, 0.2071700245141983, 0.20191091299057007, 0.20159201323986053, 0.20259255170822144, 0.21226921677589417, 0.2016628384590149, 0.20267802476882935, 0.20064392685890198, 0.2059199959039688, 0.1994905024766922, 0.2049410492181778]",33.0,"[33.0, 33.0, 33.0, 33.0, 33.0, 33.0, 33.0, 33.0, 33.0, 33.0, 33.0, 33.0, 33.0, 33.0, 33.0, 33.0, 33.0, 33.0, 33.0, 33.0, 33.0, 33.0, 33.0, 33.0, 33.0, 33.0, 33.0, 33.0, 33.0, 33.0, 33.0, 33.0, 33.0, 33.0, 33.0, 33.0, 33.0, 33.0, 33.0, 33.0, 33.0, 33.0, 33.0, 33.0, 33.0, 33.0, 33.0, 33.0, 33.0, 33.0, 33.0, 33.0, 33.0, 33.0, 33.0, 33.0, 33.0, 33.0, 33.0, 33.0, 33.0, 33.0, 33.0, 33.0, 33.0, 33.0, 33.0, 33.0, 33.0, 33.0, 33.0, 33.0, 33.0, 33.0, 33.0, 33.0, 33.0, 33.0, 33.0, 33.0, 33.0, 33.0, 33.0, 33.0, 33.0, 33.0, 33.0, 33.0, 33.0, 33.0, 33.0, 33.0, 33.0, 33.0, 33.0, 33.0, 33.0, 33.0, 33.0, 33.0, 33.0, 33.0, 33.0, 33.0, 33.0, 33.0, 33.0, 33.0, 33.0, 33.0, 33.0, 33.0, 33.0, 33.0, 33.0, 33.0, 33.0, 33.0, 33.0, 33.0, 33.0, 33.0, 33.0, 33.0, 33.0, 33.0, 33.0, 33.0, 33.0, 33.0, 33.0, 33.0, 33.0, 33.0, 33.0, 33.0, 33.0, 33.0, 33.0, 33.0, 33.0, 33.0, 33.0, 33.0, 33.0, 33.0, 33.0, 33.0, 33.0, 33.0, 33.0, 33.0, 33.0, 33.0, 33.0, 33.0, 33.0, 33.0, 33.0, 33.0, 33.0, 33.0, 33.0, 33.0, 33.0, 33.0, 33.0, 33.0, 33.0, 33.0, 33.0, 33.0, 33.0, 33.0, 33.0, 33.0, 33.0, 33.0, 33.0, 33.0, 33.0, 33.0, 33.0, 33.0, 33.0, 33.0, 33.0, 33.0, 33.0, 33.0, 33.0, 33.0, 33.0, 33.0, 33.0, 33.0, 33.0, 33.0, 33.0, 33.0, 33.0, 33.0, 33.0, 33.0, 33.0, 33.0, 33.0, 33.0, 33.0, 33.0, 33.0, 33.0, 33.0, 33.0, 33.0, 33.0, 33.0, 33.0, 33.0, 33.0, 33.0, 33.0, 33.0, 33.0, 33.0, 33.0, 33.0, 33.0, 33.0, 33.0, 33.0, 33.0, 33.0, 33.0, 33.0, 33.0, 33.0, 33.0, 33.0, 33.0, 33.0, 33.0, 33.0, 33.0, 33.0, 33.0, 33.0, 33.0, 33.0, 33.0, 33.0, 33.0, 33.0, 33.0, 33.0, 33.0, 33.0, 33.0, 33.0, 33.0, 33.0, 33.0, 33.0, 33.0, 33.0, 33.0, 33.0, 33.0, 33.0, 33.0, 33.0, 33.0, 33.0, 33.0, 33.0, 33.0, 33.0, 33.0, 33.0, 33.0, 33.0, 33.0, 33.0, 33.0, 33.0, 33.0, 33.0, 33.0, 33.0, 33.0, 33.0, 33.0, 33.0, 33.0, 33.0]",COMPLETE
97,97,0.921410261364661,2024-08-31 04:39:42.510055,2024-08-31 04:40:05.891680,0 days 00:00:23.381625,4,2.678222284360969,1,55,0.0015034231484997735,38,0.00044836158088031513,0.908,0.91625,27,"[33, 33, 33, 30, 30, 30, 30, 29, 29, 29, 29, 29, 29, 29, 29, 29, 29, 28, 27, 27, 27, 27, 27, 27, 27, 27, 27, 27, 27, 27, 27, 27, 27, 27, 27, 27, 27, 27, 27, 27, 27, 27, 27, 27, 27, 27, 27, 27, 27, 27, 27, 27, 27, 27, 27]",27.0,"[32.973684210526315, 33.0, 32.973684210526315, 30.0, 30.0, 29.973684210526315, 30.0, 29.0, 29.0, 29.0, 29.0, 28.94736842105263, 29.0, 28.973684210526315, 29.0, 29.0, 29.0, 27.973684210526315, 26.973684210526315, 26.94736842105263, 26.973684210526315, 27.0, 26.973684210526315, 27.0, 27.0, 27.0, 27.0, 26.973684210526315, 26.973684210526315, 27.0, 27.0, 27.0, 27.0, 27.0, 27.0, 27.0, 27.0, 27.0, 26.973684210526315, 27.0, 26.973684210526315, 27.0, 27.0, 27.0, 26.94736842105263, 27.0, 27.0, 27.0, 27.0, 27.0, 27.0, 26.973684210526315, 27.0, 27.0, 27.0]",0.9013862399788637,0.921410261364661,27,"[33, 33, 33, 30, 30, 30, 30, 29, 29, 29, 29, 29, 29, 29, 29, 29, 29, 28, 27, 27, 27, 27, 27, 27, 27, 27, 27, 27, 27, 27, 27, 27, 27, 27, 27, 27, 27, 27, 27, 27, 27, 27, 27, 27, 27, 27, 27, 27, 27, 27, 27, 27, 27, 27, 27]",55,"[4.154006004333496, 0.844404399394989, 1.3708305358886719, 4.613338470458984, 1.1969302892684937, 0.7952540516853333, 2.3382697105407715, 1.0489140748977661, 2.3990652561187744, 0.48472800850868225, 0.8948810696601868, 1.157861351966858, 1.8786630630493164, 2.7341887950897217, 1.6084914207458496, 2.8748040199279785, 1.054288387298584, 0.9101366996765137, 0.5406153202056885, 0.5300893187522888, 0.4355531334877014, 0.5456878542900085, 1.0825597047805786, 0.4244670867919922, 0.5127382278442383, 0.7102549076080322, 0.5122101306915283, 0.5559536218643188, 1.318373441696167, 0.9432967305183411, 0.709334135055542, 0.8393153548240662, 0.5024818778038025, 0.36702781915664673, 1.0656167268753052, 0.6860601305961609, 0.5262780785560608, 0.4242563545703888, 0.4616961181163788, 1.4087610244750977, 0.5625191330909729, 0.5227186679840088, 0.48457878828048706, 0.5132549405097961, 0.4810119867324829, 0.45109280943870544, 0.48139432072639465, 0.6480035185813904, 0.8027046322822571, 0.5147395133972168, 0.46542030572891235, 0.5666308999061584, 0.5634483098983765, 0.6529687643051147, 0.5182470083236694]",27.0,"[33.0, 33.0, 33.0, 30.0, 30.0, 30.0, 30.0, 29.0, 29.0, 29.0, 29.0, 29.0, 29.0, 29.0, 29.0, 29.0, 29.0, 28.0, 27.0, 27.0, 27.0, 27.0, 27.0, 27.0, 27.0, 27.0, 27.0, 27.0, 27.0, 27.0, 27.0, 27.0, 27.0, 27.0, 27.0, 27.0, 27.0, 27.0, 27.0, 27.0, 27.0, 27.0, 27.0, 27.0, 27.0, 27.0, 27.0, 27.0, 27.0, 27.0, 27.0, 27.0, 27.0, 27.0, 27.0]",COMPLETE
