,number,value,datetime_start,datetime_complete,duration,params_batch_size_scaler,params_constant_learning_rate,params_depth,params_epochs,params_kernel_l2,params_num_trees,params_temperature,user_attrs_accuracy_test,user_attrs_accuracy_valid,user_attrs_approximate_feature_sparsity,user_attrs_approximate_feature_sparsity_history,user_attrs_approximate_weight_sparsity,user_attrs_approximate_weight_sparsity_history,user_attrs_auc_test,user_attrs_auc_valid,user_attrs_feature_sparsity,user_attrs_feature_sparsity_history,user_attrs_num_epochs,user_attrs_val_loss_history,user_attrs_weight_sparsity,user_attrs_weight_sparsity_history,state
139,139,0.5,2024-08-31 06:53:33.664388,2024-08-31 06:57:41.963555,0 days 00:04:08.299167,64,0.8726700495669276,6,330,0.8867143372886549,52,0.007678626907244967,0.859,0.85875,0,"[33, 33, 33, 33, 33, 33, 33, 33, 33, 33, 33, 33, 33, 30, 11, 3, 3, 3, 3, 0, 0, 0, 0, 0, 0, 0, 0, 0, 0, 0, 0, 0, 0, 0, 0, 0, 0, 0, 0, 0, 0, 0, 0, 0, 0, 0, 0, 0, 0, 0, 0, 0, 0, 0, 0, 0, 0, 0, 0, 0, 0, 0, 0, 0, 0, 0, 0, 0, 0, 0, 0, 0, 0, 0, 0, 0, 0, 0, 0, 0, 0, 0, 0, 0, 0, 0, 0, 0, 0, 0, 0, 0, 0, 0, 0, 0, 0, 0, 0, 0, 0, 0, 0, 0, 0, 0, 0, 0, 0, 0, 0, 0, 0, 0, 0, 0, 0, 0, 0, 0, 0, 0, 0, 0, 0, 0, 0, 0, 0, 0, 0, 0, 0, 0, 0, 0, 0, 0, 0, 0, 0, 0, 0, 0, 0, 0, 0, 0, 0, 0, 0, 0, 0, 0, 0, 0, 0, 0, 0, 0, 0, 0, 0, 0, 0, 0, 0, 0, 0, 0, 0, 0, 0, 0, 0, 0, 0, 0, 0, 0, 0, 0, 0, 0, 0, 0, 0, 0, 0, 0, 0, 0, 0, 0, 0, 0, 0, 0, 0, 0, 0, 0, 0, 0, 0, 0, 0, 0, 0, 0, 0, 0, 0, 0, 0, 0, 0, 0, 0, 0, 0, 0, 0, 0, 0, 0, 0, 0, 0, 0, 0, 0, 0, 0, 0, 0, 0, 0, 0, 0, 0, 0, 0, 0, 0, 0, 0, 0, 0, 0, 0, 0, 0, 0, 0, 0, 0, 0, 0, 0, 0, 0, 0, 0, 0, 0, 0, 0, 0, 0, 0, 0, 0, 0, 0, 0, 0, 0, 0, 0, 0, 0, 0, 0, 0, 0, 0, 0, 0, 0, 0, 0, 0, 0, 0, 0, 0, 0, 0, 0, 0, 0, 0, 0, 0, 0, 0, 0, 0, 0, 0, 0, 0, 0, 0, 0, 0, 0, 0, 0, 0, 0, 0, 0, 0, 0, 0, 0, 0, 0]",0.0,"[32.920634920634924, 32.92490842490842, 32.922161172161175, 32.925824175824175, 32.92124542124542, 32.91910866910867, 32.91575091575091, 32.91727716727716, 32.91269841269841, 32.91910866910867, 32.92094017094017, 32.91788766788767, 32.91544566544567, 29.926434676434678, 10.97069597069597, 2.9932844932844933, 2.9945054945054945, 2.992979242979243, 2.992063492063492, 0.0, 0.0, 0.0, 0.0, 0.0, 0.0, 0.0, 0.0, 0.0, 0.0, 0.0, 0.0, 0.0, 0.0, 0.0, 0.0, 0.0, 0.0, 0.0, 0.0, 0.0, 0.0, 0.0, 0.0, 0.0, 0.0, 0.0, 0.0, 0.0, 0.0, 0.0, 0.0, 0.0, 0.0, 0.0, 0.0, 0.0, 0.0, 0.0, 0.0, 0.0, 0.0, 0.0, 0.0, 0.0, 0.0, 0.0, 0.0, 0.0, 0.0, 0.0, 0.0, 0.0, 0.0, 0.0, 0.0, 0.0, 0.0, 0.0, 0.0, 0.0, 0.0, 0.0, 0.0, 0.0, 0.0, 0.0, 0.0, 0.0, 0.0, 0.0, 0.0, 0.0, 0.0, 0.0, 0.0, 0.0, 0.0, 0.0, 0.0, 0.0, 0.0, 0.0, 0.0, 0.0, 0.0, 0.0, 0.0, 0.0, 0.0, 0.0, 0.0, 0.0, 0.0, 0.0, 0.0, 0.0, 0.0, 0.0, 0.0, 0.0, 0.0, 0.0, 0.0, 0.0, 0.0, 0.0, 0.0, 0.0, 0.0, 0.0, 0.0, 0.0, 0.0, 0.0, 0.0, 0.0, 0.0, 0.0, 0.0, 0.0, 0.0, 0.0, 0.0, 0.0, 0.0, 0.0, 0.0, 0.0, 0.0, 0.0, 0.0, 0.0, 0.0, 0.0, 0.0, 0.0, 0.0, 0.0, 0.0, 0.0, 0.0, 0.0, 0.0, 0.0, 0.0, 0.0, 0.0, 0.0, 0.0, 0.0, 0.0, 0.0, 0.0, 0.0, 0.0, 0.0, 0.0, 0.0, 0.0, 0.0, 0.0, 0.0, 0.0, 0.0, 0.0, 0.0, 0.0, 0.0, 0.0, 0.0, 0.0, 0.0, 0.0, 0.0, 0.0, 0.0, 0.0, 0.0, 0.0, 0.0, 0.0, 0.0, 0.0, 0.0, 0.0, 0.0, 0.0, 0.0, 0.0, 0.0, 0.0, 0.0, 0.0, 0.0, 0.0, 0.0, 0.0, 0.0, 0.0, 0.0, 0.0, 0.0, 0.0, 0.0, 0.0, 0.0, 0.0, 0.0, 0.0, 0.0, 0.0, 0.0, 0.0, 0.0, 0.0, 0.0, 0.0, 0.0, 0.0, 0.0, 0.0, 0.0, 0.0, 0.0, 0.0, 0.0, 0.0, 0.0, 0.0, 0.0, 0.0, 0.0, 0.0, 0.0, 0.0, 0.0, 0.0, 0.0, 0.0, 0.0, 0.0, 0.0, 0.0, 0.0, 0.0, 0.0, 0.0, 0.0, 0.0, 0.0, 0.0, 0.0, 0.0, 0.0, 0.0, 0.0, 0.0, 0.0, 0.0, 0.0, 0.0, 0.0, 0.0, 0.0, 0.0, 0.0, 0.0, 0.0, 0.0, 0.0, 0.0, 0.0, 0.0, 0.0, 0.0, 0.0, 0.0, 0.0, 0.0, 0.0, 0.0, 0.0, 0.0, 0.0, 0.0, 0.0, 0.0, 0.0, 0.0, 0.0, 0.0, 0.0, 0.0, 0.0, 0.0, 0.0, 0.0, 0.0, 0.0, 0.0, 0.0, 0.0, 0.0, 0.0, 0.0, 0.0, 0.0, 0.0, 0.0, 0.0]",0.5,0.5,0,"[33, 33, 33, 33, 33, 33, 33, 33, 33, 33, 33, 33, 33, 30, 11, 3, 3, 3, 3, 0, 0, 0, 0, 0, 0, 0, 0, 0, 0, 0, 0, 0, 0, 0, 0, 0, 0, 0, 0, 0, 0, 0, 0, 0, 0, 0, 0, 0, 0, 0, 0, 0, 0, 0, 0, 0, 0, 0, 0, 0, 0, 0, 0, 0, 0, 0, 0, 0, 0, 0, 0, 0, 0, 0, 0, 0, 0, 0, 0, 0, 0, 0, 0, 0, 0, 0, 0, 0, 0, 0, 0, 0, 0, 0, 0, 0, 0, 0, 0, 0, 0, 0, 0, 0, 0, 0, 0, 0, 0, 0, 0, 0, 0, 0, 0, 0, 0, 0, 0, 0, 0, 0, 0, 0, 0, 0, 0, 0, 0, 0, 0, 0, 0, 0, 0, 0, 0, 0, 0, 0, 0, 0, 0, 0, 0, 0, 0, 0, 0, 0, 0, 0, 0, 0, 0, 0, 0, 0, 0, 0, 0, 0, 0, 0, 0, 0, 0, 0, 0, 0, 0, 0, 0, 0, 0, 0, 0, 0, 0, 0, 0, 0, 0, 0, 0, 0, 0, 0, 0, 0, 0, 0, 0, 0, 0, 0, 0, 0, 0, 0, 0, 0, 0, 0, 0, 0, 0, 0, 0, 0, 0, 0, 0, 0, 0, 0, 0, 0, 0, 0, 0, 0, 0, 0, 0, 0, 0, 0, 0, 0, 0, 0, 0, 0, 0, 0, 0, 0, 0, 0, 0, 0, 0, 0, 0, 0, 0, 0, 0, 0, 0, 0, 0, 0, 0, 0, 0, 0, 0, 0, 0, 0, 0, 0, 0, 0, 0, 0, 0, 0, 0, 0, 0, 0, 0, 0, 0, 0, 0, 0, 0, 0, 0, 0, 0, 0, 0, 0, 0, 0, 0, 0, 0, 0, 0, 0, 0, 0, 0, 0, 0, 0, 0, 0, 0, 0, 0, 0, 0, 0, 0, 0, 0, 0, 0, 0, 0, 0, 0, 0, 0, 0, 0, 0, 0, 0, 0, 0, 0, 0]",330,"[0.43479493260383606, 0.41718846559524536, 0.4130626916885376, 0.40967032313346863, 0.4071684777736664, 0.40481290221214294, 0.4020746946334839, 0.40018612146377563, 0.3984845280647278, 0.3968886137008667, 0.3959521949291229, 0.39475810527801514, 0.3940220773220062, 0.39016610383987427, 0.38951629400253296, 0.38830938935279846, 0.3877083659172058, 0.38739460706710815, 0.3869130611419678, 0.4077645540237427, 0.40801510214805603, 0.40735676884651184, 0.4073668420314789, 0.4072810411453247, 0.4072337746620178, 0.40726783871650696, 0.4072386920452118, 0.4072403013706207, 0.4072297215461731, 0.40728455781936646, 0.4074322581291199, 0.40722617506980896, 0.4072411358356476, 0.4072275161743164, 0.40774643421173096, 0.40754082798957825, 0.4073120057582855, 0.40754327178001404, 0.40740570425987244, 0.40735748410224915, 0.40725746750831604, 0.4072383940219879, 0.40725260972976685, 0.4076426327228546, 0.40724727511405945, 0.40748846530914307, 0.407764732837677, 0.40729087591171265, 0.40724220871925354, 0.40723422169685364, 0.40759536623954773, 0.4072388708591461, 0.40724173188209534, 0.4073471128940582, 0.4072577655315399, 0.40723079442977905, 0.40724000334739685, 0.4072280526161194, 0.4072261154651642, 0.40725067257881165, 0.4072306752204895, 0.40736865997314453, 0.4072262644767761, 0.40723133087158203, 0.4072388708591461, 0.4072294235229492, 0.4072853922843933, 0.407267689704895, 0.40723541378974915, 0.4072262644767761, 0.4072272479534149, 0.4072442650794983, 0.4072835445404053, 0.40722939372062683, 0.40730640292167664, 0.40728533267974854, 0.40747711062431335, 0.4073619842529297, 0.40722617506980896, 0.4072651267051697, 0.4072667062282562, 0.4072624146938324, 0.40726837515830994, 0.40731993317604065, 0.40722769498825073, 0.4080841839313507, 0.40727904438972473, 0.40722617506980896, 0.40733635425567627, 0.40722644329071045, 0.4072365164756775, 0.40726011991500854, 0.40723156929016113, 0.407227098941803, 0.4072345793247223, 0.4072285592556, 0.4072393476963043, 0.40725135803222656, 0.4072533845901489, 0.40724191069602966, 0.4073216915130615, 0.4073764681816101, 0.4072917699813843, 0.40744996070861816, 0.40728965401649475, 0.4073503911495209, 0.4072299301624298, 0.40736594796180725, 0.4073620140552521, 0.4072415828704834, 0.40732574462890625, 0.4072283208370209, 0.40723860263824463, 0.4072263240814209, 0.4072313606739044, 0.4072802662849426, 0.40767520666122437, 0.4072277843952179, 0.4073503017425537, 0.4072261154651642, 0.40737494826316833, 0.40723496675491333, 0.407377153635025, 0.4072283208370209, 0.4072937071323395, 0.407339870929718, 0.40733200311660767, 0.4072878360748291, 0.40724045038223267, 0.40727317333221436, 0.40728560090065, 0.40735816955566406, 0.4072346091270447, 0.4073184132575989, 0.40730422735214233, 0.40727248787879944, 0.4072284400463104, 0.4076341688632965, 0.40898528695106506, 0.4072815775871277, 0.4072422683238983, 0.4072950780391693, 0.40724465250968933, 0.40722787380218506, 0.407399982213974, 0.40724456310272217, 0.4073125422000885, 0.4072480797767639, 0.40736618638038635, 0.40732869505882263, 0.4073146879673004, 0.40795519948005676, 0.4076893627643585, 0.40770065784454346, 0.40771400928497314, 0.4073602557182312, 0.4075629413127899, 0.4072292745113373, 0.407378613948822, 0.4072626531124115, 0.4078456163406372, 0.4072819650173187, 0.4072269797325134, 0.4072597622871399, 0.407429039478302, 0.4072270095348358, 0.40736153721809387, 0.40748268365859985, 0.40724384784698486, 0.40743839740753174, 0.4075861871242523, 0.40742501616477966, 0.40730857849121094, 0.4072326421737671, 0.40735045075416565, 0.40722769498825073, 0.4072386920452118, 0.4073711633682251, 0.40722617506980896, 0.4072370231151581, 0.40769752860069275, 0.40727314352989197, 0.4072299897670746, 0.40722644329071045, 0.4072980582714081, 0.40722721815109253, 0.4072597622871399, 0.4072344899177551, 0.4073067605495453, 0.4076077342033386, 0.407339870929718, 0.40728187561035156, 0.4074414074420929, 0.4073052704334259, 0.40722712874412537, 0.4072261452674866, 0.40724465250968933, 0.407265305519104, 0.40727898478507996, 0.4073839485645294, 0.4074596166610718, 0.4072290360927582, 0.4073072075843811, 0.40734604001045227, 0.40725627541542053, 0.4073948562145233, 0.4072262644767761, 0.40725159645080566, 0.4072372317314148, 0.40726593136787415, 0.4073762893676758, 0.4076119363307953, 0.40754494071006775, 0.40725311636924744, 0.40727850794792175, 0.40751388669013977, 0.4072297215461731, 0.40726304054260254, 0.40763723850250244, 0.40742847323417664, 0.4072408676147461, 0.4072282314300537, 0.4073220491409302, 0.4072636365890503, 0.407258540391922, 0.4072479009628296, 0.40806543827056885, 0.40724846720695496, 0.40744149684906006, 0.4072335958480835, 0.4072355628013611, 0.40726879239082336, 0.4073895215988159, 0.40750008821487427, 0.40726059675216675, 0.4073643386363983, 0.40729737281799316, 0.40730154514312744, 0.4072272479534149, 0.40728986263275146, 0.4076463282108307, 0.40789031982421875, 0.4074341058731079, 0.4080790579319, 0.4072633981704712, 0.40724238753318787, 0.40730583667755127, 0.4080454111099243, 0.40724509954452515, 0.407402902841568, 0.40722763538360596, 0.4073449671268463, 0.4072480797767639, 0.4073648154735565, 0.40733802318573, 0.40729472041130066, 0.40738311409950256, 0.40743982791900635, 0.40741539001464844, 0.407274067401886, 0.4072464108467102, 0.4073784351348877, 0.4072541296482086, 0.40733543038368225, 0.4075723886489868, 0.4073299169540405, 0.4073178172111511, 0.40817177295684814, 0.4074265658855438, 0.4074864983558655, 0.40735435485839844, 0.407382994890213, 0.40723103284835815, 0.407421350479126, 0.4072270095348358, 0.4072352647781372, 0.4075128436088562, 0.40722939372062683, 0.40722861886024475, 0.4082600474357605, 0.4075433015823364, 0.40727755427360535, 0.40722978115081787, 0.4072272479534149, 0.40725260972976685, 0.40725022554397583, 0.40722915530204773, 0.40726906061172485, 0.4075663089752197, 0.4072607457637787, 0.407728910446167, 0.40723663568496704, 0.4073196053504944, 0.4073215126991272, 0.4072282016277313, 0.4073006808757782, 0.40724074840545654, 0.40760719776153564, 0.4072801172733307, 0.4072283208370209, 0.40734750032424927, 0.4072985053062439, 0.40745094418525696, 0.40722763538360596, 0.40722620487213135, 0.4073468744754791, 0.4072401821613312, 0.40724417567253113, 0.40733352303504944, 0.40740910172462463, 0.40732792019844055, 0.40722671151161194, 0.4072307348251343, 0.4072816073894501, 0.4072878956794739, 0.40737542510032654, 0.40730899572372437, 0.4074074923992157, 0.4072321057319641, 0.407546728849411, 0.4072315990924835, 0.4072296917438507, 0.40722739696502686, 0.40722742676734924, 0.40722641348838806, 0.40739142894744873, 0.4072754681110382, 0.4072355329990387, 0.40724465250968933, 0.40767723321914673]",0.0,"[33.0, 33.0, 33.0, 33.0, 33.0, 33.0, 33.0, 33.0, 33.0, 33.0, 33.0, 33.0, 33.0, 30.0, 11.0, 3.0, 3.0, 3.0, 3.0, 0.0, 0.0, 0.0, 0.0, 0.0, 0.0, 0.0, 0.0, 0.0, 0.0, 0.0, 0.0, 0.0, 0.0, 0.0, 0.0, 0.0, 0.0, 0.0, 0.0, 0.0, 0.0, 0.0, 0.0, 0.0, 0.0, 0.0, 0.0, 0.0, 0.0, 0.0, 0.0, 0.0, 0.0, 0.0, 0.0, 0.0, 0.0, 0.0, 0.0, 0.0, 0.0, 0.0, 0.0, 0.0, 0.0, 0.0, 0.0, 0.0, 0.0, 0.0, 0.0, 0.0, 0.0, 0.0, 0.0, 0.0, 0.0, 0.0, 0.0, 0.0, 0.0, 0.0, 0.0, 0.0, 0.0, 0.0, 0.0, 0.0, 0.0, 0.0, 0.0, 0.0, 0.0, 0.0, 0.0, 0.0, 0.0, 0.0, 0.0, 0.0, 0.0, 0.0, 0.0, 0.0, 0.0, 0.0, 0.0, 0.0, 0.0, 0.0, 0.0, 0.0, 0.0, 0.0, 0.0, 0.0, 0.0, 0.0, 0.0, 0.0, 0.0, 0.0, 0.0, 0.0, 0.0, 0.0, 0.0, 0.0, 0.0, 0.0, 0.0, 0.0, 0.0, 0.0, 0.0, 0.0, 0.0, 0.0, 0.0, 0.0, 0.0, 0.0, 0.0, 0.0, 0.0, 0.0, 0.0, 0.0, 0.0, 0.0, 0.0, 0.0, 0.0, 0.0, 0.0, 0.0, 0.0, 0.0, 0.0, 0.0, 0.0, 0.0, 0.0, 0.0, 0.0, 0.0, 0.0, 0.0, 0.0, 0.0, 0.0, 0.0, 0.0, 0.0, 0.0, 0.0, 0.0, 0.0, 0.0, 0.0, 0.0, 0.0, 0.0, 0.0, 0.0, 0.0, 0.0, 0.0, 0.0, 0.0, 0.0, 0.0, 0.0, 0.0, 0.0, 0.0, 0.0, 0.0, 0.0, 0.0, 0.0, 0.0, 0.0, 0.0, 0.0, 0.0, 0.0, 0.0, 0.0, 0.0, 0.0, 0.0, 0.0, 0.0, 0.0, 0.0, 0.0, 0.0, 0.0, 0.0, 0.0, 0.0, 0.0, 0.0, 0.0, 0.0, 0.0, 0.0, 0.0, 0.0, 0.0, 0.0, 0.0, 0.0, 0.0, 0.0, 0.0, 0.0, 0.0, 0.0, 0.0, 0.0, 0.0, 0.0, 0.0, 0.0, 0.0, 0.0, 0.0, 0.0, 0.0, 0.0, 0.0, 0.0, 0.0, 0.0, 0.0, 0.0, 0.0, 0.0, 0.0, 0.0, 0.0, 0.0, 0.0, 0.0, 0.0, 0.0, 0.0, 0.0, 0.0, 0.0, 0.0, 0.0, 0.0, 0.0, 0.0, 0.0, 0.0, 0.0, 0.0, 0.0, 0.0, 0.0, 0.0, 0.0, 0.0, 0.0, 0.0, 0.0, 0.0, 0.0, 0.0, 0.0, 0.0, 0.0, 0.0, 0.0, 0.0, 0.0, 0.0, 0.0, 0.0, 0.0, 0.0, 0.0, 0.0, 0.0, 0.0, 0.0, 0.0, 0.0, 0.0, 0.0, 0.0, 0.0, 0.0, 0.0, 0.0, 0.0, 0.0, 0.0, 0.0, 0.0, 0.0, 0.0, 0.0, 0.0, 0.0, 0.0]",COMPLETE
