,number,value,datetime_start,datetime_complete,duration,params_batch_size_scaler,params_constant_learning_rate,params_depth,params_epochs,params_kernel_l2,params_num_trees,params_temperature,user_attrs_accuracy_test,user_attrs_accuracy_valid,user_attrs_approximate_feature_sparsity,user_attrs_approximate_feature_sparsity_history,user_attrs_approximate_weight_sparsity,user_attrs_approximate_weight_sparsity_history,user_attrs_auc_test,user_attrs_auc_valid,user_attrs_feature_sparsity,user_attrs_feature_sparsity_history,user_attrs_num_epochs,user_attrs_val_loss_history,user_attrs_weight_sparsity,user_attrs_weight_sparsity_history,state
66,66,0.9309811801986319,2024-08-31 03:23:07.165633,2024-08-31 03:26:48.160261,0 days 00:03:40.994628,1,0.027799442607897372,3,260,0.010964879863816147,75,0.03731297288597023,0.947,0.94625,33,"[33, 33, 33, 33, 33, 33, 33, 33, 33, 33, 33, 33, 33, 33, 33, 33, 33, 33, 33, 33, 33, 33, 33, 33, 33, 33, 33, 33, 33, 33, 33, 33, 33, 33, 33, 33, 33, 33, 33, 33, 33, 33, 33, 33, 33, 33, 33, 33, 33, 33, 33, 33, 33, 33, 33, 33, 33, 33, 33, 33, 33, 33, 33, 33, 33, 33, 33, 33, 33, 33, 33, 33, 33, 33, 33, 33, 33, 33, 33, 33, 33, 33, 33, 33, 33, 33, 33, 33, 33, 33, 33, 33, 33, 33, 33, 33, 33, 33, 33, 33, 33, 33, 33, 33, 33, 33, 33, 33, 33, 33, 33, 33, 33, 33, 33, 33, 33, 33, 33, 33, 33, 33, 33, 33, 33, 33, 33, 33, 33, 33, 33, 33, 33, 33, 33, 33, 33, 33, 33, 33, 33, 33, 33, 33, 33, 33, 33, 33, 33, 33, 33, 33, 33, 33, 33, 33, 33, 33, 33, 33, 33, 33, 33, 33, 33, 33, 33, 33, 33, 33, 33, 33, 33, 33, 33, 33, 33, 33, 33, 33, 33, 33, 33, 33, 33, 33, 33, 33, 33, 33, 33, 33, 33, 33, 33, 33, 33, 33, 33, 33, 33, 33, 33, 33, 33, 33, 33, 33, 33, 33, 33, 33, 33, 33, 33, 33, 33, 33, 33, 33, 33, 33, 33, 33, 33, 33, 33, 33, 33, 33, 33, 33, 33, 33, 33, 33, 33, 33, 33, 33, 33, 33, 33, 33, 33, 33, 33, 33, 33, 33, 33, 33, 33, 33, 33, 33, 33, 33, 33, 33]",32.95809523809524,"[32.96380952380952, 32.967619047619046, 32.96952380952381, 32.9752380952381, 32.9752380952381, 32.97714285714285, 32.97714285714286, 32.967619047619046, 32.98285714285714, 32.95428571428572, 32.96952380952381, 32.97142857142857, 32.95809523809524, 32.948571428571434, 32.95809523809524, 32.96380952380952, 32.97904761904762, 32.95619047619048, 32.96380952380952, 32.97904761904762, 32.97904761904762, 32.9847619047619, 32.9847619047619, 32.967619047619046, 32.97904761904762, 32.9752380952381, 32.9847619047619, 32.9752380952381, 32.965714285714284, 32.96190476190476, 32.96380952380952, 32.97904761904762, 32.973333333333336, 32.97142857142857, 32.9752380952381, 32.98285714285714, 32.98095238095238, 32.986666666666665, 32.971428571428575, 32.9752380952381, 32.9752380952381, 32.98095238095238, 32.97333333333333, 32.971428571428575, 32.96952380952381, 32.965714285714284, 32.967619047619046, 32.965714285714284, 32.965714285714284, 32.965714285714284, 32.96380952380952, 32.96380952380952, 32.97714285714286, 32.98095238095238, 32.9752380952381, 32.973333333333336, 32.96952380952381, 32.97333333333333, 32.97142857142857, 32.98285714285714, 32.967619047619046, 32.96380952380952, 32.967619047619046, 32.965714285714284, 32.95428571428571, 32.946666666666665, 32.950476190476195, 32.95428571428572, 32.97142857142857, 32.9752380952381, 32.9752380952381, 32.97333333333333, 32.96380952380952, 32.98095238095238, 32.97714285714286, 32.97333333333333, 32.973333333333336, 32.973333333333336, 32.96952380952381, 32.973333333333336, 32.967619047619046, 32.967619047619046, 32.97523809523809, 32.96190476190476, 32.965714285714284, 32.965714285714284, 32.97333333333333, 32.97333333333333, 32.971428571428575, 32.9752380952381, 32.97142857142857, 32.9847619047619, 32.96952380952381, 32.96952380952381, 32.967619047619046, 32.97142857142857, 32.967619047619046, 32.969523809523814, 32.98095238095238, 32.9752380952381, 32.9752380952381, 32.96, 32.96761904761905, 32.965714285714284, 32.965714285714284, 32.96190476190476, 32.965714285714284, 32.965714285714284, 32.971428571428575, 32.95809523809524, 32.971428571428575, 32.96952380952381, 32.965714285714284, 32.97714285714285, 32.96380952380953, 32.97333333333333, 32.97714285714285, 32.967619047619046, 32.965714285714284, 32.95809523809524, 32.96952380952381, 32.967619047619046, 32.97714285714285, 32.97714285714286, 32.9752380952381, 32.96952380952381, 32.98095238095238, 32.97714285714286, 32.986666666666665, 32.98285714285714, 32.98285714285714, 32.971428571428575, 32.98285714285714, 32.96952380952381, 32.973333333333336, 32.967619047619046, 32.965714285714284, 32.969523809523814, 32.97142857142857, 32.95428571428572, 32.95809523809524, 32.95809523809524, 32.96190476190476, 32.965714285714284, 32.96, 32.95809523809524, 32.965714285714284, 32.95619047619048, 32.965714285714284, 32.96380952380952, 32.96952380952381, 32.96380952380952, 32.9752380952381, 32.971428571428575, 32.971428571428575, 32.967619047619046, 32.96952380952381, 32.96761904761905, 32.967619047619046, 32.97714285714286, 32.96952380952381, 32.97714285714286, 32.96380952380952, 32.96190476190476, 32.95428571428572, 32.96190476190476, 32.967619047619046, 32.96380952380952, 32.96190476190476, 32.96380952380952, 32.95619047619048, 32.965714285714284, 32.971428571428575, 32.96380952380952, 32.973333333333336, 32.96952380952381, 32.965714285714284, 32.96952380952381, 32.96761904761905, 32.967619047619046, 32.9752380952381, 32.96761904761905, 32.965714285714284, 32.96380952380952, 32.97333333333333, 32.9752380952381, 32.97904761904762, 32.98285714285714, 32.9847619047619, 32.97904761904762, 32.97714285714286, 32.971428571428575, 32.967619047619046, 32.97714285714286, 32.971428571428575, 32.9752380952381, 32.971428571428575, 32.971428571428575, 32.96190476190476, 32.965714285714284, 32.97714285714286, 32.96952380952381, 32.965714285714284, 32.95809523809524, 32.965714285714284, 32.96952380952381, 32.96952380952381, 32.9752380952381, 32.97904761904762, 32.973333333333336, 32.9752380952381, 32.9752380952381, 32.973333333333336, 32.97904761904762, 32.98285714285714, 32.967619047619046, 32.9752380952381, 32.9752380952381, 32.97904761904762, 32.97714285714286, 32.967619047619046, 32.971428571428575, 32.971428571428575, 32.9752380952381, 32.97904761904762, 32.97142857142857, 32.97904761904762, 32.9752380952381, 32.9752380952381, 32.96380952380952, 32.96, 32.965714285714284, 32.967619047619046, 32.965714285714284, 32.96, 32.967619047619046, 32.96190476190476, 32.965714285714284, 32.967619047619046, 32.96380952380952, 32.95238095238095, 32.96, 32.96190476190476, 32.96952380952381, 32.96190476190476, 32.95809523809524, 32.95619047619048, 32.94857142857143, 32.95619047619048, 32.95428571428572, 32.96190476190476, 32.95809523809524, 32.96, 32.96380952380952, 32.95809523809524, 32.94857142857143, 32.95619047619048, 32.95619047619048, 32.950476190476195, 32.95809523809524]",0.9130937342613462,0.9309811801986319,33,"[33, 33, 33, 33, 33, 33, 33, 33, 33, 33, 33, 33, 33, 33, 33, 33, 33, 33, 33, 33, 33, 33, 33, 33, 33, 33, 33, 33, 33, 33, 33, 33, 33, 33, 33, 33, 33, 33, 33, 33, 33, 33, 33, 33, 33, 33, 33, 33, 33, 33, 33, 33, 33, 33, 33, 33, 33, 33, 33, 33, 33, 33, 33, 33, 33, 33, 33, 33, 33, 33, 33, 33, 33, 33, 33, 33, 33, 33, 33, 33, 33, 33, 33, 33, 33, 33, 33, 33, 33, 33, 33, 33, 33, 33, 33, 33, 33, 33, 33, 33, 33, 33, 33, 33, 33, 33, 33, 33, 33, 33, 33, 33, 33, 33, 33, 33, 33, 33, 33, 33, 33, 33, 33, 33, 33, 33, 33, 33, 33, 33, 33, 33, 33, 33, 33, 33, 33, 33, 33, 33, 33, 33, 33, 33, 33, 33, 33, 33, 33, 33, 33, 33, 33, 33, 33, 33, 33, 33, 33, 33, 33, 33, 33, 33, 33, 33, 33, 33, 33, 33, 33, 33, 33, 33, 33, 33, 33, 33, 33, 33, 33, 33, 33, 33, 33, 33, 33, 33, 33, 33, 33, 33, 33, 33, 33, 33, 33, 33, 33, 33, 33, 33, 33, 33, 33, 33, 33, 33, 33, 33, 33, 33, 33, 33, 33, 33, 33, 33, 33, 33, 33, 33, 33, 33, 33, 33, 33, 33, 33, 33, 33, 33, 33, 33, 33, 33, 33, 33, 33, 33, 33, 33, 33, 33, 33, 33, 33, 33, 33, 33, 33, 33, 33, 33, 33, 33, 33, 33, 33, 33]",260,"[0.3843570649623871, 0.373718798160553, 0.3680751919746399, 0.36398741602897644, 0.3605579435825348, 0.3578319251537323, 0.3551692068576813, 0.3517519235610962, 0.3493548333644867, 0.3468622863292694, 0.34376755356788635, 0.3441941738128662, 0.3383730947971344, 0.33651724457740784, 0.33334028720855713, 0.33074450492858887, 0.32827284932136536, 0.3253187835216522, 0.32294410467147827, 0.3207768499851227, 0.3173840045928955, 0.31554263830184937, 0.31381091475486755, 0.30968621373176575, 0.3068833649158478, 0.3055587410926819, 0.3009875416755676, 0.2982657551765442, 0.2951180338859558, 0.29259878396987915, 0.2885454595088959, 0.2883785367012024, 0.28274860978126526, 0.27923205494880676, 0.2768767476081848, 0.27396899461746216, 0.2705462574958801, 0.26860833168029785, 0.2659762501716614, 0.2636975646018982, 0.2631987929344177, 0.26045748591423035, 0.2581021785736084, 0.256147563457489, 0.25694146752357483, 0.25306305289268494, 0.253823846578598, 0.24982595443725586, 0.24844415485858917, 0.24803295731544495, 0.24626727402210236, 0.24406005442142487, 0.2434357851743698, 0.24475792050361633, 0.24329616129398346, 0.24020026624202728, 0.23978905379772186, 0.23682063817977905, 0.23553873598575592, 0.23583711683750153, 0.23430907726287842, 0.2339259684085846, 0.23269034922122955, 0.23081250488758087, 0.23049619793891907, 0.22901073098182678, 0.23395662009716034, 0.2272213101387024, 0.22622665762901306, 0.22670935094356537, 0.22482933104038239, 0.22645576298236847, 0.2232668548822403, 0.2223312258720398, 0.22162176668643951, 0.22040680050849915, 0.22143225371837616, 0.21907928586006165, 0.21794095635414124, 0.2179085910320282, 0.2167474329471588, 0.21972320973873138, 0.21614980697631836, 0.21497657895088196, 0.21396341919898987, 0.21337714791297913, 0.21311955153942108, 0.2119934856891632, 0.2142195850610733, 0.2172529548406601, 0.21012012660503387, 0.21163450181484222, 0.2093922644853592, 0.20930400490760803, 0.20857375860214233, 0.20776048302650452, 0.2075229287147522, 0.20865708589553833, 0.2061937004327774, 0.20760221779346466, 0.20727622509002686, 0.20618969202041626, 0.20468586683273315, 0.20508819818496704, 0.20672005414962769, 0.20538654923439026, 0.2030639499425888, 0.20131279528141022, 0.20179644227027893, 0.2049001306295395, 0.20221002399921417, 0.20367306470870972, 0.20254579186439514, 0.20109280943870544, 0.2007950395345688, 0.1999480128288269, 0.1998661458492279, 0.2018701732158661, 0.2050172984600067, 0.20210184156894684, 0.2005096822977066, 0.2002938985824585, 0.19780738651752472, 0.1984299272298813, 0.19809171557426453, 0.19749796390533447, 0.19871369004249573, 0.19903673231601715, 0.19876670837402344, 0.20110780000686646, 0.1991061419248581, 0.19664712250232697, 0.19560246169567108, 0.19732320308685303, 0.2001267969608307, 0.19497182965278625, 0.19510585069656372, 0.1946495771408081, 0.19505077600479126, 0.19591088593006134, 0.19825822114944458, 0.19446726143360138, 0.1972171813249588, 0.19600257277488708, 0.19392478466033936, 0.19696326553821564, 0.19513732194900513, 0.19736498594284058, 0.19420553743839264, 0.19287608563899994, 0.19626036286354065, 0.20040416717529297, 0.1925538182258606, 0.1914171278476715, 0.19307340681552887, 0.19383534789085388, 0.19230036437511444, 0.19347906112670898, 0.19386692345142365, 0.19259978830814362, 0.19175752997398376, 0.19184482097625732, 0.1922525018453598, 0.19515448808670044, 0.19251985847949982, 0.19288305938243866, 0.18875712156295776, 0.18985334038734436, 0.19005641341209412, 0.1912209391593933, 0.19293838739395142, 0.19029459357261658, 0.19040212035179138, 0.19219976663589478, 0.19007037580013275, 0.18794983625411987, 0.18799500167369843, 0.18797580897808075, 0.19276264309883118, 0.19104236364364624, 0.1884518563747406, 0.18823127448558807, 0.18737949430942535, 0.18783678114414215, 0.18861736357212067, 0.1888921856880188, 0.1881757527589798, 0.1874512881040573, 0.19094401597976685, 0.19054998457431793, 0.18845927715301514, 0.18621015548706055, 0.1861739307641983, 0.18428725004196167, 0.18979915976524353, 0.18675491213798523, 0.1881609559059143, 0.18640516698360443, 0.18673919141292572, 0.18793030083179474, 0.18632616102695465, 0.1917954385280609, 0.1847103238105774, 0.1839296668767929, 0.18353816866874695, 0.18530340492725372, 0.18599127233028412, 0.18470647931098938, 0.18365171551704407, 0.18831580877304077, 0.18439796566963196, 0.18942390382289886, 0.1820652335882187, 0.1843155324459076, 0.18380118906497955, 0.1848141998052597, 0.1836608648300171, 0.18369336426258087, 0.18205806612968445, 0.18495044112205505, 0.18197645246982574, 0.18143543601036072, 0.1809510439634323, 0.18380531668663025, 0.1847914159297943, 0.1894265115261078, 0.18087531626224518, 0.18246035277843475, 0.1847299337387085, 0.18453353643417358, 0.1833505779504776, 0.18088924884796143, 0.18085989356040955, 0.18199710547924042, 0.18141359090805054, 0.18053382635116577, 0.1805669069290161, 0.18157674372196198, 0.18451105058193207, 0.18350757658481598, 0.18045254051685333, 0.1803053468465805, 0.18020491302013397, 0.18096183240413666, 0.1818346232175827, 0.1802038997411728, 0.1776992827653885, 0.18334679305553436, 0.17886269092559814, 0.17988619208335876, 0.17959418892860413, 0.1797364056110382, 0.17961612343788147, 0.17921949923038483, 0.18205806612968445, 0.17870962619781494, 0.17765027284622192, 0.17762728035449982, 0.17758098244667053, 0.17774923145771027]",33.0,"[33.0, 33.0, 33.0, 33.0, 33.0, 33.0, 33.0, 33.0, 33.0, 33.0, 33.0, 33.0, 33.0, 33.0, 33.0, 33.0, 33.0, 33.0, 33.0, 33.0, 33.0, 33.0, 33.0, 33.0, 33.0, 33.0, 33.0, 33.0, 33.0, 33.0, 33.0, 33.0, 33.0, 33.0, 33.0, 33.0, 33.0, 33.0, 33.0, 33.0, 33.0, 33.0, 33.0, 33.0, 33.0, 33.0, 33.0, 33.0, 33.0, 33.0, 33.0, 33.0, 33.0, 33.0, 33.0, 33.0, 33.0, 33.0, 33.0, 33.0, 33.0, 33.0, 33.0, 33.0, 33.0, 33.0, 33.0, 33.0, 33.0, 33.0, 33.0, 33.0, 33.0, 33.0, 33.0, 33.0, 33.0, 33.0, 33.0, 33.0, 33.0, 33.0, 33.0, 33.0, 33.0, 33.0, 33.0, 33.0, 33.0, 33.0, 33.0, 33.0, 33.0, 33.0, 33.0, 33.0, 33.0, 33.0, 33.0, 33.0, 33.0, 33.0, 33.0, 33.0, 33.0, 33.0, 33.0, 33.0, 33.0, 33.0, 33.0, 33.0, 33.0, 33.0, 33.0, 33.0, 33.0, 33.0, 33.0, 33.0, 33.0, 33.0, 33.0, 33.0, 33.0, 33.0, 33.0, 33.0, 33.0, 33.0, 33.0, 33.0, 33.0, 33.0, 33.0, 33.0, 33.0, 33.0, 33.0, 33.0, 33.0, 33.0, 33.0, 33.0, 33.0, 33.0, 33.0, 33.0, 33.0, 33.0, 33.0, 33.0, 33.0, 33.0, 33.0, 33.0, 33.0, 33.0, 33.0, 33.0, 33.0, 33.0, 33.0, 33.0, 33.0, 33.0, 33.0, 33.0, 33.0, 33.0, 33.0, 33.0, 33.0, 33.0, 33.0, 33.0, 33.0, 33.0, 33.0, 33.0, 33.0, 33.0, 33.0, 33.0, 33.0, 33.0, 33.0, 33.0, 33.0, 33.0, 33.0, 33.0, 33.0, 33.0, 33.0, 33.0, 33.0, 33.0, 33.0, 33.0, 33.0, 33.0, 33.0, 33.0, 33.0, 33.0, 33.0, 33.0, 33.0, 33.0, 33.0, 33.0, 33.0, 33.0, 33.0, 33.0, 33.0, 33.0, 33.0, 33.0, 33.0, 33.0, 33.0, 33.0, 33.0, 33.0, 33.0, 33.0, 33.0, 33.0, 33.0, 33.0, 33.0, 33.0, 33.0, 33.0, 33.0, 33.0, 33.0, 33.0, 33.0, 33.0, 33.0, 33.0, 33.0, 33.0, 33.0, 33.0, 33.0, 33.0, 33.0, 33.0, 33.0, 33.0, 33.0, 33.0, 33.0, 33.0, 33.0, 33.0]",COMPLETE
