,number,value,datetime_start,datetime_complete,duration,params_batch_size_scaler,params_constant_learning_rate,params_depth,params_epochs,params_kernel_l2,params_num_trees,params_temperature,user_attrs_accuracy_test,user_attrs_accuracy_valid,user_attrs_approximate_feature_sparsity,user_attrs_approximate_feature_sparsity_history,user_attrs_approximate_weight_sparsity,user_attrs_approximate_weight_sparsity_history,user_attrs_auc_test,user_attrs_auc_valid,user_attrs_feature_sparsity,user_attrs_feature_sparsity_history,user_attrs_num_epochs,user_attrs_val_loss_history,user_attrs_weight_sparsity,user_attrs_weight_sparsity_history,state
130,130,0.7953459313933866,2024-08-31 06:39:00.492637,2024-08-31 06:40:07.581177,0 days 00:01:07.088540,16,0.360189761057414,4,370,0.001980793124623123,18,0.02493438770016789,0.877,0.87,3,"[33, 33, 33, 32, 24, 12, 6, 3, 3, 3, 3, 3, 3, 3, 3, 3, 3, 3, 3, 3, 3, 3, 3, 3, 3, 3, 3, 3, 3, 3, 3, 3, 3, 3, 3, 3, 3, 3, 3, 3, 3, 3, 3, 3, 3, 3, 3, 3, 3, 3, 3, 3, 3, 3, 3, 3, 3, 3, 3, 3, 3, 3, 3, 3, 3, 3, 3, 3, 3, 3, 3, 3, 3, 3, 3, 3, 3, 3, 3, 3, 3, 3, 3, 3, 3, 3, 3, 3, 3, 3, 3, 3, 3, 3, 3, 3, 3, 3, 3, 3, 3, 3, 3, 3, 3, 3, 3, 3, 3, 3, 3, 3, 3, 3, 3, 3, 3, 3, 3, 3, 3, 3, 3, 3, 3, 3, 3, 3, 3, 3, 3, 3, 3, 3, 3, 3, 3, 3, 3, 3, 3, 3, 3, 3, 3, 3, 3, 3, 3, 3, 3, 3, 3, 3, 3, 3, 3, 3, 3, 3, 3, 3, 3, 3, 3, 3, 3, 3, 3, 3, 3, 3, 3, 3, 3, 3, 3, 3, 3, 3, 3, 3, 3, 3, 3, 3, 3, 3, 3, 3, 3, 3, 3, 3, 3, 3, 3, 3, 3, 3, 3, 3, 3, 3, 3, 3, 3, 3, 3, 3, 3, 3, 3, 3, 3, 3, 3, 3, 3, 3, 3, 3, 3, 3, 3, 3, 3, 3, 3, 3, 3, 3, 3, 3, 3, 3, 3, 3, 3, 3, 3, 3, 3, 3, 3, 3, 3, 3, 3, 3, 3, 3, 3, 3, 3, 3, 3, 3, 3, 3, 3, 3, 3, 3, 3, 3, 3, 3, 3, 3, 3, 3, 3, 3, 3, 3, 3, 3, 3, 3, 3, 3, 3, 3, 3, 3, 3, 3, 3, 3, 3, 3, 3, 3, 3, 3, 3, 3, 3, 3, 3, 3, 3, 3, 3, 3, 3, 3, 3, 3, 3, 3, 3, 3, 3, 3, 3, 3, 3, 3, 3, 3, 3, 3, 3, 3, 3, 3, 3, 3, 3, 3, 3, 3, 3, 3, 3, 3, 3, 3, 3, 3, 3, 3, 3, 3, 3, 3, 3, 3, 3, 3, 3, 3, 3, 3, 3, 3, 3, 3, 3, 3, 3, 3, 3, 3, 3, 3, 3, 3]",3.0,"[32.99629629629629, 32.97037037037037, 32.98148148148148, 31.974074074074075, 23.985185185185188, 11.992592592592594, 5.992592592592593, 2.9962962962962965, 2.9962962962962965, 3.0, 3.0, 3.0, 3.0, 3.0, 3.0, 2.9925925925925925, 2.992592592592593, 2.9962962962962965, 2.9962962962962965, 3.0, 2.992592592592593, 3.0, 3.0, 3.0, 2.9962962962962965, 2.9925925925925925, 2.9962962962962965, 2.9962962962962965, 3.0, 3.0, 2.9962962962962965, 3.0, 2.9962962962962965, 3.0, 2.9962962962962965, 3.0, 2.9962962962962965, 3.0, 3.0, 3.0, 3.0, 2.9962962962962965, 2.9962962962962965, 3.0, 3.0, 2.9962962962962965, 3.0, 3.0, 3.0, 3.0, 3.0, 3.0, 3.0, 2.992592592592593, 3.0, 3.0, 2.9962962962962965, 2.9962962962962965, 2.9962962962962965, 2.9962962962962965, 2.9962962962962965, 2.992592592592593, 3.0, 3.0, 3.0, 3.0, 3.0, 3.0, 3.0, 3.0, 3.0, 3.0, 3.0, 2.9962962962962965, 3.0, 3.0, 3.0, 3.0, 3.0, 3.0, 2.988888888888889, 2.9962962962962965, 2.988888888888889, 2.988888888888889, 2.992592592592593, 2.9962962962962965, 2.9962962962962965, 2.9962962962962965, 2.9962962962962965, 3.0, 2.9962962962962965, 3.0, 3.0, 3.0, 3.0, 3.0, 3.0, 3.0, 3.0, 3.0, 2.9962962962962965, 3.0, 3.0, 3.0, 3.0, 3.0, 3.0, 3.0, 3.0, 3.0, 2.9962962962962965, 2.9962962962962965, 3.0, 3.0, 2.9962962962962965, 2.9962962962962965, 2.9962962962962965, 2.992592592592593, 2.9962962962962965, 2.992592592592593, 2.9962962962962965, 3.0, 2.9962962962962965, 3.0, 2.9962962962962965, 2.9962962962962965, 2.9962962962962965, 2.9962962962962965, 3.0, 3.0, 3.0, 3.0, 2.9962962962962965, 2.9962962962962965, 3.0, 3.0, 3.0, 3.0, 2.9962962962962965, 2.9962962962962965, 3.0, 3.0, 3.0, 3.0, 3.0, 3.0, 3.0, 3.0, 3.0, 2.9962962962962965, 3.0, 2.9962962962962965, 3.0, 3.0, 3.0, 3.0, 3.0, 3.0, 3.0, 3.0, 3.0, 3.0, 3.0, 3.0, 3.0, 3.0, 3.0, 3.0, 3.0, 3.0, 3.0, 3.0, 2.9962962962962965, 3.0, 3.0, 3.0, 3.0, 3.0, 3.0, 3.0, 3.0, 3.0, 2.9962962962962965, 2.992592592592593, 3.0, 2.9962962962962965, 3.0, 2.9925925925925925, 3.0, 3.0, 3.0, 2.9962962962962965, 3.0, 3.0, 3.0, 3.0, 3.0, 3.0, 2.9962962962962965, 3.0, 2.9962962962962965, 3.0, 3.0, 2.9962962962962965, 2.9962962962962965, 3.0, 3.0, 2.9962962962962965, 3.0, 3.0, 3.0, 3.0, 3.0, 3.0, 3.0, 3.0, 2.9962962962962965, 3.0, 3.0, 2.9962962962962965, 3.0, 3.0, 3.0, 3.0, 3.0, 3.0, 2.9962962962962965, 2.9962962962962965, 2.9962962962962965, 2.9962962962962965, 2.9962962962962965, 2.9962962962962965, 2.9962962962962965, 2.9925925925925925, 2.9925925925925925, 2.9925925925925925, 2.9962962962962965, 3.0, 3.0, 2.9962962962962965, 2.9962962962962965, 2.9962962962962965, 3.0, 2.9962962962962965, 3.0, 3.0, 3.0, 2.9925925925925925, 2.9925925925925925, 2.9925925925925925, 2.9962962962962965, 2.9925925925925925, 2.9962962962962965, 2.992592592592593, 3.0, 3.0, 2.9962962962962965, 3.0, 3.0, 3.0, 3.0, 3.0, 3.0, 3.0, 3.0, 3.0, 3.0, 3.0, 3.0, 3.0, 3.0, 3.0, 3.0, 3.0, 3.0, 3.0, 3.0, 3.0, 3.0, 3.0, 3.0, 3.0, 3.0, 3.0, 3.0, 3.0, 3.0, 3.0, 3.0, 3.0, 3.0, 3.0, 2.9962962962962965, 3.0, 3.0, 3.0, 3.0, 3.0, 3.0, 3.0, 3.0, 3.0, 3.0, 3.0, 3.0, 3.0, 3.0, 3.0, 3.0, 3.0, 3.0, 3.0, 3.0, 3.0, 3.0, 2.9962962962962965, 2.9962962962962965, 3.0, 2.9962962962962965, 3.0, 3.0, 2.9962962962962965, 2.992592592592593, 2.9962962962962965, 2.992592592592593, 2.992592592592593, 3.0, 2.9925925925925925, 2.992592592592593, 2.9962962962962965, 2.9962962962962965, 3.0, 2.9962962962962965, 3.0, 2.9962962962962965, 3.0, 3.0, 3.0, 2.9962962962962965, 2.9962962962962965, 3.0, 2.9925925925925925, 2.9962962962962965, 3.0, 2.9962962962962965, 3.0, 3.0, 2.9962962962962965, 2.9962962962962965, 3.0, 2.9962962962962965, 2.9962962962962965, 2.9962962962962965, 3.0, 3.0, 2.9962962962962965, 3.0, 2.9962962962962965, 3.0, 2.9962962962962965, 3.0, 3.0, 2.9962962962962965, 2.9962962962962965, 2.9962962962962965, 2.9962962962962965, 2.992592592592593, 2.9962962962962965, 2.992592592592593, 3.0]",0.8069419331401348,0.7953459313933866,3,"[33, 33, 33, 32, 24, 12, 6, 3, 3, 3, 3, 3, 3, 3, 3, 3, 3, 3, 3, 3, 3, 3, 3, 3, 3, 3, 3, 3, 3, 3, 3, 3, 3, 3, 3, 3, 3, 3, 3, 3, 3, 3, 3, 3, 3, 3, 3, 3, 3, 3, 3, 3, 3, 3, 3, 3, 3, 3, 3, 3, 3, 3, 3, 3, 3, 3, 3, 3, 3, 3, 3, 3, 3, 3, 3, 3, 3, 3, 3, 3, 3, 3, 3, 3, 3, 3, 3, 3, 3, 3, 3, 3, 3, 3, 3, 3, 3, 3, 3, 3, 3, 3, 3, 3, 3, 3, 3, 3, 3, 3, 3, 3, 3, 3, 3, 3, 3, 3, 3, 3, 3, 3, 3, 3, 3, 3, 3, 3, 3, 3, 3, 3, 3, 3, 3, 3, 3, 3, 3, 3, 3, 3, 3, 3, 3, 3, 3, 3, 3, 3, 3, 3, 3, 3, 3, 3, 3, 3, 3, 3, 3, 3, 3, 3, 3, 3, 3, 3, 3, 3, 3, 3, 3, 3, 3, 3, 3, 3, 3, 3, 3, 3, 3, 3, 3, 3, 3, 3, 3, 3, 3, 3, 3, 3, 3, 3, 3, 3, 3, 3, 3, 3, 3, 3, 3, 3, 3, 3, 3, 3, 3, 3, 3, 3, 3, 3, 3, 3, 3, 3, 3, 3, 3, 3, 3, 3, 3, 3, 3, 3, 3, 3, 3, 3, 3, 3, 3, 3, 3, 3, 3, 3, 3, 3, 3, 3, 3, 3, 3, 3, 3, 3, 3, 3, 3, 3, 3, 3, 3, 3, 3, 3, 3, 3, 3, 3, 3, 3, 3, 3, 3, 3, 3, 3, 3, 3, 3, 3, 3, 3, 3, 3, 3, 3, 3, 3, 3, 3, 3, 3, 3, 3, 3, 3, 3, 3, 3, 3, 3, 3, 3, 3, 3, 3, 3, 3, 3, 3, 3, 3, 3, 3, 3, 3, 3, 3, 3, 3, 3, 3, 3, 3, 3, 3, 3, 3, 3, 3, 3, 3, 3, 3, 3, 3, 3, 3, 3, 3, 3, 3, 3, 3, 3, 3, 3, 3, 3, 3, 3, 3, 3, 3, 3, 3, 3, 3, 3, 3, 3, 3, 3, 3, 3, 3, 3, 3, 3, 3, 3, 3]",370,"[0.3958413302898407, 0.3844286799430847, 0.37913307547569275, 0.3745119869709015, 0.37452059984207153, 0.37430134415626526, 0.37967434525489807, 0.38211044669151306, 0.380998432636261, 0.3799939751625061, 0.3790184259414673, 0.37802326679229736, 0.3770744204521179, 0.3760635256767273, 0.375283807516098, 0.3741321265697479, 0.37312793731689453, 0.37236160039901733, 0.37116217613220215, 0.3701816201210022, 0.36914193630218506, 0.36814457178115845, 0.3670872151851654, 0.366034597158432, 0.36499926447868347, 0.36396467685699463, 0.3628520667552948, 0.36182713508605957, 0.3607165515422821, 0.35976508259773254, 0.35859620571136475, 0.3575916290283203, 0.356583833694458, 0.3556364178657532, 0.3549615740776062, 0.35377541184425354, 0.3528481423854828, 0.3519658148288727, 0.35095107555389404, 0.35010287165641785, 0.3494093418121338, 0.34852996468544006, 0.34760788083076477, 0.34687381982803345, 0.34625303745269775, 0.34558749198913574, 0.34493324160575867, 0.3446023166179657, 0.3438360095024109, 0.34333083033561707, 0.342772901058197, 0.34226739406585693, 0.34178248047828674, 0.3413460850715637, 0.3409467041492462, 0.34062984585762024, 0.3403316140174866, 0.3399723470211029, 0.3398580253124237, 0.3393462300300598, 0.33903786540031433, 0.3386736810207367, 0.3384559750556946, 0.3381618559360504, 0.33795052766799927, 0.3377641439437866, 0.33755993843078613, 0.337472528219223, 0.33729761838912964, 0.3370794355869293, 0.3368713855743408, 0.3365454077720642, 0.3365119695663452, 0.3364431858062744, 0.3362950384616852, 0.33619022369384766, 0.33609864115715027, 0.3359009027481079, 0.33577224612236023, 0.3358158469200134, 0.33578261733055115, 0.3355867862701416, 0.33560657501220703, 0.33539319038391113, 0.33542266488075256, 0.33540356159210205, 0.33528026938438416, 0.33517029881477356, 0.335182785987854, 0.3351799249649048, 0.3351427912712097, 0.3351493179798126, 0.3349457085132599, 0.33475688099861145, 0.33476942777633667, 0.33470022678375244, 0.3348298966884613, 0.33467745780944824, 0.33456090092658997, 0.33462288975715637, 0.33453917503356934, 0.3346100151538849, 0.3345780074596405, 0.3345421850681305, 0.3344937860965729, 0.33436310291290283, 0.3343479633331299, 0.33416634798049927, 0.33425211906433105, 0.3343639075756073, 0.3341710567474365, 0.3341021239757538, 0.3339719772338867, 0.3343147337436676, 0.3339252471923828, 0.3338802456855774, 0.33382683992385864, 0.33378151059150696, 0.3337939381599426, 0.33364808559417725, 0.333751916885376, 0.3337329030036926, 0.3338170349597931, 0.33381354808807373, 0.3338748812675476, 0.3335973620414734, 0.33379825949668884, 0.3337102234363556, 0.3337133526802063, 0.3335627019405365, 0.33357322216033936, 0.33349981904029846, 0.3334778845310211, 0.33347323536872864, 0.3334234654903412, 0.3334400951862335, 0.3333587944507599, 0.3335188031196594, 0.33335086703300476, 0.3332403600215912, 0.3332657516002655, 0.33320507407188416, 0.33317282795906067, 0.3331999182701111, 0.33331313729286194, 0.33325865864753723, 0.33296316862106323, 0.33312365412712097, 0.33299100399017334, 0.3328739404678345, 0.33297404646873474, 0.3329371511936188, 0.332947313785553, 0.33295151591300964, 0.3333221673965454, 0.33291545510292053, 0.3328437805175781, 0.332779198884964, 0.3329063653945923, 0.33289340138435364, 0.33276015520095825, 0.33285021781921387, 0.3328285217285156, 0.33282631635665894, 0.33288657665252686, 0.33272847533226013, 0.33282727003097534, 0.33278778195381165, 0.3326355814933777, 0.3325425982475281, 0.3325745463371277, 0.3327411711215973, 0.3326818346977234, 0.33273234963417053, 0.33252543210983276, 0.3326716125011444, 0.33265480399131775, 0.3325890004634857, 0.3325387239456177, 0.33248937129974365, 0.33248040080070496, 0.33275070786476135, 0.3323921859264374, 0.3324345350265503, 0.33242732286453247, 0.33236995339393616, 0.3324402868747711, 0.3323908746242523, 0.33237388730049133, 0.33245840668678284, 0.3323095738887787, 0.3323919177055359, 0.33235540986061096, 0.33256834745407104, 0.332331120967865, 0.33221760392189026, 0.33232131600379944, 0.33239495754241943, 0.3323463797569275, 0.332373708486557, 0.33229225873947144, 0.33240294456481934, 0.33211567997932434, 0.3322213888168335, 0.33216214179992676, 0.3321065902709961, 0.33208760619163513, 0.3321930170059204, 0.33208319544792175, 0.3322191536426544, 0.3320552706718445, 0.33213916420936584, 0.33200183510780334, 0.33198216557502747, 0.33190426230430603, 0.33211055397987366, 0.3320315480232239, 0.332088440656662, 0.33193516731262207, 0.3319372534751892, 0.3322322368621826, 0.3320044279098511, 0.3319380283355713, 0.3319779634475708, 0.3319167196750641, 0.33195221424102783, 0.331943154335022, 0.3319317698478699, 0.3318631052970886, 0.3319990634918213, 0.33223435282707214, 0.3319508731365204, 0.3320164382457733, 0.33189257979393005, 0.3318633735179901, 0.331888347864151, 0.33189237117767334, 0.3319881856441498, 0.3320024609565735, 0.33192116022109985, 0.33191752433776855, 0.33180373907089233, 0.3318389654159546, 0.33187195658683777, 0.3320184648036957, 0.332069993019104, 0.3318856954574585, 0.33203601837158203, 0.33206677436828613, 0.3319440186023712, 0.3320730924606323, 0.3319881856441498, 0.33193686604499817, 0.33205172419548035, 0.3319401443004608, 0.3320508301258087, 0.3320072889328003, 0.3320544958114624, 0.331956684589386, 0.33209434151649475, 0.33184707164764404, 0.331882119178772, 0.33188396692276, 0.3319873511791229, 0.33179157972335815, 0.331883043050766, 0.3317447006702423, 0.3317323625087738, 0.33171597123146057, 0.3318055272102356, 0.3318358361721039, 0.33184006810188293, 0.3318901062011719, 0.3316803276538849, 0.33172664046287537, 0.33173203468322754, 0.3316830098628998, 0.33168113231658936, 0.3317789137363434, 0.3317355811595917, 0.3316611051559448, 0.33176055550575256, 0.33177727460861206, 0.33181434869766235, 0.33197224140167236, 0.3317818343639374, 0.3317109942436218, 0.3316100239753723, 0.3316035866737366, 0.3317284882068634, 0.3317660391330719, 0.33163654804229736, 0.3317037522792816, 0.33175739645957947, 0.3317655622959137, 0.33170589804649353, 0.33179450035095215, 0.3316493332386017, 0.3316204845905304, 0.3316018283367157, 0.33168503642082214, 0.33190545439720154, 0.3319307267665863, 0.3317496180534363, 0.33172160387039185, 0.3317432105541229, 0.3317435383796692, 0.3319483995437622, 0.33168184757232666, 0.33185648918151855, 0.331786185503006, 0.3317086100578308, 0.33172035217285156, 0.33161473274230957, 0.33164846897125244, 0.3317981958389282, 0.33170342445373535, 0.33166590332984924, 0.331531286239624, 0.33182013034820557, 0.33185073733329773, 0.3315815031528473, 0.33169856667518616, 0.3316633701324463, 0.33163782954216003, 0.3316032290458679, 0.33162906765937805, 0.3315710425376892, 0.3314828872680664, 0.33156394958496094, 0.331650972366333, 0.33191099762916565, 0.3316875100135803, 0.33170729875564575, 0.3316361606121063, 0.3317071199417114, 0.3316413462162018, 0.3316293954849243, 0.3315146565437317, 0.3315516710281372, 0.3316168487071991, 0.3317734897136688, 0.33169621229171753, 0.33168303966522217, 0.3315318822860718, 0.3315509855747223, 0.3315320611000061, 0.33156120777130127, 0.33142635226249695, 0.3314933776855469, 0.331460565328598, 0.33150923252105713, 0.3315109610557556, 0.3315316140651703, 0.33153945207595825, 0.3315567672252655, 0.3315669000148773, 0.33162161707878113, 0.33149826526641846, 0.3316251337528229, 0.33154988288879395, 0.33156058192253113, 0.3314584791660309, 0.33153632283210754, 0.33189114928245544, 0.3315049707889557, 0.33157840371131897, 0.3314967453479767, 0.331770122051239, 0.3317755162715912]",3.0,"[33.0, 33.0, 33.0, 32.0, 24.0, 12.0, 6.0, 3.0, 3.0, 3.0, 3.0, 3.0, 3.0, 3.0, 3.0, 3.0, 3.0, 3.0, 3.0, 3.0, 3.0, 3.0, 3.0, 3.0, 3.0, 3.0, 3.0, 3.0, 3.0, 3.0, 3.0, 3.0, 3.0, 3.0, 3.0, 3.0, 3.0, 3.0, 3.0, 3.0, 3.0, 3.0, 3.0, 3.0, 3.0, 3.0, 3.0, 3.0, 3.0, 3.0, 3.0, 3.0, 3.0, 3.0, 3.0, 3.0, 3.0, 3.0, 3.0, 3.0, 3.0, 3.0, 3.0, 3.0, 3.0, 3.0, 3.0, 3.0, 3.0, 3.0, 3.0, 3.0, 3.0, 3.0, 3.0, 3.0, 3.0, 3.0, 3.0, 3.0, 3.0, 3.0, 3.0, 3.0, 3.0, 3.0, 3.0, 3.0, 3.0, 3.0, 3.0, 3.0, 3.0, 3.0, 3.0, 3.0, 3.0, 3.0, 3.0, 3.0, 3.0, 3.0, 3.0, 3.0, 3.0, 3.0, 3.0, 3.0, 3.0, 3.0, 3.0, 3.0, 3.0, 3.0, 3.0, 3.0, 3.0, 3.0, 3.0, 3.0, 3.0, 3.0, 3.0, 3.0, 3.0, 3.0, 3.0, 3.0, 3.0, 3.0, 3.0, 3.0, 3.0, 3.0, 3.0, 3.0, 3.0, 3.0, 3.0, 3.0, 3.0, 3.0, 3.0, 3.0, 3.0, 3.0, 3.0, 3.0, 3.0, 3.0, 3.0, 3.0, 3.0, 3.0, 3.0, 3.0, 3.0, 3.0, 3.0, 3.0, 3.0, 3.0, 3.0, 3.0, 3.0, 3.0, 3.0, 3.0, 3.0, 3.0, 3.0, 3.0, 3.0, 3.0, 3.0, 3.0, 3.0, 3.0, 3.0, 3.0, 3.0, 3.0, 3.0, 3.0, 3.0, 3.0, 3.0, 3.0, 3.0, 3.0, 3.0, 3.0, 3.0, 3.0, 3.0, 3.0, 3.0, 3.0, 3.0, 3.0, 3.0, 3.0, 3.0, 3.0, 3.0, 3.0, 3.0, 3.0, 3.0, 3.0, 3.0, 3.0, 3.0, 3.0, 3.0, 3.0, 3.0, 3.0, 3.0, 3.0, 3.0, 3.0, 3.0, 3.0, 3.0, 3.0, 3.0, 3.0, 3.0, 3.0, 3.0, 3.0, 3.0, 3.0, 3.0, 3.0, 3.0, 3.0, 3.0, 3.0, 3.0, 3.0, 3.0, 3.0, 3.0, 3.0, 3.0, 3.0, 3.0, 3.0, 3.0, 3.0, 3.0, 3.0, 3.0, 3.0, 3.0, 3.0, 3.0, 3.0, 3.0, 3.0, 3.0, 3.0, 3.0, 3.0, 3.0, 3.0, 3.0, 3.0, 3.0, 3.0, 3.0, 3.0, 3.0, 3.0, 3.0, 3.0, 3.0, 3.0, 3.0, 3.0, 3.0, 3.0, 3.0, 3.0, 3.0, 3.0, 3.0, 3.0, 3.0, 3.0, 3.0, 3.0, 3.0, 3.0, 3.0, 3.0, 3.0, 3.0, 3.0, 3.0, 3.0, 3.0, 3.0, 3.0, 3.0, 3.0, 3.0, 3.0, 3.0, 3.0, 3.0, 3.0, 3.0, 3.0, 3.0, 3.0, 3.0, 3.0, 3.0, 3.0, 3.0, 3.0, 3.0, 3.0, 3.0, 3.0, 3.0, 3.0, 3.0, 3.0, 3.0, 3.0, 3.0, 3.0, 3.0, 3.0, 3.0, 3.0, 3.0, 3.0, 3.0, 3.0, 3.0, 3.0, 3.0, 3.0, 3.0, 3.0, 3.0, 3.0, 3.0, 3.0, 3.0, 3.0, 3.0, 3.0, 3.0, 3.0, 3.0, 3.0, 3.0, 3.0, 3.0, 3.0, 3.0, 3.0, 3.0, 3.0]",COMPLETE
