,number,value,datetime_start,datetime_complete,duration,params_batch_size_scaler,params_constant_learning_rate,params_depth,params_epochs,params_kernel_l2,params_num_trees,params_temperature,user_attrs_accuracy_test,user_attrs_accuracy_valid,user_attrs_approximate_feature_sparsity,user_attrs_approximate_feature_sparsity_history,user_attrs_approximate_weight_sparsity,user_attrs_approximate_weight_sparsity_history,user_attrs_auc_test,user_attrs_auc_valid,user_attrs_feature_sparsity,user_attrs_feature_sparsity_history,user_attrs_num_epochs,user_attrs_val_loss_history,user_attrs_weight_sparsity,user_attrs_weight_sparsity_history,state
35,35,0.822429184217645,2024-08-31 02:09:20.917659,2024-08-31 02:10:04.661032,0 days 00:00:43.743373,64,0.059178241175179606,2,385,0.009186100827325093,86,0.003258121249757387,0.871,0.87125,33,"[33, 33, 33, 33, 33, 33, 33, 33, 33, 33, 33, 33, 33, 33, 33, 33, 33, 33, 33, 33, 33, 33, 33, 33, 33, 33, 33, 33, 33, 33, 33, 33, 33, 33, 33, 33, 33, 33, 33, 33, 33, 33, 33, 33, 33, 33, 33, 33, 33, 33, 33, 33, 33, 33, 33, 33, 33, 33, 33, 33, 33, 33, 33, 33, 33, 33, 33, 33, 33, 33, 33, 33, 33, 33, 33, 33, 33, 33, 33, 33, 33, 33, 33, 33, 33, 33, 33, 33, 33, 33, 33, 33, 33, 33, 33, 33, 33, 33, 33, 33, 33, 33, 33, 33, 33, 33, 33, 33, 33, 33, 33, 33, 33, 33, 33, 33, 33, 33, 33, 33, 33, 33, 33, 33, 33, 33, 33, 33, 33, 33, 33, 33, 33, 33, 33, 33, 33, 33, 33, 33, 33, 33, 33, 33, 33, 33, 33, 33, 33, 33, 33, 33, 33, 33, 33, 33, 33, 33, 33, 33, 33, 33, 33, 33, 33, 33, 33, 33, 33, 33, 33, 33, 33, 33, 33, 33, 33, 33, 33, 33, 33, 33, 33, 33, 33, 33, 33, 33, 33, 33, 33, 33, 33, 33, 33, 33, 33, 33, 33, 33, 33, 33, 33, 33, 33, 33, 33, 33, 33, 33, 33, 33, 33, 33, 33, 33, 33, 33, 33, 33, 33, 33, 33, 33, 33, 33, 33, 33, 33, 33, 33, 33, 33, 33, 33, 33, 33, 33, 33, 33, 33, 33, 33, 33, 33, 33, 33, 33, 33, 33, 33, 33, 33, 33, 33, 33, 33, 33, 33, 33, 33, 33, 33, 33, 33, 33, 33, 33, 33, 33, 33, 33, 33, 33, 33, 33, 33, 33, 33, 33, 33, 33, 33, 33, 33, 33, 33, 33, 33, 33, 33, 33, 33, 33, 33, 33, 33, 33, 33, 33, 33, 33, 33, 33, 33, 33, 33, 33, 33, 33, 33, 33, 33, 33, 33, 33, 33, 33, 33, 33, 33, 33, 33, 33, 33, 33, 33, 33, 33, 33, 33, 33, 33, 33, 33, 33, 33, 33, 33, 33, 33, 33, 33, 33, 33, 33, 33, 33, 33, 33, 33, 33, 33, 33, 33, 33, 33, 33, 33, 33, 33, 33, 33, 33, 33, 33, 33, 33, 33, 33, 33, 33, 33, 33, 33, 33, 33, 33, 33, 33, 33, 33, 33, 33, 33]",32.992248062015506,"[32.98449612403101, 32.98062015503876, 32.97286821705426, 32.968992248062015, 32.968992248062015, 32.968992248062015, 32.98062015503876, 32.97286821705426, 32.97286821705426, 32.97674418604651, 32.968992248062015, 32.95736434108527, 32.96511627906977, 32.96511627906977, 32.96124031007752, 32.980620155038764, 32.980620155038764, 32.98837209302326, 32.98449612403101, 32.98837209302326, 32.992248062015506, 32.98837209302326, 32.98062015503876, 32.968992248062015, 32.97286821705426, 32.98062015503876, 32.96511627906977, 32.97674418604651, 32.97674418604651, 32.96511627906977, 32.968992248062015, 32.957364341085274, 32.98062015503876, 32.98449612403101, 32.97674418604651, 32.97674418604651, 32.98062015503876, 32.98449612403101, 32.98837209302326, 32.98449612403101, 32.98449612403101, 32.97674418604651, 32.98062015503876, 32.968992248062015, 32.97674418604651, 32.968992248062015, 32.97286821705426, 32.97286821705426, 32.968992248062015, 32.968992248062015, 32.957364341085274, 32.968992248062015, 32.97286821705426, 32.97286821705426, 32.97674418604651, 32.97674418604651, 32.96511627906977, 32.96511627906977, 32.95736434108527, 32.968992248062015, 32.98062015503876, 32.968992248062015, 32.97286821705426, 32.97286821705426, 32.98062015503876, 32.98837209302326, 32.98449612403101, 32.98449612403101, 32.98449612403101, 32.98837209302326, 32.992248062015506, 32.98837209302326, 32.98837209302326, 32.98449612403101, 32.98449612403101, 32.98837209302326, 32.98449612403101, 32.97286821705426, 32.98062015503876, 32.97674418604651, 32.968992248062015, 32.98062015503876, 32.98837209302326, 32.98449612403101, 32.992248062015506, 32.99612403100775, 32.992248062015506, 32.98837209302326, 32.98837209302326, 32.98449612403101, 32.98837209302326, 32.97674418604651, 32.992248062015506, 32.98449612403101, 32.97674418604651, 32.97674418604651, 32.98449612403101, 32.980620155038764, 32.98837209302326, 32.98837209302326, 32.97674418604651, 32.97286821705426, 32.97286821705426, 32.97286821705426, 32.97674418604652, 32.98449612403101, 32.97286821705426, 32.98837209302326, 32.98449612403101, 32.98449612403101, 32.98449612403101, 32.992248062015506, 32.98837209302326, 32.98449612403101, 32.992248062015506, 32.992248062015506, 32.98449612403101, 32.992248062015506, 32.98062015503876, 32.98449612403101, 32.980620155038764, 32.99612403100775, 32.99612403100775, 32.98062015503876, 32.98449612403101, 32.98062015503876, 32.97286821705426, 32.980620155038764, 32.980620155038764, 32.97674418604651, 32.98449612403101, 32.97286821705426, 32.97286821705426, 32.98449612403101, 32.980620155038764, 32.980620155038764, 32.97286821705426, 32.97286821705426, 32.968992248062015, 32.98449612403101, 32.98449612403101, 32.97286821705426, 32.957364341085274, 32.96511627906977, 32.96511627906977, 32.968992248062015, 32.97286821705426, 32.957364341085274, 32.96124031007752, 32.96511627906977, 32.968992248062015, 32.97674418604651, 32.97674418604651, 32.98062015503876, 32.98062015503876, 32.98062015503876, 32.98837209302326, 32.98837209302326, 32.98062015503876, 32.98062015503876, 32.98062015503876, 32.98062015503876, 32.968992248062015, 32.97286821705426, 32.97286821705426, 32.96511627906977, 32.968992248062015, 32.98062015503876, 32.97286821705426, 32.97674418604651, 32.97674418604651, 32.968992248062015, 32.96124031007752, 32.96124031007752, 32.961240310077514, 32.96511627906977, 32.97674418604651, 32.97286821705426, 32.97674418604651, 32.968992248062015, 32.97674418604651, 32.97674418604651, 32.97286821705426, 32.98449612403101, 32.98449612403101, 32.97674418604651, 32.97286821705426, 32.98062015503876, 32.98449612403101, 32.97674418604652, 32.980620155038764, 32.97674418604652, 32.97674418604652, 32.98449612403101, 32.992248062015506, 32.98837209302326, 32.992248062015506, 32.99612403100775, 32.98449612403101, 32.98837209302326, 32.980620155038764, 32.980620155038764, 32.98449612403101, 32.98062015503876, 32.98449612403101, 32.98837209302326, 32.98062015503876, 32.97674418604651, 32.97674418604651, 32.97674418604651, 32.97674418604651, 32.98062015503876, 32.97286821705426, 32.97286821705426, 32.98062015503876, 32.98449612403101, 32.98062015503876, 32.98449612403101, 32.98449612403101, 32.98837209302326, 32.99612403100775, 32.99612403100775, 32.98837209302326, 32.992248062015506, 32.992248062015506, 32.99612403100775, 32.98449612403101, 32.98449612403101, 32.980620155038764, 32.98837209302326, 32.98837209302326, 32.98837209302326, 32.98449612403101, 32.98449612403101, 32.98062015503876, 32.980620155038764, 32.97286821705426, 32.98062015503876, 32.97286821705426, 32.98837209302326, 32.98449612403101, 32.98837209302326, 32.992248062015506, 32.98449612403101, 32.98837209302326, 32.98837209302326, 32.98837209302326, 32.98062015503876, 32.98062015503876, 32.98062015503876, 32.97674418604651, 32.97674418604651, 32.97674418604651, 32.97674418604651, 32.97674418604651, 32.98449612403101, 32.97674418604652, 32.980620155038764, 32.980620155038764, 32.98449612403101, 32.98837209302326, 32.980620155038764, 32.98449612403101, 32.98449612403101, 32.97674418604651, 32.98449612403101, 32.98449612403101, 32.98837209302326, 32.98449612403101, 32.98449612403101, 32.98449612403101, 32.98837209302326, 32.98837209302326, 32.98837209302326, 32.98837209302326, 32.98837209302326, 32.98837209302326, 32.98837209302326, 32.992248062015506, 32.98837209302326, 32.99612403100775, 32.992248062015506, 32.992248062015506, 32.98449612403101, 32.98837209302326, 32.98837209302326, 32.98837209302326, 32.992248062015506, 32.992248062015506, 32.992248062015506, 32.992248062015506, 32.992248062015506, 32.98837209302326, 33.0, 32.99612403100775, 33.0, 33.0, 32.99612403100775, 32.98449612403101, 32.97286821705426, 32.98837209302326, 32.98449612403101, 32.992248062015506, 32.98449612403101, 32.992248062015506, 32.99612403100775, 32.992248062015506, 32.99612403100775, 33.0, 32.992248062015506, 32.99612403100775, 32.99612403100775, 32.99612403100775, 32.992248062015506, 32.98837209302326, 32.98449612403101, 32.99612403100775, 32.992248062015506, 32.992248062015506, 32.98062015503876, 32.99612403100775, 32.98449612403101, 32.98062015503876, 32.980620155038764, 32.97674418604652, 32.97286821705426, 32.98449612403101, 32.992248062015506, 32.992248062015506, 32.992248062015506, 32.98837209302326, 32.984496124031004, 32.992248062015506, 32.98837209302326, 32.98062015503876, 32.97674418604651, 32.97674418604651, 32.97674418604651, 32.98837209302326, 32.98837209302326, 32.97286821705426, 32.97674418604651, 32.97286821705426, 32.97674418604651, 32.98062015503876, 32.98449612403101, 32.98449612403101, 32.992248062015506, 32.98837209302326, 32.99612403100775, 32.992248062015506, 32.98837209302326, 32.98449612403101, 32.98837209302326, 32.980620155038764, 32.98837209302326, 32.98449612403101, 32.98449612403101, 32.980620155038764, 32.98837209302326, 32.98449612403101, 32.98837209302326, 32.98449612403101, 32.992248062015506, 32.992248062015506, 32.992248062015506, 32.992248062015506, 32.97674418604651, 32.98449612403101, 32.97674418604651, 32.98449612403101, 32.98449612403101, 32.98449612403101, 32.98449612403101, 32.98449612403101, 32.98837209302326, 32.99612403100775, 32.98449612403101, 32.98449612403101, 32.99612403100775, 32.98449612403101, 32.98449612403101, 32.97674418604651, 32.99612403100775, 32.992248062015506]",0.8380766023497553,0.822429184217645,33,"[33, 33, 33, 33, 33, 33, 33, 33, 33, 33, 33, 33, 33, 33, 33, 33, 33, 33, 33, 33, 33, 33, 33, 33, 33, 33, 33, 33, 33, 33, 33, 33, 33, 33, 33, 33, 33, 33, 33, 33, 33, 33, 33, 33, 33, 33, 33, 33, 33, 33, 33, 33, 33, 33, 33, 33, 33, 33, 33, 33, 33, 33, 33, 33, 33, 33, 33, 33, 33, 33, 33, 33, 33, 33, 33, 33, 33, 33, 33, 33, 33, 33, 33, 33, 33, 33, 33, 33, 33, 33, 33, 33, 33, 33, 33, 33, 33, 33, 33, 33, 33, 33, 33, 33, 33, 33, 33, 33, 33, 33, 33, 33, 33, 33, 33, 33, 33, 33, 33, 33, 33, 33, 33, 33, 33, 33, 33, 33, 33, 33, 33, 33, 33, 33, 33, 33, 33, 33, 33, 33, 33, 33, 33, 33, 33, 33, 33, 33, 33, 33, 33, 33, 33, 33, 33, 33, 33, 33, 33, 33, 33, 33, 33, 33, 33, 33, 33, 33, 33, 33, 33, 33, 33, 33, 33, 33, 33, 33, 33, 33, 33, 33, 33, 33, 33, 33, 33, 33, 33, 33, 33, 33, 33, 33, 33, 33, 33, 33, 33, 33, 33, 33, 33, 33, 33, 33, 33, 33, 33, 33, 33, 33, 33, 33, 33, 33, 33, 33, 33, 33, 33, 33, 33, 33, 33, 33, 33, 33, 33, 33, 33, 33, 33, 33, 33, 33, 33, 33, 33, 33, 33, 33, 33, 33, 33, 33, 33, 33, 33, 33, 33, 33, 33, 33, 33, 33, 33, 33, 33, 33, 33, 33, 33, 33, 33, 33, 33, 33, 33, 33, 33, 33, 33, 33, 33, 33, 33, 33, 33, 33, 33, 33, 33, 33, 33, 33, 33, 33, 33, 33, 33, 33, 33, 33, 33, 33, 33, 33, 33, 33, 33, 33, 33, 33, 33, 33, 33, 33, 33, 33, 33, 33, 33, 33, 33, 33, 33, 33, 33, 33, 33, 33, 33, 33, 33, 33, 33, 33, 33, 33, 33, 33, 33, 33, 33, 33, 33, 33, 33, 33, 33, 33, 33, 33, 33, 33, 33, 33, 33, 33, 33, 33, 33, 33, 33, 33, 33, 33, 33, 33, 33, 33, 33, 33, 33, 33, 33, 33, 33, 33, 33, 33, 33, 33, 33, 33, 33, 33, 33, 33, 33, 33, 33, 33, 33]",385,"[0.41202136874198914, 0.408226877450943, 0.4063264727592468, 0.405098557472229, 0.40248778462409973, 0.4008660614490509, 0.39922773838043213, 0.3977168798446655, 0.39644286036491394, 0.39503762125968933, 0.39636895060539246, 0.3940618932247162, 0.3910084068775177, 0.38957473635673523, 0.3895183801651001, 0.38763168454170227, 0.3868526816368103, 0.38621148467063904, 0.38535892963409424, 0.38446009159088135, 0.38403570652008057, 0.3832470774650574, 0.38313016295433044, 0.3817867934703827, 0.3809640109539032, 0.380712628364563, 0.3798304498195648, 0.37928885221481323, 0.37892284989356995, 0.3788851499557495, 0.3782191872596741, 0.3777463436126709, 0.3769814372062683, 0.3764321804046631, 0.37675321102142334, 0.3754757344722748, 0.3763430714607239, 0.374759316444397, 0.37459495663642883, 0.37384113669395447, 0.37413328886032104, 0.37478014826774597, 0.3735061585903168, 0.3728385865688324, 0.37236249446868896, 0.37213969230651855, 0.37169820070266724, 0.3714626729488373, 0.37250733375549316, 0.37152159214019775, 0.3723287880420685, 0.3717775046825409, 0.37105876207351685, 0.3709292709827423, 0.37136563658714294, 0.36941060423851013, 0.3715602457523346, 0.3698766827583313, 0.3688744604587555, 0.3689703345298767, 0.36871105432510376, 0.368224561214447, 0.36788567900657654, 0.36768028140068054, 0.36747097969055176, 0.36739787459373474, 0.3677500784397125, 0.36723053455352783, 0.366652250289917, 0.3684269189834595, 0.36626002192497253, 0.36661258339881897, 0.3660556375980377, 0.3655010163784027, 0.3657645881175995, 0.365049809217453, 0.3647350072860718, 0.36446744203567505, 0.3647209405899048, 0.3641103506088257, 0.3640230596065521, 0.36348673701286316, 0.3631826341152191, 0.36347153782844543, 0.36269015073776245, 0.3626137673854828, 0.3623788356781006, 0.36235541105270386, 0.36289161443710327, 0.36212149262428284, 0.36213189363479614, 0.36190664768218994, 0.3625297248363495, 0.3616844415664673, 0.36172306537628174, 0.3609817624092102, 0.36080142855644226, 0.3608318567276001, 0.3616446256637573, 0.3609223961830139, 0.36010316014289856, 0.3597125709056854, 0.359548419713974, 0.35942885279655457, 0.359060138463974, 0.35885030031204224, 0.35862496495246887, 0.3589404225349426, 0.3584076166152954, 0.3578445017337799, 0.3577757775783539, 0.3576706051826477, 0.3588674068450928, 0.35721516609191895, 0.35717928409576416, 0.3562855124473572, 0.35629338026046753, 0.3558844029903412, 0.3559320569038391, 0.3555026948451996, 0.35739192366600037, 0.3564069867134094, 0.3549022972583771, 0.3548254370689392, 0.35447824001312256, 0.3545234799385071, 0.3541305959224701, 0.3539438247680664, 0.3537290692329407, 0.35659241676330566, 0.3536056876182556, 0.35343578457832336, 0.3527674376964569, 0.3526262640953064, 0.3525203466415405, 0.3523927927017212, 0.352634072303772, 0.35200199484825134, 0.3518209755420685, 0.3518086373806, 0.35172122716903687, 0.3516576886177063, 0.35131165385246277, 0.35115063190460205, 0.35089898109436035, 0.3507320284843445, 0.3513650894165039, 0.3508830964565277, 0.3503683805465698, 0.35006198287010193, 0.35016146302223206, 0.35054588317871094, 0.34992608428001404, 0.35007283091545105, 0.35080665349960327, 0.34938186407089233, 0.35037630796432495, 0.3488493263721466, 0.3487299084663391, 0.3486291170120239, 0.3485240936279297, 0.34842589497566223, 0.34878912568092346, 0.3486537039279938, 0.3485993444919586, 0.3480697572231293, 0.3477586507797241, 0.34759530425071716, 0.34750115871429443, 0.347456157207489, 0.34725961089134216, 0.3475865423679352, 0.3468526601791382, 0.34639495611190796, 0.34676846861839294, 0.3474479019641876, 0.3461250066757202, 0.3459060788154602, 0.34582844376564026, 0.3459733724594116, 0.3453863859176636, 0.34529629349708557, 0.3450992703437805, 0.3451974093914032, 0.3458345830440521, 0.3446385860443115, 0.34476855397224426, 0.3444700241088867, 0.34435638785362244, 0.344492107629776, 0.3437720239162445, 0.3434338867664337, 0.34306758642196655, 0.3429032862186432, 0.3427489995956421, 0.34362080693244934, 0.3433445990085602, 0.34211844205856323, 0.3421001136302948, 0.3438844382762909, 0.3426424264907837, 0.3422588109970093, 0.34183254837989807, 0.34182342886924744, 0.34164220094680786, 0.34209248423576355, 0.341354638338089, 0.34138163924217224, 0.3411111533641815, 0.34112709760665894, 0.34127557277679443, 0.34069502353668213, 0.3409879803657532, 0.3404150903224945, 0.340559720993042, 0.34005478024482727, 0.34011685848236084, 0.3397546112537384, 0.339499294757843, 0.33956074714660645, 0.3391402065753937, 0.3387763202190399, 0.33875197172164917, 0.33871424198150635, 0.3386181890964508, 0.3386436700820923, 0.33890092372894287, 0.3385028839111328, 0.3380591571331024, 0.33774131536483765, 0.3375251293182373, 0.33736446499824524, 0.3380061089992523, 0.33869877457618713, 0.33696120977401733, 0.3371198773384094, 0.33648550510406494, 0.33616191148757935, 0.33616769313812256, 0.33573877811431885, 0.3355599343776703, 0.33541756868362427, 0.3353477418422699, 0.3352232873439789, 0.33572137355804443, 0.3354032635688782, 0.33532482385635376, 0.33463752269744873, 0.33458957076072693, 0.335292786359787, 0.33419540524482727, 0.3337346315383911, 0.33369237184524536, 0.333518385887146, 0.33358874917030334, 0.33301109075546265, 0.33295825123786926, 0.3335520625114441, 0.3339942693710327, 0.33263519406318665, 0.3325495421886444, 0.3323999047279358, 0.3326599597930908, 0.33221161365509033, 0.33259665966033936, 0.33180028200149536, 0.3318496346473694, 0.3316102921962738, 0.3316861093044281, 0.33183011412620544, 0.3316587209701538, 0.3322727680206299, 0.3316308557987213, 0.3313329815864563, 0.3312639892101288, 0.3314128816127777, 0.3310660421848297, 0.330791175365448, 0.3306957185268402, 0.3306739926338196, 0.33021822571754456, 0.3301617503166199, 0.3303578197956085, 0.32960158586502075, 0.329673171043396, 0.3295478820800781, 0.33030736446380615, 0.3294335901737213, 0.3293190002441406, 0.32936400175094604, 0.32973170280456543, 0.32925909757614136, 0.32968243956565857, 0.3300740420818329, 0.3312855660915375, 0.32892337441444397, 0.32867908477783203, 0.3285975754261017, 0.32840827107429504, 0.3294416069984436, 0.3283707797527313, 0.32820284366607666, 0.32803526520729065, 0.32982298731803894, 0.3283168375492096, 0.32796409726142883, 0.3278650939464569, 0.3275962173938751, 0.32762786746025085, 0.32748422026634216, 0.3273700773715973, 0.3273857533931732, 0.3274627923965454, 0.3269966244697571, 0.3270157277584076, 0.3275570273399353, 0.3296673595905304, 0.329048752784729, 0.3271474838256836, 0.3262212872505188, 0.3266806900501251, 0.32585281133651733, 0.3254530727863312, 0.3255300521850586, 0.32536572217941284, 0.3256571590900421, 0.32510924339294434, 0.32480213046073914, 0.3246097266674042, 0.32487326860427856, 0.3257821798324585, 0.32418742775917053, 0.32388895750045776, 0.32491686940193176, 0.32389721274375916, 0.32389676570892334, 0.3237219750881195, 0.3237401843070984, 0.3232932388782501, 0.3233128786087036, 0.32317179441452026, 0.3229915499687195, 0.3230871856212616, 0.3227232098579407, 0.32251834869384766, 0.3227386176586151, 0.3224143981933594, 0.3221201002597809, 0.3225374221801758, 0.3216342628002167, 0.3214709162712097, 0.32166099548339844, 0.3216407895088196, 0.32112225890159607, 0.3211129903793335, 0.32130545377731323, 0.321323961019516, 0.3205108642578125, 0.32136428356170654, 0.32015055418014526, 0.320407509803772, 0.31989872455596924, 0.3198734521865845, 0.32004597783088684, 0.32003557682037354, 0.31950753927230835, 0.31941136717796326, 0.31926432251930237, 0.31940004229545593, 0.319564551115036, 0.32021868228912354, 0.3198847472667694, 0.3204229474067688, 0.3212555944919586, 0.3198387920856476, 0.31940534710884094, 0.32011866569519043, 0.3182792067527771, 0.31801337003707886, 0.3177388310432434, 0.31748420000076294, 0.317510724067688, 0.3173792362213135, 0.3171822428703308, 0.317047655582428]",33.0,"[33.0, 33.0, 33.0, 33.0, 33.0, 33.0, 33.0, 33.0, 33.0, 33.0, 33.0, 33.0, 33.0, 33.0, 33.0, 33.0, 33.0, 33.0, 33.0, 33.0, 33.0, 33.0, 33.0, 33.0, 33.0, 33.0, 33.0, 33.0, 33.0, 33.0, 33.0, 33.0, 33.0, 33.0, 33.0, 33.0, 33.0, 33.0, 33.0, 33.0, 33.0, 33.0, 33.0, 33.0, 33.0, 33.0, 33.0, 33.0, 33.0, 33.0, 33.0, 33.0, 33.0, 33.0, 33.0, 33.0, 33.0, 33.0, 33.0, 33.0, 33.0, 33.0, 33.0, 33.0, 33.0, 33.0, 33.0, 33.0, 33.0, 33.0, 33.0, 33.0, 33.0, 33.0, 33.0, 33.0, 33.0, 33.0, 33.0, 33.0, 33.0, 33.0, 33.0, 33.0, 33.0, 33.0, 33.0, 33.0, 33.0, 33.0, 33.0, 33.0, 33.0, 33.0, 33.0, 33.0, 33.0, 33.0, 33.0, 33.0, 33.0, 33.0, 33.0, 33.0, 33.0, 33.0, 33.0, 33.0, 33.0, 33.0, 33.0, 33.0, 33.0, 33.0, 33.0, 33.0, 33.0, 33.0, 33.0, 33.0, 33.0, 33.0, 33.0, 33.0, 33.0, 33.0, 33.0, 33.0, 33.0, 33.0, 33.0, 33.0, 33.0, 33.0, 33.0, 33.0, 33.0, 33.0, 33.0, 33.0, 33.0, 33.0, 33.0, 33.0, 33.0, 33.0, 33.0, 33.0, 33.0, 33.0, 33.0, 33.0, 33.0, 33.0, 33.0, 33.0, 33.0, 33.0, 33.0, 33.0, 33.0, 33.0, 33.0, 33.0, 33.0, 33.0, 33.0, 33.0, 33.0, 33.0, 33.0, 33.0, 33.0, 33.0, 33.0, 33.0, 33.0, 33.0, 33.0, 33.0, 33.0, 33.0, 33.0, 33.0, 33.0, 33.0, 33.0, 33.0, 33.0, 33.0, 33.0, 33.0, 33.0, 33.0, 33.0, 33.0, 33.0, 33.0, 33.0, 33.0, 33.0, 33.0, 33.0, 33.0, 33.0, 33.0, 33.0, 33.0, 33.0, 33.0, 33.0, 33.0, 33.0, 33.0, 33.0, 33.0, 33.0, 33.0, 33.0, 33.0, 33.0, 33.0, 33.0, 33.0, 33.0, 33.0, 33.0, 33.0, 33.0, 33.0, 33.0, 33.0, 33.0, 33.0, 33.0, 33.0, 33.0, 33.0, 33.0, 33.0, 33.0, 33.0, 33.0, 33.0, 33.0, 33.0, 33.0, 33.0, 33.0, 33.0, 33.0, 33.0, 33.0, 33.0, 33.0, 33.0, 33.0, 33.0, 33.0, 33.0, 33.0, 33.0, 33.0, 33.0, 33.0, 33.0, 33.0, 33.0, 33.0, 33.0, 33.0, 33.0, 33.0, 33.0, 33.0, 33.0, 33.0, 33.0, 33.0, 33.0, 33.0, 33.0, 33.0, 33.0, 33.0, 33.0, 33.0, 33.0, 33.0, 33.0, 33.0, 33.0, 33.0, 33.0, 33.0, 33.0, 33.0, 33.0, 33.0, 33.0, 33.0, 33.0, 33.0, 33.0, 33.0, 33.0, 33.0, 33.0, 33.0, 33.0, 33.0, 33.0, 33.0, 33.0, 33.0, 33.0, 33.0, 33.0, 33.0, 33.0, 33.0, 33.0, 33.0, 33.0, 33.0, 33.0, 33.0, 33.0, 33.0, 33.0, 33.0, 33.0, 33.0, 33.0, 33.0, 33.0, 33.0, 33.0, 33.0, 33.0, 33.0, 33.0, 33.0, 33.0, 33.0, 33.0, 33.0, 33.0, 33.0, 33.0, 33.0, 33.0, 33.0, 33.0, 33.0, 33.0, 33.0, 33.0, 33.0, 33.0, 33.0, 33.0, 33.0, 33.0, 33.0, 33.0, 33.0, 33.0, 33.0, 33.0, 33.0, 33.0, 33.0, 33.0, 33.0, 33.0, 33.0, 33.0, 33.0, 33.0, 33.0, 33.0, 33.0, 33.0, 33.0]",COMPLETE
