,number,value,datetime_start,datetime_complete,duration,params_batch_size_scaler,params_constant_learning_rate,params_depth,params_epochs,params_kernel_l2,params_num_trees,params_temperature,user_attrs_accuracy_test,user_attrs_accuracy_valid,user_attrs_approximate_feature_sparsity,user_attrs_approximate_feature_sparsity_history,user_attrs_approximate_weight_sparsity,user_attrs_approximate_weight_sparsity_history,user_attrs_auc_test,user_attrs_auc_valid,user_attrs_feature_sparsity,user_attrs_feature_sparsity_history,user_attrs_num_epochs,user_attrs_val_loss_history,user_attrs_weight_sparsity,user_attrs_weight_sparsity_history,state
157,157,0.7764037562314023,2024-08-31 07:53:21.533085,2024-08-31 07:55:46.871530,0 days 00:02:25.338445,4,0.20591349907779205,2,375,0.011816468574266282,10,0.014929459940036577,0.885,0.87625,2,"[32, 18, 7, 4, 3, 3, 3, 3, 3, 3, 3, 3, 3, 3, 3, 3, 3, 3, 3, 3, 3, 3, 3, 3, 3, 3, 3, 3, 3, 3, 3, 3, 3, 3, 3, 3, 3, 3, 3, 3, 3, 3, 3, 3, 3, 3, 3, 3, 3, 3, 3, 3, 3, 3, 3, 3, 3, 3, 3, 3, 3, 3, 3, 3, 3, 3, 3, 3, 3, 3, 3, 3, 3, 3, 3, 3, 3, 3, 3, 3, 3, 3, 3, 3, 3, 3, 3, 3, 3, 3, 3, 3, 3, 3, 3, 3, 3, 3, 3, 3, 3, 3, 3, 3, 3, 3, 3, 3, 3, 3, 3, 3, 3, 3, 3, 3, 3, 3, 3, 3, 3, 3, 3, 3, 3, 3, 3, 3, 3, 3, 3, 3, 3, 3, 3, 3, 3, 3, 3, 3, 3, 3, 3, 3, 3, 3, 3, 3, 3, 3, 3, 3, 3, 3, 3, 3, 3, 3, 3, 3, 3, 3, 3, 3, 3, 3, 3, 3, 3, 3, 3, 3, 3, 3, 3, 3, 3, 3, 3, 3, 3, 3, 3, 3, 3, 3, 3, 3, 3, 3, 3, 3, 3, 3, 3, 3, 3, 3, 3, 3, 3, 3, 3, 3, 3, 3, 3, 3, 3, 3, 3, 3, 3, 3, 3, 3, 3, 3, 3, 3, 3, 3, 3, 3, 3, 3, 3, 3, 3, 3, 3, 3, 3, 3, 3, 3, 3, 3, 3, 3, 3, 3, 3, 3, 3, 3, 3, 3, 3, 3, 3, 3, 3, 3, 3, 3, 3, 3, 3, 3, 3, 3, 3, 3, 3, 3, 3, 3, 3, 3, 3, 3, 3, 3, 3, 3, 3, 3, 3, 3, 3, 3, 3, 3, 3, 3, 3, 3, 3, 3, 3, 3, 3, 3, 3, 3, 3, 3, 3, 3, 3, 3, 3, 3, 3, 3, 3, 3, 3, 3, 3, 3, 3, 3, 3, 3, 3, 3, 3, 3, 3, 3, 3, 3, 3, 3, 3, 3, 2, 2, 2, 2, 2, 2, 2, 2, 2, 2, 2, 2, 2, 2, 2, 2, 2, 2, 2, 2, 2, 2, 2, 2, 2, 2, 2, 2, 2, 2, 2, 2, 2, 2, 2, 2, 2, 2, 2, 2, 2, 2, 2, 2, 2, 2, 2]",2.0,"[32.0, 18.0, 7.0, 4.0, 2.966666666666667, 3.0, 3.0, 3.0, 3.0, 3.0, 3.0, 3.0, 3.0, 3.0, 3.0, 2.966666666666667, 3.0, 3.0, 3.0, 3.0, 3.0, 3.0, 3.0, 3.0, 3.0, 3.0, 3.0, 3.0, 3.0, 3.0, 3.0, 3.0, 3.0, 3.0, 3.0, 3.0, 3.0, 3.0, 3.0, 3.0, 3.0, 3.0, 3.0, 3.0, 3.0, 3.0, 3.0, 3.0, 3.0, 3.0, 3.0, 3.0, 3.0, 3.0, 3.0, 3.0, 3.0, 3.0, 3.0, 3.0, 3.0, 3.0, 3.0, 3.0, 3.0, 3.0, 3.0, 3.0, 3.0, 3.0, 3.0, 3.0, 3.0, 3.0, 3.0, 3.0, 3.0, 3.0, 3.0, 3.0, 3.0, 3.0, 3.0, 3.0, 3.0, 3.0, 3.0, 3.0, 3.0, 3.0, 3.0, 3.0, 3.0, 3.0, 3.0, 3.0, 3.0, 3.0, 3.0, 3.0, 3.0, 3.0, 3.0, 3.0, 3.0, 3.0, 3.0, 2.966666666666667, 3.0, 3.0, 3.0, 3.0, 3.0, 3.0, 3.0, 2.966666666666667, 2.966666666666667, 3.0, 3.0, 3.0, 3.0, 3.0, 3.0, 3.0, 3.0, 3.0, 3.0, 3.0, 3.0, 3.0, 3.0, 3.0, 3.0, 3.0, 3.0, 3.0, 3.0, 3.0, 3.0, 3.0, 3.0, 3.0, 3.0, 3.0, 3.0, 3.0, 3.0, 3.0, 3.0, 3.0, 3.0, 3.0, 3.0, 3.0, 3.0, 3.0, 3.0, 3.0, 3.0, 3.0, 3.0, 3.0, 3.0, 3.0, 3.0, 3.0, 3.0, 3.0, 3.0, 3.0, 3.0, 3.0, 3.0, 3.0, 3.0, 3.0, 3.0, 3.0, 2.966666666666667, 3.0, 3.0, 3.0, 3.0, 3.0, 3.0, 3.0, 3.0, 3.0, 3.0, 3.0, 3.0, 3.0, 3.0, 3.0, 3.0, 3.0, 3.0, 3.0, 3.0, 3.0, 3.0, 3.0, 3.0, 3.0, 3.0, 3.0, 3.0, 3.0, 3.0, 3.0, 3.0, 3.0, 3.0, 3.0, 3.0, 3.0, 2.966666666666667, 3.0, 3.0, 3.0, 3.0, 2.966666666666667, 3.0, 3.0, 3.0, 3.0, 3.0, 3.0, 3.0, 3.0, 3.0, 3.0, 3.0, 2.966666666666667, 3.0, 3.0, 3.0, 3.0, 3.0, 2.966666666666667, 3.0, 2.966666666666667, 2.966666666666667, 2.966666666666667, 3.0, 3.0, 2.966666666666667, 3.0, 3.0, 3.0, 3.0, 3.0, 3.0, 3.0, 3.0, 3.0, 3.0, 3.0, 3.0, 3.0, 3.0, 3.0, 3.0, 3.0, 3.0, 3.0, 3.0, 3.0, 3.0, 3.0, 3.0, 3.0, 3.0, 3.0, 3.0, 3.0, 3.0, 3.0, 3.0, 3.0, 3.0, 3.0, 3.0, 3.0, 2.966666666666667, 3.0, 3.0, 3.0, 3.0, 3.0, 3.0, 3.0, 3.0, 3.0, 3.0, 3.0, 2.966666666666667, 3.0, 3.0, 3.0, 3.0, 3.0, 3.0, 3.0, 3.0, 3.0, 3.0, 3.0, 3.0, 3.0, 3.0, 3.0, 3.0, 3.0, 3.0, 3.0, 3.0, 3.0, 3.0, 3.0, 3.0, 3.0, 3.0, 3.0, 3.0, 3.0, 3.0, 3.0, 2.0, 2.0, 2.0, 2.0, 2.0, 2.0, 2.0, 2.0, 2.0, 2.0, 2.0, 2.0, 2.0, 2.0, 2.0, 2.0, 2.0, 2.0, 2.0, 2.0, 2.0, 2.0, 2.0, 2.0, 2.0, 2.0, 2.0, 2.0, 2.0, 2.0, 2.0, 2.0, 2.0, 2.0, 2.0, 2.0, 2.0, 2.0, 2.0, 2.0, 2.0, 2.0, 2.0, 2.0, 2.0, 2.0, 2.0]",0.742827302074819,0.7764037562314023,2,"[32, 18, 7, 4, 3, 3, 3, 3, 3, 3, 3, 3, 3, 3, 3, 3, 3, 3, 3, 3, 3, 3, 3, 3, 3, 3, 3, 3, 3, 3, 3, 3, 3, 3, 3, 3, 3, 3, 3, 3, 3, 3, 3, 3, 3, 3, 3, 3, 3, 3, 3, 3, 3, 3, 3, 3, 3, 3, 3, 3, 3, 3, 3, 3, 3, 3, 3, 3, 3, 3, 3, 3, 3, 3, 3, 3, 3, 3, 3, 3, 3, 3, 3, 3, 3, 3, 3, 3, 3, 3, 3, 3, 3, 3, 3, 3, 3, 3, 3, 3, 3, 3, 3, 3, 3, 3, 3, 3, 3, 3, 3, 3, 3, 3, 3, 3, 3, 3, 3, 3, 3, 3, 3, 3, 3, 3, 3, 3, 3, 3, 3, 3, 3, 3, 3, 3, 3, 3, 3, 3, 3, 3, 3, 3, 3, 3, 3, 3, 3, 3, 3, 3, 3, 3, 3, 3, 3, 3, 3, 3, 3, 3, 3, 3, 3, 3, 3, 3, 3, 3, 3, 3, 3, 3, 3, 3, 3, 3, 3, 3, 3, 3, 3, 3, 3, 3, 3, 3, 3, 3, 3, 3, 3, 3, 3, 3, 3, 3, 3, 3, 3, 3, 3, 3, 3, 3, 3, 3, 3, 3, 3, 3, 3, 3, 3, 3, 3, 3, 3, 3, 3, 3, 3, 3, 3, 3, 3, 3, 3, 3, 3, 3, 3, 3, 3, 3, 3, 3, 3, 3, 3, 3, 3, 3, 3, 3, 3, 3, 3, 3, 3, 3, 3, 3, 3, 3, 3, 3, 3, 3, 3, 3, 3, 3, 3, 3, 3, 3, 3, 3, 3, 3, 3, 3, 3, 3, 3, 3, 3, 3, 3, 3, 3, 3, 3, 3, 3, 3, 3, 3, 3, 3, 3, 3, 3, 3, 3, 3, 3, 3, 3, 3, 3, 3, 3, 3, 3, 3, 3, 3, 3, 3, 3, 3, 3, 3, 3, 3, 3, 3, 3, 3, 3, 3, 3, 3, 3, 3, 2, 2, 2, 2, 2, 2, 2, 2, 2, 2, 2, 2, 2, 2, 2, 2, 2, 2, 2, 2, 2, 2, 2, 2, 2, 2, 2, 2, 2, 2, 2, 2, 2, 2, 2, 2, 2, 2, 2, 2, 2, 2, 2, 2, 2, 2, 2]",375,"[0.3902648091316223, 0.3801218271255493, 0.36885470151901245, 0.36778613924980164, 0.36974379420280457, 0.36642226576805115, 0.36400192975997925, 0.36058494448661804, 0.35770711302757263, 0.35581648349761963, 0.3537331521511078, 0.35130804777145386, 0.34893837571144104, 0.34688735008239746, 0.34626179933547974, 0.34405481815338135, 0.3417114317417145, 0.33990931510925293, 0.33894583582878113, 0.3376421630382538, 0.33574849367141724, 0.3351063132286072, 0.3335365056991577, 0.33257925510406494, 0.3311329185962677, 0.3307437002658844, 0.3293481469154358, 0.3291252553462982, 0.3296210765838623, 0.33055630326271057, 0.32835906744003296, 0.32667770981788635, 0.3260385990142822, 0.32636576890945435, 0.3257564902305603, 0.32540062069892883, 0.3252672255039215, 0.3249495327472687, 0.3257366418838501, 0.32427361607551575, 0.3238799273967743, 0.32366862893104553, 0.32390299439430237, 0.32341083884239197, 0.324400395154953, 0.3229706287384033, 0.3223818838596344, 0.32237708568573, 0.32290226221084595, 0.32397547364234924, 0.32205960154533386, 0.32162201404571533, 0.3236132562160492, 0.3210583031177521, 0.3208390772342682, 0.32377368211746216, 0.32054558396339417, 0.32128870487213135, 0.320573627948761, 0.3202206492424011, 0.32218146324157715, 0.3212132751941681, 0.32042446732521057, 0.3195652663707733, 0.3199233114719391, 0.32003387808799744, 0.31938543915748596, 0.3192169666290283, 0.31869304180145264, 0.3192191421985626, 0.31852370500564575, 0.31862717866897583, 0.31908711791038513, 0.3184829354286194, 0.3182438611984253, 0.31939831376075745, 0.3181306719779968, 0.31912076473236084, 0.3196636140346527, 0.3188219666481018, 0.3178420066833496, 0.31745514273643494, 0.3173571825027466, 0.31713560223579407, 0.31832295656204224, 0.31761130690574646, 0.31725016236305237, 0.31719887256622314, 0.32004332542419434, 0.3169870972633362, 0.31734544038772583, 0.3166361153125763, 0.3179165720939636, 0.31724512577056885, 0.3167803883552551, 0.3164152503013611, 0.31646275520324707, 0.3170711100101471, 0.3175879716873169, 0.31642958521842957, 0.31631138920783997, 0.3177204430103302, 0.3170895278453827, 0.31816110014915466, 0.3184463381767273, 0.3159458339214325, 0.31617239117622375, 0.31733691692352295, 0.31737202405929565, 0.3168674409389496, 0.31615519523620605, 0.31676018238067627, 0.3165845572948456, 0.31717848777770996, 0.3179980516433716, 0.31582170724868774, 0.31580933928489685, 0.3157845735549927, 0.31654587388038635, 0.3178196847438812, 0.31697916984558105, 0.31583070755004883, 0.31624287366867065, 0.31718769669532776, 0.3158186376094818, 0.3158511817455292, 0.31554877758026123, 0.31578633189201355, 0.3155628740787506, 0.315674751996994, 0.31627386808395386, 0.31830915808677673, 0.3162807524204254, 0.3158736526966095, 0.31556105613708496, 0.31611141562461853, 0.3179907202720642, 0.31557273864746094, 0.3153963088989258, 0.3157553970813751, 0.31630077958106995, 0.3172708749771118, 0.3157348334789276, 0.31767183542251587, 0.31531038880348206, 0.31609591841697693, 0.31654080748558044, 0.3166484534740448, 0.3156108856201172, 0.31590718030929565, 0.3161672353744507, 0.31534111499786377, 0.3173363506793976, 0.3171800374984741, 0.3154604136943817, 0.3152325749397278, 0.31561192870140076, 0.31570684909820557, 0.31613269448280334, 0.315187007188797, 0.3153842091560364, 0.3164670169353485, 0.3164120614528656, 0.31569522619247437, 0.3150418996810913, 0.3161100149154663, 0.3156590759754181, 0.3148002326488495, 0.31530752778053284, 0.31547850370407104, 0.3149434030056, 0.3170384168624878, 0.31924858689308167, 0.3165246844291687, 0.31524184346199036, 0.3169655501842499, 0.3160257935523987, 0.31632474064826965, 0.3168995976448059, 0.3164333403110504, 0.3169519007205963, 0.3159310221672058, 0.31500303745269775, 0.32149773836135864, 0.31595104932785034, 0.3151867091655731, 0.3150120973587036, 0.31625404953956604, 0.3160243332386017, 0.3154340982437134, 0.31623998284339905, 0.3149840831756592, 0.3155536949634552, 0.3147415816783905, 0.3149522840976715, 0.31682345271110535, 0.31669411063194275, 0.3171416223049164, 0.317009836435318, 0.314505010843277, 0.31511059403419495, 0.31545889377593994, 0.3151264488697052, 0.3175354599952698, 0.3153923451900482, 0.31517067551612854, 0.32158908247947693, 0.3211580514907837, 0.31554630398750305, 0.31457433104515076, 0.3155067563056946, 0.314594030380249, 0.3148738145828247, 0.3149343729019165, 0.31438958644866943, 0.31527698040008545, 0.3164655864238739, 0.31592345237731934, 0.31524893641471863, 0.31498610973358154, 0.31492558121681213, 0.31466448307037354, 0.31467583775520325, 0.3145047724246979, 0.31538400053977966, 0.31543204188346863, 0.3167549669742584, 0.3145660161972046, 0.3166131377220154, 0.31458771228790283, 0.3166409432888031, 0.3151499032974243, 0.3194851577281952, 0.31446972489356995, 0.3149780333042145, 0.3150753080844879, 0.31450507044792175, 0.31569305062294006, 0.31606072187423706, 0.31457972526550293, 0.3147113025188446, 0.3185489773750305, 0.3153199851512909, 0.31461185216903687, 0.31621357798576355, 0.31442946195602417, 0.3143983483314514, 0.3154645264148712, 0.3162822723388672, 0.3154010772705078, 0.31453436613082886, 0.3145473599433899, 0.3143562376499176, 0.3146100342273712, 0.32042166590690613, 0.3145974278450012, 0.3142828643321991, 0.3147273361682892, 0.3157697021961212, 0.3145862817764282, 0.31430110335350037, 0.31485211849212646, 0.3154129087924957, 0.31785848736763, 0.31540167331695557, 0.31730949878692627, 0.31509363651275635, 0.31542855501174927, 0.3154609799385071, 0.3153623044490814, 0.31496313214302063, 0.3178364336490631, 0.3144298493862152, 0.31528767943382263, 0.3147069811820984, 0.31455111503601074, 0.3183792233467102, 0.31558480858802795, 0.31499382853507996, 0.3144480586051941, 0.31584805250167847, 0.3148650527000427, 0.31745806336402893, 0.31429216265678406, 0.3143453896045685, 0.3155756890773773, 0.3142315745353699, 0.315079927444458, 0.31506475806236267, 0.31492406129837036, 0.31433770060539246, 0.3160761594772339, 0.3147938549518585, 0.3151281476020813, 0.31923866271972656, 0.3139994740486145, 0.3146182596683502, 0.3143746256828308, 0.31451842188835144, 0.31469258666038513, 0.3143689036369324, 0.3142848312854767, 0.31525611877441406, 0.3157173991203308, 0.31498202681541443, 0.3141361474990845, 0.31408289074897766, 0.3146379590034485, 0.31656065583229065, 0.3144083023071289, 0.3143542408943176, 0.32056018710136414, 0.3144669234752655, 0.31461966037750244, 0.315021812915802, 0.31430643796920776, 0.3145391047000885, 0.31553179025650024, 0.31620556116104126, 0.3147108852863312, 0.31476911902427673, 0.31577762961387634, 0.31411024928092957, 0.3148469626903534, 0.3143768608570099, 0.3150259852409363, 0.3147335648536682, 0.3149898648262024, 0.3457934558391571, 0.3425678610801697, 0.3412553668022156, 0.33987125754356384, 0.3393157720565796, 0.33917540311813354, 0.34259262681007385, 0.3405509293079376, 0.33871591091156006, 0.3396158516407013, 0.33932021260261536, 0.34230712056159973, 0.33872294425964355, 0.33886340260505676, 0.34145858883857727, 0.34088629484176636, 0.33931487798690796, 0.3395894765853882, 0.33873215317726135, 0.3391500413417816, 0.33968397974967957, 0.33917462825775146, 0.33998820185661316, 0.33868759870529175, 0.33850517868995667, 0.3389802873134613, 0.33912497758865356, 0.34024637937545776, 0.3390258848667145, 0.34346848726272583, 0.33830490708351135, 0.3386504352092743, 0.3391019105911255, 0.33975544571876526, 0.34010550379753113, 0.34031879901885986, 0.33848536014556885, 0.33910128474235535, 0.3389967381954193, 0.3383181691169739, 0.3392515182495117, 0.33836042881011963, 0.3412437438964844, 0.3391869366168976, 0.3389829397201538, 0.33884379267692566, 0.3384498357772827]",2.0,"[32.0, 18.0, 7.0, 4.0, 3.0, 3.0, 3.0, 3.0, 3.0, 3.0, 3.0, 3.0, 3.0, 3.0, 3.0, 3.0, 3.0, 3.0, 3.0, 3.0, 3.0, 3.0, 3.0, 3.0, 3.0, 3.0, 3.0, 3.0, 3.0, 3.0, 3.0, 3.0, 3.0, 3.0, 3.0, 3.0, 3.0, 3.0, 3.0, 3.0, 3.0, 3.0, 3.0, 3.0, 3.0, 3.0, 3.0, 3.0, 3.0, 3.0, 3.0, 3.0, 3.0, 3.0, 3.0, 3.0, 3.0, 3.0, 3.0, 3.0, 3.0, 3.0, 3.0, 3.0, 3.0, 3.0, 3.0, 3.0, 3.0, 3.0, 3.0, 3.0, 3.0, 3.0, 3.0, 3.0, 3.0, 3.0, 3.0, 3.0, 3.0, 3.0, 3.0, 3.0, 3.0, 3.0, 3.0, 3.0, 3.0, 3.0, 3.0, 3.0, 3.0, 3.0, 3.0, 3.0, 3.0, 3.0, 3.0, 3.0, 3.0, 3.0, 3.0, 3.0, 3.0, 3.0, 3.0, 3.0, 3.0, 3.0, 3.0, 3.0, 3.0, 3.0, 3.0, 3.0, 3.0, 3.0, 3.0, 3.0, 3.0, 3.0, 3.0, 3.0, 3.0, 3.0, 3.0, 3.0, 3.0, 3.0, 3.0, 3.0, 3.0, 3.0, 3.0, 3.0, 3.0, 3.0, 3.0, 3.0, 3.0, 3.0, 3.0, 3.0, 3.0, 3.0, 3.0, 3.0, 3.0, 3.0, 3.0, 3.0, 3.0, 3.0, 3.0, 3.0, 3.0, 3.0, 3.0, 3.0, 3.0, 3.0, 3.0, 3.0, 3.0, 3.0, 3.0, 3.0, 3.0, 3.0, 3.0, 3.0, 3.0, 3.0, 3.0, 3.0, 3.0, 3.0, 3.0, 3.0, 3.0, 3.0, 3.0, 3.0, 3.0, 3.0, 3.0, 3.0, 3.0, 3.0, 3.0, 3.0, 3.0, 3.0, 3.0, 3.0, 3.0, 3.0, 3.0, 3.0, 3.0, 3.0, 3.0, 3.0, 3.0, 3.0, 3.0, 3.0, 3.0, 3.0, 3.0, 3.0, 3.0, 3.0, 3.0, 3.0, 3.0, 3.0, 3.0, 3.0, 3.0, 3.0, 3.0, 3.0, 3.0, 3.0, 3.0, 3.0, 3.0, 3.0, 3.0, 3.0, 3.0, 3.0, 3.0, 3.0, 3.0, 3.0, 3.0, 3.0, 3.0, 3.0, 3.0, 3.0, 3.0, 3.0, 3.0, 3.0, 3.0, 3.0, 3.0, 3.0, 3.0, 3.0, 3.0, 3.0, 3.0, 3.0, 3.0, 3.0, 3.0, 3.0, 3.0, 3.0, 3.0, 3.0, 3.0, 3.0, 3.0, 3.0, 3.0, 3.0, 3.0, 3.0, 3.0, 3.0, 3.0, 3.0, 3.0, 3.0, 3.0, 3.0, 3.0, 3.0, 3.0, 3.0, 3.0, 3.0, 3.0, 3.0, 3.0, 3.0, 3.0, 3.0, 3.0, 3.0, 3.0, 3.0, 3.0, 3.0, 3.0, 3.0, 3.0, 3.0, 3.0, 3.0, 3.0, 3.0, 3.0, 3.0, 3.0, 3.0, 3.0, 3.0, 3.0, 3.0, 3.0, 3.0, 3.0, 3.0, 3.0, 3.0, 3.0, 3.0, 3.0, 3.0, 3.0, 3.0, 2.0, 2.0, 2.0, 2.0, 2.0, 2.0, 2.0, 2.0, 2.0, 2.0, 2.0, 2.0, 2.0, 2.0, 2.0, 2.0, 2.0, 2.0, 2.0, 2.0, 2.0, 2.0, 2.0, 2.0, 2.0, 2.0, 2.0, 2.0, 2.0, 2.0, 2.0, 2.0, 2.0, 2.0, 2.0, 2.0, 2.0, 2.0, 2.0, 2.0, 2.0, 2.0, 2.0, 2.0, 2.0, 2.0, 2.0]",COMPLETE
158,158,0.7168656851000245,2024-08-31 07:55:51.212005,2024-08-31 07:56:18.245196,0 days 00:00:27.033191,4,0.15542795185319253,6,10,0.18255923603297605,9,0.020018857569106048,0.86,0.85875,33,"[33, 33, 33, 33, 33, 33, 33, 33, 33, 33]",32.982363315696645,"[32.957671957671955, 32.961199294532626, 32.973544973544975, 32.95767195767196, 32.970017636684304, 32.957671957671955, 32.97530864197531, 32.97530864197531, 32.977072310405646, 32.982363315696645]",0.7513437198127461,0.7168656851000245,33,"[33, 33, 33, 33, 33, 33, 33, 33, 33, 33]",10,"[0.4567551016807556, 0.42170795798301697, 0.40846481919288635, 0.4016796946525574, 0.3969495892524719, 0.39338046312332153, 0.39044860005378723, 0.38786980509757996, 0.38554373383522034, 0.38323813676834106]",33.0,"[33.0, 33.0, 33.0, 33.0, 33.0, 33.0, 33.0, 33.0, 33.0, 33.0]",COMPLETE
