,number,value,datetime_start,datetime_complete,duration,params_batch_size_scaler,params_constant_learning_rate,params_depth,params_epochs,params_kernel_l2,params_num_trees,params_temperature,user_attrs_accuracy_test,user_attrs_accuracy_valid,user_attrs_approximate_feature_sparsity,user_attrs_approximate_feature_sparsity_history,user_attrs_approximate_weight_sparsity,user_attrs_approximate_weight_sparsity_history,user_attrs_auc_test,user_attrs_auc_valid,user_attrs_feature_sparsity,user_attrs_feature_sparsity_history,user_attrs_num_epochs,user_attrs_val_loss_history,user_attrs_weight_sparsity,user_attrs_weight_sparsity_history,state
80,80,0.5,2024-08-31 03:51:01.293540,2024-08-31 03:52:39.234993,0 days 00:01:37.941453,64,6.456364695876111,4,460,0.09572618137308365,71,0.06585041920956425,0.859,0.85875,0,"[0, 0, 0, 0, 0, 0, 0, 0, 0, 0, 0, 0, 0, 0, 0, 0, 0, 0, 0, 0, 0, 0, 0, 0, 0, 0, 0, 0, 0, 0, 0, 0, 0, 0, 0, 0, 0, 0, 0, 0, 0, 0, 0, 0, 0, 0, 0, 0, 0, 0, 0, 0, 0, 0, 0, 0, 0, 0, 0, 0, 0, 0, 0, 0, 0, 0, 0, 0, 0, 0, 0, 0, 0, 0, 0, 0, 0, 0, 0, 0, 0, 0, 0, 0, 0, 0, 0, 0, 0, 0, 0, 0, 0, 0, 0, 0, 0, 0, 0, 0, 0, 0, 0, 0, 0, 0, 0, 0, 0, 0, 0, 0, 0, 0, 0, 0, 0, 0, 0, 0, 0, 0, 0, 0, 0, 0, 0, 0, 0, 0, 0, 0, 0, 0, 0, 0, 0, 0, 0, 0, 0, 0, 0, 0, 0, 0, 0, 0, 0, 0, 0, 0, 0, 0, 0, 0, 0, 0, 0, 0, 0, 0, 0, 0, 0, 0, 0, 0, 0, 0, 0, 0, 0, 0, 0, 0, 0, 0, 0, 0, 0, 0, 0, 0, 0, 0, 0, 0, 0, 0, 0, 0, 0, 0, 0, 0, 0, 0, 0, 0, 0, 0, 0, 0, 0, 0, 0, 0, 0, 0, 0, 0, 0, 0, 0, 0, 0, 0, 0, 0, 0, 0, 0, 0, 0, 0, 0, 0, 0, 0, 0, 0, 0, 0, 0, 0, 0, 0, 0, 0, 0, 0, 0, 0, 0, 0, 0, 0, 0, 0, 0, 0, 0, 0, 0, 0, 0, 0, 0, 0, 0, 0, 0, 0, 0, 0, 0, 0, 0, 0, 0, 0, 0, 0, 0, 0, 0, 0, 0, 0, 0, 0, 0, 0, 0, 0, 0, 0, 0, 0, 0, 0, 0, 0, 0, 0, 0, 0, 0, 0, 0, 0, 0, 0, 0, 0, 0, 0, 0, 0, 0, 0, 0, 0, 0, 0, 0, 0, 0, 0, 0, 0, 0, 0, 0, 0, 0, 0, 0, 0, 0, 0, 0, 0, 0, 0, 0, 0, 0, 0, 0, 0, 0, 0, 0, 0, 0, 0, 0, 0, 0, 0, 0, 0, 0, 0, 0, 0, 0, 0, 0, 0, 0, 0, 0, 0, 0, 0, 0, 0, 0, 0, 0, 0, 0, 0, 0, 0, 0, 0, 0, 0, 0, 0, 0, 0, 0, 0, 0, 0, 0, 0, 0, 0, 0, 0, 0, 0, 0, 0, 0, 0, 0, 0, 0, 0, 0, 0, 0, 0, 0, 0, 0, 0, 0, 0, 0, 0, 0, 0, 0, 0, 0, 0, 0, 0, 0, 0, 0, 0, 0, 0, 0, 0, 0, 0, 0, 0, 0, 0, 0, 0, 0, 0, 0, 0, 0, 0, 0, 0, 0, 0, 0, 0, 0, 0, 0, 0, 0, 0]",0.0,"[0.0, 0.0, 0.0, 0.0, 0.0, 0.0, 0.0, 0.0, 0.0, 0.0, 0.0, 0.0, 0.0, 0.0, 0.0, 0.0, 0.0, 0.0, 0.0, 0.0, 0.0, 0.0, 0.0, 0.0, 0.0, 0.0, 0.0, 0.0, 0.0, 0.0, 0.0, 0.0, 0.0, 0.0, 0.0, 0.0, 0.0, 0.0, 0.0, 0.0, 0.0, 0.0, 0.0, 0.0, 0.0, 0.0, 0.0, 0.0, 0.0, 0.0, 0.0, 0.0, 0.0, 0.0, 0.0, 0.0, 0.0, 0.0, 0.0, 0.0, 0.0, 0.0, 0.0, 0.0, 0.0, 0.0, 0.0, 0.0, 0.0, 0.0, 0.0, 0.0, 0.0, 0.0, 0.0, 0.0, 0.0, 0.0, 0.0, 0.0, 0.0, 0.0, 0.0, 0.0, 0.0, 0.0, 0.0, 0.0, 0.0, 0.0, 0.0, 0.0, 0.0, 0.0, 0.0, 0.0, 0.0, 0.0, 0.0, 0.0, 0.0, 0.0, 0.0, 0.0, 0.0, 0.0, 0.0, 0.0, 0.0, 0.0, 0.0, 0.0, 0.0, 0.0, 0.0, 0.0, 0.0, 0.0, 0.0, 0.0, 0.0, 0.0, 0.0, 0.0, 0.0, 0.0, 0.0, 0.0, 0.0, 0.0, 0.0, 0.0, 0.0, 0.0, 0.0, 0.0, 0.0, 0.0, 0.0, 0.0, 0.0, 0.0, 0.0, 0.0, 0.0, 0.0, 0.0, 0.0, 0.0, 0.0, 0.0, 0.0, 0.0, 0.0, 0.0, 0.0, 0.0, 0.0, 0.0, 0.0, 0.0, 0.0, 0.0, 0.0, 0.0, 0.0, 0.0, 0.0, 0.0, 0.0, 0.0, 0.0, 0.0, 0.0, 0.0, 0.0, 0.0, 0.0, 0.0, 0.0, 0.0, 0.0, 0.0, 0.0, 0.0, 0.0, 0.0, 0.0, 0.0, 0.0, 0.0, 0.0, 0.0, 0.0, 0.0, 0.0, 0.0, 0.0, 0.0, 0.0, 0.0, 0.0, 0.0, 0.0, 0.0, 0.0, 0.0, 0.0, 0.0, 0.0, 0.0, 0.0, 0.0, 0.0, 0.0, 0.0, 0.0, 0.0, 0.0, 0.0, 0.0, 0.0, 0.0, 0.0, 0.0, 0.0, 0.0, 0.0, 0.0, 0.0, 0.0, 0.0, 0.0, 0.0, 0.0, 0.0, 0.0, 0.0, 0.0, 0.0, 0.0, 0.0, 0.0, 0.0, 0.0, 0.0, 0.0, 0.0, 0.0, 0.0, 0.0, 0.0, 0.0, 0.0, 0.0, 0.0, 0.0, 0.0, 0.0, 0.0, 0.0, 0.0, 0.0, 0.0, 0.0, 0.0, 0.0, 0.0, 0.0, 0.0, 0.0, 0.0, 0.0, 0.0, 0.0, 0.0, 0.0, 0.0, 0.0, 0.0, 0.0, 0.0, 0.0, 0.0, 0.0, 0.0, 0.0, 0.0, 0.0, 0.0, 0.0, 0.0, 0.0, 0.0, 0.0, 0.0, 0.0, 0.0, 0.0, 0.0, 0.0, 0.0, 0.0, 0.0, 0.0, 0.0, 0.0, 0.0, 0.0, 0.0, 0.0, 0.0, 0.0, 0.0, 0.0, 0.0, 0.0, 0.0, 0.0, 0.0, 0.0, 0.0, 0.0, 0.0, 0.0, 0.0, 0.0, 0.0, 0.0, 0.0, 0.0, 0.0, 0.0, 0.0, 0.0, 0.0, 0.0, 0.0, 0.0, 0.0, 0.0, 0.0, 0.0, 0.0, 0.0, 0.0, 0.0, 0.0, 0.0, 0.0, 0.0, 0.0, 0.0, 0.0, 0.0, 0.0, 0.0, 0.0, 0.0, 0.0, 0.0, 0.0, 0.0, 0.0, 0.0, 0.0, 0.0, 0.0, 0.0, 0.0, 0.0, 0.0, 0.0, 0.0, 0.0, 0.0, 0.0, 0.0, 0.0, 0.0, 0.0, 0.0, 0.0, 0.0, 0.0, 0.0, 0.0, 0.0, 0.0, 0.0, 0.0, 0.0, 0.0, 0.0, 0.0, 0.0, 0.0, 0.0, 0.0, 0.0, 0.0, 0.0, 0.0, 0.0, 0.0, 0.0, 0.0, 0.0, 0.0, 0.0, 0.0, 0.0, 0.0, 0.0, 0.0, 0.0, 0.0, 0.0, 0.0, 0.0, 0.0, 0.0, 0.0, 0.0, 0.0, 0.0, 0.0, 0.0, 0.0, 0.0, 0.0, 0.0, 0.0, 0.0, 0.0, 0.0, 0.0, 0.0, 0.0, 0.0, 0.0, 0.0, 0.0, 0.0, 0.0, 0.0, 0.0, 0.0, 0.0, 0.0, 0.0, 0.0, 0.0, 0.0, 0.0, 0.0, 0.0, 0.0, 0.0, 0.0]",0.5,0.5,0,"[0, 0, 0, 0, 0, 0, 0, 0, 0, 0, 0, 0, 0, 0, 0, 0, 0, 0, 0, 0, 0, 0, 0, 0, 0, 0, 0, 0, 0, 0, 0, 0, 0, 0, 0, 0, 0, 0, 0, 0, 0, 0, 0, 0, 0, 0, 0, 0, 0, 0, 0, 0, 0, 0, 0, 0, 0, 0, 0, 0, 0, 0, 0, 0, 0, 0, 0, 0, 0, 0, 0, 0, 0, 0, 0, 0, 0, 0, 0, 0, 0, 0, 0, 0, 0, 0, 0, 0, 0, 0, 0, 0, 0, 0, 0, 0, 0, 0, 0, 0, 0, 0, 0, 0, 0, 0, 0, 0, 0, 0, 0, 0, 0, 0, 0, 0, 0, 0, 0, 0, 0, 0, 0, 0, 0, 0, 0, 0, 0, 0, 0, 0, 0, 0, 0, 0, 0, 0, 0, 0, 0, 0, 0, 0, 0, 0, 0, 0, 0, 0, 0, 0, 0, 0, 0, 0, 0, 0, 0, 0, 0, 0, 0, 0, 0, 0, 0, 0, 0, 0, 0, 0, 0, 0, 0, 0, 0, 0, 0, 0, 0, 0, 0, 0, 0, 0, 0, 0, 0, 0, 0, 0, 0, 0, 0, 0, 0, 0, 0, 0, 0, 0, 0, 0, 0, 0, 0, 0, 0, 0, 0, 0, 0, 0, 0, 0, 0, 0, 0, 0, 0, 0, 0, 0, 0, 0, 0, 0, 0, 0, 0, 0, 0, 0, 0, 0, 0, 0, 0, 0, 0, 0, 0, 0, 0, 0, 0, 0, 0, 0, 0, 0, 0, 0, 0, 0, 0, 0, 0, 0, 0, 0, 0, 0, 0, 0, 0, 0, 0, 0, 0, 0, 0, 0, 0, 0, 0, 0, 0, 0, 0, 0, 0, 0, 0, 0, 0, 0, 0, 0, 0, 0, 0, 0, 0, 0, 0, 0, 0, 0, 0, 0, 0, 0, 0, 0, 0, 0, 0, 0, 0, 0, 0, 0, 0, 0, 0, 0, 0, 0, 0, 0, 0, 0, 0, 0, 0, 0, 0, 0, 0, 0, 0, 0, 0, 0, 0, 0, 0, 0, 0, 0, 0, 0, 0, 0, 0, 0, 0, 0, 0, 0, 0, 0, 0, 0, 0, 0, 0, 0, 0, 0, 0, 0, 0, 0, 0, 0, 0, 0, 0, 0, 0, 0, 0, 0, 0, 0, 0, 0, 0, 0, 0, 0, 0, 0, 0, 0, 0, 0, 0, 0, 0, 0, 0, 0, 0, 0, 0, 0, 0, 0, 0, 0, 0, 0, 0, 0, 0, 0, 0, 0, 0, 0, 0, 0, 0, 0, 0, 0, 0, 0, 0, 0, 0, 0, 0, 0, 0, 0, 0, 0, 0, 0, 0, 0, 0, 0, 0, 0, 0, 0, 0, 0, 0, 0, 0, 0, 0, 0, 0, 0, 0, 0, 0, 0, 0, 0, 0, 0]",460,"[3.5648059844970703, 2.380014419555664, 3.219882011413574, 5.581596851348877, 1.1508418321609497, 1.3726348876953125, 6.448030471801758, 2.2042219638824463, 4.407884120941162, 0.5248966813087463, 5.930987358093262, 1.3724676370620728, 2.012539863586426, 4.279634952545166, 1.641878366470337, 2.1673929691314697, 3.1090197563171387, 5.465580940246582, 0.6057136058807373, 3.7697553634643555, 2.1149344444274902, 2.8251068592071533, 5.957046031951904, 1.5890432596206665, 4.260901927947998, 1.941004991531372, 2.1948442459106445, 3.447488307952881, 2.995082378387451, 6.216793060302734, 1.6875120401382446, 5.223227500915527, 0.8640080094337463, 2.925616979598999, 6.287971019744873, 1.7612663507461548, 4.793794631958008, 0.5211233496665955, 3.4586174488067627, 1.4997808933258057, 3.1960558891296387, 5.668943881988525, 0.8697898983955383, 3.192772626876831, 5.109805107116699, 0.4698753356933594, 2.843759059906006, 6.160903453826904, 1.5821480751037598, 4.266130447387695, 3.156280517578125, 2.797367572784424, 5.679678916931152, 1.2125378847122192, 0.932034432888031, 0.4213204085826874, 1.1139928102493286, 1.4540539979934692, 3.2360382080078125, 5.718780517578125, 1.252020239830017, 3.7248830795288086, 2.856649160385132, 5.94509744644165, 1.201950192451477, 0.6182735562324524, 0.5401922464370728, 3.671443462371826, 0.6483744978904724, 3.807924270629883, 0.4641225039958954, 2.264986276626587, 2.5711560249328613, 2.9732892513275146, 2.7232885360717773, 6.496497631072998, 1.7535815238952637, 4.688462257385254, 2.0999345779418945, 2.5300989151000977, 0.6950558423995972, 3.837517738342285, 3.1796886920928955, 2.9641404151916504, 5.936874866485596, 0.8644468188285828, 1.8907684087753296, 5.120004653930664, 0.5645491480827332, 3.7341034412384033, 0.5926613807678223, 2.911447763442993, 6.324831485748291, 1.4716274738311768, 5.904367446899414, 1.4385043382644653, 6.134323596954346, 1.7790969610214233, 4.5831170082092285, 0.8244691491127014, 0.40728241205215454, 5.721612453460693, 0.7093684673309326, 3.842987060546875, 1.5222898721694946, 2.3773422241210938, 1.5781179666519165, 1.6692088842391968, 5.000818729400635, 0.41612517833709717, 5.102820873260498, 0.5502030253410339, 3.9391236305236816, 0.4432606101036072, 3.197059392929077, 6.042268753051758, 1.5764886140823364, 4.624282360076904, 0.4388662576675415, 4.419688701629639, 0.9833368062973022, 0.7807357907295227, 3.750994920730591, 2.474036931991577, 2.3850204944610596, 0.4087028503417969, 2.796549081802368, 2.915963649749756, 6.109874248504639, 1.3675291538238525, 5.149752140045166, 0.8524643778800964, 3.1725220680236816, 5.545817852020264, 1.0254398584365845, 1.2438312768936157, 2.1370952129364014, 2.277142286300659, 1.4803358316421509, 4.855185031890869, 0.4240170419216156, 1.8085845708847046, 4.512080192565918, 0.5801182389259338, 3.992948532104492, 2.280454158782959, 2.5787012577056885, 1.5018054246902466, 1.9033993482589722, 4.555492877960205, 0.4072929620742798, 6.386288642883301, 1.8652136325836182, 4.151945114135742, 2.667445659637451, 2.444348096847534, 0.9856318831443787, 3.131890058517456, 5.960941314697266, 1.2187354564666748, 2.657707452774048, 2.607823371887207, 3.359066963195801, 4.6144185066223145, 0.41502436995506287, 5.015097141265869, 0.4081672430038452, 0.8363126516342163, 3.5286786556243896, 1.8571163415908813, 4.693689346313477, 0.4097667634487152, 3.0618338584899902, 2.788376569747925, 5.7396087646484375, 1.2739886045455933, 4.111504077911377, 0.6379644870758057, 1.784696340560913, 2.044264316558838, 4.3956828117370605, 0.86716628074646, 0.516390323638916, 5.980623722076416, 1.957505464553833, 5.051956653594971, 0.41767746210098267, 4.723882675170898, 0.4402720332145691, 3.126497745513916, 6.596782207489014, 1.6884255409240723, 4.9775495529174805, 0.47092410922050476, 4.372385025024414, 0.6207053065299988, 0.778899073600769, 3.878566265106201, 1.4596256017684937, 2.057401657104492, 5.144197940826416, 0.7393673658370972, 3.0677642822265625, 6.442252159118652, 1.9211852550506592, 5.135660171508789, 0.6274507641792297, 3.8426554203033447, 1.520224928855896, 1.7655926942825317, 4.5726399421691895, 0.5734923481941223, 4.322809219360352, 0.5006678104400635, 6.233749866485596, 1.6020392179489136, 4.791121959686279, 0.7089664936065674, 2.416731595993042, 2.7504570484161377, 6.738667011260986, 2.051616907119751, 3.003032922744751, 6.49498176574707, 2.361208200454712, 1.6618812084197998, 4.775305271148682, 1.3772441148757935, 1.5267261266708374, 3.864262104034424, 0.7570434808731079, 2.960092782974243, 2.8872857093811035, 5.781173229217529, 0.9844140410423279, 4.157249450683594, 2.983253240585327, 2.8902623653411865, 5.434959888458252, 1.0252633094787598, 1.6228832006454468, 3.9780123233795166, 2.263453245162964, 2.846728563308716, 6.194008827209473, 1.8942548036575317, 4.978957653045654, 0.45888710021972656, 3.117155075073242, 5.845223426818848, 1.2136868238449097, 1.4685343503952026, 1.684659481048584, 5.210183620452881, 0.8032746911048889, 3.447617769241333, 3.7005884647369385, 1.0061554908752441, 0.6911752223968506, 3.7777602672576904, 1.1185617446899414, 1.0632737874984741, 2.086594581604004, 3.4512627124786377, 2.5128350257873535, 4.955004692077637, 0.4130288362503052, 5.0465192794799805, 0.5971183180809021, 3.6282317638397217, 0.7236735820770264, 3.8725945949554443, 2.608950138092041, 2.151926279067993, 3.1192188262939453, 6.104816913604736, 1.4178112745285034, 4.314682483673096, 3.221818208694458, 2.9111483097076416, 6.228068828582764, 1.6516822576522827, 4.731654167175293, 0.413400799036026, 5.24708366394043, 0.7318806648254395, 3.6604814529418945, 0.6654353141784668, 5.229412078857422, 2.6944637298583984, 5.874320030212402, 1.6852270364761353, 5.207436561584473, 0.5452163815498352, 4.33779239654541, 2.1361420154571533, 2.829815149307251, 6.42978048324585, 1.9087148904800415, 4.866485595703125, 0.4579106867313385, 3.8940277099609375, 1.9430105686187744, 2.468703031539917, 3.031174898147583, 6.159156322479248, 1.8040757179260254, 4.708196640014648, 1.4306044578552246, 1.842765212059021, 5.0622334480285645, 0.47693222761154175, 3.5211687088012695, 1.0487643480300903, 1.281538486480713, 3.1662981510162354, 4.745606422424316, 0.4521723985671997, 3.3857576847076416, 4.350241184234619, 3.0284533500671387, 2.895550489425659, 5.757742881774902, 1.513338565826416, 4.409151077270508, 0.8270222544670105, 0.44133591651916504, 3.959491014480591, 3.3691399097442627, 2.5291712284088135, 0.41881614923477173, 4.532865524291992, 0.9920055866241455, 0.7541559338569641, 3.813605308532715, 1.5915231704711914, 1.7021231651306152, 5.481594085693359, 1.0716965198516846, 2.3332388401031494, 1.7412713766098022, 5.003021717071533, 0.4410504996776581, 2.8225860595703125, 6.613824367523193, 2.0927581787109375, 3.895672559738159, 2.7576489448547363, 2.6313693523406982, 5.838508129119873, 1.041433334350586, 1.6901289224624634, 5.316035270690918, 0.5435063242912292, 3.8797826766967773, 1.8437018394470215, 2.213944911956787, 2.5419156551361084, 1.9427086114883423, 2.025838851928711, 4.864663600921631, 0.5504588484764099, 5.752886772155762, 0.9563378691673279, 3.1138575077056885, 5.942685604095459, 1.3110557794570923, 0.8537567257881165, 0.6091471314430237, 0.6175387501716614, 3.7364630699157715, 0.40851759910583496, 4.390138149261475, 0.7164011597633362, 2.2846829891204834, 2.857433557510376, 6.3672380447387695, 1.901499629020691, 4.137584686279297, 0.7677505612373352, 2.3702852725982666, 2.67580509185791, 4.017319202423096, 3.0067334175109863, 3.0037543773651123, 6.311954975128174, 1.5695925951004028, 4.601083278656006, 0.45773574709892273, 1.2608357667922974, 4.439779758453369, 2.575892686843872, 1.1482138633728027, 0.8110932111740112, 3.944668769836426, 6.437495231628418, 2.3986878395080566, 1.534234881401062, 1.7312220335006714, 4.998330593109131, 0.47122180461883545, 3.572951316833496, 1.0964263677597046, 3.3232245445251465, 4.822015285491943, 0.6447892189025879, 4.482334613800049, 1.4344254732131958, 2.0152742862701416, 5.01953125, 0.48620861768722534, 3.077172040939331, 5.61135721206665, 0.4740772247314453, 2.7572643756866455, 6.0504913330078125, 1.6400885581970215, 3.601764440536499, 0.41068053245544434, 1.5900108814239502, 2.6418793201446533, 6.17779541015625, 1.3801469802856445, 5.643697738647461, 1.233449935913086, 3.3153698444366455, 2.693786859512329, 1.0449726581573486, 2.0751726627349854, 3.805529832839966, 0.4187867045402527, 1.7897082567214966, 4.686806678771973, 3.0540833473205566, 2.8982667922973633, 5.522943496704102, 0.8385846018791199, 3.1820876598358154, 5.631887912750244, 0.946082592010498, 3.230022668838501, 4.359705924987793, 2.652205228805542, 3.159653425216675, 5.51345682144165, 0.6697036623954773, 3.922410011291504, 1.3813471794128418, 1.8662067651748657, 3.840297222137451, 2.762451410293579, 2.853693962097168, 5.974164962768555, 1.5084495544433594, 4.866720199584961, 0.4288070797920227, 1.220205545425415, 0.6424408555030823, 3.682896137237549, 0.9136644005775452]",0.0,"[0.0, 0.0, 0.0, 0.0, 0.0, 0.0, 0.0, 0.0, 0.0, 0.0, 0.0, 0.0, 0.0, 0.0, 0.0, 0.0, 0.0, 0.0, 0.0, 0.0, 0.0, 0.0, 0.0, 0.0, 0.0, 0.0, 0.0, 0.0, 0.0, 0.0, 0.0, 0.0, 0.0, 0.0, 0.0, 0.0, 0.0, 0.0, 0.0, 0.0, 0.0, 0.0, 0.0, 0.0, 0.0, 0.0, 0.0, 0.0, 0.0, 0.0, 0.0, 0.0, 0.0, 0.0, 0.0, 0.0, 0.0, 0.0, 0.0, 0.0, 0.0, 0.0, 0.0, 0.0, 0.0, 0.0, 0.0, 0.0, 0.0, 0.0, 0.0, 0.0, 0.0, 0.0, 0.0, 0.0, 0.0, 0.0, 0.0, 0.0, 0.0, 0.0, 0.0, 0.0, 0.0, 0.0, 0.0, 0.0, 0.0, 0.0, 0.0, 0.0, 0.0, 0.0, 0.0, 0.0, 0.0, 0.0, 0.0, 0.0, 0.0, 0.0, 0.0, 0.0, 0.0, 0.0, 0.0, 0.0, 0.0, 0.0, 0.0, 0.0, 0.0, 0.0, 0.0, 0.0, 0.0, 0.0, 0.0, 0.0, 0.0, 0.0, 0.0, 0.0, 0.0, 0.0, 0.0, 0.0, 0.0, 0.0, 0.0, 0.0, 0.0, 0.0, 0.0, 0.0, 0.0, 0.0, 0.0, 0.0, 0.0, 0.0, 0.0, 0.0, 0.0, 0.0, 0.0, 0.0, 0.0, 0.0, 0.0, 0.0, 0.0, 0.0, 0.0, 0.0, 0.0, 0.0, 0.0, 0.0, 0.0, 0.0, 0.0, 0.0, 0.0, 0.0, 0.0, 0.0, 0.0, 0.0, 0.0, 0.0, 0.0, 0.0, 0.0, 0.0, 0.0, 0.0, 0.0, 0.0, 0.0, 0.0, 0.0, 0.0, 0.0, 0.0, 0.0, 0.0, 0.0, 0.0, 0.0, 0.0, 0.0, 0.0, 0.0, 0.0, 0.0, 0.0, 0.0, 0.0, 0.0, 0.0, 0.0, 0.0, 0.0, 0.0, 0.0, 0.0, 0.0, 0.0, 0.0, 0.0, 0.0, 0.0, 0.0, 0.0, 0.0, 0.0, 0.0, 0.0, 0.0, 0.0, 0.0, 0.0, 0.0, 0.0, 0.0, 0.0, 0.0, 0.0, 0.0, 0.0, 0.0, 0.0, 0.0, 0.0, 0.0, 0.0, 0.0, 0.0, 0.0, 0.0, 0.0, 0.0, 0.0, 0.0, 0.0, 0.0, 0.0, 0.0, 0.0, 0.0, 0.0, 0.0, 0.0, 0.0, 0.0, 0.0, 0.0, 0.0, 0.0, 0.0, 0.0, 0.0, 0.0, 0.0, 0.0, 0.0, 0.0, 0.0, 0.0, 0.0, 0.0, 0.0, 0.0, 0.0, 0.0, 0.0, 0.0, 0.0, 0.0, 0.0, 0.0, 0.0, 0.0, 0.0, 0.0, 0.0, 0.0, 0.0, 0.0, 0.0, 0.0, 0.0, 0.0, 0.0, 0.0, 0.0, 0.0, 0.0, 0.0, 0.0, 0.0, 0.0, 0.0, 0.0, 0.0, 0.0, 0.0, 0.0, 0.0, 0.0, 0.0, 0.0, 0.0, 0.0, 0.0, 0.0, 0.0, 0.0, 0.0, 0.0, 0.0, 0.0, 0.0, 0.0, 0.0, 0.0, 0.0, 0.0, 0.0, 0.0, 0.0, 0.0, 0.0, 0.0, 0.0, 0.0, 0.0, 0.0, 0.0, 0.0, 0.0, 0.0, 0.0, 0.0, 0.0, 0.0, 0.0, 0.0, 0.0, 0.0, 0.0, 0.0, 0.0, 0.0, 0.0, 0.0, 0.0, 0.0, 0.0, 0.0, 0.0, 0.0, 0.0, 0.0, 0.0, 0.0, 0.0, 0.0, 0.0, 0.0, 0.0, 0.0, 0.0, 0.0, 0.0, 0.0, 0.0, 0.0, 0.0, 0.0, 0.0, 0.0, 0.0, 0.0, 0.0, 0.0, 0.0, 0.0, 0.0, 0.0, 0.0, 0.0, 0.0, 0.0, 0.0, 0.0, 0.0, 0.0, 0.0, 0.0, 0.0, 0.0, 0.0, 0.0, 0.0, 0.0, 0.0, 0.0, 0.0, 0.0, 0.0, 0.0, 0.0, 0.0, 0.0, 0.0, 0.0, 0.0, 0.0, 0.0, 0.0, 0.0, 0.0, 0.0, 0.0, 0.0, 0.0, 0.0, 0.0, 0.0, 0.0, 0.0, 0.0, 0.0, 0.0, 0.0, 0.0, 0.0, 0.0, 0.0, 0.0, 0.0, 0.0, 0.0, 0.0, 0.0, 0.0, 0.0, 0.0, 0.0, 0.0, 0.0, 0.0, 0.0, 0.0, 0.0, 0.0, 0.0]",COMPLETE
