,number,value,datetime_start,datetime_complete,duration,params_batch_size_scaler,params_constant_learning_rate,params_depth,params_epochs,params_kernel_l2,params_num_trees,params_temperature,user_attrs_accuracy_test,user_attrs_accuracy_valid,user_attrs_approximate_feature_sparsity,user_attrs_approximate_feature_sparsity_history,user_attrs_approximate_weight_sparsity,user_attrs_approximate_weight_sparsity_history,user_attrs_auc_test,user_attrs_auc_valid,user_attrs_feature_sparsity,user_attrs_feature_sparsity_history,user_attrs_num_epochs,user_attrs_val_loss_history,user_attrs_weight_sparsity,user_attrs_weight_sparsity_history,state
13,13,0.8073965297368318,2024-08-31 01:21:58.913708,2024-08-31 01:22:36.112118,0 days 00:00:37.198410,16,0.01549540550439718,1,405,0.0032415313555155356,25,0.00038550842767509397,0.869,0.86625,33,"[33, 33, 33, 33, 33, 33, 33, 33, 33, 33, 33, 33, 33, 33, 33, 33, 33, 33, 33, 33, 33, 33, 33, 33, 33, 33, 33, 33, 33, 33, 33, 33, 33, 33, 33, 33, 33, 33, 33, 33, 33, 33, 33, 33, 33, 33, 33, 33, 33, 33, 33, 33, 33, 33, 33, 33, 33, 33, 33, 33, 33, 33, 33, 33, 33, 33, 33, 33, 33, 33, 33, 33, 33, 33, 33, 33, 33, 33, 33, 33, 33, 33, 33, 33, 33, 33, 33, 33, 33, 33, 33, 33, 33, 33, 33, 33, 33, 33, 33, 33, 33, 33, 33, 33, 33, 33, 33, 33, 33, 33, 33, 33, 33, 33, 33, 33, 33, 33, 33, 33, 33, 33, 33, 33, 33, 33, 33, 33, 33, 33, 33, 33, 33, 33, 33, 33, 33, 33, 33, 33, 33, 33, 33, 33, 33, 33, 33, 33, 33, 33, 33, 33, 33, 33, 33, 33, 33, 33, 33, 33, 33, 33, 33, 33, 33, 33, 33, 33, 33, 33, 33, 33, 33, 33, 33, 33, 33, 33, 33, 33, 33, 33, 33, 33, 33, 33, 33, 33, 33, 33, 33, 33, 33, 33, 33, 33, 33, 33, 33, 33, 33, 33, 33, 33, 33, 33, 33, 33, 33, 33, 33, 33, 33, 33, 33, 33, 33, 33, 33, 33, 33, 33, 33, 33, 33, 33, 33, 33, 33, 33, 33, 33, 33, 33, 33, 33, 33, 33, 33, 33, 33, 33, 33, 33, 33, 33, 33, 33, 33, 33, 33, 33, 33, 33, 33, 33, 33, 33, 33, 33, 33, 33, 33, 33, 33, 33, 33, 33, 33, 33, 33, 33, 33, 33, 33, 33, 33, 33, 33, 33, 33, 33, 33, 33, 33, 33, 33, 33, 33, 33, 33, 33, 33, 33, 33, 33, 33, 33, 33, 33, 33, 33, 33, 33, 33, 33, 33, 33, 33, 33, 33, 33, 33, 33, 33, 33, 33, 33, 33, 33, 33, 33, 33, 33, 33, 33, 33, 33, 33, 33, 33, 33, 33, 33, 33, 33, 33, 33, 33, 33, 33, 33, 33, 33, 33, 33, 33, 33, 33, 33, 33, 33, 33, 33, 33, 33, 33, 33, 33, 33, 33, 33, 33, 33, 33, 33, 33, 33, 33, 33, 33, 33, 33, 33, 33, 33, 33, 33, 33, 33, 33, 33, 33, 33, 33, 33, 33, 33, 33, 33, 33, 33, 33, 33, 33, 33, 33, 33, 33, 33, 33, 33, 33, 33, 33]",32.96,"[33.0, 32.96, 32.92, 33.0, 33.0, 33.0, 33.0, 33.0, 33.0, 33.0, 33.0, 33.0, 33.0, 32.96, 33.0, 33.0, 33.0, 33.0, 32.96, 33.0, 32.96, 32.96, 33.0, 33.0, 33.0, 33.0, 33.0, 32.96, 33.0, 33.0, 33.0, 33.0, 33.0, 33.0, 33.0, 33.0, 33.0, 32.96, 33.0, 33.0, 32.96, 32.96, 33.0, 33.0, 33.0, 33.0, 33.0, 33.0, 33.0, 33.0, 33.0, 33.0, 32.96, 33.0, 33.0, 32.96, 32.96, 33.0, 33.0, 33.0, 32.96, 33.0, 32.96, 33.0, 33.0, 32.96, 33.0, 33.0, 33.0, 33.0, 33.0, 33.0, 32.92, 33.0, 33.0, 33.0, 33.0, 33.0, 33.0, 33.0, 33.0, 33.0, 33.0, 33.0, 33.0, 33.0, 33.0, 33.0, 33.0, 33.0, 33.0, 33.0, 32.96, 32.96, 32.96, 32.96, 32.96, 33.0, 33.0, 33.0, 33.0, 33.0, 33.0, 33.0, 33.0, 33.0, 33.0, 33.0, 33.0, 33.0, 33.0, 33.0, 33.0, 32.96, 33.0, 33.0, 33.0, 33.0, 33.0, 33.0, 33.0, 33.0, 33.0, 33.0, 33.0, 33.0, 33.0, 33.0, 33.0, 33.0, 33.0, 32.96, 33.0, 33.0, 33.0, 33.0, 32.96, 32.96, 33.0, 33.0, 33.0, 33.0, 33.0, 33.0, 33.0, 32.96, 32.96, 32.96, 32.96, 32.96, 32.96, 32.92, 32.96, 32.92, 32.96, 33.0, 33.0, 33.0, 33.0, 33.0, 33.0, 33.0, 33.0, 33.0, 33.0, 33.0, 32.96, 32.96, 32.92, 32.96, 32.96, 33.0, 32.96, 32.96, 32.96, 32.96, 32.96, 32.92, 32.96, 32.96, 32.96, 32.96, 33.0, 33.0, 33.0, 33.0, 33.0, 33.0, 32.96, 33.0, 33.0, 33.0, 33.0, 33.0, 33.0, 32.96, 33.0, 33.0, 33.0, 33.0, 33.0, 33.0, 33.0, 33.0, 33.0, 33.0, 33.0, 33.0, 33.0, 33.0, 33.0, 33.0, 33.0, 33.0, 33.0, 33.0, 33.0, 33.0, 32.96, 32.96, 32.96, 33.0, 33.0, 33.0, 33.0, 33.0, 33.0, 33.0, 33.0, 33.0, 33.0, 33.0, 33.0, 33.0, 32.96, 32.96, 32.96, 33.0, 33.0, 33.0, 33.0, 33.0, 33.0, 33.0, 33.0, 33.0, 33.0, 33.0, 33.0, 33.0, 32.96, 32.96, 33.0, 33.0, 33.0, 33.0, 33.0, 33.0, 32.96, 32.96, 33.0, 33.0, 33.0, 33.0, 33.0, 33.0, 33.0, 33.0, 33.0, 33.0, 33.0, 33.0, 32.92, 32.96, 33.0, 33.0, 33.0, 33.0, 32.96, 32.96, 32.96, 32.96, 32.96, 33.0, 33.0, 32.96, 32.96, 32.96, 32.96, 32.96, 33.0, 33.0, 33.0, 33.0, 33.0, 33.0, 33.0, 33.0, 33.0, 33.0, 33.0, 33.0, 33.0, 33.0, 33.0, 33.0, 33.0, 33.0, 33.0, 33.0, 33.0, 33.0, 33.0, 33.0, 33.0, 32.96, 32.96, 33.0, 33.0, 33.0, 33.0, 33.0, 33.0, 32.96, 32.96, 33.0, 33.0, 33.0, 33.0, 32.96, 32.96, 32.96, 32.96, 33.0, 33.0, 33.0, 33.0, 33.0, 33.0, 33.0, 33.0, 33.0, 33.0, 33.0, 33.0, 33.0, 33.0, 33.0, 33.0, 33.0, 33.0, 33.0, 32.96, 33.0, 33.0, 33.0, 33.0, 33.0, 33.0, 33.0, 33.0, 33.0, 33.0, 33.0, 33.0, 33.0, 33.0, 33.0, 33.0, 33.0, 33.0, 33.0, 33.0, 33.0, 33.0, 33.0, 33.0, 33.0, 33.0, 33.0, 33.0, 33.0, 33.0, 33.0, 33.0, 33.0, 33.0, 33.0, 33.0, 33.0, 33.0, 33.0, 33.0, 33.0, 33.0, 33.0, 33.0, 33.0, 33.0, 33.0, 33.0, 33.0, 33.0, 33.0, 32.96]",0.8261461868080152,0.8073965297368318,33,"[33, 33, 33, 33, 33, 33, 33, 33, 33, 33, 33, 33, 33, 33, 33, 33, 33, 33, 33, 33, 33, 33, 33, 33, 33, 33, 33, 33, 33, 33, 33, 33, 33, 33, 33, 33, 33, 33, 33, 33, 33, 33, 33, 33, 33, 33, 33, 33, 33, 33, 33, 33, 33, 33, 33, 33, 33, 33, 33, 33, 33, 33, 33, 33, 33, 33, 33, 33, 33, 33, 33, 33, 33, 33, 33, 33, 33, 33, 33, 33, 33, 33, 33, 33, 33, 33, 33, 33, 33, 33, 33, 33, 33, 33, 33, 33, 33, 33, 33, 33, 33, 33, 33, 33, 33, 33, 33, 33, 33, 33, 33, 33, 33, 33, 33, 33, 33, 33, 33, 33, 33, 33, 33, 33, 33, 33, 33, 33, 33, 33, 33, 33, 33, 33, 33, 33, 33, 33, 33, 33, 33, 33, 33, 33, 33, 33, 33, 33, 33, 33, 33, 33, 33, 33, 33, 33, 33, 33, 33, 33, 33, 33, 33, 33, 33, 33, 33, 33, 33, 33, 33, 33, 33, 33, 33, 33, 33, 33, 33, 33, 33, 33, 33, 33, 33, 33, 33, 33, 33, 33, 33, 33, 33, 33, 33, 33, 33, 33, 33, 33, 33, 33, 33, 33, 33, 33, 33, 33, 33, 33, 33, 33, 33, 33, 33, 33, 33, 33, 33, 33, 33, 33, 33, 33, 33, 33, 33, 33, 33, 33, 33, 33, 33, 33, 33, 33, 33, 33, 33, 33, 33, 33, 33, 33, 33, 33, 33, 33, 33, 33, 33, 33, 33, 33, 33, 33, 33, 33, 33, 33, 33, 33, 33, 33, 33, 33, 33, 33, 33, 33, 33, 33, 33, 33, 33, 33, 33, 33, 33, 33, 33, 33, 33, 33, 33, 33, 33, 33, 33, 33, 33, 33, 33, 33, 33, 33, 33, 33, 33, 33, 33, 33, 33, 33, 33, 33, 33, 33, 33, 33, 33, 33, 33, 33, 33, 33, 33, 33, 33, 33, 33, 33, 33, 33, 33, 33, 33, 33, 33, 33, 33, 33, 33, 33, 33, 33, 33, 33, 33, 33, 33, 33, 33, 33, 33, 33, 33, 33, 33, 33, 33, 33, 33, 33, 33, 33, 33, 33, 33, 33, 33, 33, 33, 33, 33, 33, 33, 33, 33, 33, 33, 33, 33, 33, 33, 33, 33, 33, 33, 33, 33, 33, 33, 33, 33, 33, 33, 33, 33, 33, 33, 33, 33, 33, 33, 33, 33, 33, 33, 33, 33, 33, 33, 33, 33]",405,"[0.6376686692237854, 0.46802768111228943, 0.44298607110977173, 0.43659183382987976, 0.4333253502845764, 0.43105968832969666, 0.42909127473831177, 0.42725086212158203, 0.4254995584487915, 0.4238438904285431, 0.4222041964530945, 0.42065221071243286, 0.4191856384277344, 0.4177806079387665, 0.4164368808269501, 0.41512027382850647, 0.4138624668121338, 0.4126482903957367, 0.41152533888816833, 0.4103904962539673, 0.40934643149375916, 0.40828490257263184, 0.40726619958877563, 0.4063138961791992, 0.40538227558135986, 0.4045076072216034, 0.4036659896373749, 0.4028328061103821, 0.4020363986492157, 0.40125998854637146, 0.4004803001880646, 0.39974483847618103, 0.3990419805049896, 0.3983369469642639, 0.3976891040802002, 0.3970344662666321, 0.3963897228240967, 0.3957856297492981, 0.3951770067214966, 0.3945833146572113, 0.3940085470676422, 0.3934450149536133, 0.3929022252559662, 0.3923706114292145, 0.39183956384658813, 0.39134907722473145, 0.3908654451370239, 0.3904511332511902, 0.389926552772522, 0.38946449756622314, 0.38903263211250305, 0.38860392570495605, 0.3881462514400482, 0.38770538568496704, 0.3873063921928406, 0.3868960440158844, 0.3864884674549103, 0.3861262798309326, 0.38573968410491943, 0.38534682989120483, 0.3850604295730591, 0.384619802236557, 0.38424602150917053, 0.3838323950767517, 0.3835050165653229, 0.383180171251297, 0.3828323483467102, 0.38254693150520325, 0.38222357630729675, 0.38193079829216003, 0.3816298544406891, 0.38127508759498596, 0.3809734284877777, 0.3807038962841034, 0.3803655505180359, 0.38003143668174744, 0.3797733187675476, 0.37948092818260193, 0.3791871666908264, 0.3789260983467102, 0.37858638167381287, 0.37833431363105774, 0.378036230802536, 0.37779700756073, 0.37748435139656067, 0.3771863579750061, 0.37694400548934937, 0.376735121011734, 0.3764827251434326, 0.37614062428474426, 0.3758535087108612, 0.3757078945636749, 0.37547361850738525, 0.37522974610328674, 0.3750057518482208, 0.3747543692588806, 0.37436676025390625, 0.37415841221809387, 0.37387552857398987, 0.3736320734024048, 0.37338992953300476, 0.37315377593040466, 0.37290215492248535, 0.3727095127105713, 0.37246131896972656, 0.3722909092903137, 0.3719716966152191, 0.37175410985946655, 0.3714747130870819, 0.37127408385276794, 0.3710130453109741, 0.3707486689090729, 0.3705582320690155, 0.370367169380188, 0.3701159954071045, 0.36987435817718506, 0.3696669340133667, 0.369541198015213, 0.3692995309829712, 0.3689662218093872, 0.3687518239021301, 0.36850297451019287, 0.368299663066864, 0.3680616617202759, 0.367892861366272, 0.36768487095832825, 0.36753836274147034, 0.36728227138519287, 0.3670275807380676, 0.3667985200881958, 0.36658093333244324, 0.3663562536239624, 0.3660720884799957, 0.3659580647945404, 0.36572495102882385, 0.36553364992141724, 0.3652885854244232, 0.36509108543395996, 0.3648257553577423, 0.36461690068244934, 0.36438849568367004, 0.3642134964466095, 0.36405399441719055, 0.36382365226745605, 0.3636106550693512, 0.36335861682891846, 0.36316558718681335, 0.36299237608909607, 0.36277732253074646, 0.3626040518283844, 0.362428218126297, 0.3622349202632904, 0.3621048331260681, 0.3618375062942505, 0.3615863025188446, 0.3613695800304413, 0.36114761233329773, 0.36100146174430847, 0.3607579469680786, 0.36057910323143005, 0.3604310154914856, 0.36015745997428894, 0.359984815120697, 0.35986560583114624, 0.3595864474773407, 0.3594052493572235, 0.3591921329498291, 0.358932226896286, 0.3587602376937866, 0.3585568964481354, 0.3583986759185791, 0.3582308888435364, 0.3580157160758972, 0.3578871190547943, 0.35769450664520264, 0.35751357674598694, 0.3572596609592438, 0.357085645198822, 0.35684525966644287, 0.3566727042198181, 0.3564820885658264, 0.35629802942276, 0.3561452627182007, 0.3559359312057495, 0.35577094554901123, 0.3555590808391571, 0.3554039001464844, 0.3552149534225464, 0.355055570602417, 0.3548547327518463, 0.3546833097934723, 0.35454317927360535, 0.3544418215751648, 0.3542099893093109, 0.3540128469467163, 0.35378915071487427, 0.3536261320114136, 0.3534322679042816, 0.3532973527908325, 0.35321834683418274, 0.3529941439628601, 0.3527478277683258, 0.35256466269493103, 0.35241663455963135, 0.35223785042762756, 0.35202112793922424, 0.3519030511379242, 0.3516862988471985, 0.3515329360961914, 0.3513517677783966, 0.35119885206222534, 0.3509629964828491, 0.35085681080818176, 0.3506242334842682, 0.35047051310539246, 0.3502574563026428, 0.3501643240451813, 0.34997937083244324, 0.3498202860355377, 0.3496192991733551, 0.349549263715744, 0.34943631291389465, 0.3492768108844757, 0.34914928674697876, 0.34888267517089844, 0.3487482964992523, 0.34853672981262207, 0.3483814597129822, 0.3482394516468048, 0.3480278253555298, 0.34780770540237427, 0.34764349460601807, 0.34742453694343567, 0.3473052978515625, 0.34714823961257935, 0.3469598889350891, 0.3469618856906891, 0.34688809514045715, 0.3465871810913086, 0.34639036655426025, 0.3462134897708893, 0.3460671901702881, 0.3459157645702362, 0.3458024859428406, 0.345602810382843, 0.34551945328712463, 0.34536248445510864, 0.34520888328552246, 0.34508568048477173, 0.34492427110671997, 0.3448120951652527, 0.34471869468688965, 0.3445472717285156, 0.3444294035434723, 0.344298779964447, 0.3440440893173218, 0.3438904285430908, 0.34376612305641174, 0.34365636110305786, 0.34347352385520935, 0.34340131282806396, 0.34325888752937317, 0.3431243896484375, 0.3429432213306427, 0.3428431749343872, 0.3426395356655121, 0.342484712600708, 0.3424060046672821, 0.3422541916370392, 0.3420799672603607, 0.3419024646282196, 0.3417375981807709, 0.3416212201118469, 0.3415004312992096, 0.3413768708705902, 0.3412916958332062, 0.34113937616348267, 0.34096404910087585, 0.3408545255661011, 0.34070882201194763, 0.3405517339706421, 0.3405151665210724, 0.34034842252731323, 0.3402445316314697, 0.3401210904121399, 0.3400084376335144, 0.33996668457984924, 0.3397650420665741, 0.3396433889865875, 0.3394850492477417, 0.3395472764968872, 0.33927878737449646, 0.33906781673431396, 0.33895233273506165, 0.33885157108306885, 0.3387608826160431, 0.33860984444618225, 0.33847376704216003, 0.3383684456348419, 0.33846402168273926, 0.33826079964637756, 0.33814775943756104, 0.33798351883888245, 0.3378208577632904, 0.33767253160476685, 0.33754467964172363, 0.33737635612487793, 0.3372875154018402, 0.33716338872909546, 0.33709603548049927, 0.33702102303504944, 0.33690354228019714, 0.3367660939693451, 0.3367391526699066, 0.33661067485809326, 0.3364570736885071, 0.33625873923301697, 0.3360910713672638, 0.3360208570957184, 0.33590611815452576, 0.3358575403690338, 0.3357475697994232, 0.33559632301330566, 0.33553454279899597, 0.33539634943008423, 0.33526790142059326, 0.3352051079273224, 0.3350350856781006, 0.3348925709724426, 0.3347996473312378, 0.33466285467147827, 0.3345390260219574, 0.33447471261024475, 0.33443203568458557, 0.33428287506103516, 0.3341754972934723, 0.3340436518192291, 0.33387234807014465, 0.33384668827056885, 0.3337261974811554, 0.3337121903896332, 0.33356744050979614, 0.333439439535141, 0.333375483751297, 0.3331884443759918, 0.33304715156555176, 0.3329375088214874, 0.33286812901496887, 0.3327883183956146, 0.33257779479026794, 0.3325123190879822, 0.3324539065361023, 0.33235085010528564, 0.3322015404701233, 0.3322019577026367, 0.33212271332740784, 0.332088440656662, 0.33198392391204834, 0.33182916045188904, 0.3316984176635742, 0.331627756357193, 0.3315510153770447, 0.3313922882080078, 0.33136215806007385, 0.33117589354515076, 0.3310967683792114, 0.33100491762161255, 0.33089587092399597, 0.33095401525497437, 0.3308337330818176, 0.3306921124458313, 0.3306010961532593, 0.33056479692459106, 0.3303588032722473, 0.3302617371082306, 0.3302319049835205, 0.33022740483283997, 0.3300335705280304, 0.3300234079360962, 0.3299124538898468, 0.32982566952705383, 0.32971176505088806, 0.3296079933643341, 0.32945525646209717, 0.3293006122112274, 0.3292490243911743, 0.32913294434547424, 0.3290213644504547, 0.3290131688117981, 0.32883715629577637, 0.32875382900238037, 0.3286294937133789, 0.32859471440315247, 0.3284495174884796, 0.3284035921096802, 0.3282751142978668, 0.328134149312973, 0.3280293643474579, 0.32795250415802, 0.3280247449874878, 0.327912837266922, 0.32777172327041626, 0.3276248276233673, 0.3275022506713867, 0.32742395997047424]",33.0,"[33.0, 33.0, 33.0, 33.0, 33.0, 33.0, 33.0, 33.0, 33.0, 33.0, 33.0, 33.0, 33.0, 33.0, 33.0, 33.0, 33.0, 33.0, 33.0, 33.0, 33.0, 33.0, 33.0, 33.0, 33.0, 33.0, 33.0, 33.0, 33.0, 33.0, 33.0, 33.0, 33.0, 33.0, 33.0, 33.0, 33.0, 33.0, 33.0, 33.0, 33.0, 33.0, 33.0, 33.0, 33.0, 33.0, 33.0, 33.0, 33.0, 33.0, 33.0, 33.0, 33.0, 33.0, 33.0, 33.0, 33.0, 33.0, 33.0, 33.0, 33.0, 33.0, 33.0, 33.0, 33.0, 33.0, 33.0, 33.0, 33.0, 33.0, 33.0, 33.0, 33.0, 33.0, 33.0, 33.0, 33.0, 33.0, 33.0, 33.0, 33.0, 33.0, 33.0, 33.0, 33.0, 33.0, 33.0, 33.0, 33.0, 33.0, 33.0, 33.0, 33.0, 33.0, 33.0, 33.0, 33.0, 33.0, 33.0, 33.0, 33.0, 33.0, 33.0, 33.0, 33.0, 33.0, 33.0, 33.0, 33.0, 33.0, 33.0, 33.0, 33.0, 33.0, 33.0, 33.0, 33.0, 33.0, 33.0, 33.0, 33.0, 33.0, 33.0, 33.0, 33.0, 33.0, 33.0, 33.0, 33.0, 33.0, 33.0, 33.0, 33.0, 33.0, 33.0, 33.0, 33.0, 33.0, 33.0, 33.0, 33.0, 33.0, 33.0, 33.0, 33.0, 33.0, 33.0, 33.0, 33.0, 33.0, 33.0, 33.0, 33.0, 33.0, 33.0, 33.0, 33.0, 33.0, 33.0, 33.0, 33.0, 33.0, 33.0, 33.0, 33.0, 33.0, 33.0, 33.0, 33.0, 33.0, 33.0, 33.0, 33.0, 33.0, 33.0, 33.0, 33.0, 33.0, 33.0, 33.0, 33.0, 33.0, 33.0, 33.0, 33.0, 33.0, 33.0, 33.0, 33.0, 33.0, 33.0, 33.0, 33.0, 33.0, 33.0, 33.0, 33.0, 33.0, 33.0, 33.0, 33.0, 33.0, 33.0, 33.0, 33.0, 33.0, 33.0, 33.0, 33.0, 33.0, 33.0, 33.0, 33.0, 33.0, 33.0, 33.0, 33.0, 33.0, 33.0, 33.0, 33.0, 33.0, 33.0, 33.0, 33.0, 33.0, 33.0, 33.0, 33.0, 33.0, 33.0, 33.0, 33.0, 33.0, 33.0, 33.0, 33.0, 33.0, 33.0, 33.0, 33.0, 33.0, 33.0, 33.0, 33.0, 33.0, 33.0, 33.0, 33.0, 33.0, 33.0, 33.0, 33.0, 33.0, 33.0, 33.0, 33.0, 33.0, 33.0, 33.0, 33.0, 33.0, 33.0, 33.0, 33.0, 33.0, 33.0, 33.0, 33.0, 33.0, 33.0, 33.0, 33.0, 33.0, 33.0, 33.0, 33.0, 33.0, 33.0, 33.0, 33.0, 33.0, 33.0, 33.0, 33.0, 33.0, 33.0, 33.0, 33.0, 33.0, 33.0, 33.0, 33.0, 33.0, 33.0, 33.0, 33.0, 33.0, 33.0, 33.0, 33.0, 33.0, 33.0, 33.0, 33.0, 33.0, 33.0, 33.0, 33.0, 33.0, 33.0, 33.0, 33.0, 33.0, 33.0, 33.0, 33.0, 33.0, 33.0, 33.0, 33.0, 33.0, 33.0, 33.0, 33.0, 33.0, 33.0, 33.0, 33.0, 33.0, 33.0, 33.0, 33.0, 33.0, 33.0, 33.0, 33.0, 33.0, 33.0, 33.0, 33.0, 33.0, 33.0, 33.0, 33.0, 33.0, 33.0, 33.0, 33.0, 33.0, 33.0, 33.0, 33.0, 33.0, 33.0, 33.0, 33.0, 33.0, 33.0, 33.0, 33.0, 33.0, 33.0, 33.0, 33.0, 33.0, 33.0, 33.0, 33.0, 33.0, 33.0, 33.0, 33.0, 33.0, 33.0, 33.0, 33.0, 33.0, 33.0, 33.0, 33.0, 33.0, 33.0, 33.0, 33.0, 33.0, 33.0, 33.0, 33.0, 33.0, 33.0, 33.0, 33.0, 33.0, 33.0, 33.0, 33.0, 33.0, 33.0, 33.0, 33.0, 33.0, 33.0, 33.0, 33.0]",COMPLETE
