,number,value,datetime_start,datetime_complete,duration,params_batch_size_scaler,params_constant_learning_rate,params_depth,params_epochs,params_kernel_l2,params_num_trees,params_temperature,user_attrs_accuracy_test,user_attrs_accuracy_valid,user_attrs_approximate_feature_sparsity,user_attrs_approximate_feature_sparsity_history,user_attrs_approximate_weight_sparsity,user_attrs_approximate_weight_sparsity_history,user_attrs_auc_test,user_attrs_auc_valid,user_attrs_feature_sparsity,user_attrs_feature_sparsity_history,user_attrs_num_epochs,user_attrs_val_loss_history,user_attrs_weight_sparsity,user_attrs_weight_sparsity_history,state
4,4,0.7060066210663266,2024-08-31 00:38:13.799486,2024-08-31 00:41:04.189481,0 days 00:02:50.389995,64,0.010154128091270018,6,200,0.27618331160393483,47,0.004358825610155975,0.859,0.85875,33,"[33, 33, 33, 33, 33, 33, 33, 33, 33, 33, 33, 33, 33, 33, 33, 33, 33, 33, 33, 33, 33, 33, 33, 33, 33, 33, 33, 33, 33, 33, 33, 33, 33, 33, 33, 33, 33, 33, 33, 33, 33, 33, 33, 33, 33, 33, 33, 33, 33, 33, 33, 33, 33, 33, 33, 33, 33, 33, 33, 33, 33, 33, 33, 33, 33, 33, 33, 33, 33, 33, 33, 33, 33, 33, 33, 33, 33, 33, 33, 33, 33, 33, 33, 33, 33, 33, 33, 33, 33, 33, 33, 33, 33, 33, 33, 33, 33, 33, 33, 33, 33, 33, 33, 33, 33, 33, 33, 33, 33, 33, 33, 33, 33, 33, 33, 33, 33, 33, 33, 33, 33, 33, 33, 33, 33, 33, 33, 33, 33, 33, 33, 33, 33, 33, 33, 33, 33, 33, 33, 33, 33, 33, 33, 33, 33, 33, 33, 33, 33, 33, 33, 33, 33, 33, 33, 33, 33, 33, 33, 33, 33, 33, 33, 33, 33, 33, 33, 33, 33, 33, 33, 33, 33, 33, 33, 33, 33, 33, 33, 33, 33, 33, 33, 33, 33, 33, 33, 33, 33, 33, 33, 33, 33, 33, 33, 33, 33, 33, 33, 33]",32.93042890915231,"[32.92468760553867, 32.92401215805471, 32.92502532928065, 32.92536305302263, 32.92401215805471, 32.92536305302263, 32.92671394799054, 32.926376224248564, 32.927727119216485, 32.927727119216485, 32.92367443431274, 32.92131036811888, 32.9209726443769, 32.92131036811888, 32.924012158054715, 32.92164809186086, 32.922323539344816, 32.92367443431274, 32.92299898682877, 32.92468760553867, 32.92536305302263, 32.924349881796694, 32.922661263086795, 32.92367443431274, 32.92570077676461, 32.926376224248564, 32.926038500506586, 32.92468760553867, 32.92536305302263, 32.92468760553867, 32.92468760553867, 32.922661263086795, 32.92333671057076, 32.92367443431273, 32.922661263086795, 32.922661263086795, 32.921310368118874, 32.920972644376896, 32.921310368118874, 32.922661263086795, 32.92198581560284, 32.922661263086795, 32.92164809186086, 32.92299898682877, 32.922661263086795, 32.92333671057075, 32.92198581560284, 32.92198581560284, 32.92468760553867, 32.92367443431273, 32.92502532928065, 32.92536305302262, 32.92772711921648, 32.92705167173252, 32.926038500506586, 32.92570077676461, 32.924349881796694, 32.92333671057075, 32.924349881796694, 32.922661263086795, 32.922323539344816, 32.92333671057075, 32.92367443431274, 32.92401215805471, 32.92434988179669, 32.92570077676461, 32.92570077676461, 32.926038500506586, 32.926376224248564, 32.92502532928065, 32.92536305302263, 32.92401215805471, 32.92367443431273, 32.92299898682877, 32.92367443431273, 32.92468760553867, 32.924687605538665, 32.92536305302263, 32.92570077676461, 32.92671394799055, 32.92536305302263, 32.92536305302263, 32.92570077676461, 32.92570077676461, 32.92536305302263, 32.927389395474506, 32.9273893954745, 32.92806484295846, 32.92941573792638, 32.92874029044242, 32.928064842958456, 32.92671394799054, 32.92705167173252, 32.92772711921648, 32.928064842958456, 32.93009118541033, 32.92941573792638, 32.92941573792638, 32.92874029044242, 32.92941573792638, 32.929753461668355, 32.92772711921648, 32.92840256670044, 32.93076663289429, 32.93144208037825, 32.931104356636276, 32.93076663289429, 32.93042890915231, 32.929753461668355, 32.93110435663627, 32.93144208037825, 32.93177980412023, 32.93245525160419, 32.933130699088146, 32.9338061465721, 32.935494765282, 32.93515704154002, 32.93617021276596, 32.935494765281994, 32.93481931779804, 32.93481931779804, 32.93481931779804, 32.93448159405606, 32.93481931779804, 32.93448159405606, 32.93414387031408, 32.93245525160419, 32.93245525160419, 32.931104356636276, 32.93009118541033, 32.9307666328943, 32.93076663289429, 32.93211752786221, 32.933130699088146, 32.931442080378254, 32.931442080378254, 32.9307666328943, 32.93279297534617, 32.93177980412023, 32.92941573792638, 32.92772711921648, 32.9273893954745, 32.928402566700434, 32.928064842958456, 32.928402566700434, 32.929753461668355, 32.93009118541033, 32.92941573792638, 32.93009118541033, 32.93076663289429, 32.929753461668355, 32.93009118541033, 32.93009118541033, 32.93076663289429, 32.93110435663627, 32.93279297534617, 32.933130699088146, 32.931779804120225, 32.93009118541033, 32.93042890915231, 32.929753461668355, 32.92907801418439, 32.929753461668355, 32.93110435663627, 32.931442080378254, 32.93076663289429, 32.93110435663627, 32.93076663289429, 32.93076663289429, 32.93144208037825, 32.933130699088146, 32.93414387031408, 32.93448159405606, 32.935157041540016, 32.93583248902397, 32.93481931779804, 32.9338061465721, 32.93245525160418, 32.932117527862204, 32.93144208037825, 32.93144208037825, 32.93144208037825, 32.93042890915231, 32.929753461668355, 32.93042890915231, 32.93042890915231, 32.93009118541033, 32.93042890915231, 32.93076663289429, 32.93144208037825, 32.93177980412023, 32.93211752786221, 32.933130699088146, 32.93245525160419, 32.933130699088146, 32.933468422830124, 32.93144208037825, 32.931104356636276, 32.93042890915231, 32.93042890915231]",0.7464311957661474,0.7060066210663266,33,"[33, 33, 33, 33, 33, 33, 33, 33, 33, 33, 33, 33, 33, 33, 33, 33, 33, 33, 33, 33, 33, 33, 33, 33, 33, 33, 33, 33, 33, 33, 33, 33, 33, 33, 33, 33, 33, 33, 33, 33, 33, 33, 33, 33, 33, 33, 33, 33, 33, 33, 33, 33, 33, 33, 33, 33, 33, 33, 33, 33, 33, 33, 33, 33, 33, 33, 33, 33, 33, 33, 33, 33, 33, 33, 33, 33, 33, 33, 33, 33, 33, 33, 33, 33, 33, 33, 33, 33, 33, 33, 33, 33, 33, 33, 33, 33, 33, 33, 33, 33, 33, 33, 33, 33, 33, 33, 33, 33, 33, 33, 33, 33, 33, 33, 33, 33, 33, 33, 33, 33, 33, 33, 33, 33, 33, 33, 33, 33, 33, 33, 33, 33, 33, 33, 33, 33, 33, 33, 33, 33, 33, 33, 33, 33, 33, 33, 33, 33, 33, 33, 33, 33, 33, 33, 33, 33, 33, 33, 33, 33, 33, 33, 33, 33, 33, 33, 33, 33, 33, 33, 33, 33, 33, 33, 33, 33, 33, 33, 33, 33, 33, 33, 33, 33, 33, 33, 33, 33, 33, 33, 33, 33, 33, 33, 33, 33, 33, 33, 33, 33]",200,"[0.7680271863937378, 0.7564225196838379, 0.7455145120620728, 0.7345991730690002, 0.7239401340484619, 0.7139191627502441, 0.7042421698570251, 0.6950010061264038, 0.6861640214920044, 0.677259087562561, 0.6690044403076172, 0.6607014536857605, 0.6528000831604004, 0.6451413035392761, 0.63770592212677, 0.6305396556854248, 0.6235477924346924, 0.6168744564056396, 0.610400378704071, 0.6041741371154785, 0.5984787344932556, 0.5929696559906006, 0.5875067114830017, 0.5822612643241882, 0.5771369338035583, 0.5721715092658997, 0.5672830939292908, 0.5625015497207642, 0.5580894351005554, 0.5539351105690002, 0.5494880676269531, 0.5455510020256042, 0.5418800711631775, 0.5383005738258362, 0.5345804691314697, 0.5310933589935303, 0.5277150273323059, 0.5244020223617554, 0.5211807489395142, 0.5179873704910278, 0.5150752663612366, 0.512025773525238, 0.5091415643692017, 0.5063936114311218, 0.5037538409233093, 0.5010904669761658, 0.4985866844654083, 0.49616387486457825, 0.49385061860084534, 0.4914216995239258, 0.489193320274353, 0.4870356023311615, 0.4849124848842621, 0.4828992784023285, 0.48092496395111084, 0.4790392220020294, 0.4772048592567444, 0.4753528833389282, 0.47354012727737427, 0.47180652618408203, 0.4701778292655945, 0.4685816168785095, 0.46703216433525085, 0.4655438959598541, 0.464124858379364, 0.46277159452438354, 0.4613768756389618, 0.4600202441215515, 0.4587160050868988, 0.45736342668533325, 0.4562014639377594, 0.45498329401016235, 0.4537804126739502, 0.45265161991119385, 0.45143866539001465, 0.45031195878982544, 0.44915592670440674, 0.44812437891960144, 0.44708049297332764, 0.4460521936416626, 0.4451107382774353, 0.44415050745010376, 0.4432019293308258, 0.4422910213470459, 0.44141197204589844, 0.4405657649040222, 0.439727783203125, 0.4389721751213074, 0.4381687045097351, 0.43741175532341003, 0.4366106390953064, 0.435840904712677, 0.43518126010894775, 0.4345061779022217, 0.4336993396282196, 0.43296894431114197, 0.4322749972343445, 0.4316421449184418, 0.43104952573776245, 0.4304223656654358, 0.4297700822353363, 0.429200679063797, 0.42864394187927246, 0.4280809164047241, 0.42760083079338074, 0.4270414412021637, 0.4266132712364197, 0.4261336028575897, 0.4255926012992859, 0.42511215806007385, 0.4246876835823059, 0.4241955280303955, 0.4237171411514282, 0.4232182204723358, 0.42277491092681885, 0.42234551906585693, 0.4219600558280945, 0.42150336503982544, 0.42112675309181213, 0.4207227826118469, 0.420309841632843, 0.41993266344070435, 0.4194798767566681, 0.4191482663154602, 0.4187346398830414, 0.4184437692165375, 0.41811737418174744, 0.417794406414032, 0.4174613952636719, 0.4171092212200165, 0.41679897904396057, 0.4165075421333313, 0.4161859154701233, 0.4158911406993866, 0.4155908226966858, 0.41528841853141785, 0.4150073230266571, 0.41475653648376465, 0.41451579332351685, 0.41421395540237427, 0.41392552852630615, 0.4136813282966614, 0.41343754529953003, 0.4132062792778015, 0.4129828214645386, 0.41274914145469666, 0.41250333189964294, 0.4122800827026367, 0.41210079193115234, 0.4119030237197876, 0.4117025136947632, 0.41149741411209106, 0.41128987073898315, 0.41112926602363586, 0.41096869111061096, 0.4107774794101715, 0.4105865955352783, 0.4104209244251251, 0.41028523445129395, 0.4101491868495941, 0.4099465608596802, 0.4097695052623749, 0.4096108675003052, 0.4094521403312683, 0.4093267321586609, 0.409155011177063, 0.4089946746826172, 0.4088508188724518, 0.40868911147117615, 0.4085176885128021, 0.4083975553512573, 0.40824639797210693, 0.4080709218978882, 0.40792128443717957, 0.4077959954738617, 0.4076663851737976, 0.4075078070163727, 0.4073592722415924, 0.40722572803497314, 0.40707167983055115, 0.4069567024707794, 0.40680208802223206, 0.4066910445690155, 0.40656062960624695, 0.4064338803291321, 0.40631985664367676, 0.4062054753303528, 0.4060775637626648, 0.40595000982284546, 0.40582671761512756, 0.4056873321533203, 0.40557223558425903, 0.4054664969444275, 0.4053616225719452, 0.40526431798934937, 0.4051486551761627, 0.4050261676311493, 0.40489840507507324, 0.40478143095970154, 0.40470582246780396]",33.0,"[33.0, 33.0, 33.0, 33.0, 33.0, 33.0, 33.0, 33.0, 33.0, 33.0, 33.0, 33.0, 33.0, 33.0, 33.0, 33.0, 33.0, 33.0, 33.0, 33.0, 33.0, 33.0, 33.0, 33.0, 33.0, 33.0, 33.0, 33.0, 33.0, 33.0, 33.0, 33.0, 33.0, 33.0, 33.0, 33.0, 33.0, 33.0, 33.0, 33.0, 33.0, 33.0, 33.0, 33.0, 33.0, 33.0, 33.0, 33.0, 33.0, 33.0, 33.0, 33.0, 33.0, 33.0, 33.0, 33.0, 33.0, 33.0, 33.0, 33.0, 33.0, 33.0, 33.0, 33.0, 33.0, 33.0, 33.0, 33.0, 33.0, 33.0, 33.0, 33.0, 33.0, 33.0, 33.0, 33.0, 33.0, 33.0, 33.0, 33.0, 33.0, 33.0, 33.0, 33.0, 33.0, 33.0, 33.0, 33.0, 33.0, 33.0, 33.0, 33.0, 33.0, 33.0, 33.0, 33.0, 33.0, 33.0, 33.0, 33.0, 33.0, 33.0, 33.0, 33.0, 33.0, 33.0, 33.0, 33.0, 33.0, 33.0, 33.0, 33.0, 33.0, 33.0, 33.0, 33.0, 33.0, 33.0, 33.0, 33.0, 33.0, 33.0, 33.0, 33.0, 33.0, 33.0, 33.0, 33.0, 33.0, 33.0, 33.0, 33.0, 33.0, 33.0, 33.0, 33.0, 33.0, 33.0, 33.0, 33.0, 33.0, 33.0, 33.0, 33.0, 33.0, 33.0, 33.0, 33.0, 33.0, 33.0, 33.0, 33.0, 33.0, 33.0, 33.0, 33.0, 33.0, 33.0, 33.0, 33.0, 33.0, 33.0, 33.0, 33.0, 33.0, 33.0, 33.0, 33.0, 33.0, 33.0, 33.0, 33.0, 33.0, 33.0, 33.0, 33.0, 33.0, 33.0, 33.0, 33.0, 33.0, 33.0, 33.0, 33.0, 33.0, 33.0, 33.0, 33.0, 33.0, 33.0, 33.0, 33.0, 33.0, 33.0, 33.0, 33.0, 33.0, 33.0, 33.0, 33.0]",COMPLETE
