,number,value,datetime_start,datetime_complete,duration,params_batch_size_scaler,params_constant_learning_rate,params_depth,params_epochs,params_kernel_l2,params_num_trees,params_temperature,user_attrs_accuracy_test,user_attrs_accuracy_valid,user_attrs_approximate_feature_sparsity,user_attrs_approximate_feature_sparsity_history,user_attrs_approximate_weight_sparsity,user_attrs_approximate_weight_sparsity_history,user_attrs_auc_test,user_attrs_auc_valid,user_attrs_feature_sparsity,user_attrs_feature_sparsity_history,user_attrs_num_epochs,user_attrs_val_loss_history,user_attrs_weight_sparsity,user_attrs_weight_sparsity_history,state
45,45,0.6635171516533344,2024-08-31 02:34:39.187945,2024-08-31 02:39:00.036036,0 days 00:04:20.848091,1,1.8143371008641955,1,390,0.00142683513352156,16,0.0016590213610523676,0.859,0.85875,2,"[3, 2, 2, 2, 2, 2, 2, 2, 2, 2, 2, 2, 2, 2, 2, 2, 2, 2, 2, 2, 2, 2, 2, 2, 2, 2, 2, 2, 2, 2, 2, 2, 2, 2, 2, 2, 2, 2, 2, 2, 2, 2, 2, 2, 2, 2, 2, 2, 2, 2, 2, 2, 2, 2, 2, 2, 2, 2, 2, 2, 2, 2, 2, 2, 2, 2, 2, 2, 2, 2, 2, 2, 2, 2, 2, 2, 2, 2, 2, 2, 2, 2, 2, 2, 2, 2, 2, 2, 2, 2, 2, 2, 2, 2, 2, 2, 2, 2, 2, 2, 2, 2, 2, 2, 2, 2, 2, 2, 2, 2, 2, 2, 2, 2, 2, 2, 2, 2, 2, 2, 2, 2, 2, 2, 2, 2, 2, 2, 2, 2, 2, 2, 2, 2, 2, 2, 2, 2, 2, 2, 2, 2, 2, 2, 2, 2, 2, 2, 2, 2, 2, 2, 2, 2, 2, 2, 2, 2, 2, 2, 2, 2, 2, 2, 2, 2, 2, 2, 2, 2, 2, 2, 2, 2, 2, 2, 2, 2, 2, 2, 2, 2, 2, 2, 2, 2, 2, 2, 2, 2, 2, 2, 2, 2, 2, 2, 2, 2, 2, 2, 2, 2, 2, 2, 2, 2, 2, 2, 2, 2, 2, 2, 2, 2, 2, 2, 2, 2, 2, 2, 2, 2, 2, 2, 2, 2, 2, 2, 2, 2, 2, 2, 2, 2, 2, 2, 2, 2, 2, 2, 2, 2, 2, 2, 2, 2, 2, 2, 2, 2, 2, 2, 2, 2, 2, 2, 2, 2, 2, 2, 2, 2, 2, 2, 2, 2, 2, 2, 2, 2, 2, 2, 2, 2, 2, 2, 2, 2, 2, 2, 2, 2, 2, 2, 2, 2, 2, 2, 2, 2, 2, 2, 2, 2, 2, 2, 2, 2, 2, 2, 2, 2, 2, 2, 2, 2, 2, 2, 2, 2, 2, 2, 2, 2, 2, 2, 2, 2, 2, 2, 2, 2, 2, 2, 2, 2, 2, 2, 2, 2, 2, 2, 2, 2, 2, 2, 2, 2, 2, 2, 2, 2, 2, 2, 2, 2, 2, 2, 2, 2, 2, 2, 2, 2, 2, 2, 2, 2, 2, 2, 2, 2, 2, 2, 2, 2, 2, 2, 2, 2, 2, 2, 2, 2, 2, 2, 2, 2, 2, 2, 2, 2, 2, 2, 2, 2, 2, 2, 2, 2]",0.125,"[3.0, 2.0, 2.0, 2.0, 2.0, 2.0, 2.0, 2.0, 2.0, 2.0, 2.0, 2.0, 2.0, 2.0, 2.0, 2.0, 2.0, 2.0, 2.0, 2.0, 2.0, 2.0, 2.0, 2.0, 2.0, 2.0, 2.0, 2.0, 2.0, 2.0, 2.0, 2.0, 2.0, 2.0, 2.0, 2.0, 2.0, 2.0, 2.0, 2.0, 2.0, 2.0, 2.0, 2.0, 2.0, 2.0, 2.0, 2.0, 2.0, 2.0, 2.0, 2.0, 2.0, 2.0, 2.0, 2.0, 2.0, 2.0, 2.0, 2.0, 2.0, 2.0, 2.0, 2.0, 2.0, 2.0, 2.0, 2.0, 2.0, 2.0, 2.0, 2.0, 2.0, 2.0, 2.0, 2.0, 2.0, 2.0, 2.0, 2.0, 2.0, 2.0, 2.0, 2.0, 2.0, 2.0, 1.9375, 1.9375, 2.0, 2.0, 2.0, 2.0, 2.0, 2.0, 2.0, 2.0, 2.0, 2.0, 2.0, 2.0, 2.0, 2.0, 2.0, 2.0, 2.0, 2.0, 2.0, 1.9375, 1.9375, 1.9375, 1.9375, 1.9375, 1.9375, 1.9375, 1.8125, 1.9375, 1.9375, 1.9375, 1.9375, 1.9375, 1.9375, 2.0, 2.0, 2.0, 2.0, 2.0, 1.9375, 1.9375, 1.9375, 1.9375, 1.9375, 1.9375, 1.9375, 1.9375, 1.9375, 1.9375, 1.9375, 1.9375, 1.9375, 1.9375, 1.9375, 1.875, 1.875, 1.875, 1.875, 1.875, 1.75, 1.75, 1.6875, 1.8125, 1.875, 1.75, 1.875, 1.75, 1.75, 1.75, 1.75, 1.75, 1.75, 1.75, 1.75, 1.8125, 1.75, 1.75, 1.75, 1.75, 1.5625, 1.4375, 1.4375, 1.5, 1.4375, 1.4375, 1.4375, 1.4375, 1.125, 1.3125, 1.4375, 1.25, 1.375, 1.3125, 1.3125, 1.3125, 1.125, 1.1875, 1.3125, 1.3125, 1.125, 1.125, 1.125, 1.125, 1.0625, 0.875, 0.875, 0.875, 0.875, 0.875, 0.75, 0.6875, 0.5625, 0.5625, 0.5625, 0.75, 0.6875, 0.75, 0.75, 0.5, 0.6875, 0.6875, 0.625, 0.375, 0.375, 0.375, 0.375, 0.375, 0.375, 0.375, 0.375, 0.375, 0.375, 0.375, 0.375, 0.375, 0.375, 0.375, 0.375, 0.375, 0.375, 0.375, 0.375, 0.3125, 0.3125, 0.3125, 0.3125, 0.3125, 0.3125, 0.3125, 0.25, 0.25, 0.125, 0.125, 0.125, 0.125, 0.125, 0.125, 0.125, 0.125, 0.125, 0.125, 0.125, 0.125, 0.125, 0.125, 0.125, 0.125, 0.125, 0.125, 0.125, 0.125, 0.125, 0.125, 0.125, 0.125, 0.125, 0.125, 0.125, 0.125, 0.125, 0.125, 0.125, 0.125, 0.125, 0.125, 0.125, 0.125, 0.125, 0.125, 0.125, 0.125, 0.125, 0.125, 0.125, 0.125, 0.125, 0.125, 0.125, 0.125, 0.125, 0.125, 0.125, 0.125, 0.125, 0.125, 0.125, 0.125, 0.125, 0.125, 0.125, 0.125, 0.125, 0.125, 0.125, 0.125, 0.125, 0.125, 0.125, 0.125, 0.125, 0.125, 0.125, 0.125, 0.125, 0.125, 0.125, 0.125, 0.125, 0.125, 0.125, 0.125, 0.125, 0.125, 0.125, 0.125, 0.125, 0.125, 0.125, 0.125, 0.125, 0.125, 0.125, 0.125, 0.125, 0.125, 0.125, 0.125, 0.125, 0.125, 0.125, 0.125, 0.125, 0.125, 0.125, 0.125, 0.125, 0.125, 0.125, 0.125, 0.125, 0.125, 0.125, 0.125, 0.125, 0.125, 0.125, 0.125, 0.125, 0.125, 0.125, 0.125, 0.125, 0.125, 0.125, 0.125, 0.125, 0.125, 0.125, 0.125, 0.125, 0.125, 0.125, 0.125, 0.125, 0.125, 0.125, 0.125, 0.125, 0.125, 0.125, 0.125, 0.125, 0.125, 0.125, 0.125, 0.125, 0.125, 0.125, 0.125, 0.125, 0.125, 0.125, 0.125]",0.6446635127436653,0.6635171516533344,2,"[3, 2, 2, 2, 2, 2, 2, 2, 2, 2, 2, 2, 2, 2, 2, 2, 2, 2, 2, 2, 2, 2, 2, 2, 2, 2, 2, 2, 2, 2, 2, 2, 2, 2, 2, 2, 2, 2, 2, 2, 2, 2, 2, 2, 2, 2, 2, 2, 2, 2, 2, 2, 2, 2, 2, 2, 2, 2, 2, 2, 2, 2, 2, 2, 2, 2, 2, 2, 2, 2, 2, 2, 2, 2, 2, 2, 2, 2, 2, 2, 2, 2, 2, 2, 2, 2, 2, 2, 2, 2, 2, 2, 2, 2, 2, 2, 2, 2, 2, 2, 2, 2, 2, 2, 2, 2, 2, 2, 2, 2, 2, 2, 2, 2, 2, 2, 2, 2, 2, 2, 2, 2, 2, 2, 2, 2, 2, 2, 2, 2, 2, 2, 2, 2, 2, 2, 2, 2, 2, 2, 2, 2, 2, 2, 2, 2, 2, 2, 2, 2, 2, 2, 2, 2, 2, 2, 2, 2, 2, 2, 2, 2, 2, 2, 2, 2, 2, 2, 2, 2, 2, 2, 2, 2, 2, 2, 2, 2, 2, 2, 2, 2, 2, 2, 2, 2, 2, 2, 2, 2, 2, 2, 2, 2, 2, 2, 2, 2, 2, 2, 2, 2, 2, 2, 2, 2, 2, 2, 2, 2, 2, 2, 2, 2, 2, 2, 2, 2, 2, 2, 2, 2, 2, 2, 2, 2, 2, 2, 2, 2, 2, 2, 2, 2, 2, 2, 2, 2, 2, 2, 2, 2, 2, 2, 2, 2, 2, 2, 2, 2, 2, 2, 2, 2, 2, 2, 2, 2, 2, 2, 2, 2, 2, 2, 2, 2, 2, 2, 2, 2, 2, 2, 2, 2, 2, 2, 2, 2, 2, 2, 2, 2, 2, 2, 2, 2, 2, 2, 2, 2, 2, 2, 2, 2, 2, 2, 2, 2, 2, 2, 2, 2, 2, 2, 2, 2, 2, 2, 2, 2, 2, 2, 2, 2, 2, 2, 2, 2, 2, 2, 2, 2, 2, 2, 2, 2, 2, 2, 2, 2, 2, 2, 2, 2, 2, 2, 2, 2, 2, 2, 2, 2, 2, 2, 2, 2, 2, 2, 2, 2, 2, 2, 2, 2, 2, 2, 2, 2, 2, 2, 2, 2, 2, 2, 2, 2, 2, 2, 2, 2, 2, 2, 2, 2, 2, 2, 2, 2, 2, 2, 2, 2, 2, 2, 2, 2, 2, 2, 2, 2]",390,"[1.0987088680267334, 0.7945369482040405, 0.42442142963409424, 0.6990978121757507, 1.7829475402832031, 1.5158854722976685, 0.5910276174545288, 0.5805839896202087, 0.4300956726074219, 0.9215246438980103, 0.3972044885158539, 0.5342755317687988, 0.4518324136734009, 0.68463534116745, 0.4891743063926697, 0.5178148150444031, 1.230618953704834, 0.47914254665374756, 0.964842677116394, 1.388798713684082, 0.6034360527992249, 3.2146332263946533, 0.6996222138404846, 0.7145032286643982, 1.1045907735824585, 1.4302659034729004, 2.3353028297424316, 0.4333430528640747, 0.6232945919036865, 1.694163203239441, 0.5141310691833496, 1.7954367399215698, 0.5842500925064087, 0.4221898019313812, 1.5692787170410156, 0.5780166387557983, 0.6328727602958679, 0.812690019607544, 1.020821213722229, 0.46471211314201355, 1.0972784757614136, 0.46536141633987427, 0.42542093992233276, 0.5070701837539673, 0.5336753726005554, 0.7504225969314575, 2.377260684967041, 0.6751489043235779, 1.5081932544708252, 0.4326348900794983, 1.1395937204360962, 0.5423176288604736, 1.7515861988067627, 1.6547355651855469, 0.740227222442627, 2.5423550605773926, 0.41610169410705566, 0.47331589460372925, 0.5124226808547974, 1.5203839540481567, 1.909651279449463, 0.42687785625457764, 1.163211703300476, 0.776222825050354, 0.9789097309112549, 2.0030758380889893, 0.4779542088508606, 0.4846586585044861, 0.6603839993476868, 0.48922964930534363, 2.9805002212524414, 0.492685467004776, 0.4186157286167145, 0.8701418042182922, 1.513918399810791, 0.6195073127746582, 0.8951549530029297, 0.8736226558685303, 1.924087405204773, 2.301490068435669, 0.7693778276443481, 0.6522628664970398, 0.4098494350910187, 0.518185555934906, 2.4947609901428223, 0.5646244287490845, 0.6202525496482849, 1.8550549745559692, 0.5977063775062561, 0.6051807403564453, 0.4959931969642639, 0.43842828273773193, 3.32358980178833, 0.7668890953063965, 1.7788830995559692, 1.5747294425964355, 0.47578105330467224, 0.4348315894603729, 0.659904420375824, 0.40139448642730713, 1.2450201511383057, 0.4709509015083313, 1.3734071254730225, 0.5717496871948242, 0.8829764723777771, 2.1909291744232178, 1.2776436805725098, 0.4014056921005249, 5.5453691482543945, 0.5282518267631531, 0.9951622486114502, 0.4394315481185913, 2.0671839714050293, 0.43752333521842957, 0.5694192051887512, 0.42711153626441956, 1.0822157859802246, 1.7295805215835571, 1.1640563011169434, 0.41088753938674927, 0.5100476145744324, 0.5171692967414856, 0.8369672298431396, 2.230393886566162, 1.0557650327682495, 1.2453758716583252, 0.45481669902801514, 0.473280668258667, 1.709559440612793, 0.6045876741409302, 0.6527074575424194, 0.46067526936531067, 1.0858646631240845, 0.48265591263771057, 0.9497081637382507, 0.4365462064743042, 0.6949294805526733, 2.1445136070251465, 2.577709913253784, 0.4787721633911133, 2.5791220664978027, 0.3796197772026062, 1.416194200515747, 0.43030524253845215, 1.815555453300476, 0.4088558554649353, 0.6394278407096863, 0.9762691259384155, 0.4869908392429352, 0.46188366413116455, 2.8563082218170166, 0.44497665762901306, 0.5330949425697327, 1.995266318321228, 1.492287278175354, 0.9527277946472168, 0.5956997275352478, 1.9499837160110474, 2.5151453018188477, 0.6235068440437317, 2.485767126083374, 0.4318122863769531, 0.8637442588806152, 0.5891862511634827, 0.8524166345596313, 2.6624996662139893, 0.7994497418403625, 1.2888047695159912, 2.09505558013916, 0.513633668422699, 0.550087571144104, 0.4655667543411255, 0.8462011218070984, 0.6847785115242004, 0.5219043493270874, 2.044469118118286, 0.4389299750328064, 0.7662859559059143, 3.2774264812469482, 0.9581657648086548, 0.5778898596763611, 0.950846254825592, 0.5014246106147766, 0.4055024981498718, 0.46509459614753723, 0.7243135571479797, 0.6314816474914551, 0.6303872466087341, 0.4409438669681549, 0.481063574552536, 1.040980577468872, 1.4057137966156006, 2.132812261581421, 2.918487787246704, 0.5592005252838135, 0.8365104794502258, 0.5820391178131104, 1.271384835243225, 1.1033190488815308, 0.48931562900543213, 0.7898869514465332, 1.5074987411499023, 0.9998219013214111, 0.5542240738868713, 0.565756618976593, 1.0725880861282349, 0.5297255516052246, 1.0911697149276733, 0.4445831775665283, 0.5278645157814026, 1.9474914073944092, 1.023287296295166, 1.2214937210083008, 1.5188264846801758, 0.873277485370636, 0.5225186347961426, 0.41294461488723755, 0.45466578006744385, 1.4922184944152832, 1.3802978992462158, 2.9779539108276367, 0.4962797462940216, 1.0879079103469849, 0.49168768525123596, 0.7900365591049194, 0.7998356819152832, 0.5111268162727356, 0.5504387617111206, 0.47634005546569824, 0.7849546074867249, 1.5002723932266235, 0.8620398044586182, 1.2992275953292847, 0.5878875851631165, 1.2711341381072998, 0.5057658553123474, 3.045334577560425, 0.6681336760520935, 0.4398011863231659, 1.2110679149627686, 0.6319593191146851, 2.656254768371582, 1.4833024740219116, 2.360668897628784, 1.0034102201461792, 0.411432683467865, 0.58407062292099, 0.5487383008003235, 2.4249329566955566, 0.4742404818534851, 0.5925903916358948, 0.4811559319496155, 0.5281388759613037, 0.45867404341697693, 0.4383317828178406, 0.418709397315979, 1.222776174545288, 0.7685778141021729, 0.9138279557228088, 0.6168356537818909, 2.0323877334594727, 0.374174565076828, 1.7455525398254395, 0.5104572176933289, 1.903397560119629, 1.6742274761199951, 0.4068955183029175, 0.40848177671432495, 0.7220165729522705, 0.5515221953392029, 1.0635877847671509, 0.5601865649223328, 1.5052660703659058, 0.4624629616737366, 0.514909565448761, 1.2461590766906738, 0.5586089491844177, 2.909830093383789, 2.986557722091675, 1.0831217765808105, 1.5352510213851929, 0.5333027243614197, 0.4863961935043335, 1.2860684394836426, 3.16206431388855, 0.5595799088478088, 0.5755817294120789, 0.4680345058441162, 0.5011113286018372, 2.596181869506836, 0.42157062888145447, 1.0044591426849365, 0.41668617725372314, 0.5382891297340393, 2.4046058654785156, 0.6897841095924377, 0.7933469414710999, 0.6298882961273193, 0.40025466680526733, 0.539425253868103, 0.4375205934047699, 2.2631983757019043, 0.4749201238155365, 1.638144850730896, 1.7416764497756958, 1.3375340700149536, 1.8324912786483765, 0.9553491473197937, 0.5647018551826477, 0.4549596905708313, 0.715437114238739, 0.46800482273101807, 2.893216609954834, 0.5284945368766785, 0.8975532054901123, 0.5751625895500183, 0.4464348554611206, 0.7020773887634277, 1.4940385818481445, 0.6515523791313171, 2.6884360313415527, 0.6232500076293945, 0.4629245102405548, 1.9161432981491089, 0.5213498473167419, 0.4277712106704712, 0.43175506591796875, 0.6362437009811401, 0.7761631011962891, 2.7656173706054688, 0.4854929745197296, 0.4750898778438568, 0.4471311867237091, 0.7590057253837585, 0.6335614323616028, 0.49124830961227417, 0.5481727123260498, 0.5525152683258057, 1.5125830173492432, 0.49807143211364746, 0.5718069672584534, 0.44846898317337036, 0.4177958369255066, 3.0438003540039062, 0.5685878396034241, 1.4080760478973389, 0.5635274052619934, 0.5323894023895264, 1.3598875999450684, 0.5962838530540466, 1.8518049716949463, 0.4966426193714142, 1.0520272254943848, 1.8850854635238647, 0.43485987186431885, 0.6194261312484741, 1.9410749673843384, 0.6683511137962341, 2.560129404067993, 1.6077601909637451, 0.48997730016708374, 0.5108552575111389, 0.39854899048805237, 1.9165022373199463, 0.5536457896232605, 0.7210477590560913, 0.6594832539558411, 0.5261630415916443, 0.41205886006355286, 0.49575942754745483, 0.4172883629798889, 0.5606662631034851, 0.4709623456001282, 0.7970976829528809, 0.9045189023017883, 1.2101404666900635, 1.561347246170044, 0.5881838798522949, 0.4535079896450043, 0.4855233132839203, 0.4977113604545593, 0.5191027522087097, 2.0356998443603516, 1.2759785652160645, 2.134988784790039, 0.588205099105835, 0.5560505986213684, 0.5520187020301819, 0.7409378886222839, 1.7159806489944458]",2.0,"[3.0, 2.0, 2.0, 2.0, 2.0, 2.0, 2.0, 2.0, 2.0, 2.0, 2.0, 2.0, 2.0, 2.0, 2.0, 2.0, 2.0, 2.0, 2.0, 2.0, 2.0, 2.0, 2.0, 2.0, 2.0, 2.0, 2.0, 2.0, 2.0, 2.0, 2.0, 2.0, 2.0, 2.0, 2.0, 2.0, 2.0, 2.0, 2.0, 2.0, 2.0, 2.0, 2.0, 2.0, 2.0, 2.0, 2.0, 2.0, 2.0, 2.0, 2.0, 2.0, 2.0, 2.0, 2.0, 2.0, 2.0, 2.0, 2.0, 2.0, 2.0, 2.0, 2.0, 2.0, 2.0, 2.0, 2.0, 2.0, 2.0, 2.0, 2.0, 2.0, 2.0, 2.0, 2.0, 2.0, 2.0, 2.0, 2.0, 2.0, 2.0, 2.0, 2.0, 2.0, 2.0, 2.0, 2.0, 2.0, 2.0, 2.0, 2.0, 2.0, 2.0, 2.0, 2.0, 2.0, 2.0, 2.0, 2.0, 2.0, 2.0, 2.0, 2.0, 2.0, 2.0, 2.0, 2.0, 2.0, 2.0, 2.0, 2.0, 2.0, 2.0, 2.0, 2.0, 2.0, 2.0, 2.0, 2.0, 2.0, 2.0, 2.0, 2.0, 2.0, 2.0, 2.0, 2.0, 2.0, 2.0, 2.0, 2.0, 2.0, 2.0, 2.0, 2.0, 2.0, 2.0, 2.0, 2.0, 2.0, 2.0, 2.0, 2.0, 2.0, 2.0, 2.0, 2.0, 2.0, 2.0, 2.0, 2.0, 2.0, 2.0, 2.0, 2.0, 2.0, 2.0, 2.0, 2.0, 2.0, 2.0, 2.0, 2.0, 2.0, 2.0, 2.0, 2.0, 2.0, 2.0, 2.0, 2.0, 2.0, 2.0, 2.0, 2.0, 2.0, 2.0, 2.0, 2.0, 2.0, 2.0, 2.0, 2.0, 2.0, 2.0, 2.0, 2.0, 2.0, 2.0, 2.0, 2.0, 2.0, 2.0, 2.0, 2.0, 2.0, 2.0, 2.0, 2.0, 2.0, 2.0, 2.0, 2.0, 2.0, 2.0, 2.0, 2.0, 2.0, 2.0, 2.0, 2.0, 2.0, 2.0, 2.0, 2.0, 2.0, 2.0, 2.0, 2.0, 2.0, 2.0, 2.0, 2.0, 2.0, 2.0, 2.0, 2.0, 2.0, 2.0, 2.0, 2.0, 2.0, 2.0, 2.0, 2.0, 2.0, 2.0, 2.0, 2.0, 2.0, 2.0, 2.0, 2.0, 2.0, 2.0, 2.0, 2.0, 2.0, 2.0, 2.0, 2.0, 2.0, 2.0, 2.0, 2.0, 2.0, 2.0, 2.0, 2.0, 2.0, 2.0, 2.0, 2.0, 2.0, 2.0, 2.0, 2.0, 2.0, 2.0, 2.0, 2.0, 2.0, 2.0, 2.0, 2.0, 2.0, 2.0, 2.0, 2.0, 2.0, 2.0, 2.0, 2.0, 2.0, 2.0, 2.0, 2.0, 2.0, 2.0, 2.0, 2.0, 2.0, 2.0, 2.0, 2.0, 2.0, 2.0, 2.0, 2.0, 2.0, 2.0, 2.0, 2.0, 2.0, 2.0, 2.0, 2.0, 2.0, 2.0, 2.0, 2.0, 2.0, 2.0, 2.0, 2.0, 2.0, 2.0, 2.0, 2.0, 2.0, 2.0, 2.0, 2.0, 2.0, 2.0, 2.0, 2.0, 2.0, 2.0, 2.0, 2.0, 2.0, 2.0, 2.0, 2.0, 2.0, 2.0, 2.0, 2.0, 2.0, 2.0, 2.0, 2.0, 2.0, 2.0, 2.0, 2.0, 2.0, 2.0, 2.0, 2.0, 2.0, 2.0, 2.0, 2.0, 2.0, 2.0, 2.0, 2.0, 2.0, 2.0, 2.0, 2.0, 2.0, 2.0, 2.0, 2.0, 2.0, 2.0, 2.0, 2.0, 2.0, 2.0, 2.0, 2.0, 2.0, 2.0, 2.0, 2.0, 2.0, 2.0, 2.0, 2.0, 2.0, 2.0, 2.0, 2.0, 2.0, 2.0, 2.0]",COMPLETE
