,number,value,datetime_start,datetime_complete,duration,params_batch_size_scaler,params_constant_learning_rate,params_depth,params_epochs,params_kernel_l2,params_num_trees,params_temperature,user_attrs_accuracy_test,user_attrs_accuracy_valid,user_attrs_approximate_feature_sparsity,user_attrs_approximate_feature_sparsity_history,user_attrs_approximate_weight_sparsity,user_attrs_approximate_weight_sparsity_history,user_attrs_auc_test,user_attrs_auc_valid,user_attrs_feature_sparsity,user_attrs_feature_sparsity_history,user_attrs_num_epochs,user_attrs_val_loss_history,user_attrs_weight_sparsity,user_attrs_weight_sparsity_history,state
101,101,0.6801535469078075,2024-08-31 04:53:56.548378,2024-08-31 04:55:16.453054,0 days 00:01:19.904676,64,0.01338923748895598,4,270,0.014214186789871885,75,0.0031315486894732815,0.859,0.85875,33,"[33, 33, 33, 33, 33, 33, 33, 33, 33, 33, 33, 33, 33, 33, 33, 33, 33, 33, 33, 33, 33, 33, 33, 33, 33, 33, 33, 33, 33, 33, 33, 33, 33, 33, 33, 33, 33, 33, 33, 33, 33, 33, 33, 33, 33, 33, 33, 33, 33, 33, 33, 33, 33, 33, 33, 33, 33, 33, 33, 33, 33, 33, 33, 33, 33, 33, 33, 33, 33, 33, 33, 33, 33, 33, 33, 33, 33, 33, 33, 33, 33, 33, 33, 33, 33, 33, 33, 33, 33, 33, 33, 33, 33, 33, 33, 33, 33, 33, 33, 33, 33, 33, 33, 33, 33, 33, 33, 33, 33, 33, 33, 33, 33, 33, 33, 33, 33, 33, 33, 33, 33, 33, 33, 33, 33, 33, 33, 33, 33, 33, 33, 33, 33, 33, 33, 33, 33, 33, 33, 33, 33, 33, 33, 33, 33, 33, 33, 33, 33, 33, 33, 33, 33, 33, 33, 33, 33, 33, 33, 33, 33, 33, 33, 33, 33, 33, 33, 33, 33, 33, 33, 33, 33, 33, 33, 33, 33, 33, 33, 33, 33, 33, 33, 33, 33, 33, 33, 33, 33, 33, 33, 33, 33, 33, 33, 33, 33, 33, 33, 33, 33, 33, 33, 33, 33, 33, 33, 33, 33, 33, 33, 33, 33, 33, 33, 33, 33, 33, 33, 33, 33, 33, 33, 33, 33, 33, 33, 33, 33, 33, 33, 33, 33, 33, 33, 33, 33, 33, 33, 33, 33, 33, 33, 33, 33, 33, 33, 33, 33, 33, 33, 33, 33, 33, 33, 33, 33, 33, 33, 33, 33, 33, 33, 33, 33, 33, 33, 33, 33, 33]",32.96,"[32.95644444444444, 32.95644444444444, 32.95733333333333, 32.961777777777776, 32.962666666666664, 32.96088888888889, 32.961777777777776, 32.96088888888889, 32.959999999999994, 32.95911111111111, 32.955555555555556, 32.94755555555555, 32.94844444444444, 32.94844444444444, 32.95022222222222, 32.95111111111111, 32.952, 32.949333333333335, 32.94844444444444, 32.946666666666665, 32.94577777777778, 32.94755555555555, 32.94844444444444, 32.949333333333335, 32.949333333333335, 32.95111111111111, 32.95111111111111, 32.952, 32.952, 32.95022222222222, 32.95022222222222, 32.95022222222222, 32.94844444444444, 32.94755555555555, 32.94844444444444, 32.94844444444445, 32.94844444444444, 32.94577777777778, 32.949333333333335, 32.95111111111111, 32.95377777777777, 32.95377777777777, 32.95466666666666, 32.95377777777777, 32.952888888888886, 32.952888888888886, 32.95555555555555, 32.95377777777777, 32.95377777777777, 32.95555555555555, 32.95822222222222, 32.955555555555556, 32.95377777777778, 32.952888888888886, 32.95466666666667, 32.952888888888886, 32.94933333333333, 32.95111111111111, 32.95377777777777, 32.95377777777777, 32.95466666666666, 32.95555555555555, 32.95911111111111, 32.961777777777776, 32.959111111111106, 32.959111111111106, 32.959999999999994, 32.962666666666664, 32.96, 32.962666666666664, 32.964444444444446, 32.96088888888889, 32.95822222222222, 32.95911111111111, 32.959111111111106, 32.95822222222222, 32.959999999999994, 32.959999999999994, 32.96, 32.959999999999994, 32.96088888888889, 32.959999999999994, 32.96088888888889, 32.962666666666664, 32.961777777777776, 32.95644444444444, 32.95377777777778, 32.95111111111111, 32.95111111111111, 32.952, 32.952, 32.952, 32.95377777777778, 32.95466666666667, 32.955555555555556, 32.95377777777778, 32.952, 32.94755555555555, 32.94488888888888, 32.94488888888888, 32.943999999999996, 32.94311111111111, 32.94577777777778, 32.94933333333333, 32.95022222222222, 32.94933333333333, 32.950222222222216, 32.95111111111111, 32.952888888888886, 32.955555555555556, 32.95377777777777, 32.95377777777778, 32.952888888888886, 32.952, 32.95377777777778, 32.95377777777778, 32.95377777777777, 32.952888888888886, 32.95111111111111, 32.946666666666665, 32.94577777777778, 32.944, 32.94488888888889, 32.940444444444445, 32.93955555555556, 32.940444444444445, 32.94222222222223, 32.940444444444445, 32.94222222222223, 32.943111111111115, 32.94488888888889, 32.94755555555555, 32.946666666666665, 32.949333333333335, 32.94933333333333, 32.94933333333333, 32.95022222222222, 32.95111111111111, 32.95111111111111, 32.949333333333335, 32.95111111111111, 32.94755555555555, 32.94933333333333, 32.94933333333333, 32.94933333333333, 32.946666666666665, 32.94755555555555, 32.94844444444444, 32.94577777777778, 32.94755555555555, 32.94755555555555, 32.94755555555555, 32.94755555555555, 32.946666666666665, 32.94844444444444, 32.94755555555555, 32.94844444444445, 32.9511111111111, 32.94933333333333, 32.952, 32.952, 32.95111111111111, 32.95466666666667, 32.95644444444444, 32.955555555555556, 32.95466666666667, 32.95288888888889, 32.95111111111111, 32.952, 32.95288888888889, 32.95288888888889, 32.955555555555556, 32.955555555555556, 32.95733333333333, 32.95911111111111, 32.95822222222222, 32.95733333333333, 32.95733333333334, 32.95288888888889, 32.952888888888886, 32.95644444444444, 32.95466666666667, 32.95377777777778, 32.955555555555556, 32.95377777777778, 32.952888888888886, 32.95377777777778, 32.952888888888886, 32.95466666666667, 32.95911111111111, 32.958222222222226, 32.95822222222222, 32.95733333333333, 32.95822222222222, 32.95911111111111, 32.96, 32.961777777777776, 32.96, 32.96355555555555, 32.96088888888889, 32.95733333333333, 32.95644444444444, 32.955555555555556, 32.955555555555556, 32.95466666666666, 32.956444444444436, 32.956444444444436, 32.95733333333333, 32.959111111111106, 32.95644444444444, 32.95644444444444, 32.95733333333333, 32.95733333333333, 32.95466666666666, 32.95377777777777, 32.95377777777777, 32.95644444444444, 32.95733333333333, 32.95644444444444, 32.955555555555556, 32.96088888888889, 32.962666666666664, 32.96088888888889, 32.96088888888889, 32.961777777777776, 32.962666666666664, 32.965333333333334, 32.965333333333334, 32.965333333333334, 32.965333333333334, 32.96622222222222, 32.96444444444444, 32.96444444444444, 32.962666666666664, 32.96622222222222, 32.96711111111111, 32.965333333333334, 32.965333333333334, 32.964444444444446, 32.96711111111111, 32.967999999999996, 32.965333333333334, 32.96622222222222, 32.96622222222222, 32.967999999999996, 32.96711111111111, 32.967999999999996, 32.967999999999996, 32.96622222222222, 32.96355555555556, 32.961777777777776, 32.962666666666664, 32.961777777777776, 32.961777777777776, 32.96355555555556, 32.96622222222222, 32.96711111111111, 32.96622222222222, 32.964444444444446, 32.965333333333334, 32.961777777777776, 32.962666666666664, 32.962666666666664, 32.962666666666664, 32.962666666666664, 32.961777777777776, 32.95911111111111, 32.95822222222222, 32.96, 32.96]",0.7186486017883239,0.6801535469078075,33,"[33, 33, 33, 33, 33, 33, 33, 33, 33, 33, 33, 33, 33, 33, 33, 33, 33, 33, 33, 33, 33, 33, 33, 33, 33, 33, 33, 33, 33, 33, 33, 33, 33, 33, 33, 33, 33, 33, 33, 33, 33, 33, 33, 33, 33, 33, 33, 33, 33, 33, 33, 33, 33, 33, 33, 33, 33, 33, 33, 33, 33, 33, 33, 33, 33, 33, 33, 33, 33, 33, 33, 33, 33, 33, 33, 33, 33, 33, 33, 33, 33, 33, 33, 33, 33, 33, 33, 33, 33, 33, 33, 33, 33, 33, 33, 33, 33, 33, 33, 33, 33, 33, 33, 33, 33, 33, 33, 33, 33, 33, 33, 33, 33, 33, 33, 33, 33, 33, 33, 33, 33, 33, 33, 33, 33, 33, 33, 33, 33, 33, 33, 33, 33, 33, 33, 33, 33, 33, 33, 33, 33, 33, 33, 33, 33, 33, 33, 33, 33, 33, 33, 33, 33, 33, 33, 33, 33, 33, 33, 33, 33, 33, 33, 33, 33, 33, 33, 33, 33, 33, 33, 33, 33, 33, 33, 33, 33, 33, 33, 33, 33, 33, 33, 33, 33, 33, 33, 33, 33, 33, 33, 33, 33, 33, 33, 33, 33, 33, 33, 33, 33, 33, 33, 33, 33, 33, 33, 33, 33, 33, 33, 33, 33, 33, 33, 33, 33, 33, 33, 33, 33, 33, 33, 33, 33, 33, 33, 33, 33, 33, 33, 33, 33, 33, 33, 33, 33, 33, 33, 33, 33, 33, 33, 33, 33, 33, 33, 33, 33, 33, 33, 33, 33, 33, 33, 33, 33, 33, 33, 33, 33, 33, 33, 33, 33, 33, 33, 33, 33, 33]",270,"[0.5797783136367798, 0.545350193977356, 0.5180508494377136, 0.4959169626235962, 0.4789991080760956, 0.46492886543273926, 0.453879177570343, 0.44456490874290466, 0.4383644163608551, 0.43351662158966064, 0.42891159653663635, 0.4246441721916199, 0.4216744601726532, 0.4189490079879761, 0.41671285033226013, 0.41493770480155945, 0.41296255588531494, 0.4114789068698883, 0.41036078333854675, 0.4092473089694977, 0.4082980453968048, 0.4072456657886505, 0.4064839482307434, 0.4056745171546936, 0.4051836133003235, 0.4046544134616852, 0.4043021500110626, 0.4039170742034912, 0.4035559892654419, 0.40316951274871826, 0.4028906524181366, 0.40259039402008057, 0.40239986777305603, 0.4019946753978729, 0.4016267657279968, 0.40137335658073425, 0.40099775791168213, 0.4007107615470886, 0.40050575137138367, 0.40024060010910034, 0.4000352919101715, 0.39979714155197144, 0.3996385335922241, 0.39943817257881165, 0.39926257729530334, 0.39904507994651794, 0.3989180624485016, 0.39873671531677246, 0.39854905009269714, 0.39837801456451416, 0.398197203874588, 0.39803341031074524, 0.3979305922985077, 0.39776667952537537, 0.39760294556617737, 0.39744940400123596, 0.3973032832145691, 0.3971821069717407, 0.3970510959625244, 0.3968941569328308, 0.39675602316856384, 0.3966463804244995, 0.3965127170085907, 0.396356463432312, 0.39618951082229614, 0.3960500657558441, 0.39589864015579224, 0.39574578404426575, 0.3956121802330017, 0.39548298716545105, 0.3953346908092499, 0.39521363377571106, 0.3950466811656952, 0.39490780234336853, 0.3947719633579254, 0.3946628272533417, 0.394550621509552, 0.3944108188152313, 0.3942669928073883, 0.3941134512424469, 0.3939872086048126, 0.393870085477829, 0.3937610685825348, 0.3936329185962677, 0.393500417470932, 0.3933902084827423, 0.39327651262283325, 0.39317381381988525, 0.3930734395980835, 0.3929474651813507, 0.39283013343811035, 0.39271843433380127, 0.3925918638706207, 0.39246371388435364, 0.392348974943161, 0.39222925901412964, 0.3921140432357788, 0.3920040428638458, 0.391875684261322, 0.39175650477409363, 0.39164674282073975, 0.3915270268917084, 0.3914346396923065, 0.39132487773895264, 0.39119866490364075, 0.39109984040260315, 0.3909666836261749, 0.3908540606498718, 0.3907240331172943, 0.39061251282691956, 0.39050471782684326, 0.3904080092906952, 0.39029771089553833, 0.39018571376800537, 0.39007508754730225, 0.3899451792240143, 0.3898651599884033, 0.38975489139556885, 0.3896433115005493, 0.38955333828926086, 0.38946136832237244, 0.3893638253211975, 0.3892623782157898, 0.38919103145599365, 0.38908302783966064, 0.3889712989330292, 0.38886383175849915, 0.38875752687454224, 0.38865193724632263, 0.3885277211666107, 0.3884347081184387, 0.38836202025413513, 0.38829246163368225, 0.38823240995407104, 0.3881329298019409, 0.38799676299095154, 0.3878766894340515, 0.38780489563941956, 0.38770538568496704, 0.3876112103462219, 0.38750430941581726, 0.3873840570449829, 0.38728323578834534, 0.3872044086456299, 0.38713759183883667, 0.3870362341403961, 0.3869590759277344, 0.3868921399116516, 0.38678714632987976, 0.3866981565952301, 0.3866088390350342, 0.3865007162094116, 0.3864167034626007, 0.3863371014595032, 0.38625550270080566, 0.38617098331451416, 0.38607919216156006, 0.3859924077987671, 0.3859178423881531, 0.38583850860595703, 0.3857646882534027, 0.3856939673423767, 0.3856181800365448, 0.3855326473712921, 0.3854673504829407, 0.3853812515735626, 0.3853153586387634, 0.3852074146270752, 0.3851563334465027, 0.3850688636302948, 0.3849889636039734, 0.3849099278450012, 0.3848443925380707, 0.38477838039398193, 0.38469550013542175, 0.38462287187576294, 0.38455721735954285, 0.3844720721244812, 0.3843880891799927, 0.3843144476413727, 0.3842269778251648, 0.3841381072998047, 0.38407596945762634, 0.3840028643608093, 0.38392412662506104, 0.3838425576686859, 0.38378453254699707, 0.3837057948112488, 0.38363030552864075, 0.383571982383728, 0.38350754976272583, 0.38344788551330566, 0.3833785653114319, 0.38331758975982666, 0.3832504153251648, 0.38317906856536865, 0.3830878436565399, 0.38303107023239136, 0.38294801115989685, 0.3828728497028351, 0.38279926776885986, 0.38271835446357727, 0.3826478123664856, 0.3825899362564087, 0.38253703713417053, 0.38248324394226074, 0.3824509382247925, 0.3823968768119812, 0.3823491036891937, 0.3822765052318573, 0.3822278678417206, 0.3821659982204437, 0.38209256529808044, 0.38204795122146606, 0.3820098638534546, 0.38191643357276917, 0.38185155391693115, 0.3817780017852783, 0.3816961646080017, 0.3816254734992981, 0.3815595209598541, 0.3815020024776459, 0.3814431428909302, 0.3813990652561188, 0.3813392221927643, 0.38126713037490845, 0.3812050223350525, 0.3811565637588501, 0.38110169768333435, 0.3810359835624695, 0.3809773623943329, 0.38090217113494873, 0.38085219264030457, 0.38080620765686035, 0.3807516098022461, 0.3806866407394409, 0.3806166350841522, 0.3805571496486664, 0.3804926574230194, 0.38044121861457825, 0.3803720474243164, 0.3803211450576782, 0.3802575170993805, 0.3801940083503723, 0.38012298941612244, 0.3800617456436157, 0.37999165058135986, 0.3799428641796112, 0.37989339232444763, 0.37985751032829285, 0.3798111379146576, 0.37978920340538025, 0.37970051169395447, 0.37962663173675537, 0.37956956028938293, 0.379484623670578, 0.379414439201355, 0.3793812692165375, 0.3793386220932007, 0.3792743384838104, 0.3792182505130768, 0.37919294834136963, 0.37911397218704224, 0.3790476620197296, 0.37899383902549744, 0.37895306944847107, 0.3789064884185791, 0.3788418173789978, 0.37879571318626404, 0.37876370549201965]",33.0,"[33.0, 33.0, 33.0, 33.0, 33.0, 33.0, 33.0, 33.0, 33.0, 33.0, 33.0, 33.0, 33.0, 33.0, 33.0, 33.0, 33.0, 33.0, 33.0, 33.0, 33.0, 33.0, 33.0, 33.0, 33.0, 33.0, 33.0, 33.0, 33.0, 33.0, 33.0, 33.0, 33.0, 33.0, 33.0, 33.0, 33.0, 33.0, 33.0, 33.0, 33.0, 33.0, 33.0, 33.0, 33.0, 33.0, 33.0, 33.0, 33.0, 33.0, 33.0, 33.0, 33.0, 33.0, 33.0, 33.0, 33.0, 33.0, 33.0, 33.0, 33.0, 33.0, 33.0, 33.0, 33.0, 33.0, 33.0, 33.0, 33.0, 33.0, 33.0, 33.0, 33.0, 33.0, 33.0, 33.0, 33.0, 33.0, 33.0, 33.0, 33.0, 33.0, 33.0, 33.0, 33.0, 33.0, 33.0, 33.0, 33.0, 33.0, 33.0, 33.0, 33.0, 33.0, 33.0, 33.0, 33.0, 33.0, 33.0, 33.0, 33.0, 33.0, 33.0, 33.0, 33.0, 33.0, 33.0, 33.0, 33.0, 33.0, 33.0, 33.0, 33.0, 33.0, 33.0, 33.0, 33.0, 33.0, 33.0, 33.0, 33.0, 33.0, 33.0, 33.0, 33.0, 33.0, 33.0, 33.0, 33.0, 33.0, 33.0, 33.0, 33.0, 33.0, 33.0, 33.0, 33.0, 33.0, 33.0, 33.0, 33.0, 33.0, 33.0, 33.0, 33.0, 33.0, 33.0, 33.0, 33.0, 33.0, 33.0, 33.0, 33.0, 33.0, 33.0, 33.0, 33.0, 33.0, 33.0, 33.0, 33.0, 33.0, 33.0, 33.0, 33.0, 33.0, 33.0, 33.0, 33.0, 33.0, 33.0, 33.0, 33.0, 33.0, 33.0, 33.0, 33.0, 33.0, 33.0, 33.0, 33.0, 33.0, 33.0, 33.0, 33.0, 33.0, 33.0, 33.0, 33.0, 33.0, 33.0, 33.0, 33.0, 33.0, 33.0, 33.0, 33.0, 33.0, 33.0, 33.0, 33.0, 33.0, 33.0, 33.0, 33.0, 33.0, 33.0, 33.0, 33.0, 33.0, 33.0, 33.0, 33.0, 33.0, 33.0, 33.0, 33.0, 33.0, 33.0, 33.0, 33.0, 33.0, 33.0, 33.0, 33.0, 33.0, 33.0, 33.0, 33.0, 33.0, 33.0, 33.0, 33.0, 33.0, 33.0, 33.0, 33.0, 33.0, 33.0, 33.0, 33.0, 33.0, 33.0, 33.0, 33.0, 33.0, 33.0, 33.0, 33.0, 33.0, 33.0, 33.0, 33.0, 33.0, 33.0, 33.0, 33.0, 33.0, 33.0, 33.0, 33.0, 33.0, 33.0, 33.0, 33.0, 33.0, 33.0, 33.0, 33.0, 33.0]",COMPLETE
