,number,value,datetime_start,datetime_complete,duration,params_batch_size_scaler,params_constant_learning_rate,params_depth,params_epochs,params_kernel_l2,params_num_trees,params_temperature,user_attrs_accuracy_test,user_attrs_accuracy_valid,user_attrs_approximate_feature_sparsity,user_attrs_approximate_feature_sparsity_history,user_attrs_approximate_weight_sparsity,user_attrs_approximate_weight_sparsity_history,user_attrs_auc_test,user_attrs_auc_valid,user_attrs_feature_sparsity,user_attrs_feature_sparsity_history,user_attrs_num_epochs,user_attrs_val_loss_history,user_attrs_weight_sparsity,user_attrs_weight_sparsity_history,state
44,44,0.713877188236658,2024-08-31 02:29:26.044918,2024-08-31 02:34:39.182976,0 days 00:05:13.138058,16,0.04311026427496831,6,225,0.009199137851168505,98,0.00011022843776953712,0.87,0.8675,33,"[33, 33, 33, 33, 33, 33, 33, 33, 33, 33, 33, 33, 33, 33, 33, 33, 33, 33, 33, 33, 33, 33, 33, 33, 33, 33, 33, 33, 33, 33, 33, 33, 33, 33, 33, 33, 33, 33, 33, 33, 33, 33, 33, 33, 33, 33, 33, 33, 33, 33, 33, 33, 33, 33, 33, 33, 33, 33, 33, 33, 33, 33, 33, 33, 33, 33, 33, 33, 33, 33, 33, 33, 33, 33, 33, 33, 33, 33, 33, 33, 33, 33, 33, 33, 33, 33, 33, 33, 33, 33, 33, 33, 33, 33, 33, 33, 33, 33, 33, 33, 33, 33, 33, 33, 33, 33, 33, 33, 33, 33, 33, 33, 33, 33, 33, 33, 33, 33, 33, 33, 33, 33, 33, 33, 33, 33, 33, 33, 33, 33, 33, 33, 33, 33, 33, 33, 33, 33, 33, 33, 33, 33, 33, 33, 33, 33, 33, 33, 33, 33, 33, 33, 33, 33, 33, 33, 33, 33, 33, 33, 33, 33, 33, 33, 33, 33, 33, 33, 33, 33, 33, 33, 33, 33, 33, 33, 33, 33, 33, 33, 33, 33, 33, 33, 33, 33, 33, 33, 33, 33, 33, 33, 33, 33, 33, 33, 33, 33, 33, 33, 33, 33, 33, 33, 33, 33, 33, 33, 33, 33, 33, 33, 33, 33, 33, 33, 33, 33, 33, 33, 33, 33, 33, 33, 33]",32.894557823129254,"[32.90087463556851, 32.90330417881438, 32.90071266601879, 32.903628117913826, 32.901036605118236, 32.90249433106576, 32.89957887917072, 32.900064787819886, 32.89974084872044, 32.90087463556851, 32.900064787819886, 32.89731130547457, 32.89795918367347, 32.89779721412374, 32.89698736637512, 32.89650145772595, 32.89585357952705, 32.89763524457402, 32.90087463556851, 32.902980239714935, 32.899092970521544, 32.90087463556851, 32.900226757369616, 32.89795918367347, 32.897959183673464, 32.89569160997733, 32.89374797538063, 32.8942338840298, 32.89504373177843, 32.90006478781989, 32.901198574667966, 32.90217039196631, 32.90038872691934, 32.900064787819886, 32.89633948817622, 32.898931000971814, 32.898445092322646, 32.897311305474574, 32.898121153223194, 32.89666342727567, 32.897473275024296, 32.89779721412374, 32.898283122772916, 32.895367670877874, 32.89779721412375, 32.90217039196631, 32.90038872691934, 32.900874635568506, 32.89763524457402, 32.89682539682539, 32.89779721412374, 32.895367670877874, 32.89455782312925, 32.89407191448008, 32.89666342727567, 32.896339488176224, 32.896177518626494, 32.8948817622287, 32.89488176222871, 32.89585357952705, 32.90055069646906, 32.902818270165206, 32.90087463556851, 32.89698736637512, 32.89714933592485, 32.899254940071266, 32.90071266601879, 32.90087463556851, 32.90200842241659, 32.90314220926466, 32.90087463556851, 32.89941690962099, 32.89860706187237, 32.897311305474574, 32.89650145772595, 32.8961775186265, 32.8968253968254, 32.89731130547457, 32.898445092322646, 32.90006478781989, 32.90087463556851, 32.899254940071266, 32.90152251376741, 32.90136054421769, 32.89795918367347, 32.89698736637512, 32.89520570132815, 32.893424036281175, 32.89698736637512, 32.89585357952705, 32.893586005830905, 32.89390994493036, 32.89342403628118, 32.8942338840298, 32.895367670877874, 32.8961775186265, 32.89795918367347, 32.899254940071266, 32.89974084872044, 32.90055069646906, 32.899254940071266, 32.894395853579525, 32.892776158082285, 32.89293812763201, 32.89293812763201, 32.89293812763201, 32.89520570132815, 32.89455782312925, 32.89520570132815, 32.89374797538063, 32.89342403628118, 32.89293812763201, 32.89180434078393, 32.89293812763201, 32.89326206673146, 32.892614188532555, 32.891642371234205, 32.889860706187235, 32.88937479753806, 32.890832523485585, 32.89212827988339, 32.89229024943311, 32.89196631033366, 32.892614188532555, 32.89374797538063, 32.89407191448008, 32.89666342727567, 32.89893100097182, 32.898445092322646, 32.89795918367347, 32.89828312277292, 32.89779721412374, 32.8948817622287, 32.89390994493035, 32.89310009718173, 32.89212827988338, 32.88969873663751, 32.89245221898283, 32.89067055393586, 32.891804340783935, 32.89310009718173, 32.89390994493035, 32.89212827988339, 32.89455782312925, 32.8955296404276, 32.89374797538063, 32.89326206673146, 32.892776158082285, 32.89293812763201, 32.89407191448008, 32.89650145772595, 32.896663427275676, 32.8968253968254, 32.8961775186265, 32.89504373177842, 32.8942338840298, 32.89504373177842, 32.89390994493036, 32.89520570132815, 32.8955296404276, 32.893586005830905, 32.894557823129254, 32.8942338840298, 32.89504373177842, 32.89520570132815, 32.89439585357953, 32.89229024943311, 32.89229024943311, 32.89439585357953, 32.8961775186265, 32.89520570132815, 32.89569160997732, 32.894395853579525, 32.89504373177842, 32.89439585357953, 32.892614188532555, 32.89018464528669, 32.89099449303531, 32.89229024943311, 32.890994493035315, 32.89293812763201, 32.89293812763201, 32.892614188532555, 32.892614188532555, 32.89067055393586, 32.89115646258503, 32.89293812763201, 32.89229024943311, 32.89067055393586, 32.891642371234205, 32.89099449303531, 32.89115646258503, 32.89050858438613, 32.89180434078393, 32.89277615808228, 32.891804340783935, 32.89212827988338, 32.89212827988338, 32.89212827988338, 32.892614188532555, 32.89245221898283, 32.890832523485585, 32.88953676708779, 32.88921282798834, 32.88840298023971, 32.88840298023972, 32.889860706187235, 32.89115646258503, 32.890022675736965, 32.89293812763201, 32.89326206673145, 32.8942338840298, 32.89310009718173, 32.89407191448008, 32.89504373177842, 32.893586005830905, 32.891804340783935, 32.8922902494331, 32.89390994493035, 32.8955296404276, 32.895367670877874, 32.89407191448007, 32.8942338840298, 32.89390994493035, 32.894557823129254]",0.7496594258539124,0.713877188236658,33,"[33, 33, 33, 33, 33, 33, 33, 33, 33, 33, 33, 33, 33, 33, 33, 33, 33, 33, 33, 33, 33, 33, 33, 33, 33, 33, 33, 33, 33, 33, 33, 33, 33, 33, 33, 33, 33, 33, 33, 33, 33, 33, 33, 33, 33, 33, 33, 33, 33, 33, 33, 33, 33, 33, 33, 33, 33, 33, 33, 33, 33, 33, 33, 33, 33, 33, 33, 33, 33, 33, 33, 33, 33, 33, 33, 33, 33, 33, 33, 33, 33, 33, 33, 33, 33, 33, 33, 33, 33, 33, 33, 33, 33, 33, 33, 33, 33, 33, 33, 33, 33, 33, 33, 33, 33, 33, 33, 33, 33, 33, 33, 33, 33, 33, 33, 33, 33, 33, 33, 33, 33, 33, 33, 33, 33, 33, 33, 33, 33, 33, 33, 33, 33, 33, 33, 33, 33, 33, 33, 33, 33, 33, 33, 33, 33, 33, 33, 33, 33, 33, 33, 33, 33, 33, 33, 33, 33, 33, 33, 33, 33, 33, 33, 33, 33, 33, 33, 33, 33, 33, 33, 33, 33, 33, 33, 33, 33, 33, 33, 33, 33, 33, 33, 33, 33, 33, 33, 33, 33, 33, 33, 33, 33, 33, 33, 33, 33, 33, 33, 33, 33, 33, 33, 33, 33, 33, 33, 33, 33, 33, 33, 33, 33, 33, 33, 33, 33, 33, 33, 33, 33, 33, 33, 33, 33]",225,"[0.5941616892814636, 0.4927017092704773, 0.44786763191223145, 0.4265454411506653, 0.4156356155872345, 0.40938055515289307, 0.40534451603889465, 0.40294551849365234, 0.40125715732574463, 0.39998093247413635, 0.3989311456680298, 0.3980172276496887, 0.3972402811050415, 0.3965262174606323, 0.39587074518203735, 0.3952709436416626, 0.39471766352653503, 0.3941613435745239, 0.39360496401786804, 0.39307326078414917, 0.39256346225738525, 0.3920632600784302, 0.3915807008743286, 0.3911048471927643, 0.3906468152999878, 0.39017271995544434, 0.3897256851196289, 0.3892825245857239, 0.38886138796806335, 0.388434499502182, 0.3880321979522705, 0.3876233398914337, 0.38722094893455505, 0.3868409991264343, 0.386461079120636, 0.3860940635204315, 0.385728657245636, 0.38537633419036865, 0.38503769040107727, 0.3846806287765503, 0.38436195254325867, 0.3840349316596985, 0.3837185800075531, 0.3834097981452942, 0.383095920085907, 0.3827900290489197, 0.3824928402900696, 0.38220611214637756, 0.38192880153656006, 0.381643146276474, 0.38135066628456116, 0.3810875713825226, 0.38081419467926025, 0.3805498480796814, 0.3802933990955353, 0.3800576329231262, 0.37980419397354126, 0.3795739710330963, 0.37933462858200073, 0.37909600138664246, 0.3788636326789856, 0.3786464333534241, 0.3784257173538208, 0.37822994589805603, 0.3779982328414917, 0.37777286767959595, 0.3775665760040283, 0.3773532807826996, 0.3771423399448395, 0.37695038318634033, 0.3767453134059906, 0.3765580654144287, 0.3763633072376251, 0.3761672079563141, 0.3759777545928955, 0.37581318616867065, 0.3756203055381775, 0.3754420578479767, 0.3752659559249878, 0.3750859200954437, 0.3749256432056427, 0.37473881244659424, 0.3745841681957245, 0.37441644072532654, 0.37425681948661804, 0.37409934401512146, 0.3739417791366577, 0.37379008531570435, 0.3736320436000824, 0.3734850585460663, 0.3733246326446533, 0.3731788694858551, 0.37302491068840027, 0.37288013100624084, 0.3727436363697052, 0.3726080358028412, 0.3724767565727234, 0.37234780192375183, 0.37220537662506104, 0.37206923961639404, 0.37193411588668823, 0.3717930316925049, 0.37165072560310364, 0.37151849269866943, 0.3713911771774292, 0.3712505102157593, 0.37112125754356384, 0.37097635865211487, 0.37083977460861206, 0.3707335293292999, 0.3706126809120178, 0.37047234177589417, 0.37037521600723267, 0.37024441361427307, 0.3701249063014984, 0.3699980676174164, 0.36986029148101807, 0.3697291910648346, 0.3696056604385376, 0.36950457096099854, 0.36937904357910156, 0.3692723512649536, 0.3691636025905609, 0.36904942989349365, 0.3689453601837158, 0.3688526153564453, 0.3687354624271393, 0.36860865354537964, 0.36850225925445557, 0.36839285492897034, 0.36828628182411194, 0.36816009879112244, 0.3680553734302521, 0.36796846985816956, 0.3678719997406006, 0.3677777349948883, 0.3676757514476776, 0.3675829768180847, 0.3674631118774414, 0.3673780560493469, 0.36727362871170044, 0.36716216802597046, 0.36706578731536865, 0.36697593331336975, 0.3668748438358307, 0.366771936416626, 0.36665838956832886, 0.36656326055526733, 0.3664521872997284, 0.36634713411331177, 0.36624839901924133, 0.36614999175071716, 0.36605679988861084, 0.3659628927707672, 0.3658756911754608, 0.3657803237438202, 0.3656727075576782, 0.3655867874622345, 0.36549612879753113, 0.36540135741233826, 0.36532264947891235, 0.36523324251174927, 0.3651435375213623, 0.3650340139865875, 0.3649161458015442, 0.36482691764831543, 0.36475029587745667, 0.3646737337112427, 0.36459416151046753, 0.36451956629753113, 0.3644105792045593, 0.364339679479599, 0.36424580216407776, 0.3641326129436493, 0.3640369474887848, 0.3639673590660095, 0.363862544298172, 0.36376091837882996, 0.36366045475006104, 0.36358025670051575, 0.36350712180137634, 0.3634285628795624, 0.36333805322647095, 0.36325061321258545, 0.3631545305252075, 0.36307528614997864, 0.36300304532051086, 0.3629216253757477, 0.3628351092338562, 0.36275139451026917, 0.36267387866973877, 0.36257076263427734, 0.36248165369033813, 0.3624090254306793, 0.362326055765152, 0.36225754022598267, 0.36216720938682556, 0.36209365725517273, 0.3620215952396393, 0.36194324493408203, 0.36186572909355164, 0.3617769181728363, 0.3616863191127777, 0.3616117835044861, 0.3615441620349884, 0.36146122217178345, 0.36138901114463806, 0.3613198399543762, 0.36121463775634766, 0.3611077070236206, 0.3610176742076874, 0.36094555258750916, 0.36087775230407715, 0.36080655455589294, 0.3607046604156494, 0.36063244938850403, 0.3605309724807739, 0.3604278266429901, 0.36034002900123596, 0.36024266481399536, 0.36016732454299927, 0.3600989878177643, 0.3600250482559204, 0.3599467873573303, 0.35988205671310425]",33.0,"[33.0, 33.0, 33.0, 33.0, 33.0, 33.0, 33.0, 33.0, 33.0, 33.0, 33.0, 33.0, 33.0, 33.0, 33.0, 33.0, 33.0, 33.0, 33.0, 33.0, 33.0, 33.0, 33.0, 33.0, 33.0, 33.0, 33.0, 33.0, 33.0, 33.0, 33.0, 33.0, 33.0, 33.0, 33.0, 33.0, 33.0, 33.0, 33.0, 33.0, 33.0, 33.0, 33.0, 33.0, 33.0, 33.0, 33.0, 33.0, 33.0, 33.0, 33.0, 33.0, 33.0, 33.0, 33.0, 33.0, 33.0, 33.0, 33.0, 33.0, 33.0, 33.0, 33.0, 33.0, 33.0, 33.0, 33.0, 33.0, 33.0, 33.0, 33.0, 33.0, 33.0, 33.0, 33.0, 33.0, 33.0, 33.0, 33.0, 33.0, 33.0, 33.0, 33.0, 33.0, 33.0, 33.0, 33.0, 33.0, 33.0, 33.0, 33.0, 33.0, 33.0, 33.0, 33.0, 33.0, 33.0, 33.0, 33.0, 33.0, 33.0, 33.0, 33.0, 33.0, 33.0, 33.0, 33.0, 33.0, 33.0, 33.0, 33.0, 33.0, 33.0, 33.0, 33.0, 33.0, 33.0, 33.0, 33.0, 33.0, 33.0, 33.0, 33.0, 33.0, 33.0, 33.0, 33.0, 33.0, 33.0, 33.0, 33.0, 33.0, 33.0, 33.0, 33.0, 33.0, 33.0, 33.0, 33.0, 33.0, 33.0, 33.0, 33.0, 33.0, 33.0, 33.0, 33.0, 33.0, 33.0, 33.0, 33.0, 33.0, 33.0, 33.0, 33.0, 33.0, 33.0, 33.0, 33.0, 33.0, 33.0, 33.0, 33.0, 33.0, 33.0, 33.0, 33.0, 33.0, 33.0, 33.0, 33.0, 33.0, 33.0, 33.0, 33.0, 33.0, 33.0, 33.0, 33.0, 33.0, 33.0, 33.0, 33.0, 33.0, 33.0, 33.0, 33.0, 33.0, 33.0, 33.0, 33.0, 33.0, 33.0, 33.0, 33.0, 33.0, 33.0, 33.0, 33.0, 33.0, 33.0, 33.0, 33.0, 33.0, 33.0, 33.0, 33.0, 33.0, 33.0, 33.0, 33.0, 33.0, 33.0, 33.0, 33.0, 33.0, 33.0, 33.0, 33.0, 33.0, 33.0, 33.0, 33.0, 33.0, 33.0]",COMPLETE
