,number,value,datetime_start,datetime_complete,duration,params_batch_size_scaler,params_constant_learning_rate,params_depth,params_epochs,params_kernel_l2,params_num_trees,params_temperature,user_attrs_accuracy_test,user_attrs_accuracy_valid,user_attrs_approximate_feature_sparsity,user_attrs_approximate_feature_sparsity_history,user_attrs_approximate_weight_sparsity,user_attrs_approximate_weight_sparsity_history,user_attrs_auc_test,user_attrs_auc_valid,user_attrs_feature_sparsity,user_attrs_feature_sparsity_history,user_attrs_num_epochs,user_attrs_val_loss_history,user_attrs_weight_sparsity,user_attrs_weight_sparsity_history,state
53,53,0.9216807718566037,2024-08-31 02:58:50.777876,2024-08-31 02:59:14.519554,0 days 00:00:23.741678,64,0.5396946920999419,1,275,0.0017342647472780876,78,0.00019734879847846062,0.913,0.91,33,"[33, 33, 33, 33, 33, 33, 33, 33, 33, 33, 33, 33, 33, 33, 33, 33, 33, 33, 33, 33, 33, 33, 33, 33, 33, 33, 33, 33, 33, 33, 33, 33, 33, 33, 33, 33, 33, 33, 33, 33, 33, 33, 33, 33, 33, 33, 33, 33, 33, 33, 33, 33, 33, 33, 33, 33, 33, 33, 33, 33, 33, 33, 33, 33, 33, 33, 33, 33, 33, 33, 33, 33, 33, 33, 33, 33, 33, 33, 33, 33, 33, 33, 33, 33, 33, 33, 33, 33, 33, 33, 33, 33, 33, 33, 33, 33, 33, 33, 33, 33, 33, 33, 33, 33, 33, 33, 33, 33, 33, 33, 33, 33, 33, 33, 33, 33, 33, 33, 33, 33, 33, 33, 33, 33, 33, 33, 33, 33, 33, 33, 33, 33, 33, 33, 33, 33, 33, 33, 33, 33, 33, 33, 33, 33, 33, 33, 33, 33, 33, 33, 33, 33, 33, 33, 33, 33, 33, 33, 33, 33, 33, 33, 33, 33, 33, 33, 33, 33, 33, 33, 33, 33, 33, 33, 33, 33, 33, 33, 33, 33, 33, 33, 33, 33, 33, 33, 33, 33, 33, 33, 33, 33, 33, 33, 33, 33, 33, 33, 33, 33, 33, 33, 33, 33, 33, 33, 33, 33, 33, 33, 33, 33, 33, 33, 33, 33, 33, 33, 33, 33, 33, 33, 33, 33, 33, 33, 33, 33, 33, 33, 33, 33, 33, 33, 33, 33, 33, 33, 33, 33, 33, 33, 33, 33, 33, 33, 33, 33, 33, 33, 33, 33, 33, 33, 33, 33, 33, 33, 33, 33, 33, 33, 33, 33, 33, 33, 33, 33, 33, 33, 33, 33, 33, 33, 33]",33.0,"[32.98717948717949, 33.0, 33.0, 32.98717948717949, 32.98717948717949, 32.98717948717949, 32.98717948717949, 33.0, 32.97435897435898, 32.98717948717949, 33.0, 32.98717948717949, 33.0, 33.0, 32.98717948717949, 32.97435897435898, 32.97435897435898, 32.98717948717949, 33.0, 33.0, 32.97435897435898, 32.98717948717949, 32.97435897435898, 33.0, 33.0, 32.98717948717949, 32.97435897435898, 32.98717948717949, 32.97435897435898, 32.97435897435898, 32.97435897435898, 33.0, 33.0, 33.0, 32.98717948717949, 33.0, 33.0, 32.98717948717949, 32.96153846153846, 32.97435897435898, 32.96153846153846, 32.97435897435898, 32.96153846153846, 32.98717948717949, 32.97435897435898, 32.98717948717949, 32.98717948717949, 32.98717948717949, 32.98717948717949, 32.98717948717949, 33.0, 32.98717948717949, 33.0, 33.0, 32.97435897435898, 32.97435897435898, 32.96153846153846, 33.0, 33.0, 33.0, 32.98717948717949, 32.96153846153846, 33.0, 33.0, 33.0, 33.0, 32.97435897435898, 32.98717948717949, 32.98717948717949, 33.0, 33.0, 33.0, 33.0, 33.0, 32.98717948717949, 33.0, 33.0, 33.0, 33.0, 32.97435897435898, 32.98717948717949, 32.98717948717949, 33.0, 33.0, 32.96153846153846, 32.97435897435898, 32.98717948717949, 33.0, 32.97435897435898, 32.97435897435898, 32.96153846153846, 32.98717948717949, 33.0, 33.0, 32.98717948717949, 33.0, 33.0, 32.98717948717949, 32.98717948717949, 33.0, 33.0, 33.0, 33.0, 32.98717948717949, 32.98717948717949, 32.98717948717949, 33.0, 33.0, 33.0, 33.0, 32.98717948717949, 32.98717948717949, 32.98717948717949, 33.0, 33.0, 33.0, 33.0, 33.0, 33.0, 33.0, 32.97435897435898, 33.0, 33.0, 32.98717948717949, 32.97435897435898, 32.98717948717949, 33.0, 32.98717948717949, 33.0, 32.98717948717949, 33.0, 33.0, 33.0, 32.98717948717949, 33.0, 33.0, 33.0, 32.98717948717949, 33.0, 33.0, 32.98717948717949, 32.98717948717949, 32.98717948717949, 33.0, 33.0, 32.98717948717949, 32.98717948717949, 32.98717948717949, 33.0, 33.0, 32.98717948717949, 32.98717948717949, 33.0, 33.0, 33.0, 32.97435897435898, 32.98717948717949, 32.97435897435898, 32.97435897435898, 32.98717948717949, 32.98717948717949, 32.98717948717949, 32.98717948717949, 33.0, 32.98717948717949, 32.98717948717949, 32.98717948717949, 33.0, 32.98717948717949, 33.0, 32.98717948717949, 32.97435897435898, 33.0, 32.98717948717949, 33.0, 33.0, 32.97435897435898, 33.0, 33.0, 32.98717948717949, 32.98717948717949, 33.0, 32.97435897435898, 32.97435897435898, 33.0, 32.98717948717949, 32.98717948717949, 32.96153846153846, 32.97435897435898, 32.98717948717949, 32.98717948717949, 32.98717948717949, 32.98717948717949, 32.97435897435898, 32.96153846153846, 32.98717948717949, 32.96153846153846, 33.0, 33.0, 32.96153846153846, 32.98717948717949, 32.96153846153846, 33.0, 32.96153846153846, 32.98717948717949, 32.98717948717949, 32.96153846153846, 32.96153846153846, 32.98717948717949, 32.97435897435898, 33.0, 32.98717948717949, 32.97435897435898, 32.97435897435898, 32.98717948717949, 33.0, 33.0, 33.0, 32.98717948717949, 32.98717948717949, 32.97435897435898, 32.98717948717949, 32.98717948717949, 32.98717948717949, 33.0, 32.98717948717949, 32.96153846153846, 32.97435897435898, 32.97435897435898, 33.0, 32.96153846153846, 33.0, 32.98717948717949, 33.0, 33.0, 32.98717948717949, 33.0, 32.96153846153846, 32.98717948717949, 32.96153846153846, 33.0, 32.98717948717949, 33.0, 32.97435897435898, 32.98717948717949, 33.0, 33.0, 33.0, 33.0, 32.96153846153846, 32.98717948717949, 32.98717948717949, 33.0, 32.98717948717949, 32.98717948717949, 33.0, 32.98717948717949, 33.0, 33.0, 33.0, 33.0, 32.96153846153846, 33.0, 32.98717948717949, 33.0, 32.98717948717949, 33.0, 32.98717948717949, 32.98717948717949, 32.98717948717949, 33.0, 33.0, 33.0, 33.0, 33.0]",0.9093783799403893,0.9216807718566037,33,"[33, 33, 33, 33, 33, 33, 33, 33, 33, 33, 33, 33, 33, 33, 33, 33, 33, 33, 33, 33, 33, 33, 33, 33, 33, 33, 33, 33, 33, 33, 33, 33, 33, 33, 33, 33, 33, 33, 33, 33, 33, 33, 33, 33, 33, 33, 33, 33, 33, 33, 33, 33, 33, 33, 33, 33, 33, 33, 33, 33, 33, 33, 33, 33, 33, 33, 33, 33, 33, 33, 33, 33, 33, 33, 33, 33, 33, 33, 33, 33, 33, 33, 33, 33, 33, 33, 33, 33, 33, 33, 33, 33, 33, 33, 33, 33, 33, 33, 33, 33, 33, 33, 33, 33, 33, 33, 33, 33, 33, 33, 33, 33, 33, 33, 33, 33, 33, 33, 33, 33, 33, 33, 33, 33, 33, 33, 33, 33, 33, 33, 33, 33, 33, 33, 33, 33, 33, 33, 33, 33, 33, 33, 33, 33, 33, 33, 33, 33, 33, 33, 33, 33, 33, 33, 33, 33, 33, 33, 33, 33, 33, 33, 33, 33, 33, 33, 33, 33, 33, 33, 33, 33, 33, 33, 33, 33, 33, 33, 33, 33, 33, 33, 33, 33, 33, 33, 33, 33, 33, 33, 33, 33, 33, 33, 33, 33, 33, 33, 33, 33, 33, 33, 33, 33, 33, 33, 33, 33, 33, 33, 33, 33, 33, 33, 33, 33, 33, 33, 33, 33, 33, 33, 33, 33, 33, 33, 33, 33, 33, 33, 33, 33, 33, 33, 33, 33, 33, 33, 33, 33, 33, 33, 33, 33, 33, 33, 33, 33, 33, 33, 33, 33, 33, 33, 33, 33, 33, 33, 33, 33, 33, 33, 33, 33, 33, 33, 33, 33, 33, 33, 33, 33, 33, 33, 33]",275,"[0.4200301766395569, 0.9832242727279663, 1.6966705322265625, 1.0703580379486084, 1.6735749244689941, 1.4225304126739502, 1.3836854696273804, 0.7547463774681091, 0.45076969265937805, 0.4879944324493408, 0.5032224655151367, 0.39697590470314026, 1.1781994104385376, 0.9884245991706848, 0.7012290954589844, 0.3820815980434418, 0.6777446269989014, 0.9530313611030579, 2.5194296836853027, 1.33686101436615, 1.3030238151550293, 1.1418063640594482, 0.38769763708114624, 1.3626072406768799, 0.5487110018730164, 0.48798301815986633, 0.6245552897453308, 1.782711386680603, 0.39384210109710693, 0.7815155982971191, 0.36009567975997925, 0.3966739773750305, 1.4185709953308105, 0.6923539638519287, 0.3524852991104126, 1.3428223133087158, 0.4872035086154938, 0.4212774634361267, 0.6547409296035767, 0.5119048357009888, 0.7210274338722229, 0.7155272960662842, 1.2652509212493896, 0.34667259454727173, 0.4348886013031006, 0.40803641080856323, 0.8758630156517029, 0.9982748627662659, 0.9860474467277527, 0.6527833342552185, 0.8946430683135986, 0.6042504906654358, 0.3521536588668823, 0.3670993149280548, 0.33839181065559387, 1.509116768836975, 0.8885536789894104, 0.5520178079605103, 0.4786580204963684, 0.41188129782676697, 0.34586793184280396, 0.5740090012550354, 1.8880902528762817, 0.6141436696052551, 0.47790682315826416, 1.05186927318573, 0.428829550743103, 0.36399203538894653, 1.2568250894546509, 0.3753185570240021, 0.7032158374786377, 0.7287026047706604, 1.4659847021102905, 0.5007112622261047, 1.2654308080673218, 0.45615506172180176, 0.5492979884147644, 0.461974173784256, 0.3880797326564789, 0.5520018935203552, 0.35243213176727295, 0.4351465106010437, 0.35780200362205505, 0.5812042951583862, 0.330849826335907, 0.5553755164146423, 0.8741973042488098, 0.9075605273246765, 0.4069851338863373, 0.4373863935470581, 0.47555264830589294, 0.3795338571071625, 0.5023524165153503, 0.443290114402771, 0.36172035336494446, 0.6485230922698975, 0.3394501209259033, 0.41429442167282104, 0.4099203050136566, 0.317121297121048, 1.6983128786087036, 0.3543891906738281, 0.33764970302581787, 1.3571656942367554, 0.5529912114143372, 0.539472222328186, 1.057560920715332, 0.4674620032310486, 0.32002806663513184, 0.7510315179824829, 0.3177761435508728, 0.606959342956543, 0.6792054176330566, 0.8659992814064026, 0.5033722519874573, 0.3958791494369507, 0.3279374837875366, 0.2904817759990692, 0.6599670648574829, 0.27996698021888733, 0.7043257355690002, 0.7487645745277405, 0.3328839838504791, 0.5347684025764465, 1.0631260871887207, 0.29625481367111206, 0.5673782825469971, 0.5761638879776001, 0.8848523497581482, 0.3054411709308624, 0.2741433084011078, 0.44825536012649536, 0.2963109612464905, 0.48137158155441284, 0.2579417824745178, 0.26695168018341064, 0.37024304270744324, 1.0434012413024902, 0.28897884488105774, 0.24535800516605377, 0.5606271028518677, 0.2596889138221741, 0.35778918862342834, 0.2544824779033661, 0.922909140586853, 0.24600082635879517, 0.3434211313724518, 0.47535765171051025, 1.1220605373382568, 0.2572544813156128, 0.6455865502357483, 0.4317077398300171, 0.36999019980430603, 0.5382701754570007, 0.39430636167526245, 0.24624918401241302, 0.2814970910549164, 0.969224750995636, 0.5497267842292786, 0.3315912187099457, 0.40577933192253113, 0.4742487370967865, 0.46396633982658386, 0.2515544295310974, 0.4858802855014801, 0.5177994966506958, 1.1395257711410522, 0.24869845807552338, 0.8268989324569702, 0.22720107436180115, 0.2708846628665924, 0.2329815924167633, 0.39840859174728394, 0.6490753293037415, 0.28921422362327576, 0.31283503770828247, 0.22214765846729279, 0.22572335600852966, 0.21511533856391907, 0.5269147753715515, 0.7759485840797424, 0.23356875777244568, 0.5219195485115051, 0.4452259838581085, 0.2715616226196289, 0.6333653926849365, 0.31002336740493774, 0.28650176525115967, 0.6183946132659912, 0.3340812921524048, 0.23405449092388153, 0.2812429666519165, 0.23914720118045807, 0.35225895047187805, 0.36445847153663635, 0.37537041306495667, 0.4091629385948181, 0.24226753413677216, 0.22933271527290344, 0.4151037335395813, 0.6109180450439453, 0.35176292061805725, 0.5072620511054993, 0.25922051072120667, 0.31273865699768066, 0.23323799669742584, 0.23657040297985077, 0.2188100963830948, 0.2362157106399536, 0.5104342699050903, 0.36418384313583374, 0.3486948013305664, 0.5877078175544739, 0.2550709545612335, 0.6921804547309875, 0.23738931119441986, 0.7755323052406311, 0.24146179854869843, 0.22781497240066528, 0.38708192110061646, 0.4507890045642853, 0.2473451942205429, 0.8944518566131592, 0.24583148956298828, 0.22515669465065002, 0.2175382822751999, 0.21782879531383514, 0.2223300039768219, 0.312113881111145, 0.2620130181312561, 0.5434526801109314, 0.24775739014148712, 0.21782226860523224, 0.5257611870765686, 0.23927077651023865, 0.2313181757926941, 0.504934549331665, 0.2763257622718811, 0.21941356360912323, 0.30943548679351807, 0.54925936460495, 0.3655279278755188, 0.3932369649410248, 0.2144099473953247, 0.26950258016586304, 0.24401120841503143, 0.24611443281173706, 0.2938154935836792, 0.37864768505096436, 0.25660139322280884, 0.7536051273345947, 0.24201694130897522, 0.21477170288562775, 0.30121910572052, 0.44354429841041565, 0.33445969223976135, 0.2556520104408264, 0.21388523280620575, 0.2170906662940979, 0.3839356303215027, 0.39248397946357727, 0.3319703936576843, 0.3093562424182892, 0.24685807526111603, 0.24051640927791595, 0.2341454178094864, 0.49975159764289856, 0.26892703771591187, 0.4435053765773773, 0.2710455358028412, 0.2669559717178345, 0.5597046613693237, 0.21282191574573517, 0.21204321086406708, 0.24384507536888123]",33.0,"[33.0, 33.0, 33.0, 33.0, 33.0, 33.0, 33.0, 33.0, 33.0, 33.0, 33.0, 33.0, 33.0, 33.0, 33.0, 33.0, 33.0, 33.0, 33.0, 33.0, 33.0, 33.0, 33.0, 33.0, 33.0, 33.0, 33.0, 33.0, 33.0, 33.0, 33.0, 33.0, 33.0, 33.0, 33.0, 33.0, 33.0, 33.0, 33.0, 33.0, 33.0, 33.0, 33.0, 33.0, 33.0, 33.0, 33.0, 33.0, 33.0, 33.0, 33.0, 33.0, 33.0, 33.0, 33.0, 33.0, 33.0, 33.0, 33.0, 33.0, 33.0, 33.0, 33.0, 33.0, 33.0, 33.0, 33.0, 33.0, 33.0, 33.0, 33.0, 33.0, 33.0, 33.0, 33.0, 33.0, 33.0, 33.0, 33.0, 33.0, 33.0, 33.0, 33.0, 33.0, 33.0, 33.0, 33.0, 33.0, 33.0, 33.0, 33.0, 33.0, 33.0, 33.0, 33.0, 33.0, 33.0, 33.0, 33.0, 33.0, 33.0, 33.0, 33.0, 33.0, 33.0, 33.0, 33.0, 33.0, 33.0, 33.0, 33.0, 33.0, 33.0, 33.0, 33.0, 33.0, 33.0, 33.0, 33.0, 33.0, 33.0, 33.0, 33.0, 33.0, 33.0, 33.0, 33.0, 33.0, 33.0, 33.0, 33.0, 33.0, 33.0, 33.0, 33.0, 33.0, 33.0, 33.0, 33.0, 33.0, 33.0, 33.0, 33.0, 33.0, 33.0, 33.0, 33.0, 33.0, 33.0, 33.0, 33.0, 33.0, 33.0, 33.0, 33.0, 33.0, 33.0, 33.0, 33.0, 33.0, 33.0, 33.0, 33.0, 33.0, 33.0, 33.0, 33.0, 33.0, 33.0, 33.0, 33.0, 33.0, 33.0, 33.0, 33.0, 33.0, 33.0, 33.0, 33.0, 33.0, 33.0, 33.0, 33.0, 33.0, 33.0, 33.0, 33.0, 33.0, 33.0, 33.0, 33.0, 33.0, 33.0, 33.0, 33.0, 33.0, 33.0, 33.0, 33.0, 33.0, 33.0, 33.0, 33.0, 33.0, 33.0, 33.0, 33.0, 33.0, 33.0, 33.0, 33.0, 33.0, 33.0, 33.0, 33.0, 33.0, 33.0, 33.0, 33.0, 33.0, 33.0, 33.0, 33.0, 33.0, 33.0, 33.0, 33.0, 33.0, 33.0, 33.0, 33.0, 33.0, 33.0, 33.0, 33.0, 33.0, 33.0, 33.0, 33.0, 33.0, 33.0, 33.0, 33.0, 33.0, 33.0, 33.0, 33.0, 33.0, 33.0, 33.0, 33.0, 33.0, 33.0, 33.0, 33.0, 33.0, 33.0, 33.0, 33.0, 33.0, 33.0, 33.0, 33.0, 33.0, 33.0, 33.0, 33.0, 33.0, 33.0, 33.0, 33.0, 33.0, 33.0, 33.0, 33.0]",COMPLETE
