,number,value,datetime_start,datetime_complete,duration,params_batch_size_scaler,params_constant_learning_rate,params_depth,params_epochs,params_kernel_l2,params_num_trees,params_temperature,user_attrs_accuracy_test,user_attrs_accuracy_valid,user_attrs_approximate_feature_sparsity,user_attrs_approximate_feature_sparsity_history,user_attrs_approximate_weight_sparsity,user_attrs_approximate_weight_sparsity_history,user_attrs_auc_test,user_attrs_auc_valid,user_attrs_feature_sparsity,user_attrs_feature_sparsity_history,user_attrs_num_epochs,user_attrs_val_loss_history,user_attrs_weight_sparsity,user_attrs_weight_sparsity_history,state
140,140,0.5,2024-08-31 06:57:41.971748,2024-08-31 06:59:45.491114,0 days 00:02:03.519366,1,0.15674123216465452,1,270,0.9850155022615704,44,0.0101153593161233,0.859,0.85875,0,"[0, 0, 0, 0, 0, 0, 0, 0, 0, 0, 0, 0, 0, 0, 0, 0, 0, 0, 0, 0, 0, 0, 0, 0, 0, 0, 0, 0, 0, 0, 0, 0, 0, 0, 0, 0, 0, 0, 0, 0, 0, 0, 0, 0, 0, 0, 0, 0, 0, 0, 0, 0, 0, 0, 0, 0, 0, 0, 0, 0, 0, 0, 0, 0, 0, 0, 0, 0, 0, 0, 0, 0, 0, 0, 0, 0, 0, 0, 0, 0, 0, 0, 0, 0, 0, 0, 0, 0, 0, 0, 0, 0, 0, 0, 0, 0, 0, 0, 0, 0, 0, 0, 0, 0, 0, 0, 0, 0, 0, 0, 0, 0, 0, 0, 0, 0, 0, 0, 0, 0, 0, 0, 0, 0, 0, 0, 0, 0, 0, 0, 0, 0, 0, 0, 0, 0, 0, 0, 0, 0, 0, 0, 0, 0, 0, 0, 0, 0, 0, 0, 0, 0, 0, 0, 0, 0, 0, 0, 0, 0, 0, 0, 0, 0, 0, 0, 0, 0, 0, 0, 0, 0, 0, 0, 0, 0, 0, 0, 0, 0, 0, 0, 0, 0, 0, 0, 0, 0, 0, 0, 0, 0, 0, 0, 0, 0, 0, 0, 0, 0, 0, 0, 0, 0, 0, 0, 0, 0, 0, 0, 0, 0, 0, 0, 0, 0, 0, 0, 0, 0, 0, 0, 0, 0, 0, 0, 0, 0, 0, 0, 0, 0, 0, 0, 0, 0, 0, 0, 0, 0, 0, 0, 0, 0, 0, 0, 0, 0, 0, 0, 0, 0, 0, 0, 0, 0, 0, 0, 0, 0, 0, 0, 0, 0, 0, 0, 0, 0, 0, 0]",0.0,"[0.0, 0.0, 0.0, 0.0, 0.0, 0.0, 0.0, 0.0, 0.0, 0.0, 0.0, 0.0, 0.0, 0.0, 0.0, 0.0, 0.0, 0.0, 0.0, 0.0, 0.0, 0.0, 0.0, 0.0, 0.0, 0.0, 0.0, 0.0, 0.0, 0.0, 0.0, 0.0, 0.0, 0.0, 0.0, 0.0, 0.0, 0.0, 0.0, 0.0, 0.0, 0.0, 0.0, 0.0, 0.0, 0.0, 0.0, 0.0, 0.0, 0.0, 0.0, 0.0, 0.0, 0.0, 0.0, 0.0, 0.0, 0.0, 0.0, 0.0, 0.0, 0.0, 0.0, 0.0, 0.0, 0.0, 0.0, 0.0, 0.0, 0.0, 0.0, 0.0, 0.0, 0.0, 0.0, 0.0, 0.0, 0.0, 0.0, 0.0, 0.0, 0.0, 0.0, 0.0, 0.0, 0.0, 0.0, 0.0, 0.0, 0.0, 0.0, 0.0, 0.0, 0.0, 0.0, 0.0, 0.0, 0.0, 0.0, 0.0, 0.0, 0.0, 0.0, 0.0, 0.0, 0.0, 0.0, 0.0, 0.0, 0.0, 0.0, 0.0, 0.0, 0.0, 0.0, 0.0, 0.0, 0.0, 0.0, 0.0, 0.0, 0.0, 0.0, 0.0, 0.0, 0.0, 0.0, 0.0, 0.0, 0.0, 0.0, 0.0, 0.0, 0.0, 0.0, 0.0, 0.0, 0.0, 0.0, 0.0, 0.0, 0.0, 0.0, 0.0, 0.0, 0.0, 0.0, 0.0, 0.0, 0.0, 0.0, 0.0, 0.0, 0.0, 0.0, 0.0, 0.0, 0.0, 0.0, 0.0, 0.0, 0.0, 0.0, 0.0, 0.0, 0.0, 0.0, 0.0, 0.0, 0.0, 0.0, 0.0, 0.0, 0.0, 0.0, 0.0, 0.0, 0.0, 0.0, 0.0, 0.0, 0.0, 0.0, 0.0, 0.0, 0.0, 0.0, 0.0, 0.0, 0.0, 0.0, 0.0, 0.0, 0.0, 0.0, 0.0, 0.0, 0.0, 0.0, 0.0, 0.0, 0.0, 0.0, 0.0, 0.0, 0.0, 0.0, 0.0, 0.0, 0.0, 0.0, 0.0, 0.0, 0.0, 0.0, 0.0, 0.0, 0.0, 0.0, 0.0, 0.0, 0.0, 0.0, 0.0, 0.0, 0.0, 0.0, 0.0, 0.0, 0.0, 0.0, 0.0, 0.0, 0.0, 0.0, 0.0, 0.0, 0.0, 0.0, 0.0, 0.0, 0.0, 0.0, 0.0, 0.0, 0.0, 0.0, 0.0, 0.0, 0.0, 0.0, 0.0, 0.0, 0.0, 0.0, 0.0, 0.0, 0.0, 0.0, 0.0, 0.0, 0.0, 0.0, 0.0, 0.0, 0.0, 0.0, 0.0, 0.0, 0.0]",0.5,0.5,0,"[0, 0, 0, 0, 0, 0, 0, 0, 0, 0, 0, 0, 0, 0, 0, 0, 0, 0, 0, 0, 0, 0, 0, 0, 0, 0, 0, 0, 0, 0, 0, 0, 0, 0, 0, 0, 0, 0, 0, 0, 0, 0, 0, 0, 0, 0, 0, 0, 0, 0, 0, 0, 0, 0, 0, 0, 0, 0, 0, 0, 0, 0, 0, 0, 0, 0, 0, 0, 0, 0, 0, 0, 0, 0, 0, 0, 0, 0, 0, 0, 0, 0, 0, 0, 0, 0, 0, 0, 0, 0, 0, 0, 0, 0, 0, 0, 0, 0, 0, 0, 0, 0, 0, 0, 0, 0, 0, 0, 0, 0, 0, 0, 0, 0, 0, 0, 0, 0, 0, 0, 0, 0, 0, 0, 0, 0, 0, 0, 0, 0, 0, 0, 0, 0, 0, 0, 0, 0, 0, 0, 0, 0, 0, 0, 0, 0, 0, 0, 0, 0, 0, 0, 0, 0, 0, 0, 0, 0, 0, 0, 0, 0, 0, 0, 0, 0, 0, 0, 0, 0, 0, 0, 0, 0, 0, 0, 0, 0, 0, 0, 0, 0, 0, 0, 0, 0, 0, 0, 0, 0, 0, 0, 0, 0, 0, 0, 0, 0, 0, 0, 0, 0, 0, 0, 0, 0, 0, 0, 0, 0, 0, 0, 0, 0, 0, 0, 0, 0, 0, 0, 0, 0, 0, 0, 0, 0, 0, 0, 0, 0, 0, 0, 0, 0, 0, 0, 0, 0, 0, 0, 0, 0, 0, 0, 0, 0, 0, 0, 0, 0, 0, 0, 0, 0, 0, 0, 0, 0, 0, 0, 0, 0, 0, 0, 0, 0, 0, 0, 0, 0]",270,"[0.4077795743942261, 0.4939928352832794, 0.4510772228240967, 0.4242045283317566, 0.4085550606250763, 0.45598891377449036, 0.42252635955810547, 0.628529965877533, 0.4112575650215149, 0.4210087060928345, 0.4597133994102478, 0.5149282217025757, 0.45093536376953125, 0.4116743803024292, 0.4508497714996338, 0.4252316355705261, 0.42216360569000244, 0.42097577452659607, 0.4077717065811157, 0.4508708119392395, 0.42637303471565247, 0.40777385234832764, 0.41467830538749695, 0.4083234667778015, 0.40774479508399963, 0.40810856223106384, 0.4092317521572113, 0.4086681008338928, 0.4143103361129761, 0.4141918122768402, 0.42801105976104736, 0.42523565888404846, 0.4161755442619324, 0.4151964485645294, 0.41589590907096863, 0.4077455401420593, 0.40841567516326904, 0.4084528386592865, 0.40935438871383667, 0.43436652421951294, 0.4250498116016388, 0.40889742970466614, 0.41279372572898865, 0.40998271107673645, 0.4222033619880676, 0.42509108781814575, 0.41476866602897644, 0.42202889919281006, 0.42410314083099365, 0.42197859287261963, 0.4341515302658081, 0.4219787120819092, 0.45551642775535583, 0.4256071150302887, 0.42245733737945557, 0.41239938139915466, 0.4134397804737091, 0.4077380299568176, 0.4131522476673126, 0.425324022769928, 0.40764838457107544, 0.4088214635848999, 0.49022358655929565, 0.40743693709373474, 0.4083961248397827, 0.4737528860569, 0.41320350766181946, 0.4148632287979126, 0.4505392909049988, 0.40923812985420227, 0.414755642414093, 0.5055727958679199, 0.4072476625442505, 0.40821510553359985, 0.43272173404693604, 0.4219958186149597, 0.4146507680416107, 0.42839744687080383, 0.4496166706085205, 0.41580307483673096, 0.40731337666511536, 0.4247240722179413, 0.4087347090244293, 0.4090724587440491, 0.41295352578163147, 0.4220021069049835, 0.46744874119758606, 0.449067622423172, 0.4500048756599426, 0.7801471948623657, 0.4125487208366394, 0.4148285984992981, 0.4391447901725769, 0.43149611353874207, 0.4121946394443512, 0.4074954688549042, 0.4099481701850891, 0.4083806574344635, 0.421967476606369, 0.4670824110507965, 0.42542603611946106, 0.41485795378685, 0.41838130354881287, 0.4398513734340668, 0.43765050172805786, 0.4238266348838806, 0.4219668507575989, 0.4529955983161926, 0.4514721632003784, 0.41172394156455994, 0.4266648590564728, 0.48912984132766724, 0.40877777338027954, 0.4310026168823242, 0.40774109959602356, 0.4347711205482483, 0.4496541917324066, 0.40739956498146057, 0.419260710477829, 0.40763863921165466, 0.45043426752090454, 0.4244992733001709, 0.42392972111701965, 0.4127245843410492, 0.42996159195899963, 0.4209398627281189, 0.4082181453704834, 0.407431960105896, 0.42388561367988586, 0.4079667627811432, 0.4082111418247223, 0.4326874613761902, 0.41475898027420044, 0.42090103030204773, 0.41117390990257263, 0.4077188968658447, 0.4131706953048706, 0.4120192229747772, 0.40793633460998535, 0.4111132025718689, 0.40773850679397583, 0.41245320439338684, 0.45609620213508606, 0.41205307841300964, 0.45112144947052, 0.41436371207237244, 0.4368554949760437, 0.42181727290153503, 0.5942991375923157, 0.4149719178676605, 0.4864838421344757, 0.4387623965740204, 0.4097227156162262, 0.4074103832244873, 0.4566534459590912, 0.44688206911087036, 0.42678263783454895, 0.42061659693717957, 0.4127257168292999, 0.4725577235221863, 0.6350197792053223, 0.40809354186058044, 0.45016738772392273, 0.4158504605293274, 0.42508426308631897, 0.40771475434303284, 0.4472557306289673, 0.40987664461135864, 0.42190662026405334, 0.4088975787162781, 0.4664762020111084, 0.44389480352401733, 0.40840664505958557, 0.40945813059806824, 0.4326359033584595, 0.42674651741981506, 0.4588095545768738, 0.4581628143787384, 0.4141760766506195, 0.4119962751865387, 0.41280707716941833, 0.40913715958595276, 0.4391781985759735, 0.4243920147418976, 0.4074118137359619, 0.4114590585231781, 0.42190438508987427, 0.42458727955818176, 0.4567459225654602, 0.40984249114990234, 0.5119795799255371, 0.41143786907196045, 0.40821635723114014, 0.4287959039211273, 0.4074788987636566, 0.41448062658309937, 0.4320106506347656, 0.4072501063346863, 0.408692330121994, 0.42392003536224365, 0.414849191904068, 0.4152851998806, 0.41476672887802124, 0.4084283709526062, 0.41054123640060425, 0.4246860146522522, 0.4217888116836548, 0.4244793951511383, 0.40821731090545654, 0.4082111418247223, 0.4518376588821411, 0.4072662591934204, 0.4119906723499298, 0.4256116449832916, 0.4078105688095093, 0.4083799421787262, 0.42591598629951477, 0.4501760005950928, 0.4077300727367401, 0.4120286703109741, 0.42179161310195923, 0.4088006913661957, 0.40824660658836365, 0.41274821758270264, 0.43278348445892334, 0.41271403431892395, 0.42387858033180237, 0.4077157974243164, 0.4127340018749237, 0.5817432999610901, 0.4402899444103241, 0.4077659547328949, 0.40745624899864197, 0.4087969958782196, 0.421822190284729, 0.40778982639312744, 0.4843556880950928, 0.4551667869091034, 0.4510347843170166, 0.428934246301651, 0.42476752400398254, 0.4081864655017853, 0.41839268803596497, 0.40798354148864746, 0.44250884652137756, 0.44988083839416504, 0.4357590079307556, 0.4077330529689789, 0.4081348180770874, 0.44298726320266724, 0.41171348094940186, 0.4119965434074402, 0.41271111369132996, 0.408530056476593, 0.4093228578567505, 0.451507031917572, 0.4403069019317627, 0.52166748046875, 0.43378308415412903, 0.43857651948928833, 0.42186176776885986, 0.43116143345832825, 0.4082239866256714, 0.4542678892612457, 0.4150371253490448, 0.40821579098701477, 0.42969897389411926, 0.4538212716579437, 0.40773171186447144, 0.45119327306747437]",0.0,"[0.0, 0.0, 0.0, 0.0, 0.0, 0.0, 0.0, 0.0, 0.0, 0.0, 0.0, 0.0, 0.0, 0.0, 0.0, 0.0, 0.0, 0.0, 0.0, 0.0, 0.0, 0.0, 0.0, 0.0, 0.0, 0.0, 0.0, 0.0, 0.0, 0.0, 0.0, 0.0, 0.0, 0.0, 0.0, 0.0, 0.0, 0.0, 0.0, 0.0, 0.0, 0.0, 0.0, 0.0, 0.0, 0.0, 0.0, 0.0, 0.0, 0.0, 0.0, 0.0, 0.0, 0.0, 0.0, 0.0, 0.0, 0.0, 0.0, 0.0, 0.0, 0.0, 0.0, 0.0, 0.0, 0.0, 0.0, 0.0, 0.0, 0.0, 0.0, 0.0, 0.0, 0.0, 0.0, 0.0, 0.0, 0.0, 0.0, 0.0, 0.0, 0.0, 0.0, 0.0, 0.0, 0.0, 0.0, 0.0, 0.0, 0.0, 0.0, 0.0, 0.0, 0.0, 0.0, 0.0, 0.0, 0.0, 0.0, 0.0, 0.0, 0.0, 0.0, 0.0, 0.0, 0.0, 0.0, 0.0, 0.0, 0.0, 0.0, 0.0, 0.0, 0.0, 0.0, 0.0, 0.0, 0.0, 0.0, 0.0, 0.0, 0.0, 0.0, 0.0, 0.0, 0.0, 0.0, 0.0, 0.0, 0.0, 0.0, 0.0, 0.0, 0.0, 0.0, 0.0, 0.0, 0.0, 0.0, 0.0, 0.0, 0.0, 0.0, 0.0, 0.0, 0.0, 0.0, 0.0, 0.0, 0.0, 0.0, 0.0, 0.0, 0.0, 0.0, 0.0, 0.0, 0.0, 0.0, 0.0, 0.0, 0.0, 0.0, 0.0, 0.0, 0.0, 0.0, 0.0, 0.0, 0.0, 0.0, 0.0, 0.0, 0.0, 0.0, 0.0, 0.0, 0.0, 0.0, 0.0, 0.0, 0.0, 0.0, 0.0, 0.0, 0.0, 0.0, 0.0, 0.0, 0.0, 0.0, 0.0, 0.0, 0.0, 0.0, 0.0, 0.0, 0.0, 0.0, 0.0, 0.0, 0.0, 0.0, 0.0, 0.0, 0.0, 0.0, 0.0, 0.0, 0.0, 0.0, 0.0, 0.0, 0.0, 0.0, 0.0, 0.0, 0.0, 0.0, 0.0, 0.0, 0.0, 0.0, 0.0, 0.0, 0.0, 0.0, 0.0, 0.0, 0.0, 0.0, 0.0, 0.0, 0.0, 0.0, 0.0, 0.0, 0.0, 0.0, 0.0, 0.0, 0.0, 0.0, 0.0, 0.0, 0.0, 0.0, 0.0, 0.0, 0.0, 0.0, 0.0, 0.0, 0.0, 0.0, 0.0, 0.0, 0.0, 0.0, 0.0, 0.0, 0.0, 0.0, 0.0, 0.0, 0.0, 0.0, 0.0, 0.0, 0.0]",COMPLETE
