,number,value,datetime_start,datetime_complete,duration,params_batch_size_scaler,params_constant_learning_rate,params_depth,params_epochs,params_kernel_l2,params_num_trees,params_temperature,user_attrs_accuracy_test,user_attrs_accuracy_valid,user_attrs_approximate_feature_sparsity,user_attrs_approximate_feature_sparsity_history,user_attrs_approximate_weight_sparsity,user_attrs_approximate_weight_sparsity_history,user_attrs_auc_test,user_attrs_auc_valid,user_attrs_feature_sparsity,user_attrs_feature_sparsity_history,user_attrs_num_epochs,user_attrs_val_loss_history,user_attrs_weight_sparsity,user_attrs_weight_sparsity_history,state
16,16,0.4985443959243086,2024-08-31 01:25:37.554966,2024-08-31 01:25:50.616269,0 days 00:00:13.061303,16,7.649506544462113,3,110,0.06485633799104602,79,0.017608705564233697,0.859,0.85875,7,"[0, 4, 5, 6, 6, 6, 7, 7, 7, 7, 7, 7, 7, 7, 7, 7, 7, 7, 7, 7, 7, 7, 7, 7, 7, 7, 7, 7, 7, 7, 7, 7, 7, 7, 7, 7, 7, 7, 7, 7, 7, 7, 7, 7, 7, 7, 7, 7, 7, 7, 7, 7, 7, 7, 7, 7, 7, 7, 7, 7, 7, 7, 7, 7, 7, 7, 7, 7, 7, 7, 7, 7, 7, 7, 7, 7, 7, 7, 7, 7, 7, 7, 7, 7, 7, 7, 7, 7, 7, 7, 7, 7, 7, 7, 7, 7, 7, 7, 7, 7, 7, 7, 7, 7, 7, 7, 7, 7, 7, 7]",7.0,"[0.0, 3.9945750452079567, 4.960216998191682, 5.985533453887884, 6.0, 5.998191681735985, 6.992766726943942, 6.994575045207956, 6.994575045207957, 7.0, 7.0, 7.0, 7.0, 6.998191681735985, 7.0, 7.0, 6.998191681735985, 7.0, 6.998191681735985, 6.9963833634719705, 6.998191681735985, 7.0, 7.0, 6.998191681735985, 6.9963833634719705, 7.0, 6.998191681735985, 7.0, 6.998191681735985, 6.998191681735985, 6.9963833634719705, 7.0, 7.0, 7.0, 6.998191681735985, 7.0, 7.0, 6.998191681735985, 6.9963833634719705, 7.0, 7.0, 7.0, 7.0, 7.0, 6.998191681735985, 7.0, 7.0, 6.9963833634719705, 7.0, 7.0, 6.998191681735985, 6.998191681735985, 7.0, 6.998191681735985, 7.0, 7.0, 7.0, 6.998191681735985, 7.0, 7.0, 7.0, 7.0, 7.0, 6.998191681735985, 6.998191681735985, 7.0, 7.0, 7.0, 6.998191681735985, 6.998191681735985, 7.0, 6.998191681735985, 6.9963833634719705, 7.0, 6.998191681735985, 7.0, 7.0, 6.998191681735985, 7.0, 7.0, 7.0, 6.998191681735985, 6.9963833634719705, 6.9963833634719705, 6.9963833634719705, 6.998191681735985, 7.0, 6.998191681735985, 6.998191681735985, 6.998191681735985, 7.0, 6.9963833634719705, 7.0, 7.0, 7.0, 7.0, 7.0, 7.0, 6.998191681735985, 6.998191681735985, 6.9963833634719705, 6.998191681735985, 7.0, 6.9963833634719705, 6.998191681735985, 6.998191681735985, 6.9963833634719705, 7.0, 6.994575045207956, 7.0]",0.5059280542276604,0.4985443959243086,7,"[0, 4, 5, 6, 6, 6, 7, 7, 7, 7, 7, 7, 7, 7, 7, 7, 7, 7, 7, 7, 7, 7, 7, 7, 7, 7, 7, 7, 7, 7, 7, 7, 7, 7, 7, 7, 7, 7, 7, 7, 7, 7, 7, 7, 7, 7, 7, 7, 7, 7, 7, 7, 7, 7, 7, 7, 7, 7, 7, 7, 7, 7, 7, 7, 7, 7, 7, 7, 7, 7, 7, 7, 7, 7, 7, 7, 7, 7, 7, 7, 7, 7, 7, 7, 7, 7, 7, 7, 7, 7, 7, 7, 7, 7, 7, 7, 7, 7, 7, 7, 7, 7, 7, 7, 7, 7, 7, 7, 7, 7]",110,"[12.666762351989746, 10.555018424987793, 31.81966781616211, 13.990283966064453, 10.078967094421387, 14.034660339355469, 46.90354919433594, 23.027685165405273, 55.530269622802734, 38.404815673828125, 74.54789733886719, 101.76869201660156, 55.74892044067383, 17.203187942504883, 89.24545288085938, 47.434410095214844, 8.666696548461914, 54.66682434082031, 18.608911514282227, 23.222368240356445, 70.84382629394531, 12.921553611755371, 84.6804428100586, 70.06108093261719, 9.8071870803833, 30.719987869262695, 42.193172454833984, 25.220359802246094, 117.23902130126953, 8.53015422821045, 36.89161682128906, 49.276451110839844, 30.382131576538086, 63.37911605834961, 41.97715377807617, 32.50141525268555, 61.2154426574707, 42.934879302978516, 5.261480331420898, 32.705169677734375, 58.38267517089844, 6.468408584594727, 23.929969787597656, 11.048044204711914, 65.17988586425781, 8.090869903564453, 50.524784088134766, 5.660877227783203, 6.41291618347168, 32.533966064453125, 36.994598388671875, 49.859676361083984, 32.0743293762207, 26.932435989379883, 11.20186996459961, 15.165685653686523, 39.11756134033203, 10.56270980834961, 5.163689613342285, 17.532278060913086, 8.472895622253418, 14.178644180297852, 7.452328681945801, 6.913835525512695, 6.819523811340332, 44.48371124267578, 38.98372268676758, 6.761430740356445, 24.504554748535156, 6.819226264953613, 7.851144790649414, 8.831579208374023, 16.797836303710938, 25.921157836914062, 41.422359466552734, 57.946075439453125, 34.865840911865234, 25.008237838745117, 30.408645629882812, 50.119815826416016, 6.717556953430176, 22.095483779907227, 44.54888153076172, 5.793116569519043, 39.79624557495117, 39.72365188598633, 13.630865097045898, 9.235023498535156, 6.544217586517334, 7.154361724853516, 8.639205932617188, 35.64344787597656, 20.995370864868164, 35.25377655029297, 39.994300842285156, 21.487689971923828, 3.6560869216918945, 7.822529315948486, 7.157505989074707, 43.29374694824219, 5.44890022277832, 25.698165893554688, 11.489096641540527, 6.210768222808838, 6.186939716339111, 4.092406272888184, 28.488849639892578, 16.75102424621582, 12.297311782836914, 29.689016342163086]",7.0,"[0.0, 4.0, 5.0, 6.0, 6.0, 6.0, 7.0, 7.0, 7.0, 7.0, 7.0, 7.0, 7.0, 7.0, 7.0, 7.0, 7.0, 7.0, 7.0, 7.0, 7.0, 7.0, 7.0, 7.0, 7.0, 7.0, 7.0, 7.0, 7.0, 7.0, 7.0, 7.0, 7.0, 7.0, 7.0, 7.0, 7.0, 7.0, 7.0, 7.0, 7.0, 7.0, 7.0, 7.0, 7.0, 7.0, 7.0, 7.0, 7.0, 7.0, 7.0, 7.0, 7.0, 7.0, 7.0, 7.0, 7.0, 7.0, 7.0, 7.0, 7.0, 7.0, 7.0, 7.0, 7.0, 7.0, 7.0, 7.0, 7.0, 7.0, 7.0, 7.0, 7.0, 7.0, 7.0, 7.0, 7.0, 7.0, 7.0, 7.0, 7.0, 7.0, 7.0, 7.0, 7.0, 7.0, 7.0, 7.0, 7.0, 7.0, 7.0, 7.0, 7.0, 7.0, 7.0, 7.0, 7.0, 7.0, 7.0, 7.0, 7.0, 7.0, 7.0, 7.0, 7.0, 7.0, 7.0, 7.0, 7.0, 7.0]",COMPLETE
17,17,0.9333384859141323,2024-08-31 01:25:51.437462,2024-08-31 01:26:34.638048,0 days 00:00:43.200586,4,0.18687396847552495,3,240,0.04229326633097087,32,0.0006247276671829267,0.943,0.94875,29,"[33, 33, 33, 33, 33, 33, 33, 33, 33, 33, 33, 33, 33, 33, 33, 33, 33, 33, 33, 33, 33, 33, 33, 33, 33, 33, 33, 33, 33, 33, 33, 33, 33, 33, 33, 33, 33, 33, 33, 33, 33, 33, 33, 33, 33, 33, 33, 33, 33, 33, 33, 33, 33, 33, 33, 33, 33, 33, 33, 33, 33, 33, 33, 33, 33, 33, 33, 32, 32, 32, 32, 32, 32, 32, 32, 32, 32, 31, 31, 31, 31, 31, 31, 31, 31, 30, 30, 30, 30, 30, 30, 30, 30, 30, 30, 30, 30, 30, 30, 30, 30, 30, 30, 30, 30, 30, 30, 30, 30, 30, 30, 30, 30, 30, 30, 30, 30, 30, 30, 30, 30, 30, 30, 30, 30, 30, 30, 30, 30, 30, 30, 30, 30, 30, 30, 30, 30, 30, 30, 30, 30, 30, 30, 30, 30, 30, 30, 30, 30, 30, 30, 30, 30, 30, 30, 30, 30, 30, 30, 30, 30, 30, 30, 30, 30, 30, 30, 30, 30, 30, 30, 30, 30, 30, 30, 30, 30, 30, 30, 30, 30, 30, 30, 30, 30, 30, 30, 30, 30, 30, 30, 30, 30, 30, 30, 30, 30, 30, 30, 30, 30, 30, 30, 30, 30, 30, 30, 30, 30, 30, 30, 30, 30, 30, 30, 30, 30, 30, 30, 30, 30, 30, 30, 29, 29, 29, 29, 29, 29, 29, 29, 29, 29, 29, 29, 29, 29, 29, 29, 29]",28.955357142857146,"[32.99107142857143, 32.986607142857146, 32.98660714285714, 32.95089285714286, 32.973214285714285, 32.97767857142857, 32.96875, 32.98214285714286, 32.97321428571429, 32.99107142857143, 32.95982142857143, 32.98214285714286, 32.95982142857143, 32.97767857142857, 32.955357142857146, 32.973214285714285, 32.98214285714286, 32.973214285714285, 32.964285714285715, 32.964285714285715, 32.97767857142857, 32.95089285714286, 32.98214285714286, 32.973214285714285, 32.995535714285715, 32.97767857142857, 32.97767857142857, 32.964285714285715, 32.986607142857146, 32.98214285714286, 32.98660714285714, 32.98214285714286, 32.973214285714285, 32.986607142857146, 32.98214285714286, 32.986607142857146, 32.98214285714286, 32.97767857142857, 32.97767857142857, 32.96875, 32.98214285714286, 32.986607142857146, 32.97767857142857, 32.98214285714286, 32.97321428571429, 32.964285714285715, 32.973214285714285, 32.96875, 32.99107142857143, 32.986607142857146, 32.973214285714285, 32.973214285714285, 32.98214285714286, 32.96875, 32.98214285714286, 32.98214285714286, 32.98214285714286, 32.99107142857143, 32.96875, 32.973214285714285, 32.98214285714286, 32.97767857142857, 32.97767857142857, 32.973214285714285, 32.98214285714286, 32.973214285714285, 32.96875, 31.986607142857146, 31.982142857142858, 31.97767857142857, 31.96875, 31.964285714285715, 31.982142857142858, 31.964285714285715, 31.973214285714285, 31.964285714285715, 31.982142857142858, 30.986607142857146, 30.977678571428573, 30.986607142857146, 30.96875, 30.98214285714286, 30.986607142857146, 30.973214285714285, 30.973214285714285, 29.973214285714285, 29.973214285714285, 29.986607142857146, 29.977678571428573, 29.97767857142857, 29.96875, 29.973214285714285, 29.95982142857143, 29.964285714285715, 29.950892857142858, 29.982142857142858, 29.982142857142858, 29.986607142857146, 29.982142857142858, 29.973214285714285, 29.973214285714285, 29.96875, 29.982142857142858, 29.97767857142857, 29.96875, 29.986607142857146, 29.977678571428573, 29.995535714285715, 29.97767857142857, 29.982142857142858, 29.96875, 29.982142857142858, 29.95982142857143, 29.986607142857146, 29.982142857142858, 29.986607142857142, 29.982142857142858, 29.982142857142858, 29.986607142857146, 29.964285714285715, 29.96875, 29.964285714285715, 29.977678571428573, 29.955357142857146, 29.97321428571429, 29.973214285714285, 29.97767857142857, 29.982142857142858, 29.986607142857146, 29.973214285714285, 29.97321428571429, 29.99107142857143, 29.95982142857143, 29.964285714285715, 29.986607142857146, 29.97767857142857, 29.96875, 29.96875, 29.97767857142857, 29.982142857142858, 29.982142857142858, 29.977678571428573, 29.982142857142858, 29.986607142857146, 29.96875, 29.982142857142858, 29.96875, 29.97321428571429, 29.96875, 29.99107142857143, 29.973214285714285, 29.977678571428573, 29.99107142857143, 29.986607142857146, 29.99107142857143, 29.982142857142858, 29.995535714285715, 29.995535714285715, 29.973214285714285, 29.982142857142858, 29.99107142857143, 29.97767857142857, 29.97321428571429, 29.97767857142857, 29.97767857142857, 29.97767857142857, 29.982142857142858, 29.977678571428573, 29.986607142857142, 29.96875, 29.964285714285715, 29.977678571428573, 29.96875, 29.950892857142858, 29.977678571428573, 29.96875, 29.982142857142858, 29.982142857142858, 29.96875, 29.977678571428573, 29.96875, 29.955357142857146, 29.95982142857143, 29.96875, 29.96875, 29.97767857142857, 29.986607142857146, 29.964285714285715, 29.973214285714285, 29.973214285714285, 29.96875, 29.973214285714285, 29.973214285714285, 29.982142857142858, 29.97767857142857, 29.97767857142857, 29.982142857142858, 29.96875, 29.982142857142858, 29.97767857142857, 29.95982142857143, 29.95982142857143, 29.964285714285715, 29.977678571428573, 29.973214285714285, 29.96875, 29.973214285714285, 29.982142857142858, 29.982142857142858, 29.97767857142857, 29.97321428571429, 29.950892857142858, 29.96875, 29.96875, 29.96875, 29.982142857142858, 29.955357142857146, 29.950892857142858, 29.95982142857143, 29.94642857142857, 29.94196428571429, 29.941964285714285, 29.96875, 28.950892857142858, 28.95982142857143, 28.955357142857142, 28.97321428571429, 28.941964285714285, 28.95982142857143, 28.950892857142858, 28.950892857142858, 28.9375, 28.933035714285715, 28.94196428571429, 28.955357142857142, 28.924107142857146, 28.959821428571427, 28.964285714285715, 28.955357142857146, 28.955357142857146]",0.9114754910459961,0.9333384859141323,29,"[33, 33, 33, 33, 33, 33, 33, 33, 33, 33, 33, 33, 33, 33, 33, 33, 33, 33, 33, 33, 33, 33, 33, 33, 33, 33, 33, 33, 33, 33, 33, 33, 33, 33, 33, 33, 33, 33, 33, 33, 33, 33, 33, 33, 33, 33, 33, 33, 33, 33, 33, 33, 33, 33, 33, 33, 33, 33, 33, 33, 33, 33, 33, 33, 33, 33, 33, 32, 32, 32, 32, 32, 32, 32, 32, 32, 32, 31, 31, 31, 31, 31, 31, 31, 31, 30, 30, 30, 30, 30, 30, 30, 30, 30, 30, 30, 30, 30, 30, 30, 30, 30, 30, 30, 30, 30, 30, 30, 30, 30, 30, 30, 30, 30, 30, 30, 30, 30, 30, 30, 30, 30, 30, 30, 30, 30, 30, 30, 30, 30, 30, 30, 30, 30, 30, 30, 30, 30, 30, 30, 30, 30, 30, 30, 30, 30, 30, 30, 30, 30, 30, 30, 30, 30, 30, 30, 30, 30, 30, 30, 30, 30, 30, 30, 30, 30, 30, 30, 30, 30, 30, 30, 30, 30, 30, 30, 30, 30, 30, 30, 30, 30, 30, 30, 30, 30, 30, 30, 30, 30, 30, 30, 30, 30, 30, 30, 30, 30, 30, 30, 30, 30, 30, 30, 30, 30, 30, 30, 30, 30, 30, 30, 30, 30, 30, 30, 30, 30, 30, 30, 30, 30, 30, 29, 29, 29, 29, 29, 29, 29, 29, 29, 29, 29, 29, 29, 29, 29, 29, 29]",240,"[0.390594482421875, 0.3794873356819153, 0.37205788493156433, 0.36673030257225037, 0.3597179055213928, 0.3534182608127594, 0.3475118577480316, 0.3409286439418793, 0.3327449560165405, 0.32551896572113037, 0.31857606768608093, 0.31176045536994934, 0.305213063955307, 0.2987684905529022, 0.29289761185646057, 0.2894006371498108, 0.28402695059776306, 0.2781965732574463, 0.2755589485168457, 0.2733267843723297, 0.2661113440990448, 0.2621611952781677, 0.2600580155849457, 0.257668673992157, 0.2532118856906891, 0.2522789239883423, 0.25001683831214905, 0.24711962044239044, 0.24504819512367249, 0.24457189440727234, 0.24096572399139404, 0.23995853960514069, 0.23901551961898804, 0.23891890048980713, 0.234948068857193, 0.23495961725711823, 0.23254917562007904, 0.23152215778827667, 0.22978705167770386, 0.22847527265548706, 0.22843295335769653, 0.2275557667016983, 0.2246672809123993, 0.2230132520198822, 0.22318348288536072, 0.23084229230880737, 0.2206386774778366, 0.22254911065101624, 0.21936185657978058, 0.21924351155757904, 0.21892347931861877, 0.21671143174171448, 0.2158184051513672, 0.2160717397928238, 0.21751439571380615, 0.21705524623394012, 0.21762536466121674, 0.21473821997642517, 0.2134299874305725, 0.21116915345191956, 0.21159711480140686, 0.21162337064743042, 0.2122322916984558, 0.2148222029209137, 0.21144132316112518, 0.21073584258556366, 0.20901818573474884, 0.20881469547748566, 0.2088671326637268, 0.20765802264213562, 0.2074079066514969, 0.2050328403711319, 0.2091364860534668, 0.20505385100841522, 0.20652908086776733, 0.20383161306381226, 0.2072727531194687, 0.20813246071338654, 0.20671424269676208, 0.21024157106876373, 0.20435652136802673, 0.20276041328907013, 0.20161420106887817, 0.2034987509250641, 0.20452451705932617, 0.2025429755449295, 0.20171551406383514, 0.20038776099681854, 0.2031584531068802, 0.20015037059783936, 0.19951030611991882, 0.20131272077560425, 0.19900207221508026, 0.1994396150112152, 0.19985948503017426, 0.20002464950084686, 0.19972914457321167, 0.2036605328321457, 0.19955144822597504, 0.20036152005195618, 0.19963766634464264, 0.20389755070209503, 0.19935335218906403, 0.19804851710796356, 0.20151180028915405, 0.19519942998886108, 0.1968061625957489, 0.19800513982772827, 0.19840505719184875, 0.19878968596458435, 0.1966455578804016, 0.19506597518920898, 0.19685760140419006, 0.20213289558887482, 0.19739288091659546, 0.2073843628168106, 0.19580405950546265, 0.1966458559036255, 0.19527488946914673, 0.19401752948760986, 0.19382809102535248, 0.1969297081232071, 0.19440554082393646, 0.1941734105348587, 0.1952560395002365, 0.1933451145887375, 0.19357287883758545, 0.1923157125711441, 0.19538292288780212, 0.19524197280406952, 0.19466987252235413, 0.19293279945850372, 0.1972891092300415, 0.20225511491298676, 0.19208545982837677, 0.19293910264968872, 0.19376830756664276, 0.19433538615703583, 0.19093213975429535, 0.19612695276737213, 0.1945476084947586, 0.19273240864276886, 0.19234590232372284, 0.19367995858192444, 0.1959468126296997, 0.19512444734573364, 0.19367055594921112, 0.19081702828407288, 0.19554908573627472, 0.19276395440101624, 0.1938968151807785, 0.19308346509933472, 0.19313138723373413, 0.19450591504573822, 0.19084852933883667, 0.19187909364700317, 0.1915227174758911, 0.19300200045108795, 0.19185467064380646, 0.19614648818969727, 0.19332823157310486, 0.19251005351543427, 0.19447891414165497, 0.1917436718940735, 0.1930081993341446, 0.19771166145801544, 0.1922760009765625, 0.1945303976535797, 0.19734391570091248, 0.19420301914215088, 0.19682146608829498, 0.19515664875507355, 0.1944284290075302, 0.1921701580286026, 0.19493858516216278, 0.19502899050712585, 0.19044438004493713, 0.19323253631591797, 0.19277353584766388, 0.192800372838974, 0.19833573698997498, 0.19366081058979034, 0.19274593889713287, 0.194987952709198, 0.1963411271572113, 0.19626256823539734, 0.19337403774261475, 0.19444960355758667, 0.19018182158470154, 0.19431370496749878, 0.19429796934127808, 0.19411776959896088, 0.195465087890625, 0.19959905743598938, 0.19865991175174713, 0.19588127732276917, 0.19395016133785248, 0.19464951753616333, 0.19417236745357513, 0.19874486327171326, 0.1951131969690323, 0.19985364377498627, 0.19861997663974762, 0.19838133454322815, 0.19568666815757751, 0.1967875063419342, 0.19141525030136108, 0.19511821866035461, 0.19782698154449463, 0.1992134153842926, 0.19957569241523743, 0.1980900913476944, 0.19381314516067505, 0.20137113332748413, 0.19945695996284485, 0.19467368721961975, 0.19946976006031036, 0.2009964883327484, 0.19752556085586548, 0.2037801742553711, 0.1997053474187851, 0.19423970580101013, 0.19844943284988403, 0.1995481252670288, 0.19388626515865326, 0.20089569687843323, 0.19939462840557098, 0.20025312900543213, 0.19786454737186432, 0.19965456426143646, 0.1951882541179657, 0.19454261660575867, 0.19836564362049103, 0.19494295120239258, 0.20005850493907928, 0.19888947904109955, 0.19582593441009521, 0.19734083116054535, 0.2022893875837326, 0.20376190543174744]",29.0,"[33.0, 33.0, 33.0, 33.0, 33.0, 33.0, 33.0, 33.0, 33.0, 33.0, 33.0, 33.0, 33.0, 33.0, 33.0, 33.0, 33.0, 33.0, 33.0, 33.0, 33.0, 33.0, 33.0, 33.0, 33.0, 33.0, 33.0, 33.0, 33.0, 33.0, 33.0, 33.0, 33.0, 33.0, 33.0, 33.0, 33.0, 33.0, 33.0, 33.0, 33.0, 33.0, 33.0, 33.0, 33.0, 33.0, 33.0, 33.0, 33.0, 33.0, 33.0, 33.0, 33.0, 33.0, 33.0, 33.0, 33.0, 33.0, 33.0, 33.0, 33.0, 33.0, 33.0, 33.0, 33.0, 33.0, 33.0, 32.0, 32.0, 32.0, 32.0, 32.0, 32.0, 32.0, 32.0, 32.0, 32.0, 31.0, 31.0, 31.0, 31.0, 31.0, 31.0, 31.0, 31.0, 30.0, 30.0, 30.0, 30.0, 30.0, 30.0, 30.0, 30.0, 30.0, 30.0, 30.0, 30.0, 30.0, 30.0, 30.0, 30.0, 30.0, 30.0, 30.0, 30.0, 30.0, 30.0, 30.0, 30.0, 30.0, 30.0, 30.0, 30.0, 30.0, 30.0, 30.0, 30.0, 30.0, 30.0, 30.0, 30.0, 30.0, 30.0, 30.0, 30.0, 30.0, 30.0, 30.0, 30.0, 30.0, 30.0, 30.0, 30.0, 30.0, 30.0, 30.0, 30.0, 30.0, 30.0, 30.0, 30.0, 30.0, 30.0, 30.0, 30.0, 30.0, 30.0, 30.0, 30.0, 30.0, 30.0, 30.0, 30.0, 30.0, 30.0, 30.0, 30.0, 30.0, 30.0, 30.0, 30.0, 30.0, 30.0, 30.0, 30.0, 30.0, 30.0, 30.0, 30.0, 30.0, 30.0, 30.0, 30.0, 30.0, 30.0, 30.0, 30.0, 30.0, 30.0, 30.0, 30.0, 30.0, 30.0, 30.0, 30.0, 30.0, 30.0, 30.0, 30.0, 30.0, 30.0, 30.0, 30.0, 30.0, 30.0, 30.0, 30.0, 30.0, 30.0, 30.0, 30.0, 30.0, 30.0, 30.0, 30.0, 30.0, 30.0, 30.0, 30.0, 30.0, 30.0, 30.0, 30.0, 30.0, 30.0, 30.0, 30.0, 30.0, 30.0, 30.0, 30.0, 30.0, 30.0, 29.0, 29.0, 29.0, 29.0, 29.0, 29.0, 29.0, 29.0, 29.0, 29.0, 29.0, 29.0, 29.0, 29.0, 29.0, 29.0, 29.0]",COMPLETE
