,number,value,datetime_start,datetime_complete,duration,params_batch_size_scaler,params_constant_learning_rate,params_depth,params_epochs,params_kernel_l2,params_num_trees,params_temperature,user_attrs_accuracy_test,user_attrs_accuracy_valid,user_attrs_approximate_feature_sparsity,user_attrs_approximate_feature_sparsity_history,user_attrs_approximate_weight_sparsity,user_attrs_approximate_weight_sparsity_history,user_attrs_auc_test,user_attrs_auc_valid,user_attrs_feature_sparsity,user_attrs_feature_sparsity_history,user_attrs_num_epochs,user_attrs_val_loss_history,user_attrs_weight_sparsity,user_attrs_weight_sparsity_history,state
42,42,0.9281086164032409,2024-08-31 02:23:02.272207,2024-08-31 02:24:50.092516,0 days 00:01:47.820309,16,1.1705167103151084,6,150,0.006465640379978695,45,0.0001163578491279823,0.944,0.9525,33,"[33, 33, 33, 33, 33, 33, 33, 33, 33, 33, 33, 33, 33, 33, 33, 33, 33, 33, 33, 33, 33, 33, 33, 33, 33, 33, 33, 33, 33, 33, 33, 33, 33, 33, 33, 33, 33, 33, 33, 33, 33, 33, 33, 33, 33, 33, 33, 33, 33, 33, 33, 33, 33, 33, 33, 33, 33, 33, 33, 33, 33, 33, 33, 33, 33, 33, 33, 33, 33, 33, 33, 33, 33, 33, 33, 33, 33, 33, 33, 33, 33, 33, 33, 33, 33, 33, 33, 33, 33, 33, 33, 33, 33, 33, 33, 33, 33, 33, 33, 33, 33, 33, 33, 33, 33, 33, 33, 33, 33, 33, 33, 33, 33, 33, 33, 33, 33, 33, 33, 33, 33, 33, 33, 33, 33, 33, 33, 33, 33, 33, 33, 33, 33, 33, 33, 33, 33, 33, 33, 33, 33, 33, 33, 33, 33, 33, 33, 33, 33, 33]",32.9336860670194,"[32.923809523809524, 32.924867724867724, 32.926984126984124, 32.932980599647266, 32.925925925925924, 32.925925925925924, 32.91887125220459, 32.92098765432098, 32.92416225749559, 32.91851851851852, 32.921693121693124, 32.928747795414466, 32.92345679012345, 32.931569664902995, 32.93227513227513, 32.92874779541446, 32.93862433862434, 32.93791887125221, 32.93333333333333, 32.93015873015873, 32.93439153439154, 32.930511463844795, 32.93827160493827, 32.9326278659612, 32.936155202821865, 32.93721340388007, 32.93544973544974, 32.93227513227514, 32.930511463844795, 32.929453262786595, 32.93121693121693, 32.92663139329806, 32.929805996472666, 32.931922398589066, 32.9336860670194, 32.930511463844795, 32.93756613756614, 32.931922398589066, 32.92557319223986, 32.932980599647266, 32.94038800705467, 32.92663139329806, 32.931922398589066, 32.934038800705466, 32.93333333333333, 32.931569664903, 32.9358024691358, 32.929805996472666, 32.928395061728395, 32.93333333333334, 32.93650793650794, 32.934744268077594, 32.925925925925924, 32.928395061728395, 32.930864197530866, 32.935097001763666, 32.93333333333333, 32.93015873015873, 32.94074074074074, 32.937213403880065, 32.92910052910053, 32.93121693121693, 32.9336860670194, 32.92910052910053, 32.92627865961199, 32.929453262786595, 32.9347442680776, 32.9347442680776, 32.93756613756614, 32.9379188712522, 32.93439153439154, 32.934038800705466, 32.929805996472666, 32.934038800705466, 32.92663139329806, 32.93333333333333, 32.93544973544974, 32.93015873015873, 32.93333333333333, 32.938271604938265, 32.932627865961194, 32.92627865961199, 32.9326278659612, 32.929453262786595, 32.929453262786595, 32.933686067019394, 32.93333333333334, 32.9347442680776, 32.930864197530866, 32.932980599647266, 32.93015873015873, 32.92451499118166, 32.928747795414466, 32.92522045855379, 32.929453262786595, 32.928747795414466, 32.92663139329806, 32.93121693121693, 32.92804232804233, 32.93333333333334, 32.93015873015873, 32.923809523809524, 32.92592592592593, 32.926984126984124, 32.932980599647266, 32.9326278659612, 32.93015873015873, 32.92874779541446, 32.928395061728395, 32.92768959435626, 32.931569664902995, 32.927336860670195, 32.93227513227514, 32.92768959435626, 32.928395061728395, 32.93015873015873, 32.932980599647266, 32.931569664902995, 32.9336860670194, 32.930511463844795, 32.926278659611995, 32.928747795414466, 32.93015873015873, 32.925925925925924, 32.93015873015873, 32.92804232804233, 32.931569664903, 32.93333333333334, 32.934038800705466, 32.931922398589066, 32.932627865961194, 32.92980599647266, 32.9326278659612, 32.93121693121693, 32.931569664902995, 32.9347442680776, 32.93015873015872, 32.930864197530866, 32.93827160493827, 32.93791887125221, 32.93227513227514, 32.9358024691358, 32.92910052910053, 32.929453262786595, 32.9336860670194, 32.93544973544974, 32.927336860670195, 32.931922398589066, 32.93932980599647, 32.9336860670194]",0.9128955820308953,0.9281086164032409,33,"[33, 33, 33, 33, 33, 33, 33, 33, 33, 33, 33, 33, 33, 33, 33, 33, 33, 33, 33, 33, 33, 33, 33, 33, 33, 33, 33, 33, 33, 33, 33, 33, 33, 33, 33, 33, 33, 33, 33, 33, 33, 33, 33, 33, 33, 33, 33, 33, 33, 33, 33, 33, 33, 33, 33, 33, 33, 33, 33, 33, 33, 33, 33, 33, 33, 33, 33, 33, 33, 33, 33, 33, 33, 33, 33, 33, 33, 33, 33, 33, 33, 33, 33, 33, 33, 33, 33, 33, 33, 33, 33, 33, 33, 33, 33, 33, 33, 33, 33, 33, 33, 33, 33, 33, 33, 33, 33, 33, 33, 33, 33, 33, 33, 33, 33, 33, 33, 33, 33, 33, 33, 33, 33, 33, 33, 33, 33, 33, 33, 33, 33, 33, 33, 33, 33, 33, 33, 33, 33, 33, 33, 33, 33, 33, 33, 33, 33, 33, 33, 33]",150,"[0.3885740637779236, 0.3789277672767639, 0.37282028794288635, 0.3686527907848358, 0.3662571609020233, 0.3622888922691345, 0.36115726828575134, 0.35834163427352905, 0.35492825508117676, 0.35317572951316833, 0.35119903087615967, 0.346772164106369, 0.3441603481769562, 0.34091347455978394, 0.33835065364837646, 0.33579108119010925, 0.33328837156295776, 0.3298894166946411, 0.32700225710868835, 0.32440757751464844, 0.3206208050251007, 0.31652534008026123, 0.31474924087524414, 0.30951347947120667, 0.3067847490310669, 0.30209267139434814, 0.298215389251709, 0.2943331003189087, 0.29119932651519775, 0.2864168882369995, 0.2831067740917206, 0.2798521816730499, 0.2762438952922821, 0.2734476923942566, 0.2704220712184906, 0.26879915595054626, 0.26536107063293457, 0.2625032663345337, 0.26050275564193726, 0.2585676908493042, 0.25549134612083435, 0.2536836862564087, 0.2522524893283844, 0.24964217841625214, 0.24752192199230194, 0.24687126278877258, 0.2444911003112793, 0.2423534393310547, 0.24079406261444092, 0.24016596376895905, 0.23836708068847656, 0.23652149736881256, 0.23471534252166748, 0.23243510723114014, 0.23200538754463196, 0.23083093762397766, 0.22989001870155334, 0.22947855293750763, 0.22811070084571838, 0.22572658956050873, 0.22518301010131836, 0.2262956202030182, 0.22228454053401947, 0.22432342171669006, 0.22110897302627563, 0.22079984843730927, 0.21796540915966034, 0.21753554046154022, 0.21731871366500854, 0.21557092666625977, 0.21352657675743103, 0.21350234746932983, 0.211881622672081, 0.21194526553153992, 0.21177105605602264, 0.20947039127349854, 0.20858442783355713, 0.20949029922485352, 0.20749975740909576, 0.20824161171913147, 0.20486587285995483, 0.20472127199172974, 0.2033848613500595, 0.20292215049266815, 0.20158836245536804, 0.20323380827903748, 0.20175525546073914, 0.20164546370506287, 0.2009919136762619, 0.2007012814283371, 0.1999240666627884, 0.200199693441391, 0.1988869160413742, 0.19803953170776367, 0.19644950330257416, 0.1970490962266922, 0.19662979245185852, 0.1958705335855484, 0.1944407820701599, 0.19319164752960205, 0.19472341239452362, 0.19291740655899048, 0.19281095266342163, 0.19341079890727997, 0.19090215861797333, 0.1940150260925293, 0.193128302693367, 0.18993455171585083, 0.191302090883255, 0.19206981360912323, 0.18882383406162262, 0.18838290870189667, 0.1883135586977005, 0.19120576977729797, 0.18816837668418884, 0.18688078224658966, 0.18527576327323914, 0.18817995488643646, 0.18661287426948547, 0.1852099448442459, 0.1856270283460617, 0.18366430699825287, 0.18405701220035553, 0.18444131314754486, 0.18362735211849213, 0.18250919878482819, 0.18375936150550842, 0.18407660722732544, 0.18441151082515717, 0.18376655876636505, 0.18308338522911072, 0.18157140910625458, 0.18071813881397247, 0.17997120320796967, 0.18373802304267883, 0.18073397874832153, 0.1814810335636139, 0.17965814471244812, 0.18140198290348053, 0.18044224381446838, 0.17872236669063568, 0.1791502833366394, 0.17599083483219147, 0.1790764480829239, 0.17617608606815338, 0.1771257221698761, 0.17614808678627014, 0.17622710764408112, 0.1764683872461319, 0.17675575613975525]",33.0,"[33.0, 33.0, 33.0, 33.0, 33.0, 33.0, 33.0, 33.0, 33.0, 33.0, 33.0, 33.0, 33.0, 33.0, 33.0, 33.0, 33.0, 33.0, 33.0, 33.0, 33.0, 33.0, 33.0, 33.0, 33.0, 33.0, 33.0, 33.0, 33.0, 33.0, 33.0, 33.0, 33.0, 33.0, 33.0, 33.0, 33.0, 33.0, 33.0, 33.0, 33.0, 33.0, 33.0, 33.0, 33.0, 33.0, 33.0, 33.0, 33.0, 33.0, 33.0, 33.0, 33.0, 33.0, 33.0, 33.0, 33.0, 33.0, 33.0, 33.0, 33.0, 33.0, 33.0, 33.0, 33.0, 33.0, 33.0, 33.0, 33.0, 33.0, 33.0, 33.0, 33.0, 33.0, 33.0, 33.0, 33.0, 33.0, 33.0, 33.0, 33.0, 33.0, 33.0, 33.0, 33.0, 33.0, 33.0, 33.0, 33.0, 33.0, 33.0, 33.0, 33.0, 33.0, 33.0, 33.0, 33.0, 33.0, 33.0, 33.0, 33.0, 33.0, 33.0, 33.0, 33.0, 33.0, 33.0, 33.0, 33.0, 33.0, 33.0, 33.0, 33.0, 33.0, 33.0, 33.0, 33.0, 33.0, 33.0, 33.0, 33.0, 33.0, 33.0, 33.0, 33.0, 33.0, 33.0, 33.0, 33.0, 33.0, 33.0, 33.0, 33.0, 33.0, 33.0, 33.0, 33.0, 33.0, 33.0, 33.0, 33.0, 33.0, 33.0, 33.0, 33.0, 33.0, 33.0, 33.0, 33.0, 33.0]",COMPLETE
43,43,0.5,2024-08-31 02:24:50.920775,2024-08-31 02:29:24.524723,0 days 00:04:33.603948,1,5.83655444506073,3,345,0.003138307307105176,9,0.005407238358036605,0.859,0.85875,0,"[0, 0, 0, 0, 0, 0, 0, 0, 0, 0, 0, 0, 0, 0, 0, 0, 0, 0, 0, 0, 0, 0, 0, 0, 0, 0, 0, 0, 0, 0, 0, 0, 0, 0, 0, 0, 0, 0, 0, 0, 0, 0, 0, 0, 0, 0, 0, 0, 0, 0, 0, 0, 0, 0, 0, 0, 0, 0, 0, 0, 0, 0, 0, 0, 0, 0, 0, 0, 0, 0, 0, 0, 0, 0, 0, 0, 0, 0, 0, 0, 0, 0, 0, 0, 0, 0, 0, 0, 0, 0, 0, 0, 0, 0, 0, 0, 0, 0, 0, 0, 0, 0, 0, 0, 0, 0, 0, 0, 0, 0, 0, 0, 0, 0, 0, 0, 0, 0, 0, 0, 0, 0, 0, 0, 0, 0, 0, 0, 0, 0, 0, 0, 0, 0, 0, 0, 0, 0, 0, 0, 0, 0, 0, 0, 0, 0, 0, 0, 0, 0, 0, 0, 0, 0, 0, 0, 0, 0, 0, 0, 0, 0, 0, 0, 0, 0, 0, 0, 0, 0, 0, 0, 0, 0, 0, 0, 0, 0, 0, 0, 0, 0, 0, 0, 0, 0, 0, 0, 0, 0, 0, 0, 0, 0, 0, 0, 0, 0, 0, 0, 0, 0, 0, 0, 0, 0, 0, 0, 0, 0, 0, 0, 0, 0, 0, 0, 0, 0, 0, 0, 0, 0, 0, 0, 0, 0, 0, 0, 0, 0, 0, 0, 0, 0, 0, 0, 0, 0, 0, 0, 0, 0, 0, 0, 0, 0, 0, 0, 0, 0, 0, 0, 0, 0, 0, 0, 0, 0, 0, 0, 0, 0, 0, 0, 0, 0, 0, 0, 0, 0, 0, 0, 0, 0, 0, 0, 0, 0, 0, 0, 0, 0, 0, 0, 0, 0, 0, 0, 0, 0, 0, 0, 0, 0, 0, 0, 0, 0, 0, 0, 0, 0, 0, 0, 0, 0, 0, 0, 0, 0, 0, 0, 0, 0, 0, 0, 0, 0, 0, 0, 0, 0, 0, 0, 0, 0, 0, 0, 0, 0, 0, 0, 0, 0, 0, 0, 0, 0, 0, 0, 0, 0, 0, 0, 0]",0.0,"[0.0, 0.0, 0.0, 0.0, 0.0, 0.0, 0.0, 0.0, 0.0, 0.0, 0.0, 0.0, 0.0, 0.0, 0.0, 0.0, 0.0, 0.0, 0.0, 0.0, 0.0, 0.0, 0.0, 0.0, 0.0, 0.0, 0.0, 0.0, 0.0, 0.0, 0.0, 0.0, 0.0, 0.0, 0.0, 0.0, 0.0, 0.0, 0.0, 0.0, 0.0, 0.0, 0.0, 0.0, 0.0, 0.0, 0.0, 0.0, 0.0, 0.0, 0.0, 0.0, 0.0, 0.0, 0.0, 0.0, 0.0, 0.0, 0.0, 0.0, 0.0, 0.0, 0.0, 0.0, 0.0, 0.0, 0.0, 0.0, 0.0, 0.0, 0.0, 0.0, 0.0, 0.0, 0.0, 0.0, 0.0, 0.0, 0.0, 0.0, 0.0, 0.0, 0.0, 0.0, 0.0, 0.0, 0.0, 0.0, 0.0, 0.0, 0.0, 0.0, 0.0, 0.0, 0.0, 0.0, 0.0, 0.0, 0.0, 0.0, 0.0, 0.0, 0.0, 0.0, 0.0, 0.0, 0.0, 0.0, 0.0, 0.0, 0.0, 0.0, 0.0, 0.0, 0.0, 0.0, 0.0, 0.0, 0.0, 0.0, 0.0, 0.0, 0.0, 0.0, 0.0, 0.0, 0.0, 0.0, 0.0, 0.0, 0.0, 0.0, 0.0, 0.0, 0.0, 0.0, 0.0, 0.0, 0.0, 0.0, 0.0, 0.0, 0.0, 0.0, 0.0, 0.0, 0.0, 0.0, 0.0, 0.0, 0.0, 0.0, 0.0, 0.0, 0.0, 0.0, 0.0, 0.0, 0.0, 0.0, 0.0, 0.0, 0.0, 0.0, 0.0, 0.0, 0.0, 0.0, 0.0, 0.0, 0.0, 0.0, 0.0, 0.0, 0.0, 0.0, 0.0, 0.0, 0.0, 0.0, 0.0, 0.0, 0.0, 0.0, 0.0, 0.0, 0.0, 0.0, 0.0, 0.0, 0.0, 0.0, 0.0, 0.0, 0.0, 0.0, 0.0, 0.0, 0.0, 0.0, 0.0, 0.0, 0.0, 0.0, 0.0, 0.0, 0.0, 0.0, 0.0, 0.0, 0.0, 0.0, 0.0, 0.0, 0.0, 0.0, 0.0, 0.0, 0.0, 0.0, 0.0, 0.0, 0.0, 0.0, 0.0, 0.0, 0.0, 0.0, 0.0, 0.0, 0.0, 0.0, 0.0, 0.0, 0.0, 0.0, 0.0, 0.0, 0.0, 0.0, 0.0, 0.0, 0.0, 0.0, 0.0, 0.0, 0.0, 0.0, 0.0, 0.0, 0.0, 0.0, 0.0, 0.0, 0.0, 0.0, 0.0, 0.0, 0.0, 0.0, 0.0, 0.0, 0.0, 0.0, 0.0, 0.0, 0.0, 0.0, 0.0, 0.0, 0.0, 0.0, 0.0, 0.0, 0.0, 0.0, 0.0, 0.0, 0.0, 0.0, 0.0, 0.0, 0.0, 0.0, 0.0, 0.0, 0.0, 0.0, 0.0, 0.0, 0.0, 0.0, 0.0, 0.0, 0.0, 0.0, 0.0, 0.0, 0.0, 0.0, 0.0, 0.0, 0.0, 0.0, 0.0, 0.0, 0.0, 0.0, 0.0, 0.0, 0.0, 0.0, 0.0, 0.0, 0.0, 0.0, 0.0, 0.0, 0.0, 0.0, 0.0, 0.0, 0.0, 0.0, 0.0, 0.0, 0.0, 0.0, 0.0, 0.0, 0.0, 0.0, 0.0, 0.0, 0.0, 0.0, 0.0, 0.0, 0.0, 0.0, 0.0, 0.0, 0.0, 0.0, 0.0]",0.5,0.5,0,"[0, 0, 0, 0, 0, 0, 0, 0, 0, 0, 0, 0, 0, 0, 0, 0, 0, 0, 0, 0, 0, 0, 0, 0, 0, 0, 0, 0, 0, 0, 0, 0, 0, 0, 0, 0, 0, 0, 0, 0, 0, 0, 0, 0, 0, 0, 0, 0, 0, 0, 0, 0, 0, 0, 0, 0, 0, 0, 0, 0, 0, 0, 0, 0, 0, 0, 0, 0, 0, 0, 0, 0, 0, 0, 0, 0, 0, 0, 0, 0, 0, 0, 0, 0, 0, 0, 0, 0, 0, 0, 0, 0, 0, 0, 0, 0, 0, 0, 0, 0, 0, 0, 0, 0, 0, 0, 0, 0, 0, 0, 0, 0, 0, 0, 0, 0, 0, 0, 0, 0, 0, 0, 0, 0, 0, 0, 0, 0, 0, 0, 0, 0, 0, 0, 0, 0, 0, 0, 0, 0, 0, 0, 0, 0, 0, 0, 0, 0, 0, 0, 0, 0, 0, 0, 0, 0, 0, 0, 0, 0, 0, 0, 0, 0, 0, 0, 0, 0, 0, 0, 0, 0, 0, 0, 0, 0, 0, 0, 0, 0, 0, 0, 0, 0, 0, 0, 0, 0, 0, 0, 0, 0, 0, 0, 0, 0, 0, 0, 0, 0, 0, 0, 0, 0, 0, 0, 0, 0, 0, 0, 0, 0, 0, 0, 0, 0, 0, 0, 0, 0, 0, 0, 0, 0, 0, 0, 0, 0, 0, 0, 0, 0, 0, 0, 0, 0, 0, 0, 0, 0, 0, 0, 0, 0, 0, 0, 0, 0, 0, 0, 0, 0, 0, 0, 0, 0, 0, 0, 0, 0, 0, 0, 0, 0, 0, 0, 0, 0, 0, 0, 0, 0, 0, 0, 0, 0, 0, 0, 0, 0, 0, 0, 0, 0, 0, 0, 0, 0, 0, 0, 0, 0, 0, 0, 0, 0, 0, 0, 0, 0, 0, 0, 0, 0, 0, 0, 0, 0, 0, 0, 0, 0, 0, 0, 0, 0, 0, 0, 0, 0, 0, 0, 0, 0, 0, 0, 0, 0, 0, 0, 0, 0, 0, 0, 0, 0, 0, 0, 0, 0, 0, 0, 0, 0, 0]",345,"[0.5397079586982727, 0.4323773980140686, 0.5178987383842468, 0.943275511264801, 0.5349540710449219, 0.4319585859775543, 0.9358861446380615, 0.40765613317489624, 0.45449063181877136, 0.4447495937347412, 0.744026243686676, 0.6060476899147034, 1.1094189882278442, 0.4974455237388611, 0.4074099659919739, 0.5405608415603638, 0.45526763796806335, 0.48233795166015625, 0.4073229730129242, 0.583758533000946, 0.4873756766319275, 0.4408970773220062, 0.4242109954357147, 0.4078514873981476, 0.4072505533695221, 0.46788448095321655, 0.42014583945274353, 0.4165579080581665, 0.4115608334541321, 0.45158153772354126, 0.40789443254470825, 0.4082527458667755, 0.4817999303340912, 0.4379138946533203, 0.40737271308898926, 0.44598889350891113, 0.44537436962127686, 0.7828892469406128, 0.45390570163726807, 0.5902339816093445, 0.5357595086097717, 0.5363098382949829, 0.8758793473243713, 0.40867364406585693, 0.4192819595336914, 0.4088194966316223, 0.4816785156726837, 0.49321433901786804, 0.414011150598526, 0.5347560048103333, 0.44683846831321716, 0.4418017268180847, 0.44423702359199524, 0.48745375871658325, 0.43764251470565796, 0.6063018441200256, 0.455558180809021, 0.4098186194896698, 0.7440111041069031, 0.6129391193389893, 0.5254998207092285, 0.4430025815963745, 0.6332757472991943, 0.7205893993377686, 0.4447482228279114, 0.40790432691574097, 0.45153704285621643, 0.6093750596046448, 0.44852885603904724, 0.6444287896156311, 0.4824734628200531, 0.5287225246429443, 0.5400299429893494, 0.44911670684814453, 0.42306822538375854, 0.43039172887802124, 0.40742093324661255, 0.4072735905647278, 0.45263949036598206, 0.44396722316741943, 0.45034733414649963, 0.43997642397880554, 1.2105177640914917, 0.44766607880592346, 0.5229403376579285, 0.4482477307319641, 0.46920889616012573, 0.4393302798271179, 0.6060513257980347, 0.4528253972530365, 0.4500017464160919, 0.407248318195343, 0.522122323513031, 0.41533565521240234, 0.6631624698638916, 0.9310172200202942, 0.40760064125061035, 0.44317618012428284, 0.4073592722415924, 0.42015814781188965, 0.42718279361724854, 0.40790408849716187, 0.940050482749939, 0.4502134621143341, 0.40756598114967346, 0.6436667442321777, 0.528370201587677, 0.5786641240119934, 0.42038941383361816, 0.5228017568588257, 0.4431625306606293, 0.45041969418525696, 0.44423046708106995, 0.4703707993030548, 0.4549865424633026, 0.5443129539489746, 0.4075927734375, 0.40877318382263184, 0.5387194156646729, 0.47566941380500793, 0.5580987334251404, 0.4281993508338928, 0.5989455580711365, 0.7529957294464111, 0.5303238034248352, 0.5401341319084167, 0.4089062809944153, 0.43690499663352966, 0.5945873856544495, 0.5384569764137268, 0.7147783041000366, 0.6396955251693726, 0.5087963342666626, 0.4470195770263672, 0.521156907081604, 0.40786322951316833, 0.45068463683128357, 0.7239764332771301, 0.6120524406433105, 0.6008462309837341, 0.8550270795822144, 0.4717710614204407, 0.4134988784790039, 0.40896403789520264, 0.4257209897041321, 0.40792927145957947, 0.8515152931213379, 0.4454525113105774, 0.40846362709999084, 1.3863821029663086, 0.7690669894218445, 0.41148611903190613, 0.42004916071891785, 0.4809001088142395, 0.44733676314353943, 0.5284251570701599, 0.6043902635574341, 0.7537572979927063, 0.43317970633506775, 0.5076327323913574, 0.4496833384037018, 0.41791874170303345, 0.5704890489578247, 0.7100950479507446, 0.4556150436401367, 0.6088295578956604, 0.4539353549480438, 0.8286871314048767, 0.4851823151111603, 0.45147940516471863, 0.4508258104324341, 0.5453850626945496, 0.4609226882457733, 0.44800034165382385, 0.5533006191253662, 0.40725818276405334, 0.4473032057285309, 0.5399686098098755, 0.6081740260124207, 0.4141533672809601, 0.4107452630996704, 0.6089715957641602, 0.5342854261398315, 0.4080611765384674, 0.42756110429763794, 0.5233522653579712, 0.4138735234737396, 0.4088980555534363, 0.43702393770217896, 0.44014614820480347, 0.42185914516448975, 0.40756869316101074, 0.846183717250824, 0.41319864988327026, 0.6307597756385803, 0.4470132887363434, 0.5443810820579529, 0.495559424161911, 0.40884917974472046, 0.531394362449646, 0.4073813259601593, 0.4210355877876282, 0.4833109378814697, 0.5997887253761292, 0.5220038890838623, 0.43910861015319824, 0.4073511064052582, 0.5274585485458374, 0.6183078289031982, 0.444502055644989, 0.5304657816886902, 0.6424672603607178, 0.4078761041164398, 0.5984146595001221, 0.40782392024993896, 0.5277912616729736, 0.8773425817489624, 0.44675448536872864, 0.6076379418373108, 0.4090588390827179, 0.5734590291976929, 0.4088900685310364, 0.4353123605251312, 0.45063793659210205, 0.5000666379928589, 0.5608556270599365, 0.4480879306793213, 0.4520533084869385, 0.621872067451477, 0.5104743838310242, 0.5455021858215332, 0.600028395652771, 0.4198782444000244, 0.4550183415412903, 0.4308622479438782, 0.4075997471809387, 0.5475959181785583, 0.5348894000053406, 0.7678045630455017, 0.4577816128730774, 0.7429640889167786, 0.5886132717132568, 0.4210255444049835, 0.41233694553375244, 0.527687132358551, 0.41201484203338623, 0.6487616896629333, 0.4085155725479126, 1.1054354906082153, 0.5376116633415222, 0.4530121982097626, 0.5118511915206909, 0.4240134060382843, 1.224410891532898, 0.417611300945282, 0.47976061701774597, 0.40767228603363037, 0.4142953157424927, 0.5250211358070374, 0.5523993372917175, 0.45333054661750793, 0.5241596102714539, 0.40771424770355225, 0.5177565813064575, 0.6147699356079102, 0.4079558849334717, 0.595607578754425, 0.44306933879852295, 0.4601184129714966, 0.42797091603279114, 0.4832494854927063, 0.4081430733203888, 0.4213259220123291, 0.9148276448249817, 0.4109271764755249, 0.413075715303421, 0.44850027561187744, 0.44973546266555786, 0.5362465381622314, 0.4253738522529602, 0.6825754046440125, 0.4194883704185486, 0.8768043518066406, 0.45233768224716187, 0.9391487836837769, 0.5669534206390381, 0.6887863874435425, 0.4546545743942261, 0.4123939871788025, 0.4088160991668701, 0.5273557305335999, 0.6228649616241455, 0.4813339114189148, 0.4081164598464966, 1.2245291471481323, 0.40924298763275146, 0.4078289866447449, 0.606999397277832, 0.4083661735057831, 0.9365721344947815, 0.5721354484558105, 0.4551740884780884, 0.5718383193016052, 0.47517699003219604, 0.7283130884170532, 0.4355309009552002, 0.4076114296913147, 0.6267873048782349, 0.6386860609054565, 0.8606896996498108, 0.5442563891410828, 0.45176202058792114, 0.40765589475631714, 0.6448001861572266, 0.4078908860683441, 0.40784159302711487, 0.4502376616001129, 0.5286682844161987, 0.41974177956581116, 0.4511147439479828, 0.5074616074562073, 0.4073652923107147, 0.4075719714164734, 0.4472465217113495, 0.5877209305763245, 0.4719524383544922, 0.4541824460029602, 0.4083706736564636, 0.5421869158744812, 0.484764963388443, 1.012478232383728, 0.522317111492157, 0.4171440601348877, 0.8728833794593811, 0.611956775188446, 0.40807801485061646, 0.5515565276145935, 0.40898269414901733, 0.44739291071891785, 0.47870174050331116, 0.5256841778755188, 0.4073922038078308, 0.40983811020851135, 0.5685785412788391, 0.4363322854042053]",0.0,"[0.0, 0.0, 0.0, 0.0, 0.0, 0.0, 0.0, 0.0, 0.0, 0.0, 0.0, 0.0, 0.0, 0.0, 0.0, 0.0, 0.0, 0.0, 0.0, 0.0, 0.0, 0.0, 0.0, 0.0, 0.0, 0.0, 0.0, 0.0, 0.0, 0.0, 0.0, 0.0, 0.0, 0.0, 0.0, 0.0, 0.0, 0.0, 0.0, 0.0, 0.0, 0.0, 0.0, 0.0, 0.0, 0.0, 0.0, 0.0, 0.0, 0.0, 0.0, 0.0, 0.0, 0.0, 0.0, 0.0, 0.0, 0.0, 0.0, 0.0, 0.0, 0.0, 0.0, 0.0, 0.0, 0.0, 0.0, 0.0, 0.0, 0.0, 0.0, 0.0, 0.0, 0.0, 0.0, 0.0, 0.0, 0.0, 0.0, 0.0, 0.0, 0.0, 0.0, 0.0, 0.0, 0.0, 0.0, 0.0, 0.0, 0.0, 0.0, 0.0, 0.0, 0.0, 0.0, 0.0, 0.0, 0.0, 0.0, 0.0, 0.0, 0.0, 0.0, 0.0, 0.0, 0.0, 0.0, 0.0, 0.0, 0.0, 0.0, 0.0, 0.0, 0.0, 0.0, 0.0, 0.0, 0.0, 0.0, 0.0, 0.0, 0.0, 0.0, 0.0, 0.0, 0.0, 0.0, 0.0, 0.0, 0.0, 0.0, 0.0, 0.0, 0.0, 0.0, 0.0, 0.0, 0.0, 0.0, 0.0, 0.0, 0.0, 0.0, 0.0, 0.0, 0.0, 0.0, 0.0, 0.0, 0.0, 0.0, 0.0, 0.0, 0.0, 0.0, 0.0, 0.0, 0.0, 0.0, 0.0, 0.0, 0.0, 0.0, 0.0, 0.0, 0.0, 0.0, 0.0, 0.0, 0.0, 0.0, 0.0, 0.0, 0.0, 0.0, 0.0, 0.0, 0.0, 0.0, 0.0, 0.0, 0.0, 0.0, 0.0, 0.0, 0.0, 0.0, 0.0, 0.0, 0.0, 0.0, 0.0, 0.0, 0.0, 0.0, 0.0, 0.0, 0.0, 0.0, 0.0, 0.0, 0.0, 0.0, 0.0, 0.0, 0.0, 0.0, 0.0, 0.0, 0.0, 0.0, 0.0, 0.0, 0.0, 0.0, 0.0, 0.0, 0.0, 0.0, 0.0, 0.0, 0.0, 0.0, 0.0, 0.0, 0.0, 0.0, 0.0, 0.0, 0.0, 0.0, 0.0, 0.0, 0.0, 0.0, 0.0, 0.0, 0.0, 0.0, 0.0, 0.0, 0.0, 0.0, 0.0, 0.0, 0.0, 0.0, 0.0, 0.0, 0.0, 0.0, 0.0, 0.0, 0.0, 0.0, 0.0, 0.0, 0.0, 0.0, 0.0, 0.0, 0.0, 0.0, 0.0, 0.0, 0.0, 0.0, 0.0, 0.0, 0.0, 0.0, 0.0, 0.0, 0.0, 0.0, 0.0, 0.0, 0.0, 0.0, 0.0, 0.0, 0.0, 0.0, 0.0, 0.0, 0.0, 0.0, 0.0, 0.0, 0.0, 0.0, 0.0, 0.0, 0.0, 0.0, 0.0, 0.0, 0.0, 0.0, 0.0, 0.0, 0.0, 0.0, 0.0, 0.0, 0.0, 0.0, 0.0, 0.0, 0.0, 0.0, 0.0, 0.0, 0.0, 0.0, 0.0, 0.0, 0.0, 0.0, 0.0, 0.0, 0.0, 0.0, 0.0, 0.0, 0.0, 0.0, 0.0, 0.0, 0.0, 0.0, 0.0, 0.0, 0.0, 0.0, 0.0, 0.0, 0.0, 0.0, 0.0, 0.0, 0.0, 0.0, 0.0, 0.0]",COMPLETE
