,number,value,datetime_start,datetime_complete,duration,params_batch_size_scaler,params_constant_learning_rate,params_depth,params_epochs,params_kernel_l2,params_num_trees,params_temperature,user_attrs_accuracy_test,user_attrs_accuracy_valid,user_attrs_approximate_feature_sparsity,user_attrs_approximate_feature_sparsity_history,user_attrs_approximate_weight_sparsity,user_attrs_approximate_weight_sparsity_history,user_attrs_auc_test,user_attrs_auc_valid,user_attrs_feature_sparsity,user_attrs_feature_sparsity_history,user_attrs_num_epochs,user_attrs_val_loss_history,user_attrs_weight_sparsity,user_attrs_weight_sparsity_history,state
84,84,0.9192010923471294,2024-08-31 03:55:00.518035,2024-08-31 04:00:13.931307,0 days 00:05:13.413272,1,0.7287543948495946,3,240,0.0015169142649673543,42,0.0002952259861142142,0.935,0.92625,31,"[33, 33, 33, 33, 33, 33, 33, 33, 32, 31, 31, 31, 31, 31, 31, 31, 31, 31, 31, 31, 31, 31, 31, 31, 31, 31, 31, 31, 31, 31, 31, 31, 31, 31, 31, 31, 31, 31, 31, 31, 31, 31, 31, 31, 31, 31, 31, 31, 31, 31, 31, 31, 31, 31, 31, 31, 31, 31, 31, 31, 31, 31, 31, 31, 31, 31, 31, 31, 31, 31, 31, 31, 31, 31, 31, 31, 31, 31, 31, 31, 31, 31, 31, 31, 31, 31, 31, 31, 31, 31, 31, 31, 31, 31, 31, 31, 31, 31, 31, 31, 31, 31, 31, 31, 31, 31, 31, 31, 31, 31, 31, 31, 31, 31, 31, 31, 31, 31, 31, 31, 31, 31, 31, 31, 31, 31, 31, 31, 31, 31, 31, 31, 31, 31, 31, 31, 31, 31, 31, 31, 31, 31, 31, 31, 31, 31, 31, 31, 31, 31, 31, 31, 31, 31, 31, 31, 31, 31, 31, 31, 31, 31, 31, 31, 31, 31, 31, 31, 31, 31, 31, 31, 31, 31, 31, 31, 31, 31, 31, 31, 31, 31, 31, 31, 31, 31, 31, 31, 31, 31, 31, 31, 31, 31, 31, 31, 31, 31, 31, 31, 31, 31, 31, 31, 31, 31, 31, 31, 31, 31, 31, 31, 31, 31, 31, 31, 31, 31, 31, 31, 31, 31, 31, 31, 31, 31, 31, 31, 31, 31, 31, 31, 31, 31, 31, 31, 31, 31, 31, 31]",30.96938775510204,"[32.976190476190474, 32.976190476190474, 32.95918367346939, 32.965986394557824, 32.97278911564626, 32.98639455782313, 32.97959183673469, 32.98299319727891, 31.98299319727891, 30.972789115646258, 30.976190476190474, 30.976190476190474, 30.98979591836735, 30.976190476190474, 30.98639455782313, 30.98639455782313, 30.98299319727891, 30.98979591836735, 30.97959183673469, 30.982993197278912, 30.98299319727891, 30.979591836734695, 30.993197278911566, 30.97959183673469, 30.993197278911566, 30.982993197278912, 30.98639455782313, 30.986394557823132, 30.986394557823132, 30.979591836734695, 30.976190476190474, 30.972789115646258, 30.97959183673469, 30.97959183673469, 30.972789115646258, 30.98299319727891, 30.98979591836735, 30.972789115646258, 30.98639455782313, 30.97959183673469, 30.98639455782313, 30.98639455782313, 30.98979591836735, 30.976190476190474, 30.97959183673469, 30.976190476190474, 30.972789115646258, 30.976190476190474, 30.97959183673469, 30.97959183673469, 30.98639455782313, 30.996598639455783, 30.979591836734695, 30.979591836734695, 30.982993197278912, 30.97959183673469, 30.993197278911566, 30.96938775510204, 30.98979591836735, 30.993197278911566, 30.98639455782313, 30.98639455782313, 30.976190476190474, 30.965986394557824, 30.98639455782313, 30.98639455782313, 30.97959183673469, 30.976190476190474, 30.96938775510204, 30.982993197278912, 30.965986394557824, 30.976190476190474, 30.96938775510204, 30.96938775510204, 30.976190476190474, 30.976190476190474, 30.97959183673469, 30.98299319727891, 30.972789115646258, 30.98299319727891, 30.96938775510204, 30.96938775510204, 30.97959183673469, 30.976190476190474, 30.95238095238095, 30.97959183673469, 30.97959183673469, 30.972789115646258, 30.976190476190474, 30.98299319727891, 30.972789115646258, 30.976190476190474, 30.97959183673469, 30.97959183673469, 30.97959183673469, 30.97959183673469, 30.965986394557824, 30.976190476190474, 30.97959183673469, 30.98639455782313, 30.976190476190474, 30.97959183673469, 30.98299319727891, 30.976190476190474, 30.98979591836735, 30.989795918367346, 30.97959183673469, 30.98639455782313, 30.979591836734695, 30.962585034013607, 30.965986394557824, 30.972789115646258, 30.962585034013607, 30.96938775510204, 30.96938775510204, 30.965986394557824, 30.96938775510204, 30.972789115646258, 30.976190476190474, 30.976190476190474, 30.965986394557824, 30.965986394557824, 30.965986394557824, 30.965986394557824, 30.972789115646258, 30.972789115646258, 30.96938775510204, 30.976190476190474, 30.96938775510204, 30.972789115646258, 30.972789115646258, 30.972789115646258, 30.976190476190474, 30.976190476190474, 30.976190476190474, 30.972789115646258, 30.97959183673469, 30.98299319727891, 30.972789115646258, 30.97959183673469, 30.96938775510204, 30.97959183673469, 30.972789115646258, 30.972789115646258, 30.97959183673469, 30.976190476190474, 30.976190476190474, 30.976190476190474, 30.972789115646258, 30.962585034013607, 30.965986394557824, 30.962585034013603, 30.962585034013603, 30.965986394557824, 30.96598639455782, 30.96938775510204, 30.972789115646258, 30.97959183673469, 30.97959183673469, 30.96938775510204, 30.965986394557824, 30.96938775510204, 30.96938775510204, 30.976190476190474, 30.976190476190474, 30.972789115646258, 30.982993197278912, 30.97959183673469, 30.976190476190474, 30.976190476190474, 30.97959183673469, 30.98639455782313, 30.98299319727891, 30.97959183673469, 30.97959183673469, 30.976190476190474, 30.97959183673469, 30.97959183673469, 30.97959183673469, 30.976190476190474, 30.98299319727891, 30.97959183673469, 30.97959183673469, 30.972789115646258, 30.96938775510204, 30.96938775510204, 30.96938775510204, 30.976190476190478, 30.972789115646258, 30.965986394557824, 30.948979591836736, 30.95578231292517, 30.965986394557824, 30.972789115646258, 30.965986394557824, 30.96938775510204, 30.965986394557824, 30.965986394557824, 30.962585034013603, 30.96938775510204, 30.965986394557824, 30.95238095238095, 30.95918367346939, 30.959183673469386, 30.959183673469386, 30.962585034013607, 30.95918367346939, 30.95238095238095, 30.95578231292517, 30.96598639455782, 30.972789115646258, 30.965986394557824, 30.96938775510204, 30.96938775510204, 30.965986394557824, 30.972789115646258, 30.972789115646258, 30.96598639455782, 30.962585034013603, 30.959183673469386, 30.96598639455782, 30.95578231292517, 30.959183673469386, 30.95578231292517, 30.95578231292517, 30.95578231292517, 30.962585034013603, 30.952380952380953, 30.959183673469386, 30.965986394557824, 30.965986394557824, 30.972789115646258, 30.96938775510204, 30.965986394557824, 30.962585034013607, 30.95918367346939, 30.96938775510204, 30.965986394557824, 30.965986394557824, 30.96938775510204]",0.8961682312436529,0.9192010923471294,31,"[33, 33, 33, 33, 33, 33, 33, 33, 32, 31, 31, 31, 31, 31, 31, 31, 31, 31, 31, 31, 31, 31, 31, 31, 31, 31, 31, 31, 31, 31, 31, 31, 31, 31, 31, 31, 31, 31, 31, 31, 31, 31, 31, 31, 31, 31, 31, 31, 31, 31, 31, 31, 31, 31, 31, 31, 31, 31, 31, 31, 31, 31, 31, 31, 31, 31, 31, 31, 31, 31, 31, 31, 31, 31, 31, 31, 31, 31, 31, 31, 31, 31, 31, 31, 31, 31, 31, 31, 31, 31, 31, 31, 31, 31, 31, 31, 31, 31, 31, 31, 31, 31, 31, 31, 31, 31, 31, 31, 31, 31, 31, 31, 31, 31, 31, 31, 31, 31, 31, 31, 31, 31, 31, 31, 31, 31, 31, 31, 31, 31, 31, 31, 31, 31, 31, 31, 31, 31, 31, 31, 31, 31, 31, 31, 31, 31, 31, 31, 31, 31, 31, 31, 31, 31, 31, 31, 31, 31, 31, 31, 31, 31, 31, 31, 31, 31, 31, 31, 31, 31, 31, 31, 31, 31, 31, 31, 31, 31, 31, 31, 31, 31, 31, 31, 31, 31, 31, 31, 31, 31, 31, 31, 31, 31, 31, 31, 31, 31, 31, 31, 31, 31, 31, 31, 31, 31, 31, 31, 31, 31, 31, 31, 31, 31, 31, 31, 31, 31, 31, 31, 31, 31, 31, 31, 31, 31, 31, 31, 31, 31, 31, 31, 31, 31, 31, 31, 31, 31, 31, 31]",240,"[0.3819137513637543, 0.2944422662258148, 0.27482083439826965, 0.2300998717546463, 0.2234853208065033, 0.2287512719631195, 0.19125831127166748, 0.17706570029258728, 0.1982172429561615, 0.19957394897937775, 0.18616275489330292, 0.18692216277122498, 0.17996187508106232, 0.2288195937871933, 0.2019049972295761, 0.19704587757587433, 0.20962414145469666, 0.20065073668956757, 0.19483689963817596, 0.2088325172662735, 0.2014426440000534, 0.19450965523719788, 0.20920410752296448, 0.2560126483440399, 0.21250277757644653, 0.20605997741222382, 0.22881585359573364, 0.28964897990226746, 0.22896087169647217, 0.22581590712070465, 0.2369188517332077, 0.24191917479038239, 0.24361762404441833, 0.2520078420639038, 0.2535575032234192, 0.3204086422920227, 0.3336009979248047, 0.27576783299446106, 0.27737852931022644, 0.2615835666656494, 0.2857086658477783, 0.29159286618232727, 0.2813308835029602, 0.2844977080821991, 0.305719256401062, 0.3080695867538452, 0.3050450384616852, 0.31072455644607544, 0.2980653941631317, 0.31356102228164673, 0.3360239863395691, 0.32286131381988525, 0.3354310989379883, 0.32755306363105774, 0.33591803908348083, 0.3351312279701233, 0.3393428921699524, 0.3422226011753082, 0.34307682514190674, 0.34901589155197144, 0.35746029019355774, 0.36275601387023926, 0.3525882363319397, 0.3556104004383087, 0.3601985275745392, 0.35548070073127747, 0.3614133596420288, 0.3622305989265442, 0.36532220244407654, 0.36597901582717896, 0.3746499717235565, 0.37026363611221313, 0.3710811734199524, 0.3760860562324524, 0.37094929814338684, 0.37980201840400696, 0.37527087330818176, 0.3793848156929016, 0.3795994818210602, 0.38060295581817627, 0.38384759426116943, 0.388240247964859, 0.3879968523979187, 0.38684454560279846, 0.39387035369873047, 0.39334607124328613, 0.392511248588562, 0.39496707916259766, 0.3948935568332672, 0.39523154497146606, 0.3967074155807495, 0.39623889327049255, 0.3990568518638611, 0.39621907472610474, 0.39964839816093445, 0.4017680287361145, 0.4021880626678467, 0.40350523591041565, 0.4076814353466034, 0.4035343825817108, 0.4085358679294586, 0.4072614908218384, 0.4077683389186859, 0.40976378321647644, 0.4110490679740906, 0.4087064862251282, 0.4108824133872986, 0.41354167461395264, 0.4128968119621277, 0.41255810856819153, 0.4146140217781067, 0.41485387086868286, 0.41704490780830383, 0.41530877351760864, 0.4190610945224762, 0.41879117488861084, 0.41717472672462463, 0.4190351068973541, 0.4207472503185272, 0.4232960045337677, 0.4220425486564636, 0.42213940620422363, 0.42332884669303894, 0.42375674843788147, 0.4228259027004242, 0.4251950979232788, 0.42543208599090576, 0.4248661398887634, 0.4257068634033203, 0.4259243309497833, 0.4268976151943207, 0.42709881067276, 0.4286336600780487, 0.4295494556427002, 0.43079185485839844, 0.4306369125843048, 0.4313088357448578, 0.43151840567588806, 0.43227875232696533, 0.4343041181564331, 0.4325962960720062, 0.4341770112514496, 0.4329672157764435, 0.43193137645721436, 0.4339306652545929, 0.4353821277618408, 0.4340875744819641, 0.43649372458457947, 0.43639758229255676, 0.43453818559646606, 0.43684378266334534, 0.43624767661094666, 0.4389096200466156, 0.43963444232940674, 0.4398212730884552, 0.438320130109787, 0.43960899114608765, 0.4399963617324829, 0.4396440088748932, 0.44097405672073364, 0.44016507267951965, 0.4402809143066406, 0.4408079981803894, 0.4420517385005951, 0.4426867365837097, 0.4428030252456665, 0.44355693459510803, 0.44102734327316284, 0.4434733986854553, 0.44355499744415283, 0.44401028752326965, 0.44525668025016785, 0.44585373997688293, 0.44524094462394714, 0.4444029927253723, 0.4451866149902344, 0.4441516399383545, 0.4456777572631836, 0.4456959664821625, 0.4453558325767517, 0.4462619125843048, 0.44615527987480164, 0.4458121061325073, 0.44742366671562195, 0.4487389624118805, 0.44901543855667114, 0.44753238558769226, 0.449415385723114, 0.4491378366947174, 0.4504901170730591, 0.4503333568572998, 0.4488193094730377, 0.4508599042892456, 0.45201966166496277, 0.4508916139602661, 0.4514661133289337, 0.4510307013988495, 0.450512170791626, 0.450739324092865, 0.45232734084129333, 0.45279520750045776, 0.4521132707595825, 0.45360779762268066, 0.4519842565059662, 0.45254021883010864, 0.4530767798423767, 0.45360618829727173, 0.45376983284950256, 0.4549143314361572, 0.4550013244152069, 0.45351096987724304, 0.4553169012069702, 0.4539920687675476, 0.4544353485107422, 0.45587480068206787, 0.4548760652542114, 0.45564088225364685, 0.45660144090652466, 0.4550498127937317, 0.45542556047439575, 0.4563596844673157, 0.4557299315929413, 0.4568873643875122, 0.4572713375091553, 0.4569520950317383, 0.45591112971305847, 0.4568251371383667, 0.4567974805831909, 0.4575102925300598, 0.4581615924835205, 0.4579709768295288, 0.4578915536403656, 0.45823386311531067, 0.45823338627815247, 0.4591310918331146, 0.45889073610305786, 0.4586798846721649, 0.4590185880661011, 0.46083903312683105, 0.45928093791007996]",31.0,"[33.0, 33.0, 33.0, 33.0, 33.0, 33.0, 33.0, 33.0, 32.0, 31.0, 31.0, 31.0, 31.0, 31.0, 31.0, 31.0, 31.0, 31.0, 31.0, 31.0, 31.0, 31.0, 31.0, 31.0, 31.0, 31.0, 31.0, 31.0, 31.0, 31.0, 31.0, 31.0, 31.0, 31.0, 31.0, 31.0, 31.0, 31.0, 31.0, 31.0, 31.0, 31.0, 31.0, 31.0, 31.0, 31.0, 31.0, 31.0, 31.0, 31.0, 31.0, 31.0, 31.0, 31.0, 31.0, 31.0, 31.0, 31.0, 31.0, 31.0, 31.0, 31.0, 31.0, 31.0, 31.0, 31.0, 31.0, 31.0, 31.0, 31.0, 31.0, 31.0, 31.0, 31.0, 31.0, 31.0, 31.0, 31.0, 31.0, 31.0, 31.0, 31.0, 31.0, 31.0, 31.0, 31.0, 31.0, 31.0, 31.0, 31.0, 31.0, 31.0, 31.0, 31.0, 31.0, 31.0, 31.0, 31.0, 31.0, 31.0, 31.0, 31.0, 31.0, 31.0, 31.0, 31.0, 31.0, 31.0, 31.0, 31.0, 31.0, 31.0, 31.0, 31.0, 31.0, 31.0, 31.0, 31.0, 31.0, 31.0, 31.0, 31.0, 31.0, 31.0, 31.0, 31.0, 31.0, 31.0, 31.0, 31.0, 31.0, 31.0, 31.0, 31.0, 31.0, 31.0, 31.0, 31.0, 31.0, 31.0, 31.0, 31.0, 31.0, 31.0, 31.0, 31.0, 31.0, 31.0, 31.0, 31.0, 31.0, 31.0, 31.0, 31.0, 31.0, 31.0, 31.0, 31.0, 31.0, 31.0, 31.0, 31.0, 31.0, 31.0, 31.0, 31.0, 31.0, 31.0, 31.0, 31.0, 31.0, 31.0, 31.0, 31.0, 31.0, 31.0, 31.0, 31.0, 31.0, 31.0, 31.0, 31.0, 31.0, 31.0, 31.0, 31.0, 31.0, 31.0, 31.0, 31.0, 31.0, 31.0, 31.0, 31.0, 31.0, 31.0, 31.0, 31.0, 31.0, 31.0, 31.0, 31.0, 31.0, 31.0, 31.0, 31.0, 31.0, 31.0, 31.0, 31.0, 31.0, 31.0, 31.0, 31.0, 31.0, 31.0, 31.0, 31.0, 31.0, 31.0, 31.0, 31.0, 31.0, 31.0, 31.0, 31.0, 31.0, 31.0, 31.0, 31.0, 31.0, 31.0, 31.0, 31.0, 31.0, 31.0, 31.0, 31.0, 31.0, 31.0]",COMPLETE
