,number,value,datetime_start,datetime_complete,duration,params_batch_size_scaler,params_constant_learning_rate,params_depth,params_epochs,params_kernel_l2,params_num_trees,params_temperature,user_attrs_accuracy_test,user_attrs_accuracy_valid,user_attrs_approximate_feature_sparsity,user_attrs_approximate_feature_sparsity_history,user_attrs_approximate_weight_sparsity,user_attrs_approximate_weight_sparsity_history,user_attrs_auc_test,user_attrs_auc_valid,user_attrs_feature_sparsity,user_attrs_feature_sparsity_history,user_attrs_num_epochs,user_attrs_val_loss_history,user_attrs_weight_sparsity,user_attrs_weight_sparsity_history,state
113,113,0.5,2024-08-31 05:22:48.978215,2024-08-31 05:35:34.219769,0 days 00:12:45.241554,4,6.273841641134452,6,485,0.04520405879677843,56,0.03571282490090093,0.859,0.85875,0,"[0, 0, 0, 0, 0, 0, 0, 0, 0, 0, 0, 0, 0, 0, 0, 0, 0, 0, 0, 0, 0, 0, 0, 0, 0, 0, 0, 0, 0, 0, 0, 0, 0, 0, 0, 0, 0, 0, 0, 0, 0, 0, 0, 0, 0, 0, 0, 0, 0, 0, 0, 0, 0, 0, 0, 0, 0, 0, 0, 0, 0, 0, 0, 0, 0, 0, 0, 0, 0, 0, 0, 0, 0, 0, 0, 0, 0, 0, 0, 0, 0, 0, 0, 0, 0, 0, 0, 0, 0, 0, 0, 0, 0, 0, 0, 0, 0, 0, 0, 0, 0, 0, 0, 0, 0, 0, 0, 0, 0, 0, 0, 0, 0, 0, 0, 0, 0, 0, 0, 0, 0, 0, 0, 0, 0, 0, 0, 0, 0, 0, 0, 0, 0, 0, 0, 0, 0, 0, 0, 0, 0, 0, 0, 0, 0, 0, 0, 0, 0, 0, 0, 0, 0, 0, 0, 0, 0, 0, 0, 0, 0, 0, 0, 0, 0, 0, 0, 0, 0, 0, 0, 0, 0, 0, 0, 0, 0, 0, 0, 0, 0, 0, 0, 0, 0, 0, 0, 0, 0, 0, 0, 0, 0, 0, 0, 0, 0, 0, 0, 0, 0, 0, 0, 0, 0, 0, 0, 0, 0, 0, 0, 0, 0, 0, 0, 0, 0, 0, 0, 0, 0, 0, 0, 0, 0, 0, 0, 0, 0, 0, 0, 0, 0, 0, 0, 0, 0, 0, 0, 0, 0, 0, 0, 0, 0, 0, 0, 0, 0, 0, 0, 0, 0, 0, 0, 0, 0, 0, 0, 0, 0, 0, 0, 0, 0, 0, 0, 0, 0, 0, 0, 0, 0, 0, 0, 0, 0, 0, 0, 0, 0, 0, 0, 0, 0, 0, 0, 0, 0, 0, 0, 0, 0, 0, 0, 0, 0, 0, 0, 0, 0, 0, 0, 0, 0, 0, 0, 0, 0, 0, 0, 0, 0, 0, 0, 0, 0, 0, 0, 0, 0, 0, 0, 0, 0, 0, 0, 0, 0, 0, 0, 0, 0, 0, 0, 0, 0, 0, 0, 0, 0, 0, 0, 0, 0, 0, 0, 0, 0, 0, 0, 0, 0, 0, 0, 0, 0, 0, 0, 0, 0, 0, 0, 0, 0, 0, 0, 0, 0, 0, 0, 0, 0, 0, 0, 0, 0, 0, 0, 0, 0, 0, 0, 0, 0, 0, 0, 0, 0, 0, 0, 0, 0, 0, 0, 0, 0, 0, 0, 0, 0, 0, 0, 0, 0, 0, 0, 0, 0, 0, 0, 0, 0, 0, 0, 0, 0, 0, 0, 0, 0, 0, 0, 0, 0, 0, 0, 0, 0, 0, 0, 0, 0, 0, 0, 0, 0, 0, 0, 0, 0, 0, 0, 0, 0, 0, 0, 0, 0, 0, 0, 0, 0, 0, 0, 0, 0, 0, 0, 0, 0, 0, 0, 0, 0, 0, 0, 0, 0, 0, 0, 0, 0, 0, 0, 0, 0, 0, 0, 0, 0, 0, 0, 0, 0]",0.0,"[0.0, 0.0, 0.0, 0.0, 0.0, 0.0, 0.0, 0.0, 0.0, 0.0, 0.0, 0.0, 0.0, 0.0, 0.0, 0.0, 0.0, 0.0, 0.0, 0.0, 0.0, 0.0, 0.0, 0.0, 0.0, 0.0, 0.0, 0.0, 0.0, 0.0, 0.0, 0.0, 0.0, 0.0, 0.0, 0.0, 0.0, 0.0, 0.0, 0.0, 0.0, 0.0, 0.0, 0.0, 0.0, 0.0, 0.0, 0.0, 0.0, 0.0, 0.0, 0.0, 0.0, 0.0, 0.0, 0.0, 0.0, 0.0, 0.0, 0.0, 0.0, 0.0, 0.0, 0.0, 0.0, 0.0, 0.0, 0.0, 0.0, 0.0, 0.0, 0.0, 0.0, 0.0, 0.0, 0.0, 0.0, 0.0, 0.0, 0.0, 0.0, 0.0, 0.0, 0.0, 0.0, 0.0, 0.0, 0.0, 0.0, 0.0, 0.0, 0.0, 0.0, 0.0, 0.0, 0.0, 0.0, 0.0, 0.0, 0.0, 0.0, 0.0, 0.0, 0.0, 0.0, 0.0, 0.0, 0.0, 0.0, 0.0, 0.0, 0.0, 0.0, 0.0, 0.0, 0.0, 0.0, 0.0, 0.0, 0.0, 0.0, 0.0, 0.0, 0.0, 0.0, 0.0, 0.0, 0.0, 0.0, 0.0, 0.0, 0.0, 0.0, 0.0, 0.0, 0.0, 0.0, 0.0, 0.0, 0.0, 0.0, 0.0, 0.0, 0.0, 0.0, 0.0, 0.0, 0.0, 0.0, 0.0, 0.0, 0.0, 0.0, 0.0, 0.0, 0.0, 0.0, 0.0, 0.0, 0.0, 0.0, 0.0, 0.0, 0.0, 0.0, 0.0, 0.0, 0.0, 0.0, 0.0, 0.0, 0.0, 0.0, 0.0, 0.0, 0.0, 0.0, 0.0, 0.0, 0.0, 0.0, 0.0, 0.0, 0.0, 0.0, 0.0, 0.0, 0.0, 0.0, 0.0, 0.0, 0.0, 0.0, 0.0, 0.0, 0.0, 0.0, 0.0, 0.0, 0.0, 0.0, 0.0, 0.0, 0.0, 0.0, 0.0, 0.0, 0.0, 0.0, 0.0, 0.0, 0.0, 0.0, 0.0, 0.0, 0.0, 0.0, 0.0, 0.0, 0.0, 0.0, 0.0, 0.0, 0.0, 0.0, 0.0, 0.0, 0.0, 0.0, 0.0, 0.0, 0.0, 0.0, 0.0, 0.0, 0.0, 0.0, 0.0, 0.0, 0.0, 0.0, 0.0, 0.0, 0.0, 0.0, 0.0, 0.0, 0.0, 0.0, 0.0, 0.0, 0.0, 0.0, 0.0, 0.0, 0.0, 0.0, 0.0, 0.0, 0.0, 0.0, 0.0, 0.0, 0.0, 0.0, 0.0, 0.0, 0.0, 0.0, 0.0, 0.0, 0.0, 0.0, 0.0, 0.0, 0.0, 0.0, 0.0, 0.0, 0.0, 0.0, 0.0, 0.0, 0.0, 0.0, 0.0, 0.0, 0.0, 0.0, 0.0, 0.0, 0.0, 0.0, 0.0, 0.0, 0.0, 0.0, 0.0, 0.0, 0.0, 0.0, 0.0, 0.0, 0.0, 0.0, 0.0, 0.0, 0.0, 0.0, 0.0, 0.0, 0.0, 0.0, 0.0, 0.0, 0.0, 0.0, 0.0, 0.0, 0.0, 0.0, 0.0, 0.0, 0.0, 0.0, 0.0, 0.0, 0.0, 0.0, 0.0, 0.0, 0.0, 0.0, 0.0, 0.0, 0.0, 0.0, 0.0, 0.0, 0.0, 0.0, 0.0, 0.0, 0.0, 0.0, 0.0, 0.0, 0.0, 0.0, 0.0, 0.0, 0.0, 0.0, 0.0, 0.0, 0.0, 0.0, 0.0, 0.0, 0.0, 0.0, 0.0, 0.0, 0.0, 0.0, 0.0, 0.0, 0.0, 0.0, 0.0, 0.0, 0.0, 0.0, 0.0, 0.0, 0.0, 0.0, 0.0, 0.0, 0.0, 0.0, 0.0, 0.0, 0.0, 0.0, 0.0, 0.0, 0.0, 0.0, 0.0, 0.0, 0.0, 0.0, 0.0, 0.0, 0.0, 0.0, 0.0, 0.0, 0.0, 0.0, 0.0, 0.0, 0.0, 0.0, 0.0, 0.0, 0.0, 0.0, 0.0, 0.0, 0.0, 0.0, 0.0, 0.0, 0.0, 0.0, 0.0, 0.0, 0.0, 0.0, 0.0, 0.0, 0.0, 0.0, 0.0, 0.0, 0.0, 0.0, 0.0, 0.0, 0.0, 0.0, 0.0, 0.0, 0.0, 0.0, 0.0, 0.0, 0.0, 0.0, 0.0, 0.0, 0.0, 0.0, 0.0, 0.0, 0.0, 0.0, 0.0, 0.0, 0.0, 0.0, 0.0, 0.0, 0.0, 0.0, 0.0, 0.0, 0.0, 0.0, 0.0, 0.0, 0.0, 0.0, 0.0, 0.0, 0.0, 0.0, 0.0, 0.0, 0.0, 0.0, 0.0, 0.0, 0.0, 0.0, 0.0, 0.0, 0.0, 0.0, 0.0, 0.0, 0.0, 0.0]",0.5,0.5,0,"[0, 0, 0, 0, 0, 0, 0, 0, 0, 0, 0, 0, 0, 0, 0, 0, 0, 0, 0, 0, 0, 0, 0, 0, 0, 0, 0, 0, 0, 0, 0, 0, 0, 0, 0, 0, 0, 0, 0, 0, 0, 0, 0, 0, 0, 0, 0, 0, 0, 0, 0, 0, 0, 0, 0, 0, 0, 0, 0, 0, 0, 0, 0, 0, 0, 0, 0, 0, 0, 0, 0, 0, 0, 0, 0, 0, 0, 0, 0, 0, 0, 0, 0, 0, 0, 0, 0, 0, 0, 0, 0, 0, 0, 0, 0, 0, 0, 0, 0, 0, 0, 0, 0, 0, 0, 0, 0, 0, 0, 0, 0, 0, 0, 0, 0, 0, 0, 0, 0, 0, 0, 0, 0, 0, 0, 0, 0, 0, 0, 0, 0, 0, 0, 0, 0, 0, 0, 0, 0, 0, 0, 0, 0, 0, 0, 0, 0, 0, 0, 0, 0, 0, 0, 0, 0, 0, 0, 0, 0, 0, 0, 0, 0, 0, 0, 0, 0, 0, 0, 0, 0, 0, 0, 0, 0, 0, 0, 0, 0, 0, 0, 0, 0, 0, 0, 0, 0, 0, 0, 0, 0, 0, 0, 0, 0, 0, 0, 0, 0, 0, 0, 0, 0, 0, 0, 0, 0, 0, 0, 0, 0, 0, 0, 0, 0, 0, 0, 0, 0, 0, 0, 0, 0, 0, 0, 0, 0, 0, 0, 0, 0, 0, 0, 0, 0, 0, 0, 0, 0, 0, 0, 0, 0, 0, 0, 0, 0, 0, 0, 0, 0, 0, 0, 0, 0, 0, 0, 0, 0, 0, 0, 0, 0, 0, 0, 0, 0, 0, 0, 0, 0, 0, 0, 0, 0, 0, 0, 0, 0, 0, 0, 0, 0, 0, 0, 0, 0, 0, 0, 0, 0, 0, 0, 0, 0, 0, 0, 0, 0, 0, 0, 0, 0, 0, 0, 0, 0, 0, 0, 0, 0, 0, 0, 0, 0, 0, 0, 0, 0, 0, 0, 0, 0, 0, 0, 0, 0, 0, 0, 0, 0, 0, 0, 0, 0, 0, 0, 0, 0, 0, 0, 0, 0, 0, 0, 0, 0, 0, 0, 0, 0, 0, 0, 0, 0, 0, 0, 0, 0, 0, 0, 0, 0, 0, 0, 0, 0, 0, 0, 0, 0, 0, 0, 0, 0, 0, 0, 0, 0, 0, 0, 0, 0, 0, 0, 0, 0, 0, 0, 0, 0, 0, 0, 0, 0, 0, 0, 0, 0, 0, 0, 0, 0, 0, 0, 0, 0, 0, 0, 0, 0, 0, 0, 0, 0, 0, 0, 0, 0, 0, 0, 0, 0, 0, 0, 0, 0, 0, 0, 0, 0, 0, 0, 0, 0, 0, 0, 0, 0, 0, 0, 0, 0, 0, 0, 0, 0, 0, 0, 0, 0, 0, 0, 0, 0, 0, 0, 0, 0, 0, 0, 0, 0, 0, 0, 0, 0, 0, 0, 0, 0, 0, 0, 0, 0, 0, 0, 0, 0, 0, 0, 0, 0, 0, 0]",485,"[0.4336666166782379, 0.4086931347846985, 0.45581236481666565, 0.41939353942871094, 0.42669597268104553, 0.41888630390167236, 0.44086867570877075, 0.4587959349155426, 0.5019326210021973, 0.40800338983535767, 0.4140264093875885, 0.44556933641433716, 0.41460224986076355, 0.4104236662387848, 0.4380878210067749, 0.44818031787872314, 0.42073872685432434, 0.4212530255317688, 0.42230525612831116, 0.4888676106929779, 0.4134276509284973, 0.408277690410614, 0.46150416135787964, 0.4735156297683716, 0.41273993253707886, 0.434343159198761, 0.4131338894367218, 0.4100532531738281, 0.43116676807403564, 0.4122140407562256, 0.4293108284473419, 0.44040095806121826, 0.4120780825614929, 0.41085177659988403, 0.44344937801361084, 0.4097250998020172, 0.4624427855014801, 0.41430428624153137, 0.4227246940135956, 0.408807635307312, 0.4074707329273224, 0.4081045389175415, 0.4117239713668823, 0.4490928649902344, 0.40739673376083374, 0.4072475731372833, 0.4547639489173889, 0.40746748447418213, 0.4378642141819, 0.4084475338459015, 0.4479423761367798, 0.4724605679512024, 0.407275915145874, 0.4719768166542053, 0.4072592854499817, 0.4271965026855469, 0.4072900414466858, 0.4269619286060333, 0.4095555245876312, 0.40723007917404175, 0.4278222620487213, 0.4072718024253845, 0.4093654155731201, 0.41674575209617615, 0.4079861342906952, 0.4082196056842804, 0.407227486371994, 0.43901413679122925, 0.4079938530921936, 0.4130140244960785, 0.4107155203819275, 0.41191455721855164, 0.40813878178596497, 0.41869595646858215, 0.4120013117790222, 0.4183841049671173, 0.45546460151672363, 0.40826416015625, 0.4206710755825043, 0.4083302617073059, 0.4072817862033844, 0.41882872581481934, 0.4206602871417999, 0.4389770030975342, 0.40840330719947815, 0.42526721954345703, 0.4110940992832184, 0.4304141104221344, 0.44079819321632385, 0.4088239371776581, 0.4072430729866028, 0.4142930507659912, 0.424154669046402, 0.41012340784072876, 0.4095938801765442, 0.4806447923183441, 0.4074280560016632, 0.417439728975296, 0.40854552388191223, 0.4182221591472626, 0.41714927554130554, 0.40744659304618835, 0.4329146146774292, 0.4119874835014343, 0.4080098271369934, 0.40833422541618347, 0.4495374262332916, 0.45583343505859375, 0.5161089301109314, 0.42724406719207764, 0.4086565673351288, 0.4153466522693634, 0.41067349910736084, 0.4188999533653259, 0.41890576481819153, 0.44581839442253113, 0.41007012128829956, 0.43117275834083557, 0.4203041195869446, 0.4454333782196045, 0.4711478352546692, 0.40951788425445557, 0.5849270224571228, 0.430647075176239, 0.41204768419265747, 0.40862032771110535, 0.4098205864429474, 0.4073411226272583, 0.4120010733604431, 0.4199564754962921, 0.4073059558868408, 0.411927193403244, 0.40988078713417053, 0.4106774926185608, 0.41649115085601807, 0.41372451186180115, 0.4189966320991516, 0.4072442650794983, 0.4106368124485016, 0.41243135929107666, 0.42876380681991577, 0.4189949333667755, 0.4469340145587921, 0.43557608127593994, 0.4283055365085602, 0.4105882942676544, 0.41060858964920044, 0.4227421283721924, 0.4072796106338501, 0.4105536639690399, 0.41626685857772827, 0.4175560772418976, 0.436026006937027, 0.41068196296691895, 0.44665852189064026, 0.40743499994277954, 0.4085961580276489, 0.44798848032951355, 0.4445982277393341, 0.41335394978523254, 0.44004467129707336, 0.42949625849723816, 0.4770335257053375, 0.4357280433177948, 0.40855684876441956, 0.4159243404865265, 0.44561827182769775, 0.45756930112838745, 0.41814830899238586, 0.40796783566474915, 0.43680447340011597, 0.4116775393486023, 0.43986931443214417, 0.4522331953048706, 0.4908689558506012, 0.4300967752933502, 0.4157615303993225, 0.40841051936149597, 0.4151768088340759, 0.43645405769348145, 0.4123627841472626, 0.42463332414627075, 0.4167802035808563, 0.40738844871520996, 0.40803852677345276, 0.48703062534332275, 0.47570088505744934, 0.41632184386253357, 0.4090692400932312, 0.41786646842956543, 0.41512176394462585, 0.4080466330051422, 0.408519983291626, 0.44730421900749207, 0.4445417523384094, 0.4462839365005493, 0.42950665950775146, 0.43108394742012024, 0.4250480532646179, 0.4135783016681671, 0.41018736362457275, 0.4231409728527069, 0.4165661633014679, 0.4089268743991852, 0.41202297806739807, 0.4334143102169037, 0.4072685241699219, 0.4643900692462921, 0.4120524227619171, 0.42537835240364075, 0.4089932143688202, 0.4157000482082367, 0.4090273678302765, 0.42533135414123535, 0.415820837020874, 0.4073909521102905, 0.4080870449542999, 0.4079989492893219, 0.43467777967453003, 0.4145144522190094, 0.40837424993515015, 0.41355007886886597, 0.40992915630340576, 0.4099407494068146, 0.410358726978302, 0.4698285162448883, 0.4089111089706421, 0.4165341854095459, 0.42760589718818665, 0.41612130403518677, 0.41708794236183167, 0.441069632768631, 0.4145244359970093, 0.4218805730342865, 0.41383278369903564, 0.4109072983264923, 0.41127604246139526, 0.4664664566516876, 0.42825669050216675, 0.41308343410491943, 0.4072608947753906, 0.4083811640739441, 0.44086509943008423, 0.4089415371417999, 0.4088115990161896, 0.41412460803985596, 0.43396100401878357, 0.4075567126274109, 0.4094592034816742, 0.41570907831192017, 0.40734562277793884, 0.42071351408958435, 0.4090827703475952, 0.4075205326080322, 0.43497979640960693, 0.40724578499794006, 0.4072534143924713, 0.407318651676178, 0.40751662850379944, 0.4132828414440155, 0.4170827865600586, 0.4277891516685486, 0.4127213954925537, 0.41272544860839844, 0.41582900285720825, 0.4122365117073059, 0.4091632068157196, 0.49508681893348694, 0.4663204252719879, 0.4130582809448242, 0.42024245858192444, 0.5023073554039001, 0.4942063093185425, 0.44445499777793884, 0.425545334815979, 0.4138590097427368, 0.43343910574913025, 0.43310803174972534, 0.42620041966438293, 0.44706735014915466, 0.4078950881958008, 0.410592645406723, 0.4779547452926636, 0.42235103249549866, 0.409270703792572, 0.40805548429489136, 0.4178658425807953, 0.4283512234687805, 0.4302908778190613, 0.411943256855011, 0.40993836522102356, 0.42494598031044006, 0.556207537651062, 0.42778345942497253, 0.4102741479873657, 0.4684162437915802, 0.4157288074493408, 0.41048839688301086, 0.4129633605480194, 0.41321253776550293, 0.40965548157691956, 0.4624860882759094, 0.4091009199619293, 0.4112437069416046, 0.4125942885875702, 0.42161574959754944, 0.41893479228019714, 0.43244874477386475, 0.4472289979457855, 0.4089045226573944, 0.41489461064338684, 0.4296400547027588, 0.5035737752914429, 0.40739619731903076, 0.412811279296875, 0.40999042987823486, 0.42378339171409607, 0.41003331542015076, 0.40815258026123047, 0.4868052005767822, 0.4100194573402405, 0.40968742966651917, 0.4097374975681305, 0.40869998931884766, 0.4105395972728729, 0.5497862696647644, 0.42254000902175903, 0.4191364049911499, 0.4620029032230377, 0.4167165756225586, 0.46895208954811096, 0.4120520353317261, 0.42266181111335754, 0.4272249937057495, 0.42995885014533997, 0.42937684059143066, 0.408115416765213, 0.40722739696502686, 0.40739715099334717, 0.40807345509529114, 0.41048893332481384, 0.4223984181880951, 0.41393837332725525, 0.46455681324005127, 0.4521889388561249, 0.44120335578918457, 0.4171036183834076, 0.41370171308517456, 0.4158181846141815, 0.48608389496803284, 0.41027820110321045, 0.41175204515457153, 0.41022011637687683, 0.42217186093330383, 0.45336657762527466, 0.4104776382446289, 0.41089239716529846, 0.42788660526275635, 0.43997830152511597, 0.41272395849227905, 0.41032275557518005, 0.4511730968952179, 0.41206204891204834, 0.44116443395614624, 0.44612300395965576, 0.41289862990379333, 0.4120524525642395, 0.42979854345321655, 0.46816766262054443, 0.4104825556278229, 0.40930405259132385, 0.4134798049926758, 0.41041988134384155, 0.4166560471057892, 0.40913981199264526, 0.4403626620769501, 0.4072546362876892, 0.41415414214134216, 0.4233691096305847, 0.4226934015750885, 0.4218136966228485, 0.40921100974082947, 0.4074023962020874, 0.42870470881462097, 0.4072340726852417, 0.4283160865306854, 0.4088761508464813, 0.4082135856151581, 0.409464567899704, 0.4090403616428375, 0.4242481589317322, 0.40807467699050903, 0.4073725938796997, 0.4139566719532013, 0.46474242210388184, 0.4078805148601532, 0.4146536588668823, 0.4311998784542084, 0.41034141182899475, 0.4241727590560913, 0.418923020362854, 0.41441449522972107, 0.4073707163333893, 0.4083397686481476, 0.4096823036670685, 0.4119935929775238, 0.4076135754585266, 0.4603547751903534, 0.44696947932243347, 0.40972432494163513, 0.4119502902030945, 0.41950827836990356, 0.40923622250556946, 0.5685263276100159, 0.4177128076553345, 0.41888731718063354, 0.4105062782764435, 0.41063717007637024, 0.42794033885002136, 0.5006711483001709, 0.40739327669143677, 0.4097996652126312, 0.4159378409385681, 0.41658344864845276, 0.4148796498775482, 0.40722838044166565, 0.40722984075546265, 0.4219527542591095, 0.42323797941207886, 0.4104866683483124, 0.41369399428367615, 0.4331497848033905, 0.40792080760002136, 0.447050005197525, 0.41272398829460144, 0.41216909885406494, 0.41767436265945435, 0.4177541732788086, 0.43894028663635254, 0.40947937965393066, 0.41995343565940857, 0.4196966588497162, 0.4117644429206848, 0.5318922400474548, 0.4080522060394287, 0.41306185722351074, 0.409061461687088, 0.4084413945674896, 0.49863874912261963, 0.40807878971099854, 0.4161863327026367, 0.42961665987968445, 0.4072321355342865, 0.41175463795661926, 0.40783390402793884, 0.4272324740886688, 0.45356324315071106, 0.4075653851032257, 0.40741297602653503, 0.44106388092041016, 0.4079931676387787, 0.4815927743911743, 0.40729519724845886, 0.4685927927494049, 0.4164612293243408, 0.4092161953449249, 0.41480696201324463, 0.4446416199207306, 0.4099898040294647, 0.451847642660141, 0.40987733006477356, 0.4074752926826477, 0.44748079776763916, 0.4314630627632141, 0.4430362582206726, 0.40842074155807495, 0.42233216762542725, 0.4072302579879761, 0.4072380065917969, 0.43271705508232117, 0.4072284698486328, 0.4072782099246979, 0.41522762179374695, 0.4084584414958954, 0.42203980684280396]",0.0,"[0.0, 0.0, 0.0, 0.0, 0.0, 0.0, 0.0, 0.0, 0.0, 0.0, 0.0, 0.0, 0.0, 0.0, 0.0, 0.0, 0.0, 0.0, 0.0, 0.0, 0.0, 0.0, 0.0, 0.0, 0.0, 0.0, 0.0, 0.0, 0.0, 0.0, 0.0, 0.0, 0.0, 0.0, 0.0, 0.0, 0.0, 0.0, 0.0, 0.0, 0.0, 0.0, 0.0, 0.0, 0.0, 0.0, 0.0, 0.0, 0.0, 0.0, 0.0, 0.0, 0.0, 0.0, 0.0, 0.0, 0.0, 0.0, 0.0, 0.0, 0.0, 0.0, 0.0, 0.0, 0.0, 0.0, 0.0, 0.0, 0.0, 0.0, 0.0, 0.0, 0.0, 0.0, 0.0, 0.0, 0.0, 0.0, 0.0, 0.0, 0.0, 0.0, 0.0, 0.0, 0.0, 0.0, 0.0, 0.0, 0.0, 0.0, 0.0, 0.0, 0.0, 0.0, 0.0, 0.0, 0.0, 0.0, 0.0, 0.0, 0.0, 0.0, 0.0, 0.0, 0.0, 0.0, 0.0, 0.0, 0.0, 0.0, 0.0, 0.0, 0.0, 0.0, 0.0, 0.0, 0.0, 0.0, 0.0, 0.0, 0.0, 0.0, 0.0, 0.0, 0.0, 0.0, 0.0, 0.0, 0.0, 0.0, 0.0, 0.0, 0.0, 0.0, 0.0, 0.0, 0.0, 0.0, 0.0, 0.0, 0.0, 0.0, 0.0, 0.0, 0.0, 0.0, 0.0, 0.0, 0.0, 0.0, 0.0, 0.0, 0.0, 0.0, 0.0, 0.0, 0.0, 0.0, 0.0, 0.0, 0.0, 0.0, 0.0, 0.0, 0.0, 0.0, 0.0, 0.0, 0.0, 0.0, 0.0, 0.0, 0.0, 0.0, 0.0, 0.0, 0.0, 0.0, 0.0, 0.0, 0.0, 0.0, 0.0, 0.0, 0.0, 0.0, 0.0, 0.0, 0.0, 0.0, 0.0, 0.0, 0.0, 0.0, 0.0, 0.0, 0.0, 0.0, 0.0, 0.0, 0.0, 0.0, 0.0, 0.0, 0.0, 0.0, 0.0, 0.0, 0.0, 0.0, 0.0, 0.0, 0.0, 0.0, 0.0, 0.0, 0.0, 0.0, 0.0, 0.0, 0.0, 0.0, 0.0, 0.0, 0.0, 0.0, 0.0, 0.0, 0.0, 0.0, 0.0, 0.0, 0.0, 0.0, 0.0, 0.0, 0.0, 0.0, 0.0, 0.0, 0.0, 0.0, 0.0, 0.0, 0.0, 0.0, 0.0, 0.0, 0.0, 0.0, 0.0, 0.0, 0.0, 0.0, 0.0, 0.0, 0.0, 0.0, 0.0, 0.0, 0.0, 0.0, 0.0, 0.0, 0.0, 0.0, 0.0, 0.0, 0.0, 0.0, 0.0, 0.0, 0.0, 0.0, 0.0, 0.0, 0.0, 0.0, 0.0, 0.0, 0.0, 0.0, 0.0, 0.0, 0.0, 0.0, 0.0, 0.0, 0.0, 0.0, 0.0, 0.0, 0.0, 0.0, 0.0, 0.0, 0.0, 0.0, 0.0, 0.0, 0.0, 0.0, 0.0, 0.0, 0.0, 0.0, 0.0, 0.0, 0.0, 0.0, 0.0, 0.0, 0.0, 0.0, 0.0, 0.0, 0.0, 0.0, 0.0, 0.0, 0.0, 0.0, 0.0, 0.0, 0.0, 0.0, 0.0, 0.0, 0.0, 0.0, 0.0, 0.0, 0.0, 0.0, 0.0, 0.0, 0.0, 0.0, 0.0, 0.0, 0.0, 0.0, 0.0, 0.0, 0.0, 0.0, 0.0, 0.0, 0.0, 0.0, 0.0, 0.0, 0.0, 0.0, 0.0, 0.0, 0.0, 0.0, 0.0, 0.0, 0.0, 0.0, 0.0, 0.0, 0.0, 0.0, 0.0, 0.0, 0.0, 0.0, 0.0, 0.0, 0.0, 0.0, 0.0, 0.0, 0.0, 0.0, 0.0, 0.0, 0.0, 0.0, 0.0, 0.0, 0.0, 0.0, 0.0, 0.0, 0.0, 0.0, 0.0, 0.0, 0.0, 0.0, 0.0, 0.0, 0.0, 0.0, 0.0, 0.0, 0.0, 0.0, 0.0, 0.0, 0.0, 0.0, 0.0, 0.0, 0.0, 0.0, 0.0, 0.0, 0.0, 0.0, 0.0, 0.0, 0.0, 0.0, 0.0, 0.0, 0.0, 0.0, 0.0, 0.0, 0.0, 0.0, 0.0, 0.0, 0.0, 0.0, 0.0, 0.0, 0.0, 0.0, 0.0, 0.0, 0.0, 0.0, 0.0, 0.0, 0.0, 0.0, 0.0, 0.0, 0.0, 0.0, 0.0, 0.0, 0.0, 0.0, 0.0, 0.0, 0.0, 0.0, 0.0, 0.0, 0.0, 0.0, 0.0, 0.0, 0.0, 0.0, 0.0, 0.0, 0.0, 0.0, 0.0, 0.0, 0.0, 0.0, 0.0, 0.0, 0.0, 0.0, 0.0, 0.0, 0.0, 0.0, 0.0, 0.0, 0.0, 0.0, 0.0, 0.0, 0.0]",COMPLETE
114,114,0.7882933364248818,2024-08-31 05:35:36.890461,2024-08-31 05:37:31.855204,0 days 00:01:54.964743,1,0.07766289947850277,6,25,0.024748435583809666,87,0.00044196534530714036,0.877,0.87375,33,"[33, 33, 33, 33, 33, 33, 33, 33, 33, 33, 33, 33, 33, 33, 33, 33, 33, 33, 33, 33, 33, 33, 33, 33, 33]",32.90421455938697,"[32.89965334792921, 32.903119868637106, 32.90257252326218, 32.90020069330414, 32.903302317095424, 32.90220762634556, 32.90549169859515, 32.90403211092866, 32.89691662105455, 32.89910600255428, 32.89272030651341, 32.89436234263821, 32.89308520343003, 32.90239007480387, 32.894727239554825, 32.893267651888344, 32.88998357963875, 32.887429301222404, 32.89399744572158, 32.891990512680174, 32.89454479109652, 32.897646414887795, 32.90129538405401, 32.89837620872103, 32.90421455938697]",0.8136708526325349,0.7882933364248818,33,"[33, 33, 33, 33, 33, 33, 33, 33, 33, 33, 33, 33, 33, 33, 33, 33, 33, 33, 33, 33, 33, 33, 33, 33, 33]",25,"[0.3916543126106262, 0.38194113969802856, 0.37624096870422363, 0.3723922371864319, 0.36889487504959106, 0.36728885769844055, 0.3634372353553772, 0.3611515462398529, 0.35903921723365784, 0.35687994956970215, 0.35462722182273865, 0.3526023030281067, 0.35061728954315186, 0.35101428627967834, 0.34640246629714966, 0.34442517161369324, 0.34282857179641724, 0.34099215269088745, 0.3383517563343048, 0.33641287684440613, 0.3353809714317322, 0.3329679071903229, 0.3305431306362152, 0.32842376828193665, 0.3269951641559601]",33.0,"[33.0, 33.0, 33.0, 33.0, 33.0, 33.0, 33.0, 33.0, 33.0, 33.0, 33.0, 33.0, 33.0, 33.0, 33.0, 33.0, 33.0, 33.0, 33.0, 33.0, 33.0, 33.0, 33.0, 33.0, 33.0]",COMPLETE
