,number,value,datetime_start,datetime_complete,duration,params_batch_size_scaler,params_constant_learning_rate,params_depth,params_epochs,params_kernel_l2,params_num_trees,params_temperature,user_attrs_accuracy_test,user_attrs_accuracy_valid,user_attrs_approximate_feature_sparsity,user_attrs_approximate_feature_sparsity_history,user_attrs_approximate_weight_sparsity,user_attrs_approximate_weight_sparsity_history,user_attrs_auc_test,user_attrs_auc_valid,user_attrs_feature_sparsity,user_attrs_feature_sparsity_history,user_attrs_num_epochs,user_attrs_val_loss_history,user_attrs_weight_sparsity,user_attrs_weight_sparsity_history,state
73,73,0.8856127062642501,2024-08-31 03:42:18.110125,2024-08-31 03:43:58.084803,0 days 00:01:39.974678,16,0.06619406644537837,4,420,0.26274166345240546,94,0.01035134134315269,0.884,0.885,33,"[33, 33, 33, 33, 33, 33, 33, 33, 33, 33, 33, 33, 33, 33, 33, 33, 33, 33, 33, 33, 33, 33, 33, 33, 33, 33, 33, 33, 33, 33, 33, 33, 33, 33, 33, 33, 33, 33, 33, 33, 33, 33, 33, 33, 33, 33, 33, 33, 33, 33, 33, 33, 33, 33, 33, 33, 33, 33, 33, 33, 33, 33, 33, 33, 33, 33, 33, 33, 33, 33, 33, 33, 33, 33, 33, 33, 33, 33, 33, 33, 33, 33, 33, 33, 33, 33, 33, 33, 33, 33, 33, 33, 33, 33, 33, 33, 33, 33, 33, 33, 33, 33, 33, 33, 33, 33, 33, 33, 33, 33, 33, 33, 33, 33, 33, 33, 33, 33, 33, 33, 33, 33, 33, 33, 33, 33, 33, 33, 33, 33, 33, 33, 33, 33, 33, 33, 33, 33, 33, 33, 33, 33, 33, 33, 33, 33, 33, 33, 33, 33, 33, 33, 33, 33, 33, 33, 33, 33, 33, 33, 33, 33, 33, 33, 33, 33, 33, 33, 33, 33, 33, 33, 33, 33, 33, 33, 33, 33, 33, 33, 33, 33, 33, 33, 33, 33, 33, 33, 33, 33, 33, 33, 33, 33, 33, 33, 33, 33, 33, 33, 33, 33, 33, 33, 33, 33, 33, 33, 33, 33, 33, 33, 33, 33, 33, 33, 33, 33, 33, 33, 33, 33, 33, 33, 33, 33, 33, 33, 33, 33, 33, 33, 33, 33, 33, 33, 33, 33, 33, 33, 33, 33, 33, 33, 33, 33, 33, 33, 33, 33, 33, 33, 33, 33, 33, 33, 33, 33, 33, 33, 33, 33, 33, 33, 33, 33, 33, 33, 33, 33, 33, 33, 33, 33, 33, 33, 33, 33, 33, 33, 33, 33, 33, 33, 33, 33, 33, 33, 33, 33, 33, 33, 33, 33, 33, 33, 33, 33, 33, 33, 33, 33, 33, 33, 33, 33, 33, 33, 33, 33, 33, 33, 33, 33, 33, 33, 33, 33, 33, 33, 33, 33, 33, 33, 33, 33, 33, 33, 33, 33, 33, 33, 33, 33, 33, 33, 33, 33, 33, 33, 33, 33, 33, 33, 33, 33, 33, 33, 33, 33, 33, 33, 33, 33, 33, 33, 33, 33, 33, 33, 33, 33, 33, 33, 33, 33, 33, 33, 33, 33, 33, 33, 33, 33, 33, 33, 33, 33, 33, 33, 33, 33, 33, 33, 33, 33, 33, 33, 33, 33, 33, 33, 33, 33, 33, 33, 33, 33, 33, 33, 33, 33, 33, 33, 33, 33, 33, 33, 33, 33, 33, 33, 33, 33, 33, 33, 33, 33, 33, 33]",32.94893617021277,"[32.94113475177305, 32.94113475177305, 32.95106382978723, 32.94609929078014, 32.94184397163121, 32.94113475177305, 32.93971631205674, 32.94539007092199, 32.94964539007092, 32.94113475177305, 32.94326241134751, 32.94326241134752, 32.94113475177305, 32.94468085106383, 32.9468085106383, 32.93687943262411, 32.93546099290781, 32.9418439716312, 32.94255319148937, 32.94113475177305, 32.94822695035461, 32.94822695035461, 32.94822695035461, 32.94609929078014, 32.94751773049646, 32.94751773049645, 32.94609929078014, 32.95531914893617, 32.95957446808511, 32.95460992907802, 32.95390070921986, 32.94751773049646, 32.9404255319149, 32.94609929078014, 32.94609929078014, 32.94397163120567, 32.93900709219859, 32.94255319148937, 32.94468085106383, 32.95177304964539, 32.94893617021277, 32.95390070921986, 32.94468085106383, 32.94184397163121, 32.94184397163121, 32.94326241134752, 32.93900709219859, 32.93829787234043, 32.94184397163121, 32.94468085106383, 32.93829787234043, 32.94113475177305, 32.94893617021276, 32.94751773049645, 32.94539007092199, 32.94751773049646, 32.94751773049646, 32.94822695035461, 32.95460992907802, 32.95602836879433, 32.95035460992908, 32.94893617021277, 32.9468085106383, 32.94964539007092, 32.95106382978724, 32.94751773049646, 32.94255319148936, 32.94609929078014, 32.95035460992908, 32.95248226950355, 32.94609929078015, 32.94964539007093, 32.95035460992908, 32.95106382978723, 32.9468085106383, 32.94822695035461, 32.95035460992908, 32.95248226950355, 32.95460992907802, 32.95390070921985, 32.95531914893617, 32.95460992907802, 32.95390070921986, 32.95390070921986, 32.96099290780142, 32.95957446808511, 32.95673758865249, 32.95744680851064, 32.95248226950355, 32.95602836879433, 32.95248226950355, 32.94893617021277, 32.94893617021277, 32.95035460992908, 32.94609929078014, 32.94326241134752, 32.9404255319149, 32.93687943262412, 32.94184397163121, 32.93971631205674, 32.93687943262411, 32.93829787234043, 32.93971631205674, 32.94113475177305, 32.94255319148936, 32.93971631205674, 32.93758865248227, 32.94113475177305, 32.94397163120567, 32.94539007092199, 32.94751773049646, 32.94609929078014, 32.94397163120567, 32.9468085106383, 32.94113475177305, 32.9404255319149, 32.9468085106383, 32.94609929078014, 32.94964539007092, 32.94609929078014, 32.95035460992908, 32.95106382978724, 32.94609929078014, 32.94539007092198, 32.94113475177305, 32.94042553191489, 32.94042553191489, 32.93829787234043, 32.93758865248227, 32.94113475177305, 32.94609929078014, 32.9468085106383, 32.94751773049645, 32.9468085106383, 32.94893617021277, 32.94822695035461, 32.9468085106383, 32.9468085106383, 32.94893617021277, 32.94751773049645, 32.9404255319149, 32.94113475177305, 32.94255319148937, 32.94397163120567, 32.94397163120568, 32.93900709219859, 32.94184397163121, 32.94113475177305, 32.94397163120567, 32.94468085106383, 32.94468085106383, 32.94539007092199, 32.93900709219858, 32.95035460992908, 32.94893617021277, 32.9468085106383, 32.95035460992908, 32.95248226950355, 32.9531914893617, 32.95886524822695, 32.9581560283688, 32.95744680851064, 32.95390070921986, 32.95531914893618, 32.95957446808511, 32.95460992907802, 32.94609929078015, 32.9418439716312, 32.94326241134752, 32.95035460992908, 32.9468085106383, 32.94893617021277, 32.94964539007093, 32.94964539007093, 32.94539007092198, 32.94822695035461, 32.95390070921986, 32.95673758865248, 32.95248226950355, 32.95106382978724, 32.94609929078015, 32.944680851063836, 32.94964539007093, 32.95177304964539, 32.94964539007093, 32.94609929078015, 32.94751773049646, 32.94964539007092, 32.94893617021277, 32.94397163120567, 32.93829787234043, 32.93971631205674, 32.93971631205674, 32.94255319148936, 32.93687943262412, 32.94113475177305, 32.94042553191489, 32.94184397163121, 32.94042553191489, 32.94042553191489, 32.93687943262411, 32.93687943262411, 32.93900709219858, 32.94255319148936, 32.94255319148937, 32.9468085106383, 32.94751773049645, 32.94397163120568, 32.9404255319149, 32.94893617021277, 32.94609929078015, 32.94326241134752, 32.93971631205674, 32.93829787234043, 32.93900709219858, 32.93829787234043, 32.93546099290781, 32.93404255319149, 32.93475177304965, 32.92695035460993, 32.93191489361702, 32.93262411347518, 32.93829787234043, 32.93758865248227, 32.93687943262412, 32.93333333333334, 32.93546099290781, 32.9354609929078, 32.92978723404255, 32.93191489361702, 32.93120567375887, 32.93049645390071, 32.93475177304965, 32.93475177304965, 32.93617021276596, 32.93971631205674, 32.93971631205674, 32.94113475177305, 32.93971631205674, 32.94397163120567, 32.94184397163121, 32.93971631205674, 32.94184397163121, 32.9404255319149, 32.94468085106383, 32.93971631205674, 32.93687943262412, 32.94255319148937, 32.9404255319149, 32.93758865248227, 32.93475177304965, 32.93617021276596, 32.93687943262411, 32.93900709219858, 32.93971631205674, 32.9404255319149, 32.94326241134752, 32.93829787234042, 32.93262411347518, 32.93475177304965, 32.93971631205674, 32.93971631205674, 32.94468085106383, 32.94184397163121, 32.94822695035461, 32.94468085106383, 32.94326241134752, 32.93971631205674, 32.94184397163121, 32.93475177304964, 32.93829787234043, 32.93971631205674, 32.94326241134752, 32.94397163120568, 32.94539007092199, 32.94539007092199, 32.94539007092199, 32.94255319148937, 32.94609929078015, 32.9404255319149, 32.94609929078014, 32.94539007092199, 32.94539007092199, 32.94397163120568, 32.9404255319149, 32.94326241134752, 32.94113475177305, 32.93617021276596, 32.93971631205674, 32.93900709219858, 32.94184397163121, 32.94042553191489, 32.93971631205674, 32.93758865248227, 32.93404255319149, 32.9290780141844, 32.92978723404255, 32.93120567375887, 32.92978723404256, 32.92978723404255, 32.92836879432624, 32.93049645390071, 32.92765957446809, 32.93191489361702, 32.93829787234043, 32.93829787234043, 32.93617021276596, 32.94326241134752, 32.94184397163121, 32.941134751773056, 32.93971631205674, 32.9404255319149, 32.94326241134752, 32.93829787234043, 32.94255319148936, 32.94326241134752, 32.94255319148936, 32.94184397163121, 32.9404255319149, 32.93900709219859, 32.93971631205674, 32.93900709219859, 32.93971631205674, 32.9354609929078, 32.94042553191489, 32.93333333333333, 32.93191489361702, 32.93617021276596, 32.9354609929078, 32.93758865248227, 32.93758865248227, 32.93829787234043, 32.93687943262412, 32.93475177304965, 32.93191489361702, 32.93049645390071, 32.93333333333334, 32.93049645390071, 32.93262411347518, 32.93404255319149, 32.93262411347518, 32.93262411347518, 32.93900709219858, 32.93829787234043, 32.93758865248227, 32.93971631205674, 32.9404255319149, 32.93971631205674, 32.94397163120568, 32.94326241134752, 32.94609929078015, 32.94964539007092, 32.94539007092199, 32.94609929078015, 32.94397163120567, 32.93971631205674, 32.93758865248227, 32.93829787234043, 32.94609929078015, 32.94397163120568, 32.94397163120568, 32.94397163120568, 32.94113475177305, 32.93829787234043, 32.94113475177305, 32.94468085106383, 32.94468085106383, 32.94184397163121, 32.94326241134752, 32.94539007092199, 32.9468085106383, 32.94468085106383, 32.94893617021277, 32.94751773049646, 32.9468085106383, 32.94964539007092, 32.94751773049646, 32.94539007092199, 32.94751773049645, 32.95035460992908, 32.95602836879433, 32.95744680851064, 32.96170212765958, 32.96170212765958, 32.96524822695036, 32.96028368794327, 32.96028368794327, 32.95744680851064, 32.95460992907802, 32.95319148936171, 32.95460992907801, 32.95460992907802, 32.9531914893617, 32.95248226950355, 32.94893617021277, 32.95106382978723, 32.95531914893617, 32.95460992907801, 32.95673758865249, 32.95744680851064, 32.95390070921986, 32.95177304964539, 32.95390070921986, 32.95602836879433, 32.95744680851064, 32.95106382978723, 32.95035460992908, 32.95248226950354, 32.94822695035461, 32.94609929078014, 32.94468085106383, 32.94326241134752, 32.94184397163121, 32.94255319148937, 32.94397163120567, 32.94184397163121, 32.94397163120568, 32.94751773049646, 32.94468085106383, 32.94893617021277]",0.8740247194907488,0.8856127062642501,33,"[33, 33, 33, 33, 33, 33, 33, 33, 33, 33, 33, 33, 33, 33, 33, 33, 33, 33, 33, 33, 33, 33, 33, 33, 33, 33, 33, 33, 33, 33, 33, 33, 33, 33, 33, 33, 33, 33, 33, 33, 33, 33, 33, 33, 33, 33, 33, 33, 33, 33, 33, 33, 33, 33, 33, 33, 33, 33, 33, 33, 33, 33, 33, 33, 33, 33, 33, 33, 33, 33, 33, 33, 33, 33, 33, 33, 33, 33, 33, 33, 33, 33, 33, 33, 33, 33, 33, 33, 33, 33, 33, 33, 33, 33, 33, 33, 33, 33, 33, 33, 33, 33, 33, 33, 33, 33, 33, 33, 33, 33, 33, 33, 33, 33, 33, 33, 33, 33, 33, 33, 33, 33, 33, 33, 33, 33, 33, 33, 33, 33, 33, 33, 33, 33, 33, 33, 33, 33, 33, 33, 33, 33, 33, 33, 33, 33, 33, 33, 33, 33, 33, 33, 33, 33, 33, 33, 33, 33, 33, 33, 33, 33, 33, 33, 33, 33, 33, 33, 33, 33, 33, 33, 33, 33, 33, 33, 33, 33, 33, 33, 33, 33, 33, 33, 33, 33, 33, 33, 33, 33, 33, 33, 33, 33, 33, 33, 33, 33, 33, 33, 33, 33, 33, 33, 33, 33, 33, 33, 33, 33, 33, 33, 33, 33, 33, 33, 33, 33, 33, 33, 33, 33, 33, 33, 33, 33, 33, 33, 33, 33, 33, 33, 33, 33, 33, 33, 33, 33, 33, 33, 33, 33, 33, 33, 33, 33, 33, 33, 33, 33, 33, 33, 33, 33, 33, 33, 33, 33, 33, 33, 33, 33, 33, 33, 33, 33, 33, 33, 33, 33, 33, 33, 33, 33, 33, 33, 33, 33, 33, 33, 33, 33, 33, 33, 33, 33, 33, 33, 33, 33, 33, 33, 33, 33, 33, 33, 33, 33, 33, 33, 33, 33, 33, 33, 33, 33, 33, 33, 33, 33, 33, 33, 33, 33, 33, 33, 33, 33, 33, 33, 33, 33, 33, 33, 33, 33, 33, 33, 33, 33, 33, 33, 33, 33, 33, 33, 33, 33, 33, 33, 33, 33, 33, 33, 33, 33, 33, 33, 33, 33, 33, 33, 33, 33, 33, 33, 33, 33, 33, 33, 33, 33, 33, 33, 33, 33, 33, 33, 33, 33, 33, 33, 33, 33, 33, 33, 33, 33, 33, 33, 33, 33, 33, 33, 33, 33, 33, 33, 33, 33, 33, 33, 33, 33, 33, 33, 33, 33, 33, 33, 33, 33, 33, 33, 33, 33, 33, 33, 33, 33, 33, 33, 33, 33, 33, 33, 33, 33, 33, 33]",420,"[0.42271876335144043, 0.41214287281036377, 0.4092813730239868, 0.4070037603378296, 0.40478813648223877, 0.4027581810951233, 0.4009225368499756, 0.39935314655303955, 0.39793941378593445, 0.3964967727661133, 0.3952421545982361, 0.3942340612411499, 0.3929971754550934, 0.3919607102870941, 0.3910386562347412, 0.3901318609714508, 0.38930007815361023, 0.3885820806026459, 0.38788023591041565, 0.3872041702270508, 0.3866530954837799, 0.38600239157676697, 0.3853910565376282, 0.3848409354686737, 0.38444122672080994, 0.38381874561309814, 0.3833175301551819, 0.38279828429222107, 0.3823601007461548, 0.38191118836402893, 0.38147515058517456, 0.38102835416793823, 0.3806036114692688, 0.3802386522293091, 0.37983810901641846, 0.3795875906944275, 0.3791278004646301, 0.3786434829235077, 0.3783012628555298, 0.37791216373443604, 0.37764373421669006, 0.3772696554660797, 0.3770107328891754, 0.37659838795661926, 0.37624096870422363, 0.3758377730846405, 0.3755752146244049, 0.3755040764808655, 0.37504950165748596, 0.37476077675819397, 0.3745768070220947, 0.37424641847610474, 0.37392497062683105, 0.3735826015472412, 0.3732423484325409, 0.37288719415664673, 0.37247416377067566, 0.37230759859085083, 0.3719181716442108, 0.37146636843681335, 0.37124624848365784, 0.37091147899627686, 0.3706173002719879, 0.37038731575012207, 0.37009987235069275, 0.3697512149810791, 0.36937934160232544, 0.3690605163574219, 0.36871829628944397, 0.3685567080974579, 0.36828699707984924, 0.3678781986236572, 0.3677293062210083, 0.3674512803554535, 0.36704176664352417, 0.3667420446872711, 0.36645931005477905, 0.3663889765739441, 0.36587753891944885, 0.36563315987586975, 0.3653346300125122, 0.36508628726005554, 0.36481064558029175, 0.3645244836807251, 0.36428797245025635, 0.3641292452812195, 0.3637508749961853, 0.36357712745666504, 0.3632951080799103, 0.3628632724285126, 0.36271950602531433, 0.3625095784664154, 0.36207863688468933, 0.36181026697158813, 0.361490398645401, 0.3615589439868927, 0.3610307276248932, 0.3607926070690155, 0.36056819558143616, 0.36029186844825745, 0.36005446314811707, 0.3599604070186615, 0.35956573486328125, 0.35934022068977356, 0.35910457372665405, 0.35883888602256775, 0.35858333110809326, 0.35832518339157104, 0.35806429386138916, 0.357784628868103, 0.35743701457977295, 0.35720235109329224, 0.3569287955760956, 0.35679560899734497, 0.3564832806587219, 0.3563956916332245, 0.35611575841903687, 0.3556857705116272, 0.3554225564002991, 0.35520508885383606, 0.35499024391174316, 0.3549496531486511, 0.3544408679008484, 0.35426849126815796, 0.3539855182170868, 0.35373878479003906, 0.35361966490745544, 0.3533862829208374, 0.3530690371990204, 0.35291504859924316, 0.3526259958744049, 0.35247230529785156, 0.352202832698822, 0.35198351740837097, 0.3515789806842804, 0.35135817527770996, 0.35123729705810547, 0.3509318232536316, 0.3506968021392822, 0.35046032071113586, 0.35012829303741455, 0.3499167561531067, 0.34977003931999207, 0.349454790353775, 0.34927207231521606, 0.34910401701927185, 0.3488088846206665, 0.3485972285270691, 0.3482639789581299, 0.34814175963401794, 0.3478269875049591, 0.34762778878211975, 0.3473009467124939, 0.3470374643802643, 0.3469124138355255, 0.3466355502605438, 0.34643086791038513, 0.3462722897529602, 0.34608909487724304, 0.34597477316856384, 0.34559810161590576, 0.3453432023525238, 0.3451465964317322, 0.3449059724807739, 0.3447384536266327, 0.34450599551200867, 0.34422802925109863, 0.34400665760040283, 0.3439401388168335, 0.34376993775367737, 0.343374639749527, 0.3431680202484131, 0.34297123551368713, 0.3427601754665375, 0.3425370454788208, 0.34234774112701416, 0.34206172823905945, 0.3418004512786865, 0.34157198667526245, 0.34158843755722046, 0.3412516117095947, 0.3410310745239258, 0.34081435203552246, 0.340521901845932, 0.34029635787010193, 0.34015965461730957, 0.339842289686203, 0.3396669030189514, 0.3396086096763611, 0.3394017815589905, 0.33906543254852295, 0.33883967995643616, 0.3386146128177643, 0.3385094106197357, 0.3383437991142273, 0.33811840415000916, 0.33776307106018066, 0.33759182691574097, 0.3375580906867981, 0.33721378445625305, 0.3370353579521179, 0.33697932958602905, 0.33671706914901733, 0.336725652217865, 0.3364719748497009, 0.33599576354026794, 0.33599331974983215, 0.33561667799949646, 0.3355441689491272, 0.3352333903312683, 0.3349017798900604, 0.3348669707775116, 0.3345755636692047, 0.33442431688308716, 0.3342561721801758, 0.33395901322364807, 0.33368924260139465, 0.3335318863391876, 0.3335472345352173, 0.3331226408481598, 0.33294135332107544, 0.3326506018638611, 0.33231261372566223, 0.33214008808135986, 0.3318355977535248, 0.3317083716392517, 0.33147120475769043, 0.33122673630714417, 0.330992192029953, 0.3308040499687195, 0.3308612108230591, 0.3303450047969818, 0.3302685022354126, 0.32991230487823486, 0.32971668243408203, 0.32945728302001953, 0.3293699026107788, 0.3290832042694092, 0.32886752486228943, 0.32848653197288513, 0.32838210463523865, 0.3281285762786865, 0.3280084729194641, 0.3276546597480774, 0.3273817300796509, 0.3273037374019623, 0.32720276713371277, 0.3268306851387024, 0.3266640901565552, 0.32648205757141113, 0.32599231600761414, 0.3258638083934784, 0.32558655738830566, 0.3252674341201782, 0.3251646161079407, 0.3246852159500122, 0.3246614933013916, 0.32437965273857117, 0.3243860900402069, 0.3240889310836792, 0.32406681776046753, 0.3236609697341919, 0.3232969641685486, 0.3231208026409149, 0.32284462451934814, 0.3226742148399353, 0.3222961723804474, 0.3219604790210724, 0.321860134601593, 0.3218138515949249, 0.3216169774532318, 0.3212728798389435, 0.320989191532135, 0.32070761919021606, 0.32037854194641113, 0.32007935643196106, 0.31985414028167725, 0.3196311891078949, 0.319519579410553, 0.31918415427207947, 0.31885066628456116, 0.31857195496559143, 0.31835535168647766, 0.3181775212287903, 0.3179650902748108, 0.31769636273384094, 0.31734442710876465, 0.31717413663864136, 0.31677713990211487, 0.31661930680274963, 0.3164054751396179, 0.3160615861415863, 0.3158355951309204, 0.3158339560031891, 0.3153444528579712, 0.31497183442115784, 0.3147750198841095, 0.3146829903125763, 0.3143552541732788, 0.31412675976753235, 0.3139845132827759, 0.313639760017395, 0.3133052885532379, 0.31310608983039856, 0.3128565549850464, 0.312465637922287, 0.3122909963130951, 0.31198638677597046, 0.3115813434123993, 0.3113384544849396, 0.3110029697418213, 0.31081515550613403, 0.310604453086853, 0.31030380725860596, 0.3099478483200073, 0.3097017705440521, 0.3095555901527405, 0.30910632014274597, 0.30904147028923035, 0.3086962401866913, 0.3083731532096863, 0.3081274926662445, 0.30773770809173584, 0.3074364960193634, 0.307082861661911, 0.3069252371788025, 0.30684342980384827, 0.3063391447067261, 0.30594557523727417, 0.30577561259269714, 0.3056141138076782, 0.3052651882171631, 0.30498531460762024, 0.3046451210975647, 0.3044140934944153, 0.3040544390678406, 0.3037908673286438, 0.3036472797393799, 0.3034806549549103, 0.30308374762535095, 0.3027596175670624, 0.3026910722255707, 0.30234450101852417, 0.3021166920661926, 0.301720529794693, 0.3014742434024811, 0.3011782169342041, 0.30073630809783936, 0.3003527820110321, 0.3001791834831238, 0.2998756468296051, 0.2994903326034546, 0.2994162440299988, 0.29904448986053467, 0.29896998405456543, 0.2985251247882843, 0.2981984317302704, 0.2979969084262848, 0.2976762652397156, 0.297387033700943, 0.2969857454299927, 0.29665595293045044, 0.29647353291511536, 0.2962416112422943, 0.29615432024002075, 0.29583513736724854, 0.29537755250930786, 0.29518622159957886, 0.2950831949710846, 0.2947565019130707, 0.2943936288356781, 0.2940252423286438, 0.29371824860572815, 0.293549507856369, 0.29321956634521484, 0.29299870133399963, 0.2926638722419739, 0.2923557758331299, 0.29213806986808777, 0.29200372099876404, 0.29172074794769287, 0.2914608418941498, 0.2911876440048218, 0.2913648188114166, 0.2908569574356079, 0.2907217741012573, 0.2903147339820862, 0.2900227904319763, 0.28982970118522644, 0.2896115183830261, 0.2893298268318176, 0.28907179832458496, 0.28881025314331055, 0.2884472906589508, 0.2882149815559387, 0.28789228200912476, 0.28762173652648926, 0.2873528301715851, 0.2869923710823059, 0.2867514491081238, 0.2864973545074463, 0.2862265408039093, 0.2862600088119507, 0.28563401103019714, 0.28556933999061584, 0.28527194261550903, 0.28504878282546997, 0.2848079800605774, 0.2848113477230072, 0.28457531332969666, 0.2843025326728821, 0.28388795256614685, 0.2835739254951477, 0.283293217420578, 0.2830978333950043, 0.2829703390598297, 0.28290605545043945, 0.2826467752456665, 0.28238335251808167, 0.2821313738822937]",33.0,"[33.0, 33.0, 33.0, 33.0, 33.0, 33.0, 33.0, 33.0, 33.0, 33.0, 33.0, 33.0, 33.0, 33.0, 33.0, 33.0, 33.0, 33.0, 33.0, 33.0, 33.0, 33.0, 33.0, 33.0, 33.0, 33.0, 33.0, 33.0, 33.0, 33.0, 33.0, 33.0, 33.0, 33.0, 33.0, 33.0, 33.0, 33.0, 33.0, 33.0, 33.0, 33.0, 33.0, 33.0, 33.0, 33.0, 33.0, 33.0, 33.0, 33.0, 33.0, 33.0, 33.0, 33.0, 33.0, 33.0, 33.0, 33.0, 33.0, 33.0, 33.0, 33.0, 33.0, 33.0, 33.0, 33.0, 33.0, 33.0, 33.0, 33.0, 33.0, 33.0, 33.0, 33.0, 33.0, 33.0, 33.0, 33.0, 33.0, 33.0, 33.0, 33.0, 33.0, 33.0, 33.0, 33.0, 33.0, 33.0, 33.0, 33.0, 33.0, 33.0, 33.0, 33.0, 33.0, 33.0, 33.0, 33.0, 33.0, 33.0, 33.0, 33.0, 33.0, 33.0, 33.0, 33.0, 33.0, 33.0, 33.0, 33.0, 33.0, 33.0, 33.0, 33.0, 33.0, 33.0, 33.0, 33.0, 33.0, 33.0, 33.0, 33.0, 33.0, 33.0, 33.0, 33.0, 33.0, 33.0, 33.0, 33.0, 33.0, 33.0, 33.0, 33.0, 33.0, 33.0, 33.0, 33.0, 33.0, 33.0, 33.0, 33.0, 33.0, 33.0, 33.0, 33.0, 33.0, 33.0, 33.0, 33.0, 33.0, 33.0, 33.0, 33.0, 33.0, 33.0, 33.0, 33.0, 33.0, 33.0, 33.0, 33.0, 33.0, 33.0, 33.0, 33.0, 33.0, 33.0, 33.0, 33.0, 33.0, 33.0, 33.0, 33.0, 33.0, 33.0, 33.0, 33.0, 33.0, 33.0, 33.0, 33.0, 33.0, 33.0, 33.0, 33.0, 33.0, 33.0, 33.0, 33.0, 33.0, 33.0, 33.0, 33.0, 33.0, 33.0, 33.0, 33.0, 33.0, 33.0, 33.0, 33.0, 33.0, 33.0, 