,number,value,datetime_start,datetime_complete,duration,params_batch_size_scaler,params_constant_learning_rate,params_depth,params_epochs,params_kernel_l2,params_num_trees,params_temperature,user_attrs_accuracy_test,user_attrs_accuracy_valid,user_attrs_approximate_feature_sparsity,user_attrs_approximate_feature_sparsity_history,user_attrs_approximate_weight_sparsity,user_attrs_approximate_weight_sparsity_history,user_attrs_auc_test,user_attrs_auc_valid,user_attrs_feature_sparsity,user_attrs_feature_sparsity_history,user_attrs_num_epochs,user_attrs_val_loss_history,user_attrs_weight_sparsity,user_attrs_weight_sparsity_history,state
51,51,0.5,2024-08-31 02:52:30.189619,2024-08-31 02:57:25.601898,0 days 00:04:55.412279,16,1.3792753313575707,5,470,0.004213116796140202,20,0.030762516798630207,0.859,0.85875,0,"[0, 0, 0, 0, 0, 0, 0, 0, 0, 0, 0, 0, 0, 0, 0, 0, 0, 0, 0, 0, 0, 0, 0, 0, 0, 0, 0, 0, 0, 0, 0, 0, 0, 0, 0, 0, 0, 0, 0, 0, 0, 0, 0, 0, 0, 0, 0, 0, 0, 0, 0, 0, 0, 0, 0, 0, 0, 0, 0, 0, 0, 0, 0, 0, 0, 0, 0, 0, 0, 0, 0, 0, 0, 0, 0, 0, 0, 0, 0, 0, 0, 0, 0, 0, 0, 0, 0, 0, 0, 0, 0, 0, 0, 0, 0, 0, 0, 0, 0, 0, 0, 0, 0, 0, 0, 0, 0, 0, 0, 0, 0, 0, 0, 0, 0, 0, 0, 0, 0, 0, 0, 0, 0, 0, 0, 0, 0, 0, 0, 0, 0, 0, 0, 0, 0, 0, 0, 0, 0, 0, 0, 0, 0, 0, 0, 0, 0, 0, 0, 0, 0, 0, 0, 0, 0, 0, 0, 0, 0, 0, 0, 0, 0, 0, 0, 0, 0, 0, 0, 0, 0, 0, 0, 0, 0, 0, 0, 0, 0, 0, 0, 0, 0, 0, 0, 0, 0, 0, 0, 0, 0, 0, 0, 0, 0, 0, 0, 0, 0, 0, 0, 0, 0, 0, 0, 0, 0, 0, 0, 0, 0, 0, 0, 0, 0, 0, 0, 0, 0, 0, 0, 0, 0, 0, 0, 0, 0, 0, 0, 0, 0, 0, 0, 0, 0, 0, 0, 0, 0, 0, 0, 0, 0, 0, 0, 0, 0, 0, 0, 0, 0, 0, 0, 0, 0, 0, 0, 0, 0, 0, 0, 0, 0, 0, 0, 0, 0, 0, 0, 0, 0, 0, 0, 0, 0, 0, 0, 0, 0, 0, 0, 0, 0, 0, 0, 0, 0, 0, 0, 0, 0, 0, 0, 0, 0, 0, 0, 0, 0, 0, 0, 0, 0, 0, 0, 0, 0, 0, 0, 0, 0, 0, 0, 0, 0, 0, 0, 0, 0, 0, 0, 0, 0, 0, 0, 0, 0, 0, 0, 0, 0, 0, 0, 0, 0, 0, 0, 0, 0, 0, 0, 0, 0, 0, 0, 0, 0, 0, 0, 0, 0, 0, 0, 0, 0, 0, 0, 0, 0, 0, 0, 0, 0, 0, 0, 0, 0, 0, 0, 0, 0, 0, 0, 0, 0, 0, 0, 0, 0, 0, 0, 0, 0, 0, 0, 0, 0, 0, 0, 0, 0, 0, 0, 0, 0, 0, 0, 0, 0, 0, 0, 0, 0, 0, 0, 0, 0, 0, 0, 0, 0, 0, 0, 0, 0, 0, 0, 0, 0, 0, 0, 0, 0, 0, 0, 0, 0, 0, 0, 0, 0, 0, 0, 0, 0, 0, 0, 0, 0, 0, 0, 0, 0, 0, 0, 0, 0, 0, 0, 0, 0, 0, 0, 0, 0, 0, 0, 0, 0, 0, 0, 0, 0, 0, 0, 0, 0, 0, 0, 0]",0.0,"[0.0, 0.0, 0.0, 0.0, 0.0, 0.0, 0.0, 0.0, 0.0, 0.0, 0.0, 0.0, 0.0, 0.0, 0.0, 0.0, 0.0, 0.0, 0.0, 0.0, 0.0, 0.0, 0.0, 0.0, 0.0, 0.0, 0.0, 0.0, 0.0, 0.0, 0.0, 0.0, 0.0, 0.0, 0.0, 0.0, 0.0, 0.0, 0.0, 0.0, 0.0, 0.0, 0.0, 0.0, 0.0, 0.0, 0.0, 0.0, 0.0, 0.0, 0.0, 0.0, 0.0, 0.0, 0.0, 0.0, 0.0, 0.0, 0.0, 0.0, 0.0, 0.0, 0.0, 0.0, 0.0, 0.0, 0.0, 0.0, 0.0, 0.0, 0.0, 0.0, 0.0, 0.0, 0.0, 0.0, 0.0, 0.0, 0.0, 0.0, 0.0, 0.0, 0.0, 0.0, 0.0, 0.0, 0.0, 0.0, 0.0, 0.0, 0.0, 0.0, 0.0, 0.0, 0.0, 0.0, 0.0, 0.0, 0.0, 0.0, 0.0, 0.0, 0.0, 0.0, 0.0, 0.0, 0.0, 0.0, 0.0, 0.0, 0.0, 0.0, 0.0, 0.0, 0.0, 0.0, 0.0, 0.0, 0.0, 0.0, 0.0, 0.0, 0.0, 0.0, 0.0, 0.0, 0.0, 0.0, 0.0, 0.0, 0.0, 0.0, 0.0, 0.0, 0.0, 0.0, 0.0, 0.0, 0.0, 0.0, 0.0, 0.0, 0.0, 0.0, 0.0, 0.0, 0.0, 0.0, 0.0, 0.0, 0.0, 0.0, 0.0, 0.0, 0.0, 0.0, 0.0, 0.0, 0.0, 0.0, 0.0, 0.0, 0.0, 0.0, 0.0, 0.0, 0.0, 0.0, 0.0, 0.0, 0.0, 0.0, 0.0, 0.0, 0.0, 0.0, 0.0, 0.0, 0.0, 0.0, 0.0, 0.0, 0.0, 0.0, 0.0, 0.0, 0.0, 0.0, 0.0, 0.0, 0.0, 0.0, 0.0, 0.0, 0.0, 0.0, 0.0, 0.0, 0.0, 0.0, 0.0, 0.0, 0.0, 0.0, 0.0, 0.0, 0.0, 0.0, 0.0, 0.0, 0.0, 0.0, 0.0, 0.0, 0.0, 0.0, 0.0, 0.0, 0.0, 0.0, 0.0, 0.0, 0.0, 0.0, 0.0, 0.0, 0.0, 0.0, 0.0, 0.0, 0.0, 0.0, 0.0, 0.0, 0.0, 0.0, 0.0, 0.0, 0.0, 0.0, 0.0, 0.0, 0.0, 0.0, 0.0, 0.0, 0.0, 0.0, 0.0, 0.0, 0.0, 0.0, 0.0, 0.0, 0.0, 0.0, 0.0, 0.0, 0.0, 0.0, 0.0, 0.0, 0.0, 0.0, 0.0, 0.0, 0.0, 0.0, 0.0, 0.0, 0.0, 0.0, 0.0, 0.0, 0.0, 0.0, 0.0, 0.0, 0.0, 0.0, 0.0, 0.0, 0.0, 0.0, 0.0, 0.0, 0.0, 0.0, 0.0, 0.0, 0.0, 0.0, 0.0, 0.0, 0.0, 0.0, 0.0, 0.0, 0.0, 0.0, 0.0, 0.0, 0.0, 0.0, 0.0, 0.0, 0.0, 0.0, 0.0, 0.0, 0.0, 0.0, 0.0, 0.0, 0.0, 0.0, 0.0, 0.0, 0.0, 0.0, 0.0, 0.0, 0.0, 0.0, 0.0, 0.0, 0.0, 0.0, 0.0, 0.0, 0.0, 0.0, 0.0, 0.0, 0.0, 0.0, 0.0, 0.0, 0.0, 0.0, 0.0, 0.0, 0.0, 0.0, 0.0, 0.0, 0.0, 0.0, 0.0, 0.0, 0.0, 0.0, 0.0, 0.0, 0.0, 0.0, 0.0, 0.0, 0.0, 0.0, 0.0, 0.0, 0.0, 0.0, 0.0, 0.0, 0.0, 0.0, 0.0, 0.0, 0.0, 0.0, 0.0, 0.0, 0.0, 0.0, 0.0, 0.0, 0.0, 0.0, 0.0, 0.0, 0.0, 0.0, 0.0, 0.0, 0.0, 0.0, 0.0, 0.0, 0.0, 0.0, 0.0, 0.0, 0.0, 0.0, 0.0, 0.0, 0.0, 0.0, 0.0, 0.0, 0.0, 0.0, 0.0, 0.0, 0.0, 0.0, 0.0, 0.0, 0.0, 0.0, 0.0, 0.0, 0.0, 0.0, 0.0, 0.0, 0.0, 0.0, 0.0, 0.0, 0.0, 0.0, 0.0, 0.0, 0.0, 0.0, 0.0, 0.0, 0.0, 0.0, 0.0, 0.0, 0.0, 0.0, 0.0, 0.0, 0.0, 0.0, 0.0, 0.0, 0.0, 0.0, 0.0, 0.0, 0.0, 0.0, 0.0, 0.0, 0.0, 0.0, 0.0, 0.0, 0.0, 0.0, 0.0, 0.0, 0.0, 0.0, 0.0, 0.0, 0.0, 0.0, 0.0, 0.0, 0.0, 0.0, 0.0, 0.0]",0.5,0.5,0,"[0, 0, 0, 0, 0, 0, 0, 0, 0, 0, 0, 0, 0, 0, 0, 0, 0, 0, 0, 0, 0, 0, 0, 0, 0, 0, 0, 0, 0, 0, 0, 0, 0, 0, 0, 0, 0, 0, 0, 0, 0, 0, 0, 0, 0, 0, 0, 0, 0, 0, 0, 0, 0, 0, 0, 0, 0, 0, 0, 0, 0, 0, 0, 0, 0, 0, 0, 0, 0, 0, 0, 0, 0, 0, 0, 0, 0, 0, 0, 0, 0, 0, 0, 0, 0, 0, 0, 0, 0, 0, 0, 0, 0, 0, 0, 0, 0, 0, 0, 0, 0, 0, 0, 0, 0, 0, 0, 0, 0, 0, 0, 0, 0, 0, 0, 0, 0, 0, 0, 0, 0, 0, 0, 0, 0, 0, 0, 0, 0, 0, 0, 0, 0, 0, 0, 0, 0, 0, 0, 0, 0, 0, 0, 0, 0, 0, 0, 0, 0, 0, 0, 0, 0, 0, 0, 0, 0, 0, 0, 0, 0, 0, 0, 0, 0, 0, 0, 0, 0, 0, 0, 0, 0, 0, 0, 0, 0, 0, 0, 0, 0, 0, 0, 0, 0, 0, 0, 0, 0, 0, 0, 0, 0, 0, 0, 0, 0, 0, 0, 0, 0, 0, 0, 0, 0, 0, 0, 0, 0, 0, 0, 0, 0, 0, 0, 0, 0, 0, 0, 0, 0, 0, 0, 0, 0, 0, 0, 0, 0, 0, 0, 0, 0, 0, 0, 0, 0, 0, 0, 0, 0, 0, 0, 0, 0, 0, 0, 0, 0, 0, 0, 0, 0, 0, 0, 0, 0, 0, 0, 0, 0, 0, 0, 0, 0, 0, 0, 0, 0, 0, 0, 0, 0, 0, 0, 0, 0, 0, 0, 0, 0, 0, 0, 0, 0, 0, 0, 0, 0, 0, 0, 0, 0, 0, 0, 0, 0, 0, 0, 0, 0, 0, 0, 0, 0, 0, 0, 0, 0, 0, 0, 0, 0, 0, 0, 0, 0, 0, 0, 0, 0, 0, 0, 0, 0, 0, 0, 0, 0, 0, 0, 0, 0, 0, 0, 0, 0, 0, 0, 0, 0, 0, 0, 0, 0, 0, 0, 0, 0, 0, 0, 0, 0, 0, 0, 0, 0, 0, 0, 0, 0, 0, 0, 0, 0, 0, 0, 0, 0, 0, 0, 0, 0, 0, 0, 0, 0, 0, 0, 0, 0, 0, 0, 0, 0, 0, 0, 0, 0, 0, 0, 0, 0, 0, 0, 0, 0, 0, 0, 0, 0, 0, 0, 0, 0, 0, 0, 0, 0, 0, 0, 0, 0, 0, 0, 0, 0, 0, 0, 0, 0, 0, 0, 0, 0, 0, 0, 0, 0, 0, 0, 0, 0, 0, 0, 0, 0, 0, 0, 0, 0, 0, 0, 0, 0, 0, 0, 0, 0, 0, 0, 0, 0, 0, 0, 0, 0, 0, 0, 0, 0, 0, 0, 0, 0, 0, 0, 0, 0, 0]",470,"[0.40883868932724, 0.4075261652469635, 0.40725043416023254, 0.40739309787750244, 0.4072309732437134, 0.40731051564216614, 0.4074448347091675, 0.40771153569221497, 0.40754786133766174, 0.4081411063671112, 0.40722915530204773, 0.40854519605636597, 0.4072890877723694, 0.407546728849411, 0.407230019569397, 0.40724071860313416, 0.40733975172042847, 0.40756553411483765, 0.40722763538360596, 0.4072783589363098, 0.40729713439941406, 0.4075453579425812, 0.4083207845687866, 0.40765050053596497, 0.4072314500808716, 0.4072514474391937, 0.40800705552101135, 0.40798231959342957, 0.40727555751800537, 0.4072403013706207, 0.4075506925582886, 0.4072335362434387, 0.4091525673866272, 0.40764832496643066, 0.40735235810279846, 0.4072904884815216, 0.40761712193489075, 0.40731480717658997, 0.4079247713088989, 0.40823325514793396, 0.4072544574737549, 0.40874186158180237, 0.4073290228843689, 0.4077766537666321, 0.4073120057582855, 0.40750277042388916, 0.4078172445297241, 0.40722981095314026, 0.40723279118537903, 0.4073566198348999, 0.4072788953781128, 0.4072984755039215, 0.40753912925720215, 0.4073047637939453, 0.4072261452674866, 0.40723076462745667, 0.4072669744491577, 0.40737807750701904, 0.4079660475254059, 0.40821683406829834, 0.4074956774711609, 0.4074508249759674, 0.4072456657886505, 0.40734586119651794, 0.40745726227760315, 0.4072507917881012, 0.407227486371994, 0.4077371656894684, 0.40724414587020874, 0.4077177941799164, 0.4073096811771393, 0.40737372636795044, 0.4072757661342621, 0.4072474539279938, 0.40722617506980896, 0.4072541296482086, 0.40737128257751465, 0.40723103284835815, 0.407267689704895, 0.40731024742126465, 0.4073127508163452, 0.4072360694408417, 0.4072818458080292, 0.4073014557361603, 0.40722978115081787, 0.4090755879878998, 0.40725913643836975, 0.40723809599876404, 0.40794429183006287, 0.40722769498825073, 0.40723010897636414, 0.4073329567909241, 0.40753939747810364, 0.4073224663734436, 0.4075276851654053, 0.4079269766807556, 0.4072447717189789, 0.4072261452674866, 0.40725481510162354, 0.4075336456298828, 0.40751779079437256, 0.40767112374305725, 0.407457172870636, 0.4073144793510437, 0.407227098941803, 0.40770938992500305, 0.407291054725647, 0.4074145257472992, 0.40815404057502747, 0.40729930996894836, 0.40765392780303955, 0.4073946475982666, 0.4075182378292084, 0.4078218936920166, 0.4073692560195923, 0.40725478529930115, 0.4074256420135498, 0.4077584445476532, 0.4072380065917969, 0.4077128469944, 0.40723487734794617, 0.40753212571144104, 0.40773236751556396, 0.4073193073272705, 0.4072261154651642, 0.40729090571403503, 0.4072369337081909, 0.40748631954193115, 0.407258540391922, 0.407654345035553, 0.4073437750339508, 0.4078541100025177, 0.40722766518592834, 0.40802037715911865, 0.4072261154651642, 0.4072260558605194, 0.4072263836860657, 0.40727943181991577, 0.407385915517807, 0.40727174282073975, 0.4075832664966583, 0.4073185324668884, 0.408075749874115, 0.40766966342926025, 0.40738141536712646, 0.40730202198028564, 0.40739190578460693, 0.40724971890449524, 0.4076283276081085, 0.4072376489639282, 0.4072466790676117, 0.4076610803604126, 0.4074110686779022, 0.407242089509964, 0.4072893261909485, 0.4072801470756531, 0.40796664357185364, 0.4072456657886505, 0.4073426127433777, 0.40818846225738525, 0.40762725472450256, 0.40752047300338745, 0.40724632143974304, 0.4072916805744171, 0.407490611076355, 0.40723273158073425, 0.4076734185218811, 0.40722644329071045, 0.4075527489185333, 0.4073486328125, 0.40728405117988586, 0.4074542224407196, 0.4072684049606323, 0.40724098682403564, 0.40726935863494873, 0.4072798788547516, 0.40724000334739685, 0.40776947140693665, 0.40756502747535706, 0.40924322605133057, 0.40738070011138916, 0.4075426161289215, 0.40775948762893677, 0.407363623380661, 0.4072282910346985, 0.4075464606285095, 0.40738722681999207, 0.4073077440261841, 0.4073895514011383, 0.407631516456604, 0.4073066711425781, 0.4078447222709656, 0.4077388048171997, 0.4075613021850586, 0.40749552845954895, 0.40723922848701477, 0.4072265923023224, 0.40730494260787964, 0.4072338938713074, 0.4072280824184418, 0.4075033962726593, 0.40749138593673706, 0.4072803556919098, 0.4072321951389313, 0.40729469060897827, 0.40723320841789246, 0.40730586647987366, 0.40725430846214294, 0.40734145045280457, 0.40761908888816833, 0.4074768126010895, 0.40732133388519287, 0.4072360098361969, 0.40726202726364136, 0.4074791371822357, 0.40777891874313354, 0.40844765305519104, 0.4073129892349243, 0.4073690176010132, 0.40722960233688354, 0.4072321951389313, 0.4072261452674866, 0.40722793340682983, 0.40898123383522034, 0.40739715099334717, 0.40741223096847534, 0.4072679877281189, 0.4072262942790985, 0.4072726368904114, 0.40741854906082153, 0.4073037803173065, 0.4072504937648773, 0.4082503616809845, 0.4073042571544647, 0.4072287380695343, 0.4073898196220398, 0.40762877464294434, 0.40731802582740784, 0.4072999954223633, 0.4072262644767761, 0.4073163568973541, 0.4072265625, 0.4076034426689148, 0.407272070646286, 0.40774768590927124, 0.40735024213790894, 0.40734779834747314, 0.4073101282119751, 0.40726155042648315, 0.4073581397533417, 0.4072282016277313, 0.40731483697891235, 0.4074694514274597, 0.4073916971683502, 0.4076369106769562, 0.4074655771255493, 0.4072911739349365, 0.4079956114292145, 0.4073374271392822, 0.4072399437427521, 0.40749087929725647, 0.4074641466140747, 0.4072263836860657, 0.40722620487213135, 0.40739819407463074, 0.4073798358440399, 0.4072505235671997, 0.4072294533252716, 0.40752679109573364, 0.4073520004749298, 0.4072355329990387, 0.4074825048446655, 0.4076786935329437, 0.40765830874443054, 0.4072737991809845, 0.40777796506881714, 0.40726715326309204, 0.4074918031692505, 0.4074230194091797, 0.40723055601119995, 0.4072808027267456, 0.4072261452674866, 0.4072295129299164, 0.40724021196365356, 0.4072639048099518, 0.4073595404624939, 0.40724918246269226, 0.4073704183101654, 0.4072776436805725, 0.4077055752277374, 0.4077831208705902, 0.4073365032672882, 0.40762484073638916, 0.4075547754764557, 0.40732619166374207, 0.40779346227645874, 0.407270610332489, 0.40731391310691833, 0.4072349965572357, 0.4077722430229187, 0.4075099229812622, 0.40734022855758667, 0.4074063003063202, 0.40722644329071045, 0.40729209780693054, 0.4072261452674866, 0.4072345793247223, 0.4072367548942566, 0.4074287414550781, 0.4074189364910126, 0.4072309732437134, 0.40814200043678284, 0.4072379767894745, 0.40756142139434814, 0.40729573369026184, 0.40732330083847046, 0.40754711627960205, 0.4074184000492096, 0.4077121615409851, 0.40742436051368713, 0.40812790393829346, 0.40745818614959717, 0.4073760509490967, 0.4072445034980774, 0.40729954838752747, 0.40737271308898926, 0.40775883197784424, 0.40756645798683167, 0.40745440125465393, 0.4072331190109253, 0.4078695774078369, 0.407456636428833, 0.4072691798210144, 0.40726345777511597, 0.40729036927223206, 0.4072607159614563, 0.40722954273223877, 0.40737447142601013, 0.40761905908584595, 0.40745288133621216, 0.4072481095790863, 0.4074038565158844, 0.40732264518737793, 0.4072321951389313, 0.40726038813591003, 0.4072524309158325, 0.40746715664863586, 0.40724071860313416, 0.4074264466762543, 0.4074702858924866, 0.4081087112426758, 0.4074385166168213, 0.40808677673339844, 0.40736061334609985, 0.40745410323143005, 0.4078578054904938, 0.40809062123298645, 0.4080805480480194, 0.4072282016277313, 0.407347172498703, 0.40780216455459595, 0.407236248254776, 0.40727537870407104, 0.40724819898605347, 0.40735283493995667, 0.40723472833633423, 0.40723612904548645, 0.4072268009185791, 0.4073507785797119, 0.4072268307209015, 0.4074212908744812, 0.40726375579833984, 0.40725085139274597, 0.4076397716999054, 0.4074178636074066, 0.40730589628219604, 0.40745383501052856, 0.40724170207977295, 0.40782424807548523, 0.4072458744049072, 0.40777134895324707, 0.40749210119247437, 0.40765050053596497, 0.40743377804756165, 0.4072626829147339, 0.4073471128940582, 0.407235711812973, 0.40733402967453003, 0.4072708785533905, 0.40726444125175476, 0.40723496675491333, 0.40723592042922974, 0.40741127729415894, 0.4077308773994446, 0.4072791337966919, 0.4073413610458374, 0.40722790360450745, 0.4074145555496216, 0.40819182991981506, 0.40736010670661926, 0.40722766518592834, 0.4072484076023102, 0.4075634479522705, 0.4074440002441406, 0.4072306752204895, 0.4072561264038086, 0.40775349736213684, 0.40727633237838745, 0.407309353351593, 0.4072529077529907, 0.407769113779068, 0.40737712383270264, 0.4076147973537445, 0.4072282314300537, 0.40722838044166565, 0.4072275161743164, 0.4076034426689148, 0.4072265625, 0.4076109230518341, 0.4072830080986023, 0.4072687029838562, 0.4073850214481354, 0.4077156186103821, 0.4073683023452759, 0.40724170207977295, 0.4075447916984558, 0.407256543636322, 0.4088245630264282, 0.407279372215271, 0.40732207894325256, 0.40753960609436035, 0.407236248254776, 0.4072660803794861, 0.4072677493095398, 0.4074130356311798, 0.40729373693466187, 0.4072611331939697, 0.40723851323127747, 0.40789005160331726, 0.40724676847457886, 0.4073736071586609, 0.4075298607349396, 0.40746939182281494, 0.4072723686695099, 0.4073154032230377, 0.4072975516319275, 0.4079027473926544, 0.4077487587928772, 0.40725231170654297, 0.4075080156326294, 0.4072379767894745, 0.407286673784256, 0.407227098941803, 0.40726417303085327, 0.40725621581077576, 0.40723907947540283, 0.4076123833656311, 0.4073013961315155, 0.40731894969940186, 0.4072610139846802, 0.4084107279777527, 0.4078501760959625, 0.40726932883262634, 0.4072832763195038, 0.4074208438396454, 0.4072357416152954, 0.40723946690559387, 0.40725207328796387, 0.40725648403167725, 0.40727493166923523]",0.0,"[0.0, 0.0, 0.0, 0.0, 0.0, 0.0, 0.0, 0.0, 0.0, 0.0, 0.0, 0.0, 0.0, 0.0, 0.0, 0.0, 0.0, 0.0, 0.0, 0.0, 0.0, 0.0, 0.0, 0.0, 0.0, 0.0, 0.0, 0.0, 0.0, 0.0, 0.0, 0.0, 0.0, 0.0, 0.0, 0.0, 0.0, 0.0, 0.0, 0.0, 0.0, 0.0, 0.0, 0.0, 0.0, 0.0, 0.0, 0.0, 0.0, 0.0, 0.0, 0.0, 0.0, 0.0, 0.0, 0.0, 0.0, 0.0, 0.0, 0.0, 0.0, 0.0, 0.0, 0.0, 0.0, 0.0, 0.0, 0.0, 0.0, 0.0, 0.0, 0.0, 0.0, 0.0, 0.0, 0.0, 0.0, 0.0, 0.0, 0.0, 0.0, 0.0, 0.0, 0.0, 0.0, 0.0, 0.0, 0.0, 0.0, 0.0, 0.0, 0.0, 0.0, 0.0, 0.0, 0.0, 0.0, 0.0, 0.0, 0.0, 0.0, 0.0, 0.0, 0.0, 0.0, 0.0, 0.0, 0.0, 0.0, 0.0, 0.0, 0.0, 0.0, 0.0, 0.0, 0.0, 0.0, 0.0, 0.0, 0.0, 0.0, 0.0, 0.0, 0.0, 0.0, 0.0, 0.0, 0.0, 0.0, 0.0, 0.0, 0.0, 0.0, 0.0, 0.0, 0.0, 0.0, 0.0, 0.0, 0.0, 0.0, 0.0, 0.0, 0.0, 0.0, 0.0, 0.0, 0.0, 0.0, 0.0, 0.0, 0.0, 0.0, 0.0, 0.0, 0.0, 0.0, 0.0, 0.0, 0.0, 0.0, 0.0, 0.0, 0.0, 0.0, 0.0, 0.0, 0.0, 0.0, 0.0, 0.0, 0.0, 0.0, 0.0, 0.0, 0.0, 0.0, 0.0, 0.0, 0.0, 0.0, 0.0, 0.0, 0.0, 0.0, 0.0, 0.0, 0.0, 0.0, 0.0, 0.0, 0.0, 0.0, 0.0, 0.0, 0.0, 0.0, 0.0, 0.0, 0.0, 0.0, 0.0, 0.0, 0.0, 0.0, 0.0, 0.0, 0.0, 0.0, 0.0, 0.0, 0.0, 0.0, 0.0, 0.0, 0.0, 0.0, 0.0, 0.0, 0.0, 0.0, 0.0, 0.0, 0.0, 0.0, 0.0, 0.0, 0.0, 0.0, 0.0, 0.0, 0.0, 0.0, 0.0, 0.0, 0.0, 0.0, 0.0, 0.0, 0.0, 0.0, 0.0, 0.0, 0.0, 0.0, 0.0, 0.0, 0.0, 0.0, 0.0, 0.0, 0.0, 0.0, 0.0, 0.0, 0.0, 0.0, 0.0, 0.0, 0.0, 0.0, 0.0, 0.0, 0.0, 0.0, 0.0, 0.0, 0.0, 0.0, 0.0, 0.0, 0.0, 0.0, 0.0, 0.0, 0.0, 0.0, 0.0, 0.0, 0.0, 0.0, 0.0, 0.0, 0.0, 0.0, 0.0, 0.0, 0.0, 0.0, 0.0, 0.0, 0.0, 0.0, 0.0, 0.0, 0.0, 0.0, 0.0, 0.0, 0.0, 0.0, 0.0, 0.0, 0.0, 0.0, 0.0, 0.0, 0.0, 0.0, 0.0, 0.0, 0.0, 0.0, 0.0, 0.0, 0.0, 0.0, 0.0, 0.0, 0.0, 0.0, 0.0, 0.0, 0.0, 0.0, 0.0, 0.0, 0.0, 0.0, 0.0, 0.0, 0.0, 0.0, 0.0, 0.0, 0.0, 0.0, 0.0, 0.0, 0.0, 0.0, 0.0, 0.0, 0.0, 0.0, 0.0, 0.0, 0.0, 0.0, 0.0, 0.0, 0.0, 0.0, 0.0, 0.0, 0.0, 0.0, 0.0, 0.0, 0.0, 0.0, 0.0, 0.0, 0.0, 0.0, 0.0, 0.0, 0.0, 0.0, 0.0, 0.0, 0.0, 0.0, 0.0, 0.0, 0.0, 0.0, 0.0, 0.0, 0.0, 0.0, 0.0, 0.0, 0.0, 0.0, 0.0, 0.0, 0.0, 0.0, 0.0, 0.0, 0.0, 0.0, 0.0, 0.0, 0.0, 0.0, 0.0, 0.0, 0.0, 0.0, 0.0, 0.0, 0.0, 0.0, 0.0, 0.0, 0.0, 0.0, 0.0, 0.0, 0.0, 0.0, 0.0, 0.0, 0.0, 0.0, 0.0, 0.0, 0.0, 0.0, 0.0, 0.0, 0.0, 0.0, 0.0, 0.0, 0.0, 0.0, 0.0, 0.0, 0.0, 0.0, 0.0, 0.0, 0.0, 0.0, 0.0, 0.0, 0.0, 0.0, 0.0, 0.0, 0.0, 0.0, 0.0, 0.0, 0.0, 0.0, 0.0, 0.0, 0.0, 0.0, 0.0, 0.0, 0.0, 0.0, 0.0, 0.0, 0.0, 0.0, 0.0, 0.0, 0.0, 0.0, 0.0, 0.0, 0.0, 0.0, 0.0]",COMPLETE
