,number,value,datetime_start,datetime_complete,duration,params_batch_size_scaler,params_constant_learning_rate,params_depth,params_epochs,params_kernel_l2,params_num_trees,params_temperature,user_attrs_accuracy_test,user_attrs_accuracy_valid,user_attrs_approximate_feature_sparsity,user_attrs_approximate_feature_sparsity_history,user_attrs_approximate_weight_sparsity,user_attrs_approximate_weight_sparsity_history,user_attrs_auc_test,user_attrs_auc_valid,user_attrs_feature_sparsity,user_attrs_feature_sparsity_history,user_attrs_num_epochs,user_attrs_val_loss_history,user_attrs_weight_sparsity,user_attrs_weight_sparsity_history,state
23,23,0.8989707719854182,2024-08-31 01:44:48.823381,2024-08-31 01:47:49.236420,0 days 00:03:00.413039,4,0.5607024422660255,4,485,0.013782727452618122,78,0.00309764075955936,0.901,0.91,7,"[33, 33, 33, 33, 33, 16, 13, 11, 7, 7, 7, 7, 7, 7, 7, 7, 7, 7, 7, 7, 7, 7, 7, 7, 7, 7, 7, 7, 7, 7, 7, 7, 7, 7, 7, 7, 7, 7, 7, 7, 7, 7, 7, 7, 7, 7, 7, 7, 7, 7, 7, 7, 7, 7, 7, 7, 7, 7, 7, 7, 7, 7, 7, 7, 7, 7, 7, 7, 7, 7, 7, 7, 7, 7, 7, 7, 7, 7, 7, 7, 7, 7, 7, 7, 7, 7, 7, 7, 7, 7, 7, 7, 7, 7, 7, 7, 7, 7, 7, 7, 7, 7, 7, 7, 7, 7, 7, 7, 7, 7, 7, 7, 7, 7, 7, 7, 7, 7, 7, 7, 7, 7, 7, 7, 7, 7, 7, 7, 7, 7, 7, 7, 7, 7, 7, 7, 7, 7, 7, 7, 7, 7, 7, 7, 7, 7, 7, 7, 7, 7, 7, 7, 7, 7, 7, 7, 7, 7, 7, 7, 7, 7, 7, 7, 7, 7, 7, 7, 7, 7, 7, 7, 7, 7, 7, 7, 7, 7, 7, 7, 7, 7, 7, 7, 7, 7, 7, 7, 7, 7, 7, 7, 7, 7, 7, 7, 7, 7, 7, 7, 7, 7, 7, 7, 7, 7, 7, 7, 7, 7, 7, 7, 7, 7, 7, 7, 7, 7, 7, 7, 7, 7, 7, 7, 7, 7, 7, 7, 7, 7, 7, 7, 7, 7, 7, 7, 7, 7, 7, 7, 7, 7, 7, 7, 7, 7, 7, 7, 7, 7, 7, 7, 7, 7, 7, 7, 7, 7, 7, 7, 7, 7, 7, 7, 7, 7, 7, 7, 7, 7, 7, 7, 7, 7, 7, 7, 7, 7, 7, 7, 7, 7, 7, 7, 7, 7, 7, 7, 7, 7, 7, 7, 7, 7, 7, 7, 7, 7, 7, 7, 7, 7, 7, 7, 7, 7, 7, 7, 7, 7, 7, 7, 7, 7, 7, 7, 7, 7, 7, 7, 7, 7, 7, 7, 7, 7, 7, 7, 7, 7, 7, 7, 7, 7, 7, 7, 7, 7, 7, 7, 7, 7, 7, 7, 7, 7, 7, 7, 7, 7, 7, 7, 7, 7, 7, 7, 7, 7, 7, 7, 7, 7, 7, 7, 7, 7, 7, 7, 7, 7, 7, 7, 7, 7, 7, 7, 7, 7, 7, 7, 7, 7, 7, 7, 7, 7, 7, 7, 7, 7, 7, 7, 7, 7, 7, 7, 7, 7, 7, 7, 7, 7, 7, 7, 7, 7, 7, 7, 7, 7, 7, 7, 7, 7, 7, 7, 7, 7, 7, 7, 7, 7, 7, 7, 7, 7, 7, 7, 7, 7, 7, 7, 7, 7, 7, 7, 7, 7, 7, 7, 7, 7, 7, 7, 7, 7, 7, 7, 7, 7, 7, 7, 7, 7, 7, 7, 7, 7, 7, 7, 7, 7, 7, 7, 7, 7, 7, 7, 7, 7, 7, 7, 7, 7, 7, 7, 7, 7, 7, 7, 7, 7, 7, 7, 7]",6.990598290598291,"[32.96837606837607, 32.95897435897436, 32.95641025641025, 32.95811965811966, 32.95384615384616, 15.978632478632479, 12.982905982905983, 10.984615384615385, 6.990598290598291, 6.990598290598291, 6.9974358974358974, 6.993162393162393, 6.993162393162393, 6.9914529914529915, 6.9914529914529915, 6.990598290598291, 6.988034188034188, 6.988034188034188, 6.990598290598291, 6.9914529914529915, 6.992307692307692, 6.98974358974359, 6.987179487179487, 6.988888888888889, 6.988888888888889, 6.994017094017094, 6.9914529914529915, 6.988034188034188, 6.9914529914529915, 6.98974358974359, 6.988888888888889, 6.987179487179487, 6.990598290598291, 6.993162393162393, 6.984615384615385, 6.993162393162393, 6.993162393162393, 6.990598290598291, 6.98974358974359, 6.990598290598291, 6.990598290598291, 6.9914529914529915, 6.994017094017094, 6.990598290598291, 6.994017094017094, 6.98974358974359, 6.992307692307692, 6.994871794871795, 6.994017094017094, 6.993162393162393, 6.995726495726496, 6.993162393162393, 6.9914529914529915, 6.995726495726496, 6.9914529914529915, 6.988888888888889, 6.98974358974359, 6.987179487179487, 6.993162393162393, 6.992307692307692, 6.992307692307692, 6.9914529914529915, 6.98974358974359, 6.990598290598291, 6.994017094017094, 6.994017094017094, 6.994871794871795, 6.994017094017094, 6.994871794871795, 6.996581196581197, 6.992307692307692, 6.9974358974358974, 6.995726495726496, 6.994871794871795, 6.996581196581197, 6.996581196581197, 6.995726495726496, 6.994017094017094, 6.990598290598291, 6.992307692307692, 6.993162393162393, 6.992307692307692, 6.993162393162393, 6.994871794871795, 6.990598290598291, 6.993162393162393, 6.9854700854700855, 6.988888888888889, 6.987179487179487, 6.992307692307692, 6.993162393162393, 6.98974358974359, 6.9914529914529915, 6.98974358974359, 6.986324786324786, 6.993162393162393, 6.994017094017094, 6.994017094017094, 6.98974358974359, 6.990598290598291, 6.992307692307692, 6.988888888888889, 6.993162393162393, 6.994017094017094, 6.993162393162393, 6.987179487179487, 6.994871794871795, 6.992307692307692, 6.994871794871795, 6.995726495726496, 6.994017094017094, 6.994871794871795, 6.993162393162393, 6.993162393162393, 6.994871794871795, 6.994871794871795, 6.994017094017094, 6.994871794871795, 6.994871794871795, 6.988888888888889, 6.996581196581197, 6.993162393162393, 6.994871794871795, 6.9914529914529915, 6.994017094017094, 6.994017094017094, 6.994017094017094, 6.993162393162393, 6.992307692307692, 6.992307692307692, 6.994017094017094, 6.994871794871795, 6.9914529914529915, 6.993162393162393, 6.994871794871795, 6.9914529914529915, 6.98974358974359, 6.988034188034188, 6.98974358974359, 6.9914529914529915, 6.9914529914529915, 6.992307692307692, 6.993162393162393, 6.994871794871795, 6.994871794871795, 6.98974358974359, 6.993162393162393, 6.993162393162393, 6.98974358974359, 6.988888888888889, 6.9914529914529915, 6.990598290598291, 6.9914529914529915, 6.990598290598291, 6.986324786324786, 6.9854700854700855, 6.987179487179487, 6.992307692307692, 6.988888888888889, 6.988888888888889, 6.987179487179487, 6.988034188034188, 6.988034188034188, 6.990598290598291, 6.9914529914529915, 6.988888888888889, 6.990598290598291, 6.9914529914529915, 6.98974358974359, 6.994017094017094, 6.98974358974359, 6.990598290598291, 6.9914529914529915, 6.992307692307692, 6.994017094017094, 6.98974358974359, 6.9914529914529915, 6.990598290598291, 6.9914529914529915, 6.9914529914529915, 6.992307692307692, 6.9854700854700855, 6.988034188034188, 6.98974358974359, 6.990598290598291, 6.990598290598291, 6.98974358974359, 6.990598290598291, 6.9914529914529915, 6.992307692307692, 6.98974358974359, 6.994017094017094, 6.994017094017094, 6.995726495726496, 6.994871794871795, 6.992307692307692, 6.990598290598291, 6.988888888888889, 6.994017094017094, 6.9914529914529915, 6.9914529914529915, 6.994017094017094, 6.993162393162393, 6.990598290598291, 6.992307692307692, 6.994017094017094, 6.994017094017094, 6.993162393162393, 6.993162393162393, 6.994017094017094, 6.994871794871795, 6.9914529914529915, 6.98974358974359, 6.994017094017094, 6.988888888888889, 6.988034188034188, 6.990598290598291, 6.988034188034188, 6.987179487179487, 6.9914529914529915, 6.992307692307692, 6.992307692307692, 6.988888888888889, 6.990598290598291, 6.990598290598291, 6.987179487179487, 6.993162393162393, 6.993162393162393, 6.98974358974359, 6.990598290598291, 6.992307692307692, 6.990598290598291, 6.992307692307692, 6.992307692307692, 6.994017094017094, 6.992307692307692, 6.990598290598291, 6.992307692307692, 6.992307692307692, 6.9914529914529915, 6.992307692307692, 6.9914529914529915, 6.9914529914529915, 6.993162393162393, 6.994017094017094, 6.992307692307692, 6.993162393162393, 6.9914529914529915, 6.993162393162393, 6.994871794871795, 6.994017094017094, 6.993162393162393, 6.994017094017094, 6.994017094017094, 6.993162393162393, 6.992307692307692, 6.993162393162393, 6.993162393162393, 6.992307692307692, 6.994017094017094, 6.993162393162393, 6.988034188034188, 6.992307692307692, 6.994871794871795, 6.987179487179487, 6.988888888888889, 6.987179487179487, 6.993162393162393, 6.9914529914529915, 6.9914529914529915, 6.993162393162393, 6.9914529914529915, 6.995726495726496, 6.995726495726496, 6.990598290598291, 6.988888888888889, 6.992307692307692, 6.993162393162393, 6.990598290598291, 6.992307692307692, 6.988888888888889, 6.990598290598291, 6.98974358974359, 6.990598290598291, 6.987179487179487, 6.994871794871795, 6.9914529914529915, 6.990598290598291, 6.9914529914529915, 6.9914529914529915, 6.9914529914529915, 6.98974358974359, 6.987179487179487, 6.987179487179487, 6.986324786324786, 6.98974358974359, 6.987179487179487, 6.98974358974359, 6.9914529914529915, 6.986324786324786, 6.987179487179487, 6.987179487179487, 6.988034188034188, 6.988888888888889, 6.990598290598291, 6.988034188034188, 6.994017094017094, 6.98974358974359, 6.994017094017094, 6.994017094017094, 6.98974358974359, 6.988888888888889, 6.988888888888889, 6.98974358974359, 6.98974358974359, 6.98974358974359, 6.9914529914529915, 6.987179487179487, 6.990598290598291, 6.990598290598291, 6.987179487179487, 6.988034188034188, 6.98974358974359, 6.9854700854700855, 6.994017094017094, 6.990598290598291, 6.992307692307692, 6.988888888888889, 6.987179487179487, 6.988034188034188, 6.987179487179487, 6.9914529914529915, 6.987179487179487, 6.986324786324786, 6.988888888888889, 6.986324786324786, 6.98974358974359, 6.987179487179487, 6.988034188034188, 6.988888888888889, 6.990598290598291, 6.992307692307692, 6.98974358974359, 6.990598290598291, 6.9854700854700855, 6.988888888888889, 6.988034188034188, 6.987179487179487, 6.987179487179487, 6.988888888888889, 6.994017094017094, 6.992307692307692, 6.990598290598291, 6.988034188034188, 6.984615384615385, 6.993162393162393, 6.990598290598291, 6.987179487179487, 6.988888888888889, 6.9914529914529915, 6.9914529914529915, 6.9914529914529915, 6.988888888888889, 6.994871794871795, 6.994017094017094, 6.994017094017094, 6.994871794871795, 6.9914529914529915, 6.9914529914529915, 6.988888888888889, 6.990598290598291, 6.988034188034188, 6.992307692307692, 6.993162393162393, 6.993162393162393, 6.988888888888889, 6.9914529914529915, 6.992307692307692, 6.988034188034188, 6.990598290598291, 6.988034188034188, 6.992307692307692, 6.9914529914529915, 6.988034188034188, 6.9914529914529915, 6.993162393162393, 6.990598290598291, 6.992307692307692, 6.994871794871795, 6.992307692307692, 6.995726495726496, 6.993162393162393, 6.993162393162393, 6.98974358974359, 6.994871794871795, 6.98974358974359, 6.992307692307692, 6.992307692307692, 6.992307692307692, 6.988888888888889, 6.994017094017094, 6.993162393162393, 6.990598290598291, 6.992307692307692, 6.98974358974359, 6.993162393162393, 6.992307692307692, 6.990598290598291, 6.9914529914529915, 6.988888888888889, 6.992307692307692, 6.992307692307692, 6.994017094017094, 6.993162393162393, 6.995726495726496, 6.992307692307692, 6.98974358974359, 6.992307692307692, 6.9914529914529915, 6.993162393162393, 6.990598290598291, 6.993162393162393, 6.993162393162393, 6.9914529914529915, 6.9914529914529915, 6.990598290598291, 6.994017094017094, 6.98974358974359, 6.9914529914529915, 6.988888888888889, 6.993162393162393, 6.990598290598291, 6.994017094017094, 6.988888888888889, 6.9914529914529915, 6.9854700854700855, 6.986324786324786, 6.9854700854700855, 6.98974358974359, 6.9914529914529915, 6.9854700854700855, 6.990598290598291, 6.990598290598291, 6.993162393162393, 6.9914529914529915, 6.994017094017094, 6.993162393162393, 6.992307692307692, 6.994017094017094, 6.993162393162393, 6.992307692307692, 6.994017094017094, 6.990598290598291, 6.98974358974359, 6.98974358974359, 6.98974358974359, 6.990598290598291, 6.988888888888889, 6.990598290598291, 6.990598290598291, 6.9914529914529915, 6.992307692307692, 6.990598290598291, 6.992307692307692, 6.990598290598291, 6.9914529914529915, 6.990598290598291, 6.98974358974359, 6.992307692307692, 6.988888888888889, 6.98974358974359, 6.992307692307692, 6.995726495726496, 6.993162393162393, 6.9914529914529915, 6.988034188034188, 6.994017094017094, 6.994871794871795, 6.993162393162393, 6.9914529914529915, 6.990598290598291, 6.98974358974359, 6.988034188034188, 6.9914529914529915, 6.990598290598291]",0.8735953896581048,0.8989707719854182,7,"[33, 33, 33, 33, 33, 16, 13, 11, 7, 7, 7, 7, 7, 7, 7, 7, 7, 7, 7, 7, 7, 7, 7, 7, 7, 7, 7, 7, 7, 7, 7, 7, 7, 7, 7, 7, 7, 7, 7, 7, 7, 7, 7, 7, 7, 7, 7, 7, 7, 7, 7, 7, 7, 7, 7, 7, 7, 7, 7, 7, 7, 7, 7, 7, 7, 7, 7, 7, 7, 7, 7, 7, 7, 7, 7, 7, 7, 7, 7, 7, 7, 7, 7, 7, 7, 7, 7, 7, 7, 7, 7, 7, 7, 7, 7, 7, 7, 7, 7, 7, 7, 7, 7, 7, 7, 7, 7, 7, 7, 7, 7, 7, 7, 7, 7, 7, 7, 7, 7, 7, 7, 7, 7, 7, 7, 7, 7, 7, 7, 7, 7, 7, 7, 7, 7, 7, 7, 7, 7, 7, 7, 7, 7, 7, 7, 7, 7, 7, 7, 7, 7, 7, 7, 7, 7, 7, 7, 7, 7, 7, 7, 7, 7, 7, 7, 7, 7, 7, 7, 7, 7, 7, 7, 7, 7, 7, 7, 7, 7, 7, 7, 7, 7, 7, 7, 7, 7, 7, 7, 7, 7, 7, 7, 7, 7, 7, 7, 7, 7, 7, 7, 7, 7, 7, 7, 7, 7, 7, 7, 7, 7, 7, 7, 7, 7, 7, 7, 7, 7, 7, 7, 7, 7, 7, 7, 7, 7, 7, 7, 7, 7, 7, 7, 7, 7, 7, 7, 7, 7, 7, 7, 7, 7, 7, 7, 7, 7, 7, 7, 7, 7, 7, 7, 7, 7, 7, 7, 7, 7, 7, 7, 7, 7, 7, 7, 7, 7, 7, 7, 7, 7, 7, 7, 7, 7, 7, 7, 7, 7, 7, 7, 7, 7, 7, 7, 7, 7, 7, 7, 7, 7, 7, 7, 7, 7, 7, 7, 7, 7, 7, 7, 7, 7, 7, 7, 7, 7, 7, 7, 7, 7, 7, 7, 7, 7, 7, 7, 7, 7, 7, 7, 7, 7, 7, 7, 7, 7, 7, 7, 7, 7, 7, 7, 7, 7, 7, 7, 7, 7, 7, 7, 7, 7, 7, 7, 7, 7, 7, 7, 7, 7, 7, 7, 7, 7, 7, 7, 7, 7, 7, 7, 7, 7, 7, 7, 7, 7, 7, 7, 7, 7, 7, 7, 7, 7, 7, 7, 7, 7, 7, 7, 7, 7, 7, 7, 7, 7, 7, 7, 7, 7, 7, 7, 7, 7, 7, 7, 7, 7, 7, 7, 7, 7, 7, 7, 7, 7, 7, 7, 7, 7, 7, 7, 7, 7, 7, 7, 7, 7, 7, 7, 7, 7, 7, 7, 7, 7, 7, 7, 7, 7, 7, 7, 7, 7, 7, 7, 7, 7, 7, 7, 7, 7, 7, 7, 7, 7, 7, 7, 7, 7, 7, 7, 7, 7, 7, 7, 7, 7, 7, 7, 7, 7, 7, 7, 7, 7, 7, 7, 7, 7, 7, 7, 7, 7, 7, 7, 7, 7, 7, 7, 7, 7, 7, 7]",485,"[0.38429123163223267, 0.37441486120224, 0.3792751729488373, 0.34339970350265503, 0.33567193150520325, 0.3269180655479431, 0.31485146284103394, 0.3138687014579773, 0.31824347376823425, 0.308139830827713, 0.29991137981414795, 0.2946743369102478, 0.2920634150505066, 0.2833501994609833, 0.27960723638534546, 0.2756778597831726, 0.273542195558548, 0.27185967564582825, 0.2843654751777649, 0.26631399989128113, 0.26441094279289246, 0.2645144462585449, 0.2656850218772888, 0.26088082790374756, 0.26036688685417175, 0.2624395489692688, 0.262060284614563, 0.2561987340450287, 0.2540028393268585, 0.2552584409713745, 0.25357556343078613, 0.25558575987815857, 0.26099783182144165, 0.251657634973526, 0.2507084906101227, 0.2504357397556305, 0.25319230556488037, 0.24869617819786072, 0.26476243138313293, 0.2580007016658783, 0.24646636843681335, 0.2479829639196396, 0.245546355843544, 0.24521976709365845, 0.24616296589374542, 0.24376331269741058, 0.24483944475650787, 0.24424193799495697, 0.24466431140899658, 0.24230362474918365, 0.24493031203746796, 0.2507973909378052, 0.24155527353286743, 0.2404746413230896, 0.24649257957935333, 0.2414015382528305, 0.24023526906967163, 0.24017027020454407, 0.2398117035627365, 0.25098681449890137, 0.24199195206165314, 0.24050205945968628, 0.23977510631084442, 0.2437928020954132, 0.23901093006134033, 0.2516329288482666, 0.23893901705741882, 0.2380274534225464, 0.2369568645954132, 0.23661969602108002, 0.2365940660238266, 0.23821969330310822, 0.23896412551403046, 0.2465764284133911, 0.23518584668636322, 0.23571933805942535, 0.23515596985816956, 0.2369871586561203, 0.2416227161884308, 0.23590987920761108, 0.23541639745235443, 0.2357659935951233, 0.23534876108169556, 0.23417188227176666, 0.2341393232345581, 0.23891937732696533, 0.23542410135269165, 0.23514986038208008, 0.24052312970161438, 0.2379823476076126, 0.23387300968170166, 0.2354046106338501, 0.23615968227386475, 0.24206218123435974, 0.23540596663951874, 0.2344857007265091, 0.23676633834838867, 0.2353866547346115, 0.23378033936023712, 0.23530082404613495, 0.2337108999490738, 0.23761633038520813, 0.2335621416568756, 0.23212413489818573, 0.2488112449645996, 0.23199363052845, 0.23292702436447144, 0.2341979593038559, 0.23213954269886017, 0.23408104479312897, 0.23631839454174042, 0.23320265114307404, 0.23509758710861206, 0.23214136064052582, 0.23353353142738342, 0.23299917578697205, 0.24189293384552002, 0.23491248488426208, 0.23619353771209717, 0.2332625389099121, 0.2331569343805313, 0.23370328545570374, 0.23351234197616577, 0.23488233983516693, 0.23123347759246826, 0.24422523379325867, 0.23685455322265625, 0.23240482807159424, 0.23112188279628754, 0.23075248301029205, 0.23282982409000397, 0.2312639057636261, 0.23072393238544464, 0.23088589310646057, 0.23401489853858948, 0.2382652461528778, 0.23115988075733185, 0.23193670809268951, 0.23796682059764862, 0.23152399063110352, 0.2301740050315857, 0.22950893640518188, 0.23113611340522766, 0.23130179941654205, 0.23424194753170013, 0.23180504143238068, 0.23551110923290253, 0.23481273651123047, 0.22974716126918793, 0.23288045823574066, 0.23337174952030182, 0.23009662330150604, 0.23248210549354553, 0.23238366842269897, 0.2290199249982834, 0.23041526973247528, 0.2303413450717926, 0.23303891718387604, 0.2306746542453766, 0.2298406958580017, 0.22869472205638885, 0.23119911551475525, 0.2310386598110199, 0.2311362773180008, 0.23122625052928925, 0.23009443283081055, 0.22999361157417297, 0.2330765724182129, 0.23003870248794556, 0.23181191086769104, 0.22880452871322632, 0.23407581448554993, 0.22872890532016754, 0.22944988310337067, 0.2320460081100464, 0.22889159619808197, 0.23475748300552368, 0.22920164465904236, 0.22938798367977142, 0.23170700669288635, 0.22801010310649872, 0.22828231751918793, 0.2310391366481781, 0.2314133197069168, 0.23578985035419464, 0.23226092755794525, 0.2310028225183487, 0.2306910753250122, 0.2368771880865097, 0.23117147386074066, 0.22841696441173553, 0.22898665070533752, 0.23038406670093536, 0.23356281220912933, 0.22992339730262756, 0.228896826505661, 0.2313005030155182, 0.23928014934062958, 0.22952769696712494, 0.22964799404144287, 0.2286946177482605, 0.23083198070526123, 0.22831448912620544, 0.22783489525318146, 0.22751528024673462, 0.22950826585292816, 0.22964078187942505, 0.22869370877742767, 0.23140479624271393, 0.22879353165626526, 0.22962075471878052, 0.24162086844444275, 0.22960896790027618, 0.2289179563522339, 0.2316049337387085, 0.24104595184326172, 0.22712427377700806, 0.2283192127943039, 0.2364206314086914, 0.2304580807685852, 0.2468559890985489, 0.22878722846508026, 0.22754214704036713, 0.2296944260597229, 0.22862748801708221, 0.22788560390472412, 0.22938953340053558, 0.2285391092300415, 0.2283373326063156, 0.22792065143585205, 0.2358572781085968, 0.22851155698299408, 0.23048248887062073, 0.23072002828121185, 0.24227994680404663, 0.22763097286224365, 0.23236006498336792, 0.23340576887130737, 0.2298208624124527, 0.2288472205400467, 0.22852282226085663, 0.2294534295797348, 0.23178692162036896, 0.2312919646501541, 0.24032241106033325, 0.22796353697776794, 0.22732757031917572, 0.22655175626277924, 0.23580095171928406, 0.2293061465024948, 0.23338890075683594, 0.22635217010974884, 0.2344227284193039, 0.229904904961586, 0.22994299232959747, 0.23135364055633545, 0.23251983523368835, 0.23036406934261322, 0.2294129729270935, 0.23115089535713196, 0.2314799278974533, 0.22806522250175476, 0.22759221494197845, 0.2299722135066986, 0.22759918868541718, 0.232833132147789, 0.22818508744239807, 0.23187482357025146, 0.22989363968372345, 0.23058998584747314, 0.2413622885942459, 0.22799375653266907, 0.2272445112466812, 0.22830602526664734, 0.22937345504760742, 0.23059459030628204, 0.23281964659690857, 0.2268545776605606, 0.2278522551059723, 0.2293424755334854, 0.22885014116764069, 0.22785785794258118, 0.22914758324623108, 0.2271202653646469, 0.23261527717113495, 0.22858035564422607, 0.22883731126785278, 0.2289634495973587, 0.22767721116542816, 0.22941559553146362, 0.2308649867773056, 0.23174314200878143, 0.22867020964622498, 0.22934578359127045, 0.2301470786333084, 0.2290191501379013, 0.23153677582740784, 0.23448950052261353, 0.2272903025150299, 0.23451350629329681, 0.22808046638965607, 0.22841814160346985, 0.22799687087535858, 0.2297278791666031, 0.2364645004272461, 0.23023803532123566, 0.23140676319599152, 0.2280278354883194, 0.23009994626045227, 0.2271467000246048, 0.23606452345848083, 0.22804325819015503, 0.2297491431236267, 0.22826042771339417, 0.2308313399553299, 0.23096521198749542, 0.23297208547592163, 0.2285146713256836, 0.2290220707654953, 0.22785450518131256, 0.22812023758888245, 0.22837504744529724, 0.22714737057685852, 0.23181286454200745, 0.23096807301044464, 0.22805896401405334, 0.23174108564853668, 0.22799520194530487, 0.2289220690727234, 0.23030385375022888, 0.22965805232524872, 0.24117743968963623, 0.23111917078495026, 0.22989454865455627, 0.23177167773246765, 0.22823278605937958, 0.23612110316753387, 0.22767385840415955, 0.22844205796718597, 0.22742944955825806, 0.22923627495765686, 0.22861452400684357, 0.22994458675384521, 0.22802406549453735, 0.2305671125650406, 0.23000378906726837, 0.2289103865623474, 0.2293025404214859, 0.22954505681991577, 0.2332489937543869, 0.23292267322540283, 0.23110146820545197, 0.23130425810813904, 0.23065464198589325, 0.2314058542251587, 0.22977215051651, 0.2339879423379898, 0.23103761672973633, 0.23022711277008057, 0.23095494508743286, 0.23342891037464142, 0.22922468185424805, 0.2303619533777237, 0.2289821058511734, 0.23121745884418488, 0.22848884761333466, 0.23472824692726135, 0.22892393171787262, 0.22875116765499115, 0.23190483450889587, 0.23136895895004272, 0.22917333245277405, 0.22997364401817322, 0.22870498895645142, 0.22702091932296753, 0.23275482654571533, 0.22822269797325134, 0.22946855425834656, 0.2453639805316925, 0.23151935636997223, 0.23199382424354553, 0.24000126123428345, 0.2302664816379547, 0.23065192997455597, 0.2374134659767151, 0.22841380536556244, 0.24714912474155426, 0.22995050251483917, 0.229599267244339, 0.23239482939243317, 0.23280251026153564, 0.2304435670375824, 0.22920602560043335, 0.22810426354408264, 0.22953440248966217, 0.230503648519516, 0.23067814111709595, 0.23226821422576904, 0.22903156280517578, 0.2390851080417633, 0.22991348803043365, 0.2286953330039978, 0.22999264299869537, 0.22927547991275787, 0.2320248931646347, 0.2308708131313324, 0.23036186397075653, 0.22901645302772522, 0.23220694065093994, 0.22968217730522156, 0.22936123609542847, 0.23112192749977112, 0.22878675162792206, 0.23083913326263428, 0.22981718182563782, 0.2294730693101883, 0.23697179555892944, 0.2370264083147049, 0.23789983987808228, 0.23440594971179962, 0.23004761338233948, 0.23017098009586334, 0.22886526584625244, 0.23094932734966278, 0.23785661160945892, 0.22977671027183533, 0.2326766848564148, 0.23446102440357208, 0.2303823083639145, 0.2300836592912674, 0.22991706430912018, 0.23409542441368103, 0.23200