,number,value,datetime_start,datetime_complete,duration,params_batch_size_scaler,params_constant_learning_rate,params_depth,params_epochs,params_kernel_l2,params_num_trees,params_temperature,user_attrs_accuracy_test,user_attrs_accuracy_valid,user_attrs_approximate_feature_sparsity,user_attrs_approximate_feature_sparsity_history,user_attrs_approximate_weight_sparsity,user_attrs_approximate_weight_sparsity_history,user_attrs_auc_test,user_attrs_auc_valid,user_attrs_feature_sparsity,user_attrs_feature_sparsity_history,user_attrs_num_epochs,user_attrs_val_loss_history,user_attrs_weight_sparsity,user_attrs_weight_sparsity_history,state
148,148,0.6467712640568843,2024-08-31 07:36:32.068523,2024-08-31 07:38:01.004559,0 days 00:01:28.936036,16,2.4434144854559805,3,470,0.2061488759097357,99,0.0006642767383367012,0.859,0.85875,2,"[33, 33, 33, 33, 33, 33, 33, 33, 33, 33, 28, 22, 18, 18, 17, 16, 16, 14, 14, 14, 14, 14, 14, 14, 14, 14, 14, 14, 14, 14, 14, 14, 14, 14, 14, 14, 12, 12, 12, 12, 12, 12, 12, 12, 12, 12, 12, 12, 12, 12, 12, 11, 11, 11, 11, 11, 11, 11, 11, 11, 11, 11, 10, 10, 10, 10, 10, 10, 10, 10, 10, 10, 10, 10, 10, 10, 10, 10, 10, 10, 10, 10, 10, 10, 10, 10, 10, 9, 7, 6, 6, 6, 6, 6, 6, 6, 6, 6, 6, 6, 6, 6, 6, 6, 6, 6, 6, 6, 6, 6, 6, 6, 6, 6, 6, 6, 6, 6, 6, 6, 6, 6, 6, 6, 6, 6, 6, 6, 6, 6, 6, 6, 6, 6, 6, 6, 6, 6, 6, 6, 6, 6, 6, 6, 6, 6, 6, 6, 6, 6, 6, 6, 6, 6, 6, 6, 6, 6, 6, 6, 6, 6, 6, 6, 6, 6, 6, 6, 6, 6, 6, 6, 6, 6, 6, 6, 6, 6, 6, 6, 6, 6, 6, 6, 6, 6, 6, 6, 6, 6, 6, 6, 5, 5, 5, 5, 5, 5, 5, 5, 5, 5, 5, 5, 5, 5, 5, 5, 5, 5, 5, 5, 5, 5, 5, 5, 5, 5, 5, 5, 5, 5, 3, 3, 3, 3, 3, 3, 3, 3, 3, 3, 3, 3, 3, 3, 3, 3, 3, 3, 3, 3, 3, 3, 3, 3, 3, 3, 3, 3, 3, 3, 3, 3, 3, 3, 3, 3, 3, 3, 3, 3, 3, 3, 3, 3, 3, 3, 3, 3, 3, 3, 3, 3, 3, 3, 3, 3, 3, 3, 3, 3, 3, 3, 3, 3, 3, 3, 3, 3, 3, 3, 3, 3, 3, 3, 3, 3, 3, 3, 3, 3, 3, 2, 2, 2, 2, 2, 2, 2, 2, 2, 2, 2, 2, 2, 2, 2, 2, 2, 2, 2, 2, 2, 2, 2, 2, 2, 2, 2, 2, 2, 2, 2, 2, 2, 2, 2, 2, 2, 2, 2, 2, 2, 2, 2, 2, 2, 2, 2, 2, 2, 2, 2, 2, 2, 2, 2, 2, 2, 2, 2, 2, 2, 2, 2, 2, 2, 2, 2, 2, 2, 2, 2, 2, 2, 2, 2, 2, 2, 2, 2, 2, 2, 2, 2, 2, 2, 2, 2, 2, 2, 2, 2, 2, 2, 2, 2, 2, 2, 2, 2, 2, 2, 2, 2, 2, 2, 2, 2, 2, 2, 2, 2, 2, 2, 2, 2, 2, 2, 2, 2, 2, 2, 2, 2, 2, 2, 2, 2, 2, 2, 2, 2, 2, 2, 2, 2, 2, 2, 2, 2, 2, 2, 2, 2, 2, 2, 2, 2, 2, 2, 2, 2, 2, 2, 2, 2, 2, 2, 2, 2, 2, 2, 2, 2, 2, 2, 2, 2]",1.8874458874458875,"[32.95670995670996, 32.95815295815296, 32.96392496392497, 32.95815295815296, 32.97113997113997, 32.961038961038966, 32.95238095238095, 32.96248196248196, 32.96536796536797, 32.96248196248196, 27.96969696969697, 21.982683982683984, 17.98989898989899, 17.985569985569985, 16.981240981240983, 15.982683982683982, 15.98124098124098, 13.982683982683984, 13.987012987012987, 13.989898989898991, 13.987012987012989, 13.98989898989899, 13.985569985569985, 13.987012987012989, 13.981240981240981, 13.98989898989899, 13.989898989898991, 13.981240981240981, 13.982683982683982, 13.988455988455987, 13.979797979797981, 13.981240981240981, 13.982683982683984, 13.985569985569986, 13.972582972582972, 13.981240981240981, 11.989898989898988, 11.987012987012987, 11.985569985569985, 11.98124098124098, 11.991341991341992, 11.988455988455987, 11.988455988455987, 11.987012987012987, 11.98845598845599, 11.978354978354977, 11.982683982683982, 11.98845598845599, 11.982683982683982, 11.987012987012987, 11.98124098124098, 10.982683982683984, 10.984126984126982, 10.982683982683982, 10.987012987012987, 10.987012987012987, 10.987012987012987, 10.98989898989899, 10.987012987012985, 10.984126984126984, 10.969696969696969, 10.98989898989899, 9.98845598845599, 9.981240981240981, 9.98989898989899, 9.982683982683984, 9.98989898989899, 9.984126984126984, 9.975468975468976, 9.981240981240981, 9.98845598845599, 9.976911976911977, 9.98845598845599, 9.987012987012989, 9.985569985569985, 9.984126984126984, 9.984126984126984, 9.98845598845599, 9.987012987012987, 9.987012987012989, 9.984126984126984, 9.992784992784992, 9.984126984126984, 9.992784992784992, 9.99134199134199, 9.981240981240981, 9.987012987012987, 8.987012987012987, 6.988455988455988, 5.998556998556999, 5.991341991341992, 5.992784992784993, 5.992784992784993, 5.995670995670996, 5.991341991341992, 5.995670995670996, 5.997113997113997, 5.992784992784992, 5.991341991341992, 5.98989898989899, 5.98989898989899, 5.994227994227995, 5.997113997113997, 5.985569985569986, 5.991341991341992, 5.995670995670996, 5.992784992784992, 5.995670995670996, 5.992784992784993, 5.98989898989899, 5.994227994227995, 5.9898989898989905, 5.98989898989899, 5.995670995670996, 5.991341991341992, 5.988455988455988, 5.987012987012987, 5.9898989898989905, 5.988455988455989, 5.994227994227995, 5.9898989898989905, 5.991341991341992, 5.991341991341992, 5.987012987012987, 5.9898989898989905, 5.98989898989899, 5.98989898989899, 5.988455988455988, 5.991341991341991, 5.9855699855699855, 5.987012987012988, 5.988455988455988, 5.987012987012987, 5.992784992784993, 5.98989898989899, 5.994227994227995, 5.997113997113997, 5.988455988455988, 5.987012987012987, 5.987012987012987, 5.98989898989899, 5.992784992784992, 5.982683982683983, 5.984126984126984, 5.9855699855699855, 5.984126984126984, 5.974025974025974, 5.987012987012987, 5.988455988455988, 5.9812409812409815, 5.9812409812409815, 5.982683982683982, 5.975468975468976, 5.9855699855699855, 5.982683982683982, 5.988455988455989, 5.987012987012987, 5.987012987012987, 5.991341991341992, 5.9812409812409815, 5.984126984126984, 5.98989898989899, 5.988455988455988, 5.991341991341992, 5.987012987012987, 5.984126984126984, 5.988455988455988, 5.984126984126984, 5.984126984126984, 5.987012987012987, 5.982683982683983, 5.9769119769119765, 5.984126984126984, 5.978354978354978, 5.979797979797979, 5.988455988455988, 5.978354978354979, 5.988455988455989, 5.9769119769119765, 5.979797979797979, 5.985569985569985, 5.987012987012987, 5.968253968253968, 5.975468975468975, 5.978354978354979, 5.971139971139971, 5.96969696969697, 5.985569985569985, 5.982683982683982, 5.984126984126984, 5.982683982683983, 5.984126984126984, 4.988455988455988, 4.9855699855699855, 4.9812409812409815, 4.982683982683983, 4.9855699855699855, 4.97979797979798, 4.9855699855699855, 4.982683982683983, 4.987012987012987, 4.987012987012987, 4.988455988455988, 4.982683982683983, 4.994227994227995, 4.994227994227995, 4.984126984126984, 4.987012987012987, 4.9855699855699855, 4.9812409812409815, 4.984126984126984, 4.984126984126984, 4.988455988455988, 4.9812409812409815, 4.9855699855699855, 4.9812409812409815, 4.982683982683983, 4.991341991341991, 4.9855699855699855, 4.9812409812409815, 4.982683982683983, 4.98989898989899, 2.987012987012987, 2.9913419913419914, 2.9884559884559883, 2.9927849927849928, 2.9971139971139973, 2.9956709956709955, 2.9927849927849928, 2.994227994227994, 2.9927849927849928, 2.9927849927849928, 2.9927849927849928, 2.9913419913419914, 2.9927849927849928, 2.9927849927849928, 2.9913419913419914, 2.994227994227994, 2.994227994227994, 2.995670995670996, 2.994227994227994, 2.994227994227994, 2.9913419913419914, 2.994227994227994, 2.994227994227994, 2.9927849927849928, 2.9927849927849928, 2.994227994227994, 2.995670995670996, 2.995670995670996, 2.995670995670996, 2.995670995670996, 2.9927849927849928, 2.995670995670996, 2.995670995670996, 2.9927849927849928, 2.994227994227994, 2.994227994227994, 2.994227994227994, 2.994227994227994, 2.9956709956709955, 2.9985569985569986, 2.9956709956709955, 2.9956709956709955, 2.9985569985569986, 2.9985569985569986, 2.9956709956709955, 2.9971139971139973, 2.994227994227994, 2.9971139971139973, 2.9956709956709955, 2.9956709956709955, 2.9956709956709955, 2.9956709956709955, 2.9956709956709955, 2.994227994227994, 2.994227994227994, 2.994227994227994, 2.9927849927849928, 2.994227994227994, 2.991341991341991, 2.9927849927849928, 2.9927849927849928, 2.9927849927849928, 2.9927849927849928, 2.9927849927849928, 2.9927849927849928, 2.994227994227994, 2.9927849927849928, 2.9927849927849928, 2.994227994227994, 2.994227994227994, 2.991341991341991, 2.9927849927849928, 2.9927849927849928, 2.9913419913419914, 2.9898989898989896, 2.9898989898989896, 2.9913419913419914, 2.9884559884559883, 2.9884559884559883, 2.9884559884559883, 2.9884559884559883, 1.9942279942279941, 1.9927849927849928, 1.9927849927849928, 1.9913419913419914, 1.9913419913419914, 1.9913419913419914, 1.9913419913419914, 1.9913419913419914, 1.9913419913419914, 1.9898989898989898, 1.9913419913419914, 1.9913419913419914, 1.9913419913419914, 1.9913419913419914, 1.9913419913419914, 1.9898989898989898, 1.9898989898989898, 1.9898989898989898, 1.9898989898989898, 1.9898989898989898, 1.9913419913419914, 1.9913419913419914, 1.9913419913419914, 1.9913419913419914, 1.9927849927849928, 1.9927849927849928, 1.9913419913419914, 1.9913419913419914, 1.9927849927849928, 1.9927849927849928, 1.9927849927849928, 1.9927849927849928, 1.9927849927849928, 1.9927849927849928, 1.9927849927849928, 1.9913419913419914, 1.9913419913419914, 1.9913419913419914, 1.9913419913419914, 1.9913419913419914, 1.9913419913419914, 1.9913419913419914, 1.9913419913419914, 1.9913419913419914, 1.9913419913419914, 1.9913419913419914, 1.9913419913419914, 1.9913419913419914, 1.9913419913419914, 1.9913419913419914, 1.98989898989899, 1.9913419913419914, 1.9884559884559885, 1.98989898989899, 1.98989898989899, 1.98989898989899, 1.9884559884559885, 1.9884559884559885, 1.987012987012987, 1.987012987012987, 1.987012987012987, 1.987012987012987, 1.987012987012987, 1.987012987012987, 1.987012987012987, 1.9855699855699855, 1.9855699855699855, 1.9841269841269842, 1.9841269841269842, 1.9841269841269842, 1.9826839826839828, 1.9826839826839828, 1.9826839826839828, 1.9812409812409812, 1.9841269841269842, 1.9826839826839828, 1.9797979797979797, 1.9797979797979797, 1.9783549783549783, 1.976911976911977, 1.9783549783549783, 1.9783549783549783, 1.976911976911977, 1.976911976911977, 1.976911976911977, 1.976911976911977, 1.9754689754689756, 1.9754689754689756, 1.974025974025974, 1.974025974025974, 1.974025974025974, 1.974025974025974, 1.974025974025974, 1.974025974025974, 1.971139971139971, 1.971139971139971, 1.971139971139971, 1.971139971139971, 1.9696969696969697, 1.9696969696969697, 1.9696969696969697, 1.9696969696969697, 1.9682539682539684, 1.9668109668109668, 1.9653679653679652, 1.9639249639249639, 1.9624819624819625, 1.9624819624819625, 1.9624819624819625, 1.9610389610389611, 1.9610389610389611, 1.9610389610389611, 1.9610389610389611, 1.9610389610389611, 1.9610389610389611, 1.9610389610389611, 1.9610389610389611, 1.9581529581529582, 1.9581529581529582, 1.9567099567099566, 1.9552669552669553, 1.9523809523809523, 1.9494949494949494, 1.948051948051948, 1.948051948051948, 1.9494949494949494, 1.9494949494949494, 1.9494949494949494, 1.948051948051948, 1.945165945165945, 1.9466089466089467, 1.945165945165945, 1.9422799422799422, 1.9393939393939394, 1.9393939393939394, 1.9393939393939394, 1.9393939393939394, 1.9393939393939394, 1.9393939393939394, 1.9350649350649352, 1.9336219336219336, 1.9336219336219336, 1.9321789321789322, 1.9307359307359309, 1.9307359307359309, 1.9307359307359309, 1.9292929292929293, 1.927849927849928, 1.924963924963925, 1.9177489177489178, 1.9191919191919191, 1.9191919191919191, 1.9191919191919191, 1.9134199134199132, 1.9119769119769119, 1.9105339105339105, 1.9090909090909092, 1.9062049062049062, 1.901875901875902, 1.898989898989899, 1.8975468975468974, 1.898989898989899, 1.8975468975468974, 1.8903318903318904, 1.8903318903318904, 1.8888888888888888, 1.8874458874458875]",0.6416912292868997,0.6467712640568843,2,"[33, 33, 33, 33, 33, 33, 33, 33, 33, 33, 28, 22, 18, 18, 17, 16, 16, 14, 14, 14, 14, 14, 14, 14, 14, 14, 14, 14, 14, 14, 14, 14, 14, 14, 14, 14, 12, 12, 12, 12, 12, 12, 12, 12, 12, 12, 12, 12, 12, 12, 12, 11, 11, 11, 11, 11, 11, 11, 11, 11, 11, 11, 10, 10, 10, 10, 10, 10, 10, 10, 10, 10, 10, 10, 10, 10, 10, 10, 10, 10, 10, 10, 10, 10, 10, 10, 10, 9, 7, 6, 6, 6, 6, 6, 6, 6, 6, 6, 6, 6, 6, 6, 6, 6, 6, 6, 6, 6, 6, 6, 6, 6, 6, 6, 6, 6, 6, 6, 6, 6, 6, 6, 6, 6, 6, 6, 6, 6, 6, 6, 6, 6, 6, 6, 6, 6, 6, 6, 6, 6, 6, 6, 6, 6, 6, 6, 6, 6, 6, 6, 6, 6, 6, 6, 6, 6, 6, 6, 6, 6, 6, 6, 6, 6, 6, 6, 6, 6, 6, 6, 6, 6, 6, 6, 6, 6, 6, 6, 6, 6, 6, 6, 6, 6, 6, 6, 6, 6, 6, 6, 6, 6, 5, 5, 5, 5, 5, 5, 5, 5, 5, 5, 5, 5, 5, 5, 5, 5, 5, 5, 5, 5, 5, 5, 5, 5, 5, 5, 5, 5, 5, 5, 3, 3, 3, 3, 3, 3, 3, 3, 3, 3, 3, 3, 3, 3, 3, 3, 3, 3, 3, 3, 3, 3, 3, 3, 3, 3, 3, 3, 3, 3, 3, 3, 3, 3, 3, 3, 3, 3, 3, 3, 3, 3, 3, 3, 3, 3, 3, 3, 3, 3, 3, 3, 3, 3, 3, 3, 3, 3, 3, 3, 3, 3, 3, 3, 3, 3, 3, 3, 3, 3, 3, 3, 3, 3, 3, 3, 3, 3, 3, 3, 3, 2, 2, 2, 2, 2, 2, 2, 2, 2, 2, 2, 2, 2, 2, 2, 2, 2, 2, 2, 2, 2, 2, 2, 2, 2, 2, 2, 2, 2, 2, 2, 2, 2, 2, 2, 2, 2, 2, 2, 2, 2, 2, 2, 2, 2, 2, 2, 2, 2, 2, 2, 2, 2, 2, 2, 2, 2, 2, 2, 2, 2, 2, 2, 2, 2, 2, 2, 2, 2, 2, 2, 2, 2, 2, 2, 2, 2, 2, 2, 2, 2, 2, 2, 2, 2, 2, 2, 2, 2, 2, 2, 2, 2, 2, 2, 2, 2, 2, 2, 2, 2, 2, 2, 2, 2, 2, 2, 2, 2, 2, 2, 2, 2, 2, 2, 2, 2, 2, 2, 2, 2, 2, 2, 2, 2, 2, 2, 2, 2, 2, 2, 2, 2, 2, 2, 2, 2, 2, 2, 2, 2, 2, 2, 2, 2, 2, 2, 2, 2, 2, 2, 2, 2, 2, 2, 2, 2, 2, 2, 2, 2, 2, 2, 2, 2, 2, 2]",470,"[4.360260486602783, 2.6766891479492188, 1.6661131381988525, 5.1460490226745605, 1.1238685846328735, 0.6373932957649231, 0.7132878303527832, 3.4317572116851807, 1.1615684032440186, 3.1975960731506348, 1.742586374282837, 0.7661702036857605, 0.5520971417427063, 1.217341661453247, 0.6611708998680115, 3.1660220623016357, 0.9079656004905701, 0.5109625458717346, 2.8435349464416504, 0.7840992212295532, 0.9321280121803284, 0.6907927989959717, 0.3576079308986664, 1.1685338020324707, 0.40393051505088806, 0.38669145107269287, 0.3298654854297638, 0.3193923532962799, 4.215548515319824, 0.3158927857875824, 0.3035079836845398, 0.3355473577976227, 0.2745060324668884, 1.4501850605010986, 0.37622857093811035, 0.27276334166526794, 3.590008020401001, 0.7993295788764954, 2.1955888271331787, 0.5367505550384521, 0.6986621022224426, 2.3211441040039062, 0.5385816693305969, 0.3886830508708954, 0.7547593712806702, 0.410450279712677, 0.4179983139038086, 0.35592830181121826, 0.8107706308364868, 0.5750256180763245, 0.3277492821216583, 1.9391124248504639, 2.8955957889556885, 3.64279842376709, 0.40630042552948, 0.3473115563392639, 0.3355485200881958, 0.8529102802276611, 4.221932888031006, 0.5966497659683228, 0.7234513163566589, 0.7376547455787659, 0.3547793924808502, 0.4546184241771698, 1.1347441673278809, 0.48171791434288025, 1.0643154382705688, 0.3361128270626068, 0.3867497146129608, 1.5345841646194458, 1.0969653129577637, 1.098920464515686, 0.8446362018585205, 0.7344241142272949, 0.6627658605575562, 0.41215088963508606, 1.1046149730682373, 0.81843101978302, 0.4957121014595032, 0.32812023162841797, 0.3384483754634857, 0.44224879145622253, 0.8108446598052979, 0.40840205550193787, 0.3752061426639557, 0.3279011845588684, 0.6939269304275513, 0.9110022783279419, 0.41238605976104736, 0.7116536498069763, 1.4777908325195312, 0.8575975298881531, 0.9297705292701721, 0.3578968942165375, 1.5492608547210693, 1.0795016288757324, 0.903934121131897, 0.367035835981369, 0.44807225465774536, 1.130746603012085, 0.4364369213581085, 0.41330987215042114, 1.046525239944458, 3.0887181758880615, 0.9947498440742493, 0.4244152903556824, 0.4969177544116974, 0.8834472894668579, 1.8094388246536255, 1.1619887351989746, 0.3715086877346039, 0.548622190952301, 0.49311715364456177, 0.43487781286239624, 0.39417633414268494, 0.5610276460647583, 1.1277474164962769, 1.294959545135498, 1.7873966693878174, 0.36695292592048645, 1.617586612701416, 0.3399430811405182, 1.4722702503204346, 0.9073172807693481, 0.5136696696281433, 1.703642725944519, 0.7315791845321655, 0.9781219959259033, 0.33664485812187195, 1.0453976392745972, 0.8268315196037292, 0.3587445914745331, 0.39189136028289795, 0.5756794810295105, 0.6648096442222595, 0.3876177966594696, 0.3344029188156128, 0.39523550868034363, 0.8077268004417419, 0.5725247859954834, 0.3725165128707886, 0.4222263693809509, 0.42857226729393005, 0.8686876893043518, 0.9257941246032715, 1.4671549797058105, 0.8721560835838318, 0.8408540487289429, 1.3553872108459473, 0.3480389416217804, 2.5085713863372803, 0.6826803684234619, 0.8197852373123169, 0.5436812043190002, 1.2823413610458374, 3.093778371810913, 0.43633025884628296, 0.37384334206581116, 0.5981881618499756, 0.9299910068511963, 0.5149723291397095, 1.2123533487319946, 1.2263654470443726, 0.9382165670394897, 0.3391070067882538, 2.0591375827789307, 0.34875622391700745, 0.9913131594657898, 0.9992812871932983, 0.32733288407325745, 0.6122658252716064, 1.641789197921753, 0.7239941358566284, 0.5467706918716431, 1.2155243158340454, 0.7159472107887268, 0.5272650122642517, 0.3684830069541931, 1.1875181198120117, 0.3908509910106659, 0.5789758563041687, 0.4530203342437744, 1.3456237316131592, 0.37439286708831787, 0.4211543798446655, 0.3441680669784546, 0.8697435259819031, 0.38825687766075134, 0.39779025316238403, 1.1039339303970337, 0.7938392758369446, 0.6063125133514404, 0.8897275328636169, 0.37903910875320435, 0.4004758894443512, 2.063730478286743, 0.8528346419334412, 1.4495034217834473, 0.4826638400554657, 1.0047649145126343, 0.36359092593193054, 2.0165138244628906, 0.5347007513046265, 0.6302943825721741, 0.43731987476348877, 0.7788023352622986, 1.1284204721450806, 0.3878888189792633, 2.2927544116973877, 0.41932764649391174, 0.8032485246658325, 0.5649634599685669, 0.3658761978149414, 1.9340287446975708, 0.3461648225784302, 1.2575085163116455, 0.519730269908905, 0.49233853816986084, 2.016192674636841, 0.7441451549530029, 1.7349672317504883, 0.35628741979599, 0.8074316382408142, 0.5890834927558899, 3.2120325565338135, 0.6819886565208435, 0.5516546368598938, 0.6119657158851624, 1.5837196111679077, 0.7617439031600952, 0.725605309009552, 1.1180992126464844, 0.5061502456665039, 3.307004928588867, 3.309912919998169, 1.354501485824585, 1.1780288219451904, 2.168776512145996, 1.5408014059066772, 0.5280498266220093, 0.7078056335449219, 0.5022030472755432, 0.8119861483573914, 1.1638048887252808, 1.0881779193878174, 0.46185386180877686, 2.458609104156494, 0.5672186613082886, 0.641000509262085, 2.4622604846954346, 0.5174576044082642, 0.7464063167572021, 1.8753384351730347, 0.8123160600662231, 0.6611186861991882, 0.7767333388328552, 0.8748812079429626, 0.9435792565345764, 0.7354438304901123, 2.9542055130004883, 0.7028549313545227, 0.6196664571762085, 0.681754469871521, 0.47876521944999695, 1.0900400876998901, 1.9884871244430542, 0.7210023403167725, 1.8231098651885986, 0.5281970500946045, 0.4583989083766937, 0.5949842929840088, 0.8343337774276733, 3.158181667327881, 0.7576650977134705, 4.710124969482422, 0.7437194585800171, 1.0695240497589111, 0.7993900775909424, 0.6011074781417847, 1.9746290445327759, 1.7070595026016235, 0.8566960096359253, 2.6192398071289062, 1.334202766418457, 0.8318770527839661, 1.6150288581848145, 0.5067895650863647, 2.2241077423095703, 0.48754778504371643, 0.4518243670463562, 1.460829257965088, 6.743889331817627, 0.7487215399742126, 6.2827348709106445, 0.6159377098083496, 4.771989822387695, 0.4641488194465637, 1.082619309425354, 0.691692590713501, 0.7045832872390747, 1.680525302886963, 1.892446756362915, 0.47020480036735535, 0.9358623027801514, 1.6502937078475952, 0.5134848952293396, 1.4454963207244873, 1.3665263652801514, 0.4937218129634857, 0.48714756965637207, 5.090786457061768, 2.6401076316833496, 0.5455006957054138, 1.0989552736282349, 5.199237823486328, 0.7369471192359924, 0.515459418296814, 0.5376022458076477, 1.8726903200149536, 3.1252636909484863, 3.985746383666992, 3.3857901096343994, 1.1847330331802368, 2.3488619327545166, 0.8327330946922302, 0.7081348896026611, 1.511926531791687, 1.3254252672195435, 1.741683006286621, 0.6334216594696045, 2.002824544906616, 1.1966160535812378, 2.1270105838775635, 0.5334823131561279, 0.5346275568008423, 0.4893067181110382, 1.8646376132965088, 0.6388888359069824, 3.539536476135254, 2.154966115951538, 0.519580602645874, 2.1739163398742676, 0.5115597248077393, 1.7165430784225464, 1.092955231666565, 1.600398302078247, 1.4015593528747559, 1.898988962173462, 0.516180157661438, 4.3199992179870605, 0.5997329950332642, 0.9315837621688843, 2.6768274307250977, 1.5727663040161133, 5.28962516784668, 1.3304295539855957, 0.670701801776886, 0.5438692569732666, 1.2498990297317505, 1.2094569206237793, 2.7335171699523926, 0.543882429599762, 0.5077498555183411, 2.3828957080841064, 3.3097174167633057, 1.2568665742874146, 1.3856489658355713, 0.5719855427742004, 0.48330387473106384, 0.6310575008392334, 0.9136339426040649, 0.5429912209510803, 0.5265152454376221, 0.49024826288223267, 0.7256840467453003, 0.4683400094509125, 2.845151901245117, 0.5774394869804382, 0.5152388215065002, 4.040736198425293, 1.7940417528152466, 0.45350542664527893, 0.6020178198814392, 0.5300787687301636, 1.5526536703109741, 5.854071617126465, 0.8394723534584045, 0.543124794960022, 1.5044217109680176, 3.720998764038086, 1.7319260835647583, 0.5011519193649292, 1.1732100248336792, 0.5169515013694763, 1.443575382232666, 1.6738407611846924, 0.6150505542755127, 0.9780527353286743, 2.719256639480591, 2.6450681686401367, 0.49974292516708374, 1.0033990144729614, 0.8895870447158813, 1.0321264266967773, 1.8617786169052124, 0.5588615536689758, 1.8746458292007446, 0.6136305332183838, 0.4750376045703888, 2.6486968994140625, 3.021402597427368, 0.5046247839927673, 0.5145354866981506, 4.490460395812988, 1.2628474235534668, 5.100503444671631, 2.2498011589050293, 1.435423731803894, 1.06098210811615, 0.6857712268829346, 0.7131473422050476, 3.0114352703094482, 0.549964964389801, 0.9403825402259827, 0.5029883980751038, 5.5124640464782715, 1.3147149085998535, 0.4839113652706146, 2.196737289428711, 0.4971294701099396, 0.49988025426864624, 1.454301357269287, 2.4956612586975098, 0.5444862246513367, 0.5326281189918518, 2.694237470626831, 1.710878849029541, 0.8352756500244141, 1.7671153545379639, 3.3531017303466797, 0.8121408224105835, 0.6085197329521179, 1.4963911771774292, 0.8696238994598389, 1.2863200902938843, 5.445029258728027, 4.163806915283203, 0.5314902663230896, 3.8375232219696045, 1.0479850