,number,value,datetime_start,datetime_complete,duration,params_batch_size_scaler,params_constant_learning_rate,params_depth,params_epochs,params_kernel_l2,params_num_trees,params_temperature,user_attrs_accuracy_test,user_attrs_accuracy_valid,user_attrs_approximate_feature_sparsity,user_attrs_approximate_feature_sparsity_history,user_attrs_approximate_weight_sparsity,user_attrs_approximate_weight_sparsity_history,user_attrs_auc_test,user_attrs_auc_valid,user_attrs_feature_sparsity,user_attrs_feature_sparsity_history,user_attrs_num_epochs,user_attrs_val_loss_history,user_attrs_weight_sparsity,user_attrs_weight_sparsity_history,state
100,100,0.5,2024-08-31 04:48:25.419406,2024-08-31 04:53:52.223033,0 days 00:05:26.803627,1,0.3356542526885376,1,490,0.005160292589308388,54,0.019257526695342062,0.859,0.85875,0,"[0, 0, 0, 0, 0, 0, 0, 0, 0, 0, 0, 0, 0, 0, 0, 0, 0, 0, 0, 0, 0, 0, 0, 0, 0, 0, 0, 0, 0, 0, 0, 0, 0, 0, 0, 0, 0, 0, 0, 0, 0, 0, 0, 0, 0, 0, 0, 0, 0, 0, 0, 0, 0, 0, 0, 0, 0, 0, 0, 0, 0, 0, 0, 0, 0, 0, 0, 0, 0, 0, 0, 0, 0, 0, 0, 0, 0, 0, 0, 0, 0, 0, 0, 0, 0, 0, 0, 0, 0, 0, 0, 0, 0, 0, 0, 0, 0, 0, 0, 0, 0, 0, 0, 0, 0, 0, 0, 0, 0, 0, 0, 0, 0, 0, 0, 0, 0, 0, 0, 0, 0, 0, 0, 0, 0, 0, 0, 0, 0, 0, 0, 0, 0, 0, 0, 0, 0, 0, 0, 0, 0, 0, 0, 0, 0, 0, 0, 0, 0, 0, 0, 0, 0, 0, 0, 0, 0, 0, 0, 0, 0, 0, 0, 0, 0, 0, 0, 0, 0, 0, 0, 0, 0, 0, 0, 0, 0, 0, 0, 0, 0, 0, 0, 0, 0, 0, 0, 0, 0, 0, 0, 0, 0, 0, 0, 0, 0, 0, 0, 0, 0, 0, 0, 0, 0, 0, 0, 0, 0, 0, 0, 0, 0, 0, 0, 0, 0, 0, 0, 0, 0, 0, 0, 0, 0, 0, 0, 0, 0, 0, 0, 0, 0, 0, 0, 0, 0, 0, 0, 0, 0, 0, 0, 0, 0, 0, 0, 0, 0, 0, 0, 0, 0, 0, 0, 0, 0, 0, 0, 0, 0, 0, 0, 0, 0, 0, 0, 0, 0, 0, 0, 0, 0, 0, 0, 0, 0, 0, 0, 0, 0, 0, 0, 0, 0, 0, 0, 0, 0, 0, 0, 0, 0, 0, 0, 0, 0, 0, 0, 0, 0, 0, 0, 0, 0, 0, 0, 0, 0, 0, 0, 0, 0, 0, 0, 0, 0, 0, 0, 0, 0, 0, 0, 0, 0, 0, 0, 0, 0, 0, 0, 0, 0, 0, 0, 0, 0, 0, 0, 0, 0, 0, 0, 0, 0, 0, 0, 0, 0, 0, 0, 0, 0, 0, 0, 0, 0, 0, 0, 0, 0, 0, 0, 0, 0, 0, 0, 0, 0, 0, 0, 0, 0, 0, 0, 0, 0, 0, 0, 0, 0, 0, 0, 0, 0, 0, 0, 0, 0, 0, 0, 0, 0, 0, 0, 0, 0, 0, 0, 0, 0, 0, 0, 0, 0, 0, 0, 0, 0, 0, 0, 0, 0, 0, 0, 0, 0, 0, 0, 0, 0, 0, 0, 0, 0, 0, 0, 0, 0, 0, 0, 0, 0, 0, 0, 0, 0, 0, 0, 0, 0, 0, 0, 0, 0, 0, 0, 0, 0, 0, 0, 0, 0, 0, 0, 0, 0, 0, 0, 0, 0, 0, 0, 0, 0, 0, 0, 0, 0, 0, 0, 0, 0, 0, 0, 0, 0, 0, 0, 0, 0, 0, 0, 0, 0, 0, 0, 0, 0, 0]",0.0,"[0.0, 0.0, 0.0, 0.0, 0.0, 0.0, 0.0, 0.0, 0.0, 0.0, 0.0, 0.0, 0.0, 0.0, 0.0, 0.0, 0.0, 0.0, 0.0, 0.0, 0.0, 0.0, 0.0, 0.0, 0.0, 0.0, 0.0, 0.0, 0.0, 0.0, 0.0, 0.0, 0.0, 0.0, 0.0, 0.0, 0.0, 0.0, 0.0, 0.0, 0.0, 0.0, 0.0, 0.0, 0.0, 0.0, 0.0, 0.0, 0.0, 0.0, 0.0, 0.0, 0.0, 0.0, 0.0, 0.0, 0.0, 0.0, 0.0, 0.0, 0.0, 0.0, 0.0, 0.0, 0.0, 0.0, 0.0, 0.0, 0.0, 0.0, 0.0, 0.0, 0.0, 0.0, 0.0, 0.0, 0.0, 0.0, 0.0, 0.0, 0.0, 0.0, 0.0, 0.0, 0.0, 0.0, 0.0, 0.0, 0.0, 0.0, 0.0, 0.0, 0.0, 0.0, 0.0, 0.0, 0.0, 0.0, 0.0, 0.0, 0.0, 0.0, 0.0, 0.0, 0.0, 0.0, 0.0, 0.0, 0.0, 0.0, 0.0, 0.0, 0.0, 0.0, 0.0, 0.0, 0.0, 0.0, 0.0, 0.0, 0.0, 0.0, 0.0, 0.0, 0.0, 0.0, 0.0, 0.0, 0.0, 0.0, 0.0, 0.0, 0.0, 0.0, 0.0, 0.0, 0.0, 0.0, 0.0, 0.0, 0.0, 0.0, 0.0, 0.0, 0.0, 0.0, 0.0, 0.0, 0.0, 0.0, 0.0, 0.0, 0.0, 0.0, 0.0, 0.0, 0.0, 0.0, 0.0, 0.0, 0.0, 0.0, 0.0, 0.0, 0.0, 0.0, 0.0, 0.0, 0.0, 0.0, 0.0, 0.0, 0.0, 0.0, 0.0, 0.0, 0.0, 0.0, 0.0, 0.0, 0.0, 0.0, 0.0, 0.0, 0.0, 0.0, 0.0, 0.0, 0.0, 0.0, 0.0, 0.0, 0.0, 0.0, 0.0, 0.0, 0.0, 0.0, 0.0, 0.0, 0.0, 0.0, 0.0, 0.0, 0.0, 0.0, 0.0, 0.0, 0.0, 0.0, 0.0, 0.0, 0.0, 0.0, 0.0, 0.0, 0.0, 0.0, 0.0, 0.0, 0.0, 0.0, 0.0, 0.0, 0.0, 0.0, 0.0, 0.0, 0.0, 0.0, 0.0, 0.0, 0.0, 0.0, 0.0, 0.0, 0.0, 0.0, 0.0, 0.0, 0.0, 0.0, 0.0, 0.0, 0.0, 0.0, 0.0, 0.0, 0.0, 0.0, 0.0, 0.0, 0.0, 0.0, 0.0, 0.0, 0.0, 0.0, 0.0, 0.0, 0.0, 0.0, 0.0, 0.0, 0.0, 0.0, 0.0, 0.0, 0.0, 0.0, 0.0, 0.0, 0.0, 0.0, 0.0, 0.0, 0.0, 0.0, 0.0, 0.0, 0.0, 0.0, 0.0, 0.0, 0.0, 0.0, 0.0, 0.0, 0.0, 0.0, 0.0, 0.0, 0.0, 0.0, 0.0, 0.0, 0.0, 0.0, 0.0, 0.0, 0.0, 0.0, 0.0, 0.0, 0.0, 0.0, 0.0, 0.0, 0.0, 0.0, 0.0, 0.0, 0.0, 0.0, 0.0, 0.0, 0.0, 0.0, 0.0, 0.0, 0.0, 0.0, 0.0, 0.0, 0.0, 0.0, 0.0, 0.0, 0.0, 0.0, 0.0, 0.0, 0.0, 0.0, 0.0, 0.0, 0.0, 0.0, 0.0, 0.0, 0.0, 0.0, 0.0, 0.0, 0.0, 0.0, 0.0, 0.0, 0.0, 0.0, 0.0, 0.0, 0.0, 0.0, 0.0, 0.0, 0.0, 0.0, 0.0, 0.0, 0.0, 0.0, 0.0, 0.0, 0.0, 0.0, 0.0, 0.0, 0.0, 0.0, 0.0, 0.0, 0.0, 0.0, 0.0, 0.0, 0.0, 0.0, 0.0, 0.0, 0.0, 0.0, 0.0, 0.0, 0.0, 0.0, 0.0, 0.0, 0.0, 0.0, 0.0, 0.0, 0.0, 0.0, 0.0, 0.0, 0.0, 0.0, 0.0, 0.0, 0.0, 0.0, 0.0, 0.0, 0.0, 0.0, 0.0, 0.0, 0.0, 0.0, 0.0, 0.0, 0.0, 0.0, 0.0, 0.0, 0.0, 0.0, 0.0, 0.0, 0.0, 0.0, 0.0, 0.0, 0.0, 0.0, 0.0, 0.0, 0.0, 0.0, 0.0, 0.0, 0.0, 0.0, 0.0, 0.0, 0.0, 0.0, 0.0, 0.0, 0.0, 0.0, 0.0, 0.0, 0.0, 0.0, 0.0, 0.0, 0.0, 0.0, 0.0, 0.0, 0.0, 0.0, 0.0, 0.0, 0.0, 0.0, 0.0, 0.0, 0.0, 0.0, 0.0, 0.0, 0.0, 0.0, 0.0, 0.0, 0.0, 0.0, 0.0, 0.0, 0.0, 0.0, 0.0, 0.0, 0.0, 0.0, 0.0, 0.0, 0.0, 0.0, 0.0, 0.0, 0.0, 0.0, 0.0, 0.0, 0.0, 0.0]",0.5,0.5,0,"[0, 0, 0, 0, 0, 0, 0, 0, 0, 0, 0, 0, 0, 0, 0, 0, 0, 0, 0, 0, 0, 0, 0, 0, 0, 0, 0, 0, 0, 0, 0, 0, 0, 0, 0, 0, 0, 0, 0, 0, 0, 0, 0, 0, 0, 0, 0, 0, 0, 0, 0, 0, 0, 0, 0, 0, 0, 0, 0, 0, 0, 0, 0, 0, 0, 0, 0, 0, 0, 0, 0, 0, 0, 0, 0, 0, 0, 0, 0, 0, 0, 0, 0, 0, 0, 0, 0, 0, 0, 0, 0, 0, 0, 0, 0, 0, 0, 0, 0, 0, 0, 0, 0, 0, 0, 0, 0, 0, 0, 0, 0, 0, 0, 0, 0, 0, 0, 0, 0, 0, 0, 0, 0, 0, 0, 0, 0, 0, 0, 0, 0, 0, 0, 0, 0, 0, 0, 0, 0, 0, 0, 0, 0, 0, 0, 0, 0, 0, 0, 0, 0, 0, 0, 0, 0, 0, 0, 0, 0, 0, 0, 0, 0, 0, 0, 0, 0, 0, 0, 0, 0, 0, 0, 0, 0, 0, 0, 0, 0, 0, 0, 0, 0, 0, 0, 0, 0, 0, 0, 0, 0, 0, 0, 0, 0, 0, 0, 0, 0, 0, 0, 0, 0, 0, 0, 0, 0, 0, 0, 0, 0, 0, 0, 0, 0, 0, 0, 0, 0, 0, 0, 0, 0, 0, 0, 0, 0, 0, 0, 0, 0, 0, 0, 0, 0, 0, 0, 0, 0, 0, 0, 0, 0, 0, 0, 0, 0, 0, 0, 0, 0, 0, 0, 0, 0, 0, 0, 0, 0, 0, 0, 0, 0, 0, 0, 0, 0, 0, 0, 0, 0, 0, 0, 0, 0, 0, 0, 0, 0, 0, 0, 0, 0, 0, 0, 0, 0, 0, 0, 0, 0, 0, 0, 0, 0, 0, 0, 0, 0, 0, 0, 0, 0, 0, 0, 0, 0, 0, 0, 0, 0, 0, 0, 0, 0, 0, 0, 0, 0, 0, 0, 0, 0, 0, 0, 0, 0, 0, 0, 0, 0, 0, 0, 0, 0, 0, 0, 0, 0, 0, 0, 0, 0, 0, 0, 0, 0, 0, 0, 0, 0, 0, 0, 0, 0, 0, 0, 0, 0, 0, 0, 0, 0, 0, 0, 0, 0, 0, 0, 0, 0, 0, 0, 0, 0, 0, 0, 0, 0, 0, 0, 0, 0, 0, 0, 0, 0, 0, 0, 0, 0, 0, 0, 0, 0, 0, 0, 0, 0, 0, 0, 0, 0, 0, 0, 0, 0, 0, 0, 0, 0, 0, 0, 0, 0, 0, 0, 0, 0, 0, 0, 0, 0, 0, 0, 0, 0, 0, 0, 0, 0, 0, 0, 0, 0, 0, 0, 0, 0, 0, 0, 0, 0, 0, 0, 0, 0, 0, 0, 0, 0, 0, 0, 0, 0, 0, 0, 0, 0, 0, 0, 0, 0, 0, 0, 0, 0, 0, 0, 0, 0, 0, 0, 0, 0, 0, 0, 0, 0, 0, 0, 0, 0, 0, 0, 0, 0, 0, 0, 0]",490,"[0.4683242738246918, 0.4580109119415283, 0.5615728497505188, 0.41074326634407043, 0.6630396842956543, 0.8169601559638977, 0.6851370334625244, 0.4231199324131012, 1.8595494031906128, 0.48762214183807373, 0.5497679710388184, 0.4628235697746277, 0.4095057249069214, 0.46071088314056396, 0.4077788293361664, 0.5061902403831482, 0.4765070080757141, 1.0871899127960205, 0.9401329755783081, 0.40918150544166565, 0.8096567392349243, 0.40727782249450684, 2.017892360687256, 0.43557965755462646, 0.604724645614624, 0.43409499526023865, 0.49000096321105957, 0.7546255588531494, 0.7701892256736755, 0.6185779571533203, 0.5591217875480652, 0.5084488391876221, 0.6009200811386108, 0.5759987235069275, 0.6144134998321533, 0.40840208530426025, 0.706999659538269, 0.9462441802024841, 0.7743476629257202, 1.7577415704727173, 0.8118098974227905, 0.4090661108493805, 0.5687955617904663, 0.4670133590698242, 0.4072340726852417, 0.40944987535476685, 0.42134130001068115, 0.6493696570396423, 0.7335819005966187, 0.4096050262451172, 0.4100435674190521, 0.6430571675300598, 0.755582332611084, 0.5945211052894592, 0.5433462262153625, 1.3804782629013062, 0.5117202401161194, 0.5198217630386353, 0.8395134806632996, 1.0695000886917114, 0.44540008902549744, 0.539462149143219, 0.8682182431221008, 0.49982571601867676, 0.410054087638855, 0.7263115048408508, 0.5529385209083557, 0.617868959903717, 1.8560272455215454, 0.9554805755615234, 0.40904513001441956, 0.4485740661621094, 2.529048204421997, 0.4469427168369293, 1.3635708093643188, 1.7154502868652344, 0.44280198216438293, 0.41715455055236816, 0.46891525387763977, 0.5356042385101318, 0.44688957929611206, 0.7976598143577576, 0.9043332934379578, 0.40936213731765747, 0.40736305713653564, 0.4146336317062378, 1.1322871446609497, 0.40999770164489746, 0.5520810484886169, 0.49800631403923035, 0.5589804649353027, 0.7244815826416016, 0.5509936213493347, 0.44688594341278076, 0.5131822824478149, 0.8730018734931946, 0.5569444894790649, 0.6621951460838318, 0.45284193754196167, 0.5319485068321228, 0.5552833676338196, 0.45627254247665405, 0.8968578577041626, 0.4943147599697113, 0.5341993570327759, 0.4470342993736267, 1.2166846990585327, 0.9718853235244751, 0.5588821172714233, 0.6202124953269958, 0.4471118152141571, 1.8559995889663696, 0.47574013471603394, 0.4106544852256775, 0.41357678174972534, 0.5734588503837585, 0.45703205466270447, 0.7532196044921875, 0.7764134407043457, 0.5134017467498779, 0.4509817957878113, 0.4472372531890869, 1.2382068634033203, 0.42855843901634216, 0.42835158109664917, 0.47557106614112854, 0.6019010543823242, 0.4520763158798218, 0.6455617547035217, 0.7409414052963257, 0.40722620487213135, 0.4104278087615967, 0.5642129778862, 0.41540634632110596, 0.4571950435638428, 0.4639624059200287, 0.5635631680488586, 0.41592028737068176, 1.0245599746704102, 0.6656333804130554, 0.5473681092262268, 0.5305553674697876, 0.9321609735488892, 0.5455203652381897, 0.9969475269317627, 0.9254555702209473, 0.4089885652065277, 0.5262488722801208, 0.4948956370353699, 1.6961849927902222, 1.1600711345672607, 0.6380929946899414, 0.4534931480884552, 0.5243938565254211, 0.5798885226249695, 0.5054595470428467, 0.48804977536201477, 0.7712152004241943, 0.5154508352279663, 1.7554802894592285, 0.4390632212162018, 0.595562219619751, 0.5219515562057495, 0.985816240310669, 0.6759307384490967, 0.4265664219856262, 0.44807565212249756, 0.4942324161529541, 0.44773799180984497, 1.2399650812149048, 0.999294638633728, 0.7439698576927185, 1.5378341674804688, 0.44905099272727966, 0.49514034390449524, 1.1949279308319092, 0.48938706517219543, 0.45795223116874695, 0.7643173336982727, 1.4477647542953491, 0.40725433826446533, 0.7500105500221252, 0.6647237539291382, 1.1074336767196655, 0.7141804695129395, 0.41066333651542664, 0.5428182482719421, 0.48197269439697266, 0.4246944785118103, 0.4517907202243805, 0.4090519845485687, 0.9115622043609619, 0.4073939025402069, 0.5128453373908997, 0.8587366342544556, 0.968345582485199, 0.8181593418121338, 1.023314118385315, 0.7515701055526733, 1.127801775932312, 0.4398800730705261, 0.4263118803501129, 0.4327925145626068, 1.0493937730789185, 0.6342675089836121, 0.4468931257724762, 0.5242250561714172, 0.8087586164474487, 1.5579566955566406, 1.6852521896362305, 0.5456328988075256, 0.48855701088905334, 0.9217903017997742, 0.42686396837234497, 0.4981873333454132, 0.44697245955467224, 0.47337642312049866, 0.6689932346343994, 0.4523886740207672, 0.5051256418228149, 0.4074691832065582, 0.41634640097618103, 0.6600084900856018, 0.8295576572418213, 0.4084402322769165, 1.0609647035598755, 0.5163308382034302, 0.62748122215271, 0.5740294456481934, 0.8972615599632263, 0.42743930220603943, 0.58280348777771, 0.4496527910232544, 0.4469429850578308, 1.1371742486953735, 0.593878984451294, 0.44764649868011475, 0.411690890789032, 0.6780469417572021, 0.4272327423095703, 0.4142198860645294, 0.4496477544307709, 0.7497830986976624, 0.4997485876083374, 0.850543200969696, 0.7198022603988647, 0.5884057283401489, 0.8735908269882202, 0.9921290874481201, 0.7840268015861511, 0.477737694978714, 0.5707525014877319, 0.4814082086086273, 0.4601801633834839, 0.7430591583251953, 0.529876708984375, 0.5673683881759644, 0.48470333218574524, 0.42717742919921875, 0.44752001762390137, 0.4520385265350342, 0.5699007511138916, 0.6700488328933716, 0.45398402214050293, 0.4259757697582245, 0.45356082916259766, 0.5486358404159546, 0.41955018043518066, 1.5041477680206299, 0.4100075662136078, 0.40832507610321045, 0.49729493260383606, 0.7438186407089233, 0.520963191986084, 1.18013334274292, 1.5640045404434204, 0.5574479103088379, 0.41188129782676697, 0.46269381046295166, 0.5199815630912781, 0.407231867313385, 0.4256347417831421, 0.45483630895614624, 0.43974822759628296, 0.4286154508590698, 0.46780872344970703, 0.40743348002433777, 0.41066890954971313, 0.5921891331672668, 0.4080072045326233, 0.4985174536705017, 1.5202858448028564, 0.5272096395492554, 0.42268672585487366, 1.7043967247009277, 0.5818132162094116, 0.514919102191925, 0.471627414226532, 0.4228563606739044, 0.4550537168979645, 0.40722766518592834, 0.8868418335914612, 0.6253765225410461, 0.4469175338745117, 0.5542190074920654, 0.4517665505409241, 0.8937666416168213, 0.4167492985725403, 0.5125606060028076, 0.5579946637153625, 0.6435152292251587, 0.6009798049926758, 0.4518941640853882, 1.2221180200576782, 0.5163256525993347, 0.4832891523838043, 0.45895394682884216, 0.8135809898376465, 1.6731369495391846, 0.4072343409061432, 0.5017498135566711, 0.4876967966556549, 0.4469756782054901, 0.5117403864860535, 1.0350055694580078, 0.6465533375740051, 0.48130252957344055, 0.6763694882392883, 0.42466288805007935, 0.8993421196937561, 0.5272189974784851, 0.728711724281311, 0.7682961821556091, 1.9953960180282593, 0.4080813527107239, 0.5528160333633423, 0.47111809253692627, 0.49841052293777466, 0.4205661118030548, 0.5725241303443909, 0.4666232168674469, 0.5636312365531921, 0.5545955896377563, 0.835539698600769, 0.7482197284698486, 0.5298030972480774, 0.48917239904403687, 0.4248489737510681, 1.1835222244262695, 0.40820664167404175, 0.4265618920326233, 0.9992705583572388, 0.5368856191635132, 1.0919359922409058, 0.5440714359283447, 0.5795519351959229, 0.7124778628349304, 1.3500820398330688, 1.0483653545379639, 0.8584451079368591, 0.4109720289707184, 0.9166496396064758, 0.7204586267471313, 0.408735990524292, 0.42563679814338684, 0.566095769405365, 1.3778399229049683, 0.9443561434745789, 0.4176739752292633, 0.8018708229064941, 1.4728084802627563, 0.40731433033943176, 0.4491306245326996, 0.45062243938446045, 0.46415531635284424, 0.4486349821090698, 0.4102614223957062, 0.4497860372066498, 0.47029799222946167, 0.9314292073249817, 0.49301502108573914, 0.6204657554626465, 1.2731281518936157, 0.4254467785358429, 0.44702744483947754, 0.47094058990478516, 0.4819038510322571, 0.5300987958908081, 0.48093459010124207, 0.7625148892402649, 1.2168022394180298, 0.41571956872940063, 0.9689666628837585, 0.4673043489456177, 0.8572412133216858, 0.4785436689853668, 0.5288522839546204, 0.6208143830299377, 0.49397048354148865, 0.40965449810028076, 0.45264366269111633, 0.6302348971366882, 1.3376301527023315, 0.5998739004135132, 0.40901249647140503, 1.9400808811187744, 0.45184126496315, 0.5799915194511414, 0.5586826205253601, 0.7709560394287109, 0.5981776714324951, 0.4269885718822479, 0.553087592124939, 0.5172367691993713, 0.5117626190185547, 0.5465579032897949, 0.48063552379608154, 0.46561822295188904, 0.9745007157325745, 0.6713858842849731, 1.2166104316711426, 0.5344608426094055, 0.7619871497154236, 0.841015636920929, 0.6054487228393555, 0.4079754650592804, 0.5941654443740845, 1.4500850439071655, 0.5487236976623535, 0.6507232189178467, 0.742109477519989, 1.0665791034698486, 0.6988217830657959, 0.5344135761260986, 0.563810408115387, 0.8465741872787476, 0.4089513123035431, 0.7697843909263611, 0.5994269251823425, 0.4647254943847656, 0.5755208730697632, 0.4725167453289032, 1.1271350383758545, 0.9688037633895874, 0.4092531204223633, 0.5977755784988403, 0.9065255522727966, 1.0193703174591064, 1.7077616453170776, 1.387040376663208, 0.7641304135322571, 0.4142412841320038, 0.9583380222320557, 0.4106065332889557, 1.6691906452178955, 0.42003005743026733, 0.4106665849685669, 0.9401683807373047, 0.40978217124938965, 0.7748884558677673, 0.4093226492404938, 0.8699471950531006, 0.4364398121833801, 1.6197048425674438, 0.40733733773231506, 0.5331937074661255, 0.9630700945854187, 0.8907153606414795, 0.4172118008136749, 0.5276694297790527, 1.0199958086013794, 0.44688498973846436, 0.42038169503211975, 0.4075995683670044, 0.4166104197502136, 0.5798894166946411, 0.512567400932312, 1.0391182899475098, 1.0313247442245483, 0.4076244831085205, 0.41644126176834106, 0.4935101568698883, 1.9894558191299438, 0.7490870952606201, 0.6448779106140137, 0.41251426935195923, 1.1012705564498901, 2.476503849029541, 0.5519533157348633, 0.7375918030738831]",0.0,"[0.0, 0.0, 0.0, 0.0, 0.0, 0.0, 0.0, 0.0, 0.0, 0.0, 0.0, 0.0, 0.0, 0.0, 0.0, 0.0, 0.0, 0.0, 0.0, 0.0, 0.0, 0.0, 0.0, 0.0, 0.0, 0.0, 0.0, 0.0, 0.0, 0.0, 0.0, 0.0, 0.0, 0.0, 0.0, 0.0, 0.0, 0.0, 0.0, 0.0, 0.0, 0.0, 0.0, 0.0, 0.0, 0.0, 0.0, 0.0, 0.0, 0.0, 0.0, 0.0, 0.0, 0.0, 0.0, 0.0, 0.0, 0.0, 0.0, 0.0, 0.0, 0.0, 0.0, 0.0, 0.0, 0.0, 0.0, 0.0, 0.0, 0.0, 0.0, 0.0, 0.0, 0.0, 0.0, 0.0, 0.0, 0.0, 0.0, 0.0, 0.0, 0.0, 0.0, 0.0, 0.0, 0.0, 0.0, 0.0, 0.0, 0.0, 0.0, 0.0, 0.0, 0.0, 0.0, 0.0, 0.0, 0.0, 0.0, 0.0, 0.0, 0.0, 0.0, 0.0, 0.0, 0.0, 0.0, 0.0, 0.0, 0.0, 0.0, 0.0, 0.0, 0.0, 0.0, 0.0, 0.0, 0.0, 0.0, 0.0, 0.0, 0.0, 0.0, 0.0, 0.0, 0.0, 0.0, 0.0, 0.0, 0.0, 0.0, 0.0, 0.0, 0.0, 0.0, 0.0, 0.0, 0.0, 0.0, 0.0, 0.0, 0.0, 0.0, 0.0, 0.0, 0.0, 0.0, 0.0, 0.0, 0.0, 0.0, 0.0, 0.0, 0.0, 0.0, 0.0, 0.0, 0.0, 0.0, 0.0, 0.0, 0.0, 0.0, 0.0, 0.0, 0.0, 0.0, 0.0, 0.0, 0.0, 0.0, 0.0, 0.0, 0.0, 0.0, 0.0, 0.0, 0.0, 0.0, 0.0, 0.0, 0.0, 0.0, 0.0, 0.0, 0.0, 0.0, 0.0, 0.0, 0.0, 0.0, 0.0, 0.0, 0.0, 0.0, 0.0, 0.0, 0.0, 0.0, 0.0, 0.0, 0.0, 0.0, 0.0, 0.0, 0.0, 0.0, 0.0, 0.0, 0.0, 0.0, 0.0, 0.0, 0.0, 0.0, 0.0, 0.0, 0.0, 0.0, 0.0, 0.0, 0.0, 0.0, 0.0, 0.0, 0.0, 0.0, 0.0, 0.0, 0.0, 0.0, 0.0, 0.0, 0.0, 0.0, 0.0, 0.0, 0.0, 0.0, 0.0, 0.0, 0.0, 0.0, 0.0, 0.0, 0.0, 0.0, 0.0, 0.0, 0.0, 0.0, 0.0, 0.0, 0.0, 0.0, 0.0, 0.0, 0.0, 0.0, 0.0, 0.0, 0.0, 0.0, 0.0, 0.0, 0.0, 0.0, 0.0, 0.0, 0.0, 0.0, 0.0, 0.0, 0.0, 0.0, 0.0, 0.0, 0.0, 0.0, 0.0, 0.0, 0.0, 0.0, 0.0, 0.0, 0.0, 0.0, 0.0, 0.0, 0.0, 0.0, 0.0, 0.0, 0.0, 0.0, 0.0, 0.0, 0.0, 0.0, 0.0, 0.0, 0.0, 0.0, 0.0, 0.0, 0.0, 0.0, 0.0, 0.0, 0.0, 0.0, 0.0, 0.0, 0.0, 0.0, 0.0, 0.0, 0.0, 0.0, 0.0, 0.0, 0.0, 0.0, 0.0, 0.0, 0.0, 0.0, 0.0, 0.0, 0.0, 0.0, 0.0, 0.0, 0.0, 0.0, 0.0, 0.0, 0.0, 0.0, 0.0, 0.0, 0.0, 0.0, 0.0, 0.0, 0.0, 0.0, 0.0, 0.0, 0.0, 0.0, 0.0, 0.0, 0.0, 0.0, 0.0, 0.0, 0.0, 0.0, 0.0, 0.0, 0.0, 0.0, 0.0, 0.0, 0.0, 0.0, 0.0, 0.0, 0.0, 0.0, 0.0, 0.0, 0.0, 0.0, 0.0, 0.0, 0.0, 0.0, 0.0, 0.0, 0.0, 0.0, 0.0, 0.0, 0.0, 0.0, 0.0, 0.0, 0.0, 0.0, 0.0, 0.0, 0.0, 0.0, 0.0, 0.0, 0.0, 0.0, 0.0, 0.0, 0.0, 0.0, 0.0, 0.0, 0.0, 0.0, 0.0, 0.0, 0.0, 0.0, 0.0, 0.0, 0.0, 0.0, 0.0, 0.0, 0.0, 0.0, 0.0, 0.0, 0.0, 0.0, 0.0, 0.0, 0.0, 0.0, 0.0, 0.0, 0.0, 0.0, 0.0, 0.0, 0.0, 0.0, 0.0, 0.0, 0.0, 0.0, 0.0, 0.0, 0.0, 0.0, 0.0, 0.0, 0.0, 0.0, 0.0, 0.0, 0.0, 0.0, 0.0, 0.0, 0.0, 0.0, 0.0, 0.0, 0.0, 0.0, 0.0, 0.0, 0.0, 0.0, 0.0, 0.0, 0.0, 0.0, 0.0, 0.0, 0.0, 0.0, 0.0, 0.0, 0.0, 0.0, 0.0, 0.0, 0.0, 0.0, 0.0, 0.0, 0.0, 0.0, 0.0, 0.0, 0.0, 0.0, 0.0, 0.0, 0.0]",COMPLETE
