,number,value,datetime_start,datetime_complete,duration,params_batch_size_scaler,params_constant_learning_rate,params_depth,params_epochs,params_kernel_l2,params_num_trees,params_temperature,user_attrs_accuracy_test,user_attrs_accuracy_valid,user_attrs_approximate_feature_sparsity,user_attrs_approximate_feature_sparsity_history,user_attrs_approximate_weight_sparsity,user_attrs_approximate_weight_sparsity_history,user_attrs_auc_test,user_attrs_auc_valid,user_attrs_feature_sparsity,user_attrs_feature_sparsity_history,user_attrs_num_epochs,user_attrs_val_loss_history,user_attrs_weight_sparsity,user_attrs_weight_sparsity_history,state
120,120,0.7652097744457755,2024-08-31 06:05:23.620954,2024-08-31 06:07:02.753599,0 days 00:01:39.132645,16,0.021657722842423222,4,405,0.05415460882035508,63,0.029563905974015016,0.881,0.87625,33,"[33, 33, 33, 33, 33, 33, 33, 33, 33, 33, 33, 33, 33, 33, 33, 33, 33, 33, 33, 33, 33, 33, 33, 33, 33, 33, 33, 33, 33, 33, 33, 33, 33, 33, 33, 33, 33, 33, 33, 33, 33, 33, 33, 33, 33, 33, 33, 33, 33, 33, 33, 33, 33, 33, 33, 33, 33, 33, 33, 33, 33, 33, 33, 33, 33, 33, 33, 33, 33, 33, 33, 33, 33, 33, 33, 33, 33, 33, 33, 33, 33, 33, 33, 33, 33, 33, 33, 33, 33, 33, 33, 33, 33, 33, 33, 33, 33, 33, 33, 33, 33, 33, 33, 33, 33, 33, 33, 33, 33, 33, 33, 33, 33, 33, 33, 33, 33, 33, 33, 33, 33, 33, 33, 33, 33, 33, 33, 33, 33, 33, 33, 33, 33, 33, 33, 33, 33, 33, 33, 33, 33, 33, 33, 33, 33, 33, 33, 33, 33, 33, 33, 33, 33, 33, 33, 33, 33, 33, 33, 33, 33, 33, 33, 33, 33, 33, 33, 33, 33, 33, 33, 33, 33, 33, 33, 33, 33, 33, 33, 33, 33, 33, 33, 33, 33, 33, 33, 33, 33, 33, 33, 33, 33, 33, 33, 33, 33, 33, 33, 33, 33, 33, 33, 33, 33, 33, 33, 33, 33, 33, 33, 33, 33, 33, 33, 33, 33, 33, 33, 33, 33, 33, 33, 33, 33, 33, 33, 33, 33, 33, 33, 33, 33, 33, 33, 33, 33, 33, 33, 33, 33, 33, 33, 33, 33, 33, 33, 33, 33, 33, 33, 33, 33, 33, 33, 33, 33, 33, 33, 33, 33, 33, 33, 33, 33, 33, 33, 33, 33, 33, 33, 33, 33, 33, 33, 33, 33, 33, 33, 33, 33, 33, 33, 33, 33, 33, 33, 33, 33, 33, 33, 33, 33, 33, 33, 33, 33, 33, 33, 33, 33, 33, 33, 33, 33, 33, 33, 33, 33, 33, 33, 33, 33, 33, 33, 33, 33, 33, 33, 33, 33, 33, 33, 33, 33, 33, 33, 33, 33, 33, 33, 33, 33, 33, 33, 33, 33, 33, 33, 33, 33, 33, 33, 33, 33, 33, 33, 33, 33, 33, 33, 33, 33, 33, 33, 33, 33, 33, 33, 33, 33, 33, 33, 33, 33, 33, 33, 33, 33, 33, 33, 33, 33, 33, 33, 33, 33, 33, 33, 33, 33, 33, 33, 33, 33, 33, 33, 33, 33, 33, 33, 33, 33, 33, 33, 33, 33, 33, 33, 33, 33, 33, 33, 33, 33]",32.96402116402116,"[32.955555555555556, 32.95238095238095, 32.955555555555556, 32.957671957671955, 32.957671957671955, 32.957671957671955, 32.95449735449735, 32.95026455026455, 32.95132275132275, 32.94920634920635, 32.952380952380956, 32.95873015873016, 32.95026455026455, 32.94391534391534, 32.954497354497356, 32.957671957671955, 32.957671957671955, 32.954497354497356, 32.95132275132275, 32.956613756613756, 32.954497354497356, 32.955555555555556, 32.95767195767196, 32.96084656084656, 32.957671957671955, 32.958730158730155, 32.955555555555556, 32.96402116402116, 32.973544973544975, 32.96719576719577, 32.96613756613757, 32.96296296296296, 32.96402116402117, 32.96084656084656, 32.96825396825397, 32.96825396825397, 32.972486772486775, 32.96613756613757, 32.96507936507936, 32.95978835978836, 32.96613756613756, 32.96296296296296, 32.96507936507937, 32.96719576719577, 32.96402116402116, 32.96190476190476, 32.96825396825396, 32.96931216931217, 32.96613756613756, 32.96507936507936, 32.96402116402116, 32.96402116402116, 32.97037037037037, 32.96507936507936, 32.96402116402116, 32.96190476190476, 32.96402116402116, 32.95978835978836, 32.958730158730155, 32.956613756613756, 32.96190476190476, 32.94920634920635, 32.955555555555556, 32.95873015873016, 32.955555555555556, 32.957671957671955, 32.95978835978836, 32.96084656084656, 32.95978835978836, 32.956613756613756, 32.957671957671955, 32.957671957671955, 32.957671957671955, 32.95873015873016, 32.958730158730155, 32.96402116402116, 32.956613756613756, 32.957671957671955, 32.954497354497356, 32.952380952380956, 32.95026455026455, 32.958730158730155, 32.955555555555556, 32.954497354497356, 32.957671957671955, 32.954497354497356, 32.954497354497356, 32.956613756613756, 32.954497354497356, 32.95238095238095, 32.94708994708995, 32.94497354497354, 32.94285714285714, 32.94497354497355, 32.94708994708995, 32.94814814814815, 32.954497354497356, 32.955555555555556, 32.954497354497356, 32.957671957671955, 32.95978835978836, 32.95978835978836, 32.96719576719576, 32.96613756613756, 32.95978835978836, 32.96402116402117, 32.96613756613757, 32.96190476190476, 32.95978835978836, 32.96084656084656, 32.956613756613756, 32.95767195767196, 32.96190476190476, 32.96296296296296, 32.96296296296296, 32.96190476190476, 32.96084656084656, 32.96402116402116, 32.96190476190476, 32.96190476190476, 32.96084656084656, 32.958730158730155, 32.95343915343915, 32.94708994708995, 32.94814814814815, 32.94814814814815, 32.95343915343915, 32.955555555555556, 32.957671957671955, 32.95873015873016, 32.95978835978836, 32.96296296296296, 32.96507936507936, 32.96084656084656, 32.96084656084656, 32.954497354497356, 32.954497354497356, 32.955555555555556, 32.95238095238095, 32.95238095238095, 32.95132275132275, 32.954497354497356, 32.955555555555556, 32.954497354497356, 32.95767195767196, 32.957671957671955, 32.95978835978836, 32.95767195767196, 32.958730158730155, 32.958730158730155, 32.953439153439156, 32.953439153439156, 32.955555555555556, 32.957671957671955, 32.955555555555556, 32.956613756613756, 32.95238095238095, 32.95132275132275, 32.955555555555556, 32.95132275132275, 32.95238095238095, 32.95132275132275, 32.953439153439156, 32.953439153439156, 32.953439153439156, 32.954497354497356, 32.95132275132275, 32.953439153439156, 32.955555555555556, 32.952380952380956, 32.94920634920635, 32.94920634920635, 32.955555555555556, 32.956613756613756, 32.955555555555556, 32.954497354497356, 32.95238095238095, 32.96084656084656, 32.95978835978836, 32.95873015873016, 32.95978835978836, 32.957671957671955, 32.95978835978836, 32.96190476190476, 32.958730158730155, 32.95873015873016, 32.95767195767196, 32.956613756613756, 32.95449735449735, 32.95873015873016, 32.96190476190476, 32.95978835978836, 32.95978835978836, 32.96190476190476, 32.96296296296296, 32.96296296296296, 32.958730158730155, 32.957671957671955, 32.955555555555556, 32.95873015873016, 32.96084656084656, 32.95978835978836, 32.96084656084656, 32.95978835978836, 32.96190476190476, 32.95767195767196, 32.953439153439156, 32.94920634920635, 32.94708994708995, 32.95132275132275, 32.953439153439156, 32.957671957671955, 32.95978835978836, 32.955555555555556, 32.954497354497356, 32.957671957671955, 32.95978835978836, 32.95978835978836, 32.956613756613756, 32.955555555555556, 32.955555555555556, 32.954497354497356, 32.954497354497356, 32.955555555555556, 32.955555555555556, 32.957671957671955, 32.95978835978836, 32.95767195767196, 32.957671957671955, 32.96084656084656, 32.96084656084656, 32.95873015873016, 32.954497354497356, 32.958730158730155, 32.95978835978836, 32.95873015873016, 32.954497354497356, 32.95132275132275, 32.95132275132275, 32.94814814814815, 32.94814814814815, 32.953439153439156, 32.94920634920635, 32.95026455026455, 32.95132275132275, 32.94814814814815, 32.952380952380956, 32.953439153439156, 32.953439153439156, 32.956613756613756, 32.953439153439156, 32.952380952380956, 32.953439153439156, 32.95449735449735, 32.95132275132275, 32.95132275132275, 32.955555555555556, 32.956613756613756, 32.956613756613756, 32.95449735449735, 32.955555555555556, 32.957671957671955, 32.958730158730155, 32.96084656084656, 32.958730158730155, 32.958730158730155, 32.95449735449735, 32.957671957671955, 32.95978835978836, 32.95978835978836, 32.96084656084656, 32.958730158730155, 32.957671957671955, 32.96084656084656, 32.957671957671955, 32.95978835978836, 32.96296296296296, 32.96507936507936, 32.96719576719576, 32.96402116402116, 32.96084656084656, 32.96084656084656, 32.96296296296296, 32.957671957671955, 32.95978835978836, 32.96084656084656, 32.959788359788355, 32.956613756613756, 32.955555555555556, 32.956613756613756, 32.952380952380956, 32.952380952380956, 32.95767195767196, 32.96084656084656, 32.96507936507937, 32.96719576719577, 32.96507936507936, 32.96190476190476, 32.96084656084656, 32.96084656084656, 32.96084656084656, 32.96084656084656, 32.96084656084656, 32.96402116402117, 32.96190476190476, 32.96296296296296, 32.96296296296296, 32.95767195767196, 32.955555555555556, 32.956613756613756, 32.954497354497356, 32.954497354497356, 32.954497354497356, 32.95238095238095, 32.958730158730155, 32.96084656084656, 32.96084656084656, 32.96402116402116, 32.96507936507936, 32.96825396825397, 32.96931216931217, 32.96613756613756, 32.96719576719577, 32.96825396825397, 32.96931216931217, 32.96931216931217, 32.97037037037037, 32.96825396825397, 32.96296296296296, 32.96402116402116, 32.96190476190476, 32.96190476190476, 32.96084656084656, 32.96613756613757, 32.96296296296296, 32.96296296296296, 32.96084656084656, 32.96084656084656, 32.96296296296296, 32.96613756613756, 32.96719576719577, 32.96613756613757, 32.96507936507936, 32.96507936507936, 32.96296296296296, 32.96507936507936, 32.96613756613756, 32.96613756613756, 32.96825396825397, 32.96931216931217, 32.96931216931217, 32.96931216931217, 32.96719576719577, 32.96613756613757, 32.96719576719577, 32.96613756613757, 32.96613756613757, 32.96931216931217, 32.96825396825397, 32.96719576719577, 32.96719576719577, 32.96719576719577, 32.96613756613757, 32.96613756613756, 32.96825396825397, 32.96719576719577, 32.96613756613756, 32.96719576719576, 32.97037037037037, 32.97037037037037, 32.972486772486775, 32.97142857142857, 32.97142857142857, 32.97037037037037, 32.96931216931217, 32.96613756613757, 32.96296296296296, 32.959788359788355, 32.958730158730155, 32.96296296296296, 32.96296296296296, 32.96296296296296, 32.958730158730155, 32.958730158730155, 32.956613756613756, 32.957671957671955, 32.956613756613756, 32.956613756613756, 32.957671957671955, 32.957671957671955, 32.95132275132275, 32.955555555555556, 32.958730158730155, 32.955555555555556, 32.95238095238095, 32.953439153439156, 32.957671957671955, 32.955555555555556, 32.957671957671955, 32.956613756613756, 32.956613756613756, 32.956613756613756, 32.96084656084656, 32.96402116402116, 32.96402116402116]",0.7956802813761672,0.7652097744457755,33,"[33, 33, 33, 33, 33, 33, 33, 33, 33, 33, 33, 33, 33, 33, 33, 33, 33, 33, 33, 33, 33, 33, 33, 33, 33, 33, 33, 33, 33, 33, 33, 33, 33, 33, 33, 33, 33, 33, 33, 33, 33, 33, 33, 33, 33, 33, 33, 33, 33, 33, 33, 33, 33, 33, 33, 33, 33, 33, 33, 33, 33, 33, 33, 33, 33, 33, 33, 33, 33, 33, 33, 33, 33, 33, 33, 33, 33, 33, 33, 33, 33, 33, 33, 33, 33, 33, 33, 33, 33, 33, 33, 33, 33, 33, 33, 33, 33, 33, 33, 33, 33, 33, 33, 33, 33, 33, 33, 33, 33, 33, 33, 33, 33, 33, 33, 33, 33, 33, 33, 33, 33, 33, 33, 33, 33, 33, 33, 33, 33, 33, 33, 33, 33, 33, 33, 33, 33, 33, 33, 33, 33, 33, 33, 33, 33, 33, 33, 33, 33, 33, 33, 33, 33, 33, 33, 33, 33, 33, 33, 33, 33, 33, 33, 33, 33, 33, 33, 33, 33, 33, 33, 33, 33, 33, 33, 33, 33, 33, 33, 33, 33, 33, 33, 33, 33, 33, 33, 33, 33, 33, 33, 33, 33, 33, 33, 33, 33, 33, 33, 33, 33, 33, 33, 33, 33, 33, 33, 33, 33, 33, 33, 33, 33, 33, 33, 33, 33, 33, 33, 33, 33, 33, 33, 33, 33, 33, 33, 33, 33, 33, 33, 33, 33, 33, 33, 33, 33, 33, 33, 33, 33, 33, 33, 33, 33, 33, 33, 33, 33, 33, 33, 33, 33, 33, 33, 33, 33, 33, 33, 33, 33, 33, 33, 33, 33, 33, 33, 33, 33, 33, 33, 33, 33, 33, 33, 33, 33, 33, 33, 33, 33, 33, 33, 33, 33, 33, 33, 33, 33, 33, 33, 33, 33, 33, 33, 33, 33, 33, 33, 33, 33, 33, 33, 33, 33, 33, 33, 33, 33, 33, 33, 33, 33, 33, 33, 33, 33, 33, 33, 33, 33, 33, 33, 33, 33, 33, 33, 33, 33, 33, 33, 33, 33, 33, 33, 33, 33, 33, 33, 33, 33, 33, 33, 33, 33, 33, 33, 33, 33, 33, 33, 33, 33, 33, 33, 33, 33, 33, 33, 33, 33, 33, 33, 33, 33, 33, 33, 33, 33, 33, 33, 33, 33, 33, 33, 33, 33, 33, 33, 33, 33, 33, 33, 33, 33, 33, 33, 33, 33, 33, 33, 33, 33, 33, 33, 33, 33, 33, 33, 33, 33, 33, 33, 33, 33]",405,"[0.505962073802948, 0.4507627785205841, 0.4292428493499756, 0.41933903098106384, 0.4138657748699188, 0.41065773367881775, 0.40861645340919495, 0.4071231782436371, 0.4058941602706909, 0.4047989547252655, 0.403786301612854, 0.40286076068878174, 0.4019812047481537, 0.4011651575565338, 0.40035945177078247, 0.39957255125045776, 0.39882633090019226, 0.3980849087238312, 0.39736852049827576, 0.39668166637420654, 0.3960222899913788, 0.3953877389431, 0.3947605490684509, 0.39414745569229126, 0.3935590386390686, 0.39300376176834106, 0.39243412017822266, 0.39187562465667725, 0.39135751128196716, 0.3908447027206421, 0.39032623171806335, 0.3898337483406067, 0.38935860991477966, 0.38888853788375854, 0.3884492814540863, 0.38799044489860535, 0.3875412046909332, 0.3871001899242401, 0.3866766393184662, 0.3862721621990204, 0.38587695360183716, 0.3855057656764984, 0.38512811064720154, 0.38475555181503296, 0.384390264749527, 0.3840567469596863, 0.38372620940208435, 0.38339927792549133, 0.3830568790435791, 0.382717102766037, 0.3823920488357544, 0.38207894563674927, 0.3817857801914215, 0.3814990222454071, 0.38120055198669434, 0.3809112310409546, 0.3806333839893341, 0.3803512156009674, 0.3800496757030487, 0.3797813355922699, 0.3795202970504761, 0.3792485296726227, 0.3789912760257721, 0.3787534832954407, 0.3785020411014557, 0.37827664613723755, 0.37804335355758667, 0.377827912569046, 0.3776083290576935, 0.37738198041915894, 0.37714409828186035, 0.37693747878074646, 0.3767182230949402, 0.3765370845794678, 0.3763141632080078, 0.37609410285949707, 0.3758775293827057, 0.37568092346191406, 0.3755054175853729, 0.3753456175327301, 0.3751497268676758, 0.37496939301490784, 0.3747870624065399, 0.37459099292755127, 0.37441790103912354, 0.37423205375671387, 0.37403860688209534, 0.3738795816898346, 0.3737175464630127, 0.3735329806804657, 0.37337008118629456, 0.37317997217178345, 0.3730028569698334, 0.3728429079055786, 0.3726903200149536, 0.3725411593914032, 0.37240588665008545, 0.37226828932762146, 0.37214145064353943, 0.3719734251499176, 0.37182602286338806, 0.371689110994339, 0.37155038118362427, 0.3714022934436798, 0.37127062678337097, 0.37112316489219666, 0.3709770441055298, 0.3708221912384033, 0.37069281935691833, 0.3705517649650574, 0.3703969717025757, 0.37023743987083435, 0.3701081871986389, 0.3699682950973511, 0.369841605424881, 0.36971378326416016, 0.3696269690990448, 0.3694571554660797, 0.36937376856803894, 0.3692378103733063, 0.369100421667099, 0.36893534660339355, 0.3687916100025177, 0.3686549663543701, 0.36852511763572693, 0.3684031367301941, 0.3682793080806732, 0.368162602186203, 0.36804208159446716, 0.3678995966911316, 0.3677877187728882, 0.3676513731479645, 0.3675306737422943, 0.3674038052558899, 0.3673126995563507, 0.3672087490558624, 0.3670954406261444, 0.36698922514915466, 0.3668467700481415, 0.36673495173454285, 0.36662882566452026, 0.3665017783641815, 0.36639633774757385, 0.36632072925567627, 0.36619237065315247, 0.36608409881591797, 0.36595872044563293, 0.3658410608768463, 0.3657230734825134, 0.36563506722450256, 0.36553502082824707, 0.3654283285140991, 0.3653043508529663, 0.3651915490627289, 0.3650990426540375, 0.3650021255016327, 0.36488038301467896, 0.3647482991218567, 0.3646174967288971, 0.3645082414150238, 0.3643788993358612, 0.3642745614051819, 0.3641689419746399, 0.3640647232532501, 0.36397698521614075, 0.3638390004634857, 0.36371925473213196, 0.3636227548122406, 0.36351868510246277, 0.3634238541126251, 0.36329442262649536, 0.36318451166152954, 0.3630872666835785, 0.362981915473938, 0.36289283633232117, 0.36276909708976746, 0.3626658320426941, 0.3625723719596863, 0.36246195435523987, 0.36234763264656067, 0.36223775148391724, 0.36213669180870056, 0.3620348274707794, 0.36192893981933594, 0.3618345558643341, 0.3617258369922638, 0.36163032054901123, 0.3615380525588989, 0.3614083230495453, 0.3613222539424896, 0.36124011874198914, 0.3611266613006592, 0.36103639006614685, 0.36090540885925293, 0.360845685005188, 0.36073824763298035, 0.3605843782424927, 0.360494464635849, 0.3604079484939575, 0.36030057072639465, 0.36019670963287354, 0.3600737750530243, 0.35998016595840454, 0.3598824441432953, 0.35978537797927856, 0.3596801459789276, 0.35958921909332275, 0.35945212841033936, 0.3593641221523285, 0.3592444360256195, 0.35913845896720886, 0.35902974009513855, 0.35893791913986206, 0.3588348627090454, 0.35873904824256897, 0.358642578125, 0.3585444688796997, 0.3584306836128235, 0.3583252429962158, 0.3582076132297516, 0.35813137888908386, 0.3580227196216583, 0.3579278886318207, 0.357858270406723, 0.35776522755622864, 0.35765495896339417, 0.3575599193572998, 0.3574448525905609, 0.3573399484157562, 0.3572271466255188, 0.35715338587760925, 0.3570888042449951, 0.3569943308830261, 0.35691940784454346, 0.35681837797164917, 0.35671013593673706, 0.35660797357559204, 0.35652539134025574, 0.3564152121543884, 0.3563036322593689, 0.35619622468948364, 0.3560875356197357, 0.35595202445983887, 0.35585662722587585, 0.3557542860507965, 0.3556630611419678, 0.3555416762828827, 0.35544353723526, 0.35537201166152954, 0.3552981913089752, 0.3552013337612152, 0.3551109731197357, 0.35503727197647095, 0.3549328148365021, 0.3548770844936371, 0.35478097200393677, 0.3546879291534424, 0.35459303855895996, 0.354488343000412, 0.3543587028980255, 0.3542565405368805, 0.35418248176574707, 0.35409271717071533, 0.3539794683456421, 0.3538821339607239, 0.35379260778427124, 0.3537077009677887, 0.3535906970500946, 0.35351210832595825, 0.3534489572048187, 0.353384405374527, 0.35330474376678467, 0.35320770740509033, 0.35309603810310364, 0.3529841899871826, 0.35288673639297485, 0.3528042137622833, 0.35269129276275635, 0.35259610414505005, 0.35251709818840027, 0.35242629051208496, 0.3523350656032562, 0.3522559404373169, 0.3521612286567688, 0.35203155875205994, 0.35194769501686096, 0.3518427312374115, 0.35175687074661255, 0.3516690731048584, 0.35157349705696106, 0.35147637128829956, 0.3513655960559845, 0.35128718614578247, 0.3511938154697418, 0.35108932852745056, 0.3509877324104309, 0.3509044945240021, 0.3508118689060211, 0.3507172465324402, 0.3506225347518921, 0.3505311906337738, 0.35044899582862854, 0.3503507375717163, 0.35026973485946655, 0.3501540720462799, 0.3500555753707886, 0.3499656617641449, 0.3498494029045105, 0.3497626483440399, 0.3496592342853546, 0.34958404302597046, 0.3494942784309387, 0.3493894636631012, 0.3492935597896576, 0.34923142194747925, 0.3491351306438446, 0.3490420877933502, 0.3489815592765808, 0.34888800978660583, 0.3488423228263855, 0.3487262725830078, 0.3486422598361969, 0.34857505559921265, 0.3484751880168915, 0.34837111830711365, 0.3482757806777954, 0.3481658101081848, 0.34806621074676514, 0.34797346591949463, 0.3478960394859314, 0.34781208634376526, 0.3477146625518799, 0.34759894013404846, 0.347499281167984, 0.3473931849002838, 0.34730857610702515, 0.34722477197647095, 0.3471384346485138, 0.34703442454338074, 0.3469789922237396, 0.3469354510307312, 0.34682324528694153, 0.3467436730861664, 0.34665560722351074, 0.3465529978275299, 0.3464528024196625, 0.3463841676712036, 0.34629157185554504, 0.34619835019111633, 0.346140593290329, 0.346040278673172, 0.3459646701812744, 0.3458642065525055, 0.3457663357257843, 0.3456980884075165, 0.3456078767776489, 0.34551581740379333, 0.34542956948280334, 0.3453415632247925, 0.34522387385368347, 0.34511277079582214, 0.34502556920051575, 0.344930499792099, 0.3448435664176941, 0.34476009011268616, 0.34467509388923645, 0.34457898139953613, 0.34453919529914856, 0.34443843364715576, 0.3443572521209717, 0.3442842960357666, 0.34417209029197693, 0.34407421946525574, 0.3439815640449524, 0.3439115881919861, 0.34382569789886475, 0.3437345027923584, 0.34361058473587036, 0.3435315191745758, 0.3434597849845886, 0.34338897466659546, 0.343319296836853, 0.34322789311408997, 0.3431659936904907, 0.3430810868740082, 0.34299853444099426, 0.3428851068019867, 0.34282997250556946, 0.34273040294647217, 0.3426254689693451, 0.3425626754760742, 0.34249716997146606, 0.34239131212234497, 0.342286080121994, 0.3421953618526459, 0.3421713709831238, 0.34208911657333374, 0.34200379252433777, 0.3418709933757782, 0.34176039695739746, 0.34165531396865845, 0.3415887951850891, 0.3414881229400635, 0.34144705533981323, 0.3413684368133545]",33.0,"[33.0, 33.0, 33.0, 33.0, 33.0, 33.0, 33.0, 33.0, 33.0, 33.0, 33.0, 33.0, 33.0, 33.0, 33.0, 33.0, 33.0, 33.0, 33.0, 33.0, 33.0, 33.0, 33.0, 33.0, 33.0, 33.0, 33.0, 33.0, 33.0, 33.0, 33.0, 33.0, 33.0, 33.0, 33.0, 33.0, 33.0, 33.0, 33.0, 33.0, 33.0, 33.0, 33.0, 33.0, 33.0, 33.0, 33.0, 33.0, 33.0, 33.0, 33.0, 33.0, 33.0, 33.0, 33.0, 33.0, 33.0, 33.0, 33.0, 33.0, 33.0, 33.0, 33.0, 33.0, 33.0, 33.0, 33.0, 33.0, 33.0, 33.0, 33.0, 33.0, 33.0, 33.0, 33.0, 33.0, 33.0, 33.0, 33.0, 33.0, 33.0, 33.0, 33.0, 33.0, 33.0, 33.0, 33.0, 33.0, 33.0, 33.0, 33.0, 33.0, 33.0, 33.0, 33.0, 33.0, 33.0, 33.0, 33.0, 33.0, 33.0, 33.0, 33.0, 33.0, 33.0, 33.0, 33.0, 33.0, 33.0, 33.0, 33.0, 33.0, 33.0, 33.0, 33.0, 33.0, 33.0, 33.0, 33.0, 33.0, 33.0, 33.0, 33.0, 33.0, 33.0, 33.0, 33.0, 33.0, 33.0, 33.0, 33.0, 33.0, 33.0, 33.0, 33.0, 33.0, 33.0, 33.0, 33.0, 33.0, 33.0, 33.0, 33.0, 33.0, 33.0, 33.0, 33.0, 33.0, 33.0, 33.0, 33.0, 33.0, 33.0, 33.0, 33.0, 33.0, 33.0, 33.0, 33.0, 33.0, 33.0, 33.0, 33.0, 33.0, 33.0, 33.0, 33.0, 33.0, 33.0, 33.0, 33.0, 33.0, 33.0, 33.0, 33.0, 33.0, 33.0, 33.0, 33.0, 33.0, 33.0, 33.0, 33.0, 33.0, 33.0, 33.0, 33.0, 33.0, 33.0, 33.0, 33.0, 33.0, 33.0, 33.0, 33.0, 33.0, 33.0, 33.0, 33.0, 33.0, 33.0, 33.0, 33.0, 33.0, 33.0, 33.0, 33.0, 33.0, 33.0, 33.0, 33.0, 33.0, 33.0, 33.0, 33.0, 33.0, 33.0, 33.0, 33.0, 33.0, 33.0, 33.0, 33.0, 33.0, 33.0, 33.0, 33.0, 33.0, 33.0, 33.0, 33.0, 33.0, 33.0, 33.0, 33.0, 33.0, 33.0, 33.0, 33.0, 33.0, 33.0, 33.0, 33.0, 33.0, 33.0, 33.0, 33.0, 33.0, 33.0, 33.0, 33.0, 33.0, 33.0, 33.0, 33.0, 33.0, 33.0, 33.0, 33.0, 33.0, 33.0, 33.0, 33.0, 33.0, 33.0, 33.0, 33.0, 33.0, 33.0, 33.0, 33.0, 33.0, 33.0, 33.0, 33.0, 33.0, 33.0, 33.0, 33.0, 33.0, 33.0, 33.0, 33.0, 33.0, 33.0, 33.0, 33.0, 33.0, 33.0, 33.0, 33.0, 33.0, 33.0