,number,value,datetime_start,datetime_complete,duration,params_batch_size_scaler,params_constant_learning_rate,params_depth,params_epochs,params_kernel_l2,params_num_trees,params_temperature,user_attrs_accuracy_test,user_attrs_accuracy_valid,user_attrs_approximate_feature_sparsity,user_attrs_approximate_feature_sparsity_history,user_attrs_approximate_weight_sparsity,user_attrs_approximate_weight_sparsity_history,user_attrs_auc_test,user_attrs_auc_valid,user_attrs_feature_sparsity,user_attrs_feature_sparsity_history,user_attrs_num_epochs,user_attrs_val_loss_history,user_attrs_weight_sparsity,user_attrs_weight_sparsity_history,state
40,40,0.5,2024-08-31 02:21:28.078758,2024-08-31 02:21:43.014822,0 days 00:00:14.936064,4,4.594189624265978,2,90,0.001379421120353144,6,0.0010602904318422635,0.859,0.85875,0,"[7, 7, 6, 2, 2, 2, 2, 2, 2, 2, 2, 2, 2, 2, 2, 2, 2, 2, 2, 2, 1, 1, 1, 1, 1, 0, 0, 0, 0, 0, 0, 0, 0, 0, 0, 0, 0, 0, 0, 0, 0, 0, 0, 0, 0, 0, 0, 0, 0, 0, 0, 0, 0, 0, 0, 0, 0, 0, 0, 0, 0, 0, 0, 0, 0, 0, 0, 0, 0, 0, 0, 0, 0, 0, 0, 0, 0, 0, 0, 0, 0, 0, 0, 0, 0, 0, 0, 0, 0, 0]",0.0,"[7.0, 7.0, 6.0, 2.0, 2.0, 2.0, 2.0, 2.0, 2.0, 2.0, 2.0, 2.0, 2.0, 2.0, 2.0, 2.0, 2.0, 2.0, 2.0, 2.0, 1.0, 1.0, 1.0, 1.0, 1.0, 0.0, 0.0, 0.0, 0.0, 0.0, 0.0, 0.0, 0.0, 0.0, 0.0, 0.0, 0.0, 0.0, 0.0, 0.0, 0.0, 0.0, 0.0, 0.0, 0.0, 0.0, 0.0, 0.0, 0.0, 0.0, 0.0, 0.0, 0.0, 0.0, 0.0, 0.0, 0.0, 0.0, 0.0, 0.0, 0.0, 0.0, 0.0, 0.0, 0.0, 0.0, 0.0, 0.0, 0.0, 0.0, 0.0, 0.0, 0.0, 0.0, 0.0, 0.0, 0.0, 0.0, 0.0, 0.0, 0.0, 0.0, 0.0, 0.0, 0.0, 0.0, 0.0, 0.0, 0.0, 0.0]",0.5,0.5,0,"[7, 7, 6, 2, 2, 2, 2, 2, 2, 2, 2, 2, 2, 2, 2, 2, 2, 2, 2, 2, 1, 1, 1, 1, 1, 0, 0, 0, 0, 0, 0, 0, 0, 0, 0, 0, 0, 0, 0, 0, 0, 0, 0, 0, 0, 0, 0, 0, 0, 0, 0, 0, 0, 0, 0, 0, 0, 0, 0, 0, 0, 0, 0, 0, 0, 0, 0, 0, 0, 0, 0, 0, 0, 0, 0, 0, 0, 0, 0, 0, 0, 0, 0, 0, 0, 0, 0, 0, 0, 0]",90,"[0.30260616540908813, 0.3288542628288269, 0.32538077235221863, 0.34508782625198364, 0.3459087312221527, 0.3370743989944458, 0.43685445189476013, 0.3299320638179779, 0.3284791111946106, 0.3275326192378998, 0.4059372842311859, 0.373845636844635, 0.4039471745491028, 0.331624299287796, 0.43525439500808716, 0.3226560354232788, 0.32435303926467896, 0.32350704073905945, 0.3806205987930298, 0.33351364731788635, 0.421753466129303, 0.4047447443008423, 0.4075547754764557, 0.3957139253616333, 0.3938387632369995, 0.4072750210762024, 0.4254544973373413, 0.43940725922584534, 0.418350487947464, 0.40917858481407166, 0.4668940603733063, 0.4100787043571472, 0.49311965703964233, 0.4097667336463928, 0.4157748818397522, 0.5160121321678162, 0.40722790360450745, 0.41090649366378784, 0.5110479593276978, 0.4097200334072113, 0.41001400351524353, 0.43763816356658936, 0.4129893183708191, 0.5394980907440186, 0.45313769578933716, 0.43914613127708435, 0.4370343089103699, 0.4421369433403015, 0.42918163537979126, 0.43860915303230286, 0.458271861076355, 0.42805466055870056, 0.4992687702178955, 0.47394317388534546, 0.7562560439109802, 0.44415760040283203, 0.4088677167892456, 0.4402879774570465, 0.4280775487422943, 0.40722793340682983, 0.75020432472229, 0.4105808138847351, 0.4688861072063446, 0.43216654658317566, 0.589953601360321, 0.41295570135116577, 0.4152370095252991, 0.40742114186286926, 0.40972793102264404, 0.4072374999523163, 0.4101485013961792, 0.41767674684524536, 0.41274964809417725, 0.4082911014556885, 0.48544690012931824, 0.4072856903076172, 0.40763968229293823, 0.40962421894073486, 0.4382299780845642, 0.4123440682888031, 0.4196746051311493, 0.4114944338798523, 0.4126279354095459, 0.4122066795825958, 0.4152787923812866, 0.41572144627571106, 0.41336891055107117, 0.4193878471851349, 0.49263259768486023, 0.4440420866012573]",0.0,"[7.0, 7.0, 6.0, 2.0, 2.0, 2.0, 2.0, 2.0, 2.0, 2.0, 2.0, 2.0, 2.0, 2.0, 2.0, 2.0, 2.0, 2.0, 2.0, 2.0, 1.0, 1.0, 1.0, 1.0, 1.0, 0.0, 0.0, 0.0, 0.0, 0.0, 0.0, 0.0, 0.0, 0.0, 0.0, 0.0, 0.0, 0.0, 0.0, 0.0, 0.0, 0.0, 0.0, 0.0, 0.0, 0.0, 0.0, 0.0, 0.0, 0.0, 0.0, 0.0, 0.0, 0.0, 0.0, 0.0, 0.0, 0.0, 0.0, 0.0, 0.0, 0.0, 0.0, 0.0, 0.0, 0.0, 0.0, 0.0, 0.0, 0.0, 0.0, 0.0, 0.0, 0.0, 0.0, 0.0, 0.0, 0.0, 0.0, 0.0, 0.0, 0.0, 0.0, 0.0, 0.0, 0.0, 0.0, 0.0, 0.0, 0.0]",COMPLETE
