,number,value,datetime_start,datetime_complete,duration,params_batch_size_scaler,params_constant_learning_rate,params_depth,params_epochs,params_kernel_l2,params_num_trees,params_temperature,user_attrs_accuracy_test,user_attrs_accuracy_valid,user_attrs_approximate_feature_sparsity,user_attrs_approximate_feature_sparsity_history,user_attrs_approximate_weight_sparsity,user_attrs_approximate_weight_sparsity_history,user_attrs_auc_test,user_attrs_auc_valid,user_attrs_feature_sparsity,user_attrs_feature_sparsity_history,user_attrs_num_epochs,user_attrs_val_loss_history,user_attrs_weight_sparsity,user_attrs_weight_sparsity_history,state
63,63,0.8159369324110214,2024-08-31 03:21:37.334410,2024-08-31 03:21:51.707563,0 days 00:00:14.373153,64,0.09482915172337439,2,205,0.013598051419309943,51,0.005626724024455687,0.875,0.87625,33,"[33, 33, 33, 33, 33, 33, 33, 33, 33, 33, 33, 33, 33, 33, 33, 33, 33, 33, 33, 33, 33, 33, 33, 33, 33, 33, 33, 33, 33, 33, 33, 33, 33, 33, 33, 33, 33, 33, 33, 33, 33, 33, 33, 33, 33, 33, 33, 33, 33, 33, 33, 33, 33, 33, 33, 33, 33, 33, 33, 33, 33, 33, 33, 33, 33, 33, 33, 33, 33, 33, 33, 33, 33, 33, 33, 33, 33, 33, 33, 33, 33, 33, 33, 33, 33, 33, 33, 33, 33, 33, 33, 33, 33, 33, 33, 33, 33, 33, 33, 33, 33, 33, 33, 33, 33, 33, 33, 33, 33, 33, 33, 33, 33, 33, 33, 33, 33, 33, 33, 33, 33, 33, 33, 33, 33, 33, 33, 33, 33, 33, 33, 33, 33, 33, 33, 33, 33, 33, 33, 33, 33, 33, 33, 33, 33, 33, 33, 33, 33, 33, 33, 33, 33, 33, 33, 33, 33, 33, 33, 33, 33, 33, 33, 33, 33, 33, 33, 33, 33, 33, 33, 33, 33, 33, 33, 33, 33, 33, 33, 33, 33, 33, 33, 33, 33, 33, 33, 33, 33, 33, 33, 33, 33, 33, 33, 33, 33, 33, 33, 33, 33, 33, 33, 33, 33]",32.97385620915033,"[32.967320261437905, 32.98039215686275, 32.98039215686275, 32.967320261437905, 32.98692810457516, 32.99346405228758, 32.99346405228758, 32.98692810457516, 32.98039215686275, 32.98039215686275, 32.98692810457516, 32.97385620915033, 32.967320261437905, 32.96078431372549, 32.97385620915033, 32.97385620915033, 32.97385620915033, 32.98039215686275, 32.99346405228758, 32.98039215686275, 33.0, 32.99346405228758, 32.98692810457516, 32.99346405228758, 32.99346405228758, 32.98039215686275, 33.0, 32.99346405228758, 32.99346405228758, 32.98039215686275, 32.967320261437905, 32.98692810457516, 32.97385620915033, 32.98039215686275, 32.967320261437905, 32.97385620915033, 32.967320261437905, 32.97385620915033, 32.98039215686275, 32.97385620915033, 32.98039215686275, 32.98692810457516, 32.98692810457516, 32.96078431372549, 32.967320261437905, 32.97385620915033, 32.97385620915033, 32.98039215686275, 32.98692810457516, 32.98692810457516, 32.99346405228758, 32.98692810457516, 32.97385620915033, 32.98039215686275, 32.967320261437905, 32.97385620915033, 32.98692810457516, 32.98039215686275, 32.96078431372549, 32.97385620915033, 32.98039215686275, 32.98692810457516, 32.98039215686275, 32.98039215686275, 32.98039215686275, 32.98692810457516, 32.99346405228758, 32.98039215686275, 32.98692810457516, 32.99346405228758, 32.98692810457516, 32.98692810457516, 33.0, 32.99346405228758, 33.0, 33.0, 33.0, 32.99346405228758, 32.99346405228758, 32.98692810457516, 32.99346405228758, 32.99346405228758, 33.0, 33.0, 33.0, 32.98692810457516, 32.98692810457516, 32.98039215686275, 32.99346405228758, 33.0, 32.98692810457516, 32.99346405228758, 32.98692810457516, 32.99346405228758, 32.98692810457516, 32.98692810457516, 32.98692810457516, 32.99346405228758, 32.99346405228758, 32.98692810457516, 32.98692810457516, 32.98039215686275, 32.99346405228758, 33.0, 32.99346405228758, 32.99346405228758, 32.99346405228758, 32.98692810457516, 32.99346405228758, 32.98039215686275, 32.98039215686275, 32.967320261437905, 32.98692810457516, 32.98692810457516, 32.98692810457516, 32.98692810457516, 32.98039215686275, 32.98692810457516, 32.98039215686275, 32.97385620915033, 32.98039215686275, 32.99346405228758, 32.98692810457516, 33.0, 32.98692810457516, 32.98692810457516, 32.98039215686275, 32.98039215686275, 32.98692810457516, 33.0, 32.99346405228758, 32.99346405228758, 32.98692810457516, 32.98692810457516, 32.99346405228758, 33.0, 32.98692810457516, 32.99346405228758, 33.0, 32.99346405228758, 32.98692810457516, 32.98039215686275, 33.0, 32.97385620915033, 32.97385620915033, 32.98692810457516, 32.99346405228758, 32.98039215686275, 32.97385620915033, 32.97385620915033, 32.98692810457516, 32.97385620915033, 32.98692810457516, 32.99346405228758, 32.96078431372549, 32.97385620915033, 32.98692810457516, 32.98039215686275, 33.0, 33.0, 32.98692810457516, 32.99346405228758, 32.98692810457516, 32.98692810457516, 32.97385620915033, 32.98039215686275, 33.0, 32.99346405228758, 32.99346405228758, 32.98039215686275, 32.98692810457516, 33.0, 33.0, 32.98692810457516, 32.99346405228758, 32.99346405228758, 32.98692810457516, 32.99346405228758, 32.98692810457516, 32.98692810457516, 32.98039215686275, 32.99346405228758, 32.98692810457516, 32.98692810457516, 32.98692810457516, 32.98692810457516, 32.98039215686275, 32.98692810457516, 32.99346405228758, 32.98692810457516, 32.99346405228758, 32.98692810457516, 32.98692810457516, 32.99346405228758, 32.98039215686275, 32.98692810457516, 32.97385620915033, 32.97385620915033, 32.97385620915033, 32.98039215686275, 32.98039215686275, 32.98692810457516, 32.96078431372549, 32.98039215686275, 32.97385620915033]",0.8328007992139961,0.8159369324110214,33,"[33, 33, 33, 33, 33, 33, 33, 33, 33, 33, 33, 33, 33, 33, 33, 33, 33, 33, 33, 33, 33, 33, 33, 33, 33, 33, 33, 33, 33, 33, 33, 33, 33, 33, 33, 33, 33, 33, 33, 33, 33, 33, 33, 33, 33, 33, 33, 33, 33, 33, 33, 33, 33, 33, 33, 33, 33, 33, 33, 33, 33, 33, 33, 33, 33, 33, 33, 33, 33, 33, 33, 33, 33, 33, 33, 33, 33, 33, 33, 33, 33, 33, 33, 33, 33, 33, 33, 33, 33, 33, 33, 33, 33, 33, 33, 33, 33, 33, 33, 33, 33, 33, 33, 33, 33, 33, 33, 33, 33, 33, 33, 33, 33, 33, 33, 33, 33, 33, 33, 33, 33, 33, 33, 33, 33, 33, 33, 33, 33, 33, 33, 33, 33, 33, 33, 33, 33, 33, 33, 33, 33, 33, 33, 33, 33, 33, 33, 33, 33, 33, 33, 33, 33, 33, 33, 33, 33, 33, 33, 33, 33, 33, 33, 33, 33, 33, 33, 33, 33, 33, 33, 33, 33, 33, 33, 33, 33, 33, 33, 33, 33, 33, 33, 33, 33, 33, 33, 33, 33, 33, 33, 33, 33, 33, 33, 33, 33, 33, 33, 33, 33, 33, 33, 33, 33]",205,"[0.4206843078136444, 0.41378533840179443, 0.40978989005088806, 0.4066919982433319, 0.40514031052589417, 0.4023813307285309, 0.3998701572418213, 0.3984188735485077, 0.3969047963619232, 0.3955121636390686, 0.39332330226898193, 0.3928689956665039, 0.39050257205963135, 0.3893243372440338, 0.38851121068000793, 0.3876766264438629, 0.38651230931282043, 0.38547569513320923, 0.384626567363739, 0.3835998475551605, 0.38293248414993286, 0.38203975558280945, 0.38131698966026306, 0.3807882070541382, 0.3798165023326874, 0.3791641294956207, 0.37840723991394043, 0.3774217963218689, 0.37706393003463745, 0.37634164094924927, 0.37568607926368713, 0.37533509731292725, 0.3750688433647156, 0.3750654458999634, 0.3748868703842163, 0.37329065799713135, 0.37293288111686707, 0.3749457597732544, 0.37250816822052, 0.37157967686653137, 0.37110573053359985, 0.3707246780395508, 0.37017861008644104, 0.36989983916282654, 0.36976927518844604, 0.36901551485061646, 0.3688439428806305, 0.3688426613807678, 0.3686617910861969, 0.3687310516834259, 0.3679901361465454, 0.3668961822986603, 0.3665298819541931, 0.3660709261894226, 0.365973562002182, 0.3659951686859131, 0.3653920292854309, 0.36552655696868896, 0.36502236127853394, 0.3647208511829376, 0.3640928566455841, 0.3639735281467438, 0.3632585406303406, 0.3629534840583801, 0.3645690679550171, 0.36477261781692505, 0.361598402261734, 0.36137980222702026, 0.36138784885406494, 0.3606945276260376, 0.36037659645080566, 0.35995179414749146, 0.3597811162471771, 0.35954323410987854, 0.35884198546409607, 0.3585704565048218, 0.35841619968414307, 0.3600541055202484, 0.35807564854621887, 0.35740309953689575, 0.3568262755870819, 0.35679876804351807, 0.3560026288032532, 0.3557063341140747, 0.3551631569862366, 0.3547923266887665, 0.3545793890953064, 0.3542507290840149, 0.35345658659935, 0.3531608581542969, 0.35359296202659607, 0.3526087701320648, 0.3524959087371826, 0.35197240114212036, 0.35167086124420166, 0.3511587381362915, 0.350722074508667, 0.35113489627838135, 0.35039544105529785, 0.350251168012619, 0.3528435528278351, 0.3489530682563782, 0.3488337993621826, 0.34898826479911804, 0.3477587103843689, 0.34735384583473206, 0.34708985686302185, 0.34664154052734375, 0.3464232385158539, 0.3459203243255615, 0.3455073833465576, 0.34577175974845886, 0.3453720211982727, 0.34513893723487854, 0.344868004322052, 0.3442654311656952, 0.3437819182872772, 0.3432197868824005, 0.3432484567165375, 0.34270909428596497, 0.342482328414917, 0.3435169458389282, 0.34219542145729065, 0.34187668561935425, 0.34196722507476807, 0.3418380320072174, 0.34128960967063904, 0.34100332856178284, 0.34102654457092285, 0.3408377170562744, 0.34092411398887634, 0.34052422642707825, 0.3401133418083191, 0.3393319249153137, 0.34008270502090454, 0.3395625948905945, 0.33882004022598267, 0.34058597683906555, 0.33967599272727966, 0.3374937176704407, 0.338098406791687, 0.3371489644050598, 0.3370451033115387, 0.33664071559906006, 0.3368420898914337, 0.33595502376556396, 0.33552154898643494, 0.33525484800338745, 0.334954172372818, 0.33489134907722473, 0.33483096957206726, 0.3347235918045044, 0.3339654803276062, 0.3339824378490448, 0.33373603224754333, 0.3331798315048218, 0.3337377607822418, 0.33440423011779785, 0.333433598279953, 0.33221161365509033, 0.33192574977874756, 0.3321778476238251, 0.3317567706108093, 0.33173057436943054, 0.332169771194458, 0.33238422870635986, 0.33126717805862427, 0.33149224519729614, 0.3316843509674072, 0.33096399903297424, 0.33076390624046326, 0.3300481140613556, 0.3298831284046173, 0.32952362298965454, 0.32908838987350464, 0.32890164852142334, 0.32856500148773193, 0.32809534668922424, 0.32838761806488037, 0.3278171420097351, 0.3276573121547699, 0.32726556062698364, 0.3270503282546997, 0.32679903507232666, 0.32625406980514526, 0.32661038637161255, 0.32636120915412903, 0.325844407081604, 0.3253985345363617, 0.3259325921535492, 0.32509419322013855, 0.32496893405914307, 0.3247770667076111, 0.32472431659698486, 0.3249247074127197, 0.3242354094982147, 0.3238106071949005, 0.3234550952911377, 0.32342103123664856, 0.32399874925613403, 0.32395994663238525, 0.32254597544670105, 0.3223360776901245, 0.3217718005180359, 0.32170388102531433]",33.0,"[33.0, 33.0, 33.0, 33.0, 33.0, 33.0, 33.0, 33.0, 33.0, 33.0, 33.0, 33.0, 33.0, 33.0, 33.0, 33.0, 33.0, 33.0, 33.0, 33.0, 33.0, 33.0, 33.0, 33.0, 33.0, 33.0, 33.0, 33.0, 33.0, 33.0, 33.0, 33.0, 33.0, 33.0, 33.0, 33.0, 33.0, 33.0, 33.0, 33.0, 33.0, 33.0, 33.0, 33.0, 33.0, 33.0, 33.0, 33.0, 33.0, 33.0, 33.0, 33.0, 33.0, 33.0, 33.0, 33.0, 33.0, 33.0, 33.0, 33.0, 33.0, 33.0, 33.0, 33.0, 33.0, 33.0, 33.0, 33.0, 33.0, 33.0, 33.0, 33.0, 33.0, 33.0, 33.0, 33.0, 33.0, 33.0, 33.0, 33.0, 33.0, 33.0, 33.0, 33.0, 33.0, 33.0, 33.0, 33.0, 33.0, 33.0, 33.0, 33.0, 33.0, 33.0, 33.0, 33.0, 33.0, 33.0, 33.0, 33.0, 33.0, 33.0, 33.0, 33.0, 33.0, 33.0, 33.0, 33.0, 33.0, 33.0, 33.0, 33.0, 33.0, 33.0, 33.0, 33.0, 33.0, 33.0, 33.0, 33.0, 33.0, 33.0, 33.0, 33.0, 33.0, 33.0, 33.0, 33.0, 33.0, 33.0, 33.0, 33.0, 33.0, 33.0, 33.0, 33.0, 33.0, 33.0, 33.0, 33.0, 33.0, 33.0, 33.0, 33.0, 33.0, 33.0, 33.0, 33.0, 33.0, 33.0, 33.0, 33.0, 33.0, 33.0, 33.0, 33.0, 33.0, 33.0, 33.0, 33.0, 33.0, 33.0, 33.0, 33.0, 33.0, 33.0, 33.0, 33.0, 33.0, 33.0, 33.0, 33.0, 33.0, 33.0, 33.0, 33.0, 33.0, 33.0, 33.0, 33.0, 33.0, 33.0, 33.0, 33.0, 33.0, 33.0, 33.0, 33.0, 33.0, 33.0, 33.0, 33.0, 33.0, 33.0, 33.0, 33.0, 33.0, 33.0, 33.0, 33.0, 33.0, 33.0, 33.0, 33.0, 33.0]",COMPLETE
64,64,0.4894050057322461,2024-08-31 03:21:52.855802,2024-08-31 03:22:09.911737,0 days 00:00:17.055935,4,5.371454350458672,1,130,0.26608716536659754,37,0.016922242235698638,0.153,0.14625,2,"[2, 1, 0, 2, 0, 0, 2, 0, 0, 2, 0, 1, 2, 0, 1, 2, 2, 2, 0, 1, 3, 2, 2, 2, 2, 0, 2, 0, 2, 2, 1, 0, 0, 0, 2, 2, 2, 2, 0, 2, 2, 1, 2, 0, 0, 2, 2, 1, 0, 2, 0, 0, 2, 1, 0, 0, 2, 0, 0, 2, 0, 1, 2, 0, 0, 0, 0, 0, 0, 2, 0, 1, 0, 0, 0, 0, 2, 1, 0, 3, 0, 2, 0, 0, 3, 0, 1, 2, 1, 1, 1, 0, 0, 2, 2, 2, 2, 0, 0, 0, 0, 3, 0, 2, 0, 0, 0, 0, 2, 0, 2, 2, 0, 1, 0, 2, 1, 1, 0, 0, 2, 0, 0, 1, 0, 2, 3, 0, 0, 2]",2.0,"[2.0, 1.0, 0.0, 2.0, 0.0, 0.0, 2.0, 0.0, 0.0, 2.0, 0.0, 1.0, 2.0, 0.0, 1.0, 2.0, 2.0, 2.0, 0.0, 1.0, 3.0, 2.0, 2.0, 2.0, 2.0, 0.0, 2.0, 0.0, 2.0, 2.0, 1.0, 0.0, 0.0, 0.0, 2.0, 2.0, 2.0, 2.0, 0.0, 2.0, 2.0, 1.0, 2.0, 0.0, 0.0, 2.0, 2.0, 1.0, 0.0, 2.0, 0.0, 0.0, 2.0, 1.0, 0.0, 0.0, 2.0, 0.0, 0.0, 2.0, 0.0, 1.0, 2.0, 0.0, 0.0, 0.0, 0.0, 0.0, 0.0, 2.0, 0.0, 1.0, 0.0, 0.0, 0.0, 0.0, 2.0, 1.0, 0.0, 3.0, 0.0, 2.0, 0.0, 0.0, 3.0, 0.0, 1.0, 2.0, 1.0, 1.0, 1.0, 0.0, 0.0, 2.0, 2.0, 2.0, 2.0, 0.0, 0.0, 0.0, 0.0, 3.0, 0.0, 2.0, 0.0, 0.0, 0.0, 0.0, 2.0, 0.0, 2.0, 2.0, 0.0, 1.0, 0.0, 2.0, 1.0, 1.0, 0.0, 0.0, 2.0, 0.0, 0.0, 1.0, 0.0, 2.0, 3.0, 0.0, 0.0, 2.0]",0.4993229798792923,0.4894050057322461,2,"[2, 1, 0, 2, 0, 0, 2, 0, 0, 2, 0, 1, 2, 0, 1, 2, 2, 2, 0, 1, 3, 2, 2, 2, 2, 0, 2, 0, 2, 2, 1, 0, 0, 0, 2, 2, 2, 2, 0, 2, 2, 1, 2, 0, 0, 2, 2, 1, 0, 2, 0, 0, 2, 1, 0, 0, 2, 0, 0, 2, 0, 1, 2, 0, 0, 0, 0, 0, 0, 2, 0, 1, 0, 0, 0, 0, 2, 1, 0, 3, 0, 2, 0, 0, 3, 0, 1, 2, 1, 1, 1, 0, 0, 2, 2, 2, 2, 0, 0, 0, 0, 3, 0, 2, 0, 0, 0, 0, 2, 0, 2, 2, 0, 1, 0, 2, 1, 1, 0, 0, 2, 0, 0, 1, 0, 2, 3, 0, 0, 2]",130,"[20.287755966186523, 4.297180652618408, 23.066186904907227, 22.756729125976562, 23.64362335205078, 17.8370361328125, 5.4991021156311035, 2.1832635402679443, 37.938720703125, 33.62861633300781, 29.892383575439453, 17.576644897460938, 5.135051250457764, 19.4591121673584, 5.5534987449646, 24.9658260345459, 24.16324234008789, 25.995803833007812, 0.45327186584472656, 10.30677604675293, 26.055139541625977, 45.025421142578125, 26.3802547454834, 12.814702987670898, 37.14564514160156, 6.9470109939575195, 9.08950424194336, 6.045238018035889, 15.16751480102539, 14.471197128295898, 4.452369689941406, 27.79578399658203, 28.720693588256836, 15.364810943603516, 20.600086212158203, 26.72137451171875, 18.058366775512695, 6.556643009185791, 28.374244689941406, 25.09356689453125, 9.684722900390625, 16.188383102416992, 34.501304626464844, 27.578781127929688, 20.799850463867188, 4.933950901031494, 25.535470962524414, 32.464534759521484, 38.62726974487305, 19.87645721435547, 19.407241821289062, 17.471508026123047, 11.056178092956543, 23.14922332763672, 23.317853927612305, 24.251880645751953, 34.193912506103516, 26.756818771362305, 4.5201568603515625, 12.277207374572754, 37.4708137512207, 14.790388107299805, 10.5485258102417, 18.94399642944336, 11.034184455871582, 39.823551177978516, 26.43954086303711, 12.721109390258789, 8.803865432739258, 13.89794635772705, 8.181333541870117, 31.992652893066406, 13.121430397033691, 4.308513641357422, 4.837864875793457, 36.877872467041016, 32.668575286865234, 21.926729202270508, 31.596540451049805, 35.83256530761719, 13.889307975769043, 28.320833206176758, 19.33484649658203, 30.559959411621094, 9.459563255310059, 20.31702423095703, 6.804562568664551, 9.781962394714355, 26.495981216430664, 28.554609298706055, 30.29462242126465, 13.33926773071289, 4.288078784942627, 23.007579803466797, 15.365652084350586, 18.060575485229492, 24.520854949951172, 9.023584365844727, 6.702191352844238, 40.7152099609375, 17.178752899169922, 35.575496673583984, 59.733558654785156, 15.09304428100586, 35.038997650146484, 23.177417755126953, 15.152032852172852, 7.484531879425049, 32.638519287109375, 15.389918327331543, 49.7083625793457, 26.217796325683594, 8.792154312133789, 27.346288681030273, 10.191429138183594, 9.267345428466797, 15.694436073303223, 5.381117343902588, 14.862800598144531, 8.123838424682617, 2.2871756553649902, 0.6777940392494202, 23.385658264160156, 35.619651794433594, 2.207542657852173, 19.397396087646484, 17.214754104614258, 14.150970458984375, 21.725818634033203, 6.4648237228393555]",2.0,"[2.0, 1.0, 0.0, 2.0, 0.0, 0.0, 2.0, 0.0, 0.0, 2.0, 0.0, 1.0, 2.0, 0.0, 1.0, 2.0, 2.0, 2.0, 0.0, 1.0, 3.0, 2.0, 2.0, 2.0, 2.0, 0.0, 2.0, 0.0, 2.0, 2.0, 1.0, 0.0, 0.0, 0.0, 2.0, 2.0, 2.0, 2.0, 0.0, 2.0, 2.0, 1.0, 2.0, 0.0, 0.0, 2.0, 2.0, 1.0, 0.0, 2.0, 0.0, 0.0, 2.0, 1.0, 0.0, 0.0, 2.0, 0.0, 0.0, 2.0, 0.0, 1.0, 2.0, 0.0, 0.0, 0.0, 0.0, 0.0, 0.0, 2.0, 0.0, 1.0, 0.0, 0.0, 0.0, 0.0, 2.0, 1.0, 0.0, 3.0, 0.0, 2.0, 0.0, 0.0, 3.0, 0.0, 1.0, 2.0, 1.0, 1.0, 1.0, 0.0, 0.0, 2.0, 2.0, 2.0, 2.0, 0.0, 0.0, 0.0, 0.0, 3.0, 0.0, 2.0, 0.0, 0.0, 0.0, 0.0, 2.0, 0.0, 2.0, 2.0, 0.0, 1.0, 0.0, 2.0, 1.0, 1.0, 0.0, 0.0, 2.0, 0.0, 0.0, 1.0, 0.0, 2.0, 3.0, 0.0, 0.0, 2.0]",COMPLETE
