,number,value,datetime_start,datetime_complete,duration,params_batch_size_scaler,params_constant_learning_rate,params_depth,params_epochs,params_kernel_l2,params_num_trees,params_temperature,user_attrs_accuracy_test,user_attrs_accuracy_valid,user_attrs_approximate_feature_sparsity,user_attrs_approximate_feature_sparsity_history,user_attrs_approximate_weight_sparsity,user_attrs_approximate_weight_sparsity_history,user_attrs_auc_test,user_attrs_auc_valid,user_attrs_feature_sparsity,user_attrs_feature_sparsity_history,user_attrs_num_epochs,user_attrs_val_loss_history,user_attrs_weight_sparsity,user_attrs_weight_sparsity_history,state
136,136,0.9301181229148151,2024-08-31 06:49:44.053711,2024-08-31 06:50:51.998024,0 days 00:01:07.944313,4,0.06002319649498696,3,330,0.04448994862457886,13,0.00011295531034338888,0.944,0.9525,31,"[33, 33, 33, 33, 33, 33, 33, 33, 33, 33, 33, 33, 33, 33, 33, 33, 33, 33, 33, 33, 33, 33, 33, 33, 33, 33, 33, 33, 33, 33, 33, 33, 33, 33, 33, 33, 33, 33, 33, 33, 33, 33, 33, 33, 33, 33, 33, 33, 33, 33, 33, 33, 33, 33, 33, 33, 33, 33, 33, 33, 33, 33, 33, 33, 33, 33, 33, 33, 33, 33, 33, 33, 33, 33, 33, 33, 33, 33, 33, 33, 33, 33, 33, 33, 33, 33, 33, 33, 33, 33, 33, 33, 33, 33, 33, 33, 33, 33, 33, 33, 33, 33, 33, 33, 33, 33, 33, 33, 33, 33, 33, 33, 33, 33, 33, 33, 33, 33, 33, 33, 33, 33, 33, 33, 33, 33, 33, 33, 33, 33, 33, 33, 33, 33, 33, 33, 33, 33, 33, 33, 33, 33, 33, 33, 33, 33, 33, 33, 33, 33, 33, 33, 33, 33, 33, 33, 33, 33, 33, 33, 33, 33, 33, 33, 33, 33, 33, 33, 33, 33, 33, 33, 33, 33, 33, 33, 33, 33, 33, 33, 33, 33, 33, 33, 33, 33, 33, 33, 33, 33, 33, 33, 33, 33, 33, 33, 33, 33, 33, 33, 33, 33, 33, 33, 33, 33, 33, 33, 33, 33, 33, 33, 33, 33, 33, 33, 33, 33, 33, 33, 33, 33, 33, 33, 33, 33, 33, 33, 33, 33, 33, 33, 33, 33, 33, 33, 33, 33, 33, 33, 33, 33, 33, 33, 33, 33, 33, 33, 33, 33, 33, 33, 33, 33, 33, 33, 33, 33, 33, 33, 33, 33, 33, 33, 33, 33, 33, 33, 33, 33, 33, 33, 33, 33, 33, 33, 33, 33, 33, 33, 32, 32, 32, 32, 32, 32, 32, 32, 32, 32, 32, 32, 32, 32, 32, 32, 32, 32, 32, 32, 32, 31, 31, 31, 31, 31, 31, 31, 31, 31, 31, 31, 31, 31, 31, 31, 31, 31, 31, 31, 31, 31, 31, 31, 31, 31, 31, 31, 31, 31]",30.978021978021978,"[32.97802197802198, 33.0, 33.0, 32.98901098901099, 32.98901098901099, 33.0, 33.0, 32.97802197802198, 32.98901098901099, 33.0, 32.98901098901099, 32.97802197802198, 33.0, 32.98901098901099, 32.98901098901099, 33.0, 33.0, 32.97802197802198, 32.98901098901099, 32.98901098901099, 32.94505494505495, 32.956043956043956, 32.97802197802198, 32.97802197802198, 32.967032967032964, 32.97802197802198, 32.97802197802198, 32.97802197802198, 32.98901098901099, 33.0, 32.98901098901099, 32.98901098901099, 32.97802197802198, 32.97802197802198, 32.967032967032964, 33.0, 32.97802197802198, 32.97802197802198, 33.0, 32.97802197802198, 32.97802197802198, 32.97802197802198, 32.97802197802198, 32.956043956043956, 32.967032967032964, 32.97802197802198, 32.97802197802198, 32.97802197802198, 32.956043956043956, 32.97802197802198, 32.98901098901099, 32.97802197802198, 32.97802197802198, 33.0, 33.0, 33.0, 32.98901098901099, 32.97802197802198, 32.98901098901099, 32.97802197802198, 32.97802197802198, 32.97802197802198, 33.0, 32.98901098901099, 32.98901098901099, 32.967032967032964, 32.98901098901099, 32.97802197802198, 32.98901098901099, 33.0, 32.967032967032964, 32.98901098901099, 33.0, 33.0, 33.0, 33.0, 33.0, 32.97802197802198, 33.0, 32.97802197802198, 32.98901098901099, 33.0, 32.98901098901099, 33.0, 32.98901098901099, 33.0, 32.967032967032964, 32.97802197802198, 32.98901098901099, 32.967032967032964, 33.0, 32.967032967032964, 32.967032967032964, 32.94505494505495, 32.94505494505495, 32.98901098901099, 32.98901098901099, 32.94505494505495, 32.967032967032964, 32.967032967032964, 32.98901098901099, 32.98901098901099, 32.97802197802198, 32.98901098901099, 33.0, 33.0, 32.97802197802198, 32.97802197802198, 33.0, 33.0, 32.98901098901099, 32.98901098901099, 32.967032967032964, 32.98901098901099, 33.0, 32.98901098901099, 33.0, 32.97802197802198, 32.97802197802198, 33.0, 33.0, 32.97802197802198, 32.98901098901099, 32.967032967032964, 32.97802197802198, 32.98901098901099, 32.967032967032964, 32.98901098901099, 32.956043956043956, 32.98901098901099, 32.98901098901099, 32.98901098901099, 33.0, 32.98901098901099, 32.98901098901099, 32.98901098901099, 32.97802197802198, 32.98901098901099, 33.0, 32.97802197802198, 33.0, 33.0, 32.967032967032964, 32.97802197802198, 32.98901098901099, 32.98901098901099, 32.98901098901099, 32.98901098901099, 33.0, 32.97802197802198, 32.98901098901099, 32.97802197802198, 32.98901098901099, 32.97802197802198, 32.967032967032964, 33.0, 33.0, 33.0, 33.0, 32.967032967032964, 32.97802197802198, 32.956043956043956, 32.97802197802198, 32.97802197802198, 32.97802197802198, 32.98901098901099, 32.967032967032964, 32.97802197802198, 32.98901098901099, 32.98901098901099, 32.967032967032964, 32.956043956043956, 32.967032967032964, 32.956043956043956, 32.97802197802198, 32.97802197802198, 32.97802197802198, 32.97802197802198, 32.97802197802198, 32.967032967032964, 32.967032967032964, 32.967032967032964, 32.97802197802198, 32.98901098901099, 32.98901098901099, 32.967032967032964, 32.98901098901099, 32.98901098901099, 32.98901098901099, 32.97802197802198, 32.967032967032964, 32.97802197802198, 32.98901098901099, 32.98901098901099, 32.98901098901099, 33.0, 32.98901098901099, 32.967032967032964, 32.98901098901099, 32.967032967032964, 33.0, 33.0, 32.97802197802198, 32.94505494505495, 32.934065934065934, 32.934065934065934, 32.97802197802198, 32.98901098901099, 32.956043956043956, 32.967032967032964, 32.97802197802198, 32.97802197802198, 32.97802197802198, 32.97802197802198, 32.98901098901099, 32.98901098901099, 33.0, 32.967032967032964, 32.97802197802198, 33.0, 32.97802197802198, 32.967032967032964, 32.98901098901099, 32.98901098901099, 32.97802197802198, 32.98901098901099, 33.0, 32.98901098901099, 32.98901098901099, 32.967032967032964, 32.98901098901099, 32.98901098901099, 32.98901098901099, 32.98901098901099, 33.0, 33.0, 32.98901098901099, 32.98901098901099, 32.97802197802198, 32.98901098901099, 32.98901098901099, 33.0, 32.97802197802198, 32.98901098901099, 33.0, 33.0, 33.0, 32.98901098901099, 33.0, 32.98901098901099, 32.98901098901099, 33.0, 33.0, 33.0, 33.0, 32.97802197802198, 32.98901098901099, 33.0, 33.0, 32.967032967032964, 32.98901098901099, 32.97802197802198, 32.967032967032964, 32.97802197802198, 32.967032967032964, 32.956043956043956, 33.0, 32.97802197802198, 32.967032967032964, 32.967032967032964, 33.0, 32.98901098901099, 32.956043956043956, 32.967032967032964, 32.967032967032964, 32.97802197802198, 32.94505494505495, 32.956043956043956, 32.94505494505495, 32.92307692307692, 31.945054945054945, 31.934065934065934, 31.9010989010989, 31.956043956043956, 31.967032967032967, 31.978021978021978, 31.956043956043956, 31.967032967032967, 31.978021978021978, 31.978021978021978, 31.978021978021978, 31.978021978021978, 31.98901098901099, 31.978021978021978, 31.967032967032967, 31.978021978021978, 31.956043956043956, 31.978021978021978, 31.978021978021978, 31.978021978021978, 31.967032967032967, 30.98901098901099, 30.98901098901099, 30.967032967032967, 30.98901098901099, 30.98901098901099, 31.0, 31.0, 30.978021978021978, 30.98901098901099, 30.98901098901099, 30.956043956043956, 30.967032967032967, 30.945054945054945, 30.967032967032967, 30.956043956043956, 30.945054945054945, 30.934065934065934, 30.967032967032967, 30.945054945054945, 30.956043956043956, 30.967032967032967, 30.978021978021978, 30.967032967032967, 30.978021978021978, 30.967032967032967, 30.978021978021978, 30.978021978021978, 30.98901098901099, 30.978021978021978]",0.9149679241076958,0.9301181229148151,31,"[33, 33, 33, 33, 33, 33, 33, 33, 33, 33, 33, 33, 33, 33, 33, 33, 33, 33, 33, 33, 33, 33, 33, 33, 33, 33, 33, 33, 33, 33, 33, 33, 33, 33, 33, 33, 33, 33, 33, 33, 33, 33, 33, 33, 33, 33, 33, 33, 33, 33, 33, 33, 33, 33, 33, 33, 33, 33, 33, 33, 33, 33, 33, 33, 33, 33, 33, 33, 33, 33, 33, 33, 33, 33, 33, 33, 33, 33, 33, 33, 33, 33, 33, 33, 33, 33, 33, 33, 33, 33, 33, 33, 33, 33, 33, 33, 33, 33, 33, 33, 33, 33, 33, 33, 33, 33, 33, 33, 33, 33, 33, 33, 33, 33, 33, 33, 33, 33, 33, 33, 33, 33, 33, 33, 33, 33, 33, 33, 33, 33, 33, 33, 33, 33, 33, 33, 33, 33, 33, 33, 33, 33, 33, 33, 33, 33, 33, 33, 33, 33, 33, 33, 33, 33, 33, 33, 33, 33, 33, 33, 33, 33, 33, 33, 33, 33, 33, 33, 33, 33, 33, 33, 33, 33, 33, 33, 33, 33, 33, 33, 33, 33, 33, 33, 33, 33, 33, 33, 33, 33, 33, 33, 33, 33, 33, 33, 33, 33, 33, 33, 33, 33, 33, 33, 33, 33, 33, 33, 33, 33, 33, 33, 33, 33, 33, 33, 33, 33, 33, 33, 33, 33, 33, 33, 33, 33, 33, 33, 33, 33, 33, 33, 33, 33, 33, 33, 33, 33, 33, 33, 33, 33, 33, 33, 33, 33, 33, 33, 33, 33, 33, 33, 33, 33, 33, 33, 33, 33, 33, 33, 33, 33, 33, 33, 33, 33, 33, 33, 33, 33, 33, 33, 33, 33, 33, 33, 33, 33, 33, 33, 32, 32, 32, 32, 32, 32, 32, 32, 32, 32, 32, 32, 32, 32, 32, 32, 32, 32, 32, 32, 32, 31, 31, 31, 31, 31, 31, 31, 31, 31, 31, 31, 31, 31, 31, 31, 31, 31, 31, 31, 31, 31, 31, 31, 31, 31, 31, 31, 31, 31]",330,"[0.42047715187072754, 0.410170316696167, 0.4054975211620331, 0.4017467498779297, 0.39883577823638916, 0.39594727754592896, 0.39355745911598206, 0.3912844955921173, 0.38930174708366394, 0.3873075842857361, 0.3853253424167633, 0.38340091705322266, 0.38153430819511414, 0.3798464834690094, 0.3779013752937317, 0.37600642442703247, 0.3743416965007782, 0.3726719915866852, 0.37075164914131165, 0.36903175711631775, 0.3669549822807312, 0.3652220666408539, 0.3634483814239502, 0.36122435331344604, 0.35956084728240967, 0.3575030267238617, 0.35574841499328613, 0.35365355014801025, 0.35166630148887634, 0.3496181070804596, 0.3475734293460846, 0.34552669525146484, 0.3432469964027405, 0.3412448763847351, 0.3390071988105774, 0.33704662322998047, 0.33454763889312744, 0.33250609040260315, 0.33032527565956116, 0.3283691704273224, 0.32600998878479004, 0.3238738775253296, 0.3216458261013031, 0.319456547498703, 0.3172513246536255, 0.3151050806045532, 0.313389390707016, 0.31128084659576416, 0.3092067837715149, 0.307158499956131, 0.30513501167297363, 0.3032199442386627, 0.30139702558517456, 0.29970914125442505, 0.29827138781547546, 0.29635074734687805, 0.29469990730285645, 0.2931292951107025, 0.29168200492858887, 0.2900218069553375, 0.28880223631858826, 0.2874779999256134, 0.28573593497276306, 0.28467971086502075, 0.2835294008255005, 0.282209187746048, 0.2812274396419525, 0.27982035279273987, 0.2786175608634949, 0.27747654914855957, 0.2764885127544403, 0.2755182981491089, 0.2742728292942047, 0.2729637622833252, 0.27207526564598083, 0.27127522230148315, 0.27058446407318115, 0.26905468106269836, 0.2683570384979248, 0.26718300580978394, 0.26608729362487793, 0.26556408405303955, 0.2643665373325348, 0.2635514736175537, 0.26257088780403137, 0.2620528042316437, 0.26105809211730957, 0.25997817516326904, 0.25914397835731506, 0.25826969742774963, 0.2575083076953888, 0.2573170065879822, 0.2560308873653412, 0.2558858096599579, 0.2546980082988739, 0.2540239095687866, 0.25385403633117676, 0.25276821851730347, 0.2518881857395172, 0.25146037340164185, 0.25068923830986023, 0.24994811415672302, 0.24916677176952362, 0.24923153221607208, 0.24825429916381836, 0.24737250804901123, 0.24639035761356354, 0.2462143898010254, 0.24540667235851288, 0.24518321454524994, 0.2445625364780426, 0.2444552481174469, 0.24358497560024261, 0.24307937920093536, 0.24283373355865479, 0.24227872490882874, 0.24078640341758728, 0.24048739671707153, 0.2397177517414093, 0.2389497011899948, 0.23878583312034607, 0.2387688308954239, 0.23790580034255981, 0.23724864423274994, 0.23732204735279083, 0.23648686707019806, 0.23578466475009918, 0.23540270328521729, 0.23509202897548676, 0.23491449654102325, 0.23497729003429413, 0.23358426988124847, 0.23347514867782593, 0.2331704944372177, 0.23291589319705963, 0.2322443425655365, 0.23154790699481964, 0.23146314918994904, 0.23130136728286743, 0.23071840405464172, 0.23077072203159332, 0.229950413107872, 0.22964397072792053, 0.2298211306333542, 0.22968092560768127, 0.22941571474075317, 0.22790464758872986, 0.22943352162837982, 0.22820304334163666, 0.22746354341506958, 0.2269154042005539, 0.22656172513961792, 0.22645729780197144, 0.22543859481811523, 0.2258133441209793, 0.22561800479888916, 0.22550663352012634, 0.22512386739253998, 0.22510482370853424, 0.2251369059085846, 0.22486039996147156, 0.22367028892040253, 0.2234925776720047, 0.22342073917388916, 0.22363737225532532, 0.22248876094818115, 0.2225019484758377, 0.22247417271137238, 0.22307628393173218, 0.22166858613491058, 0.22121407091617584, 0.2214026302099228, 0.22093696892261505, 0.22102805972099304, 0.22103075683116913, 0.2206818014383316, 0.22056694328784943, 0.22024738788604736, 0.22003251314163208, 0.22026479244232178, 0.2192857563495636, 0.21966961026191711, 0.21937263011932373, 0.219231516122818, 0.2190050184726715, 0.2180963158607483, 0.21841448545455933, 0.21865905821323395, 0.21859365701675415, 0.21816091239452362, 0.21772032976150513, 0.2177119255065918, 0.2180502563714981, 0.2184460610151291, 0.21683377027511597, 0.216761976480484, 0.21715505421161652, 0.21710534393787384, 0.21671375632286072, 0.2179602086544037, 0.21656090021133423, 0.21666766703128815, 0.21632829308509827, 0.2168564796447754, 0.21539056301116943, 0.2148878425359726, 0.2144632488489151, 0.21466438472270966, 0.21502381563186646, 0.21434840559959412, 0.21487726271152496, 0.21470224857330322, 0.21407854557037354, 0.2136070430278778, 0.21344488859176636, 0.21348761022090912, 0.2138771265745163, 0.21352706849575043, 0.21346624195575714, 0.2141045331954956, 0.21355824172496796, 0.21331091225147247, 0.21351903676986694, 0.213749498128891, 0.21349327266216278, 0.21264874935150146, 0.21308927237987518, 0.21167688071727753, 0.21245691180229187, 0.21330562233924866, 0.21246419847011566, 0.21174661815166473, 0.21208728849887848, 0.21184156835079193, 0.21110038459300995, 0.2109275758266449, 0.21163341403007507, 0.2118019461631775, 0.21100230515003204, 0.21109654009342194, 0.21069343388080597, 0.2112795114517212, 0.21120454370975494, 0.21025392413139343, 0.2101910263299942, 0.21015119552612305, 0.21044336259365082, 0.21011359989643097, 0.2106511890888214, 0.21032817661762238, 0.20947884023189545, 0.21016862988471985, 0.21029362082481384, 0.2088204026222229, 0.2097591608762741, 0.20952636003494263, 0.20813363790512085, 0.20843267440795898, 0.20924650132656097, 0.20975419878959656, 0.20852375030517578, 0.20866841077804565, 0.20890703797340393, 0.2084541767835617, 0.2086745649576187, 0.20789246261119843, 0.20878739655017853, 0.20875005424022675, 0.20783385634422302, 0.20708969235420227, 0.20767168700695038, 0.2067272812128067, 0.2076743245124817, 0.2072862982749939, 0.20668868720531464, 0.20753028988838196, 0.20637105405330658, 0.2073901742696762, 0.20742806792259216, 0.2068120539188385, 0.20682525634765625, 0.20618659257888794, 0.207110196352005, 0.20680636167526245, 0.20662833750247955, 0.20644418895244598, 0.2059924155473709, 0.20696140825748444, 0.20521830022335052, 0.20632927119731903, 0.20666179060935974, 0.20637446641921997, 0.2049121856689453, 0.2068200707435608, 0.20682653784751892, 0.20582275092601776, 0.2050415277481079, 0.20455476641654968, 0.20591485500335693, 0.2071179449558258, 0.20571482181549072, 0.20506606996059418, 0.20475001633167267, 0.20428089797496796, 0.20345018804073334, 0.20520038902759552, 0.20395314693450928, 0.2043008655309677, 0.2038276493549347, 0.20322300493717194, 0.20550446212291718, 0.20303846895694733, 0.20473356544971466, 0.20327140390872955, 0.2032429724931717, 0.2040945440530777, 0.2030397206544876, 0.20339550077915192, 0.20421969890594482, 0.20353683829307556, 0.20344524085521698, 0.20320743322372437, 0.20310430228710175, 0.20276357233524323, 0.20316258072853088, 0.2028745859861374, 0.20174147188663483, 0.20259135961532593, 0.20284776389598846, 0.2030441164970398]",31.0,"[33.0, 33.0, 33.0, 33.0, 33.0, 33.0, 33.0, 33.0, 33.0, 33.0, 33.0, 33.0, 33.0, 33.0, 33.0, 33.0, 33.0, 33.0, 33.0, 33.0, 33.0, 33.0, 33.0, 33.0, 33.0, 33.0, 33.0, 33.0, 33.0, 33.0, 33.0, 33.0, 33.0, 33.0, 33.0, 33.0, 33.0, 33.0, 33.0, 33.0, 33.0, 33.0, 33.0, 33.0, 33.0, 33.0, 33.0, 33.0, 33.0, 33.0, 33.0, 33.0, 33.0, 33.0, 33.0, 33.0, 33.0, 33.0, 33.0, 33.0, 33.0, 33.0, 33.0, 33.0, 33.0, 33.0, 33.0, 33.0, 33.0, 33.0, 33.0, 33.0, 33.0, 33.0, 33.0, 33.0, 33.0, 33.0, 33.0, 33.0, 33.0, 33.0, 33.0, 33.0, 33.0, 33.0, 33.0, 33.0, 33.0, 33.0, 33.0, 33.0, 33.0, 33.0, 33.0, 33.0, 33.0, 33.0, 33.0, 33.0, 33.0, 33.0, 33.0, 33.0, 33.0, 33.0, 33.0, 33.0, 33.0, 33.0, 33.0, 33.0, 33.0, 33.0, 33.0, 33.0, 33.0, 33.0, 33.0, 33.0, 33.0, 33.0, 33.0, 33.0, 33.0, 33.0, 33.0, 33.0, 33.0, 33.0, 33.0, 33.0, 33.0, 33.0, 33.0, 33.0, 33.0, 33.0, 33.0, 33.0, 33.0, 33.0, 33.0, 33.0, 33.0, 33.0, 33.0, 33.0, 33.0, 33.0, 33.0, 33.0, 33.0, 33.0, 33.0, 33.0, 33.0, 33.0, 33.0, 33.0, 33.0, 33.0, 33.0, 33.0, 33.0, 33.0, 33.0, 33.0, 33.0, 33.0, 33.0, 33.0, 33.0, 33.0, 33.0, 33.0, 33.0, 33.0, 33.0, 33.0, 33.0, 33.0, 33.0, 33.0, 33.0, 33.0, 33.0, 33.0, 33.0, 33.0, 33.0, 33.0, 33.0, 33.0, 33.0, 33.0, 33.0, 33.0, 33.0, 33.0, 33.0, 33.0, 33.0, 33.0, 33.0, 33.0, 33.0, 33.0, 33.0, 33.0, 33.0, 33.0, 33.0, 33.0, 33.0, 33.0, 33.0, 33.0, 33.0, 33.0, 33.0, 33.0, 33.0, 33.0, 33.0, 33.0, 33.0, 33.0, 33.0, 33.0, 33.0, 33.0, 33.0, 33.0, 33.0, 33.0, 33.0, 33.0, 33.0, 33.0, 33.0, 33.0, 33.0, 33.0, 33.0, 33.0, 33.0, 33.0, 33.0, 33.0, 33.0, 33.0, 33.0, 33.0, 33.0, 33.0, 33.0, 33.0, 33.0, 33.0, 33.0, 33.0, 33.0, 33.0, 33.0, 33.0, 33.0, 33.0, 33.0, 33.0, 33.0, 33.0, 33.0, 33.0, 33.0, 33.0, 33.0, 33.0, 33.0, 33.0, 32.0, 32.0, 32.0, 32.0, 32.0, 32.0, 32.0, 32.0, 32.0, 32.0, 32.0, 32.0, 32.0, 32.0, 32.0, 32.0, 32.0, 32.0, 32.0, 32.0, 32.0, 31.0, 31.0, 31.0, 31.0, 31.0, 31.0, 31.0, 31.0, 31.0, 31.0, 31.0, 31.0, 31.0, 31.0, 31.0, 31.0, 31.0, 31.0, 31.0, 31.0, 31.0, 31.0, 31.0, 31.0, 31.0, 31.0, 31.0, 31.0, 31.0]",COMPLETE
