,number,value,datetime_start,datetime_complete,duration,params_batch_size_scaler,params_constant_learning_rate,params_depth,params_epochs,params_kernel_l2,params_num_trees,params_temperature,user_attrs_accuracy_test,user_attrs_accuracy_valid,user_attrs_approximate_feature_sparsity,user_attrs_approximate_feature_sparsity_history,user_attrs_approximate_weight_sparsity,user_attrs_approximate_weight_sparsity_history,user_attrs_auc_test,user_attrs_auc_valid,user_attrs_feature_sparsity,user_attrs_feature_sparsity_history,user_attrs_num_epochs,user_attrs_val_loss_history,user_attrs_weight_sparsity,user_attrs_weight_sparsity_history,state
31,31,0.5,2024-08-31 02:00:09.443234,2024-08-31 02:01:33.849502,0 days 00:01:24.406268,4,0.42945216145691156,1,265,0.002059115080677412,2,0.000772666855384173,0.859,0.85875,0,"[13, 4, 3, 3, 3, 3, 2, 2, 2, 2, 2, 2, 2, 2, 2, 2, 2, 2, 1, 1, 0, 0, 0, 0, 0, 0, 0, 0, 0, 0, 0, 0, 0, 0, 0, 0, 0, 0, 0, 0, 0, 0, 0, 0, 0, 0, 0, 0, 0, 0, 0, 0, 0, 0, 0, 0, 0, 0, 0, 0, 0, 0, 0, 0, 0, 0, 0, 0, 0, 0, 0, 0, 0, 0, 0, 0, 0, 0, 0, 0, 0, 0, 0, 0, 0, 0, 0, 0, 0, 0, 0, 0, 0, 0, 0, 0, 0, 0, 0, 0, 0, 0, 0, 0, 0, 0, 0, 0, 0, 0, 0, 0, 0, 0, 0, 0, 0, 0, 0, 0, 0, 0, 0, 0, 0, 0, 0, 0, 0, 0, 0, 0, 0, 0, 0, 0, 0, 0, 0, 0, 0, 0, 0, 0, 0, 0, 0, 0, 0, 0, 0, 0, 0, 0, 0, 0, 0, 0, 0, 0, 0, 0, 0, 0, 0, 0, 0, 0, 0, 0, 0, 0, 0, 0, 0, 0, 0, 0, 0, 0, 0, 0, 0, 0, 0, 0, 0, 0, 0, 0, 0, 0, 0, 0, 0, 0, 0, 0, 0, 0, 0, 0, 0, 0, 0, 0, 0, 0, 0, 0, 0, 0, 0, 0, 0, 0, 0, 0, 0, 0, 0, 0, 0, 0, 0, 0, 0, 0, 0, 0, 0, 0, 0, 0, 0, 0, 0, 0, 0, 0, 0, 0, 0, 0, 0, 0, 0, 0, 0, 0, 0, 0, 0, 0, 0, 0, 0, 0, 0, 0, 0, 0, 0, 0, 0]",0.0,"[13.0, 4.0, 3.0, 3.0, 3.0, 3.0, 2.0, 2.0, 2.0, 2.0, 2.0, 2.0, 2.0, 2.0, 2.0, 2.0, 2.0, 2.0, 1.0, 1.0, 0.0, 0.0, 0.0, 0.0, 0.0, 0.0, 0.0, 0.0, 0.0, 0.0, 0.0, 0.0, 0.0, 0.0, 0.0, 0.0, 0.0, 0.0, 0.0, 0.0, 0.0, 0.0, 0.0, 0.0, 0.0, 0.0, 0.0, 0.0, 0.0, 0.0, 0.0, 0.0, 0.0, 0.0, 0.0, 0.0, 0.0, 0.0, 0.0, 0.0, 0.0, 0.0, 0.0, 0.0, 0.0, 0.0, 0.0, 0.0, 0.0, 0.0, 0.0, 0.0, 0.0, 0.0, 0.0, 0.0, 0.0, 0.0, 0.0, 0.0, 0.0, 0.0, 0.0, 0.0, 0.0, 0.0, 0.0, 0.0, 0.0, 0.0, 0.0, 0.0, 0.0, 0.0, 0.0, 0.0, 0.0, 0.0, 0.0, 0.0, 0.0, 0.0, 0.0, 0.0, 0.0, 0.0, 0.0, 0.0, 0.0, 0.0, 0.0, 0.0, 0.0, 0.0, 0.0, 0.0, 0.0, 0.0, 0.0, 0.0, 0.0, 0.0, 0.0, 0.0, 0.0, 0.0, 0.0, 0.0, 0.0, 0.0, 0.0, 0.0, 0.0, 0.0, 0.0, 0.0, 0.0, 0.0, 0.0, 0.0, 0.0, 0.0, 0.0, 0.0, 0.0, 0.0, 0.0, 0.0, 0.0, 0.0, 0.0, 0.0, 0.0, 0.0, 0.0, 0.0, 0.0, 0.0, 0.0, 0.0, 0.0, 0.0, 0.0, 0.0, 0.0, 0.0, 0.0, 0.0, 0.0, 0.0, 0.0, 0.0, 0.0, 0.0, 0.0, 0.0, 0.0, 0.0, 0.0, 0.0, 0.0, 0.0, 0.0, 0.0, 0.0, 0.0, 0.0, 0.0, 0.0, 0.0, 0.0, 0.0, 0.0, 0.0, 0.0, 0.0, 0.0, 0.0, 0.0, 0.0, 0.0, 0.0, 0.0, 0.0, 0.0, 0.0, 0.0, 0.0, 0.0, 0.0, 0.0, 0.0, 0.0, 0.0, 0.0, 0.0, 0.0, 0.0, 0.0, 0.0, 0.0, 0.0, 0.0, 0.0, 0.0, 0.0, 0.0, 0.0, 0.0, 0.0, 0.0, 0.0, 0.0, 0.0, 0.0, 0.0, 0.0, 0.0, 0.0, 0.0, 0.0, 0.0, 0.0, 0.0, 0.0, 0.0, 0.0, 0.0, 0.0, 0.0, 0.0, 0.0, 0.0, 0.0, 0.0, 0.0, 0.0, 0.0, 0.0, 0.0, 0.0, 0.0, 0.0, 0.0, 0.0]",0.5,0.5,0,"[13, 4, 3, 3, 3, 3, 2, 2, 2, 2, 2, 2, 2, 2, 2, 2, 2, 2, 1, 1, 0, 0, 0, 0, 0, 0, 0, 0, 0, 0, 0, 0, 0, 0, 0, 0, 0, 0, 0, 0, 0, 0, 0, 0, 0, 0, 0, 0, 0, 0, 0, 0, 0, 0, 0, 0, 0, 0, 0, 0, 0, 0, 0, 0, 0, 0, 0, 0, 0, 0, 0, 0, 0, 0, 0, 0, 0, 0, 0, 0, 0, 0, 0, 0, 0, 0, 0, 0, 0, 0, 0, 0, 0, 0, 0, 0, 0, 0, 0, 0, 0, 0, 0, 0, 0, 0, 0, 0, 0, 0, 0, 0, 0, 0, 0, 0, 0, 0, 0, 0, 0, 0, 0, 0, 0, 0, 0, 0, 0, 0, 0, 0, 0, 0, 0, 0, 0, 0, 0, 0, 0, 0, 0, 0, 0, 0, 0, 0, 0, 0, 0, 0, 0, 0, 0, 0, 0, 0, 0, 0, 0, 0, 0, 0, 0, 0, 0, 0, 0, 0, 0, 0, 0, 0, 0, 0, 0, 0, 0, 0, 0, 0, 0, 0, 0, 0, 0, 0, 0, 0, 0, 0, 0, 0, 0, 0, 0, 0, 0, 0, 0, 0, 0, 0, 0, 0, 0, 0, 0, 0, 0, 0, 0, 0, 0, 0, 0, 0, 0, 0, 0, 0, 0, 0, 0, 0, 0, 0, 0, 0, 0, 0, 0, 0, 0, 0, 0, 0, 0, 0, 0, 0, 0, 0, 0, 0, 0, 0, 0, 0, 0, 0, 0, 0, 0, 0, 0, 0, 0, 0, 0, 0, 0, 0, 0]",265,"[0.37514349818229675, 0.36363938450813293, 0.36146122217178345, 0.358008474111557, 0.35882988572120667, 0.36030277609825134, 0.37184691429138184, 0.37263938784599304, 0.37029168009757996, 0.3698129951953888, 0.3699537515640259, 0.37221720814704895, 0.3695227801799774, 0.370402991771698, 0.3693515360355377, 0.37018752098083496, 0.3693563938140869, 0.3701416254043579, 0.3928877115249634, 0.3935161232948303, 0.4124540388584137, 0.40806350111961365, 0.40773332118988037, 0.40723729133605957, 0.40743178129196167, 0.40738868713378906, 0.4073750376701355, 0.40772923827171326, 0.40975433588027954, 0.407570481300354, 0.40724825859069824, 0.40993213653564453, 0.40728941559791565, 0.4074679911136627, 0.4078223705291748, 0.40723639726638794, 0.40878716111183167, 0.4077394902706146, 0.40905943512916565, 0.4072977304458618, 0.4072269797325134, 0.40785232186317444, 0.4115169942378998, 0.40744245052337646, 0.40760791301727295, 0.40738293528556824, 0.4104105234146118, 0.4073143005371094, 0.40763145685195923, 0.4075174331665039, 0.40831729769706726, 0.40724146366119385, 0.40737801790237427, 0.4074975848197937, 0.412166565656662, 0.4073678255081177, 0.4079441428184509, 0.4077047109603882, 0.40745896100997925, 0.40886738896369934, 0.4072343111038208, 0.41036882996559143, 0.4072379171848297, 0.41058048605918884, 0.4075218439102173, 0.4073086082935333, 0.4072543978691101, 0.40722641348838806, 0.40725177526474, 0.408710777759552, 0.4076831042766571, 0.4072860777378082, 0.40733736753463745, 0.40723687410354614, 0.4074564278125763, 0.4075331389904022, 0.4077429175376892, 0.4082569181919098, 0.407329797744751, 0.40728309750556946, 0.4073579013347626, 0.40769875049591064, 0.4074345827102661, 0.4099853038787842, 0.40794864296913147, 0.4072262942790985, 0.40755873918533325, 0.4077345132827759, 0.40741294622421265, 0.4088577926158905, 0.4072514772415161, 0.4072714149951935, 0.40936198830604553, 0.40738341212272644, 0.4074319005012512, 0.40862706303596497, 0.407362163066864, 0.40875008702278137, 0.4084419310092926, 0.4073558747768402, 0.40726760029792786, 0.4080597162246704, 0.4076176881790161, 0.4074022173881531, 0.4072856605052948, 0.4073970317840576, 0.4077805280685425, 0.40774068236351013, 0.40790748596191406, 0.40759074687957764, 0.40724512934684753, 0.40753623843193054, 0.40735793113708496, 0.4073579013347626, 0.4077762961387634, 0.4072261154651642, 0.40727970004081726, 0.4097960293292999, 0.408797949552536, 0.40751415491104126, 0.4091499447822571, 0.40811827778816223, 0.40741634368896484, 0.40826332569122314, 0.40804046392440796, 0.4072262644767761, 0.4105161428451538, 0.40723633766174316, 0.40766575932502747, 0.40722668170928955, 0.40758854150772095, 0.4074242413043976, 0.4072328507900238, 0.40734899044036865, 0.4079328179359436, 0.41231173276901245, 0.4074743688106537, 0.40759915113449097, 0.40748631954193115, 0.4085245132446289, 0.40727999806404114, 0.40875327587127686, 0.4072493612766266, 0.4072803854942322, 0.4072314500808716, 0.40722721815109253, 0.40735071897506714, 0.40820640325546265, 0.40779268741607666, 0.40735146403312683, 0.40786802768707275, 0.4072878360748291, 0.40847018361091614, 0.40913599729537964, 0.4073024094104767, 0.4074316918849945, 0.4104827046394348, 0.40936386585235596, 0.41150811314582825, 0.40827637910842896, 0.407882422208786, 0.40743333101272583, 0.4074189364910126, 0.4077592194080353, 0.4079163670539856, 0.4074210822582245, 0.4089052975177765, 0.4072583317756653, 0.41022270917892456, 0.40780505537986755, 0.4072764217853546, 0.40729576349258423, 0.40834546089172363, 0.40728533267974854, 0.40725845098495483, 0.4073396921157837, 0.40865394473075867, 0.4083509147167206, 0.40733253955841064, 0.40796077251434326, 0.40725207328796387, 0.40801167488098145, 0.4072537124156952, 0.40725842118263245, 0.4072287380695343, 0.40728211402893066, 0.40741392970085144, 0.4072270095348358, 0.4072730541229248, 0.4074345827102661, 0.4083586633205414, 0.40799182653427124, 0.40727701783180237, 0.40732112526893616, 0.40733593702316284, 0.4082048833370209, 0.40810418128967285, 0.40736323595046997, 0.40779581665992737, 0.4072471261024475, 0.407338947057724, 0.4072413742542267, 0.40741801261901855, 0.407405287027359, 0.4072282314300537, 0.40811747312545776, 0.40748319029808044, 0.40948230028152466, 0.40736058354377747, 0.4073033630847931, 0.4073599874973297, 0.40733802318573, 0.407304584980011, 0.40757831931114197, 0.40802884101867676, 0.4093749523162842, 0.4073355197906494, 0.4073720872402191, 0.4087502956390381, 0.40849778056144714, 0.40723296999931335, 0.41051384806632996, 0.4072670638561249, 0.40722939372062683, 0.4098152220249176, 0.40745529532432556, 0.40726009011268616, 0.40857958793640137, 0.4080689251422882, 0.4078456163406372, 0.4076528549194336, 0.4077349007129669, 0.4074264466762543, 0.4073982238769531, 0.40756475925445557, 0.4079975187778473, 0.4074408710002899, 0.407235711812973, 0.4076665937900543, 0.40748679637908936, 0.4074172079563141, 0.4073461592197418, 0.4072912335395813, 0.4074305295944214, 0.4077848196029663, 0.4073237478733063, 0.40747058391571045, 0.40735721588134766, 0.40779122710227966, 0.40722617506980896, 0.407274067401886, 0.4075189530849457, 0.407235711812973, 0.4080539345741272, 0.4074876308441162, 0.407258003950119, 0.407235324382782, 0.4081573784351349, 0.4081515371799469, 0.40722864866256714, 0.40761515498161316, 0.40878620743751526, 0.40723010897636414, 0.40729454159736633, 0.40726590156555176]",0.0,"[13.0, 4.0, 3.0, 3.0, 3.0, 3.0, 2.0, 2.0, 2.0, 2.0, 2.0, 2.0, 2.0, 2.0, 2.0, 2.0, 2.0, 2.0, 1.0, 1.0, 0.0, 0.0, 0.0, 0.0, 0.0, 0.0, 0.0, 0.0, 0.0, 0.0, 0.0, 0.0, 0.0, 0.0, 0.0, 0.0, 0.0, 0.0, 0.0, 0.0, 0.0, 0.0, 0.0, 0.0, 0.0, 0.0, 0.0, 0.0, 0.0, 0.0, 0.0, 0.0, 0.0, 0.0, 0.0, 0.0, 0.0, 0.0, 0.0, 0.0, 0.0, 0.0, 0.0, 0.0, 0.0, 0.0, 0.0, 0.0, 0.0, 0.0, 0.0, 0.0, 0.0, 0.0, 0.0, 0.0, 0.0, 0.0, 0.0, 0.0, 0.0, 0.0, 0.0, 0.0, 0.0, 0.0, 0.0, 0.0, 0.0, 0.0, 0.0, 0.0, 0.0, 0.0, 0.0, 0.0, 0.0, 0.0, 0.0, 0.0, 0.0, 0.0, 0.0, 0.0, 0.0, 0.0, 0.0, 0.0, 0.0, 0.0, 0.0, 0.0, 0.0, 0.0, 0.0, 0.0, 0.0, 0.0, 0.0, 0.0, 0.0, 0.0, 0.0, 0.0, 0.0, 0.0, 0.0, 0.0, 0.0, 0.0, 0.0, 0.0, 0.0, 0.0, 0.0, 0.0, 0.0, 0.0, 0.0, 0.0, 0.0, 0.0, 0.0, 0.0, 0.0, 0.0, 0.0, 0.0, 0.0, 0.0, 0.0, 0.0, 0.0, 0.0, 0.0, 0.0, 0.0, 0.0, 0.0, 0.0, 0.0, 0.0, 0.0, 0.0, 0.0, 0.0, 0.0, 0.0, 0.0, 0.0, 0.0, 0.0, 0.0, 0.0, 0.0, 0.0, 0.0, 0.0, 0.0, 0.0, 0.0, 0.0, 0.0, 0.0, 0.0, 0.0, 0.0, 0.0, 0.0, 0.0, 0.0, 0.0, 0.0, 0.0, 0.0, 0.0, 0.0, 0.0, 0.0, 0.0, 0.0, 0.0, 0.0, 0.0, 0.0, 0.0, 0.0, 0.0, 0.0, 0.0, 0.0, 0.0, 0.0, 0.0, 0.0, 0.0, 0.0, 0.0, 0.0, 0.0, 0.0, 0.0, 0.0, 0.0, 0.0, 0.0, 0.0, 0.0, 0.0, 0.0, 0.0, 0.0, 0.0, 0.0, 0.0, 0.0, 0.0, 0.0, 0.0, 0.0, 0.0, 0.0, 0.0, 0.0, 0.0, 0.0, 0.0, 0.0, 0.0, 0.0, 0.0, 0.0, 0.0, 0.0, 0.0, 0.0, 0.0, 0.0, 0.0, 0.0, 0.0, 0.0, 0.0, 0.0, 0.0]",COMPLETE
32,32,0.5,2024-08-31 02:01:34.880324,2024-08-31 02:03:35.286416,0 days 00:02:00.406092,4,6.52719037974297,5,70,0.4674088771084993,97,0.0021075645290967735,0.859,0.85875,0,"[5, 4, 2, 2, 2, 2, 1, 1, 1, 1, 1, 1, 1, 1, 1, 1, 1, 1, 1, 1, 1, 1, 1, 1, 1, 1, 1, 1, 1, 1, 1, 1, 1, 1, 1, 1, 1, 1, 1, 1, 1, 1, 1, 1, 1, 1, 1, 1, 1, 1, 1, 1, 1, 1, 1, 1, 0, 0, 0, 0, 0, 0, 0, 0, 0, 0, 0, 0, 0, 0]",0.0,"[4.995344196873961, 3.993348852677087, 1.9986697705354173, 1.9980046558031261, 1.9983372131692718, 1.997006983704689, 0.9983372131692717, 0.9990023279015631, 0.9990023279015631, 0.9983372131692717, 0.9996674426338543, 0.9996674426338543, 0.9990023279015631, 0.9993348852677086, 0.9993348852677086, 0.9993348852677086, 0.9973395410708347, 0.9986697705354174, 0.9990023279015631, 0.9976720984369803, 0.9986697705354174, 0.9983372131692717, 0.9990023279015631, 0.9990023279015631, 0.9983372131692717, 0.9983372131692717, 0.9983372131692717, 0.9983372131692717, 0.9976720984369803, 0.9983372131692717, 0.9986697705354174, 0.9986697705354174, 0.9986697705354174, 0.998004655803126, 0.998004655803126, 0.9976720984369803, 0.998004655803126, 0.998004655803126, 0.9983372131692717, 0.9986697705354174, 0.9983372131692717, 0.9986697705354174, 0.9983372131692717, 0.998004655803126, 0.998004655803126, 0.998004655803126, 0.9973395410708347, 0.998004655803126, 0.9976720984369803, 0.998004655803126, 0.9973395410708347, 0.9973395410708347, 0.9976720984369803, 0.9973395410708347, 0.9973395410708347, 0.9970069837046891, 0.0, 0.0, 0.0, 0.0, 0.0, 0.0, 0.0, 0.0, 0.0, 0.0, 0.0, 0.0, 0.0, 0.0]",0.5,0.5,0,"[5, 4, 2, 2, 2, 2, 1, 1, 1, 1, 1, 1, 1, 1, 1, 1, 1, 1, 1, 1, 1, 1, 1, 1, 1, 1, 1, 1, 1, 1, 1, 1, 1, 1, 1, 1, 1, 1, 1, 1, 1, 1, 1, 1, 1, 1, 1, 1, 1, 1, 1, 1, 1, 1, 1, 1, 0, 0, 0, 0, 0, 0, 0, 0, 0, 0, 0, 0, 0, 0]",70,"[0.427459716796875, 0.7906728982925415, 2.362887382507324, 0.9930704236030579, 2.0948052406311035, 0.4263932406902313, 1.9692894220352173, 1.6244622468948364, 1.1455210447311401, 1.4414832592010498, 0.7870205640792847, 0.5786070823669434, 1.4708452224731445, 2.5963523387908936, 0.8751359581947327, 1.0216567516326904, 1.5851283073425293, 1.2812354564666748, 3.063831090927124, 3.0082790851593018, 0.42962920665740967, 0.9598381519317627, 0.7233957648277283, 0.7262313365936279, 0.7024590373039246, 0.6902784109115601, 0.5422132015228271, 0.4722386300563812, 0.6007316708564758, 0.4927630126476288, 1.7394064664840698, 1.7453007698059082, 0.43603914976119995, 1.9807969331741333, 1.21860933303833, 2.0868732929229736, 0.6046945452690125, 3.4887893199920654, 0.641831636428833, 3.5449254512786865, 1.1251919269561768, 0.7898819446563721, 0.4949065148830414, 0.5177165865898132, 0.5355594754219055, 0.8827179074287415, 0.5539077520370483, 0.5775362253189087, 0.45511147379875183, 1.272547960281372, 1.8198158740997314, 0.44951483607292175, 0.5298527479171753, 1.754507303237915, 0.8711254000663757, 0.4645831286907196, 2.6188735961914062, 0.8244566321372986, 0.9973050951957703, 1.889047384262085, 0.4257356524467468, 0.4100179672241211, 0.4087299704551697, 2.9245400428771973, 2.374664306640625, 2.2718138694763184, 1.463446021080017, 0.463026225566864, 3.519183397293091, 0.41653507947921753]",0.0,"[5.0, 4.0, 2.0, 2.0, 2.0, 2.0, 1.0, 1.0, 1.0, 1.0, 1.0, 1.0, 1.0, 1.0, 1.0, 1.0, 1.0, 1.0, 1.0, 1.0, 1.0, 1.0, 1.0, 1.0, 1.0, 1.0, 1.0, 1.0, 1.0, 1.0, 1.0, 1.0, 1.0, 1.0, 1.0, 1.0, 1.0, 1.0, 1.0, 1.0, 1.0, 1.0, 1.0, 1.0, 1.0, 1.0, 1.0, 1.0, 1.0, 1.0, 1.0, 1.0, 1.0, 1.0, 1.0, 1.0, 0.0, 0.0, 0.0, 0.0, 0.0, 0.0, 0.0, 0.0, 0.0, 0.0, 0.0, 0.0, 0.0, 0.0]",COMPLETE
33,33,0.5,2024-08-31 02:03:36.256612,2024-08-31 02:04:27.294060,0 days 00:00:51.037448,1,2.7257797845865372,3,50,0.012959501591503646,47,0.045541033111198614,0.859,0.85875,0,"[0, 0, 0, 0, 0, 0, 0, 0, 0, 0, 0, 0, 0, 0, 0, 0, 0, 0, 0, 0, 0, 0, 0, 0, 0, 0, 0, 0, 0, 0, 0, 0, 0, 0, 0, 0, 0, 0, 0, 0, 0, 0, 0, 0, 0, 0, 0, 0, 0, 0]",0.0,"[0.0, 0.0, 0.0, 0.0, 0.0, 0.0, 0.0, 0.0, 0.0, 0.0, 0.0, 0.0, 0.0, 0.0, 0.0, 0.0, 0.0, 0.0, 0.0, 0.0, 0.0, 0.0, 0.0, 0.0, 0.0, 0.0, 0.0, 0.0, 0.0, 0.0, 0.0, 0.0, 0.0, 0.0, 0.0, 0.0, 0.0, 0.0, 0.0, 0.0, 0.0, 0.0, 0.0, 0.0, 0.0, 0.0, 0.0, 0.0, 0.0, 0.0]",0.5,0.5,0,"[0, 0, 0, 0, 0, 0, 0, 0, 0, 0, 0, 0, 0, 0, 0, 0, 0, 0, 0, 0, 0, 0, 0, 0, 0, 0, 0, 0, 0, 0, 0, 0, 0, 0, 0, 0, 0, 0, 0, 0, 0, 0, 0, 0, 0, 0, 0, 0, 0, 0]",50,"[3.2485504150390625, 3.048583745956421, 1.0695561170578003, 1.276580810546875, 0.4409940838813782, 1.6112701892852783, 3.0363974571228027, 0.5338086485862732, 0.5613342523574829, 2.9480066299438477, 0.5139240622520447, 1.6412237882614136, 0.6554625630378723, 0.48631569743156433, 0.4072449505329132, 2.032254219055176, 2.7994141578674316, 0.48225104808807373, 1.126556634902954, 1.1900763511657715, 0.520555853843689, 1.549433708190918, 0.9229118824005127, 0.5682582855224609, 0.9367783069610596, 0.4938562512397766, 0.5433694124221802, 1.350197196006775, 2.3351612091064453, 1.5523326396942139, 0.5496005415916443, 0.47384440898895264, 0.8338119387626648, 0.42861297726631165, 0.6804564595222473, 0.44371649622917175, 2.4672701358795166, 1.0952823162078857, 0.4297725558280945, 1.105770468711853, 0.9793428778648376, 3.1581830978393555, 1.1145410537719727, 2.81343412399292, 3.160606622695923, 2.765744686126709, 0.4503328204154968, 1.9643630981445312, 2.1947643756866455, 2.6469850540161133]",0.0,"[0.0, 0.0, 0.0, 0.0, 0.0, 0.0, 0.0, 0.0, 0.0, 0.0, 0.0, 0.0, 0.0, 0.0, 0.0, 0.0, 0.0, 0.0, 0.0, 0.0, 0.0, 0.0, 0.0, 0.0, 0.0, 0.0, 0.0, 0.0, 0.0, 0.0, 0.0, 0.0, 0.0, 0.0, 0.0, 0.0, 0.0, 0.0, 0.0, 0.0, 0.0, 0.0, 0.0, 0.0, 0.0, 0.0, 0.0, 0.0, 0.0, 0.0]",COMPLETE
