,number,value,datetime_start,datetime_complete,duration,params_batch_size_scaler,params_constant_learning_rate,params_depth,params_epochs,params_kernel_l2,params_num_trees,params_temperature,user_attrs_accuracy_test,user_attrs_accuracy_valid,user_attrs_approximate_feature_sparsity,user_attrs_approximate_feature_sparsity_history,user_attrs_approximate_weight_sparsity,user_attrs_approximate_weight_sparsity_history,user_attrs_auc_test,user_attrs_auc_valid,user_attrs_feature_sparsity,user_attrs_feature_sparsity_history,user_attrs_num_epochs,user_attrs_val_loss_history,user_attrs_weight_sparsity,user_attrs_weight_sparsity_history,state
131,131,0.5,2024-08-31 06:40:10.963544,2024-08-31 06:41:14.376652,0 days 00:01:03.413108,16,2.855007433388428,2,460,0.6487046103754679,20,0.08219276058845319,0.859,0.85875,0,"[0, 0, 0, 0, 0, 0, 0, 0, 0, 0, 0, 0, 0, 0, 0, 0, 0, 0, 0, 0, 0, 0, 0, 0, 0, 0, 0, 0, 0, 0, 0, 0, 0, 0, 0, 0, 0, 0, 0, 0, 0, 0, 0, 0, 0, 0, 0, 0, 0, 0, 0, 0, 0, 0, 0, 0, 0, 0, 0, 0, 0, 0, 0, 0, 0, 0, 0, 0, 0, 0, 0, 0, 0, 0, 0, 0, 0, 0, 0, 0, 0, 0, 0, 0, 0, 0, 0, 0, 0, 0, 0, 0, 0, 0, 0, 0, 0, 0, 0, 0, 0, 0, 0, 0, 0, 0, 0, 0, 0, 0, 0, 0, 0, 0, 0, 0, 0, 0, 0, 0, 0, 0, 0, 0, 0, 0, 0, 0, 0, 0, 0, 0, 0, 0, 0, 0, 0, 0, 0, 0, 0, 0, 0, 0, 0, 0, 0, 0, 0, 0, 0, 0, 0, 0, 0, 0, 0, 0, 0, 0, 0, 0, 0, 0, 0, 0, 0, 0, 0, 0, 0, 0, 0, 0, 0, 0, 0, 0, 0, 0, 0, 0, 0, 0, 0, 0, 0, 0, 0, 0, 0, 0, 0, 0, 0, 0, 0, 0, 0, 0, 0, 0, 0, 0, 0, 0, 0, 0, 0, 0, 0, 0, 0, 0, 0, 0, 0, 0, 0, 0, 0, 0, 0, 0, 0, 0, 0, 0, 0, 0, 0, 0, 0, 0, 0, 0, 0, 0, 0, 0, 0, 0, 0, 0, 0, 0, 0, 0, 0, 0, 0, 0, 0, 0, 0, 0, 0, 0, 0, 0, 0, 0, 0, 0, 0, 0, 0, 0, 0, 0, 0, 0, 0, 0, 0, 0, 0, 0, 0, 0, 0, 0, 0, 0, 0, 0, 0, 0, 0, 0, 0, 0, 0, 0, 0, 0, 0, 0, 0, 0, 0, 0, 0, 0, 0, 0, 0, 0, 0, 0, 0, 0, 0, 0, 0, 0, 0, 0, 0, 0, 0, 0, 0, 0, 0, 0, 0, 0, 0, 0, 0, 0, 0, 0, 0, 0, 0, 0, 0, 0, 0, 0, 0, 0, 0, 0, 0, 0, 0, 0, 0, 0, 0, 0, 0, 0, 0, 0, 0, 0, 0, 0, 0, 0, 0, 0, 0, 0, 0, 0, 0, 0, 0, 0, 0, 0, 0, 0, 0, 0, 0, 0, 0, 0, 0, 0, 0, 0, 0, 0, 0, 0, 0, 0, 0, 0, 0, 0, 0, 0, 0, 0, 0, 0, 0, 0, 0, 0, 0, 0, 0, 0, 0, 0, 0, 0, 0, 0, 0, 0, 0, 0, 0, 0, 0, 0, 0, 0, 0, 0, 0, 0, 0, 0, 0, 0, 0, 0, 0, 0, 0, 0, 0, 0, 0, 0, 0, 0, 0, 0, 0, 0, 0, 0, 0, 0, 0, 0, 0, 0]",0.0,"[0.0, 0.0, 0.0, 0.0, 0.0, 0.0, 0.0, 0.0, 0.0, 0.0, 0.0, 0.0, 0.0, 0.0, 0.0, 0.0, 0.0, 0.0, 0.0, 0.0, 0.0, 0.0, 0.0, 0.0, 0.0, 0.0, 0.0, 0.0, 0.0, 0.0, 0.0, 0.0, 0.0, 0.0, 0.0, 0.0, 0.0, 0.0, 0.0, 0.0, 0.0, 0.0, 0.0, 0.0, 0.0, 0.0, 0.0, 0.0, 0.0, 0.0, 0.0, 0.0, 0.0, 0.0, 0.0, 0.0, 0.0, 0.0, 0.0, 0.0, 0.0, 0.0, 0.0, 0.0, 0.0, 0.0, 0.0, 0.0, 0.0, 0.0, 0.0, 0.0, 0.0, 0.0, 0.0, 0.0, 0.0, 0.0, 0.0, 0.0, 0.0, 0.0, 0.0, 0.0, 0.0, 0.0, 0.0, 0.0, 0.0, 0.0, 0.0, 0.0, 0.0, 0.0, 0.0, 0.0, 0.0, 0.0, 0.0, 0.0, 0.0, 0.0, 0.0, 0.0, 0.0, 0.0, 0.0, 0.0, 0.0, 0.0, 0.0, 0.0, 0.0, 0.0, 0.0, 0.0, 0.0, 0.0, 0.0, 0.0, 0.0, 0.0, 0.0, 0.0, 0.0, 0.0, 0.0, 0.0, 0.0, 0.0, 0.0, 0.0, 0.0, 0.0, 0.0, 0.0, 0.0, 0.0, 0.0, 0.0, 0.0, 0.0, 0.0, 0.0, 0.0, 0.0, 0.0, 0.0, 0.0, 0.0, 0.0, 0.0, 0.0, 0.0, 0.0, 0.0, 0.0, 0.0, 0.0, 0.0, 0.0, 0.0, 0.0, 0.0, 0.0, 0.0, 0.0, 0.0, 0.0, 0.0, 0.0, 0.0, 0.0, 0.0, 0.0, 0.0, 0.0, 0.0, 0.0, 0.0, 0.0, 0.0, 0.0, 0.0, 0.0, 0.0, 0.0, 0.0, 0.0, 0.0, 0.0, 0.0, 0.0, 0.0, 0.0, 0.0, 0.0, 0.0, 0.0, 0.0, 0.0, 0.0, 0.0, 0.0, 0.0, 0.0, 0.0, 0.0, 0.0, 0.0, 0.0, 0.0, 0.0, 0.0, 0.0, 0.0, 0.0, 0.0, 0.0, 0.0, 0.0, 0.0, 0.0, 0.0, 0.0, 0.0, 0.0, 0.0, 0.0, 0.0, 0.0, 0.0, 0.0, 0.0, 0.0, 0.0, 0.0, 0.0, 0.0, 0.0, 0.0, 0.0, 0.0, 0.0, 0.0, 0.0, 0.0, 0.0, 0.0, 0.0, 0.0, 0.0, 0.0, 0.0, 0.0, 0.0, 0.0, 0.0, 0.0, 0.0, 0.0, 0.0, 0.0, 0.0, 0.0, 0.0, 0.0, 0.0, 0.0, 0.0, 0.0, 0.0, 0.0, 0.0, 0.0, 0.0, 0.0, 0.0, 0.0, 0.0, 0.0, 0.0, 0.0, 0.0, 0.0, 0.0, 0.0, 0.0, 0.0, 0.0, 0.0, 0.0, 0.0, 0.0, 0.0, 0.0, 0.0, 0.0, 0.0, 0.0, 0.0, 0.0, 0.0, 0.0, 0.0, 0.0, 0.0, 0.0, 0.0, 0.0, 0.0, 0.0, 0.0, 0.0, 0.0, 0.0, 0.0, 0.0, 0.0, 0.0, 0.0, 0.0, 0.0, 0.0, 0.0, 0.0, 0.0, 0.0, 0.0, 0.0, 0.0, 0.0, 0.0, 0.0, 0.0, 0.0, 0.0, 0.0, 0.0, 0.0, 0.0, 0.0, 0.0, 0.0, 0.0, 0.0, 0.0, 0.0, 0.0, 0.0, 0.0, 0.0, 0.0, 0.0, 0.0, 0.0, 0.0, 0.0, 0.0, 0.0, 0.0, 0.0, 0.0, 0.0, 0.0, 0.0, 0.0, 0.0, 0.0, 0.0, 0.0, 0.0, 0.0, 0.0, 0.0, 0.0, 0.0, 0.0, 0.0, 0.0, 0.0, 0.0, 0.0, 0.0, 0.0, 0.0, 0.0, 0.0, 0.0, 0.0, 0.0, 0.0, 0.0, 0.0, 0.0, 0.0, 0.0, 0.0, 0.0, 0.0, 0.0, 0.0, 0.0, 0.0, 0.0, 0.0, 0.0, 0.0, 0.0, 0.0, 0.0, 0.0, 0.0, 0.0, 0.0, 0.0, 0.0, 0.0, 0.0, 0.0, 0.0, 0.0, 0.0, 0.0, 0.0, 0.0, 0.0, 0.0, 0.0, 0.0, 0.0, 0.0, 0.0, 0.0, 0.0, 0.0, 0.0, 0.0, 0.0, 0.0, 0.0, 0.0, 0.0, 0.0, 0.0, 0.0, 0.0, 0.0, 0.0, 0.0, 0.0, 0.0, 0.0, 0.0, 0.0, 0.0, 0.0, 0.0, 0.0, 0.0]",0.5,0.5,0,"[0, 0, 0, 0, 0, 0, 0, 0, 0, 0, 0, 0, 0, 0, 0, 0, 0, 0, 0, 0, 0, 0, 0, 0, 0, 0, 0, 0, 0, 0, 0, 0, 0, 0, 0, 0, 0, 0, 0, 0, 0, 0, 0, 0, 0, 0, 0, 0, 0, 0, 0, 0, 0, 0, 0, 0, 0, 0, 0, 0, 0, 0, 0, 0, 0, 0, 0, 0, 0, 0, 0, 0, 0, 0, 0, 0, 0, 0, 0, 0, 0, 0, 0, 0, 0, 0, 0, 0, 0, 0, 0, 0, 0, 0, 0, 0, 0, 0, 0, 0, 0, 0, 0, 0, 0, 0, 0, 0, 0, 0, 0, 0, 0, 0, 0, 0, 0, 0, 0, 0, 0, 0, 0, 0, 0, 0, 0, 0, 0, 0, 0, 0, 0, 0, 0, 0, 0, 0, 0, 0, 0, 0, 0, 0, 0, 0, 0, 0, 0, 0, 0, 0, 0, 0, 0, 0, 0, 0, 0, 0, 0, 0, 0, 0, 0, 0, 0, 0, 0, 0, 0, 0, 0, 0, 0, 0, 0, 0, 0, 0, 0, 0, 0, 0, 0, 0, 0, 0, 0, 0, 0, 0, 0, 0, 0, 0, 0, 0, 0, 0, 0, 0, 0, 0, 0, 0, 0, 0, 0, 0, 0, 0, 0, 0, 0, 0, 0, 0, 0, 0, 0, 0, 0, 0, 0, 0, 0, 0, 0, 0, 0, 0, 0, 0, 0, 0, 0, 0, 0, 0, 0, 0, 0, 0, 0, 0, 0, 0, 0, 0, 0, 0, 0, 0, 0, 0, 0, 0, 0, 0, 0, 0, 0, 0, 0, 0, 0, 0, 0, 0, 0, 0, 0, 0, 0, 0, 0, 0, 0, 0, 0, 0, 0, 0, 0, 0, 0, 0, 0, 0, 0, 0, 0, 0, 0, 0, 0, 0, 0, 0, 0, 0, 0, 0, 0, 0, 0, 0, 0, 0, 0, 0, 0, 0, 0, 0, 0, 0, 0, 0, 0, 0, 0, 0, 0, 0, 0, 0, 0, 0, 0, 0, 0, 0, 0, 0, 0, 0, 0, 0, 0, 0, 0, 0, 0, 0, 0, 0, 0, 0, 0, 0, 0, 0, 0, 0, 0, 0, 0, 0, 0, 0, 0, 0, 0, 0, 0, 0, 0, 0, 0, 0, 0, 0, 0, 0, 0, 0, 0, 0, 0, 0, 0, 0, 0, 0, 0, 0, 0, 0, 0, 0, 0, 0, 0, 0, 0, 0, 0, 0, 0, 0, 0, 0, 0, 0, 0, 0, 0, 0, 0, 0, 0, 0, 0, 0, 0, 0, 0, 0, 0, 0, 0, 0, 0, 0, 0, 0, 0, 0, 0, 0, 0, 0, 0, 0, 0, 0, 0, 0, 0, 0, 0, 0, 0, 0, 0, 0, 0, 0, 0, 0, 0, 0, 0, 0, 0, 0, 0, 0]",460,"[0.4155069589614868, 1.3174314498901367, 0.5708821415901184, 0.529380738735199, 1.1754854917526245, 1.3856041431427002, 1.5693234205245972, 0.6220396161079407, 1.5978645086288452, 1.0988683700561523, 0.6113399267196655, 0.44097644090652466, 0.41217201948165894, 2.2773914337158203, 0.7257839441299438, 0.6709694862365723, 1.158436894416809, 0.7002097368240356, 0.8610194325447083, 0.46173229813575745, 0.9772397875785828, 0.6208658814430237, 0.45226842164993286, 1.6732511520385742, 1.1486109495162964, 0.43877655267715454, 1.6652657985687256, 1.854823112487793, 0.44263824820518494, 0.7443976402282715, 0.9773133993148804, 0.7758806347846985, 1.8259602785110474, 0.4763614237308502, 0.40975257754325867, 0.6813122630119324, 0.43358996510505676, 0.5957428216934204, 0.4285353720188141, 1.6928420066833496, 0.9306079745292664, 0.7688459157943726, 0.8591084480285645, 0.4167099893093109, 0.5839171409606934, 1.0173146724700928, 0.4314865469932556, 0.7190906405448914, 0.4073255956172943, 0.5691946148872375, 0.7249074578285217, 1.0557570457458496, 1.9175856113433838, 0.6310402154922485, 0.5150505304336548, 0.804433286190033, 1.3466877937316895, 0.9401756525039673, 0.4133228361606598, 0.49155887961387634, 0.47357800602912903, 0.4218091070652008, 0.41471755504608154, 0.8553574085235596, 1.4864325523376465, 0.8116655945777893, 0.6744414567947388, 0.9544348120689392, 0.40727439522743225, 0.4399765729904175, 0.49790382385253906, 1.4674592018127441, 0.5844173431396484, 0.6580737829208374, 0.7621064782142639, 0.8064852952957153, 0.5668669939041138, 0.9527173042297363, 0.40722692012786865, 1.3607916831970215, 0.4240635335445404, 0.4435710906982422, 0.762906014919281, 0.4608120620250702, 0.7807518839836121, 0.6803122758865356, 1.284764289855957, 0.48899078369140625, 0.4435247480869293, 0.4678761661052704, 0.558917224407196, 0.4888114035129547, 1.1439194679260254, 0.6449551582336426, 0.4206028878688812, 0.45269763469696045, 0.4269773066043854, 0.9254261255264282, 0.45020896196365356, 1.0750460624694824, 0.910732090473175, 2.114018440246582, 0.4336501359939575, 0.7067416906356812, 0.5272558927536011, 0.5040474534034729, 0.4512687921524048, 0.5633370876312256, 0.41631028056144714, 0.8362423777580261, 0.6583852171897888, 0.503767728805542, 1.2182228565216064, 0.9055862426757812, 0.982787549495697, 0.4082423448562622, 0.8839176893234253, 0.5231958627700806, 0.40883776545524597, 1.2790029048919678, 0.4448435306549072, 0.847705066204071, 2.141164779663086, 0.43932127952575684, 0.7513757944107056, 0.40959614515304565, 0.6304760575294495, 0.9433894157409668, 0.4093421697616577, 0.46692875027656555, 0.45767295360565186, 0.9408228397369385, 0.43129754066467285, 0.5121943950653076, 0.47291362285614014, 0.8350626230239868, 0.5427789092063904, 1.073381781578064, 0.6380322575569153, 0.6255878210067749, 0.44376319646835327, 1.368796944618225, 0.8195332288742065, 0.5846484899520874, 0.42655399441719055, 0.7123726010322571, 0.9832597970962524, 0.4081948399543762, 0.885135293006897, 0.7585328817367554, 0.6436585783958435, 0.462107390165329, 0.5477798581123352, 0.8027079105377197, 1.2201035022735596, 1.8432533740997314, 0.8145692348480225, 0.44879645109176636, 1.6170532703399658, 2.347808599472046, 2.154843330383301, 0.521609902381897, 0.5459585785865784, 0.659405529499054, 1.0396544933319092, 0.5290616154670715, 1.2405930757522583, 0.44015079736709595, 0.455257773399353, 1.0101594924926758, 0.40827858448028564, 1.0936591625213623, 1.0253511667251587, 1.3017719984054565, 0.4942077398300171, 0.5871295928955078, 0.4632541239261627, 0.6967126727104187, 0.9986506104469299, 0.6124578714370728, 0.407848596572876, 0.5631895661354065, 1.0354076623916626, 0.553908109664917, 0.6627902984619141, 0.40741780400276184, 0.5730024576187134, 0.7242845892906189, 1.5730584859848022, 0.4150652289390564, 0.4112987518310547, 0.4135293960571289, 0.5864388942718506, 0.8136366009712219, 1.2978177070617676, 0.41711509227752686, 0.5034823417663574, 1.2001440525054932, 1.1877050399780273, 0.40947121381759644, 0.4073353707790375, 1.052960991859436, 0.42499983310699463, 0.410365492105484, 0.6196521520614624, 0.40856578946113586, 0.41334590315818787, 0.4293692409992218, 0.7284834980964661, 0.42899101972579956, 0.4110618531703949, 0.774868905544281, 0.7344434857368469, 0.4805208444595337, 2.0132315158843994, 0.9258070588111877, 0.4746687412261963, 0.4518033564090729, 1.0294103622436523, 1.385830044746399, 1.237309217453003, 0.5525060892105103, 0.7050882577896118, 0.8251438140869141, 0.6722850799560547, 0.7196555137634277, 1.0314879417419434, 0.4405624270439148, 0.526390016078949, 1.1222610473632812, 0.7564705014228821, 0.4837871193885803, 0.9962369799613953, 1.0272924900054932, 0.4576474726200104, 0.4144248068332672, 1.3030264377593994, 0.4172704815864563, 0.48908379673957825, 0.5468472838401794, 0.4683031737804413, 0.9440188407897949, 1.044278621673584, 0.5177727341651917, 1.6682132482528687, 0.492514967918396, 0.4102843105792999, 0.4620414972305298, 0.4274754822254181, 1.1174547672271729, 0.4128831624984741, 0.6749366521835327, 0.53425532579422, 0.9010419249534607, 0.4249391257762909, 0.40824905037879944, 0.4100748896598816, 0.955411970615387, 0.616386353969574, 1.1347576379776, 1.2128236293792725, 0.5845567584037781, 1.4594825506210327, 0.41346505284309387, 0.5931879878044128, 0.7826704978942871, 0.6339106559753418, 0.44266363978385925, 0.48292621970176697, 0.9221765398979187, 0.4074927866458893, 1.3798668384552002, 0.6837989687919617, 1.3857150077819824, 0.6859393119812012, 0.4836435317993164, 0.8287805914878845, 1.5729997158050537, 1.4602688550949097, 0.608889639377594, 0.8881166577339172, 0.5965954661369324, 0.4419029653072357, 0.4077758491039276, 0.7192568778991699, 0.7564504742622375, 0.45791515707969666, 0.43945062160491943, 0.5210043787956238, 0.9716192483901978, 0.555431604385376, 0.6574389934539795, 0.6085264682769775, 0.4451477527618408, 0.41524407267570496, 1.5895216464996338, 0.684245765209198, 0.5668747425079346, 1.3771589994430542, 0.7373881340026855, 0.6187876462936401, 1.6393156051635742, 0.46496331691741943, 0.6141860485076904, 0.40801528096199036, 0.47795647382736206, 0.6556658744812012, 0.611807107925415, 1.789930820465088, 0.6355865597724915, 0.4084576666355133, 1.318009853363037, 1.6548292636871338, 0.45131534337997437, 1.3340811729431152, 0.4231370985507965, 0.4447951912879944, 1.2952004671096802, 0.6237141489982605, 0.8343304395675659, 0.47520771622657776, 0.6799871325492859, 1.180813193321228, 0.5136767029762268, 0.48821738362312317, 1.4161274433135986, 2.124767541885376, 0.4524947702884674, 0.4081588089466095, 1.0830904245376587, 0.871965765953064, 0.9485026001930237, 0.5617626905441284, 0.4077514708042145, 1.1898804903030396, 0.5960774421691895, 0.777497410774231, 0.4332520365715027, 2.2587130069732666, 0.5786159634590149, 1.4416308403015137, 0.64066481590271, 0.5166976451873779, 0.6564544439315796, 1.2865933179855347, 1.253157615661621, 0.4281051754951477, 1.0217804908752441, 0.40778350830078125, 0.42940330505371094, 0.5175848603248596, 0.5880826711654663, 0.9374647736549377, 0.43968379497528076, 0.9200850129127502, 0.45514628291130066, 0.815468430519104, 0.9658622741699219, 0.594069242477417, 0.5333206057548523, 1.372795581817627, 0.41675281524658203, 1.0887688398361206, 0.5790910124778748, 0.47434985637664795, 0.5991271734237671, 1.1610902547836304, 0.770477831363678, 1.0024381875991821, 0.9492730498313904, 0.7077661156654358, 1.6780284643173218, 0.4280145764350891, 0.7454076409339905, 0.4920177757740021, 0.41961902379989624, 0.7538516521453857, 0.4440946578979492, 1.131557583808899, 0.6550254821777344, 0.4605606198310852, 1.6696174144744873, 0.5067843794822693, 0.40856724977493286, 0.5945195555686951, 0.43529167771339417, 0.9653108716011047, 0.7613683342933655, 0.45575574040412903, 1.6313743591308594, 0.9200485348701477, 0.647351861000061, 0.519036054611206, 0.4560515284538269, 0.5525065064430237, 0.4180358946323395, 0.44017288088798523, 0.40808728337287903, 0.7840737104415894, 0.4225770831108093, 1.7475532293319702, 0.9208310842514038, 1.2931479215621948, 0.548985481262207, 0.7461033463478088, 0.4674323797225952, 0.6823898553848267, 0.4950752258300781, 0.7757946252822876, 0.7268181443214417, 0.4430393576622009, 1.1677570343017578, 0.7302299737930298, 0.5591133236885071, 1.06501042842865, 0.7832115888595581, 0.8316759467124939, 0.4650960862636566, 2.0555100440979004, 0.5153015851974487, 0.8154720067977905, 0.4420025944709778, 0.6660566926002502, 2.447273015975952, 0.4073343575000763, 0.40758585929870605, 0.44938522577285767, 0.40835022926330566, 0.9484877586364746, 1.3464906215667725, 0.4275996685028076, 0.8326590657234192, 1.3327124118804932, 0.49251946806907654, 0.7547061443328857, 0.6935676336288452, 2.0959925651550293, 0.4908301830291748, 0.6459770202636719, 1.1548537015914917, 0.4136963188648224, 1.2601318359375, 0.608163595199585, 0.9886592030525208, 0.7255092859268188, 0.6132163405418396, 0.7406957149505615, 0.5076375007629395, 0.5319933295249939, 0.6649212837219238, 0.5412881970405579, 0.468567818403244, 0.4074752926826477, 1.0608240365982056, 0.74013352394104, 0.7660703063011169, 0.41965264081954956, 0.5299348831176758, 0.8878719806671143, 0.40744712948799133]",0.0,"[0.0, 0.0, 0.0, 0.0, 0.0, 0.0, 0.0, 0.0, 0.0, 0.0, 0.0, 0.0, 0.0, 0.0, 0.0, 0.0, 0.0, 0.0, 0.0, 0.0, 0.0, 0.0, 0.0, 0.0, 0.0, 0.0, 0.0, 0.0, 0.0, 0.0, 0.0, 0.0, 0.0, 0.0, 0.0, 0.0, 0.0, 0.0, 0.0, 0.0, 0.0, 0.0, 0.0, 0.0, 0.0, 0.0, 0.0, 0.0, 0.0, 0.0, 0.0, 0.0, 0.0, 0.0, 0.0, 0.0, 0.0, 0.0, 0.0, 0.0, 0.0, 0.0, 0.0, 0.0, 0.0, 0.0, 0.0, 0.0, 0.0, 0.0, 0.0, 0.0, 0.0, 0.0, 0.0, 0.0, 0.0, 0.0, 0.0, 0.0, 0.0, 0.0, 0.0, 0.0, 0.0, 0.0, 0.0, 0.0, 0.0, 0.0, 0.0, 0.0, 0.0, 0.0, 0.0, 0.0, 0.0, 0.0, 0.0, 0.0, 0.0, 0.0, 0.0, 0.0, 0.0, 0.0, 0.0, 0.0, 0.0, 0.0, 0.0, 0.0, 0.0, 0.0, 0.0, 0.0, 0.0, 0.0, 0.0, 0.0, 0.0, 0.0, 0.0, 0.0, 0.0, 0.0, 0.0, 0.0, 0.0, 0.0, 0.0, 0.0, 0.0, 0.0, 0.0, 0.0, 0.0, 0.0, 0.0, 0.0, 0.0, 0.0, 0.0, 0.0, 0.0, 0.0, 0.0, 0.0, 0.0, 0.0, 0.0, 0.0, 0.0, 0.0, 0.0, 0.0, 0.0, 0.0, 0.0, 0.0, 0.0, 0.0, 0.0, 0.0, 0.0, 0.0, 0.0, 0.0, 0.0, 0.0, 0.0, 0.0, 0.0, 0.0, 0.0, 0.0, 0.0, 0.0, 0.0, 0.0, 0.0, 0.0, 0.0, 0.0, 0.0, 0.0, 0.0, 0.0, 0.0, 0.0, 0.0, 0.0, 0.0, 0.0, 0.0, 0.0, 0.0, 0.0, 0.0, 0.0, 0.0, 0.0, 0.0, 0.0, 0.0, 0.0, 0.0, 0.0, 0.0, 0.0, 0.0, 0.0, 0.0, 0.0, 0.0, 0.0, 0.0, 0.0, 0.0, 0.0, 0.0, 0.0, 0.0, 0.0, 0.0, 0.0, 0.0, 0.0, 0.0, 0.0, 0.0, 0.0, 0.0, 0.0, 0.0, 0.0, 0.0, 0.0, 0.0, 0.0, 0.0, 0.0, 0.0, 0.0, 0.0, 0.0, 0.0, 0.0, 0.0, 0.0, 0.0, 0.0, 0.0, 0.0, 0.0, 0.0, 0.0, 0.0, 0.0, 0.0, 0.0, 0.0, 0.0, 0.0, 0.0, 0.0, 0.0, 0.0, 0.0, 0.0, 0.0, 0.0, 0.0, 0.0, 0.0, 0.0, 0.0, 0.0, 0.0, 0.0, 0.0, 0.0, 0.0, 0.0, 0.0, 0.0, 0.0, 0.0, 0.0, 0.0, 0.0, 0.0, 0.0, 0.0, 0.0, 0.0, 0.0, 0.0, 0.0, 0.0, 0.0, 0.0, 0.0, 0.0, 0.0, 0.0, 0.0, 0.0, 0.0, 0.0, 0.0, 0.0, 0.0, 0.0, 0.0, 0.0, 0.0, 0.0, 0.0, 0.0, 0.0, 0.0, 0.0, 0.0, 0.0, 0.0, 0.0, 0.0, 0.0, 0.0, 0.0, 0.0, 0.0, 0.0, 0.0, 0.0, 0.0, 0.0, 0.0, 0.0, 0.0, 0.0, 0.0, 0.0, 0.0, 0.0, 0.0, 0.0, 0.0, 0.0, 0.0, 0.0, 0.0, 0.0, 0.0, 0.0, 0.0, 0.0, 0.0, 0.0, 0.0, 0.0, 0.0, 0.0, 0.0, 0.0, 0.0, 0.0, 0.0, 0.0, 0.0, 0.0, 0.0, 0.0, 0.0, 0.0, 0.0, 0.0, 0.0, 0.0, 0.0, 0.0, 0.0, 0.0, 0.0, 0.0, 0.0, 0.0, 0.0, 0.0, 0.0, 0.0, 0.0, 0.0, 0.0, 0.0, 0.0, 0.0, 0.0, 0.0, 0.0, 0.0, 0.0, 0.0, 0.0, 0.0, 0.0, 0.0, 0.0, 0.0, 0.0, 0.0, 0.0, 0.0, 0.0, 0.0, 0.0, 0.0, 0.0, 0.0, 0.0, 0.0, 0.0, 0.0, 0.0, 0.0, 0.0, 0.0, 0.0, 0.0, 0.0, 0.0, 0.0, 0.0, 0.0, 0.0, 0.0, 0.0, 0.0, 0.0, 0.0, 0.0, 0.0, 0.0, 0.0, 0.0, 0.0, 0.0, 0.0, 0.0, 0.0, 0.0, 0.0, 0.0, 0.0, 0.0, 0.0, 0.0, 0.0, 0.0]",COMPLETE
