,number,value,datetime_start,datetime_complete,duration,params_batch_size_scaler,params_constant_learning_rate,params_depth,params_epochs,params_kernel_l2,params_num_trees,params_temperature,user_attrs_accuracy_test,user_attrs_accuracy_valid,user_attrs_approximate_feature_sparsity,user_attrs_approximate_feature_sparsity_history,user_attrs_approximate_weight_sparsity,user_attrs_approximate_weight_sparsity_history,user_attrs_auc_test,user_attrs_auc_valid,user_attrs_feature_sparsity,user_attrs_feature_sparsity_history,user_attrs_num_epochs,user_attrs_val_loss_history,user_attrs_weight_sparsity,user_attrs_weight_sparsity_history,state
137,137,0.8960982081900272,2024-08-31 06:50:55.509555,2024-08-31 06:51:55.734755,0 days 00:01:00.225200,16,0.05408325096902117,3,350,0.019251035949273784,64,0.0018558103246446387,0.897,0.8925,33,"[33, 33, 33, 33, 33, 33, 33, 33, 33, 33, 33, 33, 33, 33, 33, 33, 33, 33, 33, 33, 33, 33, 33, 33, 33, 33, 33, 33, 33, 33, 33, 33, 33, 33, 33, 33, 33, 33, 33, 33, 33, 33, 33, 33, 33, 33, 33, 33, 33, 33, 33, 33, 33, 33, 33, 33, 33, 33, 33, 33, 33, 33, 33, 33, 33, 33, 33, 33, 33, 33, 33, 33, 33, 33, 33, 33, 33, 33, 33, 33, 33, 33, 33, 33, 33, 33, 33, 33, 33, 33, 33, 33, 33, 33, 33, 33, 33, 33, 33, 33, 33, 33, 33, 33, 33, 33, 33, 33, 33, 33, 33, 33, 33, 33, 33, 33, 33, 33, 33, 33, 33, 33, 33, 33, 33, 33, 33, 33, 33, 33, 33, 33, 33, 33, 33, 33, 33, 33, 33, 33, 33, 33, 33, 33, 33, 33, 33, 33, 33, 33, 33, 33, 33, 33, 33, 33, 33, 33, 33, 33, 33, 33, 33, 33, 33, 33, 33, 33, 33, 33, 33, 33, 33, 33, 33, 33, 33, 33, 33, 33, 33, 33, 33, 33, 33, 33, 33, 33, 33, 33, 33, 33, 33, 33, 33, 33, 33, 33, 33, 33, 33, 33, 33, 33, 33, 33, 33, 33, 33, 33, 33, 33, 33, 33, 33, 33, 33, 33, 33, 33, 33, 33, 33, 33, 33, 33, 33, 33, 33, 33, 33, 33, 33, 33, 33, 33, 33, 33, 33, 33, 33, 33, 33, 33, 33, 33, 33, 33, 33, 33, 33, 33, 33, 33, 33, 33, 33, 33, 33, 33, 33, 33, 33, 33, 33, 33, 33, 33, 33, 33, 33, 33, 33, 33, 33, 33, 33, 33, 33, 33, 33, 33, 33, 33, 33, 33, 33, 33, 33, 33, 33, 33, 33, 33, 33, 33, 33, 33, 33, 33, 33, 33, 33, 33, 33, 33, 33, 33, 33, 33, 33, 33, 33, 33, 33, 33, 33, 33, 33, 33, 33, 33, 33, 33, 33, 33, 33, 33, 33, 33, 33, 33, 33, 33, 33, 33, 33, 33, 33, 33, 33, 33, 33, 33, 33, 33, 33, 33, 33, 33]",32.973214285714285,"[32.970982142857146, 32.973214285714285, 32.97098214285714, 32.98214285714286, 32.964285714285715, 32.98214285714286, 32.973214285714285, 32.97098214285714, 32.973214285714285, 32.97767857142857, 32.964285714285715, 32.966517857142854, 32.96428571428571, 32.97098214285714, 32.966517857142854, 32.97544642857143, 32.979910714285715, 32.97767857142857, 32.95982142857143, 32.973214285714285, 32.964285714285715, 32.964285714285715, 32.96205357142857, 32.957589285714285, 32.96205357142857, 32.95982142857143, 32.973214285714285, 32.97544642857143, 32.973214285714285, 32.96651785714286, 32.95982142857143, 32.97098214285714, 32.97544642857143, 32.970982142857146, 32.970982142857146, 32.973214285714285, 32.96875, 32.97098214285714, 32.97098214285714, 32.97544642857143, 32.984375, 32.97544642857142, 32.957589285714285, 32.957589285714285, 32.96428571428571, 32.964285714285715, 32.964285714285715, 32.95982142857143, 32.957589285714285, 32.96651785714286, 32.964285714285715, 32.95982142857143, 32.96651785714286, 32.97767857142857, 32.970982142857146, 32.97767857142857, 32.98214285714286, 32.98214285714286, 32.973214285714285, 32.973214285714285, 32.97767857142857, 32.96875, 32.97098214285714, 32.97767857142857, 32.96875, 32.964285714285715, 32.96875, 32.966517857142854, 32.95982142857143, 32.95982142857143, 32.95758928571429, 32.97544642857143, 32.96651785714286, 32.96875, 32.96205357142857, 32.96651785714286, 32.96428571428571, 32.96875, 32.97544642857143, 32.97767857142857, 32.97767857142857, 32.973214285714285, 32.964285714285715, 32.96875, 32.96875, 32.95982142857143, 32.96875, 32.97544642857143, 32.97544642857143, 32.973214285714285, 32.96875, 32.96875, 32.96875, 32.96651785714286, 32.97098214285714, 32.973214285714285, 32.97767857142857, 32.98214285714286, 32.97767857142857, 32.984375, 32.99330357142857, 32.98214285714286, 32.979910714285715, 32.98214285714286, 32.984375, 32.98214285714286, 32.97767857142857, 32.973214285714285, 32.984375, 32.988839285714285, 32.988839285714285, 32.988839285714285, 32.984375, 32.979910714285715, 32.979910714285715, 32.97767857142857, 32.973214285714285, 32.96875, 32.97544642857143, 32.97544642857143, 32.979910714285715, 32.97767857142857, 32.96875, 32.97098214285714, 32.973214285714285, 32.964285714285715, 32.96875, 32.97098214285714, 32.973214285714285, 32.97767857142857, 32.97767857142857, 32.979910714285715, 32.982142857142854, 32.97767857142857, 32.97767857142857, 32.97544642857143, 32.97767857142857, 32.97767857142857, 32.98214285714286, 32.984375, 32.98214285714286, 32.97767857142857, 32.96875, 32.964285714285715, 32.96651785714286, 32.96205357142857, 32.95982142857143, 32.96205357142857, 32.96205357142857, 32.96205357142857, 32.95758928571429, 32.95982142857143, 32.96875, 32.97321428571429, 32.96875, 32.96205357142857, 32.95982142857143, 32.964285714285715, 32.96205357142857, 32.953125, 32.955357142857146, 32.953125, 32.96651785714286, 32.96651785714286, 32.97544642857143, 32.970982142857146, 32.97544642857143, 32.96651785714286, 32.973214285714285, 32.97767857142857, 32.973214285714285, 32.96875, 32.96875, 32.964285714285715, 32.966517857142854, 32.97544642857143, 32.97544642857143, 32.96205357142857, 32.96875, 32.966517857142854, 32.96651785714286, 32.957589285714285, 32.964285714285715, 32.966517857142854, 32.95982142857143, 32.96205357142857, 32.96651785714286, 32.96651785714286, 32.973214285714285, 32.97098214285714, 32.97767857142857, 32.97767857142857, 32.97767857142857, 32.982142857142854, 32.973214285714285, 32.979910714285715, 32.97767857142857, 32.970982142857146, 32.96205357142857, 32.970982142857146, 32.97544642857143, 32.97767857142857, 32.98214285714286, 32.98214285714286, 32.97544642857143, 32.973214285714285, 32.973214285714285, 32.96651785714286, 32.97098214285714, 32.97098214285714, 32.973214285714285, 32.973214285714285, 32.97544642857143, 32.97767857142857, 32.973214285714285, 32.96875, 32.970982142857146, 32.966517857142854, 32.96875, 32.96875, 32.96651785714286, 32.96651785714286, 32.979910714285715, 32.979910714285715, 32.97767857142857, 32.97544642857143, 32.973214285714285, 32.964285714285715, 32.95982142857143, 32.96651785714286, 32.96875, 32.97767857142857, 32.964285714285715, 32.957589285714285, 32.95982142857143, 32.96205357142857, 32.97098214285714, 32.957589285714285, 32.957589285714285, 32.95758928571429, 32.96651785714286, 32.96651785714286, 32.96875, 32.97544642857143, 32.97544642857143, 32.970982142857146, 32.96875, 32.97544642857143, 32.97767857142857, 32.979910714285715, 32.973214285714285, 32.97544642857143, 32.96875, 32.973214285714285, 32.97544642857143, 32.96875, 32.96205357142857, 32.96875, 32.973214285714285, 32.97544642857143, 32.97098214285714, 32.970982142857146, 32.979910714285715, 32.98214285714286, 32.973214285714285, 32.979910714285715, 32.973214285714285, 32.97544642857143, 32.97767857142857, 32.973214285714285, 32.96875, 32.96651785714286, 32.96875, 32.96651785714286, 32.97098214285714, 32.973214285714285, 32.97098214285714, 32.979910714285715, 32.979910714285715, 32.979910714285715, 32.973214285714285, 32.973214285714285, 32.97321428571429, 32.97321428571429, 32.970982142857146, 32.970982142857146, 32.96875, 32.973214285714285, 32.973214285714285, 32.970982142857146, 32.96651785714286, 32.96875, 32.96205357142857, 32.96205357142857, 32.96205357142857, 32.97098214285714, 32.96651785714286, 32.96651785714286, 32.96875, 32.964285714285715, 32.95535714285714, 32.957589285714285, 32.96651785714286, 32.97098214285714, 32.964285714285715, 32.964285714285715, 32.95982142857143, 32.96205357142857, 32.96875, 32.96651785714286, 32.964285714285715, 32.96875, 32.97098214285714, 32.96875, 32.97098214285714, 32.96875, 32.973214285714285, 32.97544642857143, 32.97767857142857, 32.97544642857143, 32.96875, 32.96875, 32.97544642857143, 32.96651785714286, 32.970982142857146, 32.97098214285714, 32.964285714285715, 32.96875, 32.97544642857143, 32.970982142857146, 32.98214285714286, 32.986607142857146, 32.98214285714286, 32.984375, 32.97767857142857, 32.984375, 32.98214285714286, 32.97767857142857, 32.979910714285715, 32.98214285714286, 32.97098214285714, 32.96875, 32.96875, 32.964285714285715, 32.96875, 32.964285714285715, 32.973214285714285, 32.973214285714285, 32.96875, 32.973214285714285]",0.8806875882396652,0.8960982081900272,33,"[33, 33, 33, 33, 33, 33, 33, 33, 33, 33, 33, 33, 33, 33, 33, 33, 33, 33, 33, 33, 33, 33, 33, 33, 33, 33, 33, 33, 33, 33, 33, 33, 33, 33, 33, 33, 33, 33, 33, 33, 33, 33, 33, 33, 33, 33, 33, 33, 33, 33, 33, 33, 33, 33, 33, 33, 33, 33, 33, 33, 33, 33, 33, 33, 33, 33, 33, 33, 33, 33, 33, 33, 33, 33, 33, 33, 33, 33, 33, 33, 33, 33, 33, 33, 33, 33, 33, 33, 33, 33, 33, 33, 33, 33, 33, 33, 33, 33, 33, 33, 33, 33, 33, 33, 33, 33, 33, 33, 33, 33, 33, 33, 33, 33, 33, 33, 33, 33, 33, 33, 33, 33, 33, 33, 33, 33, 33, 33, 33, 33, 33, 33, 33, 33, 33, 33, 33, 33, 33, 33, 33, 33, 33, 33, 33, 33, 33, 33, 33, 33, 33, 33, 33, 33, 33, 33, 33, 33, 33, 33, 33, 33, 33, 33, 33, 33, 33, 33, 33, 33, 33, 33, 33, 33, 33, 33, 33, 33, 33, 33, 33, 33, 33, 33, 33, 33, 33, 33, 33, 33, 33, 33, 33, 33, 33, 33, 33, 33, 33, 33, 33, 33, 33, 33, 33, 33, 33, 33, 33, 33, 33, 33, 33, 33, 33, 33, 33, 33, 33, 33, 33, 33, 33, 33, 33, 33, 33, 33, 33, 33, 33, 33, 33, 33, 33, 33, 33, 33, 33, 33, 33, 33, 33, 33, 33, 33, 33, 33, 33, 33, 33, 33, 33, 33, 33, 33, 33, 33, 33, 33, 33, 33, 33, 33, 33, 33, 33, 33, 33, 33, 33, 33, 33, 33, 33, 33, 33, 33, 33, 33, 33, 33, 33, 33, 33, 33, 33, 33, 33, 33, 33, 33, 33, 33, 33, 33, 33, 33, 33, 33, 33, 33, 33, 33, 33, 33, 33, 33, 33, 33, 33, 33, 33, 33, 33, 33, 33, 33, 33, 33, 33, 33, 33, 33, 33, 33, 33, 33, 33, 33, 33, 33, 33, 33, 33, 33, 33, 33, 33, 33, 33, 33, 33, 33, 33, 33, 33, 33, 33, 33]",350,"[0.41239988803863525, 0.4051503837108612, 0.40207192301750183, 0.39968404173851013, 0.39690858125686646, 0.3945766091346741, 0.39262449741363525, 0.3909061849117279, 0.3893038034439087, 0.3877682387828827, 0.3863772451877594, 0.38502177596092224, 0.3839239776134491, 0.3828403055667877, 0.3819063901901245, 0.38086071610450745, 0.3800446391105652, 0.3791631758213043, 0.3784089982509613, 0.37762725353240967, 0.37683892250061035, 0.376074880361557, 0.3755090832710266, 0.37478065490722656, 0.3741231858730316, 0.3735176920890808, 0.37304410338401794, 0.37248384952545166, 0.37199512124061584, 0.3715246617794037, 0.37088146805763245, 0.3704662621021271, 0.36983856558799744, 0.36943379044532776, 0.3689827024936676, 0.3684850335121155, 0.3679419457912445, 0.3674943447113037, 0.3671298325061798, 0.3665216565132141, 0.3660902678966522, 0.365630567073822, 0.36566269397735596, 0.36499500274658203, 0.36424294114112854, 0.3639204502105713, 0.3634154796600342, 0.3634367883205414, 0.3626958727836609, 0.3621913492679596, 0.3617505729198456, 0.3612755835056305, 0.3608466386795044, 0.36049145460128784, 0.36030006408691406, 0.359871506690979, 0.3594661056995392, 0.3591451644897461, 0.3584425449371338, 0.3581070601940155, 0.35764080286026, 0.3574075996875763, 0.35705018043518066, 0.3567172884941101, 0.35626763105392456, 0.355780690908432, 0.3556375205516815, 0.35499146580696106, 0.3544352054595947, 0.3541276454925537, 0.3536722660064697, 0.353274941444397, 0.3530215919017792, 0.3525369167327881, 0.3520965874195099, 0.3514745831489563, 0.3511141836643219, 0.3506108224391937, 0.3504573702812195, 0.3499082922935486, 0.34959328174591064, 0.3489834666252136, 0.34870636463165283, 0.3484453856945038, 0.3478977680206299, 0.34747326374053955, 0.3470236659049988, 0.34675315022468567, 0.34636637568473816, 0.345811665058136, 0.3454616665840149, 0.3450293242931366, 0.3449048101902008, 0.34436142444610596, 0.3439469635486603, 0.3435094952583313, 0.3430621027946472, 0.34268322587013245, 0.34237727522850037, 0.34211835265159607, 0.341594398021698, 0.34134814143180847, 0.34068533778190613, 0.340433269739151, 0.3399727940559387, 0.3396405279636383, 0.3394119143486023, 0.3389509618282318, 0.33866390585899353, 0.3380037546157837, 0.3376489281654358, 0.3372955024242401, 0.33689090609550476, 0.33656448125839233, 0.33616435527801514, 0.3359651267528534, 0.33563828468322754, 0.3351677656173706, 0.33497628569602966, 0.334326833486557, 0.3339264392852783, 0.3335139751434326, 0.3331407606601715, 0.33280089497566223, 0.3324698209762573, 0.33198782801628113, 0.3316492438316345, 0.3311857283115387, 0.33084556460380554, 0.3304632902145386, 0.33014151453971863, 0.3297649025917053, 0.3296208679676056, 0.32926204800605774, 0.3287615478038788, 0.32841986417770386, 0.3278120756149292, 0.3274446725845337, 0.3269440531730652, 0.3265722692012787, 0.32614681124687195, 0.32576316595077515, 0.3253406882286072, 0.3249383568763733, 0.3246968388557434, 0.32422691583633423, 0.32380592823028564, 0.3234008550643921, 0.3233424127101898, 0.3228176236152649, 0.3225310444831848, 0.32181888818740845, 0.32142624258995056, 0.32095736265182495, 0.32050761580467224, 0.3201795220375061, 0.31976592540740967, 0.31936967372894287, 0.31913188099861145, 0.3184770345687866, 0.31818538904190063, 0.3178083300590515, 0.31756076216697693, 0.31701165437698364, 0.31665539741516113, 0.31610390543937683, 0.3157690763473511, 0.31564944982528687, 0.3150979280471802, 0.3143722414970398, 0.31410616636276245, 0.3137208819389343, 0.3133050203323364, 0.3128964900970459, 0.31253984570503235, 0.31209659576416016, 0.3116414248943329, 0.31125980615615845, 0.31087175011634827, 0.3104400336742401, 0.31000837683677673, 0.30952975153923035, 0.3090668022632599, 0.30850279331207275, 0.3080722689628601, 0.3076254725456238, 0.3072717785835266, 0.3067724108695984, 0.30637335777282715, 0.30612921714782715, 0.3056834936141968, 0.3051956295967102, 0.30469584465026855, 0.30423304438591003, 0.30393508076667786, 0.303519070148468, 0.30308109521865845, 0.302548348903656, 0.3022662103176117, 0.3017843961715698, 0.30129531025886536, 0.30083683133125305, 0.30042460560798645, 0.30008307099342346, 0.2996164560317993, 0.2992006540298462, 0.2988094985485077, 0.298473596572876, 0.2979958653450012, 0.29747822880744934, 0.29701483249664307, 0.29681262373924255, 0.29650235176086426, 0.29579928517341614, 0.29552701115608215, 0.2950764298439026, 0.2946855127811432, 0.29426220059394836, 0.2938811779022217, 0.29336580634117126, 0.29303205013275146, 0.2925504446029663, 0.2920602858066559, 0.2917037904262543, 0.2912326455116272, 0.290791392326355, 0.2905367910861969, 0.2900095283985138, 0.2895548343658447, 0.2891673743724823, 0.2888524532318115, 0.2883567810058594, 0.28787505626678467, 0.28740593791007996, 0.2869931161403656, 0.28654205799102783, 0.28620779514312744, 0.28591519594192505, 0.28547853231430054, 0.28504201769828796, 0.2846047580242157, 0.2841683626174927, 0.2837255001068115, 0.2835623025894165, 0.28309595584869385, 0.2826829254627228, 0.2823933959007263, 0.2819031774997711, 0.28162604570388794, 0.28118395805358887, 0.2808045446872711, 0.2804376184940338, 0.28032195568084717, 0.2798824906349182, 0.279571533203125, 0.27915096282958984, 0.2787262201309204, 0.2784274220466614, 0.2780989706516266, 0.2779031991958618, 0.2774670720100403, 0.2770586311817169, 0.2768048942089081, 0.27642524242401123, 0.27607518434524536, 0.2757319211959839, 0.27539753913879395, 0.2751452624797821, 0.27493807673454285, 0.2747686505317688, 0.2741388976573944, 0.27379271388053894, 0.2735130786895752, 0.27328813076019287, 0.2728104889392853, 0.27240419387817383, 0.2720869183540344, 0.2717949151992798, 0.27167412638664246, 0.2711693346500397, 0.27098944783210754, 0.27066802978515625, 0.27021464705467224, 0.26999256014823914, 0.2697533667087555, 0.26943495869636536, 0.26918500661849976, 0.2686946988105774, 0.2685108482837677, 0.2682689130306244, 0.26785895228385925, 0.2675907611846924, 0.2673393189907074, 0.26706984639167786, 0.26686370372772217, 0.2665647268295288, 0.2662457823753357, 0.26606136560440063, 0.26579809188842773, 0.26558390259742737, 0.26542264223098755, 0.26503241062164307, 0.26478612422943115, 0.26437386870384216, 0.2641284763813019, 0.26373544335365295, 0.26354941725730896, 0.26329904794692993, 0.26303642988204956, 0.26277387142181396, 0.26261794567108154, 0.26247191429138184, 0.26248180866241455, 0.26203542947769165, 0.2617158889770508, 0.26151618361473083, 0.26116660237312317, 0.2608964741230011, 0.2606346011161804, 0.2604616582393646, 0.26027143001556396, 0.26016128063201904, 0.2599514126777649, 0.25970277190208435, 0.25947797298431396, 0.2591533958911896, 0.25906047224998474, 0.25883665680885315, 0.25855958461761475, 0.258449912071228, 0.2582162320613861, 0.2580558657646179, 0.258044570684433, 0.25786587595939636, 0.25740301609039307, 0.2571105360984802, 0.25699949264526367, 0.2566699683666229, 0.2565743327140808, 0.25649577379226685, 0.2560296952724457, 0.2559032738208771, 0.2556666433811188, 0.25541746616363525, 0.25523489713668823, 0.2551615536212921, 0.25496456027030945, 0.25475576519966125, 0.25449779629707336, 0.2543138265609741]",33.0,"[33.0, 33.0, 33.0, 33.0, 33.0, 33.0, 33.0, 33.0, 33.0, 33.0, 33.0, 33.0, 33.0, 33.0, 33.0, 33.0, 33.0, 33.0, 33.0, 33.0, 33.0, 33.0, 33.0, 33.0, 33.0, 33.0, 33.0, 33.0, 33.0, 33.0, 33.0, 33.0, 33.0, 33.0, 33.0, 33.0, 33.0, 33.0, 33.0, 33.0, 33.0, 33.0, 33.0, 33.0, 33.0, 33.0, 33.0, 33.0, 33.0, 33.0, 33.0, 33.0, 33.0, 33.0, 33.0, 33.0, 33.0, 33.0, 33.0, 33.0, 33.0, 33.0, 33.0, 33.0, 33.0, 33.0, 33.0, 33.0, 33.0, 33.0, 33.0, 33.0, 33.0, 33.0, 33.0, 33.0, 33.0, 33.0, 33.0, 33.0, 33.0, 33.0, 33.0, 33.0, 33.0, 33.0, 33.0, 33.0, 33.0, 33.0, 33.0, 33.0, 33.0, 33.0, 33.0, 33.0, 33.0, 33.0, 33.0, 33.0, 33.0, 33.0, 33.0, 33.0, 33.0, 33.0, 33.0, 33.0, 33.0, 33.0, 33.0, 33.0, 33.0, 33.0, 33.0, 33.0, 33.0, 33.0, 33.0, 33.0, 33.0, 33.0, 33.0, 33.0, 33.0, 33.0, 33.0, 33.0, 33.0, 33.0, 33.0, 33.0, 33.0, 33.0, 33.0, 33.0, 33.0, 33.0, 33.0, 33.0, 33.0, 33.0, 33.0, 33.0, 33.0, 33.0, 33.0, 33.0, 33.0, 33.0, 33.0, 33.0, 33.0, 33.0, 33.0, 33.0, 33.0, 33.0, 33.0, 33.0, 33.0, 33.0, 33.0, 33.0, 33.0, 33.0, 33.0, 33.0, 33.0, 33.0, 33.0, 33.0, 33.0, 33.0, 33.0, 33.0, 33.0, 33.0, 33.0, 33.0, 33.0, 33.0, 33.0, 33.0, 33.0, 33.0, 33.0, 33.0, 33.0, 33.0, 33.0, 33.0, 33.0, 33.0, 33.0, 33.0, 33.0, 33.0, 33.0, 33.0, 33.0, 33.0, 33.0, 33.0, 33.0, 33.0, 33.0, 33.0, 33.0, 33.0, 33.0, 33.0, 33.0, 33.0, 33.0, 33.0, 33.0, 33.0, 33.0, 33.0, 33.0, 33.0, 33.0, 33.0, 33.0, 33.0, 33.0, 33.0, 33.0, 33.0, 33.0, 33.0, 33.0, 33.0, 33.0, 33.0, 33.0, 33.0, 33.0, 33.0, 33.0, 33.0, 33.0, 33.0, 33.0, 33.0, 33.0, 33.0, 33.0, 33.0, 33.0, 33.0, 33.0, 33.0, 33.0, 33.0, 33.0, 33.0, 33.0, 33.0, 33.0, 33.0, 33.0, 33.0, 33.0, 33.0, 33.0, 33.0, 33.0, 33.0, 33.0, 33.0, 33.0, 33.0, 33.0, 33.0, 33.0, 33.0, 33.0, 33.0, 33.0, 33.0, 33.0, 33.0, 33.0, 33.0, 33.0, 33.0, 33.0, 33.0, 33.0, 33.0, 33.0, 33.0, 33.0, 33.0, 33.0, 33.0, 33.0, 33.0, 33.0, 33.0, 33.0, 33.0, 33.0, 33.0, 33.0, 33.0, 33.0, 33.0, 33.0, 33.0, 33.0, 33.0, 33.0, 33.0, 33.0, 33.0, 33.0, 33.0, 33.0, 33.0, 33.0, 33.0, 33.0, 33.0, 33.0, 33.0, 33.0, 33.0, 33.0, 33.0, 33.0, 33.0, 33.0, 33.0, 33.0, 33.0, 33.0, 33.0, 33.0, 33.0, 33.0, 33.0, 33.0, 33.0, 33.0, 33.0, 33.0, 33.0]",COMPLETE
