,number,value,datetime_start,datetime_complete,duration,params_batch_size_scaler,params_constant_learning_rate,params_depth,params_epochs,params_kernel_l2,params_num_trees,params_temperature,user_attrs_accuracy_test,user_attrs_accuracy_valid,user_attrs_approximate_feature_sparsity,user_attrs_approximate_feature_sparsity_history,user_attrs_approximate_weight_sparsity,user_attrs_approximate_weight_sparsity_history,user_attrs_auc_test,user_attrs_auc_valid,user_attrs_feature_sparsity,user_attrs_feature_sparsity_history,user_attrs_num_epochs,user_attrs_val_loss_history,user_attrs_weight_sparsity,user_attrs_weight_sparsity_history,state
103,103,0.8831845525627648,2024-08-31 04:59:32.779178,2024-08-31 05:03:02.384470,0 days 00:03:29.605292,1,2.9888843349154666,4,135,0.01674221206732282,85,0.0012239725432010473,0.885,0.88875,7,"[12, 8, 7, 7, 7, 7, 7, 7, 7, 7, 7, 7, 7, 7, 7, 7, 7, 7, 7, 7, 7, 7, 7, 7, 7, 7, 7, 7, 7, 7, 7, 7, 7, 7, 7, 7, 7, 7, 7, 7, 7, 7, 7, 7, 7, 7, 7, 7, 7, 7, 7, 7, 7, 7, 7, 7, 7, 7, 7, 7, 7, 7, 7, 7, 7, 7, 7, 7, 7, 7, 7, 7, 7, 7, 7, 7, 7, 7, 7, 7, 7, 7, 7, 7, 7, 7, 7, 7, 7, 7, 7, 7, 7, 7, 7, 7, 7, 7, 7, 7, 7, 7, 7, 7, 7, 7, 7, 7, 7, 7, 7, 7, 7, 7, 7, 7, 7, 7, 7, 7, 7, 7, 7, 7, 7, 7, 7, 7, 7, 7, 7, 7, 7, 7, 7]",6.905098039215686,"[11.983529411764705, 7.996078431372549, 6.994509803921568, 7.0, 6.990588235294117, 6.9968627450980385, 6.995294117647059, 6.996862745098039, 6.993725490196079, 6.993725490196079, 6.993725490196079, 6.9952941176470596, 6.995294117647059, 6.992941176470588, 6.994509803921569, 6.991372549019609, 6.9890196078431375, 6.990588235294118, 6.992941176470588, 6.990588235294118, 6.9929411764705875, 6.993725490196079, 6.989803921568627, 6.991372549019609, 6.989803921568628, 6.992156862745098, 6.989803921568628, 6.992941176470588, 6.991372549019609, 6.993725490196078, 6.992156862745098, 6.988235294117647, 6.993725490196079, 6.990588235294118, 6.992156862745099, 6.990588235294117, 6.992156862745098, 6.990588235294117, 6.992941176470588, 6.992156862745098, 6.989803921568628, 6.9890196078431375, 6.984313725490196, 6.987450980392158, 6.989803921568628, 6.987450980392157, 6.981960784313726, 6.985098039215686, 6.989803921568628, 6.989803921568627, 6.988235294117647, 6.983529411764706, 6.985882352941177, 6.982745098039216, 6.986666666666666, 6.981960784313726, 6.981176470588235, 6.980392156862745, 6.987450980392157, 6.984313725490196, 6.975686274509804, 6.979607843137255, 6.979607843137255, 6.982745098039215, 6.982745098039216, 6.983529411764706, 6.985098039215686, 6.975686274509805, 6.974117647058824, 6.972549019607843, 6.981960784313726, 6.974117647058824, 6.978823529411764, 6.972549019607843, 6.975686274509804, 6.96392156862745, 6.975686274509804, 6.969411764705882, 6.960000000000001, 6.969411764705882, 6.967843137254902, 6.96470588235294, 6.965490196078432, 6.966274509803922, 6.965490196078431, 6.968627450980392, 6.967843137254902, 6.970196078431373, 6.969411764705883, 6.956862745098039, 6.951372549019608, 6.955294117647059, 6.956862745098039, 6.95764705882353, 6.956078431372548, 6.953725490196079, 6.96156862745098, 6.962352941176471, 6.974117647058824, 6.957647058823529, 6.966274509803921, 6.967843137254902, 6.966274509803921, 6.967843137254902, 6.95764705882353, 6.951372549019608, 6.95607843137255, 6.937254901960784, 6.930980392156863, 6.941960784313726, 6.954509803921569, 6.92235294117647, 6.95607843137255, 6.957647058823529, 6.939607843137255, 6.938039215686275, 6.942745098039216, 6.949803921568628, 6.9411764705882355, 6.942745098039216, 6.909803921568628, 6.924705882352942, 6.932549019607843, 6.946666666666666, 6.931764705882353, 6.9450980392156865, 6.9168627450980384, 6.9192156862745104, 6.910588235294117, 6.898039215686274, 6.925490196078432, 6.891764705882353, 6.894901960784313, 6.894117647058824, 6.905098039215686]",0.8769144395181598,0.8831845525627648,7,"[12, 8, 7, 7, 7, 7, 7, 7, 7, 7, 7, 7, 7, 7, 7, 7, 7, 7, 7, 7, 7, 7, 7, 7, 7, 7, 7, 7, 7, 7, 7, 7, 7, 7, 7, 7, 7, 7, 7, 7, 7, 7, 7, 7, 7, 7, 7, 7, 7, 7, 7, 7, 7, 7, 7, 7, 7, 7, 7, 7, 7, 7, 7, 7, 7, 7, 7, 7, 7, 7, 7, 7, 7, 7, 7, 7, 7, 7, 7, 7, 7, 7, 7, 7, 7, 7, 7, 7, 7, 7, 7, 7, 7, 7, 7, 7, 7, 7, 7, 7, 7, 7, 7, 7, 7, 7, 7, 7, 7, 7, 7, 7, 7, 7, 7, 7, 7, 7, 7, 7, 7, 7, 7, 7, 7, 7, 7, 7, 7, 7, 7, 7, 7, 7, 7]",135,"[0.4227755069732666, 1.0481657981872559, 1.0157132148742676, 0.6880015730857849, 0.29527920484542847, 0.36033740639686584, 0.40104377269744873, 0.3310616612434387, 0.6090016961097717, 1.1975255012512207, 0.4807589054107666, 0.9158017039299011, 0.6296287775039673, 0.3667026162147522, 0.31553182005882263, 0.3023294508457184, 1.0039294958114624, 2.3661513328552246, 0.30252841114997864, 0.31629469990730286, 0.5093764066696167, 0.3871822655200958, 0.43991902470588684, 0.3271346390247345, 1.5276801586151123, 0.4124354124069214, 0.3259493112564087, 0.3429375886917114, 0.5497129559516907, 1.179451584815979, 0.4585411846637726, 0.49184292554855347, 0.3169853687286377, 0.6574134230613708, 0.7000097036361694, 0.5332216024398804, 0.34024983644485474, 0.5837658643722534, 0.31744274497032166, 0.4352588355541229, 0.3450539708137512, 0.5035597085952759, 0.46981796622276306, 1.519229769706726, 1.1752089262008667, 0.304082989692688, 0.3256263732910156, 1.7168329954147339, 0.5312931537628174, 0.3824147880077362, 0.38602036237716675, 0.4570142328739166, 0.2927106022834778, 0.35471874475479126, 0.3913898468017578, 0.3709978461265564, 1.094043254852295, 0.3251648247241974, 0.38751545548439026, 0.43718621134757996, 1.3578335046768188, 0.45095691084861755, 0.37632545828819275, 0.32070326805114746, 0.4574783742427826, 1.5710077285766602, 0.3721533715724945, 0.3600325882434845, 0.4272315502166748, 0.36080506443977356, 0.5154327154159546, 0.31148090958595276, 0.7970952391624451, 0.3175763189792633, 0.6153507232666016, 0.6889380812644958, 0.39317017793655396, 0.37346524000167847, 0.34758198261260986, 0.29954415559768677, 0.47198811173439026, 1.098463773727417, 0.3557871878147125, 0.3631279766559601, 0.6611434817314148, 0.33910298347473145, 0.9997656941413879, 0.4401344656944275, 0.299454927444458, 0.429106742143631, 0.507651686668396, 0.5096086859703064, 0.36932703852653503, 0.42118266224861145, 0.43729710578918457, 0.39576512575149536, 0.7978951930999756, 0.31597569584846497, 0.29640692472457886, 0.8166751861572266, 1.1702165603637695, 0.4126616418361664, 0.4300835132598877, 0.3005317747592926, 1.6232818365097046, 0.3493363559246063, 0.3260290026664734, 0.39399078488349915, 0.3359045684337616, 1.8763612508773804, 0.3199438750743866, 1.3108400106430054, 0.38799434900283813, 0.3699723780155182, 0.995043158531189, 0.3205884099006653, 0.31913456320762634, 0.3242800533771515, 0.5718988180160522, 0.6543862223625183, 0.44816258549690247, 0.8143386244773865, 0.30544862151145935, 0.3380630612373352, 0.34633898735046387, 0.36744457483291626, 0.6115837097167969, 0.7972133755683899, 0.3923308849334717, 0.30485856533050537, 0.5756953954696655, 1.4812519550323486, 1.2483996152877808, 0.8111239671707153, 0.5241095423698425]",7.0,"[12.0, 8.0, 7.0, 7.0, 7.0, 7.0, 7.0, 7.0, 7.0, 7.0, 7.0, 7.0, 7.0, 7.0, 7.0, 7.0, 7.0, 7.0, 7.0, 7.0, 7.0, 7.0, 7.0, 7.0, 7.0, 7.0, 7.0, 7.0, 7.0, 7.0, 7.0, 7.0, 7.0, 7.0, 7.0, 7.0, 7.0, 7.0, 7.0, 7.0, 7.0, 7.0, 7.0, 7.0, 7.0, 7.0, 7.0, 7.0, 7.0, 7.0, 7.0, 7.0, 7.0, 7.0, 7.0, 7.0, 7.0, 7.0, 7.0, 7.0, 7.0, 7.0, 7.0, 7.0, 7.0, 7.0, 7.0, 7.0, 7.0, 7.0, 7.0, 7.0, 7.0, 7.0, 7.0, 7.0, 7.0, 7.0, 7.0, 7.0, 7.0, 7.0, 7.0, 7.0, 7.0, 7.0, 7.0, 7.0, 7.0, 7.0, 7.0, 7.0, 7.0, 7.0, 7.0, 7.0, 7.0, 7.0, 7.0, 7.0, 7.0, 7.0, 7.0, 7.0, 7.0, 7.0, 7.0, 7.0, 7.0, 7.0, 7.0, 7.0, 7.0, 7.0, 7.0, 7.0, 7.0, 7.0, 7.0, 7.0, 7.0, 7.0, 7.0, 7.0, 7.0, 7.0, 7.0, 7.0, 7.0, 7.0, 7.0, 7.0, 7.0, 7.0, 7.0]",COMPLETE
