,number,value,datetime_start,datetime_complete,duration,params_batch_size_scaler,params_constant_learning_rate,params_depth,params_epochs,params_kernel_l2,params_num_trees,params_temperature,user_attrs_accuracy_test,user_attrs_accuracy_valid,user_attrs_approximate_feature_sparsity,user_attrs_approximate_feature_sparsity_history,user_attrs_approximate_weight_sparsity,user_attrs_approximate_weight_sparsity_history,user_attrs_auc_test,user_attrs_auc_valid,user_attrs_feature_sparsity,user_attrs_feature_sparsity_history,user_attrs_num_epochs,user_attrs_val_loss_history,user_attrs_weight_sparsity,user_attrs_weight_sparsity_history,state
62,62,0.5,2024-08-31 03:13:25.996790,2024-08-31 03:21:36.099141,0 days 00:08:10.102351,1,0.04349470339424281,4,490,0.24048790901008724,2,0.00016098178915811796,0.859,0.85875,0,"[33, 33, 33, 33, 33, 33, 33, 33, 32, 22, 20, 17, 15, 13, 13, 12, 12, 12, 11, 11, 8, 8, 8, 8, 7, 7, 7, 7, 7, 7, 7, 7, 7, 7, 7, 7, 7, 7, 7, 7, 7, 7, 7, 7, 7, 7, 7, 7, 7, 7, 7, 7, 7, 7, 7, 7, 7, 7, 7, 7, 7, 7, 7, 7, 7, 7, 7, 7, 7, 7, 7, 7, 7, 7, 7, 7, 7, 7, 7, 7, 7, 7, 7, 7, 7, 7, 7, 7, 7, 7, 7, 7, 7, 7, 6, 6, 6, 6, 6, 6, 6, 6, 6, 6, 6, 6, 6, 6, 6, 6, 6, 6, 6, 6, 6, 6, 6, 6, 6, 6, 6, 6, 6, 6, 6, 6, 6, 6, 6, 6, 6, 6, 6, 6, 6, 6, 6, 6, 6, 6, 6, 6, 6, 6, 6, 6, 6, 6, 6, 6, 6, 6, 6, 6, 6, 6, 6, 6, 6, 6, 6, 6, 6, 6, 6, 6, 6, 6, 6, 6, 6, 6, 6, 6, 6, 6, 6, 6, 6, 6, 6, 6, 6, 6, 6, 6, 6, 6, 6, 6, 6, 6, 6, 6, 6, 6, 6, 6, 6, 6, 6, 6, 6, 6, 6, 6, 6, 6, 6, 6, 6, 6, 6, 6, 5, 5, 4, 4, 4, 4, 4, 4, 4, 4, 4, 4, 4, 4, 4, 4, 4, 4, 1, 1, 1, 1, 1, 0, 0, 0, 0, 0, 0, 0, 0, 0, 0, 0, 0, 0, 0, 0, 0, 0, 0, 0, 0, 0, 0, 0, 0, 0, 0, 0, 0, 0, 0, 0, 0, 0, 0, 0, 0, 0, 0, 0, 0, 0, 0, 0, 0, 0, 0, 0, 0, 0, 0, 0, 0, 0, 0, 0, 0, 0, 0, 0, 0, 0, 0, 0, 0, 0, 0, 0, 0, 0, 0, 0, 0, 0, 0, 0, 0, 0, 0, 0, 0, 0, 0, 0, 0, 0, 0, 0, 0, 0, 0, 0, 0, 0, 0, 0, 0, 0, 0, 0, 0, 0, 0, 0, 0, 0, 0, 0, 0, 0, 0, 0, 0, 0, 0, 0, 0, 0, 0, 0, 0, 0, 0, 0, 0, 0, 0, 0, 0, 0, 0, 0, 0, 0, 0, 0, 0, 0, 0, 0, 0, 0, 0, 0, 0, 0, 0, 0, 0, 0, 0, 0, 0, 0, 0, 0, 0, 0, 0, 0, 0, 0, 0, 0, 0, 0, 0, 0, 0, 0, 0, 0, 0, 0, 0, 0, 0, 0, 0, 0, 0, 0, 0, 0, 0, 0, 0, 0, 0, 0, 0, 0, 0, 0, 0, 0, 0, 0, 0, 0, 0, 0, 0, 0, 0, 0, 0, 0, 0, 0, 0, 0, 0, 0, 0, 0, 0, 0, 0, 0, 0, 0, 0, 0, 0, 0, 0, 0, 0, 0, 0, 0, 0, 0, 0, 0, 0, 0, 0, 0, 0, 0, 0, 0, 0, 0, 0, 0, 0, 0, 0, 0, 0, 0]",0.0,"[32.96666666666667, 32.96666666666667, 32.96666666666667, 33.0, 32.96666666666667, 32.96666666666667, 32.96666666666667, 32.93333333333334, 31.96666666666667, 22.0, 19.96666666666667, 16.933333333333334, 15.0, 12.966666666666667, 12.933333333333334, 11.966666666666667, 11.933333333333334, 11.966666666666667, 10.966666666666667, 10.9, 8.0, 7.933333333333334, 7.933333333333334, 7.933333333333334, 7.0, 6.966666666666667, 6.966666666666667, 7.0, 7.0, 7.0, 6.933333333333334, 6.933333333333334, 6.966666666666667, 7.0, 6.966666666666667, 6.966666666666667, 6.9, 6.933333333333334, 6.866666666666667, 6.9, 6.966666666666667, 6.966666666666667, 7.0, 7.0, 7.0, 6.966666666666667, 6.966666666666667, 7.0, 7.0, 7.0, 7.0, 7.0, 6.966666666666667, 6.966666666666667, 6.966666666666667, 6.933333333333334, 7.0, 7.0, 6.966666666666667, 6.966666666666667, 6.966666666666667, 6.966666666666667, 6.966666666666667, 6.966666666666667, 6.966666666666667, 6.966666666666667, 7.0, 6.966666666666667, 7.0, 6.966666666666667, 7.0, 6.966666666666667, 6.966666666666667, 7.0, 6.966666666666667, 6.9, 6.966666666666667, 6.933333333333334, 6.9, 6.966666666666667, 6.966666666666667, 6.866666666666667, 6.866666666666667, 6.966666666666667, 6.933333333333334, 6.966666666666667, 6.966666666666667, 6.933333333333334, 6.966666666666667, 7.0, 6.966666666666667, 6.933333333333334, 6.966666666666667, 6.966666666666667, 5.966666666666667, 6.0, 5.933333333333334, 5.966666666666667, 5.966666666666667, 5.966666666666667, 5.966666666666667, 5.966666666666667, 5.966666666666667, 5.9, 5.9, 5.933333333333334, 6.0, 5.966666666666667, 5.966666666666667, 6.0, 5.966666666666667, 5.966666666666667, 6.0, 5.933333333333334, 5.933333333333334, 6.0, 5.966666666666667, 5.966666666666667, 5.933333333333334, 5.966666666666667, 5.966666666666667, 5.966666666666667, 5.966666666666667, 5.933333333333334, 5.966666666666667, 5.933333333333334, 5.933333333333334, 5.966666666666667, 5.933333333333334, 5.966666666666667, 5.966666666666667, 5.966666666666667, 5.966666666666667, 5.966666666666667, 5.966666666666667, 5.966666666666667, 5.966666666666667, 6.0, 5.933333333333334, 5.933333333333334, 5.933333333333334, 6.0, 5.933333333333334, 5.933333333333334, 5.933333333333334, 5.933333333333334, 5.933333333333334, 5.966666666666667, 5.933333333333334, 5.9, 5.933333333333334, 5.933333333333334, 5.933333333333334, 5.933333333333334, 5.933333333333334, 5.933333333333334, 5.933333333333334, 5.933333333333334, 5.933333333333334, 5.966666666666667, 5.933333333333334, 5.933333333333334, 5.933333333333334, 6.0, 5.9, 5.9, 5.933333333333334, 5.966666666666667, 5.933333333333334, 5.933333333333334, 5.933333333333334, 5.933333333333334, 5.866666666666667, 5.933333333333334, 5.933333333333334, 5.933333333333334, 5.933333333333334, 5.9, 5.933333333333334, 5.933333333333334, 5.933333333333334, 5.866666666666667, 5.866666666666667, 5.933333333333334, 5.933333333333334, 5.8, 5.866666666666667, 5.933333333333334, 5.966666666666667, 5.933333333333334, 6.0, 5.833333333333334, 5.933333333333334, 5.933333333333334, 5.833333333333334, 5.866666666666667, 5.933333333333334, 5.933333333333334, 5.766666666666667, 5.8, 5.833333333333334, 5.8, 5.966666666666667, 5.866666666666667, 5.866666666666667, 5.933333333333334, 5.933333333333334, 5.9, 5.9, 5.866666666666667, 5.833333333333334, 5.8, 5.866666666666667, 5.800000000000001, 4.9, 4.866666666666667, 3.9333333333333336, 3.9333333333333336, 3.8666666666666667, 3.9333333333333336, 4.0, 3.9000000000000004, 3.9333333333333336, 3.9333333333333336, 3.9333333333333336, 3.9333333333333336, 3.9333333333333336, 3.9333333333333336, 3.9333333333333336, 3.9333333333333336, 3.9333333333333336, 3.9333333333333336, 1.0, 1.0, 1.0, 1.0, 1.0, 0.0, 0.0, 0.0, 0.0, 0.0, 0.0, 0.0, 0.0, 0.0, 0.0, 0.0, 0.0, 0.0, 0.0, 0.0, 0.0, 0.0, 0.0, 0.0, 0.0, 0.0, 0.0, 0.0, 0.0, 0.0, 0.0, 0.0, 0.0, 0.0, 0.0, 0.0, 0.0, 0.0, 0.0, 0.0, 0.0, 0.0, 0.0, 0.0, 0.0, 0.0, 0.0, 0.0, 0.0, 0.0, 0.0, 0.0, 0.0, 0.0, 0.0, 0.0, 0.0, 0.0, 0.0, 0.0, 0.0, 0.0, 0.0, 0.0, 0.0, 0.0, 0.0, 0.0, 0.0, 0.0, 0.0, 0.0, 0.0, 0.0, 0.0, 0.0, 0.0, 0.0, 0.0, 0.0, 0.0, 0.0, 0.0, 0.0, 0.0, 0.0, 0.0, 0.0, 0.0, 0.0, 0.0, 0.0, 0.0, 0.0, 0.0, 0.0, 0.0, 0.0, 0.0, 0.0, 0.0, 0.0, 0.0, 0.0, 0.0, 0.0, 0.0, 0.0, 0.0, 0.0, 0.0, 0.0, 0.0, 0.0, 0.0, 0.0, 0.0, 0.0, 0.0, 0.0, 0.0, 0.0, 0.0, 0.0, 0.0, 0.0, 0.0, 0.0, 0.0, 0.0, 0.0, 0.0, 0.0, 0.0, 0.0, 0.0, 0.0, 0.0, 0.0, 0.0, 0.0, 0.0, 0.0, 0.0, 0.0, 0.0, 0.0, 0.0, 0.0, 0.0, 0.0, 0.0, 0.0, 0.0, 0.0, 0.0, 0.0, 0.0, 0.0, 0.0, 0.0, 0.0, 0.0, 0.0, 0.0, 0.0, 0.0, 0.0, 0.0, 0.0, 0.0, 0.0, 0.0, 0.0, 0.0, 0.0, 0.0, 0.0, 0.0, 0.0, 0.0, 0.0, 0.0, 0.0, 0.0, 0.0, 0.0, 0.0, 0.0, 0.0, 0.0, 0.0, 0.0, 0.0, 0.0, 0.0, 0.0, 0.0, 0.0, 0.0, 0.0, 0.0, 0.0, 0.0, 0.0, 0.0, 0.0, 0.0, 0.0, 0.0, 0.0, 0.0, 0.0, 0.0, 0.0, 0.0, 0.0, 0.0, 0.0, 0.0, 0.0, 0.0, 0.0, 0.0, 0.0, 0.0, 0.0, 0.0, 0.0, 0.0, 0.0, 0.0, 0.0, 0.0, 0.0, 0.0, 0.0, 0.0, 0.0, 0.0, 0.0, 0.0, 0.0, 0.0, 0.0, 0.0, 0.0, 0.0, 0.0, 0.0, 0.0, 0.0, 0.0, 0.0, 0.0, 0.0, 0.0, 0.0]",0.5,0.5,0,"[33, 33, 33, 33, 33, 33, 33, 33, 32, 22, 20, 17, 15, 13, 13, 12, 12, 12, 11, 11, 8, 8, 8, 8, 7, 7, 7, 7, 7, 7, 7, 7, 7, 7, 7, 7, 7, 7, 7, 7, 7, 7, 7, 7, 7, 7, 7, 7, 7, 7, 7, 7, 7, 7, 7, 7, 7, 7, 7, 7, 7, 7, 7, 7, 7, 7, 7, 7, 7, 7, 7, 7, 7, 7, 7, 7, 7, 7, 7, 7, 7, 7, 7, 7, 7, 7, 7, 7, 7, 7, 7, 7, 7, 7, 6, 6, 6, 6, 6, 6, 6, 6, 6, 6, 6, 6, 6, 6, 6, 6, 6, 6, 6, 6, 6, 6, 6, 6, 6, 6, 6, 6, 6, 6, 6, 6, 6, 6, 6, 6, 6, 6, 6, 6, 6, 6, 6, 6, 6, 6, 6, 6, 6, 6, 6, 6, 6, 6, 6, 6, 6, 6, 6, 6, 6, 6, 6, 6, 6, 6, 6, 6, 6, 6, 6, 6, 6, 6, 6, 6, 6, 6, 6, 6, 6, 6, 6, 6, 6, 6, 6, 6, 6, 6, 6, 6, 6, 6, 6, 6, 6, 6, 6, 6, 6, 6, 6, 6, 6, 6, 6, 6, 6, 6, 6, 6, 6, 6, 6, 6, 6, 6, 6, 6, 5, 5, 4, 4, 4, 4, 4, 4, 4, 4, 4, 4, 4, 4, 4, 4, 4, 4, 1, 1, 1, 1, 1, 0, 0, 0, 0, 0, 0, 0, 0, 0, 0, 0, 0, 0, 0, 0, 0, 0, 0, 0, 0, 0, 0, 0, 0, 0, 0, 0, 0, 0, 0, 0, 0, 0, 0, 0, 0, 0, 0, 0, 0, 0, 0, 0, 0, 0, 0, 0, 0, 0, 0, 0, 0, 0, 0, 0, 0, 0, 0, 0, 0, 0, 0, 0, 0, 0, 0, 0, 0, 0, 0, 0, 0, 0, 0, 0, 0, 0, 0, 0, 0, 0, 0, 0, 0, 0, 0, 0, 0, 0, 0, 0, 0, 0, 0, 0, 0, 0, 0, 0, 0, 0, 0, 0, 0, 0, 0, 0, 0, 0, 0, 0, 0, 0, 0, 0, 0, 0, 0, 0, 0, 0, 0, 0, 0, 0, 0, 0, 0, 0, 0, 0, 0, 0, 0, 0, 0, 0, 0, 0, 0, 0, 0, 0, 0, 0, 0, 0, 0, 0, 0, 0, 0, 0, 0, 0, 0, 0, 0, 0, 0, 0, 0, 0, 0, 0, 0, 0, 0, 0, 0, 0, 0, 0, 0, 0, 0, 0, 0, 0, 0, 0, 0, 0, 0, 0, 0, 0, 0, 0, 0, 0, 0, 0, 0, 0, 0, 0, 0, 0, 0, 0, 0, 0, 0, 0, 0, 0, 0, 0, 0, 0, 0, 0, 0, 0, 0, 0, 0, 0, 0, 0, 0, 0, 0, 0, 0, 0, 0, 0, 0, 0, 0, 0, 0, 0, 0, 0, 0, 0, 0, 0, 0, 0, 0, 0, 0, 0, 0, 0, 0, 0, 0, 0]",490,"[0.6280510425567627, 0.5405242443084717, 0.49196484684944153, 0.45702213048934937, 0.43092820048332214, 0.40984049439430237, 0.3923153579235077, 0.3792695701122284, 0.3678356409072876, 0.3508872091770172, 0.3458312749862671, 0.34379157423973083, 0.3398129940032959, 0.33647051453590393, 0.3334951400756836, 0.33160340785980225, 0.32985687255859375, 0.3281638026237488, 0.3279075622558594, 0.3259030878543854, 0.3282565772533417, 0.32653701305389404, 0.32531681656837463, 0.3246472179889679, 0.3268086612224579, 0.32586032152175903, 0.32493552565574646, 0.3244015574455261, 0.3236321210861206, 0.3226473927497864, 0.3220057785511017, 0.32155323028564453, 0.32088223099708557, 0.31985577940940857, 0.3195348381996155, 0.3183828890323639, 0.318660169839859, 0.31759193539619446, 0.3166162073612213, 0.3158831000328064, 0.31469374895095825, 0.31485262513160706, 0.31463223695755005, 0.3132867217063904, 0.31263720989227295, 0.31308743357658386, 0.311479389667511, 0.31186434626579285, 0.310813844203949, 0.3103764057159424, 0.3107578158378601, 0.30851447582244873, 0.30819931626319885, 0.3078736662864685, 0.30740076303482056, 0.3087071478366852, 0.30668213963508606, 0.30649638175964355, 0.3066629469394684, 0.30656692385673523, 0.30460670590400696, 0.30576395988464355, 0.3045828342437744, 0.30524832010269165, 0.3044208586215973, 0.3041781485080719, 0.3047395646572113, 0.3038492798805237, 0.3055932819843292, 0.30231472849845886, 0.3028481602668762, 0.3014606237411499, 0.30145618319511414, 0.30153578519821167, 0.30231237411499023, 0.30018916726112366, 0.2991028130054474, 0.3009698987007141, 0.3009094297885895, 0.2977723777294159, 0.30026963353157043, 0.2986982464790344, 0.29754316806793213, 0.2977985143661499, 0.29695719480514526, 0.29670441150665283, 0.2967349886894226, 0.2957008183002472, 0.2963099181652069, 0.29677054286003113, 0.29819950461387634, 0.29831045866012573, 0.2950340509414673, 0.29672959446907043, 0.300148606300354, 0.29925745725631714, 0.29660433530807495, 0.2977488338947296, 0.29806089401245117, 0.29703494906425476, 0.2993776798248291, 0.2977199852466583, 0.2967149019241333, 0.29670417308807373, 0.29653361439704895, 0.2949514389038086, 0.2991866171360016, 0.296390563249588, 0.2937173545360565, 0.2971131205558777, 0.2955957353115082, 0.2924652695655823, 0.2956940829753876, 0.294600248336792, 0.29453593492507935, 0.29333412647247314, 0.2922162115573883, 0.2929549515247345, 0.29168635606765747, 0.29424238204956055, 0.2933117747306824, 0.2942974269390106, 0.29387351870536804, 0.29106834530830383, 0.29643115401268005, 0.2892746031284332, 0.29149672389030457, 0.2944753170013428, 0.29207947850227356, 0.2918511629104614, 0.29165399074554443, 0.2939990162849426, 0.2920249402523041, 0.2923162579536438, 0.28947681188583374, 0.2910469174385071, 0.29211580753326416, 0.29348453879356384, 0.28944775462150574, 0.2895345687866211, 0.2867862582206726, 0.29569923877716064, 0.2879197597503662, 0.2910204231739044, 0.28926777839660645, 0.29135066270828247, 0.2870323657989502, 0.2898998260498047, 0.28909674286842346, 0.28664740920066833, 0.2871711850166321, 0.2860240638256073, 0.28592345118522644, 0.2897014915943146, 0.2870355248451233, 0.2877318561077118, 0.28909236192703247, 0.28741130232810974, 0.2844277322292328, 0.29295942187309265, 0.29017937183380127, 0.28596794605255127, 0.2870357036590576, 0.2965041995048523, 0.2919886112213135, 0.2878720164299011, 0.2862148880958557, 0.28594470024108887, 0.28853732347488403, 0.2860274910926819, 0.2878026068210602, 0.2852174639701843, 0.28992342948913574, 0.2861294448375702, 0.2872110605239868, 0.2875308394432068, 0.29116547107696533, 0.29026004672050476, 0.2859998345375061, 0.2854893207550049, 0.2859412133693695, 0.285935640335083, 0.28345274925231934, 0.28656628727912903, 0.2864280343055725, 0.28506696224212646, 0.28499239683151245, 0.2865607440471649, 0.2838660776615143, 0.2856864929199219, 0.27869898080825806, 0.28961098194122314, 0.28609171509742737, 0.2869425415992737, 0.2940950095653534, 0.28383222222328186, 0.2861901521682739, 0.2847977578639984, 0.28426992893218994, 0.28237900137901306, 0.288992702960968, 0.2838855981826782, 0.2833634614944458, 0.2787683606147766, 0.28100788593292236, 0.2844102382659912, 0.28396159410476685, 0.28625282645225525, 0.28392353653907776, 0.2815382778644562, 0.28500327467918396, 0.2851490080356598, 0.2831740081310272, 0.2861084043979645, 0.31249120831489563, 0.3182356357574463, 0.32708463072776794, 0.32671287655830383, 0.3257281482219696, 0.32408010959625244, 0.3294773995876312, 0.3231339156627655, 0.3251289129257202, 0.3237569332122803, 0.3246350586414337, 0.3361660838127136, 0.32423344254493713, 0.32191002368927, 0.32373344898223877, 0.32706889510154724, 0.32162779569625854, 0.32326510548591614, 0.3945744037628174, 0.3952008783817291, 0.3942003548145294, 0.39708396792411804, 0.39414313435554504, 0.4078080356121063, 0.40888074040412903, 0.4075240194797516, 0.40772560238838196, 0.4073370099067688, 0.407317578792572, 0.4077182710170746, 0.40775492787361145, 0.40733417868614197, 0.40792587399482727, 0.4075457751750946, 0.40751975774765015, 0.4073430001735687, 0.4072832465171814, 0.4087202847003937, 0.4081237316131592, 0.4081672728061676, 0.40744221210479736, 0.4072289764881134, 0.40853607654571533, 0.4072359502315521, 0.4085444211959839, 0.4073096215724945, 0.40862396359443665, 0.4072306454181671, 0.40747201442718506, 0.4073900580406189, 0.4076935052871704, 0.40758436918258667, 0.4072915315628052, 0.4072423577308655, 0.407634437084198, 0.40722715854644775, 0.40737301111221313, 0.4072403311729431, 0.40745630860328674, 0.407297819852829, 0.40764784812927246, 0.4074762761592865, 0.40976661443710327, 0.40799009799957275, 0.407921701669693, 0.40733250975608826, 0.40772560238838196, 0.40818333625793457, 0.40755385160446167, 0.4082929193973541, 0.4087338149547577, 0.40748336911201477, 0.40743884444236755, 0.40777844190597534, 0.4073163568973541, 0.4072607457637787, 0.4074212610721588, 0.4074600636959076, 0.40768149495124817, 0.4072493016719818, 0.40741774439811707, 0.41050729155540466, 0.4079788327217102, 0.4072273373603821, 0.40724098682403564, 0.40797218680381775, 0.4075721800327301, 0.4074175953865051, 0.40806442499160767, 0.40722891688346863, 0.40745213627815247, 0.4134646952152252, 0.40739917755126953, 0.4076579809188843, 0.4075779616832733, 0.4072888493537903, 0.40747544169425964, 0.4077613949775696, 0.4083808958530426, 0.41389399766921997, 0.40743088722229004, 0.40735924243927, 0.4073892831802368, 0.40796715021133423, 0.40782883763313293, 0.4072309136390686, 0.408150315284729, 0.407414972782135, 0.40804749727249146, 0.40722769498825073, 0.4073498249053955, 0.40734028816223145, 0.40756890177726746, 0.40875187516212463, 0.4073118567466736, 0.4072379171848297, 0.40723681449890137, 0.4072442948818207, 0.4077169895172119, 0.40748244524002075, 0.4083136022090912, 0.40722981095314026, 0.4074155390262604, 0.40723392367362976, 0.40802136063575745, 0.4072328507900238, 0.40858086943626404, 0.408222496509552, 0.40769195556640625, 0.4073139429092407, 0.4074002802371979, 0.40731924772262573, 0.4075181484222412, 0.40755435824394226, 0.40814435482025146, 0.40815311670303345, 0.40768811106681824, 0.4101768136024475, 0.4073103368282318, 0.4075210988521576, 0.40744873881340027, 0.4080405533313751, 0.4078731834888458, 0.4074886739253998, 0.40781933069229126, 0.40722641348838806, 0.4072442650794983, 0.4073466360569, 0.4074845016002655, 0.40750589966773987, 0.4072268009185791, 0.4072358310222626, 0.4090059697628021, 0.40804997086524963, 0.40767332911491394, 0.4074890911579132, 0.4072343707084656, 0.40863993763923645, 0.40912896394729614, 0.4072301387786865, 0.40790173411369324, 0.4073452651500702, 0.4128977954387665, 0.40730515122413635, 0.40803420543670654, 0.40727317333221436, 0.4076417088508606, 0.4078369140625, 0.40730351209640503, 0.40724655985832214, 0.4091593027114868, 0.4099968671798706, 0.40877941250801086, 0.4076066315174103, 0.40801772475242615, 0.4081012010574341, 0.4074203073978424, 0.40735572576522827, 0.4078608453273773, 0.407236248254776, 0.40806472301483154, 0.4074339270591736, 0.4091692268848419, 0.4081536531448364, 0.4072474241256714, 0.4072335362434387, 0.40825027227401733, 0.40723246335983276, 0.41021138429641724, 0.4095178544521332, 0.4077450931072235, 0.4072810709476471, 0.4088016152381897, 0.40784355998039246, 0.40868908166885376, 0.41085362434387207, 0.4077734053134918, 0.40726524591445923, 0.4075280427932739, 0.40884554386138916, 0.40723851323127747, 0.4081425368785858, 0.40724942088127136, 0.4090002775192261, 0.4072262644767761, 0.4072892367839813, 0.4073713421821594, 0.40902382135391235, 0.40893295407295227, 0.407270610332489, 0.4075547754764557, 0.4073464572429657, 0.4072265625, 0.4081137776374817, 0.4076049029827118, 0.40839630365371704, 0.40727919340133667, 0.4081963300704956, 0.40754234790802, 0.40754494071006775, 0.40727537870407104, 0.4074403643608093, 0.4072803556919098, 0.4085688889026642, 0.41006866097450256, 0.40723174810409546, 0.40724045038223267, 0.40723681449890137, 0.4072490930557251, 0.40788546204566956, 0.40805375576019287, 0.40742242336273193, 0.4072324335575104, 0.40788230299949646, 0.40844184160232544, 0.4074545204639435, 0.40724560618400574, 0.41507744789123535, 0.40724170207977295, 0.4078788459300995, 0.4073072075843811, 0.40731263160705566, 0.4079152047634125, 0.4078075885772705, 0.411324679851532, 0.40780749917030334, 0.40722715854644775, 0.4072447121143341, 0.41106197237968445, 0.4075743854045868, 0.408082515001297, 0.40790003538131714, 0.40791216492652893, 0.40745192766189575, 0.40748175978660583, 0.4076770842075348, 0.4074287414550781, 0.40811917185783386, 0.4084002375602722, 0.40765345096588135, 0.4083574414253235, 0.40789794921875, 0.40726444125175476, 0.4072646200656891, 0.40805569291114807, 0.4078795909881592, 0.40733757615089417, 0.4072585701942444, 0.4072459936141968, 0.40904000401496887, 0.4095734655857086, 0.40726250410079956, 0.4072296917438507, 0.40724286437034607, 0.40772753953933716, 0.40778490900993347]",0.0,"[33.0, 33.0, 33.0, 33.0, 33.0, 33.0, 33.0, 33.0, 32.0, 22.0, 20.0, 17.0, 15.0, 13.0, 13.0, 12.0, 12.0, 12.0, 11.0, 11.0, 8.0, 8.0, 8.0, 8.0, 7.0, 7.0, 7.0, 7.0, 7.0, 7.0, 7.0, 7.0, 7.0, 7.0, 7.0, 7.0, 7.0, 7.0, 7.0, 7.0, 7.0, 7.0, 7.0, 7.0, 7.0, 7.0, 7.0, 7.0, 7.0, 7.0, 7.0, 7.0, 7.0, 7.0, 7.0, 7.0, 7.0, 7.0, 7.0, 7.0, 7.0, 7.0, 7.0, 7.0, 7.0, 7.0, 7.0, 7.0, 7.0, 7.0, 7.0, 7.0, 7.0, 7.0, 7.0, 7.0, 7.0, 7.0, 7.0, 7.0, 7.0, 7.0, 7.0, 7.0, 7.0, 7.0, 7.0, 7.0, 7.0, 7.0, 7.0, 7.0, 7.0, 7.0, 6.0, 6.0, 6.0, 6.0, 6.0, 6.0, 6.0, 6.0, 6.0, 6.0, 6.0, 6.0, 6.0, 6.0, 6.0, 6.0, 6.0, 6.0, 6.0, 6.0, 6.0, 6.0, 6.0, 6.0, 6.0, 6.0, 6.0, 6.0, 6.0, 6.0, 6.0, 6.0, 6.0, 6.0, 6.0, 6.0, 6.0, 6.0, 6.0, 6.0, 6.0, 6.0, 6.0, 6.0, 6.0, 6.0, 6.0, 6.0, 6.0, 6.0, 6.0, 6.0, 6.0, 6.0, 6.0, 6.0, 6.0, 6.0, 6.0, 6.0, 6.0, 6.0, 6.0, 6.0, 6.0, 6.0, 6.0, 6.0, 6.0, 6.0, 6.0, 6.0, 6.0, 6.0, 6.0, 6.0, 6.0, 6.0, 6.0, 6.0, 6.0, 6.0, 6.0, 6.0, 6.0, 6.0, 6.0, 6.0, 6.0, 6.0, 6.0, 6.0, 6.0, 6.0, 6.0, 6.0, 6.0, 6.0, 6.0, 6.0, 6.0, 6.0, 6.0, 6.0, 6.0, 6.0, 6.0, 6.0, 6.0, 6.0, 6.0, 6.0, 6.0, 6.0, 6.0, 6.0, 6.0, 6.0, 6.0, 6.0, 5.0, 5.0, 4.0, 4.0, 4.0, 4.0, 4.0, 4.0, 4.0, 4.0, 4.0, 4.0, 4.0, 4.0, 4.0, 4.0, 4.0, 4.0, 1.0, 1.0, 1.0, 1.0, 1.0, 0.0, 0.0, 0.0, 0.0, 0.0, 0.0, 0.0, 0.0, 0.0, 0.0, 0.0, 0.0, 0.0, 0.0, 0.0, 0.0, 0.0, 0.0, 0.0, 0.0, 0.0, 0.0, 0.0, 0.0, 0.0, 0.0, 0.0, 0.0, 0.0, 0.0, 0.0, 0.0, 0.0, 0.0, 0.0, 0.0, 0.0, 0.0, 0.0, 0.0, 0.0, 0.0, 0.0, 0.0, 0.0, 0.0, 0.0, 0.0, 0.0, 0.0, 0.0, 0.0, 0.0, 0.0, 0.0, 0.0, 0.0, 0.0, 0.0, 0.0, 0.0, 0.0, 0.0, 0.0, 0.0, 0.0, 0.0, 0.0, 0.0, 0.0, 0.0, 0.0, 0.0, 0.0, 0.0, 0.0, 0.0, 0.0, 0.0, 0.0, 0.0, 0.0, 0.0, 0.0, 0.0, 0.0, 0.0, 0.0, 0.0, 0.0, 0.0, 0.0, 0.0, 0.0, 0.0, 0.0, 0.0, 0.0, 0.0, 0.0, 0.0, 0.0, 0.0, 0.0, 0.0, 0.0, 0.0, 0.0, 0.0, 0.0, 0.0, 0.0, 0.0, 0.0, 0.0, 0.0, 0.0, 0.0, 0.0, 0.0, 0.0, 0.0, 0.0, 0.0, 0.0, 0.0, 0.0, 0.0, 0.0, 0.0, 0.0, 0.0, 0.0, 0.0, 0.0, 0.0, 0.0, 0.0, 0.0, 0.0, 0.0, 0.0, 0.0, 0.0, 0.0, 0.0, 0.0, 0.0, 0.0, 0.0, 0.0, 0.0, 0.0, 0.0, 0.0, 0.0, 0.0, 0.0, 0.0, 0.0, 0.0, 0.0, 0.0, 0.0, 0.0, 0.0, 0.0, 0.0, 0.0, 0.0, 0.0, 0.0, 0.0, 0.0, 0.0, 0.0, 0.0, 0.0, 0.0, 0.0, 0.0, 0.0, 0.0, 0.0, 0.0, 0.0, 0.0, 0.0, 0.0, 0.0, 0.0, 0.0, 0.0, 0.0, 0.0, 0.0, 0.0, 0.0, 0.0, 0.0, 0.0, 0.0, 0.0, 0.0, 0.0, 0.0, 0.0, 0.0, 0.0, 0.0, 0.0, 0.0, 0.0, 0.0, 0.0, 0.0, 0.0, 0.0, 0.0, 0.0, 0.0, 0.0, 0.0, 0.0, 0.0, 0.0, 0.0, 0.0, 0.0, 0.0, 0.0, 0.0, 0.0, 0.0, 0.0, 0.0, 0.0, 0.0, 0.0, 0.0, 0.0, 0.0, 0.0, 0.0, 0.0, 0.0, 0.0, 0.0, 0.0, 0.0, 0.0, 0.0, 0.0]",COMPLETE
