,number,value,datetime_start,datetime_complete,duration,params_batch_size_scaler,params_constant_learning_rate,params_depth,params_epochs,params_kernel_l2,params_num_trees,params_temperature,user_attrs_accuracy_test,user_attrs_accuracy_valid,user_attrs_approximate_feature_sparsity,user_attrs_approximate_feature_sparsity_history,user_attrs_approximate_weight_sparsity,user_attrs_approximate_weight_sparsity_history,user_attrs_auc_test,user_attrs_auc_valid,user_attrs_feature_sparsity,user_attrs_feature_sparsity_history,user_attrs_num_epochs,user_attrs_val_loss_history,user_attrs_weight_sparsity,user_attrs_weight_sparsity_history,state
129,129,0.9237804485321585,2024-08-31 06:26:04.235313,2024-08-31 06:39:00.485862,0 days 00:12:56.250549,1,0.22427732011804444,6,320,0.00237228626377467,25,0.0751457941538618,0.921,0.93,33,"[33, 33, 33, 33, 33, 33, 33, 33, 33, 33, 33, 33, 33, 33, 33, 33, 33, 33, 33, 33, 33, 33, 33, 33, 33, 33, 33, 33, 33, 33, 33, 33, 33, 33, 33, 33, 33, 33, 33, 33, 33, 33, 33, 33, 33, 33, 33, 33, 33, 33, 33, 33, 33, 33, 33, 33, 33, 33, 33, 33, 33, 33, 33, 33, 33, 33, 33, 33, 33, 33, 33, 33, 33, 33, 33, 33, 33, 33, 33, 33, 33, 33, 33, 33, 33, 33, 33, 33, 33, 33, 33, 33, 33, 33, 33, 33, 33, 33, 33, 33, 33, 33, 33, 33, 33, 33, 33, 33, 33, 33, 33, 33, 33, 33, 33, 33, 33, 33, 33, 33, 33, 33, 33, 33, 33, 33, 33, 33, 33, 33, 33, 33, 33, 33, 33, 33, 33, 33, 33, 33, 33, 33, 33, 33, 33, 33, 33, 33, 33, 33, 33, 33, 33, 33, 33, 33, 33, 33, 33, 33, 33, 33, 33, 33, 33, 33, 33, 33, 33, 33, 33, 33, 33, 33, 33, 33, 33, 33, 33, 33, 33, 33, 33, 33, 33, 33, 33, 33, 33, 33, 33, 33, 33, 33, 33, 33, 33, 33, 33, 33, 33, 33, 33, 33, 33, 33, 33, 33, 33, 33, 33, 33, 33, 33, 33, 33, 33, 33, 33, 33, 33, 33, 33, 33, 33, 33, 33, 33, 33, 33, 33, 33, 33, 33, 33, 33, 33, 33, 33, 33, 33, 33, 33, 33, 33, 33, 33, 33, 33, 33, 33, 33, 33, 33, 33, 33, 33, 33, 33, 33, 33, 33, 33, 33, 33, 33, 33, 33, 33, 33, 33, 33, 33, 33, 33, 33, 33, 33, 33, 33, 33, 33, 33, 33, 33, 33, 33, 33, 33, 33, 33, 33, 33, 33, 33, 33, 33, 33, 33, 33, 33, 33, 33, 33, 33, 33, 33, 33, 33, 33, 33, 33, 33, 33, 33, 33, 33, 33, 33, 33]",32.95047619047619,"[32.93841269841269, 32.95174603174603, 32.94095238095238, 32.94222222222223, 32.94920634920635, 32.947936507936504, 32.941587301587305, 32.94285714285714, 32.94920634920635, 32.939682539682536, 32.95047619047619, 32.949841269841265, 32.956825396825394, 32.94730158730159, 32.95174603174603, 32.946666666666665, 32.95047619047619, 32.94984126984127, 32.95047619047619, 32.94793650793651, 32.94984126984127, 32.95301587301587, 32.953650793650795, 32.950476190476195, 32.960634920634924, 32.95492063492063, 32.947936507936504, 32.94476190476191, 32.95047619047619, 32.94603174603175, 32.94920634920635, 32.948571428571434, 32.94222222222223, 32.95174603174603, 32.95174603174603, 32.950476190476195, 32.94793650793651, 32.944761904761904, 32.95428571428571, 32.95301587301587, 32.94984126984127, 32.94603174603175, 32.94539682539683, 32.95238095238095, 32.946666666666665, 32.94984126984127, 32.94095238095238, 32.946666666666665, 32.952380952380956, 32.95428571428572, 32.94412698412698, 32.95111111111111, 32.94222222222222, 32.94984126984127, 32.95238095238095, 32.946666666666665, 32.95238095238095, 32.952380952380956, 32.95301587301587, 32.95047619047619, 32.95301587301587, 32.95492063492063, 32.95174603174603, 32.96507936507936, 32.95428571428572, 32.96126984126984, 32.95174603174603, 32.95746031746032, 32.95301587301587, 32.94920634920635, 32.96507936507936, 32.95619047619048, 32.95619047619047, 32.944761904761904, 32.96126984126984, 32.95936507936508, 32.962539682539685, 32.958730158730155, 32.96190476190476, 32.9631746031746, 32.958730158730155, 32.95301587301587, 32.95492063492063, 32.95428571428571, 32.95301587301587, 32.958730158730155, 32.955555555555556, 32.95492063492064, 32.95301587301587, 32.944761904761904, 32.953650793650795, 32.94539682539683, 32.94857142857143, 32.95809523809524, 32.96190476190476, 32.95809523809524, 32.95111111111111, 32.95301587301587, 32.95746031746032, 32.955555555555556, 32.95936507936508, 32.95174603174603, 32.95238095238095, 32.94539682539683, 32.952380952380956, 32.95174603174603, 32.953650793650795, 32.953650793650795, 32.95428571428572, 32.95809523809523, 32.953650793650795, 32.95174603174603, 32.955555555555556, 32.95746031746032, 32.95619047619048, 32.95619047619048, 32.9568253968254, 32.955555555555556, 32.95428571428572, 32.95428571428571, 32.95238095238095, 32.94984126984127, 32.955555555555556, 32.95111111111111, 32.947936507936504, 32.94857142857143, 32.955555555555556, 32.95301587301587, 32.95809523809524, 32.95301587301587, 32.953650793650795, 32.95238095238095, 32.94920634920635, 32.953650793650795, 32.94984126984127, 32.95301587301587, 32.95492063492064, 32.95492063492064, 32.95619047619048, 32.95047619047619, 32.955555555555556, 32.953650793650795, 32.962539682539685, 32.96, 32.95746031746032, 32.95619047619048, 32.96, 32.95873015873016, 32.96698412698412, 32.96190476190476, 32.95873015873016, 32.95619047619048, 32.95238095238095, 32.955555555555556, 32.9568253968254, 32.95301587301587, 32.94412698412698, 32.946666666666665, 32.94793650793651, 32.95301587301588, 32.953650793650795, 32.95936507936508, 32.95809523809524, 32.96317460317461, 32.95809523809524, 32.96063492063492, 32.96507936507936, 32.96126984126984, 32.96190476190476, 32.96253968253968, 32.95619047619048, 32.956825396825394, 32.95492063492063, 32.953650793650795, 32.94730158730159, 32.95809523809524, 32.9568253968254, 32.95301587301587, 32.95936507936508, 32.960634920634924, 32.961269841269846, 32.960634920634924, 32.95809523809524, 32.960634920634924, 32.960634920634924, 32.95428571428571, 32.9568253968254, 32.95809523809524, 32.952380952380956, 32.95428571428571, 32.95238095238095, 32.95301587301587, 32.955555555555556, 32.95809523809524, 32.95746031746032, 32.956825396825394, 32.955555555555556, 32.95492063492063, 32.95809523809523, 32.955555555555556, 32.955555555555556, 32.95873015873016, 32.95809523809524, 32.95492063492063, 32.95492063492063, 32.952380952380956, 32.950476190476195, 32.94730158730159, 32.94666666666667, 32.95301587301587, 32.94920634920635, 32.95301587301587, 32.95301587301587, 32.95492063492063, 32.950476190476195, 32.95174603174603, 32.95428571428572, 32.95174603174603, 32.94793650793651, 32.94412698412698, 32.94857142857143, 32.947936507936504, 32.949841269841265, 32.95174603174603, 32.953650793650795, 32.95428571428572, 32.95111111111111, 32.94857142857143, 32.94539682539683, 32.94730158730159, 32.94730158730159, 32.94222222222222, 32.941587301587305, 32.94603174603175, 32.944761904761904, 32.94539682539683, 32.94730158730159, 32.94857142857143, 32.953650793650795, 32.950476190476195, 32.95301587301587, 32.950476190476195, 32.95428571428572, 32.94984126984127, 32.94539682539683, 32.94984126984127, 32.94730158730158, 32.94285714285715, 32.94539682539683, 32.94539682539682, 32.94920634920635, 32.950476190476195, 32.95301587301587, 32.94857142857143, 32.94920634920635, 32.94857142857143, 32.94539682539683, 32.94920634920635, 32.950476190476195, 32.94984126984127, 32.950476190476195, 32.95111111111112, 32.95111111111111, 32.95047619047619, 32.95238095238095, 32.95238095238095, 32.95428571428571, 32.95428571428572, 32.95492063492063, 32.953650793650795, 32.95111111111111, 32.95428571428571, 32.95619047619048, 32.95428571428572, 32.95428571428572, 32.94984126984127, 32.95111111111111, 32.956825396825394, 32.955555555555556, 32.95619047619048, 32.953650793650795, 32.95301587301587, 32.95047619047619, 32.95111111111112, 32.95111111111111, 32.946666666666665, 32.94730158730159, 32.947936507936504, 32.947936507936504, 32.950476190476195, 32.95111111111112, 32.94730158730159, 32.944761904761904, 32.94412698412698, 32.94222222222223, 32.94603174603175, 32.94857142857143, 32.94730158730159, 32.94793650793651, 32.95174603174603, 32.94666666666667, 32.94730158730159, 32.94793650793651, 32.944761904761904, 32.94349206349206, 32.947936507936504, 32.94730158730159, 32.94349206349206, 32.94285714285714, 32.93904761904762, 32.944761904761904, 32.94666666666667, 32.94793650793651, 32.95174603174603, 32.95111111111111, 32.95301587301587, 32.952380952380956, 32.94984126984127, 32.94984126984127, 32.95047619047619]",0.8959948480420084,0.9237804485321585,33,"[33, 33, 33, 33, 33, 33, 33, 33, 33, 33, 33, 33, 33, 33, 33, 33, 33, 33, 33, 33, 33, 33, 33, 33, 33, 33, 33, 33, 33, 33, 33, 33, 33, 33, 33, 33, 33, 33, 33, 33, 33, 33, 33, 33, 33, 33, 33, 33, 33, 33, 33, 33, 33, 33, 33, 33, 33, 33, 33, 33, 33, 33, 33, 33, 33, 33, 33, 33, 33, 33, 33, 33, 33, 33, 33, 33, 33, 33, 33, 33, 33, 33, 33, 33, 33, 33, 33, 33, 33, 33, 33, 33, 33, 33, 33, 33, 33, 33, 33, 33, 33, 33, 33, 33, 33, 33, 33, 33, 33, 33, 33, 33, 33, 33, 33, 33, 33, 33, 33, 33, 33, 33, 33, 33, 33, 33, 33, 33, 33, 33, 33, 33, 33, 33, 33, 33, 33, 33, 33, 33, 33, 33, 33, 33, 33, 33, 33, 33, 33, 33, 33, 33, 33, 33, 33, 33, 33, 33, 33, 33, 33, 33, 33, 33, 33, 33, 33, 33, 33, 33, 33, 33, 33, 33, 33, 33, 33, 33, 33, 33, 33, 33, 33, 33, 33, 33, 33, 33, 33, 33, 33, 33, 33, 33, 33, 33, 33, 33, 33, 33, 33, 33, 33, 33, 33, 33, 33, 33, 33, 33, 33, 33, 33, 33, 33, 33, 33, 33, 33, 33, 33, 33, 33, 33, 33, 33, 33, 33, 33, 33, 33, 33, 33, 33, 33, 33, 33, 33, 33, 33, 33, 33, 33, 33, 33, 33, 33, 33, 33, 33, 33, 33, 33, 33, 33, 33, 33, 33, 33, 33, 33, 33, 33, 33, 33, 33, 33, 33, 33, 33, 33, 33, 33, 33, 33, 33, 33, 33, 33, 33, 33, 33, 33, 33, 33, 33, 33, 33, 33, 33, 33, 33, 33, 33, 33, 33, 33, 33, 33, 33, 33, 33, 33, 33, 33, 33, 33, 33, 33, 33, 33, 33, 33, 33, 33, 33, 33, 33, 33, 33]",320,"[0.37359732389450073, 0.363442063331604, 0.3537518382072449, 0.3452666401863098, 0.3341412842273712, 0.321806401014328, 0.30987000465393066, 0.2965681552886963, 0.283110648393631, 0.2743615210056305, 0.2655990421772003, 0.2588503360748291, 0.2523731589317322, 0.24671238660812378, 0.24078571796417236, 0.23749645054340363, 0.23246106505393982, 0.23260286450386047, 0.22566431760787964, 0.2212953418493271, 0.21681621670722961, 0.2150118052959442, 0.2124849259853363, 0.21006543934345245, 0.20626485347747803, 0.20410379767417908, 0.2013990581035614, 0.2005341351032257, 0.1972806751728058, 0.20149417221546173, 0.194643035531044, 0.19377002120018005, 0.19355392456054688, 0.1896039843559265, 0.1894674152135849, 0.1869003176689148, 0.18758843839168549, 0.18854838609695435, 0.18860790133476257, 0.18625888228416443, 0.18923932313919067, 0.18790750205516815, 0.18714800477027893, 0.1864607036113739, 0.18072468042373657, 0.18429869413375854, 0.18491166830062866, 0.18198853731155396, 0.17998382449150085, 0.17936964333057404, 0.18585613369941711, 0.17994675040245056, 0.17956562340259552, 0.17730985581874847, 0.176356241106987, 0.17319537699222565, 0.18159259855747223, 0.1802392452955246, 0.18308264017105103, 0.17664651572704315, 0.1761314570903778, 0.17658083140850067, 0.17460845410823822, 0.17879699170589447, 0.17491771280765533, 0.17288625240325928, 0.17591634392738342, 0.18301965296268463, 0.1803102344274521, 0.17626672983169556, 0.1736987829208374, 0.17916971445083618, 0.17853431403636932, 0.17146766185760498, 0.17444196343421936, 0.17422276735305786, 0.17732280492782593, 0.1800660640001297, 0.1781332939863205, 0.176617830991745, 0.18011842668056488, 0.18686319887638092, 0.18131574988365173, 0.1801629215478897, 0.1746894121170044, 0.17457497119903564, 0.17920877039432526, 0.18319499492645264, 0.173822820186615, 0.18095046281814575, 0.18315830826759338, 0.1842692792415619, 0.18318340182304382, 0.1844945102930069, 0.18467731773853302, 0.18463701009750366, 0.18410469591617584, 0.18621963262557983, 0.17908897995948792, 0.18177010118961334, 0.181059792637825, 0.19000864028930664, 0.18224558234214783, 0.18367162346839905, 0.18823152780532837, 0.19081908464431763, 0.18202538788318634, 0.18975447118282318, 0.19021815061569214, 0.18430116772651672, 0.1878170371055603, 0.18458057940006256, 0.18950539827346802, 0.19398316740989685, 0.18873867392539978, 0.19136777520179749, 0.19398409128189087, 0.1933073103427887, 0.19269226491451263, 0.1941700577735901, 0.1900404393672943, 0.19393306970596313, 0.195838063955307, 0.19762350618839264, 0.19838108122348785, 0.20718497037887573, 0.20465998351573944, 0.20672321319580078, 0.2005767673254013, 0.20277240872383118, 0.20373135805130005, 0.20044873654842377, 0.2116900086402893, 0.2052127718925476, 0.20975261926651, 0.21081751585006714, 0.20862379670143127, 0.21185588836669922, 0.2161318063735962, 0.20986053347587585, 0.2141154259443283, 0.21988071501255035, 0.21088485419750214, 0.21472802758216858, 0.21854422986507416, 0.21393367648124695, 0.22008760273456573, 0.2218722552061081, 0.2173880636692047, 0.2228204309940338, 0.22108915448188782, 0.21790504455566406, 0.2234945297241211, 0.22476141154766083, 0.22567453980445862, 0.22258688509464264, 0.23211432993412018, 0.22566932439804077, 0.22504043579101562, 0.2288346290588379, 0.22904270887374878, 0.23032782971858978, 0.23086893558502197, 0.23518291115760803, 0.23406144976615906, 0.238888218998909, 0.23193103075027466, 0.2365453541278839, 0.23449182510375977, 0.23922260105609894, 0.23631659150123596, 0.23893418908119202, 0.24100585281848907, 0.23770613968372345, 0.24060314893722534, 0.2424411177635193, 0.24111920595169067, 0.24754780530929565, 0.24770565330982208, 0.24367713928222656, 0.2507822513580322, 0.24812208116054535, 0.2546822428703308, 0.24913400411605835, 0.24947206676006317, 0.24967846274375916, 0.2526196837425232, 0.2542266249656677, 0.25351575016975403, 0.2560359239578247, 0.25535786151885986, 0.25576409697532654, 0.2584281265735626, 0.2663020193576813, 0.2606545388698578, 0.2610270380973816, 0.259939581155777, 0.2647453546524048, 0.2655632793903351, 0.27126169204711914, 0.2677466869354248, 0.2657470405101776, 0.2659219801425934, 0.26877090334892273, 0.2681271731853485, 0.2772952616214752, 0.2739007771015167, 0.2709380090236664, 0.27443841099739075, 0.2768140733242035, 0.27504923939704895, 0.27791503071784973, 0.2781510055065155, 0.27869197726249695, 0.27884089946746826, 0.2818668484687805, 0.28580647706985474, 0.281978577375412, 0.28142639994621277, 0.2818516492843628, 0.285012423992157, 0.2850287854671478, 0.289080411195755, 0.2884019911289215, 0.28549328446388245, 0.2900024652481079, 0.28925395011901855, 0.2911701798439026, 0.2918141484260559, 0.2918788492679596, 0.29007142782211304, 0.2922587990760803, 0.2931619882583618, 0.2965981364250183, 0.29818183183670044, 0.2943865954875946, 0.29697325825691223, 0.29908519983291626, 0.2979118824005127, 0.30180108547210693, 0.3007778227329254, 0.29890432953834534, 0.3012438714504242, 0.3033280074596405, 0.30402663350105286, 0.30294448137283325, 0.3022637963294983, 0.3063550889492035, 0.30476534366607666, 0.3059181272983551, 0.3062230348587036, 0.31004229187965393, 0.3094399869441986, 0.3086836338043213, 0.31004399061203003, 0.3106282353401184, 0.30752256512641907, 0.31068316102027893, 0.3122538626194, 0.310487300157547, 0.31483837962150574, 0.3148650825023651, 0.31361573934555054, 0.31292566657066345, 0.3176196217536926, 0.31684252619743347, 0.31812065839767456, 0.3171047270298004, 0.3172002136707306, 0.32037967443466187, 0.31922948360443115, 0.31968954205513, 0.3197908401489258, 0.32139959931373596, 0.3228601813316345, 0.32402095198631287, 0.3220224380493164, 0.3244127035140991, 0.3248705565929413, 0.32406848669052124, 0.3251522183418274, 0.326109379529953, 0.32586556673049927, 0.3257393538951874, 0.3286491632461548, 0.33025839924812317, 0.3294587731361389, 0.3299940526485443, 0.33002784848213196, 0.3308274745941162, 0.3310639262199402, 0.33192920684814453, 0.33176127076148987, 0.3327444791793823, 0.332353413105011, 0.33346205949783325, 0.3358098864555359, 0.335158109664917, 0.33424049615859985, 0.3362025320529938, 0.3353285491466522, 0.33649659156799316, 0.33876410126686096, 0.33888304233551025, 0.3393858075141907, 0.33766597509384155, 0.33871009945869446, 0.33926743268966675, 0.3400873839855194, 0.34100502729415894, 0.34165629744529724, 0.3410361111164093, 0.34134888648986816, 0.3423554599285126, 0.3422236740589142, 0.3430567979812622, 0.3437029719352722, 0.34270069003105164, 0.34412044286727905, 0.3431794047355652]",33.0,"[33.0, 33.0, 33.0, 33.0, 33.0, 33.0, 33.0, 33.0, 33.0, 33.0, 33.0, 33.0, 33.0, 33.0, 33.0, 33.0, 33.0, 33.0, 33.0, 33.0, 33.0, 33.0, 33.0, 33.0, 33.0, 33.0, 33.0, 33.0, 33.0, 33.0, 33.0, 33.0, 33.0, 33.0, 33.0, 33.0, 33.0, 33.0, 33.0, 33.0, 33.0, 33.0, 33.0, 33.0, 33.0, 33.0, 33.0, 33.0, 33.0, 33.0, 33.0, 33.0, 33.0, 33.0, 33.0, 33.0, 33.0, 33.0, 33.0, 33.0, 33.0, 33.0, 33.0, 33.0, 33.0, 33.0, 33.0, 33.0, 33.0, 33.0, 33.0, 33.0, 33.0, 33.0, 33.0, 33.0, 33.0, 33.0, 33.0, 33.0, 33.0, 33.0, 33.0, 33.0, 33.0, 33.0, 33.0, 33.0, 33.0, 33.0, 33.0, 33.0, 33.0, 33.0, 33.0, 33.0, 33.0, 33.0, 33.0, 33.0, 33.0, 33.0, 33.0, 33.0, 33.0, 33.0, 33.0, 33.0, 33.0, 33.0, 33.0, 33.0, 33.0, 33.0, 33.0, 33.0, 33.0, 33.0, 33.0, 33.0, 33.0, 33.0, 33.0, 33.0, 33.0, 33.0, 33.0, 33.0, 33.0, 33.0, 33.0, 33.0, 33.0, 33.0, 33.0, 33.0, 33.0, 33.0, 33.0, 33.0, 33.0, 33.0, 33.0, 33.0, 33.0, 33.0, 33.0, 33.0, 33.0, 33.0, 33.0, 33.0, 33.0, 33.0, 33.0, 33.0, 33.0, 33.0, 33.0, 33.0, 33.0, 33.0, 33.0, 33.0, 33.0, 33.0, 33.0, 33.0, 33.0, 33.0, 33.0, 33.0, 33.0, 33.0, 33.0, 33.0, 33.0, 33.0, 33.0, 33.0, 33.0, 33.0, 33.0, 33.0, 33.0, 33.0, 33.0, 33.0, 33.0, 33.0, 33.0, 33.0, 33.0, 33.0, 33.0, 33.0, 33.0, 33.0, 33.0, 33.0, 33.0, 33.0, 33.0, 33.0, 33.0, 33.0, 33.0, 33.0, 33.0, 33.0, 33.0, 33.0, 33.0, 33.0, 33.0, 33.0, 33.0, 33.0, 33.0, 33.0, 33.0, 33.0, 33.0, 33.0, 33.0, 33.0, 33.0, 33.0, 33.0, 33.0, 33.0, 33.0, 33.0, 33.0, 33.0, 33.0, 33.0, 33.0, 33.0, 33.0, 33.0, 33.0, 33.0, 33.0, 33.0, 33.0, 33.0, 33.0, 33.0, 33.0, 33.0, 33.0, 33.0, 33.0, 33.0, 33.0, 33.0, 33.0, 33.0, 33.0, 33.0, 33.0, 33.0, 33.0, 33.0, 33.0, 33.0, 33.0, 33.0, 33.0, 33.0, 33.0, 33.0, 33.0, 33.0, 33.0, 33.0, 33.0, 33.0, 33.0, 33.0, 33.0, 33.0, 33.0, 33.0, 33.0, 33.0, 33.0, 33.0, 33.0, 33.0, 33.0, 33.0, 33.0, 33.0, 33.0, 33.0, 33.0, 33.0, 33.0, 33.0, 33.0, 33.0, 33.0, 33.0, 33.0, 33.0, 33.0, 33.0, 33.0, 33.0, 33.0, 33.0, 33.0, 33.0, 33.0, 33.0, 33.0, 33.0, 33.0]",COMPLETE
