,number,value,datetime_start,datetime_complete,duration,params_batch_size_scaler,params_constant_learning_rate,params_depth,params_epochs,params_kernel_l2,params_num_trees,params_temperature,user_attrs_accuracy_test,user_attrs_accuracy_valid,user_attrs_approximate_feature_sparsity,user_attrs_approximate_feature_sparsity_history,user_attrs_approximate_weight_sparsity,user_attrs_approximate_weight_sparsity_history,user_attrs_auc_test,user_attrs_auc_valid,user_attrs_feature_sparsity,user_attrs_feature_sparsity_history,user_attrs_num_epochs,user_attrs_val_loss_history,user_attrs_weight_sparsity,user_attrs_weight_sparsity_history,state
74,74,0.8926846234107508,2024-08-31 03:44:00.150154,2024-08-31 03:44:19.130453,0 days 00:00:18.980299,64,0.3762774879123328,3,145,0.025688254455889972,33,0.0018974326345394476,0.897,0.89375,32,"[33, 33, 33, 33, 33, 33, 33, 33, 33, 33, 33, 33, 33, 33, 33, 33, 33, 33, 33, 33, 33, 33, 33, 33, 33, 33, 33, 33, 33, 33, 33, 33, 33, 33, 33, 33, 33, 33, 33, 33, 33, 33, 33, 33, 33, 33, 33, 33, 33, 33, 33, 33, 33, 33, 33, 33, 33, 33, 33, 33, 33, 33, 33, 33, 33, 33, 33, 33, 33, 33, 33, 33, 33, 33, 33, 33, 33, 33, 33, 33, 33, 33, 33, 33, 33, 33, 33, 33, 33, 33, 33, 33, 33, 33, 33, 33, 33, 33, 33, 33, 33, 33, 33, 33, 33, 33, 33, 33, 33, 33, 33, 33, 33, 33, 33, 33, 33, 33, 33, 33, 33, 33, 33, 33, 33, 33, 33, 33, 33, 33, 33, 33, 33, 33, 33, 33, 33, 33, 33, 33, 33, 32, 32, 32, 32]",31.98701298701299,"[32.98701298701299, 32.98701298701299, 32.97402597402598, 32.99134199134199, 32.98268398268398, 32.98268398268398, 32.98268398268398, 32.97835497835498, 32.97402597402598, 32.98268398268398, 32.95670995670996, 32.98701298701299, 32.98701298701299, 32.99134199134199, 32.99567099567099, 32.969696969696976, 32.97835497835498, 32.96969696969697, 32.99134199134199, 32.97835497835498, 32.99134199134199, 33.0, 32.98701298701299, 32.97835497835498, 32.98268398268398, 32.99567099567099, 32.98701298701299, 32.98701298701299, 32.97402597402598, 32.97835497835498, 32.99567099567099, 32.98701298701299, 32.98701298701299, 32.98701298701299, 32.97835497835498, 32.98268398268399, 32.95670995670996, 32.97402597402598, 32.96103896103896, 32.96969696969697, 32.96969696969697, 32.97835497835498, 32.95670995670996, 32.98268398268398, 32.97402597402598, 32.97402597402598, 32.97835497835498, 32.961038961038966, 32.97402597402598, 32.95670995670996, 32.96536796536797, 32.97835497835498, 32.97402597402598, 32.97402597402598, 32.98701298701299, 32.97402597402598, 32.97835497835498, 32.97402597402598, 32.97402597402598, 32.99134199134199, 32.98268398268398, 32.96969696969697, 32.97835497835498, 32.98268398268398, 32.98268398268398, 32.97402597402598, 32.97402597402598, 32.97835497835498, 32.97402597402598, 32.96536796536797, 32.97835497835498, 32.97835497835498, 32.98268398268398, 32.99567099567099, 32.98268398268398, 32.98268398268398, 32.97835497835498, 32.97835497835498, 32.98701298701299, 32.98268398268398, 32.98701298701299, 32.97835497835498, 32.97835497835498, 32.98268398268398, 32.97835497835498, 32.98268398268398, 32.97402597402598, 32.98701298701299, 32.97402597402598, 32.96969696969697, 32.97402597402598, 32.96536796536797, 32.98701298701299, 32.98268398268398, 32.97402597402598, 32.96969696969697, 32.96536796536797, 32.96969696969697, 32.96536796536797, 32.98701298701299, 32.961038961038966, 32.97402597402598, 32.97402597402598, 32.98268398268399, 32.97402597402598, 32.96969696969697, 32.96103896103896, 32.96969696969697, 32.95238095238095, 32.948051948051955, 32.95670995670996, 32.98268398268398, 32.961038961038966, 32.97835497835498, 32.96969696969697, 32.96103896103896, 32.97835497835498, 32.97835497835498, 32.97835497835498, 32.961038961038966, 32.99134199134199, 32.96969696969697, 32.98701298701299, 32.97835497835498, 32.97835497835498, 32.97402597402598, 32.96536796536797, 32.97402597402598, 32.98268398268398, 32.96969696969697, 32.96969696969697, 32.97835497835498, 32.961038961038966, 32.96969696969697, 32.961038961038966, 32.961038961038966, 32.96536796536797, 32.961038961038966, 32.98268398268398, 32.96536796536797, 32.96969696969697, 31.969696969696972, 31.965367965367967, 31.97835497835498, 31.98701298701299]",0.8775914596388676,0.8926846234107508,32,"[33, 33, 33, 33, 33, 33, 33, 33, 33, 33, 33, 33, 33, 33, 33, 33, 33, 33, 33, 33, 33, 33, 33, 33, 33, 33, 33, 33, 33, 33, 33, 33, 33, 33, 33, 33, 33, 33, 33, 33, 33, 33, 33, 33, 33, 33, 33, 33, 33, 33, 33, 33, 33, 33, 33, 33, 33, 33, 33, 33, 33, 33, 33, 33, 33, 33, 33, 33, 33, 33, 33, 33, 33, 33, 33, 33, 33, 33, 33, 33, 33, 33, 33, 33, 33, 33, 33, 33, 33, 33, 33, 33, 33, 33, 33, 33, 33, 33, 33, 33, 33, 33, 33, 33, 33, 33, 33, 33, 33, 33, 33, 33, 33, 33, 33, 33, 33, 33, 33, 33, 33, 33, 33, 33, 33, 33, 33, 33, 33, 33, 33, 33, 33, 33, 33, 33, 33, 33, 33, 33, 33, 32, 32, 32, 32]",145,"[0.40156668424606323, 0.3973553776741028, 0.39400753378868103, 0.3893299102783203, 0.38629916310310364, 0.38404932618141174, 0.38237693905830383, 0.3811984658241272, 0.37973707914352417, 0.37829944491386414, 0.3772716820240021, 0.3763669729232788, 0.3750409185886383, 0.37468060851097107, 0.37427571415901184, 0.3729323446750641, 0.37163907289505005, 0.3713819086551666, 0.36949270963668823, 0.37118780612945557, 0.36775171756744385, 0.3693141043186188, 0.3659571707248688, 0.364577978849411, 0.363923579454422, 0.3635083734989166, 0.3629957437515259, 0.3618706464767456, 0.361326664686203, 0.3635123372077942, 0.3589567244052887, 0.35817188024520874, 0.3577280342578888, 0.3578779697418213, 0.35512101650238037, 0.3547101616859436, 0.3529440760612488, 0.3522768020629883, 0.35193514823913574, 0.35090020298957825, 0.3494724631309509, 0.34941691160202026, 0.3489476442337036, 0.3494458496570587, 0.3492867350578308, 0.34533369541168213, 0.3502921164035797, 0.34417346119880676, 0.34414082765579224, 0.34235236048698425, 0.34143900871276855, 0.3404996991157532, 0.3394293487071991, 0.33840447664260864, 0.3375644385814667, 0.3364880681037903, 0.3385011553764343, 0.3350386321544647, 0.3343401849269867, 0.3337951600551605, 0.3354696035385132, 0.33283665776252747, 0.33148375153541565, 0.33040371537208557, 0.33009201288223267, 0.32774025201797485, 0.32660937309265137, 0.32686278223991394, 0.32386189699172974, 0.3229638636112213, 0.3218509256839752, 0.31996139883995056, 0.3187769949436188, 0.3179125189781189, 0.3174181282520294, 0.3159940838813782, 0.3146643340587616, 0.31527283787727356, 0.31382694840431213, 0.3148876130580902, 0.3117201328277588, 0.3109285235404968, 0.31076231598854065, 0.3104565739631653, 0.30835360288619995, 0.3071456849575043, 0.3069087266921997, 0.3051672577857971, 0.30447447299957275, 0.30321791768074036, 0.3029119670391083, 0.3016359210014343, 0.2996585965156555, 0.30085328221321106, 0.30103200674057007, 0.2980497181415558, 0.29755449295043945, 0.29439592361450195, 0.2935217618942261, 0.2924642562866211, 0.29179254174232483, 0.29131531715393066, 0.2904016971588135, 0.2888261675834656, 0.28810611367225647, 0.28683921694755554, 0.2853688895702362, 0.2846152186393738, 0.28351840376853943, 0.28372058272361755, 0.28400880098342896, 0.2826717793941498, 0.28241536021232605, 0.2806198298931122, 0.27958717942237854, 0.2793399393558502, 0.279014527797699, 0.2777382433414459, 0.27767762541770935, 0.27668267488479614, 0.27602195739746094, 0.2753196060657501, 0.27594244480133057, 0.2741146683692932, 0.2731534540653229, 0.273266464471817, 0.2727014422416687, 0.272243469953537, 0.27078303694725037, 0.26966431736946106, 0.26962336897850037, 0.2696361243724823, 0.270431786775589, 0.2670547664165497, 0.26733988523483276, 0.26747778058052063, 0.2667195200920105, 0.26630836725234985, 0.2666766047477722, 0.26378029584884644, 0.2644134759902954, 0.2625492215156555, 0.26132261753082275, 0.2606496810913086, 0.2606878876686096]",32.0,"[33.0, 33.0, 33.0, 33.0, 33.0, 33.0, 33.0, 33.0, 33.0, 33.0, 33.0, 33.0, 33.0, 33.0, 33.0, 33.0, 33.0, 33.0, 33.0, 33.0, 33.0, 33.0, 33.0, 33.0, 33.0, 33.0, 33.0, 33.0, 33.0, 33.0, 33.0, 33.0, 33.0, 33.0, 33.0, 33.0, 33.0, 33.0, 33.0, 33.0, 33.0, 33.0, 33.0, 33.0, 33.0, 33.0, 33.0, 33.0, 33.0, 33.0, 33.0, 33.0, 33.0, 33.0, 33.0, 33.0, 33.0, 33.0, 33.0, 33.0, 33.0, 33.0, 33.0, 33.0, 33.0, 33.0, 33.0, 33.0, 33.0, 33.0, 33.0, 33.0, 33.0, 33.0, 33.0, 33.0, 33.0, 33.0, 33.0, 33.0, 33.0, 33.0, 33.0, 33.0, 33.0, 33.0, 33.0, 33.0, 33.0, 33.0, 33.0, 33.0, 33.0, 33.0, 33.0, 33.0, 33.0, 33.0, 33.0, 33.0, 33.0, 33.0, 33.0, 33.0, 33.0, 33.0, 33.0, 33.0, 33.0, 33.0, 33.0, 33.0, 33.0, 33.0, 33.0, 33.0, 33.0, 33.0, 33.0, 33.0, 33.0, 33.0, 33.0, 33.0, 33.0, 33.0, 33.0, 33.0, 33.0, 33.0, 33.0, 33.0, 33.0, 33.0, 33.0, 33.0, 33.0, 33.0, 33.0, 33.0, 33.0, 32.0, 32.0, 32.0, 32.0]",COMPLETE
75,75,0.6978655434040526,2024-08-31 03:44:19.134963,2024-08-31 03:45:14.182410,0 days 00:00:55.047447,64,0.03368099166238481,5,195,0.016280544644600603,32,0.00012997952315675244,0.859,0.85875,33,"[33, 33, 33, 33, 33, 33, 33, 33, 33, 33, 33, 33, 33, 33, 33, 33, 33, 33, 33, 33, 33, 33, 33, 33, 33, 33, 33, 33, 33, 33, 33, 33, 33, 33, 33, 33, 33, 33, 33, 33, 33, 33, 33, 33, 33, 33, 33, 33, 33, 33, 33, 33, 33, 33, 33, 33, 33, 33, 33, 33, 33, 33, 33, 33, 33, 33, 33, 33, 33, 33, 33, 33, 33, 33, 33, 33, 33, 33, 33, 33, 33, 33, 33, 33, 33, 33, 33, 33, 33, 33, 33, 33, 33, 33, 33, 33, 33, 33, 33, 33, 33, 33, 33, 33, 33, 33, 33, 33, 33, 33, 33, 33, 33, 33, 33, 33, 33, 33, 33, 33, 33, 33, 33, 33, 33, 33, 33, 33, 33, 33, 33, 33, 33, 33, 33, 33, 33, 33, 33, 33, 33, 33, 33, 33, 33, 33, 33, 33, 33, 33, 33, 33, 33, 33, 33, 33, 33, 33, 33, 33, 33, 33, 33, 33, 33, 33, 33, 33, 33, 33, 33, 33, 33, 33, 33, 33, 33, 33, 33, 33, 33, 33, 33, 33, 33, 33, 33, 33, 33, 33, 33, 33, 33, 33, 33]",32.95060483870967,"[32.96068548387097, 32.96068548387097, 32.952620967741936, 32.95564516129032, 32.956653225806456, 32.94959677419355, 32.94052419354839, 32.93850806451613, 32.939516129032256, 32.943548387096776, 32.94959677419355, 32.953629032258064, 32.95161290322581, 32.94858870967742, 32.95060483870968, 32.95060483870968, 32.95060483870968, 32.94758064516129, 32.94254032258065, 32.947580645161295, 32.947580645161295, 32.947580645161295, 32.95060483870968, 32.95060483870968, 32.94657258064516, 32.94758064516129, 32.94657258064516, 32.952620967741936, 32.94959677419355, 32.94858870967742, 32.95161290322581, 32.952620967741936, 32.95060483870968, 32.95161290322581, 32.94657258064516, 32.94153225806452, 32.944556451612904, 32.94657258064516, 32.948588709677416, 32.95161290322581, 32.95564516129032, 32.952620967741936, 32.95161290322581, 32.95463709677419, 32.95463709677419, 32.952620967741936, 32.95060483870968, 32.94959677419355, 32.94959677419355, 32.94959677419355, 32.947580645161295, 32.94758064516129, 32.94556451612903, 32.94657258064516, 32.94556451612903, 32.94657258064516, 32.947580645161295, 32.944556451612904, 32.947580645161295, 32.94959677419355, 32.952620967741936, 32.95463709677419, 32.953629032258064, 32.953629032258064, 32.953629032258064, 32.95161290322581, 32.95463709677419, 32.957661290322584, 32.956653225806456, 32.95564516129032, 32.95866935483871, 32.96068548387097, 32.95967741935484, 32.962701612903224, 32.961693548387096, 32.961693548387096, 32.962701612903224, 32.962701612903224, 32.96471774193549, 32.965725806451616, 32.965725806451616, 32.965725806451616, 32.965725806451616, 32.961693548387096, 32.962701612903224, 32.961693548387096, 32.962701612903224, 32.95967741935484, 32.956653225806456, 32.956653225806456, 32.953629032258064, 32.952620967741936, 32.95665322580645, 32.95665322580645, 32.95463709677419, 32.95564516129033, 32.94959677419355, 32.953629032258064, 32.953629032258064, 32.952620967741936, 32.952620967741936, 32.952620967741936, 32.953629032258064, 32.957661290322584, 32.9546370967742, 32.9546370967742, 32.952620967741936, 32.95463709677419, 32.953629032258064, 32.95665322580645, 32.952620967741936, 32.95665322580645, 32.957661290322584, 32.956653225806456, 32.957661290322584, 32.95463709677419, 32.957661290322584, 32.9546370967742, 32.95362903225807, 32.95564516129033, 32.957661290322584, 32.95967741935484, 32.95866935483871, 32.957661290322584, 32.9546370967742, 32.95564516129033, 32.9546370967742, 32.953629032258064, 32.956653225806456, 32.95463709677419, 32.9546370967742, 32.95463709677419, 32.952620967741936, 32.952620967741936, 32.95060483870968, 32.952620967741936, 32.952620967741936, 32.952620967741936, 32.95161290322581, 32.95463709677419, 32.953629032258064, 32.95564516129033, 32.956653225806456, 32.95161290322581, 32.94959677419355, 32.95161290322581, 32.953629032258064, 32.95463709677419, 32.95866935483871, 32.95866935483871, 32.956653225806456, 32.957661290322584, 32.953629032258064, 32.953629032258064, 32.95161290322581, 32.952620967741936, 32.952620967741936, 32.95463709677419, 32.952620967741936, 32.952620967741936, 32.95161290322581, 32.953629032258064, 32.952620967741936, 32.95060483870968, 32.953629032258064, 32.95564516129032, 32.95564516129032, 32.956653225806456, 32.953629032258064, 32.95362903225807, 32.95161290322581, 32.952620967741936, 32.953629032258064, 32.95161290322581, 32.94657258064517, 32.94959677419355, 32.95060483870968, 32.95161290322581, 32.952620967741936, 32.953629032258064, 32.95463709677419, 32.95463709677419, 32.94858870967742, 32.95060483870967, 32.95060483870968, 32.952620967741936, 32.94959677419355, 32.95060483870967, 32.949596774193544, 32.948588709677416, 32.94556451612903, 32.94556451612903, 32.95161290322581, 32.94758064516129, 32.95060483870967]",0.737885880827946,0.6978655434040526,33,"[33, 33, 33, 33, 33, 33, 33, 33, 33, 33, 33, 33, 33, 33, 33, 33, 33, 33, 33, 33, 33, 33, 33, 33, 33, 33, 33, 33, 33, 33, 33, 33, 33, 33, 33, 33, 33, 33, 33, 33, 33, 33, 33, 33, 33, 33, 33, 33, 33, 33, 33, 33, 33, 33, 33, 33, 33, 33, 33, 33, 33, 33, 33, 33, 33, 33, 33, 33, 33, 33, 33, 33, 33, 33, 33, 33, 33, 33, 33, 33, 33, 33, 33, 33, 33, 33, 33, 33, 33, 33, 33, 33, 33, 33, 33, 33, 33, 33, 33, 33, 33, 33, 33, 33, 33, 33, 33, 33, 33, 33, 33, 33, 33, 33, 33, 33, 33, 33, 33, 33, 33, 33, 33, 33, 33, 33, 33, 33, 33, 33, 33, 33, 33, 33, 33, 33, 33, 33, 33, 33, 33, 33, 33, 33, 33, 33, 33, 33, 33, 33, 33, 33, 33, 33, 33, 33, 33, 33, 33, 33, 33, 33, 33, 33, 33, 33, 33, 33, 33, 33, 33, 33, 33, 33, 33, 33, 33, 33, 33, 33, 33, 33, 33, 33, 33, 33, 33, 33, 33, 33, 33, 33, 33, 33, 33]",195,"[0.5922523140907288, 0.5684066414833069, 0.548324465751648, 0.5303335785865784, 0.514857292175293, 0.5013433694839478, 0.4895974099636078, 0.479746013879776, 0.47131669521331787, 0.46419084072113037, 0.45749416947364807, 0.45145583152770996, 0.4454047381877899, 0.44033700227737427, 0.43602368235588074, 0.43220415711402893, 0.42909911274909973, 0.4260340631008148, 0.4233161509037018, 0.4207214415073395, 0.4188438057899475, 0.41699665784835815, 0.4150865972042084, 0.4134579598903656, 0.412098228931427, 0.41083240509033203, 0.4095408618450165, 0.4084491729736328, 0.4072178602218628, 0.40606406331062317, 0.4052647650241852, 0.40440478920936584, 0.403489887714386, 0.40273499488830566, 0.40199244022369385, 0.4012739062309265, 0.4006923735141754, 0.40002328157424927, 0.3996095657348633, 0.39898812770843506, 0.398499459028244, 0.39802342653274536, 0.39760902523994446, 0.39735257625579834, 0.3969699740409851, 0.3966200351715088, 0.396195650100708, 0.3957589864730835, 0.39535626769065857, 0.39499369263648987, 0.3946782052516937, 0.39435824751853943, 0.394063800573349, 0.3937922716140747, 0.39353615045547485, 0.3932655453681946, 0.3930363953113556, 0.39279311895370483, 0.3925793766975403, 0.3923218846321106, 0.39212965965270996, 0.3919249475002289, 0.3917674124240875, 0.3915671408176422, 0.3913230895996094, 0.3911338448524475, 0.3909061551094055, 0.390674352645874, 0.39051201939582825, 0.3903557062149048, 0.39015787839889526, 0.38999035954475403, 0.3898247182369232, 0.3896477222442627, 0.38945019245147705, 0.38925638794898987, 0.3890646994113922, 0.38890543580055237, 0.3887673616409302, 0.3886513411998749, 0.3884539008140564, 0.3882906436920166, 0.3881356120109558, 0.38798344135284424, 0.3877875506877899, 0.3876376450061798, 0.38745924830436707, 0.3873007893562317, 0.38715803623199463, 0.3870046138763428, 0.3868516981601715, 0.38670626282691956, 0.38657456636428833, 0.38644513487815857, 0.38627859950065613, 0.3861290216445923, 0.3859901428222656, 0.38585612177848816, 0.38572028279304504, 0.38557395339012146, 0.38545840978622437, 0.38530081510543823, 0.38516539335250854, 0.38505250215530396, 0.3849376440048218, 0.38480496406555176, 0.3846808671951294, 0.3845464587211609, 0.38441312313079834, 0.3842964172363281, 0.38417336344718933, 0.3840378522872925, 0.3839077353477478, 0.3838095963001251, 0.38368356227874756, 0.38354092836380005, 0.3834109604358673, 0.38328537344932556, 0.3831898868083954, 0.38307440280914307, 0.38294875621795654, 0.3828377425670624, 0.3827105760574341, 0.38259419798851013, 0.38249292969703674, 0.3823999762535095, 0.3822978734970093, 0.38218608498573303, 0.3820608854293823, 0.3819334805011749, 0.38183966279029846, 0.38171273469924927, 0.38159483671188354, 0.3814880847930908, 0.3813668191432953, 0.3812570571899414, 0.3811662793159485, 0.381064236164093, 0.3809763789176941, 0.38086214661598206, 0.38075292110443115, 0.38063251972198486, 0.38052868843078613, 0.38045060634613037, 0.3803442418575287, 0.38022980093955994, 0.38013550639152527, 0.3800373077392578, 0.37993693351745605, 0.37985408306121826, 0.37975484132766724, 0.3796756863594055, 0.3795967996120453, 0.37950587272644043, 0.3794088661670685, 0.37934547662734985, 0.3792217969894409, 0.37911659479141235, 0.3790303170681, 0.378930926322937, 0.3788193166255951, 0.37871360778808594, 0.3786132037639618, 0.37854063510894775, 0.37845805287361145, 0.3783620595932007, 0.3782620131969452, 0.3781578540802002, 0.3780807554721832, 0.3780116140842438, 0.3779410421848297, 0.37785470485687256, 0.377746045589447, 0.3776571750640869, 0.37756720185279846, 0.3774990439414978, 0.3774278163909912, 0.37731847167015076, 0.37725943326950073, 0.3771652579307556, 0.37708336114883423, 0.377002477645874, 0.3769020736217499, 0.37683483958244324, 0.37673962116241455, 0.3766544461250305, 0.3765505850315094, 0.3764694333076477, 0.3763902187347412, 0.3763082027435303, 0.37625858187675476, 0.3761761784553528, 0.3760813772678375, 0.37599438428878784, 0.3759101629257202]",33.0,"[33.0, 33.0, 33.0, 33.0, 33.0, 33.0, 33.0, 33.0, 33.0, 33.0, 33.0, 33.0, 33.0, 33.0, 33.0, 33.0, 33.0, 33.0, 33.0, 33.0, 33.0, 33.0, 33.0, 33.0, 33.0, 33.0, 33.0, 33.0, 33.0, 33.0, 33.0, 33.0, 33.0, 33.0, 33.0, 33.0, 33.0, 33.0, 33.0, 33.0, 33.0, 33.0, 33.0, 33.0, 33.0, 33.0, 33.0, 33.0, 33.0, 33.0, 33.0, 33.0, 33.0, 33.0, 33.0, 33.0, 33.0, 33.0, 33.0, 33.0, 33.0, 33.0, 33.0, 33.0, 33.0, 33.0, 33.0, 33.0, 33.0, 33.0, 33.0, 33.0, 33.0, 33.0, 33.0, 33.0, 33.0, 33.0, 33.0, 33.0, 33.0, 33.0, 33.0, 33.0, 33.0, 33.0, 33.0, 33.0, 33.0, 33.0, 33.0, 33.0, 33.0, 33.0, 33.0, 33.0, 33.0, 33.0, 33.0, 33.0, 33.0, 33.0, 33.0, 33.0, 33.0, 33.0, 33.0, 33.0, 33.0, 33.0, 33.0, 33.0, 33.0, 33.0, 33.0, 33.0, 33.0, 33.0, 33.0, 33.0, 33.0, 33.0, 33.0, 33.0, 33.0, 33.0, 33.0, 33.0, 33.0, 33.0, 33.0, 33.0, 33.0, 33.0, 33.0, 33.0, 33.0, 33.0, 33.0, 33.0, 33.0, 33.0, 33.0, 33.0, 33.0, 33.0, 33.0, 33.0, 33.0, 33.0, 33.0, 33.0, 33.0, 33.0, 33.0, 33.0, 33.0, 33.0, 33.0, 33.0, 33.0, 33.0, 33.0, 33.0, 33.0, 33.0, 33.0, 33.0, 33.0, 33.0, 33.0, 33.0, 33.0, 33.0, 33.0, 33.0, 33.0, 33.0, 33.0, 33.0, 33.0, 33.0, 33.0, 33.0, 33.0, 33.0, 33.0, 33.0, 33.0, 33.0, 33.0, 33.0, 33.0, 33.0, 33.0]",COMPLETE
