,number,value,datetime_start,datetime_complete,duration,params_batch_size_scaler,params_constant_learning_rate,params_depth,params_epochs,params_kernel_l2,params_num_trees,params_temperature,user_attrs_accuracy_test,user_attrs_accuracy_valid,user_attrs_approximate_feature_sparsity,user_attrs_approximate_feature_sparsity_history,user_attrs_approximate_weight_sparsity,user_attrs_approximate_weight_sparsity_history,user_attrs_auc_test,user_attrs_auc_valid,user_attrs_feature_sparsity,user_attrs_feature_sparsity_history,user_attrs_num_epochs,user_attrs_val_loss_history,user_attrs_weight_sparsity,user_attrs_weight_sparsity_history,state
112,112,0.9142739369581739,2024-08-31 05:22:11.255514,2024-08-31 05:22:46.306348,0 days 00:00:35.050834,4,0.04037718870843302,1,200,0.03345194704919229,33,0.09635878880393313,0.917,0.92,25,"[33, 33, 33, 33, 33, 33, 33, 33, 33, 33, 33, 33, 33, 33, 33, 33, 33, 33, 33, 33, 33, 33, 33, 33, 33, 33, 33, 33, 33, 33, 33, 33, 33, 33, 33, 33, 33, 33, 33, 33, 33, 33, 33, 33, 33, 33, 33, 33, 33, 33, 33, 33, 33, 33, 33, 33, 33, 33, 33, 33, 33, 33, 33, 33, 33, 33, 33, 33, 33, 33, 33, 33, 33, 33, 33, 33, 33, 33, 33, 33, 33, 33, 33, 33, 33, 33, 33, 33, 33, 33, 33, 33, 33, 33, 33, 33, 33, 33, 33, 33, 33, 33, 33, 33, 33, 33, 33, 33, 33, 33, 33, 33, 33, 33, 33, 33, 33, 33, 33, 33, 33, 33, 33, 33, 33, 33, 33, 33, 33, 33, 33, 33, 33, 33, 33, 33, 33, 33, 33, 33, 33, 33, 33, 33, 33, 33, 33, 33, 33, 33, 33, 33, 33, 33, 33, 33, 33, 33, 33, 32, 32, 32, 32, 31, 30, 30, 30, 30, 30, 30, 30, 30, 30, 30, 30, 30, 30, 30, 29, 29, 28, 28, 28, 27, 27, 27, 27, 27, 27, 26, 26, 26, 26, 26, 26, 26, 26, 26, 26, 25]",24.96969696969697,"[32.96969696969697, 33.0, 32.96969696969697, 33.0, 33.0, 32.96969696969697, 33.0, 33.0, 32.96969696969697, 32.96969696969697, 32.96969696969697, 33.0, 33.0, 33.0, 33.0, 33.0, 33.0, 33.0, 33.0, 33.0, 33.0, 32.96969696969697, 33.0, 33.0, 33.0, 33.0, 33.0, 33.0, 33.0, 33.0, 33.0, 33.0, 33.0, 33.0, 33.0, 33.0, 33.0, 33.0, 33.0, 33.0, 33.0, 33.0, 33.0, 33.0, 32.96969696969697, 32.93939393939394, 33.0, 32.96969696969697, 33.0, 33.0, 32.96969696969697, 32.96969696969697, 32.96969696969697, 33.0, 33.0, 33.0, 33.0, 32.96969696969697, 33.0, 32.96969696969697, 33.0, 33.0, 33.0, 33.0, 33.0, 33.0, 32.96969696969697, 33.0, 32.96969696969697, 33.0, 33.0, 32.96969696969697, 33.0, 33.0, 32.96969696969697, 33.0, 33.0, 33.0, 32.96969696969697, 32.96969696969697, 32.93939393939394, 32.96969696969697, 32.96969696969697, 32.96969696969697, 32.96969696969697, 32.96969696969697, 32.96969696969697, 32.93939393939394, 32.96969696969697, 33.0, 33.0, 33.0, 33.0, 33.0, 33.0, 32.96969696969697, 32.96969696969697, 32.96969696969697, 32.96969696969697, 32.96969696969697, 32.96969696969697, 32.96969696969697, 33.0, 33.0, 33.0, 33.0, 33.0, 32.96969696969697, 33.0, 33.0, 33.0, 33.0, 33.0, 33.0, 33.0, 33.0, 33.0, 33.0, 33.0, 32.96969696969697, 33.0, 32.96969696969697, 33.0, 33.0, 33.0, 32.93939393939394, 32.96969696969697, 32.93939393939394, 32.96969696969697, 32.96969696969697, 32.90909090909091, 32.93939393939394, 33.0, 33.0, 32.93939393939394, 32.96969696969697, 33.0, 33.0, 32.96969696969697, 33.0, 32.96969696969697, 33.0, 33.0, 32.96969696969697, 33.0, 32.96969696969697, 33.0, 33.0, 33.0, 33.0, 33.0, 33.0, 33.0, 33.0, 32.96969696969697, 32.93939393939394, 33.0, 33.0, 33.0, 32.0, 32.0, 31.96969696969697, 31.96969696969697, 31.0, 30.0, 30.0, 30.0, 29.909090909090907, 29.96969696969697, 29.96969696969697, 29.96969696969697, 30.0, 30.0, 29.96969696969697, 30.0, 30.0, 30.0, 29.96969696969697, 28.96969696969697, 29.0, 28.0, 28.0, 28.0, 27.0, 26.96969696969697, 26.96969696969697, 27.0, 26.96969696969697, 26.96969696969697, 26.0, 26.0, 26.0, 26.0, 25.96969696969697, 26.0, 26.0, 26.0, 26.0, 25.939393939393938, 24.96969696969697]",0.9009321411174134,0.9142739369581739,25,"[33, 33, 33, 33, 33, 33, 33, 33, 33, 33, 33, 33, 33, 33, 33, 33, 33, 33, 33, 33, 33, 33, 33, 33, 33, 33, 33, 33, 33, 33, 33, 33, 33, 33, 33, 33, 33, 33, 33, 33, 33, 33, 33, 33, 33, 33, 33, 33, 33, 33, 33, 33, 33, 33, 33, 33, 33, 33, 33, 33, 33, 33, 33, 33, 33, 33, 33, 33, 33, 33, 33, 33, 33, 33, 33, 33, 33, 33, 33, 33, 33, 33, 33, 33, 33, 33, 33, 33, 33, 33, 33, 33, 33, 33, 33, 33, 33, 33, 33, 33, 33, 33, 33, 33, 33, 33, 33, 33, 33, 33, 33, 33, 33, 33, 33, 33, 33, 33, 33, 33, 33, 33, 33, 33, 33, 33, 33, 33, 33, 33, 33, 33, 33, 33, 33, 33, 33, 33, 33, 33, 33, 33, 33, 33, 33, 33, 33, 33, 33, 33, 33, 33, 33, 33, 33, 33, 33, 33, 33, 32, 32, 32, 32, 31, 30, 30, 30, 30, 30, 30, 30, 30, 30, 30, 30, 30, 30, 30, 29, 29, 28, 28, 28, 27, 27, 27, 27, 27, 27, 26, 26, 26, 26, 26, 26, 26, 26, 26, 26, 25]",200,"[0.4354647099971771, 0.4211012125015259, 0.4129748046398163, 0.40847694873809814, 0.40360233187675476, 0.4000452160835266, 0.3974609673023224, 0.3953237533569336, 0.3936500549316406, 0.3925912380218506, 0.39180806279182434, 0.38854193687438965, 0.3866919279098511, 0.3850407004356384, 0.3838736414909363, 0.3825574815273285, 0.38032230734825134, 0.3790849447250366, 0.3776799738407135, 0.3764152526855469, 0.3761686384677887, 0.3732107877731323, 0.37173736095428467, 0.37068286538124084, 0.3700401186943054, 0.3683006763458252, 0.3687577545642853, 0.3657163381576538, 0.3679271936416626, 0.3635990023612976, 0.3643518388271332, 0.36175090074539185, 0.3607442080974579, 0.35956448316574097, 0.35836851596832275, 0.3606443405151367, 0.3566840887069702, 0.3561646342277527, 0.3549378514289856, 0.3552486002445221, 0.35357752442359924, 0.35439586639404297, 0.35187390446662903, 0.3518960475921631, 0.35050278902053833, 0.3532870411872864, 0.3491246700286865, 0.3480653464794159, 0.347586452960968, 0.3467622697353363, 0.34617096185684204, 0.3471871316432953, 0.3455202579498291, 0.3446146845817566, 0.34427937865257263, 0.34361836314201355, 0.34313294291496277, 0.34213221073150635, 0.34194180369377136, 0.34120282530784607, 0.34026268124580383, 0.34032028913497925, 0.3399462401866913, 0.3409672975540161, 0.33817970752716064, 0.33743342757225037, 0.3370843529701233, 0.3362187147140503, 0.33580833673477173, 0.3355587422847748, 0.3342543840408325, 0.3336612284183502, 0.3341948688030243, 0.332958459854126, 0.3318268060684204, 0.33093202114105225, 0.33157604932785034, 0.32966193556785583, 0.3289376497268677, 0.3281002342700958, 0.3269653618335724, 0.32645249366760254, 0.32481229305267334, 0.3239099979400635, 0.32258686423301697, 0.3217994272708893, 0.3209269344806671, 0.31969156861305237, 0.31875473260879517, 0.3174408972263336, 0.3174813985824585, 0.31470170617103577, 0.3144562542438507, 0.3118203282356262, 0.3111926019191742, 0.30904680490493774, 0.3091931641101837, 0.30631721019744873, 0.30801546573638916, 0.30406463146209717, 0.30325570702552795, 0.30191102623939514, 0.30273541808128357, 0.29913291335105896, 0.2980617880821228, 0.2976866662502289, 0.29743778705596924, 0.29482781887054443, 0.2935190498828888, 0.2924383878707886, 0.29094529151916504, 0.2896454930305481, 0.288735955953598, 0.2875734269618988, 0.28682464361190796, 0.28634360432624817, 0.2850998044013977, 0.28382784128189087, 0.28281041979789734, 0.2821751534938812, 0.2811390161514282, 0.2799684703350067, 0.27950945496559143, 0.2790246903896332, 0.279934287071228, 0.2782742977142334, 0.27550002932548523, 0.2755899131298065, 0.2742587924003601, 0.27470362186431885, 0.2750558853149414, 0.27232229709625244, 0.2718827724456787, 0.2723725140094757, 0.2702752947807312, 0.27039414644241333, 0.2688395082950592, 0.2687039375305176, 0.26961222290992737, 0.2687458097934723, 0.26706093549728394, 0.26795122027397156, 0.2660444378852844, 0.2652643918991089, 0.26551589369773865, 0.26429104804992676, 0.26389434933662415, 0.2639816999435425, 0.26334309577941895, 0.26341545581817627, 0.26433125138282776, 0.26176348328590393, 0.26154157519340515, 0.26137590408325195, 0.26036396622657776, 0.2593516707420349, 0.25947675108909607, 0.2593367099761963, 0.2596350610256195, 0.25885850191116333, 0.25772204995155334, 0.2573591470718384, 0.2568504810333252, 0.2559729218482971, 0.2552224099636078, 0.25645074248313904, 0.2550619840621948, 0.25427576899528503, 0.2541412115097046, 0.25374850630760193, 0.2551630139350891, 0.25358492136001587, 0.25298193097114563, 0.2532169818878174, 0.25331276655197144, 0.2520217001438141, 0.2529847025871277, 0.2515866756439209, 0.25484588742256165, 0.2524033784866333, 0.2497081756591797, 0.2501315772533417, 0.24901889264583588, 0.2505697011947632, 0.24986276030540466, 0.24989426136016846, 0.24917390942573547, 0.24985288083553314, 0.24864687025547028, 0.2468697726726532, 0.24692732095718384, 0.24712666869163513, 0.24708569049835205, 0.24700459837913513, 0.2462809532880783, 0.24638760089874268, 0.2468523234128952, 0.24563398957252502, 0.2449096441268921, 0.24521207809448242]",25.0,"[33.0, 33.0, 33.0, 33.0, 33.0, 33.0, 33.0, 33.0, 33.0, 33.0, 33.0, 33.0, 33.0, 33.0, 33.0, 33.0, 33.0, 33.0, 33.0, 33.0, 33.0, 33.0, 33.0, 33.0, 33.0, 33.0, 33.0, 33.0, 33.0, 33.0, 33.0, 33.0, 33.0, 33.0, 33.0, 33.0, 33.0, 33.0, 33.0, 33.0, 33.0, 33.0, 33.0, 33.0, 33.0, 33.0, 33.0, 33.0, 33.0, 33.0, 33.0, 33.0, 33.0, 33.0, 33.0, 33.0, 33.0, 33.0, 33.0, 33.0, 33.0, 33.0, 33.0, 33.0, 33.0, 33.0, 33.0, 33.0, 33.0, 33.0, 33.0, 33.0, 33.0, 33.0, 33.0, 33.0, 33.0, 33.0, 33.0, 33.0, 33.0, 33.0, 33.0, 33.0, 33.0, 33.0, 33.0, 33.0, 33.0, 33.0, 33.0, 33.0, 33.0, 33.0, 33.0, 33.0, 33.0, 33.0, 33.0, 33.0, 33.0, 33.0, 33.0, 33.0, 33.0, 33.0, 33.0, 33.0, 33.0, 33.0, 33.0, 33.0, 33.0, 33.0, 33.0, 33.0, 33.0, 33.0, 33.0, 33.0, 33.0, 33.0, 33.0, 33.0, 33.0, 33.0, 33.0, 33.0, 33.0, 33.0, 33.0, 33.0, 33.0, 33.0, 33.0, 33.0, 33.0, 33.0, 33.0, 33.0, 33.0, 33.0, 33.0, 33.0, 33.0, 33.0, 33.0, 33.0, 33.0, 33.0, 33.0, 33.0, 33.0, 33.0, 33.0, 33.0, 33.0, 33.0, 33.0, 32.0, 32.0, 32.0, 32.0, 31.0, 30.0, 30.0, 30.0, 30.0, 30.0, 30.0, 30.0, 30.0, 30.0, 30.0, 30.0, 30.0, 30.0, 30.0, 29.0, 29.0, 28.0, 28.0, 28.0, 27.0, 27.0, 27.0, 27.0, 27.0, 27.0, 26.0, 26.0, 26.0, 26.0, 26.0, 26.0, 26.0, 26.0, 26.0, 26.0, 25.0]",COMPLETE
