,number,value,datetime_start,datetime_complete,duration,params_batch_size_scaler,params_constant_learning_rate,params_depth,params_epochs,params_kernel_l2,params_num_trees,params_temperature,user_attrs_accuracy_test,user_attrs_accuracy_valid,user_attrs_approximate_feature_sparsity,user_attrs_approximate_feature_sparsity_history,user_attrs_approximate_weight_sparsity,user_attrs_approximate_weight_sparsity_history,user_attrs_auc_test,user_attrs_auc_valid,user_attrs_feature_sparsity,user_attrs_feature_sparsity_history,user_attrs_num_epochs,user_attrs_val_loss_history,user_attrs_weight_sparsity,user_attrs_weight_sparsity_history,state
151,151,0.7724620319202381,2024-08-31 07:47:28.390969,2024-08-31 07:47:58.150933,0 days 00:00:29.759964,16,0.06771380954417838,4,125,0.03797927813180274,46,0.002325759841399859,0.883,0.88,33,"[33, 33, 33, 33, 33, 33, 33, 33, 33, 33, 33, 33, 33, 33, 33, 33, 33, 33, 33, 33, 33, 33, 33, 33, 33, 33, 33, 33, 33, 33, 33, 33, 33, 33, 33, 33, 33, 33, 33, 33, 33, 33, 33, 33, 33, 33, 33, 33, 33, 33, 33, 33, 33, 33, 33, 33, 33, 33, 33, 33, 33, 33, 33, 33, 33, 33, 33, 33, 33, 33, 33, 33, 33, 33, 33, 33, 33, 33, 33, 33, 33, 33, 33, 33, 33, 33, 33, 33, 33, 33, 33, 33, 33, 33, 33, 33, 33, 33, 33, 33, 33, 33, 33, 33, 33, 33, 33, 33, 33, 33, 33, 33, 33, 33, 33, 33, 33, 33, 33, 33, 33, 33, 33, 33, 33]",32.969565217391306,"[32.96811594202899, 32.96231884057971, 32.95652173913044, 32.96376811594203, 32.96666666666667, 32.96521739130435, 32.95652173913044, 32.959420289855075, 32.959420289855075, 32.957971014492756, 32.95507246376812, 32.95217391304348, 32.957971014492756, 32.95217391304348, 32.9536231884058, 32.95507246376812, 32.959420289855075, 32.95072463768116, 32.957971014492756, 32.95507246376812, 32.957971014492756, 32.959420289855075, 32.97391304347826, 32.96231884057971, 32.96231884057971, 32.957971014492756, 32.96231884057971, 32.971014492753625, 32.96666666666667, 32.972463768115944, 32.972463768115944, 32.9768115942029, 32.96811594202899, 32.96666666666667, 32.96521739130435, 32.97391304347826, 32.96811594202899, 32.957971014492756, 32.957971014492756, 32.96086956521739, 32.95652173913044, 32.95507246376812, 32.95507246376812, 32.947826086956525, 32.9536231884058, 32.94927536231884, 32.957971014492756, 32.96231884057971, 32.96231884057971, 32.959420289855075, 32.957971014492756, 32.96521739130435, 32.959420289855075, 32.95217391304348, 32.947826086956525, 32.947826086956525, 32.95507246376812, 32.957971014492756, 32.96231884057971, 32.96231884057971, 32.95217391304348, 32.95652173913044, 32.95652173913044, 32.94927536231884, 32.946376811594206, 32.94927536231884, 32.95507246376812, 32.96086956521739, 32.96231884057971, 32.95217391304348, 32.959420289855075, 32.96666666666667, 32.96811594202899, 32.972463768115944, 32.969565217391306, 32.96521739130435, 32.96666666666667, 32.96811594202899, 32.971014492753625, 32.959420289855075, 32.96086956521739, 32.95507246376812, 32.95652173913044, 32.957971014492756, 32.957971014492756, 32.959420289855075, 32.96086956521739, 32.96376811594203, 32.96811594202899, 32.972463768115944, 32.97391304347826, 32.96231884057971, 32.96666666666667, 32.971014492753625, 32.96666666666667, 32.969565217391306, 32.96811594202899, 32.96521739130435, 32.96086956521739, 32.959420289855075, 32.95072463768116, 32.95217391304348, 32.95217391304348, 32.95072463768116, 32.95652173913044, 32.9536231884058, 32.95217391304348, 32.96086956521739, 32.96231884057971, 32.96231884057971, 32.971014492753625, 32.96666666666667, 32.97826086956522, 32.9768115942029, 32.97826086956522, 32.9768115942029, 32.97536231884058, 32.972463768115944, 32.96811594202899, 32.9768115942029, 32.97391304347826, 32.97971014492754, 32.97391304347826, 32.96376811594203, 32.969565217391306]",0.8007414195956044,0.7724620319202381,33,"[33, 33, 33, 33, 33, 33, 33, 33, 33, 33, 33, 33, 33, 33, 33, 33, 33, 33, 33, 33, 33, 33, 33, 33, 33, 33, 33, 33, 33, 33, 33, 33, 33, 33, 33, 33, 33, 33, 33, 33, 33, 33, 33, 33, 33, 33, 33, 33, 33, 33, 33, 33, 33, 33, 33, 33, 33, 33, 33, 33, 33, 33, 33, 33, 33, 33, 33, 33, 33, 33, 33, 33, 33, 33, 33, 33, 33, 33, 33, 33, 33, 33, 33, 33, 33, 33, 33, 33, 33, 33, 33, 33, 33, 33, 33, 33, 33, 33, 33, 33, 33, 33, 33, 33, 33, 33, 33, 33, 33, 33, 33, 33, 33, 33, 33, 33, 33, 33, 33, 33, 33, 33, 33, 33, 33]",125,"[0.4217894673347473, 0.4040389955043793, 0.3985865116119385, 0.3957192599773407, 0.3935902416706085, 0.3915312588214874, 0.3897428512573242, 0.38810011744499207, 0.3866117596626282, 0.38527384400367737, 0.3840101957321167, 0.3828596770763397, 0.3817826509475708, 0.3807232677936554, 0.37976324558258057, 0.37888264656066895, 0.3780437409877777, 0.3772926330566406, 0.37661290168762207, 0.3759140372276306, 0.37528038024902344, 0.374695360660553, 0.374149352312088, 0.3735104501247406, 0.3729812502861023, 0.37245288491249084, 0.3719513714313507, 0.3714247941970825, 0.37091824412345886, 0.370479941368103, 0.37004828453063965, 0.3696572780609131, 0.3692377507686615, 0.36882200837135315, 0.3683813214302063, 0.3680066764354706, 0.3677237033843994, 0.3673781454563141, 0.3668549060821533, 0.3664526641368866, 0.36613452434539795, 0.36576834321022034, 0.36545291543006897, 0.3651105463504791, 0.36471498012542725, 0.36428141593933105, 0.363895446062088, 0.3635649085044861, 0.3631720244884491, 0.3628309369087219, 0.36243847012519836, 0.36207863688468933, 0.36175644397735596, 0.36138594150543213, 0.3610147535800934, 0.36066100001335144, 0.36028194427490234, 0.3600625693798065, 0.3597370386123657, 0.35933929681777954, 0.35901352763175964, 0.35863372683525085, 0.3582218885421753, 0.35792088508605957, 0.35745909810066223, 0.35714370012283325, 0.3568081557750702, 0.3564552068710327, 0.35617926716804504, 0.35571053624153137, 0.3554556965827942, 0.35506394505500793, 0.3548067808151245, 0.35429617762565613, 0.3539685010910034, 0.35367628931999207, 0.3533433973789215, 0.3530663251876831, 0.35254260897636414, 0.3524559736251831, 0.3519695997238159, 0.3515385091304779, 0.35124722123146057, 0.35098159313201904, 0.35060936212539673, 0.35024887323379517, 0.34993690252304077, 0.3495621979236603, 0.3492663502693176, 0.34896349906921387, 0.3487088680267334, 0.3483380377292633, 0.34793418645858765, 0.3475792407989502, 0.3472273647785187, 0.3469872772693634, 0.3466077148914337, 0.34627658128738403, 0.3459181487560272, 0.34554505348205566, 0.34526097774505615, 0.34488871693611145, 0.344594806432724, 0.34422001242637634, 0.34394076466560364, 0.34364455938339233, 0.343395471572876, 0.34295403957366943, 0.3425633907318115, 0.34225255250930786, 0.34192565083503723, 0.3416033089160919, 0.34119221568107605, 0.3408907651901245, 0.340712308883667, 0.3402447998523712, 0.33983567357063293, 0.33948439359664917, 0.3391554355621338, 0.3389195203781128, 0.33855679631233215, 0.33828580379486084, 0.33789801597595215, 0.3376171886920929, 0.3372124433517456]",33.0,"[33.0, 33.0, 33.0, 33.0, 33.0, 33.0, 33.0, 33.0, 33.0, 33.0, 33.0, 33.0, 33.0, 33.0, 33.0, 33.0, 33.0, 33.0, 33.0, 33.0, 33.0, 33.0, 33.0, 33.0, 33.0, 33.0, 33.0, 33.0, 33.0, 33.0, 33.0, 33.0, 33.0, 33.0, 33.0, 33.0, 33.0, 33.0, 33.0, 33.0, 33.0, 33.0, 33.0, 33.0, 33.0, 33.0, 33.0, 33.0, 33.0, 33.0, 33.0, 33.0, 33.0, 33.0, 33.0, 33.0, 33.0, 33.0, 33.0, 33.0, 33.0, 33.0, 33.0, 33.0, 33.0, 33.0, 33.0, 33.0, 33.0, 33.0, 33.0, 33.0, 33.0, 33.0, 33.0, 33.0, 33.0, 33.0, 33.0, 33.0, 33.0, 33.0, 33.0, 33.0, 33.0, 33.0, 33.0, 33.0, 33.0, 33.0, 33.0, 33.0, 33.0, 33.0, 33.0, 33.0, 33.0, 33.0, 33.0, 33.0, 33.0, 33.0, 33.0, 33.0, 33.0, 33.0, 33.0, 33.0, 33.0, 33.0, 33.0, 33.0, 33.0, 33.0, 33.0, 33.0, 33.0, 33.0, 33.0, 33.0, 33.0, 33.0, 33.0, 33.0, 33.0]",COMPLETE
152,152,0.9209465290927593,2024-08-31 07:48:01.527304,2024-08-31 07:49:48.573486,0 days 00:01:47.046182,1,0.02826952262595225,2,210,0.7542302998006347,67,0.0011753746548740821,0.928,0.93125,15,"[33, 33, 33, 33, 33, 33, 33, 33, 33, 33, 33, 33, 33, 33, 33, 33, 33, 33, 33, 33, 33, 33, 33, 33, 33, 33, 27, 22, 19, 17, 17, 17, 17, 15, 15, 15, 15, 15, 15, 15, 15, 15, 15, 15, 15, 15, 15, 15, 15, 15, 15, 15, 15, 15, 15, 15, 15, 15, 15, 15, 15, 15, 15, 15, 15, 15, 15, 15, 15, 15, 15, 15, 15, 15, 15, 15, 15, 15, 15, 15, 15, 15, 15, 15, 15, 15, 15, 15, 15, 15, 15, 15, 15, 15, 15, 15, 15, 15, 15, 15, 15, 15, 15, 15, 15, 15, 15, 15, 15, 15, 15, 15, 15, 15, 15, 15, 15, 15, 15, 15, 15, 15, 15, 15, 15, 15, 15, 15, 15, 15, 15, 15, 15, 15, 15, 15, 15, 15, 15, 15, 15, 15, 15, 15, 15, 15, 15, 15, 15, 15, 15, 15, 15, 15, 15, 15, 15, 15, 15, 15, 15, 15, 15, 15, 15, 15, 15, 15, 15, 15, 15, 15, 15, 15, 15, 15, 15, 15, 15, 15, 15, 15, 15, 15, 15, 15, 15, 15, 15, 15, 15, 15, 15, 15, 15, 15, 15, 15, 15, 15, 15, 15, 15, 15, 15, 15, 15, 15, 15, 15]",14.990049751243781,"[32.98009950248756, 32.95522388059702, 32.975124378109456, 32.98507462686567, 32.97014925373134, 32.98009950248756, 32.960199004975124, 32.960199004975124, 32.96517412935324, 32.9452736318408, 32.9452736318408, 32.95522388059702, 32.960199004975124, 32.960199004975124, 32.96517412935324, 32.975124378109456, 32.95522388059702, 32.99004975124378, 32.96517412935323, 32.94527363184079, 32.93532338308458, 32.960199004975124, 32.950248756218905, 32.950248756218905, 32.95522388059702, 32.98009950248756, 26.980099502487562, 21.945273631840795, 18.975124378109452, 16.99502487562189, 16.970149253731343, 16.955223880597014, 16.950248756218905, 14.970149253731343, 14.985074626865671, 14.990049751243781, 14.980099502487562, 14.970149253731343, 14.970149253731343, 14.960199004975124, 14.940298507462686, 14.925373134328357, 14.970149253731343, 14.975124378109452, 14.970149253731343, 14.960199004975124, 14.940298507462686, 14.970149253731343, 14.950248756218905, 14.990049751243781, 14.960199004975124, 14.980099502487562, 14.960199004975124, 14.965174129353233, 14.965174129353233, 14.975124378109452, 14.940298507462686, 14.955223880597014, 14.950248756218905, 14.940298507462686, 14.945273631840795, 14.955223880597014, 14.940298507462686, 14.945273631840795, 14.955223880597014, 14.955223880597014, 14.930348258706466, 14.950248756218905, 14.920398009950247, 14.930348258706466, 14.950248756218905, 14.955223880597014, 14.960199004975124, 14.955223880597014, 14.935323383084576, 14.930348258706466, 14.935323383084576, 14.92039800995025, 14.925373134328357, 14.955223880597014, 14.970149253731343, 14.935323383084576, 14.955223880597014, 14.935323383084576, 14.930348258706466, 14.965174129353233, 14.950248756218905, 14.950248756218905, 14.950248756218905, 14.935323383084576, 14.91542288557214, 14.955223880597014, 14.950248756218905, 14.950248756218905, 14.945273631840795, 14.935323383084576, 14.950248756218905, 14.930348258706466, 14.970149253731343, 14.950248756218905, 14.950248756218905, 14.980099502487562, 14.965174129353233, 14.960199004975124, 14.950248756218905, 14.950248756218905, 14.920398009950247, 14.930348258706466, 14.935323383084576, 14.930348258706466, 14.935323383084576, 14.950248756218905, 14.965174129353233, 14.930348258706466, 14.925373134328357, 14.930348258706466, 14.925373134328357, 14.945273631840795, 14.925373134328357, 14.920398009950247, 14.925373134328357, 14.945273631840795, 14.945273631840795, 14.950248756218905, 14.940298507462686, 14.935323383084576, 14.950248756218905, 14.950248756218905, 14.940298507462686, 14.955223880597014, 14.970149253731343, 14.960199004975124, 14.970149253731343, 14.965174129353233, 14.975124378109452, 14.975124378109452, 14.965174129353233, 14.985074626865671, 14.975124378109452, 14.975124378109452, 14.980099502487562, 14.980099502487562, 14.970149253731343, 14.990049751243781, 14.990049751243781, 14.985074626865671, 14.990049751243781, 14.99502487562189, 14.99502487562189, 14.990049751243781, 14.985074626865671, 15.0, 15.0, 14.99502487562189, 14.99502487562189, 14.990049751243781, 15.0, 15.0, 14.99502487562189, 14.99502487562189, 14.99502487562189, 14.990049751243781, 14.990049751243781, 14.985074626865671, 14.980099502487562, 14.990049751243781, 14.985074626865671, 14.980099502487562, 14.985074626865671, 14.980099502487562, 14.990049751243781, 14.980099502487562, 14.975124378109452, 14.975124378109452, 14.980099502487562, 14.980099502487562, 14.980099502487562, 14.980099502487562, 14.985074626865671, 14.985074626865671, 14.985074626865671, 14.985074626865671, 14.990049751243781, 14.985074626865671, 14.990049751243781, 14.990049751243781, 14.990049751243781, 14.99502487562189, 14.99502487562189, 14.99502487562189, 14.99502487562189, 14.99502487562189, 14.990049751243781, 14.99502487562189, 14.99502487562189, 14.985074626865671, 14.985074626865671, 14.99502487562189, 14.99502487562189, 14.990049751243781, 14.99502487562189, 14.99502487562189, 14.990049751243781, 14.980099502487562, 14.99502487562189, 14.990049751243781, 14.990049751243781, 14.99502487562189, 14.99502487562189, 14.990049751243781]",0.9070996292902023,0.9209465290927593,15,"[33, 33, 33, 33, 33, 33, 33, 33, 33, 33, 33, 33, 33, 33, 33, 33, 33, 33, 33, 33, 33, 33, 33, 33, 33, 33, 27, 22, 19, 17, 17, 17, 17, 15, 15, 15, 15, 15, 15, 15, 15, 15, 15, 15, 15, 15, 15, 15, 15, 15, 15, 15, 15, 15, 15, 15, 15, 15, 15, 15, 15, 15, 15, 15, 15, 15, 15, 15, 15, 15, 15, 15, 15, 15, 15, 15, 15, 15, 15, 15, 15, 15, 15, 15, 15, 15, 15, 15, 15, 15, 15, 15, 15, 15, 15, 15, 15, 15, 15, 15, 15, 15, 15, 15, 15, 15, 15, 15, 15, 15, 15, 15, 15, 15, 15, 15, 15, 15, 15, 15, 15, 15, 15, 15, 15, 15, 15, 15, 15, 15, 15, 15, 15, 15, 15, 15, 15, 15, 15, 15, 15, 15, 15, 15, 15, 15, 15, 15, 15, 15, 15, 15, 15, 15, 15, 15, 15, 15, 15, 15, 15, 15, 15, 15, 15, 15, 15, 15, 15, 15, 15, 15, 15, 15, 15, 15, 15, 15, 15, 15, 15, 15, 15, 15, 15, 15, 15, 15, 15, 15, 15, 15, 15, 15, 15, 15, 15, 15, 15, 15, 15, 15, 15, 15, 15, 15, 15, 15, 15, 15]",210,"[0.5721859335899353, 0.5480577945709229, 0.52960205078125, 0.51314377784729, 0.500154435634613, 0.4834786653518677, 0.4714523255825043, 0.46549850702285767, 0.4495232105255127, 0.4387321174144745, 0.4369266629219055, 0.421503484249115, 0.42104572057724, 0.407512366771698, 0.40217915177345276, 0.3950974941253662, 0.3906242847442627, 0.3855699896812439, 0.380100280046463, 0.37764084339141846, 0.37143152952194214, 0.36797264218330383, 0.3685585856437683, 0.3587324023246765, 0.3598375618457794, 0.3538893759250641, 0.34402793645858765, 0.3372110426425934, 0.33969634771347046, 0.33073142170906067, 0.33032864332199097, 0.3280305862426758, 0.32913681864738464, 0.32113468647003174, 0.3188995122909546, 0.3158922493457794, 0.31400009989738464, 0.3125326335430145, 0.3100222647190094, 0.30701059103012085, 0.30685317516326904, 0.3046649694442749, 0.30304816365242004, 0.3012039065361023, 0.29848170280456543, 0.29836180806159973, 0.29666197299957275, 0.30354025959968567, 0.2923780381679535, 0.29015716910362244, 0.29003119468688965, 0.2936066687107086, 0.285971462726593, 0.28555727005004883, 0.28277796506881714, 0.28315702080726624, 0.2820282578468323, 0.28145769238471985, 0.28092890977859497, 0.28126251697540283, 0.2769969701766968, 0.2783278524875641, 0.2826215326786041, 0.2747085690498352, 0.27355602383613586, 0.278825044631958, 0.2734632194042206, 0.27258509397506714, 0.2721598148345947, 0.27040722966194153, 0.2715485990047455, 0.2701856791973114, 0.2708388566970825, 0.27038678526878357, 0.26756158471107483, 0.26552197337150574, 0.26784756779670715, 0.263971745967865, 0.26290425658226013, 0.2646249532699585, 0.26523256301879883, 0.2622186243534088, 0.26090681552886963, 0.26434874534606934, 0.2611626088619232, 0.259987473487854, 0.25931668281555176, 0.2596789300441742, 0.26019391417503357, 0.25948846340179443, 0.2579752206802368, 0.2593410015106201, 0.2580527365207672, 0.2573970854282379, 0.2572140097618103, 0.25515463948249817, 0.2573484778404236, 0.2560470998287201, 0.2536454498767853, 0.25770196318626404, 0.25296473503112793, 0.25585314631462097, 0.25199398398399353, 0.25529372692108154, 0.2519419193267822, 0.25371071696281433, 0.25274601578712463, 0.2515701651573181, 0.2532508373260498, 0.24927538633346558, 0.2521837651729584, 0.2500755786895752, 0.2520985007286072, 0.24878986179828644, 0.2512020170688629, 0.24865375459194183, 0.2490551769733429, 0.2485014945268631, 0.25530198216438293, 0.2486504763364792, 0.24821016192436218, 0.24804891645908356, 0.24759522080421448, 0.2469891905784607, 0.24852873384952545, 0.24911203980445862, 0.24413147568702698, 0.24287939071655273, 0.24363094568252563, 0.2415962964296341, 0.2451358437538147, 0.2476806491613388, 0.2437686175107956, 0.24497701227664948, 0.24104508757591248, 0.24547922611236572, 0.24655552208423615, 0.24629229307174683, 0.24260713160037994, 0.24306230247020721, 0.24237897992134094, 0.2492758184671402, 0.24095159769058228, 0.24628116190433502, 0.2470870167016983, 0.24151279032230377, 0.24307416379451752, 0.24004915356636047, 0.24157525599002838, 0.244278684258461, 0.2433440089225769, 0.23821453750133514, 0.2368626743555069, 0.2365652322769165, 0.23883576691150665, 0.2411877065896988, 0.23806989192962646, 0.23927812278270721, 0.23915885388851166, 0.2387348711490631, 0.23752979934215546, 0.2446717470884323, 0.23834747076034546, 0.23544622957706451, 0.2383253127336502, 0.23734912276268005, 0.23963803052902222, 0.23804433643817902, 0.24075017869472504, 0.2354472130537033, 0.23527498543262482, 0.24093572795391083, 0.2359335571527481, 0.23844332993030548, 0.23318837583065033, 0.23602113127708435, 0.2348630726337433, 0.23332080245018005, 0.23344482481479645, 0.23327705264091492, 0.23884935677051544, 0.2318800985813141, 0.24189069867134094, 0.23671869933605194, 0.23437808454036713, 0.23565858602523804, 0.23542520403862, 0.2319967895746231, 0.23541364073753357, 0.2332209348678589, 0.23278677463531494, 0.23278698325157166, 0.23545648157596588, 0.23537296056747437, 0.24155622720718384, 0.23641298711299896, 0.23371149599552155, 0.23264017701148987, 0.2379714846611023, 0.2311783730983734, 0.2299262285232544, 0.229048952460289, 0.23239201307296753, 0.23363882303237915, 0.23479272425174713, 0.23610661923885345, 0.23158103227615356, 0.23460723459720612, 0.23232650756835938, 0.23153558373451233]",15.0,"[33.0, 33.0, 33.0, 33.0, 33.0, 33.0, 33.0, 33.0, 33.0, 33.0, 33.0, 33.0, 33.0, 33.0, 33.0, 33.0, 33.0, 33.0, 33.0, 33.0, 33.0, 33.0, 33.0, 33.0, 33.0, 33.0, 27.0, 22.0, 19.0, 17.0, 17.0, 17.0, 17.0, 15.0, 15.0, 15.0, 15.0, 15.0, 15.0, 15.0, 15.0, 15.0, 15.0, 15.0, 15.0, 15.0, 15.0, 15.0, 15.0, 15.0, 15.0, 15.0, 15.0, 15.0, 15.0, 15.0, 15.0, 15.0, 15.0, 15.0, 15.0, 15.0, 15.0, 15.0, 15.0, 15.0, 15.0, 15.0, 15.0, 15.0, 15.0, 15.0, 15.0, 15.0, 15.0, 15.0, 15.0, 15.0, 15.0, 15.0, 15.0, 15.0, 15.0, 15.0, 15.0, 15.0, 15.0, 15.0, 15.0, 15.0, 15.0, 15.0, 15.0, 15.0, 15.0, 15.0, 15.0, 15.0, 15.0, 15.0, 15.0, 15.0, 15.0, 15.0, 15.0, 15.0, 15.0, 15.0, 15.0, 15.0, 15.0, 15.0, 15.0, 15.0, 15.0, 15.0, 15.0, 15.0, 15.0, 15.0, 15.0, 15.0, 15.0, 15.0, 15.0, 15.0, 15.0, 15.0, 15.0, 15.0, 15.0, 15.0, 15.0, 15.0, 15.0, 15.0, 15.0, 15.0, 15.0, 15.0, 15.0, 15.0, 15.0, 15.0, 15.0, 15.0, 15.0, 15.0, 15.0, 15.0, 15.0, 15.0, 15.0, 15.0, 15.0, 15.0, 15.0, 15.0, 15.0, 15.0, 15.0, 15.0, 15.0, 15.0, 15.0, 15.0, 15.0, 15.0, 15.0, 15.0, 15.0, 15.0, 15.0, 15.0, 15.0, 15.0, 15.0, 15.0, 15.0, 15.0, 15.0, 15.0, 15.0, 15.0, 15.0, 15.0, 15.0, 15.0, 15.0, 15.0, 15.0, 15.0, 15.0, 15.0, 15.0, 15.0, 15.0, 15.0, 15.0, 15.0, 15.0, 15.0, 15.0, 15.0, 15.0, 15.0, 15.0, 15.0, 15.0, 15.0]",COMPLETE
153,153,0.7035333822828509,2024-08-31 07:49:53.277801,2024-08-31 07:50:05.511357,0 days 00:00:12.233556,64,0.5342495030126336,4,15,0.5048698235090523,87,0.00011508818399541593,0.872,0.8675,33,"[33, 33, 33, 33, 33, 33, 33, 33, 33, 33, 33, 33, 33, 33, 33]",32.95402298850575,"[32.95708812260536, 32.94942528735633, 32.94789272030651, 32.953256704980845, 32.94712643678161, 32.94942528735632, 32.95402298850574, 32.948659003831416, 32.96168582375479, 32.95785440613027, 32.955555555555556, 32.9639846743295, 32.95785440613027, 32.95862068965517, 32.95402298850575]",0.7417828746934833,0.7035333822828509,33,"[33, 33, 33, 33, 33, 33, 33, 33, 33, 33, 33, 33, 33, 33, 33]",15,"[0.4256199896335602, 0.42107635736465454, 0.4140174984931946, 0.40870484709739685, 0.4083092510700226, 0.4028588533401489, 0.3996928334236145, 0.3978547751903534, 0.39809244871139526, 0.40154311060905457, 0.39324772357940674, 0.3933132588863373, 0.39507704973220825, 0.38972964882850647, 0.3927037715911865]",33.0,"[33.0, 33.0, 33.0, 33.0, 33.0, 33.0, 33.0, 33.0, 33.0, 33.0, 33.0, 33.0, 33.0, 33.0, 33.0]",COMPLETE
