,number,value,datetime_start,datetime_complete,duration,params_batch_size_scaler,params_constant_learning_rate,params_depth,params_epochs,params_kernel_l2,params_num_trees,params_temperature,user_attrs_accuracy_test,user_attrs_accuracy_valid,user_attrs_approximate_feature_sparsity,user_attrs_approximate_feature_sparsity_history,user_attrs_approximate_weight_sparsity,user_attrs_approximate_weight_sparsity_history,user_attrs_auc_test,user_attrs_auc_valid,user_attrs_feature_sparsity,user_attrs_feature_sparsity_history,user_attrs_num_epochs,user_attrs_val_loss_history,user_attrs_weight_sparsity,user_attrs_weight_sparsity_history,state
37,37,0.5,2024-08-31 02:12:56.673632,2024-08-31 02:14:06.000603,0 days 00:01:09.326971,64,4.861817812290218,3,450,0.05770756881970882,92,0.09768621887264484,0.859,0.85875,0,"[0, 0, 0, 0, 0, 0, 0, 0, 0, 0, 0, 0, 0, 0, 0, 0, 0, 0, 0, 0, 0, 0, 0, 0, 0, 0, 0, 0, 0, 0, 0, 0, 0, 0, 0, 0, 0, 0, 0, 0, 0, 0, 0, 0, 0, 0, 0, 0, 0, 0, 0, 0, 0, 0, 0, 0, 0, 0, 0, 0, 0, 0, 0, 0, 0, 0, 0, 0, 0, 0, 0, 0, 0, 0, 0, 0, 0, 0, 0, 0, 0, 0, 0, 0, 0, 0, 0, 0, 0, 0, 0, 0, 0, 0, 0, 0, 0, 0, 0, 0, 0, 0, 0, 0, 0, 0, 0, 0, 0, 0, 0, 0, 0, 0, 0, 0, 0, 0, 0, 0, 0, 0, 0, 0, 0, 0, 0, 0, 0, 0, 0, 0, 0, 0, 0, 0, 0, 0, 0, 0, 0, 0, 0, 0, 0, 0, 0, 0, 0, 0, 0, 0, 0, 0, 0, 0, 0, 0, 0, 0, 0, 0, 0, 0, 0, 0, 0, 0, 0, 0, 0, 0, 0, 0, 0, 0, 0, 0, 0, 0, 0, 0, 0, 0, 0, 0, 0, 0, 0, 0, 0, 0, 0, 0, 0, 0, 0, 0, 0, 0, 0, 0, 0, 0, 0, 0, 0, 0, 0, 0, 0, 0, 0, 0, 0, 0, 0, 0, 0, 0, 0, 0, 0, 0, 0, 0, 0, 0, 0, 0, 0, 0, 0, 0, 0, 0, 0, 0, 0, 0, 0, 0, 0, 0, 0, 0, 0, 0, 0, 0, 0, 0, 0, 0, 0, 0, 0, 0, 0, 0, 0, 0, 0, 0, 0, 0, 0, 0, 0, 0, 0, 0, 0, 0, 0, 0, 0, 0, 0, 0, 0, 0, 0, 0, 0, 0, 0, 0, 0, 0, 0, 0, 0, 0, 0, 0, 0, 0, 0, 0, 0, 0, 0, 0, 0, 0, 0, 0, 0, 0, 0, 0, 0, 0, 0, 0, 0, 0, 0, 0, 0, 0, 0, 0, 0, 0, 0, 0, 0, 0, 0, 0, 0, 0, 0, 0, 0, 0, 0, 0, 0, 0, 0, 0, 0, 0, 0, 0, 0, 0, 0, 0, 0, 0, 0, 0, 0, 0, 0, 0, 0, 0, 0, 0, 0, 0, 0, 0, 0, 0, 0, 0, 0, 0, 0, 0, 0, 0, 0, 0, 0, 0, 0, 0, 0, 0, 0, 0, 0, 0, 0, 0, 0, 0, 0, 0, 0, 0, 0, 0, 0, 0, 0, 0, 0, 0, 0, 0, 0, 0, 0, 0, 0, 0, 0, 0, 0, 0, 0, 0, 0, 0, 0, 0, 0, 0, 0, 0, 0, 0, 0, 0, 0, 0, 0, 0, 0, 0, 0, 0, 0, 0, 0, 0, 0, 0, 0, 0, 0, 0]",0.0,"[0.0, 0.0, 0.0, 0.0, 0.0, 0.0, 0.0, 0.0, 0.0, 0.0, 0.0, 0.0, 0.0, 0.0, 0.0, 0.0, 0.0, 0.0, 0.0, 0.0, 0.0, 0.0, 0.0, 0.0, 0.0, 0.0, 0.0, 0.0, 0.0, 0.0, 0.0, 0.0, 0.0, 0.0, 0.0, 0.0, 0.0, 0.0, 0.0, 0.0, 0.0, 0.0, 0.0, 0.0, 0.0, 0.0, 0.0, 0.0, 0.0, 0.0, 0.0, 0.0, 0.0, 0.0, 0.0, 0.0, 0.0, 0.0, 0.0, 0.0, 0.0, 0.0, 0.0, 0.0, 0.0, 0.0, 0.0, 0.0, 0.0, 0.0, 0.0, 0.0, 0.0, 0.0, 0.0, 0.0, 0.0, 0.0, 0.0, 0.0, 0.0, 0.0, 0.0, 0.0, 0.0, 0.0, 0.0, 0.0, 0.0, 0.0, 0.0, 0.0, 0.0, 0.0, 0.0, 0.0, 0.0, 0.0, 0.0, 0.0, 0.0, 0.0, 0.0, 0.0, 0.0, 0.0, 0.0, 0.0, 0.0, 0.0, 0.0, 0.0, 0.0, 0.0, 0.0, 0.0, 0.0, 0.0, 0.0, 0.0, 0.0, 0.0, 0.0, 0.0, 0.0, 0.0, 0.0, 0.0, 0.0, 0.0, 0.0, 0.0, 0.0, 0.0, 0.0, 0.0, 0.0, 0.0, 0.0, 0.0, 0.0, 0.0, 0.0, 0.0, 0.0, 0.0, 0.0, 0.0, 0.0, 0.0, 0.0, 0.0, 0.0, 0.0, 0.0, 0.0, 0.0, 0.0, 0.0, 0.0, 0.0, 0.0, 0.0, 0.0, 0.0, 0.0, 0.0, 0.0, 0.0, 0.0, 0.0, 0.0, 0.0, 0.0, 0.0, 0.0, 0.0, 0.0, 0.0, 0.0, 0.0, 0.0, 0.0, 0.0, 0.0, 0.0, 0.0, 0.0, 0.0, 0.0, 0.0, 0.0, 0.0, 0.0, 0.0, 0.0, 0.0, 0.0, 0.0, 0.0, 0.0, 0.0, 0.0, 0.0, 0.0, 0.0, 0.0, 0.0, 0.0, 0.0, 0.0, 0.0, 0.0, 0.0, 0.0, 0.0, 0.0, 0.0, 0.0, 0.0, 0.0, 0.0, 0.0, 0.0, 0.0, 0.0, 0.0, 0.0, 0.0, 0.0, 0.0, 0.0, 0.0, 0.0, 0.0, 0.0, 0.0, 0.0, 0.0, 0.0, 0.0, 0.0, 0.0, 0.0, 0.0, 0.0, 0.0, 0.0, 0.0, 0.0, 0.0, 0.0, 0.0, 0.0, 0.0, 0.0, 0.0, 0.0, 0.0, 0.0, 0.0, 0.0, 0.0, 0.0, 0.0, 0.0, 0.0, 0.0, 0.0, 0.0, 0.0, 0.0, 0.0, 0.0, 0.0, 0.0, 0.0, 0.0, 0.0, 0.0, 0.0, 0.0, 0.0, 0.0, 0.0, 0.0, 0.0, 0.0, 0.0, 0.0, 0.0, 0.0, 0.0, 0.0, 0.0, 0.0, 0.0, 0.0, 0.0, 0.0, 0.0, 0.0, 0.0, 0.0, 0.0, 0.0, 0.0, 0.0, 0.0, 0.0, 0.0, 0.0, 0.0, 0.0, 0.0, 0.0, 0.0, 0.0, 0.0, 0.0, 0.0, 0.0, 0.0, 0.0, 0.0, 0.0, 0.0, 0.0, 0.0, 0.0, 0.0, 0.0, 0.0, 0.0, 0.0, 0.0, 0.0, 0.0, 0.0, 0.0, 0.0, 0.0, 0.0, 0.0, 0.0, 0.0, 0.0, 0.0, 0.0, 0.0, 0.0, 0.0, 0.0, 0.0, 0.0, 0.0, 0.0, 0.0, 0.0, 0.0, 0.0, 0.0, 0.0, 0.0, 0.0, 0.0, 0.0, 0.0, 0.0, 0.0, 0.0, 0.0, 0.0, 0.0, 0.0, 0.0, 0.0, 0.0, 0.0, 0.0, 0.0, 0.0, 0.0, 0.0, 0.0, 0.0, 0.0, 0.0, 0.0, 0.0, 0.0, 0.0, 0.0, 0.0, 0.0, 0.0, 0.0, 0.0, 0.0, 0.0, 0.0, 0.0, 0.0, 0.0, 0.0, 0.0, 0.0, 0.0, 0.0, 0.0, 0.0, 0.0, 0.0, 0.0, 0.0, 0.0, 0.0, 0.0, 0.0, 0.0, 0.0, 0.0, 0.0, 0.0, 0.0, 0.0, 0.0, 0.0, 0.0, 0.0, 0.0, 0.0, 0.0, 0.0, 0.0, 0.0, 0.0, 0.0, 0.0, 0.0, 0.0, 0.0, 0.0, 0.0, 0.0, 0.0, 0.0, 0.0, 0.0, 0.0]",0.5,0.5,0,"[0, 0, 0, 0, 0, 0, 0, 0, 0, 0, 0, 0, 0, 0, 0, 0, 0, 0, 0, 0, 0, 0, 0, 0, 0, 0, 0, 0, 0, 0, 0, 0, 0, 0, 0, 0, 0, 0, 0, 0, 0, 0, 0, 0, 0, 0, 0, 0, 0, 0, 0, 0, 0, 0, 0, 0, 0, 0, 0, 0, 0, 0, 0, 0, 0, 0, 0, 0, 0, 0, 0, 0, 0, 0, 0, 0, 0, 0, 0, 0, 0, 0, 0, 0, 0, 0, 0, 0, 0, 0, 0, 0, 0, 0, 0, 0, 0, 0, 0, 0, 0, 0, 0, 0, 0, 0, 0, 0, 0, 0, 0, 0, 0, 0, 0, 0, 0, 0, 0, 0, 0, 0, 0, 0, 0, 0, 0, 0, 0, 0, 0, 0, 0, 0, 0, 0, 0, 0, 0, 0, 0, 0, 0, 0, 0, 0, 0, 0, 0, 0, 0, 0, 0, 0, 0, 0, 0, 0, 0, 0, 0, 0, 0, 0, 0, 0, 0, 0, 0, 0, 0, 0, 0, 0, 0, 0, 0, 0, 0, 0, 0, 0, 0, 0, 0, 0, 0, 0, 0, 0, 0, 0, 0, 0, 0, 0, 0, 0, 0, 0, 0, 0, 0, 0, 0, 0, 0, 0, 0, 0, 0, 0, 0, 0, 0, 0, 0, 0, 0, 0, 0, 0, 0, 0, 0, 0, 0, 0, 0, 0, 0, 0, 0, 0, 0, 0, 0, 0, 0, 0, 0, 0, 0, 0, 0, 0, 0, 0, 0, 0, 0, 0, 0, 0, 0, 0, 0, 0, 0, 0, 0, 0, 0, 0, 0, 0, 0, 0, 0, 0, 0, 0, 0, 0, 0, 0, 0, 0, 0, 0, 0, 0, 0, 0, 0, 0, 0, 0, 0, 0, 0, 0, 0, 0, 0, 0, 0, 0, 0, 0, 0, 0, 0, 0, 0, 0, 0, 0, 0, 0, 0, 0, 0, 0, 0, 0, 0, 0, 0, 0, 0, 0, 0, 0, 0, 0, 0, 0, 0, 0, 0, 0, 0, 0, 0, 0, 0, 0, 0, 0, 0, 0, 0, 0, 0, 0, 0, 0, 0, 0, 0, 0, 0, 0, 0, 0, 0, 0, 0, 0, 0, 0, 0, 0, 0, 0, 0, 0, 0, 0, 0, 0, 0, 0, 0, 0, 0, 0, 0, 0, 0, 0, 0, 0, 0, 0, 0, 0, 0, 0, 0, 0, 0, 0, 0, 0, 0, 0, 0, 0, 0, 0, 0, 0, 0, 0, 0, 0, 0, 0, 0, 0, 0, 0, 0, 0, 0, 0, 0, 0, 0, 0, 0, 0, 0, 0, 0, 0, 0, 0, 0, 0, 0, 0, 0, 0, 0, 0, 0, 0, 0, 0, 0, 0, 0, 0, 0, 0, 0, 0]",450,"[0.48898547887802124, 12.634194374084473, 4.138791084289551, 3.1357123851776123, 9.818134307861328, 0.6339001655578613, 7.043873310089111, 2.258760929107666, 6.0120530128479, 13.138984680175781, 4.727534770965576, 1.1906739473342896, 1.9207022190093994, 7.873700141906738, 3.8220739364624023, 5.839865207672119, 12.225421905517578, 3.0718131065368652, 9.190401077270508, 0.4370703101158142, 8.552124977111816, 1.276129961013794, 2.206717014312744, 12.656538009643555, 3.7231743335723877, 9.997552871704102, 0.8515856862068176, 7.103068828582764, 10.040770530700684, 4.996670246124268, 12.453376770019531, 3.1977038383483887, 9.357327461242676, 0.4978848993778229, 12.444205284118652, 2.3250975608825684, 1.7300115823745728, 7.923102855682373, 10.057814598083496, 5.317547798156738, 12.212708473205566, 3.6055502891540527, 10.512717247009277, 1.3658190965652466, 8.400470733642578, 1.4635940790176392, 4.0082173347473145, 8.874521255493164, 1.2711875438690186, 2.6168289184570312, 2.5500423908233643, 6.067312717437744, 13.13565444946289, 4.852574348449707, 1.7992364168167114, 8.109112739562988, 1.306827187538147, 3.5252552032470703, 10.35302734375, 1.5301311016082764, 7.786019325256348, 8.235431671142578, 5.724262237548828, 12.576616287231445, 3.321820020675659, 10.515393257141113, 2.124382257461548, 4.342836380004883, 9.043902397155762, 0.41093406081199646, 10.319461822509766, 1.2807350158691406, 7.306171417236328, 12.3511962890625, 5.696171760559082, 12.9904203414917, 4.275496006011963, 7.002452850341797, 2.5947089195251465, 9.53850269317627, 0.4522887170314789, 8.895524024963379, 0.4104730188846588, 7.6556878089904785, 7.634383678436279, 5.929999828338623, 12.383131980895996, 3.1283483505249023, 10.0049467086792, 0.413756787776947, 9.799216270446777, 1.0847588777542114, 7.618933200836182, 9.834716796875, 5.030203342437744, 11.615196228027344, 3.008247137069702, 10.14572525024414, 1.3229165077209473, 8.825660705566406, 2.655712604522705, 5.064589977264404, 12.807114601135254, 3.876246929168701, 10.135549545288086, 0.6738144755363464, 7.344186305999756, 8.582877159118652, 5.991373062133789, 12.518808364868164, 4.127804756164551, 8.706005096435547, 2.114004611968994, 5.163818359375, 12.445301055908203, 2.7586281299591064, 13.354344367980957, 4.315504550933838, 5.433270454406738, 12.410789489746094, 3.371950149536133, 10.346426963806152, 2.0633962154388428, 1.234494924545288, 8.075206756591797, 6.510599136352539, 6.001057147979736, 12.27281379699707, 2.6941144466400146, 10.225154876708984, 1.4023104906082153, 8.211073875427246, 8.313554763793945, 6.143387317657471, 12.86236572265625, 3.8235273361206055, 10.530155181884766, 1.9232090711593628, 1.0194458961486816, 7.8697509765625, 12.349370002746582, 4.184856414794922, 9.772775650024414, 0.5432189106941223, 7.231611251831055, 5.1628828048706055, 5.004697322845459, 11.587654113769531, 2.3328697681427, 3.2712628841400146, 10.799909591674805, 2.3009345531463623, 3.6124837398529053, 9.221009254455566, 0.4560963809490204, 8.837029457092285, 0.40918517112731934, 9.444092750549316, 1.0536673069000244, 7.806657791137695, 4.812712669372559, 5.906818866729736, 12.717617988586426, 4.002696990966797, 9.619962692260742, 0.5973329544067383, 7.1570587158203125, 3.5277462005615234, 6.565946102142334, 9.237212181091309, 0.41458359360694885, 1.4674795866012573, 8.192113876342773, 3.1996564865112305, 5.419826030731201, 12.936537742614746, 4.437563896179199, 1.4235939979553223, 7.986007213592529, 0.6184523105621338, 4.548370838165283, 6.0374436378479, 13.009316444396973, 3.3226418495178223, 10.194252014160156, 0.8342675566673279, 7.305670261383057, 12.351388931274414, 5.048311710357666, 11.035013198852539, 2.4280645847320557, 8.594079971313477, 1.0887656211853027, 1.8152292966842651, 7.669320106506348, 7.562384605407715, 5.509737491607666, 12.489982604980469, 3.2351996898651123, 9.991920471191406, 0.7425367832183838, 7.467568397521973, 11.232831954956055, 5.772146224975586, 11.7232666015625, 2.144566535949707, 8.017021179199219, 3.5892717838287354, 5.81781005859375, 13.2068510055542, 4.599903583526611, 0.4914751350879669, 12.748823165893555, 4.357820510864258, 1.876711130142212, 4.979427814483643, 11.943886756896973, 2.4731595516204834, 3.5564303398132324, 6.8935747146606445, 2.173063039779663, 5.499723434448242, 12.2546968460083, 3.10788631439209, 9.661766052246094, 0.42103567719459534, 10.626296043395996, 2.127321481704712, 1.2377029657363892, 7.756616115570068, 5.75526237487793, 6.006048679351807, 12.272110939025879, 3.4492175579071045, 10.316418647766113, 1.7094752788543701, 7.9323601722717285, 6.054714202880859, 5.20665168762207, 13.083990097045898, 4.04515266418457, 10.577115058898926, 1.1067849397659302, 7.974018573760986, 7.120407581329346, 5.580921649932861, 13.108019828796387, 4.28512716293335, 5.931336879730225, 13.07351303100586, 3.4948112964630127, 10.350695610046387, 0.9888558983802795, 7.865340709686279, 4.476897716522217, 6.150415420532227, 13.381631851196289, 3.9109039306640625, 10.265678405761719, 1.7667056322097778, 8.298836708068848, 7.780587196350098, 5.366400241851807, 12.149057388305664, 3.8660285472869873, 10.790990829467773, 1.4282760620117188, 7.841591835021973, 5.931527137756348, 6.304549694061279, 11.690485954284668, 3.1915082931518555, 9.848358154296875, 0.9190021753311157, 7.480156421661377, 10.494019508361816, 4.274038314819336, 8.731971740722656, 0.6516350507736206, 10.647854804992676, 5.220491886138916, 12.964755058288574, 4.0338897705078125, 8.761324882507324, 0.40739089250564575, 2.7204582691192627, 5.53813362121582, 11.750785827636719, 3.251812219619751, 9.907707214355469, 0.8709973096847534, 8.194950103759766, 4.476961612701416, 6.582297325134277, 6.921785831451416, 1.6350677013397217, 8.007216453552246, 4.951190948486328, 6.324531078338623, 12.006272315979004, 2.8594603538513184, 10.155600547790527, 1.7645995616912842, 7.337127208709717, 10.85072135925293, 5.834993839263916, 13.004538536071777, 3.9657013416290283, 10.271474838256836, 1.2328006029129028, 7.866835117340088, 5.125554084777832, 6.0888543128967285, 12.630346298217773, 3.80745267868042, 10.105581283569336, 1.067267894744873, 8.477239608764648, 10.63500690460205, 5.6544952392578125, 12.291642189025879, 4.224556922912598, 2.486402988433838, 9.874186515808105, 0.7331616282463074, 8.545969009399414, 1.291155219078064, 2.8111889362335205, 10.219761848449707, 1.6128238439559937, 7.766453742980957, 8.348662376403809, 5.705743312835693, 11.90027141571045, 3.617241144180298, 10.459599494934082, 1.6367143392562866, 7.938968658447266, 4.047977447509766, 5.409853458404541, 11.986955642700195, 3.272035837173462, 9.890380859375, 1.7153278589248657, 7.7192816734313965, 4.628032684326172, 6.247298717498779, 12.699941635131836, 3.6611030101776123, 9.859111785888672, 0.9296446442604065, 7.921325206756592, 2.8609001636505127, 6.263409614562988, 11.508220672607422, 2.253436803817749, 12.810262680053711, 3.2315621376037598, 10.873757362365723, 1.403077244758606, 8.242652893066406, 7.465353965759277, 5.525443077087402, 11.953845024108887, 2.8070340156555176, 9.891155242919922, 1.0687816143035889, 8.045278549194336, 13.915876388549805, 4.790980339050293, 10.09929084777832, 1.0610005855560303, 8.570074081420898, 6.132790565490723, 6.166745662689209, 13.246978759765625, 3.6682775020599365, 10.695862770080566, 1.9809424877166748, 3.125986337661743, 9.137293815612793, 0.5026275515556335, 12.681139945983887, 4.29013729095459, 6.914168834686279, 1.774407148361206, 8.218031883239746, 6.302134990692139, 5.925151348114014, 12.263236045837402, 3.5483148097991943, 10.221778869628906, 0.9680589437484741, 8.489002227783203, 5.969323635101318, 5.435213565826416, 11.768257141113281, 2.621445894241333, 13.272045135498047, 4.665098190307617, 2.266632556915283, 5.793638229370117, 11.963654518127441, 2.924816370010376, 10.534143447875977, 1.3873848915100098, 8.339925765991211, 6.218557834625244, 6.153825283050537, 13.380884170532227, 5.097854137420654, 12.885498046875, 3.95463228225708, 10.598109245300293, 2.099133014678955, 1.5658401250839233, 7.971555233001709, 7.792567253112793, 5.472438812255859, 12.789447784423828, 3.8585827350616455, 9.932971954345703, 0.7899801135063171, 7.710043907165527, 6.676247596740723, 5.759222507476807, 12.605840682983398, 3.351057767868042, 9.779552459716797, 0.9578017592430115, 7.837471961975098, 7.934112071990967, 4.801637172698975, 11.598942756652832, 2.884021520614624, 10.036884307861328, 0.8919064402580261, 7.457604885101318, 6.32424259185791, 5.597841739654541, 12.364450454711914, 3.757503032684326, 10.390582084655762, 1.1361212730407715, 7.345388412475586, 9.348919868469238, 5.4339399337768555, 12.308484077453613, 3.3776187896728516, 10.259184837341309]",0.0,"[0.0, 0.0, 0.0, 0.0, 0.0, 0.0, 0.0, 0.0, 0.0, 0.0, 0.0, 0.0, 0.0, 0.0, 0.0, 0.0, 0.0, 0.0, 0.0, 0.0, 0.0, 0.0, 0.0, 0.0, 0.0, 0.0, 0.0, 0.0, 0.0, 0.0, 0.0, 0.0, 0.0, 0.0, 0.0, 0.0, 0.0, 0.0, 0.0, 0.0, 0.0, 0.0, 0.0, 0.0, 0.0, 0.0, 0.0, 0.0, 0.0, 0.0, 0.0, 0.0, 0.0, 0.0, 0.0, 0.0, 0.0, 0.0, 0.0, 0.0, 0.0, 0.0, 0.0, 0.0, 0.0, 0.0, 0.0, 0.0, 0.0, 0.0, 0.0, 0.0, 0.0, 0.0, 0.0, 0.0, 0.0, 0.0, 0.0, 0.0, 0.0, 0.0, 0.0, 0.0, 0.0, 0.0, 0.0, 0.0, 0.0, 0.0, 0.0, 0.0, 0.0, 0.0, 0.0, 0.0, 0.0, 0.0, 0.0, 0.0, 0.0, 0.0, 0.0, 0.0, 0.0, 0.0, 0.0, 0.0, 0.0, 0.0, 0.0, 0.0, 0.0, 0.0, 0.0, 0.0, 0.0, 0.0, 0.0, 0.0, 0.0, 0.0, 0.0, 0.0, 0.0, 0.0, 0.0, 0.0, 0.0, 0.0, 0.0, 0.0, 0.0, 0.0, 0.0, 0.0, 0.0, 0.0, 0.0, 0.0, 0.0, 0.0, 0.0, 0.0, 0.0, 0.0, 0.0, 0.0, 0.0, 0.0, 0.0, 0.0, 0.0, 0.0, 0.0, 0.0, 0.0, 0.0, 0.0, 0.0, 0.0, 0.0, 0.0, 0.0, 0.0, 0.0, 0.0, 0.0, 0.0, 0.0, 0.0, 0.0, 0.0, 0.0, 0.0, 0.0, 0.0, 0.0, 0.0, 0.0, 0.0, 0.0, 0.0, 0.0, 0.0, 0.0, 0.0, 0.0, 0.0, 0.0, 0.0, 0.0, 0.0, 0.0, 0.0, 0.0, 0.0, 0.0, 0.0, 0.0, 0.0, 0.0, 0.0, 0.0, 0.0, 0.0, 0.0, 0.0, 0.0, 0.0, 0.0, 0.0, 0.0, 0.0, 0.0, 0.0, 0.0, 0.0, 0.0, 0.0, 0.0, 0.0, 0.0, 0.0, 0.0, 0.0, 0.0, 0.0, 0.0, 0.0, 0.0, 0.0, 0.0, 0.0, 0.0, 0.0, 0.0, 0.0, 0.0, 0.0, 0.0, 0.0, 0.0, 0.0, 0.0, 0.0, 0.0, 0.0, 0.0, 0.0, 0.0, 0.0, 0.0, 0.0, 0.0, 0.0, 0.0, 0.0, 0.0, 0.0, 0.0, 0.0, 0.0, 0.0, 0.0, 0.0, 0.0, 0.0, 0.0, 0.0, 0.0, 0.0, 0.0, 0.0, 0.0, 0.0, 0.0, 0.0, 0.0, 0.0, 0.0, 0.0, 0.0, 0.0, 0.0, 0.0, 0.0, 0.0, 0.0, 0.0, 0.0, 0.0, 0.0, 0.0, 0.0, 0.0, 0.0, 0.0, 0.0, 0.0, 0.0, 0.0, 0.0, 0.0, 0.0, 0.0, 0.0, 0.0, 0.0, 0.0, 0.0, 0.0, 0.0, 0.0, 0.0, 0.0, 0.0, 0.0, 0.0, 0.0, 0.0, 0.0, 0.0, 0.0, 0.0, 0.0, 0.0, 0.0, 0.0, 0.0, 0.0, 0.0, 0.0, 0.0, 0.0, 0.0, 0.0, 0.0, 0.0, 0.0, 0.0, 0.0, 0.0, 0.0, 0.0, 0.0, 0.0, 0.0, 0.0, 0.0, 0.0, 0.0, 0.0, 0.0, 0.0, 0.0, 0.0, 0.0, 0.0, 0.0, 0.0, 0.0, 0.0, 0.0, 0.0, 0.0, 0.0, 0.0, 0.0, 0.0, 0.0, 0.0, 0.0, 0.0, 0.0, 0.0, 0.0, 0.0, 0.0, 0.0, 0.0, 0.0, 0.0, 0.0, 0.0, 0.0, 0.0, 0.0, 0.0, 0.0, 0.0, 0.0, 0.0, 0.0, 0.0, 0.0, 0.0, 0.0, 0.0, 0.0, 0.0, 0.0, 0.0, 0.0, 0.0, 0.0, 0.0, 0.0, 0.0, 0.0, 0.0, 0.0, 0.0, 0.0, 0.0, 0.0, 0.0, 0.0, 0.0, 0.0, 0.0, 0.0, 0.0, 0.0, 0.0, 0.0, 0.0, 0.0, 0.0, 0.0, 0.0, 0.0, 0.0, 0.0, 0.0, 0.0, 0.0, 0.0, 0.0, 0.0, 0.0, 0.0, 0.0, 0.0, 0.0, 0.0, 0.0, 0.0, 0.0, 0.0]",COMPLETE
