,number,value,datetime_start,datetime_complete,duration,params_batch_size_scaler,params_constant_learning_rate,params_depth,params_epochs,params_kernel_l2,params_num_trees,params_temperature,user_attrs_accuracy_test,user_attrs_accuracy_valid,user_attrs_approximate_feature_sparsity,user_attrs_approximate_feature_sparsity_history,user_attrs_approximate_weight_sparsity,user_attrs_approximate_weight_sparsity_history,user_attrs_auc_test,user_attrs_auc_valid,user_attrs_feature_sparsity,user_attrs_feature_sparsity_history,user_attrs_num_epochs,user_attrs_val_loss_history,user_attrs_weight_sparsity,user_attrs_weight_sparsity_history,state
91,91,0.8763895866342053,2024-08-31 04:28:19.031034,2024-08-31 04:29:42.608676,0 days 00:01:23.577642,4,0.013256141357262493,1,295,0.031408116761076896,85,0.027780016621666456,0.86,0.86375,33,"[33, 33, 33, 33, 33, 33, 33, 33, 33, 33, 33, 33, 33, 33, 33, 33, 33, 33, 33, 33, 33, 33, 33, 33, 33, 33, 33, 33, 33, 33, 33, 33, 33, 33, 33, 33, 33, 33, 33, 33, 33, 33, 33, 33, 33, 33, 33, 33, 33, 33, 33, 33, 33, 33, 33, 33, 33, 33, 33, 33, 33, 33, 33, 33, 33, 33, 33, 33, 33, 33, 33, 33, 33, 33, 33, 33, 33, 33, 33, 33, 33, 33, 33, 33, 33, 33, 33, 33, 33, 33, 33, 33, 33, 33, 33, 33, 33, 33, 33, 33, 33, 33, 33, 33, 33, 33, 33, 33, 33, 33, 33, 33, 33, 33, 33, 33, 33, 33, 33, 33, 33, 33, 33, 33, 33, 33, 33, 33, 33, 33, 33, 33, 33, 33, 33, 33, 33, 33, 33, 33, 33, 33, 33, 33, 33, 33, 33, 33, 33, 33, 33, 33, 33, 33, 33, 33, 33, 33, 33, 33, 33, 33, 33, 33, 33, 33, 33, 33, 33, 33, 33, 33, 33, 33, 33, 33, 33, 33, 33, 33, 33, 33, 33, 33, 33, 33, 33, 33, 33, 33, 33, 33, 33, 33, 33, 33, 33, 33, 33, 33, 33, 33, 33, 33, 33, 33, 33, 33, 33, 33, 33, 33, 33, 33, 33, 33, 33, 33, 33, 33, 33, 33, 33, 33, 33, 33, 33, 33, 33, 33, 33, 33, 33, 33, 33, 33, 33, 33, 33, 33, 33, 33, 33, 33, 33, 33, 33, 33, 33, 33, 33, 33, 33, 33, 33, 33, 33, 33, 33, 33, 33, 33, 33, 33, 33, 33, 33, 33, 33, 33, 33, 33, 33, 33, 33, 33, 33, 33, 33, 33, 33, 33, 33, 33, 33, 33, 33, 33, 33, 33, 33, 33, 33, 33, 33]",32.964705882352945,"[33.0, 32.964705882352945, 32.976470588235294, 32.98823529411764, 32.98823529411764, 33.0, 32.98823529411764, 32.98823529411764, 33.0, 33.0, 32.98823529411764, 33.0, 32.98823529411764, 32.98823529411764, 32.98823529411764, 33.0, 33.0, 33.0, 32.976470588235294, 33.0, 33.0, 33.0, 33.0, 33.0, 32.98823529411764, 33.0, 33.0, 32.98823529411764, 32.98823529411764, 33.0, 33.0, 33.0, 32.98823529411764, 32.964705882352945, 33.0, 33.0, 33.0, 33.0, 33.0, 32.98823529411764, 33.0, 33.0, 33.0, 33.0, 33.0, 33.0, 33.0, 32.98823529411764, 32.98823529411764, 32.98823529411764, 32.98823529411764, 32.964705882352945, 32.964705882352945, 32.976470588235294, 32.976470588235294, 32.964705882352945, 32.976470588235294, 32.964705882352945, 32.964705882352945, 32.95294117647059, 32.95294117647059, 32.964705882352945, 32.95294117647059, 32.976470588235294, 32.98823529411764, 32.98823529411764, 32.98823529411764, 32.98823529411764, 32.964705882352945, 32.964705882352945, 32.98823529411764, 33.0, 33.0, 33.0, 33.0, 33.0, 33.0, 33.0, 33.0, 32.98823529411764, 32.98823529411764, 32.976470588235294, 33.0, 32.98823529411764, 33.0, 33.0, 32.976470588235294, 32.976470588235294, 33.0, 33.0, 33.0, 33.0, 32.98823529411764, 32.98823529411764, 33.0, 33.0, 33.0, 32.98823529411764, 32.98823529411764, 33.0, 32.964705882352945, 32.964705882352945, 32.976470588235294, 32.976470588235294, 32.98823529411764, 32.98823529411764, 32.98823529411764, 32.98823529411764, 32.98823529411764, 32.98823529411764, 32.98823529411764, 32.976470588235294, 32.98823529411764, 32.98823529411764, 32.976470588235294, 32.98823529411764, 33.0, 32.98823529411764, 33.0, 32.976470588235294, 32.976470588235294, 32.976470588235294, 32.98823529411764, 33.0, 32.976470588235294, 32.98823529411764, 32.98823529411764, 32.964705882352945, 32.95294117647059, 32.95294117647059, 33.0, 32.98823529411764, 33.0, 32.98823529411764, 32.976470588235294, 32.976470588235294, 32.976470588235294, 32.98823529411764, 32.976470588235294, 32.964705882352945, 32.964705882352945, 32.98823529411764, 32.976470588235294, 33.0, 32.98823529411764, 32.976470588235294, 32.976470588235294, 32.98823529411764, 32.98823529411764, 32.98823529411764, 32.98823529411764, 32.98823529411764, 33.0, 32.98823529411764, 33.0, 32.98823529411764, 33.0, 32.98823529411764, 33.0, 33.0, 32.976470588235294, 32.976470588235294, 32.976470588235294, 32.95294117647059, 32.98823529411764, 32.976470588235294, 32.98823529411764, 32.98823529411764, 32.976470588235294, 32.976470588235294, 32.976470588235294, 32.976470588235294, 32.976470588235294, 32.976470588235294, 32.976470588235294, 32.976470588235294, 32.964705882352945, 32.976470588235294, 32.976470588235294, 32.964705882352945, 32.976470588235294, 32.98823529411764, 32.976470588235294, 32.976470588235294, 33.0, 33.0, 32.98823529411764, 32.98823529411764, 32.98823529411764, 33.0, 32.976470588235294, 32.98823529411764, 32.98823529411764, 32.976470588235294, 32.98823529411764, 32.976470588235294, 32.976470588235294, 32.98823529411764, 32.98823529411764, 33.0, 33.0, 32.98823529411764, 32.98823529411764, 32.98823529411764, 32.95294117647059, 32.976470588235294, 32.976470588235294, 32.976470588235294, 33.0, 33.0, 32.98823529411764, 32.98823529411764, 32.98823529411764, 33.0, 32.98823529411764, 32.98823529411764, 32.98823529411764, 32.95294117647059, 32.976470588235294, 32.976470588235294, 32.964705882352945, 32.976470588235294, 32.976470588235294, 32.98823529411764, 32.964705882352945, 32.964705882352945, 32.976470588235294, 32.976470588235294, 32.976470588235294, 32.95294117647059, 32.95294117647059, 32.964705882352945, 32.95294117647059, 32.976470588235294, 32.98823529411764, 32.976470588235294, 32.964705882352945, 32.964705882352945, 32.94117647058823, 32.92941176470588, 32.964705882352945, 32.976470588235294, 32.964705882352945, 32.964705882352945, 32.964705882352945, 32.964705882352945, 32.95294117647059, 32.976470588235294, 33.0, 33.0, 33.0, 32.976470588235294, 32.98823529411764, 32.976470588235294, 32.98823529411764, 32.98823529411764, 32.98823529411764, 32.98823529411764, 32.98823529411764, 32.98823529411764, 32.976470588235294, 32.976470588235294, 32.976470588235294, 32.98823529411764, 32.976470588235294, 32.964705882352945, 32.964705882352945, 32.976470588235294, 32.964705882352945, 32.976470588235294, 32.98823529411764, 32.98823529411764, 32.976470588235294, 32.98823529411764, 32.98823529411764, 32.98823529411764, 32.98823529411764, 32.964705882352945, 32.98823529411764, 32.98823529411764, 32.98823529411764, 32.98823529411764, 32.98823529411764, 32.976470588235294, 32.976470588235294, 32.98823529411764, 32.976470588235294, 32.976470588235294, 32.976470588235294, 32.976470588235294, 32.976470588235294, 32.98823529411764, 32.964705882352945, 32.976470588235294, 32.964705882352945]",0.8746274325250374,0.8763895866342053,33,"[33, 33, 33, 33, 33, 33, 33, 33, 33, 33, 33, 33, 33, 33, 33, 33, 33, 33, 33, 33, 33, 33, 33, 33, 33, 33, 33, 33, 33, 33, 33, 33, 33, 33, 33, 33, 33, 33, 33, 33, 33, 33, 33, 33, 33, 33, 33, 33, 33, 33, 33, 33, 33, 33, 33, 33, 33, 33, 33, 33, 33, 33, 33, 33, 33, 33, 33, 33, 33, 33, 33, 33, 33, 33, 33, 33, 33, 33, 33, 33, 33, 33, 33, 33, 33, 33, 33, 33, 33, 33, 33, 33, 33, 33, 33, 33, 33, 33, 33, 33, 33, 33, 33, 33, 33, 33, 33, 33, 33, 33, 33, 33, 33, 33, 33, 33, 33, 33, 33, 33, 33, 33, 33, 33, 33, 33, 33, 33, 33, 33, 33, 33, 33, 33, 33, 33, 33, 33, 33, 33, 33, 33, 33, 33, 33, 33, 33, 33, 33, 33, 33, 33, 33, 33, 33, 33, 33, 33, 33, 33, 33, 33, 33, 33, 33, 33, 33, 33, 33, 33, 33, 33, 33, 33, 33, 33, 33, 33, 33, 33, 33, 33, 33, 33, 33, 33, 33, 33, 33, 33, 33, 33, 33, 33, 33, 33, 33, 33, 33, 33, 33, 33, 33, 33, 33, 33, 33, 33, 33, 33, 33, 33, 33, 33, 33, 33, 33, 33, 33, 33, 33, 33, 33, 33, 33, 33, 33, 33, 33, 33, 33, 33, 33, 33, 33, 33, 33, 33, 33, 33, 33, 33, 33, 33, 33, 33, 33, 33, 33, 33, 33, 33, 33, 33, 33, 33, 33, 33, 33, 33, 33, 33, 33, 33, 33, 33, 33, 33, 33, 33, 33, 33, 33, 33, 33, 33, 33, 33, 33, 33, 33, 33, 33, 33, 33, 33, 33, 33, 33, 33, 33, 33, 33, 33, 33]",295,"[0.4199087619781494, 0.41371867060661316, 0.40971696376800537, 0.40643733739852905, 0.40419647097587585, 0.4016489088535309, 0.399433970451355, 0.39727309346199036, 0.39567771553993225, 0.39433273673057556, 0.3939119577407837, 0.3915834128856659, 0.3914455771446228, 0.3897375464439392, 0.388675332069397, 0.38782745599746704, 0.3884240388870239, 0.38570496439933777, 0.3858531713485718, 0.38427889347076416, 0.38336268067359924, 0.38250577449798584, 0.38214945793151855, 0.38092994689941406, 0.380401611328125, 0.37951239943504333, 0.37887755036354065, 0.37809908390045166, 0.3773508369922638, 0.37665772438049316, 0.3761903643608093, 0.3755965530872345, 0.37458300590515137, 0.37387120723724365, 0.37323254346847534, 0.37499260902404785, 0.37197181582450867, 0.37127354741096497, 0.3712267279624939, 0.37003639340400696, 0.3694186806678772, 0.36896368861198425, 0.3695991039276123, 0.36861652135849, 0.3674181401729584, 0.3683316707611084, 0.36621612310409546, 0.3679954409599304, 0.3647046685218811, 0.3640151917934418, 0.3637588918209076, 0.36290398240089417, 0.36318013072013855, 0.3617744743824005, 0.3628808557987213, 0.36115527153015137, 0.360312283039093, 0.36189424991607666, 0.3606759309768677, 0.35935303568840027, 0.3585178852081299, 0.3581668436527252, 0.35817840695381165, 0.3566323220729828, 0.35614725947380066, 0.3563786745071411, 0.35596561431884766, 0.35511288046836853, 0.3549315333366394, 0.35389626026153564, 0.35354888439178467, 0.35432565212249756, 0.3527199923992157, 0.3522168695926666, 0.3523905575275421, 0.35138964653015137, 0.3515758812427521, 0.35111671686172485, 0.35020697116851807, 0.3497965335845947, 0.35001981258392334, 0.3496381640434265, 0.34876391291618347, 0.3482914865016937, 0.3482774794101715, 0.34783676266670227, 0.34724944829940796, 0.34760797023773193, 0.3471073806285858, 0.3462928533554077, 0.3460681140422821, 0.34608185291290283, 0.3454585373401642, 0.3469065725803375, 0.3451476991176605, 0.34435489773750305, 0.34441742300987244, 0.3446888029575348, 0.3435637354850769, 0.343607634305954, 0.3444010615348816, 0.34290921688079834, 0.3426137864589691, 0.34203997254371643, 0.3417738080024719, 0.34162095189094543, 0.34160858392715454, 0.34094247221946716, 0.3406769037246704, 0.34042492508888245, 0.34062084555625916, 0.3399461507797241, 0.3400919437408447, 0.340718537569046, 0.3393824100494385, 0.33886516094207764, 0.33872291445732117, 0.3387868106365204, 0.3385733664035797, 0.33798739314079285, 0.3377148509025574, 0.3375057876110077, 0.3373001515865326, 0.33708781003952026, 0.33710795640945435, 0.33672869205474854, 0.3364885747432709, 0.336452454328537, 0.3366568386554718, 0.3359278440475464, 0.33683159947395325, 0.33642029762268066, 0.33570238947868347, 0.33518683910369873, 0.3348565995693207, 0.3377533257007599, 0.3346683382987976, 0.3349148631095886, 0.3346329927444458, 0.3344361484050751, 0.3341212570667267, 0.33384573459625244, 0.3336518108844757, 0.33320438861846924, 0.3331114649772644, 0.332845538854599, 0.3349463939666748, 0.332579642534256, 0.33244338631629944, 0.33247140049934387, 0.3322544991970062, 0.33193495869636536, 0.33194074034690857, 0.33175790309906006, 0.3316870629787445, 0.33313724398612976, 0.3310738503932953, 0.3309682011604309, 0.3308333456516266, 0.3307366669178009, 0.3305003046989441, 0.330330491065979, 0.330162912607193, 0.3299655616283417, 0.33004021644592285, 0.3301767110824585, 0.33078038692474365, 0.3293570578098297, 0.3294804096221924, 0.3291918635368347, 0.3292158544063568, 0.32897162437438965, 0.32933270931243896, 0.32864829897880554, 0.32971808314323425, 0.3286047875881195, 0.32826489210128784, 0.32815903425216675, 0.3288465440273285, 0.3281855881214142, 0.3283061981201172, 0.3282760977745056, 0.32826751470565796, 0.3271593153476715, 0.3273404836654663, 0.32699084281921387, 0.32773545384407043, 0.3266386091709137, 0.32653340697288513, 0.32674336433410645, 0.32698166370391846, 0.32623985409736633, 0.32651808857917786, 0.32602033019065857, 0.3258959949016571, 0.3257943093776703, 0.3267909586429596, 0.3257214426994324, 0.32595932483673096, 0.3253787159919739, 0.3252437114715576, 0.32528766989707947, 0.3249349594116211, 0.3247549831867218, 0.3256295323371887, 0.3246840536594391, 0.32443732023239136, 0.3243034780025482, 0.3242139518260956, 0.3256571888923645, 0.32363903522491455, 0.3237629234790802, 0.32335802912712097, 0.32324516773223877, 0.323343425989151, 0.3231712281703949, 0.3229570686817169, 0.32291343808174133, 0.32295337319374084, 0.32366782426834106, 0.32268038392066956, 0.3225773870944977, 0.32231974601745605, 0.3218705356121063, 0.32192620635032654, 0.32144686579704285, 0.3217405080795288, 0.3211342990398407, 0.3216656446456909, 0.3207920491695404, 0.3207976520061493, 0.321422815322876, 0.32023105025291443, 0.3203408420085907, 0.31990063190460205, 0.31989356875419617, 0.31960466504096985, 0.3210913836956024, 0.31950843334198, 0.3199393153190613, 0.3189747929573059, 0.31867483258247375, 0.318462997674942, 0.3182791471481323, 0.3180673122406006, 0.3180164098739624, 0.31769904494285583, 0.31979286670684814, 0.317815899848938, 0.31694918870925903, 0.3170371651649475, 0.31859952211380005, 0.3167193531990051, 0.31846168637275696, 0.3165929317474365, 0.31569018959999084, 0.31556329131126404, 0.3161238729953766, 0.3157941699028015, 0.314774751663208, 0.3152458071708679, 0.31420066952705383, 0.3140433728694916, 0.31514179706573486, 0.31412163376808167, 0.3135632276535034, 0.312816321849823, 0.3124919533729553, 0.3121919333934784, 0.3123176395893097, 0.3119894862174988, 0.31333625316619873, 0.3119402229785919, 0.31077665090560913, 0.3107220232486725, 0.3100990653038025, 0.30986034870147705, 0.3122720718383789, 0.30983006954193115, 0.3088668882846832, 0.3086398243904114, 0.30826759338378906, 0.3097837567329407, 0.3075595796108246, 0.30873575806617737, 0.30675244331359863, 0.30712056159973145, 0.3061431646347046, 0.3057512044906616, 0.3054206371307373, 0.3058055639266968, 0.3045269250869751, 0.3059481680393219, 0.30540257692337036, 0.3033983111381531]",33.0,"[33.0, 33.0, 33.0, 33.0, 33.0, 33.0, 33.0, 33.0, 33.0, 33.0, 33.0, 33.0, 33.0, 33.0, 33.0, 33.0, 33.0, 33.0, 33.0, 33.0, 33.0, 33.0, 33.0, 33.0, 33.0, 33.0, 33.0, 33.0, 33.0, 33.0, 33.0, 33.0, 33.0, 33.0, 33.0, 33.0, 33.0, 33.0, 33.0, 33.0, 33.0, 33.0, 33.0, 33.0, 33.0, 33.0, 33.0, 33.0, 33.0, 33.0, 33.0, 33.0, 33.0, 33.0, 33.0, 33.0, 33.0, 33.0, 33.0, 33.0, 33.0, 33.0, 33.0, 33.0, 33.0, 33.0, 33.0, 33.0, 33.0, 33.0, 33.0, 33.0, 33.0, 33.0, 33.0, 33.0, 33.0, 33.0, 33.0, 33.0, 33.0, 33.0, 33.0, 33.0, 33.0, 33.0, 33.0, 33.0, 33.0, 33.0, 33.0, 33.0, 33.0, 33.0, 33.0, 33.0, 33.0, 33.0, 33.0, 33.0, 33.0, 33.0, 33.0, 33.0, 33.0, 33.0, 33.0, 33.0, 33.0, 33.0, 33.0, 33.0, 33.0, 33.0, 33.0, 33.0, 33.0, 33.0, 33.0, 33.0, 33.0, 33.0, 33.0, 33.0, 33.0, 33.0, 33.0, 33.0, 33.0, 33.0, 33.0, 33.0, 33.0, 33.0, 33.0, 33.0, 33.0, 33.0, 33.0, 33.0, 33.0, 33.0, 33.0, 33.0, 33.0, 33.0, 33.0, 33.0, 33.0, 33.0, 33.0, 33.0, 33.0, 33.0, 33.0, 33.0, 33.0, 33.0, 33.0, 33.0, 33.0, 33.0, 33.0, 33.0, 33.0, 33.0, 33.0, 33.0, 33.0, 33.0, 33.0, 33.0, 33.0, 33.0, 33.0, 33.0, 33.0, 33.0, 33.0, 33.0, 33.0, 33.0, 33.0, 33.0, 33.0, 33.0, 33.0, 33.0, 33.0, 33.0, 33.0, 33.0, 33.0, 33.0, 33.0, 33.0, 33.0, 33.0, 33.0, 33.0, 33.0, 33.0, 33.0, 33.0, 33.0, 33.0, 33.0, 33.0, 33.0, 33.0, 33.0, 33.0, 33.0, 33.0, 33.0, 33.0, 33.0, 33.0, 33.0, 33.0, 33.0, 33.0, 33.0, 33.0, 33.0, 33.0, 33.0, 33.0, 33.0, 33.0, 33.0, 33.0, 33.0, 33.0, 33.0, 33.0, 33.0, 33.0, 33.0, 33.0, 33.0, 33.0, 33.0, 33.0, 33.0, 33.0, 33.0, 33.0, 33.0, 33.0, 33.0, 33.0, 33.0, 33.0, 33.0, 33.0, 33.0, 33.0, 33.0, 33.0, 33.0, 33.0, 33.0, 33.0, 33.0, 33.0, 33.0, 33.0, 33.0, 33.0, 33.0, 33.0, 33.0, 33.0, 33.0, 33.0, 33.0, 33.0, 33.0, 33.0, 33.0, 33.0, 33.0, 33.0, 33.0, 33.0, 33.0, 33.0, 33.0, 33.0, 33.0, 33.0, 33.0, 33.0, 33.0]",COMPLETE
92,92,0.7373665159536783,2024-08-31 04:29:44.361409,2024-08-31 04:31:10.520016,0 days 00:01:26.158607,1,0.3613521905445741,3,120,0.002671253901890291,8,0.015584113431091057,0.88,0.8675,1,"[1, 1, 1, 1, 1, 1, 1, 1, 1, 1, 1, 1, 1, 1, 1, 1, 1, 1, 1, 1, 1, 1, 1, 1, 1, 1, 1, 1, 1, 1, 1, 1, 1, 1, 1, 1, 1, 1, 1, 1, 1, 1, 1, 1, 1, 1, 1, 1, 1, 1, 1, 1, 1, 1, 1, 1, 1, 1, 1, 1, 1, 1, 1, 1, 1, 1, 1, 1, 1, 1, 1, 1, 1, 1, 1, 1, 1, 1, 1, 1, 1, 1, 1, 1, 1, 1, 1, 1, 1, 1, 1, 1, 1, 1, 1, 1, 1, 1, 1, 1, 1, 1, 1, 1, 1, 1, 1, 1, 1, 1, 1, 1, 1, 1, 1, 1, 1, 1, 1, 1]",1.0,"[1.0, 1.0, 1.0, 1.0, 1.0, 1.0, 1.0, 1.0, 1.0, 1.0, 1.0, 1.0, 1.0, 1.0, 1.0, 1.0, 1.0, 1.0, 1.0, 1.0, 1.0, 1.0, 1.0, 1.0, 1.0, 1.0, 1.0, 1.0, 1.0, 1.0, 1.0, 1.0, 1.0, 1.0, 1.0, 1.0, 1.0, 1.0, 1.0, 1.0, 1.0, 1.0, 1.0, 1.0, 1.0, 1.0, 1.0, 1.0, 1.0, 1.0, 1.0, 1.0, 1.0, 1.0, 1.0, 1.0, 1.0, 1.0, 1.0, 1.0, 1.0, 1.0, 1.0, 1.0, 1.0, 1.0, 1.0, 1.0, 1.0, 1.0, 0.9821428571428571, 1.0, 0.9821428571428571, 1.0, 1.0, 1.0, 1.0, 1.0, 1.0, 1.0, 1.0, 1.0, 1.0, 1.0, 1.0, 1.0, 1.0, 1.0, 1.0, 1.0, 1.0, 1.0, 1.0, 1.0, 1.0, 0.9821428571428571, 1.0, 1.0, 1.0, 1.0, 1.0, 1.0, 1.0, 1.0, 1.0, 1.0, 1.0, 1.0, 1.0, 1.0, 1.0, 1.0, 1.0, 1.0, 1.0, 1.0, 1.0, 1.0, 1.0, 1.0]",0.7259884906579481,0.7373665159536783,1,"[1, 1, 1, 1, 1, 1, 1, 1, 1, 1, 1, 1, 1, 1, 1, 1, 1, 1, 1, 1, 1, 1, 1, 1, 1, 1, 1, 1, 1, 1, 1, 1, 1, 1, 1, 1, 1, 1, 1, 1, 1, 1, 1, 1, 1, 1, 1, 1, 1, 1, 1, 1, 1, 1, 1, 1, 1, 1, 1, 1, 1, 1, 1, 1, 1, 1, 1, 1, 1, 1, 1, 1, 1, 1, 1, 1, 1, 1, 1, 1, 1, 1, 1, 1, 1, 1, 1, 1, 1, 1, 1, 1, 1, 1, 1, 1, 1, 1, 1, 1, 1, 1, 1, 1, 1, 1, 1, 1, 1, 1, 1, 1, 1, 1, 1, 1, 1, 1, 1, 1]",120,"[0.3869006335735321, 0.3792930841445923, 0.37322235107421875, 0.3697756230831146, 0.3697095215320587, 0.3612980246543884, 0.36249688267707825, 0.3663816750049591, 0.36079370975494385, 0.36368492245674133, 0.3586541414260864, 0.3616873025894165, 0.3648013770580292, 0.358284592628479, 0.3629244267940521, 0.35840198397636414, 0.3658411502838135, 0.3584555387496948, 0.35801616311073303, 0.35761287808418274, 0.35753974318504333, 0.35838621854782104, 0.3619910180568695, 0.35848942399024963, 0.35735663771629333, 0.35799944400787354, 0.35836440324783325, 0.357803612947464, 0.3578721284866333, 0.35783687233924866, 0.3579689860343933, 0.3607792258262634, 0.35857322812080383, 0.359223335981369, 0.36007121205329895, 0.35867226123809814, 0.3579466938972473, 0.3575097322463989, 0.3580816686153412, 0.36121657490730286, 0.35840901732444763, 0.35721340775489807, 0.3573615252971649, 0.35783785581588745, 0.35828956961631775, 0.358547568321228, 0.3587054908275604, 0.35781964659690857, 0.3608245551586151, 0.3578335642814636, 0.36027905344963074, 0.35723820328712463, 0.35876405239105225, 0.35754308104515076, 0.35778602957725525, 0.35863715410232544, 0.3579525351524353, 0.3586081266403198, 0.35703593492507935, 0.3576415777206421, 0.35762473940849304, 0.35966357588768005, 0.35706356167793274, 0.3572780191898346, 0.35908442735671997, 0.35837599635124207, 0.35945022106170654, 0.3577723801136017, 0.35826265811920166, 0.3575829565525055, 0.35885754227638245, 0.357412189245224, 0.35795173048973083, 0.3577190041542053, 0.3576878011226654, 0.3573511242866516, 0.35755348205566406, 0.35855796933174133, 0.35865676403045654, 0.3572860360145569, 0.3575924336910248, 0.35799530148506165, 0.36156269907951355, 0.36122849583625793, 0.35699036717414856, 0.3572828769683838, 0.35753580927848816, 0.3593665361404419, 0.3596670627593994, 0.35916027426719666, 0.36150887608528137, 0.3579741418361664, 0.357309490442276, 0.3570205569267273, 0.3611205220222473, 0.3579617738723755, 0.35807594656944275, 0.36031588912010193, 0.35901039838790894, 0.36033180356025696, 0.3582378327846527, 0.35976937413215637, 0.35755398869514465, 0.35719215869903564, 0.35963839292526245, 0.35829105973243713, 0.37370193004608154, 0.35697537660598755, 0.35751888155937195, 0.3585832715034485, 0.35828426480293274, 0.35728180408477783, 0.3579116463661194, 0.36144396662712097, 0.35827186703681946, 0.35749390721321106, 0.3607051372528076, 0.3592507839202881, 0.3579447269439697, 0.3592053949832916]",1.0,"[1.0, 1.0, 1.0, 1.0, 1.0, 1.0, 1.0, 1.0, 1.0, 1.0, 1.0, 1.0, 1.0, 1.0, 1.0, 1.0, 1.0, 1.0, 1.0, 1.0, 1.0, 1.0, 1.0, 1.0, 1.0, 1.0, 1.0, 1.0, 1.0, 1.0, 1.0, 1.0, 1.0, 1.0, 1.0, 1.0, 1.0, 1.0, 1.0, 1.0, 1.0, 1.0, 1.0, 1.0, 1.0, 1.0, 1.0, 1.0, 1.0, 1.0, 1.0, 1.0, 1.0, 1.0, 1.0, 1.0, 1.0, 1.0, 1.0, 1.0, 1.0, 1.0, 1.0, 1.0, 1.0, 1.0, 1.0, 1.0, 1.0, 1.0, 1.0, 1.0, 1.0, 1.0, 1.0, 1.0, 1.0, 1.0, 1.0, 1.0, 1.0, 1.0, 1.0, 1.0, 1.0, 1.0, 1.0, 1.0, 1.0, 1.0, 1.0, 1.0, 1.0, 1.0, 1.0, 1.0, 1.0, 1.0, 1.0, 1.0, 1.0, 1.0, 1.0, 1.0, 1.0, 1.0, 1.0, 1.0, 1.0, 1.0, 1.0, 1.0, 1.0, 1.0, 1.0, 1.0, 1.0, 1.0, 1.0, 1.0]",COMPLETE
