,number,value,datetime_start,datetime_complete,duration,params_batch_size_scaler,params_constant_learning_rate,params_depth,params_epochs,params_kernel_l2,params_num_trees,params_temperature,user_attrs_accuracy_test,user_attrs_accuracy_valid,user_attrs_approximate_feature_sparsity,user_attrs_approximate_feature_sparsity_history,user_attrs_approximate_weight_sparsity,user_attrs_approximate_weight_sparsity_history,user_attrs_auc_test,user_attrs_auc_valid,user_attrs_feature_sparsity,user_attrs_feature_sparsity_history,user_attrs_num_epochs,user_attrs_val_loss_history,user_attrs_weight_sparsity,user_attrs_weight_sparsity_history,state
34,34,0.5,2024-08-31 02:04:28.179774,2024-08-31 02:09:20.910707,0 days 00:04:52.730933,16,1.9670162628430161,6,195,0.1863159300133579,66,0.03402991516867153,0.859,0.85875,0,"[0, 0, 0, 0, 0, 0, 0, 0, 0, 0, 0, 0, 0, 0, 0, 0, 0, 0, 0, 0, 0, 0, 0, 0, 0, 0, 0, 0, 0, 0, 0, 0, 0, 0, 0, 0, 0, 0, 0, 0, 0, 0, 0, 0, 0, 0, 0, 0, 0, 0, 0, 0, 0, 0, 0, 0, 0, 0, 0, 0, 0, 0, 0, 0, 0, 0, 0, 0, 0, 0, 0, 0, 0, 0, 0, 0, 0, 0, 0, 0, 0, 0, 0, 0, 0, 0, 0, 0, 0, 0, 0, 0, 0, 0, 0, 0, 0, 0, 0, 0, 0, 0, 0, 0, 0, 0, 0, 0, 0, 0, 0, 0, 0, 0, 0, 0, 0, 0, 0, 0, 0, 0, 0, 0, 0, 0, 0, 0, 0, 0, 0, 0, 0, 0, 0, 0, 0, 0, 0, 0, 0, 0, 0, 0, 0, 0, 0, 0, 0, 0, 0, 0, 0, 0, 0, 0, 0, 0, 0, 0, 0, 0, 0, 0, 0, 0, 0, 0, 0, 0, 0, 0, 0, 0, 0, 0, 0, 0, 0, 0, 0, 0, 0, 0, 0, 0, 0, 0, 0, 0, 0, 0, 0, 0, 0]",0.0,"[0.0, 0.0, 0.0, 0.0, 0.0, 0.0, 0.0, 0.0, 0.0, 0.0, 0.0, 0.0, 0.0, 0.0, 0.0, 0.0, 0.0, 0.0, 0.0, 0.0, 0.0, 0.0, 0.0, 0.0, 0.0, 0.0, 0.0, 0.0, 0.0, 0.0, 0.0, 0.0, 0.0, 0.0, 0.0, 0.0, 0.0, 0.0, 0.0, 0.0, 0.0, 0.0, 0.0, 0.0, 0.0, 0.0, 0.0, 0.0, 0.0, 0.0, 0.0, 0.0, 0.0, 0.0, 0.0, 0.0, 0.0, 0.0, 0.0, 0.0, 0.0, 0.0, 0.0, 0.0, 0.0, 0.0, 0.0, 0.0, 0.0, 0.0, 0.0, 0.0, 0.0, 0.0, 0.0, 0.0, 0.0, 0.0, 0.0, 0.0, 0.0, 0.0, 0.0, 0.0, 0.0, 0.0, 0.0, 0.0, 0.0, 0.0, 0.0, 0.0, 0.0, 0.0, 0.0, 0.0, 0.0, 0.0, 0.0, 0.0, 0.0, 0.0, 0.0, 0.0, 0.0, 0.0, 0.0, 0.0, 0.0, 0.0, 0.0, 0.0, 0.0, 0.0, 0.0, 0.0, 0.0, 0.0, 0.0, 0.0, 0.0, 0.0, 0.0, 0.0, 0.0, 0.0, 0.0, 0.0, 0.0, 0.0, 0.0, 0.0, 0.0, 0.0, 0.0, 0.0, 0.0, 0.0, 0.0, 0.0, 0.0, 0.0, 0.0, 0.0, 0.0, 0.0, 0.0, 0.0, 0.0, 0.0, 0.0, 0.0, 0.0, 0.0, 0.0, 0.0, 0.0, 0.0, 0.0, 0.0, 0.0, 0.0, 0.0, 0.0, 0.0, 0.0, 0.0, 0.0, 0.0, 0.0, 0.0, 0.0, 0.0, 0.0, 0.0, 0.0, 0.0, 0.0, 0.0, 0.0, 0.0, 0.0, 0.0, 0.0, 0.0, 0.0, 0.0, 0.0, 0.0, 0.0, 0.0, 0.0, 0.0, 0.0, 0.0]",0.5,0.5,0,"[0, 0, 0, 0, 0, 0, 0, 0, 0, 0, 0, 0, 0, 0, 0, 0, 0, 0, 0, 0, 0, 0, 0, 0, 0, 0, 0, 0, 0, 0, 0, 0, 0, 0, 0, 0, 0, 0, 0, 0, 0, 0, 0, 0, 0, 0, 0, 0, 0, 0, 0, 0, 0, 0, 0, 0, 0, 0, 0, 0, 0, 0, 0, 0, 0, 0, 0, 0, 0, 0, 0, 0, 0, 0, 0, 0, 0, 0, 0, 0, 0, 0, 0, 0, 0, 0, 0, 0, 0, 0, 0, 0, 0, 0, 0, 0, 0, 0, 0, 0, 0, 0, 0, 0, 0, 0, 0, 0, 0, 0, 0, 0, 0, 0, 0, 0, 0, 0, 0, 0, 0, 0, 0, 0, 0, 0, 0, 0, 0, 0, 0, 0, 0, 0, 0, 0, 0, 0, 0, 0, 0, 0, 0, 0, 0, 0, 0, 0, 0, 0, 0, 0, 0, 0, 0, 0, 0, 0, 0, 0, 0, 0, 0, 0, 0, 0, 0, 0, 0, 0, 0, 0, 0, 0, 0, 0, 0, 0, 0, 0, 0, 0, 0, 0, 0, 0, 0, 0, 0, 0, 0, 0, 0, 0, 0]",195,"[0.40723130106925964, 0.4076058864593506, 0.40726181864738464, 0.41303181648254395, 0.40755096077919006, 0.40873008966445923, 0.42775848507881165, 0.4083159267902374, 0.4092266857624054, 0.40776821970939636, 0.4079536199569702, 0.4076297879219055, 0.40904903411865234, 0.4072539806365967, 0.4073050022125244, 0.407891184091568, 0.4074815511703491, 0.4072303771972656, 0.40810462832450867, 0.4076036214828491, 0.4088290333747864, 0.4103005528450012, 0.4074726998806, 0.40833473205566406, 0.40731483697891235, 0.40811291337013245, 0.4073909819126129, 0.40785902738571167, 0.4076392352581024, 0.41055887937545776, 0.4078315794467926, 0.40735217928886414, 0.4076790511608124, 0.4072380065917969, 0.4114079177379608, 0.4080962836742401, 0.4080246090888977, 0.40801990032196045, 0.4094521999359131, 0.40732333064079285, 0.4073370397090912, 0.4097979664802551, 0.40773552656173706, 0.40742027759552, 0.407654732465744, 0.41519153118133545, 0.40731167793273926, 0.408931702375412, 0.40754109621047974, 0.408488929271698, 0.40788525342941284, 0.4073706567287445, 0.4123705327510834, 0.4072531461715698, 0.40884047746658325, 0.4072505831718445, 0.4101581275463104, 0.4085794687271118, 0.4075900912284851, 0.408835768699646, 0.40893715620040894, 0.407887727022171, 0.4074476361274719, 0.4074561595916748, 0.4088882803916931, 0.40736645460128784, 0.40751197934150696, 0.4073602259159088, 0.4082472324371338, 0.40780508518218994, 0.4073522090911865, 0.409628689289093, 0.4073072373867035, 0.4082072377204895, 0.407644659280777, 0.40867865085601807, 0.40955451130867004, 0.4072262942790985, 0.40744513273239136, 0.40722790360450745, 0.40727484226226807, 0.40741467475891113, 0.40740546584129333, 0.40788042545318604, 0.4082636535167694, 0.40858304500579834, 0.40751734375953674, 0.40758025646209717, 0.4072948098182678, 0.40794041752815247, 0.4072483479976654, 0.40744274854660034, 0.40722987055778503, 0.40730372071266174, 0.4079776704311371, 0.41179054975509644, 0.40723809599876404, 0.4075888395309448, 0.41122809052467346, 0.40743815898895264, 0.4075554609298706, 0.4074338972568512, 0.4074997305870056, 0.40876248478889465, 0.4073556065559387, 0.40836670994758606, 0.40795615315437317, 0.4072381556034088, 0.4078350365161896, 0.40800008177757263, 0.4073617160320282, 0.4073207974433899, 0.4077419340610504, 0.4082167446613312, 0.4074404537677765, 0.4072655141353607, 0.40725600719451904, 0.4078022837638855, 0.4072352349758148, 0.40816202759742737, 0.407446026802063, 0.4074699282646179, 0.408447802066803, 0.40939056873321533, 0.40724822878837585, 0.4101170003414154, 0.40727052092552185, 0.4072302579879761, 0.4079255759716034, 0.40867358446121216, 0.40801772475242615, 0.4083874523639679, 0.40916430950164795, 0.407846599817276, 0.40791773796081543, 0.40753042697906494, 0.4072958827018738, 0.40753525495529175, 0.4072595238685608, 0.4073150157928467, 0.40722620487213135, 0.40812814235687256, 0.4073280394077301, 0.40872031450271606, 0.40722641348838806, 0.4113920331001282, 0.4075479209423065, 0.4072388708591461, 0.40973326563835144, 0.40784022212028503, 0.40959450602531433, 0.4077998995780945, 0.40823894739151, 0.41005614399909973, 0.40856853127479553, 0.4089418351650238, 0.414297878742218, 0.4078890085220337, 0.4079611301422119, 0.40723007917404175, 0.40822258591651917, 0.40744009613990784, 0.40743470191955566, 0.40991076827049255, 0.40727174282073975, 0.407528281211853, 0.4076923429965973, 0.4073837697505951, 0.409521222114563, 0.40901148319244385, 0.4072279632091522, 0.4086049199104309, 0.4073411524295807, 0.40753495693206787, 0.40853187441825867, 0.4086076617240906, 0.4080186188220978, 0.40757933259010315, 0.40729236602783203, 0.4072350263595581, 0.4072319269180298, 0.4098271429538727, 0.40788665413856506, 0.4083859324455261, 0.4128594994544983, 0.40916159749031067, 0.4097013771533966, 0.4072944223880768, 0.4081152081489563, 0.40727293491363525, 0.40759527683258057, 0.4072480797767639, 0.4072490632534027, 0.4074513912200928, 0.4084181487560272]",0.0,"[0.0, 0.0, 0.0, 0.0, 0.0, 0.0, 0.0, 0.0, 0.0, 0.0, 0.0, 0.0, 0.0, 0.0, 0.0, 0.0, 0.0, 0.0, 0.0, 0.0, 0.0, 0.0, 0.0, 0.0, 0.0, 0.0, 0.0, 0.0, 0.0, 0.0, 0.0, 0.0, 0.0, 0.0, 0.0, 0.0, 0.0, 0.0, 0.0, 0.0, 0.0, 0.0, 0.0, 0.0, 0.0, 0.0, 0.0, 0.0, 0.0, 0.0, 0.0, 0.0, 0.0, 0.0, 0.0, 0.0, 0.0, 0.0, 0.0, 0.0, 0.0, 0.0, 0.0, 0.0, 0.0, 0.0, 0.0, 0.0, 0.0, 0.0, 0.0, 0.0, 0.0, 0.0, 0.0, 0.0, 0.0, 0.0, 0.0, 0.0, 0.0, 0.0, 0.0, 0.0, 0.0, 0.0, 0.0, 0.0, 0.0, 0.0, 0.0, 0.0, 0.0, 0.0, 0.0, 0.0, 0.0, 0.0, 0.0, 0.0, 0.0, 0.0, 0.0, 0.0, 0.0, 0.0, 0.0, 0.0, 0.0, 0.0, 0.0, 0.0, 0.0, 0.0, 0.0, 0.0, 0.0, 0.0, 0.0, 0.0, 0.0, 0.0, 0.0, 0.0, 0.0, 0.0, 0.0, 0.0, 0.0, 0.0, 0.0, 0.0, 0.0, 0.0, 0.0, 0.0, 0.0, 0.0, 0.0, 0.0, 0.0, 0.0, 0.0, 0.0, 0.0, 0.0, 0.0, 0.0, 0.0, 0.0, 0.0, 0.0, 0.0, 0.0, 0.0, 0.0, 0.0, 0.0, 0.0, 0.0, 0.0, 0.0, 0.0, 0.0, 0.0, 0.0, 0.0, 0.0, 0.0, 0.0, 0.0, 0.0, 0.0, 0.0, 0.0, 0.0, 0.0, 0.0, 0.0, 0.0, 0.0, 0.0, 0.0, 0.0, 0.0, 0.0, 0.0, 0.0, 0.0, 0.0, 0.0, 0.0, 0.0, 0.0, 0.0]",COMPLETE
