,number,value,datetime_start,datetime_complete,duration,params_batch_size_scaler,params_constant_learning_rate,params_depth,params_epochs,params_kernel_l2,params_num_trees,params_temperature,user_attrs_accuracy_test,user_attrs_accuracy_valid,user_attrs_approximate_feature_sparsity,user_attrs_approximate_feature_sparsity_history,user_attrs_approximate_weight_sparsity,user_attrs_approximate_weight_sparsity_history,user_attrs_auc_test,user_attrs_auc_valid,user_attrs_feature_sparsity,user_attrs_feature_sparsity_history,user_attrs_num_epochs,user_attrs_val_loss_history,user_attrs_weight_sparsity,user_attrs_weight_sparsity_history,state
65,65,0.7122283623810076,2024-08-31 03:22:09.915795,2024-08-31 03:23:05.832967,0 days 00:00:55.917172,64,0.06441102776291661,5,275,0.005242351961924747,50,0.0010022058070461625,0.868,0.865,33,"[33, 33, 33, 33, 33, 33, 33, 33, 33, 33, 33, 33, 33, 33, 33, 33, 33, 33, 33, 33, 33, 33, 33, 33, 33, 33, 33, 33, 33, 33, 33, 33, 33, 33, 33, 33, 33, 33, 33, 33, 33, 33, 33, 33, 33, 33, 33, 33, 33, 33, 33, 33, 33, 33, 33, 33, 33, 33, 33, 33, 33, 33, 33, 33, 33, 33, 33, 33, 33, 33, 33, 33, 33, 33, 33, 33, 33, 33, 33, 33, 33, 33, 33, 33, 33, 33, 33, 33, 33, 33, 33, 33, 33, 33, 33, 33, 33, 33, 33, 33, 33, 33, 33, 33, 33, 33, 33, 33, 33, 33, 33, 33, 33, 33, 33, 33, 33, 33, 33, 33, 33, 33, 33, 33, 33, 33, 33, 33, 33, 33, 33, 33, 33, 33, 33, 33, 33, 33, 33, 33, 33, 33, 33, 33, 33, 33, 33, 33, 33, 33, 33, 33, 33, 33, 33, 33, 33, 33, 33, 33, 33, 33, 33, 33, 33, 33, 33, 33, 33, 33, 33, 33, 33, 33, 33, 33, 33, 33, 33, 33, 33, 33, 33, 33, 33, 33, 33, 33, 33, 33, 33, 33, 33, 33, 33, 33, 33, 33, 33, 33, 33, 33, 33, 33, 33, 33, 33, 33, 33, 33, 33, 33, 33, 33, 33, 33, 33, 33, 33, 33, 33, 33, 33, 33, 33, 33, 33, 33, 33, 33, 33, 33, 33, 33, 33, 33, 33, 33, 33, 33, 33, 33, 33, 33, 33, 33, 33, 33, 33, 33, 33, 33, 33, 33, 33, 33, 33, 33, 33, 33, 33, 33, 33, 33, 33, 33, 33, 33, 33, 33, 33, 33, 33, 33, 33]",32.95225806451613,"[32.94709677419355, 32.94903225806451, 32.946451612903225, 32.9458064516129, 32.94387096774194, 32.941935483870964, 32.94774193548387, 32.94838709677419, 32.94451612903226, 32.946451612903225, 32.9458064516129, 32.94709677419355, 32.946451612903225, 32.94516129032258, 32.950322580645164, 32.9483870967742, 32.94709677419355, 32.94838709677419, 32.9483870967742, 32.946451612903225, 32.94709677419355, 32.94451612903226, 32.9458064516129, 32.9458064516129, 32.94838709677419, 32.94516129032258, 32.9483870967742, 32.94387096774194, 32.94387096774194, 32.94516129032258, 32.94967741935484, 32.94774193548387, 32.94838709677419, 32.94774193548387, 32.94451612903226, 32.943225806451615, 32.94709677419355, 32.94258064516129, 32.94387096774194, 32.946451612903225, 32.94903225806452, 32.94516129032258, 32.94258064516129, 32.94451612903226, 32.94709677419355, 32.94387096774194, 32.94516129032258, 32.94516129032258, 32.94774193548387, 32.94516129032258, 32.94903225806452, 32.94903225806451, 32.946451612903225, 32.9483870967742, 32.94645161290323, 32.9458064516129, 32.94451612903226, 32.94709677419355, 32.950967741935486, 32.953548387096774, 32.9483870967742, 32.950967741935486, 32.95161290322581, 32.943225806451615, 32.94516129032258, 32.946451612903225, 32.946451612903225, 32.950322580645164, 32.947741935483876, 32.95161290322581, 32.95225806451613, 32.95225806451613, 32.954193548387096, 32.954193548387096, 32.954193548387096, 32.961290322580645, 32.961290322580645, 32.96064516129032, 32.957419354838706, 32.95870967741936, 32.957419354838706, 32.95612903225806, 32.95225806451613, 32.954193548387096, 32.950967741935486, 32.94838709677419, 32.94774193548387, 32.9458064516129, 32.94387096774194, 32.94387096774194, 32.946451612903225, 32.94838709677419, 32.950322580645164, 32.95225806451613, 32.95290322580645, 32.94838709677419, 32.94774193548387, 32.943225806451615, 32.93806451612903, 32.935483870967744, 32.938709677419354, 32.93806451612903, 32.94064516129033, 32.940000000000005, 32.938709677419354, 32.93677419354839, 32.935483870967744, 32.936129032258066, 32.93354838709678, 32.9341935483871, 32.939354838709676, 32.94258064516129, 32.94258064516129, 32.943225806451615, 32.94516129032258, 32.94387096774194, 32.9458064516129, 32.9483870967742, 32.94774193548387, 32.9458064516129, 32.94838709677419, 32.95225806451613, 32.954193548387096, 32.950322580645164, 32.95225806451613, 32.953548387096774, 32.95548387096774, 32.95677419354839, 32.95741935483871, 32.95806451612903, 32.958064516129035, 32.95870967741936, 32.95677419354839, 32.95870967741936, 32.95483870967742, 32.95677419354839, 32.95225806451613, 32.953548387096774, 32.95225806451613, 32.95290322580645, 32.953548387096774, 32.95483870967742, 32.950967741935486, 32.94709677419355, 32.94774193548387, 32.94774193548387, 32.9458064516129, 32.94258064516129, 32.94258064516129, 32.94193548387097, 32.94387096774194, 32.943225806451615, 32.94193548387097, 32.94258064516129, 32.943225806451615, 32.94064516129033, 32.94064516129032, 32.939354838709676, 32.94064516129032, 32.94064516129032, 32.93741935483871, 32.94, 32.94903225806451, 32.94903225806451, 32.950967741935486, 32.950322580645164, 32.94967741935484, 32.94774193548387, 32.947096774193554, 32.94903225806452, 32.94774193548387, 32.947741935483876, 32.94516129032258, 32.946451612903225, 32.9458064516129, 32.94387096774194, 32.94709677419355, 32.946451612903225, 32.94774193548387, 32.94451612903226, 32.94387096774194, 32.94451612903226, 32.94387096774194, 32.94516129032258, 32.9458064516129, 32.94387096774194, 32.94451612903226, 32.94387096774194, 32.946451612903225, 32.94451612903226, 32.94258064516129, 32.94193548387097, 32.94258064516129, 32.942580645161286, 32.9458064516129, 32.94451612903226, 32.94838709677419, 32.94967741935484, 32.94967741935484, 32.950967741935486, 32.94774193548387, 32.94838709677419, 32.95225806451613, 32.950322580645164, 32.95290322580645, 32.950967741935486, 32.94903225806451, 32.9458064516129, 32.94967741935484, 32.95161290322581, 32.950322580645164, 32.950967741935486, 32.95161290322581, 32.950967741935486, 32.95161290322581, 32.95225806451613, 32.95225806451613, 32.956774193548384, 32.95741935483871, 32.95677419354839, 32.95870967741935, 32.956774193548384, 32.956774193548384, 32.95548387096774, 32.95548387096774, 32.95483870967742, 32.95161290322581, 32.95290322580645, 32.950322580645164, 32.95483870967742, 32.953548387096774, 32.953548387096774, 32.95225806451613, 32.95225806451613, 32.95677419354839, 32.95483870967742, 32.95741935483871, 32.95741935483871, 32.95612903225807, 32.953548387096774, 32.95290322580645, 32.95161290322581, 32.94967741935484, 32.94709677419355, 32.94774193548387, 32.949677419354835, 32.950967741935486, 32.950967741935486, 32.950967741935486, 32.95161290322581, 32.95290322580645, 32.95548387096774, 32.954193548387096, 32.95225806451613, 32.950967741935486, 32.95225806451613, 32.95483870967742, 32.956774193548384, 32.956774193548384, 32.95225806451613, 32.950967741935486, 32.95161290322581, 32.94903225806451, 32.946451612903225, 32.94709677419355, 32.94709677419355, 32.94774193548387, 32.94838709677419, 32.94903225806451, 32.95032258064516, 32.95032258064516, 32.94903225806452, 32.94903225806451, 32.950967741935486, 32.95225806451613]",0.7463568886797283,0.7122283623810076,33,"[33, 33, 33, 33, 33, 33, 33, 33, 33, 33, 33, 33, 33, 33, 33, 33, 33, 33, 33, 33, 33, 33, 33, 33, 33, 33, 33, 33, 33, 33, 33, 33, 33, 33, 33, 33, 33, 33, 33, 33, 33, 33, 33, 33, 33, 33, 33, 33, 33, 33, 33, 33, 33, 33, 33, 33, 33, 33, 33, 33, 33, 33, 33, 33, 33, 33, 33, 33, 33, 33, 33, 33, 33, 33, 33, 33, 33, 33, 33, 33, 33, 33, 33, 33, 33, 33, 33, 33, 33, 33, 33, 33, 33, 33, 33, 33, 33, 33, 33, 33, 33, 33, 33, 33, 33, 33, 33, 33, 33, 33, 33, 33, 33, 33, 33, 33, 33, 33, 33, 33, 33, 33, 33, 33, 33, 33, 33, 33, 33, 33, 33, 33, 33, 33, 33, 33, 33, 33, 33, 33, 33, 33, 33, 33, 33, 33, 33, 33, 33, 33, 33, 33, 33, 33, 33, 33, 33, 33, 33, 33, 33, 33, 33, 33, 33, 33, 33, 33, 33, 33, 33, 33, 33, 33, 33, 33, 33, 33, 33, 33, 33, 33, 33, 33, 33, 33, 33, 33, 33, 33, 33, 33, 33, 33, 33, 33, 33, 33, 33, 33, 33, 33, 33, 33, 33, 33, 33, 33, 33, 33, 33, 33, 33, 33, 33, 33, 33, 33, 33, 33, 33, 33, 33, 33, 33, 33, 33, 33, 33, 33, 33, 33, 33, 33, 33, 33, 33, 33, 33, 33, 33, 33, 33, 33, 33, 33, 33, 33, 33, 33, 33, 33, 33, 33, 33, 33, 33, 33, 33, 33, 33, 33, 33, 33, 33, 33, 33, 33, 33, 33, 33, 33, 33, 33, 33]",275,"[0.5870888233184814, 0.529101550579071, 0.49069157242774963, 0.4648183584213257, 0.4473688006401062, 0.4344092309474945, 0.4253026843070984, 0.41919392347335815, 0.4142965078353882, 0.41038790345191956, 0.407674103975296, 0.40559181571006775, 0.4036681056022644, 0.40240126848220825, 0.40103140473365784, 0.40001919865608215, 0.3991188704967499, 0.39826950430870056, 0.3977304697036743, 0.3968908190727234, 0.39623773097991943, 0.39560750126838684, 0.3950594365596771, 0.39439353346824646, 0.39392149448394775, 0.39356768131256104, 0.3931860327720642, 0.39278653264045715, 0.39242279529571533, 0.39209872484207153, 0.39173048734664917, 0.3913239538669586, 0.39090779423713684, 0.3905402421951294, 0.39019259810447693, 0.3898693323135376, 0.38945943117141724, 0.38908082246780396, 0.3887577950954437, 0.38841038942337036, 0.38809049129486084, 0.3877238929271698, 0.3873823285102844, 0.38709795475006104, 0.38679617643356323, 0.3865612745285034, 0.3862593472003937, 0.38597747683525085, 0.38571497797966003, 0.3854788839817047, 0.3851641118526459, 0.38489168882369995, 0.384611576795578, 0.38437607884407043, 0.3840819299221039, 0.3838076889514923, 0.3835548162460327, 0.3832959830760956, 0.3830457031726837, 0.382829487323761, 0.38256439566612244, 0.382308691740036, 0.38209134340286255, 0.38189396262168884, 0.38170382380485535, 0.3815403878688812, 0.38133856654167175, 0.38114988803863525, 0.3809066712856293, 0.3806990385055542, 0.38054171204566956, 0.38032296299934387, 0.38013291358947754, 0.37992748618125916, 0.37969741225242615, 0.37947359681129456, 0.379284143447876, 0.3791293203830719, 0.37898650765419006, 0.3787769079208374, 0.37861910462379456, 0.3784467577934265, 0.37825608253479004, 0.3780978322029114, 0.37798184156417847, 0.377833753824234, 0.3776284158229828, 0.37746959924697876, 0.37733253836631775, 0.3771488070487976, 0.37702977657318115, 0.3769252300262451, 0.37679827213287354, 0.3766583502292633, 0.3764965534210205, 0.376285582780838, 0.3761173486709595, 0.3759843409061432, 0.37585967779159546, 0.375724196434021, 0.3755616247653961, 0.37542951107025146, 0.3752457797527313, 0.37508708238601685, 0.37498676776885986, 0.3748278319835663, 0.37472817301750183, 0.3745553493499756, 0.3744320273399353, 0.3742794096469879, 0.37414178252220154, 0.3740161657333374, 0.37393179535865784, 0.3738437294960022, 0.3737258017063141, 0.3736084997653961, 0.37344855070114136, 0.3733225166797638, 0.3732652962207794, 0.37316516041755676, 0.37303656339645386, 0.3729639947414398, 0.3728678822517395, 0.3728509843349457, 0.3727024495601654, 0.37263670563697815, 0.37250766158103943, 0.3724214434623718, 0.3722357153892517, 0.37211817502975464, 0.3720288872718811, 0.37195464968681335, 0.3718896508216858, 0.3717849850654602, 0.37166985869407654, 0.37153130769729614, 0.37147244811058044, 0.37143629789352417, 0.371395468711853, 0.3712459206581116, 0.37124115228652954, 0.37110909819602966, 0.3710131347179413, 0.3709483742713928, 0.37081068754196167, 0.37069833278656006, 0.37065330147743225, 0.37050700187683105, 0.3704385459423065, 0.37035083770751953, 0.37031736969947815, 0.37019646167755127, 0.37000754475593567, 0.36992567777633667, 0.3698009252548218, 0.3697616159915924, 0.3696655035018921, 0.36958232522010803, 0.36941346526145935, 0.36935752630233765, 0.3692902624607086, 0.3691898286342621, 0.3690873980522156, 0.3690546154975891, 0.36898040771484375, 0.368925005197525, 0.36884835362434387, 0.3687518835067749, 0.3686700165271759, 0.36855602264404297, 0.3684612512588501, 0.3683903217315674, 0.3684097230434418, 0.36830252408981323, 0.36822310090065, 0.3681786060333252, 0.3681248426437378, 0.3680495023727417, 0.36794760823249817, 0.3678327798843384, 0.3677278459072113, 0.36762458086013794, 0.36752212047576904, 0.36743924021720886, 0.3673172891139984, 0.3672763705253601, 0.36717328429222107, 0.3670727014541626, 0.36704590916633606, 0.36700958013534546, 0.36692678928375244, 0.36680135130882263, 0.36673250794410706, 0.3666665256023407, 0.3666750192642212, 0.36660805344581604, 0.3664863109588623, 0.3664071559906006, 0.36633846163749695, 0.36624473333358765, 0.36624667048454285, 0.36611008644104004, 0.36604228615760803, 0.36597174406051636, 0.3659316301345825, 0.3658020794391632, 0.36575791239738464, 0.3657628297805786, 0.3656553328037262, 0.3656320869922638, 0.3654903173446655, 0.3652990460395813, 0.3651093542575836, 0.3649633526802063, 0.364937961101532, 0.3648484945297241, 0.3647545278072357, 0.36472389101982117, 0.364664226770401, 0.36457428336143494, 0.3645210564136505, 0.36445537209510803, 0.3644068241119385, 0.36433401703834534, 0.3643251657485962, 0.36430540680885315, 0.3641679883003235, 0.36403748393058777, 0.3639757037162781, 0.3638462424278259, 0.3638152778148651, 0.3636443316936493, 0.36350318789482117, 0.36345088481903076, 0.3633545935153961, 0.36334240436553955, 0.36326712369918823, 0.36316463351249695, 0.3631174564361572, 0.36303946375846863, 0.362975537776947, 0.3628954589366913, 0.36282578110694885, 0.36273789405822754, 0.3626621961593628, 0.36262789368629456, 0.3625812530517578, 0.36248189210891724, 0.3624180257320404, 0.362394243478775, 0.36236506700515747, 0.3623003661632538, 0.3622007668018341, 0.36207544803619385, 0.36202630400657654, 0.3619731664657593, 0.3619198501110077, 0.36183762550354004, 0.36175236105918884, 0.3617445230484009, 0.36173802614212036, 0.3616701066493988, 0.36166703701019287, 0.3615507185459137, 0.3614426851272583, 0.36136290431022644, 0.36124497652053833, 0.3612043261528015, 0.361200213432312, 0.36113089323043823, 0.36105597019195557, 0.3609692454338074, 0.360927015542984, 0.36084187030792236, 0.3607521951198578]",33.0,"[33.0, 33.0, 33.0, 33.0, 33.0, 33.0, 33.0, 33.0, 33.0, 33.0, 33.0, 33.0, 33.0, 33.0, 33.0, 33.0, 33.0, 33.0, 33.0, 33.0, 33.0, 33.0, 33.0, 33.0, 33.0, 33.0, 33.0, 33.0, 33.0, 33.0, 33.0, 33.0, 33.0, 33.0, 33.0, 33.0, 33.0, 33.0, 33.0, 33.0, 33.0, 33.0, 33.0, 33.0, 33.0, 33.0, 33.0, 33.0, 33.0, 33.0, 33.0, 33.0, 33.0, 33.0, 33.0, 33.0, 33.0, 33.0, 33.0, 33.0, 33.0, 33.0, 33.0, 33.0, 33.0, 33.0, 33.0, 33.0, 33.0, 33.0, 33.0, 33.0, 33.0, 33.0, 33.0, 33.0, 33.0, 33.0, 33.0, 33.0, 33.0, 33.0, 33.0, 33.0, 33.0, 33.0, 33.0, 33.0, 33.0, 33.0, 33.0, 33.0, 33.0, 33.0, 33.0, 33.0, 33.0, 33.0, 33.0, 33.0, 33.0, 33.0, 33.0, 33.0, 33.0, 33.0, 33.0, 33.0, 33.0, 33.0, 33.0, 33.0, 33.0, 33.0, 33.0, 33.0, 33.0, 33.0, 33.0, 33.0, 33.0, 33.0, 33.0, 33.0, 33.0, 33.0, 33.0, 33.0, 33.0, 33.0, 33.0, 33.0, 33.0, 33.0, 33.0, 33.0, 33.0, 33.0, 33.0, 33.0, 33.0, 33.0, 33.0, 33.0, 33.0, 33.0, 33.0, 33.0, 33.0, 33.0, 33.0, 33.0, 33.0, 33.0, 33.0, 33.0, 33.0, 33.0, 33.0, 33.0, 33.0, 33.0, 33.0, 33.0, 33.0, 33.0, 33.0, 33.0, 33.0, 33.0, 33.0, 33.0, 33.0, 33.0, 33.0, 33.0, 33.0, 33.0, 33.0, 33.0, 33.0, 33.0, 33.0, 33.0, 33.0, 33.0, 33.0, 33.0, 33.0, 33.0, 33.0, 33.0, 33.0, 33.0, 33.0, 33.0, 33.0, 33.0, 33.0, 33.0, 33.0, 33.0, 33.0, 33.0, 33.0, 33.0, 33.0, 33.0, 33.0, 33.0, 33.0, 33.0, 33.0, 33.0, 33.0, 33.0, 33.0, 33.0, 33.0, 33.0, 33.0, 33.0, 33.0, 33.0, 33.0, 33.0, 33.0, 33.0, 33.0, 33.0, 33.0, 33.0, 33.0, 33.0, 33.0, 33.0, 33.0, 33.0, 33.0, 33.0, 33.0, 33.0, 33.0, 33.0, 33.0, 33.0, 33.0, 33.0, 33.0, 33.0, 33.0, 33.0, 33.0, 33.0, 33.0, 33.0, 33.0, 33.0, 33.0, 33.0, 33.0, 33.0, 33.0, 33.0, 33.0, 33.0, 33.0, 33.0, 33.0, 33.0, 33.0, 33.0, 33.0, 33.0, 33.0]",COMPLETE
