,number,value,datetime_start,datetime_complete,duration,params_batch_size_scaler,params_constant_learning_rate,params_depth,params_epochs,params_kernel_l2,params_num_trees,params_temperature,user_attrs_accuracy_test,user_attrs_accuracy_valid,user_attrs_approximate_feature_sparsity,user_attrs_approximate_feature_sparsity_history,user_attrs_approximate_weight_sparsity,user_attrs_approximate_weight_sparsity_history,user_attrs_auc_test,user_attrs_auc_valid,user_attrs_feature_sparsity,user_attrs_feature_sparsity_history,user_attrs_num_epochs,user_attrs_val_loss_history,user_attrs_weight_sparsity,user_attrs_weight_sparsity_history,state
86,86,0.9212556839406938,2024-08-31 04:00:53.750555,2024-08-31 04:20:23.893576,0 days 00:19:30.143021,1,0.21763843176286263,6,375,0.29446240932683987,40,0.011005400644101878,0.941,0.9375,22,"[33, 33, 33, 33, 33, 33, 33, 33, 33, 33, 33, 33, 33, 33, 33, 33, 33, 33, 32, 32, 31, 31, 30, 29, 27, 26, 26, 25, 25, 24, 23, 23, 23, 23, 23, 23, 23, 23, 23, 23, 23, 23, 23, 23, 23, 23, 22, 22, 22, 22, 22, 22, 22, 22, 22, 22, 22, 22, 22, 22, 22, 22, 22, 22, 22, 22, 22, 22, 22, 22, 22, 22, 22, 22, 22, 22, 22, 22, 22, 22, 22, 22, 22, 22, 22, 22, 22, 22, 22, 22, 22, 22, 22, 22, 22, 22, 22, 22, 22, 22, 22, 22, 22, 22, 22, 22, 22, 22, 22, 22, 22, 22, 22, 22, 22, 22, 22, 22, 22, 22, 22, 22, 22, 22, 22, 22, 22, 22, 22, 22, 22, 22, 22, 22, 22, 22, 22, 22, 22, 22, 22, 22, 22, 22, 22, 22, 22, 22, 22, 22, 22, 22, 22, 22, 22, 22, 22, 22, 22, 22, 22, 22, 22, 22, 22, 22, 22, 22, 22, 22, 22, 22, 22, 22, 22, 22, 22, 22, 22, 22, 22, 22, 22, 22, 22, 22, 22, 22, 22, 22, 22, 22, 22, 22, 22, 22, 22, 22, 22, 22, 22, 22, 22, 22, 22, 22, 22, 22, 22, 22, 22, 22, 22, 22, 22, 22, 22, 22, 22, 22, 22, 22, 22, 22, 22, 22, 22, 22, 22, 22, 22, 22, 22, 22, 22, 22, 22, 22, 22, 22, 22, 22, 22, 22, 22, 22, 22, 22, 22, 22, 22, 22, 22, 22, 22, 22, 22, 22, 22, 22, 22, 22, 22, 22, 22, 22, 22, 22, 22, 22, 22, 22, 22, 22, 22, 22, 22, 22, 22, 22, 22, 22, 22, 22, 22, 22, 22, 22, 22, 22, 22, 22, 22, 22, 22, 22, 22, 22, 22, 22, 22, 22, 22, 22, 22, 22, 22, 22, 22, 22, 22, 22, 22, 22, 22, 22, 22, 22, 22, 22, 22, 22, 22, 22, 22, 22, 22, 22, 22, 22, 22, 22, 22, 22, 22, 22, 22, 22, 22, 22, 22, 22, 22, 22, 22, 22, 22, 22, 22, 22, 22, 22, 22, 22, 22, 22, 22, 22, 22, 22, 22, 22, 22, 22, 22, 22, 22, 22, 22, 22, 22, 22, 22, 22, 22]",21.240476190476187,"[32.92619047619048, 32.926984126984124, 32.93492063492064, 32.9329365079365, 32.92857142857143, 32.92936507936508, 32.92738095238095, 32.92301587301587, 32.926984126984124, 32.92857142857143, 32.92777777777778, 32.92857142857143, 32.925, 32.91388888888889, 32.91547619047619, 32.9186507936508, 32.913492063492065, 32.91984126984127, 31.916666666666668, 31.91746031746032, 30.921031746031748, 30.921031746031744, 29.913492063492065, 28.927777777777777, 26.936904761904763, 25.94166666666667, 25.936904761904763, 24.94047619047619, 24.934523809523807, 23.936904761904763, 22.946428571428573, 22.94563492063492, 22.946825396825396, 22.936507936507937, 22.934920634920633, 22.93293650793651, 22.939285714285717, 22.94047619047619, 22.936507936507937, 22.934920634920637, 22.928571428571427, 22.941666666666666, 22.942460317460316, 22.93888888888889, 22.93888888888889, 22.93888888888889, 21.936507936507937, 21.93293650793651, 21.936507936507937, 21.947222222222223, 21.93095238095238, 21.93888888888889, 21.946825396825396, 21.930555555555557, 21.939285714285717, 21.944444444444446, 21.93888888888889, 21.937301587301587, 21.93174603174603, 21.930555555555557, 21.933333333333334, 21.928571428571427, 21.934126984126983, 21.933730158730157, 21.922619047619047, 21.925793650793654, 21.92579365079365, 21.926984126984127, 21.923015873015874, 21.921428571428574, 21.92301587301587, 21.928174603174604, 21.920238095238094, 21.915079365079364, 21.919841269841267, 21.92142857142857, 21.91706349206349, 21.919444444444444, 21.919841269841267, 21.91904761904762, 21.92023809523809, 21.927380952380954, 21.92579365079365, 21.92420634920635, 21.91230158730159, 21.90714285714286, 21.912698412698415, 21.905555555555555, 21.913492063492065, 21.90952380952381, 21.910714285714285, 21.90595238095238, 21.911507936507938, 21.91190476190476, 21.90674603174603, 21.907936507936512, 21.90793650793651, 21.911507936507938, 21.904761904761905, 21.90357142857143, 21.900396825396825, 21.896031746031746, 21.90714285714286, 21.905555555555555, 21.90277777777778, 21.898809523809526, 21.89404761904762, 21.898015873015872, 21.89404761904762, 21.902777777777775, 21.896031746031746, 21.894444444444446, 21.889285714285712, 21.894444444444446, 21.895634920634926, 21.888095238095236, 21.891666666666666, 21.889285714285712, 21.878174603174603, 21.882936507936506, 21.893650793650792, 21.886507936507932, 21.888492063492063, 21.890079365079362, 21.886507936507936, 21.882142857142856, 21.878174603174603, 21.87142857142857, 21.878968253968253, 21.877777777777776, 21.883333333333333, 21.87738095238095, 21.87222222222222, 21.881349206349206, 21.8734126984127, 21.876190476190477, 21.875396825396827, 21.873809523809527, 21.870634920634924, 21.868253968253967, 21.856349206349208, 21.865079365079364, 21.86269841269841, 21.857936507936508, 21.86547619047619, 21.86309523809524, 21.859126984126988, 21.85515873015873, 21.855952380952385, 21.850396825396828, 21.849206349206348, 21.85952380952381, 21.84642857142857, 21.853968253968258, 21.84206349206349, 21.842063492063495, 21.83730158730159, 21.838492063492062, 21.82619047619048, 21.81825396825397, 21.82698412698413, 21.827380952380953, 21.835317460317462, 21.82420634920635, 21.82698412698413, 21.817460317460316, 21.811904761904763, 21.823809523809523, 21.821031746031746, 21.819444444444443, 21.828968253968252, 21.821825396825396, 21.812301587301587, 21.825, 21.812698412698413, 21.82103174603175, 21.814285714285717, 21.818650793650793, 21.803968253968254, 21.815079365079363, 21.80436507936508, 21.809920634920637, 21.808730158730157, 21.80873015873016, 21.806349206349207, 21.80714285714286, 21.808333333333334, 21.8015873015873, 21.801984126984127, 21.798015873015874, 21.79563492063492, 21.79563492063492, 21.801587301587304, 21.802777777777777, 21.79722222222222, 21.794444444444448, 21.792063492063495, 21.78968253968254, 21.77857142857143, 21.77777777777778, 21.778174603174605, 21.775396825396825, 21.778174603174605, 21.767063492063492, 21.76904761904762, 21.76904761904762, 21.76746031746032, 21.767063492063492, 21.767063492063492, 21.769047619047623, 21.764285714285716, 21.76309523809524, 21.75873015873016, 21.761111111111113, 21.76746031746032, 21.759920634920636, 21.76031746031746, 21.760714285714286, 21.750396825396827, 21.7468253968254, 21.7468253968254, 21.73769841269841, 21.74484126984127, 21.738888888888887, 21.728571428571428, 21.72579365079365, 21.726190476190474, 21.72103174603175, 21.72222222222222, 21.719047619047622, 21.72142857142857, 21.720238095238095, 21.72936507936508, 21.72142857142857, 21.719047619047622, 21.710714285714285, 21.71507936507937, 21.70634920634921, 21.722222222222225, 21.700396825396826, 21.709523809523812, 21.715476190476192, 21.711111111111112, 21.70634920634921, 21.698412698412703, 21.693650793650797, 21.693650793650797, 21.68809523809524, 21.69325396825397, 21.687301587301587, 21.676190476190477, 21.678968253968254, 21.683730158730157, 21.676587301587304, 21.666666666666664, 21.677777777777777, 21.666666666666668, 21.66031746031746, 21.663492063492065, 21.65595238095238, 21.644841269841272, 21.638095238095236, 21.651984126984125, 21.65357142857143, 21.64484126984127, 21.635714285714286, 21.636507936507932, 21.64087301587302, 21.636507936507936, 21.632936507936506, 21.630555555555556, 21.624206349206347, 21.61269841269841, 21.61547619047619, 21.615873015873017, 21.611507936507937, 21.610317460317457, 21.611507936507934, 21.598809523809525, 21.60238095238095, 21.5952380952381, 21.590873015873015, 21.58293650793651, 21.587301587301585, 21.578571428571426, 21.578174603174602, 21.575396825396826, 21.57420634920635, 21.576190476190476, 21.56190476190476, 21.56309523809524, 21.55873015873016, 21.553968253968254, 21.54484126984127, 21.54285714285714, 21.533730158730158, 21.53690476190476, 21.53531746031746, 21.525396825396825, 21.542063492063495, 21.533730158730158, 21.522619047619045, 21.52857142857143, 21.519444444444446, 21.51468253968254, 21.514285714285716, 21.508730158730156, 21.51468253968254, 21.50873015873016, 21.50079365079365, 21.488888888888887, 21.494444444444444, 21.480555555555558, 21.485714285714288, 21.486111111111107, 21.486507936507937, 21.477380952380955, 21.460714285714285, 21.470238095238095, 21.46746031746032, 21.45, 21.45277777777778, 21.453174603174602, 21.43095238095238, 21.44920634920635, 21.440873015873017, 21.437698412698417, 21.434920634920633, 21.434126984126983, 21.43015873015873, 21.43174603174603, 21.42420634920635, 21.41984126984127, 21.41309523809524, 21.400000000000002, 21.40515873015873, 21.417460317460318, 21.40436507936508, 21.395634920634922, 21.39047619047619, 21.398015873015876, 21.39484126984127, 21.389285714285716, 21.390079365079366, 21.37738095238095, 21.37301587301587, 21.374206349206347, 21.375396825396823, 21.37142857142857, 21.353174603174605, 21.357539682539684, 21.355555555555554, 21.35753968253968, 21.334920634920636, 21.33650793650794, 21.330555555555556, 21.328571428571426, 21.311507936507937, 21.31547619047619, 21.326587301587303, 21.303174603174604, 21.306349206349207, 21.30357142857143, 21.30079365079365, 21.293650793650794, 21.29285714285714, 21.30277777777778, 21.28769841269841, 21.282142857142855, 21.269047619047615, 21.261507936507936, 21.25674603174603, 21.262301587301586, 21.24563492063492, 21.240476190476187]",0.9102122705768707,0.9212556839406938,22,"[33, 33, 33, 33, 33, 33, 33, 33, 33, 33, 33, 33, 33, 33, 33, 33, 33, 33, 32, 32, 31, 31, 30, 29, 27, 26, 26, 25, 25, 24, 23, 23, 23, 23, 23, 23, 23, 23, 23, 23, 23, 23, 23, 23, 23, 23, 22, 22, 22, 22, 22, 22, 22, 22, 22, 22, 22, 22, 22, 22, 22, 22, 22, 22, 22, 22, 22, 22, 22, 22, 22, 22, 22, 22, 22, 22, 22, 22, 22, 22, 22, 22, 22, 22, 22, 22, 22, 22, 22, 22, 22, 22, 22, 22, 22, 22, 22, 22, 22, 22, 22, 22, 22, 22, 22, 22, 22, 22, 22, 22, 22, 22, 22, 22, 22, 22, 22, 22, 22, 22, 22, 22, 22, 22, 22, 22, 22, 22, 22, 22, 22, 22, 22, 22, 22, 22, 22, 22, 22, 22, 22, 22, 22, 22, 22, 22, 22, 22, 22, 22, 22, 22, 22, 22, 22, 22, 22, 22, 22, 22, 22, 22, 22, 22, 22, 22, 22, 22, 22, 22, 22, 22, 22, 22, 22, 22, 22, 22, 22, 22, 22, 22, 22, 22, 22, 22, 22, 22, 22, 22, 22, 22, 22, 22, 22, 22, 22, 22, 22, 22, 22, 22, 22, 22, 22, 22, 22, 22, 22, 22, 22, 22, 22, 22, 22, 22, 22, 22, 22, 22, 22, 22, 22, 22, 22, 22, 22, 22, 22, 22, 22, 22, 22, 22, 22, 22, 22, 22, 22, 22, 22, 22, 22, 22, 22, 22, 22, 22, 22, 22, 22, 22, 22, 22, 22, 22, 22, 22, 22, 22, 22, 22, 22, 22, 22, 22, 22, 22, 22, 22, 22, 22, 22, 22, 22, 22, 22, 22, 22, 22, 22, 22, 22, 22, 22, 22, 22, 22, 22, 22, 22, 22, 22, 22, 22, 22, 22, 22, 22, 22, 22, 22, 22, 22, 22, 22, 22, 22, 22, 22, 22, 22, 22, 22, 22, 22, 22, 22, 22, 22, 22, 22, 22, 22, 22, 22, 22, 22, 22, 22, 22, 22, 22, 22, 22, 22, 22, 22, 22, 22, 22, 22, 22, 22, 22, 22, 22, 22, 22, 22, 22, 22, 22, 22, 22, 22, 22, 22, 22, 22, 22, 22, 22, 22, 22, 22, 22, 22, 22, 22, 22, 22, 22, 22, 22]",375,"[0.3828750550746918, 0.37313076853752136, 0.36612147092819214, 0.360100656747818, 0.3516126573085785, 0.3447727560997009, 0.33793845772743225, 0.3282833397388458, 0.3200058341026306, 0.3090268075466156, 0.2992319166660309, 0.289142370223999, 0.2829718291759491, 0.27567654848098755, 0.2693604528903961, 0.26736196875572205, 0.2567862868309021, 0.25603944063186646, 0.24874469637870789, 0.2450159788131714, 0.2419784963130951, 0.23822641372680664, 0.23653262853622437, 0.23134270310401917, 0.23174211382865906, 0.22813361883163452, 0.22984947264194489, 0.22427456080913544, 0.22018103301525116, 0.22087955474853516, 0.21811090409755707, 0.21646526455879211, 0.21518735587596893, 0.2165595442056656, 0.21543344855308533, 0.21074052155017853, 0.21053053438663483, 0.20918825268745422, 0.20617055892944336, 0.21348199248313904, 0.20525944232940674, 0.20549283921718597, 0.20253601670265198, 0.2072499394416809, 0.2046656608581543, 0.2011910229921341, 0.19570821523666382, 0.1962902843952179, 0.1925404965877533, 0.19292454421520233, 0.19148848950862885, 0.19315415620803833, 0.19045430421829224, 0.19977052509784698, 0.19231487810611725, 0.18967671692371368, 0.1939285397529602, 0.19440698623657227, 0.19320107996463776, 0.18714280426502228, 0.1867707371711731, 0.18654173612594604, 0.18579301238059998, 0.1904057115316391, 0.1849338859319687, 0.17963388562202454, 0.18047232925891876, 0.18279647827148438, 0.18196028470993042, 0.18123075366020203, 0.18076059222221375, 0.1783805638551712, 0.17862723767757416, 0.18663664162158966, 0.17821350693702698, 0.17863483726978302, 0.18092074990272522, 0.17648179829120636, 0.18138210475444794, 0.17843939363956451, 0.1737653613090515, 0.17621177434921265, 0.1726655811071396, 0.17399519681930542, 0.1764875054359436, 0.18205472826957703, 0.1729455441236496, 0.1742865890264511, 0.17705394327640533, 0.1749618947505951, 0.17290590703487396, 0.17793914675712585, 0.17423191666603088, 0.17324155569076538, 0.17626208066940308, 0.1739037185907364, 0.1682535707950592, 0.17191734910011292, 0.17458119988441467, 0.16872072219848633, 0.17082752287387848, 0.1750255972146988, 0.1816764771938324, 0.17758026719093323, 0.1728653460741043, 0.16941268742084503, 0.16952992975711823, 0.16957727074623108, 0.17350682616233826, 0.16854198276996613, 0.17104463279247284, 0.17312556505203247, 0.1723632663488388, 0.1676110327243805, 0.16841396689414978, 0.17466190457344055, 0.17472635209560394, 0.1712104082107544, 0.16784586012363434, 0.1712714433670044, 0.1679052710533142, 0.1659397929906845, 0.17914029955863953, 0.17045509815216064, 0.1653246432542801, 0.16681119799613953, 0.16708582639694214, 0.17290447652339935, 0.16607454419136047, 0.16925178468227386, 0.17329445481300354, 0.16563822329044342, 0.17443254590034485, 0.18279717862606049, 0.16888034343719482, 0.18005506694316864, 0.1711851954460144, 0.1696690320968628, 0.16817350685596466, 0.16913488507270813, 0.1766098588705063, 0.17023706436157227, 0.16930541396141052, 0.17800085246562958, 0.1698266863822937, 0.17428205907344818, 0.17507830262184143, 0.1687210649251938, 0.1713060587644577, 0.17076490819454193, 0.17954397201538086, 0.16995669901371002, 0.17704491317272186, 0.1725998818874359, 0.1809193193912506, 0.1755247265100479, 0.17045265436172485, 0.17475825548171997, 0.17518089711666107, 0.1783069670200348, 0.17220960557460785, 0.17553582787513733, 0.178614541888237, 0.1840624064207077, 0.18231038749217987, 0.17044176161289215, 0.17523962259292603, 0.1742502748966217, 0.17563846707344055, 0.17866605520248413, 0.1766321063041687, 0.18704600632190704, 0.17896544933319092, 0.17465899884700775, 0.176920086145401, 0.18633604049682617, 0.17911562323570251, 0.18420058488845825, 0.18701684474945068, 0.18276141583919525, 0.18225055932998657, 0.1796337366104126, 0.18074524402618408, 0.18220987915992737, 0.18043632805347443, 0.18526344001293182, 0.18522876501083374, 0.18388570845127106, 0.1826961487531662, 0.18308955430984497, 0.1840570867061615, 0.1791490614414215, 0.18699592351913452, 0.19305789470672607, 0.18906326591968536, 0.18818746507167816, 0.19373711943626404, 0.19508768618106842, 0.1866569072008133, 0.18235617876052856, 0.1920553743839264, 0.1937597692012787, 0.18901489675045013, 0.19088321924209595, 0.19460134208202362, 0.1919175684452057, 0.192392960190773, 0.19673489034175873, 0.19119417667388916, 0.18660297989845276, 0.20492227375507355, 0.19725270569324493, 0.19386938214302063, 0.20685353875160217, 0.18921756744384766, 0.20020584762096405, 0.202132910490036, 0.1888856142759323, 0.1903395652770996, 0.19028550386428833, 0.19938242435455322, 0.1990295797586441, 0.20890367031097412, 0.19624818861484528, 0.19938747584819794, 0.1986977756023407, 0.19863839447498322, 0.19757847487926483, 0.1943180412054062, 0.20588968694210052, 0.1954246312379837, 0.19527141749858856, 0.1950947344303131, 0.19744020700454712, 0.19769877195358276, 0.20193973183631897, 0.19420883059501648, 0.20440532267093658, 0.1954377144575119, 0.19920575618743896, 0.1955106109380722, 0.20138254761695862, 0.20398643612861633, 0.20016485452651978, 0.20681720972061157, 0.20641618967056274, 0.2015470564365387, 0.20072001218795776, 0.21150264143943787, 0.20147216320037842, 0.20465965569019318, 0.20308345556259155, 0.20556114614009857, 0.20450986921787262, 0.20902182161808014, 0.2122156172990799, 0.21121029555797577, 0.20655745267868042, 0.21463364362716675, 0.19802454113960266, 0.20883959531784058, 0.20297294855117798, 0.20407555997371674, 0.20174920558929443, 0.20525100827217102, 0.20773443579673767, 0.20585699379444122, 0.2031119167804718, 0.20915575325489044, 0.20625028014183044, 0.2087184488773346, 0.20776930451393127, 0.20848064124584198, 0.21020512282848358, 0.20864702761173248, 0.2191607803106308, 0.20530210435390472, 0.20970726013183594, 0.22088629007339478, 0.20746751129627228, 0.2098105102777481, 0.20854239165782928, 0.20946229994297028, 0.20903848111629486, 0.20744337141513824, 0.21601194143295288, 0.21721422672271729, 0.216914564371109, 0.21305719017982483, 0.20684503018856049, 0.21939082443714142, 0.21120589971542358, 0.2119540274143219, 0.21205420792102814, 0.21160049736499786, 0.21020784974098206, 0.20694079995155334, 0.21194660663604736, 0.21843641996383667, 0.21319441497325897, 0.22251108288764954, 0.21489863097667694, 0.21645817160606384, 0.23274129629135132, 0.2152121514081955, 0.22494179010391235, 0.2137937992811203, 0.22481998801231384, 0.22647184133529663, 0.22037920355796814, 0.22348672151565552, 0.2389703392982483, 0.2242683619260788, 0.21649594604969025, 0.2316591590642929, 0.2166590541601181, 0.2215050756931305, 0.22214646637439728, 0.21817629039287567, 0.2250915765762329, 0.21868263185024261, 0.22258347272872925, 0.21432949602603912, 0.2281106412410736, 0.2221229523420334, 0.21559558808803558, 0.2228778600692749, 0.22063028812408447, 0.22330327332019806, 0.22141121327877045, 0.2292647808790207, 0.21700523793697357, 0.2137376219034195, 0.22409816086292267, 0.2337595373392105, 0.22810356318950653, 0.2237657606601715, 0.2292466163635254, 0.22405517101287842, 0.22231897711753845, 0.22711336612701416, 0.2163981944322586, 0.22418402135372162, 0.21950462460517883, 0.22302226722240448, 0.2261241376399994, 0.23609565198421478, 0.2249951809644699, 0.226559579372406, 0.23326684534549713, 0.2318364679813385, 0.22353942692279816, 0.2233111560344696, 0.22466066479682922, 0.22986984252929688, 0.22679415345191956, 0.2250150442123413, 0.2284853160381317, 0.23172910511493683, 0.23200233280658722, 0.235280379652977, 0.23029093444347382, 0.22922958433628082, 0.22975307703018188, 0.2271801382303238, 0.22861038148403168, 0.22469058632850647, 0.23350776731967926, 0.22801455855369568, 0.22706814110279083, 0.2315131425857544, 0.22518976032733917, 0.2324431985616684, 0.23733168840408325, 0.2369070053100586]",22.0,"[33.0, 33.0, 33.0, 33.0, 33.0, 33.0, 33.0, 33.0, 33.0, 33.0, 33.0, 33.0, 33.0, 33.0, 33.0, 33.0, 33.0, 33.0, 32.0, 32.0, 31.0, 31.0, 30.0, 29.0, 27.0, 26.0, 26.0, 25.0, 25.0, 24.0, 23.0, 23.0, 23.0, 23.0, 23.0, 23.0, 23.0, 23.0, 23.0, 23.0, 23.0, 23.0, 23.0, 23.0, 23.0, 23.0, 22.0, 22.0, 22.0, 22.0, 22.0, 22.0, 22.0, 22.0, 22.0, 22.0, 22.0, 22.0, 22.0, 22.0, 22.0, 22.0, 22.0, 22.0, 22.0, 22.0, 22.0, 22.0, 22.0, 22.0, 22.0, 22.0, 22.0, 22.0, 22.0, 22.0, 22.0, 22.0, 22.0, 22.0, 22.0, 22.0, 22.0, 22.0, 22.0, 22.0, 22.0, 22.0, 22.0, 22.0, 22.0, 22.0, 22.0, 22.0, 22.0, 22.0, 22.0, 22.0, 22.0, 22.0, 22.0, 22.0, 22.0, 22.0, 22.0, 22.0, 22.0, 22.0, 22.0, 22.0, 22.0, 22.0, 22.0, 22.0, 22.0, 22.0, 22.0, 22.0, 22.0, 22.0, 22.0, 22.0, 22.0, 22.0, 22.0, 22.0, 22.0, 22.0, 22.0, 22.0, 22.0, 22.0, 22.0, 22.0, 22.0, 22.0, 22.0, 22.0, 22.0, 22.0, 22.0, 22.0, 22.0, 22.0, 22.0, 22.0, 22.0, 22.0, 22.0, 22.0, 22.0, 22.0, 22.0, 22.0, 22.0, 22.0, 22.0, 22.0, 22.0, 22.0, 22.0, 22.0, 22.0, 22.0, 22.0, 22.0, 22.0, 22.0, 22.0, 22.0, 22.0, 22.0, 22.0, 22.0, 22.0, 22.0, 22.0, 22.0, 22.0, 22.0, 22.0, 22.0, 22.0, 22.0, 22.0, 22.0, 22.0, 22.0, 22.0, 22.0, 22.0, 22.0, 22.0, 22.0, 22.0, 22.0, 22.0, 22.0, 22.0, 22.0, 22.0, 22.0, 22.0, 22.0, 22.0, 22.0, 22.0, 22.0, 22.0, 22.0, 22.0, 22.0, 22.0, 22.0, 22.0, 22.0, 22.0, 22.0, 22.0, 22.0, 22.0, 22.0, 22.0, 22.0, 22.0, 22.0, 22.0, 22.0, 22.0, 22.0, 22.0, 22.0, 22.0, 22.0, 22.0, 22.0, 22.0, 22.0, 22.0, 22.0, 22.0, 22.0, 22.0, 22.0, 22.0, 22.0, 22.0, 22.0, 22.0, 22.0, 22.0, 22.0, 22.0, 22.0, 22.0, 22.0, 22.0, 22.0, 22.0, 22.0, 22.0, 22.0, 22.0, 22.0, 22.0, 22.0, 22.0, 22.0, 22.0, 22.0, 22.0, 22.0, 22.0, 22.0, 22.0, 22.0, 22.0, 22.0, 22.0, 22.0, 22.0, 22.0, 22.0, 22.0, 22.0, 22.0, 22.0, 22.0, 22.0, 22.0, 22.0, 22.0, 22.0, 22.0, 22.0, 22.0, 22.0, 22.0, 22.0, 22.0, 22.0, 22.0, 22.0, 22.0, 22.0, 22.0, 22.0, 22.0, 22.0, 22.0, 22.0, 22.0, 22.0, 22.0, 22.0, 22.0, 22.0, 22.0, 22.0, 22.0, 22.0, 22.0, 22.0, 22.0, 22.0, 22.0, 22.0, 22.0, 22.0, 22.0, 22.0, 22.0, 22.0, 22.0, 22.0, 22.0, 22.0, 22.0, 22.0, 22.0, 22.0, 22.0, 22.0, 22.0, 22.0, 22.0, 22.0, 22.0, 22.0, 22.0, 22.0, 22.0, 22.0, 22.0, 22.0, 22.0, 22.0, 22.0, 22.0, 22.0, 22.0, 22.0, 22.0, 22.0, 22.0, 22.0, 22.0, 22.0, 22.0, 22.0, 22.0, 22.0, 22.0, 22.0, 22.0]",COMPLETE
