,number,value,datetime_start,datetime_complete,duration,params_batch_size_scaler,params_constant_learning_rate,params_depth,params_epochs,params_kernel_l2,params_num_trees,params_temperature,user_attrs_accuracy_test,user_attrs_accuracy_valid,user_attrs_approximate_feature_sparsity,user_attrs_approximate_feature_sparsity_history,user_attrs_approximate_weight_sparsity,user_attrs_approximate_weight_sparsity_history,user_attrs_auc_test,user_attrs_auc_valid,user_attrs_feature_sparsity,user_attrs_feature_sparsity_history,user_attrs_num_epochs,user_attrs_val_loss_history,user_attrs_weight_sparsity,user_attrs_weight_sparsity_history,state
68,68,0.5,2024-08-31 03:28:25.507662,2024-08-31 03:28:47.175371,0 days 00:00:21.667709,16,0.8446301514620482,1,265,0.06344849879882063,61,0.007213522893794208,0.859,0.85875,0,"[33, 33, 12, 2, 0, 0, 0, 0, 0, 0, 0, 0, 0, 0, 0, 0, 0, 0, 0, 0, 0, 0, 0, 0, 0, 0, 0, 0, 0, 0, 0, 0, 0, 0, 0, 0, 0, 0, 0, 0, 0, 0, 0, 0, 0, 0, 0, 0, 0, 0, 0, 0, 0, 0, 0, 0, 0, 0, 0, 0, 0, 0, 0, 0, 0, 0, 0, 0, 0, 0, 0, 0, 0, 0, 0, 0, 0, 0, 0, 0, 0, 0, 0, 0, 0, 0, 0, 0, 0, 0, 0, 0, 0, 0, 0, 0, 0, 0, 0, 0, 0, 0, 0, 0, 0, 0, 0, 0, 0, 0, 0, 0, 0, 0, 0, 0, 0, 0, 0, 0, 0, 0, 0, 0, 0, 0, 0, 0, 0, 0, 0, 0, 0, 0, 0, 0, 0, 0, 0, 0, 0, 0, 0, 0, 0, 0, 0, 0, 0, 0, 0, 0, 0, 0, 0, 0, 0, 0, 0, 0, 0, 0, 0, 0, 0, 0, 0, 0, 0, 0, 0, 0, 0, 0, 0, 0, 0, 0, 0, 0, 0, 0, 0, 0, 0, 0, 0, 0, 0, 0, 0, 0, 0, 0, 0, 0, 0, 0, 0, 0, 0, 0, 0, 0, 0, 0, 0, 0, 0, 0, 0, 0, 0, 0, 0, 0, 0, 0, 0, 0, 0, 0, 0, 0, 0, 0, 0, 0, 0, 0, 0, 0, 0, 0, 0, 0, 0, 0, 0, 0, 0, 0, 0, 0, 0, 0, 0, 0, 0, 0, 0, 0, 0, 0, 0, 0, 0, 0, 0, 0, 0, 0, 0, 0, 0]",0.0,"[32.98360655737705, 33.0, 12.0, 2.0, 0.0, 0.0, 0.0, 0.0, 0.0, 0.0, 0.0, 0.0, 0.0, 0.0, 0.0, 0.0, 0.0, 0.0, 0.0, 0.0, 0.0, 0.0, 0.0, 0.0, 0.0, 0.0, 0.0, 0.0, 0.0, 0.0, 0.0, 0.0, 0.0, 0.0, 0.0, 0.0, 0.0, 0.0, 0.0, 0.0, 0.0, 0.0, 0.0, 0.0, 0.0, 0.0, 0.0, 0.0, 0.0, 0.0, 0.0, 0.0, 0.0, 0.0, 0.0, 0.0, 0.0, 0.0, 0.0, 0.0, 0.0, 0.0, 0.0, 0.0, 0.0, 0.0, 0.0, 0.0, 0.0, 0.0, 0.0, 0.0, 0.0, 0.0, 0.0, 0.0, 0.0, 0.0, 0.0, 0.0, 0.0, 0.0, 0.0, 0.0, 0.0, 0.0, 0.0, 0.0, 0.0, 0.0, 0.0, 0.0, 0.0, 0.0, 0.0, 0.0, 0.0, 0.0, 0.0, 0.0, 0.0, 0.0, 0.0, 0.0, 0.0, 0.0, 0.0, 0.0, 0.0, 0.0, 0.0, 0.0, 0.0, 0.0, 0.0, 0.0, 0.0, 0.0, 0.0, 0.0, 0.0, 0.0, 0.0, 0.0, 0.0, 0.0, 0.0, 0.0, 0.0, 0.0, 0.0, 0.0, 0.0, 0.0, 0.0, 0.0, 0.0, 0.0, 0.0, 0.0, 0.0, 0.0, 0.0, 0.0, 0.0, 0.0, 0.0, 0.0, 0.0, 0.0, 0.0, 0.0, 0.0, 0.0, 0.0, 0.0, 0.0, 0.0, 0.0, 0.0, 0.0, 0.0, 0.0, 0.0, 0.0, 0.0, 0.0, 0.0, 0.0, 0.0, 0.0, 0.0, 0.0, 0.0, 0.0, 0.0, 0.0, 0.0, 0.0, 0.0, 0.0, 0.0, 0.0, 0.0, 0.0, 0.0, 0.0, 0.0, 0.0, 0.0, 0.0, 0.0, 0.0, 0.0, 0.0, 0.0, 0.0, 0.0, 0.0, 0.0, 0.0, 0.0, 0.0, 0.0, 0.0, 0.0, 0.0, 0.0, 0.0, 0.0, 0.0, 0.0, 0.0, 0.0, 0.0, 0.0, 0.0, 0.0, 0.0, 0.0, 0.0, 0.0, 0.0, 0.0, 0.0, 0.0, 0.0, 0.0, 0.0, 0.0, 0.0, 0.0, 0.0, 0.0, 0.0, 0.0, 0.0, 0.0, 0.0, 0.0, 0.0, 0.0, 0.0, 0.0, 0.0, 0.0, 0.0, 0.0, 0.0, 0.0, 0.0, 0.0, 0.0, 0.0, 0.0, 0.0, 0.0, 0.0, 0.0, 0.0, 0.0, 0.0, 0.0, 0.0, 0.0]",0.5,0.5,0,"[33, 33, 12, 2, 0, 0, 0, 0, 0, 0, 0, 0, 0, 0, 0, 0, 0, 0, 0, 0, 0, 0, 0, 0, 0, 0, 0, 0, 0, 0, 0, 0, 0, 0, 0, 0, 0, 0, 0, 0, 0, 0, 0, 0, 0, 0, 0, 0, 0, 0, 0, 0, 0, 0, 0, 0, 0, 0, 0, 0, 0, 0, 0, 0, 0, 0, 0, 0, 0, 0, 0, 0, 0, 0, 0, 0, 0, 0, 0, 0, 0, 0, 0, 0, 0, 0, 0, 0, 0, 0, 0, 0, 0, 0, 0, 0, 0, 0, 0, 0, 0, 0, 0, 0, 0, 0, 0, 0, 0, 0, 0, 0, 0, 0, 0, 0, 0, 0, 0, 0, 0, 0, 0, 0, 0, 0, 0, 0, 0, 0, 0, 0, 0, 0, 0, 0, 0, 0, 0, 0, 0, 0, 0, 0, 0, 0, 0, 0, 0, 0, 0, 0, 0, 0, 0, 0, 0, 0, 0, 0, 0, 0, 0, 0, 0, 0, 0, 0, 0, 0, 0, 0, 0, 0, 0, 0, 0, 0, 0, 0, 0, 0, 0, 0, 0, 0, 0, 0, 0, 0, 0, 0, 0, 0, 0, 0, 0, 0, 0, 0, 0, 0, 0, 0, 0, 0, 0, 0, 0, 0, 0, 0, 0, 0, 0, 0, 0, 0, 0, 0, 0, 0, 0, 0, 0, 0, 0, 0, 0, 0, 0, 0, 0, 0, 0, 0, 0, 0, 0, 0, 0, 0, 0, 0, 0, 0, 0, 0, 0, 0, 0, 0, 0, 0, 0, 0, 0, 0, 0, 0, 0, 0, 0, 0, 0]",265,"[1.68080472946167, 0.8840126991271973, 3.2437071800231934, 0.9416926503181458, 4.268215179443359, 3.386746883392334, 2.334357500076294, 1.4676872491836548, 5.225829601287842, 3.6291751861572266, 1.6757699251174927, 4.3672776222229, 1.0689246654510498, 3.3722565174102783, 3.343576669692993, 1.3575656414031982, 0.7610722184181213, 1.4203535318374634, 2.6374258995056152, 2.1395070552825928, 0.4996216893196106, 2.128143548965454, 4.313109874725342, 1.2782368659973145, 3.568568468093872, 2.5224056243896484, 4.796451091766357, 1.7555127143859863, 0.9543694853782654, 3.1179721355438232, 0.8710523843765259, 1.8710074424743652, 4.377910614013672, 4.460559368133545, 0.5689771771430969, 1.5147649049758911, 0.7952883243560791, 4.805857181549072, 1.9981410503387451, 3.9272000789642334, 5.2420854568481445, 5.230686187744141, 0.4673040807247162, 0.6673874855041504, 4.259309768676758, 2.269357919692993, 5.267536163330078, 3.5868911743164062, 2.6057028770446777, 1.116235375404358, 1.1055670976638794, 1.17527437210083, 3.533383369445801, 3.198530673980713, 2.7796034812927246, 2.661832332611084, 0.8366450667381287, 5.230309963226318, 1.0515124797821045, 0.4718497097492218, 2.4073679447174072, 0.4199792444705963, 0.7081847190856934, 0.652314305305481, 3.498629093170166, 4.770848274230957, 2.403928279876709, 2.733318567276001, 2.418724298477173, 1.9687068462371826, 0.7488386034965515, 1.6445444822311401, 4.575567245483398, 2.2458510398864746, 0.6283731460571289, 0.48874884843826294, 3.000568151473999, 5.6459455490112305, 0.43409964442253113, 2.9286110401153564, 4.374086380004883, 5.418942451477051, 2.621279001235962, 0.8616980910301208, 4.060274124145508, 3.0788381099700928, 2.65936279296875, 1.56681489944458, 0.43296512961387634, 0.7137466669082642, 2.114737033843994, 0.5772960782051086, 1.6202998161315918, 1.133880615234375, 4.283735752105713, 1.668365478515625, 3.577493667602539, 3.056215763092041, 1.0086870193481445, 1.1405143737792969, 1.1789196729660034, 3.3027467727661133, 1.4525060653686523, 4.610167026519775, 1.8178776502609253, 3.312448024749756, 2.3356494903564453, 3.8088018894195557, 3.8470029830932617, 3.5972869396209717, 2.5390138626098633, 2.0091378688812256, 0.40817058086395264, 1.7841914892196655, 2.7798540592193604, 1.5911592245101929, 2.2953803539276123, 2.248770236968994, 0.6244116425514221, 4.229345321655273, 3.87629771232605, 3.9779059886932373, 4.007702350616455, 0.44861066341400146, 1.942643642425537, 2.287712812423706, 3.7114815711975098, 4.752964973449707, 4.799270153045654, 4.875621795654297, 1.2767120599746704, 0.4294571578502655, 3.3894314765930176, 0.41689932346343994, 1.728268027305603, 5.459653377532959, 0.6327773928642273, 4.255519866943359, 3.425759792327881, 0.8532963395118713, 2.2360994815826416, 0.43130016326904297, 1.3800396919250488, 1.4517773389816284, 1.8963992595672607, 1.3067001104354858, 2.6984801292419434, 5.739459037780762, 4.874876976013184, 2.914821147918701, 0.6706197261810303, 2.2191617488861084, 2.618757963180542, 0.4732457101345062, 2.250209093093872, 3.065173625946045, 4.201543807983398, 1.6008713245391846, 1.8654438257217407, 1.8162883520126343, 0.5659313201904297, 0.865660548210144, 2.577456474304199, 2.6686055660247803, 2.295931577682495, 4.325308322906494, 4.2678327560424805, 2.6196517944335938, 3.7007884979248047, 2.0026161670684814, 0.9583232998847961, 2.312974214553833, 2.759467363357544, 0.8988257646560669, 4.96188497543335, 1.4452102184295654, 2.5472822189331055, 0.6396276950836182, 0.6899462342262268, 3.5332295894622803, 0.4146908223628998, 4.465268611907959, 2.2995429039001465, 2.264106512069702, 0.40978869795799255, 0.7655311822891235, 3.1073687076568604, 0.8531218767166138, 1.4575223922729492, 1.6680759191513062, 0.8700575232505798, 0.5511165857315063, 0.4639659523963928, 2.293745517730713, 3.3910279273986816, 1.4061388969421387, 1.906011939048767, 1.3070073127746582, 0.5688941478729248, 1.5222378969192505, 2.258066177368164, 3.6039626598358154, 0.7664842009544373, 1.107485294342041, 0.5669805407524109, 4.350815296173096, 2.303219795227051, 2.51076078414917, 0.477085143327713, 4.0925445556640625, 2.7706775665283203, 1.445427656173706, 1.6038175821304321, 0.46063297986984253, 3.7262191772460938, 1.153368592262268, 4.207440376281738, 0.5398083329200745, 4.069751739501953, 0.4855997860431671, 1.007411003112793, 0.45831185579299927, 2.962770938873291, 0.8794474005699158, 4.080747604370117, 1.6849284172058105, 2.108330726623535, 0.5398380756378174, 1.012994647026062, 2.007699489593506, 1.4506949186325073, 2.3313329219818115, 0.5303146839141846, 0.6920011043548584, 0.409478098154068, 4.3481526374816895, 5.202937126159668, 4.163341999053955, 0.4563726484775543, 0.41710951924324036, 0.49099013209342957, 0.5666487216949463, 3.4970977306365967, 0.5460405945777893, 5.615694046020508, 5.080183982849121, 3.2368335723876953, 3.5738136768341064, 5.955136775970459, 1.2488582134246826, 1.6090819835662842, 3.4718117713928223, 0.42684242129325867, 1.1134579181671143, 0.93170166015625, 2.135587453842163, 4.991423606872559, 2.3586816787719727, 3.9226605892181396, 0.8093690276145935, 4.449993133544922, 1.2383705377578735, 1.538205862045288, 1.7910810708999634, 3.0697109699249268]",0.0,"[33.0, 33.0, 12.0, 2.0, 0.0, 0.0, 0.0, 0.0, 0.0, 0.0, 0.0, 0.0, 0.0, 0.0, 0.0, 0.0, 0.0, 0.0, 0.0, 0.0, 0.0, 0.0, 0.0, 0.0, 0.0, 0.0, 0.0, 0.0, 0.0, 0.0, 0.0, 0.0, 0.0, 0.0, 0.0, 0.0, 0.0, 0.0, 0.0, 0.0, 0.0, 0.0, 0.0, 0.0, 0.0, 0.0, 0.0, 0.0, 0.0, 0.0, 0.0, 0.0, 0.0, 0.0, 0.0, 0.0, 0.0, 0.0, 0.0, 0.0, 0.0, 0.0, 0.0, 0.0, 0.0, 0.0, 0.0, 0.0, 0.0, 0.0, 0.0, 0.0, 0.0, 0.0, 0.0, 0.0, 0.0, 0.0, 0.0, 0.0, 0.0, 0.0, 0.0, 0.0, 0.0, 0.0, 0.0, 0.0, 0.0, 0.0, 0.0, 0.0, 0.0, 0.0, 0.0, 0.0, 0.0, 0.0, 0.0, 0.0, 0.0, 0.0, 0.0, 0.0, 0.0, 0.0, 0.0, 0.0, 0.0, 0.0, 0.0, 0.0, 0.0, 0.0, 0.0, 0.0, 0.0, 0.0, 0.0, 0.0, 0.0, 0.0, 0.0, 0.0, 0.0, 0.0, 0.0, 0.0, 0.0, 0.0, 0.0, 0.0, 0.0, 0.0, 0.0, 0.0, 0.0, 0.0, 0.0, 0.0, 0.0, 0.0, 0.0, 0.0, 0.0, 0.0, 0.0, 0.0, 0.0, 0.0, 0.0, 0.0, 0.0, 0.0, 0.0, 0.0, 0.0, 0.0, 0.0, 0.0, 0.0, 0.0, 0.0, 0.0, 0.0, 0.0, 0.0, 0.0, 0.0, 0.0, 0.0, 0.0, 0.0, 0.0, 0.0, 0.0, 0.0, 0.0, 0.0, 0.0, 0.0, 0.0, 0.0, 0.0, 0.0, 0.0, 0.0, 0.0, 0.0, 0.0, 0.0, 0.0, 0.0, 0.0, 0.0, 0.0, 0.0, 0.0, 0.0, 0.0, 0.0, 0.0, 0.0, 0.0, 0.0, 0.0, 0.0, 0.0, 0.0, 0.0, 0.0, 0.0, 0.0, 0.0, 0.0, 0.0, 0.0, 0.0, 0.0, 0.0, 0.0, 0.0, 0.0, 0.0, 0.0, 0.0, 0.0, 0.0, 0.0, 0.0, 0.0, 0.0, 0.0, 0.0, 0.0, 0.0, 0.0, 0.0, 0.0, 0.0, 0.0, 0.0, 0.0, 0.0, 0.0, 0.0, 0.0, 0.0, 0.0, 0.0, 0.0, 0.0, 0.0, 0.0, 0.0, 0.0, 0.0, 0.0, 0.0, 0.0, 0.0, 0.0, 0.0, 0.0, 0.0]",COMPLETE
69,69,0.5,2024-08-31 03:28:48.510727,2024-08-31 03:38:53.090624,0 days 00:10:04.579897,1,0.7105738290395218,5,260,0.014753698337042263,86,0.01735110152160763,0.859,0.85875,0,"[0, 0, 0, 0, 0, 0, 0, 0, 0, 0, 0, 0, 0, 0, 0, 0, 0, 0, 0, 0, 0, 0, 0, 0, 0, 0, 0, 0, 0, 0, 0, 0, 0, 0, 0, 0, 0, 0, 0, 0, 0, 0, 0, 0, 0, 0, 0, 0, 0, 0, 0, 0, 0, 0, 0, 0, 0, 0, 0, 0, 0, 0, 0, 0, 0, 0, 0, 0, 0, 0, 0, 0, 0, 0, 0, 0, 0, 0, 0, 0, 0, 0, 0, 0, 0, 0, 0, 0, 0, 0, 0, 0, 0, 0, 0, 0, 0, 0, 0, 0, 0, 0, 0, 0, 0, 0, 0, 0, 0, 0, 0, 0, 0, 0, 0, 0, 0, 0, 0, 0, 0, 0, 0, 0, 0, 0, 0, 0, 0, 0, 0, 0, 0, 0, 0, 0, 0, 0, 0, 0, 0, 0, 0, 0, 0, 0, 0, 0, 0, 0, 0, 0, 0, 0, 0, 0, 0, 0, 0, 0, 0, 0, 0, 0, 0, 0, 0, 0, 0, 0, 0, 0, 0, 0, 0, 0, 0, 0, 0, 0, 0, 0, 0, 0, 0, 0, 0, 0, 0, 0, 0, 0, 0, 0, 0, 0, 0, 0, 0, 0, 0, 0, 0, 0, 0, 0, 0, 0, 0, 0, 0, 0, 0, 0, 0, 0, 0, 0, 0, 0, 0, 0, 0, 0, 0, 0, 0, 0, 0, 0, 0, 0, 0, 0, 0, 0, 0, 0, 0, 0, 0, 0, 0, 0, 0, 0, 0, 0, 0, 0, 0, 0, 0, 0, 0, 0, 0, 0, 0, 0]",0.0,"[0.0, 0.0, 0.0, 0.0, 0.0, 0.0, 0.0, 0.0, 0.0, 0.0, 0.0, 0.0, 0.0, 0.0, 0.0, 0.0, 0.0, 0.0, 0.0, 0.0, 0.0, 0.0, 0.0, 0.0, 0.0, 0.0, 0.0, 0.0, 0.0, 0.0, 0.0, 0.0, 0.0, 0.0, 0.0, 0.0, 0.0, 0.0, 0.0, 0.0, 0.0, 0.0, 0.0, 0.0, 0.0, 0.0, 0.0, 0.0, 0.0, 0.0, 0.0, 0.0, 0.0, 0.0, 0.0, 0.0, 0.0, 0.0, 0.0, 0.0, 0.0, 0.0, 0.0, 0.0, 0.0, 0.0, 0.0, 0.0, 0.0, 0.0, 0.0, 0.0, 0.0, 0.0, 0.0, 0.0, 0.0, 0.0, 0.0, 0.0, 0.0, 0.0, 0.0, 0.0, 0.0, 0.0, 0.0, 0.0, 0.0, 0.0, 0.0, 0.0, 0.0, 0.0, 0.0, 0.0, 0.0, 0.0, 0.0, 0.0, 0.0, 0.0, 0.0, 0.0, 0.0, 0.0, 0.0, 0.0, 0.0, 0.0, 0.0, 0.0, 0.0, 0.0, 0.0, 0.0, 0.0, 0.0, 0.0, 0.0, 0.0, 0.0, 0.0, 0.0, 0.0, 0.0, 0.0, 0.0, 0.0, 0.0, 0.0, 0.0, 0.0, 0.0, 0.0, 0.0, 0.0, 0.0, 0.0, 0.0, 0.0, 0.0, 0.0, 0.0, 0.0, 0.0, 0.0, 0.0, 0.0, 0.0, 0.0, 0.0, 0.0, 0.0, 0.0, 0.0, 0.0, 0.0, 0.0, 0.0, 0.0, 0.0, 0.0, 0.0, 0.0, 0.0, 0.0, 0.0, 0.0, 0.0, 0.0, 0.0, 0.0, 0.0, 0.0, 0.0, 0.0, 0.0, 0.0, 0.0, 0.0, 0.0, 0.0, 0.0, 0.0, 0.0, 0.0, 0.0, 0.0, 0.0, 0.0, 0.0, 0.0, 0.0, 0.0, 0.0, 0.0, 0.0, 0.0, 0.0, 0.0, 0.0, 0.0, 0.0, 0.0, 0.0, 0.0, 0.0, 0.0, 0.0, 0.0, 0.0, 0.0, 0.0, 0.0, 0.0, 0.0, 0.0, 0.0, 0.0, 0.0, 0.0, 0.0, 0.0, 0.0, 0.0, 0.0, 0.0, 0.0, 0.0, 0.0, 0.0, 0.0, 0.0, 0.0, 0.0, 0.0, 0.0, 0.0, 0.0, 0.0, 0.0, 0.0, 0.0, 0.0, 0.0, 0.0, 0.0, 0.0, 0.0, 0.0, 0.0, 0.0, 0.0, 0.0, 0.0, 0.0, 0.0, 0.0, 0.0]",0.5,0.5,0,"[0, 0, 0, 0, 0, 0, 0, 0, 0, 0, 0, 0, 0, 0, 0, 0, 0, 0, 0, 0, 0, 0, 0, 0, 0, 0, 0, 0, 0, 0, 0, 0, 0, 0, 0, 0, 0, 0, 0, 0, 0, 0, 0, 0, 0, 0, 0, 0, 0, 0, 0, 0, 0, 0, 0, 0, 0, 0, 0, 0, 0, 0, 0, 0, 0, 0, 0, 0, 0, 0, 0, 0, 0, 0, 0, 0, 0, 0, 0, 0, 0, 0, 0, 0, 0, 0, 0, 0, 0, 0, 0, 0, 0, 0, 0, 0, 0, 0, 0, 0, 0, 0, 0, 0, 0, 0, 0, 0, 0, 0, 0, 0, 0, 0, 0, 0, 0, 0, 0, 0, 0, 0, 0, 0, 0, 0, 0, 0, 0, 0, 0, 0, 0, 0, 0, 0, 0, 0, 0, 0, 0, 0, 0, 0, 0, 0, 0, 0, 0, 0, 0, 0, 0, 0, 0, 0, 0, 0, 0, 0, 0, 0, 0, 0, 0, 0, 0, 0, 0, 0, 0, 0, 0, 0, 0, 0, 0, 0, 0, 0, 0, 0, 0, 0, 0, 0, 0, 0, 0, 0, 0, 0, 0, 0, 0, 0, 0, 0, 0, 0, 0, 0, 0, 0, 0, 0, 0, 0, 0, 0, 0, 0, 0, 0, 0, 0, 0, 0, 0, 0, 0, 0, 0, 0, 0, 0, 0, 0, 0, 0, 0, 0, 0, 0, 0, 0, 0, 0, 0, 0, 0, 0, 0, 0, 0, 0, 0, 0, 0, 0, 0, 0, 0, 0, 0, 0, 0, 0, 0, 0]",260,"[0.40797650814056396, 0.4072568416595459, 0.4234648048877716, 0.40818867087364197, 0.4073381721973419, 0.42018136382102966, 0.4569164514541626, 0.4105748236179352, 0.41462022066116333, 0.46442967653274536, 0.4135882556438446, 0.41080552339553833, 0.41368210315704346, 0.41112902760505676, 0.4073316156864166, 0.4218951463699341, 0.43045520782470703, 0.41477957367897034, 0.4097415804862976, 0.4149527847766876, 0.408577561378479, 0.41722431778907776, 0.4076460301876068, 0.4206676483154297, 0.4072386920452118, 0.4403949975967407, 0.4246755540370941, 0.4159248471260071, 0.4196365773677826, 0.42109835147857666, 0.4405445456504822, 0.40879547595977783, 0.42992103099823, 0.4148502051830292, 0.43600451946258545, 0.4347120523452759, 0.44268977642059326, 0.4207165241241455, 0.4250137209892273, 0.4123114347457886, 0.407293438911438, 0.4095742106437683, 0.44213753938674927, 0.41672828793525696, 0.4345613718032837, 0.43425559997558594, 0.43336376547813416, 0.4072713553905487, 0.4143592417240143, 0.4116784930229187, 0.4081057012081146, 0.4091665744781494, 0.4251148998737335, 0.4077727794647217, 0.4119100570678711, 0.40752705931663513, 0.407313734292984, 0.40895184874534607, 0.40885040163993835, 0.41574227809906006, 0.4232671856880188, 0.43511760234832764, 0.4080917239189148, 0.4148077666759491, 0.4079693853855133, 0.42228448390960693, 0.4123016595840454, 0.42816001176834106, 0.4168335199356079, 0.4078353941440582, 0.4074217975139618, 0.4087913930416107, 0.43669453263282776, 0.4076630771160126, 0.4106470048427582, 0.41070452332496643, 0.40946224331855774, 0.4089173972606659, 0.4260585308074951, 0.43752148747444153, 0.4078906178474426, 0.4193042516708374, 0.43632233142852783, 0.4075542688369751, 0.4075300693511963, 0.40896427631378174, 0.4121009111404419, 0.4113655984401703, 0.4269452691078186, 0.4158608615398407, 0.4113135039806366, 0.407232403755188, 0.4073757529258728, 0.4185349643230438, 0.41273772716522217, 0.4816109538078308, 0.4257270097732544, 0.4224584698677063, 0.411965548992157, 0.4072825312614441, 0.40736067295074463, 0.4247770607471466, 0.4139191806316376, 0.40989795327186584, 0.40839913487434387, 0.4105011820793152, 0.41697803139686584, 0.446133017539978, 0.41995733976364136, 0.4121646583080292, 0.4214119017124176, 0.435716450214386, 0.4113306701183319, 0.41659849882125854, 0.4236114025115967, 0.41161876916885376, 0.40770184993743896, 0.4117969572544098, 0.4237818121910095, 0.407960444688797, 0.4076198935508728, 0.408778578042984, 0.4073168933391571, 0.40945538878440857, 0.40727394819259644, 0.4099847078323364, 0.4170093238353729, 0.41380774974823, 0.41789910197257996, 0.4439823031425476, 0.40878555178642273, 0.41700825095176697, 0.42279934883117676, 0.40990379452705383, 0.41340240836143494, 0.4073176681995392, 0.40920716524124146, 0.4147148132324219, 0.41123005747795105, 0.4072892367839813, 0.4335882067680359, 0.41356831789016724, 0.40735870599746704, 0.46003809571266174, 0.4188598692417145, 0.4110097885131836, 0.40999531745910645, 0.4129909574985504, 0.41542473435401917, 0.4368681311607361, 0.40965938568115234, 0.4085314869880676, 0.4083120822906494, 0.4122406840324402, 0.4264008402824402, 0.4081729054450989, 0.41040587425231934, 0.41644930839538574, 0.4073934555053711, 0.4135468006134033, 0.40748709440231323, 0.4100048840045929, 0.4073885679244995, 0.4215496778488159, 0.4123309850692749, 0.43182173371315, 0.4386925995349884, 0.44912245869636536, 0.41005560755729675, 0.4266858398914337, 0.40726616978645325, 0.4072999656200409, 0.4174864888191223, 0.40723326802253723, 0.4111764430999756, 0.4100216031074524, 0.4230821132659912, 0.4072800576686859, 0.4377409815788269, 0.41146862506866455, 0.4073866903781891, 0.4081602990627289, 0.40942397713661194, 0.4095346927642822, 0.4084111452102661, 0.45616447925567627, 0.4073505401611328, 0.4132162928581238, 0.4105817675590515, 0.41023021936416626, 0.40956175327301025, 0.4313574731349945, 0.40875479578971863, 0.40728554129600525, 0.4273797273635864, 0.43138420581817627, 0.4574534595012665, 0.4084149897098541, 0.41326919198036194, 0.4305335283279419, 0.407584011554718, 0.4078993499279022, 0.40773841738700867, 0.40786629915237427, 0.4072275459766388, 0.4157859683036804, 0.42773085832595825, 0.40815573930740356, 0.40758585929870605, 0.4111486077308655, 0.41202789545059204, 0.41229888796806335, 0.40900012850761414, 0.4086665213108063, 0.41657936573028564, 0.42020338773727417, 0.4092646539211273, 0.40805262327194214, 0.4073742926120758, 0.4225233793258667, 0.41087228059768677, 0.43044447898864746, 0.40767231583595276, 0.4114513695240021, 0.42469924688339233, 0.4076988995075226, 0.4138660728931427, 0.40818163752555847, 0.407227486371994, 0.4072529077529907, 0.4245833456516266, 0.4122963845729828, 0.4113939702510834, 0.40849390625953674, 0.4103774130344391, 0.40727919340133667, 0.41347283124923706, 0.4241929352283478, 0.41412267088890076, 0.40783777832984924, 0.4249705970287323, 0.40775051712989807, 0.549963653087616, 0.4233939051628113, 0.4085969626903534, 0.42819681763648987, 0.4106031060218811, 0.4095376133918762, 0.40984442830085754, 0.4136753976345062, 0.41751885414123535, 0.4139868915081024, 0.407304584980011, 0.422221839427948, 0.41838157176971436, 0.42059779167175293, 0.43097546696662903, 0.4072378873825073, 0.46009671688079834, 0.45342132449150085]",0.0,"[0.0, 0.0, 0.0, 0.0, 0.0, 0.0, 0.0, 0.0, 0.0, 0.0, 0.0, 0.0, 0.0, 0.0, 0.0, 0.0, 0.0, 0.0, 0.0, 0.0, 0.0, 0.0, 0.0, 0.0, 0.0, 0.0, 0.0, 0.0, 0.0, 0.0, 0.0, 0.0, 0.0, 0.0, 0.0, 0.0, 0.0, 0.0, 0.0, 0.0, 0.0, 0.0, 0.0, 0.0, 0.0, 0.0, 0.0, 0.0, 0.0, 0.0, 0.0, 0.0, 0.0, 0.0, 0.0, 0.0, 0.0, 0.0, 0.0, 0.0, 0.0, 0.0, 0.0, 0.0, 0.0, 0.0, 0.0, 0.0, 0.0, 0.0, 0.0, 0.0, 0.0, 0.0, 0.0, 0.0, 0.0, 0.0, 0.0, 0.0, 0.0, 0.0, 0.0, 0.0, 0.0, 0.0, 0.0, 0.0, 0.0, 0.0, 0.0, 0.0, 0.0, 0.0, 0.0, 0.0, 0.0, 0.0, 0.0, 0.0, 0.0, 0.0, 0.0, 0.0, 0.0, 0.0, 0.0, 0.0, 0.0, 0.0, 0.0, 0.0, 0.0, 0.0, 0.0, 0.0, 0.0, 0.0, 0.0, 0.0, 0.0, 0.0, 0.0, 0.0, 0.0, 0.0, 0.0, 0.0, 0.0, 0.0, 0.0, 0.0, 0.0, 0.0, 0.0, 0.0, 0.0, 0.0, 0.0, 0.0, 0.0, 0.0, 0.0, 0.0, 0.0, 0.0, 0.0, 0.0, 0.0, 0.0, 0.0, 0.0, 0.0, 0.0, 0.0, 0.0, 0.0, 0.0, 0.0, 0.0, 0.0, 0.0, 0.0, 0.0, 0.0, 0.0, 0.0, 0.0, 0.0, 0.0, 0.0, 0.0, 0.0, 0.0, 0.0, 0.0, 0.0, 0.0, 0.0, 0.0, 0.0, 0.0, 0.0, 0.0, 0.0, 0.0, 0.0, 0.0, 0.0, 0.0, 0.0, 0.0, 0.0, 0.0, 0.0, 0.0, 0.0, 0.0, 0.0, 0.0, 0.0, 0.0, 0.0, 0.0, 0.0, 0.0, 0.0, 0.0, 0.0, 0.0, 0.0, 0.0, 0.0, 0.0, 0.0, 0.0, 0.0, 0.0, 0.0, 0.0, 0.0, 0.0, 0.0, 0.0, 0.0, 0.0, 0.0, 0.0, 0.0, 0.0, 0.0, 0.0, 0.0, 0.0, 0.0, 0.0, 0.0, 0.0, 0.0, 0.0, 0.0, 0.0, 0.0, 0.0, 0.0, 0.0, 0.0, 0.0, 0.0, 0.0, 0.0, 0.0, 0.0, 0.0, 0.0, 0.0, 0.0, 0.0, 0.0, 0.0]",COMPLETE
70,70,0.6264894178871843,2024-08-31 03:38:53.099267,2024-08-31 03:38:57.825398,0 days 00:00:04.726131,64,0.04119477642991958,1,25,0.03558848676305651,97,0.08920157187151141,0.859,0.85875,33,"[33, 33, 33, 33, 33, 33, 33, 33, 33, 33, 33, 33, 33, 33, 33, 33, 33, 33, 33, 33, 33, 33, 33, 33, 33]",33.0,"[33.0, 33.0, 33.0, 32.98969072164948, 32.98969072164948, 32.98969072164948, 32.98969072164948, 32.97938144329897, 32.98969072164948, 32.97938144329897, 32.97938144329897, 32.98969072164948, 33.0, 32.97938144329897, 32.98969072164948, 32.98969072164948, 33.0, 33.0, 32.98969072164948, 32.97938144329897, 32.97938144329897, 32.98969072164948, 32.98969072164948, 33.0, 33.0]",0.6964968336924844,0.6264894178871843,33,"[33, 33, 33, 33, 33, 33, 33, 33, 33, 33, 33, 33, 33, 33, 33, 33, 33, 33, 33, 33, 33, 33, 33, 33, 33]",25,"[0.4563351571559906, 0.4505613446235657, 0.4478573501110077, 0.44563692808151245, 0.44407832622528076, 0.44103822112083435, 0.44005680084228516, 0.4364382028579712, 0.4344409704208374, 0.4322367012500763, 0.4309307336807251, 0.4284418523311615, 0.42767229676246643, 0.4251362085342407, 0.42358165979385376, 0.42198362946510315, 0.42047709226608276, 0.4190000593662262, 0.4177059829235077, 0.4176906645298004, 0.4157763719558716, 0.41465604305267334, 0.41436994075775146, 0.41209620237350464, 0.41094210743904114]",33.0,"[33.0, 33.0, 33.0, 33.0, 33.0, 33.0, 33.0, 33.0, 33.0, 33.0, 33.0, 33.0, 33.0, 33.0, 33.0, 33.0, 33.0, 33.0, 33.0, 33.0, 33.0, 33.0, 33.0, 33.0, 33.0]",COMPLETE
