,number,value,datetime_start,datetime_complete,duration,params_batch_size_scaler,params_constant_learning_rate,params_depth,params_epochs,params_kernel_l2,params_num_trees,params_temperature,user_attrs_accuracy_test,user_attrs_accuracy_valid,user_attrs_approximate_feature_sparsity,user_attrs_approximate_feature_sparsity_history,user_attrs_approximate_weight_sparsity,user_attrs_approximate_weight_sparsity_history,user_attrs_auc_test,user_attrs_auc_valid,user_attrs_feature_sparsity,user_attrs_feature_sparsity_history,user_attrs_num_epochs,user_attrs_val_loss_history,user_attrs_weight_sparsity,user_attrs_weight_sparsity_history,state
159,159,0.5,2024-08-31 07:56:23.841102,2024-08-31 07:57:28.601132,0 days 00:01:04.760030,16,3.286342618000554,4,170,0.4229775892561353,74,0.002129240133709627,0.859,0.85875,0,"[33, 33, 26, 6, 5, 4, 4, 4, 4, 4, 2, 2, 2, 2, 2, 2, 2, 2, 2, 2, 2, 2, 2, 2, 2, 2, 2, 2, 2, 2, 2, 2, 2, 2, 1, 1, 1, 1, 1, 1, 1, 1, 1, 1, 1, 1, 1, 1, 1, 1, 1, 1, 1, 1, 1, 1, 1, 0, 0, 0, 0, 0, 0, 0, 0, 0, 0, 0, 0, 0, 0, 0, 0, 0, 0, 0, 0, 0, 0, 0, 0, 0, 0, 0, 0, 0, 0, 0, 0, 0, 0, 0, 0, 0, 0, 0, 0, 0, 0, 0, 0, 0, 0, 0, 0, 0, 0, 0, 0, 0, 0, 0, 0, 0, 0, 0, 0, 0, 0, 0, 0, 0, 0, 0, 0, 0, 0, 0, 0, 0, 0, 0, 0, 0, 0, 0, 0, 0, 0, 0, 0, 0, 0, 0, 0, 0, 0, 0, 0, 0, 0, 0, 0, 0, 0, 0, 0, 0, 0, 0, 0, 0, 0, 0, 0, 0, 0, 0, 0, 0]",0.0,"[32.954054054054055, 32.954054054054055, 25.964864864864865, 5.993693693693694, 4.994594594594595, 3.9954954954954953, 3.993693693693694, 3.9972972972972975, 3.9945945945945946, 3.993693693693694, 1.9972972972972973, 1.9981981981981982, 2.0, 1.9972972972972973, 1.9963963963963964, 1.9954954954954955, 1.999099099099099, 1.999099099099099, 1.9972972972972973, 1.999099099099099, 1.999099099099099, 1.9972972972972973, 1.9981981981981982, 1.9972972972972973, 1.9981981981981982, 1.9981981981981982, 1.9972972972972973, 1.999099099099099, 2.0, 2.0, 1.9972972972972973, 1.9972972972972973, 1.9981981981981982, 1.9981981981981982, 0.9981981981981982, 0.9972972972972973, 1.0, 0.9990990990990991, 1.0, 1.0, 0.9990990990990991, 1.0, 1.0, 1.0, 0.9990990990990991, 1.0, 0.9981981981981982, 0.9990990990990991, 0.9990990990990991, 1.0, 1.0, 1.0, 0.9990990990990991, 0.9981981981981982, 1.0, 0.9990990990990991, 1.0, 0.0, 0.0, 0.0, 0.0, 0.0, 0.0, 0.0, 0.0, 0.0, 0.0, 0.0, 0.0, 0.0, 0.0, 0.0, 0.0, 0.0, 0.0, 0.0, 0.0, 0.0, 0.0, 0.0, 0.0, 0.0, 0.0, 0.0, 0.0, 0.0, 0.0, 0.0, 0.0, 0.0, 0.0, 0.0, 0.0, 0.0, 0.0, 0.0, 0.0, 0.0, 0.0, 0.0, 0.0, 0.0, 0.0, 0.0, 0.0, 0.0, 0.0, 0.0, 0.0, 0.0, 0.0, 0.0, 0.0, 0.0, 0.0, 0.0, 0.0, 0.0, 0.0, 0.0, 0.0, 0.0, 0.0, 0.0, 0.0, 0.0, 0.0, 0.0, 0.0, 0.0, 0.0, 0.0, 0.0, 0.0, 0.0, 0.0, 0.0, 0.0, 0.0, 0.0, 0.0, 0.0, 0.0, 0.0, 0.0, 0.0, 0.0, 0.0, 0.0, 0.0, 0.0, 0.0, 0.0, 0.0, 0.0, 0.0, 0.0, 0.0, 0.0, 0.0, 0.0, 0.0, 0.0, 0.0, 0.0, 0.0, 0.0, 0.0, 0.0, 0.0]",0.5,0.5,0,"[33, 33, 26, 6, 5, 4, 4, 4, 4, 4, 2, 2, 2, 2, 2, 2, 2, 2, 2, 2, 2, 2, 2, 2, 2, 2, 2, 2, 2, 2, 2, 2, 2, 2, 1, 1, 1, 1, 1, 1, 1, 1, 1, 1, 1, 1, 1, 1, 1, 1, 1, 1, 1, 1, 1, 1, 1, 0, 0, 0, 0, 0, 0, 0, 0, 0, 0, 0, 0, 0, 0, 0, 0, 0, 0, 0, 0, 0, 0, 0, 0, 0, 0, 0, 0, 0, 0, 0, 0, 0, 0, 0, 0, 0, 0, 0, 0, 0, 0, 0, 0, 0, 0, 0, 0, 0, 0, 0, 0, 0, 0, 0, 0, 0, 0, 0, 0, 0, 0, 0, 0, 0, 0, 0, 0, 0, 0, 0, 0, 0, 0, 0, 0, 0, 0, 0, 0, 0, 0, 0, 0, 0, 0, 0, 0, 0, 0, 0, 0, 0, 0, 0, 0, 0, 0, 0, 0, 0, 0, 0, 0, 0, 0, 0, 0, 0, 0, 0, 0, 0]",170,"[0.4043408930301666, 0.650096595287323, 0.4705677330493927, 0.388561487197876, 1.1663280725479126, 1.8652253150939941, 0.36257705092430115, 0.688305675983429, 0.3757469952106476, 0.3626047968864441, 0.6172670722007751, 0.7105064392089844, 0.47435328364372253, 0.7408548593521118, 0.6515677571296692, 0.37505191564559937, 0.3837384283542633, 1.0449875593185425, 0.6744409799575806, 0.4898642599582672, 0.5186512470245361, 0.49673911929130554, 0.43989697098731995, 0.49297550320625305, 0.5911251306533813, 0.5940536856651306, 0.39892277121543884, 0.6293745636940002, 0.4511754512786865, 0.44862374663352966, 0.8153347969055176, 0.4536256492137909, 0.5206054449081421, 0.52869713306427, 2.287013530731201, 0.5147459506988525, 0.5366100072860718, 0.44819697737693787, 0.4215482771396637, 0.4056820571422577, 1.5311214923858643, 0.7359747290611267, 1.0462337732315063, 0.40858402848243713, 0.5495184659957886, 0.9250468611717224, 0.6262756586074829, 0.5998690128326416, 0.7643800973892212, 0.5236923694610596, 0.39838650822639465, 1.3905415534973145, 0.8171870708465576, 0.6587532162666321, 0.5748814940452576, 0.4400915503501892, 0.4218147397041321, 0.6646171808242798, 2.222053289413452, 1.4180623292922974, 0.4373374283313751, 0.5904630422592163, 0.5148634910583496, 0.7847761511802673, 0.4201629161834717, 0.6512914896011353, 1.903562068939209, 1.3150842189788818, 0.802432119846344, 1.2111274003982544, 0.9875524044036865, 0.8198139667510986, 0.41754311323165894, 0.4174431562423706, 0.4074845612049103, 0.9122121930122375, 0.8423616290092468, 0.7326140403747559, 0.7036181092262268, 0.4258292019367218, 0.48438388109207153, 0.5491553544998169, 0.4251996576786041, 0.7322586178779602, 0.7574065327644348, 0.6398351192474365, 0.530203640460968, 0.4079127609729767, 0.9959316253662109, 0.4427093267440796, 0.9587246179580688, 0.6192349791526794, 0.40861526131629944, 1.320091724395752, 2.7000362873077393, 0.4529619514942169, 1.0904967784881592, 1.517433762550354, 0.4824487268924713, 0.6444876194000244, 1.780769944190979, 0.5330342650413513, 0.8389276266098022, 0.6325335502624512, 0.4659808874130249, 0.4396158456802368, 1.2284789085388184, 0.42917129397392273, 0.4318963885307312, 0.42198020219802856, 0.40723201632499695, 0.6016001105308533, 0.8071752190589905, 1.474271535873413, 0.4164291024208069, 1.2132946252822876, 0.4113827645778656, 1.1948357820510864, 0.6772277355194092, 1.4506052732467651, 1.683626413345337, 0.7937297224998474, 1.0769100189208984, 1.3625602722167969, 1.1751708984375, 0.4260019063949585, 0.8076902031898499, 0.7486057281494141, 1.2605376243591309, 0.8081060647964478, 1.2239090204238892, 1.319013237953186, 0.41069644689559937, 1.0949429273605347, 0.7278175354003906, 0.6156724691390991, 0.5662055015563965, 0.43036749958992004, 0.42030608654022217, 1.0758447647094727, 1.347355604171753, 0.5490624308586121, 0.45833835005760193, 0.6211913824081421, 1.2087771892547607, 0.5101025104522705, 0.5314311981201172, 0.4126623570919037, 0.45842522382736206, 1.166967511177063, 0.46806785464286804, 0.6226469278335571, 0.4696847200393677, 0.6568921804428101, 0.9780228137969971, 0.42429786920547485, 0.426888108253479, 1.5304312705993652, 0.4515635371208191, 0.4334237575531006, 0.5307586193084717, 0.6020316481590271, 0.40853217244148254, 0.4093572199344635, 1.4551734924316406, 0.8484222888946533, 0.8015422224998474, 1.9091670513153076, 1.5060935020446777, 0.42712733149528503]",0.0,"[33.0, 33.0, 26.0, 6.0, 5.0, 4.0, 4.0, 4.0, 4.0, 4.0, 2.0, 2.0, 2.0, 2.0, 2.0, 2.0, 2.0, 2.0, 2.0, 2.0, 2.0, 2.0, 2.0, 2.0, 2.0, 2.0, 2.0, 2.0, 2.0, 2.0, 2.0, 2.0, 2.0, 2.0, 1.0, 1.0, 1.0, 1.0, 1.0, 1.0, 1.0, 1.0, 1.0, 1.0, 1.0, 1.0, 1.0, 1.0, 1.0, 1.0, 1.0, 1.0, 1.0, 1.0, 1.0, 1.0, 1.0, 0.0, 0.0, 0.0, 0.0, 0.0, 0.0, 0.0, 0.0, 0.0, 0.0, 0.0, 0.0, 0.0, 0.0, 0.0, 0.0, 0.0, 0.0, 0.0, 0.0, 0.0, 0.0, 0.0, 0.0, 0.0, 0.0, 0.0, 0.0, 0.0, 0.0, 0.0, 0.0, 0.0, 0.0, 0.0, 0.0, 0.0, 0.0, 0.0, 0.0, 0.0, 0.0, 0.0, 0.0, 0.0, 0.0, 0.0, 0.0, 0.0, 0.0, 0.0, 0.0, 0.0, 0.0, 0.0, 0.0, 0.0, 0.0, 0.0, 0.0, 0.0, 0.0, 0.0, 0.0, 0.0, 0.0, 0.0, 0.0, 0.0, 0.0, 0.0, 0.0, 0.0, 0.0, 0.0, 0.0, 0.0, 0.0, 0.0, 0.0, 0.0, 0.0, 0.0, 0.0, 0.0, 0.0, 0.0, 0.0, 0.0, 0.0, 0.0, 0.0, 0.0, 0.0, 0.0, 0.0, 0.0, 0.0, 0.0, 0.0, 0.0, 0.0, 0.0, 0.0, 0.0, 0.0, 0.0, 0.0, 0.0, 0.0, 0.0, 0.0, 0.0]",COMPLETE
