,number,value,datetime_start,datetime_complete,duration,params_batch_size_scaler,params_constant_learning_rate,params_depth,params_epochs,params_kernel_l2,params_num_trees,params_temperature,user_attrs_accuracy_test,user_attrs_accuracy_valid,user_attrs_approximate_feature_sparsity,user_attrs_approximate_feature_sparsity_history,user_attrs_approximate_weight_sparsity,user_attrs_approximate_weight_sparsity_history,user_attrs_auc_test,user_attrs_auc_valid,user_attrs_feature_sparsity,user_attrs_feature_sparsity_history,user_attrs_num_epochs,user_attrs_val_loss_history,user_attrs_weight_sparsity,user_attrs_weight_sparsity_history,state
124,124,0.7641019695740103,2024-08-31 06:11:54.917934,2024-08-31 06:12:11.550093,0 days 00:00:16.632159,64,0.12892919428198346,3,135,0.00260841120275715,56,0.004029170732929511,0.882,0.87375,33,"[33, 33, 33, 33, 33, 33, 33, 33, 33, 33, 33, 33, 33, 33, 33, 33, 33, 33, 33, 33, 33, 33, 33, 33, 33, 33, 33, 33, 33, 33, 33, 33, 33, 33, 33, 33, 33, 33, 33, 33, 33, 33, 33, 33, 33, 33, 33, 33, 33, 33, 33, 33, 33, 33, 33, 33, 33, 33, 33, 33, 33, 33, 33, 33, 33, 33, 33, 33, 33, 33, 33, 33, 33, 33, 33, 33, 33, 33, 33, 33, 33, 33, 33, 33, 33, 33, 33, 33, 33, 33, 33, 33, 33, 33, 33, 33, 33, 33, 33, 33, 33, 33, 33, 33, 33, 33, 33, 33, 33, 33, 33, 33, 33, 33, 33, 33, 33, 33, 33, 33, 33, 33, 33, 33, 33, 33, 33, 33, 33, 33, 33, 33, 33, 33, 33]",32.98214285714286,"[32.96938775510204, 32.977040816326536, 32.974489795918366, 32.9795918367347, 32.977040816326536, 32.96938775510204, 32.977040816326536, 32.96938775510204, 32.9719387755102, 32.96938775510204, 32.9719387755102, 32.96938775510204, 32.96938775510204, 32.96683673469388, 32.96683673469388, 32.98214285714286, 32.97704081632653, 32.96938775510204, 32.974489795918366, 32.974489795918366, 32.977040816326536, 32.9795918367347, 32.98724489795919, 32.97959183673469, 32.97704081632653, 32.974489795918366, 32.974489795918366, 32.974489795918366, 32.98214285714286, 32.984693877551024, 32.96683673469388, 32.96173469387755, 32.96683673469388, 32.96683673469388, 32.96938775510204, 32.97448979591837, 32.964285714285715, 32.96683673469388, 32.964285714285715, 32.96173469387755, 32.96683673469388, 32.964285714285715, 32.9795918367347, 32.98724489795919, 32.984693877551024, 32.984693877551024, 32.984693877551024, 32.9719387755102, 32.96938775510204, 32.95663265306123, 32.964285714285715, 32.97448979591837, 32.97193877551021, 32.97193877551021, 32.9719387755102, 32.96938775510204, 32.96938775510204, 32.96938775510204, 32.95918367346939, 32.977040816326536, 32.96938775510204, 32.974489795918366, 32.96938775510204, 32.974489795918366, 32.9719387755102, 32.974489795918366, 32.97704081632653, 32.96683673469388, 32.95918367346939, 32.96173469387755, 32.96173469387755, 32.96938775510204, 32.977040816326536, 32.974489795918366, 32.9719387755102, 32.96683673469388, 32.977040816326536, 32.977040816326536, 32.98724489795919, 32.98214285714286, 32.9795918367347, 32.9795918367347, 32.97704081632653, 32.97448979591837, 32.98214285714286, 32.9795918367347, 32.984693877551024, 32.9719387755102, 32.97193877551021, 32.98214285714286, 32.9795918367347, 32.9795918367347, 32.98214285714286, 32.984693877551024, 32.98214285714286, 32.977040816326536, 32.977040816326536, 32.98979591836735, 32.98214285714286, 32.98724489795919, 32.9795918367347, 32.98214285714286, 32.97448979591837, 32.9795918367347, 32.984693877551024, 32.98214285714286, 32.9795918367347, 32.977040816326536, 32.97193877551021, 32.9795918367347, 32.96683673469388, 32.96938775510204, 32.964285714285715, 32.96683673469388, 32.96683673469388, 32.964285714285715, 32.98214285714286, 32.984693877551024, 32.98214285714286, 32.98979591836735, 32.98979591836735, 32.99234693877551, 32.98724489795919, 32.984693877551024, 32.98214285714286, 32.98214285714286, 32.98214285714286, 32.98724489795919, 32.98724489795919, 32.984693877551024, 32.97448979591837, 32.9795918367347, 32.98214285714286, 32.9795918367347, 32.98214285714286]",0.7933519926683676,0.7641019695740103,33,"[33, 33, 33, 33, 33, 33, 33, 33, 33, 33, 33, 33, 33, 33, 33, 33, 33, 33, 33, 33, 33, 33, 33, 33, 33, 33, 33, 33, 33, 33, 33, 33, 33, 33, 33, 33, 33, 33, 33, 33, 33, 33, 33, 33, 33, 33, 33, 33, 33, 33, 33, 33, 33, 33, 33, 33, 33, 33, 33, 33, 33, 33, 33, 33, 33, 33, 33, 33, 33, 33, 33, 33, 33, 33, 33, 33, 33, 33, 33, 33, 33, 33, 33, 33, 33, 33, 33, 33, 33, 33, 33, 33, 33, 33, 33, 33, 33, 33, 33, 33, 33, 33, 33, 33, 33, 33, 33, 33, 33, 33, 33, 33, 33, 33, 33, 33, 33, 33, 33, 33, 33, 33, 33, 33, 33, 33, 33, 33, 33, 33, 33, 33, 33, 33, 33]",135,"[0.4141038656234741, 0.40726596117019653, 0.40450194478034973, 0.40146541595458984, 0.39941611886024475, 0.3973627984523773, 0.39549437165260315, 0.39335742592811584, 0.39176106452941895, 0.3900291323661804, 0.3887932300567627, 0.3878900408744812, 0.3867701292037964, 0.3854878544807434, 0.38455796241760254, 0.3835318386554718, 0.38348838686943054, 0.3820801079273224, 0.38110682368278503, 0.3804813623428345, 0.37970784306526184, 0.3791307508945465, 0.3784608542919159, 0.37828364968299866, 0.3767339587211609, 0.3763777017593384, 0.37576720118522644, 0.3751668930053711, 0.37469473481178284, 0.3739560842514038, 0.3735470473766327, 0.37300044298171997, 0.372421532869339, 0.37205901741981506, 0.37158384919166565, 0.37112513184547424, 0.37071460485458374, 0.37042954564094543, 0.36999234557151794, 0.3693890869617462, 0.36913010478019714, 0.3685305118560791, 0.3679839074611664, 0.36755067110061646, 0.36717474460601807, 0.3668031692504883, 0.3664313852787018, 0.3660151958465576, 0.3658100366592407, 0.3654787838459015, 0.36535319685935974, 0.36457911133766174, 0.3645511567592621, 0.3638787567615509, 0.36398184299468994, 0.3630808889865875, 0.36266639828681946, 0.3625088632106781, 0.36232244968414307, 0.3618927299976349, 0.363084077835083, 0.362040638923645, 0.3616541922092438, 0.3606932759284973, 0.360383540391922, 0.3602241277694702, 0.35975173115730286, 0.3592965006828308, 0.3590242266654968, 0.3589376211166382, 0.35819011926651, 0.35794007778167725, 0.35798826813697815, 0.357461541891098, 0.3576403558254242, 0.3571871519088745, 0.35685965418815613, 0.3567129373550415, 0.35619667172431946, 0.35585594177246094, 0.35575392842292786, 0.35553914308547974, 0.355436772108078, 0.35508212447166443, 0.3551318347454071, 0.35687392950057983, 0.3556364178657532, 0.3540548086166382, 0.3539015054702759, 0.3533323407173157, 0.3533862233161926, 0.3533576726913452, 0.3524183928966522, 0.3521038889884949, 0.3518173098564148, 0.35177648067474365, 0.3514091372489929, 0.35095512866973877, 0.35050928592681885, 0.35047003626823425, 0.35079053044319153, 0.35102567076683044, 0.35008561611175537, 0.35051998496055603, 0.34868091344833374, 0.348829448223114, 0.3479175865650177, 0.34740349650382996, 0.34724152088165283, 0.347204327583313, 0.3470838665962219, 0.34686514735221863, 0.3466814458370209, 0.3460291624069214, 0.34600409865379333, 0.3454049825668335, 0.3451327383518219, 0.3450300991535187, 0.34460240602493286, 0.34444713592529297, 0.3437729775905609, 0.3438117206096649, 0.34382903575897217, 0.3437901735305786, 0.3428186774253845, 0.3425081670284271, 0.34256693720817566, 0.3421460688114166, 0.3418040871620178, 0.34153643250465393, 0.34133774042129517, 0.3408527672290802, 0.34056851267814636, 0.34014761447906494, 0.3398476541042328]",33.0,"[33.0, 33.0, 33.0, 33.0, 33.0, 33.0, 33.0, 33.0, 33.0, 33.0, 33.0, 33.0, 33.0, 33.0, 33.0, 33.0, 33.0, 33.0, 33.0, 33.0, 33.0, 33.0, 33.0, 33.0, 33.0, 33.0, 33.0, 33.0, 33.0, 33.0, 33.0, 33.0, 33.0, 33.0, 33.0, 33.0, 33.0, 33.0, 33.0, 33.0, 33.0, 33.0, 33.0, 33.0, 33.0, 33.0, 33.0, 33.0, 33.0, 33.0, 33.0, 33.0, 33.0, 33.0, 33.0, 33.0, 33.0, 33.0, 33.0, 33.0, 33.0, 33.0, 33.0, 33.0, 33.0, 33.0, 33.0, 33.0, 33.0, 33.0, 33.0, 33.0, 33.0, 33.0, 33.0, 33.0, 33.0, 33.0, 33.0, 33.0, 33.0, 33.0, 33.0, 33.0, 33.0, 33.0, 33.0, 33.0, 33.0, 33.0, 33.0, 33.0, 33.0, 33.0, 33.0, 33.0, 33.0, 33.0, 33.0, 33.0, 33.0, 33.0, 33.0, 33.0, 33.0, 33.0, 33.0, 33.0, 33.0, 33.0, 33.0, 33.0, 33.0, 33.0, 33.0, 33.0, 33.0, 33.0, 33.0, 33.0, 33.0, 33.0, 33.0, 33.0, 33.0, 33.0, 33.0, 33.0, 33.0, 33.0, 33.0, 33.0, 33.0, 33.0, 33.0]",COMPLETE
125,125,0.9225438291404207,2024-08-31 06:12:11.556766,2024-08-31 06:12:48.672856,0 days 00:00:37.116090,16,0.22333666164082047,4,205,0.0011083671481191644,15,0.05500443585116465,0.935,0.9375,33,"[33, 33, 33, 33, 33, 33, 33, 33, 33, 33, 33, 33, 33, 33, 33, 33, 33, 33, 33, 33, 33, 33, 33, 33, 33, 33, 33, 33, 33, 33, 33, 33, 33, 33, 33, 33, 33, 33, 33, 33, 33, 33, 33, 33, 33, 33, 33, 33, 33, 33, 33, 33, 33, 33, 33, 33, 33, 33, 33, 33, 33, 33, 33, 33, 33, 33, 33, 33, 33, 33, 33, 33, 33, 33, 33, 33, 33, 33, 33, 33, 33, 33, 33, 33, 33, 33, 33, 33, 33, 33, 33, 33, 33, 33, 33, 33, 33, 33, 33, 33, 33, 33, 33, 33, 33, 33, 33, 33, 33, 33, 33, 33, 33, 33, 33, 33, 33, 33, 33, 33, 33, 33, 33, 33, 33, 33, 33, 33, 33, 33, 33, 33, 33, 33, 33, 33, 33, 33, 33, 33, 33, 33, 33, 33, 33, 33, 33, 33, 33, 33, 33, 33, 33, 33, 33, 33, 33, 33, 33, 33, 33, 33, 33, 33, 33, 33, 33, 33, 33, 33, 33, 33, 33, 33, 33, 33, 33, 33, 33, 33, 33, 33, 33, 33, 33, 33, 33, 33, 33, 33, 33, 33, 33, 33, 33, 33, 33, 33, 33, 33, 33, 33, 33, 33, 33]",32.973333333333336,"[32.986666666666665, 32.96888888888889, 32.973333333333336, 32.98222222222222, 32.97333333333333, 32.968888888888884, 32.973333333333336, 32.973333333333336, 32.98222222222222, 32.986666666666665, 32.99111111111111, 32.986666666666665, 32.977777777777774, 32.973333333333336, 32.99111111111111, 32.986666666666665, 32.973333333333336, 32.986666666666665, 32.98222222222222, 32.986666666666665, 32.99111111111111, 32.986666666666665, 32.98222222222222, 32.986666666666665, 32.977777777777774, 32.96888888888889, 32.986666666666665, 32.973333333333336, 32.973333333333336, 32.96888888888889, 32.96888888888889, 32.955555555555556, 32.96888888888889, 32.97777777777778, 32.986666666666665, 32.964444444444446, 32.986666666666665, 32.97777777777778, 32.973333333333336, 32.97777777777778, 32.99111111111111, 32.973333333333336, 32.99111111111111, 32.995555555555555, 32.986666666666665, 32.995555555555555, 32.98222222222222, 32.986666666666665, 32.964444444444446, 32.99111111111111, 32.97777777777778, 32.973333333333336, 32.98222222222222, 32.96888888888889, 32.96, 32.964444444444446, 32.96, 32.97333333333333, 32.96888888888889, 32.986666666666665, 32.986666666666665, 32.99111111111111, 32.98222222222222, 32.964444444444446, 32.99111111111111, 32.98222222222222, 32.99111111111111, 32.986666666666665, 32.986666666666665, 32.986666666666665, 32.98222222222222, 32.97777777777778, 32.986666666666665, 32.99111111111111, 32.99111111111111, 32.98222222222222, 32.986666666666665, 32.98222222222222, 32.986666666666665, 32.995555555555555, 32.99111111111111, 32.995555555555555, 32.98222222222222, 32.96888888888889, 32.96888888888889, 32.99111111111111, 32.977777777777774, 32.977777777777774, 32.97333333333333, 32.977777777777774, 32.99111111111111, 32.986666666666665, 32.986666666666665, 32.98222222222222, 32.986666666666665, 32.97777777777778, 32.977777777777774, 32.98222222222222, 32.964444444444446, 32.96888888888889, 32.986666666666665, 32.973333333333336, 32.973333333333336, 32.977777777777774, 32.986666666666665, 32.96, 32.986666666666665, 32.98222222222222, 32.96, 32.96888888888889, 32.973333333333336, 32.977777777777774, 32.986666666666665, 32.96888888888889, 32.964444444444446, 32.973333333333336, 32.96888888888889, 32.964444444444446, 32.97777777777778, 32.96, 32.96, 32.97777777777778, 32.96888888888889, 32.973333333333336, 32.977777777777774, 32.986666666666665, 32.96888888888889, 32.98222222222222, 32.96888888888889, 32.973333333333336, 32.96888888888889, 32.977777777777774, 32.964444444444446, 32.973333333333336, 32.96888888888889, 32.97777777777778, 32.986666666666665, 32.97777777777778, 32.973333333333336, 32.99111111111111, 32.98222222222222, 32.99111111111111, 32.995555555555555, 32.98222222222222, 32.97777777777778, 32.995555555555555, 32.986666666666665, 32.98222222222222, 32.995555555555555, 32.995555555555555, 32.97777777777778, 32.99111111111111, 32.986666666666665, 32.97777777777778, 32.97777777777778, 32.98222222222222, 32.99111111111111, 32.98222222222222, 32.99111111111111, 32.98222222222222, 32.96888888888889, 32.99111111111111, 32.986666666666665, 32.986666666666665, 32.98222222222222, 32.99111111111111, 32.986666666666665, 32.973333333333336, 32.977777777777774, 32.98222222222222, 32.964444444444446, 32.96888888888889, 32.97777777777778, 32.96888888888889, 32.98222222222222, 32.977777777777774, 32.977777777777774, 32.99111111111111, 32.995555555555555, 32.973333333333336, 32.99111111111111, 32.98222222222222, 32.97777777777778, 32.973333333333336, 32.986666666666665, 32.98222222222222, 32.986666666666665, 32.99111111111111, 32.96888888888889, 32.977777777777774, 32.98222222222222, 33.0, 32.986666666666665, 32.995555555555555, 32.995555555555555, 32.99111111111111, 33.0, 32.986666666666665, 32.99111111111111, 32.986666666666665, 32.986666666666665, 33.0, 32.99111111111111, 32.986666666666665, 32.973333333333336]",0.9077683930679744,0.9225438291404207,33,"[33, 33, 33, 33, 33, 33, 33, 33, 33, 33, 33, 33, 33, 33, 33, 33, 33, 33, 33, 33, 33, 33, 33, 33, 33, 33, 33, 33, 33, 33, 33, 33, 33, 33, 33, 33, 33, 33, 33, 33, 33, 33, 33, 33, 33, 33, 33, 33, 33, 33, 33, 33, 33, 33, 33, 33, 33, 33, 33, 33, 33, 33, 33, 33, 33, 33, 33, 33, 33, 33, 33, 33, 33, 33, 33, 33, 33, 33, 33, 33, 33, 33, 33, 33, 33, 33, 33, 33, 33, 33, 33, 33, 33, 33, 33, 33, 33, 33, 33, 33, 33, 33, 33, 33, 33, 33, 33, 33, 33, 33, 33, 33, 33, 33, 33, 33, 33, 33, 33, 33, 33, 33, 33, 33, 33, 33, 33, 33, 33, 33, 33, 33, 33, 33, 33, 33, 33, 33, 33, 33, 33, 33, 33, 33, 33, 33, 33, 33, 33, 33, 33, 33, 33, 33, 33, 33, 33, 33, 33, 33, 33, 33, 33, 33, 33, 33, 33, 33, 33, 33, 33, 33, 33, 33, 33, 33, 33, 33, 33, 33, 33, 33, 33, 33, 33, 33, 33, 33, 33, 33, 33, 33, 33, 33, 33, 33, 33, 33, 33, 33, 33, 33, 33, 33, 33]",205,"[0.42822179198265076, 0.39307770133018494, 0.38556212186813354, 0.38114625215530396, 0.3777403235435486, 0.374969482421875, 0.37268364429473877, 0.37063705921173096, 0.36893680691719055, 0.3671070337295532, 0.36527201533317566, 0.3637086749076843, 0.3625984191894531, 0.36084920167922974, 0.35940665006637573, 0.3579620122909546, 0.356557160615921, 0.3551681935787201, 0.35397589206695557, 0.3527336120605469, 0.35134878754615784, 0.3498914837837219, 0.3488638699054718, 0.3475205600261688, 0.3458886444568634, 0.34435921907424927, 0.34284961223602295, 0.3415367603302002, 0.34010905027389526, 0.3382238447666168, 0.33679571747779846, 0.33526962995529175, 0.33372294902801514, 0.33195072412490845, 0.3305531442165375, 0.3289046883583069, 0.32714879512786865, 0.32544609904289246, 0.3237747550010681, 0.32174310088157654, 0.3199915885925293, 0.31836605072021484, 0.3166497051715851, 0.3149138391017914, 0.3131873607635498, 0.3115125596523285, 0.3097812235355377, 0.30776748061180115, 0.30574339628219604, 0.30377086997032166, 0.30192649364471436, 0.30025792121887207, 0.2983969748020172, 0.29671046137809753, 0.294916570186615, 0.29334867000579834, 0.2917841970920563, 0.29013529419898987, 0.2884450852870941, 0.28680190443992615, 0.28522297739982605, 0.2837936580181122, 0.28212490677833557, 0.28053101897239685, 0.27893781661987305, 0.2775877118110657, 0.27624672651290894, 0.27507445216178894, 0.27380019426345825, 0.2725871205329895, 0.2713576555252075, 0.2701159715652466, 0.26906633377075195, 0.2678877115249634, 0.26693984866142273, 0.2658512592315674, 0.2646200656890869, 0.2633346617221832, 0.2622058391571045, 0.2613851726055145, 0.2603180408477783, 0.2595394551753998, 0.25865137577056885, 0.25739023089408875, 0.25641804933547974, 0.25564810633659363, 0.2548907995223999, 0.2540320158004761, 0.25303134322166443, 0.2525310218334198, 0.25172317028045654, 0.2509002983570099, 0.24991704523563385, 0.24912670254707336, 0.24821239709854126, 0.24753957986831665, 0.24684223532676697, 0.24606120586395264, 0.24514150619506836, 0.24439935386180878, 0.24378131330013275, 0.24314041435718536, 0.24274103343486786, 0.241769939661026, 0.24121318757534027, 0.24034416675567627, 0.23973780870437622, 0.2392314076423645, 0.23871135711669922, 0.23799386620521545, 0.23737670481204987, 0.2366926521062851, 0.23605512082576752, 0.23541316390037537, 0.23439502716064453, 0.2338888943195343, 0.23346255719661713, 0.23304961621761322, 0.2320880889892578, 0.23116245865821838, 0.23061977326869965, 0.230377659201622, 0.2300466001033783, 0.22938469052314758, 0.22850683331489563, 0.2277127504348755, 0.22743390500545502, 0.22658823430538177, 0.2263551503419876, 0.22562462091445923, 0.2252141535282135, 0.22459667921066284, 0.22374677658081055, 0.2231728881597519, 0.22244329750537872, 0.22189690172672272, 0.22152534127235413, 0.2210448980331421, 0.22067798674106598, 0.22045201063156128, 0.2198406606912613, 0.21932072937488556, 0.21911031007766724, 0.2184361219406128, 0.21811378002166748, 0.21764926612377167, 0.21765722334384918, 0.2167706936597824, 0.21601837873458862, 0.2153472900390625, 0.21499653160572052, 0.21503371000289917, 0.21442092955112457, 0.21349979937076569, 0.2131384313106537, 0.21298103034496307, 0.2126062959432602, 0.21164251863956451, 0.21113795042037964, 0.21104343235492706, 0.21058949828147888, 0.2100566029548645, 0.2095825970172882, 0.20936310291290283, 0.20943792164325714, 0.20891420543193817, 0.20867082476615906, 0.20811128616333008, 0.2080516219139099, 0.2079949527978897, 0.2077145129442215, 0.20712094008922577, 0.20684419572353363, 0.20672915875911713, 0.2056831419467926, 0.2058362066745758, 0.20563779771327972, 0.20537787675857544, 0.20516759157180786, 0.2044486254453659, 0.2037963718175888, 0.2034461349248886, 0.20362725853919983, 0.20264045894145966, 0.20250976085662842, 0.20245733857154846, 0.20258113741874695, 0.2021571546792984, 0.20176923274993896, 0.20190538465976715, 0.20113550126552582, 0.20089872181415558, 0.20031678676605225, 0.20005598664283752, 0.1997145265340805, 0.199344202876091, 0.2002890706062317, 0.19956569373607635, 0.19923263788223267, 0.1987411081790924, 0.19841724634170532, 0.19836342334747314, 0.19805766642093658, 0.1980271190404892, 0.19797009229660034]",33.0,"[33.0, 33.0, 33.0, 33.0, 33.0, 33.0, 33.0, 33.0, 33.0, 33.0, 33.0, 33.0, 33.0, 33.0, 33.0, 33.0, 33.0, 33.0, 33.0, 33.0, 33.0, 33.0, 33.0, 33.0, 33.0, 33.0, 33.0, 33.0, 33.0, 33.0, 33.0, 33.0, 33.0, 33.0, 33.0, 33.0, 33.0, 33.0, 33.0, 33.0, 33.0, 33.0, 33.0, 33.0, 33.0, 33.0, 33.0, 33.0, 33.0, 33.0, 33.0, 33.0, 33.0, 33.0, 33.0, 33.0, 33.0, 33.0, 33.0, 33.0, 33.0, 33.0, 33.0, 33.0, 33.0, 33.0, 33.0, 33.0, 33.0, 33.0, 33.0, 33.0, 33.0, 33.0, 33.0, 33.0, 33.0, 33.0, 33.0, 33.0, 33.0, 33.0, 33.0, 33.0, 33.0, 33.0, 33.0, 33.0, 33.0, 33.0, 33.0, 33.0, 33.0, 33.0, 33.0, 33.0, 33.0, 33.0, 33.0, 33.0, 33.0, 33.0, 33.0, 33.0, 33.0, 33.0, 33.0, 33.0, 33.0, 33.0, 33.0, 33.0, 33.0, 33.0, 33.0, 33.0, 33.0, 33.0, 33.0, 33.0, 33.0, 33.0, 33.0, 33.0, 33.0, 33.0, 33.0, 33.0, 33.0, 33.0, 33.0, 33.0, 33.0, 33.0, 33.0, 33.0, 33.0, 33.0, 33.0, 33.0, 33.0, 33.0, 33.0, 33.0, 33.0, 33.0, 33.0, 33.0, 33.0, 33.0, 33.0, 33.0, 33.0, 33.0, 33.0, 33.0, 33.0, 33.0, 33.0, 33.0, 33.0, 33.0, 33.0, 33.0, 33.0, 33.0, 33.0, 33.0, 33.0, 33.0, 33.0, 33.0, 33.0, 33.0, 33.0, 33.0, 33.0, 33.0, 33.0, 33.0, 33.0, 33.0, 33.0, 33.0, 33.0, 33.0, 33.0, 33.0, 33.0, 33.0, 33.0, 33.0, 33.0, 33.0, 33.0, 33.0, 33.0, 33.0, 33.0, 33.0, 33.0, 33.0, 33.0, 33.0, 33.0]",COMPLETE
