,number,value,datetime_start,datetime_complete,duration,params_batch_size_scaler,params_constant_learning_rate,params_depth,params_epochs,params_kernel_l2,params_num_trees,params_temperature,user_attrs_accuracy_test,user_attrs_accuracy_valid,user_attrs_approximate_feature_sparsity,user_attrs_approximate_feature_sparsity_history,user_attrs_approximate_weight_sparsity,user_attrs_approximate_weight_sparsity_history,user_attrs_auc_test,user_attrs_auc_valid,user_attrs_feature_sparsity,user_attrs_feature_sparsity_history,user_attrs_num_epochs,user_attrs_val_loss_history,user_attrs_weight_sparsity,user_attrs_weight_sparsity_history,state
127,127,0.7225464054308202,2024-08-31 06:24:08.378374,2024-08-31 06:25:41.102010,0 days 00:01:32.723636,64,0.46293687503345715,6,90,0.027226622154285136,80,0.00020448501025465977,0.872,0.86875,33,"[33, 33, 33, 33, 33, 33, 33, 33, 33, 33, 33, 33, 33, 33, 33, 33, 33, 33, 33, 33, 33, 33, 33, 33, 33, 33, 33, 33, 33, 33, 33, 33, 33, 33, 33, 33, 33, 33, 33, 33, 33, 33, 33, 33, 33, 33, 33, 33, 33, 33, 33, 33, 33, 33, 33, 33, 33, 33, 33, 33, 33, 33, 33, 33, 33, 33, 33, 33, 33, 33, 33, 33, 33, 33, 33, 33, 33, 33, 33, 33, 33, 33, 33, 33, 33, 33, 33, 33, 33, 33]",32.90436507936508,"[32.90238095238095, 32.89960317460317, 32.89861111111111, 32.897222222222226, 32.8968253968254, 32.897619047619045, 32.893253968253966, 32.89920634920635, 32.900396825396825, 32.90515873015873, 32.90297619047619, 32.90416666666667, 32.901587301587305, 32.905952380952385, 32.90833333333333, 32.90238095238095, 32.90535714285714, 32.90416666666667, 32.901785714285715, 32.901587301587305, 32.90436507936508, 32.906150793650795, 32.90734126984127, 32.912103174603175, 32.91329365079365, 32.90595238095238, 32.903373015873015, 32.90535714285714, 32.90416666666667, 32.90555555555555, 32.90396825396826, 32.90575396825397, 32.90416666666667, 32.90238095238095, 32.903174603174605, 32.90515873015873, 32.90654761904762, 32.90376984126984, 32.90277777777778, 32.900198412698415, 32.90257936507936, 32.90277777777778, 32.90615079365079, 32.90218253968254, 32.90297619047619, 32.90436507936508, 32.9, 32.906349206349205, 32.90575396825397, 32.90515873015873, 32.90734126984127, 32.901984126984125, 32.901984126984125, 32.90138888888889, 32.90099206349207, 32.900198412698415, 32.90099206349206, 32.90218253968254, 32.90099206349206, 32.904563492063495, 32.90515873015873, 32.90595238095238, 32.900595238095235, 32.90099206349206, 32.900595238095235, 32.89722222222222, 32.897222222222226, 32.89543650793651, 32.89404761904762, 32.89960317460318, 32.89781746031746, 32.89940476190476, 32.897222222222226, 32.8968253968254, 32.89642857142857, 32.898809523809526, 32.901587301587305, 32.89662698412698, 32.89900793650794, 32.900198412698415, 32.89861111111111, 32.90178571428572, 32.90376984126984, 32.900396825396825, 32.89940476190476, 32.89980158730158, 32.902976190476195, 32.900000000000006, 32.901785714285715, 32.90436507936508]",0.7583533549649519,0.7225464054308202,33,"[33, 33, 33, 33, 33, 33, 33, 33, 33, 33, 33, 33, 33, 33, 33, 33, 33, 33, 33, 33, 33, 33, 33, 33, 33, 33, 33, 33, 33, 33, 33, 33, 33, 33, 33, 33, 33, 33, 33, 33, 33, 33, 33, 33, 33, 33, 33, 33, 33, 33, 33, 33, 33, 33, 33, 33, 33, 33, 33, 33, 33, 33, 33, 33, 33, 33, 33, 33, 33, 33, 33, 33, 33, 33, 33, 33, 33, 33, 33, 33, 33, 33, 33, 33, 33, 33, 33, 33, 33, 33]",90,"[0.43407782912254333, 0.4059770703315735, 0.4018573760986328, 0.39939871430397034, 0.396477609872818, 0.3943158984184265, 0.3928115963935852, 0.39116278290748596, 0.39029860496520996, 0.38844630122184753, 0.3872654438018799, 0.38615331053733826, 0.3849727511405945, 0.38406121730804443, 0.3826761245727539, 0.38192394375801086, 0.3810681104660034, 0.38035014271736145, 0.3796508014202118, 0.3789845407009125, 0.3782864809036255, 0.37794730067253113, 0.37702858448028564, 0.3763822913169861, 0.37587490677833557, 0.3751773536205292, 0.37472033500671387, 0.37424376606941223, 0.37368908524513245, 0.3732130825519562, 0.3728258013725281, 0.37245142459869385, 0.37178340554237366, 0.3712475895881653, 0.37114372849464417, 0.37074023485183716, 0.3700474202632904, 0.3697439432144165, 0.36922115087509155, 0.3689783215522766, 0.36849939823150635, 0.3682228922843933, 0.3679158687591553, 0.36776360869407654, 0.36750054359436035, 0.36704814434051514, 0.36686497926712036, 0.36641252040863037, 0.365958034992218, 0.36544176936149597, 0.3654603064060211, 0.36499884724617004, 0.36469611525535583, 0.36406761407852173, 0.3639269173145294, 0.363700270652771, 0.3632873296737671, 0.36315858364105225, 0.36289846897125244, 0.3627152740955353, 0.36239737272262573, 0.3625084161758423, 0.3618588149547577, 0.36183905601501465, 0.3613719046115875, 0.3614722490310669, 0.3615451157093048, 0.3607635200023651, 0.36045798659324646, 0.3604823052883148, 0.36044055223464966, 0.3598652184009552, 0.3593062460422516, 0.35899466276168823, 0.35920506715774536, 0.35958993434906006, 0.3599672317504883, 0.3583858907222748, 0.35798636078834534, 0.3577641546726227, 0.3577398657798767, 0.3573673367500305, 0.35705626010894775, 0.35671764612197876, 0.35660111904144287, 0.35651838779449463, 0.3562147915363312, 0.35635289549827576, 0.3560899496078491, 0.3556672930717468]",33.0,"[33.0, 33.0, 33.0, 33.0, 33.0, 33.0, 33.0, 33.0, 33.0, 33.0, 33.0, 33.0, 33.0, 33.0, 33.0, 33.0, 33.0, 33.0, 33.0, 33.0, 33.0, 33.0, 33.0, 33.0, 33.0, 33.0, 33.0, 33.0, 33.0, 33.0, 33.0, 33.0, 33.0, 33.0, 33.0, 33.0, 33.0, 33.0, 33.0, 33.0, 33.0, 33.0, 33.0, 33.0, 33.0, 33.0, 33.0, 33.0, 33.0, 33.0, 33.0, 33.0, 33.0, 33.0, 33.0, 33.0, 33.0, 33.0, 33.0, 33.0, 33.0, 33.0, 33.0, 33.0, 33.0, 33.0, 33.0, 33.0, 33.0, 33.0, 33.0, 33.0, 33.0, 33.0, 33.0, 33.0, 33.0, 33.0, 33.0, 33.0, 33.0, 33.0, 33.0, 33.0, 33.0, 33.0, 33.0, 33.0, 33.0, 33.0]",COMPLETE
128,128,0.9030670737205497,2024-08-31 06:25:45.646753,2024-08-31 06:26:00.762882,0 days 00:00:15.116129,16,1.3394037882625773,1,105,0.023589331151241663,52,0.00032756894025647276,0.926,0.9175,14,"[33, 33, 33, 33, 33, 33, 33, 33, 33, 33, 33, 33, 33, 33, 33, 33, 33, 32, 32, 29, 29, 27, 23, 23, 21, 21, 21, 20, 20, 20, 19, 18, 18, 18, 18, 18, 18, 18, 18, 18, 18, 17, 17, 17, 17, 17, 17, 17, 17, 17, 17, 17, 17, 17, 17, 17, 17, 17, 17, 16, 16, 16, 16, 16, 16, 16, 16, 16, 15, 15, 15, 15, 15, 15, 15, 15, 15, 15, 15, 15, 15, 15, 15, 15, 15, 15, 15, 15, 15, 15, 15, 15, 15, 15, 15, 15, 15, 15, 15, 15, 15, 15, 15, 15, 14]",14.0,"[33.0, 33.0, 33.0, 32.980769230769226, 32.980769230769226, 33.0, 33.0, 32.96153846153846, 33.0, 33.0, 32.980769230769226, 33.0, 33.0, 32.980769230769226, 32.980769230769226, 33.0, 32.980769230769226, 31.98076923076923, 31.96153846153846, 29.0, 29.0, 27.0, 23.0, 23.0, 21.0, 20.98076923076923, 21.0, 20.0, 19.98076923076923, 20.0, 19.0, 18.0, 18.0, 18.0, 18.0, 18.0, 18.0, 18.0, 18.0, 18.0, 17.98076923076923, 17.0, 17.0, 16.98076923076923, 17.0, 17.0, 17.0, 17.0, 16.98076923076923, 17.0, 17.0, 17.0, 17.0, 17.0, 17.0, 16.942307692307693, 16.98076923076923, 16.96153846153846, 16.98076923076923, 16.0, 16.0, 16.0, 16.0, 15.98076923076923, 15.98076923076923, 15.961538461538462, 15.96153846153846, 15.98076923076923, 15.0, 15.0, 14.98076923076923, 14.98076923076923, 15.0, 14.98076923076923, 15.0, 14.96153846153846, 15.0, 15.0, 15.0, 14.98076923076923, 15.0, 15.0, 15.0, 15.0, 14.98076923076923, 14.96153846153846, 14.98076923076923, 14.98076923076923, 15.0, 15.0, 15.0, 14.98076923076923, 15.0, 14.98076923076923, 14.96153846153846, 15.0, 14.98076923076923, 14.98076923076923, 15.0, 15.0, 14.942307692307693, 14.98076923076923, 15.0, 15.0, 14.0]",0.905407078988433,0.9030670737205497,14,"[33, 33, 33, 33, 33, 33, 33, 33, 33, 33, 33, 33, 33, 33, 33, 33, 33, 32, 32, 29, 29, 27, 23, 23, 21, 21, 21, 20, 20, 20, 19, 18, 18, 18, 18, 18, 18, 18, 18, 18, 18, 17, 17, 17, 17, 17, 17, 17, 17, 17, 17, 17, 17, 17, 17, 17, 17, 17, 17, 16, 16, 16, 16, 16, 16, 16, 16, 16, 15, 15, 15, 15, 15, 15, 15, 15, 15, 15, 15, 15, 15, 15, 15, 15, 15, 15, 15, 15, 15, 15, 15, 15, 15, 15, 15, 15, 15, 15, 15, 15, 15, 15, 15, 15, 14]",105,"[3.4174652099609375, 1.2249563932418823, 7.001401424407959, 2.8068759441375732, 2.6754379272460938, 0.7254517078399658, 0.7574402689933777, 2.586846113204956, 2.800888776779175, 1.7213538885116577, 0.5225645303726196, 0.7184902429580688, 1.1273318529129028, 0.5450364947319031, 2.2362565994262695, 0.7214898467063904, 2.280592441558838, 0.7951351404190063, 0.46769392490386963, 0.4638209939002991, 0.5132829546928406, 0.4152962863445282, 0.818615734577179, 1.1802879571914673, 3.573425054550171, 2.34096360206604, 0.48068222403526306, 0.983232319355011, 1.9091933965682983, 0.3456416428089142, 0.373056024312973, 0.3387816548347473, 1.6099449396133423, 0.28686249256134033, 0.3516397178173065, 0.5746246576309204, 0.306487113237381, 0.35743770003318787, 1.0251644849777222, 0.6033121347427368, 0.3526785671710968, 0.31304502487182617, 1.190478801727295, 0.3999367952346802, 1.1390703916549683, 0.4772886037826538, 0.7408262491226196, 0.32641586661338806, 1.037967562675476, 0.2626636326313019, 0.9130765795707703, 0.37336108088493347, 0.324849009513855, 0.6161754727363586, 1.2353349924087524, 1.5265061855316162, 2.2268519401550293, 0.343929648399353, 0.28241240978240967, 0.7412518262863159, 0.4353798031806946, 0.27063265442848206, 0.3522142469882965, 1.1375000476837158, 0.2972216010093689, 0.5802575945854187, 0.2856654226779938, 0.6553182005882263, 0.5523034930229187, 0.7529308795928955, 0.5351932644844055, 1.530870795249939, 1.6790857315063477, 0.2726235091686249, 0.3795970678329468, 0.724984884262085, 0.6432532668113708, 0.31537333130836487, 0.28402432799339294, 0.5087608098983765, 1.0230352878570557, 0.34359845519065857, 0.2864237129688263, 0.252692312002182, 0.8701474070549011, 0.2896501123905182, 0.4518411159515381, 0.32145458459854126, 0.6657354235649109, 0.3204623758792877, 0.5811915993690491, 0.26590803265571594, 0.3270907700061798, 0.26448261737823486, 1.5664831399917603, 0.3034469485282898, 1.1619670391082764, 0.28675082325935364, 0.5397863984107971, 0.2598668336868286, 0.26861241459846497, 0.2840937376022339, 0.33904433250427246, 0.23820912837982178, 0.501822292804718]",14.0,"[33.0, 33.0, 33.0, 33.0, 33.0, 33.0, 33.0, 33.0, 33.0, 33.0, 33.0, 33.0, 33.0, 33.0, 33.0, 33.0, 33.0, 32.0, 32.0, 29.0, 29.0, 27.0, 23.0, 23.0, 21.0, 21.0, 21.0, 20.0, 20.0, 20.0, 19.0, 18.0, 18.0, 18.0, 18.0, 18.0, 18.0, 18.0, 18.0, 18.0, 18.0, 17.0, 17.0, 17.0, 17.0, 17.0, 17.0, 17.0, 17.0, 17.0, 17.0, 17.0, 17.0, 17.0, 17.0, 17.0, 17.0, 17.0, 17.0, 16.0, 16.0, 16.0, 16.0, 16.0, 16.0, 16.0, 16.0, 16.0, 15.0, 15.0, 15.0, 15.0, 15.0, 15.0, 15.0, 15.0, 15.0, 15.0, 15.0, 15.0, 15.0, 15.0, 15.0, 15.0, 15.0, 15.0, 15.0, 15.0, 15.0, 15.0, 15.0, 15.0, 15.0, 15.0, 15.0, 15.0, 15.0, 15.0, 15.0, 15.0, 15.0, 15.0, 15.0, 15.0, 14.0]",COMPLETE
