,number,value,datetime_start,datetime_complete,duration,params_batch_size_scaler,params_constant_learning_rate,params_depth,params_epochs,params_kernel_l2,params_num_trees,params_temperature,user_attrs_accuracy_test,user_attrs_accuracy_valid,user_attrs_approximate_feature_sparsity,user_attrs_approximate_feature_sparsity_history,user_attrs_approximate_weight_sparsity,user_attrs_approximate_weight_sparsity_history,user_attrs_auc_test,user_attrs_auc_valid,user_attrs_feature_sparsity,user_attrs_feature_sparsity_history,user_attrs_num_epochs,user_attrs_val_loss_history,user_attrs_weight_sparsity,user_attrs_weight_sparsity_history,state
115,115,0.5,2024-08-31 05:37:31.859632,2024-08-31 05:47:05.418998,0 days 00:09:33.559366,1,0.17024186736541094,5,460,0.45187990345204543,6,0.003154742866113192,0.859,0.85875,0,"[33, 33, 7, 3, 3, 3, 3, 3, 3, 3, 3, 3, 3, 3, 3, 3, 3, 3, 3, 3, 3, 3, 3, 3, 3, 3, 3, 3, 1, 1, 1, 1, 1, 1, 1, 1, 1, 1, 1, 1, 1, 1, 1, 1, 1, 1, 1, 1, 1, 1, 1, 1, 1, 1, 1, 1, 1, 1, 1, 1, 1, 1, 1, 1, 1, 1, 1, 1, 1, 1, 1, 1, 1, 1, 1, 1, 1, 1, 1, 1, 1, 1, 1, 1, 1, 1, 1, 1, 1, 1, 1, 1, 1, 1, 1, 1, 1, 1, 0, 0, 0, 0, 0, 0, 0, 0, 0, 0, 0, 0, 0, 0, 0, 0, 0, 0, 0, 0, 0, 0, 0, 0, 0, 0, 0, 0, 0, 0, 0, 0, 0, 0, 0, 0, 0, 0, 0, 0, 0, 0, 0, 0, 0, 0, 0, 0, 0, 0, 0, 0, 0, 0, 0, 0, 0, 0, 0, 0, 0, 0, 0, 0, 0, 0, 0, 0, 0, 0, 0, 0, 0, 0, 0, 0, 0, 0, 0, 0, 0, 0, 0, 0, 0, 0, 0, 0, 0, 0, 0, 0, 0, 0, 0, 0, 0, 0, 0, 0, 0, 0, 0, 0, 0, 0, 0, 0, 0, 0, 0, 0, 0, 0, 0, 0, 0, 0, 0, 0, 0, 0, 0, 0, 0, 0, 0, 0, 0, 0, 0, 0, 0, 0, 0, 0, 0, 0, 0, 0, 0, 0, 0, 0, 0, 0, 0, 0, 0, 0, 0, 0, 0, 0, 0, 0, 0, 0, 0, 0, 0, 0, 0, 0, 0, 0, 0, 0, 0, 0, 0, 0, 0, 0, 0, 0, 0, 0, 0, 0, 0, 0, 0, 0, 0, 0, 0, 0, 0, 0, 0, 0, 0, 0, 0, 0, 0, 0, 0, 0, 0, 0, 0, 0, 0, 0, 0, 0, 0, 0, 0, 0, 0, 0, 0, 0, 0, 0, 0, 0, 0, 0, 0, 0, 0, 0, 0, 0, 0, 0, 0, 0, 0, 0, 0, 0, 0, 0, 0, 0, 0, 0, 0, 0, 0, 0, 0, 0, 0, 0, 0, 0, 0, 0, 0, 0, 0, 0, 0, 0, 0, 0, 0, 0, 0, 0, 0, 0, 0, 0, 0, 0, 0, 0, 0, 0, 0, 0, 0, 0, 0, 0, 0, 0, 0, 0, 0, 0, 0, 0, 0, 0, 0, 0, 0, 0, 0, 0, 0, 0, 0, 0, 0, 0, 0, 0, 0, 0, 0, 0, 0, 0, 0, 0, 0, 0, 0, 0, 0, 0, 0, 0, 0, 0, 0, 0, 0, 0, 0, 0, 0, 0, 0, 0, 0, 0, 0, 0, 0, 0, 0, 0, 0, 0, 0, 0, 0, 0, 0, 0, 0, 0, 0, 0, 0, 0, 0, 0, 0, 0, 0, 0]",0.0,"[32.97849462365591, 32.96236559139785, 6.994623655913978, 2.9946236559139785, 3.0, 2.9946236559139785, 2.989247311827957, 2.9946236559139785, 2.9946236559139785, 2.9838709677419355, 2.9946236559139785, 2.9946236559139785, 2.9838709677419355, 2.9946236559139785, 2.989247311827957, 2.9946236559139785, 2.9838709677419355, 2.9946236559139785, 2.9946236559139785, 2.9946236559139785, 2.978494623655914, 2.978494623655914, 2.989247311827957, 2.9623655913978495, 2.9838709677419355, 2.967741935483871, 2.9623655913978495, 2.9623655913978495, 0.9946236559139785, 0.9946236559139785, 0.9946236559139785, 0.9946236559139785, 0.9946236559139785, 0.9946236559139785, 0.9946236559139785, 0.9946236559139785, 0.9946236559139785, 0.9946236559139785, 0.989247311827957, 0.9946236559139785, 0.9946236559139785, 0.9946236559139785, 0.9946236559139785, 0.9946236559139785, 0.9946236559139785, 0.9946236559139785, 0.9946236559139785, 0.9946236559139785, 0.9946236559139785, 0.9946236559139785, 0.9946236559139785, 0.9946236559139785, 0.9946236559139785, 0.9946236559139785, 0.9946236559139785, 0.9946236559139785, 0.9946236559139785, 0.9946236559139785, 0.9946236559139785, 0.9946236559139785, 0.9946236559139785, 0.9946236559139785, 0.9946236559139785, 0.9946236559139785, 0.9946236559139785, 0.9946236559139785, 0.9946236559139785, 0.9946236559139785, 0.9946236559139785, 0.9946236559139785, 0.9946236559139785, 0.9946236559139785, 0.9946236559139785, 0.9946236559139785, 0.9946236559139785, 0.9946236559139785, 0.9946236559139785, 0.9946236559139785, 0.9946236559139785, 0.9946236559139785, 0.9946236559139785, 0.9946236559139785, 0.9946236559139785, 0.9946236559139785, 0.9946236559139785, 0.9946236559139785, 0.9946236559139785, 0.9946236559139785, 0.9946236559139785, 0.9946236559139785, 0.9946236559139785, 0.9946236559139785, 0.9946236559139785, 0.9946236559139785, 0.9946236559139785, 0.9946236559139785, 0.9946236559139785, 0.989247311827957, 0.0, 0.0, 0.0, 0.0, 0.0, 0.0, 0.0, 0.0, 0.0, 0.0, 0.0, 0.0, 0.0, 0.0, 0.0, 0.0, 0.0, 0.0, 0.0, 0.0, 0.0, 0.0, 0.0, 0.0, 0.0, 0.0, 0.0, 0.0, 0.0, 0.0, 0.0, 0.0, 0.0, 0.0, 0.0, 0.0, 0.0, 0.0, 0.0, 0.0, 0.0, 0.0, 0.0, 0.0, 0.0, 0.0, 0.0, 0.0, 0.0, 0.0, 0.0, 0.0, 0.0, 0.0, 0.0, 0.0, 0.0, 0.0, 0.0, 0.0, 0.0, 0.0, 0.0, 0.0, 0.0, 0.0, 0.0, 0.0, 0.0, 0.0, 0.0, 0.0, 0.0, 0.0, 0.0, 0.0, 0.0, 0.0, 0.0, 0.0, 0.0, 0.0, 0.0, 0.0, 0.0, 0.0, 0.0, 0.0, 0.0, 0.0, 0.0, 0.0, 0.0, 0.0, 0.0, 0.0, 0.0, 0.0, 0.0, 0.0, 0.0, 0.0, 0.0, 0.0, 0.0, 0.0, 0.0, 0.0, 0.0, 0.0, 0.0, 0.0, 0.0, 0.0, 0.0, 0.0, 0.0, 0.0, 0.0, 0.0, 0.0, 0.0, 0.0, 0.0, 0.0, 0.0, 0.0, 0.0, 0.0, 0.0, 0.0, 0.0, 0.0, 0.0, 0.0, 0.0, 0.0, 0.0, 0.0, 0.0, 0.0, 0.0, 0.0, 0.0, 0.0, 0.0, 0.0, 0.0, 0.0, 0.0, 0.0, 0.0, 0.0, 0.0, 0.0, 0.0, 0.0, 0.0, 0.0, 0.0, 0.0, 0.0, 0.0, 0.0, 0.0, 0.0, 0.0, 0.0, 0.0, 0.0, 0.0, 0.0, 0.0, 0.0, 0.0, 0.0, 0.0, 0.0, 0.0, 0.0, 0.0, 0.0, 0.0, 0.0, 0.0, 0.0, 0.0, 0.0, 0.0, 0.0, 0.0, 0.0, 0.0, 0.0, 0.0, 0.0, 0.0, 0.0, 0.0, 0.0, 0.0, 0.0, 0.0, 0.0, 0.0, 0.0, 0.0, 0.0, 0.0, 0.0, 0.0, 0.0, 0.0, 0.0, 0.0, 0.0, 0.0, 0.0, 0.0, 0.0, 0.0, 0.0, 0.0, 0.0, 0.0, 0.0, 0.0, 0.0, 0.0, 0.0, 0.0, 0.0, 0.0, 0.0, 0.0, 0.0, 0.0, 0.0, 0.0, 0.0, 0.0, 0.0, 0.0, 0.0, 0.0, 0.0, 0.0, 0.0, 0.0, 0.0, 0.0, 0.0, 0.0, 0.0, 0.0, 0.0, 0.0, 0.0, 0.0, 0.0, 0.0, 0.0, 0.0, 0.0, 0.0, 0.0, 0.0, 0.0, 0.0, 0.0, 0.0, 0.0, 0.0, 0.0, 0.0, 0.0, 0.0, 0.0, 0.0, 0.0, 0.0, 0.0, 0.0, 0.0, 0.0, 0.0, 0.0, 0.0, 0.0, 0.0, 0.0, 0.0, 0.0, 0.0, 0.0, 0.0, 0.0, 0.0, 0.0, 0.0, 0.0, 0.0, 0.0, 0.0, 0.0, 0.0, 0.0, 0.0, 0.0, 0.0, 0.0, 0.0, 0.0, 0.0, 0.0, 0.0, 0.0, 0.0, 0.0, 0.0, 0.0, 0.0, 0.0, 0.0, 0.0, 0.0, 0.0, 0.0, 0.0, 0.0, 0.0, 0.0, 0.0, 0.0, 0.0, 0.0, 0.0, 0.0, 0.0, 0.0, 0.0, 0.0, 0.0, 0.0, 0.0, 0.0, 0.0, 0.0, 0.0, 0.0, 0.0, 0.0, 0.0, 0.0, 0.0, 0.0, 0.0, 0.0, 0.0, 0.0, 0.0, 0.0]",0.5,0.5,0,"[33, 33, 7, 3, 3, 3, 3, 3, 3, 3, 3, 3, 3, 3, 3, 3, 3, 3, 3, 3, 3, 3, 3, 3, 3, 3, 3, 3, 1, 1, 1, 1, 1, 1, 1, 1, 1, 1, 1, 1, 1, 1, 1, 1, 1, 1, 1, 1, 1, 1, 1, 1, 1, 1, 1, 1, 1, 1, 1, 1, 1, 1, 1, 1, 1, 1, 1, 1, 1, 1, 1, 1, 1, 1, 1, 1, 1, 1, 1, 1, 1, 1, 1, 1, 1, 1, 1, 1, 1, 1, 1, 1, 1, 1, 1, 1, 1, 1, 0, 0, 0, 0, 0, 0, 0, 0, 0, 0, 0, 0, 0, 0, 0, 0, 0, 0, 0, 0, 0, 0, 0, 0, 0, 0, 0, 0, 0, 0, 0, 0, 0, 0, 0, 0, 0, 0, 0, 0, 0, 0, 0, 0, 0, 0, 0, 0, 0, 0, 0, 0, 0, 0, 0, 0, 0, 0, 0, 0, 0, 0, 0, 0, 0, 0, 0, 0, 0, 0, 0, 0, 0, 0, 0, 0, 0, 0, 0, 0, 0, 0, 0, 0, 0, 0, 0, 0, 0, 0, 0, 0, 0, 0, 0, 0, 0, 0, 0, 0, 0, 0, 0, 0, 0, 0, 0, 0, 0, 0, 0, 0, 0, 0, 0, 0, 0, 0, 0, 0, 0, 0, 0, 0, 0, 0, 0, 0, 0, 0, 0, 0, 0, 0, 0, 0, 0, 0, 0, 0, 0, 0, 0, 0, 0, 0, 0, 0, 0, 0, 0, 0, 0, 0, 0, 0, 0, 0, 0, 0, 0, 0, 0, 0, 0, 0, 0, 0, 0, 0, 0, 0, 0, 0, 0, 0, 0, 0, 0, 0, 0, 0, 0, 0, 0, 0, 0, 0, 0, 0, 0, 0, 0, 0, 0, 0, 0, 0, 0, 0, 0, 0, 0, 0, 0, 0, 0, 0, 0, 0, 0, 0, 0, 0, 0, 0, 0, 0, 0, 0, 0, 0, 0, 0, 0, 0, 0, 0, 0, 0, 0, 0, 0, 0, 0, 0, 0, 0, 0, 0, 0, 0, 0, 0, 0, 0, 0, 0, 0, 0, 0, 0, 0, 0, 0, 0, 0, 0, 0, 0, 0, 0, 0, 0, 0, 0, 0, 0, 0, 0, 0, 0, 0, 0, 0, 0, 0, 0, 0, 0, 0, 0, 0, 0, 0, 0, 0, 0, 0, 0, 0, 0, 0, 0, 0, 0, 0, 0, 0, 0, 0, 0, 0, 0, 0, 0, 0, 0, 0, 0, 0, 0, 0, 0, 0, 0, 0, 0, 0, 0, 0, 0, 0, 0, 0, 0, 0, 0, 0, 0, 0, 0, 0, 0, 0, 0, 0, 0, 0, 0, 0, 0, 0, 0, 0, 0, 0, 0, 0, 0, 0, 0, 0, 0, 0, 0, 0, 0, 0, 0, 0, 0]",460,"[0.4725602865219116, 0.4325772225856781, 0.3722904920578003, 0.3780486285686493, 0.37510326504707336, 0.3728668689727783, 0.3709472417831421, 0.36923229694366455, 0.36804112792015076, 0.36682799458503723, 0.3654700517654419, 0.3646260201931, 0.36391282081604004, 0.3630700409412384, 0.36243557929992676, 0.36169642210006714, 0.36202675104141235, 0.3604215383529663, 0.35952407121658325, 0.35874778032302856, 0.3590902090072632, 0.3586454689502716, 0.35696589946746826, 0.3588670790195465, 0.3557865023612976, 0.3550291359424591, 0.35445237159729004, 0.3541867434978485, 0.3984331786632538, 0.3928023874759674, 0.39237579703330994, 0.39241287112236023, 0.39221644401550293, 0.392075777053833, 0.3928242027759552, 0.3912891149520874, 0.3911965489387512, 0.39100128412246704, 0.3907632529735565, 0.3905777335166931, 0.39077243208885193, 0.39026057720184326, 0.3903350532054901, 0.39013001322746277, 0.3898523449897766, 0.39214974641799927, 0.3912557363510132, 0.39129313826560974, 0.38949844241142273, 0.3906751275062561, 0.38923320174217224, 0.3889950215816498, 0.3888806104660034, 0.38884201645851135, 0.38892850279808044, 0.38857653737068176, 0.3888601064682007, 0.3892553746700287, 0.3884508013725281, 0.3890672028064728, 0.38811764121055603, 0.38808009028434753, 0.3892703354358673, 0.38876208662986755, 0.38865843415260315, 0.38873961567878723, 0.38770321011543274, 0.387538880109787, 0.3878474831581116, 0.387693852186203, 0.3873232305049896, 0.38725659251213074, 0.38723868131637573, 0.38757801055908203, 0.38916370272636414, 0.3871169686317444, 0.3882221281528473, 0.38690003752708435, 0.38701045513153076, 0.38678228855133057, 0.3880676329135895, 0.3870899975299835, 0.3866730034351349, 0.3868671655654907, 0.3870910704135895, 0.3867911100387573, 0.3866561949253082, 0.38994136452674866, 0.38693132996559143, 0.3896051049232483, 0.3862473666667938, 0.387526273727417, 0.38626524806022644, 0.38616234064102173, 0.3865033686161041, 0.38728538155555725, 0.3868604600429535, 0.38645821809768677, 0.4073598086833954, 0.4079710841178894, 0.408748596906662, 0.4072730243206024, 0.40851280093193054, 0.40738391876220703, 0.40734508633613586, 0.4082863926887512, 0.41191092133522034, 0.4075357913970947, 0.4086708128452301, 0.4072280824184418, 0.40756556391716003, 0.40847694873809814, 0.4072425365447998, 0.40872782468795776, 0.4073670506477356, 0.40817004442214966, 0.40739837288856506, 0.40730035305023193, 0.40756431221961975, 0.4074491858482361, 0.4081745445728302, 0.4081264138221741, 0.4073862135410309, 0.408905953168869, 0.4072263240814209, 0.40744709968566895, 0.4088464677333832, 0.40740883350372314, 0.4076174199581146, 0.4075581729412079, 0.4072315990924835, 0.40726906061172485, 0.4075163006782532, 0.4074476659297943, 0.4074506461620331, 0.40724265575408936, 0.40766891837120056, 0.4074161648750305, 0.4074716567993164, 0.4080805480480194, 0.4074428677558899, 0.40781089663505554, 0.40726238489151, 0.40725472569465637, 0.4073318839073181, 0.4073634445667267, 0.40761250257492065, 0.40764403343200684, 0.4072592556476593, 0.40727224946022034, 0.40763065218925476, 0.4072558581829071, 0.40739136934280396, 0.40804263949394226, 0.407258003950119, 0.4076783061027527, 0.4078942537307739, 0.4072903096675873, 0.40734848380088806, 0.4072365164756775, 0.40733832120895386, 0.40762603282928467, 0.4072889983654022, 0.4077919125556946, 0.40735459327697754, 0.4072922170162201, 0.4072461426258087, 0.4072262644767761, 0.40724098682403564, 0.4073033034801483, 0.4072278141975403, 0.4077968895435333, 0.40857478976249695, 0.40761616826057434, 0.4076329171657562, 0.40781810879707336, 0.4080606698989868, 0.4083153009414673, 0.40761086344718933, 0.410165011882782, 0.40777912735939026, 0.4072611629962921, 0.4073058068752289, 0.4076606333255768, 0.40722620487213135, 0.4072270095348358, 0.40723925828933716, 0.40818512439727783, 0.4072262942790985, 0.4081900417804718, 0.4078660309314728, 0.4073573648929596, 0.4078083336353302, 0.4077160358428955, 0.4072851836681366, 0.4086170196533203, 0.4076942205429077, 0.40860462188720703, 0.4072895050048828, 0.40731775760650635, 0.40724849700927734, 0.40822967886924744, 0.4073047339916229, 0.4073784351348877, 0.40754643082618713, 0.4083518087863922, 0.4085278809070587, 0.4075533151626587, 0.41015738248825073, 0.4076007604598999, 0.40740767121315, 0.40755194425582886, 0.4078275263309479, 0.4072311818599701, 0.4072261154651642, 0.40732380747795105, 0.4085817039012909, 0.40783581137657166, 0.4073607623577118, 0.4099649488925934, 0.40737399458885193, 0.4075329303741455, 0.40751516819000244, 0.4076775312423706, 0.40723541378974915, 0.40982791781425476, 0.4072955846786499, 0.40756431221961975, 0.4073282480239868, 0.4073992073535919, 0.4072261154651642, 0.40774914622306824, 0.40722888708114624, 0.4076603055000305, 0.4073505401611328, 0.4099208116531372, 0.407352089881897, 0.40725234150886536, 0.4073461592197418, 0.40797439217567444, 0.40722620487213135, 0.4073019027709961, 0.4077022671699524, 0.40725186467170715, 0.4080306887626648, 0.4072414040565491, 0.4079967141151428, 0.40747931599617004, 0.40773409605026245, 0.40726035833358765, 0.4072906970977783, 0.40737536549568176, 0.4072270691394806, 0.4073612689971924, 0.4074428081512451, 0.4075452387332916, 0.4076063930988312, 0.4072272777557373, 0.4073798656463623, 0.4072262644767761, 0.40738388895988464, 0.4072449207305908, 0.40725159645080566, 0.40724799036979675, 0.40827128291130066, 0.4082413911819458, 0.4077572524547577, 0.4088682234287262, 0.40750589966773987, 0.40787598490715027, 0.407287061214447, 0.4074385464191437, 0.40722668170928955, 0.40727102756500244, 0.4073539674282074, 0.40726134181022644, 0.4072384536266327, 0.40722668170928955, 0.40856045484542847, 0.4072262644767761, 0.4081588685512543, 0.40734612941741943, 0.4072421193122864, 0.40934258699417114, 0.407296359539032, 0.4078868627548218, 0.4072435796260834, 0.40728068351745605, 0.4073028564453125, 0.40765050053596497, 0.4072771966457367, 0.40772032737731934, 0.4074871838092804, 0.4072287678718567, 0.4074256122112274, 0.4076829254627228, 0.4075746536254883, 0.4072268605232239, 0.40741679072380066, 0.40727168321609497, 0.40723246335983276, 0.4073176085948944, 0.40725845098495483, 0.4073065519332886, 0.4072267413139343, 0.40753689408302307, 0.40837475657463074, 0.4074891209602356, 0.4073903560638428, 0.40747737884521484, 0.4072262644767761, 0.4074110686779022, 0.40774402022361755, 0.40728217363357544, 0.40762045979499817, 0.4080359637737274, 0.40727466344833374, 0.4072608947753906, 0.4072658121585846, 0.4072268009185791, 0.40722742676734924, 0.407674640417099, 0.40738770365715027, 0.40746092796325684, 0.4074109196662903, 0.4072270095348358, 0.4075162410736084, 0.4072352647781372, 0.4073794484138489, 0.4072425365447998, 0.4072713851928711, 0.4082413613796234, 0.4072871804237366, 0.4072660207748413, 0.4072304666042328, 0.40724503993988037, 0.4075738191604614, 0.4074854254722595, 0.40725722908973694, 0.4075900614261627, 0.40726426243782043, 0.40810883045196533, 0.407227098941803, 0.4073154032230377, 0.4075177311897278, 0.4072358012199402, 0.4072282016277313, 0.40757668018341064, 0.40984976291656494, 0.4075135290622711, 0.40723907947540283, 0.40735432505607605, 0.4073198735713959, 0.40776515007019043, 0.4072319269180298, 0.407242089509964, 0.4075414538383484, 0.40828555822372437, 0.40723758935928345, 0.40735098719596863, 0.4074442684650421, 0.4072495996952057, 0.4079793095588684, 0.407384991645813, 0.40791356563568115, 0.407291442155838, 0.4072280824184418, 0.4072527587413788, 0.4072403311729431, 0.4073878824710846, 0.4072290360927582, 0.4073205590248108, 0.4072389602661133, 0.4072342813014984, 0.4072326719760895, 0.40728259086608887, 0.4072265326976776, 0.4072261154651642, 0.40725240111351013, 0.40731915831565857, 0.40758898854255676, 0.40737900137901306, 0.40722885727882385, 0.4072262644767761, 0.4072284698486328, 0.40751540660858154, 0.4073482155799866, 0.4076903164386749, 0.4072650969028473, 0.40722742676734924, 0.40726521611213684, 0.4072352945804596, 0.4074522852897644, 0.4072968661785126, 0.40757259726524353, 0.4079517424106598, 0.40746620297431946, 0.4075861871242523, 0.4072462022304535, 0.40740281343460083, 0.4072265923023224, 0.40741434693336487, 0.40750229358673096, 0.40724825859069824, 0.40732449293136597, 0.407745361328125, 0.40792685747146606, 0.4072380065917969, 0.40742769837379456, 0.4075094163417816, 0.4072546362876892, 0.4073582589626312, 0.407368540763855, 0.4074314534664154, 0.4082522690296173, 0.4072340428829193, 0.40757182240486145, 0.4072261154651642, 0.4074026346206665, 0.40839192271232605, 0.40726006031036377, 0.4072475731372833, 0.40737053751945496, 0.4072791337966919, 0.4072260558605194, 0.40843483805656433, 0.4072785973548889, 0.40755051374435425, 0.40779006481170654, 0.4072277843952179, 0.40733134746551514, 0.4075898230075836, 0.4075183570384979, 0.4074486792087555, 0.40729793906211853, 0.407368928194046, 0.4078209698200226, 0.4072456359863281, 0.4072302281856537, 0.4072268009185791, 0.40780913829803467, 0.4072769284248352, 0.4073156714439392, 0.40751293301582336, 0.4072341024875641, 0.4074289798736572, 0.4073392450809479, 0.40743544697761536, 0.40736284852027893, 0.40771961212158203, 0.40734314918518066, 0.4075131118297577, 0.4072518050670624, 0.4074832797050476, 0.40753528475761414, 0.4072377383708954, 0.4072762429714203, 0.40722617506980896, 0.40796729922294617, 0.40737876296043396]",0.0,"[33.0, 33.0, 7.0, 3.0, 3.0, 3.0, 3.0, 3.0, 3.0, 3.0, 3.0, 3.0, 3.0, 3.0, 3.0, 3.0, 3.0, 3.0, 3.0, 3.0, 3.0, 3.0, 3.0, 3.0, 3.0, 3.0, 3.0, 3.0, 1.0, 1.0, 1.0, 1.0, 1.0, 1.0, 1.0, 1.0, 1.0, 1.0, 1.0, 1.0, 1.0, 1.0, 1.0, 1.0, 1.0, 1.0, 1.0, 1.0, 1.0, 1.0, 1.0, 1.0, 1.0, 1.0, 1.0, 1.0, 1.0, 1.0, 1.0, 1.0, 1.0, 1.0, 1.0, 1.0, 1.0, 1.0, 1.0, 1.0, 1.0, 1.0, 1.0, 1.0, 1.0, 1.0, 1.0, 1.0, 1.0, 1.0, 1.0, 1.0, 1.0, 1.0, 1.0, 1.0, 1.0, 1.0, 1.0, 1.0, 1.0, 1.0, 1.0, 1.0, 1.0, 1.0, 1.0, 1.0, 1.0, 1.0, 0.0, 0.0, 0.0, 0.0, 0.0, 0.0, 0.0, 0.0, 0.0, 0.0, 0.0, 0.0, 0.0, 0.0, 0.0, 0.0, 0.0, 0.0, 0.0, 0.0, 0.0, 0.0, 0.0, 0.0, 0.0, 0.0, 0.0, 0.0, 0.0, 0.0, 0.0, 0.0, 0.0, 0.0, 0.0, 0.0, 0.0, 0.0, 0.0, 0.0, 0.0, 0.0, 0.0, 0.0, 0.0, 0.0, 0.0, 0.0, 0.0, 0.0, 0.0, 0.0, 0.0, 0.0, 0.0, 0.0, 0.0, 0.0, 0.0, 0.0, 0.0, 0.0, 0.0, 0.0, 0.0, 0.0, 0.0, 0.0, 0.0, 0.0, 0.0, 0.0, 0.0, 0.0, 0.0, 0.0, 0.0, 0.0, 0.0, 0.0, 0.0, 0.0, 0.0, 0.0, 0.0, 0.0, 0.0, 0.0, 0.0, 0.0, 0.0, 0.0, 0.0, 0.0, 0.0, 0.0, 0.0, 0.0, 0.0, 0.0, 0.0, 0.0, 0.0, 0.0, 0.0, 0.0, 0.0, 0.0, 0.0, 0.0, 0.0, 0.0, 0.0, 0.0, 0.0, 0.0, 0.0, 0.0, 0.0, 0.0, 0.0, 0.0, 0.0, 0.0, 0.0, 0.0, 0.0, 0.0, 0.0, 0.0, 0.0, 0.0, 0.0, 0.0, 0.0, 0.0, 0.0, 0.0, 0.0, 0.0, 0.0, 0.0, 0.0, 0.0, 0.0, 0.0, 0.0, 0.0, 0.0, 0.0, 0.0, 0.0, 0.0, 0.0, 0.0, 0.0, 0.0, 0.0, 0.0, 0.0, 0.0, 0.0, 0.0, 0.0, 0.0, 0.0, 0.0, 0.0, 0.0, 0.0, 0.0, 0.0, 0.0, 0.0, 0.0, 0.0, 0.0, 0.0, 0.0, 0.0, 0.0, 0.0, 0.0, 0.0, 0.0, 0.0, 0.0, 0.0, 0.0, 0.0, 0.0, 0.0, 0.0, 0.0, 0.0, 0.0, 0.0, 0.0, 0.0, 0.0, 0.0, 0.0, 0.0, 0.0, 0.0, 0.0, 0.0, 0.0, 0.0, 0.0, 0.0, 0.0, 0.0, 0.0, 0.0, 0.0, 0.0, 0.0, 0.0, 0.0, 0.0, 0.0, 0.0, 0.0, 0.0, 0.0, 0.0, 0.0, 0.0, 0.0, 0.0, 0.0, 0.0, 0.0, 0.0, 0.0, 0.0, 0.0, 0.0, 0.0, 0.0, 0.0, 0.0, 0.0, 0.0, 0.0, 0.0, 0.0, 0.0, 0.0, 0.0, 0.0, 0.0, 0.0, 0.0, 0.0, 0.0, 0.0, 0.0, 0.0, 0.0, 0.0, 0.0, 0.0, 0.0, 0.0, 0.0, 0.0, 0.0, 0.0, 0.0, 0.0, 0.0, 0.0, 0.0, 0.0, 0.0, 0.0, 0.0, 0.0, 0.0, 0.0, 0.0, 0.0, 0.0, 0.0, 0.0, 0.0, 0.0, 0.0, 0.0, 0.0, 0.0, 0.0, 0.0, 0.0, 0.0, 0.0, 0.0, 0.0, 0.0, 0.0, 0.0, 0.0, 0.0, 0.0, 0.0, 0.0, 0.0, 0.0, 0.0, 0.0, 0.0, 0.0, 0.0, 0.0, 0.0, 0.0, 0.0, 0.0, 0.0, 0.0, 0.0, 0.0, 0.0, 0.0, 0.0, 0.0, 0.0, 0.0, 0.0, 0.0, 0.0, 0.0, 0.0, 0.0, 0.0, 0.0, 0.0, 0.0, 0.0, 0.0, 0.0, 0.0, 0.0, 0.0, 0.0, 0.0, 0.0, 0.0, 0.0, 0.0, 0.0, 0.0, 0.0, 0.0, 0.0, 0.0, 0.0, 0.0, 0.0, 0.0]",COMPLETE
