,number,value,datetime_start,datetime_complete,duration,params_batch_size_scaler,params_constant_learning_rate,params_depth,params_epochs,params_kernel_l2,params_num_trees,params_temperature,user_attrs_accuracy_test,user_attrs_accuracy_valid,user_attrs_approximate_feature_sparsity,user_attrs_approximate_feature_sparsity_history,user_attrs_approximate_weight_sparsity,user_attrs_approximate_weight_sparsity_history,user_attrs_auc_test,user_attrs_auc_valid,user_attrs_feature_sparsity,user_attrs_feature_sparsity_history,user_attrs_num_epochs,user_attrs_val_loss_history,user_attrs_weight_sparsity,user_attrs_weight_sparsity_history,state
154,154,0.8809753835452331,2024-08-31 07:50:09.283381,2024-08-31 07:51:05.396330,0 days 00:00:56.112949,64,0.13246939572041583,4,435,0.10413165801407427,9,0.00189777972938402,0.903,0.8925,33,"[33, 33, 33, 33, 33, 33, 33, 33, 33, 33, 33, 33, 33, 33, 33, 33, 33, 33, 33, 33, 33, 33, 33, 33, 33, 33, 33, 33, 33, 33, 33, 33, 33, 33, 33, 33, 33, 33, 33, 33, 33, 33, 33, 33, 33, 33, 33, 33, 33, 33, 33, 33, 33, 33, 33, 33, 33, 33, 33, 33, 33, 33, 33, 33, 33, 33, 33, 33, 33, 33, 33, 33, 33, 33, 33, 33, 33, 33, 33, 33, 33, 33, 33, 33, 33, 33, 33, 33, 33, 33, 33, 33, 33, 33, 33, 33, 33, 33, 33, 33, 33, 33, 33, 33, 33, 33, 33, 33, 33, 33, 33, 33, 33, 33, 33, 33, 33, 33, 33, 33, 33, 33, 33, 33, 33, 33, 33, 33, 33, 33, 33, 33, 33, 33, 33, 33, 33, 33, 33, 33, 33, 33, 33, 33, 33, 33, 33, 33, 33, 33, 33, 33, 33, 33, 33, 33, 33, 33, 33, 33, 33, 33, 33, 33, 33, 33, 33, 33, 33, 33, 33, 33, 33, 33, 33, 33, 33, 33, 33, 33, 33, 33, 33, 33, 33, 33, 33, 33, 33, 33, 33, 33, 33, 33, 33, 33, 33, 33, 33, 33, 33, 33, 33, 33, 33, 33, 33, 33, 33, 33, 33, 33, 33, 33, 33, 33, 33, 33, 33, 33, 33, 33, 33, 33, 33, 33, 33, 33, 33, 33, 33, 33, 33, 33, 33, 33, 33, 33, 33, 33, 33, 33, 33, 33, 33, 33, 33, 33, 33, 33, 33, 33, 33, 33, 33, 33, 33, 33, 33, 33, 33, 33, 33, 33, 33, 33, 33, 33, 33, 33, 33, 33, 33, 33, 33, 33, 33, 33, 33, 33, 33, 33, 33, 33, 33, 33, 33, 33, 33, 33, 33, 33, 33, 33, 33, 33, 33, 33, 33, 33, 33, 33, 33, 33, 33, 33, 33, 33, 33, 33, 33, 33, 33, 33, 33, 33, 33, 33, 33, 33, 33, 33, 33, 33, 33, 33, 33, 33, 33, 33, 33, 33, 33, 33, 33, 33, 33, 33, 33, 33, 33, 33, 33, 33, 33, 33, 33, 33, 33, 33, 33, 33, 33, 33, 33, 33, 33, 33, 33, 33, 33, 33, 33, 33, 33, 33, 33, 33, 33, 33, 33, 33, 33, 33, 33, 33, 33, 33, 33, 33, 33, 33, 33, 33, 33, 33, 33, 33, 33, 33, 33, 33, 33, 33, 33, 33, 33, 33, 33, 33, 33, 33, 33, 33, 33, 33, 33, 33, 33, 33, 33, 33, 33, 33, 33, 33, 33, 33, 33, 33, 33, 33, 33, 33, 33, 33, 33, 33, 33, 33, 33, 33, 33, 33, 33]",32.96296296296296,"[32.977777777777774, 32.992592592592594, 32.98518518518519, 32.977777777777774, 32.98518518518519, 32.977777777777774, 32.992592592592594, 32.977777777777774, 32.992592592592594, 33.0, 32.98518518518519, 33.0, 33.0, 32.97037037037037, 32.98518518518519, 32.992592592592594, 33.0, 32.992592592592594, 32.977777777777774, 32.98518518518519, 32.97037037037037, 32.97037037037037, 32.97037037037037, 32.96296296296296, 32.97037037037037, 32.97037037037037, 32.955555555555556, 32.955555555555556, 32.96296296296296, 32.97037037037037, 32.96296296296296, 32.96296296296296, 32.97037037037037, 32.955555555555556, 32.97037037037037, 32.977777777777774, 32.97037037037037, 32.977777777777774, 32.992592592592594, 32.977777777777774, 32.96296296296296, 32.97037037037037, 32.97037037037037, 32.97037037037037, 32.96296296296296, 32.97037037037037, 32.98518518518519, 32.97037037037037, 32.96296296296296, 32.977777777777774, 32.977777777777774, 32.98518518518519, 32.955555555555556, 32.977777777777774, 32.977777777777774, 32.96296296296296, 32.977777777777774, 32.992592592592594, 32.977777777777774, 32.98518518518519, 32.98518518518519, 32.98518518518519, 32.97037037037037, 32.98518518518519, 32.98518518518519, 32.977777777777774, 32.98518518518519, 32.98518518518519, 32.98518518518519, 32.97037037037037, 32.977777777777774, 32.955555555555556, 32.96296296296296, 32.97037037037037, 32.977777777777774, 32.977777777777774, 32.977777777777774, 32.977777777777774, 32.992592592592594, 33.0, 32.98518518518519, 32.98518518518519, 32.977777777777774, 32.977777777777774, 32.992592592592594, 32.98518518518519, 32.992592592592594, 32.992592592592594, 32.98518518518519, 32.992592592592594, 32.992592592592594, 33.0, 32.977777777777774, 32.977777777777774, 32.992592592592594, 32.992592592592594, 32.96296296296296, 32.977777777777774, 32.96296296296296, 32.96296296296296, 32.96296296296296, 32.97037037037037, 32.97037037037037, 32.992592592592594, 32.977777777777774, 32.992592592592594, 32.98518518518519, 32.977777777777774, 32.977777777777774, 32.992592592592594, 32.98518518518519, 32.992592592592594, 32.98518518518519, 32.977777777777774, 32.97037037037037, 32.97037037037037, 32.977777777777774, 32.992592592592594, 32.98518518518519, 32.992592592592594, 32.98518518518519, 32.98518518518519, 33.0, 33.0, 33.0, 32.992592592592594, 32.992592592592594, 32.992592592592594, 32.98518518518519, 32.992592592592594, 32.97037037037037, 32.97037037037037, 32.992592592592594, 33.0, 32.992592592592594, 32.98518518518519, 33.0, 33.0, 33.0, 32.992592592592594, 33.0, 33.0, 33.0, 33.0, 32.992592592592594, 32.992592592592594, 32.977777777777774, 32.98518518518519, 32.98518518518519, 32.977777777777774, 32.98518518518519, 32.977777777777774, 32.96296296296296, 32.955555555555556, 32.94814814814815, 32.977777777777774, 32.992592592592594, 32.98518518518519, 32.977777777777774, 32.977777777777774, 32.977777777777774, 32.97037037037037, 32.977777777777774, 32.96296296296296, 32.977777777777774, 32.98518518518519, 32.98518518518519, 32.992592592592594, 32.977777777777774, 32.977777777777774, 32.977777777777774, 32.97037037037037, 32.977777777777774, 32.992592592592594, 32.992592592592594, 32.992592592592594, 32.98518518518519, 32.977777777777774, 32.97037037037037, 32.977777777777774, 32.98518518518519, 32.977777777777774, 32.977777777777774, 32.97037037037037, 32.977777777777774, 32.97037037037037, 32.977777777777774, 32.98518518518519, 32.977777777777774, 32.98518518518519, 32.992592592592594, 32.992592592592594, 32.992592592592594, 32.992592592592594, 32.992592592592594, 32.992592592592594, 32.992592592592594, 32.98518518518519, 32.977777777777774, 32.992592592592594, 32.992592592592594, 32.992592592592594, 32.98518518518519, 32.977777777777774, 32.992592592592594, 32.992592592592594, 32.977777777777774, 32.98518518518519, 32.98518518518519, 32.98518518518519, 32.977777777777774, 32.98518518518519, 32.977777777777774, 32.98518518518519, 32.992592592592594, 32.992592592592594, 32.992592592592594, 32.992592592592594, 32.977777777777774, 32.977777777777774, 32.992592592592594, 32.977777777777774, 32.96296296296296, 32.992592592592594, 32.98518518518519, 32.977777777777774, 32.992592592592594, 32.992592592592594, 32.992592592592594, 32.98518518518519, 32.992592592592594, 32.98518518518519, 32.98518518518519, 32.977777777777774, 32.98518518518519, 32.977777777777774, 32.977777777777774, 32.977777777777774, 32.98518518518519, 32.977777777777774, 32.98518518518519, 32.98518518518519, 32.98518518518519, 32.97037037037037, 32.977777777777774, 32.98518518518519, 32.98518518518519, 32.98518518518519, 32.97037037037037, 32.97037037037037, 32.992592592592594, 32.98518518518519, 32.97037037037037, 32.97037037037037, 32.977777777777774, 32.97037037037037, 32.977777777777774, 32.98518518518519, 32.97037037037037, 32.977777777777774, 32.97037037037037, 32.98518518518519, 32.977777777777774, 32.97037037037037, 32.98518518518519, 32.98518518518519, 32.977777777777774, 32.97037037037037, 32.96296296296296, 32.955555555555556, 32.97037037037037, 32.97037037037037, 32.97037037037037, 32.97037037037037, 32.97037037037037, 32.955555555555556, 32.97037037037037, 32.940740740740736, 32.955555555555556, 32.94814814814815, 32.96296296296296, 32.955555555555556, 32.94814814814815, 32.96296296296296, 32.96296296296296, 32.940740740740736, 32.96296296296296, 32.96296296296296, 32.955555555555556, 32.94814814814815, 32.940740740740736, 32.94814814814815, 32.97037037037037, 32.97037037037037, 32.97037037037037, 32.97037037037037, 32.98518518518519, 32.977777777777774, 32.977777777777774, 32.98518518518519, 32.98518518518519, 32.97037037037037, 32.98518518518519, 32.98518518518519, 32.992592592592594, 32.992592592592594, 32.98518518518519, 32.977777777777774, 32.98518518518519, 32.992592592592594, 32.98518518518519, 32.977777777777774, 32.977777777777774, 32.977777777777774, 32.98518518518519, 32.96296296296296, 32.97037037037037, 32.977777777777774, 32.98518518518519, 32.98518518518519, 32.98518518518519, 32.98518518518519, 32.977777777777774, 32.955555555555556, 32.97037037037037, 32.97037037037037, 32.977777777777774, 32.977777777777774, 32.97037037037037, 32.977777777777774, 32.97037037037037, 32.96296296296296, 32.977777777777774, 32.98518518518519, 32.98518518518519, 32.98518518518519, 32.96296296296296, 32.96296296296296, 32.98518518518519, 32.977777777777774, 32.97037037037037, 32.96296296296296, 32.977777777777774, 32.98518518518519, 32.977777777777774, 32.98518518518519, 32.98518518518519, 32.977777777777774, 32.977777777777774, 32.98518518518519, 32.977777777777774, 32.992592592592594, 32.977777777777774, 32.977777777777774, 32.97037037037037, 32.96296296296296, 32.96296296296296, 32.977777777777774, 32.97037037037037, 32.97037037037037, 32.96296296296296, 32.955555555555556, 32.96296296296296, 32.955555555555556, 32.96296296296296, 32.94814814814815, 32.955555555555556, 32.96296296296296, 32.97037037037037, 32.97037037037037, 32.97037037037037, 32.977777777777774, 32.96296296296296, 32.955555555555556, 32.96296296296296, 32.977777777777774, 32.977777777777774, 32.97037037037037, 32.97037037037037, 32.955555555555556, 32.97037037037037, 32.96296296296296, 32.955555555555556, 32.977777777777774, 32.96296296296296, 32.96296296296296, 32.94814814814815, 32.955555555555556, 32.94814814814815, 32.940740740740736, 32.955555555555556, 32.955555555555556, 32.955555555555556, 32.96296296296296, 32.977777777777774, 32.925925925925924, 32.96296296296296, 32.955555555555556, 32.96296296296296, 32.96296296296296, 32.97037037037037, 32.97037037037037, 32.94814814814815, 32.96296296296296, 32.977777777777774, 32.96296296296296, 32.977777777777774, 32.96296296296296, 32.97037037037037, 32.955555555555556, 32.955555555555556, 32.97037037037037, 32.96296296296296, 32.977777777777774, 32.98518518518519, 32.97037037037037, 32.977777777777774, 32.98518518518519, 32.96296296296296, 32.97037037037037, 32.96296296296296, 32.94814814814815, 32.96296296296296, 32.97037037037037, 32.97037037037037, 32.955555555555556, 32.940740740740736, 32.955555555555556, 32.955555555555556, 32.955555555555556, 32.97037037037037, 32.94814814814815, 32.97037037037037, 32.97037037037037, 32.96296296296296]",0.8708790528323386,0.8809753835452331,33,"[33, 33, 33, 33, 33, 33, 33, 33, 33, 33, 33, 33, 33, 33, 33, 33, 33, 33, 33, 33, 33, 33, 33, 33, 33, 33, 33, 33, 33, 33, 33, 33, 33, 33, 33, 33, 33, 33, 33, 33, 33, 33, 33, 33, 33, 33, 33, 33, 33, 33, 33, 33, 33, 33, 33, 33, 33, 33, 33, 33, 33, 33, 33, 33, 33, 33, 33, 33, 33, 33, 33, 33, 33, 33, 33, 33, 33, 33, 33, 33, 33, 33, 33, 33, 33, 33, 33, 33, 33, 33, 33, 33, 33, 33, 33, 33, 33, 33, 33, 33, 33, 33, 33, 33, 33, 33, 33, 33, 33, 33, 33, 33, 33, 33, 33, 33, 33, 33, 33, 33, 33, 33, 33, 33, 33, 33, 33, 33, 33, 33, 33, 33, 33, 33, 33, 33, 33, 33, 33, 33, 33, 33, 33, 33, 33, 33, 33, 33, 33, 33, 33, 33, 33, 33, 33, 33, 33, 33, 33, 33, 33, 33, 33, 33, 33, 33, 33, 33, 33, 33, 33, 33, 33, 33, 33, 33, 33, 33, 33, 33, 33, 33, 33, 33, 33, 33, 33, 33, 33, 33, 33, 33, 33, 33, 33, 33, 33, 33, 33, 33, 33, 33, 33, 33, 33, 33, 33, 33, 33, 33, 33, 33, 33, 33, 33, 33, 33, 33, 33, 33, 33, 33, 33, 33, 33, 33, 33, 33, 33, 33, 33, 33, 33, 33, 33, 33, 33, 33, 33, 33, 33, 33, 33, 33, 33, 33, 33, 33, 33, 33, 33, 33, 33, 33, 33, 33, 33, 33, 33, 33, 33, 33, 33, 33, 33, 33, 33, 33, 33, 33, 33, 33, 33, 33, 33, 33, 33, 33, 33, 33, 33, 33, 33, 33, 33, 33, 33, 33, 33, 33, 33, 33, 33, 33, 33, 33, 33, 33, 33, 33, 33, 33, 33, 33, 33, 33, 33, 33, 33, 33, 33, 33, 33, 33, 33, 33, 33, 33, 33, 33, 33, 33, 33, 33, 33, 33, 33, 33, 33, 33, 33, 33, 33, 33, 33, 33, 33, 33, 33, 33, 33, 33, 33, 33, 33, 33, 33, 33, 33, 33, 33, 33, 33, 33, 33, 33, 33, 33, 33, 33, 33, 33, 33, 33, 33, 33, 33, 33, 33, 33, 33, 33, 33, 33, 33, 33, 33, 33, 33, 33, 33, 33, 33, 33, 33, 33, 33, 33, 33, 33, 33, 33, 33, 33, 33, 33, 33, 33, 33, 33, 33, 33, 33, 33, 33, 33, 33, 33, 33, 33, 33, 33, 33, 33, 33, 33, 33, 33, 33, 33, 33, 33, 33, 33, 33, 33, 33, 33, 33, 33, 33, 33, 33, 33, 33]",435,"[0.5959621667861938, 0.5452714562416077, 0.5114021897315979, 0.48856616020202637, 0.473263144493103, 0.4618850350379944, 0.4540977478027344, 0.44754964113235474, 0.44360145926475525, 0.4395040273666382, 0.4363164007663727, 0.4330587089061737, 0.430744469165802, 0.42923709750175476, 0.42741990089416504, 0.4260011613368988, 0.42474165558815, 0.4235580563545227, 0.4223860502243042, 0.4215916097164154, 0.42074310779571533, 0.4197957217693329, 0.41896116733551025, 0.41813820600509644, 0.41745004057884216, 0.4167914092540741, 0.4160953164100647, 0.4154113829135895, 0.41479170322418213, 0.4142260253429413, 0.41350096464157104, 0.4129943549633026, 0.4124334454536438, 0.4119685888290405, 0.4114224314689636, 0.41097861528396606, 0.4104672372341156, 0.4099082946777344, 0.4093674421310425, 0.40895748138427734, 0.40867602825164795, 0.40827614068984985, 0.407746821641922, 0.40733036398887634, 0.4070057272911072, 0.40651825070381165, 0.4060012102127075, 0.40554115176200867, 0.4051179885864258, 0.40471482276916504, 0.40443679690361023, 0.4040030539035797, 0.4035368859767914, 0.40310341119766235, 0.4027467966079712, 0.40241754055023193, 0.4019833505153656, 0.4016006886959076, 0.40118420124053955, 0.40078258514404297, 0.4003390967845917, 0.4001450836658478, 0.39972174167633057, 0.3994098901748657, 0.39908337593078613, 0.39874255657196045, 0.39856675267219543, 0.39820605516433716, 0.39788323640823364, 0.3975222110748291, 0.3971472680568695, 0.39683759212493896, 0.39649781584739685, 0.39621901512145996, 0.39596474170684814, 0.395751029253006, 0.39544326066970825, 0.3951631784439087, 0.3948880434036255, 0.3945957124233246, 0.3943654000759125, 0.3939487338066101, 0.3936680853366852, 0.3934706747531891, 0.39324942231178284, 0.3929460644721985, 0.3928203582763672, 0.392437219619751, 0.3920430839061737, 0.3917497396469116, 0.39143094420433044, 0.39098307490348816, 0.3905259966850281, 0.3902355134487152, 0.38992592692375183, 0.3895778954029083, 0.38937342166900635, 0.3891966938972473, 0.389061838388443, 0.38869813084602356, 0.3882788121700287, 0.38797682523727417, 0.38761550188064575, 0.3870644271373749, 0.386869877576828, 0.3865579664707184, 0.3861922025680542, 0.3859964609146118, 0.38575828075408936, 0.38533324003219604, 0.38520652055740356, 0.38496509194374084, 0.38454967737197876, 0.3841175138950348, 0.3838444948196411, 0.3835512399673462, 0.38328319787979126, 0.38305437564849854, 0.3829232156276703, 0.38257670402526855, 0.38218674063682556, 0.381869912147522, 0.38178661465644836, 0.3813130557537079, 0.3810105621814728, 0.3808707296848297, 0.38056549429893494, 0.3802238404750824, 0.37985092401504517, 0.37961211800575256, 0.37936174869537354, 0.37914344668388367, 0.37894535064697266, 0.37848904728889465, 0.3781258761882782, 0.3779779374599457, 0.3775379955768585, 0.3772450387477875, 0.37679585814476013, 0.37655362486839294, 0.37614619731903076, 0.3758055567741394, 0.37548908591270447, 0.37526848912239075, 0.3750574588775635, 0.37483465671539307, 0.3745153546333313, 0.3741191625595093, 0.373843789100647, 0.3735879957675934, 0.37314826250076294, 0.37283021211624146, 0.37254634499549866, 0.3723200857639313, 0.3718455135822296, 0.37155190110206604, 0.37125372886657715, 0.3709292709827423, 0.3705739974975586, 0.3701217770576477, 0.36974507570266724, 0.36934012174606323, 0.3689420819282532, 0.3685579299926758, 0.36821219325065613, 0.3678264319896698, 0.36742186546325684, 0.367160439491272, 0.3669043481349945, 0.3666221499443054, 0.36621662974357605, 0.3660595417022705, 0.3656821548938751, 0.36537083983421326, 0.36517322063446045, 0.36488670110702515, 0.3645310699939728, 0.3642503619194031, 0.3639160096645355, 0.36360087990760803, 0.36327022314071655, 0.3628837466239929, 0.3627151846885681, 0.36244314908981323, 0.3619379699230194, 0.36158135533332825, 0.36124852299690247, 0.36088067293167114, 0.360524445772171, 0.360207200050354, 0.36000069975852966, 0.35978835821151733, 0.35952743887901306, 0.3591405153274536, 0.3587223291397095, 0.3586542010307312, 0.35830551385879517, 0.3579905033111572, 0.3576472997665405, 0.35723647475242615, 0.35684826970100403, 0.35651537775993347, 0.356332004070282, 0.3560871183872223, 0.3557029068470001, 0.35554978251457214, 0.355156809091568, 0.35493555665016174, 0.3547738790512085, 0.3544304370880127, 0.35407984256744385, 0.353677898645401, 0.35339823365211487, 0.35312485694885254, 0.3528898358345032, 0.3524865210056305, 0.35226401686668396, 0.3519138991832733, 0.35166123509407043, 0.35137394070625305, 0.35111546516418457, 0.3505714535713196, 0.3502029478549957, 0.3499220907688141, 0.3495500981807709, 0.34925034642219543, 0.3490230441093445, 0.34871089458465576, 0.3484528362751007, 0.34814730286598206, 0.3478855788707733, 0.3473476767539978, 0.3470476567745209, 0.34679114818573, 0.3464679419994354, 0.3460654318332672, 0.34576213359832764, 0.3454795181751251, 0.34528133273124695, 0.34492218494415283, 0.3446025848388672, 0.34420689940452576, 0.34403669834136963, 0.34362754225730896, 0.34354695677757263, 0.3432934582233429, 0.3432276248931885, 0.342802494764328, 0.3426152467727661, 0.342214435338974, 0.34187400341033936, 0.3417297601699829, 0.34131449460983276, 0.34106406569480896, 0.3406911790370941, 0.3403562605381012, 0.33990633487701416, 0.3393336236476898, 0.3389646112918854, 0.33861660957336426, 0.33837181329727173, 0.3380476236343384, 0.33771973848342896, 0.33747807145118713, 0.3371714651584625, 0.33695897459983826, 0.3365820646286011, 0.33628594875335693, 0.3361383080482483, 0.3358394503593445, 0.3353864550590515, 0.3351079821586609, 0.33472752571105957, 0.33451205492019653, 0.33414608240127563, 0.3339501619338989, 0.33374354243278503, 0.33354052901268005, 0.33312058448791504, 0.3329978287220001, 0.33276450634002686, 0.33257800340652466, 0.33218127489089966, 0.33184197545051575, 0.3315977156162262, 0.33117324113845825, 0.3309355676174164, 0.33072277903556824, 0.33042025566101074, 0.3299744725227356, 0.3296164572238922, 0.3293706476688385, 0.32897964119911194, 0.32862311601638794, 0.32840782403945923, 0.327920138835907, 0.3276762366294861, 0.327546089887619, 0.3273218870162964, 0.32705482840538025, 0.32690638303756714, 0.3266822099685669, 0.3264549672603607, 0.32630637288093567, 0.32600441575050354, 0.3257342278957367, 0.32535216212272644, 0.325095534324646, 0.32485923171043396, 0.3244849145412445, 0.324310302734375, 0.32401564717292786, 0.32374125719070435, 0.3236120343208313, 0.3234752416610718, 0.3230983018875122, 0.32272955775260925, 0.32229727506637573, 0.3218674063682556, 0.32165175676345825, 0.32125046849250793, 0.32085543870925903, 0.3205796480178833, 0.32043132185935974, 0.3200596570968628, 0.31992465257644653, 0.319855272769928, 0.3196333348751068, 0.31925079226493835, 0.31916698813438416, 0.31896528601646423, 0.3188306391239166, 0.3185824155807495, 0.3183906078338623, 0.3182367980480194, 0.31783977150917053, 0.31749531626701355, 0.31736642122268677, 0.3171539306640625, 0.3169218897819519, 0.3168063163757324, 0.31652864813804626, 0.31627440452575684, 0.3161728084087372, 0.3158591389656067, 0.315590500831604, 0.3156546652317047, 0.31535065174102783, 0.31511399149894714, 0.31503719091415405, 0.3150002658367157, 0.31440216302871704, 0.31397247314453125, 0.31373634934425354, 0.3134010434150696, 0.3132907748222351, 0.31330406665802, 0.3129929006099701, 0.3127596080303192, 0.31244197487831116, 0.312012642621994, 0.3120218813419342, 0.31197240948677063, 0.3115725517272949, 0.3113415241241455, 0.3109660744667053, 0.31056711077690125, 0.3102108836174011, 0.31023362278938293, 0.30994248390197754, 0.3097958564758301, 0.3096325397491455, 0.30931106209754944, 0.309171199798584, 0.3088538944721222, 0.3084917366504669, 0.3084162771701813, 0.30814260244369507, 0.3080804646015167, 0.3078468143939972, 0.30760154128074646, 0.30741503834724426, 0.3071380853652954, 0.3070637583732605, 0.30687886476516724, 0.3067791759967804, 0.3065811097621918, 0.3062822222709656, 0.30610963702201843, 0.30576276779174805, 0.3057103157043457, 0.3054904043674469, 0.3052850365638733, 0.3052825331687927, 0.30530452728271484, 0.30526119470596313, 0.3051336705684662, 0.3051008880138397, 0.3046473562717438, 0.3044009804725647, 0.30439522862434387, 0.30414626002311707, 0.30366960167884827, 0.3035637140274048, 0.30336856842041016, 0.30347925424575806, 0.3033555746078491, 0.3032495081424713, 0.3029922544956207, 0.3029571771621704, 0.30284368991851807, 0.3025503158569336, 0.30226704478263855, 0.30223599076271057, 0.30213576555252075, 0.3019082844257355, 0.30154624581336975, 0.3014412522315979, 0.3014633357524872, 0.3012656569480896, 0.30133509635925293, 0.3009531497955322, 0.3006403148174286, 0.3003693222999573, 0.3000962734222412, 0.29990333318710327, 0.29973211884498596, 0.29938602447509766, 0.2991672158241272, 0.29912203550338745, 0.2989056408405304, 0.29866254329681396, 0.29853570461273193, 0.29848960041999817, 0.2983849048614502]",33.0,"[33.0, 33.0, 33.0, 33.0, 33.0, 33.0, 33.0, 33.0, 33.0, 33.0, 33.0, 33.0, 33.0, 33.0, 33.0, 33.0, 33.0, 33.0, 33.0, 33.0, 33.0, 33.0, 33.0, 33.0, 33.0, 33.0, 33.0, 33.0, 33.0, 33.0, 33.0, 33.0, 33.0, 33.0, 33.0, 33.0, 33.0, 33.0, 33.0, 33.0, 33.0, 33.0, 33.0, 33.0, 33.0, 33.0, 33.0, 33.0, 33.0, 33.0, 33.0, 33.0, 33.0, 33.0, 33.0, 33.0, 33.0, 33.0, 33.0, 33.0, 33.0, 33.0, 33.0, 33.0, 33.0, 33.0, 33.0, 33.0, 33.0, 33.0, 33.0, 33.0, 33.0, 33.0, 33.0, 33.0, 33.0, 33.0, 33.0, 33.0, 33.0, 33.0, 33.0, 33