,number,value,datetime_start,datetime_complete,duration,params_batch_size_scaler,params_constant_learning_rate,params_depth,params_epochs,params_kernel_l2,params_num_trees,params_temperature,user_attrs_accuracy_test,user_attrs_accuracy_valid,user_attrs_approximate_feature_sparsity,user_attrs_approximate_feature_sparsity_history,user_attrs_approximate_weight_sparsity,user_attrs_approximate_weight_sparsity_history,user_attrs_auc_test,user_attrs_auc_valid,user_attrs_feature_sparsity,user_attrs_feature_sparsity_history,user_attrs_num_epochs,user_attrs_val_loss_history,user_attrs_weight_sparsity,user_attrs_weight_sparsity_history,state
126,126,0.9093532222952171,2024-08-31 06:12:51.570355,2024-08-31 06:24:04.451680,0 days 00:11:12.881325,4,0.06872985236641653,6,315,0.5444305812495983,67,0.04596782106490426,0.915,0.90625,33,"[33, 33, 33, 33, 33, 33, 33, 33, 33, 33, 33, 33, 33, 33, 33, 33, 33, 33, 33, 33, 33, 33, 33, 33, 33, 33, 33, 33, 33, 33, 33, 33, 33, 33, 33, 33, 33, 33, 33, 33, 33, 33, 33, 33, 33, 33, 33, 33, 33, 33, 33, 33, 33, 33, 33, 33, 33, 33, 33, 33, 33, 33, 33, 33, 33, 33, 33, 33, 33, 33, 33, 33, 33, 33, 33, 33, 33, 33, 33, 33, 33, 33, 33, 33, 33, 33, 33, 33, 33, 33, 33, 33, 33, 33, 33, 33, 33, 33, 33, 33, 33, 33, 33, 33, 33, 33, 33, 33, 33, 33, 33, 33, 33, 33, 33, 33, 33, 33, 33, 33, 33, 33, 33, 33, 33, 33, 33, 33, 33, 33, 33, 33, 33, 33, 33, 33, 33, 33, 33, 33, 33, 33, 33, 33, 33, 33, 33, 33, 33, 33, 33, 33, 33, 33, 33, 33, 33, 33, 33, 33, 33, 33, 33, 33, 33, 33, 33, 33, 33, 33, 33, 33, 33, 33, 33, 33, 33, 33, 33, 33, 33, 33, 33, 33, 33, 33, 33, 33, 33, 33, 33, 33, 33, 33, 33, 33, 33, 33, 33, 33, 33, 33, 33, 33, 33, 33, 33, 33, 33, 33, 33, 33, 33, 33, 33, 33, 33, 33, 33, 33, 33, 33, 33, 33, 33, 33, 33, 33, 33, 33, 33, 33, 33, 33, 33, 33, 33, 33, 33, 33, 33, 33, 33, 33, 33, 33, 33, 33, 33, 33, 33, 33, 33, 33, 33, 33, 33, 33, 33, 33, 33, 33, 33, 33, 33, 33, 33, 33, 33, 33, 33, 33, 33, 33, 33, 33, 33, 33, 33, 33, 33, 33, 33, 33, 33, 33, 33, 33, 33, 33, 33, 33, 33, 33, 33, 33, 33, 33, 33, 33, 33, 33, 33, 33, 33, 33, 33, 33, 33, 33, 33, 33, 33, 33, 33]",32.89599620942904,"[32.911395403932715, 32.908552475716654, 32.91613361762615, 32.91945036721156, 32.91518597488747, 32.92016109926558, 32.9106846718787, 32.90334044065387, 32.911158493248045, 32.90665719023928, 32.91281686804075, 32.90760483297797, 32.908552475716654, 32.90499881544658, 32.90689410092395, 32.90878938640133, 32.91637052831083, 32.91400142146411, 32.915185974887464, 32.915185974887464, 32.911632314617385, 32.911395403932715, 32.91329068941009, 32.90878938640133, 32.91305377872542, 32.91163231461739, 32.914475242833454, 32.90926320777067, 32.91257995735608, 32.91257995735608, 32.91376451077943, 32.91305377872542, 32.91376451077944, 32.91400142146411, 32.91423833214878, 32.910684671878705, 32.91329068941009, 32.91281686804075, 32.91257995735607, 32.91352760009477, 32.911395403932715, 32.91210613598673, 32.91305377872542, 32.9123430466714, 32.91565979625681, 32.9166074389955, 32.91186922530206, 32.9106846718787, 32.91423833214878, 32.91400142146411, 32.91021085050936, 32.90594645818526, 32.90665719023928, 32.90997393982469, 32.90523572613125, 32.904998815446575, 32.90973702914001, 32.910684671878705, 32.90950011845534, 32.909026297086, 32.9073679222933, 32.910684671878705, 32.91305377872542, 32.91281686804075, 32.91210613598673, 32.918028903103526, 32.91400142146411, 32.914475242833454, 32.91163231461739, 32.91542288557214, 32.914949064202794, 32.91613361762615, 32.9166074389955, 32.91423833214878, 32.914712153518124, 32.91873963515754, 32.91945036721156, 32.92489931295901, 32.92466240227434, 32.92181947405828, 32.91637052831083, 32.91305377872542, 32.910684671878705, 32.911395403932715, 32.90997393982469, 32.90926320777067, 32.91234304667141, 32.90950011845534, 32.90357735133855, 32.90642027955461, 32.909026297085994, 32.90357735133855, 32.901445155176496, 32.89575929874438, 32.89860222696044, 32.897891494906425, 32.89647003079839, 32.90215588723051, 32.90357735133855, 32.90642027955461, 32.90618336886994, 32.90405117270789, 32.90381426202322, 32.90168206586117, 32.901445155176496, 32.90381426202322, 32.901208244491826, 32.90002369106847, 32.89694385216773, 32.901445155176496, 32.898602226960435, 32.900971333807156, 32.90760483297797, 32.9106846718787, 32.910921582563375, 32.90784174366264, 32.90215588723051, 32.90168206586117, 32.904998815446575, 32.90381426202321, 32.905472636815915, 32.90784174366264, 32.905472636815915, 32.90784174366264, 32.904524994077235, 32.89954986969912, 32.89718076285241, 32.904524994077235, 32.90428808339256, 32.904998815446575, 32.90049751243781, 32.90618336886993, 32.908315565031984, 32.90618336886994, 32.902392797915184, 32.89954986969912, 32.8971807628524, 32.89765458422175, 32.90215588723051, 32.904761904761905, 32.908315565031984, 32.90428808339256, 32.89978678038379, 32.90334044065387, 32.90191897654584, 32.900734423122486, 32.904761904761905, 32.9031035299692, 32.90049751243781, 32.89670694148306, 32.89670694148306, 32.89907604832978, 32.89575929874437, 32.895285477375026, 32.89670694148306, 32.89647003079839, 32.897891494906425, 32.89978678038379, 32.8955223880597, 32.893864013267, 32.89291637052831, 32.89765458422175, 32.8971807628524, 32.89623312011371, 32.89647003079839, 32.891968727789624, 32.89433783463634, 32.891968727789624, 32.89267945984364, 32.89031035299692, 32.894811656005686, 32.89173181710495, 32.891731817104954, 32.89528547737503, 32.89362710258233, 32.8955223880597, 32.898365316275765, 32.89599620942904, 32.898839137645105, 32.90002369106847, 32.901445155176496, 32.895285477375026, 32.898365316275765, 32.901208244491826, 32.900497512437816, 32.90049751243781, 32.90002369106846, 32.89907604832978, 32.90073442312248, 32.89789149490642, 32.90049751243781, 32.89765458422175, 32.89765458422175, 32.90002369106847, 32.89954986969912, 32.8997867803838, 32.899076048329775, 32.90262970859986, 32.90405117270789, 32.90191897654584, 32.90026060175314, 32.89931295901445, 32.898365316275765, 32.898365316275765, 32.89694385216773, 32.89575929874437, 32.89623312011371, 32.89789149490642, 32.901208244491826, 32.9031035299692, 32.9031035299692, 32.90262970859986, 32.90049751243781, 32.90073442312248, 32.90618336886994, 32.90594645818526, 32.904524994077235, 32.90381426202322, 32.90547263681592, 32.90642027955461, 32.90642027955461, 32.90689410092395, 32.90570954750059, 32.90310352996921, 32.90215588723051, 32.90381426202322, 32.90428808339256, 32.90594645818526, 32.90642027955461, 32.905235726131245, 32.90570954750059, 32.90642027955461, 32.89954986969913, 32.90026060175314, 32.901208244491826, 32.900734423122486, 32.901208244491826, 32.90262970859986, 32.904761904761905, 32.904998815446575, 32.90547263681592, 32.904524994077235, 32.90262970859986, 32.90334044065387, 32.90570954750059, 32.90334044065387, 32.90452499407723, 32.90523572613125, 32.90381426202322, 32.90357735133855, 32.9031035299692, 32.90310352996921, 32.90002369106846, 32.898128405591095, 32.901445155176496, 32.900971333807156, 32.90191897654584, 32.900971333807156, 32.90049751243781, 32.90049751243781, 32.901208244491826, 32.900971333807156, 32.89907604832978, 32.90026060175314, 32.89670694148307, 32.894574745321016, 32.89575929874437, 32.89575929874437, 32.89694385216773, 32.89718076285241, 32.89694385216773, 32.89457474532101, 32.89647003079839, 32.89623312011372, 32.894337834636346, 32.89315328121298, 32.894574745321016, 32.89125799573561, 32.89054726368159, 32.89007344231225, 32.89149490642028, 32.89149490642028, 32.89339019189766, 32.89267945984364, 32.89291637052831, 32.89173181710495, 32.89078417436627, 32.88746742478086, 32.88723051409619, 32.88912579957356, 32.8836768538261, 32.88272921108742, 32.8846244965648, 32.88486140724947, 32.88888888888889, 32.88936271025823, 32.88746742478086, 32.89031035299692, 32.8895996209429, 32.887941246150206, 32.8895996209429, 32.89244254915897, 32.89031035299692, 32.88983653162757, 32.888178156834876, 32.886282871357494, 32.886045960672824, 32.888651978204216, 32.89125799573561, 32.893864013267, 32.89125799573561, 32.89149490642028, 32.89339019189766, 32.891731817104954, 32.89599620942904]",0.8912804762258605,0.9093532222952171,33,"[33, 33, 33, 33, 33, 33, 33, 33, 33, 33, 33, 33, 33, 33, 33, 33, 33, 33, 33, 33, 33, 33, 33, 33, 33, 33, 33, 33, 33, 33, 33, 33, 33, 33, 33, 33, 33, 33, 33, 33, 33, 33, 33, 33, 33, 33, 33, 33, 33, 33, 33, 33, 33, 33, 33, 33, 33, 33, 33, 33, 33, 33, 33, 33, 33, 33, 33, 33, 33, 33, 33, 33, 33, 33, 33, 33, 33, 33, 33, 33, 33, 33, 33, 33, 33, 33, 33, 33, 33, 33, 33, 33, 33, 33, 33, 33, 33, 33, 33, 33, 33, 33, 33, 33, 33, 33, 33, 33, 33, 33, 33, 33, 33, 33, 33, 33, 33, 33, 33, 33, 33, 33, 33, 33, 33, 33, 33, 33, 33, 33, 33, 33, 33, 33, 33, 33, 33, 33, 33, 33, 33, 33, 33, 33, 33, 33, 33, 33, 33, 33, 33, 33, 33, 33, 33, 33, 33, 33, 33, 33, 33, 33, 33, 33, 33, 33, 33, 33, 33, 33, 33, 33, 33, 33, 33, 33, 33, 33, 33, 33, 33, 33, 33, 33, 33, 33, 33, 33, 33, 33, 33, 33, 33, 33, 33, 33, 33, 33, 33, 33, 33, 33, 33, 33, 33, 33, 33, 33, 33, 33, 33, 33, 33, 33, 33, 33, 33, 33, 33, 33, 33, 33, 33, 33, 33, 33, 33, 33, 33, 33, 33, 33, 33, 33, 33, 33, 33, 33, 33, 33, 33, 33, 33, 33, 33, 33, 33, 33, 33, 33, 33, 33, 33, 33, 33, 33, 33, 33, 33, 33, 33, 33, 33, 33, 33, 33, 33, 33, 33, 33, 33, 33, 33, 33, 33, 33, 33, 33, 33, 33, 33, 33, 33, 33, 33, 33, 33, 33, 33, 33, 33, 33, 33, 33, 33, 33, 33, 33, 33, 33, 33, 33, 33, 33, 33, 33, 33, 33, 33, 33, 33, 33, 33, 33, 33]",315,"[0.42562374472618103, 0.4075855612754822, 0.4030875861644745, 0.39998137950897217, 0.39734217524528503, 0.3950343430042267, 0.39298537373542786, 0.39113301038742065, 0.38949984312057495, 0.38805004954338074, 0.3866809606552124, 0.38551396131515503, 0.3844093978404999, 0.38333335518836975, 0.38244178891181946, 0.38151511549949646, 0.38063299655914307, 0.3798527121543884, 0.3790932893753052, 0.37836673855781555, 0.3776933252811432, 0.3771306276321411, 0.3764532208442688, 0.3758769631385803, 0.375345379114151, 0.3748093545436859, 0.37420549988746643, 0.37360766530036926, 0.373079389333725, 0.37262335419654846, 0.37213775515556335, 0.3716442584991455, 0.37118828296661377, 0.3707421123981476, 0.3702015280723572, 0.3697458505630493, 0.36926284432411194, 0.36878353357315063, 0.3682866394519806, 0.36782947182655334, 0.36736994981765747, 0.3669627010822296, 0.3665422797203064, 0.36604708433151245, 0.365634948015213, 0.3651781976222992, 0.36472275853157043, 0.36422592401504517, 0.3637889623641968, 0.3633967339992523, 0.3629065454006195, 0.3624844253063202, 0.36201271414756775, 0.3616443872451782, 0.3611738681793213, 0.36076346039772034, 0.36040064692497253, 0.3598715662956238, 0.35936030745506287, 0.35897549986839294, 0.3585834503173828, 0.35813969373703003, 0.3577439785003662, 0.3572816848754883, 0.3568909764289856, 0.3564068078994751, 0.35601136088371277, 0.35556143522262573, 0.35514381527900696, 0.35471734404563904, 0.35431861877441406, 0.35394585132598877, 0.35345977544784546, 0.35303986072540283, 0.3526289761066437, 0.35222160816192627, 0.35179245471954346, 0.351528525352478, 0.35100170969963074, 0.35057422518730164, 0.35006874799728394, 0.3496215045452118, 0.34932681918144226, 0.348821222782135, 0.3483922481536865, 0.3479258418083191, 0.34761351346969604, 0.3471177816390991, 0.3467160761356354, 0.3463099002838135, 0.34592828154563904, 0.34556588530540466, 0.34508323669433594, 0.34462177753448486, 0.3441728353500366, 0.34362778067588806, 0.3432283103466034, 0.34278491139411926, 0.34235453605651855, 0.34195590019226074, 0.34155794978141785, 0.3410981297492981, 0.34059566259384155, 0.3401719927787781, 0.3397068679332733, 0.3392202854156494, 0.3387630581855774, 0.33831462264060974, 0.3379412889480591, 0.33738404512405396, 0.33696210384368896, 0.336482971906662, 0.33600249886512756, 0.33551251888275146, 0.33505505323410034, 0.3344995975494385, 0.33408883213996887, 0.33362045884132385, 0.3331010341644287, 0.33249571919441223, 0.33203941583633423, 0.3315357565879822, 0.3309568762779236, 0.3305482864379883, 0.33003097772598267, 0.3293992280960083, 0.328906774520874, 0.32841718196868896, 0.32776522636413574, 0.3271884620189667, 0.32660743594169617, 0.32599419355392456, 0.3254852592945099, 0.32492417097091675, 0.32431426644325256, 0.3237491548061371, 0.3231120705604553, 0.322540819644928, 0.3219636082649231, 0.32133057713508606, 0.3207128047943115, 0.3199766278266907, 0.31943148374557495, 0.3190164268016815, 0.31829798221588135, 0.31758347153663635, 0.31698504090309143, 0.31629684567451477, 0.3155432939529419, 0.31486138701438904, 0.31418877840042114, 0.3136303722858429, 0.31287500262260437, 0.3121780753135681, 0.3115239441394806, 0.3107783794403076, 0.3101717233657837, 0.30947813391685486, 0.30882275104522705, 0.3080487549304962, 0.3073399066925049, 0.30656328797340393, 0.3058578670024872, 0.30515503883361816, 0.30449628829956055, 0.30373522639274597, 0.3030500113964081, 0.3023582100868225, 0.3017020523548126, 0.30102667212486267, 0.3002375364303589, 0.29958099126815796, 0.29889020323753357, 0.29813292622566223, 0.2974270284175873, 0.29675859212875366, 0.29613205790519714, 0.29536354541778564, 0.2947539687156677, 0.29410648345947266, 0.2933700680732727, 0.2927403151988983, 0.2920621931552887, 0.2914105951786041, 0.2907821834087372, 0.2901764214038849, 0.28956669569015503, 0.2888684868812561, 0.2882890999317169, 0.28771963715553284, 0.287031888961792, 0.28645995259284973, 0.28595390915870667, 0.2852954566478729, 0.2846575677394867, 0.28410348296165466, 0.28355473279953003, 0.2830251455307007, 0.2824670970439911, 0.28195667266845703, 0.28138795495033264, 0.2808646857738495, 0.28033483028411865, 0.27983859181404114, 0.27925387024879456, 0.27879244089126587, 0.2783626914024353, 0.2778806984424591, 0.27733397483825684, 0.2768467664718628, 0.2763698995113373, 0.2758777141571045, 0.27542439103126526, 0.2750202715396881, 0.2745553255081177, 0.2740764319896698, 0.2736232578754425, 0.2732645571231842, 0.2728256285190582, 0.27238917350769043, 0.27197563648223877, 0.2715703547000885, 0.271147221326828, 0.270772784948349, 0.27052679657936096, 0.2700302004814148, 0.2696596384048462, 0.26920458674430847, 0.2687813341617584, 0.2684626579284668, 0.26813897490501404, 0.2677370011806488, 0.267343670129776, 0.26695719361305237, 0.2667001783847809, 0.2664373517036438, 0.2659720480442047, 0.2655773460865021, 0.26524293422698975, 0.26489800214767456, 0.2645414471626282, 0.26416075229644775, 0.2638746201992035, 0.2634602189064026, 0.26316723227500916, 0.26283425092697144, 0.2625623643398285, 0.2621770203113556, 0.2618986964225769, 0.2615431845188141, 0.26140981912612915, 0.26107147336006165, 0.2607156038284302, 0.26033350825309753, 0.26000234484672546, 0.2596503496170044, 0.2593511641025543, 0.25906869769096375, 0.25878241658210754, 0.2585316598415375, 0.25824639201164246, 0.2579975128173828, 0.2576066255569458, 0.25728365778923035, 0.2569766342639923, 0.2567729651927948, 0.2564195692539215, 0.25623464584350586, 0.25594618916511536, 0.25568127632141113, 0.25539103150367737, 0.25515463948249817, 0.25488024950027466, 0.2546217441558838, 0.25426992774009705, 0.25396275520324707, 0.25373217463493347, 0.25347185134887695, 0.25315138697624207, 0.25282639265060425, 0.25253400206565857, 0.252339631319046, 0.25208380818367004, 0.25176724791526794, 0.25164011120796204, 0.251316100358963, 0.2510615885257721, 0.2507604658603668, 0.2505115866661072, 0.2503623068332672, 0.2500821053981781, 0.2497636079788208, 0.24953612685203552, 0.24930600821971893, 0.24911613762378693, 0.24884916841983795, 0.2486637532711029, 0.24831001460552216, 0.24808424711227417, 0.24789559841156006, 0.24774757027626038, 0.24756601452827454, 0.24728479981422424, 0.2470199167728424, 0.24667640030384064, 0.24647077918052673, 0.24616335332393646, 0.24594612419605255, 0.24582767486572266, 0.2454896867275238, 0.24527408182621002, 0.24509577453136444, 0.24496778845787048, 0.24466590583324432, 0.24440091848373413]",33.0,"[33.0, 33.0, 33.0, 33.0, 33.0, 33.0, 33.0, 33.0, 33.0, 33.0, 33.0, 33.0, 33.0, 33.0, 33.0, 33.0, 33.0, 33.0, 33.0, 33.0, 33.0, 33.0, 33.0, 33.0, 33.0, 33.0, 33.0, 33.0, 33.0, 33.0, 33.0, 33.0, 33.0, 33.0, 33.0, 33.0, 33.0, 33.0, 33.0, 33.0, 33.0, 33.0, 33.0, 33.0, 33.0, 33.0, 33.0, 33.0, 33.0, 33.0, 33.0, 33.0, 33.0, 33.0, 33.0, 33.0, 33.0, 33.0, 33.0, 33.0, 33.0, 33.0, 33.0, 33.0, 33.0, 33.0, 33.0, 33.0, 33.0, 33.0, 33.0, 33.0, 33.0, 33.0, 33.0, 33.0, 33.0, 33.0, 33.0, 33.0, 33.0, 33.0, 33.0, 33.0, 33.0, 33.0, 33.0, 33.0, 33.0, 33.0, 33.0, 33.0, 33.0, 33.0, 33.0, 33.0, 33.0, 33.0, 33.0, 33.0, 33.0, 33.0, 33.0, 33.0, 33.0, 33.0, 33.0, 33.0, 33.0, 33.0, 33.0, 33.0, 33.0, 33.0, 33.0, 33.0, 33.0, 33.0, 33.0, 33.0, 33.0, 33.0, 33.0, 33.0, 33.0, 33.0, 33.0, 33.0, 33.0, 33.0, 33.0, 33.0, 33.0, 33.0, 33.0, 33.0, 33.0, 33.0, 33.0, 33.0, 33.0, 33.0, 33.0, 33.0, 33.0, 33.0, 33.0, 33.0, 33.0, 33.0, 33.0, 33.0, 33.0, 33.0, 33.0, 33.0, 33.0, 33.0, 33.0, 33.0, 33.0, 33.0, 33.0, 33.0, 33.0, 33.0, 33.0, 33.0, 33.0, 33.0, 33.0, 33.0, 33.0, 33.0, 33.0, 33.0, 33.0, 33.0, 33.0, 33.0, 33.0, 33.0, 33.0, 33.0, 33.0, 33.0, 33.0, 33.0, 33.0, 33.0, 33.0, 33.0, 33.0, 33.0, 33.0, 33.0, 33.0, 33.0, 33.0, 33.0, 33.0, 33.0, 33.0, 33.0, 33.0, 33.0, 33.0, 33.0, 33.0, 33.0, 33.0, 33.0, 33.0, 33.0, 33.0, 33.0, 33.0, 33.0, 33.0, 33.0, 33.0, 33.0, 33.0, 33.0, 33.0, 33.0, 33.0, 33.0, 33.0, 33.0, 33.0, 33.0, 33.0, 33.0, 33.0, 33.0, 33.0, 33.0, 33.0, 33.0, 33.0, 33.0, 33.0, 33.0, 33.0, 33.0, 33.0, 33.0, 33.0, 33.0, 33.0, 33.0, 33.0, 33.0, 33.0, 33.0, 33.0, 33.0, 33.0, 33.0, 33.0, 33.0, 33.0, 33.0, 33.0, 33.0, 33.0, 33.0, 33.0, 33.0, 33.0, 33.0, 33.0, 33.0, 33.0, 33.0, 33.0, 33.0, 33.0, 33.0, 33.0, 33.0, 33.0, 33.0, 33.0, 33.0, 33.0, 33.0, 33.0, 33.0, 33.0, 33.0, 33.0, 33.0, 33.0, 33.0, 33.0, 33.0, 33.0, 33.0, 33.0, 33.0, 33.0, 33.0, 33.0, 33.0, 33.0, 33.0, 33.0, 33.0, 33.0, 33.0, 33.0, 33.0, 33.0]",COMPLETE
