,number,value,datetime_start,datetime_complete,duration,params_batch_size_scaler,params_constant_learning_rate,params_depth,params_epochs,params_kernel_l2,params_num_trees,params_temperature,user_attrs_accuracy_test,user_attrs_accuracy_valid,user_attrs_approximate_feature_sparsity,user_attrs_approximate_feature_sparsity_history,user_attrs_approximate_weight_sparsity,user_attrs_approximate_weight_sparsity_history,user_attrs_auc_test,user_attrs_auc_valid,user_attrs_feature_sparsity,user_attrs_feature_sparsity_history,user_attrs_num_epochs,user_attrs_val_loss_history,user_attrs_weight_sparsity,user_attrs_weight_sparsity_history,state
121,121,0.5,2024-08-31 06:07:05.785429,2024-08-31 06:07:36.385770,0 days 00:00:30.600341,4,0.358720751181741,3,100,0.10701146013858247,80,0.050088961221740315,0.859,0.85875,0,"[4, 0, 0, 0, 0, 0, 0, 0, 0, 0, 0, 0, 0, 0, 0, 0, 0, 0, 0, 0, 0, 0, 0, 0, 0, 0, 0, 0, 0, 0, 0, 0, 0, 0, 0, 0, 0, 0, 0, 0, 0, 0, 0, 0, 0, 0, 0, 0, 0, 0, 0, 0, 0, 0, 0, 0, 0, 0, 0, 0, 0, 0, 0, 0, 0, 0, 0, 0, 0, 0, 0, 0, 0, 0, 0, 0, 0, 0, 0, 0, 0, 0, 0, 0, 0, 0, 0, 0, 0, 0, 0, 0, 0, 0, 0, 0, 0, 0, 0, 0]",0.0,"[3.9946428571428574, 0.0, 0.0, 0.0, 0.0, 0.0, 0.0, 0.0, 0.0, 0.0, 0.0, 0.0, 0.0, 0.0, 0.0, 0.0, 0.0, 0.0, 0.0, 0.0, 0.0, 0.0, 0.0, 0.0, 0.0, 0.0, 0.0, 0.0, 0.0, 0.0, 0.0, 0.0, 0.0, 0.0, 0.0, 0.0, 0.0, 0.0, 0.0, 0.0, 0.0, 0.0, 0.0, 0.0, 0.0, 0.0, 0.0, 0.0, 0.0, 0.0, 0.0, 0.0, 0.0, 0.0, 0.0, 0.0, 0.0, 0.0, 0.0, 0.0, 0.0, 0.0, 0.0, 0.0, 0.0, 0.0, 0.0, 0.0, 0.0, 0.0, 0.0, 0.0, 0.0, 0.0, 0.0, 0.0, 0.0, 0.0, 0.0, 0.0, 0.0, 0.0, 0.0, 0.0, 0.0, 0.0, 0.0, 0.0, 0.0, 0.0, 0.0, 0.0, 0.0, 0.0, 0.0, 0.0, 0.0, 0.0, 0.0, 0.0]",0.5,0.5,0,"[4, 0, 0, 0, 0, 0, 0, 0, 0, 0, 0, 0, 0, 0, 0, 0, 0, 0, 0, 0, 0, 0, 0, 0, 0, 0, 0, 0, 0, 0, 0, 0, 0, 0, 0, 0, 0, 0, 0, 0, 0, 0, 0, 0, 0, 0, 0, 0, 0, 0, 0, 0, 0, 0, 0, 0, 0, 0, 0, 0, 0, 0, 0, 0, 0, 0, 0, 0, 0, 0, 0, 0, 0, 0, 0, 0, 0, 0, 0, 0, 0, 0, 0, 0, 0, 0, 0, 0, 0, 0, 0, 0, 0, 0, 0, 0, 0, 0, 0, 0]",100,"[0.3861390948295593, 0.4072284400463104, 0.4142926335334778, 0.4195954501628876, 0.41857022047042847, 0.42247700691223145, 0.40796563029289246, 0.4095858037471771, 0.4083760380744934, 0.4145243167877197, 0.40876105427742004, 0.4072534441947937, 0.40728312730789185, 0.4099314510822296, 0.4072500467300415, 0.41530388593673706, 0.40799927711486816, 0.42134177684783936, 0.42348435521125793, 0.4072358012199402, 0.4216776192188263, 0.40796786546707153, 0.4084806740283966, 0.41870787739753723, 0.4080674648284912, 0.40728265047073364, 0.40903741121292114, 0.4079832136631012, 0.41394177079200745, 0.40808945894241333, 0.407308429479599, 0.4079826772212982, 0.4079689681529999, 0.41242995858192444, 0.4114774465560913, 0.413639634847641, 0.4169614017009735, 0.41639724373817444, 0.4114890694618225, 0.4080502688884735, 0.4081171751022339, 0.4108235538005829, 0.40766894817352295, 0.4087945818901062, 0.40722769498825073, 0.4103507995605469, 0.4072275161743164, 0.40788593888282776, 0.4073737859725952, 0.43104249238967896, 0.4073891341686249, 0.41044342517852783, 0.40722671151161194, 0.4136344790458679, 0.40806618332862854, 0.4087083339691162, 0.4073490798473358, 0.42261025309562683, 0.4072267413139343, 0.41836047172546387, 0.4075793921947479, 0.42086297273635864, 0.4072730541229248, 0.4097902178764343, 0.40722617506980896, 0.40817615389823914, 0.43278348445892334, 0.40970924496650696, 0.4086035490036011, 0.41500282287597656, 0.4136215150356293, 0.41044411063194275, 0.40941962599754333, 0.4201418161392212, 0.40722766518592834, 0.42206257581710815, 0.40748128294944763, 0.4139445126056671, 0.4083118438720703, 0.4108160138130188, 0.4081704616546631, 0.40798062086105347, 0.4085766077041626, 0.4123670160770416, 0.41162413358688354, 0.4100947082042694, 0.4128505289554596, 0.41042912006378174, 0.41363346576690674, 0.40804725885391235, 0.41011226177215576, 0.4136155843734741, 0.4410136342048645, 0.41013869643211365, 0.40722766518592834, 0.4136631488800049, 0.4157223403453827, 0.4078633189201355, 0.40794771909713745, 0.40797436237335205]",0.0,"[4.0, 0.0, 0.0, 0.0, 0.0, 0.0, 0.0, 0.0, 0.0, 0.0, 0.0, 0.0, 0.0, 0.0, 0.0, 0.0, 0.0, 0.0, 0.0, 0.0, 0.0, 0.0, 0.0, 0.0, 0.0, 0.0, 0.0, 0.0, 0.0, 0.0, 0.0, 0.0, 0.0, 0.0, 0.0, 0.0, 0.0, 0.0, 0.0, 0.0, 0.0, 0.0, 0.0, 0.0, 0.0, 0.0, 0.0, 0.0, 0.0, 0.0, 0.0, 0.0, 0.0, 0.0, 0.0, 0.0, 0.0, 0.0, 0.0, 0.0, 0.0, 0.0, 0.0, 0.0, 0.0, 0.0, 0.0, 0.0, 0.0, 0.0, 0.0, 0.0, 0.0, 0.0, 0.0, 0.0, 0.0, 0.0, 0.0, 0.0, 0.0, 0.0, 0.0, 0.0, 0.0, 0.0, 0.0, 0.0, 0.0, 0.0, 0.0, 0.0, 0.0, 0.0, 0.0, 0.0, 0.0, 0.0, 0.0, 0.0]",COMPLETE
122,122,0.5,2024-08-31 06:07:40.805402,2024-08-31 06:08:45.039045,0 days 00:01:04.233643,16,1.9738530410439186,3,465,0.5091600932444231,76,0.02849234344654232,0.859,0.85875,0,"[0, 0, 0, 0, 0, 0, 0, 0, 0, 0, 0, 0, 0, 0, 0, 0, 0, 0, 0, 0, 0, 0, 0, 0, 0, 0, 0, 0, 0, 0, 0, 0, 0, 0, 0, 0, 0, 0, 0, 0, 0, 0, 0, 0, 0, 0, 0, 0, 0, 0, 0, 0, 0, 0, 0, 0, 0, 0, 0, 0, 0, 0, 0, 0, 0, 0, 0, 0, 0, 0, 0, 0, 0, 0, 0, 0, 0, 0, 0, 0, 0, 0, 0, 0, 0, 0, 0, 0, 0, 0, 0, 0, 0, 0, 0, 0, 0, 0, 0, 0, 0, 0, 0, 0, 0, 0, 0, 0, 0, 0, 0, 0, 0, 0, 0, 0, 0, 0, 0, 0, 0, 0, 0, 0, 0, 0, 0, 0, 0, 0, 0, 0, 0, 0, 0, 0, 0, 0, 0, 0, 0, 0, 0, 0, 0, 0, 0, 0, 0, 0, 0, 0, 0, 0, 0, 0, 0, 0, 0, 0, 0, 0, 0, 0, 0, 0, 0, 0, 0, 0, 0, 0, 0, 0, 0, 0, 0, 0, 0, 0, 0, 0, 0, 0, 0, 0, 0, 0, 0, 0, 0, 0, 0, 0, 0, 0, 0, 0, 0, 0, 0, 0, 0, 0, 0, 0, 0, 0, 0, 0, 0, 0, 0, 0, 0, 0, 0, 0, 0, 0, 0, 0, 0, 0, 0, 0, 0, 0, 0, 0, 0, 0, 0, 0, 0, 0, 0, 0, 0, 0, 0, 0, 0, 0, 0, 0, 0, 0, 0, 0, 0, 0, 0, 0, 0, 0, 0, 0, 0, 0, 0, 0, 0, 0, 0, 0, 0, 0, 0, 0, 0, 0, 0, 0, 0, 0, 0, 0, 0, 0, 0, 0, 0, 0, 0, 0, 0, 0, 0, 0, 0, 0, 0, 0, 0, 0, 0, 0, 0, 0, 0, 0, 0, 0, 0, 0, 0, 0, 0, 0, 0, 0, 0, 0, 0, 0, 0, 0, 0, 0, 0, 0, 0, 0, 0, 0, 0, 0, 0, 0, 0, 0, 0, 0, 0, 0, 0, 0, 0, 0, 0, 0, 0, 0, 0, 0, 0, 0, 0, 0, 0, 0, 0, 0, 0, 0, 0, 0, 0, 0, 0, 0, 0, 0, 0, 0, 0, 0, 0, 0, 0, 0, 0, 0, 0, 0, 0, 0, 0, 0, 0, 0, 0, 0, 0, 0, 0, 0, 0, 0, 0, 0, 0, 0, 0, 0, 0, 0, 0, 0, 0, 0, 0, 0, 0, 0, 0, 0, 0, 0, 0, 0, 0, 0, 0, 0, 0, 0, 0, 0, 0, 0, 0, 0, 0, 0, 0, 0, 0, 0, 0, 0, 0, 0, 0, 0, 0, 0, 0, 0, 0, 0, 0, 0, 0, 0, 0, 0, 0, 0, 0, 0, 0, 0, 0, 0, 0, 0, 0, 0, 0, 0, 0, 0, 0]",0.0,"[0.0, 0.0, 0.0, 0.0, 0.0, 0.0, 0.0, 0.0, 0.0, 0.0, 0.0, 0.0, 0.0, 0.0, 0.0, 0.0, 0.0, 0.0, 0.0, 0.0, 0.0, 0.0, 0.0, 0.0, 0.0, 0.0, 0.0, 0.0, 0.0, 0.0, 0.0, 0.0, 0.0, 0.0, 0.0, 0.0, 0.0, 0.0, 0.0, 0.0, 0.0, 0.0, 0.0, 0.0, 0.0, 0.0, 0.0, 0.0, 0.0, 0.0, 0.0, 0.0, 0.0, 0.0, 0.0, 0.0, 0.0, 0.0, 0.0, 0.0, 0.0, 0.0, 0.0, 0.0, 0.0, 0.0, 0.0, 0.0, 0.0, 0.0, 0.0, 0.0, 0.0, 0.0, 0.0, 0.0, 0.0, 0.0, 0.0, 0.0, 0.0, 0.0, 0.0, 0.0, 0.0, 0.0, 0.0, 0.0, 0.0, 0.0, 0.0, 0.0, 0.0, 0.0, 0.0, 0.0, 0.0, 0.0, 0.0, 0.0, 0.0, 0.0, 0.0, 0.0, 0.0, 0.0, 0.0, 0.0, 0.0, 0.0, 0.0, 0.0, 0.0, 0.0, 0.0, 0.0, 0.0, 0.0, 0.0, 0.0, 0.0, 0.0, 0.0, 0.0, 0.0, 0.0, 0.0, 0.0, 0.0, 0.0, 0.0, 0.0, 0.0, 0.0, 0.0, 0.0, 0.0, 0.0, 0.0, 0.0, 0.0, 0.0, 0.0, 0.0, 0.0, 0.0, 0.0, 0.0, 0.0, 0.0, 0.0, 0.0, 0.0, 0.0, 0.0, 0.0, 0.0, 0.0, 0.0, 0.0, 0.0, 0.0, 0.0, 0.0, 0.0, 0.0, 0.0, 0.0, 0.0, 0.0, 0.0, 0.0, 0.0, 0.0, 0.0, 0.0, 0.0, 0.0, 0.0, 0.0, 0.0, 0.0, 0.0, 0.0, 0.0, 0.0, 0.0, 0.0, 0.0, 0.0, 0.0, 0.0, 0.0, 0.0, 0.0, 0.0, 0.0, 0.0, 0.0, 0.0, 0.0, 0.0, 0.0, 0.0, 0.0, 0.0, 0.0, 0.0, 0.0, 0.0, 0.0, 0.0, 0.0, 0.0, 0.0, 0.0, 0.0, 0.0, 0.0, 0.0, 0.0, 0.0, 0.0, 0.0, 0.0, 0.0, 0.0, 0.0, 0.0, 0.0, 0.0, 0.0, 0.0, 0.0, 0.0, 0.0, 0.0, 0.0, 0.0, 0.0, 0.0, 0.0, 0.0, 0.0, 0.0, 0.0, 0.0, 0.0, 0.0, 0.0, 0.0, 0.0, 0.0, 0.0, 0.0, 0.0, 0.0, 0.0, 0.0, 0.0, 0.0, 0.0, 0.0, 0.0, 0.0, 0.0, 0.0, 0.0, 0.0, 0.0, 0.0, 0.0, 0.0, 0.0, 0.0, 0.0, 0.0, 0.0, 0.0, 0.0, 0.0, 0.0, 0.0, 0.0, 0.0, 0.0, 0.0, 0.0, 0.0, 0.0, 0.0, 0.0, 0.0, 0.0, 0.0, 0.0, 0.0, 0.0, 0.0, 0.0, 0.0, 0.0, 0.0, 0.0, 0.0, 0.0, 0.0, 0.0, 0.0, 0.0, 0.0, 0.0, 0.0, 0.0, 0.0, 0.0, 0.0, 0.0, 0.0, 0.0, 0.0, 0.0, 0.0, 0.0, 0.0, 0.0, 0.0, 0.0, 0.0, 0.0, 0.0, 0.0, 0.0, 0.0, 0.0, 0.0, 0.0, 0.0, 0.0, 0.0, 0.0, 0.0, 0.0, 0.0, 0.0, 0.0, 0.0, 0.0, 0.0, 0.0, 0.0, 0.0, 0.0, 0.0, 0.0, 0.0, 0.0, 0.0, 0.0, 0.0, 0.0, 0.0, 0.0, 0.0, 0.0, 0.0, 0.0, 0.0, 0.0, 0.0, 0.0, 0.0, 0.0, 0.0, 0.0, 0.0, 0.0, 0.0, 0.0, 0.0, 0.0, 0.0, 0.0, 0.0, 0.0, 0.0, 0.0, 0.0, 0.0, 0.0, 0.0, 0.0, 0.0, 0.0, 0.0, 0.0, 0.0, 0.0, 0.0, 0.0, 0.0, 0.0, 0.0, 0.0, 0.0, 0.0, 0.0, 0.0, 0.0, 0.0, 0.0, 0.0, 0.0, 0.0, 0.0, 0.0, 0.0, 0.0, 0.0, 0.0, 0.0, 0.0, 0.0, 0.0, 0.0, 0.0, 0.0, 0.0, 0.0, 0.0, 0.0, 0.0, 0.0, 0.0, 0.0, 0.0, 0.0, 0.0, 0.0, 0.0, 0.0, 0.0, 0.0, 0.0, 0.0, 0.0, 0.0, 0.0, 0.0, 0.0, 0.0, 0.0, 0.0, 0.0, 0.0, 0.0, 0.0, 0.0, 0.0, 0.0, 0.0, 0.0, 0.0, 0.0, 0.0]",0.5,0.5,0,"[0, 0, 0, 0, 0, 0, 0, 0, 0, 0, 0, 0, 0, 0, 0, 0, 0, 0, 0, 0, 0, 0, 0, 0, 0, 0, 0, 0, 0, 0, 0, 0, 0, 0, 0, 0, 0, 0, 0, 0, 0, 0, 0, 0, 0, 0, 0, 0, 0, 0, 0, 0, 0, 0, 0, 0, 0, 0, 0, 0, 0, 0, 0, 0, 0, 0, 0, 0, 0, 0, 0, 0, 0, 0, 0, 0, 0, 0, 0, 0, 0, 0, 0, 0, 0, 0, 0, 0, 0, 0, 0, 0, 0, 0, 0, 0, 0, 0, 0, 0, 0, 0, 0, 0, 0, 0, 0, 0, 0, 0, 0, 0, 0, 0, 0, 0, 0, 0, 0, 0, 0, 0, 0, 0, 0, 0, 0, 0, 0, 0, 0, 0, 0, 0, 0, 0, 0, 0, 0, 0, 0, 0, 0, 0, 0, 0, 0, 0, 0, 0, 0, 0, 0, 0, 0, 0, 0, 0, 0, 0, 0, 0, 0, 0, 0, 0, 0, 0, 0, 0, 0, 0, 0, 0, 0, 0, 0, 0, 0, 0, 0, 0, 0, 0, 0, 0, 0, 0, 0, 0, 0, 0, 0, 0, 0, 0, 0, 0, 0, 0, 0, 0, 0, 0, 0, 0, 0, 0, 0, 0, 0, 0, 0, 0, 0, 0, 0, 0, 0, 0, 0, 0, 0, 0, 0, 0, 0, 0, 0, 0, 0, 0, 0, 0, 0, 0, 0, 0, 0, 0, 0, 0, 0, 0, 0, 0, 0, 0, 0, 0, 0, 0, 0, 0, 0, 0, 0, 0, 0, 0, 0, 0, 0, 0, 0, 0, 0, 0, 0, 0, 0, 0, 0, 0, 0, 0, 0, 0, 0, 0, 0, 0, 0, 0, 0, 0, 0, 0, 0, 0, 0, 0, 0, 0, 0, 0, 0, 0, 0, 0, 0, 0, 0, 0, 0, 0, 0, 0, 0, 0, 0, 0, 0, 0, 0, 0, 0, 0, 0, 0, 0, 0, 0, 0, 0, 0, 0, 0, 0, 0, 0, 0, 0, 0, 0, 0, 0, 0, 0, 0, 0, 0, 0, 0, 0, 0, 0, 0, 0, 0, 0, 0, 0, 0, 0, 0, 0, 0, 0, 0, 0, 0, 0, 0, 0, 0, 0, 0, 0, 0, 0, 0, 0, 0, 0, 0, 0, 0, 0, 0, 0, 0, 0, 0, 0, 0, 0, 0, 0, 0, 0, 0, 0, 0, 0, 0, 0, 0, 0, 0, 0, 0, 0, 0, 0, 0, 0, 0, 0, 0, 0, 0, 0, 0, 0, 0, 0, 0, 0, 0, 0, 0, 0, 0, 0, 0, 0, 0, 0, 0, 0, 0, 0, 0, 0, 0, 0, 0, 0, 0, 0, 0, 0, 0, 0, 0, 0, 0, 0, 0, 0, 0, 0, 0, 0, 0, 0, 0, 0, 0, 0, 0, 0, 0, 0]",465,"[0.7199288010597229, 0.8518688082695007, 2.4079012870788574, 0.5487483739852905, 0.756935715675354, 0.46601638197898865, 2.418801784515381, 0.47365447878837585, 0.4111390709877014, 0.44397154450416565, 0.8630093932151794, 0.4351709485054016, 0.5340355038642883, 0.7902965545654297, 1.7803555727005005, 2.2959237098693848, 0.486622154712677, 3.007517099380493, 0.5975179076194763, 1.5040924549102783, 0.5423727631568909, 0.842528223991394, 0.5190738439559937, 2.051074743270874, 2.1860640048980713, 0.8162086009979248, 0.6086813807487488, 1.2634156942367554, 1.3502212762832642, 1.3390758037567139, 0.4435410797595978, 0.43848729133605957, 0.9367325305938721, 1.9471232891082764, 0.701374888420105, 0.42657339572906494, 1.8054797649383545, 1.760637640953064, 0.7220481634140015, 1.3095687627792358, 0.42411327362060547, 2.984987258911133, 2.4317636489868164, 3.3956146240234375, 2.2478911876678467, 0.4264388680458069, 1.4843074083328247, 0.6969516277313232, 0.49018776416778564, 1.1258093118667603, 0.8049079179763794, 1.1458786725997925, 2.5620474815368652, 3.6644399166107178, 1.3356021642684937, 2.834547758102417, 1.3733700513839722, 2.9846794605255127, 2.0739481449127197, 1.5175749063491821, 2.334937334060669, 0.5109105706214905, 1.3496711254119873, 0.5205705761909485, 1.9029757976531982, 1.2069449424743652, 0.43165427446365356, 0.4159194529056549, 0.7831851243972778, 2.8338701725006104, 1.3669952154159546, 0.4087853729724884, 0.7445046901702881, 2.081482410430908, 2.6303579807281494, 0.734549343585968, 2.77880859375, 1.255409836769104, 1.7012581825256348, 1.6226402521133423, 1.5147401094436646, 1.2913825511932373, 1.875382900238037, 2.2770941257476807, 2.6007275581359863, 2.336625814437866, 1.0409877300262451, 0.8833650350570679, 1.1082268953323364, 0.7182742953300476, 2.1088550090789795, 1.4236118793487549, 0.8213552832603455, 0.660534143447876, 1.3680458068847656, 1.7250490188598633, 1.7399017810821533, 0.8747090697288513, 2.036482334136963, 0.5350295901298523, 0.540174663066864, 0.5434521436691284, 0.4283868670463562, 1.8437910079956055, 3.336113691329956, 0.7488172650337219, 0.4584181606769562, 1.0910751819610596, 2.851482629776001, 1.4696438312530518, 0.9856743812561035, 0.5160316824913025, 1.5971256494522095, 1.7912521362304688, 1.4948115348815918, 0.41230151057243347, 0.5414445996284485, 1.442725658416748, 0.7540086507797241, 0.4894300699234009, 2.299739122390747, 2.0225954055786133, 1.4310400485992432, 2.786128044128418, 0.48255249857902527, 1.5646225214004517, 0.8421984314918518, 1.2152490615844727, 2.136323928833008, 0.44112420082092285, 3.3880727291107178, 1.3747661113739014, 1.9444502592086792, 1.8267741203308105, 0.4292113482952118, 1.8330254554748535, 0.9758818745613098, 0.6817489862442017, 1.0086662769317627, 1.8236992359161377, 0.5370347499847412, 1.1443681716918945, 0.7146511673927307, 3.4356753826141357, 0.5285648703575134, 1.0596107244491577, 1.114574909210205, 0.8146406412124634, 0.9120832681655884, 2.210872173309326, 1.9404782056808472, 1.8714255094528198, 2.9521186351776123, 0.41305845975875854, 2.9788172245025635, 1.3299555778503418, 0.43960097432136536, 0.5230631828308105, 1.5857270956039429, 1.1162166595458984, 3.5267701148986816, 2.710801362991333, 2.0863523483276367, 1.8722343444824219, 0.4090733230113983, 3.6919357776641846, 0.9203251004219055, 1.0198233127593994, 3.0455100536346436, 0.5065785050392151, 0.9400585889816284, 0.5453343391418457, 1.5159443616867065, 0.4957588315010071, 0.4639127850532532, 2.4204821586608887, 0.5004495978355408, 0.6069676876068115, 2.8744101524353027, 1.7553828954696655, 1.670893669128418, 0.9917104244232178, 1.0918383598327637, 0.42864325642585754, 2.05668044090271, 2.9045727252960205, 1.5467561483383179, 1.1370259523391724, 1.4128881692886353, 1.893710732460022, 0.7179694175720215, 0.4091430902481079, 1.1633049249649048, 0.6485830545425415, 0.7271000146865845, 3.1484014987945557, 2.1719865798950195, 1.6731451749801636, 1.7666987180709839, 1.0021125078201294, 0.7585492134094238, 2.9938604831695557, 1.0734652280807495, 0.5162965655326843, 0.4126073718070984, 0.46466419100761414, 2.217817783355713, 0.5280349254608154, 0.40722885727882385, 1.9832900762557983, 0.44705483317375183, 1.8872331380844116, 0.7561354637145996, 0.9468398094177246, 2.170738458633423, 2.519651174545288, 1.9016324281692505, 0.4102036952972412, 0.43014857172966003, 1.762325644493103, 0.6109989285469055, 1.6710647344589233, 2.04862642288208, 1.0785959959030151, 0.4079881012439728, 0.4351600408554077, 0.7545204758644104, 1.0380874872207642, 1.1553897857666016, 2.323458671569824, 1.5325297117233276, 1.0032511949539185, 2.363422155380249, 1.418429970741272, 0.4613676965236664, 2.917782783508301, 1.536685824394226, 2.3544270992279053, 0.4570593535900116, 1.749640941619873, 0.467448890209198, 0.952070415019989, 0.6382579803466797, 0.5216121077537537, 2.209967851638794, 0.8731681108474731, 1.0740704536437988, 1.6595773696899414, 2.9338676929473877, 1.757920742034912, 0.74544358253479, 1.0369431972503662, 1.0657496452331543, 1.543576717376709, 2.419154167175293, 1.2846319675445557, 1.0504354238510132, 0.5875454545021057, 0.8185839653015137, 0.6809136867523193, 1.7371795177459717, 1.3481736183166504, 0.8998816013336182, 1.2223801612854004, 0.4248616099357605, 0.6552755832672119, 0.9307755827903748, 0.6344426870346069, 1.2743124961853027, 0.6798039078712463, 2.12039852142334, 0.992550790309906, 0.43424832820892334, 0.7188927531242371, 0.9720331430435181, 0.7824317812919617, 0.40811002254486084, 2.8680307865142822, 2.5167250633239746, 1.6166211366653442, 1.3537471294403076, 0.750643789768219, 0.45661744475364685, 0.4305974543094635, 4.106982231140137, 0.4077714681625366, 2.6234915256500244, 0.9954060316085815, 1.3748884201049805, 0.4686634838581085, 2.509140729904175, 0.5487130880355835, 3.498706340789795, 1.824437141418457, 1.3475744724273682, 0.5523225665092468, 1.122116208076477, 3.040947914123535, 1.795059323310852, 1.1913182735443115, 0.6063153147697449, 1.1594762802124023, 2.145004987716675, 0.5439875721931458, 0.4954881966114044, 1.513187289237976, 1.2287107706069946, 0.7648067474365234, 0.9874866008758545, 1.7289866209030151, 0.47944924235343933, 0.6271862983703613, 1.3775302171707153, 0.4160575568675995, 3.163881301879883, 0.5370666980743408, 0.8436738848686218, 0.40865927934646606, 0.46113017201423645, 0.4240867495536804, 1.4463216066360474, 1.7476730346679688, 2.4324941635131836, 2.4160163402557373, 0.48340466618537903, 1.1064276695251465, 0.447490930557251, 3.05659556388855, 0.7252119183540344, 1.2486894130706787, 1.0823215246200562, 1.4207077026367188, 0.8816131353378296, 2.3500804901123047, 1.1362935304641724, 1.3876734972000122, 1.9196982383728027, 0.4257374107837677, 1.768261432647705, 1.9809751510620117, 0.7817685604095459, 0.7402122616767883, 0.6380853652954102, 0.407247930765152, 1.1075739860534668, 0.6616084575653076, 0.9298818707466125, 3.4925835132598877, 0.9409306049346924, 0.40767592191696167, 0.6500685214996338, 0.5163268446922302, 0.7885330319404602, 1.3561007976531982, 0.4297914206981659, 0.6188589930534363, 1.6010444164276123, 0.5522592663764954, 2.525151491165161, 0.40782466530799866, 2.4382526874542236, 2.420069932937622, 1.8368067741394043, 0.45672816038131714, 0.427086740732193, 0.9441087245941162, 1.7089300155639648, 0.4232174754142761, 0.937268853187561, 0.7768282890319824, 2.3767359256744385, 0.5017483830451965, 2.330440044403076, 0.7094357013702393, 2.82265567779541, 0.6073485612869263, 0.8648970127105713, 1.4780081510543823, 2.2376575469970703, 1.0855427980422974, 0.5243552327156067, 0.6466439962387085, 1.469399094581604, 0.42921048402786255, 1.3296061754226685, 1.5602145195007324, 2.1853301525115967, 1.0751460790634155, 0.8522906303405762, 1.673019289970398, 1.783274531364441, 2.2385191917419434, 1.1662895679473877, 1.9852731227874756, 1.7893818616867065, 1.3166377544403076, 1.846260666847229, 0.9519773721694946, 0.41921284794807434, 0.5497837066650391, 2.2425222396850586, 1.4860957860946655, 1.52262544631958, 0.4473283886909485, 0.4356364905834198, 2.362196445465088, 3.7635555267333984, 1.030994176864624, 1.013907790184021, 0.6499492526054382, 2.2980153560638428, 2.4164998531341553, 2.024909019470215, 2.3282463550567627, 3.1945905685424805, 1.0241217613220215, 1.0463367700576782, 0.8861432075500488, 3.509145736694336, 0.4079302251338959, 0.4887300133705139, 1.7496074438095093, 1.0539506673812866, 2.598858118057251, 1.5555222034454346, 0.6211125254631042, 0.428780198097229, 1.7538577318191528, 0.6131932139396667, 0.6704165935516357, 0.5490071177482605, 1.7712271213531494, 2.155999183654785, 2.282238483428955, 1.4533908367156982, 0.4351448714733124, 0.46832275390625, 1.6235827207565308, 1.764661431312561, 0.7996513843536377, 2.3708338737487793, 0.7915077209472656, 1.3193124532699585, 3.4512314796447754, 0.7579683065414429, 2.0089192390441895, 2.892448663711548, 1.6747833490371704, 0.8067530989646912, 0.43914279341697693, 1.7874755859375, 0.46250325441360474, 0.5953139066696167, 0.6150926351547241, 1.930883526802063, 0.4555259644985199, 0.5102341771125793, 1.9342613220214844, 0.9406080842018127, 0.8745436072349548, 1.7285640239715576, 0.6923489570617676, 0.9041082262992859, 1.3316420316696167, 2.709188461303711]",0.0,"[0.0, 0.0, 0.0, 0.0, 0.0, 0.0, 0.0, 0.0, 0.0, 0.0, 0.0, 0.0, 0.0, 0.0, 0.0, 0.0, 0.0, 0.0, 0.0, 0.0, 0.0, 0.0, 0.0, 0.0, 0.0, 0.0, 0.0, 0.0, 0.0, 0.0, 0.0, 0.0, 0.0, 0.0, 0.0, 0.0, 0.0, 0.0, 0.0, 0.0, 0.0, 0.0, 0.0, 0.0, 0.0, 0.0, 0.0, 0.0, 0.0, 0.0, 0.0, 0.0, 0.0, 0.0, 0.0, 0.0, 0.0, 0.0, 0.0, 0.0, 0.0, 0.0, 0.0, 0.0, 0.0, 0.0, 0.0, 0.0, 0.0, 0.0, 0.0, 0.0, 0.0, 0.0, 0.0, 0.0, 0.0, 0.0, 0.0, 0.0, 0.0, 0.0, 0.0, 0.0, 0.0, 0.0, 0.0, 0.0, 0.0, 0.0, 0.0, 0.0, 0.0, 0.0, 0.0, 0.0, 0.0, 0.0, 0.0, 0.0, 0.0, 0.0, 0.0, 0.0, 0.0, 0.0, 0.0, 0.0, 0.0, 0.0, 0.0, 0.0, 0.0, 0.0, 0.0, 0.0, 0.0, 0.0, 0.0, 0.0, 0.0, 0.0, 0.0, 0.0, 0.0, 0.0, 0.0, 0.0, 0.0, 0.0, 0.0, 0.0, 0.0, 0.0, 0.0, 0.0, 0.0, 0.0, 0.0, 0.0, 0.0, 0.0, 0.0, 0.0, 0.0, 0.0, 0.0, 0.0, 0.0, 0.0, 0.0, 0.0, 0.0, 0.0, 0.0, 0.0, 0.0, 0.0, 0.0, 0.0, 0.0, 0.0, 0.0, 0.0, 0.0, 0.0, 0.0, 0.0, 0.0, 0.0, 0.0, 0.0, 0.0, 0.0, 0.0, 0.0, 0.0, 0.0, 0.0, 0.0, 0.0, 0.0, 0.0, 0.0, 0.0, 0.0, 0.0, 0.0, 0.0, 0.0, 0.0, 0.0, 0.0, 0.0, 0.0, 0.0, 0.0, 0.0, 0.0, 0.0, 0.0, 0.0, 0.0, 0.0, 0.0, 0.0, 0.0, 0.0, 0.0, 0.0, 0.0, 0.0, 0.0, 0.0, 0.0, 0.0, 0.0, 0.0, 0.0, 0.0, 0.0, 0.0, 0.0, 0.0, 0.0, 0.0, 0.0, 0.0, 0.0, 0.0, 0.0, 0.0, 0.0, 0.0, 0.0, 0.0, 0.0, 0.0, 0.0, 0.0, 0.0, 0.0, 0.0, 0.0, 0.0, 0.0, 0.0, 0.0, 0.0, 0.0, 0.0, 0.0, 0.0, 0.0, 0.0, 0.0, 0.0, 0.0, 0.0, 0.0, 0.0, 0.0, 0.0, 0.0, 0.0, 0.0, 0.0, 0.0, 0.0, 0.0, 0.0, 0.0, 0.0, 0.0, 0.0, 0.0, 0.0, 0.0, 0.0, 0.0, 0.0, 0.0, 0.0, 0.0, 0.0, 0.0, 0.0, 0.0, 0.0, 0.0, 0.0, 0.0, 0.0, 0.0, 0.0, 0.0, 0.0, 0.0, 0.0, 0.0, 0.0, 0.0, 0.0, 0.0, 0.0, 0.0, 0.0, 0.0, 0.0, 0.0, 0.0, 0.0, 0.0, 0.0, 0.0, 0.0, 0.0, 0.0, 0.0, 0.0, 0.0, 0.0, 0.0, 0.0, 0.0, 0.0, 0.0, 0.0, 0.0, 0.0, 0.0, 0.0, 0.0, 0.0, 0.0, 0.0, 0.0, 0.0, 0.0, 0.0, 0.0, 0.0, 0.0, 0.0, 0.0, 0.0, 0.0, 0.0, 0.0, 0.0, 0.0, 0.0, 0.0, 0.0, 0.0, 0.0, 0.0, 0.0, 0.0, 0.0, 0.0, 0.0, 0.0, 0.0, 0.0, 0.0, 0.0, 0.0, 0.0, 0.0, 0.0, 0.0, 0.0, 0.0, 0.0, 0.0, 0.0, 0.0, 0.0, 0.0, 0.0, 0.0, 0.0, 0.0, 0.0, 0.0, 0.0, 0.0, 0.0, 0.0, 0.0, 0.0, 0.0, 0.0, 0.0, 0.0, 0.0, 0.0, 0.0, 0.0, 0.0, 0.0, 0.0, 0.0, 0.0, 0.0, 0.0, 0.0, 0.0, 0.0, 0.0, 0.0, 0.0, 0.0, 0.0, 0.0, 0.0, 0.0, 0.0, 0.0, 0.0, 0.0, 0.0, 0.0, 0.0, 0.0, 0.0, 0.0, 0.0, 0.0, 0.0, 0.0, 0.0, 0.0, 0.0, 0.0, 0.0, 0.0, 0.0, 0.0, 0.0, 0.0, 0.0, 0.0, 0.0, 0.0, 0.0, 0.0, 0.0, 0.0, 0.0, 0.0, 0.0, 0.0, 0.0, 0.0, 0.0, 0.0, 0.0, 0.0, 0.0, 0.0, 0.0, 0.0, 0.0]",COMPLETE
