,number,value,datetime_start,datetime_complete,duration,params_batch_size_scaler,params_constant_learning_rate,params_depth,params_epochs,params_kernel_l2,params_num_trees,params_temperature,user_attrs_accuracy_test,user_attrs_accuracy_valid,user_attrs_approximate_feature_sparsity,user_attrs_approximate_feature_sparsity_history,user_attrs_approximate_weight_sparsity,user_attrs_approximate_weight_sparsity_history,user_attrs_auc_test,user_attrs_auc_valid,user_attrs_feature_sparsity,user_attrs_feature_sparsity_history,user_attrs_num_epochs,user_attrs_val_loss_history,user_attrs_weight_sparsity,user_attrs_weight_sparsity_history,state
79,79,0.7041774548827144,2024-08-31 03:48:10.493183,2024-08-31 03:51:01.285253,0 days 00:02:50.792070,64,0.022928906327405005,6,310,0.016459524875052055,26,0.03722935552294976,0.859,0.85875,33,"[33, 33, 33, 33, 33, 33, 33, 33, 33, 33, 33, 33, 33, 33, 33, 33, 33, 33, 33, 33, 33, 33, 33, 33, 33, 33, 33, 33, 33, 33, 33, 33, 33, 33, 33, 33, 33, 33, 33, 33, 33, 33, 33, 33, 33, 33, 33, 33, 33, 33, 33, 33, 33, 33, 33, 33, 33, 33, 33, 33, 33, 33, 33, 33, 33, 33, 33, 33, 33, 33, 33, 33, 33, 33, 33, 33, 33, 33, 33, 33, 33, 33, 33, 33, 33, 33, 33, 33, 33, 33, 33, 33, 33, 33, 33, 33, 33, 33, 33, 33, 33, 33, 33, 33, 33, 33, 33, 33, 33, 33, 33, 33, 33, 33, 33, 33, 33, 33, 33, 33, 33, 33, 33, 33, 33, 33, 33, 33, 33, 33, 33, 33, 33, 33, 33, 33, 33, 33, 33, 33, 33, 33, 33, 33, 33, 33, 33, 33, 33, 33, 33, 33, 33, 33, 33, 33, 33, 33, 33, 33, 33, 33, 33, 33, 33, 33, 33, 33, 33, 33, 33, 33, 33, 33, 33, 33, 33, 33, 33, 33, 33, 33, 33, 33, 33, 33, 33, 33, 33, 33, 33, 33, 33, 33, 33, 33, 33, 33, 33, 33, 33, 33, 33, 33, 33, 33, 33, 33, 33, 33, 33, 33, 33, 33, 33, 33, 33, 33, 33, 33, 33, 33, 33, 33, 33, 33, 33, 33, 33, 33, 33, 33, 33, 33, 33, 33, 33, 33, 33, 33, 33, 33, 33, 33, 33, 33, 33, 33, 33, 33, 33, 33, 33, 33, 33, 33, 33, 33, 33, 33, 33, 33, 33, 33, 33, 33, 33, 33, 33, 33, 33, 33, 33, 33, 33, 33, 33, 33, 33, 33, 33, 33, 33, 33, 33, 33, 33, 33, 33, 33, 33, 33, 33, 33, 33, 33, 33, 33, 33, 33, 33, 33, 33, 33, 33, 33, 33, 33, 33, 33]",32.931013431013426,"[32.94078144078144, 32.943833943833944, 32.94566544566545, 32.94261294261294, 32.93467643467643, 32.933455433455435, 32.934065934065934, 32.93650793650794, 32.93772893772894, 32.93467643467643, 32.93528693528694, 32.93833943833944, 32.93589743589744, 32.93833943833944, 32.93894993894994, 32.940170940170944, 32.94139194139194, 32.94200244200245, 32.94139194139194, 32.93956043956044, 32.937728937728934, 32.937728937728934, 32.937118437118436, 32.93894993894994, 32.94200244200245, 32.93589743589743, 32.93894993894994, 32.93833943833944, 32.94200244200244, 32.93894993894994, 32.943223443223445, 32.94139194139194, 32.94139194139194, 32.93894993894994, 32.93589743589744, 32.937728937728934, 32.940170940170944, 32.94200244200244, 32.94505494505494, 32.946886446886445, 32.946886446886445, 32.947496947496944, 32.94566544566544, 32.94444444444444, 32.943833943833944, 32.94566544566544, 32.943833943833944, 32.943833943833944, 32.943833943833944, 32.94505494505494, 32.94627594627595, 32.943833943833944, 32.943833943833944, 32.943833943833944, 32.943833943833944, 32.943223443223445, 32.94139194139194, 32.94200244200245, 32.940781440781436, 32.94261294261294, 32.94261294261294, 32.94078144078144, 32.943223443223445, 32.94200244200244, 32.94200244200244, 32.94261294261294, 32.94566544566544, 32.94505494505494, 32.94566544566545, 32.946886446886445, 32.94627594627595, 32.94566544566545, 32.94505494505494, 32.94505494505494, 32.943223443223445, 32.94444444444444, 32.94566544566545, 32.94627594627595, 32.94871794871795, 32.94688644688645, 32.943223443223445, 32.940170940170944, 32.940170940170944, 32.937118437118436, 32.93528693528693, 32.937728937728934, 32.937728937728934, 32.93650793650794, 32.93528693528694, 32.93711843711844, 32.933455433455435, 32.93528693528693, 32.93833943833944, 32.93833943833944, 32.93650793650794, 32.93528693528694, 32.93833943833944, 32.93833943833944, 32.93650793650794, 32.93650793650794, 32.93711843711844, 32.940170940170944, 32.943833943833944, 32.94139194139194, 32.94078144078144, 32.943833943833944, 32.94627594627595, 32.947496947496944, 32.94627594627595, 32.94505494505495, 32.94505494505495, 32.94566544566545, 32.946886446886445, 32.94505494505495, 32.94444444444444, 32.94261294261294, 32.94444444444444, 32.94444444444444, 32.946886446886445, 32.94566544566545, 32.94566544566545, 32.94566544566545, 32.943833943833944, 32.94505494505495, 32.94566544566545, 32.94566544566545, 32.94505494505495, 32.94200244200244, 32.94261294261294, 32.940170940170944, 32.94078144078144, 32.94139194139194, 32.94078144078144, 32.940170940170944, 32.94200244200244, 32.94200244200244, 32.94200244200244, 32.94078144078144, 32.94200244200244, 32.94139194139194, 32.93894993894994, 32.93894993894994, 32.940170940170944, 32.94139194139194, 32.940781440781436, 32.93894993894994, 32.94017094017094, 32.94078144078144, 32.94200244200245, 32.94139194139194, 32.94200244200245, 32.94139194139194, 32.93894993894994, 32.93833943833944, 32.94017094017094, 32.94200244200244, 32.94139194139194, 32.94139194139194, 32.94200244200244, 32.93956043956044, 32.94078144078144, 32.94261294261294, 32.943833943833944, 32.94261294261294, 32.94139194139194, 32.942612942612946, 32.943833943833944, 32.94139194139194, 32.94261294261294, 32.94078144078144, 32.93956043956044, 32.93772893772894, 32.93589743589744, 32.933455433455435, 32.93467643467643, 32.93162393162393, 32.92979242979243, 32.92918192918193, 32.93223443223444, 32.933455433455435, 32.933455433455435, 32.933455433455435, 32.93284493284493, 32.933455433455435, 32.93223443223444, 32.93223443223444, 32.93223443223444, 32.933455433455435, 32.934065934065934, 32.933455433455435, 32.933455433455435, 32.933455433455435, 32.93223443223444, 32.934065934065934, 32.93284493284493, 32.93467643467643, 32.93162393162393, 32.93162393162393, 32.93162393162393, 32.93162393162393, 32.93467643467643, 32.93162393162393, 32.93223443223444, 32.92979242979243, 32.92979242979243, 32.93284493284493, 32.934065934065934, 32.93223443223443, 32.93223443223443, 32.93101343101343, 32.93223443223444, 32.93162393162393, 32.93101343101343, 32.92979242979243, 32.92979242979243, 32.92979242979243, 32.93284493284493, 32.93101343101343, 32.93040293040293, 32.93223443223443, 32.93101343101343, 32.93223443223443, 32.93223443223443, 32.933455433455435, 32.93467643467643, 32.93223443223443, 32.93589743589744, 32.937728937728934, 32.93956043956044, 32.93833943833944, 32.937118437118436, 32.93589743589744, 32.933455433455435, 32.93284493284494, 32.93101343101343, 32.930402930402934, 32.930402930402934, 32.92918192918193, 32.927960927960925, 32.92673992673993, 32.927960927960925, 32.930402930402934, 32.92979242979243, 32.93162393162393, 32.933455433455435, 32.934065934065934, 32.93589743589743, 32.933455433455435, 32.930402930402934, 32.92918192918193, 32.931013431013426, 32.931013431013426, 32.92979242979243, 32.92979242979243, 32.92918192918193, 32.92979242979243, 32.93040293040293, 32.93223443223443, 32.93284493284493, 32.93284493284493, 32.93467643467643, 32.933455433455435, 32.934065934065934, 32.93284493284494, 32.93284493284494, 32.934065934065934, 32.93467643467643, 32.933455433455435, 32.93284493284494, 32.93162393162393, 32.93162393162393, 32.92979242979243, 32.92796092796093, 32.92796092796093, 32.92979242979243, 32.927960927960925, 32.927960927960925, 32.92918192918193, 32.93101343101343, 32.92918192918193, 32.92857142857143, 32.92490842490842, 32.923687423687426, 32.92490842490842, 32.92307692307692, 32.92551892551893, 32.92307692307693, 32.92307692307693, 32.92246642246642, 32.92307692307693, 32.924297924297925, 32.92307692307693, 32.923687423687426, 32.924297924297925, 32.924297924297925, 32.923687423687426, 32.924297924297925, 32.923687423687426, 32.92551892551893, 32.92673992673993, 32.92796092796093, 32.927350427350426, 32.92796092796093, 32.92918192918193, 32.93101343101343, 32.933455433455435, 32.933455433455435, 32.93284493284494, 32.930402930402934, 32.931013431013426]",0.7387362841502985,0.7041774548827144,33,"[33, 33, 33, 33, 33, 33, 33, 33, 33, 33, 33, 33, 33, 33, 33, 33, 33, 33, 33, 33, 33, 33, 33, 33, 33, 33, 33, 33, 33, 33, 33, 33, 33, 33, 33, 33, 33, 33, 33, 33, 33, 33, 33, 33, 33, 33, 33, 33, 33, 33, 33, 33, 33, 33, 33, 33, 33, 33, 33, 33, 33, 33, 33, 33, 33, 33, 33, 33, 33, 33, 33, 33, 33, 33, 33, 33, 33, 33, 33, 33, 33, 33, 33, 33, 33, 33, 33, 33, 33, 33, 33, 33, 33, 33, 33, 33, 33, 33, 33, 33, 33, 33, 33, 33, 33, 33, 33, 33, 33, 33, 33, 33, 33, 33, 33, 33, 33, 33, 33, 33, 33, 33, 33, 33, 33, 33, 33, 33, 33, 33, 33, 33, 33, 33, 33, 33, 33, 33, 33, 33, 33, 33, 33, 33, 33, 33, 33, 33, 33, 33, 33, 33, 33, 33, 33, 33, 33, 33, 33, 33, 33, 33, 33, 33, 33, 33, 33, 33, 33, 33, 33, 33, 33, 33, 33, 33, 33, 33, 33, 33, 33, 33, 33, 33, 33, 33, 33, 33, 33, 33, 33, 33, 33, 33, 33, 33, 33, 33, 33, 33, 33, 33, 33, 33, 33, 33, 33, 33, 33, 33, 33, 33, 33, 33, 33, 33, 33, 33, 33, 33, 33, 33, 33, 33, 33, 33, 33, 33, 33, 33, 33, 33, 33, 33, 33, 33, 33, 33, 33, 33, 33, 33, 33, 33, 33, 33, 33, 33, 33, 33, 33, 33, 33, 33, 33, 33, 33, 33, 33, 33, 33, 33, 33, 33, 33, 33, 33, 33, 33, 33, 33, 33, 33, 33, 33, 33, 33, 33, 33, 33, 33, 33, 33, 33, 33, 33, 33, 33, 33, 33, 33, 33, 33, 33, 33, 33, 33, 33, 33, 33, 33, 33, 33, 33, 33, 33, 33, 33, 33, 33]",310,"[0.750345766544342, 0.7351304888725281, 0.720446765422821, 0.7062458992004395, 0.6928962469100952, 0.6802935004234314, 0.6681271195411682, 0.6568915843963623, 0.645804226398468, 0.6356232166290283, 0.6259031891822815, 0.6164250373840332, 0.607401967048645, 0.5987612009048462, 0.5906338095664978, 0.5829086303710938, 0.5752726197242737, 0.5679010152816772, 0.5610072612762451, 0.554583728313446, 0.5483692288398743, 0.5426080822944641, 0.5371171832084656, 0.531847357749939, 0.5268414616584778, 0.5220107436180115, 0.5171806812286377, 0.5125307440757751, 0.5083725452423096, 0.5042654275894165, 0.5001667141914368, 0.4963747262954712, 0.49278080463409424, 0.489251047372818, 0.4858260750770569, 0.48278486728668213, 0.47986939549446106, 0.4770905673503876, 0.4742775857448578, 0.4716170132160187, 0.4690451920032501, 0.46652984619140625, 0.46420326828956604, 0.46173039078712463, 0.4595872163772583, 0.45738765597343445, 0.45522311329841614, 0.4532667398452759, 0.45133382081985474, 0.4495544135570526, 0.4477177858352661, 0.4460049569606781, 0.44443511962890625, 0.44284093379974365, 0.4412676692008972, 0.4398544430732727, 0.438384085893631, 0.43704405426979065, 0.435581773519516, 0.4341789186000824, 0.43290722370147705, 0.4316140115261078, 0.4304753839969635, 0.42942824959754944, 0.4283280074596405, 0.4272494614124298, 0.4262164235115051, 0.42532864212989807, 0.42449668049812317, 0.42363253235816956, 0.4227082133293152, 0.42170289158821106, 0.42093953490257263, 0.4201034605503082, 0.41933050751686096, 0.41853928565979004, 0.41782915592193604, 0.41718316078186035, 0.4164099097251892, 0.41589823365211487, 0.4152006208896637, 0.41449904441833496, 0.41380321979522705, 0.4131394624710083, 0.4126105010509491, 0.4119837284088135, 0.4114098846912384, 0.4108905792236328, 0.4104163348674774, 0.40983182191848755, 0.4092768132686615, 0.4088893234729767, 0.40835118293762207, 0.4078797996044159, 0.40732741355895996, 0.40683451294898987, 0.4063986837863922, 0.40595853328704834, 0.40550312399864197, 0.405144602060318, 0.40476059913635254, 0.40431395173072815, 0.4039713740348816, 0.4035905599594116, 0.4032226800918579, 0.4028242528438568, 0.40249520540237427, 0.4021564722061157, 0.4018476903438568, 0.4015452563762665, 0.40120190382003784, 0.4009077847003937, 0.4006201922893524, 0.4002998471260071, 0.4000086486339569, 0.39973077178001404, 0.39946964383125305, 0.3992077112197876, 0.398964524269104, 0.3987095355987549, 0.39845919609069824, 0.3982454538345337, 0.3980262279510498, 0.39782410860061646, 0.3976205587387085, 0.39742743968963623, 0.3972119092941284, 0.39698731899261475, 0.39677608013153076, 0.3965531289577484, 0.39634695649147034, 0.396148681640625, 0.39594414830207825, 0.39574381709098816, 0.395537406206131, 0.3953634202480316, 0.395174115896225, 0.3949979841709137, 0.3948080539703369, 0.3946395218372345, 0.3944229781627655, 0.3942538797855377, 0.39410296082496643, 0.39392516016960144, 0.39377957582473755, 0.3936154246330261, 0.3934573829174042, 0.39330995082855225, 0.39314186573028564, 0.393014520406723, 0.3928631842136383, 0.3927152752876282, 0.3925834000110626, 0.3924284875392914, 0.39230644702911377, 0.3921726644039154, 0.3920251429080963, 0.3919447958469391, 0.3918072581291199, 0.39167991280555725, 0.39154478907585144, 0.39142829179763794, 0.39133116602897644, 0.391205370426178, 0.3910885155200958, 0.3910008370876312, 0.39088189601898193, 0.39076563715934753, 0.3906581401824951, 0.3905472457408905, 0.3904297351837158, 0.3903181850910187, 0.39024293422698975, 0.3901480436325073, 0.3900739252567291, 0.3899787664413452, 0.3898686170578003, 0.3897455930709839, 0.38963422179222107, 0.3895162343978882, 0.38940444588661194, 0.389309287071228, 0.38919785618782043, 0.3891046643257141, 0.38899391889572144, 0.38891974091529846, 0.38882482051849365, 0.38871729373931885, 0.38862115144729614, 0.3885134756565094, 0.38842564821243286, 0.3883155584335327, 0.38823196291923523, 0.38814017176628113, 0.3880635201931, 0.3879745900630951, 0.38788050413131714, 0.38776710629463196, 0.387673556804657, 0.3875933885574341, 0.38752907514572144, 0.38743799924850464, 0.38734322786331177, 0.3872726559638977, 0.3871968388557434, 0.38711270689964294, 0.3870343267917633, 0.38694602251052856, 0.38687410950660706, 0.3867856562137604, 0.3867199718952179, 0.3866308331489563, 0.3865482211112976, 0.38649165630340576, 0.3864268362522125, 0.38634800910949707, 0.38627469539642334, 0.38618573546409607, 0.3861267864704132, 0.386073499917984, 0.3860153555870056, 0.3859385550022125, 0.3858642876148224, 0.3857896029949188, 0.385707288980484, 0.385629802942276, 0.38556116819381714, 0.3854999840259552, 0.3854241967201233, 0.3853529691696167, 0.3852873742580414, 0.3852054178714752, 0.38516223430633545, 0.38510650396347046, 0.38504475355148315, 0.38497596979141235, 0.3849019706249237, 0.38484078645706177, 0.38479602336883545, 0.38473623991012573, 0.38465645909309387, 0.3845999836921692, 0.3845369219779968, 0.3844681978225708, 0.38438814878463745, 0.3843134045600891, 0.38424283266067505, 0.3841720223426819, 0.38411062955856323, 0.3840368986129761, 0.38398075103759766, 0.3839223384857178, 0.3838587999343872, 0.3837916851043701, 0.38372379541397095, 0.38366007804870605, 0.3836042284965515, 0.38354259729385376, 0.3834715783596039, 0.3834082782268524, 0.38334453105926514, 0.38328292965888977, 0.3832237720489502, 0.3831746578216553, 0.3831120431423187, 0.3830640912055969, 0.3830123841762543, 0.3829430639743805, 0.38288208842277527, 0.382824182510376, 0.38277390599250793, 0.38271868228912354, 0.3826533555984497, 0.3825865685939789, 0.3825291693210602, 0.38246527314186096, 0.38241350650787354, 0.3823589086532593, 0.3823031485080719, 0.3822563588619232, 0.3822062611579895, 0.3821662664413452, 0.38210681080818176, 0.3820687532424927, 0.38200899958610535, 0.3819435238838196, 0.38190075755119324, 0.3818536102771759, 0.3818046450614929, 0.38175496459007263, 0.38170182704925537, 0.3816525638103485, 0.3815997838973999, 0.38155022263526917, 0.3815006911754608, 0.38145172595977783, 0.3814047574996948, 0.3813546895980835, 0.3813064694404602, 0.38126304745674133, 0.38121336698532104, 0.38115185499191284, 0.38110464811325073, 0.38104552030563354, 0.38100093603134155, 0.38095319271087646, 0.380900502204895, 0.3808528482913971, 0.38080817461013794, 0.3807733654975891]",33.0,"[33.0, 33.0, 33.0, 33.0, 33.0, 33.0, 33.0, 33.0, 33.0, 33.0, 33.0, 33.0, 33.0, 33.0, 33.0, 33.0, 33.0, 33.0, 33.0, 33.0, 33.0, 33.0, 33.0, 33.0, 33.0, 33.0, 33.0, 33.0, 33.0, 33.0, 33.0, 33.0, 33.0, 33.0, 33.0, 33.0, 33.0, 33.0, 33.0, 33.0, 33.0, 33.0, 33.0, 33.0, 33.0, 33.0, 33.0, 33.0, 33.0, 33.0, 33.0, 33.0, 33.0, 33.0, 33.0, 33.0, 33.0, 33.0, 33.0, 33.0, 33.0, 33.0, 33.0, 33.0, 33.0, 33.0, 33.0, 33.0, 33.0, 33.0, 33.0, 33.0, 33.0, 33.0, 33.0, 33.0, 33.0, 33.0, 33.0, 33.0, 33.0, 33.0, 33.0, 33.0, 33.0, 33.0, 33.0, 33.0, 33.0, 33.0, 33.0, 33.0, 33.0, 33.0, 33.0, 33.0, 33.0, 33.0, 33.0, 33.0, 33.0, 33.0, 33.0, 33.0, 33.0, 33.0, 33.0, 33.0, 33.0, 33.0, 33.0, 33.0, 33.0, 33.0, 33.0, 33.0, 33.0, 33.0, 33.0, 33.0, 33.0, 33.0, 33.0, 33.0, 33.0, 33.0, 33.0, 33.0, 33.0, 33.0, 33.0, 33.0, 33.0, 33.0, 33.0, 33.0, 33.0, 33.0, 33.0, 33.0, 33.0, 33.0, 33.0, 33.0, 33.0, 33.0, 33.0, 33.0, 33.0, 33.0, 33.0, 33.0, 33.0, 33.0, 33.0, 33.0, 33.0, 33.0, 33.0, 33.0, 33.0, 33.0, 33.0, 33.0, 33.0, 33.0, 33.0, 33.0, 33.0, 33.0, 33.0, 33.0, 33.0, 33.0, 33.0, 33.0, 33.0, 33.0, 33.0, 33.0, 33.0, 33.0, 33.0, 33.0, 33.0, 33.0, 33.0, 33.0, 33.0, 33.0, 33.0, 33.0, 33.0, 33.0, 33.0, 33.0, 33.0, 33.0, 33.0, 33.0, 33.0, 33.0, 33.0, 33.0, 33.0, 33.0, 33.0, 33.0, 33.0, 33.0, 33.0, 33.0, 33.0, 33.0, 33.0, 33.0, 33.0, 33.0, 33.0, 33.0, 33.0, 33.0, 33.0, 33.0, 33.0, 33.0, 33.0, 33.0, 33.0, 33.0, 33.0, 33.0, 33.0, 33.0, 33.0, 33.0, 33.0, 33.0, 33.0, 33.0, 33.0, 33.0, 33.0, 33.0, 33.0, 33.0, 33.0, 33.0, 33.0, 33.0, 33.0, 33.0, 33.0, 33.0, 33.0, 33.0, 33.0, 33.0, 33.0, 33.0, 33.0, 33.0, 33.0, 33.0, 33.0, 33.0, 33.0, 33.0, 33.0, 33.0, 33.0, 33.0, 33.0, 33.0, 33.0, 33.0, 33.0, 33.0, 33.0, 33.0, 33.0, 33.0, 33.0, 33.0, 33.0, 33.0, 33.0, 33.0, 33.0, 33.0, 33.0, 33.0, 33.0, 33.0, 33.0, 33.0, 33.0, 33.0, 33.0, 33.0, 33.0, 33.0, 33.0, 33.0, 33.0, 33.0, 33.0, 33.0, 33.0, 33.0]",COMPLETE
