,number,value,datetime_start,datetime_complete,duration,params_batch_size_scaler,params_constant_learning_rate,params_depth,params_epochs,params_kernel_l2,params_num_trees,params_temperature,user_attrs_accuracy_test,user_attrs_accuracy_valid,user_attrs_approximate_feature_sparsity,user_attrs_approximate_feature_sparsity_history,user_attrs_approximate_weight_sparsity,user_attrs_approximate_weight_sparsity_history,user_attrs_auc_test,user_attrs_auc_valid,user_attrs_feature_sparsity,user_attrs_feature_sparsity_history,user_attrs_num_epochs,user_attrs_val_loss_history,user_attrs_weight_sparsity,user_attrs_weight_sparsity_history,state
144,144,0.8490551454960003,2024-08-31 07:26:49.947037,2024-08-31 07:27:20.035965,0 days 00:00:30.088928,64,0.12448863079753408,3,320,0.5168369568968886,43,0.00010285137478787819,0.88,0.8825,33,"[33, 33, 33, 33, 33, 33, 33, 33, 33, 33, 33, 33, 33, 33, 33, 33, 33, 33, 33, 33, 33, 33, 33, 33, 33, 33, 33, 33, 33, 33, 33, 33, 33, 33, 33, 33, 33, 33, 33, 33, 33, 33, 33, 33, 33, 33, 33, 33, 33, 33, 33, 33, 33, 33, 33, 33, 33, 33, 33, 33, 33, 33, 33, 33, 33, 33, 33, 33, 33, 33, 33, 33, 33, 33, 33, 33, 33, 33, 33, 33, 33, 33, 33, 33, 33, 33, 33, 33, 33, 33, 33, 33, 33, 33, 33, 33, 33, 33, 33, 33, 33, 33, 33, 33, 33, 33, 33, 33, 33, 33, 33, 33, 33, 33, 33, 33, 33, 33, 33, 33, 33, 33, 33, 33, 33, 33, 33, 33, 33, 33, 33, 33, 33, 33, 33, 33, 33, 33, 33, 33, 33, 33, 33, 33, 33, 33, 33, 33, 33, 33, 33, 33, 33, 33, 33, 33, 33, 33, 33, 33, 33, 33, 33, 33, 33, 33, 33, 33, 33, 33, 33, 33, 33, 33, 33, 33, 33, 33, 33, 33, 33, 33, 33, 33, 33, 33, 33, 33, 33, 33, 33, 33, 33, 33, 33, 33, 33, 33, 33, 33, 33, 33, 33, 33, 33, 33, 33, 33, 33, 33, 33, 33, 33, 33, 33, 33, 33, 33, 33, 33, 33, 33, 33, 33, 33, 33, 33, 33, 33, 33, 33, 33, 33, 33, 33, 33, 33, 33, 33, 33, 33, 33, 33, 33, 33, 33, 33, 33, 33, 33, 33, 33, 33, 33, 33, 33, 33, 33, 33, 33, 33, 33, 33, 33, 33, 33, 33, 33, 33, 33, 33, 33, 33, 33, 33, 33, 33, 33, 33, 33, 33, 33, 33, 33, 33, 33, 33, 33, 33, 33, 33, 33, 33, 33, 33, 33, 33, 33, 33, 33, 33, 33, 33, 33, 33, 33, 33, 33, 33, 33, 33, 33, 33, 33, 33, 33, 33, 33, 33, 33]",32.96345514950166,"[32.966777408637874, 32.966777408637874, 32.96677740863787, 32.98338870431894, 32.9734219269103, 32.970099667774086, 32.970099667774086, 32.970099667774086, 32.98006644518272, 32.98006644518272, 32.97674418604651, 32.97674418604651, 32.9734219269103, 32.98338870431893, 32.9734219269103, 32.98006644518272, 32.98006644518272, 32.98338870431893, 32.970099667774086, 32.9734219269103, 32.98006644518272, 32.97674418604651, 32.970099667774086, 32.97674418604651, 32.97674418604651, 32.970099667774086, 32.96013289036545, 32.95681063122923, 32.966777408637874, 32.95348837209302, 32.970099667774086, 32.95681063122923, 32.96013289036544, 32.95681063122923, 32.95016611295681, 32.95016611295681, 32.946843853820596, 32.95016611295681, 32.96345514950166, 32.946843853820596, 32.95348837209302, 32.95681063122923, 32.966777408637874, 32.98006644518272, 32.9734219269103, 32.96677740863787, 32.9734219269103, 32.9734219269103, 32.98006644518272, 32.966777408637874, 32.98006644518272, 32.96013289036544, 32.966777408637874, 32.95348837209302, 32.95016611295681, 32.966777408637874, 32.96345514950166, 32.96345514950166, 32.970099667774086, 32.96013289036545, 32.97674418604651, 32.97674418604651, 32.966777408637874, 32.98006644518273, 32.9734219269103, 32.96345514950166, 32.963455149501655, 32.946843853820596, 32.95681063122923, 32.96345514950166, 32.970099667774086, 32.96013289036544, 32.966777408637874, 32.966777408637874, 32.96013289036545, 32.970099667774086, 32.970099667774086, 32.970099667774086, 32.970099667774086, 32.97674418604651, 32.966777408637874, 32.95016611295681, 32.95016611295681, 32.96013289036545, 32.95348837209302, 32.96013289036545, 32.966777408637874, 32.95016611295681, 32.963455149501655, 32.96013289036544, 32.96677740863787, 32.96345514950166, 32.97674418604651, 32.96345514950166, 32.9734219269103, 32.9734219269103, 32.970099667774086, 32.966777408637874, 32.970099667774086, 32.97674418604651, 32.970099667774086, 32.98006644518272, 32.9734219269103, 32.966777408637874, 32.966777408637874, 32.96345514950166, 32.970099667774086, 32.9734219269103, 32.96345514950166, 32.963455149501655, 32.966777408637874, 32.9734219269103, 32.96345514950166, 32.95681063122923, 32.96677740863787, 32.970099667774086, 32.9734219269103, 32.98006644518272, 32.97674418604651, 32.97674418604651, 32.97674418604651, 32.9734219269103, 32.9734219269103, 32.9734219269103, 32.96013289036544, 32.95681063122923, 32.970099667774086, 32.97674418604651, 32.98006644518272, 32.98671096345515, 32.98006644518272, 32.98338870431893, 32.98006644518272, 32.98671096345515, 32.990033222591364, 32.98338870431893, 32.98338870431893, 32.97674418604651, 32.98006644518272, 32.97674418604651, 32.98006644518272, 32.98671096345515, 32.98671096345515, 32.98006644518272, 32.98671096345515, 32.970099667774086, 32.97674418604651, 32.9734219269103, 32.966777408637874, 32.98006644518272, 32.98006644518272, 32.970099667774086, 32.9734219269103, 32.97674418604651, 32.970099667774086, 32.97674418604651, 32.970099667774086, 32.97674418604651, 32.9734219269103, 32.970099667774086, 32.95681063122923, 32.95681063122923, 32.97674418604651, 32.98006644518272, 32.9734219269103, 32.966777408637874, 32.9734219269103, 32.966777408637874, 32.98338870431894, 32.966777408637874, 32.966777408637874, 32.966777408637874, 32.95016611295681, 32.966777408637874, 32.966777408637874, 32.966777408637874, 32.96345514950166, 32.963455149501655, 32.970099667774086, 32.96345514950166, 32.96677740863787, 32.95681063122923, 32.970099667774086, 32.963455149501655, 32.97674418604651, 32.9734219269103, 32.98338870431894, 32.98671096345515, 32.98006644518273, 32.98006644518272, 32.9734219269103, 32.966777408637874, 32.970099667774086, 32.970099667774086, 32.966777408637874, 32.95681063122924, 32.970099667774086, 32.96345514950166, 32.970099667774086, 32.95681063122923, 32.966777408637874, 32.96345514950166, 32.96013289036545, 32.9734219269103, 32.970099667774086, 32.96345514950166, 32.963455149501655, 32.97674418604651, 32.97674418604651, 32.9734219269103, 32.97674418604651, 32.970099667774086, 32.970099667774086, 32.98006644518272, 32.98006644518273, 32.9734219269103, 32.9734219269103, 32.98671096345515, 32.970099667774086, 32.966777408637874, 32.98006644518272, 32.98338870431893, 32.97674418604651, 32.970099667774086, 32.96013289036544, 32.98006644518272, 32.96345514950166, 32.96013289036544, 32.970099667774086, 32.970099667774086, 32.96013289036544, 32.96013289036545, 32.96345514950166, 32.943521594684384, 32.95016611295681, 32.966777408637874, 32.95681063122923, 32.97674418604651, 32.9734219269103, 32.97674418604651, 32.9734219269103, 32.97674418604651, 32.96677740863787, 32.97674418604651, 32.9734219269103, 32.96013289036544, 32.95348837209303, 32.95681063122923, 32.96345514950166, 32.98006644518272, 32.97674418604651, 32.970099667774086, 32.963455149501655, 32.97674418604651, 32.96345514950166, 32.97674418604651, 32.9734219269103, 32.966777408637874, 32.95348837209302, 32.95348837209302, 32.95016611295681, 32.966777408637874, 32.97674418604651, 32.970099667774086, 32.96013289036544, 32.95348837209302, 32.970099667774086, 32.970099667774086, 32.96345514950166, 32.95681063122923, 32.95681063122923, 32.95681063122923, 32.95681063122923, 32.946843853820596, 32.96345514950166, 32.96013289036544, 32.95348837209302, 32.95348837209302, 32.95016611295681, 32.946843853820596, 32.943521594684384, 32.95348837209302, 32.95348837209302, 32.96013289036544, 32.96013289036544, 32.96345514950166, 32.966777408637874, 32.96013289036544, 32.96013289036545, 32.963455149501655, 32.95016611295681, 32.95681063122923, 32.96677740863787, 32.9734219269103, 32.95681063122923, 32.94019933554817, 32.970099667774086, 32.9734219269103, 32.966777408637874, 32.98006644518272, 32.966777408637874, 32.96013289036544, 32.946843853820596, 32.95016611295681, 32.95348837209302, 32.95681063122923, 32.95681063122923, 32.9734219269103, 32.970099667774086, 32.96013289036544, 32.95348837209302, 32.970099667774086, 32.966777408637874, 32.96013289036544, 32.966777408637874, 32.96345514950166, 32.96013289036545, 32.96345514950166, 32.96345514950166, 32.96345514950166]",0.8498501473757215,0.8490551454960003,33,"[33, 33, 33, 33, 33, 33, 33, 33, 33, 33, 33, 33, 33, 33, 33, 33, 33, 33, 33, 33, 33, 33, 33, 33, 33, 33, 33, 33, 33, 33, 33, 33, 33, 33, 33, 33, 33, 33, 33, 33, 33, 33, 33, 33, 33, 33, 33, 33, 33, 33, 33, 33, 33, 33, 33, 33, 33, 33, 33, 33, 33, 33, 33, 33, 33, 33, 33, 33, 33, 33, 33, 33, 33, 33, 33, 33, 33, 33, 33, 33, 33, 33, 33, 33, 33, 33, 33, 33, 33, 33, 33, 33, 33, 33, 33, 33, 33, 33, 33, 33, 33, 33, 33, 33, 33, 33, 33, 33, 33, 33, 33, 33, 33, 33, 33, 33, 33, 33, 33, 33, 33, 33, 33, 33, 33, 33, 33, 33, 33, 33, 33, 33, 33, 33, 33, 33, 33, 33, 33, 33, 33, 33, 33, 33, 33, 33, 33, 33, 33, 33, 33, 33, 33, 33, 33, 33, 33, 33, 33, 33, 33, 33, 33, 33, 33, 33, 33, 33, 33, 33, 33, 33, 33, 33, 33, 33, 33, 33, 33, 33, 33, 33, 33, 33, 33, 33, 33, 33, 33, 33, 33, 33, 33, 33, 33, 33, 33, 33, 33, 33, 33, 33, 33, 33, 33, 33, 33, 33, 33, 33, 33, 33, 33, 33, 33, 33, 33, 33, 33, 33, 33, 33, 33, 33, 33, 33, 33, 33, 33, 33, 33, 33, 33, 33, 33, 33, 33, 33, 33, 33, 33, 33, 33, 33, 33, 33, 33, 33, 33, 33, 33, 33, 33, 33, 33, 33, 33, 33, 33, 33, 33, 33, 33, 33, 33, 33, 33, 33, 33, 33, 33, 33, 33, 33, 33, 33, 33, 33, 33, 33, 33, 33, 33, 33, 33, 33, 33, 33, 33, 33, 33, 33, 33, 33, 33, 33, 33, 33, 33, 33, 33, 33, 33, 33, 33, 33, 33, 33, 33, 33, 33, 33, 33, 33, 33, 33, 33, 33, 33, 33]",320,"[0.5166069269180298, 0.509087324142456, 0.5048075318336487, 0.5016013383865356, 0.49879348278045654, 0.4961478114128113, 0.49396008253097534, 0.4921513795852661, 0.49005934596061707, 0.4880480468273163, 0.4865526258945465, 0.48474839329719543, 0.48307788372039795, 0.481632262468338, 0.4800880551338196, 0.4788663983345032, 0.477364182472229, 0.47630491852760315, 0.4752391576766968, 0.4737135171890259, 0.4728274643421173, 0.4717109799385071, 0.47038450837135315, 0.4694763422012329, 0.4688025414943695, 0.46756577491760254, 0.4665297269821167, 0.4668119549751282, 0.46503692865371704, 0.46518921852111816, 0.46361204981803894, 0.4628501236438751, 0.4626554548740387, 0.4616685211658478, 0.4609278440475464, 0.46037542819976807, 0.46000537276268005, 0.45999231934547424, 0.4582999348640442, 0.4573664367198944, 0.45658862590789795, 0.4561668038368225, 0.4556676745414734, 0.4550643265247345, 0.4545021057128906, 0.4538382291793823, 0.4530952572822571, 0.45252227783203125, 0.45199841260910034, 0.45149534940719604, 0.45097416639328003, 0.4503825902938843, 0.44965630769729614, 0.4491748809814453, 0.44865939021110535, 0.4481857717037201, 0.4479091167449951, 0.44723132252693176, 0.44663605093955994, 0.44593560695648193, 0.4454544186592102, 0.4448908567428589, 0.44437554478645325, 0.44364941120147705, 0.4433397650718689, 0.44276654720306396, 0.4419593811035156, 0.44135764241218567, 0.4410308599472046, 0.44027718901634216, 0.4403303563594818, 0.4393617510795593, 0.4385324716567993, 0.438212513923645, 0.43767303228378296, 0.43737179040908813, 0.4368608891963959, 0.4363013803958893, 0.43633773922920227, 0.43589887022972107, 0.43540123105049133, 0.4349115788936615, 0.43445858359336853, 0.434034526348114, 0.4338967204093933, 0.4332228899002075, 0.4326920211315155, 0.4322405755519867, 0.4319101572036743, 0.4313123822212219, 0.43077731132507324, 0.4303090572357178, 0.43000727891921997, 0.4293327331542969, 0.42923659086227417, 0.4288006126880646, 0.42805182933807373, 0.4277176260948181, 0.42712295055389404, 0.4263666272163391, 0.4261554777622223, 0.42587733268737793, 0.42531004548072815, 0.4252811670303345, 0.42496609687805176, 0.42427653074264526, 0.4240620732307434, 0.4233922064304352, 0.4229397475719452, 0.4226403534412384, 0.4220348596572876, 0.4216102659702301, 0.42096424102783203, 0.42066869139671326, 0.4200700521469116, 0.4197995066642761, 0.41931837797164917, 0.41902005672454834, 0.41846737265586853, 0.41797491908073425, 0.417622447013855, 0.4170719385147095, 0.41652166843414307, 0.4158838391304016, 0.41579073667526245, 0.4157375991344452, 0.41501280665397644, 0.4151501953601837, 0.4150751233100891, 0.41461268067359924, 0.41348883509635925, 0.41417649388313293, 0.41340306401252747, 0.41270387172698975, 0.4118006229400635, 0.4114004969596863, 0.4108920395374298, 0.41073113679885864, 0.41019347310066223, 0.4095962941646576, 0.4092952609062195, 0.40889880061149597, 0.4091203808784485, 0.4089515805244446, 0.4080318212509155, 0.4074122905731201, 0.4073852300643921, 0.40727698802948, 0.40615901350975037, 0.40588968992233276, 0.40563634037971497, 0.404873251914978, 0.404432475566864, 0.40426498651504517, 0.4038223922252655, 0.4031856060028076, 0.4028654098510742, 0.4023585915565491, 0.40212294459342957, 0.40163812041282654, 0.4015756845474243, 0.401184618473053, 0.4008757472038269, 0.4008447229862213, 0.4014613628387451, 0.40021634101867676, 0.39987581968307495, 0.3988513648509979, 0.39848095178604126, 0.3979596793651581, 0.3975452184677124, 0.3968573808670044, 0.39629027247428894, 0.3960106372833252, 0.3957318961620331, 0.39572811126708984, 0.39533865451812744, 0.39484795928001404, 0.3943805694580078, 0.39421185851097107, 0.39381903409957886, 0.3935217559337616, 0.39335376024246216, 0.39379653334617615, 0.392648845911026, 0.3922511041164398, 0.3920692205429077, 0.3922250270843506, 0.39193809032440186, 0.3910714089870453, 0.39107826352119446, 0.390615314245224, 0.3901570439338684, 0.38967055082321167, 0.3896034359931946, 0.38915175199508667, 0.38865894079208374, 0.3886520266532898, 0.38792696595191956, 0.38772326707839966, 0.38723742961883545, 0.38711559772491455, 0.38682472705841064, 0.3861645460128784, 0.38563477993011475, 0.38518786430358887, 0.3846237063407898, 0.3847465217113495, 0.3837222158908844, 0.3834189474582672, 0.3830627501010895, 0.3827829360961914, 0.38239410519599915, 0.38214612007141113, 0.3818596303462982, 0.38167181611061096, 0.38121888041496277, 0.38100212812423706, 0.3806067705154419, 0.38079071044921875, 0.3806583285331726, 0.38017380237579346, 0.37987032532691956, 0.3790661096572876, 0.37841758131980896, 0.3780912160873413, 0.377775639295578, 0.3772938847541809, 0.37683936953544617, 0.37644821405410767, 0.3762696385383606, 0.3760036826133728, 0.3757149577140808, 0.3752827048301697, 0.3747464418411255, 0.37441977858543396, 0.37408336997032166, 0.37386104464530945, 0.3735954165458679, 0.37355077266693115, 0.3726930320262909, 0.37232205271720886, 0.3720414638519287, 0.37156355381011963, 0.371236115694046, 0.37061363458633423, 0.370352178812027, 0.3702050745487213, 0.37007445096969604, 0.3700025677680969, 0.3691350817680359, 0.3688933551311493, 0.36857253313064575, 0.3679562509059906, 0.3678058385848999, 0.3675687909126282, 0.3679402470588684, 0.3670472800731659, 0.36633023619651794, 0.3657602071762085, 0.3655450940132141, 0.36618945002555847, 0.36516907811164856, 0.3654269874095917, 0.3649614453315735, 0.36445778608322144, 0.36428165435791016, 0.36339065432548523, 0.3631337285041809, 0.36284586787223816, 0.3625090718269348, 0.3621083199977875, 0.3617625832557678, 0.3612889349460602, 0.36155444383621216, 0.3604435324668884, 0.3601515591144562, 0.3601807653903961, 0.35954520106315613, 0.35921671986579895, 0.35897499322891235, 0.3585141897201538, 0.35821032524108887, 0.3578106164932251, 0.35780730843544006, 0.35794681310653687, 0.3577526807785034, 0.35701751708984375, 0.3567260503768921, 0.3564567267894745, 0.3561031222343445, 0.35578036308288574, 0.35584384202957153, 0.35548877716064453, 0.3545217216014862, 0.3543192148208618, 0.35408103466033936, 0.35416939854621887, 0.3537417948246002, 0.353432834148407, 0.3535548150539398, 0.3544612526893616, 0.3531554043292999, 0.35218992829322815, 0.35150960087776184, 0.3512577414512634, 0.3509425222873688, 0.3503391146659851, 0.34999293088912964, 0.34976786375045776, 0.3494320809841156, 0.349115788936615, 0.34882137179374695, 0.3483787178993225, 0.3481854498386383, 0.34772056341171265, 0.34727123379707336, 0.3470660150051117, 0.3468991219997406, 0.34678953886032104]",33.0,"[33.0, 33.0, 33.0, 33.0, 33.0, 33.0, 33.0, 33.0, 33.0, 33.0, 33.0, 33.0, 33.0, 33.0, 33.0, 33.0, 33.0, 33.0, 33.0, 33.0, 33.0, 33.0, 33.0, 33.0, 33.0, 33.0, 33.0, 33.0, 33.0, 33.0, 33.0, 33.0, 33.0, 33.0, 33.0, 33.0, 33.0, 33.0, 33.0, 33.0, 33.0, 33.0, 33.0, 33.0, 33.0, 33.0, 33.0, 33.0, 33.0, 33.0, 33.0, 33.0, 33.0, 33.0, 33.0, 33.0, 33.0, 33.0, 33.0, 33.0, 33.0, 33.0, 33.0, 33.0, 33.0, 33.0, 33.0, 33.0, 33.0, 33.0, 33.0, 33.0, 33.0, 33.0, 33.0, 33.0, 33.0, 33.0, 33.0, 33.0, 33.0, 33.0, 33.0, 33.0, 33.0, 33.0, 33.0, 33.0, 33.0, 33.0, 33.0, 33.0, 33.0, 33.0, 33.0, 33.0, 33.0, 33.0, 33.0, 33.0, 33.0, 33.0, 33.0, 33.0, 33.0, 33.0, 33.0, 33.0, 33.0, 33.0, 33.0, 33.0, 33.0, 33.0, 33.0, 33.0, 33.0, 33.0, 33.0, 33.0, 33.0, 33.0, 33.0, 33.0, 33.0, 33.0, 33.0, 33.0, 33.0, 33.0, 33.0, 33.0, 33.0, 33.0, 33.0, 33.0, 33.0, 33.0, 33.0, 33.0, 33.0, 33.0, 33.0, 33.0, 33.0, 33.0, 33.0, 33.0, 33.0, 33.0, 33.0, 33.0, 33.0, 33.0, 33.0, 33.0, 33.0, 33.0, 33.0, 33.0, 33.0, 33.0, 33.0, 33.0, 33.0, 33.0, 33.0, 33.0, 33.0, 33.0, 33.0, 33.0, 33.0, 33.0, 33.0, 33.0, 33.0, 33.0, 33.0, 33.0, 33.0, 33.0, 33.0, 33.0, 33.0, 33.0, 33.0, 33.0, 33.0, 33.0, 33.0, 33.0, 33.0, 33.0, 33.0, 33.0, 33.0, 33.0, 33.0, 33.0, 33.0, 33.0, 33.0, 33.0, 33.0, 33.0, 33.0, 33.0, 33.0, 33.0, 33.0, 33.0, 33.0, 33.0, 33.0, 33.0, 33.0, 33.0, 33.0, 33.0, 33.0, 33.0, 33.0, 33.0, 33.0, 33.0, 33.0, 33.0, 33.0, 33.0, 33.0, 33.0, 33.0, 33.0, 33.0, 33.0, 33.0, 33.0, 33.0, 33.0, 33.0, 33.0, 33.0, 33.0, 33.0, 33.0, 33.0, 33.0, 33.0, 33.0, 33.0, 33.0, 33.0, 33.0, 33.0, 33.0, 33.0, 33.0, 33.0, 33.0, 33.0, 33.0, 33.0, 33.0, 33.0, 33.0, 33.0, 33.0, 33.0, 33.0, 33.0, 33.0, 33.0, 33.0, 33.0, 33.0, 33.0, 33.0, 33.0, 33.0, 33.0, 33.0, 33.0, 33.0, 33.0, 33.0, 33.0, 33.0, 33.0, 33.0, 33.0, 33.0, 33.0, 33.0, 33.0, 33.0, 33.0, 33.0, 33.0, 33.0, 33.0, 33.0, 33.0, 33.0, 33.0, 33.0, 33.0, 33.0, 33.0, 33.0, 33.0, 33.0, 33.0, 33.0, 33.0, 33.0, 33.0, 33.0, 33.0, 33.0]",COMPLETE
145,145,0.5,2024-08-31 07:27:20.041800,2024-08-31 07:28:07.309906,0 days 00:00:47.268106,4,7.499838859432375,5,40,0.05094537181383297,80,0.005320374960925456,0.859,0.85875,0,"[0, 0, 0, 0, 0, 0, 0, 0, 0, 0, 0, 0, 0, 0, 0, 0, 0, 0, 0, 0, 0, 0, 0, 0, 0, 0, 0, 0, 0, 0, 0, 0, 0, 0, 0, 0, 0, 0, 0, 0]",0.0,"[0.0, 0.0, 0.0, 0.0, 0.0, 0.0, 0.0, 0.0, 0.0, 0.0, 0.0, 0.0, 0.0, 0.0, 0.0, 0.0, 0.0, 0.0, 0.0, 0.0, 0.0, 0.0, 0.0, 0.0, 0.0, 0.0, 0.0, 0.0, 0.0, 0.0, 0.0, 0.0, 0.0, 0.0, 0.0, 0.0, 0.0, 0.0, 0.0, 0.0]",0.5,0.5,0,"[0, 0, 0, 0, 0, 0, 0, 0, 0, 0, 0, 0, 0, 0, 0, 0, 0, 0, 0, 0, 0, 0, 0, 0, 0, 0, 0, 0, 0, 0, 0, 0, 0, 0, 0, 0, 0, 0, 0, 0]",40,"[0.5105280876159668, 0.40724819898605347, 0.8424147963523865, 2.2682013511657715, 0.6633967757225037, 2.1083405017852783, 0.7299426198005676, 1.6251463890075684, 3.3104872703552246, 0.7018795013427734, 3.6518006324768066, 0.5752959251403809, 1.0320873260498047, 1.066106915473938, 3.1123294830322266, 1.659676194190979, 0.4835488498210907, 1.7418339252471924, 2.389627695083618, 1.5856218338012695, 0.5956159830093384, 0.5278804898262024, 1.491037130355835, 0.5043060183525085, 3.731782913208008, 0.9253634810447693, 0.650836169719696, 1.2108900547027588, 3.535733222961426, 0.407692551612854, 0.9580001831054688, 0.40877005457878113, 0.5151172876358032, 0.4739530682563782, 2.361321210861206, 3.238680839538574, 2.3348758220672607, 2.8273966312408447, 0.5490783452987671, 0.9957601428031921]",0.0,"[0.0, 0.0, 0.0, 0.0, 0.0, 0.0, 0.0, 0.0, 0.0, 0.0, 0.0, 0.0, 0.0, 0.0, 0.0, 0.0, 0.0, 0.0, 0.0, 0.0, 0.0, 0.0, 0.0, 0.0, 0.0, 0.0, 0.0, 0.0, 0.0, 0.0, 0.0, 0.0, 0.0, 0.0, 0.0, 0.0, 0.0, 0.0, 0.0, 0.0]",COMPLETE
