,number,value,datetime_start,datetime_complete,duration,params_batch_size_scaler,params_constant_learning_rate,params_depth,params_epochs,params_kernel_l2,params_num_trees,params_temperature,user_attrs_accuracy_test,user_attrs_accuracy_valid,user_attrs_approximate_feature_sparsity,user_attrs_approximate_feature_sparsity_history,user_attrs_approximate_weight_sparsity,user_attrs_approximate_weight_sparsity_history,user_attrs_auc_test,user_attrs_auc_valid,user_attrs_feature_sparsity,user_attrs_feature_sparsity_history,user_attrs_num_epochs,user_attrs_val_loss_history,user_attrs_weight_sparsity,user_attrs_weight_sparsity_history,state
89,89,0.758009042779302,2024-08-31 04:23:08.794719,2024-08-31 04:23:34.159345,0 days 00:00:25.364626,64,0.027857127377507715,1,320,0.0011757443541542713,80,0.014534861266133386,0.877,0.8725,33,"[33, 33, 33, 33, 33, 33, 33, 33, 33, 33, 33, 33, 33, 33, 33, 33, 33, 33, 33, 33, 33, 33, 33, 33, 33, 33, 33, 33, 33, 33, 33, 33, 33, 33, 33, 33, 33, 33, 33, 33, 33, 33, 33, 33, 33, 33, 33, 33, 33, 33, 33, 33, 33, 33, 33, 33, 33, 33, 33, 33, 33, 33, 33, 33, 33, 33, 33, 33, 33, 33, 33, 33, 33, 33, 33, 33, 33, 33, 33, 33, 33, 33, 33, 33, 33, 33, 33, 33, 33, 33, 33, 33, 33, 33, 33, 33, 33, 33, 33, 33, 33, 33, 33, 33, 33, 33, 33, 33, 33, 33, 33, 33, 33, 33, 33, 33, 33, 33, 33, 33, 33, 33, 33, 33, 33, 33, 33, 33, 33, 33, 33, 33, 33, 33, 33, 33, 33, 33, 33, 33, 33, 33, 33, 33, 33, 33, 33, 33, 33, 33, 33, 33, 33, 33, 33, 33, 33, 33, 33, 33, 33, 33, 33, 33, 33, 33, 33, 33, 33, 33, 33, 33, 33, 33, 33, 33, 33, 33, 33, 33, 33, 33, 33, 33, 33, 33, 33, 33, 33, 33, 33, 33, 33, 33, 33, 33, 33, 33, 33, 33, 33, 33, 33, 33, 33, 33, 33, 33, 33, 33, 33, 33, 33, 33, 33, 33, 33, 33, 33, 33, 33, 33, 33, 33, 33, 33, 33, 33, 33, 33, 33, 33, 33, 33, 33, 33, 33, 33, 33, 33, 33, 33, 33, 33, 33, 33, 33, 33, 33, 33, 33, 33, 33, 33, 33, 33, 33, 33, 33, 33, 33, 33, 33, 33, 33, 33, 33, 33, 33, 33, 33, 33, 33, 33, 33, 33, 33, 33, 33, 33, 33, 33, 33, 33, 33, 33, 33, 33, 33, 33, 33, 33, 33, 33, 33, 33, 33, 33, 33, 33, 33, 33, 33, 33, 33, 33, 33, 33, 33, 33, 33, 33, 33, 33, 33, 33, 33, 33, 33, 33]",33.0,"[32.9875, 32.9875, 32.9875, 32.975, 32.9875, 32.9875, 33.0, 33.0, 33.0, 33.0, 33.0, 32.9875, 32.9875, 33.0, 33.0, 32.9875, 32.9875, 32.9875, 32.9875, 32.9875, 32.9875, 33.0, 33.0, 32.9875, 32.9875, 32.9875, 33.0, 32.9875, 33.0, 33.0, 32.9875, 32.9875, 33.0, 33.0, 33.0, 33.0, 33.0, 33.0, 32.9875, 32.9875, 32.975, 32.975, 32.95, 32.9875, 32.975, 32.9625, 32.9625, 32.975, 32.975, 32.9625, 32.975, 33.0, 32.9875, 32.9875, 33.0, 33.0, 32.9875, 32.975, 32.9875, 32.9875, 33.0, 33.0, 33.0, 33.0, 33.0, 32.9875, 32.975, 32.975, 32.9875, 32.9875, 32.975, 32.975, 32.9875, 32.9875, 33.0, 32.975, 33.0, 33.0, 33.0, 33.0, 33.0, 33.0, 33.0, 33.0, 32.9875, 32.975, 32.9875, 32.9875, 32.975, 32.9875, 32.9875, 32.9875, 32.9875, 32.9875, 32.9875, 32.9875, 32.975, 32.9625, 32.95, 32.9625, 32.9625, 32.975, 32.9875, 32.9875, 32.9875, 32.9875, 32.9875, 32.9875, 32.975, 32.975, 32.975, 32.975, 32.9625, 32.9875, 32.975, 32.9625, 32.9625, 32.9625, 32.975, 32.9625, 32.9625, 32.9625, 32.9625, 32.975, 32.975, 32.975, 32.975, 32.9625, 32.9875, 32.9875, 32.975, 32.9875, 32.9875, 32.9875, 32.975, 32.975, 32.9875, 32.9875, 32.9875, 32.975, 32.975, 32.975, 32.975, 32.9875, 32.9875, 32.9875, 32.9875, 32.9875, 32.9875, 32.9875, 32.9875, 32.9875, 33.0, 32.9875, 32.9875, 32.9875, 32.9875, 32.9875, 32.9875, 33.0, 32.9875, 32.9875, 32.9875, 32.9875, 32.9875, 33.0, 33.0, 33.0, 32.9875, 32.975, 32.9875, 32.9875, 32.9875, 33.0, 33.0, 33.0, 33.0, 33.0, 33.0, 33.0, 33.0, 33.0, 33.0, 33.0, 33.0, 33.0, 33.0, 33.0, 32.9875, 33.0, 33.0, 32.9875, 32.9875, 32.9875, 32.9875, 32.975, 32.9875, 32.975, 32.9875, 32.9875, 32.975, 32.975, 32.975, 32.975, 32.9875, 33.0, 33.0, 33.0, 32.9875, 33.0, 33.0, 33.0, 33.0, 33.0, 33.0, 33.0, 33.0, 33.0, 33.0, 33.0, 33.0, 33.0, 33.0, 33.0, 33.0, 33.0, 33.0, 33.0, 32.9875, 32.9875, 32.9875, 32.9875, 33.0, 33.0, 33.0, 33.0, 32.9875, 32.9875, 32.9875, 32.9875, 33.0, 32.9875, 32.9875, 33.0, 33.0, 33.0, 33.0, 33.0, 33.0, 33.0, 33.0, 33.0, 33.0, 33.0, 33.0, 33.0, 33.0, 33.0, 33.0, 33.0, 33.0, 33.0, 33.0, 33.0, 32.9875, 33.0, 33.0, 33.0, 33.0, 33.0, 33.0, 33.0, 32.975, 32.9875, 33.0, 32.975, 32.9875, 33.0, 33.0, 32.9875, 32.9875, 32.975, 32.9875, 32.9625, 32.9625, 32.95, 32.975, 32.975, 32.975, 32.975, 32.975, 32.975, 32.9875, 32.9875, 32.9875, 32.9875, 32.9875, 33.0, 33.0, 33.0, 33.0, 33.0, 33.0, 33.0, 32.9875, 32.9875, 32.9875, 32.9875, 32.9875, 33.0, 33.0, 33.0, 33.0, 33.0, 32.9875, 32.9875, 32.9875, 32.9625, 32.975, 33.0]",0.7929556882074653,0.758009042779302,33,"[33, 33, 33, 33, 33, 33, 33, 33, 33, 33, 33, 33, 33, 33, 33, 33, 33, 33, 33, 33, 33, 33, 33, 33, 33, 33, 33, 33, 33, 33, 33, 33, 33, 33, 33, 33, 33, 33, 33, 33, 33, 33, 33, 33, 33, 33, 33, 33, 33, 33, 33, 33, 33, 33, 33, 33, 33, 33, 33, 33, 33, 33, 33, 33, 33, 33, 33, 33, 33, 33, 33, 33, 33, 33, 33, 33, 33, 33, 33, 33, 33, 33, 33, 33, 33, 33, 33, 33, 33, 33, 33, 33, 33, 33, 33, 33, 33, 33, 33, 33, 33, 33, 33, 33, 33, 33, 33, 33, 33, 33, 33, 33, 33, 33, 33, 33, 33, 33, 33, 33, 33, 33, 33, 33, 33, 33, 33, 33, 33, 33, 33, 33, 33, 33, 33, 33, 33, 33, 33, 33, 33, 33, 33, 33, 33, 33, 33, 33, 33, 33, 33, 33, 33, 33, 33, 33, 33, 33, 33, 33, 33, 33, 33, 33, 33, 33, 33, 33, 33, 33, 33, 33, 33, 33, 33, 33, 33, 33, 33, 33, 33, 33, 33, 33, 33, 33, 33, 33, 33, 33, 33, 33, 33, 33, 33, 33, 33, 33, 33, 33, 33, 33, 33, 33, 33, 33, 33, 33, 33, 33, 33, 33, 33, 33, 33, 33, 33, 33, 33, 33, 33, 33, 33, 33, 33, 33, 33, 33, 33, 33, 33, 33, 33, 33, 33, 33, 33, 33, 33, 33, 33, 33, 33, 33, 33, 33, 33, 33, 33, 33, 33, 33, 33, 33, 33, 33, 33, 33, 33, 33, 33, 33, 33, 33, 33, 33, 33, 33, 33, 33, 33, 33, 33, 33, 33, 33, 33, 33, 33, 33, 33, 33, 33, 33, 33, 33, 33, 33, 33, 33, 33, 33, 33, 33, 33, 33, 33, 33, 33, 33, 33, 33, 33, 33, 33, 33, 33, 33, 33, 33, 33, 33, 33, 33, 33, 33, 33, 33, 33, 33]",320,"[0.4056948721408844, 0.4047044515609741, 0.4036637246608734, 0.4023396372795105, 0.40149199962615967, 0.40094101428985596, 0.4001007080078125, 0.39911478757858276, 0.39809685945510864, 0.4004737138748169, 0.3973110318183899, 0.3962113559246063, 0.3953348398208618, 0.395025372505188, 0.3939444422721863, 0.3932078182697296, 0.3927851617336273, 0.3920622766017914, 0.3920360505580902, 0.3910282850265503, 0.39099448919296265, 0.3908085227012634, 0.38930290937423706, 0.3891989588737488, 0.38818490505218506, 0.38884344696998596, 0.38768184185028076, 0.38765719532966614, 0.3865135610103607, 0.38630884885787964, 0.3857553005218506, 0.38543036580085754, 0.38507765531539917, 0.38461631536483765, 0.3844662606716156, 0.38387638330459595, 0.3837680518627167, 0.3831801116466522, 0.38299137353897095, 0.3837132751941681, 0.38240519165992737, 0.38228508830070496, 0.38172078132629395, 0.38166964054107666, 0.3813263773918152, 0.38102245330810547, 0.3814992606639862, 0.38120824098587036, 0.3805982172489166, 0.37994810938835144, 0.37978774309158325, 0.3794446587562561, 0.3791871666908264, 0.379719078540802, 0.37894266843795776, 0.37851637601852417, 0.37822282314300537, 0.3780158758163452, 0.37772810459136963, 0.3782385587692261, 0.37733060121536255, 0.3770947754383087, 0.3774125576019287, 0.3767973780632019, 0.37686166167259216, 0.3761972188949585, 0.3760077953338623, 0.37580159306526184, 0.3758392632007599, 0.3756977319717407, 0.3762020170688629, 0.37524017691612244, 0.3748338222503662, 0.3752075433731079, 0.3745289742946625, 0.3752210736274719, 0.3747822046279907, 0.37406811118125916, 0.37391799688339233, 0.3748701214790344, 0.3737921118736267, 0.3737763464450836, 0.3735494315624237, 0.37322843074798584, 0.3729343116283417, 0.3728030025959015, 0.3730121850967407, 0.372477650642395, 0.37238356471061707, 0.37274670600891113, 0.37193217873573303, 0.3720976710319519, 0.3716861307621002, 0.3715468645095825, 0.3712002635002136, 0.3711777925491333, 0.37365445494651794, 0.37076178193092346, 0.37053290009498596, 0.37042200565338135, 0.3702771067619324, 0.37023526430130005, 0.37002819776535034, 0.3699062764644623, 0.3695898950099945, 0.370172381401062, 0.3695886731147766, 0.3692277669906616, 0.36928504705429077, 0.3694876730442047, 0.369620680809021, 0.3685624301433563, 0.36854588985443115, 0.36855819821357727, 0.3684961795806885, 0.36823683977127075, 0.3683096170425415, 0.36819422245025635, 0.3678785264492035, 0.36781302094459534, 0.3677302300930023, 0.3677602708339691, 0.3673359751701355, 0.36719658970832825, 0.3672267496585846, 0.3674362599849701, 0.3671654462814331, 0.3667718768119812, 0.3670177459716797, 0.36708712577819824, 0.3686266839504242, 0.3664777874946594, 0.36609959602355957, 0.36601531505584717, 0.36587437987327576, 0.3658401370048523, 0.3670230507850647, 0.3655075132846832, 0.3653811514377594, 0.365572065114975, 0.3654685318470001, 0.3651351034641266, 0.36578476428985596, 0.36603236198425293, 0.3650578558444977, 0.3649841248989105, 0.3643171191215515, 0.3652518093585968, 0.36387336254119873, 0.3637537658214569, 0.36364662647247314, 0.36342284083366394, 0.3654002249240875, 0.3640817403793335, 0.36298179626464844, 0.3639364242553711, 0.36343851685523987, 0.36272740364074707, 0.36290091276168823, 0.3627099096775055, 0.36270835995674133, 0.3623045086860657, 0.36226069927215576, 0.3621120750904083, 0.3620361089706421, 0.36181965470314026, 0.3617037832736969, 0.3616827726364136, 0.36215460300445557, 0.36147427558898926, 0.36128121614456177, 0.3611046075820923, 0.36115947365760803, 0.3616781532764435, 0.361136257648468, 0.36100077629089355, 0.36079293489456177, 0.3607158660888672, 0.3606470227241516, 0.3609699606895447, 0.36037760972976685, 0.3602138161659241, 0.3601493537425995, 0.36006391048431396, 0.35992321372032166, 0.359974205493927, 0.36122044920921326, 0.36124932765960693, 0.3594874441623688, 0.3592663109302521, 0.35916364192962646, 0.35899844765663147, 0.3592481315135956, 0.358771413564682, 0.3586617410182953, 0.3587122857570648, 0.3586477041244507, 0.35887885093688965, 0.3581255078315735, 0.3590347170829773, 0.3580450117588043, 0.35772904753685, 0.3576747179031372, 0.3575199246406555, 0.35743412375450134, 0.3573332726955414, 0.3571836054325104, 0.3571140766143799, 0.35694560408592224, 0.35720691084861755, 0.35667309165000916, 0.35687434673309326, 0.3563823401927948, 0.3567182421684265, 0.3573364317417145, 0.35624927282333374, 0.3566311001777649, 0.35631394386291504, 0.35635435581207275, 0.3555314242839813, 0.35545215010643005, 0.3553890883922577, 0.35539719462394714, 0.35530799627304077, 0.3553720712661743, 0.35543739795684814, 0.3551316559314728, 0.35547491908073425, 0.3549182116985321, 0.3552292585372925, 0.35472118854522705, 0.35494399070739746, 0.35439547896385193, 0.35572755336761475, 0.3549754023551941, 0.35497117042541504, 0.3543599843978882, 0.35515961050987244, 0.35373470187187195, 0.3536405563354492, 0.3534106910228729, 0.3532918095588684, 0.3539380729198456, 0.35309037566185, 0.353104829788208, 0.3533869981765747, 0.3527182638645172, 0.3526519536972046, 0.35359251499176025, 0.35281458497047424, 0.3526573181152344, 0.35238248109817505, 0.35241276025772095, 0.35243362188339233, 0.3523167669773102, 0.3527474105358124, 0.35179078578948975, 0.35165300965309143, 0.3521820306777954, 0.3527580499649048, 0.3518553078174591, 0.35121381282806396, 0.35111457109451294, 0.35106682777404785, 0.3509219288825989, 0.3507474660873413, 0.35076868534088135, 0.3506947457790375, 0.35063493251800537, 0.35076698660850525, 0.3503462076187134, 0.35122886300086975, 0.3501970171928406, 0.3501191735267639, 0.3499661684036255, 0.34990859031677246, 0.349758505821228, 0.34999632835388184, 0.34955257177352905, 0.3495252728462219, 0.3495408892631531, 0.34947139024734497, 0.3501826524734497, 0.35014864802360535, 0.34996506571769714, 0.3495420217514038, 0.34884652495384216, 0.34859222173690796, 0.34831348061561584, 0.34849539399147034, 0.34883609414100647, 0.3483304977416992, 0.3484254479408264, 0.3478550612926483, 0.34767910838127136, 0.34767574071884155, 0.3474574387073517, 0.34756016731262207, 0.3490084707736969, 0.3474317491054535, 0.34718066453933716, 0.3470361828804016, 0.3470098376274109, 0.3473045825958252, 0.3467837870121002, 0.3471951186656952, 0.34668421745300293, 0.3464827239513397, 0.34635648131370544, 0.346367746591568, 0.34621796011924744, 0.34617310762405396, 0.3458467423915863, 0.3461051881313324, 0.3456621468067169, 0.34539520740509033, 0.34529536962509155, 0.34552329778671265, 0.3451109230518341, 0.3451032340526581]",33.0,"[33.0, 33.0, 33.0, 33.0, 33.0, 33.0, 33.0, 33.0, 33.0, 33.0, 33.0, 33.0, 33.0, 33.0, 33.0, 33.0, 33.0, 33.0, 33.0, 33.0, 33.0, 33.0, 33.0, 33.0, 33.0, 33.0, 33.0, 33.0, 33.0, 33.0, 33.0, 33.0, 33.0, 33.0, 33.0, 33.0, 33.0, 33.0, 33.0, 33.0, 33.0, 33.0, 33.0, 33.0, 33.0, 33.0, 33.0, 33.0, 33.0, 33.0, 33.0, 33.0, 33.0, 33.0, 33.0, 33.0, 33.0, 33.0, 33.0, 33.0, 33.0, 33.0, 33.0, 33.0, 33.0, 33.0, 33.0, 33.0, 33.0, 33.0, 33.0, 33.0, 33.0, 33.0, 33.0, 33.0, 33.0, 33.0, 33.0, 33.0, 33.0, 33.0, 33.0, 33.0, 33.0, 33.0, 33.0, 33.0, 33.0, 33.0, 33.0, 33.0, 33.0, 33.0, 33.0, 33.0, 33.0, 33.0, 33.0, 33.0, 33.0, 33.0, 33.0, 33.0, 33.0, 33.0, 33.0, 33.0, 33.0, 33.0, 33.0, 33.0, 33.0, 33.0, 33.0, 33.0, 33.0, 33.0, 33.0, 33.0, 33.0, 33.0, 33.0, 33.0, 33.0, 33.0, 33.0, 33.0, 33.0, 33.0, 33.0, 33.0, 33.0, 33.0, 33.0, 33.0, 33.0, 33.0, 33.0, 33.0, 33.0, 33.0, 33.0, 33.0, 33.0, 33.0, 33.0, 33.0, 33.0, 33.0, 33.0, 33.0, 33.0, 33.0, 33.0, 33.0, 33.0, 33.0, 33.0, 33.0, 33.0, 33.0, 33.0, 33.0, 33.0, 33.0, 33.0, 33.0, 33.0, 33.0, 33.0, 33.0, 33.0, 33.0, 33.0, 33.0, 33.0, 33.0, 33.0, 33.0, 33.0, 33.0, 33.0, 33.0, 33.0, 33.0, 33.0, 33.0, 33.0, 33.0, 33.0, 33.0, 33.0, 33.0, 33.0, 33.0, 33.0, 33.0, 33.0, 33.0, 33.0, 33.0, 33.0, 33.0, 33.0, 33.0, 33.0, 33.0, 33.0, 33.0, 33.0, 33.0, 33.0, 33.0, 33.0, 33.0, 33.0, 33.0, 33.0, 33.0, 33.0, 33.0, 33.0, 33.0, 33.0, 33.0, 33.0, 33.0, 33.0, 33.0, 33.0, 33.0, 33.0, 33.0, 33.0, 33.0, 33.0, 33.0, 33.0, 33.0, 33.0, 33.0, 33.0, 33.0, 33.0, 33.0, 33.0, 33.0, 33.0, 33.0, 33.0, 33.0, 33.0, 33.0, 33.0, 33.0, 33.0, 33.0, 33.0, 33.0, 33.0, 33.0, 33.0, 33.0, 33.0, 33.0, 33.0, 33.0, 33.0, 33.0, 33.0, 33.0, 33.0, 33.0, 33.0, 33.0, 33.0, 33.0, 33.0, 33.0, 33.0, 33.0, 33.0, 33.0, 33.0, 33.0, 33.0, 33.0, 33.0, 33.0, 33.0, 33.0, 33.0, 33.0, 33.0, 33.0, 33.0, 33.0, 33.0, 33.0, 33.0, 33.0, 33.0, 33.0, 33.0, 33.0, 33.0, 33.0, 33.0, 33.0, 33.0, 33.0, 33.0, 33.0, 33.0, 33.0, 33.0, 33.0, 33.0, 33.0]",COMPLETE
