,number,value,datetime_start,datetime_complete,duration,params_batch_size_scaler,params_constant_learning_rate,params_depth,params_epochs,params_kernel_l2,params_num_trees,params_temperature,user_attrs_accuracy_test,user_attrs_accuracy_valid,user_attrs_approximate_feature_sparsity,user_attrs_approximate_feature_sparsity_history,user_attrs_approximate_weight_sparsity,user_attrs_approximate_weight_sparsity_history,user_attrs_auc_test,user_attrs_auc_valid,user_attrs_feature_sparsity,user_attrs_feature_sparsity_history,user_attrs_num_epochs,user_attrs_val_loss_history,user_attrs_weight_sparsity,user_attrs_weight_sparsity_history,state
90,90,0.5,2024-08-31 04:23:34.168314,2024-08-31 04:28:17.107780,0 days 00:04:42.939466,4,5.913949299243312,4,465,0.11869281256798933,58,0.023844235250302055,0.859,0.85875,0,"[0, 0, 0, 0, 0, 0, 0, 0, 0, 0, 0, 0, 0, 0, 0, 0, 0, 0, 0, 0, 0, 0, 0, 0, 0, 0, 0, 0, 0, 0, 0, 0, 0, 0, 0, 0, 0, 0, 0, 0, 0, 0, 0, 0, 0, 0, 0, 0, 0, 0, 0, 0, 0, 0, 0, 0, 0, 0, 0, 0, 0, 0, 0, 0, 0, 0, 0, 0, 0, 0, 0, 0, 0, 0, 0, 0, 0, 0, 0, 0, 0, 0, 0, 0, 0, 0, 0, 0, 0, 0, 0, 0, 0, 0, 0, 0, 0, 0, 0, 0, 0, 0, 0, 0, 0, 0, 0, 0, 0, 0, 0, 0, 0, 0, 0, 0, 0, 0, 0, 0, 0, 0, 0, 0, 0, 0, 0, 0, 0, 0, 0, 0, 0, 0, 0, 0, 0, 0, 0, 0, 0, 0, 0, 0, 0, 0, 0, 0, 0, 0, 0, 0, 0, 0, 0, 0, 0, 0, 0, 0, 0, 0, 0, 0, 0, 0, 0, 0, 0, 0, 0, 0, 0, 0, 0, 0, 0, 0, 0, 0, 0, 0, 0, 0, 0, 0, 0, 0, 0, 0, 0, 0, 0, 0, 0, 0, 0, 0, 0, 0, 0, 0, 0, 0, 0, 0, 0, 0, 0, 0, 0, 0, 0, 0, 0, 0, 0, 0, 0, 0, 0, 0, 0, 0, 0, 0, 0, 0, 0, 0, 0, 0, 0, 0, 0, 0, 0, 0, 0, 0, 0, 0, 0, 0, 0, 0, 0, 0, 0, 0, 0, 0, 0, 0, 0, 0, 0, 0, 0, 0, 0, 0, 0, 0, 0, 0, 0, 0, 0, 0, 0, 0, 0, 0, 0, 0, 0, 0, 0, 0, 0, 0, 0, 0, 0, 0, 0, 0, 0, 0, 0, 0, 0, 0, 0, 0, 0, 0, 0, 0, 0, 0, 0, 0, 0, 0, 0, 0, 0, 0, 0, 0, 0, 0, 0, 0, 0, 0, 0, 0, 0, 0, 0, 0, 0, 0, 0, 0, 0, 0, 0, 0, 0, 0, 0, 0, 0, 0, 0, 0, 0, 0, 0, 0, 0, 0, 0, 0, 0, 0, 0, 0, 0, 0, 0, 0, 0, 0, 0, 0, 0, 0, 0, 0, 0, 0, 0, 0, 0, 0, 0, 0, 0, 0, 0, 0, 0, 0, 0, 0, 0, 0, 0, 0, 0, 0, 0, 0, 0, 0, 0, 0, 0, 0, 0, 0, 0, 0, 0, 0, 0, 0, 0, 0, 0, 0, 0, 0, 0, 0, 0, 0, 0, 0, 0, 0, 0, 0, 0, 0, 0, 0, 0, 0, 0, 0, 0, 0, 0, 0, 0, 0, 0, 0, 0, 0, 0, 0, 0, 0, 0, 0, 0, 0, 0, 0, 0, 0, 0, 0, 0, 0, 0, 0, 0, 0, 0, 0, 0, 0, 0, 0, 0, 0, 0]",0.0,"[0.0, 0.0, 0.0, 0.0, 0.0, 0.0, 0.0, 0.0, 0.0, 0.0, 0.0, 0.0, 0.0, 0.0, 0.0, 0.0, 0.0, 0.0, 0.0, 0.0, 0.0, 0.0, 0.0, 0.0, 0.0, 0.0, 0.0, 0.0, 0.0, 0.0, 0.0, 0.0, 0.0, 0.0, 0.0, 0.0, 0.0, 0.0, 0.0, 0.0, 0.0, 0.0, 0.0, 0.0, 0.0, 0.0, 0.0, 0.0, 0.0, 0.0, 0.0, 0.0, 0.0, 0.0, 0.0, 0.0, 0.0, 0.0, 0.0, 0.0, 0.0, 0.0, 0.0, 0.0, 0.0, 0.0, 0.0, 0.0, 0.0, 0.0, 0.0, 0.0, 0.0, 0.0, 0.0, 0.0, 0.0, 0.0, 0.0, 0.0, 0.0, 0.0, 0.0, 0.0, 0.0, 0.0, 0.0, 0.0, 0.0, 0.0, 0.0, 0.0, 0.0, 0.0, 0.0, 0.0, 0.0, 0.0, 0.0, 0.0, 0.0, 0.0, 0.0, 0.0, 0.0, 0.0, 0.0, 0.0, 0.0, 0.0, 0.0, 0.0, 0.0, 0.0, 0.0, 0.0, 0.0, 0.0, 0.0, 0.0, 0.0, 0.0, 0.0, 0.0, 0.0, 0.0, 0.0, 0.0, 0.0, 0.0, 0.0, 0.0, 0.0, 0.0, 0.0, 0.0, 0.0, 0.0, 0.0, 0.0, 0.0, 0.0, 0.0, 0.0, 0.0, 0.0, 0.0, 0.0, 0.0, 0.0, 0.0, 0.0, 0.0, 0.0, 0.0, 0.0, 0.0, 0.0, 0.0, 0.0, 0.0, 0.0, 0.0, 0.0, 0.0, 0.0, 0.0, 0.0, 0.0, 0.0, 0.0, 0.0, 0.0, 0.0, 0.0, 0.0, 0.0, 0.0, 0.0, 0.0, 0.0, 0.0, 0.0, 0.0, 0.0, 0.0, 0.0, 0.0, 0.0, 0.0, 0.0, 0.0, 0.0, 0.0, 0.0, 0.0, 0.0, 0.0, 0.0, 0.0, 0.0, 0.0, 0.0, 0.0, 0.0, 0.0, 0.0, 0.0, 0.0, 0.0, 0.0, 0.0, 0.0, 0.0, 0.0, 0.0, 0.0, 0.0, 0.0, 0.0, 0.0, 0.0, 0.0, 0.0, 0.0, 0.0, 0.0, 0.0, 0.0, 0.0, 0.0, 0.0, 0.0, 0.0, 0.0, 0.0, 0.0, 0.0, 0.0, 0.0, 0.0, 0.0, 0.0, 0.0, 0.0, 0.0, 0.0, 0.0, 0.0, 0.0, 0.0, 0.0, 0.0, 0.0, 0.0, 0.0, 0.0, 0.0, 0.0, 0.0, 0.0, 0.0, 0.0, 0.0, 0.0, 0.0, 0.0, 0.0, 0.0, 0.0, 0.0, 0.0, 0.0, 0.0, 0.0, 0.0, 0.0, 0.0, 0.0, 0.0, 0.0, 0.0, 0.0, 0.0, 0.0, 0.0, 0.0, 0.0, 0.0, 0.0, 0.0, 0.0, 0.0, 0.0, 0.0, 0.0, 0.0, 0.0, 0.0, 0.0, 0.0, 0.0, 0.0, 0.0, 0.0, 0.0, 0.0, 0.0, 0.0, 0.0, 0.0, 0.0, 0.0, 0.0, 0.0, 0.0, 0.0, 0.0, 0.0, 0.0, 0.0, 0.0, 0.0, 0.0, 0.0, 0.0, 0.0, 0.0, 0.0, 0.0, 0.0, 0.0, 0.0, 0.0, 0.0, 0.0, 0.0, 0.0, 0.0, 0.0, 0.0, 0.0, 0.0, 0.0, 0.0, 0.0, 0.0, 0.0, 0.0, 0.0, 0.0, 0.0, 0.0, 0.0, 0.0, 0.0, 0.0, 0.0, 0.0, 0.0, 0.0, 0.0, 0.0, 0.0, 0.0, 0.0, 0.0, 0.0, 0.0, 0.0, 0.0, 0.0, 0.0, 0.0, 0.0, 0.0, 0.0, 0.0, 0.0, 0.0, 0.0, 0.0, 0.0, 0.0, 0.0, 0.0, 0.0, 0.0, 0.0, 0.0, 0.0, 0.0, 0.0, 0.0, 0.0, 0.0, 0.0, 0.0, 0.0, 0.0, 0.0, 0.0, 0.0, 0.0, 0.0, 0.0, 0.0, 0.0, 0.0, 0.0, 0.0, 0.0, 0.0, 0.0, 0.0, 0.0, 0.0, 0.0, 0.0, 0.0, 0.0, 0.0, 0.0, 0.0, 0.0, 0.0, 0.0, 0.0, 0.0, 0.0, 0.0, 0.0, 0.0, 0.0, 0.0, 0.0, 0.0, 0.0, 0.0, 0.0, 0.0, 0.0, 0.0, 0.0, 0.0, 0.0, 0.0, 0.0, 0.0, 0.0, 0.0, 0.0, 0.0, 0.0, 0.0, 0.0, 0.0, 0.0, 0.0, 0.0, 0.0, 0.0, 0.0, 0.0, 0.0]",0.5,0.5,0,"[0, 0, 0, 0, 0, 0, 0, 0, 0, 0, 0, 0, 0, 0, 0, 0, 0, 0, 0, 0, 0, 0, 0, 0, 0, 0, 0, 0, 0, 0, 0, 0, 0, 0, 0, 0, 0, 0, 0, 0, 0, 0, 0, 0, 0, 0, 0, 0, 0, 0, 0, 0, 0, 0, 0, 0, 0, 0, 0, 0, 0, 0, 0, 0, 0, 0, 0, 0, 0, 0, 0, 0, 0, 0, 0, 0, 0, 0, 0, 0, 0, 0, 0, 0, 0, 0, 0, 0, 0, 0, 0, 0, 0, 0, 0, 0, 0, 0, 0, 0, 0, 0, 0, 0, 0, 0, 0, 0, 0, 0, 0, 0, 0, 0, 0, 0, 0, 0, 0, 0, 0, 0, 0, 0, 0, 0, 0, 0, 0, 0, 0, 0, 0, 0, 0, 0, 0, 0, 0, 0, 0, 0, 0, 0, 0, 0, 0, 0, 0, 0, 0, 0, 0, 0, 0, 0, 0, 0, 0, 0, 0, 0, 0, 0, 0, 0, 0, 0, 0, 0, 0, 0, 0, 0, 0, 0, 0, 0, 0, 0, 0, 0, 0, 0, 0, 0, 0, 0, 0, 0, 0, 0, 0, 0, 0, 0, 0, 0, 0, 0, 0, 0, 0, 0, 0, 0, 0, 0, 0, 0, 0, 0, 0, 0, 0, 0, 0, 0, 0, 0, 0, 0, 0, 0, 0, 0, 0, 0, 0, 0, 0, 0, 0, 0, 0, 0, 0, 0, 0, 0, 0, 0, 0, 0, 0, 0, 0, 0, 0, 0, 0, 0, 0, 0, 0, 0, 0, 0, 0, 0, 0, 0, 0, 0, 0, 0, 0, 0, 0, 0, 0, 0, 0, 0, 0, 0, 0, 0, 0, 0, 0, 0, 0, 0, 0, 0, 0, 0, 0, 0, 0, 0, 0, 0, 0, 0, 0, 0, 0, 0, 0, 0, 0, 0, 0, 0, 0, 0, 0, 0, 0, 0, 0, 0, 0, 0, 0, 0, 0, 0, 0, 0, 0, 0, 0, 0, 0, 0, 0, 0, 0, 0, 0, 0, 0, 0, 0, 0, 0, 0, 0, 0, 0, 0, 0, 0, 0, 0, 0, 0, 0, 0, 0, 0, 0, 0, 0, 0, 0, 0, 0, 0, 0, 0, 0, 0, 0, 0, 0, 0, 0, 0, 0, 0, 0, 0, 0, 0, 0, 0, 0, 0, 0, 0, 0, 0, 0, 0, 0, 0, 0, 0, 0, 0, 0, 0, 0, 0, 0, 0, 0, 0, 0, 0, 0, 0, 0, 0, 0, 0, 0, 0, 0, 0, 0, 0, 0, 0, 0, 0, 0, 0, 0, 0, 0, 0, 0, 0, 0, 0, 0, 0, 0, 0, 0, 0, 0, 0, 0, 0, 0, 0, 0, 0, 0, 0, 0, 0, 0, 0, 0, 0, 0, 0, 0, 0, 0, 0, 0, 0, 0, 0, 0, 0, 0]",465,"[3.7102978229522705, 0.8145183324813843, 1.152329683303833, 0.5308192372322083, 3.0050048828125, 2.445038318634033, 0.7550116777420044, 0.6228627562522888, 0.5440570712089539, 3.3390350341796875, 0.4083102345466614, 0.5885117650032043, 2.1088359355926514, 4.104523181915283, 0.5130435228347778, 1.7468018531799316, 0.9663586616516113, 3.3951218128204346, 0.7158130407333374, 0.41363638639450073, 2.1351215839385986, 3.8727245330810547, 2.807685613632202, 4.149430751800537, 2.485826015472412, 1.4155874252319336, 0.8505356311798096, 2.1594247817993164, 0.755160927772522, 0.9601157307624817, 3.8634588718414307, 0.601211428642273, 3.1396875381469727, 2.5079658031463623, 1.7629327774047852, 0.9385161399841309, 1.2963345050811768, 0.48109108209609985, 0.549207866191864, 0.41847869753837585, 0.8487605452537537, 0.40741756558418274, 1.1169716119766235, 0.9645615220069885, 2.9043655395507812, 0.6809649467468262, 3.9128410816192627, 2.083160638809204, 4.054594039916992, 0.6384299993515015, 2.5595543384552, 1.7138890027999878, 0.8456222414970398, 2.2947776317596436, 0.4866635501384735, 1.795384168624878, 2.139017343521118, 0.5818172693252563, 0.5646274089813232, 0.5469247698783875, 2.4297213554382324, 3.8634395599365234, 0.49253690242767334, 0.4505405128002167, 2.1317834854125977, 3.0412917137145996, 1.3905836343765259, 0.4548933804035187, 0.7701995968818665, 0.5787345767021179, 3.7351813316345215, 4.437270641326904, 1.9205832481384277, 0.56891268491745, 0.4074089825153351, 1.3025195598602295, 0.9597229957580566, 3.3619441986083984, 0.44272229075431824, 0.46139010787010193, 0.6330702900886536, 1.940290093421936, 0.5423528552055359, 0.9583181142807007, 5.0463643074035645, 2.034909248352051, 0.7362212538719177, 0.9320509433746338, 0.4453059434890747, 0.4093402028083801, 0.8236154317855835, 1.0305291414260864, 2.2212023735046387, 3.1679909229278564, 3.5957393646240234, 4.535322189331055, 0.6186639070510864, 1.2457032203674316, 2.0998151302337646, 1.1046580076217651, 0.656409502029419, 2.1261658668518066, 1.010322093963623, 2.4357926845550537, 1.7783375978469849, 0.9362108707427979, 0.8217887282371521, 0.8981083631515503, 2.828490972518921, 3.2503740787506104, 0.9318461418151855, 2.3086845874786377, 0.4325278401374817, 0.6186845302581787, 3.410118341445923, 0.5170998573303223, 0.7515520453453064, 2.1980321407318115, 2.2778656482696533, 0.45871323347091675, 1.5041594505310059, 0.7821493744850159, 2.0082433223724365, 1.8178454637527466, 4.568353652954102, 1.229910135269165, 0.6219161152839661, 0.9517607688903809, 0.41045352816581726, 2.3184549808502197, 2.532707691192627, 0.6443985104560852, 4.815662384033203, 0.6038240194320679, 2.210658073425293, 0.8930484056472778, 3.7155649662017822, 2.4438793659210205, 2.546940803527832, 1.3247933387756348, 0.6395547986030579, 3.7265660762786865, 0.8264296650886536, 0.8795755505561829, 3.2333366870880127, 1.3016057014465332, 2.1098580360412598, 0.409845769405365, 0.7483367919921875, 4.819279670715332, 0.7676421403884888, 1.018965482711792, 0.40741339325904846, 0.954364001750946, 0.40803128480911255, 2.0254874229431152, 3.656731605529785, 1.4807010889053345, 0.8435875773429871, 1.2322487831115723, 3.2871484756469727, 0.43119460344314575, 3.8339974880218506, 3.0390820503234863, 3.991100788116455, 4.149425029754639, 0.6587364673614502, 1.408515453338623, 0.737799882888794, 1.477400779724121, 1.6875584125518799, 1.4112777709960938, 0.6604655385017395, 0.6364865899085999, 0.6737849712371826, 0.8975892066955566, 3.3760504722595215, 0.6272322535514832, 2.482001304626465, 1.3504278659820557, 0.44176873564720154, 1.3175818920135498, 2.3268027305603027, 3.0881638526916504, 0.8194078803062439, 3.642392635345459, 0.8834307789802551, 2.036602258682251, 1.1750398874282837, 2.2594196796417236, 1.9226537942886353, 4.005488395690918, 0.6648939251899719, 3.557248592376709, 1.2453701496124268, 0.5087457299232483, 2.1127655506134033, 0.9801569581031799, 3.2102222442626953, 4.504865646362305, 0.41801953315734863, 1.4961737394332886, 1.8780500888824463, 1.4646248817443848, 1.9543838500976562, 1.0307918787002563, 0.4391629695892334, 2.5947329998016357, 1.7075620889663696, 0.6192649602890015, 0.7706135511398315, 3.416252374649048, 1.2787951231002808, 2.9718809127807617, 2.6787936687469482, 1.213308334350586, 0.5219180583953857, 0.4105936884880066, 0.6486261487007141, 1.8010799884796143, 0.9413842558860779, 2.8597707748413086, 1.498237133026123, 2.2522201538085938, 0.6517138481140137, 0.9943800568580627, 0.40748608112335205, 1.110903263092041, 0.7451021075248718, 2.0429840087890625, 3.3262670040130615, 1.1709094047546387, 0.8877806663513184, 0.5639623403549194, 0.5495175719261169, 1.0093598365783691, 2.787362575531006, 0.5315101742744446, 1.4672504663467407, 0.41442736983299255, 0.8436935544013977, 0.4080556631088257, 1.5637354850769043, 1.335597038269043, 1.9204903841018677, 0.5298568606376648, 3.069324254989624, 0.5873889327049255, 0.6460266709327698, 0.4973479211330414, 1.7992619276046753, 1.8753873109817505, 4.184319496154785, 1.4131485223770142, 0.5676308274269104, 3.202284812927246, 4.7617292404174805, 1.9680564403533936, 1.2866621017456055, 0.5030550956726074, 2.2126336097717285, 2.7352676391601562, 0.7313839793205261, 0.7276448011398315, 4.693998336791992, 4.015923500061035, 0.46394142508506775, 4.817826747894287, 1.474049687385559, 0.8087451457977295, 1.6754159927368164, 3.7435882091522217, 3.2057557106018066, 0.4913119971752167, 0.7029798626899719, 1.2105787992477417, 0.5721217393875122, 1.7659329175949097, 3.0621490478515625, 2.77011775970459, 2.2082691192626953, 2.8667495250701904, 2.0728652477264404, 1.8591172695159912, 0.8157781362533569, 1.4551371335983276, 0.4180969297885895, 0.5790207386016846, 0.9798315167427063, 2.381678819656372, 0.5279356241226196, 0.41547995805740356, 0.907978355884552, 1.2998470067977905, 0.5702903866767883, 1.3415051698684692, 1.346189260482788, 0.9933364987373352, 3.1168649196624756, 1.680006742477417, 0.7244610786437988, 4.987161159515381, 2.6376044750213623, 2.327880859375, 1.8279709815979004, 0.5496822595596313, 1.800317406654358, 0.9164550304412842, 2.8396713733673096, 1.0149118900299072, 3.450549840927124, 2.3226399421691895, 1.7269325256347656, 0.4561505913734436, 1.468845248222351, 2.980910539627075, 4.189099311828613, 3.0354418754577637, 2.1662397384643555, 0.48697584867477417, 1.833605170249939, 2.515075206756592, 1.2903097867965698, 0.8830844759941101, 0.8920407295227051, 0.4948822855949402, 0.41794586181640625, 0.4190642535686493, 0.47382286190986633, 0.4166167378425598, 3.7995996475219727, 1.3391915559768677, 1.1530531644821167, 2.021585464477539, 3.583402395248413, 1.96689772605896, 0.4296092987060547, 2.7921788692474365, 1.1845589876174927, 0.7386054992675781, 2.098273277282715, 3.0349321365356445, 2.557522773742676, 0.7018148303031921, 1.5737897157669067, 0.9118832945823669, 3.599498987197876, 3.4708046913146973, 1.406003713607788, 1.6102865934371948, 3.3070852756500244, 3.5927975177764893, 1.326309084892273, 3.484689950942993, 3.3101508617401123, 2.1181528568267822, 0.7147629261016846, 0.41110336780548096, 1.662328839302063, 0.49553290009498596, 1.3425514698028564, 0.5698725581169128, 0.8804940581321716, 0.4072302281856537, 3.8046910762786865, 2.6078567504882812, 0.40745773911476135, 3.336203098297119, 0.43244221806526184, 0.4132382571697235, 1.0901626348495483, 1.6636625528335571, 1.0707801580429077, 3.6818082332611084, 1.9161427021026611, 1.3969471454620361, 0.42010849714279175, 2.4303531646728516, 1.5444658994674683, 2.451268196105957, 4.374176979064941, 0.5463200211524963, 1.7417834997177124, 4.431313991546631, 0.44452011585235596, 1.6312140226364136, 2.4202775955200195, 0.4330238997936249, 1.1572118997573853, 0.40937939286231995, 4.375265121459961, 1.0884186029434204, 1.9035590887069702, 1.782383680343628, 2.0123097896575928, 2.3591768741607666, 2.395601749420166, 0.8250961303710938, 2.557814836502075, 0.8533995747566223, 0.5053369402885437, 0.6462767124176025, 0.5724113583564758, 0.9437195062637329, 2.090064764022827, 1.2061594724655151, 1.094482183456421, 1.4531253576278687, 2.1651949882507324, 4.489599227905273, 1.1277379989624023, 3.1671271324157715, 4.435567378997803, 0.4121456444263458, 0.5926476716995239, 2.105605125427246, 0.8246727585792542, 2.270594835281372, 0.4518320560455322, 2.0589425563812256, 0.9981532096862793, 1.928278923034668, 3.0149874687194824, 1.773819088935852, 0.68222975730896, 0.5099996328353882, 1.478766918182373, 1.6944159269332886, 0.7913216948509216, 0.4165976345539093, 2.318577527999878, 2.1483542919158936, 3.1929712295532227, 4.4111127853393555, 1.6020146608352661, 1.4091331958770752, 4.803258895874023, 2.4591753482818604, 0.4237982928752899, 2.1587467193603516, 3.848057508468628, 0.40725648403167725, 2.778205633163452, 1.798337459564209, 0.4217095673084259, 2.1863133907318115, 3.9439351558685303, 1.4940272569656372, 1.109676718711853, 1.1211590766906738, 3.3594281673431396, 0.5088083744049072, 3.6623079776763916, 0.43021881580352783, 0.4100721776485443, 2.8630588054656982, 0.42233535647392273, 1.632196307182312, 1.8131818771362305, 2.5323400497436523, 2.0671498775482178, 0.4385514557361603, 2.4988248348236084, 1.0576295852661133, 0.6144543886184692]",0.0,"[0.0, 0.0, 0.0, 0.0, 0.0, 0.0, 0.0, 0.0, 0.0, 0.0, 0.0, 0.0, 0.0, 0.0, 0.0, 0.0, 0.0, 0.0, 0.0, 0.0, 0.0, 0.0, 0.0, 0.0, 0.0, 0.0, 0.0, 0.0, 0.0, 0.0, 0.0, 0.0, 0.0, 0.0, 0.0, 0.0, 0.0, 0.0, 0.0, 0.0, 0.0, 0.0, 0.0, 0.0, 0.0, 0.0, 0.0, 0.0, 0.0, 0.0, 0.0, 0.0, 0.0, 0.0, 0.0, 0.0, 0.0, 0.0, 0.0, 0.0, 0.0, 0.0, 0.0, 0.0, 0.0, 0.0, 0.0, 0.0, 0.0, 0.0, 0.0, 0.0, 0.0, 0.0, 0.0, 0.0, 0.0, 0.0, 0.0, 0.0, 0.0, 0.0, 0.0, 0.0, 0.0, 0.0, 0.0, 0.0, 0.0, 0.0, 0.0, 0.0, 0.0, 0.0, 0.0, 0.0, 0.0, 0.0, 0.0, 0.0, 0.0, 0.0, 0.0, 0.0, 0.0, 0.0, 0.0, 0.0, 0.0, 0.0, 0.0, 0.0, 0.0, 0.0, 0.0, 0.0, 0.0, 0.0, 0.0, 0.0, 0.0, 0.0, 0.0, 0.0, 0.0, 0.0, 0.0, 0.0, 0.0, 0.0, 0.0, 0.0, 0.0, 0.0, 0.0, 0.0, 0.0, 0.0, 0.0, 0.0, 0.0, 0.0, 0.0, 0.0, 0.0, 0.0, 0.0, 0.0, 0.0, 0.0, 0.0, 0.0, 0.0, 0.0, 0.0, 0.0, 0.0, 0.0, 0.0, 0.0, 0.0, 0.0, 0.0, 0.0, 0.0, 0.0, 0.0, 0.0, 0.0, 0.0, 0.0, 0.0, 0.0, 0.0, 0.0, 0.0, 0.0, 0.0, 0.0, 0.0, 0.0, 0.0, 0.0, 0.0, 0.0, 0.0, 0.0, 0.0, 0.0, 0.0, 0.0, 0.0, 0.0, 0.0, 0.0, 0.0, 0.0, 0.0, 0.0, 0.0, 0.0, 0.0, 0.0, 0.0, 0.0, 0.0, 0.0, 0.0, 0.0, 0.0, 0.0, 0.0, 0.0, 0.0, 0.0, 0.0, 0.0, 0.0, 0.0, 0.0, 0.0, 0.0, 0.0, 0.0, 0.0, 0.0, 0.0, 0.0, 0.0, 0.0, 0.0, 0.0, 0.0, 0.0, 0.0, 0.0, 0.0, 0.0, 0.0, 0.0, 0.0, 0.0, 0.0, 0.0, 0.0, 0.0, 0.0, 0.0, 0.0, 0.0, 0.0, 0.0, 0.0, 0.0, 0.0, 0.0, 0.0, 0.0, 0.0, 0.0, 0.0, 0.0, 0.0, 0.0, 0.0, 0.0, 0.0, 0.0, 0.0, 0.0, 0.0, 0.0, 0.0, 0.0, 0.0, 0.0, 0.0, 0.0, 0.0, 0.0, 0.0, 0.0, 0.0, 0.0, 0.0, 0.0, 0.0, 0.0, 0.0, 0.0, 0.0, 0.0, 0.0, 0.0, 0.0, 0.0, 0.0, 0.0, 0.0, 0.0, 0.0, 0.0, 0.0, 0.0, 0.0, 0.0, 0.0, 0.0, 0.0, 0.0, 0.0, 0.0, 0.0, 0.0, 0.0, 0.0, 0.0, 0.0, 0.0, 0.0, 0.0, 0.0, 0.0, 0.0, 0.0, 0.0, 0.0, 0.0, 0.0, 0.0, 0.0, 0.0, 0.0, 0.0, 0.0, 0.0, 0.0, 0.0, 0.0, 0.0, 0.0, 0.0, 0.0, 0.0, 0.0, 0.0, 0.0, 0.0, 0.0, 0.0, 0.0, 0.0, 0.0, 0.0, 0.0, 0.0, 0.0, 0.0, 0.0, 0.0, 0.0, 0.0, 0.0, 0.0, 0.0, 0.0, 0.0, 0.0, 0.0, 0.0, 0.0, 0.0, 0.0, 0.0, 0.0, 0.0, 0.0, 0.0, 0.0, 0.0, 0.0, 0.0, 0.0, 0.0, 0.0, 0.0, 0.0, 0.0, 0.0, 0.0, 0.0, 0.0, 0.0, 0.0, 0.0, 0.0, 0.0, 0.0, 0.0, 0.0, 0.0, 0.0, 0.0, 0.0, 0.0, 0.0, 0.0, 0.0, 0.0, 0.0, 0.0, 0.0, 0.0, 0.0, 0.0, 0.0, 0.0, 0.0, 0.0, 0.0, 0.0, 0.0, 0.0, 0.0, 0.0, 0.0, 0.0, 0.0, 0.0, 0.0, 0.0, 0.0, 0.0, 0.0, 0.0, 0.0, 0.0, 0.0, 0.0, 0.0, 0.0, 0.0, 0.0, 0.0, 0.0, 0.0, 0.0, 0.0, 0.0, 0.0, 0.0, 0.0, 0.0, 0.0, 0.0, 0.0, 0.0, 0.0, 0.0, 0.0, 0.0, 0.0, 0.0, 0.0, 0.0]",COMPLETE
