,number,value,datetime_start,datetime_complete,duration,params_batch_size_scaler,params_constant_learning_rate,params_depth,params_epochs,params_kernel_l2,params_num_trees,params_temperature,user_attrs_accuracy_test,user_attrs_accuracy_valid,user_attrs_approximate_feature_sparsity,user_attrs_approximate_feature_sparsity_history,user_attrs_approximate_weight_sparsity,user_attrs_approximate_weight_sparsity_history,user_attrs_auc_test,user_attrs_auc_valid,user_attrs_feature_sparsity,user_attrs_feature_sparsity_history,user_attrs_num_epochs,user_attrs_val_loss_history,user_attrs_weight_sparsity,user_attrs_weight_sparsity_history,state
135,135,0.8077056845847664,2024-08-31 06:46:53.891004,2024-08-31 06:49:41.005173,0 days 00:02:47.114169,16,0.22996029202772167,6,150,0.021998405628367527,87,0.011865683278981097,0.877,0.87375,33,"[33, 33, 33, 33, 33, 33, 33, 33, 33, 33, 33, 33, 33, 33, 33, 33, 33, 33, 33, 33, 33, 33, 33, 33, 33, 33, 33, 33, 33, 33, 33, 33, 33, 33, 33, 33, 33, 33, 33, 33, 33, 33, 33, 33, 33, 33, 33, 33, 33, 33, 33, 33, 33, 33, 33, 33, 33, 33, 33, 33, 33, 33, 33, 33, 33, 33, 33, 33, 33, 33, 33, 33, 33, 33, 33, 33, 33, 33, 33, 33, 33, 33, 33, 33, 33, 33, 33, 33, 33, 33, 33, 33, 33, 33, 33, 33, 33, 33, 33, 33, 33, 33, 33, 33, 33, 33, 33, 33, 33, 33, 33, 33, 33, 33, 33, 33, 33, 33, 33, 33, 33, 33, 33, 33, 33, 33, 33, 33, 33, 33, 33, 33, 33, 33, 33, 33, 33, 33, 33, 33, 33, 33, 33, 33, 33, 33, 33, 33, 33, 33]",32.911877394636015,"[32.907498631636564, 32.90366721401204, 32.90676883780332, 32.90676883780332, 32.90257252326218, 32.900383141762454, 32.904761904761905, 32.90676883780332, 32.90384966247035, 32.90275497172049, 32.901660280970624, 32.9011129355957, 32.90439700784528, 32.90129538405401, 32.90403211092866, 32.904761904761905, 32.90074803867907, 32.90001824484583, 32.90257252326218, 32.9064039408867, 32.90841087392812, 32.90421455938697, 32.90676883780332, 32.901842729428935, 32.90330231709542, 32.90020069330414, 32.89983579638752, 32.90220762634556, 32.897646414887795, 32.89965334792921, 32.90239007480387, 32.89801131180442, 32.89819376026273, 32.90275497172049, 32.90020069330414, 32.89582193030469, 32.900383141762454, 32.901660280970624, 32.90129538405401, 32.901842729428935, 32.903119868637106, 32.90421455938697, 32.9064039408867, 32.9080459770115, 32.90549169859514, 32.90676883780332, 32.90950556467798, 32.90549169859515, 32.90530925013684, 32.9064039408867, 32.90658638934501, 32.90549169859515, 32.904944353220216, 32.90239007480387, 32.903302317095424, 32.904944353220216, 32.904944353220216, 32.90567414705346, 32.90567414705346, 32.90348476555373, 32.9029374201788, 32.90239007480387, 32.90512680167853, 32.90403211092866, 32.904761904761905, 32.90603904397008, 32.90968801313629, 32.90859332238642, 32.90841087392811, 32.907498631636564, 32.91114760080277, 32.908958219303045, 32.91278963692757, 32.909140667761356, 32.904761904761905, 32.90220762634556, 32.900565590220765, 32.89965334792921, 32.90220762634556, 32.89983579638752, 32.90257252326218, 32.903484765553735, 32.9029374201788, 32.901295384054, 32.90311986863711, 32.902025177887246, 32.8994708994709, 32.90275497172048, 32.90220762634556, 32.90658638934501, 32.90658638934501, 32.904579456303594, 32.90257252326218, 32.90147783251231, 32.90366721401204, 32.900565590220765, 32.900565590220765, 32.89983579638752, 32.901660280970624, 32.90056559022076, 32.89855865717934, 32.900383141762454, 32.899470899470906, 32.89965334792921, 32.90001824484583, 32.904944353220216, 32.901660280970624, 32.90093048713738, 32.90220762634556, 32.90366721401204, 32.900383141762454, 32.89655172413793, 32.90220762634556, 32.903119868637106, 32.90330231709542, 32.902025177887246, 32.900018244845825, 32.89855865717935, 32.90348476555373, 32.900565590220765, 32.90020069330414, 32.89691662105456, 32.89399744572158, 32.89563948184638, 32.89308520343003, 32.89509213647145, 32.89199051268017, 32.894544791096514, 32.8943623426382, 32.89655172413793, 32.90074803867907, 32.8994708994709, 32.897646414887795, 32.89928845101259, 32.89983579638752, 32.90093048713738, 32.900748038679076, 32.90147783251231, 32.901295384054, 32.90549169859514, 32.906221492428394, 32.90713373471994, 32.90421455938697, 32.904579456303594, 32.90403211092866, 32.90713373471994, 32.906221492428394, 32.90695128626163, 32.908958219303045, 32.911877394636015]",0.8267158744705619,0.8077056845847664,33,"[33, 33, 33, 33, 33, 33, 33, 33, 33, 33, 33, 33, 33, 33, 33, 33, 33, 33, 33, 33, 33, 33, 33, 33, 33, 33, 33, 33, 33, 33, 33, 33, 33, 33, 33, 33, 33, 33, 33, 33, 33, 33, 33, 33, 33, 33, 33, 33, 33, 33, 33, 33, 33, 33, 33, 33, 33, 33, 33, 33, 33, 33, 33, 33, 33, 33, 33, 33, 33, 33, 33, 33, 33, 33, 33, 33, 33, 33, 33, 33, 33, 33, 33, 33, 33, 33, 33, 33, 33, 33, 33, 33, 33, 33, 33, 33, 33, 33, 33, 33, 33, 33, 33, 33, 33, 33, 33, 33, 33, 33, 33, 33, 33, 33, 33, 33, 33, 33, 33, 33, 33, 33, 33, 33, 33, 33, 33, 33, 33, 33, 33, 33, 33, 33, 33, 33, 33, 33, 33, 33, 33, 33, 33, 33, 33, 33, 33, 33, 33, 33]",150,"[0.4135783314704895, 0.4017994999885559, 0.3973965346813202, 0.39450621604919434, 0.3919910490512848, 0.38965922594070435, 0.38768836855888367, 0.38585373759269714, 0.38414010405540466, 0.3826732337474823, 0.3812483847141266, 0.37997493147850037, 0.37881821393966675, 0.37783706188201904, 0.37679600715637207, 0.3757669925689697, 0.3749920725822449, 0.37416714429855347, 0.37340569496154785, 0.3726924657821655, 0.3719736337661743, 0.3713940382003784, 0.3707529902458191, 0.3702372610569, 0.3696005940437317, 0.3692472577095032, 0.3684861660003662, 0.36790165305137634, 0.3674429655075073, 0.36705777049064636, 0.36653727293014526, 0.3660181164741516, 0.3655281364917755, 0.3650984466075897, 0.36472073197364807, 0.3644663989543915, 0.36404502391815186, 0.3635406494140625, 0.3631058633327484, 0.3624361455440521, 0.3619960844516754, 0.3616092801094055, 0.3611677587032318, 0.36076638102531433, 0.3603043258190155, 0.36002489924430847, 0.3594898581504822, 0.3590458035469055, 0.35863688588142395, 0.35837894678115845, 0.35795703530311584, 0.3575894832611084, 0.35709261894226074, 0.35678085684776306, 0.3563317358493805, 0.3557974696159363, 0.3553526997566223, 0.3550962209701538, 0.35478055477142334, 0.3543051779270172, 0.35392579436302185, 0.3535996377468109, 0.3533068001270294, 0.3527641296386719, 0.35237956047058105, 0.35198235511779785, 0.3515229821205139, 0.35105961561203003, 0.35066115856170654, 0.3503291606903076, 0.35005074739456177, 0.3496197462081909, 0.3491978347301483, 0.34877991676330566, 0.34839344024658203, 0.3481157720088959, 0.3478386402130127, 0.3473292887210846, 0.34678906202316284, 0.3466261625289917, 0.3461519181728363, 0.3457867503166199, 0.34517407417297363, 0.34492766857147217, 0.34448912739753723, 0.34409698843955994, 0.3438427746295929, 0.343347430229187, 0.34299376606941223, 0.34272775053977966, 0.3422234356403351, 0.34191837906837463, 0.3417571187019348, 0.34132781624794006, 0.34087711572647095, 0.3403140604496002, 0.3400011360645294, 0.33966028690338135, 0.3392418324947357, 0.33895230293273926, 0.33858487010002136, 0.33804547786712646, 0.33774203062057495, 0.3374412953853607, 0.3372038006782532, 0.33694612979888916, 0.3363708257675171, 0.33598875999450684, 0.3356460630893707, 0.33539408445358276, 0.3349098265171051, 0.33446982502937317, 0.3341536223888397, 0.3336904048919678, 0.3335011601448059, 0.3330724835395813, 0.33244088292121887, 0.3321099579334259, 0.33172085881233215, 0.3313624858856201, 0.33085593581199646, 0.3304526209831238, 0.3299739956855774, 0.3295745849609375, 0.32914838194847107, 0.3286649286746979, 0.32832470536231995, 0.32794925570487976, 0.3272903561592102, 0.3267836272716522, 0.3264712989330292, 0.3260083496570587, 0.3254672586917877, 0.3253757953643799, 0.3246403634548187, 0.32451507449150085, 0.32389476895332336, 0.32342255115509033, 0.32288992404937744, 0.3224864602088928, 0.32177186012268066, 0.3213699460029602, 0.3207859396934509, 0.3202509582042694, 0.31995314359664917, 0.3195495903491974, 0.3189561069011688, 0.3182462751865387, 0.3176487982273102, 0.31720802187919617]",33.0,"[33.0, 33.0, 33.0, 33.0, 33.0, 33.0, 33.0, 33.0, 33.0, 33.0, 33.0, 33.0, 33.0, 33.0, 33.0, 33.0, 33.0, 33.0, 33.0, 33.0, 33.0, 33.0, 33.0, 33.0, 33.0, 33.0, 33.0, 33.0, 33.0, 33.0, 33.0, 33.0, 33.0, 33.0, 33.0, 33.0, 33.0, 33.0, 33.0, 33.0, 33.0, 33.0, 33.0, 33.0, 33.0, 33.0, 33.0, 33.0, 33.0, 33.0, 33.0, 33.0, 33.0, 33.0, 33.0, 33.0, 33.0, 33.0, 33.0, 33.0, 33.0, 33.0, 33.0, 33.0, 33.0, 33.0, 33.0, 33.0, 33.0, 33.0, 33.0, 33.0, 33.0, 33.0, 33.0, 33.0, 33.0, 33.0, 33.0, 33.0, 33.0, 33.0, 33.0, 33.0, 33.0, 33.0, 33.0, 33.0, 33.0, 33.0, 33.0, 33.0, 33.0, 33.0, 33.0, 33.0, 33.0, 33.0, 33.0, 33.0, 33.0, 33.0, 33.0, 33.0, 33.0, 33.0, 33.0, 33.0, 33.0, 33.0, 33.0, 33.0, 33.0, 33.0, 33.0, 33.0, 33.0, 33.0, 33.0, 33.0, 33.0, 33.0, 33.0, 33.0, 33.0, 33.0, 33.0, 33.0, 33.0, 33.0, 33.0, 33.0, 33.0, 33.0, 33.0, 33.0, 33.0, 33.0, 33.0, 33.0, 33.0, 33.0, 33.0, 33.0, 33.0, 33.0, 33.0, 33.0, 33.0, 33.0]",COMPLETE
