,number,value,datetime_start,datetime_complete,duration,params_batch_size_scaler,params_constant_learning_rate,params_depth,params_epochs,params_kernel_l2,params_num_trees,params_temperature,user_attrs_accuracy_test,user_attrs_accuracy_valid,user_attrs_approximate_feature_sparsity,user_attrs_approximate_feature_sparsity_history,user_attrs_approximate_weight_sparsity,user_attrs_approximate_weight_sparsity_history,user_attrs_auc_test,user_attrs_auc_valid,user_attrs_feature_sparsity,user_attrs_feature_sparsity_history,user_attrs_num_epochs,user_attrs_val_loss_history,user_attrs_weight_sparsity,user_attrs_weight_sparsity_history,state
27,27,0.8813103012971621,2024-08-31 01:50:09.287587,2024-08-31 01:51:13.618081,0 days 00:01:04.330494,4,0.08253641271400244,5,90,0.0025930212459946327,36,0.00043564716570358404,0.9,0.89125,33,"[33, 33, 33, 33, 33, 33, 33, 33, 33, 33, 33, 33, 33, 33, 33, 33, 33, 33, 33, 33, 33, 33, 33, 33, 33, 33, 33, 33, 33, 33, 33, 33, 33, 33, 33, 33, 33, 33, 33, 33, 33, 33, 33, 33, 33, 33, 33, 33, 33, 33, 33, 33, 33, 33, 33, 33, 33, 33, 33, 33, 33, 33, 33, 33, 33, 33, 33, 33, 33, 33, 33, 33, 33, 33, 33, 33, 33, 33, 33, 33, 33, 33, 33, 33, 33, 33, 33, 33, 33, 33]",32.952508960573475,"[32.96326164874552, 32.95609318996416, 32.94444444444444, 32.952508960573475, 32.96146953405018, 32.95519713261649, 32.9578853046595, 32.960573476702514, 32.952508960573475, 32.95967741935484, 32.95609318996416, 32.950716845878134, 32.958781362007166, 32.93817204301075, 32.94982078853047, 32.95071684587814, 32.95519713261649, 32.96415770609319, 32.95340501792115, 32.96236559139785, 32.956989247311824, 32.94534050179212, 32.948028673835125, 32.956989247311824, 32.95878136200717, 32.95519713261649, 32.95698924731183, 32.95161290322581, 32.96146953405018, 32.95878136200717, 32.95071684587814, 32.950716845878134, 32.95609318996416, 32.9578853046595, 32.95698924731183, 32.958781362007166, 32.95519713261649, 32.960573476702514, 32.965053763440864, 32.95698924731183, 32.95698924731183, 32.963261648745515, 32.96236559139785, 32.954301075268816, 32.95878136200717, 32.95161290322581, 32.96146953405018, 32.9578853046595, 32.95519713261649, 32.94982078853047, 32.95609318996416, 32.954301075268816, 32.95340501792115, 32.96236559139785, 32.9668458781362, 32.96774193548387, 32.96236559139785, 32.95698924731183, 32.96057347670251, 32.95609318996416, 32.95071684587814, 32.9578853046595, 32.96146953405018, 32.95967741935484, 32.95340501792115, 32.958781362007166, 32.97043010752688, 32.966845878136205, 32.96594982078853, 32.95967741935484, 32.95967741935484, 32.965053763440864, 32.954301075268816, 32.9578853046595, 32.9578853046595, 32.95340501792115, 32.96146953405018, 32.950716845878134, 32.9578853046595, 32.958781362007166, 32.95967741935484, 32.96326164874552, 32.96057347670251, 32.950716845878134, 32.95519713261649, 32.94713261648746, 32.941756272401435, 32.95161290322581, 32.9489247311828, 32.952508960573475]",0.8671471858255103,0.8813103012971621,33,"[33, 33, 33, 33, 33, 33, 33, 33, 33, 33, 33, 33, 33, 33, 33, 33, 33, 33, 33, 33, 33, 33, 33, 33, 33, 33, 33, 33, 33, 33, 33, 33, 33, 33, 33, 33, 33, 33, 33, 33, 33, 33, 33, 33, 33, 33, 33, 33, 33, 33, 33, 33, 33, 33, 33, 33, 33, 33, 33, 33, 33, 33, 33, 33, 33, 33, 33, 33, 33, 33, 33, 33, 33, 33, 33, 33, 33, 33, 33, 33, 33, 33, 33, 33, 33, 33, 33, 33, 33, 33]",90,"[0.400746613740921, 0.389454185962677, 0.3844414949417114, 0.38058552145957947, 0.3773362338542938, 0.37487462162971497, 0.3724925220012665, 0.37050727009773254, 0.3687307834625244, 0.36717164516448975, 0.3657238483428955, 0.36435455083847046, 0.3632011115550995, 0.3618120849132538, 0.360677570104599, 0.35931408405303955, 0.35811862349510193, 0.3571467995643616, 0.3558773398399353, 0.3547365963459015, 0.3535976707935333, 0.35245856642723083, 0.35132721066474915, 0.3503042161464691, 0.34935081005096436, 0.34801751375198364, 0.3470648527145386, 0.34587451815605164, 0.34466227889060974, 0.34370002150535583, 0.342619925737381, 0.3412931561470032, 0.3400152623653412, 0.33896109461784363, 0.33777499198913574, 0.33660563826560974, 0.3353952467441559, 0.3341192603111267, 0.3329554498195648, 0.33189842104911804, 0.3305705189704895, 0.3293350338935852, 0.32815083861351013, 0.32686057686805725, 0.32551679015159607, 0.32424867153167725, 0.32291778922080994, 0.3215986490249634, 0.3203868567943573, 0.3188937306404114, 0.3174891769886017, 0.3161647915840149, 0.3148854970932007, 0.3135121464729309, 0.3121018409729004, 0.31060290336608887, 0.30938708782196045, 0.30775967240333557, 0.30631017684936523, 0.3048635721206665, 0.3034464716911316, 0.30216655135154724, 0.3007323145866394, 0.2992289960384369, 0.2977868318557739, 0.29634493589401245, 0.29510676860809326, 0.29354342818260193, 0.29217860102653503, 0.2907305359840393, 0.2894570827484131, 0.2879887521266937, 0.28680354356765747, 0.28544357419013977, 0.2838808000087738, 0.2825867831707001, 0.28132393956184387, 0.28003719449043274, 0.2787572741508484, 0.27772295475006104, 0.27648070454597473, 0.2753177583217621, 0.2741130590438843, 0.27309951186180115, 0.2719166874885559, 0.27095356583595276, 0.26978516578674316, 0.26871901750564575, 0.267726868391037, 0.26675498485565186]",33.0,"[33.0, 33.0, 33.0, 33.0, 33.0, 33.0, 33.0, 33.0, 33.0, 33.0, 33.0, 33.0, 33.0, 33.0, 33.0, 33.0, 33.0, 33.0, 33.0, 33.0, 33.0, 33.0, 33.0, 33.0, 33.0, 33.0, 33.0, 33.0, 33.0, 33.0, 33.0, 33.0, 33.0, 33.0, 33.0, 33.0, 33.0, 33.0, 33.0, 33.0, 33.0, 33.0, 33.0, 33.0, 33.0, 33.0, 33.0, 33.0, 33.0, 33.0, 33.0, 33.0, 33.0, 33.0, 33.0, 33.0, 33.0, 33.0, 33.0, 33.0, 33.0, 33.0, 33.0, 33.0, 33.0, 33.0, 33.0, 33.0, 33.0, 33.0, 33.0, 33.0, 33.0, 33.0, 33.0, 33.0, 33.0, 33.0, 33.0, 33.0, 33.0, 33.0, 33.0, 33.0, 33.0, 33.0, 33.0, 33.0, 33.0, 33.0]",COMPLETE
28,28,0.9179065064214038,2024-08-31 01:51:15.337247,2024-08-31 01:58:11.895912,0 days 00:06:56.558665,1,0.01757473103410861,5,225,0.021975079857690902,44,0.00012094429587154604,0.925,0.91875,33,"[33, 33, 33, 33, 33, 33, 33, 33, 33, 33, 33, 33, 33, 33, 33, 33, 33, 33, 33, 33, 33, 33, 33, 33, 33, 33, 33, 33, 33, 33, 33, 33, 33, 33, 33, 33, 33, 33, 33, 33, 33, 33, 33, 33, 33, 33, 33, 33, 33, 33, 33, 33, 33, 33, 33, 33, 33, 33, 33, 33, 33, 33, 33, 33, 33, 33, 33, 33, 33, 33, 33, 33, 33, 33, 33, 33, 33, 33, 33, 33, 33, 33, 33, 33, 33, 33, 33, 33, 33, 33, 33, 33, 33, 33, 33, 33, 33, 33, 33, 33, 33, 33, 33, 33, 33, 33, 33, 33, 33, 33, 33, 33, 33, 33, 33, 33, 33, 33, 33, 33, 33, 33, 33, 33, 33, 33, 33, 33, 33, 33, 33, 33, 33, 33, 33, 33, 33, 33, 33, 33, 33, 33, 33, 33, 33, 33, 33, 33, 33, 33, 33, 33, 33, 33, 33, 33, 33, 33, 33, 33, 33, 33, 33, 33, 33, 33, 33, 33, 33, 33, 33, 33, 33, 33, 33, 33, 33, 33, 33, 33, 33, 33, 33, 33, 33, 33, 33, 33, 33, 33, 33, 33, 33, 33, 33, 33, 33, 33, 33, 33, 33, 33, 33, 33, 33, 33, 33, 33, 33, 33, 33, 33, 33, 33, 33, 33, 33, 33, 33, 33, 33, 33, 33, 33, 33]",32.94208211143695,"[32.94428152492669, 32.94574780058651, 32.955278592375365, 32.95307917888563, 32.956744868035194, 32.95674486803519, 32.95234604105572, 32.948680351906155, 32.93841642228739, 32.942082111436946, 32.95454545454546, 32.957478005865106, 32.95234604105572, 32.94721407624633, 32.9450146627566, 32.942815249266864, 32.943548387096776, 32.94428152492669, 32.94721407624634, 32.94208211143695, 32.93841642228739, 32.9391495601173, 32.94428152492669, 32.94208211143695, 32.942082111436946, 32.9508797653959, 32.95014662756598, 32.943548387096776, 32.949413489736074, 32.949413489736074, 32.94574780058651, 32.948680351906155, 32.94061583577713, 32.947947214076244, 32.9450146627566, 32.950146627565985, 32.95161290322581, 32.95527859237537, 32.957478005865106, 32.95674486803519, 32.96041055718475, 32.95894428152493, 32.95601173020528, 32.95454545454545, 32.94574780058651, 32.94208211143695, 32.94941348973607, 32.95014662756598, 32.956011730205276, 32.9450146627566, 32.941348973607035, 32.942815249266864, 32.95014662756598, 32.93695014662757, 32.95381231671554, 32.94721407624633, 32.943548387096776, 32.94648093841642, 32.94574780058651, 32.94061583577712, 32.94721407624633, 32.947947214076244, 32.94648093841642, 32.94648093841642, 32.94648093841642, 32.94648093841642, 32.94354838709677, 32.94648093841642, 32.94868035190616, 32.949413489736074, 32.94721407624633, 32.94428152492669, 32.94648093841642, 32.943548387096776, 32.94208211143695, 32.94134897360704, 32.94941348973607, 32.943548387096776, 32.93768328445748, 32.94648093841642, 32.94721407624633, 32.93841642228739, 32.94574780058651, 32.9391495601173, 32.94428152492669, 32.94208211143695, 32.9450146627566, 32.941348973607035, 32.93988269794721, 32.93695014662757, 32.9450146627566, 32.94061583577712, 32.947947214076244, 32.948680351906155, 32.9508797653959, 32.94721407624633, 32.947947214076244, 32.9508797653959, 32.94208211143695, 32.93988269794721, 32.94794721407625, 32.950146627565985, 32.949413489736074, 32.943548387096776, 32.9450146627566, 32.950146627565985, 32.948680351906155, 32.956011730205276, 32.95234604105572, 32.956011730205276, 32.955278592375365, 32.94574780058651, 32.9450146627566, 32.947947214076244, 32.94061583577713, 32.93988269794722, 32.93841642228739, 32.947947214076244, 32.94648093841642, 32.950146627565985, 32.94428152492669, 32.9450146627566, 32.941348973607035, 32.94428152492669, 32.949413489736074, 32.93841642228739, 32.942815249266864, 32.942815249266864, 32.94061583577712, 32.94061583577712, 32.94061583577712, 32.936217008797655, 32.94061583577712, 32.93768328445748, 32.942815249266864, 32.94868035190616, 32.947947214076244, 32.94648093841642, 32.950146627565985, 32.94648093841642, 32.94648093841642, 32.9508797653959, 32.94868035190616, 32.95161290322581, 32.95307917888563, 32.95454545454545, 32.95381231671554, 32.95307917888563, 32.9450146627566, 32.942815249266864, 32.943548387096776, 32.94428152492669, 32.94574780058651, 32.94868035190616, 32.95161290322581, 32.9508797653959, 32.950146627565985, 32.942815249266864, 32.93695014662757, 32.935483870967744, 32.92595307917888, 32.92741935483871, 32.934017595307914, 32.935483870967744, 32.933284457478, 32.93255131964809, 32.92815249266862, 32.93035190615836, 32.93695014662757, 32.94134897360704, 32.93695014662757, 32.936217008797655, 32.9391495601173, 32.93475073313783, 32.936217008797655, 32.9391495601173, 32.942815249266864, 32.94648093841642, 32.93768328445748, 32.94428152492669, 32.94208211143695, 32.9450146627566, 32.95014662756598, 32.9450146627566, 32.942815249266864, 32.94721407624633, 32.94428152492669, 32.9450146627566, 32.94428152492669, 32.935483870967744, 32.9391495601173, 32.94134897360704, 32.93695014662757, 32.9450146627566, 32.94721407624633, 32.94574780058651, 32.948680351906155, 32.950146627565985, 32.94428152492669, 32.94721407624633, 32.949413489736074, 32.94941348973607, 32.948680351906155, 32.95161290322581, 32.94794721407625, 32.942815249266864, 32.943548387096776, 32.942815249266864, 32.9450146627566, 32.949413489736074, 32.94208211143695, 32.9450146627566, 32.94941348973607, 32.9450146627566, 32.94208211143695, 32.948680351906155, 32.949413489736074, 32.949413489736074, 32.943548387096776, 32.94574780058651, 32.94868035190616, 32.94794721407625, 32.94574780058651, 32.943548387096776, 32.94208211143695]",0.9020880291283779,0.9179065064214038,33,"[33, 33, 33, 33, 33, 33, 33, 33, 33, 33, 33, 33, 33, 33, 33, 33, 33, 33, 33, 33, 33, 33, 33, 33, 33, 33, 33, 33, 33, 33, 33, 33, 33, 33, 33, 33, 33, 33, 33, 33, 33, 33, 33, 33, 33, 33, 33, 33, 33, 33, 33, 33, 33, 33, 33, 33, 33, 33, 33, 33, 33, 33, 33, 33, 33, 33, 33, 33, 33, 33, 33, 33, 33, 33, 33, 33, 33, 33, 33, 33, 33, 33, 33, 33, 33, 33, 33, 33, 33, 33, 33, 33, 33, 33, 33, 33, 33, 33, 33, 33, 33, 33, 33, 33, 33, 33, 33, 33, 33, 33, 33, 33, 33, 33, 33, 33, 33, 33, 33, 33, 33, 33, 33, 33, 33, 33, 33, 33, 33, 33, 33, 33, 33, 33, 33, 33, 33, 33, 33, 33, 33, 33, 33, 33, 33, 33, 33, 33, 33, 33, 33, 33, 33, 33, 33, 33, 33, 33, 33, 33, 33, 33, 33, 33, 33, 33, 33, 33, 33, 33, 33, 33, 33, 33, 33, 33, 33, 33, 33, 33, 33, 33, 33, 33, 33, 33, 33, 33, 33, 33, 33, 33, 33, 33, 33, 33, 33, 33, 33, 33, 33, 33, 33, 33, 33, 33, 33, 33, 33, 33, 33, 33, 33, 33, 33, 33, 33, 33, 33, 33, 33, 33, 33, 33, 33]",225,"[0.4066231846809387, 0.3932631313800812, 0.3882797360420227, 0.3846374750137329, 0.3817618191242218, 0.37927600741386414, 0.3771306574344635, 0.37540051341056824, 0.37375208735466003, 0.3722096383571625, 0.3709454834461212, 0.36980095505714417, 0.36866843700408936, 0.3674767315387726, 0.36653247475624084, 0.3655957281589508, 0.36447781324386597, 0.3635205328464508, 0.3626185655593872, 0.36182498931884766, 0.36078619956970215, 0.35995519161224365, 0.35910141468048096, 0.3582735061645508, 0.35734885931015015, 0.3564313054084778, 0.3554879426956177, 0.3547118902206421, 0.3538505434989929, 0.35298049449920654, 0.351957768201828, 0.35122549533843994, 0.35047444701194763, 0.3493541479110718, 0.3483799397945404, 0.3475593328475952, 0.3465767800807953, 0.3456140458583832, 0.3448103070259094, 0.34391212463378906, 0.3431324362754822, 0.34206271171569824, 0.3410484790802002, 0.3401834964752197, 0.3392520248889923, 0.33814579248428345, 0.337198406457901, 0.33625927567481995, 0.3353527784347534, 0.33430367708206177, 0.33328068256378174, 0.332274854183197, 0.3311944305896759, 0.3304530680179596, 0.32929253578186035, 0.32817503809928894, 0.3270389437675476, 0.32590457797050476, 0.32497352361679077, 0.32394295930862427, 0.3228510916233063, 0.3214019536972046, 0.32026898860931396, 0.31927794218063354, 0.3180028796195984, 0.3167358934879303, 0.3155299127101898, 0.3142796456813812, 0.3131024241447449, 0.3118796944618225, 0.31060296297073364, 0.309200257062912, 0.30796366930007935, 0.30663612484931946, 0.3053165674209595, 0.3041669726371765, 0.3029707074165344, 0.3015463948249817, 0.3001701831817627, 0.29889002442359924, 0.2975972294807434, 0.2961457073688507, 0.2948267161846161, 0.2936677932739258, 0.29240426421165466, 0.2910637855529785, 0.28978773951530457, 0.2885493040084839, 0.28726378083229065, 0.2860564887523651, 0.2847866415977478, 0.28366175293922424, 0.2826346755027771, 0.2815009653568268, 0.2802659571170807, 0.27915412187576294, 0.27806875109672546, 0.27696239948272705, 0.2759493887424469, 0.27489733695983887, 0.27391621470451355, 0.27285653352737427, 0.27189114689826965, 0.2710252106189728, 0.2700361907482147, 0.2690389156341553, 0.26820191740989685, 0.26727840304374695, 0.26640430092811584, 0.2655710279941559, 0.2647503912448883, 0.26400548219680786, 0.2631806433200836, 0.26244229078292847, 0.2617383599281311, 0.2609095871448517, 0.2602202594280243, 0.25956499576568604, 0.25888943672180176, 0.2582280933856964, 0.2574802339076996, 0.2569328248500824, 0.2561427652835846, 0.2556306719779968, 0.25491082668304443, 0.25422441959381104, 0.25353607535362244, 0.2529970407485962, 0.2522919476032257, 0.25168266892433167, 0.25117847323417664, 0.25058189034461975, 0.25006452202796936, 0.2496575117111206, 0.24900098145008087, 0.24855457246303558, 0.24786299467086792, 0.24737901985645294, 0.24687936902046204, 0.2461291253566742, 0.24560308456420898, 0.24504387378692627, 0.24470765888690948, 0.2442500740289688, 0.24383436143398285, 0.24332693219184875, 0.24279601871967316, 0.24227537214756012, 0.2418559193611145, 0.2414616197347641, 0.2407473772764206, 0.2402501106262207, 0.239942729473114, 0.2394203543663025, 0.23896174132823944, 0.23860514163970947, 0.23815006017684937, 0.23776781558990479, 0.2372831553220749, 0.23670905828475952, 0.23625947535037994, 0.2358289659023285, 0.23538826406002045, 0.23489020764827728, 0.23446203768253326, 0.23407229781150818, 0.23376545310020447, 0.23325380682945251, 0.23297002911567688, 0.23268136382102966, 0.23217374086380005, 0.23184393346309662, 0.23147854208946228, 0.23074254393577576, 0.23044928908348083, 0.2299601435661316, 0.22966358065605164, 0.2294759750366211, 0.2291170060634613, 0.2285771369934082, 0.22815485298633575, 0.22767625749111176, 0.2274012565612793, 0.22716352343559265, 0.22652381658554077, 0.2262454777956009, 0.22594286501407623, 0.225640207529068, 0.22528743743896484, 0.22506502270698547, 0.2248443216085434, 0.22421753406524658, 0.2239331305027008, 0.22355616092681885, 0.2232254147529602, 0.22285611927509308, 0.22253671288490295, 0.22234944999217987, 0.222073033452034, 0.22186005115509033, 0.22132422029972076, 0.22086049616336823, 0.22054752707481384, 0.22027143836021423, 0.21988153457641602, 0.21970617771148682, 0.21953754127025604, 0.21911776065826416, 0.21884815394878387, 0.21838290989398956, 0.21801160275936127, 0.21774236857891083, 0.2177092581987381, 0.2173759490251541, 0.21689169108867645, 0.21675246953964233, 0.21645809710025787, 0.2160765826702118, 0.2158212512731552, 0.21554523706436157, 0.21510149538516998, 0.21514080464839935, 0.21477901935577393, 0.21440520882606506, 0.21407100558280945]",33.0,"[33.0, 33.0, 33.0, 33.0, 33.0, 33.0, 33.0, 33.0, 33.0, 33.0, 33.0, 33.0, 33.0, 33.0, 33.0, 33.0, 33.0, 33.0, 33.0, 33.0, 33.0, 33.0, 33.0, 33.0, 33.0, 33.0, 33.0, 33.0, 33.0, 33.0, 33.0, 33.0, 33.0, 33.0, 33.0, 33.0, 33.0, 33.0, 33.0, 33.0, 33.0, 33.0, 33.0, 33.0, 33.0, 33.0, 33.0, 33.0, 33.0, 33.0, 33.0, 33.0, 33.0, 33.0, 33.0, 33.0, 33.0, 33.0, 33.0, 33.0, 33.0, 33.0, 33.0, 33.0, 33.0, 33.0, 33.0, 33.0, 33.0, 33.0, 33.0, 33.0, 33.0, 33.0, 33.0, 33.0, 33.0, 33.0, 33.0, 33.0, 33.0, 33.0, 33.0, 33.0, 33.0, 33.0, 33.0, 33.0, 33.0, 33.0, 33.0, 33.0, 33.0, 33.0, 33.0, 33.0, 33.0, 33.0, 33.0, 33.0, 33.0, 33.0, 33.0, 33.0, 33.0, 33.0, 33.0, 33.0, 33.0, 33.0, 33.0, 33.0, 33.0, 33.0, 33.0, 33.0, 33.0, 33.0, 33.0, 33.0, 33.0, 33.0, 33.0, 33.0, 33.0, 33.0, 33.0, 33.0, 33.0, 33.0, 33.0, 33.0, 33.0, 33.0, 33.0, 33.0, 33.0, 33.0, 33.0, 33.0, 33.0, 33.0, 33.0, 33.0, 33.0, 33.0, 33.0, 33.0, 33.0, 33.0, 33.0, 33.0, 33.0, 33.0, 33.0, 33.0, 33.0, 33.0, 33.0, 33.0, 33.0, 33.0, 33.0, 33.0, 33.0, 33.0, 33.0, 33.0, 33.0, 33.0, 33.0, 33.0, 33.0, 33.0, 33.0, 33.0, 33.0, 33.0, 33.0, 33.0, 33.0, 33.0, 33.0, 33.0, 33.0, 33.0, 33.0, 33.0, 33.0, 33.0, 33.0, 33.0, 33.0, 33.0, 33.0, 33.0, 33.0, 33.0, 33.0, 33.0, 33.0, 33.0, 33.0, 33.0, 33.0, 33.0, 33.0, 33.0, 33.0, 33.0, 33.0, 33.0, 33.0, 33.0, 33.0, 33.0, 33.0, 33.0, 33.0, 33.0, 33.0, 33.0, 33.0, 33.0, 33.0]",COMPLETE
