,number,value,datetime_start,datetime_complete,duration,params_batch_size_scaler,params_constant_learning_rate,params_depth,params_epochs,params_kernel_l2,params_num_trees,params_temperature,user_attrs_accuracy_test,user_attrs_accuracy_valid,user_attrs_approximate_feature_sparsity,user_attrs_approximate_feature_sparsity_history,user_attrs_approximate_weight_sparsity,user_attrs_approximate_weight_sparsity_history,user_attrs_auc_test,user_attrs_auc_valid,user_attrs_feature_sparsity,user_attrs_feature_sparsity_history,user_attrs_num_epochs,user_attrs_val_loss_history,user_attrs_weight_sparsity,user_attrs_weight_sparsity_history,state
18,18,0.5,2024-08-31 01:26:34.980861,2024-08-31 01:29:20.731112,0 days 00:02:45.750251,64,1.0903050976683852,6,285,0.04427704116959131,61,0.008453734817568333,0.859,0.85875,0,"[33, 33, 33, 33, 33, 33, 33, 33, 33, 33, 6, 4, 2, 1, 0, 0, 0, 0, 0, 0, 0, 0, 0, 0, 0, 0, 0, 0, 0, 0, 0, 0, 0, 0, 0, 0, 0, 0, 0, 0, 0, 0, 0, 0, 0, 0, 0, 0, 0, 0, 0, 0, 0, 0, 0, 0, 0, 0, 0, 0, 0, 0, 0, 0, 0, 0, 0, 0, 0, 0, 0, 0, 0, 0, 0, 0, 0, 0, 0, 0, 0, 0, 0, 0, 0, 0, 0, 0, 0, 0, 0, 0, 0, 0, 0, 0, 0, 0, 0, 0, 0, 0, 0, 0, 0, 0, 0, 0, 0, 0, 0, 0, 0, 0, 0, 0, 0, 0, 0, 0, 0, 0, 0, 0, 0, 0, 0, 0, 0, 0, 0, 0, 0, 0, 0, 0, 0, 0, 0, 0, 0, 0, 0, 0, 0, 0, 0, 0, 0, 0, 0, 0, 0, 0, 0, 0, 0, 0, 0, 0, 0, 0, 0, 0, 0, 0, 0, 0, 0, 0, 0, 0, 0, 0, 0, 0, 0, 0, 0, 0, 0, 0, 0, 0, 0, 0, 0, 0, 0, 0, 0, 0, 0, 0, 0, 0, 0, 0, 0, 0, 0, 0, 0, 0, 0, 0, 0, 0, 0, 0, 0, 0, 0, 0, 0, 0, 0, 0, 0, 0, 0, 0, 0, 0, 0, 0, 0, 0, 0, 0, 0, 0, 0, 0, 0, 0, 0, 0, 0, 0, 0, 0, 0, 0, 0, 0, 0, 0, 0, 0, 0, 0, 0, 0, 0, 0, 0, 0, 0, 0, 0, 0, 0, 0, 0, 0, 0, 0, 0, 0, 0, 0, 0, 0, 0, 0, 0, 0, 0, 0, 0, 0, 0, 0, 0]",0.0,"[32.92167577413479, 32.91595107988551, 32.92167577413479, 32.923497267759565, 32.91543065313557, 32.9136091595108, 32.91647150663544, 32.91803278688524, 32.919073640385115, 32.91777257351028, 5.987509758001561, 3.990632318501171, 1.994015092375748, 0.9968774395003903, 0.0, 0.0, 0.0, 0.0, 0.0, 0.0, 0.0, 0.0, 0.0, 0.0, 0.0, 0.0, 0.0, 0.0, 0.0, 0.0, 0.0, 0.0, 0.0, 0.0, 0.0, 0.0, 0.0, 0.0, 0.0, 0.0, 0.0, 0.0, 0.0, 0.0, 0.0, 0.0, 0.0, 0.0, 0.0, 0.0, 0.0, 0.0, 0.0, 0.0, 0.0, 0.0, 0.0, 0.0, 0.0, 0.0, 0.0, 0.0, 0.0, 0.0, 0.0, 0.0, 0.0, 0.0, 0.0, 0.0, 0.0, 0.0, 0.0, 0.0, 0.0, 0.0, 0.0, 0.0, 0.0, 0.0, 0.0, 0.0, 0.0, 0.0, 0.0, 0.0, 0.0, 0.0, 0.0, 0.0, 0.0, 0.0, 0.0, 0.0, 0.0, 0.0, 0.0, 0.0, 0.0, 0.0, 0.0, 0.0, 0.0, 0.0, 0.0, 0.0, 0.0, 0.0, 0.0, 0.0, 0.0, 0.0, 0.0, 0.0, 0.0, 0.0, 0.0, 0.0, 0.0, 0.0, 0.0, 0.0, 0.0, 0.0, 0.0, 0.0, 0.0, 0.0, 0.0, 0.0, 0.0, 0.0, 0.0, 0.0, 0.0, 0.0, 0.0, 0.0, 0.0, 0.0, 0.0, 0.0, 0.0, 0.0, 0.0, 0.0, 0.0, 0.0, 0.0, 0.0, 0.0, 0.0, 0.0, 0.0, 0.0, 0.0, 0.0, 0.0, 0.0, 0.0, 0.0, 0.0, 0.0, 0.0, 0.0, 0.0, 0.0, 0.0, 0.0, 0.0, 0.0, 0.0, 0.0, 0.0, 0.0, 0.0, 0.0, 0.0, 0.0, 0.0, 0.0, 0.0, 0.0, 0.0, 0.0, 0.0, 0.0, 0.0, 0.0, 0.0, 0.0, 0.0, 0.0, 0.0, 0.0, 0.0, 0.0, 0.0, 0.0, 0.0, 0.0, 0.0, 0.0, 0.0, 0.0, 0.0, 0.0, 0.0, 0.0, 0.0, 0.0, 0.0, 0.0, 0.0, 0.0, 0.0, 0.0, 0.0, 0.0, 0.0, 0.0, 0.0, 0.0, 0.0, 0.0, 0.0, 0.0, 0.0, 0.0, 0.0, 0.0, 0.0, 0.0, 0.0, 0.0, 0.0, 0.0, 0.0, 0.0, 0.0, 0.0, 0.0, 0.0, 0.0, 0.0, 0.0, 0.0, 0.0, 0.0, 0.0, 0.0, 0.0, 0.0, 0.0, 0.0, 0.0, 0.0, 0.0, 0.0, 0.0, 0.0, 0.0, 0.0, 0.0, 0.0, 0.0, 0.0, 0.0, 0.0, 0.0, 0.0, 0.0, 0.0, 0.0, 0.0, 0.0, 0.0, 0.0, 0.0, 0.0, 0.0, 0.0, 0.0, 0.0, 0.0]",0.5,0.5,0,"[33, 33, 33, 33, 33, 33, 33, 33, 33, 33, 6, 4, 2, 1, 0, 0, 0, 0, 0, 0, 0, 0, 0, 0, 0, 0, 0, 0, 0, 0, 0, 0, 0, 0, 0, 0, 0, 0, 0, 0, 0, 0, 0, 0, 0, 0, 0, 0, 0, 0, 0, 0, 0, 0, 0, 0, 0, 0, 0, 0, 0, 0, 0, 0, 0, 0, 0, 0, 0, 0, 0, 0, 0, 0, 0, 0, 0, 0, 0, 0, 0, 0, 0, 0, 0, 0, 0, 0, 0, 0, 0, 0, 0, 0, 0, 0, 0, 0, 0, 0, 0, 0, 0, 0, 0, 0, 0, 0, 0, 0, 0, 0, 0, 0, 0, 0, 0, 0, 0, 0, 0, 0, 0, 0, 0, 0, 0, 0, 0, 0, 0, 0, 0, 0, 0, 0, 0, 0, 0, 0, 0, 0, 0, 0, 0, 0, 0, 0, 0, 0, 0, 0, 0, 0, 0, 0, 0, 0, 0, 0, 0, 0, 0, 0, 0, 0, 0, 0, 0, 0, 0, 0, 0, 0, 0, 0, 0, 0, 0, 0, 0, 0, 0, 0, 0, 0, 0, 0, 0, 0, 0, 0, 0, 0, 0, 0, 0, 0, 0, 0, 0, 0, 0, 0, 0, 0, 0, 0, 0, 0, 0, 0, 0, 0, 0, 0, 0, 0, 0, 0, 0, 0, 0, 0, 0, 0, 0, 0, 0, 0, 0, 0, 0, 0, 0, 0, 0, 0, 0, 0, 0, 0, 0, 0, 0, 0, 0, 0, 0, 0, 0, 0, 0, 0, 0, 0, 0, 0, 0, 0, 0, 0, 0, 0, 0, 0, 0, 0, 0, 0, 0, 0, 0, 0, 0, 0, 0, 0, 0, 0, 0, 0, 0, 0, 0]",285,"[0.4036327600479126, 0.39672622084617615, 0.3933541774749756, 0.38986214995384216, 0.3874622583389282, 0.38421645760536194, 0.38222771883010864, 0.38052254915237427, 0.3798408806324005, 0.3772906959056854, 0.3836093842983246, 0.386496901512146, 0.394264817237854, 0.3966701924800873, 0.4072355628013611, 0.407227098941803, 0.4072294533252716, 0.408193975687027, 0.4074423909187317, 0.40741023421287537, 0.40722671151161194, 0.4072403013706207, 0.4072967767715454, 0.40723395347595215, 0.4075934886932373, 0.40723007917404175, 0.40751147270202637, 0.4076825976371765, 0.40848952531814575, 0.407512366771698, 0.4073159098625183, 0.4075329303741455, 0.40732094645500183, 0.4073065221309662, 0.40740829706192017, 0.40727829933166504, 0.40723511576652527, 0.4072261154651642, 0.4094604253768921, 0.40766242146492004, 0.4075131118297577, 0.4073207378387451, 0.407247394323349, 0.4077460467815399, 0.40824687480926514, 0.4077935814857483, 0.40722981095314026, 0.4079311490058899, 0.4073668420314789, 0.40724343061447144, 0.4077211022377014, 0.4072287678718567, 0.40748292207717896, 0.4076205790042877, 0.40769997239112854, 0.40722960233688354, 0.40734875202178955, 0.40722617506980896, 0.407796174287796, 0.40729400515556335, 0.4073959290981293, 0.4072261154651642, 0.40753933787345886, 0.40746983885765076, 0.40746062994003296, 0.4072272479534149, 0.40723758935928345, 0.4073254466056824, 0.40725502371788025, 0.4081953167915344, 0.4072304666042328, 0.4078732430934906, 0.40729549527168274, 0.40728065371513367, 0.40722939372062683, 0.40729132294654846, 0.4072762429714203, 0.40738415718078613, 0.40762123465538025, 0.4074520766735077, 0.4086679220199585, 0.407247394323349, 0.407267689704895, 0.40724971890449524, 0.4072815775871277, 0.40907877683639526, 0.40950194001197815, 0.4072660207748413, 0.4072277843952179, 0.40723586082458496, 0.4072740972042084, 0.4082687497138977, 0.40748274326324463, 0.4072832465171814, 0.4072420001029968, 0.40772271156311035, 0.4072721600532532, 0.40748313069343567, 0.4072358012199402, 0.40757080912590027, 0.407230943441391, 0.40736156702041626, 0.40724191069602966, 0.40722647309303284, 0.40730148553848267, 0.40754997730255127, 0.4074395000934601, 0.407234787940979, 0.4075700342655182, 0.4074098467826843, 0.4072262942790985, 0.4072657823562622, 0.40747085213661194, 0.4074637293815613, 0.4075908660888672, 0.40761229395866394, 0.40722617506980896, 0.4072342813014984, 0.40726760029792786, 0.407245934009552, 0.407475084066391, 0.40829482674598694, 0.40751031041145325, 0.4073866009712219, 0.4072469472885132, 0.4073622524738312, 0.4073565602302551, 0.4072270095348358, 0.4074423313140869, 0.40760084986686707, 0.40814101696014404, 0.40723174810409546, 0.4073103964328766, 0.40818551182746887, 0.4073691666126251, 0.407338947057724, 0.4076448082923889, 0.4075636565685272, 0.4073373079299927, 0.40723785758018494, 0.40824639797210693, 0.40724432468414307, 0.4072378873825073, 0.4077073633670807, 0.4075027406215668, 0.40734168887138367, 0.4078698754310608, 0.4075987637042999, 0.40742769837379456, 0.40727096796035767, 0.4074125289916992, 0.40724098682403564, 0.4072486460208893, 0.40722769498825073, 0.4072784185409546, 0.40744057297706604, 0.40722715854644775, 0.40729236602783203, 0.4074791669845581, 0.4072812795639038, 0.40732577443122864, 0.4072438180446625, 0.40742552280426025, 0.40727555751800537, 0.4072292447090149, 0.40731942653656006, 0.4073907732963562, 0.4072349965572357, 0.40723028779029846, 0.4077295660972595, 0.4073563516139984, 0.40724068880081177, 0.4073459208011627, 0.40762919187545776, 0.40744340419769287, 0.407317191362381, 0.4072272777557373, 0.4076494574546814, 0.4072602093219757, 0.40726542472839355, 0.40727782249450684, 0.4073413908481598, 0.40756645798683167, 0.40723150968551636, 0.4072321951389313, 0.4072938859462738, 0.4072553515434265, 0.4072303771972656, 0.4078005850315094, 0.4073484539985657, 0.4074934422969818, 0.407274067401886, 0.40841683745384216, 0.40726912021636963, 0.4072318971157074, 0.4076049029827118, 0.4073209762573242, 0.40722620487213135, 0.4074554145336151, 0.4076080322265625, 0.40724286437034607, 0.40749165415763855, 0.40741774439811707, 0.4072270095348358, 0.40725457668304443, 0.40726539492607117, 0.40749743580818176, 0.40726718306541443, 0.4072595238685608, 0.4072898030281067, 0.40759527683258057, 0.40782836079597473, 0.4073053002357483, 0.40722617506980896, 0.40727055072784424, 0.40786507725715637, 0.4078117609024048, 0.40723511576652527, 0.40723028779029846, 0.40727952122688293, 0.40858542919158936, 0.4077613949775696, 0.40746939182281494, 0.40728798508644104, 0.4074733853340149, 0.4072619676589966, 0.4072359800338745, 0.40734022855758667, 0.4072394073009491, 0.4073144495487213, 0.4078236520290375, 0.4075494110584259, 0.40777260065078735, 0.4073216915130615, 0.40726059675216675, 0.4073087275028229, 0.4073822498321533, 0.4072287678718567, 0.407297283411026, 0.4072904884815216, 0.40754660964012146, 0.40725815296173096, 0.40736350417137146, 0.40722617506980896, 0.40776389837265015, 0.4072578549385071, 0.4073396325111389, 0.40723758935928345, 0.4072370231151581, 0.4072522222995758, 0.4073735177516937, 0.4072490632534027, 0.40722641348838806, 0.4079216718673706, 0.4072372317314148, 0.4075230658054352, 0.40725284814834595, 0.40728217363357544, 0.4072268605232239, 0.40723347663879395, 0.4072381258010864, 0.4072321951389313, 0.40723150968551636, 0.4080275595188141, 0.407307505607605, 0.4073163568973541, 0.40768682956695557, 0.4072265326976776, 0.40729010105133057, 0.4072971045970917, 0.4073070287704468, 0.40724581480026245, 0.40750160813331604, 0.40786561369895935, 0.40737468004226685, 0.4073413908481598, 0.40733200311660767, 0.40725889801979065, 0.40778088569641113, 0.40726786851882935, 0.40774551033973694, 0.40722617506980896, 0.4072931408882141, 0.40723639726638794, 0.4072345793247223]",0.0,"[33.0, 33.0, 33.0, 33.0, 33.0, 33.0, 33.0, 33.0, 33.0, 33.0, 6.0, 4.0, 2.0, 1.0, 0.0, 0.0, 0.0, 0.0, 0.0, 0.0, 0.0, 0.0, 0.0, 0.0, 0.0, 0.0, 0.0, 0.0, 0.0, 0.0, 0.0, 0.0, 0.0, 0.0, 0.0, 0.0, 0.0, 0.0, 0.0, 0.0, 0.0, 0.0, 0.0, 0.0, 0.0, 0.0, 0.0, 0.0, 0.0, 0.0, 0.0, 0.0, 0.0, 0.0, 0.0, 0.0, 0.0, 0.0, 0.0, 0.0, 0.0, 0.0, 0.0, 0.0, 0.0, 0.0, 0.0, 0.0, 0.0, 0.0, 0.0, 0.0, 0.0, 0.0, 0.0, 0.0, 0.0, 0.0, 0.0, 0.0, 0.0, 0.0, 0.0, 0.0, 0.0, 0.0, 0.0, 0.0, 0.0, 0.0, 0.0, 0.0, 0.0, 0.0, 0.0, 0.0, 0.0, 0.0, 0.0, 0.0, 0.0, 0.0, 0.0, 0.0, 0.0, 0.0, 0.0, 0.0, 0.0, 0.0, 0.0, 0.0, 0.0, 0.0, 0.0, 0.0, 0.0, 0.0, 0.0, 0.0, 0.0, 0.0, 0.0, 0.0, 0.0, 0.0, 0.0, 0.0, 0.0, 0.0, 0.0, 0.0, 0.0, 0.0, 0.0, 0.0, 0.0, 0.0, 0.0, 0.0, 0.0, 0.0, 0.0, 0.0, 0.0, 0.0, 0.0, 0.0, 0.0, 0.0, 0.0, 0.0, 0.0, 0.0, 0.0, 0.0, 0.0, 0.0, 0.0, 0.0, 0.0, 0.0, 0.0, 0.0, 0.0, 0.0, 0.0, 0.0, 0.0, 0.0, 0.0, 0.0, 0.0, 0.0, 0.0, 0.0, 0.0, 0.0, 0.0, 0.0, 0.0, 0.0, 0.0, 0.0, 0.0, 0.0, 0.0, 0.0, 0.0, 0.0, 0.0, 0.0, 0.0, 0.0, 0.0, 0.0, 0.0, 0.0, 0.0, 0.0, 0.0, 0.0, 0.0, 0.0, 0.0, 0.0, 0.0, 0.0, 0.0, 0.0, 0.0, 0.0, 0.0, 0.0, 0.0, 0.0, 0.0, 0.0, 0.0, 0.0, 0.0, 0.0, 0.0, 0.0, 0.0, 0.0, 0.0, 0.0, 0.0, 0.0, 0.0, 0.0, 0.0, 0.0, 0.0, 0.0, 0.0, 0.0, 0.0, 0.0, 0.0, 0.0, 0.0, 0.0, 0.0, 0.0, 0.0, 0.0, 0.0, 0.0, 0.0, 0.0, 0.0, 0.0, 0.0, 0.0, 0.0, 0.0, 0.0, 0.0, 0.0, 0.0, 0.0, 0.0, 0.0, 0.0, 0.0, 0.0, 0.0, 0.0, 0.0, 0.0, 0.0, 0.0, 0.0, 0.0, 0.0, 0.0, 0.0, 0.0, 0.0, 0.0, 0.0, 0.0, 0.0]",COMPLETE
19,19,0.9374090247452692,2024-08-31 01:29:21.098785,2024-08-31 01:32:05.267800,0 days 00:02:44.169015,1,0.11597286392238498,4,155,0.005456234101980054,78,0.0001636055199020379,0.946,0.93875,33,"[33, 33, 33, 33, 33, 33, 33, 33, 33, 33, 33, 33, 33, 33, 33, 33, 33, 33, 33, 33, 33, 33, 33, 33, 33, 33, 33, 33, 33, 33, 33, 33, 33, 33, 33, 33, 33, 33, 33, 33, 33, 33, 33, 33, 33, 33, 33, 33, 33, 33, 33, 33, 33, 33, 33, 33, 33, 33, 33, 33, 33, 33, 33, 33, 33, 33, 33, 33, 33, 33, 33, 33, 33, 33, 33, 33, 33, 33, 33, 33, 33, 33, 33, 33, 33, 33, 33, 33, 33, 33, 33, 33, 33, 33, 33, 33, 33, 33, 33, 33, 33, 33, 33, 33, 33, 33, 33, 33, 33, 33, 33, 33, 33, 33, 33, 33, 33, 33, 33, 33, 33, 33, 33, 33, 33, 33, 33, 33, 33, 33, 33, 33, 33, 33, 33, 33, 33, 33, 33, 33, 33, 33, 33, 33, 33, 33, 33, 33, 33, 33, 33, 33, 33, 33, 33]",32.95042735042735,"[32.96410256410256, 32.955555555555556, 32.949572649572644, 32.94188034188034, 32.94871794871795, 32.95641025641026, 32.947863247863246, 32.96666666666667, 32.95213675213675, 32.96153846153846, 32.957264957264954, 32.96495726495726, 32.945299145299145, 32.95470085470086, 32.945299145299145, 32.95384615384616, 32.95384615384616, 32.95726495726496, 32.955555555555556, 32.94957264957265, 32.95641025641026, 32.95042735042735, 32.96153846153846, 32.945299145299145, 32.95982905982906, 32.96495726495726, 32.957264957264954, 32.94188034188034, 32.955555555555556, 32.952991452991455, 32.947863247863246, 32.95811965811966, 32.95897435897436, 32.96153846153847, 32.952991452991455, 32.95128205128205, 32.95470085470085, 32.95213675213675, 32.95384615384616, 32.935042735042735, 32.94700854700855, 32.945299145299145, 32.94700854700855, 32.955555555555556, 32.952991452991455, 32.960683760683764, 32.95384615384616, 32.955555555555556, 32.95384615384616, 32.94957264957265, 32.95042735042735, 32.95811965811966, 32.955555555555556, 32.95042735042735, 32.94358974358974, 32.945299145299145, 32.95042735042735, 32.95128205128205, 32.94871794871795, 32.95897435897436, 32.95384615384616, 32.96495726495726, 32.952991452991455, 32.95213675213675, 32.963247863247865, 32.95811965811966, 32.960683760683764, 32.95470085470085, 32.95811965811966, 32.95042735042735, 32.952991452991455, 32.957264957264954, 32.94700854700855, 32.95213675213675, 32.947863247863246, 32.94871794871795, 32.95811965811966, 32.95042735042735, 32.95384615384616, 32.957264957264954, 32.957264957264954, 32.95641025641025, 32.947863247863246, 32.95811965811966, 32.95897435897436, 32.957264957264954, 32.96153846153847, 32.96153846153846, 32.95213675213675, 32.95128205128205, 32.95042735042735, 32.95982905982906, 32.96239316239316, 32.957264957264954, 32.95641025641026, 32.952991452991455, 32.96239316239316, 32.95470085470085, 32.95811965811966, 32.955555555555556, 32.95384615384616, 32.95128205128205, 32.95470085470085, 32.95897435897436, 32.955555555555556, 32.94957264957265, 32.95470085470085, 32.95811965811966, 32.965811965811966, 32.952991452991455, 32.95384615384616, 32.96666666666667, 32.96239316239316, 32.95897435897436, 32.960683760683764, 32.95897435897436, 32.957264957264954, 32.95042735042735, 32.960683760683764, 32.955555555555556, 32.95897435897436, 32.95470085470085, 32.96068376068376, 32.96495726495726, 32.957264957264954, 32.957264957264954, 32.96239316239316, 32.96153846153847, 32.96666666666667, 32.963247863247865, 32.96837606837607, 32.957264957264954, 32.96239316239316, 32.96495726495726, 32.95641025641026, 32.960683760683764, 32.95470085470085, 32.95897435897436, 32.95897435897436, 32.95384615384616, 32.95384615384615, 32.94700854700855, 32.955555555555556, 32.95641025641026, 32.95470085470085, 32.952991452991455, 32.94786324786325, 32.95213675213675, 32.95811965811966, 32.955555555555556, 32.95470085470085, 32.95470085470085, 32.95213675213675, 32.94358974358975, 32.95042735042735]",0.9199299862119072,0.9374090247452692,33,"[33, 33, 33, 33, 33, 33, 33, 33, 33, 33, 33, 33, 33, 33, 33, 33, 33, 33, 33, 33, 33, 33, 33, 33, 33, 33, 33, 33, 33, 33, 33, 33, 33, 33, 33, 33, 33, 33, 33, 33, 33, 33, 33, 33, 33, 33, 33, 33, 33, 33, 33, 33, 33, 33, 33, 33, 33, 33, 33, 33, 33, 33, 33, 33, 33, 33, 33, 33, 33, 33, 33, 33, 33, 33, 33, 33, 33, 33, 33, 33, 33, 33, 33, 33, 33, 33, 33, 33, 33, 33, 33, 33, 33, 33, 33, 33, 33, 33, 33, 33, 33, 33, 33, 33, 33, 33, 33, 33, 33, 33, 33, 33, 33, 33, 33, 33, 33, 33, 33, 33, 33, 33, 33, 33, 33, 33, 33, 33, 33, 33, 33, 33, 33, 33, 33, 33, 33, 33, 33, 33, 33, 33, 33, 33, 33, 33, 33, 33, 33, 33, 33, 33, 33, 33, 33]",155,"[0.3734612762928009, 0.3673609793186188, 0.3552757501602173, 0.35137316584587097, 0.3404672145843506, 0.3373830020427704, 0.33060935139656067, 0.321519672870636, 0.3179877698421478, 0.3058322072029114, 0.2991073727607727, 0.2863307297229767, 0.2777373194694519, 0.2697533667087555, 0.2643148899078369, 0.2585582733154297, 0.25337159633636475, 0.2470472902059555, 0.24462616443634033, 0.24203279614448547, 0.23909957706928253, 0.23350581526756287, 0.2287711352109909, 0.22961780428886414, 0.2229141741991043, 0.22150026261806488, 0.2232489436864853, 0.22541670501232147, 0.21508371829986572, 0.2145414501428604, 0.2126225233078003, 0.20695894956588745, 0.2036994993686676, 0.2043353021144867, 0.21075955033302307, 0.20300845801830292, 0.2001003623008728, 0.20221465826034546, 0.21315866708755493, 0.19726605713367462, 0.19616231322288513, 0.19324111938476562, 0.1952895224094391, 0.19395649433135986, 0.19121862947940826, 0.19697007536888123, 0.19232982397079468, 0.19492444396018982, 0.19824987649917603, 0.19236217439174652, 0.19145077466964722, 0.19197608530521393, 0.18959088623523712, 0.18892791867256165, 0.19112639129161835, 0.19234243035316467, 0.1978827714920044, 0.19230908155441284, 0.1848437637090683, 0.19421079754829407, 0.1955588459968567, 0.18441808223724365, 0.18682488799095154, 0.18764404952526093, 0.18462973833084106, 0.18301662802696228, 0.18343514204025269, 0.1830662190914154, 0.1808825433254242, 0.19028247892856598, 0.18038783967494965, 0.18016166985034943, 0.18186725676059723, 0.18683364987373352, 0.1816965490579605, 0.18366998434066772, 0.18983085453510284, 0.18266944587230682, 0.18397647142410278, 0.1775944083929062, 0.18306152522563934, 0.1786794811487198, 0.17950759828090668, 0.18182140588760376, 0.1856870800256729, 0.18074095249176025, 0.18113252520561218, 0.1850595474243164, 0.19192887842655182, 0.1831810027360916, 0.186546191573143, 0.17841191589832306, 0.1787329912185669, 0.17960356175899506, 0.18020689487457275, 0.1818222552537918, 0.18089383840560913, 0.1791410595178604, 0.1855868548154831, 0.1869337260723114, 0.1812804788351059, 0.182688370347023, 0.18471306562423706, 0.18000420928001404, 0.18579716980457306, 0.1834436058998108, 0.1842026710510254, 0.1753840446472168, 0.1859331578016281, 0.18217742443084717, 0.1813288927078247, 0.1874224990606308, 0.1778099685907364, 0.1986079216003418, 0.18716083467006683, 0.18410517275333405, 0.18724653124809265, 0.19196993112564087, 0.18119920790195465, 0.18036602437496185, 0.17969460785388947, 0.18415983021259308, 0.18425780534744263, 0.18961074948310852, 0.185575470328331, 0.1804323047399521, 0.1818574070930481, 0.18277370929718018, 0.18945568799972534, 0.18264488875865936, 0.21169966459274292, 0.17851115763187408, 0.18966224789619446, 0.1866515725851059, 0.1874726116657257, 0.18495796620845795, 0.18625123798847198, 0.18355707824230194, 0.19493353366851807, 0.18846729397773743, 0.19669382274150848, 0.18753986060619354, 0.18627244234085083, 0.1849711537361145, 0.18881170451641083, 0.18812412023544312, 0.18842321634292603, 0.19452767074108124, 0.18581217527389526, 0.18913212418556213, 0.1957787275314331, 0.19152289628982544, 0.19362851977348328, 0.19838456809520721, 0.1880553960800171]",33.0,"[33.0, 33.0, 33.0, 33.0, 33.0, 33.0, 33.0, 33.0, 33.0, 33.0, 33.0, 33.0, 33.0, 33.0, 33.0, 33.0, 33.0, 33.0, 33.0, 33.0, 33.0, 33.0, 33.0, 33.0, 33.0, 33.0, 33.0, 33.0, 33.0, 33.0, 33.0, 33.0, 33.0, 33.0, 33.0, 33.0, 33.0, 33.0, 33.0, 33.0, 33.0, 33.0, 33.0, 33.0, 33.0, 33.0, 33.0, 33.0, 33.0, 33.0, 33.0, 33.0, 33.0, 33.0, 33.0, 33.0, 33.0, 33.0, 33.0, 33.0, 33.0, 33.0, 33.0, 33.0, 33.0, 33.0, 33.0, 33.0, 33.0, 33.0, 33.0, 33.0, 33.0, 33.0, 33.0, 33.0, 33.0, 33.0, 33.0, 33.0, 33.0, 33.0, 33.0, 33.0, 33.0, 33.0, 33.0, 33.0, 33.0, 33.0, 33.0, 33.0, 33.0, 33.0, 33.0, 33.0, 33.0, 33.0, 33.0, 33.0, 33.0, 33.0, 33.0, 33.0, 33.0, 33.0, 33.0, 33.0, 33.0, 33.0, 33.0, 33.0, 33.0, 33.0, 33.0, 33.0, 33.0, 33.0, 33.0, 33.0, 33.0, 33.0, 33.0, 33.0, 33.0, 33.0, 33.0, 33.0, 33.0, 33.0, 33.0, 33.0, 33.0, 33.0, 33.0, 33.0, 33.0, 33.0, 33.0, 33.0, 33.0, 33.0, 33.0, 33.0, 33.0, 33.0, 33.0, 33.0, 33.0, 33.0, 33.0, 33.0, 33.0, 33.0, 33.0]",COMPLETE
