,number,value,datetime_start,datetime_complete,duration,params_batch_size_scaler,params_constant_learning_rate,params_depth,params_epochs,params_kernel_l2,params_num_trees,params_temperature,user_attrs_accuracy_test,user_attrs_accuracy_valid,user_attrs_approximate_feature_sparsity,user_attrs_approximate_feature_sparsity_history,user_attrs_approximate_weight_sparsity,user_attrs_approximate_weight_sparsity_history,user_attrs_auc_test,user_attrs_auc_valid,user_attrs_feature_sparsity,user_attrs_feature_sparsity_history,user_attrs_num_epochs,user_attrs_val_loss_history,user_attrs_weight_sparsity,user_attrs_weight_sparsity_history,state
123,123,0.9321018665223944,2024-08-31 06:08:47.341850,2024-08-31 06:11:52.195243,0 days 00:03:04.853393,4,0.288710763758659,5,255,0.4107491396260985,94,0.0002654831445853708,0.95,0.955,21,"[33, 33, 33, 33, 33, 33, 33, 33, 33, 33, 33, 33, 33, 33, 33, 33, 33, 33, 33, 33, 33, 33, 33, 33, 33, 33, 33, 33, 33, 33, 33, 33, 33, 33, 33, 33, 33, 33, 33, 33, 33, 33, 33, 33, 33, 33, 33, 33, 33, 33, 33, 33, 33, 33, 33, 33, 33, 33, 33, 33, 33, 33, 33, 33, 33, 33, 33, 33, 33, 33, 33, 33, 33, 32, 32, 32, 31, 30, 30, 29, 29, 29, 28, 26, 25, 25, 25, 24, 24, 24, 23, 23, 23, 23, 23, 23, 23, 23, 23, 23, 23, 23, 23, 23, 23, 22, 22, 21, 21, 21, 21, 21, 21, 21, 21, 21, 21, 21, 21, 21, 21, 21, 21, 21, 21, 21, 21, 21, 21, 21, 21, 21, 21, 21, 21, 21, 21, 21, 21, 21, 21, 21, 21, 21, 21, 21, 21, 21, 21, 21, 21, 21, 21, 21, 21, 21, 21, 21, 21, 21, 21, 21, 21, 21, 21, 21, 21, 21, 21, 21, 21, 21, 21, 21, 21, 21, 21, 21, 21, 21, 21, 21, 21, 21, 21, 21, 21, 21, 21, 21, 21, 21, 21, 21, 21, 21, 21, 21, 21, 21, 21, 21, 21, 21, 21, 21, 21, 21, 21, 21, 21, 21, 21, 21, 21, 21, 21, 21, 21, 21, 21, 21, 21, 21, 21, 21, 21, 21, 21, 21, 21, 21, 21, 21, 21, 21, 21, 21, 21, 21, 21, 21, 21, 21, 21, 21, 21, 21, 21, 21, 21, 21, 21, 21, 21]",20.900137268359643,"[32.93170899107756, 32.920384351406994, 32.927934111187376, 32.925875085792725, 32.92381606039808, 32.92759094028826, 32.92621825669183, 32.92312971859987, 32.92518874399451, 32.93033630748113, 32.92141386410432, 32.92141386410432, 32.9159231297186, 32.920384351407, 32.91866849691146, 32.91729581331503, 32.91420727522306, 32.92347288949897, 32.91729581331503, 32.92415923129719, 32.923472889498974, 32.92141386410432, 32.91935483870968, 32.917638984214136, 32.91832532601236, 32.91420727522306, 32.92072752230611, 32.916609471516814, 32.92381606039808, 32.92827728208648, 32.9289636238847, 32.920041180507894, 32.9159231297186, 32.9159231297186, 32.918668496911465, 32.916609471516814, 32.917638984214136, 32.9159231297186, 32.916609471516814, 32.92141386410432, 32.91798215511325, 32.919011667810565, 32.913177762525734, 32.920041180507894, 32.91901166781057, 32.911461908030205, 32.91455044612217, 32.91695264241592, 32.91729581331503, 32.923472889498974, 32.9248455730954, 32.921070693205216, 32.91798215511325, 32.917295813315036, 32.915236787920385, 32.91695264241592, 32.91249142072753, 32.92518874399451, 32.91969800960879, 32.917638984214136, 32.919011667810565, 32.92312971859986, 32.91352093342485, 32.921070693205216, 32.91455044612217, 32.91249142072752, 32.91352093342484, 32.916609471516814, 32.91626630061771, 32.91008922443377, 32.91077556623198, 32.905971173644474, 32.90082361015786, 31.904598490048045, 31.90562800274537, 31.90905971173644, 30.907687028140014, 29.910432395332876, 29.912491420727523, 28.92004118050789, 28.91180507892931, 28.91901166781057, 27.92004118050789, 25.9248455730954, 24.92312971859986, 24.93067947838023, 24.928620452985584, 23.931708991077553, 23.928620452985587, 23.932052161976667, 22.93273850377488, 22.933768016472204, 22.933081674673986, 22.933081674673986, 22.935140700068633, 22.93170899107756, 22.92793411118737, 22.92827728208648, 22.924502402196296, 22.925875085792725, 22.928620452985584, 22.929993136582013, 22.930336307481124, 22.93719972546328, 22.935140700068636, 21.927247769389158, 21.935483870967744, 20.935140700068636, 20.93548387096774, 20.930679478380235, 20.93170899107756, 20.92964996568291, 20.92656142759094, 20.926218256691833, 20.93239533287577, 20.93067947838023, 20.931022649279342, 20.929306794783802, 20.92964996568291, 20.931365820178446, 20.929993136582016, 20.93445435827042, 20.932052161976664, 20.923129718599863, 20.928963623884695, 20.93170899107756, 20.930679478380235, 20.924502402196293, 20.929993136582016, 20.927934111187373, 20.93136582017845, 20.925875085792722, 20.929306794783802, 20.928963623884695, 20.92964996568291, 20.929993136582016, 20.931022649279342, 20.929649965682913, 20.930679478380235, 20.933424845573096, 20.92827728208648, 20.92690459849005, 20.929306794783802, 20.929306794783802, 20.92999313658202, 20.935483870967744, 20.933081674673986, 20.9337680164722, 20.933424845573093, 20.933768016472207, 20.93239533287577, 20.925875085792725, 20.933081674673986, 20.930336307481127, 20.932738503774882, 20.929993136582016, 20.926904598490047, 20.928963623884695, 20.927590940288265, 20.92312971859986, 20.927934111187373, 20.926218256691836, 20.927934111187373, 20.93067947838023, 20.92587508579273, 20.928963623884695, 20.927247769389155, 20.92827728208648, 20.92690459849005, 20.92999313658202, 20.92553191489362, 20.92518874399451, 20.921413864104327, 20.919698009608787, 20.921413864104323, 20.919354838709676, 20.92004118050789, 20.919698009608783, 20.918325326012354, 20.922100205902538, 20.920384351407, 20.923129718599863, 20.92518874399451, 20.915579958819496, 20.91695264241592, 20.91729581331503, 20.916952642415925, 20.91523678792038, 20.91111873713109, 20.910775566231983, 20.911805078929305, 20.912148249828412, 20.91763898421414, 20.913864104323952, 20.912148249828416, 20.917982155113247, 20.913177762525738, 20.910432395332876, 20.907687028140014, 20.90528483184626, 20.90528483184626, 20.907000686341796, 20.908716540837336, 20.9070006863418, 20.916266300617707, 20.917982155113243, 20.915579958819492, 20.917638984214136, 20.91420727522306, 20.915579958819492, 20.916609471516814, 20.919698009608787, 20.91901166781057, 20.911805078929305, 20.913864104323952, 20.913520933424845, 20.90837336993823, 20.91008922443377, 20.909059711736447, 20.908716540837336, 20.91420727522306, 20.91008922443377, 20.912148249828416, 20.90803019903912, 20.913864104323952, 20.907000686341796, 20.905971173644474, 20.911461908030198, 20.90665751544269, 20.90974605353466, 20.91111873713109, 20.909402882635554, 20.90837336993823, 20.905971173644474, 20.90940288263555, 20.90905971173644, 20.911461908030198, 20.912834591626627, 20.910432395332876, 20.912834591626627, 20.90803019903912, 20.912148249828412, 20.911805078929305, 20.90665751544269, 20.90494166094715, 20.905971173644474, 20.90665751544269, 20.904941660947152, 20.90768702814001, 20.9070006863418, 20.90391214824983, 20.904255319148938, 20.902539464653398, 20.897391901166777, 20.900137268359643]",0.9208629529636144,0.9321018665223944,21,"[33, 33, 33, 33, 33, 33, 33, 33, 33, 33, 33, 33, 33, 33, 33, 33, 33, 33, 33, 33, 33, 33, 33, 33, 33, 33, 33, 33, 33, 33, 33, 33, 33, 33, 33, 33, 33, 33, 33, 33, 33, 33, 33, 33, 33, 33, 33, 33, 33, 33, 33, 33, 33, 33, 33, 33, 33, 33, 33, 33, 33, 33, 33, 33, 33, 33, 33, 33, 33, 33, 33, 33, 33, 32, 32, 32, 31, 30, 30, 29, 29, 29, 28, 26, 25, 25, 25, 24, 24, 24, 23, 23, 23, 23, 23, 23, 23, 23, 23, 23, 23, 23, 23, 23, 23, 22, 22, 21, 21, 21, 21, 21, 21, 21, 21, 21, 21, 21, 21, 21, 21, 21, 21, 21, 21, 21, 21, 21, 21, 21, 21, 21, 21, 21, 21, 21, 21, 21, 21, 21, 21, 21, 21, 21, 21, 21, 21, 21, 21, 21, 21, 21, 21, 21, 21, 21, 21, 21, 21, 21, 21, 21, 21, 21, 21, 21, 21, 21, 21, 21, 21, 21, 21, 21, 21, 21, 21, 21, 21, 21, 21, 21, 21, 21, 21, 21, 21, 21, 21, 21, 21, 21, 21, 21, 21, 21, 21, 21, 21, 21, 21, 21, 21, 21, 21, 21, 21, 21, 21, 21, 21, 21, 21, 21, 21, 21, 21, 21, 21, 21, 21, 21, 21, 21, 21, 21, 21, 21, 21, 21, 21, 21, 21, 21, 21, 21, 21, 21, 21, 21, 21, 21, 21, 21, 21, 21, 21, 21, 21, 21, 21, 21, 21, 21, 21]",255,"[0.39339131116867065, 0.3862757384777069, 0.3783741295337677, 0.3748475909233093, 0.3717380464076996, 0.3676621913909912, 0.3649890124797821, 0.3623986542224884, 0.35905563831329346, 0.35658133029937744, 0.35416179895401, 0.35178500413894653, 0.350343257188797, 0.3466629087924957, 0.34431302547454834, 0.34209465980529785, 0.3401666581630707, 0.33909139037132263, 0.3371318578720093, 0.3340575397014618, 0.331023633480072, 0.32992619276046753, 0.3266744613647461, 0.3238004446029663, 0.3213544189929962, 0.32147976756095886, 0.31593775749206543, 0.31171417236328125, 0.3078339695930481, 0.30458250641822815, 0.30215680599212646, 0.3037763833999634, 0.2945716679096222, 0.29134348034858704, 0.28607362508773804, 0.2831888198852539, 0.2818131446838379, 0.2774166166782379, 0.2748647928237915, 0.27333685755729675, 0.27030470967292786, 0.26841890811920166, 0.2665891945362091, 0.2659337818622589, 0.26513907313346863, 0.2607463300228119, 0.25849950313568115, 0.2589849829673767, 0.2550543248653412, 0.2556553781032562, 0.2522219121456146, 0.2519477307796478, 0.25204193592071533, 0.24949899315834045, 0.24972331523895264, 0.2449348270893097, 0.24488335847854614, 0.24295009672641754, 0.24206699430942535, 0.24272163212299347, 0.24119950830936432, 0.2431732714176178, 0.23752667009830475, 0.23573461174964905, 0.23583680391311646, 0.2341410517692566, 0.23539677262306213, 0.2312716692686081, 0.22951991856098175, 0.22846795618534088, 0.22823280096054077, 0.23039647936820984, 0.22842203080654144, 0.2266886830329895, 0.22477079927921295, 0.22327877581119537, 0.22331802546977997, 0.22278156876564026, 0.2208133488893509, 0.2204865962266922, 0.21973785758018494, 0.2205972522497177, 0.21923953294754028, 0.21993015706539154, 0.21892927587032318, 0.21828392148017883, 0.21820120513439178, 0.2159511148929596, 0.21619361639022827, 0.21637782454490662, 0.21376577019691467, 0.2130463719367981, 0.21100611984729767, 0.21027374267578125, 0.21235691010951996, 0.20943468809127808, 0.20783253014087677, 0.20828776061534882, 0.20794162154197693, 0.20800162851810455, 0.20716489851474762, 0.21537227928638458, 0.20708799362182617, 0.20725220441818237, 0.20397314429283142, 0.20227451622486115, 0.20425674319267273, 0.19784897565841675, 0.1985827386379242, 0.20064720511436462, 0.19726410508155823, 0.1970255970954895, 0.19705361127853394, 0.19660942256450653, 0.19751979410648346, 0.19692769646644592, 0.1959610879421234, 0.19414889812469482, 0.1942024827003479, 0.19271481037139893, 0.19604578614234924, 0.19374579191207886, 0.19520734250545502, 0.1915917843580246, 0.19491447508335114, 0.1936013400554657, 0.1928943246603012, 0.19271820783615112, 0.192882239818573, 0.19014108180999756, 0.19242694973945618, 0.18922048807144165, 0.19518360495567322, 0.18958397209644318, 0.18968185782432556, 0.18893425166606903, 0.18906642496585846, 0.1864859014749527, 0.18737035989761353, 0.18810054659843445, 0.18723835051059723, 0.1890382021665573, 0.18683628737926483, 0.1866055130958557, 0.18922872841358185, 0.18795576691627502, 0.18749958276748657, 0.18578025698661804, 0.18549484014511108, 0.18645304441452026, 0.1854194849729538, 0.18296918272972107, 0.183009535074234, 0.18440872430801392, 0.18292726576328278, 0.1827084720134735, 0.185548797249794, 0.18263019621372223, 0.18183326721191406, 0.18266059458255768, 0.18157285451889038, 0.18200913071632385, 0.1796962022781372, 0.18272079527378082, 0.17983593046665192, 0.1789892315864563, 0.18146468698978424, 0.18299506604671478, 0.1790480762720108, 0.17845982313156128, 0.17852896451950073, 0.17895056307315826, 0.1803186535835266, 0.17986875772476196, 0.1781027615070343, 0.18060553073883057, 0.17666557431221008, 0.1811678260564804, 0.183014377951622, 0.17685072124004364, 0.17789584398269653, 0.17563186585903168, 0.17577612400054932, 0.17975814640522003, 0.18010246753692627, 0.177362322807312, 0.17675405740737915, 0.1807509958744049, 0.17911645770072937, 0.175985187292099, 0.1770814061164856, 0.17654596269130707, 0.17331601679325104, 0.17313705384731293, 0.17657223343849182, 0.17536406219005585, 0.17668159306049347, 0.17473845183849335, 0.1751272827386856, 0.17459231615066528, 0.17628873884677887, 0.17764100432395935, 0.1724172979593277, 0.17510534822940826, 0.1737140268087387, 0.17216287553310394, 0.17035482823848724, 0.17144909501075745, 0.1725250631570816, 0.1724587082862854, 0.17112119495868683, 0.17589248716831207, 0.17288419604301453, 0.1708233803510666, 0.1697186827659607, 0.1685064733028412, 0.17392544448375702, 0.16977782547473907, 0.17070578038692474, 0.17295385897159576, 0.17228643596172333, 0.17209570109844208, 0.17235404253005981, 0.1729496568441391, 0.17281228303909302, 0.17567262053489685, 0.16969893872737885, 0.17317849397659302, 0.16992397606372833, 0.17107555270195007, 0.17734825611114502, 0.17124208807945251, 0.1690729707479477, 0.16832277178764343, 0.16936883330345154, 0.17147865891456604, 0.17229774594306946, 0.16988597810268402, 0.1674875020980835, 0.1680082082748413, 0.17069502174854279, 0.1688814014196396, 0.16843196749687195, 0.16868646442890167, 0.1680721491575241, 0.16917966306209564, 0.1687958687543869, 0.1729230284690857, 0.1698646992444992, 0.16753163933753967, 0.16644252836704254, 0.16914239525794983, 0.16767840087413788, 0.16919340193271637, 0.1689048558473587]",21.0,"[33.0, 33.0, 33.0, 33.0, 33.0, 33.0, 33.0, 33.0, 33.0, 33.0, 33.0, 33.0, 33.0, 33.0, 33.0, 33.0, 33.0, 33.0, 33.0, 33.0, 33.0, 33.0, 33.0, 33.0, 33.0, 33.0, 33.0, 33.0, 33.0, 33.0, 33.0, 33.0, 33.0, 33.0, 33.0, 33.0, 33.0, 33.0, 33.0, 33.0, 33.0, 33.0, 33.0, 33.0, 33.0, 33.0, 33.0, 33.0, 33.0, 33.0, 33.0, 33.0, 33.0, 33.0, 33.0, 33.0, 33.0, 33.0, 33.0, 33.0, 33.0, 33.0, 33.0, 33.0, 33.0, 33.0, 33.0, 33.0, 33.0, 33.0, 33.0, 33.0, 33.0, 32.0, 32.0, 32.0, 31.0, 30.0, 30.0, 29.0, 29.0, 29.0, 28.0, 26.0, 25.0, 25.0, 25.0, 24.0, 24.0, 24.0, 23.0, 23.0, 23.0, 23.0, 23.0, 23.0, 23.0, 23.0, 23.0, 23.0, 23.0, 23.0, 23.0, 23.0, 23.0, 22.0, 22.0, 21.0, 21.0, 21.0, 21.0, 21.0, 21.0, 21.0, 21.0, 21.0, 21.0, 21.0, 21.0, 21.0, 21.0, 21.0, 21.0, 21.0, 21.0, 21.0, 21.0, 21.0, 21.0, 21.0, 21.0, 21.0, 21.0, 21.0, 21.0, 21.0, 21.0, 21.0, 21.0, 21.0, 21.0, 21.0, 21.0, 21.0, 21.0, 21.0, 21.0, 21.0, 21.0, 21.0, 21.0, 21.0, 21.0, 21.0, 21.0, 21.0, 21.0, 21.0, 21.0, 21.0, 21.0, 21.0, 21.0, 21.0, 21.0, 21.0, 21.0, 21.0, 21.0, 21.0, 21.0, 21.0, 21.0, 21.0, 21.0, 21.0, 21.0, 21.0, 21.0, 21.0, 21.0, 21.0, 21.0, 21.0, 21.0, 21.0, 21.0, 21.0, 21.0, 21.0, 21.0, 21.0, 21.0, 21.0, 21.0, 21.0, 21.0, 21.0, 21.0, 21.0, 21.0, 21.0, 21.0, 21.0, 21.0, 21.0, 21.0, 21.0, 21.0, 21.0, 21.0, 21.0, 21.0, 21.0, 21.0, 21.0, 21.0, 21.0, 21.0, 21.0, 21.0, 21.0, 21.0, 21.0, 21.0, 21.0, 21.0, 21.0, 21.0, 21.0, 21.0, 21.0, 21.0, 21.0, 21.0, 21.0, 21.0, 21.0, 21.0, 21.0, 21.0, 21.0, 21.0, 21.0, 21.0, 21.0, 21.0, 21.0, 21.0, 21.0, 21.0, 21.0, 21.0, 21.0, 21.0]",COMPLETE
