,number,value,datetime_start,datetime_complete,duration,params_batch_size_scaler,params_constant_learning_rate,params_depth,params_epochs,params_kernel_l2,params_num_trees,params_temperature,user_attrs_accuracy_test,user_attrs_accuracy_valid,user_attrs_approximate_feature_sparsity,user_attrs_approximate_feature_sparsity_history,user_attrs_approximate_weight_sparsity,user_attrs_approximate_weight_sparsity_history,user_attrs_auc_test,user_attrs_auc_valid,user_attrs_feature_sparsity,user_attrs_feature_sparsity_history,user_attrs_num_epochs,user_attrs_val_loss_history,user_attrs_weight_sparsity,user_attrs_weight_sparsity_history,state
29,29,0.5,2024-08-31 01:58:12.786122,2024-08-31 01:58:41.216492,0 days 00:00:28.430370,64,1.3898014835601031,1,185,0.5491014960284788,84,0.0019960144130348233,0.859,0.85875,0,"[33, 33, 33, 33, 33, 33, 31, 14, 14, 10, 8, 4, 5, 4, 4, 4, 4, 4, 4, 4, 2, 2, 2, 2, 2, 2, 2, 2, 2, 2, 2, 1, 1, 1, 1, 1, 1, 1, 1, 1, 1, 1, 1, 0, 0, 0, 0, 0, 0, 0, 0, 0, 0, 0, 0, 0, 0, 0, 0, 0, 0, 0, 0, 0, 0, 0, 0, 0, 0, 0, 0, 0, 0, 0, 0, 0, 0, 0, 0, 0, 0, 0, 0, 0, 0, 0, 0, 0, 0, 0, 0, 0, 0, 0, 0, 0, 0, 0, 0, 0, 0, 0, 0, 0, 0, 0, 0, 0, 0, 0, 0, 0, 0, 0, 0, 0, 0, 0, 0, 0, 0, 0, 0, 0, 0, 0, 0, 0, 0, 0, 0, 0, 0, 0, 0, 0, 0, 0, 0, 0, 0, 0, 0, 0, 0, 0, 0, 0, 0, 0, 0, 0, 0, 0, 0, 0, 0, 0, 0, 0, 0, 0, 0, 0, 0, 0, 0, 0, 0, 0, 0, 0, 0, 0, 0, 0, 0, 0, 0, 0, 0, 0, 0, 0, 0]",0.0,"[32.976190476190474, 32.98809523809524, 33.0, 33.0, 32.94047619047619, 32.964285714285715, 30.988095238095237, 13.988095238095237, 13.988095238095237, 10.0, 7.988095238095238, 4.0, 5.0, 4.0, 4.0, 4.0, 4.0, 4.0, 4.0, 4.0, 2.0, 2.0, 2.0, 2.0, 2.0, 2.0, 2.0, 1.9880952380952381, 2.0, 2.0, 2.0, 1.0, 1.0, 1.0, 1.0, 1.0, 1.0, 1.0, 1.0, 1.0, 1.0, 1.0, 1.0, 0.0, 0.0, 0.0, 0.0, 0.0, 0.0, 0.0, 0.0, 0.0, 0.0, 0.0, 0.0, 0.0, 0.0, 0.0, 0.0, 0.0, 0.0, 0.0, 0.0, 0.0, 0.0, 0.0, 0.0, 0.0, 0.0, 0.0, 0.0, 0.0, 0.0, 0.0, 0.0, 0.0, 0.0, 0.0, 0.0, 0.0, 0.0, 0.0, 0.0, 0.0, 0.0, 0.0, 0.0, 0.0, 0.0, 0.0, 0.0, 0.0, 0.0, 0.0, 0.0, 0.0, 0.0, 0.0, 0.0, 0.0, 0.0, 0.0, 0.0, 0.0, 0.0, 0.0, 0.0, 0.0, 0.0, 0.0, 0.0, 0.0, 0.0, 0.0, 0.0, 0.0, 0.0, 0.0, 0.0, 0.0, 0.0, 0.0, 0.0, 0.0, 0.0, 0.0, 0.0, 0.0, 0.0, 0.0, 0.0, 0.0, 0.0, 0.0, 0.0, 0.0, 0.0, 0.0, 0.0, 0.0, 0.0, 0.0, 0.0, 0.0, 0.0, 0.0, 0.0, 0.0, 0.0, 0.0, 0.0, 0.0, 0.0, 0.0, 0.0, 0.0, 0.0, 0.0, 0.0, 0.0, 0.0, 0.0, 0.0, 0.0, 0.0, 0.0, 0.0, 0.0, 0.0, 0.0, 0.0, 0.0, 0.0, 0.0, 0.0, 0.0, 0.0, 0.0, 0.0, 0.0, 0.0, 0.0, 0.0, 0.0, 0.0]",0.5,0.5,0,"[33, 33, 33, 33, 33, 33, 31, 14, 14, 10, 8, 4, 5, 4, 4, 4, 4, 4, 4, 4, 2, 2, 2, 2, 2, 2, 2, 2, 2, 2, 2, 1, 1, 1, 1, 1, 1, 1, 1, 1, 1, 1, 1, 0, 0, 0, 0, 0, 0, 0, 0, 0, 0, 0, 0, 0, 0, 0, 0, 0, 0, 0, 0, 0, 0, 0, 0, 0, 0, 0, 0, 0, 0, 0, 0, 0, 0, 0, 0, 0, 0, 0, 0, 0, 0, 0, 0, 0, 0, 0, 0, 0, 0, 0, 0, 0, 0, 0, 0, 0, 0, 0, 0, 0, 0, 0, 0, 0, 0, 0, 0, 0, 0, 0, 0, 0, 0, 0, 0, 0, 0, 0, 0, 0, 0, 0, 0, 0, 0, 0, 0, 0, 0, 0, 0, 0, 0, 0, 0, 0, 0, 0, 0, 0, 0, 0, 0, 0, 0, 0, 0, 0, 0, 0, 0, 0, 0, 0, 0, 0, 0, 0, 0, 0, 0, 0, 0, 0, 0, 0, 0, 0, 0, 0, 0, 0, 0, 0, 0, 0, 0, 0, 0, 0, 0]",185,"[11.195664405822754, 1.2154262065887451, 9.12588882446289, 3.4491586685180664, 4.789632320404053, 1.3749377727508545, 8.587224006652832, 6.705920219421387, 4.895651817321777, 1.220908522605896, 6.814580917358398, 5.906426429748535, 11.018285751342773, 1.808382272720337, 1.9685883522033691, 3.7967376708984375, 8.360761642456055, 9.343592643737793, 5.703367710113525, 5.021137237548828, 0.8621338605880737, 8.866640090942383, 5.474310874938965, 5.9923014640808105, 12.358857154846191, 2.1848177909851074, 4.785159587860107, 1.6304049491882324, 7.891150951385498, 4.67116117477417, 6.787246227264404, 8.96792221069336, 2.0705060958862305, 4.960929870605469, 12.186781883239746, 4.625260353088379, 9.371042251586914, 1.63372802734375, 3.5783791542053223, 11.231897354125977, 2.2929272651672363, 7.759588718414307, 6.836789131164551, 6.414485931396484, 13.273706436157227, 4.5756683349609375, 5.794100284576416, 12.866028785705566, 2.718540906906128, 5.79135274887085, 12.7452974319458, 3.0618438720703125, 10.242162704467773, 0.6884044408798218, 8.320966720581055, 3.404787540435791, 6.748757362365723, 8.831750869750977, 2.4001970291137695, 5.764510631561279, 13.393132209777832, 4.629034519195557, 4.155099868774414, 6.241161346435547, 13.694670677185059, 4.594132900238037, 9.524959564208984, 0.47341209650039673, 7.684269428253174, 6.774179458618164, 5.707711219787598, 12.992758750915527, 3.33005428314209, 10.320526123046875, 1.8980828523635864, 9.166762351989746, 3.042368173599243, 6.191133975982666, 13.196166038513184, 3.7593374252319336, 10.236615180969238, 0.6948236227035522, 7.979239463806152, 10.159632682800293, 5.72032356262207, 13.009543418884277, 4.474639892578125, 11.404315948486328, 2.643979072570801, 10.54568862915039, 0.6675418019294739, 7.977231502532959, 3.187302350997925, 6.466687202453613, 13.275859832763672, 3.726468086242676, 10.77601432800293, 2.1284241676330566, 5.967622756958008, 13.351369857788086, 4.2528815269470215, 10.628409385681152, 0.9673687815666199, 8.712568283081055, 10.569965362548828, 5.31468391418457, 12.48890495300293, 2.48862361907959, 9.392269134521484, 0.548561155796051, 13.089508056640625, 4.329197406768799, 10.782085418701172, 1.6836079359054565, 8.646382331848145, 7.545532703399658, 6.03518009185791, 12.955021858215332, 3.9692625999450684, 11.098491668701172, 2.225456953048706, 5.553723335266113, 12.169273376464844, 2.394442558288574, 0.8637444972991943, 7.950661659240723, 7.524995803833008, 6.489395618438721, 12.367487907409668, 2.479933261871338, 0.4317518472671509, 7.716552734375, 8.362980842590332, 5.451350212097168, 12.755393981933594, 3.5441863536834717, 10.117137908935547, 0.688534677028656, 7.7532572746276855, 7.552242279052734, 6.372268199920654, 13.4858980178833, 3.9365172386169434, 10.990065574645996, 1.666140079498291, 8.671516418457031, 6.707687854766846, 5.6052422523498535, 12.678193092346191, 3.2415378093719482, 10.538818359375, 1.327692985534668, 8.589068412780762, 2.468512535095215, 6.280811786651611, 13.225272178649902, 4.577688217163086, 11.255925178527832, 1.2557835578918457, 8.084000587463379, 6.10792350769043, 6.035402774810791, 13.184526443481445, 3.0715224742889404, 10.448636054992676, 1.8010553121566772, 8.171473503112793, 4.917262554168701, 6.19125509262085, 13.424098014831543, 3.64926815032959, 10.912115097045898, 1.1376028060913086, 7.8514084815979, 10.830789566040039, 5.835454940795898, 12.89709186553955, 3.3477110862731934, 10.65381145477295, 1.2173340320587158, 8.264849662780762, 7.112462043762207, 5.766569137573242, 11.69662094116211, 2.2599639892578125]",0.0,"[33.0, 33.0, 33.0, 33.0, 33.0, 33.0, 31.0, 14.0, 14.0, 10.0, 8.0, 4.0, 5.0, 4.0, 4.0, 4.0, 4.0, 4.0, 4.0, 4.0, 2.0, 2.0, 2.0, 2.0, 2.0, 2.0, 2.0, 2.0, 2.0, 2.0, 2.0, 1.0, 1.0, 1.0, 1.0, 1.0, 1.0, 1.0, 1.0, 1.0, 1.0, 1.0, 1.0, 0.0, 0.0, 0.0, 0.0, 0.0, 0.0, 0.0, 0.0, 0.0, 0.0, 0.0, 0.0, 0.0, 0.0, 0.0, 0.0, 0.0, 0.0, 0.0, 0.0, 0.0, 0.0, 0.0, 0.0, 0.0, 0.0, 0.0, 0.0, 0.0, 0.0, 0.0, 0.0, 0.0, 0.0, 0.0, 0.0, 0.0, 0.0, 0.0, 0.0, 0.0, 0.0, 0.0, 0.0, 0.0, 0.0, 0.0, 0.0, 0.0, 0.0, 0.0, 0.0, 0.0, 0.0, 0.0, 0.0, 0.0, 0.0, 0.0, 0.0, 0.0, 0.0, 0.0, 0.0, 0.0, 0.0, 0.0, 0.0, 0.0, 0.0, 0.0, 0.0, 0.0, 0.0, 0.0, 0.0, 0.0, 0.0, 0.0, 0.0, 0.0, 0.0, 0.0, 0.0, 0.0, 0.0, 0.0, 0.0, 0.0, 0.0, 0.0, 0.0, 0.0, 0.0, 0.0, 0.0, 0.0, 0.0, 0.0, 0.0, 0.0, 0.0, 0.0, 0.0, 0.0, 0.0, 0.0, 0.0, 0.0, 0.0, 0.0, 0.0, 0.0, 0.0, 0.0, 0.0, 0.0, 0.0, 0.0, 0.0, 0.0, 0.0, 0.0, 0.0, 0.0, 0.0, 0.0, 0.0, 0.0, 0.0, 0.0, 0.0, 0.0, 0.0, 0.0, 0.0, 0.0, 0.0, 0.0, 0.0, 0.0, 0.0]",COMPLETE
30,30,0.914802076490062,2024-08-31 01:58:41.222031,2024-08-31 02:00:08.650428,0 days 00:01:27.428397,4,0.5614846482108544,3,180,0.004932858133119476,35,0.00011970484627954421,0.932,0.92,32,"[33, 33, 33, 33, 33, 33, 33, 33, 33, 33, 33, 33, 33, 33, 33, 33, 33, 33, 33, 33, 33, 33, 33, 33, 33, 33, 33, 33, 33, 33, 33, 33, 33, 33, 33, 33, 33, 33, 33, 33, 33, 33, 33, 33, 33, 33, 33, 33, 33, 33, 33, 33, 33, 33, 33, 33, 33, 33, 33, 33, 33, 33, 33, 33, 33, 33, 33, 33, 33, 33, 33, 33, 33, 33, 33, 33, 33, 33, 33, 33, 33, 33, 33, 33, 33, 33, 33, 33, 33, 33, 33, 33, 33, 33, 33, 33, 33, 33, 33, 33, 33, 32, 32, 32, 32, 32, 32, 32, 32, 32, 32, 32, 32, 32, 32, 32, 32, 32, 32, 32, 32, 32, 32, 32, 32, 32, 32, 32, 32, 32, 32, 32, 32, 32, 32, 32, 32, 32, 32, 32, 32, 32, 32, 32, 32, 32, 32, 32, 32, 32, 32, 32, 32, 32, 32, 32, 32, 32, 32, 32, 32, 32, 32, 32, 32, 32, 32, 32, 32, 32, 32, 32, 32, 32, 32, 32, 32, 32, 32, 32]",31.967346938775506,"[32.97959183673469, 32.96734693877551, 32.97959183673469, 32.95510204081633, 32.987755102040815, 32.97959183673469, 32.98367346938775, 32.97551020408163, 32.987755102040815, 32.99183673469388, 32.967346938775506, 32.96326530612245, 32.99183673469388, 32.97959183673469, 32.96734693877551, 32.987755102040815, 32.97142857142857, 32.97551020408163, 32.97142857142857, 32.97551020408163, 32.97959183673469, 32.987755102040815, 32.97959183673469, 32.987755102040815, 32.97551020408163, 32.96734693877551, 32.971428571428575, 32.97551020408163, 32.99183673469388, 32.97959183673469, 32.971428571428575, 32.971428571428575, 32.967346938775506, 32.967346938775506, 32.97551020408163, 32.97959183673469, 32.96326530612245, 32.97959183673469, 32.987755102040815, 32.97959183673469, 32.967346938775506, 32.99183673469388, 32.97959183673469, 32.99183673469388, 32.97959183673469, 32.97551020408163, 32.97142857142857, 32.97142857142857, 32.99591836734694, 32.97959183673469, 32.97551020408163, 32.987755102040815, 32.99183673469388, 32.97551020408163, 32.97142857142857, 32.96326530612245, 32.99591836734694, 32.971428571428575, 32.99591836734694, 32.98367346938775, 32.98367346938775, 32.97959183673469, 32.97959183673469, 32.987755102040815, 32.97959183673469, 32.98367346938775, 32.96326530612245, 32.99183673469388, 32.99591836734694, 32.96326530612245, 32.97551020408163, 32.96326530612245, 32.98367346938775, 32.98367346938775, 32.971428571428575, 32.97959183673469, 32.98367346938775, 32.98367346938775, 32.97551020408163, 32.99183673469388, 32.97142857142857, 32.97959183673469, 32.97142857142857, 32.98367346938775, 32.97959183673469, 32.987755102040815, 32.98367346938775, 32.971428571428575, 32.97959183673469, 32.98367346938775, 32.97142857142857, 32.97551020408163, 32.99183673469388, 32.99183673469388, 32.98367346938775, 32.99183673469388, 32.97551020408163, 32.98367346938775, 32.98367346938775, 32.98367346938775, 32.99183673469388, 31.991836734693877, 31.97551020408163, 31.97959183673469, 31.97959183673469, 31.983673469387753, 31.983673469387753, 31.987755102040815, 31.97551020408163, 31.983673469387753, 31.99591836734694, 31.991836734693877, 31.97959183673469, 31.97959183673469, 31.983673469387753, 31.97551020408163, 31.987755102040815, 31.99591836734694, 31.971428571428568, 31.983673469387753, 31.983673469387753, 31.991836734693877, 31.991836734693877, 31.983673469387753, 31.987755102040815, 31.97959183673469, 31.971428571428568, 31.983673469387753, 31.983673469387753, 31.983673469387753, 31.97959183673469, 31.97142857142857, 31.983673469387753, 31.983673469387753, 31.987755102040815, 31.991836734693877, 31.97959183673469, 31.987755102040815, 31.991836734693877, 31.96734693877551, 31.983673469387753, 31.983673469387753, 31.97959183673469, 31.991836734693877, 31.975510204081633, 31.983673469387753, 31.983673469387753, 31.99591836734694, 31.97959183673469, 31.991836734693877, 31.983673469387753, 31.987755102040815, 31.987755102040815, 31.987755102040815, 31.97551020408163, 31.97959183673469, 31.97959183673469, 31.97959183673469, 31.983673469387753, 31.97959183673469, 31.97551020408163, 31.991836734693877, 31.97959183673469, 31.987755102040815, 31.983673469387753, 31.991836734693877, 31.987755102040815, 31.987755102040815, 31.987755102040815, 31.987755102040815, 31.987755102040815, 31.983673469387753, 31.96734693877551, 31.97142857142857, 31.96734693877551, 31.96326530612245, 31.97959183673469, 31.983673469387753, 31.975510204081633, 31.967346938775506]",0.9109058033834493,0.914802076490062,32,"[33, 33, 33, 33, 33, 33, 33, 33, 33, 33, 33, 33, 33, 33, 33, 33, 33, 33, 33, 33, 33, 33, 33, 33, 33, 33, 33, 33, 33, 33, 33, 33, 33, 33, 33, 33, 33, 33, 33, 33, 33, 33, 33, 33, 33, 33, 33, 33, 33, 33, 33, 33, 33, 33, 33, 33, 33, 33, 33, 33, 33, 33, 33, 33, 33, 33, 33, 33, 33, 33, 33, 33, 33, 33, 33, 33, 33, 33, 33, 33, 33, 33, 33, 33, 33, 33, 33, 33, 33, 33, 33, 33, 33, 33, 33, 33, 33, 33, 33, 33, 33, 32, 32, 32, 32, 32, 32, 32, 32, 32, 32, 32, 32, 32, 32, 32, 32, 32, 32, 32, 32, 32, 32, 32, 32, 32, 32, 32, 32, 32, 32, 32, 32, 32, 32, 32, 32, 32, 32, 32, 32, 32, 32, 32, 32, 32, 32, 32, 32, 32, 32, 32, 32, 32, 32, 32, 32, 32, 32, 32, 32, 32, 32, 32, 32, 32, 32, 32, 32, 32, 32, 32, 32, 32, 32, 32, 32, 32, 32, 32]",180,"[0.3677403926849365, 0.3471262753009796, 0.33304905891418457, 0.31924906373023987, 0.3114221394062042, 0.28766992688179016, 0.27461642026901245, 0.2703808546066284, 0.2596431076526642, 0.25112417340278625, 0.2498326152563095, 0.23896047472953796, 0.23331555724143982, 0.23158562183380127, 0.21546606719493866, 0.21410559117794037, 0.21279892325401306, 0.21018771827220917, 0.20751376450061798, 0.2041068822145462, 0.2007492482662201, 0.20449072122573853, 0.202653706073761, 0.1992664933204651, 0.19938229024410248, 0.19808626174926758, 0.2176768183708191, 0.19049358367919922, 0.18910174071788788, 0.1866588592529297, 0.19501051306724548, 0.18862220644950867, 0.18703681230545044, 0.18971902132034302, 0.19110116362571716, 0.2020089328289032, 0.18592426180839539, 0.19328397512435913, 0.1841036081314087, 0.1853126585483551, 0.19202503561973572, 0.2041798233985901, 0.18063011765480042, 0.18536758422851562, 0.20146790146827698, 0.17841726541519165, 0.1903069168329239, 0.18755239248275757, 0.18421725928783417, 0.18974752724170685, 0.1890696883201599, 0.18464556336402893, 0.182584747672081, 0.20414051413536072, 0.18356376886367798, 0.1937686800956726, 0.18924462795257568, 0.19228769838809967, 0.1896558552980423, 0.18268325924873352, 0.19438894093036652, 0.19030748307704926, 0.19787082076072693, 0.19891805946826935, 0.21922706067562103, 0.20462684333324432, 0.1876315325498581, 0.19359804689884186, 0.19206440448760986, 0.19481170177459717, 0.19051294028759003, 0.1914467066526413, 0.21120035648345947, 0.19928164780139923, 0.19595478475093842, 0.20114482939243317, 0.19569917023181915, 0.19613009691238403, 0.19909554719924927, 0.20740261673927307, 0.20378556847572327, 0.20041099190711975, 0.19649040699005127, 0.19772303104400635, 0.19692926108837128, 0.18830978870391846, 0.19861893355846405, 0.1953110247850418, 0.20991136133670807, 0.2013072818517685, 0.19820620119571686, 0.2179664969444275, 0.20058228075504303, 0.20809805393218994, 0.21448327600955963, 0.2074982225894928, 0.20182086527347565, 0.19745294749736786, 0.20370031893253326, 0.2084798663854599, 0.2054896205663681, 0.20863217115402222, 0.2029351443052292, 0.21314994990825653, 0.21557924151420593, 0.20290611684322357, 0.21359853446483612, 0.20959873497486115, 0.20614966750144958, 0.21761512756347656, 0.21285827457904816, 0.20974887907505035, 0.22127817571163177, 0.2180745005607605, 0.21841321885585785, 0.2325860857963562, 0.22928190231323242, 0.21250174939632416, 0.216413214802742, 0.22141379117965698, 0.2248138040304184, 0.2266467809677124, 0.23274290561676025, 0.22931648790836334, 0.22417689859867096, 0.23803073167800903, 0.2375972419977188, 0.23416218161582947, 0.22684694826602936, 0.2283918261528015, 0.2416093796491623, 0.23772485554218292, 0.23643416166305542, 0.23148545622825623, 0.2380644828081131, 0.2379002720117569, 0.23773512244224548, 0.23954519629478455, 0.23511704802513123, 0.2429131120443344, 0.24837806820869446, 0.24439384043216705, 0.2586812376976013, 0.24839504063129425, 0.25121966004371643, 0.2577660381793976, 0.25366339087486267, 0.2477368414402008, 0.2590728998184204, 0.2553960382938385, 0.25988343358039856, 0.25658103823661804, 0.26301661133766174, 0.2635311782360077, 0.2622428834438324, 0.25994277000427246, 0.2645406424999237, 0.27101656794548035, 0.26876649260520935, 0.260461688041687, 0.26272955536842346, 0.26524195075035095, 0.26662132143974304, 0.2776775062084198, 0.2715648412704468, 0.2805217206478119, 0.28173017501831055, 0.27294883131980896, 0.28209251165390015, 0.2823641300201416, 0.2797025144100189, 0.27346473932266235, 0.27936577796936035, 0.2869527041912079, 0.2848673164844513, 0.2894521653652191, 0.2898147404193878, 0.2875545918941498, 0.2821657061576843, 0.28523507714271545]",32.0,"[33.0, 33.0, 33.0, 33.0, 33.0, 33.0, 33.0, 33.0, 33.0, 33.0, 33.0, 33.0, 33.0, 33.0, 33.0, 33.0, 33.0, 33.0, 33.0, 33.0, 33.0, 33.0, 33.0, 33.0, 33.0, 33.0, 33.0, 33.0, 33.0, 33.0, 33.0, 33.0, 33.0, 33.0, 33.0, 33.0, 33.0, 33.0, 33.0, 33.0, 33.0, 33.0, 33.0, 33.0, 33.0, 33.0, 33.0, 33.0, 33.0, 33.0, 33.0, 33.0, 33.0, 33.0, 33.0, 33.0, 33.0, 33.0, 33.0, 33.0, 33.0, 33.0, 33.0, 33.0, 33.0, 33.0, 33.0, 33.0, 33.0, 33.0, 33.0, 33.0, 33.0, 33.0, 33.0, 33.0, 33.0, 33.0, 33.0, 33.0, 33.0, 33.0, 33.0, 33.0, 33.0, 33.0, 33.0, 33.0, 33.0, 33.0, 33.0, 33.0, 33.0, 33.0, 33.0, 33.0, 33.0, 33.0, 33.0, 33.0, 33.0, 32.0, 32.0, 32.0, 32.0, 32.0, 32.0, 32.0, 32.0, 32.0, 32.0, 32.0, 32.0, 32.0, 32.0, 32.0, 32.0, 32.0, 32.0, 32.0, 32.0, 32.0, 32.0, 32.0, 32.0, 32.0, 32.0, 32.0, 32.0, 32.0, 32.0, 32.0, 32.0, 32.0, 32.0, 32.0, 32.0, 32.0, 32.0, 32.0, 32.0, 32.0, 32.0, 32.0, 32.0, 32.0, 32.0, 32.0, 32.0, 32.0, 32.0, 32.0, 32.0, 32.0, 32.0, 32.0, 32.0, 32.0, 32.0, 32.0, 32.0, 32.0, 32.0, 32.0, 32.0, 32.0, 32.0, 32.0, 32.0, 32.0, 32.0, 32.0, 32.0, 32.0, 32.0, 32.0, 32.0, 32.0, 32.0, 32.0]",COMPLETE
