,number,value,datetime_start,datetime_complete,duration,params_batch_size_scaler,params_constant_learning_rate,params_depth,params_epochs,params_kernel_l2,params_num_trees,params_temperature,user_attrs_accuracy_test,user_attrs_accuracy_valid,user_attrs_approximate_feature_sparsity,user_attrs_approximate_feature_sparsity_history,user_attrs_approximate_weight_sparsity,user_attrs_approximate_weight_sparsity_history,user_attrs_auc_test,user_attrs_auc_valid,user_attrs_feature_sparsity,user_attrs_feature_sparsity_history,user_attrs_num_epochs,user_attrs_val_loss_history,user_attrs_weight_sparsity,user_attrs_weight_sparsity_history,state
106,106,0.7619250041864719,2024-08-31 05:05:11.873547,2024-08-31 05:05:40.962532,0 days 00:00:29.088985,16,0.07016890920229886,4,120,0.17788886714012703,5,0.0048227600647842905,0.887,0.885,31,"[33, 33, 33, 33, 33, 33, 33, 33, 33, 33, 33, 33, 33, 33, 33, 33, 33, 33, 33, 33, 33, 33, 33, 33, 33, 33, 33, 33, 33, 33, 33, 33, 33, 33, 33, 33, 33, 33, 33, 33, 33, 33, 33, 33, 33, 33, 33, 33, 33, 33, 33, 33, 33, 33, 33, 33, 33, 33, 33, 33, 33, 33, 33, 33, 33, 33, 33, 33, 33, 33, 33, 33, 33, 33, 33, 33, 33, 33, 33, 33, 33, 33, 33, 33, 33, 33, 33, 33, 33, 33, 33, 33, 33, 33, 33, 33, 33, 33, 33, 33, 33, 33, 33, 33, 33, 33, 33, 33, 33, 33, 33, 33, 32, 32, 32, 32, 32, 31, 31, 31]",31.0,"[32.946666666666665, 32.946666666666665, 32.93333333333334, 32.946666666666665, 32.96, 32.97333333333333, 32.97333333333333, 32.96, 32.96, 32.986666666666665, 32.96, 33.0, 32.97333333333333, 33.0, 32.986666666666665, 33.0, 32.986666666666665, 32.986666666666665, 32.97333333333333, 32.986666666666665, 32.986666666666665, 32.986666666666665, 32.97333333333333, 33.0, 32.986666666666665, 32.97333333333333, 32.986666666666665, 33.0, 32.97333333333333, 32.986666666666665, 32.986666666666665, 33.0, 32.986666666666665, 32.986666666666665, 33.0, 33.0, 33.0, 33.0, 32.986666666666665, 32.96, 33.0, 32.986666666666665, 33.0, 33.0, 32.986666666666665, 33.0, 32.946666666666665, 32.97333333333333, 32.96, 32.96, 32.97333333333333, 32.97333333333333, 32.97333333333333, 33.0, 32.97333333333333, 32.96, 33.0, 32.96, 32.96, 33.0, 32.97333333333333, 32.97333333333333, 32.986666666666665, 32.986666666666665, 33.0, 32.986666666666665, 32.96, 32.986666666666665, 32.986666666666665, 33.0, 32.986666666666665, 33.0, 33.0, 32.97333333333333, 33.0, 33.0, 33.0, 32.986666666666665, 33.0, 32.986666666666665, 32.97333333333333, 33.0, 33.0, 33.0, 32.986666666666665, 32.97333333333333, 32.986666666666665, 32.986666666666665, 33.0, 32.986666666666665, 32.96, 33.0, 32.97333333333333, 32.946666666666665, 32.986666666666665, 32.97333333333333, 32.986666666666665, 32.96, 32.97333333333333, 32.986666666666665, 33.0, 32.986666666666665, 33.0, 32.97333333333333, 33.0, 32.986666666666665, 32.97333333333333, 32.96, 32.946666666666665, 32.96, 32.986666666666665, 32.97333333333333, 31.973333333333333, 31.96, 31.973333333333333, 31.96, 31.986666666666665, 30.96, 30.973333333333333, 31.0]",0.7892155648577018,0.7619250041864719,31,"[33, 33, 33, 33, 33, 33, 33, 33, 33, 33, 33, 33, 33, 33, 33, 33, 33, 33, 33, 33, 33, 33, 33, 33, 33, 33, 33, 33, 33, 33, 33, 33, 33, 33, 33, 33, 33, 33, 33, 33, 33, 33, 33, 33, 33, 33, 33, 33, 33, 33, 33, 33, 33, 33, 33, 33, 33, 33, 33, 33, 33, 33, 33, 33, 33, 33, 33, 33, 33, 33, 33, 33, 33, 33, 33, 33, 33, 33, 33, 33, 33, 33, 33, 33, 33, 33, 33, 33, 33, 33, 33, 33, 33, 33, 33, 33, 33, 33, 33, 33, 33, 33, 33, 33, 33, 33, 33, 33, 33, 33, 33, 33, 32, 32, 32, 32, 32, 31, 31, 31]",120,"[0.7156952023506165, 0.6414843201637268, 0.595172643661499, 0.5644583702087402, 0.5433531403541565, 0.5282782316207886, 0.517350971698761, 0.5089032053947449, 0.5022878050804138, 0.49699482321739197, 0.49266356229782104, 0.4890056550502777, 0.4858831465244293, 0.4830823838710785, 0.4805048704147339, 0.47816041111946106, 0.4759748578071594, 0.4739229083061218, 0.4719647169113159, 0.4701521396636963, 0.4683729112148285, 0.4667092561721802, 0.46512213349342346, 0.4635881781578064, 0.4620846211910248, 0.4605956971645355, 0.4591655433177948, 0.45778679847717285, 0.45642372965812683, 0.4550868570804596, 0.4537791311740875, 0.4525214433670044, 0.45127251744270325, 0.4500519931316376, 0.4488976001739502, 0.4477134048938751, 0.4465581178665161, 0.445430189371109, 0.44435787200927734, 0.4432551860809326, 0.4422258734703064, 0.44116222858428955, 0.44011539220809937, 0.4391167163848877, 0.43809881806373596, 0.4370580315589905, 0.43608641624450684, 0.4350975453853607, 0.4341496229171753, 0.43317654728889465, 0.4322511553764343, 0.4313347339630127, 0.4304543733596802, 0.4295472800731659, 0.42864173650741577, 0.42773398756980896, 0.4268510937690735, 0.4260234832763672, 0.4251357614994049, 0.4242718517780304, 0.42344364523887634, 0.42259788513183594, 0.4217877686023712, 0.42095115780830383, 0.4201193153858185, 0.41930991411209106, 0.41846856474876404, 0.4176807105541229, 0.4168623089790344, 0.4160536229610443, 0.4152381420135498, 0.41447436809539795, 0.4137021601200104, 0.41295433044433594, 0.41211479902267456, 0.4113747775554657, 0.41056662797927856, 0.4098246097564697, 0.4090675413608551, 0.4083064794540405, 0.4075579047203064, 0.40679991245269775, 0.40609320998191833, 0.4053906500339508, 0.4046499729156494, 0.4039359986782074, 0.4032265543937683, 0.40250587463378906, 0.40181925892829895, 0.40111973881721497, 0.40041080117225647, 0.39969784021377563, 0.3990365266799927, 0.3983484208583832, 0.3976159989833832, 0.39690962433815, 0.39623722434043884, 0.39556998014450073, 0.39493733644485474, 0.39427876472473145, 0.3936288058757782, 0.39295533299446106, 0.39227616786956787, 0.391615092754364, 0.3909493386745453, 0.3903251588344574, 0.3896884024143219, 0.3890308439731598, 0.38841575384140015, 0.387810617685318, 0.38712504506111145, 0.3864978551864624, 0.3848789930343628, 0.38426947593688965, 0.3836977481842041, 0.3830914795398712, 0.38249632716178894, 0.38071590662002563, 0.38014134764671326, 0.37960559129714966]",31.0,"[33.0, 33.0, 33.0, 33.0, 33.0, 33.0, 33.0, 33.0, 33.0, 33.0, 33.0, 33.0, 33.0, 33.0, 33.0, 33.0, 33.0, 33.0, 33.0, 33.0, 33.0, 33.0, 33.0, 33.0, 33.0, 33.0, 33.0, 33.0, 33.0, 33.0, 33.0, 33.0, 33.0, 33.0, 33.0, 33.0, 33.0, 33.0, 33.0, 33.0, 33.0, 33.0, 33.0, 33.0, 33.0, 33.0, 33.0, 33.0, 33.0, 33.0, 33.0, 33.0, 33.0, 33.0, 33.0, 33.0, 33.0, 33.0, 33.0, 33.0, 33.0, 33.0, 33.0, 33.0, 33.0, 33.0, 33.0, 33.0, 33.0, 33.0, 33.0, 33.0, 33.0, 33.0, 33.0, 33.0, 33.0, 33.0, 33.0, 33.0, 33.0, 33.0, 33.0, 33.0, 33.0, 33.0, 33.0, 33.0, 33.0, 33.0, 33.0, 33.0, 33.0, 33.0, 33.0, 33.0, 33.0, 33.0, 33.0, 33.0, 33.0, 33.0, 33.0, 33.0, 33.0, 33.0, 33.0, 33.0, 33.0, 33.0, 33.0, 33.0, 32.0, 32.0, 32.0, 32.0, 32.0, 31.0, 31.0, 31.0]",COMPLETE
107,107,0.5,2024-08-31 05:05:43.110411,2024-08-31 05:08:06.990342,0 days 00:02:23.879931,1,2.9428401060585183,1,240,0.06128261657782193,84,0.0041550333971598396,0.141,0.14125,0,"[20, 20, 20, 20, 20, 20, 20, 20, 19, 19, 20, 19, 19, 19, 19, 19, 19, 19, 19, 19, 19, 19, 19, 19, 19, 19, 19, 18, 18, 18, 19, 19, 18, 18, 18, 18, 18, 18, 18, 18, 18, 18, 18, 18, 18, 18, 18, 18, 18, 18, 18, 18, 18, 18, 18, 18, 18, 18, 18, 18, 18, 18, 18, 18, 18, 18, 18, 18, 19, 19, 19, 18, 18, 18, 18, 18, 18, 19, 19, 19, 19, 19, 19, 19, 19, 19, 19, 19, 19, 19, 19, 19, 19, 19, 19, 19, 19, 19, 19, 19, 19, 19, 19, 19, 19, 19, 19, 19, 19, 19, 19, 19, 19, 19, 19, 19, 19, 19, 19, 19, 19, 19, 19, 19, 19, 19, 19, 19, 19, 19, 19, 19, 19, 19, 19, 19, 19, 19, 19, 19, 19, 19, 19, 18, 18, 18, 18, 18, 18, 18, 18, 18, 18, 18, 18, 18, 18, 18, 16, 18, 18, 18, 18, 18, 18, 17, 18, 18, 16, 18, 18, 18, 18, 18, 18, 17, 16, 12, 14, 9, 10, 9, 11, 9, 14, 12, 12, 14, 13, 10, 12, 10, 11, 10, 14, 11, 7, 5, 3, 1, 3, 1, 1, 3, 4, 4, 10, 5, 4, 5, 4, 2, 0, 0, 0, 0, 0, 0, 0, 0, 0, 0, 0, 0, 0, 0, 0, 0, 0, 0, 0, 0, 0, 0, 0, 0, 0, 0, 0, 0]",0.0,"[20.0, 20.0, 20.0, 19.988095238095237, 20.0, 20.0, 20.0, 20.0, 19.0, 19.0, 19.988095238095237, 19.0, 19.0, 19.0, 19.0, 19.0, 19.0, 18.92857142857143, 18.80952380952381, 18.785714285714285, 18.773809523809522, 18.75, 18.63095238095238, 18.55952380952381, 18.535714285714285, 18.476190476190474, 18.357142857142858, 17.357142857142858, 17.357142857142858, 17.357142857142858, 18.285714285714285, 18.273809523809526, 17.32142857142857, 17.30952380952381, 17.178571428571427, 17.01190476190476, 16.928571428571427, 16.857142857142858, 16.857142857142858, 16.82142857142857, 16.714285714285715, 16.714285714285715, 16.69047619047619, 16.63095238095238, 16.5, 16.392857142857142, 16.178571428571427, 15.988095238095239, 15.904761904761905, 15.86904761904762, 15.821428571428571, 15.797619047619047, 15.69047619047619, 15.619047619047619, 15.511904761904761, 15.297619047619047, 15.226190476190478, 15.19047619047619, 15.19047619047619, 15.142857142857144, 15.083333333333332, 14.952380952380953, 14.916666666666666, 14.80952380952381, 14.726190476190476, 14.714285714285715, 14.702380952380953, 14.666666666666666, 15.369047619047619, 15.428571428571429, 15.297619047619047, 14.404761904761905, 14.142857142857144, 13.952380952380953, 13.797619047619047, 13.69047619047619, 13.583333333333332, 14.214285714285715, 14.19047619047619, 14.166666666666668, 14.190476190476192, 14.166666666666668, 14.130952380952381, 14.107142857142858, 14.083333333333336, 13.964285714285715, 13.92857142857143, 13.833333333333332, 13.857142857142858, 13.738095238095237, 13.654761904761903, 13.642857142857142, 13.57142857142857, 13.619047619047617, 13.547619047619047, 13.547619047619047, 13.488095238095237, 13.285714285714285, 13.166666666666666, 13.0, 12.738095238095237, 12.440476190476192, 12.404761904761905, 12.297619047619047, 12.273809523809522, 12.154761904761905, 11.916666666666668, 11.678571428571429, 11.583333333333334, 11.5, 11.547619047619047, 11.547619047619047, 11.547619047619047, 11.547619047619047, 11.547619047619047, 11.404761904761905, 11.214285714285714, 11.035714285714285, 11.047619047619047, 10.904761904761905, 10.952380952380953, 10.880952380952381, 10.607142857142858, 10.404761904761905, 10.30952380952381, 10.297619047619047, 10.023809523809524, 9.797619047619047, 9.69047619047619, 9.523809523809524, 9.285714285714285, 9.083333333333334, 8.75, 8.5, 8.273809523809524, 8.107142857142858, 8.0, 7.833333333333333, 7.809523809523809, 7.7023809523809526, 7.6309523809523805, 7.476190476190476, 7.309523809523809, 6.6309523809523805, 6.416666666666667, 6.2023809523809526, 6.130952380952381, 6.023809523809524, 5.928571428571429, 5.7023809523809526, 5.666666666666667, 5.6190476190476195, 5.5476190476190474, 5.535714285714286, 5.4642857142857135, 5.345238095238095, 5.321428571428571, 5.238095238095238, 4.583333333333334, 4.928571428571429, 4.869047619047619, 4.75, 4.4523809523809526, 4.380952380952381, 4.178571428571429, 3.9642857142857144, 4.142857142857142, 4.011904761904762, 3.4523809523809526, 3.583333333333333, 3.5595238095238093, 3.4285714285714284, 3.2976190476190474, 3.2976190476190474, 3.2261904761904763, 3.011904761904762, 2.821428571428571, 1.9880952380952381, 2.0, 1.3214285714285714, 1.3214285714285712, 1.119047619047619, 1.2023809523809523, 1.0714285714285716, 1.380952380952381, 1.0952380952380951, 1.1071428571428572, 1.0357142857142856, 1.0238095238095237, 0.6785714285714286, 0.6666666666666665, 0.6309523809523809, 0.6190476190476191, 0.6309523809523809, 0.4404761904761904, 0.4285714285714285, 0.25, 0.22619047619047616, 0.15476190476190477, 0.05952380952380952, 0.09523809523809523, 0.05952380952380952, 0.05952380952380952, 0.10714285714285714, 0.11904761904761904, 0.15476190476190474, 0.22619047619047616, 0.20238095238095236, 0.17857142857142855, 0.20238095238095238, 0.16666666666666666, 0.13095238095238093, 0.0, 0.0, 0.0, 0.0, 0.0, 0.0, 0.0, 0.0, 0.0, 0.0, 0.0, 0.0, 0.0, 0.0, 0.0, 0.0, 0.0, 0.0, 0.0, 0.0, 0.0, 0.0, 0.0, 0.0, 0.0, 0.0, 0.0, 0.0]",0.5,0.5,0,"[20, 20, 20, 20, 20, 20, 20, 20, 19, 19, 20, 19, 19, 19, 19, 19, 19, 19, 19, 19, 19, 19, 19, 19, 19, 19, 19, 18, 18, 18, 19, 19, 18, 18, 18, 18, 18, 18, 18, 18, 18, 18, 18, 18, 18, 18, 18, 18, 18, 18, 18, 18, 18, 18, 18, 18, 18, 18, 18, 18, 18, 18, 18, 18, 18, 18, 18, 18, 19, 19, 19, 18, 18, 18, 18, 18, 18, 19, 19, 19, 19, 19, 19, 19, 19, 19, 19, 19, 19, 19, 19, 19, 19, 19, 19, 19, 19, 19, 19, 19, 19, 19, 19, 19, 19, 19, 19, 19, 19, 19, 19, 19, 19, 19, 19, 19, 19, 19, 19, 19, 19, 19, 19, 19, 19, 19, 19, 19, 19, 19, 19, 19, 19, 19, 19, 19, 19, 19, 19, 19, 19, 19, 19, 18, 18, 18, 18, 18, 18, 18, 18, 18, 18, 18, 18, 18, 18, 18, 16, 18, 18, 18, 18, 18, 18, 17, 18, 18, 16, 18, 18, 18, 18, 18, 18, 17, 16, 12, 14, 9, 10, 9, 11, 9, 14, 12, 12, 14, 13, 10, 12, 10, 11, 10, 14, 11, 7, 5, 3, 1, 3, 1, 1, 3, 4, 4, 10, 5, 4, 5, 4, 2, 0, 0, 0, 0, 0, 0, 0, 0, 0, 0, 0, 0, 0, 0, 0, 0, 0, 0, 0, 0, 0, 0, 0, 0, 0, 0, 0, 0]",240,"[7.442928314208984, 18.8568172454834, 3.8349344730377197, 13.360884666442871, 7.689453601837158, 10.965802192687988, 4.146620273590088, 4.263543128967285, 20.962430953979492, 9.527896881103516, 7.423825263977051, 5.6754536628723145, 22.33989715576172, 7.95498514175415, 6.6548237800598145, 7.385844707489014, 6.9553728103637695, 9.268210411071777, 5.5030517578125, 5.2612457275390625, 6.465768337249756, 4.74590539932251, 6.585707187652588, 14.320914268493652, 7.6071248054504395, 5.4710493087768555, 19.581817626953125, 14.545483589172363, 11.282671928405762, 6.206535816192627, 6.5119123458862305, 19.7897891998291, 8.889891624450684, 21.045120239257812, 6.098576068878174, 4.332474708557129, 4.989050388336182, 7.249422550201416, 8.43221664428711, 9.449204444885254, 4.62971305847168, 5.256478309631348, 4.502013683319092, 7.6754326820373535, 6.868981838226318, 18.213916778564453, 14.71227741241455, 3.9844629764556885, 11.837132453918457, 5.94375467300415, 6.378353118896484, 19.9552059173584, 7.7956318855285645, 21.939495086669922, 6.024996280670166, 5.046675205230713, 9.140981674194336, 11.727503776550293, 5.229961395263672, 21.37857437133789, 11.269356727600098, 6.457153797149658, 6.522603988647461, 4.461488246917725, 7.8398566246032715, 8.055685043334961, 12.655797958374023, 16.472078323364258, 5.5660223960876465, 5.106995105743408, 29.51443099975586, 7.062090873718262, 5.392586708068848, 9.422133445739746, 14.477331161499023, 11.459017753601074, 7.7652692794799805, 24.576519012451172, 18.214950561523438, 7.63584041595459, 5.4728827476501465, 8.356093406677246, 10.946820259094238, 12.874058723449707, 9.622377395629883, 9.210803985595703, 10.742488861083984, 5.720836162567139, 6.929502010345459, 5.1870436668396, 8.690034866333008, 3.983609914779663, 8.860527038574219, 9.889640808105469, 5.058610916137695, 6.521336078643799, 5.11902379989624, 7.102941989898682, 35.763736724853516, 9.0427827835083, 7.668971061706543, 5.061596393585205, 34.492313385009766, 6.714418411254883, 4.8491716384887695, 16.171667098999023, 13.212651252746582, 4.990657329559326, 14.142260551452637, 19.727039337158203, 34.94301986694336, 11.66513442993164, 27.84427261352539, 31.858747482299805, 18.589448928833008, 5.80078125, 11.606532096862793, 27.259204864501953, 6.552603721618652, 21.140369415283203, 5.648870944976807, 26.470991134643555, 17.418516159057617, 6.9343085289001465, 12.078640937805176, 32.366493225097656, 5.770138740539551, 34.808448791503906, 5.714372634887695, 32.632755279541016, 30.380708694458008, 7.860677719116211, 32.551639556884766, 17.96047019958496, 8.476279258728027, 13.006536483764648, 53.9332275390625, 11.996415138244629, 21.41714096069336, 8.906888008117676, 24.52269744873047, 9.066731452941895, 6.198651313781738, 12.023273468017578, 13.36642074584961, 8.666617393493652, 20.1625919342041, 6.284583568572998, 39.895538330078125, 45.462764739990234, 13.751755714416504, 7.368772983551025, 41.9783935546875, 26.556108474731445, 64.72370147705078, 7.350862979888916, 9.898168563842773, 33.002994537353516, 7.376026153564453, 27.69072723388672, 6.164330005645752, 11.364867210388184, 49.974761962890625, 25.682992935180664, 51.062896728515625, 12.173700332641602, 34.67342758178711, 8.032875061035156, 22.533700942993164, 15.267613410949707, 28.16546058654785, 12.556108474731445, 8.684255599975586, 9.842628479003906, 16.086837768554688, 46.953163146972656, 7.6153364181518555, 11.178877830505371, 11.978100776672363, 23.714170455932617, 8.361902236938477, 8.628270149230957, 26.138233184814453, 15.742972373962402, 12.254725456237793, 6.476447105407715, 12.240608215332031, 6.380844593048096, 7.710593223571777, 14.116031646728516, 25.994478225708008, 12.729240417480469, 26.499404907226562, 8.143277168273926, 27.956008911132812, 13.852524757385254, 10.116436004638672, 6.723370552062988, 8.07028865814209, 3.850428819656372, 4.52915096282959, 22.417922973632812, 57.9564323425293, 60.980003356933594, 17.07366180419922, 18.0950984954834, 27.806821823120117, 58.4620361328125, 49.536685943603516, 46.333126068115234, 40.529483795166016, 41.531044006347656, 19.6726016998291, 13.074790000915527, 45.859779357910156, 24.036523818969727, 2.2133355140686035, 119.22074890136719, 28.40054702758789, 6.577410697937012, 54.58778381347656, 32.76453399658203, 10.941293716430664, 58.951698303222656, 37.128448486328125, 15.30525016784668, 63.31549835205078, 41.4924430847168, 19.669157028198242, 13.095418930053711, 45.856449127197266, 24.033308029174805, 2.210085153579712, 50.22049331665039, 28.397388458251953, 6.574175834655762, 54.58448791503906, 32.7612419128418, 10.938055038452148, 66.17769622802734]",0.0,"[20.0, 20.0, 20.0, 20.0, 20.0, 20.0, 20.0, 20.0, 19.0, 19.0, 19.988095238095237, 19.0, 19.0, 19.0, 19.0, 19.0, 19.0, 19.0, 19.0, 19.0, 19.0, 19.0, 19.0, 19.0, 19.0, 19.0, 19.0, 18.0, 18.0, 18.0, 18.964285714285715, 18.964285714285715, 18.0, 18.0, 18.0, 18.0, 18.0, 18.0, 18.0, 18.0, 18.0, 18.0, 18.0, 18.0, 18.0, 18.0, 18.0, 18.0, 18.0, 18.0, 18.0, 18.0, 18.0, 18.0, 18.0, 18.0, 18.0, 18.0, 18.0, 18.0, 18.0, 18.0, 18.0, 18.0, 18.0, 18.0, 18.0, 18.0, 18.86904761904762, 18.86904761904762, 18.86904761904762, 18.0, 18.0, 18.0, 18.0, 18.0, 18.0, 18.86904761904762, 18.86904761904762, 18.86904761904762, 18.86904761904762, 18.86904761904762, 18.86904761904762, 18.86904761904762, 18.86904761904762, 18.86904761904762, 18.86904761904762, 18.86904761904762, 18.86904761904762, 18.86904761904762, 18.86904761904762, 18.86904761904762, 18.86904761904762, 18.86904761904762, 18.86904761904762, 18.86904761904762, 18.86904761904762, 18.86904761904762, 18.86904761904762, 18.86904761904762, 18.86904761904762, 18.86904761904762, 18.86904761904762, 18.86904761904762, 18.86904761904762, 18.86904761904762, 18.86904761904762, 18.86904761904762, 18.86904761904762, 18.86904761904762, 18.86904761904762, 18.86904761904762, 18.86904761904762, 18.86904761904762, 18.86904761904762, 18.86904761904762, 18.86904761904762, 18.86904761904762, 18.86904761904762, 18.86904761904762, 18.86904761904762, 18.86904761904762, 18.86904761904762, 18.86904761904762, 18.86904761904762, 18.86904761904762, 18.86904761904762, 18.86904761904762, 18.86904761904762, 18.86904761904762, 18.86904761904762, 18.86904761904762, 18.86904761904762, 18.86904761904762, 18.86904761904762, 18.86904761904762, 18.86904761904762, 18.86904761904762, 18.86904761904762, 18.86904761904762, 18.86904761904762, 18.86904761904762, 18.86904761904762, 18.0, 18.0, 18.0, 18.0, 18.0, 18.0, 18.0, 18.0, 18.0, 18.0, 18.0, 18.0, 18.0, 18.0, 18.0, 16.0, 17.285714285714285, 17.285714285714285, 17.285714285714285, 17.285714285714285, 17.285714285714285, 16.916666666666664, 16.285714285714285, 16.916666666666664, 16.916666666666664, 14.547619047619047, 15.773809523809526, 15.773809523809526, 15.773809523809526, 15.773809523809526, 15.773809523809526, 15.773809523809526, 15.154761904761905, 14.535714285714286, 10.80952380952381, 11.55952380952381, 7.773809523809524, 8.297619047619047, 7.285714285714285, 8.428571428571427, 7.285714285714285, 10.142857142857142, 8.976190476190474, 8.928571428571429, 10.035714285714285, 9.476190476190474, 7.321428571428571, 8.392857142857142, 7.285714285714286, 7.833333333333334, 7.285714285714286, 8.44047619047619, 6.809523809523808, 4.2142857142857135, 3.1428571428571423, 2.0238095238095237, 1.0, 2.0238095238095237, 1.0, 1.0, 2.0238095238095237, 2.5357142857142856, 2.5357142857142856, 5.607142857142857, 3.0476190476190474, 2.5357142857142856, 3.0476190476190474, 2.5357142857142856, 1.5119047619047619, 0.0, 0.0, 0.0, 0.0, 0.0, 0.0, 0.0, 0.0, 0.0, 0.0, 0.0, 0.0, 0.0, 0.0, 0.0, 0.0, 0.0, 0.0, 0.0, 0.0, 0.0, 0.0, 0.0, 0.0, 0.0, 0.0, 0.0, 0.0]",COMPLETE
