,number,value,datetime_start,datetime_complete,duration,params_batch_size_scaler,params_constant_learning_rate,params_depth,params_epochs,params_kernel_l2,params_num_trees,params_temperature,user_attrs_accuracy_test,user_attrs_accuracy_valid,user_attrs_approximate_feature_sparsity,user_attrs_approximate_feature_sparsity_history,user_attrs_approximate_weight_sparsity,user_attrs_approximate_weight_sparsity_history,user_attrs_auc_test,user_attrs_auc_valid,user_attrs_feature_sparsity,user_attrs_feature_sparsity_history,user_attrs_num_epochs,user_attrs_val_loss_history,user_attrs_weight_sparsity,user_attrs_weight_sparsity_history,state
38,38,0.5,2024-08-31 02:14:07.035955,2024-08-31 02:16:38.201981,0 days 00:02:31.166026,4,1.882117720993987,5,175,0.013868553683883825,84,0.006107386188103478,0.859,0.85875,0,"[0, 0, 0, 0, 0, 0, 0, 0, 0, 0, 0, 0, 0, 0, 0, 0, 0, 0, 0, 0, 0, 0, 0, 0, 0, 0, 0, 0, 0, 0, 0, 0, 0, 0, 0, 0, 0, 0, 0, 0, 0, 0, 0, 0, 0, 0, 0, 0, 0, 0, 0, 0, 0, 0, 0, 0, 0, 0, 0, 0, 0, 0, 0, 0, 0, 0, 0, 0, 0, 0, 0, 0, 0, 0, 0, 0, 0, 0, 0, 0, 0, 0, 0, 0, 0, 0, 0, 0, 0, 0, 0, 0, 0, 0, 0, 0, 0, 0, 0, 0, 0, 0, 0, 0, 0, 0, 0, 0, 0, 0, 0, 0, 0, 0, 0, 0, 0, 0, 0, 0, 0, 0, 0, 0, 0, 0, 0, 0, 0, 0, 0, 0, 0, 0, 0, 0, 0, 0, 0, 0, 0, 0, 0, 0, 0, 0, 0, 0, 0, 0, 0, 0, 0, 0, 0, 0, 0, 0, 0, 0, 0, 0, 0, 0, 0, 0, 0, 0, 0, 0, 0, 0, 0, 0, 0]",0.0,"[0.0, 0.0, 0.0, 0.0, 0.0, 0.0, 0.0, 0.0, 0.0, 0.0, 0.0, 0.0, 0.0, 0.0, 0.0, 0.0, 0.0, 0.0, 0.0, 0.0, 0.0, 0.0, 0.0, 0.0, 0.0, 0.0, 0.0, 0.0, 0.0, 0.0, 0.0, 0.0, 0.0, 0.0, 0.0, 0.0, 0.0, 0.0, 0.0, 0.0, 0.0, 0.0, 0.0, 0.0, 0.0, 0.0, 0.0, 0.0, 0.0, 0.0, 0.0, 0.0, 0.0, 0.0, 0.0, 0.0, 0.0, 0.0, 0.0, 0.0, 0.0, 0.0, 0.0, 0.0, 0.0, 0.0, 0.0, 0.0, 0.0, 0.0, 0.0, 0.0, 0.0, 0.0, 0.0, 0.0, 0.0, 0.0, 0.0, 0.0, 0.0, 0.0, 0.0, 0.0, 0.0, 0.0, 0.0, 0.0, 0.0, 0.0, 0.0, 0.0, 0.0, 0.0, 0.0, 0.0, 0.0, 0.0, 0.0, 0.0, 0.0, 0.0, 0.0, 0.0, 0.0, 0.0, 0.0, 0.0, 0.0, 0.0, 0.0, 0.0, 0.0, 0.0, 0.0, 0.0, 0.0, 0.0, 0.0, 0.0, 0.0, 0.0, 0.0, 0.0, 0.0, 0.0, 0.0, 0.0, 0.0, 0.0, 0.0, 0.0, 0.0, 0.0, 0.0, 0.0, 0.0, 0.0, 0.0, 0.0, 0.0, 0.0, 0.0, 0.0, 0.0, 0.0, 0.0, 0.0, 0.0, 0.0, 0.0, 0.0, 0.0, 0.0, 0.0, 0.0, 0.0, 0.0, 0.0, 0.0, 0.0, 0.0, 0.0, 0.0, 0.0, 0.0, 0.0, 0.0, 0.0, 0.0, 0.0, 0.0, 0.0, 0.0, 0.0]",0.5,0.5,0,"[0, 0, 0, 0, 0, 0, 0, 0, 0, 0, 0, 0, 0, 0, 0, 0, 0, 0, 0, 0, 0, 0, 0, 0, 0, 0, 0, 0, 0, 0, 0, 0, 0, 0, 0, 0, 0, 0, 0, 0, 0, 0, 0, 0, 0, 0, 0, 0, 0, 0, 0, 0, 0, 0, 0, 0, 0, 0, 0, 0, 0, 0, 0, 0, 0, 0, 0, 0, 0, 0, 0, 0, 0, 0, 0, 0, 0, 0, 0, 0, 0, 0, 0, 0, 0, 0, 0, 0, 0, 0, 0, 0, 0, 0, 0, 0, 0, 0, 0, 0, 0, 0, 0, 0, 0, 0, 0, 0, 0, 0, 0, 0, 0, 0, 0, 0, 0, 0, 0, 0, 0, 0, 0, 0, 0, 0, 0, 0, 0, 0, 0, 0, 0, 0, 0, 0, 0, 0, 0, 0, 0, 0, 0, 0, 0, 0, 0, 0, 0, 0, 0, 0, 0, 0, 0, 0, 0, 0, 0, 0, 0, 0, 0, 0, 0, 0, 0, 0, 0, 0, 0, 0, 0, 0, 0]",175,"[0.4085463285446167, 0.47984179854393005, 0.41832199692726135, 0.4082666337490082, 0.48418426513671875, 0.4090225100517273, 0.4093877375125885, 0.4092136323451996, 0.41230109333992004, 0.42135608196258545, 0.41524937748908997, 0.41457056999206543, 0.4201772212982178, 0.41599148511886597, 0.40724506974220276, 0.4072619378566742, 0.40844276547431946, 0.41324788331985474, 0.4074634313583374, 0.4088057577610016, 0.4087736904621124, 0.4134405255317688, 0.4187640845775604, 0.4481774866580963, 0.40931546688079834, 0.41281813383102417, 0.40723103284835815, 0.4149512052536011, 0.407440721988678, 0.40846049785614014, 0.4195832908153534, 0.4072265923023224, 0.4100222885608673, 0.4146173596382141, 0.41325926780700684, 0.41863539814949036, 0.41221851110458374, 0.4328042268753052, 0.46506640315055847, 0.4072361886501312, 0.4403650760650635, 0.41180619597435, 0.40891891717910767, 0.4072594940662384, 0.4238450527191162, 0.437801331281662, 0.40926307439804077, 0.40724456310272217, 0.42403683066368103, 0.408402681350708, 0.4090624749660492, 0.4085325598716736, 0.40932220220565796, 0.4090351164340973, 0.40932154655456543, 0.4281373918056488, 0.40930894017219543, 0.40726590156555176, 0.4287111759185791, 0.41551968455314636, 0.41896378993988037, 0.40730708837509155, 0.4512321352958679, 0.4121190309524536, 0.4078057110309601, 0.4078012704849243, 0.42363491654396057, 0.4075523018836975, 0.4078235924243927, 0.507042646408081, 0.4263043999671936, 0.40979552268981934, 0.4083096981048584, 0.40911227464675903, 0.4216589033603668, 0.4183957278728485, 0.40729060769081116, 0.4265810251235962, 0.4073929190635681, 0.4141523838043213, 0.40761998295783997, 0.4414860010147095, 0.41983354091644287, 0.41510164737701416, 0.43624308705329895, 0.42204731702804565, 0.40796154737472534, 0.40858906507492065, 0.42349299788475037, 0.468072772026062, 0.4311899244785309, 0.41216841340065, 0.42212462425231934, 0.4101617932319641, 0.4166358709335327, 0.41123735904693604, 0.40868839621543884, 0.47242721915245056, 0.40724220871925354, 0.40729820728302, 0.40725529193878174, 0.41821539402008057, 0.4084436297416687, 0.40823590755462646, 0.4164336323738098, 0.40810543298721313, 0.4122669994831085, 0.4368148446083069, 0.40743350982666016, 0.43026939034461975, 0.4080597758293152, 0.43986842036247253, 0.4085434675216675, 0.4072340130805969, 0.4083545207977295, 0.4125801920890808, 0.4083569645881653, 0.4086269736289978, 0.41179969906806946, 0.41079115867614746, 0.412063330411911, 0.4085334837436676, 0.4453699588775635, 0.414076566696167, 0.4088292419910431, 0.4099286198616028, 0.4383026957511902, 0.40976375341415405, 0.4083946645259857, 0.4143761694431305, 0.42155611515045166, 0.46440571546554565, 0.4072400629520416, 0.40925562381744385, 0.4092482626438141, 0.4148036241531372, 0.4086814820766449, 0.40728023648262024, 0.4217064678668976, 0.4106284976005554, 0.4142652451992035, 0.4076952338218689, 0.40724971890449524, 0.40805888175964355, 0.4510889947414398, 0.42450207471847534, 0.4125274419784546, 0.40723150968551636, 0.40864863991737366, 0.43680599331855774, 0.40787261724472046, 0.41879504919052124, 0.4219120740890503, 0.4143417477607727, 0.40726882219314575, 0.40723252296447754, 0.4072679579257965, 0.4083002507686615, 0.46506640315055847, 0.4529344141483307, 0.40814149379730225, 0.4072459936141968, 0.41136300563812256, 0.40985098481178284, 0.40960803627967834, 0.41397780179977417, 0.42441490292549133, 0.4333454370498657, 0.4087064266204834, 0.4091941714286804, 0.41343769431114197, 0.4073629677295685, 0.45752689242362976, 0.40725308656692505, 0.41338878870010376]",0.0,"[0.0, 0.0, 0.0, 0.0, 0.0, 0.0, 0.0, 0.0, 0.0, 0.0, 0.0, 0.0, 0.0, 0.0, 0.0, 0.0, 0.0, 0.0, 0.0, 0.0, 0.0, 0.0, 0.0, 0.0, 0.0, 0.0, 0.0, 0.0, 0.0, 0.0, 0.0, 0.0, 0.0, 0.0, 0.0, 0.0, 0.0, 0.0, 0.0, 0.0, 0.0, 0.0, 0.0, 0.0, 0.0, 0.0, 0.0, 0.0, 0.0, 0.0, 0.0, 0.0, 0.0, 0.0, 0.0, 0.0, 0.0, 0.0, 0.0, 0.0, 0.0, 0.0, 0.0, 0.0, 0.0, 0.0, 0.0, 0.0, 0.0, 0.0, 0.0, 0.0, 0.0, 0.0, 0.0, 0.0, 0.0, 0.0, 0.0, 0.0, 0.0, 0.0, 0.0, 0.0, 0.0, 0.0, 0.0, 0.0, 0.0, 0.0, 0.0, 0.0, 0.0, 0.0, 0.0, 0.0, 0.0, 0.0, 0.0, 0.0, 0.0, 0.0, 0.0, 0.0, 0.0, 0.0, 0.0, 0.0, 0.0, 0.0, 0.0, 0.0, 0.0, 0.0, 0.0, 0.0, 0.0, 0.0, 0.0, 0.0, 0.0, 0.0, 0.0, 0.0, 0.0, 0.0, 0.0, 0.0, 0.0, 0.0, 0.0, 0.0, 0.0, 0.0, 0.0, 0.0, 0.0, 0.0, 0.0, 0.0, 0.0, 0.0, 0.0, 0.0, 0.0, 0.0, 0.0, 0.0, 0.0, 0.0, 0.0, 0.0, 0.0, 0.0, 0.0, 0.0, 0.0, 0.0, 0.0, 0.0, 0.0, 0.0, 0.0, 0.0, 0.0, 0.0, 0.0, 0.0, 0.0, 0.0, 0.0, 0.0, 0.0, 0.0, 0.0]",COMPLETE
39,39,0.5,2024-08-31 02:16:38.908702,2024-08-31 02:21:28.072834,0 days 00:04:49.164132,4,0.8211162063113219,5,330,0.004193986453573336,96,0.08226366502369604,0.859,0.85875,0,"[0, 0, 0, 0, 0, 0, 0, 0, 0, 0, 0, 0, 0, 0, 0, 0, 0, 0, 0, 0, 0, 0, 0, 0, 0, 0, 0, 0, 0, 0, 0, 0, 0, 0, 0, 0, 0, 0, 0, 0, 0, 0, 0, 0, 0, 0, 0, 0, 0, 0, 0, 0, 0, 0, 0, 0, 0, 0, 0, 0, 0, 0, 0, 0, 0, 0, 0, 0, 0, 0, 0, 0, 0, 0, 0, 0, 0, 0, 0, 0, 0, 0, 0, 0, 0, 0, 0, 0, 0, 0, 0, 0, 0, 0, 0, 0, 0, 0, 0, 0, 0, 0, 0, 0, 0, 0, 0, 0, 0, 0, 0, 0, 0, 0, 0, 0, 0, 0, 0, 0, 0, 0, 0, 0, 0, 0, 0, 0, 0, 0, 0, 0, 0, 0, 0, 0, 0, 0, 0, 0, 0, 0, 0, 0, 0, 0, 0, 0, 0, 0, 0, 0, 0, 0, 0, 0, 0, 0, 0, 0, 0, 0, 0, 0, 0, 0, 0, 0, 0, 0, 0, 0, 0, 0, 0, 0, 0, 0, 0, 0, 0, 0, 0, 0, 0, 0, 0, 0, 0, 0, 0, 0, 0, 0, 0, 0, 0, 0, 0, 0, 0, 0, 0, 0, 0, 0, 0, 0, 0, 0, 0, 0, 0, 0, 0, 0, 0, 0, 0, 0, 0, 0, 0, 0, 0, 0, 0, 0, 0, 0, 0, 0, 0, 0, 0, 0, 0, 0, 0, 0, 0, 0, 0, 0, 0, 0, 0, 0, 0, 0, 0, 0, 0, 0, 0, 0, 0, 0, 0, 0, 0, 0, 0, 0, 0, 0, 0, 0, 0, 0, 0, 0, 0, 0, 0, 0, 0, 0, 0, 0, 0, 0, 0, 0, 0, 0, 0, 0, 0, 0, 0, 0, 0, 0, 0, 0, 0, 0, 0, 0, 0, 0, 0, 0, 0, 0, 0, 0, 0, 0, 0, 0, 0, 0, 0, 0, 0, 0, 0, 0, 0, 0, 0, 0, 0, 0, 0, 0, 0, 0]",0.0,"[0.0, 0.0, 0.0, 0.0, 0.0, 0.0, 0.0, 0.0, 0.0, 0.0, 0.0, 0.0, 0.0, 0.0, 0.0, 0.0, 0.0, 0.0, 0.0, 0.0, 0.0, 0.0, 0.0, 0.0, 0.0, 0.0, 0.0, 0.0, 0.0, 0.0, 0.0, 0.0, 0.0, 0.0, 0.0, 0.0, 0.0, 0.0, 0.0, 0.0, 0.0, 0.0, 0.0, 0.0, 0.0, 0.0, 0.0, 0.0, 0.0, 0.0, 0.0, 0.0, 0.0, 0.0, 0.0, 0.0, 0.0, 0.0, 0.0, 0.0, 0.0, 0.0, 0.0, 0.0, 0.0, 0.0, 0.0, 0.0, 0.0, 0.0, 0.0, 0.0, 0.0, 0.0, 0.0, 0.0, 0.0, 0.0, 0.0, 0.0, 0.0, 0.0, 0.0, 0.0, 0.0, 0.0, 0.0, 0.0, 0.0, 0.0, 0.0, 0.0, 0.0, 0.0, 0.0, 0.0, 0.0, 0.0, 0.0, 0.0, 0.0, 0.0, 0.0, 0.0, 0.0, 0.0, 0.0, 0.0, 0.0, 0.0, 0.0, 0.0, 0.0, 0.0, 0.0, 0.0, 0.0, 0.0, 0.0, 0.0, 0.0, 0.0, 0.0, 0.0, 0.0, 0.0, 0.0, 0.0, 0.0, 0.0, 0.0, 0.0, 0.0, 0.0, 0.0, 0.0, 0.0, 0.0, 0.0, 0.0, 0.0, 0.0, 0.0, 0.0, 0.0, 0.0, 0.0, 0.0, 0.0, 0.0, 0.0, 0.0, 0.0, 0.0, 0.0, 0.0, 0.0, 0.0, 0.0, 0.0, 0.0, 0.0, 0.0, 0.0, 0.0, 0.0, 0.0, 0.0, 0.0, 0.0, 0.0, 0.0, 0.0, 0.0, 0.0, 0.0, 0.0, 0.0, 0.0, 0.0, 0.0, 0.0, 0.0, 0.0, 0.0, 0.0, 0.0, 0.0, 0.0, 0.0, 0.0, 0.0, 0.0, 0.0, 0.0, 0.0, 0.0, 0.0, 0.0, 0.0, 0.0, 0.0, 0.0, 0.0, 0.0, 0.0, 0.0, 0.0, 0.0, 0.0, 0.0, 0.0, 0.0, 0.0, 0.0, 0.0, 0.0, 0.0, 0.0, 0.0, 0.0, 0.0, 0.0, 0.0, 0.0, 0.0, 0.0, 0.0, 0.0, 0.0, 0.0, 0.0, 0.0, 0.0, 0.0, 0.0, 0.0, 0.0, 0.0, 0.0, 0.0, 0.0, 0.0, 0.0, 0.0, 0.0, 0.0, 0.0, 0.0, 0.0, 0.0, 0.0, 0.0, 0.0, 0.0, 0.0, 0.0, 0.0, 0.0, 0.0, 0.0, 0.0, 0.0, 0.0, 0.0, 0.0, 0.0, 0.0, 0.0, 0.0, 0.0, 0.0, 0.0, 0.0, 0.0, 0.0, 0.0, 0.0, 0.0, 0.0, 0.0, 0.0, 0.0, 0.0, 0.0, 0.0, 0.0, 0.0, 0.0, 0.0, 0.0, 0.0, 0.0, 0.0, 0.0, 0.0, 0.0, 0.0, 0.0, 0.0, 0.0, 0.0, 0.0, 0.0, 0.0, 0.0, 0.0, 0.0, 0.0, 0.0, 0.0, 0.0, 0.0, 0.0, 0.0, 0.0, 0.0, 0.0, 0.0, 0.0, 0.0, 0.0, 0.0, 0.0, 0.0, 0.0, 0.0, 0.0, 0.0, 0.0]",0.5,0.5,0,"[0, 0, 0, 0, 0, 0, 0, 0, 0, 0, 0, 0, 0, 0, 0, 0, 0, 0, 0, 0, 0, 0, 0, 0, 0, 0, 0, 0, 0, 0, 0, 0, 0, 0, 0, 0, 0, 0, 0, 0, 0, 0, 0, 0, 0, 0, 0, 0, 0, 0, 0, 0, 0, 0, 0, 0, 0, 0, 0, 0, 0, 0, 0, 0, 0, 0, 0, 0, 0, 0, 0, 0, 0, 0, 0, 0, 0, 0, 0, 0, 0, 0, 0, 0, 0, 0, 0, 0, 0, 0, 0, 0, 0, 0, 0, 0, 0, 0, 0, 0, 0, 0, 0, 0, 0, 0, 0, 0, 0, 0, 0, 0, 0, 0, 0, 0, 0, 0, 0, 0, 0, 0, 0, 0, 0, 0, 0, 0, 0, 0, 0, 0, 0, 0, 0, 0, 0, 0, 0, 0, 0, 0, 0, 0, 0, 0, 0, 0, 0, 0, 0, 0, 0, 0, 0, 0, 0, 0, 0, 0, 0, 0, 0, 0, 0, 0, 0, 0, 0, 0, 0, 0, 0, 0, 0, 0, 0, 0, 0, 0, 0, 0, 0, 0, 0, 0, 0, 0, 0, 0, 0, 0, 0, 0, 0, 0, 0, 0, 0, 0, 0, 0, 0, 0, 0, 0, 0, 0, 0, 0, 0, 0, 0, 0, 0, 0, 0, 0, 0, 0, 0, 0, 0, 0, 0, 0, 0, 0, 0, 0, 0, 0, 0, 0, 0, 0, 0, 0, 0, 0, 0, 0, 0, 0, 0, 0, 0, 0, 0, 0, 0, 0, 0, 0, 0, 0, 0, 0, 0, 0, 0, 0, 0, 0, 0, 0, 0, 0, 0, 0, 0, 0, 0, 0, 0, 0, 0, 0, 0, 0, 0, 0, 0, 0, 0, 0, 0, 0, 0, 0, 0, 0, 0, 0, 0, 0, 0, 0, 0, 0, 0, 0, 0, 0, 0, 0, 0, 0, 0, 0, 0, 0, 0, 0, 0, 0, 0, 0, 0, 0, 0, 0, 0, 0, 0, 0, 0, 0, 0, 0]",330,"[0.40724167227745056, 0.41985780000686646, 0.4075183868408203, 0.40736687183380127, 0.41819167137145996, 0.40727099776268005, 0.4156636893749237, 0.40732210874557495, 0.4091455340385437, 0.41914522647857666, 0.40947896242141724, 0.4126170873641968, 0.4090379476547241, 0.40723446011543274, 0.4102705717086792, 0.408843994140625, 0.40752366185188293, 0.4131189286708832, 0.4112016558647156, 0.40747788548469543, 0.4412175118923187, 0.40734046697616577, 0.41528597474098206, 0.41075751185417175, 0.40756916999816895, 0.41659414768218994, 0.41163405776023865, 0.4124826490879059, 0.4072631001472473, 0.4086885452270508, 0.40808218717575073, 0.4073939025402069, 0.4078269898891449, 0.4243243336677551, 0.40937450528144836, 0.41756001114845276, 0.4074881672859192, 0.41550156474113464, 0.4083095192909241, 0.4171297550201416, 0.4080010950565338, 0.41433510184288025, 0.41770032048225403, 0.4083234369754791, 0.40757325291633606, 0.40746939182281494, 0.40754708647727966, 0.4080360531806946, 0.4086156189441681, 0.4123808741569519, 0.41579005122184753, 0.41119658946990967, 0.40855857729911804, 0.40768665075302124, 0.41238099336624146, 0.4097066819667816, 0.41123196482658386, 0.40737736225128174, 0.40804824233055115, 0.4084572494029999, 0.40770041942596436, 0.4081818461418152, 0.4072262942790985, 0.40848109126091003, 0.4096483886241913, 0.4106079339981079, 0.40737971663475037, 0.4115488827228546, 0.4072566330432892, 0.415101021528244, 0.41167181730270386, 0.40762031078338623, 0.4073277413845062, 0.4072563946247101, 0.4087281823158264, 0.411171555519104, 0.4086618721485138, 0.41090571880340576, 0.41305091977119446, 0.4132304787635803, 0.4166318476200104, 0.4084154963493347, 0.41448166966438293, 0.4156145751476288, 0.41041746735572815, 0.4082079231739044, 0.40753868222236633, 0.40732723474502563, 0.4075208902359009, 0.4072287380695343, 0.4088855981826782, 0.40770119428634644, 0.4072260558605194, 0.40832972526550293, 0.4101637601852417, 0.4118962585926056, 0.4144633114337921, 0.40736812353134155, 0.4072677195072174, 0.42909932136535645, 0.4073280394077301, 0.4122506082057953, 0.40910717844963074, 0.40755411982536316, 0.40805697441101074, 0.4197944402694702, 0.40775856375694275, 0.41556981205940247, 0.40734994411468506, 0.409501850605011, 0.40816208720207214, 0.4074435532093048, 0.41302335262298584, 0.4072265326976776, 0.40767544507980347, 0.4072592258453369, 0.4075566530227661, 0.4086892008781433, 0.41711169481277466, 0.4101223051548004, 0.42291271686553955, 0.40758785605430603, 0.40926089882850647, 0.4156728684902191, 0.40813910961151123, 0.40971022844314575, 0.408085435628891, 0.4077618718147278, 0.4091521203517914, 0.41129469871520996, 0.40735703706741333, 0.40735846757888794, 0.42015793919563293, 0.4123329520225525, 0.4072776734828949, 0.40873047709465027, 0.41515037417411804, 0.41124409437179565, 0.41280919313430786, 0.4093139171600342, 0.40814974904060364, 0.4072413742542267, 0.42108845710754395, 0.40784141421318054, 0.40982428193092346, 0.4072461426258087, 0.4074411690235138, 0.41027113795280457, 0.4088868200778961, 0.4073391854763031, 0.4135820269584656, 0.41883376240730286, 0.41023802757263184, 0.4084780812263489, 0.40961065888404846, 0.4132988452911377, 0.4072711169719696, 0.4083728790283203, 0.40918129682540894, 0.40998977422714233, 0.4072988033294678, 0.41789066791534424, 0.40738528966903687, 0.4084492027759552, 0.41887179017066956, 0.4112322926521301, 0.4077503979206085, 0.4081307351589203, 0.4147803783416748, 0.40883052349090576, 0.4133641719818115, 0.4079212546348572, 0.40835821628570557, 0.40729913115501404, 0.40894371271133423, 0.409400075674057, 0.4098789691925049, 0.4166625738143921, 0.4073207378387451, 0.4073196351528168, 0.4076589345932007, 0.4088967442512512, 0.4097951054573059, 0.4077313244342804, 0.4090394675731659, 0.4079313278198242, 0.4141150712966919, 0.4083581864833832, 0.40851670503616333, 0.40726912021636963, 0.41047799587249756, 0.40795382857322693, 0.4073827266693115, 0.4221195578575134, 0.4112514555454254, 0.40886127948760986, 0.41171199083328247, 0.4079627990722656, 0.407771497964859, 0.40881088376045227, 0.4090566635131836, 0.41183194518089294, 0.4147789776325226, 0.40788060426712036, 0.4100864827632904, 0.4104343354701996, 0.4126060903072357, 0.41804638504981995, 0.4074888527393341, 0.40820056200027466, 0.4077424108982086, 0.40729355812072754, 0.4090435802936554, 0.4255857467651367, 0.4110824465751648, 0.40727749466896057, 0.40864425897598267, 0.40938687324523926, 0.4077392816543579, 0.4202693998813629, 0.40928876399993896, 0.41748470067977905, 0.40882956981658936, 0.4086369574069977, 0.4101480543613434, 0.41497179865837097, 0.40730613470077515, 0.4101361334323883, 0.4104454517364502, 0.40821319818496704, 0.41212111711502075, 0.40774041414260864, 0.40747299790382385, 0.40722641348838806, 0.40759003162384033, 0.40938714146614075, 0.40739306807518005, 0.40748366713523865, 0.4074617624282837, 0.4077226221561432, 0.4072824716567993, 0.41304466128349304, 0.4072369635105133, 0.4082498848438263, 0.41148707270622253, 0.4115901589393616, 0.4073690176010132, 0.42380061745643616, 0.40793871879577637, 0.4077431559562683, 0.40725821256637573, 0.409382164478302, 0.4073328375816345, 0.4073045253753662, 0.40937477350234985, 0.40768879652023315, 0.40780696272850037, 0.40931427478790283, 0.41218310594558716, 0.4092840552330017, 0.4185156524181366, 0.4086163640022278, 0.4082370102405548, 0.4073154032230377, 0.40729865431785583, 0.4072735905647278, 0.40808436274528503, 0.44695648550987244, 0.4101186990737915, 0.4127538800239563, 0.41961055994033813, 0.40735289454460144, 0.4075373113155365, 0.40746334195137024, 0.41504162549972534, 0.41100743412971497, 0.40861332416534424, 0.4186071455478668, 0.40744006633758545, 0.4104018807411194, 0.4142342805862427, 0.4141574203968048, 0.40870434045791626, 0.4141680598258972, 0.4084084630012512, 0.4072396457195282, 0.40873491764068604, 0.4092315435409546, 0.4213849604129791, 0.4109655022621155, 0.41614487767219543, 0.41429585218429565, 0.4079870283603668, 0.4143739640712738, 0.40903836488723755, 0.4081652760505676, 0.4078148603439331, 0.40722617506980896, 0.4130191504955292, 0.40962645411491394, 0.4072461426258087, 0.408631294965744, 0.407227486371994, 0.4072670638561249, 0.41145697236061096, 0.4100886285305023, 0.40790462493896484, 0.4072980582714081, 0.4079740643501282, 0.423649400472641, 0.4261930584907532, 0.42117565870285034, 0.407522052526474, 0.40773433446884155, 0.412465363740921, 0.40955689549446106, 0.4073972702026367, 0.40950432419776917, 0.4076136350631714, 0.412751704454422, 0.41011881828308105, 0.41062262654304504, 0.40723904967308044, 0.40725037455558777, 0.4081186056137085, 0.4075900912284851, 0.40827885270118713, 0.4090401530265808, 0.4111170470714569, 0.40918195247650146]",0.0,"[0.0, 0.0, 0.0, 0.0, 0.0, 0.0, 0.0, 0.0, 0.0, 0.0, 0.0, 0.0, 0.0, 0.0, 0.0, 0.0, 0.0, 0.0, 0.0, 0.0, 0.0, 0.0, 0.0, 0.0, 0.0, 0.0, 0.0, 0.0, 0.0, 0.0, 0.0, 0.0, 0.0, 0.0, 0.0, 0.0, 0.0, 0.0, 0.0, 0.0, 0.0, 0.0, 0.0, 0.0, 0.0, 0.0, 0.0, 0.0, 0.0, 0.0, 0.0, 0.0, 0.0, 0.0, 0.0, 0.0, 0.0, 0.0, 0.0, 0.0, 0.0, 0.0, 0.0, 0.0, 0.0, 0.0, 0.0, 0.0, 0.0, 0.0, 0.0, 0.0, 0.0, 0.0, 0.0, 0.0, 0.0, 0.0, 0.0, 0.0, 0.0, 0.0, 0.0, 0.0, 0.0, 0.0, 0.0, 0.0, 0.0, 0.0, 0.0, 0.0, 0.0, 0.0, 0.0, 0.0, 0.0, 0.0, 0.0, 0.0, 0.0, 0.0, 0.0, 0.0, 0.0, 0.0, 0.0, 0.0, 0.0, 0.0, 0.0, 0.0, 0.0, 0.0, 0.0, 0.0, 0.0, 0.0, 0.0, 0.0, 0.0, 0.0, 0.0, 0.0, 0.0, 0.0, 0.0, 0.0, 0.0, 0.0, 0.0, 0.0, 0.0, 0.0, 0.0, 0.0, 0.0, 0.0, 0.0, 0.0, 0.0, 0.0, 0.0, 0.0, 0.0, 0.0, 0.0, 0.0, 0.0, 0.0, 0.0, 0.0, 0.0, 0.0, 0.0, 0.0, 0.0, 0.0, 0.0, 0.0, 0.0, 0.0, 0.0, 0.0, 0.0, 0.0, 0.0, 0.0, 0.0, 0.0, 0.0, 0.0, 0.0, 0.0, 0.0, 0.0, 0.0, 0.0, 0.0, 0.0, 0.0, 0.0, 0.0, 0.0, 0.0, 0.0, 0.0, 0.0, 0.0, 0.0, 0.0, 0.0, 0.0, 0.0, 0.0, 0.0, 0.0, 0.0, 0.0, 0.0, 0.0, 0.0, 0.0, 0.0, 0.0, 0.0, 0.0, 0.0, 0.0, 0.0, 0.0, 0.0, 0.0, 0.0, 0.0, 0.0, 0.0, 0.0, 0.0, 0.0, 0.0, 0.0, 0.0, 0.0, 0.0, 0.0, 0.0, 0.0, 0.0, 0.0, 0.0, 0.0, 0.0, 0.0, 0.0, 0.0, 0.0, 0.0, 0.0, 0.0, 0.0, 0.0, 0.0, 0.0, 0.0, 0.0, 0.0, 0.0, 0.0, 0.0, 0.0, 0.0, 0.0, 0.0, 0.0, 0.0, 0.0, 0.0, 0.0, 0.0, 0.0, 0.0, 0.0, 0.0, 0.0, 0.0, 0.0, 0.0, 0.0, 0.0, 0.0, 0.0, 0.0, 0.0, 0.0, 0.0, 0.0, 0.0, 0.0, 0.0, 0.0, 0.0, 0.0, 0.0, 0.0, 0.0, 0.0, 0.0, 0.0, 0.0, 0.0, 0.0, 0.0, 0.0, 0.0, 0.0, 0.0, 0.0, 0.0, 0.0, 0.0, 0.0, 0.0, 0.0, 0.0, 0.0, 0.0, 0.0, 0.0, 0.0, 0.0, 0.0, 0.0, 0.0, 0.0, 0.0, 0.0, 0.0, 0.0, 0.0, 0.0, 0.0, 0.0, 0.0, 0.0, 0.0, 0.0, 0.0, 0.0, 0.0]",COMPLETE
