,number,value,datetime_start,datetime_complete,duration,params_batch_size_scaler,params_constant_learning_rate,params_depth,params_epochs,params_kernel_l2,params_num_trees,params_temperature,user_attrs_accuracy_test,user_attrs_accuracy_valid,user_attrs_approximate_feature_sparsity,user_attrs_approximate_feature_sparsity_history,user_attrs_approximate_weight_sparsity,user_attrs_approximate_weight_sparsity_history,user_attrs_auc_test,user_attrs_auc_valid,user_attrs_feature_sparsity,user_attrs_feature_sparsity_history,user_attrs_num_epochs,user_attrs_val_loss_history,user_attrs_weight_sparsity,user_attrs_weight_sparsity_history,state
155,155,0.9164251394417179,2024-08-31 07:51:05.403184,2024-08-31 07:51:42.105823,0 days 00:00:36.702639,4,0.03239412491172764,2,160,0.005186759529331124,8,0.050752871059166565,0.928,0.925,33,"[33, 33, 33, 33, 33, 33, 33, 33, 33, 33, 33, 33, 33, 33, 33, 33, 33, 33, 33, 33, 33, 33, 33, 33, 33, 33, 33, 33, 33, 33, 33, 33, 33, 33, 33, 33, 33, 33, 33, 33, 33, 33, 33, 33, 33, 33, 33, 33, 33, 33, 33, 33, 33, 33, 33, 33, 33, 33, 33, 33, 33, 33, 33, 33, 33, 33, 33, 33, 33, 33, 33, 33, 33, 33, 33, 33, 33, 33, 33, 33, 33, 33, 33, 33, 33, 33, 33, 33, 33, 33, 33, 33, 33, 33, 33, 33, 33, 33, 33, 33, 33, 33, 33, 33, 33, 33, 33, 33, 33, 33, 33, 33, 33, 33, 33, 33, 33, 33, 33, 33, 33, 33, 33, 33, 33, 33, 33, 33, 33, 33, 33, 33, 33, 33, 33, 33, 33, 33, 33, 33, 33, 33, 33, 33, 33, 33, 33, 33, 33, 33, 33, 33, 33, 33, 33, 33, 33, 33, 33, 33]",33.0,"[33.0, 33.0, 33.0, 33.0, 33.0, 33.0, 33.0, 33.0, 33.0, 33.0, 33.0, 32.958333333333336, 32.91666666666667, 33.0, 33.0, 32.958333333333336, 33.0, 33.0, 33.0, 33.0, 33.0, 33.0, 33.0, 33.0, 33.0, 33.0, 33.0, 33.0, 33.0, 32.958333333333336, 33.0, 33.0, 33.0, 33.0, 33.0, 33.0, 33.0, 33.0, 33.0, 33.0, 33.0, 32.958333333333336, 33.0, 32.958333333333336, 33.0, 33.0, 33.0, 32.91666666666667, 33.0, 33.0, 33.0, 33.0, 33.0, 33.0, 33.0, 33.0, 33.0, 33.0, 33.0, 33.0, 33.0, 33.0, 33.0, 33.0, 33.0, 33.0, 33.0, 33.0, 33.0, 33.0, 33.0, 33.0, 32.958333333333336, 33.0, 33.0, 33.0, 33.0, 33.0, 33.0, 32.958333333333336, 33.0, 32.958333333333336, 33.0, 32.91666666666667, 33.0, 33.0, 33.0, 33.0, 33.0, 33.0, 33.0, 32.958333333333336, 32.958333333333336, 33.0, 33.0, 32.958333333333336, 32.958333333333336, 33.0, 33.0, 33.0, 33.0, 33.0, 33.0, 33.0, 33.0, 32.958333333333336, 32.958333333333336, 32.958333333333336, 32.958333333333336, 32.958333333333336, 33.0, 33.0, 33.0, 33.0, 33.0, 32.91666666666667, 33.0, 33.0, 33.0, 32.91666666666667, 33.0, 33.0, 33.0, 33.0, 32.958333333333336, 33.0, 33.0, 33.0, 33.0, 33.0, 33.0, 33.0, 32.91666666666667, 33.0, 33.0, 33.0, 33.0, 33.0, 33.0, 33.0, 33.0, 33.0, 33.0, 33.0, 33.0, 32.958333333333336, 33.0, 33.0, 33.0, 33.0, 32.958333333333336, 32.958333333333336, 32.958333333333336, 33.0, 33.0, 32.958333333333336, 33.0, 32.958333333333336, 32.958333333333336, 33.0]",0.9046474954383705,0.9164251394417179,33,"[33, 33, 33, 33, 33, 33, 33, 33, 33, 33, 33, 33, 33, 33, 33, 33, 33, 33, 33, 33, 33, 33, 33, 33, 33, 33, 33, 33, 33, 33, 33, 33, 33, 33, 33, 33, 33, 33, 33, 33, 33, 33, 33, 33, 33, 33, 33, 33, 33, 33, 33, 33, 33, 33, 33, 33, 33, 33, 33, 33, 33, 33, 33, 33, 33, 33, 33, 33, 33, 33, 33, 33, 33, 33, 33, 33, 33, 33, 33, 33, 33, 33, 33, 33, 33, 33, 33, 33, 33, 33, 33, 33, 33, 33, 33, 33, 33, 33, 33, 33, 33, 33, 33, 33, 33, 33, 33, 33, 33, 33, 33, 33, 33, 33, 33, 33, 33, 33, 33, 33, 33, 33, 33, 33, 33, 33, 33, 33, 33, 33, 33, 33, 33, 33, 33, 33, 33, 33, 33, 33, 33, 33, 33, 33, 33, 33, 33, 33, 33, 33, 33, 33, 33, 33, 33, 33, 33, 33, 33, 33]",160,"[0.43085116147994995, 0.4179476499557495, 0.41096603870391846, 0.4053897559642792, 0.40056049823760986, 0.39633339643478394, 0.39261549711227417, 0.38926392793655396, 0.3862449526786804, 0.38352108001708984, 0.38097214698791504, 0.37877488136291504, 0.3765864968299866, 0.37469786405563354, 0.3727946877479553, 0.37092292308807373, 0.36924105882644653, 0.3676094114780426, 0.36600184440612793, 0.3644675016403198, 0.3630862832069397, 0.36162909865379333, 0.3601660430431366, 0.3586321771144867, 0.35725241899490356, 0.35592415928840637, 0.3544187843799591, 0.3529174327850342, 0.3513905704021454, 0.3499804437160492, 0.3486681878566742, 0.34712740778923035, 0.3456224501132965, 0.34409838914871216, 0.3426649868488312, 0.34104520082473755, 0.3395642042160034, 0.3379230797290802, 0.336369127035141, 0.3346303105354309, 0.3330751359462738, 0.33141735196113586, 0.32969364523887634, 0.3280843496322632, 0.3265034854412079, 0.3248577117919922, 0.32320716977119446, 0.3213866949081421, 0.3197568953037262, 0.3180738687515259, 0.31634321808815, 0.3146620988845825, 0.312877893447876, 0.31124043464660645, 0.30956950783729553, 0.3079431653022766, 0.30636027455329895, 0.30479228496551514, 0.3030346632003784, 0.30144545435905457, 0.29985368251800537, 0.2983812391757965, 0.29684555530548096, 0.29530632495880127, 0.29386961460113525, 0.29229819774627686, 0.290935754776001, 0.28949201107025146, 0.28822413086891174, 0.28688839077949524, 0.28555062413215637, 0.2842685878276825, 0.2829151749610901, 0.2816467583179474, 0.2805389165878296, 0.27924516797065735, 0.27805161476135254, 0.2768360376358032, 0.2756534218788147, 0.27444761991500854, 0.2733442783355713, 0.27231132984161377, 0.27114006876945496, 0.2700466215610504, 0.2690272331237793, 0.267930269241333, 0.2669985890388489, 0.2659251391887665, 0.2649458944797516, 0.26392287015914917, 0.2629932165145874, 0.2621096670627594, 0.26104024052619934, 0.2601885497570038, 0.2592604458332062, 0.2584788203239441, 0.25753241777420044, 0.25663837790489197, 0.2559424340724945, 0.255191445350647, 0.25421273708343506, 0.2534777820110321, 0.2525959014892578, 0.2518009841442108, 0.25112664699554443, 0.25026336312294006, 0.24940764904022217, 0.2487274557352066, 0.2479395866394043, 0.2471560686826706, 0.24651406705379486, 0.24568475782871246, 0.24500752985477448, 0.2441847175359726, 0.24357156455516815, 0.24286583065986633, 0.24221599102020264, 0.2414860874414444, 0.24095065891742706, 0.2403165102005005, 0.23968464136123657, 0.2392435520887375, 0.23859483003616333, 0.23787322640419006, 0.23734734952449799, 0.23679916560649872, 0.23637504875659943, 0.23575428128242493, 0.2351134717464447, 0.23460298776626587, 0.23413877189159393, 0.23367467522621155, 0.23309515416622162, 0.23250219225883484, 0.23214052617549896, 0.23159772157669067, 0.23131975531578064, 0.23089079558849335, 0.23021098971366882, 0.22970294952392578, 0.22921203076839447, 0.228775292634964, 0.2281872034072876, 0.22773534059524536, 0.22740541398525238, 0.22689929604530334, 0.22647258639335632, 0.22598443925380707, 0.22560323774814606, 0.2250857800245285, 0.22478778660297394, 0.22436824440956116, 0.22408099472522736, 0.22360390424728394, 0.22321964800357819, 0.22286047041416168, 0.22246509790420532, 0.22210310399532318, 0.22172892093658447, 0.2214316874742508]",33.0,"[33.0, 33.0, 33.0, 33.0, 33.0, 33.0, 33.0, 33.0, 33.0, 33.0, 33.0, 33.0, 33.0, 33.0, 33.0, 33.0, 33.0, 33.0, 33.0, 33.0, 33.0, 33.0, 33.0, 33.0, 33.0, 33.0, 33.0, 33.0, 33.0, 33.0, 33.0, 33.0, 33.0, 33.0, 33.0, 33.0, 33.0, 33.0, 33.0, 33.0, 33.0, 33.0, 33.0, 33.0, 33.0, 33.0, 33.0, 33.0, 33.0, 33.0, 33.0, 33.0, 33.0, 33.0, 33.0, 33.0, 33.0, 33.0, 33.0, 33.0, 33.0, 33.0, 33.0, 33.0, 33.0, 33.0, 33.0, 33.0, 33.0, 33.0, 33.0, 33.0, 33.0, 33.0, 33.0, 33.0, 33.0, 33.0, 33.0, 33.0, 33.0, 33.0, 33.0, 33.0, 33.0, 33.0, 33.0, 33.0, 33.0, 33.0, 33.0, 33.0, 33.0, 33.0, 33.0, 33.0, 33.0, 33.0, 33.0, 33.0, 33.0, 33.0, 33.0, 33.0, 33.0, 33.0, 33.0, 33.0, 33.0, 33.0, 33.0, 33.0, 33.0, 33.0, 33.0, 33.0, 33.0, 33.0, 33.0, 33.0, 33.0, 33.0, 33.0, 33.0, 33.0, 33.0, 33.0, 33.0, 33.0, 33.0, 33.0, 33.0, 33.0, 33.0, 33.0, 33.0, 33.0, 33.0, 33.0, 33.0, 33.0, 33.0, 33.0, 33.0, 33.0, 33.0, 33.0, 33.0, 33.0, 33.0, 33.0, 33.0, 33.0, 33.0, 33.0, 33.0, 33.0, 33.0, 33.0, 33.0]",COMPLETE
