,number,value,datetime_start,datetime_complete,duration,params_batch_size_scaler,params_constant_learning_rate,params_depth,params_epochs,params_kernel_l2,params_num_trees,params_temperature,user_attrs_accuracy_test,user_attrs_accuracy_valid,user_attrs_approximate_feature_sparsity,user_attrs_approximate_feature_sparsity_history,user_attrs_approximate_weight_sparsity,user_attrs_approximate_weight_sparsity_history,user_attrs_auc_test,user_attrs_auc_valid,user_attrs_feature_sparsity,user_attrs_feature_sparsity_history,user_attrs_num_epochs,user_attrs_val_loss_history,user_attrs_weight_sparsity,user_attrs_weight_sparsity_history,state
81,81,0.9274516623513802,2024-08-31 03:52:41.606668,2024-08-31 03:54:13.077517,0 days 00:01:31.470849,16,0.10597422144721713,2,275,0.0013782406376620076,24,0.0012395841281935625,0.931,0.93875,33,"[33, 33, 33, 33, 33, 33, 33, 33, 33, 33, 33, 33, 33, 33, 33, 33, 33, 33, 33, 33, 33, 33, 33, 33, 33, 33, 33, 33, 33, 33, 33, 33, 33, 33, 33, 33, 33, 33, 33, 33, 33, 33, 33, 33, 33, 33, 33, 33, 33, 33, 33, 33, 33, 33, 33, 33, 33, 33, 33, 33, 33, 33, 33, 33, 33, 33, 33, 33, 33, 33, 33, 33, 33, 33, 33, 33, 33, 33, 33, 33, 33, 33, 33, 33, 33, 33, 33, 33, 33, 33, 33, 33, 33, 33, 33, 33, 33, 33, 33, 33, 33, 33, 33, 33, 33, 33, 33, 33, 33, 33, 33, 33, 33, 33, 33, 33, 33, 33, 33, 33, 33, 33, 33, 33, 33, 33, 33, 33, 33, 33, 33, 33, 33, 33, 33, 33, 33, 33, 33, 33, 33, 33, 33, 33, 33, 33, 33, 33, 33, 33, 33, 33, 33, 33, 33, 33, 33, 33, 33, 33, 33, 33, 33, 33, 33, 33, 33, 33, 33, 33, 33, 33, 33, 33, 33, 33, 33, 33, 33, 33, 33, 33, 33, 33, 33, 33, 33, 33, 33, 33, 33, 33, 33, 33, 33, 33, 33, 33, 33, 33, 33, 33, 33, 33, 33, 33, 33, 33, 33, 33, 33, 33, 33, 33, 33, 33, 33, 33, 33, 33, 33, 33, 33, 33, 33, 33, 33, 33, 33, 33, 33, 33, 33, 33, 33, 33, 33, 33, 33, 33, 33, 33, 33, 33, 33, 33, 33, 33, 33, 33, 33, 33, 33, 33, 33, 33, 33, 33, 33, 33, 33, 33, 33, 33, 33, 33, 33, 33, 33, 33, 33, 33, 33, 33, 33]",33.0,"[32.986111111111114, 32.97222222222222, 32.95833333333333, 33.0, 32.986111111111114, 33.0, 32.986111111111114, 32.986111111111114, 32.97222222222222, 33.0, 33.0, 32.986111111111114, 32.986111111111114, 32.97222222222222, 33.0, 32.97222222222222, 33.0, 33.0, 32.97222222222222, 32.986111111111114, 32.986111111111114, 32.986111111111114, 32.986111111111114, 32.986111111111114, 32.986111111111114, 32.986111111111114, 33.0, 33.0, 32.95833333333333, 33.0, 33.0, 32.95833333333333, 33.0, 33.0, 33.0, 32.986111111111114, 33.0, 32.97222222222222, 33.0, 32.986111111111114, 32.986111111111114, 32.916666666666664, 32.986111111111114, 32.95833333333333, 32.986111111111114, 33.0, 33.0, 33.0, 33.0, 33.0, 32.986111111111114, 33.0, 32.97222222222222, 33.0, 33.0, 33.0, 32.97222222222222, 33.0, 33.0, 32.97222222222222, 33.0, 33.0, 32.986111111111114, 32.93055555555556, 32.986111111111114, 32.986111111111114, 32.986111111111114, 32.986111111111114, 32.97222222222222, 32.986111111111114, 32.97222222222222, 32.986111111111114, 32.97222222222222, 32.986111111111114, 32.95833333333333, 32.97222222222222, 32.97222222222222, 32.93055555555556, 32.97222222222222, 32.95833333333333, 32.986111111111114, 33.0, 33.0, 32.97222222222222, 32.986111111111114, 32.95833333333333, 32.97222222222222, 33.0, 33.0, 32.986111111111114, 32.986111111111114, 32.97222222222222, 32.97222222222222, 32.95833333333333, 32.986111111111114, 32.986111111111114, 32.97222222222222, 32.97222222222222, 32.97222222222222, 32.97222222222222, 32.986111111111114, 32.97222222222222, 32.97222222222222, 32.986111111111114, 32.986111111111114, 32.97222222222222, 32.97222222222222, 32.97222222222222, 32.986111111111114, 32.986111111111114, 33.0, 32.95833333333333, 32.986111111111114, 32.986111111111114, 32.986111111111114, 32.986111111111114, 32.97222222222222, 32.986111111111114, 33.0, 33.0, 32.986111111111114, 32.986111111111114, 33.0, 32.986111111111114, 32.986111111111114, 32.97222222222222, 32.95833333333333, 32.986111111111114, 32.97222222222222, 33.0, 33.0, 32.95833333333333, 32.986111111111114, 33.0, 33.0, 33.0, 33.0, 33.0, 32.986111111111114, 32.97222222222222, 32.986111111111114, 32.986111111111114, 33.0, 33.0, 33.0, 32.986111111111114, 32.95833333333333, 32.986111111111114, 32.97222222222222, 32.986111111111114, 32.986111111111114, 32.986111111111114, 32.986111111111114, 33.0, 33.0, 32.986111111111114, 32.986111111111114, 33.0, 32.95833333333333, 32.986111111111114, 32.986111111111114, 32.986111111111114, 33.0, 32.97222222222222, 33.0, 32.95833333333333, 33.0, 33.0, 33.0, 33.0, 33.0, 33.0, 33.0, 33.0, 33.0, 32.986111111111114, 32.986111111111114, 32.986111111111114, 32.97222222222222, 32.97222222222222, 33.0, 33.0, 33.0, 33.0, 32.97222222222222, 32.97222222222222, 32.986111111111114, 32.986111111111114, 32.986111111111114, 32.986111111111114, 32.97222222222222, 32.958333333333336, 32.958333333333336, 32.94444444444444, 32.97222222222222, 32.97222222222222, 32.986111111111114, 32.97222222222222, 32.986111111111114, 32.97222222222222, 32.97222222222222, 32.97222222222222, 32.986111111111114, 32.986111111111114, 32.986111111111114, 32.986111111111114, 32.986111111111114, 32.986111111111114, 32.986111111111114, 33.0, 32.986111111111114, 32.986111111111114, 32.97222222222222, 32.958333333333336, 32.986111111111114, 32.986111111111114, 32.986111111111114, 32.986111111111114, 32.986111111111114, 32.986111111111114, 33.0, 33.0, 32.986111111111114, 33.0, 32.986111111111114, 33.0, 32.986111111111114, 32.986111111111114, 33.0, 33.0, 33.0, 33.0, 32.986111111111114, 32.986111111111114, 32.97222222222222, 32.97222222222222, 32.986111111111114, 33.0, 32.986111111111114, 32.986111111111114, 32.986111111111114, 33.0, 32.986111111111114, 32.986111111111114, 32.97222222222222, 32.986111111111114, 32.97222222222222, 33.0, 33.0, 33.0, 33.0, 33.0, 32.986111111111114, 33.0, 33.0, 33.0, 32.986111111111114, 32.986111111111114, 33.0, 33.0, 32.986111111111114, 32.986111111111114, 32.986111111111114, 33.0, 33.0, 33.0, 32.97222222222222, 33.0, 32.986111111111114, 33.0, 32.986111111111114, 33.0, 33.0, 33.0, 33.0]",0.9088912557071971,0.9274516623513802,33,"[33, 33, 33, 33, 33, 33, 33, 33, 33, 33, 33, 33, 33, 33, 33, 33, 33, 33, 33, 33, 33, 33, 33, 33, 33, 33, 33, 33, 33, 33, 33, 33, 33, 33, 33, 33, 33, 33, 33, 33, 33, 33, 33, 33, 33, 33, 33, 33, 33, 33, 33, 33, 33, 33, 33, 33, 33, 33, 33, 33, 33, 33, 33, 33, 33, 33, 33, 33, 33, 33, 33, 33, 33, 33, 33, 33, 33, 33, 33, 33, 33, 33, 33, 33, 33, 33, 33, 33, 33, 33, 33, 33, 33, 33, 33, 33, 33, 33, 33, 33, 33, 33, 33, 33, 33, 33, 33, 33, 33, 33, 33, 33, 33, 33, 33, 33, 33, 33, 33, 33, 33, 33, 33, 33, 33, 33, 33, 33, 33, 33, 33, 33, 33, 33, 33, 33, 33, 33, 33, 33, 33, 33, 33, 33, 33, 33, 33, 33, 33, 33, 33, 33, 33, 33, 33, 33, 33, 33, 33, 33, 33, 33, 33, 33, 33, 33, 33, 33, 33, 33, 33, 33, 33, 33, 33, 33, 33, 33, 33, 33, 33, 33, 33, 33, 33, 33, 33, 33, 33, 33, 33, 33, 33, 33, 33, 33, 33, 33, 33, 33, 33, 33, 33, 33, 33, 33, 33, 33, 33, 33, 33, 33, 33, 33, 33, 33, 33, 33, 33, 33, 33, 33, 33, 33, 33, 33, 33, 33, 33, 33, 33, 33, 33, 33, 33, 33, 33, 33, 33, 33, 33, 33, 33, 33, 33, 33, 33, 33, 33, 33, 33, 33, 33, 33, 33, 33, 33, 33, 33, 33, 33, 33, 33, 33, 33, 33, 33, 33, 33, 33, 33, 33, 33, 33, 33]",275,"[0.40792423486709595, 0.3974353075027466, 0.391483873128891, 0.38680317997932434, 0.3833502233028412, 0.3804405629634857, 0.37784329056739807, 0.3758530020713806, 0.374128520488739, 0.371980756521225, 0.3707614243030548, 0.3694169521331787, 0.36766913533210754, 0.36568135023117065, 0.36433449387550354, 0.36314070224761963, 0.36217746138572693, 0.36035192012786865, 0.3593534827232361, 0.3573177754878998, 0.3562608063220978, 0.3547917306423187, 0.3531379997730255, 0.351554274559021, 0.3506804406642914, 0.34889256954193115, 0.34806549549102783, 0.3463113009929657, 0.344826877117157, 0.34321120381355286, 0.3418576121330261, 0.3408501148223877, 0.33957940340042114, 0.3377305567264557, 0.33641424775123596, 0.3350224196910858, 0.3339392840862274, 0.33218276500701904, 0.3307255506515503, 0.32907405495643616, 0.32760798931121826, 0.3265702724456787, 0.3254743814468384, 0.32354527711868286, 0.3218388259410858, 0.32053595781326294, 0.3191855251789093, 0.3173910975456238, 0.3159312307834625, 0.31432873010635376, 0.3129311800003052, 0.3113350570201874, 0.3104814291000366, 0.3086393475532532, 0.30701208114624023, 0.30546334385871887, 0.3037707507610321, 0.3021630644798279, 0.30091989040374756, 0.29979208111763, 0.29831749200820923, 0.2969741225242615, 0.29603907465934753, 0.2942837178707123, 0.2930842638015747, 0.2917187213897705, 0.29071715474128723, 0.2893468141555786, 0.2880361080169678, 0.2866953909397125, 0.28612181544303894, 0.2841852307319641, 0.28286734223365784, 0.2818271517753601, 0.2806636691093445, 0.2799256443977356, 0.2783874273300171, 0.2772439420223236, 0.27615201473236084, 0.2751806080341339, 0.2745510935783386, 0.2735998332500458, 0.27257218956947327, 0.2714657485485077, 0.2710852026939392, 0.2695959210395813, 0.2686832845211029, 0.2682226002216339, 0.26733532547950745, 0.26651257276535034, 0.2654717266559601, 0.26433253288269043, 0.26346471905708313, 0.2627197206020355, 0.26160284876823425, 0.26114773750305176, 0.2603846490383148, 0.2592330276966095, 0.2583937644958496, 0.2576797902584076, 0.2565651834011078, 0.25625455379486084, 0.2552894055843353, 0.2551606595516205, 0.2539547383785248, 0.25371405482292175, 0.25249624252319336, 0.25193795561790466, 0.2512156367301941, 0.25060132145881653, 0.25007978081703186, 0.24926207959651947, 0.24888107180595398, 0.24861805140972137, 0.24775075912475586, 0.24704857170581818, 0.24619059264659882, 0.24569503962993622, 0.2458116114139557, 0.24442549049854279, 0.2439613789319992, 0.2433723658323288, 0.24305588006973267, 0.2422734498977661, 0.24190586805343628, 0.24191413819789886, 0.24058927595615387, 0.24054132401943207, 0.23943766951560974, 0.23888316750526428, 0.23838627338409424, 0.23821966350078583, 0.23767681419849396, 0.2373143583536148, 0.23631714284420013, 0.2362314611673355, 0.23555131256580353, 0.23505491018295288, 0.23424473404884338, 0.23377437889575958, 0.2333952933549881, 0.2334395796060562, 0.23247453570365906, 0.23206637799739838, 0.23174220323562622, 0.231169655919075, 0.23178857564926147, 0.23057493567466736, 0.23029690980911255, 0.22950202226638794, 0.2288823127746582, 0.22863000631332397, 0.22819799184799194, 0.2277405858039856, 0.2273796796798706, 0.22724586725234985, 0.22722794115543365, 0.22623950242996216, 0.22588913142681122, 0.22598770260810852, 0.2253967523574829, 0.22440440952777863, 0.22411347925662994, 0.2245274782180786, 0.22367823123931885, 0.2232256382703781, 0.22249440848827362, 0.22239942848682404, 0.22218002378940582, 0.2214653342962265, 0.22134482860565186, 0.2212815284729004, 0.22038698196411133, 0.21966765820980072, 0.2196764349937439, 0.21903333067893982, 0.21888744831085205, 0.2184077650308609, 0.21810570359230042, 0.21772105991840363, 0.21757663786411285, 0.21713875234127045, 0.21638357639312744, 0.2162920981645584, 0.21606621146202087, 0.21689926087856293, 0.21534475684165955, 0.21546034514904022, 0.21541208028793335, 0.21560586988925934, 0.2148749679327011, 0.21357223391532898, 0.213536337018013, 0.2134767323732376, 0.21336553990840912, 0.21285943686962128, 0.21280831098556519, 0.21212659776210785, 0.21281540393829346, 0.21157726645469666, 0.21125221252441406, 0.2120331972837448, 0.21083292365074158, 0.2101708948612213, 0.20982937514781952, 0.21014976501464844, 0.20966742932796478, 0.20995371043682098, 0.20954352617263794, 0.2082628458738327, 0.2083977311849594, 0.20852817595005035, 0.20867662131786346, 0.20819252729415894, 0.2074640393257141, 0.2076481580734253, 0.20782871544361115, 0.20663943886756897, 0.20665597915649414, 0.20667041838169098, 0.20697350800037384, 0.20592349767684937, 0.2057616114616394, 0.20553337037563324, 0.20561134815216064, 0.20522964000701904, 0.20503850281238556, 0.2049456387758255, 0.20565718412399292, 0.20422855019569397, 0.20420975983142853, 0.20363351702690125, 0.2040652483701706, 0.20411179959774017, 0.20322220027446747, 0.20350544154644012, 0.20448894798755646, 0.20285941660404205, 0.20210853219032288, 0.20276789367198944, 0.20306074619293213, 0.20225585997104645, 0.20116430521011353, 0.20149318873882294, 0.20157809555530548, 0.20160041749477386, 0.20139114558696747, 0.2007257342338562, 0.20007234811782837, 0.20091642439365387, 0.1998421996831894, 0.20009838044643402, 0.19949649274349213, 0.19985103607177734, 0.19910813868045807, 0.19892124831676483, 0.19893251359462738, 0.200304314494133, 0.19977223873138428, 0.1990218311548233, 0.19854293763637543, 0.1986396759748459, 0.19787827134132385, 0.19800549745559692, 0.19891205430030823, 0.19739705324172974, 0.197440966963768, 0.19742517173290253, 0.1976773887872696, 0.19788284599781036, 0.19696144759655, 0.19743923842906952, 0.19724008440971375, 0.19711482524871826, 0.19748522341251373]",33.0,"[33.0, 33.0, 33.0, 33.0, 33.0, 33.0, 33.0, 33.0, 33.0, 33.0, 33.0, 33.0, 33.0, 33.0, 33.0, 33.0, 33.0, 33.0, 33.0, 33.0, 33.0, 33.0, 33.0, 33.0, 33.0, 33.0, 33.0, 33.0, 33.0, 33.0, 33.0, 33.0, 33.0, 33.0, 33.0, 33.0, 33.0, 33.0, 33.0, 33.0, 33.0, 33.0, 33.0, 33.0, 33.0, 33.0, 33.0, 33.0, 33.0, 33.0, 33.0, 33.0, 33.0, 33.0, 33.0, 33.0, 33.0, 33.0, 33.0, 33.0, 33.0, 33.0, 33.0, 33.0, 33.0, 33.0, 33.0, 33.0, 33.0, 33.0, 33.0, 33.0, 33.0, 33.0, 33.0, 33.0, 33.0, 33.0, 33.0, 33.0, 33.0, 33.0, 33.0, 33.0, 33.0, 33.0, 33.0, 33.0, 33.0, 33.0, 33.0, 33.0, 33.0, 33.0, 33.0, 33.0, 33.0, 33.0, 33.0, 33.0, 33.0, 33.0, 33.0, 33.0, 33.0, 33.0, 33.0, 33.0, 33.0, 33.0, 33.0, 33.0, 33.0, 33.0, 33.0, 33.0, 33.0, 33.0, 33.0, 33.0, 33.0, 33.0, 33.0, 33.0, 33.0, 33.0, 33.0, 33.0, 33.0, 33.0, 33.0, 33.0, 33.0, 33.0, 33.0, 33.0, 33.0, 33.0, 33.0, 33.0, 33.0, 33.0, 33.0, 33.0, 33.0, 33.0, 33.0, 33.0, 33.0, 33.0, 33.0, 33.0, 33.0, 33.0, 33.0, 33.0, 33.0, 33.0, 33.0, 33.0, 33.0, 33.0, 33.0, 33.0, 33.0, 33.0, 33.0, 33.0, 33.0, 33.0, 33.0, 33.0, 33.0, 33.0, 33.0, 33.0, 33.0, 33.0, 33.0, 33.0, 33.0, 33.0, 33.0, 33.0, 33.0, 33.0, 33.0, 33.0, 33.0, 33.0, 33.0, 33.0, 33.0, 33.0, 33.0, 33.0, 33.0, 33.0, 33.0, 33.0, 33.0, 33.0, 33.0, 33.0, 33.0, 33.0, 33.0, 33.0, 33.0, 33.0, 33.0, 33.0, 33.0, 33.0, 33.0, 33.0, 33.0, 33.0, 33.0, 33.0, 33.0, 33.0, 33.0, 33.0, 33.0, 33.0, 33.0, 33.0, 33.0, 33.0, 33.0, 33.0, 33.0, 33.0, 33.0, 33.0, 33.0, 33.0, 33.0, 33.0, 33.0, 33.0, 33.0, 33.0, 33.0, 33.0, 33.0, 33.0, 33.0, 33.0, 33.0, 33.0, 33.0, 33.0, 33.0, 33.0, 33.0, 33.0, 33.0, 33.0, 33.0, 33.0, 33.0, 33.0, 33.0, 33.0, 33.0, 33.0, 33.0, 33.0, 33.0, 33.0, 33.0, 33.0, 33.0]",COMPLETE
82,82,0.5,2024-08-31 03:54:16.441338,2024-08-31 03:54:31.995239,0 days 00:00:15.553901,16,4.310670607741692,1,40,0.05080792641050768,53,0.02178923558531743,0.859,0.85875,2,"[3, 2, 2, 2, 2, 3, 3, 3, 2, 2, 2, 2, 3, 3, 3, 3, 3, 3, 3, 3, 3, 3, 1, 1, 2, 2, 2, 3, 3, 2, 3, 2, 3, 2, 2, 2, 2, 2, 2, 2]",2.0,"[3.0, 2.0, 2.0, 2.0, 2.0, 3.0, 3.0, 3.0, 2.0, 2.0, 2.0, 2.0, 3.0, 3.0, 3.0, 3.0, 3.0, 3.0, 3.0, 3.0, 3.0, 3.0, 1.0, 1.0, 2.0, 2.0, 2.0, 3.0, 3.0, 2.0, 3.0, 2.0, 3.0, 2.0, 2.0, 2.0, 2.0, 2.0, 2.0, 2.0]",0.5,0.5,2,"[3, 2, 2, 2, 2, 3, 3, 3, 2, 2, 2, 2, 3, 3, 3, 3, 3, 3, 3, 3, 3, 3, 1, 1, 2, 2, 2, 3, 3, 2, 3, 2, 3, 2, 2, 2, 2, 2, 2, 2]",40,"[23.58612823486328, 23.353782653808594, 24.426469802856445, 17.7867488861084, 5.37478494644165, 6.382879257202148, 34.34658432006836, 16.617137908935547, 16.600791931152344, 10.383869171142578, 3.306094169616699, 7.6416826248168945, 2.9482269287109375, 24.020652770996094, 21.30868911743164, 15.870290756225586, 17.22454261779785, 25.368515014648438, 4.6858930587768555, 23.406343460083008, 25.576007843017578, 27.283180236816406, 33.213382720947266, 24.362714767456055, 43.443946838378906, 16.040908813476562, 5.892192840576172, 2.465580463409424, 21.00408172607422, 17.49941635131836, 7.084753513336182, 17.037860870361328, 20.312150955200195, 5.775212287902832, 29.477388381958008, 18.38750457763672, 20.152057647705078, 12.255646705627441, 15.73621940612793, 21.786155700683594]",2.0,"[3.0, 2.0, 2.0, 2.0, 2.0, 3.0, 3.0, 3.0, 2.0, 2.0, 2.0, 2.0, 3.0, 3.0, 3.0, 3.0, 3.0, 3.0, 3.0, 3.0, 3.0, 3.0, 1.0, 1.0, 2.0, 2.0, 2.0, 3.0, 3.0, 2.0, 3.0, 2.0, 3.0, 2.0, 2.0, 2.0, 2.0, 2.0, 2.0, 2.0]",COMPLETE
83,83,0.5,2024-08-31 03:54:34.866468,2024-08-31 03:54:57.479598,0 days 00:00:22.613130,16,0.6636579981929016,1,90,0.6829795800324467,90,0.02641405898224185,0.859,0.85875,0,"[13, 0, 0, 0, 0, 0, 0, 0, 0, 0, 0, 0, 0, 0, 0, 0, 0, 0, 0, 0, 0, 0, 0, 0, 0, 0, 0, 0, 0, 0, 0, 0, 0, 0, 0, 0, 0, 0, 0, 0, 0, 0, 0, 0, 0, 0, 0, 0, 0, 0, 0, 0, 0, 0, 0, 0, 0, 0, 0, 0, 0, 0, 0, 0, 0, 0, 0, 0, 0, 0, 0, 0, 0, 0, 0, 0, 0, 0, 0, 0, 0, 0, 0, 0, 0, 0, 0, 0, 0, 0]",0.0,"[13.0, 0.0, 0.0, 0.0, 0.0, 0.0, 0.0, 0.0, 0.0, 0.0, 0.0, 0.0, 0.0, 0.0, 0.0, 0.0, 0.0, 0.0, 0.0, 0.0, 0.0, 0.0, 0.0, 0.0, 0.0, 0.0, 0.0, 0.0, 0.0, 0.0, 0.0, 0.0, 0.0, 0.0, 0.0, 0.0, 0.0, 0.0, 0.0, 0.0, 0.0, 0.0, 0.0, 0.0, 0.0, 0.0, 0.0, 0.0, 0.0, 0.0, 0.0, 0.0, 0.0, 0.0, 0.0, 0.0, 0.0, 0.0, 0.0, 0.0, 0.0, 0.0, 0.0, 0.0, 0.0, 0.0, 0.0, 0.0, 0.0, 0.0, 0.0, 0.0, 0.0, 0.0, 0.0, 0.0, 0.0, 0.0, 0.0, 0.0, 0.0, 0.0, 0.0, 0.0, 0.0, 0.0, 0.0, 0.0, 0.0, 0.0]",0.5,0.5,0,"[13, 0, 0, 0, 0, 0, 0, 0, 0, 0, 0, 0, 0, 0, 0, 0, 0, 0, 0, 0, 0, 0, 0, 0, 0, 0, 0, 0, 0, 0, 0, 0, 0, 0, 0, 0, 0, 0, 0, 0, 0, 0, 0, 0, 0, 0, 0, 0, 0, 0, 0, 0, 0, 0, 0, 0, 0, 0, 0, 0, 0, 0, 0, 0, 0, 0, 0, 0, 0, 0, 0, 0, 0, 0, 0, 0, 0, 0, 0, 0, 0, 0, 0, 0, 0, 0, 0, 0, 0, 0]",90,"[1.3054863214492798, 1.3165676593780518, 4.029904365539551, 1.3437384366989136, 5.994790077209473, 0.9015200734138489, 2.092944383621216, 2.049523115158081, 2.3507285118103027, 6.875233173370361, 2.108111619949341, 1.1056267023086548, 6.272139072418213, 4.41606330871582, 5.356815338134766, 3.059431791305542, 2.878516435623169, 4.596529006958008, 6.207620143890381, 3.7870495319366455, 1.3744369745254517, 2.830878496170044, 4.225741386413574, 1.753936767578125, 3.292804002761841, 0.7151391506195068, 2.2721986770629883, 3.7949440479278564, 0.6132333874702454, 0.7583468556404114, 2.796712875366211, 2.0249521732330322, 0.40798160433769226, 2.3280277252197266, 0.9456329941749573, 4.143751621246338, 5.241945266723633, 5.539545059204102, 5.770101547241211, 4.149637222290039, 4.434558391571045, 1.2350928783416748, 0.5740772485733032, 1.4899497032165527, 4.898507595062256, 3.6990485191345215, 4.234380722045898, 1.9849820137023926, 1.1383956670761108, 3.275351047515869, 5.098414421081543, 6.7835516929626465, 1.5926188230514526, 3.0280234813690186, 2.313204765319824, 0.628289520740509, 1.2810215950012207, 4.32182502746582, 1.7663623094558716, 5.575888156890869, 5.235496997833252, 5.364576816558838, 5.147000789642334, 5.543517589569092, 1.1800506114959717, 0.5091419219970703, 5.570652484893799, 5.422771453857422, 0.45204630494117737, 4.393246650695801, 1.5414544343948364, 3.8969292640686035, 1.814902663230896, 0.9396679401397705, 4.541305065155029, 1.115349292755127, 3.6511504650115967, 1.0765931606292725, 5.983607292175293, 0.5616065859794617, 3.6353142261505127, 4.77147102355957, 0.7707023024559021, 3.6235296726226807, 6.994778633117676, 3.6348023414611816, 2.3193609714508057, 2.8317348957061768, 1.596190333366394, 3.0132410526275635]",0.0,"[13.0, 0.0, 0.0, 0.0, 0.0, 0.0, 0.0, 0.0, 0.0, 0.0, 0.0, 0.0, 0.0, 0.0, 0.0, 0.0, 0.0, 0.0, 0.0, 0.0, 0.0, 0.0, 0.0, 0.0, 0.0, 0.0, 0.0, 0.0, 0.0, 0.0, 0.0, 0.0, 0.0, 0.0, 0.0, 0.0, 0.0, 0.0, 0.0, 0.0, 0.0, 0.0, 0.0, 0.0, 0.0, 0.0, 0.0, 0.0, 0.0, 0.0, 0.0, 0.0, 0.0, 0.0, 0.0, 0.0, 0.0, 0.0, 0.0, 0.0, 0.0, 0.0, 0.0, 0.0, 0.0, 0.0, 0.0, 0.0, 0.0, 0.0, 0.0, 0.0, 0.0, 0.0, 0.0, 0.0, 0.0, 0.0, 0.0, 0.0, 0.0, 0.0, 0.0, 0.0, 0.0, 0.0, 0.0, 0.0, 0.0, 0.0]",COMPLETE
