,number,value,datetime_start,datetime_complete,duration,params_batch_size_scaler,params_constant_learning_rate,params_depth,params_epochs,params_kernel_l2,params_num_trees,params_temperature,user_attrs_accuracy_test,user_attrs_accuracy_valid,user_attrs_approximate_feature_sparsity,user_attrs_approximate_feature_sparsity_history,user_attrs_approximate_weight_sparsity,user_attrs_approximate_weight_sparsity_history,user_attrs_auc_test,user_attrs_auc_valid,user_attrs_feature_sparsity,user_attrs_feature_sparsity_history,user_attrs_num_epochs,user_attrs_val_loss_history,user_attrs_weight_sparsity,user_attrs_weight_sparsity_history,state
20,20,0.9269235228194922,2024-08-31 01:32:05.272058,2024-08-31 01:37:09.052986,0 days 00:05:03.780928,1,0.06830740733900094,4,390,0.07486234061925962,35,0.00030133029722671225,0.935,0.94125,32,"[33, 33, 33, 33, 33, 33, 33, 33, 33, 33, 33, 33, 33, 33, 33, 33, 33, 33, 33, 33, 33, 33, 33, 33, 33, 33, 33, 33, 33, 33, 33, 33, 33, 33, 33, 33, 33, 33, 33, 33, 33, 33, 33, 33, 33, 33, 33, 33, 33, 33, 33, 33, 33, 33, 33, 33, 33, 33, 33, 33, 33, 33, 33, 33, 33, 33, 33, 33, 33, 33, 33, 33, 33, 33, 33, 33, 33, 33, 33, 33, 33, 33, 33, 33, 33, 33, 33, 33, 33, 33, 33, 33, 33, 33, 33, 33, 33, 33, 33, 33, 33, 33, 33, 33, 33, 33, 33, 33, 33, 33, 33, 33, 33, 33, 33, 33, 33, 33, 33, 33, 33, 33, 33, 33, 33, 33, 33, 33, 33, 33, 33, 33, 33, 33, 33, 33, 33, 33, 33, 33, 33, 33, 33, 33, 33, 33, 33, 33, 33, 33, 33, 33, 33, 33, 33, 33, 33, 33, 33, 33, 33, 33, 33, 33, 33, 33, 33, 33, 33, 33, 33, 33, 33, 33, 33, 33, 33, 33, 33, 33, 33, 33, 33, 33, 33, 33, 33, 33, 33, 33, 33, 33, 33, 33, 33, 33, 32, 32, 32, 32, 32, 32, 32, 32, 32, 32, 32, 32, 32, 32, 32, 32, 32, 32, 32, 32, 32, 32, 32, 32, 32, 32, 32, 32, 32, 32, 32, 32, 32, 32, 32, 32, 32, 32, 32, 32, 32, 32, 32, 32, 32, 32, 32, 32, 32, 32, 32, 32, 32, 32, 32, 32, 32, 32, 32, 32, 32, 32, 32, 32, 32, 32, 32, 32, 32, 32, 32, 32, 32, 32, 32, 32, 32, 32, 32, 32, 32, 32, 32, 32, 32, 32, 32, 32, 32, 32, 32, 32, 32, 32, 32, 32, 32, 32, 32, 32, 32, 32, 32, 32, 32, 32, 32, 32, 32, 32, 32, 32, 32, 32, 32, 32, 32, 32, 32, 32, 32, 32, 32, 32, 32, 32, 32, 32, 32, 32, 32, 32, 32, 32, 32, 32, 32, 32, 32, 32, 32, 32, 32, 32, 32, 32, 32, 32, 32, 32, 32, 32, 32, 32, 32, 32, 32, 32, 32, 32, 32, 32, 32, 32, 32, 32, 32, 32, 32, 32, 32, 32, 32, 32, 32, 32, 32, 32, 32, 32, 32, 32, 32, 32, 32, 32, 32, 32, 32, 32, 32, 32, 32, 32]",31.914285714285715,"[32.96952380952381, 32.96, 32.97714285714286, 32.967619047619046, 32.97142857142857, 32.96952380952381, 32.986666666666665, 32.971428571428575, 32.96952380952381, 32.9752380952381, 32.96380952380952, 32.97904761904762, 32.96952380952381, 32.98095238095238, 32.967619047619046, 32.95809523809524, 32.9752380952381, 32.95619047619048, 32.96380952380952, 32.967619047619046, 32.95428571428572, 32.95809523809524, 32.96761904761905, 32.95809523809524, 32.95047619047619, 32.95809523809524, 32.96380952380952, 32.95619047619048, 32.965714285714284, 32.97333333333333, 32.967619047619046, 32.95047619047619, 32.96, 32.96380952380952, 32.97142857142857, 32.96, 32.95619047619047, 32.96380952380952, 32.95428571428572, 32.94857142857143, 32.96952380952381, 32.96, 32.97333333333333, 32.96952380952381, 32.967619047619046, 32.965714285714284, 32.94095238095238, 32.96190476190476, 32.967619047619046, 32.95619047619048, 32.96190476190476, 32.96380952380952, 32.96380952380953, 32.967619047619046, 32.96952380952381, 32.965714285714284, 32.971428571428575, 32.98095238095238, 32.9752380952381, 32.9752380952381, 32.98095238095238, 32.95428571428572, 32.97333333333333, 32.965714285714284, 32.96380952380952, 32.96380952380952, 32.96380952380952, 32.95428571428572, 32.95238095238095, 32.95428571428572, 32.95809523809524, 32.96952380952381, 32.96, 32.95047619047619, 32.96, 32.94857142857143, 32.95809523809524, 32.946666666666665, 32.96190476190476, 32.95619047619048, 32.944761904761904, 32.971428571428575, 32.96190476190476, 32.95428571428571, 32.965714285714284, 32.94857142857143, 32.95428571428572, 32.96952380952381, 32.971428571428575, 32.95619047619048, 32.96, 32.95809523809524, 32.96, 32.96, 32.97333333333333, 32.96190476190476, 32.97333333333333, 32.96190476190476, 32.95809523809524, 32.965714285714284, 32.97333333333333, 32.96952380952381, 32.971428571428575, 32.96761904761905, 32.96190476190476, 32.96380952380952, 32.9752380952381, 32.96190476190476, 32.967619047619046, 32.96761904761905, 32.95809523809524, 32.95619047619048, 32.96, 32.96190476190476, 32.965714285714284, 32.96380952380952, 32.95809523809524, 32.965714285714284, 32.965714285714284, 32.96380952380952, 32.96, 32.95619047619048, 32.95428571428572, 32.95428571428572, 32.96190476190476, 32.94857142857143, 32.95619047619047, 32.967619047619046, 32.95238095238095, 32.95619047619047, 32.95809523809524, 32.95428571428572, 32.96, 32.94285714285714, 32.94857142857143, 32.94285714285714, 32.95619047619048, 32.97142857142857, 32.96761904761905, 32.950476190476195, 32.96952380952381, 32.96190476190476, 32.96190476190476, 32.965714285714284, 32.96190476190476, 32.96380952380952, 32.96, 32.95238095238095, 32.96, 32.95809523809524, 32.95619047619048, 32.965714285714284, 32.96952380952381, 32.96, 32.950476190476195, 32.95428571428572, 32.95809523809524, 32.965714285714284, 32.96380952380952, 32.96761904761905, 32.97142857142857, 32.96190476190476, 32.96190476190476, 32.95238095238095, 32.96, 32.95047619047619, 32.94857142857143, 32.92952380952381, 32.95238095238095, 32.94285714285714, 32.93142857142857, 32.931428571428576, 32.952380952380956, 32.94095238095238, 32.96952380952381, 32.93904761904762, 32.94857142857143, 32.95047619047619, 32.94857142857143, 32.94857142857143, 32.95619047619047, 32.95809523809524, 32.967619047619046, 32.973333333333336, 32.967619047619046, 32.9752380952381, 32.96952380952381, 32.95619047619047, 32.95809523809524, 32.96380952380952, 32.965714285714284, 32.967619047619046, 32.96952380952381, 32.96380952380952, 32.95809523809524, 32.96952380952381, 31.963809523809523, 31.96952380952381, 31.95619047619048, 31.965714285714288, 31.95809523809524, 31.95619047619048, 31.95619047619048, 31.963809523809523, 31.944761904761904, 31.952380952380956, 31.954285714285717, 31.965714285714284, 31.952380952380956, 31.95619047619048, 31.94666666666667, 31.946666666666673, 31.95047619047619, 31.95619047619048, 31.95809523809524, 31.942857142857143, 31.95619047619048, 31.95809523809524, 31.95809523809524, 31.948571428571427, 31.94666666666667, 31.94857142857143, 31.952380952380956, 31.952380952380956, 31.954285714285714, 31.952380952380953, 31.958095238095236, 31.95619047619048, 31.944761904761904, 31.952380952380953, 31.952380952380956, 31.963809523809523, 31.96761904761905, 31.965714285714284, 31.963809523809527, 31.95809523809524, 31.95809523809524, 31.963809523809523, 31.94857142857143, 31.94666666666667, 31.95619047619048, 31.95619047619048, 31.96761904761905, 31.940952380952382, 31.94857142857143, 31.94666666666667, 31.96, 31.950476190476188, 31.940952380952382, 31.952380952380956, 31.944761904761904, 31.935238095238095, 31.944761904761904, 31.954285714285717, 31.933333333333337, 31.954285714285717, 31.948571428571434, 31.940952380952382, 31.942857142857143, 31.94857142857143, 31.9352380952381, 31.944761904761904, 31.961904761904762, 31.954285714285714, 31.946666666666665, 31.95047619047619, 31.93904761904762, 31.942857142857143, 31.940952380952382, 31.946666666666665, 31.952380952380953, 31.954285714285714, 31.942857142857143, 31.93904761904762, 31.952380952380953, 31.931428571428576, 31.95047619047619, 31.940952380952382, 31.9352380952381, 31.940952380952382, 31.93714285714286, 31.946666666666665, 31.944761904761904, 31.933333333333337, 31.92571428571429, 31.927619047619046, 31.927619047619046, 31.93904761904762, 31.940952380952382, 31.940952380952382, 31.942857142857143, 31.94666666666667, 31.961904761904762, 31.94666666666667, 31.946666666666665, 31.94666666666667, 31.942857142857147, 31.942857142857147, 31.93714285714286, 31.92571428571428, 31.916190476190472, 31.9352380952381, 31.935238095238095, 31.925714285714285, 31.92761904761905, 31.927619047619046, 31.935238095238095, 31.92952380952381, 31.931428571428576, 31.93714285714286, 31.93714285714286, 31.92761904761905, 31.939047619047617, 31.933333333333334, 31.927619047619046, 31.918095238095237, 31.933333333333334, 31.91619047619048, 31.91809523809524, 31.921904761904766, 31.912380952380953, 31.9352380952381, 31.923809523809524, 31.921904761904763, 31.910476190476192, 31.91809523809524, 31.92952380952381, 31.91619047619048, 31.912380952380957, 31.923809523809528, 31.923809523809524, 31.91809523809524, 31.904761904761905, 31.912380952380953, 31.914285714285718, 31.92, 31.92, 31.92952380952381, 31.923809523809524, 31.912380952380953, 31.904761904761905, 31.925714285714285, 31.89714285714286, 31.897142857142857, 31.908571428571435, 31.90857142857143, 31.91619047619048, 31.93714285714286, 31.92190476190476, 31.91047619047619, 31.921904761904763, 31.912380952380953, 31.91809523809524, 31.910476190476192, 31.916190476190476, 31.916190476190476, 31.92, 31.914285714285715, 31.92761904761905, 31.92761904761905, 31.925714285714285, 31.919999999999998, 31.91809523809524, 31.91809523809524, 31.91809523809524, 31.929523809523808, 31.91809523809524, 31.92, 31.92761904761905, 31.923809523809524, 31.92, 31.923809523809528, 31.91809523809524, 31.914285714285715, 31.912380952380953, 31.921904761904763, 31.921904761904763, 31.92952380952381, 31.92571428571429, 31.9352380952381, 31.929523809523808, 31.92952380952381, 31.921904761904763, 31.91809523809524, 31.91619047619048, 31.923809523809524, 31.92571428571429, 31.92952380952381, 31.91809523809524, 31.914285714285715]",0.910055400061097,0.9269235228194922,32,"[33, 33, 33, 33, 33, 33, 33, 33, 33, 33, 33, 33, 33, 33, 33, 33, 33, 33, 33, 33, 33, 33, 33, 33, 33, 33, 33, 33, 33, 33, 33, 33, 33, 33, 33, 33, 33, 33, 33, 33, 33, 33, 33, 33, 33, 33, 33, 33, 33, 33, 33, 33, 33, 33, 33, 33, 33, 33, 33, 33, 33, 33, 33, 33, 33, 33, 33, 33, 33, 33, 33, 33, 33, 33, 33, 33, 33, 33, 33, 33, 33, 33, 33, 33, 33, 33, 33, 33, 33, 33, 33, 33, 33, 33, 33, 33, 33, 33, 33, 33, 33, 33, 33, 33, 33, 33, 33, 33, 33, 33, 33, 33, 33, 33, 33, 33, 33, 33, 33, 33, 33, 33, 33, 33, 33, 33, 33, 33, 33, 33, 33, 33, 33, 33, 33, 33, 33, 33, 33, 33, 33, 33, 33, 33, 33, 33, 33, 33, 33, 33, 33, 33, 33, 33, 33, 33, 33, 33, 33, 33, 33, 33, 33, 33, 33, 33, 33, 33, 33, 33, 33, 33, 33, 33, 33, 33, 33, 33, 33, 33, 33, 33, 33, 33, 33, 33, 33, 33, 33, 33, 33, 33, 33, 33, 33, 33, 32, 32, 32, 32, 32, 32, 32, 32, 32, 32, 32, 32, 32, 32, 32, 32, 32, 32, 32, 32, 32, 32, 32, 32, 32, 32, 32, 32, 32, 32, 32, 32, 32, 32, 32, 32, 32, 32, 32, 32, 32, 32, 32, 32, 32, 32, 32, 32, 32, 32, 32, 32, 32, 32, 32, 32, 32, 32, 32, 32, 32, 32, 32, 32, 32, 32, 32, 32, 32, 32, 32, 32, 32, 32, 32, 32, 32, 32, 32, 32, 32, 32, 32, 32, 32, 32, 32, 32, 32, 32, 32, 32, 32, 32, 32, 32, 32, 32, 32, 32, 32, 32, 32, 32, 32, 32, 32, 32, 32, 32, 32, 32, 32, 32, 32, 32, 32, 32, 32, 32, 32, 32, 32, 32, 32, 32, 32, 32, 32, 32, 32, 32, 32, 32, 32, 32, 32, 32, 32, 32, 32, 32, 32, 32, 32, 32, 32, 32, 32, 32, 32, 32, 32, 32, 32, 32, 32, 32, 32, 32, 32, 32, 32, 32, 32, 32, 32, 32, 32, 32, 32, 32, 32, 32, 32, 32, 32, 32, 32, 32, 32, 32, 32, 32, 32, 32, 32, 32, 32, 32, 32, 32, 32, 32]",390,"[0.3831501305103302, 0.37320777773857117, 0.3685459494590759, 0.36178696155548096, 0.3560324013233185, 0.35103023052215576, 0.34678542613983154, 0.3407275378704071, 0.3337506055831909, 0.32834112644195557, 0.32181301712989807, 0.31563881039619446, 0.30904778838157654, 0.3028189539909363, 0.2967967689037323, 0.291409432888031, 0.28789931535720825, 0.28175413608551025, 0.27699482440948486, 0.2734462320804596, 0.26892465353012085, 0.26997023820877075, 0.2638302743434906, 0.26148128509521484, 0.2579168975353241, 0.25553664565086365, 0.2545419931411743, 0.25285086035728455, 0.2484457641839981, 0.2461821436882019, 0.24644649028778076, 0.24221044778823853, 0.24066923558712006, 0.2388797253370285, 0.23599569499492645, 0.23384562134742737, 0.23308220505714417, 0.2313443124294281, 0.23041757941246033, 0.22934769093990326, 0.22630804777145386, 0.22582882642745972, 0.22454315423965454, 0.22304396331310272, 0.22594840824604034, 0.22183692455291748, 0.2204742431640625, 0.22041915357112885, 0.2181723415851593, 0.21656928956508636, 0.21562208235263824, 0.22006769478321075, 0.21406684815883636, 0.21640484035015106, 0.21468794345855713, 0.21991172432899475, 0.21093368530273438, 0.21152344346046448, 0.21141745150089264, 0.20991067588329315, 0.20849007368087769, 0.21209119260311127, 0.2097306102514267, 0.20983074605464935, 0.21136930584907532, 0.2108319252729416, 0.208534836769104, 0.2072894424200058, 0.20719373226165771, 0.20707185566425323, 0.20718275010585785, 0.20793361961841583, 0.20929281413555145, 0.20752307772636414, 0.20636850595474243, 0.20610550045967102, 0.20288710296154022, 0.2030506283044815, 0.20493130385875702, 0.20542466640472412, 0.20403426885604858, 0.20489615201950073, 0.20570865273475647, 0.2018483281135559, 0.2033916413784027, 0.2069634050130844, 0.20637351274490356, 0.20287629961967468, 0.20956434309482574, 0.20318037271499634, 0.20176246762275696, 0.20206119120121002, 0.20176944136619568, 0.19953638315200806, 0.20456838607788086, 0.2052573710680008, 0.20249596238136292, 0.1992216557264328, 0.19924774765968323, 0.2020997256040573, 0.19891886413097382, 0.2036389708518982, 0.2023211419582367, 0.19906464219093323, 0.19902156293392181, 0.20108121633529663, 0.1982024759054184, 0.20148856937885284, 0.2040635645389557, 0.197056382894516, 0.19932261109352112, 0.19947686791419983, 0.20111657679080963, 0.1978146880865097, 0.19872552156448364, 0.19805344939231873, 0.19754409790039062, 0.20166467130184174, 0.19876167178153992, 0.1966988742351532, 0.1999586522579193, 0.1983451396226883, 0.1957070380449295, 0.19672852754592896, 0.20244936645030975, 0.19931839406490326, 0.19930517673492432, 0.2022150754928589, 0.20052188634872437, 0.1935276985168457, 0.19567596912384033, 0.19604834914207458, 0.1952928900718689, 0.19617025554180145, 0.19625048339366913, 0.19594402611255646, 0.19610139727592468, 0.19953575730323792, 0.1935686320066452, 0.1960325986146927, 0.19958823919296265, 0.1942761093378067, 0.19784042239189148, 0.19420093297958374, 0.19981412589550018, 0.2001515030860901, 0.19451576471328735, 0.1927545666694641, 0.1951020359992981, 0.19765378534793854, 0.19526119530200958, 0.19383560121059418, 0.1957499384880066, 0.1944829523563385, 0.19595444202423096, 0.1960058957338333, 0.1940513253211975, 0.1984017938375473, 0.19530494511127472, 0.19163037836551666, 0.19310063123703003, 0.20259638130664825, 0.19554685056209564, 0.1982225775718689, 0.19366714358329773, 0.19378618896007538, 0.19546690583229065, 0.19552265107631683, 0.19549304246902466, 0.19318579137325287, 0.18984366953372955, 0.19407789409160614, 0.1932937204837799, 0.19486549496650696, 0.19044728577136993, 0.1928701251745224, 0.19276176393032074, 0.19496387243270874, 0.1964551955461502, 0.193183034658432, 0.20068012177944183, 0.1941450834274292, 0.19393961131572723, 0.19611550867557526, 0.19705983996391296, 0.1928110122680664, 0.19245269894599915, 0.19315172731876373, 0.19303780794143677, 0.19485850632190704, 0.1943972408771515, 0.19904185831546783, 0.1993262618780136, 0.19608329236507416, 0.19422966241836548, 0.19663654267787933, 0.19612917304039001, 0.19298751652240753, 0.1947026252746582, 0.19408605992794037, 0.19436115026474, 0.19705408811569214, 0.19962669909000397, 0.1980782449245453, 0.19448088109493256, 0.19653433561325073, 0.19794411957263947, 0.19611604511737823, 0.20003776252269745, 0.19953685998916626, 0.19784756004810333, 0.19884492456912994, 0.202873095870018, 0.1985214352607727, 0.19630256295204163, 0.1979905366897583, 0.19940292835235596, 0.19542621076107025, 0.1981344074010849, 0.19623737037181854, 0.19794048368930817, 0.19432798027992249, 0.19758294522762299, 0.1952766627073288, 0.20610328018665314, 0.20051132142543793, 0.20252685248851776, 0.19730745255947113, 0.2025524377822876, 0.20118215680122375, 0.20219270884990692, 0.2037487030029297, 0.19961950182914734, 0.19689778983592987, 0.20151695609092712, 0.20098380744457245, 0.2034578174352646, 0.204920694231987, 0.2030104696750641, 0.20282942056655884, 0.20400646328926086, 0.20009565353393555, 0.20208629965782166, 0.1989990472793579, 0.20743432641029358, 0.2071855217218399, 0.20291796326637268, 0.19963721930980682, 0.20295654237270355, 0.20338112115859985, 0.2057829648256302, 0.2048269808292389, 0.20778429508209229, 0.20093786716461182, 0.20471268892288208, 0.20149005949497223, 0.20744353532791138, 0.20037023723125458, 0.20541498064994812, 0.21280695497989655, 0.20953138172626495, 0.20621104538440704, 0.20217466354370117, 0.21073661744594574, 0.20735999941825867, 0.2067766785621643, 0.2085840106010437, 0.2089303731918335, 0.20469707250595093, 0.205917090177536, 0.2112501710653305, 0.21021728217601776, 0.20614829659461975, 0.20432928204536438, 0.20404286682605743, 0.21034274995326996, 0.2087182253599167, 0.20939800143241882, 0.2024981677532196, 0.20794819295406342, 0.20987436175346375, 0.21126434206962585, 0.2066202610731125, 0.21672561764717102, 0.2178974747657776, 0.21329830586910248, 0.2110520899295807, 0.21120822429656982, 0.20975355803966522, 0.2137492150068283, 0.2127772569656372, 0.21335069835186005, 0.21114617586135864, 0.21923385560512543, 0.21999113261699677, 0.21630661189556122, 0.21346351504325867, 0.21341587603092194, 0.22066918015480042, 0.21076184511184692, 0.21337909996509552, 0.21621130406856537, 0.21939176321029663, 0.21937324106693268, 0.21807146072387695, 0.2180597186088562, 0.21774716675281525, 0.214700847864151, 0.21264266967773438, 0.22100627422332764, 0.21946871280670166, 0.21874244511127472, 0.22075320780277252, 0.2177698314189911, 0.2155214548110962, 0.22037826478481293, 0.2212095856666565, 0.21838779747486115, 0.21844781935214996, 0.22562982141971588, 0.21991683542728424, 0.2228311151266098, 0.2201365977525711, 0.22442162036895752, 0.22254802286624908, 0.22360654175281525, 0.22014358639717102, 0.22397620975971222, 0.22097186744213104, 0.223785400390625, 0.22393348813056946, 0.2264872044324875, 0.22196683287620544, 0.22505326569080353, 0.22366482019424438, 0.23432624340057373, 0.22265690565109253, 0.227780282497406, 0.22529137134552002, 0.23133447766304016, 0.22973380982875824, 0.2278411090373993, 0.2288028597831726, 0.2297130823135376, 0.22866255044937134, 0.22251567244529724, 0.22767552733421326, 0.22352717816829681, 0.22908717393875122, 0.22996096312999725, 0.23178507387638092, 0.22959816455841064, 0.22993838787078857, 0.2266552597284317, 0.23122386634349823, 0.22812502086162567, 0.228596031665802, 0.23016774654388428, 0.22899970412254333, 0.22738328576087952, 0.2285827100276947, 0.23420315980911255, 0.23292718827724457, 0.23275312781333923, 0.23405475914478302, 0.23330427706241608, 0.23870724439620972, 0.22959990799427032, 0.2346503883600235, 0.23653794825077057, 0.23397351801395416, 0.23395836353302002, 0.23667949438095093, 0.23386222124099731, 0.23212841153144836, 0.23721620440483093, 0.24042117595672607, 0.23720568418502808, 0.23986537754535675, 0.24318498373031616, 0.2364838719367981, 0.2391335815191269, 0.24062305688858032, 0.24657446146011353, 0.23853112757205963, 0.24457865953445435, 0.24892158806324005, 0.23779721558094025, 0.239923894405365, 0.24184612929821014]",32.0,"[33.0, 33.0, 33.0, 33.0, 33.0, 33.0, 33.0, 33.0, 33.0, 33.0, 33.0, 33.0, 33.0, 33.0, 33.0, 33.0, 33.0, 33.0, 33.0, 33.0, 33.0, 33.0, 33.0, 33.0, 33.0, 33.0, 33.0, 33.0, 33.0, 33.0, 33.0, 33.0, 33.0, 33.0, 33.0, 33.0, 33.0, 33.0, 33.0, 33.0, 33.0, 33.0, 33.0, 33.0, 33.0, 33.0, 33.0, 33.0, 33.0, 33.0, 33.0, 33.0, 33.0, 33.0, 33.0, 33.0, 33.0, 33.0, 33.0, 33.0, 33.0, 33.0, 33.0, 33.0, 33.0, 33.0, 33.0, 33.0, 33.0, 33.0, 33.0, 33.0, 33.0, 33.0, 33.0, 33.0, 33.0, 33.0, 33.0, 33.0, 33.0, 33.0, 33.0, 33.0, 33.0, 33.0, 33.0, 33.0, 33.0, 33.0, 33.0, 33.0, 33.0, 33.0, 33.0, 33.0, 33.0, 33.0, 33.0, 33.0, 33.0, 33.0, 33.0, 33.0, 33.0, 33.0, 33.0, 33.0, 33.0, 33.0, 33.0, 33.0, 33.0, 33.0, 33.0, 33.0, 33.0, 33.0, 33.0, 33.0, 33.0, 33.0, 33.0, 33.0, 33.0, 33.0, 33.0, 33.0, 33.0, 33.0, 33.0, 33.0, 33.0, 33.0, 33.0, 33.0, 33.0, 33.0, 33.0, 33.0, 33.0, 33.0, 33.0, 33.0, 33.0, 33.0, 33.0, 33.0, 33.0, 33.0, 33.0, 33.0, 33.0, 33.0, 33.0, 33.0, 33.0, 33.0, 33.0, 33.0, 33.0, 33.0, 33.0, 33.0, 33.0, 33.0, 33.0, 33.0, 33.0, 33.0, 33.0, 33.0, 33.0, 33.0, 33.0, 33.0, 33.0, 33.0, 33.0, 33.0, 33.0, 33.0, 33.0, 33.0, 33.0, 33.0, 33.0, 33.0, 33.0, 33.0, 33.0, 33.0, 33.0, 33.0, 33.0, 33.0, 32.0, 32.0, 32.0, 32.0, 32.0, 32.0, 32.0, 32.0, 32.0, 32.0, 32.0, 32.0, 32.0, 32.0, 32.0, 32.0, 32.0, 32.0, 32.0, 32.0, 32.0, 32.0, 32.0, 32.0, 32.0, 32.0, 32.0, 32.0, 32.0, 32.0, 32.0, 32.0, 32.0, 32.0, 32.0, 32.0, 32.0, 32.0, 32.0, 32.0, 32.0, 32.0, 32.0, 32.0, 32.0, 32.0, 32.0, 32.0, 32.0, 32.0, 32.0, 32.0, 32.0, 32.0, 32.0, 32.0, 32.0, 32.0, 32.0, 32.0, 32.0, 32.0, 32.0, 32.0, 32.0, 32.0, 32.0, 32.0, 32.0, 32.0, 32.0, 32.0, 32.0, 32.0, 32.0, 32.0, 32.0, 32.0, 32.0, 32.0, 32.0, 32.0, 32.0, 32.0, 32.0, 32.0, 32.0, 32.0, 32.0, 32.0, 32.0, 32.0, 32.0, 32.0, 32.0, 32.0, 32.0, 32.0, 32.0, 32.0, 32.0, 32.0, 32.0, 32.0, 32.0, 32.0, 32.0, 32.0, 32.0, 32.0, 32.0, 32.0, 32.0, 32.0, 32.0, 32.0, 32.0, 32.0, 32.0, 32.0, 32.0, 32.0, 32.0, 32.0, 32.0, 32.0, 32.0, 32.0, 32.0, 32.0, 32.0, 32.0, 32.0, 32.0, 32.0, 32.0, 32.0, 32.0, 32.0, 32.0, 32.0, 32.0, 32.0, 32.0, 32.0, 32.0, 32.0, 32.0, 32.0, 32.0, 32.0, 32.0, 32.0, 32.0, 32.0, 32.0, 32.0, 32.0, 32.0, 32.0, 32.0, 32.0, 32.0, 32.0, 32.0, 32.0, 32.0, 32.0, 32.0, 32.0, 32.0, 32.0, 32.0, 32.0, 32.0, 32.0, 32.0, 32.0, 32.0, 32.0, 32.0, 32.0, 32.0, 32.0, 32.0, 32.0, 32.0, 32.0, 32.0, 32.0, 32.0, 32.0, 32.0, 32.0]",COMPLETE
