,number,value,datetime_start,datetime_complete,duration,params_batch_size_scaler,params_constant_learning_rate,params_depth,params_epochs,params_kernel_l2,params_num_trees,params_temperature,user_attrs_accuracy_test,user_attrs_accuracy_valid,user_attrs_approximate_feature_sparsity,user_attrs_approximate_feature_sparsity_history,user_attrs_approximate_weight_sparsity,user_attrs_approximate_weight_sparsity_history,user_attrs_auc_test,user_attrs_auc_valid,user_attrs_feature_sparsity,user_attrs_feature_sparsity_history,user_attrs_num_epochs,user_attrs_val_loss_history,user_attrs_weight_sparsity,user_attrs_weight_sparsity_history,state
71,71,0.9163478507297342,2024-08-31 03:38:59.527475,2024-08-31 03:41:38.219177,0 days 00:02:38.691702,1,0.7032947410811711,5,115,0.044055480219986495,36,0.00014561076968421375,0.928,0.93,30,"[33, 33, 33, 33, 33, 33, 33, 33, 33, 33, 33, 33, 33, 33, 32, 31, 31, 31, 31, 31, 31, 31, 31, 31, 31, 31, 31, 31, 31, 31, 31, 31, 31, 31, 31, 31, 31, 31, 31, 31, 31, 31, 31, 30, 30, 30, 30, 30, 30, 30, 30, 30, 30, 30, 30, 30, 30, 30, 30, 30, 30, 30, 30, 30, 30, 30, 30, 30, 30, 30, 30, 30, 30, 30, 30, 30, 30, 30, 30, 30, 30, 30, 30, 30, 30, 30, 30, 30, 30, 30, 30, 30, 30, 30, 30, 30, 30, 30, 30, 30, 30, 30, 30, 30, 30, 30, 30, 30, 30, 30, 30, 30, 30, 30, 30]",29.905017921146957,"[32.95340501792115, 32.95161290322581, 32.95698924731183, 32.94982078853047, 32.954301075268816, 32.96057347670251, 32.96415770609319, 32.95519713261649, 32.9578853046595, 32.9668458781362, 32.94623655913979, 32.962365591397855, 32.95698924731183, 32.94265232974911, 31.95340501792115, 30.957885304659502, 30.96057347670251, 30.941756272401435, 30.954301075268816, 30.959677419354836, 30.963261648745522, 30.949820788530467, 30.956093189964157, 30.956093189964157, 30.95698924731183, 30.960573476702507, 30.961469534050178, 30.959677419354836, 30.9578853046595, 30.95609318996416, 30.956093189964154, 30.95519713261649, 30.944444444444443, 30.955197132616487, 30.952508960573475, 30.949820788530467, 30.950716845878137, 30.96057347670251, 30.960573476702507, 30.951612903225804, 30.95250896057348, 30.945340501792113, 30.950716845878137, 29.954301075268816, 29.951612903225808, 29.945340501792113, 29.950716845878134, 29.956093189964157, 29.95340501792115, 29.945340501792113, 29.954301075268816, 29.949820788530467, 29.938172043010752, 29.938172043010752, 29.951612903225808, 29.958781362007173, 29.946236559139784, 29.935483870967744, 29.954301075268816, 29.953405017921146, 29.952508960573475, 29.948028673835125, 29.944444444444443, 29.94713261648746, 29.946236559139784, 29.94713261648746, 29.949820788530467, 29.95609318996416, 29.944444444444443, 29.933691756272403, 29.93010752688172, 29.936379928315414, 29.93637992831541, 29.939964157706093, 29.93817204301075, 29.945340501792113, 29.940860215053764, 29.93727598566308, 29.93548387096774, 29.932795698924732, 29.93637992831541, 29.939068100358423, 29.92831541218638, 29.939964157706093, 29.940860215053764, 29.92741935483871, 29.939964157706093, 29.926523297491038, 29.931899641577058, 29.93189964157706, 29.93189964157706, 29.93189964157706, 29.925627240143367, 29.939068100358423, 29.93189964157706, 29.92831541218638, 29.94086021505376, 29.924731182795703, 29.93996415770609, 29.931003584229394, 29.941756272401435, 29.937275985663085, 29.93727598566308, 29.932795698924732, 29.92293906810036, 29.917562724014335, 29.92293906810036, 29.922043010752688, 29.913978494623656, 29.919354838709676, 29.911290322580644, 29.913978494623656, 29.92383512544803, 29.920250896057347, 29.905017921146957]",0.8954912111229453,0.9163478507297342,30,"[33, 33, 33, 33, 33, 33, 33, 33, 33, 33, 33, 33, 33, 33, 32, 31, 31, 31, 31, 31, 31, 31, 31, 31, 31, 31, 31, 31, 31, 31, 31, 31, 31, 31, 31, 31, 31, 31, 31, 31, 31, 31, 31, 30, 30, 30, 30, 30, 30, 30, 30, 30, 30, 30, 30, 30, 30, 30, 30, 30, 30, 30, 30, 30, 30, 30, 30, 30, 30, 30, 30, 30, 30, 30, 30, 30, 30, 30, 30, 30, 30, 30, 30, 30, 30, 30, 30, 30, 30, 30, 30, 30, 30, 30, 30, 30, 30, 30, 30, 30, 30, 30, 30, 30, 30, 30, 30, 30, 30, 30, 30, 30, 30, 30, 30]",115,"[0.35260000824928284, 0.30776938796043396, 0.27409592270851135, 0.25729286670684814, 0.233671173453331, 0.21628892421722412, 0.21128879487514496, 0.21913063526153564, 0.20954260230064392, 0.2033347487449646, 0.1927887499332428, 0.18843120336532593, 0.19236338138580322, 0.1929483413696289, 0.20617103576660156, 0.17753231525421143, 0.18268226087093353, 0.19400256872177124, 0.18576893210411072, 0.1793184131383896, 0.18366028368473053, 0.18406696617603302, 0.18892261385917664, 0.18263335525989532, 0.1859024614095688, 0.18481440842151642, 0.18423856794834137, 0.19465932250022888, 0.1847498118877411, 0.19448408484458923, 0.19086141884326935, 0.18065324425697327, 0.1931878924369812, 0.1974208950996399, 0.19151224195957184, 0.20276834070682526, 0.21130570769309998, 0.21142515540122986, 0.21450549364089966, 0.207699254155159, 0.20148277282714844, 0.2119632512331009, 0.21697808802127838, 0.21968922019004822, 0.22907769680023193, 0.20853038132190704, 0.22563320398330688, 0.2400403767824173, 0.2275555580854416, 0.23242589831352234, 0.23165710270404816, 0.2484278827905655, 0.2329948991537094, 0.2530132532119751, 0.2527213990688324, 0.24905768036842346, 0.25277459621429443, 0.252818763256073, 0.2472175657749176, 0.24889101088047028, 0.2690955102443695, 0.2628909945487976, 0.26554015278816223, 0.27051496505737305, 0.27740344405174255, 0.2694527208805084, 0.2746486961841583, 0.2808297872543335, 0.27954331040382385, 0.27877023816108704, 0.27985838055610657, 0.2857527434825897, 0.28723591566085815, 0.28380876779556274, 0.29620468616485596, 0.29010799527168274, 0.28752774000167847, 0.2922750413417816, 0.30449584126472473, 0.2964068353176117, 0.29938897490501404, 0.2987285256385803, 0.30084532499313354, 0.2930371165275574, 0.3092215657234192, 0.3047496974468231, 0.3012564778327942, 0.3199669420719147, 0.30504095554351807, 0.31453192234039307, 0.31459444761276245, 0.3108639717102051, 0.31720876693725586, 0.3162623643875122, 0.320297509431839, 0.3243120312690735, 0.31401023268699646, 0.32053855061531067, 0.32533490657806396, 0.3229297399520874, 0.3308178782463074, 0.33027657866477966, 0.330143541097641, 0.3301120698451996, 0.336871862411499, 0.3430083096027374, 0.339926153421402, 0.3328057527542114, 0.3306874930858612, 0.3455592691898346, 0.33755946159362793, 0.33521920442581177, 0.33766934275627136, 0.34270793199539185, 0.34096524119377136]",30.0,"[33.0, 33.0, 33.0, 33.0, 33.0, 33.0, 33.0, 33.0, 33.0, 33.0, 33.0, 33.0, 33.0, 33.0, 32.0, 31.0, 31.0, 31.0, 31.0, 31.0, 31.0, 31.0, 31.0, 31.0, 31.0, 31.0, 31.0, 31.0, 31.0, 31.0, 31.0, 31.0, 31.0, 31.0, 31.0, 31.0, 31.0, 31.0, 31.0, 31.0, 31.0, 31.0, 31.0, 30.0, 30.0, 30.0, 30.0, 30.0, 30.0, 30.0, 30.0, 30.0, 30.0, 30.0, 30.0, 30.0, 30.0, 30.0, 30.0, 30.0, 30.0, 30.0, 30.0, 30.0, 30.0, 30.0, 30.0, 30.0, 30.0, 30.0, 30.0, 30.0, 30.0, 30.0, 30.0, 30.0, 30.0, 30.0, 30.0, 30.0, 30.0, 30.0, 30.0, 30.0, 30.0, 30.0, 30.0, 30.0, 30.0, 30.0, 30.0, 30.0, 30.0, 30.0, 30.0, 30.0, 30.0, 30.0, 30.0, 30.0, 30.0, 30.0, 30.0, 30.0, 30.0, 30.0, 30.0, 30.0, 30.0, 30.0, 30.0, 30.0, 30.0, 30.0, 30.0]",COMPLETE
72,72,0.5,2024-08-31 03:41:39.842782,2024-08-31 03:42:16.536623,0 days 00:00:36.693841,4,6.2154126925426345,1,230,0.058535019546549466,35,0.025031414359196903,0.859,0.85875,2,"[2, 1, 1, 1, 1, 1, 5, 1, 1, 1, 1, 1, 1, 1, 1, 1, 1, 1, 1, 1, 1, 2, 1, 2, 1, 2, 1, 1, 0, 1, 0, 1, 1, 2, 1, 1, 1, 1, 1, 0, 0, 1, 1, 2, 1, 1, 2, 1, 1, 1, 2, 1, 1, 2, 1, 1, 1, 1, 1, 1, 2, 1, 1, 1, 1, 1, 1, 1, 1, 1, 2, 2, 3, 3, 1, 1, 1, 1, 1, 0, 1, 1, 1, 1, 1, 1, 1, 1, 1, 1, 1, 1, 4, 2, 2, 2, 1, 2, 2, 1, 1, 1, 1, 0, 1, 1, 1, 1, 2, 1, 1, 1, 1, 1, 0, 1, 2, 2, 1, 1, 2, 1, 1, 1, 1, 1, 1, 1, 0, 1, 1, 1, 1, 2, 4, 1, 1, 1, 1, 1, 1, 1, 1, 1, 1, 1, 1, 1, 1, 1, 1, 1, 2, 1, 1, 3, 1, 1, 0, 1, 2, 1, 2, 2, 1, 1, 1, 1, 2, 2, 1, 0, 1, 1, 1, 2, 1, 1, 1, 1, 1, 1, 2, 1, 1, 2, 1, 2, 2, 2, 1, 1, 1, 1, 2, 2, 1, 0, 5, 4, 1, 0, 1, 1, 1, 1, 1, 1, 1, 1, 2, 1, 1, 0, 1, 2, 1, 1, 1, 1, 1, 1, 1, 1, 0, 2, 3, 2, 1, 2]",2.0,"[2.0, 1.0, 1.0, 1.0, 0.9714285714285714, 1.0, 5.0, 1.0, 1.0, 1.0, 1.0, 1.0, 1.0, 1.0, 1.0, 1.0, 1.0, 1.0, 1.0, 1.0, 1.0, 2.0, 1.0, 2.0, 1.0, 2.0, 1.0, 1.0, 0.0, 1.0, 0.0, 1.0, 1.0, 2.0, 1.0, 1.0, 1.0, 1.0, 1.0, 0.0, 0.0, 1.0, 1.0, 2.0, 1.0, 1.0, 2.0, 1.0, 1.0, 1.0, 2.0, 1.0, 1.0, 2.0, 1.0, 1.0, 1.0, 1.0, 1.0, 1.0, 2.0, 1.0, 1.0, 1.0, 1.0, 1.0, 1.0, 1.0, 1.0, 1.0, 2.0, 2.0, 3.0, 3.0, 1.0, 1.0, 1.0, 1.0, 1.0, 0.0, 1.0, 1.0, 1.0, 1.0, 1.0, 1.0, 1.0, 1.0, 1.0, 1.0, 1.0, 1.0, 4.0, 2.0, 2.0, 2.0, 1.0, 2.0, 2.0, 1.0, 1.0, 1.0, 1.0, 0.0, 1.0, 1.0, 1.0, 1.0, 2.0, 1.0, 1.0, 1.0, 1.0, 1.0, 0.0, 1.0, 2.0, 2.0, 1.0, 1.0, 2.0, 1.0, 1.0, 1.0, 1.0, 1.0, 1.0, 1.0, 0.0, 1.0, 1.0, 1.0, 1.0, 2.0, 4.0, 1.0, 1.0, 1.0, 1.0, 1.0, 1.0, 1.0, 1.0, 1.0, 1.0, 1.0, 1.0, 1.0, 1.0, 1.0, 1.0, 1.0, 2.0, 1.0, 1.0, 3.0, 1.0, 1.0, 0.0, 1.0, 2.0, 1.0, 2.0, 2.0, 1.0, 1.0, 1.0, 1.0, 2.0, 2.0, 1.0, 0.0, 1.0, 1.0, 1.0, 2.0, 1.0, 1.0, 1.0, 1.0, 1.0, 1.0, 2.0, 1.0, 1.0, 2.0, 1.0, 2.0, 2.0, 2.0, 1.0, 1.0, 1.0, 1.0, 2.0, 2.0, 1.0, 0.0, 5.0, 4.0, 1.0, 0.0, 1.0, 1.0, 1.0, 1.0, 1.0, 1.0, 1.0, 1.0, 2.0, 1.0, 1.0, 0.0, 1.0, 2.0, 1.0, 1.0, 1.0, 1.0, 1.0, 1.0, 1.0, 1.0, 0.0, 2.0, 3.0, 2.0, 1.0, 2.0]",0.5,0.5,2,"[2, 1, 1, 1, 1, 1, 5, 1, 1, 1, 1, 1, 1, 1, 1, 1, 1, 1, 1, 1, 1, 2, 1, 2, 1, 2, 1, 1, 0, 1, 0, 1, 1, 2, 1, 1, 1, 1, 1, 0, 0, 1, 1, 2, 1, 1, 2, 1, 1, 1, 2, 1, 1, 2, 1, 1, 1, 1, 1, 1, 2, 1, 1, 1, 1, 1, 1, 1, 1, 1, 2, 2, 3, 3, 1, 1, 1, 1, 1, 0, 1, 1, 1, 1, 1, 1, 1, 1, 1, 1, 1, 1, 4, 2, 2, 2, 1, 2, 2, 1, 1, 1, 1, 0, 1, 1, 1, 1, 2, 1, 1, 1, 1, 1, 0, 1, 2, 2, 1, 1, 2, 1, 1, 1, 1, 1, 1, 1, 0, 1, 1, 1, 1, 2, 4, 1, 1, 1, 1, 1, 1, 1, 1, 1, 1, 1, 1, 1, 1, 1, 1, 1, 2, 1, 1, 3, 1, 1, 0, 1, 2, 1, 2, 2, 1, 1, 1, 1, 2, 2, 1, 0, 1, 1, 1, 2, 1, 1, 1, 1, 1, 1, 2, 1, 1, 2, 1, 2, 2, 2, 1, 1, 1, 1, 2, 2, 1, 0, 5, 4, 1, 0, 1, 1, 1, 1, 1, 1, 1, 1, 2, 1, 1, 0, 1, 2, 1, 1, 1, 1, 1, 1, 1, 1, 0, 2, 3, 2, 1, 2]",230,"[28.760778427124023, 14.186840057373047, 8.725228309631348, 20.845659255981445, 42.618011474609375, 26.516691207885742, 42.6060905456543, 24.64568519592285, 17.333248138427734, 13.217883110046387, 44.57467269897461, 18.9746036529541, 17.533342361450195, 20.817354202270508, 18.447484970092773, 7.441532135009766, 21.68488121032715, 44.53839874267578, 27.951309204101562, 47.88037109375, 41.11882019042969, 56.520450592041016, 13.297438621520996, 33.95374298095703, 24.58495330810547, 15.137124061584473, 0.9429426789283752, 47.172115325927734, 8.046024322509766, 12.868213653564453, 4.9327497482299805, 35.58833312988281, 38.70302963256836, 11.559016227722168, 24.530323028564453, 21.8226318359375, 11.653111457824707, 5.76177978515625, 21.012685775756836, 1.0281795263290405, 26.388877868652344, 8.508988380432129, 46.65058898925781, 37.11160659790039, 43.447608947753906, 21.78144073486328, 35.002140045166016, 15.923064231872559, 10.532697677612305, 1.0593756437301636, 20.680932998657227, 40.51918029785156, 25.3138484954834, 26.93096351623535, 7.46000862121582, 29.27121353149414, 2.7884209156036377, 35.84196090698242, 39.3322868347168, 22.152433395385742, 12.199257850646973, 5.441047191619873, 4.294486045837402, 14.798622131347656, 16.21256446838379, 18.99239730834961, 40.76408767700195, 37.22404098510742, 2.7233753204345703, 26.663496017456055, 7.9999494552612305, 29.718364715576172, 15.020456314086914, 9.265117645263672, 18.46944236755371, 39.474117279052734, 32.11131286621094, 28.915674209594727, 20.52446937561035, 6.726271152496338, 40.308494567871094, 32.1592903137207, 29.60735321044922, 20.497121810913086, 14.291473388671875, 8.399419784545898, 36.01878356933594, 6.97067928314209, 2.5829904079437256, 44.55805206298828, 37.450008392333984, 31.462989807128906, 26.484373092651367, 25.331953048706055, 16.940837860107422, 3.5294106006622314, 33.45603561401367, 19.93890953063965, 24.495336532592773, 39.309661865234375, 26.98155975341797, 19.36981964111328, 7.974661350250244, 2.2076611518859863, 1.9958715438842773, 30.49573516845703, 24.3159122467041, 18.131677627563477, 31.125123977661133, 19.00969696044922, 12.882770538330078, 40.48274612426758, 22.689294815063477, 17.231658935546875, 14.952086448669434, 2.0665786266326904, 31.451740264892578, 16.89900779724121, 22.553333282470703, 3.7390201091766357, 21.075176239013672, 3.6310675144195557, 12.724658012390137, 5.976299285888672, 12.616198539733887, 11.11558723449707, 40.18711853027344, 41.24906921386719, 11.007756233215332, 14.546679496765137, 14.022347450256348, 33.10225296020508, 45.652889251708984, 33.241661071777344, 7.899395942687988, 33.83858871459961, 26.88105010986328, 22.860132217407227, 17.61347198486328, 12.867131233215332, 1.035905122756958, 37.49909591674805, 36.869537353515625, 39.134185791015625, 43.6413688659668, 37.816932678222656, 1.1044355630874634, 33.973392486572266, 42.9594841003418, 22.210289001464844, 27.562578201293945, 20.980852127075195, 6.893421173095703, 7.308990001678467, 3.1232147216796875, 12.964271545410156, 20.14822006225586, 10.169429779052734, 12.908424377441406, 15.918085098266602, 27.218700408935547, 41.260135650634766, 20.762310028076172, 38.98725891113281, 6.096137046813965, 16.161724090576172, 39.25624084472656, 7.238933563232422, 43.13276290893555, 40.66120529174805, 21.490995407104492, 46.68137741088867, 43.94483947753906, 38.776641845703125, 35.91130828857422, 10.975847244262695, 33.88385772705078, 22.53351402282715, 10.005912780761719, 7.20736026763916, 24.474353790283203, 37.4636344909668, 30.866300582885742, 44.28057098388672, 18.538494110107422, 31.728805541992188, 1.6565709114074707, 33.4379997253418, 20.751150131225586, 15.452690124511719, 1.0041879415512085, 10.901131629943848, 21.59758949279785, 36.76835632324219, 14.757177352905273, 8.794296264648438, 18.895160675048828, 20.201997756958008, 6.560342311859131, 32.85881423950195, 14.07680892944336, 30.339860916137695, 6.306095123291016, 19.71486473083496, 4.173272609710693, 12.448102951049805, 10.173279762268066, 0.8231863379478455, 36.24660110473633, 29.05657958984375, 12.622446060180664, 11.792889595031738, 3.7332868576049805, 0.40793880820274353, 3.302323341369629, 32.07971954345703, 28.70818519592285, 16.140520095825195, 11.951664924621582, 7.928494453430176, 11.939483642578125, 59.67500305175781, 43.07235336303711, 16.90734100341797, 9.359055519104004, 21.224288940429688, 26.563316345214844, 18.729141235351562, 31.945964813232422, 30.574586868286133]",2.0,"[2.0, 1.0, 1.0, 1.0, 1.0, 1.0, 5.0, 1.0, 1.0, 1.0, 1.0, 1.0, 1.0, 1.0, 1.0, 1.0, 1.0, 1.0, 1.0, 1.0, 1.0, 2.0, 1.0, 2.0, 1.0, 2.0, 1.0, 1.0, 0.0, 1.0, 0.0, 1.0, 1.0, 2.0, 1.0, 1.0, 1.0, 1.0, 1.0, 0.0, 0.0, 1.0, 1.0, 2.0, 1.0, 1.0, 2.0, 1.0, 1.0, 1.0, 2.0, 1.0, 1.0, 2.0, 1.0, 1.0, 1.0, 1.0, 1.0, 1.0, 2.0, 1.0, 1.0, 1.0, 1.0, 1.0, 1.0, 1.0, 1.0, 1.0, 2.0, 2.0, 3.0, 3.0, 1.0, 1.0, 1.0, 1.0, 1.0, 0.0, 1.0, 1.0, 1.0, 1.0, 1.0, 1.0, 1.0, 1.0, 1.0, 1.0, 1.0, 1.0, 4.0, 2.0, 2.0, 2.0, 1.0, 2.0, 2.0, 1.0, 1.0, 1.0, 1.0, 0.0, 1.0, 1.0, 1.0, 1.0, 2.0, 1.0, 1.0, 1.0, 1.0, 1.0, 0.0, 1.0, 2.0, 2.0, 1.0, 1.0, 2.0, 1.0, 1.0, 1.0, 1.0, 1.0, 1.0, 1.0, 0.0, 1.0, 1.0, 1.0, 1.0, 2.0, 4.0, 1.0, 1.0, 1.0, 1.0, 1.0, 1.0, 1.0, 1.0, 1.0, 1.0, 1.0, 1.0, 1.0, 1.0, 1.0, 1.0, 1.0, 2.0, 1.0, 1.0, 3.0, 1.0, 1.0, 0.0, 1.0, 2.0, 1.0, 2.0, 2.0, 1.0, 1.0, 1.0, 1.0, 2.0, 2.0, 1.0, 0.0, 1.0, 1.0, 1.0, 2.0, 1.0, 1.0, 1.0, 1.0, 1.0, 1.0, 2.0, 1.0, 1.0, 2.0, 1.0, 2.0, 2.0, 2.0, 1.0, 1.0, 1.0, 1.0, 2.0, 2.0, 1.0, 0.0, 5.0, 4.0, 1.0, 0.0, 1.0, 1.0, 1.0, 1.0, 1.0, 1.0, 1.0, 1.0, 2.0, 1.0, 1.0, 0.0, 1.0, 2.0, 1.0, 1.0, 1.0, 1.0, 1.0, 1.0, 1.0, 1.0, 0.0, 2.0, 3.0, 2.0, 1.0, 2.0]",COMPLETE
