,number,value,datetime_start,datetime_complete,duration,params_batch_size_scaler,params_constant_learning_rate,params_depth,params_epochs,params_kernel_l2,params_num_trees,params_temperature,user_attrs_accuracy_test,user_attrs_accuracy_valid,user_attrs_approximate_feature_sparsity,user_attrs_approximate_feature_sparsity_history,user_attrs_approximate_weight_sparsity,user_attrs_approximate_weight_sparsity_history,user_attrs_auc_test,user_attrs_auc_valid,user_attrs_feature_sparsity,user_attrs_feature_sparsity_history,user_attrs_num_epochs,user_attrs_val_loss_history,user_attrs_weight_sparsity,user_attrs_weight_sparsity_history,state
93,93,0.5,2024-08-31 04:31:13.469315,2024-08-31 04:34:39.812929,0 days 00:03:26.343614,1,1.4355144572495306,4,120,0.0056774777722710425,65,0.0044747372641113494,0.859,0.85875,0,"[0, 0, 0, 0, 0, 0, 0, 0, 0, 0, 0, 0, 0, 0, 0, 0, 0, 0, 0, 0, 0, 0, 0, 0, 0, 0, 0, 0, 0, 0, 0, 0, 0, 0, 0, 0, 0, 0, 0, 0, 0, 0, 0, 0, 0, 0, 0, 0, 0, 0, 0, 0, 0, 0, 0, 0, 0, 0, 0, 0, 0, 0, 0, 0, 0, 0, 0, 0, 0, 0, 0, 0, 0, 0, 0, 0, 0, 0, 0, 0, 0, 0, 0, 0, 0, 0, 0, 0, 0, 0, 0, 0, 0, 0, 0, 0, 0, 0, 0, 0, 0, 0, 0, 0, 0, 0, 0, 0, 0, 0, 0, 0, 0, 0, 0, 0, 0, 0, 0, 0]",0.0,"[0.0, 0.0, 0.0, 0.0, 0.0, 0.0, 0.0, 0.0, 0.0, 0.0, 0.0, 0.0, 0.0, 0.0, 0.0, 0.0, 0.0, 0.0, 0.0, 0.0, 0.0, 0.0, 0.0, 0.0, 0.0, 0.0, 0.0, 0.0, 0.0, 0.0, 0.0, 0.0, 0.0, 0.0, 0.0, 0.0, 0.0, 0.0, 0.0, 0.0, 0.0, 0.0, 0.0, 0.0, 0.0, 0.0, 0.0, 0.0, 0.0, 0.0, 0.0, 0.0, 0.0, 0.0, 0.0, 0.0, 0.0, 0.0, 0.0, 0.0, 0.0, 0.0, 0.0, 0.0, 0.0, 0.0, 0.0, 0.0, 0.0, 0.0, 0.0, 0.0, 0.0, 0.0, 0.0, 0.0, 0.0, 0.0, 0.0, 0.0, 0.0, 0.0, 0.0, 0.0, 0.0, 0.0, 0.0, 0.0, 0.0, 0.0, 0.0, 0.0, 0.0, 0.0, 0.0, 0.0, 0.0, 0.0, 0.0, 0.0, 0.0, 0.0, 0.0, 0.0, 0.0, 0.0, 0.0, 0.0, 0.0, 0.0, 0.0, 0.0, 0.0, 0.0, 0.0, 0.0, 0.0, 0.0, 0.0, 0.0]",0.5,0.5,0,"[0, 0, 0, 0, 0, 0, 0, 0, 0, 0, 0, 0, 0, 0, 0, 0, 0, 0, 0, 0, 0, 0, 0, 0, 0, 0, 0, 0, 0, 0, 0, 0, 0, 0, 0, 0, 0, 0, 0, 0, 0, 0, 0, 0, 0, 0, 0, 0, 0, 0, 0, 0, 0, 0, 0, 0, 0, 0, 0, 0, 0, 0, 0, 0, 0, 0, 0, 0, 0, 0, 0, 0, 0, 0, 0, 0, 0, 0, 0, 0, 0, 0, 0, 0, 0, 0, 0, 0, 0, 0, 0, 0, 0, 0, 0, 0, 0, 0, 0, 0, 0, 0, 0, 0, 0, 0, 0, 0, 0, 0, 0, 0, 0, 0, 0, 0, 0, 0, 0, 0]",120,"[0.5255521535873413, 0.89776211977005, 0.46857014298439026, 0.44326627254486084, 0.40739181637763977, 0.44491294026374817, 0.4417082667350769, 0.6273238658905029, 0.43104851245880127, 0.41074374318122864, 0.7200952768325806, 0.7065532803535461, 0.41103270649909973, 0.4458472430706024, 0.44439807534217834, 0.7840338349342346, 0.43320006132125854, 0.41032153367996216, 0.41527870297431946, 0.46116334199905396, 0.4093450903892517, 0.546755850315094, 0.4212055504322052, 0.5112256407737732, 0.40930041670799255, 0.4074128270149231, 0.4721214771270752, 0.6249514222145081, 0.5150346159934998, 0.4344330132007599, 0.40977391600608826, 0.4453662037849426, 0.44658416509628296, 0.5210801959037781, 0.5734949707984924, 0.4468248784542084, 0.4143570363521576, 0.4250338077545166, 0.550001323223114, 0.4084588289260864, 0.4075240194797516, 0.4127448797225952, 0.7988351583480835, 0.4089146554470062, 0.5129399299621582, 0.46670371294021606, 0.4108808636665344, 0.8022880554199219, 0.4506381154060364, 0.743085503578186, 0.6946324110031128, 0.4481903910636902, 0.48476287722587585, 0.42941364645957947, 0.7590340375900269, 0.5232687592506409, 0.4330841302871704, 0.5488866567611694, 0.5535499453544617, 0.4772859215736389, 0.5534328818321228, 0.42983099818229675, 0.40790194272994995, 0.4488079845905304, 0.40799131989479065, 0.4440494179725647, 0.4317445456981659, 0.4774704873561859, 0.4213687777519226, 0.4940930902957916, 0.40834224224090576, 0.508324146270752, 0.4125519096851349, 0.4129351079463959, 0.4453233480453491, 0.4350072145462036, 0.570080578327179, 0.4464276432991028, 0.4489682912826538, 0.43914663791656494, 1.010000467300415, 0.44275975227355957, 0.5216906070709229, 0.40872764587402344, 0.42187610268592834, 0.4890783727169037, 0.4254233241081238, 0.4286293089389801, 0.5176839828491211, 0.44785889983177185, 0.4313512444496155, 0.47376105189323425, 0.5660144686698914, 0.40825438499450684, 0.45848026871681213, 0.542715847492218, 0.4653141498565674, 0.4085840582847595, 0.9953660368919373, 0.40878063440322876, 0.40858131647109985, 0.42650356888771057, 0.408913791179657, 0.40947583317756653, 1.1539006233215332, 0.7427588105201721, 0.4310286343097687, 0.4194178283214569, 0.4085948169231415, 0.44469502568244934, 0.4256989359855652, 0.4211464822292328, 0.4342198669910431, 0.4235691428184509, 0.4746455252170563, 0.9392297863960266, 0.41051051020622253, 0.4081123471260071, 0.4155882000923157, 0.46974533796310425]",0.0,"[0.0, 0.0, 0.0, 0.0, 0.0, 0.0, 0.0, 0.0, 0.0, 0.0, 0.0, 0.0, 0.0, 0.0, 0.0, 0.0, 0.0, 0.0, 0.0, 0.0, 0.0, 0.0, 0.0, 0.0, 0.0, 0.0, 0.0, 0.0, 0.0, 0.0, 0.0, 0.0, 0.0, 0.0, 0.0, 0.0, 0.0, 0.0, 0.0, 0.0, 0.0, 0.0, 0.0, 0.0, 0.0, 0.0, 0.0, 0.0, 0.0, 0.0, 0.0, 0.0, 0.0, 0.0, 0.0, 0.0, 0.0, 0.0, 0.0, 0.0, 0.0, 0.0, 0.0, 0.0, 0.0, 0.0, 0.0, 0.0, 0.0, 0.0, 0.0, 0.0, 0.0, 0.0, 0.0, 0.0, 0.0, 0.0, 0.0, 0.0, 0.0, 0.0, 0.0, 0.0, 0.0, 0.0, 0.0, 0.0, 0.0, 0.0, 0.0, 0.0, 0.0, 0.0, 0.0, 0.0, 0.0, 0.0, 0.0, 0.0, 0.0, 0.0, 0.0, 0.0, 0.0, 0.0, 0.0, 0.0, 0.0, 0.0, 0.0, 0.0, 0.0, 0.0, 0.0, 0.0, 0.0, 0.0, 0.0, 0.0]",COMPLETE
94,94,0.7474462521415414,2024-08-31 04:34:42.096518,2024-08-31 04:35:23.401162,0 days 00:00:41.304644,64,0.11714205816938379,4,195,0.033904569144225495,80,0.00015959898428694026,0.878,0.87375,33,"[33, 33, 33, 33, 33, 33, 33, 33, 33, 33, 33, 33, 33, 33, 33, 33, 33, 33, 33, 33, 33, 33, 33, 33, 33, 33, 33, 33, 33, 33, 33, 33, 33, 33, 33, 33, 33, 33, 33, 33, 33, 33, 33, 33, 33, 33, 33, 33, 33, 33, 33, 33, 33, 33, 33, 33, 33, 33, 33, 33, 33, 33, 33, 33, 33, 33, 33, 33, 33, 33, 33, 33, 33, 33, 33, 33, 33, 33, 33, 33, 33, 33, 33, 33, 33, 33, 33, 33, 33, 33, 33, 33, 33, 33, 33, 33, 33, 33, 33, 33, 33, 33, 33, 33, 33, 33, 33, 33, 33, 33, 33, 33, 33, 33, 33, 33, 33, 33, 33, 33, 33, 33, 33, 33, 33, 33, 33, 33, 33, 33, 33, 33, 33, 33, 33, 33, 33, 33, 33, 33, 33, 33, 33, 33, 33, 33, 33, 33, 33, 33, 33, 33, 33, 33, 33, 33, 33, 33, 33, 33, 33, 33, 33, 33, 33, 33, 33, 33, 33, 33, 33, 33, 33, 33, 33, 33, 33, 33, 33, 33, 33, 33, 33, 33, 33, 33, 33, 33, 33, 33, 33, 33, 33, 33, 33]",32.95,"[32.95166666666667, 32.955, 32.9475, 32.949999999999996, 32.949999999999996, 32.949999999999996, 32.94916666666666, 32.957499999999996, 32.95166666666667, 32.950833333333335, 32.955, 32.95333333333333, 32.94916666666667, 32.95333333333333, 32.958333333333336, 32.95666666666666, 32.95583333333333, 32.955, 32.9525, 32.957499999999996, 32.96083333333333, 32.96, 32.95666666666666, 32.955000000000005, 32.958333333333336, 32.96083333333333, 32.95833333333333, 32.9625, 32.95333333333333, 32.955, 32.954166666666666, 32.95583333333333, 32.954166666666666, 32.957499999999996, 32.958333333333336, 32.958333333333336, 32.961666666666666, 32.96, 32.961666666666666, 32.96, 32.958333333333336, 32.95583333333333, 32.95333333333333, 32.95333333333333, 32.94833333333334, 32.95166666666667, 32.9525, 32.95583333333333, 32.957499999999996, 32.9525, 32.95166666666667, 32.955, 32.955, 32.957499999999996, 32.94833333333333, 32.94833333333333, 32.95583333333333, 32.9525, 32.95166666666667, 32.946666666666665, 32.95333333333333, 32.95583333333333, 32.954166666666666, 32.9525, 32.95166666666667, 32.95333333333333, 32.950833333333335, 32.94916666666666, 32.94583333333333, 32.94916666666666, 32.957499999999996, 32.9475, 32.95, 32.95333333333333, 32.94916666666666, 32.946666666666665, 32.950833333333335, 32.954166666666666, 32.95, 32.950833333333335, 32.9525, 32.950833333333335, 32.954166666666666, 32.955, 32.9575, 32.955, 32.9625, 32.9625, 32.9625, 32.96, 32.96083333333333, 32.961666666666666, 32.961666666666666, 32.965, 32.964999999999996, 32.96416666666667, 32.9675, 32.968333333333334, 32.969166666666666, 32.96666666666667, 32.96416666666667, 32.961666666666666, 32.96583333333333, 32.965833333333336, 32.95583333333333, 32.95666666666666, 32.96, 32.95583333333333, 32.95333333333333, 32.95583333333334, 32.954166666666666, 32.950833333333335, 32.950833333333335, 32.9525, 32.955, 32.955, 32.95666666666667, 32.95333333333333, 32.95583333333333, 32.95666666666666, 32.954166666666666, 32.95333333333333, 32.945, 32.9525, 32.94833333333334, 32.949999999999996, 32.957499999999996, 32.95333333333333, 32.954166666666666, 32.95249999999999, 32.95666666666666, 32.95666666666666, 32.955, 32.95666666666666, 32.95583333333333, 32.954166666666666, 32.94499999999999, 32.9475, 32.945, 32.946666666666665, 32.95166666666667, 32.95083333333333, 32.955000000000005, 32.95833333333333, 32.955, 32.955, 32.9575, 32.96, 32.96416666666667, 32.9575, 32.95666666666667, 32.960833333333326, 32.960833333333326, 32.95583333333334, 32.95166666666667, 32.954166666666666, 32.95916666666667, 32.95583333333334, 32.954166666666666, 32.957499999999996, 32.958333333333336, 32.961666666666666, 32.961666666666666, 32.96083333333333, 32.9625, 32.964166666666664, 32.958333333333336, 32.95916666666667, 32.95666666666667, 32.958333333333336, 32.96333333333333, 32.96, 32.961666666666666, 32.96083333333333, 32.96, 32.961666666666666, 32.961666666666666, 32.95666666666666, 32.95583333333333, 32.95916666666666, 32.9525, 32.954166666666666, 32.94833333333333, 32.955, 32.950833333333335, 32.946666666666665, 32.95166666666666, 32.95666666666666, 32.958333333333336, 32.95666666666666, 32.95583333333333, 32.957499999999996, 32.95583333333333, 32.9525, 32.95]",0.7821233662761417,0.7474462521415414,33,"[33, 33, 33, 33, 33, 33, 33, 33, 33, 33, 33, 33, 33, 33, 33, 33, 33, 33, 33, 33, 33, 33, 33, 33, 33, 33, 33, 33, 33, 33, 33, 33, 33, 33, 33, 33, 33, 33, 33, 33, 33, 33, 33, 33, 33, 33, 33, 33, 33, 33, 33, 33, 33, 33, 33, 33, 33, 33, 33, 33, 33, 33, 33, 33, 33, 33, 33, 33, 33, 33, 33, 33, 33, 33, 33, 33, 33, 33, 33, 33, 33, 33, 33, 33, 33, 33, 33, 33, 33, 33, 33, 33, 33, 33, 33, 33, 33, 33, 33, 33, 33, 33, 33, 33, 33, 33, 33, 33, 33, 33, 33, 33, 33, 33, 33, 33, 33, 33, 33, 33, 33, 33, 33, 33, 33, 33, 33, 33, 33, 33, 33, 33, 33, 33, 33, 33, 33, 33, 33, 33, 33, 33, 33, 33, 33, 33, 33, 33, 33, 33, 33, 33, 33, 33, 33, 33, 33, 33, 33, 33, 33, 33, 33, 33, 33, 33, 33, 33, 33, 33, 33, 33, 33, 33, 33, 33, 33, 33, 33, 33, 33, 33, 33, 33, 33, 33, 33, 33, 33, 33, 33, 33, 33, 33, 33]",195,"[0.4392457902431488, 0.41064879298210144, 0.4068753719329834, 0.40313538908958435, 0.4014073312282562, 0.4000242352485657, 0.39890551567077637, 0.3976583182811737, 0.39655613899230957, 0.39572933316230774, 0.3946102559566498, 0.39373019337654114, 0.3928787112236023, 0.39208996295928955, 0.391389399766922, 0.3904760479927063, 0.39007240533828735, 0.38916119933128357, 0.38829249143600464, 0.38749560713768005, 0.3868294060230255, 0.38616886734962463, 0.38564908504486084, 0.3851316571235657, 0.38456177711486816, 0.38430339097976685, 0.38353049755096436, 0.38375961780548096, 0.3827950656414032, 0.3821512460708618, 0.38146737217903137, 0.3810570538043976, 0.38116276264190674, 0.38040342926979065, 0.38000115752220154, 0.37963157892227173, 0.37913528084754944, 0.37900474667549133, 0.37884676456451416, 0.3783206045627594, 0.37798988819122314, 0.3777110278606415, 0.37732115387916565, 0.3770882487297058, 0.37668073177337646, 0.376394659280777, 0.3759092390537262, 0.3753449618816376, 0.3750224709510803, 0.3747480511665344, 0.3743065893650055, 0.37399253249168396, 0.37388697266578674, 0.37361422181129456, 0.3733709752559662, 0.37312614917755127, 0.37290501594543457, 0.37268951535224915, 0.3725219964981079, 0.37232857942581177, 0.3721352815628052, 0.3718951940536499, 0.37175223231315613, 0.37161386013031006, 0.3719888925552368, 0.370927631855011, 0.37074345350265503, 0.3706098794937134, 0.37070998549461365, 0.3702594041824341, 0.37018126249313354, 0.36992114782333374, 0.3696441948413849, 0.3694166839122772, 0.36909720301628113, 0.3689418137073517, 0.3689155578613281, 0.3687852621078491, 0.3684624433517456, 0.36804234981536865, 0.3679139316082001, 0.36780476570129395, 0.36750367283821106, 0.36719077825546265, 0.36785027384757996, 0.3676053285598755, 0.3669797480106354, 0.3665756583213806, 0.3663681149482727, 0.3660890460014343, 0.3659382164478302, 0.3658475875854492, 0.365670770406723, 0.36547064781188965, 0.3653518259525299, 0.3655087351799011, 0.3653765618801117, 0.36488059163093567, 0.364579439163208, 0.36436718702316284, 0.36417511105537415, 0.3639834523200989, 0.363882452249527, 0.36359259486198425, 0.36347466707229614, 0.36321792006492615, 0.3629428744316101, 0.3628023862838745, 0.362520307302475, 0.3623885214328766, 0.3622646629810333, 0.361960232257843, 0.36199870705604553, 0.3616899847984314, 0.3614002466201782, 0.36122849583625793, 0.3610759973526001, 0.3614138066768646, 0.3610318899154663, 0.3609173595905304, 0.36089515686035156, 0.3605532944202423, 0.3603265881538391, 0.3601909875869751, 0.35993510484695435, 0.35974276065826416, 0.3595952093601227, 0.3594379723072052, 0.3592734634876251, 0.35912978649139404, 0.3590784966945648, 0.35900166630744934, 0.3587740957736969, 0.3585171401500702, 0.35824474692344666, 0.3580349385738373, 0.35785624384880066, 0.3576752543449402, 0.35754576325416565, 0.3573373854160309, 0.35733550786972046, 0.3571733832359314, 0.3569868803024292, 0.35678091645240784, 0.356644868850708, 0.3570573925971985, 0.35656842589378357, 0.3563503921031952, 0.3562588393688202, 0.3560250997543335, 0.356012225151062, 0.35551151633262634, 0.35660338401794434, 0.357077419757843, 0.355400949716568, 0.35565224289894104, 0.35443902015686035, 0.35423997044563293, 0.35405269265174866, 0.3538767695426941, 0.3537806272506714, 0.3538690209388733, 0.3535378575325012, 0.35350245237350464, 0.3533356785774231, 0.35302162170410156, 0.35298073291778564, 0.3529067635536194, 0.3526330590248108, 0.35283157229423523, 0.3525448143482208, 0.35242772102355957, 0.3522186577320099, 0.3519951105117798, 0.3518700897693634, 0.35178157687187195, 0.3515900671482086, 0.3513665795326233, 0.3514607548713684, 0.352212131023407, 0.35105419158935547, 0.35111451148986816, 0.3507920801639557, 0.3507431149482727, 0.3505159318447113, 0.35014015436172485, 0.35023653507232666, 0.34988439083099365, 0.34979942440986633, 0.3493676781654358, 0.34920674562454224, 0.34922635555267334, 0.3489150106906891, 0.3487412631511688, 0.3487192392349243]",33.0,"[33.0, 33.0, 33.0, 33.0, 33.0, 33.0, 33.0, 33.0, 33.0, 33.0, 33.0, 33.0, 33.0, 33.0, 33.0, 33.0, 33.0, 33.0, 33.0, 33.0, 33.0, 33.0, 33.0, 33.0, 33.0, 33.0, 33.0, 33.0, 33.0, 33.0, 33.0, 33.0, 33.0, 33.0, 33.0, 33.0, 33.0, 33.0, 33.0, 33.0, 33.0, 33.0, 33.0, 33.0, 33.0, 33.0, 33.0, 33.0, 33.0, 33.0, 33.0, 33.0, 33.0, 33.0, 33.0, 33.0, 33.0, 33.0, 33.0, 33.0, 33.0, 33.0, 33.0, 33.0, 33.0, 33.0, 33.0, 33.0, 33.0, 33.0, 33.0, 33.0, 33.0, 33.0, 33.0, 33.0, 33.0, 33.0, 33.0, 33.0, 33.0, 33.0, 33.0, 33.0, 33.0, 33.0, 33.0, 33.0, 33.0, 33.0, 33.0, 33.0, 33.0, 33.0, 33.0, 33.0, 33.0, 33.0, 33.0, 33.0, 33.0, 33.0, 33.0, 33.0, 33.0, 33.0, 33.0, 33.0, 33.0, 33.0, 33.0, 33.0, 33.0, 33.0, 33.0, 33.0, 33.0, 33.0, 33.0, 33.0, 33.0, 33.0, 33.0, 33.0, 33.0, 33.0, 33.0, 33.0, 33.0, 33.0, 33.0, 33.0, 33.0, 33.0, 33.0, 33.0, 33.0, 33.0, 33.0, 33.0, 33.0, 33.0, 33.0, 33.0, 33.0, 33.0, 33.0, 33.0, 33.0, 33.0, 33.0, 33.0, 33.0, 33.0, 33.0, 33.0, 33.0, 33.0, 33.0, 33.0, 33.0, 33.0, 33.0, 33.0, 33.0, 33.0, 33.0, 33.0, 33.0, 33.0, 33.0, 33.0, 33.0, 33.0, 33.0, 33.0, 33.0, 33.0, 33.0, 33.0, 33.0, 33.0, 33.0, 33.0, 33.0, 33.0, 33.0, 33.0, 33.0, 33.0, 33.0, 33.0, 33.0, 33.0, 33.0]",COMPLETE
