,number,value,datetime_start,datetime_complete,duration,params_batch_size_scaler,params_constant_learning_rate,params_depth,params_epochs,params_kernel_l2,params_num_trees,params_temperature,user_attrs_accuracy_test,user_attrs_accuracy_valid,user_attrs_approximate_feature_sparsity,user_attrs_approximate_feature_sparsity_history,user_attrs_approximate_weight_sparsity,user_attrs_approximate_weight_sparsity_history,user_attrs_auc_test,user_attrs_auc_valid,user_attrs_feature_sparsity,user_attrs_feature_sparsity_history,user_attrs_num_epochs,user_attrs_val_loss_history,user_attrs_weight_sparsity,user_attrs_weight_sparsity_history,state
88,88,0.6088418286509255,2024-08-31 04:21:30.462279,2024-08-31 04:23:06.718126,0 days 00:01:36.255847,64,0.3957595056675654,6,325,0.027616887792772934,5,0.0724632615035284,0.859,0.85875,1,"[33, 33, 33, 32, 15, 5, 1, 1, 1, 1, 1, 1, 1, 1, 1, 1, 1, 1, 1, 1, 1, 1, 1, 1, 1, 1, 1, 1, 1, 1, 1, 1, 1, 1, 1, 1, 1, 1, 1, 1, 1, 1, 1, 1, 1, 1, 1, 1, 1, 1, 1, 1, 1, 1, 1, 1, 1, 1, 1, 1, 1, 1, 1, 1, 1, 1, 1, 1, 1, 1, 1, 1, 1, 1, 1, 1, 1, 1, 1, 1, 1, 1, 1, 1, 1, 1, 1, 1, 1, 1, 1, 1, 1, 1, 1, 1, 1, 1, 1, 1, 1, 1, 1, 1, 1, 1, 1, 1, 1, 1, 1, 1, 1, 1, 1, 1, 1, 1, 1, 1, 1, 1, 1, 1, 1, 1, 1, 1, 1, 1, 1, 1, 1, 1, 1, 1, 1, 1, 1, 1, 1, 1, 1, 1, 1, 1, 1, 1, 1, 1, 1, 1, 1, 1, 1, 1, 1, 1, 1, 1, 1, 1, 1, 1, 1, 1, 1, 1, 1, 1, 1, 1, 1, 1, 1, 1, 1, 1, 1, 1, 1, 1, 1, 1, 1, 1, 1, 1, 1, 1, 1, 1, 1, 1, 1, 1, 1, 1, 1, 1, 1, 1, 1, 1, 1, 1, 1, 1, 1, 1, 1, 1, 1, 1, 1, 1, 1, 1, 1, 1, 1, 1, 1, 1, 1, 1, 1, 1, 1, 1, 1, 1, 1, 1, 1, 1, 1, 1, 1, 1, 1, 1, 1, 1, 1, 1, 1, 1, 1, 1, 1, 1, 1, 1, 1, 1, 1, 1, 1, 1, 1, 1, 1, 1, 1, 1, 1, 1, 1, 1, 1, 1, 1, 1, 1, 1, 1, 1, 1, 1, 1, 1, 1, 1, 1, 1, 1, 1, 1, 1, 1, 1, 1, 1, 1, 1, 1, 1, 1, 1, 1, 1, 1, 1, 1, 1, 1, 1, 1, 1, 1, 1, 1, 1, 1, 1, 1, 1, 1, 1, 1, 1, 1, 1, 1]",1.0,"[32.98412698412699, 32.96507936507936, 32.974603174603175, 31.96825396825397, 14.980952380952381, 5.0, 1.0, 1.0, 0.9936507936507937, 0.9968253968253968, 0.9968253968253968, 1.0, 1.0, 1.0, 1.0, 1.0, 1.0, 1.0, 1.0, 1.0, 1.0, 1.0, 1.0, 1.0, 1.0, 1.0, 1.0, 0.9968253968253968, 1.0, 1.0, 1.0, 1.0, 1.0, 1.0, 1.0, 1.0, 1.0, 1.0, 1.0, 1.0, 0.9936507936507937, 1.0, 1.0, 1.0, 1.0, 1.0, 1.0, 1.0, 1.0, 1.0, 1.0, 1.0, 1.0, 0.9968253968253968, 1.0, 0.9968253968253968, 1.0, 1.0, 1.0, 1.0, 1.0, 1.0, 1.0, 1.0, 1.0, 1.0, 1.0, 1.0, 1.0, 1.0, 1.0, 1.0, 1.0, 1.0, 1.0, 0.9968253968253968, 0.9968253968253968, 1.0, 1.0, 1.0, 1.0, 1.0, 1.0, 1.0, 1.0, 1.0, 1.0, 1.0, 0.9936507936507937, 0.9936507936507937, 1.0, 1.0, 1.0, 1.0, 1.0, 1.0, 1.0, 1.0, 1.0, 1.0, 1.0, 1.0, 0.9968253968253968, 1.0, 0.9968253968253968, 1.0, 1.0, 1.0, 1.0, 1.0, 1.0, 1.0, 1.0, 1.0, 1.0, 1.0, 1.0, 1.0, 1.0, 1.0, 0.9968253968253968, 1.0, 1.0, 1.0, 1.0, 1.0, 1.0, 1.0, 1.0, 1.0, 1.0, 1.0, 1.0, 1.0, 1.0, 1.0, 1.0, 1.0, 1.0, 1.0, 1.0, 1.0, 1.0, 1.0, 1.0, 1.0, 1.0, 1.0, 1.0, 1.0, 1.0, 1.0, 1.0, 1.0, 1.0, 1.0, 1.0, 0.9968253968253968, 1.0, 1.0, 1.0, 1.0, 1.0, 1.0, 1.0, 1.0, 1.0, 1.0, 1.0, 1.0, 1.0, 1.0, 1.0, 1.0, 1.0, 1.0, 1.0, 1.0, 1.0, 1.0, 1.0, 1.0, 1.0, 1.0, 1.0, 1.0, 1.0, 1.0, 1.0, 1.0, 1.0, 1.0, 1.0, 1.0, 1.0, 1.0, 1.0, 1.0, 1.0, 1.0, 1.0, 1.0, 1.0, 1.0, 1.0, 1.0, 1.0, 1.0, 1.0, 1.0, 1.0, 1.0, 1.0, 1.0, 1.0, 1.0, 1.0, 1.0, 1.0, 1.0, 1.0, 1.0, 1.0, 1.0, 1.0, 1.0, 1.0, 1.0, 1.0, 1.0, 1.0, 1.0, 1.0, 1.0, 1.0, 1.0, 1.0, 1.0, 1.0, 1.0, 1.0, 1.0, 1.0, 1.0, 1.0, 1.0, 1.0, 1.0, 1.0, 1.0, 1.0, 1.0, 1.0, 1.0, 1.0, 1.0, 1.0, 1.0, 1.0, 1.0, 1.0, 1.0, 1.0, 1.0, 1.0, 1.0, 1.0, 1.0, 1.0, 1.0, 1.0, 1.0, 1.0, 1.0, 0.9968253968253968, 1.0, 1.0, 1.0, 1.0, 1.0, 1.0, 0.9968253968253968, 1.0, 0.9968253968253968, 0.9968253968253968, 0.9968253968253968, 1.0, 1.0, 1.0, 1.0, 1.0, 1.0, 1.0, 1.0, 1.0, 1.0, 1.0, 1.0, 1.0, 1.0, 1.0, 1.0, 1.0, 1.0, 1.0, 1.0, 1.0, 1.0, 1.0, 1.0, 1.0, 1.0, 1.0, 1.0, 1.0, 1.0, 1.0, 0.9968253968253968, 0.9968253968253968, 0.9968253968253968, 0.9968253968253968, 1.0, 1.0, 1.0, 1.0]",0.6144865793145584,0.6088418286509255,1,"[33, 33, 33, 32, 15, 5, 1, 1, 1, 1, 1, 1, 1, 1, 1, 1, 1, 1, 1, 1, 1, 1, 1, 1, 1, 1, 1, 1, 1, 1, 1, 1, 1, 1, 1, 1, 1, 1, 1, 1, 1, 1, 1, 1, 1, 1, 1, 1, 1, 1, 1, 1, 1, 1, 1, 1, 1, 1, 1, 1, 1, 1, 1, 1, 1, 1, 1, 1, 1, 1, 1, 1, 1, 1, 1, 1, 1, 1, 1, 1, 1, 1, 1, 1, 1, 1, 1, 1, 1, 1, 1, 1, 1, 1, 1, 1, 1, 1, 1, 1, 1, 1, 1, 1, 1, 1, 1, 1, 1, 1, 1, 1, 1, 1, 1, 1, 1, 1, 1, 1, 1, 1, 1, 1, 1, 1, 1, 1, 1, 1, 1, 1, 1, 1, 1, 1, 1, 1, 1, 1, 1, 1, 1, 1, 1, 1, 1, 1, 1, 1, 1, 1, 1, 1, 1, 1, 1, 1, 1, 1, 1, 1, 1, 1, 1, 1, 1, 1, 1, 1, 1, 1, 1, 1, 1, 1, 1, 1, 1, 1, 1, 1, 1, 1, 1, 1, 1, 1, 1, 1, 1, 1, 1, 1, 1, 1, 1, 1, 1, 1, 1, 1, 1, 1, 1, 1, 1, 1, 1, 1, 1, 1, 1, 1, 1, 1, 1, 1, 1, 1, 1, 1, 1, 1, 1, 1, 1, 1, 1, 1, 1, 1, 1, 1, 1, 1, 1, 1, 1, 1, 1, 1, 1, 1, 1, 1, 1, 1, 1, 1, 1, 1, 1, 1, 1, 1, 1, 1, 1, 1, 1, 1, 1, 1, 1, 1, 1, 1, 1, 1, 1, 1, 1, 1, 1, 1, 1, 1, 1, 1, 1, 1, 1, 1, 1, 1, 1, 1, 1, 1, 1, 1, 1, 1, 1, 1, 1, 1, 1, 1, 1, 1, 1, 1, 1, 1, 1, 1, 1, 1, 1, 1, 1, 1, 1, 1, 1, 1, 1, 1, 1, 1, 1, 1, 1]",325,"[0.617558479309082, 0.5674881339073181, 0.5295935273170471, 0.49852120876312256, 0.4884151816368103, 0.47610628604888916, 0.48073914647102356, 0.4679165184497833, 0.45708149671554565, 0.447555273771286, 0.43951526284217834, 0.43213459849357605, 0.4273146390914917, 0.4225844442844391, 0.41840535402297974, 0.41483229398727417, 0.41242027282714844, 0.41011282801628113, 0.40814536809921265, 0.4062962234020233, 0.40466439723968506, 0.4033123254776001, 0.40232571959495544, 0.40137040615081787, 0.40065237879753113, 0.4000522196292877, 0.39945149421691895, 0.3989267647266388, 0.3984692692756653, 0.3979358673095703, 0.39734938740730286, 0.39675626158714294, 0.3963681161403656, 0.3961198031902313, 0.395957350730896, 0.39574822783470154, 0.3955058753490448, 0.395366907119751, 0.39523783326148987, 0.3950693607330322, 0.394972026348114, 0.3948763906955719, 0.39473316073417664, 0.39464205503463745, 0.39459124207496643, 0.3945101797580719, 0.3944123089313507, 0.39437857270240784, 0.3943060040473938, 0.3942360281944275, 0.3941352367401123, 0.39408084750175476, 0.394052654504776, 0.3940214514732361, 0.3939380943775177, 0.3938581943511963, 0.3938022553920746, 0.39374634623527527, 0.3937137722969055, 0.3936401605606079, 0.39362189173698425, 0.3936108648777008, 0.3935578465461731, 0.3934946060180664, 0.39344391226768494, 0.3934065103530884, 0.3933573067188263, 0.3933144807815552, 0.3932774066925049, 0.3932560384273529, 0.3932262659072876, 0.39316776394844055, 0.39313504099845886, 0.3930772542953491, 0.3930450677871704, 0.3929690420627594, 0.3929228186607361, 0.3928726315498352, 0.39282307028770447, 0.39276012778282166, 0.3927232623100281, 0.3926914632320404, 0.3926481008529663, 0.39261290431022644, 0.39256608486175537, 0.39252498745918274, 0.39247918128967285, 0.39244571328163147, 0.39239832758903503, 0.39236485958099365, 0.3923136591911316, 0.3922719657421112, 0.39223232865333557, 0.3921861946582794, 0.39213666319847107, 0.39210045337677, 0.3920658230781555, 0.3920240104198456, 0.39197486639022827, 0.3919271230697632, 0.39189600944519043, 0.3918569087982178, 0.39183130860328674, 0.3917773962020874, 0.3917420208454132, 0.3916829824447632, 0.3916521966457367, 0.39162659645080566, 0.3915965259075165, 0.39156463742256165, 0.39153212308883667, 0.3915010094642639, 0.39145851135253906, 0.39141520857810974, 0.39137667417526245, 0.39133012294769287, 0.3912818133831024, 0.39124682545661926, 0.39120247960090637, 0.39117032289505005, 0.3911322355270386, 0.39109188318252563, 0.3910456597805023, 0.39101356267929077, 0.39098280668258667, 0.39094942808151245, 0.3909173309803009, 0.39088547229766846, 0.3908698558807373, 0.39083540439605713, 0.39079535007476807, 0.39076006412506104, 0.3907281756401062, 0.39069029688835144, 0.3906446695327759, 0.3906119465827942, 0.3905808925628662, 0.3905458152294159, 0.39051613211631775, 0.3904823362827301, 0.3904551565647125, 0.3904270827770233, 0.39037972688674927, 0.3903450667858124, 0.3903108835220337, 0.39026904106140137, 0.3902231454849243, 0.3901970684528351, 0.3901706337928772, 0.3901478052139282, 0.3901123106479645, 0.390079140663147, 0.39004290103912354, 0.39002007246017456, 0.38998013734817505, 0.38995087146759033, 0.3899203836917877, 0.3898860812187195, 0.3898455500602722, 0.38979363441467285, 0.3897608816623688, 0.38972777128219604, 0.3896966874599457, 0.389672189950943, 0.3896375894546509, 0.389608770608902, 0.38958320021629333, 0.38955387473106384, 0.38952893018722534, 0.38950008153915405, 0.38948196172714233, 0.3894461691379547, 0.389413446187973, 0.3893856406211853, 0.38934049010276794, 0.38931119441986084, 0.3892642855644226, 0.38924267888069153, 0.38920357823371887, 0.3891748785972595, 0.38914820551872253, 0.3891235589981079, 0.38908785581588745, 0.38905560970306396, 0.38903486728668213, 0.3890169560909271, 0.3889893591403961, 0.3889773488044739, 0.3889601528644562, 0.3889116942882538, 0.3888775110244751, 0.3888508081436157, 0.38881903886795044, 0.3887869715690613, 0.38874107599258423, 0.388709157705307, 0.3886781334877014, 0.3886478841304779, 0.38861197233200073, 0.38858041167259216, 0.38856270909309387, 0.38854458928108215, 0.3885177969932556, 0.3884798288345337, 0.3884519338607788, 0.3884185552597046, 0.38838210701942444, 0.3883638083934784, 0.3883267343044281, 0.38829734921455383, 0.38826680183410645, 0.3882439136505127, 0.38822147250175476, 0.38819658756256104, 0.38816604018211365, 0.38814637064933777, 0.38812533020973206, 0.3880993723869324, 0.38805854320526123, 0.3880276381969452, 0.3879954516887665, 0.38797444105148315, 0.3879505395889282, 0.38792845606803894, 0.38790789246559143, 0.3878828287124634, 0.3878530263900757, 0.3878326714038849, 0.3878180980682373, 0.3878040611743927, 0.38777342438697815, 0.38774773478507996, 0.3877326548099518, 0.387710303068161, 0.3876699209213257, 0.3876372277736664, 0.3876119554042816, 0.3875957727432251, 0.3875768184661865, 0.38755255937576294, 0.38753727078437805, 0.3875163793563843, 0.38749954104423523, 0.38747742772102356, 0.38744765520095825, 0.3874298334121704, 0.3874072730541229, 0.3873848617076874, 0.3873652517795563, 0.3873356580734253, 0.3873208165168762, 0.38728392124176025, 0.38725394010543823, 0.3872333765029907, 0.38720229268074036, 0.3871830999851227, 0.3871544897556305, 0.38714829087257385, 0.38711944222450256, 0.3871030807495117, 0.3870793879032135, 0.38705360889434814, 0.38702574372291565, 0.38702327013015747, 0.38699957728385925, 0.38697078824043274, 0.38695648312568665, 0.38693225383758545, 0.38691356778144836, 0.38689300417900085, 0.38686782121658325, 0.3868477940559387, 0.3868315517902374, 0.3868177533149719, 0.3867984414100647, 0.38678115606307983, 0.3867713510990143, 0.3867475390434265, 0.38673028349876404, 0.3867131173610687, 0.38669154047966003, 0.3866680860519409, 0.3866584300994873, 0.38664114475250244, 0.38662993907928467, 0.3866037130355835, 0.3865804970264435, 0.3865659236907959, 0.38654980063438416, 0.38653096556663513, 0.38651570677757263, 0.38649997115135193, 0.38647663593292236, 0.38644951581954956, 0.3864315152168274, 0.38641852140426636, 0.38640719652175903, 0.3863835036754608, 0.38636505603790283, 0.38635653257369995, 0.3863399624824524, 0.38632431626319885, 0.3863125145435333, 0.3862946629524231, 0.38627544045448303, 0.38626229763031006, 0.3862513303756714, 0.3862404525279999, 0.3862333297729492, 0.3862145245075226, 0.3861982822418213, 0.3861840069293976, 0.38616830110549927, 0.3861641585826874, 0.38614583015441895, 0.38612449169158936, 0.38610658049583435, 0.38609054684638977, 0.3860800266265869, 0.3860635757446289, 0.3860694169998169, 0.3860388696193695, 0.38602176308631897, 0.38600531220436096, 0.38598763942718506]",1.0,"[33.0, 33.0, 33.0, 32.0, 15.0, 5.0, 1.0, 1.0, 1.0, 1.0, 1.0, 1.0, 1.0, 1.0, 1.0, 1.0, 1.0, 1.0, 1.0, 1.0, 1.0, 1.0, 1.0, 1.0, 1.0, 1.0, 1.0, 1.0, 1.0, 1.0, 1.0, 1.0, 1.0, 1.0, 1.0, 1.0, 1.0, 1.0, 1.0, 1.0, 1.0, 1.0, 1.0, 1.0, 1.0, 1.0, 1.0, 1.0, 1.0, 1.0, 1.0, 1.0, 1.0, 1.0, 1.0, 1.0, 1.0, 1.0, 1.0, 1.0, 1.0, 1.0, 1.0, 1.0, 1.0, 1.0, 1.0, 1.0, 1.0, 1.0, 1.0, 1.0, 1.0, 1.0, 1.0, 1.0, 1.0, 1.0, 1.0, 1.0, 1.0, 1.0, 1.0, 1.0, 1.0, 1.0, 1.0, 1.0, 1.0, 1.0, 1.0, 1.0, 1.0, 1.0, 1.0, 1.0, 1.0, 1.0, 1.0, 1.0, 1.0, 1.0, 1.0, 1.0, 1.0, 1.0, 1.0, 1.0, 1.0, 1.0, 1.0, 1.0, 1.0, 1.0, 1.0, 1.0, 1.0, 1.0, 1.0, 1.0, 1.0, 1.0, 1.0, 1.0, 1.0, 1.0, 1.0, 1.0, 1.0, 1.0, 1.0, 1.0, 1.0, 1.0, 1.0, 1.0, 1.0, 1.0, 1.0, 1.0, 1.0, 1.0, 1.0, 1.0, 1.0, 1.0, 1.0, 1.0, 1.0, 1.0, 1.0, 1.0, 1.0, 1.0, 1.0, 1.0, 1.0, 1.0, 1.0, 1.0, 1.0, 1.0, 1.0, 1.0, 1.0, 1.0, 1.0, 1.0, 1.0, 1.0, 1.0, 1.0, 1.0, 1.0, 1.0, 1.0, 1.0, 1.0, 1.0, 1.0, 1.0, 1.0, 1.0, 1.0, 1.0, 1.0, 1.0, 1.0, 1.0, 1.0, 1.0, 1.0, 1.0, 1.0, 1.0, 1.0, 1.0, 1.0, 1.0, 1.0, 1.0, 1.0, 1.0, 1.0, 1.0, 1.0, 1.0, 1.0, 1.0, 1.0, 1.0, 1.0, 1.0, 1.0, 1.0, 1.0, 1.0, 1.0, 1.0, 1.0, 1.0, 1.0, 1.0, 1.0, 1.0, 1.0, 1.0, 1.0, 1.0, 1.0, 1.0, 1.0, 1.0, 1.0, 1.0, 1.0, 1.0, 1.0, 1.0, 1.0, 1.0, 1.0, 1.0, 1.0, 1.0, 1.0, 1.0, 1.0, 1.0, 1.0, 1.0, 1.0, 1.0, 1.0, 1.0, 1.0, 1.0, 1.0, 1.0, 1.0, 1.0, 1.0, 1.0, 1.0, 1.0, 1.0, 1.0, 1.0, 1.0, 1.0, 1.0, 1.0, 1.0, 1.0, 1.0, 1.0, 1.0, 1.0, 1.0, 1.0, 1.0, 1.0, 1.0, 1.0, 1.0, 1.0, 1.0, 1.0, 1.0, 1.0, 1.0, 1.0, 1.0, 1.0, 1.0, 1.0, 1.0, 1.0, 1.0, 1.0, 1.0, 1.0, 1.0, 1.0, 1.0, 1.0, 1.0, 1.0, 1.0, 1.0, 1.0, 1.0, 1.0, 1.0, 1.0, 1.0, 1.0, 1.0, 1.0, 1.0, 1.0, 1.0, 1.0, 1.0, 1.0]",COMPLETE
