,number,value,datetime_start,datetime_complete,duration,params_batch_size_scaler,params_constant_learning_rate,params_depth,params_epochs,params_kernel_l2,params_num_trees,params_temperature,user_attrs_accuracy_test,user_attrs_accuracy_valid,user_attrs_approximate_feature_sparsity,user_attrs_approximate_feature_sparsity_history,user_attrs_approximate_weight_sparsity,user_attrs_approximate_weight_sparsity_history,user_attrs_auc_test,user_attrs_auc_valid,user_attrs_feature_sparsity,user_attrs_feature_sparsity_history,user_attrs_num_epochs,user_attrs_val_loss_history,user_attrs_weight_sparsity,user_attrs_weight_sparsity_history,state
146,146,0.9275031881593693,2024-08-31 07:28:10.746485,2024-08-31 07:30:09.236256,0 days 00:01:58.489771,4,7.2492452080158145,5,120,0.0035910002801501292,61,0.00024597732774595015,0.939,0.94875,21,"[33, 33, 33, 30, 23, 22, 21, 21, 21, 21, 21, 21, 21, 21, 21, 21, 21, 21, 21, 21, 21, 21, 21, 21, 21, 21, 21, 21, 21, 21, 21, 21, 21, 21, 21, 21, 21, 21, 21, 21, 21, 21, 21, 21, 21, 21, 21, 21, 21, 21, 21, 21, 21, 21, 21, 21, 21, 21, 21, 21, 21, 21, 21, 21, 21, 21, 21, 21, 21, 21, 21, 21, 21, 21, 21, 21, 21, 21, 21, 21, 21, 21, 21, 21, 21, 21, 21, 21, 21, 21, 21, 21, 21, 21, 21, 21, 21, 21, 21, 21, 21, 21, 21, 21, 21, 21, 21, 21, 21, 21, 21, 21, 21, 21, 21, 21, 21, 21, 21, 21]",20.96985721840296,"[32.93389740877843, 32.947646747752515, 32.95505023796933, 29.959280803807506, 22.962453728186144, 21.96509783183501, 20.97990481226864, 20.97461660497091, 20.968799576943415, 20.97937599153887, 20.96985721840296, 20.970914859862507, 20.976731887890004, 20.973030142781596, 20.971972501322053, 20.97144368059228, 20.976731887890004, 20.976203067160235, 20.972501322051826, 20.980433632998412, 20.970914859862507, 20.969328397673188, 20.97514542570069, 20.97620306716023, 20.97144368059228, 20.97620306716023, 20.972501322051823, 20.975674246430458, 20.97567424643046, 20.974616604970915, 20.974087784241142, 20.973030142781596, 20.962453728186144, 20.97355896351137, 20.97461660497091, 20.970914859862507, 20.97831835007932, 20.97408778424114, 20.970914859862507, 20.977260708619777, 20.96774193548387, 20.97197250132205, 20.96985721840296, 20.97355896351137, 20.970914859862507, 20.975145425700685, 20.980433632998412, 20.974087784241142, 20.97778952934955, 20.97355896351137, 20.978847170809093, 20.980433632998412, 20.97778952934955, 20.974087784241142, 20.972501322051826, 20.978847170809093, 20.97620306716023, 20.97831835007932, 20.983077736647274, 20.97778952934955, 20.975674246430458, 20.97567424643046, 20.97514542570069, 20.97620306716023, 20.979375991538866, 20.972501322051823, 20.97408778424114, 20.979375991538866, 20.977260708619777, 20.97355896351137, 20.97620306716023, 20.975145425700685, 20.968799576943415, 20.9730301427816, 20.97620306716023, 20.97567424643046, 20.978847170809097, 20.979375991538866, 20.97831835007932, 20.97355896351137, 20.97567424643046, 20.974616604970915, 20.977789529349554, 20.974087784241142, 20.97778952934955, 20.976731887890004, 20.971972501322053, 20.976731887890008, 20.977260708619777, 20.972501322051823, 20.976731887890004, 20.976731887890008, 20.974087784241142, 20.97408778424114, 20.972501322051826, 20.976731887890008, 20.977260708619777, 20.976731887890004, 20.97197250132205, 20.975674246430458, 20.975145425700685, 20.97408778424114, 20.97567424643046, 20.97514542570069, 20.97620306716023, 20.977789529349554, 20.976731887890004, 20.97355896351137, 20.970914859862507, 20.97355896351137, 20.972501322051823, 20.97197250132205, 20.973030142781596, 20.979375991538866, 20.970914859862503, 20.97355896351137, 20.97197250132205, 20.97355896351137, 20.970914859862507, 20.96985721840296]",0.9149844367935667,0.9275031881593693,21,"[33, 33, 33, 30, 23, 22, 21, 21, 21, 21, 21, 21, 21, 21, 21, 21, 21, 21, 21, 21, 21, 21, 21, 21, 21, 21, 21, 21, 21, 21, 21, 21, 21, 21, 21, 21, 21, 21, 21, 21, 21, 21, 21, 21, 21, 21, 21, 21, 21, 21, 21, 21, 21, 21, 21, 21, 21, 21, 21, 21, 21, 21, 21, 21, 21, 21, 21, 21, 21, 21, 21, 21, 21, 21, 21, 21, 21, 21, 21, 21, 21, 21, 21, 21, 21, 21, 21, 21, 21, 21, 21, 21, 21, 21, 21, 21, 21, 21, 21, 21, 21, 21, 21, 21, 21, 21, 21, 21, 21, 21, 21, 21, 21, 21, 21, 21, 21, 21, 21, 21]",120,"[0.3653396666049957, 0.43574047088623047, 0.28364038467407227, 0.24461814761161804, 0.3766442835330963, 0.21699470281600952, 0.21852409839630127, 0.18611623346805573, 0.18382616341114044, 0.1616351455450058, 0.17065784335136414, 0.27410784363746643, 0.15845631062984467, 0.16377155482769012, 0.2624293565750122, 0.15410061180591583, 0.13348864018917084, 0.14987152814865112, 0.16712608933448792, 0.14060954749584198, 0.14414682984352112, 0.14606143534183502, 0.14204494655132294, 0.12862525880336761, 0.13252004981040955, 0.1710628718137741, 0.14177799224853516, 0.13307160139083862, 0.128337562084198, 0.1308581680059433, 0.1388920247554779, 0.12727423012256622, 0.1364298015832901, 0.13039986789226532, 0.13959959149360657, 0.14483609795570374, 0.14199122786521912, 0.1435842365026474, 0.21268515288829803, 0.1386394202709198, 0.18009483814239502, 0.155263751745224, 0.16752953827381134, 0.16219888627529144, 0.1883394569158554, 0.15747004747390747, 0.1592102348804474, 0.16310171782970428, 0.19248703122138977, 0.17217126488685608, 0.1725149303674698, 0.18665474653244019, 0.20067745447158813, 0.18626214563846588, 0.18804606795310974, 0.16938352584838867, 0.19704429805278778, 0.18318289518356323, 0.2055208832025528, 0.20517532527446747, 0.19271399080753326, 0.1846085786819458, 0.19630970060825348, 0.19788627326488495, 0.1861766278743744, 0.21286064386367798, 0.20723497867584229, 0.19448012113571167, 0.2021200805902481, 0.2067035287618637, 0.20862272381782532, 0.2227415293455124, 0.21393366158008575, 0.23905901610851288, 0.2316785603761673, 0.22752222418785095, 0.23145286738872528, 0.23416510224342346, 0.23888801038265228, 0.24550142884254456, 0.2268330454826355, 0.24070902168750763, 0.22986866533756256, 0.2393607199192047, 0.2510019838809967, 0.26806965470314026, 0.282409131526947, 0.2686583399772644, 0.2556663453578949, 0.2685428857803345, 0.26763930916786194, 0.26037952303886414, 0.2745017111301422, 0.26180189847946167, 0.2653914988040924, 0.2771240174770355, 0.2861049175262451, 0.278544157743454, 0.2902114689350128, 0.2971874177455902, 0.2837449312210083, 0.2820884585380554, 0.29004746675491333, 0.2893225848674774, 0.3035629391670227, 0.2943319082260132, 0.30220893025398254, 0.30833545327186584, 0.30228501558303833, 0.31742802262306213, 0.3066239058971405, 0.29474833607673645, 0.30360445380210876, 0.31262314319610596, 0.3182200491428375, 0.31452059745788574, 0.30784380435943604, 0.33186691999435425, 0.3183101713657379, 0.32834166288375854]",21.0,"[33.0, 33.0, 33.0, 30.0, 23.0, 22.0, 21.0, 21.0, 21.0, 21.0, 21.0, 21.0, 21.0, 21.0, 21.0, 21.0, 21.0, 21.0, 21.0, 21.0, 21.0, 21.0, 21.0, 21.0, 21.0, 21.0, 21.0, 21.0, 21.0, 21.0, 21.0, 21.0, 21.0, 21.0, 21.0, 21.0, 21.0, 21.0, 21.0, 21.0, 21.0, 21.0, 21.0, 21.0, 21.0, 21.0, 21.0, 21.0, 21.0, 21.0, 21.0, 21.0, 21.0, 21.0, 21.0, 21.0, 21.0, 21.0, 21.0, 21.0, 21.0, 21.0, 21.0, 21.0, 21.0, 21.0, 21.0, 21.0, 21.0, 21.0, 21.0, 21.0, 21.0, 21.0, 21.0, 21.0, 21.0, 21.0, 21.0, 21.0, 21.0, 21.0, 21.0, 21.0, 21.0, 21.0, 21.0, 21.0, 21.0, 21.0, 21.0, 21.0, 21.0, 21.0, 21.0, 21.0, 21.0, 21.0, 21.0, 21.0, 21.0, 21.0, 21.0, 21.0, 21.0, 21.0, 21.0, 21.0, 21.0, 21.0, 21.0, 21.0, 21.0, 21.0, 21.0, 21.0, 21.0, 21.0, 21.0, 21.0]",COMPLETE
147,147,0.5,2024-08-31 07:30:13.287480,2024-08-31 07:36:28.421725,0 days 00:06:15.134245,64,1.8679205764223297,6,390,0.09187100135175842,96,0.010739425476082948,0.859,0.85875,0,"[33, 33, 33, 33, 2, 0, 0, 0, 0, 0, 0, 0, 0, 0, 0, 0, 0, 0, 0, 0, 0, 0, 0, 0, 0, 0, 0, 0, 0, 0, 0, 0, 0, 0, 0, 0, 0, 0, 0, 0, 0, 0, 0, 0, 0, 0, 0, 0, 0, 0, 0, 0, 0, 0, 0, 0, 0, 0, 0, 0, 0, 0, 0, 0, 0, 0, 0, 0, 0, 0, 0, 0, 0, 0, 0, 0, 0, 0, 0, 0, 0, 0, 0, 0, 0, 0, 0, 0, 0, 0, 0, 0, 0, 0, 0, 0, 0, 0, 0, 0, 0, 0, 0, 0, 0, 0, 0, 0, 0, 0, 0, 0, 0, 0, 0, 0, 0, 0, 0, 0, 0, 0, 0, 0, 0, 0, 0, 0, 0, 0, 0, 0, 0, 0, 0, 0, 0, 0, 0, 0, 0, 0, 0, 0, 0, 0, 0, 0, 0, 0, 0, 0, 0, 0, 0, 0, 0, 0, 0, 0, 0, 0, 0, 0, 0, 0, 0, 0, 0, 0, 0, 0, 0, 0, 0, 0, 0, 0, 0, 0, 0, 0, 0, 0, 0, 0, 0, 0, 0, 0, 0, 0, 0, 0, 0, 0, 0, 0, 0, 0, 0, 0, 0, 0, 0, 0, 0, 0, 0, 0, 0, 0, 0, 0, 0, 0, 0, 0, 0, 0, 0, 0, 0, 0, 0, 0, 0, 0, 0, 0, 0, 0, 0, 0, 0, 0, 0, 0, 0, 0, 0, 0, 0, 0, 0, 0, 0, 0, 0, 0, 0, 0, 0, 0, 0, 0, 0, 0, 0, 0, 0, 0, 0, 0, 0, 0, 0, 0, 0, 0, 0, 0, 0, 0, 0, 0, 0, 0, 0, 0, 0, 0, 0, 0, 0, 0, 0, 0, 0, 0, 0, 0, 0, 0, 0, 0, 0, 0, 0, 0, 0, 0, 0, 0, 0, 0, 0, 0, 0, 0, 0, 0, 0, 0, 0, 0, 0, 0, 0, 0, 0, 0, 0, 0, 0, 0, 0, 0, 0, 0, 0, 0, 0, 0, 0, 0, 0, 0, 0, 0, 0, 0, 0, 0, 0, 0, 0, 0, 0, 0, 0, 0, 0, 0, 0, 0, 0, 0, 0, 0, 0, 0, 0, 0, 0, 0, 0, 0, 0, 0, 0, 0, 0, 0, 0, 0, 0, 0, 0, 0, 0, 0, 0, 0, 0, 0, 0, 0, 0, 0]",0.0,"[32.8859126984127, 32.88888888888889, 32.892526455026456, 32.88723544973545, 1.994212962962963, 0.0, 0.0, 0.0, 0.0, 0.0, 0.0, 0.0, 0.0, 0.0, 0.0, 0.0, 0.0, 0.0, 0.0, 0.0, 0.0, 0.0, 0.0, 0.0, 0.0, 0.0, 0.0, 0.0, 0.0, 0.0, 0.0, 0.0, 0.0, 0.0, 0.0, 0.0, 0.0, 0.0, 0.0, 0.0, 0.0, 0.0, 0.0, 0.0, 0.0, 0.0, 0.0, 0.0, 0.0, 0.0, 0.0, 0.0, 0.0, 0.0, 0.0, 0.0, 0.0, 0.0, 0.0, 0.0, 0.0, 0.0, 0.0, 0.0, 0.0, 0.0, 0.0, 0.0, 0.0, 0.0, 0.0, 0.0, 0.0, 0.0, 0.0, 0.0, 0.0, 0.0, 0.0, 0.0, 0.0, 0.0, 0.0, 0.0, 0.0, 0.0, 0.0, 0.0, 0.0, 0.0, 0.0, 0.0, 0.0, 0.0, 0.0, 0.0, 0.0, 0.0, 0.0, 0.0, 0.0, 0.0, 0.0, 0.0, 0.0, 0.0, 0.0, 0.0, 0.0, 0.0, 0.0, 0.0, 0.0, 0.0, 0.0, 0.0, 0.0, 0.0, 0.0, 0.0, 0.0, 0.0, 0.0, 0.0, 0.0, 0.0, 0.0, 0.0, 0.0, 0.0, 0.0, 0.0, 0.0, 0.0, 0.0, 0.0, 0.0, 0.0, 0.0, 0.0, 0.0, 0.0, 0.0, 0.0, 0.0, 0.0, 0.0, 0.0, 0.0, 0.0, 0.0, 0.0, 0.0, 0.0, 0.0, 0.0, 0.0, 0.0, 0.0, 0.0, 0.0, 0.0, 0.0, 0.0, 0.0, 0.0, 0.0, 0.0, 0.0, 0.0, 0.0, 0.0, 0.0, 0.0, 0.0, 0.0, 0.0, 0.0, 0.0, 0.0, 0.0, 0.0, 0.0, 0.0, 0.0, 0.0, 0.0, 0.0, 0.0, 0.0, 0.0, 0.0, 0.0, 0.0, 0.0, 0.0, 0.0, 0.0, 0.0, 0.0, 0.0, 0.0, 0.0, 0.0, 0.0, 0.0, 0.0, 0.0, 0.0, 0.0, 0.0, 0.0, 0.0, 0.0, 0.0, 0.0, 0.0, 0.0, 0.0, 0.0, 0.0, 0.0, 0.0, 0.0, 0.0, 0.0, 0.0, 0.0, 0.0, 0.0, 0.0, 0.0, 0.0, 0.0, 0.0, 0.0, 0.0, 0.0, 0.0, 0.0, 0.0, 0.0, 0.0, 0.0, 0.0, 0.0, 0.0, 0.0, 0.0, 0.0, 0.0, 0.0, 0.0, 0.0, 0.0, 0.0, 0.0, 0.0, 0.0, 0.0, 0.0, 0.0, 0.0, 0.0, 0.0, 0.0, 0.0, 0.0, 0.0, 0.0, 0.0, 0.0, 0.0, 0.0, 0.0, 0.0, 0.0, 0.0, 0.0, 0.0, 0.0, 0.0, 0.0, 0.0, 0.0, 0.0, 0.0, 0.0, 0.0, 0.0, 0.0, 0.0, 0.0, 0.0, 0.0, 0.0, 0.0, 0.0, 0.0, 0.0, 0.0, 0.0, 0.0, 0.0, 0.0, 0.0, 0.0, 0.0, 0.0, 0.0, 0.0, 0.0, 0.0, 0.0, 0.0, 0.0, 0.0, 0.0, 0.0, 0.0, 0.0, 0.0, 0.0, 0.0, 0.0, 0.0, 0.0, 0.0, 0.0, 0.0, 0.0, 0.0, 0.0, 0.0, 0.0, 0.0, 0.0, 0.0, 0.0, 0.0, 0.0, 0.0, 0.0, 0.0, 0.0, 0.0, 0.0, 0.0, 0.0, 0.0, 0.0, 0.0, 0.0, 0.0, 0.0, 0.0, 0.0, 0.0, 0.0, 0.0, 0.0, 0.0, 0.0, 0.0, 0.0, 0.0, 0.0, 0.0, 0.0, 0.0, 0.0, 0.0, 0.0, 0.0, 0.0, 0.0, 0.0, 0.0, 0.0, 0.0, 0.0, 0.0, 0.0, 0.0, 0.0, 0.0, 0.0, 0.0, 0.0, 0.0]",0.5,0.5,0,"[33, 33, 33, 33, 2, 0, 0, 0, 0, 0, 0, 0, 0, 0, 0, 0, 0, 0, 0, 0, 0, 0, 0, 0, 0, 0, 0, 0, 0, 0, 0, 0, 0, 0, 0, 0, 0, 0, 0, 0, 0, 0, 0, 0, 0, 0, 0, 0, 0, 0, 0, 0, 0, 0, 0, 0, 0, 0, 0, 0, 0, 0, 0, 0, 0, 0, 0, 0, 0, 0, 0, 0, 0, 0, 0, 0, 0, 0, 0, 0, 0, 0, 0, 0, 0, 0, 0, 0, 0, 0, 0, 0, 0, 0, 0, 0, 0, 0, 0, 0, 0, 0, 0, 0, 0, 0, 0, 0, 0, 0, 0, 0, 0, 0, 0, 0, 0, 0, 0, 0, 0, 0, 0, 0, 0, 0, 0, 0, 0, 0, 0, 0, 0, 0, 0, 0, 0, 0, 0, 0, 0, 0, 0, 0, 0, 0, 0, 0, 0, 0, 0, 0, 0, 0, 0, 0, 0, 0, 0, 0, 0, 0, 0, 0, 0, 0, 0, 0, 0, 0, 0, 0, 0, 0, 0, 0, 0, 0, 0, 0, 0, 0, 0, 0, 0, 0, 0, 0, 0, 0, 0, 0, 0, 0, 0, 0, 0, 0, 0, 0, 0, 0, 0, 0, 0, 0, 0, 0, 0, 0, 0, 0, 0, 0, 0, 0, 0, 0, 0, 0, 0, 0, 0, 0, 0, 0, 0, 0, 0, 0, 0, 0, 0, 0, 0, 0, 0, 0, 0, 0, 0, 0, 0, 0, 0, 0, 0, 0, 0, 0, 0, 0, 0, 0, 0, 0, 0, 0, 0, 0, 0, 0, 0, 0, 0, 0, 0, 0, 0, 0, 0, 0, 0, 0, 0, 0, 0, 0, 0, 0, 0, 0, 0, 0, 0, 0, 0, 0, 0, 0, 0, 0, 0, 0, 0, 0, 0, 0, 0, 0, 0, 0, 0, 0, 0, 0, 0, 0, 0, 0, 0, 0, 0, 0, 0, 0, 0, 0, 0, 0, 0, 0, 0, 0, 0, 0, 0, 0, 0, 0, 0, 0, 0, 0, 0, 0, 0, 0, 0, 0, 0, 0, 0, 0, 0, 0, 0, 0, 0, 0, 0, 0, 0, 0, 0, 0, 0, 0, 0, 0, 0, 0, 0, 0, 0, 0, 0, 0, 0, 0, 0, 0, 0, 0, 0, 0, 0, 0, 0, 0, 0, 0, 0, 0, 0, 0, 0, 0, 0, 0]",390,"[0.39912110567092896, 0.39183884859085083, 0.384460985660553, 0.38401639461517334, 0.39731255173683167, 0.4072420597076416, 0.4075959026813507, 0.40725383162498474, 0.4080919325351715, 0.4181247651576996, 0.4078524112701416, 0.40781161189079285, 0.40732190012931824, 0.4077334702014923, 0.41809722781181335, 0.408771812915802, 0.4093393385410309, 0.4130942225456238, 0.41370415687561035, 0.40917596220970154, 0.4100351631641388, 0.4080369174480438, 0.4075365960597992, 0.40797337889671326, 0.4076555371284485, 0.4074384272098541, 0.4083606004714966, 0.4073134660720825, 0.40723225474357605, 0.4105088412761688, 0.4072674810886383, 0.4075794219970703, 0.4072358012199402, 0.40787750482559204, 0.40784206986427307, 0.40827274322509766, 0.42032554745674133, 0.4116082787513733, 0.4072418510913849, 0.4078257083892822, 0.40768176317214966, 0.40727558732032776, 0.42604678869247437, 0.42190009355545044, 0.4074786305427551, 0.41130006313323975, 0.4089096784591675, 0.4073130488395691, 0.4073275327682495, 0.4074345827102661, 0.4073057174682617, 0.40774476528167725, 0.4141919016838074, 0.4075835347175598, 0.40744197368621826, 0.41185104846954346, 0.40722668170928955, 0.40820789337158203, 0.4079608917236328, 0.40741485357284546, 0.40962931513786316, 0.4105678200721741, 0.40738701820373535, 0.4072743356227875, 0.40833449363708496, 0.4072665274143219, 0.4081791043281555, 0.4123324155807495, 0.40730026364326477, 0.4110734164714813, 0.40729737281799316, 0.40784043073654175, 0.40722620487213135, 0.4076988995075226, 0.40722641348838806, 0.4072895348072052, 0.4085697531700134, 0.4078039824962616, 0.4081941246986389, 0.4083409011363983, 0.40834876894950867, 0.4073655605316162, 0.40804287791252136, 0.40722960233688354, 0.4072606563568115, 0.4078565835952759, 0.40919220447540283, 0.4137856960296631, 0.4078570604324341, 0.4072265326976776, 0.4081765413284302, 0.40944960713386536, 0.40941399335861206, 0.40732088685035706, 0.4073296785354614, 0.40876033902168274, 0.4092817008495331, 0.40847283601760864, 0.40824997425079346, 0.40750011801719666, 0.4084668755531311, 0.408189594745636, 0.4079543650150299, 0.4081869423389435, 0.4072776734828949, 0.4167627990245819, 0.4109307825565338, 0.4172782003879547, 0.408293753862381, 0.41437408328056335, 0.4095679521560669, 0.41067200899124146, 0.4080592095851898, 0.40765631198883057, 0.4075067937374115, 0.4111010730266571, 0.40732353925704956, 0.4072840213775635, 0.4076360762119293, 0.40789639949798584, 0.41034361720085144, 0.4135967195034027, 0.4091758728027344, 0.40814927220344543, 0.40725722908973694, 0.4073842763900757, 0.4098389148712158, 0.41267821192741394, 0.40729081630706787, 0.407431960105896, 0.4103250205516815, 0.4079185426235199, 0.40761181712150574, 0.4074700176715851, 0.4075978398323059, 0.41036033630371094, 0.4096938371658325, 0.41335010528564453, 0.40723374485969543, 0.40843749046325684, 0.4076952338218689, 0.40734320878982544, 0.4106448292732239, 0.40733802318573, 0.407785028219223, 0.40741807222366333, 0.40741685032844543, 0.40843096375465393, 0.4084704518318176, 0.40930548310279846, 0.40722617506980896, 0.40732133388519287, 0.4097088873386383, 0.40855422616004944, 0.4073066711425781, 0.4084821939468384, 0.40752974152565, 0.4072902798652649, 0.40946289896965027, 0.40769606828689575, 0.4074389338493347, 0.40728750824928284, 0.40730151534080505, 0.40787994861602783, 0.4091342091560364, 0.40783774852752686, 0.40975135564804077, 0.4073348641395569, 0.4095754325389862, 0.4072435796260834, 0.4075668454170227, 0.4073776304721832, 0.4115647077560425, 0.4072831869125366, 0.40772247314453125, 0.40765517950057983, 0.40931931138038635, 0.40827423334121704, 0.40722712874412537, 0.4080818295478821, 0.41211917996406555, 0.4073464274406433, 0.40820807218551636, 0.40722694993019104, 0.41336309909820557, 0.4083902835845947, 0.410134881734848, 0.41052940487861633, 0.40726733207702637, 0.4078810513019562, 0.40738046169281006, 0.40769463777542114, 0.41574135422706604, 0.4072303771972656, 0.40744370222091675, 0.4086012542247772, 0.40976253151893616, 0.4073992073535919, 0.4108108580112457, 0.40782639384269714, 0.4093054234981537, 0.4150347113609314, 0.4087845981121063, 0.40722763538360596, 0.4117259085178375, 0.41541916131973267, 0.4108472764492035, 0.40757545828819275, 0.4112619459629059, 0.41549232602119446, 0.40722641348838806, 0.4123702943325043, 0.40722861886024475, 0.4084618091583252, 0.40757155418395996, 0.40735548734664917, 0.4076062738895416, 0.41002264618873596, 0.4072263836860657, 0.4094254970550537, 0.40733444690704346, 0.4090619385242462, 0.4076210856437683, 0.4088999927043915, 0.40971460938453674, 0.4073391854763031, 0.40924081206321716, 0.40722739696502686, 0.40727347135543823, 0.4118136465549469, 0.41165870428085327, 0.4073339104652405, 0.4081372320652008, 0.40801161527633667, 0.41461455821990967, 0.40755417943000793, 0.41501250863075256, 0.4074435532093048, 0.4075709283351898, 0.4082682430744171, 0.40827083587646484, 0.4074458181858063, 0.40726563334465027, 0.4148595333099365, 0.40738624334335327, 0.41077178716659546, 0.4093521237373352, 0.40740081667900085, 0.40900152921676636, 0.40973174571990967, 0.40909409523010254, 0.4077792465686798, 0.4072282910346985, 0.40853768587112427, 0.40736931562423706, 0.410104364156723, 0.41127777099609375, 0.4088197350502014, 0.40836089849472046, 0.4072302281856537, 0.40814465284347534, 0.41178959608078003, 0.4089970290660858, 0.40756523609161377, 0.4072718024253845, 0.41032126545906067, 0.41611114144325256, 0.4079938530921936, 0.407267689704895, 0.40782010555267334, 0.4075750410556793, 0.4102829098701477, 0.4093419015407562, 0.4082067906856537, 0.407470703125, 0.40733006596565247, 0.40821632742881775, 0.4077228605747223, 0.4078662395477295, 0.4091508388519287, 0.4080654978752136, 0.40830323100090027, 0.4074794352054596, 0.407695472240448, 0.4072975814342499, 0.40723559260368347, 0.4085095226764679, 0.40835022926330566, 0.40722641348838806, 0.40730488300323486, 0.40745940804481506, 0.4076646566390991, 0.40778598189353943, 0.4073578715324402, 0.407255083322525, 0.40780338644981384, 0.40723341703414917, 0.40723124146461487, 0.40737468004226685, 0.40756213665008545, 0.4073663353919983, 0.4072263836860657, 0.4084455370903015, 0.4099064767360687, 0.4079323709011078, 0.4072413742542267, 0.40730684995651245, 0.40722906589508057, 0.40787261724472046, 0.4072888493537903, 0.4081193208694458, 0.40830397605895996, 0.41112691164016724, 0.40723320841789246, 0.409160315990448, 0.40837562084198, 0.4072606563568115, 0.4072437286376953, 0.40726035833358765, 0.40882569551467896, 0.4072361886501312, 0.40820980072021484, 0.4091568887233734, 0.4119499921798706, 0.4082810580730438, 0.4082014560699463, 0.40963149070739746, 0.4072321355342865, 0.40735718607902527, 0.40815475583076477, 0.4073975086212158, 0.40823182463645935, 0.4092952013015747, 0.4074307978153229, 0.40771812200546265, 0.4081611633300781, 0.4099080264568329, 0.40843069553375244, 0.4092690348625183, 0.4081098437309265, 0.41355040669441223, 0.4093209207057953, 0.407370924949646, 0.41718336939811707, 0.40815627574920654, 0.4075663685798645, 0.40723279118537903, 0.4092855751514435, 0.4120062291622162, 0.41823050379753113, 0.4116402566432953, 0.4080907106399536, 0.4081348478794098, 0.40735185146331787, 0.4137624502182007, 0.4082968235015869, 0.40809985995292664, 0.40724286437034607, 0.40724989771842957, 0.40794846415519714, 0.40740901231765747, 0.4100584089756012, 0.4095798432826996, 0.4073004424571991, 0.4086909890174866, 0.41369330883026123, 0.40971091389656067, 0.4103575050830841, 0.408439040184021, 0.40735572576522827, 0.4115472435951233, 0.40782707929611206, 0.40722861886024475, 0.41285470128059387, 0.40956076979637146, 0.4196656048297882, 0.409321129322052, 0.40754449367523193, 0.41153794527053833, 0.4074181318283081, 0.4078434705734253, 0.4091445207595825, 0.40898606181144714, 0.4083287715911865, 0.4072263240814209, 0.4103139042854309, 0.40864646434783936, 0.40723299980163574, 0.40733250975608826, 0.41487830877304077]",0.0,"[33.0, 33.0, 33.0, 33.0, 2.0, 0.0, 0.0, 0.0, 0.0, 0.0, 0.0, 0.0, 0.0, 0.0, 0.0, 0.0, 0.0, 0.0, 0.0, 0.0, 0.0, 0.0, 0.0, 0.0, 0.0, 0.0, 0.0, 0.0, 0.0, 0.0, 0.0, 0.0, 0.0, 0.0, 0.0, 0.0, 0.0, 0.0, 0.0, 0.0, 0.0, 0.0, 0.0, 0.0, 0.0, 0.0, 0.0, 0.0, 0.0, 0.0, 0.0, 0.0, 0.0, 0.0, 0.0, 0.0, 0.0, 0.0, 0.0, 0.0, 0.0, 0.0, 0.0, 0.0, 0.0, 0.0, 0.0, 0.0, 0.0, 0.0, 0.0, 0.0, 0.0, 0.0, 0.0, 0.0, 0.0, 0.0, 0.0, 0.0, 0.0, 0.0, 0.0, 0.0, 0.0, 0.0, 0.0, 0.0, 0.0, 0.0, 0.0, 0.0, 0.0, 0.0, 0.0, 0.0, 0.0, 0.0, 0.0, 0.0, 0.0, 0.0, 0.0, 0.0, 0.0, 0.0, 0.0, 0.0, 0.0, 0.0, 0.0, 0.0, 0.0, 0.0, 0.0, 0.0, 0.0, 0.0, 0.0, 0.0, 0.0, 0.0, 0.0, 0.0, 0.0, 0.0, 0.0, 0.0, 0.0, 0.0, 0.0, 0.0, 0.0, 0.0, 0.0, 0.0, 0.0, 0.0, 0.0, 0.0, 0.0, 0.0, 0.0, 0.0, 0.0, 0.0, 0.0, 0.0, 0.0, 0.0, 0.0, 0.0, 0.0, 0.0, 0.0, 0.0, 0.0, 0.0, 0.0, 0.0, 0.0, 0.0, 0.0, 0.0, 0.0, 0.0, 0.0, 0.0, 0.0, 0.0, 0.0, 0.0, 0.0, 0.0, 0.0, 0.0, 0.0, 0.0, 0.0, 0.0, 0.0, 0.0, 0.0, 0.0, 0.0, 0.0, 0.0, 0.0, 0.0, 0.0, 0.0, 0.0, 0.0, 0.0, 0.0, 0.0, 0.0, 0.0, 0.0, 0.0, 0.0, 0.0, 0.0, 0.0, 0.0, 0.0, 0.0, 0.0, 0.0, 0.0, 0.0, 0.0, 0.0, 0.0, 0.0, 0.0, 0.0, 0.0, 0.0, 0.0, 0.0, 0.0, 0.0, 0.0, 0.0, 0.0, 0.0, 0.0, 0.0, 0.0, 0.0, 0.0, 0.0, 0.0, 0.0, 0.0, 0.0, 0.0, 0.0, 0.0, 0.0, 0.0, 0.0, 0.0, 0.0, 0.0, 0.0, 0.0, 0.0, 0.0, 0.0, 0.0, 0.0, 0.0, 0.0, 0.0, 0.0, 0.0, 0.0, 0.0, 0.0, 0.0, 0.0, 0.0, 0.0, 0.0, 0.0, 0.0, 0.0, 0.0, 0.0, 0.0, 0.0, 0.0, 0.0, 0.0, 0.0, 0.0, 0.0, 0.0, 0.0, 0.0, 0.0, 0.0, 0.0, 0.0, 0.0, 0.0, 0.0, 0.0, 0.0, 0.0, 0.0, 0.0, 0.0, 0.0, 0.0, 0.0, 0.0, 0.0, 0.0, 0.0, 0.0, 0.0, 0.0, 0.0, 0.0, 0.0, 0.0, 0.0, 0.0, 0.0, 0.0, 0.0, 0.0, 0.0, 0.0, 0.0, 0.0, 0.0, 0.0, 0.0, 0.0, 0.0, 0.0, 0.0, 0.0, 0.0, 0.0, 0.0, 0.0, 0.0, 0.0, 0.0, 0.0, 0.0, 0.0, 0.0, 0.0, 0.0, 0.0, 0.0, 0.0, 0.0, 0.0, 0.0, 0.0, 0.0, 0.0, 0.0, 0.0, 0.0, 0.0, 0.0, 0.0, 0.0, 0.0, 0.0, 0.0, 0.0, 0.0, 0.0, 0.0, 0.0, 0.0, 0.0, 0.0, 0.0, 0.0, 0.0, 0.0, 0.0, 0.0, 0.0, 0.0, 0.0, 0.0, 0.0, 0.0, 0.0, 0.0, 0.0, 0.0, 0.0, 0.0, 0.0, 0.0, 0.0, 0.0, 0.0]",COMPLETE
