,number,value,datetime_start,datetime_complete,duration,params_batch_size_scaler,params_constant_learning_rate,params_depth,params_epochs,params_kernel_l2,params_num_trees,params_temperature,user_attrs_accuracy_test,user_attrs_accuracy_valid,user_attrs_approximate_feature_sparsity,user_attrs_approximate_feature_sparsity_history,user_attrs_approximate_weight_sparsity,user_attrs_approximate_weight_sparsity_history,user_attrs_auc_test,user_attrs_auc_valid,user_attrs_feature_sparsity,user_attrs_feature_sparsity_history,user_attrs_num_epochs,user_attrs_val_loss_history,user_attrs_weight_sparsity,user_attrs_weight_sparsity_history,state
67,67,0.9255709703597789,2024-08-31 03:26:50.815583,2024-08-31 03:28:24.134823,0 days 00:01:33.319240,4,0.029498928051366727,3,475,0.22584537133677415,26,0.000731381084228307,0.935,0.93625,25,"[33, 33, 33, 33, 33, 33, 33, 33, 33, 33, 33, 33, 33, 33, 33, 33, 33, 33, 33, 33, 33, 33, 33, 33, 33, 33, 33, 33, 33, 33, 33, 33, 33, 33, 33, 33, 33, 33, 33, 33, 33, 33, 33, 33, 33, 33, 33, 33, 33, 33, 33, 33, 33, 33, 33, 33, 33, 33, 33, 33, 33, 33, 33, 33, 33, 33, 33, 33, 33, 33, 33, 33, 33, 33, 33, 33, 33, 33, 33, 33, 33, 33, 33, 33, 33, 33, 33, 33, 33, 33, 33, 33, 33, 33, 33, 33, 33, 33, 33, 33, 33, 33, 33, 33, 33, 33, 33, 33, 33, 33, 33, 33, 33, 33, 33, 33, 33, 33, 33, 33, 33, 33, 33, 33, 33, 33, 33, 33, 33, 33, 33, 33, 33, 33, 33, 33, 33, 33, 33, 33, 33, 33, 33, 33, 33, 33, 33, 33, 33, 33, 33, 33, 33, 33, 33, 33, 33, 33, 33, 33, 33, 33, 33, 33, 33, 33, 33, 33, 33, 33, 33, 33, 33, 33, 33, 33, 33, 33, 33, 33, 33, 33, 33, 33, 33, 33, 33, 33, 33, 33, 33, 33, 33, 33, 33, 33, 33, 33, 33, 33, 33, 33, 33, 33, 33, 33, 33, 33, 33, 33, 33, 33, 33, 33, 33, 33, 33, 33, 33, 33, 33, 33, 33, 33, 33, 33, 33, 33, 33, 33, 33, 33, 33, 33, 33, 33, 33, 33, 33, 33, 33, 33, 33, 33, 33, 33, 33, 33, 33, 33, 33, 33, 33, 33, 33, 33, 33, 33, 33, 33, 33, 33, 33, 33, 33, 33, 33, 33, 33, 33, 33, 33, 33, 33, 33, 33, 33, 33, 33, 33, 33, 33, 33, 33, 33, 33, 33, 33, 33, 33, 33, 33, 33, 33, 33, 33, 33, 33, 33, 33, 33, 33, 33, 33, 33, 33, 33, 33, 33, 33, 32, 32, 31, 31, 30, 30, 30, 30, 30, 30, 30, 30, 30, 30, 30, 29, 29, 29, 29, 29, 29, 29, 29, 29, 29, 29, 29, 29, 29, 29, 29, 29, 29, 29, 29, 29, 29, 29, 29, 29, 29, 29, 29, 29, 28, 28, 28, 28, 28, 28, 28, 27, 27, 27, 27, 27, 27, 27, 27, 27, 27, 27, 27, 26, 26, 26, 26, 25, 25, 25, 25, 25, 25, 25, 25, 25, 25, 25, 25, 25, 25, 25, 25, 25, 25, 25, 25, 25, 25, 25, 25, 25, 25, 25, 25, 25, 25, 25, 25, 25, 25, 25, 25, 25, 25, 25, 25, 25, 25, 25, 25, 25, 25, 25, 25, 25, 25, 25, 25, 25, 25, 25, 25, 25, 25, 25, 25, 25, 25, 25, 25, 25, 25, 25, 25, 25, 25, 25, 25, 25, 25, 25, 25, 25, 25, 25, 25, 25, 25, 25, 25, 25, 25, 25, 25, 25, 25, 25, 25, 25, 25, 25, 25, 25, 25]",24.96153846153846,"[32.98351648351648, 32.972527472527474, 32.967032967032964, 32.97802197802198, 32.96153846153846, 32.967032967032964, 32.972527472527474, 32.98901098901099, 32.96153846153846, 32.97802197802198, 32.98351648351648, 32.98901098901099, 32.97802197802198, 32.972527472527474, 32.967032967032964, 32.972527472527474, 32.967032967032964, 32.972527472527474, 32.97802197802198, 32.972527472527474, 32.972527472527474, 32.972527472527474, 32.967032967032964, 32.967032967032964, 32.96153846153846, 32.97802197802198, 32.96153846153846, 32.98351648351648, 32.98351648351648, 32.98351648351648, 32.97802197802198, 32.98901098901099, 32.98351648351648, 32.97802197802198, 32.972527472527474, 32.98901098901099, 32.972527472527474, 32.97802197802198, 32.97802197802198, 32.98351648351648, 32.98351648351648, 32.98901098901099, 32.98901098901099, 32.98351648351648, 32.98351648351648, 32.98351648351648, 32.98901098901099, 32.972527472527474, 32.98351648351648, 32.97802197802198, 32.98351648351648, 33.0, 32.98351648351648, 32.994505494505496, 32.98901098901099, 33.0, 32.98351648351648, 32.98901098901099, 32.97802197802198, 32.967032967032964, 32.972527472527474, 32.98351648351648, 32.98351648351648, 32.972527472527474, 32.98351648351648, 32.98351648351648, 32.98351648351648, 32.98351648351648, 33.0, 32.994505494505496, 32.98351648351648, 32.98351648351648, 32.97802197802198, 32.994505494505496, 32.98901098901099, 32.994505494505496, 32.972527472527474, 32.98901098901099, 32.98351648351648, 32.98351648351648, 32.97802197802198, 32.97802197802198, 32.972527472527474, 32.98351648351648, 32.98351648351648, 32.97802197802198, 32.967032967032964, 32.956043956043956, 32.972527472527474, 32.972527472527474, 32.96153846153846, 32.96153846153846, 32.967032967032964, 32.972527472527474, 32.97802197802198, 32.956043956043956, 32.94505494505495, 32.956043956043956, 32.956043956043956, 32.94505494505495, 32.956043956043956, 32.972527472527474, 32.967032967032964, 32.96153846153846, 32.98351648351648, 32.95054945054945, 32.98351648351648, 32.98351648351648, 32.98351648351648, 32.96153846153846, 32.95054945054945, 32.97802197802198, 32.95054945054945, 32.95054945054945, 32.956043956043956, 32.956043956043956, 32.96153846153846, 32.96703296703297, 32.97802197802198, 32.967032967032964, 32.96153846153846, 32.972527472527474, 32.98351648351648, 32.972527472527474, 32.972527472527474, 32.97802197802198, 32.95054945054945, 32.956043956043956, 32.94505494505495, 32.95054945054945, 32.956043956043956, 32.956043956043956, 32.95054945054945, 32.94505494505495, 32.967032967032964, 32.95054945054945, 32.95054945054945, 32.96153846153846, 32.97802197802198, 32.972527472527474, 32.967032967032964, 32.97802197802198, 32.97802197802198, 32.97802197802198, 32.98351648351648, 32.972527472527474, 32.972527472527474, 32.96153846153846, 32.96153846153846, 32.96153846153846, 32.956043956043956, 32.956043956043956, 32.95054945054945, 32.96153846153846, 32.97802197802198, 32.967032967032964, 32.98351648351648, 32.967032967032964, 32.967032967032964, 32.972527472527474, 32.96153846153846, 32.94505494505495, 32.96153846153846, 32.972527472527474, 32.972527472527474, 32.97802197802198, 32.98901098901099, 32.98351648351648, 32.97802197802198, 32.98351648351648, 32.994505494505496, 32.98351648351648, 32.972527472527474, 32.96153846153846, 32.972527472527474, 32.972527472527474, 32.972527472527474, 32.97802197802198, 32.97802197802198, 32.972527472527474, 32.96153846153846, 32.956043956043956, 32.96153846153846, 32.972527472527474, 32.956043956043956, 32.96153846153846, 32.96153846153846, 32.934065934065934, 32.94505494505495, 32.967032967032964, 32.96153846153846, 32.96703296703297, 32.972527472527474, 32.967032967032964, 32.972527472527474, 32.96153846153846, 32.972527472527474, 32.972527472527474, 32.972527472527474, 32.97802197802198, 32.97802197802198, 32.97802197802198, 32.97802197802198, 32.967032967032964, 32.972527472527474, 32.97802197802198, 32.97802197802198, 32.98351648351648, 32.97802197802198, 32.97802197802198, 32.972527472527474, 32.956043956043956, 32.94505494505495, 32.934065934065934, 32.917582417582416, 32.917582417582416, 32.91208791208791, 32.93956043956044, 32.956043956043956, 32.967032967032964, 32.967032967032964, 32.93956043956044, 32.956043956043956, 32.972527472527474, 32.972527472527474, 32.98901098901099, 32.967032967032964, 32.956043956043956, 32.956043956043956, 32.94505494505495, 32.92857142857143, 32.96153846153846, 32.956043956043956, 32.967032967032964, 32.97802197802198, 32.972527472527474, 32.967032967032964, 32.98901098901099, 32.98901098901099, 32.972527472527474, 32.972527472527474, 32.97802197802198, 32.96153846153846, 32.94505494505495, 32.96703296703297, 32.956043956043956, 32.93956043956044, 32.94505494505495, 32.967032967032964, 32.96153846153846, 32.93956043956044, 32.92857142857143, 32.934065934065934, 32.94505494505495, 32.93956043956044, 32.934065934065934, 32.93956043956044, 32.95054945054945, 32.92857142857143, 32.95054945054945, 32.96153846153846, 32.967032967032964, 32.96153846153846, 32.94505494505495, 32.95054945054945, 32.96153846153846, 32.95054945054945, 32.94505494505495, 32.95054945054945, 32.956043956043956, 32.956043956043956, 32.967032967032964, 32.956043956043956, 32.934065934065934, 32.94505494505495, 32.93956043956044, 32.92857142857143, 32.956043956043956, 32.94505494505495, 32.93956043956044, 32.93956043956044, 32.93956043956044, 32.95054945054945, 32.972527472527474, 32.972527472527474, 32.93956043956044, 32.94505494505495, 32.94505494505495, 32.93956043956044, 32.934065934065934, 32.91208791208791, 32.92307692307693, 32.934065934065934, 32.93956043956044, 32.95054945054945, 32.95054945054945, 32.92857142857143, 32.950549450549445, 32.95054945054945, 32.95054945054945, 32.96153846153846, 32.94505494505495, 32.956043956043956, 32.956043956043956, 32.96153846153846, 32.96703296703297, 32.97802197802198, 32.95054945054945, 32.95054945054945, 32.956043956043956, 31.956043956043956, 31.956043956043956, 30.950549450549453, 30.956043956043956, 29.978021978021978, 29.96153846153846, 29.939560439560438, 29.983516483516482, 29.956043956043956, 29.96153846153846, 29.96153846153846, 29.956043956043956, 29.978021978021978, 29.972527472527474, 29.945054945054945, 28.950549450549453, 28.94505494505495, 28.94505494505495, 28.94505494505495, 28.939560439560438, 28.967032967032967, 28.983516483516482, 28.967032967032967, 28.939560439560438, 28.934065934065934, 28.956043956043956, 28.983516483516482, 28.983516483516482, 28.983516483516482, 28.983516483516482, 28.978021978021978, 28.967032967032967, 28.967032967032967, 28.956043956043956, 28.967032967032967, 28.967032967032967, 28.956043956043956, 28.945054945054945, 28.956043956043956, 28.967032967032967, 28.950549450549453, 28.950549450549453, 28.956043956043956, 28.950549450549453, 27.94505494505495, 27.950549450549453, 27.94505494505495, 27.950549450549453, 27.96153846153846, 27.950549450549453, 27.92857142857143, 26.967032967032967, 26.967032967032967, 26.96153846153846, 26.972527472527474, 26.967032967032967, 26.978021978021978, 26.972527472527474, 26.96153846153846, 26.96153846153846, 26.934065934065934, 26.956043956043956, 26.956043956043956, 25.934065934065934, 25.93956043956044, 25.95054945054945, 25.961538461538463, 24.956043956043956, 24.956043956043956, 24.972527472527474, 24.956043956043956, 24.939560439560438, 24.945054945054945, 24.950549450549453, 24.939560439560438, 24.956043956043956, 24.945054945054945, 24.956043956043956, 24.956043956043956, 24.956043956043956, 24.96153846153846, 24.978021978021978, 24.967032967032967, 24.967032967032967, 24.972527472527474, 24.950549450549453, 24.96153846153846, 24.978021978021978, 24.978021978021978, 24.972527472527474, 24.967032967032967, 24.978021978021978, 24.96153846153846, 24.96153846153846, 24.972527472527474, 24.978021978021978, 24.96703296703297, 24.967032967032967, 24.945054945054945, 24.972527472527474, 24.983516483516482, 24.983516483516482, 24.978021978021978, 24.972527472527474, 24.983516483516482, 24.978021978021978, 24.967032967032967, 24.978021978021978, 24.972527472527474, 24.983516483516482, 24.972527472527474, 24.96153846153846, 24.956043956043956, 24.950549450549453, 24.956043956043956, 24.967032967032967, 24.972527472527474, 24.956043956043956, 24.94505494505495, 24.950549450549453, 24.934065934065934, 24.939560439560438, 24.939560439560438, 24.92857142857143, 24.934065934065934, 24.956043956043956, 24.96153846153846, 24.945054945054945, 24.950549450549453, 24.945054945054945, 24.96153846153846, 24.967032967032967, 24.972527472527474, 24.956043956043956, 24.950549450549453, 24.96703296703297, 24.956043956043956, 24.967032967032967, 24.967032967032967, 24.967032967032967, 24.972527472527474, 24.978021978021978, 24.983516483516482, 24.96153846153846, 24.972527472527474, 24.96153846153846, 24.956043956043956, 24.96153846153846, 24.967032967032967, 24.96703296703297, 24.956043956043956, 24.94505494505495, 24.939560439560438, 24.945054945054945, 24.950549450549453, 24.950549450549453, 24.96153846153846, 24.945054945054945, 24.950549450549453, 24.96153846153846, 24.950549450549453, 24.950549450549453, 24.96153846153846, 24.950549450549453, 24.96153846153846]",0.9096178138855175,0.9255709703597789,25,"[33, 33, 33, 33, 33, 33, 33, 33, 33, 33, 33, 33, 33, 33, 33, 33, 33, 33, 33, 33, 33, 33, 33, 33, 33, 33, 33, 33, 33, 33, 33, 33, 33, 33, 33, 33, 33, 33, 33, 33, 33, 33, 33, 33, 33, 33, 33, 33, 33, 33, 33, 33, 33, 33, 33, 33, 33, 33, 33, 33, 33, 33, 33, 33, 33, 33, 33, 33, 33, 33, 33, 33, 33, 33, 33, 33, 33, 33, 33, 33, 33, 33, 33, 33, 33, 33, 33, 33, 33, 33, 33, 33, 33, 33, 33, 33, 33, 33, 33, 33, 33, 33, 33, 33, 33, 33, 33, 33, 33, 33, 33, 33, 33, 33, 33, 33, 33, 33, 33, 33, 33, 33, 33, 33, 33, 33, 33, 33, 33, 33, 33, 33, 33, 33, 33, 33, 33, 33, 33, 33, 33, 33, 33, 33, 33, 33, 33, 33, 33, 33, 33, 33, 33, 33, 33, 33, 33, 33, 33, 33, 33, 33, 33, 33, 33, 33, 33, 33, 33, 33, 33, 33, 33, 33, 33, 33, 33, 33, 33, 33, 33, 33, 33, 33, 33, 33, 33, 33, 33, 33, 33, 33, 33, 33, 33, 33, 33, 33, 33, 33, 33, 33, 33, 33, 33, 33, 33, 33, 33, 33, 33, 33, 33, 33, 33, 33, 33, 33, 33, 33, 33, 33, 33, 33, 33, 33, 33, 33, 33, 33, 33, 33, 33, 33, 33, 33, 33, 33, 33, 33, 33, 33, 33, 33, 33, 33, 33, 33, 33, 33, 33, 33, 33, 33, 33, 33, 33, 33, 33, 33, 33, 33, 33, 33, 33, 33, 33, 33, 33, 33, 33, 33, 33, 33, 33, 33, 33, 33, 33, 33, 33, 33, 33, 33, 33, 33, 33, 33, 33, 33, 33, 33, 33, 33, 33, 33, 33, 33, 33, 33, 33, 33, 33, 33, 33, 33, 33, 33, 33, 33, 32, 32, 31, 31, 30, 30, 30, 30, 30, 30, 30, 30, 30, 30, 30, 29, 29, 29, 29, 29, 29, 29, 29, 29, 29, 29, 29, 29, 29, 29, 29, 29, 29, 29, 29, 29, 29, 29, 29, 29, 29, 29, 29, 29, 28, 28, 28, 28, 28, 28, 28, 27, 27, 27, 27, 27, 27, 27, 27, 27, 27, 27, 27, 26, 26, 26, 26, 25, 25, 25, 25, 25, 25, 25, 25, 25, 25, 25, 25, 25, 25, 25, 25, 25, 25, 25, 25, 25, 25, 25, 25, 25, 25, 25, 25, 25, 25, 25, 25, 25, 25, 25, 25, 25, 25, 25, 25, 25, 25, 25, 25, 25, 25, 25, 25, 25, 25, 25, 25, 25, 25, 25, 25, 25, 25, 25, 25, 25, 25, 25, 25, 25, 25, 25, 25, 25, 25, 25, 25, 25, 25, 25, 25, 25, 25, 25, 25, 25, 25, 25, 25, 25, 25, 25, 25, 25, 25, 25, 25, 25, 25, 25, 25, 25, 25]",475,"[0.47874993085861206, 0.4675149619579315, 0.46234866976737976, 0.45836177468299866, 0.4547998011112213, 0.4517694115638733, 0.448970228433609, 0.44651520252227783, 0.4442932605743408, 0.44217658042907715, 0.4402770698070526, 0.43850353360176086, 0.4368661642074585, 0.4351472854614258, 0.4338012635707855, 0.4322461783885956, 0.43088778853416443, 0.42955341935157776, 0.42807549238204956, 0.4268454611301422, 0.4256237745285034, 0.424387127161026, 0.4232337474822998, 0.421914279460907, 0.4206751883029938, 0.4195256531238556, 0.41838082671165466, 0.41718876361846924, 0.416134238243103, 0.41491207480430603, 0.41373711824417114, 0.41266414523124695, 0.41155198216438293, 0.41047295928001404, 0.4093315601348877, 0.40820786356925964, 0.4071148931980133, 0.40602898597717285, 0.4050734043121338, 0.4039738178253174, 0.40285101532936096, 0.401919960975647, 0.4007634222507477, 0.39963600039482117, 0.3986150026321411, 0.3975375294685364, 0.39653080701828003, 0.39544355869293213, 0.39439675211906433, 0.3933519124984741, 0.39233580231666565, 0.39131829142570496, 0.3902498185634613, 0.3893606662750244, 0.3884083926677704, 0.38741883635520935, 0.38625550270080566, 0.3852041959762573, 0.38416776061058044, 0.3833274841308594, 0.3822705149650574, 0.3811184763908386, 0.38014835119247437, 0.3790837526321411, 0.37809452414512634, 0.37707099318504333, 0.3760265111923218, 0.37506282329559326, 0.3740447759628296, 0.3730679750442505, 0.3720172047615051, 0.3709942698478699, 0.3699972927570343, 0.36895519495010376, 0.3679695427417755, 0.36707794666290283, 0.3659195005893707, 0.3649006187915802, 0.3638989329338074, 0.36290013790130615, 0.36191409826278687, 0.36089667677879333, 0.35985955595970154, 0.35889121890068054, 0.35804691910743713, 0.35704153776168823, 0.35599586367607117, 0.3551081418991089, 0.3539755940437317, 0.3530067205429077, 0.35186246037483215, 0.3508571684360504, 0.34990978240966797, 0.3489358127117157, 0.3480106592178345, 0.34708109498023987, 0.34609517455101013, 0.34513550996780396, 0.3441811800003052, 0.3432753086090088, 0.3422997295856476, 0.34130656719207764, 0.34039971232414246, 0.3394632339477539, 0.3385274112224579, 0.33765193819999695, 0.33669018745422363, 0.33593282103538513, 0.3350241482257843, 0.33410775661468506, 0.33325156569480896, 0.3322886526584625, 0.3314550817012787, 0.33065417408943176, 0.3298966586589813, 0.3289993703365326, 0.32818207144737244, 0.3273926079273224, 0.3266402781009674, 0.32577306032180786, 0.3249903619289398, 0.32426124811172485, 0.3235011696815491, 0.3228704035282135, 0.32200944423675537, 0.32131335139274597, 0.32061251997947693, 0.31980520486831665, 0.3190773129463196, 0.31845924258232117, 0.31775954365730286, 0.3172101676464081, 0.31651678681373596, 0.3159155547618866, 0.3151583969593048, 0.31455233693122864, 0.3138939440250397, 0.31325364112854004, 0.31259816884994507, 0.31201407313346863, 0.3113987445831299, 0.3108290135860443, 0.31010380387306213, 0.3095020651817322, 0.30894288420677185, 0.3084600269794464, 0.3077940046787262, 0.3073652982711792, 0.306770920753479, 0.3061695396900177, 0.3056237995624542, 0.30513498187065125, 0.30471885204315186, 0.30422449111938477, 0.3036118447780609, 0.30319035053253174, 0.3026142418384552, 0.30214962363243103, 0.30172309279441833, 0.3010653555393219, 0.3006495237350464, 0.30014580488204956, 0.2996341586112976, 0.2992347180843353, 0.2987244129180908, 0.29813966155052185, 0.2977289855480194, 0.29723694920539856, 0.2967487573623657, 0.29643353819847107, 0.2960761785507202, 0.295524001121521, 0.29502591490745544, 0.29452750086784363, 0.29429277777671814, 0.29383331537246704, 0.29325422644615173, 0.2928217351436615, 0.29246729612350464, 0.2920396029949188, 0.2919252812862396, 0.2913801074028015, 0.2910362482070923, 0.2907373309135437, 0.2901730239391327, 0.28977805376052856, 0.28935351967811584, 0.2888886332511902, 0.2883974015712738, 0.28809231519699097, 0.2877436578273773, 0.28728219866752625, 0.28696492314338684, 0.2866772711277008, 0.28621706366539, 0.28579577803611755, 0.28552472591400146, 0.28521743416786194, 0.28473252058029175, 0.2843032777309418, 0.2840200364589691, 0.283733606338501, 0.2832980751991272, 0.2831129729747772, 0.28278422355651855, 0.2823299467563629, 0.2821285128593445, 0.2817186415195465, 0.2813734710216522, 0.28100985288619995, 0.2805255651473999, 0.2803303599357605, 0.2799581289291382, 0.2796367406845093, 0.2795092463493347, 0.2791903018951416, 0.27886679768562317, 0.2787812352180481, 0.27811524271965027, 0.2779030203819275, 0.27744990587234497, 0.2770232856273651, 0.276854544878006, 0.2766532599925995, 0.2762335538864136, 0.2759946882724762, 0.2757338583469391, 0.27541226148605347, 0.27505457401275635, 0.2746785581111908, 0.2745312452316284, 0.27411597967147827, 0.27382802963256836, 0.2736341059207916, 0.273410439491272, 0.27294424176216125, 0.2726527154445648, 0.2724718749523163, 0.2723396420478821, 0.2718467116355896, 0.27153608202934265, 0.2714462876319885, 0.27121251821517944, 0.2707494795322418, 0.270668625831604, 0.27037474513053894, 0.2702696919441223, 0.26983681321144104, 0.26937931776046753, 0.269260048866272, 0.26888543367385864, 0.26850131154060364, 0.2684381306171417, 0.26822590827941895, 0.26782795786857605, 0.2675435543060303, 0.2670351564884186, 0.2669522166252136, 0.26687178015708923, 0.2668018043041229, 0.2665238380432129, 0.2663126289844513, 0.2660287022590637, 0.26570942997932434, 0.26554176211357117, 0.2652806043624878, 0.26470670104026794, 0.2645549476146698, 0.26421308517456055, 0.26409733295440674, 0.2636139988899231, 0.2635478377342224, 0.26334860920906067, 0.2633553445339203, 0.26303988695144653, 0.2627844512462616, 0.26241305470466614, 0.2621125280857086, 0.2619083523750305, 0.26169922947883606, 0.26157185435295105, 0.26139798760414124, 0.2612811028957367, 0.26090964674949646, 0.2608167827129364, 0.260589599609375, 0.2600952684879303, 0.2599440813064575, 0.2596397399902344, 0.25957775115966797, 0.25956693291664124, 0.25912901759147644, 0.2586829662322998, 0.2585664689540863, 0.25867602229118347, 0.25839346647262573, 0.2583232820034027, 0.2579527497291565, 0.2578272819519043, 0.2575601637363434, 0.2572803795337677, 0.25704362988471985, 0.25666844844818115, 0.25649988651275635, 0.25667423009872437, 0.2561582922935486, 0.25586023926734924, 0.25597426295280457, 0.2557278871536255, 0.25568538904190063, 0.2550392150878906, 0.2547979950904846, 0.2543848156929016, 0.25453972816467285, 0.2539162039756775, 0.25366875529289246, 0.2533836364746094, 0.2534891366958618, 0.2532142996788025, 0.252718061208725, 0.25270041823387146, 0.25259846448898315, 0.2522686719894409, 0.25215473771095276, 0.25216200947761536, 0.2516593039035797, 0.25136345624923706, 0.25113487243652344, 0.2510216236114502, 0.2510048449039459, 0.25092053413391113, 0.2505247890949249, 0.2506276071071625, 0.2499803900718689, 0.24977368116378784, 0.24975667893886566, 0.24953612685203552, 0.24923072755336761, 0.2492537945508957, 0.24917158484458923, 0.24908486008644104, 0.24900101125240326, 0.24855279922485352, 0.24817782640457153, 0.24832461774349213, 0.24816179275512695, 0.24794155359268188, 0.24798917770385742, 0.24806657433509827, 0.24765902757644653, 0.24746139347553253, 0.24748870730400085, 0.2471713125705719, 0.24695608019828796, 0.24817004799842834, 0.24809199571609497, 0.2480015903711319, 0.2476269006729126, 0.24764560163021088, 0.24740251898765564, 0.24719907343387604, 0.24643732607364655, 0.24614150822162628, 0.24615786969661713, 0.2460426539182663, 0.24568605422973633, 0.2458794265985489, 0.24566951394081116, 0.24532544612884521, 0.2448689043521881, 0.2446233183145523, 0.2448769509792328, 0.24432122707366943, 0.24320757389068604, 0.24330148100852966, 0.24326135218143463, 0.24314190447330475, 0.24301816523075104, 0.24272654950618744, 0.24253103137016296, 0.2422170490026474, 0.24201780557632446, 0.24200350046157837, 0.24178540706634521, 0.2416665256023407, 0.24140483140945435, 0.24132053554058075, 0.2412099987268448, 0.24113988876342773, 0.24127021431922913, 0.2413320541381836, 0.24098171293735504, 0.2406814992427826, 0.2404569834470749, 0.2