,number,value,datetime_start,datetime_complete,duration,params_batch_size_scaler,params_constant_learning_rate,params_depth,params_epochs,params_kernel_l2,params_num_trees,params_temperature,user_attrs_accuracy_test,user_attrs_accuracy_valid,user_attrs_approximate_feature_sparsity,user_attrs_approximate_feature_sparsity_history,user_attrs_approximate_weight_sparsity,user_attrs_approximate_weight_sparsity_history,user_attrs_auc_test,user_attrs_auc_valid,user_attrs_feature_sparsity,user_attrs_feature_sparsity_history,user_attrs_num_epochs,user_attrs_val_loss_history,user_attrs_weight_sparsity,user_attrs_weight_sparsity_history,state
48,48,0.914325462766163,2024-08-31 02:45:41.490826,2024-08-31 02:49:45.738658,0 days 00:04:04.247832,1,0.010372010554954614,5,260,0.2327205246754272,8,0.01649425548837232,0.921,0.92,33,"[33, 33, 33, 33, 33, 33, 33, 33, 33, 33, 33, 33, 33, 33, 33, 33, 33, 33, 33, 33, 33, 33, 33, 33, 33, 33, 33, 33, 33, 33, 33, 33, 33, 33, 33, 33, 33, 33, 33, 33, 33, 33, 33, 33, 33, 33, 33, 33, 33, 33, 33, 33, 33, 33, 33, 33, 33, 33, 33, 33, 33, 33, 33, 33, 33, 33, 33, 33, 33, 33, 33, 33, 33, 33, 33, 33, 33, 33, 33, 33, 33, 33, 33, 33, 33, 33, 33, 33, 33, 33, 33, 33, 33, 33, 33, 33, 33, 33, 33, 33, 33, 33, 33, 33, 33, 33, 33, 33, 33, 33, 33, 33, 33, 33, 33, 33, 33, 33, 33, 33, 33, 33, 33, 33, 33, 33, 33, 33, 33, 33, 33, 33, 33, 33, 33, 33, 33, 33, 33, 33, 33, 33, 33, 33, 33, 33, 33, 33, 33, 33, 33, 33, 33, 33, 33, 33, 33, 33, 33, 33, 33, 33, 33, 33, 33, 33, 33, 33, 33, 33, 33, 33, 33, 33, 33, 33, 33, 33, 33, 33, 33, 33, 33, 33, 33, 33, 33, 33, 33, 33, 33, 33, 33, 33, 33, 33, 33, 33, 33, 33, 33, 33, 33, 33, 33, 33, 33, 33, 33, 33, 33, 33, 33, 33, 33, 33, 33, 33, 33, 33, 33, 33, 33, 33, 33, 33, 33, 33, 33, 33, 33, 33, 33, 33, 33, 33, 33, 33, 33, 33, 33, 33, 33, 33, 33, 33, 33, 33, 33, 33, 33, 33, 33, 33, 33, 33, 33, 33, 33, 33]",32.94758064516129,"[32.97983870967742, 32.97983870967742, 32.96774193548387, 32.96370967741936, 32.95564516129032, 32.96774193548387, 32.95967741935484, 32.971774193548384, 32.95967741935484, 32.971774193548384, 32.95967741935484, 32.95161290322581, 32.95161290322581, 32.971774193548384, 32.95967741935484, 32.971774193548384, 32.96774193548387, 32.975806451612904, 32.975806451612904, 32.98790322580645, 32.975806451612904, 32.97983870967742, 32.975806451612904, 32.97983870967742, 32.98790322580645, 32.97983870967742, 32.98790322580645, 32.99193548387097, 32.975806451612904, 32.97983870967742, 32.975806451612904, 32.95967741935484, 32.95967741935484, 32.975806451612904, 32.96774193548387, 32.971774193548384, 32.971774193548384, 32.95967741935484, 32.96370967741936, 32.96774193548387, 32.96370967741936, 32.971774193548384, 32.96370967741936, 32.95161290322581, 32.97983870967742, 32.97983870967742, 32.97983870967742, 32.983870967741936, 32.96774193548387, 32.96370967741935, 32.975806451612904, 32.975806451612904, 32.95967741935484, 32.95564516129032, 32.971774193548384, 32.97983870967742, 32.983870967741936, 32.96370967741936, 32.96774193548387, 32.98790322580645, 32.97983870967742, 32.983870967741936, 32.98790322580645, 32.983870967741936, 32.97983870967742, 32.99596774193549, 32.97983870967742, 32.98790322580645, 32.97983870967742, 32.99193548387097, 33.0, 32.99193548387097, 32.98790322580645, 32.99193548387097, 32.983870967741936, 32.97983870967742, 32.983870967741936, 32.983870967741936, 32.98790322580645, 32.975806451612904, 32.975806451612904, 32.96774193548387, 32.983870967741936, 32.96774193548387, 32.971774193548384, 32.96774193548387, 32.97983870967742, 32.971774193548384, 32.971774193548384, 32.975806451612904, 32.975806451612904, 32.95161290322581, 32.95564516129032, 32.935483870967744, 32.971774193548384, 32.979838709677416, 32.99193548387097, 32.975806451612904, 32.96774193548387, 32.96774193548387, 32.96370967741936, 32.98790322580645, 32.96774193548387, 32.96370967741935, 32.96370967741935, 32.96370967741935, 32.96370967741936, 32.96774193548387, 32.971774193548384, 32.96774193548387, 32.975806451612904, 32.971774193548384, 32.95967741935484, 32.96370967741935, 32.96370967741935, 32.983870967741936, 32.96370967741936, 32.96774193548387, 32.975806451612904, 32.96774193548387, 32.95967741935484, 32.96774193548387, 32.95564516129032, 32.95161290322581, 32.95564516129032, 32.95967741935484, 32.96370967741936, 32.96774193548387, 32.95967741935484, 32.975806451612904, 32.96774193548387, 32.971774193548384, 32.971774193548384, 32.95967741935484, 32.971774193548384, 32.94758064516129, 32.95967741935484, 32.95967741935484, 32.95564516129032, 32.95161290322581, 32.95564516129032, 32.96774193548387, 32.96774193548387, 32.96370967741935, 32.95564516129032, 32.943548387096776, 32.92741935483871, 32.935483870967744, 32.91532258064516, 32.939516129032256, 32.939516129032256, 32.94758064516129, 32.939516129032256, 32.935483870967744, 32.92338709677419, 32.935483870967744, 32.935483870967744, 32.927419354838705, 32.94758064516129, 32.95161290322581, 32.95967741935484, 32.95564516129032, 32.971774193548384, 32.95161290322581, 32.943548387096776, 32.95161290322581, 32.95564516129032, 32.95967741935484, 32.947580645161295, 32.971774193548384, 32.96370967741936, 32.95161290322581, 32.935483870967744, 32.943548387096776, 32.939516129032256, 32.943548387096776, 32.947580645161295, 32.943548387096776, 32.947580645161295, 32.95564516129032, 32.943548387096776, 32.95161290322581, 32.95564516129032, 32.935483870967744, 32.95564516129032, 32.95967741935484, 32.971774193548384, 32.96774193548387, 32.95967741935484, 32.96774193548387, 32.975806451612904, 32.97983870967742, 32.96370967741936, 32.971774193548384, 32.96774193548387, 32.983870967741936, 32.96774193548387, 32.971774193548384, 32.95564516129032, 32.943548387096776, 32.95967741935484, 32.943548387096776, 32.939516129032256, 32.939516129032256, 32.947580645161295, 32.95161290322581, 32.943548387096776, 32.931451612903224, 32.947580645161295, 32.96370967741936, 32.947580645161295, 32.96370967741936, 32.95564516129032, 32.96370967741936, 32.94758064516129, 32.935483870967744, 32.92741935483871, 32.95161290322581, 32.939516129032256, 32.92741935483871, 32.939516129032256, 32.939516129032256, 32.943548387096776, 32.96370967741936, 32.95967741935484, 32.95967741935484, 32.96774193548387, 32.96774193548387, 32.96370967741935, 32.96370967741935, 32.95564516129032, 32.947580645161295, 32.95161290322581, 32.947580645161295, 32.96370967741936, 32.96774193548387, 32.95564516129032, 32.935483870967744, 32.939516129032256, 32.92741935483871, 32.92741935483871, 32.92338709677419, 32.935483870967744, 32.931451612903224, 32.935483870967744, 32.95564516129032, 32.95161290322581, 32.95564516129032, 32.939516129032256, 32.939516129032256, 32.92741935483871, 32.939516129032256, 32.93145161290323, 32.95564516129032, 32.939516129032256, 32.95161290322581, 32.947580645161295, 32.95161290322581, 32.943548387096776, 32.94758064516129]",0.899346923273805,0.914325462766163,33,"[33, 33, 33, 33, 33, 33, 33, 33, 33, 33, 33, 33, 33, 33, 33, 33, 33, 33, 33, 33, 33, 33, 33, 33, 33, 33, 33, 33, 33, 33, 33, 33, 33, 33, 33, 33, 33, 33, 33, 33, 33, 33, 33, 33, 33, 33, 33, 33, 33, 33, 33, 33, 33, 33, 33, 33, 33, 33, 33, 33, 33, 33, 33, 33, 33, 33, 33, 33, 33, 33, 33, 33, 33, 33, 33, 33, 33, 33, 33, 33, 33, 33, 33, 33, 33, 33, 33, 33, 33, 33, 33, 33, 33, 33, 33, 33, 33, 33, 33, 33, 33, 33, 33, 33, 33, 33, 33, 33, 33, 33, 33, 33, 33, 33, 33, 33, 33, 33, 33, 33, 33, 33, 33, 33, 33, 33, 33, 33, 33, 33, 33, 33, 33, 33, 33, 33, 33, 33, 33, 33, 33, 33, 33, 33, 33, 33, 33, 33, 33, 33, 33, 33, 33, 33, 33, 33, 33, 33, 33, 33, 33, 33, 33, 33, 33, 33, 33, 33, 33, 33, 33, 33, 33, 33, 33, 33, 33, 33, 33, 33, 33, 33, 33, 33, 33, 33, 33, 33, 33, 33, 33, 33, 33, 33, 33, 33, 33, 33, 33, 33, 33, 33, 33, 33, 33, 33, 33, 33, 33, 33, 33, 33, 33, 33, 33, 33, 33, 33, 33, 33, 33, 33, 33, 33, 33, 33, 33, 33, 33, 33, 33, 33, 33, 33, 33, 33, 33, 33, 33, 33, 33, 33, 33, 33, 33, 33, 33, 33, 33, 33, 33, 33, 33, 33, 33, 33, 33, 33, 33, 33]",260,"[0.5836138129234314, 0.5163671374320984, 0.4827578365802765, 0.46430397033691406, 0.4531596004962921, 0.4459265172481537, 0.44077736139297485, 0.43684592843055725, 0.43374401330947876, 0.43114760518074036, 0.42886975407600403, 0.4268391728401184, 0.4249967634677887, 0.4232648015022278, 0.4216598868370056, 0.4201320707798004, 0.4186916649341583, 0.41731366515159607, 0.4159803092479706, 0.41468819975852966, 0.41343724727630615, 0.41222235560417175, 0.4110276699066162, 0.409860759973526, 0.40869617462158203, 0.4075563848018646, 0.40643155574798584, 0.40530815720558167, 0.40421390533447266, 0.4031210243701935, 0.40202343463897705, 0.4009368121623993, 0.3998587727546692, 0.39877283573150635, 0.39769676327705383, 0.39662766456604004, 0.39555057883262634, 0.39447638392448425, 0.39338329434394836, 0.39229828119277954, 0.3912242650985718, 0.3901554048061371, 0.3890613317489624, 0.3879871368408203, 0.3869096338748932, 0.3858291208744049, 0.3847612738609314, 0.38367244601249695, 0.3825741112232208, 0.3814903497695923, 0.38041725754737854, 0.37934279441833496, 0.37825432419776917, 0.377177357673645, 0.37609851360321045, 0.3750091791152954, 0.37393122911453247, 0.3728490471839905, 0.371780663728714, 0.37067845463752747, 0.36960291862487793, 0.36853599548339844, 0.3674825429916382, 0.3664155602455139, 0.3653446137905121, 0.364286333322525, 0.3632453978061676, 0.3622073829174042, 0.36116379499435425, 0.36012032628059387, 0.3590684235095978, 0.35803744196891785, 0.35698750615119934, 0.35599517822265625, 0.3549732267856598, 0.3539833128452301, 0.35298383235931396, 0.3519774377346039, 0.3509705066680908, 0.3500029742717743, 0.3490174412727356, 0.34803831577301025, 0.347062349319458, 0.34609881043434143, 0.3451709747314453, 0.34426820278167725, 0.34334641695022583, 0.34240180253982544, 0.3415008783340454, 0.34061312675476074, 0.339707612991333, 0.33882835507392883, 0.3379579484462738, 0.33707889914512634, 0.3362410366535187, 0.335372656583786, 0.3345251977443695, 0.3336791694164276, 0.3328703045845032, 0.3320893347263336, 0.3312832713127136, 0.3304647207260132, 0.32965824007987976, 0.32887524366378784, 0.3280584216117859, 0.3272944390773773, 0.32653874158859253, 0.3257736563682556, 0.3250236213207245, 0.32430553436279297, 0.3235791325569153, 0.32287144660949707, 0.3221783936023712, 0.3214696943759918, 0.32077136635780334, 0.3200497031211853, 0.3193603456020355, 0.3187026083469391, 0.31797972321510315, 0.3173258304595947, 0.31666290760040283, 0.3159840703010559, 0.31531384587287903, 0.3146696388721466, 0.31402352452278137, 0.313396155834198, 0.31278008222579956, 0.3121505081653595, 0.3115454614162445, 0.31094738841056824, 0.31029996275901794, 0.30963125824928284, 0.30901408195495605, 0.3084266781806946, 0.3078019618988037, 0.3072432577610016, 0.30666840076446533, 0.30610784888267517, 0.30553609132766724, 0.3049308955669403, 0.30437785387039185, 0.3038146197795868, 0.3032142221927643, 0.3026580810546875, 0.30210158228874207, 0.3015328645706177, 0.30102309584617615, 0.30048611760139465, 0.30000120401382446, 0.29942968487739563, 0.2989022135734558, 0.2984066903591156, 0.2978374660015106, 0.2973639965057373, 0.29686328768730164, 0.2963276207447052, 0.29577600955963135, 0.2952212989330292, 0.29470330476760864, 0.29418104887008667, 0.29365262389183044, 0.2931324243545532, 0.2926334738731384, 0.2921299338340759, 0.291604220867157, 0.29117050766944885, 0.2906862497329712, 0.290193110704422, 0.28972604870796204, 0.28924405574798584, 0.2887336015701294, 0.2882632315158844, 0.28780779242515564, 0.28737175464630127, 0.28689995408058167, 0.286438912153244, 0.28598523139953613, 0.28552624583244324, 0.2850233018398285, 0.2845863103866577, 0.28415432572364807, 0.2837756872177124, 0.28320834040641785, 0.28279703855514526, 0.28234976530075073, 0.2819296717643738, 0.2815045118331909, 0.281065434217453, 0.2806292176246643, 0.28017571568489075, 0.27973154187202454, 0.2793174088001251, 0.27899959683418274, 0.27850958704948425, 0.27811822295188904, 0.27769145369529724, 0.2772634029388428, 0.276910662651062, 0.2764863073825836, 0.2760659158229828, 0.2756739854812622, 0.2753082513809204, 0.27489912509918213, 0.2744951546192169, 0.27401572465896606, 0.2735936641693115, 0.27321088314056396, 0.2728145718574524, 0.2724810242652893, 0.2721373736858368, 0.2717512249946594, 0.27134969830513, 0.27104732394218445, 0.27066099643707275, 0.27023792266845703, 0.26984959840774536, 0.2695268392562866, 0.26916366815567017, 0.26882103085517883, 0.2684563994407654, 0.268107533454895, 0.2678118050098419, 0.267546683549881, 0.2671729624271393, 0.26681840419769287, 0.2664602994918823, 0.2660597264766693, 0.2657489478588104, 0.2654247283935547, 0.26512548327445984, 0.26481518149375916, 0.2645203769207001, 0.2640853822231293, 0.26377934217453003, 0.26353415846824646, 0.26316311955451965, 0.26287445425987244, 0.26249802112579346, 0.26217150688171387, 0.26185062527656555, 0.2614278495311737, 0.2612241506576538, 0.2609367072582245, 0.26062655448913574, 0.26036500930786133, 0.2600850462913513, 0.259865939617157, 0.25949838757514954, 0.2592017650604248, 0.25890496373176575, 0.2585079073905945, 0.2581596076488495, 0.25787797570228577, 0.25768834352493286, 0.25738734006881714, 0.2571289539337158, 0.25681450963020325, 0.2564549744129181, 0.25617241859436035, 0.2559952437877655]",33.0,"[33.0, 33.0, 33.0, 33.0, 33.0, 33.0, 33.0, 33.0, 33.0, 33.0, 33.0, 33.0, 33.0, 33.0, 33.0, 33.0, 33.0, 33.0, 33.0, 33.0, 33.0, 33.0, 33.0, 33.0, 33.0, 33.0, 33.0, 33.0, 33.0, 33.0, 33.0, 33.0, 33.0, 33.0, 33.0, 33.0, 33.0, 33.0, 33.0, 33.0, 33.0, 33.0, 33.0, 33.0, 33.0, 33.0, 33.0, 33.0, 33.0, 33.0, 33.0, 33.0, 33.0, 33.0, 33.0, 33.0, 33.0, 33.0, 33.0, 33.0, 33.0, 33.0, 33.0, 33.0, 33.0, 33.0, 33.0, 33.0, 33.0, 33.0, 33.0, 33.0, 33.0, 33.0, 33.0, 33.0, 33.0, 33.0, 33.0, 33.0, 33.0, 33.0, 33.0, 33.0, 33.0, 33.0, 33.0, 33.0, 33.0, 33.0, 33.0, 33.0, 33.0, 33.0, 33.0, 33.0, 33.0, 33.0, 33.0, 33.0, 33.0, 33.0, 33.0, 33.0, 33.0, 33.0, 33.0, 33.0, 33.0, 33.0, 33.0, 33.0, 33.0, 33.0, 33.0, 33.0, 33.0, 33.0, 33.0, 33.0, 33.0, 33.0, 33.0, 33.0, 33.0, 33.0, 33.0, 33.0, 33.0, 33.0, 33.0, 33.0, 33.0, 33.0, 33.0, 33.0, 33.0, 33.0, 33.0, 33.0, 33.0, 33.0, 33.0, 33.0, 33.0, 33.0, 33.0, 33.0, 33.0, 33.0, 33.0, 33.0, 33.0, 33.0, 33.0, 33.0, 33.0, 33.0, 33.0, 33.0, 33.0, 33.0, 33.0, 33.0, 33.0, 33.0, 33.0, 33.0, 33.0, 33.0, 33.0, 33.0, 33.0, 33.0, 33.0, 33.0, 33.0, 33.0, 33.0, 33.0, 33.0, 33.0, 33.0, 33.0, 33.0, 33.0, 33.0, 33.0, 33.0, 33.0, 33.0, 33.0, 33.0, 33.0, 33.0, 33.0, 33.0, 33.0, 33.0, 33.0, 33.0, 33.0, 33.0, 33.0, 33.0, 33.0, 33.0, 33.0, 33.0, 33.0, 33.0, 33.0, 33.0, 33.0, 33.0, 33.0, 33.0, 33.0, 33.0, 33.0, 33.0, 33.0, 33.0, 33.0, 33.0, 33.0, 33.0, 33.0, 33.0, 33.0, 33.0, 33.0, 33.0, 33.0, 33.0, 33.0, 33.0, 33.0, 33.0, 33.0, 33.0, 33.0, 33.0, 33.0, 33.0, 33.0, 33.0, 33.0, 33.0, 33.0, 33.0, 33.0, 33.0, 33.0, 33.0, 33.0, 33.0, 33.0, 33.0, 33.0]",COMPLETE
49,49,0.7037652484188017,2024-08-31 02:49:46.633441,2024-08-31 02:49:57.706694,0 days 00:00:11.073253,64,0.05798215642472114,3,105,0.016999772199630975,91,0.005646682246736996,0.867,0.86375,33,"[33, 33, 33, 33, 33, 33, 33, 33, 33, 33, 33, 33, 33, 33, 33, 33, 33, 33, 33, 33, 33, 33, 33, 33, 33, 33, 33, 33, 33, 33, 33, 33, 33, 33, 33, 33, 33, 33, 33, 33, 33, 33, 33, 33, 33, 33, 33, 33, 33, 33, 33, 33, 33, 33, 33, 33, 33, 33, 33, 33, 33, 33, 33, 33, 33, 33, 33, 33, 33, 33, 33, 33, 33, 33, 33, 33, 33, 33, 33, 33, 33, 33, 33, 33, 33, 33, 33, 33, 33, 33, 33, 33, 33, 33, 33, 33, 33, 33, 33, 33, 33, 33, 33, 33, 33]",32.96546310832025,"[32.968602825745684, 32.968602825745684, 32.97174254317112, 32.9701726844584, 32.968602825745684, 32.96389324960754, 32.9607535321821, 32.9701726844584, 32.967032967032964, 32.9701726844584, 32.96232339089482, 32.96232339089482, 32.96546310832025, 32.95761381475667, 32.94976452119309, 32.956043956043956, 32.96546310832025, 32.96546310832025, 32.95918367346939, 32.968602825745684, 32.96546310832025, 32.96546310832025, 32.96860282574568, 32.967032967032964, 32.96860282574568, 32.96546310832025, 32.96860282574568, 32.96389324960753, 32.9701726844584, 32.968602825745684, 32.96389324960754, 32.97174254317112, 32.97174254317111, 32.976452119309265, 32.976452119309265, 32.968602825745684, 32.97174254317112, 32.97174254317111, 32.97174254317111, 32.9701726844584, 32.97331240188383, 32.9701726844584, 32.968602825745684, 32.9701726844584, 32.9701726844584, 32.96546310832025, 32.96546310832025, 32.96232339089482, 32.9607535321821, 32.967032967032964, 32.96546310832025, 32.967032967032964, 32.96232339089482, 32.95918367346939, 32.96546310832025, 32.96389324960753, 32.96546310832025, 32.962323390894824, 32.96232339089482, 32.967032967032964, 32.967032967032964, 32.967032967032964, 32.96860282574568, 32.97331240188383, 32.974882260596544, 32.9701726844584, 32.96232339089482, 32.95761381475667, 32.95447409733124, 32.9607535321821, 32.96232339089482, 32.96546310832025, 32.96860282574568, 32.96546310832025, 32.96703296703297, 32.96389324960754, 32.96389324960754, 32.97174254317111, 32.968602825745684, 32.97645211930926, 32.9701726844584, 32.968602825745684, 32.968602825745684, 32.96389324960754, 32.97174254317112, 32.96546310832025, 32.9701726844584, 32.96389324960754, 32.962323390894824, 32.95761381475667, 32.956043956043956, 32.956043956043956, 32.954474097331236, 32.956043956043956, 32.954474097331236, 32.9607535321821, 32.954474097331236, 32.96232339089482, 32.96546310832025, 32.96389324960754, 32.96389324960753, 32.96389324960754, 32.9607535321821, 32.96546310832025, 32.96546310832025]",0.7373244495083349,0.7037652484188017,33,"[33, 33, 33, 33, 33, 33, 33, 33, 33, 33, 33, 33, 33, 33, 33, 33, 33, 33, 33, 33, 33, 33, 33, 33, 33, 33, 33, 33, 33, 33, 33, 33, 33, 33, 33, 33, 33, 33, 33, 33, 33, 33, 33, 33, 33, 33, 33, 33, 33, 33, 33, 33, 33, 33, 33, 33, 33, 33, 33, 33, 33, 33, 33, 33, 33, 33, 33, 33, 33, 33, 33, 33, 33, 33, 33, 33, 33, 33, 33, 33, 33, 33, 33, 33, 33, 33, 33, 33, 33, 33, 33, 33, 33, 33, 33, 33, 33, 33, 33, 33, 33, 33, 33, 33, 33]",105,"[0.4288525879383087, 0.41072407364845276, 0.4072240889072418, 0.4041895568370819, 0.4023851156234741, 0.40113598108291626, 0.3996484875679016, 0.3981083333492279, 0.397111177444458, 0.39622119069099426, 0.39529532194137573, 0.39442503452301025, 0.3934169113636017, 0.3927791118621826, 0.3920675218105316, 0.3913038969039917, 0.3905359208583832, 0.3898738622665405, 0.38993874192237854, 0.38810664415359497, 0.38742202520370483, 0.3868425786495209, 0.38597336411476135, 0.3853832483291626, 0.3848024010658264, 0.3843459188938141, 0.384182333946228, 0.3841035068035126, 0.38316553831100464, 0.3829877972602844, 0.3827345669269562, 0.38184764981269836, 0.3811819553375244, 0.3808821737766266, 0.3805234432220459, 0.38027727603912354, 0.37993621826171875, 0.37950119376182556, 0.37915709614753723, 0.3788878917694092, 0.3785182535648346, 0.3781295120716095, 0.37781932950019836, 0.3775782287120819, 0.3772197663784027, 0.3769375681877136, 0.3765934407711029, 0.37623873353004456, 0.3760371506214142, 0.3758210241794586, 0.375545859336853, 0.3753027617931366, 0.37504497170448303, 0.37474822998046875, 0.37488120794296265, 0.37463733553886414, 0.3740350008010864, 0.37376365065574646, 0.37357857823371887, 0.37353619933128357, 0.37326475977897644, 0.3729057312011719, 0.3727913796901703, 0.37255385518074036, 0.3723801076412201, 0.3722434937953949, 0.3721219599246979, 0.37172600626945496, 0.37155741453170776, 0.3715266287326813, 0.3711094558238983, 0.37093284726142883, 0.370840847492218, 0.3706111013889313, 0.37056586146354675, 0.3704937696456909, 0.3702777624130249, 0.3701587915420532, 0.37062036991119385, 0.36957159638404846, 0.36921870708465576, 0.36945006251335144, 0.369017094373703, 0.36890333890914917, 0.3687620162963867, 0.36861422657966614, 0.36863571405410767, 0.3683582544326782, 0.3683685064315796, 0.3683937191963196, 0.3683473467826843, 0.3681108057498932, 0.36792227625846863, 0.3676835894584656, 0.3675405979156494, 0.3675230145454407, 0.36732882261276245, 0.3671876788139343, 0.36695805191993713, 0.36680957674980164, 0.3666589856147766, 0.36670738458633423, 0.3664601147174835, 0.36623692512512207, 0.36609309911727905]",33.0,"[33.0, 33.0, 33.0, 33.0, 33.0, 33.0, 33.0, 33.0, 33.0, 33.0, 33.0, 33.0, 33.0, 33.0, 33.0, 33.0, 33.0, 33.0, 33.0, 33.0, 33.0, 33.0, 33.0, 33.0, 33.0, 33.0, 33.0, 33.0, 33.0, 33.0, 33.0, 33.0, 33.0, 33.0, 33.0, 33.0, 33.0, 33.0, 33.0, 33.0, 33.0, 33.0, 33.0, 33.0, 33.0, 33.0, 33.0, 33.0, 33.0, 33.0, 33.0, 33.0, 33.0, 33.0, 33.0, 33.0, 33.0, 33.0, 33.0, 33.0, 33.0, 33.0, 33.0, 33.0, 33.0, 33.0, 33.0, 33.0, 33.0, 33.0, 33.0, 33.0, 33.0, 33.0, 33.0, 33.0, 33.0, 33.0, 33.0, 33.0, 33.0, 33.0, 33.0, 33.0, 33.0, 33.0, 33.0, 33.0, 33.0, 33.0, 33.0, 33.0, 33.0, 33.0, 33.0, 33.0, 33.0, 33.0, 33.0, 33.0, 33.0, 33.0, 33.0, 33.0, 33.0]",COMPLETE
