,number,value,datetime_start,datetime_complete,duration,params_batch_size_scaler,params_constant_learning_rate,params_depth,params_epochs,params_kernel_l2,params_num_trees,params_temperature,user_attrs_accuracy_test,user_attrs_accuracy_valid,user_attrs_approximate_feature_sparsity,user_attrs_approximate_feature_sparsity_history,user_attrs_approximate_weight_sparsity,user_attrs_approximate_weight_sparsity_history,user_attrs_auc_test,user_attrs_auc_valid,user_attrs_feature_sparsity,user_attrs_feature_sparsity_history,user_attrs_num_epochs,user_attrs_val_loss_history,user_attrs_weight_sparsity,user_attrs_weight_sparsity_history,state
104,104,0.721438600559055,2024-08-31 05:03:06.540856,2024-08-31 05:04:16.927056,0 days 00:01:10.386200,16,0.015897896426386744,4,265,0.0021411157480398127,63,0.0025089211149597504,0.873,0.8675,33,"[33, 33, 33, 33, 33, 33, 33, 33, 33, 33, 33, 33, 33, 33, 33, 33, 33, 33, 33, 33, 33, 33, 33, 33, 33, 33, 33, 33, 33, 33, 33, 33, 33, 33, 33, 33, 33, 33, 33, 33, 33, 33, 33, 33, 33, 33, 33, 33, 33, 33, 33, 33, 33, 33, 33, 33, 33, 33, 33, 33, 33, 33, 33, 33, 33, 33, 33, 33, 33, 33, 33, 33, 33, 33, 33, 33, 33, 33, 33, 33, 33, 33, 33, 33, 33, 33, 33, 33, 33, 33, 33, 33, 33, 33, 33, 33, 33, 33, 33, 33, 33, 33, 33, 33, 33, 33, 33, 33, 33, 33, 33, 33, 33, 33, 33, 33, 33, 33, 33, 33, 33, 33, 33, 33, 33, 33, 33, 33, 33, 33, 33, 33, 33, 33, 33, 33, 33, 33, 33, 33, 33, 33, 33, 33, 33, 33, 33, 33, 33, 33, 33, 33, 33, 33, 33, 33, 33, 33, 33, 33, 33, 33, 33, 33, 33, 33, 33, 33, 33, 33, 33, 33, 33, 33, 33, 33, 33, 33, 33, 33, 33, 33, 33, 33, 33, 33, 33, 33, 33, 33, 33, 33, 33, 33, 33, 33, 33, 33, 33, 33, 33, 33, 33, 33, 33, 33, 33, 33, 33, 33, 33, 33, 33, 33, 33, 33, 33, 33, 33, 33, 33, 33, 33, 33, 33, 33, 33, 33, 33, 33, 33, 33, 33, 33, 33, 33, 33, 33, 33, 33, 33, 33, 33, 33, 33, 33, 33, 33, 33, 33, 33, 33, 33, 33, 33, 33, 33, 33, 33, 33, 33, 33, 33, 33, 33]",32.95873015873016,"[32.956613756613756, 32.956613756613756, 32.953439153439156, 32.953439153439156, 32.94814814814815, 32.95026455026455, 32.955555555555556, 32.954497354497356, 32.954497354497356, 32.953439153439156, 32.953439153439156, 32.953439153439156, 32.956613756613756, 32.956613756613756, 32.95978835978836, 32.96190476190476, 32.957671957671955, 32.96296296296296, 32.96296296296296, 32.96719576719577, 32.96719576719577, 32.96719576719577, 32.96084656084656, 32.96084656084656, 32.95978835978836, 32.96613756613757, 32.96190476190476, 32.96084656084656, 32.957671957671955, 32.95978835978836, 32.96190476190476, 32.96296296296296, 32.96402116402116, 32.96613756613757, 32.96296296296296, 32.96296296296296, 32.96402116402116, 32.96296296296296, 32.96084656084656, 32.95978835978836, 32.96190476190476, 32.955555555555556, 32.96084656084656, 32.96190476190476, 32.96084656084656, 32.96296296296296, 32.96296296296296, 32.96402116402116, 32.95978835978836, 32.956613756613756, 32.96402116402116, 32.96190476190476, 32.96296296296296, 32.95978835978836, 32.96190476190476, 32.95978835978836, 32.95873015873016, 32.96084656084656, 32.96296296296296, 32.956613756613756, 32.955555555555556, 32.957671957671955, 32.95026455026455, 32.957671957671955, 32.96084656084656, 32.95978835978836, 32.96084656084656, 32.96190476190476, 32.96084656084656, 32.96084656084656, 32.956613756613756, 32.956613756613756, 32.95767195767196, 32.958730158730155, 32.95873015873016, 32.954497354497356, 32.95343915343915, 32.954497354497356, 32.96296296296296, 32.95978835978836, 32.95767195767196, 32.95978835978836, 32.96084656084656, 32.96296296296296, 32.96190476190476, 32.95978835978836, 32.96190476190476, 32.95767195767196, 32.956613756613756, 32.96296296296296, 32.96613756613757, 32.96719576719577, 32.96825396825397, 32.96613756613757, 32.96719576719577, 32.96719576719577, 32.96719576719577, 32.96613756613756, 32.96507936507936, 32.96296296296296, 32.96190476190476, 32.96190476190476, 32.96296296296296, 32.96613756613756, 32.96507936507937, 32.96402116402116, 32.96507936507937, 32.96190476190476, 32.957671957671955, 32.956613756613756, 32.958730158730155, 32.96084656084656, 32.96613756613757, 32.97142857142857, 32.96931216931217, 32.96931216931217, 32.96825396825397, 32.96931216931217, 32.96719576719577, 32.96613756613757, 32.96825396825397, 32.96507936507936, 32.96613756613757, 32.96719576719577, 32.96507936507937, 32.96507936507937, 32.96296296296296, 32.96507936507936, 32.96296296296296, 32.95978835978836, 32.958730158730155, 32.96084656084656, 32.96507936507936, 32.96507936507936, 32.97037037037037, 32.973544973544975, 32.96931216931217, 32.96931216931217, 32.96931216931217, 32.96825396825397, 32.96825396825397, 32.97142857142857, 32.975661375661375, 32.977777777777774, 32.973544973544975, 32.97037037037037, 32.971428571428575, 32.97142857142857, 32.97037037037037, 32.96507936507936, 32.96719576719577, 32.96825396825397, 32.972486772486775, 32.972486772486775, 32.97037037037037, 32.96931216931217, 32.97037037037037, 32.97037037037037, 32.96719576719577, 32.96507936507936, 32.96613756613756, 32.96931216931217, 32.96931216931217, 32.96931216931217, 32.96613756613756, 32.96613756613757, 32.96507936507936, 32.96190476190476, 32.958730158730155, 32.95978835978836, 32.956613756613756, 32.955555555555556, 32.955555555555556, 32.95978835978836, 32.95978835978836, 32.96084656084656, 32.958730158730155, 32.96084656084656, 32.95978835978836, 32.96190476190476, 32.96190476190476, 32.96402116402117, 32.96296296296296, 32.96296296296296, 32.96296296296296, 32.96296296296296, 32.96190476190476, 32.96402116402116, 32.95978835978836, 32.957671957671955, 32.957671957671955, 32.956613756613756, 32.956613756613756, 32.96084656084656, 32.96402116402117, 32.96084656084656, 32.96084656084656, 32.957671957671955, 32.95767195767196, 32.96190476190476, 32.955555555555556, 32.95767195767196, 32.96190476190476, 32.96084656084656, 32.96084656084656, 32.957671957671955, 32.95873015873016, 32.96084656084656, 32.959788359788355, 32.96613756613756, 32.96507936507936, 32.96507936507936, 32.96507936507937, 32.96507936507936, 32.96190476190476, 32.96084656084656, 32.96190476190476, 32.96402116402116, 32.96402116402116, 32.957671957671955, 32.956613756613756, 32.958730158730155, 32.95873015873016, 32.96084656084656, 32.96084656084656, 32.96190476190476, 32.95978835978836, 32.95978835978836, 32.960846560846555, 32.96190476190476, 32.96296296296296, 32.96296296296296, 32.96296296296296, 32.96190476190476, 32.96402116402116, 32.96402116402116, 32.96507936507936, 32.96296296296296, 32.96296296296296, 32.96296296296296, 32.96296296296296, 32.96507936507936, 32.96825396825397, 32.96402116402116, 32.96931216931217, 32.96613756613756, 32.96402116402116, 32.96507936507936, 32.96825396825397, 32.96825396825397, 32.96931216931217, 32.96613756613757, 32.96296296296296, 32.96190476190476, 32.95978835978836, 32.96084656084656, 32.95978835978836, 32.95767195767196, 32.96190476190476, 32.95978835978836, 32.959788359788355, 32.960846560846555, 32.96190476190476, 32.95978835978836, 32.95873015873016]",0.7565121904903442,0.721438600559055,33,"[33, 33, 33, 33, 33, 33, 33, 33, 33, 33, 33, 33, 33, 33, 33, 33, 33, 33, 33, 33, 33, 33, 33, 33, 33, 33, 33, 33, 33, 33, 33, 33, 33, 33, 33, 33, 33, 33, 33, 33, 33, 33, 33, 33, 33, 33, 33, 33, 33, 33, 33, 33, 33, 33, 33, 33, 33, 33, 33, 33, 33, 33, 33, 33, 33, 33, 33, 33, 33, 33, 33, 33, 33, 33, 33, 33, 33, 33, 33, 33, 33, 33, 33, 33, 33, 33, 33, 33, 33, 33, 33, 33, 33, 33, 33, 33, 33, 33, 33, 33, 33, 33, 33, 33, 33, 33, 33, 33, 33, 33, 33, 33, 33, 33, 33, 33, 33, 33, 33, 33, 33, 33, 33, 33, 33, 33, 33, 33, 33, 33, 33, 33, 33, 33, 33, 33, 33, 33, 33, 33, 33, 33, 33, 33, 33, 33, 33, 33, 33, 33, 33, 33, 33, 33, 33, 33, 33, 33, 33, 33, 33, 33, 33, 33, 33, 33, 33, 33, 33, 33, 33, 33, 33, 33, 33, 33, 33, 33, 33, 33, 33, 33, 33, 33, 33, 33, 33, 33, 33, 33, 33, 33, 33, 33, 33, 33, 33, 33, 33, 33, 33, 33, 33, 33, 33, 33, 33, 33, 33, 33, 33, 33, 33, 33, 33, 33, 33, 33, 33, 33, 33, 33, 33, 33, 33, 33, 33, 33, 33, 33, 33, 33, 33, 33, 33, 33, 33, 33, 33, 33, 33, 33, 33, 33, 33, 33, 33, 33, 33, 33, 33, 33, 33, 33, 33, 33, 33, 33, 33, 33, 33, 33, 33, 33, 33]",265,"[0.5583202242851257, 0.47878172993659973, 0.4423026740550995, 0.42333197593688965, 0.4130370616912842, 0.40715712308883667, 0.4035150408744812, 0.40099862217903137, 0.3992050290107727, 0.39787307381629944, 0.39679422974586487, 0.3959207832813263, 0.39520400762557983, 0.3945888578891754, 0.39395418763160706, 0.39336588978767395, 0.3928479850292206, 0.3923259675502777, 0.39181312918663025, 0.39130809903144836, 0.39083415269851685, 0.39036741852760315, 0.3899052143096924, 0.38945114612579346, 0.3890253007411957, 0.38860663771629333, 0.38819485902786255, 0.3877902328968048, 0.3873875141143799, 0.3869851231575012, 0.38660141825675964, 0.3862120509147644, 0.3858402967453003, 0.3854772448539734, 0.385138601064682, 0.38479235768318176, 0.384475439786911, 0.38414180278778076, 0.3838050067424774, 0.3834843337535858, 0.3831700384616852, 0.38286566734313965, 0.3825686573982239, 0.38227975368499756, 0.3819860517978668, 0.38170239329338074, 0.38142454624176025, 0.3811626434326172, 0.3808711767196655, 0.38060179352760315, 0.38033851981163025, 0.3800904452800751, 0.37983638048171997, 0.37958958745002747, 0.37934955954551697, 0.3791167438030243, 0.37889567017555237, 0.37864917516708374, 0.3784164786338806, 0.37819385528564453, 0.3779650032520294, 0.37776944041252136, 0.37754061818122864, 0.37732842564582825, 0.3771096467971802, 0.3768986761569977, 0.37669894099235535, 0.3765099048614502, 0.376322478055954, 0.3761287033557892, 0.37593308091163635, 0.37576207518577576, 0.3755934536457062, 0.37541720271110535, 0.3752446472644806, 0.3750484585762024, 0.3748692572116852, 0.374714732170105, 0.3745327889919281, 0.37439683079719543, 0.37422454357147217, 0.37405455112457275, 0.37388691306114197, 0.37373965978622437, 0.37358492612838745, 0.3734378516674042, 0.3732786476612091, 0.3731279671192169, 0.3729919493198395, 0.3728255033493042, 0.3726806342601776, 0.3725352883338928, 0.3723972737789154, 0.3722437918186188, 0.3721027672290802, 0.37196338176727295, 0.37182343006134033, 0.3716866374015808, 0.3715606927871704, 0.3714473843574524, 0.37130892276763916, 0.3711753487586975, 0.3710327446460724, 0.370900422334671, 0.3707719147205353, 0.37063220143318176, 0.37052595615386963, 0.37039944529533386, 0.370268851518631, 0.3701505959033966, 0.3700321614742279, 0.3698999285697937, 0.3697901666164398, 0.36967259645462036, 0.3695829510688782, 0.36947518587112427, 0.36934468150138855, 0.3692382872104645, 0.3691483736038208, 0.3690156936645508, 0.36892250180244446, 0.36883193254470825, 0.36872950196266174, 0.3686211109161377, 0.3685096800327301, 0.3684116005897522, 0.36831238865852356, 0.36819496750831604, 0.3680926561355591, 0.3679816424846649, 0.36787497997283936, 0.3677975535392761, 0.3676956593990326, 0.3676154613494873, 0.36749905347824097, 0.3673880696296692, 0.36728763580322266, 0.36718735098838806, 0.3670860528945923, 0.3669755458831787, 0.36688369512557983, 0.36679717898368835, 0.3666997253894806, 0.36660346388816833, 0.36652547121047974, 0.3664170503616333, 0.3663201630115509, 0.36621883511543274, 0.3661153316497803, 0.36600345373153687, 0.36592811346054077, 0.3658285439014435, 0.3657514452934265, 0.3656695485115051, 0.3655772805213928, 0.3654871881008148, 0.36538928747177124, 0.3653150796890259, 0.36520248651504517, 0.36511489748954773, 0.3650367856025696, 0.36497002840042114, 0.3648768365383148, 0.36479419469833374, 0.3646985590457916, 0.364615797996521, 0.36452198028564453, 0.3644254207611084, 0.364340603351593, 0.3642548620700836, 0.3642050623893738, 0.3641030788421631, 0.36401471495628357, 0.36393263936042786, 0.36384522914886475, 0.3637523353099823, 0.36367207765579224, 0.36357957124710083, 0.36346831917762756, 0.36339136958122253, 0.36331799626350403, 0.3632402718067169, 0.36314088106155396, 0.363045871257782, 0.362962543964386, 0.36287468671798706, 0.36279070377349854, 0.36271828413009644, 0.36261600255966187, 0.36254191398620605, 0.362451434135437, 0.3623758554458618, 0.3623112738132477, 0.3622215986251831, 0.36214324831962585, 0.3620724081993103, 0.36198148131370544, 0.3618910610675812, 0.36181363463401794, 0.36172112822532654, 0.3616350591182709, 0.36155781149864197, 0.3614772856235504, 0.3614025413990021, 0.3613448441028595, 0.36126908659935, 0.36118441820144653, 0.36109820008277893, 0.3610474765300751, 0.36095133423805237, 0.3608829081058502, 0.3608083426952362, 0.36073988676071167, 0.36065125465393066, 0.3605605959892273, 0.36048179864883423, 0.3604072332382202, 0.3603186309337616, 0.36023467779159546, 0.3601471185684204, 0.3600819706916809, 0.3600052297115326, 0.3599168658256531, 0.35982999205589294, 0.3597530722618103, 0.3596487045288086, 0.35957372188568115, 0.35948804020881653, 0.35941562056541443, 0.35933738946914673, 0.359254390001297, 0.3591838777065277, 0.3591035008430481, 0.35903435945510864, 0.3589741885662079, 0.3588833510875702, 0.3587855398654938, 0.3587184250354767, 0.35863104462623596, 0.35854294896125793, 0.35847076773643494, 0.358391672372818, 0.35831230878829956, 0.358242392539978, 0.3581461012363434, 0.35807865858078003, 0.3579925298690796, 0.35790514945983887, 0.35782212018966675, 0.3577471077442169, 0.3576890528202057, 0.3576132655143738, 0.35754624009132385, 0.3574651777744293, 0.35739240050315857, 0.3573232591152191, 0.3572608232498169, 0.3571817874908447, 0.35711243748664856, 0.357025146484375, 0.35695624351501465, 0.35687047243118286, 0.35680168867111206, 0.356719434261322, 0.3566344380378723]",33.0,"[33.0, 33.0, 33.0, 33.0, 33.0, 33.0, 33.0, 33.0, 33.0, 33.0, 33.0, 33.0, 33.0, 33.0, 33.0, 33.0, 33.0, 33.0, 33.0, 33.0, 33.0, 33.0, 33.0, 33.0, 33.0, 33.0, 33.0, 33.0, 33.0, 33.0, 33.0, 33.0, 33.0, 33.0, 33.0, 33.0, 33.0, 33.0, 33.0, 33.0, 33.0, 33.0, 33.0, 33.0, 33.0, 33.0, 33.0, 33.0, 33.0, 33.0, 33.0, 33.0, 33.0, 33.0, 33.0, 33.0, 33.0, 33.0, 33.0, 33.0, 33.0, 33.0, 33.0, 33.0, 33.0, 33.0, 33.0, 33.0, 33.0, 33.0, 33.0, 33.0, 33.0, 33.0, 33.0, 33.0, 33.0, 33.0, 33.0, 33.0, 33.0, 33.0, 33.0, 33.0, 33.0, 33.0, 33.0, 33.0, 33.0, 33.0, 33.0, 33.0, 33.0, 33.0, 33.0, 33.0, 33.0, 33.0, 33.0, 33.0, 33.0, 33.0, 33.0, 33.0, 33.0, 33.0, 33.0, 33.0, 33.0, 33.0, 33.0, 33.0, 33.0, 33.0, 33.0, 33.0, 33.0, 33.0, 33.0, 33.0, 33.0, 33.0, 33.0, 33.0, 33.0, 33.0, 33.0, 33.0, 33.0, 33.0, 33.0, 33.0, 33.0, 33.0, 33.0, 33.0, 33.0, 33.0, 33.0, 33.0, 33.0, 33.0, 33.0, 33.0, 33.0, 33.0, 33.0, 33.0, 33.0, 33.0, 33.0, 33.0, 33.0, 33.0, 33.0, 33.0, 33.0, 33.0, 33.0, 33.0, 33.0, 33.0, 33.0, 33.0, 33.0, 33.0, 33.0, 33.0, 33.0, 33.0, 33.0, 33.0, 33.0, 33.0, 33.0, 33.0, 33.0, 33.0, 33.0, 33.0, 33.0, 33.0, 33.0, 33.0, 33.0, 33.0, 33.0, 33.0, 33.0, 33.0, 33.0, 33.0, 33.0, 33.0, 33.0, 33.0, 33.0, 33.0, 33.0, 33.0, 33.0, 33.0, 33.0, 33.0, 33.0, 33.0, 33.0, 33.0, 33.0, 33.0, 33.0, 33.0, 33.0, 33.0, 33.0, 33.0, 33.0, 33.0, 33.0, 33.0, 33.0, 33.0, 33.0, 33.0, 33.0, 33.0, 33.0, 33.0, 33.0, 33.0, 33.0, 33.0, 33.0, 33.0, 33.0, 33.0, 33.0, 33.0, 33.0, 33.0, 33.0, 33.0, 33.0, 33.0, 33.0, 33.0, 33.0, 33.0, 33.0, 33.0, 33.0, 33.0, 33.0, 33.0, 33.0, 33.0, 33.0, 33.0, 33.0, 33.0, 33.0, 33.0, 33.0, 33.0, 33.0]",COMPLETE
