,number,value,datetime_start,datetime_complete,duration,params_batch_size_scaler,params_constant_learning_rate,params_depth,params_epochs,params_kernel_l2,params_num_trees,params_temperature,user_attrs_accuracy_test,user_attrs_accuracy_valid,user_attrs_approximate_feature_sparsity,user_attrs_approximate_feature_sparsity_history,user_attrs_approximate_weight_sparsity,user_attrs_approximate_weight_sparsity_history,user_attrs_auc_test,user_attrs_auc_valid,user_attrs_feature_sparsity,user_attrs_feature_sparsity_history,user_attrs_num_epochs,user_attrs_val_loss_history,user_attrs_weight_sparsity,user_attrs_weight_sparsity_history,state
52,52,0.9335574705980858,2024-08-31 02:57:26.937027,2024-08-31 02:58:49.495337,0 days 00:01:22.558310,4,0.04426754106198106,1,405,0.004010158877832686,37,0.0011580749617411648,0.941,0.9425,33,"[33, 33, 33, 33, 33, 33, 33, 33, 33, 33, 33, 33, 33, 33, 33, 33, 33, 33, 33, 33, 33, 33, 33, 33, 33, 33, 33, 33, 33, 33, 33, 33, 33, 33, 33, 33, 33, 33, 33, 33, 33, 33, 33, 33, 33, 33, 33, 33, 33, 33, 33, 33, 33, 33, 33, 33, 33, 33, 33, 33, 33, 33, 33, 33, 33, 33, 33, 33, 33, 33, 33, 33, 33, 33, 33, 33, 33, 33, 33, 33, 33, 33, 33, 33, 33, 33, 33, 33, 33, 33, 33, 33, 33, 33, 33, 33, 33, 33, 33, 33, 33, 33, 33, 33, 33, 33, 33, 33, 33, 33, 33, 33, 33, 33, 33, 33, 33, 33, 33, 33, 33, 33, 33, 33, 33, 33, 33, 33, 33, 33, 33, 33, 33, 33, 33, 33, 33, 33, 33, 33, 33, 33, 33, 33, 33, 33, 33, 33, 33, 33, 33, 33, 33, 33, 33, 33, 33, 33, 33, 33, 33, 33, 33, 33, 33, 33, 33, 33, 33, 33, 33, 33, 33, 33, 33, 33, 33, 33, 33, 33, 33, 33, 33, 33, 33, 33, 33, 33, 33, 33, 33, 33, 33, 33, 33, 33, 33, 33, 33, 33, 33, 33, 33, 33, 33, 33, 33, 33, 33, 33, 33, 33, 33, 33, 33, 33, 33, 33, 33, 33, 33, 33, 33, 33, 33, 33, 33, 33, 33, 33, 33, 33, 33, 33, 33, 33, 33, 33, 33, 33, 33, 33, 33, 33, 33, 33, 33, 33, 33, 33, 33, 33, 33, 33, 33, 33, 33, 33, 33, 33, 33, 33, 33, 33, 33, 33, 33, 33, 33, 33, 33, 33, 33, 33, 33, 33, 33, 33, 33, 33, 33, 33, 33, 33, 33, 33, 33, 33, 33, 33, 33, 33, 33, 33, 33, 33, 33, 33, 33, 33, 33, 33, 33, 33, 33, 33, 33, 33, 33, 33, 33, 33, 33, 33, 33, 33, 33, 33, 33, 33, 33, 33, 33, 33, 33, 33, 33, 33, 33, 33, 33, 33, 33, 33, 33, 33, 33, 33, 33, 33, 33, 33, 33, 33, 33, 33, 33, 33, 33, 33, 33, 33, 33, 33, 33, 33, 33, 33, 33, 33, 33, 33, 33, 33, 33, 33, 33, 33, 33, 33, 33, 33, 33, 33, 33, 33, 33, 33, 33, 33, 33, 33, 33, 33, 33, 33, 33, 33, 33, 33, 33, 33, 33, 33, 33, 33, 33, 33, 33, 33, 33, 33, 33, 33, 33]",33.0,"[33.0, 33.0, 32.945945945945944, 33.0, 33.0, 32.97297297297297, 32.945945945945944, 32.97297297297297, 32.97297297297297, 32.97297297297297, 32.97297297297297, 32.945945945945944, 32.97297297297297, 32.97297297297297, 33.0, 33.0, 33.0, 33.0, 33.0, 32.97297297297297, 33.0, 32.97297297297297, 32.97297297297297, 33.0, 32.97297297297297, 33.0, 33.0, 33.0, 33.0, 33.0, 32.97297297297297, 32.97297297297297, 33.0, 33.0, 33.0, 33.0, 33.0, 32.97297297297297, 33.0, 33.0, 33.0, 33.0, 33.0, 33.0, 33.0, 32.97297297297297, 33.0, 33.0, 33.0, 33.0, 33.0, 33.0, 33.0, 33.0, 33.0, 33.0, 33.0, 33.0, 33.0, 32.97297297297297, 33.0, 33.0, 33.0, 33.0, 33.0, 33.0, 33.0, 32.97297297297297, 33.0, 33.0, 33.0, 33.0, 33.0, 33.0, 33.0, 33.0, 32.97297297297297, 33.0, 33.0, 33.0, 32.97297297297297, 33.0, 33.0, 32.97297297297297, 33.0, 33.0, 33.0, 33.0, 33.0, 33.0, 33.0, 33.0, 33.0, 33.0, 33.0, 33.0, 33.0, 33.0, 33.0, 33.0, 33.0, 32.97297297297297, 33.0, 33.0, 33.0, 32.97297297297297, 32.97297297297297, 33.0, 32.97297297297297, 32.97297297297297, 33.0, 32.91891891891892, 32.97297297297297, 33.0, 33.0, 32.945945945945944, 33.0, 33.0, 32.97297297297297, 33.0, 33.0, 33.0, 33.0, 33.0, 33.0, 32.97297297297297, 32.97297297297297, 32.97297297297297, 33.0, 32.945945945945944, 33.0, 33.0, 33.0, 33.0, 33.0, 33.0, 32.97297297297297, 33.0, 33.0, 33.0, 33.0, 33.0, 33.0, 32.97297297297297, 33.0, 33.0, 33.0, 33.0, 33.0, 33.0, 32.945945945945944, 32.97297297297297, 32.97297297297297, 32.97297297297297, 32.97297297297297, 33.0, 32.97297297297297, 33.0, 33.0, 33.0, 33.0, 32.97297297297297, 33.0, 33.0, 33.0, 33.0, 33.0, 32.97297297297297, 32.97297297297297, 33.0, 33.0, 33.0, 33.0, 33.0, 33.0, 32.97297297297297, 32.97297297297297, 33.0, 33.0, 32.97297297297297, 33.0, 32.97297297297297, 32.97297297297297, 33.0, 32.97297297297297, 33.0, 33.0, 33.0, 33.0, 33.0, 32.97297297297297, 33.0, 33.0, 32.97297297297297, 33.0, 33.0, 33.0, 33.0, 33.0, 33.0, 32.97297297297297, 32.97297297297297, 32.97297297297297, 32.945945945945944, 33.0, 33.0, 33.0, 33.0, 33.0, 33.0, 33.0, 33.0, 33.0, 33.0, 33.0, 32.97297297297297, 32.945945945945944, 32.97297297297297, 33.0, 33.0, 33.0, 33.0, 33.0, 33.0, 33.0, 33.0, 33.0, 33.0, 33.0, 33.0, 33.0, 33.0, 33.0, 33.0, 33.0, 33.0, 32.97297297297297, 33.0, 33.0, 33.0, 32.97297297297297, 33.0, 33.0, 33.0, 33.0, 33.0, 33.0, 33.0, 33.0, 33.0, 32.97297297297297, 32.97297297297297, 32.97297297297297, 33.0, 33.0, 33.0, 33.0, 33.0, 33.0, 33.0, 33.0, 33.0, 33.0, 33.0, 33.0, 33.0, 33.0, 33.0, 33.0, 33.0, 33.0, 33.0, 33.0, 32.97297297297297, 32.945945945945944, 32.97297297297297, 32.97297297297297, 32.97297297297297, 32.89189189189189, 32.945945945945944, 32.91891891891892, 32.91891891891892, 32.97297297297297, 32.945945945945944, 32.97297297297297, 32.945945945945944, 32.945945945945944, 32.945945945945944, 32.945945945945944, 32.945945945945944, 32.97297297297297, 32.945945945945944, 33.0, 33.0, 33.0, 32.945945945945944, 32.945945945945944, 33.0, 33.0, 32.945945945945944, 32.97297297297297, 32.945945945945944, 33.0, 33.0, 33.0, 32.97297297297297, 33.0, 33.0, 33.0, 32.945945945945944, 33.0, 32.97297297297297, 33.0, 33.0, 33.0, 33.0, 32.945945945945944, 32.97297297297297, 32.97297297297297, 33.0, 32.97297297297297, 33.0, 32.97297297297297, 33.0, 32.97297297297297, 32.97297297297297, 32.97297297297297, 33.0, 33.0, 33.0, 33.0, 33.0, 33.0, 33.0, 32.945945945945944, 32.97297297297297, 33.0, 33.0, 33.0, 32.97297297297297, 33.0, 33.0, 33.0, 33.0, 33.0, 33.0, 33.0, 33.0, 33.0, 33.0, 32.97297297297297, 33.0, 32.97297297297297, 32.945945945945944, 32.97297297297297, 32.945945945945944, 32.945945945945944, 32.945945945945944, 32.945945945945944, 33.0, 32.945945945945944, 32.945945945945944, 32.97297297297297, 32.945945945945944, 33.0, 33.0, 32.86486486486486, 32.945945945945944, 32.97297297297297, 32.97297297297297, 32.97297297297297, 33.0, 33.0, 32.97297297297297, 33.0, 32.945945945945944, 32.945945945945944, 33.0, 33.0, 33.0, 33.0, 33.0, 32.97297297297297, 33.0, 33.0, 33.0, 33.0, 33.0, 32.945945945945944, 32.97297297297297, 33.0, 33.0, 33.0, 33.0, 33.0, 33.0, 33.0, 33.0, 33.0, 33.0, 32.97297297297297, 33.0, 32.97297297297297, 32.97297297297297, 33.0]",0.9058116397922704,0.9335574705980858,33,"[33, 33, 33, 33, 33, 33, 33, 33, 33, 33, 33, 33, 33, 33, 33, 33, 33, 33, 33, 33, 33, 33, 33, 33, 33, 33, 33, 33, 33, 33, 33, 33, 33, 33, 33, 33, 33, 33, 33, 33, 33, 33, 33, 33, 33, 33, 33, 33, 33, 33, 33, 33, 33, 33, 33, 33, 33, 33, 33, 33, 33, 33, 33, 33, 33, 33, 33, 33, 33, 33, 33, 33, 33, 33, 33, 33, 33, 33, 33, 33, 33, 33, 33, 33, 33, 33, 33, 33, 33, 33, 33, 33, 33, 33, 33, 33, 33, 33, 33, 33, 33, 33, 33, 33, 33, 33, 33, 33, 33, 33, 33, 33, 33, 33, 33, 33, 33, 33, 33, 33, 33, 33, 33, 33, 33, 33, 33, 33, 33, 33, 33, 33, 33, 33, 33, 33, 33, 33, 33, 33, 33, 33, 33, 33, 33, 33, 33, 33, 33, 33, 33, 33, 33, 33, 33, 33, 33, 33, 33, 33, 33, 33, 33, 33, 33, 33, 33, 33, 33, 33, 33, 33, 33, 33, 33, 33, 33, 33, 33, 33, 33, 33, 33, 33, 33, 33, 33, 33, 33, 33, 33, 33, 33, 33, 33, 33, 33, 33, 33, 33, 33, 33, 33, 33, 33, 33, 33, 33, 33, 33, 33, 33, 33, 33, 33, 33, 33, 33, 33, 33, 33, 33, 33, 33, 33, 33, 33, 33, 33, 33, 33, 33, 33, 33, 33, 33, 33, 33, 33, 33, 33, 33, 33, 33, 33, 33, 33, 33, 33, 33, 33, 33, 33, 33, 33, 33, 33, 33, 33, 33, 33, 33, 33, 33, 33, 33, 33, 33, 33, 33, 33, 33, 33, 33, 33, 33, 33, 33, 33, 33, 33, 33, 33, 33, 33, 33, 33, 33, 33, 33, 33, 33, 33, 33, 33, 33, 33, 33, 33, 33, 33, 33, 33, 33, 33, 33, 33, 33, 33, 33, 33, 33, 33, 33, 33, 33, 33, 33, 33, 33, 33, 33, 33, 33, 33, 33, 33, 33, 33, 33, 33, 33, 33, 33, 33, 33, 33, 33, 33, 33, 33, 33, 33, 33, 33, 33, 33, 33, 33, 33, 33, 33, 33, 33, 33, 33, 33, 33, 33, 33, 33, 33, 33, 33, 33, 33, 33, 33, 33, 33, 33, 33, 33, 33, 33, 33, 33, 33, 33, 33, 33, 33, 33, 33, 33, 33, 33, 33, 33, 33, 33, 33, 33, 33, 33, 33, 33, 33, 33, 33, 33, 33, 33, 33, 33]",405,"[0.3992586135864258, 0.38733428716659546, 0.38053229451179504, 0.3764592111110687, 0.3746541738510132, 0.3698675036430359, 0.3676230311393738, 0.36571887135505676, 0.3639620542526245, 0.3620257079601288, 0.3602214455604553, 0.36103665828704834, 0.3573330044746399, 0.355224609375, 0.35474684834480286, 0.3542692959308624, 0.35190707445144653, 0.35084789991378784, 0.3487679958343506, 0.34622856974601746, 0.34796619415283203, 0.34386947751045227, 0.3422516882419586, 0.3411955237388611, 0.3403904438018799, 0.33921298384666443, 0.33772650361061096, 0.33973750472068787, 0.33568114042282104, 0.3347097635269165, 0.33363574743270874, 0.33290305733680725, 0.3327113687992096, 0.33165791630744934, 0.3304469585418701, 0.330206036567688, 0.3281485438346863, 0.3275352120399475, 0.3268476128578186, 0.3273584842681885, 0.32669153809547424, 0.3258950114250183, 0.32395365834236145, 0.3230589032173157, 0.32295817136764526, 0.3221854269504547, 0.32134151458740234, 0.32140958309173584, 0.32063353061676025, 0.3187279999256134, 0.32054829597473145, 0.3169950842857361, 0.3192276954650879, 0.3154200315475464, 0.31508296728134155, 0.31540805101394653, 0.3122943639755249, 0.3113955557346344, 0.31053057312965393, 0.3091764748096466, 0.3088828921318054, 0.3065052926540375, 0.30701082944869995, 0.3039606213569641, 0.3027437925338745, 0.3007442057132721, 0.2991640567779541, 0.2976856529712677, 0.2956213355064392, 0.2944868803024292, 0.29198846220970154, 0.2905014455318451, 0.28985926508903503, 0.2875613868236542, 0.28644636273384094, 0.28452110290527344, 0.2826494872570038, 0.28180667757987976, 0.2804777920246124, 0.27849096059799194, 0.27643364667892456, 0.2751538157463074, 0.2739904820919037, 0.2731989920139313, 0.2704906165599823, 0.2690070569515228, 0.2676832675933838, 0.2667725086212158, 0.2685833275318146, 0.26974859833717346, 0.26474496722221375, 0.26158666610717773, 0.26043689250946045, 0.26017242670059204, 0.25996312499046326, 0.2582167983055115, 0.2573173940181732, 0.2557962238788605, 0.2566322982311249, 0.2552860379219055, 0.2534160315990448, 0.2523168921470642, 0.25215065479278564, 0.2513611912727356, 0.25050491094589233, 0.24947120249271393, 0.24845285713672638, 0.2478519082069397, 0.24707257747650146, 0.24683025479316711, 0.2465558797121048, 0.2510198652744293, 0.24802935123443604, 0.24480895698070526, 0.2447732537984848, 0.24388694763183594, 0.24318581819534302, 0.24272140860557556, 0.242368683218956, 0.24319912493228912, 0.24471956491470337, 0.24067670106887817, 0.24153870344161987, 0.23985250294208527, 0.23966892063617706, 0.23905596137046814, 0.23909391462802887, 0.23888510465621948, 0.23818518221378326, 0.23937095701694489, 0.23736733198165894, 0.2374492585659027, 0.2365863025188446, 0.2373284101486206, 0.23642654716968536, 0.23581987619400024, 0.23583754897117615, 0.2368280440568924, 0.2350199818611145, 0.2362722009420395, 0.23646795749664307, 0.23644836246967316, 0.2340841293334961, 0.23317700624465942, 0.2333148717880249, 0.23453427851200104, 0.23311351239681244, 0.2329876571893692, 0.23244361579418182, 0.23210102319717407, 0.23225395381450653, 0.23223692178726196, 0.23153027892112732, 0.2329365313053131, 0.2311105728149414, 0.2330223023891449, 0.2302224338054657, 0.23227141797542572, 0.23018299043178558, 0.23151355981826782, 0.23070617020130157, 0.23000885546207428, 0.2300616055727005, 0.23022425174713135, 0.23059338331222534, 0.2293970137834549, 0.23149096965789795, 0.22845177352428436, 0.23071281611919403, 0.23077240586280823, 0.22813276946544647, 0.2274233102798462, 0.2286820411682129, 0.22668008506298065, 0.2265337109565735, 0.22694239020347595, 0.22684837877750397, 0.2273370623588562, 0.2265302687883377, 0.22637559473514557, 0.22688835859298706, 0.22539302706718445, 0.22598689794540405, 0.22760751843452454, 0.22461740672588348, 0.22458846867084503, 0.22489112615585327, 0.22595162689685822, 0.22608456015586853, 0.22420674562454224, 0.22447246313095093, 0.22404049336910248, 0.22329972684383392, 0.2236323356628418, 0.2245616763830185, 0.22252780199050903, 0.22291859984397888, 0.22263522446155548, 0.22238703072071075, 0.22323675453662872, 0.2237648069858551, 0.2225903868675232, 0.22141093015670776, 0.22223031520843506, 0.22153227031230927, 0.22119827568531036, 0.22087900340557098, 0.22102655470371246, 0.2209351658821106, 0.2219492346048355, 0.21998363733291626, 0.22070054709911346, 0.22025427222251892, 0.21975208818912506, 0.22026854753494263, 0.21950171887874603, 0.22120781242847443, 0.2204587310552597, 0.2190946787595749, 0.21880951523780823, 0.22017988562583923, 0.21955209970474243, 0.21791289746761322, 0.21817277371883392, 0.2186344861984253, 0.21831098198890686, 0.217382550239563, 0.21847504377365112, 0.2183467149734497, 0.21738728880882263, 0.21887290477752686, 0.2190728634595871, 0.21753309667110443, 0.2168671041727066, 0.21632583439350128, 0.21600769460201263, 0.21646198630332947, 0.21885639429092407, 0.21564193069934845, 0.2163287103176117, 0.2167040854692459, 0.21527642011642456, 0.21858921647071838, 0.21791739761829376, 0.21762822568416595, 0.22133031487464905, 0.21791210770606995, 0.21487480401992798, 0.2138170748949051, 0.21694804728031158, 0.21425600349903107, 0.21415285766124725, 0.21759873628616333, 0.21326853334903717, 0.2155192792415619, 0.21382610499858856, 0.21356433629989624, 0.21367718279361725, 0.21286946535110474, 0.21315602958202362, 0.21247120201587677, 0.212776780128479, 0.21164001524448395, 0.21151793003082275, 0.21178101003170013, 0.2123873382806778, 0.21212030947208405, 0.21435469388961792, 0.21219943463802338, 0.21278780698776245, 0.2115311622619629, 0.20937645435333252, 0.21307304501533508, 0.21314243972301483, 0.2104564607143402, 0.20938639342784882, 0.2109609991312027, 0.21013498306274414, 0.2107301503419876, 0.20891831815242767, 0.20834849774837494, 0.20867076516151428, 0.20837266743183136, 0.21352459490299225, 0.2090354561805725, 0.20836518704891205, 0.21002021431922913, 0.20843780040740967, 0.20794378221035004, 0.20876353979110718, 0.20685701072216034, 0.2069236934185028, 0.20663991570472717, 0.20846953988075256, 0.20674380660057068, 0.20897796750068665, 0.2074059247970581, 0.20744840800762177, 0.20699863135814667, 0.20545236766338348, 0.20553024113178253, 0.20804809033870697, 0.2055951952934265, 0.2073054164648056, 0.20808027684688568, 0.204945370554924, 0.20580941438674927, 0.20604616403579712, 0.20528961718082428, 0.20953260362148285, 0.20441213250160217, 0.20444203913211823, 0.2049739807844162, 0.2061663419008255, 0.2042594850063324, 0.20508205890655518, 0.20874641835689545, 0.2040327787399292, 0.2084527462720871, 0.20650169253349304, 0.2033001333475113, 0.20291076600551605, 0.2053811252117157, 0.205040842294693, 0.20448720455169678, 0.20417439937591553, 0.20495034754276276, 0.20387081801891327, 0.2024601697921753, 0.20426499843597412, 0.20260322093963623, 0.2025604099035263, 0.2030007541179657, 0.20193582773208618, 0.20245149731636047, 0.2013530284166336, 0.20087623596191406, 0.20218156278133392, 0.20189890265464783, 0.2034824937582016, 0.2024274468421936, 0.20187199115753174, 0.20187704265117645, 0.20137916505336761, 0.20105881989002228, 0.2006128877401352, 0.20045343041419983, 0.20114454627037048, 0.20037241280078888, 0.20057237148284912, 0.20145437121391296, 0.20090067386627197, 0.20037546753883362, 0.20235273241996765, 0.20090578496456146, 0.2033444344997406, 0.2021574229001999, 0.2027907371520996, 0.2037968784570694, 0.1993536800146103, 0.20026110112667084, 0.19896826148033142, 0.20110367238521576, 0.19933775067329407, 0.20111466944217682, 0.2002052664756775, 0.2003471702337265, 0.19918188452720642, 0.200652614235878, 0.19944468140602112, 0.19937558472156525, 0.2003856897354126, 0.19896791875362396, 0.20020370185375214, 0.19850166141986847, 0.19707843661308289, 0.19800975918769836, 0.19875885546207428, 0.1982463300228119, 0.1984310895204544, 0.19858764111995697, 0.19854451715946198, 0.20063237845897675, 0.19789063930511475, 0.19799363613128662, 0.20007385313510895, 0.19744212925434113, 0.1974974423646927, 0.19771212339401245, 0.19790348410606384, 0.19856876134872437, 0.19888457655906677, 0.20020198822021484, 0.19811604917049408, 0.1967882364988327, 0.19979287683963776, 0.19784758985042572, 0.198676198720932, 0.19866696000099182, 0.1971273571252823, 0.2052823007106781, 0.19787169992923737, 0.19793552160263062, 0.19675086438655853, 0.19802534580230713]",33.0,"[33.0, 33.0, 33.0, 33.0, 33.0, 33.0, 33.0, 33.0, 33.0, 33.0, 33.0, 33.0, 33.0, 33.0, 33.0, 33.0, 33.0, 33.0, 33.0, 33.0, 33.0, 33.0, 33.0, 33.0, 33.0, 33.0, 33.0, 33.0, 33.0, 33.0, 33.0, 33.0, 33.0, 33.0, 33.0, 33.0, 33.0, 33.0, 33.0, 33.0, 33.0, 33.0, 33.0, 33.0, 33.0, 33.0, 33.0, 33.0, 33.0, 33.0, 33.0, 33.0, 33.0, 33.0, 33.0, 33.0, 33.0, 33.0, 33.0, 33.0, 33.0, 33.0, 33.0, 33.0, 33.0, 33.0, 33.0, 33.0, 33.0, 33.0, 33.0, 33.0, 33.0, 33.0, 33.0, 33.0, 33.0, 33.0, 33.0, 33.0, 33.0, 33.0, 33.0, 33.0, 33.0, 33.0, 33.0, 33.0, 33.0, 33.0, 33.0, 33.0, 33.0, 33.0, 33.0, 33.0, 33.0, 33.0, 33.0, 33.0, 33.0, 33.0, 33.0, 33.0, 33.0, 33.0, 33.0, 33.0, 33.0, 33.0, 33.0, 33.0, 33.0, 33.0, 33.0, 33.0, 33.0, 33.0, 33.0, 33.0, 33.0, 33.0, 33.0, 33.0, 33.0, 33.0, 33.0, 33.0, 33.0, 33.0, 33.0, 33.0, 33.0, 33.0, 33.0, 33.0, 33.0, 33.0, 33.0, 33.0, 33.0, 33.0, 33.0, 33.0, 33.0, 33.0, 33.0, 33.0, 33.0, 33.0, 33.0, 33.0, 33.0, 33.0, 33.0, 33.0, 33.0, 33.0, 33.0, 33.0, 33.0, 33.0, 33.0, 33.0, 33.0, 33.0, 33.0, 33.0, 33.0, 33.0, 33.0, 33.0, 33.0, 33.0, 33.0, 33.0, 33.0, 33.0, 33.0, 33.0, 33.0, 33.0, 33.0, 33.0, 33.0, 33.0, 33.0, 33.0, 33.0, 33.0, 33.0, 33.0, 33.0, 33.0, 33.0, 33.0, 33.0, 33.0, 33.0, 33.0, 33.0, 33.0, 33.0, 33.0, 33.0, 33.0, 33.0, 33.0, 33.0, 33.0, 33.0, 33.0, 33.0, 33.0, 33.0, 33.0, 33.0, 33.0, 33.0, 33.0, 33.0, 33.0, 33.0, 33.0, 33.0, 33.0, 33.0, 33.0, 33.0, 33.0, 33.0, 33.0, 33.0, 33.0, 33.0, 33.0, 33.0, 33.0, 33.0, 33.0, 33.0, 33.0, 33.0, 33.0, 33.0, 33.0, 33.0, 33.0, 33.0, 33.0, 33.0, 33.0, 33.0, 33.0, 33.0, 33.0, 33.0, 33.0, 33.0, 33.0, 33.0, 33.0, 33.0, 33.0, 33.0, 33.0, 33.0, 33.0, 33.0, 33.0, 33.0, 33.0, 33.0, 33.0, 33.0, 33.0, 33.0, 33.0, 33.0, 33.0, 33.0, 33.0, 33.0, 33.0, 33.0, 33.0, 33.0, 33.0, 33.0, 33.0, 33.0, 33.0, 33.0, 33.0, 33.0, 33.0, 33.0, 33.0, 33.0, 33.0, 33.0, 33.0, 33.0, 33.0, 33.0, 33.0, 33.0, 33.0, 33.0, 33.0, 33.0, 33.0, 33.0, 33.0, 33.0, 33.0, 33.0, 33.0, 33.0, 33.0, 33.0, 33.0, 33.0, 33.0, 33.0, 33.0, 33.0, 33.0, 33.0, 33.0, 33.0, 33.0, 33.0, 33.0, 33.0, 33.0, 33.0, 33.0, 33.0, 33.0, 33.0, 33.0, 33.0, 33.0, 33.0, 33.0, 33.0, 33.0, 33.0, 33.0, 33.0, 33.0, 33.0, 33.0, 33.0, 33.0, 33.0, 33.0, 33.0, 33.0, 33.0, 33.0, 33.0, 33.0, 33.0, 33.0, 33.0, 33.0, 33.0, 33.0, 33.0, 33.0, 33.0, 33.0, 33.0, 33.0, 33.0, 33.0, 33.0, 33.0, 33.0, 33.0, 33.0, 33.0, 33.0, 33.0, 33.0, 33.0, 33.0, 33.0, 33.0, 33.0, 33.0, 33.0, 33.0, 33.0, 33.0, 33.0, 33.0, 33.0, 33.0, 33.0, 33.0, 33.0, 33.0]",COMPLETE
