,number,value,datetime_start,datetime_complete,duration,params_batch_size_scaler,params_constant_learning_rate,params_depth,params_epochs,params_kernel_l2,params_num_trees,params_temperature,user_attrs_accuracy_test,user_attrs_accuracy_valid,user_attrs_approximate_feature_sparsity,user_attrs_approximate_feature_sparsity_history,user_attrs_approximate_weight_sparsity,user_attrs_approximate_weight_sparsity_history,user_attrs_auc_test,user_attrs_auc_valid,user_attrs_feature_sparsity,user_attrs_feature_sparsity_history,user_attrs_num_epochs,user_attrs_val_loss_history,user_attrs_weight_sparsity,user_attrs_weight_sparsity_history,state
5,5,0.9236773969161804,2024-08-31 00:41:04.201607,2024-08-31 00:52:09.810880,0 days 00:11:05.609273,1,0.02159540917294389,6,320,0.2818257087401202,26,0.004991671401359758,0.935,0.94,33,"[33, 33, 33, 33, 33, 33, 33, 33, 33, 33, 33, 33, 33, 33, 33, 33, 33, 33, 33, 33, 33, 33, 33, 33, 33, 33, 33, 33, 33, 33, 33, 33, 33, 33, 33, 33, 33, 33, 33, 33, 33, 33, 33, 33, 33, 33, 33, 33, 33, 33, 33, 33, 33, 33, 33, 33, 33, 33, 33, 33, 33, 33, 33, 33, 33, 33, 33, 33, 33, 33, 33, 33, 33, 33, 33, 33, 33, 33, 33, 33, 33, 33, 33, 33, 33, 33, 33, 33, 33, 33, 33, 33, 33, 33, 33, 33, 33, 33, 33, 33, 33, 33, 33, 33, 33, 33, 33, 33, 33, 33, 33, 33, 33, 33, 33, 33, 33, 33, 33, 33, 33, 33, 33, 33, 33, 33, 33, 33, 33, 33, 33, 33, 33, 33, 33, 33, 33, 33, 33, 33, 33, 33, 33, 33, 33, 33, 33, 33, 33, 33, 33, 33, 33, 33, 33, 33, 33, 33, 33, 33, 33, 33, 33, 33, 33, 33, 33, 33, 33, 33, 33, 33, 33, 33, 33, 33, 33, 33, 33, 33, 33, 33, 33, 33, 33, 33, 33, 33, 33, 33, 33, 33, 33, 33, 33, 33, 33, 33, 33, 33, 33, 33, 33, 33, 33, 33, 33, 33, 33, 33, 33, 33, 33, 33, 33, 33, 33, 33, 33, 33, 33, 33, 33, 33, 33, 33, 33, 33, 33, 33, 33, 33, 33, 33, 33, 33, 33, 33, 33, 33, 33, 33, 33, 33, 33, 33, 33, 33, 33, 33, 33, 33, 33, 33, 33, 33, 33, 33, 33, 33, 33, 33, 33, 33, 33, 33, 33, 33, 33, 33, 33, 33, 33, 33, 33, 33, 33, 33, 33, 33, 33, 33, 33, 33, 33, 33, 33, 33, 33, 33, 33, 33, 33, 33, 33, 33, 33, 33, 33, 33, 33, 33, 33, 33, 33, 33, 33, 33, 33, 33, 33, 33, 33, 33, 33, 33, 33, 33, 33, 33]",32.92490842490842,"[32.94627594627595, 32.94444444444444, 32.94566544566545, 32.94444444444444, 32.94932844932845, 32.94261294261294, 32.934065934065934, 32.93467643467643, 32.947496947496944, 32.94200244200244, 32.94810744810745, 32.943223443223445, 32.93956043956044, 32.943223443223445, 32.94505494505495, 32.943833943833944, 32.93650793650794, 32.933455433455435, 32.93528693528694, 32.94200244200245, 32.949938949938954, 32.94871794871795, 32.943833943833944, 32.95054945054945, 32.943223443223445, 32.95115995115995, 32.94749694749695, 32.93650793650794, 32.940781440781436, 32.94078144078144, 32.930402930402934, 32.93284493284494, 32.940781440781436, 32.943833943833944, 32.93589743589743, 32.93467643467643, 32.940781440781436, 32.94200244200245, 32.937118437118436, 32.943223443223445, 32.93956043956044, 32.93956043956044, 32.94200244200244, 32.937728937728934, 32.94017094017094, 32.93956043956044, 32.94200244200245, 32.943833943833944, 32.94200244200244, 32.937728937728934, 32.93833943833944, 32.93833943833944, 32.940170940170944, 32.94688644688645, 32.94627594627595, 32.949938949938954, 32.937728937728934, 32.94871794871795, 32.94871794871795, 32.94139194139194, 32.943223443223445, 32.94505494505495, 32.94810744810745, 32.934065934065934, 32.93650793650794, 32.94200244200244, 32.937118437118436, 32.93528693528694, 32.94444444444444, 32.940170940170944, 32.942612942612946, 32.94261294261294, 32.95054945054945, 32.947496947496944, 32.94139194139194, 32.93833943833944, 32.93467643467643, 32.93467643467643, 32.93833943833944, 32.94139194139194, 32.943223443223445, 32.94261294261294, 32.94200244200244, 32.94139194139194, 32.93956043956044, 32.94200244200244, 32.946886446886445, 32.94078144078144, 32.95238095238095, 32.943833943833944, 32.94688644688645, 32.93589743589744, 32.934065934065934, 32.937118437118436, 32.93589743589744, 32.93467643467643, 32.934065934065934, 32.93650793650794, 32.93956043956044, 32.937728937728934, 32.94444444444444, 32.94200244200245, 32.94444444444444, 32.94139194139194, 32.93956043956044, 32.943833943833944, 32.94566544566544, 32.94871794871795, 32.94200244200245, 32.943223443223445, 32.93833943833944, 32.94017094017094, 32.93467643467643, 32.93833943833944, 32.93284493284493, 32.927960927960925, 32.93284493284493, 32.93284493284493, 32.93589743589744, 32.93101343101343, 32.923687423687426, 32.934065934065934, 32.93650793650794, 32.93467643467643, 32.93467643467643, 32.92857142857143, 32.93162393162393, 32.93162393162393, 32.92857142857143, 32.930402930402934, 32.93589743589743, 32.94139194139194, 32.93650793650794, 32.937118437118436, 32.93101343101343, 32.92551892551893, 32.92979242979243, 32.927350427350426, 32.930402930402934, 32.92979242979243, 32.934065934065934, 32.940170940170944, 32.94505494505495, 32.94200244200245, 32.94688644688645, 32.946886446886445, 32.94444444444444, 32.94261294261294, 32.94566544566545, 32.94444444444444, 32.94444444444444, 32.94627594627595, 32.943833943833944, 32.94139194139194, 32.94444444444444, 32.94627594627595, 32.943833943833944, 32.943223443223445, 32.94200244200245, 32.93589743589744, 32.94444444444444, 32.940170940170944, 32.94444444444444, 32.942612942612946, 32.93772893772894, 32.93284493284494, 32.94139194139194, 32.940170940170944, 32.94200244200244, 32.94200244200244, 32.93162393162393, 32.93589743589744, 32.93528693528694, 32.93467643467643, 32.93223443223443, 32.92490842490842, 32.92490842490842, 32.92735042735043, 32.91941391941392, 32.924297924297925, 32.927350427350426, 32.92246642246642, 32.927960927960925, 32.92307692307693, 32.92796092796093, 32.934065934065934, 32.92857142857143, 32.92857142857143, 32.93650793650794, 32.93040293040293, 32.92857142857143, 32.920634920634924, 32.923687423687426, 32.92673992673993, 32.92979242979243, 32.93589743589744, 32.937728937728934, 32.93467643467643, 32.927960927960925, 32.92185592185592, 32.92490842490842, 32.924297924297925, 32.91880341880342, 32.92551892551893, 32.93162393162393, 32.92124542124542, 32.920634920634924, 32.918192918192915, 32.924297924297925, 32.92307692307692, 32.92246642246642, 32.91636141636142, 32.92857142857143, 32.930402930402934, 32.927350427350426, 32.92612942612943, 32.924297924297925, 32.923687423687426, 32.927350427350426, 32.93223443223443, 32.92673992673993, 32.927960927960925, 32.93162393162393, 32.933455433455435, 32.933455433455435, 32.93101343101343, 32.93284493284494, 32.92673992673993, 32.92490842490842, 32.92002442002442, 32.92551892551893, 32.92857142857143, 32.92979242979243, 32.93650793650794, 32.93040293040293, 32.93101343101343, 32.92857142857143, 32.92979242979243, 32.93162393162393, 32.92857142857143, 32.92918192918193, 32.927350427350426, 32.92612942612943, 32.927350427350426, 32.92185592185592, 32.923687423687426, 32.927960927960925, 32.92857142857143, 32.92735042735043, 32.92612942612942, 32.927960927960925, 32.930402930402934, 32.93162393162393, 32.92673992673993, 32.92979242979243, 32.933455433455435, 32.93284493284493, 32.933455433455435, 32.93284493284493, 32.937728937728934, 32.933455433455435, 32.93528693528694, 32.92918192918193, 32.93528693528694, 32.93650793650794, 32.94139194139194, 32.93650793650794, 32.937118437118436, 32.93956043956044, 32.94139194139194, 32.943833943833944, 32.94200244200244, 32.92979242979243, 32.927960927960925, 32.931013431013426, 32.92918192918193, 32.92857142857143, 32.92857142857143, 32.92918192918193, 32.92612942612943, 32.92857142857143, 32.930402930402934, 32.92918192918193, 32.924297924297925, 32.92307692307692, 32.92002442002442, 32.92124542124542, 32.92185592185592, 32.92490842490842, 32.92857142857143, 32.93223443223443, 32.93528693528694, 32.93772893772894, 32.934065934065934, 32.927960927960925, 32.92551892551892, 32.92551892551892, 32.92673992673993, 32.92307692307693, 32.91697191697192, 32.91575091575092, 32.92246642246642, 32.921245421245416, 32.92185592185592, 32.92246642246642, 32.91697191697192, 32.915140415140414, 32.91636141636142, 32.918192918192915, 32.920634920634924, 32.91758241758242, 32.920634920634924, 32.920634920634924, 32.92490842490842, 32.92307692307693, 32.91941391941392, 32.91941391941392, 32.91636141636141, 32.92307692307692, 32.92490842490842]",0.9082307482723603,0.9236773969161804,33,"[33, 33, 33, 33, 33, 33, 33, 33, 33, 33, 33, 33, 33, 33, 33, 33, 33, 33, 33, 33, 33, 33, 33, 33, 33, 33, 33, 33, 33, 33, 33, 33, 33, 33, 33, 33, 33, 33, 33, 33, 33, 33, 33, 33, 33, 33, 33, 33, 33, 33, 33, 33, 33, 33, 33, 33, 33, 33, 33, 33, 33, 33, 33, 33, 33, 33, 33, 33, 33, 33, 33, 33, 33, 33, 33, 33, 33, 33, 33, 33, 33, 33, 33, 33, 33, 33, 33, 33, 33, 33, 33, 33, 33, 33, 33, 33, 33, 33, 33, 33, 33, 33, 33, 33, 33, 33, 33, 33, 33, 33, 33, 33, 33, 33, 33, 33, 33, 33, 33, 33, 33, 33, 33, 33, 33, 33, 33, 33, 33, 33, 33, 33, 33, 33, 33, 33, 33, 33, 33, 33, 33, 33, 33, 33, 33, 33, 33, 33, 33, 33, 33, 33, 33, 33, 33, 33, 33, 33, 33, 33, 33, 33, 33, 33, 33, 33, 33, 33, 33, 33, 33, 33, 33, 33, 33, 33, 33, 33, 33, 33, 33, 33, 33, 33, 33, 33, 33, 33, 33, 33, 33, 33, 33, 33, 33, 33, 33, 33, 33, 33, 33, 33, 33, 33, 33, 33, 33, 33, 33, 33, 33, 33, 33, 33, 33, 33, 33, 33, 33, 33, 33, 33, 33, 33, 33, 33, 33, 33, 33, 33, 33, 33, 33, 33, 33, 33, 33, 33, 33, 33, 33, 33, 33, 33, 33, 33, 33, 33, 33, 33, 33, 33, 33, 33, 33, 33, 33, 33, 33, 33, 33, 33, 33, 33, 33, 33, 33, 33, 33, 33, 33, 33, 33, 33, 33, 33, 33, 33, 33, 33, 33, 33, 33, 33, 33, 33, 33, 33, 33, 33, 33, 33, 33, 33, 33, 33, 33, 33, 33, 33, 33, 33, 33, 33, 33, 33, 33, 33, 33, 33, 33, 33, 33, 33, 33, 33, 33, 33, 33, 33]",320,"[0.4529281258583069, 0.4154297709465027, 0.4044945538043976, 0.399122416973114, 0.39545899629592896, 0.392562597990036, 0.3901559114456177, 0.38805171847343445, 0.38622036576271057, 0.3846017122268677, 0.3831157982349396, 0.3817600607872009, 0.3805086612701416, 0.3793584406375885, 0.3783148229122162, 0.37733569741249084, 0.37639954686164856, 0.3754590153694153, 0.37455543875694275, 0.3737104535102844, 0.3728693127632141, 0.3720740079879761, 0.37124165892601013, 0.3704620599746704, 0.3696805536746979, 0.3689418137073517, 0.3681429922580719, 0.3673570156097412, 0.3666256368160248, 0.3658598065376282, 0.3650537431240082, 0.36432692408561707, 0.36355021595954895, 0.36281242966651917, 0.36203068494796753, 0.36132675409317017, 0.36055174469947815, 0.35973823070526123, 0.3589104115962982, 0.3581683337688446, 0.3573813736438751, 0.35656988620758057, 0.35574397444725037, 0.3549966514110565, 0.35420212149620056, 0.35339632630348206, 0.352524995803833, 0.3517104685306549, 0.35091859102249146, 0.35004109144210815, 0.3492388427257538, 0.3483182191848755, 0.34748685359954834, 0.34658047556877136, 0.34566712379455566, 0.34480980038642883, 0.3439368009567261, 0.34296590089797974, 0.3421120345592499, 0.34118056297302246, 0.3402305245399475, 0.33923617005348206, 0.33822330832481384, 0.3372141122817993, 0.3361932337284088, 0.33517220616340637, 0.33417972922325134, 0.3331887722015381, 0.33216041326522827, 0.3310924768447876, 0.3300666809082031, 0.3289465010166168, 0.3278593122959137, 0.32674920558929443, 0.32565203309059143, 0.3246006369590759, 0.32347896695137024, 0.3224104046821594, 0.3212333917617798, 0.32005736231803894, 0.3189612030982971, 0.3178243041038513, 0.3167297840118408, 0.31560343503952026, 0.3144627511501312, 0.3133065700531006, 0.31224140524864197, 0.31111598014831543, 0.3100224733352661, 0.30899152159690857, 0.30791428685188293, 0.30687907338142395, 0.3058549165725708, 0.30478405952453613, 0.30373629927635193, 0.30271321535110474, 0.30174416303634644, 0.3007102310657501, 0.29977482557296753, 0.29882174730300903, 0.29792726039886475, 0.2970385253429413, 0.2961064577102661, 0.29524219036102295, 0.2943258583545685, 0.2934340834617615, 0.2925800383090973, 0.29170578718185425, 0.2909187078475952, 0.2901318669319153, 0.28939828276634216, 0.2886328101158142, 0.28783664107322693, 0.2870881259441376, 0.28643569350242615, 0.28568825125694275, 0.28503018617630005, 0.28433021903038025, 0.2836669981479645, 0.282949298620224, 0.28227612376213074, 0.28165626525878906, 0.2810407280921936, 0.2804103493690491, 0.27977800369262695, 0.2792297601699829, 0.2786451280117035, 0.27803173661231995, 0.2773805260658264, 0.2767123281955719, 0.27620571851730347, 0.27563631534576416, 0.27507227659225464, 0.27460843324661255, 0.27405473589897156, 0.27339303493499756, 0.2727777063846588, 0.27220478653907776, 0.2717495262622833, 0.27116960287094116, 0.270654559135437, 0.2702091932296753, 0.2696923613548279, 0.2691502273082733, 0.26862481236457825, 0.26809751987457275, 0.2675950527191162, 0.26716458797454834, 0.2666054964065552, 0.2660929262638092, 0.26555803418159485, 0.26506510376930237, 0.2645784616470337, 0.26410549879074097, 0.2635663151741028, 0.2630452811717987, 0.2625149190425873, 0.26208165287971497, 0.26161423325538635, 0.26123058795928955, 0.2607255280017853, 0.2602406442165375, 0.25986483693122864, 0.25943583250045776, 0.25893139839172363, 0.2584589123725891, 0.2579716742038727, 0.2575269341468811, 0.25711700320243835, 0.25673359632492065, 0.2561432421207428, 0.2558189034461975, 0.2554674744606018, 0.2550424039363861, 0.2545679211616516, 0.2541317045688629, 0.25362133979797363, 0.25317680835723877, 0.2527857720851898, 0.2523215115070343, 0.25186726450920105, 0.25151970982551575, 0.25100696086883545, 0.2506323754787445, 0.2502351701259613, 0.24987022578716278, 0.24943025410175323, 0.2490699142217636, 0.24866805970668793, 0.2481609582901001, 0.2478320151567459, 0.24750880897045135, 0.24721266329288483, 0.2468165159225464, 0.24647842347621918, 0.24599763751029968, 0.24567200243473053, 0.24528951942920685, 0.24493621289730072, 0.24449802935123444, 0.2441629022359848, 0.2439531534910202, 0.24356387555599213, 0.24305132031440735, 0.2427567094564438, 0.242472842335701, 0.24219343066215515, 0.24196204543113708, 0.24165649712085724, 0.2412836253643036, 0.2408769279718399, 0.24053363502025604, 0.240188330411911, 0.23982778191566467, 0.23953896760940552, 0.23920856416225433, 0.23902049660682678, 0.23861005902290344, 0.23832502961158752, 0.23797866702079773, 0.23758935928344727, 0.23723937571048737, 0.23703603446483612, 0.23670007288455963, 0.23649612069129944, 0.23625856637954712, 0.2359534204006195, 0.23551636934280396, 0.23528827726840973, 0.23497983813285828, 0.23471635580062866, 0.23450812697410583, 0.23431682586669922, 0.23403167724609375, 0.23357753455638885, 0.23334889113903046, 0.23301824927330017, 0.23262369632720947, 0.23235763609409332, 0.2320258766412735, 0.23173436522483826, 0.23170608282089233, 0.2313264012336731, 0.23106145858764648, 0.23081648349761963, 0.2306140959262848, 0.23050817847251892, 0.23019306361675262, 0.22991301119327545, 0.2297014594078064, 0.22936339676380157, 0.22913409769535065, 0.22880220413208008, 0.22844873368740082, 0.2282620221376419, 0.22799448668956757, 0.22779609262943268, 0.22762931883335114, 0.22732609510421753, 0.22736090421676636, 0.22707515954971313, 0.22672544419765472, 0.2264288365840912, 0.22642089426517487, 0.2261061817407608, 0.22588683664798737, 0.22565118968486786, 0.2253846377134323, 0.2251768708229065, 0.22485393285751343, 0.2247551679611206, 0.2244063913822174, 0.22427363693714142, 0.2242627739906311, 0.22399988770484924, 0.22369098663330078, 0.22369202971458435, 0.22340553998947144, 0.22317776083946228, 0.2229246348142624, 0.22272315621376038, 0.2225540578365326, 0.22237561643123627, 0.22204820811748505, 0.22194074094295502, 0.22135652601718903, 0.22147615253925323, 0.22132110595703125, 0.22108791768550873, 0.22096040844917297, 0.2205190658569336, 0.22024206817150116, 0.22017687559127808, 0.2200484722852707, 0.2200373262166977, 0.22003182768821716, 0.2197055071592331, 0.21947260200977325, 0.2193508744239807, 0.21930576860904694, 0.2190721333026886, 0.21877643465995789, 0.2185598611831665, 0.21840065717697144, 0.21848560869693756, 0.21839633584022522, 0.21824043989181519, 0.21785926818847656, 0.21790443360805511, 0.217937171459198, 0.2175857424736023, 0.2171531468629837, 0.2169055938720703, 0.21679259836673737, 0.21673524379730225, 0.21663258969783783, 0.21646152436733246, 0.2161041796207428, 0.2158581018447876, 0.2155262976884842]",33.0,"[33.0, 33.0, 33.0, 33.0, 33.0, 33.0, 33.0, 33.0, 33.0, 33.0, 33.0, 33.0, 33.0, 33.0, 33.0, 33.0, 33.0, 33.0, 33.0, 33.0, 33.0, 33.0, 33.0, 33.0, 33.0, 33.0, 33.0, 33.0, 33.0, 33.0, 33.0, 33.0, 33.0, 33.0, 33.0, 33.0, 33.0, 33.0, 33.0, 33.0, 33.0, 33.0, 33.0, 33.0, 33.0, 33.0, 33.0, 33.0, 33.0, 33.0, 33.0, 33.0, 33.0, 33.0, 33.0, 33.0, 33.0, 33.0, 33.0, 33.0, 33.0, 33.0, 33.0, 33.0, 33.0, 33.0, 33.0, 33.0, 33.0, 33.0, 33.0, 33.0, 33.0, 33.0, 33.0, 33.0, 33.0, 33.0, 33.0, 33.0, 33.0, 33.0, 33.0, 33.0, 33.0, 33.0, 33.0, 33.0, 33.0, 33.0, 33.0, 33.0, 33.0, 33.0, 33.0, 33.0, 33.0, 33.0, 33.0, 33.0, 33.0, 33.0, 33.0, 33.0, 33.0, 33.0, 33.0, 33.0, 33.0, 33.0, 33.0, 33.0, 33.0, 33.0, 33.0, 33.0, 33.0, 33.0, 33.0, 33.0, 33.0, 33.0, 33.0, 33.0, 33.0, 33.0, 33.0, 33.0, 33.0, 33.0, 33.0, 33.0, 33.0, 33.0, 33.0, 33.0, 33.0, 33.0, 33.0, 33.0, 33.0, 33.0, 33.0, 33.0, 33.0, 33.0, 33.0, 33.0, 33.0, 33.0, 33.0, 33.0, 33.0, 33.0, 33.0, 33.0, 33.0, 33.0, 33.0, 33.0, 33.0, 33.0, 33.0, 33.0, 33.0, 33.0, 33.0, 33.0, 33.0, 33.0, 33.0, 33.0, 33.0, 33.0, 33.0, 33.0, 33.0, 33.0, 33.0, 33.0, 33.0, 33.0, 33.0, 33.0, 33.0, 33.0, 33.0, 33.0, 33.0, 33.0, 33.0, 33.0, 33.0, 33.0, 33.0, 33.0, 33.0, 33.0, 33.0, 33.0, 33.0, 33.0, 33.0, 33.0, 33.0, 33.0, 33.0, 33.0, 33.0, 33.0, 33.0, 33.0, 33.0, 33.0, 33.0, 33.0, 33.0, 33.0, 33.0, 33.0, 33.0, 33.0, 33.0, 33.0, 33.0, 33.0, 33.0, 33.0, 33.0, 33.0, 33.0, 33.0, 33.0, 33.0, 33.0, 33.0, 33.0, 33.0, 33.0, 33.0, 33.0, 33.0, 33.0, 33.0, 33.0, 33.0, 33.0, 33.0, 33.0, 33.0, 33.0, 33.0, 33.0, 33.0, 33.0, 33.0, 33.0, 33.0, 33.0, 33.0, 33.0, 33.0, 33.0, 33.0, 33.0, 33.0, 33.0, 33.0, 33.0, 33.0, 33.0, 33.0, 33.0, 33.0, 33.0, 33.0, 33.0, 33.0, 33.0, 33.0, 33.0, 33.0, 33.0, 33.0, 33.0, 33.0, 33.0, 33.0, 33.0, 33.0, 33.0, 33.0, 33.0, 33.0, 33.0, 33.0, 33.0, 33.0, 33.0, 33.0, 33.0, 33.0, 33.0, 33.0, 33.0, 33.0, 33.0, 33.0, 33.0, 33.0, 33.0, 33.0, 33.0, 33.0, 33.0, 33.0, 33.0, 33.0, 33.0, 33.0]",COMPLETE
6,6,0.5,2024-08-31 00:52:10.014019,2024-08-31 00:52:16.127756,0 days 00:00:06.113737,16,2.98148179114414,3,20,0.043558713617444005,10,0.02445840671680986,0.859,0.85875,0,"[0, 0, 0, 0, 0, 0, 0, 0, 0, 0, 0, 0, 0, 0, 0, 0, 0, 0, 0, 0]",0.0,"[0.0, 0.0, 0.0, 0.0, 0.0, 0.0, 0.0, 0.0, 0.0, 0.0, 0.0, 0.0, 0.0, 0.0, 0.0, 0.0, 0.0, 0.0, 0.0, 0.0]",0.5,0.5,0,"[0, 0, 0, 0, 0, 0, 0, 0, 0, 0, 0, 0, 0, 0, 0, 0, 0, 0, 0, 0]",20,"[0.4155930280685425, 0.4112050235271454, 0.4133288264274597, 0.4081327021121979, 0.4157201647758484, 0.4092819094657898, 0.41547152400016785, 0.40919220447540283, 0.40733110904693604, 0.40722760558128357, 0.4196382761001587, 0.40920397639274597, 0.4073816239833832, 0.40861377120018005, 0.41610386967658997, 0.40732818841934204, 0.40731045603752136, 0.41329652070999146, 0.41999855637550354, 0.40947332978248596]",0.0,"[0.0, 0.0, 0.0, 0.0, 0.0, 0.0, 0.0, 0.0, 0.0, 0.0, 0.0, 0.0, 0.0, 0.0, 0.0, 0.0, 0.0, 0.0, 0.0, 0.0]",COMPLETE
