,number,value,datetime_start,datetime_complete,duration,params_batch_size_scaler,params_constant_learning_rate,params_depth,params_epochs,params_kernel_l2,params_num_trees,params_temperature,user_attrs_accuracy_test,user_attrs_accuracy_valid,user_attrs_approximate_feature_sparsity,user_attrs_approximate_feature_sparsity_history,user_attrs_approximate_weight_sparsity,user_attrs_approximate_weight_sparsity_history,user_attrs_auc_test,user_attrs_auc_valid,user_attrs_feature_sparsity,user_attrs_feature_sparsity_history,user_attrs_num_epochs,user_attrs_val_loss_history,user_attrs_weight_sparsity,user_attrs_weight_sparsity_history,state
50,50,0.5,2024-08-31 02:49:57.710631,2024-08-31 02:52:28.198692,0 days 00:02:30.488061,4,0.38667498627744296,3,350,0.18350291050839157,10,0.010803402904702351,0.859,0.85875,0,"[28, 1, 0, 0, 0, 0, 0, 0, 0, 0, 0, 0, 0, 0, 0, 0, 0, 0, 0, 0, 0, 0, 0, 0, 0, 0, 0, 0, 0, 0, 0, 0, 0, 0, 0, 0, 0, 0, 0, 0, 0, 0, 0, 0, 0, 0, 0, 0, 0, 0, 0, 0, 0, 0, 0, 0, 0, 0, 0, 0, 0, 0, 0, 0, 0, 0, 0, 0, 0, 0, 0, 0, 0, 0, 0, 0, 0, 0, 0, 0, 0, 0, 0, 0, 0, 0, 0, 0, 0, 0, 0, 0, 0, 0, 0, 0, 0, 0, 0, 0, 0, 0, 0, 0, 0, 0, 0, 0, 0, 0, 0, 0, 0, 0, 0, 0, 0, 0, 0, 0, 0, 0, 0, 0, 0, 0, 0, 0, 0, 0, 0, 0, 0, 0, 0, 0, 0, 0, 0, 0, 0, 0, 0, 0, 0, 0, 0, 0, 0, 0, 0, 0, 0, 0, 0, 0, 0, 0, 0, 0, 0, 0, 0, 0, 0, 0, 0, 0, 0, 0, 0, 0, 0, 0, 0, 0, 0, 0, 0, 0, 0, 0, 0, 0, 0, 0, 0, 0, 0, 0, 0, 0, 0, 0, 0, 0, 0, 0, 0, 0, 0, 0, 0, 0, 0, 0, 0, 0, 0, 0, 0, 0, 0, 0, 0, 0, 0, 0, 0, 0, 0, 0, 0, 0, 0, 0, 0, 0, 0, 0, 0, 0, 0, 0, 0, 0, 0, 0, 0, 0, 0, 0, 0, 0, 0, 0, 0, 0, 0, 0, 0, 0, 0, 0, 0, 0, 0, 0, 0, 0, 0, 0, 0, 0, 0, 0, 0, 0, 0, 0, 0, 0, 0, 0, 0, 0, 0, 0, 0, 0, 0, 0, 0, 0, 0, 0, 0, 0, 0, 0, 0, 0, 0, 0, 0, 0, 0, 0, 0, 0, 0, 0, 0, 0, 0, 0, 0, 0, 0, 0, 0, 0, 0, 0, 0, 0, 0, 0, 0, 0, 0, 0, 0, 0, 0, 0, 0, 0, 0, 0, 0, 0, 0, 0, 0, 0, 0, 0, 0, 0, 0, 0, 0, 0, 0, 0, 0, 0, 0, 0]",0.0,"[28.0, 1.0, 0.0, 0.0, 0.0, 0.0, 0.0, 0.0, 0.0, 0.0, 0.0, 0.0, 0.0, 0.0, 0.0, 0.0, 0.0, 0.0, 0.0, 0.0, 0.0, 0.0, 0.0, 0.0, 0.0, 0.0, 0.0, 0.0, 0.0, 0.0, 0.0, 0.0, 0.0, 0.0, 0.0, 0.0, 0.0, 0.0, 0.0, 0.0, 0.0, 0.0, 0.0, 0.0, 0.0, 0.0, 0.0, 0.0, 0.0, 0.0, 0.0, 0.0, 0.0, 0.0, 0.0, 0.0, 0.0, 0.0, 0.0, 0.0, 0.0, 0.0, 0.0, 0.0, 0.0, 0.0, 0.0, 0.0, 0.0, 0.0, 0.0, 0.0, 0.0, 0.0, 0.0, 0.0, 0.0, 0.0, 0.0, 0.0, 0.0, 0.0, 0.0, 0.0, 0.0, 0.0, 0.0, 0.0, 0.0, 0.0, 0.0, 0.0, 0.0, 0.0, 0.0, 0.0, 0.0, 0.0, 0.0, 0.0, 0.0, 0.0, 0.0, 0.0, 0.0, 0.0, 0.0, 0.0, 0.0, 0.0, 0.0, 0.0, 0.0, 0.0, 0.0, 0.0, 0.0, 0.0, 0.0, 0.0, 0.0, 0.0, 0.0, 0.0, 0.0, 0.0, 0.0, 0.0, 0.0, 0.0, 0.0, 0.0, 0.0, 0.0, 0.0, 0.0, 0.0, 0.0, 0.0, 0.0, 0.0, 0.0, 0.0, 0.0, 0.0, 0.0, 0.0, 0.0, 0.0, 0.0, 0.0, 0.0, 0.0, 0.0, 0.0, 0.0, 0.0, 0.0, 0.0, 0.0, 0.0, 0.0, 0.0, 0.0, 0.0, 0.0, 0.0, 0.0, 0.0, 0.0, 0.0, 0.0, 0.0, 0.0, 0.0, 0.0, 0.0, 0.0, 0.0, 0.0, 0.0, 0.0, 0.0, 0.0, 0.0, 0.0, 0.0, 0.0, 0.0, 0.0, 0.0, 0.0, 0.0, 0.0, 0.0, 0.0, 0.0, 0.0, 0.0, 0.0, 0.0, 0.0, 0.0, 0.0, 0.0, 0.0, 0.0, 0.0, 0.0, 0.0, 0.0, 0.0, 0.0, 0.0, 0.0, 0.0, 0.0, 0.0, 0.0, 0.0, 0.0, 0.0, 0.0, 0.0, 0.0, 0.0, 0.0, 0.0, 0.0, 0.0, 0.0, 0.0, 0.0, 0.0, 0.0, 0.0, 0.0, 0.0, 0.0, 0.0, 0.0, 0.0, 0.0, 0.0, 0.0, 0.0, 0.0, 0.0, 0.0, 0.0, 0.0, 0.0, 0.0, 0.0, 0.0, 0.0, 0.0, 0.0, 0.0, 0.0, 0.0, 0.0, 0.0, 0.0, 0.0, 0.0, 0.0, 0.0, 0.0, 0.0, 0.0, 0.0, 0.0, 0.0, 0.0, 0.0, 0.0, 0.0, 0.0, 0.0, 0.0, 0.0, 0.0, 0.0, 0.0, 0.0, 0.0, 0.0, 0.0, 0.0, 0.0, 0.0, 0.0, 0.0, 0.0, 0.0, 0.0, 0.0, 0.0, 0.0, 0.0, 0.0, 0.0, 0.0, 0.0, 0.0, 0.0, 0.0, 0.0, 0.0, 0.0, 0.0, 0.0, 0.0, 0.0, 0.0, 0.0, 0.0, 0.0, 0.0, 0.0, 0.0, 0.0, 0.0, 0.0, 0.0, 0.0, 0.0, 0.0, 0.0, 0.0, 0.0, 0.0, 0.0, 0.0, 0.0, 0.0, 0.0, 0.0, 0.0, 0.0, 0.0, 0.0, 0.0, 0.0, 0.0, 0.0, 0.0, 0.0, 0.0]",0.5,0.5,0,"[28, 1, 0, 0, 0, 0, 0, 0, 0, 0, 0, 0, 0, 0, 0, 0, 0, 0, 0, 0, 0, 0, 0, 0, 0, 0, 0, 0, 0, 0, 0, 0, 0, 0, 0, 0, 0, 0, 0, 0, 0, 0, 0, 0, 0, 0, 0, 0, 0, 0, 0, 0, 0, 0, 0, 0, 0, 0, 0, 0, 0, 0, 0, 0, 0, 0, 0, 0, 0, 0, 0, 0, 0, 0, 0, 0, 0, 0, 0, 0, 0, 0, 0, 0, 0, 0, 0, 0, 0, 0, 0, 0, 0, 0, 0, 0, 0, 0, 0, 0, 0, 0, 0, 0, 0, 0, 0, 0, 0, 0, 0, 0, 0, 0, 0, 0, 0, 0, 0, 0, 0, 0, 0, 0, 0, 0, 0, 0, 0, 0, 0, 0, 0, 0, 0, 0, 0, 0, 0, 0, 0, 0, 0, 0, 0, 0, 0, 0, 0, 0, 0, 0, 0, 0, 0, 0, 0, 0, 0, 0, 0, 0, 0, 0, 0, 0, 0, 0, 0, 0, 0, 0, 0, 0, 0, 0, 0, 0, 0, 0, 0, 0, 0, 0, 0, 0, 0, 0, 0, 0, 0, 0, 0, 0, 0, 0, 0, 0, 0, 0, 0, 0, 0, 0, 0, 0, 0, 0, 0, 0, 0, 0, 0, 0, 0, 0, 0, 0, 0, 0, 0, 0, 0, 0, 0, 0, 0, 0, 0, 0, 0, 0, 0, 0, 0, 0, 0, 0, 0, 0, 0, 0, 0, 0, 0, 0, 0, 0, 0, 0, 0, 0, 0, 0, 0, 0, 0, 0, 0, 0, 0, 0, 0, 0, 0, 0, 0, 0, 0, 0, 0, 0, 0, 0, 0, 0, 0, 0, 0, 0, 0, 0, 0, 0, 0, 0, 0, 0, 0, 0, 0, 0, 0, 0, 0, 0, 0, 0, 0, 0, 0, 0, 0, 0, 0, 0, 0, 0, 0, 0, 0, 0, 0, 0, 0, 0, 0, 0, 0, 0, 0, 0, 0, 0, 0, 0, 0, 0, 0, 0, 0, 0, 0, 0, 0, 0, 0, 0, 0, 0, 0, 0, 0, 0, 0, 0, 0, 0, 0, 0]",350,"[0.4460938572883606, 0.40015217661857605, 0.4072359800338745, 0.4080382287502289, 0.40827831625938416, 0.40742751955986023, 0.40785956382751465, 0.4073677361011505, 0.40739309787750244, 0.4081174433231354, 0.4073096811771393, 0.4072958827018738, 0.40745556354522705, 0.4073283076286316, 0.40738368034362793, 0.40724319219589233, 0.4075244665145874, 0.40759432315826416, 0.4078904986381531, 0.4072910249233246, 0.4079972505569458, 0.407609760761261, 0.4073368012905121, 0.4077945649623871, 0.4074440896511078, 0.40731003880500793, 0.4084346294403076, 0.4072551727294922, 0.4073586165904999, 0.4082728326320648, 0.407309353351593, 0.4083012640476227, 0.4075343608856201, 0.4080745279788971, 0.40736716985702515, 0.40762272477149963, 0.40728846192359924, 0.4074379801750183, 0.40722736716270447, 0.4086777865886688, 0.4072359800338745, 0.4075174629688263, 0.4080912470817566, 0.4072759747505188, 0.4072782099246979, 0.4073399305343628, 0.4080479145050049, 0.4072459042072296, 0.40722769498825073, 0.40736088156700134, 0.4072597920894623, 0.40751293301582336, 0.40737998485565186, 0.40936383605003357, 0.40752026438713074, 0.40768271684646606, 0.40791216492652893, 0.4080755114555359, 0.40753597021102905, 0.40733298659324646, 0.40723150968551636, 0.4072331488132477, 0.4072265625, 0.4072403609752655, 0.4072459042072296, 0.40791672468185425, 0.40729081630706787, 0.4095386266708374, 0.4074290096759796, 0.4072493314743042, 0.4075069725513458, 0.40748539566993713, 0.4074172079563141, 0.40761828422546387, 0.407248854637146, 0.40730762481689453, 0.40783798694610596, 0.4072621464729309, 0.40902644395828247, 0.4076414406299591, 0.40779319405555725, 0.4083402156829834, 0.4081074595451355, 0.40729522705078125, 0.4077497124671936, 0.4087708592414856, 0.4075028598308563, 0.4072321057319641, 0.40757301449775696, 0.40741634368896484, 0.40724101662635803, 0.4077187478542328, 0.40722766518592834, 0.40848037600517273, 0.4072423279285431, 0.4074777364730835, 0.4072289764881134, 0.40752121806144714, 0.4073834717273712, 0.4089171886444092, 0.4075462818145752, 0.4072767198085785, 0.4077272415161133, 0.4072447121143341, 0.4077218770980835, 0.40726470947265625, 0.4072338938713074, 0.40725600719451904, 0.4073411524295807, 0.4076022207736969, 0.40724191069602966, 0.40746527910232544, 0.408339262008667, 0.40728724002838135, 0.407440721988678, 0.4072358012199402, 0.40803924202919006, 0.4072267413139343, 0.40731194615364075, 0.40759411454200745, 0.4075539708137512, 0.40724948048591614, 0.40749743580818176, 0.40723487734794617, 0.4076750874519348, 0.40877652168273926, 0.40723496675491333, 0.40821826457977295, 0.407503217458725, 0.40722766518592834, 0.40762269496917725, 0.40726417303085327, 0.4072355031967163, 0.40797725319862366, 0.4072663187980652, 0.40736550092697144, 0.4073212146759033, 0.40759000182151794, 0.4072589576244354, 0.4072461724281311, 0.407259076833725, 0.40748777985572815, 0.40737271308898926, 0.40730854868888855, 0.407248854637146, 0.40861016511917114, 0.4073818325996399, 0.4072302579879761, 0.4074275493621826, 0.4085087180137634, 0.40970274806022644, 0.40928372740745544, 0.40742945671081543, 0.40731751918792725, 0.4072872996330261, 0.4083139896392822, 0.4073471426963806, 0.40799957513809204, 0.40745842456817627, 0.4073069095611572, 0.4077136218547821, 0.40727698802948, 0.4072389602661133, 0.4072878360748291, 0.40768375992774963, 0.40731221437454224, 0.4074682295322418, 0.40745341777801514, 0.4072493612766266, 0.4073938727378845, 0.40728065371513367, 0.40733322501182556, 0.4078011214733124, 0.40751174092292786, 0.40726393461227417, 0.4074843227863312, 0.4072887897491455, 0.407978892326355, 0.4073515236377716, 0.407917320728302, 0.40724146366119385, 0.4076040983200073, 0.40757888555526733, 0.407408744096756, 0.407389372587204, 0.40728560090065, 0.40724363923072815, 0.40725722908973694, 0.4072295129299164, 0.4074960947036743, 0.4076472818851471, 0.40756139159202576, 0.40751200914382935, 0.40723717212677, 0.4073558747768402, 0.407789945602417, 0.40726718306541443, 0.40772372484207153, 0.40801534056663513, 0.4073401391506195, 0.4074214994907379, 0.4076627492904663, 0.40749412775039673, 0.4081844389438629, 0.4073704183101654, 0.40730342268943787, 0.4081979990005493, 0.40725311636924744, 0.4072728455066681, 0.4076499938964844, 0.40723851323127747, 0.4073016345500946, 0.4073065221309662, 0.40740323066711426, 0.40754738450050354, 0.4073152244091034, 0.4083211123943329, 0.4074343740940094, 0.40814319252967834, 0.40750405192375183, 0.407251238822937, 0.4072401821613312, 0.4078502357006073, 0.40732863545417786, 0.40736210346221924, 0.40768498182296753, 0.4078007638454437, 0.40728291869163513, 0.40739643573760986, 0.40769821405410767, 0.40839114785194397, 0.40813982486724854, 0.4080745279788971, 0.40727517008781433, 0.4076792597770691, 0.40753477811813354, 0.4076731204986572, 0.4074450433254242, 0.4072394073009491, 0.4073219299316406, 0.4080149829387665, 0.4075230062007904, 0.4073355495929718, 0.4073660373687744, 0.40735092759132385, 0.40986642241477966, 0.4078209400177002, 0.40810635685920715, 0.4074164628982544, 0.4083266854286194, 0.4082290232181549, 0.40776699781417847, 0.4072641134262085, 0.40757429599761963, 0.40724390745162964, 0.4075486660003662, 0.40727320313453674, 0.40726786851882935, 0.4075523614883423, 0.4075572192668915, 0.4075351655483246, 0.4078727662563324, 0.4082089960575104, 0.40788277983665466, 0.40732434391975403, 0.4075843393802643, 0.40737831592559814, 0.4074358344078064, 0.4072569012641907, 0.40754902362823486, 0.40722620487213135, 0.4074576497077942, 0.4076586663722992, 0.40738311409950256, 0.40800338983535767, 0.40723544359207153, 0.40741753578186035, 0.40770336985588074, 0.40764275193214417, 0.4072326719760895, 0.4099748730659485, 0.40818560123443604, 0.4073067009449005, 0.4074772596359253, 0.4093976318836212, 0.40771999955177307, 0.4086243808269501, 0.4084111154079437, 0.4085066318511963, 0.4078003764152527, 0.4072261154651642, 0.4072277545928955, 0.4072445333003998, 0.4073433578014374, 0.4082677364349365, 0.4072263240814209, 0.40726715326309204, 0.40726739168167114, 0.4080723822116852, 0.40735626220703125, 0.40751826763153076, 0.40723976492881775, 0.40728890895843506, 0.4082651138305664, 0.40737923979759216, 0.4072439968585968, 0.4072294533252716, 0.40725064277648926, 0.4072321355342865, 0.4072486162185669, 0.4073738157749176, 0.40723687410354614, 0.40748077630996704, 0.4072273373603821, 0.4074067771434784, 0.4079113304615021, 0.40722957253456116, 0.40949490666389465, 0.4073902368545532, 0.4074583947658539, 0.4073077440261841, 0.4088345468044281, 0.4073960781097412, 0.40726566314697266, 0.4080791175365448, 0.4082949459552765, 0.4092485010623932, 0.4079446792602539, 0.40731072425842285, 0.40737906098365784, 0.4073599874973297, 0.40732264518737793, 0.4073825180530548, 0.40779784321784973, 0.40737298130989075, 0.4075041115283966, 0.40723028779029846, 0.4078536331653595, 0.4073183834552765, 0.40728023648262024, 0.40808409452438354, 0.4084346890449524, 0.40722769498825073, 0.4072261452674866, 0.40726837515830994, 0.40741291642189026, 0.4095790982246399, 0.4086119830608368, 0.40730103850364685, 0.4076562523841858]",0.0,"[28.0, 1.0, 0.0, 0.0, 0.0, 0.0, 0.0, 0.0, 0.0, 0.0, 0.0, 0.0, 0.0, 0.0, 0.0, 0.0, 0.0, 0.0, 0.0, 0.0, 0.0, 0.0, 0.0, 0.0, 0.0, 0.0, 0.0, 0.0, 0.0, 0.0, 0.0, 0.0, 0.0, 0.0, 0.0, 0.0, 0.0, 0.0, 0.0, 0.0, 0.0, 0.0, 0.0, 0.0, 0.0, 0.0, 0.0, 0.0, 0.0, 0.0, 0.0, 0.0, 0.0, 0.0, 0.0, 0.0, 0.0, 0.0, 0.0, 0.0, 0.0, 0.0, 0.0, 0.0, 0.0, 0.0, 0.0, 0.0, 0.0, 0.0, 0.0, 0.0, 0.0, 0.0, 0.0, 0.0, 0.0, 0.0, 0.0, 0.0, 0.0, 0.0, 0.0, 0.0, 0.0, 0.0, 0.0, 0.0, 0.0, 0.0, 0.0, 0.0, 0.0, 0.0, 0.0, 0.0, 0.0, 0.0, 0.0, 0.0, 0.0, 0.0, 0.0, 0.0, 0.0, 0.0, 0.0, 0.0, 0.0, 0.0, 0.0, 0.0, 0.0, 0.0, 0.0, 0.0, 0.0, 0.0, 0.0, 0.0, 0.0, 0.0, 0.0, 0.0, 0.0, 0.0, 0.0, 0.0, 0.0, 0.0, 0.0, 0.0, 0.0, 0.0, 0.0, 0.0, 0.0, 0.0, 0.0, 0.0, 0.0, 0.0, 0.0, 0.0, 0.0, 0.0, 0.0, 0.0, 0.0, 0.0, 0.0, 0.0, 0.0, 0.0, 0.0, 0.0, 0.0, 0.0, 0.0, 0.0, 0.0, 0.0, 0.0, 0.0, 0.0, 0.0, 0.0, 0.0, 0.0, 0.0, 0.0, 0.0, 0.0, 0.0, 0.0, 0.0, 0.0, 0.0, 0.0, 0.0, 0.0, 0.0, 0.0, 0.0, 0.0, 0.0, 0.0, 0.0, 0.0, 0.0, 0.0, 0.0, 0.0, 0.0, 0.0, 0.0, 0.0, 0.0, 0.0, 0.0, 0.0, 0.0, 0.0, 0.0, 0.0, 0.0, 0.0, 0.0, 0.0, 0.0, 0.0, 0.0, 0.0, 0.0, 0.0, 0.0, 0.0, 0.0, 0.0, 0.0, 0.0, 0.0, 0.0, 0.0, 0.0, 0.0, 0.0, 0.0, 0.0, 0.0, 0.0, 0.0, 0.0, 0.0, 0.0, 0.0, 0.0, 0.0, 0.0, 0.0, 0.0, 0.0, 0.0, 0.0, 0.0, 0.0, 0.0, 0.0, 0.0, 0.0, 0.0, 0.0, 0.0, 0.0, 0.0, 0.0, 0.0, 0.0, 0.0, 0.0, 0.0, 0.0, 0.0, 0.0, 0.0, 0.0, 0.0, 0.0, 0.0, 0.0, 0.0, 0.0, 0.0, 0.0, 0.0, 0.0, 0.0, 0.0, 0.0, 0.0, 0.0, 0.0, 0.0, 0.0, 0.0, 0.0, 0.0, 0.0, 0.0, 0.0, 0.0, 0.0, 0.0, 0.0, 0.0, 0.0, 0.0, 0.0, 0.0, 0.0, 0.0, 0.0, 0.0, 0.0, 0.0, 0.0, 0.0, 0.0, 0.0, 0.0, 0.0, 0.0, 0.0, 0.0, 0.0, 0.0, 0.0, 0.0, 0.0, 0.0, 0.0, 0.0, 0.0, 0.0, 0.0, 0.0, 0.0, 0.0, 0.0, 0.0, 0.0, 0.0, 0.0, 0.0, 0.0, 0.0, 0.0, 0.0, 0.0, 0.0, 0.0, 0.0, 0.0, 0.0, 0.0, 0.0, 0.0, 0.0, 0.0, 0.0]",COMPLETE
