,number,value,datetime_start,datetime_complete,duration,params_batch_size_scaler,params_constant_learning_rate,params_depth,params_epochs,params_kernel_l2,params_num_trees,params_temperature,user_attrs_accuracy_test,user_attrs_accuracy_valid,user_attrs_approximate_feature_sparsity,user_attrs_approximate_feature_sparsity_history,user_attrs_approximate_weight_sparsity,user_attrs_approximate_weight_sparsity_history,user_attrs_auc_test,user_attrs_auc_valid,user_attrs_feature_sparsity,user_attrs_feature_sparsity_history,user_attrs_num_epochs,user_attrs_val_loss_history,user_attrs_weight_sparsity,user_attrs_weight_sparsity_history,state
143,143,0.9272584405714213,2024-08-31 07:22:56.052167,2024-08-31 07:26:46.655843,0 days 00:03:50.603676,1,0.011653318313167793,3,485,0.006299857419133054,31,0.04758422880785233,0.945,0.955,33,"[33, 33, 33, 33, 33, 33, 33, 33, 33, 33, 33, 33, 33, 33, 33, 33, 33, 33, 33, 33, 33, 33, 33, 33, 33, 33, 33, 33, 33, 33, 33, 33, 33, 33, 33, 33, 33, 33, 33, 33, 33, 33, 33, 33, 33, 33, 33, 33, 33, 33, 33, 33, 33, 33, 33, 33, 33, 33, 33, 33, 33, 33, 33, 33, 33, 33, 33, 33, 33, 33, 33, 33, 33, 33, 33, 33, 33, 33, 33, 33, 33, 33, 33, 33, 33, 33, 33, 33, 33, 33, 33, 33, 33, 33, 33, 33, 33, 33, 33, 33, 33, 33, 33, 33, 33, 33, 33, 33, 33, 33, 33, 33, 33, 33, 33, 33, 33, 33, 33, 33, 33, 33, 33, 33, 33, 33, 33, 33, 33, 33, 33, 33, 33, 33, 33, 33, 33, 33, 33, 33, 33, 33, 33, 33, 33, 33, 33, 33, 33, 33, 33, 33, 33, 33, 33, 33, 33, 33, 33, 33, 33, 33, 33, 33, 33, 33, 33, 33, 33, 33, 33, 33, 33, 33, 33, 33, 33, 33, 33, 33, 33, 33, 33, 33, 33, 33, 33, 33, 33, 33, 33, 33, 33, 33, 33, 33, 33, 33, 33, 33, 33, 33, 33, 33, 33, 33, 33, 33, 33, 33, 33, 33, 33, 33, 33, 33, 33, 33, 33, 33, 33, 33, 33, 33, 33, 33, 33, 33, 33, 33, 33, 33, 33, 33, 33, 33, 33, 33, 33, 33, 33, 33, 33, 33, 33, 33, 33, 33, 33, 33, 33, 33, 33, 33, 33, 33, 33, 33, 33, 33, 33, 33, 33, 33, 33, 33, 33, 33, 33, 33, 33, 33, 33, 33, 33, 33, 33, 33, 33, 33, 33, 33, 33, 33, 33, 33, 33, 33, 33, 33, 33, 33, 33, 33, 33, 33, 33, 33, 33, 33, 33, 33, 33, 33, 33, 33, 33, 33, 33, 33, 33, 33, 33, 33, 33, 33, 33, 33, 33, 33, 33, 33, 33, 33, 33, 33, 33, 33, 33, 33, 33, 33, 33, 33, 33, 33, 33, 33, 33, 33, 33, 33, 33, 33, 33, 33, 33, 33, 33, 33, 33, 33, 33, 33, 33, 33, 33, 33, 33, 33, 33, 33, 33, 33, 33, 33, 33, 33, 33, 33, 33, 33, 33, 33, 33, 33, 33, 33, 33, 33, 33, 33, 33, 33, 33, 33, 33, 33, 33, 33, 33, 33, 33, 33, 33, 33, 33, 33, 33, 33, 33, 33, 33, 33, 33, 33, 33, 33, 33, 33, 33, 33, 33, 33, 33, 33, 33, 33, 33, 33, 33, 33, 33, 33, 33, 33, 33, 33, 33, 33, 33, 33, 33, 33, 33, 33, 33, 33, 33, 33, 33, 33, 33, 33, 33, 33, 33, 33, 33, 33, 33, 33, 33, 33, 33, 33, 33, 33, 33, 33, 33, 33, 33, 33, 33, 33, 33, 33, 33, 33, 33, 33, 33, 33, 33, 33, 33, 33, 33, 33, 33, 33, 33, 33, 33]",32.986175115207374,"[32.97695852534562, 32.986175115207374, 32.97695852534562, 32.97695852534562, 32.986175115207374, 32.99078341013825, 32.986175115207374, 32.99078341013825, 32.97235023041475, 32.9815668202765, 32.986175115207374, 32.986175115207374, 32.97695852534562, 32.97695852534562, 32.986175115207374, 32.986175115207374, 32.9815668202765, 32.9815668202765, 32.986175115207374, 32.9815668202765, 32.986175115207374, 32.99078341013825, 32.97235023041475, 32.97235023041475, 32.9815668202765, 32.995391705069125, 32.96774193548387, 32.986175115207374, 32.986175115207374, 32.9815668202765, 32.986175115207374, 32.995391705069125, 32.9815668202765, 32.97695852534562, 32.99078341013825, 32.986175115207374, 32.97695852534562, 32.963133640552996, 32.9815668202765, 32.9815668202765, 32.9815668202765, 32.95852534562212, 32.97695852534562, 32.9815668202765, 32.97695852534562, 32.97235023041475, 32.986175115207374, 32.95852534562212, 32.97235023041475, 32.96774193548387, 32.97235023041475, 32.9815668202765, 32.99078341013825, 32.986175115207374, 32.986175115207374, 32.97695852534562, 32.99078341013825, 32.9815668202765, 33.0, 32.99078341013825, 32.995391705069125, 32.986175115207374, 32.97695852534562, 32.986175115207374, 32.96774193548387, 32.9815668202765, 32.97695852534562, 32.986175115207374, 32.995391705069125, 32.97235023041475, 32.995391705069125, 32.995391705069125, 32.986175115207374, 32.986175115207374, 32.97695852534562, 32.986175115207374, 32.9815668202765, 32.9815668202765, 32.99078341013825, 32.99078341013825, 32.97695852534562, 32.97235023041475, 32.97695852534562, 32.9815668202765, 32.9815668202765, 32.97695852534562, 32.986175115207374, 32.96774193548387, 32.986175115207374, 32.97695852534562, 32.97235023041475, 32.97695852534562, 32.97695852534562, 32.97695852534562, 32.97235023041475, 32.96774193548387, 32.97695852534562, 32.96774193548387, 32.97695852534562, 32.986175115207374, 32.97695852534562, 32.986175115207374, 32.986175115207374, 32.963133640552996, 32.96774193548387, 32.963133640552996, 32.97695852534562, 32.986175115207374, 32.99078341013825, 32.97695852534562, 32.99078341013825, 32.9815668202765, 32.986175115207374, 32.97235023041475, 32.97695852534562, 32.96774193548387, 32.963133640552996, 32.97235023041475, 32.953917050691246, 32.953917050691246, 32.96774193548387, 32.96774193548387, 32.963133640552996, 32.963133640552996, 32.97235023041475, 32.97695852534562, 32.97695852534562, 32.96774193548387, 32.963133640552996, 32.97235023041475, 32.986175115207374, 32.96774193548387, 32.97695852534562, 32.9815668202765, 32.986175115207374, 32.9815668202765, 32.9815668202765, 32.97695852534562, 32.97235023041475, 32.963133640552996, 32.986175115207374, 32.95852534562212, 32.953917050691246, 32.96774193548387, 32.986175115207374, 32.9815668202765, 32.9815668202765, 32.9815668202765, 32.97235023041475, 32.97695852534562, 32.9815668202765, 32.986175115207374, 32.986175115207374, 32.9815668202765, 32.97235023041475, 32.9815668202765, 32.97235023041475, 32.97235023041475, 32.986175115207374, 32.99078341013825, 32.97695852534562, 32.95852534562212, 32.963133640552996, 32.95852534562212, 32.96774193548387, 32.96774193548387, 32.96774193548387, 32.986175115207374, 32.9815668202765, 32.99078341013825, 32.97695852534562, 32.986175115207374, 32.97695852534562, 32.97695852534562, 32.97235023041475, 32.9815668202765, 32.97235023041475, 32.96774193548387, 32.96774193548387, 32.97235023041475, 32.96774193548387, 32.96774193548387, 32.97235023041475, 32.97695852534562, 32.963133640552996, 32.97235023041475, 32.97695852534562, 32.97695852534562, 32.96774193548387, 32.963133640552996, 32.96774193548387, 32.9815668202765, 32.97235023041475, 32.986175115207374, 32.9815668202765, 32.97695852534562, 32.97235023041475, 32.96774193548387, 32.9815668202765, 32.97695852534562, 32.96774193548387, 32.97235023041475, 32.96774193548387, 32.95852534562212, 32.963133640552996, 32.97235023041475, 32.97235023041475, 32.97235023041475, 32.97235023041475, 32.97235023041475, 32.96774193548387, 32.97235023041475, 32.97695852534562, 32.96774193548387, 32.97235023041475, 32.97235023041475, 32.97235023041475, 32.96774193548387, 32.97235023041475, 32.96774193548387, 32.97235023041475, 32.97235023041475, 32.97695852534562, 32.9815668202765, 32.97695852534562, 32.97695852534562, 32.96774193548387, 32.9815668202765, 32.96774193548387, 32.953917050691246, 32.97235023041475, 32.96774193548387, 32.96774193548387, 32.97695852534562, 32.986175115207374, 32.97235023041475, 32.97695852534562, 32.97235023041475, 32.97695852534562, 32.9815668202765, 32.97235023041475, 32.97235023041475, 32.9815668202765, 32.97235023041475, 32.963133640552996, 32.97695852534562, 32.97695852534562, 32.986175115207374, 32.9815668202765, 32.97695852534562, 32.97695852534562, 32.97695852534562, 32.9815668202765, 32.9815668202765, 32.99078341013825, 32.9815668202765, 32.9815668202765, 32.97695852534562, 32.97695852534562, 32.97695852534562, 32.986175115207374, 32.986175115207374, 33.0, 32.99078341013825, 32.9815668202765, 32.986175115207374, 32.97695852534562, 32.986175115207374, 32.99078341013825, 32.99078341013825, 32.9815668202765, 32.97695852534562, 32.97695852534562, 32.97235023041475, 32.986175115207374, 32.99078341013825, 32.97695852534562, 32.9815668202765, 32.99078341013825, 32.99078341013825, 32.986175115207374, 32.97235023041475, 32.986175115207374, 32.99078341013825, 32.9815668202765, 32.9815668202765, 32.99078341013825, 32.97235023041475, 32.9815668202765, 32.986175115207374, 32.9815668202765, 32.986175115207374, 32.986175115207374, 32.99078341013825, 32.986175115207374, 32.995391705069125, 32.9815668202765, 32.97695852534562, 32.97695852534562, 32.99078341013825, 32.986175115207374, 32.97695852534562, 32.99078341013825, 32.963133640552996, 32.97695852534562, 32.97695852534562, 32.97695852534562, 32.963133640552996, 32.97235023041475, 32.97695852534562, 32.97235023041475, 32.96774193548387, 32.97235023041475, 32.97695852534562, 32.9815668202765, 32.96774193548387, 32.97235023041475, 32.9815668202765, 32.9815668202765, 32.963133640552996, 32.953917050691246, 32.96774193548387, 32.95852534562212, 32.96774193548387, 32.963133640552996, 32.944700460829495, 32.94930875576037, 32.953917050691246, 32.95852534562212, 32.97235023041475, 32.97235023041475, 32.97235023041475, 32.97695852534562, 32.97695852534562, 32.97695852534562, 32.96774193548387, 32.96774193548387, 32.97235023041475, 32.9815668202765, 32.986175115207374, 32.986175115207374, 32.986175115207374, 32.9815668202765, 32.97235023041475, 32.96774193548387, 32.97235023041475, 32.97695852534562, 32.96774193548387, 32.96774193548387, 32.963133640552996, 32.963133640552996, 32.9815668202765, 32.963133640552996, 32.963133640552996, 32.95852534562212, 32.94009216589862, 32.944700460829495, 32.935483870967744, 32.963133640552996, 32.95852534562212, 32.97235023041475, 32.95852534562212, 32.963133640552996, 32.97235023041475, 32.9815668202765, 32.97695852534562, 32.9815668202765, 32.97235023041475, 32.963133640552996, 32.96774193548387, 32.986175115207374, 32.99078341013825, 32.986175115207374, 32.986175115207374, 32.97235023041475, 32.963133640552996, 32.97695852534562, 32.9815668202765, 32.97695852534562, 32.97695852534562, 32.97695852534562, 32.963133640552996, 32.97235023041475, 32.97695852534562, 32.9815668202765, 32.97695852534562, 32.9815668202765, 32.97695852534562, 32.96774193548387, 32.97695852534562, 32.97695852534562, 32.995391705069125, 32.97695852534562, 32.9815668202765, 32.97695852534562, 32.97235023041475, 32.9815668202765, 32.9815668202765, 32.986175115207374, 32.97695852534562, 32.9815668202765, 32.97235023041475, 32.97235023041475, 32.97235023041475, 32.97235023041475, 32.97235023041475, 32.986175115207374, 32.9815668202765, 32.9815668202765, 32.9815668202765, 32.97235023041475, 32.99078341013825, 32.9815668202765, 32.97235023041475, 32.94930875576037, 32.95852534562212, 32.97695852534562, 32.97695852534562, 32.986175115207374, 32.986175115207374, 32.986175115207374, 32.99078341013825, 32.986175115207374, 32.9815668202765, 32.97695852534562, 32.97695852534562, 32.9815668202765, 32.9815668202765, 32.9815668202765, 32.97235023041475, 32.9815668202765, 32.986175115207374, 32.986175115207374, 32.9815668202765, 32.9815668202765, 32.986175115207374, 32.97235023041475, 32.986175115207374, 32.97695852534562, 32.97235023041475, 32.9815668202765, 32.9815668202765, 32.9815668202765, 32.96774193548387, 32.9815668202765, 32.9815668202765, 32.96774193548387, 32.97695852534562, 32.95852534562212, 32.94009216589862, 32.95852534562212, 32.97235023041475, 32.96774193548387, 32.97695852534562, 32.9815668202765, 32.97695852534562, 32.9815668202765, 32.99078341013825, 32.986175115207374, 32.97695852534562, 32.9815668202765, 32.986175115207374, 32.986175115207374, 32.9815668202765, 32.986175115207374, 32.97695852534562, 32.97695852534562, 32.9815668202765, 32.99078341013825, 32.986175115207374, 32.9815668202765, 32.986175115207374, 32.9815668202765, 32.9815668202765, 32.986175115207374, 32.986175115207374, 32.9815668202765, 32.97695852534562, 32.9815668202765, 32.97695852534562, 32.97695852534562, 32.9815668202765, 32.9815668202765, 32.9815668202765, 32.986175115207374]",0.9117396940199309,0.9272584405714213,33,"[33, 33, 33, 33, 33, 33, 33, 33, 33, 33, 33, 33, 33, 33, 33, 33, 33, 33, 33, 33, 33, 33, 33, 33, 33, 33, 33, 33, 33, 33, 33, 33, 33, 33, 33, 33, 33, 33, 33, 33, 33, 33, 33, 33, 33, 33, 33, 33, 33, 33, 33, 33, 33, 33, 33, 33, 33, 33, 33, 33, 33, 33, 33, 33, 33, 33, 33, 33, 33, 33, 33, 33, 33, 33, 33, 33, 33, 33, 33, 33, 33, 33, 33, 33, 33, 33, 33, 33, 33, 33, 33, 33, 33, 33, 33, 33, 33, 33, 33, 33, 33, 33, 33, 33, 33, 33, 33, 33, 33, 33, 33, 33, 33, 33, 33, 33, 33, 33, 33, 33, 33, 33, 33, 33, 33, 33, 33, 33, 33, 33, 33, 33, 33, 33, 33, 33, 33, 33, 33, 33, 33, 33, 33, 33, 33, 33, 33, 33, 33, 33, 33, 33, 33, 33, 33, 33, 33, 33, 33, 33, 33, 33, 33, 33, 33, 33, 33, 33, 33, 33, 33, 33, 33, 33, 33, 33, 33, 33, 33, 33, 33, 33, 33, 33, 33, 33, 33, 33, 33, 33, 33, 33, 33, 33, 33, 33, 33, 33, 33, 33, 33, 33, 33, 33, 33, 33, 33, 33, 33, 33, 33, 33, 33, 33, 33, 33, 33, 33, 33, 33, 33, 33, 33, 33, 33, 33, 33, 33, 33, 33, 33, 33, 33, 33, 33, 33, 33, 33, 33, 33, 33, 33, 33, 33, 33, 33, 33, 33, 33, 33, 33, 33, 33, 33, 33, 33, 33, 33, 33, 33, 33, 33, 33, 33, 33, 33, 33, 33, 33, 33, 33, 33, 33, 33, 33, 33, 33, 33, 33, 33, 33, 33, 33, 33, 33, 33, 33, 33, 33, 33, 33, 33, 33, 33, 33, 33, 33, 33, 33, 33, 33, 33, 33, 33, 33, 33, 33, 33, 33, 33, 33, 33, 33, 33, 33, 33, 33, 33, 33, 33, 33, 33, 33, 33, 33, 33, 33, 33, 33, 33, 33, 33, 33, 33, 33, 33, 33, 33, 33, 33, 33, 33, 33, 33, 33, 33, 33, 33, 33, 33, 33, 33, 33, 33, 33, 33, 33, 33, 33, 33, 33, 33, 33, 33, 33, 33, 33, 33, 33, 33, 33, 33, 33, 33, 33, 33, 33, 33, 33, 33, 33, 33, 33, 33, 33, 33, 33, 33, 33, 33, 33, 33, 33, 33, 33, 33, 33, 33, 33, 33, 33, 33, 33, 33, 33, 33, 33, 33, 33, 33, 33, 33, 33, 33, 33, 33, 33, 33, 33, 33, 33, 33, 33, 33, 33, 33, 33, 33, 33, 33, 33, 33, 33, 33, 33, 33, 33, 33, 33, 33, 33, 33, 33, 33, 33, 33, 33, 33, 33, 33, 33, 33, 33, 33, 33, 33, 33, 33, 33, 33, 33, 33, 33, 33, 33, 33, 33, 33, 33, 33, 33, 33, 33, 33, 33, 33, 33, 33, 33, 33, 33, 33, 33, 33, 33]",485,"[0.4019131064414978, 0.3934335708618164, 0.38739094138145447, 0.383007287979126, 0.37948063015937805, 0.3765425980091095, 0.37408801913261414, 0.3717626929283142, 0.36998990178108215, 0.36801469326019287, 0.3662569522857666, 0.3647992014884949, 0.3630925118923187, 0.36142992973327637, 0.35984912514686584, 0.3584202826023102, 0.35716137290000916, 0.35552510619163513, 0.35373160243034363, 0.3524439334869385, 0.35161659121513367, 0.34916022419929504, 0.347586452960968, 0.34597453474998474, 0.3444675803184509, 0.3429071009159088, 0.3414610028266907, 0.34029683470726013, 0.33832526206970215, 0.3367979824542999, 0.33515575528144836, 0.333594411611557, 0.3319731652736664, 0.3303336799144745, 0.328826904296875, 0.327139288187027, 0.3256756067276001, 0.32390594482421875, 0.32238486409187317, 0.3206644058227539, 0.31903913617134094, 0.3172445595264435, 0.31557199358940125, 0.31425192952156067, 0.31247949600219727, 0.3107915222644806, 0.30903613567352295, 0.3075414001941681, 0.30571967363357544, 0.3040575385093689, 0.3023669123649597, 0.30079227685928345, 0.2991257309913635, 0.297680526971817, 0.2961467504501343, 0.29486706852912903, 0.2931896448135376, 0.2912358045578003, 0.2898571789264679, 0.28825122117996216, 0.2867773771286011, 0.28580230474472046, 0.2838810086250305, 0.28243207931518555, 0.28105631470680237, 0.2797885835170746, 0.2784285247325897, 0.27706554532051086, 0.2759619951248169, 0.2745876610279083, 0.27341195940971375, 0.27226001024246216, 0.2711695432662964, 0.2700651288032532, 0.26904380321502686, 0.2679830491542816, 0.26692113280296326, 0.26594728231430054, 0.2654228210449219, 0.2639744281768799, 0.26272061467170715, 0.26175951957702637, 0.26091253757476807, 0.26032835245132446, 0.259368360042572, 0.25852030515670776, 0.2574765682220459, 0.2566702365875244, 0.2559843361377716, 0.2550108730792999, 0.25417360663414, 0.25326740741729736, 0.25251010060310364, 0.25166192650794983, 0.2513514459133148, 0.25025343894958496, 0.24962179362773895, 0.24944964051246643, 0.2482488602399826, 0.24773047864437103, 0.24705538153648376, 0.24618488550186157, 0.24557356536388397, 0.24481268227100372, 0.24459899961948395, 0.24350376427173615, 0.2428531050682068, 0.24227362871170044, 0.24182939529418945, 0.24103295803070068, 0.24022899568080902, 0.23964518308639526, 0.23943766951560974, 0.23872822523117065, 0.2383272498846054, 0.23739099502563477, 0.23662714660167694, 0.23620563745498657, 0.23562072217464447, 0.23516599833965302, 0.23470844328403473, 0.23414252698421478, 0.23353734612464905, 0.23285607993602753, 0.23234307765960693, 0.23172122240066528, 0.23169386386871338, 0.23149645328521729, 0.23042087256908417, 0.22994323074817657, 0.2295159101486206, 0.22896736860275269, 0.2286493480205536, 0.22794419527053833, 0.2278841733932495, 0.22703123092651367, 0.22634558379650116, 0.22624295949935913, 0.22596625983715057, 0.22521096467971802, 0.22463825345039368, 0.22415994107723236, 0.2240004539489746, 0.22348901629447937, 0.22272071242332458, 0.222402423620224, 0.22226108610630035, 0.2217157483100891, 0.2213565707206726, 0.22068113088607788, 0.22011566162109375, 0.2196628600358963, 0.21939927339553833, 0.2189675271511078, 0.21864081919193268, 0.21850572526454926, 0.21859094500541687, 0.2174527794122696, 0.21711662411689758, 0.21641649305820465, 0.21656456589698792, 0.21605245769023895, 0.21557612717151642, 0.2152678370475769, 0.21478047966957092, 0.2142050415277481, 0.213973730802536, 0.21367332339286804, 0.2131163626909256, 0.2131289690732956, 0.21275749802589417, 0.2127184271812439, 0.21218156814575195, 0.21165986359119415, 0.21149247884750366, 0.21100378036499023, 0.21098895370960236, 0.21026387810707092, 0.2100570648908615, 0.20968766510486603, 0.20951473712921143, 0.21011973917484283, 0.20902806520462036, 0.20866388082504272, 0.20837552845478058, 0.20800647139549255, 0.20743677020072937, 0.207601398229599, 0.2074274867773056, 0.2069389373064041, 0.20719413459300995, 0.20639564096927643, 0.20668849349021912, 0.20618519186973572, 0.20577609539031982, 0.20577310025691986, 0.20525570213794708, 0.2047562152147293, 0.2051413506269455, 0.2044353485107422, 0.20456162095069885, 0.20372901856899261, 0.20359334349632263, 0.20497360825538635, 0.20337331295013428, 0.20287270843982697, 0.20309291779994965, 0.2024800181388855, 0.20261691510677338, 0.20297014713287354, 0.20196643471717834, 0.2018110454082489, 0.20174695551395416, 0.20121429860591888, 0.2010282278060913, 0.200931116938591, 0.20176242291927338, 0.2006872147321701, 0.20154204964637756, 0.2004263699054718, 0.2006489634513855, 0.20013965666294098, 0.19994163513183594, 0.19951829314231873, 0.19971388578414917, 0.19928191602230072, 0.19971628487110138, 0.19866174459457397, 0.1992223858833313, 0.19849969446659088, 0.1985127478837967, 0.1985945701599121, 0.19850943982601166, 0.19821226596832275, 0.19802065193653107, 0.19749492406845093, 0.19809122383594513, 0.1981229931116104, 0.19742725789546967, 0.1970064789056778, 0.19740770757198334, 0.19696365296840668, 0.1968737542629242, 0.19691576063632965, 0.19642820954322815, 0.19658571481704712, 0.19652146100997925, 0.19620399177074432, 0.19610066711902618, 0.19579634070396423, 0.19614490866661072, 0.19533254206180573, 0.1953221708536148, 0.19588275253772736, 0.1961226910352707, 0.19516679644584656, 0.1947944015264511, 0.19516333937644958, 0.19470424950122833, 0.19466780126094818, 0.195088192820549, 0.19459694623947144, 0.19480182230472565, 0.19428378343582153, 0.1944183111190796, 0.19397573173046112, 0.19441381096839905, 0.19396157562732697, 0.19374220073223114, 0.19318599998950958, 0.1933974325656891, 0.1930997520685196, 0.19382280111312866, 0.1936439573764801, 0.19359071552753448, 0.19340497255325317, 0.19353963434696198, 0.19314317405223846, 0.19282381236553192, 0.19301755726337433, 0.1935487687587738, 0.19295522570610046, 0.192217618227005, 0.19140441715717316, 0.19201108813285828, 0.1921888291835785, 0.19155733287334442, 0.19180072844028473, 0.19202731549739838, 0.1916695535182953, 0.1918545961380005, 0.1913398951292038, 0.19131015241146088, 0.19173657894134521, 0.1919885128736496, 0.1914544701576233, 0.19131019711494446, 0.1917901486158371, 0.19115842878818512, 0.19091781973838806, 0.19099564850330353, 0.19095440208911896, 0.1913764774799347, 0.1912306249141693, 0.19117134809494019, 0.19056673347949982, 0.1899823695421219, 0.19063438475131989, 0.19002677500247955, 0.1905149221420288, 0.18982742726802826, 0.18965065479278564, 0.19060882925987244, 0.19084268808364868, 0.19002629816532135, 0.19038274884223938, 0.1898798942565918, 0.18931838870048523, 0.19011475145816803, 0.18991006910800934, 0.1894078105688095, 0.18933624029159546, 0.1889956146478653, 0.18895497918128967, 0.1891038864850998, 0.18895770609378815, 0.18919651210308075, 0.1892196089029312, 0.18869373202323914, 0.1884981393814087, 0.18891191482543945, 0.18857450783252716, 0.1880018562078476, 0.1885290890932083, 0.18822433054447174, 0.1885274350643158, 0.18926860392093658, 0.18913652002811432, 0.1886259913444519, 0.18809930980205536, 0.1880488246679306, 0.18826335668563843, 0.18880169093608856, 0.18877355754375458, 0.18793514370918274, 0.1882421374320984, 0.18795253336429596, 0.18780653178691864, 0.18782208859920502, 0.187393456697464, 0.18783126771450043, 0.1872957944869995, 0.1875494122505188, 0.18736839294433594, 0.18750935792922974, 0.1868947446346283, 0.18712875247001648, 0.18737199902534485, 0.18699392676353455, 0.18733778595924377, 0.18752771615982056, 0.18695510923862457, 0.18582119047641754, 0.18611668050289154, 0.18743017315864563, 0.18768282234668732, 0.18848329782485962, 0.18664273619651794, 0.18605977296829224, 0.18638922274112701, 0.18701131641864777, 0.1864788979291916, 0.18736211955547333, 0.18671000003814697, 0.18662846088409424, 0.18646235764026642, 0.18604880571365356, 0.18675297498703003, 0.18647773563861847, 0.18638445436954498, 0.1862717866897583, 0.186293825507164, 0.18488000333309174, 0.1856873333454132, 0.18623869121074677, 0.18631213903427124, 0.18556201457977295, 0.1860119104385376,