,number,value,datetime_start,datetime_complete,duration,params_batch_size_scaler,params_constant_learning_rate,params_depth,params_epochs,params_kernel_l2,params_num_trees,params_temperature,user_attrs_accuracy_test,user_attrs_accuracy_valid,user_attrs_approximate_feature_sparsity,user_attrs_approximate_feature_sparsity_history,user_attrs_approximate_weight_sparsity,user_attrs_approximate_weight_sparsity_history,user_attrs_auc_test,user_attrs_auc_valid,user_attrs_feature_sparsity,user_attrs_feature_sparsity_history,user_attrs_num_epochs,user_attrs_val_loss_history,user_attrs_weight_sparsity,user_attrs_weight_sparsity_history,state
46,46,0.8709214102613645,2024-08-31 02:39:01.622443,2024-08-31 02:39:43.573150,0 days 00:00:41.950707,64,1.69365586292144,4,250,0.0018770898978095261,25,0.0011842754336538362,0.907,0.90875,6,"[33, 33, 33, 33, 33, 33, 33, 33, 33, 33, 33, 33, 33, 33, 33, 33, 33, 33, 33, 33, 33, 33, 33, 33, 33, 33, 33, 33, 33, 33, 33, 33, 33, 33, 33, 33, 32, 32, 31, 29, 28, 26, 22, 22, 22, 21, 19, 17, 17, 17, 16, 16, 16, 16, 16, 16, 16, 16, 16, 16, 16, 15, 15, 15, 15, 15, 15, 15, 15, 15, 15, 15, 15, 15, 15, 15, 15, 15, 15, 15, 15, 15, 15, 15, 15, 15, 15, 15, 15, 15, 15, 15, 15, 15, 15, 15, 15, 13, 13, 12, 12, 12, 12, 12, 12, 12, 11, 11, 11, 11, 11, 10, 9, 9, 9, 9, 8, 8, 8, 8, 8, 7, 7, 7, 7, 7, 7, 7, 6, 6, 6, 6, 6, 6, 6, 6, 6, 6, 6, 6, 6, 6, 6, 6, 6, 6, 6, 6, 6, 6, 6, 6, 6, 6, 6, 6, 6, 6, 6, 6, 6, 6, 6, 6, 6, 6, 6, 6, 6, 6, 6, 6, 6, 6, 6, 6, 6, 6, 6, 6, 6, 6, 6, 6, 6, 6, 6, 6, 6, 6, 6, 6, 6, 6, 6, 6, 6, 6, 6, 6, 6, 6, 6, 6, 6, 6, 6, 6, 6, 6, 6, 6, 6, 6, 6, 6, 6, 6, 6, 6, 6, 6, 6, 6, 6, 6, 6, 6, 6, 6, 6, 6, 6, 6, 6, 6, 6, 6, 6, 6, 6, 6, 6, 6, 6, 6, 6, 6, 6, 6]",5.997333333333334,"[32.970666666666666, 32.986666666666665, 32.96533333333333, 32.976, 32.98133333333333, 32.962666666666664, 32.970666666666666, 32.97866666666667, 32.976, 32.989333333333335, 32.970666666666666, 32.97333333333333, 32.98133333333333, 32.97866666666667, 32.976, 32.967999999999996, 32.962666666666664, 32.96533333333333, 32.970666666666666, 32.98133333333334, 32.97333333333333, 32.970666666666666, 32.984, 32.967999999999996, 32.97866666666667, 32.97333333333333, 32.970666666666666, 32.96533333333333, 32.965333333333334, 32.986666666666665, 32.970666666666666, 32.968, 32.976, 32.976, 32.976, 32.973333333333336, 31.989333333333335, 31.981333333333332, 30.976, 28.981333333333335, 27.981333333333332, 25.973333333333333, 21.989333333333335, 21.983999999999998, 21.994666666666667, 20.986666666666668, 18.989333333333335, 16.997333333333334, 16.992, 16.994666666666667, 15.992, 15.989333333333333, 15.989333333333335, 15.994666666666667, 15.994666666666667, 15.997333333333334, 15.989333333333335, 15.992, 15.984000000000002, 15.997333333333334, 15.992, 14.994666666666667, 14.986666666666668, 14.997333333333334, 14.992, 14.992, 14.986666666666668, 14.994666666666667, 14.984000000000002, 14.978666666666665, 14.983999999999998, 14.984000000000002, 14.989333333333335, 14.994666666666667, 14.981333333333334, 14.992, 14.994666666666667, 14.981333333333332, 14.984000000000002, 14.981333333333332, 14.989333333333335, 14.989333333333335, 14.989333333333335, 14.986666666666668, 14.984000000000002, 14.986666666666666, 14.994666666666667, 15.0, 14.989333333333335, 14.981333333333332, 14.997333333333334, 14.983999999999998, 14.994666666666667, 14.989333333333333, 14.989333333333335, 14.986666666666668, 14.992, 12.992, 12.992, 11.991999999999999, 11.986666666666666, 11.989333333333335, 11.989333333333333, 11.992, 11.994666666666667, 12.0, 10.978666666666667, 10.989333333333333, 10.994666666666667, 10.992, 10.997333333333334, 9.997333333333334, 9.0, 8.991999999999999, 8.997333333333334, 8.991999999999999, 7.992000000000001, 7.992, 7.997333333333334, 7.997333333333334, 7.989333333333333, 7.0, 6.997333333333334, 6.997333333333334, 7.0, 6.994666666666667, 7.0, 6.991999999999999, 6.0, 6.0, 6.0, 6.0, 5.997333333333334, 5.989333333333333, 5.997333333333334, 5.997333333333334, 6.0, 6.0, 5.997333333333334, 5.994666666666667, 5.997333333333334, 6.0, 6.0, 6.0, 6.0, 5.997333333333334, 5.994666666666666, 5.997333333333334, 5.994666666666666, 5.994666666666666, 5.994666666666667, 5.992, 5.997333333333334, 5.997333333333334, 5.994666666666666, 5.994666666666666, 5.997333333333334, 5.997333333333334, 5.994666666666666, 5.997333333333334, 5.997333333333334, 5.991999999999999, 5.997333333333334, 5.997333333333334, 6.0, 6.0, 5.997333333333334, 6.0, 6.0, 5.997333333333334, 5.994666666666666, 5.994666666666666, 5.997333333333334, 5.991999999999999, 5.994666666666666, 5.989333333333333, 5.994666666666666, 5.997333333333334, 5.994666666666666, 5.994666666666666, 5.997333333333334, 6.0, 6.0, 5.997333333333334, 5.997333333333334, 6.0, 5.997333333333334, 6.0, 6.0, 5.997333333333334, 5.989333333333333, 5.994666666666666, 5.994666666666666, 6.0, 6.0, 5.994666666666667, 6.0, 5.997333333333334, 5.997333333333334, 6.0, 5.994666666666666, 5.989333333333333, 6.0, 6.0, 5.997333333333334, 5.986666666666666, 5.997333333333334, 5.994666666666667, 5.992, 5.992, 5.994666666666666, 5.992, 5.989333333333333, 5.986666666666666, 5.992, 5.994666666666666, 5.997333333333334, 5.994666666666667, 5.994666666666666, 5.997333333333334, 5.994666666666666, 6.0, 5.997333333333334, 5.994666666666666, 5.997333333333334, 5.994666666666667, 5.994666666666666, 5.991999999999999, 5.994666666666667, 5.997333333333334, 5.994666666666666, 5.991999999999999, 6.0, 6.0, 5.991999999999999, 5.994666666666666, 5.994666666666667, 5.994666666666666, 5.992, 5.994666666666666, 5.997333333333334, 5.991999999999999, 5.997333333333334, 5.997333333333334, 6.0, 5.994666666666666, 5.994666666666666, 5.989333333333334, 5.997333333333334, 5.997333333333334]",0.8703423905415335,0.8709214102613645,6,"[33, 33, 33, 33, 33, 33, 33, 33, 33, 33, 33, 33, 33, 33, 33, 33, 33, 33, 33, 33, 33, 33, 33, 33, 33, 33, 33, 33, 33, 33, 33, 33, 33, 33, 33, 33, 32, 32, 31, 29, 28, 26, 22, 22, 22, 21, 19, 17, 17, 17, 16, 16, 16, 16, 16, 16, 16, 16, 16, 16, 16, 15, 15, 15, 15, 15, 15, 15, 15, 15, 15, 15, 15, 15, 15, 15, 15, 15, 15, 15, 15, 15, 15, 15, 15, 15, 15, 15, 15, 15, 15, 15, 15, 15, 15, 15, 15, 13, 13, 12, 12, 12, 12, 12, 12, 12, 11, 11, 11, 11, 11, 10, 9, 9, 9, 9, 8, 8, 8, 8, 8, 7, 7, 7, 7, 7, 7, 7, 6, 6, 6, 6, 6, 6, 6, 6, 6, 6, 6, 6, 6, 6, 6, 6, 6, 6, 6, 6, 6, 6, 6, 6, 6, 6, 6, 6, 6, 6, 6, 6, 6, 6, 6, 6, 6, 6, 6, 6, 6, 6, 6, 6, 6, 6, 6, 6, 6, 6, 6, 6, 6, 6, 6, 6, 6, 6, 6, 6, 6, 6, 6, 6, 6, 6, 6, 6, 6, 6, 6, 6, 6, 6, 6, 6, 6, 6, 6, 6, 6, 6, 6, 6, 6, 6, 6, 6, 6, 6, 6, 6, 6, 6, 6, 6, 6, 6, 6, 6, 6, 6, 6, 6, 6, 6, 6, 6, 6, 6, 6, 6, 6, 6, 6, 6, 6, 6, 6, 6, 6, 6]",250,"[0.3979378938674927, 0.3849598169326782, 0.3779206871986389, 0.375568151473999, 0.37144923210144043, 0.363280326128006, 0.36208659410476685, 0.35650816559791565, 0.3522360920906067, 0.34898582100868225, 0.3483092784881592, 0.34933045506477356, 0.3456246554851532, 0.3405360281467438, 0.3357425034046173, 0.3322673439979553, 0.33124199509620667, 0.32417356967926025, 0.3228287100791931, 0.31658682227134705, 0.3126976191997528, 0.3147747814655304, 0.31609025597572327, 0.306227445602417, 0.3103509545326233, 0.3010409474372864, 0.2986396849155426, 0.2936740219593048, 0.2897395193576813, 0.3096509277820587, 0.2840910255908966, 0.2804066836833954, 0.2780435383319855, 0.2805502712726593, 0.27443215250968933, 0.27120858430862427, 0.2725202739238739, 0.2652573585510254, 0.26505616307258606, 0.26351115107536316, 0.26019978523254395, 0.2583111822605133, 0.25658559799194336, 0.2574862539768219, 0.2536293566226959, 0.25425365567207336, 0.2492865025997162, 0.24522854387760162, 0.2462221086025238, 0.24584713578224182, 0.25466790795326233, 0.24208034574985504, 0.24208007752895355, 0.24465712904930115, 0.24075345695018768, 0.23894144594669342, 0.23556777834892273, 0.23815055191516876, 0.24030008912086487, 0.23393850028514862, 0.2405371218919754, 0.2341354489326477, 0.23589354753494263, 0.23529793322086334, 0.23187190294265747, 0.23456235229969025, 0.22987665235996246, 0.22858186066150665, 0.24221394956111908, 0.2285814881324768, 0.23088593780994415, 0.2305179089307785, 0.2231200635433197, 0.22336101531982422, 0.22743818163871765, 0.22163215279579163, 0.22206781804561615, 0.2204255610704422, 0.22019946575164795, 0.22292833030223846, 0.2196977287530899, 0.2203698605298996, 0.22080755233764648, 0.216411292552948, 0.21675339341163635, 0.2150155007839203, 0.21812096238136292, 0.21671195328235626, 0.2141568511724472, 0.21342085301876068, 0.21166115999221802, 0.21400171518325806, 0.21067747473716736, 0.21228791773319244, 0.21083885431289673, 0.21220940351486206, 0.20709757506847382, 0.2573973536491394, 0.2553529739379883, 0.2611493468284607, 0.2604086101055145, 0.26044389605522156, 0.2607344090938568, 0.26149705052375793, 0.26167139410972595, 0.2601660192012787, 0.3129418194293976, 0.2697191536426544, 0.2699064016342163, 0.2815276086330414, 0.2718455493450165, 0.2734683156013489, 0.2753280997276306, 0.27771133184432983, 0.2719464898109436, 0.271402508020401, 0.27485567331314087, 0.2773014008998871, 0.27685558795928955, 0.271901398897171, 0.27037596702575684, 0.27011001110076904, 0.2712080180644989, 0.26964589953422546, 0.2718423008918762, 0.27456268668174744, 0.2705758810043335, 0.27853161096572876, 0.27266091108322144, 0.2708244025707245, 0.2699331045150757, 0.2717287838459015, 0.26829788088798523, 0.27305641770362854, 0.2699005901813507, 0.26947924494743347, 0.26750320196151733, 0.2755771279335022, 0.2663198411464691, 0.27206987142562866, 0.2705197036266327, 0.2658812999725342, 0.2832408845424652, 0.26340630650520325, 0.2652387320995331, 0.26474589109420776, 0.2647791802883148, 0.2645171880722046, 0.26342788338661194, 0.26415514945983887, 0.26827573776245117, 0.26422664523124695, 0.2671473026275635, 0.2709110975265503, 0.26274722814559937, 0.2622591257095337, 0.26157358288764954, 0.26390567421913147, 0.2617124915122986, 0.2754647433757782, 0.26370739936828613, 0.2617592513561249, 0.2623178958892822, 0.2715729773044586, 0.2609569728374481, 0.26755067706108093, 0.26028284430503845, 0.2680908441543579, 0.2620433568954468, 0.26044416427612305, 0.2650732696056366, 0.26077932119369507, 0.259779691696167, 0.2615952789783478, 0.2599177658557892, 0.2599486708641052, 0.2621992230415344, 0.2600635588169098, 0.2642234265804291, 0.2901490330696106, 0.27072155475616455, 0.2609892785549164, 0.2589443325996399, 0.2590392231941223, 0.2598777115345001, 0.25931045413017273, 0.25813084840774536, 0.26309308409690857, 0.26006826758384705, 0.2795892059803009, 0.26044324040412903, 0.2588222324848175, 0.25836580991744995, 0.2589470446109772, 0.2591710388660431, 0.2596778869628906, 0.26175418496131897, 0.26033535599708557, 0.25929683446884155, 0.26889991760253906, 0.2637556195259094, 0.2619701027870178, 0.2604380249977112, 0.26072707772254944, 0.26333722472190857, 0.2653253376483917, 0.25985267758369446, 0.27869367599487305, 0.2613305449485779, 0.2590668499469757, 0.25869765877723694, 0.26331600546836853, 0.2584671676158905, 0.27983030676841736, 0.2635959982872009, 0.2607560455799103, 0.260050505399704, 0.26184332370758057, 0.2582705616950989, 0.25843343138694763, 0.25747746229171753, 0.25971177220344543, 0.2588822841644287, 0.26191654801368713, 0.25866684317588806, 0.26269006729125977, 0.2608380913734436, 0.25906050205230713, 0.25962400436401367, 0.26605790853500366, 0.27728283405303955, 0.2586660087108612, 0.25758272409439087, 0.25719153881073, 0.2591797411441803, 0.2743074595928192, 0.25882384181022644, 0.26002299785614014, 0.2566942274570465, 0.25884896516799927, 0.26140037178993225, 0.2856621742248535, 0.2604112923145294, 0.2577093839645386, 0.26383137702941895, 0.25657975673675537, 0.2596002221107483, 0.2577717900276184, 0.25993192195892334, 0.2594689428806305]",6.0,"[33.0, 33.0, 33.0, 33.0, 33.0, 33.0, 33.0, 33.0, 33.0, 33.0, 33.0, 33.0, 33.0, 33.0, 33.0, 33.0, 33.0, 33.0, 33.0, 33.0, 33.0, 33.0, 33.0, 33.0, 33.0, 33.0, 33.0, 33.0, 33.0, 33.0, 33.0, 33.0, 33.0, 33.0, 33.0, 33.0, 32.0, 32.0, 31.0, 29.0, 28.0, 26.0, 22.0, 22.0, 22.0, 21.0, 19.0, 17.0, 17.0, 17.0, 16.0, 16.0, 16.0, 16.0, 16.0, 16.0, 16.0, 16.0, 16.0, 16.0, 16.0, 15.0, 15.0, 15.0, 15.0, 15.0, 15.0, 15.0, 15.0, 15.0, 15.0, 15.0, 15.0, 15.0, 15.0, 15.0, 15.0, 15.0, 15.0, 15.0, 15.0, 15.0, 15.0, 15.0, 15.0, 15.0, 15.0, 15.0, 15.0, 15.0, 15.0, 15.0, 15.0, 15.0, 15.0, 15.0, 15.0, 13.0, 13.0, 12.0, 12.0, 12.0, 12.0, 12.0, 12.0, 12.0, 11.0, 11.0, 11.0, 11.0, 11.0, 10.0, 9.0, 9.0, 9.0, 9.0, 8.0, 8.0, 8.0, 8.0, 8.0, 7.0, 7.0, 7.0, 7.0, 7.0, 7.0, 7.0, 6.0, 6.0, 6.0, 6.0, 6.0, 6.0, 6.0, 6.0, 6.0, 6.0, 6.0, 6.0, 6.0, 6.0, 6.0, 6.0, 6.0, 6.0, 6.0, 6.0, 6.0, 6.0, 6.0, 6.0, 6.0, 6.0, 6.0, 6.0, 6.0, 6.0, 6.0, 6.0, 6.0, 6.0, 6.0, 6.0, 6.0, 6.0, 6.0, 6.0, 6.0, 6.0, 6.0, 6.0, 6.0, 6.0, 6.0, 6.0, 6.0, 6.0, 6.0, 6.0, 6.0, 6.0, 6.0, 6.0, 6.0, 6.0, 6.0, 6.0, 6.0, 6.0, 6.0, 6.0, 6.0, 6.0, 6.0, 6.0, 6.0, 6.0, 6.0, 6.0, 6.0, 6.0, 6.0, 6.0, 6.0, 6.0, 6.0, 6.0, 6.0, 6.0, 6.0, 6.0, 6.0, 6.0, 6.0, 6.0, 6.0, 6.0, 6.0, 6.0, 6.0, 6.0, 6.0, 6.0, 6.0, 6.0, 6.0, 6.0, 6.0, 6.0, 6.0, 6.0, 6.0, 6.0, 6.0, 6.0, 6.0, 6.0, 6.0, 6.0, 6.0, 6.0, 6.0, 6.0, 6.0, 6.0, 6.0, 6.0, 6.0, 6.0]",COMPLETE
