,number,value,datetime_start,datetime_complete,duration,params_batch_size_scaler,params_constant_learning_rate,params_depth,params_epochs,params_kernel_l2,params_num_trees,params_temperature,user_attrs_accuracy_test,user_attrs_accuracy_valid,user_attrs_approximate_feature_sparsity,user_attrs_approximate_feature_sparsity_history,user_attrs_approximate_weight_sparsity,user_attrs_approximate_weight_sparsity_history,user_attrs_auc_test,user_attrs_auc_valid,user_attrs_feature_sparsity,user_attrs_feature_sparsity_history,user_attrs_num_epochs,user_attrs_val_loss_history,user_attrs_weight_sparsity,user_attrs_weight_sparsity_history,state
2,2,0.5,2024-08-31 00:34:05.128655,2024-08-31 00:37:47.032196,0 days 00:03:41.903541,1,0.0960930201134915,1,485,0.7597665093474567,15,0.0003674886808676867,0.859,0.85875,0,"[2, 0, 0, 0, 0, 0, 0, 0, 0, 0, 0, 0, 0, 0, 0, 0, 0, 0, 0, 0, 0, 0, 0, 0, 0, 0, 0, 0, 0, 0, 0, 0, 0, 0, 0, 0, 0, 0, 0, 0, 0, 0, 0, 0, 0, 0, 0, 0, 0, 0, 0, 0, 0, 0, 0, 0, 0, 0, 0, 0, 0, 0, 0, 0, 0, 0, 0, 0, 0, 0, 0, 0, 0, 0, 0, 0, 0, 0, 0, 0, 0, 0, 0, 0, 0, 0, 0, 0, 0, 0, 0, 0, 0, 0, 0, 0, 0, 0, 0, 0, 0, 0, 0, 0, 0, 0, 0, 0, 0, 0, 0, 0, 0, 0, 0, 0, 0, 0, 0, 0, 0, 0, 0, 0, 0, 0, 0, 0, 0, 0, 0, 0, 0, 0, 0, 0, 0, 0, 0, 0, 0, 0, 0, 0, 0, 0, 0, 0, 0, 0, 0, 0, 0, 0, 0, 0, 0, 0, 0, 0, 0, 0, 0, 0, 0, 0, 0, 0, 0, 0, 0, 0, 0, 0, 0, 0, 0, 0, 0, 0, 0, 0, 0, 0, 0, 0, 0, 0, 0, 0, 0, 0, 0, 0, 0, 0, 0, 0, 0, 0, 0, 0, 0, 0, 0, 0, 0, 0, 0, 0, 0, 0, 0, 0, 0, 0, 0, 0, 0, 0, 0, 0, 0, 0, 0, 0, 0, 0, 0, 0, 0, 0, 0, 0, 0, 0, 0, 0, 0, 0, 0, 0, 0, 0, 0, 0, 0, 0, 0, 0, 0, 0, 0, 0, 0, 0, 0, 0, 0, 0, 0, 0, 0, 0, 0, 0, 0, 0, 0, 0, 0, 0, 0, 0, 0, 0, 0, 0, 0, 0, 0, 0, 0, 0, 0, 0, 0, 0, 0, 0, 0, 0, 0, 0, 0, 0, 0, 0, 0, 0, 0, 0, 0, 0, 0, 0, 0, 0, 0, 0, 0, 0, 0, 0, 0, 0, 0, 0, 0, 0, 0, 0, 0, 0, 0, 0, 0, 0, 0, 0, 0, 0, 0, 0, 0, 0, 0, 0, 0, 0, 0, 0, 0, 0, 0, 0, 0, 0, 0, 0, 0, 0, 0, 0, 0, 0, 0, 0, 0, 0, 0, 0, 0, 0, 0, 0, 0, 0, 0, 0, 0, 0, 0, 0, 0, 0, 0, 0, 0, 0, 0, 0, 0, 0, 0, 0, 0, 0, 0, 0, 0, 0, 0, 0, 0, 0, 0, 0, 0, 0, 0, 0, 0, 0, 0, 0, 0, 0, 0, 0, 0, 0, 0, 0, 0, 0, 0, 0, 0, 0, 0, 0, 0, 0, 0, 0, 0, 0, 0, 0, 0, 0, 0, 0, 0, 0, 0, 0, 0, 0, 0, 0, 0, 0, 0, 0, 0, 0, 0, 0, 0, 0, 0, 0, 0, 0, 0, 0, 0, 0, 0, 0, 0, 0, 0, 0, 0, 0, 0, 0, 0, 0, 0, 0, 0, 0, 0, 0, 0, 0, 0, 0, 0, 0, 0]",0.0,"[2.0, 0.0, 0.0, 0.0, 0.0, 0.0, 0.0, 0.0, 0.0, 0.0, 0.0, 0.0, 0.0, 0.0, 0.0, 0.0, 0.0, 0.0, 0.0, 0.0, 0.0, 0.0, 0.0, 0.0, 0.0, 0.0, 0.0, 0.0, 0.0, 0.0, 0.0, 0.0, 0.0, 0.0, 0.0, 0.0, 0.0, 0.0, 0.0, 0.0, 0.0, 0.0, 0.0, 0.0, 0.0, 0.0, 0.0, 0.0, 0.0, 0.0, 0.0, 0.0, 0.0, 0.0, 0.0, 0.0, 0.0, 0.0, 0.0, 0.0, 0.0, 0.0, 0.0, 0.0, 0.0, 0.0, 0.0, 0.0, 0.0, 0.0, 0.0, 0.0, 0.0, 0.0, 0.0, 0.0, 0.0, 0.0, 0.0, 0.0, 0.0, 0.0, 0.0, 0.0, 0.0, 0.0, 0.0, 0.0, 0.0, 0.0, 0.0, 0.0, 0.0, 0.0, 0.0, 0.0, 0.0, 0.0, 0.0, 0.0, 0.0, 0.0, 0.0, 0.0, 0.0, 0.0, 0.0, 0.0, 0.0, 0.0, 0.0, 0.0, 0.0, 0.0, 0.0, 0.0, 0.0, 0.0, 0.0, 0.0, 0.0, 0.0, 0.0, 0.0, 0.0, 0.0, 0.0, 0.0, 0.0, 0.0, 0.0, 0.0, 0.0, 0.0, 0.0, 0.0, 0.0, 0.0, 0.0, 0.0, 0.0, 0.0, 0.0, 0.0, 0.0, 0.0, 0.0, 0.0, 0.0, 0.0, 0.0, 0.0, 0.0, 0.0, 0.0, 0.0, 0.0, 0.0, 0.0, 0.0, 0.0, 0.0, 0.0, 0.0, 0.0, 0.0, 0.0, 0.0, 0.0, 0.0, 0.0, 0.0, 0.0, 0.0, 0.0, 0.0, 0.0, 0.0, 0.0, 0.0, 0.0, 0.0, 0.0, 0.0, 0.0, 0.0, 0.0, 0.0, 0.0, 0.0, 0.0, 0.0, 0.0, 0.0, 0.0, 0.0, 0.0, 0.0, 0.0, 0.0, 0.0, 0.0, 0.0, 0.0, 0.0, 0.0, 0.0, 0.0, 0.0, 0.0, 0.0, 0.0, 0.0, 0.0, 0.0, 0.0, 0.0, 0.0, 0.0, 0.0, 0.0, 0.0, 0.0, 0.0, 0.0, 0.0, 0.0, 0.0, 0.0, 0.0, 0.0, 0.0, 0.0, 0.0, 0.0, 0.0, 0.0, 0.0, 0.0, 0.0, 0.0, 0.0, 0.0, 0.0, 0.0, 0.0, 0.0, 0.0, 0.0, 0.0, 0.0, 0.0, 0.0, 0.0, 0.0, 0.0, 0.0, 0.0, 0.0, 0.0, 0.0, 0.0, 0.0, 0.0, 0.0, 0.0, 0.0, 0.0, 0.0, 0.0, 0.0, 0.0, 0.0, 0.0, 0.0, 0.0, 0.0, 0.0, 0.0, 0.0, 0.0, 0.0, 0.0, 0.0, 0.0, 0.0, 0.0, 0.0, 0.0, 0.0, 0.0, 0.0, 0.0, 0.0, 0.0, 0.0, 0.0, 0.0, 0.0, 0.0, 0.0, 0.0, 0.0, 0.0, 0.0, 0.0, 0.0, 0.0, 0.0, 0.0, 0.0, 0.0, 0.0, 0.0, 0.0, 0.0, 0.0, 0.0, 0.0, 0.0, 0.0, 0.0, 0.0, 0.0, 0.0, 0.0, 0.0, 0.0, 0.0, 0.0, 0.0, 0.0, 0.0, 0.0, 0.0, 0.0, 0.0, 0.0, 0.0, 0.0, 0.0, 0.0, 0.0, 0.0, 0.0, 0.0, 0.0, 0.0, 0.0, 0.0, 0.0, 0.0, 0.0, 0.0, 0.0, 0.0, 0.0, 0.0, 0.0, 0.0, 0.0, 0.0, 0.0, 0.0, 0.0, 0.0, 0.0, 0.0, 0.0, 0.0, 0.0, 0.0, 0.0, 0.0, 0.0, 0.0, 0.0, 0.0, 0.0, 0.0, 0.0, 0.0, 0.0, 0.0, 0.0, 0.0, 0.0, 0.0, 0.0, 0.0, 0.0, 0.0, 0.0, 0.0, 0.0, 0.0, 0.0, 0.0, 0.0, 0.0, 0.0, 0.0, 0.0, 0.0, 0.0, 0.0, 0.0, 0.0, 0.0, 0.0, 0.0, 0.0, 0.0, 0.0, 0.0, 0.0, 0.0, 0.0, 0.0, 0.0, 0.0, 0.0, 0.0, 0.0, 0.0, 0.0, 0.0, 0.0, 0.0, 0.0, 0.0, 0.0, 0.0, 0.0, 0.0, 0.0, 0.0, 0.0, 0.0, 0.0, 0.0, 0.0, 0.0, 0.0, 0.0, 0.0, 0.0, 0.0, 0.0, 0.0, 0.0, 0.0, 0.0, 0.0, 0.0, 0.0, 0.0, 0.0, 0.0, 0.0, 0.0, 0.0, 0.0, 0.0, 0.0, 0.0, 0.0, 0.0, 0.0, 0.0, 0.0, 0.0, 0.0, 0.0, 0.0, 0.0, 0.0, 0.0, 0.0, 0.0, 0.0, 0.0, 0.0, 0.0, 0.0]",0.5,0.5,0,"[2, 0, 0, 0, 0, 0, 0, 0, 0, 0, 0, 0, 0, 0, 0, 0, 0, 0, 0, 0, 0, 0, 0, 0, 0, 0, 0, 0, 0, 0, 0, 0, 0, 0, 0, 0, 0, 0, 0, 0, 0, 0, 0, 0, 0, 0, 0, 0, 0, 0, 0, 0, 0, 0, 0, 0, 0, 0, 0, 0, 0, 0, 0, 0, 0, 0, 0, 0, 0, 0, 0, 0, 0, 0, 0, 0, 0, 0, 0, 0, 0, 0, 0, 0, 0, 0, 0, 0, 0, 0, 0, 0, 0, 0, 0, 0, 0, 0, 0, 0, 0, 0, 0, 0, 0, 0, 0, 0, 0, 0, 0, 0, 0, 0, 0, 0, 0, 0, 0, 0, 0, 0, 0, 0, 0, 0, 0, 0, 0, 0, 0, 0, 0, 0, 0, 0, 0, 0, 0, 0, 0, 0, 0, 0, 0, 0, 0, 0, 0, 0, 0, 0, 0, 0, 0, 0, 0, 0, 0, 0, 0, 0, 0, 0, 0, 0, 0, 0, 0, 0, 0, 0, 0, 0, 0, 0, 0, 0, 0, 0, 0, 0, 0, 0, 0, 0, 0, 0, 0, 0, 0, 0, 0, 0, 0, 0, 0, 0, 0, 0, 0, 0, 0, 0, 0, 0, 0, 0, 0, 0, 0, 0, 0, 0, 0, 0, 0, 0, 0, 0, 0, 0, 0, 0, 0, 0, 0, 0, 0, 0, 0, 0, 0, 0, 0, 0, 0, 0, 0, 0, 0, 0, 0, 0, 0, 0, 0, 0, 0, 0, 0, 0, 0, 0, 0, 0, 0, 0, 0, 0, 0, 0, 0, 0, 0, 0, 0, 0, 0, 0, 0, 0, 0, 0, 0, 0, 0, 0, 0, 0, 0, 0, 0, 0, 0, 0, 0, 0, 0, 0, 0, 0, 0, 0, 0, 0, 0, 0, 0, 0, 0, 0, 0, 0, 0, 0, 0, 0, 0, 0, 0, 0, 0, 0, 0, 0, 0, 0, 0, 0, 0, 0, 0, 0, 0, 0, 0, 0, 0, 0, 0, 0, 0, 0, 0, 0, 0, 0, 0, 0, 0, 0, 0, 0, 0, 0, 0, 0, 0, 0, 0, 0, 0, 0, 0, 0, 0, 0, 0, 0, 0, 0, 0, 0, 0, 0, 0, 0, 0, 0, 0, 0, 0, 0, 0, 0, 0, 0, 0, 0, 0, 0, 0, 0, 0, 0, 0, 0, 0, 0, 0, 0, 0, 0, 0, 0, 0, 0, 0, 0, 0, 0, 0, 0, 0, 0, 0, 0, 0, 0, 0, 0, 0, 0, 0, 0, 0, 0, 0, 0, 0, 0, 0, 0, 0, 0, 0, 0, 0, 0, 0, 0, 0, 0, 0, 0, 0, 0, 0, 0, 0, 0, 0, 0, 0, 0, 0, 0, 0, 0, 0, 0, 0, 0, 0, 0, 0, 0, 0, 0, 0, 0, 0, 0, 0, 0, 0, 0, 0, 0, 0, 0, 0, 0, 0, 0, 0, 0, 0, 0, 0, 0, 0, 0, 0]",485,"[0.3997970223426819, 0.4086013734340668, 0.4166894257068634, 0.42042768001556396, 0.40804943442344666, 0.4078954756259918, 0.4190307855606079, 0.41156402230262756, 0.4110690951347351, 0.4101751446723938, 0.4080345034599304, 0.4153054356575012, 0.41012969613075256, 0.42116719484329224, 0.40942856669425964, 0.40959328413009644, 0.41012442111968994, 0.40724891424179077, 0.4076049327850342, 0.4151577651500702, 0.4081348180770874, 0.4074803292751312, 0.4072394073009491, 0.41163748502731323, 0.4097251892089844, 0.4079248309135437, 0.4104726314544678, 0.4073878824710846, 0.42659714818000793, 0.4096766710281372, 0.40771931409835815, 0.4083687663078308, 0.40724825859069824, 0.4102310538291931, 0.4073178768157959, 0.4158967137336731, 0.40737250447273254, 0.42167407274246216, 0.41174277663230896, 0.407501757144928, 0.40722671151161194, 0.408767968416214, 0.41110146045684814, 0.40722694993019104, 0.40730804204940796, 0.4090448021888733, 0.4072306752204895, 0.40781018137931824, 0.4076176583766937, 0.4072730541229248, 0.4076889753341675, 0.4079967141151428, 0.40723103284835815, 0.41298431158065796, 0.4121211767196655, 0.4073289930820465, 0.407429963350296, 0.4099191427230835, 0.40739381313323975, 0.41008585691452026, 0.40730056166648865, 0.40849339962005615, 0.4118764400482178, 0.4073726236820221, 0.40756943821907043, 0.408123254776001, 0.4107625186443329, 0.4082948565483093, 0.43499889969825745, 0.40811407566070557, 0.4078693687915802, 0.4074520766735077, 0.4075261354446411, 0.4076000452041626, 0.4083450436592102, 0.4072420597076416, 0.41087400913238525, 0.4091297388076782, 0.407805472612381, 0.4079599678516388, 0.4105387032032013, 0.4217076003551483, 0.4073169231414795, 0.40803107619285583, 0.4072275161743164, 0.409978449344635, 0.4076940417289734, 0.407250314950943, 0.4081992208957672, 0.41002604365348816, 0.4098765552043915, 0.41106247901916504, 0.4087851643562317, 0.40724772214889526, 0.4084259867668152, 0.4110254645347595, 0.4113658666610718, 0.40730398893356323, 0.4092046022415161, 0.4101693034172058, 0.40846526622772217, 0.4078018069267273, 0.40728873014450073, 0.4072546064853668, 0.4150936007499695, 0.4109315574169159, 0.41297009587287903, 0.42117905616760254, 0.4086848199367523, 0.40926429629325867, 0.4073413014411926, 0.41215309500694275, 0.40765342116355896, 0.41714727878570557, 0.4080585539340973, 0.41276511549949646, 0.4073165953159332, 0.4091210663318634, 0.41429832577705383, 0.4072341024875641, 0.4073198437690735, 0.40740707516670227, 0.4084829092025757, 0.4119339883327484, 0.4081200063228607, 0.40850281715393066, 0.4225383996963501, 0.4083789587020874, 0.40734538435935974, 0.40764033794403076, 0.4171890914440155, 0.4073043465614319, 0.4103349447250366, 0.409494012594223, 0.416229784488678, 0.40786099433898926, 0.417049378156662, 0.40761399269104004, 0.40901103615760803, 0.40839463472366333, 0.40723156929016113, 0.41256436705589294, 0.4106694161891937, 0.4082392752170563, 0.40722939372062683, 0.40742480754852295, 0.4204038679599762, 0.4125281870365143, 0.41134271025657654, 0.4076903164386749, 0.4102259576320648, 0.40731802582740784, 0.41063740849494934, 0.40826934576034546, 0.4100796580314636, 0.41449859738349915, 0.41104960441589355, 0.40765580534935, 0.4072892665863037, 0.41285407543182373, 0.41167595982551575, 0.4191875457763672, 0.415120005607605, 0.40919455885887146, 0.4072765111923218, 0.40949687361717224, 0.40727904438972473, 0.4124576151371002, 0.40722665190696716, 0.4186822474002838, 0.4120081663131714, 0.40773019194602966, 0.4072301387786865, 0.4072532653808594, 0.40727052092552185, 0.4084264039993286, 0.4080732762813568, 0.4072292447090149, 0.4088141918182373, 0.407511442899704, 0.40774062275886536, 0.4109010398387909, 0.40854549407958984, 0.4180450141429901, 0.4114346206188202, 0.4074363708496094, 0.4076336622238159, 0.43673184514045715, 0.411239892244339, 0.40730294585227966, 0.40746647119522095, 0.4111807346343994, 0.41134724020957947, 0.41170811653137207, 0.41816413402557373, 0.40742477774620056, 0.4108330011367798, 0.4100113809108734, 0.4140518307685852, 0.4087374806404114, 0.40732815861701965, 0.41147273778915405, 0.4080043435096741, 0.40913674235343933, 0.4072423279285431, 0.407289057970047, 0.4080209732055664, 0.40724867582321167, 0.40922123193740845, 0.40837037563323975, 0.41083744168281555, 0.4101790189743042, 0.4072440266609192, 0.40967875719070435, 0.41083773970603943, 0.40800049901008606, 0.4072364866733551, 0.40882083773612976, 0.40724000334739685, 0.41289612650871277, 0.40875422954559326, 0.4090273678302765, 0.40786200761795044, 0.4088193476200104, 0.4081970155239105, 0.4182634651660919, 0.40773648023605347, 0.40746229887008667, 0.4083901345729828, 0.40727555751800537, 0.40967461466789246, 0.4077468514442444, 0.4085571765899658, 0.4107781648635864, 0.4092099368572235, 0.4073789715766907, 0.4080343246459961, 0.40885499119758606, 0.4072330594062805, 0.4086957573890686, 0.4084596633911133, 0.41719138622283936, 0.407431423664093, 0.4143819808959961, 0.4101905822753906, 0.4081467390060425, 0.407243549823761, 0.4112117886543274, 0.4072881042957306, 0.40731334686279297, 0.4100978970527649, 0.4090726971626282, 0.40761101245880127, 0.4090498089790344, 0.4072912931442261, 0.40784376859664917, 0.4121675491333008, 0.41059887409210205, 0.40722712874412537, 0.40928882360458374, 0.41656264662742615, 0.41301262378692627, 0.408568799495697, 0.4080468416213989, 0.4076843559741974, 0.4073629081249237, 0.40726912021636963, 0.4072275459766388, 0.4072261452674866, 0.41075530648231506, 0.40812739729881287, 0.40750735998153687, 0.4088471531867981, 0.4072677493095398, 0.4108215272426605, 0.4076825678348541, 0.40731242299079895, 0.4098668694496155, 0.4073721766471863, 0.41061562299728394, 0.4073292911052704, 0.40936604142189026, 0.4130393862724304, 0.4145207107067108, 0.4081355929374695, 0.4072350561618805, 0.4117112457752228, 0.40722694993019104, 0.4072919487953186, 0.4115563631057739, 0.4088065028190613, 0.4093712866306305, 0.4072486460208893, 0.40760913491249084, 0.40734755992889404, 0.4074115753173828, 0.4154454171657562, 0.4075924754142761, 0.4115428030490875, 0.4087999761104584, 0.41009098291397095, 0.40795594453811646, 0.4081553518772125, 0.40723538398742676, 0.409698486328125, 0.4152797758579254, 0.4097368121147156, 0.407762348651886, 0.41356173157691956, 0.4072377681732178, 0.41253718733787537, 0.40842995047569275, 0.41551536321640015, 0.40741875767707825, 0.4087752103805542, 0.4072330594062805, 0.4076916575431824, 0.4072716534137726, 0.4074532389640808, 0.40727680921554565, 0.4090713560581207, 0.40722885727882385, 0.4072505533695221, 0.40797173976898193, 0.40892043709754944, 0.4072346091270447, 0.4099111258983612, 0.40724658966064453, 0.416737824678421, 0.40758976340293884, 0.40753108263015747, 0.41831454634666443, 0.4138542413711548, 0.4072302579879761, 0.40724050998687744, 0.41272395849227905, 0.40777647495269775, 0.407260537147522, 0.4072379171848297, 0.4074203073978424, 0.4139086604118347, 0.4079183340072632, 0.4078761339187622, 0.40925583243370056, 0.407492071390152, 0.4072273373603821, 0.4075302481651306, 0.4091699719429016, 0.4082900285720825, 0.40741392970085144, 0.407236248254776, 0.4145429730415344, 0.4137172996997833, 0.40740570425987244, 0.4073128402233124, 0.4136407971382141, 0.4072260558605194, 0.4089636504650116, 0.4072328209877014, 0.4097221791744232, 0.41459032893180847, 0.4081020653247833, 0.4076363444328308, 0.42504456639289856, 0.40970489382743835, 0.4084145724773407, 0.40881648659706116, 0.40726402401924133, 0.40774083137512207, 0.4072350263595581, 0.40964388847351074, 0.40723133087158203, 0.4081314206123352, 0.4085722267627716, 0.4078844487667084, 0.410150408744812, 0.4212552011013031, 0.430073618888855, 0.407461553812027, 0.40743184089660645, 0.4162307679653168, 0.40722665190696716, 0.41025790572166443, 0.40829941630363464, 0.40724942088127136, 0.40731826424598694, 0.40809595584869385, 0.4142089784145355, 0.4109762907028198, 0.4075605869293213, 0.41418713331222534, 0.40722736716270447, 0.4267083406448364, 0.40734314918518066, 0.4092037081718445, 0.41128024458885193, 0.41022393107414246, 0.40939345955848694, 0.4079080820083618, 0.4072774052619934, 0.4112246334552765, 0.4084486663341522, 0.4099554121494293, 0.40847283601760864, 0.40789559483528137, 0.40735718607902527, 0.4073619842529297, 0.40777668356895447, 0.40999144315719604, 0.40785083174705505, 0.4072997570037842, 0.40804317593574524, 0.40728867053985596, 0.40738269686698914, 0.4073273539543152, 0.41694149374961853, 0.4072287678718567, 0.41030198335647583, 0.4076969623565674, 0.40950486063957214, 0.40979260206222534, 0.4074920415878296, 0.4097102880477905, 0.4072614908218384, 0.4212736487388611, 0.4111146628856659, 0.4073654115200043, 0.407266229391098, 0.41332295536994934, 0.40726760029792786, 0.4102449417114258, 0.41448235511779785, 0.4111063480377197, 0.41428399085998535, 0.40742748975753784, 0.4077317714691162, 0.41577857732772827, 0.408930242061615, 0.407978892326355, 0.4073869585990906, 0.4158109426498413, 0.42113128304481506, 0.4072662591934204, 0.40912413597106934, 0.4082568287849426, 0.4103763997554779, 0.40811070799827576, 0.41040506958961487, 0.4119923710823059, 0.40835681557655334, 0.4103156328201294, 0.4123136103153229, 0.4079805016517639, 0.4076445698738098, 0.4259791970252991, 0.40722766518592834, 0.4072522222995758, 0.40905267000198364, 0.41054457426071167, 0.40923523902893066, 0.4086321294307709, 0.40739327669143677, 0.412740558385849, 0.407967746257782, 0.4105283319950104, 0.40754109621047974, 0.40986788272857666, 0.4074658453464508, 0.40791499614715576, 0.40889614820480347, 0.40818238258361816, 0.4091431796550751, 0.4078446924686432, 0.4111243486404419, 0.40851977467536926, 0.4084720313549042, 0.41475147008895874, 0.40771591663360596, 0.41371554136276245, 0.4098667800426483, 0.40749847888946533, 0.41315189003944397, 0.4082576036453247, 0.4080941081047058, 0.408939927816391]",0.0,"[2.0, 0.0, 0.0, 0.0, 0.0, 0.0, 0.0, 0.0, 0.0, 0.0, 0.0, 0.0, 0.0, 0.0, 0.0, 0.0, 0.0, 0.0, 0.0, 0.0, 0.0, 0.0, 0.0, 0.0, 0.0, 0.0, 0.0, 0.0, 0.0, 0.0, 0.0, 0.0, 0.0, 0.0, 0.0, 0.0, 0.0, 0.0, 0.0, 0.0, 0.0, 0.0, 0.0, 0.0, 0.0, 0.0, 0.0, 0.0, 0.0, 0.0, 0.0, 0.0, 0.0, 0.0, 0.0, 0.0, 0.0, 0.0, 0.0, 0.0, 0.0, 0.0, 0.0, 0.0, 0.0, 0.0, 0.0, 0.0, 0.0, 0.0, 0.0, 0.0, 0.0, 0.0, 0.0, 0.0, 0.0, 0.0, 0.0, 0.0, 0.0, 0.0, 0.0, 0.0, 0.0, 0.0, 0.0, 0.0, 0.0, 0.0, 0.0, 0.0, 0.0, 0.0, 0.0, 0.0, 0.0, 0.0, 0.0, 0.0, 0.0, 0.0, 0.0, 0.0, 0.0, 0.0, 0.0, 0.0, 0.0, 0.0, 0.0, 0.0, 0.0, 0.0, 0.0, 0.0, 0.0, 0.0, 0.0, 0.0, 0.0, 0.0, 0.0, 0.0, 0.0, 0.0, 0.0, 0.0, 0.0, 0.0, 0.0, 0.0, 0.0, 0.0, 0.0, 0.0, 0.0, 0.0, 0.0, 0.0, 0.0, 0.0, 0.0, 0.0, 0.0, 0.0, 0.0, 0.0, 0.0, 0.0, 0.0, 0.0, 0.0, 0.0, 0.0, 0.0, 0.0, 0.0, 0.0, 0.0, 0.0, 0.0, 0.0, 0.0, 0.0, 0.0, 0.0, 0.0, 0.0, 0.0, 0.0, 0.0, 0.0, 0.0, 0.0, 0.0, 0.0, 0.0, 0.0, 0.0, 0.0, 0.0, 0.0, 0.0, 0.0, 0.0, 0.0, 0.0, 0.0, 0.0, 0.0, 0.0, 0.0, 0.0, 0.0, 0.0, 0.0, 0.0, 0.0, 0.0, 0.0, 0.0, 0.0, 0.0, 0.0, 0.0, 0.0, 0.0, 0.0, 0.0, 0.0, 0.0, 0.0, 0.0, 0.0, 0.0, 0.0, 0.0, 0.0, 0.0, 0.0, 0.0, 0.0, 0.0, 0.0, 0.0, 0.0, 0.0, 0.0, 0.0, 0.0, 0.0, 0.0, 0.0, 0.0, 0.0, 0.0, 0.0, 0.0, 0.0, 0.0, 0.0, 0.0, 0.0, 0.0, 0.0, 0.0, 0.0, 0.0, 0.0, 0.0, 0.0, 0.0, 0.0, 0.0, 0.0, 0.0, 0.0, 0.0, 0.0, 0.0, 0.0, 0.0, 0.0, 0.0, 0.0, 0.0, 0.0, 0.0, 0.0, 0.0, 0.0, 0.0, 0.0, 0.0, 0.0, 0.0, 0.0, 0.0, 0.0, 0.0, 0.0, 0.0, 0.0, 0.0, 0.0, 0.0, 0.0, 0.0, 0.0, 0.0, 0.0, 0.0, 0.0, 0.0, 0.0, 0.0, 0.0, 0.0, 0.0, 0.0, 0.0, 0.0, 0.0, 0.0, 0.0, 0.0, 0.0, 0.0, 0.0, 0.0, 0.0, 0.0, 0.0, 0.0, 0.0, 0.0, 0.0, 0.0, 0.0, 0.0, 0.0, 0.0, 0.0, 0.0, 0.0, 0.0, 0.0, 0.0, 0.0, 0.0, 0.0, 0.0, 0.0, 0.0, 0.0, 0.0, 0.0, 0.0, 0.0, 0.0, 0.0, 0.0, 0.0, 0.0, 0.0, 0.0, 0.0, 0.0, 0.0, 0.0, 0.0, 0.0, 0.0, 0.0, 0.0, 0.0, 0.0, 0.0, 0.0, 0.0, 0.0, 0.0, 0.0, 0.0, 0.0, 0.0, 0.0, 0.0, 0.0, 0.0, 0.0, 0.0, 0.0, 0.0, 0.0, 0.0, 0.0, 0.0, 0.0, 0.0, 0.0, 0.0, 0.0, 0.0, 0.0, 0.0, 0.0, 0.0, 0.0, 0.0, 0.0, 0.0, 0.0, 0.0, 0.0, 0.0, 0.0, 0.0, 0.0, 0.0, 0.0, 0.0, 0.0, 0.0, 0.0, 0.0, 0.0, 0.0, 0.0, 0.0, 0.0, 0.0, 0.0, 0.0, 0.0, 0.0, 0.0, 0.0, 0.0, 0.0, 0.0, 0.0, 0.0, 0.0, 0.0, 0.0, 0.0, 0.0, 0.0, 0.0, 0.0, 0.0, 0.0, 0.0, 0.0, 0.0, 0.0, 0.0, 0.0, 0.0, 0.0, 0.0, 0.0, 0.0, 0.0, 0.0, 0.0, 0.0, 0.0, 0.0, 0.0, 0.0, 0.0, 0.0, 0.0, 0.0, 0.0, 0.0, 0.0, 0.0, 0.0, 0.0, 0.0, 0.0, 0.0, 0.0, 0.0, 0.0, 0.0, 0.0, 0.0, 0.0, 0.0, 0.0, 0.0, 0.0, 0.0, 0.0, 0.0, 0.0, 0.0, 0.0, 0.0, 0.0]",COMPLETE
