,number,value,datetime_start,datetime_complete,duration,params_batch_size_scaler,params_constant_learning_rate,params_depth,params_epochs,params_kernel_l2,params_num_trees,params_temperature,user_attrs_accuracy_test,user_attrs_accuracy_valid,user_attrs_approximate_feature_sparsity,user_attrs_approximate_feature_sparsity_history,user_attrs_approximate_weight_sparsity,user_attrs_approximate_weight_sparsity_history,user_attrs_auc_test,user_attrs_auc_valid,user_attrs_feature_sparsity,user_attrs_feature_sparsity_history,user_attrs_num_epochs,user_attrs_val_loss_history,user_attrs_weight_sparsity,user_attrs_weight_sparsity_history,state
141,141,0.8600687869536654,2024-08-31 06:59:48.744164,2024-08-31 07:00:43.381490,0 days 00:00:54.637326,16,0.021033691207563415,2,475,0.10699906909790993,52,0.003385265874400991,0.877,0.8725,33,"[33, 33, 33, 33, 33, 33, 33, 33, 33, 33, 33, 33, 33, 33, 33, 33, 33, 33, 33, 33, 33, 33, 33, 33, 33, 33, 33, 33, 33, 33, 33, 33, 33, 33, 33, 33, 33, 33, 33, 33, 33, 33, 33, 33, 33, 33, 33, 33, 33, 33, 33, 33, 33, 33, 33, 33, 33, 33, 33, 33, 33, 33, 33, 33, 33, 33, 33, 33, 33, 33, 33, 33, 33, 33, 33, 33, 33, 33, 33, 33, 33, 33, 33, 33, 33, 33, 33, 33, 33, 33, 33, 33, 33, 33, 33, 33, 33, 33, 33, 33, 33, 33, 33, 33, 33, 33, 33, 33, 33, 33, 33, 33, 33, 33, 33, 33, 33, 33, 33, 33, 33, 33, 33, 33, 33, 33, 33, 33, 33, 33, 33, 33, 33, 33, 33, 33, 33, 33, 33, 33, 33, 33, 33, 33, 33, 33, 33, 33, 33, 33, 33, 33, 33, 33, 33, 33, 33, 33, 33, 33, 33, 33, 33, 33, 33, 33, 33, 33, 33, 33, 33, 33, 33, 33, 33, 33, 33, 33, 33, 33, 33, 33, 33, 33, 33, 33, 33, 33, 33, 33, 33, 33, 33, 33, 33, 33, 33, 33, 33, 33, 33, 33, 33, 33, 33, 33, 33, 33, 33, 33, 33, 33, 33, 33, 33, 33, 33, 33, 33, 33, 33, 33, 33, 33, 33, 33, 33, 33, 33, 33, 33, 33, 33, 33, 33, 33, 33, 33, 33, 33, 33, 33, 33, 33, 33, 33, 33, 33, 33, 33, 33, 33, 33, 33, 33, 33, 33, 33, 33, 33, 33, 33, 33, 33, 33, 33, 33, 33, 33, 33, 33, 33, 33, 33, 33, 33, 33, 33, 33, 33, 33, 33, 33, 33, 33, 33, 33, 33, 33, 33, 33, 33, 33, 33, 33, 33, 33, 33, 33, 33, 33, 33, 33, 33, 33, 33, 33, 33, 33, 33, 33, 33, 33, 33, 33, 33, 33, 33, 33, 33, 33, 33, 33, 33, 33, 33, 33, 33, 33, 33, 33, 33, 33, 33, 33, 33, 33, 33, 33, 33, 33, 33, 33, 33, 33, 33, 33, 33, 33, 33, 33, 33, 33, 33, 33, 33, 33, 33, 33, 33, 33, 33, 33, 33, 33, 33, 33, 33, 33, 33, 33, 33, 33, 33, 33, 33, 33, 33, 33, 33, 33, 33, 33, 33, 33, 33, 33, 33, 33, 33, 33, 33, 33, 33, 33, 33, 33, 33, 33, 33, 33, 33, 33, 33, 33, 33, 33, 33, 33, 33, 33, 33, 33, 33, 33, 33, 33, 33, 33, 33, 33, 33, 33, 33, 33, 33, 33, 33, 33, 33, 33, 33, 33, 33, 33, 33, 33, 33, 33, 33, 33, 33, 33, 33, 33, 33, 33, 33, 33, 33, 33, 33, 33, 33, 33, 33, 33, 33, 33, 33, 33, 33, 33, 33, 33, 33, 33, 33, 33, 33, 33, 33, 33, 33, 33]",32.97435897435898,"[32.993589743589745, 32.98076923076923, 32.98076923076923, 32.98076923076923, 32.98717948717949, 33.0, 32.98076923076923, 32.98076923076923, 32.967948717948715, 32.98076923076923, 32.98076923076923, 32.993589743589745, 32.993589743589745, 32.993589743589745, 32.98717948717949, 32.993589743589745, 33.0, 32.98717948717949, 32.98717948717949, 33.0, 33.0, 32.98076923076923, 32.98717948717949, 32.993589743589745, 32.98717948717949, 32.993589743589745, 32.993589743589745, 32.967948717948715, 32.993589743589745, 33.0, 32.98717948717949, 32.97435897435898, 32.98717948717949, 33.0, 32.97435897435897, 32.98717948717949, 32.993589743589745, 32.993589743589745, 32.98076923076923, 32.98076923076923, 32.98717948717949, 32.98717948717949, 32.97435897435898, 32.993589743589745, 32.98717948717949, 32.98717948717949, 32.98717948717949, 32.993589743589745, 32.98717948717949, 32.98717948717949, 32.98717948717949, 32.98717948717949, 32.98717948717949, 33.0, 33.0, 33.0, 33.0, 33.0, 32.993589743589745, 32.993589743589745, 32.98076923076923, 32.98717948717949, 32.993589743589745, 32.993589743589745, 32.993589743589745, 32.993589743589745, 33.0, 33.0, 32.98717948717949, 32.98076923076923, 32.98076923076923, 32.97435897435898, 32.98076923076923, 32.993589743589745, 33.0, 32.98717948717949, 32.993589743589745, 32.993589743589745, 32.993589743589745, 33.0, 32.993589743589745, 32.993589743589745, 32.993589743589745, 32.97435897435898, 32.98076923076923, 32.98717948717949, 32.97435897435898, 32.98076923076923, 32.98076923076923, 32.993589743589745, 32.993589743589745, 32.993589743589745, 33.0, 32.993589743589745, 32.993589743589745, 32.98076923076923, 32.98717948717949, 32.98717948717949, 32.980769230769226, 32.98717948717949, 32.98717948717949, 32.98717948717949, 32.98076923076923, 32.98717948717949, 32.98076923076923, 32.97435897435898, 32.98717948717949, 32.98076923076923, 32.97435897435898, 32.980769230769226, 32.98717948717949, 32.97435897435898, 32.98717948717949, 32.97435897435898, 32.97435897435898, 32.967948717948715, 32.98076923076923, 32.98076923076923, 32.98717948717949, 32.993589743589745, 32.98717948717949, 32.98076923076923, 32.97435897435898, 32.97435897435898, 32.97435897435898, 32.97435897435898, 32.98717948717949, 32.98717948717949, 32.98717948717949, 32.967948717948715, 32.98076923076923, 32.98717948717949, 32.993589743589745, 32.98717948717949, 32.993589743589745, 32.993589743589745, 32.993589743589745, 32.993589743589745, 32.993589743589745, 32.993589743589745, 32.993589743589745, 32.993589743589745, 32.993589743589745, 32.98717948717949, 32.993589743589745, 32.993589743589745, 32.980769230769226, 32.980769230769226, 32.980769230769226, 32.980769230769226, 32.98717948717949, 33.0, 33.0, 33.0, 33.0, 32.98076923076923, 32.97435897435898, 32.98076923076923, 32.98076923076923, 32.97435897435898, 32.967948717948715, 32.98076923076923, 32.97435897435897, 32.97435897435898, 32.98076923076923, 32.97435897435898, 32.97435897435898, 32.97435897435898, 32.98717948717949, 32.98717948717949, 32.97435897435898, 32.967948717948715, 32.967948717948715, 32.97435897435898, 32.97435897435898, 32.98717948717949, 32.98076923076923, 32.993589743589745, 32.98076923076923, 32.98717948717949, 32.967948717948715, 32.98717948717949, 32.98717948717949, 32.993589743589745, 32.98717948717949, 32.98717948717949, 32.98717948717949, 32.98717948717949, 32.980769230769226, 32.967948717948715, 32.967948717948715, 32.967948717948715, 32.967948717948715, 32.955128205128204, 32.955128205128204, 32.96153846153846, 32.96153846153846, 32.98717948717949, 32.993589743589745, 32.98717948717949, 32.993589743589745, 32.993589743589745, 32.993589743589745, 32.993589743589745, 32.98717948717949, 33.0, 33.0, 32.993589743589745, 32.993589743589745, 32.993589743589745, 32.98717948717949, 32.98717948717949, 32.98717948717949, 32.98717948717949, 32.98717948717949, 32.98076923076923, 32.98076923076923, 32.993589743589745, 32.98717948717949, 32.98076923076923, 32.97435897435898, 32.97435897435898, 32.97435897435898, 32.98076923076923, 32.967948717948715, 32.97435897435898, 32.98717948717949, 32.97435897435898, 32.97435897435898, 32.98717948717949, 33.0, 33.0, 33.0, 32.993589743589745, 32.993589743589745, 32.980769230769226, 32.980769230769226, 32.980769230769226, 32.96153846153847, 32.967948717948715, 32.967948717948715, 32.97435897435898, 32.97435897435898, 32.98076923076923, 32.97435897435898, 32.97435897435898, 32.98076923076923, 32.98076923076923, 32.98717948717949, 32.98076923076923, 32.98076923076923, 32.97435897435898, 32.96153846153846, 32.955128205128204, 32.96153846153846, 32.967948717948715, 32.955128205128204, 32.955128205128204, 32.955128205128204, 32.967948717948715, 32.967948717948715, 32.967948717948715, 32.967948717948715, 32.967948717948715, 32.97435897435898, 32.97435897435898, 32.967948717948715, 32.955128205128204, 32.94230769230769, 32.93589743589744, 32.967948717948715, 32.96153846153846, 32.96153846153846, 32.967948717948715, 32.94230769230769, 32.94871794871795, 32.94871794871795, 32.96153846153846, 32.955128205128204, 32.955128205128204, 32.955128205128204, 32.955128205128204, 32.955128205128204, 32.955128205128204, 32.96153846153846, 32.955128205128204, 32.96153846153846, 32.97435897435898, 32.97435897435898, 32.97435897435898, 32.96153846153846, 32.967948717948715, 32.96153846153846, 32.967948717948715, 32.967948717948715, 32.96153846153846, 32.97435897435898, 32.967948717948715, 32.967948717948715, 32.97435897435898, 32.97435897435898, 32.97435897435898, 32.96153846153846, 32.955128205128204, 32.97435897435898, 32.97435897435898, 32.967948717948715, 32.97435897435898, 32.97435897435898, 32.96153846153846, 32.97435897435898, 32.98717948717949, 32.98076923076923, 32.98076923076923, 32.98076923076923, 32.98076923076923, 32.98076923076923, 32.97435897435898, 32.98076923076923, 32.97435897435898, 32.97435897435898, 32.967948717948715, 32.98076923076923, 32.98076923076923, 32.967948717948715, 32.967948717948715, 32.967948717948715, 32.98076923076923, 32.98076923076923, 32.98076923076923, 32.98076923076923, 32.98076923076923, 32.98076923076923, 32.98076923076923, 32.98717948717949, 32.993589743589745, 32.98717948717949, 32.98717948717949, 32.98717948717949, 32.98717948717949, 32.98717948717949, 32.98076923076923, 32.98076923076923, 32.97435897435898, 32.967948717948715, 32.97435897435898, 32.97435897435898, 32.97435897435898, 32.94871794871795, 32.94871794871795, 32.955128205128204, 32.96153846153846, 32.96153846153846, 32.98076923076923, 32.97435897435898, 32.967948717948715, 32.98076923076923, 32.98717948717949, 32.98717948717949, 32.98717948717949, 32.98717948717949, 32.98076923076923, 32.98076923076923, 32.967948717948715, 32.967948717948715, 32.97435897435898, 32.980769230769226, 32.967948717948715, 32.967948717948715, 32.98717948717949, 32.98717948717949, 32.98717948717949, 32.98717948717949, 32.98717948717949, 32.98717948717949, 32.98076923076923, 32.967948717948715, 32.967948717948715, 32.955128205128204, 32.967948717948715, 32.967948717948715, 32.955128205128204, 32.97435897435898, 32.967948717948715, 32.96153846153846, 32.96153846153846, 32.967948717948715, 32.967948717948715, 32.967948717948715, 32.967948717948715, 32.967948717948715, 32.94871794871795, 32.94871794871795, 32.94230769230769, 32.955128205128204, 32.94871794871795, 32.94230769230769, 32.93589743589743, 32.94230769230769, 32.94230769230769, 32.94230769230769, 32.94230769230769, 32.94230769230769, 32.94230769230769, 32.93589743589744, 32.92948717948718, 32.93589743589744, 32.94871794871795, 32.96153846153846, 32.97435897435898, 32.97435897435898, 32.967948717948715, 32.967948717948715, 32.97435897435898, 32.967948717948715, 32.97435897435898, 32.967948717948715, 32.967948717948715, 32.96153846153846, 32.97435897435898, 32.98076923076923, 32.98076923076923, 32.98717948717949, 32.98717948717949, 32.98717948717949, 32.98076923076923, 32.98076923076923, 32.98076923076923, 32.98076923076923, 32.98076923076923, 32.97435897435898, 32.98076923076923, 32.98076923076923, 32.98076923076923, 32.967948717948715, 32.98076923076923, 32.97435897435898, 32.97435897435898, 32.97435897435898, 32.967948717948715, 32.96153846153847, 32.980769230769226, 32.97435897435898, 32.967948717948715, 32.980769230769226, 32.980769230769226, 32.97435897435898, 32.96153846153846, 32.96153846153847, 32.967948717948715, 32.955128205128204, 32.967948717948715, 32.97435897435898, 32.96153846153846, 32.967948717948715, 32.967948717948715, 32.96153846153846, 32.96153846153846, 32.96153846153846, 32.96153846153846, 32.92948717948718, 32.94230769230769, 32.94871794871795, 32.96153846153846, 32.97435897435897, 32.97435897435897, 32.967948717948715, 32.955128205128204, 32.96153846153846, 32.96153846153846, 32.94871794871795, 32.967948717948715, 32.955128205128204, 32.955128205128204, 32.97435897435898]",0.860104525301563,0.8600687869536654,33,"[33, 33, 33, 33, 33, 33, 33, 33, 33, 33, 33, 33, 33, 33, 33, 33, 33, 33, 33, 33, 33, 33, 33, 33, 33, 33, 33, 33, 33, 33, 33, 33, 33, 33, 33, 33, 33, 33, 33, 33, 33, 33, 33, 33, 33, 33, 33, 33, 33, 33, 33, 33, 33, 33, 33, 33, 33, 33, 33, 33, 33, 33, 33, 33, 33, 33, 33, 33, 33, 33, 33, 33, 33, 33, 33, 33, 33, 33, 33, 33, 33, 33, 33, 33, 33, 33, 33, 33, 33, 33, 33, 33, 33, 33, 33, 33, 33, 33, 33, 33, 33, 33, 33, 33, 33, 33, 33, 33, 33, 33, 33, 33, 33, 33, 33, 33, 33, 33, 33, 33, 33, 33, 33, 33, 33, 33, 33, 33, 33, 33, 33, 33, 33, 33, 33, 33, 33, 33, 33, 33, 33, 33, 33, 33, 33, 33, 33, 33, 33, 33, 33, 33, 33, 33, 33, 33, 33, 33, 33, 33, 33, 33, 33, 33, 33, 33, 33, 33, 33, 33, 33, 33, 33, 33, 33, 33, 33, 33, 33, 33, 33, 33, 33, 33, 33, 33, 33, 33, 33, 33, 33, 33, 33, 33, 33, 33, 33, 33, 33, 33, 33, 33, 33, 33, 33, 33, 33, 33, 33, 33, 33, 33, 33, 33, 33, 33, 33, 33, 33, 33, 33, 33, 33, 33, 33, 33, 33, 33, 33, 33, 33, 33, 33, 33, 33, 33, 33, 33, 33, 33, 33, 33, 33, 33, 33, 33, 33, 33, 33, 33, 33, 33, 33, 33, 33, 33, 33, 33, 33, 33, 33, 33, 33, 33, 33, 33, 33, 33, 33, 33, 33, 33, 33, 33, 33, 33, 33, 33, 33, 33, 33, 33, 33, 33, 33, 33, 33, 33, 33, 33, 33, 33, 33, 33, 33, 33, 33, 33, 33, 33, 33, 33, 33, 33, 33, 33, 33, 33, 33, 33, 33, 33, 33, 33, 33, 33, 33, 33, 33, 33, 33, 33, 33, 33, 33, 33, 33, 33, 33, 33, 33, 33, 33, 33, 33, 33, 33, 33, 33, 33, 33, 33, 33, 33, 33, 33, 33, 33, 33, 33, 33, 33, 33, 33, 33, 33, 33, 33, 33, 33, 33, 33, 33, 33, 33, 33, 33, 33, 33, 33, 33, 33, 33, 33, 33, 33, 33, 33, 33, 33, 33, 33, 33, 33, 33, 33, 33, 33, 33, 33, 33, 33, 33, 33, 33, 33, 33, 33, 33, 33, 33, 33, 33, 33, 33, 33, 33, 33, 33, 33, 33, 33, 33, 33, 33, 33, 33, 33, 33, 33, 33, 33, 33, 33, 33, 33, 33, 33, 33, 33, 33, 33, 33, 33, 33, 33, 33, 33, 33, 33, 33, 33, 33, 33, 33, 33, 33, 33, 33, 33, 33, 33, 33, 33, 33, 33, 33, 33, 33, 33, 33, 33, 33, 33, 33, 33, 33, 33, 33, 33, 33, 33, 33, 33, 33]",475,"[0.4832446277141571, 0.4476647973060608, 0.4414503574371338, 0.4390876293182373, 0.4373611807823181, 0.43581074476242065, 0.4343488812446594, 0.4329024851322174, 0.43153446912765503, 0.43027836084365845, 0.4290946125984192, 0.42796748876571655, 0.4268783628940582, 0.4258263111114502, 0.4248698353767395, 0.423925518989563, 0.4230285584926605, 0.42219382524490356, 0.4214268922805786, 0.4205857217311859, 0.4198440909385681, 0.4192577302455902, 0.41848477721214294, 0.41783061623573303, 0.41722071170806885, 0.4165808856487274, 0.4160115122795105, 0.41546231508255005, 0.41490596532821655, 0.4143863618373871, 0.4138938784599304, 0.413491815328598, 0.4130150079727173, 0.41255709528923035, 0.4120912551879883, 0.4116750657558441, 0.41124776005744934, 0.41086727380752563, 0.41046610474586487, 0.41011056303977966, 0.40980175137519836, 0.4094224274158478, 0.40899166464805603, 0.40878841280937195, 0.40839695930480957, 0.4081098437309265, 0.4078181982040405, 0.40742453932762146, 0.40706637501716614, 0.40674594044685364, 0.4064454734325409, 0.4061069190502167, 0.405794233083725, 0.4055388569831848, 0.40530532598495483, 0.40503352880477905, 0.4047468900680542, 0.40444260835647583, 0.40412208437919617, 0.40389811992645264, 0.4035109281539917, 0.4032796621322632, 0.40319523215293884, 0.4030124545097351, 0.40253302454948425, 0.40227946639060974, 0.402045339345932, 0.40166905522346497, 0.40144774317741394, 0.4012432098388672, 0.401101678609848, 0.40072354674339294, 0.40040215849876404, 0.400206595659256, 0.39995113015174866, 0.39968982338905334, 0.3994290232658386, 0.39930447936058044, 0.39916491508483887, 0.39877304434776306, 0.3984711170196533, 0.39830994606018066, 0.39805981516838074, 0.3978594243526459, 0.39753714203834534, 0.3973313271999359, 0.397100031375885, 0.39675286412239075, 0.3965376317501068, 0.3962815999984741, 0.39607203006744385, 0.3958261013031006, 0.39550960063934326, 0.39529967308044434, 0.3950865864753723, 0.39491212368011475, 0.3946745991706848, 0.3944395184516907, 0.3942912220954895, 0.39397650957107544, 0.3936627209186554, 0.39343684911727905, 0.3933761715888977, 0.3930620849132538, 0.3927193880081177, 0.39247947931289673, 0.3923514485359192, 0.39208710193634033, 0.39184364676475525, 0.3916172385215759, 0.3914116322994232, 0.3911519944667816, 0.3910137116909027, 0.3907575309276581, 0.3905412256717682, 0.3902624249458313, 0.3900679647922516, 0.3898594379425049, 0.389626145362854, 0.389433354139328, 0.3892081379890442, 0.3889903128147125, 0.38870948553085327, 0.38855433464050293, 0.38833343982696533, 0.3881399929523468, 0.38791272044181824, 0.38775140047073364, 0.3875071406364441, 0.38728561997413635, 0.3869962692260742, 0.38680514693260193, 0.3866029679775238, 0.38635340332984924, 0.3862348198890686, 0.38596203923225403, 0.38579410314559937, 0.38568270206451416, 0.3854884207248688, 0.3852405250072479, 0.38502147793769836, 0.3847947418689728, 0.38451656699180603, 0.38442298769950867, 0.38418594002723694, 0.38384780287742615, 0.3835591971874237, 0.3833662271499634, 0.38320064544677734, 0.38292405009269714, 0.3827374577522278, 0.3825049102306366, 0.38230812549591064, 0.3823033273220062, 0.3820183575153351, 0.3817320764064789, 0.3816511929035187, 0.3813655972480774, 0.381193608045578, 0.3810111880302429, 0.38078823685646057, 0.38054904341697693, 0.3804972171783447, 0.380318820476532, 0.3800385296344757, 0.3800492584705353, 0.37967246770858765, 0.3793764114379883, 0.37921229004859924, 0.3789936304092407, 0.37877875566482544, 0.3785686194896698, 0.37841784954071045, 0.3782569169998169, 0.37802982330322266, 0.377828985452652, 0.37762439250946045, 0.3774121105670929, 0.37728649377822876, 0.377086877822876, 0.37678733468055725, 0.3766607344150543, 0.37644779682159424, 0.3763858675956726, 0.3761499524116516, 0.3758867681026459, 0.37576577067375183, 0.3755539655685425, 0.3752729296684265, 0.37518176436424255, 0.3749470114707947, 0.37479496002197266, 0.37451040744781494, 0.37448233366012573, 0.3743381202220917, 0.37416931986808777, 0.3739328384399414, 0.3736010789871216, 0.37341663241386414, 0.3732665777206421, 0.37305983901023865, 0.3728666305541992, 0.3728145956993103, 0.37255629897117615, 0.3723640739917755, 0.37228479981422424, 0.3720550239086151, 0.3718388080596924, 0.3716784417629242, 0.3714691400527954, 0.3712780773639679, 0.37112852931022644, 0.37093299627304077, 0.37077608704566956, 0.37059468030929565, 0.37041229009628296, 0.3702171742916107, 0.3701481521129608, 0.36998358368873596, 0.3697952628135681, 0.3695712685585022, 0.36940810084342957, 0.36918532848358154, 0.369038462638855, 0.36882591247558594, 0.36866432428359985, 0.3684847950935364, 0.3683517873287201, 0.36813944578170776, 0.3680345416069031, 0.36795496940612793, 0.3677687346935272, 0.36755409836769104, 0.3673924505710602, 0.3672058582305908, 0.3670071065425873, 0.36694079637527466, 0.3666042685508728, 0.3664453625679016, 0.3663005828857422, 0.366062730550766, 0.3659650683403015, 0.3657955527305603, 0.36562758684158325, 0.3654579222202301, 0.36530765891075134, 0.36516284942626953, 0.3649519085884094, 0.36479514837265015, 0.36463871598243713, 0.3644253611564636, 0.36429497599601746, 0.364065021276474, 0.3638564944267273, 0.36370527744293213, 0.3636438250541687, 0.3636211156845093, 0.3633493185043335, 0.36301708221435547, 0.3629469573497772, 0.3627418279647827, 0.36253607273101807, 0.3623562753200531, 0.36228427290916443, 0.362046480178833, 0.36195212602615356, 0.36174315214157104, 0.36152127385139465, 0.3614484369754791, 0.36138716340065, 0.36111870408058167, 0.3610658645629883, 0.3607431650161743, 0.3606094419956207, 0.36046555638313293, 0.36031749844551086, 0.360112726688385, 0.35997992753982544, 0.3597303032875061, 0.3595205247402191, 0.3593956232070923, 0.35929179191589355, 0.3591964840888977, 0.35893431305885315, 0.3587736487388611, 0.3586650490760803, 0.35853928327560425, 0.3583792746067047, 0.3582380414009094, 0.3580166697502136, 0.35807764530181885, 0.3578319251537323, 0.3575636148452759, 0.35747191309928894, 0.3572615683078766, 0.3571189045906067, 0.35685548186302185, 0.3567564785480499, 0.35665634274482727, 0.3564178943634033, 0.3562973439693451, 0.3561037480831146, 0.3560326397418976, 0.3558642864227295, 0.3557284474372864, 0.3554815649986267, 0.35530024766921997, 0.3551467955112457, 0.3550649881362915, 0.3549347221851349, 0.35475876927375793, 0.3544841706752777, 0.3542894124984741, 0.35411545634269714, 0.35398921370506287, 0.35378992557525635, 0.3538137674331665, 0.35373806953430176, 0.35352280735969543, 0.35326915979385376, 0.3530810475349426, 0.3530007600784302, 0.35273364186286926, 0.3525278568267822, 0.3523576855659485, 0.3522025942802429, 0.3520858883857727, 0.3519710302352905, 0.35171908140182495, 0.35158252716064453, 0.3513786196708679, 0.35132697224617004, 0.351083368062973, 0.3508976399898529, 0.35084396600723267, 0.35051921010017395, 0.35043638944625854, 0.35034075379371643, 0.3500175178050995, 0.34990382194519043, 0.34978538751602173, 0.34951359033584595, 0.34936991333961487, 0.3492022454738617, 0.34912368655204773, 0.34896332025527954, 0.3488186299800873, 0.34862789511680603, 0.34847065806388855, 0.3482775092124939, 0.3481273949146271, 0.3479996621608734, 0.34784844517707825, 0.3475915193557739, 0.34750688076019287, 0.3473373353481293, 0.34720516204833984, 0.3469889461994171, 0.34681960940361023, 0.3466867506504059, 0.3464832007884979, 0.34635841846466064, 0.34632447361946106, 0.34598177671432495, 0.34589728713035583, 0.34570175409317017, 0.3454384207725525, 0.3453739285469055, 0.3451073169708252, 0.34490951895713806, 0.34484127163887024, 0.3446718454360962, 0.34452441334724426, 0.3442360758781433, 0.34397149085998535, 0.3437594175338745, 0.3435983955860138, 0.34342819452285767, 0.34320178627967834, 0.3431216776371002, 0.3428671360015869, 0.3427586853504181, 0.34249696135520935, 0.3423648476600647, 0.342134028673172, 0.34196338057518005, 0.3418269753456116, 0.3416406512260437, 0.3413738012313843, 0.34126338362693787, 0.3410368859767914, 0.3409482538700104, 0.3406308889389038, 0.34046614170074463, 0.3403284549713135, 0.3401211202144623, 0.34002411365509033, 0.3398241400718689, 0.3396568298339844, 0.33943942189216614, 0.33918502926826477, 0.33906400203704834, 0.33891502022743225, 0.33864840865135193, 0.33845871686935425, 0.3383186459541321, 0.33821800351142883, 0.33806169033050537, 0.3378205895423889, 0.3376220464706421, 0.3374245762825012, 0.33724501729011536, 0.33716338872909546, 0.33687496185