,number,value,datetime_start,datetime_complete,duration,params_batch_size_scaler,params_constant_learning_rate,params_depth,params_epochs,params_kernel_l2,params_num_trees,params_temperature,user_attrs_accuracy_test,user_attrs_accuracy_valid,user_attrs_approximate_feature_sparsity,user_attrs_approximate_feature_sparsity_history,user_attrs_approximate_weight_sparsity,user_attrs_approximate_weight_sparsity_history,user_attrs_auc_test,user_attrs_auc_valid,user_attrs_feature_sparsity,user_attrs_feature_sparsity_history,user_attrs_num_epochs,user_attrs_val_loss_history,user_attrs_weight_sparsity,user_attrs_weight_sparsity_history,state
60,60,0.8790946915536318,2024-08-31 03:11:34.982151,2024-08-31 03:13:01.121634,0 days 00:01:26.139483,64,0.07828082256387646,2,475,0.00681245250554129,55,0.010683549977697944,0.879,0.87875,33,"[33, 33, 33, 33, 33, 33, 33, 33, 33, 33, 33, 33, 33, 33, 33, 33, 33, 33, 33, 33, 33, 33, 33, 33, 33, 33, 33, 33, 33, 33, 33, 33, 33, 33, 33, 33, 33, 33, 33, 33, 33, 33, 33, 33, 33, 33, 33, 33, 33, 33, 33, 33, 33, 33, 33, 33, 33, 33, 33, 33, 33, 33, 33, 33, 33, 33, 33, 33, 33, 33, 33, 33, 33, 33, 33, 33, 33, 33, 33, 33, 33, 33, 33, 33, 33, 33, 33, 33, 33, 33, 33, 33, 33, 33, 33, 33, 33, 33, 33, 33, 33, 33, 33, 33, 33, 33, 33, 33, 33, 33, 33, 33, 33, 33, 33, 33, 33, 33, 33, 33, 33, 33, 33, 33, 33, 33, 33, 33, 33, 33, 33, 33, 33, 33, 33, 33, 33, 33, 33, 33, 33, 33, 33, 33, 33, 33, 33, 33, 33, 33, 33, 33, 33, 33, 33, 33, 33, 33, 33, 33, 33, 33, 33, 33, 33, 33, 33, 33, 33, 33, 33, 33, 33, 33, 33, 33, 33, 33, 33, 33, 33, 33, 33, 33, 33, 33, 33, 33, 33, 33, 33, 33, 33, 33, 33, 33, 33, 33, 33, 33, 33, 33, 33, 33, 33, 33, 33, 33, 33, 33, 33, 33, 33, 33, 33, 33, 33, 33, 33, 33, 33, 33, 33, 33, 33, 33, 33, 33, 33, 33, 33, 33, 33, 33, 33, 33, 33, 33, 33, 33, 33, 33, 33, 33, 33, 33, 33, 33, 33, 33, 33, 33, 33, 33, 33, 33, 33, 33, 33, 33, 33, 33, 33, 33, 33, 33, 33, 33, 33, 33, 33, 33, 33, 33, 33, 33, 33, 33, 33, 33, 33, 33, 33, 33, 33, 33, 33, 33, 33, 33, 33, 33, 33, 33, 33, 33, 33, 33, 33, 33, 33, 33, 33, 33, 33, 33, 33, 33, 33, 33, 33, 33, 33, 33, 33, 33, 33, 33, 33, 33, 33, 33, 33, 33, 33, 33, 33, 33, 33, 33, 33, 33, 33, 33, 33, 33, 33, 33, 33, 33, 33, 33, 33, 33, 33, 33, 33, 33, 33, 33, 33, 33, 33, 33, 33, 33, 33, 33, 33, 33, 33, 33, 33, 33, 33, 33, 33, 33, 33, 33, 33, 33, 33, 33, 33, 33, 33, 33, 33, 33, 33, 33, 33, 33, 33, 33, 33, 33, 33, 33, 33, 33, 33, 33, 33, 33, 33, 33, 33, 33, 33, 33, 33, 33, 33, 33, 33, 33, 33, 33, 33, 33, 33, 33, 33, 33, 33, 33, 33, 33, 33, 33, 33, 33, 33, 33, 33, 33, 33, 33, 33, 33, 33, 33, 33, 33, 33, 33, 33, 33, 33, 33, 33, 33, 33, 33, 33, 33, 33, 33, 33, 33, 33, 33, 33, 33, 33, 33, 33, 33, 33, 33, 33, 33, 33, 33, 33, 33, 33, 33, 33, 33, 33, 33, 33]",32.981818181818184,"[32.99393939393939, 32.987878787878785, 32.99393939393939, 32.981818181818184, 32.99393939393939, 32.981818181818184, 32.99393939393939, 32.987878787878785, 32.97575757575758, 32.96969696969697, 32.987878787878785, 32.981818181818184, 32.97575757575758, 32.987878787878785, 32.981818181818184, 32.97575757575758, 32.981818181818184, 32.981818181818184, 32.99393939393939, 32.99393939393939, 32.987878787878785, 32.96969696969697, 32.981818181818184, 32.99393939393939, 32.99393939393939, 32.99393939393939, 33.0, 33.0, 33.0, 32.99393939393939, 32.99393939393939, 32.99393939393939, 32.987878787878785, 32.99393939393939, 32.981818181818184, 32.987878787878785, 32.99393939393939, 32.97575757575758, 32.97575757575758, 32.97575757575758, 32.981818181818184, 32.981818181818184, 32.97575757575758, 32.96969696969697, 32.96969696969697, 32.987878787878785, 32.987878787878785, 32.987878787878785, 32.987878787878785, 32.99393939393939, 32.99393939393939, 32.987878787878785, 32.987878787878785, 32.97575757575758, 32.96969696969697, 32.981818181818184, 32.96969696969697, 32.96969696969697, 32.97575757575758, 32.981818181818184, 32.97575757575758, 32.97575757575758, 32.96969696969697, 32.96969696969697, 32.96969696969697, 32.96969696969697, 32.97575757575758, 32.96363636363637, 32.96363636363637, 32.95757575757576, 32.96363636363637, 32.96363636363637, 32.95757575757576, 32.97575757575758, 32.95757575757576, 32.981818181818184, 32.981818181818184, 32.96969696969697, 32.96363636363637, 32.97575757575758, 32.96969696969697, 32.97575757575758, 32.981818181818184, 32.96969696969697, 32.96969696969697, 32.96363636363637, 32.96363636363637, 32.96363636363637, 32.96969696969697, 32.96969696969697, 32.97575757575758, 32.96969696969697, 32.96363636363637, 32.96969696969697, 32.96969696969697, 32.97575757575758, 32.97575757575758, 32.981818181818184, 32.95757575757576, 32.981818181818184, 32.96969696969697, 32.95151515151515, 32.96969696969697, 32.97575757575758, 32.981818181818184, 32.981818181818184, 32.97575757575758, 32.981818181818184, 32.981818181818184, 32.96363636363637, 32.97575757575758, 32.981818181818184, 32.987878787878785, 32.981818181818184, 32.981818181818184, 32.96363636363637, 32.97575757575758, 32.981818181818184, 32.981818181818184, 32.987878787878785, 32.981818181818184, 32.981818181818184, 32.987878787878785, 32.987878787878785, 32.987878787878785, 32.987878787878785, 32.987878787878785, 32.987878787878785, 32.987878787878785, 32.987878787878785, 32.97575757575758, 32.981818181818184, 32.987878787878785, 32.987878787878785, 32.987878787878785, 32.97575757575758, 32.987878787878785, 32.981818181818184, 32.987878787878785, 32.981818181818184, 32.981818181818184, 32.987878787878785, 32.96363636363637, 32.97575757575758, 32.97575757575758, 32.987878787878785, 32.99393939393939, 32.987878787878785, 32.981818181818184, 32.987878787878785, 32.97575757575758, 32.97575757575758, 32.96969696969697, 32.987878787878785, 32.987878787878785, 32.96969696969697, 32.96969696969697, 32.96363636363637, 32.96363636363637, 32.981818181818184, 32.97575757575758, 32.981818181818184, 32.96363636363636, 32.95757575757576, 32.981818181818184, 32.987878787878785, 32.97575757575758, 32.981818181818184, 32.96969696969697, 32.97575757575758, 32.987878787878785, 32.96363636363637, 32.96969696969697, 32.96969696969697, 32.945454545454545, 32.96969696969697, 32.97575757575758, 32.96363636363637, 32.981818181818184, 32.987878787878785, 32.981818181818184, 32.981818181818184, 32.981818181818184, 32.99393939393939, 32.987878787878785, 32.981818181818184, 32.99393939393939, 32.99393939393939, 32.987878787878785, 32.99393939393939, 32.981818181818184, 32.981818181818184, 32.97575757575758, 32.96363636363636, 32.96969696969697, 32.987878787878785, 32.97575757575758, 32.95757575757575, 32.97575757575758, 32.987878787878785, 32.97575757575758, 32.96969696969697, 32.981818181818184, 32.981818181818184, 32.99393939393939, 32.99393939393939, 32.987878787878785, 32.981818181818184, 32.987878787878785, 32.987878787878785, 32.987878787878785, 32.987878787878785, 32.99393939393939, 32.99393939393939, 32.99393939393939, 32.987878787878785, 32.987878787878785, 32.981818181818184, 32.987878787878785, 32.97575757575758, 32.97575757575758, 32.97575757575758, 32.981818181818184, 32.987878787878785, 32.97575757575758, 32.981818181818184, 32.981818181818184, 32.981818181818184, 32.97575757575758, 32.96969696969697, 32.96969696969697, 32.981818181818184, 32.99393939393939, 32.987878787878785, 32.987878787878785, 32.987878787878785, 32.987878787878785, 32.987878787878785, 32.99393939393939, 32.99393939393939, 32.987878787878785, 32.987878787878785, 32.987878787878785, 32.987878787878785, 32.99393939393939, 32.987878787878785, 32.97575757575758, 32.97575757575758, 32.97575757575758, 32.981818181818184, 32.987878787878785, 32.981818181818184, 32.987878787878785, 32.97575757575758, 32.981818181818184, 32.987878787878785, 32.987878787878785, 32.99393939393939, 32.987878787878785, 32.981818181818184, 32.96969696969697, 32.96363636363636, 32.945454545454545, 32.95757575757576, 32.95757575757576, 32.945454545454545, 32.945454545454545, 32.93939393939394, 32.945454545454545, 32.93939393939394, 32.95757575757576, 32.96363636363637, 32.93939393939394, 32.96363636363637, 32.96969696969697, 32.96363636363637, 32.96969696969697, 32.96969696969697, 32.97575757575758, 32.96969696969697, 32.96363636363637, 32.96363636363636, 32.96969696969697, 32.95757575757576, 32.96363636363637, 32.96363636363637, 32.96363636363637, 32.96969696969697, 32.96969696969697, 32.981818181818184, 32.97575757575758, 32.981818181818184, 32.981818181818184, 32.987878787878785, 32.987878787878785, 32.97575757575758, 32.96363636363637, 32.96363636363637, 32.97575757575758, 32.981818181818184, 32.987878787878785, 32.987878787878785, 32.987878787878785, 32.981818181818184, 32.987878787878785, 32.97575757575758, 32.981818181818184, 32.981818181818184, 32.97575757575758, 32.981818181818184, 32.96969696969697, 32.96969696969697, 32.97575757575758, 32.97575757575758, 32.99393939393939, 32.981818181818184, 32.981818181818184, 32.987878787878785, 32.981818181818184, 32.981818181818184, 32.99393939393939, 32.987878787878785, 32.987878787878785, 32.987878787878785, 32.97575757575758, 32.987878787878785, 32.981818181818184, 32.99393939393939, 32.97575757575758, 32.987878787878785, 32.99393939393939, 32.987878787878785, 32.99393939393939, 32.987878787878785, 32.981818181818184, 32.97575757575758, 32.97575757575758, 32.987878787878785, 32.987878787878785, 32.97575757575758, 32.96363636363637, 32.97575757575758, 32.981818181818184, 32.981818181818184, 32.981818181818184, 32.96363636363637, 32.981818181818184, 32.99393939393939, 32.987878787878785, 32.981818181818184, 32.97575757575758, 32.981818181818184, 32.981818181818184, 32.981818181818184, 32.981818181818184, 32.981818181818184, 32.987878787878785, 32.981818181818184, 32.981818181818184, 32.987878787878785, 32.99393939393939, 32.987878787878785, 32.987878787878785, 32.981818181818184, 32.987878787878785, 32.987878787878785, 32.981818181818184, 32.981818181818184, 32.99393939393939, 32.987878787878785, 32.987878787878785, 32.96969696969697, 32.96969696969697, 32.96363636363637, 32.97575757575758, 32.97575757575758, 32.96363636363637, 32.981818181818184, 32.97575757575758, 32.97575757575758, 32.987878787878785, 32.987878787878785, 32.981818181818184, 32.981818181818184, 32.981818181818184, 32.987878787878785, 32.981818181818184, 32.981818181818184, 32.981818181818184, 32.981818181818184, 32.99393939393939, 32.99393939393939, 32.97575757575758, 32.97575757575758, 32.97575757575758, 32.981818181818184, 32.99393939393939, 32.99393939393939, 32.981818181818184, 32.981818181818184, 32.987878787878785, 32.987878787878785, 32.97575757575758, 32.97575757575758, 32.99393939393939, 32.987878787878785, 32.981818181818184, 32.981818181818184, 32.981818181818184, 32.99393939393939, 32.987878787878785, 32.96969696969697, 32.96969696969697, 32.95151515151515, 32.96363636363637, 32.95757575757576, 32.95757575757576, 32.96363636363637, 32.96363636363637, 32.96969696969697, 32.96969696969697, 32.95757575757576, 32.96969696969697, 32.95151515151515, 32.96969696969697, 32.945454545454545, 32.96969696969697, 32.96363636363637, 32.97575757575758, 32.981818181818184, 32.97575757575758, 32.96969696969697, 32.97575757575758, 32.97575757575758, 32.981818181818184, 32.987878787878785, 32.987878787878785, 32.981818181818184, 32.981818181818184, 32.981818181818184, 32.97575757575758, 32.981818181818184, 32.981818181818184, 32.96969696969697, 32.981818181818184, 32.97575757575758, 32.97575757575758, 32.981818181818184, 32.981818181818184, 32.981818181818184, 32.97575757575758, 32.981818181818184, 32.981818181818184, 32.981818181818184, 32.96969696969697, 32.96969696969697, 32.97575757575758, 32.96969696969697, 32.96969696969697, 32.97575757575758, 32.96969696969697, 32.97575757575758, 32.981818181818184, 32.981818181818184, 32.96969696969697, 32.96363636363637, 32.981818181818184, 32.96363636363637, 32.97575757575758, 32.981818181818184, 32.97575757575758, 32.97575757575758, 32.97575757575758, 32.97575757575758, 32.981818181818184]",0.869954342423567,0.8790946915536318,33,"[33, 33, 33, 33, 33, 33, 33, 33, 33, 33, 33, 33, 33, 33, 33, 33, 33, 33, 33, 33, 33, 33, 33, 33, 33, 33, 33, 33, 33, 33, 33, 33, 33, 33, 33, 33, 33, 33, 33, 33, 33, 33, 33, 33, 33, 33, 33, 33, 33, 33, 33, 33, 33, 33, 33, 33, 33, 33, 33, 33, 33, 33, 33, 33, 33, 33, 33, 33, 33, 33, 33, 33, 33, 33, 33, 33, 33, 33, 33, 33, 33, 33, 33, 33, 33, 33, 33, 33, 33, 33, 33, 33, 33, 33, 33, 33, 33, 33, 33, 33, 33, 33, 33, 33, 33, 33, 33, 33, 33, 33, 33, 33, 33, 33, 33, 33, 33, 33, 33, 33, 33, 33, 33, 33, 33, 33, 33, 33, 33, 33, 33, 33, 33, 33, 33, 33, 33, 33, 33, 33, 33, 33, 33, 33, 33, 33, 33, 33, 33, 33, 33, 33, 33, 33, 33, 33, 33, 33, 33, 33, 33, 33, 33, 33, 33, 33, 33, 33, 33, 33, 33, 33, 33, 33, 33, 33, 33, 33, 33, 33, 33, 33, 33, 33, 33, 33, 33, 33, 33, 33, 33, 33, 33, 33, 33, 33, 33, 33, 33, 33, 33, 33, 33, 33, 33, 33, 33, 33, 33, 33, 33, 33, 33, 33, 33, 33, 33, 33, 33, 33, 33, 33, 33, 33, 33, 33, 33, 33, 33, 33, 33, 33, 33, 33, 33, 33, 33, 33, 33, 33, 33, 33, 33, 33, 33, 33, 33, 33, 33, 33, 33, 33, 33, 33, 33, 33, 33, 33, 33, 33, 33, 33, 33, 33, 33, 33, 33, 33, 33, 33, 33, 33, 33, 33, 33, 33, 33, 33, 33, 33, 33, 33, 33, 33, 33, 33, 33, 33, 33, 33, 33, 33, 33, 33, 33, 33, 33, 33, 33, 33, 33, 33, 33, 33, 33, 33, 33, 33, 33, 33, 33, 33, 33, 33, 33, 33, 33, 33, 33, 33, 33, 33, 33, 33, 33, 33, 33, 33, 33, 33, 33, 33, 33, 33, 33, 33, 33, 33, 33, 33, 33, 33, 33, 33, 33, 33, 33, 33, 33, 33, 33, 33, 33, 33, 33, 33, 33, 33, 33, 33, 33, 33, 33, 33, 33, 33, 33, 33, 33, 33, 33, 33, 33, 33, 33, 33, 33, 33, 33, 33, 33, 33, 33, 33, 33, 33, 33, 33, 33, 33, 33, 33, 33, 33, 33, 33, 33, 33, 33, 33, 33, 33, 33, 33, 33, 33, 33, 33, 33, 33, 33, 33, 33, 33, 33, 33, 33, 33, 33, 33, 33, 33, 33, 33, 33, 33, 33, 33, 33, 33, 33, 33, 33, 33, 33, 33, 33, 33, 33, 33, 33, 33, 33, 33, 33, 33, 33, 33, 33, 33, 33, 33, 33, 33, 33, 33, 33, 33, 33, 33, 33, 33, 33, 33, 33, 33, 33, 33, 33, 33, 33, 33, 33, 33, 33]",475,"[0.42360103130340576, 0.410437673330307, 0.4076929986476898, 0.4055384695529938, 0.4033675491809845, 0.40192708373069763, 0.40028953552246094, 0.39897623658180237, 0.39751923084259033, 0.3959754705429077, 0.39473438262939453, 0.3940059542655945, 0.39292362332344055, 0.3922300338745117, 0.3910098969936371, 0.3905142545700073, 0.3884319067001343, 0.38757216930389404, 0.38721197843551636, 0.3863969147205353, 0.38550108671188354, 0.38501912355422974, 0.38437211513519287, 0.38346490263938904, 0.38333025574684143, 0.3830002248287201, 0.38376888632774353, 0.3819618225097656, 0.38040977716445923, 0.3798762559890747, 0.3793988823890686, 0.37879765033721924, 0.37904462218284607, 0.37864288687705994, 0.37776637077331543, 0.37720054388046265, 0.377147376537323, 0.3764123022556305, 0.37610915303230286, 0.3762226402759552, 0.3759639859199524, 0.37518948316574097, 0.3748573362827301, 0.37453654408454895, 0.3746427297592163, 0.3741614818572998, 0.37374043464660645, 0.37340039014816284, 0.37323230504989624, 0.37243691086769104, 0.372048020362854, 0.37173300981521606, 0.371491938829422, 0.3711024522781372, 0.37059277296066284, 0.3705469071865082, 0.3700319528579712, 0.37003445625305176, 0.36964476108551025, 0.3694462180137634, 0.3698984384536743, 0.37009280920028687, 0.37169280648231506, 0.3681893050670624, 0.36874625086784363, 0.3677574396133423, 0.36772602796554565, 0.3672325611114502, 0.36707255244255066, 0.3669358789920807, 0.3667750656604767, 0.3664066195487976, 0.36626479029655457, 0.3660311996936798, 0.36603453755378723, 0.36597973108291626, 0.3648075759410858, 0.36541375517845154, 0.3644365966320038, 0.3648318946361542, 0.36541447043418884, 0.3657947778701782, 0.36402174830436707, 0.36307066679000854, 0.36382609605789185, 0.36250200867652893, 0.362235426902771, 0.3626338839530945, 0.3621274530887604, 0.3626677989959717, 0.36313435435295105, 0.3623281717300415, 0.3610239028930664, 0.3607840836048126, 0.36055853962898254, 0.3602343797683716, 0.35988643765449524, 0.35978829860687256, 0.3596426248550415, 0.35921820998191833, 0.35863196849823, 0.3584659993648529, 0.3580411970615387, 0.3587460219860077, 0.3580149710178375, 0.3576611578464508, 0.3574659824371338, 0.3574103116989136, 0.35703685879707336, 0.3566657304763794, 0.35627278685569763, 0.3560985326766968, 0.35606467723846436, 0.35669127106666565, 0.35561490058898926, 0.3555847406387329, 0.35496291518211365, 0.35452786087989807, 0.35429322719573975, 0.3547384738922119, 0.35460948944091797, 0.3536457121372223, 0.3533647060394287, 0.3532368540763855, 0.3532331585884094, 0.3528939187526703, 0.3528425097465515, 0.35293540358543396, 0.35240858793258667, 0.3519197702407837, 0.3516106903553009, 0.35182371735572815, 0.3513425886631012, 0.35136905312538147, 0.3512585163116455, 0.35350868105888367, 0.3503408133983612, 0.35005995631217957, 0.3497648537158966, 0.3495154082775116, 0.3492985963821411, 0.34904107451438904, 0.3486989140510559, 0.3484360873699188, 0.3482629060745239, 0.34845679998397827, 0.34903180599212646, 0.34755390882492065, 0.34728458523750305, 0.3470999002456665, 0.34680989384651184, 0.34662532806396484, 0.3464714288711548, 0.34628504514694214, 0.34620726108551025, 0.34586119651794434, 0.3456854224205017, 0.3456687033176422, 0.34608685970306396, 0.345184862613678, 0.34534159302711487, 0.3450760543346405, 0.34457170963287354, 0.34420245885849, 0.3440656363964081, 0.3440084755420685, 0.3449040353298187, 0.34325167536735535, 0.3435090184211731, 0.3426660895347595, 0.3422051966190338, 0.3422773480415344, 0.34224608540534973, 0.341579407453537, 0.34137600660324097, 0.34171631932258606, 0.3409685492515564, 0.34067994356155396, 0.3414093255996704, 0.3416237533092499, 0.3407730162143707, 0.34111344814300537, 0.33995741605758667, 0.34007444977760315, 0.34034425020217896, 0.34024542570114136, 0.3395140767097473, 0.3392466604709625, 0.34077414870262146, 0.33986395597457886, 0.3391129970550537, 0.33822882175445557, 0.33774644136428833, 0.3380526006221771, 0.3375142812728882, 0.33718472719192505, 0.33702218532562256, 0.3371414840221405, 0.33671489357948303, 0.33714181184768677, 0.33656010031700134, 0.3364006280899048, 0.3359204828739166, 0.33749282360076904, 0.3357902765274048, 0.33553043007850647, 0.33609917759895325, 0.3367449641227722, 0.33554401993751526, 0.3346880078315735, 0.3344184458255768, 0.3341679871082306, 0.3338731527328491, 0.3345443308353424, 0.333472341299057, 0.3333266079425812, 0.33325710892677307, 0.33352601528167725, 0.3328530192375183, 0.3322572708129883, 0.3319271206855774, 0.3317050039768219, 0.3315907418727875, 0.33139947056770325, 0.33136186003685, 0.3312429189682007, 0.33104097843170166, 0.3309763967990875, 0.3304535746574402, 0.33019551634788513, 0.3304130434989929, 0.3310903310775757, 0.3296395242214203, 0.3297336995601654, 0.329741507768631, 0.3288039267063141, 0.328408420085907, 0.32914382219314575, 0.3283875584602356, 0.32815030217170715, 0.3281199634075165, 0.3280829191207886, 0.3279474377632141, 0.3289816677570343, 0.32790812849998474, 0.32772257924079895, 0.3273494243621826, 0.3272935748100281, 0.3269251883029938, 0.3266541361808777, 0.3266436457633972, 0.3268981873989105, 0.3258412480354309, 0.3262329399585724, 0.32620474696159363, 0.32570746541023254, 0.325505793094635, 0.32521679997444153, 0.3263966739177704, 0.3256322741508484, 0.3248237669467926, 0.3248939514160156, 0.32452988624572754, 0.32448771595954895, 0.324251264333725, 0.3241269588470459, 0.3239360451698303, 0.3235263526439667, 0.32434964179992676, 0.32392868399620056, 0.3232041597366333, 0.3231678903102875, 0.32313433289527893, 0.3223412334918976, 0.3222677707672119, 0.32319363951683044, 0.3232375681400299, 0.32162943482398987, 0.32109394669532776, 0.3214993178844452, 0.32114624977111816, 0.3204062283039093, 0.32017776370048523, 0.3199576735496521, 0.31972286105155945, 0.3195144236087799, 0.3202073276042938, 0.3191939890384674, 0.3192163407802582, 0.3192586898803711, 0.31952112913131714, 0.31846892833709717, 0.31860971450805664, 0.31874948740005493, 0.3190430700778961, 0.3176426589488983, 0.3172876834869385, 0.317751407623291, 0.31893980503082275, 0.3167910873889923, 0.3160613179206848, 0.3157537579536438, 0.3155151307582855, 0.31589239835739136, 0.315107136964798, 0.3153848946094513, 0.3151048719882965, 0.3147696256637573, 0.3142414093017578, 0.3146200478076935, 0.3136400878429413, 0.31332463026046753, 0.31300169229507446, 0.3138013482093811, 0.312793493270874, 0.3134697377681732, 0.31304267048835754, 0.3126028776168823, 0.31235629320144653, 0.3122239410877228, 0.3129231631755829, 0.3121790587902069, 0.3124479651451111, 0.31231144070625305, 0.31169071793556213, 0.31145620346069336, 0.3119499385356903, 0.31085747480392456, 0.31026074290275574, 0.3100205361843109, 0.30963364243507385, 0.30909794569015503, 0.3094077706336975, 0.30934378504753113, 0.30859124660491943, 0.3085191249847412, 0.3090038001537323, 0.3095340132713318, 0.310499906539917, 0.3079609274864197, 0.3078323006629944, 0.3076384961605072, 0.3078213632106781, 0.3074135482311249, 0.30699822306632996, 0.3069387674331665, 0.3073485493659973, 0.3069944679737091, 0.30730023980140686, 0.3075498044490814, 0.30747824907302856, 0.3055666387081146, 0.3056917190551758, 0.3056771755218506, 0.30546221137046814, 0.3052251935005188, 0.3051568567752838, 0.3046199679374695, 0.304375559091568, 0.3047584295272827, 0.3051895201206207, 0.3042592406272888, 0.3045201003551483, 0.30317872762680054, 0.3029610216617584, 0.3028136193752289, 0.30209141969680786, 0.30181685090065, 0.3021770119667053, 0.3016473352909088, 0.3021702766418457, 0.3013956844806671, 0.30112943053245544, 0.3008081316947937, 0.3019062280654907, 0.30050989985466003, 0.30027642846107483, 0.2997453212738037, 0.2994230091571808, 0.29926741123199463, 0.2991693913936615, 0.29924583435058594, 0.29894253611564636, 0.30074557662010193, 0.2984825372695923, 0.2982967495918274, 0.2981542646884918, 0.29782673716545105, 0.29775112867355347, 0.29756030440330505, 0.29712778329849243, 0.29699039459228516, 0.2973732054233551, 0.2964266836643219, 0.29636701941490173, 0.2958792746067047, 0.2955630421638489, 0.29565