,number,value,datetime_start,datetime_complete,duration,params_batch_size_scaler,params_constant_learning_rate,params_depth,params_epochs,params_kernel_l2,params_num_trees,params_temperature,user_attrs_accuracy_test,user_attrs_accuracy_valid,user_attrs_approximate_feature_sparsity,user_attrs_approximate_feature_sparsity_history,user_attrs_approximate_weight_sparsity,user_attrs_approximate_weight_sparsity_history,user_attrs_auc_test,user_attrs_auc_valid,user_attrs_feature_sparsity,user_attrs_feature_sparsity_history,user_attrs_num_epochs,user_attrs_val_loss_history,user_attrs_weight_sparsity,user_attrs_weight_sparsity_history,state
133,133,0.9327330576702607,2024-08-31 06:42:43.357632,2024-08-31 06:44:00.176023,0 days 00:01:16.818391,1,0.0628250341693311,2,110,0.005047902781209576,89,0.077025834431255,0.95,0.94875,33,"[33, 33, 33, 33, 33, 33, 33, 33, 33, 33, 33, 33, 33, 33, 33, 33, 33, 33, 33, 33, 33, 33, 33, 33, 33, 33, 33, 33, 33, 33, 33, 33, 33, 33, 33, 33, 33, 33, 33, 33, 33, 33, 33, 33, 33, 33, 33, 33, 33, 33, 33, 33, 33, 33, 33, 33, 33, 33, 33, 33, 33, 33, 33, 33, 33, 33, 33, 33, 33, 33, 33, 33, 33, 33, 33, 33, 33, 33, 33, 33, 33, 33, 33, 33, 33, 33, 33, 33, 33, 33, 33, 33, 33, 33, 33, 33, 33, 33, 33, 33, 33, 33, 33, 33, 33, 33, 33, 33, 33, 33]",32.98501872659176,"[32.99250936329588, 32.97378277153558, 32.97378277153558, 32.97003745318352, 32.97752808988764, 32.9812734082397, 32.97378277153558, 32.9625468164794, 32.9812734082397, 32.9812734082397, 32.9812734082397, 32.98876404494382, 32.98876404494382, 32.9812734082397, 32.97752808988764, 32.97378277153558, 32.98501872659176, 32.9812734082397, 32.97752808988764, 32.96629213483146, 32.97378277153558, 32.97003745318352, 32.97378277153558, 32.97003745318352, 32.97378277153558, 32.9625468164794, 32.97003745318352, 32.96629213483146, 32.9625468164794, 32.9625468164794, 32.97003745318352, 32.98501872659176, 32.97378277153558, 32.98501872659176, 32.99250936329588, 32.9812734082397, 32.98876404494382, 32.951310861423224, 32.9625468164794, 32.97003745318352, 32.9812734082397, 32.97752808988764, 32.9812734082397, 32.9812734082397, 32.98876404494382, 32.97003745318352, 32.97752808988764, 32.97003745318352, 32.98501872659176, 32.96629213483146, 32.97752808988764, 32.97752808988764, 32.98501872659176, 32.97378277153558, 32.99625468164794, 32.99250936329588, 32.97378277153558, 32.97378277153558, 32.97003745318352, 32.9812734082397, 32.97752808988764, 32.99250936329588, 32.98876404494382, 32.9625468164794, 32.97378277153558, 32.97003745318352, 32.98501872659176, 32.97752808988764, 32.97003745318352, 32.9812734082397, 32.9625468164794, 32.96629213483146, 32.97003745318352, 32.9625468164794, 32.97003745318352, 32.95880149812734, 32.9625468164794, 32.9625468164794, 32.9625468164794, 32.98501872659176, 32.96629213483146, 32.9812734082397, 32.9812734082397, 32.97378277153558, 32.9812734082397, 32.96629213483146, 32.97752808988764, 32.97378277153558, 32.98876404494382, 32.97003745318352, 32.97003745318352, 32.97752808988764, 32.9812734082397, 32.97003745318352, 32.97378277153558, 32.97003745318352, 32.97752808988764, 32.97003745318352, 32.97378277153558, 32.97378277153558, 32.98501872659176, 32.97003745318352, 32.97378277153558, 32.98876404494382, 32.9625468164794, 32.97752808988764, 32.97752808988764, 32.98876404494382, 32.98501872659176, 32.98501872659176]",0.9105425242942892,0.9327330576702607,33,"[33, 33, 33, 33, 33, 33, 33, 33, 33, 33, 33, 33, 33, 33, 33, 33, 33, 33, 33, 33, 33, 33, 33, 33, 33, 33, 33, 33, 33, 33, 33, 33, 33, 33, 33, 33, 33, 33, 33, 33, 33, 33, 33, 33, 33, 33, 33, 33, 33, 33, 33, 33, 33, 33, 33, 33, 33, 33, 33, 33, 33, 33, 33, 33, 33, 33, 33, 33, 33, 33, 33, 33, 33, 33, 33, 33, 33, 33, 33, 33, 33, 33, 33, 33, 33, 33, 33, 33, 33, 33, 33, 33, 33, 33, 33, 33, 33, 33, 33, 33, 33, 33, 33, 33, 33, 33, 33, 33, 33, 33]",110,"[0.36896416544914246, 0.36138346791267395, 0.3548736572265625, 0.344852477312088, 0.3333198130130768, 0.3301596939563751, 0.3254459798336029, 0.31279200315475464, 0.3028521239757538, 0.31833016872406006, 0.2926505506038666, 0.28025269508361816, 0.2777198553085327, 0.2663498818874359, 0.26133620738983154, 0.2589949369430542, 0.26927223801612854, 0.24690265953540802, 0.2442091703414917, 0.23635569214820862, 0.23852616548538208, 0.23703597486019135, 0.22989965975284576, 0.22747838497161865, 0.2322985827922821, 0.22303886711597443, 0.21888022124767303, 0.2151758223772049, 0.21432365477085114, 0.22416290640830994, 0.20772916078567505, 0.2231469750404358, 0.2053624540567398, 0.21301713585853577, 0.20879794657230377, 0.2061661332845688, 0.20568086206912994, 0.2177983522415161, 0.2014794498682022, 0.2019950896501541, 0.20645210146903992, 0.20734639465808868, 0.1972505748271942, 0.2023293823003769, 0.21802043914794922, 0.206970676779747, 0.19431047141551971, 0.20472007989883423, 0.20352667570114136, 0.19710393249988556, 0.2013312727212906, 0.21831585466861725, 0.19615355134010315, 0.19610647857189178, 0.19192729890346527, 0.1911507099866867, 0.1946747601032257, 0.19215141236782074, 0.1936960369348526, 0.18936197459697723, 0.19827741384506226, 0.1987287402153015, 0.1967102587223053, 0.19288063049316406, 0.19379158318042755, 0.19200630486011505, 0.19809718430042267, 0.18971456587314606, 0.18655094504356384, 0.18786954879760742, 0.18648380041122437, 0.18586070835590363, 0.1879807412624359, 0.18545810878276825, 0.1848563402891159, 0.1907694935798645, 0.1951010823249817, 0.1868980973958969, 0.18831387162208557, 0.18763962388038635, 0.1936769038438797, 0.18378371000289917, 0.1852385699748993, 0.18781806528568268, 0.1928037405014038, 0.1992674022912979, 0.1873956173658371, 0.1862677037715912, 0.19365867972373962, 0.18507523834705353, 0.18802757561206818, 0.18668220937252045, 0.20513027906417847, 0.18524488806724548, 0.1825588196516037, 0.18871097266674042, 0.18927054107189178, 0.1891893744468689, 0.18590812385082245, 0.19228558242321014, 0.1919461190700531, 0.21109800040721893, 0.1860797256231308, 0.19102206826210022, 0.18704868853092194, 0.18193458020687103, 0.18283626437187195, 0.18316403031349182, 0.1910419464111328, 0.18520797789096832]",33.0,"[33.0, 33.0, 33.0, 33.0, 33.0, 33.0, 33.0, 33.0, 33.0, 33.0, 33.0, 33.0, 33.0, 33.0, 33.0, 33.0, 33.0, 33.0, 33.0, 33.0, 33.0, 33.0, 33.0, 33.0, 33.0, 33.0, 33.0, 33.0, 33.0, 33.0, 33.0, 33.0, 33.0, 33.0, 33.0, 33.0, 33.0, 33.0, 33.0, 33.0, 33.0, 33.0, 33.0, 33.0, 33.0, 33.0, 33.0, 33.0, 33.0, 33.0, 33.0, 33.0, 33.0, 33.0, 33.0, 33.0, 33.0, 33.0, 33.0, 33.0, 33.0, 33.0, 33.0, 33.0, 33.0, 33.0, 33.0, 33.0, 33.0, 33.0, 33.0, 33.0, 33.0, 33.0, 33.0, 33.0, 33.0, 33.0, 33.0, 33.0, 33.0, 33.0, 33.0, 33.0, 33.0, 33.0, 33.0, 33.0, 33.0, 33.0, 33.0, 33.0, 33.0, 33.0, 33.0, 33.0, 33.0, 33.0, 33.0, 33.0, 33.0, 33.0, 33.0, 33.0, 33.0, 33.0, 33.0, 33.0, 33.0, 33.0]",COMPLETE
134,134,0.5,2024-08-31 06:44:03.106261,2024-08-31 06:46:53.885089,0 days 00:02:50.778828,64,0.9162407338240416,6,305,0.03478517120866766,49,0.009381094887513994,0.859,0.85875,0,"[33, 33, 33, 33, 33, 33, 33, 33, 33, 33, 33, 15, 4, 3, 2, 1, 0, 0, 0, 0, 0, 0, 0, 0, 0, 0, 0, 0, 0, 0, 0, 0, 0, 0, 0, 0, 0, 0, 0, 0, 0, 0, 0, 0, 0, 0, 0, 0, 0, 0, 0, 0, 0, 0, 0, 0, 0, 0, 0, 0, 0, 0, 0, 0, 0, 0, 0, 0, 0, 0, 0, 0, 0, 0, 0, 0, 0, 0, 0, 0, 0, 0, 0, 0, 0, 0, 0, 0, 0, 0, 0, 0, 0, 0, 0, 0, 0, 0, 0, 0, 0, 0, 0, 0, 0, 0, 0, 0, 0, 0, 0, 0, 0, 0, 0, 0, 0, 0, 0, 0, 0, 0, 0, 0, 0, 0, 0, 0, 0, 0, 0, 0, 0, 0, 0, 0, 0, 0, 0, 0, 0, 0, 0, 0, 0, 0, 0, 0, 0, 0, 0, 0, 0, 0, 0, 0, 0, 0, 0, 0, 0, 0, 0, 0, 0, 0, 0, 0, 0, 0, 0, 0, 0, 0, 0, 0, 0, 0, 0, 0, 0, 0, 0, 0, 0, 0, 0, 0, 0, 0, 0, 0, 0, 0, 0, 0, 0, 0, 0, 0, 0, 0, 0, 0, 0, 0, 0, 0, 0, 0, 0, 0, 0, 0, 0, 0, 0, 0, 0, 0, 0, 0, 0, 0, 0, 0, 0, 0, 0, 0, 0, 0, 0, 0, 0, 0, 0, 0, 0, 0, 0, 0, 0, 0, 0, 0, 0, 0, 0, 0, 0, 0, 0, 0, 0, 0, 0, 0, 0, 0, 0, 0, 0, 0, 0, 0, 0, 0, 0, 0, 0, 0, 0, 0, 0, 0, 0, 0, 0, 0, 0, 0, 0, 0, 0, 0, 0, 0, 0, 0, 0, 0, 0, 0, 0, 0, 0, 0, 0, 0, 0, 0, 0, 0, 0]",0.0,"[32.926789763524454, 32.92581794622611, 32.92290249433106, 32.92387431162942, 32.91901522513768, 32.921606737933274, 32.92257855523162, 32.919663103336575, 32.91998704243603, 32.924198250728864, 32.92031098153547, 14.96695821185617, 3.9919015225137677, 2.9922254616132165, 1.9941690962099126, 0.9987042436022028, 0.0, 0.0, 0.0, 0.0, 0.0, 0.0, 0.0, 0.0, 0.0, 0.0, 0.0, 0.0, 0.0, 0.0, 0.0, 0.0, 0.0, 0.0, 0.0, 0.0, 0.0, 0.0, 0.0, 0.0, 0.0, 0.0, 0.0, 0.0, 0.0, 0.0, 0.0, 0.0, 0.0, 0.0, 0.0, 0.0, 0.0, 0.0, 0.0, 0.0, 0.0, 0.0, 0.0, 0.0, 0.0, 0.0, 0.0, 0.0, 0.0, 0.0, 0.0, 0.0, 0.0, 0.0, 0.0, 0.0, 0.0, 0.0, 0.0, 0.0, 0.0, 0.0, 0.0, 0.0, 0.0, 0.0, 0.0, 0.0, 0.0, 0.0, 0.0, 0.0, 0.0, 0.0, 0.0, 0.0, 0.0, 0.0, 0.0, 0.0, 0.0, 0.0, 0.0, 0.0, 0.0, 0.0, 0.0, 0.0, 0.0, 0.0, 0.0, 0.0, 0.0, 0.0, 0.0, 0.0, 0.0, 0.0, 0.0, 0.0, 0.0, 0.0, 0.0, 0.0, 0.0, 0.0, 0.0, 0.0, 0.0, 0.0, 0.0, 0.0, 0.0, 0.0, 0.0, 0.0, 0.0, 0.0, 0.0, 0.0, 0.0, 0.0, 0.0, 0.0, 0.0, 0.0, 0.0, 0.0, 0.0, 0.0, 0.0, 0.0, 0.0, 0.0, 0.0, 0.0, 0.0, 0.0, 0.0, 0.0, 0.0, 0.0, 0.0, 0.0, 0.0, 0.0, 0.0, 0.0, 0.0, 0.0, 0.0, 0.0, 0.0, 0.0, 0.0, 0.0, 0.0, 0.0, 0.0, 0.0, 0.0, 0.0, 0.0, 0.0, 0.0, 0.0, 0.0, 0.0, 0.0, 0.0, 0.0, 0.0, 0.0, 0.0, 0.0, 0.0, 0.0, 0.0, 0.0, 0.0, 0.0, 0.0, 0.0, 0.0, 0.0, 0.0, 0.0, 0.0, 0.0, 0.0, 0.0, 0.0, 0.0, 0.0, 0.0, 0.0, 0.0, 0.0, 0.0, 0.0, 0.0, 0.0, 0.0, 0.0, 0.0, 0.0, 0.0, 0.0, 0.0, 0.0, 0.0, 0.0, 0.0, 0.0, 0.0, 0.0, 0.0, 0.0, 0.0, 0.0, 0.0, 0.0, 0.0, 0.0, 0.0, 0.0, 0.0, 0.0, 0.0, 0.0, 0.0, 0.0, 0.0, 0.0, 0.0, 0.0, 0.0, 0.0, 0.0, 0.0, 0.0, 0.0, 0.0, 0.0, 0.0, 0.0, 0.0, 0.0, 0.0, 0.0, 0.0, 0.0, 0.0, 0.0, 0.0, 0.0, 0.0, 0.0, 0.0, 0.0, 0.0, 0.0, 0.0, 0.0, 0.0, 0.0, 0.0, 0.0, 0.0, 0.0, 0.0, 0.0, 0.0, 0.0, 0.0, 0.0, 0.0, 0.0, 0.0, 0.0, 0.0, 0.0, 0.0, 0.0, 0.0, 0.0, 0.0, 0.0, 0.0]",0.5,0.5,0,"[33, 33, 33, 33, 33, 33, 33, 33, 33, 33, 33, 15, 4, 3, 2, 1, 0, 0, 0, 0, 0, 0, 0, 0, 0, 0, 0, 0, 0, 0, 0, 0, 0, 0, 0, 0, 0, 0, 0, 0, 0, 0, 0, 0, 0, 0, 0, 0, 0, 0, 0, 0, 0, 0, 0, 0, 0, 0, 0, 0, 0, 0, 0, 0, 0, 0, 0, 0, 0, 0, 0, 0, 0, 0, 0, 0, 0, 0, 0, 0, 0, 0, 0, 0, 0, 0, 0, 0, 0, 0, 0, 0, 0, 0, 0, 0, 0, 0, 0, 0, 0, 0, 0, 0, 0, 0, 0, 0, 0, 0, 0, 0, 0, 0, 0, 0, 0, 0, 0, 0, 0, 0, 0, 0, 0, 0, 0, 0, 0, 0, 0, 0, 0, 0, 0, 0, 0, 0, 0, 0, 0, 0, 0, 0, 0, 0, 0, 0, 0, 0, 0, 0, 0, 0, 0, 0, 0, 0, 0, 0, 0, 0, 0, 0, 0, 0, 0, 0, 0, 0, 0, 0, 0, 0, 0, 0, 0, 0, 0, 0, 0, 0, 0, 0, 0, 0, 0, 0, 0, 0, 0, 0, 0, 0, 0, 0, 0, 0, 0, 0, 0, 0, 0, 0, 0, 0, 0, 0, 0, 0, 0, 0, 0, 0, 0, 0, 0, 0, 0, 0, 0, 0, 0, 0, 0, 0, 0, 0, 0, 0, 0, 0, 0, 0, 0, 0, 0, 0, 0, 0, 0, 0, 0, 0, 0, 0, 0, 0, 0, 0, 0, 0, 0, 0, 0, 0, 0, 0, 0, 0, 0, 0, 0, 0, 0, 0, 0, 0, 0, 0, 0, 0, 0, 0, 0, 0, 0, 0, 0, 0, 0, 0, 0, 0, 0, 0, 0, 0, 0, 0, 0, 0, 0, 0, 0, 0, 0, 0, 0, 0, 0, 0, 0, 0, 0]",305,"[0.42277783155441284, 0.4008428454399109, 0.39552128314971924, 0.392320454120636, 0.38917115330696106, 0.3873734772205353, 0.3849951922893524, 0.38423261046409607, 0.3816525638103485, 0.38050442934036255, 0.3783717453479767, 0.3846854269504547, 0.38640230894088745, 0.38731175661087036, 0.3922489583492279, 0.3969680666923523, 0.40727221965789795, 0.40724724531173706, 0.40725982189178467, 0.4076893627643585, 0.40724241733551025, 0.4072314202785492, 0.40754467248916626, 0.40724220871925354, 0.4072389602661133, 0.4073612093925476, 0.40748488903045654, 0.40727588534355164, 0.4073442816734314, 0.40728798508644104, 0.4073268175125122, 0.407584011554718, 0.4072984457015991, 0.40744805335998535, 0.4072263240814209, 0.4072263836860657, 0.40722915530204773, 0.40730682015419006, 0.40722861886024475, 0.4075356423854828, 0.4074345529079437, 0.40763747692108154, 0.40735846757888794, 0.40738606452941895, 0.4078831374645233, 0.40724167227745056, 0.40740272402763367, 0.407490611076355, 0.4072812795639038, 0.40733763575553894, 0.4072272479534149, 0.40731051564216614, 0.4072427451610565, 0.407228022813797, 0.4074021279811859, 0.4084244668483734, 0.40751856565475464, 0.4072779715061188, 0.4072263240814209, 0.40724876523017883, 0.40722671151161194, 0.40724799036979675, 0.4074729084968567, 0.40766119956970215, 0.40766701102256775, 0.4076443612575531, 0.40741389989852905, 0.4073622226715088, 0.407450795173645, 0.4076949954032898, 0.40728020668029785, 0.4078190326690674, 0.40730828046798706, 0.4072324335575104, 0.4076346158981323, 0.40762147307395935, 0.4079641103744507, 0.40733224153518677, 0.4072272479534149, 0.40741997957229614, 0.40730804204940796, 0.4074007272720337, 0.4075039029121399, 0.4072377681732178, 0.40737777948379517, 0.407230019569397, 0.40799781680107117, 0.4072670638561249, 0.40771156549453735, 0.40777260065078735, 0.4074491262435913, 0.40742942690849304, 0.40736305713653564, 0.4072262942790985, 0.407379150390625, 0.40758025646209717, 0.40728244185447693, 0.4072262644767761, 0.4072260558605194, 0.4074772894382477, 0.40757811069488525, 0.4072330594062805, 0.4072464406490326, 0.40740180015563965, 0.40727683901786804, 0.40726104378700256, 0.40733906626701355, 0.4072268605232239, 0.4072871506214142, 0.4072660505771637, 0.4072539508342743, 0.40725409984588623, 0.40729445219039917, 0.40749144554138184, 0.4072873294353485, 0.407267302274704, 0.40724697709083557, 0.4072403609752655, 0.40722787380218506, 0.407247394323349, 0.4073667526245117, 0.4075061082839966, 0.4072648882865906, 0.4080662429332733, 0.4076734185218811, 0.4072757959365845, 0.40731680393218994, 0.40722665190696716, 0.40724197030067444, 0.4073302149772644, 0.4072299301624298, 0.4075430929660797, 0.4078347086906433, 0.40728312730789185, 0.4075884222984314, 0.4073547124862671, 0.4072520136833191, 0.40723350644111633, 0.4072261154651642, 0.4072328805923462, 0.40723076462745667, 0.4073289930820465, 0.4075015187263489, 0.40723296999931335, 0.40724456310272217, 0.40722647309303284, 0.40736138820648193, 0.4072859287261963, 0.4072398245334625, 0.4075048565864563, 0.4072415232658386, 0.4073841869831085, 0.40740031003952026, 0.40738409757614136, 0.4072658121585846, 0.4073896110057831, 0.40778297185897827, 0.4072863757610321, 0.407236248254776, 0.40749990940093994, 0.4077743589878082, 0.4075797200202942, 0.40749236941337585, 0.40781646966934204, 0.40740057826042175, 0.40781480073928833, 0.40781062841415405, 0.4074293375015259, 0.40722617506980896, 0.40724068880081177, 0.40732038021087646, 0.40723517537117004, 0.40772631764411926, 0.4073992967605591, 0.40782052278518677, 0.407514750957489, 0.4072577655315399, 0.4073244333267212, 0.4074169397354126, 0.40743759274482727, 0.4075985848903656, 0.4078317880630493, 0.4072299897670746, 0.4078117311000824, 0.40728265047073364, 0.40739792585372925, 0.40724068880081177, 0.40727269649505615, 0.4072283208370209, 0.40723878145217896, 0.40733733773231506, 0.40743035078048706, 0.407228022813797, 0.4072268605232239, 0.4072726368904114, 0.4072449505329132, 0.4072588086128235, 0.4072533845901489, 0.4072989523410797, 0.40723899006843567, 0.4072261154651642, 0.40732505917549133, 0.40722978115081787, 0.4074901342391968, 0.40723419189453125, 0.4072435796260834, 0.40732306241989136, 0.4073135256767273, 0.4072445333003998, 0.40729254484176636, 0.4076899588108063, 0.40737277269363403, 0.4072851538658142, 0.4072418212890625, 0.4072290360927582, 0.40729063749313354, 0.40723639726638794, 0.40727248787879944, 0.40724363923072815, 0.40741413831710815, 0.40730682015419006, 0.4072262644767761, 0.4072569012641907, 0.407251238822937, 0.40725043416023254, 0.40730616450309753, 0.40726611018180847, 0.40727439522743225, 0.4072626531124115, 0.40722960233688354, 0.40723347663879395, 0.4072481393814087, 0.407400906085968, 0.40724968910217285, 0.40737155079841614, 0.4073728621006012, 0.407234787940979, 0.40723541378974915, 0.40751931071281433, 0.4072493612766266, 0.4072553217411041, 0.4072798192501068, 0.4072447121143341, 0.4072292447090149, 0.40729644894599915, 0.4072502851486206, 0.40735962986946106, 0.4075661599636078, 0.4072689116001129, 0.4074752926826477, 0.40727347135543823, 0.4072328805923462, 0.40731772780418396, 0.4076077938079834, 0.4072374403476715, 0.40730857849121094, 0.40751153230667114, 0.4073977768421173, 0.40724867582321167, 0.4073467254638672, 0.4073418080806732, 0.4072430431842804, 0.40728703141212463, 0.40724819898605347, 0.40726062655448914, 0.40722766518592834, 0.40723609924316406, 0.40722787380218506, 0.40729278326034546, 0.40759140253067017, 0.4074785113334656, 0.4074360728263855, 0.4072284698486328, 0.40728768706321716, 0.40742915868759155, 0.40731579065322876, 0.40722694993019104, 0.40722712874412537, 0.40724074840545654, 0.4073803722858429, 0.4072563946247101, 0.40723565220832825, 0.40726181864738464, 0.40722957253456116, 0.4072539508342743, 0.4072296917438507, 0.40730568766593933, 0.40736523270606995, 0.4072452485561371, 0.40732014179229736, 0.4073299765586853, 0.40744346380233765, 0.40761706233024597, 0.4072737991809845, 0.4073277413845062, 0.4072785973548889, 0.4078844487667084, 0.40769752860069275, 0.4072851240634918, 0.40729427337646484, 0.4072360098361969, 0.4072420597076416, 0.4074985384941101, 0.4072607457637787, 0.4072716534137726]",0.0,"[33.0, 33.0, 33.0, 33.0, 33.0, 33.0, 33.0, 33.0, 33.0, 33.0, 33.0, 15.0, 4.0, 3.0, 2.0, 1.0, 0.0, 0.0, 0.0, 0.0, 0.0, 0.0, 0.0, 0.0, 0.0, 0.0, 0.0, 0.0, 0.0, 0.0, 0.0, 0.0, 0.0, 0.0, 0.0, 0.0, 0.0, 0.0, 0.0, 0.0, 0.0, 0.0, 0.0, 0.0, 0.0, 0.0, 0.0, 0.0, 0.0, 0.0, 0.0, 0.0, 0.0, 0.0, 0.0, 0.0, 0.0, 0.0, 0.0, 0.0, 0.0, 0.0, 0.0, 0.0, 0.0, 0.0, 0.0, 0.0, 0.0, 0.0, 0.0, 0.0, 0.0, 0.0, 0.0, 0.0, 0.0, 0.0, 0.0, 0.0, 0.0, 0.0, 0.0, 0.0, 0.0, 0.0, 0.0, 0.0, 0.0, 0.0, 0.0, 0.0, 0.0, 0.0, 0.0, 0.0, 0.0, 0.0, 0.0, 0.0, 0.0, 0.0, 0.0, 0.0, 0.0, 0.0, 0.0, 0.0, 0.0, 0.0, 0.0, 0.0, 0.0, 0.0, 0.0, 0.0, 0.0, 0.0, 0.0, 0.0, 0.0, 0.0, 0.0, 0.0, 0.0, 0.0, 0.0, 0.0, 0.0, 0.0, 0.0, 0.0, 0.0, 0.0, 0.0, 0.0, 0.0, 0.0, 0.0, 0.0, 0.0, 0.0, 0.0, 0.0, 0.0, 0.0, 0.0, 0.0, 0.0, 0.0, 0.0, 0.0, 0.0, 0.0, 0.0, 0.0, 0.0, 0.0, 0.0, 0.0, 0.0, 0.0, 0.0, 0.0, 0.0, 0.0, 0.0, 0.0, 0.0, 0.0, 0.0, 0.0, 0.0, 0.0, 0.0, 0.0, 0.0, 0.0, 0.0, 0.0, 0.0, 0.0, 0.0, 0.0, 0.0, 0.0, 0.0, 0.0, 0.0, 0.0, 0.0, 0.0, 0.0, 0.0, 0.0, 0.0, 0.0, 0.0, 0.0, 0.0, 0.0, 0.0, 0.0, 0.0, 0.0, 0.0, 0.0, 0.0, 0.0, 0.0, 0.0, 0.0, 0.0, 0.0, 0.0, 0.0, 0.0, 0.0, 0.0, 0.0, 0.0, 0.0, 0.0, 0.0, 0.0, 0.0, 0.0, 0.0, 0.0, 0.0, 0.0, 0.0, 0.0, 0.0, 0.0, 0.0, 0.0, 0.0, 0.0, 0.0, 0.0, 0.0, 0.0, 0.0, 0.0, 0.0, 0.0, 0.0, 0.0, 0.0, 0.0, 0.0, 0.0, 0.0, 0.0, 0.0, 0.0, 0.0, 0.0, 0.0, 0.0, 0.0, 0.0, 0.0, 0.0, 0.0, 0.0, 0.0, 0.0, 0.0, 0.0, 0.0, 0.0, 0.0, 0.0, 0.0, 0.0, 0.0, 0.0, 0.0, 0.0, 0.0, 0.0, 0.0, 0.0, 0.0, 0.0, 0.0, 0.0, 0.0, 0.0, 0.0, 0.0, 0.0, 0.0, 0.0, 0.0, 0.0, 0.0, 0.0, 0.0, 0.0, 0.0, 0.0, 0.0]",COMPLETE
