,number,value,datetime_start,datetime_complete,duration,params_batch_size_scaler,params_constant_learning_rate,params_depth,params_epochs,params_kernel_l2,params_num_trees,params_temperature,user_attrs_accuracy_test,user_attrs_accuracy_valid,user_attrs_approximate_feature_sparsity,user_attrs_approximate_feature_sparsity_history,user_attrs_approximate_weight_sparsity,user_attrs_approximate_weight_sparsity_history,user_attrs_auc_test,user_attrs_auc_valid,user_attrs_feature_sparsity,user_attrs_feature_sparsity_history,user_attrs_num_epochs,user_attrs_val_loss_history,user_attrs_weight_sparsity,user_attrs_weight_sparsity_history,state
85,85,0.8351431773389496,2024-08-31 04:00:13.939956,2024-08-31 04:00:51.517556,0 days 00:00:37.577600,16,0.027619276048422934,1,270,0.004027252393388697,69,0.0006744928727477912,0.858,0.86,33,"[33, 33, 33, 33, 33, 33, 33, 33, 33, 33, 33, 33, 33, 33, 33, 33, 33, 33, 33, 33, 33, 33, 33, 33, 33, 33, 33, 33, 33, 33, 33, 33, 33, 33, 33, 33, 33, 33, 33, 33, 33, 33, 33, 33, 33, 33, 33, 33, 33, 33, 33, 33, 33, 33, 33, 33, 33, 33, 33, 33, 33, 33, 33, 33, 33, 33, 33, 33, 33, 33, 33, 33, 33, 33, 33, 33, 33, 33, 33, 33, 33, 33, 33, 33, 33, 33, 33, 33, 33, 33, 33, 33, 33, 33, 33, 33, 33, 33, 33, 33, 33, 33, 33, 33, 33, 33, 33, 33, 33, 33, 33, 33, 33, 33, 33, 33, 33, 33, 33, 33, 33, 33, 33, 33, 33, 33, 33, 33, 33, 33, 33, 33, 33, 33, 33, 33, 33, 33, 33, 33, 33, 33, 33, 33, 33, 33, 33, 33, 33, 33, 33, 33, 33, 33, 33, 33, 33, 33, 33, 33, 33, 33, 33, 33, 33, 33, 33, 33, 33, 33, 33, 33, 33, 33, 33, 33, 33, 33, 33, 33, 33, 33, 33, 33, 33, 33, 33, 33, 33, 33, 33, 33, 33, 33, 33, 33, 33, 33, 33, 33, 33, 33, 33, 33, 33, 33, 33, 33, 33, 33, 33, 33, 33, 33, 33, 33, 33, 33, 33, 33, 33, 33, 33, 33, 33, 33, 33, 33, 33, 33, 33, 33, 33, 33, 33, 33, 33, 33, 33, 33, 33, 33, 33, 33, 33, 33, 33, 33, 33, 33, 33, 33, 33, 33, 33, 33, 33, 33, 33, 33, 33, 33, 33, 33, 33, 33, 33, 33, 33, 33]",33.0,"[32.971014492753625, 32.971014492753625, 32.98550724637681, 32.98550724637681, 32.98550724637681, 32.98550724637681, 33.0, 33.0, 32.971014492753625, 32.971014492753625, 32.98550724637681, 32.98550724637681, 33.0, 32.971014492753625, 32.98550724637681, 32.98550724637681, 32.98550724637681, 33.0, 32.98550724637681, 33.0, 33.0, 32.971014492753625, 33.0, 32.98550724637681, 32.98550724637681, 32.98550724637681, 32.98550724637681, 32.98550724637681, 33.0, 33.0, 32.98550724637681, 33.0, 33.0, 32.98550724637681, 33.0, 33.0, 33.0, 32.971014492753625, 33.0, 33.0, 33.0, 32.971014492753625, 32.95652173913044, 32.971014492753625, 32.971014492753625, 32.971014492753625, 32.95652173913044, 32.971014492753625, 32.971014492753625, 32.971014492753625, 32.95652173913044, 32.971014492753625, 32.95652173913044, 32.95652173913044, 32.95652173913044, 32.971014492753625, 32.95652173913044, 32.98550724637681, 32.98550724637681, 32.98550724637681, 32.98550724637681, 33.0, 33.0, 33.0, 33.0, 33.0, 33.0, 33.0, 33.0, 33.0, 33.0, 32.98550724637681, 32.98550724637681, 32.971014492753625, 32.971014492753625, 32.971014492753625, 32.971014492753625, 32.971014492753625, 32.95652173913044, 32.971014492753625, 32.98550724637681, 33.0, 33.0, 33.0, 33.0, 32.98550724637681, 32.98550724637681, 32.98550724637681, 32.971014492753625, 32.98550724637681, 32.98550724637681, 32.98550724637681, 32.98550724637681, 32.98550724637681, 32.98550724637681, 32.98550724637681, 32.98550724637681, 32.98550724637681, 32.971014492753625, 32.971014492753625, 32.971014492753625, 32.971014492753625, 32.98550724637681, 33.0, 32.98550724637681, 32.98550724637681, 32.98550724637681, 32.95652173913044, 32.971014492753625, 32.98550724637681, 32.98550724637681, 32.98550724637681, 32.98550724637681, 33.0, 33.0, 33.0, 33.0, 32.98550724637681, 32.98550724637681, 32.98550724637681, 32.98550724637681, 32.971014492753625, 33.0, 32.98550724637681, 32.971014492753625, 32.98550724637681, 33.0, 32.98550724637681, 32.98550724637681, 32.98550724637681, 32.971014492753625, 33.0, 32.98550724637681, 33.0, 33.0, 33.0, 32.971014492753625, 32.98550724637681, 33.0, 33.0, 33.0, 33.0, 33.0, 33.0, 33.0, 33.0, 32.98550724637681, 32.971014492753625, 33.0, 32.98550724637681, 32.98550724637681, 32.98550724637681, 32.98550724637681, 32.98550724637681, 32.98550724637681, 32.98550724637681, 32.98550724637681, 33.0, 33.0, 33.0, 32.98550724637681, 33.0, 33.0, 33.0, 33.0, 33.0, 33.0, 33.0, 32.98550724637681, 32.98550724637681, 33.0, 33.0, 32.98550724637681, 33.0, 32.98550724637681, 33.0, 33.0, 33.0, 33.0, 33.0, 33.0, 33.0, 33.0, 33.0, 33.0, 33.0, 33.0, 33.0, 32.98550724637681, 33.0, 33.0, 33.0, 33.0, 33.0, 33.0, 33.0, 33.0, 33.0, 33.0, 32.98550724637681, 32.98550724637681, 32.98550724637681, 32.971014492753625, 32.971014492753625, 32.98550724637681, 32.98550724637681, 32.98550724637681, 32.98550724637681, 32.98550724637681, 32.98550724637681, 32.98550724637681, 32.971014492753625, 32.971014492753625, 32.98550724637681, 32.98550724637681, 32.98550724637681, 32.98550724637681, 32.98550724637681, 32.98550724637681, 33.0, 32.98550724637681, 33.0, 33.0, 33.0, 33.0, 33.0, 32.98550724637681, 33.0, 33.0, 33.0, 33.0, 33.0, 33.0, 33.0, 33.0, 33.0, 33.0, 33.0, 33.0, 33.0, 33.0, 33.0, 32.98550724637681, 33.0, 33.0, 33.0, 33.0, 33.0, 32.98550724637681, 32.98550724637681, 32.98550724637681, 33.0, 32.971014492753625, 32.971014492753625, 32.971014492753625, 32.971014492753625, 32.971014492753625, 32.971014492753625, 32.971014492753625, 32.98550724637681, 32.98550724637681, 32.98550724637681, 32.98550724637681, 32.98550724637681, 32.98550724637681, 32.98550724637681, 33.0, 33.0, 33.0, 33.0]",0.8422790809039045,0.8351431773389496,33,"[33, 33, 33, 33, 33, 33, 33, 33, 33, 33, 33, 33, 33, 33, 33, 33, 33, 33, 33, 33, 33, 33, 33, 33, 33, 33, 33, 33, 33, 33, 33, 33, 33, 33, 33, 33, 33, 33, 33, 33, 33, 33, 33, 33, 33, 33, 33, 33, 33, 33, 33, 33, 33, 33, 33, 33, 33, 33, 33, 33, 33, 33, 33, 33, 33, 33, 33, 33, 33, 33, 33, 33, 33, 33, 33, 33, 33, 33, 33, 33, 33, 33, 33, 33, 33, 33, 33, 33, 33, 33, 33, 33, 33, 33, 33, 33, 33, 33, 33, 33, 33, 33, 33, 33, 33, 33, 33, 33, 33, 33, 33, 33, 33, 33, 33, 33, 33, 33, 33, 33, 33, 33, 33, 33, 33, 33, 33, 33, 33, 33, 33, 33, 33, 33, 33, 33, 33, 33, 33, 33, 33, 33, 33, 33, 33, 33, 33, 33, 33, 33, 33, 33, 33, 33, 33, 33, 33, 33, 33, 33, 33, 33, 33, 33, 33, 33, 33, 33, 33, 33, 33, 33, 33, 33, 33, 33, 33, 33, 33, 33, 33, 33, 33, 33, 33, 33, 33, 33, 33, 33, 33, 33, 33, 33, 33, 33, 33, 33, 33, 33, 33, 33, 33, 33, 33, 33, 33, 33, 33, 33, 33, 33, 33, 33, 33, 33, 33, 33, 33, 33, 33, 33, 33, 33, 33, 33, 33, 33, 33, 33, 33, 33, 33, 33, 33, 33, 33, 33, 33, 33, 33, 33, 33, 33, 33, 33, 33, 33, 33, 33, 33, 33, 33, 33, 33, 33, 33, 33, 33, 33, 33, 33, 33, 33, 33, 33, 33, 33, 33, 33]",270,"[0.44042420387268066, 0.4332271218299866, 0.42801815271377563, 0.4225088357925415, 0.41816097497940063, 0.4139823019504547, 0.4115617275238037, 0.4075535237789154, 0.40418070554733276, 0.4015260338783264, 0.3993750810623169, 0.3979770541191101, 0.3951326012611389, 0.3948808014392853, 0.39147618412971497, 0.39088839292526245, 0.3883475065231323, 0.38680994510650635, 0.38551223278045654, 0.3843962848186493, 0.3832135498523712, 0.3821822702884674, 0.38119372725486755, 0.380422979593277, 0.3797096610069275, 0.3786483705043793, 0.37791404128074646, 0.3773045837879181, 0.37619486451148987, 0.3757839500904083, 0.37486186623573303, 0.37434709072113037, 0.3735675513744354, 0.37304481863975525, 0.37314125895500183, 0.3722039461135864, 0.37127485871315, 0.37080591917037964, 0.37032145261764526, 0.3697395324707031, 0.36999884247779846, 0.3694942891597748, 0.36847561597824097, 0.36795127391815186, 0.36739692091941833, 0.36669448018074036, 0.366443932056427, 0.36670124530792236, 0.36547404527664185, 0.36476588249206543, 0.3643350899219513, 0.36393728852272034, 0.3641836643218994, 0.3639959692955017, 0.36319029331207275, 0.36229681968688965, 0.3618043065071106, 0.36142149567604065, 0.3615584075450897, 0.3610060513019562, 0.3603250980377197, 0.35980767011642456, 0.35967421531677246, 0.3592960238456726, 0.359168142080307, 0.358393132686615, 0.3581349551677704, 0.35760512948036194, 0.35746708512306213, 0.35688987374305725, 0.3565463125705719, 0.357459157705307, 0.3557518422603607, 0.3557080924510956, 0.3555627763271332, 0.3547423183917999, 0.35439181327819824, 0.3540513515472412, 0.35402098298072815, 0.35331156849861145, 0.35335201025009155, 0.35286960005760193, 0.35239750146865845, 0.35207825899124146, 0.3516632914543152, 0.35207802057266235, 0.351104736328125, 0.35065901279449463, 0.3504207134246826, 0.3500151038169861, 0.3496958911418915, 0.34932971000671387, 0.3490159511566162, 0.3487088084220886, 0.3487487733364105, 0.3481208086013794, 0.34791770577430725, 0.3476305305957794, 0.3475945293903351, 0.34711822867393494, 0.3465855121612549, 0.3461989164352417, 0.34627312421798706, 0.34561657905578613, 0.34560734033584595, 0.3449089825153351, 0.3451080620288849, 0.34451159834861755, 0.3441319763660431, 0.3438751995563507, 0.34343746304512024, 0.34316855669021606, 0.34299471974372864, 0.34339219331741333, 0.342581182718277, 0.34218695759773254, 0.3420243561267853, 0.34286031126976013, 0.34145790338516235, 0.3411649465560913, 0.3408620357513428, 0.34076881408691406, 0.34056979417800903, 0.3403915762901306, 0.34009212255477905, 0.3396594226360321, 0.3401551842689514, 0.33987969160079956, 0.3389207422733307, 0.3387354910373688, 0.3389192223548889, 0.3381023108959198, 0.33786651492118835, 0.33775147795677185, 0.33739185333251953, 0.33758533000946045, 0.33727627992630005, 0.3370233476161957, 0.3366999924182892, 0.33633649349212646, 0.3361218571662903, 0.33597469329833984, 0.3355846405029297, 0.33551502227783203, 0.33523741364479065, 0.3353785276412964, 0.3348717987537384, 0.3388036787509918, 0.3341556191444397, 0.33403491973876953, 0.3341338336467743, 0.3339313566684723, 0.3342605233192444, 0.333705335855484, 0.3331434726715088, 0.3327658474445343, 0.3331280052661896, 0.3325626254081726, 0.3323401212692261, 0.33332979679107666, 0.3319748044013977, 0.3317409157752991, 0.3315792977809906, 0.33134064078330994, 0.3321678936481476, 0.3310823142528534, 0.330810546875, 0.330782026052475, 0.33051881194114685, 0.3304577171802521, 0.3302140533924103, 0.33014506101608276, 0.3298637270927429, 0.32963621616363525, 0.32949647307395935, 0.3293435275554657, 0.32979610562324524, 0.3291071653366089, 0.32887449860572815, 0.32870426774024963, 0.32900944352149963, 0.32835349440574646, 0.32805097103118896, 0.3280406892299652, 0.3277724087238312, 0.3276771903038025, 0.327930212020874, 0.32741713523864746, 0.32739517092704773, 0.32709023356437683, 0.32699477672576904, 0.32695916295051575, 0.3269273042678833, 0.3269609808921814, 0.3266119360923767, 0.3263833522796631, 0.3264285922050476, 0.32659056782722473, 0.3277888000011444, 0.3260168433189392, 0.32575225830078125, 0.3259342312812805, 0.32555508613586426, 0.325327068567276, 0.3254612982273102, 0.32521218061447144, 0.3251214623451233, 0.3247162997722626, 0.32492026686668396, 0.3245784044265747, 0.3242715895175934, 0.32458674907684326, 0.3240925669670105, 0.32439273595809937, 0.3237191140651703, 0.32364052534103394, 0.3252865672111511, 0.3233729600906372, 0.32321032881736755, 0.3231818675994873, 0.32305067777633667, 0.3228844106197357, 0.32282596826553345, 0.32275667786598206, 0.3225196599960327, 0.32247188687324524, 0.3222411274909973, 0.32206618785858154, 0.322027325630188, 0.3219841718673706, 0.3217698037624359, 0.3221694827079773, 0.3219257593154907, 0.32138916850090027, 0.32138609886169434, 0.32120418548583984, 0.3214835226535797, 0.3210411071777344, 0.3208919167518616, 0.32144924998283386, 0.3206403851509094, 0.3207719922065735, 0.3211730718612671, 0.3207989037036896, 0.32001984119415283, 0.31982314586639404, 0.31989726424217224, 0.31975728273391724, 0.31948649883270264, 0.31937119364738464, 0.3192330300807953, 0.31963104009628296, 0.31896382570266724, 0.3188096284866333, 0.3187635838985443, 0.3186614513397217, 0.31848978996276855, 0.31863200664520264, 0.31837502121925354, 0.3183506429195404, 0.31870701909065247, 0.3182254731655121, 0.31795644760131836, 0.3178633749485016, 0.31807810068130493, 0.31786423921585083, 0.31785115599632263, 0.3180840313434601, 0.3173534870147705, 0.3173098862171173]",33.0,"[33.0, 33.0, 33.0, 33.0, 33.0, 33.0, 33.0, 33.0, 33.0, 33.0, 33.0, 33.0, 33.0, 33.0, 33.0, 33.0, 33.0, 33.0, 33.0, 33.0, 33.0, 33.0, 33.0, 33.0, 33.0, 33.0, 33.0, 33.0, 33.0, 33.0, 33.0, 33.0, 33.0, 33.0, 33.0, 33.0, 33.0, 33.0, 33.0, 33.0, 33.0, 33.0, 33.0, 33.0, 33.0, 33.0, 33.0, 33.0, 33.0, 33.0, 33.0, 33.0, 33.0, 33.0, 33.0, 33.0, 33.0, 33.0, 33.0, 33.0, 33.0, 33.0, 33.0, 33.0, 33.0, 33.0, 33.0, 33.0, 33.0, 33.0, 33.0, 33.0, 33.0, 33.0, 33.0, 33.0, 33.0, 33.0, 33.0, 33.0, 33.0, 33.0, 33.0, 33.0, 33.0, 33.0, 33.0, 33.0, 33.0, 33.0, 33.0, 33.0, 33.0, 33.0, 33.0, 33.0, 33.0, 33.0, 33.0, 33.0, 33.0, 33.0, 33.0, 33.0, 33.0, 33.0, 33.0, 33.0, 33.0, 33.0, 33.0, 33.0, 33.0, 33.0, 33.0, 33.0, 33.0, 33.0, 33.0, 33.0, 33.0, 33.0, 33.0, 33.0, 33.0, 33.0, 33.0, 33.0, 33.0, 33.0, 33.0, 33.0, 33.0, 33.0, 33.0, 33.0, 33.0, 33.0, 33.0, 33.0, 33.0, 33.0, 33.0, 33.0, 33.0, 33.0, 33.0, 33.0, 33.0, 33.0, 33.0, 33.0, 33.0, 33.0, 33.0, 33.0, 33.0, 33.0, 33.0, 33.0, 33.0, 33.0, 33.0, 33.0, 33.0, 33.0, 33.0, 33.0, 33.0, 33.0, 33.0, 33.0, 33.0, 33.0, 33.0, 33.0, 33.0, 33.0, 33.0, 33.0, 33.0, 33.0, 33.0, 33.0, 33.0, 33.0, 33.0, 33.0, 33.0, 33.0, 33.0, 33.0, 33.0, 33.0, 33.0, 33.0, 33.0, 33.0, 33.0, 33.0, 33.0, 33.0, 33.0, 33.0, 33.0, 33.0, 33.0, 33.0, 33.0, 33.0, 33.0, 33.0, 33.0, 33.0, 33.0, 33.0, 33.0, 33.0, 33.0, 33.0, 33.0, 33.0, 33.0, 33.0, 33.0, 33.0, 33.0, 33.0, 33.0, 33.0, 33.0, 33.0, 33.0, 33.0, 33.0, 33.0, 33.0, 33.0, 33.0, 33.0, 33.0, 33.0, 33.0, 33.0, 33.0, 33.0, 33.0, 33.0, 33.0, 33.0, 33.0, 33.0, 33.0, 33.0, 33.0, 33.0, 33.0, 33.0, 33.0, 33.0, 33.0, 33.0, 33.0, 33.0, 33.0, 33.0, 33.0, 33.0, 33.0, 33.0]",COMPLETE
