,number,value,datetime_start,datetime_complete,duration,params_batch_size_scaler,params_constant_learning_rate,params_depth,params_epochs,params_kernel_l2,params_num_trees,params_temperature,user_attrs_accuracy_test,user_attrs_accuracy_valid,user_attrs_approximate_feature_sparsity,user_attrs_approximate_feature_sparsity_history,user_attrs_approximate_weight_sparsity,user_attrs_approximate_weight_sparsity_history,user_attrs_auc_test,user_attrs_auc_valid,user_attrs_feature_sparsity,user_attrs_feature_sparsity_history,user_attrs_num_epochs,user_attrs_val_loss_history,user_attrs_weight_sparsity,user_attrs_weight_sparsity_history,state
116,116,0.5,2024-08-31 05:47:11.095453,2024-08-31 05:48:55.890979,0 days 00:01:44.795526,4,0.8416054143978977,2,365,0.010033356798377654,80,0.020647835686730894,0.859,0.85875,0,"[0, 0, 0, 0, 0, 0, 0, 0, 0, 0, 0, 0, 0, 0, 0, 0, 0, 0, 0, 0, 0, 0, 0, 0, 0, 0, 0, 0, 0, 0, 0, 0, 0, 0, 0, 0, 0, 0, 0, 0, 0, 0, 0, 0, 0, 0, 0, 0, 0, 0, 0, 0, 0, 0, 0, 0, 0, 0, 0, 0, 0, 0, 0, 0, 0, 0, 0, 0, 0, 0, 0, 0, 0, 0, 0, 0, 0, 0, 0, 0, 0, 0, 0, 0, 0, 0, 0, 0, 0, 0, 0, 0, 0, 0, 0, 0, 0, 0, 0, 0, 0, 0, 0, 0, 0, 0, 0, 0, 0, 0, 0, 0, 0, 0, 0, 0, 0, 0, 0, 0, 0, 0, 0, 0, 0, 0, 0, 0, 0, 0, 0, 0, 0, 0, 0, 0, 0, 0, 0, 0, 0, 0, 0, 0, 0, 0, 0, 0, 0, 0, 0, 0, 0, 0, 0, 0, 0, 0, 0, 0, 0, 0, 0, 0, 0, 0, 0, 0, 0, 0, 0, 0, 0, 0, 0, 0, 0, 0, 0, 0, 0, 0, 0, 0, 0, 0, 0, 0, 0, 0, 0, 0, 0, 0, 0, 0, 0, 0, 0, 0, 0, 0, 0, 0, 0, 0, 0, 0, 0, 0, 0, 0, 0, 0, 0, 0, 0, 0, 0, 0, 0, 0, 0, 0, 0, 0, 0, 0, 0, 0, 0, 0, 0, 0, 0, 0, 0, 0, 0, 0, 0, 0, 0, 0, 0, 0, 0, 0, 0, 0, 0, 0, 0, 0, 0, 0, 0, 0, 0, 0, 0, 0, 0, 0, 0, 0, 0, 0, 0, 0, 0, 0, 0, 0, 0, 0, 0, 0, 0, 0, 0, 0, 0, 0, 0, 0, 0, 0, 0, 0, 0, 0, 0, 0, 0, 0, 0, 0, 0, 0, 0, 0, 0, 0, 0, 0, 0, 0, 0, 0, 0, 0, 0, 0, 0, 0, 0, 0, 0, 0, 0, 0, 0, 0, 0, 0, 0, 0, 0, 0, 0, 0, 0, 0, 0, 0, 0, 0, 0, 0, 0, 0, 0, 0, 0, 0, 0, 0, 0, 0, 0, 0, 0, 0, 0, 0, 0, 0, 0, 0, 0, 0, 0, 0, 0]",0.0,"[0.0, 0.0, 0.0, 0.0, 0.0, 0.0, 0.0, 0.0, 0.0, 0.0, 0.0, 0.0, 0.0, 0.0, 0.0, 0.0, 0.0, 0.0, 0.0, 0.0, 0.0, 0.0, 0.0, 0.0, 0.0, 0.0, 0.0, 0.0, 0.0, 0.0, 0.0, 0.0, 0.0, 0.0, 0.0, 0.0, 0.0, 0.0, 0.0, 0.0, 0.0, 0.0, 0.0, 0.0, 0.0, 0.0, 0.0, 0.0, 0.0, 0.0, 0.0, 0.0, 0.0, 0.0, 0.0, 0.0, 0.0, 0.0, 0.0, 0.0, 0.0, 0.0, 0.0, 0.0, 0.0, 0.0, 0.0, 0.0, 0.0, 0.0, 0.0, 0.0, 0.0, 0.0, 0.0, 0.0, 0.0, 0.0, 0.0, 0.0, 0.0, 0.0, 0.0, 0.0, 0.0, 0.0, 0.0, 0.0, 0.0, 0.0, 0.0, 0.0, 0.0, 0.0, 0.0, 0.0, 0.0, 0.0, 0.0, 0.0, 0.0, 0.0, 0.0, 0.0, 0.0, 0.0, 0.0, 0.0, 0.0, 0.0, 0.0, 0.0, 0.0, 0.0, 0.0, 0.0, 0.0, 0.0, 0.0, 0.0, 0.0, 0.0, 0.0, 0.0, 0.0, 0.0, 0.0, 0.0, 0.0, 0.0, 0.0, 0.0, 0.0, 0.0, 0.0, 0.0, 0.0, 0.0, 0.0, 0.0, 0.0, 0.0, 0.0, 0.0, 0.0, 0.0, 0.0, 0.0, 0.0, 0.0, 0.0, 0.0, 0.0, 0.0, 0.0, 0.0, 0.0, 0.0, 0.0, 0.0, 0.0, 0.0, 0.0, 0.0, 0.0, 0.0, 0.0, 0.0, 0.0, 0.0, 0.0, 0.0, 0.0, 0.0, 0.0, 0.0, 0.0, 0.0, 0.0, 0.0, 0.0, 0.0, 0.0, 0.0, 0.0, 0.0, 0.0, 0.0, 0.0, 0.0, 0.0, 0.0, 0.0, 0.0, 0.0, 0.0, 0.0, 0.0, 0.0, 0.0, 0.0, 0.0, 0.0, 0.0, 0.0, 0.0, 0.0, 0.0, 0.0, 0.0, 0.0, 0.0, 0.0, 0.0, 0.0, 0.0, 0.0, 0.0, 0.0, 0.0, 0.0, 0.0, 0.0, 0.0, 0.0, 0.0, 0.0, 0.0, 0.0, 0.0, 0.0, 0.0, 0.0, 0.0, 0.0, 0.0, 0.0, 0.0, 0.0, 0.0, 0.0, 0.0, 0.0, 0.0, 0.0, 0.0, 0.0, 0.0, 0.0, 0.0, 0.0, 0.0, 0.0, 0.0, 0.0, 0.0, 0.0, 0.0, 0.0, 0.0, 0.0, 0.0, 0.0, 0.0, 0.0, 0.0, 0.0, 0.0, 0.0, 0.0, 0.0, 0.0, 0.0, 0.0, 0.0, 0.0, 0.0, 0.0, 0.0, 0.0, 0.0, 0.0, 0.0, 0.0, 0.0, 0.0, 0.0, 0.0, 0.0, 0.0, 0.0, 0.0, 0.0, 0.0, 0.0, 0.0, 0.0, 0.0, 0.0, 0.0, 0.0, 0.0, 0.0, 0.0, 0.0, 0.0, 0.0, 0.0, 0.0, 0.0, 0.0, 0.0, 0.0, 0.0, 0.0, 0.0, 0.0, 0.0, 0.0, 0.0, 0.0, 0.0, 0.0, 0.0, 0.0, 0.0, 0.0, 0.0, 0.0, 0.0, 0.0, 0.0, 0.0, 0.0, 0.0, 0.0, 0.0, 0.0, 0.0, 0.0, 0.0, 0.0, 0.0, 0.0, 0.0, 0.0, 0.0, 0.0, 0.0, 0.0, 0.0, 0.0, 0.0, 0.0, 0.0, 0.0, 0.0, 0.0, 0.0, 0.0, 0.0, 0.0, 0.0, 0.0, 0.0]",0.5,0.5,0,"[0, 0, 0, 0, 0, 0, 0, 0, 0, 0, 0, 0, 0, 0, 0, 0, 0, 0, 0, 0, 0, 0, 0, 0, 0, 0, 0, 0, 0, 0, 0, 0, 0, 0, 0, 0, 0, 0, 0, 0, 0, 0, 0, 0, 0, 0, 0, 0, 0, 0, 0, 0, 0, 0, 0, 0, 0, 0, 0, 0, 0, 0, 0, 0, 0, 0, 0, 0, 0, 0, 0, 0, 0, 0, 0, 0, 0, 0, 0, 0, 0, 0, 0, 0, 0, 0, 0, 0, 0, 0, 0, 0, 0, 0, 0, 0, 0, 0, 0, 0, 0, 0, 0, 0, 0, 0, 0, 0, 0, 0, 0, 0, 0, 0, 0, 0, 0, 0, 0, 0, 0, 0, 0, 0, 0, 0, 0, 0, 0, 0, 0, 0, 0, 0, 0, 0, 0, 0, 0, 0, 0, 0, 0, 0, 0, 0, 0, 0, 0, 0, 0, 0, 0, 0, 0, 0, 0, 0, 0, 0, 0, 0, 0, 0, 0, 0, 0, 0, 0, 0, 0, 0, 0, 0, 0, 0, 0, 0, 0, 0, 0, 0, 0, 0, 0, 0, 0, 0, 0, 0, 0, 0, 0, 0, 0, 0, 0, 0, 0, 0, 0, 0, 0, 0, 0, 0, 0, 0, 0, 0, 0, 0, 0, 0, 0, 0, 0, 0, 0, 0, 0, 0, 0, 0, 0, 0, 0, 0, 0, 0, 0, 0, 0, 0, 0, 0, 0, 0, 0, 0, 0, 0, 0, 0, 0, 0, 0, 0, 0, 0, 0, 0, 0, 0, 0, 0, 0, 0, 0, 0, 0, 0, 0, 0, 0, 0, 0, 0, 0, 0, 0, 0, 0, 0, 0, 0, 0, 0, 0, 0, 0, 0, 0, 0, 0, 0, 0, 0, 0, 0, 0, 0, 0, 0, 0, 0, 0, 0, 0, 0, 0, 0, 0, 0, 0, 0, 0, 0, 0, 0, 0, 0, 0, 0, 0, 0, 0, 0, 0, 0, 0, 0, 0, 0, 0, 0, 0, 0, 0, 0, 0, 0, 0, 0, 0, 0, 0, 0, 0, 0, 0, 0, 0, 0, 0, 0, 0, 0, 0, 0, 0, 0, 0, 0, 0, 0, 0, 0, 0, 0, 0, 0, 0, 0, 0]",365,"[0.8631047010421753, 0.7808592915534973, 1.0834170579910278, 0.7991755604743958, 0.40737012028694153, 0.7676629424095154, 2.963991641998291, 0.6200921535491943, 1.7980083227157593, 0.4332704544067383, 1.2655454874038696, 2.4737863540649414, 0.5527393221855164, 1.2434566020965576, 2.9344441890716553, 0.4633389413356781, 0.4128381609916687, 0.41264641284942627, 1.1208704710006714, 0.5470665097236633, 1.2321957349777222, 0.8649123311042786, 1.0210763216018677, 1.2748165130615234, 1.7159059047698975, 0.5933303833007812, 0.6180540919303894, 1.0355026721954346, 0.6913662552833557, 0.6529430150985718, 1.2829322814941406, 0.841112494468689, 1.2629923820495605, 0.6796046495437622, 2.77998685836792, 1.7440447807312012, 0.5561501979827881, 1.3517040014266968, 0.79847252368927, 1.0749000310897827, 1.4315320253372192, 0.5560158491134644, 0.8209931254386902, 0.43141382932662964, 0.7746774554252625, 3.005990982055664, 2.472723960876465, 1.1030181646347046, 0.43611159920692444, 0.4114140570163727, 1.4632048606872559, 0.9824000000953674, 1.365447998046875, 0.43580496311187744, 2.530719518661499, 1.7138441801071167, 3.637965679168701, 1.4601647853851318, 0.4882320463657379, 1.0239620208740234, 0.6883921027183533, 2.1903250217437744, 2.0778048038482666, 2.4658937454223633, 1.252920389175415, 3.3028039932250977, 0.5406644940376282, 0.8734279870986938, 0.8354781270027161, 0.463679701089859, 0.5076121687889099, 1.163793683052063, 0.5854882001876831, 1.6244895458221436, 3.8982856273651123, 1.7173042297363281, 1.5392860174179077, 0.6244266629219055, 2.9066240787506104, 2.939444065093994, 0.5645894408226013, 0.6655344367027283, 0.5870822072029114, 0.5197185277938843, 2.474560499191284, 0.7115603685379028, 1.0006657838821411, 1.5679376125335693, 0.4362981915473938, 0.8947506546974182, 0.5372376441955566, 1.929613471031189, 0.7642848491668701, 0.4144206941127777, 2.6442339420318604, 0.40753594040870667, 0.5385790467262268, 2.365358829498291, 1.7388883829116821, 0.7215969562530518, 0.4968828558921814, 0.9847979545593262, 0.6741328239440918, 1.8698852062225342, 0.7482353448867798, 0.6706476807594299, 0.5925008058547974, 0.4142981469631195, 0.7609121799468994, 1.0004812479019165, 0.4832003712654114, 2.1435751914978027, 1.1988810300827026, 2.5567615032196045, 0.9957191348075867, 0.6892713904380798, 0.40722671151161194, 0.40775763988494873, 3.0755703449249268, 0.6731464862823486, 0.5768268704414368, 1.0250107049942017, 0.48195895552635193, 0.7115266919136047, 0.5865433812141418, 0.42181912064552307, 0.95951247215271, 3.304670810699463, 0.7219854593276978, 0.4120003879070282, 0.4100964069366455, 1.2720520496368408, 1.7954699993133545, 0.5960462689399719, 1.612088680267334, 0.4482642412185669, 1.4202544689178467, 1.0946147441864014, 1.3275878429412842, 1.4492084980010986, 1.1803405284881592, 1.5556541681289673, 3.1837966442108154, 1.5426814556121826, 1.5062167644500732, 0.6832468509674072, 1.3149933815002441, 0.6031011343002319, 1.4293317794799805, 0.4458610415458679, 3.1889243125915527, 1.1468391418457031, 0.5995433330535889, 0.6879798769950867, 2.3282148838043213, 2.9561681747436523, 1.9668294191360474, 0.7904330492019653, 0.47296223044395447, 1.4186650514602661, 1.8777164220809937, 1.493720293045044, 0.5203957557678223, 0.4297185242176056, 0.5275557041168213, 0.47989723086357117, 1.0862289667129517, 2.8840062618255615, 2.23722767829895, 1.4953616857528687, 2.6080422401428223, 2.1364634037017822, 1.0437636375427246, 0.4171130061149597, 1.4980181455612183, 2.3653953075408936, 1.0687613487243652, 0.6173035502433777, 1.7618095874786377, 1.139840841293335, 0.45464053750038147, 0.7978336811065674, 1.9993400573730469, 1.8180426359176636, 3.096590280532837, 2.2797439098358154, 0.45966964960098267, 0.6075376272201538, 3.130723237991333, 0.5587379932403564, 1.3892163038253784, 2.7888424396514893, 3.029500722885132, 1.7057403326034546, 1.4346413612365723, 1.533555507659912, 0.43682774901390076, 1.4516574144363403, 0.4614410400390625, 0.5588242411613464, 1.0183179378509521, 1.2709470987319946, 3.2973215579986572, 2.951040744781494, 0.4506456255912781, 1.3620822429656982, 0.4934936761856079, 0.7591769695281982, 3.7039127349853516, 1.504709005355835, 1.5177993774414062, 0.41927769780158997, 0.4308410882949829, 0.4074245095252991, 1.301386833190918, 1.5807958841323853, 2.6518337726593018, 1.7786736488342285, 1.1614292860031128, 0.4129343330860138, 0.623790979385376, 0.6361295580863953, 2.2819480895996094, 2.068376064300537, 0.5992581844329834, 2.0018372535705566, 0.9371705651283264, 0.7087660431861877, 1.2907711267471313, 1.7191581726074219, 1.3358608484268188, 2.0848963260650635, 0.5743952393531799, 2.3285467624664307, 1.2035133838653564, 1.195159912109375, 0.6381991505622864, 1.1480755805969238, 1.2438504695892334, 0.823608934879303, 0.7264938354492188, 0.7750796675682068, 0.5158680081367493, 0.6789247989654541, 0.4089038372039795, 0.5610688328742981, 0.9287456274032593, 2.2561023235321045, 1.0767136812210083, 0.44476118683815, 1.5513392686843872, 2.0819780826568604, 0.7649738192558289, 0.6760240197181702, 0.4126620590686798, 2.2677721977233887, 2.3819823265075684, 0.7667821645736694, 1.1235047578811646, 0.41819554567337036, 0.7242329120635986, 0.4601588845252991, 1.95759916305542, 1.1042757034301758, 2.2139394283294678, 1.2088897228240967, 0.9500555992126465, 0.7046250104904175, 1.5779900550842285, 1.718837857246399, 0.7467457056045532, 0.41924917697906494, 0.45032545924186707, 0.45047417283058167, 1.5969563722610474, 0.4462859034538269, 0.6320521831512451, 0.6037470102310181, 2.568328857421875, 0.4748554229736328, 2.474928379058838, 0.45128577947616577, 1.2120566368103027, 2.364210605621338, 1.717471957206726, 0.6367023587226868, 1.606381893157959, 0.443571001291275, 0.43612614274024963, 1.4126774072647095, 1.6828705072402954, 0.48282745480537415, 3.2026238441467285, 1.8929622173309326, 1.0699325799942017, 2.835674524307251, 0.7413411736488342, 0.40883147716522217, 1.2007869482040405, 0.8517823219299316, 0.9758573770523071, 1.0854886770248413, 2.21494722366333, 3.2333133220672607, 0.41111209988594055, 0.5978513956069946, 1.4252384901046753, 0.883714497089386, 1.6858725547790527, 1.663117527961731, 0.744698166847229, 0.4092762768268585, 0.4357490539550781, 1.1703227758407593, 3.006777048110962, 0.5180008411407471, 0.6150203943252563, 1.1192957162857056, 0.7091826796531677, 0.9480448961257935, 0.5249128937721252, 1.167971134185791, 2.536970615386963, 1.7941969633102417, 1.918431282043457, 1.4815247058868408, 1.8908363580703735, 2.0568392276763916, 1.7402986288070679, 2.0301482677459717, 0.4173647165298462, 1.8565822839736938, 1.126479983329773, 2.0654942989349365, 0.5110294222831726, 0.4377516210079193, 1.0709829330444336, 1.8288931846618652, 0.47102779150009155, 0.7987237572669983, 1.4030144214630127, 0.9724012017250061, 0.7533166408538818, 0.4523218870162964, 0.7718505859375, 0.8119075298309326, 2.3496341705322266, 2.2048239707946777, 0.5100457072257996, 0.5090692639350891, 0.4641828238964081, 1.449273943901062, 1.2678940296173096, 3.388352394104004, 0.5689393877983093, 2.932445764541626, 1.3523122072219849, 0.6141567230224609, 1.5699944496154785, 0.6060673594474792, 1.1519838571548462, 3.8963866233825684, 0.44751280546188354, 0.7661742568016052, 0.6433127522468567]",0.0,"[0.0, 0.0, 0.0, 0.0, 0.0, 0.0, 0.0, 0.0, 0.0, 0.0, 0.0, 0.0, 0.0, 0.0, 0.0, 0.0, 0.0, 0.0, 0.0, 0.0, 0.0, 0.0, 0.0, 0.0, 0.0, 0.0, 0.0, 0.0, 0.0, 0.0, 0.0, 0.0, 0.0, 0.0, 0.0, 0.0, 0.0, 0.0, 0.0, 0.0, 0.0, 0.0, 0.0, 0.0, 0.0, 0.0, 0.0, 0.0, 0.0, 0.0, 0.0, 0.0, 0.0, 0.0, 0.0, 0.0, 0.0, 0.0, 0.0, 0.0, 0.0, 0.0, 0.0, 0.0, 0.0, 0.0, 0.0, 0.0, 0.0, 0.0, 0.0, 0.0, 0.0, 0.0, 0.0, 0.0, 0.0, 0.0, 0.0, 0.0, 0.0, 0.0, 0.0, 0.0, 0.0, 0.0, 0.0, 0.0, 0.0, 0.0, 0.0, 0.0, 0.0, 0.0, 0.0, 0.0, 0.0, 0.0, 0.0, 0.0, 0.0, 0.0, 0.0, 0.0, 0.0, 0.0, 0.0, 0.0, 0.0, 0.0, 0.0, 0.0, 0.0, 0.0, 0.0, 0.0, 0.0, 0.0, 0.0, 0.0, 0.0, 0.0, 0.0, 0.0, 0.0, 0.0, 0.0, 0.0, 0.0, 0.0, 0.0, 0.0, 0.0, 0.0, 0.0, 0.0, 0.0, 0.0, 0.0, 0.0, 0.0, 0.0, 0.0, 0.0, 0.0, 0.0, 0.0, 0.0, 0.0, 0.0, 0.0, 0.0, 0.0, 0.0, 0.0, 0.0, 0.0, 0.0, 0.0, 0.0, 0.0, 0.0, 0.0, 0.0, 0.0, 0.0, 0.0, 0.0, 0.0, 0.0, 0.0, 0.0, 0.0, 0.0, 0.0, 0.0, 0.0, 0.0, 0.0, 0.0, 0.0, 0.0, 0.0, 0.0, 0.0, 0.0, 0.0, 0.0, 0.0, 0.0, 0.0, 0.0, 0.0, 0.0, 0.0, 0.0, 0.0, 0.0, 0.0, 0.0, 0.0, 0.0, 0.0, 0.0, 0.0, 0.0, 0.0, 0.0, 0.0, 0.0, 0.0, 0.0, 0.0, 0.0, 0.0, 0.0, 0.0, 0.0, 0.0, 0.0, 0.0, 0.0, 0.0, 0.0, 0.0, 0.0, 0.0, 0.0, 0.0, 0.0, 0.0, 0.0, 0.0, 0.0, 0.0, 0.0, 0.0, 0.0, 0.0, 0.0, 0.0, 0.0, 0.0, 0.0, 0.0, 0.0, 0.0, 0.0, 0.0, 0.0, 0.0, 0.0, 0.0, 0.0, 0.0, 0.0, 0.0, 0.0, 0.0, 0.0, 0.0, 0.0, 0.0, 0.0, 0.0, 0.0, 0.0, 0.0, 0.0, 0.0, 0.0, 0.0, 0.0, 0.0, 0.0, 0.0, 0.0, 0.0, 0.0, 0.0, 0.0, 0.0, 0.0, 0.0, 0.0, 0.0, 0.0, 0.0, 0.0, 0.0, 0.0, 0.0, 0.0, 0.0, 0.0, 0.0, 0.0, 0.0, 0.0, 0.0, 0.0, 0.0, 0.0, 0.0, 0.0, 0.0, 0.0, 0.0, 0.0, 0.0, 0.0, 0.0, 0.0, 0.0, 0.0, 0.0, 0.0, 0.0, 0.0, 0.0, 0.0, 0.0, 0.0, 0.0, 0.0, 0.0, 0.0, 0.0, 0.0, 0.0, 0.0, 0.0, 0.0, 0.0, 0.0, 0.0, 0.0, 0.0, 0.0, 0.0, 0.0, 0.0, 0.0, 0.0, 0.0, 0.0, 0.0, 0.0, 0.0, 0.0, 0.0, 0.0, 0.0, 0.0, 0.0, 0.0, 0.0, 0.0, 0.0, 0.0, 0.0, 0.0, 0.0, 0.0, 0.0]",COMPLETE
