,number,value,datetime_start,datetime_complete,duration,params_batch_size_scaler,params_constant_learning_rate,params_depth,params_epochs,params_kernel_l2,params_num_trees,params_temperature,user_attrs_accuracy_test,user_attrs_accuracy_valid,user_attrs_approximate_feature_sparsity,user_attrs_approximate_feature_sparsity_history,user_attrs_approximate_weight_sparsity,user_attrs_approximate_weight_sparsity_history,user_attrs_auc_test,user_attrs_auc_valid,user_attrs_feature_sparsity,user_attrs_feature_sparsity_history,user_attrs_num_epochs,user_attrs_val_loss_history,user_attrs_weight_sparsity,user_attrs_weight_sparsity_history,state
111,111,0.8011876698741481,2024-08-31 05:09:55.145605,2024-08-31 05:22:08.603100,0 days 00:12:13.457495,16,0.07830208689060762,6,425,0.002350724938619122,99,0.022387625289577336,0.875,0.87375,33,"[33, 33, 33, 33, 33, 33, 33, 33, 33, 33, 33, 33, 33, 33, 33, 33, 33, 33, 33, 33, 33, 33, 33, 33, 33, 33, 33, 33, 33, 33, 33, 33, 33, 33, 33, 33, 33, 33, 33, 33, 33, 33, 33, 33, 33, 33, 33, 33, 33, 33, 33, 33, 33, 33, 33, 33, 33, 33, 33, 33, 33, 33, 33, 33, 33, 33, 33, 33, 33, 33, 33, 33, 33, 33, 33, 33, 33, 33, 33, 33, 33, 33, 33, 33, 33, 33, 33, 33, 33, 33, 33, 33, 33, 33, 33, 33, 33, 33, 33, 33, 33, 33, 33, 33, 33, 33, 33, 33, 33, 33, 33, 33, 33, 33, 33, 33, 33, 33, 33, 33, 33, 33, 33, 33, 33, 33, 33, 33, 33, 33, 33, 33, 33, 33, 33, 33, 33, 33, 33, 33, 33, 33, 33, 33, 33, 33, 33, 33, 33, 33, 33, 33, 33, 33, 33, 33, 33, 33, 33, 33, 33, 33, 33, 33, 33, 33, 33, 33, 33, 33, 33, 33, 33, 33, 33, 33, 33, 33, 33, 33, 33, 33, 33, 33, 33, 33, 33, 33, 33, 33, 33, 33, 33, 33, 33, 33, 33, 33, 33, 33, 33, 33, 33, 33, 33, 33, 33, 33, 33, 33, 33, 33, 33, 33, 33, 33, 33, 33, 33, 33, 33, 33, 33, 33, 33, 33, 33, 33, 33, 33, 33, 33, 33, 33, 33, 33, 33, 33, 33, 33, 33, 33, 33, 33, 33, 33, 33, 33, 33, 33, 33, 33, 33, 33, 33, 33, 33, 33, 33, 33, 33, 33, 33, 33, 33, 33, 33, 33, 33, 33, 33, 33, 33, 33, 33, 33, 33, 33, 33, 33, 33, 33, 33, 33, 33, 33, 33, 33, 33, 33, 33, 33, 33, 33, 33, 33, 33, 33, 33, 33, 33, 33, 33, 33, 33, 33, 33, 33, 33, 33, 33, 33, 33, 33, 33, 33, 33, 33, 33, 33, 33, 33, 33, 33, 33, 33, 33, 33, 33, 33, 33, 33, 33, 33, 33, 33, 33, 33, 33, 33, 33, 33, 33, 33, 33, 33, 33, 33, 33, 33, 33, 33, 33, 33, 33, 33, 33, 33, 33, 33, 33, 33, 33, 33, 33, 33, 33, 33, 33, 33, 33, 33, 33, 33, 33, 33, 33, 33, 33, 33, 33, 33, 33, 33, 33, 33, 33, 33, 33, 33, 33, 33, 33, 33, 33, 33, 33, 33, 33, 33, 33, 33, 33, 33, 33, 33, 33, 33, 33, 33, 33, 33, 33, 33, 33, 33, 33, 33, 33, 33, 33, 33, 33, 33, 33]",32.89450056116723,"[32.891133557800224, 32.89193522526856, 32.89626422959756, 32.89241622574956, 32.890973224306556, 32.891133557800224, 32.895462562129225, 32.89193522526856, 32.89450056116723, 32.89353856020522, 32.89434022767357, 32.89546256212923, 32.89722623055957, 32.900593233926564, 32.90155523488856, 32.901875901875904, 32.899150232483564, 32.89882956549623, 32.89834856501523, 32.8980278980279, 32.897546897546896, 32.89770723104056, 32.90027256693923, 32.90203623536957, 32.90075356742024, 32.89562289562289, 32.89834856501523, 32.899150232483564, 32.89626422959756, 32.89385922719256, 32.89434022767356, 32.8965848965849, 32.89353856020523, 32.895462562129225, 32.89642456309122, 32.893217893217894, 32.891133557800224, 32.892576559243224, 32.89353856020522, 32.89369889369889, 32.89081289081289, 32.89193522526856, 32.89450056116723, 32.89578322911657, 32.89450056116723, 32.89385922719256, 32.89385922719256, 32.89626422959756, 32.894660894660895, 32.893217893217894, 32.8970658970659, 32.900432900432904, 32.90347923681257, 32.90315856982524, 32.90203623536957, 32.900272566939236, 32.89722623055957, 32.8980278980279, 32.898348565015226, 32.899150232483564, 32.899631232964566, 32.8980278980279, 32.90107423440757, 32.90251723585057, 32.9013949013949, 32.9023569023569, 32.899791566458234, 32.9013949013949, 32.90219656886323, 32.904120570787235, 32.90235690235691, 32.902036235369565, 32.90171556838224, 32.9013949013949, 32.897546897546896, 32.89931056597723, 32.903318903318905, 32.90219656886324, 32.898829565496236, 32.8989898989899, 32.89690556357223, 32.898989898989896, 32.89770723104057, 32.89770723104056, 32.897386564053235, 32.89578322911657, 32.89337822671156, 32.89450056116723, 32.89594356261023, 32.892576559243224, 32.89065255731922, 32.89273689273689, 32.89289722623056, 32.89434022767357, 32.898508898508894, 32.896905563572226, 32.898188231521566, 32.8999518999519, 32.900593233926564, 32.89931056597723, 32.89931056597723, 32.899150232483564, 32.8994708994709, 32.89834856501523, 32.900272566939236, 32.89931056597723, 32.900432900432904, 32.90299823633157, 32.90412057078724, 32.90572390572391, 32.90171556838224, 32.90155523488857, 32.9028379028379, 32.9023569023569, 32.89931056597724, 32.901875901875904, 32.900432900432904, 32.898027898027905, 32.89786756453423, 32.898989898989896, 32.8980278980279, 32.89834856501523, 32.89722623055957, 32.89706589706589, 32.89722623055956, 32.89530222863556, 32.89434022767356, 32.89482122815456, 32.89417989417989, 32.89273689273689, 32.891774891774894, 32.891133557800224, 32.89305755972423, 32.89289722623056, 32.89337822671156, 32.89241622574956, 32.89225589225589, 32.890973224306556, 32.890973224306556, 32.89065255731923, 32.892576559243224, 32.89498156164823, 32.89450056116723, 32.89434022767356, 32.89546256212923, 32.8970658970659, 32.89706589706589, 32.89642456309123, 32.8985088985089, 32.8980278980279, 32.899631232964566, 32.900593233926564, 32.8999518999519, 32.90011223344557, 32.8999518999519, 32.89834856501523, 32.89690556357223, 32.89722623055957, 32.8994708994709, 32.89626422959756, 32.897546897546896, 32.896745230078565, 32.89786756453423, 32.896745230078565, 32.89770723104056, 32.89866923200257, 32.8951418951419, 32.89498156164823, 32.89722623055956, 32.896103896103895, 32.89417989417989, 32.89305755972423, 32.89498156164823, 32.8951418951419, 32.89450056116723, 32.89417989417989, 32.89273689273689, 32.891774891774894, 32.89193522526856, 32.89241622574956, 32.89241622574956, 32.89209555876222, 32.891774891774894, 32.89209555876223, 32.89273689273689, 32.89482122815456, 32.89578322911656, 32.89450056116723, 32.894660894660895, 32.89401956068623, 32.894660894660895, 32.89498156164823, 32.89353856020522, 32.892576559243224, 32.89209555876222, 32.89401956068623, 32.89337822671156, 32.89385922719256, 32.891935225268554, 32.893217893217894, 32.892576559243224, 32.89305755972423, 32.89209555876222, 32.89273689273689, 32.891774891774894, 32.891133557800224, 32.89065255731923, 32.88969055635722, 32.891133557800224, 32.891133557800224, 32.89129389129389, 32.89145422478756, 32.890171556838226, 32.890812890812896, 32.891133557800224, 32.891133557800224, 32.891614558281226, 32.89289722623056, 32.892897226230566, 32.89305755972423, 32.89450056116723, 32.89289722623056, 32.89337822671156, 32.89385922719256, 32.89450056116723, 32.89289722623056, 32.894500561167234, 32.89353856020522, 32.893217893217894, 32.89434022767356, 32.894660894660895, 32.89353856020523, 32.89369889369889, 32.89305755972423, 32.895302228635565, 32.89626422959756, 32.896103896103895, 32.89738656405323, 32.89834856501523, 32.8980278980279, 32.89915023248357, 32.8951418951419, 32.8927368927369, 32.89305755972423, 32.89369889369889, 32.89498156164823, 32.89562289562289, 32.895462562129225, 32.8956228956229, 32.89450056116723, 32.89273689273689, 32.89450056116723, 32.893217893217894, 32.89305755972423, 32.89353856020522, 32.893217893217894, 32.892576559243224, 32.891935225268554, 32.891614558281226, 32.89129389129389, 32.889850889850884, 32.889530222863556, 32.891614558281226, 32.891614558281226, 32.89289722623056, 32.894019560686225, 32.892576559243224, 32.89177489177489, 32.892576559243224, 32.8936988936989, 32.89209555876222, 32.89001122334456, 32.88904922238255, 32.88840788840789, 32.88712522045855, 32.888087221420555, 32.88760622093955, 32.888087221420555, 32.89033189033189, 32.89289722623056, 32.89209555876222, 32.89369889369889, 32.89305755972423, 32.8936988936989, 32.89417989417989, 32.8936988936989, 32.89434022767356, 32.890973224306556, 32.891133557800224, 32.89049222382556, 32.89001122334456, 32.89049222382556, 32.89129389129389, 32.892576559243224, 32.89289722623056, 32.89305755972423, 32.89129389129389, 32.89145422478756, 32.89129389129389, 32.891133557800224, 32.89017155683822, 32.89033189033189, 32.891614558281226, 32.89241622574956, 32.892576559243224, 32.89337822671156, 32.891614558281226, 32.89209555876223, 32.892255892255896, 32.893859227192564, 32.893217893217894, 32.892576559243224, 32.89209555876223, 32.89401956068623, 32.89289722623056, 32.89145422478756, 32.892255892255896, 32.8927368927369, 32.892255892255896, 32.891774891774894, 32.891133557800224, 32.89065255731923, 32.890171556838226, 32.88888888888889, 32.88856822190156, 32.88840788840789, 32.88792688792689, 32.89081289081289, 32.89065255731923, 32.89033189033189, 32.88936988936989, 32.888888888888886, 32.89065255731922, 32.890171556838226, 32.88936988936989, 32.88936988936989, 32.89065255731922, 32.890171556838226, 32.890973224306556, 32.89145422478756, 32.89001122334456, 32.89049222382556, 32.890812890812896, 32.89257655924323, 32.891774891774894, 32.891774891774894, 32.89081289081289, 32.890331890331886, 32.890812890812896, 32.89145422478756, 32.890492223825554, 32.89145422478756, 32.89337822671156, 32.8956228956229, 32.89626422959756, 32.895302228635565, 32.8965848965849, 32.89690556357223, 32.89578322911657, 32.89546256212923, 32.89578322911656, 32.89562289562289, 32.8956228956229, 32.8951418951419, 32.894019560686225, 32.89353856020522, 32.89321789321789, 32.893378226711555, 32.89273689273689, 32.89337822671156, 32.89401956068623, 32.891774891774894, 32.892576559243224, 32.89209555876223, 32.894019560686225, 32.89626422959756, 32.896103896103895, 32.89594356261023, 32.89690556357223, 32.89786756453423, 32.8980278980279, 32.898829565496236, 32.899631232964566, 32.901234567901234, 32.89866923200257, 32.899791566458234, 32.89866923200257, 32.896745230078565, 32.8980278980279, 32.89866923200256, 32.899150232483564, 32.899631232964566, 32.9013949013949, 32.90171556838224, 32.90347923681257, 32.9033189033189, 32.9009139009139, 32.90219656886323, 32.90251723585057, 32.9023569023569, 32.9018759018759, 32.903479236812565, 32.9033189033189, 32.9037999037999, 32.90444123777457, 32.90460157126824, 32.9052429052429, 32.90315856982524, 32.902677569344235, 32.90155523488857, 32.9004329004329, 32.900432900432904, 32.900432900432904, 32.8980278980279, 32.8994708994709, 32.89931056597723, 32.898829565496236, 32.898188231521566, 32.899470899470906, 32.8999518999519, 32.89866923200257, 32.89834856501523, 32.896745230078565, 32.895302228635565, 32.89450056116723]",0.822769342547412,0.8011876698741481,33,"[33, 33, 33, 33, 33, 33, 33, 33, 33, 33, 33, 33, 33, 33, 33, 33, 33, 33, 33, 33, 33, 33, 33, 33, 33, 33, 33, 33, 33, 33, 33, 33, 33, 33, 33, 33, 33, 33, 33, 33, 33, 33, 33, 33, 33, 33, 33, 33, 33, 33, 33, 33, 33, 33, 33, 33, 33, 33, 33, 33, 33, 33, 33, 33, 33, 33, 33, 33, 33, 33, 33, 33, 33, 33, 33, 33, 33, 33, 33, 33, 33, 33, 33, 33, 33, 33, 33, 33, 33, 33, 33, 33, 33, 33, 33, 33, 33, 33, 33, 33, 33, 33, 33, 33, 33, 33, 33, 33, 33, 33, 33, 33, 33, 33, 33, 33, 33, 33, 33, 33, 33, 33, 33, 33, 33, 33, 33, 33, 33, 33, 33, 33, 33, 33, 33, 33, 33, 33, 33, 33, 33, 33, 33, 33, 33, 33, 33, 33, 33, 33, 33, 33, 33, 33, 33, 33, 33, 33, 33, 33, 33, 33, 33, 33, 33, 33, 33, 33, 33, 33, 33, 33, 33, 33, 33, 33, 33, 33, 33, 33, 33, 33, 33, 33, 33, 33, 33, 33, 33, 33, 33, 33, 33, 33, 33, 33, 33, 33, 33, 33, 33, 33, 33, 33, 33, 33, 33, 33, 33, 33, 33, 33, 33, 33, 33, 33, 33, 33, 33, 33, 33, 33, 33, 33, 33, 33, 33, 33, 33, 33, 33, 33, 33, 33, 33, 33, 33, 33, 33, 33, 33, 33, 33, 33, 33, 33, 33, 33, 33, 33, 33, 33, 33, 33, 33, 33, 33, 33, 33, 33, 33, 33, 33, 33, 33, 33, 33, 33, 33, 33, 33, 33, 33, 33, 33, 33, 33, 33, 33, 33, 33, 33, 33, 33, 33, 33, 33, 33, 33, 33, 33, 33, 33, 33, 33, 33, 33, 33, 33, 33, 33, 33, 33, 33, 33, 33, 33, 33, 33, 33, 33, 33, 33, 33, 33, 33, 33, 33, 33, 33, 33, 33, 33, 33, 33, 33, 33, 33, 33, 33, 33, 33, 33, 33, 33, 33, 33, 33, 33, 33, 33, 33, 33, 33, 33, 33, 33, 33, 33, 33, 33, 33, 33, 33, 33, 33, 33, 33, 33, 33, 33, 33, 33, 33, 33, 33, 33, 33, 33, 33, 33, 33, 33, 33, 33, 33, 33, 33, 33, 33, 33, 33, 33, 33, 33, 33, 33, 33, 33, 33, 33, 33, 33, 33, 33, 33, 33, 33, 33, 33, 33, 33, 33, 33, 33, 33, 33, 33, 33, 33, 33, 33, 33, 33, 33, 33, 33, 33, 33, 33, 33, 33, 33, 33, 33]",425,"[0.46677303314208984, 0.4232952892780304, 0.4100438952445984, 0.404450923204422, 0.40167614817619324, 0.3999978005886078, 0.3985218405723572, 0.3973435163497925, 0.3962380588054657, 0.3952295184135437, 0.3942256569862366, 0.3932796120643616, 0.3923470675945282, 0.3914356529712677, 0.39060309529304504, 0.38977542519569397, 0.3889918029308319, 0.3882354497909546, 0.3875429630279541, 0.3868161737918854, 0.38616234064102173, 0.3855288028717041, 0.38491499423980713, 0.3843199908733368, 0.38376548886299133, 0.3831995129585266, 0.38260579109191895, 0.38209792971611023, 0.381582647562027, 0.3810887038707733, 0.3806181252002716, 0.3801736533641815, 0.37973856925964355, 0.37930071353912354, 0.3788738548755646, 0.378449946641922, 0.37806063890457153, 0.37769633531570435, 0.37731605768203735, 0.3769577443599701, 0.3766254782676697, 0.37629836797714233, 0.3759141266345978, 0.3755991458892822, 0.3753032386302948, 0.37502846121788025, 0.3747701644897461, 0.37446707487106323, 0.37414562702178955, 0.37383896112442017, 0.37356066703796387, 0.3732668161392212, 0.37302932143211365, 0.37276753783226013, 0.3725256323814392, 0.3722357153892517, 0.37198030948638916, 0.3717767298221588, 0.37155842781066895, 0.37131473422050476, 0.37111127376556396, 0.37086382508277893, 0.3706859350204468, 0.3704341948032379, 0.37017959356307983, 0.3699604868888855, 0.3697667717933655, 0.36956292390823364, 0.36932891607284546, 0.3691268563270569, 0.36889970302581787, 0.3687029182910919, 0.3685135245323181, 0.3683241307735443, 0.36813727021217346, 0.36798447370529175, 0.36778560280799866, 0.367601215839386, 0.36746084690093994, 0.3672219216823578, 0.3670610189437866, 0.3669113218784332, 0.36673128604888916, 0.3665798306465149, 0.36637991666793823, 0.3661976754665375, 0.36605381965637207, 0.3658760190010071, 0.36571693420410156, 0.36558863520622253, 0.36539706587791443, 0.36526355147361755, 0.3650963604450226, 0.3648887276649475, 0.36471298336982727, 0.36454471945762634, 0.364388644695282, 0.3642407953739166, 0.3640882074832916, 0.36394020915031433, 0.36377227306365967, 0.3636012375354767, 0.3634091317653656, 0.3632654845714569, 0.3630918860435486, 0.3629077672958374, 0.3627750277519226, 0.3626546561717987, 0.36251187324523926, 0.36236026883125305, 0.3622153103351593, 0.3620736598968506, 0.36192798614501953, 0.36177298426628113, 0.3616359233856201, 0.3614860475063324, 0.3613063097000122, 0.36114948987960815, 0.36097005009651184, 0.3608183264732361, 0.3606698215007782, 0.36053359508514404, 0.36033353209495544, 0.36019477248191833, 0.3600570261478424, 0.35990482568740845, 0.35978469252586365, 0.35962551832199097, 0.35948699712753296, 0.35933902859687805, 0.3591720461845398, 0.35904574394226074, 0.35892707109451294, 0.35880234837532043, 0.35865944623947144, 0.3585386574268341, 0.3583613336086273, 0.35819295048713684, 0.3580336272716522, 0.35787758231163025, 0.3577467203140259, 0.3575838506221771, 0.35751020908355713, 0.3573561906814575, 0.3571873903274536, 0.357036828994751, 0.35682886838912964, 0.35669004917144775, 0.35660725831985474, 0.356425940990448, 0.3563094437122345, 0.35618606209754944, 0.356029212474823, 0.3558639883995056, 0.35573360323905945, 0.35557040572166443, 0.3554341793060303, 0.35529011487960815, 0.35514765977859497, 0.35499340295791626, 0.3548751175403595, 0.3547343909740448, 0.35461917519569397, 0.3544369041919708, 0.35430389642715454, 0.35416534543037415, 0.35403522849082947, 0.35388195514678955, 0.3537313938140869, 0.35360297560691833, 0.3534619212150574, 0.3533417582511902, 0.35324642062187195, 0.3530457615852356, 0.35287439823150635, 0.35274502635002136, 0.35263997316360474, 0.3525128960609436, 0.3524298071861267, 0.35225850343704224, 0.3521218001842499, 0.35199639201164246, 0.35186538100242615, 0.35168492794036865, 0.3515683114528656, 0.35148048400878906, 0.35135000944137573, 0.3511662185192108, 0.3510446846485138, 0.35094329714775085, 0.35078561305999756, 0.3506501317024231, 0.35051730275154114, 0.3503749966621399, 0.3502325713634491, 0.3501497209072113, 0.3499739170074463, 0.34985843300819397, 0.3497244715690613, 0.3495868444442749, 0.3493996560573578, 0.34925806522369385, 0.34911778569221497, 0.34904298186302185, 0.34892669320106506, 0.3487880825996399, 0.3486422002315521, 0.34850624203681946, 0.3484010696411133, 0.3482641875743866, 0.3481672704219818, 0.3480457067489624, 0.3478885293006897, 0.34776923060417175, 0.34766799211502075, 0.347528874874115, 0.3473651111125946, 0.3471924662590027, 0.34707778692245483, 0.34691867232322693, 0.3467938303947449, 0.3466718792915344, 0.3465472459793091, 0.3464440405368805, 0.3463231027126312, 0.3461942672729492, 0.3460238575935364, 0.34592926502227783, 0.3457913100719452, 0.3456653952598572, 0.3455243706703186, 0.3453664779663086, 0.34527015686035156, 0.34510815143585205, 0.34498491883277893, 0.34486985206604004, 0.34474658966064453, 0.34458351135253906, 0.34446850419044495, 0.34436365962028503, 0.34424886107444763, 0.34412911534309387, 0.34399110078811646, 0.343881756067276, 0.3437347412109375, 0.34360992908477783, 0.34346380829811096, 0.34332388639450073, 0.34323540329933167, 0.3431473970413208, 0.3430686295032501, 0.3429329991340637, 0.34276077151298523, 0.3426484167575836, 0.34249168634414673, 0.34235915541648865, 0.34219861030578613, 0.3420575261116028, 0.34194621443748474, 0.34182482957839966, 0.34171923995018005, 0.3415597677230835, 0.34145814180374146, 0.3413333594799042, 0.34119269251823425, 0.3411028981208801, 0.3409501612186432, 0.3408863842487335, 0.34075576066970825, 0.3406559228897095, 0.34054991602897644, 0.34048083424568176, 0.3403102159500122, 0.34009692072868347, 0.3400041460990906, 0.3398938477039337, 0.3397902250289917, 0.339659720659256, 0.33952510356903076, 0.3393986225128174, 0.33927762508392334, 0.3391512930393219, 0.3390237092971802, 0.33895066380500793, 0.3388228714466095, 0.33866775035858154, 0.33855754137039185, 0.33843573927879333, 0.3382892608642578, 0.338133841753006, 0.33802318572998047, 0.3379177451133728, 0.33781176805496216, 0.3376804292201996, 0.33756935596466064, 0.3374602794647217, 0.3373194634914398, 0.33719754219055176, 0.3370579481124878, 0.3370034396648407, 0.33685779571533203, 0.3367336690425873, 0.3366023600101471, 0.3365129828453064, 0.3363245129585266, 0.33616751432418823, 0.3360918462276459, 0.3360154628753662, 0.3358694016933441, 0.33577418327331543, 0.33561185002326965, 0.33551186323165894, 0.3353894352912903, 0.3352958559989929, 0.33513763546943665, 0.33499497175216675, 0.3348965048789978, 0.3347717225551605, 0.33463147282600403, 0.3345133662223816, 0.3344084918498993, 0.3343003988265991, 0.3342007100582123, 0.33410900831222534, 0.33397868275642395, 0.333852082490921, 0.3337472081184387, 0.33364585041999817, 0.33353015780448914, 0.33343705534935, 0.3333241939544678, 0.3332017958164215, 0.3330591320991516, 0.33296629786491394, 0.3328578472137451, 0.33271926641464233, 0.3326263427734375, 0.3325234353542328, 0.33240118622779846, 0.33232706785202026, 0.3322545289993286, 0.33212921023368835, 0.33200016617774963, 0.33190181851387024, 0.33175668120384216, 0.3315630257129669, 0.3314080834388733, 0.3312838673591614, 0.33116722106933594, 0.33105385303497314, 0.3309810161590576, 0.3308434784412384, 0.33073994517326355, 0.3306049108505249, 0.33045923709869385, 0.33030635118484497, 0.3301996886730194, 0.330051064491272, 0.3299543857574463, 0.32981887459754944, 0.3297012448310852, 0.3295871615409851, 0.3294806182384491, 0.3293512463569641, 0.3292308747768402, 0.3290918469429016, 0.3289709985256195, 0.32886141538619995, 0.32877352833747864, 0.3286530375480652, 0.32853299379348755, 0.328413188457489, 0.3283444344997406, 0.3281935155391693, 0.32805880904197693, 0.32790645956993103, 0.32783305644989014, 0.32770833373069763, 0.32760342955589294, 0.3275424838066101, 0.3273698687553406, 0.32720428705215454, 0.3271046578884125, 0.32695579528808594, 0.3269127309322357, 0.3267563283443451, 0.3266637921333313, 0.3265344202518463, 0.3264261484146118, 0.32626843452453613, 0.3261544406414032, 0.32606279850006104, 0.3259654641151428, 0.3257963955402374, 0.3256635367870331, 0.32553160190582275, 0.3254212439060211, 0.3253246247768402, 0.3251984417438507, 0.3250744640827179, 0.32495346665382385, 0.3247774541378021, 0.32464683055877686, 0.32454535365104675, 0.32442429661750793, 0.3242832124233246, 0.3242097496986389, 0.32404065132141113, 0.3238917887210846, 0.3238235116004944, 0.32365483045578003, 0.32353320717811584, 0.3233969211578369, 0.3232666254043579, 0.32314369082450867, 0.32301852107048035, 0.32288283109664917, 0.3227348029613495, 0.32255271077156067, 0.3224465250968933, 0.32231462001800537, 0.3222126066684723, 0.32205989956855774, 0.3218872845172882, 0.32179707288742065]",33.0,"[33.0, 33.0, 33.0, 33.0, 33.0, 33.0, 33.0, 33.0, 33.0, 33.0, 33.0, 33.0, 33.0, 33.0, 33.0, 33.0, 33.0, 33.0, 33.0, 33.0, 33.0, 33.0, 33.0, 33.0, 33.0, 33.0, 33.0, 33.0, 33.0, 33.0, 33.0, 33.0, 33.0, 33.0, 33.0, 33.0, 33.0, 33.0, 33.0, 33.0, 33.0, 33.0, 33.0, 33.0, 33.0, 33.0, 33.0, 33.0, 33.0, 33.0, 33.0, 33.0, 33.0, 33.0, 33.0, 33.0, 33.0, 33.0, 33.0, 33.0, 33.0, 33.0, 33.0, 33.0, 33.0, 33.0, 33.0, 33.0, 33.0, 33.0, 33.0, 33.0, 33.0, 33.0, 33.0, 33.0, 33.0, 33.0, 33.0, 33.0, 33.0, 33.0, 33.0, 33.0, 33.0, 33.0, 33.0, 33.0, 33.0, 33.0, 33.0, 33.0, 33.0, 33.0, 33.0, 33.0, 33.0, 33.0, 33.0, 33.0, 33.0, 33.0, 33.0, 33.0, 33.0, 33.0, 33.0, 33.0, 33.0, 33.0, 33.0, 33.0, 33.0, 33.0, 33.0, 33.0, 33.0, 33.0, 33.0, 33.0, 33.0, 33.0, 33.0, 33.0, 33.0, 33.0, 33.0, 33.0, 33.0, 33.0, 33.0, 33.0, 33.0, 33.0, 33.0, 33.0, 33.0, 33.0, 33.0, 33.0, 3