,number,value,datetime_start,datetime_complete,duration,params_batch_size_scaler,params_constant_learning_rate,params_depth,params_epochs,params_kernel_l2,params_num_trees,params_temperature,user_attrs_accuracy_test,user_attrs_accuracy_valid,user_attrs_approximate_feature_sparsity,user_attrs_approximate_feature_sparsity_history,user_attrs_approximate_weight_sparsity,user_attrs_approximate_weight_sparsity_history,user_attrs_auc_test,user_attrs_auc_valid,user_attrs_feature_sparsity,user_attrs_feature_sparsity_history,user_attrs_num_epochs,user_attrs_val_loss_history,user_attrs_weight_sparsity,user_attrs_weight_sparsity_history,state
98,98,0.5,2024-08-31 04:40:09.676676,2024-08-31 04:43:43.295908,0 days 00:03:33.619232,1,0.26303415776102684,3,255,0.5752245454418948,63,0.032748405014136714,0.859,0.85875,0,"[5, 3, 3, 2, 2, 2, 2, 2, 2, 2, 2, 2, 2, 2, 2, 2, 2, 2, 2, 1, 1, 1, 1, 1, 1, 1, 1, 1, 1, 1, 0, 0, 0, 0, 0, 0, 0, 0, 0, 0, 0, 0, 0, 0, 0, 0, 0, 0, 0, 0, 0, 0, 0, 0, 0, 0, 0, 0, 0, 0, 0, 0, 0, 0, 0, 0, 0, 0, 0, 0, 0, 0, 0, 0, 0, 0, 0, 0, 0, 0, 0, 0, 0, 0, 0, 0, 0, 0, 0, 0, 0, 0, 0, 0, 0, 0, 0, 0, 0, 0, 0, 0, 0, 0, 0, 0, 0, 0, 0, 0, 0, 0, 0, 0, 0, 0, 0, 0, 0, 0, 0, 0, 0, 0, 0, 0, 0, 0, 0, 0, 0, 0, 0, 0, 0, 0, 0, 0, 0, 0, 0, 0, 0, 0, 0, 0, 0, 0, 0, 0, 0, 0, 0, 0, 0, 0, 0, 0, 0, 0, 0, 0, 0, 0, 0, 0, 0, 0, 0, 0, 0, 0, 0, 0, 0, 0, 0, 0, 0, 0, 0, 0, 0, 0, 0, 0, 0, 0, 0, 0, 0, 0, 0, 0, 0, 0, 0, 0, 0, 0, 0, 0, 0, 0, 0, 0, 0, 0, 0, 0, 0, 0, 0, 0, 0, 0, 0, 0, 0, 0, 0, 0, 0, 0, 0, 0, 0, 0, 0, 0, 0, 0, 0, 0, 0, 0, 0, 0, 0, 0, 0, 0, 0, 0, 0, 0, 0, 0, 0, 0, 0, 0, 0, 0, 0]",0.0,"[4.99546485260771, 3.0, 2.99546485260771, 1.997732426303855, 1.997732426303855, 1.997732426303855, 2.0, 2.0, 1.997732426303855, 1.997732426303855, 1.997732426303855, 1.99546485260771, 1.997732426303855, 1.997732426303855, 1.9931972789115646, 1.99546485260771, 1.997732426303855, 1.997732426303855, 1.99546485260771, 1.0, 1.0, 1.0, 0.9977324263038548, 1.0, 0.9977324263038548, 0.9977324263038548, 0.9977324263038548, 0.9954648526077098, 0.9954648526077098, 1.0, 0.0, 0.0, 0.0, 0.0, 0.0, 0.0, 0.0, 0.0, 0.0, 0.0, 0.0, 0.0, 0.0, 0.0, 0.0, 0.0, 0.0, 0.0, 0.0, 0.0, 0.0, 0.0, 0.0, 0.0, 0.0, 0.0, 0.0, 0.0, 0.0, 0.0, 0.0, 0.0, 0.0, 0.0, 0.0, 0.0, 0.0, 0.0, 0.0, 0.0, 0.0, 0.0, 0.0, 0.0, 0.0, 0.0, 0.0, 0.0, 0.0, 0.0, 0.0, 0.0, 0.0, 0.0, 0.0, 0.0, 0.0, 0.0, 0.0, 0.0, 0.0, 0.0, 0.0, 0.0, 0.0, 0.0, 0.0, 0.0, 0.0, 0.0, 0.0, 0.0, 0.0, 0.0, 0.0, 0.0, 0.0, 0.0, 0.0, 0.0, 0.0, 0.0, 0.0, 0.0, 0.0, 0.0, 0.0, 0.0, 0.0, 0.0, 0.0, 0.0, 0.0, 0.0, 0.0, 0.0, 0.0, 0.0, 0.0, 0.0, 0.0, 0.0, 0.0, 0.0, 0.0, 0.0, 0.0, 0.0, 0.0, 0.0, 0.0, 0.0, 0.0, 0.0, 0.0, 0.0, 0.0, 0.0, 0.0, 0.0, 0.0, 0.0, 0.0, 0.0, 0.0, 0.0, 0.0, 0.0, 0.0, 0.0, 0.0, 0.0, 0.0, 0.0, 0.0, 0.0, 0.0, 0.0, 0.0, 0.0, 0.0, 0.0, 0.0, 0.0, 0.0, 0.0, 0.0, 0.0, 0.0, 0.0, 0.0, 0.0, 0.0, 0.0, 0.0, 0.0, 0.0, 0.0, 0.0, 0.0, 0.0, 0.0, 0.0, 0.0, 0.0, 0.0, 0.0, 0.0, 0.0, 0.0, 0.0, 0.0, 0.0, 0.0, 0.0, 0.0, 0.0, 0.0, 0.0, 0.0, 0.0, 0.0, 0.0, 0.0, 0.0, 0.0, 0.0, 0.0, 0.0, 0.0, 0.0, 0.0, 0.0, 0.0, 0.0, 0.0, 0.0, 0.0, 0.0, 0.0, 0.0, 0.0, 0.0, 0.0, 0.0, 0.0, 0.0, 0.0, 0.0, 0.0, 0.0, 0.0, 0.0, 0.0, 0.0, 0.0, 0.0, 0.0, 0.0, 0.0, 0.0, 0.0, 0.0, 0.0, 0.0]",0.5,0.5,0,"[5, 3, 3, 2, 2, 2, 2, 2, 2, 2, 2, 2, 2, 2, 2, 2, 2, 2, 2, 1, 1, 1, 1, 1, 1, 1, 1, 1, 1, 1, 0, 0, 0, 0, 0, 0, 0, 0, 0, 0, 0, 0, 0, 0, 0, 0, 0, 0, 0, 0, 0, 0, 0, 0, 0, 0, 0, 0, 0, 0, 0, 0, 0, 0, 0, 0, 0, 0, 0, 0, 0, 0, 0, 0, 0, 0, 0, 0, 0, 0, 0, 0, 0, 0, 0, 0, 0, 0, 0, 0, 0, 0, 0, 0, 0, 0, 0, 0, 0, 0, 0, 0, 0, 0, 0, 0, 0, 0, 0, 0, 0, 0, 0, 0, 0, 0, 0, 0, 0, 0, 0, 0, 0, 0, 0, 0, 0, 0, 0, 0, 0, 0, 0, 0, 0, 0, 0, 0, 0, 0, 0, 0, 0, 0, 0, 0, 0, 0, 0, 0, 0, 0, 0, 0, 0, 0, 0, 0, 0, 0, 0, 0, 0, 0, 0, 0, 0, 0, 0, 0, 0, 0, 0, 0, 0, 0, 0, 0, 0, 0, 0, 0, 0, 0, 0, 0, 0, 0, 0, 0, 0, 0, 0, 0, 0, 0, 0, 0, 0, 0, 0, 0, 0, 0, 0, 0, 0, 0, 0, 0, 0, 0, 0, 0, 0, 0, 0, 0, 0, 0, 0, 0, 0, 0, 0, 0, 0, 0, 0, 0, 0, 0, 0, 0, 0, 0, 0, 0, 0, 0, 0, 0, 0, 0, 0, 0, 0, 0, 0, 0, 0, 0, 0, 0, 0]",255,"[0.38192808628082275, 0.38905197381973267, 0.3933452367782593, 0.3854220509529114, 0.3802622854709625, 0.37643471360206604, 0.3756162226200104, 0.3749130666255951, 0.3976000249385834, 0.3764064908027649, 0.40405386686325073, 0.3740158975124359, 0.38502779603004456, 0.40309566259384155, 0.3729119598865509, 0.38731449842453003, 0.37484732270240784, 0.3781871795654297, 0.37592005729675293, 0.3940024971961975, 0.3949347734451294, 0.4004453420639038, 0.4084073603153229, 0.3951495885848999, 0.39476898312568665, 0.393871545791626, 0.396637499332428, 0.41138091683387756, 0.400314062833786, 0.42125362157821655, 0.4134117066860199, 0.414391428232193, 0.4076354205608368, 0.41592010855674744, 0.48567304015159607, 0.4159713089466095, 0.4158724546432495, 0.4122465252876282, 0.40911969542503357, 0.40908893942832947, 0.4072432219982147, 0.4073764681816101, 0.41488969326019287, 0.423383891582489, 0.4083280563354492, 0.4181821048259735, 0.4540475606918335, 0.4092918634414673, 0.42294052243232727, 0.4199846684932709, 0.43518227338790894, 0.4160645306110382, 0.4160802364349365, 0.41503021121025085, 0.4154706597328186, 0.43029770255088806, 0.41911572217941284, 0.41088807582855225, 0.43020638823509216, 0.40876057744026184, 0.4362733066082001, 0.40861809253692627, 0.40775805711746216, 0.42143914103507996, 0.4349246621131897, 0.40731585025787354, 0.4125996530056, 0.42089593410491943, 0.40723124146461487, 0.4240756928920746, 0.4108625650405884, 0.43359798192977905, 0.4076262414455414, 0.42110902070999146, 0.40948572754859924, 0.41667765378952026, 0.40927013754844666, 0.40913093090057373, 0.40751785039901733, 0.4072294235229492, 0.41152697801589966, 0.4072296917438507, 0.41288918256759644, 0.40779200196266174, 0.4434829354286194, 0.4695972502231598, 0.41022318601608276, 0.4685172736644745, 0.4136008024215698, 0.4074316918849945, 0.43087294697761536, 0.4084877669811249, 0.410518616437912, 0.4140715003013611, 0.4089234471321106, 0.40852808952331543, 0.4080159068107605, 0.4165288209915161, 0.4653991758823395, 0.41267576813697815, 0.415306955575943, 0.4092612862586975, 0.4293760359287262, 0.4089035391807556, 0.416536420583725, 0.408539354801178, 0.41969433426856995, 0.4081844985485077, 0.40818706154823303, 0.41317832469940186, 0.40853798389434814, 0.41550883650779724, 0.4085097014904022, 0.4183984696865082, 0.4189493656158447, 0.4320334494113922, 0.42095282673835754, 0.4084584414958954, 0.4097021222114563, 0.41758233308792114, 0.4221480190753937, 0.4092167317867279, 0.4077516496181488, 0.4078618288040161, 0.4099825620651245, 0.43548792600631714, 0.42990198731422424, 0.42171937227249146, 0.44430938363075256, 0.41130828857421875, 0.42256855964660645, 0.41166046261787415, 0.42781582474708557, 0.44165247678756714, 0.4074302315711975, 0.4184899926185608, 0.41361209750175476, 0.4486289918422699, 0.40888431668281555, 0.40735167264938354, 0.4968198835849762, 0.42364421486854553, 0.4192148447036743, 0.41168200969696045, 0.4225934147834778, 0.4337257742881775, 0.407243013381958, 0.41418153047561646, 0.410216748714447, 0.41202110052108765, 0.46740037202835083, 0.40722742676734924, 0.40727856755256653, 0.40859198570251465, 0.41099175810813904, 0.40729817748069763, 0.4248737692832947, 0.41886767745018005, 0.40896087884902954, 0.4072321355342865, 0.4087737798690796, 0.416494220495224, 0.4829072058200836, 0.41377055644989014, 0.417059987783432, 0.41605979204177856, 0.4163983464241028, 0.4088258445262909, 0.42086201906204224, 0.4073761999607086, 0.4078703224658966, 0.4079340398311615, 0.4289311468601227, 0.40832850337028503, 0.40731433033943176, 0.4072691798210144, 0.40722838044166565, 0.4117962718009949, 0.41268059611320496, 0.40794241428375244, 0.41073644161224365, 0.412479043006897, 0.410730242729187, 0.41611647605895996, 0.40750449895858765, 0.4298437237739563, 0.4114327132701874, 0.4092743694782257, 0.4160488247871399, 0.40722817182540894, 0.41318798065185547, 0.4151969850063324, 0.40727749466896057, 0.4137249290943146, 0.4300067126750946, 0.4077766537666321, 0.4160500764846802, 0.4109455347061157, 0.4316389560699463, 0.4141761064529419, 0.41168227791786194, 0.40948569774627686, 0.41643330454826355, 0.41867420077323914, 0.4078274965286255, 0.4073456823825836, 0.41079095005989075, 0.4256604313850403, 0.428595632314682, 0.4077449440956116, 0.48575520515441895, 0.42664095759391785, 0.4128003716468811, 0.4188840091228485, 0.40865910053253174, 0.4073363244533539, 0.42480000853538513, 0.4072968661785126, 0.4232342541217804, 0.49195966124534607, 0.41254958510398865, 0.4101462662220001, 0.4257173538208008, 0.40802833437919617, 0.40722665190696716, 0.4135493338108063, 0.40913617610931396, 0.4412427544593811, 0.4132128059864044, 0.42063969373703003, 0.408784955739975, 0.4149942696094513, 0.40777385234832764, 0.4101356267929077, 0.41480717062950134, 0.41257935762405396, 0.41349315643310547, 0.41477978229522705, 0.4106324017047882, 0.413370817899704, 0.40740785002708435, 0.4226817190647125, 0.41300952434539795, 0.4298473000526428, 0.4143010079860687, 0.4349783658981323, 0.4272303283214569, 0.4109231233596802, 0.40724778175354004, 0.4297049045562744, 0.4151042699813843, 0.4088902771472931, 0.41566354036331177, 0.4112113118171692, 0.40737658739089966]",0.0,"[5.0, 3.0, 3.0, 2.0, 2.0, 2.0, 2.0, 2.0, 2.0, 2.0, 2.0, 2.0, 2.0, 2.0, 2.0, 2.0, 2.0, 2.0, 2.0, 1.0, 1.0, 1.0, 1.0, 1.0, 1.0, 1.0, 1.0, 1.0, 1.0, 1.0, 0.0, 0.0, 0.0, 0.0, 0.0, 0.0, 0.0, 0.0, 0.0, 0.0, 0.0, 0.0, 0.0, 0.0, 0.0, 0.0, 0.0, 0.0, 0.0, 0.0, 0.0, 0.0, 0.0, 0.0, 0.0, 0.0, 0.0, 0.0, 0.0, 0.0, 0.0, 0.0, 0.0, 0.0, 0.0, 0.0, 0.0, 0.0, 0.0, 0.0, 0.0, 0.0, 0.0, 0.0, 0.0, 0.0, 0.0, 0.0, 0.0, 0.0, 0.0, 0.0, 0.0, 0.0, 0.0, 0.0, 0.0, 0.0, 0.0, 0.0, 0.0, 0.0, 0.0, 0.0, 0.0, 0.0, 0.0, 0.0, 0.0, 0.0, 0.0, 0.0, 0.0, 0.0, 0.0, 0.0, 0.0, 0.0, 0.0, 0.0, 0.0, 0.0, 0.0, 0.0, 0.0, 0.0, 0.0, 0.0, 0.0, 0.0, 0.0, 0.0, 0.0, 0.0, 0.0, 0.0, 0.0, 0.0, 0.0, 0.0, 0.0, 0.0, 0.0, 0.0, 0.0, 0.0, 0.0, 0.0, 0.0, 0.0, 0.0, 0.0, 0.0, 0.0, 0.0, 0.0, 0.0, 0.0, 0.0, 0.0, 0.0, 0.0, 0.0, 0.0, 0.0, 0.0, 0.0, 0.0, 0.0, 0.0, 0.0, 0.0, 0.0, 0.0, 0.0, 0.0, 0.0, 0.0, 0.0, 0.0, 0.0, 0.0, 0.0, 0.0, 0.0, 0.0, 0.0, 0.0, 0.0, 0.0, 0.0, 0.0, 0.0, 0.0, 0.0, 0.0, 0.0, 0.0, 0.0, 0.0, 0.0, 0.0, 0.0, 0.0, 0.0, 0.0, 0.0, 0.0, 0.0, 0.0, 0.0, 0.0, 0.0, 0.0, 0.0, 0.0, 0.0, 0.0, 0.0, 0.0, 0.0, 0.0, 0.0, 0.0, 0.0, 0.0, 0.0, 0.0, 0.0, 0.0, 0.0, 0.0, 0.0, 0.0, 0.0, 0.0, 0.0, 0.0, 0.0, 0.0, 0.0, 0.0, 0.0, 0.0, 0.0, 0.0, 0.0, 0.0, 0.0, 0.0, 0.0, 0.0, 0.0, 0.0, 0.0, 0.0, 0.0, 0.0, 0.0, 0.0, 0.0, 0.0, 0.0, 0.0, 0.0]",COMPLETE
