,number,value,datetime_start,datetime_complete,duration,params_batch_size_scaler,params_constant_learning_rate,params_depth,params_epochs,params_kernel_l2,params_num_trees,params_temperature,user_attrs_accuracy_test,user_attrs_accuracy_valid,user_attrs_approximate_feature_sparsity,user_attrs_approximate_feature_sparsity_history,user_attrs_approximate_weight_sparsity,user_attrs_approximate_weight_sparsity_history,user_attrs_auc_test,user_attrs_auc_valid,user_attrs_feature_sparsity,user_attrs_feature_sparsity_history,user_attrs_num_epochs,user_attrs_val_loss_history,user_attrs_weight_sparsity,user_attrs_weight_sparsity_history,state
55,55,0.9129085030464634,2024-08-31 03:03:39.847733,2024-08-31 03:05:32.491442,0 days 00:01:52.643709,1,0.010116640251595505,2,110,0.003344047761023037,9,0.004523986266244114,0.913,0.9125,33,"[33, 33, 33, 33, 33, 33, 33, 33, 33, 33, 33, 33, 33, 33, 33, 33, 33, 33, 33, 33, 33, 33, 33, 33, 33, 33, 33, 33, 33, 33, 33, 33, 33, 33, 33, 33, 33, 33, 33, 33, 33, 33, 33, 33, 33, 33, 33, 33, 33, 33, 33, 33, 33, 33, 33, 33, 33, 33, 33, 33, 33, 33, 33, 33, 33, 33, 33, 33, 33, 33, 33, 33, 33, 33, 33, 33, 33, 33, 33, 33, 33, 33, 33, 33, 33, 33, 33, 33, 33, 33, 33, 33, 33, 33, 33, 33, 33, 33, 33, 33, 33, 33, 33, 33, 33, 33, 33, 33, 33, 33]",33.0,"[33.0, 33.0, 32.96296296296296, 32.925925925925924, 32.96296296296296, 33.0, 33.0, 33.0, 33.0, 33.0, 32.96296296296296, 33.0, 33.0, 32.96296296296296, 33.0, 33.0, 33.0, 32.96296296296296, 32.925925925925924, 32.96296296296296, 33.0, 32.888888888888886, 33.0, 33.0, 33.0, 32.96296296296296, 33.0, 33.0, 33.0, 33.0, 33.0, 33.0, 32.925925925925924, 33.0, 33.0, 33.0, 32.96296296296296, 33.0, 33.0, 32.96296296296296, 32.96296296296296, 32.96296296296296, 32.96296296296296, 33.0, 32.96296296296296, 33.0, 32.96296296296296, 33.0, 33.0, 33.0, 33.0, 33.0, 33.0, 32.925925925925924, 32.96296296296296, 32.96296296296296, 33.0, 33.0, 33.0, 33.0, 33.0, 32.925925925925924, 33.0, 32.96296296296296, 32.96296296296296, 33.0, 33.0, 33.0, 33.0, 32.96296296296296, 33.0, 33.0, 33.0, 33.0, 33.0, 33.0, 33.0, 32.96296296296296, 33.0, 32.96296296296296, 33.0, 32.96296296296296, 32.96296296296296, 33.0, 32.96296296296296, 33.0, 32.925925925925924, 33.0, 32.96296296296296, 33.0, 33.0, 32.96296296296296, 33.0, 33.0, 32.96296296296296, 33.0, 33.0, 33.0, 33.0, 33.0, 33.0, 33.0, 33.0, 33.0, 32.96296296296296, 32.96296296296296, 33.0, 33.0, 33.0, 33.0]",0.8990909766428059,0.9129085030464634,33,"[33, 33, 33, 33, 33, 33, 33, 33, 33, 33, 33, 33, 33, 33, 33, 33, 33, 33, 33, 33, 33, 33, 33, 33, 33, 33, 33, 33, 33, 33, 33, 33, 33, 33, 33, 33, 33, 33, 33, 33, 33, 33, 33, 33, 33, 33, 33, 33, 33, 33, 33, 33, 33, 33, 33, 33, 33, 33, 33, 33, 33, 33, 33, 33, 33, 33, 33, 33, 33, 33, 33, 33, 33, 33, 33, 33, 33, 33, 33, 33, 33, 33, 33, 33, 33, 33, 33, 33, 33, 33, 33, 33, 33, 33, 33, 33, 33, 33, 33, 33, 33, 33, 33, 33, 33, 33, 33, 33, 33, 33]",110,"[0.40478652715682983, 0.39369624853134155, 0.38735243678092957, 0.3822966516017914, 0.37821343541145325, 0.3750471770763397, 0.3719027042388916, 0.3693418502807617, 0.36699703335762024, 0.3647826910018921, 0.3627893030643463, 0.36096203327178955, 0.35904669761657715, 0.35725221037864685, 0.3554766774177551, 0.3540153503417969, 0.35181915760040283, 0.3500490188598633, 0.3482491374015808, 0.3467480540275574, 0.34488293528556824, 0.3432498574256897, 0.341284841299057, 0.33949315547943115, 0.337751567363739, 0.3358117341995239, 0.3341783881187439, 0.3324055075645447, 0.33035868406295776, 0.32862019538879395, 0.32659152150154114, 0.3246473968029022, 0.32283344864845276, 0.320717990398407, 0.31892696022987366, 0.3169921636581421, 0.31499072909355164, 0.31295520067214966, 0.3109961450099945, 0.30901825428009033, 0.3072095811367035, 0.30527567863464355, 0.303239643573761, 0.3011997640132904, 0.29940757155418396, 0.29765069484710693, 0.2956763207912445, 0.293709933757782, 0.29191654920578003, 0.2899283468723297, 0.2880997061729431, 0.2862681448459625, 0.284608393907547, 0.2828582227230072, 0.28094127774238586, 0.2795809805393219, 0.2778308391571045, 0.2762218713760376, 0.27455025911331177, 0.27316054701805115, 0.2717021405696869, 0.2701909840106964, 0.2689627408981323, 0.26753315329551697, 0.2659512460231781, 0.2648271322250366, 0.2630999684333801, 0.2619243264198303, 0.2606089413166046, 0.2594509720802307, 0.2583621144294739, 0.2569800615310669, 0.25597789883613586, 0.25468870997428894, 0.2537488639354706, 0.2526731789112091, 0.25160112977027893, 0.2509347200393677, 0.2497137486934662, 0.24903970956802368, 0.24789585173130035, 0.247157484292984, 0.2459038347005844, 0.24511291086673737, 0.24438615143299103, 0.24365097284317017, 0.24268554151058197, 0.24193231761455536, 0.24133653938770294, 0.24037760496139526, 0.23972560465335846, 0.23914283514022827, 0.2383688986301422, 0.2378343939781189, 0.2372296303510666, 0.23641100525856018, 0.235955148935318, 0.23539705574512482, 0.23463064432144165, 0.2341005504131317, 0.2333897054195404, 0.23279686272144318, 0.23203060030937195, 0.23185387253761292, 0.23171134293079376, 0.23082533478736877, 0.23051199316978455, 0.22991758584976196, 0.22915859520435333, 0.2287636697292328]",33.0,"[33.0, 33.0, 33.0, 33.0, 33.0, 33.0, 33.0, 33.0, 33.0, 33.0, 33.0, 33.0, 33.0, 33.0, 33.0, 33.0, 33.0, 33.0, 33.0, 33.0, 33.0, 33.0, 33.0, 33.0, 33.0, 33.0, 33.0, 33.0, 33.0, 33.0, 33.0, 33.0, 33.0, 33.0, 33.0, 33.0, 33.0, 33.0, 33.0, 33.0, 33.0, 33.0, 33.0, 33.0, 33.0, 33.0, 33.0, 33.0, 33.0, 33.0, 33.0, 33.0, 33.0, 33.0, 33.0, 33.0, 33.0, 33.0, 33.0, 33.0, 33.0, 33.0, 33.0, 33.0, 33.0, 33.0, 33.0, 33.0, 33.0, 33.0, 33.0, 33.0, 33.0, 33.0, 33.0, 33.0, 33.0, 33.0, 33.0, 33.0, 33.0, 33.0, 33.0, 33.0, 33.0, 33.0, 33.0, 33.0, 33.0, 33.0, 33.0, 33.0, 33.0, 33.0, 33.0, 33.0, 33.0, 33.0, 33.0, 33.0, 33.0, 33.0, 33.0, 33.0, 33.0, 33.0, 33.0, 33.0, 33.0, 33.0]",COMPLETE
56,56,0.6088418286509255,2024-08-31 03:05:34.179686,2024-08-31 03:06:18.247096,0 days 00:00:44.067410,16,0.12528900126288775,2,245,0.3014501710897009,14,0.00263424001118465,0.859,0.85875,1,"[33, 33, 33, 33, 33, 33, 33, 33, 33, 33, 33, 33, 33, 33, 33, 33, 33, 33, 32, 31, 27, 21, 16, 13, 8, 8, 7, 4, 4, 4, 4, 2, 2, 2, 2, 2, 2, 2, 2, 2, 2, 2, 2, 2, 2, 1, 1, 1, 1, 1, 1, 1, 1, 1, 1, 1, 1, 1, 1, 1, 1, 1, 1, 1, 1, 1, 1, 1, 1, 1, 1, 1, 1, 1, 1, 1, 1, 1, 1, 1, 1, 1, 1, 1, 1, 1, 1, 1, 1, 1, 1, 1, 1, 1, 1, 1, 1, 1, 1, 1, 1, 1, 1, 1, 1, 1, 1, 1, 1, 1, 1, 1, 1, 1, 1, 1, 1, 1, 1, 1, 1, 1, 1, 1, 1, 1, 1, 1, 1, 1, 1, 1, 1, 1, 1, 1, 1, 1, 1, 1, 1, 1, 1, 1, 1, 1, 1, 1, 1, 1, 1, 1, 1, 1, 1, 1, 1, 1, 1, 1, 1, 1, 1, 1, 1, 1, 1, 1, 1, 1, 1, 1, 1, 1, 1, 1, 1, 1, 1, 1, 1, 1, 1, 1, 1, 1, 1, 1, 1, 1, 1, 1, 1, 1, 1, 1, 1, 1, 1, 1, 1, 1, 1, 1, 1, 1, 1, 1, 1, 1, 1, 1, 1, 1, 1, 1, 1, 1, 1, 1, 1, 1, 1, 1, 1, 1, 1, 1, 1, 1, 1, 1, 1, 1, 1, 1, 1, 1, 1, 1, 1, 1, 1, 1, 1]",1.0,"[32.976190476190474, 33.0, 32.976190476190474, 32.95238095238095, 32.976190476190474, 33.0, 33.0, 32.976190476190474, 32.976190476190474, 32.976190476190474, 32.976190476190474, 32.95238095238095, 32.976190476190474, 32.976190476190474, 32.976190476190474, 32.95238095238095, 32.976190476190474, 32.95238095238095, 31.952380952380953, 30.976190476190474, 26.976190476190474, 21.0, 15.976190476190476, 12.976190476190476, 8.0, 8.0, 7.0, 4.0, 4.0, 4.0, 4.0, 2.0, 2.0, 2.0, 2.0, 2.0, 2.0, 2.0, 2.0, 2.0, 2.0, 2.0, 2.0, 2.0, 2.0, 1.0, 1.0, 1.0, 1.0, 1.0, 1.0, 1.0, 1.0, 1.0, 1.0, 1.0, 0.9761904761904762, 1.0, 1.0, 1.0, 1.0, 1.0, 1.0, 1.0, 1.0, 1.0, 1.0, 1.0, 1.0, 1.0, 1.0, 1.0, 1.0, 1.0, 1.0, 1.0, 1.0, 1.0, 1.0, 1.0, 1.0, 1.0, 1.0, 1.0, 0.9761904761904762, 1.0, 1.0, 1.0, 1.0, 1.0, 1.0, 1.0, 1.0, 1.0, 1.0, 1.0, 1.0, 1.0, 1.0, 1.0, 1.0, 1.0, 1.0, 1.0, 1.0, 1.0, 1.0, 1.0, 1.0, 1.0, 1.0, 1.0, 1.0, 1.0, 1.0, 1.0, 1.0, 1.0, 1.0, 1.0, 1.0, 1.0, 1.0, 1.0, 1.0, 1.0, 1.0, 1.0, 1.0, 1.0, 1.0, 1.0, 1.0, 1.0, 1.0, 1.0, 1.0, 1.0, 1.0, 1.0, 1.0, 1.0, 1.0, 1.0, 1.0, 1.0, 1.0, 1.0, 1.0, 1.0, 1.0, 1.0, 1.0, 1.0, 1.0, 1.0, 1.0, 1.0, 1.0, 1.0, 1.0, 1.0, 1.0, 1.0, 1.0, 1.0, 1.0, 1.0, 1.0, 1.0, 1.0, 1.0, 1.0, 0.9761904761904762, 0.9761904761904762, 0.9761904761904762, 0.9761904761904762, 0.9761904761904762, 0.9761904761904762, 0.9761904761904762, 0.9761904761904762, 0.9761904761904762, 0.9761904761904762, 0.9761904761904762, 1.0, 1.0, 1.0, 1.0, 1.0, 1.0, 1.0, 1.0, 1.0, 1.0, 1.0, 1.0, 1.0, 1.0, 1.0, 1.0, 1.0, 1.0, 1.0, 1.0, 1.0, 1.0, 1.0, 1.0, 1.0, 1.0, 1.0, 1.0, 1.0, 1.0, 1.0, 1.0, 1.0, 1.0, 1.0, 1.0, 1.0, 1.0, 1.0, 1.0, 1.0, 1.0, 1.0, 1.0, 1.0, 1.0, 1.0, 1.0, 1.0, 1.0, 1.0, 1.0, 1.0, 1.0, 1.0, 1.0, 1.0, 1.0, 1.0, 1.0, 1.0]",0.6144865793145584,0.6088418286509255,1,"[33, 33, 33, 33, 33, 33, 33, 33, 33, 33, 33, 33, 33, 33, 33, 33, 33, 33, 32, 31, 27, 21, 16, 13, 8, 8, 7, 4, 4, 4, 4, 2, 2, 2, 2, 2, 2, 2, 2, 2, 2, 2, 2, 2, 2, 1, 1, 1, 1, 1, 1, 1, 1, 1, 1, 1, 1, 1, 1, 1, 1, 1, 1, 1, 1, 1, 1, 1, 1, 1, 1, 1, 1, 1, 1, 1, 1, 1, 1, 1, 1, 1, 1, 1, 1, 1, 1, 1, 1, 1, 1, 1, 1, 1, 1, 1, 1, 1, 1, 1, 1, 1, 1, 1, 1, 1, 1, 1, 1, 1, 1, 1, 1, 1, 1, 1, 1, 1, 1, 1, 1, 1, 1, 1, 1, 1, 1, 1, 1, 1, 1, 1, 1, 1, 1, 1, 1, 1, 1, 1, 1, 1, 1, 1, 1, 1, 1, 1, 1, 1, 1, 1, 1, 1, 1, 1, 1, 1, 1, 1, 1, 1, 1, 1, 1, 1, 1, 1, 1, 1, 1, 1, 1, 1, 1, 1, 1, 1, 1, 1, 1, 1, 1, 1, 1, 1, 1, 1, 1, 1, 1, 1, 1, 1, 1, 1, 1, 1, 1, 1, 1, 1, 1, 1, 1, 1, 1, 1, 1, 1, 1, 1, 1, 1, 1, 1, 1, 1, 1, 1, 1, 1, 1, 1, 1, 1, 1, 1, 1, 1, 1, 1, 1, 1, 1, 1, 1, 1, 1, 1, 1, 1, 1, 1, 1]",245,"[0.6566211581230164, 0.6332943439483643, 0.6142440438270569, 0.5985081195831299, 0.584630012512207, 0.5723373889923096, 0.5612943768501282, 0.5509096384048462, 0.5412217378616333, 0.5322161316871643, 0.5239255428314209, 0.5159138441085815, 0.5081781148910522, 0.5009815692901611, 0.49404650926589966, 0.4872366786003113, 0.481397807598114, 0.47537440061569214, 0.46726202964782715, 0.45729145407676697, 0.4471183717250824, 0.42941829562187195, 0.4100445806980133, 0.3982512950897217, 0.39134490489959717, 0.3897552490234375, 0.3890940546989441, 0.3818538784980774, 0.38096070289611816, 0.3803524374961853, 0.3798847198486328, 0.38579997420310974, 0.38556739687919617, 0.3852706849575043, 0.38477668166160583, 0.38472452759742737, 0.38431689143180847, 0.38406145572662354, 0.38388824462890625, 0.3836151361465454, 0.3833329677581787, 0.3831326961517334, 0.382924348115921, 0.3828102946281433, 0.3826378285884857, 0.3970910608768463, 0.3970053195953369, 0.3968507647514343, 0.3969278335571289, 0.39663827419281006, 0.3965652883052826, 0.3964647650718689, 0.39637359976768494, 0.3962690234184265, 0.39617061614990234, 0.396132230758667, 0.39600834250450134, 0.395930677652359, 0.39592087268829346, 0.39579281210899353, 0.39580848813056946, 0.3956417143344879, 0.39561641216278076, 0.39553070068359375, 0.39548835158348083, 0.3954916000366211, 0.3954855799674988, 0.39532601833343506, 0.39532870054244995, 0.3952540159225464, 0.395124614238739, 0.395084410905838, 0.3950228989124298, 0.39501652121543884, 0.3951210379600525, 0.39492636919021606, 0.39488911628723145, 0.39480867981910706, 0.39477166533470154, 0.39472636580467224, 0.39468497037887573, 0.3946407735347748, 0.3946414589881897, 0.39458027482032776, 0.3946034908294678, 0.39449095726013184, 0.3946693539619446, 0.39473414421081543, 0.39439865946769714, 0.3944312334060669, 0.3943236172199249, 0.3943180441856384, 0.39426910877227783, 0.39425796270370483, 0.3942517936229706, 0.39415982365608215, 0.3942226767539978, 0.39413779973983765, 0.39430007338523865, 0.3940596878528595, 0.39399605989456177, 0.394031286239624, 0.39406082034111023, 0.39399704337120056, 0.39389172196388245, 0.3938532769680023, 0.3938612639904022, 0.3938019573688507, 0.3937769830226898, 0.3937739431858063, 0.39370810985565186, 0.3937201201915741, 0.39371615648269653, 0.3936313986778259, 0.3940480947494507, 0.3935914635658264, 0.3936226963996887, 0.3936663866043091, 0.39352652430534363, 0.39351001381874084, 0.3934366703033447, 0.39341163635253906, 0.39349043369293213, 0.3933671712875366, 0.39339038729667664, 0.3934203088283539, 0.3932826519012451, 0.39326000213623047, 0.3932360112667084, 0.39324042201042175, 0.3932870030403137, 0.39328792691230774, 0.39322707056999207, 0.3931640386581421, 0.39309823513031006, 0.3930957019329071, 0.39306846261024475, 0.3930530250072479, 0.3930104374885559, 0.393034964799881, 0.39296460151672363, 0.3929518163204193, 0.3930842876434326, 0.39308539032936096, 0.3929882049560547, 0.39286214113235474, 0.3929315209388733, 0.3928074538707733, 0.3929064869880676, 0.3928537368774414, 0.3927537202835083, 0.39279815554618835, 0.3928285241127014, 0.3927142322063446, 0.3926475942134857, 0.3926394581794739, 0.3928837180137634, 0.3927667737007141, 0.39255785942077637, 0.3927145302295685, 0.39251935482025146, 0.3925003707408905, 0.3924925923347473, 0.3925307095050812, 0.39243263006210327, 0.39244750142097473, 0.39249587059020996, 0.3924100399017334, 0.3923532962799072, 0.392357736825943, 0.3923218250274658, 0.3923128545284271, 0.392269492149353, 0.3924700617790222, 0.392244428396225, 0.392213374376297, 0.39220130443573, 0.39217671751976013, 0.3921622335910797, 0.39220383763313293, 0.39216282963752747, 0.3920966684818268, 0.3921038508415222, 0.3921870291233063, 0.39203861355781555, 0.3924214243888855, 0.39204341173171997, 0.3920022249221802, 0.3919609785079956, 0.3922254145145416, 0.39194339513778687, 0.39190930128097534, 0.3918994963169098, 0.3920820355415344, 0.3919733166694641, 0.3918333053588867, 0.3919057548046112, 0.3921275734901428, 0.3917981684207916, 0.39176228642463684, 0.3917486071586609, 0.3918713331222534, 0.39171263575553894, 0.3917143940925598, 0.39168164134025574, 0.39189139008522034, 0.3916420042514801, 0.3916289210319519, 0.3920869529247284, 0.3916105031967163, 0.39165347814559937, 0.3915664553642273, 0.3916482925415039, 0.3916293978691101, 0.39151132106781006, 0.39149752259254456, 0.39153820276260376, 0.39148983359336853, 0.3914363980293274, 0.3915501832962036, 0.3914541006088257, 0.39142483472824097, 0.39159396290779114, 0.3913916051387787, 0.391377329826355, 0.39133748412132263, 0.3913143277168274, 0.3913820683956146, 0.3912850320339203, 0.3912746012210846, 0.3912648856639862, 0.3912798762321472, 0.3912939727306366, 0.3912140130996704, 0.3911907970905304, 0.3911696970462799, 0.3911583423614502, 0.3911443054676056, 0.3913879692554474, 0.3911091089248657, 0.3911035656929016, 0.39117544889450073, 0.39106982946395874, 0.3910626173019409, 0.39104947447776794]",1.0,"[33.0, 33.0, 33.0, 33.0, 33.0, 33.0, 33.0, 33.0, 33.0, 33.0, 33.0, 33.0, 33.0, 33.0, 33.0, 33.0, 33.0, 33.0, 32.0, 31.0, 27.0, 21.0, 16.0, 13.0, 8.0, 8.0, 7.0, 4.0, 4.0, 4.0, 4.0, 2.0, 2.0, 2.0, 2.0, 2.0, 2.0, 2.0, 2.0, 2.0, 2.0, 2.0, 2.0, 2.0, 2.0, 1.0, 1.0, 1.0, 1.0, 1.0, 1.0, 1.0, 1.0, 1.0, 1.0, 1.0, 1.0, 1.0, 1.0, 1.0, 1.0, 1.0, 1.0, 1.0, 1.0, 1.0, 1.0, 1.0, 1.0, 1.0, 1.0, 1.0, 1.0, 1.0, 1.0, 1.0, 1.0, 1.0, 1.0, 1.0, 1.0, 1.0, 1.0, 1.0, 1.0, 1.0, 1.0, 1.0, 1.0, 1.0, 1.0, 1.0, 1.0, 1.0, 1.0, 1.0, 1.0, 1.0, 1.0, 1.0, 1.0, 1.0, 1.0, 1.0, 1.0, 1.0, 1.0, 1.0, 1.0, 1.0, 1.0, 1.0, 1.0, 1.0, 1.0, 1.0, 1.0, 1.0, 1.0, 1.0, 1.0, 1.0, 1.0, 1.0, 1.0, 1.0, 1.0, 1.0, 1.0, 1.0, 1.0, 1.0, 1.0, 1.0, 1.0, 1.0, 1.0, 1.0, 1.0, 1.0, 1.0, 1.0, 1.0, 1.0, 1.0, 1.0, 1.0, 1.0, 1.0, 1.0, 1.0, 1.0, 1.0, 1.0, 1.0, 1.0, 1.0, 1.0, 1.0, 1.0, 1.0, 1.0, 1.0, 1.0, 1.0, 1.0, 1.0, 1.0, 1.0, 1.0, 1.0, 1.0, 1.0, 1.0, 1.0, 1.0, 1.0, 1.0, 1.0, 1.0, 1.0, 1.0, 1.0, 1.0, 1.0, 1.0, 1.0, 1.0, 1.0, 1.0, 1.0, 1.0, 1.0, 1.0, 1.0, 1.0, 1.0, 1.0, 1.0, 1.0, 1.0, 1.0, 1.0, 1.0, 1.0, 1.0, 1.0, 1.0, 1.0, 1.0, 1.0, 1.0, 1.0, 1.0, 1.0, 1.0, 1.0, 1.0, 1.0, 1.0, 1.0, 1.0, 1.0, 1.0, 1.0, 1.0, 1.0, 1.0, 1.0, 1.0, 1.0, 1.0, 1.0, 1.0, 1.0, 1.0, 1.0, 1.0, 1.0, 1.0, 1.0, 1.0, 1.0, 1.0, 1.0]",COMPLETE
