,number,value,datetime_start,datetime_complete,duration,params_batch_size_scaler,params_constant_learning_rate,params_depth,params_epochs,params_kernel_l2,params_num_trees,params_temperature,user_attrs_accuracy_test,user_attrs_accuracy_valid,user_attrs_approximate_feature_sparsity,user_attrs_approximate_feature_sparsity_history,user_attrs_approximate_weight_sparsity,user_attrs_approximate_weight_sparsity_history,user_attrs_auc_test,user_attrs_auc_valid,user_attrs_feature_sparsity,user_attrs_feature_sparsity_history,user_attrs_num_epochs,user_attrs_val_loss_history,user_attrs_weight_sparsity,user_attrs_weight_sparsity_history,state
156,156,0.6088418286509255,2024-08-31 07:51:46.366473,2024-08-31 07:53:17.129946,0 days 00:01:30.763473,64,0.43916280066015895,4,490,0.6342776865995735,52,0.010770970695735403,0.859,0.85875,1,"[33, 33, 33, 33, 33, 33, 33, 33, 33, 33, 33, 33, 33, 33, 33, 33, 33, 33, 33, 33, 33, 31, 21, 16, 9, 6, 5, 4, 3, 3, 3, 2, 2, 2, 2, 2, 2, 2, 2, 2, 2, 2, 2, 2, 2, 2, 2, 2, 2, 2, 2, 2, 2, 2, 2, 2, 2, 2, 2, 2, 2, 2, 2, 1, 1, 1, 1, 1, 1, 1, 1, 1, 1, 1, 1, 1, 1, 1, 1, 1, 1, 1, 1, 1, 1, 1, 1, 1, 1, 1, 1, 1, 1, 1, 1, 1, 1, 1, 1, 1, 1, 1, 1, 1, 1, 1, 1, 1, 1, 1, 1, 1, 1, 1, 1, 1, 1, 1, 1, 1, 1, 1, 1, 1, 1, 1, 1, 1, 1, 1, 1, 1, 1, 1, 1, 1, 1, 1, 1, 1, 1, 1, 1, 1, 1, 1, 1, 1, 1, 1, 1, 1, 1, 1, 1, 1, 1, 1, 1, 1, 1, 1, 1, 1, 1, 1, 1, 1, 1, 1, 1, 1, 1, 1, 1, 1, 1, 1, 1, 1, 1, 1, 1, 1, 1, 1, 1, 1, 1, 1, 1, 1, 1, 1, 1, 1, 1, 1, 1, 1, 1, 1, 1, 1, 1, 1, 1, 1, 1, 1, 1, 1, 1, 1, 1, 1, 1, 1, 1, 1, 1, 1, 1, 1, 1, 1, 1, 1, 1, 1, 1, 1, 1, 1, 1, 1, 1, 1, 1, 1, 1, 1, 1, 1, 1, 1, 1, 1, 1, 1, 1, 1, 1, 1, 1, 1, 1, 1, 1, 1, 1, 1, 1, 1, 1, 1, 1, 1, 1, 1, 1, 1, 1, 1, 1, 1, 1, 1, 1, 1, 1, 1, 1, 1, 1, 1, 1, 1, 1, 1, 1, 1, 1, 1, 1, 1, 1, 1, 1, 1, 1, 1, 1, 1, 1, 1, 1, 1, 1, 1, 1, 1, 1, 1, 1, 1, 1, 1, 1, 1, 1, 1, 1, 1, 1, 1, 1, 1, 1, 1, 1, 1, 1, 1, 1, 1, 1, 1, 1, 1, 1, 1, 1, 1, 1, 1, 1, 1, 1, 1, 1, 1, 1, 1, 1, 1, 1, 1, 1, 1, 1, 1, 1, 1, 1, 1, 1, 1, 1, 1, 1, 1, 1, 1, 1, 1, 1, 1, 1, 1, 1, 1, 1, 1, 1, 1, 1, 1, 1, 1, 1, 1, 1, 1, 1, 1, 1, 1, 1, 1, 1, 1, 1, 1, 1, 1, 1, 1, 1, 1, 1, 1, 1, 1, 1, 1, 1, 1, 1, 1, 1, 1, 1, 1, 1, 1, 1, 1, 1, 1, 1, 1, 1, 1, 1, 1, 1, 1, 1, 1, 1, 1, 1, 1, 1, 1, 1, 1, 1, 1, 1, 1, 1, 1, 1, 1, 1, 1, 1, 1, 1, 1, 1, 1, 1, 1, 1, 1, 1, 1, 1, 1, 1, 1, 1, 1, 1, 1, 1, 1, 1, 1, 1, 1, 1, 1, 1, 1, 1, 1]",0.9974358974358974,"[32.95897435897436, 32.95641025641026, 32.95769230769231, 32.95128205128205, 32.947435897435895, 32.960256410256406, 32.960256410256406, 32.96410256410256, 32.965384615384615, 32.96666666666667, 32.965384615384615, 32.96025641025641, 32.95897435897436, 32.949999999999996, 32.952564102564104, 32.96153846153846, 32.94871794871795, 32.96153846153847, 32.955128205128204, 32.94615384615385, 32.96410256410256, 30.95897435897436, 20.975641025641025, 15.97051282051282, 8.985897435897435, 5.991025641025641, 4.98974358974359, 3.994871794871795, 2.9935897435897436, 2.9987179487179487, 2.996153846153846, 1.9974358974358974, 1.9987179487179487, 1.9987179487179487, 1.9987179487179487, 1.9974358974358974, 1.9987179487179487, 1.9987179487179487, 1.9961538461538462, 1.9987179487179487, 1.9987179487179487, 1.9974358974358974, 1.994871794871795, 1.9961538461538462, 1.9987179487179487, 1.9961538461538462, 1.9961538461538462, 1.9961538461538462, 2.0, 2.0, 1.9987179487179487, 1.9987179487179487, 1.9987179487179487, 1.9987179487179487, 2.0, 1.9987179487179487, 1.9974358974358974, 1.9923076923076923, 1.9961538461538462, 1.9961538461538462, 1.9987179487179487, 1.9974358974358974, 1.9961538461538462, 1.0, 0.9987179487179487, 0.9987179487179487, 1.0, 1.0, 0.9987179487179487, 0.9987179487179487, 1.0, 1.0, 0.9987179487179487, 0.9974358974358974, 1.0, 0.9987179487179487, 0.9987179487179487, 1.0, 0.9987179487179487, 1.0, 1.0, 0.9987179487179487, 0.9974358974358974, 0.9987179487179487, 0.9987179487179487, 1.0, 1.0, 0.9974358974358974, 1.0, 0.9974358974358974, 1.0, 0.9974358974358974, 0.9987179487179487, 0.9974358974358974, 0.9987179487179487, 1.0, 0.9974358974358974, 1.0, 1.0, 0.9974358974358974, 0.9987179487179487, 0.9987179487179487, 0.9974358974358974, 0.9974358974358974, 0.9961538461538462, 0.9948717948717949, 0.9987179487179487, 1.0, 1.0, 0.9987179487179487, 0.9987179487179487, 1.0, 1.0, 1.0, 0.9987179487179487, 0.9974358974358974, 0.9987179487179487, 1.0, 1.0, 1.0, 0.9974358974358974, 0.9974358974358974, 0.9987179487179487, 0.9987179487179487, 0.9987179487179487, 1.0, 1.0, 0.9987179487179487, 0.9987179487179487, 0.9987179487179487, 0.9987179487179487, 0.9987179487179487, 0.9987179487179487, 1.0, 1.0, 1.0, 1.0, 1.0, 1.0, 1.0, 1.0, 0.9974358974358974, 1.0, 1.0, 0.9974358974358974, 0.9974358974358974, 0.9974358974358974, 0.9974358974358974, 0.9974358974358974, 0.9961538461538462, 0.9974358974358974, 0.9987179487179487, 1.0, 0.9987179487179487, 0.9987179487179487, 0.9987179487179487, 0.9987179487179487, 0.9987179487179487, 0.9987179487179487, 1.0, 1.0, 1.0, 1.0, 1.0, 0.9987179487179487, 1.0, 1.0, 1.0, 1.0, 0.9974358974358974, 0.9987179487179487, 1.0, 0.9974358974358974, 1.0, 1.0, 0.9987179487179487, 1.0, 1.0, 0.9974358974358974, 0.9974358974358974, 0.9974358974358974, 0.9974358974358974, 0.9974358974358974, 0.9961538461538462, 0.9974358974358974, 0.9987179487179487, 0.9987179487179487, 0.9987179487179487, 0.9987179487179487, 0.9974358974358974, 0.9961538461538462, 0.9961538461538462, 0.9974358974358974, 0.9948717948717949, 0.9974358974358974, 0.9961538461538462, 0.9987179487179487, 0.9961538461538462, 0.9974358974358974, 0.9974358974358974, 0.9961538461538462, 0.9987179487179487, 0.9987179487179487, 0.9987179487179487, 0.9987179487179487, 0.9987179487179487, 0.9987179487179487, 0.9974358974358974, 1.0, 0.9987179487179487, 0.9987179487179487, 0.9987179487179487, 0.9987179487179487, 0.9987179487179487, 0.9974358974358974, 0.9974358974358974, 0.9974358974358974, 0.9961538461538462, 0.9961538461538462, 0.9987179487179487, 0.9987179487179487, 0.9987179487179487, 0.9987179487179487, 1.0, 0.9987179487179487, 0.9987179487179487, 0.9987179487179487, 1.0, 0.9961538461538462, 0.9961538461538462, 0.9974358974358974, 0.9987179487179487, 0.9987179487179487, 0.9974358974358974, 0.9987179487179487, 1.0, 1.0, 1.0, 0.9987179487179487, 0.9987179487179487, 1.0, 1.0, 1.0, 1.0, 1.0, 1.0, 1.0, 1.0, 0.9987179487179487, 0.9987179487179487, 1.0, 1.0, 0.9974358974358974, 0.9974358974358974, 0.9974358974358974, 0.9948717948717949, 0.9961538461538462, 0.9987179487179487, 0.9961538461538462, 1.0, 1.0, 1.0, 1.0, 1.0, 0.9974358974358974, 0.9974358974358974, 0.9987179487179487, 0.9987179487179487, 0.9974358974358974, 0.9974358974358974, 0.9974358974358974, 1.0, 1.0, 0.9974358974358974, 0.9974358974358974, 0.9974358974358974, 0.9974358974358974, 0.9987179487179487, 0.9974358974358974, 0.9987179487179487, 0.9987179487179487, 0.9987179487179487, 0.9987179487179487, 0.9987179487179487, 0.9987179487179487, 0.9987179487179487, 1.0, 1.0, 1.0, 1.0, 1.0, 1.0, 1.0, 1.0, 1.0, 1.0, 1.0, 1.0, 1.0, 0.9987179487179487, 0.9987179487179487, 0.9987179487179487, 0.9987179487179487, 0.9987179487179487, 0.9987179487179487, 1.0, 0.9987179487179487, 1.0, 1.0, 1.0, 1.0, 0.9987179487179487, 1.0, 1.0, 1.0, 0.9987179487179487, 1.0, 1.0, 0.9987179487179487, 0.9987179487179487, 1.0, 0.9987179487179487, 0.9987179487179487, 0.9974358974358974, 0.9974358974358974, 0.9987179487179487, 1.0, 1.0, 1.0, 0.9987179487179487, 0.9987179487179487, 0.9987179487179487, 0.9987179487179487, 0.9987179487179487, 1.0, 1.0, 1.0, 1.0, 1.0, 1.0, 1.0, 1.0, 1.0, 1.0, 1.0, 1.0, 1.0, 1.0, 0.9987179487179487, 0.9987179487179487, 0.9987179487179487, 0.9987179487179487, 0.9987179487179487, 1.0, 0.9987179487179487, 1.0, 1.0, 0.9974358974358974, 0.9974358974358974, 0.9974358974358974, 0.9974358974358974, 0.9974358974358974, 0.9987179487179487, 0.9987179487179487, 1.0, 1.0, 1.0, 1.0, 1.0, 1.0, 1.0, 1.0, 1.0, 0.9987179487179487, 0.9987179487179487, 1.0, 0.9987179487179487, 1.0, 0.9987179487179487, 0.9987179487179487, 0.9987179487179487, 0.9987179487179487, 0.9987179487179487, 0.9987179487179487, 0.9987179487179487, 1.0, 1.0, 0.9987179487179487, 1.0, 0.9987179487179487, 0.9987179487179487, 0.9987179487179487, 0.9987179487179487, 1.0, 1.0, 1.0, 1.0, 1.0, 1.0, 1.0, 1.0, 1.0, 1.0, 1.0, 1.0, 0.9987179487179487, 0.9987179487179487, 0.9987179487179487, 1.0, 1.0, 1.0, 1.0, 1.0, 0.9987179487179487, 0.9987179487179487, 0.9987179487179487, 0.9987179487179487, 0.9987179487179487, 0.9987179487179487, 0.9987179487179487, 0.9987179487179487, 0.9974358974358974, 0.9974358974358974, 0.9987179487179487, 0.9987179487179487, 0.9987179487179487, 0.9987179487179487, 0.9987179487179487, 0.9987179487179487, 1.0, 1.0, 1.0, 1.0, 0.9987179487179487, 0.9987179487179487, 0.9987179487179487, 0.9987179487179487, 0.9987179487179487, 0.9974358974358974, 0.9974358974358974, 0.9974358974358974, 0.9974358974358974, 0.9974358974358974, 0.9974358974358974, 0.9974358974358974, 1.0, 0.9987179487179487, 0.9987179487179487, 0.9987179487179487, 1.0, 1.0, 1.0, 1.0, 1.0, 1.0, 1.0, 1.0, 1.0, 1.0, 1.0, 1.0, 1.0, 1.0, 1.0, 1.0, 1.0, 1.0, 1.0, 1.0, 1.0, 1.0, 1.0, 1.0, 1.0, 1.0, 1.0, 1.0, 1.0, 1.0, 1.0, 1.0, 0.9987179487179487, 0.9987179487179487, 0.9987179487179487, 0.9987179487179487, 0.9987179487179487, 0.9987179487179487, 0.9987179487179487, 0.9974358974358974, 0.9974358974358974]",0.6144865793145584,0.6088418286509255,1,"[33, 33, 33, 33, 33, 33, 33, 33, 33, 33, 33, 33, 33, 33, 33, 33, 33, 33, 33, 33, 33, 31, 21, 16, 9, 6, 5, 4, 3, 3, 3, 2, 2, 2, 2, 2, 2, 2, 2, 2, 2, 2, 2, 2, 2, 2, 2, 2, 2, 2, 2, 2, 2, 2, 2, 2, 2, 2, 2, 2, 2, 2, 2, 1, 1, 1, 1, 1, 1, 1, 1, 1, 1, 1, 1, 1, 1, 1, 1, 1, 1, 1, 1, 1, 1, 1, 1, 1, 1, 1, 1, 1, 1, 1, 1, 1, 1, 1, 1, 1, 1, 1, 1, 1, 1, 1, 1, 1, 1, 1, 1, 1, 1, 1, 1, 1, 1, 1, 1, 1, 1, 1, 1, 1, 1, 1, 1, 1, 1, 1, 1, 1, 1, 1, 1, 1, 1, 1, 1, 1, 1, 1, 1, 1, 1, 1, 1, 1, 1, 1, 1, 1, 1, 1, 1, 1, 1, 1, 1, 1, 1, 1, 1, 1, 1, 1, 1, 1, 1, 1, 1, 1, 1, 1, 1, 1, 1, 1, 1, 1, 1, 1, 1, 1, 1, 1, 1, 1, 1, 1, 1, 1, 1, 1, 1, 1, 1, 1, 1, 1, 1, 1, 1, 1, 1, 1, 1, 1, 1, 1, 1, 1, 1, 1, 1, 1, 1, 1, 1, 1, 1, 1, 1, 1, 1, 1, 1, 1, 1, 1, 1, 1, 1, 1, 1, 1, 1, 1, 1, 1, 1, 1, 1, 1, 1, 1, 1, 1, 1, 1, 1, 1, 1, 1, 1, 1, 1, 1, 1, 1, 1, 1, 1, 1, 1, 1, 1, 1, 1, 1, 1, 1, 1, 1, 1, 1, 1, 1, 1, 1, 1, 1, 1, 1, 1, 1, 1, 1, 1, 1, 1, 1, 1, 1, 1, 1, 1, 1, 1, 1, 1, 1, 1, 1, 1, 1, 1, 1, 1, 1, 1, 1, 1, 1, 1, 1, 1, 1, 1, 1, 1, 1, 1, 1, 1, 1, 1, 1, 1, 1, 1, 1, 1, 1, 1, 1, 1, 1, 1, 1, 1, 1, 1, 1, 1, 1, 1, 1, 1, 1, 1, 1, 1, 1, 1, 1, 1, 1, 1, 1, 1, 1, 1, 1, 1, 1, 1, 1, 1, 1, 1, 1, 1, 1, 1, 1, 1, 1, 1, 1, 1, 1, 1, 1, 1, 1, 1, 1, 1, 1, 1, 1, 1, 1, 1, 1, 1, 1, 1, 1, 1, 1, 1, 1, 1, 1, 1, 1, 1, 1, 1, 1, 1, 1, 1, 1, 1, 1, 1, 1, 1, 1, 1, 1, 1, 1, 1, 1, 1, 1, 1, 1, 1, 1, 1, 1, 1, 1, 1, 1, 1, 1, 1, 1, 1, 1, 1, 1, 1, 1, 1, 1, 1, 1, 1, 1, 1, 1, 1, 1, 1, 1, 1, 1, 1, 1, 1, 1, 1, 1, 1, 1, 1, 1, 1, 1, 1, 1, 1, 1, 1, 1, 1, 1, 1, 1, 1, 1, 1, 1]",490,"[0.45392218232154846, 0.4486028552055359, 0.4479755461215973, 0.44095003604888916, 0.43671244382858276, 0.43454280495643616, 0.43236368894577026, 0.4296761453151703, 0.42857125401496887, 0.4266989231109619, 0.42576780915260315, 0.423483669757843, 0.4234069883823395, 0.42073294520378113, 0.4197007715702057, 0.41852614283561707, 0.41716158390045166, 0.41626253724098206, 0.4153205156326294, 0.41446414589881897, 0.41363847255706787, 0.4095511734485626, 0.4025016129016876, 0.3954910337924957, 0.38500773906707764, 0.38598307967185974, 0.38345181941986084, 0.3866483271121979, 0.3862074911594391, 0.38598519563674927, 0.3857692778110504, 0.3886776864528656, 0.39000657200813293, 0.3875504732131958, 0.3899025022983551, 0.38642561435699463, 0.3878132998943329, 0.3852422833442688, 0.38565197587013245, 0.3846806287765503, 0.3843615651130676, 0.38374078273773193, 0.38359373807907104, 0.38337528705596924, 0.382948100566864, 0.38266241550445557, 0.38279789686203003, 0.38227519392967224, 0.3820304870605469, 0.38184601068496704, 0.3818371891975403, 0.3816177248954773, 0.381338894367218, 0.3828055262565613, 0.3813468813896179, 0.3813033998012543, 0.3811751902103424, 0.3803853988647461, 0.3808213770389557, 0.38027018308639526, 0.3799225091934204, 0.37982121109962463, 0.3797042965888977, 0.39534223079681396, 0.3956419825553894, 0.3944989740848541, 0.39494210481643677, 0.3944793939590454, 0.39467698335647583, 0.3940366506576538, 0.39423292875289917, 0.39588606357574463, 0.39399683475494385, 0.3942773938179016, 0.39395400881767273, 0.39338669180870056, 0.3940199315547943, 0.3931303918361664, 0.3934338688850403, 0.3931486904621124, 0.3928605914115906, 0.3931204080581665, 0.39283788204193115, 0.39254534244537354, 0.39246097207069397, 0.3924262523651123, 0.3925503194332123, 0.39233317971229553, 0.39256131649017334, 0.39302799105644226, 0.39205509424209595, 0.3919442296028137, 0.391986608505249, 0.39187708497047424, 0.3922092914581299, 0.3922695815563202, 0.3915746808052063, 0.39286476373672485, 0.3914816975593567, 0.3912992477416992, 0.39140820503234863, 0.3912094235420227, 0.3917359411716461, 0.3911368250846863, 0.3912414312362671, 0.39209213852882385, 0.3911157250404358, 0.3917880356311798, 0.3907105326652527, 0.39099636673927307, 0.3905845284461975, 0.3905622959136963, 0.39051949977874756, 0.39145731925964355, 0.3904126286506653, 0.39038729667663574, 0.3903430700302124, 0.3908870816230774, 0.3902616798877716, 0.39044514298439026, 0.3913262188434601, 0.3901921212673187, 0.39025384187698364, 0.39053109288215637, 0.3901391923427582, 0.390163779258728, 0.3914209306240082, 0.39030972123146057, 0.39155974984169006, 0.39007583260536194, 0.3896966874599457, 0.3903549909591675, 0.38996753096580505, 0.38955679535865784, 0.38962945342063904, 0.38954588770866394, 0.38959813117980957, 0.38942277431488037, 0.3894018828868866, 0.38938796520233154, 0.38929736614227295, 0.3893395960330963, 0.38925057649612427, 0.3894486129283905, 0.3898470401763916, 0.3891972601413727, 0.3895244896411896, 0.390206903219223, 0.3895665109157562, 0.38902342319488525, 0.3894195258617401, 0.38899531960487366, 0.38904112577438354, 0.390717476606369, 0.3921807110309601, 0.38891762495040894, 0.3889652192592621, 0.3892444372177124, 0.3894408345222473, 0.3892034888267517, 0.38942092657089233, 0.38929983973503113, 0.39010947942733765, 0.3895920217037201, 0.38890740275382996, 0.3886052966117859, 0.38878482580184937, 0.388649582862854, 0.3886701464653015, 0.39026105403900146, 0.3889206647872925, 0.3895149230957031, 0.38884884119033813, 0.38850662112236023, 0.3893246352672577, 0.39001449942588806, 0.38844799995422363, 0.3884502649307251, 0.3884083032608032, 0.388572096824646, 0.3893558382987976, 0.38898101449012756, 0.3889473080635071, 0.390414834022522, 0.38997089862823486, 0.38854342699050903, 0.3888360857963562, 0.38875460624694824, 0.389293372631073, 0.38895687460899353, 0.3902382254600525, 0.3888724148273468, 0.3881925940513611, 0.3894544541835785, 0.3881777226924896, 0.39011529088020325, 0.3884228467941284, 0.3883601427078247, 0.3880797326564789, 0.39007577300071716, 0.3909167945384979, 0.391061007976532, 0.38805094361305237, 0.38802117109298706, 0.3882424831390381, 0.3880923390388489, 0.38823744654655457, 0.3880411386489868, 0.3881886601448059, 0.38828954100608826, 0.3880225718021393, 0.3880106806755066, 0.3880701959133148, 0.3883495628833771, 0.3879750072956085, 0.3879108726978302, 0.38798999786376953, 0.3879205286502838, 0.3878920376300812, 0.3890211582183838, 0.3880302309989929, 0.38823479413986206, 0.3887684941291809, 0.38784027099609375, 0.3879021406173706, 0.38786038756370544, 0.3878026604652405, 0.3888653814792633, 0.38863492012023926, 0.387928307056427, 0.3877783715724945, 0.38800525665283203, 0.38794371485710144, 0.3890225887298584, 0.38783499598503113, 0.38789188861846924, 0.3880777060985565, 0.3881691098213196, 0.39062967896461487, 0.38816606998443604, 0.38964757323265076, 0.38919582962989807, 0.3876835107803345, 0.38768327236175537, 0.3876975178718567, 0.38764336705207825, 0.38866230845451355, 0.38806307315826416, 0.3883898854255676, 0.38769495487213135, 0.3887569308280945, 0.3876246213912964, 0.3880261480808258, 0.38766124844551086, 0.3877263367176056, 0.3875836431980133, 0.387534499168396, 0.38759055733680725, 0.3887050747871399, 0.3875168561935425, 0.3876301646232605, 0.38809341192245483, 0.38901737332344055, 0.3875052332878113, 0.38824641704559326, 0.3874565064907074, 0.3878888189792633, 0.3875001072883606, 0.38751551508903503, 0.38761183619499207, 0.38912877440452576, 0.387465238571167, 0.38745707273483276, 0.38767340779304504, 0.3873961269855499, 0.3878988027572632, 0.3879525065422058, 0.38791903853416443, 0.3874242901802063, 0.3879256844520569, 0.38736680150032043, 0.3878074884414673, 0.38738077878952026, 0.38783472776412964, 0.38775646686553955, 0.38785040378570557, 0.38791194558143616, 0.38790661096572876, 0.38831061124801636, 0.38741061091423035, 0.38734009861946106, 0.3873403072357178, 0.38807305693626404, 0.38734176754951477, 0.3874545395374298, 0.3881515860557556, 0.3873014748096466, 0.3877013325691223, 0.3875740170478821, 0.387376606464386, 0.38833117485046387, 0.3873487710952759, 0.3872707784175873, 0.3888087868690491, 0.38783109188079834, 0.38826265931129456, 0.3875015377998352, 0.38726699352264404, 0.38767921924591064, 0.3872242867946625, 0.38787394762039185, 0.38862335681915283, 0.3894682824611664, 0.3879328966140747, 0.3872074782848358, 0.3877731263637543, 0.3871897757053375, 0.387180894613266, 0.387704461812973, 0.38716644048690796, 0.3871997594833374, 0.3877200782299042, 0.38720130920410156, 0.3871740996837616, 0.3873034715652466, 0.38735952973365784, 0.3878878355026245, 0.3873661458492279, 0.38741952180862427, 0.38710126280784607, 0.3871119022369385, 0.3875492215156555, 0.3874276876449585, 0.3882349133491516, 0.3871513605117798, 0.38740694522857666, 0.38706210255622864, 0.38705992698669434, 0.3872453570365906, 0.38705116510391235, 0.3870464265346527, 0.3872312605381012, 0.38733232021331787, 0.3872709274291992, 0.3887227773666382, 0.38707396388053894, 0.38702714443206787, 0.3875759243965149, 0.38704144954681396, 0.3870445489883423, 0.387154221534729, 0.386992871761322, 0.38864296674728394, 0.3877555727958679, 0.3882121741771698, 0.38701802492141724, 0.387508362531662, 0.3880918622016907, 0.3878767490386963, 0.3871065378189087, 0.3880566358566284, 0.38741081953048706, 0.38738250732421875, 0.38693103194236755, 0.3870238959789276, 0.38707369565963745, 0.3869924247264862, 0.38691475987434387, 0.38697174191474915, 0.387179970741272, 0.387117475271225, 0.3869156539440155, 0.38693273067474365, 0.386983722448349, 0.3870561718940735, 0.3871215581893921, 0.38797706365585327, 0.38705918192863464, 0.3882755637168884, 0.3869718909263611, 0.38686293363571167, 0.38800621032714844, 0.3869255483150482, 0.3870275020599365, 0.3868480622768402, 0.38754719495773315, 0.38724398612976074, 0.39061439037323, 0.38726574182510376, 0.386976420879364, 0.3868342638015747, 0.38687923550605774, 0.3868257999420166, 0.3870829641819, 0.38868558406829834, 0.3871058523654938, 0.38679763674736023, 0.3894513249397278, 0.3878308832645416, 0.38689127564430237, 0.38769450783729553, 0.3869786858558655, 0.38843634724617004, 0.3886169493198395, 0.3869307041168213, 0.3868948221206665, 0.3870741128921509, 0.38705480098724365, 0.3869958817958832, 0.38707435131073, 0.3868660628795624, 0.38677719235420227, 0.38714590668678284, 0.3868078291416168, 0.3869301676750183, 0.38696184754371643, 0.38699281215667725, 0.3882524073123932, 0.3868193030357361, 0.3870452046394348, 0.38669124245643616, 0.3867281973361969, 0.38670387864112854, 0.38711100816726685, 0.387610524892807, 0.3866734206676483, 0.38672393560409546, 0.38685286045074463, 0.38685667514801025, 0.38678738474845886, 0.3866560757160187, 0.3871326446533203, 0.38879603147506714, 0.38664376735687256, 0.38663867115974426, 0.38790616393089294, 0.39013874530792236, 0.3892391324043274, 0.3872620463371277, 0.38665255904197693, 0.38682788610458374, 0.38685280084609985, 0.3874768316745758, 0.38686007261276245, 0.38660889863967896, 0.38703155517578125, 0.3867377042770386, 0.3865916132926941, 0.38665398955345154, 0.3874499797821045, 0.3869040608406067, 0.3867933750152588, 0.3882646858692169, 0.38775894045829773, 0.3865761160850525, 0.386643648147583, 0.3865911364555359, 0.38662225008010864, 0.38664886355400085, 0.38688981533050537, 0.38692837953567505, 0.3865700662136078, 0.38682785630226135, 0.3877263367176056, 0.38656821846961975, 0.38653048872947693, 0.3889211416244507, 0.3876623809337616, 0.38661420345306396, 0.3868093192577362, 0.38651642203330994, 0.38659724593162537, 0.3867845833301544, 0.38654106855392456, 0.38655558228492737, 0.3865465521812439, 0.38650286197662354, 0.3865160644054413, 0.38664501905441284, 0.38736099004745483, 0.3868612051010132, 0.38660115003585815, 0.3865847885608673, 0.3865872323513031, 0.3866788148880005, 0.3869718313217163, 0.38791829347610474, 0.38647139072418213, 0.3870343863964081, 0.3878172039985657]",1.0,"[33.0, 33.0, 33.0, 33.0, 33.0, 33.0, 33.0, 33.0, 33.0, 33.0, 33.0, 33.0, 33.0, 33.0, 33.0, 33.0, 33.0, 33.0, 33.0, 33.0, 33.0, 31.0, 21.0, 16.0, 9.0, 6.0, 5.0, 4.0, 3.0, 3.0, 3.0, 2.0, 2.0, 2.0, 2.0, 2.0, 2.0, 2.0, 2.0, 2.0, 2.0, 2.0, 2.0, 2.0, 2.0, 2.0, 2.0, 2.0, 2.0, 2.0, 2.0, 2.0, 2.0, 2.0, 2.0, 2.0, 2.0, 2.0, 2.0, 2.0, 2.0, 2.0, 2.0, 1.0, 1.0, 1.0, 1.0, 1.0, 1.0, 1.0, 1.0, 1.0, 1.0, 1.0, 1.0, 1.0, 1.0, 1.0, 1.0, 1.0, 1.0, 1.0, 1.0, 1.0, 1.0, 1.0, 1.0, 1.0, 1.0, 1.0, 1.0, 1.0, 1.0, 1.0, 1.0, 1.0, 1.0, 1.0, 1.0, 1.0, 1.0, 1.0, 1.0, 1.0, 1.0, 1.0, 1.0, 1.0, 1.0, 1.0, 1.0, 1.0, 1.0, 1.0, 1.0, 1.0, 1.0, 1.0, 1.0, 1.0, 1.0, 1.0, 1.0, 1.0, 1.0, 1.0, 1.0, 1.0, 1.0, 1.0, 1.0, 1.0, 1.0, 1.0, 1.0, 1.0, 1.0, 1.0, 1.0, 1.0, 1.0, 1.0, 1.0, 1.0, 1.0, 1.0, 1.0, 1.0, 1.0, 1.0, 1.0, 1.0, 1.0, 1.0, 1.0, 1.0, 1.0, 1.0, 1.0, 1.0, 1.0, 1.0, 1.0, 1.0, 1.0, 1.0, 1.0, 1.0, 1.0, 1.0, 1.0, 1.0, 1.0, 1.0, 1.0, 1.0, 1.0, 1.0, 1.0, 1.0, 1.0, 1.0, 1.0, 1.0, 1.0, 1.0, 1.0, 1.0, 1.0, 1.0, 1.0, 1.0, 1.0, 1.0, 1.0, 1.0, 1.0, 1.0, 1.0, 1.0, 1.0, 1.0, 1.0, 1.0, 1.0, 1.0, 1.0, 1.0, 1.0, 1.0, 1.0, 1.0, 1.0, 1.0, 1.0, 1.0, 1.0, 1.0, 1.0, 1.0, 1.0, 1.0, 1.0, 1.0, 1.0, 1.0, 1.0, 1.0, 1.0, 1.0,