,number,value,datetime_start,datetime_complete,duration,params_batch_size_scaler,params_constant_learning_rate,params_depth,params_epochs,params_kernel_l2,params_num_trees,params_temperature,user_attrs_accuracy_test,user_attrs_accuracy_valid,user_attrs_approximate_feature_sparsity,user_attrs_approximate_feature_sparsity_history,user_attrs_approximate_weight_sparsity,user_attrs_approximate_weight_sparsity_history,user_attrs_auc_test,user_attrs_auc_valid,user_attrs_feature_sparsity,user_attrs_feature_sparsity_history,user_attrs_num_epochs,user_attrs_val_loss_history,user_attrs_weight_sparsity,user_attrs_weight_sparsity_history,state
99,99,0.9216421275006118,2024-08-31 04:43:45.777437,2024-08-31 04:48:25.412279,0 days 00:04:39.634842,1,0.20505885891516226,4,435,0.008534561025551703,5,0.023538527106500753,0.949,0.9525,17,"[26, 23, 21, 21, 20, 19, 17, 17, 17, 17, 17, 17, 17, 17, 17, 17, 17, 17, 17, 17, 17, 17, 17, 17, 17, 17, 17, 17, 17, 17, 17, 17, 17, 17, 17, 17, 17, 17, 17, 17, 17, 17, 17, 17, 17, 17, 17, 17, 17, 17, 17, 17, 17, 17, 17, 17, 17, 17, 17, 17, 17, 17, 17, 17, 17, 17, 17, 17, 17, 17, 17, 17, 17, 17, 17, 17, 17, 17, 17, 17, 17, 17, 17, 17, 17, 17, 17, 17, 17, 17, 17, 17, 17, 17, 17, 17, 17, 17, 17, 17, 17, 17, 17, 17, 17, 17, 17, 17, 17, 17, 17, 17, 17, 17, 17, 17, 17, 17, 17, 17, 17, 17, 17, 17, 17, 17, 17, 17, 17, 17, 17, 17, 17, 17, 17, 17, 17, 17, 17, 17, 17, 17, 17, 17, 17, 17, 17, 17, 17, 17, 17, 17, 17, 17, 17, 17, 17, 17, 17, 17, 17, 17, 17, 17, 17, 17, 17, 17, 17, 17, 17, 17, 17, 17, 17, 17, 17, 17, 17, 17, 17, 17, 17, 17, 17, 17, 17, 17, 17, 17, 17, 17, 17, 17, 17, 17, 17, 17, 17, 17, 17, 17, 17, 17, 17, 17, 17, 17, 17, 17, 17, 17, 17, 17, 17, 17, 17, 17, 17, 17, 17, 17, 17, 17, 17, 17, 17, 17, 17, 17, 17, 17, 17, 17, 17, 17, 17, 17, 17, 17, 17, 17, 17, 17, 17, 17, 17, 17, 17, 17, 17, 17, 17, 17, 17, 17, 17, 17, 17, 17, 17, 17, 17, 17, 17, 17, 17, 17, 17, 17, 17, 17, 17, 17, 17, 17, 17, 17, 17, 17, 17, 17, 17, 17, 17, 17, 17, 17, 17, 17, 17, 17, 17, 17, 17, 17, 17, 17, 17, 17, 17, 17, 17, 17, 17, 17, 17, 17, 17, 17, 17, 17, 17, 17, 17, 17, 17, 17, 17, 17, 17, 17, 17, 17, 17, 17, 17, 17, 17, 17, 17, 17, 17, 17, 17, 17, 17, 17, 17, 17, 17, 17, 17, 17, 17, 17, 17, 17, 17, 17, 17, 17, 17, 17, 17, 17, 17, 17, 17, 17, 17, 17, 17, 17, 17, 17, 17, 17, 17, 17, 17, 17, 17, 17, 17, 17, 17, 17, 17, 17, 17, 17, 17, 17, 17, 17, 17, 17, 17, 17, 17, 17, 17, 17, 17, 17, 17, 17, 17, 17, 17, 17, 17, 17, 17, 17, 17, 17, 17, 17, 17, 17, 17, 17, 17, 17, 17, 17, 17, 17, 17, 17, 17, 17, 17, 17, 17, 17, 17, 17, 17, 17, 17, 17, 17]",17.0,"[25.986666666666665, 23.0, 20.96, 20.986666666666665, 20.0, 19.0, 17.0, 16.973333333333333, 16.973333333333333, 17.0, 17.0, 17.0, 16.986666666666665, 17.0, 16.986666666666665, 17.0, 17.0, 16.973333333333333, 16.973333333333333, 17.0, 16.96, 16.986666666666665, 16.973333333333333, 17.0, 16.986666666666665, 17.0, 17.0, 16.986666666666665, 16.986666666666665, 17.0, 17.0, 16.973333333333333, 17.0, 17.0, 17.0, 17.0, 17.0, 17.0, 16.986666666666665, 16.986666666666665, 17.0, 16.986666666666665, 16.986666666666665, 16.986666666666665, 16.986666666666665, 17.0, 17.0, 17.0, 16.986666666666665, 17.0, 16.986666666666665, 17.0, 17.0, 17.0, 17.0, 16.986666666666665, 16.973333333333333, 16.973333333333333, 16.973333333333333, 17.0, 17.0, 17.0, 17.0, 17.0, 16.946666666666665, 17.0, 16.986666666666665, 16.986666666666665, 16.986666666666665, 17.0, 16.986666666666665, 16.986666666666665, 16.986666666666668, 17.0, 17.0, 16.986666666666665, 16.986666666666665, 17.0, 16.986666666666665, 17.0, 16.986666666666665, 16.986666666666665, 16.986666666666665, 17.0, 16.986666666666665, 17.0, 17.0, 17.0, 17.0, 16.986666666666665, 16.986666666666665, 17.0, 17.0, 16.973333333333333, 17.0, 16.986666666666668, 16.986666666666665, 17.0, 17.0, 16.986666666666668, 16.986666666666665, 16.986666666666665, 16.973333333333333, 17.0, 17.0, 16.986666666666665, 16.973333333333333, 16.986666666666665, 16.973333333333333, 16.986666666666668, 17.0, 17.0, 17.0, 17.0, 16.973333333333333, 16.973333333333333, 16.986666666666665, 17.0, 17.0, 16.986666666666665, 17.0, 17.0, 16.986666666666668, 16.973333333333333, 17.0, 17.0, 17.0, 16.986666666666668, 16.986666666666665, 16.986666666666665, 16.973333333333333, 16.96, 16.933333333333334, 16.973333333333333, 16.973333333333333, 16.986666666666668, 16.986666666666665, 17.0, 17.0, 17.0, 17.0, 17.0, 17.0, 16.986666666666665, 16.986666666666665, 16.986666666666665, 17.0, 17.0, 17.0, 17.0, 17.0, 16.986666666666665, 17.0, 17.0, 17.0, 17.0, 17.0, 17.0, 17.0, 17.0, 16.986666666666665, 16.986666666666665, 16.986666666666665, 16.986666666666665, 16.973333333333333, 16.973333333333333, 16.986666666666665, 16.973333333333333, 16.986666666666665, 16.973333333333333, 16.986666666666665, 17.0, 16.986666666666665, 17.0, 16.986666666666665, 16.986666666666665, 16.986666666666665, 17.0, 16.986666666666665, 16.973333333333333, 16.973333333333333, 16.973333333333333, 16.973333333333333, 16.96, 16.96, 16.986666666666668, 17.0, 16.986666666666665, 17.0, 17.0, 17.0, 17.0, 17.0, 16.986666666666665, 17.0, 17.0, 17.0, 16.986666666666665, 16.986666666666665, 17.0, 16.986666666666665, 17.0, 16.986666666666665, 17.0, 16.986666666666665, 17.0, 17.0, 17.0, 17.0, 17.0, 17.0, 17.0, 17.0, 16.986666666666665, 16.986666666666668, 16.973333333333333, 16.986666666666665, 17.0, 16.986666666666665, 16.973333333333333, 16.986666666666665, 16.986666666666665, 17.0, 17.0, 17.0, 16.986666666666665, 17.0, 17.0, 17.0, 17.0, 16.986666666666665, 17.0, 17.0, 17.0, 17.0, 16.96, 16.986666666666665, 17.0, 16.986666666666665, 16.973333333333333, 16.973333333333333, 16.973333333333333, 16.946666666666665, 16.96, 16.973333333333333, 16.973333333333333, 16.96, 16.96, 16.986666666666665, 16.986666666666668, 16.986666666666665, 16.986666666666668, 16.973333333333333, 16.96, 16.973333333333333, 16.973333333333333, 16.973333333333333, 16.96, 16.973333333333333, 16.986666666666665, 16.986666666666665, 17.0, 16.973333333333333, 16.986666666666665, 17.0, 16.946666666666665, 16.986666666666665, 17.0, 17.0, 16.96, 16.973333333333333, 16.96, 16.973333333333333, 16.973333333333333, 16.973333333333333, 16.973333333333333, 16.973333333333333, 16.973333333333333, 17.0, 17.0, 17.0, 16.973333333333333, 16.986666666666665, 16.973333333333333, 16.986666666666665, 16.973333333333333, 17.0, 16.946666666666665, 16.946666666666665, 16.986666666666665, 17.0, 17.0, 17.0, 16.986666666666665, 17.0, 16.973333333333333, 16.933333333333334, 16.946666666666665, 16.973333333333333, 16.96, 16.973333333333333, 16.973333333333333, 16.96, 16.986666666666665, 16.986666666666665, 16.986666666666665, 16.973333333333333, 16.96, 16.986666666666665, 16.986666666666665, 16.986666666666665, 16.973333333333333, 16.946666666666665, 16.973333333333333, 16.986666666666665, 16.96, 16.946666666666665, 16.96, 17.0, 17.0, 17.0, 17.0, 16.96, 16.986666666666665, 16.973333333333333, 17.0, 16.973333333333333, 16.986666666666668, 16.973333333333333, 17.0, 17.0, 17.0, 17.0, 16.96, 16.973333333333333, 16.986666666666665, 16.946666666666665, 16.973333333333333, 16.973333333333333, 16.986666666666665, 16.96, 16.973333333333333, 16.973333333333333, 16.986666666666665, 16.973333333333333, 17.0, 17.0, 16.986666666666665, 16.973333333333333, 16.986666666666665, 16.986666666666665, 16.96, 16.973333333333333, 16.933333333333334, 16.973333333333333, 16.96, 16.946666666666665, 16.96, 16.973333333333333, 16.96, 16.96, 16.986666666666665, 16.96, 16.92, 16.933333333333334, 16.94666666666667, 16.973333333333333, 16.96, 16.973333333333333, 16.946666666666665, 16.96, 16.92, 16.96, 16.946666666666665, 16.973333333333333, 16.933333333333334, 16.946666666666665, 16.92, 16.933333333333334, 16.933333333333334, 16.946666666666665, 16.946666666666665, 16.92, 16.96, 16.946666666666665, 16.933333333333334, 16.946666666666665, 16.96, 16.946666666666665, 16.96, 16.96, 16.973333333333333, 16.96, 16.946666666666665, 16.933333333333334, 16.96, 16.973333333333333, 16.946666666666665, 16.96, 16.946666666666665, 16.946666666666665, 16.946666666666665, 16.96, 16.946666666666665, 16.946666666666665, 16.906666666666666, 16.946666666666665, 16.933333333333334, 16.96, 16.973333333333333, 16.933333333333334, 16.96, 16.96, 16.94666666666667, 16.973333333333333, 16.96, 16.946666666666665, 16.933333333333334, 16.933333333333334, 16.94666666666667, 16.92, 16.92, 16.906666666666666, 16.92, 16.96, 16.946666666666665, 16.933333333333334, 16.973333333333333, 16.973333333333333, 16.946666666666665, 16.933333333333334, 16.933333333333334, 16.986666666666665, 16.986666666666665, 17.0]",0.8805389740668267,0.9216421275006118,17,"[26, 23, 21, 21, 20, 19, 17, 17, 17, 17, 17, 17, 17, 17, 17, 17, 17, 17, 17, 17, 17, 17, 17, 17, 17, 17, 17, 17, 17, 17, 17, 17, 17, 17, 17, 17, 17, 17, 17, 17, 17, 17, 17, 17, 17, 17, 17, 17, 17, 17, 17, 17, 17, 17, 17, 17, 17, 17, 17, 17, 17, 17, 17, 17, 17, 17, 17, 17, 17, 17, 17, 17, 17, 17, 17, 17, 17, 17, 17, 17, 17, 17, 17, 17, 17, 17, 17, 17, 17, 17, 17, 17, 17, 17, 17, 17, 17, 17, 17, 17, 17, 17, 17, 17, 17, 17, 17, 17, 17, 17, 17, 17, 17, 17, 17, 17, 17, 17, 17, 17, 17, 17, 17, 17, 17, 17, 17, 17, 17, 17, 17, 17, 17, 17, 17, 17, 17, 17, 17, 17, 17, 17, 17, 17, 17, 17, 17, 17, 17, 17, 17, 17, 17, 17, 17, 17, 17, 17, 17, 17, 17, 17, 17, 17, 17, 17, 17, 17, 17, 17, 17, 17, 17, 17, 17, 17, 17, 17, 17, 17, 17, 17, 17, 17, 17, 17, 17, 17, 17, 17, 17, 17, 17, 17, 17, 17, 17, 17, 17, 17, 17, 17, 17, 17, 17, 17, 17, 17, 17, 17, 17, 17, 17, 17, 17, 17, 17, 17, 17, 17, 17, 17, 17, 17, 17, 17, 17, 17, 17, 17, 17, 17, 17, 17, 17, 17, 17, 17, 17, 17, 17, 17, 17, 17, 17, 17, 17, 17, 17, 17, 17, 17, 17, 17, 17, 17, 17, 17, 17, 17, 17, 17, 17, 17, 17, 17, 17, 17, 17, 17, 17, 17, 17, 17, 17, 17, 17, 17, 17, 17, 17, 17, 17, 17, 17, 17, 17, 17, 17, 17, 17, 17, 17, 17, 17, 17, 17, 17, 17, 17, 17, 17, 17, 17, 17, 17, 17, 17, 17, 17, 17, 17, 17, 17, 17, 17, 17, 17, 17, 17, 17, 17, 17, 17, 17, 17, 17, 17, 17, 17, 17, 17, 17, 17, 17, 17, 17, 17, 17, 17, 17, 17, 17, 17, 17, 17, 17, 17, 17, 17, 17, 17, 17, 17, 17, 17, 17, 17, 17, 17, 17, 17, 17, 17, 17, 17, 17, 17, 17, 17, 17, 17, 17, 17, 17, 17, 17, 17, 17, 17, 17, 17, 17, 17, 17, 17, 17, 17, 17, 17, 17, 17, 17, 17, 17, 17, 17, 17, 17, 17, 17, 17, 17, 17, 17, 17, 17, 17, 17, 17, 17, 17, 17, 17, 17, 17, 17, 17, 17, 17, 17, 17, 17, 17, 17, 17, 17, 17, 17, 17, 17, 17, 17, 17, 17]",435,"[0.3734670877456665, 0.3486531972885132, 0.3190183937549591, 0.29754456877708435, 0.27213212847709656, 0.25856977701187134, 0.2451813817024231, 0.23403364419937134, 0.22764936089515686, 0.22038453817367554, 0.21204033493995667, 0.20923368632793427, 0.20669059455394745, 0.20251503586769104, 0.19713355600833893, 0.19509199261665344, 0.19803974032402039, 0.19411763548851013, 0.19281218945980072, 0.1882801651954651, 0.19480574131011963, 0.18565073609352112, 0.1860012263059616, 0.18583378195762634, 0.18696200847625732, 0.1828029304742813, 0.1814466267824173, 0.182911217212677, 0.17826145887374878, 0.1810595691204071, 0.17956013977527618, 0.17903533577919006, 0.180059015750885, 0.17718294262886047, 0.17730335891246796, 0.17280839383602142, 0.17686428129673004, 0.17564713954925537, 0.17691463232040405, 0.17717556655406952, 0.17412306368350983, 0.17870064079761505, 0.17475351691246033, 0.17373067140579224, 0.17877048254013062, 0.17569126188755035, 0.17466972768306732, 0.17420834302902222, 0.17286153137683868, 0.17097784578800201, 0.170545294880867, 0.1667206585407257, 0.1734546422958374, 0.17003977298736572, 0.1732616424560547, 0.16903933882713318, 0.17528200149536133, 0.17904521524906158, 0.16580291092395782, 0.17861799895763397, 0.17203569412231445, 0.1700708419084549, 0.1690922975540161, 0.17225399613380432, 0.17073969542980194, 0.17282474040985107, 0.17124368250370026, 0.1711159497499466, 0.17016483843326569, 0.17892809212207794, 0.1821974515914917, 0.17670400440692902, 0.1685754656791687, 0.1764945387840271, 0.172190859913826, 0.17159754037857056, 0.16906903684139252, 0.1719113141298294, 0.16987743973731995, 0.17231449484825134, 0.166582390666008, 0.17083868384361267, 0.16827894747257233, 0.17724092304706573, 0.16763228178024292, 0.1753326952457428, 0.1725798100233078, 0.1701047718524933, 0.17682579159736633, 0.16931085288524628, 0.1673918217420578, 0.16816554963588715, 0.17063899338245392, 0.17257417738437653, 0.1688671112060547, 0.17093640565872192, 0.17141170799732208, 0.1663745492696762, 0.17473934590816498, 0.16725146770477295, 0.16517899930477142, 0.17048101127147675, 0.16918392479419708, 0.16935735940933228, 0.1662258505821228, 0.17352622747421265, 0.17301243543624878, 0.1745721697807312, 0.1713339388370514, 0.16744190454483032, 0.1706005483865738, 0.1736428290605545, 0.17399169504642487, 0.1638748049736023, 0.16720646619796753, 0.16465066373348236, 0.17160505056381226, 0.17878295481204987, 0.17158706486225128, 0.16878946125507355, 0.17261594533920288, 0.1772698014974594, 0.16849182546138763, 0.1771729290485382, 0.17679473757743835, 0.16609850525856018, 0.17109203338623047, 0.1672591269016266, 0.16570818424224854, 0.177569180727005, 0.17100778222084045, 0.16431568562984467, 0.16813251376152039, 0.1657707244157791, 0.1709725558757782, 0.1723853051662445, 0.17164760828018188, 0.1708032637834549, 0.16707807779312134, 0.18318136036396027, 0.1689397394657135, 0.17686864733695984, 0.1686793714761734, 0.17333519458770752, 0.1695193350315094, 0.1669493168592453, 0.17150850594043732, 0.166427880525589, 0.16880615055561066, 0.1707187443971634, 0.17560064792633057, 0.1756259799003601, 0.16834136843681335, 0.1717934012413025, 0.17313984036445618, 0.1679091453552246, 0.170464426279068, 0.17579494416713715, 0.17227239906787872, 0.1793883889913559, 0.18090638518333435, 0.17262887954711914, 0.1750647872686386, 0.1704692244529724, 0.17587709426879883, 0.1749490201473236, 0.1750211864709854, 0.17360074818134308, 0.17154498398303986, 0.17576420307159424, 0.1690191775560379, 0.17479099333286285, 0.1798359453678131, 0.1743156611919403, 0.17623698711395264, 0.17298975586891174, 0.17035740613937378, 0.17198701202869415, 0.17204150557518005, 0.17904424667358398, 0.17431050539016724, 0.168106347322464, 0.17457492649555206, 0.1802738755941391, 0.17164285480976105, 0.1754142791032791, 0.18021449446678162, 0.17014218866825104, 0.17439422011375427, 0.180185928940773, 0.1710226833820343, 0.17194217443466187, 0.17849212884902954, 0.17966091632843018, 0.17762622237205505, 0.17893196642398834, 0.17624180018901825, 0.1791866272687912, 0.17229701578617096, 0.18399137258529663, 0.1729346066713333, 0.16953030228614807, 0.18030057847499847, 0.17602840065956116, 0.18963240087032318, 0.17436586320400238, 0.18204531073570251, 0.18546193838119507, 0.17763499915599823, 0.17606161534786224, 0.17346444725990295, 0.17449946701526642, 0.17759567499160767, 0.17326770722866058, 0.17768162488937378, 0.1771707683801651, 0.17610658705234528, 0.1831498146057129, 0.1862267106771469, 0.17065571248531342, 0.16845959424972534, 0.1768798828125, 0.17399315536022186, 0.18695081770420074, 0.17033159732818604, 0.18285387754440308, 0.17117466032505035, 0.1737070083618164, 0.17802761495113373, 0.18604496121406555, 0.1851072460412979, 0.17706477642059326, 0.1769348531961441, 0.17616771161556244, 0.17114099860191345, 0.1708768606185913, 0.17749473452568054, 0.17376506328582764, 0.17844288051128387, 0.17356911301612854, 0.17616695165634155, 0.17245706915855408, 0.18804796040058136, 0.17855514585971832, 0.1805117428302765, 0.1797824651002884, 0.1909022331237793, 0.1843436062335968, 0.18883460760116577, 0.17769138514995575, 0.17505420744419098, 0.18026046454906464, 0.17752104997634888, 0.19662664830684662, 0.18462510406970978, 0.18012678623199463, 0.17858149111270905, 0.19140443205833435, 0.17848314344882965, 0.17716282606124878, 0.17631712555885315, 0.18318869173526764, 0.18658201396465302, 0.1765352189540863, 0.1856139600276947, 0.17876891791820526, 0.17906545102596283, 0.17196738719940186, 0.17908507585525513, 0.18005582690238953, 0.17690305411815643, 0.18137572705745697, 0.1771048903465271, 0.18925975263118744, 0.17843282222747803, 0.17986120283603668, 0.181653693318367, 0.18314318358898163, 0.1821754276752472, 0.18356549739837646, 0.18839909136295319, 0.18536724150180817, 0.17491400241851807, 0.17960433661937714, 0.17810708284378052, 0.18167142570018768, 0.18230949342250824, 0.1838594228029251, 0.18666839599609375, 0.1835043877363205, 0.1943725347518921, 0.19645166397094727, 0.17988628149032593, 0.1901361644268036, 0.1774228811264038, 0.18570387363433838, 0.18502220511436462, 0.17929424345493317, 0.18168635666370392, 0.1828915923833847, 0.18255801498889923, 0.18220286071300507, 0.18191775679588318, 0.18251550197601318, 0.17839480936527252, 0.18268543481826782, 0.1948743611574173, 0.1814883053302765, 0.18160000443458557, 0.1813415288925171, 0.18299062550067902, 0.18219882249832153, 0.18397891521453857, 0.1837438941001892, 0.1834271103143692, 0.19530634582042694, 0.18566137552261353, 0.21257604658603668, 0.1866075098514557, 0.18218985199928284, 0.18208736181259155, 0.18067246675491333, 0.1969812959432602, 0.1828012466430664, 0.1830396056175232, 0.18878263235092163, 0.185985267162323, 0.18749436736106873, 0.18341222405433655, 0.18787072598934174, 0.1917504370212555, 0.18638411164283752, 0.19006620347499847, 0.19011420011520386, 0.195598304271698, 0.18589407205581665, 0.2017502784729004, 0.19152997434139252, 0.18282057344913483, 0.18775127828121185, 0.18426737189292908, 0.19818559288978577, 0.18380357325077057, 0.18185603618621826, 0.19484424591064453, 0.18965576589107513, 0.184336856007576, 0.1933314949274063, 0.18781206011772156, 0.1834544986486435, 0.18687117099761963, 0.1906023770570755, 0.18737314641475677, 0.18436090648174286, 0.18704599142074585, 0.18808482587337494, 0.1867784857749939, 0.18495725095272064, 0.19104696810245514, 0.19211845099925995, 0.19232110679149628, 0.1883259415626526, 0.20630420744419098, 0.1849297285079956, 0.18738649785518646, 0.1869492381811142, 0.1868913322687149, 0.19437961280345917, 0.18924032151699066, 0.18730618059635162, 0.19746078550815582, 0.18804429471492767, 0.1908128410577774, 0.1973048746585846, 0.19412796199321747, 0.19711560010910034, 0.19073499739170074, 0.19065795838832855, 0.18872088193893433, 0.19605369865894318, 0.2009301632642746, 0.19464226067066193, 0.1939806491136551, 0.19030876457691193, 0.19501946866512299, 0.20007911324501038, 0.1879262924194336, 0.1976643204689026, 0.19688642024993896, 0.19687089323997498, 0.194288432598114, 0.20289087295532227, 0.19488908350467682, 0.19021490216255188, 0.18784871697425842, 0.19235935807228088, 0.20291072130203247, 0.20467132329940796, 0.1940319985151291, 0.19074557721614838, 0.1930006444454193, 0.19040031731128693, 0.1876026690006256, 0.1930907815694809, 0.19985152781009674, 0.20141345262527466, 0.1927054226398468, 0.19704459607601166, 0.1922566443681717, 0.1928757280111313, 0.19307175278663635, 0.1923145353794098, 0.18774279952049255, 0.1953316479921341, 0.19644048810005188, 0.19719703495502472, 0.1928565949201584, 0.19727838039398193, 0.19927261769771576, 0.19368906319141388, 0.20779165625572205, 0.1940663456916809, 0.19560354948043823, 0.1985304057598114, 0.18986859917640686, 0.19912463426589966, 0.1936093270778656, 0.20751750469207764, 0.19869260489940643, 0.1946125030517578, 0.20461416244506836, 0.1952306181192398, 0.18789133429527283, 0.19162656366825104, 0.19570913910865784]",17.0,"[26.0, 23.0, 21.0, 21.0, 20.0, 19.0, 17.0, 17.0, 17.0, 17.0, 17.0, 17.0, 17.0, 17.0, 17.0, 17.0, 17.0, 17.0, 17.0, 17.0, 17.0, 17.0, 17.0, 17.0, 17.0, 17.0, 17.0, 17.0, 17.0, 17.0, 17.0, 17.0, 17.0, 17.0, 17.0, 17.0, 17.0, 17.0, 17.0, 17.0, 17.0, 17.0, 17.0, 17.0, 17.0, 17.0, 17.0, 17.0, 17.0, 17.0, 17.0, 17.0, 17.0, 17.0, 17.0, 17.0, 17.0, 17.0, 17.0, 17.0, 17.0, 17.0, 17.0, 17.0, 17.0, 17.0, 17.0, 17.0, 17.0, 17.0, 17.0, 17.0, 17.0, 17.0, 17.0, 17.0, 17.0, 17.0, 17.0, 17.0, 17.0, 17.0, 17.0, 17.0, 17.0, 17.0, 17.0, 17.0, 17.0, 17.0, 17.0, 17.0, 17.0, 17.0, 17.0, 17.0, 17.0, 17.0, 17.0, 17.0, 17.0, 17.0, 17.0, 17.0, 17.0, 17.0, 17.0, 17.0, 17.0, 17.0, 17.0, 17.0, 17.0, 17.0, 17.0, 17.0, 17.0, 17.0, 17.0, 17.0, 17.0, 17.0, 17.0, 17.0, 17.0, 17.0, 17.0, 17.0, 17.0, 17.0, 17.0, 17.0, 17.0, 17.0, 17.0, 17.0, 17.0, 17.0, 17.0, 17.0, 17.0, 17.0, 17.0, 17.0, 17.0, 17.0, 17.0, 17.0, 17.0, 17.0, 17.0, 17.0, 17.0, 17.0, 17.0, 17.0, 17.0, 17.0, 17.0, 17.0, 17.0, 17.0, 17.0, 17.0, 17.0, 17.0, 17.0, 17.0, 17.0, 17.0, 17.0, 17.0, 17.0, 17.0, 17.0, 17.0, 17.0, 17.0, 17.0, 17.0, 17.0, 17.0, 17.0, 17.0, 17.0, 17.0, 17.0, 17.0, 17.0, 17.0, 17.0, 17.0, 17.0, 17.0, 17.0, 17.0, 17.0, 17.0, 17.0, 17.0, 17.0, 17.0, 17.0, 17.0, 17.0, 17.0, 17.0, 17.0, 17.0, 17.0, 17.0, 17.0, 17.0, 17.0, 17.0, 17.0, 17.0, 17.0, 17.0, 17.0, 17.0, 17.0, 17.0, 17.0, 17.0, 17.0, 17.0, 17.0, 17.0, 17.0, 17.0, 17.0, 17.0, 17.0, 17.0, 17.0, 17.0, 17.0, 17.0, 17.0, 17.0, 17.0, 17.0, 17.0, 17.0, 17.0, 17.0, 17.0, 17.0, 17.0, 17.0, 17.0, 17.0, 17.0, 17.0, 17.0, 17.0, 17.0, 17.0, 17.0, 17.0, 17.0, 17.0, 17.0, 17.0, 17.0, 17.0, 17.0, 17.0, 17.0, 17.0, 17.0, 17.0, 17.0, 17.0, 17.0, 17.0, 17.0, 17.0, 17.0, 17.0, 17.0, 17.0, 17.0, 17.0, 17.0, 17.0, 17.0, 17.0, 17.0, 17.0, 17.0, 17.0, 17.0, 17.0, 17.0, 17.0, 17.0, 17.0, 17.0, 17.0, 17.0, 17.0, 17.0, 17.0, 17.0, 17.0, 17.0, 17.0, 17.0, 17.0, 17.0, 17.0, 17.0, 17.0, 17.0, 17.0, 17.0, 17.0, 17.0, 17.0, 17.0, 17.0, 17.0, 17.0, 17.0, 17.0, 17.0, 17.0, 17.0, 17.0, 17.0, 17.0, 17.0, 17.0, 17.0, 17.0, 17.0, 17.0, 17.0, 17.0, 17.0, 17.0, 17.0, 17.0, 17.0, 17.0, 17.0, 17.0, 17.0, 17.0, 17.0, 17.0, 17.0, 17.0, 17.0, 17.0, 17.0, 17.0, 17.0, 17.0, 17.0, 17.0, 17.0, 17.0, 17.0, 17.0, 17.0, 17.0, 17.0, 17.0, 17.0, 17.0, 17.0, 17.0, 17.0, 17.0, 17.0, 17.0, 17.0, 17.0, 17.0, 17.0, 17.0, 17.0, 17.0, 17.0, 17.0, 17.0, 17.0, 17.0, 17.0, 17.0, 17.0, 17.0, 17.0, 17.0, 17.0, 17.0, 17.0, 17.0, 17.0, 17.0, 17.0, 17.0, 17.0, 17.0, 17.0, 17.0, 17.0, 17.0, 17.0, 17.0, 17.0, 17.0, 17.0, 17.0, 17.0, 17.0, 17.0, 17.0, 17.0, 17.0, 17.0, 17.0, 17.0, 17.0, 17.0, 17.0, 17.0, 17.0, 17.0, 17.0, 17.0, 17.0]"