,number,value,datetime_start,datetime_complete,duration,params_batch_size_scaler,params_constant_learning_rate,params_depth,params_epochs,params_kernel_l2,params_num_trees,params_temperature,user_attrs_accuracy_test,user_attrs_accuracy_valid,user_attrs_approximate_feature_sparsity,user_attrs_approximate_feature_sparsity_history,user_attrs_approximate_weight_sparsity,user_attrs_approximate_weight_sparsity_history,user_attrs_auc_test,user_attrs_auc_valid,user_attrs_feature_sparsity,user_attrs_feature_sparsity_history,user_attrs_num_epochs,user_attrs_val_loss_history,user_attrs_weight_sparsity,user_attrs_weight_sparsity_history,state
87,87,0.9240896033800929,2024-08-31 04:20:26.031356,2024-08-31 04:21:26.855150,0 days 00:01:00.823794,4,0.19191836758574465,3,205,0.002079009676995761,28,0.020784778458004593,0.948,0.94375,33,"[33, 33, 33, 33, 33, 33, 33, 33, 33, 33, 33, 33, 33, 33, 33, 33, 33, 33, 33, 33, 33, 33, 33, 33, 33, 33, 33, 33, 33, 33, 33, 33, 33, 33, 33, 33, 33, 33, 33, 33, 33, 33, 33, 33, 33, 33, 33, 33, 33, 33, 33, 33, 33, 33, 33, 33, 33, 33, 33, 33, 33, 33, 33, 33, 33, 33, 33, 33, 33, 33, 33, 33, 33, 33, 33, 33, 33, 33, 33, 33, 33, 33, 33, 33, 33, 33, 33, 33, 33, 33, 33, 33, 33, 33, 33, 33, 33, 33, 33, 33, 33, 33, 33, 33, 33, 33, 33, 33, 33, 33, 33, 33, 33, 33, 33, 33, 33, 33, 33, 33, 33, 33, 33, 33, 33, 33, 33, 33, 33, 33, 33, 33, 33, 33, 33, 33, 33, 33, 33, 33, 33, 33, 33, 33, 33, 33, 33, 33, 33, 33, 33, 33, 33, 33, 33, 33, 33, 33, 33, 33, 33, 33, 33, 33, 33, 33, 33, 33, 33, 33, 33, 33, 33, 33, 33, 33, 33, 33, 33, 33, 33, 33, 33, 33, 33, 33, 33, 33, 33, 33, 33, 33, 33, 33, 33, 33, 33, 33, 33, 33, 33, 33, 33, 33, 33]",32.994897959183675,"[32.96938775510204, 32.96938775510204, 32.9795918367347, 32.964285714285715, 32.96938775510204, 32.98979591836735, 32.974489795918366, 32.994897959183675, 32.994897959183675, 32.9795918367347, 32.984693877551024, 32.994897959183675, 32.98979591836735, 32.98979591836735, 32.984693877551024, 32.994897959183675, 32.994897959183675, 32.984693877551024, 32.974489795918366, 32.9795918367347, 32.984693877551024, 32.984693877551024, 32.974489795918366, 32.984693877551024, 32.9795918367347, 32.974489795918366, 32.98979591836735, 32.984693877551024, 32.974489795918366, 32.974489795918366, 32.9795918367347, 32.98979591836735, 32.98979591836735, 32.98979591836735, 32.9795918367347, 32.98979591836735, 32.9795918367347, 32.9795918367347, 32.96938775510204, 32.974489795918366, 32.98979591836735, 32.994897959183675, 32.984693877551024, 32.9795918367347, 32.984693877551024, 32.974489795918366, 32.98979591836735, 32.96938775510204, 32.98979591836735, 32.984693877551024, 33.0, 32.96938775510204, 32.98979591836735, 32.98979591836735, 32.994897959183675, 32.974489795918366, 32.98979591836735, 32.98979591836735, 32.9795918367347, 32.98979591836735, 33.0, 32.984693877551024, 32.954081632653065, 32.994897959183675, 33.0, 32.97448979591837, 32.964285714285715, 32.98979591836735, 32.9795918367347, 32.994897959183675, 32.98979591836735, 32.96938775510204, 32.9795918367347, 32.98979591836735, 32.98979591836735, 32.984693877551024, 32.9795918367347, 32.994897959183675, 32.994897959183675, 33.0, 32.9795918367347, 32.994897959183675, 32.98979591836735, 32.9795918367347, 32.994897959183675, 32.9795918367347, 32.984693877551024, 32.96938775510204, 32.984693877551024, 32.984693877551024, 32.994897959183675, 32.994897959183675, 32.98979591836735, 32.994897959183675, 32.994897959183675, 32.984693877551024, 32.994897959183675, 32.98979591836735, 32.984693877551024, 32.974489795918366, 32.98979591836735, 32.98979591836735, 32.994897959183675, 33.0, 32.9795918367347, 32.96938775510204, 32.984693877551024, 32.974489795918366, 32.98979591836735, 32.994897959183675, 32.994897959183675, 32.984693877551024, 32.994897959183675, 32.984693877551024, 32.994897959183675, 32.98979591836735, 32.994897959183675, 32.994897959183675, 32.98979591836735, 32.984693877551024, 32.98979591836735, 32.984693877551024, 32.984693877551024, 32.98979591836735, 32.974489795918366, 32.994897959183675, 32.974489795918366, 32.98979591836735, 32.98979591836735, 32.994897959183675, 33.0, 32.984693877551024, 32.994897959183675, 32.98979591836735, 32.9795918367347, 32.96938775510204, 32.97448979591837, 32.994897959183675, 32.96938775510204, 32.98979591836735, 32.984693877551024, 32.984693877551024, 33.0, 32.98979591836735, 33.0, 32.98979591836735, 32.994897959183675, 32.98979591836735, 32.984693877551024, 32.9795918367347, 32.984693877551024, 32.98979591836735, 32.9795918367347, 32.97448979591837, 32.984693877551024, 32.9795918367347, 32.974489795918366, 32.974489795918366, 32.96938775510204, 32.96938775510204, 32.95918367346939, 32.964285714285715, 32.96938775510204, 32.96938775510204, 32.984693877551024, 32.9795918367347, 32.9795918367347, 32.954081632653065, 32.9795918367347, 32.984693877551024, 32.94897959183673, 32.96938775510204, 32.96938775510204, 32.96938775510204, 32.9795918367347, 32.96938775510204, 32.984693877551024, 32.974489795918366, 32.96938775510204, 32.964285714285715, 32.95918367346939, 32.95918367346939, 32.98979591836735, 32.984693877551024, 32.98979591836735, 33.0, 32.9795918367347, 32.984693877551024, 32.96938775510204, 32.98979591836735, 32.9795918367347, 32.98979591836735, 32.98979591836735, 32.984693877551024, 32.98979591836735, 32.994897959183675, 32.984693877551024, 32.994897959183675, 33.0, 32.994897959183675, 32.98979591836735, 33.0, 32.98979591836735, 32.98979591836735, 32.994897959183675]",0.9171475986426573,0.9240896033800929,33,"[33, 33, 33, 33, 33, 33, 33, 33, 33, 33, 33, 33, 33, 33, 33, 33, 33, 33, 33, 33, 33, 33, 33, 33, 33, 33, 33, 33, 33, 33, 33, 33, 33, 33, 33, 33, 33, 33, 33, 33, 33, 33, 33, 33, 33, 33, 33, 33, 33, 33, 33, 33, 33, 33, 33, 33, 33, 33, 33, 33, 33, 33, 33, 33, 33, 33, 33, 33, 33, 33, 33, 33, 33, 33, 33, 33, 33, 33, 33, 33, 33, 33, 33, 33, 33, 33, 33, 33, 33, 33, 33, 33, 33, 33, 33, 33, 33, 33, 33, 33, 33, 33, 33, 33, 33, 33, 33, 33, 33, 33, 33, 33, 33, 33, 33, 33, 33, 33, 33, 33, 33, 33, 33, 33, 33, 33, 33, 33, 33, 33, 33, 33, 33, 33, 33, 33, 33, 33, 33, 33, 33, 33, 33, 33, 33, 33, 33, 33, 33, 33, 33, 33, 33, 33, 33, 33, 33, 33, 33, 33, 33, 33, 33, 33, 33, 33, 33, 33, 33, 33, 33, 33, 33, 33, 33, 33, 33, 33, 33, 33, 33, 33, 33, 33, 33, 33, 33, 33, 33, 33, 33, 33, 33, 33, 33, 33, 33, 33, 33, 33, 33, 33, 33, 33, 33]",205,"[0.3743290305137634, 0.36183974146842957, 0.35377636551856995, 0.3454711437225342, 0.33893734216690063, 0.33112990856170654, 0.32293960452079773, 0.31469881534576416, 0.3072178363800049, 0.3015279471874237, 0.2927813231945038, 0.28635355830192566, 0.2794908583164215, 0.2724043130874634, 0.26859888434410095, 0.263542115688324, 0.2587335705757141, 0.2554745376110077, 0.2510690987110138, 0.2486116737127304, 0.24542848765850067, 0.24263730645179749, 0.23978480696678162, 0.23627330362796783, 0.23451070487499237, 0.23152035474777222, 0.22985531389713287, 0.22622652351856232, 0.22432537376880646, 0.22260545194149017, 0.22271333634853363, 0.22010332345962524, 0.21719473600387573, 0.2152242213487625, 0.21404299139976501, 0.21167835593223572, 0.21025945246219635, 0.21055403351783752, 0.20891490578651428, 0.20653747022151947, 0.20599569380283356, 0.20459555089473724, 0.2083708792924881, 0.2033492475748062, 0.20084358751773834, 0.20258371531963348, 0.1997547149658203, 0.19965223968029022, 0.19862155616283417, 0.1972995549440384, 0.1976301372051239, 0.196611225605011, 0.19685982167720795, 0.19784337282180786, 0.19461286067962646, 0.1974392831325531, 0.19405217468738556, 0.19262747466564178, 0.19273170828819275, 0.19356106221675873, 0.191620334982872, 0.19376298785209656, 0.1935310810804367, 0.19376727938652039, 0.19020815193653107, 0.1961008906364441, 0.18970467150211334, 0.19106227159500122, 0.1903500109910965, 0.19406141340732574, 0.18928378820419312, 0.19067294895648956, 0.18983985483646393, 0.18682622909545898, 0.18907131254673004, 0.18707916140556335, 0.18530650436878204, 0.18571920692920685, 0.18707044422626495, 0.18891823291778564, 0.18664392828941345, 0.1889156699180603, 0.1871965229511261, 0.18575967848300934, 0.18636566400527954, 0.18496191501617432, 0.1853291541337967, 0.183970108628273, 0.18860313296318054, 0.1841454654932022, 0.18477500975131989, 0.18358772993087769, 0.18191534280776978, 0.18403010070323944, 0.18999940156936646, 0.182652086019516, 0.18595649302005768, 0.1853683441877365, 0.18348044157028198, 0.18705472350120544, 0.18232707679271698, 0.1838240623474121, 0.18466944992542267, 0.18704596161842346, 0.1862810254096985, 0.18650011718273163, 0.1831413209438324, 0.18119807541370392, 0.18486648797988892, 0.18395060300827026, 0.18491142988204956, 0.18610027432441711, 0.18084028363227844, 0.18219341337680817, 0.18122121691703796, 0.18273161351680756, 0.18058161437511444, 0.18224607408046722, 0.18358707427978516, 0.1865723431110382, 0.18545538187026978, 0.18144360184669495, 0.18158183991909027, 0.18382829427719116, 0.18171460926532745, 0.18192949891090393, 0.18488043546676636, 0.18135005235671997, 0.18608206510543823, 0.18911728262901306, 0.18891006708145142, 0.1817488819360733, 0.18240921199321747, 0.18257063627243042, 0.1817133128643036, 0.18424035608768463, 0.1895694136619568, 0.18010397255420685, 0.1805581897497177, 0.1861942708492279, 0.18415074050426483, 0.1859995275735855, 0.1802733838558197, 0.1832408905029297, 0.18174366652965546, 0.18618769943714142, 0.18316464126110077, 0.18448182940483093, 0.1820431500673294, 0.1849033534526825, 0.18196459114551544, 0.18324926495552063, 0.18224254250526428, 0.18267153203487396, 0.18940958380699158, 0.18380525708198547, 0.18519631028175354, 0.1861003041267395, 0.1852707862854004, 0.18486574292182922, 0.18621860444545746, 0.18412499129772186, 0.18411566317081451, 0.18868568539619446, 0.18382568657398224, 0.1846344918012619, 0.18661437928676605, 0.18674680590629578, 0.18835142254829407, 0.18357789516448975, 0.18430857360363007, 0.18612150847911835, 0.18517766892910004, 0.18529583513736725, 0.1851102113723755, 0.1879764348268509, 0.18711800873279572, 0.1862410008907318, 0.18674106895923615, 0.18562985956668854, 0.1854572892189026, 0.18904946744441986, 0.18831975758075714, 0.18686269223690033, 0.1901877373456955, 0.189723402261734, 0.1895006000995636, 0.18944813311100006, 0.1917698085308075, 0.1907990276813507, 0.1861523985862732, 0.18819600343704224, 0.18886852264404297, 0.19049590826034546, 0.1895018368959427, 0.18890176713466644, 0.1892452985048294, 0.18975701928138733, 0.18911947309970856, 0.19316434860229492, 0.1895747035741806, 0.19281570613384247, 0.19210313260555267, 0.193534716963768, 0.19115720689296722]",33.0,"[33.0, 33.0, 33.0, 33.0, 33.0, 33.0, 33.0, 33.0, 33.0, 33.0, 33.0, 33.0, 33.0, 33.0, 33.0, 33.0, 33.0, 33.0, 33.0, 33.0, 33.0, 33.0, 33.0, 33.0, 33.0, 33.0, 33.0, 33.0, 33.0, 33.0, 33.0, 33.0, 33.0, 33.0, 33.0, 33.0, 33.0, 33.0, 33.0, 33.0, 33.0, 33.0, 33.0, 33.0, 33.0, 33.0, 33.0, 33.0, 33.0, 33.0, 33.0, 33.0, 33.0, 33.0, 33.0, 33.0, 33.0, 33.0, 33.0, 33.0, 33.0, 33.0, 33.0, 33.0, 33.0, 33.0, 33.0, 33.0, 33.0, 33.0, 33.0, 33.0, 33.0, 33.0, 33.0, 33.0, 33.0, 33.0, 33.0, 33.0, 33.0, 33.0, 33.0, 33.0, 33.0, 33.0, 33.0, 33.0, 33.0, 33.0, 33.0, 33.0, 33.0, 33.0, 33.0, 33.0, 33.0, 33.0, 33.0, 33.0, 33.0, 33.0, 33.0, 33.0, 33.0, 33.0, 33.0, 33.0, 33.0, 33.0, 33.0, 33.0, 33.0, 33.0, 33.0, 33.0, 33.0, 33.0, 33.0, 33.0, 33.0, 33.0, 33.0, 33.0, 33.0, 33.0, 33.0, 33.0, 33.0, 33.0, 33.0, 33.0, 33.0, 33.0, 33.0, 33.0, 33.0, 33.0, 33.0, 33.0, 33.0, 33.0, 33.0, 33.0, 33.0, 33.0, 33.0, 33.0, 33.0, 33.0, 33.0, 33.0, 33.0, 33.0, 33.0, 33.0, 33.0, 33.0, 33.0, 33.0, 33.0, 33.0, 33.0, 33.0, 33.0, 33.0, 33.0, 33.0, 33.0, 33.0, 33.0, 33.0, 33.0, 33.0, 33.0, 33.0, 33.0, 33.0, 33.0, 33.0, 33.0, 33.0, 33.0, 33.0, 33.0, 33.0, 33.0, 33.0, 33.0, 33.0, 33.0, 33.0, 33.0, 33.0, 33.0, 33.0, 33.0, 33.0, 33.0, 33.0, 33.0, 33.0, 33.0, 33.0, 33.0]",COMPLETE
