,number,value,datetime_start,datetime_complete,duration,params_batch_size_scaler,params_constant_learning_rate,params_depth,params_epochs,params_kernel_l2,params_num_trees,params_temperature,user_attrs_accuracy_test,user_attrs_accuracy_valid,user_attrs_approximate_feature_sparsity,user_attrs_approximate_feature_sparsity_history,user_attrs_approximate_weight_sparsity,user_attrs_approximate_weight_sparsity_history,user_attrs_auc_test,user_attrs_auc_valid,user_attrs_feature_sparsity,user_attrs_feature_sparsity_history,user_attrs_num_epochs,user_attrs_val_loss_history,user_attrs_weight_sparsity,user_attrs_weight_sparsity_history,state
142,142,0.9340856101299737,2024-08-31 07:00:47.048522,2024-08-31 07:22:53.160980,0 days 00:22:06.112458,1,0.0696038249102433,5,400,0.004915352543438049,66,0.0025836577011318818,0.949,0.94125,33,"[33, 33, 33, 33, 33, 33, 33, 33, 33, 33, 33, 33, 33, 33, 33, 33, 33, 33, 33, 33, 33, 33, 33, 33, 33, 33, 33, 33, 33, 33, 33, 33, 33, 33, 33, 33, 33, 33, 33, 33, 33, 33, 33, 33, 33, 33, 33, 33, 33, 33, 33, 33, 33, 33, 33, 33, 33, 33, 33, 33, 33, 33, 33, 33, 33, 33, 33, 33, 33, 33, 33, 33, 33, 33, 33, 33, 33, 33, 33, 33, 33, 33, 33, 33, 33, 33, 33, 33, 33, 33, 33, 33, 33, 33, 33, 33, 33, 33, 33, 33, 33, 33, 33, 33, 33, 33, 33, 33, 33, 33, 33, 33, 33, 33, 33, 33, 33, 33, 33, 33, 33, 33, 33, 33, 33, 33, 33, 33, 33, 33, 33, 33, 33, 33, 33, 33, 33, 33, 33, 33, 33, 33, 33, 33, 33, 33, 33, 33, 33, 33, 33, 33, 33, 33, 33, 33, 33, 33, 33, 33, 33, 33, 33, 33, 33, 33, 33, 33, 33, 33, 33, 33, 33, 33, 33, 33, 33, 33, 33, 33, 33, 33, 33, 33, 33, 33, 33, 33, 33, 33, 33, 33, 33, 33, 33, 33, 33, 33, 33, 33, 33, 33, 33, 33, 33, 33, 33, 33, 33, 33, 33, 33, 33, 33, 33, 33, 33, 33, 33, 33, 33, 33, 33, 33, 33, 33, 33, 33, 33, 33, 33, 33, 33, 33, 33, 33, 33, 33, 33, 33, 33, 33, 33, 33, 33, 33, 33, 33, 33, 33, 33, 33, 33, 33, 33, 33, 33, 33, 33, 33, 33, 33, 33, 33, 33, 33, 33, 33, 33, 33, 33, 33, 33, 33, 33, 33, 33, 33, 33, 33, 33, 33, 33, 33, 33, 33, 33, 33, 33, 33, 33, 33, 33, 33, 33, 33, 33, 33, 33, 33, 33, 33, 33, 33, 33, 33, 33, 33, 33, 33, 33, 33, 33, 33, 33, 33, 33, 33, 33, 33, 33, 33, 33, 33, 33, 33, 33, 33, 33, 33, 33, 33, 33, 33, 33, 33, 33, 33, 33, 33, 33, 33, 33, 33, 33, 33, 33, 33, 33, 33, 33, 33, 33, 33, 33, 33, 33, 33, 33, 33, 33, 33, 33, 33, 33, 33, 33, 33, 33, 33, 33, 33, 33, 33, 33, 33, 33, 33, 33, 33, 33, 33, 33, 33, 33, 33, 33, 33, 33, 33, 33, 33, 33, 33, 33, 33, 33, 33, 33, 33]",32.95552297165201,"[32.947702834799614, 32.94672531769306, 32.94086021505376, 32.94379276637341, 32.94916911045944, 32.94477028347996, 32.94428152492669, 32.94721407624633, 32.93890518084066, 32.94721407624633, 32.94086021505377, 32.93939393939394, 32.937927663734115, 32.93108504398827, 32.94330400782014, 32.94330400782014, 32.94477028347996, 32.94477028347996, 32.946236559139784, 32.942815249266864, 32.950146627565985, 32.94330400782014, 32.94232649071359, 32.94281524926686, 32.94379276637341, 32.94916911045943, 32.942815249266864, 32.93890518084066, 32.94477028347996, 32.946236559139784, 32.94574780058651, 32.93939393939394, 32.94379276637341, 32.94330400782014, 32.941837732160316, 32.94819159335288, 32.93695014662757, 32.94086021505376, 32.94477028347996, 32.94770283479961, 32.94037145650049, 32.93988269794721, 32.93352883675465, 32.93695014662757, 32.93646138807429, 32.945259042033236, 32.94379276637341, 32.94232649071359, 32.93890518084067, 32.942815249266864, 32.93988269794721, 32.94477028347996, 32.942815249266864, 32.94721407624633, 32.94819159335288, 32.94965786901271, 32.94379276637341, 32.94428152492669, 32.94477028347996, 32.945259042033236, 32.952590420332356, 32.95063538611926, 32.95210166177908, 32.946236559139784, 32.95503421309873, 32.951124144672534, 32.94819159335288, 32.949657869012704, 32.94721407624633, 32.946236559139784, 32.951124144672534, 32.94428152492669, 32.94819159335289, 32.951124144672534, 32.94819159335288, 32.942815249266864, 32.94379276637341, 32.94232649071359, 32.946236559139784, 32.95454545454545, 32.95161290322581, 32.95210166177908, 32.94574780058651, 32.94379276637341, 32.94183773216031, 32.94428152492669, 32.946236559139784, 32.93597262952102, 32.93743890518084, 32.942815249266864, 32.945259042033236, 32.94574780058651, 32.94134897360704, 32.94477028347996, 32.94574780058651, 32.94770283479961, 32.94428152492669, 32.94574780058651, 32.94379276637341, 32.94379276637341, 32.95307917888563, 32.94232649071359, 32.94672531769306, 32.94965786901271, 32.951124144672534, 32.94428152492669, 32.952590420332356, 32.942815249266864, 32.94770283479961, 32.94477028347996, 32.93988269794722, 32.94037145650049, 32.941837732160316, 32.94134897360704, 32.93695014662757, 32.93695014662757, 32.94037145650049, 32.93255131964809, 32.93743890518084, 32.942815249266864, 32.94672531769306, 32.95307917888563, 32.950146627565985, 32.946236559139784, 32.942815249266864, 32.94330400782014, 32.94819159335288, 32.950146627565985, 32.94770283479961, 32.94477028347996, 32.95161290322581, 32.950146627565985, 32.95405669599218, 32.952590420332356, 32.95503421309873, 32.948680351906155, 32.94672531769306, 32.94330400782013, 32.945259042033236, 32.94672531769306, 32.95014662756598, 32.94428152492669, 32.94721407624633, 32.94721407624633, 32.941837732160316, 32.94379276637341, 32.94819159335289, 32.942815249266864, 32.94183773216031, 32.94330400782014, 32.948680351906155, 32.946236559139784, 32.94574780058651, 32.94819159335289, 32.94428152492669, 32.946236559139784, 32.94672531769306, 32.951124144672534, 32.946236559139784, 32.94916911045943, 32.94379276637341, 32.94574780058651, 32.94574780058651, 32.94232649071359, 32.941837732160316, 32.94428152492669, 32.941837732160316, 32.94232649071358, 32.940371456500486, 32.93841642228739, 32.940371456500486, 32.93108504398827, 32.94086021505376, 32.933040078201365, 32.941348973607035, 32.941837732160316, 32.93206256109482, 32.94086021505376, 32.934506353861195, 32.93646138807429, 32.93695014662757, 32.93890518084066, 32.93890518084066, 32.93939393939394, 32.94232649071359, 32.942815249266864, 32.940371456500486, 32.934017595307914, 32.93499511241447, 32.93939393939394, 32.93890518084066, 32.93255131964809, 32.93499511241447, 32.93108504398827, 32.93695014662757, 32.94232649071359, 32.93890518084066, 32.942815249266864, 32.941348973607035, 32.93890518084066, 32.93939393939394, 32.93939393939394, 32.94183773216031, 32.93499511241447, 32.94134897360704, 32.94574780058651, 32.94770283479961, 32.94672531769306, 32.95063538611926, 32.950146627565985, 32.951124144672534, 32.94819159335288, 32.94770283479961, 32.945259042033236, 32.93597262952102, 32.94086021505376, 32.93988269794721, 32.93695014662757, 32.93695014662757, 32.93939393939394, 32.937927663734115, 32.93695014662757, 32.941837732160316, 32.94330400782014, 32.94379276637341, 32.94330400782014, 32.94477028347996, 32.95161290322581, 32.949657869012704, 32.95063538611926, 32.95307917888563, 32.95405669599218, 32.951124144672534, 32.958455522971654, 32.958455522971654, 32.956011730205276, 32.957478005865106, 32.95650048875856, 32.9594330400782, 32.96041055718475, 32.958455522971654, 32.95503421309873, 32.956989247311824, 32.95601173020528, 32.95161290322581, 32.951124144672534, 32.94916911045944, 32.94868035190616, 32.94819159335288, 32.95161290322581, 32.94770283479961, 32.945259042033236, 32.94868035190616, 32.94330400782014, 32.94574780058651, 32.94819159335288, 32.95161290322581, 32.946236559139784, 32.94477028347996, 32.951124144672534, 32.948680351906155, 32.952590420332356, 32.955522971652, 32.951124144672534, 32.94916911045943, 32.94868035190616, 32.94868035190616, 32.94379276637341, 32.94819159335289, 32.94232649071359, 32.93743890518084, 32.947702834799614, 32.945259042033236, 32.945259042033236, 32.94477028347996, 32.94477028347996, 32.941837732160316, 32.93841642228739, 32.94037145650049, 32.94477028347996, 32.94574780058651, 32.94672531769306, 32.94379276637341, 32.94428152492669, 32.94574780058651, 32.942815249266864, 32.94428152492669, 32.93988269794722, 32.94379276637341, 32.945259042033236, 32.94232649071359, 32.94330400782014, 32.94379276637341, 32.93890518084066, 32.945259042033236, 32.94330400782014, 32.942815249266864, 32.94330400782014, 32.94574780058651, 32.94672531769306, 32.94672531769306, 32.94330400782014, 32.94281524926686, 32.941837732160316, 32.940371456500486, 32.94232649071358, 32.94232649071359, 32.94330400782014, 32.94477028347996, 32.93939393939394, 32.939393939393945, 32.940371456500486, 32.94037145650049, 32.939393939393945, 32.94672531769306, 32.94428152492669, 32.945259042033236, 32.94428152492669, 32.94477028347996, 32.941837732160316, 32.93988269794721, 32.94379276637341, 32.94477028347996, 32.94428152492669, 32.94819159335288, 32.94868035190616, 32.946236559139784, 32.94477028347996, 32.951124144672534, 32.952590420332356, 32.953567937438905, 32.952590420332356, 32.95405669599218, 32.955522971652, 32.95894428152493, 32.958455522971654, 32.95601173020528, 32.9594330400782, 32.95894428152493, 32.9594330400782, 32.95454545454545, 32.958455522971654, 32.95698924731183, 32.95698924731183, 32.95796676441838, 32.95894428152493, 32.95698924731183, 32.95650048875856, 32.95503421309873, 32.95894428152493, 32.9594330400782, 32.95650048875856, 32.9594330400782, 32.95698924731183, 32.955034213098735, 32.95650048875856, 32.95503421309873, 32.95454545454545, 32.95405669599218, 32.953567937438905, 32.9594330400782, 32.9594330400782, 32.96041055718475, 32.96236559139785, 32.958455522971654, 32.952590420332356, 32.95161290322581, 32.952590420332356, 32.95161290322581, 32.95454545454545, 32.953567937438905, 32.953567937438905, 32.95161290322581, 32.95161290322581, 32.952590420332356, 32.95307917888563, 32.950146627565985, 32.95161290322581, 32.95161290322581, 32.95307917888563, 32.95210166177908, 32.950146627565985, 32.952590420332356, 32.95161290322581, 32.953567937438905, 32.95405669599218, 32.95161290322581, 32.953567937438905, 32.95552297165201, 32.95161290322581, 32.953567937438905, 32.956011730205276, 32.948680351906155, 32.950146627565985, 32.95063538611926, 32.95210166177908, 32.94868035190616, 32.955522971652, 32.951124144672534, 32.95552297165201]",0.916445809493143,0.9340856101299737,33,"[33, 33, 33, 33, 33, 33, 33, 33, 33, 33, 33, 33, 33, 33, 33, 33, 33, 33, 33, 33, 33, 33, 33, 33, 33, 33, 33, 33, 33, 33, 33, 33, 33, 33, 33, 33, 33, 33, 33, 33, 33, 33, 33, 33, 33, 33, 33, 33, 33, 33, 33, 33, 33, 33, 33, 33, 33, 33, 33, 33, 33, 33, 33, 33, 33, 33, 33, 33, 33, 33, 33, 33, 33, 33, 33, 33, 33, 33, 33, 33, 33, 33, 33, 33, 33, 33, 33, 33, 33, 33, 33, 33, 33, 33, 33, 33, 33, 33, 33, 33, 33, 33, 33, 33, 33, 33, 33, 33, 33, 33, 33, 33, 33, 33, 33, 33, 33, 33, 33, 33, 33, 33, 33, 33, 33, 33, 33, 33, 33, 33, 33, 33, 33, 33, 33, 33, 33, 33, 33, 33, 33, 33, 33, 33, 33, 33, 33, 33, 33, 33, 33, 33, 33, 33, 33, 33, 33, 33, 33, 33, 33, 33, 33, 33, 33, 33, 33, 33, 33, 33, 33, 33, 33, 33, 33, 33, 33, 33, 33, 33, 33, 33, 33, 33, 33, 33, 33, 33, 33, 33, 33, 33, 33, 33, 33, 33, 33, 33, 33, 33, 33, 33, 33, 33, 33, 33, 33, 33, 33, 33, 33, 33, 33, 33, 33, 33, 33, 33, 33, 33, 33, 33, 33, 33, 33, 33, 33, 33, 33, 33, 33, 33, 33, 33, 33, 33, 33, 33, 33, 33, 33, 33, 33, 33, 33, 33, 33, 33, 33, 33, 33, 33, 33, 33, 33, 33, 33, 33, 33, 33, 33, 33, 33, 33, 33, 33, 33, 33, 33, 33, 33, 33, 33, 33, 33, 33, 33, 33, 33, 33, 33, 33, 33, 33, 33, 33, 33, 33, 33, 33, 33, 33, 33, 33, 33, 33, 33, 33, 33, 33, 33, 33, 33, 33, 33, 33, 33, 33, 33, 33, 33, 33, 33, 33, 33, 33, 33, 33, 33, 33, 33, 33, 33, 33, 33, 33, 33, 33, 33, 33, 33, 33, 33, 33, 33, 33, 33, 33, 33, 33, 33, 33, 33, 33, 33, 33, 33, 33, 33, 33, 33, 33, 33, 33, 33, 33, 33, 33, 33, 33, 33, 33, 33, 33, 33, 33, 33, 33, 33, 33, 33, 33, 33, 33, 33, 33, 33, 33, 33, 33, 33, 33, 33, 33, 33, 33, 33, 33, 33, 33, 33, 33, 33, 33, 33, 33, 33, 33, 33, 33]",400,"[0.3868308663368225, 0.37649765610694885, 0.3708222210407257, 0.3660259246826172, 0.36278393864631653, 0.3597241938114166, 0.3563898205757141, 0.3525875210762024, 0.3498516082763672, 0.3462377190589905, 0.3428645431995392, 0.339898020029068, 0.337583988904953, 0.3354145884513855, 0.33210936188697815, 0.3282911777496338, 0.32496702671051025, 0.32179874181747437, 0.3179502785205841, 0.3141029477119446, 0.3100123107433319, 0.30897149443626404, 0.302397221326828, 0.2983194589614868, 0.2929824888706207, 0.2882393002510071, 0.2842652499675751, 0.2804481089115143, 0.27577289938926697, 0.27195605635643005, 0.26898980140686035, 0.2662542164325714, 0.26149046421051025, 0.26020410656929016, 0.25606247782707214, 0.253902405500412, 0.2526592016220093, 0.24900612235069275, 0.24812617897987366, 0.24577929079532623, 0.24344851076602936, 0.2410203516483307, 0.2398844212293625, 0.23966823518276215, 0.23724915087223053, 0.23622676730155945, 0.23313502967357635, 0.232090562582016, 0.23277011513710022, 0.22900556027889252, 0.2273525446653366, 0.22943072021007538, 0.22674985229969025, 0.2236131727695465, 0.22464242577552795, 0.22174642980098724, 0.22126948833465576, 0.22157901525497437, 0.21903406083583832, 0.21782736480236053, 0.21672771871089935, 0.21491125226020813, 0.21439163386821747, 0.21342170238494873, 0.2129489928483963, 0.2123725265264511, 0.2104373723268509, 0.21034522354602814, 0.20902906358242035, 0.20792731642723083, 0.20769140124320984, 0.2077202945947647, 0.20613494515419006, 0.2057630717754364, 0.20570772886276245, 0.20506373047828674, 0.20300093293190002, 0.2030777484178543, 0.20189258456230164, 0.2026423215866089, 0.2023637890815735, 0.20037467777729034, 0.20075252652168274, 0.1988212913274765, 0.19912861287593842, 0.19870851933956146, 0.1971421092748642, 0.19911357760429382, 0.19954702258110046, 0.19636987149715424, 0.19657382369041443, 0.19502587616443634, 0.1961626261472702, 0.197172150015831, 0.1970077008008957, 0.19794130325317383, 0.19462931156158447, 0.19437110424041748, 0.19293330609798431, 0.19363608956336975, 0.1937568634748459, 0.19311176240444183, 0.19164910912513733, 0.1918971985578537, 0.19111984968185425, 0.19361566007137299, 0.1916956752538681, 0.19072160124778748, 0.18897423148155212, 0.19051019847393036, 0.19284547865390778, 0.19214963912963867, 0.1913069188594818, 0.18983471393585205, 0.18833358585834503, 0.18920454382896423, 0.189321368932724, 0.1895105391740799, 0.1904531717300415, 0.18733179569244385, 0.18713214993476868, 0.1873849481344223, 0.18623772263526917, 0.1848587989807129, 0.18311576545238495, 0.18510709702968597, 0.18446402251720428, 0.18498495221138, 0.18496473133563995, 0.1836233139038086, 0.18323451280593872, 0.18129582703113556, 0.18501995503902435, 0.1841062307357788, 0.18137359619140625, 0.18112684786319733, 0.18146353960037231, 0.1833430528640747, 0.18300282955169678, 0.18097034096717834, 0.18292951583862305, 0.17981122434139252, 0.1796572506427765, 0.180137038230896, 0.17952701449394226, 0.17762824892997742, 0.17979928851127625, 0.17984198033809662, 0.18150657415390015, 0.17673172056674957, 0.17820438742637634, 0.17572981119155884, 0.17706768214702606, 0.175736203789711, 0.17762604355812073, 0.17584873735904694, 0.17392323911190033, 0.17710427939891815, 0.17481055855751038, 0.17649628221988678, 0.17827372252941132, 0.18106387555599213, 0.17599621415138245, 0.17356203496456146, 0.17788682878017426, 0.17383167147636414, 0.17706416547298431, 0.17390382289886475, 0.1736961305141449, 0.17461876571178436, 0.1741611659526825, 0.17268982529640198, 0.1763191819190979, 0.17362184822559357, 0.17364439368247986, 0.17158706486225128, 0.17200851440429688, 0.17230740189552307, 0.1723751276731491, 0.17639590799808502, 0.17350715398788452, 0.1722099632024765, 0.17552751302719116, 0.1703319102525711, 0.1722273975610733, 0.17200632393360138, 0.17007914185523987, 0.16970667243003845, 0.17002025246620178, 0.16958850622177124, 0.1707422435283661, 0.16909858584403992, 0.17270702123641968, 0.1725279837846756, 0.1697532832622528, 0.17021091282367706, 0.1688794195652008, 0.1735839992761612, 0.1703629344701767, 0.1694861650466919, 0.1719599962234497, 0.1681353896856308, 0.17185980081558228, 0.16956429183483124, 0.171660378575325, 0.16915707290172577, 0.1759096086025238, 0.17281211912631989, 0.17171239852905273, 0.17165853083133698, 0.17017216980457306, 0.17037247121334076, 0.16860061883926392, 0.1724943369626999, 0.17018526792526245, 0.168905109167099, 0.17072199285030365, 0.169700488448143, 0.17161615192890167, 0.17176970839500427, 0.16829271614551544, 0.16911165416240692, 0.17027515172958374, 0.16833269596099854, 0.17182907462120056, 0.16823674738407135, 0.17200005054473877, 0.17368417978286743, 0.16784802079200745, 0.17366299033164978, 0.17373356223106384, 0.17085662484169006, 0.17544107139110565, 0.17060527205467224, 0.17270849645137787, 0.1699121594429016, 0.1717751920223236, 0.1703888177871704, 0.1706259846687317, 0.1693616807460785, 0.17266049981117249, 0.16977950930595398, 0.1737021654844284, 0.17140184342861176, 0.17245961725711823, 0.1699070930480957, 0.17257159948349, 0.16916082799434662, 0.17178870737552643, 0.17122744023799896, 0.17133407294750214, 0.16926732659339905, 0.17164446413516998, 0.17232856154441833, 0.17187447845935822, 0.1729840338230133, 0.17313379049301147, 0.17166900634765625, 0.17414169013500214, 0.17286430299282074, 0.1739283800125122, 0.17150449752807617, 0.17046409845352173, 0.1723700314760208, 0.17121344804763794, 0.1712617427110672, 0.17090898752212524, 0.17314134538173676, 0.1731441169977188, 0.17164497077465057, 0.17482610046863556, 0.17202235758304596, 0.17430219054222107, 0.1717444658279419, 0.17261825501918793, 0.1721707284450531, 0.17490273714065552, 0.17220714688301086, 0.1744217425584793, 0.17178918421268463, 0.1723519265651703, 0.17181238532066345, 0.1746864765882492, 0.1723395138978958, 0.17159372568130493, 0.17363548278808594, 0.17348268628120422, 0.17220565676689148, 0.1741357296705246, 0.17484788596630096, 0.17904116213321686, 0.1733136624097824, 0.17458446323871613, 0.17243534326553345, 0.1762603372335434, 0.1744908094406128, 0.17134004831314087, 0.1738443821668625, 0.17454127967357635, 0.17608048021793365, 0.1773531585931778, 0.17449697852134705, 0.17568770051002502, 0.17302249372005463, 0.17458650469779968, 0.17238424718379974, 0.17421185970306396, 0.17584985494613647, 0.17616085708141327, 0.1738463044166565, 0.17746132612228394, 0.1760217845439911, 0.1751943826675415, 0.17445234954357147, 0.17725172638893127, 0.17734700441360474, 0.17988166213035583, 0.1781102418899536, 0.17571687698364258, 0.17628099024295807, 0.17396701872348785, 0.17853982746601105, 0.17547239363193512, 0.17634300887584686, 0.17661896347999573, 0.1772053837776184, 0.17701126635074615, 0.1782698780298233, 0.17993415892124176, 0.17856711149215698, 0.1793556958436966, 0.1807069629430771, 0.18128104507923126, 0.17932315170764923, 0.17686590552330017, 0.17983175814151764, 0.18315988779067993, 0.18377305567264557, 0.18222802877426147, 0.18002231419086456, 0.18036890029907227, 0.18227562308311462, 0.17960527539253235, 0.18040157854557037, 0.18326473236083984, 0.18066149950027466, 0.1785535216331482, 0.1808992177248001, 0.18205362558364868, 0.18438692390918732, 0.18182258307933807, 0.18215534090995789, 0.1825302690267563, 0.18482013046741486, 0.18557067215442657, 0.18516431748867035, 0.18324683606624603, 0.18601404130458832, 0.18297997117042542, 0.18667000532150269, 0.1866258978843689, 0.18601934611797333, 0.18635286390781403, 0.18735471367835999, 0.18791839480400085, 0.19047391414642334, 0.1875838041305542, 0.18770645558834076, 0.18709972500801086, 0.18765796720981598, 0.18929530680179596, 0.18870851397514343, 0.1883493959903717, 0.19060637056827545, 0.18915769457817078, 0.18829891085624695, 0.18874381482601166, 0.1896730214357376, 0.19313769042491913, 0.18912246823310852, 0.19130994379520416, 0.19016264379024506, 0.19086118042469025, 0.19316798448562622, 0.19067804515361786, 0.19465117156505585, 0.19455961883068085, 0.19306319952011108, 0.19527000188827515, 0.19416899979114532, 0.1926482766866684, 0.19364547729492188, 0.1937168687582016, 0.19663852453231812, 0.19867098331451416, 0.19643224775791168, 0.19335642457008362, 0.1946001797914505, 0.19677677750587463, 0.19734981656074524]",33.0,"[33.0, 33.0, 33.0, 33.0, 33.0, 33.0, 33.0, 33.0, 33.0, 33.0, 33.0, 33.0, 33.0, 33.0, 33.0, 33.0, 33.0, 33.0, 33.0, 33.0, 33.0, 33.0, 33.0, 33.0, 33.0, 33.0, 33.0, 33.0, 33.0, 33.0, 33.0, 33.0, 33.0, 33.0, 33.0, 33.0, 33.0, 33.0, 33.0, 33.0, 33.0, 33.0, 33.0, 33.0, 33.0, 33.0, 33.0, 33.0, 33.0, 33.0, 33.0, 33.0, 33.0, 33.0, 33.0, 33.0, 33.0, 33.0, 33.0, 33.0, 33.0, 33.0, 33.0, 33.0, 33.0, 33.0, 33.0, 33.0, 33.0, 33.0, 33.0, 33.0, 33.0, 33.0, 33.0, 33.0, 33.0, 33.0, 33.0, 33.0, 33.0, 33.0, 33.0, 33.0, 33.0, 33.0, 33.0, 33.0, 33.0, 33.0, 33.0, 33.0, 33.0, 33.0, 33.0, 33.0, 33.0, 33.0, 33.0, 33.0, 33.0, 33.0, 33.0, 33.0, 33.0, 33.0, 33.0, 33.0, 33.0, 33.0, 33.0, 33.0, 33.0, 33.0, 33.0, 33.0, 33.0, 33.0, 33.0, 33.0, 33.0, 33.0, 33.0, 33.0, 33.0, 33.0, 33.0, 33.0, 33.0, 33.0, 33.0, 33.0, 33.0, 33.0, 33.0, 33.0, 33.0, 33.0, 33.0, 33.0, 33.0, 33.0, 33.0, 33.0, 33.0, 33.0, 33.0, 33.0, 33.0, 33.0, 33.0, 33.0, 33.0, 33.0, 33.0, 33.0, 33.0, 33.0, 33.0, 33.0, 33.0, 33.0, 33.0, 33.0, 33.0, 33.0, 33.0, 33.0, 33.0, 33.0, 33.0, 33.0, 33.0, 33.0, 33.0, 33.0, 33.0, 33.0, 33.0, 33.0, 33.0, 33.0, 33.0, 33.0, 33.0, 33.0, 33.0, 33.0, 33.0, 33.0, 33.0, 33.0, 33.0, 33.0, 33.0, 33.0, 33.0, 33.0, 33.0, 33.0, 33.0, 33.0, 33.0, 33.0, 33.0, 33.0, 33.0, 33.0, 33.0, 33.0, 33.0, 33.0, 33.0, 33.0, 33.0, 33.0, 33.0, 33.0, 33.0, 33.0, 33.0, 33.0, 33.0, 33.0, 33.0, 33.0, 33.0, 33.0, 33.0, 33.0, 33.0, 33.0, 33.0, 33.0, 33.0, 33.0, 33.0, 33.0, 33.0, 33.0, 33.0, 33.0, 33.0, 33.0, 33.0, 33.0, 33.0, 33.0, 33.0, 33.0, 33.0, 33.0, 33.0, 33.0, 33.0, 33.0, 33.0, 33.0, 33.0, 33.0, 33.0, 33.0, 33.0, 33.0, 33.0, 33.0, 33.0, 33.0, 33.0, 33.0, 33.0, 33.0, 33.0, 33.0, 33.0, 33.0, 33.0, 33.0, 33.0, 33.0, 33.0, 33.0, 33.0, 33.0, 33.0, 33.0, 33.0, 33.0, 33.0, 33.0, 33.0, 33.0, 33.0, 33.0, 33.0, 33.0, 33.0, 33.0, 33.0, 33.0, 33.0, 33.0, 33.0, 33.0, 33.0, 33.0, 33.0, 33.0, 33.0, 33.0, 33.0, 33.0, 33.0, 33.0, 33.0, 33.0, 33.0, 33.0, 33.0, 33.0, 3