,number,value,datetime_start,datetime_complete,duration,params_batch_size_scaler,params_constant_learning_rate,params_depth,params_epochs,params_kernel_l2,params_num_trees,params_temperature,user_attrs_accuracy_test,user_attrs_accuracy_valid,user_attrs_approximate_feature_sparsity,user_attrs_approximate_feature_sparsity_history,user_attrs_approximate_weight_sparsity,user_attrs_approximate_weight_sparsity_history,user_attrs_auc_test,user_attrs_auc_valid,user_attrs_feature_sparsity,user_attrs_feature_sparsity_history,user_attrs_num_epochs,user_attrs_val_loss_history,user_attrs_weight_sparsity,user_attrs_weight_sparsity_history,state
41,41,0.8997565405572516,2024-08-31 02:21:43.764602,2024-08-31 02:23:01.443834,0 days 00:01:17.679232,64,0.3019485660829367,5,410,0.0047942637406424475,48,0.00040463045120195775,0.905,0.89875,33,"[33, 33, 33, 33, 33, 33, 33, 33, 33, 33, 33, 33, 33, 33, 33, 33, 33, 33, 33, 33, 33, 33, 33, 33, 33, 33, 33, 33, 33, 33, 33, 33, 33, 33, 33, 33, 33, 33, 33, 33, 33, 33, 33, 33, 33, 33, 33, 33, 33, 33, 33, 33, 33, 33, 33, 33, 33, 33, 33, 33, 33, 33, 33, 33, 33, 33, 33, 33, 33, 33, 33, 33, 33, 33, 33, 33, 33, 33, 33, 33, 33, 33, 33, 33, 33, 33, 33, 33, 33, 33, 33, 33, 33, 33, 33, 33, 33, 33, 33, 33, 33, 33, 33, 33, 33, 33, 33, 33, 33, 33, 33, 33, 33, 33, 33, 33, 33, 33, 33, 33, 33, 33, 33, 33, 33, 33, 33, 33, 33, 33, 33, 33, 33, 33, 33, 33, 33, 33, 33, 33, 33, 33, 33, 33, 33, 33, 33, 33, 33, 33, 33, 33, 33, 33, 33, 33, 33, 33, 33, 33, 33, 33, 33, 33, 33, 33, 33, 33, 33, 33, 33, 33, 33, 33, 33, 33, 33, 33, 33, 33, 33, 33, 33, 33, 33, 33, 33, 33, 33, 33, 33, 33, 33, 33, 33, 33, 33, 33, 33, 33, 33, 33, 33, 33, 33, 33, 33, 33, 33, 33, 33, 33, 33, 33, 33, 33, 33, 33, 33, 33, 33, 33, 33, 33, 33, 33, 33, 33, 33, 33, 33, 33, 33, 33, 33, 33, 33, 33, 33, 33, 33, 33, 33, 33, 33, 33, 33, 33, 33, 33, 33, 33, 33, 33, 33, 33, 33, 33, 33, 33, 33, 33, 33, 33, 33, 33, 33, 33, 33, 33, 33, 33, 33, 33, 33, 33, 33, 33, 33, 33, 33, 33, 33, 33, 33, 33, 33, 33, 33, 33, 33, 33, 33, 33, 33, 33, 33, 33, 33, 33, 33, 33, 33, 33, 33, 33, 33, 33, 33, 33, 33, 33, 33, 33, 33, 33, 33, 33, 33, 33, 33, 33, 33, 33, 33, 33, 33, 33, 33, 33, 33, 33, 33, 33, 33, 33, 33, 33, 33, 33, 33, 33, 33, 33, 33, 33, 33, 33, 33, 33, 33, 33, 33, 33, 33, 33, 33, 33, 33, 33, 33, 33, 33, 33, 33, 33, 33, 33, 33, 33, 33, 33, 33, 33, 33, 33, 33, 33, 33, 33, 33, 33, 33, 33, 33, 33, 33, 33, 33, 33, 33, 33, 33, 33, 33, 33, 33, 33, 33, 33, 33, 33, 33, 33, 33, 33, 33, 33, 33, 33]",32.94489247311828,"[32.961021505376344, 32.961021505376344, 32.95900537634408, 32.95094086021505, 32.9502688172043, 32.94556451612903, 32.95295698924731, 32.95497311827957, 32.961693548387096, 32.95631720430107, 32.95564516129032, 32.95631720430107, 32.950268817204304, 32.9516129032258, 32.94959677419355, 32.95228494623656, 32.95631720430107, 32.95564516129032, 32.95228494623656, 32.95161290322581, 32.94892473118279, 32.942204301075265, 32.950268817204304, 32.94422043010753, 32.94220430107527, 32.94825268817205, 32.946236559139784, 32.94892473118279, 32.94825268817204, 32.950940860215056, 32.94959677419355, 32.95161290322581, 32.950268817204304, 32.94220430107527, 32.94758064516129, 32.95564516129032, 32.950940860215056, 32.9502688172043, 32.95295698924731, 32.95967741935484, 32.95094086021505, 32.94489247311828, 32.94825268817204, 32.94892473118279, 32.94556451612903, 32.94892473118279, 32.94556451612903, 32.95161290322581, 32.94825268817204, 32.94422043010753, 32.94758064516129, 32.94825268817204, 32.94489247311828, 32.94892473118279, 32.95631720430107, 32.94758064516129, 32.95564516129032, 32.961021505376344, 32.956989247311824, 32.95295698924731, 32.950940860215056, 32.94556451612903, 32.94556451612903, 32.950940860215056, 32.94825268817204, 32.950268817204304, 32.954301075268816, 32.94959677419355, 32.953629032258064, 32.94758064516129, 32.95295698924731, 32.94892473118279, 32.94489247311828, 32.950268817204304, 32.946236559139784, 32.943548387096776, 32.954301075268816, 32.950940860215056, 32.946236559139784, 32.95295698924731, 32.94892473118279, 32.94892473118279, 32.942204301075265, 32.954301075268816, 32.957661290322584, 32.953629032258064, 32.95833333333333, 32.95295698924731, 32.95228494623656, 32.95228494623656, 32.954301075268816, 32.95564516129032, 32.95161290322581, 32.95631720430107, 32.94825268817205, 32.95161290322581, 32.954301075268816, 32.958333333333336, 32.95631720430107, 32.96236559139785, 32.95766129032258, 32.95631720430107, 32.956989247311824, 32.95497311827957, 32.95497311827957, 32.954301075268816, 32.94825268817204, 32.95161290322581, 32.95631720430107, 32.950940860215056, 32.95564516129032, 32.953629032258064, 32.954301075268816, 32.953629032258064, 32.949596774193544, 32.9516129032258, 32.95497311827957, 32.95094086021505, 32.949596774193544, 32.9489247311828, 32.95161290322581, 32.946908602150536, 32.946236559139784, 32.942876344086024, 32.938844086021504, 32.94018817204301, 32.94489247311828, 32.94825268817204, 32.94220430107527, 32.938844086021504, 32.94018817204301, 32.93077956989247, 32.939516129032256, 32.938844086021504, 32.943548387096776, 32.93817204301075, 32.93682795698925, 32.94220430107527, 32.938844086021504, 32.942204301075265, 32.939516129032256, 32.93817204301075, 32.94354838709677, 32.94556451612903, 32.942204301075265, 32.946236559139784, 32.94422043010753, 32.943548387096776, 32.94153225806452, 32.9489247311828, 32.9516129032258, 32.950940860215056, 32.953629032258064, 32.94153225806451, 32.94892473118279, 32.94892473118279, 32.94758064516129, 32.94556451612903, 32.94825268817204, 32.950268817204304, 32.9502688172043, 32.94018817204301, 32.94153225806451, 32.94086021505376, 32.94489247311828, 32.94018817204301, 32.94825268817204, 32.950940860215056, 32.95161290322581, 32.95161290322581, 32.94825268817204, 32.95161290322581, 32.9502688172043, 32.94825268817204, 32.943548387096776, 32.94489247311828, 32.94892473118279, 32.939516129032256, 32.942204301075265, 32.94489247311828, 32.94825268817204, 32.95295698924731, 32.946908602150536, 32.94556451612903, 32.94153225806451, 32.94422043010753, 32.942204301075265, 32.94018817204301, 32.94018817204301, 32.94086021505376, 32.94153225806451, 32.943548387096776, 32.9375, 32.939516129032256, 32.94018817204301, 32.94018817204301, 32.94489247311828, 32.939516129032256, 32.94825268817204, 32.94556451612903, 32.94422043010753, 32.94287634408602, 32.94556451612903, 32.943548387096776, 32.938844086021504, 32.93951612903226, 32.94153225806452, 32.94220430107527, 32.94489247311828, 32.943548387096776, 32.946236559139784, 32.94086021505376, 32.942204301075265, 32.94556451612903, 32.93817204301075, 32.939516129032256, 32.94153225806452, 32.9375, 32.93481182795699, 32.93682795698925, 32.94556451612903, 32.94489247311828, 32.94422043010753, 32.94556451612903, 32.946236559139784, 32.943548387096776, 32.949596774193544, 32.950268817204304, 32.95497311827957, 32.95497311827957, 32.946908602150536, 32.950940860215056, 32.94489247311828, 32.946236559139784, 32.946236559139784, 32.939516129032256, 32.942876344086024, 32.93817204301075, 32.93817204301075, 32.94287634408602, 32.94758064516129, 32.94825268817204, 32.94758064516129, 32.94220430107527, 32.936155913978496, 32.94086021505377, 32.94153225806451, 32.9489247311828, 32.94758064516129, 32.94220430107527, 32.94489247311828, 32.946908602150536, 32.94422043010753, 32.943548387096776, 32.94086021505376, 32.94556451612903, 32.946236559139784, 32.943548387096776, 32.94825268817204, 32.946908602150536, 32.94422043010753, 32.942876344086024, 32.946236559139784, 32.94018817204301, 32.94489247311828, 32.946236559139784, 32.94758064516129, 32.94422043010753, 32.943548387096776, 32.94825268817204, 32.94825268817204, 32.953629032258064, 32.950940860215056, 32.946236559139784, 32.953629032258064, 32.95094086021505, 32.946908602150536, 32.94825268817204, 32.95295698924731, 32.95161290322581, 32.95295698924731, 32.94892473118279, 32.94825268817204, 32.94153225806452, 32.93817204301075, 32.94556451612903, 32.949596774193544, 32.9489247311828, 32.949596774193544, 32.9502688172043, 32.94556451612903, 32.94489247311828, 32.942876344086024, 32.939516129032256, 32.94086021505376, 32.94220430107527, 32.94556451612903, 32.950268817204304, 32.94758064516129, 32.94758064516129, 32.94153225806451, 32.94018817204301, 32.93817204301075, 32.9375, 32.935483870967744, 32.93951612903226, 32.939516129032256, 32.94422043010753, 32.94556451612903, 32.94959677419355, 32.94153225806451, 32.94086021505376, 32.946908602150536, 32.95295698924731, 32.94959677419355, 32.946908602150536, 32.94892473118279, 32.946236559139784, 32.946236559139784, 32.94825268817204, 32.946236559139784, 32.95161290322581, 32.950268817204304, 32.950268817204304, 32.949596774193544, 32.94959677419355, 32.95228494623656, 32.950268817204304, 32.950940860215056, 32.94825268817205, 32.942876344086024, 32.94489247311828, 32.94489247311828, 32.946908602150536, 32.943548387096776, 32.94086021505376, 32.94825268817204, 32.94959677419355, 32.94556451612903, 32.95295698924731, 32.94959677419355, 32.950268817204304, 32.95161290322581, 32.94153225806451, 32.94489247311828, 32.94758064516129, 32.943548387096776, 32.94892473118279, 32.95295698924731, 32.953629032258064, 32.95228494623656, 32.95228494623656, 32.95228494623656, 32.95161290322581, 32.949596774193544, 32.94892473118279, 32.94825268817204, 32.94489247311828, 32.94354838709677, 32.942876344086024, 32.946908602150536, 32.943548387096776, 32.949596774193544, 32.95564516129032, 32.950268817204304, 32.954301075268816, 32.9516129032258, 32.95228494623656, 32.946236559139784, 32.950940860215056, 32.94959677419355, 32.950268817204304, 32.95161290322581, 32.949596774193544, 32.9502688172043, 32.9502688172043, 32.9502688172043, 32.94556451612903, 32.94556451612903, 32.946908602150536, 32.94556451612903, 32.949596774193544, 32.943548387096776, 32.94489247311828, 32.94556451612903, 32.954301075268816, 32.956989247311824, 32.950940860215056, 32.95564516129032, 32.95698924731183, 32.954301075268816, 32.95497311827957, 32.95295698924731, 32.950268817204304, 32.95094086021505, 32.94758064516129, 32.94556451612903, 32.94422043010753, 32.946236559139784, 32.94489247311828, 32.946908602150536, 32.946236559139784, 32.946236559139784, 32.943548387096776, 32.942876344086024, 32.93817204301075, 32.94220430107527, 32.943548387096776, 32.943548387096776, 32.94489247311828]",0.8831397220914967,0.8997565405572516,33,"[33, 33, 33, 33, 33, 33, 33, 33, 33, 33, 33, 33, 33, 33, 33, 33, 33, 33, 33, 33, 33, 33, 33, 33, 33, 33, 33, 33, 33, 33, 33, 33, 33, 33, 33, 33, 33, 33, 33, 33, 33, 33, 33, 33, 33, 33, 33, 33, 33, 33, 33, 33, 33, 33, 33, 33, 33, 33, 33, 33, 33, 33, 33, 33, 33, 33, 33, 33, 33, 33, 33, 33, 33, 33, 33, 33, 33, 33, 33, 33, 33, 33, 33, 33, 33, 33, 33, 33, 33, 33, 33, 33, 33, 33, 33, 33, 33, 33, 33, 33, 33, 33, 33, 33, 33, 33, 33, 33, 33, 33, 33, 33, 33, 33, 33, 33, 33, 33, 33, 33, 33, 33, 33, 33, 33, 33, 33, 33, 33, 33, 33, 33, 33, 33, 33, 33, 33, 33, 33, 33, 33, 33, 33, 33, 33, 33, 33, 33, 33, 33, 33, 33, 33, 33, 33, 33, 33, 33, 33, 33, 33, 33, 33, 33, 33, 33, 33, 33, 33, 33, 33, 33, 33, 33, 33, 33, 33, 33, 33, 33, 33, 33, 33, 33, 33, 33, 33, 33, 33, 33, 33, 33, 33, 33, 33, 33, 33, 33, 33, 33, 33, 33, 33, 33, 33, 33, 33, 33, 33, 33, 33, 33, 33, 33, 33, 33, 33, 33, 33, 33, 33, 33, 33, 33, 33, 33, 33, 33, 33, 33, 33, 33, 33, 33, 33, 33, 33, 33, 33, 33, 33, 33, 33, 33, 33, 33, 33, 33, 33, 33, 33, 33, 33, 33, 33, 33, 33, 33, 33, 33, 33, 33, 33, 33, 33, 33, 33, 33, 33, 33, 33, 33, 33, 33, 33, 33, 33, 33, 33, 33, 33, 33, 33, 33, 33, 33, 33, 33, 33, 33, 33, 33, 33, 33, 33, 33, 33, 33, 33, 33, 33, 33, 33, 33, 33, 33, 33, 33, 33, 33, 33, 33, 33, 33, 33, 33, 33, 33, 33, 33, 33, 33, 33, 33, 33, 33, 33, 33, 33, 33, 33, 33, 33, 33, 33, 33, 33, 33, 33, 33, 33, 33, 33, 33, 33, 33, 33, 33, 33, 33, 33, 33, 33, 33, 33, 33, 33, 33, 33, 33, 33, 33, 33, 33, 33, 33, 33, 33, 33, 33, 33, 33, 33, 33, 33, 33, 33, 33, 33, 33, 33, 33, 33, 33, 33, 33, 33, 33, 33, 33, 33, 33, 33, 33, 33, 33, 33, 33, 33, 33, 33, 33, 33, 33, 33, 33, 33, 33, 33, 33]",410,"[0.4431449770927429, 0.410692036151886, 0.4007818102836609, 0.3964102566242218, 0.393508642911911, 0.39267364144325256, 0.38990670442581177, 0.38818609714508057, 0.3868230879306793, 0.38556087017059326, 0.38456863164901733, 0.3834928274154663, 0.3823389708995819, 0.38110578060150146, 0.3802420496940613, 0.37942686676979065, 0.37859171628952026, 0.3776124119758606, 0.376830518245697, 0.37618035078048706, 0.375169575214386, 0.37446990609169006, 0.37374770641326904, 0.373031884431839, 0.3725826144218445, 0.37208089232444763, 0.3718004524707794, 0.37134528160095215, 0.37093743681907654, 0.3705361485481262, 0.37016212940216064, 0.36985141038894653, 0.3693302571773529, 0.3690909147262573, 0.3692229092121124, 0.3691435754299164, 0.368618369102478, 0.368164986371994, 0.3676578104496002, 0.36734700202941895, 0.36692914366722107, 0.36643391847610474, 0.3664450943470001, 0.3660549521446228, 0.3657243251800537, 0.365052729845047, 0.3647069036960602, 0.36451852321624756, 0.36414700746536255, 0.3637274503707886, 0.3635752201080322, 0.36303913593292236, 0.36311042308807373, 0.36285483837127686, 0.36207345128059387, 0.3614041805267334, 0.36102786660194397, 0.36068999767303467, 0.3601900041103363, 0.3603306710720062, 0.36027950048446655, 0.35951969027519226, 0.3594365417957306, 0.35890743136405945, 0.3585200011730194, 0.35838207602500916, 0.3581233322620392, 0.3578464388847351, 0.3575841188430786, 0.35736891627311707, 0.3569842278957367, 0.35697421431541443, 0.3565221428871155, 0.35632219910621643, 0.35633033514022827, 0.3559052348136902, 0.3555609881877899, 0.3551347255706787, 0.35486292839050293, 0.35456517338752747, 0.35431715846061707, 0.3539547622203827, 0.3539562523365021, 0.3534606695175171, 0.3533385992050171, 0.35302793979644775, 0.3527141511440277, 0.35244712233543396, 0.35208365321159363, 0.3518042266368866, 0.35160940885543823, 0.35103264451026917, 0.3508974313735962, 0.3507637679576874, 0.35042208433151245, 0.35043439269065857, 0.35024479031562805, 0.3497989773750305, 0.3493686020374298, 0.349232941865921, 0.34868109226226807, 0.34852635860443115, 0.3481612503528595, 0.3478729724884033, 0.3473656475543976, 0.3470320403575897, 0.3468307554721832, 0.3465419113636017, 0.34643641114234924, 0.3459814190864563, 0.34586820006370544, 0.34529435634613037, 0.3448764681816101, 0.3446252942085266, 0.3442336320877075, 0.3440874218940735, 0.3442763388156891, 0.3434840142726898, 0.34298136830329895, 0.34267687797546387, 0.34242674708366394, 0.3419848382472992, 0.341825395822525, 0.3415029048919678, 0.3412066400051117, 0.3409745693206787, 0.3409000337123871, 0.34053418040275574, 0.3403335511684418, 0.3398336172103882, 0.33968302607536316, 0.339231938123703, 0.3392857015132904, 0.33880820870399475, 0.33866390585899353, 0.3384915888309479, 0.3380592465400696, 0.3378044366836548, 0.3375527560710907, 0.33722245693206787, 0.33651143312454224, 0.33620843291282654, 0.3359678387641907, 0.33580222725868225, 0.33542492985725403, 0.33522143959999084, 0.3350071310997009, 0.3346790075302124, 0.3343859612941742, 0.33416688442230225, 0.33363351225852966, 0.33335503935813904, 0.3332711160182953, 0.3333248496055603, 0.33278101682662964, 0.33218082785606384, 0.3318707346916199, 0.3314511179924011, 0.3312698006629944, 0.33087801933288574, 0.3305432200431824, 0.330158531665802, 0.32959622144699097, 0.329670250415802, 0.3292914927005768, 0.32910025119781494, 0.3286387622356415, 0.3282981514930725, 0.328328937292099, 0.3278311491012573, 0.32753223180770874, 0.3275905251502991, 0.32712307572364807, 0.3268693685531616, 0.3265237808227539, 0.3264521062374115, 0.3261013329029083, 0.32534730434417725, 0.3248058557510376, 0.3240698575973511, 0.32380378246307373, 0.32381266355514526, 0.32329073548316956, 0.32278546690940857, 0.32223042845726013, 0.3219326436519623, 0.3214740753173828, 0.3211316168308258, 0.32120850682258606, 0.3208615779876709, 0.3203856647014618, 0.3199581205844879, 0.3199177086353302, 0.3195616602897644, 0.3192158639431, 0.3188090920448303, 0.3180731534957886, 0.31771165132522583, 0.31710681319236755, 0.31679052114486694, 0.31654104590415955, 0.31610995531082153, 0.315757155418396, 0.31583985686302185, 0.31533023715019226, 0.3148480951786041, 0.31474000215530396, 0.3144010603427887, 0.31356653571128845, 0.31295013427734375, 0.3122994899749756, 0.31224381923675537, 0.3118860721588135, 0.311552494764328, 0.31114110350608826, 0.3111112415790558, 0.31073400378227234, 0.3102506101131439, 0.30997195839881897, 0.30940893292427063, 0.30891019105911255, 0.30856865644454956, 0.3083564341068268, 0.307965487241745, 0.30736687779426575, 0.30698034167289734, 0.3067340850830078, 0.3062243163585663, 0.30582690238952637, 0.30545613169670105, 0.3050784170627594, 0.304662823677063, 0.304480642080307, 0.30393218994140625, 0.3037191331386566, 0.30328893661499023, 0.3032134771347046, 0.30352163314819336, 0.30259791016578674, 0.30147507786750793, 0.3011782467365265, 0.3007522523403168, 0.30044984817504883, 0.30046823620796204, 0.2998337745666504, 0.2994953989982605, 0.29877498745918274, 0.2985002100467682, 0.2981114983558655, 0.2975061237812042, 0.2969137728214264, 0.2965051233768463, 0.2960928976535797, 0.29567593336105347, 0.2950892448425293, 0.2949969470500946, 0.29430970549583435, 0.293923944234848, 0.29334715008735657, 0.2932150363922119, 0.29302653670310974, 0.29266655445098877, 0.29234617948532104, 0.2920309603214264, 0.2912634313106537, 0.2906649112701416, 0.29027509689331055, 0.2899603247642517, 0.28950071334838867, 0.28861677646636963, 0.2882018983364105, 0.2874557077884674, 0.2871931195259094, 0.2868676483631134, 0.28654223680496216, 0.28570687770843506, 0.28559866547584534, 0.2845533788204193, 0.2840277850627899, 0.2837514877319336, 0.2831077575683594, 0.2827486991882324, 0.2823353409767151, 0.2818509042263031, 0.2814808189868927, 0.2809267044067383, 0.28052303194999695, 0.2801235020160675, 0.2799101173877716, 0.2797354459762573, 0.27961310744285583, 0.27935147285461426, 0.27884405851364136, 0.27873510122299194, 0.2782107889652252, 0.27771681547164917, 0.2769933044910431, 0.2769276201725006, 0.2770997881889343, 0.276531845331192, 0.2758272588253021, 0.27574270963668823, 0.27563759684562683, 0.27510279417037964, 0.27476584911346436, 0.27430906891822815, 0.27397421002388, 0.27376070618629456, 0.2734929621219635, 0.2731998562812805, 0.27323591709136963, 0.27286791801452637, 0.27233654260635376, 0.27190008759498596, 0.2713088393211365, 0.2706992030143738, 0.2704162001609802, 0.2700502872467041, 0.2702564299106598, 0.2700965106487274, 0.26960164308547974, 0.2695658504962921, 0.2696177065372467, 0.269416868686676, 0.2685704529285431, 0.2680223882198334, 0.2675777077674866, 0.26706889271736145, 0.26662445068359375, 0.26648184657096863, 0.2660854160785675, 0.26595884561538696, 0.2655211389064789, 0.26523181796073914, 0.26471588015556335, 0.2641172409057617, 0.26367664337158203, 0.26317933201789856, 0.26281213760375977, 0.262625128030777, 0.2623114287853241, 0.262003630399704, 0.26158609986305237, 0.2612880766391754, 0.26102685928344727, 0.26080355048179626, 0.2604979872703552, 0.26011693477630615, 0.2599327564239502, 0.2595943808555603, 0.2594732344150543, 0.2593425214290619, 0.2593298852443695, 0.25867292284965515, 0.25845423340797424, 0.2578190267086029, 0.25776562094688416, 0.25715675950050354, 0.256971538066864, 0.2570221722126007, 0.25666385889053345, 0.2561972141265869, 0.25630900263786316, 0.2559926509857178, 0.2560746967792511, 0.2559124529361725, 0.2558789551258087, 0.25580933690071106, 0.254928857088089, 0.25501951575279236, 0.25492504239082336, 0.2545868456363678, 0.2543722987174988, 0.2541116774082184, 0.2537853717803955, 0.25346675515174866, 0.25325024127960205, 0.2532794177532196, 0.25339263677597046, 0.2529439628124237, 0.2527409493923187, 0.25231727957725525, 0.25212886929512024, 0.25167983770370483, 0.2515990436077118, 0.25136783719062805, 0.2510167956352234, 0.2506309747695923, 0.2502455711364746, 0.25010111927986145, 0.24958719313144684, 0.24948149919509888, 0.2492883801460266, 0.2490324229001999, 0.24878379702568054, 0.24875332415103912, 0.24865804612636566, 0.2484549731016159, 0.24806681275367737, 0.24802611768245697, 0.24771028757095337, 0.24769960343837738, 0.2476109266281128, 0.24738217890262604, 0.24725280702114105, 0.24653859436511993, 0.24648155272006989, 0.24596290290355682, 0.24570776522159576, 0.24593991041183472]",33.0,"[33.0, 33.0, 33.0, 33.0, 33.0, 33.0, 33.0, 33.0, 33.0, 33.0, 33.0, 33.0, 33.0, 33.0, 33.0, 33.0, 33.0, 33.0, 33.0, 33.0, 33.0, 33.0, 33.0, 33.0, 33.0, 33.0, 33.0, 33.0, 33.0, 33.0, 33.0, 33.0, 33.0, 33.0, 33.0, 33.0, 33.0, 33.0, 33.0, 33.0, 33.0, 33.0, 33.0, 33.0, 33.0, 33.0, 33.0, 33.0, 33.0, 33.0, 33.0, 33.0, 33.0, 33.0, 33.0, 33.0, 33.0, 33.0, 33.0, 33.0, 33.0, 33.0, 33.0, 33.0, 33.0, 33.0, 33.0, 33.0, 33.0, 33.0, 33.0, 33.0, 33.0, 33.0, 33.0, 33.0, 33.0, 33.0, 33.0, 33.0, 33.0, 33.0, 33.0, 33.0, 33.0, 33.0, 33.0, 33.0, 33.0, 33.0, 33.0, 33.0, 33.0, 33.0, 33.0, 33.0, 33.0, 33.0, 33.0, 33.0, 33.0, 33.0, 33.0, 33.0, 33.0, 33.0, 33.0, 33.0, 33.0, 33.0, 33.0, 33.0, 33.0, 33.0, 33.0, 33.0, 33.0, 33.0, 33.0, 33.0, 33.0, 33.0, 33.0, 33.0, 33.0, 33.0, 33.0, 33.0, 33.0, 33.0, 33.0, 33.0, 33.0, 33.0, 33.0, 33.0, 33.0, 33.0, 33.0, 33.0, 33.0, 33.0, 33.0, 33.0, 33.0, 33.0, 33.0, 33.0, 33.0, 33.0, 33.0, 33.0, 33.0, 33.0, 33.0, 33.0, 33.0, 33.0, 33.0, 33.0, 33.0, 33.0, 33.0, 33.0, 33.0, 33.0, 33.0, 33.0, 33.0, 33.0, 33.0, 33.0, 33.0, 33.0, 33.0, 33.0, 33.0, 33.0, 33.0, 33.0, 33.0, 33.0, 33.0, 33.0, 33.0, 33.0, 33.0, 33.0, 33.0, 33.0, 33.0, 33.0, 33.0, 33.0, 33.0, 33.0, 33.0, 33.0, 33.0, 33.0, 33.0, 33.0, 33.0, 33.0, 33.0, 33.0, 33.0, 33.0, 33.0, 33.0, 33.0, 33.0, 33.0, 33.0, 33.0, 33.0, 33.0, 33.0, 33.0, 33.0, 33.0, 33.0, 33.0, 33.0, 33.0, 33.0, 33.0, 33.0, 33.0, 33.0, 33.0, 33.0, 33.0, 33.0, 33.0, 33.0, 33.0, 33.0, 33.0, 33.0, 33.0, 33.0, 33.0, 33.0, 33.0, 33.0, 33.0, 33.0, 33.0, 33.0, 33.0, 33.0, 33.0, 33.0, 33.0, 33.0, 33.0, 33.0, 33.0, 33.0, 3