,number,value,datetime_start,datetime_complete,duration,params_batch_size_scaler,params_constant_learning_rate,params_depth,params_epochs,params_kernel_l2,params_num_trees,params_temperature,user_attrs_accuracy_test,user_attrs_accuracy_valid,user_attrs_approximate_feature_sparsity,user_attrs_approximate_feature_sparsity_history,user_attrs_approximate_weight_sparsity,user_attrs_approximate_weight_sparsity_history,user_attrs_auc_test,user_attrs_auc_valid,user_attrs_feature_sparsity,user_attrs_feature_sparsity_history,user_attrs_num_epochs,user_attrs_val_loss_history,user_attrs_weight_sparsity,user_attrs_weight_sparsity_history,state
132,132,0.9336862851180584,2024-08-31 06:41:18.400936,2024-08-31 06:42:40.205156,0 days 00:01:21.804220,16,0.2550694496626802,4,390,0.05582469117803453,15,0.001581158352067042,0.947,0.95625,19,"[33, 33, 33, 33, 33, 33, 33, 33, 33, 33, 33, 33, 33, 33, 33, 33, 33, 33, 33, 33, 33, 33, 33, 33, 33, 33, 33, 33, 33, 33, 33, 33, 33, 33, 33, 33, 33, 33, 33, 33, 33, 33, 33, 33, 33, 33, 33, 33, 33, 33, 33, 33, 33, 33, 33, 33, 33, 33, 33, 33, 33, 33, 33, 33, 33, 33, 33, 33, 33, 33, 33, 33, 33, 33, 33, 33, 33, 33, 33, 33, 33, 33, 32, 31, 30, 30, 30, 30, 29, 29, 29, 28, 27, 26, 26, 26, 24, 23, 23, 22, 21, 21, 20, 20, 20, 20, 20, 20, 20, 19, 19, 19, 19, 19, 19, 19, 19, 19, 19, 19, 19, 19, 19, 19, 19, 19, 19, 19, 19, 19, 19, 19, 19, 19, 19, 19, 19, 19, 19, 19, 19, 19, 19, 19, 19, 19, 19, 19, 19, 19, 19, 19, 19, 19, 19, 19, 19, 19, 19, 19, 19, 19, 19, 19, 19, 19, 19, 19, 19, 19, 19, 19, 19, 19, 19, 19, 19, 19, 19, 19, 19, 19, 19, 19, 19, 19, 19, 19, 19, 19, 19, 19, 19, 19, 19, 19, 19, 19, 19, 19, 19, 19, 19, 19, 19, 19, 19, 19, 19, 19, 19, 19, 19, 19, 19, 19, 19, 19, 19, 19, 19, 19, 19, 19, 19, 19, 19, 19, 19, 19, 19, 19, 19, 19, 19, 19, 19, 19, 19, 19, 19, 19, 19, 19, 19, 19, 19, 19, 19, 19, 19, 19, 19, 19, 19, 19, 19, 19, 19, 19, 19, 19, 19, 19, 19, 19, 19, 19, 19, 19, 19, 19, 19, 19, 19, 19, 19, 19, 19, 19, 19, 19, 19, 19, 19, 19, 19, 19, 19, 19, 19, 19, 19, 19, 19, 19, 19, 19, 19, 19, 19, 19, 19, 19, 19, 19, 19, 19, 19, 19, 19, 19, 19, 19, 19, 19, 19, 19, 19, 19, 19, 19, 19, 19, 19, 19, 19, 19, 19, 19, 19, 19, 19, 19, 19, 19, 19, 19, 19, 19, 19, 19, 19, 19, 19, 19, 19, 19, 19, 19, 19, 19, 19, 19, 19, 19, 19, 19, 19, 19, 19, 19, 19, 19, 19, 19, 19, 19, 19, 19, 19, 19, 19, 19, 19, 19, 19, 19, 19, 19, 19, 19, 19, 19, 19, 19, 19, 19, 19, 19]",18.99111111111111,"[32.98222222222222, 32.96, 32.98222222222222, 32.96888888888889, 32.97333333333333, 32.98222222222222, 32.977777777777774, 32.97777777777778, 33.0, 32.977777777777774, 32.96888888888889, 32.98222222222222, 32.99111111111111, 32.995555555555555, 32.98222222222222, 32.98222222222222, 32.986666666666665, 32.973333333333336, 32.97333333333333, 32.99111111111111, 32.977777777777774, 32.96888888888889, 32.977777777777774, 32.97777777777778, 32.99111111111111, 32.98222222222222, 32.95111111111111, 32.96888888888889, 32.96, 32.955555555555556, 32.973333333333336, 32.98222222222222, 32.986666666666665, 32.986666666666665, 32.98222222222222, 32.98222222222222, 32.986666666666665, 32.99111111111111, 32.986666666666665, 32.986666666666665, 32.964444444444446, 32.98222222222222, 32.96888888888889, 32.98222222222222, 32.977777777777774, 32.96888888888889, 32.98222222222222, 32.973333333333336, 32.98222222222222, 32.973333333333336, 32.96888888888889, 32.973333333333336, 32.99111111111111, 32.99111111111111, 32.986666666666665, 32.98222222222222, 32.96888888888889, 32.96888888888889, 32.98222222222222, 32.96888888888889, 32.973333333333336, 32.964444444444446, 32.973333333333336, 32.964444444444446, 32.955555555555556, 32.96, 32.96, 32.964444444444446, 32.973333333333336, 32.973333333333336, 32.964444444444446, 32.964444444444446, 32.96888888888889, 32.97777777777778, 32.96, 32.964444444444446, 32.96, 32.99111111111111, 32.986666666666665, 32.973333333333336, 32.98222222222222, 32.977777777777774, 31.977777777777778, 30.98222222222222, 29.98222222222222, 29.97777777777778, 29.995555555555555, 29.977777777777778, 28.986666666666665, 28.995555555555555, 28.986666666666665, 28.0, 26.986666666666665, 25.97777777777778, 25.977777777777778, 25.973333333333336, 23.973333333333336, 22.973333333333336, 22.995555555555555, 21.995555555555555, 20.982222222222223, 20.964444444444446, 19.986666666666668, 19.986666666666665, 19.995555555555555, 19.973333333333333, 19.99111111111111, 19.982222222222223, 20.0, 18.986666666666668, 18.995555555555555, 18.97777777777778, 18.982222222222223, 18.99111111111111, 18.99111111111111, 18.99111111111111, 18.973333333333336, 18.99111111111111, 18.995555555555555, 18.982222222222223, 18.986666666666668, 18.99111111111111, 18.99111111111111, 18.99111111111111, 18.99111111111111, 19.0, 18.995555555555555, 18.977777777777778, 18.977777777777778, 18.986666666666665, 18.99111111111111, 18.99111111111111, 18.986666666666665, 18.982222222222223, 18.99111111111111, 18.99111111111111, 18.99111111111111, 18.99111111111111, 18.99111111111111, 18.986666666666668, 18.995555555555555, 18.986666666666668, 18.986666666666668, 18.986666666666668, 18.986666666666665, 18.99111111111111, 18.973333333333333, 18.98222222222222, 18.99111111111111, 18.986666666666668, 18.986666666666668, 18.995555555555555, 18.982222222222223, 18.99111111111111, 18.995555555555555, 19.0, 18.995555555555555, 18.982222222222223, 18.977777777777778, 18.99111111111111, 18.982222222222223, 18.977777777777778, 18.99111111111111, 18.986666666666668, 18.97777777777778, 18.977777777777778, 18.986666666666668, 18.986666666666665, 18.99111111111111, 18.982222222222223, 18.986666666666668, 18.982222222222223, 18.977777777777778, 18.977777777777778, 18.977777777777778, 18.96, 18.977777777777778, 18.977777777777778, 18.973333333333333, 18.98222222222222, 18.977777777777774, 18.977777777777778, 18.977777777777778, 18.98222222222222, 18.99111111111111, 18.982222222222223, 18.982222222222223, 18.986666666666665, 18.98222222222222, 18.995555555555555, 18.977777777777778, 18.99111111111111, 18.99111111111111, 18.977777777777778, 18.98222222222222, 18.973333333333333, 18.982222222222223, 18.977777777777774, 18.951111111111114, 18.973333333333333, 18.977777777777778, 18.977777777777778, 18.973333333333333, 18.973333333333333, 18.96888888888889, 18.977777777777778, 18.98222222222222, 18.96888888888889, 18.96, 18.964444444444442, 18.982222222222223, 18.982222222222223, 18.98222222222222, 18.982222222222223, 18.973333333333333, 18.977777777777778, 18.982222222222223, 18.99111111111111, 18.986666666666668, 18.99111111111111, 18.99111111111111, 18.995555555555555, 18.995555555555555, 18.986666666666665, 18.99111111111111, 18.99111111111111, 18.977777777777778, 18.995555555555555, 19.0, 18.99111111111111, 18.986666666666668, 18.97777777777778, 18.973333333333333, 18.986666666666668, 18.982222222222223, 18.977777777777778, 18.973333333333333, 18.977777777777778, 18.986666666666668, 18.995555555555555, 18.995555555555555, 18.99111111111111, 18.986666666666668, 18.99111111111111, 18.986666666666668, 18.986666666666668, 18.986666666666665, 18.986666666666665, 18.99111111111111, 19.0, 18.986666666666668, 18.986666666666668, 18.995555555555555, 18.995555555555555, 18.986666666666668, 18.99111111111111, 18.986666666666665, 18.982222222222223, 18.982222222222223, 18.982222222222223, 18.977777777777778, 18.986666666666668, 18.986666666666665, 18.982222222222223, 18.982222222222223, 18.977777777777778, 18.977777777777778, 18.973333333333333, 18.982222222222223, 18.99111111111111, 18.99111111111111, 18.977777777777778, 18.982222222222223, 18.995555555555555, 18.99111111111111, 18.982222222222223, 18.986666666666668, 18.986666666666668, 18.99111111111111, 18.99111111111111, 18.99111111111111, 18.99111111111111, 18.99111111111111, 18.986666666666668, 18.98222222222222, 18.973333333333333, 18.986666666666665, 18.99111111111111, 18.99111111111111, 18.99111111111111, 18.995555555555555, 18.995555555555555, 18.986666666666668, 18.97777777777778, 18.97777777777778, 19.0, 18.995555555555555, 18.99111111111111, 18.99111111111111, 18.99111111111111, 18.986666666666665, 18.977777777777778, 18.982222222222223, 18.99111111111111, 18.986666666666665, 18.99111111111111, 18.995555555555555, 18.99111111111111, 18.986666666666665, 18.99111111111111, 18.977777777777778, 18.995555555555555, 18.99111111111111, 18.995555555555555, 18.977777777777778, 18.99111111111111, 18.99111111111111, 18.986666666666665, 18.986666666666665, 18.986666666666668, 18.99111111111111, 18.99111111111111, 18.99111111111111, 18.977777777777778, 18.986666666666665, 18.986666666666665, 18.96888888888889, 18.99111111111111, 18.995555555555555, 18.986666666666665, 18.995555555555555, 18.99111111111111, 18.99111111111111, 18.986666666666668, 18.99111111111111, 18.995555555555555, 18.99111111111111, 18.986666666666665, 18.986666666666665, 18.995555555555555, 18.99111111111111, 18.97777777777778, 18.973333333333336, 18.986666666666665, 18.99111111111111, 18.986666666666668, 18.986666666666668, 18.99111111111111, 18.977777777777778, 18.982222222222223, 18.99111111111111, 18.986666666666665, 18.982222222222223, 18.977777777777778, 18.982222222222223, 18.99111111111111, 18.99111111111111, 18.99111111111111, 18.99111111111111, 18.99111111111111, 18.982222222222223, 18.99111111111111, 18.995555555555555, 18.995555555555555, 18.995555555555555, 18.986666666666665, 18.982222222222223, 18.97777777777778, 18.982222222222223, 18.99111111111111, 18.995555555555555, 18.99111111111111, 18.99111111111111, 18.99111111111111, 18.986666666666665, 18.977777777777778, 18.986666666666668, 18.982222222222223, 18.99111111111111, 18.96888888888889, 18.97777777777778, 18.973333333333336, 18.99111111111111, 18.99111111111111, 19.0, 18.995555555555555, 19.0, 18.995555555555555, 18.99111111111111, 18.99111111111111]",0.9144312618168907,0.9336862851180584,19,"[33, 33, 33, 33, 33, 33, 33, 33, 33, 33, 33, 33, 33, 33, 33, 33, 33, 33, 33, 33, 33, 33, 33, 33, 33, 33, 33, 33, 33, 33, 33, 33, 33, 33, 33, 33, 33, 33, 33, 33, 33, 33, 33, 33, 33, 33, 33, 33, 33, 33, 33, 33, 33, 33, 33, 33, 33, 33, 33, 33, 33, 33, 33, 33, 33, 33, 33, 33, 33, 33, 33, 33, 33, 33, 33, 33, 33, 33, 33, 33, 33, 33, 32, 31, 30, 30, 30, 30, 29, 29, 29, 28, 27, 26, 26, 26, 24, 23, 23, 22, 21, 21, 20, 20, 20, 20, 20, 20, 20, 19, 19, 19, 19, 19, 19, 19, 19, 19, 19, 19, 19, 19, 19, 19, 19, 19, 19, 19, 19, 19, 19, 19, 19, 19, 19, 19, 19, 19, 19, 19, 19, 19, 19, 19, 19, 19, 19, 19, 19, 19, 19, 19, 19, 19, 19, 19, 19, 19, 19, 19, 19, 19, 19, 19, 19, 19, 19, 19, 19, 19, 19, 19, 19, 19, 19, 19, 19, 19, 19, 19, 19, 19, 19, 19, 19, 19, 19, 19, 19, 19, 19, 19, 19, 19, 19, 19, 19, 19, 19, 19, 19, 19, 19, 19, 19, 19, 19, 19, 19, 19, 19, 19, 19, 19, 19, 19, 19, 19, 19, 19, 19, 19, 19, 19, 19, 19, 19, 19, 19, 19, 19, 19, 19, 19, 19, 19, 19, 19, 19, 19, 19, 19, 19, 19, 19, 19, 19, 19, 19, 19, 19, 19, 19, 19, 19, 19, 19, 19, 19, 19, 19, 19, 19, 19, 19, 19, 19, 19, 19, 19, 19, 19, 19, 19, 19, 19, 19, 19, 19, 19, 19, 19, 19, 19, 19, 19, 19, 19, 19, 19, 19, 19, 19, 19, 19, 19, 19, 19, 19, 19, 19, 19, 19, 19, 19, 19, 19, 19, 19, 19, 19, 19, 19, 19, 19, 19, 19, 19, 19, 19, 19, 19, 19, 19, 19, 19, 19, 19, 19, 19, 19, 19, 19, 19, 19, 19, 19, 19, 19, 19, 19, 19, 19, 19, 19, 19, 19, 19, 19, 19, 19, 19, 19, 19, 19, 19, 19, 19, 19, 19, 19, 19, 19, 19, 19, 19, 19, 19, 19, 19, 19, 19, 19, 19, 19, 19, 19, 19, 19, 19, 19, 19, 19, 19, 19, 19, 19, 19, 19, 19]",390,"[0.42930012941360474, 0.41134539246559143, 0.4043666422367096, 0.3997725546360016, 0.395997554063797, 0.39270415902137756, 0.38998621702194214, 0.3874654769897461, 0.3851570785045624, 0.3831843137741089, 0.38113999366760254, 0.37930554151535034, 0.37769031524658203, 0.37594306468963623, 0.37435242533683777, 0.3726836144924164, 0.37140119075775146, 0.3697764277458191, 0.3682611584663391, 0.36628884077072144, 0.36456888914108276, 0.36296868324279785, 0.36137446761131287, 0.359742134809494, 0.35806944966316223, 0.3563195765018463, 0.3544996678829193, 0.35275158286094666, 0.35093554854393005, 0.3491585850715637, 0.3472321033477783, 0.3452410399913788, 0.34332457184791565, 0.3410815894603729, 0.33915969729423523, 0.33709657192230225, 0.3351137042045593, 0.33320048451423645, 0.33117687702178955, 0.32897889614105225, 0.32711878418922424, 0.32528266310691833, 0.32326674461364746, 0.3212412893772125, 0.3194781243801117, 0.3173181414604187, 0.3153948187828064, 0.3136322796344757, 0.31176406145095825, 0.31008586287498474, 0.3082638382911682, 0.306784451007843, 0.30507001280784607, 0.30344727635383606, 0.30204203724861145, 0.3002353310585022, 0.29864606261253357, 0.2974484860897064, 0.2958294451236725, 0.29438868165016174, 0.2929312288761139, 0.29173988103866577, 0.2905395030975342, 0.2892777621746063, 0.2882465124130249, 0.28693491220474243, 0.28589940071105957, 0.28489285707473755, 0.2837590277194977, 0.28264757990837097, 0.2816084623336792, 0.28067415952682495, 0.2795874774456024, 0.27861303091049194, 0.2776818573474884, 0.2769682705402374, 0.27565380930900574, 0.2748791575431824, 0.2738167941570282, 0.2729799747467041, 0.2719669044017792, 0.27111876010894775, 0.2703273892402649, 0.26906290650367737, 0.2671627700328827, 0.2664406895637512, 0.26589271426200867, 0.26482993364334106, 0.26390576362609863, 0.2632172405719757, 0.2626095116138458, 0.262352854013443, 0.26278620958328247, 0.26144084334373474, 0.2604759633541107, 0.2597024738788605, 0.25654321908950806, 0.2551977038383484, 0.25462716817855835, 0.2519470453262329, 0.25195711851119995, 0.2514486610889435, 0.25065094232559204, 0.2500050961971283, 0.24941083788871765, 0.24891334772109985, 0.24859954416751862, 0.24799230694770813, 0.24748991429805756, 0.24625582993030548, 0.2456570565700531, 0.2452966570854187, 0.24464809894561768, 0.2438918501138687, 0.24329860508441925, 0.24270227551460266, 0.24209876358509064, 0.24171052873134613, 0.24120508134365082, 0.2408963441848755, 0.24015022814273834, 0.23965835571289062, 0.2395549714565277, 0.2389104813337326, 0.23827478289604187, 0.2375861406326294, 0.23728780448436737, 0.23693698644638062, 0.23646852374076843, 0.2360796183347702, 0.23556898534297943, 0.23514051735401154, 0.23419678211212158, 0.23375046253204346, 0.23334644734859467, 0.23284120857715607, 0.2324615865945816, 0.23194169998168945, 0.23166824877262115, 0.23138034343719482, 0.23073548078536987, 0.23031793534755707, 0.22993843257427216, 0.22988590598106384, 0.2293771207332611, 0.22884534299373627, 0.22848424315452576, 0.228215754032135, 0.22779153287410736, 0.22737129032611847, 0.2264968752861023, 0.22619964182376862, 0.22594577074050903, 0.2252165973186493, 0.22510796785354614, 0.2250070571899414, 0.22420085966587067, 0.2240307629108429, 0.22377504408359528, 0.22351904213428497, 0.22308188676834106, 0.2226996272802353, 0.22248199582099915, 0.22219133377075195, 0.22143593430519104, 0.22091920673847198, 0.22073467075824738, 0.22034306824207306, 0.21999026834964752, 0.2198452204465866, 0.2194811999797821, 0.2191631942987442, 0.21872778236865997, 0.2182418256998062, 0.21810796856880188, 0.21826700866222382, 0.2175799310207367, 0.2171950489282608, 0.21704989671707153, 0.21648892760276794, 0.21605272591114044, 0.215922549366951, 0.21590743958950043, 0.21602438390254974, 0.21535371243953705, 0.21483048796653748, 0.21442772448062897, 0.2142793983221054, 0.21394897997379303, 0.2137562781572342, 0.2134128361940384, 0.21331292390823364, 0.2126762717962265, 0.2123553454875946, 0.21241827309131622, 0.21210737526416779, 0.21206609904766083, 0.21149367094039917, 0.21147781610488892, 0.2107086032629013, 0.21086309850215912, 0.21051722764968872, 0.21040022373199463, 0.21023277938365936, 0.20993965864181519, 0.20984573662281036, 0.20987926423549652, 0.20965339243412018, 0.2093563675880432, 0.20934171974658966, 0.20922395586967468, 0.20868882536888123, 0.20817609131336212, 0.2079644799232483, 0.20809191465377808, 0.20796850323677063, 0.20760482549667358, 0.2072950303554535, 0.20701642334461212, 0.20690380036830902, 0.2066020518541336, 0.20649084448814392, 0.20618587732315063, 0.20697861909866333, 0.20643173158168793, 0.20547550916671753, 0.20516176521778107, 0.20521090924739838, 0.2054283767938614, 0.20560939610004425, 0.20538073778152466, 0.20461724698543549, 0.20444318652153015, 0.20402812957763672, 0.20473794639110565, 0.2038949429988861, 0.20344194769859314, 0.20338977873325348, 0.2026858776807785, 0.20291532576084137, 0.20294147729873657, 0.20255784690380096, 0.20263206958770752, 0.20234379172325134, 0.2025916874408722, 0.20202459394931793, 0.20198467373847961, 0.20148535072803497, 0.20147554576396942, 0.20143134891986847, 0.20173268020153046, 0.20161540806293488, 0.20208987593650818, 0.20135298371315002, 0.2011292427778244, 0.20104165375232697, 0.2010168880224228, 0.2006063014268875, 0.20040163397789001, 0.2001723051071167, 0.20019306242465973, 0.19965249300003052, 0.1999160796403885, 0.1993599534034729, 0.19941268861293793, 0.19981540739536285, 0.19915081560611725, 0.1987953633069992, 0.19846826791763306, 0.19854846596717834, 0.1985263228416443, 0.19872455298900604, 0.19814758002758026, 0.19809490442276, 0.19798089563846588, 0.19798603653907776, 0.19780606031417847, 0.19776901602745056, 0.19759711623191833, 0.19801349937915802, 0.19752711057662964, 0.19703622162342072, 0.1967782825231552, 0.19731687009334564, 0.19758258759975433, 0.19727949798107147, 0.19713421165943146, 0.1969301551580429, 0.19641169905662537, 0.196516215801239, 0.19654054939746857, 0.196977898478508, 0.19615983963012695, 0.19603924453258514, 0.19560571014881134, 0.19546854496002197, 0.19561767578125, 0.19571571052074432, 0.1957428753376007, 0.19537679851055145, 0.19489805400371552, 0.19488611817359924, 0.19454020261764526, 0.19476228952407837, 0.1946423351764679, 0.19438934326171875, 0.19461610913276672, 0.19437971711158752, 0.19425883889198303, 0.19439075887203217, 0.1941242814064026, 0.19453667104244232, 0.19433623552322388, 0.19364318251609802, 0.1940859854221344, 0.19337914884090424, 0.1934770941734314, 0.19416047632694244, 0.19361190497875214, 0.1933520883321762, 0.1936751753091812, 0.1935531497001648, 0.19352830946445465, 0.19275136291980743, 0.1927422136068344, 0.1922093778848648, 0.19275730848312378, 0.192657008767128, 0.19286225736141205, 0.1929917186498642, 0.19272033870220184, 0.191759392619133, 0.19307130575180054, 0.19310244917869568, 0.19188357889652252, 0.1916130781173706, 0.19270339608192444, 0.1926577389240265, 0.19226673245429993, 0.19225150346755981, 0.1906801164150238, 0.19122003018856049, 0.19101589918136597, 0.1911146342754364, 0.19075468182563782, 0.19025999307632446, 0.19055704772472382, 0.1902189999818802, 0.19028207659721375, 0.19084493815898895, 0.19113492965698242, 0.19027934968471527, 0.19051846861839294, 0.19002094864845276, 0.1909351348876953, 0.190463125705719, 0.1898270845413208, 0.18967480957508087, 0.18940694630146027, 0.18921209871768951, 0.18901340663433075, 0.18916407227516174, 0.18876180052757263, 0.18908439576625824, 0.18907886743545532, 0.18951591849327087, 0.18899500370025635, 0.1884613037109375, 0.1888444572687149, 0.1884946972131729, 0.1885964721441269, 0.18827688694000244, 0.18809768557548523, 0.18869657814502716, 0.1879199743270874, 0.1876767873764038, 0.18785035610198975, 0.18786273896694183, 0.18786336481571198, 0.1880997121334076, 0.18742021918296814, 0.18799400329589844, 0.18804803490638733, 0.1876191645860672, 0.1876421868801117, 0.18709148466587067, 0.18758133053779602, 0.1870070844888687, 0.18781790137290955, 0.18732036650180817]",19.0,"[33.0, 33.0, 33.0, 33.0, 33.0, 33.0, 33.0, 33.0, 33.0, 33.0, 33.0, 33.0, 33.0, 33.0, 33.0, 33.0, 33.0, 33.0, 33.0, 33.0, 33.0, 33.0, 33.0, 33.0, 33.0, 33.0, 33.0, 33.0, 33.0, 33.0, 33.0, 33.0, 33.0, 33.0, 33.0, 33.0, 33.0, 33.0, 33.0, 33.0, 33.0, 33.0, 33.0, 33.0, 33.0, 33.0, 33.0, 33.0, 33.0, 33.0, 33.0, 33.0, 33.0, 33.0, 33.0, 33.0, 33.0, 33.0, 33.0, 33.0, 33.0, 33.0, 33.0, 33.0, 33.0, 33.0, 33.0, 33.0, 33.0, 33.0, 33.0, 33.0, 33.0, 33.0, 33.0, 33.0, 33.0, 33.0, 33.0, 33.0, 33.0, 33.0, 32.0, 31.0, 30.0, 30.0, 30.0, 30.0, 29.0, 29.0, 29.0, 28.0, 27.0, 26.0, 26.0, 26.0, 24.0, 23.0, 23.0, 22.0, 21.0, 21.0, 20.0, 20.0, 20.0, 20.0, 20.0, 20.0, 20.0, 19.0, 19.0, 19.0, 19.0, 19.0, 19.0, 19.0, 19.0, 19.0, 19.0, 19.0, 19.0, 19.0, 19.0, 19.0, 19.0, 19.0, 19.0, 19.0, 19.0, 19.0, 19.0, 19.0, 19.0, 19.0, 19.0, 19.0, 19.0, 19.0, 19.0, 19.0, 19.0, 19.0, 19.0, 19.0, 19.0, 19.0, 19.0, 19.0, 19.0, 19.0, 19.0, 19.0, 19.0, 19.0, 19.0, 19.0, 19.0, 19.0, 19.0, 19.0, 19.0, 19.0, 19.0, 19.0, 19.0, 19.0, 19.0, 19.0, 19.0, 19.0, 19.0, 19.0, 19.0, 19.0, 19.0, 19.0, 19.0, 19.0, 19.0, 19.0, 19.0, 19.0, 19.0, 19.0, 19.0, 19.0, 19.0, 19.0, 19.0, 19.0, 19.0, 19.0, 19.0, 19.0, 19.0, 19.0, 19.0, 19.0, 19.0, 19.0, 19.0, 19.0, 19.0, 19.0, 19.0, 19.0, 19.0, 19.0, 19.0, 19.0, 19.0, 19.0, 19.0, 19.0, 19.0, 19.0, 19.0, 19.0, 19.0, 19.0, 19.0, 19.0, 19.0, 19.0, 19.0, 19.0, 19.0, 19.0, 19.0, 19.0, 19.0, 19.0, 19.0, 19.0, 19.0, 19.0, 19.0, 19.0, 19.0, 19.0, 19.0, 19.0, 19.0, 19.0, 19.0, 19.0, 19.0, 19.0, 19.0, 19.0, 19.0, 19.0, 19.0, 19.0, 19.0, 19.0, 19.0, 19.0, 19.0, 19.0, 19.0, 19.0, 19.0, 19.0, 19.0, 19.0, 19.0, 19.0, 19.0, 19.0, 19.0, 19.0, 19.0, 19.0, 19.0, 19.0, 19.0, 19.0, 19.0, 19.0, 19.0, 19.0, 19.0, 19.0, 19.0, 19.0, 19.0, 19.0, 19.0, 19.0, 19.0, 19.0, 19.0, 19.0, 19.0, 19.0, 19.0, 19.0, 19.0, 19.0, 19.0, 19.0, 19.0, 19.0, 19.0, 19.0, 19.0, 19.0, 19.0, 19.0, 19.0, 19.0, 19.0, 19.0, 19.0, 19.0, 19.0, 19.0, 19.0, 19.0, 19.0, 19.0, 19.0, 19.0, 19.0, 19.0, 19.0, 19.0, 19.0, 19.0, 19.0, 19.0, 19.0, 19.0, 19.0, 19.0, 19.0, 19.0, 19.0, 19.0, 19.0, 19.0, 19.0, 19.0, 19.0, 19.0, 19.0, 19.0, 19.0, 19.0, 19.0, 19.0, 19.0, 19.0, 19.0, 19.0, 19.0, 19.0, 19.0, 19.0, 19.0, 19.0, 19.0, 19.0, 19.0, 19.0, 19.0, 19.0, 19.0, 19.0, 19.0, 19.0, 19.0, 19.0, 19.0, 19.0, 19.0, 19.0, 19.0, 19.0, 19.0, 19.0, 19.0, 19.0, 19.0, 19.0, 19.0, 19.0, 19.0, 19.0]",COMPLETE
