,number,value,datetime_start,datetime_complete,duration,params_batch_size_scaler,params_constant_learning_rate,params_depth,params_epochs,params_kernel_l2,params_num_trees,params_temperature,user_attrs_accuracy_test,user_attrs_accuracy_valid,user_attrs_approximate_feature_sparsity,user_attrs_approximate_feature_sparsity_history,user_attrs_approximate_weight_sparsity,user_attrs_approximate_weight_sparsity_history,user_attrs_auc_test,user_attrs_auc_valid,user_attrs_feature_sparsity,user_attrs_feature_sparsity_history,user_attrs_num_epochs,user_attrs_val_loss_history,user_attrs_weight_sparsity,user_attrs_weight_sparsity_history,state
57,57,0.8979016114696449,2024-08-31 03:06:20.027858,2024-08-31 03:07:51.664286,0 days 00:01:31.636428,4,0.011064490221333335,1,380,0.018827387057281434,70,0.00017820606701338053,0.875,0.88125,33,"[33, 33, 33, 33, 33, 33, 33, 33, 33, 33, 33, 33, 33, 33, 33, 33, 33, 33, 33, 33, 33, 33, 33, 33, 33, 33, 33, 33, 33, 33, 33, 33, 33, 33, 33, 33, 33, 33, 33, 33, 33, 33, 33, 33, 33, 33, 33, 33, 33, 33, 33, 33, 33, 33, 33, 33, 33, 33, 33, 33, 33, 33, 33, 33, 33, 33, 33, 33, 33, 33, 33, 33, 33, 33, 33, 33, 33, 33, 33, 33, 33, 33, 33, 33, 33, 33, 33, 33, 33, 33, 33, 33, 33, 33, 33, 33, 33, 33, 33, 33, 33, 33, 33, 33, 33, 33, 33, 33, 33, 33, 33, 33, 33, 33, 33, 33, 33, 33, 33, 33, 33, 33, 33, 33, 33, 33, 33, 33, 33, 33, 33, 33, 33, 33, 33, 33, 33, 33, 33, 33, 33, 33, 33, 33, 33, 33, 33, 33, 33, 33, 33, 33, 33, 33, 33, 33, 33, 33, 33, 33, 33, 33, 33, 33, 33, 33, 33, 33, 33, 33, 33, 33, 33, 33, 33, 33, 33, 33, 33, 33, 33, 33, 33, 33, 33, 33, 33, 33, 33, 33, 33, 33, 33, 33, 33, 33, 33, 33, 33, 33, 33, 33, 33, 33, 33, 33, 33, 33, 33, 33, 33, 33, 33, 33, 33, 33, 33, 33, 33, 33, 33, 33, 33, 33, 33, 33, 33, 33, 33, 33, 33, 33, 33, 33, 33, 33, 33, 33, 33, 33, 33, 33, 33, 33, 33, 33, 33, 33, 33, 33, 33, 33, 33, 33, 33, 33, 33, 33, 33, 33, 33, 33, 33, 33, 33, 33, 33, 33, 33, 33, 33, 33, 33, 33, 33, 33, 33, 33, 33, 33, 33, 33, 33, 33, 33, 33, 33, 33, 33, 33, 33, 33, 33, 33, 33, 33, 33, 33, 33, 33, 33, 33, 33, 33, 33, 33, 33, 33, 33, 33, 33, 33, 33, 33, 33, 33, 33, 33, 33, 33, 33, 33, 33, 33, 33, 33, 33, 33, 33, 33, 33, 33, 33, 33, 33, 33, 33, 33, 33, 33, 33, 33, 33, 33, 33, 33, 33, 33, 33, 33, 33, 33, 33, 33, 33, 33, 33, 33, 33, 33, 33, 33, 33, 33, 33, 33, 33, 33, 33, 33, 33, 33, 33, 33, 33, 33, 33, 33, 33, 33]",32.98571428571429,"[32.98571428571429, 33.0, 33.0, 33.0, 32.98571428571429, 33.0, 32.98571428571429, 33.0, 33.0, 33.0, 33.0, 32.98571428571429, 33.0, 32.98571428571429, 33.0, 32.98571428571429, 33.0, 32.98571428571429, 33.0, 33.0, 32.98571428571429, 32.98571428571429, 32.971428571428575, 32.98571428571429, 33.0, 33.0, 32.98571428571429, 32.98571428571429, 32.98571428571429, 32.98571428571429, 33.0, 33.0, 33.0, 32.98571428571429, 33.0, 33.0, 32.98571428571429, 33.0, 33.0, 32.98571428571429, 32.98571428571429, 32.98571428571429, 32.957142857142856, 32.971428571428575, 32.98571428571429, 32.971428571428575, 33.0, 33.0, 33.0, 32.98571428571429, 33.0, 33.0, 33.0, 33.0, 33.0, 33.0, 33.0, 32.98571428571429, 33.0, 33.0, 33.0, 32.98571428571429, 33.0, 33.0, 33.0, 33.0, 33.0, 32.98571428571429, 32.98571428571429, 33.0, 32.98571428571429, 33.0, 33.0, 33.0, 33.0, 33.0, 33.0, 32.98571428571429, 33.0, 33.0, 32.98571428571429, 32.98571428571429, 33.0, 33.0, 33.0, 33.0, 33.0, 33.0, 33.0, 33.0, 32.98571428571429, 33.0, 33.0, 32.98571428571429, 32.98571428571429, 32.971428571428575, 32.98571428571429, 32.98571428571429, 32.971428571428575, 32.94285714285714, 32.92857142857143, 32.971428571428575, 32.98571428571429, 32.98571428571429, 32.98571428571429, 32.971428571428575, 32.98571428571429, 32.957142857142856, 32.98571428571429, 32.98571428571429, 32.98571428571429, 32.98571428571429, 33.0, 33.0, 33.0, 33.0, 32.98571428571429, 32.98571428571429, 33.0, 33.0, 33.0, 32.98571428571429, 32.98571428571429, 32.98571428571429, 33.0, 33.0, 32.98571428571429, 33.0, 33.0, 33.0, 33.0, 32.98571428571429, 32.98571428571429, 32.971428571428575, 32.98571428571429, 32.98571428571429, 32.971428571428575, 32.971428571428575, 32.98571428571429, 32.98571428571429, 32.98571428571429, 32.98571428571429, 32.971428571428575, 32.971428571428575, 32.971428571428575, 32.971428571428575, 32.971428571428575, 32.957142857142856, 32.957142857142856, 32.957142857142856, 33.0, 32.98571428571429, 33.0, 33.0, 33.0, 32.98571428571429, 32.98571428571429, 33.0, 33.0, 33.0, 33.0, 32.98571428571429, 32.971428571428575, 32.98571428571429, 32.971428571428575, 32.98571428571429, 32.98571428571429, 32.98571428571429, 33.0, 33.0, 33.0, 33.0, 33.0, 33.0, 32.98571428571429, 32.98571428571429, 32.971428571428575, 32.971428571428575, 32.971428571428575, 32.971428571428575, 32.98571428571429, 32.98571428571429, 32.957142857142856, 32.971428571428575, 32.98571428571429, 32.98571428571429, 32.98571428571429, 32.98571428571429, 32.98571428571429, 32.98571428571429, 32.971428571428575, 32.98571428571429, 32.98571428571429, 32.98571428571429, 32.98571428571429, 33.0, 33.0, 33.0, 33.0, 33.0, 33.0, 33.0, 33.0, 32.98571428571429, 33.0, 33.0, 32.98571428571429, 32.98571428571429, 33.0, 33.0, 33.0, 33.0, 32.98571428571429, 33.0, 33.0, 33.0, 33.0, 33.0, 33.0, 33.0, 33.0, 33.0, 33.0, 33.0, 33.0, 33.0, 32.98571428571429, 32.98571428571429, 32.98571428571429, 32.957142857142856, 32.971428571428575, 32.971428571428575, 32.98571428571429, 32.98571428571429, 32.98571428571429, 32.971428571428575, 32.971428571428575, 32.957142857142856, 32.957142857142856, 32.957142857142856, 32.957142857142856, 32.971428571428575, 32.98571428571429, 32.98571428571429, 32.98571428571429, 32.98571428571429, 32.98571428571429, 32.98571428571429, 32.98571428571429, 32.971428571428575, 32.98571428571429, 32.971428571428575, 32.98571428571429, 32.971428571428575, 32.971428571428575, 32.957142857142856, 32.971428571428575, 32.957142857142856, 32.971428571428575, 32.98571428571429, 32.98571428571429, 32.98571428571429, 32.98571428571429, 32.971428571428575, 33.0, 33.0, 33.0, 32.98571428571429, 33.0, 33.0, 33.0, 33.0, 32.98571428571429, 33.0, 33.0, 32.98571428571429, 32.971428571428575, 33.0, 32.971428571428575, 32.98571428571429, 32.971428571428575, 32.957142857142856, 32.957142857142856, 32.957142857142856, 32.971428571428575, 32.971428571428575, 32.971428571428575, 32.971428571428575, 32.971428571428575, 32.957142857142856, 32.957142857142856, 32.971428571428575, 32.98571428571429, 32.98571428571429, 32.98571428571429, 32.98571428571429, 32.971428571428575, 32.98571428571429, 32.98571428571429, 32.98571428571429, 32.98571428571429, 33.0, 32.98571428571429, 33.0, 33.0, 32.98571428571429, 32.98571428571429, 32.971428571428575, 32.971428571428575, 32.98571428571429, 32.98571428571429, 32.98571428571429, 32.971428571428575, 32.971428571428575, 33.0, 32.971428571428575, 32.98571428571429, 33.0, 32.971428571428575, 32.971428571428575, 32.98571428571429, 33.0, 33.0, 33.0, 33.0, 33.0, 33.0, 33.0, 33.0, 33.0, 33.0, 33.0, 33.0, 33.0, 33.0, 33.0, 33.0, 33.0, 32.98571428571429, 33.0, 33.0, 33.0, 33.0, 33.0, 33.0, 33.0, 33.0, 33.0, 32.98571428571429, 33.0, 33.0, 33.0, 33.0, 32.971428571428575, 32.98571428571429, 32.98571428571429, 32.98571428571429, 32.98571428571429, 32.98571428571429, 32.971428571428575, 33.0, 33.0, 32.98571428571429, 32.98571428571429, 32.98571428571429, 33.0, 32.98571428571429, 33.0, 32.98571428571429, 33.0, 33.0, 32.98571428571429, 32.98571428571429, 32.98571428571429, 33.0, 33.0, 33.0, 33.0, 32.971428571428575, 32.98571428571429]",0.8860542111477142,0.8979016114696449,33,"[33, 33, 33, 33, 33, 33, 33, 33, 33, 33, 33, 33, 33, 33, 33, 33, 33, 33, 33, 33, 33, 33, 33, 33, 33, 33, 33, 33, 33, 33, 33, 33, 33, 33, 33, 33, 33, 33, 33, 33, 33, 33, 33, 33, 33, 33, 33, 33, 33, 33, 33, 33, 33, 33, 33, 33, 33, 33, 33, 33, 33, 33, 33, 33, 33, 33, 33, 33, 33, 33, 33, 33, 33, 33, 33, 33, 33, 33, 33, 33, 33, 33, 33, 33, 33, 33, 33, 33, 33, 33, 33, 33, 33, 33, 33, 33, 33, 33, 33, 33, 33, 33, 33, 33, 33, 33, 33, 33, 33, 33, 33, 33, 33, 33, 33, 33, 33, 33, 33, 33, 33, 33, 33, 33, 33, 33, 33, 33, 33, 33, 33, 33, 33, 33, 33, 33, 33, 33, 33, 33, 33, 33, 33, 33, 33, 33, 33, 33, 33, 33, 33, 33, 33, 33, 33, 33, 33, 33, 33, 33, 33, 33, 33, 33, 33, 33, 33, 33, 33, 33, 33, 33, 33, 33, 33, 33, 33, 33, 33, 33, 33, 33, 33, 33, 33, 33, 33, 33, 33, 33, 33, 33, 33, 33, 33, 33, 33, 33, 33, 33, 33, 33, 33, 33, 33, 33, 33, 33, 33, 33, 33, 33, 33, 33, 33, 33, 33, 33, 33, 33, 33, 33, 33, 33, 33, 33, 33, 33, 33, 33, 33, 33, 33, 33, 33, 33, 33, 33, 33, 33, 33, 33, 33, 33, 33, 33, 33, 33, 33, 33, 33, 33, 33, 33, 33, 33, 33, 33, 33, 33, 33, 33, 33, 33, 33, 33, 33, 33, 33, 33, 33, 33, 33, 33, 33, 33, 33, 33, 33, 33, 33, 33, 33, 33, 33, 33, 33, 33, 33, 33, 33, 33, 33, 33, 33, 33, 33, 33, 33, 33, 33, 33, 33, 33, 33, 33, 33, 33, 33, 33, 33, 33, 33, 33, 33, 33, 33, 33, 33, 33, 33, 33, 33, 33, 33, 33, 33, 33, 33, 33, 33, 33, 33, 33, 33, 33, 33, 33, 33, 33, 33, 33, 33, 33, 33, 33, 33, 33, 33, 33, 33, 33, 33, 33, 33, 33, 33, 33, 33, 33, 33, 33, 33, 33, 33, 33, 33, 33, 33, 33, 33, 33, 33, 33, 33, 33, 33, 33, 33, 33]",380,"[0.42947348952293396, 0.4230725169181824, 0.4177067279815674, 0.4128223657608032, 0.40888553857803345, 0.40554043650627136, 0.40262138843536377, 0.40006551146507263, 0.39810043573379517, 0.3959701955318451, 0.394367516040802, 0.39269858598709106, 0.391300231218338, 0.39006301760673523, 0.3892892897129059, 0.3879009187221527, 0.3869149684906006, 0.38636043667793274, 0.38528507947921753, 0.3849303126335144, 0.3836277723312378, 0.38291874527931213, 0.3832247257232666, 0.38211381435394287, 0.38089442253112793, 0.3802988529205322, 0.37974563241004944, 0.37915948033332825, 0.37842801213264465, 0.3779931664466858, 0.37723857164382935, 0.3773342967033386, 0.3764879107475281, 0.3755742907524109, 0.3750742971897125, 0.3746742606163025, 0.37427109479904175, 0.37329384684562683, 0.3729058802127838, 0.3725300133228302, 0.37269794940948486, 0.37139374017715454, 0.3710844814777374, 0.3701142370700836, 0.37000152468681335, 0.36902087926864624, 0.368870347738266, 0.36818504333496094, 0.3679034411907196, 0.36705654859542847, 0.3666384220123291, 0.3659828305244446, 0.3655267357826233, 0.3649788200855255, 0.36495670676231384, 0.3642537295818329, 0.3634900748729706, 0.36299505829811096, 0.3625466227531433, 0.3620600998401642, 0.36182862520217896, 0.36113154888153076, 0.3606213331222534, 0.3604010045528412, 0.3599940538406372, 0.359186589717865, 0.3587365448474884, 0.3583313822746277, 0.35784652829170227, 0.3573998212814331, 0.3591832220554352, 0.3565168082714081, 0.356099933385849, 0.3560696542263031, 0.35539332032203674, 0.3548662066459656, 0.3550242483615875, 0.3540797829627991, 0.3536489009857178, 0.35343092679977417, 0.3531574010848999, 0.35247012972831726, 0.35205212235450745, 0.35166504979133606, 0.3513997793197632, 0.35175421833992004, 0.3516424894332886, 0.3502747714519501, 0.3509594798088074, 0.3493747413158417, 0.3496744930744171, 0.3486357629299164, 0.34828484058380127, 0.3486460745334625, 0.3485300838947296, 0.3473411500453949, 0.3472856283187866, 0.34690213203430176, 0.34630411863327026, 0.3460819125175476, 0.34561479091644287, 0.3453492820262909, 0.3454371988773346, 0.3447154760360718, 0.3443385362625122, 0.34409576654434204, 0.343790739774704, 0.34356725215911865, 0.34319233894348145, 0.3432323932647705, 0.3425903022289276, 0.3423101305961609, 0.34204357862472534, 0.34293922781944275, 0.34165725111961365, 0.3412436246871948, 0.3413667678833008, 0.34077394008636475, 0.34083738923072815, 0.34051090478897095, 0.3399563729763031, 0.33976638317108154, 0.3395121693611145, 0.3392147421836853, 0.339061439037323, 0.33876991271972656, 0.33847081661224365, 0.3382249176502228, 0.33819544315338135, 0.3378848135471344, 0.3375641107559204, 0.3374362885951996, 0.3392704725265503, 0.3372831642627716, 0.3372255563735962, 0.33671966195106506, 0.33615076541900635, 0.33602195978164673, 0.33571213483810425, 0.3355015516281128, 0.33543217182159424, 0.3352939188480377, 0.3388051688671112, 0.33463889360427856, 0.33458012342453003, 0.33430230617523193, 0.3340015411376953, 0.33424142003059387, 0.33389461040496826, 0.33464762568473816, 0.33334243297576904, 0.3330516815185547, 0.33291012048721313, 0.3331708610057831, 0.332734078168869, 0.33282119035720825, 0.33285197615623474, 0.33246275782585144, 0.3319646716117859, 0.33167126774787903, 0.3317874073982239, 0.33200138807296753, 0.3314110040664673, 0.3310752511024475, 0.33072909712791443, 0.331213116645813, 0.33032023906707764, 0.33021679520606995, 0.3301769196987152, 0.32991018891334534, 0.3300091028213501, 0.32968494296073914, 0.32975777983665466, 0.3302100896835327, 0.32910770177841187, 0.32888853549957275, 0.32935988903045654, 0.32881590723991394, 0.32838666439056396, 0.32835766673088074, 0.32819807529449463, 0.3281605839729309, 0.32781079411506653, 0.328197717666626, 0.32775482535362244, 0.3287627696990967, 0.3282819986343384, 0.32724612951278687, 0.32689499855041504, 0.3275107443332672, 0.3269340395927429, 0.32669126987457275, 0.32637009024620056, 0.32650187611579895, 0.32597416639328003, 0.3261604309082031, 0.32569772005081177, 0.32554200291633606, 0.3253782391548157, 0.3260501027107239, 0.3251805007457733, 0.32494214177131653, 0.3248155117034912, 0.3246658742427826, 0.324680358171463, 0.3246694505214691, 0.3243992328643799, 0.3246123492717743, 0.3245835602283478, 0.32440051436424255, 0.32384803891181946, 0.3234407901763916, 0.32357990741729736, 0.32355400919914246, 0.32297176122665405, 0.3227902948856354, 0.32280823588371277, 0.3226722478866577, 0.3223571479320526, 0.3223865032196045, 0.3222724497318268, 0.32200467586517334, 0.3218955993652344, 0.3219846487045288, 0.3216403126716614, 0.3219177722930908, 0.32122477889060974, 0.3212524354457855, 0.3208874464035034, 0.3207932412624359, 0.32131168246269226, 0.32096561789512634, 0.3213939964771271, 0.32162025570869446, 0.3211653530597687, 0.31968608498573303, 0.31958910822868347, 0.31940287351608276, 0.3191601037979126, 0.3197215795516968, 0.3197372257709503, 0.31878840923309326, 0.31843844056129456, 0.3182550072669983, 0.31875765323638916, 0.3184489905834198, 0.3194504678249359, 0.31779611110687256, 0.3174917697906494, 0.31826499104499817, 0.31733015179634094, 0.31703853607177734, 0.31689396500587463, 0.31665557622909546, 0.31690314412117004, 0.3160724937915802, 0.31634214520454407, 0.31554844975471497, 0.3153330087661743, 0.3152276873588562, 0.3148655295372009, 0.31474238634109497, 0.31491708755493164, 0.31483936309814453, 0.31389662623405457, 0.3136981129646301, 0.31343865394592285, 0.3134448528289795, 0.31290310621261597, 0.3138373792171478, 0.31261903047561646, 0.31215956807136536, 0.31189894676208496, 0.3116436004638672, 0.31197381019592285, 0.31117725372314453, 0.310845285654068, 0.31057870388031006, 0.3109663426876068, 0.3101092576980591, 0.31001436710357666, 0.30980759859085083, 0.30915647745132446, 0.30911415815353394, 0.3085273504257202, 0.3084997832775116, 0.3079214096069336, 0.30772122740745544, 0.3076832890510559, 0.3068700134754181, 0.3065253496170044, 0.30618420243263245, 0.3061535656452179, 0.30579766631126404, 0.3057937026023865, 0.3060668706893921, 0.30462467670440674, 0.30468764901161194, 0.3045650124549866, 0.30358317494392395, 0.303119421005249, 0.3027101159095764, 0.30265048146247864, 0.3023836612701416, 0.3018724322319031, 0.30240094661712646, 0.3008882999420166, 0.3004416227340698, 0.3001553416252136, 0.2997411787509918, 0.29926902055740356, 0.29945284128189087, 0.29850807785987854, 0.29808568954467773, 0.29786139726638794, 0.2983906865119934, 0.29757121205329895, 0.2967434823513031, 0.29597532749176025, 0.2955430746078491, 0.2955600321292877, 0.2947136163711548, 0.29544731974601746, 0.29382258653640747, 0.29345038533210754, 0.2932364046573639, 0.2942587733268738, 0.29259827733039856, 0.29177337884902954, 0.2912190854549408, 0.2908785343170166, 0.29053476452827454, 0.2903214395046234, 0.29023686051368713, 0.28908634185791016, 0.2886183559894562, 0.28908485174179077, 0.28895503282546997, 0.28792136907577515, 0.2870422601699829, 0.2866128385066986, 0.2860510051250458, 0.2858028709888458, 0.2851003110408783, 0.2859622836112976, 0.2848894000053406, 0.2838917672634125, 0.2835807204246521, 0.2841252088546753, 0.28265950083732605, 0.2825571894645691, 0.28218013048171997, 0.28224825859069824, 0.28107503056526184, 0.2805146872997284, 0.2802584767341614, 0.2796247601509094, 0.2792733609676361, 0.27871161699295044, 0.2786717712879181, 0.2789967656135559, 0.2775345742702484, 0.2772466540336609, 0.2766796350479126, 0.2772836983203888, 0.27617889642715454, 0.2754991948604584, 0.2756921648979187, 0.27532702684402466, 0.27528733015060425, 0.2747626006603241, 0.27362021803855896, 0.27327555418014526, 0.2732487618923187, 0.2723493278026581, 0.2732855975627899, 0.2728284001350403, 0.27138274908065796, 0.27092820405960083, 0.2711044251918793]",33.0,"[33.0, 33.0, 33.0, 33.0, 33.0, 33.0, 33.0, 33.0, 33.0, 33.0, 33.0, 33.0, 33.0, 33.0, 33.0, 33.0, 33.0, 33.0, 33.0, 33.0, 33.0, 33.0, 33.0, 33.0, 33.0, 33.0, 33.0, 33.0, 33.0, 33.0, 33.0, 33.0, 33.0, 33.0, 33.0, 33.0, 33.0, 33.0, 33.0, 33.0, 33.0, 33.0, 33.0, 33.0, 33.0, 33.0, 33.0, 33.0, 33.0, 33.0, 33.0, 33.0, 33.0, 33.0, 33.0, 33.0, 33.0, 33.0, 33.0, 33.0, 33.0, 33.0, 33.0, 33.0, 33.0, 33.0, 33.0, 33.0, 33.0, 33.0, 33.0, 33.0, 33.0, 33.0, 33.0, 33.0, 33.0, 33.0, 33.0, 33.0, 33.0, 33.0, 33.0, 33.0, 33.0, 33.0, 33.0, 33.0, 33.0, 33.0, 33.0, 33.0, 33.0, 33.0, 33.0, 33.0, 33.0, 33.0, 33.0, 33.0, 33.0, 33.0, 33.0, 33.0, 33.0, 33.0, 33.0, 33.0, 33.0, 33.0, 33.0, 33.0, 33.0, 33.0, 33.0, 33.0, 33.0, 33.0, 33.0, 33.0, 33.0, 33.0, 33.0, 33.0, 33.0, 33.0, 33.0, 33.0, 33.0, 33.0, 33.0, 33.0, 33.0, 33.0, 33.0, 33.0, 33.0, 33.0, 33.0, 33.0, 33.0, 33.0, 33.0, 33.0, 33.0, 33.0, 33.0, 33.0, 33.0, 33.0, 33.0, 33.0, 33.0, 33.0, 33.0, 33.0, 33.0, 33.0, 33.0, 33.0, 33.0, 33.0, 33.0, 33.0, 33.0, 33.0, 33.0, 33.0, 33.0, 33.0, 33.0, 33.0, 33.0, 33.0, 33.0, 33.0, 33.0, 33.0, 33.0, 33.0, 33.0, 33.0, 33.0, 33.0, 33.0, 33.0, 33.0, 33.0, 33.0, 33.0, 33.0, 33.0, 33.0, 33.0, 33.0, 33.0, 33.0, 33.0, 33.0, 33.0, 33.0, 33.0, 33.0, 33.0, 33.0, 33.0, 33.0, 33.0, 33.0, 33.0, 33.0, 33.0, 33.0, 33.0, 33.0, 33.0, 33.0, 33.0, 33.0, 33.0, 33.0, 33.0, 33.0, 33.0, 33.0, 33.0, 33.0, 33.0, 33.0, 33.0, 33.0, 33.0, 33.0, 33.0, 33.0, 33.0, 33.0, 33.0, 33.0, 33.0, 33.0, 33.0, 33.0, 33.0, 33.0, 33.0, 33.0, 33.0, 33.0, 33.0, 33.0, 33.0, 33.0, 33.0, 33.0, 33.0, 33.0, 33.0, 33.0, 33.0, 33.0, 33.0, 33.0, 33.0, 33.0, 33.0, 33.0, 33.0, 33.0, 33.0, 33.0, 33.0, 33.0, 33.0, 33.0, 33.0, 33.0, 33.0, 33.0, 33.0, 33.0, 33.0, 33.0, 33.0, 33.0, 33.0, 33.0, 33.0, 33.0, 33.0, 33.0, 33.0, 33.0, 33.0, 33.0, 33.0, 33.0, 33.0, 33.0, 33.0, 33.0, 33.0, 33.0, 33.0, 33.0, 33.0, 33.0, 33.0, 33.0, 33.0, 33.0, 33.0, 33.0, 33.0, 33.0, 33.0, 33.0, 33.0, 33.0, 33.0, 33.0, 33.0, 33.0, 33.0, 33.0, 33.0, 33.0, 33.0, 33.0, 33.0, 33.0, 33.0, 33.0, 33.0, 33.0, 33.0, 33.0, 33.0, 33.0, 33.0, 33.0, 33.0, 33.0, 33.0, 33.0, 33.0, 33.0, 33.0, 33.0, 33.0, 33.0, 33.0, 33.0, 33.0, 33.0, 33.0, 33.0, 33.0, 33.0, 33.0, 33.0, 33.0, 33.0, 33.0, 33.0, 33.0, 33.0, 33.0, 33.0, 33.0, 33.0, 33.0, 33.0, 33.0, 33.0, 33.0, 33.0, 33.0, 33.0, 33.0]",COMPLETE
