,number,value,datetime_start,datetime_complete,duration,params_batch_size_scaler,params_constant_learning_rate,params_depth,params_epochs,params_kernel_l2,params_num_trees,params_temperature,user_attrs_accuracy_test,user_attrs_accuracy_valid,user_attrs_approximate_feature_sparsity,user_attrs_approximate_feature_sparsity_history,user_attrs_approximate_weight_sparsity,user_attrs_approximate_weight_sparsity_history,user_attrs_auc_test,user_attrs_auc_valid,user_attrs_feature_sparsity,user_attrs_feature_sparsity_history,user_attrs_num_epochs,user_attrs_val_loss_history,user_attrs_weight_sparsity,user_attrs_weight_sparsity_history,state
12,12,0.7946181293555411,2024-08-31 01:21:46.427094,2024-08-31 01:21:58.550802,0 days 00:00:12.123708,64,0.1321732448924487,2,115,0.01232535368181582,9,0.026973834984894925,0.881,0.87625,20,"[33, 33, 33, 33, 33, 33, 33, 33, 33, 33, 33, 33, 33, 32, 32, 32, 32, 32, 32, 31, 31, 31, 31, 30, 29, 29, 29, 28, 28, 28, 28, 28, 26, 26, 26, 25, 25, 25, 25, 25, 25, 25, 25, 25, 24, 24, 24, 24, 24, 24, 24, 24, 24, 24, 24, 24, 24, 24, 24, 24, 24, 24, 24, 24, 24, 24, 24, 24, 24, 24, 24, 24, 24, 24, 24, 24, 24, 24, 24, 23, 23, 23, 23, 23, 23, 23, 23, 23, 22, 22, 22, 22, 22, 22, 22, 22, 22, 21, 21, 21, 21, 21, 21, 21, 21, 21, 21, 21, 21, 21, 21, 21, 20, 20, 20]",20.0,"[33.0, 33.0, 33.0, 33.0, 32.96296296296296, 33.0, 32.96296296296296, 32.96296296296296, 33.0, 33.0, 33.0, 33.0, 33.0, 32.0, 32.0, 31.925925925925924, 31.962962962962962, 32.0, 31.925925925925924, 31.0, 31.0, 30.962962962962962, 31.0, 29.962962962962962, 29.0, 29.0, 29.0, 28.0, 28.0, 28.0, 28.0, 28.0, 26.0, 26.0, 26.0, 25.0, 25.0, 25.0, 25.0, 25.0, 25.0, 25.0, 24.962962962962962, 25.0, 24.0, 24.0, 24.0, 24.0, 24.0, 24.0, 24.0, 23.962962962962962, 23.962962962962962, 24.0, 23.962962962962962, 24.0, 24.0, 24.0, 24.0, 24.0, 24.0, 24.0, 24.0, 24.0, 24.0, 24.0, 24.0, 24.0, 24.0, 24.0, 24.0, 24.0, 24.0, 24.0, 23.962962962962962, 24.0, 24.0, 24.0, 24.0, 23.0, 23.0, 23.0, 22.962962962962962, 23.0, 23.0, 22.962962962962962, 22.962962962962962, 22.962962962962962, 22.0, 22.0, 22.0, 22.0, 22.0, 22.0, 22.0, 21.962962962962962, 21.962962962962962, 21.0, 21.0, 21.0, 21.0, 21.0, 21.0, 21.0, 21.0, 20.962962962962962, 21.0, 21.0, 21.0, 21.0, 21.0, 21.0, 20.0, 20.0, 20.0]",0.8230087764925405,0.7946181293555411,20,"[33, 33, 33, 33, 33, 33, 33, 33, 33, 33, 33, 33, 33, 32, 32, 32, 32, 32, 32, 31, 31, 31, 31, 30, 29, 29, 29, 28, 28, 28, 28, 28, 26, 26, 26, 25, 25, 25, 25, 25, 25, 25, 25, 25, 24, 24, 24, 24, 24, 24, 24, 24, 24, 24, 24, 24, 24, 24, 24, 24, 24, 24, 24, 24, 24, 24, 24, 24, 24, 24, 24, 24, 24, 24, 24, 24, 24, 24, 24, 23, 23, 23, 23, 23, 23, 23, 23, 23, 22, 22, 22, 22, 22, 22, 22, 22, 22, 21, 21, 21, 21, 21, 21, 21, 21, 21, 21, 21, 21, 21, 21, 21, 20, 20, 20]",115,"[0.48654261231422424, 0.4325186014175415, 0.41368284821510315, 0.4048497676849365, 0.40073826909065247, 0.3982186019420624, 0.3955758810043335, 0.3938492238521576, 0.3923465609550476, 0.3910515308380127, 0.38976532220840454, 0.38832584023475647, 0.38708123564720154, 0.38736778497695923, 0.3862494230270386, 0.3851696252822876, 0.38411739468574524, 0.38332322239875793, 0.3824811577796936, 0.3830845355987549, 0.3822675943374634, 0.38165777921676636, 0.38092052936553955, 0.37904393672943115, 0.37776508927345276, 0.377175509929657, 0.37674376368522644, 0.3733653128147125, 0.3725062310695648, 0.37190958857536316, 0.3712559938430786, 0.3705684244632721, 0.3740305006504059, 0.37338438630104065, 0.3731461465358734, 0.3713701367378235, 0.3706341087818146, 0.369972825050354, 0.36936646699905396, 0.36886802315711975, 0.3684752285480499, 0.3678832948207855, 0.36719074845314026, 0.36662590503692627, 0.3652135729789734, 0.36464911699295044, 0.3638026714324951, 0.3632851839065552, 0.36310508847236633, 0.36254259943962097, 0.3620959222316742, 0.3619018793106079, 0.36117318272590637, 0.3602544367313385, 0.35980165004730225, 0.3596797585487366, 0.359098881483078, 0.3586220443248749, 0.3581348657608032, 0.3579332232475281, 0.3571820855140686, 0.35659876465797424, 0.3560860753059387, 0.35573017597198486, 0.35550108551979065, 0.3550199866294861, 0.354441374540329, 0.35407954454421997, 0.35353580117225647, 0.353079229593277, 0.352590948343277, 0.3520149886608124, 0.35160744190216064, 0.35100728273391724, 0.3504822552204132, 0.35020872950553894, 0.34969180822372437, 0.34938767552375793, 0.34883812069892883, 0.34856390953063965, 0.34804320335388184, 0.34762340784072876, 0.34743499755859375, 0.3468593657016754, 0.3462681472301483, 0.3461134433746338, 0.34572833776474, 0.3450271189212799, 0.34262457489967346, 0.34227293729782104, 0.3418048918247223, 0.341315358877182, 0.3412209749221802, 0.34078094363212585, 0.34071171283721924, 0.34019288420677185, 0.33990374207496643, 0.33939608931541443, 0.3389722406864166, 0.338514506816864, 0.33799269795417786, 0.33770906925201416, 0.33734363317489624, 0.33699753880500793, 0.3366278111934662, 0.3365078866481781, 0.3358711004257202, 0.33532610535621643, 0.3347454071044922, 0.3343864679336548, 0.3339473605155945, 0.33375659584999084, 0.33304184675216675, 0.33282944560050964, 0.3325469493865967]",20.0,"[33.0, 33.0, 33.0, 33.0, 33.0, 33.0, 33.0, 33.0, 33.0, 33.0, 33.0, 33.0, 33.0, 32.0, 32.0, 32.0, 32.0, 32.0, 32.0, 31.0, 31.0, 31.0, 31.0, 30.0, 29.0, 29.0, 29.0, 28.0, 28.0, 28.0, 28.0, 28.0, 26.0, 26.0, 26.0, 25.0, 25.0, 25.0, 25.0, 25.0, 25.0, 25.0, 25.0, 25.0, 24.0, 24.0, 24.0, 24.0, 24.0, 24.0, 24.0, 24.0, 24.0, 24.0, 24.0, 24.0, 24.0, 24.0, 24.0, 24.0, 24.0, 24.0, 24.0, 24.0, 24.0, 24.0, 24.0, 24.0, 24.0, 24.0, 24.0, 24.0, 24.0, 24.0, 24.0, 24.0, 24.0, 24.0, 24.0, 23.0, 23.0, 23.0, 23.0, 23.0, 23.0, 23.0, 23.0, 23.0, 22.0, 22.0, 22.0, 22.0, 22.0, 22.0, 22.0, 22.0, 22.0, 21.0, 21.0, 21.0, 21.0, 21.0, 21.0, 21.0, 21.0, 21.0, 21.0, 21.0, 21.0, 21.0, 21.0, 21.0, 20.0, 20.0, 20.0]",COMPLETE
