,number,value,datetime_start,datetime_complete,duration,params_batch_size_scaler,params_constant_learning_rate,params_depth,params_epochs,params_kernel_l2,params_num_trees,params_temperature,user_attrs_accuracy_test,user_attrs_accuracy_valid,user_attrs_approximate_feature_sparsity,user_attrs_approximate_feature_sparsity_history,user_attrs_approximate_weight_sparsity,user_attrs_approximate_weight_sparsity_history,user_attrs_auc_test,user_attrs_auc_valid,user_attrs_feature_sparsity,user_attrs_feature_sparsity_history,user_attrs_num_epochs,user_attrs_val_loss_history,user_attrs_weight_sparsity,user_attrs_weight_sparsity_history,state
36,36,0.9253004598678363,2024-08-31 02:10:05.492654,2024-08-31 02:12:55.740832,0 days 00:02:50.248178,1,0.25451917589141876,4,225,0.007887667309047755,7,0.00033008920431044225,0.929,0.925,30,"[33, 33, 33, 33, 33, 33, 33, 33, 33, 33, 33, 33, 33, 33, 33, 33, 33, 33, 32, 32, 31, 31, 31, 31, 31, 31, 31, 31, 31, 31, 31, 31, 31, 31, 31, 31, 31, 31, 31, 31, 31, 31, 31, 31, 31, 31, 31, 31, 31, 31, 31, 31, 31, 31, 31, 31, 31, 31, 31, 31, 31, 31, 31, 31, 31, 31, 31, 31, 31, 31, 31, 31, 31, 31, 31, 30, 30, 30, 30, 30, 30, 30, 30, 30, 30, 30, 30, 30, 30, 30, 30, 30, 30, 30, 30, 30, 30, 30, 30, 30, 30, 30, 30, 30, 30, 30, 30, 30, 30, 30, 30, 30, 30, 30, 30, 30, 30, 30, 30, 30, 30, 30, 30, 30, 30, 30, 30, 30, 30, 30, 30, 30, 30, 30, 30, 30, 30, 30, 30, 30, 30, 30, 30, 30, 30, 30, 30, 30, 30, 30, 30, 30, 30, 30, 30, 30, 30, 30, 30, 30, 30, 30, 30, 30, 30, 30, 30, 30, 30, 30, 30, 30, 30, 30, 30, 30, 30, 30, 30, 30, 30, 30, 30, 30, 30, 30, 30, 30, 30, 30, 30, 30, 30, 30, 30, 30, 30, 30, 30, 30, 30, 30, 30, 30, 30, 30, 30, 30, 30, 30, 30, 30, 30, 30, 30, 30, 30, 30, 30, 30, 30, 30, 30, 30, 30]",29.99047619047619,"[32.98095238095238, 32.99047619047619, 33.0, 33.0, 32.95238095238095, 32.98095238095238, 32.99047619047619, 32.98095238095238, 32.99047619047619, 32.99047619047619, 32.94285714285714, 33.0, 32.98095238095238, 32.96190476190476, 32.971428571428575, 32.98095238095238, 33.0, 33.0, 31.97142857142857, 31.99047619047619, 30.98095238095238, 31.0, 30.98095238095238, 30.98095238095238, 30.99047619047619, 30.99047619047619, 30.97142857142857, 30.961904761904762, 30.952380952380953, 30.97142857142857, 30.98095238095238, 31.0, 31.0, 31.0, 30.99047619047619, 30.97142857142857, 30.99047619047619, 30.97142857142857, 31.0, 30.99047619047619, 30.97142857142857, 30.99047619047619, 30.98095238095238, 30.97142857142857, 30.98095238095238, 30.99047619047619, 30.98095238095238, 30.99047619047619, 31.0, 30.99047619047619, 30.99047619047619, 30.99047619047619, 30.99047619047619, 30.99047619047619, 30.98095238095238, 30.97142857142857, 30.97142857142857, 30.952380952380953, 30.98095238095238, 30.98095238095238, 30.99047619047619, 30.99047619047619, 31.0, 30.99047619047619, 30.99047619047619, 30.98095238095238, 30.99047619047619, 30.99047619047619, 31.0, 30.98095238095238, 30.99047619047619, 30.99047619047619, 30.98095238095238, 31.0, 31.0, 29.98095238095238, 29.99047619047619, 29.99047619047619, 30.0, 29.99047619047619, 30.0, 30.0, 29.933333333333334, 29.98095238095238, 29.99047619047619, 29.98095238095238, 30.0, 29.99047619047619, 30.0, 29.952380952380953, 29.98095238095238, 29.99047619047619, 30.0, 29.98095238095238, 29.99047619047619, 29.97142857142857, 29.99047619047619, 30.0, 30.0, 29.961904761904762, 29.99047619047619, 29.99047619047619, 29.99047619047619, 29.97142857142857, 29.99047619047619, 29.99047619047619, 29.98095238095238, 29.98095238095238, 29.99047619047619, 29.98095238095238, 29.99047619047619, 29.98095238095238, 29.99047619047619, 30.0, 29.98095238095238, 29.98095238095238, 29.99047619047619, 30.0, 29.99047619047619, 29.98095238095238, 29.98095238095238, 29.98095238095238, 30.0, 29.99047619047619, 30.0, 29.98095238095238, 30.0, 29.97142857142857, 30.0, 30.0, 29.99047619047619, 30.0, 29.99047619047619, 30.0, 30.0, 29.98095238095238, 29.97142857142857, 29.98095238095238, 29.98095238095238, 29.942857142857143, 29.98095238095238, 29.99047619047619, 29.98095238095238, 30.0, 29.961904761904762, 29.98095238095238, 29.97142857142857, 29.99047619047619, 29.952380952380953, 29.933333333333334, 29.99047619047619, 29.97142857142857, 29.961904761904762, 29.98095238095238, 29.99047619047619, 29.97142857142857, 29.99047619047619, 29.961904761904762, 29.97142857142857, 29.97142857142857, 29.99047619047619, 29.98095238095238, 29.99047619047619, 29.97142857142857, 29.98095238095238, 29.97142857142857, 29.97142857142857, 29.961904761904762, 29.99047619047619, 29.98095238095238, 29.98095238095238, 29.952380952380953, 29.98095238095238, 29.961904761904762, 29.952380952380953, 29.98095238095238, 29.99047619047619, 29.961904761904762, 29.97142857142857, 29.99047619047619, 29.97142857142857, 29.952380952380953, 29.961904761904762, 29.99047619047619, 29.98095238095238, 29.961904761904762, 29.97142857142857, 29.98095238095238, 29.97142857142857, 29.98095238095238, 29.99047619047619, 29.98095238095238, 29.97142857142857, 29.952380952380953, 29.952380952380953, 29.961904761904762, 29.97142857142857, 29.97142857142857, 29.97142857142857, 29.98095238095238, 29.97142857142857, 29.97142857142857, 29.98095238095238, 29.98095238095238, 29.97142857142857, 29.97142857142857, 29.97142857142857, 29.97142857142857, 29.99047619047619, 29.98095238095238, 29.98095238095238, 29.98095238095238, 29.961904761904762, 29.961904761904762, 29.97142857142857, 29.98095238095238, 29.99047619047619, 29.99047619047619, 29.99047619047619, 29.98095238095238, 29.98095238095238, 29.98095238095238, 29.99047619047619, 29.98095238095238, 29.99047619047619]",0.9082307482723603,0.9253004598678363,30,"[33, 33, 33, 33, 33, 33, 33, 33, 33, 33, 33, 33, 33, 33, 33, 33, 33, 33, 32, 32, 31, 31, 31, 31, 31, 31, 31, 31, 31, 31, 31, 31, 31, 31, 31, 31, 31, 31, 31, 31, 31, 31, 31, 31, 31, 31, 31, 31, 31, 31, 31, 31, 31, 31, 31, 31, 31, 31, 31, 31, 31, 31, 31, 31, 31, 31, 31, 31, 31, 31, 31, 31, 31, 31, 31, 30, 30, 30, 30, 30, 30, 30, 30, 30, 30, 30, 30, 30, 30, 30, 30, 30, 30, 30, 30, 30, 30, 30, 30, 30, 30, 30, 30, 30, 30, 30, 30, 30, 30, 30, 30, 30, 30, 30, 30, 30, 30, 30, 30, 30, 30, 30, 30, 30, 30, 30, 30, 30, 30, 30, 30, 30, 30, 30, 30, 30, 30, 30, 30, 30, 30, 30, 30, 30, 30, 30, 30, 30, 30, 30, 30, 30, 30, 30, 30, 30, 30, 30, 30, 30, 30, 30, 30, 30, 30, 30, 30, 30, 30, 30, 30, 30, 30, 30, 30, 30, 30, 30, 30, 30, 30, 30, 30, 30, 30, 30, 30, 30, 30, 30, 30, 30, 30, 30, 30, 30, 30, 30, 30, 30, 30, 30, 30, 30, 30, 30, 30, 30, 30, 30, 30, 30, 30, 30, 30, 30, 30, 30, 30, 30, 30, 30, 30, 30, 30]",225,"[0.35119181871414185, 0.3221021592617035, 0.2921885550022125, 0.27166351675987244, 0.2558763027191162, 0.24121788144111633, 0.23503752052783966, 0.22725440561771393, 0.22008457779884338, 0.21357965469360352, 0.2131832093000412, 0.21154195070266724, 0.2001079022884369, 0.20212866365909576, 0.19648770987987518, 0.1967913955450058, 0.19383759796619415, 0.1975814253091812, 0.18710117042064667, 0.19333572685718536, 0.19279955327510834, 0.18998917937278748, 0.19088740646839142, 0.18827606737613678, 0.18864154815673828, 0.18940643966197968, 0.18867072463035583, 0.18413978815078735, 0.1862758845090866, 0.18767371773719788, 0.18076662719249725, 0.18684449791908264, 0.18675857782363892, 0.19056257605552673, 0.1975366473197937, 0.18812474608421326, 0.18706177175045013, 0.18903343379497528, 0.1888154149055481, 0.18653930723667145, 0.19412079453468323, 0.1870030164718628, 0.18928907811641693, 0.1942068487405777, 0.19608907401561737, 0.1922166496515274, 0.20197290182113647, 0.1941404938697815, 0.2071276307106018, 0.20035085082054138, 0.19763320684432983, 0.1934417486190796, 0.20084244012832642, 0.19541946053504944, 0.20365996658802032, 0.20382477343082428, 0.2007765918970108, 0.20007678866386414, 0.21000295877456665, 0.20342132449150085, 0.20125062763690948, 0.20558829605579376, 0.2154628038406372, 0.20431600511074066, 0.21142637729644775, 0.21521802246570587, 0.21742647886276245, 0.21161875128746033, 0.21727965772151947, 0.21820688247680664, 0.21258097887039185, 0.22497811913490295, 0.2299163043498993, 0.23115119338035583, 0.22447317838668823, 0.22842714190483093, 0.22442516684532166, 0.22234663367271423, 0.23677726089954376, 0.22202225029468536, 0.22833701968193054, 0.21751949191093445, 0.2302047610282898, 0.2319750189781189, 0.22403879463672638, 0.22649842500686646, 0.23058389127254486, 0.24494688212871552, 0.23322951793670654, 0.23344537615776062, 0.23422539234161377, 0.23446759581565857, 0.23903794586658478, 0.228601336479187, 0.2361273318529129, 0.24605423212051392, 0.24624304473400116, 0.2388976812362671, 0.24130697548389435, 0.23841871321201324, 0.24282675981521606, 0.24499864876270294, 0.2503858208656311, 0.24592122435569763, 0.2396411895751953, 0.24508966505527496, 0.24404551088809967, 0.24707989394664764, 0.2440056949853897, 0.25669386982917786, 0.2470070719718933, 0.2543477714061737, 0.24250566959381104, 0.25692275166511536, 0.253955215215683, 0.27102795243263245, 0.24950523674488068, 0.24988992512226105, 0.25313445925712585, 0.25760242342948914, 0.25344157218933105, 0.2639698386192322, 0.2574232220649719, 0.25916457176208496, 0.2602189779281616, 0.2572260797023773, 0.26330965757369995, 0.2577749490737915, 0.25902876257896423, 0.2565927803516388, 0.26519644260406494, 0.27054688334465027, 0.26106128096580505, 0.26048964262008667, 0.2707589864730835, 0.26742058992385864, 0.27638474106788635, 0.27601468563079834, 0.27326422929763794, 0.27499920129776, 0.27365636825561523, 0.2633504569530487, 0.2740671634674072, 0.2755197584629059, 0.2677628695964813, 0.2674129605293274, 0.2780132591724396, 0.2764533460140228, 0.27025657892227173, 0.2826669216156006, 0.27802345156669617, 0.2699819505214691, 0.28109264373779297, 0.27384212613105774, 0.2829422056674957, 0.28799089789390564, 0.28858909010887146, 0.2782800793647766, 0.2767561674118042, 0.28823786973953247, 0.2779703736305237, 0.2808859944343567, 0.29280993342399597, 0.30016058683395386, 0.2970021367073059, 0.28631389141082764, 0.28991273045539856, 0.2930145561695099, 0.29017844796180725, 0.29248207807540894, 0.2898138165473938, 0.2947152256965637, 0.28975123167037964, 0.2887457609176636, 0.3012653589248657, 0.2905833423137665, 0.28655633330345154, 0.29001080989837646, 0.29695290327072144, 0.29493433237075806, 0.29580947756767273, 0.30385062098503113, 0.29551687836647034, 0.2912423014640808, 0.3025800585746765, 0.2992214262485504, 0.29221293330192566, 0.30379554629325867, 0.29060980677604675, 0.29348281025886536, 0.3017010986804962, 0.29343223571777344, 0.3070617616176605, 0.3090706467628479, 0.2972797453403473, 0.2975406348705292, 0.30623185634613037, 0.2958950698375702, 0.2982398569583893, 0.3043266534805298, 0.30653083324432373, 0.3131868541240692, 0.2976112961769104, 0.3015902638435364, 0.3045036792755127, 0.3046245872974396, 0.3143986165523529, 0.3041714131832123, 0.30168870091438293, 0.31119731068611145, 0.30055472254753113, 0.30832788348197937, 0.3061957061290741, 0.30984726548194885, 0.3089156448841095, 0.30556192994117737, 0.3107738196849823, 0.31177231669425964, 0.31111955642700195, 0.31248968839645386, 0.30741989612579346, 0.3138616979122162, 0.32093048095703125, 0.31639108061790466, 0.3171725571155548]",30.0,"[33.0, 33.0, 33.0, 33.0, 33.0, 33.0, 33.0, 33.0, 33.0, 33.0, 33.0, 33.0, 33.0, 33.0, 33.0, 33.0, 33.0, 33.0, 32.0, 32.0, 31.0, 31.0, 31.0, 31.0, 31.0, 31.0, 31.0, 31.0, 31.0, 31.0, 31.0, 31.0, 31.0, 31.0, 31.0, 31.0, 31.0, 31.0, 31.0, 31.0, 31.0, 31.0, 31.0, 31.0, 31.0, 31.0, 31.0, 31.0, 31.0, 31.0, 31.0, 31.0, 31.0, 31.0, 31.0, 31.0, 31.0, 31.0, 31.0, 31.0, 31.0, 31.0, 31.0, 31.0, 31.0, 31.0, 31.0, 31.0, 31.0, 31.0, 31.0, 31.0, 31.0, 31.0, 31.0, 30.0, 30.0, 30.0, 30.0, 30.0, 30.0, 30.0, 30.0, 30.0, 30.0, 30.0, 30.0, 30.0, 30.0, 30.0, 30.0, 30.0, 30.0, 30.0, 30.0, 30.0, 30.0, 30.0, 30.0, 30.0, 30.0, 30.0, 30.0, 30.0, 30.0, 30.0, 30.0, 30.0, 30.0, 30.0, 30.0, 30.0, 30.0, 30.0, 30.0, 30.0, 30.0, 30.0, 30.0, 30.0, 30.0, 30.0, 30.0, 30.0, 30.0, 30.0, 30.0, 30.0, 30.0, 30.0, 30.0, 30.0, 30.0, 30.0, 30.0, 30.0, 30.0, 30.0, 30.0, 30.0, 30.0, 30.0, 30.0, 30.0, 30.0, 30.0, 30.0, 30.0, 30.0, 30.0, 30.0, 30.0, 30.0, 30.0, 30.0, 30.0, 30.0, 30.0, 30.0, 30.0, 30.0, 30.0, 30.0, 30.0, 30.0, 30.0, 30.0, 30.0, 30.0, 30.0, 30.0, 30.0, 30.0, 30.0, 30.0, 30.0, 30.0, 30.0, 30.0, 30.0, 30.0, 30.0, 30.0, 30.0, 30.0, 30.0, 30.0, 30.0, 30.0, 30.0, 30.0, 30.0, 30.0, 30.0, 30.0, 30.0, 30.0, 30.0, 30.0, 30.0, 30.0, 30.0, 30.0, 30.0, 30.0, 30.0, 30.0, 30.0, 30.0, 30.0, 30.0, 30.0, 30.0, 30.0, 30.0, 30.0, 30.0, 30.0, 30.0, 30.0, 30.0, 30.0, 30.0, 30.0, 30.0]",COMPLETE
