,number,value,datetime_start,datetime_complete,duration,params_batch_size_scaler,params_constant_learning_rate,params_depth,params_epochs,params_kernel_l2,params_num_trees,params_temperature,user_attrs_accuracy_test,user_attrs_accuracy_valid,user_attrs_approximate_feature_sparsity,user_attrs_approximate_feature_sparsity_history,user_attrs_approximate_weight_sparsity,user_attrs_approximate_weight_sparsity_history,user_attrs_auc_test,user_attrs_auc_valid,user_attrs_feature_sparsity,user_attrs_feature_sparsity_history,user_attrs_num_epochs,user_attrs_val_loss_history,user_attrs_weight_sparsity,user_attrs_weight_sparsity_history,state
149,149,0.925622496167768,2024-08-31 07:38:05.085768,2024-08-31 07:42:35.122272,0 days 00:04:30.036504,4,0.048698275831004834,5,450,0.18299433795370212,28,0.05043413629236816,0.937,0.93875,33,"[33, 33, 33, 33, 33, 33, 33, 33, 33, 33, 33, 33, 33, 33, 33, 33, 33, 33, 33, 33, 33, 33, 33, 33, 33, 33, 33, 33, 33, 33, 33, 33, 33, 33, 33, 33, 33, 33, 33, 33, 33, 33, 33, 33, 33, 33, 33, 33, 33, 33, 33, 33, 33, 33, 33, 33, 33, 33, 33, 33, 33, 33, 33, 33, 33, 33, 33, 33, 33, 33, 33, 33, 33, 33, 33, 33, 33, 33, 33, 33, 33, 33, 33, 33, 33, 33, 33, 33, 33, 33, 33, 33, 33, 33, 33, 33, 33, 33, 33, 33, 33, 33, 33, 33, 33, 33, 33, 33, 33, 33, 33, 33, 33, 33, 33, 33, 33, 33, 33, 33, 33, 33, 33, 33, 33, 33, 33, 33, 33, 33, 33, 33, 33, 33, 33, 33, 33, 33, 33, 33, 33, 33, 33, 33, 33, 33, 33, 33, 33, 33, 33, 33, 33, 33, 33, 33, 33, 33, 33, 33, 33, 33, 33, 33, 33, 33, 33, 33, 33, 33, 33, 33, 33, 33, 33, 33, 33, 33, 33, 33, 33, 33, 33, 33, 33, 33, 33, 33, 33, 33, 33, 33, 33, 33, 33, 33, 33, 33, 33, 33, 33, 33, 33, 33, 33, 33, 33, 33, 33, 33, 33, 33, 33, 33, 33, 33, 33, 33, 33, 33, 33, 33, 33, 33, 33, 33, 33, 33, 33, 33, 33, 33, 33, 33, 33, 33, 33, 33, 33, 33, 33, 33, 33, 33, 33, 33, 33, 33, 33, 33, 33, 33, 33, 33, 33, 33, 33, 33, 33, 33, 33, 33, 33, 33, 33, 33, 33, 33, 33, 33, 33, 33, 33, 33, 33, 33, 33, 33, 33, 33, 33, 33, 33, 33, 33, 33, 33, 33, 33, 33, 33, 33, 33, 33, 33, 33, 33, 33, 33, 33, 33, 33, 33, 33, 33, 33, 33, 33, 33, 33, 33, 33, 33, 33, 33, 33, 33, 33, 33, 33, 33, 33, 33, 33, 33, 33, 33, 33, 33, 33, 33, 33, 33, 33, 33, 33, 33, 33, 33, 33, 33, 33, 33, 33, 33, 33, 33, 33, 33, 33, 33, 33, 33, 33, 33, 33, 33, 33, 33, 33, 33, 33, 33, 33, 33, 33, 33, 33, 33, 33, 33, 33, 33, 33, 33, 33, 33, 33, 33, 33, 33, 33, 33, 33, 33, 33, 33, 33, 33, 33, 33, 33, 33, 33, 33, 33, 33, 33, 33, 33, 33, 33, 33, 33, 33, 33, 33, 33, 33, 33, 33, 33, 33, 33, 33, 33, 33, 33, 33, 33, 33, 33, 33, 33, 33, 33, 33, 33, 33, 33, 33, 33, 33, 33, 33, 33, 33, 33, 33, 33, 33, 33, 33, 33, 33, 33, 33, 33, 33, 33]",32.93663594470046,"[32.94815668202765, 32.94930875576037, 32.94700460829493, 32.94585253456221, 32.94815668202765, 32.95046082949309, 32.94930875576037, 32.95161290322581, 32.94700460829493, 32.94815668202765, 32.95276497695853, 32.95046082949309, 32.93778801843318, 32.95276497695853, 32.955069124423964, 32.95622119815668, 32.95852534562212, 32.95046082949309, 32.95046082949309, 32.95276497695853, 32.94700460829493, 32.95276497695853, 32.9573732718894, 32.95161290322581, 32.955069124423964, 32.95276497695853, 32.94930875576037, 32.95161290322581, 32.955069124423964, 32.944700460829495, 32.94239631336406, 32.94124423963134, 32.95622119815668, 32.95046082949309, 32.94930875576037, 32.944700460829495, 32.94815668202765, 32.94124423963134, 32.94585253456221, 32.94124423963134, 32.933179723502306, 32.94009216589862, 32.93663594470046, 32.94239631336406, 32.95046082949309, 32.944700460829495, 32.943548387096776, 32.94700460829493, 32.95046082949309, 32.95161290322581, 32.94815668202765, 32.94700460829493, 32.944700460829495, 32.94815668202765, 32.94930875576037, 32.944700460829495, 32.93663594470046, 32.94239631336406, 32.9389400921659, 32.935483870967744, 32.933179723502306, 32.94009216589862, 32.93663594470046, 32.93087557603687, 32.94009216589862, 32.934331797235025, 32.93778801843318, 32.943548387096776, 32.943548387096776, 32.93202764976959, 32.94124423963134, 32.943548387096776, 32.943548387096776, 32.943548387096776, 32.943548387096776, 32.94009216589862, 32.94700460829493, 32.96082949308756, 32.953917050691246, 32.96082949308756, 32.96082949308756, 32.96082949308756, 32.95852534562212, 32.94815668202765, 32.94700460829493, 32.9573732718894, 32.94009216589862, 32.95276497695853, 32.94815668202765, 32.953917050691246, 32.943548387096776, 32.944700460829495, 32.94009216589862, 32.94009216589862, 32.94124423963134, 32.93778801843318, 32.93663594470046, 32.93663594470046, 32.94239631336406, 32.93778801843318, 32.933179723502306, 32.944700460829495, 32.94239631336406, 32.943548387096776, 32.94815668202765, 32.94930875576037, 32.94930875576037, 32.95276497695853, 32.94815668202765, 32.94239631336406, 32.944700460829495, 32.94585253456221, 32.94585253456221, 32.95276497695853, 32.94700460829493, 32.95046082949309, 32.94239631336406, 32.944700460829495, 32.94009216589862, 32.94815668202765, 32.94700460829493, 32.94815668202765, 32.94815668202765, 32.935483870967744, 32.935483870967744, 32.934331797235025, 32.93778801843318, 32.92972350230415, 32.934331797235025, 32.93663594470046, 32.94009216589862, 32.944700460829495, 32.944700460829495, 32.94815668202765, 32.944700460829495, 32.933179723502306, 32.93663594470046, 32.93778801843318, 32.94815668202765, 32.94700460829493, 32.95161290322581, 32.953917050691246, 32.95046082949309, 32.944700460829495, 32.94930875576037, 32.944700460829495, 32.95046082949309, 32.94815668202765, 32.94930875576037, 32.94585253456221, 32.944700460829495, 32.943548387096776, 32.94009216589862, 32.93778801843318, 32.934331797235025, 32.93778801843318, 32.934331797235025, 32.93663594470046, 32.94585253456221, 32.94124423963134, 32.9389400921659, 32.94239631336406, 32.94009216589862, 32.943548387096776, 32.94930875576037, 32.94239631336406, 32.943548387096776, 32.944700460829495, 32.94585253456221, 32.94585253456221, 32.94815668202765, 32.94700460829493, 32.95622119815668, 32.95622119815668, 32.95622119815668, 32.955069124423964, 32.95161290322581, 32.94700460829493, 32.94585253456221, 32.93778801843318, 32.94700460829493, 32.95046082949309, 32.95161290322581, 32.9573732718894, 32.95161290322581, 32.95046082949309, 32.94815668202765, 32.943548387096776, 32.94239631336406, 32.9389400921659, 32.94239631336406, 32.944700460829495, 32.93778801843318, 32.944700460829495, 32.94124423963134, 32.94124423963134, 32.94700460829493, 32.944700460829495, 32.935483870967744, 32.92857142857143, 32.94124423963134, 32.94124423963134, 32.94124423963134, 32.9389400921659, 32.9389400921659, 32.94700460829493, 32.94815668202765, 32.94815668202765, 32.953917050691246, 32.95622119815668, 32.953917050691246, 32.955069124423964, 32.943548387096776, 32.93778801843318, 32.9389400921659, 32.94700460829493, 32.94815668202765, 32.94815668202765, 32.94930875576037, 32.95622119815668, 32.9573732718894, 32.95276497695853, 32.95161290322581, 32.95161290322581, 32.94930875576037, 32.94239631336406, 32.94009216589862, 32.935483870967744, 32.94009216589862, 32.943548387096776, 32.944700460829495, 32.944700460829495, 32.944700460829495, 32.94585253456221, 32.9389400921659, 32.943548387096776, 32.944700460829495, 32.93778801843318, 32.933179723502306, 32.93202764976959, 32.93778801843318, 32.935483870967744, 32.943548387096776, 32.93778801843318, 32.94009216589862, 32.94239631336406, 32.94815668202765, 32.94585253456221, 32.955069124423964, 32.94585253456221, 32.94239631336406, 32.94815668202765, 32.94585253456221, 32.95276497695853, 32.95276497695853, 32.95046082949309, 32.953917050691246, 32.955069124423964, 32.95622119815668, 32.953917050691246, 32.955069124423964, 32.95276497695853, 32.95046082949309, 32.94585253456221, 32.944700460829495, 32.94124423963134, 32.943548387096776, 32.943548387096776, 32.94700460829493, 32.94815668202765, 32.94700460829493, 32.94815668202765, 32.94585253456221, 32.943548387096776, 32.9389400921659, 32.934331797235025, 32.933179723502306, 32.94239631336406, 32.93778801843318, 32.943548387096776, 32.943548387096776, 32.934331797235025, 32.94585253456221, 32.94239631336406, 32.95161290322581, 32.943548387096776, 32.9389400921659, 32.943548387096776, 32.95046082949309, 32.94585253456221, 32.94700460829493, 32.944700460829495, 32.94700460829493, 32.943548387096776, 32.94815668202765, 32.94585253456221, 32.94585253456221, 32.94930875576037, 32.943548387096776, 32.94124423963134, 32.933179723502306, 32.9389400921659, 32.944700460829495, 32.94009216589862, 32.933179723502306, 32.9389400921659, 32.943548387096776, 32.944700460829495, 32.94009216589862, 32.935483870967744, 32.935483870967744, 32.935483870967744, 32.933179723502306, 32.933179723502306, 32.93663594470046, 32.935483870967744, 32.93663594470046, 32.93202764976959, 32.92165898617512, 32.9205069124424, 32.92972350230415, 32.933179723502306, 32.93202764976959, 32.933179723502306, 32.92741935483871, 32.92741935483871, 32.92972350230415, 32.925115207373274, 32.93663594470046, 32.935483870967744, 32.934331797235025, 32.944700460829495, 32.94585253456221, 32.94930875576037, 32.95046082949309, 32.95276497695853, 32.94700460829493, 32.944700460829495, 32.94700460829493, 32.93663594470046, 32.935483870967744, 32.93663594470046, 32.935483870967744, 32.934331797235025, 32.93202764976959, 32.9389400921659, 32.9389400921659, 32.94585253456221, 32.94585253456221, 32.94585253456221, 32.94815668202765, 32.94815668202765, 32.94815668202765, 32.944700460829495, 32.94124423963134, 32.95046082949309, 32.95276497695853, 32.95276497695853, 32.953917050691246, 32.953917050691246, 32.95622119815668, 32.94930875576037, 32.94815668202765, 32.94700460829493, 32.94239631336406, 32.934331797235025, 32.935483870967744, 32.93663594470046, 32.94009216589862, 32.94009216589862, 32.94239631336406, 32.953917050691246, 32.944700460829495, 32.94124423963134, 32.94124423963134, 32.935483870967744, 32.943548387096776, 32.93663594470046, 32.94239631336406, 32.944700460829495, 32.943548387096776, 32.9389400921659, 32.94124423963134, 32.944700460829495, 32.934331797235025, 32.92972350230415, 32.93202764976959, 32.934331797235025, 32.93778801843318, 32.93778801843318, 32.92972350230415, 32.92972350230415, 32.92741935483871, 32.92741935483871, 32.925115207373274, 32.92972350230415, 32.92857142857143, 32.933179723502306, 32.935483870967744, 32.9389400921659, 32.943548387096776, 32.94124423963134, 32.944700460829495, 32.94124423963134, 32.94009216589862, 32.94009216589862, 32.94815668202765, 32.94815668202765, 32.94585253456221, 32.94585253456221, 32.943548387096776, 32.94239631336406, 32.94124423963134, 32.934331797235025, 32.92857142857143, 32.934331797235025, 32.9389400921659, 32.9389400921659, 32.943548387096776, 32.93778801843318, 32.934331797235025, 32.94124423963134, 32.9389400921659, 32.934331797235025, 32.93087557603687, 32.933179723502306, 32.92972350230415, 32.93087557603687, 32.93202764976959, 32.93202764976959, 32.93087557603687, 32.92857142857143, 32.92165898617512, 32.93202764976959, 32.934331797235025, 32.933179723502306, 32.92857142857143, 32.93202764976959, 32.93087557603687, 32.92857142857143, 32.92857142857143, 32.92857142857143, 32.93087557603687, 32.925115207373274, 32.93087557603687, 32.933179723502306, 32.935483870967744, 32.93778801843318, 32.93778801843318, 32.93663594470046]",0.9088582303354552,0.925622496167768,33,"[33, 33, 33, 33, 33, 33, 33, 33, 33, 33, 33, 33, 33, 33, 33, 33, 33, 33, 33, 33, 33, 33, 33, 33, 33, 33, 33, 33, 33, 33, 33, 33, 33, 33, 33, 33, 33, 33, 33, 33, 33, 33, 33, 33, 33, 33, 33, 33, 33, 33, 33, 33, 33, 33, 33, 33, 33, 33, 33, 33, 33, 33, 33, 33, 33, 33, 33, 33, 33, 33, 33, 33, 33, 33, 33, 33, 33, 33, 33, 33, 33, 33, 33, 33, 33, 33, 33, 33, 33, 33, 33, 33, 33, 33, 33, 33, 33, 33, 33, 33, 33, 33, 33, 33, 33, 33, 33, 33, 33, 33, 33, 33, 33, 33, 33, 33, 33, 33, 33, 33, 33, 33, 33, 33, 33, 33, 33, 33, 33, 33, 33, 33, 33, 33, 33, 33, 33, 33, 33, 33, 33, 33, 33, 33, 33, 33, 33, 33, 33, 33, 33, 33, 33, 33, 33, 33, 33, 33, 33, 33, 33, 33, 33, 33, 33, 33, 33, 33, 33, 33, 33, 33, 33, 33, 33, 33, 33, 33, 33, 33, 33, 33, 33, 33, 33, 33, 33, 33, 33, 33, 33, 33, 33, 33, 33, 33, 33, 33, 33, 33, 33, 33, 33, 33, 33, 33, 33, 33, 33, 33, 33, 33, 33, 33, 33, 33, 33, 33, 33, 33, 33, 33, 33, 33, 33, 33, 33, 33, 33, 33, 33, 33, 33, 33, 33, 33, 33, 33, 33, 33, 33, 33, 33, 33, 33, 33, 33, 33, 33, 33, 33, 33, 33, 33, 33, 33, 33, 33, 33, 33, 33, 33, 33, 33, 33, 33, 33, 33, 33, 33, 33, 33, 33, 33, 33, 33, 33, 33, 33, 33, 33, 33, 33, 33, 33, 33, 33, 33, 33, 33, 33, 33, 33, 33, 33, 33, 33, 33, 33, 33, 33, 33, 33, 33, 33, 33, 33, 33, 33, 33, 33, 33, 33, 33, 33, 33, 33, 33, 33, 33, 33, 33, 33, 33, 33, 33, 33, 33, 33, 33, 33, 33, 33, 33, 33, 33, 33, 33, 33, 33, 33, 33, 33, 33, 33, 33, 33, 33, 33, 33, 33, 33, 33, 33, 33, 33, 33, 33, 33, 33, 33, 33, 33, 33, 33, 33, 33, 33, 33, 33, 33, 33, 33, 33, 33, 33, 33, 33, 33, 33, 33, 33, 33, 33, 33, 33, 33, 33, 33, 33, 33, 33, 33, 33, 33, 33, 33, 33, 33, 33, 33, 33, 33, 33, 33, 33, 33, 33, 33, 33, 33, 33, 33, 33, 33, 33, 33, 33, 33, 33, 33, 33, 33, 33, 33, 33, 33, 33, 33, 33, 33, 33, 33, 33, 33, 33, 33, 33, 33, 33, 33, 33, 33, 33, 33, 33, 33, 33, 33, 33]",450,"[0.4447312653064728, 0.41489696502685547, 0.4058711528778076, 0.4012318551540375, 0.39788997173309326, 0.3952270746231079, 0.3929242789745331, 0.390951544046402, 0.38916411995887756, 0.38759690523147583, 0.38617295026779175, 0.38486507534980774, 0.38369351625442505, 0.38260459899902344, 0.3815920352935791, 0.38061848282814026, 0.3796900510787964, 0.37886562943458557, 0.37804585695266724, 0.3772509694099426, 0.3764340877532959, 0.37566855549812317, 0.3749043643474579, 0.3742038607597351, 0.37350285053253174, 0.37275344133377075, 0.37206801772117615, 0.3713536560535431, 0.3706103265285492, 0.36990222334861755, 0.36920201778411865, 0.3685421049594879, 0.3678587079048157, 0.3671984374523163, 0.36650586128234863, 0.3658444583415985, 0.365164577960968, 0.36444446444511414, 0.3637496531009674, 0.3630773425102234, 0.36238861083984375, 0.3616756796836853, 0.3609919846057892, 0.3602217733860016, 0.35953280329704285, 0.3588095009326935, 0.35814106464385986, 0.35735902190208435, 0.35666829347610474, 0.35594063997268677, 0.35516998171806335, 0.35446539521217346, 0.3536844551563263, 0.3529825508594513, 0.3522186279296875, 0.35149291157722473, 0.3507491946220398, 0.3499782085418701, 0.3491935729980469, 0.3484637141227722, 0.3477128744125366, 0.34684738516807556, 0.34603485465049744, 0.3452609181404114, 0.34438955783843994, 0.3435990512371063, 0.34275761246681213, 0.3419213593006134, 0.3410887122154236, 0.3403531014919281, 0.3394683599472046, 0.33856895565986633, 0.3376545310020447, 0.3368023931980133, 0.33597663044929504, 0.3350876569747925, 0.3342474400997162, 0.33328965306282043, 0.3323792517185211, 0.33148911595344543, 0.3305797874927521, 0.3296521306037903, 0.32880303263664246, 0.3279503881931305, 0.3269905149936676, 0.3260703682899475, 0.3251234292984009, 0.3241845965385437, 0.3232259750366211, 0.3223155736923218, 0.3214137554168701, 0.3204491436481476, 0.31950002908706665, 0.3185754120349884, 0.31769871711730957, 0.31677839159965515, 0.31583431363105774, 0.3149157762527466, 0.3140430152416229, 0.3130914568901062, 0.31224605441093445, 0.3113456964492798, 0.31046533584594727, 0.3096156716346741, 0.3087552785873413, 0.307895690202713, 0.3070211708545685, 0.30616334080696106, 0.30531853437423706, 0.30449745059013367, 0.30364421010017395, 0.302855521440506, 0.302054226398468, 0.30125075578689575, 0.300451397895813, 0.299709677696228, 0.29896020889282227, 0.29821160435676575, 0.2974643111228943, 0.29674410820007324, 0.29609444737434387, 0.29537251591682434, 0.29462242126464844, 0.29393163323402405, 0.2932959794998169, 0.292664498090744, 0.2920178472995758, 0.29134923219680786, 0.2907260060310364, 0.2900750935077667, 0.2894681394100189, 0.28886958956718445, 0.2882796823978424, 0.28768178820610046, 0.28707876801490784, 0.28648489713668823, 0.28590691089630127, 0.28536298871040344, 0.2848087549209595, 0.28427523374557495, 0.28377243876457214, 0.2832494080066681, 0.28272050619125366, 0.2821844220161438, 0.2816718816757202, 0.2812413275241852, 0.28072988986968994, 0.2802588939666748, 0.2798019349575043, 0.2793402671813965, 0.27889952063560486, 0.2784179747104645, 0.2779335081577301, 0.2774063050746918, 0.2769846022129059, 0.27656251192092896, 0.27614712715148926, 0.275707870721817, 0.27521803975105286, 0.2748255431652069, 0.2743508815765381, 0.2739033102989197, 0.27346932888031006, 0.2730517089366913, 0.2726556658744812, 0.27222689986228943, 0.27182602882385254, 0.27143946290016174, 0.27107492089271545, 0.27071601152420044, 0.27029892802238464, 0.26989924907684326, 0.26951876282691956, 0.26913121342658997, 0.26872125267982483, 0.26839694380760193, 0.2680174708366394, 0.2676803469657898, 0.2672808766365051, 0.26693785190582275, 0.26660633087158203, 0.2662718892097473, 0.26588496565818787, 0.26549485325813293, 0.2651195526123047, 0.26480868458747864, 0.26442211866378784, 0.26401960849761963, 0.2636415958404541, 0.2633069157600403, 0.26298466324806213, 0.2626613676548004, 0.2623765468597412, 0.26196321845054626, 0.26165202260017395, 0.2612937390804291, 0.26096662878990173, 0.26068219542503357, 0.26029980182647705, 0.25994300842285156, 0.25964248180389404, 0.2592623829841614, 0.25899481773376465, 0.2586461901664734, 0.25834572315216064, 0.2580143213272095, 0.2577894330024719, 0.2574450671672821, 0.25706690549850464, 0.25675150752067566, 0.2564446032047272, 0.25615328550338745, 0.2558929920196533, 0.2556512951850891, 0.25531983375549316, 0.25496429204940796, 0.25469136238098145, 0.2544306814670563, 0.2540459930896759, 0.2536758482456207, 0.25345396995544434, 0.2531341314315796, 0.25287482142448425, 0.25258347392082214, 0.2522488832473755, 0.2519594430923462, 0.25175225734710693, 0.2514421045780182, 0.25115132331848145, 0.25089627504348755, 0.25056231021881104, 0.2502840459346771, 0.250026673078537, 0.24977034330368042, 0.249417245388031, 0.24912574887275696, 0.24886548519134521, 0.24868270754814148, 0.24835890531539917, 0.24810785055160522, 0.24780550599098206, 0.2476384937763214, 0.24736294150352478, 0.24703766405582428, 0.24677209556102753, 0.24652761220932007, 0.24629129469394684, 0.2460387945175171, 0.245719775557518, 0.24541249871253967, 0.24512305855751038, 0.24499967694282532, 0.24465885758399963, 0.2444753646850586, 0.24416117370128632, 0.2440076321363449, 0.24374690651893616, 0.2435241937637329, 0.243218332529068, 0.24305790662765503, 0.2427886575460434, 0.24253325164318085, 0.24237067997455597, 0.24213476479053497, 0.24185293912887573, 0.2415824830532074, 0.24132022261619568, 0.24110355973243713, 0.24078680574893951, 0.24057145416736603, 0.2403731346130371, 0.24014486372470856, 0.2398766130208969, 0.23961122334003448, 0.23945602774620056, 0.23924368619918823, 0.23894144594669342, 0.23878511786460876, 0.238514244556427, 0.23841021955013275, 0.2382015436887741, 0.23802681267261505, 0.23764050006866455, 0.23737956583499908, 0.2371060699224472, 0.23689043521881104, 0.23670357465744019, 0.236592099070549, 0.236350879073143, 0.23617015779018402, 0.23591452836990356, 0.23575161397457123, 0.23542656004428864, 0.2352994978427887, 0.23506301641464233, 0.23499374091625214, 0.23485378921031952, 0.23437997698783875, 0.23434849083423615, 0.2341160774230957, 0.23392418026924133, 0.23366963863372803, 0.2335529923439026, 0.2333470582962036, 0.2331182360649109, 0.23306089639663696, 0.23284396529197693, 0.23262928426265717, 0.232505202293396, 0.23213039338588715, 0.2321210503578186, 0.23179879784584045, 0.23166382312774658, 0.23162317276000977, 0.23129849135875702, 0.23102907836437225, 0.230882465839386, 0.23069506883621216, 0.23058739304542542, 0.230460986495018, 0.2302084118127823, 0.23001214861869812, 0.2298409342765808, 0.22969844937324524, 0.22949983179569244, 0.22943367063999176, 0.22917234897613525, 0.2290082424879074, 0.2288396805524826, 0.22866564989089966, 0.2285652905702591, 0.22841621935367584, 0.2282584309577942, 0.22796621918678284, 0.22790290415287018, 0.22792920470237732, 0.22770917415618896, 0.22730638086795807, 0.22713422775268555, 0.22708366811275482, 0.22685867547988892, 0.22675874829292297, 0.22665594518184662, 0.2266474962234497, 0.22622884809970856, 0.2259654849767685, 0.22573237121105194, 0.22575893998146057, 0.22556698322296143, 0.2256011813879013, 0.22537870705127716, 0.22520045936107635, 0.22505386173725128, 0.22493618726730347, 0.22483083605766296, 0.22464747726917267, 0.2245093286037445, 0.22436653077602386, 0.22423295676708221, 0.22416791319847107, 0.22406455874443054, 0.22384420037269592, 0.22377505898475647, 0.22365528345108032, 0.22341933846473694, 0.22336475551128387, 0.22307533025741577, 0.22293561697006226, 0.2229570597410202, 0.22288399934768677, 0.22269734740257263, 0.22266530990600586, 0.22251403331756592, 0.22247688472270966, 0.22235558927059174, 0.2219986915588379, 0.22206968069076538, 0.2218032330274582, 0.2218208909034729, 0.22142623364925385, 0.22121551632881165, 0.2215203493833542, 0.22129110991954803, 0.22117076814174652, 0.22104699909687042, 0.2208978235721588, 0.22077082097530365, 0.22072774171829224, 0.2205580323934555, 0.22040723264217377, 0.2202698290348053, 0.2202989012002945, 0.2202116847038269, 0.21995925903320312, 0.2198229283094406, 0.2198241651058197, 0.2196113020181656, 0.21945878863334656, 0.2191624492406845, 0.21928523480892181, 0.2191387563943863, 0.219122052192688, 0.21906353533267975, 0.21906162798404694, 0.21889793872833252, 0.21882078051567078, 0.2187553197145462, 0.2185000628232956, 0.21857433021068573, 0.21824140846729279, 0.21809504926204681, 0.21803529560565948, 0.2178107649087906, 0.21800075471401215, 0.21785765886306763, 0.2177664041519165, 0.21755792200565338, 0.21746814250946045, 0.2173352688550949, 0.21725966036319733, 0.21740306913852692, 0.21745328605175018, 0.21717604994773865, 0.21698544919490814, 0.21707820892333984, 0.2170267254114151, 0.21686261892318726, 0.2166672945022583, 0.2166394591331482, 0.2166343331336975, 0.21