,number,value,datetime_start,datetime_complete,duration,params_batch_size_scaler,params_constant_learning_rate,params_depth,params_epochs,params_kernel_l2,params_num_trees,params_temperature,user_attrs_accuracy_test,user_attrs_accuracy_valid,user_attrs_approximate_feature_sparsity,user_attrs_approximate_feature_sparsity_history,user_attrs_approximate_weight_sparsity,user_attrs_approximate_weight_sparsity_history,user_attrs_auc_test,user_attrs_auc_valid,user_attrs_feature_sparsity,user_attrs_feature_sparsity_history,user_attrs_num_epochs,user_attrs_val_loss_history,user_attrs_weight_sparsity,user_attrs_weight_sparsity_history,state
9,9,0.9223506073604617,2024-08-31 00:59:43.588613,2024-08-31 01:00:32.961996,0 days 00:00:49.373383,1,0.3501175663142838,5,15,0.052222294120668394,45,0.0017145527348394073,0.934,0.93875,21,"[33, 33, 33, 33, 33, 30, 24, 22, 22, 22, 22, 21, 21, 21, 21]",20.974910394265233,"[32.95340501792114, 32.93405017921147, 32.94910394265233, 32.94767025089605, 32.93835125448029, 29.936200716845875, 23.954838709677418, 21.959139784946235, 21.96344086021505, 21.96917562724014, 21.960573476702507, 20.96702508960573, 20.96344086021505, 20.964874551971324, 20.974910394265233]",0.9051924140721107,0.9223506073604617,21,"[33, 33, 33, 33, 33, 30, 24, 22, 22, 22, 22, 21, 21, 21, 21]",15,"[0.36556217074394226, 0.3448106050491333, 0.3323419988155365, 0.31227603554725647, 0.2903149724006653, 0.26946821808815, 0.2594784200191498, 0.24378572404384613, 0.23473986983299255, 0.2331966757774353, 0.22414012253284454, 0.2155887633562088, 0.21353548765182495, 0.2110719084739685, 0.20476675033569336]",21.0,"[33.0, 33.0, 33.0, 33.0, 33.0, 30.0, 24.0, 22.0, 22.0, 22.0, 22.0, 21.0, 21.0, 21.0, 21.0]",COMPLETE
10,10,0.5,2024-08-31 01:00:32.976857,2024-08-31 01:02:29.151407,0 days 00:01:56.174550,1,0.2276441726253407,2,180,0.581315225448468,71,0.07259246054113969,0.859,0.85875,0,"[2, 1, 1, 1, 1, 1, 1, 1, 1, 1, 1, 1, 1, 0, 0, 0, 0, 0, 0, 0, 0, 0, 0, 0, 0, 0, 0, 0, 0, 0, 0, 0, 0, 0, 0, 0, 0, 0, 0, 0, 0, 0, 0, 0, 0, 0, 0, 0, 0, 0, 0, 0, 0, 0, 0, 0, 0, 0, 0, 0, 0, 0, 0, 0, 0, 0, 0, 0, 0, 0, 0, 0, 0, 0, 0, 0, 0, 0, 0, 0, 0, 0, 0, 0, 0, 0, 0, 0, 0, 0, 0, 0, 0, 0, 0, 0, 0, 0, 0, 0, 0, 0, 0, 0, 0, 0, 0, 0, 0, 0, 0, 0, 0, 0, 0, 0, 0, 0, 0, 0, 0, 0, 0, 0, 0, 0, 0, 0, 0, 0, 0, 0, 0, 0, 0, 0, 0, 0, 0, 0, 0, 0, 0, 0, 0, 0, 0, 0, 0, 0, 0, 0, 0, 0, 0, 0, 0, 0, 0, 0, 0, 0, 0, 0, 0, 0, 0, 0, 0, 0, 0, 0, 0, 0, 0, 0, 0, 0, 0, 0]",0.0,"[1.995305164319249, 1.0, 1.0, 1.0, 1.0, 1.0, 0.9906103286384976, 1.0, 0.9953051643192489, 0.9906103286384976, 1.0, 1.0, 1.0, 0.0, 0.0, 0.0, 0.0, 0.0, 0.0, 0.0, 0.0, 0.0, 0.0, 0.0, 0.0, 0.0, 0.0, 0.0, 0.0, 0.0, 0.0, 0.0, 0.0, 0.0, 0.0, 0.0, 0.0, 0.0, 0.0, 0.0, 0.0, 0.0, 0.0, 0.0, 0.0, 0.0, 0.0, 0.0, 0.0, 0.0, 0.0, 0.0, 0.0, 0.0, 0.0, 0.0, 0.0, 0.0, 0.0, 0.0, 0.0, 0.0, 0.0, 0.0, 0.0, 0.0, 0.0, 0.0, 0.0, 0.0, 0.0, 0.0, 0.0, 0.0, 0.0, 0.0, 0.0, 0.0, 0.0, 0.0, 0.0, 0.0, 0.0, 0.0, 0.0, 0.0, 0.0, 0.0, 0.0, 0.0, 0.0, 0.0, 0.0, 0.0, 0.0, 0.0, 0.0, 0.0, 0.0, 0.0, 0.0, 0.0, 0.0, 0.0, 0.0, 0.0, 0.0, 0.0, 0.0, 0.0, 0.0, 0.0, 0.0, 0.0, 0.0, 0.0, 0.0, 0.0, 0.0, 0.0, 0.0, 0.0, 0.0, 0.0, 0.0, 0.0, 0.0, 0.0, 0.0, 0.0, 0.0, 0.0, 0.0, 0.0, 0.0, 0.0, 0.0, 0.0, 0.0, 0.0, 0.0, 0.0, 0.0, 0.0, 0.0, 0.0, 0.0, 0.0, 0.0, 0.0, 0.0, 0.0, 0.0, 0.0, 0.0, 0.0, 0.0, 0.0, 0.0, 0.0, 0.0, 0.0, 0.0, 0.0, 0.0, 0.0, 0.0, 0.0, 0.0, 0.0, 0.0, 0.0, 0.0, 0.0, 0.0, 0.0, 0.0, 0.0, 0.0, 0.0]",0.5,0.5,0,"[2, 1, 1, 1, 1, 1, 1, 1, 1, 1, 1, 1, 1, 0, 0, 0, 0, 0, 0, 0, 0, 0, 0, 0, 0, 0, 0, 0, 0, 0, 0, 0, 0, 0, 0, 0, 0, 0, 0, 0, 0, 0, 0, 0, 0, 0, 0, 0, 0, 0, 0, 0, 0, 0, 0, 0, 0, 0, 0, 0, 0, 0, 0, 0, 0, 0, 0, 0, 0, 0, 0, 0, 0, 0, 0, 0, 0, 0, 0, 0, 0, 0, 0, 0, 0, 0, 0, 0, 0, 0, 0, 0, 0, 0, 0, 0, 0, 0, 0, 0, 0, 0, 0, 0, 0, 0, 0, 0, 0, 0, 0, 0, 0, 0, 0, 0, 0, 0, 0, 0, 0, 0, 0, 0, 0, 0, 0, 0, 0, 0, 0, 0, 0, 0, 0, 0, 0, 0, 0, 0, 0, 0, 0, 0, 0, 0, 0, 0, 0, 0, 0, 0, 0, 0, 0, 0, 0, 0, 0, 0, 0, 0, 0, 0, 0, 0, 0, 0, 0, 0, 0, 0, 0, 0, 0, 0, 0, 0, 0, 0]",180,"[0.3988720774650574, 0.4134897291660309, 0.3984403908252716, 0.3913382589817047, 0.4678093194961548, 0.4162110984325409, 0.3899877071380615, 0.4218059480190277, 0.3885727822780609, 0.4522196054458618, 0.3983640670776367, 0.40500637888908386, 0.39942696690559387, 0.4847441613674164, 0.4403354525566101, 0.4369608759880066, 0.46050819754600525, 0.43897849321365356, 0.4171770513057709, 0.43160971999168396, 0.4166436791419983, 0.4166678488254547, 0.4088938534259796, 0.42775866389274597, 0.4092363715171814, 0.4141491651535034, 0.4153398871421814, 0.6177970767021179, 0.41731372475624084, 0.7295477390289307, 0.4725867509841919, 0.4090505540370941, 0.46193984150886536, 0.4411437511444092, 0.45984381437301636, 0.41423049569129944, 0.43849486112594604, 0.4734609127044678, 0.4666231572628021, 0.409356951713562, 0.4603376090526581, 0.5595859885215759, 0.43114471435546875, 0.5265769362449646, 0.40915200114250183, 0.4154306650161743, 0.40726399421691895, 0.4743179380893707, 0.42132195830345154, 0.40872910618782043, 0.41540229320526123, 0.4092268645763397, 0.4846469759941101, 0.40975049138069153, 0.46027079224586487, 0.4084452688694, 0.5566098690032959, 0.6822341680526733, 0.4296591877937317, 0.5214303731918335, 0.47363537549972534, 0.4145447611808777, 0.4860364496707916, 0.431914359331131, 0.4463505148887634, 0.40913477540016174, 0.47665444016456604, 0.4072759747505188, 0.9329355359077454, 0.4646361470222473, 0.41455647349357605, 0.4163364768028259, 0.497574120759964, 0.4383978247642517, 0.432498961687088, 0.43837615847587585, 0.4093295931816101, 0.40897396206855774, 0.4079529047012329, 0.41180866956710815, 0.42932119965553284, 0.4094063937664032, 0.447806715965271, 0.4084705710411072, 0.42040789127349854, 0.4082823097705841, 0.40840375423431396, 0.4091140031814575, 0.6005462408065796, 0.40775683522224426, 0.4089098274707794, 0.40838804841041565, 0.46917983889579773, 0.45602715015411377, 0.4382392168045044, 0.432461142539978, 0.4974764287471771, 0.43358248472213745, 0.4293384850025177, 0.43936458230018616, 0.41402068734169006, 0.4092831313610077, 0.4165056645870209, 0.4083968698978424, 0.4470982253551483, 0.42916548252105713, 0.4120670258998871, 0.43130528926849365, 0.40728577971458435, 0.4872209429740906, 0.4300761818885803, 0.48186275362968445, 0.4290925860404968, 0.4381704032421112, 0.42953425645828247, 0.4073468744754791, 0.43931323289871216, 0.439231276512146, 0.44838669896125793, 0.4391542077064514, 0.4225064218044281, 0.4265284240245819, 0.4144617021083832, 0.40841907262802124, 0.40888622403144836, 0.4453617334365845, 0.40724486112594604, 0.41625940799713135, 0.4133641719818115, 0.4606059789657593, 0.44271528720855713, 0.5268303155899048, 0.43955790996551514, 0.4083996117115021, 0.4240055978298187, 0.4543094336986542, 0.4090338945388794, 0.460767924785614, 0.4369208812713623, 0.4639985263347626, 0.4146299362182617, 0.44623106718063354, 0.4144938290119171, 0.45322757959365845, 0.4099515974521637, 0.4647647738456726, 0.4141601622104645, 0.41172268986701965, 0.40849974751472473, 0.41146016120910645, 0.5314987301826477, 0.43281516432762146, 0.41036105155944824, 0.4235987365245819, 0.4082563519477844, 0.41447558999061584, 0.4095694422721863, 0.43067628145217896, 0.4895470142364502, 0.44517508149147034, 0.4083775579929352, 0.4467649757862091, 0.45898354053497314, 0.48953938484191895, 0.4304722845554352, 0.43053725361824036, 0.4105946719646454, 0.40838077664375305, 0.5359382033348083, 0.4237392842769623, 0.5340328812599182, 0.4087616801261902, 0.4304196834564209, 0.4438284635543823, 0.46848979592323303, 0.4095461368560791, 0.42899906635284424, 0.4131128787994385, 0.41641730070114136, 0.45156681537628174]",0.0,"[2.0, 1.0, 1.0, 1.0, 1.0, 1.0, 1.0, 1.0, 1.0, 1.0, 1.0, 1.0, 1.0, 0.0, 0.0, 0.0, 0.0, 0.0, 0.0, 0.0, 0.0, 0.0, 0.0, 0.0, 0.0, 0.0, 0.0, 0.0, 0.0, 0.0, 0.0, 0.0, 0.0, 0.0, 0.0, 0.0, 0.0, 0.0, 0.0, 0.0, 0.0, 0.0, 0.0, 0.0, 0.0, 0.0, 0.0, 0.0, 0.0, 0.0, 0.0, 0.0, 0.0, 0.0, 0.0, 0.0, 0.0, 0.0, 0.0, 0.0, 0.0, 0.0, 0.0, 0.0, 0.0, 0.0, 0.0, 0.0, 0.0, 0.0, 0.0, 0.0, 0.0, 0.0, 0.0, 0.0, 0.0, 0.0, 0.0, 0.0, 0.0, 0.0, 0.0, 0.0, 0.0, 0.0, 0.0, 0.0, 0.0, 0.0, 0.0, 0.0, 0.0, 0.0, 0.0, 0.0, 0.0, 0.0, 0.0, 0.0, 0.0, 0.0, 0.0, 0.0, 0.0, 0.0, 0.0, 0.0, 0.0, 0.0, 0.0, 0.0, 0.0, 0.0, 0.0, 0.0, 0.0, 0.0, 0.0, 0.0, 0.0, 0.0, 0.0, 0.0, 0.0, 0.0, 0.0, 0.0, 0.0, 0.0, 0.0, 0.0, 0.0, 0.0, 0.0, 0.0, 0.0, 0.0, 0.0, 0.0, 0.0, 0.0, 0.0, 0.0, 0.0, 0.0, 0.0, 0.0, 0.0, 0.0, 0.0, 0.0, 0.0, 0.0, 0.0, 0.0, 0.0, 0.0, 0.0, 0.0, 0.0, 0.0, 0.0, 0.0, 0.0, 0.0, 0.0, 0.0, 0.0, 0.0, 0.0, 0.0, 0.0, 0.0, 0.0, 0.0, 0.0, 0.0, 0.0, 0.0]",COMPLETE
