,number,value,datetime_start,datetime_complete,duration,params_batch_size_scaler,params_constant_learning_rate,params_depth,params_epochs,params_kernel_l2,params_num_trees,params_temperature,user_attrs_accuracy_test,user_attrs_accuracy_valid,user_attrs_approximate_feature_sparsity,user_attrs_approximate_feature_sparsity_history,user_attrs_approximate_weight_sparsity,user_attrs_approximate_weight_sparsity_history,user_attrs_auc_test,user_attrs_auc_valid,user_attrs_feature_sparsity,user_attrs_feature_sparsity_history,user_attrs_num_epochs,user_attrs_val_loss_history,user_attrs_weight_sparsity,user_attrs_weight_sparsity_history,state
3,3,0.7020262523991704,2024-08-31 00:37:47.130734,2024-08-31 00:38:13.633667,0 days 00:00:26.502933,64,0.011716537242327288,1,260,0.08305877630120326,58,0.09054682122929994,0.863,0.86,33,"[33, 33, 33, 33, 33, 33, 33, 33, 33, 33, 33, 33, 33, 33, 33, 33, 33, 33, 33, 33, 33, 33, 33, 33, 33, 33, 33, 33, 33, 33, 33, 33, 33, 33, 33, 33, 33, 33, 33, 33, 33, 33, 33, 33, 33, 33, 33, 33, 33, 33, 33, 33, 33, 33, 33, 33, 33, 33, 33, 33, 33, 33, 33, 33, 33, 33, 33, 33, 33, 33, 33, 33, 33, 33, 33, 33, 33, 33, 33, 33, 33, 33, 33, 33, 33, 33, 33, 33, 33, 33, 33, 33, 33, 33, 33, 33, 33, 33, 33, 33, 33, 33, 33, 33, 33, 33, 33, 33, 33, 33, 33, 33, 33, 33, 33, 33, 33, 33, 33, 33, 33, 33, 33, 33, 33, 33, 33, 33, 33, 33, 33, 33, 33, 33, 33, 33, 33, 33, 33, 33, 33, 33, 33, 33, 33, 33, 33, 33, 33, 33, 33, 33, 33, 33, 33, 33, 33, 33, 33, 33, 33, 33, 33, 33, 33, 33, 33, 33, 33, 33, 33, 33, 33, 33, 33, 33, 33, 33, 33, 33, 33, 33, 33, 33, 33, 33, 33, 33, 33, 33, 33, 33, 33, 33, 33, 33, 33, 33, 33, 33, 33, 33, 33, 33, 33, 33, 33, 33, 33, 33, 33, 33, 33, 33, 33, 33, 33, 33, 33, 33, 33, 33, 33, 33, 33, 33, 33, 33, 33, 33, 33, 33, 33, 33, 33, 33, 33, 33, 33, 33, 33, 33, 33, 33, 33, 33, 33, 33, 33, 33, 33, 33, 33, 33, 33, 33, 33, 33, 33, 33]",33.0,"[33.0, 33.0, 33.0, 33.0, 32.98275862068965, 32.98275862068965, 32.98275862068965, 33.0, 33.0, 33.0, 33.0, 33.0, 33.0, 32.98275862068965, 32.98275862068965, 33.0, 33.0, 33.0, 33.0, 32.98275862068965, 32.98275862068965, 33.0, 33.0, 33.0, 33.0, 33.0, 33.0, 33.0, 33.0, 33.0, 33.0, 33.0, 33.0, 33.0, 33.0, 32.98275862068965, 32.96551724137931, 32.96551724137931, 32.96551724137931, 32.98275862068965, 32.98275862068965, 33.0, 33.0, 32.98275862068965, 32.98275862068965, 32.96551724137931, 32.98275862068965, 32.98275862068965, 32.98275862068965, 32.98275862068965, 32.98275862068965, 32.98275862068965, 32.98275862068965, 32.98275862068965, 32.98275862068965, 32.98275862068965, 32.98275862068965, 32.98275862068965, 32.98275862068965, 32.98275862068965, 32.98275862068965, 32.98275862068965, 33.0, 33.0, 33.0, 33.0, 32.96551724137931, 32.96551724137931, 32.96551724137931, 32.96551724137931, 32.98275862068965, 32.98275862068965, 32.98275862068965, 32.98275862068965, 32.98275862068965, 32.96551724137931, 32.98275862068965, 32.98275862068965, 32.98275862068965, 32.98275862068965, 32.98275862068965, 32.98275862068965, 33.0, 33.0, 33.0, 33.0, 33.0, 33.0, 33.0, 33.0, 33.0, 33.0, 33.0, 32.98275862068965, 32.98275862068965, 32.98275862068965, 32.98275862068965, 32.96551724137931, 32.98275862068965, 32.96551724137931, 32.96551724137931, 32.96551724137931, 32.98275862068965, 32.98275862068965, 33.0, 33.0, 33.0, 32.98275862068965, 33.0, 33.0, 33.0, 33.0, 32.98275862068965, 33.0, 33.0, 33.0, 33.0, 33.0, 33.0, 33.0, 33.0, 33.0, 33.0, 33.0, 33.0, 33.0, 33.0, 33.0, 33.0, 33.0, 33.0, 32.98275862068965, 33.0, 33.0, 33.0, 33.0, 33.0, 33.0, 32.98275862068965, 32.98275862068965, 33.0, 33.0, 33.0, 33.0, 33.0, 33.0, 33.0, 33.0, 33.0, 33.0, 33.0, 32.98275862068965, 33.0, 32.98275862068965, 32.98275862068965, 33.0, 33.0, 33.0, 33.0, 33.0, 33.0, 33.0, 33.0, 33.0, 33.0, 33.0, 32.98275862068965, 32.98275862068965, 32.96551724137931, 32.94827586206897, 32.96551724137931, 32.96551724137931, 32.98275862068965, 32.98275862068965, 33.0, 33.0, 32.98275862068965, 32.98275862068965, 32.98275862068965, 32.98275862068965, 32.98275862068965, 32.98275862068965, 33.0, 33.0, 33.0, 33.0, 33.0, 33.0, 33.0, 33.0, 33.0, 33.0, 33.0, 33.0, 33.0, 33.0, 33.0, 32.98275862068965, 32.98275862068965, 32.98275862068965, 32.98275862068965, 32.98275862068965, 32.98275862068965, 32.98275862068965, 32.98275862068965, 32.98275862068965, 32.98275862068965, 32.98275862068965, 32.98275862068965, 32.96551724137931, 32.96551724137931, 32.98275862068965, 33.0, 33.0, 32.98275862068965, 33.0, 33.0, 33.0, 33.0, 33.0, 33.0, 33.0, 33.0, 33.0, 33.0, 33.0, 33.0, 33.0, 33.0, 33.0, 33.0, 33.0, 33.0, 33.0, 33.0, 33.0, 33.0, 33.0, 33.0, 32.98275862068965, 32.98275862068965, 33.0, 33.0, 33.0, 33.0, 32.98275862068965, 32.98275862068965, 32.98275862068965, 32.98275862068965, 32.98275862068965, 32.98275862068965, 32.98275862068965, 32.98275862068965, 32.98275862068965, 32.98275862068965, 32.98275862068965, 33.0, 33.0, 33.0, 33.0]",0.7348392902847612,0.7020262523991704,33,"[33, 33, 33, 33, 33, 33, 33, 33, 33, 33, 33, 33, 33, 33, 33, 33, 33, 33, 33, 33, 33, 33, 33, 33, 33, 33, 33, 33, 33, 33, 33, 33, 33, 33, 33, 33, 33, 33, 33, 33, 33, 33, 33, 33, 33, 33, 33, 33, 33, 33, 33, 33, 33, 33, 33, 33, 33, 33, 33, 33, 33, 33, 33, 33, 33, 33, 33, 33, 33, 33, 33, 33, 33, 33, 33, 33, 33, 33, 33, 33, 33, 33, 33, 33, 33, 33, 33, 33, 33, 33, 33, 33, 33, 33, 33, 33, 33, 33, 33, 33, 33, 33, 33, 33, 33, 33, 33, 33, 33, 33, 33, 33, 33, 33, 33, 33, 33, 33, 33, 33, 33, 33, 33, 33, 33, 33, 33, 33, 33, 33, 33, 33, 33, 33, 33, 33, 33, 33, 33, 33, 33, 33, 33, 33, 33, 33, 33, 33, 33, 33, 33, 33, 33, 33, 33, 33, 33, 33, 33, 33, 33, 33, 33, 33, 33, 33, 33, 33, 33, 33, 33, 33, 33, 33, 33, 33, 33, 33, 33, 33, 33, 33, 33, 33, 33, 33, 33, 33, 33, 33, 33, 33, 33, 33, 33, 33, 33, 33, 33, 33, 33, 33, 33, 33, 33, 33, 33, 33, 33, 33, 33, 33, 33, 33, 33, 33, 33, 33, 33, 33, 33, 33, 33, 33, 33, 33, 33, 33, 33, 33, 33, 33, 33, 33, 33, 33, 33, 33, 33, 33, 33, 33, 33, 33, 33, 33, 33, 33, 33, 33, 33, 33, 33, 33, 33, 33, 33, 33, 33, 33]",260,"[0.5285050868988037, 0.5062387585639954, 0.49865323305130005, 0.4949706792831421, 0.4935217797756195, 0.4919881820678711, 0.490913987159729, 0.4901061952114105, 0.48939087986946106, 0.4885162115097046, 0.48772501945495605, 0.4870011508464813, 0.4862653315067291, 0.4855808913707733, 0.48485031723976135, 0.4840461313724518, 0.4833686351776123, 0.48268792033195496, 0.48203423619270325, 0.48145782947540283, 0.48080384731292725, 0.4801808297634125, 0.47956812381744385, 0.47889506816864014, 0.47816866636276245, 0.47748711705207825, 0.47684040665626526, 0.47628629207611084, 0.47574299573898315, 0.4752122163772583, 0.4746469259262085, 0.4740341305732727, 0.4734417796134949, 0.4729246497154236, 0.4723280072212219, 0.4718274772167206, 0.4712836444377899, 0.4707896411418915, 0.4702633023262024, 0.4698020815849304, 0.46931126713752747, 0.46881720423698425, 0.4684036374092102, 0.46785613894462585, 0.4674564003944397, 0.4668876528739929, 0.4665552079677582, 0.46616026759147644, 0.46559426188468933, 0.46523693203926086, 0.4648628532886505, 0.46444234251976013, 0.4640164077281952, 0.4636213183403015, 0.4631067216396332, 0.46262797713279724, 0.46223127841949463, 0.4618678390979767, 0.4614582359790802, 0.46112555265426636, 0.4606858491897583, 0.4602974057197571, 0.45996034145355225, 0.45959120988845825, 0.45918264985084534, 0.4588402807712555, 0.45842716097831726, 0.4581383764743805, 0.4577902853488922, 0.4575534164905548, 0.45719313621520996, 0.45695069432258606, 0.456525981426239, 0.4561728239059448, 0.4558451771736145, 0.45555511116981506, 0.45527783036231995, 0.4550045132637024, 0.4546603262424469, 0.45444995164871216, 0.45426836609840393, 0.4539252519607544, 0.4538249671459198, 0.453426718711853, 0.4531608819961548, 0.4528071880340576, 0.45260024070739746, 0.452111154794693, 0.45185089111328125, 0.45156222581863403, 0.45134595036506653, 0.45112156867980957, 0.4508671462535858, 0.45057687163352966, 0.45030489563941956, 0.4500889480113983, 0.44999152421951294, 0.4497390687465668, 0.4493221044540405, 0.44903168082237244, 0.4487861692905426, 0.4485596716403961, 0.44830408692359924, 0.4481733441352844, 0.44801953434944153, 0.44771477580070496, 0.44765767455101013, 0.4470798373222351, 0.44682392477989197, 0.4466123878955841, 0.44646626710891724, 0.44623038172721863, 0.445938378572464, 0.4457358419895172, 0.4456421732902527, 0.4454396367073059, 0.44522759318351746, 0.444896399974823, 0.4446462392807007, 0.44445228576660156, 0.4442850351333618, 0.44405314326286316, 0.4436931610107422, 0.44353052973747253, 0.44328421354293823, 0.4430937170982361, 0.44285261631011963, 0.44268348813056946, 0.44252604246139526, 0.44230717420578003, 0.4421463906764984, 0.4420654773712158, 0.4419945776462555, 0.4417882561683655, 0.4419768452644348, 0.4414554834365845, 0.44126665592193604, 0.4409223794937134, 0.4407610595226288, 0.4405823051929474, 0.44029852747917175, 0.44013816118240356, 0.4401076138019562, 0.4397352933883667, 0.4395257830619812, 0.43936461210250854, 0.4391697943210602, 0.4390054941177368, 0.4388565421104431, 0.43861496448516846, 0.43852588534355164, 0.43836915493011475, 0.4385088086128235, 0.43838515877723694, 0.4382045269012451, 0.4378529489040375, 0.4378216564655304, 0.43776416778564453, 0.4375714957714081, 0.4373718202114105, 0.43713340163230896, 0.4371248483657837, 0.4369189143180847, 0.436916708946228, 0.4366081655025482, 0.43671637773513794, 0.4364006817340851, 0.4362521469593048, 0.43593841791152954, 0.4357968270778656, 0.4356502890586853, 0.4354398250579834, 0.4353667199611664, 0.4354018270969391, 0.43524083495140076, 0.43492162227630615, 0.4346865117549896, 0.4346865713596344, 0.4348253607749939, 0.4345930218696594, 0.4344480633735657, 0.4344285726547241, 0.43401020765304565, 0.4337407052516937, 0.43356192111968994, 0.433561772108078, 0.4335610568523407, 0.43333539366722107, 0.4330842196941376, 0.4329974353313446, 0.432892769575119, 0.43275710940361023, 0.4326179027557373, 0.43267470598220825, 0.43240347504615784, 0.4323458969593048, 0.43223097920417786, 0.4320979416370392, 0.4319037199020386, 0.43194034695625305, 0.43188080191612244, 0.431743860244751, 0.43151065707206726, 0.43165087699890137, 0.43144071102142334, 0.43150320649147034, 0.4311506152153015, 0.4311146140098572, 0.43099623918533325, 0.4309248626232147, 0.43070557713508606, 0.4306689500808716, 0.4307474195957184, 0.4304752051830292, 0.4302583634853363, 0.4300345182418823, 0.42991942167282104, 0.42977210879325867, 0.42977553606033325, 0.42958033084869385, 0.42946285009384155, 0.429395854473114, 0.42938002943992615, 0.4291994571685791, 0.4291568994522095, 0.4290081262588501, 0.42905962467193604, 0.4288666248321533, 0.42872515320777893, 0.4287055730819702, 0.4284244775772095, 0.4284452199935913, 0.4281933605670929, 0.42809149622917175, 0.42793747782707214, 0.4278455376625061, 0.4277755618095398, 0.4276740252971649, 0.4275839626789093, 0.4275309443473816, 0.42741096019744873, 0.42735499143600464, 0.42719659209251404, 0.4270869195461273, 0.4269739091396332, 0.4268782138824463, 0.42677733302116394, 0.4267580807209015, 0.4266086220741272, 0.4265698492527008, 0.4265328347682953, 0.42645084857940674, 0.42638954520225525, 0.42627841234207153, 0.4262186288833618, 0.4260346293449402, 0.4262814223766327, 0.4262867271900177, 0.42618462443351746, 0.42573222517967224]",33.0,"[33.0, 33.0, 33.0, 33.0, 33.0, 33.0, 33.0, 33.0, 33.0, 33.0, 33.0, 33.0, 33.0, 33.0, 33.0, 33.0, 33.0, 33.0, 33.0, 33.0, 33.0, 33.0, 33.0, 33.0, 33.0, 33.0, 33.0, 33.0, 33.0, 33.0, 33.0, 33.0, 33.0, 33.0, 33.0, 33.0, 33.0, 33.0, 33.0, 33.0, 33.0, 33.0, 33.0, 33.0, 33.0, 33.0, 33.0, 33.0, 33.0, 33.0, 33.0, 33.0, 33.0, 33.0, 33.0, 33.0, 33.0, 33.0, 33.0, 33.0, 33.0, 33.0, 33.0, 33.0, 33.0, 33.0, 33.0, 33.0, 33.0, 33.0, 33.0, 33.0, 33.0, 33.0, 33.0, 33.0, 33.0, 33.0, 33.0, 33.0, 33.0, 33.0, 33.0, 33.0, 33.0, 33.0, 33.0, 33.0, 33.0, 33.0, 33.0, 33.0, 33.0, 33.0, 33.0, 33.0, 33.0, 33.0, 33.0, 33.0, 33.0, 33.0, 33.0, 33.0, 33.0, 33.0, 33.0, 33.0, 33.0, 33.0, 33.0, 33.0, 33.0, 33.0, 33.0, 33.0, 33.0, 33.0, 33.0, 33.0, 33.0, 33.0, 33.0, 33.0, 33.0, 33.0, 33.0, 33.0, 33.0, 33.0, 33.0, 33.0, 33.0, 33.0, 33.0, 33.0, 33.0, 33.0, 33.0, 33.0, 33.0, 33.0, 33.0, 33.0, 33.0, 33.0, 33.0, 33.0, 33.0, 33.0, 33.0, 33.0, 33.0, 33.0, 33.0, 33.0, 33.0, 33.0, 33.0, 33.0, 33.0, 33.0, 33.0, 33.0, 33.0, 33.0, 33.0, 33.0, 33.0, 33.0, 33.0, 33.0, 33.0, 33.0, 33.0, 33.0, 33.0, 33.0, 33.0, 33.0, 33.0, 33.0, 33.0, 33.0, 33.0, 33.0, 33.0, 33.0, 33.0, 33.0, 33.0, 33.0, 33.0, 33.0, 33.0, 33.0, 33.0, 33.0, 33.0, 33.0, 33.0, 33.0, 33.0, 33.0, 33.0, 33.0, 33.0, 33.0, 33.0, 33.0, 33.0, 33.0, 33.0, 33.0, 33.0, 33.0, 33.0, 33.0, 33.0, 33.0, 33.0, 33.0, 33.0, 33.0, 33.0, 33.0, 33.0, 33.0, 33.0, 33.0, 33.0, 33.0, 33.0, 33.0, 33.0, 33.0, 33.0, 33.0, 33.0, 33.0, 33.0, 33.0, 33.0, 33.0, 33.0, 33.0, 33.0, 33.0, 33.0, 33.0, 33.0, 33.0, 33.0, 33.0, 33.0, 33.0, 33.0, 33.0, 33.0, 33.0]",COMPLETE
