,number,value,datetime_start,datetime_complete,duration,params_batch_size_scaler,params_constant_learning_rate,params_depth,params_epochs,params_kernel_l2,params_num_trees,params_temperature,user_attrs_accuracy_test,user_attrs_accuracy_valid,user_attrs_approximate_feature_sparsity,user_attrs_approximate_feature_sparsity_history,user_attrs_approximate_weight_sparsity,user_attrs_approximate_weight_sparsity_history,user_attrs_auc_test,user_attrs_auc_valid,user_attrs_feature_sparsity,user_attrs_feature_sparsity_history,user_attrs_num_epochs,user_attrs_val_loss_history,user_attrs_weight_sparsity,user_attrs_weight_sparsity_history,state
138,138,0.8013808916541072,2024-08-31 06:52:02.261104,2024-08-31 06:53:29.046866,0 days 00:01:26.785762,16,0.014465931955741688,3,435,0.015140382439357515,17,0.029929061157177972,0.881,0.88,33,"[33, 33, 33, 33, 33, 33, 33, 33, 33, 33, 33, 33, 33, 33, 33, 33, 33, 33, 33, 33, 33, 33, 33, 33, 33, 33, 33, 33, 33, 33, 33, 33, 33, 33, 33, 33, 33, 33, 33, 33, 33, 33, 33, 33, 33, 33, 33, 33, 33, 33, 33, 33, 33, 33, 33, 33, 33, 33, 33, 33, 33, 33, 33, 33, 33, 33, 33, 33, 33, 33, 33, 33, 33, 33, 33, 33, 33, 33, 33, 33, 33, 33, 33, 33, 33, 33, 33, 33, 33, 33, 33, 33, 33, 33, 33, 33, 33, 33, 33, 33, 33, 33, 33, 33, 33, 33, 33, 33, 33, 33, 33, 33, 33, 33, 33, 33, 33, 33, 33, 33, 33, 33, 33, 33, 33, 33, 33, 33, 33, 33, 33, 33, 33, 33, 33, 33, 33, 33, 33, 33, 33, 33, 33, 33, 33, 33, 33, 33, 33, 33, 33, 33, 33, 33, 33, 33, 33, 33, 33, 33, 33, 33, 33, 33, 33, 33, 33, 33, 33, 33, 33, 33, 33, 33, 33, 33, 33, 33, 33, 33, 33, 33, 33, 33, 33, 33, 33, 33, 33, 33, 33, 33, 33, 33, 33, 33, 33, 33, 33, 33, 33, 33, 33, 33, 33, 33, 33, 33, 33, 33, 33, 33, 33, 33, 33, 33, 33, 33, 33, 33, 33, 33, 33, 33, 33, 33, 33, 33, 33, 33, 33, 33, 33, 33, 33, 33, 33, 33, 33, 33, 33, 33, 33, 33, 33, 33, 33, 33, 33, 33, 33, 33, 33, 33, 33, 33, 33, 33, 33, 33, 33, 33, 33, 33, 33, 33, 33, 33, 33, 33, 33, 33, 33, 33, 33, 33, 33, 33, 33, 33, 33, 33, 33, 33, 33, 33, 33, 33, 33, 33, 33, 33, 33, 33, 33, 33, 33, 33, 33, 33, 33, 33, 33, 33, 33, 33, 33, 33, 33, 33, 33, 33, 33, 33, 33, 33, 33, 33, 33, 33, 33, 33, 33, 33, 33, 33, 33, 33, 33, 33, 33, 33, 33, 33, 33, 33, 33, 33, 33, 33, 33, 33, 33, 33, 33, 33, 33, 33, 33, 33, 33, 33, 33, 33, 33, 33, 33, 33, 33, 33, 33, 33, 33, 33, 33, 33, 33, 33, 33, 33, 33, 33, 33, 33, 33, 33, 33, 33, 33, 33, 33, 33, 33, 33, 33, 33, 33, 33, 33, 33, 33, 33, 33, 33, 33, 33, 33, 33, 33, 33, 33, 33, 33, 33, 33, 33, 33, 33, 33, 33, 33, 33, 33, 33, 33, 33, 33, 33, 33, 33, 33, 33, 33, 33, 33, 33, 33, 33, 33, 33, 33, 33, 33, 33, 33]",32.983193277310924,"[32.991596638655466, 32.983193277310924, 32.983193277310924, 32.983193277310924, 32.991596638655466, 32.991596638655466, 32.97478991596638, 32.983193277310924, 32.97478991596638, 32.97478991596638, 32.991596638655466, 32.991596638655466, 33.0, 32.991596638655466, 33.0, 32.991596638655466, 33.0, 32.97478991596638, 32.983193277310924, 32.96638655462185, 32.983193277310924, 32.97478991596638, 32.97478991596638, 32.991596638655466, 32.991596638655466, 32.97478991596638, 32.97478991596638, 32.983193277310924, 32.983193277310924, 32.991596638655466, 32.991596638655466, 32.97478991596638, 32.97478991596638, 32.983193277310924, 33.0, 33.0, 32.991596638655466, 32.983193277310924, 32.983193277310924, 32.97478991596638, 32.983193277310924, 32.983193277310924, 32.991596638655466, 32.983193277310924, 32.991596638655466, 32.991596638655466, 32.991596638655466, 32.983193277310924, 32.957983193277315, 32.991596638655466, 32.991596638655466, 32.97478991596638, 32.957983193277315, 32.97478991596638, 32.96638655462185, 32.94957983193277, 32.97478991596638, 32.991596638655466, 32.97478991596638, 32.983193277310924, 32.983193277310924, 32.97478991596638, 32.97478991596638, 33.0, 33.0, 32.983193277310924, 32.983193277310924, 32.991596638655466, 32.991596638655466, 33.0, 32.991596638655466, 33.0, 32.991596638655466, 32.983193277310924, 32.983193277310924, 32.991596638655466, 32.991596638655466, 33.0, 32.983193277310924, 33.0, 32.991596638655466, 33.0, 33.0, 32.991596638655466, 32.991596638655466, 32.983193277310924, 32.983193277310924, 32.97478991596638, 32.97478991596638, 32.983193277310924, 32.96638655462185, 32.983193277310924, 32.991596638655466, 32.983193277310924, 32.97478991596638, 32.983193277310924, 32.991596638655466, 32.991596638655466, 32.983193277310924, 32.991596638655466, 32.991596638655466, 32.991596638655466, 32.991596638655466, 32.991596638655466, 32.991596638655466, 32.991596638655466, 32.983193277310924, 32.991596638655466, 32.991596638655466, 32.991596638655466, 33.0, 32.983193277310924, 32.983193277310924, 32.991596638655466, 32.983193277310924, 32.991596638655466, 32.991596638655466, 32.983193277310924, 32.983193277310924, 32.983193277310924, 32.983193277310924, 32.97478991596638, 32.97478991596638, 32.983193277310924, 32.983193277310924, 32.97478991596638, 32.96638655462185, 32.957983193277315, 32.96638655462185, 32.96638655462185, 32.97478991596638, 32.97478991596638, 32.983193277310924, 32.991596638655466, 32.991596638655466, 32.991596638655466, 32.991596638655466, 32.983193277310924, 32.97478991596638, 32.97478991596638, 32.983193277310924, 32.983193277310924, 32.983193277310924, 32.983193277310924, 32.96638655462185, 32.96638655462185, 32.94957983193277, 32.96638655462185, 32.97478991596638, 32.97478991596638, 32.97478991596638, 32.97478991596638, 32.97478991596638, 32.957983193277315, 32.97478991596638, 32.983193277310924, 32.983193277310924, 32.991596638655466, 32.983193277310924, 32.983193277310924, 32.983193277310924, 32.983193277310924, 32.983193277310924, 32.991596638655466, 32.983193277310924, 32.983193277310924, 32.97478991596638, 32.97478991596638, 32.983193277310924, 32.983193277310924, 32.991596638655466, 32.991596638655466, 32.991596638655466, 32.991596638655466, 32.991596638655466, 32.991596638655466, 32.991596638655466, 32.991596638655466, 32.991596638655466, 32.991596638655466, 32.991596638655466, 32.991596638655466, 32.983193277310924, 32.991596638655466, 32.991596638655466, 32.991596638655466, 32.991596638655466, 32.991596638655466, 32.991596638655466, 32.983193277310924, 32.991596638655466, 32.97478991596638, 32.97478991596638, 32.97478991596638, 32.97478991596638, 32.97478991596638, 32.96638655462185, 32.97478991596638, 32.97478991596638, 32.97478991596638, 32.983193277310924, 32.97478991596638, 32.96638655462185, 32.96638655462185, 32.94957983193277, 32.957983193277315, 32.97478991596638, 32.97478991596638, 32.957983193277315, 32.97478991596638, 32.97478991596638, 32.983193277310924, 32.983193277310924, 32.96638655462185, 32.97478991596638, 32.983193277310924, 32.983193277310924, 32.991596638655466, 32.991596638655466, 32.983193277310924, 32.97478991596638, 32.983193277310924, 32.991596638655466, 33.0, 32.991596638655466, 32.983193277310924, 32.983193277310924, 32.991596638655466, 33.0, 33.0, 33.0, 33.0, 32.991596638655466, 32.983193277310924, 32.991596638655466, 32.991596638655466, 32.991596638655466, 32.991596638655466, 32.991596638655466, 32.97478991596638, 32.957983193277315, 32.96638655462185, 32.96638655462185, 32.97478991596638, 32.983193277310924, 32.983193277310924, 32.97478991596638, 32.97478991596638, 32.96638655462185, 32.96638655462185, 32.991596638655466, 32.983193277310924, 32.983193277310924, 32.983193277310924, 32.97478991596638, 32.983193277310924, 32.983193277310924, 32.97478991596638, 32.983193277310924, 32.983193277310924, 32.983193277310924, 32.97478991596638, 32.96638655462185, 32.97478991596638, 32.983193277310924, 32.97478991596638, 32.96638655462185, 32.96638655462185, 32.97478991596638, 32.991596638655466, 32.991596638655466, 32.991596638655466, 32.983193277310924, 32.991596638655466, 32.991596638655466, 32.991596638655466, 32.991596638655466, 32.991596638655466, 32.991596638655466, 32.991596638655466, 33.0, 33.0, 32.991596638655466, 32.991596638655466, 32.983193277310924, 32.983193277310924, 32.96638655462185, 32.96638655462185, 32.97478991596638, 32.97478991596638, 32.97478991596638, 32.97478991596638, 32.957983193277315, 32.96638655462185, 32.97478991596638, 32.983193277310924, 32.983193277310924, 32.983193277310924, 32.983193277310924, 32.991596638655466, 32.991596638655466, 32.991596638655466, 32.983193277310924, 32.97478991596638, 32.97478991596638, 32.983193277310924, 32.983193277310924, 32.983193277310924, 32.991596638655466, 32.991596638655466, 32.991596638655466, 32.991596638655466, 32.983193277310924, 32.983193277310924, 32.97478991596638, 32.97478991596638, 32.983193277310924, 32.97478991596638, 32.983193277310924, 32.983193277310924, 32.983193277310924, 32.97478991596638, 32.97478991596638, 32.983193277310924, 32.983193277310924, 32.983193277310924, 32.983193277310924, 32.983193277310924, 32.97478991596638, 32.97478991596638, 32.97478991596638, 32.97478991596638, 32.97478991596638, 32.983193277310924, 32.991596638655466, 32.983193277310924, 32.97478991596638, 32.97478991596638, 32.991596638655466, 32.991596638655466, 32.983193277310924, 32.991596638655466, 32.991596638655466, 32.991596638655466, 33.0, 33.0, 32.983193277310924, 33.0, 33.0, 33.0, 32.991596638655466, 33.0, 33.0, 32.991596638655466, 32.983193277310924, 32.97478991596638, 32.97478991596638, 32.983193277310924, 32.991596638655466, 32.991596638655466, 32.991596638655466, 32.991596638655466, 32.983193277310924, 32.991596638655466, 32.991596638655466, 32.991596638655466, 32.991596638655466, 32.991596638655466, 32.991596638655466, 32.991596638655466, 32.97478991596638, 32.97478991596638, 32.96638655462185, 32.983193277310924, 32.983193277310924, 32.983193277310924, 32.983193277310924, 32.991596638655466, 32.991596638655466, 32.991596638655466, 32.991596638655466, 32.991596638655466, 32.991596638655466, 33.0, 33.0, 32.991596638655466, 32.97478991596638, 32.96638655462185, 32.97478991596638, 32.983193277310924, 32.991596638655466, 32.983193277310924, 32.983193277310924, 32.983193277310924, 32.983193277310924, 32.983193277310924, 32.983193277310924, 32.97478991596638, 32.97478991596638, 32.97478991596638, 32.983193277310924, 32.97478991596638, 32.97478991596638, 32.96638655462185, 32.957983193277315, 32.957983193277315, 32.96638655462185, 32.991596638655466, 32.97478991596638, 32.991596638655466, 32.991596638655466, 32.991596638655466, 32.991596638655466, 33.0, 33.0, 33.0, 33.0, 32.991596638655466, 32.991596638655466, 32.983193277310924, 32.991596638655466, 33.0, 32.983193277310924, 32.983193277310924, 32.991596638655466, 32.991596638655466, 33.0, 33.0, 32.991596638655466, 32.983193277310924, 32.991596638655466, 32.991596638655466, 32.991596638655466, 32.983193277310924, 32.983193277310924]",0.8142653093238881,0.8013808916541072,33,"[33, 33, 33, 33, 33, 33, 33, 33, 33, 33, 33, 33, 33, 33, 33, 33, 33, 33, 33, 33, 33, 33, 33, 33, 33, 33, 33, 33, 33, 33, 33, 33, 33, 33, 33, 33, 33, 33, 33, 33, 33, 33, 33, 33, 33, 33, 33, 33, 33, 33, 33, 33, 33, 33, 33, 33, 33, 33, 33, 33, 33, 33, 33, 33, 33, 33, 33, 33, 33, 33, 33, 33, 33, 33, 33, 33, 33, 33, 33, 33, 33, 33, 33, 33, 33, 33, 33, 33, 33, 33, 33, 33, 33, 33, 33, 33, 33, 33, 33, 33, 33, 33, 33, 33, 33, 33, 33, 33, 33, 33, 33, 33, 33, 33, 33, 33, 33, 33, 33, 33, 33, 33, 33, 33, 33, 33, 33, 33, 33, 33, 33, 33, 33, 33, 33, 33, 33, 33, 33, 33, 33, 33, 33, 33, 33, 33, 33, 33, 33, 33, 33, 33, 33, 33, 33, 33, 33, 33, 33, 33, 33, 33, 33, 33, 33, 33, 33, 33, 33, 33, 33, 33, 33, 33, 33, 33, 33, 33, 33, 33, 33, 33, 33, 33, 33, 33, 33, 33, 33, 33, 33, 33, 33, 33, 33, 33, 33, 33, 33, 33, 33, 33, 33, 33, 33, 33, 33, 33, 33, 33, 33, 33, 33, 33, 33, 33, 33, 33, 33, 33, 33, 33, 33, 33, 33, 33, 33, 33, 33, 33, 33, 33, 33, 33, 33, 33, 33, 33, 33, 33, 33, 33, 33, 33, 33, 33, 33, 33, 33, 33, 33, 33, 33, 33, 33, 33, 33, 33, 33, 33, 33, 33, 33, 33, 33, 33, 33, 33, 33, 33, 33, 33, 33, 33, 33, 33, 33, 33, 33, 33, 33, 33, 33, 33, 33, 33, 33, 33, 33, 33, 33, 33, 33, 33, 33, 33, 33, 33, 33, 33, 33, 33, 33, 33, 33, 33, 33, 33, 33, 33, 33, 33, 33, 33, 33, 33, 33, 33, 33, 33, 33, 33, 33, 33, 33, 33, 33, 33, 33, 33, 33, 33, 33, 33, 33, 33, 33, 33, 33, 33, 33, 33, 33, 33, 33, 33, 33, 33, 33, 33, 33, 33, 33, 33, 33, 33, 33, 33, 33, 33, 33, 33, 33, 33, 33, 33, 33, 33, 33, 33, 33, 33, 33, 33, 33, 33, 33, 33, 33, 33, 33, 33, 33, 33, 33, 33, 33, 33, 33, 33, 33, 33, 33, 33, 33, 33, 33, 33, 33, 33, 33, 33, 33, 33, 33, 33, 33, 33, 33, 33, 33, 33, 33, 33, 33, 33, 33, 33, 33, 33, 33, 33, 33, 33, 33, 33, 33, 33, 33, 33, 33, 33, 33, 33, 33]",435,"[0.6688147783279419, 0.5767750144004822, 0.5202412605285645, 0.4839622378349304, 0.4603939950466156, 0.444431871175766, 0.43315911293029785, 0.4251880645751953, 0.4191739559173584, 0.414790540933609, 0.41135042905807495, 0.4085082709789276, 0.40628430247306824, 0.4043354094028473, 0.4026491045951843, 0.4012305438518524, 0.39996036887168884, 0.3988349437713623, 0.39777645468711853, 0.3968677222728729, 0.3959963619709015, 0.395161896944046, 0.39441588521003723, 0.39365577697753906, 0.3929551839828491, 0.39228686690330505, 0.3916504383087158, 0.3910481929779053, 0.3904608488082886, 0.389885812997818, 0.38931456208229065, 0.3887675404548645, 0.38825005292892456, 0.3877467215061188, 0.3872763514518738, 0.38679957389831543, 0.38633057475090027, 0.3858868479728699, 0.38543999195098877, 0.38501980900764465, 0.3845934271812439, 0.3841821551322937, 0.38376522064208984, 0.38335829973220825, 0.38299360871315, 0.38263145089149475, 0.3822694718837738, 0.3819107115268707, 0.38157397508621216, 0.3812390863895416, 0.38092052936553955, 0.3806132972240448, 0.38030996918678284, 0.3799992501735687, 0.37969890236854553, 0.37939971685409546, 0.3791094124317169, 0.37882816791534424, 0.3785555362701416, 0.37829264998435974, 0.37803736329078674, 0.37778010964393616, 0.37751561403274536, 0.377269446849823, 0.37702980637550354, 0.3767760992050171, 0.3765483498573303, 0.3763120174407959, 0.3760848343372345, 0.3758554756641388, 0.37563061714172363, 0.3754156529903412, 0.3752102255821228, 0.374986469745636, 0.37478122115135193, 0.37458541989326477, 0.3743753433227539, 0.3741763234138489, 0.37398043274879456, 0.37378257513046265, 0.3735882043838501, 0.3733852505683899, 0.37319275736808777, 0.37299156188964844, 0.3728140592575073, 0.37263378500938416, 0.37244656682014465, 0.3722630441188812, 0.3720806837081909, 0.37189781665802, 0.3717404901981354, 0.3715810477733612, 0.3714125454425812, 0.3712238669395447, 0.37104254961013794, 0.3708595335483551, 0.3706861138343811, 0.3705365061759949, 0.3703688681125641, 0.37019526958465576, 0.37001898884773254, 0.3698616325855255, 0.3697133958339691, 0.3695639669895172, 0.3694033920764923, 0.36923277378082275, 0.36907118558883667, 0.3689101040363312, 0.3687601387500763, 0.36860206723213196, 0.36843547224998474, 0.3682854175567627, 0.36812126636505127, 0.36796867847442627, 0.36780989170074463, 0.3676864504814148, 0.3675393760204315, 0.3673815131187439, 0.36723899841308594, 0.36709490418434143, 0.3669554591178894, 0.36681854724884033, 0.3666786849498749, 0.36653372645378113, 0.3664013147354126, 0.3662688732147217, 0.3661215901374817, 0.3659701943397522, 0.36582398414611816, 0.36567336320877075, 0.365536093711853, 0.36541134119033813, 0.3652670383453369, 0.3651353120803833, 0.36498793959617615, 0.36483535170555115, 0.36470383405685425, 0.3645578622817993, 0.3644200563430786, 0.36428654193878174, 0.3641291558742523, 0.36400318145751953, 0.3638676702976227, 0.36373940110206604, 0.36360791325569153, 0.3634726405143738, 0.3633345365524292, 0.36319980025291443, 0.3630673289299011, 0.36293864250183105, 0.3627876043319702, 0.36265480518341064, 0.3625086843967438, 0.36237162351608276, 0.36225056648254395, 0.36210712790489197, 0.36197078227996826, 0.3618280291557312, 0.3617061972618103, 0.36158207058906555, 0.3614567816257477, 0.3613090515136719, 0.3611816465854645, 0.36104637384414673, 0.360910564661026, 0.36078304052352905, 0.3606595993041992, 0.3605186343193054, 0.36038267612457275, 0.3602392077445984, 0.3601047396659851, 0.35999274253845215, 0.35986262559890747, 0.35971909761428833, 0.3595885932445526, 0.35946616530418396, 0.35935044288635254, 0.3592252731323242, 0.3590911030769348, 0.3589719533920288, 0.3588500916957855, 0.3587319254875183, 0.3586083948612213, 0.3584763705730438, 0.35834094882011414, 0.35821110010147095, 0.3580975830554962, 0.3579697012901306, 0.3578444719314575, 0.35772719979286194, 0.35760319232940674, 0.35748082399368286, 0.3573618233203888, 0.3572336435317993, 0.35709288716316223, 0.3569522202014923, 0.3568226993083954, 0.3566935360431671, 0.3565768897533417, 0.35643771290779114, 0.3563004434108734, 0.3561597466468811, 0.3560395836830139, 0.35590678453445435, 0.35575756430625916, 0.35560116171836853, 0.3554685711860657, 0.3553551137447357, 0.3552127778530121, 0.3550785779953003, 0.35494107007980347, 0.3548083007335663, 0.3546687960624695, 0.354546457529068, 0.3544287085533142, 0.35429561138153076, 0.35416924953460693, 0.35403987765312195, 0.3539293706417084, 0.3538062572479248, 0.3536730110645294, 0.353554368019104, 0.3534184694290161, 0.3533002436161041, 0.3531574308872223, 0.35301682353019714, 0.35289236903190613, 0.3527683913707733, 0.3526390790939331, 0.3525153398513794, 0.3523833751678467, 0.35225218534469604, 0.3521246314048767, 0.35199958086013794, 0.3518621027469635, 0.3517455756664276, 0.3516156077384949, 0.35148346424102783, 0.3513602018356323, 0.35122910141944885, 0.3511081337928772, 0.3509778082370758, 0.3508645296096802, 0.3507559597492218, 0.3506324887275696, 0.35053616762161255, 0.35038262605667114, 0.3502632975578308, 0.35012269020080566, 0.3499912619590759, 0.34987109899520874, 0.3497318923473358, 0.34959420561790466, 0.3494620621204376, 0.3493366539478302, 0.34921473264694214, 0.3490854501724243, 0.3489607870578766, 0.3488391935825348, 0.3487144708633423, 0.3485810160636902, 0.34845083951950073, 0.3483130633831024, 0.3481805920600891, 0.34806251525878906, 0.34793680906295776, 0.3477928638458252, 0.34766629338264465, 0.34754177927970886, 0.34741562604904175, 0.34727638959884644, 0.34716880321502686, 0.3470449149608612, 0.3469185531139374, 0.3467872738838196, 0.3466640114784241, 0.34655287861824036, 0.3464193642139435, 0.34629738330841064, 0.3461601734161377, 0.34603795409202576, 0.34591397643089294, 0.3458045721054077, 0.34566688537597656, 0.3455702066421509, 0.34543707966804504, 0.3453007638454437, 0.3451783359050751, 0.3450475335121155, 0.34493914246559143, 0.3447955250740051, 0.3446817696094513, 0.3445437550544739, 0.34445109963417053, 0.34432587027549744, 0.344199001789093, 0.3440844416618347, 0.343965083360672, 0.3438451886177063, 0.3437241315841675, 0.34360969066619873, 0.34347590804100037, 0.3433484137058258, 0.3432121276855469, 0.3430715501308441, 0.34294289350509644, 0.3428223133087158, 0.342692494392395, 0.3425942659378052, 0.3424498736858368, 0.34231290221214294, 0.3421715497970581, 0.3420396149158478, 0.3418998718261719, 0.34176692366600037, 0.3416373133659363, 0.34152331948280334, 0.3413980007171631, 0.34127137064933777, 0.3411436975002289, 0.3410317897796631, 0.3409096598625183, 0.34077227115631104, 0.34065312147140503, 0.3405284583568573, 0.34039345383644104, 0.340274453163147, 0.34016162157058716, 0.34002840518951416, 0.3399118483066559, 0.3397749066352844, 0.3396453559398651, 0.3395284414291382, 0.33939650654792786, 0.3392755091190338, 0.33915069699287415, 0.3390015661716461, 0.33887600898742676, 0.33874520659446716, 0.3386218249797821, 0.3384997248649597, 0.3383617699146271, 0.3382571339607239, 0.33811187744140625, 0.33797961473464966, 0.33786746859550476, 0.33775967359542847, 0.3376398980617523, 0.3375314772129059, 0.3374040126800537, 0.33727383613586426, 0.33714309334754944, 0.33700552582740784, 0.33689945936203003, 0.33676961064338684, 0.3366585671901703, 0.3365320861339569, 0.3363977074623108, 0.33627399802207947, 0.336152046918869, 0.3360132873058319, 0.3358778655529022, 0.33573609590530396, 0.33561089634895325, 0.33548644185066223, 0.33535560965538025, 0.33524471521377563, 0.3351311981678009, 0.3349963426589966, 0.33488327264785767, 0.33474934101104736, 0.33460792899131775, 0.33448857069015503, 0.3343699276447296, 0.3342342674732208, 0.33409544825553894, 0.33396923542022705, 0.3338400721549988, 0.3337126076221466, 0.33360224962234497, 0.3334793746471405, 0.3333507478237152, 0.3332314193248749, 0.33311498165130615, 0.332987904548645, 0.33285507559776306, 0.3327306807041168, 0.33259496092796326, 0.3324587941169739, 0.33233216404914856, 0.3322218954563141, 0.33210891485214233, 0.33197087049484253, 0.33183753490448, 0.331717312335968, 0.33158788084983826, 0.33145686984062195, 0.3313212990760803, 0.3311935067176819, 0.3310565948486328, 0.330922394990921, 0.33080658316612244, 0.33068493008613586, 0.33054980635643005, 0.3304283916950226, 0.33030369877815247, 0.33018454909324646, 0.3300389349460602, 0.3299022912979126, 0.3297536075115204, 0.3296249508857727, 0.32949119806289673, 0.32937878370285034, 0.32923927903175354, 0.32911980152130127, 0.3289845287799835, 0.3288346230983734, 0.3287079632282257, 0.328572541475296, 0.3284513056278229, 0.32831814885139465, 0.3281969726085663, 0.32808536291122437, 0.3279579281806946, 0.3278176486492157, 0.32767432928085327, 0.3275386095046997, 0.327432781457901, 0.3272905647754669, 0.32716843485832214, 0.3270419239997864, 0.3269108235836029, 0.3267965316772461, 0.32667484879493713, 0.3265621066093445]",33.0,"[33.0, 33.0, 33.0, 33.0, 33.0, 33.0, 33.0, 33.0, 33.0, 33.0, 33.0, 33.0, 33.0, 33.0, 33.0, 33.0, 33.0, 33.0, 33.0, 33.0, 33.0, 33.0, 33.0, 33.0, 33.0, 33.0, 33.0, 33.0, 33.0, 33.0, 33.0, 33.0, 33.0, 33.0, 33.0, 33.0, 33.0, 33.0, 33.0, 33.0, 33.0, 33.0, 33.0, 33.0, 33.0, 33.0, 33.0, 33.0, 33.0, 33.0, 33.0, 33.0, 33.0, 33.0, 33.0, 33.0, 33.0, 33.0, 33.0, 33.0, 33.0, 33.0, 33.0, 33.0, 33.0, 33.0, 33.0, 33.0, 33.0, 33.0, 33.0, 33.0, 33.0, 33.0, 33.0, 33.0, 33.0, 33.0, 33.0, 33.0, 33.0, 33.0, 33.0, 33.0, 33.0, 33.0, 33.0, 33.0, 33.0, 33.0, 33.0, 33.0, 33.0, 33.0, 33.0, 33.0, 33.0, 33.0, 33.0, 33.0, 33.0, 33.0, 33.0, 33.0, 33.0, 33.0, 33.0, 33.0, 33.0, 33.0, 33.0, 33.0, 33.0, 33.0, 33.0, 