,number,value,datetime_start,datetime_complete,duration,params_batch_size_scaler,params_constant_learning_rate,params_depth,params_epochs,params_kernel_l2,params_num_trees,params_temperature,user_attrs_accuracy_test,user_attrs_accuracy_valid,user_attrs_approximate_feature_sparsity,user_attrs_approximate_feature_sparsity_history,user_attrs_approximate_weight_sparsity,user_attrs_approximate_weight_sparsity_history,user_attrs_auc_test,user_attrs_auc_valid,user_attrs_feature_sparsity,user_attrs_feature_sparsity_history,user_attrs_num_epochs,user_attrs_val_loss_history,user_attrs_weight_sparsity,user_attrs_weight_sparsity_history,state
14,14,0.6825108526233077,2024-08-31 01:22:36.473356,2024-08-31 01:23:12.896092,0 days 00:00:36.422736,64,0.015116975536430452,4,155,0.2999973921785615,97,0.009511561954237734,0.859,0.85875,33,"[33, 33, 33, 33, 33, 33, 33, 33, 33, 33, 33, 33, 33, 33, 33, 33, 33, 33, 33, 33, 33, 33, 33, 33, 33, 33, 33, 33, 33, 33, 33, 33, 33, 33, 33, 33, 33, 33, 33, 33, 33, 33, 33, 33, 33, 33, 33, 33, 33, 33, 33, 33, 33, 33, 33, 33, 33, 33, 33, 33, 33, 33, 33, 33, 33, 33, 33, 33, 33, 33, 33, 33, 33, 33, 33, 33, 33, 33, 33, 33, 33, 33, 33, 33, 33, 33, 33, 33, 33, 33, 33, 33, 33, 33, 33, 33, 33, 33, 33, 33, 33, 33, 33, 33, 33, 33, 33, 33, 33, 33, 33, 33, 33, 33, 33, 33, 33, 33, 33, 33, 33, 33, 33, 33, 33, 33, 33, 33, 33, 33, 33, 33, 33, 33, 33, 33, 33, 33, 33, 33, 33, 33, 33, 33, 33, 33, 33, 33, 33, 33, 33, 33, 33, 33, 33]",32.94982817869416,"[32.95257731958763, 32.95257731958763, 32.94982817869416, 32.95395189003436, 32.950515463917526, 32.953264604811, 32.95463917525773, 32.95670103092783, 32.9553264604811, 32.95876288659794, 32.95463917525773, 32.95257731958763, 32.95189003436426, 32.95257731958763, 32.95189003436426, 32.950515463917526, 32.95120274914089, 32.95120274914089, 32.95120274914089, 32.94982817869416, 32.947766323024055, 32.94639175257732, 32.94295532646048, 32.942268041237114, 32.94158075601375, 32.94295532646048, 32.94432989690722, 32.94707903780069, 32.94364261168385, 32.94158075601375, 32.94364261168385, 32.94570446735395, 32.945017182130584, 32.94432989690722, 32.94707903780069, 32.94982817869416, 32.94982817869416, 32.95189003436426, 32.950515463917526, 32.95120274914089, 32.95189003436426, 32.94982817869416, 32.950515463917526, 32.950515463917526, 32.95257731958763, 32.95257731958763, 32.95257731958763, 32.95120274914089, 32.95189003436426, 32.95395189003436, 32.95670103092783, 32.95395189003436, 32.9553264604811, 32.95395189003436, 32.95120274914089, 32.94914089347079, 32.94982817869416, 32.94982817869416, 32.95189003436426, 32.95120274914089, 32.953264604811, 32.94845360824742, 32.94639175257732, 32.94570446735395, 32.945017182130584, 32.94639175257732, 32.94845360824742, 32.94845360824742, 32.947766323024055, 32.94639175257732, 32.94845360824742, 32.947766323024055, 32.94914089347079, 32.95120274914089, 32.94707903780069, 32.94432989690722, 32.94432989690722, 32.94432989690722, 32.94364261168385, 32.94432989690722, 32.94295532646048, 32.94158075601375, 32.94158075601375, 32.94158075601375, 32.942268041237114, 32.94364261168385, 32.942268041237114, 32.942268041237114, 32.94158075601375, 32.94020618556701, 32.937457044673536, 32.93883161512028, 32.942268041237114, 32.942268041237114, 32.94639175257732, 32.94914089347079, 32.94845360824742, 32.947766323024055, 32.94639175257732, 32.947766323024055, 32.94707903780069, 32.94707903780069, 32.94364261168385, 32.942268041237114, 32.942268041237114, 32.94295532646048, 32.945017182130584, 32.94364261168385, 32.94295532646048, 32.942268041237114, 32.94364261168385, 32.94295532646048, 32.94364261168385, 32.94432989690722, 32.94089347079038, 32.94089347079038, 32.94364261168385, 32.94639175257732, 32.947766323024055, 32.94845360824742, 32.94845360824742, 32.94845360824742, 32.94845360824742, 32.94914089347079, 32.94845360824742, 32.94914089347079, 32.94982817869416, 32.94914089347079, 32.94982817869416, 32.950515463917526, 32.95189003436426, 32.95120274914089, 32.95257731958763, 32.95120274914089, 32.95189003436426, 32.95189003436426, 32.94982817869416, 32.95120274914089, 32.95189003436426, 32.953264604811, 32.9553264604811, 32.95395189003436, 32.95395189003436, 32.95257731958763, 32.95120274914089, 32.94982817869416, 32.94982817869416, 32.94914089347079, 32.950515463917526, 32.94914089347079, 32.94982817869416, 32.94914089347079, 32.95120274914089, 32.950515463917526, 32.94982817869416]",0.718202759269809,0.6825108526233077,33,"[33, 33, 33, 33, 33, 33, 33, 33, 33, 33, 33, 33, 33, 33, 33, 33, 33, 33, 33, 33, 33, 33, 33, 33, 33, 33, 33, 33, 33, 33, 33, 33, 33, 33, 33, 33, 33, 33, 33, 33, 33, 33, 33, 33, 33, 33, 33, 33, 33, 33, 33, 33, 33, 33, 33, 33, 33, 33, 33, 33, 33, 33, 33, 33, 33, 33, 33, 33, 33, 33, 33, 33, 33, 33, 33, 33, 33, 33, 33, 33, 33, 33, 33, 33, 33, 33, 33, 33, 33, 33, 33, 33, 33, 33, 33, 33, 33, 33, 33, 33, 33, 33, 33, 33, 33, 33, 33, 33, 33, 33, 33, 33, 33, 33, 33, 33, 33, 33, 33, 33, 33, 33, 33, 33, 33, 33, 33, 33, 33, 33, 33, 33, 33, 33, 33, 33, 33, 33, 33, 33, 33, 33, 33, 33, 33, 33, 33, 33, 33, 33, 33, 33, 33, 33, 33]",155,"[0.5795564651489258, 0.5352952480316162, 0.5036125183105469, 0.48169785737991333, 0.4657183885574341, 0.4543306231498718, 0.44587820768356323, 0.43993645906448364, 0.43503084778785706, 0.43152090907096863, 0.4287685751914978, 0.42630866169929504, 0.424568772315979, 0.422841340303421, 0.4214154779911041, 0.42028167843818665, 0.4193638563156128, 0.41858336329460144, 0.41790449619293213, 0.4172794222831726, 0.41660168766975403, 0.4160923361778259, 0.41574132442474365, 0.41516000032424927, 0.41475045680999756, 0.4143749177455902, 0.41404974460601807, 0.4137076139450073, 0.4134390652179718, 0.4132271707057953, 0.41295191645622253, 0.41268154978752136, 0.4124625027179718, 0.412241131067276, 0.41206130385398865, 0.4118611812591553, 0.4117017388343811, 0.4115017056465149, 0.411287397146225, 0.4110707938671112, 0.4109002947807312, 0.410697340965271, 0.4105091989040375, 0.4103149473667145, 0.4101461172103882, 0.4099308252334595, 0.4097711443901062, 0.40960893034935, 0.4094674587249756, 0.40928781032562256, 0.4090961217880249, 0.4089367687702179, 0.40877678990364075, 0.40862059593200684, 0.4084588885307312, 0.4082912802696228, 0.4081023931503296, 0.4079335927963257, 0.407780259847641, 0.4076087474822998, 0.4074177145957947, 0.4072452783584595, 0.4070494472980499, 0.4068728983402252, 0.4066818356513977, 0.40651434659957886, 0.4063531756401062, 0.406218558549881, 0.4060569107532501, 0.40588805079460144, 0.4057360887527466, 0.40559327602386475, 0.40543749928474426, 0.40527239441871643, 0.40513575077056885, 0.4050031006336212, 0.40486863255500793, 0.4047110080718994, 0.4045827388763428, 0.40443384647369385, 0.404297798871994, 0.4041357934474945, 0.4039545953273773, 0.4038291275501251, 0.40366700291633606, 0.40353530645370483, 0.40342238545417786, 0.40327054262161255, 0.4031555652618408, 0.4029949903488159, 0.40289077162742615, 0.40274760127067566, 0.40261557698249817, 0.4024967849254608, 0.4023580551147461, 0.4022366404533386, 0.4021283984184265, 0.4019983410835266, 0.4018789529800415, 0.4017336368560791, 0.4016009271144867, 0.401485800743103, 0.40135520696640015, 0.40123531222343445, 0.4010951519012451, 0.4009636640548706, 0.40083372592926025, 0.4007010757923126, 0.4005873501300812, 0.4004763662815094, 0.400359183549881, 0.40023669600486755, 0.4000890851020813, 0.3999677896499634, 0.39985138177871704, 0.39972835779190063, 0.39963793754577637, 0.3995107412338257, 0.3993901312351227, 0.39928656816482544, 0.39918380975723267, 0.3990820646286011, 0.39896851778030396, 0.3988725543022156, 0.3987855613231659, 0.39867672324180603, 0.398555189371109, 0.39846670627593994, 0.3983839154243469, 0.39828169345855713, 0.3981884717941284, 0.3980688154697418, 0.39794373512268066, 0.3978389501571655, 0.39774107933044434, 0.3976553976535797, 0.39753296971321106, 0.39746907353401184, 0.3973393738269806, 0.397248774766922, 0.39712798595428467, 0.39702385663986206, 0.3969231843948364, 0.39682233333587646, 0.3967309296131134, 0.39666375517845154, 0.3965643644332886, 0.3964499533176422, 0.39636409282684326, 0.3962564766407013, 0.39614754915237427, 0.3960586190223694, 0.39593467116355896, 0.395827978849411, 0.3957408666610718]",33.0,"[33.0, 33.0, 33.0, 33.0, 33.0, 33.0, 33.0, 33.0, 33.0, 33.0, 33.0, 33.0, 33.0, 33.0, 33.0, 33.0, 33.0, 33.0, 33.0, 33.0, 33.0, 33.0, 33.0, 33.0, 33.0, 33.0, 33.0, 33.0, 33.0, 33.0, 33.0, 33.0, 33.0, 33.0, 33.0, 33.0, 33.0, 33.0, 33.0, 33.0, 33.0, 33.0, 33.0, 33.0, 33.0, 33.0, 33.0, 33.0, 33.0, 33.0, 33.0, 33.0, 33.0, 33.0, 33.0, 33.0, 33.0, 33.0, 33.0, 33.0, 33.0, 33.0, 33.0, 33.0, 33.0, 33.0, 33.0, 33.0, 33.0, 33.0, 33.0, 33.0, 33.0, 33.0, 33.0, 33.0, 33.0, 33.0, 33.0, 33.0, 33.0, 33.0, 33.0, 33.0, 33.0, 33.0, 33.0, 33.0, 33.0, 33.0, 33.0, 33.0, 33.0, 33.0, 33.0, 33.0, 33.0, 33.0, 33.0, 33.0, 33.0, 33.0, 33.0, 33.0, 33.0, 33.0, 33.0, 33.0, 33.0, 33.0, 33.0, 33.0, 33.0, 33.0, 33.0, 33.0, 33.0, 33.0, 33.0, 33.0, 33.0, 33.0, 33.0, 33.0, 33.0, 33.0, 33.0, 33.0, 33.0, 33.0, 33.0, 33.0, 33.0, 33.0, 33.0, 33.0, 33.0, 33.0, 33.0, 33.0, 33.0, 33.0, 33.0, 33.0, 33.0, 33.0, 33.0, 33.0, 33.0, 33.0, 33.0, 33.0, 33.0, 33.0, 33.0]",COMPLETE
15,15,0.5,2024-08-31 01:23:12.907476,2024-08-31 01:25:37.224066,0 days 00:02:24.316590,1,0.9053413530070133,1,275,0.012420255685052655,25,0.047533503538553776,0.859,0.85875,0,"[0, 0, 0, 0, 0, 0, 0, 0, 0, 0, 0, 0, 0, 0, 0, 0, 0, 0, 0, 0, 0, 0, 0, 0, 0, 0, 0, 0, 0, 0, 0, 0, 0, 0, 0, 0, 0, 0, 0, 0, 0, 0, 0, 0, 0, 0, 0, 0, 0, 0, 0, 0, 0, 0, 0, 0, 0, 0, 0, 0, 0, 0, 0, 0, 0, 0, 0, 0, 0, 0, 0, 0, 0, 0, 0, 0, 0, 0, 0, 0, 0, 0, 0, 0, 0, 0, 0, 0, 0, 0, 0, 0, 0, 0, 0, 0, 0, 0, 0, 0, 0, 0, 0, 0, 0, 0, 0, 0, 0, 0, 0, 0, 0, 0, 0, 0, 0, 0, 0, 0, 0, 0, 0, 0, 0, 0, 0, 0, 0, 0, 0, 0, 0, 0, 0, 0, 0, 0, 0, 0, 0, 0, 0, 0, 0, 0, 0, 0, 0, 0, 0, 0, 0, 0, 0, 0, 0, 0, 0, 0, 0, 0, 0, 0, 0, 0, 0, 0, 0, 0, 0, 0, 0, 0, 0, 0, 0, 0, 0, 0, 0, 0, 0, 0, 0, 0, 0, 0, 0, 0, 0, 0, 0, 0, 0, 0, 0, 0, 0, 0, 0, 0, 0, 0, 0, 0, 0, 0, 0, 0, 0, 0, 0, 0, 0, 0, 0, 0, 0, 0, 0, 0, 0, 0, 0, 0, 0, 0, 0, 0, 0, 0, 0, 0, 0, 0, 0, 0, 0, 0, 0, 0, 0, 0, 0, 0, 0, 0, 0, 0, 0, 0, 0, 0, 0, 0, 0, 0, 0, 0, 0, 0, 0, 0, 0, 0, 0, 0, 0, 0, 0, 0, 0, 0, 0]",0.0,"[0.0, 0.0, 0.0, 0.0, 0.0, 0.0, 0.0, 0.0, 0.0, 0.0, 0.0, 0.0, 0.0, 0.0, 0.0, 0.0, 0.0, 0.0, 0.0, 0.0, 0.0, 0.0, 0.0, 0.0, 0.0, 0.0, 0.0, 0.0, 0.0, 0.0, 0.0, 0.0, 0.0, 0.0, 0.0, 0.0, 0.0, 0.0, 0.0, 0.0, 0.0, 0.0, 0.0, 0.0, 0.0, 0.0, 0.0, 0.0, 0.0, 0.0, 0.0, 0.0, 0.0, 0.0, 0.0, 0.0, 0.0, 0.0, 0.0, 0.0, 0.0, 0.0, 0.0, 0.0, 0.0, 0.0, 0.0, 0.0, 0.0, 0.0, 0.0, 0.0, 0.0, 0.0, 0.0, 0.0, 0.0, 0.0, 0.0, 0.0, 0.0, 0.0, 0.0, 0.0, 0.0, 0.0, 0.0, 0.0, 0.0, 0.0, 0.0, 0.0, 0.0, 0.0, 0.0, 0.0, 0.0, 0.0, 0.0, 0.0, 0.0, 0.0, 0.0, 0.0, 0.0, 0.0, 0.0, 0.0, 0.0, 0.0, 0.0, 0.0, 0.0, 0.0, 0.0, 0.0, 0.0, 0.0, 0.0, 0.0, 0.0, 0.0, 0.0, 0.0, 0.0, 0.0, 0.0, 0.0, 0.0, 0.0, 0.0, 0.0, 0.0, 0.0, 0.0, 0.0, 0.0, 0.0, 0.0, 0.0, 0.0, 0.0, 0.0, 0.0, 0.0, 0.0, 0.0, 0.0, 0.0, 0.0, 0.0, 0.0, 0.0, 0.0, 0.0, 0.0, 0.0, 0.0, 0.0, 0.0, 0.0, 0.0, 0.0, 0.0, 0.0, 0.0, 0.0, 0.0, 0.0, 0.0, 0.0, 0.0, 0.0, 0.0, 0.0, 0.0, 0.0, 0.0, 0.0, 0.0, 0.0, 0.0, 0.0, 0.0, 0.0, 0.0, 0.0, 0.0, 0.0, 0.0, 0.0, 0.0, 0.0, 0.0, 0.0, 0.0, 0.0, 0.0, 0.0, 0.0, 0.0, 0.0, 0.0, 0.0, 0.0, 0.0, 0.0, 0.0, 0.0, 0.0, 0.0, 0.0, 0.0, 0.0, 0.0, 0.0, 0.0, 0.0, 0.0, 0.0, 0.0, 0.0, 0.0, 0.0, 0.0, 0.0, 0.0, 0.0, 0.0, 0.0, 0.0, 0.0, 0.0, 0.0, 0.0, 0.0, 0.0, 0.0, 0.0, 0.0, 0.0, 0.0, 0.0, 0.0, 0.0, 0.0, 0.0, 0.0, 0.0, 0.0, 0.0, 0.0, 0.0, 0.0, 0.0, 0.0, 0.0, 0.0, 0.0, 0.0, 0.0, 0.0, 0.0, 0.0, 0.0, 0.0, 0.0, 0.0, 0.0, 0.0, 0.0, 0.0, 0.0, 0.0, 0.0]",0.5,0.5,0,"[0, 0, 0, 0, 0, 0, 0, 0, 0, 0, 0, 0, 0, 0, 0, 0, 0, 0, 0, 0, 0, 0, 0, 0, 0, 0, 0, 0, 0, 0, 0, 0, 0, 0, 0, 0, 0, 0, 0, 0, 0, 0, 0, 0, 0, 0, 0, 0, 0, 0, 0, 0, 0, 0, 0, 0, 0, 0, 0, 0, 0, 0, 0, 0, 0, 0, 0, 0, 0, 0, 0, 0, 0, 0, 0, 0, 0, 0, 0, 0, 0, 0, 0, 0, 0, 0, 0, 0, 0, 0, 0, 0, 0, 0, 0, 0, 0, 0, 0, 0, 0, 0, 0, 0, 0, 0, 0, 0, 0, 0, 0, 0, 0, 0, 0, 0, 0, 0, 0, 0, 0, 0, 0, 0, 0, 0, 0, 0, 0, 0, 0, 0, 0, 0, 0, 0, 0, 0, 0, 0, 0, 0, 0, 0, 0, 0, 0, 0, 0, 0, 0, 0, 0, 0, 0, 0, 0, 0, 0, 0, 0, 0, 0, 0, 0, 0, 0, 0, 0, 0, 0, 0, 0, 0, 0, 0, 0, 0, 0, 0, 0, 0, 0, 0, 0, 0, 0, 0, 0, 0, 0, 0, 0, 0, 0, 0, 0, 0, 0, 0, 0, 0, 0, 0, 0, 0, 0, 0, 0, 0, 0, 0, 0, 0, 0, 0, 0, 0, 0, 0, 0, 0, 0, 0, 0, 0, 0, 0, 0, 0, 0, 0, 0, 0, 0, 0, 0, 0, 0, 0, 0, 0, 0, 0, 0, 0, 0, 0, 0, 0, 0, 0, 0, 0, 0, 0, 0, 0, 0, 0, 0, 0, 0, 0, 0, 0, 0, 0, 0, 0, 0, 0, 0, 0, 0]",275,"[0.7181093692779541, 0.4768354892730713, 1.0141273736953735, 2.218297243118286, 0.5632079243659973, 1.5180789232254028, 2.0907139778137207, 1.351141095161438, 1.0907143354415894, 0.9674574136734009, 0.7982337474822998, 1.2910908460617065, 1.4869141578674316, 1.510483980178833, 1.4259254932403564, 0.4258512258529663, 0.9682227969169617, 1.2017611265182495, 1.6220765113830566, 1.5489555597305298, 1.942796230316162, 0.5177210569381714, 1.957625150680542, 0.4476665258407593, 0.9889281392097473, 2.380537509918213, 0.4190480709075928, 0.5940558314323425, 0.8181658983230591, 1.465445876121521, 0.5861020088195801, 0.7091220617294312, 1.823000431060791, 1.7091984748840332, 1.6881165504455566, 0.7883927226066589, 0.4496082067489624, 1.38706374168396, 1.131402611732483, 0.7804918885231018, 0.5217806100845337, 0.4080410897731781, 0.4082394540309906, 2.0090668201446533, 1.3667274713516235, 0.6268444657325745, 0.5285292267799377, 1.295812726020813, 0.4488893449306488, 1.3623483180999756, 0.8071979284286499, 0.5039120316505432, 0.5110970735549927, 1.5285812616348267, 1.4266095161437988, 1.4226348400115967, 0.4806397557258606, 0.7435294985771179, 1.2262320518493652, 0.7558793425559998, 1.535452127456665, 1.2118970155715942, 0.4661715626716614, 0.45133349299430847, 0.41791054606437683, 1.9249953031539917, 0.7254793047904968, 1.2735588550567627, 1.4738380908966064, 0.5945786833763123, 3.7638611793518066, 0.48701199889183044, 0.4513300359249115, 1.2326511144638062, 1.3911670446395874, 0.42898139357566833, 1.0315227508544922, 0.42095714807510376, 0.6581816673278809, 0.5299320816993713, 1.4106664657592773, 1.0938653945922852, 0.5999242663383484, 1.2867703437805176, 2.173149824142456, 0.6032874584197998, 0.4285238981246948, 0.4233109951019287, 0.6711126565933228, 1.491526484489441, 0.40734389424324036, 1.154425024986267, 1.2107223272323608, 0.4080318510532379, 1.2152312994003296, 1.0874576568603516, 0.9131677150726318, 1.4303926229476929, 1.1064634323120117, 0.5901685953140259, 1.6301614046096802, 1.2039082050323486, 0.521506667137146, 1.6055951118469238, 1.4779419898986816, 0.8920391798019409, 1.0806108713150024, 0.7011178731918335, 0.5834648013114929, 0.9663993120193481, 1.1091116666793823, 0.7177106738090515, 0.6570571064949036, 2.015603542327881, 0.5623056292533875, 0.4761792719364166, 1.1376500129699707, 1.106168508529663, 1.0398893356323242, 0.5824357271194458, 0.815626323223114, 0.824717104434967, 1.010981798171997, 0.5015597939491272, 0.451504111289978, 0.4782964289188385, 0.465234637260437, 0.7256532907485962, 0.40739211440086365, 0.4092894494533539, 1.4724745750427246, 0.4479614496231079, 2.5044491291046143, 0.9416787028312683, 1.8806670904159546, 0.4169192612171173, 0.7099229693412781, 0.5451200604438782, 0.6355023980140686, 0.40733927488327026, 1.2230427265167236, 0.6570336818695068, 0.5469074845314026, 0.8105375170707703, 0.8095067739486694, 3.4521563053131104, 0.8935588598251343, 0.7904006242752075, 1.1583436727523804, 1.3454495668411255, 0.5239821076393127, 0.7294851541519165, 0.44547054171562195, 0.7604671716690063, 1.539933443069458, 1.1851593255996704, 0.44108253717422485, 1.3913546800613403, 0.8245803713798523, 0.6677448749542236, 0.7866615056991577, 1.3296436071395874, 0.4094817638397217, 0.4762302339076996, 0.49042701721191406, 1.2305678129196167, 3.1578433513641357, 0.8958538174629211, 0.7182646989822388, 0.6856815814971924, 0.4299212694168091, 0.8501805663108826, 0.7317370772361755, 1.5231021642684937, 2.386026382446289, 0.7739660143852234, 0.9748707413673401, 1.4731965065002441, 1.1902449131011963, 1.8277060985565186, 0.6210405826568604, 1.4219660758972168, 0.40766671299934387, 1.2622050046920776, 0.990024209022522, 0.4703439772129059, 1.0472784042358398, 1.1129246950149536, 0.7377272844314575, 0.42889267206192017, 0.5007419586181641, 2.0295069217681885, 0.6396798491477966, 0.8264017701148987, 0.5431684851646423, 0.4564996361732483, 0.4424481987953186, 1.9470981359481812, 1.213355541229248, 1.8201404809951782, 0.4072602391242981, 0.4833602011203766, 0.7416154742240906, 0.8229352831840515, 1.2614837884902954, 0.40900909900665283, 0.9945886731147766, 0.6202432513237, 0.5199365019798279, 0.47559767961502075, 0.42685359716415405, 1.9286105632781982, 0.4436853528022766, 1.5066978931427002, 0.6500939130783081, 2.125946044921875, 0.5356243252754211, 1.593795657157898, 1.6671173572540283, 0.6195763945579529, 1.0329276323318481, 0.8919783234596252, 0.40810295939445496, 1.7067211866378784, 1.2771998643875122, 0.4720982313156128, 0.9264118671417236, 0.8916464447975159, 0.6260020732879639, 0.4468890428543091, 0.42308366298675537, 1.1521981954574585, 0.9014514684677124, 0.4127369821071625, 1.262690544128418, 1.8381534814834595, 0.4288022220134735, 0.4490774869918823, 0.6645153760910034, 1.045324444770813, 1.6092039346694946, 1.6222110986709595, 1.1101324558258057, 0.5205332636833191, 0.5026942491531372, 0.42574161291122437, 0.41463932394981384, 0.5438405871391296, 0.44656333327293396, 0.5922176241874695, 1.3608547449111938, 0.696505606174469, 1.8041855096817017, 0.6398569941520691, 1.3600184917449951, 0.7227532863616943, 0.5205318331718445, 1.0956377983093262, 0.4079669117927551, 0.7109858989715576, 1.8094382286071777, 1.4104297161102295, 1.0995172262191772, 3.011352300643921, 0.5105636119842529, 0.595400333404541, 1.268550992012024, 0.6790242791175842, 0.5611278414726257, 2.4117472171783447, 1.1248576641082764, 0.42732784152030945, 0.41345441341400146, 0.43567246198654175, 0.5458674430847168]",0.0,"[0.0, 0.0, 0.0, 0.0, 0.0, 0.0, 0.0, 0.0, 0.0, 0.0, 0.0, 0.0, 0.0, 0.0, 0.0, 0.0, 0.0, 0.0, 0.0, 0.0, 0.0, 0.0, 0.0, 0.0, 0.0, 0.0, 0.0, 0.0, 0.0, 0.0, 0.0, 0.0, 0.0, 0.0, 0.0, 0.0, 0.0, 0.0, 0.0, 0.0, 0.0, 0.0, 0.0, 0.0, 0.0, 0.0, 0.0, 0.0, 0.0, 0.0, 0.0, 0.0, 0.0, 0.0, 0.0, 0.0, 0.0, 0.0, 0.0, 0.0, 0.0, 0.0, 0.0, 0.0, 0.0, 0.0, 0.0, 0.0, 0.0, 0.0, 0.0, 0.0, 0.0, 0.0, 0.0, 0.0, 0.0, 0.0, 0.0, 0.0, 0.0, 0.0, 0.0, 0.0, 0.0, 0.0, 0.0, 0.0, 0.0, 0.0, 0.0, 0.0, 0.0, 0.0, 0.0, 0.0, 0.0, 0.0, 0.0, 0.0, 0.0, 0.0, 0.0, 0.0, 0.0, 0.0, 0.0, 0.0, 0.0, 0.0, 0.0, 0.0, 0.0, 0.0, 0.0, 0.0, 0.0, 0.0, 0.0, 0.0, 0.0, 0.0, 0.0, 0.0, 0.0, 0.0, 0.0, 0.0, 0.0, 0.0, 0.0, 0.0, 0.0, 0.0, 0.0, 0.0, 0.0, 0.0, 0.0, 0.0, 0.0, 0.0, 0.0, 0.0, 0.0, 0.0, 0.0, 0.0, 0.0, 0.0, 0.0, 0.0, 0.0, 0.0, 0.0, 0.0, 0.0, 0.0, 0.0, 0.0, 0.0, 0.0, 0.0, 0.0, 0.0, 0.0, 0.0, 0.0, 0.0, 0.0, 0.0, 0.0, 0.0, 0.0, 0.0, 0.0, 0.0, 0.0, 0.0, 0.0, 0.0, 0.0, 0.0, 0.0, 0.0, 0.0, 0.0, 0.0, 0.0, 0.0, 0.0, 0.0, 0.0, 0.0, 0.0, 0.0, 0.0, 0.0, 0.0, 0.0, 0.0, 0.0, 0.0, 0.0, 0.0, 0.0, 0.0, 0.0, 0.0, 0.0, 0.0, 0.0, 0.0, 0.0, 0.0, 0.0, 0.0, 0.0, 0.0, 0.0, 0.0, 0.0, 0.0, 0.0, 0.0, 0.0, 0.0, 0.0, 0.0, 0.0, 0.0, 0.0, 0.0, 0.0, 0.0, 0.0, 0.0, 0.0, 0.0, 0.0, 0.0, 0.0, 0.0, 0.0, 0.0, 0.0, 0.0, 0.0, 0.0, 0.0, 0.0, 0.0, 0.0, 0.0, 0.0, 0.0, 0.0, 0.0, 0.0, 0.0, 0.0, 0.0, 0.0, 0.0, 0.0, 0.0, 0.0, 0.0, 0.0, 0.0, 0.0, 0.0, 0.0, 0.0, 0.0]",COMPLETE
