,number,value,datetime_start,datetime_complete,duration,params_batch_size_scaler,params_constant_learning_rate,params_depth,params_epochs,params_kernel_l2,params_num_trees,params_temperature,user_attrs_accuracy_test,user_attrs_accuracy_valid,user_attrs_approximate_feature_sparsity,user_attrs_approximate_feature_sparsity_history,user_attrs_approximate_weight_sparsity,user_attrs_approximate_weight_sparsity_history,user_attrs_auc_test,user_attrs_auc_valid,user_attrs_feature_sparsity,user_attrs_feature_sparsity_history,user_attrs_num_epochs,user_attrs_val_loss_history,user_attrs_weight_sparsity,user_attrs_weight_sparsity_history,state
24,24,0.6486197524184926,2024-08-31 01:47:49.924410,2024-08-31 01:48:00.973837,0 days 00:00:11.049427,64,0.018107118258079067,3,65,0.0040653312869724685,24,0.033467881729878655,0.859,0.85875,33,"[33, 33, 33, 33, 33, 33, 33, 33, 33, 33, 33, 33, 33, 33, 33, 33, 33, 33, 33, 33, 33, 33, 33, 33, 33, 33, 33, 33, 33, 33, 33, 33, 33, 33, 33, 33, 33, 33, 33, 33, 33, 33, 33, 33, 33, 33, 33, 33, 33, 33, 33, 33, 33, 33, 33, 33, 33, 33, 33, 33, 33, 33, 33, 33, 33]",32.982142857142854,"[32.976190476190474, 32.98214285714286, 32.976190476190474, 32.976190476190474, 32.958333333333336, 32.958333333333336, 32.982142857142854, 32.982142857142854, 32.976190476190474, 32.976190476190474, 32.976190476190474, 32.970238095238095, 32.958333333333336, 32.964285714285715, 32.976190476190474, 32.976190476190474, 32.970238095238095, 32.970238095238095, 32.964285714285715, 32.964285714285715, 32.970238095238095, 32.982142857142854, 32.976190476190474, 32.970238095238095, 32.964285714285715, 32.964285714285715, 32.976190476190474, 32.970238095238095, 32.970238095238095, 32.970238095238095, 32.976190476190474, 32.976190476190474, 32.976190476190474, 32.976190476190474, 32.976190476190474, 32.98809523809524, 32.98809523809524, 32.98214285714286, 32.98214285714286, 32.98809523809524, 32.98809523809524, 32.98809523809524, 32.982142857142854, 32.982142857142854, 32.982142857142854, 32.98809523809524, 32.98214285714286, 32.98214285714286, 32.98214285714286, 32.976190476190474, 32.982142857142854, 32.976190476190474, 32.976190476190474, 32.976190476190474, 32.976190476190474, 32.970238095238095, 32.98214285714286, 32.98214285714286, 32.98809523809524, 32.98809523809524, 32.982142857142854, 32.982142857142854, 32.98809523809524, 32.98809523809524, 32.982142857142854]",0.6283902608178733,0.6486197524184926,33,"[33, 33, 33, 33, 33, 33, 33, 33, 33, 33, 33, 33, 33, 33, 33, 33, 33, 33, 33, 33, 33, 33, 33, 33, 33, 33, 33, 33, 33, 33, 33, 33, 33, 33, 33, 33, 33, 33, 33, 33, 33, 33, 33, 33, 33, 33, 33, 33, 33, 33, 33, 33, 33, 33, 33, 33, 33, 33, 33, 33, 33, 33, 33, 33, 33]",65,"[0.5307589769363403, 0.5078503489494324, 0.49144408106803894, 0.47741639614105225, 0.46607860922813416, 0.45645472407341003, 0.4492301642894745, 0.4425983130931854, 0.43729737401008606, 0.43289172649383545, 0.42911869287490845, 0.4256967306137085, 0.42308780550956726, 0.42090079188346863, 0.41884902119636536, 0.41696494817733765, 0.41529232263565063, 0.4141373336315155, 0.4129434823989868, 0.41178420186042786, 0.41067078709602356, 0.4097643792629242, 0.4089058041572571, 0.408051997423172, 0.4074133336544037, 0.4067572057247162, 0.4062250554561615, 0.4056164026260376, 0.4050772488117218, 0.4045678377151489, 0.4040641784667969, 0.40362387895584106, 0.4032067060470581, 0.4027641713619232, 0.402372270822525, 0.4021070897579193, 0.4017036557197571, 0.4014088809490204, 0.40109652280807495, 0.4008203446865082, 0.4004521667957306, 0.4002135992050171, 0.39994633197784424, 0.3996579647064209, 0.39938515424728394, 0.39910733699798584, 0.3988521695137024, 0.39859992265701294, 0.39831238985061646, 0.398105263710022, 0.39782488346099854, 0.39761069416999817, 0.3973556160926819, 0.39711812138557434, 0.39684224128723145, 0.3965955674648285, 0.39635834097862244, 0.39612385630607605, 0.3959202468395233, 0.3956936001777649, 0.3954535722732544, 0.39525091648101807, 0.3950776755809784, 0.39488324522972107, 0.39470741152763367]",33.0,"[33.0, 33.0, 33.0, 33.0, 33.0, 33.0, 33.0, 33.0, 33.0, 33.0, 33.0, 33.0, 33.0, 33.0, 33.0, 33.0, 33.0, 33.0, 33.0, 33.0, 33.0, 33.0, 33.0, 33.0, 33.0, 33.0, 33.0, 33.0, 33.0, 33.0, 33.0, 33.0, 33.0, 33.0, 33.0, 33.0, 33.0, 33.0, 33.0, 33.0, 33.0, 33.0, 33.0, 33.0, 33.0, 33.0, 33.0, 33.0, 33.0, 33.0, 33.0, 33.0, 33.0, 33.0, 33.0, 33.0, 33.0, 33.0, 33.0, 33.0, 33.0, 33.0, 33.0, 33.0, 33.0]",COMPLETE
25,25,0.7647009570918835,2024-08-31 01:48:00.981805,2024-08-31 01:49:24.331832,0 days 00:01:23.350027,16,0.7964333397432389,5,135,0.0010693624375631436,89,0.00445031117266564,0.876,0.86875,3,"[33, 33, 33, 33, 33, 33, 33, 33, 28, 9, 6, 6, 5, 4, 3, 3, 3, 3, 3, 3, 3, 3, 3, 3, 3, 3, 3, 3, 3, 3, 3, 3, 3, 3, 3, 3, 3, 3, 3, 3, 3, 3, 3, 3, 3, 3, 3, 3, 3, 3, 3, 3, 3, 3, 3, 3, 3, 3, 3, 3, 3, 3, 3, 3, 3, 3, 3, 3, 3, 3, 3, 3, 3, 3, 3, 3, 3, 3, 3, 3, 3, 3, 3, 3, 3, 3, 3, 3, 3, 3, 3, 3, 3, 3, 3, 3, 3, 3, 3, 3, 3, 3, 3, 3, 3, 3, 3, 3, 3, 3, 3, 3, 3, 3, 3, 3, 3, 3, 3, 3, 3, 3, 3, 3, 3, 3, 3, 3, 3, 3, 3, 3, 3, 3, 3]",2.994200797390359,"[32.94273287422979, 32.93620877129395, 32.938745922435665, 32.938745922435665, 32.93693367162015, 32.93475897064154, 32.93475897064154, 32.921348314606746, 27.940195723088074, 8.984777093149692, 5.988764044943821, 5.99021384559623, 4.9905762957593325, 3.99021384559623, 2.994200797390359, 2.993838347227256, 2.9934758970641537, 2.9920260964117436, 2.994563247553461, 2.994200797390359, 2.9945632475534616, 2.9909387459224357, 2.992750996737948, 2.993838347227256, 2.993113446901051, 2.992388546574846, 2.992388546574846, 2.994200797390359, 2.993838347227256, 2.992388546574846, 2.993838347227256, 2.993838347227256, 2.9952881478796667, 2.993838347227256, 2.9952881478796662, 2.9952881478796662, 2.994200797390359, 2.996737948532077, 2.997462848858282, 2.996737948532077, 2.9960130482058713, 2.994925697716564, 2.9920260964117436, 2.9938383472272565, 2.994925697716564, 2.996375498368974, 2.996375498368974, 2.9952881478796667, 2.994925697716564, 2.995650598042769, 2.994925697716564, 2.994925697716564, 2.9952881478796667, 2.997462848858282, 2.996737948532077, 2.996375498368974, 2.995650598042769, 2.997100398695179, 2.995650598042769, 2.9960130482058718, 2.996737948532077, 2.9952881478796667, 2.993838347227256, 2.9952881478796667, 2.995650598042769, 2.9945632475534616, 2.9960130482058718, 2.995650598042769, 2.9960130482058718, 2.9960130482058713, 2.996375498368974, 2.9960130482058718, 2.997100398695179, 2.9960130482058718, 2.996375498368974, 2.996375498368974, 2.9945632475534616, 2.9931134469010514, 2.9931134469010514, 2.993113446901051, 2.9934758970641537, 2.994200797390359, 2.9934758970641537, 2.991663646248641, 2.9934758970641537, 2.9945632475534616, 2.9945632475534616, 2.994925697716564, 2.994200797390359, 2.9952881478796667, 2.994563247553461, 2.993838347227256, 2.9960130482058718, 2.9956505980427695, 2.995650598042769, 2.996375498368974, 2.995650598042769, 2.995650598042769, 2.994925697716564, 2.9952881478796662, 2.994925697716564, 2.994200797390359, 2.9952881478796667, 2.9945632475534616, 2.9960130482058718, 2.994200797390359, 2.997100398695179, 2.996375498368974, 2.994925697716564, 2.995650598042769, 2.9956505980427695, 2.9967379485320764, 2.9960130482058718, 2.996375498368974, 2.9945632475534616, 2.9934758970641537, 2.994200797390359, 2.997100398695179, 2.9952881478796667, 2.9952881478796667, 2.995650598042769, 2.9960130482058718, 2.995650598042769, 2.994925697716564, 2.9960130482058718, 2.993838347227256, 2.9934758970641537, 2.993113446901051, 2.993838347227256, 2.994200797390359, 2.993838347227256, 2.9945632475534616, 2.9934758970641537, 2.992750996737948, 2.994200797390359]",0.7816527547288205,0.7647009570918835,3,"[33, 33, 33, 33, 33, 33, 33, 33, 28, 9, 6, 6, 5, 4, 3, 3, 3, 3, 3, 3, 3, 3, 3, 3, 3, 3, 3, 3, 3, 3, 3, 3, 3, 3, 3, 3, 3, 3, 3, 3, 3, 3, 3, 3, 3, 3, 3, 3, 3, 3, 3, 3, 3, 3, 3, 3, 3, 3, 3, 3, 3, 3, 3, 3, 3, 3, 3, 3, 3, 3, 3, 3, 3, 3, 3, 3, 3, 3, 3, 3, 3, 3, 3, 3, 3, 3, 3, 3, 3, 3, 3, 3, 3, 3, 3, 3, 3, 3, 3, 3, 3, 3, 3, 3, 3, 3, 3, 3, 3, 3, 3, 3, 3, 3, 3, 3, 3, 3, 3, 3, 3, 3, 3, 3, 3, 3, 3, 3, 3, 3, 3, 3, 3, 3, 3]",135,"[0.3889981210231781, 0.37917596101760864, 0.3752270042896271, 0.37437546253204346, 0.3680156469345093, 0.3647037148475647, 0.3617199659347534, 0.36118534207344055, 0.35772162675857544, 0.3675105571746826, 0.3719255030155182, 0.36764469742774963, 0.3651285469532013, 0.36782002449035645, 0.373152494430542, 0.37027835845947266, 0.3700129985809326, 0.36937081813812256, 0.36994215846061707, 0.36714673042297363, 0.36832737922668457, 0.3667580485343933, 0.3662148416042328, 0.3659791946411133, 0.3708633780479431, 0.36607295274734497, 0.36551663279533386, 0.3660970628261566, 0.3658176362514496, 0.36524298787117004, 0.3649301528930664, 0.3647977113723755, 0.3650946021080017, 0.36900243163108826, 0.3651343286037445, 0.3664109408855438, 0.3644813895225525, 0.3648504614830017, 0.3641423285007477, 0.3642624318599701, 0.3642009496688843, 0.3653625547885895, 0.3637487292289734, 0.3645592927932739, 0.36353638768196106, 0.36428287625312805, 0.36341995000839233, 0.36549118161201477, 0.3631797134876251, 0.36350250244140625, 0.3629419207572937, 0.3629991412162781, 0.36310386657714844, 0.3625113368034363, 0.36473315954208374, 0.3664829730987549, 0.36208266019821167, 0.3675619959831238, 0.3617379367351532, 0.36151790618896484, 0.3613923192024231, 0.3627696633338928, 0.3615705370903015, 0.3616403341293335, 0.3611032962799072, 0.36063072085380554, 0.3604949116706848, 0.36033087968826294, 0.3614528775215149, 0.3696974217891693, 0.3593086302280426, 0.3618103861808777, 0.358879953622818, 0.35871192812919617, 0.35841357707977295, 0.3584229648113251, 0.35763871669769287, 0.35736802220344543, 0.3570204973220825, 0.3576829135417938, 0.359197199344635, 0.3559451699256897, 0.355680376291275, 0.35654154419898987, 0.3559093475341797, 0.3588356673717499, 0.35459214448928833, 0.3538963794708252, 0.3565528392791748, 0.35446035861968994, 0.35319769382476807, 0.35500985383987427, 0.3532802164554596, 0.350999653339386, 0.3505108952522278, 0.3548203408718109, 0.3495253026485443, 0.34903621673583984, 0.34934067726135254, 0.3488476574420929, 0.34862449765205383, 0.3485904633998871, 0.3466569185256958, 0.34604278206825256, 0.34835323691368103, 0.34716832637786865, 0.34491825103759766, 0.34471482038497925, 0.3461456596851349, 0.34338700771331787, 0.3440007269382477, 0.3429550528526306, 0.3426152467727661, 0.3416423499584198, 0.34219852089881897, 0.34307122230529785, 0.3431861996650696, 0.3463169038295746, 0.3445819020271301, 0.3394019305706024, 0.3393838107585907, 0.33901554346084595, 0.3396196663379669, 0.33816224336624146, 0.33800071477890015, 0.33803316950798035, 0.33752191066741943, 0.33740589022636414, 0.3383292853832245, 0.3393622636795044, 0.3366100788116455, 0.33640795946121216, 0.3369036912918091, 0.33838561177253723, 0.33742621541023254]",3.0,"[33.0, 33.0, 33.0, 33.0, 33.0, 33.0, 33.0, 33.0, 28.0, 9.0, 6.0, 6.0, 5.0, 4.0, 3.0, 3.0, 3.0, 3.0, 3.0, 3.0, 3.0, 3.0, 3.0, 3.0, 3.0, 3.0, 3.0, 3.0, 3.0, 3.0, 3.0, 3.0, 3.0, 3.0, 3.0, 3.0, 3.0, 3.0, 3.0, 3.0, 3.0, 3.0, 3.0, 3.0, 3.0, 3.0, 3.0, 3.0, 3.0, 3.0, 3.0, 3.0, 3.0, 3.0, 3.0, 3.0, 3.0, 3.0, 3.0, 3.0, 3.0, 3.0, 3.0, 3.0, 3.0, 3.0, 3.0, 3.0, 3.0, 3.0, 3.0, 3.0, 3.0, 3.0, 3.0, 3.0, 3.0, 3.0, 3.0, 3.0, 3.0, 3.0, 3.0, 3.0, 3.0, 3.0, 3.0, 3.0, 3.0, 3.0, 3.0, 3.0, 3.0, 3.0, 3.0, 3.0, 3.0, 3.0, 3.0, 3.0, 3.0, 3.0, 3.0, 3.0, 3.0, 3.0, 3.0, 3.0, 3.0, 3.0, 3.0, 3.0, 3.0, 3.0, 3.0, 3.0, 3.0, 3.0, 3.0, 3.0, 3.0, 3.0, 3.0, 3.0, 3.0, 3.0, 3.0, 3.0, 3.0, 3.0, 3.0, 3.0, 3.0, 3.0, 3.0]",COMPLETE
26,26,0.6315325063441151,2024-08-31 01:49:24.926794,2024-08-31 01:50:08.631857,0 days 00:00:43.705063,4,6.541220698575118,2,215,0.051705388397919924,26,0.09336125047041025,0.793,0.7825,4,"[2, 3, 3, 3, 3, 3, 3, 3, 3, 3, 3, 3, 3, 3, 3, 3, 3, 3, 3, 3, 2, 4, 3, 3, 3, 3, 3, 3, 3, 3, 3, 3, 2, 3, 3, 3, 3, 3, 3, 3, 3, 3, 3, 3, 3, 3, 3, 3, 3, 3, 4, 3, 3, 3, 3, 3, 3, 3, 3, 3, 3, 3, 3, 3, 3, 3, 3, 3, 3, 3, 3, 3, 3, 3, 3, 3, 3, 2, 3, 3, 3, 3, 3, 2, 3, 3, 3, 3, 3, 3, 3, 3, 3, 3, 3, 3, 3, 3, 3, 3, 3, 3, 3, 3, 3, 3, 3, 3, 4, 3, 3, 3, 3, 3, 3, 3, 3, 3, 1, 2, 2, 3, 3, 3, 3, 3, 3, 3, 3, 3, 3, 3, 3, 3, 3, 3, 3, 4, 4, 3, 3, 3, 3, 4, 3, 2, 7, 6, 6, 6, 5, 5, 5, 5, 5, 5, 5, 4, 4, 5, 5, 5, 5, 4, 5, 5, 3, 4, 4, 4, 4, 4, 4, 4, 4, 3, 3, 3, 4, 4, 4, 3, 3, 3, 3, 4, 4, 4, 4, 4, 4, 4, 4, 4, 4, 4, 4, 4, 4, 4, 3, 4, 3, 3, 4, 5, 4, 4, 4, 4, 4, 4, 4, 4, 4]",3.9102564102564106,"[2.0, 3.0, 3.0, 3.0, 2.9871794871794872, 3.0, 3.0, 3.0, 3.0, 3.0, 3.0, 3.0, 3.0, 3.0, 3.0, 3.0, 3.0, 3.0, 3.0, 3.0, 2.0, 3.9871794871794872, 3.0, 3.0, 3.0, 3.0, 3.0, 3.0, 3.0, 3.0, 3.0, 3.0, 2.0, 3.0, 3.0, 3.0, 3.0, 3.0, 3.0, 3.0, 3.0, 3.0, 3.0, 3.0, 3.0, 3.0, 3.0, 3.0, 3.0, 3.0, 3.9743589743589745, 3.0, 3.0, 3.0, 3.0, 3.0, 3.0, 3.0, 3.0, 3.0, 3.0, 3.0, 3.0, 3.0, 3.0, 3.0, 3.0, 3.0, 3.0, 3.0, 3.0, 3.0, 3.0, 3.0, 3.0, 3.0, 2.9871794871794872, 2.0, 3.0, 3.0, 3.0, 3.0, 3.0, 2.0, 3.0, 3.0, 3.0, 2.9871794871794872, 3.0, 3.0, 3.0, 3.0, 3.0, 3.0, 3.0, 3.0, 3.0, 3.0, 3.0, 3.0, 3.0, 3.0, 3.0, 3.0, 3.0, 3.0, 3.0, 3.0, 4.0, 3.0, 3.0, 3.0, 3.0, 3.0, 2.9743589743589745, 3.0, 3.0, 3.0, 0.9871794871794872, 2.0, 2.0, 2.9871794871794872, 2.9871794871794872, 3.0, 2.9871794871794872, 2.9871794871794872, 3.0, 3.0, 3.0, 3.0, 3.0, 3.0, 3.0, 3.0, 3.0, 3.0, 2.9871794871794872, 3.9871794871794872, 3.9743589743589745, 2.9871794871794872, 2.9871794871794872, 2.9871794871794872, 3.0, 3.948717948717949, 2.9871794871794872, 2.0, 6.923076923076923, 6.0, 5.987179487179487, 5.987179487179487, 4.987179487179487, 4.987179487179487, 5.0, 4.987179487179487, 4.9743589743589745, 4.987179487179487, 4.987179487179487, 3.9871794871794872, 3.9743589743589745, 4.9743589743589745, 4.987179487179487, 4.9743589743589745, 4.987179487179487, 3.9871794871794872, 4.9743589743589745, 4.961538461538462, 2.9871794871794872, 3.9871794871794872, 3.9871794871794872, 3.9615384615384617, 3.935897435897436, 3.9871794871794872, 3.935897435897436, 3.948717948717949, 3.935897435897436, 2.935897435897436, 2.9615384615384617, 2.948717948717949, 3.9102564102564106, 3.948717948717949, 3.948717948717949, 2.9615384615384617, 2.9615384615384617, 2.948717948717949, 2.935897435897436, 3.9102564102564106, 3.9230769230769234, 3.9230769230769234, 3.9230769230769234, 3.935897435897436, 3.935897435897436, 3.935897435897436, 3.8974358974358974, 3.8974358974358974, 3.935897435897436, 3.9230769230769234, 3.9230769230769234, 3.9102564102564106, 3.948717948717949, 3.948717948717949, 2.9615384615384617, 3.9230769230769234, 2.9615384615384617, 2.9615384615384617, 3.9230769230769234, 4.8589743589743595, 3.9230769230769234, 3.9230769230769234, 3.9102564102564106, 3.8846153846153846, 3.8846153846153846, 3.9102564102564106, 3.871794871794872, 3.871794871794872, 3.9102564102564106]",0.6665469496941024,0.6315325063441151,4,"[2, 3, 3, 3, 3, 3, 3, 3, 3, 3, 3, 3, 3, 3, 3, 3, 3, 3, 3, 3, 2, 4, 3, 3, 3, 3, 3, 3, 3, 3, 3, 3, 2, 3, 3, 3, 3, 3, 3, 3, 3, 3, 3, 3, 3, 3, 3, 3, 3, 3, 4, 3, 3, 3, 3, 3, 3, 3, 3, 3, 3, 3, 3, 3, 3, 3, 3, 3, 3, 3, 3, 3, 3, 3, 3, 3, 3, 2, 3, 3, 3, 3, 3, 2, 3, 3, 3, 3, 3, 3, 3, 3, 3, 3, 3, 3, 3, 3, 3, 3, 3, 3, 3, 3, 3, 3, 3, 3, 4, 3, 3, 3, 3, 3, 3, 3, 3, 3, 1, 2, 2, 3, 3, 3, 3, 3, 3, 3, 3, 3, 3, 3, 3, 3, 3, 3, 3, 4, 4, 3, 3, 3, 3, 4, 3, 2, 7, 6, 6, 6, 5, 5, 5, 5, 5, 5, 5, 4, 4, 5, 5, 5, 5, 4, 5, 5, 3, 4, 4, 4, 4, 4, 4, 4, 4, 3, 3, 3, 4, 4, 4, 3, 3, 3, 3, 4, 4, 4, 4, 4, 4, 4, 4, 4, 4, 4, 4, 4, 4, 4, 3, 4, 3, 3, 4, 5, 4, 4, 4, 4, 4, 4, 4, 4, 4]",215,"[20.41851043701172, 20.891633987426758, 15.034271240234375, 23.130525588989258, 27.04647445678711, 17.864307403564453, 6.6022114753723145, 25.77863311767578, 17.115978240966797, 9.171669960021973, 2.1073813438415527, 23.967500686645508, 12.055293083190918, 28.7449893951416, 5.37065315246582, 22.902732849121094, 15.581099510192871, 14.634527206420898, 12.618509292602539, 10.587921142578125, 17.24446678161621, 17.396827697753906, 6.534486293792725, 26.751272201538086, 11.506357192993164, 3.3272180557250977, 11.424068450927734, 3.4153170585632324, 10.969573974609375, 24.519363403320312, 21.89715576171875, 8.020639419555664, 18.0002384185791, 16.500499725341797, 7.056135654449463, 7.6421799659729, 23.28533172607422, 2.3045494556427, 7.290057182312012, 6.36695671081543, 28.696548461914062, 3.6453537940979004, 14.822543144226074, 12.36852741241455, 15.160911560058594, 9.766205787658691, 15.032020568847656, 11.015873908996582, 14.034937858581543, 11.739901542663574, 25.326936721801758, 9.83376407623291, 17.593307495117188, 2.8677666187286377, 13.870672225952148, 8.569911003112793, 0.9801838397979736, 23.848264694213867, 2.7118358612060547, 15.578995704650879, 11.511348724365234, 17.842082977294922, 2.1000733375549316, 25.122957229614258, 10.236987113952637, 5.893370151519775, 4.560653209686279, 16.178321838378906, 12.874713897705078, 11.94885540008545, 14.98353385925293, 20.45705223083496, 8.556619644165039, 15.612077713012695, 22.567960739135742, 2.6482815742492676, 23.768199920654297, 4.496734142303467, 7.134081840515137, 19.995296478271484, 1.9694770574569702, 9.645689964294434, 15.323253631591797, 0.887154221534729, 16.159137725830078, 9.648070335388184, 15.125663757324219, 14.787650108337402, 18.719057083129883, 6.819152355194092, 2.606020450592041, 2.1313822269439697, 2.450113296508789, 9.751524925231934, 11.165387153625488, 11.161526679992676, 6.7660088539123535, 17.93061065673828, 19.80965805053711, 20.032020568847656, 16.15567398071289, 34.67903518676758, 2.052680730819702, 2.7988157272338867, 22.34967803955078, 6.257199764251709, 5.386873245239258, 19.394386291503906, 27.771944046020508, 19.088607788085938, 6.508841514587402, 9.826687812805176, 13.319389343261719, 17.314773559570312, 5.963263034820557, 14.128351211547852, 14.69078254699707, 8.823746681213379, 6.877844333648682, 22.134010314941406, 19.877826690673828, 15.684930801391602, 7.307560443878174, 17.492366790771484, 10.034370422363281, 24.090171813964844, 23.69477081298828, 3.2113945484161377, 18.37950897216797, 23.864294052124023, 24.0148983001709, 24.524248123168945, 12.814813613891602, 29.869949340820312, 22.31237030029297, 13.606247901916504, 1.87846040725708, 9.718631744384766, 5.625410079956055, 26.159198760986328, 18.992286682128906, 11.147930145263672, 11.278164863586426, 25.77373695373535, 19.1934871673584, 7.414523124694824, 17.662046432495117, 12.310297966003418, 8.457592010498047, 1.9340181350708008, 22.099966049194336, 9.584628105163574, 19.013940811157227, 4.993690013885498, 13.717290878295898, 16.701963424682617, 1.2527680397033691, 6.830742359161377, 1.383421778678894, 11.941327095031738, 3.8469066619873047, 3.8384268283843994, 4.995546340942383, 6.873208045959473, 1.6989104747772217, 6.268779754638672, 2.5169289112091064, 17.696130752563477, 5.504460334777832, 5.26388692855835, 5.016263008117676, 3.2226145267486572, 2.3768067359924316, 2.834881067276001, 1.840687870979309, 2.3080968856811523, 2.220607042312622, 3.154205322265625, 10.619582176208496, 21.722421646118164, 6.014507293701172, 16.238950729370117, 9.872328758239746, 5.869969367980957, 4.320581436157227, 20.080020904541016, 2.250908851623535, 3.6479756832122803, 3.5164902210235596, 5.533411026000977, 17.929506301879883, 9.620248794555664, 9.120957374572754, 5.9161906242370605, 12.138370513916016, 2.6726949214935303, 3.7785942554473877, 2.5639421939849854, 5.1641130447387695, 6.664388656616211, 12.916186332702637, 13.299513816833496, 7.552607536315918, 10.975781440734863, 3.790121555328369, 17.04621124267578, 3.0956380367279053, 2.9051785469055176, 6.154567241668701, 12.630061149597168, 5.82170295715332, 15.702474594116211, 3.7778050899505615, 4.436349391937256, 4.984610557556152]",3.9871794871794872,"[2.0, 3.0, 3.0, 3.0, 3.0, 3.0, 3.0, 3.0, 3.0, 3.0, 3.0, 3.0, 3.0, 3.0, 3.0, 3.0, 3.0, 3.0, 3.0, 3.0, 2.0, 4.0, 3.0, 3.0, 3.0, 3.0, 3.0, 3.0, 3.0, 3.0, 3.0, 3.0, 2.0, 3.0, 3.0, 3.0, 3.0, 3.0, 3.0, 3.0, 3.0, 3.0, 3.0, 3.0, 3.0, 3.0, 3.0, 3.0, 3.0, 3.0, 4.0, 3.0, 3.0, 3.0, 3.0, 3.0, 3.0, 3.0, 3.0, 3.0, 3.0, 3.0, 3.0, 3.0, 3.0, 3.0, 3.0, 3.0, 3.0, 3.0, 3.0, 3.0, 3.0, 3.0, 3.0, 3.0, 3.0, 2.0, 3.0, 3.0, 3.0, 3.0, 3.0, 2.0, 3.0, 3.0, 3.0, 3.0, 3.0, 3.0, 3.0, 3.0, 3.0, 3.0, 3.0, 3.0, 3.0, 3.0, 3.0, 3.0, 3.0, 3.0, 3.0, 3.0, 3.0, 3.0, 3.0, 3.0, 4.0, 3.0, 3.0, 3.0, 3.0, 3.0, 3.0, 3.0, 3.0, 3.0, 1.0, 2.0, 2.0, 3.0, 3.0, 3.0, 3.0, 3.0, 3.0, 3.0, 3.0, 3.0, 3.0, 3.0, 3.0, 3.0, 3.0, 3.0, 3.0, 4.0, 4.0, 3.0, 3.0, 3.0, 3.0, 4.0, 3.0, 2.0, 7.0, 6.0, 6.0, 6.0, 5.0, 5.0, 5.0, 5.0, 5.0, 5.0, 5.0, 4.0, 4.0, 4.987179487179487, 4.987179487179487, 4.987179487179487, 4.987179487179487, 4.0, 4.987179487179487, 4.987179487179487, 3.0, 3.9871794871794872, 3.9871794871794872, 3.9871794871794872, 3.9871794871794872, 3.9871794871794872, 3.9871794871794872, 3.9871794871794872, 3.9871794871794872, 3.0, 3.0, 3.0, 3.9871794871794872, 3.9871794871794872, 3.9871794871794872, 3.0, 3.0, 3.0, 3.0, 3.9871794871794872, 3.9871794871794872, 3.9871794871794872, 3.9871794871794872, 3.9871794871794872, 3.9871794871794872, 3.9871794871794872, 3.9871794871794872, 3.9871794871794872, 3.9871794871794872, 3.9871794871794872, 3.9871794871794872, 3.9871794871794872, 3.9871794871794872, 3.9871794871794872, 3.0, 3.9871794871794872, 3.0, 3.0, 3.9871794871794872, 4.9743589743589745, 3.9871794871794872, 3.9871794871794872, 3.9871794871794872, 3.9871794871794872, 3.9871794871794872, 3.9871794871794872, 3.9871794871794872, 3.9871794871794872, 3.9871794871794872]",COMPLETE
