,number,value,datetime_start,datetime_complete,duration,params_batch_size_scaler,params_constant_learning_rate,params_depth,params_epochs,params_kernel_l2,params_num_trees,params_temperature,user_attrs_accuracy_test,user_attrs_accuracy_valid,user_attrs_approximate_feature_sparsity,user_attrs_approximate_feature_sparsity_history,user_attrs_approximate_weight_sparsity,user_attrs_approximate_weight_sparsity_history,user_attrs_auc_test,user_attrs_auc_valid,user_attrs_feature_sparsity,user_attrs_feature_sparsity_history,user_attrs_num_epochs,user_attrs_val_loss_history,user_attrs_weight_sparsity,user_attrs_weight_sparsity_history,state
105,105,0.9009545155929977,2024-08-31 05:04:16.933832,2024-08-31 05:05:08.087788,0 days 00:00:51.153956,64,8.385032375626706,3,370,0.0020813150678716556,90,0.001909347018645588,0.92,0.925,29,"[33, 33, 33, 33, 31, 29, 29, 29, 29, 29, 29, 29, 29, 29, 29, 29, 29, 29, 29, 29, 29, 29, 29, 29, 29, 29, 29, 29, 29, 29, 29, 29, 29, 29, 29, 29, 29, 29, 29, 29, 29, 29, 29, 29, 29, 29, 29, 29, 29, 29, 29, 29, 29, 29, 29, 29, 29, 29, 29, 29, 29, 29, 29, 29, 29, 29, 29, 29, 29, 29, 29, 29, 29, 29, 29, 29, 29, 29, 29, 29, 29, 29, 29, 29, 29, 29, 29, 29, 29, 29, 29, 29, 29, 29, 29, 29, 29, 29, 29, 29, 29, 29, 29, 29, 29, 29, 29, 29, 29, 29, 29, 29, 29, 29, 29, 29, 29, 29, 29, 29, 29, 29, 29, 29, 29, 29, 29, 29, 29, 29, 29, 29, 29, 29, 29, 29, 29, 29, 29, 29, 29, 29, 29, 29, 29, 29, 29, 29, 29, 29, 29, 29, 29, 29, 29, 29, 29, 29, 29, 29, 29, 29, 29, 29, 29, 29, 29, 29, 29, 29, 29, 29, 29, 29, 29, 29, 29, 29, 29, 29, 29, 29, 29, 29, 29, 29, 29, 29, 29, 29, 29, 29, 29, 29, 29, 29, 29, 29, 29, 29, 29, 29, 29, 29, 29, 29, 29, 29, 29, 29, 29, 29, 29, 29, 29, 29, 29, 29, 29, 29, 29, 29, 29, 29, 29, 29, 29, 29, 29, 29, 29, 29, 29, 29, 29, 29, 29, 29, 29, 29, 29, 29, 29, 29, 29, 29, 29, 29, 29, 29, 29, 29, 29, 29, 29, 29, 29, 29, 29, 29, 29, 29, 29, 29, 29, 29, 29, 29, 29, 29, 29, 29, 29, 29, 29, 29, 29, 29, 29, 29, 29, 29, 29, 29, 29, 29, 29, 29, 29, 29, 29, 29, 29, 29, 29, 29, 29, 29, 29, 29, 29, 29, 29, 29, 29, 29, 29, 29, 29, 29, 29, 29, 29, 29, 29, 29, 29, 29, 29, 29, 29, 29, 29, 29, 29, 29, 29, 29, 29, 29, 29, 29, 29, 29, 29, 29, 29, 29, 29, 29, 29, 29, 29, 29, 29, 29, 29, 29, 29, 29, 29, 29, 29, 29, 29, 29, 29, 29, 29, 29, 29, 29, 29, 29, 29, 29, 29, 29, 29, 29]",28.987301587301587,"[32.96825396825397, 32.97777777777778, 32.96031746031746, 32.971428571428575, 30.976190476190474, 28.98253968253968, 28.97936507936508, 28.98095238095238, 28.98095238095238, 28.984126984126984, 28.992063492063494, 28.984126984126988, 28.98253968253968, 28.98253968253968, 28.988888888888887, 28.988888888888887, 28.993650793650794, 28.995238095238093, 28.987301587301587, 28.992063492063494, 28.996825396825397, 28.984126984126984, 28.99047619047619, 28.993650793650794, 28.987301587301587, 28.992063492063494, 28.992063492063494, 28.995238095238093, 28.99047619047619, 28.993650793650794, 28.985714285714288, 28.993650793650794, 28.993650793650794, 28.98253968253968, 28.99047619047619, 28.995238095238093, 28.996825396825397, 28.996825396825397, 28.995238095238093, 28.995238095238093, 28.993650793650794, 28.987301587301587, 28.993650793650794, 28.992063492063494, 28.995238095238093, 28.992063492063494, 28.995238095238093, 28.992063492063494, 28.992063492063494, 28.995238095238093, 28.993650793650794, 28.995238095238093, 28.995238095238093, 28.9984126984127, 28.99047619047619, 28.988888888888887, 28.995238095238093, 28.992063492063494, 28.9968253968254, 28.995238095238093, 28.993650793650794, 28.992063492063494, 28.995238095238093, 28.995238095238093, 28.995238095238093, 28.992063492063494, 28.995238095238093, 28.995238095238093, 28.995238095238093, 28.99047619047619, 28.996825396825397, 28.996825396825397, 28.996825396825397, 28.995238095238093, 28.993650793650794, 28.995238095238093, 28.992063492063494, 28.996825396825397, 28.993650793650794, 28.995238095238093, 28.9984126984127, 28.993650793650794, 28.993650793650794, 28.9984126984127, 28.996825396825397, 28.992063492063494, 28.993650793650794, 29.0, 28.995238095238093, 28.996825396825397, 28.995238095238093, 28.99047619047619, 28.995238095238093, 28.992063492063494, 28.996825396825397, 28.992063492063494, 28.993650793650794, 28.995238095238093, 28.988888888888887, 28.993650793650794, 28.992063492063494, 28.996825396825397, 28.99047619047619, 28.992063492063494, 28.992063492063494, 28.993650793650794, 28.993650793650794, 28.9984126984127, 28.9984126984127, 28.995238095238093, 28.995238095238093, 28.996825396825397, 28.9984126984127, 28.9984126984127, 28.995238095238093, 28.996825396825397, 28.995238095238093, 28.995238095238093, 28.988888888888887, 28.996825396825397, 28.992063492063494, 28.992063492063494, 28.992063492063494, 28.993650793650794, 28.993650793650794, 28.993650793650794, 28.992063492063494, 28.992063492063494, 28.995238095238093, 28.993650793650794, 28.996825396825397, 28.993650793650794, 28.992063492063494, 28.993650793650794, 28.995238095238093, 28.992063492063494, 28.996825396825397, 28.996825396825397, 28.995238095238093, 28.995238095238093, 28.9984126984127, 28.9984126984127, 29.0, 28.9984126984127, 28.995238095238093, 28.996825396825397, 28.996825396825397, 28.995238095238093, 28.995238095238093, 28.996825396825397, 29.0, 28.9984126984127, 29.0, 28.996825396825397, 28.996825396825397, 28.996825396825397, 28.995238095238093, 29.0, 29.0, 28.9984126984127, 28.996825396825397, 28.996825396825397, 28.996825396825397, 28.996825396825397, 28.995238095238093, 28.993650793650794, 28.993650793650794, 28.993650793650794, 28.995238095238093, 28.993650793650794, 28.995238095238093, 28.995238095238093, 28.996825396825397, 28.9984126984127, 28.9984126984127, 28.996825396825397, 28.996825396825397, 28.9984126984127, 28.996825396825397, 28.996825396825397, 28.996825396825397, 28.995238095238093, 28.995238095238093, 28.995238095238093, 28.996825396825397, 28.993650793650794, 28.995238095238093, 28.995238095238093, 28.996825396825397, 28.9984126984127, 28.995238095238093, 28.992063492063494, 28.993650793650794, 28.995238095238093, 28.996825396825397, 28.996825396825397, 28.9984126984127, 28.996825396825397, 28.995238095238093, 28.995238095238093, 28.995238095238093, 28.992063492063494, 28.993650793650794, 28.995238095238093, 28.9984126984127, 28.9984126984127, 28.995238095238093, 28.995238095238093, 28.995238095238093, 28.995238095238093, 28.995238095238093, 28.995238095238093, 28.993650793650794, 28.992063492063494, 28.992063492063494, 28.992063492063494, 28.996825396825397, 28.995238095238093, 28.995238095238093, 28.996825396825397, 28.996825396825397, 28.9984126984127, 28.9984126984127, 28.9984126984127, 28.995238095238093, 28.996825396825397, 28.996825396825397, 28.996825396825397, 28.996825396825397, 28.996825396825397, 28.995238095238093, 28.996825396825397, 28.993650793650794, 28.995238095238093, 28.996825396825397, 28.9984126984127, 28.996825396825397, 28.996825396825397, 28.995238095238093, 28.996825396825397, 28.996825396825397, 28.9984126984127, 28.996825396825397, 28.996825396825397, 28.995238095238093, 28.995238095238093, 28.993650793650794, 28.993650793650794, 28.993650793650794, 28.992063492063494, 28.992063492063494, 28.992063492063494, 28.992063492063494, 28.988888888888887, 28.988888888888887, 28.993650793650794, 28.99047619047619, 28.992063492063494, 28.995238095238093, 28.996825396825397, 28.996825396825397, 28.996825396825397, 28.995238095238093, 28.993650793650794, 28.995238095238093, 28.996825396825397, 28.996825396825397, 28.995238095238093, 28.995238095238093, 28.995238095238093, 28.995238095238093, 28.993650793650794, 28.9968253968254, 28.9968253968254, 28.993650793650794, 28.993650793650794, 28.995238095238093, 28.996825396825397, 28.996825396825397, 28.9984126984127, 28.9984126984127, 28.996825396825397, 28.9984126984127, 28.996825396825397, 29.0, 29.0, 28.9984126984127, 28.9984126984127, 28.9984126984127, 28.996825396825397, 28.9984126984127, 28.9984126984127, 29.0, 29.0, 29.0, 28.9984126984127, 28.9984126984127, 28.9984126984127, 28.9984126984127, 28.996825396825397, 28.996825396825397, 28.996825396825397, 29.0, 29.0, 28.9984126984127, 28.996825396825397, 28.996825396825397, 28.995238095238093, 28.995238095238093, 28.9984126984127, 28.996825396825397, 28.996825396825397, 28.996825396825397, 28.996825396825397, 28.992063492063494, 28.993650793650794, 28.9984126984127, 28.996825396825397, 28.9984126984127, 28.996825396825397, 28.995238095238093, 28.993650793650794, 28.996825396825397, 28.996825396825397, 28.996825396825397, 28.995238095238093, 28.995238095238093, 28.995238095238093, 28.996825396825397, 29.0, 28.996825396825397, 28.9984126984127, 28.996825396825397, 28.992063492063494, 28.988888888888887, 28.99047619047619, 28.99047619047619, 28.99047619047619, 28.992063492063494, 28.995238095238093, 28.995238095238093, 28.996825396825397, 28.996825396825397, 28.995238095238093, 28.992063492063494, 28.988888888888887, 28.992063492063494, 28.99047619047619, 28.995238095238093, 28.995238095238093, 28.993650793650794, 28.993650793650794, 28.993650793650794, 28.996825396825397, 28.996825396825397, 28.996825396825397, 28.996825396825397, 28.995238095238093, 28.99047619047619, 28.992063492063494, 28.992063492063494, 28.99047619047619, 28.99047619047619, 28.99047619047619, 28.993650793650794, 28.99047619047619, 28.99047619047619, 28.99047619047619, 28.988888888888887, 28.987301587301587]",0.8689140432136988,0.9009545155929977,29,"[33, 33, 33, 33, 31, 29, 29, 29, 29, 29, 29, 29, 29, 29, 29, 29, 29, 29, 29, 29, 29, 29, 29, 29, 29, 29, 29, 29, 29, 29, 29, 29, 29, 29, 29, 29, 29, 29, 29, 29, 29, 29, 29, 29, 29, 29, 29, 29, 29, 29, 29, 29, 29, 29, 29, 29, 29, 29, 29, 29, 29, 29, 29, 29, 29, 29, 29, 29, 29, 29, 29, 29, 29, 29, 29, 29, 29, 29, 29, 29, 29, 29, 29, 29, 29, 29, 29, 29, 29, 29, 29, 29, 29, 29, 29, 29, 29, 29, 29, 29, 29, 29, 29, 29, 29, 29, 29, 29, 29, 29, 29, 29, 29, 29, 29, 29, 29, 29, 29, 29, 29, 29, 29, 29, 29, 29, 29, 29, 29, 29, 29, 29, 29, 29, 29, 29, 29, 29, 29, 29, 29, 29, 29, 29, 29, 29, 29, 29, 29, 29, 29, 29, 29, 29, 29, 29, 29, 29, 29, 29, 29, 29, 29, 29, 29, 29, 29, 29, 29, 29, 29, 29, 29, 29, 29, 29, 29, 29, 29, 29, 29, 29, 29, 29, 29, 29, 29, 29, 29, 29, 29, 29, 29, 29, 29, 29, 29, 29, 29, 29, 29, 29, 29, 29, 29, 29, 29, 29, 29, 29, 29, 29, 29, 29, 29, 29, 29, 29, 29, 29, 29, 29, 29, 29, 29, 29, 29, 29, 29, 29, 29, 29, 29, 29, 29, 29, 29, 29, 29, 29, 29, 29, 29, 29, 29, 29, 29, 29, 29, 29, 29, 29, 29, 29, 29, 29, 29, 29, 29, 29, 29, 29, 29, 29, 29, 29, 29, 29, 29, 29, 29, 29, 29, 29, 29, 29, 29, 29, 29, 29, 29, 29, 29, 29, 29, 29, 29, 29, 29, 29, 29, 29, 29, 29, 29, 29, 29, 29, 29, 29, 29, 29, 29, 29, 29, 29, 29, 29, 29, 29, 29, 29, 29, 29, 29, 29, 29, 29, 29, 29, 29, 29, 29, 29, 29, 29, 29, 29, 29, 29, 29, 29, 29, 29, 29, 29, 29, 29, 29, 29, 29, 29, 29, 29, 29, 29, 29, 29, 29, 29, 29, 29, 29, 29, 29, 29, 29, 29, 29, 29, 29, 29, 29, 29, 29, 29, 29, 29, 29, 29]",370,"[5.128057479858398, 11.007421493530273, 8.752985954284668, 15.687481880187988, 33.11081314086914, 5.034156322479248, 13.692096710205078, 33.0789794921875, 6.8690595626831055, 12.680485725402832, 16.768857955932617, 65.08984375, 9.33997631072998, 10.336143493652344, 22.832796096801758, 37.69867706298828, 18.300939559936523, 38.70170211791992, 8.281064987182617, 10.159566879272461, 18.742774963378906, 4.099739074707031, 14.097845077514648, 16.290245056152344, 5.435541152954102, 8.291465759277344, 54.76144027709961, 11.904897689819336, 5.083836555480957, 8.046614646911621, 23.15252113342285, 6.797952651977539, 2.8836138248443604, 12.386329650878906, 3.6770687103271484, 9.851174354553223, 8.793867111206055, 3.6814682483673096, 3.2562944889068604, 1.6462520360946655, 2.839376926422119, 7.176053047180176, 2.2966182231903076, 4.240478992462158, 1.684731125831604, 1.7652627229690552, 1.7605229616165161, 8.230998992919922, 2.190670967102051, 1.7256693840026855, 3.308655023574829, 1.351608157157898, 1.1811648607254028, 3.887617826461792, 2.0265824794769287, 1.4338433742523193, 1.1862152814865112, 0.9141519665718079, 1.1457945108413696, 1.5951746702194214, 2.348226308822632, 1.3507884740829468, 1.1461552381515503, 0.8639758825302124, 0.9087200164794922, 0.8942700028419495, 13.945030212402344, 1.2191752195358276, 1.3131731748580933, 1.7016513347625732, 7.409008979797363, 4.705012798309326, 1.5738617181777954, 1.3722912073135376, 1.1156930923461914, 1.839587688446045, 1.566106915473938, 1.1972663402557373, 1.1185582876205444, 1.0566805601119995, 1.031346321105957, 1.029040813446045, 1.1069608926773071, 1.1813617944717407, 1.037390112876892, 1.1331321001052856, 1.13947594165802, 1.0481882095336914, 1.0150529146194458, 0.970903217792511, 0.9869964122772217, 0.98160719871521, 0.9850418567657471, 0.9784368276596069, 0.9772329926490784, 0.9790918231010437, 0.9814233183860779, 0.9715033769607544, 0.9677379131317139, 0.965161919593811, 0.9564871191978455, 0.9642543196678162, 0.9640903472900391, 0.9620914459228516, 0.9650581479072571, 0.9877026081085205, 0.9668270945549011, 0.9678424596786499, 0.9676724076271057, 0.9643970727920532, 0.9653592109680176, 0.9681121110916138, 0.9620106220245361, 0.9630592465400696, 0.9657294750213623, 0.9604140520095825, 0.9589645266532898, 0.9600923657417297, 0.9666469097137451, 0.9651138782501221, 0.9625853896141052, 0.9618423581123352, 0.9675794839859009, 0.9614680409431458, 0.9609884023666382, 0.9603200554847717, 0.9597142934799194, 0.9611101746559143, 0.9607949256896973, 0.9622126817703247, 0.961402952671051, 0.9591279625892639, 0.9580227732658386, 0.9582703113555908, 0.9577575922012329, 0.9587879180908203, 0.9589198231697083, 0.9584953188896179, 0.9570335149765015, 0.9573004841804504, 0.9562841653823853, 0.9574926495552063, 0.9601450562477112, 0.9597457051277161, 0.9602071642875671, 0.9603630900382996, 0.9588497281074524, 0.958207905292511, 0.9579540491104126, 0.9625540375709534, 0.9582993388175964, 0.9581976532936096, 0.9577731490135193, 0.9570615291595459, 0.9575315713882446, 0.959053635597229, 0.9579566121101379, 0.9560896158218384, 0.9556407928466797, 0.9556463360786438, 0.9561275243759155, 0.9549003839492798, 0.9549477100372314, 0.9546730518341064, 0.9545331001281738, 0.9539853930473328, 0.9567297101020813, 0.9569933414459229, 0.9554397463798523, 0.9549673199653625, 0.9571807980537415, 0.9551485180854797, 0.9534515142440796, 0.9533380270004272, 0.9529021978378296, 0.9547560214996338, 0.9537017345428467, 0.954372227191925, 0.9533648490905762, 0.9561450481414795, 0.9544996023178101, 0.9538568258285522, 0.9537848830223083, 0.9535739421844482, 0.9525818824768066, 0.9520195126533508, 0.9532974362373352, 0.9527284502983093, 0.9507974982261658, 0.9510657787322998, 0.9516036510467529, 0.9515689611434937, 0.9506133198738098, 0.9505735635757446, 0.9500745534896851, 0.9497847557067871, 0.9509239196777344, 0.9504998922348022, 0.9503841400146484, 0.950480043888092, 0.9496982097625732, 0.9504573345184326, 0.9504934549331665, 0.9504745602607727, 0.9510119557380676, 0.9501209855079651, 0.9505876898765564, 0.9495542049407959, 0.9498841166496277, 0.9496643543243408, 0.9497575163841248, 0.9501345753669739, 0.9494534134864807, 0.9486749172210693, 0.9488452672958374, 0.9495670199394226, 0.95037442445755, 0.9496170282363892, 0.9492776989936829, 0.9495459198951721, 0.9486313462257385, 0.9487514495849609, 0.9486914873123169, 0.9479802846908569, 0.9486139416694641, 0.9494445323944092, 0.9485697746276855, 0.9492590427398682, 0.9487475752830505, 0.9483860731124878, 0.9484285116195679, 0.9480196237564087, 0.9480669498443604, 0.9469215869903564, 0.9464759230613708, 0.9463057518005371, 0.9463302493095398, 0.9464924335479736, 0.9462895393371582, 0.9456015229225159, 0.9455898404121399, 0.9481586217880249, 0.9470336437225342, 0.9461384415626526, 0.945780336856842, 0.9452754259109497, 0.9449025988578796, 0.9447413086891174, 0.9448660016059875, 0.9445770382881165, 0.9451979994773865, 0.9448647499084473, 0.9462493658065796, 0.9453246593475342, 0.9454814195632935, 0.9455329775810242, 0.9451871514320374, 0.9448304772377014, 0.9447389841079712, 0.9444925785064697, 0.9443840980529785, 0.9442195892333984, 0.9439245462417603, 0.9443050622940063, 0.9445537328720093, 0.944710373878479, 0.9449247121810913, 0.944475531578064, 0.9440473914146423, 0.9430239796638489, 0.942879855632782, 0.942966639995575, 0.9427913427352905, 0.9425609707832336, 0.9429374933242798, 0.9423616528511047, 0.9437071084976196, 0.944138765335083, 0.9430609345436096, 0.9436832666397095, 0.9431810975074768, 0.9420793652534485, 0.9421702027320862, 0.9420057535171509, 0.9421840906143188, 0.9421777129173279, 0.9425104260444641, 0.941692054271698, 0.9416546821594238, 0.9414372444152832, 0.9412346482276917, 0.9410476088523865, 0.9400976300239563, 0.940643310546875, 0.9404649138450623, 0.9415512084960938, 0.9416044354438782, 0.9412986636161804, 0.9413490295410156, 0.9406025409698486, 0.9400574564933777, 0.9396916031837463, 0.9401676654815674, 0.9398277401924133, 0.9393501877784729, 0.9413583278656006, 0.9408345222473145, 0.9399477243423462, 0.9397847652435303, 0.9400851726531982, 0.9393580555915833, 0.9391189813613892, 0.9386752247810364, 0.9384443163871765, 0.9378301501274109, 0.9374624490737915, 0.937442421913147, 0.9376187324523926, 0.9378918409347534, 0.9375331401824951, 0.9379902482032776, 0.937294065952301, 0.9371623396873474, 0.9370977878570557, 0.9373679161071777, 0.9370099902153015, 0.9368380904197693, 0.9365888833999634, 0.9367994070053101, 0.9377236366271973, 0.9376031756401062, 0.9373007416725159, 0.937125563621521, 0.936539888381958, 0.936678946018219, 0.9357220530509949, 0.9363654255867004, 0.9362643957138062, 0.9367220401763916, 0.9363300204277039, 0.9353206753730774, 0.9346673488616943, 0.9351861476898193, 0.935698926448822, 0.9355515241622925, 0.9345473647117615, 0.9349486827850342, 0.934689462184906, 0.9347382187843323, 0.9345066547393799, 0.9348068237304688, 0.9339551329612732, 0.9336802959442139, 0.9332263469696045, 0.9332708716392517, 0.9334457516670227, 0.9340371489524841, 0.9335096478462219, 0.9333386421203613, 0.9334295392036438, 0.9339204430580139, 0.9339036345481873, 0.9344313740730286, 0.9340032339096069, 0.9335349798202515, 0.9339450597763062, 0.9336593151092529, 0.9335008859634399, 0.9335727095603943, 0.9337255358695984]",29.0,"[33.0, 33.0, 33.0, 33.0, 31.0, 29.0, 29.0, 29.0, 29.0, 29.0, 29.0, 29.0, 29.0, 29.0, 29.0, 29.0, 29.0, 29.0, 29.0, 29.0, 29.0, 29.0, 29.0, 29.0, 29.0, 29.0, 29.0, 29.0, 29.0, 29.0, 29.0, 29.0, 29.0, 29.0, 29.0, 29.0, 29.0, 29.0, 29.0, 29.0, 29.0, 29.0, 29.0, 29.0, 29.0, 29.0, 29.0, 29.0, 29.0, 29.0, 29.0, 29.0, 29.0, 29.0, 29.0, 29.0, 29.0, 29.0, 29.0, 29.0, 29.0, 29.0, 29.0, 29.0, 29.0, 29.0, 29.0, 29.0, 29.0, 29.0, 29.0, 29.0, 29.0, 29.0, 29.0, 29.0, 29.0, 29.0, 29.0, 29.0, 29.0, 29.0, 29.0, 29.0, 29.0, 29.0, 29.0, 29.0, 29.0, 29.0, 29.0, 29.0, 29.0, 29.0, 29.0, 29.0, 29.0, 29.0, 29.0, 29.0, 29.0, 29.0, 29.0, 29.0, 29.0, 29.0, 29.0, 29.0, 29.0, 29.0, 29.0, 29.0, 29.0, 29.0, 29.0, 29.0, 29.0, 29.0, 29.0, 29.0, 29.0, 29.0, 29.0, 29.0, 29.0, 29.0, 29.0, 29.0, 29.0, 29.0, 29.0, 29.0, 29.0, 29.0, 29.0, 29.0, 29.0, 29.0, 29.0, 29.0, 29.0, 29.0, 29.0, 29.0, 29.0, 29.0, 29.0, 29.0, 29.0, 29.0, 29.0, 29.0, 29.0, 29.0, 29.0, 29.0, 29.0, 29.0, 29.0, 29.0, 29.0, 29.0, 29.0, 29.0, 29.0, 29.0, 29.0, 29.0, 29.0, 29.0, 29.0, 29.0, 29.0, 29.0, 29.0, 29.0, 29.0, 29.0, 29.0, 29.0, 29.0, 29.0, 29.0, 29.0, 29.0, 29.0, 29.0, 29.0, 29.0, 29.0, 29.0, 29.0, 29.0, 29.0, 29.0, 29.0, 29.0, 29.0, 29.0, 29.0, 29.0, 29.0, 29.0, 29.0, 29.0, 29.0, 29.0, 29.0, 29.0, 29.0, 29.0, 29.0, 29.0, 29.0, 29.0, 29.0, 29.0, 29.0, 29.0, 29.0, 29.0, 29.0, 29.0, 29.0, 29.0, 29.0, 29.0, 29.0, 29.0, 29.0, 29.0, 29.0, 29.0, 29.0, 29.0, 29.0, 29.0, 29.0, 29.0, 29.0, 29.0, 29.0, 29.0, 29.0, 29.0, 29.0, 29.0, 29.0, 29.0, 29.0, 29.0, 29.0, 29.0, 29.0, 29.0, 29.0, 29.0, 29.0, 29.0, 29.0, 29.0, 29.0, 29.0, 29.0, 29.0, 29.0, 29.0, 29.0, 29.0, 29.0, 29.0, 29.0, 29.0, 29.0, 29.0, 29.0, 29.0, 29.0, 29.0, 29.0, 29.0, 29.0, 29.0, 29.0, 29.0, 29.0, 29.0, 29.0, 29.0, 29.0, 29.0, 29.0, 29.0, 29.0, 29.0, 29.0, 29.0, 29.0, 29.0, 29.0, 29.0, 29.0, 29.0, 29.0, 29.0, 29.0, 29.0, 29.0, 29.0, 29.0, 29.0, 29.0, 29.0, 29.0, 29.0, 29.0, 29.0, 29.0, 29.0, 29.0, 29.0, 29.0, 29.0, 29.0, 29.0, 29.0, 29.0, 29.0, 29.0, 29.0, 29.0, 29.0, 29.0, 29.0, 29.0, 29.0, 29.0, 29.0, 29.0, 29.0, 29.0, 29.0, 29.0, 29.0, 29.0, 29.0, 29.0, 29.0, 29.0, 29.0, 29.0, 29.0, 29.0, 29.0, 29.0, 29.0, 29.0, 29.0, 29.0, 29.0, 29.0, 29.0, 29.0, 29.0, 29.0, 29.0, 29.0, 29.0, 29.0, 29.0]",COMPLETE
