,number,value,datetime_start,datetime_complete,duration,params_batch_size_scaler,params_constant_learning_rate,params_depth,params_epochs,params_kernel_l2,params_num_trees,params_temperature,user_attrs_accuracy_test,user_attrs_accuracy_valid,user_attrs_approximate_feature_sparsity,user_attrs_approximate_feature_sparsity_history,user_attrs_approximate_weight_sparsity,user_attrs_approximate_weight_sparsity_history,user_attrs_auc_test,user_attrs_auc_valid,user_attrs_feature_sparsity,user_attrs_feature_sparsity_history,user_attrs_num_epochs,user_attrs_val_loss_history,user_attrs_weight_sparsity,user_attrs_weight_sparsity_history,state
7,7,0.5,2024-08-31 00:52:16.285589,2024-08-31 00:53:00.719391,0 days 00:00:44.433802,16,2.4280767967603096,4,250,0.05629881207247197,36,0.0657503480174979,0.859,0.85875,0,"[0, 0, 0, 0, 0, 0, 0, 0, 0, 0, 0, 0, 0, 0, 0, 0, 0, 0, 0, 0, 0, 0, 0, 0, 0, 0, 0, 0, 0, 0, 0, 0, 0, 0, 0, 0, 0, 0, 0, 0, 0, 0, 0, 0, 0, 0, 0, 0, 0, 0, 0, 0, 0, 0, 0, 0, 0, 0, 0, 0, 0, 0, 0, 0, 0, 0, 0, 0, 0, 0, 0, 0, 0, 0, 0, 0, 0, 0, 0, 0, 0, 0, 0, 0, 0, 0, 0, 0, 0, 0, 0, 0, 0, 0, 0, 0, 0, 0, 0, 0, 0, 0, 0, 0, 0, 0, 0, 0, 0, 0, 0, 0, 0, 0, 0, 0, 0, 0, 0, 0, 0, 0, 0, 0, 0, 0, 0, 0, 0, 0, 0, 0, 0, 0, 0, 0, 0, 0, 0, 0, 0, 0, 0, 0, 0, 0, 0, 0, 0, 0, 0, 0, 0, 0, 0, 0, 0, 0, 0, 0, 0, 0, 0, 0, 0, 0, 0, 0, 0, 0, 0, 0, 0, 0, 0, 0, 0, 0, 0, 0, 0, 0, 0, 0, 0, 0, 0, 0, 0, 0, 0, 0, 0, 0, 0, 0, 0, 0, 0, 0, 0, 0, 0, 0, 0, 0, 0, 0, 0, 0, 0, 0, 0, 0, 0, 0, 0, 0, 0, 0, 0, 0, 0, 0, 0, 0, 0, 0, 0, 0, 0, 0, 0, 0, 0, 0, 0, 0, 0, 0, 0, 0, 0, 0, 0, 0, 0, 0, 0, 0]",0.0,"[0.0, 0.0, 0.0, 0.0, 0.0, 0.0, 0.0, 0.0, 0.0, 0.0, 0.0, 0.0, 0.0, 0.0, 0.0, 0.0, 0.0, 0.0, 0.0, 0.0, 0.0, 0.0, 0.0, 0.0, 0.0, 0.0, 0.0, 0.0, 0.0, 0.0, 0.0, 0.0, 0.0, 0.0, 0.0, 0.0, 0.0, 0.0, 0.0, 0.0, 0.0, 0.0, 0.0, 0.0, 0.0, 0.0, 0.0, 0.0, 0.0, 0.0, 0.0, 0.0, 0.0, 0.0, 0.0, 0.0, 0.0, 0.0, 0.0, 0.0, 0.0, 0.0, 0.0, 0.0, 0.0, 0.0, 0.0, 0.0, 0.0, 0.0, 0.0, 0.0, 0.0, 0.0, 0.0, 0.0, 0.0, 0.0, 0.0, 0.0, 0.0, 0.0, 0.0, 0.0, 0.0, 0.0, 0.0, 0.0, 0.0, 0.0, 0.0, 0.0, 0.0, 0.0, 0.0, 0.0, 0.0, 0.0, 0.0, 0.0, 0.0, 0.0, 0.0, 0.0, 0.0, 0.0, 0.0, 0.0, 0.0, 0.0, 0.0, 0.0, 0.0, 0.0, 0.0, 0.0, 0.0, 0.0, 0.0, 0.0, 0.0, 0.0, 0.0, 0.0, 0.0, 0.0, 0.0, 0.0, 0.0, 0.0, 0.0, 0.0, 0.0, 0.0, 0.0, 0.0, 0.0, 0.0, 0.0, 0.0, 0.0, 0.0, 0.0, 0.0, 0.0, 0.0, 0.0, 0.0, 0.0, 0.0, 0.0, 0.0, 0.0, 0.0, 0.0, 0.0, 0.0, 0.0, 0.0, 0.0, 0.0, 0.0, 0.0, 0.0, 0.0, 0.0, 0.0, 0.0, 0.0, 0.0, 0.0, 0.0, 0.0, 0.0, 0.0, 0.0, 0.0, 0.0, 0.0, 0.0, 0.0, 0.0, 0.0, 0.0, 0.0, 0.0, 0.0, 0.0, 0.0, 0.0, 0.0, 0.0, 0.0, 0.0, 0.0, 0.0, 0.0, 0.0, 0.0, 0.0, 0.0, 0.0, 0.0, 0.0, 0.0, 0.0, 0.0, 0.0, 0.0, 0.0, 0.0, 0.0, 0.0, 0.0, 0.0, 0.0, 0.0, 0.0, 0.0, 0.0, 0.0, 0.0, 0.0, 0.0, 0.0, 0.0, 0.0, 0.0, 0.0, 0.0, 0.0, 0.0, 0.0, 0.0, 0.0, 0.0, 0.0, 0.0, 0.0, 0.0, 0.0, 0.0, 0.0, 0.0, 0.0, 0.0, 0.0, 0.0, 0.0, 0.0]",0.5,0.5,0,"[0, 0, 0, 0, 0, 0, 0, 0, 0, 0, 0, 0, 0, 0, 0, 0, 0, 0, 0, 0, 0, 0, 0, 0, 0, 0, 0, 0, 0, 0, 0, 0, 0, 0, 0, 0, 0, 0, 0, 0, 0, 0, 0, 0, 0, 0, 0, 0, 0, 0, 0, 0, 0, 0, 0, 0, 0, 0, 0, 0, 0, 0, 0, 0, 0, 0, 0, 0, 0, 0, 0, 0, 0, 0, 0, 0, 0, 0, 0, 0, 0, 0, 0, 0, 0, 0, 0, 0, 0, 0, 0, 0, 0, 0, 0, 0, 0, 0, 0, 0, 0, 0, 0, 0, 0, 0, 0, 0, 0, 0, 0, 0, 0, 0, 0, 0, 0, 0, 0, 0, 0, 0, 0, 0, 0, 0, 0, 0, 0, 0, 0, 0, 0, 0, 0, 0, 0, 0, 0, 0, 0, 0, 0, 0, 0, 0, 0, 0, 0, 0, 0, 0, 0, 0, 0, 0, 0, 0, 0, 0, 0, 0, 0, 0, 0, 0, 0, 0, 0, 0, 0, 0, 0, 0, 0, 0, 0, 0, 0, 0, 0, 0, 0, 0, 0, 0, 0, 0, 0, 0, 0, 0, 0, 0, 0, 0, 0, 0, 0, 0, 0, 0, 0, 0, 0, 0, 0, 0, 0, 0, 0, 0, 0, 0, 0, 0, 0, 0, 0, 0, 0, 0, 0, 0, 0, 0, 0, 0, 0, 0, 0, 0, 0, 0, 0, 0, 0, 0, 0, 0, 0, 0, 0, 0, 0, 0, 0, 0, 0, 0]",250,"[0.40907055139541626, 0.41219961643218994, 0.41087111830711365, 0.4151146709918976, 0.4093993902206421, 0.4079534411430359, 0.41482317447662354, 0.4073755145072937, 0.42986035346984863, 0.42218783497810364, 0.44074559211730957, 0.411787748336792, 0.41178086400032043, 0.4072461426258087, 0.41104820370674133, 0.407302588224411, 0.41996437311172485, 0.4506343901157379, 0.40812933444976807, 0.41064217686653137, 0.4072495996952057, 0.4086323082447052, 0.40725913643836975, 0.4211389124393463, 0.4088309407234192, 0.40887725353240967, 0.40812206268310547, 0.40989384055137634, 0.4157477617263794, 0.40894538164138794, 0.4082968235015869, 0.40829700231552124, 0.4073464572429657, 0.41853946447372437, 0.4368376135826111, 0.4072420001029968, 0.40746501088142395, 0.40877121686935425, 0.47341346740722656, 0.41454601287841797, 0.40729618072509766, 0.4134458899497986, 0.41244685649871826, 0.4122394621372223, 0.4167572855949402, 0.40957963466644287, 0.4170435965061188, 0.42547890543937683, 0.4118354320526123, 0.4129711389541626, 0.40724286437034607, 0.4499022960662842, 0.41781115531921387, 0.40861445665359497, 0.41682374477386475, 0.4204222559928894, 0.408199667930603, 0.4317726492881775, 0.40834182500839233, 0.40737640857696533, 0.4074889123439789, 0.408738911151886, 0.4075848460197449, 0.41485804319381714, 0.4072962701320648, 0.4087430536746979, 0.40820759534835815, 0.45993149280548096, 0.4254266023635864, 0.4146960377693176, 0.4108562171459198, 0.4075468182563782, 0.40789756178855896, 0.41677579283714294, 0.4095817804336548, 0.4142526388168335, 0.407914400100708, 0.442977637052536, 0.4073813557624817, 0.4075291156768799, 0.4078570306301117, 0.4097853899002075, 0.43219009041786194, 0.4225483238697052, 0.4108799993991852, 0.4082963466644287, 0.4095514714717865, 0.4242219030857086, 0.45081284642219543, 0.4307290017604828, 0.408488005399704, 0.41110119223594666, 0.41074442863464355, 0.4091032147407532, 0.4089982211589813, 0.40949615836143494, 0.41117897629737854, 0.40726131200790405, 0.40783631801605225, 0.4097032845020294, 0.42521271109580994, 0.40799057483673096, 0.40736377239227295, 0.40808796882629395, 0.41279229521751404, 0.4080319106578827, 0.4087032377719879, 0.40726616978645325, 0.40816566348075867, 0.4118821620941162, 0.41907528042793274, 0.42562413215637207, 0.4106002748012543, 0.40964001417160034, 0.40807801485061646, 0.4138842821121216, 0.41240620613098145, 0.41230854392051697, 0.41403937339782715, 0.4312926232814789, 0.4192398190498352, 0.4075965881347656, 0.4111623764038086, 0.42557501792907715, 0.4158823788166046, 0.4308968484401703, 0.42718738317489624, 0.40796294808387756, 0.40743109583854675, 0.4316237270832062, 0.40763694047927856, 0.4073960781097412, 0.41392767429351807, 0.4086975157260895, 0.4072551727294922, 0.43030425906181335, 0.40823960304260254, 0.4123164415359497, 0.414206326007843, 0.41821300983428955, 0.41954857110977173, 0.40739941596984863, 0.41194504499435425, 0.41003116965293884, 0.41073745489120483, 0.4079660177230835, 0.40736323595046997, 0.40740957856178284, 0.4131549596786499, 0.4722207188606262, 0.4074261486530304, 0.4126127362251282, 0.4179212152957916, 0.40723687410354614, 0.4225083887577057, 0.41323134303092957, 0.4100815951824188, 0.4604901075363159, 0.4234783947467804, 0.41058894991874695, 0.40724632143974304, 0.417179673910141, 0.4083485007286072, 0.43684786558151245, 0.4079797863960266, 0.40725648403167725, 0.41637036204338074, 0.4090990722179413, 0.42150557041168213, 0.41279059648513794, 0.40755072236061096, 0.4261510968208313, 0.41274967789649963, 0.4146577715873718, 0.40848320722579956, 0.40735629200935364, 0.4072517156600952, 0.4087836742401123, 0.4100271463394165, 0.41200608015060425, 0.40827223658561707, 0.4186544120311737, 0.41269370913505554, 0.45107677578926086, 0.4081341624259949, 0.4118731617927551, 0.40766432881355286, 0.4073789119720459, 0.4084605276584625, 0.40872278809547424, 0.42329907417297363, 0.41397908329963684, 0.411222904920578, 0.4083196222782135, 0.4072943925857544, 0.4087219536304474, 0.4169326424598694, 0.40813159942626953, 0.4104912579059601, 0.4312952160835266, 0.4146398901939392, 0.4172542095184326, 0.40897679328918457, 0.41816601157188416, 0.4083248972892761, 0.42520251870155334, 0.4074775278568268, 0.40797433257102966, 0.40811747312545776, 0.4084731340408325, 0.4088488817214966, 0.4075685143470764, 0.40879443287849426, 0.41072261333465576, 0.40756142139434814, 0.4078235328197479, 0.4097910225391388, 0.4081202745437622, 0.441013902425766, 0.4074016213417053, 0.41008421778678894, 0.4085735082626343, 0.41598713397979736, 0.42623719573020935, 0.430629700422287, 0.4119435250759125, 0.4105505347251892, 0.41121944785118103, 0.41856449842453003, 0.4123051166534424, 0.41343921422958374, 0.4100757837295532, 0.4145732820034027, 0.419625461101532, 0.4129844903945923, 0.4079521894454956, 0.4076227843761444, 0.41166266798973083, 0.4820323586463928, 0.4074612855911255, 0.41378653049468994, 0.41985026001930237, 0.41116324067115784, 0.42862576246261597, 0.43351081013679504, 0.41039562225341797, 0.40731489658355713, 0.4148631691932678, 0.4127027988433838, 0.4080814719200134]",0.0,"[0.0, 0.0, 0.0, 0.0, 0.0, 0.0, 0.0, 0.0, 0.0, 0.0, 0.0, 0.0, 0.0, 0.0, 0.0, 0.0, 0.0, 0.0, 0.0, 0.0, 0.0, 0.0, 0.0, 0.0, 0.0, 0.0, 0.0, 0.0, 0.0, 0.0, 0.0, 0.0, 0.0, 0.0, 0.0, 0.0, 0.0, 0.0, 0.0, 0.0, 0.0, 0.0, 0.0, 0.0, 0.0, 0.0, 0.0, 0.0, 0.0, 0.0, 0.0, 0.0, 0.0, 0.0, 0.0, 0.0, 0.0, 0.0, 0.0, 0.0, 0.0, 0.0, 0.0, 0.0, 0.0, 0.0, 0.0, 0.0, 0.0, 0.0, 0.0, 0.0, 0.0, 0.0, 0.0, 0.0, 0.0, 0.0, 0.0, 0.0, 0.0, 0.0, 0.0, 0.0, 0.0, 0.0, 0.0, 0.0, 0.0, 0.0, 0.0, 0.0, 0.0, 0.0, 0.0, 0.0, 0.0, 0.0, 0.0, 0.0, 0.0, 0.0, 0.0, 0.0, 0.0, 0.0, 0.0, 0.0, 0.0, 0.0, 0.0, 0.0, 0.0, 0.0, 0.0, 0.0, 0.0, 0.0, 0.0, 0.0, 0.0, 0.0, 0.0, 0.0, 0.0, 0.0, 0.0, 0.0, 0.0, 0.0, 0.0, 0.0, 0.0, 0.0, 0.0, 0.0, 0.0, 0.0, 0.0, 0.0, 0.0, 0.0, 0.0, 0.0, 0.0, 0.0, 0.0, 0.0, 0.0, 0.0, 0.0, 0.0, 0.0, 0.0, 0.0, 0.0, 0.0, 0.0, 0.0, 0.0, 0.0, 0.0, 0.0, 0.0, 0.0, 0.0, 0.0, 0.0, 0.0, 0.0, 0.0, 0.0, 0.0, 0.0, 0.0, 0.0, 0.0, 0.0, 0.0, 0.0, 0.0, 0.0, 0.0, 0.0, 0.0, 0.0, 0.0, 0.0, 0.0, 0.0, 0.0, 0.0, 0.0, 0.0, 0.0, 0.0, 0.0, 0.0, 0.0, 0.0, 0.0, 0.0, 0.0, 0.0, 0.0, 0.0, 0.0, 0.0, 0.0, 0.0, 0.0, 0.0, 0.0, 0.0, 0.0, 0.0, 0.0, 0.0, 0.0, 0.0, 0.0, 0.0, 0.0, 0.0, 0.0, 0.0, 0.0, 0.0, 0.0, 0.0, 0.0, 0.0, 0.0, 0.0, 0.0, 0.0, 0.0, 0.0, 0.0, 0.0, 0.0, 0.0, 0.0, 0.0, 0.0, 0.0, 0.0, 0.0, 0.0, 0.0]",COMPLETE
