,number,value,datetime_start,datetime_complete,duration,params_batch_size_scaler,params_constant_learning_rate,params_depth,params_epochs,params_kernel_l2,params_num_trees,params_temperature,user_attrs_accuracy_test,user_attrs_accuracy_valid,user_attrs_approximate_feature_sparsity,user_attrs_approximate_feature_sparsity_history,user_attrs_approximate_weight_sparsity,user_attrs_approximate_weight_sparsity_history,user_attrs_auc_test,user_attrs_auc_valid,user_attrs_feature_sparsity,user_attrs_feature_sparsity_history,user_attrs_num_epochs,user_attrs_val_loss_history,user_attrs_weight_sparsity,user_attrs_weight_sparsity_history,state
54,54,0.7296312040293181,2024-08-31 02:59:15.789422,2024-08-31 03:03:39.826194,0 days 00:04:24.036772,16,0.01702755807893165,5,480,0.5199718325406414,38,0.0029838082502949815,0.876,0.86875,33,"[33, 33, 33, 33, 33, 33, 33, 33, 33, 33, 33, 33, 33, 33, 33, 33, 33, 33, 33, 33, 33, 33, 33, 33, 33, 33, 33, 33, 33, 33, 33, 33, 33, 33, 33, 33, 33, 33, 33, 33, 33, 33, 33, 33, 33, 33, 33, 33, 33, 33, 33, 33, 33, 33, 33, 33, 33, 33, 33, 33, 33, 33, 33, 33, 33, 33, 33, 33, 33, 33, 33, 33, 33, 33, 33, 33, 33, 33, 33, 33, 33, 33, 33, 33, 33, 33, 33, 33, 33, 33, 33, 33, 33, 33, 33, 33, 33, 33, 33, 33, 33, 33, 33, 33, 33, 33, 33, 33, 33, 33, 33, 33, 33, 33, 33, 33, 33, 33, 33, 33, 33, 33, 33, 33, 33, 33, 33, 33, 33, 33, 33, 33, 33, 33, 33, 33, 33, 33, 33, 33, 33, 33, 33, 33, 33, 33, 33, 33, 33, 33, 33, 33, 33, 33, 33, 33, 33, 33, 33, 33, 33, 33, 33, 33, 33, 33, 33, 33, 33, 33, 33, 33, 33, 33, 33, 33, 33, 33, 33, 33, 33, 33, 33, 33, 33, 33, 33, 33, 33, 33, 33, 33, 33, 33, 33, 33, 33, 33, 33, 33, 33, 33, 33, 33, 33, 33, 33, 33, 33, 33, 33, 33, 33, 33, 33, 33, 33, 33, 33, 33, 33, 33, 33, 33, 33, 33, 33, 33, 33, 33, 33, 33, 33, 33, 33, 33, 33, 33, 33, 33, 33, 33, 33, 33, 33, 33, 33, 33, 33, 33, 33, 33, 33, 33, 33, 33, 33, 33, 33, 33, 33, 33, 33, 33, 33, 33, 33, 33, 33, 33, 33, 33, 33, 33, 33, 33, 33, 33, 33, 33, 33, 33, 33, 33, 33, 33, 33, 33, 33, 33, 33, 33, 33, 33, 33, 33, 33, 33, 33, 33, 33, 33, 33, 33, 33, 33, 33, 33, 33, 33, 33, 33, 33, 33, 33, 33, 33, 33, 33, 33, 33, 33, 33, 33, 33, 33, 33, 33, 33, 33, 33, 33, 33, 33, 33, 33, 33, 33, 33, 33, 33, 33, 33, 33, 33, 33, 33, 33, 33, 33, 33, 33, 33, 33, 33, 33, 33, 33, 33, 33, 33, 33, 33, 33, 33, 33, 33, 33, 33, 33, 33, 33, 33, 33, 33, 33, 33, 33, 33, 33, 33, 33, 33, 33, 33, 33, 33, 33, 33, 33, 33, 33, 33, 33, 33, 33, 33, 33, 33, 33, 33, 33, 33, 33, 33, 33, 33, 33, 33, 33, 33, 33, 33, 33, 33, 33, 33, 33, 33, 33, 33, 33, 33, 33, 33, 33, 33, 33, 33, 33, 33, 33, 33, 33, 33, 33, 33, 33, 33, 33, 33, 33, 33, 33, 33, 33, 33, 33, 33, 33, 33, 33, 33, 33, 33, 33, 33, 33, 33, 33, 33, 33, 33, 33, 33, 33, 33, 33, 33, 33, 33, 33, 33, 33, 33, 33, 33, 33, 33, 33]",32.94736842105264,"[32.94312393887945, 32.9490662139219, 32.94991511035654, 32.95415959252971, 32.950764006791175, 32.95246179966044, 32.95331069609508, 32.950764006791175, 32.95331069609508, 32.94736842105263, 32.94736842105263, 32.94736842105263, 32.94397283531409, 32.94821731748727, 32.950764006791175, 32.95246179966045, 32.95246179966044, 32.95840407470289, 32.95670628183362, 32.95415959252971, 32.95755517826825, 32.950764006791175, 32.95246179966044, 32.95246179966045, 32.95246179966044, 32.95585738539898, 32.9490662139219, 32.95246179966044, 32.95415959252971, 32.946519524618, 32.95415959252971, 32.94821731748727, 32.94821731748727, 32.944821731748725, 32.950764006791175, 32.94821731748727, 32.949915110356535, 32.949915110356535, 32.95161290322581, 32.94736842105263, 32.94821731748727, 32.9490662139219, 32.94736842105264, 32.94227504244482, 32.93718166383701, 32.93633276740238, 32.935483870967744, 32.940577249575554, 32.940577249575554, 32.940577249575554, 32.94227504244482, 32.94397283531409, 32.94397283531409, 32.94312393887946, 32.944821731748725, 32.94312393887945, 32.944821731748725, 32.94821731748727, 32.949915110356535, 32.94821731748726, 32.94567062818336, 32.94397283531409, 32.94397283531409, 32.94142614601019, 32.93718166383701, 32.935483870967744, 32.93887945670628, 32.94312393887946, 32.94227504244483, 32.94312393887945, 32.944821731748725, 32.94227504244482, 32.94991511035654, 32.949915110356535, 32.945670628183365, 32.94821731748727, 32.944821731748725, 32.945670628183365, 32.94227504244483, 32.94397283531409, 32.949915110356535, 32.95246179966045, 32.9490662139219, 32.94736842105263, 32.94821731748727, 32.94821731748726, 32.950764006791175, 32.95246179966045, 32.95161290322581, 32.95161290322581, 32.95246179966045, 32.95331069609508, 32.95076400679117, 32.95331069609507, 32.94821731748727, 32.950764006791175, 32.94736842105264, 32.9490662139219, 32.94736842105264, 32.94821731748727, 32.95161290322581, 32.9490662139219, 32.9490662139219, 32.94397283531409, 32.944821731748725, 32.94312393887946, 32.94397283531409, 32.94736842105263, 32.945670628183365, 32.94736842105264, 32.9490662139219, 32.95161290322581, 32.94821731748727, 32.94821731748727, 32.94991511035654, 32.949915110356535, 32.95161290322581, 32.949915110356535, 32.95161290322581, 32.95076400679117, 32.945670628183365, 32.94567062818336, 32.95161290322581, 32.95331069609508, 32.95331069609508, 32.95331069609508, 32.95161290322581, 32.94991511035654, 32.9490662139219, 32.94991511035654, 32.949915110356535, 32.95161290322581, 32.95331069609508, 32.95246179966044, 32.95331069609507, 32.95670628183362, 32.949915110356535, 32.94736842105263, 32.9490662139219, 32.95331069609508, 32.95246179966044, 32.94991511035654, 32.9490662139219, 32.946519524618, 32.94397283531409, 32.946519524618, 32.950764006791175, 32.95161290322581, 32.9490662139219, 32.94821731748727, 32.94821731748727, 32.94821731748727, 32.946519524618, 32.94312393887946, 32.94482173174873, 32.945670628183365, 32.94227504244482, 32.94821731748727, 32.94821731748727, 32.94397283531409, 32.94397283531409, 32.94227504244483, 32.94397283531409, 32.94736842105263, 32.944821731748725, 32.95246179966044, 32.95246179966044, 32.95415959252971, 32.95331069609507, 32.95415959252971, 32.950764006791175, 32.950764006791175, 32.95161290322581, 32.95331069609507, 32.95331069609507, 32.949915110356535, 32.95246179966044, 32.95246179966044, 32.95246179966044, 32.95246179966044, 32.95331069609507, 32.955008488964346, 32.95246179966044, 32.955008488964346, 32.95161290322581, 32.950764006791175, 32.949915110356535, 32.94821731748726, 32.949915110356535, 32.95076400679117, 32.95076400679117, 32.950764006791175, 32.949915110356535, 32.950764006791175, 32.9490662139219, 32.9490662139219, 32.949915110356535, 32.949915110356535, 32.949915110356535, 32.95246179966045, 32.94821731748727, 32.944821731748725, 32.94397283531409, 32.94312393887946, 32.94227504244483, 32.94142614601019, 32.94142614601019, 32.940577249575554, 32.94227504244483, 32.94482173174873, 32.946519524618, 32.944821731748725, 32.94397283531409, 32.94227504244482, 32.939728353140914, 32.94227504244482, 32.94397283531409, 32.94397283531409, 32.94567062818336, 32.946519524618, 32.946519524618, 32.945670628183365, 32.945670628183365, 32.9490662139219, 32.94991511035654, 32.946519524618, 32.946519524618, 32.94312393887946, 32.94142614601019, 32.94312393887946, 32.940577249575554, 32.939728353140914, 32.937181663837016, 32.937181663837016, 32.93887945670628, 32.944821731748725, 32.94821731748726, 32.94736842105263, 32.946519524618, 32.94397283531409, 32.9490662139219, 32.945670628183365, 32.945670628183365, 32.944821731748725, 32.94397283531409, 32.94142614601019, 32.940577249575554, 32.94227504244482, 32.94312393887946, 32.94142614601019, 32.94312393887946, 32.94312393887946, 32.94482173174873, 32.946519524618, 32.940577249575554, 32.93887945670628, 32.94397283531409, 32.944821731748725, 32.94312393887946, 32.94397283531409, 32.94142614601019, 32.94312393887946, 32.945670628183365, 32.94736842105263, 32.94567062818336, 32.94312393887945, 32.945670628183365, 32.944821731748725, 32.944821731748725, 32.94312393887946, 32.94227504244482, 32.94227504244482, 32.944821731748725, 32.94227504244482, 32.944821731748725, 32.944821731748725, 32.946519524618, 32.94397283531409, 32.94397283531409, 32.94227504244483, 32.940577249575554, 32.93887945670628, 32.93887945670628, 32.939728353140914, 32.94227504244483, 32.94312393887946, 32.94227504244483, 32.94482173174873, 32.945670628183365, 32.9490662139219, 32.94821731748727, 32.9490662139219, 32.9490662139219, 32.95415959252971, 32.950764006791175, 32.950764006791175, 32.94736842105263, 32.94991511035654, 32.950764006791175, 32.95161290322581, 32.9490662139219, 32.9490662139219, 32.94736842105263, 32.94821731748727, 32.94736842105263, 32.94736842105264, 32.94821731748727, 32.9490662139219, 32.94736842105263, 32.9490662139219, 32.9490662139219, 32.95246179966044, 32.949915110356535, 32.94736842105264, 32.945670628183365, 32.946519524618, 32.94821731748727, 32.94821731748727, 32.94482173174873, 32.94736842105263, 32.94397283531409, 32.94227504244482, 32.94736842105263, 32.94736842105263, 32.944821731748725, 32.94312393887946, 32.94397283531409, 32.945670628183365, 32.94227504244483, 32.940577249575554, 32.939728353140914, 32.94227504244483, 32.94397283531409, 32.945670628183365, 32.946519524618, 32.94312393887946, 32.94142614601019, 32.94227504244483, 32.94142614601019, 32.94227504244483, 32.940577249575554, 32.93887945670628, 32.93803056027165, 32.93972835314092, 32.93972835314092, 32.93887945670628, 32.93887945670628, 32.940577249575554, 32.94312393887946, 32.94142614601019, 32.945670628183365, 32.945670628183365, 32.945670628183365, 32.9490662139219, 32.94821731748726, 32.94736842105263, 32.94736842105263, 32.946519524618, 32.946519524618, 32.94821731748727, 32.945670628183365, 32.944821731748725, 32.94736842105264, 32.94736842105264, 32.9490662139219, 32.94821731748727, 32.949915110356535, 32.95331069609508, 32.95415959252971, 32.95415959252971, 32.95331069609508, 32.95246179966045, 32.95415959252971, 32.95331069609508, 32.95161290322581, 32.950764006791175, 32.95246179966044, 32.95076400679117, 32.949915110356535, 32.949915110356535, 32.94736842105263, 32.946519524618, 32.949915110356535, 32.95161290322581, 32.95246179966044, 32.95161290322581, 32.95161290322581, 32.945670628183365, 32.94397283531409, 32.944821731748725, 32.945670628183365, 32.946519524618, 32.9490662139219, 32.9490662139219, 32.95246179966044, 32.95161290322581, 32.95076400679117, 32.949915110356535, 32.946519524618, 32.950764006791175, 32.94821731748727, 32.946519524618, 32.94821731748727, 32.94821731748727, 32.94736842105264, 32.94821731748727, 32.9490662139219, 32.94821731748727, 32.949915110356535, 32.95246179966044, 32.949915110356535, 32.950764006791175, 32.955008488964346, 32.95246179966044, 32.95246179966044, 32.95161290322581, 32.95161290322581, 32.95415959252971, 32.95415959252971, 32.95415959252971, 32.955857385398986, 32.95500848896435, 32.95500848896435, 32.95415959252971, 32.955857385398986, 32.955857385398986, 32.95755517826825, 32.958404074702884, 32.960950764006796, 32.960101867572156, 32.95925297113752, 32.955857385398986, 32.95161290322581, 32.95161290322581, 32.946519524618, 32.944821731748725, 32.94567062818336, 32.944821731748725, 32.94397283531409, 32.94397283531409, 32.94397283531409, 32.946519524618, 32.945670628183365, 32.94397283531409, 32.94736842105263, 32.945670628183365, 32.94397283531409, 32.94397283531409, 32.946519524618, 32.94312393887946, 32.9490662139219, 32.94821731748727, 32.950764006791175, 32.95076400679117, 32.95161290322581, 32.95415959252971, 32.95161290322581, 32.95246179966044, 32.950764006791175, 32.950764006791175, 32.95246179966044, 32.94736842105263, 32.94736842105264, 32.946519524618, 32.9490662139219, 32.95246179966044, 32.95246179966044, 32.95246179966044, 32.95331069609508, 32.95161290322581, 32.95161290322581, 32.94821731748726, 32.94312393887946, 32.94397283531409, 32.946519524618, 32.94736842105264, 32.94736842105263, 32.9490662139219, 32.94821731748727, 32.94736842105264]",0.7647933024546106,0.7296312040293181,33,"[33, 33, 33, 33, 33, 33, 33, 33, 33, 33, 33, 33, 33, 33, 33, 33, 33, 33, 33, 33, 33, 33, 33, 33, 33, 33, 33, 33, 33, 33, 33, 33, 33, 33, 33, 33, 33, 33, 33, 33, 33, 33, 33, 33, 33, 33, 33, 33, 33, 33, 33, 33, 33, 33, 33, 33, 33, 33, 33, 33, 33, 33, 33, 33, 33, 33, 33, 33, 33, 33, 33, 33, 33, 33, 33, 33, 33, 33, 33, 33, 33, 33, 33, 33, 33, 33, 33, 33, 33, 33, 33, 33, 33, 33, 33, 33, 33, 33, 33, 33, 33, 33, 33, 33, 33, 33, 33, 33, 33, 33, 33, 33, 33, 33, 33, 33, 33, 33, 33, 33, 33, 33, 33, 33, 33, 33, 33, 33, 33, 33, 33, 33, 33, 33, 33, 33, 33, 33, 33, 33, 33, 33, 33, 33, 33, 33, 33, 33, 33, 33, 33, 33, 33, 33, 33, 33, 33, 33, 33, 33, 33, 33, 33, 33, 33, 33, 33, 33, 33, 33, 33, 33, 33, 33, 33, 33, 33, 33, 33, 33, 33, 33, 33, 33, 33, 33, 33, 33, 33, 33, 33, 33, 33, 33, 33, 33, 33, 33, 33, 33, 33, 33, 33, 33, 33, 33, 33, 33, 33, 33, 33, 33, 33, 33, 33, 33, 33, 33, 33, 33, 33, 33, 33, 33, 33, 33, 33, 33, 33, 33, 33, 33, 33, 33, 33, 33, 33, 33, 33, 33, 33, 33, 33, 33, 33, 33, 33, 33, 33, 33, 33, 33, 33, 33, 33, 33, 33, 33, 33, 33, 33, 33, 33, 33, 33, 33, 33, 33, 33, 33, 33, 33, 33, 33, 33, 33, 33, 33, 33, 33, 33, 33, 33, 33, 33, 33, 33, 33, 33, 33, 33, 33, 33, 33, 33, 33, 33, 33, 33, 33, 33, 33, 33, 33, 33, 33, 33, 33, 33, 33, 33, 33, 33, 33, 33, 33, 33, 33, 33, 33, 33, 33, 33, 33, 33, 33, 33, 33, 33, 33, 33, 33, 33, 33, 33, 33, 33, 33, 33, 33, 33, 33, 33, 33, 33, 33, 33, 33, 33, 33, 33, 33, 33, 33, 33, 33, 33, 33, 33, 33, 33, 33, 33, 33, 33, 33, 33, 33, 33, 33, 33, 33, 33, 33, 33, 33, 33, 33, 33, 33, 33, 33, 33, 33, 33, 33, 33, 33, 33, 33, 33, 33, 33, 33, 33, 33, 33, 33, 33, 33, 33, 33, 33, 33, 33, 33, 33, 33, 33, 33, 33, 33, 33, 33, 33, 33, 33, 33, 33, 33, 33, 33, 33, 33, 33, 33, 33, 33, 33, 33, 33, 33, 33, 33, 33, 33, 33, 33, 33, 33, 33, 33, 33, 33, 33, 33, 33, 33, 33, 33, 33, 33, 33, 33, 33, 33, 33, 33, 33, 33, 33, 33, 33, 33, 33, 33, 33, 33, 33, 33, 33, 33, 33, 33, 33, 33, 33, 33, 33, 33]",480,"[0.6874009966850281, 0.6255660057067871, 0.5803730487823486, 0.5467764139175415, 0.5216043591499329, 0.5021513104438782, 0.4874415695667267, 0.4756372570991516, 0.4663161337375641, 0.4590854346752167, 0.4531518220901489, 0.4483199715614319, 0.44438740611076355, 0.4409927427768707, 0.43818870186805725, 0.43579208850860596, 0.43387293815612793, 0.4321536123752594, 0.4307260811328888, 0.4294475317001343, 0.42831650376319885, 0.42728808522224426, 0.42639511823654175, 0.42560261487960815, 0.4248753488063812, 0.4242111146450043, 0.4235985279083252, 0.42304566502571106, 0.42251092195510864, 0.4219987392425537, 0.4215106666088104, 0.4210556149482727, 0.4206503927707672, 0.42024409770965576, 0.41984888911247253, 0.4194886088371277, 0.41912177205085754, 0.41877585649490356, 0.4184345304965973, 0.4181026220321655, 0.41778820753097534, 0.4174756705760956, 0.4171549677848816, 0.41685184836387634, 0.41655921936035156, 0.4162767827510834, 0.4159926474094391, 0.4157272279262543, 0.41544750332832336, 0.4151853322982788, 0.4149365723133087, 0.4146807789802551, 0.41442131996154785, 0.4141678214073181, 0.41391345858573914, 0.4136667549610138, 0.41342708468437195, 0.41318854689598083, 0.41296103596687317, 0.41273170709609985, 0.4124961793422699, 0.4122714102268219, 0.41205301880836487, 0.4118328094482422, 0.41162654757499695, 0.41141173243522644, 0.4111924469470978, 0.4109773337841034, 0.4107663631439209, 0.4105651080608368, 0.41036486625671387, 0.41016167402267456, 0.40996602177619934, 0.40977317094802856, 0.4095804691314697, 0.40938201546669006, 0.40919554233551025, 0.4090132415294647, 0.4088270664215088, 0.4086405634880066, 0.40846261382102966, 0.4082854092121124, 0.4081059396266937, 0.40793707966804504, 0.40776675939559937, 0.40759482979774475, 0.40742141008377075, 0.4072527289390564, 0.40708354115486145, 0.40692591667175293, 0.4067659080028534, 0.4066089689731598, 0.40644586086273193, 0.40628582239151, 0.40612632036209106, 0.40597209334373474, 0.4058157801628113, 0.4056648910045624, 0.40551936626434326, 0.40537288784980774, 0.4052261412143707, 0.4050767421722412, 0.40493518114089966, 0.40478628873825073, 0.4046493172645569, 0.40451088547706604, 0.4043704569339752, 0.40422648191452026, 0.40409332513809204, 0.4039595425128937, 0.4038277566432953, 0.4036913812160492, 0.4035566747188568, 0.4034323990345001, 0.40330806374549866, 0.40319064259529114, 0.40306639671325684, 0.40293633937835693, 0.4028037190437317, 0.40268394351005554, 0.4025694727897644, 0.4024503231048584, 0.4023258090019226, 0.4022010862827301, 0.40208256244659424, 0.4019584357738495, 0.4018394947052002, 0.40172237157821655, 0.4016144871711731, 0.40150192379951477, 0.40139514207839966, 0.40128424763679504, 0.40116605162620544, 0.40104439854621887, 0.4009406566619873, 0.40082603693008423, 0.4007232189178467, 0.40062129497528076, 0.4005099833011627, 0.40040767192840576, 0.40031060576438904, 0.400206983089447, 0.4000982344150543, 0.39999324083328247, 0.3998912572860718, 0.39978501200675964, 0.3996826112270355, 0.39958515763282776, 0.3994869887828827, 0.399402379989624, 0.3993031978607178, 0.3991955816745758, 0.3990916311740875, 0.39899522066116333, 0.3988880217075348, 0.39878734946250916, 0.39869460463523865, 0.3985940217971802, 0.3984968662261963, 0.3984019458293915, 0.39830926060676575, 0.3982127010822296, 0.39812171459198, 0.39802834391593933, 0.3979392945766449, 0.3978516459465027, 0.3977580964565277, 0.39766043424606323, 0.39757126569747925, 0.3974848985671997, 0.39739570021629333, 0.3973030745983124, 0.39721572399139404, 0.39713096618652344, 0.39704716205596924, 0.396952360868454, 0.3968767821788788, 0.39679446816444397, 0.3967095911502838, 0.3966277241706848, 0.3965487778186798, 0.39646390080451965, 0.3963812589645386, 0.3963009715080261, 0.39621108770370483, 0.39612358808517456, 0.3960413634777069, 0.3959592580795288, 0.39587706327438354, 0.3957918882369995, 0.39571526646614075, 0.3956271708011627, 0.39555129408836365, 0.3954693078994751, 0.39538681507110596, 0.3953089118003845, 0.39524081349372864, 0.39516541361808777, 0.3950931429862976, 0.39501217007637024, 0.3949269950389862, 0.39485055208206177, 0.3947790563106537, 0.3946976065635681, 0.39462581276893616, 0.3945552706718445, 0.3944701850414276, 0.39439383149147034, 0.3943178653717041, 0.3942444622516632, 0.3941698372364044, 0.39410388469696045, 0.3940368890762329, 0.39396902918815613, 0.39389529824256897, 0.3938252627849579, 0.3937526345252991, 0.39367470145225525, 0.39359796047210693, 0.39352238178253174, 0.3934469223022461, 0.3933749496936798, 0.3932977020740509, 0.3932194411754608, 0.3931454122066498, 0.3930729329586029, 0.3930096924304962, 0.39293932914733887, 0.3928711414337158, 0.392798513174057, 0.3927364647388458, 0.3926619589328766, 0.3925936222076416, 0.3925267457962036, 0.3924548029899597, 0.3923916220664978, 0.39231768250465393, 0.39224255084991455, 0.3921704888343811, 0.39210277795791626, 0.3920353353023529, 0.3919684588909149, 0.3918941020965576, 0.39182087779045105, 0.39175474643707275, 0.3916855752468109, 0.39162755012512207, 0.39155733585357666, 0.391489177942276, 0.3914247155189514, 0.3913564682006836, 0.3912927508354187, 0.39122864603996277, 0.39116114377975464, 0.39108750224113464, 0.3910256326198578, 0.39095360040664673, 0.3908907175064087, 0.39082473516464233, 0.39076051115989685, 0.39069461822509766, 0.3906297981739044, 0.3905777633190155, 0.3905097544193268, 0.3904421627521515, 0.39037081599235535, 0.39029747247695923, 0.3902287185192108, 0.39016228914260864, 0.3901059031486511, 0.39004409313201904, 0.38998860120773315, 0.38992130756378174, 0.3898564577102661, 0.3897867202758789, 0.3897213339805603, 0.3896580934524536, 0.38960468769073486, 0.3895485997200012, 0.38948142528533936, 0.38941439986228943, 0.3893473446369171, 0.3892897665500641, 0.38923099637031555, 0.38917988538742065, 0.38910821080207825, 0.38905322551727295, 0.3889879286289215, 0.3889238238334656, 0.38886889815330505, 0.38880985975265503, 0.3887540102005005, 0.3886922001838684, 0.3886294960975647, 0.3885663151741028, 0.38850346207618713, 0.38843944668769836, 0.3883862793445587, 0.3883265256881714, 0.3882554769515991, 0.3881985545158386, 0.38813504576683044, 0.38807690143585205, 0.3880194425582886, 0.38796183466911316, 0.38789093494415283, 0.38783279061317444, 0.38776952028274536, 0.3877120614051819, 0.38765373826026917, 0.38759154081344604, 0.38752996921539307, 0.38747721910476685, 0.3874070346355438, 0.3873409628868103, 0.38728123903274536, 0.3872203528881073, 0.3871631324291229, 0.38710033893585205, 0.3870413303375244, 0.3869769275188446, 0.38693010807037354, 0.38687294721603394, 0.38681113719940186, 0.386747807264328, 0.3866921663284302, 0.3866269588470459, 0.3865734338760376, 0.38650214672088623, 0.38644012808799744, 0.3863883912563324, 0.38633349537849426, 0.38627034425735474, 0.3862115144729614, 0.3861438035964966, 0.38609087467193604, 0.38602837920188904, 0.38596397638320923, 0.385904997587204, 0.38584357500076294, 0.3857905864715576, 0.38573989272117615, 0.3856884837150574, 0.3856242895126343, 0.3855719268321991, 0.38551628589630127, 0.38545992970466614, 0.38539206981658936, 0.385335773229599, 0.38528427481651306, 0.38523414731025696, 0.38516995310783386, 0.38510218262672424, 0.38504233956336975, 0.38499099016189575, 0.3849303126335144, 0.3848658800125122, 0.3848010301589966, 0.3847372531890869, 0.384688138961792, 0.38463345170021057, 0.3845818042755127, 0.3845307230949402, 0.3844682276248932, 0.3844160735607147, 0.3843584358692169, 0.3842983543872833, 0.38424059748649597, 0.3841789662837982, 0.38412928581237793, 0.3840750455856323, 0.3840089440345764, 0.3839508891105652, 0.3839048147201538, 0.3838460445404053, 0.3837883472442627, 0.3837413489818573, 0.3836918771266937, 0.38364177942276, 0.3835892379283905, 0.38353729248046875, 0.3834792375564575, 0.38342052698135376, 0.3833533823490143, 0.38330450654029846, 0.3832530081272125, 0.3831888437271118, 0.3831339180469513, 0.383085161447525, 0.3830282688140869, 0.3829650580883026, 0.38290664553642273, 0.38284847140312195, 0.3827858865261078, 0.38271498680114746, 0.38265836238861084, 0.382599413394928,