,number,value,datetime_start,datetime_complete,duration,params_batch_size_scaler,params_constant_learning_rate,params_depth,params_epochs,params_kernel_l2,params_num_trees,params_temperature,user_attrs_accuracy_test,user_attrs_accuracy_valid,user_attrs_approximate_feature_sparsity,user_attrs_approximate_feature_sparsity_history,user_attrs_approximate_weight_sparsity,user_attrs_approximate_weight_sparsity_history,user_attrs_auc_test,user_attrs_auc_valid,user_attrs_feature_sparsity,user_attrs_feature_sparsity_history,user_attrs_num_epochs,user_attrs_val_loss_history,user_attrs_weight_sparsity,user_attrs_weight_sparsity_history,state
117,117,0.9199417758369723,2024-08-31 05:48:58.176799,2024-08-31 05:58:54.806065,0 days 00:09:56.629266,4,0.07371395660132335,6,345,0.3053339102671943,48,0.006756211810332451,0.932,0.92625,33,"[33, 33, 33, 33, 33, 33, 33, 33, 33, 33, 33, 33, 33, 33, 33, 33, 33, 33, 33, 33, 33, 33, 33, 33, 33, 33, 33, 33, 33, 33, 33, 33, 33, 33, 33, 33, 33, 33, 33, 33, 33, 33, 33, 33, 33, 33, 33, 33, 33, 33, 33, 33, 33, 33, 33, 33, 33, 33, 33, 33, 33, 33, 33, 33, 33, 33, 33, 33, 33, 33, 33, 33, 33, 33, 33, 33, 33, 33, 33, 33, 33, 33, 33, 33, 33, 33, 33, 33, 33, 33, 33, 33, 33, 33, 33, 33, 33, 33, 33, 33, 33, 33, 33, 33, 33, 33, 33, 33, 33, 33, 33, 33, 33, 33, 33, 33, 33, 33, 33, 33, 33, 33, 33, 33, 33, 33, 33, 33, 33, 33, 33, 33, 33, 33, 33, 33, 33, 33, 33, 33, 33, 33, 33, 33, 33, 33, 33, 33, 33, 33, 33, 33, 33, 33, 33, 33, 33, 33, 33, 33, 33, 33, 33, 33, 33, 33, 33, 33, 33, 33, 33, 33, 33, 33, 33, 33, 33, 33, 33, 33, 33, 33, 33, 33, 33, 33, 33, 33, 33, 33, 33, 33, 33, 33, 33, 33, 33, 33, 33, 33, 33, 33, 33, 33, 33, 33, 33, 33, 33, 33, 33, 33, 33, 33, 33, 33, 33, 33, 33, 33, 33, 33, 33, 33, 33, 33, 33, 33, 33, 33, 33, 33, 33, 33, 33, 33, 33, 33, 33, 33, 33, 33, 33, 33, 33, 33, 33, 33, 33, 33, 33, 33, 33, 33, 33, 33, 33, 33, 33, 33, 33, 33, 33, 33, 33, 33, 33, 33, 33, 33, 33, 33, 33, 33, 33, 33, 33, 33, 33, 33, 33, 33, 33, 33, 33, 33, 33, 33, 33, 33, 33, 33, 33, 33, 33, 33, 33, 33, 33, 33, 33, 33, 33, 33, 33, 33, 33, 33, 33, 33, 33, 33, 33, 33, 33, 33, 33, 33, 33, 33, 33, 33, 33, 33, 33, 33, 33, 33, 33, 33, 33, 33, 33, 33, 33, 33, 33, 33, 33, 33, 33, 33, 33, 33, 33]",32.907407407407405,"[32.92460317460318, 32.92791005291006, 32.93716931216931, 32.92493386243386, 32.923280423280424, 32.92890211640212, 32.926256613756614, 32.92691798941799, 32.92691798941799, 32.925925925925924, 32.92162698412698, 32.92427248677249, 32.92757936507936, 32.9348544973545, 32.932539682539684, 32.92460317460317, 32.93121693121693, 32.93022486772487, 32.93022486772487, 32.93022486772487, 32.92493386243386, 32.92460317460318, 32.926587301587304, 32.93121693121693, 32.929232804232804, 32.92526455026455, 32.92261904761905, 32.92691798941799, 32.9318783068783, 32.93518518518518, 32.93386243386244, 32.93121693121693, 32.92857142857142, 32.93022486772487, 32.93353174603175, 32.92724867724868, 32.92493386243386, 32.92757936507937, 32.93055555555556, 32.929232804232804, 32.923611111111114, 32.919973544973544, 32.91832010582011, 32.925925925925924, 32.92162698412698, 32.91798941798942, 32.9239417989418, 32.92526455026455, 32.92592592592593, 32.919973544973544, 32.923280423280424, 32.92460317460318, 32.92857142857143, 32.92559523809524, 32.92195767195767, 32.91600529100529, 32.91765873015873, 32.919973544973544, 32.920304232804234, 32.923280423280424, 32.92824074074074, 32.91832010582011, 32.920634920634924, 32.920634920634924, 32.92162698412698, 32.92096560846561, 32.92228835978836, 32.920304232804234, 32.920965608465615, 32.919973544973544, 32.923280423280424, 32.9239417989418, 32.92824074074074, 32.92691798941799, 32.929563492063494, 32.92460317460318, 32.92228835978836, 32.92691798941799, 32.92824074074074, 32.93121693121693, 32.92824074074074, 32.93220899470899, 32.928902116402114, 32.929563492063494, 32.93022486772487, 32.93022486772487, 32.92791005291005, 32.92691798941799, 32.920304232804234, 32.92162698412699, 32.920304232804234, 32.91997354497355, 32.925595238095234, 32.923280423280424, 32.92757936507937, 32.92757936507936, 32.92791005291005, 32.93088624338625, 32.928902116402114, 32.926917989417994, 32.929232804232804, 32.929232804232804, 32.93088624338625, 32.92526455026455, 32.93287037037037, 32.928902116402114, 32.92857142857143, 32.93055555555556, 32.93022486772487, 32.92791005291005, 32.92824074074075, 32.92857142857143, 32.926256613756614, 32.92427248677249, 32.92526455026455, 32.92989417989418, 32.92460317460318, 32.91931216931217, 32.91798941798942, 32.92162698412699, 32.91468253968254, 32.91765873015873, 32.91501322751323, 32.91931216931217, 32.92526455026455, 32.925925925925924, 32.919973544973544, 32.919642857142854, 32.91468253968254, 32.91534391534392, 32.91633597883598, 32.91137566137566, 32.91005291005291, 32.913690476190474, 32.914021164021165, 32.91468253968254, 32.916335978835974, 32.91269841269841, 32.913690476190474, 32.91898148148148, 32.911375661375665, 32.90906084656085, 32.91335978835979, 32.911706349206355, 32.91600529100529, 32.91302910052911, 32.90873015873016, 32.90542328042328, 32.90906084656085, 32.90972222222222, 32.90972222222222, 32.90873015873016, 32.913690476190474, 32.91269841269841, 32.914021164021165, 32.91468253968254, 32.91236772486773, 32.91335978835979, 32.916666666666664, 32.919973544973544, 32.9186507936508, 32.91798941798942, 32.92096560846561, 32.91931216931217, 32.92460317460318, 32.92162698412698, 32.920634920634924, 32.92427248677249, 32.9239417989418, 32.91931216931217, 32.91964285714286, 32.920304232804234, 32.92261904761905, 32.92294973544974, 32.919973544973544, 32.92162698412699, 32.91997354497355, 32.91501322751323, 32.9130291005291, 32.914682539682545, 32.91832010582011, 32.920634920634924, 32.9160052910053, 32.91633597883598, 32.91600529100529, 32.91501322751323, 32.914021164021165, 32.914682539682545, 32.91898148148148, 32.920304232804234, 32.91633597883598, 32.917328042328045, 32.920634920634924, 32.92195767195768, 32.91832010582011, 32.91898148148148, 32.91633597883598, 32.9103835978836, 32.91567460317461, 32.916666666666664, 32.91798941798942, 32.91468253968254, 32.9156746031746, 32.91236772486772, 32.90906084656085, 32.91005291005291, 32.91269841269841, 32.91203703703704, 32.914351851851855, 32.91435185185185, 32.9156746031746, 32.91335978835979, 32.91765873015873, 32.91534391534392, 32.91236772486773, 32.9130291005291, 32.913359788359784, 32.91269841269842, 32.91335978835979, 32.91468253968254, 32.914021164021165, 32.913690476190474, 32.913690476190474, 32.9103835978836, 32.91005291005291, 32.90707671957672, 32.90939153439153, 32.91170634920635, 32.9103835978836, 32.91071428571429, 32.911044973544975, 32.90839947089947, 32.910714285714285, 32.911375661375665, 32.91468253968254, 32.90972222222222, 32.907738095238095, 32.910714285714285, 32.91071428571429, 32.91501322751323, 32.91468253968254, 32.9156746031746, 32.91765873015873, 32.917328042328045, 32.91832010582011, 32.9130291005291, 32.91269841269841, 32.917328042328045, 32.92096560846561, 32.91633597883598, 32.916666666666664, 32.91203703703704, 32.90939153439154, 32.907738095238095, 32.911375661375665, 32.914351851851855, 32.9156746031746, 32.913690476190474, 32.9103835978836, 32.91203703703704, 32.91501322751323, 32.91501322751323, 32.91170634920635, 32.91335978835979, 32.91005291005291, 32.913690476190474, 32.91468253968254, 32.9186507936508, 32.914351851851855, 32.91203703703704, 32.91369047619048, 32.91170634920635, 32.91534391534391, 32.91931216931217, 32.9212962962963, 32.92096560846561, 32.91865079365079, 32.91567460317461, 32.917328042328045, 32.916997354497354, 32.91865079365079, 32.91633597883598, 32.91501322751323, 32.91170634920635, 32.91236772486772, 32.91170634920635, 32.91005291005291, 32.910714285714285, 32.913690476190474, 32.914351851851855, 32.91203703703704, 32.911044973544975, 32.90674603174603, 32.90839947089947, 32.904761904761905, 32.904761904761905, 32.90310846560846, 32.9021164021164, 32.90244708994709, 32.90343915343915, 32.90575396825397, 32.90906084656085, 32.911044973544975, 32.91170634920635, 32.91501322751323, 32.910714285714285, 32.908399470899475, 32.90674603174603, 32.910714285714285, 32.911044973544975, 32.910383597883595, 32.907738095238095, 32.90674603174603, 32.910714285714285, 32.91269841269841, 32.910714285714285, 32.90839947089947, 32.907407407407405, 32.908068783068785, 32.908068783068785, 32.908068783068785, 32.90542328042328, 32.90343915343916, 32.90310846560847, 32.904761904761905, 32.907738095238095, 32.90674603174603, 32.90608465608466, 32.904761904761905, 32.90608465608465, 32.90674603174603, 32.90839947089947, 32.90575396825397, 32.91236772486772, 32.90972222222222, 32.908399470899475, 32.90740740740741, 32.91137566137566, 32.90939153439153, 32.907738095238095, 32.911044973544975, 32.91236772486773, 32.908068783068785, 32.90707671957672, 32.907407407407405]",0.9036071962285026,0.9199417758369723,33,"[33, 33, 33, 33, 33, 33, 33, 33, 33, 33, 33, 33, 33, 33, 33, 33, 33, 33, 33, 33, 33, 33, 33, 33, 33, 33, 33, 33, 33, 33, 33, 33, 33, 33, 33, 33, 33, 33, 33, 33, 33, 33, 33, 33, 33, 33, 33, 33, 33, 33, 33, 33, 33, 33, 33, 33, 33, 33, 33, 33, 33, 33, 33, 33, 33, 33, 33, 33, 33, 33, 33, 33, 33, 33, 33, 33, 33, 33, 33, 33, 33, 33, 33, 33, 33, 33, 33, 33, 33, 33, 33, 33, 33, 33, 33, 33, 33, 33, 33, 33, 33, 33, 33, 33, 33, 33, 33, 33, 33, 33, 33, 33, 33, 33, 33, 33, 33, 33, 33, 33, 33, 33, 33, 33, 33, 33, 33, 33, 33, 33, 33, 33, 33, 33, 33, 33, 33, 33, 33, 33, 33, 33, 33, 33, 33, 33, 33, 33, 33, 33, 33, 33, 33, 33, 33, 33, 33, 33, 33, 33, 33, 33, 33, 33, 33, 33, 33, 33, 33, 33, 33, 33, 33, 33, 33, 33, 33, 33, 33, 33, 33, 33, 33, 33, 33, 33, 33, 33, 33, 33, 33, 33, 33, 33, 33, 33, 33, 33, 33, 33, 33, 33, 33, 33, 33, 33, 33, 33, 33, 33, 33, 33, 33, 33, 33, 33, 33, 33, 33, 33, 33, 33, 33, 33, 33, 33, 33, 33, 33, 33, 33, 33, 33, 33, 33, 33, 33, 33, 33, 33, 33, 33, 33, 33, 33, 33, 33, 33, 33, 33, 33, 33, 33, 33, 33, 33, 33, 33, 33, 33, 33, 33, 33, 33, 33, 33, 33, 33, 33, 33, 33, 33, 33, 33, 33, 33, 33, 33, 33, 33, 33, 33, 33, 33, 33, 33, 33, 33, 33, 33, 33, 33, 33, 33, 33, 33, 33, 33, 33, 33, 33, 33, 33, 33, 33, 33, 33, 33, 33, 33, 33, 33, 33, 33, 33, 33, 33, 33, 33, 33, 33, 33, 33, 33, 33, 33, 33, 33, 33, 33, 33, 33, 33, 33, 33, 33, 33, 33, 33, 33, 33, 33, 33, 33, 33]",345,"[0.43331432342529297, 0.40748435258865356, 0.40106627345085144, 0.3974805176258087, 0.3946099877357483, 0.3921858072280884, 0.39004239439964294, 0.38816168904304504, 0.386503130197525, 0.3849847912788391, 0.3836168944835663, 0.38235151767730713, 0.381201833486557, 0.3801109790802002, 0.37918582558631897, 0.3781907260417938, 0.37731465697288513, 0.3765486478805542, 0.3757685422897339, 0.37498703598976135, 0.37425345182418823, 0.3735980689525604, 0.37292271852493286, 0.37232300639152527, 0.37163448333740234, 0.3710339665412903, 0.37038323283195496, 0.369708776473999, 0.3691752254962921, 0.3685538172721863, 0.36798590421676636, 0.36741185188293457, 0.36678585410118103, 0.3661763668060303, 0.3656236231327057, 0.3651050329208374, 0.3644782602787018, 0.36393651366233826, 0.3633994162082672, 0.36280983686447144, 0.3622497320175171, 0.36174121499061584, 0.3611859083175659, 0.36058127880096436, 0.35998213291168213, 0.3594721853733063, 0.3589024245738983, 0.3582667112350464, 0.3577132821083069, 0.35714617371559143, 0.35657912492752075, 0.3560028374195099, 0.35544463992118835, 0.3549438416957855, 0.3543190658092499, 0.3537476658821106, 0.3532157838344574, 0.35262244939804077, 0.352019727230072, 0.35147929191589355, 0.35086578130722046, 0.3503371775150299, 0.34971117973327637, 0.3491789996623993, 0.34859490394592285, 0.34789416193962097, 0.34735867381095886, 0.3467978537082672, 0.3462064266204834, 0.34553176164627075, 0.3449249565601349, 0.34432297945022583, 0.34375229477882385, 0.3431017994880676, 0.3424759805202484, 0.3419293463230133, 0.3412138819694519, 0.34059906005859375, 0.3399814963340759, 0.3393052816390991, 0.3386658728122711, 0.33804404735565186, 0.33743083477020264, 0.3366723954677582, 0.33602210879325867, 0.33533918857574463, 0.3347252905368805, 0.3340085744857788, 0.33330467343330383, 0.33261993527412415, 0.3319239914417267, 0.33126968145370483, 0.3305550515651703, 0.3298477530479431, 0.32906752824783325, 0.3283242881298065, 0.3276253640651703, 0.3268730044364929, 0.32612696290016174, 0.32544270157814026, 0.3247048854827881, 0.32393547892570496, 0.3230939507484436, 0.3223652243614197, 0.3216002583503723, 0.3208719491958618, 0.3200687766075134, 0.3192504942417145, 0.31849825382232666, 0.3176555037498474, 0.3168788254261017, 0.31616029143333435, 0.31529244780540466, 0.31445881724357605, 0.3136107325553894, 0.31280964612960815, 0.3120119869709015, 0.31116434931755066, 0.3103441894054413, 0.30959179997444153, 0.3087438941001892, 0.30793705582618713, 0.30709442496299744, 0.30625149607658386, 0.3054429292678833, 0.3046312630176544, 0.30381765961647034, 0.30302056670188904, 0.302198588848114, 0.3014613389968872, 0.3006899952888489, 0.2999153137207031, 0.2990211844444275, 0.2982558310031891, 0.297421395778656, 0.296631783246994, 0.29585030674934387, 0.29513436555862427, 0.29433587193489075, 0.2936033010482788, 0.29283955693244934, 0.29213425517082214, 0.29136544466018677, 0.29062461853027344, 0.2899121940135956, 0.28925400972366333, 0.2885738015174866, 0.2878910005092621, 0.28718093037605286, 0.28654658794403076, 0.28592026233673096, 0.2852310836315155, 0.2845795750617981, 0.28389060497283936, 0.28328585624694824, 0.2826945185661316, 0.2820999026298523, 0.28147444128990173, 0.28088152408599854, 0.280305415391922, 0.27971121668815613, 0.2792630195617676, 0.2786518931388855, 0.2781292796134949, 0.2774546444416046, 0.2769630551338196, 0.27643054723739624, 0.27586954832077026, 0.27538466453552246, 0.2748427093029022, 0.2742695212364197, 0.2737230062484741, 0.273246169090271, 0.27279025316238403, 0.27235352993011475, 0.271904319524765, 0.2713463604450226, 0.2708316147327423, 0.2703886926174164, 0.26990440487861633, 0.2694162130355835, 0.26897239685058594, 0.26850083470344543, 0.2680720388889313, 0.2676663100719452, 0.2672560214996338, 0.2667787969112396, 0.2663344144821167, 0.2659341096878052, 0.2655152678489685, 0.26511844992637634, 0.2647207975387573, 0.26423749327659607, 0.2638188600540161, 0.2634549140930176, 0.2630503177642822, 0.2626578211784363, 0.26224857568740845, 0.2618230879306793, 0.261471688747406, 0.2609325051307678, 0.26060882210731506, 0.2601560950279236, 0.25974351167678833, 0.2594253718852997, 0.2590421438217163, 0.25874435901641846, 0.2583026587963104, 0.258022278547287, 0.257522851228714, 0.2571813464164734, 0.2568266987800598, 0.25648486614227295, 0.25613290071487427, 0.2557228207588196, 0.2554038166999817, 0.2549822926521301, 0.2546547055244446, 0.25429093837738037, 0.25396111607551575, 0.2536023259162903, 0.2533663511276245, 0.2529574930667877, 0.25252360105514526, 0.2522260546684265, 0.25185686349868774, 0.2515529990196228, 0.2511875629425049, 0.2507936954498291, 0.25054436922073364, 0.2501736879348755, 0.24986442923545837, 0.24944713711738586, 0.24916812777519226, 0.24873048067092896, 0.24845156073570251, 0.24806703627109528, 0.2476968914270401, 0.2473682165145874, 0.24717380106449127, 0.24692820012569427, 0.24657610058784485, 0.24613995850086212, 0.24583154916763306, 0.24546943604946136, 0.24517899751663208, 0.24501100182533264, 0.24471315741539001, 0.24439707398414612, 0.24399973452091217, 0.24383440613746643, 0.2433539628982544, 0.24298600852489471, 0.24272003769874573, 0.24243314564228058, 0.24223533272743225, 0.24190063774585724, 0.24172276258468628, 0.2413625717163086, 0.24107147753238678, 0.2406928390264511, 0.24058708548545837, 0.24030683934688568, 0.23992584645748138, 0.2396775633096695, 0.23947018384933472, 0.23905892670154572, 0.23871128261089325, 0.23854418098926544, 0.23820815980434418, 0.23789793252944946, 0.23765629529953003, 0.23733213543891907, 0.23701190948486328, 0.236777663230896, 0.23649126291275024, 0.23629911243915558, 0.2360595315694809, 0.23569566011428833, 0.23538148403167725, 0.23512279987335205, 0.23489215970039368, 0.2345479428768158, 0.2342892438173294, 0.23413585126399994, 0.23390063643455505, 0.23351508378982544, 0.23343315720558167, 0.23305360972881317, 0.2327924221754074, 0.23257535696029663, 0.23220762610435486, 0.23214134573936462, 0.2317662388086319, 0.23168981075286865, 0.23145239055156708, 0.23104587197303772, 0.23085619509220123, 0.23081901669502258, 0.23058244585990906, 0.2301665097475052, 0.2298697829246521, 0.22972603142261505, 0.22952625155448914, 0.22923538088798523, 0.22893907129764557, 0.2289191633462906, 0.22873574495315552, 0.22839932143688202, 0.22826561331748962, 0.22787611186504364, 0.22794824838638306, 0.22762638330459595, 0.22751247882843018, 0.22725798189640045, 0.2269584834575653, 0.22675321996212006, 0.22653797268867493, 0.22616583108901978, 0.22595788538455963, 0.22572945058345795, 0.22559085488319397, 0.2255813479423523, 0.22552703320980072, 0.22528088092803955, 0.22488711774349213, 0.22472375631332397, 0.22447450459003448, 0.22424130141735077, 0.2241070419549942, 0.22390694916248322, 0.2237718254327774, 0.22351409494876862, 0.22327418625354767, 0.2229297012090683, 0.222589373588562, 0.22278539836406708, 0.2228086292743683, 0.22245162725448608, 0.2222127467393875, 0.22209011018276215, 0.22186899185180664, 0.22164936363697052, 0.2215944528579712, 0.22140702605247498]",33.0,"[33.0, 33.0, 33.0, 33.0, 33.0, 33.0, 33.0, 33.0, 33.0, 33.0, 33.0, 33.0, 33.0, 33.0, 33.0, 33.0, 33.0, 33.0, 33.0, 33.0, 33.0, 33.0, 33.0, 33.0, 33.0, 33.0, 33.0, 33.0, 33.0, 33.0, 33.0, 33.0, 33.0, 33.0, 33.0, 33.0, 33.0, 33.0, 33.0, 33.0, 33.0, 33.0, 33.0, 33.0, 33.0, 33.0, 33.0, 33.0, 33.0, 33.0, 33.0, 33.0, 33.0, 33.0, 33.0, 33.0, 33.0, 33.0, 33.0, 33.0, 33.0, 33.0, 33.0, 33.0, 33.0, 33.0, 33.0, 33.0, 33.0, 33.0, 33.0, 33.0, 33.0, 33.0, 33.0, 33.0, 33.0, 33.0, 33.0, 33.0, 33.0, 33.0, 33.0, 33.0, 33.0, 33.0, 33.0, 33.0, 33.0, 33.0, 33.0, 33.0, 33.0, 33.0, 33.0, 33.0, 33.0, 33.0, 33.0, 33.0, 33.0, 33.0, 33.0, 33.0, 33.0, 33.0, 33.0, 33.0, 33.0, 33.0, 33.0, 33.0, 33.0, 33.0, 33.0, 33.0, 33.0, 33.0, 33.0, 33.0, 33.0, 33.0, 33.0, 33.0, 33.0, 33.0, 33.0, 33.0, 33.0, 33.0, 33.0, 33.0, 33.0, 33.0, 33.0, 33.0, 33.0, 33.0, 33.0, 33.0, 33.0, 33.0, 33.0, 33.0, 33.0, 33.0, 33.0, 33.0, 33.0, 33.0, 33.0, 33.0, 33.0, 33.0, 33.0, 33.0, 33.0, 33.0, 33.0, 33.0, 33.0, 33.0, 33.0, 33.0, 33.0, 33.0, 33.0, 33.0, 33.0, 33.0, 33.0, 33.0, 33.0, 33.0, 33.0, 33.0, 33.0, 33.0, 33.0, 33.0, 33.0, 33.0, 33.0, 33.0, 33.0, 33.0, 33.0, 33.0, 33.0, 33.0, 33.0, 33.0, 33.0, 33.0, 33.0, 33.0, 33.0, 33.0, 33.0, 33.0, 33.0, 33.0, 33.0, 33.0, 33.0, 33.0, 33.0, 33.0, 33.0, 33.0, 33.0, 33.0, 33.0, 33.0, 33.0, 33.0, 33.0, 33.0, 33.0, 33.0, 33.0, 33.0, 33.0, 33.0, 33.0, 33.0, 33.0, 33.0, 33.0, 33.0, 33.0, 33.0, 33.0, 33.0, 33.0, 33.0, 33.0, 33.0, 33.0, 33.0, 33.0, 33.0, 33.0, 33.0, 33.0, 33.0, 33.0, 33.0, 33.0, 33.0, 33.0, 33.0, 33.0, 33.0, 33.0, 33.0, 33.0, 33.0, 33.0, 33.0, 33.0, 33.0, 33.0, 33.0, 33.0, 33.0, 33.0, 33.0, 33.0, 33.0, 33.0, 33.0, 33.0, 33.0, 33.0, 33.0, 33.0, 33.0, 33.0, 33.0, 33.0, 33.0, 33.0, 33.0, 33.0, 33.0, 33.0, 33.0, 33.0, 33.0, 33.0, 33.0, 33.0, 33.0, 33.0, 33.0, 33.0, 33.0, 33.0, 33.0, 33.0, 33.0, 33.0, 33.0, 33.0, 33.0, 33.0, 33.0, 33.0, 33.0, 33.0, 33.0, 33.0, 33.0, 33.0, 33.0, 33.0, 33.0, 33.0, 33.0, 33.0, 33.0, 33.0, 33.0, 33.0, 33.0, 33.0, 33.0, 33.0, 33.0, 33.0, 33.0, 33.0, 33.0, 33.0, 33.0, 33.0, 33.0, 33.0, 33.0, 33.0, 33.0, 33.0, 33.0, 33.0]",COMPLETE
