,number,value,datetime_start,datetime_complete,duration,params_batch_size_scaler,params_constant_learning_rate,params_depth,params_epochs,params_kernel_l2,params_num_trees,params_temperature,user_attrs_accuracy_test,user_attrs_accuracy_valid,user_attrs_approximate_feature_sparsity,user_attrs_approximate_feature_sparsity_history,user_attrs_approximate_weight_sparsity,user_attrs_approximate_weight_sparsity_history,user_attrs_auc_test,user_attrs_auc_valid,user_attrs_feature_sparsity,user_attrs_feature_sparsity_history,user_attrs_num_epochs,user_attrs_val_loss_history,user_attrs_weight_sparsity,user_attrs_weight_sparsity_history,state
56,56,0.9359018948615887,2024-08-31 03:30:32.536113,2024-08-31 03:31:41.973693,0 days 00:01:09.437580,16,1.0409012593187956,3,460,0.08572021551710042,69,0.00010368585493157822,0.928,0.93875,29,"[33, 33, 33, 33, 33, 33, 33, 33, 33, 33, 33, 33, 33, 33, 33, 33, 33, 33, 33, 33, 33, 33, 33, 33, 33, 33, 33, 33, 33, 33, 33, 33, 33, 33, 33, 33, 33, 33, 33, 33, 33, 33, 33, 33, 33, 33, 33, 33, 33, 33, 33, 33, 33, 33, 33, 33, 33, 33, 33, 33, 33, 33, 33, 33, 33, 33, 33, 33, 33, 33, 33, 33, 33, 33, 33, 33, 33, 33, 33, 33, 33, 33, 33, 33, 33, 33, 33, 33, 33, 33, 33, 33, 33, 33, 33, 33, 32, 32, 32, 32, 32, 32, 32, 32, 32, 32, 32, 32, 32, 32, 32, 32, 32, 32, 32, 32, 32, 32, 32, 32, 32, 31, 31, 31, 31, 31, 31, 31, 31, 31, 31, 31, 31, 31, 31, 31, 31, 31, 31, 31, 31, 31, 31, 31, 31, 31, 31, 30, 30, 30, 30, 30, 30, 30, 30, 30, 30, 30, 30, 30, 30, 30, 30, 30, 30, 30, 30, 30, 30, 30, 30, 30, 30, 30, 30, 30, 30, 30, 30, 30, 30, 30, 30, 30, 30, 30, 30, 30, 30, 30, 30, 30, 30, 30, 30, 30, 30, 30, 30, 30, 30, 30, 30, 30, 30, 30, 30, 30, 30, 30, 30, 30, 30, 30, 30, 30, 30, 30, 30, 30, 30, 30, 30, 30, 30, 30, 30, 30, 30, 30, 30, 30, 30, 30, 30, 30, 30, 30, 30, 30, 30, 30, 30, 30, 30, 30, 30, 30, 30, 30, 30, 30, 30, 30, 30, 30, 30, 30, 30, 30, 30, 30, 30, 30, 30, 30, 30, 30, 30, 30, 30, 30, 30, 30, 30, 30, 30, 30, 30, 30, 30, 30, 30, 30, 30, 30, 30, 30, 30, 30, 30, 29, 29, 29, 29, 29, 29, 29, 29, 29, 29, 29, 29, 29, 29, 29, 29, 29, 29, 29, 29, 29, 29, 29, 29, 29, 29, 29, 29, 29, 29, 29, 29, 29, 29, 29, 29, 29, 29, 29, 29, 29, 29, 29, 29, 29, 29, 29, 29, 29, 29, 29, 29, 29, 29, 29, 29, 29, 29, 29, 29, 29, 29, 29, 29, 29, 29, 29, 29, 29, 29, 29, 29, 29, 29, 29, 29, 29, 29, 29, 29, 29, 29, 29, 29, 29, 29, 29, 29, 29, 29, 29, 29, 29, 29, 29, 29, 29, 29, 29, 29, 29, 29, 29, 29, 29, 29, 29, 29, 29, 29, 29, 29, 29, 29, 29, 29, 29, 29, 29, 29, 29, 29, 29, 29, 29, 29, 29, 29, 29, 29, 29, 29, 29, 29, 29, 29, 29, 29, 29, 29, 29, 29, 29, 29, 29, 29, 29, 29, 29, 29, 29, 29, 29, 29, 29, 29, 29, 29, 29, 29, 29, 29, 29, 29, 29, 29, 29, 29, 29]",28.865424430641824,"[32.958592132505174, 32.97308488612836, 32.97929606625259, 32.97722567287785, 32.971014492753625, 32.97722567287784, 32.975155279503106, 32.97101449275362, 32.98343685300207, 32.98550724637681, 32.97929606625259, 32.971014492753625, 32.958592132505174, 32.975155279503106, 32.97101449275362, 32.971014492753625, 32.96687370600414, 32.97722567287785, 32.971014492753625, 32.97929606625259, 32.97722567287784, 32.96273291925466, 32.96480331262939, 32.95652173913044, 32.96687370600414, 32.962732919254655, 32.97929606625259, 32.971014492753625, 32.97929606625259, 32.97929606625259, 32.96894409937888, 32.962732919254655, 32.9648033126294, 32.95652173913043, 32.96894409937888, 32.95445134575569, 32.958592132505174, 32.96894409937888, 32.95652173913043, 32.95031055900621, 32.95445134575569, 32.962732919254655, 32.96894409937888, 32.95652173913043, 32.971014492753625, 32.96894409937888, 32.96894409937888, 32.971014492753625, 32.96687370600414, 32.95445134575569, 32.97308488612836, 32.958592132505174, 32.95652173913044, 32.96066252587991, 32.97101449275362, 32.9648033126294, 32.962732919254655, 32.96894409937888, 32.96894409937888, 32.97722567287785, 32.97929606625259, 32.971014492753625, 32.96066252587992, 32.9648033126294, 32.97308488612836, 32.96894409937888, 32.966873706004144, 32.97101449275362, 32.97308488612836, 32.96066252587991, 32.97308488612836, 32.97308488612836, 32.958592132505174, 32.962732919254655, 32.96066252587992, 32.97308488612836, 32.975155279503106, 32.971014492753625, 32.962732919254655, 32.98343685300207, 32.96894409937888, 32.958592132505174, 32.971014492753625, 32.958592132505174, 32.95652173913044, 32.958592132505174, 32.958592132505174, 32.97101449275362, 32.975155279503106, 32.95238095238095, 32.96894409937888, 32.96066252587991, 32.96687370600414, 32.96066252587991, 32.95652173913044, 32.95445134575569, 31.958592132505174, 31.971014492753625, 31.973084886128365, 31.96687370600414, 31.95445134575569, 31.956521739130434, 31.964803312629396, 31.954451345755693, 31.973084886128362, 31.96894409937888, 31.973084886128362, 31.971014492753625, 31.958592132505174, 31.942028985507246, 31.96894409937888, 31.966873706004137, 31.9648033126294, 31.96273291925466, 31.958592132505178, 31.97101449275362, 31.96066252587992, 31.954451345755693, 31.975155279503102, 31.958592132505178, 31.97101449275362, 30.939958592132506, 30.956521739130434, 30.952380952380953, 30.939958592132506, 30.946169772256727, 30.958592132505174, 30.944099378881987, 30.96687370600414, 30.956521739130437, 30.975155279503106, 30.968944099378884, 30.960662525879915, 30.94616977225673, 30.96273291925466, 30.9648033126294, 30.96687370600414, 30.958592132505174, 30.95238095238095, 30.96894409937888, 30.956521739130434, 30.962732919254655, 30.950310559006212, 30.958592132505174, 30.954451345755693, 30.960662525879915, 30.958592132505174, 29.94616977225673, 29.958592132505174, 29.958592132505174, 29.96894409937888, 29.96894409937888, 29.958592132505174, 29.956521739130434, 29.973084886128362, 29.954451345755693, 29.95445134575569, 29.9648033126294, 29.946169772256727, 29.956521739130434, 29.937888198757765, 29.954451345755693, 29.958592132505174, 29.952380952380953, 29.952380952380953, 29.962732919254655, 29.958592132505174, 29.96687370600414, 29.9648033126294, 29.95238095238095, 29.958592132505174, 29.942028985507243, 29.960662525879915, 29.96066252587992, 29.950310559006212, 29.973084886128365, 29.956521739130437, 29.96273291925466, 29.952380952380953, 29.952380952380956, 29.94824016563147, 29.933747412008284, 29.962732919254655, 29.950310559006212, 29.952380952380953, 29.94616977225673, 29.948240165631468, 29.942028985507246, 29.96687370600414, 29.946169772256727, 29.937888198757765, 29.937888198757765, 29.952380952380953, 29.96066252587992, 29.958592132505174, 29.97101449275362, 29.95031055900621, 29.9648033126294, 29.958592132505174, 29.9648033126294, 29.975155279503106, 29.96894409937888, 29.958592132505174, 29.950310559006212, 29.93374741200828, 29.942028985507246, 29.94824016563147, 29.950310559006212, 29.948240165631468, 29.939958592132506, 29.93788819875776, 29.939958592132506, 29.958592132505174, 29.952380952380953, 29.946169772256727, 29.948240165631468, 29.950310559006212, 29.939958592132506, 29.960662525879915, 29.93581780538302, 29.962732919254655, 29.956521739130434, 29.954451345755693, 29.96687370600414, 29.96273291925466, 29.948240165631468, 29.946169772256727, 29.948240165631468, 29.9648033126294, 29.954451345755693, 29.950310559006212, 29.96066252587992, 29.956521739130434, 29.94409937888199, 29.937888198757765, 29.954451345755693, 29.939958592132506, 29.950310559006212, 29.956521739130434, 29.942028985507246, 29.950310559006212, 29.948240165631468, 29.962732919254655, 29.9648033126294, 29.950310559006212, 29.937888198757765, 29.95031055900621, 29.9296066252588, 29.931677018633536, 29.946169772256727, 29.94824016563147, 29.93167701863354, 29.93167701863354, 29.958592132505174, 29.950310559006212, 29.93581780538302, 29.93788819875776, 29.94202898550725, 29.954451345755693, 29.944099378881987, 29.94616977225673, 29.958592132505174, 29.958592132505174, 29.960662525879915, 29.956521739130437, 29.958592132505174, 29.9648033126294, 29.954451345755697, 29.948240165631468, 29.962732919254655, 29.944099378881987, 29.93581780538302, 29.923395445134574, 29.948240165631468, 29.93374741200828, 29.931677018633536, 29.93167701863354, 29.93374741200828, 29.93788819875776, 29.9296066252588, 29.935817805383024, 29.925465838509318, 29.93374741200828, 29.92753623188406, 29.93788819875776, 29.94409937888199, 29.929606625258803, 29.948240165631468, 29.939958592132506, 29.917184265010352, 29.935817805383024, 28.933747412008284, 28.93374741200828, 28.937888198757765, 28.917184265010352, 28.921325051759833, 28.923395445134574, 28.919254658385093, 28.942028985507243, 28.927536231884055, 28.946169772256727, 28.93581780538302, 28.93788819875776, 28.93581780538302, 28.919254658385093, 28.93374741200828, 28.919254658385093, 28.93788819875776, 28.925465838509318, 28.925465838509314, 28.94616977225673, 28.95238095238095, 28.942028985507243, 28.946169772256727, 28.94616977225673, 28.952380952380953, 28.937888198757765, 28.94824016563147, 28.92132505175983, 28.923395445134574, 28.935817805383024, 28.939958592132506, 28.9296066252588, 28.93581780538302, 28.921325051759833, 28.931677018633543, 28.944099378881987, 28.939958592132506, 28.931677018633543, 28.93167701863354, 28.942028985507246, 28.93581780538302, 28.935817805383024, 28.93167701863354, 28.921325051759833, 28.93581780538302, 28.9296066252588, 28.935817805383024, 28.939958592132506, 28.9296066252588, 28.944099378881987, 28.94202898550725, 28.925465838509314, 28.925465838509318, 28.93167701863354, 28.917184265010352, 28.908902691511386, 28.923395445134574, 28.923395445134574, 28.929606625258796, 28.923395445134574, 28.9047619047619, 28.906832298136642, 28.92753623188406, 28.89855072463768, 28.8944099378882, 28.921325051759837, 28.921325051759833, 28.90269151138716, 28.904761904761905, 28.915113871635608, 28.937888198757765, 28.906832298136646, 28.919254658385093, 28.900621118012424, 28.91511387163561, 28.915113871635608, 28.923395445134577, 28.91511387163561, 28.906832298136642, 28.90890269151139, 28.888198757763973, 28.904761904761905, 28.90683229813665, 28.91718426501035, 28.906832298136646, 28.8944099378882, 28.90683229813665, 28.906832298136646, 28.91304347826087, 28.92132505175983, 28.917184265010352, 28.923395445134577, 28.921325051759833, 28.921325051759833, 28.917184265010352, 28.917184265010352, 28.925465838509318, 28.93167701863354, 28.91718426501035, 28.8944099378882, 28.904761904761905, 28.919254658385093, 28.917184265010352, 28.91718426501035, 28.91304347826087, 28.923395445134577, 28.93581780538302, 28.93581780538302, 28.91718426501035, 28.919254658385093, 28.902691511387165, 28.91718426501035, 28.917184265010356, 28.913043478260867, 28.908902691511386, 28.90269151138716, 28.923395445134577, 28.902691511387165, 28.90890269151139, 28.89648033126294, 28.892339544513458, 28.915113871635608, 28.919254658385093, 28.892339544513458, 28.921325051759833, 28.892339544513458, 28.91304347826087, 28.919254658385096, 28.919254658385093, 28.910973084886127, 28.8944099378882, 28.913043478260867, 28.917184265010352, 28.89855072463768, 28.902691511387165, 28.884057971014492, 28.869565217391305, 28.90269151138716, 28.888198757763977, 28.900621118012424, 28.888198757763973, 28.877846790890267, 28.87991718426501, 28.8944099378882, 28.869565217391305, 28.871635610766045, 28.8944099378882, 28.88198757763975, 28.892339544513458, 28.871635610766045, 28.884057971014492, 28.877846790890267, 28.888198757763973, 28.881987577639748, 28.871635610766045, 28.869565217391305, 28.88198757763975, 28.87163561076605, 28.859213250517602, 28.881987577639748, 28.853002070393376, 28.875776397515526, 28.86542443064182, 28.873706004140786, 28.857142857142854, 28.86749482401656, 28.861283643892335, 28.881987577639748, 28.865424430641824]",0.9007587579157689,0.9359018948615887,29,"[33, 33, 33, 33, 33, 33, 33, 33, 33, 33, 33, 33, 33, 33, 33, 33, 33, 33, 33, 33, 33, 33, 33, 33, 33, 33, 33, 33, 33, 33, 33, 33, 33, 33, 33, 33, 33, 33, 33, 33, 33, 33, 33, 33, 33, 33, 33, 33, 33, 33, 33, 33, 33, 33, 33, 33, 33, 33, 33, 33, 33, 33, 33, 33, 33, 33, 33, 33, 33, 33, 33, 33, 33, 33, 33, 33, 33, 33, 33, 33, 33, 33, 33, 33, 33, 33, 33, 33, 33, 33, 33, 33, 33, 33, 33, 33, 32, 32, 32, 32, 32, 32, 32, 32, 32, 32, 32, 32, 32, 32, 32, 32, 32, 32, 32, 32, 32, 32, 32, 32, 32, 31, 31, 31, 31, 31, 31, 31, 31, 31, 31, 31, 31, 31, 31, 31, 31, 31, 31, 31, 31, 31, 31, 31, 31, 31, 31, 30, 30, 30, 30, 30, 30, 30, 30, 30, 30, 30, 30, 30, 30, 30, 30, 30, 30, 30, 30, 30, 30, 30, 30, 30, 30, 30, 30, 30, 30, 30, 30, 30, 30, 30, 30, 30, 30, 30, 30, 30, 30, 30, 30, 30, 30, 30, 30, 30, 30, 30, 30, 30, 30, 30, 30, 30, 30, 30, 30, 30, 30, 30, 30, 30, 30, 30, 30, 30, 30, 30, 30, 30, 30, 30, 30, 30, 30, 30, 30, 30, 30, 30, 30, 30, 30, 30, 30, 30, 30, 30, 30, 30, 30, 30, 30, 30, 30, 30, 30, 30, 30, 30, 30, 30, 30, 30, 30, 30, 30, 30, 30, 30, 30, 30, 30, 30, 30, 30, 30, 30, 30, 30, 30, 30, 30, 30, 30, 30, 30, 30, 30, 30, 30, 30, 30, 30, 30, 30, 30, 30, 30, 30, 30, 29, 29, 29, 29, 29, 29, 29, 29, 29, 29, 29, 29, 29, 29, 29, 29, 29, 29, 29, 29, 29, 29, 29, 29, 29, 29, 29, 29, 29, 29, 29, 29, 29, 29, 29, 29, 29, 29, 29, 29, 29, 29, 29, 29, 29, 29, 29, 29, 29, 29, 29, 29, 29, 29, 29, 29, 29, 29, 29, 29, 29, 29, 29, 29, 29, 29, 29, 29, 29, 29, 29, 29, 29, 29, 29, 29, 29, 29, 29, 29, 29, 29, 29, 29, 29, 29, 29, 29, 29, 29, 29, 29, 29, 29, 29, 29, 29, 29, 29, 29, 29, 29, 29, 29, 29, 29, 29, 29, 29, 29, 29, 29, 29, 29, 29, 29, 29, 29, 29, 29, 29, 29, 29, 29, 29, 29, 29, 29, 29, 29, 29, 29, 29, 29, 29, 29, 29, 29, 29, 29, 29, 29, 29, 29, 29, 29, 29, 29, 29, 29, 29, 29, 29, 29, 29, 29, 29, 29, 29, 29, 29, 29, 29, 29, 29, 29, 29, 29, 29]",460,"[0.5248315930366516, 0.43307995796203613, 0.3806811571121216, 0.36222460865974426, 0.4134788513183594, 0.3724992275238037, 0.3597415089607239, 0.3376673758029938, 0.32871490716934204, 0.34046146273612976, 0.31446459889411926, 0.31141600012779236, 0.3075026571750641, 0.3314661383628845, 0.3052087128162384, 0.297291100025177, 0.286765456199646, 0.2758725583553314, 0.28141698241233826, 0.2669098377227783, 0.26497185230255127, 0.27556419372558594, 0.2580588161945343, 0.2529539167881012, 0.25588664412498474, 0.26415199041366577, 0.2477588802576065, 0.24103063344955444, 0.2531493902206421, 0.24456192553043365, 0.2613963782787323, 0.2739070653915405, 0.23593971133232117, 0.23993709683418274, 0.23419728875160217, 0.22686612606048584, 0.22859537601470947, 0.2202983796596527, 0.23187124729156494, 0.22208745777606964, 0.22124429047107697, 0.22813652455806732, 0.22341229021549225, 0.2278805375099182, 0.22137470543384552, 0.21769937872886658, 0.23489780724048615, 0.2131078839302063, 0.21902304887771606, 0.21747617423534393, 0.21544833481311798, 0.20796483755111694, 0.21293489634990692, 0.2184949815273285, 0.20737366378307343, 0.20951706171035767, 0.20674796402454376, 0.20869818329811096, 0.2019885629415512, 0.2145116776227951, 0.20578151941299438, 0.20268979668617249, 0.21628838777542114, 0.21051357686519623, 0.2059149593114853, 0.20369136333465576, 0.23187772929668427, 0.2061057835817337, 0.21133697032928467, 0.20379923284053802, 0.20656321942806244, 0.20152433216571808, 0.2171313315629959, 0.21828071773052216, 0.20290853083133698, 0.20700211822986603, 0.20384299755096436, 0.1983986347913742, 0.1994709074497223, 0.20669689774513245, 0.21526220440864563, 0.209294855594635, 0.20439162850379944, 0.20271021127700806, 0.21493518352508545, 0.2223261594772339, 0.20047453045845032, 0.20018096268177032, 0.19897043704986572, 0.21049201488494873, 0.21227583289146423, 0.20815806090831757, 0.22318629920482635, 0.20666919648647308, 0.2004832774400711, 0.20304474234580994, 0.19553878903388977, 0.24075299501419067, 0.1940780133008957, 0.2070101946592331, 0.2069045603275299, 0.1925140917301178, 0.19893962144851685, 0.19651152193546295, 0.19654390215873718, 0.1973574459552765, 0.19632263481616974, 0.19344227015972137, 0.20701488852500916, 0.2339777797460556, 0.20368222892284393, 0.20743511617183685, 0.1938667893409729, 0.1916886270046234, 0.19179695844650269, 0.19142892956733704, 0.19275687634944916, 0.19356884062290192, 0.1982729285955429, 0.21517449617385864, 0.1978364735841751, 0.19530925154685974, 0.19323153793811798, 0.19638259708881378, 0.20552055537700653, 0.20269177854061127, 0.2016983926296234, 0.19274967908859253, 0.191552072763443, 0.19027160108089447, 0.19254787266254425, 0.19358240067958832, 0.20150327682495117, 0.1992575228214264, 0.18834258615970612, 0.2173350751399994, 0.21936354041099548, 0.20397906005382538, 0.18940198421478271, 0.18952296674251556, 0.18994542956352234, 0.19396477937698364, 0.18895532190799713, 0.19218410551548004, 0.19298702478408813, 0.189934641122818, 0.19801543653011322, 0.19428977370262146, 0.1943516731262207, 0.19660913944244385, 0.1904318630695343, 0.18553780019283295, 0.18889707326889038, 0.1847052425146103, 0.19794729351997375, 0.21141290664672852, 0.19553130865097046, 0.1872558444738388, 0.18973025679588318, 0.19485807418823242, 0.19392290711402893, 0.19198068976402283, 0.18903887271881104, 0.20275406539440155, 0.18850675225257874, 0.18942001461982727, 0.19574937224388123, 0.2326596975326538, 0.18586798012256622, 0.18929070234298706, 0.2090982049703598, 0.19483797252178192, 0.19303803145885468, 0.19949327409267426, 0.19262927770614624, 0.19068539142608643, 0.18730109930038452, 0.20039236545562744, 0.19698277115821838, 0.1856750100851059, 0.24865376949310303, 0.189850851893425, 0.21037960052490234, 0.19504888355731964, 0.19816730916500092, 0.1975521296262741, 0.2120218425989151, 0.19228710234165192, 0.203214630484581, 0.19894279539585114, 0.1874726265668869, 0.1935364156961441, 0.19181978702545166, 0.19014345109462738, 0.20870541036128998, 0.21540725231170654, 0.20660126209259033, 0.20463526248931885, 0.2033042311668396, 0.1955360472202301, 0.1899832785129547, 0.18925519287586212, 0.22234289348125458, 0.19534477591514587, 0.19747495651245117, 0.20406705141067505, 0.21606120467185974, 0.1971193104982376, 0.19313909113407135, 0.1940435916185379, 0.1966685652732849, 0.20188428461551666, 0.19659194350242615, 0.2014385163784027, 0.19405043125152588, 0.20094026625156403, 0.1977548599243164, 0.21314845979213715, 0.19445045292377472, 0.19961875677108765, 0.19882120192050934, 0.19912134110927582, 0.2644641101360321, 0.2009890228509903, 0.20231467485427856, 0.1946098357439041, 0.21770687401294708, 0.20431096851825714, 0.19392772018909454, 0.20538929104804993, 0.20021751523017883, 0.20125418901443481, 0.20035582780838013, 0.19926896691322327, 0.21305963397026062, 0.20148640871047974, 0.20014947652816772, 0.20358243584632874, 0.20748589932918549, 0.21989761292934418, 0.20384196937084198, 0.1996084749698639, 0.2257617712020874, 0.20303195714950562, 0.20351360738277435, 0.20895074307918549, 0.20926231145858765, 0.2067393809556961, 0.20420044660568237, 0.20509880781173706, 0.22906441986560822, 0.2089342325925827, 0.20977558195590973, 0.20887362957000732, 0.19949272274971008, 0.20335987210273743, 0.20750150084495544, 0.20258916914463043, 0.2115933746099472, 0.20499113202095032, 0.21922679245471954, 0.2104649692773819, 0.20720911026000977, 0.21317610144615173, 0.20730213820934296, 0.2093806266784668, 0.21127444505691528, 0.2039661407470703, 0.2145860493183136, 0.22227948904037476, 0.2084960788488388, 0.20846423506736755, 0.22078223526477814, 0.22132790088653564, 0.2152870148420334, 0.21354591846466064, 0.20855370163917542, 0.24743473529815674, 0.21165189146995544, 0.22646956145763397, 0.21568074822425842, 0.2122366726398468, 0.2155926674604416, 0.2094409167766571, 0.20579679310321808, 0.21670778095722198, 0.21084082126617432, 0.2099473774433136, 0.21402905881404877, 0.21366889774799347, 0.21656841039657593, 0.2238277941942215, 0.22203750908374786, 0.2314848154783249, 0.21468965709209442, 0.22269529104232788, 0.2156546264886856, 0.2184564620256424, 0.2158699780702591, 0.2182554453611374, 0.22170481085777283, 0.22207807004451752, 0.22138723731040955, 0.212724506855011, 0.23027116060256958, 0.22680936753749847, 0.23161581158638, 0.2216918170452118, 0.23588624596595764, 0.22530323266983032, 0.21912376582622528, 0.22463348507881165, 0.23283569514751434, 0.2259717434644699, 0.228537917137146, 0.21860049664974213, 0.23298844695091248, 0.2200862169265747, 0.23874574899673462, 0.22235359251499176, 0.2247236669063568, 0.2474321871995926, 0.23419739305973053, 0.22772422432899475, 0.23877625167369843, 0.23156657814979553, 0.2257004678249359, 0.22202418744564056, 0.23422077298164368, 0.2283506840467453, 0.2391221821308136, 0.23435170948505402, 0.22722239792346954, 0.22534886002540588, 0.23090527951717377, 0.22951048612594604, 0.24717815220355988, 0.22524920105934143, 0.2398117184638977, 0.22601595520973206, 0.22731108963489532, 0.22774240374565125, 0.2327192723751068, 0.23767493665218353, 0.24054576456546783, 0.23511934280395508, 0.22588638961315155, 0.22625677287578583, 0.2358834594488144, 0.23308207094669342, 0.24735412001609802, 0.23067310452461243, 0.22588878870010376, 0.23904268443584442, 0.23523233830928802, 0.22826476395130157, 0.2279360145330429, 0.23157884180545807, 0.24865591526031494, 0.24120718240737915, 0.23285549879074097, 0.24091972410678864, 0.23882293701171875, 0.23658140003681183, 0.23935876786708832, 0.2291620969772339, 0.23347733914852142, 0.24460500478744507, 0.2649492621421814, 0.250402569770813, 0.2426508367061615, 0.23958657681941986, 0.232759490609169, 0.2613363265991211, 0.2650851309299469, 0.2489539533853531, 0.2552272081375122, 0.24203839898109436, 0.23663130402565002, 0.2390936315059662, 0.28367650508880615, 0.23697417974472046, 0.24845264852046967, 0.23290443420410156, 0.23894448578357697, 0.2587186098098755, 0.24066674709320068, 0.24579615890979767, 0.24266044795513153, 0.24426454305648804, 0.24961164593696594, 0.2584695518016815, 0.24658697843551636, 0.2432255893945694, 0.24202708899974823, 0.24507883191108704, 0.23979689180850983, 0.2432689666748047, 0.24859032034873962, 0.2718379497528076, 0.249642014503479, 0.24566632509231567, 0.2505415976047516, 0.25024932622909546, 0.24595852196216583, 0.252125084400177, 0.2696322202682495, 0.24375151097774506, 0