,number,value,datetime_start,datetime_complete,duration,params_batch_size_scaler,params_constant_learning_rate,params_depth,params_epochs,params_kernel_l2,params_num_trees,params_temperature,user_attrs_accuracy_test,user_attrs_accuracy_valid,user_attrs_approximate_feature_sparsity,user_attrs_approximate_feature_sparsity_history,user_attrs_approximate_weight_sparsity,user_attrs_approximate_weight_sparsity_history,user_attrs_auc_test,user_attrs_auc_valid,user_attrs_feature_sparsity,user_attrs_feature_sparsity_history,user_attrs_num_epochs,user_attrs_val_loss_history,user_attrs_weight_sparsity,user_attrs_weight_sparsity_history,state
116,116,0.9341371359379631,2024-08-31 05:47:47.614397,2024-08-31 05:57:51.341681,0 days 00:10:03.727284,1,0.038154283516308625,4,345,0.02973924124498348,83,0.00018387430479466208,0.95,0.95,33,"[33, 33, 33, 33, 33, 33, 33, 33, 33, 33, 33, 33, 33, 33, 33, 33, 33, 33, 33, 33, 33, 33, 33, 33, 33, 33, 33, 33, 33, 33, 33, 33, 33, 33, 33, 33, 33, 33, 33, 33, 33, 33, 33, 33, 33, 33, 33, 33, 33, 33, 33, 33, 33, 33, 33, 33, 33, 33, 33, 33, 33, 33, 33, 33, 33, 33, 33, 33, 33, 33, 33, 33, 33, 33, 33, 33, 33, 33, 33, 33, 33, 33, 33, 33, 33, 33, 33, 33, 33, 33, 33, 33, 33, 33, 33, 33, 33, 33, 33, 33, 33, 33, 33, 33, 33, 33, 33, 33, 33, 33, 33, 33, 33, 33, 33, 33, 33, 33, 33, 33, 33, 33, 33, 33, 33, 33, 33, 33, 33, 33, 33, 33, 33, 33, 33, 33, 33, 33, 33, 33, 33, 33, 33, 33, 33, 33, 33, 33, 33, 33, 33, 33, 33, 33, 33, 33, 33, 33, 33, 33, 33, 33, 33, 33, 33, 33, 33, 33, 33, 33, 33, 33, 33, 33, 33, 33, 33, 33, 33, 33, 33, 33, 33, 33, 33, 33, 33, 33, 33, 33, 33, 33, 33, 33, 33, 33, 33, 33, 33, 33, 33, 33, 33, 33, 33, 33, 33, 33, 33, 33, 33, 33, 33, 33, 33, 33, 33, 33, 33, 33, 33, 33, 33, 33, 33, 33, 33, 33, 33, 33, 33, 33, 33, 33, 33, 33, 33, 33, 33, 33, 33, 33, 33, 33, 33, 33, 33, 33, 33, 33, 33, 33, 33, 33, 33, 33, 33, 33, 33, 33, 33, 33, 33, 33, 33, 33, 33, 33, 33, 33, 33, 33, 33, 33, 33, 33, 33, 33, 33, 33, 33, 33, 33, 33, 33, 33, 33, 33, 33, 33, 33, 33, 33, 33, 33, 33, 33, 33, 33, 33, 33, 33, 33, 33, 33, 33, 33, 33, 33, 33, 33, 33, 33, 33, 33, 33, 33, 33, 33, 33, 33, 33, 33, 33, 33, 33, 33, 33, 33, 33, 33, 33, 33, 33, 33, 33, 33, 33, 33, 33, 33, 33, 33, 33, 33]",32.95582329317269,"[32.94939759036145, 32.94457831325301, 32.956626506024094, 32.95502008032128, 32.94618473895582, 32.9429718875502, 32.93734939759036, 32.95020080321285, 32.94779116465863, 32.952610441767064, 32.95502008032128, 32.94939759036144, 32.95341365461847, 32.94779116465863, 32.95983935742972, 32.94859437751004, 32.95100401606425, 32.95502008032129, 32.94939759036144, 32.93975903614458, 32.94939759036145, 32.94538152610442, 32.95341365461847, 32.952610441767064, 32.94698795180723, 32.95100401606425, 32.94939759036144, 32.94457831325301, 32.95100401606425, 32.95421686746988, 32.95421686746988, 32.95341365461847, 32.956626506024094, 32.95020080321285, 32.94779116465863, 32.956626506024094, 32.95421686746988, 32.95180722891566, 32.95261044176707, 32.94939759036145, 32.95582329317269, 32.95582329317269, 32.95421686746988, 32.95341365461847, 32.95903614457831, 32.95020080321285, 32.94939759036145, 32.94779116465863, 32.94939759036144, 32.94698795180723, 32.954216867469874, 32.95100401606425, 32.9429718875502, 32.956626506024094, 32.95421686746988, 32.9574297188755, 32.960642570281124, 32.96305220883534, 32.95903614457831, 32.958232931726904, 32.95582329317269, 32.959839357429715, 32.954216867469874, 32.962248995983934, 32.959839357429715, 32.9574297188755, 32.95903614457831, 32.96465863453815, 32.956626506024094, 32.95341365461847, 32.955823293172685, 32.957429718875495, 32.96144578313253, 32.95903614457831, 32.962248995983934, 32.967068273092366, 32.96305220883534, 32.961445783132525, 32.9574297188755, 32.957429718875495, 32.95341365461847, 32.95421686746988, 32.95582329317269, 32.95582329317269, 32.95180722891566, 32.93654618473896, 32.94859437751004, 32.95020080321285, 32.9566265060241, 32.95983935742972, 32.95823293172691, 32.96305220883534, 32.94939759036145, 32.95180722891566, 32.94939759036144, 32.952610441767064, 32.952610441767064, 32.95020080321285, 32.95180722891566, 32.9574297188755, 32.959839357429715, 32.956626506024094, 32.95582329317269, 32.950200803212844, 32.958232931726904, 32.954216867469874, 32.959839357429715, 32.95020080321285, 32.95502008032128, 32.94779116465863, 32.95020080321285, 32.95421686746988, 32.95502008032128, 32.95261044176707, 32.94538152610442, 32.94779116465863, 32.95100401606425, 32.94698795180723, 32.95100401606426, 32.95020080321285, 32.95100401606425, 32.956626506024094, 32.95983935742972, 32.94698795180723, 32.956626506024094, 32.95341365461847, 32.95020080321285, 32.94779116465864, 32.95180722891566, 32.95180722891566, 32.9574297188755, 32.95823293172691, 32.959839357429715, 32.95421686746988, 32.960642570281124, 32.95823293172691, 32.960642570281124, 32.964658634538154, 32.96305220883534, 32.96144578313253, 32.961445783132525, 32.95180722891566, 32.954216867469874, 32.95421686746988, 32.95261044176707, 32.966265060240964, 32.95502008032128, 32.958232931726904, 32.95341365461847, 32.95020080321285, 32.94698795180722, 32.94779116465863, 32.94859437751004, 32.94698795180723, 32.958232931726904, 32.95100401606425, 32.94939759036144, 32.94939759036144, 32.95180722891566, 32.95100401606426, 32.9574297188755, 32.95502008032128, 32.95502008032128, 32.95020080321285, 32.958232931726904, 32.962248995983934, 32.958232931726904, 32.962248995983934, 32.96867469879518, 32.967068273092366, 32.959839357429715, 32.965461847389555, 32.967068273092366, 32.963052208835336, 32.963855421686745, 32.960642570281124, 32.95341365461847, 32.94939759036145, 32.94618473895582, 32.94538152610441, 32.94457831325301, 32.95020080321285, 32.948594377510034, 32.9429718875502, 32.94056224899598, 32.94538152610442, 32.94538152610442, 32.94698795180723, 32.9429718875502, 32.954216867469874, 32.95502008032129, 32.960642570281124, 32.94939759036144, 32.94859437751004, 32.95020080321285, 32.956626506024094, 32.95100401606425, 32.952610441767064, 32.952610441767064, 32.95100401606425, 32.95903614457831, 32.952610441767064, 32.94859437751004, 32.95823293172691, 32.95502008032128, 32.955823293172685, 32.95261044176707, 32.95582329317269, 32.9574297188755, 32.960642570281124, 32.95903614457831, 32.95502008032128, 32.94939759036145, 32.94939759036144, 32.95100401606425, 32.9429718875502, 32.95100401606425, 32.94859437751004, 32.96144578313253, 32.95582329317269, 32.95903614457831, 32.96144578313253, 32.95180722891566, 32.95020080321285, 32.955823293172685, 32.95020080321285, 32.94538152610441, 32.94618473895582, 32.95100401606426, 32.95502008032128, 32.94779116465864, 32.95261044176707, 32.952610441767064, 32.9574297188755, 32.95582329317269, 32.95502008032128, 32.956626506024094, 32.95421686746988, 32.9574297188755, 32.94859437751004, 32.95020080321285, 32.94779116465863, 32.956626506024094, 32.94618473895582, 32.94939759036144, 32.95582329317269, 32.954216867469874, 32.95502008032128, 32.956626506024094, 32.95180722891566, 32.94779116465864, 32.95502008032128, 32.95421686746988, 32.95502008032128, 32.960642570281124, 32.959839357429715, 32.9574297188755, 32.960642570281124, 32.95983935742972, 32.960642570281124, 32.959839357429715, 32.9574297188755, 32.95582329317269, 32.959839357429715, 32.95100401606425, 32.959839357429715, 32.959839357429715, 32.96224899598394, 32.959839357429715, 32.958232931726904, 32.966265060240964, 32.96305220883534, 32.963855421686745, 32.959839357429715, 32.963052208835336, 32.963855421686745, 32.962248995983934, 32.9574297188755, 32.961445783132525, 32.95903614457831, 32.9574297188755, 32.963855421686745, 32.964658634538154, 32.96144578313253, 32.96305220883534, 32.95903614457831, 32.95582329317269, 32.95341365461847, 32.9574297188755, 32.95180722891566, 32.95582329317269, 32.96144578313253, 32.962248995983934, 32.9574297188755, 32.952610441767064, 32.95421686746988, 32.95421686746988, 32.95341365461847, 32.95341365461847, 32.94779116465863, 32.94618473895582, 32.94859437751004, 32.95582329317269, 32.95180722891566, 32.95100401606425, 32.95341365461847, 32.95261044176707, 32.95582329317269, 32.95903614457831, 32.960642570281124, 32.960642570281124, 32.964658634538154, 32.964658634538154, 32.963052208835336, 32.965461847389555, 32.967068273092366, 32.962248995983934, 32.963855421686745, 32.960642570281124, 32.966265060240964, 32.963855421686745, 32.965461847389555, 32.963855421686745, 32.96305220883534, 32.962248995983934, 32.956626506024094, 32.95341365461847, 32.952610441767064, 32.95421686746988, 32.955823293172685, 32.95903614457831, 32.96305220883534, 32.95582329317269, 32.9574297188755, 32.95903614457831, 32.95341365461847, 32.959839357429715, 32.964658634538154, 32.967068273092366, 32.96305220883534, 32.956626506024094, 32.956626506024094, 32.958232931726904, 32.96305220883534, 32.95582329317269]",0.9159751979458219,0.9341371359379631,33,"[33, 33, 33, 33, 33, 33, 33, 33, 33, 33, 33, 33, 33, 33, 33, 33, 33, 33, 33, 33, 33, 33, 33, 33, 33, 33, 33, 33, 33, 33, 33, 33, 33, 33, 33, 33, 33, 33, 33, 33, 33, 33, 33, 33, 33, 33, 33, 33, 33, 33, 33, 33, 33, 33, 33, 33, 33, 33, 33, 33, 33, 33, 33, 33, 33, 33, 33, 33, 33, 33, 33, 33, 33, 33, 33, 33, 33, 33, 33, 33, 33, 33, 33, 33, 33, 33, 33, 33, 33, 33, 33, 33, 33, 33, 33, 33, 33, 33, 33, 33, 33, 33, 33, 33, 33, 33, 33, 33, 33, 33, 33, 33, 33, 33, 33, 33, 33, 33, 33, 33, 33, 33, 33, 33, 33, 33, 33, 33, 33, 33, 33, 33, 33, 33, 33, 33, 33, 33, 33, 33, 33, 33, 33, 33, 33, 33, 33, 33, 33, 33, 33, 33, 33, 33, 33, 33, 33, 33, 33, 33, 33, 33, 33, 33, 33, 33, 33, 33, 33, 33, 33, 33, 33, 33, 33, 33, 33, 33, 33, 33, 33, 33, 33, 33, 33, 33, 33, 33, 33, 33, 33, 33, 33, 33, 33, 33, 33, 33, 33, 33, 33, 33, 33, 33, 33, 33, 33, 33, 33, 33, 33, 33, 33, 33, 33, 33, 33, 33, 33, 33, 33, 33, 33, 33, 33, 33, 33, 33, 33, 33, 33, 33, 33, 33, 33, 33, 33, 33, 33, 33, 33, 33, 33, 33, 33, 33, 33, 33, 33, 33, 33, 33, 33, 33, 33, 33, 33, 33, 33, 33, 33, 33, 33, 33, 33, 33, 33, 33, 33, 33, 33, 33, 33, 33, 33, 33, 33, 33, 33, 33, 33, 33, 33, 33, 33, 33, 33, 33, 33, 33, 33, 33, 33, 33, 33, 33, 33, 33, 33, 33, 33, 33, 33, 33, 33, 33, 33, 33, 33, 33, 33, 33, 33, 33, 33, 33, 33, 33, 33, 33, 33, 33, 33, 33, 33, 33, 33, 33, 33, 33, 33, 33, 33, 33, 33, 33, 33, 33, 33, 33, 33, 33, 33, 33, 33]",345,"[0.3914731740951538, 0.3787990212440491, 0.3751399517059326, 0.36978980898857117, 0.3667316436767578, 0.36383140087127686, 0.3610120117664337, 0.3584331274032593, 0.35805004835128784, 0.35345593094825745, 0.3533911108970642, 0.34874996542930603, 0.346152126789093, 0.34522125124931335, 0.3416118621826172, 0.33952635526657104, 0.33745816349983215, 0.33478203415870667, 0.33286771178245544, 0.33112895488739014, 0.33026719093322754, 0.3275228440761566, 0.3250349462032318, 0.3241213262081146, 0.32066628336906433, 0.31806397438049316, 0.3181268572807312, 0.3145369589328766, 0.31350696086883545, 0.3088940978050232, 0.3073350787162781, 0.3045671582221985, 0.30087363719940186, 0.2983473241329193, 0.2952522039413452, 0.2933279275894165, 0.2900911569595337, 0.2867816984653473, 0.2844107151031494, 0.28147339820861816, 0.2798879146575928, 0.2757382392883301, 0.27401384711265564, 0.2714185416698456, 0.2719181180000305, 0.2665904760360718, 0.2650175988674164, 0.263384610414505, 0.26125431060791016, 0.2592252790927887, 0.25865843892097473, 0.2577616572380066, 0.25929757952690125, 0.2537335157394409, 0.2526242733001709, 0.25101858377456665, 0.2498212605714798, 0.24832983314990997, 0.24748358130455017, 0.24597911536693573, 0.24596938490867615, 0.24655047059059143, 0.24361515045166016, 0.24173292517662048, 0.24186326563358307, 0.2408934235572815, 0.2383941262960434, 0.2377369999885559, 0.23801010847091675, 0.23655502498149872, 0.23442012071609497, 0.23378628492355347, 0.23295427858829498, 0.23372574150562286, 0.23117975890636444, 0.23018088936805725, 0.22934797406196594, 0.22924362123012543, 0.22747918963432312, 0.2266331911087036, 0.2264575958251953, 0.224982351064682, 0.22408290207386017, 0.22343765199184418, 0.22537222504615784, 0.2222224622964859, 0.22041448950767517, 0.2201468050479889, 0.2216375768184662, 0.21934661269187927, 0.21938486397266388, 0.21685349941253662, 0.21644127368927002, 0.21586117148399353, 0.21953867375850677, 0.21475593745708466, 0.21522781252861023, 0.21422162652015686, 0.2129197120666504, 0.21098411083221436, 0.210311621427536, 0.21137303113937378, 0.20934617519378662, 0.20817618072032928, 0.2080278843641281, 0.20666168630123138, 0.20584262907505035, 0.2062971293926239, 0.20588232576847076, 0.2068300098180771, 0.20483975112438202, 0.20391768217086792, 0.20464585721492767, 0.2025560885667801, 0.20817537605762482, 0.20140601694583893, 0.20119734108448029, 0.2019880712032318, 0.20007719099521637, 0.20229756832122803, 0.20205120742321014, 0.20050720870494843, 0.2000746876001358, 0.1988079696893692, 0.1994921714067459, 0.1974438726902008, 0.19687524437904358, 0.19661298394203186, 0.1973758190870285, 0.19697217643260956, 0.19911907613277435, 0.1966802030801773, 0.19543132185935974, 0.20263221859931946, 0.19581957161426544, 0.1961204707622528, 0.19705922901630402, 0.19589735567569733, 0.19369854032993317, 0.19697080552577972, 0.19365115463733673, 0.19347205758094788, 0.19605502486228943, 0.1939689964056015, 0.1943041831254959, 0.19519071280956268, 0.1928972452878952, 0.19151727855205536, 0.19231483340263367, 0.19016368687152863, 0.19059757888317108, 0.18968059122562408, 0.19080480933189392, 0.18966080248355865, 0.19238077104091644, 0.18918369710445404, 0.19087272882461548, 0.1914518177509308, 0.18902486562728882, 0.18817661702632904, 0.18974465131759644, 0.19047307968139648, 0.18795961141586304, 0.18667154014110565, 0.1866234838962555, 0.18766804039478302, 0.19017307460308075, 0.18606197834014893, 0.18662625551223755, 0.18750780820846558, 0.18779420852661133, 0.18690887093544006, 0.18760088086128235, 0.18492330610752106, 0.18530301749706268, 0.18453235924243927, 0.18669460713863373, 0.18504898250102997, 0.18573105335235596, 0.18365654349327087, 0.18390661478042603, 0.1855541616678238, 0.18388746678829193, 0.18308188021183014, 0.18320289254188538, 0.1842457801103592, 0.18417036533355713, 0.18328027427196503, 0.18221502006053925, 0.18446733057498932, 0.18392413854599, 0.18396331369876862, 0.18416300415992737, 0.18289843201637268, 0.18291138112545013, 0.18113747239112854, 0.18144452571868896, 0.1819937527179718, 0.1837131530046463, 0.18227840960025787, 0.18129153549671173, 0.18257474899291992, 0.1810380220413208, 0.1793670803308487, 0.17988428473472595, 0.17985668778419495, 0.17982903122901917, 0.1806516796350479, 0.18400180339813232, 0.17883946001529694, 0.18213100731372833, 0.18091356754302979, 0.1785762459039688, 0.17876118421554565, 0.17826583981513977, 0.1784796565771103, 0.17900404334068298, 0.1791517287492752, 0.1802981197834015, 0.18312953412532806, 0.17762014269828796, 0.18080949783325195, 0.17838717997074127, 0.17590956389904022, 0.1762731522321701, 0.17817682027816772, 0.17729021608829498, 0.17611420154571533, 0.17759737372398376, 0.1786314994096756, 0.17555837333202362, 0.17557325959205627, 0.17918860912322998, 0.18114452064037323, 0.1757563054561615, 0.17590413987636566, 0.17647117376327515, 0.17552705109119415, 0.17488117516040802, 0.17698772251605988, 0.17723608016967773, 0.17686092853546143, 0.18258537352085114, 0.17520317435264587, 0.17519861459732056, 0.17942456901073456, 0.1752515584230423, 0.1797085404396057, 0.17614683508872986, 0.17440852522850037, 0.17661552131175995, 0.17643558979034424, 0.177422434091568, 0.1777907758951187, 0.17842519283294678, 0.17554035782814026, 0.17580780386924744, 0.1755135953426361, 0.17877262830734253, 0.17654316127300262, 0.1764460951089859, 0.17891095578670502, 0.1740674525499344, 0.1760898232460022, 0.17568674683570862, 0.17359086871147156, 0.17354343831539154, 0.17426832020282745, 0.1740373969078064, 0.1733860820531845, 0.17589044570922852, 0.17426353693008423, 0.17340143024921417, 0.1740589588880539, 0.17710469663143158, 0.17622965574264526, 0.1754922717809677, 0.17402201890945435, 0.17389434576034546, 0.17563049495220184, 0.17427608370780945, 0.17365679144859314, 0.17426319420337677, 0.17351336777210236, 0.17261791229248047, 0.1769731342792511, 0.17372187972068787, 0.1734405905008316, 0.17462703585624695, 0.17360688745975494, 0.17624840140342712, 0.17455843091011047, 0.17680354416370392, 0.17312078177928925, 0.17363160848617554, 0.17394091188907623, 0.17639607191085815, 0.1764725148677826, 0.17596006393432617, 0.17705100774765015, 0.17643490433692932, 0.17712388932704926, 0.1816730499267578, 0.17531859874725342, 0.17361700534820557, 0.17710155248641968, 0.174852654337883, 0.17724263668060303, 0.17570297420024872, 0.17337286472320557, 0.17409078776836395, 0.17630401253700256, 0.17432424426078796, 0.17487268149852753, 0.17591413855552673, 0.17410367727279663, 0.1758728176355362, 0.17396605014801025, 0.17567241191864014, 0.1750800460577011, 0.17352233827114105, 0.1770448088645935, 0.17496134340763092, 0.17494326829910278, 0.1777588129043579, 0.17759345471858978, 0.17674879729747772, 0.17528344690799713, 0.1774246096611023, 0.17762410640716553, 0.1750432848930359, 0.1759091168642044, 0.17423267662525177, 0.1750737577676773, 0.17715145647525787, 0.17659927904605865, 0.17589916288852692, 0.1787405014038086, 0.1754695326089859, 0.17759260535240173, 0.17816326022148132, 0.17660336196422577, 0.1770777851343155, 0.1779666393995285, 0.17763397097587585]",33.0,"[33.0, 33.0, 33.0, 33.0, 33.0, 33.0, 33.0, 33.0, 33.0, 33.0, 33.0, 33.0, 33.0, 33.0, 33.0, 33.0, 33.0, 33.0, 33.0, 33.0, 33.0, 33.0, 33.0, 33.0, 33.0, 33.0, 33.0, 33.0, 33.0, 33.0, 33.0, 33.0, 33.0, 33.0, 33.0, 33.0, 33.0, 33.0, 33.0, 33.0, 33.0, 33.0, 33.0, 33.0, 33.0, 33.0, 33.0, 33.0, 33.0, 33.0, 33.0, 33.0, 33.0, 33.0, 33.0, 33.0, 33.0, 33.0, 33.0, 33.0, 33.0, 33.0, 33.0, 33.0, 33.0, 33.0, 33.0, 33.0, 33.0, 33.0, 33.0, 33.0, 33.0, 33.0, 33.0, 33.0, 33.0, 33.0, 33.0, 33.0, 33.0, 33.0, 33.0, 33.0, 33.0, 33.0, 33.0, 33.0, 33.0, 33.0, 33.0, 33.0, 33.0, 33.0, 33.0, 33.0, 33.0, 33.0, 33.0, 33.0, 33.0, 33.0, 33.0, 33.0, 33.0, 33.0, 33.0, 33.0, 33.0, 33.0, 33.0, 33.0, 33.0, 33.0, 33.0, 33.0, 33.0, 33.0, 33.0, 33.0, 33.0, 33.0, 33.0, 33.0, 33.0, 33.0, 33.0, 33.0, 33.0, 33.0, 33.0, 33.0, 33.0, 33.0, 33.0, 33.0, 33.0, 33.0, 33.0, 33.0, 33.0, 33.0, 33.0, 33.0, 33.0, 33.0, 33.0, 33.0, 33.0, 33.0, 33.0, 33.0, 33.0, 33.0, 33.0, 33.0, 33.0, 33.0, 33.0, 33.0, 33.0, 33.0, 33.0, 33.0, 33.0, 33.0, 33.0, 33.0, 33.0, 33.0, 33.0, 33.0, 33.0, 33.0, 33.0, 33.0, 33.0, 33.0, 33.0, 33.0, 33.0, 33.0, 33.0, 33.0, 33.0, 33.0, 33.0, 33.0, 33.0, 33.0, 33.0, 33.0, 33.0, 33.0, 33.0, 33.0, 33.0, 33.0, 33.0, 33.0, 33.0, 33.0, 33.0, 33.0, 33.0, 33.0, 33.0, 33.0, 33.0, 33.0, 33.0, 33.0, 33.0, 33.0, 33.0, 33.0, 33.0, 33.0, 33.0, 33.0, 33.0, 33.0, 33.0, 33.0, 33.0, 33.0, 33.0, 33.0, 33.0, 33.0, 33.0, 33.0, 33.0, 33.0, 33.0, 33.0, 33.0, 33.0, 33.0, 33.0, 33.0, 33.0, 33.0, 33.0, 33.0, 33.0, 33.0, 33.0, 33.0, 33.0, 33.0, 33.0, 33.0, 33.0, 33.0, 33.0, 33.0, 33.0, 33.0, 33.0, 33.0, 33.0, 33.0, 33.0, 33.0, 33.0, 33.0, 33.0, 33.0, 33.0, 33.0, 33.0, 33.0, 33.0, 33.0, 33.0, 33.0, 33.0, 33.0, 33.0, 33.0, 33.0, 33.0, 33.0, 33.0, 33.0, 33.0, 33.0, 33.0, 33.0, 33.0, 33.0, 33.0, 33.0, 33.0, 33.0, 33.0, 33.0, 33.0, 33.0, 33.0, 33.0, 33.0, 33.0, 33.0, 33.0, 33.0, 33.0, 33.0, 33.0, 33.0, 33.0, 33.0, 33.0, 33.0, 33.0, 33.0, 33.0, 33.0, 33.0, 33.0, 33.0, 33.0, 33.0, 33.0, 33.0, 33.0, 33.0, 33.0, 33.0, 33.0, 33.0, 33.0, 33.0, 33.0, 33.0, 33.0, 33.0, 33.0, 33.0, 33.0, 33.0, 33.0, 33.0, 33.0]",COMPLETE
