,number,value,datetime_start,datetime_complete,duration,params_batch_size_scaler,params_constant_learning_rate,params_depth,params_epochs,params_kernel_l2,params_num_trees,params_temperature,user_attrs_accuracy_test,user_attrs_accuracy_valid,user_attrs_approximate_feature_sparsity,user_attrs_approximate_feature_sparsity_history,user_attrs_approximate_weight_sparsity,user_attrs_approximate_weight_sparsity_history,user_attrs_auc_test,user_attrs_auc_valid,user_attrs_feature_sparsity,user_attrs_feature_sparsity_history,user_attrs_num_epochs,user_attrs_val_loss_history,user_attrs_weight_sparsity,user_attrs_weight_sparsity_history,state
53,53,0.8705864925094356,2024-08-31 03:21:17.445006,2024-08-31 03:28:54.089053,0 days 00:07:36.644047,1,2.9697064270409945,5,240,0.0010949872713707438,64,0.001145561096881984,0.894,0.8925,6,"[7, 7, 7, 6, 6, 6, 6, 6, 6, 6, 6, 6, 6, 6, 6, 6, 6, 6, 6, 6, 6, 6, 6, 6, 6, 6, 6, 6, 6, 6, 6, 6, 6, 6, 6, 6, 6, 6, 6, 6, 6, 6, 6, 6, 6, 6, 6, 6, 6, 6, 6, 6, 6, 6, 6, 6, 6, 6, 6, 6, 6, 6, 6, 6, 6, 6, 6, 6, 6, 6, 6, 6, 6, 6, 6, 6, 6, 6, 6, 6, 6, 6, 6, 6, 6, 6, 6, 6, 6, 6, 6, 6, 6, 6, 6, 6, 6, 6, 6, 6, 6, 6, 6, 6, 6, 6, 6, 6, 6, 6, 6, 6, 6, 6, 6, 6, 6, 6, 6, 6, 6, 6, 6, 6, 6, 6, 6, 6, 6, 6, 6, 6, 6, 6, 6, 6, 6, 6, 6, 6, 6, 6, 6, 6, 6, 6, 6, 6, 6, 6, 6, 6, 6, 6, 6, 6, 6, 6, 6, 6, 6, 6, 6, 6, 6, 6, 6, 6, 6, 6, 6, 6, 6, 6, 6, 6, 6, 6, 6, 6, 6, 6, 6, 6, 6, 6, 6, 6, 6, 6, 6, 6, 6, 6, 6, 6, 6, 6, 6, 6, 6, 6, 6, 6, 6, 6, 6, 6, 6, 6, 6, 6, 6, 6, 6, 6, 6, 6, 6, 6, 6, 6, 6, 6, 6, 6, 6, 6, 6, 6, 6, 6, 6, 6, 6, 6, 6, 6, 6, 6]",5.986391129032258,"[6.987903225806452, 6.987903225806452, 6.991431451612904, 5.99546370967742, 5.992943548387097, 5.994959677419355, 5.99445564516129, 5.993447580645162, 5.99445564516129, 5.992439516129032, 5.995967741935484, 5.99546370967742, 5.995967741935484, 5.993951612903226, 5.99445564516129, 5.992943548387097, 5.993447580645162, 5.993447580645162, 5.993447580645162, 5.992439516129032, 5.992943548387097, 5.993951612903226, 5.994959677419355, 5.996975806451613, 5.995967741935484, 5.996471774193548, 5.992943548387097, 5.994959677419355, 5.994959677419355, 5.994959677419355, 5.994959677419355, 5.991935483870968, 5.99546370967742, 5.992943548387097, 5.99445564516129, 5.99546370967742, 5.993447580645162, 5.994959677419355, 5.993447580645162, 5.994959677419355, 5.991935483870968, 5.99445564516129, 5.992943548387097, 5.993447580645162, 5.993447580645162, 5.989415322580645, 5.990927419354838, 5.991431451612904, 5.99445564516129, 5.993951612903226, 5.992439516129032, 5.995967741935484, 5.992439516129032, 5.993951612903226, 5.993447580645162, 5.994959677419355, 5.992439516129032, 5.992439516129032, 5.991431451612904, 5.99445564516129, 5.992943548387097, 5.987903225806452, 5.990423387096774, 5.986895161290323, 5.98991935483871, 5.98891129032258, 5.993951612903226, 5.991935483870968, 5.995967741935484, 5.993447580645162, 5.991431451612904, 5.993447580645162, 5.993447580645162, 5.99546370967742, 5.990927419354839, 5.991935483870968, 5.990927419354839, 5.99445564516129, 5.988911290322581, 5.98991935483871, 5.991431451612904, 5.990423387096774, 5.99445564516129, 5.99445564516129, 5.990927419354838, 5.992439516129032, 5.99445564516129, 5.990927419354839, 5.990423387096774, 5.993951612903226, 5.993951612903226, 5.993951612903226, 5.990423387096774, 5.992439516129032, 5.993447580645162, 5.991935483870968, 5.989415322580646, 5.993447580645162, 5.990927419354839, 5.991431451612904, 5.988911290322581, 5.991431451612904, 5.992943548387097, 5.994959677419354, 5.991935483870968, 5.992943548387097, 5.993951612903226, 5.989415322580645, 5.990423387096774, 5.991935483870968, 5.993447580645162, 5.989415322580646, 5.98991935483871, 5.993951612903226, 5.992439516129032, 5.990423387096774, 5.990927419354839, 5.989415322580646, 5.990927419354839, 5.98991935483871, 5.988407258064516, 5.991431451612904, 5.989415322580646, 5.990927419354839, 5.991431451612904, 5.991935483870968, 5.990423387096774, 5.992439516129032, 5.990423387096774, 5.994959677419355, 5.991431451612904, 5.992439516129032, 5.98991935483871, 5.991935483870968, 5.989415322580646, 5.987903225806452, 5.990423387096774, 5.990423387096774, 5.990927419354839, 5.98991935483871, 5.990927419354839, 5.993447580645162, 5.995967741935484, 5.99445564516129, 5.992943548387096, 5.994959677419355, 5.993951612903226, 5.992943548387097, 5.991935483870968, 5.991431451612904, 5.992943548387097, 5.990927419354839, 5.994959677419355, 5.992439516129032, 5.992943548387097, 5.988407258064516, 5.993951612903226, 5.992439516129032, 5.990927419354839, 5.992943548387097, 5.991431451612904, 5.990927419354839, 5.991935483870968, 5.991431451612904, 5.993951612903226, 5.994959677419355, 5.991431451612904, 5.990927419354839, 5.989415322580646, 5.988407258064516, 5.992943548387097, 5.993951612903226, 5.993951612903226, 5.987903225806452, 5.990927419354839, 5.989415322580645, 5.991935483870968, 5.990423387096774, 5.98991935483871, 5.991431451612903, 5.993447580645162, 5.990927419354839, 5.98991935483871, 5.98991935483871, 5.990423387096774, 5.989415322580645, 5.986895161290323, 5.986391129032258, 5.993447580645162, 5.990423387096774, 5.992943548387097, 5.990423387096774, 5.990927419354838, 5.990927419354839, 5.989415322580646, 5.991935483870968, 5.988911290322581, 5.991431451612904, 5.990927419354839, 5.991935483870968, 5.991935483870968, 5.986895161290323, 5.989415322580646, 5.992943548387097, 5.989415322580646, 5.984879032258064, 5.987399193548387, 5.988911290322581, 5.990423387096774, 5.986391129032258, 5.990423387096774, 5.989415322580646, 5.990423387096774, 5.988911290322581, 5.991431451612904, 5.987903225806452, 5.985887096774194, 5.988911290322581, 5.989415322580645, 5.98991935483871, 5.989415322580646, 5.990927419354839, 5.990927419354839, 5.991935483870968, 5.992943548387097, 5.989415322580645, 5.991935483870968, 5.991431451612904, 5.992439516129032, 5.991431451612904, 5.988911290322581, 5.990927419354839, 5.991935483870968, 5.991431451612903, 5.98991935483871, 5.989415322580646, 5.989415322580646, 5.98991935483871, 5.98991935483871, 5.986391129032258]",0.8674526705141224,0.8705864925094356,6,"[7, 7, 7, 6, 6, 6, 6, 6, 6, 6, 6, 6, 6, 6, 6, 6, 6, 6, 6, 6, 6, 6, 6, 6, 6, 6, 6, 6, 6, 6, 6, 6, 6, 6, 6, 6, 6, 6, 6, 6, 6, 6, 6, 6, 6, 6, 6, 6, 6, 6, 6, 6, 6, 6, 6, 6, 6, 6, 6, 6, 6, 6, 6, 6, 6, 6, 6, 6, 6, 6, 6, 6, 6, 6, 6, 6, 6, 6, 6, 6, 6, 6, 6, 6, 6, 6, 6, 6, 6, 6, 6, 6, 6, 6, 6, 6, 6, 6, 6, 6, 6, 6, 6, 6, 6, 6, 6, 6, 6, 6, 6, 6, 6, 6, 6, 6, 6, 6, 6, 6, 6, 6, 6, 6, 6, 6, 6, 6, 6, 6, 6, 6, 6, 6, 6, 6, 6, 6, 6, 6, 6, 6, 6, 6, 6, 6, 6, 6, 6, 6, 6, 6, 6, 6, 6, 6, 6, 6, 6, 6, 6, 6, 6, 6, 6, 6, 6, 6, 6, 6, 6, 6, 6, 6, 6, 6, 6, 6, 6, 6, 6, 6, 6, 6, 6, 6, 6, 6, 6, 6, 6, 6, 6, 6, 6, 6, 6, 6, 6, 6, 6, 6, 6, 6, 6, 6, 6, 6, 6, 6, 6, 6, 6, 6, 6, 6, 6, 6, 6, 6, 6, 6, 6, 6, 6, 6, 6, 6, 6, 6, 6, 6, 6, 6, 6, 6, 6, 6, 6, 6]",240,"[0.48470234870910645, 0.329400897026062, 0.3044491112232208, 0.39878788590431213, 0.31908082962036133, 0.2669740915298462, 0.36426371335983276, 0.35804927349090576, 0.26880329847335815, 0.2551324963569641, 0.27175259590148926, 0.28216448426246643, 0.32508423924446106, 0.2794279158115387, 0.2603355646133423, 0.25554266571998596, 0.27031955122947693, 0.2921575903892517, 0.25560057163238525, 0.28791067004203796, 0.27663564682006836, 0.2712441384792328, 0.26358717679977417, 0.2538248300552368, 0.2623461186885834, 0.2517129182815552, 0.26621344685554504, 0.277315616607666, 0.2671179473400116, 0.2635419964790344, 0.26962795853614807, 0.4597838521003723, 0.5329452753067017, 0.2507020831108093, 0.25505179166793823, 0.25191327929496765, 0.29386305809020996, 0.286650687456131, 0.25245732069015503, 0.2625407874584198, 0.27077120542526245, 0.2536504864692688, 0.44325360655784607, 0.2532462179660797, 0.25671881437301636, 0.25501954555511475, 0.27706828713417053, 0.2770227789878845, 0.2823547422885895, 0.2999914586544037, 0.2604948878288269, 0.3146459460258484, 0.264832079410553, 0.2632017731666565, 0.2793036997318268, 0.2916520833969116, 0.25312405824661255, 0.3001249432563782, 0.4018981456756592, 0.2628566026687622, 0.2679348289966583, 0.27514997124671936, 0.25275805592536926, 0.260006844997406, 0.2586241066455841, 0.31691664457321167, 0.263284832239151, 0.3359585106372833, 0.2505253851413727, 0.26333048939704895, 0.2554893493652344, 0.2577122747898102, 0.2722122073173523, 0.3038880527019501, 0.25094011425971985, 0.2554047107696533, 0.25070950388908386, 0.2596984803676605, 0.2526044547557831, 0.2596663236618042, 0.2539737820625305, 0.2762693464756012, 0.3382225036621094, 0.31157180666923523, 0.2512248158454895, 0.26407286524772644, 0.2518502175807953, 0.2661711871623993, 0.2857683300971985, 0.2592087686061859, 0.25927379727363586, 0.2510424256324768, 0.2567504942417145, 0.2586810290813446, 0.2598056495189667, 0.3063450753688812, 0.2553102374076843, 0.2662300765514374, 0.25831687450408936, 0.25716522336006165, 0.31589579582214355, 0.2679700255393982, 0.29905322194099426, 0.28741568326950073, 0.254709392786026, 0.26029711961746216, 0.26556187868118286, 0.2813638746738434, 0.268573522567749, 0.2675146460533142, 0.2536695599555969, 0.26031506061553955, 0.25268885493278503, 0.25338226556777954, 0.31263187527656555, 0.25798311829566956, 0.3035365045070648, 0.2640852630138397, 0.28720757365226746, 0.2641807794570923, 0.2600419223308563, 0.26319655776023865, 0.25263217091560364, 0.2542736530303955, 0.31112244725227356, 0.26698529720306396, 0.27033573389053345, 0.29916152358055115, 0.25902417302131653, 0.26888489723205566, 0.2728694677352905, 0.25657522678375244, 0.25692853331565857, 0.27964264154434204, 0.25494328141212463, 0.27075228095054626, 0.25438639521598816, 0.2762702405452728, 0.30256736278533936, 0.2725580036640167, 0.26102739572525024, 0.2584167420864105, 0.27322670817375183, 0.26023364067077637, 0.2659614086151123, 0.2511957883834839, 0.258216917514801, 0.279937207698822, 0.296087384223938, 0.315005362033844, 0.3006685972213745, 0.31636765599250793, 0.2773909866809845, 0.26442182064056396, 0.2684794068336487, 0.3806287348270416, 0.2804816663265228, 0.2587793469429016, 0.3267305791378021, 0.25507453083992004, 0.25234729051589966, 0.2590850293636322, 0.28432247042655945, 0.2508465349674225, 0.2684394419193268, 0.32467952370643616, 0.263956218957901, 0.2575669288635254, 0.25540366768836975, 0.28495320677757263, 0.25433146953582764, 0.25777262449264526, 0.3254148066043854, 0.26236578822135925, 0.2558051347732544, 0.31762009859085083, 0.2576725482940674, 0.281239777803421, 0.25401103496551514, 0.2663120627403259, 0.2635989487171173, 0.35095226764678955, 0.25307774543762207, 0.2822052836418152, 0.251895010471344, 0.2572203576564789, 0.25292834639549255, 0.25602343678474426, 0.28374162316322327, 0.3242763876914978, 0.25254523754119873, 0.2547251582145691, 0.3083970546722412, 0.2535574436187744, 0.27991700172424316, 0.28016918897628784, 0.32046714425086975, 0.2520071268081665, 0.2640834152698517, 0.2708509862422943, 0.26375672221183777, 0.2548103332519531, 0.29768210649490356, 0.2548113167285919, 0.2859436571598053, 0.2727568745613098, 0.25749537348747253, 0.2549280822277069, 0.2538459002971649, 0.6238502264022827, 0.26201125979423523, 0.3983308672904968, 0.25357189774513245, 0.27398762106895447, 0.26291218400001526, 0.2676554024219513, 0.25669965147972107, 0.39262863993644714, 0.26032811403274536, 0.2620394229888916, 0.26934418082237244, 0.26539576053619385, 0.29327934980392456, 0.2518194913864136, 0.29182714223861694, 0.3074590861797333, 0.2684636414051056, 0.2853834629058838, 0.25881001353263855, 0.265804648399353, 0.3402399718761444, 0.25064000487327576, 0.26186108589172363, 0.30648207664489746, 0.26374444365501404, 0.2663882374763489, 0.26130762696266174, 0.2583688795566559, 0.2554468810558319, 0.2716694176197052]",6.0,"[7.0, 7.0, 7.0, 6.0, 6.0, 6.0, 6.0, 6.0, 6.0, 6.0, 6.0, 6.0, 6.0, 6.0, 6.0, 6.0, 6.0, 6.0, 6.0, 6.0, 6.0, 6.0, 6.0, 6.0, 6.0, 6.0, 6.0, 6.0, 6.0, 6.0, 6.0, 6.0, 6.0, 6.0, 6.0, 6.0, 6.0, 6.0, 6.0, 6.0, 6.0, 6.0, 6.0, 6.0, 6.0, 6.0, 6.0, 6.0, 6.0, 6.0, 6.0, 6.0, 6.0, 6.0, 6.0, 6.0, 6.0, 6.0, 6.0, 6.0, 6.0, 6.0, 6.0, 6.0, 6.0, 6.0, 6.0, 6.0, 6.0, 6.0, 6.0, 6.0, 6.0, 6.0, 6.0, 6.0, 6.0, 6.0, 6.0, 6.0, 6.0, 6.0, 6.0, 6.0, 6.0, 6.0, 6.0, 6.0, 6.0, 6.0, 6.0, 6.0, 6.0, 6.0, 6.0, 6.0, 6.0, 6.0, 6.0, 6.0, 6.0, 6.0, 6.0, 6.0, 6.0, 6.0, 6.0, 6.0, 6.0, 6.0, 6.0, 6.0, 6.0, 6.0, 6.0, 6.0, 6.0, 6.0, 6.0, 6.0, 6.0, 6.0, 6.0, 6.0, 6.0, 6.0, 6.0, 6.0, 6.0, 6.0, 6.0, 6.0, 6.0, 6.0, 6.0, 6.0, 6.0, 6.0, 6.0, 6.0, 6.0, 6.0, 6.0, 6.0, 6.0, 6.0, 6.0, 6.0, 6.0, 6.0, 6.0, 6.0, 6.0, 6.0, 6.0, 6.0, 6.0, 6.0, 6.0, 6.0, 6.0, 6.0, 6.0, 6.0, 6.0, 6.0, 6.0, 6.0, 6.0, 6.0, 6.0, 6.0, 6.0, 6.0, 6.0, 6.0, 6.0, 6.0, 6.0, 6.0, 6.0, 6.0, 6.0, 6.0, 6.0, 6.0, 6.0, 6.0, 6.0, 6.0, 6.0, 6.0, 6.0, 6.0, 6.0, 6.0, 6.0, 6.0, 6.0, 6.0, 6.0, 6.0, 6.0, 6.0, 6.0, 6.0, 6.0, 6.0, 6.0, 6.0, 6.0, 6.0, 6.0, 6.0, 6.0, 6.0, 6.0, 6.0, 6.0, 6.0, 6.0, 6.0, 6.0, 6.0, 6.0, 6.0, 6.0, 6.0, 6.0, 6.0, 6.0, 6.0, 6.0, 6.0, 6.0, 6.0, 6.0, 6.0, 6.0, 6.0]",COMPLETE
54,54,0.654306913475287,2024-08-31 03:28:55.142973,2024-08-31 03:29:36.408360,0 days 00:00:41.265387,4,0.025881427291529337,5,160,0.8977395336522251,2,0.0004578283464037355,0.859,0.85875,3,"[33, 33, 33, 33, 33, 33, 33, 33, 33, 33, 33, 33, 33, 33, 33, 33, 33, 33, 33, 33, 33, 33, 33, 33, 33, 33, 33, 33, 33, 33, 33, 33, 33, 32, 31, 25, 21, 17, 13, 12, 11, 9, 9, 8, 8, 8, 8, 7, 6, 6, 6, 6, 5, 5, 4, 4, 3, 3, 3, 3, 3, 3, 3, 3, 3, 3, 3, 3, 3, 3, 3, 3, 3, 3, 3, 3, 3, 3, 3, 3, 3, 3, 3, 3, 3, 3, 3, 3, 3, 3, 3, 3, 3, 3, 3, 3, 3, 3, 3, 3, 3, 3, 3, 3, 3, 3, 3, 3, 3, 3, 3, 3, 3, 3, 3, 3, 3, 3, 3, 3, 3, 3, 3, 3, 3, 3, 3, 3, 3, 3, 3, 3, 3, 3, 3, 3, 3, 3, 3, 3, 3, 3, 3, 3, 3, 3, 3, 3, 3, 3, 3, 3, 3, 3, 3, 3, 3, 3, 3, 3]",3.0,"[32.983870967741936, 32.96774193548387, 32.95161290322581, 32.91935483870968, 33.0, 33.0, 32.983870967741936, 32.96774193548387, 32.95161290322581, 32.96774193548387, 32.935483870967744, 32.96774193548387, 32.96774193548387, 32.935483870967744, 32.96774193548387, 32.91935483870968, 32.96774193548387, 32.935483870967744, 32.935483870967744, 32.903225806451616, 32.95161290322581, 32.95161290322581, 32.983870967741936, 32.983870967741936, 32.983870967741936, 32.96774193548387, 32.95161290322581, 32.91935483870968, 32.96774193548387, 32.983870967741936, 32.983870967741936, 32.983870967741936, 32.983870967741936, 31.967741935483872, 30.951612903225808, 24.951612903225808, 20.967741935483872, 16.967741935483872, 12.983870967741936, 12.0, 11.0, 9.0, 8.983870967741936, 8.0, 7.983870967741936, 8.0, 8.0, 6.967741935483872, 6.0, 6.0, 6.0, 6.0, 5.0, 5.0, 4.0, 3.9838709677419355, 3.0, 2.9838709677419355, 2.9838709677419355, 3.0, 3.0, 2.9838709677419355, 2.9838709677419355, 2.967741935483871, 3.0, 2.9838709677419355, 3.0, 2.967741935483871, 2.9838709677419355, 3.0, 2.9838709677419355, 2.9838709677419355, 2.9838709677419355, 2.9838709677419355, 3.0, 3.0, 2.9838709677419355, 3.0, 3.0, 2.9838709677419355, 2.9838709677419355, 2.9838709677419355, 3.0, 3.0, 3.0, 2.9838709677419355, 3.0, 3.0, 3.0, 3.0, 3.0, 3.0, 3.0, 2.9838709677419355, 3.0, 3.0, 3.0, 3.0, 3.0, 3.0, 2.9838709677419355, 2.9838709677419355, 2.967741935483871, 2.9838709677419355, 2.9838709677419355, 2.9838709677419355, 2.9838709677419355, 2.967741935483871, 2.9838709677419355, 2.9838709677419355, 2.967741935483871, 2.9838709677419355, 3.0, 3.0, 3.0, 2.9838709677419355, 2.9838709677419355, 2.9838709677419355, 2.967741935483871, 2.967741935483871, 2.9838709677419355, 2.9838709677419355, 3.0, 3.0, 2.9838709677419355, 2.9838709677419355, 2.9838709677419355, 2.9838709677419355, 2.9838709677419355, 2.967741935483871, 2.967741935483871, 2.967741935483871, 2.967741935483871, 2.9838709677419355, 2.967741935483871, 3.0, 3.0, 3.0, 3.0, 3.0, 3.0, 3.0, 2.9838709677419355, 2.9838709677419355, 2.967741935483871, 2.967741935483871, 2.967741935483871, 2.967741935483871, 2.967741935483871, 2.9838709677419355, 2.9838709677419355, 2.9838709677419355, 2.9838709677419355, 2.9838709677419355, 2.9838709677419355, 3.0, 3.0, 3.0, 3.0, 3.0]",0.6984535869681884,0.654306913475287,3,"[33, 33, 33, 33, 33, 33, 33, 33, 33, 33, 33, 33, 33, 33, 33, 33, 33, 33, 33, 33, 33, 33, 33, 33, 33, 33, 33, 33, 33, 33, 33, 33, 33, 32, 31, 25, 21, 17, 13, 12, 11, 9, 9, 8, 8, 8, 8, 7, 6, 6, 6, 6, 5, 5, 4, 4, 3, 3, 3, 3, 3, 3, 3, 3, 3, 3, 3, 3, 3, 3, 3, 3, 3, 3, 3, 3, 3, 3, 3, 3, 3, 3, 3, 3, 3, 3, 3, 3, 3, 3, 3, 3, 3, 3, 3, 3, 3, 3, 3, 3, 3, 3, 3, 3, 3, 3, 3, 3, 3, 3, 3, 3, 3, 3, 3, 3, 3, 3, 3, 3, 3, 3, 3, 3, 3, 3, 3, 3, 3, 3, 3, 3, 3, 3, 3, 3, 3, 3, 3, 3, 3, 3, 3, 3, 3, 3, 3, 3, 3, 3, 3, 3, 3, 3, 3, 3, 3, 3, 3, 3]",160,"[1.2476743459701538, 1.162803053855896, 1.089750051498413, 1.026246190071106, 0.9704974293708801, 0.9212030172348022, 0.8773434162139893, 0.8380702137947083, 0.8027317523956299, 0.770805299282074, 0.7418617010116577, 0.715531587600708, 0.6915177702903748, 0.6695592999458313, 0.649424135684967, 0.6309310793876648, 0.6139423251152039, 0.598293125629425, 0.5838671922683716, 0.570549488067627, 0.5582334399223328, 0.5468442440032959, 0.5362981557846069, 0.5265300273895264, 0.5174710750579834, 0.5090688467025757, 0.5012624859809875, 0.4940077066421509, 0.4872642755508423, 0.4809882342815399, 0.47514763474464417, 0.46970558166503906, 0.4646373391151428, 0.4587940573692322, 0.45346587896347046, 0.4431006610393524, 0.43523716926574707, 0.4306359887123108, 0.422476202249527, 0.4202198386192322, 0.41772782802581787, 0.41532695293426514, 0.4140412509441376, 0.41393834352493286, 0.41289374232292175, 0.4119192361831665, 0.4110089838504791, 0.4102459251880646, 0.4095522165298462, 0.4086802005767822, 0.4078720510005951, 0.40711987018585205, 0.4073338806629181, 0.40642455220222473, 0.40530240535736084, 0.40461504459381104, 0.40583041310310364, 0.4051492214202881, 0.40452590584754944, 0.40395012497901917, 0.4034249484539032, 0.4029442071914673, 0.4025028347969055, 0.40209072828292847, 0.40171295404434204, 0.401358425617218, 0.4010288119316101, 0.4007181227207184, 0.4004260003566742, 0.40015456080436707, 0.3998963236808777, 0.3996545076370239, 0.3994251489639282, 0.3992070257663727, 0.39899930357933044, 0.3988037109375, 0.3986174762248993, 0.3984392583370209, 0.3982701599597931, 0.3981047570705414, 0.39795008301734924, 0.3977975845336914, 0.3976530134677887, 0.39751338958740234, 0.39737948775291443, 0.39724937081336975, 0.39712607860565186, 0.39700645208358765, 0.39688950777053833, 0.3967744708061218, 0.3966670334339142, 0.39656132459640503, 0.39645907282829285, 0.39635929465293884, 0.39626216888427734, 0.39616677165031433, 0.396074116230011, 0.39598575234413147, 0.39590075612068176, 0.39581534266471863, 0.39573317766189575, 0.3956510126590729, 0.39557087421417236, 0.39549335837364197, 0.3954152762889862, 0.3953412175178528, 0.3952682614326477, 0.39519503712654114, 0.39512091875076294, 0.395050585269928, 0.3949824273586273, 0.3949134051799774, 0.394846647977829, 0.39477965235710144, 0.39471423625946045, 0.3946498930454254, 0.3945853114128113, 0.3945232331752777, 0.3944612443447113, 0.3944006860256195, 0.3943387269973755, 0.3942778408527374, 0.39421546459198, 0.39415764808654785, 0.39409762620925903, 0.39403900504112244, 0.39397984743118286, 0.39392077922821045, 0.3938634395599365, 0.3938029408454895, 0.39374351501464844, 0.39368557929992676, 0.39363354444503784, 0.3935774266719818, 0.39352214336395264, 0.39346569776535034, 0.39341145753860474, 0.3933546543121338, 0.39329925179481506, 0.3932454586029053, 0.393191933631897, 0.3931369483470917, 0.3930818438529968, 0.3930285573005676, 0.39297622442245483, 0.39292293787002563, 0.3928698003292084, 0.39281558990478516, 0.392762154340744, 0.39270859956741333, 0.392654687166214, 0.39260333776474, 0.39255306124687195, 0.39250048995018005, 0.3924473524093628, 0.39239683747291565, 0.39234721660614014, 0.39229777455329895, 0.3922455906867981, 0.3921952545642853]",3.0,"[33.0, 33.0, 33.0, 33.0, 33.0, 33.0, 33.0, 33.0, 33.0, 33.0, 33.0, 33.0, 33.0, 33.0, 33.0, 33.0, 33.0, 33.0, 33.0, 33.0, 33.0, 33.0, 33.0, 33.0, 33.0, 33.0, 33.0, 33.0, 33.0, 33.0, 33.0, 33.0, 33.0, 32.0, 31.0, 25.0, 21.0, 17.0, 13.0, 12.0, 11.0, 9.0, 9.0, 8.0, 8.0, 8.0, 8.0, 7.0, 6.0, 6.0, 6.0, 6.0, 5.0, 5.0, 4.0, 4.0, 3.0, 3.0, 3.0, 3.0, 3.0, 3.0, 3.0, 3.0, 3.0, 3.0, 3.0, 3.0, 3.0, 3.0, 3.0, 3.0, 3.0, 3.0, 3.0, 3.0, 3.0, 3.0, 3.0, 3.0, 3.0, 3.0, 3.0, 3.0, 3.0, 3.0, 3.0, 3.0, 3.0, 3.0, 3.0, 3.0, 3.0, 3.0, 3.0, 3.0, 3.0, 3.0, 3.0, 3.0, 3.0, 3.0, 3.0, 3.0, 3.0, 3.0, 3.0, 3.0, 3.0, 3.0, 3.0, 3.0, 3.0, 3.0, 3.0, 3.0, 3.0, 3.0, 3.0, 3.0, 3.0, 3.0, 3.0, 3.0, 3.0, 3.0, 3.0, 3.0, 3.0, 3.0, 3.0, 3.0, 3.0, 3.0, 3.0, 3.0, 3.0, 3.0, 3.0, 3.0, 3.0, 3.0, 3.0, 3.0, 3.0, 3.0, 3.0, 3.0, 3.0, 3.0, 3.0, 3.0, 3.0, 3.0, 3.0, 3.0, 3.0, 3.0, 3.0, 3.0]",COMPLETE
