,number,value,datetime_start,datetime_complete,duration,params_batch_size_scaler,params_constant_learning_rate,params_depth,params_epochs,params_kernel_l2,params_num_trees,params_temperature,user_attrs_accuracy_test,user_attrs_accuracy_valid,user_attrs_approximate_feature_sparsity,user_attrs_approximate_feature_sparsity_history,user_attrs_approximate_weight_sparsity,user_attrs_approximate_weight_sparsity_history,user_attrs_auc_test,user_attrs_auc_valid,user_attrs_feature_sparsity,user_attrs_feature_sparsity_history,user_attrs_num_epochs,user_attrs_val_loss_history,user_attrs_weight_sparsity,user_attrs_weight_sparsity_history,state
22,22,0.8114799500199663,2024-08-31 01:30:49.366522,2024-08-31 01:31:48.108202,0 days 00:00:58.741680,64,0.10819568929111288,4,440,0.34213959438369834,95,0.05202079154728396,0.874,0.8725,33,"[33, 33, 33, 33, 33, 33, 33, 33, 33, 33, 33, 33, 33, 33, 33, 33, 33, 33, 33, 33, 33, 33, 33, 33, 33, 33, 33, 33, 33, 33, 33, 33, 33, 33, 33, 33, 33, 33, 33, 33, 33, 33, 33, 33, 33, 33, 33, 33, 33, 33, 33, 33, 33, 33, 33, 33, 33, 33, 33, 33, 33, 33, 33, 33, 33, 33, 33, 33, 33, 33, 33, 33, 33, 33, 33, 33, 33, 33, 33, 33, 33, 33, 33, 33, 33, 33, 33, 33, 33, 33, 33, 33, 33, 33, 33, 33, 33, 33, 33, 33, 33, 33, 33, 33, 33, 33, 33, 33, 33, 33, 33, 33, 33, 33, 33, 33, 33, 33, 33, 33, 33, 33, 33, 33, 33, 33, 33, 33, 33, 33, 33, 33, 33, 33, 33, 33, 33, 33, 33, 33, 33, 33, 33, 33, 33, 33, 33, 33, 33, 33, 33, 33, 33, 33, 33, 33, 33, 33, 33, 33, 33, 33, 33, 33, 33, 33, 33, 33, 33, 33, 33, 33, 33, 33, 33, 33, 33, 33, 33, 33, 33, 33, 33, 33, 33, 33, 33, 33, 33, 33, 33, 33, 33, 33, 33, 33, 33, 33, 33, 33, 33, 33, 33, 33, 33, 33, 33, 33, 33, 33, 33, 33, 33, 33, 33, 33, 33, 33, 33, 33, 33, 33, 33, 33, 33, 33, 33, 33, 33, 33, 33, 33, 33, 33, 33, 33, 33, 33, 33, 33, 33, 33, 33, 33, 33, 33, 33, 33, 33, 33, 33, 33, 33, 33, 33, 33, 33, 33, 33, 33, 33, 33, 33, 33, 33, 33, 33, 33, 33, 33, 33, 33, 33, 33, 33, 33, 33, 33, 33, 33, 33, 33, 33, 33, 33, 33, 33, 33, 33, 33, 33, 33, 33, 33, 33, 33, 33, 33, 33, 33, 33, 33, 33, 33, 33, 33, 33, 33, 33, 33, 33, 33, 33, 33, 33, 33, 33, 33, 33, 33, 33, 33, 33, 33, 33, 33, 33, 33, 33, 33, 33, 33, 33, 33, 33, 33, 33, 33, 33, 33, 33, 33, 33, 33, 33, 33, 33, 33, 33, 33, 33, 33, 33, 33, 33, 33, 33, 33, 33, 33, 33, 33, 33, 33, 33, 33, 33, 33, 33, 33, 33, 33, 33, 33, 33, 33, 33, 33, 33, 33, 33, 33, 33, 33, 33, 33, 33, 33, 33, 33, 33, 33, 33, 33, 33, 33, 33, 33, 33, 33, 33, 33, 33, 33, 33, 33, 33, 33, 33, 33, 33, 33, 33, 33, 33, 33, 33, 33, 33, 33, 33, 33, 33, 33, 33, 33, 33, 33, 33, 33, 33, 33, 33, 33, 33, 33, 33, 33, 33, 33]",32.94385964912281,"[32.95649122807017, 32.95508771929825, 32.94736842105263, 32.95228070175439, 32.95578947368421, 32.959298245614036, 32.95508771929825, 32.95368421052632, 32.954385964912284, 32.95298245614035, 32.95508771929825, 32.954385964912284, 32.95298245614035, 32.95368421052631, 32.95508771929825, 32.96, 32.96491228070175, 32.95719298245614, 32.95368421052632, 32.95087719298245, 32.95157894736842, 32.952982456140354, 32.95228070175439, 32.95649122807018, 32.959298245614036, 32.950175438596496, 32.95368421052632, 32.94385964912281, 32.94245614035088, 32.9459649122807, 32.94877192982456, 32.94385964912281, 32.94877192982456, 32.95228070175439, 32.954385964912284, 32.95578947368421, 32.951578947368425, 32.95368421052632, 32.95368421052632, 32.951578947368425, 32.94877192982456, 32.95157894736842, 32.95508771929825, 32.94877192982456, 32.951578947368425, 32.954385964912284, 32.95649122807018, 32.96, 32.960701754385966, 32.954385964912284, 32.95157894736842, 32.95017543859649, 32.94877192982456, 32.94877192982456, 32.94456140350877, 32.938947368421054, 32.93964912280702, 32.94245614035088, 32.94315789473684, 32.9459649122807, 32.95508771929825, 32.952982456140354, 32.95508771929825, 32.95649122807018, 32.954385964912284, 32.95228070175439, 32.95508771929824, 32.95649122807018, 32.95649122807018, 32.95508771929825, 32.95649122807018, 32.959298245614036, 32.954385964912284, 32.95649122807018, 32.95789473684211, 32.95859649122807, 32.95649122807018, 32.948070175438595, 32.94736842105263, 32.94245614035088, 32.94736842105263, 32.949473684210524, 32.94877192982456, 32.949473684210524, 32.95017543859649, 32.946666666666665, 32.9459649122807, 32.94385964912281, 32.9459649122807, 32.94736842105263, 32.95087719298245, 32.949473684210524, 32.95087719298245, 32.946666666666665, 32.9459649122807, 32.950175438596496, 32.94877192982457, 32.95017543859649, 32.948070175438595, 32.94736842105263, 32.95087719298245, 32.95859649122807, 32.95649122807018, 32.951578947368425, 32.945263157894736, 32.94315789473684, 32.94315789473684, 32.940350877192984, 32.94456140350877, 32.94315789473684, 32.945263157894736, 32.94175438596491, 32.93824561403509, 32.93824561403509, 32.937543859649125, 32.93824561403509, 32.938947368421054, 32.94245614035088, 32.94456140350877, 32.94175438596491, 32.94175438596491, 32.94175438596491, 32.94315789473684, 32.948070175438595, 32.95017543859649, 32.95017543859649, 32.94736842105263, 32.9459649122807, 32.945263157894736, 32.94736842105263, 32.948070175438595, 32.94877192982456, 32.94736842105263, 32.94245614035088, 32.948070175438595, 32.9459649122807, 32.95157894736842, 32.94877192982456, 32.95228070175439, 32.95087719298246, 32.9459649122807, 32.94315789473684, 32.945263157894736, 32.948070175438595, 32.94385964912281, 32.9459649122807, 32.94456140350877, 32.946666666666665, 32.948070175438595, 32.9459649122807, 32.945263157894736, 32.94736842105263, 32.949473684210524, 32.946666666666665, 32.94877192982456, 32.95157894736842, 32.95017543859649, 32.95508771929825, 32.95508771929825, 32.94877192982456, 32.946666666666665, 32.95087719298246, 32.95228070175439, 32.945263157894736, 32.94105263157895, 32.94385964912281, 32.94877192982456, 32.94736842105263, 32.95087719298246, 32.95017543859649, 32.948070175438595, 32.949473684210524, 32.94947368421053, 32.95157894736842, 32.954385964912284, 32.952982456140354, 32.95789473684211, 32.955789473684206, 32.962105263157895, 32.95508771929825, 32.952982456140354, 32.95298245614035, 32.95087719298245, 32.946666666666665, 32.949473684210524, 32.95508771929824, 32.95368421052632, 32.95438596491228, 32.95087719298245, 32.948070175438595, 32.95157894736842, 32.95578947368421, 32.95228070175438, 32.95017543859649, 32.94456140350877, 32.945263157894736, 32.946666666666665, 32.94877192982456, 32.951578947368425, 32.952982456140354, 32.95438596491228, 32.95789473684211, 32.95649122807018, 32.960701754385966, 32.96140350877193, 32.95087719298245, 32.946666666666665, 32.946666666666665, 32.950175438596496, 32.954385964912284, 32.95228070175439, 32.95368421052632, 32.95508771929825, 32.95508771929825, 32.95368421052632, 32.95719298245614, 32.95578947368421, 32.950175438596496, 32.95228070175439, 32.954385964912284, 32.95368421052632, 32.95017543859649, 32.95649122807018, 32.95719298245614, 32.95578947368421, 32.95157894736842, 32.95228070175438, 32.951578947368425, 32.95298245614035, 32.95368421052631, 32.95578947368421, 32.95859649122807, 32.96140350877193, 32.959298245614036, 32.959298245614036, 32.95649122807018, 32.95508771929825, 32.95157894736842, 32.95087719298245, 32.95228070175439, 32.95087719298245, 32.95157894736842, 32.949473684210524, 32.95508771929825, 32.95087719298246, 32.95578947368421, 32.952982456140354, 32.954385964912284, 32.954385964912284, 32.954385964912284, 32.95789473684211, 32.95649122807018, 32.95508771929825, 32.95789473684211, 32.954385964912284, 32.95157894736842, 32.95087719298245, 32.95578947368421, 32.95649122807018, 32.95508771929825, 32.95228070175439, 32.95649122807018, 32.95508771929825, 32.95578947368421, 32.95228070175439, 32.95298245614035, 32.95298245614035, 32.95087719298245, 32.95368421052631, 32.95578947368421, 32.95719298245614, 32.95719298245614, 32.95649122807018, 32.95228070175438, 32.95228070175439, 32.95087719298246, 32.95298245614035, 32.954385964912284, 32.95228070175438, 32.95508771929824, 32.95157894736842, 32.952982456140354, 32.95298245614035, 32.946666666666665, 32.94877192982456, 32.946666666666665, 32.948070175438595, 32.945263157894736, 32.945263157894736, 32.94456140350877, 32.94315789473684, 32.94315789473684, 32.94105263157895, 32.94456140350877, 32.94877192982456, 32.95368421052632, 32.949473684210524, 32.949473684210524, 32.95087719298245, 32.95017543859649, 32.948070175438595, 32.949473684210524, 32.94877192982456, 32.951578947368425, 32.95087719298245, 32.95368421052632, 32.95368421052632, 32.95578947368421, 32.95157894736842, 32.9459649122807, 32.94736842105263, 32.948070175438595, 32.94877192982456, 32.952982456140354, 32.95859649122807, 32.95649122807018, 32.959298245614036, 32.95368421052631, 32.95438596491228, 32.95157894736842, 32.95157894736842, 32.952982456140354, 32.946666666666665, 32.949473684210524, 32.95087719298245, 32.95228070175438, 32.95017543859649, 32.95087719298246, 32.954385964912284, 32.95578947368421, 32.95508771929825, 32.95578947368421, 32.95649122807018, 32.95157894736842, 32.95368421052632, 32.95087719298245, 32.95087719298245, 32.95578947368421, 32.95087719298246, 32.95228070175438, 32.952982456140354, 32.95508771929825, 32.95368421052632, 32.95649122807018, 32.95298245614035, 32.952982456140354, 32.952982456140354, 32.95578947368421, 32.958596491228064, 32.95859649122807, 32.95719298245614, 32.954385964912284, 32.954385964912284, 32.955789473684206, 32.95508771929825, 32.95649122807018, 32.95649122807018, 32.95508771929825, 32.95228070175439, 32.95508771929825, 32.95228070175439, 32.95368421052632, 32.95368421052632, 32.95508771929824, 32.95649122807018, 32.95859649122807, 32.95368421052632, 32.95719298245614, 32.95438596491228, 32.95017543859649, 32.95087719298245, 32.952982456140354, 32.95368421052632, 32.95719298245614, 32.95157894736842, 32.95157894736842, 32.95228070175439, 32.948070175438595, 32.946666666666665, 32.94877192982456, 32.95087719298246, 32.95087719298246, 32.95087719298245, 32.95368421052632, 32.95368421052632, 32.95649122807018, 32.95508771929825, 32.95368421052632, 32.95368421052631, 32.95157894736842, 32.95087719298245, 32.95157894736842, 32.95157894736842, 32.94736842105263, 32.94385964912281, 32.948070175438595, 32.951578947368425, 32.9459649122807, 32.9459649122807, 32.94456140350877, 32.945263157894736, 32.950175438596496, 32.95087719298245, 32.94877192982456, 32.94877192982456, 32.95087719298246, 32.95017543859649, 32.94736842105263, 32.94736842105263, 32.948070175438595, 32.94877192982456, 32.945263157894736, 32.949473684210524, 32.949473684210524, 32.94877192982456, 32.94877192982456, 32.949473684210524, 32.95228070175438, 32.94736842105263, 32.945263157894736, 32.9459649122807, 32.94456140350877, 32.936140350877196, 32.93684210526316, 32.93824561403509, 32.938947368421054, 32.94175438596491, 32.94315789473684, 32.94456140350877, 32.938947368421054, 32.94245614035088, 32.94105263157895, 32.94315789473684, 32.93964912280702, 32.9459649122807, 32.94385964912281, 32.948070175438595, 32.948070175438595, 32.945263157894736, 32.94385964912281]",0.8289863687778135,0.8114799500199663,33,"[33, 33, 33, 33, 33, 33, 33, 33, 33, 33, 33, 33, 33, 33, 33, 33, 33, 33, 33, 33, 33, 33, 33, 33, 33, 33, 33, 33, 33, 33, 33, 33, 33, 33, 33, 33, 33, 33, 33, 33, 33, 33, 33, 33, 33, 33, 33, 33, 33, 33, 33, 33, 33, 33, 33, 33, 33, 33, 33, 33, 33, 33, 33, 33, 33, 33, 33, 33, 33, 33, 33, 33, 33, 33, 33, 33, 33, 33, 33, 33, 33, 33, 33, 33, 33, 33, 33, 33, 33, 33, 33, 33, 33, 33, 33, 33, 33, 33, 33, 33, 33, 33, 33, 33, 33, 33, 33, 33, 33, 33, 33, 33, 33, 33, 33, 33, 33, 33, 33, 33, 33, 33, 33, 33, 33, 33, 33, 33, 33, 33, 33, 33, 33, 33, 33, 33, 33, 33, 33, 33, 33, 33, 33, 33, 33, 33, 33, 33, 33, 33, 33, 33, 33, 33, 33, 33, 33, 33, 33, 33, 33, 33, 33, 33, 33, 33, 33, 33, 33, 33, 33, 33, 33, 33, 33, 33, 33, 33, 33, 33, 33, 33, 33, 33, 33, 33, 33, 33, 33, 33, 33, 33, 33, 33, 33, 33, 33, 33, 33, 33, 33, 33, 33, 33, 33, 33, 33, 33, 33, 33, 33, 33, 33, 33, 33, 33, 33, 33, 33, 33, 33, 33, 33, 33, 33, 33, 33, 33, 33, 33, 33, 33, 33, 33, 33, 33, 33, 33, 33, 33, 33, 33, 33, 33, 33, 33, 33, 33, 33, 33, 33, 33, 33, 33, 33, 33, 33, 33, 33, 33, 33, 33, 33, 33, 33, 33, 33, 33, 33, 33, 33, 33, 33, 33, 33, 33, 33, 33, 33, 33, 33, 33, 33, 33, 33, 33, 33, 33, 33, 33, 33, 33, 33, 33, 33, 33, 33, 33, 33, 33, 33, 33, 33, 33, 33, 33, 33, 33, 33, 33, 33, 33, 33, 33, 33, 33, 33, 33, 33, 33, 33, 33, 33, 33, 33, 33, 33, 33, 33, 33, 33, 33, 33, 33, 33, 33, 33, 33, 33, 33, 33, 33, 33, 33, 33, 33, 33, 33, 33, 33, 33, 33, 33, 33, 33, 33, 33, 33, 33, 33, 33, 33, 33, 33, 33, 33, 33, 33, 33, 33, 33, 33, 33, 33, 33, 33, 33, 33, 33, 33, 33, 33, 33, 33, 33, 33, 33, 33, 33, 33, 33, 33, 33, 33, 33, 33, 33, 33, 33, 33, 33, 33, 33, 33, 33, 33, 33, 33, 33, 33, 33, 33, 33, 33, 33, 33, 33, 33, 33, 33, 33, 33, 33, 33, 33, 33, 33, 33, 33, 33, 33, 33, 33, 33, 33, 33, 33, 33, 33, 33]",440,"[0.4373178482055664, 0.42064356803894043, 0.416832834482193, 0.4155462980270386, 0.41419392824172974, 0.41281405091285706, 0.4116212725639343, 0.41043800115585327, 0.40936556458473206, 0.4084010422229767, 0.4074176549911499, 0.40627965331077576, 0.4055209457874298, 0.40471789240837097, 0.40377575159072876, 0.4029555916786194, 0.402557909488678, 0.4019501209259033, 0.4011983573436737, 0.40055426955223083, 0.39982596039772034, 0.3993106186389923, 0.39871466159820557, 0.3984020948410034, 0.39785370230674744, 0.39723432064056396, 0.3965734541416168, 0.3965514004230499, 0.39562496542930603, 0.3951679468154907, 0.3946269750595093, 0.3941480219364166, 0.3935592770576477, 0.3932264745235443, 0.3928534984588623, 0.3925077021121979, 0.39209267497062683, 0.3918437659740448, 0.3913545310497284, 0.39115941524505615, 0.39082401990890503, 0.39070069789886475, 0.3901042938232422, 0.38993504643440247, 0.38944384455680847, 0.3902169167995453, 0.38913023471832275, 0.38870230317115784, 0.3885631263256073, 0.3882066607475281, 0.38768914341926575, 0.3872944116592407, 0.38703370094299316, 0.38693493604660034, 0.38642680644989014, 0.386501669883728, 0.3860921859741211, 0.3857945501804352, 0.3855487108230591, 0.38549578189849854, 0.38554808497428894, 0.38542041182518005, 0.3848668038845062, 0.38464802503585815, 0.3845267593860626, 0.38415977358818054, 0.38411396741867065, 0.38387688994407654, 0.383553147315979, 0.38339611887931824, 0.38321226835250854, 0.3829263746738434, 0.38280048966407776, 0.3826374411582947, 0.3824457824230194, 0.3823961019515991, 0.3822183907032013, 0.382307231426239, 0.38210609555244446, 0.3817204535007477, 0.3815373182296753, 0.38199734687805176, 0.3814493417739868, 0.3811216652393341, 0.38124024868011475, 0.3810163140296936, 0.38030028343200684, 0.38024020195007324, 0.3801555335521698, 0.3798427879810333, 0.3797668218612671, 0.3793378472328186, 0.37915560603141785, 0.3792133331298828, 0.3789592385292053, 0.3787480294704437, 0.37846529483795166, 0.3790488541126251, 0.3784581124782562, 0.37810611724853516, 0.377998948097229, 0.3778335154056549, 0.37798967957496643, 0.37746942043304443, 0.3775675296783447, 0.37682926654815674, 0.37655961513519287, 0.37635716795921326, 0.3761692941188812, 0.3760983347892761, 0.37584614753723145, 0.3757343292236328, 0.3755097985267639, 0.3754611611366272, 0.3752305209636688, 0.3755459189414978, 0.37508130073547363, 0.37523728609085083, 0.37473025918006897, 0.37452220916748047, 0.3743486702442169, 0.37416207790374756, 0.3739846348762512, 0.3739733099937439, 0.37389737367630005, 0.37385258078575134, 0.37419795989990234, 0.3739425539970398, 0.3735533654689789, 0.37339505553245544, 0.372939795255661, 0.37283816933631897, 0.37266236543655396, 0.37258225679397583, 0.37226879596710205, 0.3722168207168579, 0.37212100625038147, 0.371964693069458, 0.3718218207359314, 0.3712784945964813, 0.3710463047027588, 0.370978444814682, 0.37080782651901245, 0.370859831571579, 0.3709675967693329, 0.3708794116973877, 0.3703518211841583, 0.37004271149635315, 0.37011831998825073, 0.3705960810184479, 0.36978915333747864, 0.3696569502353668, 0.3693976104259491, 0.3694536089897156, 0.36939388513565063, 0.369256854057312, 0.36965835094451904, 0.36862486600875854, 0.3686674237251282, 0.3685189187526703, 0.3684636056423187, 0.3681318163871765, 0.36795198917388916, 0.3679468035697937, 0.3681378662586212, 0.36856213212013245, 0.36803996562957764, 0.36743107438087463, 0.3672868609428406, 0.3671048879623413, 0.36692458391189575, 0.3669152557849884, 0.3666616678237915, 0.36644095182418823, 0.36635735630989075, 0.3661462664604187, 0.36610716581344604, 0.36611461639404297, 0.3658694922924042, 0.3656618595123291, 0.3655056059360504, 0.3658268451690674, 0.3652549088001251, 0.36498844623565674, 0.36485299468040466, 0.36473366618156433, 0.3647921085357666, 0.3645889163017273, 0.3644596338272095, 0.3644145727157593, 0.36427637934684753, 0.3640340566635132, 0.3639954626560211, 0.3638209402561188, 0.3639439344406128, 0.36375102400779724, 0.36358383297920227, 0.3635464012622833, 0.36340653896331787, 0.3630937933921814, 0.36331668496131897, 0.3630203604698181, 0.36271512508392334, 0.36257269978523254, 0.36248019337654114, 0.36235710978507996, 0.36252784729003906, 0.3623410165309906, 0.36214953660964966, 0.3622128963470459, 0.362145334482193, 0.36187705397605896, 0.36137843132019043, 0.3616151809692383, 0.36099278926849365, 0.36105766892433167, 0.36102181673049927, 0.36107781529426575, 0.36088162660598755, 0.3606890141963959, 0.3604114055633545, 0.3605169653892517, 0.3601798713207245, 0.35998639464378357, 0.3598516881465912, 0.36002638936042786, 0.35999152064323425, 0.359610915184021, 0.3594606816768646, 0.3591124415397644, 0.35911914706230164, 0.35907837748527527, 0.35891324281692505, 0.3587426245212555, 0.35869336128234863, 0.35856056213378906, 0.3585890829563141, 0.3586351275444031, 0.35848867893218994, 0.3583900034427643, 0.3583120107650757, 0.357915997505188, 0.3582195043563843, 0.3577675521373749, 0.3576381802558899, 0.358028769493103, 0.357774555683136, 0.35732540488243103, 0.3574310541152954, 0.35746538639068604, 0.3570864200592041, 0.35705602169036865, 0.356688916683197, 0.35652396082878113, 0.35634535551071167, 0.3562242388725281, 0.3560151159763336, 0.3559371531009674, 0.35609400272369385, 0.35581710934638977, 0.3559053838253021, 0.3555324673652649, 0.3554360270500183, 0.3553997874259949, 0.3552003502845764, 0.35523632168769836, 0.3547336459159851, 0.3545546233654022, 0.3547039031982422, 0.35489991307258606, 0.3546735644340515, 0.3558996319770813, 0.3545796871185303, 0.3550935387611389, 0.35479986667633057, 0.3541524112224579, 0.35404685139656067, 0.3538322448730469, 0.354218989610672, 0.35361793637275696, 0.35325300693511963, 0.35339251160621643, 0.3533226251602173, 0.35305994749069214, 0.35294973850250244, 0.35286539793014526, 0.35273420810699463, 0.35249146819114685, 0.352344810962677, 0.35222798585891724, 0.35218575596809387, 0.3521612584590912, 0.352070152759552, 0.35199764370918274, 0.3518909811973572, 0.35177746415138245, 0.35171353816986084, 0.3516101539134979, 0.3515375852584839, 0.3511936068534851, 0.3510589897632599, 0.350889652967453, 0.3507787585258484, 0.3508438169956207, 0.35077154636383057, 0.3507455587387085, 0.3506564199924469, 0.35039225220680237, 0.35014480352401733, 0.3502623438835144, 0.3501778841018677, 0.3508613109588623, 0.3499675989151001, 0.35035306215286255, 0.34996604919433594, 0.34956586360931396, 0.349826455116272, 0.3497726321220398, 0.3498140573501587, 0.3495357930660248, 0.3490779399871826, 0.3490234613418579, 0.34879153966903687, 0.3488357663154602, 0.34878918528556824, 0.34854400157928467, 0.34860074520111084, 0.3484736979007721, 0.3484964072704315, 0.34796643257141113, 0.3479703664779663, 0.34764567017555237, 0.34754863381385803, 0.34756729006767273, 0.34788382053375244, 0.3474857211112976, 0.3474172353744507, 0.34720736742019653, 0.34687578678131104, 0.3470110297203064, 0.34681835770606995, 0.34644779562950134, 0.3463657796382904, 0.34623977541923523, 0.34599217772483826, 0.345804363489151, 0.3456910252571106, 0.34575262665748596, 0.345765084028244, 0.34591206908226013, 0.3455444276332855, 0.3454294502735138, 0.34550514817237854, 0.345826119184494, 0.34556153416633606, 0.34498777985572815, 0.34499186277389526, 0.3449021279811859, 0.34481707215309143, 0.34476175904273987, 0.3446057438850403, 0.3445834219455719, 0.3445303440093994, 0.34435081481933594, 0.3442607820034027, 0.3444655239582062, 0.3442062735557556, 0.34387344121932983, 0.34365028142929077, 0.34361597895622253, 0.3434293866157532, 0.34344378113746643, 0.3431009352207184, 0.3429126739501953, 0.3429757058620453, 0.34293967485427856, 0.3432013690471649, 0.34261763095855713, 0.342668354511261, 0.3425794839859009, 0.34247124195098877, 0.34233197569847107, 0.3421095907688141, 0.3421306908130646, 0.34177857637405396, 0.3416167199611664, 0.34143075346946716, 0.3410477042198181, 0.34086477756500244, 0.34076032042503357, 0.34046223759651184, 0.3404916524887085, 0.3404831290245056, 0.34016257524490356, 0.3399226665496826, 0.3398832678794861, 0.33971622586250305, 0.33959734439849854, 0.3394741714000702, 0.33941468596458435, 0.3393840789794922, 0.34015169739723206, 0.3396409749984741, 0.33949196338653564, 0.33920755982398987, 0.33917245268821716, 0.3386782705783844, 0.33852043747901917, 0.3384245038032532, 0.33792099356651306, 0.33795684576034546, 0.3378271162509918, 0.33774685859680176, 0.33753880858421326, 0.3373788595199585, 0.3373192548751831, 0.3371323347091675, 0.33689698576927185, 0.336806982755661, 0.3365674614906311, 0.3366762399673462, 0.3363279402256012, 0.33619198203086853, 0.3363107442855835, 0.33631500601768494, 0.33626919984817505, 0.33587536215782166, 0.3355638086795807, 0.33549413084983826, 0.33554771542549133, 0.3357727825641632, 0.33528435230255127, 0.3349531888961792, 0.3350938558578491, 0.33485355973243713, 0.3345004916191101, 0.3343614637851715, 0.33435821533203125, 0.3341771960258484, 0.33417969942092896]",33.0,"[33.0, 33.0, 33.0, 33.0, 33.0, 33.0, 33.0, 33.0, 33.0, 33.0, 33.0, 33.0, 33.0, 33.0, 33.0, 33.0, 33.0, 33.0, 33.0, 33.0, 33.0, 33.0, 33.0, 33.0, 33.0, 33.0