,number,value,datetime_start,datetime_complete,duration,params_batch_size_scaler,params_constant_learning_rate,params_depth,params_epochs,params_kernel_l2,params_num_trees,params_temperature,user_attrs_accuracy_test,user_attrs_accuracy_valid,user_attrs_approximate_feature_sparsity,user_attrs_approximate_feature_sparsity_history,user_attrs_approximate_weight_sparsity,user_attrs_approximate_weight_sparsity_history,user_attrs_auc_test,user_attrs_auc_valid,user_attrs_feature_sparsity,user_attrs_feature_sparsity_history,user_attrs_num_epochs,user_attrs_val_loss_history,user_attrs_weight_sparsity,user_attrs_weight_sparsity_history,state
11,11,0.7219796215429403,2024-08-31 01:05:32.708431,2024-08-31 01:12:00.652573,0 days 00:06:27.944142,16,0.015776131519827732,5,465,0.13632461375504057,76,0.00023594614493955592,0.871,0.8675,33,"[33, 33, 33, 33, 33, 33, 33, 33, 33, 33, 33, 33, 33, 33, 33, 33, 33, 33, 33, 33, 33, 33, 33, 33, 33, 33, 33, 33, 33, 33, 33, 33, 33, 33, 33, 33, 33, 33, 33, 33, 33, 33, 33, 33, 33, 33, 33, 33, 33, 33, 33, 33, 33, 33, 33, 33, 33, 33, 33, 33, 33, 33, 33, 33, 33, 33, 33, 33, 33, 33, 33, 33, 33, 33, 33, 33, 33, 33, 33, 33, 33, 33, 33, 33, 33, 33, 33, 33, 33, 33, 33, 33, 33, 33, 33, 33, 33, 33, 33, 33, 33, 33, 33, 33, 33, 33, 33, 33, 33, 33, 33, 33, 33, 33, 33, 33, 33, 33, 33, 33, 33, 33, 33, 33, 33, 33, 33, 33, 33, 33, 33, 33, 33, 33, 33, 33, 33, 33, 33, 33, 33, 33, 33, 33, 33, 33, 33, 33, 33, 33, 33, 33, 33, 33, 33, 33, 33, 33, 33, 33, 33, 33, 33, 33, 33, 33, 33, 33, 33, 33, 33, 33, 33, 33, 33, 33, 33, 33, 33, 33, 33, 33, 33, 33, 33, 33, 33, 33, 33, 33, 33, 33, 33, 33, 33, 33, 33, 33, 33, 33, 33, 33, 33, 33, 33, 33, 33, 33, 33, 33, 33, 33, 33, 33, 33, 33, 33, 33, 33, 33, 33, 33, 33, 33, 33, 33, 33, 33, 33, 33, 33, 33, 33, 33, 33, 33, 33, 33, 33, 33, 33, 33, 33, 33, 33, 33, 33, 33, 33, 33, 33, 33, 33, 33, 33, 33, 33, 33, 33, 33, 33, 33, 33, 33, 33, 33, 33, 33, 33, 33, 33, 33, 33, 33, 33, 33, 33, 33, 33, 33, 33, 33, 33, 33, 33, 33, 33, 33, 33, 33, 33, 33, 33, 33, 33, 33, 33, 33, 33, 33, 33, 33, 33, 33, 33, 33, 33, 33, 33, 33, 33, 33, 33, 33, 33, 33, 33, 33, 33, 33, 33, 33, 33, 33, 33, 33, 33, 33, 33, 33, 33, 33, 33, 33, 33, 33, 33, 33, 33, 33, 33, 33, 33, 33, 33, 33, 33, 33, 33, 33, 33, 33, 33, 33, 33, 33, 33, 33, 33, 33, 33, 33, 33, 33, 33, 33, 33, 33, 33, 33, 33, 33, 33, 33, 33, 33, 33, 33, 33, 33, 33, 33, 33, 33, 33, 33, 33, 33, 33, 33, 33, 33, 33, 33, 33, 33, 33, 33, 33, 33, 33, 33, 33, 33, 33, 33, 33, 33, 33, 33, 33, 33, 33, 33, 33, 33, 33, 33, 33, 33, 33, 33, 33, 33, 33, 33, 33, 33, 33, 33, 33, 33, 33, 33, 33, 33, 33, 33, 33, 33, 33, 33, 33, 33, 33, 33, 33, 33, 33, 33, 33, 33, 33, 33, 33, 33, 33, 33, 33, 33, 33, 33, 33, 33, 33]",32.93251273344652,"[32.93421052631579, 32.93718166383701, 32.93378607809847, 32.92784380305603, 32.93039049235993, 32.92996604414262, 32.92911714770798, 32.92996604414262, 32.92869269949066, 32.93505942275043, 32.93675721561969, 32.93718166383701, 32.93633276740238, 32.935483870967744, 32.93675721561969, 32.9320882852292, 32.934634974533104, 32.934634974533104, 32.93293718166383, 32.92741935483871, 32.92699490662139, 32.926146010186756, 32.92657045840407, 32.92954159592529, 32.93123938879457, 32.928268251273344, 32.92784380305603, 32.92954159592529, 32.93251273344652, 32.933361629881155, 32.93251273344652, 32.93251273344652, 32.93081494057725, 32.93251273344652, 32.931239388794566, 32.92996604414262, 32.93166383701189, 32.934210526315795, 32.93293718166384, 32.93081494057725, 32.933361629881155, 32.935483870967744, 32.93675721561969, 32.937606112054326, 32.93760611205433, 32.938455008488965, 32.938455008488965, 32.939728353140914, 32.939303904923605, 32.9393039049236, 32.938455008488965, 32.938455008488965, 32.938455008488965, 32.9367572156197, 32.9367572156197, 32.9393039049236, 32.937606112054326, 32.937606112054326, 32.93803056027165, 32.93633276740238, 32.93505942275042, 32.93590831918506, 32.938455008488965, 32.93760611205433, 32.93675721561969, 32.93590831918506, 32.93463497453311, 32.93633276740238, 32.93378607809847, 32.934210526315795, 32.93378607809847, 32.93378607809847, 32.9320882852292, 32.93463497453311, 32.93633276740238, 32.93463497453311, 32.934634974533104, 32.935483870967744, 32.934634974533104, 32.93590831918506, 32.93633276740238, 32.937181663837016, 32.93293718166384, 32.933361629881155, 32.93293718166384, 32.93463497453311, 32.93081494057725, 32.93039049235993, 32.92869269949066, 32.93293718166384, 32.935483870967744, 32.93251273344652, 32.93378607809847, 32.93378607809847, 32.93421052631579, 32.93421052631579, 32.933361629881155, 32.93378607809848, 32.93633276740238, 32.933361629881155, 32.933361629881155, 32.93251273344652, 32.935483870967744, 32.934210526315795, 32.933361629881155, 32.93378607809847, 32.93293718166384, 32.934210526315795, 32.93463497453311, 32.935483870967744, 32.93590831918506, 32.937181663837016, 32.93760611205433, 32.935483870967744, 32.93378607809847, 32.935483870967744, 32.935483870967744, 32.93505942275043, 32.93463497453311, 32.934634974533104, 32.93718166383701, 32.93718166383701, 32.934210526315795, 32.93421052631579, 32.931239388794566, 32.93378607809847, 32.93590831918506, 32.93718166383701, 32.93633276740238, 32.934634974533104, 32.93505942275043, 32.93378607809847, 32.93293718166384, 32.931239388794566, 32.93293718166384, 32.934210526315795, 32.93421052631579, 32.935483870967744, 32.93675721561969, 32.93887945670628, 32.93760611205433, 32.93590831918506, 32.934634974533104, 32.93293718166384, 32.93293718166384, 32.93633276740238, 32.935483870967744, 32.93633276740238, 32.93718166383701, 32.937606112054326, 32.937181663837016, 32.93590831918506, 32.935483870967744, 32.937606112054326, 32.93675721561969, 32.93505942275042, 32.93675721561969, 32.93633276740238, 32.938455008488965, 32.93590831918506, 32.938455008488965, 32.937606112054326, 32.93505942275042, 32.934634974533104, 32.9320882852292, 32.9320882852292, 32.92996604414262, 32.93166383701189, 32.93293718166384, 32.935483870967744, 32.93548387096774, 32.93123938879457, 32.92996604414262, 32.93039049235993, 32.93081494057725, 32.93039049235993, 32.931239388794566, 32.93123938879457, 32.9295415959253, 32.93251273344652, 32.93039049235993, 32.93166383701188, 32.933361629881155, 32.93166383701189, 32.93039049235993, 32.928268251273344, 32.931239388794566, 32.929117147707984, 32.92996604414262, 32.93166383701188, 32.93081494057725, 32.932088285229206, 32.93166383701188, 32.93293718166384, 32.9320882852292, 32.93166383701188, 32.931239388794566, 32.9320882852292, 32.93293718166384, 32.93505942275043, 32.93378607809848, 32.93336162988116, 32.93293718166384, 32.93378607809848, 32.934634974533104, 32.93378607809847, 32.933361629881155, 32.93505942275043, 32.93463497453311, 32.93378607809847, 32.93505942275043, 32.934634974533104, 32.9367572156197, 32.93803056027165, 32.93760611205433, 32.93760611205433, 32.93803056027165, 32.93887945670628, 32.93887945670628, 32.93760611205433, 32.935483870967744, 32.933361629881155, 32.93039049235993, 32.9295415959253, 32.92869269949067, 32.92784380305603, 32.928268251273344, 32.928268251273344, 32.92869269949066, 32.92784380305603, 32.928268251273344, 32.92869269949067, 32.926994906621395, 32.926994906621395, 32.92869269949066, 32.931239388794566, 32.931239388794566, 32.9295415959253, 32.93166383701189, 32.931239388794566, 32.93251273344652, 32.93293718166384, 32.93293718166384, 32.9320882852292, 32.93293718166383, 32.93378607809847, 32.934634974533104, 32.933361629881155, 32.933361629881155, 32.93293718166384, 32.9320882852292, 32.931239388794566, 32.933361629881155, 32.932088285229206, 32.92996604414262, 32.931239388794566, 32.93293718166384, 32.93251273344652, 32.93251273344652, 32.93293718166384, 32.92996604414262, 32.93293718166384, 32.93293718166384, 32.93251273344652, 32.93378607809847, 32.93166383701189, 32.93166383701189, 32.9320882852292, 32.93505942275043, 32.934634974533104, 32.9320882852292, 32.93039049235993, 32.933361629881155, 32.93166383701188, 32.93166383701189, 32.932088285229206, 32.93081494057725, 32.93039049235993, 32.93081494057725, 32.93081494057725, 32.932088285229206, 32.93293718166384, 32.932088285229206, 32.93166383701189, 32.93293718166384, 32.933361629881155, 32.931239388794566, 32.92954159592529, 32.92869269949066, 32.92996604414262, 32.92911714770798, 32.92784380305603, 32.92657045840407, 32.92657045840408, 32.926146010186756, 32.92572156196944, 32.92572156196944, 32.92741935483871, 32.9295415959253, 32.93081494057725, 32.93081494057725, 32.92996604414262, 32.93251273344652, 32.933361629881155, 32.933361629881155, 32.935483870967744, 32.932088285229206, 32.931239388794566, 32.931239388794566, 32.931239388794566, 32.931239388794566, 32.93039049235993, 32.92784380305603, 32.929117147707984, 32.92869269949066, 32.92911714770798, 32.931239388794566, 32.931239388794566, 32.932088285229206, 32.93081494057725, 32.93039049235993, 32.92954159592529, 32.93039049235993, 32.92911714770798, 32.92741935483871, 32.92784380305603, 32.92657045840407, 32.92741935483871, 32.92402376910017, 32.92657045840408, 32.926146010186756, 32.928268251273344, 32.928268251273344, 32.928268251273344, 32.92869269949066, 32.93039049235993, 32.931239388794566, 32.93293718166384, 32.93293718166384, 32.93293718166384, 32.93251273344652, 32.93293718166384, 32.934210526315795, 32.934210526315795, 32.935483870967744, 32.93505942275043, 32.93421052631579, 32.93251273344652, 32.93378607809847, 32.93463497453311, 32.93590831918506, 32.93463497453311, 32.93463497453311, 32.933361629881155, 32.93251273344652, 32.9320882852292, 32.93166383701188, 32.933361629881155, 32.93421052631579, 32.93378607809847, 32.93421052631579, 32.93421052631579, 32.93251273344652, 32.933361629881155, 32.931239388794566, 32.932512733446515, 32.931239388794566, 32.932512733446515, 32.93463497453311, 32.933361629881155, 32.935483870967744, 32.934634974533104, 32.93463497453311, 32.93421052631579, 32.93378607809848, 32.933361629881155, 32.93166383701188, 32.93039049235993, 32.92911714770798, 32.93081494057725, 32.93251273344652, 32.933361629881155, 32.93421052631579, 32.9320882852292, 32.93293718166384, 32.92996604414262, 32.92996604414261, 32.92954159592529, 32.92911714770798, 32.93081494057725, 32.93166383701188, 32.92996604414262, 32.92954159592529, 32.92996604414262, 32.9320882852292, 32.93421052631579, 32.932512733446515, 32.93081494057725, 32.92911714770798, 32.928268251273344, 32.928268251273344, 32.92954159592529, 32.928268251273344, 32.92911714770798, 32.92911714770798, 32.92784380305603, 32.928268251273344, 32.92869269949066, 32.92784380305603, 32.92954159592529, 32.93039049235993, 32.92954159592529, 32.92869269949066, 32.92911714770798, 32.92911714770798, 32.93166383701188, 32.93293718166384, 32.93166383701188, 32.93081494057725, 32.92996604414262, 32.92869269949066, 32.92869269949066, 32.92784380305603, 32.92741935483871, 32.92784380305603, 32.92784380305603, 32.9295415959253, 32.9295415959253, 32.9295415959253, 32.93039049235993, 32.92869269949067, 32.93081494057725, 32.93039049235993, 32.93123938879457, 32.93166383701189, 32.93251273344652, 32.93251273344652, 32.933361629881155, 32.933361629881155, 32.93251273344652, 32.93251273344652, 32.93293718166384, 32.93293718166384, 32.9320882852292, 32.932088285229206, 32.932512733446515, 32.933361629881155, 32.93378607809847, 32.93421052631579, 32.93378607809847, 32.93293718166384, 32.93505942275043, 32.93421052631579, 32.93633276740238, 32.93463497453311, 32.932088285229206, 32.93166383701188, 32.93166383701188, 32.93081494057725, 32.9295415959253, 32.92996604414262, 32.93039049235993, 32.93081494057725, 32.93039049235993, 32.93251273344652]",0.7583203295932099,0.7219796215429403,33,"[33, 33, 33, 33, 33, 33, 33, 33, 33, 33, 33, 33, 33, 33, 33, 33, 33, 33, 33, 33, 33, 33, 33, 33, 33, 33, 33, 33, 33, 33, 33, 33, 33, 33, 33, 33, 33, 33, 33, 33, 33, 33, 33, 33, 33, 33, 33, 33, 33, 33, 33, 33, 33, 33, 33, 33, 33, 33, 33, 33, 33, 33, 33, 33, 33, 33, 33, 33, 33, 33, 33, 33, 33, 33, 33, 33, 33, 33, 33, 33, 33, 33, 33, 33, 33, 33, 33, 33, 33, 33, 33, 33, 33, 33, 33, 33, 33, 33, 33, 33, 33, 33, 33, 33, 33, 33, 33, 33, 33, 33, 33, 33, 33, 33, 33, 33, 33, 33, 33, 33, 33, 33, 33, 33, 33, 33, 33, 33, 33, 33, 33, 33, 33, 33, 33, 33, 33, 33, 33, 33, 33, 33, 33, 33, 33, 33, 33, 33, 33, 33, 33, 33, 33, 33, 33, 33, 33, 33, 33, 33, 33, 33, 33, 33, 33, 33, 33, 33, 33, 33, 33, 33, 33, 33, 33, 33, 33, 33, 33, 33, 33, 33, 33, 33, 33, 33, 33, 33, 33, 33, 33, 33, 33, 33, 33, 33, 33, 33, 33, 33, 33, 33, 33, 33, 33, 33, 33, 33, 33, 33, 33, 33, 33, 33, 33, 33, 33, 33, 33, 33, 33, 33, 33, 33, 33, 33, 33, 33, 33, 33, 33, 33, 33, 33, 33, 33, 33, 33, 33, 33, 33, 33, 33, 33, 33, 33, 33, 33, 33, 33, 33, 33, 33, 33, 33, 33, 33, 33, 33, 33, 33, 33, 33, 33, 33, 33, 33, 33, 33, 33, 33, 33, 33, 33, 33, 33, 33, 33, 33, 33, 33, 33, 33, 33, 33, 33, 33, 33, 33, 33, 33, 33, 33, 33, 33, 33, 33, 33, 33, 33, 33, 33, 33, 33, 33, 33, 33, 33, 33, 33, 33, 33, 33, 33, 33, 33, 33, 33, 33, 33, 33, 33, 33, 33, 33, 33, 33, 33, 33, 33, 33, 33, 33, 33, 33, 33, 33, 33, 33, 33, 33, 33, 33, 33, 33, 33, 33, 33, 33, 33, 33, 33, 33, 33, 33, 33, 33, 33, 33, 33, 33, 33, 33, 33, 33, 33, 33, 33, 33, 33, 33, 33, 33, 33, 33, 33, 33, 33, 33, 33, 33, 33, 33, 33, 33, 33, 33, 33, 33, 33, 33, 33, 33, 33, 33, 33, 33, 33, 33, 33, 33, 33, 33, 33, 33, 33, 33, 33, 33, 33, 33, 33, 33, 33, 33, 33, 33, 33, 33, 33, 33, 33, 33, 33, 33, 33, 33, 33, 33, 33, 33, 33, 33, 33, 33, 33, 33, 33, 33, 33, 33, 33, 33, 33, 33, 33, 33, 33, 33, 33, 33, 33, 33, 33, 33, 33, 33, 33, 33, 33, 33, 33, 33, 33, 33]",465,"[0.5155690908432007, 0.48025473952293396, 0.4576593041419983, 0.44265061616897583, 0.432716965675354, 0.42553701996803284, 0.4203990697860718, 0.4166524112224579, 0.41376519203186035, 0.4115774631500244, 0.40989530086517334, 0.40866386890411377, 0.40753018856048584, 0.40663450956344604, 0.40584808588027954, 0.4051724672317505, 0.40456971526145935, 0.40399786829948425, 0.40348902344703674, 0.40303322672843933, 0.4025835692882538, 0.4021720886230469, 0.4017696678638458, 0.4013894200325012, 0.40102362632751465, 0.40066710114479065, 0.4003223776817322, 0.3999708592891693, 0.399627149105072, 0.3992917537689209, 0.3989647924900055, 0.3986378610134125, 0.39833739399909973, 0.39802712202072144, 0.3977183997631073, 0.397411584854126, 0.3971182703971863, 0.39682480692863464, 0.3965396583080292, 0.39625775814056396, 0.3959706425666809, 0.3956906795501709, 0.3954077959060669, 0.3951341211795807, 0.3948744237422943, 0.3946075737476349, 0.3943490982055664, 0.39408501982688904, 0.39383769035339355, 0.393588662147522, 0.3933318853378296, 0.3930944502353668, 0.39285439252853394, 0.39260968565940857, 0.39237964153289795, 0.39214056730270386, 0.3919121026992798, 0.39168858528137207, 0.3914664089679718, 0.3912418484687805, 0.3910219073295593, 0.39080819487571716, 0.39059048891067505, 0.3903810977935791, 0.390182226896286, 0.3899719715118408, 0.38978317379951477, 0.38957762718200684, 0.38938137888908386, 0.3891776204109192, 0.38898688554763794, 0.3887954652309418, 0.3885987401008606, 0.3884127736091614, 0.38822826743125916, 0.3880467712879181, 0.387866735458374, 0.387696236371994, 0.3875136077404022, 0.38734200596809387, 0.3871649503707886, 0.38698944449424744, 0.3868273198604584, 0.3866608142852783, 0.38649091124534607, 0.38634029030799866, 0.3861756920814514, 0.3860187530517578, 0.38586005568504333, 0.38570162653923035, 0.3855421841144562, 0.38539794087409973, 0.38525673747062683, 0.38510337471961975, 0.3849399983882904, 0.38478243350982666, 0.3846406638622284, 0.38450345396995544, 0.3843684494495392, 0.38423851132392883, 0.3840904235839844, 0.38394901156425476, 0.3838120698928833, 0.38367190957069397, 0.3835254907608032, 0.38339194655418396, 0.38325950503349304, 0.3831208348274231, 0.3829896152019501, 0.3828549087047577, 0.38273295760154724, 0.3825986087322235, 0.382468044757843, 0.38233646750450134, 0.38222014904022217, 0.3820958733558655, 0.3819825351238251, 0.38186100125312805, 0.38175201416015625, 0.3816258907318115, 0.38149988651275635, 0.3813810646533966, 0.38126736879348755, 0.38114506006240845, 0.38103073835372925, 0.3809199631214142, 0.3808055818080902, 0.3806908130645752, 0.38056865334510803, 0.3804629147052765, 0.3803464472293854, 0.3802407383918762, 0.3801356554031372, 0.38003960251808167, 0.3799404203891754, 0.3798377513885498, 0.37973305583000183, 0.37963104248046875, 0.3795306086540222, 0.3794349730014801, 0.37932899594306946, 0.37923943996429443, 0.3791346251964569, 0.3790302574634552, 0.3789386749267578, 0.37883326411247253, 0.37874385714530945, 0.3786396384239197, 0.37854471802711487, 0.3784426152706146, 0.3783465623855591, 0.37824586033821106, 0.3781588673591614, 0.3780612051486969, 0.3779638707637787, 0.37787216901779175, 0.377787321805954, 0.3777032494544983, 0.37761515378952026, 0.3775189220905304, 0.3774310052394867, 0.3773427903652191, 0.37725555896759033, 0.37716811895370483, 0.37709206342697144, 0.37700214982032776, 0.37691977620124817, 0.3768344521522522, 0.37675148248672485, 0.3766731321811676, 0.376592755317688, 0.37651118636131287, 0.3764253258705139, 0.3763592541217804, 0.37628093361854553, 0.3761973977088928, 0.37611719965934753, 0.37603846192359924, 0.3759586811065674, 0.3758772909641266, 0.3757990896701813, 0.37572339177131653, 0.37563374638557434, 0.3755553066730499, 0.37547528743743896, 0.37540358304977417, 0.37533101439476013, 0.37524962425231934, 0.37517714500427246, 0.37510550022125244, 0.3750317096710205, 0.3749643564224243, 0.3748960494995117, 0.3748324513435364, 0.3747616112232208, 0.3747085630893707, 0.3746470510959625, 0.37458279728889465, 0.37450772523880005, 0.37443771958351135, 0.3743709921836853, 0.37429431080818176, 0.3742256164550781, 0.3741517961025238, 0.37408721446990967, 0.37400317192077637, 0.3739228844642639, 0.3738400638103485, 0.3737655580043793, 0.37369999289512634, 0.3736368417739868, 0.3735687732696533, 0.37350577116012573, 0.37344300746917725, 0.37338048219680786, 0.3733122646808624, 0.3732512295246124, 0.37319737672805786, 0.3731234073638916, 0.37307703495025635, 0.3730216324329376, 0.3729504644870758, 0.37288737297058105, 0.372828871011734, 0.3727709650993347, 0.37270718812942505, 0.372639924287796, 0.3725666105747223, 0.37251487374305725, 0.37245097756385803, 0.3723854720592499, 0.3723159730434418, 0.37224921584129333, 0.37219011783599854, 0.3721350133419037, 0.3720598518848419, 0.371995210647583, 0.3719375729560852, 0.37187573313713074, 0.37181735038757324, 0.3717639148235321, 0.37170344591140747, 0.3716340661048889, 0.3715692460536957, 0.37151050567626953, 0.37145310640335083, 0.37139037251472473, 0.37133026123046875, 0.3712734580039978, 0.3712179958820343, 0.3711658716201782, 0.3710966408252716, 0.3710356652736664, 0.3709799647331238, 0.37092503905296326, 0.3708682358264923, 0.3708038032054901, 0.37075167894363403, 0.37069588899612427, 0.3706459701061249, 0.3705933392047882, 0.3705347180366516, 0.3704744279384613, 0.3704233169555664, 0.37038084864616394, 0.37031546235084534, 0.37026333808898926, 0.3702116012573242, 0.3701603412628174, 0.37010616064071655, 0.37006473541259766, 0.37000516057014465, 0.36996209621429443, 0.36989670991897583, 0.3698488175868988, 0.36979666352272034, 0.3697444498538971, 0.36969563364982605, 0.3696393668651581, 0.36959412693977356, 0.36953651905059814, 0.36947110295295715, 0.3694326877593994, 0.36937958002090454, 0.36932042241096497, 0.3692767322063446, 0.36921215057373047, 0.3691532015800476, 0.36909961700439453, 0.36903586983680725, 0.3689962327480316, 0.3689330220222473, 0.36887630820274353, 0.3688261806964874, 0.36877262592315674, 0.368704617023468, 0.3686528503894806, 0.3686025142669678, 0.3685431182384491, 0.3684900403022766, 0.36845529079437256, 0.3684004247188568, 0.36835819482803345, 0.36831292510032654, 0.3682645559310913, 0.36821818351745605, 0.3681657910346985, 0.3681151866912842, 0.3680557906627655, 0.3680051565170288, 0.3679577708244324, 0.367904394865036, 0.36784839630126953, 0.3677991032600403, 0.3677499294281006, 0.3676866292953491, 0.36763426661491394, 0.36758437752723694, 0.36754515767097473, 0.3674930930137634, 0.3674468994140625, 0.367390900850296, 0.3673328459262848, 0.36728036403656006, 0.36723148822784424, 0.3671741485595703, 0.36713385581970215, 0.36708560585975647, 0.3670312464237213, 0.3669945001602173, 0.3669474124908447, 0.36689186096191406, 0.36683404445648193, 0.3667864203453064, 0.366731196641922, 0.36668750643730164, 0.3666384220123291, 0.3665950894355774, 0.36655208468437195, 0.3665080666542053, 0.36644843220710754, 0.36640819907188416, 0.3663565516471863, 0.366308331489563, 0.36625468730926514, 0.3662061393260956, 0.3661569356918335, 0.3661060333251953, 0.3660534918308258, 0.3660165071487427, 0.3659686744213104, 0.36593329906463623, 0.365883469581604, 0.3658241331577301, 0.3657764196395874, 0.36571362614631653, 0.3656812310218811, 0.3656233549118042, 0.3655672073364258, 0.3655250072479248, 0.3654704988002777, 0.3654366433620453, 0.36537814140319824, 0.3653230369091034, 0.3652823567390442, 0.36524322628974915, 0.36519405245780945, 0.3651431202888489, 0.3650859594345093, 0.3650412857532501, 0.3649818003177643, 0.3649404048919678, 0.36488014459609985, 0.3648340702056885, 0.36478134989738464, 0.3647516369819641, 0.3646981120109558, 0.3646423816680908, 0.3645995855331421, 0.3645416498184204, 0.36449477076530457, 0.36445876955986023, 0.3644239902496338, 0.36436498165130615, 0.3643128573894501, 0.36427170038223267, 0.3642319440841675, 0.36419039964675903, 0.3641335368156433, 0.3640843331813812, 0.3640335500240326, 0.36398133635520935, 0.36393848061561584, 0.3638838529586792, 0.3638370931148529, 0.3637879192829132, 0.3637295663356781, 0.36368292570114136, 0.36363956332206726, 0.3635929226875305, 0.3635382354259491, 0.3634929358959198, 0.3634542226791382, 0.36341261863708496, 0.3633613586425781, 0.3633157014846802, 0.36327433586120605, 0.3632158637046814, 0.36316269636154175, 0.3631236255168915, 0.36307966709136963, 0.363032728433609, 0.362985759973526, 0.3629308640956