,number,value,datetime_start,datetime_complete,duration,params_batch_size_scaler,params_constant_learning_rate,params_depth,params_epochs,params_kernel_l2,params_num_trees,params_temperature,user_attrs_accuracy_test,user_attrs_accuracy_valid,user_attrs_approximate_feature_sparsity,user_attrs_approximate_feature_sparsity_history,user_attrs_approximate_weight_sparsity,user_attrs_approximate_weight_sparsity_history,user_attrs_auc_test,user_attrs_auc_valid,user_attrs_feature_sparsity,user_attrs_feature_sparsity_history,user_attrs_num_epochs,user_attrs_val_loss_history,user_attrs_weight_sparsity,user_attrs_weight_sparsity_history,state
57,57,0.7842678826757352,2024-08-31 03:31:43.811659,2024-08-31 03:33:28.072789,0 days 00:01:44.261130,4,1.0497726932762312,2,285,0.10355935919742577,58,0.0011410085286909742,0.877,0.8775,2,"[33, 33, 33, 15, 12, 7, 6, 6, 6, 6, 6, 6, 6, 6, 6, 6, 6, 6, 6, 5, 5, 4, 4, 4, 4, 4, 4, 4, 3, 3, 3, 3, 3, 3, 3, 3, 3, 3, 3, 3, 3, 3, 3, 3, 3, 3, 3, 3, 3, 3, 3, 3, 3, 3, 3, 3, 3, 3, 3, 3, 3, 3, 3, 3, 3, 3, 3, 3, 3, 3, 3, 3, 3, 3, 3, 3, 3, 3, 3, 3, 3, 3, 3, 3, 3, 3, 3, 3, 3, 3, 3, 3, 3, 3, 3, 3, 3, 3, 3, 3, 3, 3, 3, 3, 3, 3, 3, 3, 3, 3, 3, 3, 3, 3, 3, 3, 3, 3, 3, 3, 3, 3, 3, 3, 3, 3, 3, 3, 3, 3, 3, 3, 3, 3, 3, 3, 3, 3, 3, 3, 3, 3, 3, 3, 3, 3, 3, 3, 3, 3, 3, 3, 3, 3, 3, 3, 3, 3, 3, 3, 3, 3, 3, 3, 3, 3, 3, 3, 3, 3, 3, 3, 3, 3, 2, 2, 2, 2, 2, 2, 2, 2, 2, 2, 2, 2, 2, 2, 2, 2, 2, 2, 2, 2, 2, 2, 2, 2, 2, 2, 2, 2, 2, 2, 2, 2, 2, 2, 2, 2, 2, 2, 2, 2, 2, 2, 2, 2, 2, 2, 2, 2, 2, 2, 2, 2, 2, 2, 2, 2, 2, 2, 2, 2, 2, 2, 2, 2, 2, 2, 2, 2, 2, 2, 2, 2, 2, 2, 2, 2, 2, 2, 2, 2, 2, 2, 2, 2, 2, 2, 2, 2, 2, 2, 2, 2, 2, 2, 2, 2, 2, 2, 2, 2, 2, 2, 2, 2, 2, 2, 2, 2, 2, 2, 2]",1.9597701149425286,"[32.97126436781609, 32.97701149425288, 32.97701149425288, 15.0, 11.99425287356322, 6.994252873563219, 6.0, 6.0, 5.994252873563219, 6.0, 5.994252873563219, 5.994252873563219, 6.0, 6.0, 6.0, 5.994252873563219, 6.0, 5.988505747126437, 5.988505747126437, 4.988505747126437, 5.0, 4.0, 4.0, 4.0, 4.0, 3.9942528735632186, 3.9942528735632186, 4.0, 3.0, 3.0, 3.0, 2.9942528735632186, 2.9942528735632186, 3.0, 3.0, 3.0, 2.9942528735632186, 3.0, 3.0, 3.0, 3.0, 3.0, 2.9885057471264367, 2.9885057471264367, 2.9942528735632186, 2.9885057471264367, 2.9942528735632186, 2.9885057471264367, 2.9885057471264367, 2.9885057471264367, 2.9942528735632186, 2.9885057471264367, 2.9885057471264367, 2.9885057471264367, 2.9885057471264367, 2.9885057471264367, 2.9885057471264367, 2.9885057471264367, 2.9942528735632186, 2.9942528735632186, 2.982758620689655, 2.982758620689655, 2.9827586206896552, 2.9827586206896552, 2.9885057471264367, 2.9827586206896552, 2.9885057471264367, 2.9885057471264367, 2.9885057471264367, 2.9827586206896552, 2.9885057471264367, 2.9885057471264367, 3.0, 3.0, 2.9942528735632186, 3.0, 3.0, 2.9942528735632186, 2.9942528735632186, 2.9942528735632186, 2.9942528735632186, 2.9942528735632186, 2.9942528735632186, 2.9942528735632186, 2.9942528735632186, 3.0, 2.9942528735632186, 2.9942528735632186, 2.9942528735632186, 2.9942528735632186, 2.9942528735632186, 2.9942528735632186, 2.9885057471264367, 2.9885057471264367, 2.9885057471264367, 2.9885057471264367, 2.9885057471264367, 2.9885057471264367, 2.9885057471264367, 2.9885057471264367, 2.9885057471264367, 2.9885057471264367, 2.9885057471264367, 2.9885057471264367, 2.9885057471264367, 2.9885057471264367, 2.9885057471264367, 2.9885057471264367, 2.9885057471264367, 2.9885057471264367, 2.9885057471264367, 2.9885057471264367, 2.9885057471264367, 2.9827586206896552, 2.9885057471264367, 2.9885057471264367, 2.9827586206896552, 2.9885057471264367, 2.9885057471264367, 2.9885057471264367, 2.9885057471264367, 2.9885057471264367, 2.9885057471264367, 2.9885057471264367, 2.9885057471264367, 2.9885057471264367, 2.9885057471264367, 2.9885057471264367, 2.9885057471264367, 2.9885057471264367, 2.9885057471264367, 2.9827586206896552, 2.9827586206896552, 2.9885057471264367, 2.9885057471264367, 2.9885057471264367, 2.9885057471264367, 2.9885057471264367, 2.9885057471264367, 2.9885057471264367, 2.9885057471264367, 2.982758620689655, 2.9885057471264367, 2.9885057471264367, 2.9885057471264367, 2.9885057471264367, 2.9885057471264367, 2.9885057471264367, 2.9885057471264367, 2.9885057471264367, 2.9885057471264367, 2.9885057471264367, 2.9885057471264367, 2.982758620689655, 2.982758620689655, 2.9770114942528734, 2.9885057471264367, 2.982758620689655, 2.9885057471264367, 2.9885057471264367, 2.9885057471264367, 2.9885057471264367, 2.9885057471264367, 2.9885057471264367, 2.9885057471264367, 2.9885057471264367, 2.9885057471264367, 2.9885057471264367, 2.9885057471264367, 2.9885057471264367, 2.9885057471264367, 2.9885057471264367, 2.9885057471264367, 2.982758620689655, 1.9942528735632183, 1.9942528735632183, 1.9942528735632183, 1.9942528735632183, 1.9942528735632183, 1.9942528735632183, 1.9942528735632183, 1.9942528735632183, 1.9885057471264367, 1.9885057471264367, 1.9885057471264367, 1.9885057471264367, 1.9942528735632183, 1.9942528735632183, 1.9942528735632183, 1.9885057471264367, 1.9942528735632183, 1.9885057471264367, 1.9827586206896552, 1.9942528735632183, 1.9885057471264367, 1.9942528735632183, 1.9885057471264367, 1.9885057471264367, 1.9942528735632183, 1.9942528735632183, 1.9942528735632183, 1.9942528735632183, 1.9885057471264367, 1.9942528735632183, 1.9942528735632183, 1.9885057471264367, 1.9827586206896552, 1.9827586206896552, 1.9942528735632183, 1.9885057471264367, 1.9942528735632183, 1.9827586206896552, 1.9885057471264367, 1.9885057471264367, 1.9885057471264367, 1.9942528735632183, 1.9885057471264367, 1.9885057471264367, 1.9942528735632183, 1.9885057471264367, 1.9827586206896552, 1.9885057471264367, 1.9827586206896552, 1.9885057471264367, 1.9885057471264367, 1.9885057471264367, 1.9827586206896552, 1.9827586206896552, 1.9770114942528736, 1.9885057471264367, 1.9885057471264367, 1.9885057471264367, 1.9885057471264367, 1.9827586206896552, 1.9827586206896552, 1.9885057471264367, 1.9770114942528736, 1.9885057471264367, 1.9885057471264367, 1.9885057471264367, 1.9827586206896552, 1.9885057471264367, 1.9827586206896552, 1.9885057471264367, 1.9885057471264367, 1.9885057471264367, 1.9885057471264367, 1.9885057471264367, 1.9885057471264367, 1.9885057471264367, 1.9885057471264367, 1.9885057471264367, 1.9885057471264367, 1.9885057471264367, 1.9885057471264367, 1.9885057471264367, 1.9885057471264367, 1.9885057471264367, 1.9885057471264367, 1.9885057471264367, 1.9885057471264367, 1.9885057471264367, 1.9885057471264367, 1.9885057471264367, 1.9885057471264367, 1.9885057471264367, 1.9827586206896552, 1.9885057471264367, 1.9770114942528736, 1.9827586206896552, 1.9827586206896552, 1.9770114942528736, 1.9770114942528736, 1.9770114942528734, 1.9827586206896552, 1.9770114942528734, 1.971264367816092, 1.971264367816092, 1.971264367816092, 1.971264367816092, 1.971264367816092, 1.9655172413793105, 1.9655172413793105, 1.971264367816092, 1.9597701149425286]",0.7521652259348245,0.7842678826757352,2,"[33, 33, 33, 15, 12, 7, 6, 6, 6, 6, 6, 6, 6, 6, 6, 6, 6, 6, 6, 5, 5, 4, 4, 4, 4, 4, 4, 4, 3, 3, 3, 3, 3, 3, 3, 3, 3, 3, 3, 3, 3, 3, 3, 3, 3, 3, 3, 3, 3, 3, 3, 3, 3, 3, 3, 3, 3, 3, 3, 3, 3, 3, 3, 3, 3, 3, 3, 3, 3, 3, 3, 3, 3, 3, 3, 3, 3, 3, 3, 3, 3, 3, 3, 3, 3, 3, 3, 3, 3, 3, 3, 3, 3, 3, 3, 3, 3, 3, 3, 3, 3, 3, 3, 3, 3, 3, 3, 3, 3, 3, 3, 3, 3, 3, 3, 3, 3, 3, 3, 3, 3, 3, 3, 3, 3, 3, 3, 3, 3, 3, 3, 3, 3, 3, 3, 3, 3, 3, 3, 3, 3, 3, 3, 3, 3, 3, 3, 3, 3, 3, 3, 3, 3, 3, 3, 3, 3, 3, 3, 3, 3, 3, 3, 3, 3, 3, 3, 3, 3, 3, 3, 3, 3, 3, 2, 2, 2, 2, 2, 2, 2, 2, 2, 2, 2, 2, 2, 2, 2, 2, 2, 2, 2, 2, 2, 2, 2, 2, 2, 2, 2, 2, 2, 2, 2, 2, 2, 2, 2, 2, 2, 2, 2, 2, 2, 2, 2, 2, 2, 2, 2, 2, 2, 2, 2, 2, 2, 2, 2, 2, 2, 2, 2, 2, 2, 2, 2, 2, 2, 2, 2, 2, 2, 2, 2, 2, 2, 2, 2, 2, 2, 2, 2, 2, 2, 2, 2, 2, 2, 2, 2, 2, 2, 2, 2, 2, 2, 2, 2, 2, 2, 2, 2, 2, 2, 2, 2, 2, 2, 2, 2, 2, 2, 2, 2]",285,"[0.42182064056396484, 0.6743637323379517, 0.4469236731529236, 0.29972007870674133, 1.1224164962768555, 0.3127076327800751, 0.30973970890045166, 0.3362845182418823, 0.3783576190471649, 0.30320942401885986, 0.3380557596683502, 0.39400526881217957, 0.304036021232605, 0.32244792580604553, 0.30468201637268066, 0.34991729259490967, 1.1442044973373413, 0.4909658432006836, 0.32281190156936646, 0.32753247022628784, 1.1316823959350586, 0.660413920879364, 0.933258056640625, 0.3542478084564209, 1.491323709487915, 0.42280396819114685, 0.7964527606964111, 0.5343552231788635, 0.8925907611846924, 0.38555270433425903, 0.3741423487663269, 1.613399863243103, 0.334933876991272, 1.3182917833328247, 0.8446102142333984, 1.0947034358978271, 0.5120514035224915, 0.9182831645011902, 0.38010406494140625, 0.33001208305358887, 0.3618932366371155, 0.9060890674591064, 0.617229700088501, 1.3209437131881714, 0.3456147313117981, 0.32859691977500916, 0.8415988683700562, 0.44027501344680786, 1.354036808013916, 0.4056268036365509, 1.7745654582977295, 0.3157914876937866, 0.49689385294914246, 0.8147168755531311, 0.3384511172771454, 0.5895814895629883, 0.8432022333145142, 0.33152076601982117, 0.3147200047969818, 0.47924983501434326, 0.578991711139679, 0.618354320526123, 0.40597546100616455, 0.31522315740585327, 0.5095520615577698, 0.9413185715675354, 0.9147036075592041, 0.31923848390579224, 1.0147892236709595, 0.33770546317100525, 0.4214854836463928, 0.3224649131298065, 0.35893070697784424, 1.1608564853668213, 0.9150921106338501, 0.3865576982498169, 0.5678238272666931, 1.0039796829223633, 0.35864031314849854, 0.6793107390403748, 0.3593474328517914, 0.5938919186592102, 0.32338717579841614, 0.3252796530723572, 0.4597401022911072, 0.4888753592967987, 0.3467308282852173, 0.3162229061126709, 0.4578724205493927, 0.6661794185638428, 0.3468335270881653, 0.3426961898803711, 0.705351710319519, 0.4889228343963623, 0.38152486085891724, 0.33243194222450256, 0.3758309483528137, 1.1519218683242798, 0.5934110879898071, 0.32396644353866577, 0.31681928038597107, 0.35398098826408386, 0.3319039046764374, 0.3227861523628235, 1.4683071374893188, 0.34292054176330566, 0.3197268843650818, 0.3411579430103302, 0.36622992157936096, 0.38827937841415405, 1.0787793397903442, 0.5770560503005981, 0.3244474530220032, 0.5438219308853149, 0.4982764720916748, 0.3170870840549469, 0.3657335638999939, 0.31769049167633057, 0.31741780042648315, 0.31058260798454285, 0.7290698885917664, 0.5126548409461975, 0.463525652885437, 0.41642826795578003, 0.37670016288757324, 0.3071736991405487, 0.3169051706790924, 0.3410979211330414, 0.3193904459476471, 0.3488832116127014, 0.4383693039417267, 0.32538744807243347, 0.7109025716781616, 0.45563820004463196, 0.4084220230579376, 0.33564215898513794, 0.7201189398765564, 0.3245830833911896, 0.42552733421325684, 0.3234619200229645, 0.3443782925605774, 0.3139614760875702, 0.31327006220817566, 0.3914503753185272, 0.33044666051864624, 0.5749847292900085, 0.5265162587165833, 0.3419763445854187, 0.4061466157436371, 0.4268287718296051, 0.3652212619781494, 0.6096286773681641, 0.31217941641807556, 0.32302325963974, 0.36388328671455383, 0.5388519167900085, 0.9666488170623779, 0.31150710582733154, 0.3190627694129944, 0.5289981365203857, 0.33544686436653137, 0.3104875087738037, 0.3281797766685486, 0.6018847227096558, 0.3228563964366913, 0.3152606785297394, 0.34944257140159607, 0.3268372714519501, 0.8613506555557251, 0.7410849928855896, 0.5581455826759338, 1.5325807332992554, 0.31648388504981995, 0.31556814908981323, 0.34206074476242065, 0.9011577367782593, 0.7878655791282654, 0.4558921456336975, 0.5551447868347168, 0.6194053888320923, 0.5929909348487854, 0.6401417255401611, 0.38075777888298035, 0.9274768829345703, 0.6552081108093262, 0.34245234727859497, 0.38301196694374084, 0.9134362936019897, 0.4015985131263733, 0.338553786277771, 0.398506760597229, 1.2216438055038452, 0.35295426845550537, 0.8395091891288757, 0.4726111590862274, 0.3548303544521332, 0.34773990511894226, 0.6291718482971191, 0.3555467128753662, 0.4283563196659088, 0.6145114302635193, 0.9604694247245789, 0.3763510584831238, 0.38538238406181335, 0.5547398924827576, 0.3431098163127899, 0.4003075361251831, 0.5393611192703247, 0.4623927175998688, 1.091302514076233, 0.37058335542678833, 0.35123732686042786, 0.5449610948562622, 0.7113135457038879, 0.835096538066864, 0.5129722952842712, 0.3525851368904114, 0.39142921566963196, 0.3591010272502899, 0.4186656177043915, 1.8087481260299683, 0.367667019367218, 0.6926988959312439, 0.6055193543434143, 0.4016134738922119, 0.49740031361579895, 0.36150577664375305, 0.44493621587753296, 0.5396460890769958, 0.5782533884048462, 0.8295555710792542, 0.3542967140674591, 0.89167320728302, 0.9980958700180054, 0.3379902243614197, 0.35063090920448303, 1.1767816543579102, 1.2442841529846191, 0.5965549945831299, 1.3056672811508179, 0.43930134177207947, 0.544317364692688, 0.47574809193611145, 0.37850421667099, 0.529280424118042, 0.4422588646411896, 0.3795211911201477, 0.744559109210968, 0.3463802635669708, 0.35299399495124817, 0.40026581287384033, 0.353189080953598, 0.34651556611061096, 0.5288339257240295, 1.4021354913711548, 0.42427384853363037, 0.38935527205467224, 0.3397299647331238, 0.355634868144989, 0.3459080457687378, 1.283104658126831, 0.38366612792015076, 0.3877582848072052, 0.3637920320034027, 0.3608625829219818, 0.498940110206604, 0.9577845931053162, 0.41324174404144287, 0.4304448664188385, 0.6296378374099731, 0.5382921099662781, 0.36305397748947144, 0.3508220911026001, 0.4253922402858734, 0.41086146235466003, 0.35707858204841614, 0.34056612849235535, 1.7680593729019165, 0.9372695088386536, 0.838114321231842, 0.33712950348854065, 0.3417828679084778, 0.3791261613368988, 0.5085060596466064, 0.3523387610912323]",2.0,"[33.0, 33.0, 33.0, 15.0, 12.0, 7.0, 6.0, 6.0, 6.0, 6.0, 6.0, 6.0, 6.0, 6.0, 6.0, 6.0, 6.0, 6.0, 6.0, 5.0, 5.0, 4.0, 4.0, 4.0, 4.0, 4.0, 4.0, 4.0, 3.0, 3.0, 3.0, 3.0, 3.0, 3.0, 3.0, 3.0, 3.0, 3.0, 3.0, 3.0, 3.0, 3.0, 3.0, 3.0, 3.0, 3.0, 3.0, 3.0, 3.0, 3.0, 3.0, 3.0, 3.0, 3.0, 3.0, 3.0, 3.0, 3.0, 3.0, 3.0, 3.0, 3.0, 3.0, 3.0, 3.0, 3.0, 3.0, 3.0, 3.0, 3.0, 3.0, 3.0, 3.0, 3.0, 3.0, 3.0, 3.0, 3.0, 3.0, 3.0, 3.0, 3.0, 3.0, 3.0, 3.0, 3.0, 3.0, 3.0, 3.0, 3.0, 3.0, 3.0, 3.0, 3.0, 3.0, 3.0, 3.0, 3.0, 3.0, 3.0, 3.0, 3.0, 3.0, 3.0, 3.0, 3.0, 3.0, 3.0, 3.0, 3.0, 3.0, 3.0, 3.0, 3.0, 3.0, 3.0, 3.0, 3.0, 3.0, 3.0, 3.0, 3.0, 3.0, 3.0, 3.0, 3.0, 3.0, 3.0, 3.0, 3.0, 3.0, 3.0, 3.0, 3.0, 3.0, 3.0, 3.0, 3.0, 3.0, 3.0, 3.0, 3.0, 3.0, 3.0, 3.0, 3.0, 3.0, 3.0, 3.0, 3.0, 3.0, 3.0, 3.0, 3.0, 3.0, 3.0, 3.0, 3.0, 3.0, 3.0, 3.0, 3.0, 3.0, 3.0, 3.0, 3.0, 3.0, 3.0, 3.0, 3.0, 3.0, 3.0, 3.0, 3.0, 2.0, 2.0, 2.0, 2.0, 2.0, 2.0, 2.0, 2.0, 2.0, 2.0, 2.0, 2.0, 2.0, 2.0, 2.0, 2.0, 2.0, 2.0, 2.0, 2.0, 2.0, 2.0, 2.0, 2.0, 2.0, 2.0, 2.0, 2.0, 2.0, 2.0, 2.0, 2.0, 2.0, 2.0, 2.0, 2.0, 2.0, 2.0, 2.0, 2.0, 2.0, 2.0, 2.0, 2.0, 2.0, 2.0, 2.0, 2.0, 2.0, 2.0, 2.0, 2.0, 2.0, 2.0, 2.0, 2.0, 2.0, 2.0, 2.0, 2.0, 2.0, 2.0, 2.0, 2.0, 2.0, 2.0, 2.0, 2.0, 2.0, 2.0, 2.0, 2.0, 2.0, 2.0, 2.0, 2.0, 2.0, 2.0, 2.0, 2.0, 2.0, 2.0, 2.0, 2.0, 2.0, 2.0, 2.0, 2.0, 2.0, 2.0, 2.0, 2.0, 2.0, 2.0, 2.0, 2.0, 2.0, 2.0, 2.0, 2.0, 2.0, 2.0, 2.0, 2.0, 2.0, 2.0, 2.0, 2.0, 2.0, 2.0, 2.0]",COMPLETE
58,58,0.5,2024-08-31 03:33:29.565900,2024-08-31 03:38:00.173404,0 days 00:04:30.607504,1,2.096031773267402,5,180,0.004376024178336936,43,0.02003796091993785,0.859,0.85875,0,"[0, 0, 0, 0, 0, 0, 0, 0, 0, 0, 0, 0, 0, 0, 0, 0, 0, 0, 0, 0, 0, 0, 0, 0, 0, 0, 0, 0, 0, 0, 0, 0, 0, 0, 0, 0, 0, 0, 0, 0, 0, 0, 0, 0, 0, 0, 0, 0, 0, 0, 0, 0, 0, 0, 0, 0, 0, 0, 0, 0, 0, 0, 0, 0, 0, 0, 0, 0, 0, 0, 0, 0, 0, 0, 0, 0, 0, 0, 0, 0, 0, 0, 0, 0, 0, 0, 0, 0, 0, 0, 0, 0, 0, 0, 0, 0, 0, 0, 0, 0, 0, 0, 0, 0, 0, 0, 0, 0, 0, 0, 0, 0, 0, 0, 0, 0, 0, 0, 0, 0, 0, 0, 0, 0, 0, 0, 0, 0, 0, 0, 0, 0, 0, 0, 0, 0, 0, 0, 0, 0, 0, 0, 0, 0, 0, 0, 0, 0, 0, 0, 0, 0, 0, 0, 0, 0, 0, 0, 0, 0, 0, 0, 0, 0, 0, 0, 0, 0, 0, 0, 0, 0, 0, 0, 0, 0, 0, 0, 0, 0]",0.0,"[0.0, 0.0, 0.0, 0.0, 0.0, 0.0, 0.0, 0.0, 0.0, 0.0, 0.0, 0.0, 0.0, 0.0, 0.0, 0.0, 0.0, 0.0, 0.0, 0.0, 0.0, 0.0, 0.0, 0.0, 0.0, 0.0, 0.0, 0.0, 0.0, 0.0, 0.0, 0.0, 0.0, 0.0, 0.0, 0.0, 0.0, 0.0, 0.0, 0.0, 0.0, 0.0, 0.0, 0.0, 0.0, 0.0, 0.0, 0.0, 0.0, 0.0, 0.0, 0.0, 0.0, 0.0, 0.0, 0.0, 0.0, 0.0, 0.0, 0.0, 0.0, 0.0, 0.0, 0.0, 0.0, 0.0, 0.0, 0.0, 0.0, 0.0, 0.0, 0.0, 0.0, 0.0, 0.0, 0.0, 0.0, 0.0, 0.0, 0.0, 0.0, 0.0, 0.0, 0.0, 0.0, 0.0, 0.0, 0.0, 0.0, 0.0, 0.0, 0.0, 0.0, 0.0, 0.0, 0.0, 0.0, 0.0, 0.0, 0.0, 0.0, 0.0, 0.0, 0.0, 0.0, 0.0, 0.0, 0.0, 0.0, 0.0, 0.0, 0.0, 0.0, 0.0, 0.0, 0.0, 0.0, 0.0, 0.0, 0.0, 0.0, 0.0, 0.0, 0.0, 0.0, 0.0, 0.0, 0.0, 0.0, 0.0, 0.0, 0.0, 0.0, 0.0, 0.0, 0.0, 0.0, 0.0, 0.0, 0.0, 0.0, 0.0, 0.0, 0.0, 0.0, 0.0, 0.0, 0.0, 0.0, 0.0, 0.0, 0.0, 0.0, 0.0, 0.0, 0.0, 0.0, 0.0, 0.0, 0.0, 0.0, 0.0, 0.0, 0.0, 0.0, 0.0, 0.0, 0.0, 0.0, 0.0, 0.0, 0.0, 0.0, 0.0, 0.0, 0.0, 0.0, 0.0, 0.0, 0.0]",0.5,0.5,0,"[0, 0, 0, 0, 0, 0, 0, 0, 0, 0, 0, 0, 0, 0, 0, 0, 0, 0, 0, 0, 0, 0, 0, 0, 0, 0, 0, 0, 0, 0, 0, 0, 0, 0, 0, 0, 0, 0, 0, 0, 0, 0, 0, 0, 0, 0, 0, 0, 0, 0, 0, 0, 0, 0, 0, 0, 0, 0, 0, 0, 0, 0, 0, 0, 0, 0, 0, 0, 0, 0, 0, 0, 0, 0, 0, 0, 0, 0, 0, 0, 0, 0, 0, 0, 0, 0, 0, 0, 0, 0, 0, 0, 0, 0, 0, 0, 0, 0, 0, 0, 0, 0, 0, 0, 0, 0, 0, 0, 0, 0, 0, 0, 0, 0, 0, 0, 0, 0, 0, 0, 0, 0, 0, 0, 0, 0, 0, 0, 0, 0, 0, 0, 0, 0, 0, 0, 0, 0, 0, 0, 0, 0, 0, 0, 0, 0, 0, 0, 0, 0, 0, 0, 0, 0, 0, 0, 0, 0, 0, 0, 0, 0, 0, 0, 0, 0, 0, 0, 0, 0, 0, 0, 0, 0, 0, 0, 0, 0, 0, 0]",180,"[0.4196251332759857, 0.42440691590309143, 0.41093525290489197, 0.43057113885879517, 0.45371508598327637, 0.41169437766075134, 0.4072462320327759, 0.40740078687667847, 0.40784314274787903, 0.41271722316741943, 0.41091296076774597, 0.41870352625846863, 0.41481903195381165, 0.4224587380886078, 0.44237521290779114, 0.4262891113758087, 0.4131495952606201, 0.4561537206172943, 0.410785973072052, 0.45000728964805603, 0.4072306156158447, 0.4222943186759949, 0.4073663651943207, 0.410993754863739, 0.40744179487228394, 0.4116005301475525, 0.4130188226699829, 0.43560051918029785, 0.41474419832229614, 0.41248905658721924, 0.4073072373867035, 0.41384726762771606, 0.4133158028125763, 0.4082111418247223, 0.4158951938152313, 0.4184281826019287, 0.443002849817276, 0.4906427264213562, 0.426866352558136, 0.41055628657341003, 0.49188917875289917, 0.4414098262786865, 0.4214077293872833, 0.4072268307209015, 0.4078502357006073, 0.40772950649261475, 0.4229787588119507, 0.4079122245311737, 0.4911283552646637, 0.41829073429107666, 0.4106973707675934, 0.4342569410800934, 0.40735405683517456, 0.42877623438835144, 0.43961918354034424, 0.5715440511703491, 0.41045257449150085, 0.41286566853523254, 0.4197237491607666, 0.419119268655777, 0.4687364995479584, 0.4107109308242798, 0.4556768834590912, 0.43334007263183594, 0.4346153736114502, 0.40722617506980896, 0.41435372829437256, 0.41302645206451416, 0.4162760078907013, 0.425415962934494, 0.44624629616737366, 0.413295716047287, 0.4254232347011566, 0.40730154514312744, 0.44384264945983887, 0.41747280955314636, 0.4072537124156952, 0.4072416424751282, 0.40956294536590576, 0.4157291054725647, 0.4072260558605194, 0.4338454008102417, 0.40731489658355713, 0.41712307929992676, 0.40722617506980896, 0.4120286703109741, 0.4083772897720337, 0.4141984283924103, 0.4078418016433716, 0.4349939823150635, 0.40770694613456726, 0.4078303575515747, 0.4154164791107178, 0.41634640097618103, 0.40804606676101685, 0.40769892930984497, 0.4126879572868347, 0.41540417075157166, 0.44087448716163635, 0.4188665747642517, 0.43313246965408325, 0.40785664319992065, 0.5118409991264343, 0.4121650755405426, 0.40811407566070557, 0.4150965213775635, 0.4072262942790985, 0.40820297598838806, 0.4411624073982239, 0.41613876819610596, 0.41463950276374817, 0.44274693727493286, 0.41031697392463684, 0.44283756613731384, 0.4411132037639618, 0.4078514873981476, 0.4121800661087036, 0.4299362599849701, 0.4154282510280609, 0.4526430368423462, 0.46291786432266235, 0.40722665190696716, 0.40723899006843567, 0.41620367765426636, 0.40755629539489746, 0.4148719012737274, 0.40722668170928955, 0.40777388215065, 0.40722665190696716, 0.4094464182853699, 0.414662629365921, 0.4149387776851654, 0.4728047847747803, 0.4217117726802826, 0.40723538398742676, 0.4234398901462555, 0.4072283208370209, 0.41379207372665405, 0.4077855944633484, 0.41472774744033813, 0.41404658555984497, 0.4072442352771759, 0.4562795162200928, 0.41804733872413635, 0.40813958644866943, 0.41474246978759766, 0.4075385332107544, 0.4351407587528229, 0.42615044116973877, 0.41266316175460815, 0.41029778122901917, 0.4182833731174469, 0.4127350151538849, 0.4156087040901184, 0.41464072465896606, 0.40799346566200256, 0.42978009581565857, 0.45208483934402466, 0.42726612091064453, 0.6692788600921631, 0.40748655796051025, 0.4164581596851349, 0.4390595257282257, 0.4222416281700134, 0.4083752930164337, 0.41558295488357544, 0.4081367254257202, 0.4138326942920685, 0.4148350954055786, 0.4366159737110138, 0.42580586671829224, 0.43759387731552124, 0.4154541790485382, 0.4073111414909363, 0.48077377676963806, 0.41436731815338135, 0.40803736448287964, 0.41258135437965393, 0.407739520072937, 0.4394502341747284]",0.0,"[0.0, 0.0, 0.0, 0.0, 0.0, 0.0, 0.0, 0.0, 0.0, 0.0, 0.0, 0.0, 0.0, 0.0, 0.0, 0.0, 0.0, 0.0, 0.0, 0.0, 0.0, 0.0, 0.0, 0.0, 0.0, 0.0, 0.0, 0.0, 0.0, 0.0, 0.0, 0.0, 0.0, 0.0, 0.0, 0.0, 0.0, 0.0, 0.0, 0.0, 0.0, 0.0, 0.0, 0.0, 0.0, 0.0, 0.0, 0.0, 0.0, 0.0, 0.0, 0.0, 0.0, 0.0, 0.0, 0.0, 0.0, 0.0, 0.0, 0.0, 0.0, 0.0, 0.0, 0.0, 0.0, 0.0, 0.0, 0.0, 0.0, 0.0, 0.0, 0.0, 0.0, 0.0, 0.0, 0.0, 0.0, 0.0, 0.0, 0.0, 0.0, 0.0, 0.0, 0.0, 0.0, 0.0, 0.0, 0.0, 0.0, 0.0, 0.0, 0.0, 0.0, 0.0, 0.0, 0.0, 0.0, 0.0, 0.0, 0.0, 0.0, 0.0, 0.0, 0.0, 0.0, 0.0, 0.0, 0.0, 0.0, 0.0, 0.0, 0.0, 0.0, 0.0, 0.0, 0.0, 0.0, 0.0, 0.0, 0.0, 0.0, 0.0, 0.0, 0.0, 0.0, 0.0, 0.0, 0.0, 0.0, 0.0, 0.0, 0.0, 0.0, 0.0, 0.0, 0.0, 0.0, 0.0, 0.0, 0.0, 0.0, 0.0, 0.0, 0.0, 0.0, 0.0, 0.0, 0.0, 0.0, 0.0, 0.0, 0.0, 0.0, 0.0, 0.0, 0.0, 0.0, 0.0, 0.0, 0.0, 0.0, 0.0, 0.0, 0.0, 0.0, 0.0, 0.0, 0.0, 0.0, 0.0, 0.0, 0.0, 0.0, 0.0, 0.0, 0.0, 0.0, 0.0, 0.0, 0.0]",COMPLETE
