,number,value,datetime_start,datetime_complete,duration,params_batch_size_scaler,params_constant_learning_rate,params_depth,params_epochs,params_kernel_l2,params_num_trees,params_temperature,user_attrs_accuracy_test,user_attrs_accuracy_valid,user_attrs_approximate_feature_sparsity,user_attrs_approximate_feature_sparsity_history,user_attrs_approximate_weight_sparsity,user_attrs_approximate_weight_sparsity_history,user_attrs_auc_test,user_attrs_auc_valid,user_attrs_feature_sparsity,user_attrs_feature_sparsity_history,user_attrs_num_epochs,user_attrs_val_loss_history,user_attrs_weight_sparsity,user_attrs_weight_sparsity_history,state
37,37,0.6993082660277465,2024-08-31 02:01:48.411045,2024-08-31 02:04:50.727802,0 days 00:03:02.316757,64,0.012336701873702002,6,350,0.11825688258167474,37,0.0003680530346188891,0.859,0.85875,33,"[33, 33, 33, 33, 33, 33, 33, 33, 33, 33, 33, 33, 33, 33, 33, 33, 33, 33, 33, 33, 33, 33, 33, 33, 33, 33, 33, 33, 33, 33, 33, 33, 33, 33, 33, 33, 33, 33, 33, 33, 33, 33, 33, 33, 33, 33, 33, 33, 33, 33, 33, 33, 33, 33, 33, 33, 33, 33, 33, 33, 33, 33, 33, 33, 33, 33, 33, 33, 33, 33, 33, 33, 33, 33, 33, 33, 33, 33, 33, 33, 33, 33, 33, 33, 33, 33, 33, 33, 33, 33, 33, 33, 33, 33, 33, 33, 33, 33, 33, 33, 33, 33, 33, 33, 33, 33, 33, 33, 33, 33, 33, 33, 33, 33, 33, 33, 33, 33, 33, 33, 33, 33, 33, 33, 33, 33, 33, 33, 33, 33, 33, 33, 33, 33, 33, 33, 33, 33, 33, 33, 33, 33, 33, 33, 33, 33, 33, 33, 33, 33, 33, 33, 33, 33, 33, 33, 33, 33, 33, 33, 33, 33, 33, 33, 33, 33, 33, 33, 33, 33, 33, 33, 33, 33, 33, 33, 33, 33, 33, 33, 33, 33, 33, 33, 33, 33, 33, 33, 33, 33, 33, 33, 33, 33, 33, 33, 33, 33, 33, 33, 33, 33, 33, 33, 33, 33, 33, 33, 33, 33, 33, 33, 33, 33, 33, 33, 33, 33, 33, 33, 33, 33, 33, 33, 33, 33, 33, 33, 33, 33, 33, 33, 33, 33, 33, 33, 33, 33, 33, 33, 33, 33, 33, 33, 33, 33, 33, 33, 33, 33, 33, 33, 33, 33, 33, 33, 33, 33, 33, 33, 33, 33, 33, 33, 33, 33, 33, 33, 33, 33, 33, 33, 33, 33, 33, 33, 33, 33, 33, 33, 33, 33, 33, 33, 33, 33, 33, 33, 33, 33, 33, 33, 33, 33, 33, 33, 33, 33, 33, 33, 33, 33, 33, 33, 33, 33, 33, 33, 33, 33, 33, 33, 33, 33, 33, 33, 33, 33, 33, 33, 33, 33, 33, 33, 33, 33, 33, 33, 33, 33, 33, 33, 33, 33, 33, 33, 33, 33, 33, 33, 33, 33, 33, 33, 33, 33, 33, 33, 33, 33]",32.94036894036894,"[32.93822393822394, 32.938652938652936, 32.93693693693694, 32.935649935649934, 32.933933933933936, 32.92792792792793, 32.92621192621193, 32.92878592878593, 32.92964392964393, 32.92878592878593, 32.92706992706993, 32.92792792792793, 32.92878592878593, 32.933504933504935, 32.930930930930934, 32.92878592878593, 32.92621192621193, 32.925782925782926, 32.92492492492492, 32.92749892749893, 32.92878592878593, 32.92878592878593, 32.92706992706992, 32.927927927927925, 32.92406692406693, 32.92706992706992, 32.928356928356926, 32.927927927927925, 32.92664092664093, 32.93007293007293, 32.93178893178893, 32.933933933933936, 32.93135993135993, 32.927927927927925, 32.925353925353924, 32.92492492492492, 32.92492492492492, 32.92449592449592, 32.925782925782926, 32.927927927927925, 32.927927927927925, 32.92621192621193, 32.928356928356926, 32.92749892749893, 32.92706992706993, 32.925782925782926, 32.92664092664093, 32.92964392964393, 32.93007293007293, 32.93221793221793, 32.93178893178894, 32.93264693264694, 32.930930930930934, 32.93307593307593, 32.93178893178893, 32.93264693264693, 32.931359931359935, 32.93007293007293, 32.93178893178893, 32.93221793221793, 32.93607893607894, 32.93564993564994, 32.935649935649934, 32.93522093522093, 32.933075933075926, 32.93264693264693, 32.93264693264693, 32.930930930930934, 32.93007293007293, 32.93135993135993, 32.92964392964393, 32.928356928356926, 32.92921492921493, 32.92921492921493, 32.93050193050193, 32.93007293007293, 32.93135993135993, 32.93135993135993, 32.93093093093093, 32.93135993135993, 32.93307593307593, 32.933933933933936, 32.936078936078935, 32.936078936078935, 32.936078936078935, 32.936078936078935, 32.93522093522093, 32.93436293436293, 32.933933933933936, 32.935649935649934, 32.93650793650794, 32.93736593736594, 32.93908193908194, 32.93650793650794, 32.93522093522093, 32.933933933933936, 32.93479193479193, 32.93393393393393, 32.93479193479193, 32.93264693264693, 32.93135993135993, 32.93264693264693, 32.93264693264693, 32.93178893178893, 32.93221793221793, 32.93221793221793, 32.93135993135993, 32.93093093093093, 32.930930930930934, 32.93050193050193, 32.93221793221793, 32.93307593307593, 32.93479193479193, 32.93436293436293, 32.93650793650794, 32.93522093522093, 32.936078936078935, 32.936078936078935, 32.93650793650794, 32.93650793650794, 32.938223938223935, 32.938652938652936, 32.93779493779494, 32.935649935649934, 32.93522093522093, 32.935649935649934, 32.936078936078935, 32.93522093522093, 32.93479193479194, 32.933933933933936, 32.93479193479193, 32.93436293436293, 32.933933933933936, 32.930930930930934, 32.93050193050193, 32.930930930930934, 32.93093093093093, 32.93007293007293, 32.930501930501926, 32.930072930072924, 32.928356928356926, 32.92921492921493, 32.92878592878593, 32.93093093093093, 32.93307593307593, 32.933933933933936, 32.93393393393393, 32.93307593307593, 32.93479193479194, 32.93522093522093, 32.935649935649934, 32.93650793650794, 32.93693693693694, 32.93736593736594, 32.935649935649934, 32.93693693693694, 32.935649935649934, 32.93479193479193, 32.93522093522093, 32.93178893178893, 32.93221793221793, 32.93135993135993, 32.93221793221793, 32.92964392964393, 32.93007293007293, 32.92921492921493, 32.93007293007293, 32.92964392964393, 32.92964392964393, 32.930501930501926, 32.92964392964393, 32.92921492921493, 32.92921492921493, 32.928356928356926, 32.927927927927925, 32.92878592878593, 32.93135993135993, 32.93178893178893, 32.93135993135993, 32.93264693264693, 32.93307593307593, 32.93393393393393, 32.933504933504935, 32.93264693264693, 32.93221793221793, 32.93221793221793, 32.93307593307593, 32.93307593307593, 32.93307593307593, 32.933504933504935, 32.93479193479194, 32.93522093522093, 32.935649935649934, 32.935649935649934, 32.935649935649934, 32.935649935649934, 32.93522093522093, 32.93522093522093, 32.933933933933936, 32.933933933933936, 32.933933933933936, 32.93436293436294, 32.93221793221793, 32.93221793221793, 32.933933933933936, 32.93436293436294, 32.933504933504935, 32.933504933504935, 32.93307593307593, 32.93264693264693, 32.933504933504935, 32.933504933504935, 32.933504933504935, 32.93307593307593, 32.93436293436294, 32.933933933933936, 32.933933933933936, 32.933504933504935, 32.933504933504935, 32.93264693264693, 32.933504933504935, 32.93436293436294, 32.935649935649934, 32.93436293436293, 32.93650793650794, 32.93693693693694, 32.935649935649934, 32.93693693693694, 32.93693693693694, 32.93650793650794, 32.936078936078935, 32.936078936078935, 32.93650793650793, 32.93650793650794, 32.93650793650794, 32.936078936078935, 32.936078936078935, 32.93650793650793, 32.93650793650793, 32.93736593736593, 32.93650793650794, 32.93736593736593, 32.93779493779493, 32.93736593736594, 32.93736593736594, 32.936078936078935, 32.93479193479194, 32.93436293436294, 32.93436293436293, 32.935649935649934, 32.93479193479194, 32.933933933933936, 32.933504933504935, 32.93350493350493, 32.93436293436293, 32.93564993564994, 32.93650793650794, 32.936078936078935, 32.938223938223935, 32.93908193908194, 32.93908193908194, 32.938652938652936, 32.93865293865294, 32.93865293865294, 32.939081939081944, 32.93865293865294, 32.93951093951094, 32.94036894036894, 32.938652938652936, 32.93908193908194, 32.93865293865294, 32.93865293865294, 32.93993993993994, 32.93951093951094, 32.93865293865294, 32.93779493779494, 32.93822393822394, 32.93865293865294, 32.938652938652936, 32.93908193908194, 32.94079794079794, 32.942084942084946, 32.941655941655945, 32.941226941226944, 32.94079794079794, 32.941226941226944, 32.93993993993994, 32.93908193908194, 32.93865293865294, 32.93865293865294, 32.93736593736594, 32.93779493779494, 32.93693693693694, 32.935649935649934, 32.93479193479193, 32.935649935649934, 32.93436293436294, 32.936078936078935, 32.93650793650794, 32.93479193479194, 32.933933933933936, 32.93264693264693, 32.93050193050193, 32.92878592878593, 32.928356928356926, 32.92878592878593, 32.93007293007293, 32.92964392964393, 32.92964392964393, 32.92964392964393, 32.92921492921493, 32.92964392964393, 32.92878592878593, 32.93264693264694, 32.931359931359935, 32.93264693264693, 32.93307593307593, 32.93221793221794, 32.93221793221794, 32.930930930930934, 32.930930930930934, 32.93007293007293, 32.930930930930934, 32.93050193050193, 32.92964392964393, 32.931359931359935, 32.93264693264693, 32.930930930930934, 32.93221793221793, 32.933504933504935, 32.93522093522093, 32.93479193479194, 32.935649935649934, 32.93650793650794, 32.93736593736594, 32.939081939081944, 32.939081939081944, 32.93779493779494, 32.935649935649934, 32.93479193479194, 32.93479193479194, 32.933504933504935, 32.93479193479194, 32.93522093522094, 32.93822393822394, 32.93908193908194, 32.93951093951094, 32.93951093951094, 32.93865293865294, 32.94036894036894]",0.7309588091050949,0.6993082660277465,33,"[33, 33, 33, 33, 33, 33, 33, 33, 33, 33, 33, 33, 33, 33, 33, 33, 33, 33, 33, 33, 33, 33, 33, 33, 33, 33, 33, 33, 33, 33, 33, 33, 33, 33, 33, 33, 33, 33, 33, 33, 33, 33, 33, 33, 33, 33, 33, 33, 33, 33, 33, 33, 33, 33, 33, 33, 33, 33, 33, 33, 33, 33, 33, 33, 33, 33, 33, 33, 33, 33, 33, 33, 33, 33, 33, 33, 33, 33, 33, 33, 33, 33, 33, 33, 33, 33, 33, 33, 33, 33, 33, 33, 33, 33, 33, 33, 33, 33, 33, 33, 33, 33, 33, 33, 33, 33, 33, 33, 33, 33, 33, 33, 33, 33, 33, 33, 33, 33, 33, 33, 33, 33, 33, 33, 33, 33, 33, 33, 33, 33, 33, 33, 33, 33, 33, 33, 33, 33, 33, 33, 33, 33, 33, 33, 33, 33, 33, 33, 33, 33, 33, 33, 33, 33, 33, 33, 33, 33, 33, 33, 33, 33, 33, 33, 33, 33, 33, 33, 33, 33, 33, 33, 33, 33, 33, 33, 33, 33, 33, 33, 33, 33, 33, 33, 33, 33, 33, 33, 33, 33, 33, 33, 33, 33, 33, 33, 33, 33, 33, 33, 33, 33, 33, 33, 33, 33, 33, 33, 33, 33, 33, 33, 33, 33, 33, 33, 33, 33, 33, 33, 33, 33, 33, 33, 33, 33, 33, 33, 33, 33, 33, 33, 33, 33, 33, 33, 33, 33, 33, 33, 33, 33, 33, 33, 33, 33, 33, 33, 33, 33, 33, 33, 33, 33, 33, 33, 33, 33, 33, 33, 33, 33, 33, 33, 33, 33, 33, 33, 33, 33, 33, 33, 33, 33, 33, 33, 33, 33, 33, 33, 33, 33, 33, 33, 33, 33, 33, 33, 33, 33, 33, 33, 33, 33, 33, 33, 33, 33, 33, 33, 33, 33, 33, 33, 33, 33, 33, 33, 33, 33, 33, 33, 33, 33, 33, 33, 33, 33, 33, 33, 33, 33, 33, 33, 33, 33, 33, 33, 33, 33, 33, 33, 33, 33, 33, 33, 33, 33, 33, 33, 33, 33, 33, 33, 33, 33, 33, 33, 33, 33]",350,"[0.8410802483558655, 0.8270547986030579, 0.8136270642280579, 0.8002856969833374, 0.7873360514640808, 0.7749796509742737, 0.7632473707199097, 0.7518205046653748, 0.7410069108009338, 0.7303390502929688, 0.7199854254722595, 0.7101381421089172, 0.7004858255386353, 0.6912569999694824, 0.6824390888214111, 0.674206018447876, 0.6659088134765625, 0.6577509045600891, 0.6499482989311218, 0.6425685882568359, 0.6351786255836487, 0.6282530426979065, 0.621311366558075, 0.6146180033683777, 0.6083559393882751, 0.6021952033042908, 0.5963538885116577, 0.5906645655632019, 0.5854066610336304, 0.5797951817512512, 0.5744630098342896, 0.5694117546081543, 0.5645888447761536, 0.5600990056991577, 0.5558546185493469, 0.5514737367630005, 0.5472055077552795, 0.5430519580841064, 0.5390570163726807, 0.5353047251701355, 0.5315478444099426, 0.5279250741004944, 0.5243942737579346, 0.5209996104240417, 0.5175803899765015, 0.5142927765846252, 0.511334240436554, 0.5082418918609619, 0.5053669810295105, 0.5025684237480164, 0.4998197555541992, 0.49708813428878784, 0.49441611766815186, 0.49208277463912964, 0.4897446930408478, 0.48738038539886475, 0.4850062429904938, 0.4828695058822632, 0.4808589220046997, 0.4787600338459015, 0.4767192006111145, 0.474778413772583, 0.4728846848011017, 0.4710313379764557, 0.46932488679885864, 0.467520534992218, 0.46600037813186646, 0.4644070565700531, 0.46281737089157104, 0.4612475633621216, 0.45966124534606934, 0.45821118354797363, 0.45669132471084595, 0.4553682208061218, 0.4539782702922821, 0.45269474387168884, 0.4513884484767914, 0.45011797547340393, 0.4490518271923065, 0.44784310460090637, 0.44670599699020386, 0.445527583360672, 0.44436609745025635, 0.4432826638221741, 0.4422798454761505, 0.44130247831344604, 0.4403967559337616, 0.4394451081752777, 0.43854281306266785, 0.43774548172950745, 0.436867892742157, 0.4360140264034271, 0.4351605474948883, 0.43434983491897583, 0.4334910213947296, 0.4326719641685486, 0.4319393038749695, 0.4312056601047516, 0.4304541051387787, 0.42978399991989136, 0.4291307032108307, 0.42842698097229004, 0.42780831456184387, 0.4271244406700134, 0.4264926016330719, 0.425842821598053, 0.42519837617874146, 0.424616277217865, 0.42403319478034973, 0.4234229028224945, 0.42288076877593994, 0.42244043946266174, 0.42198681831359863, 0.42151105403900146, 0.4210079312324524, 0.42053091526031494, 0.4200395345687866, 0.41950780153274536, 0.4190537929534912, 0.41855576634407043, 0.4181067943572998, 0.417656809091568, 0.4172348380088806, 0.41675904393196106, 0.416349321603775, 0.4159487783908844, 0.415510356426239, 0.41516634821891785, 0.4147970676422119, 0.4144420921802521, 0.41409972310066223, 0.41379836201667786, 0.4134672284126282, 0.4131142497062683, 0.4127659201622009, 0.4124642610549927, 0.4121467173099518, 0.41180405020713806, 0.4114682376384735, 0.41115206480026245, 0.4108646512031555, 0.4105382263660431, 0.41023242473602295, 0.40991145372390747, 0.40961143374443054, 0.4093196988105774, 0.40904900431632996, 0.40876349806785583, 0.40849921107292175, 0.4082382619380951, 0.40797287225723267, 0.40772849321365356, 0.4075232446193695, 0.40730172395706177, 0.40702584385871887, 0.4068089425563812, 0.4065701961517334, 0.4063642919063568, 0.4061358571052551, 0.4059252142906189, 0.40572816133499146, 0.405561625957489, 0.40534496307373047, 0.4051535725593567, 0.4049476981163025, 0.40471208095550537, 0.40450650453567505, 0.4043537378311157, 0.4041663408279419, 0.4040011167526245, 0.4038046896457672, 0.4036272168159485, 0.40346571803092957, 0.4032796621322632, 0.4031106233596802, 0.4029585123062134, 0.40280574560165405, 0.4026222229003906, 0.40249496698379517, 0.40233513712882996, 0.40219229459762573, 0.4020357131958008, 0.4018990993499756, 0.4017391502857208, 0.40160590410232544, 0.40146270394325256, 0.40129876136779785, 0.40115755796432495, 0.40104570984840393, 0.40089309215545654, 0.40072622895240784, 0.4005938470363617, 0.4004555642604828, 0.400340735912323, 0.4002130925655365, 0.40007340908050537, 0.3999651074409485, 0.3998371362686157, 0.39972415566444397, 0.39960038661956787, 0.39945828914642334, 0.39931347966194153, 0.39919334650039673, 0.39907750487327576, 0.39896687865257263, 0.39885661005973816, 0.39877253770828247, 0.39865151047706604, 0.3985702097415924, 0.3984620273113251, 0.3983711302280426, 0.398286372423172, 0.3981746435165405, 0.39807265996932983, 0.39798980951309204, 0.3979042172431946, 0.397822767496109, 0.39775416254997253, 0.3976512551307678, 0.3975721001625061, 0.3974895775318146, 0.3973979651927948, 0.39730599522590637, 0.39722633361816406, 0.3971351385116577, 0.39703047275543213, 0.39693939685821533, 0.39687788486480713, 0.39678847789764404, 0.39670246839523315, 0.3966113030910492, 0.39652687311172485, 0.3964430093765259, 0.3963688910007477, 0.39628276228904724, 0.3961998224258423, 0.39613237977027893, 0.39604300260543823, 0.39595580101013184, 0.3958653211593628, 0.395796537399292, 0.3957284092903137, 0.39566391706466675, 0.39558276534080505, 0.3955206573009491, 0.3954415023326874, 0.3953744173049927, 0.3953196406364441, 0.3952491283416748, 0.39517533779144287, 0.39510369300842285, 0.39504483342170715, 0.39498355984687805, 0.39491283893585205, 0.39483243227005005, 0.39475083351135254, 0.3946909010410309, 0.39463871717453003, 0.3945702612400055, 0.3944932520389557, 0.39442363381385803, 0.3943565785884857, 0.39428988099098206, 0.3942287862300873, 0.39418259263038635, 0.3941248059272766, 0.3940773904323578, 0.39401140809059143, 0.3939441442489624, 0.3938800096511841, 0.39382797479629517, 0.3937872350215912, 0.3937377631664276, 0.3936716318130493, 0.3936312198638916, 0.3935788869857788, 0.39351949095726013, 0.3934697210788727, 0.3934093415737152, 0.39333927631378174, 0.39328375458717346, 0.39323776960372925, 0.39317789673805237, 0.3931354880332947, 0.3930768668651581, 0.3930272161960602, 0.3929787576198578, 0.39292895793914795, 0.39288443326950073, 0.39282503724098206, 0.39277753233909607, 0.39272141456604004, 0.39266663789749146, 0.3926171362400055, 0.3925710916519165, 0.39252108335494995, 0.3924768567085266, 0.3924357295036316, 0.39239728450775146, 0.3923366963863373, 0.3922847509384155, 0.39222872257232666, 0.39218178391456604, 0.39213141798973083, 0.3920835256576538, 0.39203980565071106, 0.39200493693351746, 0.39196857810020447, 0.39191848039627075, 0.39187636971473694, 0.39182811975479126, 0.3917802572250366, 0.3917398154735565, 0.39169129729270935, 0.3916417956352234, 0.391598105430603, 0.39155521988868713, 0.39151495695114136, 0.3914717435836792, 0.39143380522727966, 0.3913950026035309, 0.3913506269454956, 0.39131030440330505, 0.3912751078605652, 0.3912263810634613, 0.3911866247653961, 0.39114007353782654, 0.3911147713661194, 0.39107000827789307, 0.39102408289909363, 0.3909797966480255, 0.39093995094299316, 0.3909093737602234, 0.3908703625202179, 0.39083361625671387, 0.3907991647720337, 0.39075079560279846, 0.3907223641872406, 0.39068135619163513, 0.39064690470695496, 0.3906005620956421, 0.3905601501464844, 0.39052435755729675, 0.39048224687576294, 0.390448659658432, 0.3904019296169281, 0.3903598487377167, 0.39032334089279175, 0.39027881622314453, 0.3902382254600525]",33.0,"[33.0, 33.0, 33.0, 33.0, 33.0, 33.0, 33.0, 33.0, 33.0, 33.0, 33.0, 33.0, 33.0, 33.0, 33.0, 33.0, 33.0, 33.0, 33.0, 33.0, 33.0, 33.0, 33.0, 33.0, 33.0, 33.0, 33.0, 33.0, 33.0, 33.0, 33.0, 33.0, 33.0, 33.0, 33.0, 33.0, 33.0, 33.0, 33.0, 33.0, 33.0, 33.0, 33.0, 33.0, 33.0, 33.0, 33.0, 33.0, 33.0, 33.0, 33.0, 33.0, 33.0, 33.0, 33.0, 33.0, 33.0, 33.0, 33.0, 33.0, 33.0, 33.0, 33.0, 33.0, 33.0, 33.0, 33.0, 33.0, 33.0, 33.0, 33.0, 33.0, 33.0, 33.0, 33.0, 33.0, 33.0, 33.0, 33.0, 33.0, 33.0, 33.0, 33.0, 33.0, 33.0, 33.0, 33.0, 33.0, 33.0, 33.0, 33.0, 33.0, 33.0, 33.0, 33.0, 33.0, 33.0, 33.0, 33.0, 33.0, 33.0, 33.0, 33.0, 33.0, 33.0, 33.0, 33.0, 33.0, 33.0, 33.0, 33.0, 33.0, 33.0, 33.0, 33.0, 33.0, 33.0, 33.0, 33.0, 33.0, 33.0, 33.0, 33.0, 33.0, 33.0, 33.0, 33.0, 33.0, 33.0, 33.0, 33.0, 33.0, 33.0, 33.0, 33.0, 33.0, 33.0, 33.0, 33.0, 33.0, 33.0, 33.0, 33.0, 33.0, 33.0, 33.0, 33.0, 33.0, 33.0, 33.0, 33.0, 33.0, 33.0, 33.0, 33.0, 33.0, 33.0, 33.0, 33.0, 33.0, 33.0, 33.0, 33.0, 33.0, 33.0, 33.0, 33.0, 33.0, 33.0, 33.0, 33.0, 33.0, 33.0, 33.0, 33.0, 33.0, 33.0, 33.0, 33.0, 33.0, 33.0, 33.0, 33.0, 33.0, 33.0, 33.0, 33.0, 33.0, 33.0, 33.0, 33.0, 33.0, 33.0, 33.0, 33.0, 33.0, 33.0, 33.0, 33.0, 33.0, 33.0, 33.0, 33.0, 33.0, 33.0, 33.0, 33.0, 33.0, 33.0, 33.0, 33.0, 33.0, 33.0, 33.0, 33.0, 33.0, 33.0, 33.0, 33.0, 33.0, 33.0, 33.0, 33.0, 33.0, 33.0, 33.0, 33.0, 33.0, 33.0, 33.0, 33.0, 33.0, 33.0, 33.0, 33.0, 33.0, 33.0, 33.0, 33.0, 33.0, 33.0, 33.0, 33.0, 33.0, 33.0, 33.0, 33.0, 33.0, 33.0, 33.0, 33.0, 33.0, 33.0, 33.0, 33.0, 33.0, 33.0, 33.0, 33.0, 33.0, 33.0, 33.0, 33.0, 33.0, 33.0, 33.0, 33.0, 33.0, 33.0, 33.0, 33.0, 33.0, 33.0, 33.0, 33.0, 33.0, 33.0, 33.0, 33.0, 33.0, 33.0, 33.0, 33.0, 33.0, 33.0, 33.0, 33.0, 33.0, 33.0, 33.0, 33.0, 33.0, 33.0, 33.0, 33.0, 33.0, 33.0, 33.0, 33.0, 33.0, 33.0, 33.0, 33.0, 33.0, 33.0, 33.0, 33.0, 33.0, 33.0, 33.0, 33.0, 33.0, 33.0, 33.0, 33.0, 33.0, 33.0, 33.0, 33.0, 33.0, 33.0, 33.0, 33.0, 33.0, 33.0, 33.0, 33.0, 33.0, 33.0, 33.0, 33.0, 33.0, 33.0, 33.0, 33.0, 33.0, 33.0, 33.0, 33.0, 33.0, 33.0, 33.0, 33.0, 33.0, 33.0, 33.0, 33.0, 33.0, 33.0, 33.0]",COMPLETE
