,number,value,datetime_start,datetime_complete,duration,params_batch_size_scaler,params_constant_learning_rate,params_depth,params_epochs,params_kernel_l2,params_num_trees,params_temperature,user_attrs_accuracy_test,user_attrs_accuracy_valid,user_attrs_approximate_feature_sparsity,user_attrs_approximate_feature_sparsity_history,user_attrs_approximate_weight_sparsity,user_attrs_approximate_weight_sparsity_history,user_attrs_auc_test,user_attrs_auc_valid,user_attrs_feature_sparsity,user_attrs_feature_sparsity_history,user_attrs_num_epochs,user_attrs_val_loss_history,user_attrs_weight_sparsity,user_attrs_weight_sparsity_history,state
120,120,0.9050121729721374,2024-08-31 06:17:32.648474,2024-08-31 06:19:13.573973,0 days 00:01:40.925499,16,0.039219165985105754,3,500,0.013826411824502173,43,0.0950829441999025,0.894,0.8925,33,"[33, 33, 33, 33, 33, 33, 33, 33, 33, 33, 33, 33, 33, 33, 33, 33, 33, 33, 33, 33, 33, 33, 33, 33, 33, 33, 33, 33, 33, 33, 33, 33, 33, 33, 33, 33, 33, 33, 33, 33, 33, 33, 33, 33, 33, 33, 33, 33, 33, 33, 33, 33, 33, 33, 33, 33, 33, 33, 33, 33, 33, 33, 33, 33, 33, 33, 33, 33, 33, 33, 33, 33, 33, 33, 33, 33, 33, 33, 33, 33, 33, 33, 33, 33, 33, 33, 33, 33, 33, 33, 33, 33, 33, 33, 33, 33, 33, 33, 33, 33, 33, 33, 33, 33, 33, 33, 33, 33, 33, 33, 33, 33, 33, 33, 33, 33, 33, 33, 33, 33, 33, 33, 33, 33, 33, 33, 33, 33, 33, 33, 33, 33, 33, 33, 33, 33, 33, 33, 33, 33, 33, 33, 33, 33, 33, 33, 33, 33, 33, 33, 33, 33, 33, 33, 33, 33, 33, 33, 33, 33, 33, 33, 33, 33, 33, 33, 33, 33, 33, 33, 33, 33, 33, 33, 33, 33, 33, 33, 33, 33, 33, 33, 33, 33, 33, 33, 33, 33, 33, 33, 33, 33, 33, 33, 33, 33, 33, 33, 33, 33, 33, 33, 33, 33, 33, 33, 33, 33, 33, 33, 33, 33, 33, 33, 33, 33, 33, 33, 33, 33, 33, 33, 33, 33, 33, 33, 33, 33, 33, 33, 33, 33, 33, 33, 33, 33, 33, 33, 33, 33, 33, 33, 33, 33, 33, 33, 33, 33, 33, 33, 33, 33, 33, 33, 33, 33, 33, 33, 33, 33, 33, 33, 33, 33, 33, 33, 33, 33, 33, 33, 33, 33, 33, 33, 33, 33, 33, 33, 33, 33, 33, 33, 33, 33, 33, 33, 33, 33, 33, 33, 33, 33, 33, 33, 33, 33, 33, 33, 33, 33, 33, 33, 33, 33, 33, 33, 33, 33, 33, 33, 33, 33, 33, 33, 33, 33, 33, 33, 33, 33, 33, 33, 33, 33, 33, 33, 33, 33, 33, 33, 33, 33, 33, 33, 33, 33, 33, 33, 33, 33, 33, 33, 33, 33, 33, 33, 33, 33, 33, 33, 33, 33, 33, 33, 33, 33, 33, 33, 33, 33, 33, 33, 33, 33, 33, 33, 33, 33, 33, 33, 33, 33, 33, 33, 33, 33, 33, 33, 33, 33, 33, 33, 33, 33, 33, 33, 33, 33, 33, 33, 33, 33, 33, 33, 33, 33, 33, 33, 33, 33, 33, 33, 33, 33, 33, 33, 33, 33, 33, 33, 33, 33, 33, 33, 33, 33, 33, 33, 33, 33, 33, 33, 33, 33, 33, 33, 33, 33, 33, 33, 33, 33, 33, 33, 33, 33, 33, 33, 33, 33, 33, 33, 33, 33, 33, 33, 33, 33, 33, 33, 33, 33, 33, 33, 33, 33, 33, 33, 33, 33, 33, 33, 33, 33, 33, 33, 33, 33, 33, 33, 33, 33, 33, 33, 33, 33, 33, 33, 33, 33, 33, 33, 33, 33, 33, 33, 33, 33, 33, 33, 33, 33, 33, 33, 33, 33, 33, 33, 33, 33]",32.96013289036544,"[32.966777408637874, 32.95016611295681, 32.966777408637874, 32.9734219269103, 32.970099667774086, 32.966777408637874, 32.966777408637874, 32.9734219269103, 32.970099667774086, 32.97674418604651, 32.96677740863787, 32.97674418604651, 32.98006644518273, 32.970099667774086, 32.9734219269103, 32.98671096345515, 32.97674418604651, 32.9734219269103, 32.966777408637874, 32.98006644518272, 32.96013289036545, 32.96013289036545, 32.966777408637874, 32.966777408637874, 32.970099667774086, 32.97674418604651, 32.9734219269103, 32.970099667774086, 32.970099667774086, 32.966777408637874, 32.97674418604651, 32.9734219269103, 32.9734219269103, 32.9734219269103, 32.97674418604651, 32.9734219269103, 32.97674418604651, 32.98006644518272, 32.98006644518273, 32.98006644518272, 32.9734219269103, 32.970099667774086, 32.966777408637874, 32.96345514950166, 32.970099667774086, 32.9734219269103, 32.97674418604651, 32.98338870431893, 32.98006644518272, 32.96677740863787, 32.98671096345515, 32.98006644518272, 32.966777408637874, 32.97674418604651, 32.97674418604651, 32.9734219269103, 32.9734219269103, 32.98338870431893, 32.970099667774086, 32.97674418604651, 32.9734219269103, 32.98006644518273, 32.97674418604651, 32.9734219269103, 32.96013289036544, 32.970099667774086, 32.970099667774086, 32.970099667774086, 32.96345514950166, 32.9734219269103, 32.9734219269103, 32.96013289036544, 32.96013289036545, 32.966777408637874, 32.970099667774086, 32.96345514950166, 32.966777408637874, 32.9734219269103, 32.970099667774086, 32.966777408637874, 32.966777408637874, 32.96345514950166, 32.970099667774086, 32.9734219269103, 32.970099667774086, 32.9734219269103, 32.970099667774086, 32.9734219269103, 32.963455149501655, 32.95681063122923, 32.966777408637874, 32.97674418604651, 32.97674418604651, 32.98338870431894, 32.97674418604651, 32.970099667774086, 32.966777408637874, 32.9734219269103, 32.9734219269103, 32.95681063122923, 32.96013289036544, 32.9734219269103, 32.96345514950166, 32.96013289036544, 32.96345514950166, 32.96013289036545, 32.96013289036545, 32.96345514950166, 32.95681063122923, 32.943521594684384, 32.970099667774086, 32.98338870431894, 32.98006644518272, 32.97674418604651, 32.97674418604651, 32.98006644518272, 32.97674418604651, 32.97674418604651, 32.98006644518272, 32.98006644518272, 32.97674418604651, 32.970099667774086, 32.9734219269103, 32.98338870431893, 32.98338870431893, 32.98338870431893, 32.97674418604651, 32.970099667774086, 32.98338870431893, 32.9734219269103, 32.98338870431893, 32.97674418604651, 32.98006644518272, 32.9734219269103, 32.966777408637874, 32.970099667774086, 32.9734219269103, 32.97674418604651, 32.9734219269103, 32.9734219269103, 32.97674418604651, 32.98006644518272, 32.97674418604651, 32.97674418604651, 32.970099667774086, 32.95348837209302, 32.95681063122923, 32.970099667774086, 32.9734219269103, 32.9734219269103, 32.96345514950166, 32.963455149501655, 32.96345514950166, 32.9734219269103, 32.97674418604651, 32.966777408637874, 32.96345514950166, 32.98006644518272, 32.98006644518272, 32.98338870431893, 32.98338870431893, 32.98671096345515, 32.98671096345515, 32.98006644518272, 32.98671096345515, 32.98338870431893, 32.98671096345515, 32.98671096345515, 32.99667774086379, 32.99667774086379, 32.990033222591364, 32.990033222591364, 32.98338870431893, 32.98006644518272, 32.98338870431893, 32.990033222591364, 32.990033222591364, 32.98338870431893, 32.97674418604651, 32.990033222591364, 32.98671096345515, 32.98338870431894, 32.990033222591364, 32.98671096345515, 32.98338870431894, 32.98338870431893, 32.98006644518272, 32.98338870431893, 32.9734219269103, 32.98006644518272, 32.98006644518273, 32.98338870431894, 32.9734219269103, 32.97674418604651, 32.970099667774086, 32.970099667774086, 32.9734219269103, 32.98338870431893, 32.98006644518272, 32.98338870431894, 32.98006644518272, 32.98338870431894, 32.98006644518272, 32.98338870431893, 32.98006644518272, 32.98338870431893, 32.97674418604651, 32.97674418604651, 32.98006644518272, 32.98006644518272, 32.98006644518272, 32.97674418604651, 32.970099667774086, 32.970099667774086, 32.9734219269103, 32.970099667774086, 32.970099667774086, 32.97674418604651, 32.966777408637874, 32.9734219269103, 32.9734219269103, 32.97674418604651, 32.98006644518272, 32.98006644518272, 32.97674418604651, 32.97674418604651, 32.9734219269103, 32.96345514950166, 32.97674418604651, 32.9734219269103, 32.97674418604651, 32.98006644518272, 32.9734219269103, 32.9734219269103, 32.97674418604651, 32.98006644518272, 32.98006644518272, 32.98006644518272, 32.98338870431893, 32.97674418604651, 32.98338870431893, 32.97674418604651, 32.9734219269103, 32.98006644518272, 32.98006644518272, 32.97674418604651, 32.98006644518272, 32.98338870431893, 32.98338870431893, 32.98671096345515, 32.98006644518272, 32.98006644518272, 32.97674418604651, 32.970099667774086, 32.9734219269103, 32.97674418604651, 32.97674418604651, 32.97674418604651, 32.96345514950166, 32.95348837209302, 32.95681063122923, 32.95348837209302, 32.95681063122923, 32.96013289036545, 32.96013289036544, 32.96677740863787, 32.970099667774086, 32.9734219269103, 32.963455149501655, 32.96013289036544, 32.970099667774086, 32.966777408637874, 32.970099667774086, 32.966777408637874, 32.970099667774086, 32.966777408637874, 32.95016611295681, 32.96013289036544, 32.96013289036544, 32.96013289036544, 32.963455149501655, 32.96345514950166, 32.966777408637874, 32.97674418604652, 32.9734219269103, 32.9734219269103, 32.97674418604651, 32.98338870431893, 32.97674418604651, 32.98006644518273, 32.98671096345515, 32.98006644518272, 32.9734219269103, 32.97674418604651, 32.98006644518272, 32.98006644518272, 32.9734219269103, 32.98006644518272, 32.98006644518272, 32.98006644518273, 32.98338870431894, 32.970099667774086, 32.98338870431893, 32.98338870431893, 32.993355481727576, 32.97674418604651, 32.970099667774086, 32.97674418604651, 32.9734219269103, 32.9734219269103, 32.9734219269103, 32.98338870431893, 32.990033222591364, 32.990033222591364, 32.98338870431894, 32.98006644518272, 32.98006644518272, 32.98338870431894, 32.98671096345515, 32.98671096345515, 32.98006644518272, 32.97674418604651, 32.9734219269103, 32.97674418604651, 32.98006644518272, 32.98338870431893, 32.97674418604651, 32.966777408637874, 32.966777408637874, 32.9734219269103, 32.98338870431893, 32.98338870431894, 32.98338870431894, 32.98671096345515, 32.98671096345515, 32.98006644518272, 32.97674418604651, 32.970099667774086, 32.970099667774086, 32.95348837209302, 32.95348837209302, 32.96013289036544, 32.97674418604651, 32.9734219269103, 32.98006644518272, 32.98671096345515, 32.98338870431893, 32.97674418604651, 32.98338870431893, 32.97674418604651, 32.97674418604651, 32.98006644518272, 32.97674418604651, 32.98338870431893, 32.98338870431893, 32.97674418604651, 32.9734219269103, 32.9734219269103, 32.98338870431893, 32.97674418604651, 32.98671096345515, 32.98671096345515, 32.990033222591364, 32.98006644518272, 32.97674418604651, 32.97674418604651, 32.9734219269103, 32.966777408637874, 32.966777408637874, 32.9734219269103, 32.97674418604651, 32.98338870431893, 32.990033222591364, 32.990033222591364, 32.98671096345515, 32.990033222591364, 32.98671096345515, 32.98671096345515, 32.98671096345515, 32.98338870431893, 32.98006644518272, 32.966777408637874, 32.966777408637874, 32.97674418604651, 32.9734219269103, 32.97674418604651, 32.97674418604651, 32.97674418604651, 32.98006644518272, 32.970099667774086, 32.966777408637874, 32.970099667774086, 32.98006644518272, 32.98338870431893, 32.98338870431893, 32.98006644518273, 32.98338870431894, 32.98006644518272, 32.98671096345515, 32.9734219269103, 32.97674418604651, 32.97674418604651, 32.98006644518272, 32.990033222591364, 32.98338870431894, 32.98671096345515, 32.98006644518272, 32.9734219269103, 32.9734219269103, 32.97674418604651, 32.970099667774086, 32.9734219269103, 32.990033222591364, 32.98338870431893, 32.98671096345515, 32.98338870431894, 32.98006644518272, 32.98006644518272, 32.98006644518272, 32.98338870431893, 32.98338870431893, 32.9734219269103, 32.97674418604652, 32.97674418604651, 32.98338870431894, 32.98006644518273, 32.98006644518272, 32.98338870431893, 32.97674418604651, 32.970099667774086, 32.96345514950166, 32.966777408637874, 32.9734219269103, 32.97674418604651, 32.97674418604651, 32.9734219269103, 32.97674418604651, 32.970099667774086, 32.970099667774086, 32.9734219269103, 32.96345514950166, 32.970099667774086, 32.966777408637874, 32.963455149501655, 32.970099667774086, 32.97674418604651, 32.97674418604651, 32.970099667774086, 32.970099667774086, 32.970099667774086, 32.9734219269103, 32.97674418604651, 32.9734219269103, 32.96677740863787, 32.97674418604651, 32.9734219269103, 32.9734219269103, 32.98006644518272, 32.97674418604651, 32.98006644518272, 32.97674418604651, 32.97674418604651, 32.963455149501655, 32.963455149501655, 32.96345514950166, 32.96013289036544, 32.9734219269103, 32.97674418604651, 32.98006644518272, 32.98671096345515, 32.9734219269103, 32.97674418604651, 32.96677740863787, 32.96013289036544, 32.97674418604652, 32.97674418604651, 32.98006644518272, 32.97674418604652, 32.98006644518272, 32.98006644518273, 32.963455149501655, 32.9734219269103, 32.97674418604651, 32.98006644518272, 32.97674418604651, 32.966777408637874, 32.970099667774086, 32.966777408637874, 32.96345514950166, 32.966777408637874, 32.970099667774086, 32.96345514950166, 32.966777408637874, 32.970099667774086, 32.9734219269103, 32.970099667774086, 32.963455149501655, 32.970099667774086, 32.963455149501655, 32.96013289036544]",0.8831975164920449,0.9050121729721374,33,"[33, 33, 33, 33, 33, 33, 33, 33, 33, 33, 33, 33, 33, 33, 33, 33, 33, 33, 33, 33, 33, 33, 33, 33, 33, 33, 33, 33, 33, 33, 33, 33, 33, 33, 33, 33, 33, 33, 33, 33, 33, 33, 33, 33, 33, 33, 33, 33, 33, 33, 33, 33, 33, 33, 33, 33, 33, 33, 33, 33, 33, 33, 33, 33, 33, 33, 33, 33, 33, 33, 33, 33, 33, 33, 33, 33, 33, 33, 33, 33, 33, 33, 33, 33, 33, 33, 33, 33, 33, 33, 33, 33, 33, 33, 33, 33, 33, 33, 33, 33, 33, 33, 33, 33, 33, 33, 33, 33, 33, 33, 33, 33, 33, 33, 33, 33, 33, 33, 33, 33, 33, 33, 33, 33, 33, 33, 33, 33, 33, 33, 33, 33, 33, 33, 33, 33, 33, 33, 33, 33, 33, 33, 33, 33, 33, 33, 33, 33, 33, 33, 33, 33, 33, 33, 33, 33, 33, 33, 33, 33, 33, 33, 33, 33, 33, 33, 33, 33, 33, 33, 33, 33, 33, 33, 33, 33, 33, 33, 33, 33, 33, 33, 33, 33, 33, 33, 33, 33, 33, 33, 33, 33, 33, 33, 33, 33, 33, 33, 33, 33, 33, 33, 33, 33, 33, 33, 33, 33, 33, 33, 33, 33, 33, 33, 33, 33, 33, 33, 33, 33, 33, 33, 33, 33, 33, 33, 33, 33, 33, 33, 33, 33, 33, 33, 33, 33, 33, 33, 33, 33, 33, 33, 33, 33, 33, 33, 33, 33, 33, 33, 33, 33, 33, 33, 33, 33, 33, 33, 33, 33, 33, 33, 33, 33, 33, 33, 33, 33, 33, 33, 33, 33, 33, 33, 33, 33, 33, 33, 33, 33, 33, 33, 33, 33, 33, 33, 33, 33, 33, 33, 33, 33, 33, 33, 33, 33, 33, 33, 33, 33, 33, 33, 33, 33, 33, 33, 33, 33, 33, 33, 33, 33, 33, 33, 33, 33, 33, 33, 33, 33, 33, 33, 33, 33, 33, 33, 33, 33, 33, 33, 33, 33, 33, 33, 33, 33, 33, 33, 33, 33, 33, 33, 33, 33, 33, 33, 33, 33, 33, 33, 33, 33, 33, 33, 33, 33, 33, 33, 33, 33, 33, 33, 33, 33, 33, 33, 33, 33, 33, 33, 33, 33, 33, 33, 33, 33, 33, 33, 33, 33, 33, 33, 33, 33, 33, 33, 33, 33, 33, 33, 33, 33, 33, 33, 33, 33, 33, 33, 33, 33, 33, 33, 33, 33, 33, 33, 33, 33, 33, 33, 33, 33, 33, 33, 33, 33, 33, 33, 33, 33, 33, 33, 33, 33, 33, 33, 33, 33, 33, 33, 33, 33, 33, 33, 33, 33, 33, 33, 33, 33, 33, 33, 33, 33, 33, 33, 33, 33, 33, 33, 33, 33, 33, 33, 33, 33, 33, 33, 33, 33, 33, 33, 33, 33, 33, 33, 33, 33, 33, 33, 33, 33, 33, 33, 33, 33, 33, 33, 33, 33, 33, 33, 33, 33, 33, 33, 33, 33, 33, 33, 33, 33, 33, 33, 33, 33, 33, 33, 33, 33]",500,"[0.4245350658893585, 0.41015899181365967, 0.40573620796203613, 0.4029816687107086, 0.40077295899391174, 0.3986695408821106, 0.3967016339302063, 0.3948606550693512, 0.39324137568473816, 0.39172932505607605, 0.3902808725833893, 0.3889622092247009, 0.38773953914642334, 0.38658323884010315, 0.38547348976135254, 0.3844504654407501, 0.3834886848926544, 0.3825773298740387, 0.3817667067050934, 0.38101494312286377, 0.3803322911262512, 0.3796679377555847, 0.3789770007133484, 0.3783591091632843, 0.37768590450286865, 0.3770763874053955, 0.3764907419681549, 0.3759859502315521, 0.37545356154441833, 0.37496092915534973, 0.3744603991508484, 0.3739926517009735, 0.37366238236427307, 0.37317830324172974, 0.37275296449661255, 0.37230193614959717, 0.3719351887702942, 0.37156063318252563, 0.37121713161468506, 0.37076035141944885, 0.37042737007141113, 0.3700764775276184, 0.3697037398815155, 0.3693673014640808, 0.36903080344200134, 0.36864349246025085, 0.36839139461517334, 0.3680993616580963, 0.3677373230457306, 0.36739569902420044, 0.36710861325263977, 0.36682969331741333, 0.3664647936820984, 0.36622413992881775, 0.36582228541374207, 0.3654778301715851, 0.3652186095714569, 0.36486777663230896, 0.3645704984664917, 0.364278644323349, 0.36407986283302307, 0.36367377638816833, 0.3633929491043091, 0.3630971908569336, 0.3627280294895172, 0.36239737272262573, 0.3621123433113098, 0.3618111312389374, 0.3615139424800873, 0.3613036274909973, 0.3609977960586548, 0.36072400212287903, 0.36031803488731384, 0.3600231409072876, 0.35965901613235474, 0.3593698740005493, 0.3591401278972626, 0.3587895929813385, 0.35854288935661316, 0.3582912087440491, 0.35802850127220154, 0.3576805889606476, 0.3574417233467102, 0.3571130633354187, 0.35686054825782776, 0.3565714359283447, 0.35626789927482605, 0.35608288645744324, 0.35574978590011597, 0.3554344177246094, 0.35520103573799133, 0.3549049496650696, 0.3546777069568634, 0.354421466588974, 0.354110985994339, 0.35383349657058716, 0.35354292392730713, 0.3533911108970642, 0.35302507877349854, 0.35272398591041565, 0.35239383578300476, 0.3522207736968994, 0.35192298889160156, 0.3516412377357483, 0.3513491749763489, 0.3509942889213562, 0.35078099370002747, 0.35054266452789307, 0.350342333316803, 0.3499821722507477, 0.3497178256511688, 0.3494519293308258, 0.34911566972732544, 0.3489070534706116, 0.34861239790916443, 0.3483005464076996, 0.34804588556289673, 0.3478430509567261, 0.3475550413131714, 0.3472646474838257, 0.3469986319541931, 0.346782386302948, 0.34660038352012634, 0.34624916315078735, 0.3460366129875183, 0.34571024775505066, 0.34538665413856506, 0.34513482451438904, 0.3448677957057953, 0.3446207046508789, 0.3443857431411743, 0.3441438376903534, 0.34391549229621887, 0.3436192274093628, 0.34347212314605713, 0.3432842493057251, 0.34307801723480225, 0.3428167402744293, 0.3423767387866974, 0.3420969247817993, 0.3419346213340759, 0.3415561616420746, 0.3413669466972351, 0.3411281704902649, 0.34091436862945557, 0.3406803607940674, 0.3404098451137543, 0.3401378393173218, 0.3398610055446625, 0.33952251076698303, 0.3392994701862335, 0.33894893527030945, 0.3388172388076782, 0.3384830355644226, 0.3382306396961212, 0.33799418807029724, 0.3377895653247833, 0.3375651240348816, 0.33732882142066956, 0.3370443284511566, 0.336772084236145, 0.33645763993263245, 0.33621829748153687, 0.33595383167266846, 0.33571770787239075, 0.33549565076828003, 0.3353498578071594, 0.3350673019886017, 0.33470332622528076, 0.334426611661911, 0.3342464864253998, 0.33402085304260254, 0.3337603807449341, 0.3335318863391876, 0.333273321390152, 0.3329874277114868, 0.3328011631965637, 0.33263441920280457, 0.3323631286621094, 0.3319445550441742, 0.33158251643180847, 0.33136653900146484, 0.3312450349330902, 0.33105793595314026, 0.3308239281177521, 0.3305834233760834, 0.330296128988266, 0.33000949025154114, 0.32964324951171875, 0.3294079601764679, 0.32909920811653137, 0.32892075181007385, 0.3286411762237549, 0.32838812470436096, 0.32817310094833374, 0.327937513589859, 0.32762667536735535, 0.32747218012809753, 0.32724201679229736, 0.3268818259239197, 0.3266233801841736, 0.3262805640697479, 0.3260023891925812, 0.32573211193084717, 0.32548367977142334, 0.3252500593662262, 0.32501181960105896, 0.32475945353507996, 0.32458263635635376, 0.32439249753952026, 0.32400092482566833, 0.32384833693504333, 0.32340607047080994, 0.32323116064071655, 0.32291290163993835, 0.322602778673172, 0.32226771116256714, 0.3219965994358063, 0.3217909634113312, 0.32161277532577515, 0.32131966948509216, 0.32105210423469543, 0.3208087682723999, 0.32065442204475403, 0.3203374147415161, 0.3200913965702057, 0.31964850425720215, 0.31942617893218994, 0.3192002773284912, 0.3188500702381134, 0.3185235559940338, 0.3183290362358093, 0.31803378462791443, 0.31774064898490906, 0.317436158657074, 0.3171326518058777, 0.3170260787010193, 0.31669381260871887, 0.3164706528186798, 0.3160732090473175, 0.3158622980117798, 0.31557393074035645, 0.3153124153614044, 0.3150322735309601, 0.31467780470848083, 0.31436604261398315, 0.31412339210510254, 0.3138052225112915, 0.31357666850090027, 0.31336870789527893, 0.3130108416080475, 0.3126530647277832, 0.31231528520584106, 0.3119928538799286, 0.3117285966873169, 0.31158962845802307, 0.3112946152687073, 0.31097087264060974, 0.31069135665893555, 0.31033456325531006, 0.31013110280036926, 0.3097812831401825, 0.30949312448501587, 0.30910709500312805, 0.3088088929653168, 0.3085934817790985, 0.3083873689174652, 0.3079319894313812, 0.30767717957496643, 0.3074023723602295, 0.3070718050003052, 0.3066783845424652, 0.30631670355796814, 0.3060193955898285, 0.30573296546936035, 0.3054423928260803, 0.30506184697151184, 0.3048144578933716, 0.3045148551464081, 0.3041731119155884, 0.3038836419582367, 0.3035241961479187, 0.3032014071941376, 0.30286747217178345, 0.30250084400177, 0.30218419432640076, 0.3018018901348114, 0.30151575803756714, 0.3012163043022156, 0.3009432256221771, 0.3006533980369568, 0.3002829849720001, 0.30004939436912537, 0.299735426902771, 0.29930761456489563, 0.29894939064979553, 0.29863470792770386, 0.29826366901397705, 0.2979500889778137, 0.29756781458854675, 0.29729539155960083, 0.2969568967819214, 0.2966141402721405, 0.29626762866973877, 0.29591524600982666, 0.2956216633319855, 0.29519122838974, 0.29488056898117065, 0.294673889875412, 0.29431402683258057, 0.29393836855888367, 0.293724924325943, 0.2933492660522461, 0.29303455352783203, 0.292830228805542, 0.2924453020095825, 0.29204079508781433, 0.29180487990379333, 0.2913634181022644, 0.2910018861293793, 0.29070156812667847, 0.2903769612312317, 0.28999319672584534, 0.28968217968940735, 0.28940433263778687, 0.28892582654953003, 0.28859904408454895, 0.288308322429657, 0.28793811798095703, 0.28764528036117554, 0.2872844338417053, 0.28691840171813965, 0.28655585646629333, 0.2862492799758911, 0.28590837121009827, 0.2855881154537201, 0.28527045249938965, 0.2849615812301636, 0.2845967411994934, 0.28423580527305603, 0.2839220464229584, 0.2835196852684021, 0.28317344188690186, 0.28289371728897095, 0.2825125753879547, 0.28215253353118896, 0.28181812167167664, 0.2815016508102417, 0.28122544288635254, 0.2808748483657837, 0.28050166368484497, 0.2802615463733673, 0.27989187836647034, 0.27957525849342346, 0.2792620360851288, 0.27896061539649963, 0.27872201800346375, 0.2785535156726837, 0.2781858742237091, 0.2778531014919281, 0.2774508595466614, 0.27717483043670654, 0.27686572074890137, 0.27666062116622925, 0.2763351500034332, 0.2760406732559204, 0.27573350071907043, 0.2754312753677368, 0.27515947818756104, 0.2748792767524719, 0.27