,number,value,datetime_start,datetime_complete,duration,params_batch_size_scaler,params_constant_learning_rate,params_depth,params_epochs,params_kernel_l2,params_num_trees,params_temperature,user_attrs_accuracy_test,user_attrs_accuracy_valid,user_attrs_approximate_feature_sparsity,user_attrs_approximate_feature_sparsity_history,user_attrs_approximate_weight_sparsity,user_attrs_approximate_weight_sparsity_history,user_attrs_auc_test,user_attrs_auc_valid,user_attrs_feature_sparsity,user_attrs_feature_sparsity_history,user_attrs_num_epochs,user_attrs_val_loss_history,user_attrs_weight_sparsity,user_attrs_weight_sparsity_history,state
28,28,0.9279798018832683,2024-08-31 01:37:20.189042,2024-08-31 01:40:29.715566,0 days 00:03:09.526524,4,0.057161037720069065,4,405,0.05217537168682599,86,0.015828055917001975,0.942,0.94375,33,"[33, 33, 33, 33, 33, 33, 33, 33, 33, 33, 33, 33, 33, 33, 33, 33, 33, 33, 33, 33, 33, 33, 33, 33, 33, 33, 33, 33, 33, 33, 33, 33, 33, 33, 33, 33, 33, 33, 33, 33, 33, 33, 33, 33, 33, 33, 33, 33, 33, 33, 33, 33, 33, 33, 33, 33, 33, 33, 33, 33, 33, 33, 33, 33, 33, 33, 33, 33, 33, 33, 33, 33, 33, 33, 33, 33, 33, 33, 33, 33, 33, 33, 33, 33, 33, 33, 33, 33, 33, 33, 33, 33, 33, 33, 33, 33, 33, 33, 33, 33, 33, 33, 33, 33, 33, 33, 33, 33, 33, 33, 33, 33, 33, 33, 33, 33, 33, 33, 33, 33, 33, 33, 33, 33, 33, 33, 33, 33, 33, 33, 33, 33, 33, 33, 33, 33, 33, 33, 33, 33, 33, 33, 33, 33, 33, 33, 33, 33, 33, 33, 33, 33, 33, 33, 33, 33, 33, 33, 33, 33, 33, 33, 33, 33, 33, 33, 33, 33, 33, 33, 33, 33, 33, 33, 33, 33, 33, 33, 33, 33, 33, 33, 33, 33, 33, 33, 33, 33, 33, 33, 33, 33, 33, 33, 33, 33, 33, 33, 33, 33, 33, 33, 33, 33, 33, 33, 33, 33, 33, 33, 33, 33, 33, 33, 33, 33, 33, 33, 33, 33, 33, 33, 33, 33, 33, 33, 33, 33, 33, 33, 33, 33, 33, 33, 33, 33, 33, 33, 33, 33, 33, 33, 33, 33, 33, 33, 33, 33, 33, 33, 33, 33, 33, 33, 33, 33, 33, 33, 33, 33, 33, 33, 33, 33, 33, 33, 33, 33, 33, 33, 33, 33, 33, 33, 33, 33, 33, 33, 33, 33, 33, 33, 33, 33, 33, 33, 33, 33, 33, 33, 33, 33, 33, 33, 33, 33, 33, 33, 33, 33, 33, 33, 33, 33, 33, 33, 33, 33, 33, 33, 33, 33, 33, 33, 33, 33, 33, 33, 33, 33, 33, 33, 33, 33, 33, 33, 33, 33, 33, 33, 33, 33, 33, 33, 33, 33, 33, 33, 33, 33, 33, 33, 33, 33, 33, 33, 33, 33, 33, 33, 33, 33, 33, 33, 33, 33, 33, 33, 33, 33, 33, 33, 33, 33, 33, 33, 33, 33, 33, 33, 33, 33, 33, 33, 33, 33, 33, 33, 33, 33, 33, 33, 33, 33, 33, 33, 33, 33, 33, 33, 33, 33, 33, 33, 33, 33, 33, 33, 33, 33, 33, 33, 33, 33, 33]",32.951937984496126,"[32.945736434108525, 32.945736434108525, 32.958914728682174, 32.95503875968992, 32.951937984496126, 32.95116279069767, 32.95503875968992, 32.955813953488374, 32.95271317829457, 32.95116279069768, 32.951937984496126, 32.950387596899226, 32.947286821705426, 32.940310077519385, 32.934108527131784, 32.95271317829457, 32.948837209302326, 32.93953488372093, 32.944186046511625, 32.94341085271318, 32.947286821705426, 32.94961240310078, 32.94651162790697, 32.950387596899226, 32.94961240310077, 32.957364341085274, 32.96124031007752, 32.95271317829457, 32.95813953488372, 32.95348837209302, 32.95426356589147, 32.94186046511628, 32.94961240310077, 32.951937984496126, 32.948837209302326, 32.951937984496126, 32.95426356589147, 32.95116279069767, 32.95426356589147, 32.948837209302326, 32.94961240310078, 32.95348837209303, 32.95271317829457, 32.95813953488372, 32.95348837209303, 32.955813953488374, 32.95658914728682, 32.95813953488372, 32.945736434108525, 32.95116279069767, 32.947286821705426, 32.94651162790698, 32.94263565891473, 32.94186046511628, 32.95348837209302, 32.94806201550388, 32.95658914728682, 32.96046511627907, 32.95271317829457, 32.947286821705426, 32.947286821705426, 32.94418604651163, 32.93023255813954, 32.93875968992248, 32.94496124031008, 32.94496124031008, 32.944186046511625, 32.94418604651163, 32.945736434108525, 32.95116279069767, 32.94496124031008, 32.94341085271318, 32.94418604651163, 32.94961240310078, 32.95271317829457, 32.95116279069767, 32.948837209302326, 32.95271317829457, 32.94651162790698, 32.94186046511628, 32.944186046511625, 32.94186046511628, 32.94108527131783, 32.945736434108525, 32.94806201550388, 32.947286821705426, 32.947286821705426, 32.94806201550388, 32.951937984496126, 32.947286821705426, 32.94186046511628, 32.95348837209302, 32.94806201550388, 32.94496124031008, 32.948837209302326, 32.94263565891473, 32.95116279069767, 32.948837209302326, 32.94341085271318, 32.94651162790697, 32.948837209302326, 32.948837209302326, 32.947286821705426, 32.95348837209302, 32.95271317829457, 32.945736434108525, 32.94806201550387, 32.94961240310077, 32.950387596899226, 32.95271317829457, 32.95503875968993, 32.955813953488374, 32.95658914728682, 32.957364341085274, 32.95813953488372, 32.95348837209302, 32.94651162790698, 32.94961240310078, 32.94108527131783, 32.950387596899226, 32.95426356589147, 32.95426356589147, 32.950387596899226, 32.95271317829457, 32.95503875968993, 32.96434108527132, 32.958914728682174, 32.95968992248062, 32.95658914728682, 32.955813953488374, 32.95736434108527, 32.957364341085274, 32.94961240310078, 32.95348837209303, 32.94961240310078, 32.947286821705426, 32.94806201550388, 32.93875968992248, 32.94031007751938, 32.947286821705426, 32.948837209302326, 32.94263565891473, 32.94418604651163, 32.945736434108525, 32.951937984496126, 32.951937984496126, 32.94806201550388, 32.94961240310078, 32.95116279069768, 32.94961240310078, 32.955813953488374, 32.95503875968992, 32.95813953488372, 32.96434108527132, 32.95891472868217, 32.95503875968992, 32.95348837209303, 32.951937984496126, 32.951937984496126, 32.95271317829457, 32.945736434108525, 32.95116279069767, 32.95891472868217, 32.950387596899226, 32.94961240310077, 32.94496124031008, 32.955813953488374, 32.95426356589147, 32.95658914728682, 32.95426356589147, 32.95968992248062, 32.95813953488372, 32.957364341085274, 32.95426356589147, 32.95813953488372, 32.95658914728682, 32.96279069767442, 32.962790697674414, 32.96666666666667, 32.96356589147287, 32.96124031007752, 32.96356589147287, 32.96821705426356, 32.96821705426357, 32.96201550387597, 32.95968992248062, 32.96356589147287, 32.960465116279074, 32.95813953488372, 32.96279069767442, 32.96666666666667, 32.96046511627907, 32.96124031007752, 32.957364341085274, 32.96201550387597, 32.96124031007752, 32.96124031007752, 32.96279069767442, 32.962015503875975, 32.96124031007752, 32.955813953488374, 32.96201550387597, 32.965891472868215, 32.967441860465115, 32.96356589147287, 32.96124031007752, 32.955813953488374, 32.955813953488374, 32.95813953488372, 32.95426356589147, 32.95968992248062, 32.955813953488374, 32.94961240310077, 32.947286821705426, 32.94496124031008, 32.948837209302326, 32.947286821705426, 32.94496124031008, 32.95116279069767, 32.950387596899226, 32.95271317829457, 32.95116279069767, 32.94651162790698, 32.95116279069768, 32.95503875968993, 32.95813953488372, 32.958914728682174, 32.960465116279074, 32.95658914728682, 32.95348837209302, 32.95116279069767, 32.95426356589147, 32.951937984496126, 32.94961240310077, 32.94496124031008, 32.94418604651163, 32.945736434108525, 32.94573643410853, 32.950387596899226, 32.95116279069768, 32.95813953488372, 32.95813953488372, 32.95348837209303, 32.95116279069767, 32.94961240310077, 32.950387596899226, 32.95116279069767, 32.95503875968992, 32.95348837209302, 32.95271317829457, 32.948837209302326, 32.94496124031008, 32.94806201550388, 32.950387596899226, 32.948837209302326, 32.94806201550387, 32.951937984496126, 32.95348837209302, 32.955813953488374, 32.950387596899226, 32.948837209302326, 32.944186046511625, 32.94496124031008, 32.948837209302326, 32.94651162790698, 32.94418604651163, 32.94651162790698, 32.947286821705426, 32.95348837209302, 32.94961240310078, 32.95271317829457, 32.95503875968992, 32.95348837209302, 32.948837209302326, 32.951937984496126, 32.948837209302326, 32.945736434108525, 32.947286821705426, 32.955813953488374, 32.95193798449612, 32.95271317829457, 32.945736434108525, 32.94186046511628, 32.945736434108525, 32.94341085271318, 32.950387596899226, 32.94496124031008, 32.94496124031008, 32.950387596899226, 32.95348837209303, 32.94806201550387, 32.951937984496126, 32.95658914728683, 32.95503875968993, 32.95271317829457, 32.947286821705426, 32.94186046511628, 32.942635658914725, 32.94651162790697, 32.95348837209302, 32.951937984496126, 32.95503875968992, 32.95348837209303, 32.95736434108527, 32.95658914728682, 32.95348837209302, 32.947286821705426, 32.94651162790698, 32.94806201550387, 32.95038759689922, 32.950387596899226, 32.94806201550387, 32.947286821705426, 32.95348837209302, 32.95348837209302, 32.95348837209303, 32.95193798449612, 32.95116279069768, 32.95271317829457, 32.94806201550387, 32.94961240310077, 32.95193798449612, 32.948837209302326, 32.950387596899226, 32.947286821705426, 32.94341085271318, 32.94108527131783, 32.94186046511628, 32.942635658914725, 32.94806201550387, 32.94341085271318, 32.94651162790698, 32.94496124031008, 32.94341085271318, 32.93875968992248, 32.93720930232558, 32.935658914728684, 32.94108527131783, 32.942635658914725, 32.94031007751938, 32.942635658914725, 32.94186046511628, 32.94496124031008, 32.944186046511625, 32.950387596899226, 32.95271317829457, 32.95426356589147, 32.95116279069767, 32.95736434108527, 32.95658914728682, 32.95736434108527, 32.95348837209302, 32.948837209302326, 32.94961240310077, 32.950387596899226, 32.95193798449612, 32.954263565891466, 32.95038759689922, 32.94651162790698, 32.947286821705426, 32.94961240310077, 32.945736434108525, 32.948837209302326, 32.94806201550387, 32.94651162790698, 32.947286821705426, 32.94341085271318, 32.94031007751938, 32.945736434108525, 32.94651162790697, 32.945736434108525, 32.94496124031008, 32.942635658914725, 32.942635658914725, 32.94263565891473, 32.94418604651163, 32.94341085271318, 32.94108527131783, 32.94651162790697, 32.94651162790698, 32.945736434108525, 32.94496124031008, 32.94651162790698, 32.947286821705426, 32.94341085271318, 32.94186046511628, 32.94263565891473, 32.948837209302326, 32.948837209302326, 32.950387596899226, 32.948837209302326, 32.94186046511628, 32.93953488372093, 32.94496124031008, 32.948837209302326, 32.945736434108525, 32.948837209302326, 32.95348837209303, 32.951937984496126, 32.955813953488374, 32.95271317829457, 32.95271317829457, 32.95503875968992, 32.947286821705426, 32.951937984496126]",0.910418679150257,0.9279798018832683,33,"[33, 33, 33, 33, 33, 33, 33, 33, 33, 33, 33, 33, 33, 33, 33, 33, 33, 33, 33, 33, 33, 33, 33, 33, 33, 33, 33, 33, 33, 33, 33, 33, 33, 33, 33, 33, 33, 33, 33, 33, 33, 33, 33, 33, 33, 33, 33, 33, 33, 33, 33, 33, 33, 33, 33, 33, 33, 33, 33, 33, 33, 33, 33, 33, 33, 33, 33, 33, 33, 33, 33, 33, 33, 33, 33, 33, 33, 33, 33, 33, 33, 33, 33, 33, 33, 33, 33, 33, 33, 33, 33, 33, 33, 33, 33, 33, 33, 33, 33, 33, 33, 33, 33, 33, 33, 33, 33, 33, 33, 33, 33, 33, 33, 33, 33, 33, 33, 33, 33, 33, 33, 33, 33, 33, 33, 33, 33, 33, 33, 33, 33, 33, 33, 33, 33, 33, 33, 33, 33, 33, 33, 33, 33, 33, 33, 33, 33, 33, 33, 33, 33, 33, 33, 33, 33, 33, 33, 33, 33, 33, 33, 33, 33, 33, 33, 33, 33, 33, 33, 33, 33, 33, 33, 33, 33, 33, 33, 33, 33, 33, 33, 33, 33, 33, 33, 33, 33, 33, 33, 33, 33, 33, 33, 33, 33, 33, 33, 33, 33, 33, 33, 33, 33, 33, 33, 33, 33, 33, 33, 33, 33, 33, 33, 33, 33, 33, 33, 33, 33, 33, 33, 33, 33, 33, 33, 33, 33, 33, 33, 33, 33, 33, 33, 33, 33, 33, 33, 33, 33, 33, 33, 33, 33, 33, 33, 33, 33, 33, 33, 33, 33, 33, 33, 33, 33, 33, 33, 33, 33, 33, 33, 33, 33, 33, 33, 33, 33, 33, 33, 33, 33, 33, 33, 33, 33, 33, 33, 33, 33, 33, 33, 33, 33, 33, 33, 33, 33, 33, 33, 33, 33, 33, 33, 33, 33, 33, 33, 33, 33, 33, 33, 33, 33, 33, 33, 33, 33, 33, 33, 33, 33, 33, 33, 33, 33, 33, 33, 33, 33, 33, 33, 33, 33, 33, 33, 33, 33, 33, 33, 33, 33, 33, 33, 33, 33, 33, 33, 33, 33, 33, 33, 33, 33, 33, 33, 33, 33, 33, 33, 33, 33, 33, 33, 33, 33, 33, 33, 33, 33, 33, 33, 33, 33, 33, 33, 33, 33, 33, 33, 33, 33, 33, 33, 33, 33, 33, 33, 33, 33, 33, 33, 33, 33, 33, 33, 33, 33, 33, 33, 33, 33, 33, 33, 33, 33, 33, 33, 33, 33, 33, 33, 33, 33, 33, 33]",405,"[0.4015767574310303, 0.3947060704231262, 0.3893943727016449, 0.38546058535575867, 0.38201916217803955, 0.379459410905838, 0.3781004846096039, 0.37595298886299133, 0.3738711476325989, 0.3724435567855835, 0.3714800775051117, 0.36990886926651, 0.36913901567459106, 0.3678187131881714, 0.36652860045433044, 0.3655475974082947, 0.3642711341381073, 0.3632291555404663, 0.3622591495513916, 0.3611498773097992, 0.36021167039871216, 0.3603091835975647, 0.35829558968544006, 0.3572465777397156, 0.3563120365142822, 0.35545772314071655, 0.35457515716552734, 0.3535160422325134, 0.3527214527130127, 0.35174018144607544, 0.3508456349372864, 0.34997037053108215, 0.3491867780685425, 0.3485453724861145, 0.3472524881362915, 0.34665611386299133, 0.34573104977607727, 0.3447505831718445, 0.34396660327911377, 0.34398505091667175, 0.342390239238739, 0.3419129252433777, 0.34160587191581726, 0.3401668071746826, 0.339274525642395, 0.33914536237716675, 0.3377856910228729, 0.3373948335647583, 0.3367830216884613, 0.3360828459262848, 0.33472877740859985, 0.3341121971607208, 0.3332195281982422, 0.33294376730918884, 0.3319794833660126, 0.33101242780685425, 0.33041733503341675, 0.3301604390144348, 0.32875797152519226, 0.327972412109375, 0.3272938132286072, 0.3265019953250885, 0.32588648796081543, 0.3255804777145386, 0.32549649477005005, 0.3238338530063629, 0.3230142295360565, 0.32229527831077576, 0.3216898739337921, 0.320525586605072, 0.3197103440761566, 0.31903311610221863, 0.3189907371997833, 0.3174411654472351, 0.3165649473667145, 0.3159809410572052, 0.3151625394821167, 0.314227432012558, 0.3131609261035919, 0.3124169409275055, 0.3114056885242462, 0.3113017976284027, 0.3096289336681366, 0.3093598783016205, 0.3079056441783905, 0.306938111782074, 0.306138813495636, 0.3052533268928528, 0.3040939271450043, 0.3032146692276001, 0.30205288529396057, 0.3013022840023041, 0.30019840598106384, 0.29931411147117615, 0.29827582836151123, 0.2979401648044586, 0.2960192859172821, 0.29542285203933716, 0.2945185601711273, 0.2932136654853821, 0.2917828857898712, 0.29074007272720337, 0.2897639572620392, 0.28868067264556885, 0.2876506745815277, 0.2866714298725128, 0.2870531678199768, 0.28579407930374146, 0.2835271954536438, 0.2836886942386627, 0.2816540598869324, 0.28070515394210815, 0.2793620824813843, 0.27838292717933655, 0.27752768993377686, 0.2764255404472351, 0.275488018989563, 0.27525782585144043, 0.273625910282135, 0.27265414595603943, 0.2719328701496124, 0.2709093987941742, 0.27024632692337036, 0.26927271485328674, 0.26838159561157227, 0.26767176389694214, 0.26680049300193787, 0.2662343680858612, 0.26552093029022217, 0.2644222378730774, 0.2638721168041229, 0.26298797130584717, 0.2623148560523987, 0.26199495792388916, 0.2610355317592621, 0.26031994819641113, 0.25976449251174927, 0.25919461250305176, 0.2584044933319092, 0.2577888071537018, 0.25704053044319153, 0.25647762417793274, 0.2564232349395752, 0.25541016459465027, 0.25542527437210083, 0.25416430830955505, 0.25390589237213135, 0.2533198893070221, 0.25247398018836975, 0.251790851354599, 0.2518359422683716, 0.25078248977661133, 0.2503548264503479, 0.2503918707370758, 0.2493639588356018, 0.2486393302679062, 0.24822229146957397, 0.24778985977172852, 0.24712711572647095, 0.24663478136062622, 0.24644286930561066, 0.24586419761180878, 0.24514803290367126, 0.2447586953639984, 0.2441798448562622, 0.24400672316551208, 0.24350105226039886, 0.24273809790611267, 0.24229806661605835, 0.2418941706418991, 0.24129720032215118, 0.24087420105934143, 0.24041648209095, 0.2401152104139328, 0.23973867297172546, 0.239456444978714, 0.23879951238632202, 0.23852874338626862, 0.23833560943603516, 0.23763114213943481, 0.23789094388484955, 0.23663988709449768, 0.23656553030014038, 0.23586642742156982, 0.23534630239009857, 0.23521076142787933, 0.2347690463066101, 0.2342316061258316, 0.2337329238653183, 0.2331809103488922, 0.23335328698158264, 0.2323782742023468, 0.23223283886909485, 0.23192685842514038, 0.23141150176525116, 0.23121339082717896, 0.2305717021226883, 0.2312726378440857, 0.22996270656585693, 0.2299281358718872, 0.22966383397579193, 0.22872857749462128, 0.22854967415332794, 0.22771219909191132, 0.22734560072422028, 0.22823795676231384, 0.22762733697891235, 0.2265263944864273, 0.22586922347545624, 0.22604228556156158, 0.2251746505498886, 0.2255401611328125, 0.22476468980312347, 0.2240477353334427, 0.22382064163684845, 0.2241351455450058, 0.22344689071178436, 0.22325772047042847, 0.2224178910255432, 0.22233770787715912, 0.2220059335231781, 0.22187398374080658, 0.22201257944107056, 0.22078944742679596, 0.22102423012256622, 0.2203688770532608, 0.2197781354188919, 0.22011925280094147, 0.21948637068271637, 0.21937024593353271, 0.2191387116909027, 0.21845805644989014, 0.21833869814872742, 0.2180858552455902, 0.21801388263702393, 0.2176470309495926, 0.21769575774669647, 0.21715468168258667, 0.21647705137729645, 0.2160196155309677, 0.21620751917362213, 0.21648472547531128, 0.21566902101039886, 0.2149098813533783, 0.21481899917125702, 0.21480053663253784, 0.21490608155727386, 0.21457456052303314, 0.21434299647808075, 0.2151281237602234, 0.2141210436820984, 0.21376627683639526, 0.2130066156387329, 0.21294096112251282, 0.2129564881324768, 0.2131139636039734, 0.2121429443359375, 0.2123916745185852, 0.2123951017856598, 0.21211671829223633, 0.2111690640449524, 0.21123166382312775, 0.21097959578037262, 0.21134351193904877, 0.2105339765548706, 0.20986101031303406, 0.2097858488559723, 0.20971734821796417, 0.20939792692661285, 0.20933343470096588, 0.20940284430980682, 0.2089824229478836, 0.2095203995704651, 0.20894445478916168, 0.20841790735721588, 0.2078743577003479, 0.2078591287136078, 0.20847931504249573, 0.2077384740114212, 0.20797954499721527, 0.20750635862350464, 0.20791685581207275, 0.2073969691991806, 0.20706795156002045, 0.20709563791751862, 0.20696328580379486, 0.20672295987606049, 0.20623350143432617, 0.2058161348104477, 0.20629602670669556, 0.20582076907157898, 0.2060110867023468, 0.20535074174404144, 0.20590059459209442, 0.2053673416376114, 0.2053660750389099, 0.20547915995121002, 0.20442169904708862, 0.2053755521774292, 0.20443843305110931, 0.2056085765361786, 0.2054770588874817, 0.204632967710495, 0.2039872705936432, 0.20460893213748932, 0.2043519914150238, 0.2035025805234909, 0.20373022556304932, 0.20353440940380096, 0.2038847804069519, 0.20326490700244904, 0.20347860455513, 0.20327819883823395, 0.20218275487422943, 0.20268569886684418, 0.20255231857299805, 0.2030550241470337, 0.2022033929824829, 0.20249788463115692, 0.20245356857776642, 0.2021968960762024, 0.20158642530441284, 0.20210877060890198, 0.2023521214723587, 0.20184773206710815, 0.20151539146900177, 0.20213989913463593, 0.20162621140480042, 0.2019496113061905, 0.202512726187706, 0.201478973031044, 0.2010728418827057, 0.2007226198911667, 0.2005753368139267, 0.20061653852462769, 0.19995777308940887, 0.2009582668542862, 0.2006920874118805, 0.20053133368492126, 0.20108820497989655, 0.20053178071975708, 0.20036567747592926, 0.20067960023880005, 0.19979730248451233, 0.20048528909683228, 0.20008507370948792, 0.19989711046218872, 0.19970403611660004, 0.1993517130613327, 0.2000260204076767, 0.20007017254829407, 0.19957898557186127, 0.19960273802280426, 0.19888842105865479, 0.19896787405014038, 0.19880156219005585, 0.19905973970890045, 0.19825153052806854, 0.1990727037191391, 0.19884230196475983, 0.19852043688297272, 0.19833841919898987, 0.19836249947547913, 0.19884702563285828, 0.19908636808395386, 0.19838815927505493, 0.19867652654647827, 0.1995713859796524, 0.19801147282123566, 0.1980052888393402, 0.1975543051958084, 0.1978244185447693, 0.1978122591972351, 0.1968916356563568, 0.19719478487968445, 0.19849836826324463, 0.19809265434741974, 0.19661849737167358, 0.19740261137485504, 0.19774480164051056, 0.19664599001407623, 0.19704319536685944, 0.19634562730789185, 0.19687733054161072, 0.1966700404882431, 0.1968548595905304, 0.1972184032201767, 0.1961512565612793, 0.19686663150787354, 0.19683067500591278, 0.1974504292011261, 0.19605232775211334, 0.19659116864204407, 0.19525577127933502, 0.19753143191337585, 0.1962762326002121, 0.19556917250156403, 0.1960325688123703, 0.19757352769374847, 0.19498462975025177, 0.19650457799434662, 0.195421040058136, 0.19701772928237915, 0.19602429866790771, 0.19554096460342407]",33.0,"[33.0, 33.0, 33.0, 33.0, 33.0, 33.0, 33.0, 33.0, 33.0, 33.0, 33.0, 33.0, 33.0, 33.0, 33.0, 33.0, 33.0, 33.0, 33.0, 33.0, 33.0, 33.0, 33.0, 33.0, 33.0, 33.0, 33.0, 33.0, 33.0, 33.0, 33.0, 33.0, 33.0, 33.0, 33.0, 33.0, 33.0, 33.0, 33.0, 33.0, 33.0, 33.0, 33.0, 33.0, 33.0, 33.0, 33.0, 33.0, 33.0, 33.0, 33.0, 33.0, 33.0, 33.0, 33.0, 33.0, 33.0, 33.0, 33.0, 33.0, 33.0, 33.0, 33.0, 33.0, 33.0, 33.0, 33.0, 33.0, 33.0, 33.0, 33.0, 33.0, 33.0, 33.0, 33.0, 33.0, 33.0, 33.0, 33.0, 33.0, 33.0, 33.0, 33.0, 33.0, 33.0, 33.0, 33.0, 33.0, 33.0, 33.0, 33.0, 33.0, 33.0, 33.0, 33.0, 33.0, 33.0, 33.0, 33.0, 33.0, 33.0, 33.0, 33.0, 33.0, 33.0, 33.0, 33.0, 33.0, 33.0, 33.0, 33.0, 33.0, 33.0, 33.0, 33.0, 33.0, 33.0, 33.0, 33.0, 33.0, 33.0, 33.0, 33.0, 33.0, 33.0, 33.0, 33.0, 33.0, 33.0, 33.0, 33.0, 33.0, 33.0, 33.0, 33.0, 33.0, 33.0, 33.0, 33.0, 33.0, 33.0, 33.0, 33.0, 33.0, 33.0, 33.0, 33.0, 33.0, 33.0, 33.0, 33.0, 33.0, 33.0, 33.0, 33.0, 33.0, 33.0, 33.0, 33.0, 33.0, 33.0, 33.0, 33.0, 33.0, 33.0, 33.0, 33.0, 33.0, 33.0, 33.0, 33.0, 33.0, 33.0, 33.0, 33.0, 33.0, 33.0, 33.0, 33.0, 33.0, 33.0, 33.0, 33.0, 33.0, 33.0, 33.0, 33.0, 33.0, 33.0, 33.0, 33.0, 33.0, 33.0, 33.0, 33.0, 33.0, 33.0, 33.0, 33.0, 33.0, 33.0, 33.0, 33.0, 33.0, 33.0, 33.0, 33.0, 33.0, 33.0, 33.0, 33.0, 33.0, 33.0, 33.0, 33.0, 33.0, 33.0, 33.0, 33.0, 33.0, 33.0, 33.0, 33.0, 33.0, 33.0, 33.0, 33.0, 33.0, 33.0, 33.0, 33.0, 33.0, 33.0, 33.0, 33.0, 33.0, 33.0, 33.0, 33.0, 33.0, 33.0, 33.0, 33.0, 33.0, 33.0, 33.0, 33.0, 33.0, 33.0, 33.0, 33.0, 33.0, 33.0, 33.0, 33.0, 33.0, 33.0, 33.0, 33.0, 33.0, 33.0, 33.0, 33.0, 33.0, 33.0, 33.0, 33.0, 33.0, 33.0, 33.0, 33.0, 33.0, 33.0, 33.0, 33.0, 33.0, 33.0, 33.0, 33.0, 33.0, 33.0, 33.0, 33.0, 33.0, 33.0, 33.0