,number,value,datetime_start,datetime_complete,duration,params_batch_size_scaler,params_constant_learning_rate,params_depth,params_epochs,params_kernel_l2,params_num_trees,params_temperature,user_attrs_accuracy_test,user_attrs_accuracy_valid,user_attrs_approximate_feature_sparsity,user_attrs_approximate_feature_sparsity_history,user_attrs_approximate_weight_sparsity,user_attrs_approximate_weight_sparsity_history,user_attrs_auc_test,user_attrs_auc_valid,user_attrs_feature_sparsity,user_attrs_feature_sparsity_history,user_attrs_num_epochs,user_attrs_val_loss_history,user_attrs_weight_sparsity,user_attrs_weight_sparsity_history,state
7,7,0.927490306707372,2024-08-31 00:47:21.132786,2024-08-31 00:52:41.521674,0 days 00:05:20.388888,1,0.1559662071592429,6,175,0.17882832527607137,17,0.01506586099324959,0.947,0.945,29,"[33, 33, 33, 33, 33, 33, 33, 33, 33, 33, 33, 33, 33, 33, 33, 33, 33, 33, 33, 33, 33, 33, 33, 33, 33, 33, 33, 33, 33, 33, 33, 33, 33, 33, 33, 32, 32, 31, 31, 31, 31, 31, 30, 30, 30, 30, 30, 30, 30, 30, 30, 30, 30, 30, 30, 30, 30, 30, 30, 30, 30, 30, 30, 30, 30, 30, 30, 30, 30, 30, 30, 30, 30, 30, 30, 30, 30, 30, 30, 30, 30, 30, 30, 30, 30, 30, 30, 30, 30, 30, 30, 30, 30, 30, 30, 30, 30, 30, 30, 30, 30, 30, 30, 30, 30, 30, 30, 30, 30, 30, 30, 30, 30, 30, 30, 30, 30, 30, 30, 30, 30, 30, 30, 30, 30, 30, 30, 30, 30, 30, 30, 30, 30, 30, 29, 29, 29, 29, 29, 29, 29, 29, 29, 29, 29, 29, 29, 29, 29, 29, 29, 29, 29, 29, 29, 29, 29, 29, 29, 29, 29, 29, 29, 29, 29, 29, 29, 29, 29, 29, 29, 29, 29, 29, 29]",28.84967320261438,"[32.94864612511671, 32.95611577964519, 32.95144724556489, 32.95144724556489, 32.95518207282913, 32.954248366013076, 32.945845004668534, 32.95238095238095, 32.95238095238095, 32.95144724556489, 32.9467787114846, 32.957983193277315, 32.95238095238095, 32.95144724556489, 32.95051353874884, 32.93930905695612, 32.943977591036415, 32.94491129785247, 32.95144724556489, 32.945845004668534, 32.95051353874884, 32.93650793650794, 32.945845004668534, 32.947712418300654, 32.95891690009337, 32.957983193277315, 32.94957983193277, 32.942110177404295, 32.94957983193277, 32.95518207282913, 32.945845004668534, 32.95331465919701, 32.94957983193277, 32.95051353874884, 32.954248366013076, 31.939309056956116, 31.955182072829132, 30.95611577964519, 30.954248366013072, 30.947712418300654, 30.95891690009337, 30.951447245564893, 29.945845004668534, 29.944911297852475, 29.950513538748833, 29.954248366013072, 29.942110177404295, 29.954248366013072, 29.945845004668534, 29.949579831932773, 29.934640522875817, 29.942110177404295, 29.939309056956116, 29.945845004668534, 29.931839402427638, 29.915966386554622, 29.91970121381886, 29.913165266106443, 29.92063492063492, 29.930905695611578, 29.92250233426704, 29.934640522875817, 29.933706816059757, 29.943043884220355, 29.937441643323996, 29.92063492063492, 29.9281045751634, 29.92436974789916, 29.934640522875817, 29.930905695611578, 29.92623716153128, 29.938375350140056, 29.92997198879552, 29.934640522875817, 29.930905695611578, 29.92156862745098, 29.92530345471522, 29.92063492063492, 29.906629318394025, 29.916900093370682, 29.92903828197946, 29.9234360410831, 29.933706816059757, 29.909430438842204, 29.914098972922503, 29.907563025210084, 29.906629318394025, 29.905695611577965, 29.910364145658264, 29.91783380018674, 29.916900093370682, 29.909430438842204, 29.909430438842204, 29.909430438842204, 29.916900093370682, 29.907563025210084, 29.910364145658264, 29.903828197945845, 29.909430438842204, 29.903828197945845, 29.895424836601308, 29.908496732026144, 29.901960784313726, 29.92063492063492, 29.898225957049487, 29.904761904761905, 29.897292250233427, 29.900093370681606, 29.902894491129786, 29.911297852474323, 29.899159663865547, 29.910364145658264, 29.902894491129786, 29.88608776844071, 29.88702147525677, 29.893557422969188, 29.898225957049487, 29.901027077497666, 29.907563025210084, 29.903828197945845, 29.898225957049487, 29.88328664799253, 29.88795518207283, 29.88608776844071, 29.88141923436041, 29.88888888888889, 29.88422035480859, 29.872082166199814, 29.876750700280112, 29.88235294117647, 29.875816993464053, 29.875816993464053, 29.868347338935575, 29.875816993464053, 28.88328664799253, 28.873949579831933, 28.88048552754435, 28.89075630252101, 28.874883286647993, 28.872082166199814, 28.89169000933707, 28.88982259570495, 28.873949579831933, 28.873949579831933, 28.873015873015873, 28.89075630252101, 28.88235294117647, 28.88235294117647, 28.88048552754435, 28.88422035480859, 28.88888888888889, 28.88795518207283, 28.89262371615313, 28.877684407096172, 28.868347338935575, 28.867413632119515, 28.877684407096172, 28.876750700280112, 28.87955182072829, 28.876750700280112, 28.88141923436041, 28.88235294117647, 28.865546218487395, 28.869281045751634, 28.859010270774977, 28.861811391223156, 28.861811391223156, 28.856209150326798, 28.84313725490196, 28.85060690943044, 28.863678804855276, 28.85060690943044, 28.85434173669468, 28.85434173669468, 28.84967320261438]",0.913572602151603,0.927490306707372,29,"[33, 33, 33, 33, 33, 33, 33, 33, 33, 33, 33, 33, 33, 33, 33, 33, 33, 33, 33, 33, 33, 33, 33, 33, 33, 33, 33, 33, 33, 33, 33, 33, 33, 33, 33, 32, 32, 31, 31, 31, 31, 31, 30, 30, 30, 30, 30, 30, 30, 30, 30, 30, 30, 30, 30, 30, 30, 30, 30, 30, 30, 30, 30, 30, 30, 30, 30, 30, 30, 30, 30, 30, 30, 30, 30, 30, 30, 30, 30, 30, 30, 30, 30, 30, 30, 30, 30, 30, 30, 30, 30, 30, 30, 30, 30, 30, 30, 30, 30, 30, 30, 30, 30, 30, 30, 30, 30, 30, 30, 30, 30, 30, 30, 30, 30, 30, 30, 30, 30, 30, 30, 30, 30, 30, 30, 30, 30, 30, 30, 30, 30, 30, 30, 30, 29, 29, 29, 29, 29, 29, 29, 29, 29, 29, 29, 29, 29, 29, 29, 29, 29, 29, 29, 29, 29, 29, 29, 29, 29, 29, 29, 29, 29, 29, 29, 29, 29, 29, 29, 29, 29, 29, 29, 29, 29]",175,"[0.3897877037525177, 0.37842392921447754, 0.3713904619216919, 0.36480873823165894, 0.3579418957233429, 0.35160842537879944, 0.3436027467250824, 0.3353016972541809, 0.3256117105484009, 0.3158756494522095, 0.3062409460544586, 0.2982938289642334, 0.29153621196746826, 0.2840842008590698, 0.2794076204299927, 0.274979829788208, 0.26966777443885803, 0.26507338881492615, 0.2613052725791931, 0.2596023678779602, 0.25463297963142395, 0.249771386384964, 0.24891507625579834, 0.2437395602464676, 0.2402157336473465, 0.2368324100971222, 0.23478400707244873, 0.23406337201595306, 0.2309696227312088, 0.22976678609848022, 0.22653360664844513, 0.2260182946920395, 0.22245831787586212, 0.22110457718372345, 0.21880893409252167, 0.21792198717594147, 0.21729776263237, 0.2140943706035614, 0.2171659618616104, 0.21305444836616516, 0.2181043177843094, 0.2121315747499466, 0.21304935216903687, 0.21362163126468658, 0.20921292901039124, 0.21025419235229492, 0.2084542065858841, 0.20815663039684296, 0.2107558250427246, 0.20668497681617737, 0.20524509251117706, 0.20639510452747345, 0.20373687148094177, 0.21033993363380432, 0.20985147356987, 0.20767967402935028, 0.20342376828193665, 0.2139434963464737, 0.20221923291683197, 0.19946327805519104, 0.2016713172197342, 0.20504504442214966, 0.1999080777168274, 0.19765834510326385, 0.20578831434249878, 0.20527340471744537, 0.2020920366048813, 0.1971166580915451, 0.1978653371334076, 0.2054276466369629, 0.1986147165298462, 0.19902068376541138, 0.1960712969303131, 0.1986836940050125, 0.1913796067237854, 0.20235472917556763, 0.199114128947258, 0.19654622673988342, 0.1972680240869522, 0.19444409012794495, 0.19634677469730377, 0.1950640082359314, 0.19227063655853271, 0.19913184642791748, 0.1992434859275818, 0.19376739859580994, 0.1937435120344162, 0.19579511880874634, 0.19259491562843323, 0.19575242698192596, 0.19468925893306732, 0.19914421439170837, 0.19651252031326294, 0.20052570104599, 0.19502311944961548, 0.19605961441993713, 0.20064660906791687, 0.20037467777729034, 0.19809667766094208, 0.19802381098270416, 0.2037026733160019, 0.19470515847206116, 0.19788283109664917, 0.1994561403989792, 0.20099730789661407, 0.19560182094573975, 0.19655601680278778, 0.20224156975746155, 0.2006060630083084, 0.19466303288936615, 0.1973913013935089, 0.19541823863983154, 0.19991141557693481, 0.20095449686050415, 0.1971980631351471, 0.19681330025196075, 0.2017812281847, 0.19317036867141724, 0.1993308961391449, 0.19526970386505127, 0.19837747514247894, 0.202159583568573, 0.20351284742355347, 0.2025686502456665, 0.19751214981079102, 0.19842186570167542, 0.2020273059606552, 0.20075291395187378, 0.20026817917823792, 0.20669999718666077, 0.200891375541687, 0.20705951750278473, 0.1987529993057251, 0.19483721256256104, 0.1979828029870987, 0.1979999989271164, 0.19968698918819427, 0.19472400844097137, 0.1982736587524414, 0.20109394192695618, 0.1989419013261795, 0.1944936215877533, 0.19970954954624176, 0.20287267863750458, 0.2094232439994812, 0.19741855561733246, 0.19966906309127808, 0.20031467080116272, 0.1992761492729187, 0.19799520075321198, 0.20088952779769897, 0.2046467810869217, 0.20372338593006134, 0.20006819069385529, 0.20580808818340302, 0.20474965870380402, 0.20877401530742645, 0.20711401104927063, 0.2027503252029419, 0.20136375725269318, 0.20689043402671814, 0.19817732274532318, 0.20318883657455444, 0.2076413482427597, 0.22540591657161713, 0.2093975841999054, 0.20038869976997375, 0.20379847288131714, 0.20210111141204834, 0.20785105228424072, 0.2017643004655838, 0.22314804792404175, 0.20686593651771545, 0.2154780775308609, 0.21613885462284088]",29.0,"[33.0, 33.0, 33.0, 33.0, 33.0, 33.0, 33.0, 33.0, 33.0, 33.0, 33.0, 33.0, 33.0, 33.0, 33.0, 33.0, 33.0, 33.0, 33.0, 33.0, 33.0, 33.0, 33.0, 33.0, 33.0, 33.0, 33.0, 33.0, 33.0, 33.0, 33.0, 33.0, 33.0, 33.0, 33.0, 32.0, 32.0, 31.0, 31.0, 31.0, 31.0, 31.0, 30.0, 30.0, 30.0, 30.0, 30.0, 30.0, 30.0, 30.0, 30.0, 30.0, 30.0, 30.0, 30.0, 30.0, 30.0, 30.0, 30.0, 30.0, 30.0, 30.0, 30.0, 30.0, 30.0, 30.0, 30.0, 30.0, 30.0, 30.0, 30.0, 30.0, 30.0, 30.0, 30.0, 30.0, 30.0, 30.0, 30.0, 30.0, 30.0, 30.0, 30.0, 30.0, 30.0, 30.0, 30.0, 30.0, 30.0, 30.0, 30.0, 30.0, 30.0, 30.0, 30.0, 30.0, 30.0, 30.0, 30.0, 30.0, 30.0, 30.0, 30.0, 30.0, 30.0, 30.0, 30.0, 30.0, 30.0, 30.0, 30.0, 30.0, 30.0, 30.0, 30.0, 30.0, 30.0, 30.0, 30.0, 30.0, 30.0, 30.0, 30.0, 30.0, 30.0, 30.0, 30.0, 30.0, 30.0, 30.0, 30.0, 30.0, 30.0, 30.0, 29.0, 29.0, 29.0, 29.0, 29.0, 29.0, 29.0, 29.0, 29.0, 29.0, 29.0, 29.0, 29.0, 29.0, 29.0, 29.0, 29.0, 29.0, 29.0, 29.0, 29.0, 29.0, 29.0, 29.0, 29.0, 29.0, 29.0, 29.0, 29.0, 29.0, 29.0, 29.0, 29.0, 29.0, 29.0, 29.0, 29.0, 29.0, 29.0, 29.0, 29.0]",COMPLETE
