,number,value,datetime_start,datetime_complete,duration,params_batch_size_scaler,params_constant_learning_rate,params_depth,params_epochs,params_kernel_l2,params_num_trees,params_temperature,user_attrs_accuracy_test,user_attrs_accuracy_valid,user_attrs_approximate_feature_sparsity,user_attrs_approximate_feature_sparsity_history,user_attrs_approximate_weight_sparsity,user_attrs_approximate_weight_sparsity_history,user_attrs_auc_test,user_attrs_auc_valid,user_attrs_feature_sparsity,user_attrs_feature_sparsity_history,user_attrs_num_epochs,user_attrs_val_loss_history,user_attrs_weight_sparsity,user_attrs_weight_sparsity_history,state
47,47,0.5,2024-08-31 02:47:00.428038,2024-08-31 02:57:58.928755,0 days 00:10:58.500717,1,6.556309277061748,5,450,0.0012074291891528864,4,0.003682593156493462,0.859,0.85875,0,"[0, 0, 0, 0, 0, 0, 0, 0, 0, 0, 0, 0, 0, 0, 0, 0, 0, 0, 0, 0, 0, 0, 0, 0, 0, 0, 0, 0, 0, 0, 0, 0, 0, 0, 0, 0, 0, 0, 0, 0, 0, 0, 0, 0, 0, 0, 0, 0, 0, 0, 0, 0, 0, 0, 0, 0, 0, 0, 0, 0, 0, 0, 0, 0, 0, 0, 0, 0, 0, 0, 0, 0, 0, 0, 0, 0, 0, 0, 0, 0, 0, 0, 0, 0, 0, 0, 0, 0, 0, 0, 0, 0, 0, 0, 0, 0, 0, 0, 0, 0, 0, 0, 0, 0, 0, 0, 0, 0, 0, 0, 0, 0, 0, 0, 0, 0, 0, 0, 0, 0, 0, 0, 0, 0, 0, 0, 0, 0, 0, 0, 0, 0, 0, 0, 0, 0, 0, 0, 0, 0, 0, 0, 0, 0, 0, 0, 0, 0, 0, 0, 0, 0, 0, 0, 0, 0, 0, 0, 0, 0, 0, 0, 0, 0, 0, 0, 0, 0, 0, 0, 0, 0, 0, 0, 0, 0, 0, 0, 0, 0, 0, 0, 0, 0, 0, 0, 0, 0, 0, 0, 0, 0, 0, 0, 0, 0, 0, 0, 0, 0, 0, 0, 0, 0, 0, 0, 0, 0, 0, 0, 0, 0, 0, 0, 0, 0, 0, 0, 0, 0, 0, 0, 0, 0, 0, 0, 0, 0, 0, 0, 0, 0, 0, 0, 0, 0, 0, 0, 0, 0, 0, 0, 0, 0, 0, 0, 0, 0, 0, 0, 0, 0, 0, 0, 0, 0, 0, 0, 0, 0, 0, 0, 0, 0, 0, 0, 0, 0, 0, 0, 0, 0, 0, 0, 0, 0, 0, 0, 0, 0, 0, 0, 0, 0, 0, 0, 0, 0, 0, 0, 0, 0, 0, 0, 0, 0, 0, 0, 0, 0, 0, 0, 0, 0, 0, 0, 0, 0, 0, 0, 0, 0, 0, 0, 0, 0, 0, 0, 0, 0, 0, 0, 0, 0, 0, 0, 0, 0, 0, 0, 0, 0, 0, 0, 0, 0, 0, 0, 0, 0, 0, 0, 0, 0, 0, 0, 0, 0, 0, 0, 0, 0, 0, 0, 0, 0, 0, 0, 0, 0, 0, 0, 0, 0, 0, 0, 0, 0, 0, 0, 0, 0, 0, 0, 0, 0, 0, 0, 0, 0, 0, 0, 0, 0, 0, 0, 0, 0, 0, 0, 0, 0, 0, 0, 0, 0, 0, 0, 0, 0, 0, 0, 0, 0, 0, 0, 0, 0, 0, 0, 0, 0, 0, 0, 0, 0, 0, 0, 0, 0, 0, 0, 0, 0, 0, 0, 0, 0, 0, 0, 0, 0, 0, 0, 0, 0, 0, 0, 0, 0, 0, 0, 0, 0, 0, 0, 0, 0, 0, 0]",0.0,"[0.0, 0.0, 0.0, 0.0, 0.0, 0.0, 0.0, 0.0, 0.0, 0.0, 0.0, 0.0, 0.0, 0.0, 0.0, 0.0, 0.0, 0.0, 0.0, 0.0, 0.0, 0.0, 0.0, 0.0, 0.0, 0.0, 0.0, 0.0, 0.0, 0.0, 0.0, 0.0, 0.0, 0.0, 0.0, 0.0, 0.0, 0.0, 0.0, 0.0, 0.0, 0.0, 0.0, 0.0, 0.0, 0.0, 0.0, 0.0, 0.0, 0.0, 0.0, 0.0, 0.0, 0.0, 0.0, 0.0, 0.0, 0.0, 0.0, 0.0, 0.0, 0.0, 0.0, 0.0, 0.0, 0.0, 0.0, 0.0, 0.0, 0.0, 0.0, 0.0, 0.0, 0.0, 0.0, 0.0, 0.0, 0.0, 0.0, 0.0, 0.0, 0.0, 0.0, 0.0, 0.0, 0.0, 0.0, 0.0, 0.0, 0.0, 0.0, 0.0, 0.0, 0.0, 0.0, 0.0, 0.0, 0.0, 0.0, 0.0, 0.0, 0.0, 0.0, 0.0, 0.0, 0.0, 0.0, 0.0, 0.0, 0.0, 0.0, 0.0, 0.0, 0.0, 0.0, 0.0, 0.0, 0.0, 0.0, 0.0, 0.0, 0.0, 0.0, 0.0, 0.0, 0.0, 0.0, 0.0, 0.0, 0.0, 0.0, 0.0, 0.0, 0.0, 0.0, 0.0, 0.0, 0.0, 0.0, 0.0, 0.0, 0.0, 0.0, 0.0, 0.0, 0.0, 0.0, 0.0, 0.0, 0.0, 0.0, 0.0, 0.0, 0.0, 0.0, 0.0, 0.0, 0.0, 0.0, 0.0, 0.0, 0.0, 0.0, 0.0, 0.0, 0.0, 0.0, 0.0, 0.0, 0.0, 0.0, 0.0, 0.0, 0.0, 0.0, 0.0, 0.0, 0.0, 0.0, 0.0, 0.0, 0.0, 0.0, 0.0, 0.0, 0.0, 0.0, 0.0, 0.0, 0.0, 0.0, 0.0, 0.0, 0.0, 0.0, 0.0, 0.0, 0.0, 0.0, 0.0, 0.0, 0.0, 0.0, 0.0, 0.0, 0.0, 0.0, 0.0, 0.0, 0.0, 0.0, 0.0, 0.0, 0.0, 0.0, 0.0, 0.0, 0.0, 0.0, 0.0, 0.0, 0.0, 0.0, 0.0, 0.0, 0.0, 0.0, 0.0, 0.0, 0.0, 0.0, 0.0, 0.0, 0.0, 0.0, 0.0, 0.0, 0.0, 0.0, 0.0, 0.0, 0.0, 0.0, 0.0, 0.0, 0.0, 0.0, 0.0, 0.0, 0.0, 0.0, 0.0, 0.0, 0.0, 0.0, 0.0, 0.0, 0.0, 0.0, 0.0, 0.0, 0.0, 0.0, 0.0, 0.0, 0.0, 0.0, 0.0, 0.0, 0.0, 0.0, 0.0, 0.0, 0.0, 0.0, 0.0, 0.0, 0.0, 0.0, 0.0, 0.0, 0.0, 0.0, 0.0, 0.0, 0.0, 0.0, 0.0, 0.0, 0.0, 0.0, 0.0, 0.0, 0.0, 0.0, 0.0, 0.0, 0.0, 0.0, 0.0, 0.0, 0.0, 0.0, 0.0, 0.0, 0.0, 0.0, 0.0, 0.0, 0.0, 0.0, 0.0, 0.0, 0.0, 0.0, 0.0, 0.0, 0.0, 0.0, 0.0, 0.0, 0.0, 0.0, 0.0, 0.0, 0.0, 0.0, 0.0, 0.0, 0.0, 0.0, 0.0, 0.0, 0.0, 0.0, 0.0, 0.0, 0.0, 0.0, 0.0, 0.0, 0.0, 0.0, 0.0, 0.0, 0.0, 0.0, 0.0, 0.0, 0.0, 0.0, 0.0, 0.0, 0.0, 0.0, 0.0, 0.0, 0.0, 0.0, 0.0, 0.0, 0.0, 0.0, 0.0, 0.0, 0.0, 0.0, 0.0, 0.0, 0.0, 0.0, 0.0, 0.0, 0.0, 0.0, 0.0, 0.0, 0.0, 0.0, 0.0, 0.0, 0.0, 0.0, 0.0, 0.0, 0.0, 0.0, 0.0, 0.0, 0.0, 0.0, 0.0, 0.0, 0.0, 0.0, 0.0, 0.0, 0.0, 0.0, 0.0, 0.0, 0.0, 0.0, 0.0, 0.0, 0.0, 0.0, 0.0, 0.0, 0.0, 0.0, 0.0, 0.0, 0.0, 0.0, 0.0, 0.0, 0.0, 0.0, 0.0, 0.0, 0.0, 0.0, 0.0, 0.0, 0.0, 0.0, 0.0, 0.0, 0.0, 0.0, 0.0, 0.0, 0.0, 0.0, 0.0, 0.0, 0.0, 0.0, 0.0, 0.0, 0.0, 0.0, 0.0, 0.0, 0.0, 0.0, 0.0, 0.0, 0.0]",0.5,0.5,0,"[0, 0, 0, 0, 0, 0, 0, 0, 0, 0, 0, 0, 0, 0, 0, 0, 0, 0, 0, 0, 0, 0, 0, 0, 0, 0, 0, 0, 0, 0, 0, 0, 0, 0, 0, 0, 0, 0, 0, 0, 0, 0, 0, 0, 0, 0, 0, 0, 0, 0, 0, 0, 0, 0, 0, 0, 0, 0, 0, 0, 0, 0, 0, 0, 0, 0, 0, 0, 0, 0, 0, 0, 0, 0, 0, 0, 0, 0, 0, 0, 0, 0, 0, 0, 0, 0, 0, 0, 0, 0, 0, 0, 0, 0, 0, 0, 0, 0, 0, 0, 0, 0, 0, 0, 0, 0, 0, 0, 0, 0, 0, 0, 0, 0, 0, 0, 0, 0, 0, 0, 0, 0, 0, 0, 0, 0, 0, 0, 0, 0, 0, 0, 0, 0, 0, 0, 0, 0, 0, 0, 0, 0, 0, 0, 0, 0, 0, 0, 0, 0, 0, 0, 0, 0, 0, 0, 0, 0, 0, 0, 0, 0, 0, 0, 0, 0, 0, 0, 0, 0, 0, 0, 0, 0, 0, 0, 0, 0, 0, 0, 0, 0, 0, 0, 0, 0, 0, 0, 0, 0, 0, 0, 0, 0, 0, 0, 0, 0, 0, 0, 0, 0, 0, 0, 0, 0, 0, 0, 0, 0, 0, 0, 0, 0, 0, 0, 0, 0, 0, 0, 0, 0, 0, 0, 0, 0, 0, 0, 0, 0, 0, 0, 0, 0, 0, 0, 0, 0, 0, 0, 0, 0, 0, 0, 0, 0, 0, 0, 0, 0, 0, 0, 0, 0, 0, 0, 0, 0, 0, 0, 0, 0, 0, 0, 0, 0, 0, 0, 0, 0, 0, 0, 0, 0, 0, 0, 0, 0, 0, 0, 0, 0, 0, 0, 0, 0, 0, 0, 0, 0, 0, 0, 0, 0, 0, 0, 0, 0, 0, 0, 0, 0, 0, 0, 0, 0, 0, 0, 0, 0, 0, 0, 0, 0, 0, 0, 0, 0, 0, 0, 0, 0, 0, 0, 0, 0, 0, 0, 0, 0, 0, 0, 0, 0, 0, 0, 0, 0, 0, 0, 0, 0, 0, 0, 0, 0, 0, 0, 0, 0, 0, 0, 0, 0, 0, 0, 0, 0, 0, 0, 0, 0, 0, 0, 0, 0, 0, 0, 0, 0, 0, 0, 0, 0, 0, 0, 0, 0, 0, 0, 0, 0, 0, 0, 0, 0, 0, 0, 0, 0, 0, 0, 0, 0, 0, 0, 0, 0, 0, 0, 0, 0, 0, 0, 0, 0, 0, 0, 0, 0, 0, 0, 0, 0, 0, 0, 0, 0, 0, 0, 0, 0, 0, 0, 0, 0, 0, 0, 0, 0, 0, 0, 0, 0, 0, 0, 0, 0, 0, 0, 0, 0, 0, 0, 0, 0, 0, 0, 0, 0]",450,"[0.41269245743751526, 0.4078966975212097, 0.41441863775253296, 0.4074081778526306, 0.40723782777786255, 0.41337254643440247, 0.40803611278533936, 0.40811631083488464, 0.40927207469940186, 0.407238245010376, 0.4087275266647339, 0.40834861993789673, 0.4074496030807495, 0.4269201159477234, 0.4072496294975281, 0.4074918031692505, 0.40823838114738464, 0.40787410736083984, 0.40970325469970703, 0.40780216455459595, 0.4241292178630829, 0.41005873680114746, 0.4106428921222687, 0.4091412425041199, 0.41422271728515625, 0.4165356457233429, 0.41681891679763794, 0.4073566496372223, 0.40723416209220886, 0.40957126021385193, 0.4072955250740051, 0.408239483833313, 0.4131820797920227, 0.4104042053222656, 0.4072883725166321, 0.4072881042957306, 0.40761005878448486, 0.41729530692100525, 0.40982016921043396, 0.4082202613353729, 0.40794503688812256, 0.4153199791908264, 0.42506861686706543, 0.4082756042480469, 0.40991878509521484, 0.40930771827697754, 0.4138779044151306, 0.4098232686519623, 0.411237895488739, 0.41162949800491333, 0.40962541103363037, 0.41363489627838135, 0.40742409229278564, 0.40987101197242737, 0.4088256061077118, 0.4123154580593109, 0.407456636428833, 0.42469093203544617, 0.4098277986049652, 0.4073953330516815, 0.40978148579597473, 0.4170754551887512, 0.4101695120334625, 0.4099665880203247, 0.4128912389278412, 0.40722641348838806, 0.4093809425830841, 0.40907543897628784, 0.4072810411453247, 0.4074072241783142, 0.42415377497673035, 0.41479259729385376, 0.40771031379699707, 0.40750041604042053, 0.4078584909439087, 0.40859559178352356, 0.4086266756057739, 0.41064292192459106, 0.40724506974220276, 0.4149167537689209, 0.4086884558200836, 0.4131932854652405, 0.41436898708343506, 0.4075377285480499, 0.4132649302482605, 0.4074400067329407, 0.407851904630661, 0.41455796360969543, 0.41094931960105896, 0.40750813484191895, 0.4073956310749054, 0.4072331488132477, 0.40757086873054504, 0.4078306555747986, 0.4072268605232239, 0.41670045256614685, 0.40845996141433716, 0.40729355812072754, 0.4095814526081085, 0.4289032220840454, 0.4163472652435303, 0.4294658899307251, 0.4078887104988098, 0.411398321390152, 0.4075069725513458, 0.40843284130096436, 0.4208143949508667, 0.4161634147167206, 0.4098874628543854, 0.4072313606739044, 0.4145353436470032, 0.4101131558418274, 0.4089963138103485, 0.4089479446411133, 0.4072296619415283, 0.4076894521713257, 0.40783146023750305, 0.40727394819259644, 0.411529004573822, 0.4096039831638336, 0.41094014048576355, 0.41000381112098694, 0.41129815578460693, 0.408264696598053, 0.41070321202278137, 0.4105103313922882, 0.4111241400241852, 0.4113789498806, 0.40725719928741455, 0.4074270725250244, 0.4073508381843567, 0.40934813022613525, 0.4074402153491974, 0.4153352379798889, 0.4102928638458252, 0.40728047490119934, 0.4075711965560913, 0.4082108736038208, 0.40846365690231323, 0.4080926477909088, 0.40816792845726013, 0.40723368525505066, 0.40744128823280334, 0.4086076319217682, 0.4125042259693146, 0.413457453250885, 0.40845397114753723, 0.40865907073020935, 0.407790869474411, 0.40834125876426697, 0.40864232182502747, 0.4090348482131958, 0.41235455870628357, 0.40931373834609985, 0.4130744934082031, 0.4257664382457733, 0.41761890053749084, 0.4194404184818268, 0.40734249353408813, 0.40887823700904846, 0.40760093927383423, 0.4075157642364502, 0.4086792767047882, 0.40845024585723877, 0.40769070386886597, 0.4077194333076477, 0.4086713492870331, 0.4072738289833069, 0.4097927212715149, 0.4073663055896759, 0.4086093604564667, 0.41945621371269226, 0.4104261100292206, 0.4176306426525116, 0.4105864465236664, 0.4085873067378998, 0.4117102026939392, 0.40723663568496704, 0.4091915786266327, 0.4074794352054596, 0.40723177790641785, 0.4084656834602356, 0.4076298177242279, 0.41014808416366577, 0.40769752860069275, 0.40737953782081604, 0.4133080542087555, 0.4121183753013611, 0.4072718024253845, 0.4072478413581848, 0.4072797894477844, 0.4108414351940155, 0.40919020771980286, 0.4214101731777191, 0.4177452027797699, 0.4078490734100342, 0.4133785367012024, 0.4172358214855194, 0.4072380065917969, 0.41759857535362244, 0.4082140624523163, 0.4079912602901459, 0.4089607894420624, 0.40815475583076477, 0.40763306617736816, 0.40762025117874146, 0.4076958894729614, 0.4080345928668976, 0.4101027548313141, 0.4136717915534973, 0.4075848460197449, 0.4219866991043091, 0.4073852598667145, 0.40731868147850037, 0.40812918543815613, 0.407377153635025, 0.40758445858955383, 0.4213944971561432, 0.4086301922798157, 0.4083925187587738, 0.40776875615119934, 0.4124934673309326, 0.4088183343410492, 0.4072922170162201, 0.40752312541007996, 0.4131646454334259, 0.40745145082473755, 0.4073392152786255, 0.4104916453361511, 0.40996527671813965, 0.4074372947216034, 0.4103189706802368, 0.41836586594581604, 0.4073311984539032, 0.4073137938976288, 0.4086548984050751, 0.4132610261440277, 0.4117952585220337, 0.40754497051239014, 0.4116547107696533, 0.4193492829799652, 0.40846145153045654, 0.421517550945282, 0.4074474275112152, 0.427845299243927, 0.40964874625205994, 0.4115951955318451, 0.4077189564704895, 0.40853890776634216, 0.4097483158111572, 0.4074176847934723, 0.40827128291130066, 0.40730977058410645, 0.41766852140426636, 0.4225205183029175, 0.4137358069419861, 0.407879114151001, 0.4073105752468109, 0.4072287380695343, 0.4086763262748718, 0.4074695110321045, 0.4074476957321167, 0.41350647807121277, 0.4293801188468933, 0.4073761999607086, 0.40757983922958374, 0.40733614563941956, 0.4132894277572632, 0.4376341700553894, 0.41906604170799255, 0.4183734655380249, 0.4170575737953186, 0.4080446660518646, 0.410632848739624, 0.4142574369907379, 0.4092561602592468, 0.4096071124076843, 0.41665294766426086, 0.4094008207321167, 0.4080186188220978, 0.407878041267395, 0.4109463095664978, 0.42424866557121277, 0.4086603820323944, 0.40724533796310425, 0.4179762899875641, 0.4132639765739441, 0.4090782403945923, 0.4136517643928528, 0.4077719449996948, 0.4083561599254608, 0.40859687328338623, 0.4103505611419678, 0.4072447717189789, 0.40912097692489624, 0.40729930996894836, 0.40769630670547485, 0.41115322709083557, 0.40752890706062317, 0.40758541226387024, 0.4196617007255554, 0.4084475338459015, 0.4132176339626312, 0.4074398875236511, 0.4072670638561249, 0.40774691104888916, 0.40952882170677185, 0.40728405117988586, 0.4080371558666229, 0.4076918661594391, 0.41123971343040466, 0.4104071855545044, 0.4080234467983246, 0.40834468603134155, 0.4081627130508423, 0.4145280420780182, 0.4081721901893616, 0.40826693177223206, 0.40875381231307983, 0.4141461253166199, 0.41118279099464417, 0.4091640114784241, 0.41611534357070923, 0.4075940251350403, 0.4083101153373718, 0.41668590903282166, 0.4075925052165985, 0.4072261452674866, 0.4094094932079315, 0.41162434220314026, 0.4081827402114868, 0.41468188166618347, 0.4095560312271118, 0.40786823630332947, 0.4079572260379791, 0.40854594111442566, 0.4090808033943176, 0.40807202458381653, 0.4072606563568115, 0.4087670147418976, 0.40795329213142395, 0.40933579206466675, 0.40722665190696716, 0.42830178141593933, 0.4165942668914795, 0.4073111414909363, 0.409200519323349, 0.4072289764881134, 0.40756312012672424, 0.41099292039871216, 0.41282951831817627, 0.4074331223964691, 0.40991124510765076, 0.40946146845817566, 0.40723010897636414, 0.410410612821579, 0.4158632159233093, 0.4074803590774536, 0.4075653553009033, 0.4144664406776428, 0.4086852967739105, 0.4073740243911743, 0.4106445014476776, 0.41546881198883057, 0.4077261984348297, 0.4074564278125763, 0.4073207974433899, 0.42306065559387207, 0.4152110815048218, 0.4083673059940338, 0.40812167525291443, 0.4112876057624817, 0.41422221064567566, 0.4075514078140259, 0.4133012294769287, 0.40734151005744934, 0.4077528715133667, 0.40927228331565857, 0.4072740077972412, 0.4118421971797943, 0.4118086099624634, 0.41487744450569153, 0.4120427072048187, 0.4149254262447357, 0.4167594611644745, 0.40797433257102966, 0.40929436683654785, 0.4147149622440338, 0.40834033489227295, 0.40863263607025146, 0.40898990631103516, 0.4076231122016907, 0.4182605743408203, 0.41717424988746643, 0.41362643241882324, 0.4073038101196289, 0.41262152791023254, 0.407632052898407, 0.4084691107273102, 0.41814735531806946, 0.4087943136692047, 0.4093986749649048, 0.41054585576057434, 0.41380253434181213, 0.4073914587497711, 0.4083614647388458, 0.40817105770111084, 0.411520779132843, 0.4078596234321594, 0.4236131012439728, 0.4151507318019867, 0.4072284400463104, 0.40959128737449646, 0.40794166922569275, 0.40866124629974365, 0.4084690809249878, 0.4099429249763489, 0.4094582796096802, 0.40759336948394775, 0.41046515107154846, 0.41121378540992737, 0.4075159430503845, 0.4073820114135742, 0.41235625743865967, 0.4079957902431488, 0.41006946563720703, 0.40736067295074463, 0.4093473553657532, 0.4079585671424866, 0.40826615691185, 0.4129888415336609, 0.4094351530075073, 0.4072665274143219, 0.40775927901268005, 0.4073561429977417, 0.4072520434856415, 0.4086354970932007, 0.40776413679122925, 0.40787139534950256, 0.4081859588623047, 0.4106302261352539, 0.4081059992313385, 0.41008687019348145, 0.41440755128860474, 0.40807610750198364, 0.4112239181995392, 0.4081546366214752, 0.407256543636322, 0.4108818471431732, 0.4242398738861084]",0.0,"[0.0, 0.0, 0.0, 0.0, 0.0, 0.0, 0.0, 0.0, 0.0, 0.0, 0.0, 0.0, 0.0, 0.0, 0.0, 0.0, 0.0, 0.0, 0.0, 0.0, 0.0, 0.0, 0.0, 0.0, 0.0, 0.0, 0.0, 0.0, 0.0, 0.0, 0.0, 0.0, 0.0, 0.0, 0.0, 0.0, 0.0, 0.0, 0.0, 0.0, 0.0, 0.0, 0.0, 0.0, 0.0, 0.0, 0.0, 0.0, 0.0, 0.0, 0.0, 0.0, 0.0, 0.0, 0.0, 0.0, 0.0, 0.0, 0.0, 0.0, 0.0, 0.0, 0.0, 0.0, 0.0, 0.0, 0.0, 0.0, 0.0, 0.0, 0.0, 0.0, 0.0, 0.0, 0.0, 0.0, 0.0, 0.0, 0.0, 0.0, 0.0, 0.0, 0.0, 0.0, 0.0, 0.0, 0.0, 0.0, 0.0, 0.0, 0.0, 0.0, 0.0, 0.0, 0.0, 0.0, 0.0, 0.0, 0.0, 0.0, 0.0, 0.0, 0.0, 0.0, 0.0, 0.0, 0.0, 0.0, 0.0, 0.0, 0.0, 0.0, 0.0, 0.0, 0.0, 0.0, 0.0, 0.0, 0.0, 0.0, 0.0, 0.0, 0.0, 0.0, 0.0, 0.0, 0.0, 0.0, 0.0, 0.0, 0.0, 0.0, 0.0, 0.0, 0.0, 0.0, 0.0, 0.0, 0.0, 0.0, 0.0, 0.0, 0.0, 0.0, 0.0, 0.0, 0.0, 0.0, 0.0, 0.0, 0.0, 0.0, 0.0, 0.0, 0.0, 0.0, 0.0, 0.0, 0.0, 0.0, 0.0, 0.0, 0.0, 0.0, 0.0, 0.0, 0.0, 0.0, 0.0, 0.0, 0.0, 0.0, 0.0, 0.0, 0.0, 0.0, 0.0, 0.0, 0.0, 0.0, 0.0, 0.0, 0.0, 0.0, 0.0, 0.0, 0.0, 0.0, 0.0, 0.0, 0.0, 0.0, 0.0, 0.0, 0.0, 0.0, 0.0, 0.0, 0.0, 0.0, 0.0, 0.0, 0.0, 0.0, 0.0, 0.0, 0.0, 0.0, 0.0, 0.0, 0.0, 0.0, 0.0, 0.0, 0.0, 0.0, 0.0, 0.0, 0.0, 0.0, 0.0, 0.0, 0.0, 0.0, 0.0, 0.0, 0.0, 0.0, 0.0, 0.0, 0.0, 0.0, 0.0, 0.0, 0.0, 0.0, 0.0, 0.0, 0.0, 0.0, 0.0, 0.0, 0.0, 0.0, 0.0, 0.0, 0.0, 0.0, 0.0, 0.0, 0.0, 0.0, 0.0, 0.0, 0.0, 0.0, 0.0, 0.0, 0.0, 0.0, 0.0, 0.0, 0.0, 0.0, 0.0, 0.0, 0.0, 0.0, 0.0, 0.0, 0.0, 0.0, 0.0, 0.0, 0.0, 0.0, 0.0, 0.0, 0.0, 0.0, 0.0, 0.0, 0.0, 0.0, 0.0, 0.0, 0.0, 0.0, 0.0, 0.0, 0.0, 0.0, 0.0, 0.0, 0.0, 0.0, 0.0, 0.0, 0.0, 0.0, 0.0, 0.0, 0.0, 0.0, 0.0, 0.0, 0.0, 0.0, 0.0, 0.0, 0.0, 0.0, 0.0, 0.0, 0.0, 0.0, 0.0, 0.0, 0.0, 0.0, 0.0, 0.0, 0.0, 0.0, 0.0, 0.0, 0.0, 0.0, 0.0, 0.0, 0.0, 0.0, 0.0, 0.0, 0.0, 0.0, 0.0, 0.0, 0.0, 0.0, 0.0, 0.0, 0.0, 0.0, 0.0, 0.0, 0.0, 0.0, 0.0, 0.0, 0.0, 0.0, 0.0, 0.0, 0.0, 0.0, 0.0, 0.0, 0.0, 0.0, 0.0, 0.0, 0.0, 0.0, 0.0, 0.0, 0.0, 0.0, 0.0, 0.0, 0.0, 0.0, 0.0, 0.0, 0.0, 0.0, 0.0, 0.0, 0.0, 0.0, 0.0, 0.0, 0.0, 0.0, 0.0, 0.0, 0.0, 0.0, 0.0, 0.0, 0.0, 0.0, 0.0, 0.0, 0.0, 0.0, 0.0, 0.0, 0.0, 0.0, 0.0, 0.0, 0.0, 0.0, 0.0, 0.0, 0.0, 0.0, 0.0, 0.0, 0.0, 0.0, 0.0, 0.0, 0.0, 0.0, 0.0, 0.0, 0.0, 0.0, 0.0, 0.0, 0.0, 0.0, 0.0, 0.0, 0.0, 0.0, 0.0, 0.0, 0.0, 0.0, 0.0, 0.0, 0.0, 0.0, 0.0, 0.0, 0.0, 0.0, 0.0, 0.0, 0.0, 0.0, 0.0, 0.0, 0.0, 0.0, 0.0, 0.0]",COMPLETE
48,48,0.782316342698149,2024-08-31 02:58:00.395274,2024-08-31 02:58:05.201438,0 days 00:00:04.806164,4,0.22832869782457277,2,5,0.05373630557744611,63,0.0008596717241493899,0.878,0.8725,33,"[33, 33, 33, 33, 33]",32.98412698412698,"[32.98412698412698, 32.98412698412698, 32.973544973544975, 32.98412698412699, 32.98412698412698]",0.8044237485448196,0.782316342698149,33,"[33, 33, 33, 33, 33]",5,"[0.3888401687145233, 0.37508052587509155, 0.36808398365974426, 0.35593658685684204, 0.34939053654670715]",33.0,"[33.0, 33.0, 33.0, 33.0, 33.0]",COMPLETE
