,number,value,datetime_start,datetime_complete,duration,params_batch_size_scaler,params_constant_learning_rate,params_depth,params_epochs,params_kernel_l2,params_num_trees,params_temperature,user_attrs_accuracy_test,user_attrs_accuracy_valid,user_attrs_approximate_feature_sparsity,user_attrs_approximate_feature_sparsity_history,user_attrs_approximate_weight_sparsity,user_attrs_approximate_weight_sparsity_history,user_attrs_auc_test,user_attrs_auc_valid,user_attrs_feature_sparsity,user_attrs_feature_sparsity_history,user_attrs_num_epochs,user_attrs_val_loss_history,user_attrs_weight_sparsity,user_attrs_weight_sparsity_history,state
167,167,0.5,2024-08-31 08:47:50.107262,2024-08-31 08:51:00.953069,0 days 00:03:10.845807,4,1.3558720544854697,3,380,0.5114553270662743,75,0.005784423178806007,0.141,0.14125,0,"[3, 0, 0, 0, 0, 0, 0, 0, 0, 0, 0, 0, 0, 0, 0, 0, 0, 0, 0, 0, 0, 0, 0, 0, 0, 0, 0, 0, 0, 0, 0, 0, 0, 0, 0, 0, 0, 0, 0, 0, 0, 0, 0, 0, 0, 0, 0, 0, 0, 0, 0, 0, 0, 0, 0, 0, 0, 0, 0, 0, 0, 0, 0, 0, 0, 0, 0, 0, 0, 0, 0, 0, 0, 0, 0, 0, 0, 0, 0, 0, 0, 0, 0, 0, 0, 0, 0, 0, 0, 0, 0, 0, 0, 0, 0, 0, 0, 0, 0, 0, 0, 0, 0, 0, 0, 0, 0, 0, 0, 0, 0, 0, 0, 0, 0, 0, 0, 0, 0, 0, 0, 0, 0, 0, 0, 0, 0, 0, 0, 0, 0, 0, 0, 0, 0, 0, 0, 0, 0, 0, 0, 0, 0, 0, 0, 0, 0, 0, 0, 0, 0, 0, 0, 0, 0, 0, 0, 0, 0, 0, 0, 0, 0, 0, 0, 0, 0, 0, 0, 0, 0, 0, 0, 0, 0, 0, 0, 0, 0, 0, 0, 0, 0, 0, 0, 0, 0, 0, 0, 0, 0, 0, 0, 0, 0, 0, 0, 0, 0, 0, 0, 0, 0, 0, 0, 0, 0, 0, 0, 0, 0, 0, 0, 0, 0, 0, 0, 0, 0, 0, 0, 0, 0, 0, 0, 0, 0, 0, 0, 0, 0, 0, 0, 0, 0, 0, 0, 0, 0, 0, 0, 0, 0, 0, 0, 0, 0, 0, 0, 0, 0, 0, 0, 0, 0, 0, 0, 0, 0, 0, 0, 0, 0, 0, 0, 0, 0, 0, 0, 0, 0, 0, 0, 0, 0, 0, 0, 0, 0, 0, 0, 0, 0, 0, 0, 0, 0, 0, 0, 0, 0, 0, 0, 0, 0, 0, 0, 0, 0, 0, 0, 0, 0, 0, 0, 0, 0, 0, 0, 0, 0, 0, 0, 0, 0, 0, 0, 0, 0, 0, 0, 0, 0, 0, 0, 0, 0, 0, 0, 0, 0, 0, 0, 0, 0, 0, 0, 0, 0, 0, 0, 0, 0, 0, 0, 0, 0, 0, 0, 0, 0, 0, 0, 0, 0, 0, 0, 0, 0, 0, 0, 0, 0, 0, 0, 0, 0, 0, 0, 0, 0, 0, 0, 0, 0, 0, 0, 0, 0, 0]",0.0,"[2.998095238095238, 0.0, 0.0, 0.0, 0.0, 0.0, 0.0, 0.0, 0.0, 0.0, 0.0, 0.0, 0.0, 0.0, 0.0, 0.0, 0.0, 0.0, 0.0, 0.0, 0.0, 0.0, 0.0, 0.0, 0.0, 0.0, 0.0, 0.0, 0.0, 0.0, 0.0, 0.0, 0.0, 0.0, 0.0, 0.0, 0.0, 0.0, 0.0, 0.0, 0.0, 0.0, 0.0, 0.0, 0.0, 0.0, 0.0, 0.0, 0.0, 0.0, 0.0, 0.0, 0.0, 0.0, 0.0, 0.0, 0.0, 0.0, 0.0, 0.0, 0.0, 0.0, 0.0, 0.0, 0.0, 0.0, 0.0, 0.0, 0.0, 0.0, 0.0, 0.0, 0.0, 0.0, 0.0, 0.0, 0.0, 0.0, 0.0, 0.0, 0.0, 0.0, 0.0, 0.0, 0.0, 0.0, 0.0, 0.0, 0.0, 0.0, 0.0, 0.0, 0.0, 0.0, 0.0, 0.0, 0.0, 0.0, 0.0, 0.0, 0.0, 0.0, 0.0, 0.0, 0.0, 0.0, 0.0, 0.0, 0.0, 0.0, 0.0, 0.0, 0.0, 0.0, 0.0, 0.0, 0.0, 0.0, 0.0, 0.0, 0.0, 0.0, 0.0, 0.0, 0.0, 0.0, 0.0, 0.0, 0.0, 0.0, 0.0, 0.0, 0.0, 0.0, 0.0, 0.0, 0.0, 0.0, 0.0, 0.0, 0.0, 0.0, 0.0, 0.0, 0.0, 0.0, 0.0, 0.0, 0.0, 0.0, 0.0, 0.0, 0.0, 0.0, 0.0, 0.0, 0.0, 0.0, 0.0, 0.0, 0.0, 0.0, 0.0, 0.0, 0.0, 0.0, 0.0, 0.0, 0.0, 0.0, 0.0, 0.0, 0.0, 0.0, 0.0, 0.0, 0.0, 0.0, 0.0, 0.0, 0.0, 0.0, 0.0, 0.0, 0.0, 0.0, 0.0, 0.0, 0.0, 0.0, 0.0, 0.0, 0.0, 0.0, 0.0, 0.0, 0.0, 0.0, 0.0, 0.0, 0.0, 0.0, 0.0, 0.0, 0.0, 0.0, 0.0, 0.0, 0.0, 0.0, 0.0, 0.0, 0.0, 0.0, 0.0, 0.0, 0.0, 0.0, 0.0, 0.0, 0.0, 0.0, 0.0, 0.0, 0.0, 0.0, 0.0, 0.0, 0.0, 0.0, 0.0, 0.0, 0.0, 0.0, 0.0, 0.0, 0.0, 0.0, 0.0, 0.0, 0.0, 0.0, 0.0, 0.0, 0.0, 0.0, 0.0, 0.0, 0.0, 0.0, 0.0, 0.0, 0.0, 0.0, 0.0, 0.0, 0.0, 0.0, 0.0, 0.0, 0.0, 0.0, 0.0, 0.0, 0.0, 0.0, 0.0, 0.0, 0.0, 0.0, 0.0, 0.0, 0.0, 0.0, 0.0, 0.0, 0.0, 0.0, 0.0, 0.0, 0.0, 0.0, 0.0, 0.0, 0.0, 0.0, 0.0, 0.0, 0.0, 0.0, 0.0, 0.0, 0.0, 0.0, 0.0, 0.0, 0.0, 0.0, 0.0, 0.0, 0.0, 0.0, 0.0, 0.0, 0.0, 0.0, 0.0, 0.0, 0.0, 0.0, 0.0, 0.0, 0.0, 0.0, 0.0, 0.0, 0.0, 0.0, 0.0, 0.0, 0.0, 0.0, 0.0, 0.0, 0.0, 0.0, 0.0, 0.0, 0.0, 0.0, 0.0, 0.0, 0.0, 0.0, 0.0, 0.0, 0.0, 0.0, 0.0, 0.0, 0.0, 0.0, 0.0, 0.0, 0.0, 0.0, 0.0, 0.0, 0.0, 0.0, 0.0, 0.0, 0.0, 0.0, 0.0, 0.0, 0.0, 0.0, 0.0, 0.0, 0.0, 0.0, 0.0, 0.0, 0.0, 0.0, 0.0, 0.0, 0.0, 0.0, 0.0, 0.0, 0.0, 0.0, 0.0, 0.0, 0.0, 0.0, 0.0, 0.0]",0.5,0.5,0,"[3, 0, 0, 0, 0, 0, 0, 0, 0, 0, 0, 0, 0, 0, 0, 0, 0, 0, 0, 0, 0, 0, 0, 0, 0, 0, 0, 0, 0, 0, 0, 0, 0, 0, 0, 0, 0, 0, 0, 0, 0, 0, 0, 0, 0, 0, 0, 0, 0, 0, 0, 0, 0, 0, 0, 0, 0, 0, 0, 0, 0, 0, 0, 0, 0, 0, 0, 0, 0, 0, 0, 0, 0, 0, 0, 0, 0, 0, 0, 0, 0, 0, 0, 0, 0, 0, 0, 0, 0, 0, 0, 0, 0, 0, 0, 0, 0, 0, 0, 0, 0, 0, 0, 0, 0, 0, 0, 0, 0, 0, 0, 0, 0, 0, 0, 0, 0, 0, 0, 0, 0, 0, 0, 0, 0, 0, 0, 0, 0, 0, 0, 0, 0, 0, 0, 0, 0, 0, 0, 0, 0, 0, 0, 0, 0, 0, 0, 0, 0, 0, 0, 0, 0, 0, 0, 0, 0, 0, 0, 0, 0, 0, 0, 0, 0, 0, 0, 0, 0, 0, 0, 0, 0, 0, 0, 0, 0, 0, 0, 0, 0, 0, 0, 0, 0, 0, 0, 0, 0, 0, 0, 0, 0, 0, 0, 0, 0, 0, 0, 0, 0, 0, 0, 0, 0, 0, 0, 0, 0, 0, 0, 0, 0, 0, 0, 0, 0, 0, 0, 0, 0, 0, 0, 0, 0, 0, 0, 0, 0, 0, 0, 0, 0, 0, 0, 0, 0, 0, 0, 0, 0, 0, 0, 0, 0, 0, 0, 0, 0, 0, 0, 0, 0, 0, 0, 0, 0, 0, 0, 0, 0, 0, 0, 0, 0, 0, 0, 0, 0, 0, 0, 0, 0, 0, 0, 0, 0, 0, 0, 0, 0, 0, 0, 0, 0, 0, 0, 0, 0, 0, 0, 0, 0, 0, 0, 0, 0, 0, 0, 0, 0, 0, 0, 0, 0, 0, 0, 0, 0, 0, 0, 0, 0, 0, 0, 0, 0, 0, 0, 0, 0, 0, 0, 0, 0, 0, 0, 0, 0, 0, 0, 0, 0, 0, 0, 0, 0, 0, 0, 0, 0, 0, 0, 0, 0, 0, 0, 0, 0, 0, 0, 0, 0, 0, 0, 0, 0, 0, 0, 0, 0, 0, 0, 0, 0, 0, 0, 0, 0, 0, 0, 0, 0, 0, 0, 0, 0, 0, 0, 0]",380,"[1.1357150077819824, 0.8555238842964172, 0.4390069246292114, 0.547335147857666, 0.40726780891418457, 0.7081539034843445, 1.591195821762085, 0.6988290548324585, 0.7073872089385986, 0.7268615961074829, 0.484924852848053, 0.6059956550598145, 0.5377488136291504, 0.983320951461792, 0.9256085753440857, 0.4312233030796051, 0.8485705852508545, 0.4533049762248993, 0.42701470851898193, 1.2613428831100464, 0.6159672141075134, 0.41868022084236145, 0.6022271513938904, 1.6728413105010986, 1.385231375694275, 1.4319325685501099, 0.5004690289497375, 0.46684950590133667, 0.6368375420570374, 0.42345523834228516, 0.7366851568222046, 0.41019967198371887, 0.4856416583061218, 0.589937150478363, 0.43600550293922424, 0.6423279643058777, 0.4104689359664917, 0.6759597659111023, 0.4930361211299896, 0.5281278491020203, 1.2209404706954956, 0.4072306752204895, 0.784777045249939, 1.1530451774597168, 1.4065321683883667, 1.1280484199523926, 0.47083932161331177, 0.42342060804367065, 0.6037948131561279, 0.4927218556404114, 1.1314561367034912, 0.4235997498035431, 0.48902976512908936, 0.5329891443252563, 0.4099908471107483, 0.7571978569030762, 0.5001368522644043, 0.7691082954406738, 0.4076550304889679, 0.5145331025123596, 0.5353385210037231, 1.786852240562439, 0.407644122838974, 1.3434237241744995, 0.4351327121257782, 1.44193696975708, 1.428800106048584, 0.4126416742801666, 0.79803466796875, 0.40856873989105225, 0.6501834988594055, 1.4926695823669434, 0.8778520226478577, 0.4073024392127991, 1.742579698562622, 0.41197678446769714, 0.5168206691741943, 0.6461963653564453, 0.42753100395202637, 0.4843992590904236, 0.44141146540641785, 1.085853099822998, 0.461955189704895, 0.6142147183418274, 0.42044463753700256, 0.5722604990005493, 0.4522899389266968, 0.507349967956543, 0.42024022340774536, 0.928346574306488, 0.9400027394294739, 0.43893375992774963, 0.7306618690490723, 0.6318845152854919, 0.42449742555618286, 0.41507217288017273, 0.6543833017349243, 0.4102756977081299, 0.6788532733917236, 0.8773395419120789, 0.7868532538414001, 0.4426896572113037, 1.477777361869812, 0.4382189214229584, 0.45118647813796997, 1.0841680765151978, 0.5055832862854004, 0.41236069798469543, 1.454917550086975, 0.8498120903968811, 0.4100842773914337, 0.7745932936668396, 0.732815682888031, 0.7439619302749634, 1.0040432214736938, 0.7906478047370911, 0.5065447688102722, 0.5629559755325317, 0.4628954231739044, 0.5645695328712463, 0.41871321201324463, 0.6019247174263, 0.4074212908744812, 0.9746756553649902, 0.4115980863571167, 0.41188815236091614, 1.2800538539886475, 1.4772169589996338, 0.7505098581314087, 0.5095921158790588, 0.8672046661376953, 1.3863320350646973, 0.7207309603691101, 0.43595847487449646, 0.8279826641082764, 0.4889490008354187, 0.7701010704040527, 0.7674200534820557, 0.42413586378097534, 0.9153940081596375, 0.40966418385505676, 0.40980109572410583, 0.9144627451896667, 0.40778830647468567, 0.4094780683517456, 1.553779125213623, 1.1130948066711426, 0.5348444581031799, 0.4193383753299713, 0.6055188179016113, 2.1079490184783936, 0.4396868646144867, 0.46954673528671265, 2.0571231842041016, 1.4741787910461426, 0.637060284614563, 0.40731433033943176, 0.5545709133148193, 0.4421168267726898, 0.5900824069976807, 0.44780290126800537, 0.6061215400695801, 0.7392185926437378, 0.4588244557380676, 0.542589008808136, 0.43574848771095276, 0.46459946036338806, 2.279223680496216, 0.751919686794281, 0.4108585715293884, 0.41277214884757996, 1.4972779750823975, 0.5088130831718445, 0.5531932711601257, 1.0026404857635498, 0.4199826419353485, 1.8854082822799683, 0.42617061734199524, 0.40868622064590454, 1.252091646194458, 1.6040312051773071, 0.8261855840682983, 0.41140544414520264, 0.40761321783065796, 0.4797889292240143, 0.5057165622711182, 0.5674595832824707, 0.5424879789352417, 0.45373067259788513, 0.8152487277984619, 0.4096863567829132, 1.8774594068527222, 1.232343316078186, 0.9400436282157898, 0.4072299897670746, 0.41307854652404785, 0.6011363863945007, 0.41768956184387207, 0.7434518337249756, 0.45750245451927185, 0.4770970940589905, 0.4389541745185852, 0.6791836619377136, 0.6101957559585571, 1.1965621709823608, 0.7804268002510071, 0.5675914287567139, 0.47099655866622925, 0.4116102159023285, 1.0369282960891724, 1.6613142490386963, 0.4080123007297516, 0.4162192642688751, 0.48746752738952637, 0.5073122978210449, 1.1987941265106201, 1.288333773612976, 0.5131502151489258, 0.4433724880218506, 0.631216287612915, 0.5873349905014038, 0.49108877778053284, 0.4241357147693634, 1.0945310592651367, 0.5249172449111938, 0.45225879549980164, 0.4077090919017792, 2.3084592819213867, 0.4159914255142212, 0.4114750325679779, 0.4894452691078186, 0.5970940589904785, 1.0016589164733887, 0.4117070436477661, 0.4431096315383911, 0.4298553764820099, 0.7952693104743958, 0.42684563994407654, 0.5280006527900696, 0.5847310423851013, 1.178619384765625, 0.9495726227760315, 0.4090498089790344, 0.47362107038497925, 0.809662938117981, 0.8585066795349121, 0.4327675700187683, 0.8237044811248779, 0.9600117206573486, 0.47998467087745667, 1.0585896968841553, 0.4285201132297516, 0.9978904128074646, 0.7904075384140015, 1.8169045448303223, 0.4988509714603424, 0.4439574182033539, 0.6928576827049255, 0.4146071970462799, 1.362923264503479, 0.7173599004745483, 0.45003649592399597, 1.2919291257858276, 1.2901402711868286, 1.12019681930542, 0.467685341835022, 0.4160826802253723, 2.000713586807251, 0.6642177700996399, 0.4072604775428772, 1.6465016603469849, 0.6438678503036499, 1.04787015914917, 0.7278897166252136, 0.4422587454319, 0.4163394272327423, 1.1584649085998535, 0.45576560497283936, 1.2447242736816406, 2.0937464237213135, 0.9629170298576355, 0.5629518032073975, 0.5908752083778381, 0.4855649173259735, 0.5012500882148743, 0.4156271815299988, 0.40845009684562683, 0.5422104001045227, 1.3726974725723267, 0.4436109960079193, 0.4704850912094116, 0.4089486598968506, 1.0472601652145386, 1.684187889099121, 0.40805351734161377, 0.47652408480644226, 0.4226166903972626, 0.7098606824874878, 0.41232699155807495, 0.7617576718330383, 0.8861465454101562, 0.890424370765686, 1.180745005607605, 0.436951607465744, 1.0767323970794678, 0.7053391337394714, 1.2552493810653687, 0.4826849699020386, 0.5362613797187805, 0.42182061076164246, 0.4426194727420807, 0.4898286759853363, 0.7221012115478516, 0.5307380557060242, 0.6061632633209229, 0.4653286337852478, 0.4159727096557617, 0.6495976448059082, 0.4420277774333954, 0.43332263827323914, 0.9762448072433472, 0.8196337819099426, 1.3832954168319702, 0.6479606628417969, 0.4686029553413391, 1.0848052501678467, 1.0263785123825073, 1.8488402366638184, 0.5740824937820435, 0.4234815835952759, 0.4091746509075165, 0.7090305089950562, 0.5363794565200806, 1.1245019435882568, 0.6312070488929749, 0.8686253428459167, 0.7240971326828003, 0.40999558568000793, 1.184544563293457, 1.7667826414108276, 0.4549381136894226, 0.4091343283653259, 1.1684839725494385, 0.470615029335022, 0.8729351758956909, 0.6987653970718384, 1.8302992582321167, 0.8311773538589478, 0.9637377858161926, 0.8099637031555176, 0.6045694947242737, 2.1613833904266357, 0.6236420273780823, 1.4064056873321533, 0.4073864221572876, 1.9590662717819214, 0.4178417921066284, 0.6769753098487854, 0.40824225544929504, 0.7929130792617798, 1.4200001955032349, 1.4847211837768555, 0.9518040418624878, 1.364457607269287, 0.5015165209770203, 0.41738104820251465, 0.8069735169410706, 0.4237916171550751, 0.7434570789337158, 0.6400195360183716, 0.4577437937259674, 0.655510663986206, 0.5576320886611938, 1.0951114892959595, 0.41030675172805786, 1.9812759160995483, 0.4136018753051758, 0.9726499915122986, 0.7722503542900085, 1.848870038986206]",0.0,"[3.0, 0.0, 0.0, 0.0, 0.0, 0.0, 0.0, 0.0, 0.0, 0.0, 0.0, 0.0, 0.0, 0.0, 0.0, 0.0, 0.0, 0.0, 0.0, 0.0, 0.0, 0.0, 0.0, 0.0, 0.0, 0.0, 0.0, 0.0, 0.0, 0.0, 0.0, 0.0, 0.0, 0.0, 0.0, 0.0, 0.0, 0.0, 0.0, 0.0, 0.0, 0.0, 0.0, 0.0, 0.0, 0.0, 0.0, 0.0, 0.0, 0.0, 0.0, 0.0, 0.0, 0.0, 0.0, 0.0, 0.0, 0.0, 0.0, 0.0, 0.0, 0.0, 0.0, 0.0, 0.0, 0.0, 0.0, 0.0, 0.0, 0.0, 0.0, 0.0, 0.0, 0.0, 0.0, 0.0, 0.0, 0.0, 0.0, 0.0, 0.0, 0.0, 0.0, 0.0, 0.0, 0.0, 0.0, 0.0, 0.0, 0.0, 0.0, 0.0, 0.0, 0.0, 0.0, 0.0, 0.0, 0.0, 0.0, 0.0, 0.0, 0.0, 0.0, 0.0, 0.0, 0.0, 0.0, 0.0, 0.0, 0.0, 0.0, 0.0, 0.0, 0.0, 0.0, 0.0, 0.0, 0.0, 0.0, 0.0, 0.0, 0.0, 0.0, 0.0, 0.0, 0.0, 0.0, 0.0, 0.0, 0.0, 0.0, 0.0, 0.0, 0.0, 0.0, 0.0, 0.0, 0.0, 0.0, 0.0, 0.0, 0.0, 0.0, 0.0, 0.0, 0.0, 0.0, 0.0, 0.0, 0.0, 0.0, 0.0, 0.0, 0.0, 0.0, 0.0, 0.0, 0.0, 0.0, 0.0, 0.0, 0.0, 0.0, 0.0, 0.0, 0.0, 0.0, 0.0, 0.0, 0.0, 0.0, 0.0, 0.0, 0.0, 0.0, 0.0, 0.0, 0.0, 0.0, 0.0, 0.0, 0.0, 0.0, 0.0, 0.0, 0.0, 0.0, 0.0, 0.0, 0.0, 0.0, 0.0, 0.0, 0.0, 0.0, 0.0, 0.0, 0.0, 0.0, 0.0, 0.0, 0.0, 0.0, 0.0, 0.0, 0.0, 0.0, 0.0, 0.0, 0.0, 0.0, 0.0, 0.0, 0.0, 0.0, 0.0, 0.0, 0.0, 0.0, 0.0, 0.0, 0.0, 0.0, 0.0, 0.0, 0.0, 0.0, 0.0, 0.0, 0.0, 0.0, 0.0, 0.0, 0.0, 0.0, 0.0, 0.0, 0.0, 0.0, 0.0, 0.0, 0.0, 0.0, 0.0, 0.0, 0.0, 0.0, 0.0, 0.0, 0.0, 0.0, 0.0, 0.0, 0.0, 0.0, 0.0, 0.0, 0.0, 0.0, 0.0, 0.0, 0.0, 0.0, 0.0, 0.0, 0.0, 0.0, 0.0, 0.0, 0.0, 0.0, 0.0, 0.0, 0.0, 0.0, 0.0, 0.0, 0.0, 0.0, 0.0, 0.0, 0.0, 0.0, 0.0, 0.0, 0.0, 0.0, 0.0, 0.0, 0.0, 0.0, 0.0, 0.0, 0.0, 0.0, 0.0, 0.0, 0.0, 0.0, 0.0, 0.0, 0.0, 0.0, 0.0, 0.0, 0.0, 0.0, 0.0, 0.0, 0.0, 0.0, 0.0, 0.0, 0.0, 0.0, 0.0, 0.0, 0.0, 0.0, 0.0, 0.0, 0.0, 0.0, 0.0, 0.0, 0.0, 0.0, 0.0, 0.0, 0.0, 0.0, 0.0, 0.0, 0.0, 0.0, 0.0, 0.0, 0.0, 0.0, 0.0, 0.0, 0.0, 0.0, 0.0, 0.0, 0.0, 0.0, 0.0, 0.0, 0.0, 0.0, 0.0, 0.0, 0.0, 0.0, 0.0, 0.0, 0.0, 0.0, 0.0, 0.0, 0.0, 0.0, 0.0, 0.0, 0.0, 0.0, 0.0, 0.0, 0.0, 0.0, 0.0, 0.0, 0.0, 0.0, 0.0, 0.0, 0.0, 0.0, 0.0]",COMPLETE
168,168,0.6675554868544782,2024-08-31 08:51:05.864530,2024-08-31 08:51:25.104177,0 days 00:00:19.239647,64,0.023949291544620888,1,125,0.4337097686467042,78,0.08328304250964322,0.86,0.85875,33,"[33, 33, 33, 33, 33, 33, 33, 33, 33, 33, 33, 33, 33, 33, 33, 33, 33, 33, 33, 33, 33, 33, 33, 33, 33, 33, 33, 33, 33, 33, 33, 33, 33, 33, 33, 33, 33, 33, 33, 33, 33, 33, 33, 33, 33, 33, 33, 33, 33, 33, 33, 33, 33, 33, 33, 33, 33, 33, 33, 33, 33, 33, 33, 33, 33, 33, 33, 33, 33, 33, 33, 33, 33, 33, 33, 33, 33, 33, 33, 33, 33, 33, 33, 33, 33, 33, 33, 33, 33, 33, 33, 33, 33, 33, 33, 33, 33, 33, 33, 33, 33, 33, 33, 33, 33, 33, 33, 33, 33, 33, 33, 33, 33, 33, 33, 33, 33, 33, 33, 33, 33, 33, 33, 33, 33]",33.0,"[32.98717948717949, 32.98717948717949, 33.0, 33.0, 32.98717948717949, 33.0, 32.98717948717949, 32.97435897435898, 32.98717948717949, 33.0, 32.98717948717949, 32.98717948717949, 32.98717948717949, 33.0, 33.0, 33.0, 32.96153846153846, 32.98717948717949, 32.96153846153846, 32.98717948717949, 32.98717948717949, 32.98717948717949, 32.97435897435898, 32.98717948717949, 32.98717948717949, 33.0, 32.98717948717949, 32.97435897435898, 32.97435897435898, 32.97435897435898, 32.97435897435898, 32.98717948717949, 32.97435897435898, 32.96153846153846, 32.98717948717949, 32.97435897435898, 32.97435897435898, 32.97435897435898, 32.97435897435898, 32.98717948717949, 32.98717948717949, 32.98717948717949, 32.98717948717949, 32.98717948717949, 32.98717948717949, 32.98717948717949, 32.98717948717949, 32.98717948717949, 32.98717948717949, 32.98717948717949, 32.97435897435898, 32.97435897435898, 32.98717948717949, 32.97435897435898, 32.97435897435898, 32.97435897435898, 32.97435897435898, 32.97435897435898, 32.98717948717949, 32.97435897435898, 32.98717948717949, 32.98717948717949, 32.97435897435898, 32.97435897435898, 32.97435897435898, 32.96153846153846, 32.96153846153846, 32.96153846153846, 32.96153846153846, 32.97435897435898, 32.94871794871795, 32.93589743589744, 32.93589743589744, 32.96153846153846, 32.96153846153846, 32.96153846153846, 32.96153846153846, 32.96153846153846, 32.94871794871795, 32.94871794871795, 32.94871794871795, 32.96153846153846, 32.98717948717949, 32.98717948717949, 32.98717948717949, 33.0, 33.0, 33.0, 33.0, 33.0, 33.0, 32.98717948717949, 33.0, 33.0, 33.0, 33.0, 32.98717948717949, 32.98717948717949, 32.98717948717949, 32.98717948717949, 33.0, 33.0, 33.0, 33.0, 33.0, 33.0, 33.0, 33.0, 33.0, 32.98717948717949, 33.0, 33.0, 33.0, 33.0, 33.0, 33.0, 33.0, 33.0, 32.98717948717949, 32.98717948717949, 33.0, 33.0, 33.0, 33.0, 33.0]",0.7115151214920863,0.6675554868544782,33,"[33, 33, 33, 33, 33, 33, 33, 33, 33, 33, 33, 33, 33, 33, 33, 33, 33, 33, 33, 33, 33, 33, 33, 33, 33, 33, 33, 33, 33, 33, 33, 33, 33, 33, 33, 33, 33, 33, 33, 33, 33, 33, 33, 33, 33, 33, 33, 33, 33, 33, 33, 33, 33, 33, 33, 33, 33, 33, 33, 33, 33, 33, 33, 33, 33, 33, 33, 33, 33, 33, 33, 33, 33, 33, 33, 33, 33, 33, 33, 33, 33, 33, 33, 33, 33, 33, 33, 33, 33, 33, 33, 33, 33, 33, 33, 33, 33, 33, 33, 33, 33, 33, 33, 33, 33, 33, 33, 33, 33, 33, 33, 33, 33, 33, 33, 33, 33, 33, 33, 33, 33, 33, 33, 33, 33]",125,"[0.6884113550186157, 0.6818864345550537, 0.680797815322876, 0.679766058921814, 0.677774965763092, 0.6762028336524963, 0.6739665865898132, 0.6725829839706421, 0.6712008714675903, 0.6697336435317993, 0.6683327555656433, 0.6671584844589233, 0.6660350561141968, 0.6645814776420593, 0.6632771492004395, 0.6618688106536865, 0.6607967615127563, 0.659945011138916, 0.6581417322158813, 0.657073438167572, 0.6558845639228821, 0.6546695232391357, 0.6547346711158752, 0.653211772441864, 0.6517788171768188, 0.6516848802566528, 0.6494696140289307, 0.6483015418052673, 0.6473628878593445, 0.6462578773498535, 0.6453241109848022, 0.644290030002594, 0.6432697772979736, 0.643110990524292, 0.641299843788147, 0.6402933597564697, 0.6393810510635376, 0.6384406089782715, 0.6375340223312378, 0.6364912390708923, 0.63568115234375, 0.6346871256828308, 0.6338716149330139, 0.6329783201217651, 0.6324219703674316, 0.6318933963775635, 0.6303921341896057, 0.6294534206390381, 0.6286672353744507, 0.6279005408287048, 0.6270402669906616, 0.626133382320404, 0.6252768635749817, 0.6245261430740356, 0.6237470507621765, 0.6228365898132324, 0.622244656085968, 0.621412456035614, 0.6217848062515259, 0.6206980347633362, 0.6189558506011963, 0.6182620525360107, 0.6175081729888916, 0.6166172027587891, 0.6164551973342896, 0.6155474185943604, 0.6144804954528809, 0.6137601137161255, 0.6130288243293762, 0.6124939918518066, 0.6116292476654053, 0.6113089323043823, 0.6102007031440735, 0.6095784902572632, 0.6093487739562988, 0.6083505749702454, 0.6078318953514099, 0.6069880723953247, 0.6062374114990234, 0.6056877374649048, 0.6050985455513, 0.6045237183570862, 0.6035646796226501, 0.6028420329093933, 0.602207362651825, 0.6021004319190979, 0.6011109352111816, 0.6004513502120972, 0.6013123393058777, 0.600155770778656, 0.5984201431274414, 0.5977956056594849, 0.5972225666046143, 0.5970641374588013, 0.5962631106376648, 0.5953453779220581, 0.5946650505065918, 0.594075083732605, 0.5935125350952148, 0.5968582034111023, 0.5940185785293579, 0.5920406579971313, 0.5910936594009399, 0.5904974937438965, 0.589954137802124, 0.5895262360572815, 0.5888199210166931, 0.5882067084312439, 0.5876681804656982, 0.5872330665588379, 0.586711585521698, 0.5859575271606445, 0.5855811834335327, 0.5853953957557678, 0.5842191576957703, 0.5838941335678101, 0.5837432742118835, 0.5829373002052307, 0.5820592641830444, 0.5816693305969238, 0.5814876556396484, 0.5805452466011047, 0.5800203680992126, 0.5794839262962341, 0.5794296860694885]",33.0,"[33.0, 33.0, 33.0, 33.0, 33.0, 33.0, 33.0, 33.0, 33.0, 33.0, 33.0, 33.0, 33.0, 33.0, 33.0, 33.0, 33.0, 33.0, 33.0, 33.0, 33.0, 33.0, 33.0, 33.0, 33.0, 33.0, 33.0, 33.0, 33.0, 33.0, 33.0, 33.0, 33.0, 33.0, 33.0, 33.0, 33.0, 33.0, 33.0, 33.0, 33.0, 33.0, 33.0, 33.0, 33.0, 33.0, 33.0, 33.0, 33.0, 33.0, 33.0, 33.0, 33.0, 33.0, 33.0, 33.0, 33.0, 33.0, 33.0, 33.0, 33.0, 33.0, 33.0, 33.0, 33.0, 33.0, 33.0, 33.0, 33.0, 33.0, 33.0, 33.0, 33.0, 33.0, 33.0, 33.0, 33.0, 33.0, 33.0, 33.0, 33.0, 33.0, 33.0, 33.0, 33.0, 33.0, 33.0, 33.0, 33.0, 33.0, 33.0, 33.0, 33.0, 33.0, 33.0, 33.0, 33.0, 33.0, 33.0, 33.0, 33.0, 33.0, 33.0, 33.0, 33.0, 33.0, 33.0, 33.0, 33.0, 33.0, 33.0, 33.0, 33.0, 33.0, 33.0, 33.0, 33.0, 33.0, 33.0, 33.0, 33.0, 33.0, 33.0, 33.0, 33.0]",COMPLETE
