,number,value,datetime_start,datetime_complete,duration,params_batch_size_scaler,params_constant_learning_rate,params_depth,params_epochs,params_kernel_l2,params_num_trees,params_temperature,user_attrs_accuracy_test,user_attrs_accuracy_valid,user_attrs_approximate_feature_sparsity,user_attrs_approximate_feature_sparsity_history,user_attrs_approximate_weight_sparsity,user_attrs_approximate_weight_sparsity_history,user_attrs_auc_test,user_attrs_auc_valid,user_attrs_feature_sparsity,user_attrs_feature_sparsity_history,user_attrs_num_epochs,user_attrs_val_loss_history,user_attrs_weight_sparsity,user_attrs_weight_sparsity_history,state
13,13,0.5,2024-08-31 01:13:24.054833,2024-08-31 01:16:18.829866,0 days 00:02:54.775033,4,2.5228882729026627,5,195,0.3896059346998758,24,0.017432710909292645,0.859,0.85875,0,"[0, 0, 0, 0, 0, 0, 0, 0, 0, 0, 0, 0, 0, 0, 0, 0, 0, 0, 0, 0, 0, 0, 0, 0, 0, 0, 0, 0, 0, 0, 0, 0, 0, 0, 0, 0, 0, 0, 0, 0, 0, 0, 0, 0, 0, 0, 0, 0, 0, 0, 0, 0, 0, 0, 0, 0, 0, 0, 0, 0, 0, 0, 0, 0, 0, 0, 0, 0, 0, 0, 0, 0, 0, 0, 0, 0, 0, 0, 0, 0, 0, 0, 0, 0, 0, 0, 0, 0, 0, 0, 0, 0, 0, 0, 0, 0, 0, 0, 0, 0, 0, 0, 0, 0, 0, 0, 0, 0, 0, 0, 0, 0, 0, 0, 0, 0, 0, 0, 0, 0, 0, 0, 0, 0, 0, 0, 0, 0, 0, 0, 0, 0, 0, 0, 0, 0, 0, 0, 0, 0, 0, 0, 0, 0, 0, 0, 0, 0, 0, 0, 0, 0, 0, 0, 0, 0, 0, 0, 0, 0, 0, 0, 0, 0, 0, 0, 0, 0, 0, 0, 0, 0, 0, 0, 0, 0, 0, 0, 0, 0, 0, 0, 0, 0, 0, 0, 0, 0, 0, 0, 0, 0, 0, 0, 0]",0.0,"[0.0, 0.0, 0.0, 0.0, 0.0, 0.0, 0.0, 0.0, 0.0, 0.0, 0.0, 0.0, 0.0, 0.0, 0.0, 0.0, 0.0, 0.0, 0.0, 0.0, 0.0, 0.0, 0.0, 0.0, 0.0, 0.0, 0.0, 0.0, 0.0, 0.0, 0.0, 0.0, 0.0, 0.0, 0.0, 0.0, 0.0, 0.0, 0.0, 0.0, 0.0, 0.0, 0.0, 0.0, 0.0, 0.0, 0.0, 0.0, 0.0, 0.0, 0.0, 0.0, 0.0, 0.0, 0.0, 0.0, 0.0, 0.0, 0.0, 0.0, 0.0, 0.0, 0.0, 0.0, 0.0, 0.0, 0.0, 0.0, 0.0, 0.0, 0.0, 0.0, 0.0, 0.0, 0.0, 0.0, 0.0, 0.0, 0.0, 0.0, 0.0, 0.0, 0.0, 0.0, 0.0, 0.0, 0.0, 0.0, 0.0, 0.0, 0.0, 0.0, 0.0, 0.0, 0.0, 0.0, 0.0, 0.0, 0.0, 0.0, 0.0, 0.0, 0.0, 0.0, 0.0, 0.0, 0.0, 0.0, 0.0, 0.0, 0.0, 0.0, 0.0, 0.0, 0.0, 0.0, 0.0, 0.0, 0.0, 0.0, 0.0, 0.0, 0.0, 0.0, 0.0, 0.0, 0.0, 0.0, 0.0, 0.0, 0.0, 0.0, 0.0, 0.0, 0.0, 0.0, 0.0, 0.0, 0.0, 0.0, 0.0, 0.0, 0.0, 0.0, 0.0, 0.0, 0.0, 0.0, 0.0, 0.0, 0.0, 0.0, 0.0, 0.0, 0.0, 0.0, 0.0, 0.0, 0.0, 0.0, 0.0, 0.0, 0.0, 0.0, 0.0, 0.0, 0.0, 0.0, 0.0, 0.0, 0.0, 0.0, 0.0, 0.0, 0.0, 0.0, 0.0, 0.0, 0.0, 0.0, 0.0, 0.0, 0.0, 0.0, 0.0, 0.0, 0.0, 0.0, 0.0, 0.0, 0.0, 0.0, 0.0, 0.0, 0.0]",0.5,0.5,0,"[0, 0, 0, 0, 0, 0, 0, 0, 0, 0, 0, 0, 0, 0, 0, 0, 0, 0, 0, 0, 0, 0, 0, 0, 0, 0, 0, 0, 0, 0, 0, 0, 0, 0, 0, 0, 0, 0, 0, 0, 0, 0, 0, 0, 0, 0, 0, 0, 0, 0, 0, 0, 0, 0, 0, 0, 0, 0, 0, 0, 0, 0, 0, 0, 0, 0, 0, 0, 0, 0, 0, 0, 0, 0, 0, 0, 0, 0, 0, 0, 0, 0, 0, 0, 0, 0, 0, 0, 0, 0, 0, 0, 0, 0, 0, 0, 0, 0, 0, 0, 0, 0, 0, 0, 0, 0, 0, 0, 0, 0, 0, 0, 0, 0, 0, 0, 0, 0, 0, 0, 0, 0, 0, 0, 0, 0, 0, 0, 0, 0, 0, 0, 0, 0, 0, 0, 0, 0, 0, 0, 0, 0, 0, 0, 0, 0, 0, 0, 0, 0, 0, 0, 0, 0, 0, 0, 0, 0, 0, 0, 0, 0, 0, 0, 0, 0, 0, 0, 0, 0, 0, 0, 0, 0, 0, 0, 0, 0, 0, 0, 0, 0, 0, 0, 0, 0, 0, 0, 0, 0, 0, 0, 0, 0, 0]",195,"[0.4091053009033203, 0.4077742397785187, 0.4139057993888855, 0.40722641348838806, 0.40906277298927307, 0.41697800159454346, 0.40722888708114624, 0.40875744819641113, 0.40756893157958984, 0.4085184931755066, 0.40800726413726807, 0.40726080536842346, 0.4072490632534027, 0.40761318802833557, 0.4073694944381714, 0.4073184132575989, 0.4145151972770691, 0.41314536333084106, 0.40723899006843567, 0.4109279215335846, 0.40795791149139404, 0.4105120003223419, 0.41909080743789673, 0.40821999311447144, 0.40890875458717346, 0.407314658164978, 0.40722960233688354, 0.4073115587234497, 0.4089473485946655, 0.40743163228034973, 0.4107986092567444, 0.4230738878250122, 0.4072585701942444, 0.4072285592556, 0.4098009467124939, 0.40809476375579834, 0.4072844684123993, 0.4074673354625702, 0.40735453367233276, 0.40726611018180847, 0.4074941873550415, 0.41160911321640015, 0.41010355949401855, 0.4081554412841797, 0.4073346257209778, 0.40764451026916504, 0.4073903560638428, 0.40837952494621277, 0.4076678454875946, 0.4166927635669708, 0.40763747692108154, 0.40753400325775146, 0.4080546200275421, 0.40728145837783813, 0.4088803827762604, 0.4079897403717041, 0.4132082462310791, 0.4147716462612152, 0.4072282016277313, 0.4080231487751007, 0.4108183979988098, 0.40722644329071045, 0.40749281644821167, 0.4074021875858307, 0.40779221057891846, 0.41412338614463806, 0.4097675681114197, 0.40776172280311584, 0.4131086468696594, 0.40742775797843933, 0.4125477075576782, 0.4072957932949066, 0.40741267800331116, 0.4082971513271332, 0.4075845777988434, 0.4086107909679413, 0.40725845098495483, 0.4112512171268463, 0.40722742676734924, 0.4133695662021637, 0.40770474076271057, 0.41208815574645996, 0.42034173011779785, 0.4080684781074524, 0.40734001994132996, 0.4091883599758148, 0.4079247713088989, 0.4093223214149475, 0.4072389602661133, 0.4072752296924591, 0.40909355878829956, 0.4108802378177643, 0.4092293977737427, 0.40723365545272827, 0.4115193486213684, 0.4124150574207306, 0.4076084494590759, 0.40729647874832153, 0.4081186056137085, 0.4075605869293213, 0.4076370298862457, 0.40979185700416565, 0.40784209966659546, 0.40752720832824707, 0.4072427451610565, 0.4075566530227661, 0.4139236509799957, 0.40813106298446655, 0.40726238489151, 0.41404402256011963, 0.40804988145828247, 0.4103069603443146, 0.41080865263938904, 0.4073624312877655, 0.4078689515590668, 0.4083196222782135, 0.4082692861557007, 0.40887027978897095, 0.40866225957870483, 0.4077630341053009, 0.4078150689601898, 0.40851902961730957, 0.41001906991004944, 0.40767836570739746, 0.40810951590538025, 0.41043177247047424, 0.41078367829322815, 0.4092555642127991, 0.4186728000640869, 0.4133388102054596, 0.40810513496398926, 0.40774470567703247, 0.408113032579422, 0.4087684750556946, 0.40738245844841003, 0.40725380182266235, 0.4081111252307892, 0.40833109617233276, 0.407566100358963, 0.41236355900764465, 0.4107314348220825, 0.41249510645866394, 0.40750133991241455, 0.40822792053222656, 0.4081558287143707, 0.40981635451316833, 0.4088086187839508, 0.40723881125450134, 0.41125380992889404, 0.40780821442604065, 0.40755629539489746, 0.40762242674827576, 0.4091411828994751, 0.40821734070777893, 0.4143713116645813, 0.40774524211883545, 0.40909817814826965, 0.4199312627315521, 0.4088703393936157, 0.4076284170150757, 0.4128253161907196, 0.415236234664917, 0.4075310230255127, 0.40729600191116333, 0.40908899903297424, 0.4072720408439636, 0.4128592014312744, 0.4146764874458313, 0.4091149568557739, 0.40741685032844543, 0.407577246427536, 0.40733134746551514, 0.4131666123867035, 0.40741798281669617, 0.40863218903541565, 0.40830108523368835, 0.4081396758556366, 0.4132026731967926, 0.40992453694343567, 0.41821932792663574, 0.4077099859714508, 0.4187420606613159, 0.4092295467853546, 0.4080968201160431, 0.41377854347229004, 0.4074225127696991, 0.41254955530166626, 0.4150714874267578, 0.40726181864738464, 0.4088752269744873, 0.4123154878616333, 0.4086964428424835, 0.407339870929718, 0.4106736481189728, 0.409709095954895]",0.0,"[0.0, 0.0, 0.0, 0.0, 0.0, 0.0, 0.0, 0.0, 0.0, 0.0, 0.0, 0.0, 0.0, 0.0, 0.0, 0.0, 0.0, 0.0, 0.0, 0.0, 0.0, 0.0, 0.0, 0.0, 0.0, 0.0, 0.0, 0.0, 0.0, 0.0, 0.0, 0.0, 0.0, 0.0, 0.0, 0.0, 0.0, 0.0, 0.0, 0.0, 0.0, 0.0, 0.0, 0.0, 0.0, 0.0, 0.0, 0.0, 0.0, 0.0, 0.0, 0.0, 0.0, 0.0, 0.0, 0.0, 0.0, 0.0, 0.0, 0.0, 0.0, 0.0, 0.0, 0.0, 0.0, 0.0, 0.0, 0.0, 0.0, 0.0, 0.0, 0.0, 0.0, 0.0, 0.0, 0.0, 0.0, 0.0, 0.0, 0.0, 0.0, 0.0, 0.0, 0.0, 0.0, 0.0, 0.0, 0.0, 0.0, 0.0, 0.0, 0.0, 0.0, 0.0, 0.0, 0.0, 0.0, 0.0, 0.0, 0.0, 0.0, 0.0, 0.0, 0.0, 0.0, 0.0, 0.0, 0.0, 0.0, 0.0, 0.0, 0.0, 0.0, 0.0, 0.0, 0.0, 0.0, 0.0, 0.0, 0.0, 0.0, 0.0, 0.0, 0.0, 0.0, 0.0, 0.0, 0.0, 0.0, 0.0, 0.0, 0.0, 0.0, 0.0, 0.0, 0.0, 0.0, 0.0, 0.0, 0.0, 0.0, 0.0, 0.0, 0.0, 0.0, 0.0, 0.0, 0.0, 0.0, 0.0, 0.0, 0.0, 0.0, 0.0, 0.0, 0.0, 0.0, 0.0, 0.0, 0.0, 0.0, 0.0, 0.0, 0.0, 0.0, 0.0, 0.0, 0.0, 0.0, 0.0, 0.0, 0.0, 0.0, 0.0, 0.0, 0.0, 0.0, 0.0, 0.0, 0.0, 0.0, 0.0, 0.0, 0.0, 0.0, 0.0, 0.0, 0.0, 0.0, 0.0, 0.0, 0.0, 0.0, 0.0, 0.0]",COMPLETE
