,number,value,datetime_start,datetime_complete,duration,params_batch_size_scaler,params_constant_learning_rate,params_depth,params_epochs,params_kernel_l2,params_num_trees,params_temperature,user_attrs_accuracy_test,user_attrs_accuracy_valid,user_attrs_approximate_feature_sparsity,user_attrs_approximate_feature_sparsity_history,user_attrs_approximate_weight_sparsity,user_attrs_approximate_weight_sparsity_history,user_attrs_auc_test,user_attrs_auc_valid,user_attrs_feature_sparsity,user_attrs_feature_sparsity_history,user_attrs_num_epochs,user_attrs_val_loss_history,user_attrs_weight_sparsity,user_attrs_weight_sparsity_history,state
123,123,0.7087503703417449,2024-08-31 06:29:14.698425,2024-08-31 06:31:42.685174,0 days 00:02:27.986749,64,0.023351586317341046,6,295,0.008467187050565334,19,0.00010052941525818823,0.859,0.85875,33,"[33, 33, 33, 33, 33, 33, 33, 33, 33, 33, 33, 33, 33, 33, 33, 33, 33, 33, 33, 33, 33, 33, 33, 33, 33, 33, 33, 33, 33, 33, 33, 33, 33, 33, 33, 33, 33, 33, 33, 33, 33, 33, 33, 33, 33, 33, 33, 33, 33, 33, 33, 33, 33, 33, 33, 33, 33, 33, 33, 33, 33, 33, 33, 33, 33, 33, 33, 33, 33, 33, 33, 33, 33, 33, 33, 33, 33, 33, 33, 33, 33, 33, 33, 33, 33, 33, 33, 33, 33, 33, 33, 33, 33, 33, 33, 33, 33, 33, 33, 33, 33, 33, 33, 33, 33, 33, 33, 33, 33, 33, 33, 33, 33, 33, 33, 33, 33, 33, 33, 33, 33, 33, 33, 33, 33, 33, 33, 33, 33, 33, 33, 33, 33, 33, 33, 33, 33, 33, 33, 33, 33, 33, 33, 33, 33, 33, 33, 33, 33, 33, 33, 33, 33, 33, 33, 33, 33, 33, 33, 33, 33, 33, 33, 33, 33, 33, 33, 33, 33, 33, 33, 33, 33, 33, 33, 33, 33, 33, 33, 33, 33, 33, 33, 33, 33, 33, 33, 33, 33, 33, 33, 33, 33, 33, 33, 33, 33, 33, 33, 33, 33, 33, 33, 33, 33, 33, 33, 33, 33, 33, 33, 33, 33, 33, 33, 33, 33, 33, 33, 33, 33, 33, 33, 33, 33, 33, 33, 33, 33, 33, 33, 33, 33, 33, 33, 33, 33, 33, 33, 33, 33, 33, 33, 33, 33, 33, 33, 33, 33, 33, 33, 33, 33, 33, 33, 33, 33, 33, 33, 33, 33, 33, 33, 33, 33, 33, 33, 33, 33, 33, 33, 33, 33, 33, 33, 33, 33, 33, 33, 33, 33, 33, 33, 33, 33, 33, 33, 33, 33, 33, 33, 33, 33, 33, 33]",32.94736842105263,"[32.944026733500415, 32.94402673350042, 32.93817878028404, 32.941520467836256, 32.94319131161237, 32.93984962406015, 32.9406850459482, 32.93734335839599, 32.939014202172096, 32.93567251461988, 32.93065998329156, 32.93483709273183, 32.93650793650794, 32.93817878028404, 32.93817878028404, 32.939014202172096, 32.93400167084378, 32.93984962406015, 32.941520467836256, 32.94319131161236, 32.94319131161236, 32.94319131161237, 32.94569757727652, 32.94569757727652, 32.94569757727652, 32.94736842105263, 32.94987468671679, 32.948203842940686, 32.94736842105263, 32.945697577276526, 32.94569757727652, 32.94736842105263, 32.948203842940686, 32.94402673350042, 32.945697577276526, 32.945697577276526, 32.945697577276526, 32.94319131161237, 32.94486215538847, 32.941520467836256, 32.94235588972431, 32.9406850459482, 32.94319131161237, 32.94319131161237, 32.946532999164575, 32.945697577276526, 32.945697577276526, 32.941520467836256, 32.93984962406015, 32.93567251461988, 32.939014202172096, 32.93650793650794, 32.93650793650794, 32.93400167084377, 32.9406850459482, 32.941520467836256, 32.93650793650794, 32.93316624895572, 32.93483709273183, 32.93650793650794, 32.939014202172096, 32.939014202172096, 32.9406850459482, 32.941520467836256, 32.94235588972431, 32.94319131161237, 32.939014202172096, 32.941520467836256, 32.939014202172096, 32.939014202172096, 32.93650793650794, 32.93567251461988, 32.934837092731826, 32.93149540517962, 32.93400167084378, 32.93734335839599, 32.93567251461988, 32.93817878028404, 32.939014202172096, 32.93483709273183, 32.93567251461989, 32.939014202172096, 32.94235588972431, 32.94235588972431, 32.94653299916458, 32.94653299916458, 32.948203842940686, 32.94486215538847, 32.945697577276526, 32.94486215538847, 32.94653299916458, 32.950710108604845, 32.950710108604845, 32.95154553049289, 32.95154553049289, 32.950710108604845, 32.95238095238095, 32.95405179615705, 32.94987468671679, 32.95238095238095, 32.9515455304929, 32.94903926482874, 32.94903926482874, 32.94903926482874, 32.950710108604845, 32.94903926482874, 32.94903926482874, 32.94736842105263, 32.94903926482874, 32.945697577276526, 32.94235588972431, 32.941520467836256, 32.93984962406015, 32.94486215538847, 32.94569757727652, 32.94486215538847, 32.944026733500415, 32.94235588972431, 32.939014202172096, 32.93567251461988, 32.93734335839599, 32.93650793650794, 32.93650793650793, 32.933166248955715, 32.93650793650794, 32.937343358395985, 32.93817878028404, 32.93817878028404, 32.939014202172096, 32.94152046783626, 32.94235588972431, 32.94235588972431, 32.94319131161237, 32.94319131161236, 32.94235588972431, 32.94319131161237, 32.945697577276526, 32.948203842940686, 32.94903926482874, 32.94736842105263, 32.948203842940686, 32.950710108604845, 32.949039264828734, 32.94987468671679, 32.94903926482874, 32.94653299916458, 32.94486215538847, 32.945697577276526, 32.945697577276526, 32.94402673350042, 32.94736842105263, 32.944026733500415, 32.94235588972431, 32.94319131161237, 32.94235588972431, 32.93984962406015, 32.944026733500415, 32.94319131161236, 32.94319131161236, 32.94235588972431, 32.941520467836256, 32.94319131161237, 32.94068504594821, 32.94068504594821, 32.94319131161236, 32.94319131161236, 32.944026733500415, 32.94486215538847, 32.94569757727652, 32.945697577276526, 32.944026733500415, 32.945697577276526, 32.94402673350042, 32.94319131161236, 32.948203842940686, 32.94736842105263, 32.948203842940686, 32.946532999164575, 32.945697577276526, 32.94319131161237, 32.945697577276526, 32.94653299916458, 32.949039264828734, 32.94987468671679, 32.948203842940686, 32.94486215538847, 32.94736842105263, 32.94736842105263, 32.949039264828734, 32.94987468671679, 32.950710108604845, 32.9515455304929, 32.952380952380956, 32.94987468671679, 32.94987468671679, 32.94736842105263, 32.946532999164575, 32.949039264828734, 32.946532999164575, 32.945697577276526, 32.944026733500415, 32.94486215538847, 32.94235588972431, 32.94235588972431, 32.94486215538847, 32.94653299916458, 32.94653299916458, 32.94653299916458, 32.946532999164575, 32.948203842940686, 32.946532999164575, 32.94653299916458, 32.94653299916458, 32.945697577276526, 32.948203842940686, 32.94653299916458, 32.945697577276526, 32.94486215538847, 32.945697577276526, 32.94653299916458, 32.950710108604845, 32.94736842105263, 32.945697577276526, 32.94736842105263, 32.946532999164575, 32.946532999164575, 32.946532999164575, 32.94987468671679, 32.953216374269005, 32.953216374269005, 32.953216374269005, 32.9515455304929, 32.950710108604845, 32.94987468671679, 32.9515455304929, 32.950710108604845, 32.94987468671679, 32.948203842940686, 32.952380952380956, 32.950710108604845, 32.9515455304929, 32.94987468671679, 32.94903926482874, 32.94903926482874, 32.94736842105263, 32.946532999164575, 32.948203842940686, 32.950710108604845, 32.94903926482874, 32.94736842105263, 32.949039264828734, 32.950710108604845, 32.94987468671679, 32.949039264828734, 32.94820384294068, 32.94820384294068, 32.950710108604845, 32.950710108604845, 32.94987468671679, 32.94736842105263, 32.948203842940686, 32.94903926482874, 32.94903926482874, 32.9515455304929, 32.950710108604845, 32.95238095238095, 32.95488721804511, 32.95405179615706, 32.953216374269005, 32.95238095238095, 32.953216374269005, 32.953216374269005, 32.953216374269005, 32.953216374269005, 32.953216374269005, 32.953216374269005, 32.953216374269005, 32.94987468671679, 32.944026733500415, 32.944026733500415, 32.945697577276526, 32.944026733500415, 32.94235588972431, 32.941520467836256, 32.941520467836256, 32.94235588972431, 32.94235588972431, 32.94235588972431, 32.94319131161236, 32.941520467836256, 32.94235588972431, 32.94319131161237, 32.94486215538847, 32.948203842940686, 32.94736842105263]",0.7471990356591451,0.7087503703417449,33,"[33, 33, 33, 33, 33, 33, 33, 33, 33, 33, 33, 33, 33, 33, 33, 33, 33, 33, 33, 33, 33, 33, 33, 33, 33, 33, 33, 33, 33, 33, 33, 33, 33, 33, 33, 33, 33, 33, 33, 33, 33, 33, 33, 33, 33, 33, 33, 33, 33, 33, 33, 33, 33, 33, 33, 33, 33, 33, 33, 33, 33, 33, 33, 33, 33, 33, 33, 33, 33, 33, 33, 33, 33, 33, 33, 33, 33, 33, 33, 33, 33, 33, 33, 33, 33, 33, 33, 33, 33, 33, 33, 33, 33, 33, 33, 33, 33, 33, 33, 33, 33, 33, 33, 33, 33, 33, 33, 33, 33, 33, 33, 33, 33, 33, 33, 33, 33, 33, 33, 33, 33, 33, 33, 33, 33, 33, 33, 33, 33, 33, 33, 33, 33, 33, 33, 33, 33, 33, 33, 33, 33, 33, 33, 33, 33, 33, 33, 33, 33, 33, 33, 33, 33, 33, 33, 33, 33, 33, 33, 33, 33, 33, 33, 33, 33, 33, 33, 33, 33, 33, 33, 33, 33, 33, 33, 33, 33, 33, 33, 33, 33, 33, 33, 33, 33, 33, 33, 33, 33, 33, 33, 33, 33, 33, 33, 33, 33, 33, 33, 33, 33, 33, 33, 33, 33, 33, 33, 33, 33, 33, 33, 33, 33, 33, 33, 33, 33, 33, 33, 33, 33, 33, 33, 33, 33, 33, 33, 33, 33, 33, 33, 33, 33, 33, 33, 33, 33, 33, 33, 33, 33, 33, 33, 33, 33, 33, 33, 33, 33, 33, 33, 33, 33, 33, 33, 33, 33, 33, 33, 33, 33, 33, 33, 33, 33, 33, 33, 33, 33, 33, 33, 33, 33, 33, 33, 33, 33, 33, 33, 33, 33, 33, 33, 33, 33, 33, 33, 33, 33, 33, 33, 33, 33, 33, 33]",295,"[0.737326443195343, 0.7256472706794739, 0.7142192125320435, 0.7030695080757141, 0.6926361918449402, 0.682177722454071, 0.6722278594970703, 0.6627734303474426, 0.6534519791603088, 0.6445683836936951, 0.6365748047828674, 0.6286338567733765, 0.6209391355514526, 0.6134511828422546, 0.6061006188392639, 0.5990649461746216, 0.5927537083625793, 0.5863454937934875, 0.5801265239715576, 0.5742549300193787, 0.5682830810546875, 0.562833845615387, 0.557515561580658, 0.552443265914917, 0.5476729869842529, 0.542954683303833, 0.5384234189987183, 0.5339725613594055, 0.5296095609664917, 0.5255144834518433, 0.52150958776474, 0.5175732970237732, 0.513857901096344, 0.5102362036705017, 0.5068466663360596, 0.503582239151001, 0.5003678202629089, 0.4972397983074188, 0.49421223998069763, 0.4912969172000885, 0.488282710313797, 0.4856002926826477, 0.48307305574417114, 0.4806988835334778, 0.4782576858997345, 0.4758741855621338, 0.47369906306266785, 0.47137752175331116, 0.4693039059638977, 0.46716368198394775, 0.4651246964931488, 0.463095486164093, 0.46117180585861206, 0.4592854976654053, 0.4574936032295227, 0.4556596875190735, 0.4539533853530884, 0.45243626832962036, 0.45085448026657104, 0.4492324888706207, 0.44773197174072266, 0.4463270902633667, 0.44488945603370667, 0.44346752762794495, 0.442146897315979, 0.44089630246162415, 0.4396440386772156, 0.4383465647697449, 0.43709999322891235, 0.4360295832157135, 0.4348672926425934, 0.43378108739852905, 0.43281102180480957, 0.4317803680896759, 0.4307113587856293, 0.4297788739204407, 0.4287956953048706, 0.42782309651374817, 0.42699459195137024, 0.42614686489105225, 0.42529305815696716, 0.4244459867477417, 0.4236474633216858, 0.4229015111923218, 0.4220781624317169, 0.4213862121105194, 0.42062413692474365, 0.4198808968067169, 0.4192007780075073, 0.41850748658180237, 0.4177977442741394, 0.4171878695487976, 0.4165860712528229, 0.4159837067127228, 0.41533249616622925, 0.4147660732269287, 0.4142288863658905, 0.41367417573928833, 0.4131748676300049, 0.412606418132782, 0.4120336174964905, 0.41150036454200745, 0.4110099673271179, 0.41051220893859863, 0.4099728763103485, 0.4094434976577759, 0.40903204679489136, 0.40863320231437683, 0.40821561217308044, 0.4077679514884949, 0.4073355197906494, 0.4069503843784332, 0.4065607488155365, 0.40611550211906433, 0.405745267868042, 0.4053642749786377, 0.40500500798225403, 0.40460091829299927, 0.4043201506137848, 0.4039350748062134, 0.40356171131134033, 0.4032336175441742, 0.40285977721214294, 0.4025152921676636, 0.4021981358528137, 0.4019049406051636, 0.4016200602054596, 0.4012991786003113, 0.4010111689567566, 0.4007076025009155, 0.40045270323753357, 0.40016743540763855, 0.39991146326065063, 0.39962342381477356, 0.3993675708770752, 0.3990921378135681, 0.3988223671913147, 0.39856910705566406, 0.39830535650253296, 0.39809244871139526, 0.39784032106399536, 0.39761829376220703, 0.39739763736724854, 0.39717984199523926, 0.3969166576862335, 0.3966692388057709, 0.39645877480506897, 0.3962344229221344, 0.39605018496513367, 0.39587607979774475, 0.3956904709339142, 0.3954988121986389, 0.39529067277908325, 0.3950948417186737, 0.39494404196739197, 0.39472725987434387, 0.3945123255252838, 0.39434486627578735, 0.3941841423511505, 0.393998920917511, 0.39379701018333435, 0.393600732088089, 0.393407940864563, 0.39325177669525146, 0.3930891156196594, 0.3928993344306946, 0.3927551507949829, 0.3926070034503937, 0.39247140288352966, 0.39231449365615845, 0.392149955034256, 0.39201968908309937, 0.39188575744628906, 0.3917278051376343, 0.39158499240875244, 0.39146023988723755, 0.3913041949272156, 0.39116352796554565, 0.3910366892814636, 0.3908935487270355, 0.39075911045074463, 0.3906311094760895, 0.39048969745635986, 0.3903651535511017, 0.39024239778518677, 0.39010393619537354, 0.3899674117565155, 0.3898351788520813, 0.38970816135406494, 0.38958999514579773, 0.3894352316856384, 0.3892887234687805, 0.38915711641311646, 0.3890571594238281, 0.38894596695899963, 0.388832688331604, 0.3887122869491577, 0.38858163356781006, 0.3884778320789337, 0.3883785307407379, 0.38825929164886475, 0.38815057277679443, 0.38804861903190613, 0.3879378139972687, 0.3878253102302551, 0.38772401213645935, 0.38761866092681885, 0.3875235617160797, 0.3874307870864868, 0.38731545209884644, 0.38719967007637024, 0.3870996832847595, 0.38698941469192505, 0.3869040012359619, 0.3868212103843689, 0.38674983382225037, 0.38665544986724854, 0.38654711842536926, 0.3864538073539734, 0.386386513710022, 0.38628941774368286, 0.3861803114414215, 0.38607388734817505, 0.3859805166721344, 0.3858999013900757, 0.38580256700515747, 0.38570672273635864, 0.3856024444103241, 0.38552039861679077, 0.38544175028800964, 0.3853471279144287, 0.38526082038879395, 0.3851848542690277, 0.38512811064720154, 0.3850454092025757, 0.38495638966560364, 0.3848811089992523, 0.38481301069259644, 0.384750634431839, 0.38466930389404297, 0.38458719849586487, 0.3844974935054779, 0.3844050467014313, 0.38433733582496643, 0.38424959778785706, 0.3841787576675415, 0.3840872049331665, 0.3840118646621704, 0.38394695520401, 0.3838830888271332, 0.3838205635547638, 0.38374844193458557, 0.38367077708244324, 0.3835951089859009, 0.3835405707359314, 0.38348475098609924, 0.3834144175052643, 0.3833475410938263, 0.3832923471927643, 0.3832252621650696, 0.38314345479011536, 0.3830796182155609, 0.38300347328186035, 0.38294142484664917, 0.3828735649585724, 0.38280707597732544, 0.3827367126941681, 0.38266417384147644, 0.38259878754615784, 0.38252249360084534, 0.3824678361415863, 0.3824109137058258, 0.38234326243400574, 0.38226744532585144, 0.3822047710418701, 0.3821355700492859, 0.3820634186267853, 0.3820161521434784, 0.3819649815559387, 0.381908118724823, 0.38184815645217896, 0.381801962852478, 0.3817538022994995, 0.3816869854927063, 0.3816194534301758, 0.3815512955188751, 0.3814975619316101, 0.38142526149749756, 0.38136234879493713, 0.3812967538833618, 0.38125523924827576, 0.3811921775341034, 0.3811464011669159, 0.38109979033470154, 0.38103580474853516]",33.0,"[33.0, 33.0, 33.0, 33.0, 33.0, 33.0, 33.0, 33.0, 33.0, 33.0, 33.0, 33.0, 33.0, 33.0, 33.0, 33.0, 33.0, 33.0, 33.0, 33.0, 33.0, 33.0, 33.0, 33.0, 33.0, 33.0, 33.0, 33.0, 33.0, 33.0, 33.0, 33.0, 33.0, 33.0, 33.0, 33.0, 33.0, 33.0, 33.0, 33.0, 33.0, 33.0, 33.0, 33.0, 33.0, 33.0, 33.0, 33.0, 33.0, 33.0, 33.0, 33.0, 33.0, 33.0, 33.0, 33.0, 33.0, 33.0, 33.0, 33.0, 33.0, 33.0, 33.0, 33.0, 33.0, 33.0, 33.0, 33.0, 33.0, 33.0, 33.0, 33.0, 33.0, 33.0, 33.0, 33.0, 33.0, 33.0, 33.0, 33.0, 33.0, 33.0, 33.0, 33.0, 33.0, 33.0, 33.0, 33.0, 33.0, 33.0, 33.0, 33.0, 33.0, 33.0, 33.0, 33.0, 33.0, 33.0, 33.0, 33.0, 33.0, 33.0, 33.0, 33.0, 33.0, 33.0, 33.0, 33.0, 33.0, 33.0, 33.0, 33.0, 33.0, 33.0, 33.0, 33.0, 33.0, 33.0, 33.0, 33.0, 33.0, 33.0, 33.0, 33.0, 33.0, 33.0, 33.0, 33.0, 33.0, 33.0, 33.0, 33.0, 33.0, 33.0, 33.0, 33.0, 33.0, 33.0, 33.0, 33.0, 33.0, 33.0, 33.0, 33.0, 33.0, 33.0, 33.0, 33.0, 33.0, 33.0, 33.0, 33.0, 33.0, 33.0, 33.0, 33.0, 33.0, 33.0, 33.0, 33.0, 33.0, 33.0, 33.0, 33.0, 33.0, 33.0, 33.0, 33.0, 33.0, 33.0, 33.0, 33.0, 33.0, 33.0, 33.0, 33.0, 33.0, 33.0, 33.0, 33.0, 33.0, 33.0, 33.0, 33.0, 33.0, 33.0, 33.0, 33.0, 33.0, 33.0, 33.0, 33.0, 33.0, 33.0, 33.0, 33.0, 33.0, 33.0, 33.0, 33.0, 33.0, 33.0, 33.0, 33.0, 33.0, 33.0, 33.0, 33.0, 33.0, 33.0, 33.0, 33.0, 33.0, 33.0, 33.0, 33.0, 33.0, 33.0, 33.0, 33.0, 33.0, 33.0, 33.0, 33.0, 33.0, 33.0, 33.0, 33.0, 33.0, 33.0, 33.0, 33.0, 33.0, 33.0, 33.0, 33.0, 33.0, 33.0, 33.0, 33.0, 33.0, 33.0, 33.0, 33.0, 33.0, 33.0, 33.0, 33.0, 33.0, 33.0, 33.0, 33.0, 33.0, 33.0, 33.0, 33.0, 33.0, 33.0, 33.0, 33.0, 33.0, 33.0, 33.0, 33.0, 33.0, 33.0, 33.0, 33.0, 33.0, 33.0, 33.0, 33.0, 33.0, 33.0, 33.0, 33.0, 33.0, 33.0, 33.0, 33.0, 33.0, 33.0, 33.0, 33.0, 33.0, 33.0, 33.0, 33.0, 33.0, 33.0, 33.0, 33.0, 33.0, 33.0, 33.0]",COMPLETE
