,number,value,datetime_start,datetime_complete,duration,params_batch_size_scaler,params_constant_learning_rate,params_depth,params_epochs,params_kernel_l2,params_num_trees,params_temperature,user_attrs_accuracy_test,user_attrs_accuracy_valid,user_attrs_approximate_feature_sparsity,user_attrs_approximate_feature_sparsity_history,user_attrs_approximate_weight_sparsity,user_attrs_approximate_weight_sparsity_history,user_attrs_auc_test,user_attrs_auc_valid,user_attrs_feature_sparsity,user_attrs_feature_sparsity_history,user_attrs_num_epochs,user_attrs_val_loss_history,user_attrs_weight_sparsity,user_attrs_weight_sparsity_history,state
157,157,0.9329133979982224,2024-08-31 08:08:36.985092,2024-08-31 08:15:37.407729,0 days 00:07:00.422637,1,0.04714986314452909,4,335,0.0021059191914866828,77,0.00017899840218814266,0.943,0.945,33,"[33, 33, 33, 33, 33, 33, 33, 33, 33, 33, 33, 33, 33, 33, 33, 33, 33, 33, 33, 33, 33, 33, 33, 33, 33, 33, 33, 33, 33, 33, 33, 33, 33, 33, 33, 33, 33, 33, 33, 33, 33, 33, 33, 33, 33, 33, 33, 33, 33, 33, 33, 33, 33, 33, 33, 33, 33, 33, 33, 33, 33, 33, 33, 33, 33, 33, 33, 33, 33, 33, 33, 33, 33, 33, 33, 33, 33, 33, 33, 33, 33, 33, 33, 33, 33, 33, 33, 33, 33, 33, 33, 33, 33, 33, 33, 33, 33, 33, 33, 33, 33, 33, 33, 33, 33, 33, 33, 33, 33, 33, 33, 33, 33, 33, 33, 33, 33, 33, 33, 33, 33, 33, 33, 33, 33, 33, 33, 33, 33, 33, 33, 33, 33, 33, 33, 33, 33, 33, 33, 33, 33, 33, 33, 33, 33, 33, 33, 33, 33, 33, 33, 33, 33, 33, 33, 33, 33, 33, 33, 33, 33, 33, 33, 33, 33, 33, 33, 33, 33, 33, 33, 33, 33, 33, 33, 33, 33, 33, 33, 33, 33, 33, 33, 33, 33, 33, 33, 33, 33, 33, 33, 33, 33, 33, 33, 33, 33, 33, 33, 33, 33, 33, 33, 33, 33, 33, 33, 33, 33, 33, 33, 33, 33, 33, 33, 33, 33, 33, 33, 33, 33, 33, 33, 33, 33, 33, 33, 33, 33, 33, 33, 33, 33, 33, 33, 33, 33, 33, 33, 33, 33, 33, 33, 33, 33, 33, 33, 33, 33, 33, 33, 33, 33, 33, 33, 33, 33, 33, 33, 33, 33, 33, 33, 33, 33, 33, 33, 33, 33, 33, 33, 33, 33, 33, 33, 33, 33, 33, 33, 33, 33, 33, 33, 33, 33, 33, 33, 33, 33, 33, 33, 33, 33, 33, 33, 33, 33, 33, 33, 33, 33, 33, 33, 33, 33, 33, 33, 33, 33, 33, 33, 33, 33, 33, 33, 33, 33, 33, 33, 33, 33, 33, 33, 33, 33, 33, 33, 33, 33, 33, 33, 33, 33, 33, 33]",32.95757575757575,"[32.96536796536797, 32.94632034632035, 32.961038961038966, 32.94978354978355, 32.95497835497835, 32.96103896103896, 32.95064935064935, 32.96969696969697, 32.95844155844156, 32.95670995670996, 32.96969696969697, 32.95670995670996, 32.95497835497835, 32.955844155844154, 32.94372294372294, 32.95411255411255, 32.94978354978355, 32.94458874458874, 32.95064935064935, 32.95757575757575, 32.948917748917744, 32.94805194805195, 32.94545454545454, 32.96190476190476, 32.961904761904755, 32.95324675324675, 32.949783549783554, 32.95670995670996, 32.94285714285714, 32.95238095238095, 32.96017316017316, 32.95757575757575, 32.95238095238095, 32.94285714285714, 32.94112554112554, 32.94458874458874, 32.94285714285714, 32.94805194805195, 32.95238095238095, 32.947186147186144, 32.955844155844154, 32.94372294372294, 32.955844155844154, 32.96017316017316, 32.95757575757575, 32.95324675324675, 32.95151515151515, 32.94978354978355, 32.95757575757575, 32.95151515151515, 32.95757575757576, 32.95324675324675, 32.95238095238095, 32.96277056277056, 32.95930735930736, 32.94805194805195, 32.94891774891775, 32.94805194805195, 32.95238095238095, 32.954112554112555, 32.955844155844154, 32.95497835497835, 32.95411255411255, 32.95930735930736, 32.954112554112555, 32.94978354978355, 32.95930735930736, 32.95670995670995, 32.95324675324675, 32.96536796536796, 32.95324675324675, 32.95497835497835, 32.96363636363636, 32.954112554112555, 32.94978354978355, 32.95497835497835, 32.954112554112555, 32.96017316017316, 32.96103896103896, 32.951515151515146, 32.96103896103896, 32.95757575757575, 32.96190476190476, 32.95497835497835, 32.96277056277056, 32.96363636363637, 32.95930735930736, 32.94458874458874, 32.947186147186144, 32.94372294372294, 32.93939393939394, 32.945454545454545, 32.93939393939394, 32.93593073593073, 32.93419913419913, 32.947186147186144, 32.93939393939394, 32.951515151515146, 32.947186147186144, 32.94805194805195, 32.947186147186144, 32.93939393939394, 32.941125541125544, 32.95151515151515, 32.943722943722946, 32.94632034632035, 32.95064935064935, 32.94458874458875, 32.949783549783554, 32.954112554112555, 32.95064935064935, 32.96103896103896, 32.95670995670996, 32.960173160173156, 32.95930735930735, 32.95930735930736, 32.95930735930735, 32.95757575757576, 32.96017316017316, 32.95757575757576, 32.96363636363636, 32.960173160173156, 32.964502164502164, 32.954112554112555, 32.954112554112555, 32.955844155844154, 32.955844155844154, 32.95757575757575, 32.95497835497835, 32.95064935064935, 32.95497835497836, 32.94978354978355, 32.94891774891775, 32.95324675324675, 32.95757575757575, 32.95238095238095, 32.94805194805195, 32.94285714285714, 32.94285714285714, 32.95324675324675, 32.95324675324675, 32.954112554112555, 32.95844155844156, 32.96190476190476, 32.95930735930735, 32.95324675324675, 32.95844155844156, 32.95497835497836, 32.95670995670996, 32.95238095238095, 32.95411255411255, 32.95670995670996, 32.954112554112555, 32.95324675324675, 32.95238095238095, 32.96017316017316, 32.95670995670996, 32.95497835497836, 32.94805194805195, 32.95670995670996, 32.952380952380956, 32.95930735930736, 32.95411255411255, 32.95324675324675, 32.95324675324675, 32.95324675324675, 32.947186147186144, 32.954112554112555, 32.95844155844156, 32.95497835497835, 32.95238095238095, 32.95757575757576, 32.95757575757576, 32.960173160173156, 32.96103896103896, 32.954112554112555, 32.95497835497836, 32.95844155844156, 32.96103896103896, 32.96017316017316, 32.95757575757575, 32.964502164502164, 32.964502164502164, 32.95757575757575, 32.95757575757576, 32.95757575757575, 32.954112554112555, 32.964502164502164, 32.95930735930736, 32.95844155844156, 32.961904761904755, 32.96363636363636, 32.95497835497835, 32.94805194805195, 32.94891774891775, 32.952380952380956, 32.947186147186144, 32.947186147186144, 32.96190476190476, 32.94805194805195, 32.943722943722946, 32.945454545454545, 32.94891774891775, 32.948917748917744, 32.955844155844154, 32.94805194805195, 32.94372294372294, 32.95064935064935, 32.96363636363636, 32.955844155844154, 32.955844155844154, 32.95324675324675, 32.95324675324675, 32.94805194805195, 32.947186147186144, 32.94978354978355, 32.94285714285714, 32.95064935064935, 32.945454545454545, 32.95151515151515, 32.95064935064935, 32.95238095238095, 32.954112554112555, 32.95238095238095, 32.95151515151515, 32.94632034632034, 32.95324675324675, 32.94805194805195, 32.95064935064935, 32.94458874458874, 32.94805194805195, 32.941125541125544, 32.94199134199134, 32.94632034632035, 32.94632034632034, 32.95324675324675, 32.94805194805195, 32.94632034632035, 32.94978354978355, 32.95497835497836, 32.95930735930736, 32.95411255411255, 32.95151515151515, 32.95324675324675, 32.95324675324675, 32.95064935064935, 32.94978354978355, 32.95844155844156, 32.95670995670996, 32.95670995670995, 32.95238095238095, 32.95411255411255, 32.95411255411255, 32.94545454545454, 32.94805194805195, 32.94978354978355, 32.949783549783554, 32.94718614718615, 32.945454545454545, 32.94891774891775, 32.94891774891775, 32.948917748917744, 32.95238095238095, 32.943722943722946, 32.949783549783554, 32.954112554112555, 32.95151515151515, 32.94632034632034, 32.955844155844154, 32.95497835497835, 32.95670995670996, 32.95670995670996, 32.952380952380956, 32.95411255411255, 32.95497835497836, 32.95497835497835, 32.954112554112555, 32.960173160173156, 32.95930735930736, 32.94978354978355, 32.955844155844154, 32.955844155844154, 32.95151515151515, 32.94978354978355, 32.95238095238095, 32.95238095238095, 32.95497835497835, 32.95497835497835, 32.95497835497835, 32.94891774891775, 32.95844155844156, 32.95497835497835, 32.955844155844154, 32.947186147186144, 32.95064935064935, 32.95064935064935, 32.95670995670996, 32.95670995670996, 32.96190476190476, 32.95757575757575, 32.95238095238095, 32.95497835497835, 32.95151515151515, 32.95238095238095, 32.95844155844156, 32.95930735930736, 32.95670995670996, 32.96277056277056, 32.96363636363636, 32.960173160173156, 32.962770562770565, 32.960173160173156, 32.95930735930736, 32.95757575757575, 32.95324675324675, 32.947186147186144, 32.95757575757575, 32.95844155844156, 32.954112554112555, 32.95151515151515, 32.95238095238095, 32.95064935064935, 32.94805194805195, 32.95238095238095, 32.955844155844154, 32.95844155844156, 32.954112554112555, 32.96103896103896, 32.95844155844156, 32.96103896103896, 32.95670995670996, 32.95064935064935, 32.95930735930736, 32.955844155844154, 32.95757575757575]",0.9187410728292009,0.9329133979982224,33,"[33, 33, 33, 33, 33, 33, 33, 33, 33, 33, 33, 33, 33, 33, 33, 33, 33, 33, 33, 33, 33, 33, 33, 33, 33, 33, 33, 33, 33, 33, 33, 33, 33, 33, 33, 33, 33, 33, 33, 33, 33, 33, 33, 33, 33, 33, 33, 33, 33, 33, 33, 33, 33, 33, 33, 33, 33, 33, 33, 33, 33, 33, 33, 33, 33, 33, 33, 33, 33, 33, 33, 33, 33, 33, 33, 33, 33, 33, 33, 33, 33, 33, 33, 33, 33, 33, 33, 33, 33, 33, 33, 33, 33, 33, 33, 33, 33, 33, 33, 33, 33, 33, 33, 33, 33, 33, 33, 33, 33, 33, 33, 33, 33, 33, 33, 33, 33, 33, 33, 33, 33, 33, 33, 33, 33, 33, 33, 33, 33, 33, 33, 33, 33, 33, 33, 33, 33, 33, 33, 33, 33, 33, 33, 33, 33, 33, 33, 33, 33, 33, 33, 33, 33, 33, 33, 33, 33, 33, 33, 33, 33, 33, 33, 33, 33, 33, 33, 33, 33, 33, 33, 33, 33, 33, 33, 33, 33, 33, 33, 33, 33, 33, 33, 33, 33, 33, 33, 33, 33, 33, 33, 33, 33, 33, 33, 33, 33, 33, 33, 33, 33, 33, 33, 33, 33, 33, 33, 33, 33, 33, 33, 33, 33, 33, 33, 33, 33, 33, 33, 33, 33, 33, 33, 33, 33, 33, 33, 33, 33, 33, 33, 33, 33, 33, 33, 33, 33, 33, 33, 33, 33, 33, 33, 33, 33, 33, 33, 33, 33, 33, 33, 33, 33, 33, 33, 33, 33, 33, 33, 33, 33, 33, 33, 33, 33, 33, 33, 33, 33, 33, 33, 33, 33, 33, 33, 33, 33, 33, 33, 33, 33, 33, 33, 33, 33, 33, 33, 33, 33, 33, 33, 33, 33, 33, 33, 33, 33, 33, 33, 33, 33, 33, 33, 33, 33, 33, 33, 33, 33, 33, 33, 33, 33, 33, 33, 33, 33, 33, 33, 33, 33, 33, 33, 33, 33, 33, 33, 33, 33, 33, 33, 33, 33, 33, 33]",335,"[0.3829178512096405, 0.3735065460205078, 0.3684347867965698, 0.3641931116580963, 0.36087650060653687, 0.3572216033935547, 0.35515502095222473, 0.34973496198654175, 0.34652793407440186, 0.3453601002693176, 0.3407423794269562, 0.33777913451194763, 0.3351866900920868, 0.33321133255958557, 0.32998672127723694, 0.3276831805706024, 0.32476720213890076, 0.32149794697761536, 0.3197952210903168, 0.31573277711868286, 0.3127395808696747, 0.31041720509529114, 0.3066185712814331, 0.3034660518169403, 0.3006422817707062, 0.2966114580631256, 0.2924485206604004, 0.2897183299064636, 0.28867045044898987, 0.2822536528110504, 0.2820199728012085, 0.27882054448127747, 0.27565500140190125, 0.26922187209129333, 0.26743850111961365, 0.2640356123447418, 0.26068273186683655, 0.2596544325351715, 0.2570306062698364, 0.2556801736354828, 0.25406214594841003, 0.25266656279563904, 0.24969488382339478, 0.24853357672691345, 0.2457253336906433, 0.24531662464141846, 0.24385270476341248, 0.24250030517578125, 0.2408650815486908, 0.23944392800331116, 0.23857921361923218, 0.23658327758312225, 0.23814880847930908, 0.2346246838569641, 0.23317575454711914, 0.2324230819940567, 0.2305181920528412, 0.2297787070274353, 0.2309611439704895, 0.22777509689331055, 0.23080280423164368, 0.2274283915758133, 0.2241072803735733, 0.22378569841384888, 0.22342990338802338, 0.22123271226882935, 0.2194869965314865, 0.21905694901943207, 0.21819224953651428, 0.21729959547519684, 0.21612092852592468, 0.214480459690094, 0.21425078809261322, 0.21783937513828278, 0.21166326105594635, 0.2134455442428589, 0.2109876424074173, 0.21708844602108002, 0.2095356434583664, 0.20794685184955597, 0.20792867243289948, 0.20734058320522308, 0.20799359679222107, 0.2058568000793457, 0.20541730523109436, 0.20357218384742737, 0.2048013061285019, 0.20179910957813263, 0.20425082743167877, 0.2010248303413391, 0.20078285038471222, 0.20184525847434998, 0.20004041492938995, 0.19911733269691467, 0.19901378452777863, 0.2016599476337433, 0.20446811616420746, 0.19833213090896606, 0.19758667051792145, 0.19633835554122925, 0.1982233226299286, 0.19664064049720764, 0.19603702425956726, 0.19577619433403015, 0.19741098582744598, 0.1937984824180603, 0.19732236862182617, 0.19283585250377655, 0.1932932287454605, 0.1930907815694809, 0.19392450153827667, 0.19268307089805603, 0.1913074553012848, 0.19199280440807343, 0.1907840222120285, 0.1912960410118103, 0.19546861946582794, 0.19148050248622894, 0.19086550176143646, 0.1910850554704666, 0.1892496943473816, 0.19034984707832336, 0.18949247896671295, 0.19023674726486206, 0.18973012268543243, 0.1884344518184662, 0.19102807343006134, 0.18924547731876373, 0.18885448575019836, 0.19093404710292816, 0.18962234258651733, 0.18642202019691467, 0.18972758948802948, 0.19028611481189728, 0.18719933927059174, 0.18756847083568573, 0.18865196406841278, 0.19131720066070557, 0.1847749650478363, 0.18659590184688568, 0.19137316942214966, 0.18758077919483185, 0.18972453474998474, 0.18705372512340546, 0.19484315812587738, 0.18365603685379028, 0.18486815690994263, 0.18572169542312622, 0.1854325234889984, 0.18241305649280548, 0.18332241475582123, 0.18252956867218018, 0.1833840012550354, 0.18429553508758545, 0.18326923251152039, 0.1850677877664566, 0.18333198130130768, 0.18118134140968323, 0.1837691366672516, 0.1825888752937317, 0.18566808104515076, 0.18587976694107056, 0.18248307704925537, 0.18142549693584442, 0.187358558177948, 0.18657022714614868, 0.18197202682495117, 0.18176406621932983, 0.1852705031633377, 0.18198621273040771, 0.18283480405807495, 0.18393781781196594, 0.17841334640979767, 0.18076781928539276, 0.181003138422966, 0.1815216839313507, 0.17986442148685455, 0.1877886801958084, 0.18003398180007935, 0.1850113868713379, 0.18154367804527283, 0.18042044341564178, 0.17876073718070984, 0.1778935045003891, 0.179398313164711, 0.17728078365325928, 0.1800750195980072, 0.18198387324810028, 0.18039356172084808, 0.18153536319732666, 0.1834086775779724, 0.18199928104877472, 0.1781560480594635, 0.1783977895975113, 0.1783706545829773, 0.17815828323364258, 0.17724329233169556, 0.17982405424118042, 0.18334756791591644, 0.17983049154281616, 0.17833560705184937, 0.1826460212469101, 0.18057692050933838, 0.17852424085140228, 0.1784731149673462, 0.18148832023143768, 0.18257269263267517, 0.17789411544799805, 0.18002153933048248, 0.18468508124351501, 0.1776730716228485, 0.1792641431093216, 0.18059395253658295, 0.17818395793437958, 0.17918702960014343, 0.17687959969043732, 0.18078027665615082, 0.1788431704044342, 0.17682193219661713, 0.17958496510982513, 0.17940348386764526, 0.17812417447566986, 0.176936537027359, 0.17656616866588593, 0.17992034554481506, 0.1803261637687683, 0.17793014645576477, 0.1772770881652832, 0.1772654503583908, 0.1780223250389099, 0.18004222214221954, 0.1806780844926834, 0.1785927265882492, 0.17650575935840607, 0.17839395999908447, 0.17718908190727234, 0.1812509298324585, 0.18124014139175415, 0.17948879301548004, 0.17649365961551666, 0.1772766262292862, 0.1781272441148758, 0.17890280485153198, 0.17787519097328186, 0.17665494978427887, 0.1797657608985901, 0.17916545271873474, 0.1799081265926361, 0.177792027592659, 0.1792066991329193, 0.18103288114070892, 0.17643453180789948, 0.17892423272132874, 0.17990359663963318, 0.1765223890542984, 0.17883636057376862, 0.17922013998031616, 0.17876146733760834, 0.18221506476402283, 0.17828820645809174, 0.17629510164260864, 0.17618873715400696, 0.17645922303199768, 0.1796652376651764, 0.1801597625017166, 0.17941337823867798, 0.18030889332294464, 0.18137580156326294, 0.17927537858486176, 0.1776622235774994, 0.17933368682861328, 0.17839552462100983, 0.18114431202411652, 0.1775127798318863, 0.17912322282791138, 0.17657840251922607, 0.17725084722042084, 0.1773417592048645, 0.1852804571390152, 0.17915473878383636, 0.18266956508159637, 0.18108545243740082, 0.17994187772274017, 0.17890743911266327, 0.1852641999721527, 0.18019145727157593, 0.17939670383930206, 0.18021520972251892, 0.1830759048461914, 0.1791154146194458, 0.17967358231544495, 0.18322885036468506, 0.18370841443538666, 0.17894338071346283, 0.18646240234375, 0.1828412264585495, 0.181748166680336, 0.18009215593338013, 0.18230317533016205, 0.17940281331539154, 0.17951439321041107, 0.17935506999492645, 0.1834322214126587, 0.1790337711572647, 0.17686353623867035, 0.18103161454200745, 0.17869314551353455, 0.179133802652359, 0.1800404191017151, 0.18178480863571167, 0.18208692967891693, 0.1800154745578766, 0.17977851629257202, 0.18105542659759521, 0.18027842044830322, 0.18324679136276245, 0.18134884536266327, 0.18062059581279755, 0.1785174310207367, 0.18150648474693298, 0.18197278678417206, 0.1838730424642563, 0.1825656145811081, 0.18474498391151428, 0.18114013969898224, 0.1817992925643921, 0.18522970378398895, 0.1842862069606781, 0.18278788030147552, 0.1799280196428299, 0.1817799061536789, 0.1796545386314392, 0.18345907330513, 0.18458372354507446, 0.18339286744594574]",33.0,"[33.0, 33.0, 33.0, 33.0, 33.0, 33.0, 33.0, 33.0, 33.0, 33.0, 33.0, 33.0, 33.0, 33.0, 33.0, 33.0, 33.0, 33.0, 33.0, 33.0, 33.0, 33.0, 33.0, 33.0, 33.0, 33.0, 33.0, 33.0, 33.0, 33.0, 33.0, 33.0, 33.0, 33.0, 33.0, 33.0, 33.0, 33.0, 33.0, 33.0, 33.0, 33.0, 33.0, 33.0, 33.0, 33.0, 33.0, 33.0, 33.0, 33.0, 33.0, 33.0, 33.0, 33.0, 33.0, 33.0, 33.0, 33.0, 33.0, 33.0, 33.0, 33.0, 33.0, 33.0, 33.0, 33.0, 33.0, 33.0, 33.0, 33.0, 33.0, 33.0, 33.0, 33.0, 33.0, 33.0, 33.0, 33.0, 33.0, 33.0, 33.0, 33.0, 33.0, 33.0, 33.0, 33.0, 33.0, 33.0, 33.0, 33.0, 33.0, 33.0, 33.0, 33.0, 33.0, 33.0, 33.0, 33.0, 33.0, 33.0, 33.0, 33.0, 33.0, 33.0, 33.0, 33.0, 33.0, 33.0, 33.0, 33.0, 33.0, 33.0, 33.0, 33.0, 33.0, 33.0, 33.0, 33.0, 33.0, 33.0, 33.0, 33.0, 33.0, 33.0, 33.0, 33.0, 33.0, 33.0, 33.0, 33.0, 33.0, 33.0, 33.0, 33.0, 33.0, 33.0, 33.0, 33.0, 33.0, 33.0, 33.0, 33.0, 33.0, 33.0, 33.0, 33.0, 33.0, 33.0, 33.0, 33.0, 33.0, 33.0, 33.0, 33.0, 33.0, 33.0, 33.0, 33.0, 33.0, 33.0, 33.0, 33.0, 33.0, 33.0, 33.0, 33.0, 33.0, 33.0, 33.0, 33.0, 33.0, 33.0, 33.0, 33.0, 33.0, 33.0, 33.0, 33.0, 33.0, 33.0, 33.0, 33.0, 33.0, 33.0, 33.0, 33.0, 33.0, 33.0, 33.0, 33.0, 33.0, 33.0, 33.0, 33.0, 33.0, 33.0, 33.0, 33.0, 33.0, 33.0, 33.0, 33.0, 33.0, 33.0, 33.0, 33.0, 33.0, 33.0, 33.0, 33.0, 33.0, 33.0, 33.0, 33.0, 33.0, 33.0, 33.0, 33.0, 33.0, 33.0, 33.0, 33.0, 33.0, 33.0, 33.0, 33.0, 33.0, 33.0, 33.0, 33.0, 33.0, 33.0, 33.0, 33.0, 33.0, 33.0, 33.0, 33.0, 33.0, 33.0, 33.0, 33.0, 33.0, 33.0, 33.0, 33.0, 33.0, 33.0, 33.0, 33.0, 33.0, 33.0, 33.0, 33.0, 33.0, 33.0, 33.0, 33.0, 33.0, 33.0, 33.0, 33.0, 33.0, 33.0, 33.0, 33.0, 33.0, 33.0, 33.0, 33.0, 33.0, 33.0, 33.0, 33.0, 33.0, 33.0, 33.0, 33.0, 33.0, 33.0, 33.0, 33.0, 33.0, 33.0, 33.0, 33.0, 33.0, 33.0, 33.0, 33.0, 33.0, 33.0, 33.0, 33.0, 33.0, 33.0, 33.0, 33.0, 33.0, 33.0, 33.0, 33.0, 33.0, 33.0, 33.0, 33.0, 33.0, 33.0, 33.0, 33.0, 33.0, 33.0, 33.0, 33.0, 33.0, 33.0, 33.0, 33.0, 33.0, 33.0, 33.0, 33.0, 33.0, 33.0, 33.0, 33.0, 33.0, 33.0, 33.0, 33.0, 33.0, 33.0, 33.0, 33.0, 33.0]",COMPLETE
