,number,value,datetime_start,datetime_complete,duration,params_batch_size_scaler,params_constant_learning_rate,params_depth,params_epochs,params_kernel_l2,params_num_trees,params_temperature,user_attrs_accuracy_test,user_attrs_accuracy_valid,user_attrs_approximate_feature_sparsity,user_attrs_approximate_feature_sparsity_history,user_attrs_approximate_weight_sparsity,user_attrs_approximate_weight_sparsity_history,user_attrs_auc_test,user_attrs_auc_valid,user_attrs_feature_sparsity,user_attrs_feature_sparsity_history,user_attrs_num_epochs,user_attrs_val_loss_history,user_attrs_weight_sparsity,user_attrs_weight_sparsity_history,state
74,74,0.8145972614033054,2024-08-31 04:03:33.625418,2024-08-31 04:21:30.900671,0 days 00:17:57.275253,1,0.01063695463668332,6,220,0.005851073873911761,83,0.025589898240666865,0.878,0.87875,33,"[33, 33, 33, 33, 33, 33, 33, 33, 33, 33, 33, 33, 33, 33, 33, 33, 33, 33, 33, 33, 33, 33, 33, 33, 33, 33, 33, 33, 33, 33, 33, 33, 33, 33, 33, 33, 33, 33, 33, 33, 33, 33, 33, 33, 33, 33, 33, 33, 33, 33, 33, 33, 33, 33, 33, 33, 33, 33, 33, 33, 33, 33, 33, 33, 33, 33, 33, 33, 33, 33, 33, 33, 33, 33, 33, 33, 33, 33, 33, 33, 33, 33, 33, 33, 33, 33, 33, 33, 33, 33, 33, 33, 33, 33, 33, 33, 33, 33, 33, 33, 33, 33, 33, 33, 33, 33, 33, 33, 33, 33, 33, 33, 33, 33, 33, 33, 33, 33, 33, 33, 33, 33, 33, 33, 33, 33, 33, 33, 33, 33, 33, 33, 33, 33, 33, 33, 33, 33, 33, 33, 33, 33, 33, 33, 33, 33, 33, 33, 33, 33, 33, 33, 33, 33, 33, 33, 33, 33, 33, 33, 33, 33, 33, 33, 33, 33, 33, 33, 33, 33, 33, 33, 33, 33, 33, 33, 33, 33, 33, 33, 33, 33, 33, 33, 33, 33, 33, 33, 33, 33, 33, 33, 33, 33, 33, 33, 33, 33, 33, 33, 33, 33, 33, 33, 33, 33, 33, 33, 33, 33, 33, 33, 33, 33, 33, 33, 33, 33, 33, 33]",32.90724803977816,"[32.8938611589214, 32.90112832281507, 32.90227576974565, 32.90284949321094, 32.90151080512526, 32.90074584050488, 32.89768598202333, 32.90629183400267, 32.90457066360681, 32.90208452859055, 32.89653853509275, 32.897877223178426, 32.899598393574294, 32.900937081659976, 32.89768598202333, 32.899789634729395, 32.90323197552113, 32.90437942245171, 32.90151080512526, 32.8994071524192, 32.89711225855804, 32.891757506215335, 32.891757506215335, 32.89806846433353, 32.897112258558046, 32.89271371199082, 32.89864218779881, 32.89998087588449, 32.90227576974565, 32.90131956397017, 32.90342321667623, 32.904570663606805, 32.90131956397017, 32.89921591126411, 32.899598393574294, 32.90246701090074, 32.90705679862306, 32.91183782750048, 32.9104991394148, 32.90648307515777, 32.904761904761905, 32.90418818129662, 32.905909351692486, 32.90227576974565, 32.90170204628036, 32.89825970548862, 32.901893287435456, 32.900937081659976, 32.90380569898642, 32.90151080512526, 32.902849493210944, 32.90342321667623, 32.90437942245171, 32.90533562822719, 32.905718110537386, 32.90437942245171, 32.90552686938229, 32.90724803977816, 32.90437942245171, 32.90151080512526, 32.90437942245171, 32.90418818129662, 32.90418818129661, 32.908777969018935, 32.90801300439855, 32.909542933639315, 32.908586727863835, 32.90954293363932, 32.905718110537386, 32.90246701090074, 32.90323197552113, 32.90323197552113, 32.905718110537386, 32.90399694014152, 32.90648307515777, 32.90552686938229, 32.900745840504875, 32.90265825205584, 32.90151080512526, 32.899789634729395, 32.90552686938229, 32.90342321667623, 32.90457066360681, 32.90648307515777, 32.9051443870721, 32.90246701090074, 32.903614457831324, 32.90017211703959, 32.90208452859055, 32.90131956397017, 32.90131956397016, 32.90246701090074, 32.89864218779881, 32.90017211703959, 32.899789634729395, 32.89902467010901, 32.90246701090075, 32.903805698986424, 32.90418818129662, 32.905718110537386, 32.905718110537386, 32.9053356282272, 32.90265825205584, 32.90151080512526, 32.90074584050488, 32.900937081659976, 32.90457066360681, 32.90552686938229, 32.90571811053739, 32.90323197552113, 32.90036335819468, 32.899980875884495, 32.90284949321094, 32.90418818129662, 32.90437942245171, 32.907630522088354, 32.905909351692486, 32.90342321667623, 32.9053356282272, 32.90629183400268, 32.90323197552113, 32.90437942245171, 32.90552686938229, 32.903614457831324, 32.9051443870721, 32.905718110537386, 32.90437942245171, 32.90227576974565, 32.899789634729395, 32.89883342895391, 32.90017211703959, 32.903614457831324, 32.907630522088354, 32.90705679862307, 32.90284949321094, 32.899598393574294, 32.90055459934978, 32.8994071524192, 32.90131956397016, 32.905718110537386, 32.905718110537386, 32.904570663606805, 32.90418818129662, 32.903614457831324, 32.90571811053739, 32.90610059284759, 32.90610059284758, 32.905909351692486, 32.90648307515777, 32.90610059284758, 32.90705679862306, 32.90437942245171, 32.90629183400268, 32.90399694014152, 32.90552686938229, 32.90705679862307, 32.90820424555364, 32.90724803977816, 32.90877796901893, 32.910499139414796, 32.91279403327596, 32.91202906865558, 32.91528016829222, 32.91432396251673, 32.914515203671826, 32.91547140944732, 32.916618856377895, 32.91795754446357, 32.916427615222794, 32.91795754446357, 32.9162363740677, 32.91681009753299, 32.91814878561866, 32.91604513291261, 32.91489768598203, 32.91528016829222, 32.916427615222794, 32.916618856377895, 32.9160451329126, 32.91547140944731, 32.915662650602414, 32.914515203671826, 32.91700133868808, 32.91814878561866, 32.91891375023906, 32.917575062153375, 32.91585389175751, 32.91547140944731, 32.91700133868809, 32.913941480206546, 32.9162363740677, 32.9164276152228, 32.91528016829221, 32.91508892713712, 32.91528016829221, 32.91107286288009, 32.909734174794416, 32.91298527443106, 32.91202906865557, 32.91432396251673, 32.91183782750048, 32.91241155096577, 32.90935169248422, 32.90820424555365, 32.908777969018935, 32.90839548670874, 32.90667431631287, 32.90801300439855, 32.90954293363932, 32.91126410403519, 32.910690380569896, 32.9104991394148, 32.90820424555364, 32.909734174794416, 32.907630522088354, 32.905718110537386, 32.90724803977817, 32.90820424555365, 32.90648307515777, 32.90724803977816]",0.8308853276529694,0.8145972614033054,33,"[33, 33, 33, 33, 33, 33, 33, 33, 33, 33, 33, 33, 33, 33, 33, 33, 33, 33, 33, 33, 33, 33, 33, 33, 33, 33, 33, 33, 33, 33, 33, 33, 33, 33, 33, 33, 33, 33, 33, 33, 33, 33, 33, 33, 33, 33, 33, 33, 33, 33, 33, 33, 33, 33, 33, 33, 33, 33, 33, 33, 33, 33, 33, 33, 33, 33, 33, 33, 33, 33, 33, 33, 33, 33, 33, 33, 33, 33, 33, 33, 33, 33, 33, 33, 33, 33, 33, 33, 33, 33, 33, 33, 33, 33, 33, 33, 33, 33, 33, 33, 33, 33, 33, 33, 33, 33, 33, 33, 33, 33, 33, 33, 33, 33, 33, 33, 33, 33, 33, 33, 33, 33, 33, 33, 33, 33, 33, 33, 33, 33, 33, 33, 33, 33, 33, 33, 33, 33, 33, 33, 33, 33, 33, 33, 33, 33, 33, 33, 33, 33, 33, 33, 33, 33, 33, 33, 33, 33, 33, 33, 33, 33, 33, 33, 33, 33, 33, 33, 33, 33, 33, 33, 33, 33, 33, 33, 33, 33, 33, 33, 33, 33, 33, 33, 33, 33, 33, 33, 33, 33, 33, 33, 33, 33, 33, 33, 33, 33, 33, 33, 33, 33, 33, 33, 33, 33, 33, 33, 33, 33, 33, 33, 33, 33, 33, 33, 33, 33, 33, 33]",220,"[0.4297216832637787, 0.4050847887992859, 0.3994717299938202, 0.3967386484146118, 0.3946938216686249, 0.392844557762146, 0.3911777138710022, 0.3896162509918213, 0.38819026947021484, 0.38684749603271484, 0.3856153190135956, 0.3844496011734009, 0.3833407163619995, 0.38233256340026855, 0.3813616633415222, 0.3804604411125183, 0.37960001826286316, 0.3788206875324249, 0.37804198265075684, 0.37733909487724304, 0.37670502066612244, 0.3760167062282562, 0.3753926157951355, 0.37484750151634216, 0.37429019808769226, 0.37371253967285156, 0.3731811046600342, 0.372672438621521, 0.3721558749675751, 0.3717309832572937, 0.3712727427482605, 0.37077370285987854, 0.37036097049713135, 0.36994674801826477, 0.3695774972438812, 0.3691672086715698, 0.36877191066741943, 0.36838969588279724, 0.36806491017341614, 0.3676728904247284, 0.36728382110595703, 0.36692923307418823, 0.3666008710861206, 0.36628037691116333, 0.3659561276435852, 0.3656448423862457, 0.36534586548805237, 0.36495262384414673, 0.3646531403064728, 0.36434537172317505, 0.3640293478965759, 0.3637133538722992, 0.36341431736946106, 0.3631109893321991, 0.3627486526966095, 0.36247849464416504, 0.3621879816055298, 0.3618992567062378, 0.3616102933883667, 0.3613177239894867, 0.3609727919101715, 0.3606168329715729, 0.3603571057319641, 0.36008086800575256, 0.3597819209098816, 0.3594924807548523, 0.3591591715812683, 0.35891351103782654, 0.3586074709892273, 0.35836660861968994, 0.358023077249527, 0.35772013664245605, 0.35748785734176636, 0.3571672737598419, 0.35687360167503357, 0.35657039284706116, 0.35627055168151855, 0.3559868335723877, 0.35573601722717285, 0.35547858476638794, 0.3551616668701172, 0.3548658788204193, 0.3545873165130615, 0.3543204367160797, 0.3540373146533966, 0.353805810213089, 0.353499174118042, 0.3531985878944397, 0.35296767950057983, 0.35268867015838623, 0.3524020314216614, 0.35210487246513367, 0.3518240451812744, 0.3515584170818329, 0.35126158595085144, 0.3509649932384491, 0.3506908416748047, 0.35040387511253357, 0.3501122295856476, 0.34984973073005676, 0.3496021330356598, 0.3493387699127197, 0.3490033745765686, 0.34868812561035156, 0.34838372468948364, 0.3481178283691406, 0.3479059338569641, 0.3476836383342743, 0.34737318754196167, 0.3470723628997803, 0.34676989912986755, 0.34647488594055176, 0.34623435139656067, 0.34590423107147217, 0.3456394076347351, 0.34537965059280396, 0.34508368372917175, 0.3448229134082794, 0.3445606529712677, 0.3442517817020416, 0.34397631883621216, 0.3436938524246216, 0.34344691038131714, 0.34315404295921326, 0.3429073095321655, 0.3426789939403534, 0.34237661957740784, 0.34210801124572754, 0.3418355882167816, 0.34159088134765625, 0.3412960469722748, 0.3410106897354126, 0.34076038002967834, 0.3404790163040161, 0.340179979801178, 0.339893102645874, 0.3395814597606659, 0.3393004238605499, 0.33901625871658325, 0.33875972032546997, 0.33852046728134155, 0.33825939893722534, 0.3379823565483093, 0.33770039677619934, 0.33738186955451965, 0.3371087312698364, 0.3368321359157562, 0.336553156375885, 0.3362980782985687, 0.33593887090682983, 0.33574244379997253, 0.33547738194465637, 0.335148423910141, 0.3348860442638397, 0.3345986604690552, 0.3343041241168976, 0.33400166034698486, 0.33369410037994385, 0.33343175053596497, 0.3331722021102905, 0.3328671157360077, 0.3325450122356415, 0.3322875499725342, 0.33200743794441223, 0.3317171335220337, 0.3314201831817627, 0.3311060965061188, 0.330780565738678, 0.33050984144210815, 0.33022254705429077, 0.32995569705963135, 0.32962313294410706, 0.32932665944099426, 0.32902953028678894, 0.32870128750801086, 0.32842448353767395, 0.32807713747024536, 0.32777857780456543, 0.32745879888534546, 0.32716381549835205, 0.3268475830554962, 0.3265639841556549, 0.3262089788913727, 0.32589617371559143, 0.3255549371242523, 0.3253120481967926, 0.3249499797821045, 0.32466304302215576, 0.32436248660087585, 0.3240034580230713, 0.32368919253349304, 0.3233468532562256, 0.3229917287826538, 0.322647362947464, 0.3223273754119873, 0.321988970041275, 0.321677029132843, 0.32132160663604736, 0.32093581557273865, 0.3206087350845337, 0.3202793598175049, 0.3199133574962616, 0.3195653259754181, 0.31920117139816284, 0.31883135437965393, 0.31851500272750854, 0.3181779682636261, 0.31777289509773254, 0.31740787625312805, 0.31705471873283386, 0.316659152507782, 0.3162538409233093, 0.31589749455451965, 0.3155615031719208, 0.3151971101760864, 0.31483015418052673, 0.31442075967788696, 0.314056396484375, 0.3136783838272095, 0.31327998638153076]",33.0,"[33.0, 33.0, 33.0, 33.0, 33.0, 33.0, 33.0, 33.0, 33.0, 33.0, 33.0, 33.0, 33.0, 33.0, 33.0, 33.0, 33.0, 33.0, 33.0, 33.0, 33.0, 33.0, 33.0, 33.0, 33.0, 33.0, 33.0, 33.0, 33.0, 33.0, 33.0, 33.0, 33.0, 33.0, 33.0, 33.0, 33.0, 33.0, 33.0, 33.0, 33.0, 33.0, 33.0, 33.0, 33.0, 33.0, 33.0, 33.0, 33.0, 33.0, 33.0, 33.0, 33.0, 33.0, 33.0, 33.0, 33.0, 33.0, 33.0, 33.0, 33.0, 33.0, 33.0, 33.0, 33.0, 33.0, 33.0, 33.0, 33.0, 33.0, 33.0, 33.0, 33.0, 33.0, 33.0, 33.0, 33.0, 33.0, 33.0, 33.0, 33.0, 33.0, 33.0, 33.0, 33.0, 33.0, 33.0, 33.0, 33.0, 33.0, 33.0, 33.0, 33.0, 33.0, 33.0, 33.0, 33.0, 33.0, 33.0, 33.0, 33.0, 33.0, 33.0, 33.0, 33.0, 33.0, 33.0, 33.0, 33.0, 33.0, 33.0, 33.0, 33.0, 33.0, 33.0, 33.0, 33.0, 33.0, 33.0, 33.0, 33.0, 33.0, 33.0, 33.0, 33.0, 33.0, 33.0, 33.0, 33.0, 33.0, 33.0, 33.0, 33.0, 33.0, 33.0, 33.0, 33.0, 33.0, 33.0, 33.0, 33.0, 33.0, 33.0, 33.0, 33.0, 33.0, 33.0, 33.0, 33.0, 33.0, 33.0, 33.0, 33.0, 33.0, 33.0, 33.0, 33.0, 33.0, 33.0, 33.0, 33.0, 33.0, 33.0, 33.0, 33.0, 33.0, 33.0, 33.0, 33.0, 33.0, 33.0, 33.0, 33.0, 33.0, 33.0, 33.0, 33.0, 33.0, 33.0, 33.0, 33.0, 33.0, 33.0, 33.0, 33.0, 33.0, 33.0, 33.0, 33.0, 33.0, 33.0, 33.0, 33.0, 33.0, 33.0, 33.0, 33.0, 33.0, 33.0, 33.0, 33.0, 33.0, 33.0, 33.0, 33.0, 33.0, 33.0, 33.0, 33.0, 33.0, 33.0, 33.0, 33.0, 33.0, 33.0, 33.0, 33.0, 33.0, 33.0, 33.0]",COMPLETE
