,number,value,datetime_start,datetime_complete,duration,params_batch_size_scaler,params_constant_learning_rate,params_depth,params_epochs,params_kernel_l2,params_num_trees,params_temperature,user_attrs_accuracy_test,user_attrs_accuracy_valid,user_attrs_approximate_feature_sparsity,user_attrs_approximate_feature_sparsity_history,user_attrs_approximate_weight_sparsity,user_attrs_approximate_weight_sparsity_history,user_attrs_auc_test,user_attrs_auc_valid,user_attrs_feature_sparsity,user_attrs_feature_sparsity_history,user_attrs_num_epochs,user_attrs_val_loss_history,user_attrs_weight_sparsity,user_attrs_weight_sparsity_history,state
93,93,0.6088418286509255,2024-08-31 05:07:47.425023,2024-08-31 05:08:35.396759,0 days 00:00:47.971736,4,0.323987705040685,1,340,0.03160800703232138,97,0.021443451396762216,0.859,0.85875,1,"[30, 2, 2, 1, 1, 1, 1, 1, 1, 1, 1, 1, 1, 1, 1, 1, 1, 1, 1, 1, 1, 1, 1, 1, 1, 1, 1, 1, 1, 1, 1, 1, 1, 1, 1, 1, 1, 1, 1, 1, 1, 1, 1, 1, 1, 1, 1, 1, 1, 1, 1, 1, 1, 1, 1, 1, 1, 1, 1, 1, 1, 1, 1, 1, 1, 1, 1, 1, 1, 1, 1, 1, 1, 1, 1, 1, 1, 1, 1, 1, 1, 1, 1, 1, 1, 1, 1, 1, 1, 1, 1, 1, 1, 1, 1, 1, 1, 1, 1, 1, 1, 1, 1, 1, 1, 1, 1, 1, 1, 1, 1, 1, 1, 1, 1, 1, 1, 1, 1, 1, 1, 1, 1, 1, 1, 1, 1, 1, 1, 1, 1, 1, 1, 1, 1, 1, 1, 1, 1, 1, 1, 1, 1, 1, 1, 1, 1, 1, 1, 1, 1, 1, 1, 1, 1, 1, 1, 1, 1, 1, 1, 1, 1, 1, 1, 1, 1, 1, 1, 1, 1, 1, 1, 1, 1, 1, 1, 1, 1, 1, 1, 1, 1, 1, 1, 1, 1, 1, 1, 1, 1, 1, 1, 1, 1, 1, 1, 1, 1, 1, 1, 1, 1, 1, 1, 1, 1, 1, 1, 1, 1, 1, 1, 1, 1, 1, 1, 1, 1, 1, 1, 1, 1, 1, 1, 1, 1, 1, 1, 1, 1, 1, 1, 1, 1, 1, 1, 1, 1, 1, 1, 1, 1, 1, 1, 1, 1, 1, 1, 1, 1, 1, 1, 1, 1, 1, 1, 1, 1, 1, 1, 1, 1, 1, 1, 1, 1, 1, 1, 1, 1, 1, 1, 1, 1, 1, 1, 1, 1, 1, 1, 1, 1, 1, 1, 1, 1, 1, 1, 1, 1, 1, 1, 1, 1, 1, 1, 1, 1, 1, 1, 1, 1, 1, 1, 1, 1, 1, 1, 1, 1, 1, 1, 1, 1, 1, 1, 1, 1, 1, 1, 1, 1, 1, 1, 1, 1, 1, 1, 1, 1, 1, 1, 1, 1, 1, 1, 1, 1, 1]",1.0,"[29.95876288659794, 2.0, 2.0, 1.0, 0.9896907216494846, 1.0, 1.0, 1.0, 1.0, 1.0, 1.0, 1.0, 1.0, 1.0, 1.0, 1.0, 1.0, 1.0, 1.0, 0.9896907216494846, 0.9896907216494846, 1.0, 1.0, 1.0, 1.0, 1.0, 1.0, 1.0, 1.0, 1.0, 1.0, 1.0, 1.0, 1.0, 1.0, 1.0, 0.9896907216494846, 1.0, 0.9896907216494846, 1.0, 1.0, 1.0, 1.0, 1.0, 1.0, 1.0, 1.0, 1.0, 1.0, 1.0, 1.0, 1.0, 0.9896907216494846, 1.0, 1.0, 1.0, 1.0, 1.0, 1.0, 1.0, 1.0, 1.0, 1.0, 1.0, 1.0, 1.0, 1.0, 0.9896907216494846, 0.9896907216494846, 1.0, 1.0, 1.0, 1.0, 0.9896907216494846, 0.9896907216494846, 0.9896907216494846, 0.9896907216494846, 0.9896907216494846, 0.9896907216494846, 0.9896907216494846, 0.9896907216494846, 0.9896907216494846, 0.9896907216494846, 0.9896907216494846, 0.9896907216494846, 0.9896907216494846, 0.9896907216494846, 0.9896907216494846, 0.9896907216494846, 0.9896907216494846, 1.0, 1.0, 1.0, 1.0, 1.0, 1.0, 1.0, 1.0, 1.0, 1.0, 1.0, 1.0, 1.0, 1.0, 1.0, 1.0, 1.0, 1.0, 1.0, 1.0, 1.0, 1.0, 1.0, 1.0, 1.0, 1.0, 1.0, 1.0, 1.0, 1.0, 1.0, 1.0, 1.0, 1.0, 1.0, 1.0, 1.0, 1.0, 1.0, 1.0, 1.0, 1.0, 1.0, 1.0, 1.0, 1.0, 1.0, 1.0, 1.0, 1.0, 1.0, 1.0, 1.0, 1.0, 1.0, 1.0, 1.0, 1.0, 1.0, 1.0, 1.0, 1.0, 1.0, 1.0, 1.0, 1.0, 1.0, 1.0, 1.0, 1.0, 1.0, 1.0, 1.0, 1.0, 1.0, 1.0, 1.0, 1.0, 1.0, 1.0, 1.0, 1.0, 1.0, 1.0, 1.0, 1.0, 1.0, 1.0, 1.0, 1.0, 1.0, 1.0, 1.0, 1.0, 1.0, 1.0, 1.0, 1.0, 1.0, 1.0, 1.0, 1.0, 1.0, 1.0, 1.0, 1.0, 1.0, 1.0, 1.0, 1.0, 1.0, 1.0, 1.0, 1.0, 1.0, 1.0, 1.0, 1.0, 1.0, 1.0, 1.0, 1.0, 1.0, 1.0, 1.0, 1.0, 1.0, 1.0, 1.0, 1.0, 1.0, 1.0, 1.0, 1.0, 1.0, 1.0, 1.0, 1.0, 1.0, 1.0, 1.0, 1.0, 1.0, 1.0, 1.0, 1.0, 1.0, 1.0, 1.0, 1.0, 1.0, 1.0, 1.0, 1.0, 1.0, 1.0, 1.0, 1.0, 1.0, 1.0, 1.0, 1.0, 1.0, 1.0, 1.0, 1.0, 1.0, 1.0, 1.0, 1.0, 1.0, 1.0, 1.0, 1.0, 1.0, 1.0, 1.0, 1.0, 1.0, 1.0, 1.0, 1.0, 1.0, 1.0, 1.0, 1.0, 1.0, 1.0, 1.0, 1.0, 1.0, 1.0, 1.0, 1.0, 1.0, 1.0, 1.0, 1.0, 1.0, 1.0, 1.0, 1.0, 1.0, 1.0, 1.0, 1.0, 1.0, 1.0, 1.0, 1.0, 1.0, 1.0, 1.0, 1.0, 1.0, 1.0, 1.0, 1.0, 1.0, 1.0, 1.0, 1.0, 1.0, 1.0, 1.0, 1.0, 1.0, 1.0, 1.0, 1.0, 1.0, 1.0, 1.0, 1.0, 1.0, 1.0, 1.0, 1.0, 1.0, 1.0, 1.0, 1.0, 1.0, 1.0, 1.0, 1.0, 1.0, 1.0, 1.0, 1.0]",0.6144865793145584,0.6088418286509255,1,"[30, 2, 2, 1, 1, 1, 1, 1, 1, 1, 1, 1, 1, 1, 1, 1, 1, 1, 1, 1, 1, 1, 1, 1, 1, 1, 1, 1, 1, 1, 1, 1, 1, 1, 1, 1, 1, 1, 1, 1, 1, 1, 1, 1, 1, 1, 1, 1, 1, 1, 1, 1, 1, 1, 1, 1, 1, 1, 1, 1, 1, 1, 1, 1, 1, 1, 1, 1, 1, 1, 1, 1, 1, 1, 1, 1, 1, 1, 1, 1, 1, 1, 1, 1, 1, 1, 1, 1, 1, 1, 1, 1, 1, 1, 1, 1, 1, 1, 1, 1, 1, 1, 1, 1, 1, 1, 1, 1, 1, 1, 1, 1, 1, 1, 1, 1, 1, 1, 1, 1, 1, 1, 1, 1, 1, 1, 1, 1, 1, 1, 1, 1, 1, 1, 1, 1, 1, 1, 1, 1, 1, 1, 1, 1, 1, 1, 1, 1, 1, 1, 1, 1, 1, 1, 1, 1, 1, 1, 1, 1, 1, 1, 1, 1, 1, 1, 1, 1, 1, 1, 1, 1, 1, 1, 1, 1, 1, 1, 1, 1, 1, 1, 1, 1, 1, 1, 1, 1, 1, 1, 1, 1, 1, 1, 1, 1, 1, 1, 1, 1, 1, 1, 1, 1, 1, 1, 1, 1, 1, 1, 1, 1, 1, 1, 1, 1, 1, 1, 1, 1, 1, 1, 1, 1, 1, 1, 1, 1, 1, 1, 1, 1, 1, 1, 1, 1, 1, 1, 1, 1, 1, 1, 1, 1, 1, 1, 1, 1, 1, 1, 1, 1, 1, 1, 1, 1, 1, 1, 1, 1, 1, 1, 1, 1, 1, 1, 1, 1, 1, 1, 1, 1, 1, 1, 1, 1, 1, 1, 1, 1, 1, 1, 1, 1, 1, 1, 1, 1, 1, 1, 1, 1, 1, 1, 1, 1, 1, 1, 1, 1, 1, 1, 1, 1, 1, 1, 1, 1, 1, 1, 1, 1, 1, 1, 1, 1, 1, 1, 1, 1, 1, 1, 1, 1, 1, 1, 1, 1, 1, 1, 1, 1, 1, 1, 1, 1, 1, 1, 1, 1]",340,"[0.48030200600624084, 1.2763450145721436, 0.4307219386100769, 0.8321351408958435, 0.5794460773468018, 1.0422950983047485, 1.385934591293335, 0.4002262055873871, 0.39720600843429565, 0.43921688199043274, 0.5334173440933228, 1.494542121887207, 1.0826226472854614, 1.0385314226150513, 0.6636235117912292, 0.5661312341690063, 0.4367803633213043, 1.002394199371338, 0.40727847814559937, 1.0880199670791626, 0.5612593293190002, 0.3969874978065491, 0.8962414264678955, 0.4201233386993408, 0.9143186211585999, 0.4291080832481384, 1.3759347200393677, 0.5046303868293762, 1.879947304725647, 0.45875293016433716, 0.43370017409324646, 0.3944845497608185, 1.4801124334335327, 0.47808101773262024, 0.9212689399719238, 0.5465843677520752, 0.49822261929512024, 2.5794405937194824, 1.4256685972213745, 0.9842616319656372, 0.8806915879249573, 0.5345109701156616, 1.5646864175796509, 0.558510959148407, 0.41824138164520264, 0.5558038949966431, 0.9036191701889038, 2.3865041732788086, 1.97747004032135, 0.4985881745815277, 0.40882110595703125, 1.6443012952804565, 0.7746646404266357, 0.6557726860046387, 0.5861737132072449, 0.42779341340065, 2.045614719390869, 0.4490385949611664, 0.43411019444465637, 0.40066951513290405, 1.7899383306503296, 0.6093366146087646, 1.6701046228408813, 0.5284392833709717, 0.5224220156669617, 0.5215145945549011, 1.314259648323059, 1.7980167865753174, 0.43186914920806885, 0.5425865054130554, 1.5417746305465698, 0.4773555397987366, 0.5573430061340332, 0.49337416887283325, 1.613868236541748, 0.7054157853126526, 0.49550068378448486, 0.45291316509246826, 1.679725170135498, 2.694542646408081, 0.5258120894432068, 2.1497790813446045, 0.46252962946891785, 0.752849280834198, 1.3150171041488647, 0.5078038573265076, 0.569198489189148, 0.39720332622528076, 0.9962189197540283, 0.3971633017063141, 1.031493067741394, 0.7696864604949951, 1.1423128843307495, 2.407017469406128, 0.44934651255607605, 0.6635056138038635, 0.9440667629241943, 1.7993087768554688, 0.5860055685043335, 1.2705172300338745, 0.4032803773880005, 2.774285078048706, 0.4497096538543701, 0.5614770650863647, 0.40563637018203735, 0.4172147512435913, 1.0473922491073608, 0.4672890603542328, 1.1167218685150146, 1.4212154150009155, 0.9161861538887024, 0.43836700916290283, 0.7584781646728516, 1.3465481996536255, 3.098039150238037, 2.516291618347168, 0.8779466152191162, 0.40968087315559387, 0.4015136957168579, 0.41582009196281433, 1.357749581336975, 0.49900269508361816, 0.4571171700954437, 0.7280906438827515, 1.5138413906097412, 0.4061809778213501, 0.5001428723335266, 0.5489696264266968, 0.42201438546180725, 0.6336565613746643, 1.3713210821151733, 0.8070357441902161, 0.4020479619503021, 2.3199996948242188, 1.3974565267562866, 0.49996522068977356, 1.7334182262420654, 0.4035373628139496, 0.5426358580589294, 0.5132569670677185, 1.0300463438034058, 0.4476344585418701, 0.5939896106719971, 0.5359048843383789, 0.39354267716407776, 1.6998107433319092, 0.785449743270874, 0.993004322052002, 0.4060894250869751, 0.3956674337387085, 1.1471880674362183, 1.411916971206665, 1.5864559412002563, 0.5918357372283936, 0.45812278985977173, 0.4103040397167206, 0.4945663809776306, 1.1112170219421387, 0.4014003872871399, 0.4429894685745239, 0.4293104112148285, 0.8678634762763977, 0.5024304389953613, 2.864297389984131, 1.34798264503479, 0.5903987288475037, 1.1241117715835571, 1.3267384767532349, 0.7032871246337891, 0.5314380526542664, 0.7010876536369324, 0.6959181427955627, 0.49952366948127747, 1.1728193759918213, 0.43145856261253357, 0.45619431138038635, 1.0785343647003174, 2.1051011085510254, 0.9029971957206726, 0.4134713411331177, 0.439009428024292, 0.7993378639221191, 1.0350421667099, 2.1489107608795166, 0.4163207709789276, 1.4581506252288818, 1.4706059694290161, 0.3987778127193451, 2.0464119911193848, 0.41315436363220215, 0.9147695899009705, 2.39347767829895, 1.43024480342865, 0.4568762481212616, 2.4959609508514404, 0.40233588218688965, 0.8844819068908691, 0.40347588062286377, 0.49212417006492615, 1.6515469551086426, 0.4607864022254944, 0.8544448614120483, 2.276740312576294, 0.40145981311798096, 0.8062851428985596, 0.4063824415206909, 0.7027013301849365, 0.9387798309326172, 0.4566056430339813, 1.945057988166809, 1.7813410758972168, 1.3879283666610718, 0.41215214133262634, 0.40083104372024536, 0.422574907541275, 0.8749390244483948, 0.8878682851791382, 1.1894274950027466, 0.7209082841873169, 1.0323246717453003, 0.9459530711174011, 0.8619425892829895, 0.7663133144378662, 0.6041619777679443, 1.3291656970977783, 0.4338518977165222, 0.8896201848983765, 0.4716675877571106, 1.8420631885528564, 0.4549424350261688, 0.5120245814323425, 1.7752671241760254, 0.4898015856742859, 2.386615753173828, 0.5177906155586243, 0.5966979265213013, 0.774478018283844, 1.2468128204345703, 0.7733838558197021, 1.2954046726226807, 3.0849180221557617, 1.2017395496368408, 0.8498745560646057, 0.4322627782821655, 0.4920934736728668, 0.904628574848175, 0.6474350094795227, 1.6006659269332886, 1.3643314838409424, 0.46728816628456116, 0.4017307758331299, 0.8912157416343689, 0.8341792225837708, 0.5725985169410706, 0.522259533405304, 1.8471620082855225, 0.5768442153930664, 0.7119529843330383, 1.8541102409362793, 0.8935584425926208, 0.7729906439781189, 1.3454577922821045, 0.411645770072937, 0.6763404607772827, 1.205897569656372, 0.5880840420722961, 0.6743678450584412, 0.45971593260765076, 0.5395087599754333, 1.1519465446472168, 0.5250658988952637, 1.8171157836914062, 1.2940165996551514, 0.40614569187164307, 0.4057789742946625, 0.4191521108150482, 1.6123429536819458, 0.8885614275932312, 0.5358070731163025, 0.9944230914115906, 2.1641945838928223, 0.434673011302948, 2.4659793376922607, 0.46388107538223267, 1.272693157196045, 1.6722099781036377, 1.3592970371246338, 0.3995029330253601, 0.6720288991928101, 0.4898635149002075, 0.6959863901138306, 0.5586411952972412, 0.5378068685531616, 0.41182029247283936, 0.5353103280067444, 0.9016408324241638, 0.6384657025337219, 0.8369969129562378, 0.5317151546478271, 0.4122234284877777, 0.3945094048976898, 0.45196932554244995, 0.4981214106082916, 0.7867823839187622, 0.4043118953704834, 0.46457144618034363, 1.9905238151550293, 0.416448712348938, 0.9222661852836609, 0.3977482318878174, 0.5947530269622803, 0.40745827555656433, 0.8520550727844238, 1.9077016115188599, 0.46579867601394653, 0.9424337148666382, 0.9470757842063904, 0.4269702434539795, 0.4169314205646515, 0.5092264413833618, 2.6860721111297607, 1.3765963315963745, 0.4899982213973999, 0.6549298167228699, 1.6963943243026733, 1.069006085395813, 0.3975391387939453, 0.7999439835548401, 0.3971318006515503, 0.40750399231910706, 1.8731716871261597, 1.3402005434036255, 0.45980462431907654, 1.1218457221984863, 0.5998163819313049, 2.4500887393951416, 0.6706884503364563, 0.5785272121429443, 0.5966618061065674, 2.9778716564178467]",1.0,"[30.0, 2.0, 2.0, 1.0, 1.0, 1.0, 1.0, 1.0, 1.0, 1.0, 1.0, 1.0, 1.0, 1.0, 1.0, 1.0, 1.0, 1.0, 1.0, 1.0, 1.0, 1.0, 1.0, 1.0, 1.0, 1.0, 1.0, 1.0, 1.0, 1.0, 1.0, 1.0, 1.0, 1.0, 1.0, 1.0, 1.0, 1.0, 1.0, 1.0, 1.0, 1.0, 1.0, 1.0, 1.0, 1.0, 1.0, 1.0, 1.0, 1.0, 1.0, 1.0, 1.0, 1.0, 1.0, 1.0, 1.0, 1.0, 1.0, 1.0, 1.0, 1.0, 1.0, 1.0, 1.0, 1.0, 1.0, 1.0, 1.0, 1.0, 1.0, 1.0, 1.0, 1.0, 1.0, 1.0, 1.0, 1.0, 1.0, 1.0, 1.0, 1.0, 1.0, 1.0, 1.0, 1.0, 1.0, 1.0, 1.0, 1.0, 1.0, 1.0, 1.0, 1.0, 1.0, 1.0, 1.0, 1.0, 1.0, 1.0, 1.0, 1.0, 1.0, 1.0, 1.0, 1.0, 1.0, 1.0, 1.0, 1.0, 1.0, 1.0, 1.0, 1.0, 1.0, 1.0, 1.0, 1.0, 1.0, 1.0, 1.0, 1.0, 1.0, 1.0, 1.0, 1.0, 1.0, 1.0, 1.0, 1.0, 1.0, 1.0, 1.0, 1.0, 1.0, 1.0, 1.0, 1.0, 1.0, 1.0, 1.0, 1.0, 1.0, 1.0, 1.0, 1.0, 1.0, 1.0, 1.0, 1.0, 1.0, 1.0, 1.0, 1.0, 1.0, 1.0, 1.0, 1.0, 1.0, 1.0, 1.0, 1.0, 1.0, 1.0, 1.0, 1.0, 1.0, 1.0, 1.0, 1.0, 1.0, 1.0, 1.0, 1.0, 1.0, 1.0, 1.0, 1.0, 1.0, 1.0, 1.0, 1.0, 1.0, 1.0, 1.0, 1.0, 1.0, 1.0, 1.0, 1.0, 1.0, 1.0, 1.0, 1.0, 1.0, 1.0, 1.0, 1.0, 1.0, 1.0, 1.0, 1.0, 1.0, 1.0, 1.0, 1.0, 1.0, 1.0, 1.0, 1.0, 1.0, 1.0, 1.0, 1.0, 1.0, 1.0, 1.0, 1.0, 1.0, 1.0, 1.0, 1.0, 1.0, 1.0, 1.0, 1.0, 1.0, 1.0, 1.0, 1.0, 1.0, 1.0, 1.0, 1.0, 1.0, 1.0, 1.0, 1.0, 1.0, 1.0, 1.0, 1.0, 1.0, 1.0, 1.0, 1.0, 1.0, 1.0, 1.0, 1.0, 1.0, 1.0, 1.0, 1.0, 1.0, 1.0, 1.0, 1.0, 1.0, 1.0, 1.0, 1.0, 1.0, 1.0, 1.0, 1.0, 1.0, 1.0, 1.0, 1.0, 1.0, 1.0, 1.0, 1.0, 1.0, 1.0, 1.0, 1.0, 1.0, 1.0, 1.0, 1.0, 1.0, 1.0, 1.0, 1.0, 1.0, 1.0, 1.0, 1.0, 1.0, 1.0, 1.0, 1.0, 1.0, 1.0, 1.0, 1.0, 1.0, 1.0, 1.0, 1.0, 1.0, 1.0, 1.0, 1.0, 1.0, 1.0, 1.0, 1.0, 1.0, 1.0, 1.0, 1.0, 1.0, 1.0, 1.0, 1.0, 1.0, 1.0, 1.0, 1.0, 1.0, 1.0, 1.0, 1.0, 1.0, 1.0, 1.0, 1.0, 1.0, 1.0, 1.0, 1.0, 1.0, 1.0, 1.0, 1.0, 1.0, 1.0]",COMPLETE
94,94,0.6980072393760226,2024-08-31 05:08:37.900524,2024-08-31 05:08:47.266823,0 days 00:00:09.366299,64,0.037586095831914766,2,110,0.001122397697827376,77,0.0015702802909587055,0.864,0.86375,33,"[33, 33, 33, 33, 33, 33, 33, 33, 33, 33, 33, 33, 33, 33, 33, 33, 33, 33, 33, 33, 33, 33, 33, 33, 33, 33, 33, 33, 33, 33, 33, 33, 33, 33, 33, 33, 33, 33, 33, 33, 33, 33, 33, 33, 33, 33, 33, 33, 33, 33, 33, 33, 33, 33, 33, 33, 33, 33, 33, 33, 33, 33, 33, 33, 33, 33, 33, 33, 33, 33, 33, 33, 33, 33, 33, 33, 33, 33, 33, 33, 33, 33, 33, 33, 33, 33, 33, 33, 33, 33, 33, 33, 33, 33, 33, 33, 33, 33, 33, 33, 33, 33, 33, 33, 33, 33, 33, 33, 33, 33]",32.969696969696976,"[32.98268398268398, 32.98268398268398, 32.98268398268398, 32.97402597402598, 32.97835497835498, 32.97835497835498, 32.96969696969697, 32.97402597402598, 32.97835497835498, 32.96969696969697, 32.98701298701299, 32.97835497835498, 32.97835497835498, 32.97835497835498, 32.98701298701299, 32.97402597402598, 32.97402597402598, 32.97402597402598, 32.97835497835498, 32.97402597402598, 32.97402597402598, 32.97835497835498, 32.97402597402598, 32.98268398268398, 32.97402597402598, 32.98268398268398, 32.98268398268398, 32.97835497835498, 32.98268398268398, 32.97402597402598, 32.97402597402598, 32.97402597402598, 32.97835497835498, 32.97835497835498, 32.97402597402598, 32.96536796536797, 32.96536796536797, 32.961038961038966, 32.97402597402598, 32.97402597402598, 32.96536796536797, 32.97402597402598, 32.95670995670996, 32.94805194805195, 32.95670995670996, 32.961038961038966, 32.95670995670996, 32.95670995670996, 32.948051948051955, 32.96103896103896, 32.961038961038966, 32.96969696969697, 32.96536796536797, 32.97402597402598, 32.97835497835498, 32.97835497835498, 32.96969696969697, 32.96969696969697, 32.95670995670996, 32.96969696969697, 32.97835497835498, 32.97835497835498, 32.97402597402598, 32.99134199134199, 32.98701298701299, 32.97835497835498, 32.98268398268399, 32.98268398268399, 32.98268398268399, 32.98701298701299, 32.98701298701299, 32.98268398268399, 32.98701298701299, 32.97402597402598, 32.97835497835498, 32.98268398268399, 32.97835497835498, 32.98268398268398, 32.98268398268398, 32.98268398268398, 32.97402597402598, 32.97402597402598, 32.98701298701299, 32.98701298701299, 32.98268398268398, 32.97835497835498, 32.98268398268398, 32.98701298701299, 32.98701298701299, 32.98701298701299, 32.98701298701299, 32.98268398268398, 32.98268398268398, 32.97835497835498, 32.97835497835498, 32.97402597402598, 32.98268398268398, 32.98268398268398, 32.98268398268398, 32.96969696969697, 32.96536796536797, 32.96969696969697, 32.97402597402598, 32.97402597402598, 32.961038961038966, 32.96536796536797, 32.96536796536797, 32.97402597402598, 32.96536796536797, 32.969696969696976]",0.7362758939555314,0.6980072393760226,33,"[33, 33, 33, 33, 33, 33, 33, 33, 33, 33, 33, 33, 33, 33, 33, 33, 33, 33, 33, 33, 33, 33, 33, 33, 33, 33, 33, 33, 33, 33, 33, 33, 33, 33, 33, 33, 33, 33, 33, 33, 33, 33, 33, 33, 33, 33, 33, 33, 33, 33, 33, 33, 33, 33, 33, 33, 33, 33, 33, 33, 33, 33, 33, 33, 33, 33, 33, 33, 33, 33, 33, 33, 33, 33, 33, 33, 33, 33, 33, 33, 33, 33, 33, 33, 33, 33, 33, 33, 33, 33, 33, 33, 33, 33, 33, 33, 33, 33, 33, 33, 33, 33, 33, 33, 33, 33, 33, 33, 33, 33]",110,"[0.4316044747829437, 0.40911704301834106, 0.40471333265304565, 0.40331095457077026, 0.40204107761383057, 0.4009993374347687, 0.40002918243408203, 0.3990146219730377, 0.39802631735801697, 0.3976345956325531, 0.39653006196022034, 0.39633357524871826, 0.3955373466014862, 0.39406880736351013, 0.39332905411720276, 0.3926571309566498, 0.39196544885635376, 0.39119893312454224, 0.3904842734336853, 0.3900599777698517, 0.38953545689582825, 0.38888368010520935, 0.3884315490722656, 0.3878001272678375, 0.38731810450553894, 0.38698655366897583, 0.3872072100639343, 0.3860599100589752, 0.3854740262031555, 0.3850020468235016, 0.38474351167678833, 0.38410088419914246, 0.38370072841644287, 0.383262038230896, 0.38299164175987244, 0.3825298249721527, 0.38212379813194275, 0.38187867403030396, 0.3814812898635864, 0.3811401128768921, 0.3808612525463104, 0.38054344058036804, 0.3803059458732605, 0.37994810938835144, 0.38019466400146484, 0.3805514872074127, 0.3793480694293976, 0.37878021597862244, 0.3784579038619995, 0.37826237082481384, 0.3779410421848297, 0.37776869535446167, 0.37744084000587463, 0.3772885799407959, 0.37693583965301514, 0.3767188787460327, 0.376459002494812, 0.3761392831802368, 0.37582969665527344, 0.3756278157234192, 0.3758498728275299, 0.3752930760383606, 0.37490928173065186, 0.3746904134750366, 0.3745097815990448, 0.374386191368103, 0.3740086853504181, 0.37390202283859253, 0.37349945306777954, 0.3732297420501709, 0.3731999099254608, 0.3731077313423157, 0.37288886308670044, 0.37281617522239685, 0.3722469210624695, 0.37193623185157776, 0.3716830015182495, 0.37150290608406067, 0.3713281750679016, 0.3712482154369354, 0.372239887714386, 0.3711308538913727, 0.37092703580856323, 0.37083399295806885, 0.37053409218788147, 0.37043437361717224, 0.3706863820552826, 0.37005746364593506, 0.369783490896225, 0.3696781098842621, 0.3695729374885559, 0.3695133924484253, 0.3693411350250244, 0.36935123801231384, 0.36937209963798523, 0.36881136894226074, 0.3687504827976227, 0.3687267005443573, 0.3683682382106781, 0.3681911528110504, 0.3681771159172058, 0.3679746389389038, 0.3677302598953247, 0.3675847351551056, 0.3675840497016907, 0.3673693537712097, 0.3681783676147461, 0.36767634749412537, 0.36712950468063354, 0.36683163046836853]",33.0,"[33.0, 33.0, 33.0, 33.0, 33.0, 33.0, 33.0, 33.0, 33.0, 33.0, 33.0, 33.0, 33.0, 33.0, 33.0, 33.0, 33.0, 33.0, 33.0, 33.0, 33.0, 33.0, 33.0, 33.0, 33.0, 33.0, 33.0, 33.0, 33.0, 33.0, 33.0, 33.0, 33.0, 33.0, 33.0, 33.0, 33.0, 33.0, 33.0, 33.0, 33.0, 33.0, 33.0, 33.0, 33.0, 33.0, 33.0, 33.0, 33.0, 33.0, 33.0, 33.0, 33.0, 33.0, 33.0, 33.0, 33.0, 33.0, 33.0, 33.0, 33.0, 33.0, 33.0, 33.0, 33.0, 33.0, 33.0, 33.0, 33.0, 33.0, 33.0, 33.0, 33.0, 33.0, 33.0, 33.0, 33.0, 33.0, 33.0, 33.0, 33.0, 33.0, 33.0, 33.0, 33.0, 33.0, 33.0, 33.0, 33.0, 33.0, 33.0, 33.0, 33.0, 33.0, 33.0, 33.0, 33.0, 33.0, 33.0, 33.0, 33.0, 33.0, 33.0, 33.0, 33.0, 33.0, 33.0, 33.0, 33.0, 33.0]",COMPLETE
