,number,value,datetime_start,datetime_complete,duration,params_batch_size_scaler,params_constant_learning_rate,params_depth,params_epochs,params_kernel_l2,params_num_trees,params_temperature,user_attrs_accuracy_test,user_attrs_accuracy_valid,user_attrs_approximate_feature_sparsity,user_attrs_approximate_feature_sparsity_history,user_attrs_approximate_weight_sparsity,user_attrs_approximate_weight_sparsity_history,user_attrs_auc_test,user_attrs_auc_valid,user_attrs_feature_sparsity,user_attrs_feature_sparsity_history,user_attrs_num_epochs,user_attrs_val_loss_history,user_attrs_weight_sparsity,user_attrs_weight_sparsity_history,state
35,35,0.5,2024-08-31 01:50:49.252202,2024-08-31 01:57:10.783755,0 days 00:06:21.531553,1,0.7886965703344528,5,225,0.2229709295266902,35,0.0936300706031884,0.859,0.85875,0,"[0, 0, 0, 0, 0, 0, 0, 0, 0, 0, 0, 0, 0, 0, 0, 0, 0, 0, 0, 0, 0, 0, 0, 0, 0, 0, 0, 0, 0, 0, 0, 0, 0, 0, 0, 0, 0, 0, 0, 0, 0, 0, 0, 0, 0, 0, 0, 0, 0, 0, 0, 0, 0, 0, 0, 0, 0, 0, 0, 0, 0, 0, 0, 0, 0, 0, 0, 0, 0, 0, 0, 0, 0, 0, 0, 0, 0, 0, 0, 0, 0, 0, 0, 0, 0, 0, 0, 0, 0, 0, 0, 0, 0, 0, 0, 0, 0, 0, 0, 0, 0, 0, 0, 0, 0, 0, 0, 0, 0, 0, 0, 0, 0, 0, 0, 0, 0, 0, 0, 0, 0, 0, 0, 0, 0, 0, 0, 0, 0, 0, 0, 0, 0, 0, 0, 0, 0, 0, 0, 0, 0, 0, 0, 0, 0, 0, 0, 0, 0, 0, 0, 0, 0, 0, 0, 0, 0, 0, 0, 0, 0, 0, 0, 0, 0, 0, 0, 0, 0, 0, 0, 0, 0, 0, 0, 0, 0, 0, 0, 0, 0, 0, 0, 0, 0, 0, 0, 0, 0, 0, 0, 0, 0, 0, 0, 0, 0, 0, 0, 0, 0, 0, 0, 0, 0, 0, 0, 0, 0, 0, 0, 0, 0, 0, 0, 0, 0, 0, 0, 0, 0, 0, 0, 0, 0]",0.0,"[0.0, 0.0, 0.0, 0.0, 0.0, 0.0, 0.0, 0.0, 0.0, 0.0, 0.0, 0.0, 0.0, 0.0, 0.0, 0.0, 0.0, 0.0, 0.0, 0.0, 0.0, 0.0, 0.0, 0.0, 0.0, 0.0, 0.0, 0.0, 0.0, 0.0, 0.0, 0.0, 0.0, 0.0, 0.0, 0.0, 0.0, 0.0, 0.0, 0.0, 0.0, 0.0, 0.0, 0.0, 0.0, 0.0, 0.0, 0.0, 0.0, 0.0, 0.0, 0.0, 0.0, 0.0, 0.0, 0.0, 0.0, 0.0, 0.0, 0.0, 0.0, 0.0, 0.0, 0.0, 0.0, 0.0, 0.0, 0.0, 0.0, 0.0, 0.0, 0.0, 0.0, 0.0, 0.0, 0.0, 0.0, 0.0, 0.0, 0.0, 0.0, 0.0, 0.0, 0.0, 0.0, 0.0, 0.0, 0.0, 0.0, 0.0, 0.0, 0.0, 0.0, 0.0, 0.0, 0.0, 0.0, 0.0, 0.0, 0.0, 0.0, 0.0, 0.0, 0.0, 0.0, 0.0, 0.0, 0.0, 0.0, 0.0, 0.0, 0.0, 0.0, 0.0, 0.0, 0.0, 0.0, 0.0, 0.0, 0.0, 0.0, 0.0, 0.0, 0.0, 0.0, 0.0, 0.0, 0.0, 0.0, 0.0, 0.0, 0.0, 0.0, 0.0, 0.0, 0.0, 0.0, 0.0, 0.0, 0.0, 0.0, 0.0, 0.0, 0.0, 0.0, 0.0, 0.0, 0.0, 0.0, 0.0, 0.0, 0.0, 0.0, 0.0, 0.0, 0.0, 0.0, 0.0, 0.0, 0.0, 0.0, 0.0, 0.0, 0.0, 0.0, 0.0, 0.0, 0.0, 0.0, 0.0, 0.0, 0.0, 0.0, 0.0, 0.0, 0.0, 0.0, 0.0, 0.0, 0.0, 0.0, 0.0, 0.0, 0.0, 0.0, 0.0, 0.0, 0.0, 0.0, 0.0, 0.0, 0.0, 0.0, 0.0, 0.0, 0.0, 0.0, 0.0, 0.0, 0.0, 0.0, 0.0, 0.0, 0.0, 0.0, 0.0, 0.0, 0.0, 0.0, 0.0, 0.0, 0.0, 0.0, 0.0, 0.0, 0.0, 0.0, 0.0, 0.0, 0.0, 0.0, 0.0, 0.0, 0.0, 0.0]",0.5,0.5,0,"[0, 0, 0, 0, 0, 0, 0, 0, 0, 0, 0, 0, 0, 0, 0, 0, 0, 0, 0, 0, 0, 0, 0, 0, 0, 0, 0, 0, 0, 0, 0, 0, 0, 0, 0, 0, 0, 0, 0, 0, 0, 0, 0, 0, 0, 0, 0, 0, 0, 0, 0, 0, 0, 0, 0, 0, 0, 0, 0, 0, 0, 0, 0, 0, 0, 0, 0, 0, 0, 0, 0, 0, 0, 0, 0, 0, 0, 0, 0, 0, 0, 0, 0, 0, 0, 0, 0, 0, 0, 0, 0, 0, 0, 0, 0, 0, 0, 0, 0, 0, 0, 0, 0, 0, 0, 0, 0, 0, 0, 0, 0, 0, 0, 0, 0, 0, 0, 0, 0, 0, 0, 0, 0, 0, 0, 0, 0, 0, 0, 0, 0, 0, 0, 0, 0, 0, 0, 0, 0, 0, 0, 0, 0, 0, 0, 0, 0, 0, 0, 0, 0, 0, 0, 0, 0, 0, 0, 0, 0, 0, 0, 0, 0, 0, 0, 0, 0, 0, 0, 0, 0, 0, 0, 0, 0, 0, 0, 0, 0, 0, 0, 0, 0, 0, 0, 0, 0, 0, 0, 0, 0, 0, 0, 0, 0, 0, 0, 0, 0, 0, 0, 0, 0, 0, 0, 0, 0, 0, 0, 0, 0, 0, 0, 0, 0, 0, 0, 0, 0, 0, 0, 0, 0, 0, 0]",225,"[0.4072732627391815, 0.41049671173095703, 0.408039927482605, 0.40789592266082764, 0.4072425067424774, 0.4081505835056305, 0.44419804215431213, 0.4073406159877777, 0.4157167673110962, 0.4086986184120178, 0.40734776854515076, 0.40960055589675903, 0.40983715653419495, 0.40730854868888855, 0.41272038221359253, 0.4073340594768524, 0.41168221831321716, 0.42076003551483154, 0.4316505789756775, 0.4093973934650421, 0.4124071002006531, 0.4088844656944275, 0.4072295129299164, 0.41735127568244934, 0.4228781759738922, 0.40722987055778503, 0.4090219736099243, 0.41034770011901855, 0.4089392125606537, 0.4081643223762512, 0.4072985351085663, 0.41212350130081177, 0.4072331488132477, 0.4076220989227295, 0.40917080640792847, 0.40739375352859497, 0.41105449199676514, 0.40855664014816284, 0.40913188457489014, 0.41405758261680603, 0.4116608500480652, 0.41085049510002136, 0.40738388895988464, 0.4076077342033386, 0.41037097573280334, 0.4108210802078247, 0.4089304208755493, 0.4120104908943176, 0.40722882747650146, 0.41099193692207336, 0.40754014253616333, 0.41257888078689575, 0.4128796458244324, 0.4080113470554352, 0.4144417643547058, 0.4147180914878845, 0.4075967073440552, 0.4076061546802521, 0.40782925486564636, 0.40731117129325867, 0.41711658239364624, 0.4077409505844116, 0.41620391607284546, 0.4132001996040344, 0.41028034687042236, 0.4077228903770447, 0.4272865951061249, 0.41042912006378174, 0.4102475047111511, 0.411795973777771, 0.4072275161743164, 0.4124331772327423, 0.4076143503189087, 0.40923377871513367, 0.41678833961486816, 0.4073439836502075, 0.4074462950229645, 0.4104457199573517, 0.40839824080467224, 0.40827256441116333, 0.4078221619129181, 0.4153917729854584, 0.40725842118263245, 0.41228732466697693, 0.40723323822021484, 0.4072467088699341, 0.4217427968978882, 0.4109008312225342, 0.40725934505462646, 0.40871983766555786, 0.4080212116241455, 0.4087238609790802, 0.40756890177726746, 0.4085257351398468, 0.41502487659454346, 0.4105429947376251, 0.407242089509964, 0.4084932804107666, 0.4076109826564789, 0.43601372838020325, 0.40723857283592224, 0.40875861048698425, 0.40733692049980164, 0.4111546277999878, 0.408062219619751, 0.4073365330696106, 0.42829951643943787, 0.40723052620887756, 0.40918487310409546, 0.40984463691711426, 0.42782536149024963, 0.4083687961101532, 0.4111954867839813, 0.4171449542045593, 0.4079781472682953, 0.425863653421402, 0.40735572576522827, 0.4096474051475525, 0.4072284400463104, 0.4084111154079437, 0.4072324335575104, 0.4075924754142761, 0.407806396484375, 0.4075438976287842, 0.41258883476257324, 0.4081752896308899, 0.4074351489543915, 0.4082983732223511, 0.4095727205276489, 0.40872910618782043, 0.41482147574424744, 0.40810421109199524, 0.40763038396835327, 0.4073769450187683, 0.412880539894104, 0.4088095724582672, 0.41816261410713196, 0.4268554747104645, 0.4099033772945404, 0.4087611436843872, 0.4078267812728882, 0.4074261784553528, 0.41008099913597107, 0.4147260785102844, 0.4091798663139343, 0.41682377457618713, 0.40751969814300537, 0.4077380895614624, 0.40744292736053467, 0.410655677318573, 0.41899821162223816, 0.4190724492073059, 0.40846511721611023, 0.40775802731513977, 0.40837544202804565, 0.4080943763256073, 0.407235324382782, 0.407304584980011, 0.40749961137771606, 0.4072892367839813, 0.40726158022880554, 0.40731629729270935, 0.40730664134025574, 0.40795984864234924, 0.4086989462375641, 0.4075483977794647, 0.40757960081100464, 0.40840426087379456, 0.4072951078414917, 0.4076707065105438, 0.40860527753829956, 0.4092067778110504, 0.41617855429649353, 0.4111476540565491, 0.4084765613079071, 0.4078716039657593, 0.41135016083717346, 0.40758591890335083, 0.41220444440841675, 0.4088962972164154, 0.4078720808029175, 0.4072273373603821, 0.41196486353874207, 0.4092337489128113, 0.4148351550102234, 0.40747204422950745, 0.41693755984306335, 0.421342134475708, 0.4073141813278198, 0.40941840410232544, 0.4094616174697876, 0.40793469548225403, 0.40722668170928955, 0.41448280215263367, 0.4092899262905121, 0.4130406081676483, 0.4081556797027588, 0.4107952117919922, 0.42177674174308777, 0.4072370231151581, 0.4175366461277008, 0.4118766784667969, 0.409663587808609, 0.41864097118377686, 0.41134217381477356, 0.4072312116622925, 0.4083609879016876, 0.4086224436759949, 0.4101259708404541, 0.4128197133541107, 0.40724605321884155, 0.4072988033294678, 0.4072261452674866, 0.4092510938644409, 0.40832120180130005, 0.412665456533432, 0.41173508763313293, 0.4092913866043091, 0.4073988199234009, 0.4075743854045868, 0.40815749764442444, 0.41185322403907776, 0.4082103669643402, 0.43106937408447266, 0.41033536195755005]",0.0,"[0.0, 0.0, 0.0, 0.0, 0.0, 0.0, 0.0, 0.0, 0.0, 0.0, 0.0, 0.0, 0.0, 0.0, 0.0, 0.0, 0.0, 0.0, 0.0, 0.0, 0.0, 0.0, 0.0, 0.0, 0.0, 0.0, 0.0, 0.0, 0.0, 0.0, 0.0, 0.0, 0.0, 0.0, 0.0, 0.0, 0.0, 0.0, 0.0, 0.0, 0.0, 0.0, 0.0, 0.0, 0.0, 0.0, 0.0, 0.0, 0.0, 0.0, 0.0, 0.0, 0.0, 0.0, 0.0, 0.0, 0.0, 0.0, 0.0, 0.0, 0.0, 0.0, 0.0, 0.0, 0.0, 0.0, 0.0, 0.0, 0.0, 0.0, 0.0, 0.0, 0.0, 0.0, 0.0, 0.0, 0.0, 0.0, 0.0, 0.0, 0.0, 0.0, 0.0, 0.0, 0.0, 0.0, 0.0, 0.0, 0.0, 0.0, 0.0, 0.0, 0.0, 0.0, 0.0, 0.0, 0.0, 0.0, 0.0, 0.0, 0.0, 0.0, 0.0, 0.0, 0.0, 0.0, 0.0, 0.0, 0.0, 0.0, 0.0, 0.0, 0.0, 0.0, 0.0, 0.0, 0.0, 0.0, 0.0, 0.0, 0.0, 0.0, 0.0, 0.0, 0.0, 0.0, 0.0, 0.0, 0.0, 0.0, 0.0, 0.0, 0.0, 0.0, 0.0, 0.0, 0.0, 0.0, 0.0, 0.0, 0.0, 0.0, 0.0, 0.0, 0.0, 0.0, 0.0, 0.0, 0.0, 0.0, 0.0, 0.0, 0.0, 0.0, 0.0, 0.0, 0.0, 0.0, 0.0, 0.0, 0.0, 0.0, 0.0, 0.0, 0.0, 0.0, 0.0, 0.0, 0.0, 0.0, 0.0, 0.0, 0.0, 0.0, 0.0, 0.0, 0.0, 0.0, 0.0, 0.0, 0.0, 0.0, 0.0, 0.0, 0.0, 0.0, 0.0, 0.0, 0.0, 0.0, 0.0, 0.0, 0.0, 0.0, 0.0, 0.0, 0.0, 0.0, 0.0, 0.0, 0.0, 0.0, 0.0, 0.0, 0.0, 0.0, 0.0, 0.0, 0.0, 0.0, 0.0, 0.0, 0.0, 0.0, 0.0, 0.0, 0.0, 0.0, 0.0, 0.0, 0.0, 0.0, 0.0, 0.0, 0.0]",COMPLETE
