,number,value,datetime_start,datetime_complete,duration,params_batch_size_scaler,params_constant_learning_rate,params_depth,params_epochs,params_kernel_l2,params_num_trees,params_temperature,user_attrs_accuracy_test,user_attrs_accuracy_valid,user_attrs_approximate_feature_sparsity,user_attrs_approximate_feature_sparsity_history,user_attrs_approximate_weight_sparsity,user_attrs_approximate_weight_sparsity_history,user_attrs_auc_test,user_attrs_auc_valid,user_attrs_feature_sparsity,user_attrs_feature_sparsity_history,user_attrs_num_epochs,user_attrs_val_loss_history,user_attrs_weight_sparsity,user_attrs_weight_sparsity_history,state
42,42,0.5,2024-08-31 02:14:14.015346,2024-08-31 02:16:54.543870,0 days 00:02:40.528524,1,0.23754803436770844,1,380,0.015295069029668287,12,0.017410670112195974,0.859,0.85875,0,"[0, 0, 0, 0, 0, 0, 0, 0, 0, 0, 0, 0, 0, 0, 0, 0, 0, 0, 0, 0, 0, 0, 0, 0, 0, 0, 0, 0, 0, 0, 0, 0, 0, 0, 0, 0, 0, 0, 0, 0, 0, 0, 0, 0, 0, 0, 0, 0, 0, 0, 0, 0, 0, 0, 0, 0, 0, 0, 0, 0, 0, 0, 0, 0, 0, 0, 0, 0, 0, 0, 0, 0, 0, 0, 0, 0, 0, 0, 0, 0, 0, 0, 0, 0, 0, 0, 0, 0, 0, 0, 0, 0, 0, 0, 0, 0, 0, 0, 0, 0, 0, 0, 0, 0, 0, 0, 0, 0, 0, 0, 0, 0, 0, 0, 0, 0, 0, 0, 0, 0, 0, 0, 0, 0, 0, 0, 0, 0, 0, 0, 0, 0, 0, 0, 0, 0, 0, 0, 0, 0, 0, 0, 0, 0, 0, 0, 0, 0, 0, 0, 0, 0, 0, 0, 0, 0, 0, 0, 0, 0, 0, 0, 0, 0, 0, 0, 0, 0, 0, 0, 0, 0, 0, 0, 0, 0, 0, 0, 0, 0, 0, 0, 0, 0, 0, 0, 0, 0, 0, 0, 0, 0, 0, 0, 0, 0, 0, 0, 0, 0, 0, 0, 0, 0, 0, 0, 0, 0, 0, 0, 0, 0, 0, 0, 0, 0, 0, 0, 0, 0, 0, 0, 0, 0, 0, 0, 0, 0, 0, 0, 0, 0, 0, 0, 0, 0, 0, 0, 0, 0, 0, 0, 0, 0, 0, 0, 0, 0, 0, 0, 0, 0, 0, 0, 0, 0, 0, 0, 0, 0, 0, 0, 0, 0, 0, 0, 0, 0, 0, 0, 0, 0, 0, 0, 0, 0, 0, 0, 0, 0, 0, 0, 0, 0, 0, 0, 0, 0, 0, 0, 0, 0, 0, 0, 0, 0, 0, 0, 0, 0, 0, 0, 0, 0, 0, 0, 0, 0, 0, 0, 0, 0, 0, 0, 0, 0, 0, 0, 0, 0, 0, 0, 0, 0, 0, 0, 0, 0, 0, 0, 0, 0, 0, 0, 0, 0, 0, 0, 0, 0, 0, 0, 0, 0, 0, 0, 0, 0, 0, 0, 0, 0, 0, 0, 0, 0, 0, 0, 0, 0, 0, 0, 0, 0, 0, 0, 0, 0, 0, 0, 0, 0, 0, 0, 0, 0, 0, 0, 0, 0]",0.0,"[0.0, 0.0, 0.0, 0.0, 0.0, 0.0, 0.0, 0.0, 0.0, 0.0, 0.0, 0.0, 0.0, 0.0, 0.0, 0.0, 0.0, 0.0, 0.0, 0.0, 0.0, 0.0, 0.0, 0.0, 0.0, 0.0, 0.0, 0.0, 0.0, 0.0, 0.0, 0.0, 0.0, 0.0, 0.0, 0.0, 0.0, 0.0, 0.0, 0.0, 0.0, 0.0, 0.0, 0.0, 0.0, 0.0, 0.0, 0.0, 0.0, 0.0, 0.0, 0.0, 0.0, 0.0, 0.0, 0.0, 0.0, 0.0, 0.0, 0.0, 0.0, 0.0, 0.0, 0.0, 0.0, 0.0, 0.0, 0.0, 0.0, 0.0, 0.0, 0.0, 0.0, 0.0, 0.0, 0.0, 0.0, 0.0, 0.0, 0.0, 0.0, 0.0, 0.0, 0.0, 0.0, 0.0, 0.0, 0.0, 0.0, 0.0, 0.0, 0.0, 0.0, 0.0, 0.0, 0.0, 0.0, 0.0, 0.0, 0.0, 0.0, 0.0, 0.0, 0.0, 0.0, 0.0, 0.0, 0.0, 0.0, 0.0, 0.0, 0.0, 0.0, 0.0, 0.0, 0.0, 0.0, 0.0, 0.0, 0.0, 0.0, 0.0, 0.0, 0.0, 0.0, 0.0, 0.0, 0.0, 0.0, 0.0, 0.0, 0.0, 0.0, 0.0, 0.0, 0.0, 0.0, 0.0, 0.0, 0.0, 0.0, 0.0, 0.0, 0.0, 0.0, 0.0, 0.0, 0.0, 0.0, 0.0, 0.0, 0.0, 0.0, 0.0, 0.0, 0.0, 0.0, 0.0, 0.0, 0.0, 0.0, 0.0, 0.0, 0.0, 0.0, 0.0, 0.0, 0.0, 0.0, 0.0, 0.0, 0.0, 0.0, 0.0, 0.0, 0.0, 0.0, 0.0, 0.0, 0.0, 0.0, 0.0, 0.0, 0.0, 0.0, 0.0, 0.0, 0.0, 0.0, 0.0, 0.0, 0.0, 0.0, 0.0, 0.0, 0.0, 0.0, 0.0, 0.0, 0.0, 0.0, 0.0, 0.0, 0.0, 0.0, 0.0, 0.0, 0.0, 0.0, 0.0, 0.0, 0.0, 0.0, 0.0, 0.0, 0.0, 0.0, 0.0, 0.0, 0.0, 0.0, 0.0, 0.0, 0.0, 0.0, 0.0, 0.0, 0.0, 0.0, 0.0, 0.0, 0.0, 0.0, 0.0, 0.0, 0.0, 0.0, 0.0, 0.0, 0.0, 0.0, 0.0, 0.0, 0.0, 0.0, 0.0, 0.0, 0.0, 0.0, 0.0, 0.0, 0.0, 0.0, 0.0, 0.0, 0.0, 0.0, 0.0, 0.0, 0.0, 0.0, 0.0, 0.0, 0.0, 0.0, 0.0, 0.0, 0.0, 0.0, 0.0, 0.0, 0.0, 0.0, 0.0, 0.0, 0.0, 0.0, 0.0, 0.0, 0.0, 0.0, 0.0, 0.0, 0.0, 0.0, 0.0, 0.0, 0.0, 0.0, 0.0, 0.0, 0.0, 0.0, 0.0, 0.0, 0.0, 0.0, 0.0, 0.0, 0.0, 0.0, 0.0, 0.0, 0.0, 0.0, 0.0, 0.0, 0.0, 0.0, 0.0, 0.0, 0.0, 0.0, 0.0, 0.0, 0.0, 0.0, 0.0, 0.0, 0.0, 0.0, 0.0, 0.0, 0.0, 0.0, 0.0, 0.0, 0.0, 0.0, 0.0, 0.0, 0.0, 0.0, 0.0, 0.0, 0.0, 0.0, 0.0, 0.0, 0.0, 0.0, 0.0, 0.0, 0.0, 0.0, 0.0, 0.0, 0.0, 0.0, 0.0, 0.0, 0.0, 0.0, 0.0, 0.0, 0.0, 0.0, 0.0, 0.0, 0.0, 0.0, 0.0, 0.0, 0.0, 0.0, 0.0, 0.0, 0.0, 0.0, 0.0, 0.0, 0.0, 0.0, 0.0, 0.0, 0.0, 0.0, 0.0, 0.0, 0.0]",0.5,0.5,0,"[0, 0, 0, 0, 0, 0, 0, 0, 0, 0, 0, 0, 0, 0, 0, 0, 0, 0, 0, 0, 0, 0, 0, 0, 0, 0, 0, 0, 0, 0, 0, 0, 0, 0, 0, 0, 0, 0, 0, 0, 0, 0, 0, 0, 0, 0, 0, 0, 0, 0, 0, 0, 0, 0, 0, 0, 0, 0, 0, 0, 0, 0, 0, 0, 0, 0, 0, 0, 0, 0, 0, 0, 0, 0, 0, 0, 0, 0, 0, 0, 0, 0, 0, 0, 0, 0, 0, 0, 0, 0, 0, 0, 0, 0, 0, 0, 0, 0, 0, 0, 0, 0, 0, 0, 0, 0, 0, 0, 0, 0, 0, 0, 0, 0, 0, 0, 0, 0, 0, 0, 0, 0, 0, 0, 0, 0, 0, 0, 0, 0, 0, 0, 0, 0, 0, 0, 0, 0, 0, 0, 0, 0, 0, 0, 0, 0, 0, 0, 0, 0, 0, 0, 0, 0, 0, 0, 0, 0, 0, 0, 0, 0, 0, 0, 0, 0, 0, 0, 0, 0, 0, 0, 0, 0, 0, 0, 0, 0, 0, 0, 0, 0, 0, 0, 0, 0, 0, 0, 0, 0, 0, 0, 0, 0, 0, 0, 0, 0, 0, 0, 0, 0, 0, 0, 0, 0, 0, 0, 0, 0, 0, 0, 0, 0, 0, 0, 0, 0, 0, 0, 0, 0, 0, 0, 0, 0, 0, 0, 0, 0, 0, 0, 0, 0, 0, 0, 0, 0, 0, 0, 0, 0, 0, 0, 0, 0, 0, 0, 0, 0, 0, 0, 0, 0, 0, 0, 0, 0, 0, 0, 0, 0, 0, 0, 0, 0, 0, 0, 0, 0, 0, 0, 0, 0, 0, 0, 0, 0, 0, 0, 0, 0, 0, 0, 0, 0, 0, 0, 0, 0, 0, 0, 0, 0, 0, 0, 0, 0, 0, 0, 0, 0, 0, 0, 0, 0, 0, 0, 0, 0, 0, 0, 0, 0, 0, 0, 0, 0, 0, 0, 0, 0, 0, 0, 0, 0, 0, 0, 0, 0, 0, 0, 0, 0, 0, 0, 0, 0, 0, 0, 0, 0, 0, 0, 0, 0, 0, 0, 0, 0, 0, 0, 0, 0, 0, 0, 0, 0, 0, 0, 0, 0, 0, 0, 0, 0, 0, 0, 0, 0, 0, 0, 0, 0, 0, 0, 0, 0, 0, 0]",380,"[0.4815468192100525, 0.4276050329208374, 0.4072771370410919, 0.40915247797966003, 0.4091693162918091, 0.4241058826446533, 0.4434060752391815, 0.4072529673576355, 0.413196861743927, 0.41770389676094055, 0.40965911746025085, 0.40774646401405334, 0.4095405340194702, 0.43188562989234924, 0.43823111057281494, 0.4082878828048706, 0.40803563594818115, 0.4076264202594757, 0.4103515148162842, 0.4616122543811798, 0.40844935178756714, 0.4199099838733673, 0.4107091426849365, 0.41170990467071533, 0.4125877022743225, 0.4171621799468994, 0.4080374836921692, 0.419132798910141, 0.40960922837257385, 0.42306041717529297, 0.40736106038093567, 0.41930434107780457, 0.408748060464859, 0.4077030420303345, 0.41264382004737854, 0.4077880382537842, 0.4095323979854584, 0.40782058238983154, 0.40818461775779724, 0.42144840955734253, 0.4588255286216736, 0.40936440229415894, 0.4426978826522827, 0.40857672691345215, 0.4077499508857727, 0.4080597162246704, 0.40900084376335144, 0.42262592911720276, 0.4085085690021515, 0.41009721159935, 0.4203222990036011, 0.4106631577014923, 0.4080663323402405, 0.4072474539279938, 0.4087878167629242, 0.41334784030914307, 0.4124431908130646, 0.40821701288223267, 0.4093790352344513, 0.4182974100112915, 0.40733519196510315, 0.4077945053577423, 0.41106855869293213, 0.4098735451698303, 0.408223420381546, 0.4197257161140442, 0.41526663303375244, 0.4085110127925873, 0.4103926420211792, 0.4072299301624298, 0.41277676820755005, 0.4076024293899536, 0.420852929353714, 0.4124935269355774, 0.42922934889793396, 0.4198378026485443, 0.4098678529262543, 0.4076586663722992, 0.4090825915336609, 0.4174475371837616, 0.407245934009552, 0.4101812243461609, 0.41210606694221497, 0.4174543023109436, 0.4086037576198578, 0.44033217430114746, 0.41725894808769226, 0.42318904399871826, 0.4234965443611145, 0.41082072257995605, 0.41007137298583984, 0.4074728488922119, 0.4174537658691406, 0.4079059958457947, 0.40807434916496277, 0.4088383913040161, 0.4144880175590515, 0.4101220667362213, 0.41219475865364075, 0.4104337692260742, 0.40846091508865356, 0.40779438614845276, 0.4144054353237152, 0.407236248254776, 0.4072893559932709, 0.4114975333213806, 0.40986454486846924, 0.4148736894130707, 0.40758198499679565, 0.4100731909275055, 0.4080723524093628, 0.4518022835254669, 0.4104430377483368, 0.4137471318244934, 0.4138956069946289, 0.41828468441963196, 0.4073551893234253, 0.4266815185546875, 0.41115081310272217, 0.40722769498825073, 0.4227437674999237, 0.41387712955474854, 0.40794476866722107, 0.4101288914680481, 0.44064491987228394, 0.40904244780540466, 0.41317030787467957, 0.4166296720504761, 0.40940162539482117, 0.4072433412075043, 0.4117082953453064, 0.41599175333976746, 0.40731415152549744, 0.41347450017929077, 0.4087316393852234, 0.4128614664077759, 0.40891948342323303, 0.4121791124343872, 0.41255074739456177, 0.4130544662475586, 0.4119175970554352, 0.41216984391212463, 0.4084959328174591, 0.43667924404144287, 0.41060417890548706, 0.4087356925010681, 0.4213922917842865, 0.4106775224208832, 0.4072328507900238, 0.40840381383895874, 0.415943443775177, 0.4241682291030884, 0.40829601883888245, 0.40727698802948, 0.4663746654987335, 0.4179591238498688, 0.4082769751548767, 0.41277816891670227, 0.4098989963531494, 0.41172733902931213, 0.4122679531574249, 0.4079461395740509, 0.40795692801475525, 0.4135688543319702, 0.41269034147262573, 0.4072383940219879, 0.4574170708656311, 0.42362117767333984, 0.41751423478126526, 0.4073919653892517, 0.4197230637073517, 0.42226487398147583, 0.4131897985935211, 0.4213953912258148, 0.4237038791179657, 0.4073084592819214, 0.42047223448753357, 0.4080672860145569, 0.4072829484939575, 0.4082885980606079, 0.4121823012828827, 0.40870776772499084, 0.4072934091091156, 0.4073820114135742, 0.40852347016334534, 0.41540950536727905, 0.4181337058544159, 0.41908082365989685, 0.4107811748981476, 0.4103960394859314, 0.4202842712402344, 0.41246166825294495, 0.4093056619167328, 0.40942147374153137, 0.40872979164123535, 0.4167085587978363, 0.4344992935657501, 0.43948477506637573, 0.4227619171142578, 0.41026297211647034, 0.40960246324539185, 0.4150668978691101, 0.4080243706703186, 0.40780794620513916, 0.40722739696502686, 0.41946613788604736, 0.42695721983909607, 0.4126527011394501, 0.41193026304244995, 0.41205137968063354, 0.4098520278930664, 0.40734946727752686, 0.4074678421020508, 0.41671639680862427, 0.40722906589508057, 0.4073038101196289, 0.4088824391365051, 0.41195374727249146, 0.41228997707366943, 0.40777266025543213, 0.40763184428215027, 0.4097328186035156, 0.4083186686038971, 0.40734604001045227, 0.4185788631439209, 0.41200119256973267, 0.41434600949287415, 0.4099511206150055, 0.42085155844688416, 0.41104647517204285, 0.41418829560279846, 0.41744664311408997, 0.41836947202682495, 0.40755322575569153, 0.408761590719223, 0.42753398418426514, 0.40728363394737244, 0.4091280996799469, 0.41945183277130127, 0.41307303309440613, 0.4139096438884735, 0.44095009565353394, 0.4073692560195923, 0.41861045360565186, 0.4092860817909241, 0.40741226077079773, 0.408843457698822, 0.40724873542785645, 0.41917335987091064, 0.41217041015625, 0.41549232602119446, 0.40727558732032776, 0.4132033586502075, 0.40743327140808105, 0.4090491831302643, 0.40975379943847656, 0.40743011236190796, 0.418109655380249, 0.4072263836860657, 0.4114159643650055, 0.40852510929107666, 0.4072282314300537, 0.41930556297302246, 0.4072900712490082, 0.4139978289604187, 0.4157438278198242, 0.4087659418582916, 0.4359327554702759, 0.4241342842578888, 0.41453370451927185, 0.4093310534954071, 0.4131932556629181, 0.4072299301624298, 0.40843909978866577, 0.40877923369407654, 0.40783923864364624, 0.4084402322769165, 0.4106513261795044, 0.40729817748069763, 0.40968000888824463, 0.40871909260749817, 0.4118351638317108, 0.4163074195384979, 0.4076681435108185, 0.4383912682533264, 0.42526257038116455, 0.4077690839767456, 0.4244905114173889, 0.4076806902885437, 0.4292829930782318, 0.40867018699645996, 0.4197913110256195, 0.42190021276474, 0.46653828024864197, 0.40723296999931335, 0.40727370977401733, 0.4073941111564636, 0.4203989803791046, 0.41572853922843933, 0.41222503781318665, 0.41357213258743286, 0.4083423316478729, 0.40885281562805176, 0.40782806277275085, 0.40722891688346863, 0.40928295254707336, 0.4083682596683502, 0.40725016593933105, 0.41419291496276855, 0.4075196385383606, 0.4072774052619934, 0.4262193739414215, 0.4092385172843933, 0.40723782777786255, 0.41842007637023926, 0.40758952498435974, 0.4075194299221039, 0.4275690019130707, 0.40723663568496704, 0.40772923827171326, 0.41976189613342285, 0.4107796549797058, 0.425243616104126, 0.40861645340919495, 0.40730419754981995, 0.416606068611145, 0.4093068838119507, 0.40795043110847473, 0.40746352076530457, 0.40867364406585693, 0.40755853056907654, 0.41482430696487427, 0.4193548262119293, 0.4147191643714905, 0.4072498083114624, 0.4187961518764496, 0.40950867533683777, 0.40729138255119324, 0.4093991219997406, 0.40798869729042053, 0.4328174889087677, 0.4072719216346741, 0.4136805236339569, 0.4189129173755646, 0.41301003098487854, 0.4185883700847626, 0.40740031003952026, 0.40767979621887207, 0.41054362058639526, 0.4127500057220459, 0.4185711145401001, 0.40838733315467834, 0.415780633687973, 0.414093017578125, 0.4107641577720642, 0.4244774878025055, 0.4343318045139313, 0.4086671471595764, 0.4201390743255615, 0.4107605814933777, 0.41203540563583374, 0.41088607907295227, 0.40811824798583984, 0.4073847830295563, 0.41905879974365234, 0.4169900417327881, 0.41548264026641846, 0.43594396114349365, 0.407243549823761, 0.4075855314731598, 0.4072262942790985, 0.4077001214027405, 0.41358324885368347, 0.40773120522499084, 0.4384109079837799, 0.4113311767578125, 0.4107321500778198, 0.4219833314418793, 0.4383805990219116, 0.4095776379108429]",0.0,"[0.0, 0.0, 0.0, 0.0, 0.0, 0.0, 0.0, 0.0, 0.0, 0.0, 0.0, 0.0, 0.0, 0.0, 0.0, 0.0, 0.0, 0.0, 0.0, 0.0, 0.0, 0.0, 0.0, 0.0, 0.0, 0.0, 0.0, 0.0, 0.0, 0.0, 0.0, 0.0, 0.0, 0.0, 0.0, 0.0, 0.0, 0.0, 0.0, 0.0, 0.0, 0.0, 0.0, 0.0, 0.0, 0.0, 0.0, 0.0, 0.0, 0.0, 0.0, 0.0, 0.0, 0.0, 0.0, 0.0, 0.0, 0.0, 0.0, 0.0, 0.0, 0.0, 0.0, 0.0, 0.0, 0.0, 0.0, 0.0, 0.0, 0.0, 0.0, 0.0, 0.0, 0.0, 0.0, 0.0, 0.0, 0.0, 0.0, 0.0, 0.0, 0.0, 0.0, 0.0, 0.0, 0.0, 0.0, 0.0, 0.0, 0.0, 0.0, 0.0, 0.0, 0.0, 0.0, 0.0, 0.0, 0.0, 0.0, 0.0, 0.0, 0.0, 0.0, 0.0, 0.0, 0.0, 0.0, 0.0, 0.0, 0.0, 0.0, 0.0, 0.0, 0.0, 0.0, 0.0, 0.0, 0.0, 0.0, 0.0, 0.0, 0.0, 0.0, 0.0, 0.0, 0.0, 0.0, 0.0, 0.0, 0.0, 0.0, 0.0, 0.0, 0.0, 0.0, 0.0, 0.0, 0.0, 0.0, 0.0, 0.0, 0.0, 0.0, 0.0, 0.0, 0.0, 0.0, 0.0, 0.0, 0.0, 0.0, 0.0, 0.0, 0.0, 0.0, 0.0, 0.0, 0.0, 0.0, 0.0, 0.0, 0.0, 0.0, 0.0, 0.0, 0.0, 0.0, 0.0, 0.0, 0.0, 0.0, 0.0, 0.0, 0.0, 0.0, 0.0, 0.0, 0.0, 0.0, 0.0, 0.0, 0.0, 0.0, 0.0, 0.0, 0.0, 0.0, 0.0, 0.0, 0.0, 0.0, 0.0, 0.0, 0.0, 0.0, 0.0, 0.0, 0.0, 0.0, 0.0, 0.0, 0.0, 0.0, 0.0, 0.0, 0.0, 0.0, 0.0, 0.0, 0.0, 0.0, 0.0, 0.0, 0.0, 0.0, 0.0, 0.0, 0.0, 0.0, 0.0, 0.0, 0.0, 0.0, 0.0, 0.0, 0.0, 0.0, 0.0, 0.0, 0.0, 0.0, 0.0, 0.0, 0.0, 0.0, 0.0, 0.0, 0.0, 0.0, 0.0, 0.0, 0.0, 0.0, 0.0, 0.0, 0.0, 0.0, 0.0, 0.0, 0.0, 0.0, 0.0, 0.0, 0.0, 0.0, 0.0, 0.0, 0.0, 0.0, 0.0, 0.0, 0.0, 0.0, 0.0, 0.0, 0.0, 0.0, 0.0, 0.0, 0.0, 0.0, 0.0, 0.0, 0.0, 0.0, 0.0, 0.0, 0.0, 0.0, 0.0, 0.0, 0.0, 0.0, 0.0, 0.0, 0.0, 0.0, 0.0, 0.0, 0.0, 0.0, 0.0, 0.0, 0.0, 0.0, 0.0, 0.0, 0.0, 0.0, 0.0, 0.0, 0.0, 0.0, 0.0, 0.0, 0.0, 0.0, 0.0, 0.0, 0.0, 0.0, 0.0, 0.0, 0.0, 0.0, 0.0, 0.0, 0.0, 0.0, 0.0, 0.0, 0.0, 0.0, 0.0, 0.0, 0.0, 0.0, 0.0, 0.0, 0.0, 0.0, 0.0, 0.0, 0.0, 0.0, 0.0, 0.0, 0.0, 0.0, 0.0, 0.0, 0.0, 0.0, 0.0, 0.0, 0.0, 0.0, 0.0, 0.0, 0.0, 0.0, 0.0, 0.0, 0.0, 0.0, 0.0, 0.0, 0.0, 0.0, 0.0, 0.0, 0.0, 0.0, 0.0, 0.0, 0.0, 0.0, 0.0, 0.0, 0.0, 0.0, 0.0, 0.0, 0.0, 0.0, 0.0, 0.0, 0.0, 0.0, 0.0]",COMPLETE
43,43,0.8884079813476574,2024-08-31 02:16:55.473570,2024-08-31 02:17:45.280607,0 days 00:00:49.807037,16,2.5673792470638994,6,20,0.20971187738533298,41,0.00023819033948985064,0.905,0.89625,33,"[33, 33, 33, 33, 33, 33, 33, 33, 33, 33, 33, 33, 33, 33, 33, 33, 33, 33, 33, 33]",32.928377855207124,"[32.931087882307395, 32.93263646922183, 32.934572202864885, 32.92915214866434, 32.93341076267905, 32.930313588850176, 32.92721641502129, 32.926829268292686, 32.93921796360821, 32.935346496322104, 32.92915214866434, 32.934572202864885, 32.93844367015099, 32.93650793650794, 32.92528068137825, 32.92644212156407, 32.931862175764614, 32.93070073557878, 32.9349593495935, 32.928377855207124]",0.8748008157266821,0.8884079813476574,33,"[33, 33, 33, 33, 33, 33, 33, 33, 33, 33, 33, 33, 33, 33, 33, 33, 33, 33, 33, 33]",20,"[0.3841020166873932, 0.3742210268974304, 0.36863043904304504, 0.36277419328689575, 0.3585589528083801, 0.35318928956985474, 0.34831702709198, 0.3422296643257141, 0.33748313784599304, 0.33115464448928833, 0.32410305738449097, 0.3187776505947113, 0.31322959065437317, 0.3038407266139984, 0.2964800000190735, 0.288674920797348, 0.2813972532749176, 0.27454379200935364, 0.2702540457248688, 0.2664698362350464]",33.0,"[33.0, 33.0, 33.0, 33.0, 33.0, 33.0, 33.0, 33.0, 33.0, 33.0, 33.0, 33.0, 33.0, 33.0, 33.0, 33.0, 33.0, 33.0, 33.0, 33.0]",COMPLETE
