,number,value,datetime_start,datetime_complete,duration,params_batch_size_scaler,params_constant_learning_rate,params_depth,params_epochs,params_kernel_l2,params_num_trees,params_temperature,user_attrs_accuracy_test,user_attrs_accuracy_valid,user_attrs_approximate_feature_sparsity,user_attrs_approximate_feature_sparsity_history,user_attrs_approximate_weight_sparsity,user_attrs_approximate_weight_sparsity_history,user_attrs_auc_test,user_attrs_auc_valid,user_attrs_feature_sparsity,user_attrs_feature_sparsity_history,user_attrs_num_epochs,user_attrs_val_loss_history,user_attrs_weight_sparsity,user_attrs_weight_sparsity_history,state
86,86,0.5,2024-08-31 05:00:57.241232,2024-08-31 05:02:06.146896,0 days 00:01:08.905664,64,3.5473959474333223,4,465,0.0015639395060510495,76,0.09419753240833591,0.859,0.85875,0,"[0, 0, 0, 0, 0, 0, 0, 0, 0, 0, 0, 0, 0, 0, 0, 0, 0, 0, 0, 0, 0, 0, 0, 0, 0, 0, 0, 0, 0, 0, 0, 0, 0, 0, 0, 0, 0, 0, 0, 0, 0, 0, 0, 0, 0, 0, 0, 0, 0, 0, 0, 0, 0, 0, 0, 0, 0, 0, 0, 0, 0, 0, 0, 0, 0, 0, 0, 0, 0, 0, 0, 0, 0, 0, 0, 0, 0, 0, 0, 0, 0, 0, 0, 0, 0, 0, 0, 0, 0, 0, 0, 0, 0, 0, 0, 0, 0, 0, 0, 0, 0, 0, 0, 0, 0, 0, 0, 0, 0, 0, 0, 0, 0, 0, 0, 0, 0, 0, 0, 0, 0, 0, 0, 0, 0, 0, 0, 0, 0, 0, 0, 0, 0, 0, 0, 0, 0, 0, 0, 0, 0, 0, 0, 0, 0, 0, 0, 0, 0, 0, 0, 0, 0, 0, 0, 0, 0, 0, 0, 0, 0, 0, 0, 0, 0, 0, 0, 0, 0, 0, 0, 0, 0, 0, 0, 0, 0, 0, 0, 0, 0, 0, 0, 0, 0, 0, 0, 0, 0, 0, 0, 0, 0, 0, 0, 0, 0, 0, 0, 0, 0, 0, 0, 0, 0, 0, 0, 0, 0, 0, 0, 0, 0, 0, 0, 0, 0, 0, 0, 0, 0, 0, 0, 0, 0, 0, 0, 0, 0, 0, 0, 0, 0, 0, 0, 0, 0, 0, 0, 0, 0, 0, 0, 0, 0, 0, 0, 0, 0, 0, 0, 0, 0, 0, 0, 0, 0, 0, 0, 0, 0, 0, 0, 0, 0, 0, 0, 0, 0, 0, 0, 0, 0, 0, 0, 0, 0, 0, 0, 0, 0, 0, 0, 0, 0, 0, 0, 0, 0, 0, 0, 0, 0, 0, 0, 0, 0, 0, 0, 0, 0, 0, 0, 0, 0, 0, 0, 0, 0, 0, 0, 0, 0, 0, 0, 0, 0, 0, 0, 0, 0, 0, 0, 0, 0, 0, 0, 0, 0, 0, 0, 0, 0, 0, 0, 0, 0, 0, 0, 0, 0, 0, 0, 0, 0, 0, 0, 0, 0, 0, 0, 0, 0, 0, 0, 0, 0, 0, 0, 0, 0, 0, 0, 0, 0, 0, 0, 0, 0, 0, 0, 0, 0, 0, 0, 0, 0, 0, 0, 0, 0, 0, 0, 0, 0, 0, 0, 0, 0, 0, 0, 0, 0, 0, 0, 0, 0, 0, 0, 0, 0, 0, 0, 0, 0, 0, 0, 0, 0, 0, 0, 0, 0, 0, 0, 0, 0, 0, 0, 0, 0, 0, 0, 0, 0, 0, 0, 0, 0, 0, 0, 0, 0, 0, 0, 0, 0, 0, 0, 0, 0, 0, 0, 0, 0, 0, 0, 0, 0, 0, 0, 0, 0, 0, 0, 0, 0, 0, 0, 0, 0, 0, 0, 0, 0]",0.0,"[0.0, 0.0, 0.0, 0.0, 0.0, 0.0, 0.0, 0.0, 0.0, 0.0, 0.0, 0.0, 0.0, 0.0, 0.0, 0.0, 0.0, 0.0, 0.0, 0.0, 0.0, 0.0, 0.0, 0.0, 0.0, 0.0, 0.0, 0.0, 0.0, 0.0, 0.0, 0.0, 0.0, 0.0, 0.0, 0.0, 0.0, 0.0, 0.0, 0.0, 0.0, 0.0, 0.0, 0.0, 0.0, 0.0, 0.0, 0.0, 0.0, 0.0, 0.0, 0.0, 0.0, 0.0, 0.0, 0.0, 0.0, 0.0, 0.0, 0.0, 0.0, 0.0, 0.0, 0.0, 0.0, 0.0, 0.0, 0.0, 0.0, 0.0, 0.0, 0.0, 0.0, 0.0, 0.0, 0.0, 0.0, 0.0, 0.0, 0.0, 0.0, 0.0, 0.0, 0.0, 0.0, 0.0, 0.0, 0.0, 0.0, 0.0, 0.0, 0.0, 0.0, 0.0, 0.0, 0.0, 0.0, 0.0, 0.0, 0.0, 0.0, 0.0, 0.0, 0.0, 0.0, 0.0, 0.0, 0.0, 0.0, 0.0, 0.0, 0.0, 0.0, 0.0, 0.0, 0.0, 0.0, 0.0, 0.0, 0.0, 0.0, 0.0, 0.0, 0.0, 0.0, 0.0, 0.0, 0.0, 0.0, 0.0, 0.0, 0.0, 0.0, 0.0, 0.0, 0.0, 0.0, 0.0, 0.0, 0.0, 0.0, 0.0, 0.0, 0.0, 0.0, 0.0, 0.0, 0.0, 0.0, 0.0, 0.0, 0.0, 0.0, 0.0, 0.0, 0.0, 0.0, 0.0, 0.0, 0.0, 0.0, 0.0, 0.0, 0.0, 0.0, 0.0, 0.0, 0.0, 0.0, 0.0, 0.0, 0.0, 0.0, 0.0, 0.0, 0.0, 0.0, 0.0, 0.0, 0.0, 0.0, 0.0, 0.0, 0.0, 0.0, 0.0, 0.0, 0.0, 0.0, 0.0, 0.0, 0.0, 0.0, 0.0, 0.0, 0.0, 0.0, 0.0, 0.0, 0.0, 0.0, 0.0, 0.0, 0.0, 0.0, 0.0, 0.0, 0.0, 0.0, 0.0, 0.0, 0.0, 0.0, 0.0, 0.0, 0.0, 0.0, 0.0, 0.0, 0.0, 0.0, 0.0, 0.0, 0.0, 0.0, 0.0, 0.0, 0.0, 0.0, 0.0, 0.0, 0.0, 0.0, 0.0, 0.0, 0.0, 0.0, 0.0, 0.0, 0.0, 0.0, 0.0, 0.0, 0.0, 0.0, 0.0, 0.0, 0.0, 0.0, 0.0, 0.0, 0.0, 0.0, 0.0, 0.0, 0.0, 0.0, 0.0, 0.0, 0.0, 0.0, 0.0, 0.0, 0.0, 0.0, 0.0, 0.0, 0.0, 0.0, 0.0, 0.0, 0.0, 0.0, 0.0, 0.0, 0.0, 0.0, 0.0, 0.0, 0.0, 0.0, 0.0, 0.0, 0.0, 0.0, 0.0, 0.0, 0.0, 0.0, 0.0, 0.0, 0.0, 0.0, 0.0, 0.0, 0.0, 0.0, 0.0, 0.0, 0.0, 0.0, 0.0, 0.0, 0.0, 0.0, 0.0, 0.0, 0.0, 0.0, 0.0, 0.0, 0.0, 0.0, 0.0, 0.0, 0.0, 0.0, 0.0, 0.0, 0.0, 0.0, 0.0, 0.0, 0.0, 0.0, 0.0, 0.0, 0.0, 0.0, 0.0, 0.0, 0.0, 0.0, 0.0, 0.0, 0.0, 0.0, 0.0, 0.0, 0.0, 0.0, 0.0, 0.0, 0.0, 0.0, 0.0, 0.0, 0.0, 0.0, 0.0, 0.0, 0.0, 0.0, 0.0, 0.0, 0.0, 0.0, 0.0, 0.0, 0.0, 0.0, 0.0, 0.0, 0.0, 0.0, 0.0, 0.0, 0.0, 0.0, 0.0, 0.0, 0.0, 0.0, 0.0, 0.0, 0.0, 0.0, 0.0, 0.0, 0.0, 0.0, 0.0, 0.0, 0.0, 0.0, 0.0, 0.0, 0.0, 0.0, 0.0, 0.0, 0.0, 0.0, 0.0, 0.0, 0.0, 0.0, 0.0, 0.0, 0.0, 0.0, 0.0, 0.0, 0.0, 0.0, 0.0, 0.0, 0.0, 0.0, 0.0, 0.0, 0.0, 0.0, 0.0, 0.0, 0.0, 0.0, 0.0, 0.0, 0.0, 0.0, 0.0, 0.0, 0.0, 0.0, 0.0, 0.0, 0.0, 0.0, 0.0, 0.0, 0.0, 0.0, 0.0, 0.0, 0.0, 0.0, 0.0, 0.0, 0.0, 0.0, 0.0, 0.0, 0.0, 0.0, 0.0, 0.0, 0.0, 0.0, 0.0, 0.0, 0.0, 0.0, 0.0, 0.0, 0.0, 0.0, 0.0, 0.0, 0.0, 0.0, 0.0, 0.0, 0.0, 0.0]",0.5,0.5,0,"[0, 0, 0, 0, 0, 0, 0, 0, 0, 0, 0, 0, 0, 0, 0, 0, 0, 0, 0, 0, 0, 0, 0, 0, 0, 0, 0, 0, 0, 0, 0, 0, 0, 0, 0, 0, 0, 0, 0, 0, 0, 0, 0, 0, 0, 0, 0, 0, 0, 0, 0, 0, 0, 0, 0, 0, 0, 0, 0, 0, 0, 0, 0, 0, 0, 0, 0, 0, 0, 0, 0, 0, 0, 0, 0, 0, 0, 0, 0, 0, 0, 0, 0, 0, 0, 0, 0, 0, 0, 0, 0, 0, 0, 0, 0, 0, 0, 0, 0, 0, 0, 0, 0, 0, 0, 0, 0, 0, 0, 0, 0, 0, 0, 0, 0, 0, 0, 0, 0, 0, 0, 0, 0, 0, 0, 0, 0, 0, 0, 0, 0, 0, 0, 0, 0, 0, 0, 0, 0, 0, 0, 0, 0, 0, 0, 0, 0, 0, 0, 0, 0, 0, 0, 0, 0, 0, 0, 0, 0, 0, 0, 0, 0, 0, 0, 0, 0, 0, 0, 0, 0, 0, 0, 0, 0, 0, 0, 0, 0, 0, 0, 0, 0, 0, 0, 0, 0, 0, 0, 0, 0, 0, 0, 0, 0, 0, 0, 0, 0, 0, 0, 0, 0, 0, 0, 0, 0, 0, 0, 0, 0, 0, 0, 0, 0, 0, 0, 0, 0, 0, 0, 0, 0, 0, 0, 0, 0, 0, 0, 0, 0, 0, 0, 0, 0, 0, 0, 0, 0, 0, 0, 0, 0, 0, 0, 0, 0, 0, 0, 0, 0, 0, 0, 0, 0, 0, 0, 0, 0, 0, 0, 0, 0, 0, 0, 0, 0, 0, 0, 0, 0, 0, 0, 0, 0, 0, 0, 0, 0, 0, 0, 0, 0, 0, 0, 0, 0, 0, 0, 0, 0, 0, 0, 0, 0, 0, 0, 0, 0, 0, 0, 0, 0, 0, 0, 0, 0, 0, 0, 0, 0, 0, 0, 0, 0, 0, 0, 0, 0, 0, 0, 0, 0, 0, 0, 0, 0, 0, 0, 0, 0, 0, 0, 0, 0, 0, 0, 0, 0, 0, 0, 0, 0, 0, 0, 0, 0, 0, 0, 0, 0, 0, 0, 0, 0, 0, 0, 0, 0, 0, 0, 0, 0, 0, 0, 0, 0, 0, 0, 0, 0, 0, 0, 0, 0, 0, 0, 0, 0, 0, 0, 0, 0, 0, 0, 0, 0, 0, 0, 0, 0, 0, 0, 0, 0, 0, 0, 0, 0, 0, 0, 0, 0, 0, 0, 0, 0, 0, 0, 0, 0, 0, 0, 0, 0, 0, 0, 0, 0, 0, 0, 0, 0, 0, 0, 0, 0, 0, 0, 0, 0, 0, 0, 0, 0, 0, 0, 0, 0, 0, 0, 0, 0, 0, 0, 0, 0, 0, 0, 0, 0, 0, 0, 0, 0, 0, 0, 0, 0, 0, 0, 0, 0, 0, 0]",465,"[0.943564772605896, 0.4078570604324341, 0.4168683886528015, 0.616686224937439, 0.5293288230895996, 1.0008853673934937, 1.2971899509429932, 0.6280474662780762, 0.4444652497768402, 0.7304158210754395, 0.4701559543609619, 0.827704906463623, 1.2973147630691528, 0.4683833420276642, 1.149863600730896, 1.0871384143829346, 1.7935153245925903, 1.743320345878601, 2.4489400386810303, 0.40781646966934204, 0.9330117702484131, 1.448720097541809, 0.4460039436817169, 0.4639253318309784, 0.40755340456962585, 0.42455989122390747, 1.6809790134429932, 1.1445692777633667, 1.708828091621399, 0.4451126754283905, 0.6742152571678162, 0.9358729720115662, 0.4238196611404419, 0.6089881062507629, 1.1865239143371582, 1.0919514894485474, 1.255497694015503, 1.1537541151046753, 0.7828648090362549, 1.2194172143936157, 0.6920487284660339, 0.7396681904792786, 0.41004830598831177, 1.051857352256775, 0.5039449334144592, 0.41353973746299744, 0.802904486656189, 0.8643848896026611, 1.7177271842956543, 0.9707816243171692, 0.6869711875915527, 0.4227030277252197, 0.8229193091392517, 0.6114243268966675, 0.5899593830108643, 0.8996410965919495, 2.3688137531280518, 0.7447291612625122, 2.5008621215820312, 1.614782691001892, 0.4500616490840912, 0.5370129346847534, 0.5261619091033936, 0.6897736191749573, 0.409669429063797, 1.2500954866409302, 0.6275571584701538, 0.47800639271736145, 0.6961670517921448, 0.5385477542877197, 1.2015577554702759, 1.0468761920928955, 1.2274949550628662, 1.8874043226242065, 2.0928354263305664, 1.128473162651062, 1.2566746473312378, 1.1819522380828857, 1.0010849237442017, 0.42228516936302185, 0.4280146360397339, 0.9035923480987549, 1.0345219373703003, 1.3917269706726074, 0.4665863811969757, 0.4756217300891876, 1.032527208328247, 0.8364409804344177, 1.6802178621292114, 2.1476099491119385, 1.096274971961975, 1.562767505645752, 2.115269422531128, 1.4293709993362427, 1.524743914604187, 1.1859428882598877, 1.4524766206741333, 0.992909848690033, 0.5607386827468872, 0.9314697980880737, 0.9175899624824524, 0.539233922958374, 2.221522331237793, 0.4596492350101471, 0.4081496000289917, 1.1345394849777222, 2.0072433948516846, 1.6915799379348755, 0.9561237096786499, 0.4197010099887848, 1.5107738971710205, 0.4514709711074829, 0.5572705268859863, 0.4746808707714081, 0.44069766998291016, 0.7468782067298889, 0.42694103717803955, 0.4159712493419647, 1.0040764808654785, 0.6767414808273315, 0.4153648614883423, 1.8787808418273926, 1.7571121454238892, 1.6449007987976074, 1.6174343824386597, 0.4214392900466919, 0.4094325602054596, 1.8264422416687012, 2.193009853363037, 0.42762261629104614, 0.44761085510253906, 0.8763974905014038, 0.4098481833934784, 0.4076004922389984, 1.4882969856262207, 1.2518208026885986, 0.7744630575180054, 2.2374870777130127, 0.48342907428741455, 0.7615083456039429, 0.4079957604408264, 0.701621413230896, 1.0868419408798218, 0.5244269371032715, 0.857181191444397, 1.9333348274230957, 1.769875168800354, 1.781408667564392, 2.3110580444335938, 0.43776610493659973, 0.9957980513572693, 0.6051345467567444, 0.4502740204334259, 0.46825936436653137, 1.4685615301132202, 0.9094657301902771, 1.4553375244140625, 0.7109213471412659, 0.4114580452442169, 0.4174344539642334, 2.3070311546325684, 0.4656921327114105, 0.4884783625602722, 0.8841182589530945, 0.8710315227508545, 1.7830212116241455, 1.0418668985366821, 0.9970118999481201, 1.054900050163269, 1.0461037158966064, 1.2868746519088745, 1.8606328964233398, 1.946457028388977, 1.6990368366241455, 2.713101863861084, 0.4431508779525757, 0.5656399130821228, 0.5007646083831787, 0.7732911705970764, 0.9695229530334473, 0.8707641363143921, 0.42533382773399353, 0.8903441429138184, 1.3114025592803955, 1.0638548135757446, 1.7428382635116577, 1.8853387832641602, 2.1755642890930176, 0.5408793091773987, 0.7533706426620483, 0.45036375522613525, 0.6681216955184937, 2.0277109146118164, 1.2001641988754272, 1.3597357273101807, 0.4731309115886688, 0.41139817237854004, 0.9931803941726685, 0.4150427281856537, 0.4296087920665741, 1.3515722751617432, 0.8253323435783386, 1.9586079120635986, 1.3187994956970215, 0.9925233721733093, 0.6573217511177063, 0.6762518286705017, 0.4145906865596771, 0.4865073263645172, 0.5410465598106384, 0.46627479791641235, 0.4423118531703949, 0.69440096616745, 1.0300651788711548, 0.5047529339790344, 0.4984908699989319, 0.4533504545688629, 0.6077139377593994, 1.2043111324310303, 0.637641966342926, 0.4768984317779541, 0.4537588357925415, 1.0734237432479858, 0.522203266620636, 0.45390158891677856, 0.40781405568122864, 1.8525781631469727, 1.2895607948303223, 1.0750365257263184, 0.8123823404312134, 1.7944519519805908, 2.0240118503570557, 1.0865024328231812, 1.3520605564117432, 0.5300509929656982, 1.2307475805282593, 0.6989378929138184, 0.5710000395774841, 1.586875319480896, 0.42800429463386536, 0.7370404005050659, 0.48206230998039246, 0.4281068444252014, 1.4196759462356567, 0.5816089510917664, 0.8760827779769897, 0.5629575252532959, 1.679459810256958, 1.8996038436889648, 1.8308755159378052, 1.8173352479934692, 1.6357330083847046, 1.4771053791046143, 0.6438305377960205, 0.41841235756874084, 0.8456903100013733, 0.49796563386917114, 1.9860626459121704, 1.2475407123565674, 1.6637264490127563, 1.5946649312973022, 1.5316133499145508, 0.5542503595352173, 1.9982861280441284, 1.9579980373382568, 1.6425994634628296, 1.0541377067565918, 0.7953875660896301, 1.5053006410598755, 0.47453662753105164, 1.2163498401641846, 0.7126172780990601, 0.7499299049377441, 1.4996802806854248, 0.8696107268333435, 1.7070870399475098, 1.55193293094635, 0.4692637622356415, 0.6029937863349915, 1.2563656568527222, 1.3009674549102783, 0.7745325565338135, 0.8356281518936157, 0.9487765431404114, 0.40922611951828003, 0.5347357392311096, 1.8601590394973755, 2.3844311237335205, 0.5422834157943726, 1.659605860710144, 1.756697654724121, 2.1912436485290527, 0.4793795645236969, 1.1635841131210327, 1.8793410062789917, 1.4869320392608643, 0.8612531423568726, 0.40909504890441895, 0.5250020027160645, 0.7264007329940796, 0.4303239583969116, 1.9762977361679077, 1.6852633953094482, 2.114699602127075, 1.163813829421997, 1.2776191234588623, 0.8873426914215088, 0.4819069802761078, 0.608367919921875, 0.9597793817520142, 0.42741766571998596, 0.7287135124206543, 0.602104902267456, 0.9134300351142883, 0.6848311424255371, 0.6393581628799438, 0.4428510367870331, 0.8609788417816162, 2.0399346351623535, 0.8297678232192993, 1.503446340560913, 1.0337697267532349, 0.7919300198554993, 0.8626528978347778, 0.5501692295074463, 2.014763355255127, 1.8245919942855835, 1.9919607639312744, 1.188450813293457, 1.7830792665481567, 2.2555456161499023, 0.40726515650749207, 0.9411353468894958, 0.4073074460029602, 1.3781651258468628, 0.9948853850364685, 1.12022066116333, 0.7446353435516357, 0.6652833819389343, 0.419234037399292, 1.3753613233566284, 0.7596332430839539, 2.367643356323242, 0.5801005959510803, 1.852982521057129, 1.443750262260437, 0.4141242206096649, 1.1770918369293213, 1.0551403760910034, 0.4458506107330322, 0.46008577942848206, 0.4720006585121155, 0.5108700394630432, 0.8520954847335815, 1.0793910026550293, 0.6553601026535034, 0.6158731579780579, 0.41070556640625, 0.9852427840232849, 0.44344764947891235, 0.9527696967124939, 1.449867606163025, 0.7938299775123596, 0.40722620487213135, 0.5745023488998413, 0.546442449092865, 0.7020617723464966, 0.6190063953399658, 0.48767006397247314, 0.42453253269195557, 1.4822524785995483, 1.1131991147994995, 0.8708972334861755, 0.7920224070549011, 0.4103228747844696, 1.352571725845337, 1.0511353015899658, 1.2987169027328491, 1.4127966165542603, 0.41077667474746704, 1.5898760557174683, 0.7095892429351807, 1.2544251680374146, 1.0493459701538086, 1.177763819694519, 1.308539628982544, 0.7794473171234131, 0.4081658124923706, 0.5969738960266113, 0.45154961943626404, 1.0836929082870483, 0.521618127822876, 0.8424508571624756, 1.5403642654418945, 1.3546770811080933, 0.9942005276679993, 0.7318692207336426, 0.5341747403144836, 1.863023281097412, 1.8002814054489136, 1.8192355632781982, 1.9942147731781006, 1.6633621454238892, 1.727121114730835, 1.381087064743042, 0.7761244773864746, 0.6806883215904236, 0.4354751706123352, 0.4711471498012543, 0.4237247407436371, 1.1036674976348877, 1.4306493997573853, 0.554103672504425, 2.0015430450439453, 1.7792258262634277, 2.259639024734497, 0.8348251581192017, 1.184005856513977, 1.1975657939910889, 0.5239048600196838, 1.3014960289001465, 1.3559930324554443, 0.7212132215499878, 0.4471437931060791, 1.1856039762496948, 1.244577169418335, 0.5504446625709534, 0.6390777826309204, 0.5112394094467163, 0.6178299188613892, 1.0451092720031738, 0.5232020020484924, 0.654201328754425, 0.9084713459014893, 0.4226383864879608, 1.3728103637695312, 0.7230737209320068, 0.5620829463005066, 1.74456787109375, 2.07037353515625, 0.7509809732437134, 2.102520704269409, 0.888098955154419, 1.066816806793213, 0.8794707655906677, 0.851595938205719, 0.7273367047309875, 0.6107423901557922, 0.8458313941955566, 1.2354636192321777, 1.488366961479187, 0.6905704736709595, 1.4864691495895386, 0.9869311451911926, 0.6513177752494812, 0.4222123324871063, 1.3097256422042847, 0.9022530913352966, 0.5445256233215332, 0.41888198256492615, 1.1352310180664062, 1.8414171934127808, 1.8115348815917969, 0.598206102848053, 0.408422589302063]",0.0,"[0.0, 0.0, 0.0, 0.0, 0.0, 0.0, 0.0, 0.0, 0.0, 0.0, 0.0, 0.0, 0.0, 0.0, 0.0, 0.0, 0.0, 0.0, 0.0, 0.0, 0.0, 0.0, 0.0, 0.0, 0.0, 0.0, 0.0, 0.0, 0.0, 0.0, 0.0, 0.0, 0.0, 0.0, 0.0, 0.0, 0.0, 0.0, 0.0, 0.0, 0.0, 0.0, 0.0, 0.0, 0.0, 0.0, 0.0, 0.0, 0.0, 0.0, 0.0, 0.0, 0.0, 0.0, 0.0, 0.0, 0.0, 0.0, 0.0, 0.0, 0.0, 0.0, 0.0, 0.0, 0.0, 0.0, 0.0, 0.0, 0.0, 0.0, 0.0, 0.0, 0.0, 0.0, 0.0, 0.0, 0.0, 0.0, 0.0, 0.0, 0.0, 0.0, 0.0, 0.0, 0.0, 0.0, 0.0, 0.0, 0.0, 0.0, 0.0, 0.0, 0.0, 0.0, 0.0, 0.0, 0.0, 0.0, 0.0, 0.0, 0.0, 0.0, 0.0, 0.0, 0.0, 0.0, 0.0, 0.0, 0.0, 0.0, 0.0, 0.0, 0.0, 0.0, 0.0, 0.0, 0.0, 0.0, 0.0, 0.0, 0.0, 0.0, 0.0, 0.0, 0.0, 0.0, 0.0, 0.0, 0.0, 0.0, 0.0, 0.0, 0.0, 0.0, 0.0, 0.0, 0.0, 0.0, 0.0, 0.0, 0.0, 0.0, 0.0, 0.0, 0.0, 0.0, 0.0, 0.0, 0.0, 0.0, 0.0, 0.0, 0.0, 0.0, 0.0, 0.0, 0.0, 0.0, 0.0, 0.0, 0.0, 0.0, 0.0, 0.0, 0.0, 0.0, 0.0, 0.0, 0.0, 0.0, 0.0, 0.0, 0.0, 0.0, 0.0, 0.0, 0.0, 0.0, 0.0, 0.0, 0.0, 0.0, 0.0, 0.0, 0.0, 0.0, 0.0, 0.0, 0.0, 0.0, 0.0, 0.0, 0.0, 0.0, 0.0, 0.0, 0.0, 0.0, 0.0, 0.0, 0.0, 0.0, 0.0, 0.0, 0.0, 0.0, 0.0, 0.0, 0.0, 0.0, 0.0, 0.0, 0.0, 0.0, 0.0, 0.0, 0.0, 0.0, 0.0, 0.0, 0.0, 0.0, 0.0, 0.0, 0.0, 0.0, 0.0, 0.0, 0.0, 0.0, 0.0, 0.0, 0.0, 0.0, 0.0, 0.0, 0.0, 0.0, 0.0, 0.0, 0.0, 0.0, 0.0, 0.0, 0.0, 0.0, 0.0, 0.0, 0.0, 0.0, 0.0, 0.0, 0.0, 0.0, 0.0, 0.0, 0.0, 0.0, 0.0, 0.0, 0.0, 0.0, 0.0, 0.0, 0.0, 0.0, 0.0, 0.0, 0.0, 0.0, 0.0, 0.0, 0.0, 0.0, 0.0, 0.0, 0.0, 0.0, 0.0, 0.0, 0.0, 0.0, 0.0, 0.0, 0.0, 0.0, 0.0, 0.0, 0.0, 0.0, 0.0, 0.0, 0.0, 0.0, 0.0, 0.0, 0.0, 0.0, 0.0, 0.0, 0.0, 0.0, 0.0, 0.0, 0.0, 0.0, 0.0, 0.0, 0.0, 0.0, 0.0, 0.0, 0.0, 0.0, 0.0, 0.0, 0.0, 0.0, 0.0, 0.0, 0.0, 0.0, 0.0, 0.0, 0.0, 0.0, 0.0, 0.0, 0.0, 0.0, 0.0, 0.0, 0.0, 0.0, 0.0, 0.0, 0.0, 0.0, 0.0, 0.0, 0.0, 0.0, 0.0, 0.0, 0.0, 0.0, 0.0, 0.0, 0.0, 0.0, 0.0, 0.0, 0.0, 0.0, 0.0, 0.0, 0.0, 0.0, 0.0, 0.0, 0.0, 0.0, 0.0, 0.0, 0.0, 0.0, 0.0, 0.0, 0.0, 0.0, 0.0, 0.0, 0.0, 0.0, 0.0, 0.0, 0.0, 0.0, 0.0, 0.0, 0.0, 0.0, 0.0, 0.0, 0.0, 0.0, 0.0, 0.0, 0.0, 0.0, 0.0, 0.0, 0.0, 0.0, 0.0, 0.0, 0.0, 0.0, 0.0, 0.0, 0.0, 0.0, 0.0, 0.0, 0.0, 0.0, 0.0, 0.0, 0.0, 0.0, 0.0, 0.0, 0.0, 0.0, 0.0, 0.0, 0.0, 0.0, 0.0, 0.0, 0.0, 0.0, 0.0, 0.0, 0.0, 0.0, 0.0, 0.0, 0.0, 0.0, 0.0, 0.0, 0.0, 0.0, 0.0, 0.0, 0.0, 0.0, 0.0, 0.0, 0.0, 0.0, 0.0, 0.0, 0.0, 0.0, 0.0, 0.0, 0.0, 0.0, 0.0, 0.0, 0.0, 0.0, 0.0, 0.0, 0.0, 0.0, 0.0, 0.0, 0.0, 0.0, 0.0, 0.0, 0.0]",COMPLETE
87,87,0.5,2024-08-31 05:02:08.062006,2024-08-31 05:02:13.974817,0 days 00:00:05.912811,16,0.7430383562776398,2,35,0.12899057933796568,5,0.010124381527673667,0.859,0.85875,0,"[3, 0, 0, 0, 0, 0, 0, 0, 0, 0, 0, 0, 0, 0, 0, 0, 0, 0, 0, 0, 0, 0, 0, 0, 0, 0, 0, 0, 0, 0, 0, 0, 0, 0, 0]",0.0,"[3.0, 0.0, 0.0, 0.0, 0.0, 0.0, 0.0, 0.0, 0.0, 0.0, 0.0, 0.0, 0.0, 0.0, 0.0, 0.0, 0.0, 0.0, 0.0, 0.0, 0.0, 0.0, 0.0, 0.0, 0.0, 0.0, 0.0, 0.0, 0.0, 0.0, 0.0, 0.0, 0.0, 0.0, 0.0]",0.5,0.5,0,"[3, 0, 0, 0, 0, 0, 0, 0, 0, 0, 0, 0, 0, 0, 0, 0, 0, 0, 0, 0, 0, 0, 0, 0, 0, 0, 0, 0, 0, 0, 0, 0, 0, 0, 0]",35,"[0.4160905182361603, 0.40844622254371643, 0.40728387236595154, 0.40791648626327515, 0.407226026058197, 0.4073488712310791, 0.40773749351501465, 0.4077008366584778, 0.4072486460208893, 0.4074694812297821, 0.40760868787765503, 0.40749114751815796, 0.4074017405509949, 0.4072522819042206, 0.40722712874412537, 0.40738165378570557, 0.40723851323127747, 0.40724968910217285, 0.4106355309486389, 0.40766945481300354, 0.4072719216346741, 0.4074520766735077, 0.4072798192501068, 0.4078400135040283, 0.4074663817882538, 0.40735748410224915, 0.40731561183929443, 0.40723609924316406, 0.40722742676734924, 0.40763700008392334, 0.4073331952095032, 0.40736186504364014, 0.40780627727508545, 0.40723487734794617, 0.4072474539279938]",0.0,"[3.0, 0.0, 0.0, 0.0, 0.0, 0.0, 0.0, 0.0, 0.0, 0.0, 0.0, 0.0, 0.0, 0.0, 0.0, 0.0, 0.0, 0.0, 0.0, 0.0, 0.0, 0.0, 0.0, 0.0, 0.0, 0.0, 0.0, 0.0, 0.0, 0.0, 0.0, 0.0, 0.0, 0.0, 0.0]",COMPLETE
88,88,0.8798546972214707,2024-08-31 05:02:15.891938,2024-08-31 05:02:26.923910,0 days 00:00:11.031972,16,2.431663647103308,4,15,0.08564382583726014,49,0.0011271183161158614,0.895,0.89125,9,"[33, 33, 33, 33, 33, 33, 33, 32, 19, 15, 14, 13, 12, 12, 9]",8.994557823129252,"[32.970068027210885, 32.96734693877551, 32.9578231292517, 32.965986394557824, 32.96054421768708, 32.95510204081633, 32.96054421768707, 31.95510204081633, 18.985034013605446, 14.978231292517005, 13.987755102040817, 12.982312925170067, 11.983673469387757, 11.983673469387755, 8.994557823129252]",0.8647198210024851,0.8798546972214707,9,"[33, 33, 33, 33, 33, 33, 33, 32, 19, 15, 14, 13, 12, 12, 9]",15,"[0.37863078713417053, 0.40911614894866943, 0.3594791889190674, 0.3488355576992035, 0.3810080587863922, 0.3665459454059601, 0.31434375047683716, 0.2957136034965515, 0.2808483839035034, 0.27324068546295166, 0.26842382550239563, 0.2662681043148041, 0.2652101218700409, 0.271781325340271, 0.27131712436676025]",9.0,"[33.0, 33.0, 33.0, 33.0, 33.0, 33.0, 33.0, 32.0, 19.0, 15.0, 14.0, 13.0, 12.0, 12.0, 9.0]",COMPLETE
