,number,value,datetime_start,datetime_complete,duration,params_batch_size_scaler,params_constant_learning_rate,params_depth,params_epochs,params_kernel_l2,params_num_trees,params_temperature,user_attrs_accuracy_test,user_attrs_accuracy_valid,user_attrs_approximate_feature_sparsity,user_attrs_approximate_feature_sparsity_history,user_attrs_approximate_weight_sparsity,user_attrs_approximate_weight_sparsity_history,user_attrs_auc_test,user_attrs_auc_valid,user_attrs_feature_sparsity,user_attrs_feature_sparsity_history,user_attrs_num_epochs,user_attrs_val_loss_history,user_attrs_weight_sparsity,user_attrs_weight_sparsity_history,state
115,115,0.9039687753603586,2024-08-31 05:46:29.700395,2024-08-31 05:47:44.198871,0 days 00:01:14.498476,16,0.03388727751148327,2,410,0.06927518575962585,40,0.019054837833299004,0.899,0.8975,33,"[33, 33, 33, 33, 33, 33, 33, 33, 33, 33, 33, 33, 33, 33, 33, 33, 33, 33, 33, 33, 33, 33, 33, 33, 33, 33, 33, 33, 33, 33, 33, 33, 33, 33, 33, 33, 33, 33, 33, 33, 33, 33, 33, 33, 33, 33, 33, 33, 33, 33, 33, 33, 33, 33, 33, 33, 33, 33, 33, 33, 33, 33, 33, 33, 33, 33, 33, 33, 33, 33, 33, 33, 33, 33, 33, 33, 33, 33, 33, 33, 33, 33, 33, 33, 33, 33, 33, 33, 33, 33, 33, 33, 33, 33, 33, 33, 33, 33, 33, 33, 33, 33, 33, 33, 33, 33, 33, 33, 33, 33, 33, 33, 33, 33, 33, 33, 33, 33, 33, 33, 33, 33, 33, 33, 33, 33, 33, 33, 33, 33, 33, 33, 33, 33, 33, 33, 33, 33, 33, 33, 33, 33, 33, 33, 33, 33, 33, 33, 33, 33, 33, 33, 33, 33, 33, 33, 33, 33, 33, 33, 33, 33, 33, 33, 33, 33, 33, 33, 33, 33, 33, 33, 33, 33, 33, 33, 33, 33, 33, 33, 33, 33, 33, 33, 33, 33, 33, 33, 33, 33, 33, 33, 33, 33, 33, 33, 33, 33, 33, 33, 33, 33, 33, 33, 33, 33, 33, 33, 33, 33, 33, 33, 33, 33, 33, 33, 33, 33, 33, 33, 33, 33, 33, 33, 33, 33, 33, 33, 33, 33, 33, 33, 33, 33, 33, 33, 33, 33, 33, 33, 33, 33, 33, 33, 33, 33, 33, 33, 33, 33, 33, 33, 33, 33, 33, 33, 33, 33, 33, 33, 33, 33, 33, 33, 33, 33, 33, 33, 33, 33, 33, 33, 33, 33, 33, 33, 33, 33, 33, 33, 33, 33, 33, 33, 33, 33, 33, 33, 33, 33, 33, 33, 33, 33, 33, 33, 33, 33, 33, 33, 33, 33, 33, 33, 33, 33, 33, 33, 33, 33, 33, 33, 33, 33, 33, 33, 33, 33, 33, 33, 33, 33, 33, 33, 33, 33, 33, 33, 33, 33, 33, 33, 33, 33, 33, 33, 33, 33, 33, 33, 33, 33, 33, 33, 33, 33, 33, 33, 33, 33, 33, 33, 33, 33, 33, 33, 33, 33, 33, 33, 33, 33, 33, 33, 33, 33, 33, 33, 33, 33, 33, 33, 33, 33, 33, 33, 33, 33, 33, 33, 33, 33, 33, 33, 33, 33, 33, 33, 33, 33, 33, 33, 33, 33, 33, 33, 33, 33, 33, 33, 33, 33, 33, 33, 33, 33, 33, 33, 33, 33]",32.983333333333334,"[32.96666666666667, 32.975, 32.975, 32.95, 32.96666666666667, 32.99166666666667, 32.99166666666667, 32.99166666666667, 32.99166666666667, 32.975, 32.99166666666667, 32.975, 32.99166666666667, 32.975, 32.975, 32.975, 32.983333333333334, 32.983333333333334, 32.99166666666667, 32.983333333333334, 32.99166666666667, 32.983333333333334, 32.99166666666667, 32.983333333333334, 32.983333333333334, 32.975, 32.99166666666667, 32.975, 32.96666666666667, 32.96666666666667, 32.975, 32.95, 32.96666666666667, 32.958333333333336, 32.95, 32.95, 32.958333333333336, 32.95, 32.95, 32.96666666666667, 32.925, 32.916666666666664, 32.925, 32.95, 32.975, 32.96666666666667, 32.983333333333334, 32.99166666666667, 32.99166666666667, 32.99166666666667, 33.0, 33.0, 33.0, 32.983333333333334, 32.99166666666667, 32.975, 32.975, 32.975, 32.983333333333334, 32.983333333333334, 33.0, 32.99166666666667, 33.0, 33.0, 33.0, 32.983333333333334, 32.983333333333334, 32.975, 32.983333333333334, 32.96666666666667, 32.983333333333334, 32.975, 32.99166666666667, 32.99166666666667, 32.983333333333334, 32.99166666666667, 32.99166666666667, 32.983333333333334, 32.975, 32.983333333333334, 32.99166666666667, 32.983333333333334, 32.983333333333334, 32.99166666666667, 32.983333333333334, 32.983333333333334, 32.99166666666667, 32.983333333333334, 32.99166666666667, 32.99166666666667, 32.99166666666667, 32.983333333333334, 32.99166666666667, 32.99166666666667, 32.983333333333334, 32.99166666666667, 32.99166666666667, 32.99166666666667, 32.983333333333334, 32.975, 32.983333333333334, 32.983333333333334, 32.99166666666667, 32.983333333333334, 32.983333333333334, 32.99166666666667, 32.99166666666667, 32.99166666666667, 32.983333333333334, 32.975, 32.975, 32.983333333333334, 32.983333333333334, 32.983333333333334, 32.99166666666667, 32.983333333333334, 32.99166666666667, 32.983333333333334, 32.983333333333334, 32.983333333333334, 32.975, 32.983333333333334, 32.975, 32.983333333333334, 32.99166666666667, 32.99166666666667, 32.99166666666667, 32.983333333333334, 32.975, 32.975, 32.96666666666667, 32.983333333333334, 32.99166666666667, 32.983333333333334, 32.983333333333334, 32.983333333333334, 32.983333333333334, 32.983333333333334, 32.983333333333334, 32.983333333333334, 32.975, 32.99166666666667, 32.975, 32.99166666666667, 32.983333333333334, 32.99166666666667, 32.99166666666667, 32.99166666666667, 32.99166666666667, 32.99166666666667, 32.99166666666667, 32.975, 32.975, 32.983333333333334, 32.99166666666667, 32.99166666666667, 32.99166666666667, 32.99166666666667, 32.99166666666667, 32.99166666666667, 32.99166666666667, 32.975, 32.975, 32.975, 32.96666666666667, 32.958333333333336, 32.983333333333334, 32.96666666666667, 32.983333333333334, 32.96666666666667, 32.958333333333336, 32.983333333333334, 32.975, 32.983333333333334, 32.95, 32.975, 32.983333333333334, 32.96666666666667, 32.975, 32.983333333333334, 32.975, 32.958333333333336, 32.95, 32.95, 32.958333333333336, 32.958333333333336, 32.958333333333336, 32.94166666666666, 32.96666666666667, 32.975, 32.96666666666667, 32.958333333333336, 32.975, 32.975, 32.975, 32.983333333333334, 32.983333333333334, 32.983333333333334, 32.99166666666667, 32.983333333333334, 32.983333333333334, 32.975, 32.983333333333334, 32.983333333333334, 32.983333333333334, 32.983333333333334, 32.99166666666667, 32.983333333333334, 32.99166666666667, 32.983333333333334, 32.983333333333334, 32.983333333333334, 32.99166666666667, 32.99166666666667, 32.99166666666667, 32.96666666666667, 32.96666666666667, 32.975, 32.983333333333334, 32.983333333333334, 32.983333333333334, 32.975, 32.958333333333336, 32.975, 32.96666666666667, 32.96666666666667, 32.958333333333336, 32.958333333333336, 32.958333333333336, 32.975, 32.958333333333336, 32.95, 32.96666666666667, 32.975, 32.983333333333334, 32.983333333333334, 32.975, 32.975, 32.975, 32.975, 32.983333333333334, 32.975, 32.96666666666667, 32.96666666666667, 32.975, 32.983333333333334, 32.975, 32.983333333333334, 32.975, 32.975, 32.983333333333334, 32.99166666666667, 32.983333333333334, 32.99166666666667, 32.99166666666667, 32.99166666666667, 32.983333333333334, 32.99166666666667, 32.983333333333334, 32.983333333333334, 33.0, 32.975, 32.96666666666667, 32.975, 32.96666666666667, 32.983333333333334, 32.975, 32.99166666666667, 32.983333333333334, 32.99166666666667, 32.99166666666667, 33.0, 33.0, 32.983333333333334, 33.0, 32.99166666666667, 32.99166666666667, 32.99166666666667, 32.99166666666667, 33.0, 33.0, 32.99166666666667, 32.99166666666667, 33.0, 33.0, 33.0, 32.99166666666667, 32.99166666666667, 33.0, 32.99166666666667, 32.99166666666667, 32.99166666666667, 33.0, 33.0, 32.99166666666667, 33.0, 33.0, 32.99166666666667, 33.0, 32.99166666666667, 32.99166666666667, 33.0, 32.975, 32.99166666666667, 32.983333333333334, 32.983333333333334, 32.99166666666667, 33.0, 33.0, 32.99166666666667, 32.99166666666667, 32.983333333333334, 32.983333333333334, 32.983333333333334, 32.983333333333334, 32.99166666666667, 32.99166666666667, 32.99166666666667, 32.983333333333334, 32.975, 32.975, 32.96666666666667, 32.983333333333334, 32.975, 32.96666666666667, 32.96666666666667, 32.975, 32.983333333333334, 32.96666666666667, 32.975, 32.99166666666667, 32.983333333333334, 32.975, 33.0, 33.0, 32.99166666666667, 32.99166666666667, 32.975, 32.975, 32.983333333333334, 32.99166666666667, 33.0, 33.0, 32.99166666666667, 33.0, 33.0, 33.0, 32.99166666666667, 33.0, 32.99166666666667, 32.99166666666667, 33.0, 32.99166666666667, 33.0, 33.0, 33.0, 32.99166666666667, 32.99166666666667, 32.99166666666667, 33.0, 33.0, 33.0, 33.0, 33.0, 33.0, 32.99166666666667, 32.99166666666667, 32.99166666666667, 32.99166666666667, 32.99166666666667, 32.983333333333334, 32.99166666666667, 32.99166666666667, 32.99166666666667, 32.99166666666667, 32.99166666666667, 32.983333333333334, 32.96666666666667, 32.983333333333334, 32.983333333333334, 32.99166666666667, 32.99166666666667, 32.99166666666667, 32.99166666666667, 32.99166666666667, 32.99166666666667, 32.983333333333334, 32.983333333333334, 32.983333333333334, 32.99166666666667, 32.99166666666667, 32.983333333333334, 32.975, 32.96666666666667, 32.975, 32.975, 32.975, 32.975, 32.96666666666667, 32.975, 32.96666666666667, 32.975, 32.96666666666667, 32.983333333333334, 32.983333333333334, 32.983333333333334, 33.0, 32.983333333333334, 32.983333333333334, 32.983333333333334]",0.8888035733452226,0.9039687753603586,33,"[33, 33, 33, 33, 33, 33, 33, 33, 33, 33, 33, 33, 33, 33, 33, 33, 33, 33, 33, 33, 33, 33, 33, 33, 33, 33, 33, 33, 33, 33, 33, 33, 33, 33, 33, 33, 33, 33, 33, 33, 33, 33, 33, 33, 33, 33, 33, 33, 33, 33, 33, 33, 33, 33, 33, 33, 33, 33, 33, 33, 33, 33, 33, 33, 33, 33, 33, 33, 33, 33, 33, 33, 33, 33, 33, 33, 33, 33, 33, 33, 33, 33, 33, 33, 33, 33, 33, 33, 33, 33, 33, 33, 33, 33, 33, 33, 33, 33, 33, 33, 33, 33, 33, 33, 33, 33, 33, 33, 33, 33, 33, 33, 33, 33, 33, 33, 33, 33, 33, 33, 33, 33, 33, 33, 33, 33, 33, 33, 33, 33, 33, 33, 33, 33, 33, 33, 33, 33, 33, 33, 33, 33, 33, 33, 33, 33, 33, 33, 33, 33, 33, 33, 33, 33, 33, 33, 33, 33, 33, 33, 33, 33, 33, 33, 33, 33, 33, 33, 33, 33, 33, 33, 33, 33, 33, 33, 33, 33, 33, 33, 33, 33, 33, 33, 33, 33, 33, 33, 33, 33, 33, 33, 33, 33, 33, 33, 33, 33, 33, 33, 33, 33, 33, 33, 33, 33, 33, 33, 33, 33, 33, 33, 33, 33, 33, 33, 33, 33, 33, 33, 33, 33, 33, 33, 33, 33, 33, 33, 33, 33, 33, 33, 33, 33, 33, 33, 33, 33, 33, 33, 33, 33, 33, 33, 33, 33, 33, 33, 33, 33, 33, 33, 33, 33, 33, 33, 33, 33, 33, 33, 33, 33, 33, 33, 33, 33, 33, 33, 33, 33, 33, 33, 33, 33, 33, 33, 33, 33, 33, 33, 33, 33, 33, 33, 33, 33, 33, 33, 33, 33, 33, 33, 33, 33, 33, 33, 33, 33, 33, 33, 33, 33, 33, 33, 33, 33, 33, 33, 33, 33, 33, 33, 33, 33, 33, 33, 33, 33, 33, 33, 33, 33, 33, 33, 33, 33, 33, 33, 33, 33, 33, 33, 33, 33, 33, 33, 33, 33, 33, 33, 33, 33, 33, 33, 33, 33, 33, 33, 33, 33, 33, 33, 33, 33, 33, 33, 33, 33, 33, 33, 33, 33, 33, 33, 33, 33, 33, 33, 33, 33, 33, 33, 33, 33, 33, 33, 33, 33, 33, 33, 33, 33, 33, 33, 33, 33, 33, 33, 33, 33, 33, 33, 33, 33, 33, 33, 33, 33, 33, 33, 33, 33, 33, 33, 33, 33, 33, 33, 33, 33]",410,"[0.4502934515476227, 0.42997220158576965, 0.4260869324207306, 0.42351406812667847, 0.4214535653591156, 0.41957953572273254, 0.4178086519241333, 0.41593876481056213, 0.414445161819458, 0.41284629702568054, 0.41155844926834106, 0.41023731231689453, 0.4089874029159546, 0.4080251455307007, 0.40698811411857605, 0.40606948733329773, 0.4050932824611664, 0.40432265400886536, 0.40339675545692444, 0.40276435017585754, 0.4019128680229187, 0.4012609124183655, 0.40062782168388367, 0.4001297652721405, 0.39934009313583374, 0.3987451195716858, 0.3981925845146179, 0.3975185751914978, 0.3971148729324341, 0.3965221047401428, 0.39593052864074707, 0.39546748995780945, 0.39504843950271606, 0.39470505714416504, 0.39416658878326416, 0.39368942379951477, 0.393198698759079, 0.39287686347961426, 0.392287939786911, 0.391752690076828, 0.3915020823478699, 0.3910285234451294, 0.3906106650829315, 0.3900405466556549, 0.3896256983280182, 0.38930121064186096, 0.38886454701423645, 0.38867107033729553, 0.38825929164886475, 0.38759303092956543, 0.38726645708084106, 0.3868321478366852, 0.3864539861679077, 0.38606399297714233, 0.38583290576934814, 0.38521167635917664, 0.3849169909954071, 0.38443148136138916, 0.384034663438797, 0.38378986716270447, 0.38332322239875793, 0.3829164206981659, 0.38253629207611084, 0.3820139765739441, 0.38165852427482605, 0.3814442753791809, 0.3810412585735321, 0.380580872297287, 0.3802754580974579, 0.37992459535598755, 0.3795856535434723, 0.37918224930763245, 0.37884533405303955, 0.37852516770362854, 0.3781318962574005, 0.37774014472961426, 0.3773765563964844, 0.37701499462127686, 0.376748263835907, 0.37647420167922974, 0.3759543299674988, 0.375589519739151, 0.37527671456336975, 0.37485113739967346, 0.3744548559188843, 0.3741990029811859, 0.37384849786758423, 0.3734355568885803, 0.37323498725891113, 0.37282851338386536, 0.37259432673454285, 0.3720732629299164, 0.3716852068901062, 0.3714064657688141, 0.3710862994194031, 0.3707679510116577, 0.370512455701828, 0.3700014352798462, 0.36979472637176514, 0.3694439232349396, 0.3690234124660492, 0.3686527609825134, 0.3682965338230133, 0.3679867684841156, 0.36778488755226135, 0.36734965443611145, 0.3669968545436859, 0.3667270243167877, 0.36633482575416565, 0.3660823702812195, 0.3656793534755707, 0.3652913570404053, 0.36491528153419495, 0.3647153973579407, 0.36433109641075134, 0.3639884889125824, 0.3637228310108185, 0.36334002017974854, 0.3631439507007599, 0.36287638545036316, 0.36247459053993225, 0.3621816337108612, 0.36177384853363037, 0.36141595244407654, 0.3611571788787842, 0.36087659001350403, 0.3604607880115509, 0.36000746488571167, 0.35974743962287903, 0.35944661498069763, 0.35901939868927, 0.3587695360183716, 0.35833561420440674, 0.35800701379776, 0.35771629214286804, 0.35727959871292114, 0.35693976283073425, 0.35681161284446716, 0.35646316409111023, 0.3560488224029541, 0.35569775104522705, 0.35543292760849, 0.35515254735946655, 0.35477572679519653, 0.35450372099876404, 0.35415101051330566, 0.3539005219936371, 0.35353583097457886, 0.35311394929885864, 0.3527825176715851, 0.352428674697876, 0.3521862328052521, 0.3517089784145355, 0.35139429569244385, 0.3510614037513733, 0.35076844692230225, 0.35040518641471863, 0.35007330775260925, 0.3497012257575989, 0.34947746992111206, 0.34912559390068054, 0.34872370958328247, 0.34840622544288635, 0.3481470048427582, 0.3477899432182312, 0.3474080264568329, 0.34700149297714233, 0.34693676233291626, 0.3464745581150055, 0.34612080454826355, 0.34585097432136536, 0.3454520106315613, 0.34509408473968506, 0.344862699508667, 0.34459060430526733, 0.34424644708633423, 0.3439057469367981, 0.34351977705955505, 0.34319227933883667, 0.3430410623550415, 0.3424907624721527, 0.3421207368373871, 0.34182876348495483, 0.3414667248725891, 0.34131190180778503, 0.3408205807209015, 0.3404666483402252, 0.3401659429073334, 0.33981871604919434, 0.3394566476345062, 0.3390676975250244, 0.3387899100780487, 0.3384111821651459, 0.3381786048412323, 0.33770751953125, 0.33742186427116394, 0.3370494842529297, 0.336699903011322, 0.33644676208496094, 0.33605802059173584, 0.33564266562461853, 0.33518242835998535, 0.33497685194015503, 0.33448469638824463, 0.3341057598590851, 0.3337586224079132, 0.33341747522354126, 0.33292102813720703, 0.3325791656970978, 0.3323019742965698, 0.33191773295402527, 0.3315659761428833, 0.3311808109283447, 0.33084526658058167, 0.33050286769866943, 0.330049067735672, 0.3297059237957001, 0.3294183313846588, 0.32891979813575745, 0.32854530215263367, 0.3281807601451874, 0.3278217613697052, 0.3275454640388489, 0.32718050479888916, 0.32693415880203247, 0.32644718885421753, 0.3262196481227875, 0.32575100660324097, 0.32546359300613403, 0.32501593232154846, 0.3246886432170868, 0.3243409991264343, 0.32406437397003174, 0.32356154918670654, 0.3232468366622925, 0.3228937089443207, 0.322458416223526, 0.32207271456718445, 0.32186001539230347, 0.32133686542510986, 0.3209506869316101, 0.32067546248435974, 0.32025787234306335, 0.3198016285896301, 0.3194754719734192, 0.3191307783126831, 0.3187761604785919, 0.3185342252254486, 0.31816449761390686, 0.31792402267456055, 0.3177410066127777, 0.3170683979988098, 0.31671765446662903, 0.31635624170303345, 0.31600096821784973, 0.3155285716056824, 0.31524327397346497, 0.3148919343948364, 0.31454694271087646, 0.31413719058036804, 0.3138169050216675, 0.3132840692996979, 0.31301990151405334, 0.3126768171787262, 0.31236404180526733, 0.3123634457588196, 0.31175222992897034, 0.31137675046920776, 0.31102868914604187, 0.31048306822776794, 0.3101767301559448, 0.3099091649055481, 0.309482216835022, 0.3092295825481415, 0.30892693996429443, 0.3085596561431885, 0.308281272649765, 0.30786842107772827, 0.3075674772262573, 0.30717533826828003, 0.3069421648979187, 0.30676841735839844, 0.3064640760421753, 0.3059057295322418, 0.3057542145252228, 0.30538004636764526, 0.30501532554626465, 0.30455371737480164, 0.3041890561580658, 0.3038548529148102, 0.30343103408813477, 0.30319494009017944, 0.3028383255004883, 0.30231353640556335, 0.301941841840744, 0.3015987277030945, 0.3014720678329468, 0.3009214997291565, 0.30054640769958496, 0.30027949810028076, 0.3001025915145874, 0.29968634247779846, 0.29934918880462646, 0.29893213510513306, 0.2987508475780487, 0.2985273003578186, 0.29842138290405273, 0.29788273572921753, 0.2973517179489136, 0.2970312237739563, 0.2967653274536133, 0.29651010036468506, 0.2963767349720001, 0.2959783673286438, 0.2956382632255554, 0.29533353447914124, 0.2950657904148102, 0.29475247859954834, 0.29450932145118713, 0.2940821945667267, 0.2939116358757019, 0.2936435341835022, 0.2933206260204315, 0.2930819094181061, 0.29271212220191956, 0.292521208524704, 0.2921752631664276, 0.29190218448638916, 0.2915516197681427, 0.29131266474723816, 0.29124483466148376, 0.290844202041626, 0.2904335856437683, 0.2904139757156372, 0.2899525463581085, 0.28965994715690613, 0.2892551124095917, 0.28908753395080566, 0.28885966539382935, 0.2885376214981079, 0.288126677274704, 0.287840873003006, 0.28762370347976685, 0.2876637578010559, 0.2873484492301941, 0.28694018721580505, 0.2867942750453949, 0.2864351272583008, 0.28631800413131714, 0.28587132692337036, 0.28563815355300903, 0.2854432761669159, 0.2853330373764038, 0.2848910391330719, 0.2847687304019928, 0.2845163643360138, 0.284186452627182, 0.28399452567100525, 0.2839716970920563, 0.2837539613246918, 0.2834228277206421, 0.2831927239894867, 0.2829136550426483, 0.2828528583049774, 0.28247782588005066, 0.28216999769210815, 0.2817303538322449, 0.2816535234451294, 0.28141260147094727, 0.28131386637687683, 0.28098225593566895, 0.28077247738838196, 0.28045928478240967, 0.280205100774765, 0.2799685001373291, 0.27974411845207214, 0.2794455289840698, 0.27928948402404785, 0.2789979875087738, 0.2788044214248657, 0.27849894762039185, 0.27835556864738464, 0.27816253900527954, 0.2778815031051636, 0.27765724062919617, 0.2774827480316162, 0.2772698700428009, 0.27687984704971313, 0.27684077620506287, 0.27644750475883484, 0.27630922198295593, 0.2758926451206207, 0.27578994631767273, 0.2755337059497833, 0.27535000443458557, 0.2751058042049408, 0.2750056982040405, 0.2748004198074341, 0.27473917603492737, 0.2746426463127136, 0.2741963267326355, 0.27402472496032715, 0.27384528517723083, 0.27372831106185913, 0.2735913395881653, 0.27336615324020386, 0.2730056047439575, 0.27281519770622253, 0.27270588278770447, 0.2724109888076782]",33.0,"[33.0, 33.0, 33.0, 33.0, 33.0, 33.0, 33.0, 33.0, 33.0, 33.0, 33.0, 33.0, 33.0, 33.0, 33.0, 33.0, 33.0, 33.0, 33.0, 33.0, 33.0, 33.0, 33.0, 33.0, 33.0, 33.0, 33.0, 33.0, 33.0, 33.0, 33.0, 33.0, 33.0, 33.0, 33.0, 33.0, 33.0, 33.0, 33.0, 33.0, 33.0, 33.0, 33.0, 33.0, 33.0, 33.0, 33.0, 33.0, 33.0, 33.0, 33.0, 33.0, 33.0, 33.0, 33.0, 33.0, 33.0, 33.0, 33.0, 33.0, 33.0, 33.0, 33.0, 33.0, 33.0, 33.0, 33.0, 33.0, 33.0, 33.0, 33.0, 33.0, 33.0, 33.0, 33.0, 33.0, 33.0, 33.0, 33.0, 33.0, 33.0, 33.0, 33.0, 33.0, 33.0, 33.0, 33.0, 33.0, 33.0, 33.0, 33.0, 33.0, 33.0, 33.0, 33.0, 33.0, 33.0, 33.0, 33.0, 33.0, 33.0, 33.0, 33.0, 33.0, 33.0, 33.0, 33.0, 33.0, 33.0, 33.0, 33.0, 33.0, 33.0, 33.0, 33.0, 33.0, 33.0, 33.0, 33.0, 33.0, 33.0, 33.0, 33.0, 33.0, 33.0, 33.0, 33.0, 33.0, 33.0, 33.0, 33.0, 33.0, 33.0, 33.0, 33.0, 33.0, 33.0, 33.0, 33.0, 33.0, 33.0, 33.0, 33.0, 33.0, 33.0, 33.0, 33.0, 33.0, 33.0, 33.0, 33.0, 33.0, 33.0, 33.0, 33.0, 33.0, 33.0, 33.0, 33.0, 33.0, 33.0, 33.0, 33.0, 33.0, 33.0, 33.0, 33.0, 33.0, 33.0, 33.0, 33.0, 33.0, 33.0, 33.0, 33.0, 33.0, 33.0, 33.0, 33.0, 33.0, 33.0, 33.0, 33.0, 33.0, 33.0, 33.0, 33.0, 33.0, 33.0, 33.0, 33.0, 33.0, 33.0, 33.0, 33.0, 33.0, 33.0, 33.0, 33.0, 33.0, 33.0, 33.0, 33.0, 33.0, 33.0, 33.0, 33.0, 33.0, 33.0, 33.0, 33.0, 33.0, 33.0, 33.0, 33.0, 33.0, 33.0, 33.0, 33.0, 33.0, 33.0, 33.0, 33.0, 33.0, 33.0, 33.0, 33.0, 33.0, 33.0, 33.0, 33.0, 33.0, 33.0, 33.0, 33.0, 33.0, 33.0, 33.0, 33.0, 33.0, 33.0, 33.0, 33.0, 33.0, 33.0, 33.0, 33.0, 33.0, 33.0, 33.0, 33.0, 33.0, 33.0, 33.0, 33.0, 33.0, 33.0, 33.0, 33.0, 33.0, 33.0, 33.0, 33.0, 33.0, 33.0, 33.0, 33.0, 33.0, 33.0, 33.0, 33.0, 33.0, 33.0, 33.0, 33.0, 33.0, 33.0, 33.0, 33.0, 33.0, 33.0, 33.0, 33.0, 33.0, 33.0, 33.0, 33.0, 33.0, 33.0, 33.0, 33.0, 33.0, 33.0, 33.0, 33.0, 33.0, 33.0, 33.0, 33.0, 33.0, 33.0, 33.0, 33.0, 33.0, 33.0, 33.0, 33.0, 33.0, 33.0, 33.0, 33.0, 33.0, 33.0, 33.0, 33.0, 33.0, 33.0, 33.0, 33.0, 33.0, 33.0, 33.0, 33.0, 33.0, 33.0, 33.0, 33.0, 33.0, 33.0, 33.0, 33.0, 33.0, 33.0, 33.0, 33.0, 33.0, 33.0, 33.0, 33.0, 33.0, 33.0, 33.0, 33.0, 33.0, 33.0, 33.0, 33.0, 33.0, 33.0, 33.0, 33.0, 33.0, 33.0, 33.0, 33.0, 33.0, 33.0, 33.0, 33.0, 33.0, 33.0, 33.0, 33.0, 33.0, 33.0, 33.0, 33.0, 33.0, 33.0, 33.0, 33.0, 33.0, 33.0, 33.0, 33.0, 33.0, 33.0, 33.0, 33.0, 33.0, 33.0, 33.0, 33.0, 33.0, 33.0, 33.0, 33.0, 33.0, 33.0, 33.0, 33.0, 33.0, 33.0, 33.0, 33.0, 33.0, 33.0, 33.0, 33.0, 33.0, 33.0, 33.0, 33.0, 33.0, 33.0, 33.0, 33.0, 33.0, 33.0, 33.0]",COMPLETE
