,number,value,datetime_start,datetime_complete,duration,params_batch_size_scaler,params_constant_learning_rate,params_depth,params_epochs,params_kernel_l2,params_num_trees,params_temperature,user_attrs_accuracy_test,user_attrs_accuracy_valid,user_attrs_approximate_feature_sparsity,user_attrs_approximate_feature_sparsity_history,user_attrs_approximate_weight_sparsity,user_attrs_approximate_weight_sparsity_history,user_attrs_auc_test,user_attrs_auc_valid,user_attrs_feature_sparsity,user_attrs_feature_sparsity_history,user_attrs_num_epochs,user_attrs_val_loss_history,user_attrs_weight_sparsity,user_attrs_weight_sparsity_history,state
136,136,0.5,2024-08-31 06:55:00.553035,2024-08-31 06:59:28.207341,0 days 00:04:27.654306,4,5.724169862115248,4,420,0.4876749798803879,77,0.08282492638620503,0.859,0.85875,0,"[0, 0, 0, 0, 0, 0, 0, 0, 0, 0, 0, 0, 0, 0, 0, 0, 0, 0, 0, 0, 0, 0, 0, 0, 0, 0, 0, 0, 0, 0, 0, 0, 0, 0, 0, 0, 0, 0, 0, 0, 0, 0, 0, 0, 0, 0, 0, 0, 0, 0, 0, 0, 0, 0, 0, 0, 0, 0, 0, 0, 0, 0, 0, 0, 0, 0, 0, 0, 0, 0, 0, 0, 0, 0, 0, 0, 0, 0, 0, 0, 0, 0, 0, 0, 0, 0, 0, 0, 0, 0, 0, 0, 0, 0, 0, 0, 0, 0, 0, 0, 0, 0, 0, 0, 0, 0, 0, 0, 0, 0, 0, 0, 0, 0, 0, 0, 0, 0, 0, 0, 0, 0, 0, 0, 0, 0, 0, 0, 0, 0, 0, 0, 0, 0, 0, 0, 0, 0, 0, 0, 0, 0, 0, 0, 0, 0, 0, 0, 0, 0, 0, 0, 0, 0, 0, 0, 0, 0, 0, 0, 0, 0, 0, 0, 0, 0, 0, 0, 0, 0, 0, 0, 0, 0, 0, 0, 0, 0, 0, 0, 0, 0, 0, 0, 0, 0, 0, 0, 0, 0, 0, 0, 0, 0, 0, 0, 0, 0, 0, 0, 0, 0, 0, 0, 0, 0, 0, 0, 0, 0, 0, 0, 0, 0, 0, 0, 0, 0, 0, 0, 0, 0, 0, 0, 0, 0, 0, 0, 0, 0, 0, 0, 0, 0, 0, 0, 0, 0, 0, 0, 0, 0, 0, 0, 0, 0, 0, 0, 0, 0, 0, 0, 0, 0, 0, 0, 0, 0, 0, 0, 0, 0, 0, 0, 0, 0, 0, 0, 0, 0, 0, 0, 0, 0, 0, 0, 0, 0, 0, 0, 0, 0, 0, 0, 0, 0, 0, 0, 0, 0, 0, 0, 0, 0, 0, 0, 0, 0, 0, 0, 0, 0, 0, 0, 0, 0, 0, 0, 0, 0, 0, 0, 0, 0, 0, 0, 0, 0, 0, 0, 0, 0, 0, 0, 0, 0, 0, 0, 0, 0, 0, 0, 0, 0, 0, 0, 0, 0, 0, 0, 0, 0, 0, 0, 0, 0, 0, 0, 0, 0, 0, 0, 0, 0, 0, 0, 0, 0, 0, 0, 0, 0, 0, 0, 0, 0, 0, 0, 0, 0, 0, 0, 0, 0, 0, 0, 0, 0, 0, 0, 0, 0, 0, 0, 0, 0, 0, 0, 0, 0, 0, 0, 0, 0, 0, 0, 0, 0, 0, 0, 0, 0, 0, 0, 0, 0, 0, 0, 0, 0, 0, 0, 0, 0, 0, 0, 0, 0, 0, 0]",0.0,"[0.0, 0.0, 0.0, 0.0, 0.0, 0.0, 0.0, 0.0, 0.0, 0.0, 0.0, 0.0, 0.0, 0.0, 0.0, 0.0, 0.0, 0.0, 0.0, 0.0, 0.0, 0.0, 0.0, 0.0, 0.0, 0.0, 0.0, 0.0, 0.0, 0.0, 0.0, 0.0, 0.0, 0.0, 0.0, 0.0, 0.0, 0.0, 0.0, 0.0, 0.0, 0.0, 0.0, 0.0, 0.0, 0.0, 0.0, 0.0, 0.0, 0.0, 0.0, 0.0, 0.0, 0.0, 0.0, 0.0, 0.0, 0.0, 0.0, 0.0, 0.0, 0.0, 0.0, 0.0, 0.0, 0.0, 0.0, 0.0, 0.0, 0.0, 0.0, 0.0, 0.0, 0.0, 0.0, 0.0, 0.0, 0.0, 0.0, 0.0, 0.0, 0.0, 0.0, 0.0, 0.0, 0.0, 0.0, 0.0, 0.0, 0.0, 0.0, 0.0, 0.0, 0.0, 0.0, 0.0, 0.0, 0.0, 0.0, 0.0, 0.0, 0.0, 0.0, 0.0, 0.0, 0.0, 0.0, 0.0, 0.0, 0.0, 0.0, 0.0, 0.0, 0.0, 0.0, 0.0, 0.0, 0.0, 0.0, 0.0, 0.0, 0.0, 0.0, 0.0, 0.0, 0.0, 0.0, 0.0, 0.0, 0.0, 0.0, 0.0, 0.0, 0.0, 0.0, 0.0, 0.0, 0.0, 0.0, 0.0, 0.0, 0.0, 0.0, 0.0, 0.0, 0.0, 0.0, 0.0, 0.0, 0.0, 0.0, 0.0, 0.0, 0.0, 0.0, 0.0, 0.0, 0.0, 0.0, 0.0, 0.0, 0.0, 0.0, 0.0, 0.0, 0.0, 0.0, 0.0, 0.0, 0.0, 0.0, 0.0, 0.0, 0.0, 0.0, 0.0, 0.0, 0.0, 0.0, 0.0, 0.0, 0.0, 0.0, 0.0, 0.0, 0.0, 0.0, 0.0, 0.0, 0.0, 0.0, 0.0, 0.0, 0.0, 0.0, 0.0, 0.0, 0.0, 0.0, 0.0, 0.0, 0.0, 0.0, 0.0, 0.0, 0.0, 0.0, 0.0, 0.0, 0.0, 0.0, 0.0, 0.0, 0.0, 0.0, 0.0, 0.0, 0.0, 0.0, 0.0, 0.0, 0.0, 0.0, 0.0, 0.0, 0.0, 0.0, 0.0, 0.0, 0.0, 0.0, 0.0, 0.0, 0.0, 0.0, 0.0, 0.0, 0.0, 0.0, 0.0, 0.0, 0.0, 0.0, 0.0, 0.0, 0.0, 0.0, 0.0, 0.0, 0.0, 0.0, 0.0, 0.0, 0.0, 0.0, 0.0, 0.0, 0.0, 0.0, 0.0, 0.0, 0.0, 0.0, 0.0, 0.0, 0.0, 0.0, 0.0, 0.0, 0.0, 0.0, 0.0, 0.0, 0.0, 0.0, 0.0, 0.0, 0.0, 0.0, 0.0, 0.0, 0.0, 0.0, 0.0, 0.0, 0.0, 0.0, 0.0, 0.0, 0.0, 0.0, 0.0, 0.0, 0.0, 0.0, 0.0, 0.0, 0.0, 0.0, 0.0, 0.0, 0.0, 0.0, 0.0, 0.0, 0.0, 0.0, 0.0, 0.0, 0.0, 0.0, 0.0, 0.0, 0.0, 0.0, 0.0, 0.0, 0.0, 0.0, 0.0, 0.0, 0.0, 0.0, 0.0, 0.0, 0.0, 0.0, 0.0, 0.0, 0.0, 0.0, 0.0, 0.0, 0.0, 0.0, 0.0, 0.0, 0.0, 0.0, 0.0, 0.0, 0.0, 0.0, 0.0, 0.0, 0.0, 0.0, 0.0, 0.0, 0.0, 0.0, 0.0, 0.0, 0.0, 0.0, 0.0, 0.0, 0.0, 0.0, 0.0, 0.0, 0.0, 0.0, 0.0, 0.0, 0.0, 0.0, 0.0, 0.0, 0.0, 0.0, 0.0, 0.0, 0.0, 0.0, 0.0, 0.0, 0.0, 0.0, 0.0, 0.0, 0.0, 0.0, 0.0, 0.0, 0.0, 0.0, 0.0, 0.0, 0.0, 0.0, 0.0, 0.0, 0.0, 0.0, 0.0, 0.0, 0.0, 0.0, 0.0, 0.0, 0.0, 0.0, 0.0, 0.0, 0.0, 0.0, 0.0, 0.0, 0.0, 0.0, 0.0, 0.0, 0.0, 0.0, 0.0, 0.0, 0.0, 0.0, 0.0]",0.5,0.5,0,"[0, 0, 0, 0, 0, 0, 0, 0, 0, 0, 0, 0, 0, 0, 0, 0, 0, 0, 0, 0, 0, 0, 0, 0, 0, 0, 0, 0, 0, 0, 0, 0, 0, 0, 0, 0, 0, 0, 0, 0, 0, 0, 0, 0, 0, 0, 0, 0, 0, 0, 0, 0, 0, 0, 0, 0, 0, 0, 0, 0, 0, 0, 0, 0, 0, 0, 0, 0, 0, 0, 0, 0, 0, 0, 0, 0, 0, 0, 0, 0, 0, 0, 0, 0, 0, 0, 0, 0, 0, 0, 0, 0, 0, 0, 0, 0, 0, 0, 0, 0, 0, 0, 0, 0, 0, 0, 0, 0, 0, 0, 0, 0, 0, 0, 0, 0, 0, 0, 0, 0, 0, 0, 0, 0, 0, 0, 0, 0, 0, 0, 0, 0, 0, 0, 0, 0, 0, 0, 0, 0, 0, 0, 0, 0, 0, 0, 0, 0, 0, 0, 0, 0, 0, 0, 0, 0, 0, 0, 0, 0, 0, 0, 0, 0, 0, 0, 0, 0, 0, 0, 0, 0, 0, 0, 0, 0, 0, 0, 0, 0, 0, 0, 0, 0, 0, 0, 0, 0, 0, 0, 0, 0, 0, 0, 0, 0, 0, 0, 0, 0, 0, 0, 0, 0, 0, 0, 0, 0, 0, 0, 0, 0, 0, 0, 0, 0, 0, 0, 0, 0, 0, 0, 0, 0, 0, 0, 0, 0, 0, 0, 0, 0, 0, 0, 0, 0, 0, 0, 0, 0, 0, 0, 0, 0, 0, 0, 0, 0, 0, 0, 0, 0, 0, 0, 0, 0, 0, 0, 0, 0, 0, 0, 0, 0, 0, 0, 0, 0, 0, 0, 0, 0, 0, 0, 0, 0, 0, 0, 0, 0, 0, 0, 0, 0, 0, 0, 0, 0, 0, 0, 0, 0, 0, 0, 0, 0, 0, 0, 0, 0, 0, 0, 0, 0, 0, 0, 0, 0, 0, 0, 0, 0, 0, 0, 0, 0, 0, 0, 0, 0, 0, 0, 0, 0, 0, 0, 0, 0, 0, 0, 0, 0, 0, 0, 0, 0, 0, 0, 0, 0, 0, 0, 0, 0, 0, 0, 0, 0, 0, 0, 0, 0, 0, 0, 0, 0, 0, 0, 0, 0, 0, 0, 0, 0, 0, 0, 0, 0, 0, 0, 0, 0, 0, 0, 0, 0, 0, 0, 0, 0, 0, 0, 0, 0, 0, 0, 0, 0, 0, 0, 0, 0, 0, 0, 0, 0, 0, 0, 0, 0, 0, 0, 0, 0, 0, 0, 0, 0, 0, 0, 0, 0, 0, 0, 0, 0, 0, 0, 0, 0]",420,"[2.091571807861328, 4.779256820678711, 3.1017074584960938, 1.4975285530090332, 0.7993581891059875, 2.294381618499756, 0.5796248316764832, 0.4629248380661011, 4.157783031463623, 0.99608314037323, 2.9235875606536865, 0.7502206563949585, 2.0145301818847656, 0.40722617506980896, 1.4727367162704468, 1.393213152885437, 0.6448941826820374, 1.354028582572937, 1.0605148077011108, 2.201899766921997, 0.6582793593406677, 4.494022846221924, 1.4069634675979614, 5.649551868438721, 1.143880009651184, 1.0756111145019531, 1.5606406927108765, 2.6434848308563232, 1.3804916143417358, 1.1389459371566772, 1.6366041898727417, 5.271844863891602, 1.8830944299697876, 1.2173198461532593, 2.8111226558685303, 0.9883362650871277, 1.4345072507858276, 5.02789831161499, 0.6572228074073792, 1.6989965438842773, 1.0841196775436401, 2.754795551300049, 0.4142656624317169, 0.4161364436149597, 0.631476879119873, 1.4665333032608032, 3.2539567947387695, 0.4281116724014282, 0.7767806053161621, 2.4757041931152344, 0.5560217499732971, 1.092846155166626, 6.088494777679443, 3.2806289196014404, 3.3517982959747314, 1.5298138856887817, 2.7788596153259277, 5.785576343536377, 2.654428482055664, 0.5654658079147339, 0.4583914875984192, 0.5957093834877014, 2.3865926265716553, 3.7001030445098877, 1.6801332235336304, 3.5004913806915283, 3.0991029739379883, 0.9019008874893188, 0.43718641996383667, 0.7989286184310913, 2.8013062477111816, 3.0571439266204834, 2.357800006866455, 0.6346250176429749, 1.474783182144165, 3.4376566410064697, 4.302548885345459, 1.9679402112960815, 0.5239741206169128, 1.1596598625183105, 5.479343891143799, 0.6244770288467407, 1.089300274848938, 0.4899260699748993, 5.2478532791137695, 4.0105671882629395, 4.717423915863037, 0.8499298095703125, 1.8314614295959473, 0.423965185880661, 2.5483200550079346, 4.778639793395996, 0.5959312319755554, 4.519428253173828, 3.2803757190704346, 4.850083827972412, 3.657072067260742, 2.43635630607605, 1.088327407836914, 6.469261646270752, 0.4487602114677429, 1.4241544008255005, 1.2945125102996826, 2.665930986404419, 1.9581553936004639, 2.0594534873962402, 2.1178722381591797, 2.3843870162963867, 0.4446088373661041, 2.4258086681365967, 5.058650016784668, 1.666487216949463, 0.48517563939094543, 3.118591547012329, 1.9563322067260742, 3.628486394882202, 3.024721145629883, 6.241386890411377, 0.9964745044708252, 1.1544657945632935, 0.8741587996482849, 5.401711940765381, 3.0116846561431885, 3.5276072025299072, 4.998754978179932, 4.617718696594238, 0.681322455406189, 4.887695789337158, 1.5651578903198242, 0.6223150491714478, 2.7830824851989746, 4.565807819366455, 0.7469608187675476, 0.5623379945755005, 2.0545907020568848, 0.4457899332046509, 1.8969142436981201, 0.45998215675354004, 4.070199489593506, 2.4234542846679688, 2.775958776473999, 1.1166664361953735, 4.717195510864258, 5.251424789428711, 0.49810922145843506, 5.592472553253174, 4.118546009063721, 0.6733030080795288, 4.143259048461914, 5.262777805328369, 2.2113101482391357, 2.122988224029541, 2.4582250118255615, 0.5141876339912415, 0.6960515379905701, 1.2202751636505127, 3.4897217750549316, 0.4128111004829407, 0.6777522563934326, 2.441814422607422, 3.027132511138916, 0.6420351266860962, 5.861259937286377, 5.003921031951904, 1.631447434425354, 2.2185561656951904, 0.8411471843719482, 6.451784133911133, 3.37998628616333, 0.4087677001953125, 1.828770637512207, 5.264163017272949, 4.964352607727051, 0.8923108577728271, 4.2437744140625, 4.425062656402588, 1.6622381210327148, 0.4073712229728699, 0.9796044230461121, 6.6783647537231445, 2.5681467056274414, 0.7392040491104126, 5.4840192794799805, 6.396815299987793, 6.3161187171936035, 0.7448204159736633, 1.8681297302246094, 4.91038703918457, 0.801281750202179, 5.216806411743164, 1.093003511428833, 0.7958354353904724, 0.4360705614089966, 0.6299781203269958, 4.393796920776367, 1.268843650817871, 5.729152202606201, 0.5907901525497437, 1.7123080492019653, 1.7277754545211792, 3.0930800437927246, 5.963116645812988, 2.6244287490844727, 5.486445426940918, 6.282721519470215, 0.6210667490959167, 2.420776844024658, 1.2480751276016235, 4.611860752105713, 1.7036181688308716, 2.6824252605438232, 3.6414177417755127, 4.963167190551758, 0.626811146736145, 2.918400526046753, 0.49066078662872314, 2.6199839115142822, 0.659127950668335, 2.1941471099853516, 3.9222655296325684, 0.4310606122016907, 4.432171821594238, 0.48429057002067566, 5.245696544647217, 1.0525771379470825, 2.1959710121154785, 4.342212677001953, 0.702735185623169, 5.2022223472595215, 6.076849460601807, 3.72110652923584, 0.5534611940383911, 3.543558120727539, 2.6265103816986084, 1.013096570968628, 0.6307690143585205, 4.20992374420166, 3.0289266109466553, 1.2280855178833008, 5.695003509521484, 3.7430078983306885, 0.663318932056427, 1.042006015777588, 3.0199356079101562, 1.9041727781295776, 6.1973724365234375, 5.462301731109619, 4.0990891456604, 1.0190420150756836, 1.048743724822998, 6.235381603240967, 1.5141836404800415, 6.188795566558838, 1.3729954957962036, 0.4100760519504547, 5.955057144165039, 4.32943868637085, 6.8192138671875, 4.6624064445495605, 1.455825924873352, 2.6978719234466553, 3.968312978744507, 0.6039444804191589, 1.8599706888198853, 2.7247869968414307, 4.587817192077637, 5.897185802459717, 0.45887383818626404, 0.45036086440086365, 0.7125009894371033, 3.13288950920105, 0.6964220404624939, 0.7277278900146484, 1.9517189264297485, 2.138110399246216, 3.667280673980713, 2.5873711109161377, 0.7257020473480225, 1.2615394592285156, 2.9662675857543945, 1.6777726411819458, 1.2423604726791382, 4.002233505249023, 2.5996828079223633, 2.4322855472564697, 0.6796032190322876, 1.1307151317596436, 3.79390287399292, 3.1591928005218506, 3.1256039142608643, 2.0534660816192627, 0.6914629936218262, 1.9250843524932861, 1.532248854637146, 0.444590300321579, 1.7565535306930542, 2.7567903995513916, 2.3294119834899902, 3.131171941757202, 1.706170678138733, 1.2768709659576416, 5.000135898590088, 3.908618211746216, 0.44314461946487427, 2.2132914066314697, 3.1203441619873047, 2.9020931720733643, 0.6110638976097107, 6.223898887634277, 4.010183334350586, 1.8622442483901978, 4.513165473937988, 2.3135080337524414, 0.429688036441803, 2.5813138484954834, 0.4381994903087616, 1.2366172075271606, 2.0917327404022217, 2.4978187084198, 1.3114538192749023, 4.296598434448242, 0.758858323097229, 4.889599323272705, 2.688061237335205, 0.5552898645401001, 3.550691843032837, 2.048597812652588, 0.45009174942970276, 4.607038974761963, 4.6928181648254395, 0.735919177532196, 2.0905983448028564, 0.4751110374927521, 2.7297799587249756, 5.003401279449463, 0.9138576984405518, 1.7535706758499146, 2.315856456756592, 5.238256931304932, 1.5189917087554932, 1.7505258321762085, 0.4075208008289337, 5.293025493621826, 0.7516885995864868, 3.7682833671569824, 0.7080436944961548, 3.3247952461242676, 0.4153718650341034, 1.4472253322601318, 0.45219069719314575, 0.4295819401741028, 1.9433406591415405, 3.6088576316833496, 1.363845705986023, 0.6690976619720459, 6.2479095458984375, 1.9430835247039795, 0.4289274215698242, 1.5713012218475342, 0.41147831082344055, 3.1119308471679688, 5.646695137023926, 3.0226833820343018, 2.286895990371704, 4.220757007598877, 2.291632652282715, 0.6491742134094238, 3.1756229400634766, 1.408376932144165, 1.0785781145095825, 5.566788196563721, 5.774847984313965, 0.9408937096595764, 2.651813268661499, 2.5584723949432373, 1.2351247072219849, 2.104938507080078, 3.2475943565368652, 4.146447658538818, 4.466920375823975, 2.6891684532165527, 5.341962814331055, 3.8837227821350098, 3.5324435234069824, 1.3551324605941772, 2.3144032955169678, 4.327022552490234, 1.7660150527954102, 0.9190823435783386, 1.2912007570266724, 0.5530394315719604, 0.5759758949279785, 1.8907400369644165, 1.151016354560852, 5.981693744659424, 3.6821184158325195, 1.230348825454712, 1.0728530883789062, 2.058218479156494, 3.09633731842041, 3.8672266006469727, 2.6743597984313965, 3.7627692222595215, 4.427310466766357, 0.45970287919044495, 2.2955265045166016, 5.536576747894287, 0.49709582328796387, 1.6561819314956665, 5.752378463745117, 2.5793612003326416, 1.581282377243042, 1.3416571617126465, 4.002552032470703, 0.8548067212104797, 2.2528650760650635, 2.445868730545044, 6.047033786773682, 1.6700387001037598, 0.6332888007164001]",0.0,"[0.0, 0.0, 0.0, 0.0, 0.0, 0.0, 0.0, 0.0, 0.0, 0.0, 0.0, 0.0, 0.0, 0.0, 0.0, 0.0, 0.0, 0.0, 0.0, 0.0, 0.0, 0.0, 0.0, 0.0, 0.0, 0.0, 0.0, 0.0, 0.0, 0.0, 0.0, 0.0, 0.0, 0.0, 0.0, 0.0, 0.0, 0.0, 0.0, 0.0, 0.0, 0.0, 0.0, 0.0, 0.0, 0.0, 0.0, 0.0, 0.0, 0.0, 0.0, 0.0, 0.0, 0.0, 0.0, 0.0, 0.0, 0.0, 0.0, 0.0, 0.0, 0.0, 0.0, 0.0, 0.0, 0.0, 0.0, 0.0, 0.0, 0.0, 0.0, 0.0, 0.0, 0.0, 0.0, 0.0, 0.0, 0.0, 0.0, 0.0, 0.0, 0.0, 0.0, 0.0, 0.0, 0.0, 0.0, 0.0, 0.0, 0.0, 0.0, 0.0, 0.0, 0.0, 0.0, 0.0, 0.0, 0.0, 0.0, 0.0, 0.0, 0.0, 0.0, 0.0, 0.0, 0.0, 0.0, 0.0, 0.0, 0.0, 0.0, 0.0, 0.0, 0.0, 0.0, 0.0, 0.0, 0.0, 0.0, 0.0, 0.0, 0.0, 0.0, 0.0, 0.0, 0.0, 0.0, 0.0, 0.0, 0.0, 0.0, 0.0, 0.0, 0.0, 0.0, 0.0, 0.0, 0.0, 0.0, 0.0, 0.0, 0.0, 0.0, 0.0, 0.0, 0.0, 0.0, 0.0, 0.0, 0.0, 0.0, 0.0, 0.0, 0.0, 0.0, 0.0, 0.0, 0.0, 0.0, 0.0, 0.0, 0.0, 0.0, 0.0, 0.0, 0.0, 0.0, 0.0, 0.0, 0.0, 0.0, 0.0, 0.0, 0.0, 0.0, 0.0, 0.0, 0.0, 0.0, 0.0, 0.0, 0.0, 0.0, 0.0, 0.0, 0.0, 0.0, 0.0, 0.0, 0.0, 0.0, 0.0, 0.0, 0.0, 0.0, 0.0, 0.0, 0.0, 0.0, 0.0, 0.0, 0.0, 0.0, 0.0, 0.0, 0.0, 0.0, 0.0, 0.0, 0.0, 0.0, 0.0, 0.0, 0.0, 0.0, 0.0, 0.0, 0.0, 0.0, 0.0, 0.0, 0.0, 0.0, 0.0, 0.0, 0.0, 0.0, 0.0, 0.0, 0.0, 0.0, 0.0, 0.0, 0.0, 0.0, 0.0, 0.0, 0.0, 0.0, 0.0, 0.0, 0.0, 0.0, 0.0, 0.0, 0.0, 0.0, 0.0, 0.0, 0.0, 0.0, 0.0, 0.0, 0.0, 0.0, 0.0, 0.0, 0.0, 0.0, 0.0, 0.0, 0.0, 0.0, 0.0, 0.0, 0.0, 0.0, 0.0, 0.0, 0.0, 0.0, 0.0, 0.0, 0.0, 0.0, 0.0, 0.0, 0.0, 0.0, 0.0, 0.0, 0.0, 0.0, 0.0, 0.0, 0.0, 0.0, 0.0, 0.0, 0.0, 0.0, 0.0, 0.0, 0.0, 0.0, 0.0, 0.0, 0.0, 0.0, 0.0, 0.0, 0.0, 0.0, 0.0, 0.0, 0.0, 0.0, 0.0, 0.0, 0.0, 0.0, 0.0, 0.0, 0.0, 0.0, 0.0, 0.0, 0.0, 0.0, 0.0, 0.0, 0.0, 0.0, 0.0, 0.0, 0.0, 0.0, 0.0, 0.0, 0.0, 0.0, 0.0, 0.0, 0.0, 0.0, 0.0, 0.0, 0.0, 0.0, 0.0, 0.0, 0.0, 0.0, 0.0, 0.0, 0.0, 0.0, 0.0, 0.0, 0.0, 0.0, 0.0, 0.0, 0.0, 0.0, 0.0, 0.0, 0.0, 0.0, 0.0, 0.0, 0.0, 0.0, 0.0, 0.0, 0.0, 0.0, 0.0, 0.0, 0.0, 0.0, 0.0, 0.0, 0.0, 0.0, 0.0, 0.0, 0.0, 0.0, 0.0, 0.0, 0.0, 0.0, 0.0, 0.0, 0.0, 0.0, 0.0, 0.0, 0.0, 0.0, 0.0, 0.0, 0.0, 0.0, 0.0, 0.0, 0.0, 0.0, 0.0, 0.0, 0.0, 0.0, 0.0, 0.0, 0.0, 0.0, 0.0, 0.0, 0.0, 0.0, 0.0, 0.0, 0.0, 0.0, 0.0, 0.0, 0.0, 0.0, 0.0]",COMPLETE
