,number,value,datetime_start,datetime_complete,duration,params_batch_size_scaler,params_constant_learning_rate,params_depth,params_epochs,params_kernel_l2,params_num_trees,params_temperature,user_attrs_accuracy_test,user_attrs_accuracy_valid,user_attrs_approximate_feature_sparsity,user_attrs_approximate_feature_sparsity_history,user_attrs_approximate_weight_sparsity,user_attrs_approximate_weight_sparsity_history,user_attrs_auc_test,user_attrs_auc_valid,user_attrs_feature_sparsity,user_attrs_feature_sparsity_history,user_attrs_num_epochs,user_attrs_val_loss_history,user_attrs_weight_sparsity,user_attrs_weight_sparsity_history,state
3,3,0.5,2024-08-31 00:33:43.463718,2024-08-31 00:36:08.901496,0 days 00:02:25.437778,16,1.1902312313548782,5,420,0.0011346576147006609,32,0.01780053047046498,0.859,0.85875,0,"[33, 0, 0, 0, 0, 0, 0, 0, 0, 0, 0, 0, 0, 0, 0, 0, 0, 0, 0, 0, 0, 0, 0, 0, 0, 0, 0, 0, 0, 0, 0, 0, 0, 0, 0, 0, 0, 0, 0, 0, 0, 0, 0, 0, 0, 0, 0, 0, 0, 0, 0, 0, 0, 0, 0, 0, 0, 0, 0, 0, 0, 0, 0, 0, 0, 0, 0, 0, 0, 0, 0, 0, 0, 0, 0, 0, 0, 0, 0, 0, 0, 0, 0, 0, 0, 0, 0, 0, 0, 0, 0, 0, 0, 0, 0, 0, 0, 0, 0, 0, 0, 0, 0, 0, 0, 0, 0, 0, 0, 0, 0, 0, 0, 0, 0, 0, 0, 0, 0, 0, 0, 0, 0, 0, 0, 0, 0, 0, 0, 0, 0, 0, 0, 0, 0, 0, 0, 0, 0, 0, 0, 0, 0, 0, 0, 0, 0, 0, 0, 0, 0, 0, 0, 0, 0, 0, 0, 0, 0, 0, 0, 0, 0, 0, 0, 0, 0, 0, 0, 0, 0, 0, 0, 0, 0, 0, 0, 0, 0, 0, 0, 0, 0, 0, 0, 0, 0, 0, 0, 0, 0, 0, 0, 0, 0, 0, 0, 0, 0, 0, 0, 0, 0, 0, 0, 0, 0, 0, 0, 0, 0, 0, 0, 0, 0, 0, 0, 0, 0, 0, 0, 0, 0, 0, 0, 0, 0, 0, 0, 0, 0, 0, 0, 0, 0, 0, 0, 0, 0, 0, 0, 0, 0, 0, 0, 0, 0, 0, 0, 0, 0, 0, 0, 0, 0, 0, 0, 0, 0, 0, 0, 0, 0, 0, 0, 0, 0, 0, 0, 0, 0, 0, 0, 0, 0, 0, 0, 0, 0, 0, 0, 0, 0, 0, 0, 0, 0, 0, 0, 0, 0, 0, 0, 0, 0, 0, 0, 0, 0, 0, 0, 0, 0, 0, 0, 0, 0, 0, 0, 0, 0, 0, 0, 0, 0, 0, 0, 0, 0, 0, 0, 0, 0, 0, 0, 0, 0, 0, 0, 0, 0, 0, 0, 0, 0, 0, 0, 0, 0, 0, 0, 0, 0, 0, 0, 0, 0, 0, 0, 0, 0, 0, 0, 0, 0, 0, 0, 0, 0, 0, 0, 0, 0, 0, 0, 0, 0, 0, 0, 0, 0, 0, 0, 0, 0, 0, 0, 0, 0, 0, 0, 0, 0, 0, 0, 0, 0, 0, 0, 0, 0, 0, 0, 0, 0, 0, 0, 0, 0, 0, 0, 0, 0, 0, 0, 0, 0, 0, 0, 0, 0, 0, 0, 0, 0, 0, 0, 0, 0, 0]",0.0,"[32.961693548387096, 0.0, 0.0, 0.0, 0.0, 0.0, 0.0, 0.0, 0.0, 0.0, 0.0, 0.0, 0.0, 0.0, 0.0, 0.0, 0.0, 0.0, 0.0, 0.0, 0.0, 0.0, 0.0, 0.0, 0.0, 0.0, 0.0, 0.0, 0.0, 0.0, 0.0, 0.0, 0.0, 0.0, 0.0, 0.0, 0.0, 0.0, 0.0, 0.0, 0.0, 0.0, 0.0, 0.0, 0.0, 0.0, 0.0, 0.0, 0.0, 0.0, 0.0, 0.0, 0.0, 0.0, 0.0, 0.0, 0.0, 0.0, 0.0, 0.0, 0.0, 0.0, 0.0, 0.0, 0.0, 0.0, 0.0, 0.0, 0.0, 0.0, 0.0, 0.0, 0.0, 0.0, 0.0, 0.0, 0.0, 0.0, 0.0, 0.0, 0.0, 0.0, 0.0, 0.0, 0.0, 0.0, 0.0, 0.0, 0.0, 0.0, 0.0, 0.0, 0.0, 0.0, 0.0, 0.0, 0.0, 0.0, 0.0, 0.0, 0.0, 0.0, 0.0, 0.0, 0.0, 0.0, 0.0, 0.0, 0.0, 0.0, 0.0, 0.0, 0.0, 0.0, 0.0, 0.0, 0.0, 0.0, 0.0, 0.0, 0.0, 0.0, 0.0, 0.0, 0.0, 0.0, 0.0, 0.0, 0.0, 0.0, 0.0, 0.0, 0.0, 0.0, 0.0, 0.0, 0.0, 0.0, 0.0, 0.0, 0.0, 0.0, 0.0, 0.0, 0.0, 0.0, 0.0, 0.0, 0.0, 0.0, 0.0, 0.0, 0.0, 0.0, 0.0, 0.0, 0.0, 0.0, 0.0, 0.0, 0.0, 0.0, 0.0, 0.0, 0.0, 0.0, 0.0, 0.0, 0.0, 0.0, 0.0, 0.0, 0.0, 0.0, 0.0, 0.0, 0.0, 0.0, 0.0, 0.0, 0.0, 0.0, 0.0, 0.0, 0.0, 0.0, 0.0, 0.0, 0.0, 0.0, 0.0, 0.0, 0.0, 0.0, 0.0, 0.0, 0.0, 0.0, 0.0, 0.0, 0.0, 0.0, 0.0, 0.0, 0.0, 0.0, 0.0, 0.0, 0.0, 0.0, 0.0, 0.0, 0.0, 0.0, 0.0, 0.0, 0.0, 0.0, 0.0, 0.0, 0.0, 0.0, 0.0, 0.0, 0.0, 0.0, 0.0, 0.0, 0.0, 0.0, 0.0, 0.0, 0.0, 0.0, 0.0, 0.0, 0.0, 0.0, 0.0, 0.0, 0.0, 0.0, 0.0, 0.0, 0.0, 0.0, 0.0, 0.0, 0.0, 0.0, 0.0, 0.0, 0.0, 0.0, 0.0, 0.0, 0.0, 0.0, 0.0, 0.0, 0.0, 0.0, 0.0, 0.0, 0.0, 0.0, 0.0, 0.0, 0.0, 0.0, 0.0, 0.0, 0.0, 0.0, 0.0, 0.0, 0.0, 0.0, 0.0, 0.0, 0.0, 0.0, 0.0, 0.0, 0.0, 0.0, 0.0, 0.0, 0.0, 0.0, 0.0, 0.0, 0.0, 0.0, 0.0, 0.0, 0.0, 0.0, 0.0, 0.0, 0.0, 0.0, 0.0, 0.0, 0.0, 0.0, 0.0, 0.0, 0.0, 0.0, 0.0, 0.0, 0.0, 0.0, 0.0, 0.0, 0.0, 0.0, 0.0, 0.0, 0.0, 0.0, 0.0, 0.0, 0.0, 0.0, 0.0, 0.0, 0.0, 0.0, 0.0, 0.0, 0.0, 0.0, 0.0, 0.0, 0.0, 0.0, 0.0, 0.0, 0.0, 0.0, 0.0, 0.0, 0.0, 0.0, 0.0, 0.0, 0.0, 0.0, 0.0, 0.0, 0.0, 0.0, 0.0, 0.0, 0.0, 0.0, 0.0, 0.0, 0.0, 0.0, 0.0, 0.0, 0.0, 0.0, 0.0, 0.0, 0.0, 0.0, 0.0, 0.0, 0.0, 0.0, 0.0, 0.0, 0.0, 0.0, 0.0, 0.0, 0.0, 0.0, 0.0, 0.0, 0.0, 0.0, 0.0, 0.0, 0.0, 0.0, 0.0, 0.0, 0.0, 0.0, 0.0, 0.0, 0.0, 0.0, 0.0, 0.0, 0.0, 0.0, 0.0, 0.0, 0.0, 0.0, 0.0, 0.0, 0.0, 0.0, 0.0, 0.0, 0.0, 0.0, 0.0, 0.0, 0.0, 0.0, 0.0, 0.0]",0.5,0.5,0,"[33, 0, 0, 0, 0, 0, 0, 0, 0, 0, 0, 0, 0, 0, 0, 0, 0, 0, 0, 0, 0, 0, 0, 0, 0, 0, 0, 0, 0, 0, 0, 0, 0, 0, 0, 0, 0, 0, 0, 0, 0, 0, 0, 0, 0, 0, 0, 0, 0, 0, 0, 0, 0, 0, 0, 0, 0, 0, 0, 0, 0, 0, 0, 0, 0, 0, 0, 0, 0, 0, 0, 0, 0, 0, 0, 0, 0, 0, 0, 0, 0, 0, 0, 0, 0, 0, 0, 0, 0, 0, 0, 0, 0, 0, 0, 0, 0, 0, 0, 0, 0, 0, 0, 0, 0, 0, 0, 0, 0, 0, 0, 0, 0, 0, 0, 0, 0, 0, 0, 0, 0, 0, 0, 0, 0, 0, 0, 0, 0, 0, 0, 0, 0, 0, 0, 0, 0, 0, 0, 0, 0, 0, 0, 0, 0, 0, 0, 0, 0, 0, 0, 0, 0, 0, 0, 0, 0, 0, 0, 0, 0, 0, 0, 0, 0, 0, 0, 0, 0, 0, 0, 0, 0, 0, 0, 0, 0, 0, 0, 0, 0, 0, 0, 0, 0, 0, 0, 0, 0, 0, 0, 0, 0, 0, 0, 0, 0, 0, 0, 0, 0, 0, 0, 0, 0, 0, 0, 0, 0, 0, 0, 0, 0, 0, 0, 0, 0, 0, 0, 0, 0, 0, 0, 0, 0, 0, 0, 0, 0, 0, 0, 0, 0, 0, 0, 0, 0, 0, 0, 0, 0, 0, 0, 0, 0, 0, 0, 0, 0, 0, 0, 0, 0, 0, 0, 0, 0, 0, 0, 0, 0, 0, 0, 0, 0, 0, 0, 0, 0, 0, 0, 0, 0, 0, 0, 0, 0, 0, 0, 0, 0, 0, 0, 0, 0, 0, 0, 0, 0, 0, 0, 0, 0, 0, 0, 0, 0, 0, 0, 0, 0, 0, 0, 0, 0, 0, 0, 0, 0, 0, 0, 0, 0, 0, 0, 0, 0, 0, 0, 0, 0, 0, 0, 0, 0, 0, 0, 0, 0, 0, 0, 0, 0, 0, 0, 0, 0, 0, 0, 0, 0, 0, 0, 0, 0, 0, 0, 0, 0, 0, 0, 0, 0, 0, 0, 0, 0, 0, 0, 0, 0, 0, 0, 0, 0, 0, 0, 0, 0, 0, 0, 0, 0, 0, 0, 0, 0, 0, 0, 0, 0, 0, 0, 0, 0, 0, 0, 0, 0, 0, 0, 0, 0, 0, 0, 0, 0, 0, 0, 0, 0, 0, 0, 0, 0, 0, 0, 0, 0, 0, 0, 0, 0, 0, 0, 0, 0, 0, 0, 0]",420,"[0.3824940621852875, 0.40768173336982727, 0.4076553285121918, 0.40779465436935425, 0.40797120332717896, 0.4092247784137726, 0.4078159034252167, 0.40725013613700867, 0.40736714005470276, 0.40723103284835815, 0.407339870929718, 0.407577246427536, 0.407255619764328, 0.40730881690979004, 0.40749892592430115, 0.4076751470565796, 0.40737292170524597, 0.4089086055755615, 0.40759047865867615, 0.40724873542785645, 0.4083322584629059, 0.40880393981933594, 0.40742701292037964, 0.40727150440216064, 0.40736427903175354, 0.40814486145973206, 0.40754592418670654, 0.40729454159736633, 0.4072370231151581, 0.4079250395298004, 0.4072508215904236, 0.4073556065559387, 0.4072330594062805, 0.407234787940979, 0.4073554575443268, 0.40758171677589417, 0.4075016379356384, 0.40783488750457764, 0.40751320123672485, 0.4072297215461731, 0.4073949158191681, 0.40785539150238037, 0.4085238575935364, 0.4072301387786865, 0.40722620487213135, 0.4072664678096771, 0.4090026617050171, 0.4072611331939697, 0.40723517537117004, 0.4072352945804596, 0.4077382981777191, 0.4075276553630829, 0.4088613986968994, 0.4085404872894287, 0.4075212776660919, 0.4072311520576477, 0.40723952651023865, 0.4072788953781128, 0.4072575271129608, 0.4072791635990143, 0.40736114978790283, 0.4075842797756195, 0.4072376489639282, 0.40809640288352966, 0.4076648950576782, 0.4072481393814087, 0.40748709440231323, 0.4073385000228882, 0.4073619544506073, 0.4076642692089081, 0.4073188900947571, 0.40728265047073364, 0.4074734151363373, 0.4073546230792999, 0.407267689704895, 0.40751129388809204, 0.4072788655757904, 0.4075240194797516, 0.4082317054271698, 0.4073057174682617, 0.40744003653526306, 0.4072651267051697, 0.4074156880378723, 0.4084192216396332, 0.40758198499679565, 0.4072858393192291, 0.407404363155365, 0.40763890743255615, 0.4072404205799103, 0.4073423445224762, 0.4072457551956177, 0.40749144554138184, 0.4072452783584595, 0.4076228737831116, 0.40733805298805237, 0.40803319215774536, 0.40810689330101013, 0.4073001444339752, 0.40737590193748474, 0.4072883129119873, 0.4073360860347748, 0.4085474908351898, 0.40836846828460693, 0.4072345495223999, 0.40723732113838196, 0.407511830329895, 0.4072487950325012, 0.407281756401062, 0.4076465964317322, 0.40728309750556946, 0.40773239731788635, 0.40772414207458496, 0.4074055850505829, 0.4072667062282562, 0.4073832035064697, 0.4084421992301941, 0.40744858980178833, 0.4075302481651306, 0.40781283378601074, 0.40751469135284424, 0.4080754816532135, 0.40722617506980896, 0.4075270891189575, 0.40725985169410706, 0.4082060158252716, 0.4074428677558899, 0.4072487950325012, 0.4094226062297821, 0.40723365545272827, 0.40738093852996826, 0.40898197889328003, 0.4073941111564636, 0.40724456310272217, 0.4072509706020355, 0.4080960154533386, 0.407291442155838, 0.40723922848701477, 0.40753650665283203, 0.4075619876384735, 0.4072706699371338, 0.40723320841789246, 0.40831896662712097, 0.4076662063598633, 0.4093363285064697, 0.407576322555542, 0.4072265326976776, 0.4072493612766266, 0.4076206684112549, 0.4072590172290802, 0.4080556631088257, 0.40826064348220825, 0.4073835611343384, 0.40787696838378906, 0.4077167510986328, 0.40723419189453125, 0.40736064314842224, 0.4073788821697235, 0.4072548747062683, 0.4072791635990143, 0.4074360132217407, 0.40873992443084717, 0.4074229300022125, 0.4073137044906616, 0.4080171287059784, 0.40788495540618896, 0.4081202745437622, 0.40751561522483826, 0.4086669087409973, 0.40723130106925964, 0.4077492654323578, 0.4072614908218384, 0.4092752933502197, 0.4072735607624054, 0.40722715854644775, 0.407237708568573, 0.40728968381881714, 0.410908967256546, 0.40802493691444397, 0.4073030948638916, 0.40730226039886475, 0.40756767988204956, 0.4073682427406311, 0.4072277545928955, 0.40765467286109924, 0.40733635425567627, 0.4074345529079437, 0.4095250964164734, 0.4075278341770172, 0.40733909606933594, 0.4082057476043701, 0.40739861130714417, 0.407331645488739, 0.4083775281906128, 0.4072667360305786, 0.4072290360927582, 0.40722665190696716, 0.40726566314697266, 0.4073616862297058, 0.40825140476226807, 0.40722787380218506, 0.4077831208705902, 0.4072521924972534, 0.4093489348888397, 0.40729400515556335, 0.4072268009185791, 0.40731555223464966, 0.40724891424179077, 0.40757301449775696, 0.40786266326904297, 0.4077789783477783, 0.40760383009910583, 0.4072532653808594, 0.40877339243888855, 0.40803763270378113, 0.40725842118263245, 0.40723681449890137, 0.40841445326805115, 0.40723130106925964, 0.40728938579559326, 0.4073713719844818, 0.4072376489639282, 0.40949395298957825, 0.40756145119667053, 0.4072296917438507, 0.4073925316333771, 0.40725719928741455, 0.4086023271083832, 0.4074647128582001, 0.40731915831565857, 0.40723949670791626, 0.40729930996894836, 0.40728938579559326, 0.40736398100852966, 0.4074062705039978, 0.40734755992889404, 0.40724194049835205, 0.4072321057319641, 0.4073934555053711, 0.40722739696502686, 0.4073801338672638, 0.4074362814426422, 0.40742433071136475, 0.40762031078338623, 0.4077087342739105, 0.40830981731414795, 0.4075416326522827, 0.4075776934623718, 0.4072262644767761, 0.4094600975513458, 0.40747398138046265, 0.407399445772171, 0.40921714901924133, 0.4077187478542328, 0.4095201790332794, 0.40726566314697266, 0.40769875049591064, 0.4077751040458679, 0.4072848856449127, 0.40730854868888855, 0.40801364183425903, 0.40752407908439636, 0.407228022813797, 0.4097612500190735, 0.40772461891174316, 0.4072308838367462, 0.4078061580657959, 0.4072815179824829, 0.4076627492904663, 0.40729519724845886, 0.4075108468532562, 0.40724873542785645, 0.4076899588108063, 0.40750038623809814, 0.4086492955684662, 0.40777865052223206, 0.40798714756965637, 0.4081460237503052, 0.40764057636260986, 0.40728798508644104, 0.4073084890842438, 0.4073077440261841, 0.40765663981437683, 0.40744683146476746, 0.4077613055706024, 0.4074721932411194, 0.40768271684646606, 0.40794140100479126, 0.4082847535610199, 0.40776264667510986, 0.40758785605430603, 0.40762561559677124, 0.40782633423805237, 0.40772315859794617, 0.40768319368362427, 0.4072670042514801, 0.40797534584999084, 0.4079431891441345, 0.4072873294353485, 0.40725716948509216, 0.4078870117664337, 0.40723761916160583, 0.4072803556919098, 0.40734589099884033, 0.4082747995853424, 0.4072314500808716, 0.4072283208370209, 0.40730956196784973, 0.40725603699684143, 0.40723472833633423, 0.40790364146232605, 0.40780967473983765, 0.40742623805999756, 0.41022902727127075, 0.4077366292476654, 0.40742766857147217, 0.4074491858482361, 0.40724295377731323, 0.40733155608177185, 0.407511830329895, 0.40722694993019104, 0.4073198437690735, 0.4073561131954193, 0.4074632525444031, 0.40726956725120544, 0.40742939710617065, 0.40753868222236633, 0.40757057070732117, 0.40740931034088135, 0.4072495400905609, 0.4072265625, 0.40725407004356384, 0.4086628258228302, 0.40724071860313416, 0.4076060950756073, 0.40851905941963196, 0.40801429748535156, 0.4078689217567444, 0.40776240825653076, 0.40833741426467896, 0.4078645408153534, 0.4086926579475403, 0.4092021584510803, 0.4084046483039856, 0.4072325825691223, 0.40801459550857544, 0.40743014216423035, 0.40809062123298645, 0.40723946690559387, 0.4078633785247803, 0.40725842118263245, 0.4073891043663025, 0.40846002101898193, 0.40739333629608154, 0.40730977058410645, 0.40727245807647705, 0.40857452154159546, 0.40862590074539185, 0.4077708125114441, 0.4081193506717682, 0.40782099962234497, 0.4078562259674072, 0.40744292736053467, 0.4074578583240509, 0.4072889983654022, 0.4093276858329773, 0.4072779715061188, 0.4074096977710724, 0.4078446328639984, 0.40804237127304077, 0.4073372185230255, 0.4072791039943695, 0.40729400515556335, 0.4073599576950073, 0.4076419174671173, 0.4080842137336731, 0.40756213665008545, 0.4076478183269501, 0.4073706865310669, 0.40733423829078674, 0.4072757065296173, 0.4072493612766266, 0.4089498221874237, 0.4073520004749298, 0.40725764632225037, 0.4072425961494446, 0.40733224153518677, 0.40731877088546753, 0.4075782001018524, 0.407738596200943, 0.4072262644767761, 0.4072325825691223, 0.4075828492641449, 0.4072345495223999, 0.40749260783195496, 0.40876615047454834, 0.40725937485694885, 0.40766727924346924, 0.40841346979141235, 0.4073657989501953, 0.4073781669139862, 0.40763986110687256, 0.4073958992958069, 0.4072941839694977, 0.4072284400463104, 0.40727508068084717, 0.40789464116096497, 0.40722981095314026, 0.4081941246986389, 0.40858545899391174, 0.40849703550338745, 0.4074382781982422, 0.40722617506980896, 0.4085265100002289, 0.407318115234375, 0.4073125422000885, 0.40730854868888855, 0.4072302281856537, 0.4080483615398407, 0.40769731998443604, 0.4073997437953949]",0.0,"[33.0, 0.0, 0.0, 0.0, 0.0, 0.0, 0.0, 0.0, 0.0, 0.0, 0.0, 0.0, 0.0, 0.0, 0.0, 0.0, 0.0, 0.0, 0.0, 0.0, 0.0, 0.0, 0.0, 0.0, 0.0, 0.0, 0.0, 0.0, 0.0, 0.0, 0.0, 0.0, 0.0, 0.0, 0.0, 0.0, 0.0, 0.0, 0.0, 0.0, 0.0, 0.0, 0.0, 0.0, 0.0, 0.0, 0.0, 0.0, 0.0, 0.0, 0.0, 0.0, 0.0, 0.0, 0.0, 0.0, 0.0, 0.0, 0.0, 0.0, 0.0, 0.0, 0.0, 0.0, 0.0, 0.0, 0.0, 0.0, 0.0, 0.0, 0.0, 0.0, 0.0, 0.0, 0.0, 0.0, 0.0, 0.0, 0.0, 0.0, 0.0, 0.0, 0.0, 0.0, 0.0, 0.0, 0.0, 0.0, 0.0, 0.0, 0.0, 0.0, 0.0, 0.0, 0.0, 0.0, 0.0, 0.0, 0.0, 0.0, 0.0, 0.0, 0.0, 0.0, 0.0, 0.0, 0.0, 0.0, 0.0, 0.0, 0.0, 0.0, 0.0, 0.0, 0.0, 0.0, 0.0, 0.0, 0.0, 0.0, 0.0, 0.0, 0.0, 0.0, 0.0, 0.0, 0.0, 0.0, 0.0, 0.0, 0.0, 0.0, 0.0, 0.0, 0.0, 0.0, 0.0, 0.0, 0.0, 0.0, 0.0, 0.0, 0.0, 0.0, 0.0, 0.0, 0.0, 0.0, 0.0, 0.0, 0.0, 0.0, 0.0, 0.0, 0.0, 0.0, 0.0, 0.0, 0.0, 0.0, 0.0, 0.0, 0.0, 0.0, 0.0, 0.0, 0.0, 0.0, 0.0, 0.0, 0.0, 0.0, 0.0, 0.0, 0.0, 0.0, 0.0, 0.0, 0.0, 0.0, 0.0, 0.0, 0.0, 0.0, 0.0, 0.0, 0.0, 0.0, 0.0, 0.0, 0.0, 0.0, 0.0, 0.0, 0.0, 0.0, 0.0, 0.0, 0.0, 0.0, 0.0, 0.0, 0.0, 0.0, 0.0, 0.0, 0.0, 0.0, 0.0, 0.0, 0.0, 0.0, 0.0, 0.0, 0.0, 0.0, 0.0, 0.0, 0.0, 0.0, 0.0, 0.0, 0.0, 0.0, 0.0, 0.0, 0.0, 0.0, 0.0, 0.0, 0.0, 0.0, 0.0, 0.0, 0.0, 0.0, 0.0, 0.0, 0.0, 0.0, 0.0, 0.0, 0.0, 0.0, 0.0, 0.0, 0.0, 0.0, 0.0, 0.0, 0.0, 0.0, 0.0, 0.0, 0.0, 0.0, 0.0, 0.0, 0.0, 0.0, 0.0, 0.0, 0.0, 0.0, 0.0, 0.0, 0.0, 0.0, 0.0, 0.0, 0.0, 0.0, 0.0, 0.0, 0.0, 0.0, 0.0, 0.0, 0.0, 0.0, 0.0, 0.0, 0.0, 0.0, 0.0, 0.0, 0.0, 0.0, 0.0, 0.0, 0.0, 0.0, 0.0, 0.0, 0.0, 0.0, 0.0, 0.0, 0.0, 0.0, 0.0, 0.0, 0.0, 0.0, 0.0, 0.0, 0.0, 0.0, 0.0, 0.0, 0.0, 0.0, 0.0, 0.0, 0.0, 0.0, 0.0, 0.0, 0.0, 0.0, 0.0, 0.0, 0.0, 0.0, 0.0, 0.0, 0.0, 0.0, 0.0, 0.0, 0.0, 0.0, 0.0, 0.0, 0.0, 0.0, 0.0, 0.0, 0.0, 0.0, 0.0, 0.0, 0.0, 0.0, 0.0, 0.0, 0.0, 0.0, 0.0, 0.0, 0.0, 0.0, 0.0, 0.0, 0.0, 0.0, 0.0, 0.0, 0.0, 0.0, 0.0, 0.0, 0.0, 0.0, 0.0, 0.0, 0.0, 0.0, 0.0, 0.0, 0.0, 0.0, 0.0, 0.0, 0.0, 0.0, 0.0, 0.0, 0.0, 0.0, 0.0, 0.0, 0.0, 0.0, 0.0, 0.0, 0.0, 0.0, 0.0, 0.0, 0.0, 0.0, 0.0, 0.0, 0.0, 0.0, 0.0, 0.0, 0.0, 0.0, 0.0, 0.0, 0.0, 0.0, 0.0, 0.0, 0.0, 0.0, 0.0, 0.0, 0.0, 0.0, 0.0, 0.0, 0.0, 0.0, 0.0, 0.0, 0.0, 0.0]",COMPLETE
