,number,value,datetime_start,datetime_complete,duration,params_batch_size_scaler,params_constant_learning_rate,params_depth,params_epochs,params_kernel_l2,params_num_trees,params_temperature,user_attrs_accuracy_test,user_attrs_accuracy_valid,user_attrs_approximate_feature_sparsity,user_attrs_approximate_feature_sparsity_history,user_attrs_approximate_weight_sparsity,user_attrs_approximate_weight_sparsity_history,user_attrs_auc_test,user_attrs_auc_valid,user_attrs_feature_sparsity,user_attrs_feature_sparsity_history,user_attrs_num_epochs,user_attrs_val_loss_history,user_attrs_weight_sparsity,user_attrs_weight_sparsity_history,state
34,34,0.8194922131622676,2024-08-31 01:46:20.979149,2024-08-31 01:50:49.243739,0 days 00:04:28.264590,4,0.019780178455740424,5,310,0.25052195099585894,66,0.00012697366624508764,0.875,0.87625,33,"[33, 33, 33, 33, 33, 33, 33, 33, 33, 33, 33, 33, 33, 33, 33, 33, 33, 33, 33, 33, 33, 33, 33, 33, 33, 33, 33, 33, 33, 33, 33, 33, 33, 33, 33, 33, 33, 33, 33, 33, 33, 33, 33, 33, 33, 33, 33, 33, 33, 33, 33, 33, 33, 33, 33, 33, 33, 33, 33, 33, 33, 33, 33, 33, 33, 33, 33, 33, 33, 33, 33, 33, 33, 33, 33, 33, 33, 33, 33, 33, 33, 33, 33, 33, 33, 33, 33, 33, 33, 33, 33, 33, 33, 33, 33, 33, 33, 33, 33, 33, 33, 33, 33, 33, 33, 33, 33, 33, 33, 33, 33, 33, 33, 33, 33, 33, 33, 33, 33, 33, 33, 33, 33, 33, 33, 33, 33, 33, 33, 33, 33, 33, 33, 33, 33, 33, 33, 33, 33, 33, 33, 33, 33, 33, 33, 33, 33, 33, 33, 33, 33, 33, 33, 33, 33, 33, 33, 33, 33, 33, 33, 33, 33, 33, 33, 33, 33, 33, 33, 33, 33, 33, 33, 33, 33, 33, 33, 33, 33, 33, 33, 33, 33, 33, 33, 33, 33, 33, 33, 33, 33, 33, 33, 33, 33, 33, 33, 33, 33, 33, 33, 33, 33, 33, 33, 33, 33, 33, 33, 33, 33, 33, 33, 33, 33, 33, 33, 33, 33, 33, 33, 33, 33, 33, 33, 33, 33, 33, 33, 33, 33, 33, 33, 33, 33, 33, 33, 33, 33, 33, 33, 33, 33, 33, 33, 33, 33, 33, 33, 33, 33, 33, 33, 33, 33, 33, 33, 33, 33, 33, 33, 33, 33, 33, 33, 33, 33, 33, 33, 33, 33, 33, 33, 33, 33, 33, 33, 33, 33, 33, 33, 33, 33, 33, 33, 33, 33, 33, 33, 33, 33, 33, 33, 33, 33, 33, 33, 33, 33, 33, 33, 33, 33, 33, 33, 33, 33, 33, 33, 33]",32.93499511241447,"[32.94330400782013, 32.93939393939394, 32.935483870967744, 32.934506353861195, 32.93499511241447, 32.93939393939394, 32.92668621700879, 32.930596285434994, 32.933040078201365, 32.93255131964809, 32.93352883675464, 32.93304007820137, 32.94232649071358, 32.94086021505376, 32.93597262952102, 32.93890518084066, 32.94037145650049, 32.94086021505377, 32.93743890518084, 32.937927663734115, 32.932062561094824, 32.93841642228739, 32.935483870967744, 32.94037145650049, 32.93597262952102, 32.93841642228739, 32.94037145650049, 32.93695014662757, 32.94037145650049, 32.93743890518084, 32.93841642228739, 32.94086021505376, 32.935483870967744, 32.93499511241447, 32.93206256109482, 32.93743890518084, 32.93646138807429, 32.94379276637341, 32.937927663734115, 32.93743890518084, 32.94086021505376, 32.93841642228739, 32.94183773216031, 32.94086021505376, 32.94672531769306, 32.940371456500486, 32.93255131964809, 32.93988269794721, 32.942815249266864, 32.945259042033236, 32.94379276637341, 32.94134897360704, 32.939393939393945, 32.93890518084066, 32.93890518084066, 32.942815249266864, 32.94037145650049, 32.94379276637341, 32.94330400782014, 32.941837732160316, 32.94086021505377, 32.946236559139784, 32.94770283479961, 32.945259042033236, 32.94574780058651, 32.94477028347996, 32.945259042033236, 32.94428152492669, 32.94379276637341, 32.941837732160316, 32.94134897360704, 32.94379276637341, 32.94428152492669, 32.94086021505377, 32.94721407624633, 32.94819159335288, 32.94428152492669, 32.94134897360704, 32.93499511241447, 32.93890518084066, 32.93939393939394, 32.94037145650049, 32.94086021505377, 32.94672531769306, 32.94086021505377, 32.945259042033236, 32.94086021505377, 32.94086021505377, 32.93939393939394, 32.94232649071359, 32.94721407624633, 32.95063538611926, 32.95063538611926, 32.94672531769306, 32.94379276637341, 32.94330400782014, 32.941837732160316, 32.94379276637341, 32.94721407624633, 32.93988269794721, 32.93841642228739, 32.93743890518084, 32.935483870967744, 32.935483870967744, 32.93646138807429, 32.93743890518084, 32.93499511241447, 32.93597262952102, 32.93695014662757, 32.93695014662757, 32.93841642228739, 32.93499511241447, 32.937927663734115, 32.93695014662757, 32.93401759530792, 32.93401759530792, 32.9286412512219, 32.9286412512219, 32.934506353861195, 32.93206256109482, 32.935483870967744, 32.93304007820137, 32.934506353861195, 32.93939393939394, 32.93939393939394, 32.93988269794721, 32.93939393939394, 32.941837732160316, 32.93743890518084, 32.93890518084066, 32.941837732160316, 32.94086021505377, 32.940371456500486, 32.93890518084066, 32.93841642228739, 32.93597262952102, 32.935483870967744, 32.93988269794721, 32.93695014662757, 32.940371456500486, 32.94379276637341, 32.93988269794721, 32.937927663734115, 32.93499511241446, 32.93304007820137, 32.93646138807429, 32.940371456500486, 32.93939393939394, 32.93401759530792, 32.934506353861195, 32.935483870967744, 32.93304007820137, 32.93499511241447, 32.93695014662757, 32.93890518084066, 32.937927663734115, 32.93939393939394, 32.934506353861195, 32.93597262952102, 32.931085043988276, 32.93157380254154, 32.93206256109482, 32.93157380254154, 32.93304007820137, 32.93352883675465, 32.93597262952102, 32.934506353861195, 32.93695014662757, 32.935483870967744, 32.93646138807429, 32.934506353861195, 32.93695014662757, 32.93597262952102, 32.94037145650049, 32.93988269794722, 32.942815249266864, 32.94037145650049, 32.93988269794721, 32.93646138807429, 32.93646138807429, 32.93352883675465, 32.93597262952102, 32.937927663734115, 32.94086021505377, 32.941837732160316, 32.94232649071359, 32.93646138807429, 32.93841642228739, 32.93841642228739, 32.93352883675465, 32.935483870967744, 32.934506353861195, 32.93597262952102, 32.93743890518084, 32.93695014662757, 32.93646138807429, 32.93597262952102, 32.93499511241447, 32.934506353861195, 32.932062561094824, 32.929618768328446, 32.932062561094824, 32.93401759530792, 32.93499511241447, 32.93597262952102, 32.93597262952102, 32.934506353861195, 32.930596285434994, 32.929618768328446, 32.929618768328446, 32.93157380254154, 32.93108504398827, 32.92913000977517, 32.924731182795696, 32.9266862170088, 32.92570869990225, 32.93010752688172, 32.92815249266862, 32.927174975562075, 32.9286412512219, 32.93157380254154, 32.92766373411535, 32.926197458455526, 32.926197458455526, 32.93010752688172, 32.9286412512219, 32.930596285434994, 32.93108504398827, 32.930596285434994, 32.93255131964809, 32.9325513196481, 32.9325513196481, 32.930596285434994, 32.92913000977517, 32.929618768328446, 32.93352883675465, 32.93352883675465, 32.9325513196481, 32.93499511241447, 32.939393939393945, 32.94428152492669, 32.94086021505376, 32.93841642228739, 32.93597262952101, 32.93450635386119, 32.93352883675465, 32.93499511241447, 32.933040078201365, 32.93352883675464, 32.934017595307914, 32.93695014662757, 32.938416422287396, 32.93988269794722, 32.94232649071359, 32.94037145650049, 32.93499511241447, 32.930596285434994, 32.93108504398827, 32.930596285434994, 32.93108504398827, 32.935483870967744, 32.93695014662757, 32.93890518084066, 32.93841642228739, 32.94330400782014, 32.94086021505377, 32.93499511241447, 32.93206256109482, 32.93255131964809, 32.9325513196481, 32.93401759530792, 32.935483870967744, 32.93841642228739, 32.937927663734115, 32.94037145650049, 32.937927663734115, 32.93646138807429, 32.938416422287396, 32.937927663734115, 32.93499511241447, 32.937927663734115, 32.93695014662757, 32.93988269794721, 32.94037145650049, 32.93939393939394, 32.93646138807429, 32.94134897360704, 32.93988269794721, 32.940371456500486, 32.937927663734115, 32.93646138807429, 32.93010752688172, 32.93255131964809, 32.930596285434994, 32.927174975562075, 32.92570869990225, 32.93010752688172, 32.92766373411535, 32.92815249266862, 32.92766373411535, 32.924731182795696, 32.9266862170088, 32.9247311827957, 32.919843597262954, 32.922287390029325, 32.92424242424243, 32.924731182795696, 32.9266862170088, 32.926197458455526, 32.93499511241447]",0.8341878648271535,0.8194922131622676,33,"[33, 33, 33, 33, 33, 33, 33, 33, 33, 33, 33, 33, 33, 33, 33, 33, 33, 33, 33, 33, 33, 33, 33, 33, 33, 33, 33, 33, 33, 33, 33, 33, 33, 33, 33, 33, 33, 33, 33, 33, 33, 33, 33, 33, 33, 33, 33, 33, 33, 33, 33, 33, 33, 33, 33, 33, 33, 33, 33, 33, 33, 33, 33, 33, 33, 33, 33, 33, 33, 33, 33, 33, 33, 33, 33, 33, 33, 33, 33, 33, 33, 33, 33, 33, 33, 33, 33, 33, 33, 33, 33, 33, 33, 33, 33, 33, 33, 33, 33, 33, 33, 33, 33, 33, 33, 33, 33, 33, 33, 33, 33, 33, 33, 33, 33, 33, 33, 33, 33, 33, 33, 33, 33, 33, 33, 33, 33, 33, 33, 33, 33, 33, 33, 33, 33, 33, 33, 33, 33, 33, 33, 33, 33, 33, 33, 33, 33, 33, 33, 33, 33, 33, 33, 33, 33, 33, 33, 33, 33, 33, 33, 33, 33, 33, 33, 33, 33, 33, 33, 33, 33, 33, 33, 33, 33, 33, 33, 33, 33, 33, 33, 33, 33, 33, 33, 33, 33, 33, 33, 33, 33, 33, 33, 33, 33, 33, 33, 33, 33, 33, 33, 33, 33, 33, 33, 33, 33, 33, 33, 33, 33, 33, 33, 33, 33, 33, 33, 33, 33, 33, 33, 33, 33, 33, 33, 33, 33, 33, 33, 33, 33, 33, 33, 33, 33, 33, 33, 33, 33, 33, 33, 33, 33, 33, 33, 33, 33, 33, 33, 33, 33, 33, 33, 33, 33, 33, 33, 33, 33, 33, 33, 33, 33, 33, 33, 33, 33, 33, 33, 33, 33, 33, 33, 33, 33, 33, 33, 33, 33, 33, 33, 33, 33, 33, 33, 33, 33, 33, 33, 33, 33, 33, 33, 33, 33, 33, 33, 33, 33, 33, 33, 33, 33, 33, 33, 33, 33, 33, 33, 33]",310,"[0.47626885771751404, 0.42638978362083435, 0.4140292704105377, 0.4090578556060791, 0.40634310245513916, 0.4043138921260834, 0.4025700092315674, 0.40100041031837463, 0.39957454800605774, 0.39824312925338745, 0.39698195457458496, 0.39580878615379333, 0.3947192430496216, 0.39367061853408813, 0.3926710784435272, 0.3917301297187805, 0.3908407986164093, 0.389983594417572, 0.38919296860694885, 0.38845741748809814, 0.38776129484176636, 0.38706284761428833, 0.3863998055458069, 0.3857792019844055, 0.38516005873680115, 0.38457053899765015, 0.3840176463127136, 0.38351204991340637, 0.3830270767211914, 0.3825267553329468, 0.3820773959159851, 0.38164564967155457, 0.38119861483573914, 0.3807600736618042, 0.38034188747406006, 0.3799448013305664, 0.37958386540412903, 0.3791908919811249, 0.3787957429885864, 0.3784489929676056, 0.3781096637248993, 0.37773939967155457, 0.37741589546203613, 0.37706372141838074, 0.3767397999763489, 0.3764462172985077, 0.37614113092422485, 0.37582919001579285, 0.37551650404930115, 0.37523287534713745, 0.3749479055404663, 0.3746526837348938, 0.37434178590774536, 0.37408682703971863, 0.3738148510456085, 0.37355396151542664, 0.3733123540878296, 0.3730507791042328, 0.37282857298851013, 0.37254849076271057, 0.3722740113735199, 0.371988445520401, 0.37170863151550293, 0.3714444637298584, 0.3711787462234497, 0.37091580033302307, 0.3706638813018799, 0.370421439409256, 0.3702024519443512, 0.3699440360069275, 0.36968690156936646, 0.3694576025009155, 0.36923736333847046, 0.3690244257450104, 0.3687645196914673, 0.368528813123703, 0.3682921528816223, 0.3680320084095001, 0.36779725551605225, 0.3675540089607239, 0.3673258125782013, 0.36710605025291443, 0.3668690025806427, 0.3666315972805023, 0.3664131462574005, 0.36619332432746887, 0.3659534752368927, 0.3657341003417969, 0.3654859662055969, 0.3652682900428772, 0.3650338649749756, 0.3648121953010559, 0.3645705282688141, 0.3643241226673126, 0.3641040027141571, 0.3638922870159149, 0.36367323994636536, 0.36346426606178284, 0.3632379472255707, 0.3630158305168152, 0.36279600858688354, 0.36260300874710083, 0.36235538125038147, 0.3621632754802704, 0.3619447648525238, 0.36173680424690247, 0.3615158796310425, 0.36131051182746887, 0.3610962927341461, 0.3608603775501251, 0.3606593608856201, 0.3604486584663391, 0.36022692918777466, 0.36000484228134155, 0.35980719327926636, 0.3595832586288452, 0.3593805730342865, 0.35916149616241455, 0.3589414954185486, 0.35879042744636536, 0.358602911233902, 0.3583405017852783, 0.3581241965293884, 0.35791587829589844, 0.35773998498916626, 0.35753506422042847, 0.35733067989349365, 0.3571344316005707, 0.3569357693195343, 0.3567134439945221, 0.3565288484096527, 0.3562934994697571, 0.3560713529586792, 0.35586726665496826, 0.35567131638526917, 0.35549601912498474, 0.35528555512428284, 0.355065256357193, 0.35488560795783997, 0.354670912027359, 0.35449424386024475, 0.3542870581150055, 0.35409337282180786, 0.35390132665634155, 0.35370829701423645, 0.3535074293613434, 0.3533167541027069, 0.3530920445919037, 0.3529139459133148, 0.35272544622421265, 0.3525315523147583, 0.3523533344268799, 0.3521421551704407, 0.3519446849822998, 0.35176387429237366, 0.35156089067459106, 0.3513789474964142, 0.35116636753082275, 0.3510003685951233, 0.3508399724960327, 0.3506411612033844, 0.3504471480846405, 0.3502498269081116, 0.35007643699645996, 0.3498961627483368, 0.34968510270118713, 0.3495028018951416, 0.3493226170539856, 0.3491438627243042, 0.3489500880241394, 0.3487316071987152, 0.34855198860168457, 0.34834012389183044, 0.3481428027153015, 0.34797781705856323, 0.3478051424026489, 0.3476269841194153, 0.3474355936050415, 0.34728771448135376, 0.34709715843200684, 0.346892386674881, 0.3466914892196655, 0.34652388095855713, 0.34632647037506104, 0.3461317718029022, 0.3459392189979553, 0.3457876145839691, 0.3455990254878998, 0.3454118072986603, 0.3452214300632477, 0.3450377285480499, 0.3448925018310547, 0.34471508860588074, 0.3445112705230713, 0.3443288505077362, 0.34416133165359497, 0.3439851403236389, 0.34381577372550964, 0.3435949385166168, 0.34341445565223694, 0.34324538707733154, 0.3430922329425812, 0.3429040014743805, 0.34277498722076416, 0.34259405732154846, 0.34240368008613586, 0.34223029017448425, 0.342044472694397, 0.3418353796005249, 0.34167492389678955, 0.3414875268936157, 0.34128791093826294, 0.3410971164703369, 0.340952605009079, 0.34076985716819763, 0.34058678150177, 0.3404271602630615, 0.34022969007492065, 0.34003961086273193, 0.33987921476364136, 0.3396947383880615, 0.33953526616096497, 0.3393491804599762, 0.3391622304916382, 0.3389747738838196, 0.338791161775589, 0.33858612179756165, 0.3384326100349426, 0.3382646441459656, 0.33810245990753174, 0.33789747953414917, 0.3376954197883606, 0.3375381827354431, 0.33738985657691956, 0.33720749616622925, 0.33702948689460754, 0.33683979511260986, 0.3366684317588806, 0.3364778757095337, 0.33629897236824036, 0.3361448049545288, 0.33595025539398193, 0.33578169345855713, 0.3355681300163269, 0.3353831171989441, 0.335219144821167, 0.33500149846076965, 0.33483555912971497, 0.33463573455810547, 0.3344499468803406, 0.334296315908432, 0.3341105580329895, 0.33390945196151733, 0.33374571800231934, 0.33355844020843506, 0.3333883285522461, 0.3331707715988159, 0.3329900801181793, 0.3328123092651367, 0.33262085914611816, 0.33243903517723083, 0.33226844668388367, 0.3320748507976532, 0.3318912386894226, 0.3317086398601532, 0.33152467012405396, 0.33133792877197266, 0.3311505913734436, 0.3309527337551117, 0.3307804763317108, 0.3305543065071106, 0.3303634524345398, 0.3301818370819092, 0.3299747705459595, 0.32979920506477356, 0.3296053409576416, 0.3293985426425934, 0.3292020857334137, 0.32900410890579224, 0.32879507541656494, 0.3286176025867462, 0.3284280002117157, 0.32823696732521057, 0.32804378867149353, 0.32784342765808105, 0.32764968276023865, 0.3274545967578888, 0.32726868987083435, 0.32706156373023987, 0.3268636465072632, 0.3266424536705017, 0.3264467120170593, 0.3262404203414917, 0.32605457305908203, 0.3258169889450073, 0.3256033658981323, 0.3254111409187317, 0.32520025968551636, 0.3250040113925934, 0.3248165547847748, 0.32461434602737427, 0.32442188262939453, 0.32418620586395264, 0.32396218180656433, 0.32373836636543274, 0.3235103487968445, 0.32328712940216064, 0.32307595014572144, 0.3228859603404999, 0.32266485691070557]",33.0,"[33.0, 33.0, 33.0, 33.0, 33.0, 33.0, 33.0, 33.0, 33.0, 33.0, 33.0, 33.0, 33.0, 33.0, 33.0, 33.0, 33.0, 33.0, 33.0, 33.0, 33.0, 33.0, 33.0, 33.0, 33.0, 33.0, 33.0, 33.0, 33.0, 33.0, 33.0, 33.0, 33.0, 33.0, 33.0, 33.0, 33.0, 33.0, 33.0, 33.0, 33.0, 33.0, 33.0, 33.0, 33.0, 33.0, 33.0, 33.0, 33.0, 33.0, 33.0, 33.0, 33.0, 33.0, 33.0, 33.0, 33.0, 33.0, 33.0, 33.0, 33.0, 33.0, 33.0, 33.0, 33.0, 33.0, 33.0, 33.0, 33.0, 33.0, 33.0, 33.0, 33.0, 33.0, 33.0, 33.0, 33.0, 33.0, 33.0, 33.0, 33.0, 33.0, 33.0, 33.0, 33.0, 33.0, 33.0, 33.0, 33.0, 33.0, 33.0, 33.0, 33.0, 33.0, 33.0, 33.0, 33.0, 33.0, 33.0, 33.0, 33.0, 33.0, 33.0, 33.0, 33.0, 33.0, 33.0, 33.0, 33.0, 33.0, 33.0, 33.0, 33.0, 33.0, 33.0, 33.0, 33.0, 33.0, 33.0, 33.0, 33.0, 33.0, 33.0, 33.0, 33.0, 33.0, 33.0, 33.0, 33.0, 33.0, 33.0, 33.0, 33.0, 33.0, 33.0, 33.0, 33.0, 33.0, 33.0, 33.0, 33.0, 33.0, 33.0, 33.0, 33.0, 33.0, 33.0, 33.0, 33.0, 33.0, 33.0, 33.0, 33.0, 33.0, 33.0, 33.0, 33.0, 33.0, 33.0, 33.0, 33.0, 33.0, 33.0, 33.0, 33.0, 33.0, 33.0, 33.0, 33.0, 33.0, 33.0, 33.0, 33.0, 33.0, 33.0, 33.0, 33.0, 33.0, 33.0, 33.0, 33.0, 33.0, 33.0, 33.0, 33.0, 33.0, 33.0, 33.0, 33.0, 33.0, 33.0, 33.0, 33.0, 33.0, 33.0, 33.0, 33.0, 33.0, 33.0, 33.0, 33.0, 33.0, 33.0, 33.0, 33.0, 33.0, 33.0, 33.0, 33.0, 33.0, 33.0, 33.0, 33.0, 33.0, 33.0, 33.0, 33.0, 33.0, 33.0, 33.0, 33.0, 33.0, 33.0, 33.0, 33.0, 33.0, 33.0, 33.0, 33.0, 33.0, 33.0, 33.0, 33.0, 33.0, 33.0, 33.0, 33.0, 33.0, 33.0, 33.0, 33.0, 33.0, 33.0, 33.0, 33.0, 33.0, 33.0, 33.0, 33.0, 33.0, 33.0, 33.0, 33.0, 33.0, 33.0, 33.0, 33.0, 33.0, 33.0, 33.0, 33.0, 33.0, 33.0, 33.0, 33.0, 33.0, 33.0, 33.0, 33.0, 33.0, 33.0, 33.0, 33.0, 33.0, 33.0, 33.0, 33.0, 33.0, 33.0, 33.0, 33.0, 33.0, 33.0, 33.0, 33.0, 33.0, 33.0, 33.0, 33.0, 33.0, 33.0, 33.0, 33.0, 33.0, 33.0, 33.0, 33.0, 33.0, 33.0, 33.0, 33.0, 33.0, 33.0, 33.0, 33.0, 33.0, 33.0, 33.0, 33.0, 33.0]",COMPLETE
