,number,value,datetime_start,datetime_complete,duration,params_batch_size_scaler,params_constant_learning_rate,params_depth,params_epochs,params_kernel_l2,params_num_trees,params_temperature,user_attrs_accuracy_test,user_attrs_accuracy_valid,user_attrs_approximate_feature_sparsity,user_attrs_approximate_feature_sparsity_history,user_attrs_approximate_weight_sparsity,user_attrs_approximate_weight_sparsity_history,user_attrs_auc_test,user_attrs_auc_valid,user_attrs_feature_sparsity,user_attrs_feature_sparsity_history,user_attrs_num_epochs,user_attrs_val_loss_history,user_attrs_weight_sparsity,user_attrs_weight_sparsity_history,state
6,6,0.7116100526851387,2024-08-31 00:46:18.651491,2024-08-31 00:47:20.990828,0 days 00:01:02.339337,16,0.014120834949706208,4,260,0.6819998324673497,54,0.005749963945531071,0.868,0.86625,33,"[33, 33, 33, 33, 33, 33, 33, 33, 33, 33, 33, 33, 33, 33, 33, 33, 33, 33, 33, 33, 33, 33, 33, 33, 33, 33, 33, 33, 33, 33, 33, 33, 33, 33, 33, 33, 33, 33, 33, 33, 33, 33, 33, 33, 33, 33, 33, 33, 33, 33, 33, 33, 33, 33, 33, 33, 33, 33, 33, 33, 33, 33, 33, 33, 33, 33, 33, 33, 33, 33, 33, 33, 33, 33, 33, 33, 33, 33, 33, 33, 33, 33, 33, 33, 33, 33, 33, 33, 33, 33, 33, 33, 33, 33, 33, 33, 33, 33, 33, 33, 33, 33, 33, 33, 33, 33, 33, 33, 33, 33, 33, 33, 33, 33, 33, 33, 33, 33, 33, 33, 33, 33, 33, 33, 33, 33, 33, 33, 33, 33, 33, 33, 33, 33, 33, 33, 33, 33, 33, 33, 33, 33, 33, 33, 33, 33, 33, 33, 33, 33, 33, 33, 33, 33, 33, 33, 33, 33, 33, 33, 33, 33, 33, 33, 33, 33, 33, 33, 33, 33, 33, 33, 33, 33, 33, 33, 33, 33, 33, 33, 33, 33, 33, 33, 33, 33, 33, 33, 33, 33, 33, 33, 33, 33, 33, 33, 33, 33, 33, 33, 33, 33, 33, 33, 33, 33, 33, 33, 33, 33, 33, 33, 33, 33, 33, 33, 33, 33, 33, 33, 33, 33, 33, 33, 33, 33, 33, 33, 33, 33, 33, 33, 33, 33, 33, 33, 33, 33, 33, 33, 33, 33, 33, 33, 33, 33, 33, 33, 33, 33, 33, 33, 33, 33, 33, 33, 33, 33, 33, 33]",32.95679012345679,"[32.959259259259255, 32.956790123456784, 32.95679012345679, 32.959259259259255, 32.961728395061726, 32.96666666666667, 32.96666666666667, 32.97037037037037, 32.97037037037037, 32.9641975308642, 32.959259259259255, 32.96049382716049, 32.96049382716049, 32.95432098765432, 32.95432098765432, 32.955555555555556, 32.95802469135803, 32.955555555555556, 32.959259259259255, 32.95802469135803, 32.961728395061726, 32.9641975308642, 32.9641975308642, 32.96296296296296, 32.96049382716049, 32.961728395061726, 32.96049382716049, 32.96666666666667, 32.9604938271605, 32.95679012345679, 32.95432098765432, 32.953086419753085, 32.955555555555556, 32.95432098765432, 32.955555555555556, 32.94814814814815, 32.94197530864198, 32.94197530864197, 32.946913580246914, 32.953086419753085, 32.95679012345679, 32.95802469135803, 32.95185185185185, 32.95061728395061, 32.953086419753085, 32.955555555555556, 32.95679012345679, 32.96049382716049, 32.95679012345679, 32.95432098765432, 32.95679012345679, 32.95432098765432, 32.95432098765432, 32.953086419753085, 32.95185185185185, 32.961728395061726, 32.96049382716049, 32.96296296296296, 32.96666666666666, 32.96296296296296, 32.961728395061726, 32.9641975308642, 32.96296296296296, 32.953086419753085, 32.95679012345679, 32.953086419753085, 32.953086419753085, 32.953086419753085, 32.955555555555556, 32.95679012345679, 32.955555555555556, 32.96049382716049, 32.95679012345679, 32.96049382716049, 32.9641975308642, 32.961728395061726, 32.95432098765432, 32.955555555555556, 32.95802469135803, 32.955555555555556, 32.95679012345679, 32.95432098765432, 32.949382716049385, 32.95432098765432, 32.953086419753085, 32.955555555555556, 32.95185185185185, 32.94814814814814, 32.953086419753085, 32.95185185185185, 32.94938271604938, 32.946913580246914, 32.94814814814815, 32.949382716049385, 32.949382716049385, 32.95061728395062, 32.95555555555555, 32.95432098765432, 32.94814814814815, 32.95061728395062, 32.95185185185185, 32.95432098765432, 32.95679012345679, 32.95432098765432, 32.953086419753085, 32.95061728395061, 32.95679012345679, 32.959259259259255, 32.96296296296296, 32.961728395061726, 32.9641975308642, 32.96666666666666, 32.9641975308642, 32.96296296296296, 32.96543209876543, 32.967901234567904, 32.96296296296296, 32.96049382716049, 32.96049382716049, 32.9604938271605, 32.96296296296296, 32.95925925925926, 32.95802469135802, 32.9641975308642, 32.96913580246913, 32.9679012345679, 32.967901234567904, 32.96666666666666, 32.96913580246913, 32.97037037037037, 32.97283950617284, 32.96913580246913, 32.9641975308642, 32.96049382716049, 32.95679012345679, 32.95679012345679, 32.95679012345679, 32.96296296296296, 32.95925925925926, 32.95432098765432, 32.95432098765432, 32.959259259259255, 32.96049382716049, 32.956790123456784, 32.955555555555556, 32.95679012345679, 32.959259259259255, 32.959259259259255, 32.95802469135802, 32.955555555555556, 32.959259259259255, 32.955555555555556, 32.95679012345679, 32.956790123456784, 32.959259259259255, 32.959259259259255, 32.959259259259255, 32.96049382716049, 32.95432098765432, 32.95679012345679, 32.955555555555556, 32.953086419753085, 32.95061728395062, 32.95432098765432, 32.95802469135802, 32.96049382716049, 32.95925925925926, 32.95802469135803, 32.961728395061726, 32.96296296296296, 32.95802469135803, 32.95679012345679, 32.959259259259255, 32.9641975308642, 32.959259259259255, 32.961728395061726, 32.961728395061726, 32.959259259259255, 32.961728395061726, 32.96049382716049, 32.961728395061726, 32.961728395061726, 32.9641975308642, 32.96543209876543, 32.9641975308642, 32.96666666666666, 32.96296296296296, 32.961728395061726, 32.96296296296296, 32.96049382716049, 32.961728395061726, 32.96049382716049, 32.961728395061726, 32.95679012345679, 32.96049382716049, 32.95925925925926, 32.95679012345679, 32.961728395061726, 32.96049382716049, 32.95802469135803, 32.95679012345679, 32.95802469135803, 32.959259259259255, 32.95802469135803, 32.95432098765432, 32.953086419753085, 32.955555555555556, 32.955555555555556, 32.95432098765432, 32.95061728395062, 32.955555555555556, 32.95432098765432, 32.949382716049385, 32.95061728395062, 32.95061728395062, 32.953086419753085, 32.95802469135803, 32.95925925925926, 32.96296296296296, 32.959259259259255, 32.961728395061726, 32.96049382716049, 32.959259259259255, 32.95925925925926, 32.961728395061726, 32.95802469135803, 32.959259259259255, 32.953086419753085, 32.95802469135803, 32.961728395061726, 32.96296296296296, 32.9641975308642, 32.961728395061726, 32.96049382716049, 32.95802469135803, 32.95679012345679, 32.955555555555556, 32.95802469135803, 32.95432098765432, 32.95432098765432, 32.95802469135803, 32.955555555555556, 32.95679012345679, 32.95679012345679, 32.95432098765432, 32.951851851851856, 32.951851851851856, 32.95061728395062, 32.95185185185185, 32.955555555555556, 32.95802469135803, 32.95432098765432, 32.95308641975309, 32.955555555555556, 32.95679012345679, 32.955555555555556, 32.95679012345679, 32.95308641975309, 32.95308641975309, 32.95679012345679]",0.7460101222764389,0.7116100526851387,33,"[33, 33, 33, 33, 33, 33, 33, 33, 33, 33, 33, 33, 33, 33, 33, 33, 33, 33, 33, 33, 33, 33, 33, 33, 33, 33, 33, 33, 33, 33, 33, 33, 33, 33, 33, 33, 33, 33, 33, 33, 33, 33, 33, 33, 33, 33, 33, 33, 33, 33, 33, 33, 33, 33, 33, 33, 33, 33, 33, 33, 33, 33, 33, 33, 33, 33, 33, 33, 33, 33, 33, 33, 33, 33, 33, 33, 33, 33, 33, 33, 33, 33, 33, 33, 33, 33, 33, 33, 33, 33, 33, 33, 33, 33, 33, 33, 33, 33, 33, 33, 33, 33, 33, 33, 33, 33, 33, 33, 33, 33, 33, 33, 33, 33, 33, 33, 33, 33, 33, 33, 33, 33, 33, 33, 33, 33, 33, 33, 33, 33, 33, 33, 33, 33, 33, 33, 33, 33, 33, 33, 33, 33, 33, 33, 33, 33, 33, 33, 33, 33, 33, 33, 33, 33, 33, 33, 33, 33, 33, 33, 33, 33, 33, 33, 33, 33, 33, 33, 33, 33, 33, 33, 33, 33, 33, 33, 33, 33, 33, 33, 33, 33, 33, 33, 33, 33, 33, 33, 33, 33, 33, 33, 33, 33, 33, 33, 33, 33, 33, 33, 33, 33, 33, 33, 33, 33, 33, 33, 33, 33, 33, 33, 33, 33, 33, 33, 33, 33, 33, 33, 33, 33, 33, 33, 33, 33, 33, 33, 33, 33, 33, 33, 33, 33, 33, 33, 33, 33, 33, 33, 33, 33, 33, 33, 33, 33, 33, 33, 33, 33, 33, 33, 33, 33, 33, 33, 33, 33, 33, 33]",260,"[0.7196524143218994, 0.6019134521484375, 0.5402837991714478, 0.5063892006874084, 0.4867960214614868, 0.4749218225479126, 0.46733033657073975, 0.4621313512325287, 0.4585598409175873, 0.45603886246681213, 0.45418739318847656, 0.4528103768825531, 0.45164549350738525, 0.4507312774658203, 0.44992271065711975, 0.4491885304450989, 0.44853150844573975, 0.44793084263801575, 0.44738760590553284, 0.4468570947647095, 0.4463558495044708, 0.4458686113357544, 0.44539201259613037, 0.44493022561073303, 0.4444805383682251, 0.4440356194972992, 0.443602591753006, 0.44317567348480225, 0.44275447726249695, 0.44236186146736145, 0.4419766962528229, 0.44157829880714417, 0.4412056803703308, 0.4408143162727356, 0.44044357538223267, 0.44008296728134155, 0.43972986936569214, 0.43938159942626953, 0.43904468417167664, 0.4387155771255493, 0.4383847117424011, 0.4380539357662201, 0.4377261698246002, 0.43740883469581604, 0.43708837032318115, 0.43677905201911926, 0.43647560477256775, 0.436178982257843, 0.4358745515346527, 0.43557465076446533, 0.43528205156326294, 0.43499746918678284, 0.4347199499607086, 0.4344433546066284, 0.43417030572891235, 0.4338907301425934, 0.4336192011833191, 0.4333561062812805, 0.4330984055995941, 0.4328480660915375, 0.43259894847869873, 0.4323529005050659, 0.432099312543869, 0.4318471848964691, 0.43161940574645996, 0.4313808083534241, 0.4311419427394867, 0.4309086501598358, 0.4306868016719818, 0.43046802282333374, 0.4302496314048767, 0.430032342672348, 0.4298057556152344, 0.4296029806137085, 0.42939868569374084, 0.42917969822883606, 0.42896273732185364, 0.42875388264656067, 0.42855820059776306, 0.4283633530139923, 0.42816993594169617, 0.42798683047294617, 0.427799254655838, 0.4276115894317627, 0.4274273216724396, 0.4272420406341553, 0.4270556569099426, 0.426873117685318, 0.42671871185302734, 0.4265478849411011, 0.42636996507644653, 0.4261932075023651, 0.42600059509277344, 0.42583686113357544, 0.4256684482097626, 0.425496906042099, 0.4253285527229309, 0.42516249418258667, 0.4249860644340515, 0.4248181879520416, 0.4246569871902466, 0.42450273036956787, 0.4243577718734741, 0.42418578267097473, 0.4240119159221649, 0.4238518178462982, 0.4237147271633148, 0.4235610067844391, 0.4234117567539215, 0.42327582836151123, 0.42312127351760864, 0.4229864776134491, 0.42284172773361206, 0.42268699407577515, 0.42254626750946045, 0.42240288853645325, 0.42226314544677734, 0.4221133887767792, 0.42197102308273315, 0.421830415725708, 0.4217030704021454, 0.4215604066848755, 0.4214187264442444, 0.4212813973426819, 0.42115336656570435, 0.42103317379951477, 0.4208921790122986, 0.4207650125026703, 0.4206364154815674, 0.42051437497138977, 0.4203867018222809, 0.420257568359375, 0.42012500762939453, 0.42000091075897217, 0.41987308859825134, 0.41973865032196045, 0.4196259379386902, 0.41951119899749756, 0.41939568519592285, 0.419262170791626, 0.4191357493400574, 0.4190160036087036, 0.41889438033103943, 0.41876983642578125, 0.41864314675331116, 0.41853055357933044, 0.4184071719646454, 0.41829678416252136, 0.4181845188140869, 0.41807326674461365, 0.41795897483825684, 0.41784003376960754, 0.4177209436893463, 0.4175982177257538, 0.41748151183128357, 0.4173610806465149, 0.4172603189945221, 0.417148232460022, 0.41703903675079346, 0.41692620515823364, 0.4168299436569214, 0.4167265295982361, 0.41661205887794495, 0.41650569438934326, 0.41640740633010864, 0.4162967801094055, 0.4161897897720337, 0.4160884916782379, 0.4159715175628662, 0.41586074233055115, 0.41576632857322693, 0.4156593084335327, 0.415561318397522, 0.4154590666294098, 0.41536661982536316, 0.415272057056427, 0.41517534852027893, 0.4150577783584595, 0.4149574041366577, 0.4148583710193634, 0.4147650897502899, 0.41466450691223145, 0.41456958651542664, 0.41446587443351746, 0.41436803340911865, 0.4142724573612213, 0.4141739308834076, 0.4140649735927582, 0.41395214200019836, 0.41386014223098755, 0.41376155614852905, 0.41365790367126465, 0.41354817152023315, 0.41345274448394775, 0.413345605134964, 0.4132460355758667, 0.41314515471458435, 0.4130498766899109, 0.4129415452480316, 0.41286587715148926, 0.41278067231178284, 0.41267383098602295, 0.412593811750412, 0.41250771284103394, 0.4124055504798889, 0.4123189151287079, 0.41220587491989136, 0.4121145009994507, 0.41201770305633545, 0.41192302107810974, 0.4118255376815796, 0.4117402732372284, 0.41166192293167114, 0.41155800223350525, 0.4114677906036377, 0.41137802600860596, 0.4112813174724579, 0.41117897629737854, 0.4110966622829437, 0.41100063920021057, 0.41090628504753113, 0.41081133484840393, 0.410722553730011, 0.410635769367218, 0.4105335474014282, 0.41043245792388916, 0.41034793853759766, 0.4102761745452881, 0.410186767578125, 0.41009026765823364, 0.409986674785614, 0.40989968180656433, 0.4098212420940399, 0.40973129868507385, 0.4096505641937256, 0.4095380902290344, 0.4094514846801758, 0.4093588888645172, 0.4092782139778137, 0.40916916728019714, 0.40908583998680115, 0.40899279713630676, 0.4089026153087616, 0.40881744027137756, 0.4087260067462921, 0.40862956643104553, 0.4085434377193451, 0.4084590971469879, 0.4083609879016876, 0.4082900881767273, 0.4081912338733673, 0.40809643268585205, 0.40799903869628906, 0.4079163074493408, 0.40782788395881653, 0.4077354371547699, 0.4076637327671051, 0.40757548809051514, 0.4074837863445282, 0.4073887765407562]",33.0,"[33.0, 33.0, 33.0, 33.0, 33.0, 33.0, 33.0, 33.0, 33.0, 33.0, 33.0, 33.0, 33.0, 33.0, 33.0, 33.0, 33.0, 33.0, 33.0, 33.0, 33.0, 33.0, 33.0, 33.0, 33.0, 33.0, 33.0, 33.0, 33.0, 33.0, 33.0, 33.0, 33.0, 33.0, 33.0, 33.0, 33.0, 33.0, 33.0, 33.0, 33.0, 33.0, 33.0, 33.0, 33.0, 33.0, 33.0, 33.0, 33.0, 33.0, 33.0, 33.0, 33.0, 33.0, 33.0, 33.0, 33.0, 33.0, 33.0, 33.0, 33.0, 33.0, 33.0, 33.0, 33.0, 33.0, 33.0, 33.0, 33.0, 33.0, 33.0, 33.0, 33.0, 33.0, 33.0, 33.0, 33.0, 33.0, 33.0, 33.0, 33.0, 33.0, 33.0, 33.0, 33.0, 33.0, 33.0, 33.0, 33.0, 33.0, 33.0, 33.0, 33.0, 33.0, 33.0, 33.0, 33.0, 33.0, 33.0, 33.0, 33.0, 33.0, 33.0, 33.0, 33.0, 33.0, 33.0, 33.0, 33.0, 33.0, 33.0, 33.0, 33.0, 33.0, 33.0, 33.0, 33.0, 33.0, 33.0, 33.0, 33.0, 33.0, 33.0, 33.0, 33.0, 33.0, 33.0, 33.0, 33.0, 33.0, 33.0, 33.0, 33.0, 33.0, 33.0, 33.0, 33.0, 33.0, 33.0, 33.0, 33.0, 33.0, 33.0, 33.0, 33.0, 33.0, 33.0, 33.0, 33.0, 33.0, 33.0, 33.0, 33.0, 33.0, 33.0, 33.0, 33.0, 33.0, 33.0, 33.0, 33.0, 33.0, 33.0, 33.0, 33.0, 33.0, 33.0, 33.0, 33.0, 33.0, 33.0, 33.0, 33.0, 33.0, 33.0, 33.0, 33.0, 33.0, 33.0, 33.0, 33.0, 33.0, 33.0, 33.0, 33.0, 33.0, 33.0, 33.0, 33.0, 33.0, 33.0, 33.0, 33.0, 33.0, 33.0, 33.0, 33.0, 33.0, 33.0, 33.0, 33.0, 33.0, 33.0, 33.0, 33.0, 33.0, 33.0, 33.0, 33.0, 33.0, 33.0, 33.0, 33.0, 33.0, 33.0, 33.0, 33.0, 33.0, 33.0, 33.0, 33.0, 33.0, 33.0, 33.0, 33.0, 33.0, 33.0, 33.0, 33.0, 33.0, 33.0, 33.0, 33.0, 33.0, 33.0, 33.0, 33.0, 33.0, 33.0, 33.0, 33.0, 33.0, 33.0, 33.0, 33.0, 33.0, 33.0, 33.0, 33.0, 33.0, 33.0, 33.0, 33.0, 33.0, 33.0, 33.0, 33.0, 33.0, 33.0, 33.0]",COMPLETE
