,number,value,datetime_start,datetime_complete,duration,params_batch_size_scaler,params_constant_learning_rate,params_depth,params_epochs,params_kernel_l2,params_num_trees,params_temperature,user_attrs_accuracy_test,user_attrs_accuracy_valid,user_attrs_approximate_feature_sparsity,user_attrs_approximate_feature_sparsity_history,user_attrs_approximate_weight_sparsity,user_attrs_approximate_weight_sparsity_history,user_attrs_auc_test,user_attrs_auc_valid,user_attrs_feature_sparsity,user_attrs_feature_sparsity_history,user_attrs_num_epochs,user_attrs_val_loss_history,user_attrs_weight_sparsity,user_attrs_weight_sparsity_history,state
159,159,0.5,2024-08-31 08:32:44.569490,2024-08-31 08:38:42.720675,0 days 00:05:58.151185,4,0.657187181143055,6,130,0.19886808678097975,60,0.06653341272475925,0.859,0.85875,0,"[0, 0, 0, 0, 0, 0, 0, 0, 0, 0, 0, 0, 0, 0, 0, 0, 0, 0, 0, 0, 0, 0, 0, 0, 0, 0, 0, 0, 0, 0, 0, 0, 0, 0, 0, 0, 0, 0, 0, 0, 0, 0, 0, 0, 0, 0, 0, 0, 0, 0, 0, 0, 0, 0, 0, 0, 0, 0, 0, 0, 0, 0, 0, 0, 0, 0, 0, 0, 0, 0, 0, 0, 0, 0, 0, 0, 0, 0, 0, 0, 0, 0, 0, 0, 0, 0, 0, 0, 0, 0, 0, 0, 0, 0, 0, 0, 0, 0, 0, 0, 0, 0, 0, 0, 0, 0, 0, 0, 0, 0, 0, 0, 0, 0, 0, 0, 0, 0, 0, 0, 0, 0, 0, 0, 0, 0, 0, 0, 0, 0]",0.0,"[0.0, 0.0, 0.0, 0.0, 0.0, 0.0, 0.0, 0.0, 0.0, 0.0, 0.0, 0.0, 0.0, 0.0, 0.0, 0.0, 0.0, 0.0, 0.0, 0.0, 0.0, 0.0, 0.0, 0.0, 0.0, 0.0, 0.0, 0.0, 0.0, 0.0, 0.0, 0.0, 0.0, 0.0, 0.0, 0.0, 0.0, 0.0, 0.0, 0.0, 0.0, 0.0, 0.0, 0.0, 0.0, 0.0, 0.0, 0.0, 0.0, 0.0, 0.0, 0.0, 0.0, 0.0, 0.0, 0.0, 0.0, 0.0, 0.0, 0.0, 0.0, 0.0, 0.0, 0.0, 0.0, 0.0, 0.0, 0.0, 0.0, 0.0, 0.0, 0.0, 0.0, 0.0, 0.0, 0.0, 0.0, 0.0, 0.0, 0.0, 0.0, 0.0, 0.0, 0.0, 0.0, 0.0, 0.0, 0.0, 0.0, 0.0, 0.0, 0.0, 0.0, 0.0, 0.0, 0.0, 0.0, 0.0, 0.0, 0.0, 0.0, 0.0, 0.0, 0.0, 0.0, 0.0, 0.0, 0.0, 0.0, 0.0, 0.0, 0.0, 0.0, 0.0, 0.0, 0.0, 0.0, 0.0, 0.0, 0.0, 0.0, 0.0, 0.0, 0.0, 0.0, 0.0, 0.0, 0.0, 0.0, 0.0]",0.5,0.5,0,"[0, 0, 0, 0, 0, 0, 0, 0, 0, 0, 0, 0, 0, 0, 0, 0, 0, 0, 0, 0, 0, 0, 0, 0, 0, 0, 0, 0, 0, 0, 0, 0, 0, 0, 0, 0, 0, 0, 0, 0, 0, 0, 0, 0, 0, 0, 0, 0, 0, 0, 0, 0, 0, 0, 0, 0, 0, 0, 0, 0, 0, 0, 0, 0, 0, 0, 0, 0, 0, 0, 0, 0, 0, 0, 0, 0, 0, 0, 0, 0, 0, 0, 0, 0, 0, 0, 0, 0, 0, 0, 0, 0, 0, 0, 0, 0, 0, 0, 0, 0, 0, 0, 0, 0, 0, 0, 0, 0, 0, 0, 0, 0, 0, 0, 0, 0, 0, 0, 0, 0, 0, 0, 0, 0, 0, 0, 0, 0, 0, 0]",130,"[0.4072648882865906, 0.4076751470565796, 0.40728873014450073, 0.407802015542984, 0.40736132860183716, 0.40725335478782654, 0.40773898363113403, 0.40837082266807556, 0.4075837731361389, 0.4072563052177429, 0.40857741236686707, 0.40762364864349365, 0.4087243974208832, 0.4072315990924835, 0.4073098301887512, 0.41139358282089233, 0.4086449146270752, 0.4072464406490326, 0.40722742676734924, 0.4081622064113617, 0.4075261950492859, 0.4073152244091034, 0.4072270691394806, 0.407228022813797, 0.40743014216423035, 0.40746402740478516, 0.4075288474559784, 0.4081448018550873, 0.40780848264694214, 0.40820252895355225, 0.4073053002357483, 0.4077901840209961, 0.407248854637146, 0.40797561407089233, 0.4074040651321411, 0.40752696990966797, 0.4072309732437134, 0.4072580635547638, 0.40745553374290466, 0.4079938232898712, 0.4076528251171112, 0.4073237478733063, 0.4090927243232727, 0.40763959288597107, 0.4072346091270447, 0.40731242299079895, 0.40724796056747437, 0.4075591564178467, 0.4072415232658386, 0.4073762595653534, 0.40723350644111633, 0.40783607959747314, 0.40764033794403076, 0.40800297260284424, 0.40843120217323303, 0.4080495536327362, 0.40854737162590027, 0.4072328507900238, 0.4074092507362366, 0.4081585705280304, 0.407299280166626, 0.40744492411613464, 0.4079221487045288, 0.40724191069602966, 0.40753060579299927, 0.4075925946235657, 0.4073328375816345, 0.40730881690979004, 0.4076777696609497, 0.40844494104385376, 0.4084654748439789, 0.4077134430408478, 0.4072580635547638, 0.4081556797027588, 0.40743011236190796, 0.4072624146938324, 0.407227098941803, 0.4074276387691498, 0.40740153193473816, 0.4080624282360077, 0.40746375918388367, 0.4074977934360504, 0.40745678544044495, 0.40730834007263184, 0.4074311852455139, 0.40783026814460754, 0.40723904967308044, 0.4072321653366089, 0.4073500335216522, 0.40756797790527344, 0.40736767649650574, 0.40904736518859863, 0.4077892303466797, 0.4074276387691498, 0.4072272479534149, 0.40782931447029114, 0.4088227450847626, 0.4072401523590088, 0.40730148553848267, 0.4084445834159851, 0.40791240334510803, 0.4078648090362549, 0.40740257501602173, 0.40885844826698303, 0.40756168961524963, 0.4094318747520447, 0.4076917767524719, 0.40955430269241333, 0.4072725772857666, 0.4072898030281067, 0.4073237478733063, 0.40725189447402954, 0.40970927476882935, 0.4080740213394165, 0.4076179265975952, 0.40743333101272583, 0.40734222531318665, 0.40746209025382996, 0.4077829122543335, 0.4082968533039093, 0.40750354528427124, 0.40774691104888916, 0.4076181650161743, 0.4072735607624054, 0.4072515070438385, 0.40802305936813354, 0.40729689598083496, 0.40769073367118835, 0.40759193897247314, 0.40754076838493347]",0.0,"[0.0, 0.0, 0.0, 0.0, 0.0, 0.0, 0.0, 0.0, 0.0, 0.0, 0.0, 0.0, 0.0, 0.0, 0.0, 0.0, 0.0, 0.0, 0.0, 0.0, 0.0, 0.0, 0.0, 0.0, 0.0, 0.0, 0.0, 0.0, 0.0, 0.0, 0.0, 0.0, 0.0, 0.0, 0.0, 0.0, 0.0, 0.0, 0.0, 0.0, 0.0, 0.0, 0.0, 0.0, 0.0, 0.0, 0.0, 0.0, 0.0, 0.0, 0.0, 0.0, 0.0, 0.0, 0.0, 0.0, 0.0, 0.0, 0.0, 0.0, 0.0, 0.0, 0.0, 0.0, 0.0, 0.0, 0.0, 0.0, 0.0, 0.0, 0.0, 0.0, 0.0, 0.0, 0.0, 0.0, 0.0, 0.0, 0.0, 0.0, 0.0, 0.0, 0.0, 0.0, 0.0, 0.0, 0.0, 0.0, 0.0, 0.0, 0.0, 0.0, 0.0, 0.0, 0.0, 0.0, 0.0, 0.0, 0.0, 0.0, 0.0, 0.0, 0.0, 0.0, 0.0, 0.0, 0.0, 0.0, 0.0, 0.0, 0.0, 0.0, 0.0, 0.0, 0.0, 0.0, 0.0, 0.0, 0.0, 0.0, 0.0, 0.0, 0.0, 0.0, 0.0, 0.0, 0.0, 0.0, 0.0, 0.0]",COMPLETE
