,number,value,datetime_start,datetime_complete,duration,params_batch_size_scaler,params_constant_learning_rate,params_depth,params_epochs,params_kernel_l2,params_num_trees,params_temperature,user_attrs_accuracy_test,user_attrs_accuracy_valid,user_attrs_approximate_feature_sparsity,user_attrs_approximate_feature_sparsity_history,user_attrs_approximate_weight_sparsity,user_attrs_approximate_weight_sparsity_history,user_attrs_auc_test,user_attrs_auc_valid,user_attrs_feature_sparsity,user_attrs_feature_sparsity_history,user_attrs_num_epochs,user_attrs_val_loss_history,user_attrs_weight_sparsity,user_attrs_weight_sparsity_history,state
129,129,0.862297278149193,2024-08-31 06:36:31.000691,2024-08-31 06:40:28.640256,0 days 00:03:57.639565,1,0.4358768183174043,3,295,0.23003310551463163,82,0.00019984989724980962,0.909,0.8925,10,"[33, 33, 33, 33, 33, 33, 33, 28, 21, 21, 21, 21, 19, 19, 19, 19, 19, 19, 19, 19, 19, 19, 19, 19, 19, 18, 18, 18, 18, 18, 18, 18, 18, 18, 16, 16, 15, 15, 14, 14, 13, 11, 11, 11, 10, 10, 10, 10, 10, 10, 10, 10, 10, 10, 10, 10, 10, 10, 10, 10, 10, 10, 10, 10, 10, 10, 10, 10, 10, 10, 10, 10, 10, 10, 10, 10, 10, 10, 10, 10, 10, 10, 10, 10, 10, 10, 10, 10, 10, 10, 10, 10, 10, 10, 10, 10, 10, 10, 10, 10, 10, 10, 10, 10, 10, 10, 10, 10, 10, 10, 10, 10, 10, 10, 10, 10, 10, 10, 10, 10, 10, 10, 10, 10, 10, 10, 10, 10, 10, 10, 10, 10, 10, 10, 10, 10, 10, 10, 10, 10, 10, 10, 10, 10, 10, 10, 10, 10, 10, 10, 10, 10, 10, 10, 10, 10, 10, 10, 10, 10, 10, 10, 10, 10, 10, 10, 10, 10, 10, 10, 10, 10, 10, 10, 10, 10, 10, 10, 10, 10, 10, 10, 10, 10, 10, 10, 10, 10, 10, 10, 10, 10, 10, 10, 10, 10, 10, 10, 10, 10, 10, 10, 10, 10, 10, 10, 10, 10, 10, 10, 10, 10, 10, 10, 10, 10, 10, 10, 10, 10, 10, 10, 10, 10, 10, 10, 10, 10, 10, 10, 10, 10, 10, 10, 10, 10, 10, 10, 10, 10, 10, 10, 10, 10, 10, 10, 10, 10, 10, 10, 10, 10, 10, 10, 10, 10, 10, 10, 10, 10, 10, 10, 10, 10, 10, 10, 10, 10, 10, 10, 10, 10, 10, 10, 10, 10, 10, 10, 10, 10, 10, 10, 10, 10, 10, 10, 10, 10, 10, 10, 10, 10, 10, 10, 10]",9.874564459930314,"[32.96515679442509, 32.97038327526133, 32.95644599303136, 32.965156794425084, 32.937282229965156, 32.963414634146346, 32.97560975609756, 27.961672473867598, 20.965156794425084, 20.97212543554007, 20.959930313588853, 20.965156794425088, 18.973867595818817, 18.961672473867598, 18.96515679442509, 18.965156794425088, 18.961672473867598, 18.965156794425088, 18.966898954703836, 18.949477351916375, 18.95296167247387, 18.96341463414634, 18.959930313588853, 18.965156794425088, 18.959930313588853, 17.944250871080143, 17.94425087108014, 17.94773519163763, 17.951219512195124, 17.921602787456447, 17.926829268292686, 17.94425087108014, 17.930313588850176, 17.93554006968641, 15.93205574912892, 15.937282229965156, 14.925087108013937, 14.945993031358887, 13.94425087108014, 13.94425087108014, 12.942508710801395, 10.951219512195122, 10.951219512195122, 10.954703832752612, 9.95993031358885, 9.963414634146341, 9.97212543554007, 9.95993031358885, 9.966898954703833, 9.97212543554007, 9.958188153310104, 9.95993031358885, 9.951219512195122, 9.95993031358885, 9.942508710801393, 9.94773519163763, 9.95993031358885, 9.925087108013939, 9.930313588850174, 9.932055749128919, 9.952961672473867, 9.951219512195122, 9.925087108013937, 9.94425087108014, 9.952961672473869, 9.942508710801395, 9.979094076655054, 9.94425087108014, 9.935540069686411, 9.939024390243903, 9.93205574912892, 9.93205574912892, 9.952961672473867, 9.94425087108014, 9.923344947735192, 9.956445993031359, 9.925087108013937, 9.926829268292682, 9.918118466898955, 9.925087108013939, 9.958188153310106, 9.921602787456447, 9.91637630662021, 9.925087108013939, 9.923344947735192, 9.912891986062718, 9.925087108013937, 9.918118466898955, 9.951219512195122, 9.905923344947736, 9.905923344947736, 9.919860627177702, 9.900696864111499, 9.909407665505228, 9.876306620209059, 9.952961672473867, 9.930313588850176, 9.954703832752614, 9.893728222996515, 9.881533101045296, 9.860627177700348, 9.858885017421603, 9.871080139372822, 9.966898954703833, 9.858885017421603, 9.914634146341463, 9.939024390243903, 9.829268292682928, 9.939024390243903, 9.881533101045296, 9.867595818815332, 9.843205574912892, 9.850174216027874, 9.937282229965158, 9.855400696864113, 9.91637630662021, 9.937282229965156, 9.89198606271777, 9.860627177700348, 9.94425087108014, 9.829268292682926, 9.94773519163763, 9.886759581881533, 9.801393728222997, 9.883275261324043, 9.810104529616725, 9.858885017421603, 9.923344947735192, 9.918118466898955, 9.918118466898957, 9.761324041811847, 9.757839721254356, 9.935540069686413, 9.773519163763067, 9.918118466898955, 9.695121951219512, 9.695121951219512, 9.857142857142858, 9.829268292682928, 9.905923344947736, 9.935540069686411, 9.90418118466899, 9.956445993031359, 9.912891986062718, 9.925087108013937, 9.949477351916377, 9.933797909407666, 9.923344947735192, 9.940766550522648, 9.912891986062718, 9.895470383275262, 9.945993031358885, 9.940766550522648, 9.919860627177702, 9.925087108013937, 9.939024390243903, 9.945993031358885, 9.949477351916375, 9.918118466898955, 9.93205574912892, 9.923344947735192, 9.923344947735192, 9.945993031358885, 9.925087108013937, 9.942508710801395, 9.945993031358885, 9.935540069686411, 9.9198606271777, 9.940766550522648, 9.933797909407666, 9.935540069686411, 9.926829268292682, 9.940766550522648, 9.928571428571429, 9.926829268292682, 9.939024390243903, 9.935540069686411, 9.928571428571429, 9.940766550522648, 9.928571428571427, 9.926829268292682, 9.932055749128919, 9.940766550522648, 9.926829268292682, 9.89547038327526, 9.949477351916377, 9.945993031358885, 9.933797909407666, 9.926829268292682, 9.94076655052265, 9.94425087108014, 9.945993031358885, 9.939024390243903, 9.940766550522648, 9.933797909407666, 9.925087108013937, 9.904181184668989, 9.935540069686411, 9.940766550522648, 9.926829268292682, 9.925087108013937, 9.921602787456445, 9.937282229965156, 9.918118466898955, 9.933797909407666, 9.940766550522648, 9.940766550522648, 9.93205574912892, 9.940766550522648, 9.923344947735192, 9.926829268292682, 9.926829268292682, 9.91637630662021, 9.912891986062718, 9.93205574912892, 9.918118466898955, 9.930313588850174, 9.93205574912892, 9.921602787456447, 9.926829268292682, 9.918118466898953, 9.928571428571429, 9.911149825783973, 9.930313588850176, 9.928571428571427, 9.928571428571429, 9.909407665505226, 9.925087108013937, 9.912891986062718, 9.90766550522648, 9.898954703832752, 9.905923344947734, 9.925087108013937, 9.902439024390244, 9.895470383275262, 9.925087108013937, 9.919860627177702, 9.912891986062718, 9.90766550522648, 9.904181184668989, 9.900696864111499, 9.905923344947734, 9.925087108013937, 9.904181184668989, 9.930313588850174, 9.918118466898955, 9.918118466898955, 9.914634146341465, 9.914634146341463, 9.902439024390244, 9.916376306620208, 9.902439024390244, 9.911149825783973, 9.885017421602788, 9.88850174216028, 9.907665505226483, 9.88850174216028, 9.900696864111499, 9.893728222996515, 9.898954703832752, 9.905923344947736, 9.90766550522648, 9.89198606271777, 9.88850174216028, 9.89198606271777, 9.88327526132404, 9.893728222996515, 9.902439024390244, 9.893728222996515, 9.871080139372822, 9.893728222996515, 9.87979094076655, 9.88850174216028, 9.88327526132404, 9.881533101045296, 9.893728222996517, 9.890243902439025, 9.886759581881533, 9.88850174216028, 9.88327526132404, 9.883275261324043, 9.86411149825784, 9.87630662020906, 9.869337979094077, 9.857142857142858, 9.872822299651569, 9.872822299651569, 9.89547038327526, 9.883275261324043, 9.87979094076655, 9.874564459930314, 9.872822299651567, 9.871080139372824, 9.874564459930314, 9.874564459930314]",0.8936583029912731,0.862297278149193,10,"[33, 33, 33, 33, 33, 33, 33, 28, 21, 21, 21, 21, 19, 19, 19, 19, 19, 19, 19, 19, 19, 19, 19, 19, 19, 18, 18, 18, 18, 18, 18, 18, 18, 18, 16, 16, 15, 15, 14, 14, 13, 11, 11, 11, 10, 10, 10, 10, 10, 10, 10, 10, 10, 10, 10, 10, 10, 10, 10, 10, 10, 10, 10, 10, 10, 10, 10, 10, 10, 10, 10, 10, 10, 10, 10, 10, 10, 10, 10, 10, 10, 10, 10, 10, 10, 10, 10, 10, 10, 10, 10, 10, 10, 10, 10, 10, 10, 10, 10, 10, 10, 10, 10, 10, 10, 10, 10, 10, 10, 10, 10, 10, 10, 10, 10, 10, 10, 10, 10, 10, 10, 10, 10, 10, 10, 10, 10, 10, 10, 10, 10, 10, 10, 10, 10, 10, 10, 10, 10, 10, 10, 10, 10, 10, 10, 10, 10, 10, 10, 10, 10, 10, 10, 10, 10, 10, 10, 10, 10, 10, 10, 10, 10, 10, 10, 10, 10, 10, 10, 10, 10, 10, 10, 10, 10, 10, 10, 10, 10, 10, 10, 10, 10, 10, 10, 10, 10, 10, 10, 10, 10, 10, 10, 10, 10, 10, 10, 10, 10, 10, 10, 10, 10, 10, 10, 10, 10, 10, 10, 10, 10, 10, 10, 10, 10, 10, 10, 10, 10, 10, 10, 10, 10, 10, 10, 10, 10, 10, 10, 10, 10, 10, 10, 10, 10, 10, 10, 10, 10, 10, 10, 10, 10, 10, 10, 10, 10, 10, 10, 10, 10, 10, 10, 10, 10, 10, 10, 10, 10, 10, 10, 10, 10, 10, 10, 10, 10, 10, 10, 10, 10, 10, 10, 10, 10, 10, 10, 10, 10, 10, 10, 10, 10, 10, 10, 10, 10, 10, 10, 10, 10, 10, 10, 10, 10]",295,"[0.3997648358345032, 0.3654094338417053, 0.3247303366661072, 0.2774066925048828, 0.26168450713157654, 0.28329142928123474, 0.250448614358902, 0.23392538726329803, 0.279158353805542, 0.22205926477909088, 0.23368196189403534, 0.20996429026126862, 0.20706483721733093, 0.22050265967845917, 0.26735588908195496, 0.21277359127998352, 0.20452649891376495, 0.20151939988136292, 0.2119099497795105, 0.19007234275341034, 0.1890934407711029, 0.23217006027698517, 0.19159869849681854, 0.2085273414850235, 0.18790000677108765, 0.19564758241176605, 0.22058379650115967, 0.18850688636302948, 0.22204990684986115, 0.20184998214244843, 0.21803107857704163, 0.201209157705307, 0.20224137604236603, 0.17915362119674683, 0.2712276577949524, 0.24642154574394226, 0.27666860818862915, 0.24216720461845398, 0.25881490111351013, 0.2517145872116089, 0.2903231382369995, 0.26120394468307495, 0.2889927923679352, 0.25690361857414246, 0.2779843807220459, 0.263566255569458, 0.27244898676872253, 0.26539310812950134, 0.3162779211997986, 0.2992464303970337, 0.27158600091934204, 0.30253350734710693, 0.25210243463516235, 0.2514934837818146, 0.25862956047058105, 0.25544682145118713, 0.25946059823036194, 0.2642761468887329, 0.28180235624313354, 0.26012763381004333, 0.28466930985450745, 0.2626858651638031, 0.26923033595085144, 0.2523747384548187, 0.2603786587715149, 0.27844730019569397, 0.31778526306152344, 0.25097107887268066, 0.25180354714393616, 0.3053973317146301, 0.3758449852466583, 0.27404242753982544, 0.24945130944252014, 0.27667269110679626, 0.28461578488349915, 0.47649332880973816, 0.31343722343444824, 0.26235732436180115, 0.271546870470047, 0.25857365131378174, 0.26639360189437866, 0.33098089694976807, 0.27310657501220703, 0.25375568866729736, 0.28139591217041016, 0.33079206943511963, 0.26820412278175354, 0.2626305818557739, 0.2807554602622986, 0.25630536675453186, 0.257101833820343, 0.4788515865802765, 0.31686922907829285, 0.26556292176246643, 0.28163349628448486, 0.28643959760665894, 0.27556678652763367, 0.3030747175216675, 0.2666286826133728, 0.2627182900905609, 0.26849567890167236, 0.2681712508201599, 0.24721097946166992, 0.277212917804718, 0.25157442688941956, 0.25907665491104126, 0.25162506103515625, 0.2517966032028198, 0.2546232342720032, 0.31650158762931824, 0.2504013180732727, 0.2683244049549103, 0.26181650161743164, 0.27779385447502136, 0.2523588538169861, 0.28404781222343445, 0.27287617325782776, 0.2816609740257263, 0.2607867121696472, 0.26591041684150696, 0.2714553773403168, 0.26755067706108093, 0.27607461810112, 0.26186245679855347, 0.2580835819244385, 0.28708407282829285, 0.252272367477417, 0.32499805092811584, 0.2461218684911728, 0.26113367080688477, 0.26143068075180054, 0.2553556561470032, 0.25225210189819336, 0.25027456879615784, 0.26795029640197754, 0.2756287455558777, 0.251350998878479, 0.3151703178882599, 0.2572101950645447, 0.36986443400382996, 0.272421270608902, 0.2611667513847351, 0.2803083062171936, 0.2519915699958801, 0.25801852345466614, 0.24970456957817078, 0.26396387815475464, 0.25959333777427673, 0.24778497219085693, 0.25187405943870544, 0.2504829168319702, 0.26931875944137573, 0.269592821598053, 0.2470957189798355, 0.2768576145172119, 0.29173675179481506, 0.2591691315174103, 0.25266265869140625, 0.3017232120037079, 0.2500171959400177, 0.257749080657959, 0.27082058787345886, 0.2644462585449219, 0.2933591604232788, 0.2526949644088745, 0.29779401421546936, 0.2504156827926636, 0.2523699104785919, 0.28536882996559143, 0.25509899854660034, 0.25046709179878235, 0.25030574202537537, 0.24512891471385956, 0.2538168430328369, 0.2551266551017761, 0.27474677562713623, 0.2636133134365082, 0.26537129282951355, 0.26727378368377686, 0.24950389564037323, 0.24868568778038025, 0.2723119258880615, 0.2611037492752075, 0.24865278601646423, 0.2598972022533417, 0.24734683334827423, 0.25000688433647156, 0.25914642214775085, 0.2532493472099304, 0.26102498173713684, 0.25878632068634033, 0.26049214601516724, 0.2477961927652359, 0.24755866825580597, 0.2888590693473816, 0.25987309217453003, 0.26657652854919434, 0.32349997758865356, 0.2523311376571655, 0.24758443236351013, 0.24695123732089996, 0.2576720118522644, 0.24751445651054382, 0.2669481337070465, 0.2502811551094055, 0.2535589933395386, 0.25650331377983093, 0.25219351053237915, 0.29456624388694763, 0.24751201272010803, 0.3047689199447632, 0.2644345164299011, 0.2556777596473694, 0.5238170027732849, 0.27429890632629395, 0.2628069818019867, 0.28175410628318787, 0.25574272871017456, 0.27094602584838867, 0.26394426822662354, 0.2665382921695709, 0.25099217891693115, 0.25149571895599365, 0.2769095003604889, 0.25032803416252136, 0.24585051834583282, 0.25205478072166443, 0.24700598418712616, 0.2572205364704132, 0.2657715082168579, 0.26949653029441833, 0.2605849504470825, 0.25809937715530396, 0.2559036910533905, 0.26698383688926697, 0.27461913228034973, 0.25293195247650146, 0.2530563473701477, 0.27303609251976013, 0.2463575154542923, 0.2751725912094116, 0.3153339624404907, 0.25772222876548767, 0.2649764120578766, 0.26662683486938477, 0.2532482445240021, 0.247316375374794, 0.25852668285369873, 0.2470322549343109, 0.3124726712703705, 0.24865034222602844, 0.27279043197631836, 0.24971555173397064, 0.576178789138794, 0.2566112279891968, 0.27952831983566284, 0.2452503740787506, 0.24674898386001587, 0.25475189089775085, 0.26254498958587646, 0.25835204124450684, 0.25238075852394104, 0.2532736361026764, 0.2548198401927948, 0.2721502184867859, 0.3298005759716034, 0.25488656759262085, 0.2931152582168579, 0.28388071060180664, 0.26247546076774597, 0.26236531138420105, 0.24665199220180511, 0.2650035619735718, 0.24697013199329376, 0.245710551738739, 0.2518167793750763, 0.2473834604024887, 0.29736125469207764, 0.2968780994415283, 0.2558037042617798, 0.2544426918029785, 0.3023145794868469, 0.2619544267654419, 0.39020276069641113, 0.2547982931137085, 0.27256157994270325, 0.2819390594959259, 0.2670994997024536, 0.24860148131847382, 0.2648259401321411, 0.2461269050836563, 0.2736113667488098, 0.25941479206085205, 0.25187134742736816, 0.3058145344257355]",10.0,"[33.0, 33.0, 33.0, 33.0, 33.0, 33.0, 33.0, 28.0, 21.0, 21.0, 21.0, 21.0, 19.0, 19.0, 19.0, 19.0, 19.0, 19.0, 19.0, 19.0, 19.0, 19.0, 19.0, 19.0, 19.0, 18.0, 18.0, 18.0, 18.0, 18.0, 18.0, 18.0, 18.0, 18.0, 16.0, 16.0, 15.0, 15.0, 14.0, 14.0, 13.0, 11.0, 11.0, 11.0, 10.0, 10.0, 10.0, 10.0, 10.0, 10.0, 10.0, 10.0, 10.0, 10.0, 10.0, 10.0, 10.0, 10.0, 10.0, 10.0, 10.0, 10.0, 10.0, 10.0, 10.0, 10.0, 10.0, 10.0, 10.0, 10.0, 10.0, 10.0, 10.0, 10.0, 10.0, 10.0, 10.0, 10.0, 10.0, 10.0, 10.0, 10.0, 10.0, 10.0, 10.0, 10.0, 10.0, 10.0, 10.0, 10.0, 10.0, 10.0, 10.0, 10.0, 10.0, 10.0, 10.0, 10.0, 10.0, 10.0, 10.0, 10.0, 10.0, 10.0, 10.0, 10.0, 10.0, 10.0, 10.0, 10.0, 10.0, 10.0, 10.0, 10.0, 10.0, 10.0, 10.0, 10.0, 10.0, 10.0, 10.0, 10.0, 10.0, 10.0, 10.0, 10.0, 10.0, 10.0, 10.0, 10.0, 10.0, 10.0, 10.0, 10.0, 10.0, 10.0, 10.0, 10.0, 10.0, 10.0, 10.0, 10.0, 10.0, 10.0, 10.0, 10.0, 10.0, 10.0, 10.0, 10.0, 10.0, 10.0, 10.0, 10.0, 10.0, 10.0, 10.0, 10.0, 10.0, 10.0, 10.0, 10.0, 10.0, 10.0, 10.0, 10.0, 10.0, 10.0, 10.0, 10.0, 10.0, 10.0, 10.0, 10.0, 10.0, 10.0, 10.0, 10.0, 10.0, 10.0, 10.0, 10.0, 10.0, 10.0, 10.0, 10.0, 10.0, 10.0, 10.0, 10.0, 10.0, 10.0, 10.0, 10.0, 10.0, 10.0, 10.0, 10.0, 10.0, 10.0, 10.0, 10.0, 10.0, 10.0, 10.0, 10.0, 10.0, 10.0, 10.0, 10.0, 10.0, 10.0, 10.0, 10.0, 10.0, 10.0, 10.0, 10.0, 10.0, 10.0, 10.0, 10.0, 10.0, 10.0, 10.0, 10.0, 10.0, 10.0, 10.0, 10.0, 10.0, 10.0, 10.0, 10.0, 10.0, 10.0, 10.0, 10.0, 10.0, 10.0, 10.0, 10.0, 10.0, 10.0, 10.0, 10.0, 10.0, 10.0, 10.0, 10.0, 10.0, 10.0, 10.0, 10.0, 10.0, 10.0, 10.0, 10.0, 10.0, 10.0, 10.0, 10.0, 10.0, 10.0, 10.0, 10.0, 10.0, 10.0, 10.0, 10.0, 10.0, 10.0, 10.0, 10.0, 10.0, 10.0, 10.0, 10.0, 10.0, 10.0, 10.0, 10.0, 10.0, 10.0, 10.0, 10.0, 10.0, 10.0, 10.0, 10.0, 10.0, 10.0, 10.0, 10.0, 10.0]",COMPLETE
