,number,value,datetime_start,datetime_complete,duration,params_batch_size_scaler,params_constant_learning_rate,params_depth,params_epochs,params_kernel_l2,params_num_trees,params_temperature,user_attrs_accuracy_test,user_attrs_accuracy_valid,user_attrs_approximate_feature_sparsity,user_attrs_approximate_feature_sparsity_history,user_attrs_approximate_weight_sparsity,user_attrs_approximate_weight_sparsity_history,user_attrs_auc_test,user_attrs_auc_valid,user_attrs_feature_sparsity,user_attrs_feature_sparsity_history,user_attrs_num_epochs,user_attrs_val_loss_history,user_attrs_weight_sparsity,user_attrs_weight_sparsity_history,state
76,76,0.9030155479125607,2024-08-31 04:22:32.511215,2024-08-31 04:24:06.012977,0 days 00:01:33.501762,4,0.02709855920932307,5,285,0.24195525199840562,2,0.0033207774391628775,0.915,0.905,16,"[33, 33, 33, 33, 33, 33, 33, 33, 33, 33, 33, 33, 33, 33, 33, 33, 33, 33, 33, 33, 33, 33, 33, 33, 33, 33, 33, 33, 33, 33, 33, 33, 33, 33, 33, 33, 33, 33, 33, 33, 33, 33, 33, 33, 33, 33, 33, 33, 33, 33, 33, 33, 33, 33, 33, 33, 33, 33, 33, 33, 33, 33, 33, 33, 33, 33, 33, 33, 33, 33, 33, 33, 33, 33, 33, 33, 33, 33, 33, 33, 33, 32, 32, 32, 31, 31, 30, 30, 30, 30, 30, 29, 29, 28, 28, 28, 27, 27, 26, 26, 25, 25, 23, 23, 23, 23, 23, 23, 23, 23, 23, 23, 23, 22, 22, 22, 22, 22, 22, 22, 22, 22, 21, 21, 18, 18, 18, 18, 18, 18, 18, 18, 18, 18, 18, 17, 17, 17, 17, 17, 17, 17, 17, 16, 16, 16, 16, 16, 16, 16, 16, 16, 16, 16, 16, 16, 16, 16, 16, 16, 16, 16, 16, 16, 16, 16, 16, 16, 16, 16, 16, 16, 16, 16, 16, 16, 16, 16, 16, 16, 16, 16, 16, 16, 16, 16, 16, 16, 16, 16, 16, 16, 16, 16, 16, 16, 16, 16, 16, 16, 16, 16, 16, 16, 16, 16, 16, 16, 16, 16, 16, 16, 16, 16, 16, 16, 16, 16, 16, 16, 16, 16, 16, 16, 16, 16, 16, 16, 16, 16, 16, 16, 16, 16, 16, 16, 16, 16, 16, 16, 16, 16, 16, 16, 16, 16, 16, 16, 16, 16, 16, 16, 16, 16, 16, 16, 16, 16, 16, 16, 16, 16, 16, 16, 16, 16, 16, 16, 16, 16, 16, 16, 16, 16, 16, 16, 16, 16, 16, 16, 16, 16, 16, 16, 16]",15.967741935483872,"[33.0, 32.983870967741936, 32.96774193548387, 32.983870967741936, 32.96774193548387, 32.983870967741936, 32.983870967741936, 33.0, 33.0, 33.0, 33.0, 33.0, 33.0, 33.0, 32.983870967741936, 33.0, 32.96774193548387, 33.0, 32.983870967741936, 32.983870967741936, 32.96774193548387, 32.96774193548387, 33.0, 32.983870967741936, 32.96774193548387, 33.0, 32.96774193548387, 33.0, 32.983870967741936, 32.935483870967744, 32.96774193548387, 32.96774193548387, 32.96774193548387, 33.0, 32.983870967741936, 32.96774193548387, 33.0, 32.983870967741936, 32.983870967741936, 33.0, 32.983870967741936, 32.95161290322581, 32.96774193548387, 33.0, 33.0, 32.96774193548387, 32.983870967741936, 32.983870967741936, 33.0, 33.0, 33.0, 33.0, 32.983870967741936, 33.0, 33.0, 33.0, 32.983870967741936, 32.983870967741936, 32.983870967741936, 32.96774193548387, 32.983870967741936, 32.96774193548387, 32.95161290322581, 32.96774193548387, 32.96774193548387, 33.0, 33.0, 33.0, 33.0, 32.983870967741936, 33.0, 33.0, 32.983870967741936, 32.983870967741936, 32.983870967741936, 32.983870967741936, 33.0, 33.0, 33.0, 32.96774193548387, 32.935483870967744, 31.983870967741936, 31.983870967741936, 31.967741935483872, 30.967741935483872, 30.983870967741936, 29.983870967741936, 29.983870967741936, 29.983870967741936, 30.0, 30.0, 29.0, 28.983870967741936, 28.0, 28.0, 27.983870967741936, 26.983870967741936, 26.983870967741936, 25.967741935483872, 26.0, 24.983870967741936, 24.983870967741936, 22.951612903225808, 22.935483870967744, 22.951612903225808, 22.967741935483872, 22.91935483870968, 22.951612903225808, 22.951612903225808, 22.935483870967744, 22.935483870967744, 22.951612903225808, 22.935483870967744, 21.967741935483872, 21.935483870967744, 21.951612903225808, 21.935483870967744, 21.967741935483872, 21.967741935483872, 21.967741935483872, 21.983870967741936, 21.983870967741936, 20.951612903225808, 20.983870967741936, 17.935483870967744, 17.983870967741936, 17.983870967741936, 17.967741935483872, 17.951612903225808, 17.967741935483872, 17.967741935483872, 17.967741935483872, 17.983870967741936, 17.967741935483872, 17.983870967741936, 16.983870967741936, 16.967741935483872, 16.983870967741936, 16.967741935483872, 16.967741935483872, 16.967741935483872, 16.967741935483872, 16.967741935483872, 15.951612903225808, 15.967741935483872, 15.967741935483872, 15.983870967741936, 15.983870967741936, 15.983870967741936, 15.983870967741936, 15.983870967741936, 16.0, 16.0, 16.0, 15.967741935483872, 15.983870967741936, 15.967741935483872, 15.983870967741936, 15.951612903225806, 15.951612903225806, 15.951612903225808, 15.951612903225808, 15.951612903225808, 15.951612903225808, 15.967741935483872, 15.983870967741936, 15.983870967741936, 15.983870967741936, 15.967741935483872, 15.967741935483872, 15.967741935483872, 15.967741935483872, 15.983870967741936, 15.983870967741936, 15.983870967741936, 15.967741935483872, 15.951612903225808, 15.935483870967742, 15.951612903225806, 15.967741935483872, 15.967741935483872, 15.967741935483872, 15.983870967741936, 15.967741935483872, 15.983870967741936, 15.951612903225808, 15.903225806451614, 15.919354838709678, 15.983870967741936, 15.983870967741936, 15.983870967741936, 15.983870967741936, 15.983870967741936, 15.935483870967742, 15.967741935483872, 15.935483870967744, 15.951612903225808, 15.951612903225808, 15.951612903225808, 15.967741935483872, 15.935483870967742, 15.951612903225808, 15.967741935483872, 15.935483870967742, 15.967741935483872, 15.951612903225808, 15.983870967741936, 15.983870967741936, 15.967741935483872, 15.935483870967742, 15.935483870967742, 15.935483870967744, 15.951612903225808, 15.919354838709678, 15.951612903225808, 15.967741935483872, 15.951612903225806, 15.951612903225806, 15.951612903225806, 15.967741935483872, 15.983870967741936, 15.983870967741936, 15.983870967741936, 15.967741935483872, 15.935483870967742, 15.919354838709678, 15.951612903225808, 15.951612903225808, 15.967741935483872, 15.967741935483872, 15.983870967741936, 16.0, 15.983870967741936, 15.967741935483872, 15.935483870967742, 15.967741935483872, 15.983870967741936, 15.967741935483872, 15.935483870967742, 15.919354838709678, 15.91935483870968, 15.91935483870968, 15.951612903225808, 15.935483870967742, 15.935483870967742, 15.983870967741936, 16.0, 15.967741935483872, 15.935483870967742, 15.951612903225808, 15.967741935483872, 15.983870967741936, 15.983870967741936, 15.983870967741936, 15.91935483870968, 15.951612903225808, 15.983870967741936, 15.967741935483872, 15.919354838709678, 15.935483870967744, 15.935483870967744, 15.919354838709678, 15.919354838709676, 15.887096774193548, 15.903225806451614, 15.903225806451614, 15.919354838709678, 15.91935483870968, 15.935483870967742, 15.951612903225808, 15.887096774193548, 15.887096774193548, 15.919354838709678, 15.903225806451612, 15.935483870967744, 15.91935483870968, 15.951612903225808, 15.903225806451614, 15.903225806451612, 15.91935483870968, 15.951612903225808, 15.91935483870968, 15.919354838709678, 15.919354838709678, 15.967741935483872]",0.8873917387032588,0.9030155479125607,16,"[33, 33, 33, 33, 33, 33, 33, 33, 33, 33, 33, 33, 33, 33, 33, 33, 33, 33, 33, 33, 33, 33, 33, 33, 33, 33, 33, 33, 33, 33, 33, 33, 33, 33, 33, 33, 33, 33, 33, 33, 33, 33, 33, 33, 33, 33, 33, 33, 33, 33, 33, 33, 33, 33, 33, 33, 33, 33, 33, 33, 33, 33, 33, 33, 33, 33, 33, 33, 33, 33, 33, 33, 33, 33, 33, 33, 33, 33, 33, 33, 33, 32, 32, 32, 31, 31, 30, 30, 30, 30, 30, 29, 29, 28, 28, 28, 27, 27, 26, 26, 25, 25, 23, 23, 23, 23, 23, 23, 23, 23, 23, 23, 23, 22, 22, 22, 22, 22, 22, 22, 22, 22, 21, 21, 18, 18, 18, 18, 18, 18, 18, 18, 18, 18, 18, 17, 17, 17, 17, 17, 17, 17, 17, 16, 16, 16, 16, 16, 16, 16, 16, 16, 16, 16, 16, 16, 16, 16, 16, 16, 16, 16, 16, 16, 16, 16, 16, 16, 16, 16, 16, 16, 16, 16, 16, 16, 16, 16, 16, 16, 16, 16, 16, 16, 16, 16, 16, 16, 16, 16, 16, 16, 16, 16, 16, 16, 16, 16, 16, 16, 16, 16, 16, 16, 16, 16, 16, 16, 16, 16, 16, 16, 16, 16, 16, 16, 16, 16, 16, 16, 16, 16, 16, 16, 16, 16, 16, 16, 16, 16, 16, 16, 16, 16, 16, 16, 16, 16, 16, 16, 16, 16, 16, 16, 16, 16, 16, 16, 16, 16, 16, 16, 16, 16, 16, 16, 16, 16, 16, 16, 16, 16, 16, 16, 16, 16, 16, 16, 16, 16, 16, 16, 16, 16, 16, 16, 16, 16, 16, 16, 16, 16, 16, 16, 16]",285,"[0.9016379714012146, 0.8352463245391846, 0.7808534502983093, 0.7360499501228333, 0.6989157199859619, 0.6679175496101379, 0.6418721079826355, 0.6199197173118591, 0.6012549996376038, 0.5853635668754578, 0.5717339515686035, 0.5599359273910522, 0.5496668219566345, 0.5406845211982727, 0.5327630639076233, 0.5257037281990051, 0.5193365812301636, 0.5135878324508667, 0.5083065032958984, 0.5034265518188477, 0.4988746643066406, 0.4945913255214691, 0.49054327607154846, 0.486685186624527, 0.4829658567905426, 0.479386568069458, 0.4759090542793274, 0.47253334522247314, 0.4692379832267761, 0.4660049378871918, 0.46283411979675293, 0.45971420407295227, 0.45663946866989136, 0.45361220836639404, 0.45062872767448425, 0.4476933777332306, 0.44478896260261536, 0.4419271945953369, 0.4391039311885834, 0.436321496963501, 0.4335787892341614, 0.430875688791275, 0.42821377515792847, 0.42558738589286804, 0.4230135679244995, 0.42047321796417236, 0.41797396540641785, 0.41552066802978516, 0.4130971431732178, 0.41072478890419006, 0.4083952307701111, 0.40609923005104065, 0.4038459360599518, 0.40163490176200867, 0.3994654715061188, 0.39733412861824036, 0.39525750279426575, 0.3931978940963745, 0.3911961317062378, 0.38923701643943787, 0.38730326294898987, 0.38540226221084595, 0.3835456967353821, 0.38172486424446106, 0.37994149327278137, 0.37819862365722656, 0.37650132179260254, 0.37483206391334534, 0.37319138646125793, 0.3715957999229431, 0.3700225353240967, 0.3684822916984558, 0.3669833838939667, 0.365510493516922, 0.3640623390674591, 0.36264607310295105, 0.3612577021121979, 0.3598901629447937, 0.35856932401657104, 0.35728439688682556, 0.3559943437576294, 0.3547466993331909, 0.3535342514514923, 0.35234129428863525, 0.35059112310409546, 0.3494844138622284, 0.3476178050041199, 0.3465491831302643, 0.34552475810050964, 0.34451407194137573, 0.34351834654808044, 0.3425450921058655, 0.34160110354423523, 0.33935001492500305, 0.3384556472301483, 0.337560772895813, 0.33604031801223755, 0.3351990580558777, 0.33387425541877747, 0.333098828792572, 0.33165499567985535, 0.3308979272842407, 0.32845139503479004, 0.32775092124938965, 0.3270750343799591, 0.32642582058906555, 0.3257577121257782, 0.3251074254512787, 0.3244740962982178, 0.32387375831604004, 0.32323333621025085, 0.32259029150009155, 0.3219928443431854, 0.3196745812892914, 0.31918472051620483, 0.31869128346443176, 0.31819504499435425, 0.3177089989185333, 0.31723177433013916, 0.31674715876579285, 0.3162870705127716, 0.3158034384250641, 0.3160770535469055, 0.3156902492046356, 0.314969927072525, 0.3144413232803345, 0.3139810264110565, 0.31355470418930054, 0.3131275475025177, 0.31273186206817627, 0.312339723110199, 0.3119387924671173, 0.31158682703971863, 0.31121930480003357, 0.31083598732948303, 0.3101271390914917, 0.309501975774765, 0.30900853872299194, 0.30853769183158875, 0.3081137537956238, 0.3077319264411926, 0.30734798312187195, 0.30696675181388855, 0.3056320548057556, 0.30530306696891785, 0.3049699068069458, 0.3046231269836426, 0.30429813265800476, 0.3039812743663788, 0.30367112159729004, 0.3033508360385895, 0.3030543327331543, 0.30272072553634644, 0.3024364411830902, 0.3020886778831482, 0.3017973005771637, 0.30150771141052246, 0.30120617151260376, 0.300901859998703, 0.3006114363670349, 0.3003603219985962, 0.30002257227897644, 0.2997540235519409, 0.2994723320007324, 0.2992221415042877, 0.2989532947540283, 0.29866838455200195, 0.2983713448047638, 0.29811495542526245, 0.29789257049560547, 0.2976037859916687, 0.29732486605644226, 0.2971118986606598, 0.2968348562717438, 0.2966068983078003, 0.29632648825645447, 0.29604390263557434, 0.29583245515823364, 0.29562634229660034, 0.29538413882255554, 0.2951102554798126, 0.29485073685646057, 0.29460275173187256, 0.2944425344467163, 0.29420167207717896, 0.2939527630805969, 0.29370319843292236, 0.29347148537635803, 0.29324525594711304, 0.2930985689163208, 0.29284238815307617, 0.29260873794555664, 0.29237163066864014, 0.2921566963195801, 0.29196110367774963, 0.2917364239692688, 0.29159262776374817, 0.29137563705444336, 0.29114800691604614, 0.29093873500823975, 0.2907390594482422, 0.2905445396900177, 0.2904021739959717, 0.29021456837654114, 0.28995928168296814, 0.28979432582855225, 0.2896333634853363, 0.2894451320171356, 0.28920918703079224, 0.2890119254589081, 0.2888086438179016, 0.28859850764274597, 0.28844204545021057, 0.2881995737552643, 0.2880572974681854, 0.28785914182662964, 0.2876584529876709, 0.28747642040252686, 0.28730514645576477, 0.28717148303985596, 0.28696179389953613, 0.28672662377357483, 0.28656768798828125, 0.2864423394203186, 0.2862354516983032, 0.2860507667064667, 0.2859354317188263, 0.2857855260372162, 0.2855728268623352, 0.2853909432888031, 0.2852242588996887, 0.2850532829761505, 0.2848951518535614, 0.2847498059272766, 0.2846049964427948, 0.2844128906726837, 0.2842448353767395, 0.2841123342514038, 0.28396889567375183, 0.28378525376319885, 0.28359436988830566, 0.2834622859954834, 0.2833287715911865, 0.28316065669059753, 0.2830379605293274, 0.2828635275363922, 0.28275778889656067, 0.28259021043777466, 0.2824379801750183, 0.2822348475456238, 0.2821009159088135, 0.281948447227478, 0.2818082869052887, 0.2816394865512848, 0.28144654631614685, 0.2813148498535156, 0.281194269657135, 0.2810235917568207, 0.28090882301330566, 0.2807549834251404, 0.2806116044521332, 0.2805285155773163, 0.2804219126701355, 0.28023776412010193, 0.2800649404525757, 0.27996188402175903, 0.2797604501247406, 0.27959468960762024, 0.27946794033050537, 0.27931851148605347, 0.27916833758354187, 0.2790541350841522, 0.27890077233314514, 0.2787958085536957, 0.2786720395088196, 0.27845025062561035, 0.27831751108169556, 0.27820390462875366, 0.2780877947807312, 0.2779439687728882, 0.27780479192733765, 0.2777146100997925, 0.27760931849479675, 0.27748364210128784, 0.2773023545742035]",16.0,"[33.0, 33.0, 33.0, 33.0, 33.0, 33.0, 33.0, 33.0, 33.0, 33.0, 33.0, 33.0, 33.0, 33.0, 33.0, 33.0, 33.0, 33.0, 33.0, 33.0, 33.0, 33.0, 33.0, 33.0, 33.0, 33.0, 33.0, 33.0, 33.0, 33.0, 33.0, 33.0, 33.0, 33.0, 33.0, 33.0, 33.0, 33.0, 33.0, 33.0, 33.0, 33.0, 33.0, 33.0, 33.0, 33.0, 33.0, 33.0, 33.0, 33.0, 33.0, 33.0, 33.0, 33.0, 33.0, 33.0, 33.0, 33.0, 33.0, 33.0, 33.0, 33.0, 33.0, 33.0, 33.0, 33.0, 33.0, 33.0, 33.0, 33.0, 33.0, 33.0, 33.0, 33.0, 33.0, 33.0, 33.0, 33.0, 33.0, 33.0, 33.0, 32.0, 32.0, 32.0, 31.0, 31.0, 30.0, 30.0, 30.0, 30.0, 30.0, 29.0, 29.0, 28.0, 28.0, 28.0, 27.0, 27.0, 26.0, 26.0, 25.0, 25.0, 23.0, 23.0, 23.0, 23.0, 23.0, 23.0, 23.0, 23.0, 23.0, 23.0, 23.0, 22.0, 22.0, 22.0, 22.0, 22.0, 22.0, 22.0, 22.0, 22.0, 21.0, 21.0, 18.0, 18.0, 18.0, 18.0, 18.0, 18.0, 18.0, 18.0, 18.0, 18.0, 18.0, 17.0, 17.0, 17.0, 17.0, 17.0, 17.0, 17.0, 17.0, 16.0, 16.0, 16.0, 16.0, 16.0, 16.0, 16.0, 16.0, 16.0, 16.0, 16.0, 16.0, 16.0, 16.0, 16.0, 16.0, 16.0, 16.0, 16.0, 16.0, 16.0, 16.0, 16.0, 16.0, 16.0, 16.0, 16.0, 16.0, 16.0, 16.0, 16.0, 16.0, 16.0, 16.0, 16.0, 16.0, 16.0, 16.0, 16.0, 16.0, 16.0, 16.0, 16.0, 16.0, 16.0, 16.0, 16.0, 16.0, 16.0, 16.0, 16.0, 16.0, 16.0, 16.0, 16.0, 16.0, 16.0, 16.0, 16.0, 16.0, 16.0, 16.0, 16.0, 16.0, 16.0, 16.0, 16.0, 16.0, 16.0, 16.0, 16.0, 16.0, 16.0, 16.0, 16.0, 16.0, 16.0, 16.0, 16.0, 16.0, 16.0, 16.0, 16.0, 16.0, 16.0, 16.0, 16.0, 16.0, 16.0, 16.0, 16.0, 16.0, 16.0, 16.0, 16.0, 16.0, 16.0, 16.0, 16.0, 16.0, 16.0, 16.0, 16.0, 16.0, 16.0, 16.0, 16.0, 16.0, 16.0, 16.0, 16.0, 16.0, 16.0, 16.0, 16.0, 16.0, 16.0, 16.0, 16.0, 16.0, 16.0, 16.0, 16.0, 16.0, 16.0, 16.0, 16.0, 16.0, 16.0, 16.0, 16.0, 16.0, 16.0, 16.0, 16.0, 16.0, 16.0, 16.0, 16.0, 16.0, 16.0, 16.0]",COMPLETE
77,77,0.7754891731395963,2024-08-31 04:24:08.301209,2024-08-31 04:25:35.160254,0 days 00:01:26.859045,1,0.8776308876785708,2,90,0.016823318807903914,18,0.000529976049918825,0.895,0.895,3,"[33, 18, 14, 10, 10, 9, 8, 8, 8, 7, 6, 6, 6, 5, 5, 5, 4, 4, 4, 4, 4, 4, 4, 4, 4, 4, 4, 4, 4, 4, 4, 4, 4, 4, 4, 4, 4, 4, 4, 4, 4, 4, 4, 4, 4, 4, 4, 4, 4, 4, 4, 4, 4, 4, 4, 4, 4, 4, 4, 4, 4, 4, 3, 3, 3, 3, 3, 3, 3, 3, 3, 3, 3, 3, 3, 3, 3, 3, 3, 3, 3, 3, 3, 3, 3, 3, 3, 3, 3, 3]",2.814814814814815,"[32.98148148148148, 18.0, 14.0, 10.0, 10.0, 9.0, 8.0, 8.0, 7.981481481481481, 7.0, 6.0, 6.0, 6.0, 4.981481481481481, 4.981481481481481, 5.0, 4.0, 4.0, 4.0, 4.0, 4.0, 4.0, 3.9814814814814814, 4.0, 4.0, 3.9814814814814814, 4.0, 4.0, 3.962962962962963, 3.9814814814814814, 3.9814814814814814, 4.0, 3.9814814814814814, 4.0, 4.0, 3.9814814814814814, 3.9814814814814814, 3.9814814814814814, 3.962962962962963, 3.9814814814814814, 3.9814814814814814, 3.962962962962963, 3.9814814814814814, 3.9814814814814814, 3.9814814814814814, 3.9444444444444446, 3.962962962962963, 3.962962962962963, 3.962962962962963, 3.9444444444444446, 3.9444444444444446, 3.962962962962963, 3.962962962962963, 3.962962962962963, 3.9814814814814814, 3.9814814814814814, 3.9814814814814814, 3.9444444444444446, 3.9444444444444446, 3.9444444444444446, 3.962962962962963, 3.9814814814814814, 2.9074074074074074, 2.9814814814814814, 2.888888888888889, 2.8703703703703702, 2.962962962962963, 2.962962962962963, 2.9074074074074074, 2.8703703703703702, 2.9074074074074074, 2.888888888888889, 2.9259259259259256, 2.925925925925926, 2.888888888888889, 2.9444444444444446, 2.9074074074074074, 2.9074074074074074, 2.9074074074074074, 2.8703703703703702, 2.888888888888889, 2.9074074074074074, 2.9259259259259256, 2.888888888888889, 2.8333333333333335, 2.9074074074074074, 2.8333333333333335, 2.8703703703703702, 2.888888888888889, 2.814814814814815]",0.7739372022556329,0.7754891731395963,3,"[33, 18, 14, 10, 10, 9, 8, 8, 8, 7, 6, 6, 6, 5, 5, 5, 4, 4, 4, 4, 4, 4, 4, 4, 4, 4, 4, 4, 4, 4, 4, 4, 4, 4, 4, 4, 4, 4, 4, 4, 4, 4, 4, 4, 4, 4, 4, 4, 4, 4, 4, 4, 4, 4, 4, 4, 4, 4, 4, 4, 4, 4, 3, 3, 3, 3, 3, 3, 3, 3, 3, 3, 3, 3, 3, 3, 3, 3, 3, 3, 3, 3, 3, 3, 3, 3, 3, 3, 3, 3]",90,"[0.3065544366836548, 0.2680116593837738, 0.2531275153160095, 0.24083144962787628, 0.23594166338443756, 0.24110563099384308, 0.2633247971534729, 0.21922631561756134, 0.24343204498291016, 0.271396279335022, 0.29213815927505493, 0.2928944230079651, 0.380662739276886, 0.2987739145755768, 0.3439248204231262, 0.29329198598861694, 0.3612644076347351, 0.33928269147872925, 0.2948189973831177, 0.31480568647384644, 0.2984561622142792, 0.30905312299728394, 0.31404557824134827, 0.30473700165748596, 0.2948285639286041, 0.30353090167045593, 0.3002372086048126, 0.3494568169116974, 0.2964917719364166, 0.2922491133213043, 0.2965500056743622, 0.3485565483570099, 0.2939239740371704, 0.3020961284637451, 0.3150678873062134, 0.29552939534187317, 0.29994964599609375, 0.3637832999229431, 0.2925558090209961, 0.29844507575035095, 0.3389546573162079, 0.3231455087661743, 0.30306872725486755, 0.289422869682312, 0.33634838461875916, 0.5476618409156799, 0.5096594095230103, 0.3115404546260834, 0.3117501437664032, 0.3083299994468689, 0.29452958703041077, 0.3072721064090729, 0.360149621963501, 0.2952587902545929, 0.3115564286708832, 0.29403507709503174, 0.2903746962547302, 0.3022273778915405, 0.29101118445396423, 0.3066689968109131, 0.29580965638160706, 0.293704628944397, 0.31688016653060913, 0.32343247532844543, 0.31862837076187134, 0.33650824427604675, 0.350004106760025, 0.3390858769416809, 0.319062739610672, 0.3986683785915375, 0.34635668992996216, 0.3420872390270233, 0.34823891520500183, 0.3448922634124756, 0.3239692449569702, 0.3177429139614105, 0.3355463147163391, 0.34137701988220215, 0.3527519106864929, 0.31743258237838745, 0.34750184416770935, 0.3274940848350525, 0.318762868642807, 0.3337337076663971, 0.44017720222473145, 0.3747243583202362, 0.3322250247001648, 0.3199353516101837, 0.3225504159927368, 0.32616862654685974]",3.0,"[33.0, 18.0, 14.0, 10.0, 10.0, 9.0, 8.0, 8.0, 8.0, 7.0, 6.0, 6.0, 6.0, 5.0, 5.0, 5.0, 4.0, 4.0, 4.0, 4.0, 4.0, 4.0, 4.0, 4.0, 4.0, 4.0, 4.0, 4.0, 4.0, 4.0, 4.0, 4.0, 4.0, 4.0, 4.0, 4.0, 4.0, 4.0, 4.0, 4.0, 4.0, 4.0, 4.0, 4.0, 4.0, 4.0, 4.0, 4.0, 4.0, 4.0, 4.0, 4.0, 4.0, 4.0, 4.0, 4.0, 4.0, 4.0, 4.0, 4.0, 4.0, 4.0, 3.0, 3.0, 3.0, 3.0, 3.0, 3.0, 3.0, 3.0, 3.0, 3.0, 3.0, 3.0, 3.0, 3.0, 3.0, 3.0, 3.0, 3.0, 3.0, 3.0, 3.0, 3.0, 3.0, 3.0, 3.0, 3.0, 3.0, 3.0]",COMPLETE
