,number,value,datetime_start,datetime_complete,duration,params_batch_size_scaler,params_constant_learning_rate,params_depth,params_epochs,params_kernel_l2,params_num_trees,params_temperature,user_attrs_accuracy_test,user_attrs_accuracy_valid,user_attrs_approximate_feature_sparsity,user_attrs_approximate_feature_sparsity_history,user_attrs_approximate_weight_sparsity,user_attrs_approximate_weight_sparsity_history,user_attrs_auc_test,user_attrs_auc_valid,user_attrs_feature_sparsity,user_attrs_feature_sparsity_history,user_attrs_num_epochs,user_attrs_val_loss_history,user_attrs_weight_sparsity,user_attrs_weight_sparsity_history,state
103,103,0.5,2024-08-31 05:25:12.623881,2024-08-31 05:25:23.458703,0 days 00:00:10.834822,64,3.9037988923274307,3,65,0.20828443018864545,9,0.03344001552447268,0.859,0.85875,0,"[0, 0, 0, 0, 0, 0, 0, 0, 0, 0, 0, 0, 0, 0, 0, 0, 0, 0, 0, 0, 0, 0, 0, 0, 0, 0, 0, 0, 0, 0, 0, 0, 0, 0, 0, 0, 0, 0, 0, 0, 0, 0, 0, 0, 0, 0, 0, 0, 0, 0, 0, 0, 0, 0, 0, 0, 0, 0, 0, 0, 0, 0, 0, 0, 0]",0.0,"[0.0, 0.0, 0.0, 0.0, 0.0, 0.0, 0.0, 0.0, 0.0, 0.0, 0.0, 0.0, 0.0, 0.0, 0.0, 0.0, 0.0, 0.0, 0.0, 0.0, 0.0, 0.0, 0.0, 0.0, 0.0, 0.0, 0.0, 0.0, 0.0, 0.0, 0.0, 0.0, 0.0, 0.0, 0.0, 0.0, 0.0, 0.0, 0.0, 0.0, 0.0, 0.0, 0.0, 0.0, 0.0, 0.0, 0.0, 0.0, 0.0, 0.0, 0.0, 0.0, 0.0, 0.0, 0.0, 0.0, 0.0, 0.0, 0.0, 0.0, 0.0, 0.0, 0.0, 0.0, 0.0]",0.5,0.5,0,"[0, 0, 0, 0, 0, 0, 0, 0, 0, 0, 0, 0, 0, 0, 0, 0, 0, 0, 0, 0, 0, 0, 0, 0, 0, 0, 0, 0, 0, 0, 0, 0, 0, 0, 0, 0, 0, 0, 0, 0, 0, 0, 0, 0, 0, 0, 0, 0, 0, 0, 0, 0, 0, 0, 0, 0, 0, 0, 0, 0, 0, 0, 0, 0, 0]",65,"[0.40726059675216675, 0.4168781340122223, 0.40754279494285583, 0.4125639796257019, 0.40745505690574646, 0.4189271032810211, 0.40890175104141235, 0.4072270095348358, 0.41099411249160767, 0.4076189398765564, 0.41434305906295776, 0.41349151730537415, 0.42490509152412415, 0.41510552167892456, 0.42786139249801636, 0.4188202917575836, 0.41064560413360596, 0.4076731503009796, 0.4107518792152405, 0.40882644057273865, 0.40736842155456543, 0.40745842456817627, 0.42219531536102295, 0.412118136882782, 0.41352561116218567, 0.4072296619415283, 0.41014304757118225, 0.4085472524166107, 0.413254052400589, 0.4072580635547638, 0.4213472306728363, 0.4080086648464203, 0.41746148467063904, 0.41935473680496216, 0.4085521697998047, 0.40722715854644775, 0.41298195719718933, 0.41235628724098206, 0.40725529193878174, 0.4084746241569519, 0.4133721888065338, 0.4088580310344696, 0.40722694993019104, 0.4087737202644348, 0.421834796667099, 0.408269464969635, 0.40772369503974915, 0.4098759591579437, 0.41647574305534363, 0.41021454334259033, 0.4109504818916321, 0.40762045979499817, 0.407347708940506, 0.40722739696502686, 0.40770629048347473, 0.40842899680137634, 0.41484054923057556, 0.40773171186447144, 0.41219866275787354, 0.41746658086776733, 0.40753474831581116, 0.40747591853141785, 0.4076213836669922, 0.42274200916290283, 0.40839850902557373]",0.0,"[0.0, 0.0, 0.0, 0.0, 0.0, 0.0, 0.0, 0.0, 0.0, 0.0, 0.0, 0.0, 0.0, 0.0, 0.0, 0.0, 0.0, 0.0, 0.0, 0.0, 0.0, 0.0, 0.0, 0.0, 0.0, 0.0, 0.0, 0.0, 0.0, 0.0, 0.0, 0.0, 0.0, 0.0, 0.0, 0.0, 0.0, 0.0, 0.0, 0.0, 0.0, 0.0, 0.0, 0.0, 0.0, 0.0, 0.0, 0.0, 0.0, 0.0, 0.0, 0.0, 0.0, 0.0, 0.0, 0.0, 0.0, 0.0, 0.0, 0.0, 0.0, 0.0, 0.0, 0.0, 0.0]",COMPLETE
104,104,0.5,2024-08-31 05:25:25.946849,2024-08-31 05:28:01.836343,0 days 00:02:35.889494,64,6.787000533839152,6,175,0.4938012136610326,62,0.0020127272210113886,0.859,0.85875,0,"[33, 33, 33, 33, 33, 16, 6, 6, 5, 3, 3, 3, 3, 3, 3, 3, 2, 2, 1, 1, 1, 1, 1, 1, 1, 1, 1, 1, 1, 1, 1, 1, 1, 1, 1, 1, 1, 1, 1, 1, 1, 1, 1, 1, 1, 1, 1, 1, 1, 1, 1, 1, 1, 1, 1, 1, 1, 1, 0, 0, 0, 0, 0, 0, 0, 0, 0, 0, 0, 0, 0, 0, 0, 0, 0, 0, 0, 0, 0, 0, 0, 0, 0, 0, 0, 0, 0, 0, 0, 0, 0, 0, 0, 0, 0, 0, 0, 0, 0, 0, 0, 0, 0, 0, 0, 0, 0, 0, 0, 0, 0, 0, 0, 0, 0, 0, 0, 0, 0, 0, 0, 0, 0, 0, 0, 0, 0, 0, 0, 0, 0, 0, 0, 0, 0, 0, 0, 0, 0, 0, 0, 0, 0, 0, 0, 0, 0, 0, 0, 0, 0, 0, 0, 0, 0, 0, 0, 0, 0, 0, 0, 0, 0, 0, 0, 0, 0, 0, 0, 0, 0, 0, 0, 0, 0]",0.0,"[32.90604198668715, 32.91090629800307, 32.91423451100871, 32.91321044546851, 32.91244239631336, 15.95852534562212, 5.986431131592422, 5.978750640040963, 4.986687147977471, 2.994111623143881, 2.993599590373784, 2.9933435739887355, 2.9951356886840754, 2.9918074756784434, 2.992063492063492, 2.9925755248335895, 1.9969278033794162, 1.9948796722990272, 0.9976958525345622, 0.9969278033794163, 0.9969278033794163, 0.9979518689196109, 0.9966717869943676, 0.9971838197644649, 0.9969278033794163, 0.9969278033794163, 0.9971838197644649, 0.9974398361495136, 0.9974398361495136, 0.9984639016897081, 0.9979518689196109, 0.9966717869943676, 0.996415770609319, 0.9987199180747568, 0.9971838197644649, 0.9984639016897081, 0.9989759344598055, 0.9989759344598055, 0.9979518689196109, 0.9984639016897081, 0.9984639016897081, 0.9971838197644649, 0.9979518689196109, 0.9987199180747568, 0.9979518689196109, 0.9987199180747568, 0.9979518689196109, 0.9979518689196109, 0.9984639016897081, 0.9979518689196109, 0.9979518689196109, 0.9984639016897081, 0.9974398361495136, 0.9982078853046595, 0.9976958525345622, 0.9982078853046595, 0.9966717869943676, 0.9976958525345622, 0.0, 0.0, 0.0, 0.0, 0.0, 0.0, 0.0, 0.0, 0.0, 0.0, 0.0, 0.0, 0.0, 0.0, 0.0, 0.0, 0.0, 0.0, 0.0, 0.0, 0.0, 0.0, 0.0, 0.0, 0.0, 0.0, 0.0, 0.0, 0.0, 0.0, 0.0, 0.0, 0.0, 0.0, 0.0, 0.0, 0.0, 0.0, 0.0, 0.0, 0.0, 0.0, 0.0, 0.0, 0.0, 0.0, 0.0, 0.0, 0.0, 0.0, 0.0, 0.0, 0.0, 0.0, 0.0, 0.0, 0.0, 0.0, 0.0, 0.0, 0.0, 0.0, 0.0, 0.0, 0.0, 0.0, 0.0, 0.0, 0.0, 0.0, 0.0, 0.0, 0.0, 0.0, 0.0, 0.0, 0.0, 0.0, 0.0, 0.0, 0.0, 0.0, 0.0, 0.0, 0.0, 0.0, 0.0, 0.0, 0.0, 0.0, 0.0, 0.0, 0.0, 0.0, 0.0, 0.0, 0.0, 0.0, 0.0, 0.0, 0.0, 0.0, 0.0, 0.0, 0.0, 0.0, 0.0, 0.0, 0.0, 0.0, 0.0, 0.0, 0.0, 0.0, 0.0, 0.0, 0.0]",0.5,0.5,0,"[33, 33, 33, 33, 33, 16, 6, 6, 5, 3, 3, 3, 3, 3, 3, 3, 2, 2, 1, 1, 1, 1, 1, 1, 1, 1, 1, 1, 1, 1, 1, 1, 1, 1, 1, 1, 1, 1, 1, 1, 1, 1, 1, 1, 1, 1, 1, 1, 1, 1, 1, 1, 1, 1, 1, 1, 1, 1, 0, 0, 0, 0, 0, 0, 0, 0, 0, 0, 0, 0, 0, 0, 0, 0, 0, 0, 0, 0, 0, 0, 0, 0, 0, 0, 0, 0, 0, 0, 0, 0, 0, 0, 0, 0, 0, 0, 0, 0, 0, 0, 0, 0, 0, 0, 0, 0, 0, 0, 0, 0, 0, 0, 0, 0, 0, 0, 0, 0, 0, 0, 0, 0, 0, 0, 0, 0, 0, 0, 0, 0, 0, 0, 0, 0, 0, 0, 0, 0, 0, 0, 0, 0, 0, 0, 0, 0, 0, 0, 0, 0, 0, 0, 0, 0, 0, 0, 0, 0, 0, 0, 0, 0, 0, 0, 0, 0, 0, 0, 0, 0, 0, 0, 0, 0, 0]",175,"[0.3971841037273407, 0.38126641511917114, 0.37854504585266113, 0.3927311599254608, 0.4072076082229614, 0.36287108063697815, 0.37799304723739624, 0.38439658284187317, 0.3710156977176666, 0.37260496616363525, 0.3777810037136078, 0.38478854298591614, 0.372953861951828, 0.3896281123161316, 0.3763810098171234, 0.3680301606655121, 0.3942795991897583, 0.38342466950416565, 0.39057818055152893, 0.39448872208595276, 0.4106294512748718, 0.39462772011756897, 0.41723933815956116, 0.39460158348083496, 0.4060307443141937, 0.39009830355644226, 0.4172998368740082, 0.4101438820362091, 0.39094457030296326, 0.38767528533935547, 0.3873077630996704, 0.39198726415634155, 0.406122624874115, 0.38520488142967224, 0.38752633333206177, 0.387344628572464, 0.38767528533935547, 0.40210092067718506, 0.39338624477386475, 0.4015756845474243, 0.3977101445198059, 0.38623201847076416, 0.3943561315536499, 0.41063758730888367, 0.4105697572231293, 0.5495380759239197, 0.41437971591949463, 0.3939189016819, 0.38518619537353516, 0.39650973677635193, 0.3920804262161255, 0.3854316771030426, 0.3907299041748047, 0.387813538312912, 0.3892441689968109, 0.41073501110076904, 0.3846239745616913, 0.3907621502876282, 0.5015274286270142, 0.4093550145626068, 0.4088292717933655, 0.4205629825592041, 0.4205705225467682, 0.4231001138687134, 0.4080751836299896, 0.4073144495487213, 0.42212578654289246, 0.4166015386581421, 0.40787482261657715, 0.4132572114467621, 0.4139803349971771, 0.41284042596817017, 0.42851582169532776, 0.41637352108955383, 0.41610443592071533, 0.40917065739631653, 0.4114529490470886, 0.4960954189300537, 0.4086160957813263, 0.40918785333633423, 0.4086437225341797, 0.4246048629283905, 0.4083862602710724, 0.40807339549064636, 0.40785568952560425, 0.4186481535434723, 0.4115959107875824, 0.40730568766593933, 0.46609917283058167, 0.44259774684906006, 0.4079788327217102, 0.4169960916042328, 0.4307706952095032, 0.4149508774280548, 0.4131121039390564, 0.41139352321624756, 0.41042885184288025, 0.4192844331264496, 0.4139518439769745, 0.42130982875823975, 0.40749412775039673, 0.43769654631614685, 0.4161778688430786, 0.4298042058944702, 0.4100426435470581, 0.4072435796260834, 0.46262112259864807, 0.4074209928512573, 0.45106804370880127, 0.4167967736721039, 0.4746764302253723, 0.40737855434417725, 0.4073582589626312, 0.4121776521205902, 0.41581207513809204, 0.4228968024253845, 0.4223710298538208, 0.4108695983886719, 0.4073205590248108, 0.40899765491485596, 0.4336398243904114, 0.4121513366699219, 0.4106625020503998, 0.41179752349853516, 0.4143206775188446, 0.4112541675567627, 0.40722647309303284, 0.5791534781455994, 0.4118002951145172, 0.43123719096183777, 0.4103710651397705, 0.41052868962287903, 0.45005279779434204, 0.41711071133613586, 0.4072262644767761, 0.4080411493778229, 0.41149476170539856, 0.40725067257881165, 0.40990784764289856, 0.43065375089645386, 0.4092041850090027, 0.4136742353439331, 0.4137896001338959, 0.42898324131965637, 0.41331589221954346, 0.4158162772655487, 0.4098963439464569, 0.46847259998321533, 0.41595038771629333, 0.44234153628349304, 0.42063629627227783, 0.4078328609466553, 0.4311804473400116, 0.40730124711990356, 0.4118773639202118, 0.418361634016037, 0.42089203000068665, 0.4093994200229645, 0.42524954676628113, 0.4109147787094116, 0.4588863253593445, 0.43293297290802, 0.4519825279712677, 0.40732619166374207, 0.40846511721611023, 0.4318786561489105, 0.43855229020118713, 0.4073154926300049, 0.40742233395576477, 0.40936478972435, 0.42563238739967346, 0.4194839596748352, 0.41028153896331787, 0.45219969749450684, 0.4192318022251129]",0.0,"[33.0, 33.0, 33.0, 33.0, 33.0, 16.0, 6.0, 6.0, 5.0, 3.0, 3.0, 3.0, 3.0, 3.0, 3.0, 3.0, 2.0, 2.0, 1.0, 1.0, 1.0, 1.0, 1.0, 1.0, 1.0, 1.0, 1.0, 1.0, 1.0, 1.0, 1.0, 1.0, 1.0, 1.0, 1.0, 1.0, 1.0, 1.0, 1.0, 1.0, 1.0, 1.0, 1.0, 1.0, 1.0, 1.0, 1.0, 1.0, 1.0, 1.0, 1.0, 1.0, 1.0, 1.0, 1.0, 1.0, 1.0, 1.0, 0.0, 0.0, 0.0, 0.0, 0.0, 0.0, 0.0, 0.0, 0.0, 0.0, 0.0, 0.0, 0.0, 0.0, 0.0, 0.0, 0.0, 0.0, 0.0, 0.0, 0.0, 0.0, 0.0, 0.0, 0.0, 0.0, 0.0, 0.0, 0.0, 0.0, 0.0, 0.0, 0.0, 0.0, 0.0, 0.0, 0.0, 0.0, 0.0, 0.0, 0.0, 0.0, 0.0, 0.0, 0.0, 0.0, 0.0, 0.0, 0.0, 0.0, 0.0, 0.0, 0.0, 0.0, 0.0, 0.0, 0.0, 0.0, 0.0, 0.0, 0.0, 0.0, 0.0, 0.0, 0.0, 0.0, 0.0, 0.0, 0.0, 0.0, 0.0, 0.0, 0.0, 0.0, 0.0, 0.0, 0.0, 0.0, 0.0, 0.0, 0.0, 0.0, 0.0, 0.0, 0.0, 0.0, 0.0, 0.0, 0.0, 0.0, 0.0, 0.0, 0.0, 0.0, 0.0, 0.0, 0.0, 0.0, 0.0, 0.0, 0.0, 0.0, 0.0, 0.0, 0.0, 0.0, 0.0, 0.0, 0.0, 0.0, 0.0, 0.0, 0.0, 0.0, 0.0, 0.0, 0.0]",COMPLETE
