,number,value,datetime_start,datetime_complete,duration,params_batch_size_scaler,params_constant_learning_rate,params_depth,params_epochs,params_kernel_l2,params_num_trees,params_temperature,user_attrs_accuracy_test,user_attrs_accuracy_valid,user_attrs_approximate_feature_sparsity,user_attrs_approximate_feature_sparsity_history,user_attrs_approximate_weight_sparsity,user_attrs_approximate_weight_sparsity_history,user_attrs_auc_test,user_attrs_auc_valid,user_attrs_feature_sparsity,user_attrs_feature_sparsity_history,user_attrs_num_epochs,user_attrs_val_loss_history,user_attrs_weight_sparsity,user_attrs_weight_sparsity_history,state
95,95,0.8223647769576587,2024-08-31 05:08:47.273462,2024-08-31 05:09:51.402919,0 days 00:01:04.129457,4,0.011213150436052626,4,205,0.009184995386507609,12,0.004717761508605472,0.892,0.89,33,"[33, 33, 33, 33, 33, 33, 33, 33, 33, 33, 33, 33, 33, 33, 33, 33, 33, 33, 33, 33, 33, 33, 33, 33, 33, 33, 33, 33, 33, 33, 33, 33, 33, 33, 33, 33, 33, 33, 33, 33, 33, 33, 33, 33, 33, 33, 33, 33, 33, 33, 33, 33, 33, 33, 33, 33, 33, 33, 33, 33, 33, 33, 33, 33, 33, 33, 33, 33, 33, 33, 33, 33, 33, 33, 33, 33, 33, 33, 33, 33, 33, 33, 33, 33, 33, 33, 33, 33, 33, 33, 33, 33, 33, 33, 33, 33, 33, 33, 33, 33, 33, 33, 33, 33, 33, 33, 33, 33, 33, 33, 33, 33, 33, 33, 33, 33, 33, 33, 33, 33, 33, 33, 33, 33, 33, 33, 33, 33, 33, 33, 33, 33, 33, 33, 33, 33, 33, 33, 33, 33, 33, 33, 33, 33, 33, 33, 33, 33, 33, 33, 33, 33, 33, 33, 33, 33, 33, 33, 33, 33, 33, 33, 33, 33, 33, 33, 33, 33, 33, 33, 33, 33, 33, 33, 33, 33, 33, 33, 33, 33, 33, 33, 33, 33, 33, 33, 33, 33, 33, 33, 33, 33, 33, 33, 33, 33, 33, 33, 33, 33, 33, 33, 33, 33, 33]",32.977777777777774,"[32.983333333333334, 32.98888888888889, 32.983333333333334, 32.98888888888889, 32.96111111111111, 32.99444444444444, 32.98888888888889, 32.983333333333334, 32.96666666666667, 32.96666666666667, 32.97222222222222, 32.96666666666667, 32.98888888888889, 32.98888888888889, 32.983333333333334, 32.983333333333334, 32.977777777777774, 32.97222222222222, 32.983333333333334, 32.98888888888889, 32.977777777777774, 32.977777777777774, 32.96666666666667, 32.97222222222222, 32.97222222222222, 32.977777777777774, 32.983333333333334, 32.98888888888889, 32.98888888888889, 32.955555555555556, 32.98888888888889, 33.0, 32.99444444444444, 32.99444444444444, 32.98888888888889, 32.99444444444444, 32.99444444444444, 32.99444444444445, 33.0, 33.0, 32.98888888888889, 32.98888888888889, 32.977777777777774, 32.977777777777774, 32.977777777777774, 32.977777777777774, 32.97222222222222, 33.0, 32.983333333333334, 32.99444444444444, 32.977777777777774, 32.983333333333334, 32.99444444444444, 32.99444444444444, 32.99444444444444, 32.983333333333334, 32.983333333333334, 32.99444444444444, 32.983333333333334, 32.98888888888889, 32.983333333333334, 32.977777777777774, 32.97222222222222, 32.97222222222222, 32.99444444444444, 33.0, 32.98888888888889, 32.98888888888889, 32.977777777777774, 32.955555555555556, 32.97222222222222, 32.977777777777774, 32.983333333333334, 32.99444444444444, 32.99444444444444, 32.99444444444444, 32.99444444444444, 33.0, 32.98888888888889, 32.977777777777774, 32.983333333333334, 32.977777777777774, 32.983333333333334, 32.97222222222222, 32.977777777777774, 32.98888888888889, 32.983333333333334, 32.983333333333334, 32.97222222222222, 32.961111111111116, 32.97222222222222, 32.983333333333334, 32.977777777777774, 32.97222222222222, 32.983333333333334, 32.97222222222222, 32.97222222222222, 32.96666666666667, 32.977777777777774, 32.96666666666667, 32.977777777777774, 32.983333333333334, 32.983333333333334, 32.97222222222222, 32.96666666666667, 32.96666666666667, 32.96666666666667, 32.96111111111111, 32.97222222222222, 32.977777777777774, 32.97222222222222, 32.977777777777774, 32.98888888888889, 32.98888888888889, 32.98888888888889, 32.98888888888889, 32.98888888888889, 32.98888888888889, 32.99444444444444, 32.977777777777774, 32.983333333333334, 32.983333333333334, 32.983333333333334, 32.977777777777774, 32.96666666666667, 32.96666666666667, 32.96111111111111, 32.95, 32.955555555555556, 32.977777777777774, 32.983333333333334, 32.98888888888889, 32.977777777777774, 32.977777777777774, 32.97222222222222, 32.96666666666667, 32.93888888888889, 32.955555555555556, 32.96666666666667, 32.97222222222222, 32.977777777777774, 32.977777777777774, 32.96666666666667, 32.96111111111111, 32.955555555555556, 32.955555555555556, 32.955555555555556, 32.977777777777774, 32.977777777777774, 32.96666666666667, 32.97222222222222, 32.96666666666667, 32.96666666666667, 32.96666666666667, 32.97222222222222, 32.977777777777774, 32.977777777777774, 32.977777777777774, 32.983333333333334, 32.977777777777774, 32.98888888888889, 32.983333333333334, 32.977777777777774, 32.98888888888889, 32.983333333333334, 32.983333333333334, 32.983333333333334, 32.98888888888889, 32.98888888888889, 32.98888888888889, 32.977777777777774, 32.983333333333334, 32.97222222222222, 32.977777777777774, 32.98888888888889, 32.983333333333334, 32.983333333333334, 32.983333333333334, 32.99444444444444, 32.99444444444444, 32.98888888888889, 32.98888888888889, 32.99444444444444, 32.98888888888889, 32.98888888888889, 32.983333333333334, 32.97222222222222, 32.97222222222222, 32.96666666666667, 32.97222222222222, 32.983333333333334, 32.98888888888889, 32.983333333333334, 32.98888888888889, 32.98888888888889, 32.983333333333334, 32.983333333333334, 32.97777777777778, 32.97777777777778, 32.97222222222222, 32.977777777777774, 32.983333333333334, 32.99444444444444, 32.977777777777774, 32.977777777777774]",0.8337007405939614,0.8223647769576587,33,"[33, 33, 33, 33, 33, 33, 33, 33, 33, 33, 33, 33, 33, 33, 33, 33, 33, 33, 33, 33, 33, 33, 33, 33, 33, 33, 33, 33, 33, 33, 33, 33, 33, 33, 33, 33, 33, 33, 33, 33, 33, 33, 33, 33, 33, 33, 33, 33, 33, 33, 33, 33, 33, 33, 33, 33, 33, 33, 33, 33, 33, 33, 33, 33, 33, 33, 33, 33, 33, 33, 33, 33, 33, 33, 33, 33, 33, 33, 33, 33, 33, 33, 33, 33, 33, 33, 33, 33, 33, 33, 33, 33, 33, 33, 33, 33, 33, 33, 33, 33, 33, 33, 33, 33, 33, 33, 33, 33, 33, 33, 33, 33, 33, 33, 33, 33, 33, 33, 33, 33, 33, 33, 33, 33, 33, 33, 33, 33, 33, 33, 33, 33, 33, 33, 33, 33, 33, 33, 33, 33, 33, 33, 33, 33, 33, 33, 33, 33, 33, 33, 33, 33, 33, 33, 33, 33, 33, 33, 33, 33, 33, 33, 33, 33, 33, 33, 33, 33, 33, 33, 33, 33, 33, 33, 33, 33, 33, 33, 33, 33, 33, 33, 33, 33, 33, 33, 33, 33, 33, 33, 33, 33, 33, 33, 33, 33, 33, 33, 33, 33, 33, 33, 33, 33, 33]",205,"[0.5496396422386169, 0.4954659342765808, 0.4623986482620239, 0.441475510597229, 0.4274643361568451, 0.41785985231399536, 0.41093817353248596, 0.40575650334358215, 0.40181007981300354, 0.39869293570518494, 0.3961101770401001, 0.39395061135292053, 0.39207667112350464, 0.3904261887073517, 0.38895514607429504, 0.38761910796165466, 0.3863951563835144, 0.38525864481925964, 0.3841988444328308, 0.38319602608680725, 0.38225188851356506, 0.3813493251800537, 0.38048994541168213, 0.3796663284301758, 0.37887704372406006, 0.37811675667762756, 0.3773860037326813, 0.37668442726135254, 0.3760029077529907, 0.37534454464912415, 0.37470677495002747, 0.3740884065628052, 0.3734866678714752, 0.37290069460868835, 0.37233254313468933, 0.3717819154262543, 0.37124112248420715, 0.3707142770290375, 0.3702007532119751, 0.36969807744026184, 0.3692096471786499, 0.3687298595905304, 0.3682573735713959, 0.36779147386550903, 0.3673383593559265, 0.36688873171806335, 0.3664489686489105, 0.36601436138153076, 0.3655906915664673, 0.3651731610298157, 0.36475831270217896, 0.3643474578857422, 0.3639439046382904, 0.3635477125644684, 0.3631548285484314, 0.36276862025260925, 0.36238643527030945, 0.3620063066482544, 0.36162856221199036, 0.36125242710113525, 0.3608802855014801, 0.360509991645813, 0.3601442277431488, 0.35978031158447266, 0.3594150245189667, 0.35905468463897705, 0.3586980104446411, 0.35834547877311707, 0.35799017548561096, 0.35763683915138245, 0.35728374123573303, 0.35693123936653137, 0.35658252239227295, 0.35623741149902344, 0.3558860719203949, 0.3555415868759155, 0.3551972210407257, 0.35485202074050903, 0.3545067608356476, 0.35416191816329956, 0.35381942987442017, 0.3534778356552124, 0.3531333804130554, 0.352789044380188, 0.3524516224861145, 0.352112740278244, 0.3517719507217407, 0.3514312505722046, 0.35108479857444763, 0.35074272751808167, 0.35040074586868286, 0.3500598967075348, 0.34971505403518677, 0.3493727445602417, 0.34902989864349365, 0.3486868739128113, 0.348342627286911, 0.3479950726032257, 0.34764736890792847, 0.3473035395145416, 0.3469562828540802, 0.3466051518917084, 0.3462558090686798, 0.3459059000015259, 0.3455543518066406, 0.34519699215888977, 0.34484806656837463, 0.3444972634315491, 0.34413987398147583, 0.3437839150428772, 0.34342634677886963, 0.34306755661964417, 0.342710942029953, 0.3423520624637604, 0.34199199080467224, 0.341635137796402, 0.3412715494632721, 0.34090951085090637, 0.3405425548553467, 0.340182900428772, 0.3398207128047943, 0.3394554555416107, 0.33908894658088684, 0.3387230336666107, 0.33835604786872864, 0.33798444271087646, 0.33761611580848694, 0.3372481167316437, 0.3368764817714691, 0.33650025725364685, 0.33612510561943054, 0.33574727177619934, 0.33537036180496216, 0.33498984575271606, 0.3346107006072998, 0.3342302441596985, 0.3338506817817688, 0.3334689438343048, 0.3330859839916229, 0.33270546793937683, 0.33231890201568604, 0.3319316804409027, 0.3315477669239044, 0.3311628997325897, 0.3307769298553467, 0.33039015531539917, 0.3300016522407532, 0.3296142518520355, 0.32922065258026123, 0.3288293480873108, 0.32843780517578125, 0.3280488848686218, 0.3276587724685669, 0.3272661864757538, 0.3268739581108093, 0.32648026943206787, 0.32608410716056824, 0.32569193840026855, 0.32529664039611816, 0.32490313053131104, 0.3245060443878174, 0.324107825756073, 0.32370975613594055, 0.3233128786087036, 0.3229190707206726, 0.3225216567516327, 0.3221200704574585, 0.3217202425003052, 0.3213236331939697, 0.3209228515625, 0.32052525877952576, 0.3201238512992859, 0.31972724199295044, 0.3193258047103882, 0.31892961263656616, 0.31853121519088745, 0.31813520193099976, 0.3177376687526703, 0.31733769178390503, 0.3169402778148651, 0.31654128432273865, 0.31614431738853455, 0.3157494068145752, 0.3153499364852905, 0.3149520754814148, 0.3145574629306793, 0.3141668438911438, 0.31376999616622925, 0.3133743405342102, 0.3129814863204956, 0.31258663535118103, 0.3121934235095978, 0.31180092692375183, 0.31140804290771484, 0.3110189735889435, 0.31062906980514526, 0.3102400302886963, 0.3098514974117279, 0.3094621002674103, 0.3090745806694031, 0.3086886405944824, 0.3083076775074005, 0.30792102217674255, 0.3075409233570099, 0.3071604371070862]",33.0,"[33.0, 33.0, 33.0, 33.0, 33.0, 33.0, 33.0, 33.0, 33.0, 33.0, 33.0, 33.0, 33.0, 33.0, 33.0, 33.0, 33.0, 33.0, 33.0, 33.0, 33.0, 33.0, 33.0, 33.0, 33.0, 33.0, 33.0, 33.0, 33.0, 33.0, 33.0, 33.0, 33.0, 33.0, 33.0, 33.0, 33.0, 33.0, 33.0, 33.0, 33.0, 33.0, 33.0, 33.0, 33.0, 33.0, 33.0, 33.0, 33.0, 33.0, 33.0, 33.0, 33.0, 33.0, 33.0, 33.0, 33.0, 33.0, 33.0, 33.0, 33.0, 33.0, 33.0, 33.0, 33.0, 33.0, 33.0, 33.0, 33.0, 33.0, 33.0, 33.0, 33.0, 33.0, 33.0, 33.0, 33.0, 33.0, 33.0, 33.0, 33.0, 33.0, 33.0, 33.0, 33.0, 33.0, 33.0, 33.0, 33.0, 33.0, 33.0, 33.0, 33.0, 33.0, 33.0, 33.0, 33.0, 33.0, 33.0, 33.0, 33.0, 33.0, 33.0, 33.0, 33.0, 33.0, 33.0, 33.0, 33.0, 33.0, 33.0, 33.0, 33.0, 33.0, 33.0, 33.0, 33.0, 33.0, 33.0, 33.0, 33.0, 33.0, 33.0, 33.0, 33.0, 33.0, 33.0, 33.0, 33.0, 33.0, 33.0, 33.0, 33.0, 33.0, 33.0, 33.0, 33.0, 33.0, 33.0, 33.0, 33.0, 33.0, 33.0, 33.0, 33.0, 33.0, 33.0, 33.0, 33.0, 33.0, 33.0, 33.0, 33.0, 33.0, 33.0, 33.0, 33.0, 33.0, 33.0, 33.0, 33.0, 33.0, 33.0, 33.0, 33.0, 33.0, 33.0, 33.0, 33.0, 33.0, 33.0, 33.0, 33.0, 33.0, 33.0, 33.0, 33.0, 33.0, 33.0, 33.0, 33.0, 33.0, 33.0, 33.0, 33.0, 33.0, 33.0, 33.0, 33.0, 33.0, 33.0, 33.0, 33.0, 33.0, 33.0, 33.0, 33.0, 33.0, 33.0, 33.0, 33.0, 33.0, 33.0, 33.0, 33.0]",COMPLETE
96,96,0.8065849982610039,2024-08-31 05:09:53.661033,2024-08-31 05:13:40.013879,0 days 00:03:46.352846,1,0.013157886021258832,3,175,0.6482703913394511,8,0.0029423537366944255,0.884,0.8825,7,"[33, 33, 33, 33, 33, 33, 33, 33, 33, 33, 33, 33, 33, 33, 33, 33, 33, 33, 33, 33, 32, 31, 28, 20, 15, 12, 12, 12, 12, 11, 9, 9, 9, 7, 7, 7, 7, 7, 7, 7, 7, 7, 7, 7, 7, 7, 7, 7, 7, 7, 7, 7, 7, 7, 7, 7, 7, 7, 7, 7, 7, 7, 7, 7, 7, 7, 7, 7, 7, 7, 7, 7, 7, 7, 7, 7, 7, 7, 7, 7, 7, 7, 7, 7, 7, 7, 7, 7, 7, 7, 7, 7, 7, 7, 7, 7, 7, 7, 7, 7, 7, 7, 7, 7, 7, 7, 7, 7, 7, 7, 7, 7, 7, 7, 7, 7, 7, 7, 7, 7, 7, 7, 7, 7, 7, 7, 7, 7, 7, 7, 7, 7, 7, 7, 7, 7, 7, 7, 7, 7, 7, 7, 7, 7, 7, 7, 7, 7, 7, 7, 7, 7, 7, 7, 7, 7, 7, 7, 7, 7, 7, 7, 7, 7, 7, 7, 7, 7, 7, 7, 7, 7, 7, 7, 7]",6.767857142857142,"[33.0, 32.98214285714286, 32.964285714285715, 33.0, 32.98214285714286, 32.964285714285715, 33.0, 33.0, 33.0, 32.94642857142857, 32.964285714285715, 32.964285714285715, 32.94642857142857, 32.94642857142857, 32.964285714285715, 32.98214285714286, 32.94642857142857, 32.98214285714286, 32.964285714285715, 32.964285714285715, 32.0, 30.964285714285715, 27.964285714285715, 19.982142857142858, 14.964285714285715, 11.964285714285715, 11.982142857142858, 12.0, 12.0, 10.982142857142858, 8.982142857142858, 8.964285714285715, 8.946428571428571, 7.0, 6.928571428571429, 6.982142857142858, 6.982142857142858, 6.982142857142857, 7.0, 6.982142857142858, 6.982142857142858, 6.982142857142858, 6.982142857142858, 6.964285714285714, 6.982142857142858, 6.946428571428571, 6.982142857142858, 6.946428571428571, 6.946428571428571, 6.910714285714286, 6.964285714285714, 6.964285714285714, 6.946428571428571, 7.0, 6.964285714285714, 7.0, 7.0, 6.982142857142858, 6.946428571428571, 6.982142857142857, 6.982142857142858, 7.0, 6.964285714285714, 6.946428571428571, 6.982142857142858, 7.0, 6.946428571428571, 6.982142857142858, 6.982142857142858, 6.982142857142858, 7.0, 7.0, 7.0, 6.964285714285714, 6.982142857142858, 6.982142857142858, 6.982142857142858, 7.0, 7.0, 6.964285714285714, 7.0, 6.964285714285714, 6.946428571428571, 6.964285714285714, 6.946428571428571, 6.946428571428571, 6.964285714285714, 6.964285714285714, 6.964285714285714, 6.946428571428571, 6.946428571428571, 6.928571428571428, 6.964285714285714, 6.946428571428571, 6.964285714285714, 6.946428571428571, 6.9107142857142865, 6.9107142857142865, 6.9107142857142865, 6.892857142857143, 6.892857142857143, 6.928571428571429, 6.892857142857142, 6.928571428571429, 6.928571428571429, 6.910714285714286, 6.892857142857142, 6.928571428571429, 6.892857142857143, 6.892857142857143, 6.892857142857143, 6.9107142857142865, 6.9107142857142865, 6.946428571428571, 6.928571428571429, 6.9107142857142865, 6.875, 6.875, 6.821428571428571, 6.875, 6.857142857142858, 6.839285714285714, 6.821428571428571, 6.839285714285714, 6.857142857142858, 6.821428571428571, 6.9107142857142865, 6.946428571428571, 6.892857142857142, 6.928571428571429, 6.928571428571429, 6.928571428571429, 6.928571428571429, 6.928571428571429, 6.928571428571429, 6.928571428571429, 6.9107142857142865, 6.875, 6.839285714285714, 6.9107142857142865, 6.9107142857142865, 6.9107142857142865, 6.9107142857142865, 6.9107142857142865, 6.9107142857142865, 6.9107142857142865, 6.928571428571429, 6.892857142857143, 6.892857142857143, 6.928571428571429, 6.892857142857143, 6.857142857142857, 6.892857142857143, 6.839285714285714, 6.892857142857143, 6.839285714285714, 6.75, 6.714285714285714, 6.714285714285714, 6.660714285714286, 6.732142857142858, 6.714285714285714, 6.696428571428571, 6.767857142857142, 6.696428571428571, 6.714285714285714, 6.642857142857142, 6.642857142857142, 6.75, 6.75, 6.785714285714286, 6.767857142857143, 6.803571428571429, 6.821428571428571, 6.767857142857142]",0.8084198185255823,0.8065849982610039,7,"[33, 33, 33, 33, 33, 33, 33, 33, 33, 33, 33, 33, 33, 33, 33, 33, 33, 33, 33, 33, 32, 31, 28, 20, 15, 12, 12, 12, 12, 11, 9, 9, 9, 7, 7, 7, 7, 7, 7, 7, 7, 7, 7, 7, 7, 7, 7, 7, 7, 7, 7, 7, 7, 7, 7, 7, 7, 7, 7, 7, 7, 7, 7, 7, 7, 7, 7, 7, 7, 7, 7, 7, 7, 7, 7, 7, 7, 7, 7, 7, 7, 7, 7, 7, 7, 7, 7, 7, 7, 7, 7, 7, 7, 7, 7, 7, 7, 7, 7, 7, 7, 7, 7, 7, 7, 7, 7, 7, 7, 7, 7, 7, 7, 7, 7, 7, 7, 7, 7, 7, 7, 7, 7, 7, 7, 7, 7, 7, 7, 7, 7, 7, 7, 7, 7, 7, 7, 7, 7, 7, 7, 7, 7, 7, 7, 7, 7, 7, 7, 7, 7, 7, 7, 7, 7, 7, 7, 7, 7, 7, 7, 7, 7, 7, 7, 7, 7, 7, 7, 7, 7, 7, 7, 7, 7]",175,"[0.8640735149383545, 0.7805700898170471, 0.7273330688476562, 0.6838120818138123, 0.6463239789009094, 0.6137480735778809, 0.5853120684623718, 0.5604096055030823, 0.5384195446968079, 0.5190141797065735, 0.5018913745880127, 0.48686304688453674, 0.4734148681163788, 0.46155697107315063, 0.45114898681640625, 0.4417167007923126, 0.4335039258003235, 0.4260537624359131, 0.4194404184818268, 0.41355037689208984, 0.4073951244354248, 0.40264153480529785, 0.3948291838169098, 0.3846203088760376, 0.3790028691291809, 0.37780410051345825, 0.37691187858581543, 0.37598705291748047, 0.37521347403526306, 0.37419411540031433, 0.3781951069831848, 0.3769301176071167, 0.37628164887428284, 0.37169456481933594, 0.37118813395500183, 0.3707479238510132, 0.3703170716762543, 0.36998897790908813, 0.36961856484413147, 0.36924734711647034, 0.3689407408237457, 0.3686330318450928, 0.3683652877807617, 0.3680752217769623, 0.3678462505340576, 0.3675812780857086, 0.3673940598964691, 0.36713749170303345, 0.36687812209129333, 0.3666476309299469, 0.36640262603759766, 0.36617714166641235, 0.3659992516040802, 0.36593514680862427, 0.365610808134079, 0.3654845356941223, 0.36518433690071106, 0.36500996351242065, 0.36487337946891785, 0.3646045923233032, 0.3643624186515808, 0.3642244338989258, 0.36409464478492737, 0.36384618282318115, 0.3637131452560425, 0.3634703755378723, 0.3632872402667999, 0.363143652677536, 0.3629570007324219, 0.3626910150051117, 0.3625152111053467, 0.36233067512512207, 0.362118124961853, 0.36192604899406433, 0.3617406189441681, 0.36158353090286255, 0.361454576253891, 0.36128613352775574, 0.361104816198349, 0.3608875572681427, 0.3606744110584259, 0.3605802655220032, 0.36041414737701416, 0.36020228266716003, 0.36001235246658325, 0.35980647802352905, 0.3596039116382599, 0.35943683981895447, 0.35924389958381653, 0.35904693603515625, 0.3588470220565796, 0.35870274901390076, 0.35854947566986084, 0.35834285616874695, 0.35817599296569824, 0.35789260268211365, 0.35770919919013977, 0.3575609624385834, 0.357340008020401, 0.3571668565273285, 0.3569607138633728, 0.35677066445350647, 0.3565601408481598, 0.35636642575263977, 0.35625937581062317, 0.35606327652931213, 0.35588568449020386, 0.35577717423439026, 0.3554815351963043, 0.35531163215637207, 0.3550565838813782, 0.354824423789978, 0.35463738441467285, 0.3545096516609192, 0.35429027676582336, 0.3540195822715759, 0.35392409563064575, 0.35367003083229065, 0.35347652435302734, 0.35327857732772827, 0.35299137234687805, 0.3528386950492859, 0.3526454567909241, 0.35232001543045044, 0.35221412777900696, 0.3519326448440552, 0.3517913818359375, 0.3517346978187561, 0.35126492381095886, 0.35105350613594055, 0.3507843315601349, 0.35071486234664917, 0.35043561458587646, 0.35025838017463684, 0.35003456473350525, 0.34990963339805603, 0.34961044788360596, 0.3492671549320221, 0.34896156191825867, 0.3487962484359741, 0.34855449199676514, 0.3483303487300873, 0.3481258749961853, 0.3478313386440277, 0.34768742322921753, 0.3474339246749878, 0.34727615118026733, 0.3470280170440674, 0.3468409776687622, 0.34672561287879944, 0.3463788330554962, 0.3460721969604492, 0.34574413299560547, 0.34545692801475525, 0.3453153371810913, 0.34512245655059814, 0.3448960781097412, 0.34455758333206177, 0.3442856967449188, 0.34421592950820923, 0.34392157196998596, 0.34355488419532776, 0.3434065580368042, 0.3430386483669281, 0.34278666973114014, 0.3426370620727539, 0.34235912561416626, 0.34203436970710754, 0.34174883365631104, 0.34147247672080994, 0.3412499725818634, 0.340984046459198, 0.34087613224983215, 0.34064391255378723, 0.34038349986076355]",7.0,"[33.0, 33.0, 33.0, 33.0, 33.0, 33.0, 33.0, 33.0, 33.0, 33.0, 33.0, 33.0, 33.0, 33.0, 33.0, 33.0, 33.0, 33.0, 33.0, 33.0, 32.0, 31.0, 28.0, 20.0, 15.0, 12.0, 12.0, 12.0, 12.0, 11.0, 9.0, 9.0, 9.0, 7.0, 7.0, 7.0, 7.0, 7.0, 7.0, 7.0, 7.0, 7.0, 7.0, 7.0, 7.0, 7.0, 7.0, 7.0, 7.0, 7.0, 7.0, 7.0, 7.0, 7.0, 7.0, 7.0, 7.0, 7.0, 7.0, 7.0, 7.0, 7.0, 7.0, 7.0, 7.0, 7.0, 7.0, 7.0, 7.0, 7.0, 7.0, 7.0, 7.0, 7.0, 7.0, 7.0, 7.0, 7.0, 7.0, 7.0, 7.0, 7.0, 7.0, 7.0, 7.0, 7.0, 7.0, 7.0, 7.0, 7.0, 7.0, 7.0, 7.0, 7.0, 7.0, 7.0, 7.0, 7.0, 7.0, 7.0, 7.0, 7.0, 7.0, 7.0, 7.0, 7.0, 7.0, 7.0, 7.0, 7.0, 7.0, 7.0, 7.0, 7.0, 7.0, 7.0, 7.0, 7.0, 7.0, 7.0, 7.0, 7.0, 7.0, 7.0, 7.0, 7.0, 7.0, 7.0, 7.0, 7.0, 7.0, 7.0, 7.0, 7.0, 7.0, 7.0, 7.0, 7.0, 7.0, 7.0, 7.0, 7.0, 7.0, 7.0, 7.0, 7.0, 7.0, 7.0, 7.0, 7.0, 7.0, 7.0, 7.0, 7.0, 7.0, 7.0, 7.0, 7.0, 7.0, 7.0, 7.0, 7.0, 7.0, 7.0, 7.0, 7.0, 7.0, 7.0, 7.0, 7.0, 7.0, 7.0, 7.0, 7.0, 7.0]",COMPLETE
