,number,value,datetime_start,datetime_complete,duration,params_batch_size_scaler,params_constant_learning_rate,params_depth,params_epochs,params_kernel_l2,params_num_trees,params_temperature,user_attrs_accuracy_test,user_attrs_accuracy_valid,user_attrs_approximate_feature_sparsity,user_attrs_approximate_feature_sparsity_history,user_attrs_approximate_weight_sparsity,user_attrs_approximate_weight_sparsity_history,user_attrs_auc_test,user_attrs_auc_valid,user_attrs_feature_sparsity,user_attrs_feature_sparsity_history,user_attrs_num_epochs,user_attrs_val_loss_history,user_attrs_weight_sparsity,user_attrs_weight_sparsity_history,state
29,29,0.5,2024-08-31 01:40:30.533725,2024-08-31 01:40:43.346872,0 days 00:00:12.813147,4,0.10667600028367188,3,40,0.8880784695029649,7,0.0003506215085715468,0.859,0.85875,0,"[33, 33, 33, 33, 33, 33, 26, 7, 5, 4, 4, 3, 2, 2, 1, 1, 1, 1, 1, 1, 1, 1, 1, 1, 1, 1, 1, 1, 1, 1, 1, 1, 1, 1, 1, 0, 0, 0, 0, 0]",0.0,"[32.95918367346939, 32.9795918367347, 33.0, 33.0, 32.93877551020408, 32.9795918367347, 25.979591836734695, 7.0, 5.0, 4.0, 4.0, 3.0, 2.0, 2.0, 1.0, 1.0, 1.0, 1.0, 1.0, 1.0, 1.0, 1.0, 1.0, 1.0, 1.0, 1.0, 1.0, 1.0, 1.0, 1.0, 1.0, 1.0, 1.0, 1.0, 1.0, 0.0, 0.0, 0.0, 0.0, 0.0]",0.5,0.5,0,"[33, 33, 33, 33, 33, 33, 26, 7, 5, 4, 4, 3, 2, 2, 1, 1, 1, 1, 1, 1, 1, 1, 1, 1, 1, 1, 1, 1, 1, 1, 1, 1, 1, 1, 1, 0, 0, 0, 0, 0]",40,"[0.8879503011703491, 0.7185248732566833, 0.6081610918045044, 0.5348619222640991, 0.4852616488933563, 0.45189666748046875, 0.421135812997818, 0.3934389352798462, 0.39199164509773254, 0.3911421298980713, 0.39040377736091614, 0.39216890931129456, 0.39667338132858276, 0.3946060836315155, 0.39895880222320557, 0.3981735110282898, 0.3979268968105316, 0.3979281485080719, 0.3977853059768677, 0.3977726399898529, 0.3977201581001282, 0.3976238965988159, 0.3975878655910492, 0.39751216769218445, 0.3974618911743164, 0.3974452316761017, 0.39732930064201355, 0.3972884714603424, 0.39724427461624146, 0.39723658561706543, 0.3971388339996338, 0.39716750383377075, 0.3970578908920288, 0.3969692885875702, 0.3968975841999054, 0.4072704017162323, 0.40723034739494324, 0.4072728753089905, 0.4072454571723938, 0.4072318375110626]",0.0,"[33.0, 33.0, 33.0, 33.0, 33.0, 33.0, 26.0, 7.0, 5.0, 4.0, 4.0, 3.0, 2.0, 2.0, 1.0, 1.0, 1.0, 1.0, 1.0, 1.0, 1.0, 1.0, 1.0, 1.0, 1.0, 1.0, 1.0, 1.0, 1.0, 1.0, 1.0, 1.0, 1.0, 1.0, 1.0, 0.0, 0.0, 0.0, 0.0, 0.0]",COMPLETE
30,30,0.8763638237302108,2024-08-31 01:40:43.353196,2024-08-31 01:41:21.165303,0 days 00:00:37.812107,4,0.030402850954785943,3,115,0.05991500588317541,47,0.0008645886164114426,0.89,0.8875,33,"[33, 33, 33, 33, 33, 33, 33, 33, 33, 33, 33, 33, 33, 33, 33, 33, 33, 33, 33, 33, 33, 33, 33, 33, 33, 33, 33, 33, 33, 33, 33, 33, 33, 33, 33, 33, 33, 33, 33, 33, 33, 33, 33, 33, 33, 33, 33, 33, 33, 33, 33, 33, 33, 33, 33, 33, 33, 33, 33, 33, 33, 33, 33, 33, 33, 33, 33, 33, 33, 33, 33, 33, 33, 33, 33, 33, 33, 33, 33, 33, 33, 33, 33, 33, 33, 33, 33, 33, 33, 33, 33, 33, 33, 33, 33, 33, 33, 33, 33, 33, 33, 33, 33, 33, 33, 33, 33, 33, 33, 33, 33, 33, 33, 33, 33]",32.984802431610944,"[32.97568389057751, 32.98176291793313, 32.97568389057751, 32.98176291793313, 32.993920972644375, 32.981762917933125, 32.96048632218845, 32.98176291793313, 32.96960486322188, 32.96960486322189, 32.963525835866264, 32.95744680851064, 32.963525835866264, 32.96960486322188, 32.984802431610944, 32.97872340425532, 32.98176291793313, 32.97872340425532, 32.98176291793313, 32.97568389057751, 32.96960486322188, 32.972644376899694, 32.96656534954407, 32.98176291793313, 32.96656534954407, 32.97568389057751, 32.97872340425532, 32.98176291793313, 32.97872340425532, 32.98784194528875, 32.97568389057751, 32.972644376899694, 32.972644376899694, 32.97872340425532, 32.972644376899694, 32.98176291793313, 32.984802431610944, 32.984802431610944, 32.96960486322188, 32.96656534954407, 32.96960486322188, 32.97568389057751, 32.984802431610944, 32.963525835866264, 32.97568389057751, 32.96960486322188, 32.97568389057751, 32.984802431610944, 32.97568389057751, 32.97568389057751, 32.972644376899694, 32.96960486322189, 32.96960486322189, 32.96048632218845, 32.95744680851064, 32.96656534954407, 32.972644376899694, 32.96656534954407, 32.98176291793313, 32.97872340425532, 32.98784194528875, 32.97568389057751, 32.972644376899694, 32.972644376899694, 32.97568389057751, 32.972644376899694, 32.97872340425532, 32.97872340425532, 32.98784194528875, 32.97872340425532, 32.97872340425532, 32.984802431610944, 32.984802431610944, 32.98784194528875, 32.98784194528875, 32.993920972644375, 32.99088145896656, 32.97872340425532, 32.98176291793313, 32.99088145896657, 32.98784194528875, 32.98784194528875, 32.98784194528875, 32.984802431610944, 32.97872340425532, 32.99088145896657, 32.98784194528875, 32.984802431610944, 32.984802431610944, 32.98784194528875, 32.98784194528875, 32.97872340425532, 32.97872340425532, 32.98176291793313, 32.97568389057751, 32.96656534954407, 32.97872340425532, 32.97872340425532, 32.97872340425532, 32.984802431610944, 32.97872340425532, 32.98176291793313, 32.97872340425532, 32.99088145896657, 32.96960486322189, 32.97872340425532, 32.993920972644375, 32.99088145896656, 32.993920972644375, 32.97872340425532, 32.984802431610944, 32.97872340425532, 32.97568389057751, 32.98176291793313, 32.984802431610944]",0.8677994369174118,0.8763638237302108,33,"[33, 33, 33, 33, 33, 33, 33, 33, 33, 33, 33, 33, 33, 33, 33, 33, 33, 33, 33, 33, 33, 33, 33, 33, 33, 33, 33, 33, 33, 33, 33, 33, 33, 33, 33, 33, 33, 33, 33, 33, 33, 33, 33, 33, 33, 33, 33, 33, 33, 33, 33, 33, 33, 33, 33, 33, 33, 33, 33, 33, 33, 33, 33, 33, 33, 33, 33, 33, 33, 33, 33, 33, 33, 33, 33, 33, 33, 33, 33, 33, 33, 33, 33, 33, 33, 33, 33, 33, 33, 33, 33, 33, 33, 33, 33, 33, 33, 33, 33, 33, 33, 33, 33, 33, 33, 33, 33, 33, 33, 33, 33, 33, 33, 33, 33]",115,"[0.42214885354042053, 0.41300728917121887, 0.406779944896698, 0.4016246795654297, 0.3974195122718811, 0.39393067359924316, 0.39129164814949036, 0.3885279595851898, 0.38640958070755005, 0.38455936312675476, 0.38291463255882263, 0.38143065571784973, 0.3800772726535797, 0.37886443734169006, 0.37778550386428833, 0.37667086720466614, 0.37563759088516235, 0.3746408522129059, 0.373683363199234, 0.3730987310409546, 0.371943861246109, 0.3710920214653015, 0.3703024983406067, 0.3694237768650055, 0.36864256858825684, 0.3677801787853241, 0.36691170930862427, 0.3663477301597595, 0.36520615220069885, 0.36441758275032043, 0.36392852663993835, 0.36291709542274475, 0.3619546890258789, 0.36117857694625854, 0.36026713252067566, 0.35946741700172424, 0.3587656319141388, 0.35806164145469666, 0.35746946930885315, 0.3562251925468445, 0.3553144037723541, 0.35457369685173035, 0.3538128733634949, 0.3529888987541199, 0.3522304892539978, 0.3512895107269287, 0.350346177816391, 0.3498707711696625, 0.3487803339958191, 0.3477584719657898, 0.3469278812408447, 0.3462868630886078, 0.34516140818595886, 0.34443846344947815, 0.34344688057899475, 0.3425576388835907, 0.34187638759613037, 0.3409855365753174, 0.33990478515625, 0.33893880248069763, 0.3382042646408081, 0.3374935984611511, 0.33615830540657043, 0.3352534770965576, 0.33434027433395386, 0.3335121273994446, 0.3325967490673065, 0.331450492143631, 0.330618679523468, 0.32972419261932373, 0.3285708725452423, 0.32751739025115967, 0.3266153633594513, 0.3255687654018402, 0.3245775103569031, 0.3235856890678406, 0.3226841986179352, 0.32176437973976135, 0.3207409679889679, 0.319661021232605, 0.3185274600982666, 0.3175463378429413, 0.3164440095424652, 0.31545042991638184, 0.3145195245742798, 0.31356170773506165, 0.3126973807811737, 0.3112446665763855, 0.310276061296463, 0.3092347979545593, 0.3081921339035034, 0.30729684233665466, 0.3063027858734131, 0.30521726608276367, 0.30436092615127563, 0.3033166825771332, 0.30288994312286377, 0.3013104200363159, 0.30034130811691284, 0.29966020584106445, 0.29839667677879333, 0.29750582575798035, 0.2966791093349457, 0.29561856389045715, 0.29471781849861145, 0.2940472662448883, 0.29316067695617676, 0.29210367798805237, 0.2911328077316284, 0.2902832329273224, 0.28941553831100464, 0.28859689831733704, 0.28779542446136475, 0.28700029850006104, 0.28631827235221863]",33.0,"[33.0, 33.0, 33.0, 33.0, 33.0, 33.0, 33.0, 33.0, 33.0, 33.0, 33.0, 33.0, 33.0, 33.0, 33.0, 33.0, 33.0, 33.0, 33.0, 33.0, 33.0, 33.0, 33.0, 33.0, 33.0, 33.0, 33.0, 33.0, 33.0, 33.0, 33.0, 33.0, 33.0, 33.0, 33.0, 33.0, 33.0, 33.0, 33.0, 33.0, 33.0, 33.0, 33.0, 33.0, 33.0, 33.0, 33.0, 33.0, 33.0, 33.0, 33.0, 33.0, 33.0, 33.0, 33.0, 33.0, 33.0, 33.0, 33.0, 33.0, 33.0, 33.0, 33.0, 33.0, 33.0, 33.0, 33.0, 33.0, 33.0, 33.0, 33.0, 33.0, 33.0, 33.0, 33.0, 33.0, 33.0, 33.0, 33.0, 33.0, 33.0, 33.0, 33.0, 33.0, 33.0, 33.0, 33.0, 33.0, 33.0, 33.0, 33.0, 33.0, 33.0, 33.0, 33.0, 33.0, 33.0, 33.0, 33.0, 33.0, 33.0, 33.0, 33.0, 33.0, 33.0, 33.0, 33.0, 33.0, 33.0, 33.0, 33.0, 33.0, 33.0, 33.0, 33.0]",COMPLETE
31,31,0.914814957942059,2024-08-31 01:41:22.043449,2024-08-31 01:44:31.735173,0 days 00:03:09.691724,1,0.037921734741614595,5,105,0.00554754297343377,50,0.03589348479741592,0.916,0.91,33,"[33, 33, 33, 33, 33, 33, 33, 33, 33, 33, 33, 33, 33, 33, 33, 33, 33, 33, 33, 33, 33, 33, 33, 33, 33, 33, 33, 33, 33, 33, 33, 33, 33, 33, 33, 33, 33, 33, 33, 33, 33, 33, 33, 33, 33, 33, 33, 33, 33, 33, 33, 33, 33, 33, 33, 33, 33, 33, 33, 33, 33, 33, 33, 33, 33, 33, 33, 33, 33, 33, 33, 33, 33, 33, 33, 33, 33, 33, 33, 33, 33, 33, 33, 33, 33, 33, 33, 33, 33, 33, 33, 33, 33, 33, 33, 33, 33, 33, 33, 33, 33, 33, 33, 33, 33]",32.94838709677419,"[32.94516129032258, 32.94709677419355, 32.946451612903225, 32.953548387096774, 32.94903225806451, 32.94387096774194, 32.94967741935484, 32.935483870967744, 32.94258064516129, 32.9458064516129, 32.946451612903225, 32.95225806451613, 32.94967741935484, 32.94967741935484, 32.95225806451613, 32.95483870967742, 32.95225806451613, 32.95612903225806, 32.956774193548384, 32.96, 32.95548387096775, 32.94193548387097, 32.94258064516129, 32.94129032258065, 32.94516129032258, 32.94774193548387, 32.946451612903225, 32.94967741935484, 32.95225806451613, 32.942580645161286, 32.94258064516129, 32.95548387096774, 32.950967741935486, 32.94903225806451, 32.95225806451613, 32.950967741935486, 32.941935483870964, 32.938709677419354, 32.94, 32.94387096774194, 32.94709677419355, 32.931612903225805, 32.943225806451615, 32.94387096774194, 32.940000000000005, 32.94193548387097, 32.94129032258065, 32.939354838709676, 32.95161290322581, 32.943225806451615, 32.94387096774194, 32.946451612903225, 32.950967741935486, 32.9483870967742, 32.9458064516129, 32.94516129032258, 32.950967741935486, 32.947096774193554, 32.950967741935486, 32.94838709677419, 32.94129032258065, 32.95161290322581, 32.94387096774194, 32.94709677419355, 32.9483870967742, 32.94258064516129, 32.94, 32.947741935483876, 32.95290322580645, 32.942580645161286, 32.93419354838709, 32.93806451612904, 32.946451612903225, 32.95161290322581, 32.94387096774194, 32.94387096774194, 32.94967741935484, 32.95225806451613, 32.95161290322581, 32.953548387096774, 32.954838709677425, 32.95548387096775, 32.954193548387096, 32.94967741935484, 32.95225806451613, 32.95612903225807, 32.95612903225807, 32.953548387096774, 32.95612903225807, 32.94903225806451, 32.947741935483876, 32.953548387096774, 32.94903225806451, 32.946451612903225, 32.947741935483876, 32.94516129032258, 32.947741935483876, 32.9483870967742, 32.94967741935484, 32.96, 32.95548387096775, 32.96387096774194, 32.95612903225806, 32.953548387096774, 32.94838709677419]",0.8956976196963318,0.914814957942059,33,"[33, 33, 33, 33, 33, 33, 33, 33, 33, 33, 33, 33, 33, 33, 33, 33, 33, 33, 33, 33, 33, 33, 33, 33, 33, 33, 33, 33, 33, 33, 33, 33, 33, 33, 33, 33, 33, 33, 33, 33, 33, 33, 33, 33, 33, 33, 33, 33, 33, 33, 33, 33, 33, 33, 33, 33, 33, 33, 33, 33, 33, 33, 33, 33, 33, 33, 33, 33, 33, 33, 33, 33, 33, 33, 33, 33, 33, 33, 33, 33, 33, 33, 33, 33, 33, 33, 33, 33, 33, 33, 33, 33, 33, 33, 33, 33, 33, 33, 33, 33, 33, 33, 33, 33, 33]",105,"[0.39324429631233215, 0.3839672803878784, 0.37805497646331787, 0.37319037318229675, 0.36995235085487366, 0.36735862493515015, 0.3661904036998749, 0.3630518615245819, 0.36066535115242004, 0.3590067923069, 0.35739290714263916, 0.3551863431930542, 0.35352569818496704, 0.3519282042980194, 0.3500446081161499, 0.34808430075645447, 0.3466722369194031, 0.3445061445236206, 0.3427814245223999, 0.34095141291618347, 0.3392060399055481, 0.3375415802001953, 0.33609649538993835, 0.3338971436023712, 0.3322369456291199, 0.33039599657058716, 0.328694611787796, 0.3266798257827759, 0.3255716562271118, 0.32261985540390015, 0.3211379647254944, 0.3188013732433319, 0.31704241037368774, 0.3147342801094055, 0.31262993812561035, 0.310360848903656, 0.30912262201309204, 0.3058204650878906, 0.30383193492889404, 0.30152928829193115, 0.2992658317089081, 0.2966533601284027, 0.29427021741867065, 0.29264935851097107, 0.290355384349823, 0.287564218044281, 0.2856239378452301, 0.2835084795951843, 0.281477153301239, 0.27955394983291626, 0.2776155173778534, 0.27588605880737305, 0.2743341326713562, 0.27267301082611084, 0.27085816860198975, 0.26940250396728516, 0.2676200568675995, 0.2664259970188141, 0.26474273204803467, 0.2636954188346863, 0.26251447200775146, 0.2610991895198822, 0.25988003611564636, 0.25874441862106323, 0.2577947676181793, 0.2561649978160858, 0.2550674378871918, 0.2540276348590851, 0.2527058720588684, 0.2517935037612915, 0.2506532371044159, 0.24978166818618774, 0.248424232006073, 0.24805068969726562, 0.2470163106918335, 0.2460266500711441, 0.24500194191932678, 0.2440652996301651, 0.24307775497436523, 0.24270954728126526, 0.24151569604873657, 0.24091200530529022, 0.23969526588916779, 0.23855043947696686, 0.23760633170604706, 0.2374427765607834, 0.2361830472946167, 0.23505103588104248, 0.23449446260929108, 0.23355033993721008, 0.23261722922325134, 0.23174093663692474, 0.23123964667320251, 0.2308070957660675, 0.22939708828926086, 0.22886024415493011, 0.22824913263320923, 0.22776950895786285, 0.22624662518501282, 0.22554683685302734, 0.2253308892250061, 0.2243090122938156, 0.22356413304805756, 0.22220905125141144, 0.22191579639911652]",33.0,"[33.0, 33.0, 33.0, 33.0, 33.0, 33.0, 33.0, 33.0, 33.0, 33.0, 33.0, 33.0, 33.0, 33.0, 33.0, 33.0, 33.0, 33.0, 33.0, 33.0, 33.0, 33.0, 33.0, 33.0, 33.0, 33.0, 33.0, 33.0, 33.0, 33.0, 33.0, 33.0, 33.0, 33.0, 33.0, 33.0, 33.0, 33.0, 33.0, 33.0, 33.0, 33.0, 33.0, 33.0, 33.0, 33.0, 33.0, 33.0, 33.0, 33.0, 33.0, 33.0, 33.0, 33.0, 33.0, 33.0, 33.0, 33.0, 33.0, 33.0, 33.0, 33.0, 33.0, 33.0, 33.0, 33.0, 33.0, 33.0, 33.0, 33.0, 33.0, 33.0, 33.0, 33.0, 33.0, 33.0, 33.0, 33.0, 33.0, 33.0, 33.0, 33.0, 33.0, 33.0, 33.0, 33.0, 33.0, 33.0, 33.0, 33.0, 33.0, 33.0, 33.0, 33.0, 33.0, 33.0, 33.0, 33.0, 33.0, 33.0, 33.0, 33.0, 33.0, 33.0, 33.0]",COMPLETE
