,number,value,datetime_start,datetime_complete,duration,params_batch_size_scaler,params_constant_learning_rate,params_depth,params_epochs,params_kernel_l2,params_num_trees,params_temperature,user_attrs_accuracy_test,user_attrs_accuracy_valid,user_attrs_approximate_feature_sparsity,user_attrs_approximate_feature_sparsity_history,user_attrs_approximate_weight_sparsity,user_attrs_approximate_weight_sparsity_history,user_attrs_auc_test,user_attrs_auc_valid,user_attrs_feature_sparsity,user_attrs_feature_sparsity_history,user_attrs_num_epochs,user_attrs_val_loss_history,user_attrs_weight_sparsity,user_attrs_weight_sparsity_history,state
148,148,0.889863585423349,2024-08-31 07:26:48.354243,2024-08-31 07:32:35.303977,0 days 00:05:46.949734,16,6.517568877373073,6,470,0.0070897927632365045,19,0.0006666574630324308,0.919,0.925,9,"[33, 33, 33, 33, 33, 25, 18, 17, 16, 15, 15, 15, 15, 15, 15, 14, 14, 14, 14, 14, 14, 14, 14, 13, 13, 13, 13, 13, 13, 13, 13, 13, 13, 13, 13, 13, 13, 13, 13, 13, 13, 13, 12, 12, 12, 12, 11, 11, 11, 11, 11, 11, 11, 11, 11, 11, 10, 10, 10, 10, 10, 10, 10, 10, 9, 9, 9, 9, 9, 9, 9, 9, 9, 9, 9, 9, 9, 9, 9, 9, 9, 9, 9, 9, 9, 9, 9, 9, 9, 9, 9, 9, 9, 9, 9, 9, 9, 9, 9, 9, 9, 9, 9, 9, 9, 9, 9, 9, 9, 9, 9, 9, 9, 9, 9, 9, 9, 9, 9, 9, 9, 9, 9, 9, 9, 9, 9, 9, 9, 9, 9, 9, 9, 9, 9, 9, 9, 9, 9, 9, 9, 9, 9, 9, 9, 9, 9, 9, 9, 9, 9, 9, 9, 9, 9, 9, 9, 9, 9, 9, 9, 9, 9, 9, 9, 9, 9, 9, 9, 9, 9, 9, 9, 9, 9, 9, 9, 9, 9, 9, 9, 9, 9, 9, 9, 9, 9, 9, 9, 9, 9, 9, 9, 9, 9, 9, 9, 9, 9, 9, 9, 9, 9, 9, 9, 9, 9, 9, 9, 9, 9, 9, 9, 9, 9, 9, 9, 9, 9, 9, 9, 9, 9, 9, 9, 9, 9, 9, 9, 9, 9, 9, 9, 9, 9, 9, 9, 9, 9, 9, 9, 9, 9, 9, 9, 9, 9, 9, 9, 9, 9, 9, 9, 9, 9, 9, 9, 9, 9, 9, 9, 9, 9, 9, 9, 9, 9, 9, 9, 9, 9, 9, 9, 9, 9, 9, 9, 9, 9, 9, 9, 9, 9, 9, 9, 9, 9, 9, 9, 9, 9, 9, 9, 9, 9, 9, 9, 9, 9, 9, 9, 9, 9, 9, 9, 9, 9, 9, 9, 9, 9, 9, 9, 9, 9, 9, 9, 9, 9, 9, 9, 9, 9, 9, 9, 9, 9, 9, 9, 9, 9, 9, 9, 9, 9, 9, 9, 9, 9, 9, 9, 9, 9, 9, 9, 9, 9, 9, 9, 9, 9, 9, 9, 9, 9, 9, 9, 9, 9, 9, 9, 9, 9, 9, 9, 9, 9, 9, 9, 9, 9, 9, 9, 9, 9, 9, 9, 9, 9, 9, 9, 9, 9, 9, 9, 9, 9, 9, 9, 9, 9, 9, 9, 9, 9, 9, 9, 9, 9, 9, 9, 9, 9, 9, 9, 9, 9, 9, 9, 9, 9, 9, 9, 9, 9, 9, 9, 9, 9, 9, 9, 9, 9, 9, 9, 9, 9, 9, 9, 9, 9, 9, 9, 9, 9, 9, 9, 9, 9, 9, 9, 9, 9, 9, 9, 9, 9, 9, 9, 9, 9, 9, 9, 9, 9, 9, 9, 9, 9, 9, 9, 9, 9, 9, 9, 9, 9, 9, 9, 9]",8.984962406015038,"[32.94486215538847, 32.95906432748538, 32.955722639933164, 32.962406015037594, 32.948203842940686, 24.967418546365916, 17.977443609022554, 16.96908939014202, 15.983291562238929, 14.977443609022556, 14.976608187134504, 14.979949874686715, 14.982456140350877, 14.982456140350878, 14.977443609022556, 13.986633249791144, 13.986633249791145, 13.984126984126984, 13.97827903091061, 13.98078529657477, 13.98329156223893, 13.97827903091061, 13.979949874686717, 12.979949874686717, 12.984962406015038, 12.98579782790309, 12.984962406015036, 12.986633249791144, 12.984962406015036, 12.98329156223893, 12.982456140350875, 12.988304093567251, 12.982456140350877, 12.986633249791144, 12.984962406015036, 12.98329156223893, 12.979949874686715, 12.98078529657477, 12.98579782790309, 12.980785296574771, 12.98078529657477, 12.987468671679197, 11.984126984126982, 11.984962406015038, 11.98078529657477, 11.979114452798662, 10.984126984126982, 10.980785296574771, 10.984962406015038, 10.988304093567251, 10.987468671679197, 10.988304093567251, 10.987468671679197, 10.98830409356725, 10.985797827903092, 10.982456140350877, 9.98579782790309, 9.98579782790309, 9.988304093567251, 9.98830409356725, 9.989974937343359, 9.989139515455305, 9.988304093567251, 9.984126984126984, 8.986633249791144, 8.988304093567251, 8.989139515455305, 8.985797827903092, 8.985797827903092, 8.985797827903092, 8.98579782790309, 8.987468671679197, 8.986633249791144, 8.984126984126984, 8.99081035923141, 8.990810359231412, 8.986633249791144, 8.988304093567251, 8.989974937343357, 8.989974937343359, 8.987468671679197, 8.987468671679197, 8.986633249791144, 8.991645781119466, 8.984126984126984, 8.988304093567251, 8.992481203007518, 8.984126984126984, 8.989139515455303, 8.992481203007518, 8.991645781119464, 8.988304093567251, 8.988304093567251, 8.98579782790309, 8.989139515455305, 8.988304093567251, 8.988304093567251, 8.992481203007518, 8.987468671679197, 8.991645781119466, 8.984962406015036, 8.984126984126982, 8.991645781119466, 8.991645781119466, 8.992481203007518, 8.987468671679197, 8.982456140350877, 8.988304093567251, 8.989974937343357, 8.991645781119466, 8.993316624895572, 8.990810359231412, 8.988304093567251, 8.989139515455305, 8.986633249791144, 8.98579782790309, 8.981620718462825, 8.98329156223893, 8.990810359231412, 8.989974937343359, 8.987468671679197, 8.986633249791144, 8.991645781119466, 8.986633249791144, 8.989974937343359, 8.984962406015038, 8.988304093567251, 8.985797827903092, 8.991645781119464, 8.98830409356725, 8.991645781119464, 8.984126984126984, 8.989974937343359, 8.98579782790309, 8.988304093567251, 8.989974937343359, 8.981620718462823, 8.984126984126984, 8.984126984126984, 8.98329156223893, 8.98579782790309, 8.991645781119466, 8.988304093567251, 8.98579782790309, 8.99081035923141, 8.988304093567251, 8.989974937343359, 8.989139515455305, 8.981620718462823, 8.982456140350877, 8.986633249791144, 8.984962406015038, 8.98329156223893, 8.98329156223893, 8.989139515455305, 8.987468671679197, 8.98329156223893, 8.988304093567251, 8.986633249791145, 8.989139515455303, 8.989139515455305, 8.984126984126984, 8.98579782790309, 8.985797827903092, 8.987468671679197, 8.984962406015038, 8.988304093567251, 8.989139515455305, 8.987468671679197, 8.984962406015036, 8.989974937343359, 8.987468671679197, 8.987468671679197, 8.9874686716792, 8.986633249791145, 8.982456140350877, 8.98579782790309, 8.98329156223893, 8.979949874686717, 8.98329156223893, 8.979949874686715, 8.98329156223893, 8.98329156223893, 8.979949874686715, 8.984126984126984, 8.982456140350877, 8.984126984126984, 8.984126984126984, 8.98329156223893, 8.984126984126984, 8.98329156223893, 8.979114452798663, 8.985797827903092, 8.984962406015036, 8.984126984126984, 8.982456140350878, 8.98329156223893, 8.984126984126984, 8.984962406015038, 8.98078529657477, 8.979949874686715, 8.984962406015036, 8.984126984126984, 8.987468671679197, 8.988304093567251, 8.987468671679197, 8.987468671679197, 8.986633249791144, 8.985797827903092, 8.984962406015038, 8.989974937343359, 8.984962406015038, 8.989974937343359, 8.981620718462825, 8.987468671679197, 8.98329156223893, 8.984962406015038, 8.986633249791144, 8.98329156223893, 8.984962406015038, 8.993316624895572, 8.986633249791145, 8.989139515455305, 8.984962406015038, 8.993316624895574, 8.988304093567251, 8.989139515455303, 8.986633249791145, 8.986633249791144, 8.9874686716792, 8.989974937343359, 8.991645781119466, 8.984962406015036, 8.990810359231412, 8.986633249791144, 8.988304093567251, 8.984126984126984, 8.988304093567251, 8.98329156223893, 8.987468671679197, 8.982456140350877, 8.986633249791144, 8.986633249791144, 8.987468671679197, 8.98579782790309, 8.984126984126984, 8.991645781119464, 8.982456140350877, 8.985797827903092, 8.982456140350877, 8.984126984126984, 8.98329156223893, 8.989974937343359, 8.989139515455305, 8.986633249791144, 8.98579782790309, 8.987468671679197, 8.988304093567251, 8.981620718462823, 8.988304093567251, 8.986633249791144, 8.987468671679197, 8.986633249791144, 8.980785296574771, 8.984962406015038, 8.984126984126984, 8.98579782790309, 8.986633249791144, 8.988304093567251, 8.984126984126984, 8.981620718462823, 8.98579782790309, 8.982456140350877, 8.98329156223893, 8.985797827903092, 8.98329156223893, 8.988304093567251, 8.986633249791144, 8.988304093567251, 8.981620718462823, 8.984126984126984, 8.986633249791144, 8.985797827903092, 8.986633249791144, 8.989139515455305, 8.984962406015036, 8.98078529657477, 8.988304093567251, 8.984962406015038, 8.986633249791145, 8.98329156223893, 8.986633249791145, 8.986633249791144, 8.98329156223893, 8.991645781119464, 8.98579782790309, 8.98579782790309, 8.989139515455303, 8.984126984126984, 8.986633249791144, 8.981620718462823, 8.988304093567251, 8.988304093567251, 8.98579782790309, 8.983291562238929, 8.989139515455305, 8.984962406015038, 8.979114452798662, 8.984962406015036, 8.981620718462825, 8.986633249791144, 8.984126984126984, 8.984962406015038, 8.985797827903092, 8.982456140350877, 8.986633249791144, 8.984126984126984, 8.98329156223893, 8.988304093567251, 8.98078529657477, 8.986633249791144, 8.985797827903092, 8.98329156223893, 8.98078529657477, 8.989974937343357, 8.984962406015038, 8.986633249791144, 8.989139515455303, 8.989139515455305, 8.985797827903092, 8.989139515455305, 8.987468671679197, 8.987468671679197, 8.989974937343359, 8.98579782790309, 8.989974937343359, 8.989974937343359, 8.986633249791144, 8.989139515455305, 8.981620718462823, 8.981620718462823, 8.984126984126984, 8.984962406015038, 8.984126984126984, 8.981620718462823, 8.981620718462823, 8.984962406015038, 8.984962406015038, 8.982456140350877, 8.984962406015036, 8.98579782790309, 8.984126984126984, 8.988304093567251, 8.984126984126984, 8.989974937343359, 8.98579782790309, 8.989139515455305, 8.984126984126984, 8.984962406015036, 8.988304093567251, 8.986633249791144, 8.984962406015038, 8.98579782790309, 8.984962406015038, 8.985797827903092, 8.98329156223893, 8.984962406015038, 8.986633249791144, 8.981620718462823, 8.985797827903092, 8.986633249791144, 8.984126984126984, 8.979949874686717, 8.985797827903092, 8.982456140350877, 8.981620718462825, 8.979114452798663, 8.981620718462823, 8.982456140350878, 8.982456140350877, 8.986633249791145, 8.990810359231412, 8.98579782790309, 8.987468671679197, 8.986633249791145, 8.985797827903092, 8.98329156223893, 8.982456140350877, 8.987468671679197, 8.980785296574771, 8.98579782790309, 8.984126984126984, 8.98329156223893, 8.984962406015038, 8.982456140350877, 8.986633249791144, 8.984126984126984, 8.986633249791145, 8.990810359231412, 8.98579782790309, 8.984962406015038, 8.986633249791144, 8.985797827903092, 8.988304093567251, 8.989974937343359, 8.988304093567251, 8.98329156223893, 8.986633249791144, 8.986633249791144, 8.988304093567251, 8.989139515455305, 8.989139515455305, 8.986633249791144, 8.982456140350877, 8.984126984126984, 8.979949874686717, 8.989139515455305, 8.988304093567251, 8.989139515455303, 8.98579782790309, 8.987468671679197, 8.989974937343359, 8.985797827903092, 8.98329156223893, 8.988304093567251, 8.986633249791144, 8.984962406015036, 8.987468671679197, 8.992481203007518, 8.986633249791144, 8.991645781119466, 8.984126984126984, 8.987468671679197, 8.988304093567251, 8.988304093567251, 8.984962406015038, 8.987468671679197, 8.984962406015038, 8.98579782790309, 8.98579782790309, 8.989974937343359, 8.991645781119464, 8.987468671679197, 8.98579782790309, 8.9874686716792, 8.989974937343359, 8.99081035923141, 8.984962406015038, 8.99081035923141, 8.987468671679197, 8.987468671679197, 8.987468671679197, 8.985797827903092, 8.986633249791144, 8.984962406015038, 8.989139515455305, 8.9874686716792, 8.982456140350877, 8.986633249791144, 8.98078529657477, 8.982456140350877, 8.98579782790309, 8.984126984126984, 8.985797827903092, 8.989139515455305, 8.984126984126984, 8.986633249791144, 8.988304093567251, 8.987468671679197, 8.984962406015038]",0.8944013738554645,0.889863585423349,9,"[33, 33, 33, 33, 33, 25, 18, 17, 16, 15, 15, 15, 15, 15, 15, 14, 14, 14, 14, 14, 14, 14, 14, 13, 13, 13, 13, 13, 13, 13, 13, 13, 13, 13, 13, 13, 13, 13, 13, 13, 13, 13, 12, 12, 12, 12, 11, 11, 11, 11, 11, 11, 11, 11, 11, 11, 10, 10, 10, 10, 10, 10, 10, 10, 9, 9, 9, 9, 9, 9, 9, 9, 9, 9, 9, 9, 9, 9, 9, 9, 9, 9, 9, 9, 9, 9, 9, 9, 9, 9, 9, 9, 9, 9, 9, 9, 9, 9, 9, 9, 9, 9, 9, 9, 9, 9, 9, 9, 9, 9, 9, 9, 9, 9, 9, 9, 9, 9, 9, 9, 9, 9, 9, 9, 9, 9, 9, 9, 9, 9, 9, 9, 9, 9, 9, 9, 9, 9, 9, 9, 9, 9, 9, 9, 9, 9, 9, 9, 9, 9, 9, 9, 9, 9, 9, 9, 9, 9, 9, 9, 9, 9, 9, 9, 9, 9, 9, 9, 9, 9, 9, 9, 9, 9, 9, 9, 9, 9, 9, 9, 9, 9, 9, 9, 9, 9, 9, 9, 9, 9, 9, 9, 9, 9, 9, 9, 9, 9, 9, 9, 9, 9, 9, 9, 9, 9, 9, 9, 9, 9, 9, 9, 9, 9, 9, 9, 9, 9, 9, 9, 9, 9, 9, 9, 9, 9, 9, 9, 9, 9, 9, 9, 9, 9, 9, 9, 9, 9, 9, 9, 9, 9, 9, 9, 9, 9, 9, 9, 9, 9, 9, 9, 9, 9, 9, 9, 9, 9, 9, 9, 9, 9, 9, 9, 9, 9, 9, 9, 9, 9, 9, 9, 9, 9, 9, 9, 9, 9, 9, 9, 9, 9, 9, 9, 9, 9, 9, 9, 9, 9, 9, 9, 9, 9, 9, 9, 9, 9, 9, 9, 9, 9, 9, 9, 9, 9, 9, 9, 9, 9, 9, 9, 9, 9, 9, 9, 9, 9, 9, 9, 9, 9, 9, 9, 9, 9, 9, 9, 9, 9, 9, 9, 9, 9, 9, 9, 9, 9, 9, 9, 9, 9, 9, 9, 9, 9, 9, 9, 9, 9, 9, 9, 9, 9, 9, 9, 9, 9, 9, 9, 9, 9, 9, 9, 9, 9, 9, 9, 9, 9, 9, 9, 9, 9, 9, 9, 9, 9, 9, 9, 9, 9, 9, 9, 9, 9, 9, 9, 9, 9, 9, 9, 9, 9, 9, 9, 9, 9, 9, 9, 9, 9, 9, 9, 9, 9, 9, 9, 9, 9, 9, 9, 9, 9, 9, 9, 9, 9, 9, 9, 9, 9, 9, 9, 9, 9, 9, 9, 9, 9, 9, 9, 9, 9, 9, 9, 9, 9, 9, 9, 9, 9, 9, 9, 9, 9, 9, 9, 9, 9, 9, 9, 9, 9, 9, 9, 9, 9, 9, 9, 9, 9, 9, 9, 9, 9, 9, 9, 9, 9]",470,"[0.3641541600227356, 0.3484783172607422, 0.32728731632232666, 0.3011356592178345, 0.2770683169364929, 0.2649465501308441, 0.25100207328796387, 0.23598472774028778, 0.2288498729467392, 0.22689619660377502, 0.2183307409286499, 0.21508750319480896, 0.2087332010269165, 0.20797127485275269, 0.20533111691474915, 0.21576043963432312, 0.2017240673303604, 0.19998377561569214, 0.1961948573589325, 0.19260174036026, 0.20078326761722565, 0.1931266039609909, 0.19367437064647675, 0.20608733594417572, 0.20766542851924896, 0.20086464285850525, 0.20602482557296753, 0.2014184445142746, 0.20057816803455353, 0.20797130465507507, 0.19784881174564362, 0.19527184963226318, 0.20015044510364532, 0.19551612436771393, 0.1966673880815506, 0.20696407556533813, 0.19534657895565033, 0.19979694485664368, 0.19938167929649353, 0.19546310603618622, 0.2068617045879364, 0.2157062143087387, 0.19870111346244812, 0.19699108600616455, 0.20306116342544556, 0.21965664625167847, 0.2083757519721985, 0.20119832456111908, 0.21166187524795532, 0.20339584350585938, 0.2061149626970291, 0.1991521418094635, 0.19657187163829803, 0.19810567796230316, 0.19514845311641693, 0.1964801847934723, 0.21188503503799438, 0.199769988656044, 0.2016276717185974, 0.20207972824573517, 0.20222315192222595, 0.19614504277706146, 0.20472973585128784, 0.19904500246047974, 0.2155621200799942, 0.20885998010635376, 0.21329906582832336, 0.24328157305717468, 0.20707552134990692, 0.19883191585540771, 0.1999378651380539, 0.21120281517505646, 0.2042458951473236, 0.19865156710147858, 0.19968047738075256, 0.20121608674526215, 0.19986195862293243, 0.20293910801410675, 0.1978358030319214, 0.19942279160022736, 0.19715948402881622, 0.2060442566871643, 0.19959111511707306, 0.19820378720760345, 0.2223328799009323, 0.19656431674957275, 0.20350825786590576, 0.200584277510643, 0.2067827433347702, 0.20629501342773438, 0.2067497819662094, 0.19982019066810608, 0.201097309589386, 0.20271123945713043, 0.19972871243953705, 0.1987226903438568, 0.19889362156391144, 0.21044805645942688, 0.20029321312904358, 0.20638246834278107, 0.20637407898902893, 0.20787550508975983, 0.19882190227508545, 0.2188183069229126, 0.23634350299835205, 0.20635193586349487, 0.2060370296239853, 0.20407439768314362, 0.19763733446598053, 0.20542770624160767, 0.19716978073120117, 0.19883762300014496, 0.20041105151176453, 0.2047751545906067, 0.20394285023212433, 0.20803426206111908, 0.2250930219888687, 0.21763598918914795, 0.20312485098838806, 0.20399953424930573, 0.20395322144031525, 0.19892309606075287, 0.20185935497283936, 0.19966793060302734, 0.21233272552490234, 0.20081187784671783, 0.2054225355386734, 0.20329353213310242, 0.1982567459344864, 0.20827415585517883, 0.2072029560804367, 0.1996648609638214, 0.20841297507286072, 0.22007818520069122, 0.2037307322025299, 0.2060731053352356, 0.218530535697937, 0.2069353312253952, 0.21480205655097961, 0.20071788132190704, 0.2310478389263153, 0.20962229371070862, 0.19979926943778992, 0.20696264505386353, 0.20511135458946228, 0.20586703717708588, 0.2073868215084076, 0.20169760286808014, 0.2063717395067215, 0.2124863862991333, 0.20657747983932495, 0.21094703674316406, 0.206432044506073, 0.20445770025253296, 0.20621353387832642, 0.21287137269973755, 0.20657101273536682, 0.20500850677490234, 0.20987966656684875, 0.20620661973953247, 0.21047011017799377, 0.20740583539009094, 0.21238788962364197, 0.20277322828769684, 0.20486976206302643, 0.20888009667396545, 0.20982907712459564, 0.21272684633731842, 0.20616252720355988, 0.20865163207054138, 0.2083297222852707, 0.2066449522972107, 0.21188177168369293, 0.20942506194114685, 0.20573316514492035, 0.20702601969242096, 0.20887188613414764, 0.21477964520454407, 0.2082948088645935, 0.20901864767074585, 0.21960076689720154, 0.20655113458633423, 0.21118894219398499, 0.21333549916744232, 0.2117786407470703, 0.22062088549137115, 0.20979616045951843, 0.209296315908432, 0.20830678939819336, 0.21337679028511047, 0.21243692934513092, 0.21853196620941162, 0.2155817598104477, 0.21127849817276, 0.21156813204288483, 0.21673429012298584, 0.21037796139717102, 0.21143506467342377, 0.23423711955547333, 0.21025243401527405, 0.21600545942783356, 0.21391451358795166, 0.21363705396652222, 0.2098200023174286, 0.2145952582359314, 0.2123197615146637, 0.21169428527355194, 0.21382766962051392, 0.2116764634847641, 0.21116560697555542, 0.2347632199525833, 0.23271358013153076, 0.21907179057598114, 0.23237787187099457, 0.21398034691810608, 0.22380326688289642, 0.21522657573223114, 0.21720656752586365, 0.22995111346244812, 0.21615606546401978, 0.21827636659145355, 0.21880193054676056, 0.21249975264072418, 0.21638739109039307, 0.22470714151859283, 0.22327551245689392, 0.21531341969966888, 0.2127193808555603, 0.2154385894536972, 0.22403980791568756, 0.22408953309059143, 0.2157500833272934, 0.21597979962825775, 0.21386806666851044, 0.23035411536693573, 0.21591705083847046, 0.2148168981075287, 0.21687519550323486, 0.22308123111724854, 0.21981778740882874, 0.22923225164413452, 0.22416992485523224, 0.22435487806797028, 0.216492161154747, 0.22082602977752686, 0.21992865204811096, 0.2216218113899231, 0.21937021613121033, 0.21949425339698792, 0.2221190333366394, 0.22389023005962372, 0.21733789145946503, 0.21826614439487457, 0.2180272340774536, 0.22045399248600006, 0.22242198884487152, 0.2191452831029892, 0.22238463163375854, 0.21839134395122528, 0.2181650996208191, 0.2200208455324173, 0.22283165156841278, 0.22118598222732544, 0.22077561914920807, 0.22064022719860077, 0.222550168633461, 0.22015047073364258, 0.23292969167232513, 0.22600582242012024, 0.22441412508487701, 0.22289127111434937, 0.2288409024477005, 0.22252029180526733, 0.22583067417144775, 0.22702564299106598, 0.22279730439186096, 0.23676973581314087, 0.229499951004982, 0.238521009683609, 0.23247823119163513, 0.22262422740459442, 0.23281903564929962, 0.22472348809242249, 0.2274298220872879, 0.22084106504917145, 0.221996009349823, 0.2234894335269928, 0.2242051362991333, 0.23688757419586182, 0.226547971367836, 0.23362226784229279, 0.2249271720647812, 0.22480012476444244, 0.22875362634658813, 0.23018711805343628, 0.22588811814785004, 0.22420118749141693, 0.2230771780014038, 0.22647236287593842, 0.24540939927101135, 0.2513984441757202, 0.22601401805877686, 0.22726945579051971, 0.23178733885288239, 0.22737541794776917, 0.22877290844917297, 0.232276052236557, 0.2273663878440857, 0.2295568287372589, 0.2274613380432129, 0.23061895370483398, 0.23086093366146088, 0.23362590372562408, 0.2266680896282196, 0.2287430614233017, 0.2413029670715332, 0.239247664809227, 0.229948952794075, 0.23159566521644592, 0.22482427954673767, 0.22814708948135376, 0.23266422748565674, 0.23172663152217865, 0.22903913259506226, 0.2283337414264679, 0.22593346238136292, 0.2297859638929367, 0.22766371071338654, 0.22731274366378784, 0.22942054271697998, 0.22761663794517517, 0.22796833515167236, 0.22857198119163513, 0.22863224148750305, 0.2409663200378418, 0.22897087037563324, 0.2696678638458252, 0.23213954269886017, 0.23529502749443054, 0.2710946798324585, 0.23344925045967102, 0.23170670866966248, 0.23835091292858124, 0.2378818392753601, 0.23413383960723877, 0.23091669380664825, 0.23007386922836304, 0.22783060371875763, 0.22741176187992096, 0.23597601056098938, 0.22973516583442688, 0.23380856215953827, 0.23186025023460388, 0.23121324181556702, 0.23853974044322968, 0.23528942465782166, 0.23594406247138977, 0.23108746111392975, 0.23089994490146637, 0.2342408299446106, 0.2333175539970398, 0.23510415852069855, 0.23298978805541992, 0.22915397584438324, 0.23663124442100525, 0.23333588242530823, 0.245087668299675, 0.233226016163826, 0.23601090908050537, 0.23815500736236572, 0.2352716475725174, 0.24130591750144958, 0.23069719970226288, 0.23408012092113495, 0.2322213351726532, 0.2325766682624817, 0.23162633180618286, 0.23270970582962036, 0.2379843294620514, 0.23330846428871155, 0.25476858019828796, 0.2391825169324875, 0.24088531732559204, 0.2328123152256012, 0.23516437411308289, 0.23870112001895905, 0.23556852340698242, 0.2428281456232071, 0.23367062211036682, 0.23914505541324615, 0.23994596302509308, 0.24143654108047485, 0.26184895634651184, 0.23560696840286255, 0.23735952377319336, 0.2360873967409134, 0.24249398708343506, 0.24129007756710052, 0.24301347136497498, 0.2389659881591797, 0.24037280678749084, 0.24706147611141205, 0.25057047605514526, 0.25196683406829834, 0.2702527940273285, 0.2446001023054123, 0.23720861971378326, 0.24108543992042542, 0.24320822954177856, 0.24151211977005005, 0.23707585036754608, 0.24269767105579376, 0.2400934249162674, 0.24360054731369019, 0.23894625902175903, 0.23710787296295166, 0.242253378033638, 0.2556508779525757, 0.24298109114170074, 0.24818797409534454, 0.24089722335338593, 0.24134021997451782, 0.2415650337934494, 0.24033725261688232, 0.2389872968196869, 0.25100022554397583, 0.24070291221141815, 0.24517731368541718, 0.24829088151454926, 0.26785382628440857, 0.2438374161720276, 0.2551189959049225, 0.2426537573337555, 0.27816516160964966, 0.24686282873153687, 0.24529621005058289, 0.24861808121204376, 0.2454836219549179, 0.28335151076316833, 0.24490733444690704, 0.24428363144397736, 0.24486593902111053, 0.24733075499534607, 0.24265499413013458, 0.2561565637588501, 0.24444901943206787, 0.2443578839302063, 0.2521766424179