,number,value,datetime_start,datetime_complete,duration,params_batch_size_scaler,params_constant_learning_rate,params_depth,params_epochs,params_kernel_l2,params_num_trees,params_temperature,user_attrs_accuracy_test,user_attrs_accuracy_valid,user_attrs_approximate_feature_sparsity,user_attrs_approximate_feature_sparsity_history,user_attrs_approximate_weight_sparsity,user_attrs_approximate_weight_sparsity_history,user_attrs_auc_test,user_attrs_auc_valid,user_attrs_feature_sparsity,user_attrs_feature_sparsity_history,user_attrs_num_epochs,user_attrs_val_loss_history,user_attrs_weight_sparsity,user_attrs_weight_sparsity_history,state
132,132,0.8856384691682447,2024-08-31 06:44:03.252222,2024-08-31 06:46:31.927772,0 days 00:02:28.675550,4,0.061576793743054886,6,120,0.0958948022230858,8,0.00018573429291325768,0.913,0.8975,33,"[33, 33, 33, 33, 33, 33, 33, 33, 33, 33, 33, 33, 33, 33, 33, 33, 33, 33, 33, 33, 33, 33, 33, 33, 33, 33, 33, 33, 33, 33, 33, 33, 33, 33, 33, 33, 33, 33, 33, 33, 33, 33, 33, 33, 33, 33, 33, 33, 33, 33, 33, 33, 33, 33, 33, 33, 33, 33, 33, 33, 33, 33, 33, 33, 33, 33, 33, 33, 33, 33, 33, 33, 33, 33, 33, 33, 33, 33, 33, 33, 33, 33, 33, 33, 33, 33, 33, 33, 33, 33, 33, 33, 33, 33, 33, 33, 33, 33, 33, 33, 33, 33, 33, 33, 33, 33, 33, 33, 33, 33, 33, 33, 33, 33, 33, 33, 33, 33, 33, 33]",32.96031746031746,"[32.97222222222222, 32.96626984126984, 32.96825396825397, 32.9781746031746, 32.982142857142854, 32.96825396825397, 32.96230158730159, 32.970238095238095, 32.970238095238095, 32.9781746031746, 32.96230158730159, 32.97420634920635, 32.976190476190474, 32.976190476190474, 32.976190476190474, 32.982142857142854, 32.986111111111114, 32.976190476190474, 32.97420634920635, 32.96825396825397, 32.976190476190474, 32.98015873015873, 32.97420634920635, 32.96626984126984, 32.970238095238095, 32.970238095238095, 32.97420634920635, 32.96626984126984, 32.97222222222222, 32.97420634920635, 32.96031746031746, 32.96031746031746, 32.964285714285715, 32.976190476190474, 32.96825396825397, 32.96825396825397, 32.96626984126984, 32.96626984126984, 32.964285714285715, 32.970238095238095, 32.97420634920635, 32.970238095238095, 32.96825396825397, 32.96825396825397, 32.96825396825397, 32.96825396825397, 32.96230158730159, 32.964285714285715, 32.95634920634921, 32.95039682539682, 32.96031746031746, 32.9563492063492, 32.948412698412696, 32.952380952380956, 32.95039682539682, 32.95634920634921, 32.95436507936508, 32.95436507936508, 32.958333333333336, 32.96230158730159, 32.970238095238095, 32.97420634920635, 32.970238095238095, 32.964285714285715, 32.95634920634921, 32.95238095238095, 32.96230158730159, 32.96031746031746, 32.97420634920635, 32.9781746031746, 32.97222222222222, 32.9781746031746, 32.97420634920635, 32.96031746031746, 32.96825396825397, 32.96626984126984, 32.958333333333336, 32.964285714285715, 32.970238095238095, 32.97222222222222, 32.96230158730159, 32.970238095238095, 32.96230158730159, 32.96031746031746, 32.97222222222222, 32.964285714285715, 32.96626984126984, 32.96031746031746, 32.9563492063492, 32.95634920634921, 32.96626984126984, 32.970238095238095, 32.96031746031746, 32.954365079365076, 32.95238095238095, 32.95238095238095, 32.954365079365076, 32.9563492063492, 32.96626984126984, 32.96031746031746, 32.970238095238095, 32.964285714285715, 32.96626984126984, 32.97420634920635, 32.97420634920635, 32.964285714285715, 32.95833333333333, 32.958333333333336, 32.96230158730159, 32.96230158730159, 32.95634920634921, 32.96031746031746, 32.958333333333336, 32.9563492063492, 32.964285714285715, 32.948412698412696, 32.96230158730159, 32.9563492063492, 32.960317460317455, 32.96031746031746]",0.8716799180970781,0.8856384691682447,33,"[33, 33, 33, 33, 33, 33, 33, 33, 33, 33, 33, 33, 33, 33, 33, 33, 33, 33, 33, 33, 33, 33, 33, 33, 33, 33, 33, 33, 33, 33, 33, 33, 33, 33, 33, 33, 33, 33, 33, 33, 33, 33, 33, 33, 33, 33, 33, 33, 33, 33, 33, 33, 33, 33, 33, 33, 33, 33, 33, 33, 33, 33, 33, 33, 33, 33, 33, 33, 33, 33, 33, 33, 33, 33, 33, 33, 33, 33, 33, 33, 33, 33, 33, 33, 33, 33, 33, 33, 33, 33, 33, 33, 33, 33, 33, 33, 33, 33, 33, 33, 33, 33, 33, 33, 33, 33, 33, 33, 33, 33, 33, 33, 33, 33, 33, 33, 33, 33, 33, 33]",120,"[0.621856689453125, 0.5188347101211548, 0.46549737453460693, 0.4359802007675171, 0.4187556803226471, 0.40777042508125305, 0.400475412607193, 0.395329087972641, 0.39151570200920105, 0.388500452041626, 0.3860744535923004, 0.38400039076805115, 0.382200688123703, 0.380596399307251, 0.3791317343711853, 0.37778380513191223, 0.37650594115257263, 0.375303715467453, 0.3741541802883148, 0.3730432093143463, 0.3719543516635895, 0.37089699506759644, 0.36986687779426575, 0.3688434362411499, 0.3678346872329712, 0.36682385206222534, 0.3658229410648346, 0.3648488521575928, 0.36386749148368835, 0.3628736734390259, 0.36187201738357544, 0.36088791489601135, 0.3598831295967102, 0.3588710129261017, 0.3578561842441559, 0.35681450366973877, 0.35578784346580505, 0.35474082827568054, 0.353677898645401, 0.35259175300598145, 0.351505309343338, 0.3504221737384796, 0.34932249784469604, 0.3482271432876587, 0.3470996916294098, 0.34596747159957886, 0.3448202908039093, 0.3436732590198517, 0.3425293266773224, 0.34132713079452515, 0.3401435613632202, 0.33897238969802856, 0.33773839473724365, 0.3365353047847748, 0.33530113101005554, 0.3340788781642914, 0.332838237285614, 0.3316056728363037, 0.3303685486316681, 0.3291127681732178, 0.327848881483078, 0.32659268379211426, 0.32534003257751465, 0.32409799098968506, 0.3228119909763336, 0.3215515911579132, 0.32029396295547485, 0.3190678656101227, 0.3178229331970215, 0.316602498292923, 0.3153962790966034, 0.3141833245754242, 0.31298092007637024, 0.31179100275039673, 0.31062600016593933, 0.309469997882843, 0.30829718708992004, 0.3071499466896057, 0.3060058653354645, 0.30488190054893494, 0.3037961721420288, 0.30270957946777344, 0.3016192317008972, 0.30056583881378174, 0.29953670501708984, 0.29854464530944824, 0.2975219786167145, 0.2965317666530609, 0.29555240273475647, 0.29459935426712036, 0.2936861515045166, 0.2927597165107727, 0.2918727993965149, 0.2909959554672241, 0.29011619091033936, 0.2892567217350006, 0.2884312570095062, 0.2876218259334564, 0.28682541847229004, 0.28598111867904663, 0.2851942479610443, 0.2844231426715851, 0.28369593620300293, 0.2829676568508148, 0.2822139263153076, 0.28147828578948975, 0.2807707190513611, 0.28006884455680847, 0.2793086767196655, 0.27859753370285034, 0.27791374921798706, 0.27725711464881897, 0.2765616476535797, 0.2758975028991699, 0.27522116899490356, 0.27458199858665466, 0.27396824955940247, 0.2733188271522522, 0.2727195620536804, 0.2720717191696167]",33.0,"[33.0, 33.0, 33.0, 33.0, 33.0, 33.0, 33.0, 33.0, 33.0, 33.0, 33.0, 33.0, 33.0, 33.0, 33.0, 33.0, 33.0, 33.0, 33.0, 33.0, 33.0, 33.0, 33.0, 33.0, 33.0, 33.0, 33.0, 33.0, 33.0, 33.0, 33.0, 33.0, 33.0, 33.0, 33.0, 33.0, 33.0, 33.0, 33.0, 33.0, 33.0, 33.0, 33.0, 33.0, 33.0, 33.0, 33.0, 33.0, 33.0, 33.0, 33.0, 33.0, 33.0, 33.0, 33.0, 33.0, 33.0, 33.0, 33.0, 33.0, 33.0, 33.0, 33.0, 33.0, 33.0, 33.0, 33.0, 33.0, 33.0, 33.0, 33.0, 33.0, 33.0, 33.0, 33.0, 33.0, 33.0, 33.0, 33.0, 33.0, 33.0, 33.0, 33.0, 33.0, 33.0, 33.0, 33.0, 33.0, 33.0, 33.0, 33.0, 33.0, 33.0, 33.0, 33.0, 33.0, 33.0, 33.0, 33.0, 33.0, 33.0, 33.0, 33.0, 33.0, 33.0, 33.0, 33.0, 33.0, 33.0, 33.0, 33.0, 33.0, 33.0, 33.0, 33.0, 33.0, 33.0, 33.0, 33.0, 33.0]",COMPLETE
133,133,0.838608287926215,2024-08-31 06:46:35.881467,2024-08-31 06:48:47.519942,0 days 00:02:11.638475,4,0.41111484628646355,4,270,0.01485359219539453,34,0.012269030590776097,0.888,0.89125,4,"[33, 31, 6, 5, 4, 4, 4, 4, 4, 4, 4, 4, 4, 4, 4, 4, 4, 4, 4, 4, 4, 4, 4, 4, 4, 4, 4, 4, 4, 4, 4, 4, 4, 4, 4, 4, 4, 4, 4, 4, 4, 4, 4, 4, 4, 4, 4, 4, 4, 4, 4, 4, 4, 4, 4, 4, 4, 4, 4, 4, 4, 4, 4, 4, 4, 4, 4, 4, 4, 4, 4, 4, 4, 4, 4, 4, 4, 4, 4, 4, 4, 4, 4, 4, 4, 4, 4, 4, 4, 4, 4, 4, 4, 4, 4, 4, 4, 4, 4, 4, 4, 4, 4, 4, 4, 4, 4, 4, 4, 4, 4, 4, 4, 4, 4, 4, 4, 4, 4, 4, 4, 4, 4, 4, 4, 4, 4, 4, 4, 4, 4, 4, 4, 4, 4, 4, 4, 4, 4, 4, 4, 4, 4, 4, 4, 4, 4, 4, 4, 4, 4, 4, 4, 4, 4, 4, 4, 4, 4, 4, 4, 4, 4, 4, 4, 4, 4, 4, 4, 4, 4, 4, 4, 4, 4, 4, 4, 4, 4, 4, 4, 4, 4, 4, 4, 4, 4, 4, 4, 4, 4, 4, 4, 4, 4, 4, 4, 4, 4, 4, 4, 4, 4, 4, 4, 4, 4, 4, 4, 4, 4, 4, 4, 4, 4, 4, 4, 4, 4, 4, 4, 4, 4, 4, 4, 4, 4, 4, 4, 4, 4, 4, 4, 4, 4, 4, 4, 4, 4, 4, 4, 4, 4, 4, 4, 4, 4, 4, 4, 4, 4, 4, 4, 4, 4, 4, 4, 4, 4, 4, 4, 4, 4, 4, 4, 4, 4, 4, 4, 4]",3.9980392156862745,"[32.956862745098036, 30.962745098039214, 5.996078431372549, 4.9980392156862745, 4.0, 3.9941176470588236, 3.9980392156862745, 3.9901960784313726, 3.996078431372549, 3.992156862745098, 3.996078431372549, 3.992156862745098, 3.9980392156862745, 3.996078431372549, 3.9980392156862745, 4.0, 3.9980392156862745, 3.9980392156862745, 3.9941176470588236, 3.9901960784313726, 3.996078431372549, 3.9941176470588236, 3.996078431372549, 3.9980392156862745, 3.996078431372549, 3.996078431372549, 3.9980392156862745, 3.9980392156862745, 3.996078431372549, 3.992156862745098, 3.996078431372549, 3.996078431372549, 3.9980392156862745, 3.996078431372549, 3.9980392156862745, 3.9980392156862745, 3.9980392156862745, 4.0, 4.0, 3.9980392156862745, 3.996078431372549, 4.0, 3.996078431372549, 3.992156862745098, 3.9980392156862745, 3.996078431372549, 3.9980392156862745, 3.9980392156862745, 4.0, 3.992156862745098, 3.996078431372549, 3.996078431372549, 4.0, 4.0, 4.0, 4.0, 3.9980392156862745, 4.0, 3.992156862745098, 3.996078431372549, 3.9980392156862745, 3.996078431372549, 4.0, 4.0, 4.0, 4.0, 3.9980392156862745, 3.992156862745098, 3.9980392156862745, 3.996078431372549, 4.0, 4.0, 4.0, 3.9980392156862745, 3.9980392156862745, 4.0, 3.996078431372549, 3.9980392156862745, 4.0, 3.996078431372549, 4.0, 3.9980392156862745, 3.9980392156862745, 4.0, 4.0, 4.0, 3.9980392156862745, 3.9941176470588236, 3.9941176470588236, 3.9980392156862745, 3.9980392156862745, 4.0, 3.9980392156862745, 3.996078431372549, 3.9941176470588236, 3.9980392156862745, 3.9941176470588236, 3.9980392156862745, 3.9980392156862745, 4.0, 3.996078431372549, 3.9941176470588236, 3.9980392156862745, 3.996078431372549, 4.0, 3.9980392156862745, 4.0, 3.9980392156862745, 4.0, 3.9980392156862745, 3.9980392156862745, 3.9980392156862745, 3.996078431372549, 3.9941176470588236, 3.9980392156862745, 3.9941176470588236, 3.996078431372549, 3.9980392156862745, 3.996078431372549, 3.9980392156862745, 3.9980392156862745, 3.9980392156862745, 3.996078431372549, 3.996078431372549, 3.9980392156862745, 3.996078431372549, 3.9941176470588236, 3.996078431372549, 3.996078431372549, 3.996078431372549, 3.9941176470588236, 4.0, 3.996078431372549, 3.996078431372549, 4.0, 3.9980392156862745, 3.9941176470588236, 3.9941176470588236, 3.9980392156862745, 3.9941176470588236, 3.9980392156862745, 3.996078431372549, 3.9980392156862745, 3.9980392156862745, 3.9980392156862745, 4.0, 4.0, 3.9980392156862745, 4.0, 3.996078431372549, 3.996078431372549, 3.996078431372549, 4.0, 3.9980392156862745, 3.9941176470588236, 3.9941176470588236, 3.996078431372549, 3.9941176470588236, 3.9980392156862745, 3.9980392156862745, 3.996078431372549, 3.9941176470588236, 4.0, 3.9980392156862745, 3.9980392156862745, 3.996078431372549, 3.9980392156862745, 3.9901960784313726, 3.9941176470588236, 3.9941176470588236, 3.9901960784313726, 3.9941176470588236, 3.9941176470588236, 3.9980392156862745, 4.0, 3.9980392156862745, 4.0, 3.9980392156862745, 3.996078431372549, 3.992156862745098, 3.992156862745098, 3.996078431372549, 3.9941176470588236, 3.992156862745098, 4.0, 4.0, 3.996078431372549, 3.996078431372549, 3.9941176470588236, 3.9941176470588236, 3.9980392156862745, 3.9941176470588236, 3.9980392156862745, 3.9941176470588236, 4.0, 3.9980392156862745, 3.9980392156862745, 4.0, 3.9980392156862745, 4.0, 3.9980392156862745, 3.9980392156862745, 3.9980392156862745, 3.9980392156862745, 3.9980392156862745, 3.9941176470588236, 3.992156862745098, 3.9941176470588236, 3.996078431372549, 3.9980392156862745, 3.9980392156862745, 3.9980392156862745, 3.996078431372549, 3.996078431372549, 3.996078431372549, 3.9941176470588236, 3.9980392156862745, 4.0, 3.9980392156862745, 3.9980392156862745, 4.0, 4.0, 3.9980392156862745, 3.996078431372549, 3.9941176470588236, 3.9980392156862745, 4.0, 3.9980392156862745, 3.996078431372549, 3.9980392156862745, 3.9901960784313726, 3.9980392156862745, 3.9941176470588236, 3.992156862745098, 3.9980392156862745, 3.9980392156862745, 3.9980392156862745, 3.996078431372549, 4.0, 4.0, 4.0, 4.0, 3.9980392156862745, 3.9941176470588236, 3.9941176470588236, 3.9980392156862745, 4.0, 3.9980392156862745, 3.9980392156862745, 3.996078431372549, 3.9941176470588236, 3.996078431372549, 3.9980392156862745, 3.992156862745098, 3.9980392156862745, 3.9980392156862745, 3.996078431372549, 3.9901960784313726, 3.996078431372549, 3.9980392156862745, 3.9980392156862745, 3.9980392156862745, 3.9980392156862745, 4.0, 3.9980392156862745, 3.996078431372549, 3.992156862745098, 3.9980392156862745, 3.996078431372549, 3.9980392156862745]",0.8375812217736276,0.838608287926215,4,"[33, 31, 6, 5, 4, 4, 4, 4, 4, 4, 4, 4, 4, 4, 4, 4, 4, 4, 4, 4, 4, 4, 4, 4, 4, 4, 4, 4, 4, 4, 4, 4, 4, 4, 4, 4, 4, 4, 4, 4, 4, 4, 4, 4, 4, 4, 4, 4, 4, 4, 4, 4, 4, 4, 4, 4, 4, 4, 4, 4, 4, 4, 4, 4, 4, 4, 4, 4, 4, 4, 4, 4, 4, 4, 4, 4, 4, 4, 4, 4, 4, 4, 4, 4, 4, 4, 4, 4, 4, 4, 4, 4, 4, 4, 4, 4, 4, 4, 4, 4, 4, 4, 4, 4, 4, 4, 4, 4, 4, 4, 4, 4, 4, 4, 4, 4, 4, 4, 4, 4, 4, 4, 4, 4, 4, 4, 4, 4, 4, 4, 4, 4, 4, 4, 4, 4, 4, 4, 4, 4, 4, 4, 4, 4, 4, 4, 4, 4, 4, 4, 4, 4, 4, 4, 4, 4, 4, 4, 4, 4, 4, 4, 4, 4, 4, 4, 4, 4, 4, 4, 4, 4, 4, 4, 4, 4, 4, 4, 4, 4, 4, 4, 4, 4, 4, 4, 4, 4, 4, 4, 4, 4, 4, 4, 4, 4, 4, 4, 4, 4, 4, 4, 4, 4, 4, 4, 4, 4, 4, 4, 4, 4, 4, 4, 4, 4, 4, 4, 4, 4, 4, 4, 4, 4, 4, 4, 4, 4, 4, 4, 4, 4, 4, 4, 4, 4, 4, 4, 4, 4, 4, 4, 4, 4, 4, 4, 4, 4, 4, 4, 4, 4, 4, 4, 4, 4, 4, 4, 4, 4, 4, 4, 4, 4, 4, 4, 4, 4, 4, 4]",270,"[0.3767952620983124, 0.3648444414138794, 0.368310809135437, 0.364629328250885, 0.36495399475097656, 0.36184459924697876, 0.35745200514793396, 0.356169730424881, 0.35389435291290283, 0.35232943296432495, 0.350923627614975, 0.3502318561077118, 0.352362722158432, 0.34712016582489014, 0.34595853090286255, 0.3443770110607147, 0.344415545463562, 0.34172454476356506, 0.34032994508743286, 0.33837422728538513, 0.33749398589134216, 0.3348766267299652, 0.335074782371521, 0.3310049772262573, 0.3301295340061188, 0.32722580432891846, 0.3281139135360718, 0.3256446123123169, 0.3230219781398773, 0.3215927183628082, 0.3185814321041107, 0.317849725484848, 0.3165220022201538, 0.31531670689582825, 0.3148689568042755, 0.3146155774593353, 0.3127760887145996, 0.31205952167510986, 0.3115382790565491, 0.31099072098731995, 0.31186240911483765, 0.31000590324401855, 0.31122317910194397, 0.30926513671875, 0.3091154992580414, 0.30853036046028137, 0.30921557545661926, 0.30807042121887207, 0.3075915277004242, 0.30872106552124023, 0.30886465311050415, 0.3078959584236145, 0.3064104914665222, 0.30632588267326355, 0.3083345293998718, 0.3057554364204407, 0.30553045868873596, 0.3057398498058319, 0.30522406101226807, 0.3065304756164551, 0.30548807978630066, 0.30443817377090454, 0.30438387393951416, 0.3109663724899292, 0.30377963185310364, 0.3039184510707855, 0.30363836884498596, 0.30375200510025024, 0.30369946360588074, 0.3030085861682892, 0.30295851826667786, 0.3024410009384155, 0.3050016164779663, 0.30220067501068115, 0.3021230399608612, 0.30179452896118164, 0.3018810451030731, 0.30187857151031494, 0.3015328049659729, 0.3010878264904022, 0.30079081654548645, 0.3008238971233368, 0.3014780879020691, 0.30031532049179077, 0.30011874437332153, 0.30081111192703247, 0.29979342222213745, 0.3000181317329407, 0.29942047595977783, 0.29958218336105347, 0.3002568781375885, 0.2994527816772461, 0.2992773950099945, 0.2986685633659363, 0.29877692461013794, 0.3027595281600952, 0.2984079420566559, 0.29881584644317627, 0.2996366322040558, 0.29838111996650696, 0.2978074550628662, 0.297610878944397, 0.297885924577713, 0.29763591289520264, 0.297242671251297, 0.29741013050079346, 0.29835811257362366, 0.29747357964515686, 0.29997870326042175, 0.2965303361415863, 0.29730743169784546, 0.29711538553237915, 0.29633164405822754, 0.296938955783844, 0.297085165977478, 0.29913339018821716, 0.296069473028183, 0.3004971742630005, 0.2955982983112335, 0.2963888943195343, 0.30054113268852234, 0.2977769374847412, 0.29739177227020264, 0.29545003175735474, 0.2972762882709503, 0.29572173953056335, 0.2963952124118805, 0.2959153950214386, 0.2950715720653534, 0.29492196440696716, 0.29535341262817383, 0.2955954670906067, 0.29465216398239136, 0.3024100959300995, 0.2952859401702881, 0.29602375626564026, 0.2946231961250305, 0.2953672707080841, 0.2951582968235016, 0.2943135201931, 0.29504960775375366, 0.29475149512290955, 0.29424071311950684, 0.29407811164855957, 0.2942618727684021, 0.29376333951950073, 0.29699549078941345, 0.29370248317718506, 0.29882314801216125, 0.2954719066619873, 0.294752836227417, 0.2936958968639374, 0.30122894048690796, 0.29323744773864746, 0.2946076989173889, 0.29436343908309937, 0.29316866397857666, 0.2931985557079315, 0.2929423451423645, 0.2937674820423126, 0.2932397425174713, 0.2932296097278595, 0.29316914081573486, 0.2964889109134674, 0.2930561602115631, 0.2930285334587097, 0.2933763861656189, 0.2927616238594055, 0.2928459048271179, 0.2949291467666626, 0.2968083620071411, 0.29371413588523865, 0.29344281554222107, 0.29468202590942383, 0.2923528552055359, 0.29228970408439636, 0.2926081120967865, 0.2928524911403656, 0.29245108366012573, 0.2932942807674408, 0.2921542227268219, 0.3041021525859833, 0.2938788831233978, 0.2920488119125366, 0.2920460104942322, 0.2966795861721039, 0.2920725345611572, 0.2927758991718292, 0.292146235704422, 0.2922872304916382, 0.2938899099826813, 0.2940925657749176, 0.29700949788093567, 0.291912704706192, 0.2929445803165436, 0.29187625646591187, 0.29199254512786865, 0.293041467666626, 0.29186034202575684, 0.29247376322746277, 0.2927184998989105, 0.2916386127471924, 0.2935791611671448, 0.2920151352882385, 0.29218602180480957, 0.29205793142318726, 0.3014964163303375, 0.29151633381843567, 0.2923576831817627, 0.29229211807250977, 0.2925494611263275, 0.29285740852355957, 0.2924410104751587, 0.2922821044921875, 0.2917339503765106, 0.29914185404777527, 0.2928837239742279, 0.2915002107620239, 0.293099045753479, 0.2920450270175934, 0.2926340401172638, 0.2946280837059021, 0.2918168604373932, 0.29176077246665955, 0.2914159297943115, 0.2919478714466095, 0.2925559878349304, 0.292171835899353, 0.29253265261650085, 0.2924322187900543, 0.29374396800994873, 0.2929215133190155, 0.294192910194397, 0.2911480963230133, 0.2926984429359436, 0.29552870988845825, 0.2913053333759308, 0.2921394109725952, 0.2919594347476959, 0.2913438379764557, 0.2932174801826477, 0.2910486161708832, 0.29148945212364197, 0.29120850563049316, 0.29139649868011475, 0.291184663772583, 0.29262009263038635, 0.29374635219573975, 0.2922138273715973, 0.2919185757637024, 0.2926141321659088, 0.2921622395515442, 0.292278915643692, 0.29155290126800537, 0.29200464487075806, 0.2919715940952301, 0.29180291295051575, 0.29259243607521057, 0.2911565899848938, 0.2949097454547882, 0.2910328805446625, 0.2939865291118622, 0.2912081480026245, 0.2922375798225403, 0.29331785440444946, 0.29325902462005615, 0.2915341258049011, 0.292005330324173, 0.29105129837989807, 0.2912076413631439]",4.0,"[33.0, 31.0, 6.0, 5.0, 4.0, 4.0, 4.0, 4.0, 4.0, 4.0, 4.0, 4.0, 4.0, 4.0, 4.0, 4.0, 4.0, 4.0, 4.0, 4.0, 4.0, 4.0, 4.0, 4.0, 4.0, 4.0, 4.0, 4.0, 4.0, 4.0, 4.0, 4.0, 4.0, 4.0, 4.0, 4.0, 4.0, 4.0, 4.0, 4.0, 4.0, 4.0, 4.0, 4.0, 4.0, 4.0, 4.0, 4.0, 4.0, 4.0, 4.0, 4.0, 4.0, 4.0, 4.0, 4.0, 4.0, 4.0, 4.0, 4.0, 4.0, 4.0, 4.0, 4.0, 4.0, 4.0, 4.0, 4.0, 4.0, 4.0, 4.0, 4.0, 4.0, 4.0, 4.0, 4.0, 4.0, 4.0, 4.0, 4.0, 4.0, 4.0, 4.0, 4.0, 4.0, 4.0, 4.0, 4.0, 4.0, 4.0, 4.0, 4.0, 4.0, 4.0, 4.0, 4.0, 4.0, 4.0, 4.0, 4.0, 4.0, 4.0, 4.0, 4.0, 4.0, 4.0, 4.0, 4.0, 4.0, 4.0, 4.0, 4.0, 4.0, 4.0, 4.0, 4.0, 4.0, 4.0, 4.0, 4.0, 4.0, 4.0, 4.0, 4.0, 4.0, 4.0, 4.0, 4.0, 4.0, 4.0, 4.0, 4.0, 4.0, 4.0, 4.0, 4.0, 4.0, 4.0, 4.0, 4.0, 4.0, 4.0, 4.0, 4.0, 4.0, 4.0, 4.0, 4.0, 4.0, 4.0, 4.0, 4.0, 4.0, 4.0, 4.0, 4.0, 4.0, 4.0, 4.0, 4.0, 4.0, 4.0, 4.0, 4.0, 4.0, 4.0, 4.0, 4.0, 4.0, 4.0, 4.0, 4.0, 4.0, 4.0, 4.0, 4.0, 4.0, 4.0, 4.0, 4.0, 4.0, 4.0, 4.0, 4.0, 4.0, 4.0, 4.0, 4.0, 4.0, 4.0, 4.0, 4.0, 4.0, 4.0, 4.0, 4.0, 4.0, 4.0, 4.0, 4.0, 4.0, 4.0, 4.0, 4.0, 4.0, 4.0, 4.0, 4.0, 4.0, 4.0, 4.0, 4.0, 4.0, 4.0, 4.0, 4.0, 4.0, 4.0, 4.0, 4.0, 4.0, 4.0, 4.0, 4.0, 4.0, 4.0, 4.0, 4.0, 4.0, 4.0, 4.0, 4.0, 4.0, 4.0, 4.0, 4.0, 4.0, 4.0, 4.0, 4.0, 4.0, 4.0, 4.0, 4.0, 4.0, 4.0, 4.0, 4.0, 4.0, 4.0, 4.0, 4.0, 4.0, 4.0, 4.0, 4.0, 4.0, 4.0, 4.0, 4.0, 4.0, 4.0, 4.0, 4.0, 4.0, 4.0, 4.0, 4.0, 4.0, 4.0]",COMPLETE
