,number,value,datetime_start,datetime_complete,duration,params_batch_size_scaler,params_constant_learning_rate,params_depth,params_epochs,params_kernel_l2,params_num_trees,params_temperature,user_attrs_accuracy_test,user_attrs_accuracy_valid,user_attrs_approximate_feature_sparsity,user_attrs_approximate_feature_sparsity_history,user_attrs_approximate_weight_sparsity,user_attrs_approximate_weight_sparsity_history,user_attrs_auc_test,user_attrs_auc_valid,user_attrs_feature_sparsity,user_attrs_feature_sparsity_history,user_attrs_num_epochs,user_attrs_val_loss_history,user_attrs_weight_sparsity,user_attrs_weight_sparsity_history,state
149,149,0.5,2024-08-31 07:32:41.279298,2024-08-31 07:47:33.634371,0 days 00:14:52.355073,1,6.95228798892081,6,325,0.02837574803323312,50,0.07999921728914523,0.859,0.85875,0,"[0, 0, 0, 0, 0, 0, 0, 0, 0, 0, 0, 0, 0, 0, 0, 0, 0, 0, 0, 0, 0, 0, 0, 0, 0, 0, 0, 0, 0, 0, 0, 0, 0, 0, 0, 0, 0, 0, 0, 0, 0, 0, 0, 0, 0, 0, 0, 0, 0, 0, 0, 0, 0, 0, 0, 0, 0, 0, 0, 0, 0, 0, 0, 0, 0, 0, 0, 0, 0, 0, 0, 0, 0, 0, 0, 0, 0, 0, 0, 0, 0, 0, 0, 0, 0, 0, 0, 0, 0, 0, 0, 0, 0, 0, 0, 0, 0, 0, 0, 0, 0, 0, 0, 0, 0, 0, 0, 0, 0, 0, 0, 0, 0, 0, 0, 0, 0, 0, 0, 0, 0, 0, 0, 0, 0, 0, 0, 0, 0, 0, 0, 0, 0, 0, 0, 0, 0, 0, 0, 0, 0, 0, 0, 0, 0, 0, 0, 0, 0, 0, 0, 0, 0, 0, 0, 0, 0, 0, 0, 0, 0, 0, 0, 0, 0, 0, 0, 0, 0, 0, 0, 0, 0, 0, 0, 0, 0, 0, 0, 0, 0, 0, 0, 0, 0, 0, 0, 0, 0, 0, 0, 0, 0, 0, 0, 0, 0, 0, 0, 0, 0, 0, 0, 0, 0, 0, 0, 0, 0, 0, 0, 0, 0, 0, 0, 0, 0, 0, 0, 0, 0, 0, 0, 0, 0, 0, 0, 0, 0, 0, 0, 0, 0, 0, 0, 0, 0, 0, 0, 0, 0, 0, 0, 0, 0, 0, 0, 0, 0, 0, 0, 0, 0, 0, 0, 0, 0, 0, 0, 0, 0, 0, 0, 0, 0, 0, 0, 0, 0, 0, 0, 0, 0, 0, 0, 0, 0, 0, 0, 0, 0, 0, 0, 0, 0, 0, 0, 0, 0, 0, 0, 0, 0, 0, 0, 0, 0, 0, 0, 0, 0, 0, 0, 0, 0, 0, 0, 0, 0, 0, 0, 0, 0, 0, 0, 0, 0, 0, 0, 0, 0, 0, 0, 0, 0]",0.0,"[0.0, 0.0, 0.0, 0.0, 0.0, 0.0, 0.0, 0.0, 0.0, 0.0, 0.0, 0.0, 0.0, 0.0, 0.0, 0.0, 0.0, 0.0, 0.0, 0.0, 0.0, 0.0, 0.0, 0.0, 0.0, 0.0, 0.0, 0.0, 0.0, 0.0, 0.0, 0.0, 0.0, 0.0, 0.0, 0.0, 0.0, 0.0, 0.0, 0.0, 0.0, 0.0, 0.0, 0.0, 0.0, 0.0, 0.0, 0.0, 0.0, 0.0, 0.0, 0.0, 0.0, 0.0, 0.0, 0.0, 0.0, 0.0, 0.0, 0.0, 0.0, 0.0, 0.0, 0.0, 0.0, 0.0, 0.0, 0.0, 0.0, 0.0, 0.0, 0.0, 0.0, 0.0, 0.0, 0.0, 0.0, 0.0, 0.0, 0.0, 0.0, 0.0, 0.0, 0.0, 0.0, 0.0, 0.0, 0.0, 0.0, 0.0, 0.0, 0.0, 0.0, 0.0, 0.0, 0.0, 0.0, 0.0, 0.0, 0.0, 0.0, 0.0, 0.0, 0.0, 0.0, 0.0, 0.0, 0.0, 0.0, 0.0, 0.0, 0.0, 0.0, 0.0, 0.0, 0.0, 0.0, 0.0, 0.0, 0.0, 0.0, 0.0, 0.0, 0.0, 0.0, 0.0, 0.0, 0.0, 0.0, 0.0, 0.0, 0.0, 0.0, 0.0, 0.0, 0.0, 0.0, 0.0, 0.0, 0.0, 0.0, 0.0, 0.0, 0.0, 0.0, 0.0, 0.0, 0.0, 0.0, 0.0, 0.0, 0.0, 0.0, 0.0, 0.0, 0.0, 0.0, 0.0, 0.0, 0.0, 0.0, 0.0, 0.0, 0.0, 0.0, 0.0, 0.0, 0.0, 0.0, 0.0, 0.0, 0.0, 0.0, 0.0, 0.0, 0.0, 0.0, 0.0, 0.0, 0.0, 0.0, 0.0, 0.0, 0.0, 0.0, 0.0, 0.0, 0.0, 0.0, 0.0, 0.0, 0.0, 0.0, 0.0, 0.0, 0.0, 0.0, 0.0, 0.0, 0.0, 0.0, 0.0, 0.0, 0.0, 0.0, 0.0, 0.0, 0.0, 0.0, 0.0, 0.0, 0.0, 0.0, 0.0, 0.0, 0.0, 0.0, 0.0, 0.0, 0.0, 0.0, 0.0, 0.0, 0.0, 0.0, 0.0, 0.0, 0.0, 0.0, 0.0, 0.0, 0.0, 0.0, 0.0, 0.0, 0.0, 0.0, 0.0, 0.0, 0.0, 0.0, 0.0, 0.0, 0.0, 0.0, 0.0, 0.0, 0.0, 0.0, 0.0, 0.0, 0.0, 0.0, 0.0, 0.0, 0.0, 0.0, 0.0, 0.0, 0.0, 0.0, 0.0, 0.0, 0.0, 0.0, 0.0, 0.0, 0.0, 0.0, 0.0, 0.0, 0.0, 0.0, 0.0, 0.0, 0.0, 0.0, 0.0, 0.0, 0.0, 0.0, 0.0, 0.0, 0.0, 0.0, 0.0, 0.0, 0.0, 0.0, 0.0, 0.0, 0.0, 0.0, 0.0, 0.0, 0.0, 0.0, 0.0, 0.0, 0.0, 0.0, 0.0, 0.0, 0.0, 0.0, 0.0, 0.0, 0.0, 0.0, 0.0, 0.0, 0.0, 0.0, 0.0, 0.0, 0.0, 0.0, 0.0, 0.0, 0.0, 0.0, 0.0, 0.0, 0.0, 0.0]",0.5,0.5,0,"[0, 0, 0, 0, 0, 0, 0, 0, 0, 0, 0, 0, 0, 0, 0, 0, 0, 0, 0, 0, 0, 0, 0, 0, 0, 0, 0, 0, 0, 0, 0, 0, 0, 0, 0, 0, 0, 0, 0, 0, 0, 0, 0, 0, 0, 0, 0, 0, 0, 0, 0, 0, 0, 0, 0, 0, 0, 0, 0, 0, 0, 0, 0, 0, 0, 0, 0, 0, 0, 0, 0, 0, 0, 0, 0, 0, 0, 0, 0, 0, 0, 0, 0, 0, 0, 0, 0, 0, 0, 0, 0, 0, 0, 0, 0, 0, 0, 0, 0, 0, 0, 0, 0, 0, 0, 0, 0, 0, 0, 0, 0, 0, 0, 0, 0, 0, 0, 0, 0, 0, 0, 0, 0, 0, 0, 0, 0, 0, 0, 0, 0, 0, 0, 0, 0, 0, 0, 0, 0, 0, 0, 0, 0, 0, 0, 0, 0, 0, 0, 0, 0, 0, 0, 0, 0, 0, 0, 0, 0, 0, 0, 0, 0, 0, 0, 0, 0, 0, 0, 0, 0, 0, 0, 0, 0, 0, 0, 0, 0, 0, 0, 0, 0, 0, 0, 0, 0, 0, 0, 0, 0, 0, 0, 0, 0, 0, 0, 0, 0, 0, 0, 0, 0, 0, 0, 0, 0, 0, 0, 0, 0, 0, 0, 0, 0, 0, 0, 0, 0, 0, 0, 0, 0, 0, 0, 0, 0, 0, 0, 0, 0, 0, 0, 0, 0, 0, 0, 0, 0, 0, 0, 0, 0, 0, 0, 0, 0, 0, 0, 0, 0, 0, 0, 0, 0, 0, 0, 0, 0, 0, 0, 0, 0, 0, 0, 0, 0, 0, 0, 0, 0, 0, 0, 0, 0, 0, 0, 0, 0, 0, 0, 0, 0, 0, 0, 0, 0, 0, 0, 0, 0, 0, 0, 0, 0, 0, 0, 0, 0, 0, 0, 0, 0, 0, 0, 0, 0, 0, 0, 0, 0, 0, 0, 0, 0, 0, 0, 0, 0, 0, 0, 0, 0, 0, 0]",325,"[0.454975962638855, 0.40876397490501404, 0.49491164088249207, 0.41501834988594055, 0.42332392930984497, 0.5295154452323914, 0.7361862659454346, 0.7169345617294312, 0.411362886428833, 0.6087956428527832, 0.4084213674068451, 0.40809616446495056, 0.41234806180000305, 0.4139145314693451, 0.47015517950057983, 0.408080130815506, 0.4092307388782501, 0.4093267321586609, 0.4206152856349945, 0.4087246060371399, 0.4138258099555969, 0.44985905289649963, 0.4284849464893341, 0.43997329473495483, 0.44985049962997437, 0.5113081932067871, 0.48944541811943054, 0.5219082832336426, 0.423621267080307, 1.0523672103881836, 0.5906891822814941, 0.4269216060638428, 0.43975457549095154, 0.4342604875564575, 0.4092469811439514, 0.4148235023021698, 0.4209941029548645, 0.408430278301239, 0.40838387608528137, 0.42589083313941956, 0.6466378569602966, 0.5015394687652588, 0.4270073175430298, 0.6805276274681091, 0.4686223566532135, 0.4085589349269867, 0.4972395598888397, 0.5530715584754944, 0.40945422649383545, 0.40734806656837463, 0.4098311960697174, 0.4210209250450134, 0.44085830450057983, 0.5651133060455322, 0.41707316040992737, 0.5143592357635498, 0.4106846749782562, 0.5942471027374268, 1.4185577630996704, 0.4081164300441742, 0.41645359992980957, 0.4143848121166229, 0.4713330566883087, 0.4213866889476776, 0.40934544801712036, 0.4203823208808899, 0.42299172282218933, 0.6443209052085876, 0.4318142831325531, 0.42098671197891235, 0.4082687497138977, 0.40975797176361084, 0.42012664675712585, 0.5706669092178345, 0.42835739254951477, 0.44568800926208496, 0.43970057368278503, 0.4210840165615082, 0.4111190140247345, 0.588314414024353, 0.4652774930000305, 0.4081912338733673, 0.5292991399765015, 0.4159219264984131, 0.510710597038269, 0.457248717546463, 0.40808188915252686, 0.5821168422698975, 0.7098879814147949, 0.4106055796146393, 0.439243882894516, 0.5130870342254639, 0.440885990858078, 0.5277652144432068, 0.40945014357566833, 0.42307865619659424, 0.5464178323745728, 0.4409330487251282, 0.473389208316803, 0.5883234739303589, 0.42773666977882385, 0.4083799123764038, 0.5270631909370422, 0.4715942144393921, 0.4609968960285187, 0.40724724531173706, 0.5248311758041382, 0.4870908856391907, 0.4081977605819702, 0.45854198932647705, 0.5274291634559631, 0.7291643023490906, 0.41413429379463196, 0.4234670400619507, 0.4400722086429596, 0.7310664653778076, 0.4174600839614868, 0.4692744016647339, 0.4276356101036072, 1.4642714262008667, 0.43854111433029175, 0.40757378935813904, 0.44133898615837097, 0.5250157713890076, 0.5140689611434937, 0.41298577189445496, 0.45554161071777344, 0.44438666105270386, 0.4366900324821472, 0.4746170938014984, 0.4102046489715576, 0.40984857082366943, 0.42671704292297363, 0.4144497811794281, 0.46202221512794495, 0.414347767829895, 0.409308522939682, 0.4205109477043152, 0.4825984239578247, 0.4232545495033264, 0.4918982982635498, 0.42828425765037537, 0.5732612013816833, 0.626792311668396, 0.5116550326347351, 0.5082873106002808, 0.4084762930870056, 0.428331196308136, 0.46595945954322815, 0.4397420883178711, 0.4395419955253601, 0.4675167500972748, 0.4699242115020752, 0.4177740514278412, 0.5741326212882996, 0.40829330682754517, 0.5106126666069031, 0.4153324365615845, 0.4635300040245056, 0.4282985329627991, 0.42782437801361084, 0.4561348259449005, 0.5245168209075928, 0.47178852558135986, 0.40958619117736816, 0.44626152515411377, 0.40828850865364075, 0.43922001123428345, 0.5106201171875, 0.6097544431686401, 0.484807550907135, 0.41069525480270386, 0.6894670128822327, 0.4910101592540741, 0.4513469636440277, 0.41297686100006104, 0.4202471077442169, 0.46386176347732544, 0.40926483273506165, 0.42093396186828613, 0.4406994581222534, 0.41489845514297485, 0.47107788920402527, 0.4577943682670593, 0.6748330593109131, 0.4109054505825043, 0.410712331533432, 0.46302613615989685, 0.418079137802124, 0.41136592626571655, 0.4079717993736267, 0.5366771221160889, 0.6932868361473083, 0.5272032022476196, 0.5012031197547913, 0.45443838834762573, 0.4531671106815338, 0.4477115273475647, 0.5602748394012451, 0.7527540326118469, 0.42833080887794495, 0.4229031503200531, 0.42394009232521057, 0.40950310230255127, 0.4479496479034424, 0.7037674188613892, 0.41469618678092957, 0.4094678461551666, 0.4212992787361145, 0.45611146092414856, 0.42311835289001465, 0.44802430272102356, 0.4111734628677368, 0.5266450643539429, 0.40904149413108826, 0.5120025873184204, 0.5018510222434998, 0.8472772240638733, 0.4072973132133484, 0.4072946608066559, 0.4263806641101837, 0.46618565917015076, 0.41266193985939026, 0.45118603110313416, 0.4888913631439209, 0.42408230900764465, 0.40916746854782104, 0.4281393885612488, 0.4101024270057678, 0.41016867756843567, 0.9177884459495544, 0.4130929708480835, 0.4284692406654358, 0.7833293676376343, 0.4395154118537903, 0.42636772990226746, 0.4172842800617218, 0.4264412820339203, 0.42106664180755615, 0.41682887077331543, 0.8482472896575928, 0.43960753083229065, 0.4090859889984131, 0.43123799562454224, 0.40808260440826416, 0.5280368328094482, 0.5361692905426025, 0.4494432508945465, 0.4516059160232544, 0.42128613591194153, 0.41880345344543457, 0.4211342930793762, 0.41989076137542725, 0.49922996759414673, 0.44087153673171997, 0.4076240658760071, 0.4552569091320038, 0.42820313572883606, 0.40977391600608826, 0.4409923851490021, 0.48156678676605225, 0.4303514063358307, 0.49740296602249146, 0.4914127290248871, 0.43920573592185974, 0.6301262378692627, 0.512776792049408, 0.5026363730430603, 0.41974616050720215, 0.45785045623779297, 0.4088621139526367, 0.4092027246952057, 0.4445011019706726, 0.44070500135421753, 0.5501161813735962, 0.5251519680023193, 0.43964114785194397, 0.4786538779735565, 0.6999051570892334, 0.440871000289917, 0.40934303402900696, 0.47155240178108215, 0.4398699700832367, 0.4230177700519562, 0.44633710384368896, 0.42136043310165405, 0.5135335326194763, 0.4398413598537445, 0.4155876040458679, 0.5118740797042847, 0.5086660981178284, 0.44086942076683044, 0.44714781641960144, 0.4157031178474426, 0.454441636800766, 0.4374295175075531, 0.40821877121925354, 0.7084290981292725, 0.4093540906906128, 0.46106812357902527, 0.42351195216178894, 0.4083852469921112, 0.43926718831062317, 0.40947291254997253, 0.42832690477371216, 0.42168834805488586, 0.41283267736434937, 0.5011354684829712, 0.4125628173351288, 0.4463525712490082, 0.5559927225112915, 0.4857547879219055, 0.4166163504123688, 0.4712129533290863, 0.4210756719112396, 0.40811634063720703, 0.5073082447052002, 0.5289636254310608, 0.44094765186309814, 0.4495663344860077, 0.42682144045829773, 0.40838706493377686, 0.513110339641571, 0.5121939778327942, 0.6411527395248413]",0.0,"[0.0, 0.0, 0.0, 0.0, 0.0, 0.0, 0.0, 0.0, 0.0, 0.0, 0.0, 0.0, 0.0, 0.0, 0.0, 0.0, 0.0, 0.0, 0.0, 0.0, 0.0, 0.0, 0.0, 0.0, 0.0, 0.0, 0.0, 0.0, 0.0, 0.0, 0.0, 0.0, 0.0, 0.0, 0.0, 0.0, 0.0, 0.0, 0.0, 0.0, 0.0, 0.0, 0.0, 0.0, 0.0, 0.0, 0.0, 0.0, 0.0, 0.0, 0.0, 0.0, 0.0, 0.0, 0.0, 0.0, 0.0, 0.0, 0.0, 0.0, 0.0, 0.0, 0.0, 0.0, 0.0, 0.0, 0.0, 0.0, 0.0, 0.0, 0.0, 0.0, 0.0, 0.0, 0.0, 0.0, 0.0, 0.0, 0.0, 0.0, 0.0, 0.0, 0.0, 0.0, 0.0, 0.0, 0.0, 0.0, 0.0, 0.0, 0.0, 0.0, 0.0, 0.0, 0.0, 0.0, 0.0, 0.0, 0.0, 0.0, 0.0, 0.0, 0.0, 0.0, 0.0, 0.0, 0.0, 0.0, 0.0, 0.0, 0.0, 0.0, 0.0, 0.0, 0.0, 0.0, 0.0, 0.0, 0.0, 0.0, 0.0, 0.0, 0.0, 0.0, 0.0, 0.0, 0.0, 0.0, 0.0, 0.0, 0.0, 0.0, 0.0, 0.0, 0.0, 0.0, 0.0, 0.0, 0.0, 0.0, 0.0, 0.0, 0.0, 0.0, 0.0, 0.0, 0.0, 0.0, 0.0, 0.0, 0.0, 0.0, 0.0, 0.0, 0.0, 0.0, 0.0, 0.0, 0.0, 0.0, 0.0, 0.0, 0.0, 0.0, 0.0, 0.0, 0.0, 0.0, 0.0, 0.0, 0.0, 0.0, 0.0, 0.0, 0.0, 0.0, 0.0, 0.0, 0.0, 0.0, 0.0, 0.0, 0.0, 0.0, 0.0, 0.0, 0.0, 0.0, 0.0, 0.0, 0.0, 0.0, 0.0, 0.0, 0.0, 0.0, 0.0, 0.0, 0.0, 0.0, 0.0, 0.0, 0.0, 0.0, 0.0, 0.0, 0.0, 0.0, 0.0, 0.0, 0.0, 0.0, 0.0, 0.0, 0.0, 0.0, 0.0, 0.0, 0.0, 0.0, 0.0, 0.0, 0.0, 0.0, 0.0, 0.0, 0.0, 0.0, 0.0, 0.0, 0.0, 0.0, 0.0, 0.0, 0.0, 0.0, 0.0, 0.0, 0.0, 0.0, 0.0, 0.0, 0.0, 0.0, 0.0, 0.0, 0.0, 0.0, 0.0, 0.0, 0.0, 0.0, 0.0, 0.0, 0.0, 0.0, 0.0, 0.0, 0.0, 0.0, 0.0, 0.0, 0.0, 0.0, 0.0, 0.0, 0.0, 0.0, 0.0, 0.0, 0.0, 0.0, 0.0, 0.0, 0.0, 0.0, 0.0, 0.0, 0.0, 0.0, 0.0, 0.0, 0.0, 0.0, 0.0, 0.0, 0.0, 0.0, 0.0, 0.0, 0.0, 0.0, 0.0, 0.0, 0.0, 0.0, 0.0, 0.0, 0.0, 0.0, 0.0, 0.0, 0.0, 0.0, 0.0, 0.0, 0.0, 0.0, 0.0, 0.0, 0.0, 0.0, 0.0, 0.0, 0.0, 0.0, 0.0, 0.0, 0.0, 0.0, 0.0, 0.0, 0.0, 0.0, 0.0]",COMPLETE
