,number,value,datetime_start,datetime_complete,duration,params_batch_size_scaler,params_constant_learning_rate,params_depth,params_epochs,params_kernel_l2,params_num_trees,params_temperature,user_attrs_accuracy_test,user_attrs_accuracy_valid,user_attrs_approximate_feature_sparsity,user_attrs_approximate_feature_sparsity_history,user_attrs_approximate_weight_sparsity,user_attrs_approximate_weight_sparsity_history,user_attrs_auc_test,user_attrs_auc_valid,user_attrs_feature_sparsity,user_attrs_feature_sparsity_history,user_attrs_num_epochs,user_attrs_val_loss_history,user_attrs_weight_sparsity,user_attrs_weight_sparsity_history,state
59,59,0.8229573237495329,2024-08-31 03:38:01.632075,2024-08-31 03:38:19.600755,0 days 00:00:17.968680,16,0.04388705212668211,1,190,0.0012019423954506216,20,0.00021515978770732106,0.862,0.85875,33,"[33, 33, 33, 33, 33, 33, 33, 33, 33, 33, 33, 33, 33, 33, 33, 33, 33, 33, 33, 33, 33, 33, 33, 33, 33, 33, 33, 33, 33, 33, 33, 33, 33, 33, 33, 33, 33, 33, 33, 33, 33, 33, 33, 33, 33, 33, 33, 33, 33, 33, 33, 33, 33, 33, 33, 33, 33, 33, 33, 33, 33, 33, 33, 33, 33, 33, 33, 33, 33, 33, 33, 33, 33, 33, 33, 33, 33, 33, 33, 33, 33, 33, 33, 33, 33, 33, 33, 33, 33, 33, 33, 33, 33, 33, 33, 33, 33, 33, 33, 33, 33, 33, 33, 33, 33, 33, 33, 33, 33, 33, 33, 33, 33, 33, 33, 33, 33, 33, 33, 33, 33, 33, 33, 33, 33, 33, 33, 33, 33, 33, 33, 33, 33, 33, 33, 33, 33, 33, 33, 33, 33, 33, 33, 33, 33, 33, 33, 33, 33, 33, 33, 33, 33, 33, 33, 33, 33, 33, 33, 33, 33, 33, 33, 33, 33, 33, 33, 33, 33, 33, 33, 33, 33, 33, 33, 33, 33, 33, 33, 33, 33, 33, 33, 33, 33, 33, 33, 33, 33, 33]",32.9,"[33.0, 33.0, 33.0, 33.0, 33.0, 33.0, 32.95, 32.95, 33.0, 33.0, 33.0, 32.95, 32.95, 32.95, 32.95, 33.0, 33.0, 33.0, 33.0, 33.0, 33.0, 33.0, 33.0, 33.0, 33.0, 33.0, 33.0, 33.0, 33.0, 32.95, 33.0, 33.0, 32.95, 33.0, 33.0, 33.0, 33.0, 33.0, 33.0, 33.0, 33.0, 33.0, 33.0, 33.0, 33.0, 33.0, 33.0, 33.0, 33.0, 33.0, 33.0, 33.0, 32.95, 33.0, 33.0, 33.0, 33.0, 33.0, 33.0, 33.0, 33.0, 33.0, 33.0, 33.0, 33.0, 33.0, 33.0, 32.95, 33.0, 33.0, 33.0, 33.0, 32.95, 33.0, 33.0, 33.0, 33.0, 33.0, 33.0, 33.0, 33.0, 33.0, 32.95, 33.0, 33.0, 33.0, 33.0, 32.95, 32.95, 33.0, 33.0, 33.0, 33.0, 33.0, 33.0, 33.0, 33.0, 33.0, 33.0, 33.0, 33.0, 33.0, 33.0, 33.0, 33.0, 33.0, 33.0, 33.0, 33.0, 33.0, 33.0, 33.0, 33.0, 33.0, 33.0, 33.0, 33.0, 33.0, 32.95, 32.95, 33.0, 33.0, 33.0, 33.0, 33.0, 33.0, 32.95, 33.0, 33.0, 33.0, 32.95, 33.0, 33.0, 33.0, 33.0, 33.0, 33.0, 33.0, 33.0, 33.0, 32.95, 32.95, 32.95, 32.95, 32.95, 33.0, 33.0, 33.0, 33.0, 32.95, 33.0, 33.0, 33.0, 33.0, 33.0, 33.0, 33.0, 33.0, 33.0, 33.0, 33.0, 33.0, 33.0, 33.0, 33.0, 33.0, 33.0, 33.0, 33.0, 33.0, 33.0, 33.0, 33.0, 33.0, 33.0, 33.0, 33.0, 33.0, 33.0, 33.0, 33.0, 33.0, 33.0, 32.95, 33.0, 33.0, 33.0, 32.95, 32.95, 32.9]",0.8356492375267299,0.8229573237495329,33,"[33, 33, 33, 33, 33, 33, 33, 33, 33, 33, 33, 33, 33, 33, 33, 33, 33, 33, 33, 33, 33, 33, 33, 33, 33, 33, 33, 33, 33, 33, 33, 33, 33, 33, 33, 33, 33, 33, 33, 33, 33, 33, 33, 33, 33, 33, 33, 33, 33, 33, 33, 33, 33, 33, 33, 33, 33, 33, 33, 33, 33, 33, 33, 33, 33, 33, 33, 33, 33, 33, 33, 33, 33, 33, 33, 33, 33, 33, 33, 33, 33, 33, 33, 33, 33, 33, 33, 33, 33, 33, 33, 33, 33, 33, 33, 33, 33, 33, 33, 33, 33, 33, 33, 33, 33, 33, 33, 33, 33, 33, 33, 33, 33, 33, 33, 33, 33, 33, 33, 33, 33, 33, 33, 33, 33, 33, 33, 33, 33, 33, 33, 33, 33, 33, 33, 33, 33, 33, 33, 33, 33, 33, 33, 33, 33, 33, 33, 33, 33, 33, 33, 33, 33, 33, 33, 33, 33, 33, 33, 33, 33, 33, 33, 33, 33, 33, 33, 33, 33, 33, 33, 33, 33, 33, 33, 33, 33, 33, 33, 33, 33, 33, 33, 33, 33, 33, 33, 33, 33, 33]",190,"[0.42640629410743713, 0.39518386125564575, 0.3911759555339813, 0.3895680606365204, 0.3881092071533203, 0.3867602050304413, 0.38545867800712585, 0.3843063414096832, 0.3831188976764679, 0.3820149898529053, 0.38095995783805847, 0.3799413740634918, 0.3790367841720581, 0.37809884548187256, 0.37733542919158936, 0.3763689696788788, 0.37561938166618347, 0.37485477328300476, 0.37402546405792236, 0.3732905685901642, 0.3727726638317108, 0.3719184100627899, 0.3712559640407562, 0.37056925892829895, 0.3701605498790741, 0.3694072663784027, 0.36871838569641113, 0.3681192696094513, 0.3675623834133148, 0.3670700490474701, 0.36663687229156494, 0.3660474717617035, 0.3655364513397217, 0.3650236427783966, 0.3645763695240021, 0.36397743225097656, 0.3636987805366516, 0.3630181849002838, 0.3626609444618225, 0.36216336488723755, 0.3617950677871704, 0.36117035150527954, 0.3607235848903656, 0.3602934181690216, 0.3599598705768585, 0.35928401350975037, 0.358801931142807, 0.3583677411079407, 0.3579970598220825, 0.3575986623764038, 0.35711202025413513, 0.3565586507320404, 0.35610154271125793, 0.35614249110221863, 0.35523825883865356, 0.35495686531066895, 0.354313462972641, 0.35411345958709717, 0.35370883345603943, 0.35300105810165405, 0.35259056091308594, 0.3522386848926544, 0.3518297076225281, 0.35128098726272583, 0.35117775201797485, 0.35046157240867615, 0.3501729965209961, 0.34986183047294617, 0.3495837152004242, 0.3495987355709076, 0.34891659021377563, 0.34863176941871643, 0.3481053113937378, 0.34755846858024597, 0.34729504585266113, 0.3467641770839691, 0.34636783599853516, 0.3461223542690277, 0.34586453437805176, 0.345403790473938, 0.34516090154647827, 0.3447721600532532, 0.344409704208374, 0.3440828025341034, 0.34381377696990967, 0.3434600830078125, 0.3431972861289978, 0.3428223729133606, 0.3426562547683716, 0.3420647084712982, 0.3417966961860657, 0.34135109186172485, 0.34105944633483887, 0.3409044146537781, 0.34060782194137573, 0.3406692147254944, 0.33985164761543274, 0.3397613763809204, 0.33944958448410034, 0.33927926421165466, 0.33895838260650635, 0.33838409185409546, 0.3380689322948456, 0.3378734588623047, 0.3375656008720398, 0.33718448877334595, 0.33692267537117004, 0.336986243724823, 0.3363040089607239, 0.33630698919296265, 0.3358518183231354, 0.33559808135032654, 0.33554917573928833, 0.3352777063846588, 0.33498015999794006, 0.3347291648387909, 0.334572434425354, 0.3341352343559265, 0.3338170647621155, 0.3335316479206085, 0.3332440257072449, 0.3330695629119873, 0.33324000239372253, 0.33268749713897705, 0.33258000016212463, 0.33254510164260864, 0.3319754898548126, 0.33180123567581177, 0.33152616024017334, 0.33090659976005554, 0.33087924122810364, 0.3306013345718384, 0.33039095997810364, 0.3299534320831299, 0.3298935294151306, 0.32957175374031067, 0.32938897609710693, 0.32932689785957336, 0.3290746212005615, 0.3290584981441498, 0.3286677300930023, 0.32867634296417236, 0.3284430205821991, 0.3284110724925995, 0.32819485664367676, 0.32795917987823486, 0.32776370644569397, 0.3275190591812134, 0.3272642195224762, 0.3270733952522278, 0.3268296718597412, 0.3267316520214081, 0.3266265094280243, 0.3267609775066376, 0.3262643814086914, 0.3258134424686432, 0.3259011209011078, 0.32566094398498535, 0.325667142868042, 0.32533907890319824, 0.32497379183769226, 0.3247775733470917, 0.32457104325294495, 0.3243655264377594, 0.3244435787200928, 0.3245854675769806, 0.32400426268577576, 0.3233894407749176, 0.323210746049881, 0.32308754324913025, 0.32298657298088074, 0.322785884141922, 0.32277026772499084, 0.3227165937423706, 0.32241812348365784, 0.3222742974758148, 0.3222915530204773, 0.32184407114982605, 0.3216223120689392, 0.3219129145145416, 0.32137173414230347, 0.3211440145969391, 0.3210219442844391, 0.3210847079753876, 0.3209925889968872, 0.3210635483264923, 0.3207693099975586, 0.3205248713493347, 0.32078447937965393, 0.32053595781326294]",33.0,"[33.0, 33.0, 33.0, 33.0, 33.0, 33.0, 33.0, 33.0, 33.0, 33.0, 33.0, 33.0, 33.0, 33.0, 33.0, 33.0, 33.0, 33.0, 33.0, 33.0, 33.0, 33.0, 33.0, 33.0, 33.0, 33.0, 33.0, 33.0, 33.0, 33.0, 33.0, 33.0, 33.0, 33.0, 33.0, 33.0, 33.0, 33.0, 33.0, 33.0, 33.0, 33.0, 33.0, 33.0, 33.0, 33.0, 33.0, 33.0, 33.0, 33.0, 33.0, 33.0, 33.0, 33.0, 33.0, 33.0, 33.0, 33.0, 33.0, 33.0, 33.0, 33.0, 33.0, 33.0, 33.0, 33.0, 33.0, 33.0, 33.0, 33.0, 33.0, 33.0, 33.0, 33.0, 33.0, 33.0, 33.0, 33.0, 33.0, 33.0, 33.0, 33.0, 33.0, 33.0, 33.0, 33.0, 33.0, 33.0, 33.0, 33.0, 33.0, 33.0, 33.0, 33.0, 33.0, 33.0, 33.0, 33.0, 33.0, 33.0, 33.0, 33.0, 33.0, 33.0, 33.0, 33.0, 33.0, 33.0, 33.0, 33.0, 33.0, 33.0, 33.0, 33.0, 33.0, 33.0, 33.0, 33.0, 33.0, 33.0, 33.0, 33.0, 33.0, 33.0, 33.0, 33.0, 33.0, 33.0, 33.0, 33.0, 33.0, 33.0, 33.0, 33.0, 33.0, 33.0, 33.0, 33.0, 33.0, 33.0, 33.0, 33.0, 33.0, 33.0, 33.0, 33.0, 33.0, 33.0, 33.0, 33.0, 33.0, 33.0, 33.0, 33.0, 33.0, 33.0, 33.0, 33.0, 33.0, 33.0, 33.0, 33.0, 33.0, 33.0, 33.0, 33.0, 33.0, 33.0, 33.0, 33.0, 33.0, 33.0, 33.0, 33.0, 33.0, 33.0, 33.0, 33.0, 33.0, 33.0, 33.0, 33.0, 33.0, 33.0, 33.0, 33.0, 33.0, 33.0, 33.0, 33.0]",COMPLETE
