,number,value,datetime_start,datetime_complete,duration,params_batch_size_scaler,params_constant_learning_rate,params_depth,params_epochs,params_kernel_l2,params_num_trees,params_temperature,user_attrs_accuracy_test,user_attrs_accuracy_valid,user_attrs_approximate_feature_sparsity,user_attrs_approximate_feature_sparsity_history,user_attrs_approximate_weight_sparsity,user_attrs_approximate_weight_sparsity_history,user_attrs_auc_test,user_attrs_auc_valid,user_attrs_feature_sparsity,user_attrs_feature_sparsity_history,user_attrs_num_epochs,user_attrs_val_loss_history,user_attrs_weight_sparsity,user_attrs_weight_sparsity_history,state
44,44,0.8196339091342376,2024-08-31 02:17:46.736430,2024-08-31 02:41:23.102828,0 days 00:23:36.366398,1,7.138079103746481,5,460,0.0027332206514791564,91,0.00029729678287061475,0.898,0.8725,32,"[30, 28, 28, 28, 28, 28, 28, 28, 28, 28, 28, 28, 28, 28, 28, 28, 28, 28, 28, 28, 28, 28, 28, 28, 28, 28, 28, 28, 28, 28, 28, 28, 28, 28, 28, 28, 28, 28, 28, 28, 28, 28, 28, 28, 28, 28, 28, 28, 28, 28, 28, 28, 28, 28, 28, 28, 28, 28, 28, 28, 28, 28, 28, 28, 28, 28, 28, 28, 28, 28, 28, 28, 28, 28, 28, 28, 28, 28, 28, 28, 28, 28, 28, 28, 28, 28, 28, 28, 28, 28, 28, 28, 28, 28, 28, 28, 28, 28, 28, 28, 28, 28, 28, 28, 28, 28, 28, 28, 29, 29, 29, 29, 29, 29, 29, 29, 29, 29, 29, 29, 29, 29, 29, 29, 29, 29, 29, 29, 29, 29, 29, 29, 29, 29, 29, 29, 29, 29, 29, 29, 29, 29, 29, 29, 29, 29, 29, 29, 29, 29, 29, 29, 29, 29, 29, 29, 29, 29, 29, 29, 29, 29, 29, 29, 29, 29, 29, 29, 29, 29, 29, 29, 29, 29, 29, 29, 29, 29, 29, 29, 29, 29, 29, 29, 29, 29, 29, 29, 29, 29, 29, 29, 29, 30, 30, 30, 30, 30, 30, 30, 30, 30, 30, 30, 30, 30, 30, 30, 30, 30, 30, 30, 30, 30, 30, 30, 30, 30, 30, 30, 30, 30, 30, 30, 30, 30, 30, 30, 31, 31, 31, 31, 31, 31, 31, 31, 31, 31, 31, 31, 31, 31, 31, 31, 31, 31, 31, 31, 31, 31, 31, 31, 31, 31, 31, 31, 31, 31, 31, 31, 31, 31, 31, 31, 31, 31, 31, 31, 31, 31, 31, 31, 31, 31, 31, 31, 31, 31, 31, 31, 31, 31, 31, 31, 31, 31, 31, 31, 31, 31, 31, 31, 31, 31, 31, 31, 31, 31, 31, 31, 31, 31, 31, 31, 31, 31, 31, 31, 31, 31, 31, 31, 31, 31, 31, 31, 31, 31, 31, 31, 31, 31, 31, 31, 31, 31, 31, 31, 31, 31, 31, 31, 31, 31, 31, 31, 31, 31, 31, 31, 31, 31, 31, 31, 31, 31, 31, 31, 31, 31, 31, 31, 31, 31, 31, 31, 31, 31, 31, 31, 31, 31, 31, 31, 31, 31, 31, 31, 31, 31, 31, 31, 31, 31, 31, 31, 31, 31, 31, 31, 31, 31, 31, 31, 31, 31, 31, 31, 31, 31, 31, 31, 32, 32, 32, 32, 32, 32, 32, 32, 32, 32, 32, 32, 32, 32, 32, 32, 32, 32, 32, 32, 32, 32, 32, 32, 32, 32, 32, 32, 32, 32, 32, 32, 32, 32, 32, 32, 32, 32, 32, 32, 32, 32, 32, 32, 32, 32, 32, 32, 32, 32, 32, 32, 32, 32, 32, 32, 32, 32, 32, 32, 32, 32, 32, 32, 32, 32, 32, 32]",30.22545196738745,"[29.952853598014887, 27.967032967032967, 27.958525345622117, 27.957461892945762, 27.967741935483872, 27.970223325062037, 27.968450903934777, 27.960297766749378, 27.969159872385678, 27.968096419709326, 27.971641261963846, 27.97483161999291, 27.971286777738396, 27.970932293512938, 27.963842609003898, 27.97128677773839, 27.970577809287484, 27.969868840836586, 27.974477135767458, 27.966678482807513, 27.97447713576746, 27.978021978021978, 27.970577809287487, 27.975540588443817, 27.976249556894718, 27.971286777738392, 27.97837646224743, 27.97447713576746, 27.974122651542007, 27.975540588443817, 27.976249556894718, 27.9727047146402, 27.974477135767458, 27.969868840836583, 27.979085430698333, 27.973768167316553, 27.973768167316557, 27.980503367600143, 27.979085430698333, 27.98192130450195, 27.981212336051048, 27.980857851825597, 27.982630272952857, 27.98014888337469, 27.98369372562921, 27.98511166253102, 27.982630272952854, 27.98865650478554, 27.986529599432824, 27.984757178305568, 27.981566820276498, 27.98901098901099, 27.984402694080114, 27.986175115207374, 27.990074441687344, 27.9904289259128, 27.98546614675647, 27.989719957461894, 27.98688408365828, 27.992555831265513, 27.990074441687348, 27.990074441687348, 27.994682736618223, 27.991846862814604, 27.99432825239277, 27.99397376816732, 27.9904289259128, 27.9904289259128, 27.991492378589154, 27.99397376816732, 27.99468273661822, 27.994682736618223, 27.996100673520026, 27.995391705069128, 27.997164126196385, 27.99610067352003, 27.99645515774548, 27.995391705069128, 27.99468273661822, 27.995391705069125, 27.996455157745483, 27.996100673520026, 27.997164126196385, 27.99645515774548, 27.99645515774548, 27.99858206309819, 27.99858206309819, 27.996809641970934, 27.99822757887274, 27.997518610421835, 27.996809641970934, 27.99858206309819, 27.99787309464729, 27.999291031549095, 27.99858206309819, 27.99822757887274, 27.997164126196385, 27.997164126196385, 27.99822757887274, 27.99751861042184, 27.997518610421835, 27.99858206309819, 27.998936547323645, 27.99787309464729, 27.99787309464729, 27.99822757887274, 27.99751861042184, 27.99787309464729, 28.275434243176182, 28.636653668911734, 28.78730946472882, 28.839064161644806, 28.864587025877352, 28.883374689826304, 28.903225806451612, 28.915987238567883, 28.921304501949663, 28.924849344204183, 28.931230060262315, 28.93158454448777, 28.934065934065934, 28.939737681673165, 28.943637008153136, 28.94647288195675, 28.950726692662176, 28.95285359801489, 28.95356256646579, 28.95320808224034, 28.954271534916696, 28.954626019142147, 28.956043956043956, 28.958170861396667, 28.95887982984757, 28.959234314073022, 28.96065225097483, 28.96065225097483, 28.961715703651187, 28.96419709322935, 28.96419709322935, 28.964551577454802, 28.96561503013116, 28.96561503013116, 28.967387451258418, 28.968096419709322, 28.967741935483872, 28.968805388160227, 28.968805388160227, 28.969514356611132, 28.969159872385678, 28.968805388160227, 28.969868840836583, 28.969868840836583, 28.969159872385678, 28.970577809287487, 28.971286777738392, 28.971995746189293, 28.971286777738392, 28.971286777738392, 28.97164126196384, 28.9727047146402, 28.973768167316553, 28.973768167316553, 28.974477135767458, 28.975540588443817, 28.975895072669267, 28.97660404112017, 28.977313009571077, 28.977667493796524, 28.977667493796524, 28.977313009571073, 28.976958525345623, 28.97660404112017, 28.976249556894718, 28.977313009571073, 28.976958525345623, 28.978021978021978, 28.979085430698333, 28.97873094647288, 28.98014888337469, 28.979794399149238, 28.979439914923784, 28.979794399149235, 28.979085430698333, 28.978021978021978, 28.97873094647288, 28.979085430698333, 28.981566820276498, 28.981212336051044, 28.981212336051044, 28.980503367600143, 28.982630272952854, 28.984402694080114, 28.98369372562921, 29.06487061325771, 29.071605813541296, 29.071605813541296, 29.0723147819922, 29.103863878057428, 29.112725983693725, 29.112725983693725, 29.11166253101737, 29.11166253101737, 29.1350584898972, 29.1350584898972, 29.14817440623892, 29.14959234314073, 29.149946827366183, 29.14959234314073, 29.151010280042538, 29.150655795817084, 29.150655795817084, 29.16341722793336, 29.172633817795106, 29.17298830202056, 29.174051754696915, 29.18043247075505, 29.181141439205955, 29.180786954980505, 29.180786954980505, 29.180786954980505, 29.180077986529597, 29.179369018078695, 29.18681318681319, 29.197447713576743, 29.199574618929457, 29.199574618929457, 29.199929103154908, 29.200638071605816, 29.24742998936547, 29.258773484579933, 29.272598369372563, 29.32825239276852, 29.39454094292804, 29.40552995391705, 29.410138248847925, 29.42396313364055, 29.429280397022332, 29.429280397022332, 29.437433534207727, 29.438142502658632, 29.444523218716768, 29.478908188585606, 29.494505494505493, 29.497695852534562, 29.497695852534562, 29.49911378943637, 29.511166253101734, 29.51542006380716, 29.540233959588797, 29.554767812832328, 29.5771003190358, 29.581354129741225, 29.586316908897555, 29.58560794044665, 29.595533498759302, 29.611130804679192, 29.613612194257357, 29.62708259482453, 29.63594470046083, 29.64197093229351, 29.641616448068064, 29.64338886919532, 29.650833037929814, 29.65047855370436, 29.658631690889756, 29.65969514356611, 29.677064870613258, 29.681673165544133, 29.681673165544133, 29.68131868131868, 29.699397376816734, 29.712513293158455, 29.719602977667492, 29.72279333569656, 29.723147819922012, 29.724920241049272, 29.725629209500177, 29.726692662176532, 29.734845799361928, 29.743353420772777, 29.741935483870968, 29.745125841900037, 29.745125841900034, 29.744416873449133, 29.751506557958173, 29.75682382133995, 29.76001417936902, 29.76214108472173, 29.761786600496276, 29.76214108472173, 29.76462247429989, 29.764622474299895, 29.773839064161642, 29.773839064161642, 29.778447359092517, 29.77880184331797, 29.779156327543422, 29.786954980503367, 29.795817086139664, 29.799361928394184, 29.802552286423253, 29.804324707550514, 29.808224034030488, 29.813186813186814, 29.82346685572492, 29.828075150655796, 29.831265508684865, 29.831265508684865, 29.83232896136122, 29.835164835164832, 29.836228287841188, 29.83587380361574, 29.83941864587026, 29.84154555122297, 29.84509039347749, 29.847571783055653, 29.849344204182913, 29.867777383906418, 29.874867068415455, 29.876993973768165, 29.87770294221907, 29.87876639489543, 29.881956752924495, 29.88479262672811, 29.88479262672811, 29.894363700815312, 29.89932647997164, 29.900035448422543, 29.901807869549806, 29.905707196029773, 29.907834101382488, 29.912442396313363, 29.912796880538817, 29.914923785891528, 29.918468628146048, 29.926621765331443, 29.93123006026232, 29.934065934065934, 29.939028713222264, 29.941864587025876, 29.941155618574975, 29.94363700815314, 29.948599787309462, 29.950726692662176, 29.957816377171216, 29.957461892945766, 29.967032967032967, 29.967387451258418, 29.968805388160227, 29.968805388160227, 29.968450903934773, 29.970223325062037, 29.970932293512938, 29.976958525345623, 29.978376462247432, 29.978376462247432, 29.979439914923788, 29.979794399149238, 29.98014888337469, 29.981212336051044, 29.981566820276498, 29.987947536334634, 29.9911378943637, 29.99291031549096, 29.99361928394186, 29.992555831265506, 29.99220134704006, 29.992555831265506, 29.995391705069125, 29.995391705069125, 29.996809641970934, 29.99787309464729, 29.999291031549095, 30.000354484225454, 30.00354484225452, 30.002481389578165, 30.00354484225452, 30.008862105636297, 30.01630627437079, 30.017015242821696, 30.017369727047146, 30.01985111662531, 30.028358738036157, 30.03048564338887, 30.031903580290674, 30.032258064516128, 30.032258064516128, 30.032612548741582, 30.034739454094293, 30.037220843672458, 30.036866359447004, 30.036157390996102, 30.056008507621414, 30.060262318326835, 30.068060971286776, 30.06912442396313, 30.07196029776675, 30.084012761432117, 30.087203119461183, 30.088621056362992, 30.09358383551932, 30.0989010989011, 30.104572846508333, 30.1077632045374, 30.109535625664655, 30.11166253101737, 30.115916341722794, 30.124069478908186, 30.124069478908186, 30.123714994682736, 30.12477844735909, 30.129032258064516, 30.130804679191776, 30.13151364764268, 30.13115916341723, 30.132577100319036, 30.132931584544487, 30.13328606876994, 30.132577100319033, 30.146756469337113, 30.148174406238923, 30.14781992201347, 30.148174406238923, 30.151719248493443, 30.152428216944347, 30.153846153846153, 30.153846153846153, 30.155973059198868, 30.157390996100673, 30.161999291031552, 30.165898617511523, 30.16873449131514, 30.172633817795113, 30.17440623892237, 30.17830556540234, 30.179014533853245, 30.182913860333215, 30.18255937610776, 30.183622828784117, 30.185040765685926, 30.18539524991138, 30.187167671038637, 30.188585607940446, 30.188585607940446, 30.190003544842256, 30.19142148174406, 30.19248493442042, 30.19283941864587, 30.192839418645868, 30.19248493442042, 30.207727756114853, 30.208082240340303, 30.213753987947534, 30.217298830202054, 30.219071251329314, 30.222970577809285, 30.22403403048564, 30.22474299893655, 30.22403403048564, 30.22545196738745]",0.8430180235966281,0.8196339091342376,32,"[30, 28, 28, 28, 28, 28, 28, 28, 28, 28, 28, 28, 28, 28, 28, 28, 28, 28, 28, 28, 28, 28, 28, 28, 28, 28, 28, 28, 28, 28, 28, 28, 28, 28, 28, 28, 28, 28, 28, 28, 28, 28, 28, 28, 28, 28, 28, 28, 28, 28, 28, 28, 28, 28, 28, 28, 28, 28, 28, 28, 28, 28, 28, 28, 28, 28, 28, 28, 28, 28, 28, 28, 28, 28, 28, 28, 28, 28, 28, 28, 28, 28, 28, 28, 28, 28, 28, 28, 28, 28, 28, 28, 28, 28, 28, 28, 28, 28, 28, 28, 28, 28, 28, 28, 28, 28, 28, 28, 29, 29, 29, 29, 29, 29, 29, 29, 29, 29, 29, 29, 29, 29, 29, 29, 29, 29, 29, 29, 29, 29, 29, 29, 29, 29, 29, 29, 29, 29, 29, 29, 29, 29, 29, 29, 29, 29, 29, 29, 29, 29, 29, 29, 29, 29, 29, 29, 29, 29, 29, 29, 29, 29, 29, 29, 29, 29, 29, 29, 29, 29, 29, 29, 29, 29, 29, 29, 29, 29, 29, 29, 29, 29, 29, 29, 29, 29, 29, 29, 29, 29, 29, 29, 29, 30, 30, 30, 30, 30, 30, 30, 30, 30, 30, 30, 30, 30, 30, 30, 30, 30, 30, 30, 30, 30, 30, 30, 30, 30, 30, 30, 30, 30, 30, 30, 30, 30, 30, 30, 31, 31, 31, 31, 31, 31, 31, 31, 31, 31, 31, 31, 31, 31, 31, 31, 31, 31, 31, 31, 31, 31, 31, 31, 31, 31, 31, 31, 31, 31, 31, 31, 31, 31, 31, 31, 31, 31, 31, 31, 31, 31, 31, 31, 31, 31, 31, 31, 31, 31, 31, 31, 31, 31, 31, 31, 31, 31, 31, 31, 31, 31, 31, 31, 31, 31, 31, 31, 31, 31, 31, 31, 31, 31, 31, 31, 31, 31, 31, 31, 31, 31, 31, 31, 31, 31, 31, 31, 31, 31, 31, 31, 31, 31, 31, 31, 31, 31, 31, 31, 31, 31, 31, 31, 31, 31, 31, 31, 31, 31, 31, 31, 31, 31, 31, 31, 31, 31, 31, 31, 31, 31, 31, 31, 31, 31, 31, 31, 31, 31, 31, 31, 31, 31, 31, 31, 31, 31, 31, 31, 31, 31, 31, 31, 31, 31, 31, 31, 31, 31, 31, 31, 31, 31, 31, 31, 31, 31, 31, 31, 31, 31, 31, 31, 32, 32, 32, 32, 32, 32, 32, 32, 32, 32, 32, 32, 32, 32, 32, 32, 32, 32, 32, 32, 32, 32, 32, 32, 32, 32, 32, 32, 32, 32, 32, 32, 32, 32, 32, 32, 32, 32, 32, 32, 32, 32, 32, 32, 32, 32, 32, 32, 32, 32, 32, 32, 32, 32, 32, 32, 32, 32, 32, 32, 32, 32, 32, 32, 32, 32, 32, 32]",460,"[0.7110089659690857, 1.378991961479187, 0.7976158261299133, 0.3725053071975708, 0.3155163824558258, 0.32168570160865784, 0.3834470510482788, 0.47501981258392334, 0.4731369912624359, 0.4724791347980499, 0.674393892288208, 0.4985693693161011, 0.34951186180114746, 0.5145872235298157, 0.4654223322868347, 0.6305091381072998, 0.5936514139175415, 0.569949209690094, 0.7134979367256165, 0.6219629049301147, 0.7794426679611206, 0.7301490306854248, 0.6485089659690857, 0.7257448434829712, 0.8568155169487, 1.1908414363861084, 1.0419044494628906, 0.7787540555000305, 0.8731957077980042, 1.3319287300109863, 0.963106095790863, 1.1614737510681152, 1.032124638557434, 1.4938212633132935, 0.9906598925590515, 1.3875569105148315, 1.2707971334457397, 2.048020839691162, 1.5996605157852173, 1.376116156578064, 1.5260313749313354, 1.3534716367721558, 1.6562857627868652, 1.359653353691101, 1.6750260591506958, 1.6379390954971313, 1.6967880725860596, 1.8742583990097046, 1.9181016683578491, 2.391761541366577, 2.3626699447631836, 1.7669976949691772, 1.9835882186889648, 2.2746291160583496, 2.589007616043091, 2.202763795852661, 2.5905728340148926, 2.425948143005371, 3.02325439453125, 3.067474603652954, 2.1771726608276367, 2.8690741062164307, 2.7123208045959473, 3.3399975299835205, 2.916322946548462, 2.8633859157562256, 2.7954092025756836, 3.5140039920806885, 3.884249687194824, 4.672540664672852, 3.8681745529174805, 4.457919597625732, 4.441045761108398, 3.733583450317383, 3.8693506717681885, 3.3741397857666016, 5.154486179351807, 5.090483665466309, 5.9067912101745605, 5.5232696533203125, 5.270976543426514, 5.3984575271606445, 5.2407097816467285, 6.504181385040283, 5.566183090209961, 5.7824931144714355, 5.700843334197998, 5.7312397956848145, 5.897818088531494, 5.605371475219727, 6.33748722076416, 5.586087226867676, 5.389036178588867, 6.6131463050842285, 6.713686943054199, 6.91977071762085, 5.750698089599609, 6.478952407836914, 7.046467304229736, 6.1852641105651855, 6.232364654541016, 7.110742092132568, 6.570980072021484, 7.857572555541992, 7.546222686767578, 7.518472194671631, 7.5524773597717285, 7.831780910491943, 9.455606460571289, 6.779799938201904, 6.922370433807373, 6.551699161529541, 6.9900221824646, 7.262972831726074, 7.3751397132873535, 7.833583354949951, 7.231500148773193, 7.541121959686279, 7.147952079772949, 7.447447299957275, 7.2962775230407715, 6.9269585609436035, 6.420253276824951, 6.491819381713867, 7.924747467041016, 7.822333812713623, 7.342103958129883, 6.782179355621338, 8.298885345458984, 6.993353843688965, 7.453248500823975, 7.680765151977539, 6.643945217132568, 7.7172417640686035, 7.488585948944092, 7.383682727813721, 7.349637508392334, 8.003740310668945, 7.034475326538086, 7.488938808441162, 8.261759757995605, 7.329601287841797, 7.712066173553467, 7.251760482788086, 7.6502861976623535, 7.723869800567627, 7.601690292358398, 7.801136016845703, 8.135324478149414, 6.979124546051025, 6.35775089263916, 7.2861328125, 9.14352035522461, 7.910778999328613, 8.567541122436523, 8.296221733093262, 7.374325752258301, 7.219192981719971, 7.953556060791016, 7.8487772941589355, 9.114638328552246, 9.291399002075195, 9.398845672607422, 8.534778594970703, 9.54146671295166, 8.826081275939941, 8.626080513000488, 9.05211067199707, 9.829992294311523, 9.38094711303711, 9.516836166381836, 8.394781112670898, 9.245506286621094, 9.11689281463623, 9.545768737792969, 9.531506538391113, 9.549201011657715, 9.554195404052734, 9.701045036315918, 9.340312957763672, 8.7847900390625, 10.133707046508789, 11.66717529296875, 10.217360496520996, 9.688155174255371, 9.472076416015625, 8.937104225158691, 8.697854995727539, 8.485107421875, 8.806631088256836, 8.901470184326172, 9.566244125366211, 10.105674743652344, 9.417171478271484, 10.384591102600098, 9.723898887634277, 9.705548286437988, 9.795486450195312, 9.205711364746094, 8.94940185546875, 9.542315483093262, 9.7510347366333, 10.511246681213379, 10.406930923461914, 9.581073760986328, 10.250060081481934, 10.777090072631836, 10.336605072021484, 10.3329496383667, 10.251363754272461, 10.13255786895752, 10.270190238952637, 9.726712226867676, 10.449962615966797, 10.730546951293945, 10.279781341552734, 11.343003273010254, 10.501635551452637, 10.810433387756348, 10.516489028930664, 11.278966903686523, 10.698494911193848, 10.213412284851074, 11.759394645690918, 10.997474670410156, 9.882699012756348, 9.801880836486816, 9.407390594482422, 9.991615295410156, 10.449810981750488, 11.452465057373047, 10.669463157653809, 10.87907600402832, 9.887003898620605, 9.263154029846191, 10.29918098449707, 10.894373893737793, 10.572226524353027, 10.428783416748047, 11.23342514038086, 11.058686256408691, 11.06363296508789, 10.311010360717773, 9.586019515991211, 9.590167045593262, 9.828936576843262, 10.357281684875488, 12.540587425231934, 11.996805191040039, 11.344198226928711, 11.058572769165039, 10.809935569763184, 10.470419883728027, 11.166047096252441, 10.563504219055176, 10.85230827331543, 10.845537185668945, 11.176460266113281, 11.111372947692871, 11.227389335632324, 10.410588264465332, 11.136792182922363, 11.304058074951172, 10.796046257019043, 11.194851875305176, 10.361527442932129, 10.59326457977295, 10.221823692321777, 11.53292465209961, 9.383648872375488, 10.062012672424316, 9.715503692626953, 10.399234771728516, 9.349353790283203, 10.052257537841797, 9.824817657470703, 10.621922492980957, 9.985260009765625, 11.276363372802734, 10.423977851867676, 10.398123741149902, 10.264981269836426, 10.646388053894043, 10.519577980041504, 10.819684028625488, 10.175256729125977, 11.404747009277344, 11.662334442138672, 10.871662139892578, 11.63687515258789, 11.75595474243164, 11.178720474243164, 11.583931922912598, 11.167082786560059, 11.154749870300293, 11.060555458068848, 12.435276985168457, 11.695291519165039, 11.593236923217773, 11.678105354309082, 10.701641082763672, 10.495757102966309, 10.505122184753418, 10.198814392089844, 10.707858085632324, 10.201194763183594, 11.203319549560547, 11.26467514038086, 11.900006294250488, 11.596844673156738, 10.857721328735352, 11.52798080444336, 12.629107475280762, 12.082022666931152, 11.54384994506836, 10.700538635253906, 10.852372169494629, 10.515825271606445, 11.333508491516113, 12.311200141906738, 12.064701080322266, 10.600920677185059, 11.648477554321289, 14.745593070983887, 12.564963340759277, 12.955605506896973, 13.297538757324219, 12.86746597290039, 11.87867546081543, 12.494277000427246, 12.762084007263184, 14.165000915527344, 14.822545051574707, 12.329063415527344, 11.897274017333984, 13.273889541625977, 13.233559608459473, 12.124149322509766, 12.476509094238281, 12.973921775817871, 11.628567695617676, 11.397610664367676, 11.710977554321289, 12.00240707397461, 12.541245460510254, 11.943096160888672, 11.967909812927246, 11.955065727233887, 10.989039421081543, 12.765419006347656, 11.466979026794434, 10.781780242919922, 9.98840618133545, 10.580903053283691, 11.089822769165039, 10.967876434326172, 10.526087760925293, 11.52369499206543, 11.460505485534668, 11.635059356689453, 12.316266059875488, 11.332579612731934, 12.853715896606445, 12.432278633117676, 10.806112289428711, 11.634688377380371, 12.391382217407227, 11.504837989807129, 11.052264213562012, 11.473902702331543, 12.126164436340332, 12.370155334472656, 12.335803031921387, 12.266901969909668, 12.802881240844727, 13.266197204589844, 13.086627006530762, 13.133719444274902, 13.255297660827637, 12.498435020446777, 13.01307487487793, 12.667176246643066, 11.96448040008545, 11.893860816955566, 11.574936866760254, 12.779356956481934, 11.763145446777344, 12.29675579071045, 12.824049949645996, 12.498274803161621, 11.672924995422363, 12.323225021362305, 12.242496490478516, 11.716277122497559, 11.0537109375, 10.992088317871094, 12.745478630065918, 11.929156303405762, 11.769783020019531, 11.693384170532227, 11.539567947387695, 11.897682189941406, 11.612929344177246, 12.882408142089844, 11.018692970275879, 12.360527038574219, 11.351156234741211, 11.455474853515625, 11.932890892028809, 11.172861099243164, 10.820435523986816, 11.169672966003418, 11.200657844543457, 12.36270523071289, 10.54574203491211, 10.2212495803833, 9.890512466430664, 10.64902114868164, 10.867198944091797, 10.959074974060059, 10.45745849609375, 11.546443939208984, 12.218799591064453, 12.502432823181152, 13.293663024902344, 11.827291488647461, 12.696441650390625, 11.53594970703125, 10.15220832824707