,number,value,datetime_start,datetime_complete,duration,params_batch_size_scaler,params_constant_learning_rate,params_depth,params_epochs,params_kernel_l2,params_num_trees,params_temperature,user_attrs_accuracy_test,user_attrs_accuracy_valid,user_attrs_approximate_feature_sparsity,user_attrs_approximate_feature_sparsity_history,user_attrs_approximate_weight_sparsity,user_attrs_approximate_weight_sparsity_history,user_attrs_auc_test,user_attrs_auc_valid,user_attrs_feature_sparsity,user_attrs_feature_sparsity_history,user_attrs_num_epochs,user_attrs_val_loss_history,user_attrs_weight_sparsity,user_attrs_weight_sparsity_history,state
32,32,0.5,2024-08-31 01:44:32.466555,2024-08-31 01:45:18.457252,0 days 00:00:45.990697,4,0.35283450588921256,1,315,0.04285784762532874,48,0.009170901752939256,0.859,0.85875,0,"[33, 3, 1, 1, 1, 1, 1, 1, 1, 1, 1, 1, 1, 1, 1, 1, 1, 1, 1, 1, 1, 1, 1, 1, 1, 1, 1, 1, 1, 1, 1, 1, 1, 1, 0, 0, 0, 0, 0, 0, 0, 0, 0, 0, 0, 0, 0, 0, 0, 0, 0, 0, 0, 0, 0, 0, 0, 0, 0, 0, 0, 0, 0, 0, 0, 0, 0, 0, 0, 0, 0, 0, 0, 0, 0, 0, 0, 0, 0, 0, 0, 0, 0, 0, 0, 0, 0, 0, 0, 0, 0, 0, 0, 0, 0, 0, 0, 0, 0, 0, 0, 0, 0, 0, 0, 0, 0, 0, 0, 0, 0, 0, 0, 0, 0, 0, 0, 0, 0, 0, 0, 0, 0, 0, 0, 0, 0, 0, 0, 0, 0, 0, 0, 0, 0, 0, 0, 0, 0, 0, 0, 0, 0, 0, 0, 0, 0, 0, 0, 0, 0, 0, 0, 0, 0, 0, 0, 0, 0, 0, 0, 0, 0, 0, 0, 0, 0, 0, 0, 0, 0, 0, 0, 0, 0, 0, 0, 0, 0, 0, 0, 0, 0, 0, 0, 0, 0, 0, 0, 0, 0, 0, 0, 0, 0, 0, 0, 0, 0, 0, 0, 0, 0, 0, 0, 0, 0, 0, 0, 0, 0, 0, 0, 0, 0, 0, 0, 0, 0, 0, 0, 0, 0, 0, 0, 0, 0, 0, 0, 0, 0, 0, 0, 0, 0, 0, 0, 0, 0, 0, 0, 0, 0, 0, 0, 0, 0, 0, 0, 0, 0, 0, 0, 0, 0, 0, 0, 0, 0, 0, 0, 0, 0, 0, 0, 0, 0, 0, 0, 0, 0, 0, 0, 0, 0, 0, 0, 0, 0, 0, 0, 0, 0, 0, 0, 0, 0, 0, 0, 0, 0, 0, 0, 0, 0, 0, 0, 0, 0, 0, 0, 0, 0, 0, 0, 0, 0, 0, 0, 0, 0, 0, 0, 0, 0]",0.0,"[32.979166666666664, 3.0, 1.0, 1.0, 1.0, 1.0, 1.0, 1.0, 1.0, 1.0, 1.0, 1.0, 1.0, 1.0, 1.0, 1.0, 1.0, 1.0, 1.0, 1.0, 1.0, 1.0, 1.0, 1.0, 1.0, 1.0, 1.0, 1.0, 1.0, 1.0, 1.0, 1.0, 1.0, 1.0, 0.0, 0.0, 0.0, 0.0, 0.0, 0.0, 0.0, 0.0, 0.0, 0.0, 0.0, 0.0, 0.0, 0.0, 0.0, 0.0, 0.0, 0.0, 0.0, 0.0, 0.0, 0.0, 0.0, 0.0, 0.0, 0.0, 0.0, 0.0, 0.0, 0.0, 0.0, 0.0, 0.0, 0.0, 0.0, 0.0, 0.0, 0.0, 0.0, 0.0, 0.0, 0.0, 0.0, 0.0, 0.0, 0.0, 0.0, 0.0, 0.0, 0.0, 0.0, 0.0, 0.0, 0.0, 0.0, 0.0, 0.0, 0.0, 0.0, 0.0, 0.0, 0.0, 0.0, 0.0, 0.0, 0.0, 0.0, 0.0, 0.0, 0.0, 0.0, 0.0, 0.0, 0.0, 0.0, 0.0, 0.0, 0.0, 0.0, 0.0, 0.0, 0.0, 0.0, 0.0, 0.0, 0.0, 0.0, 0.0, 0.0, 0.0, 0.0, 0.0, 0.0, 0.0, 0.0, 0.0, 0.0, 0.0, 0.0, 0.0, 0.0, 0.0, 0.0, 0.0, 0.0, 0.0, 0.0, 0.0, 0.0, 0.0, 0.0, 0.0, 0.0, 0.0, 0.0, 0.0, 0.0, 0.0, 0.0, 0.0, 0.0, 0.0, 0.0, 0.0, 0.0, 0.0, 0.0, 0.0, 0.0, 0.0, 0.0, 0.0, 0.0, 0.0, 0.0, 0.0, 0.0, 0.0, 0.0, 0.0, 0.0, 0.0, 0.0, 0.0, 0.0, 0.0, 0.0, 0.0, 0.0, 0.0, 0.0, 0.0, 0.0, 0.0, 0.0, 0.0, 0.0, 0.0, 0.0, 0.0, 0.0, 0.0, 0.0, 0.0, 0.0, 0.0, 0.0, 0.0, 0.0, 0.0, 0.0, 0.0, 0.0, 0.0, 0.0, 0.0, 0.0, 0.0, 0.0, 0.0, 0.0, 0.0, 0.0, 0.0, 0.0, 0.0, 0.0, 0.0, 0.0, 0.0, 0.0, 0.0, 0.0, 0.0, 0.0, 0.0, 0.0, 0.0, 0.0, 0.0, 0.0, 0.0, 0.0, 0.0, 0.0, 0.0, 0.0, 0.0, 0.0, 0.0, 0.0, 0.0, 0.0, 0.0, 0.0, 0.0, 0.0, 0.0, 0.0, 0.0, 0.0, 0.0, 0.0, 0.0, 0.0, 0.0, 0.0, 0.0, 0.0, 0.0, 0.0, 0.0, 0.0, 0.0, 0.0, 0.0, 0.0, 0.0, 0.0, 0.0, 0.0, 0.0, 0.0, 0.0, 0.0, 0.0, 0.0, 0.0, 0.0, 0.0, 0.0, 0.0, 0.0, 0.0, 0.0, 0.0, 0.0, 0.0, 0.0, 0.0, 0.0, 0.0, 0.0, 0.0, 0.0, 0.0, 0.0, 0.0, 0.0, 0.0, 0.0, 0.0, 0.0, 0.0, 0.0, 0.0, 0.0, 0.0, 0.0, 0.0, 0.0]",0.5,0.5,0,"[33, 3, 1, 1, 1, 1, 1, 1, 1, 1, 1, 1, 1, 1, 1, 1, 1, 1, 1, 1, 1, 1, 1, 1, 1, 1, 1, 1, 1, 1, 1, 1, 1, 1, 0, 0, 0, 0, 0, 0, 0, 0, 0, 0, 0, 0, 0, 0, 0, 0, 0, 0, 0, 0, 0, 0, 0, 0, 0, 0, 0, 0, 0, 0, 0, 0, 0, 0, 0, 0, 0, 0, 0, 0, 0, 0, 0, 0, 0, 0, 0, 0, 0, 0, 0, 0, 0, 0, 0, 0, 0, 0, 0, 0, 0, 0, 0, 0, 0, 0, 0, 0, 0, 0, 0, 0, 0, 0, 0, 0, 0, 0, 0, 0, 0, 0, 0, 0, 0, 0, 0, 0, 0, 0, 0, 0, 0, 0, 0, 0, 0, 0, 0, 0, 0, 0, 0, 0, 0, 0, 0, 0, 0, 0, 0, 0, 0, 0, 0, 0, 0, 0, 0, 0, 0, 0, 0, 0, 0, 0, 0, 0, 0, 0, 0, 0, 0, 0, 0, 0, 0, 0, 0, 0, 0, 0, 0, 0, 0, 0, 0, 0, 0, 0, 0, 0, 0, 0, 0, 0, 0, 0, 0, 0, 0, 0, 0, 0, 0, 0, 0, 0, 0, 0, 0, 0, 0, 0, 0, 0, 0, 0, 0, 0, 0, 0, 0, 0, 0, 0, 0, 0, 0, 0, 0, 0, 0, 0, 0, 0, 0, 0, 0, 0, 0, 0, 0, 0, 0, 0, 0, 0, 0, 0, 0, 0, 0, 0, 0, 0, 0, 0, 0, 0, 0, 0, 0, 0, 0, 0, 0, 0, 0, 0, 0, 0, 0, 0, 0, 0, 0, 0, 0, 0, 0, 0, 0, 0, 0, 0, 0, 0, 0, 0, 0, 0, 0, 0, 0, 0, 0, 0, 0, 0, 0, 0, 0, 0, 0, 0, 0, 0, 0, 0, 0, 0, 0, 0, 0, 0, 0, 0, 0, 0, 0]",315,"[0.4556347727775574, 0.6539429426193237, 0.7598112225532532, 0.388612300157547, 0.39260220527648926, 0.4894987940788269, 0.4510921835899353, 0.3898327946662903, 0.49058830738067627, 0.4216388761997223, 0.39394447207450867, 0.4252372086048126, 0.41383135318756104, 0.42806947231292725, 0.4072895348072052, 0.47936832904815674, 0.46670040488243103, 0.3948921263217926, 0.42386195063591003, 0.3847963809967041, 0.5576582551002502, 0.40636175870895386, 0.38456273078918457, 0.49040359258651733, 0.3855595886707306, 0.3925977647304535, 0.44405704736709595, 0.386814683675766, 0.38541656732559204, 0.41352203488349915, 0.7955703139305115, 0.385996550321579, 0.5993540287017822, 0.38815733790397644, 0.6029717326164246, 0.5776186585426331, 0.4072367548942566, 0.45452606678009033, 0.6590019464492798, 0.48273056745529175, 0.7890760898590088, 0.41844072937965393, 0.455094575881958, 0.41822201013565063, 0.41477707028388977, 0.44017332792282104, 0.40918973088264465, 0.5561166405677795, 0.40768149495124817, 0.4281674325466156, 0.41387325525283813, 0.4543497562408447, 0.45665642619132996, 0.6758027076721191, 0.43037092685699463, 0.4337413012981415, 0.5707554817199707, 0.6668245792388916, 0.44254398345947266, 0.4433981776237488, 0.42104044556617737, 0.47105008363723755, 0.45773619413375854, 0.5305753350257874, 0.4264187514781952, 0.4288100302219391, 0.41126060485839844, 0.4084949195384979, 0.4588382840156555, 0.40896740555763245, 0.50435870885849, 0.41277068853378296, 0.40723544359207153, 0.6079609990119934, 0.412875771522522, 0.4714871346950531, 1.263759732246399, 0.5893557071685791, 0.4485219717025757, 0.43010932207107544, 0.4153933823108673, 0.4339528977870941, 0.4153912663459778, 0.4202709496021271, 0.4076043963432312, 0.44799983501434326, 0.608506441116333, 0.4184451699256897, 0.6100411415100098, 0.4095982611179352, 0.5273954272270203, 0.6669577956199646, 0.41812393069267273, 0.4952648878097534, 0.4776538014411926, 0.44964462518692017, 1.0642483234405518, 0.5320064425468445, 0.5240615606307983, 0.4971643090248108, 0.6074463725090027, 0.4089460074901581, 0.6674808263778687, 0.43241435289382935, 0.42094576358795166, 0.5050957202911377, 0.44050827622413635, 0.408806711435318, 0.41582825779914856, 0.5030122995376587, 0.4368683993816376, 0.40795570611953735, 0.4167132079601288, 0.6514273285865784, 0.40827980637550354, 0.7794341444969177, 0.40734145045280457, 0.4865553379058838, 0.6559661626815796, 0.40771785378456116, 0.40722858905792236, 0.4175890386104584, 0.40817251801490784, 0.4110042154788971, 0.4469274580478668, 0.5632739067077637, 0.9541530609130859, 0.6686257719993591, 0.42242103815078735, 0.47497546672821045, 0.44098150730133057, 0.47136199474334717, 0.43531128764152527, 0.41309890151023865, 0.4073384404182434, 0.4149567484855652, 0.4471372365951538, 0.408041387796402, 0.5826760530471802, 0.4474234879016876, 0.4169591963291168, 0.41827818751335144, 0.46833285689353943, 0.4331028461456299, 0.4136635661125183, 0.4789947271347046, 0.4269844889640808, 0.5650527477264404, 0.40785011649131775, 0.4675716459751129, 0.4072490930557251, 0.6173750758171082, 0.42866066098213196, 0.4073037803173065, 0.4075962007045746, 0.5579202771186829, 0.4081236720085144, 0.4396269917488098, 0.5041761994361877, 0.4168475270271301, 0.41660264134407043, 0.6488743424415588, 0.42355290055274963, 0.4079306721687317, 0.4402930736541748, 0.4548628330230713, 0.537922203540802, 0.5192627906799316, 0.44069191813468933, 0.45082512497901917, 0.4322243630886078, 0.4647948741912842, 0.4115636944770813, 0.4075184762477875, 0.41706961393356323, 0.40826770663261414, 0.5287860631942749, 0.43814560770988464, 0.40961936116218567, 0.4382416605949402, 0.5956809520721436, 0.4472144842147827, 0.5451010465621948, 0.46664929389953613, 0.473324179649353, 0.4072765111923218, 0.524971067905426, 0.8650199770927429, 0.4309631586074829, 0.41538920998573303, 0.4090927839279175, 0.4160001873970032, 0.4215919077396393, 0.40780773758888245, 0.6105365753173828, 0.4290338456630707, 0.4166460931301117, 0.4151419699192047, 0.4093422591686249, 0.41299423575401306, 0.42480984330177307, 0.6656287312507629, 0.4324615001678467, 0.40864449739456177, 0.5118233561515808, 0.42021042108535767, 0.8266095519065857, 0.41697531938552856, 0.48642048239707947, 0.40781402587890625, 0.4079946279525757, 0.43099719285964966, 0.48980164527893066, 0.4382154047489166, 0.45693251490592957, 0.4889502227306366, 0.4778856337070465, 0.5605852007865906, 0.41905584931373596, 0.4393044710159302, 0.46063271164894104, 0.4339282214641571, 0.40794166922569275, 0.6875548362731934, 0.7509753704071045, 0.4169915020465851, 0.4111936688423157, 0.41955745220184326, 0.4561113715171814, 0.42044079303741455, 0.6321628093719482, 0.407261461019516, 0.4516448676586151, 0.46761971712112427, 0.4085477888584137, 0.4130108654499054, 0.4358949661254883, 0.41733691096305847, 0.4094296991825104, 0.5485825538635254, 0.4115352928638458, 0.603754460811615, 0.41455990076065063, 0.4117063879966736, 0.4182804822921753, 0.4150184988975525, 0.40770041942596436, 0.4280974864959717, 0.41609010100364685, 0.47967442870140076, 0.4904012680053711, 0.4078245460987091, 0.4647780656814575, 0.40874090790748596, 0.5117669701576233, 0.8851106762886047, 0.434062659740448, 0.4075647294521332, 0.43661972880363464, 0.4622139632701874, 0.5195169448852539, 0.5288341641426086, 0.443757027387619, 0.5144598484039307, 0.42364922165870667, 0.42400267720222473, 0.40837761759757996, 0.7722001671791077, 0.4080770015716553, 0.40888527035713196, 0.6056596636772156, 0.4600997269153595, 0.5006225109100342, 0.4534691274166107, 0.4307688772678375, 0.499221533536911, 0.4072584807872772, 0.6940560340881348, 0.4743081331253052, 0.4515177607536316, 0.41820552945137024, 0.40850478410720825, 0.43795913457870483, 0.41265660524368286, 0.46584782004356384, 0.4178815484046936, 0.4101221561431885, 0.4123421609401703, 0.509993314743042, 0.8324801921844482, 0.43838226795196533, 0.47343704104423523, 0.571788489818573, 0.460271954536438, 0.7873273491859436, 0.4708239734172821, 0.4738946557044983, 0.40724465250968933, 0.7869349122047424, 0.5133082866668701, 0.4357318878173828, 0.4389122426509857, 0.5209625363349915, 0.41448262333869934, 0.44291064143180847, 0.4074436128139496, 1.0500497817993164, 0.491786926984787, 0.5705990791320801, 0.4470541477203369, 0.40842577815055847, 0.4848705530166626, 0.4157794117927551, 0.408107191324234, 0.408098042011261]",0.0,"[33.0, 3.0, 1.0, 1.0, 1.0, 1.0, 1.0, 1.0, 1.0, 1.0, 1.0, 1.0, 1.0, 1.0, 1.0, 1.0, 1.0, 1.0, 1.0, 1.0, 1.0, 1.0, 1.0, 1.0, 1.0, 1.0, 1.0, 1.0, 1.0, 1.0, 1.0, 1.0, 1.0, 1.0, 0.0, 0.0, 0.0, 0.0, 0.0, 0.0, 0.0, 0.0, 0.0, 0.0, 0.0, 0.0, 0.0, 0.0, 0.0, 0.0, 0.0, 0.0, 0.0, 0.0, 0.0, 0.0, 0.0, 0.0, 0.0, 0.0, 0.0, 0.0, 0.0, 0.0, 0.0, 0.0, 0.0, 0.0, 0.0, 0.0, 0.0, 0.0, 0.0, 0.0, 0.0, 0.0, 0.0, 0.0, 0.0, 0.0, 0.0, 0.0, 0.0, 0.0, 0.0, 0.0, 0.0, 0.0, 0.0, 0.0, 0.0, 0.0, 0.0, 0.0, 0.0, 0.0, 0.0, 0.0, 0.0, 0.0, 0.0, 0.0, 0.0, 0.0, 0.0, 0.0, 0.0, 0.0, 0.0, 0.0, 0.0, 0.0, 0.0, 0.0, 0.0, 0.0, 0.0, 0.0, 0.0, 0.0, 0.0, 0.0, 0.0, 0.0, 0.0, 0.0, 0.0, 0.0, 0.0, 0.0, 0.0, 0.0, 0.0, 0.0, 0.0, 0.0, 0.0, 0.0, 0.0, 0.0, 0.0, 0.0, 0.0, 0.0, 0.0, 0.0, 0.0, 0.0, 0.0, 0.0, 0.0, 0.0, 0.0, 0.0, 0.0, 0.0, 0.0, 0.0, 0.0, 0.0, 0.0, 0.0, 0.0, 0.0, 0.0, 0.0, 0.0, 0.0, 0.0, 0.0, 0.0, 0.0, 0.0, 0.0, 0.0, 0.0, 0.0, 0.0, 0.0, 0.0, 0.0, 0.0, 0.0, 0.0, 0.0, 0.0, 0.0, 0.0, 0.0, 0.0, 0.0, 0.0, 0.0, 0.0, 0.0, 0.0, 0.0, 0.0, 0.0, 0.0, 0.0, 0.0, 0.0, 0.0, 0.0, 0.0, 0.0, 0.0, 0.0, 0.0, 0.0, 0.0, 0.0, 0.0, 0.0, 0.0, 0.0, 0.0, 0.0, 0.0, 0.0, 0.0, 0.0, 0.0, 0.0, 0.0, 0.0, 0.0, 0.0, 0.0, 0.0, 0.0, 0.0, 0.0, 0.0, 0.0, 0.0, 0.0, 0.0, 0.0, 0.0, 0.0, 0.0, 0.0, 0.0, 0.0, 0.0, 0.0, 0.0, 0.0, 0.0, 0.0, 0.0, 0.0, 0.0, 0.0, 0.0, 0.0, 0.0, 0.0, 0.0, 0.0, 0.0, 0.0, 0.0, 0.0, 0.0, 0.0, 0.0, 0.0, 0.0, 0.0, 0.0, 0.0, 0.0, 0.0, 0.0, 0.0, 0.0, 0.0, 0.0, 0.0, 0.0, 0.0, 0.0, 0.0, 0.0, 0.0, 0.0, 0.0, 0.0, 0.0, 0.0, 0.0, 0.0, 0.0, 0.0, 0.0, 0.0, 0.0, 0.0, 0.0, 0.0, 0.0, 0.0, 0.0, 0.0, 0.0, 0.0, 0.0, 0.0, 0.0, 0.0, 0.0, 0.0]",COMPLETE
