,number,value,datetime_start,datetime_complete,duration,params_batch_size_scaler,params_constant_learning_rate,params_depth,params_epochs,params_kernel_l2,params_num_trees,params_temperature,user_attrs_accuracy_test,user_attrs_accuracy_valid,user_attrs_approximate_feature_sparsity,user_attrs_approximate_feature_sparsity_history,user_attrs_approximate_weight_sparsity,user_attrs_approximate_weight_sparsity_history,user_attrs_auc_test,user_attrs_auc_valid,user_attrs_feature_sparsity,user_attrs_feature_sparsity_history,user_attrs_num_epochs,user_attrs_val_loss_history,user_attrs_weight_sparsity,user_attrs_weight_sparsity_history,state
36,36,0.9126122296505261,2024-08-31 01:57:11.804488,2024-08-31 02:01:47.397960,0 days 00:04:35.593472,16,8.398874900175189,6,275,0.03795576960085057,64,0.0002548494550217748,0.942,0.93375,17,"[33, 33, 33, 33, 33, 33, 33, 33, 33, 33, 33, 31, 25, 24, 23, 23, 22, 21, 21, 21, 21, 21, 21, 21, 21, 21, 21, 21, 21, 19, 19, 19, 18, 18, 18, 18, 18, 18, 18, 18, 18, 18, 18, 18, 18, 18, 18, 18, 18, 18, 18, 18, 18, 18, 18, 18, 18, 18, 18, 18, 18, 18, 18, 18, 18, 18, 18, 18, 18, 18, 18, 18, 18, 18, 18, 18, 18, 18, 18, 18, 18, 18, 18, 18, 18, 18, 18, 18, 18, 18, 18, 18, 18, 18, 18, 18, 18, 18, 18, 18, 18, 18, 18, 18, 18, 18, 18, 18, 18, 18, 18, 18, 18, 18, 18, 18, 18, 18, 18, 18, 18, 18, 18, 18, 18, 18, 18, 18, 18, 18, 18, 18, 18, 18, 18, 18, 18, 18, 18, 18, 18, 18, 18, 18, 18, 18, 18, 18, 18, 18, 18, 18, 18, 18, 18, 18, 18, 18, 18, 18, 18, 18, 18, 18, 18, 18, 18, 18, 18, 18, 18, 18, 18, 18, 18, 18, 18, 18, 18, 18, 18, 18, 18, 18, 18, 18, 18, 18, 18, 18, 18, 18, 18, 18, 18, 18, 18, 18, 18, 18, 18, 18, 18, 18, 18, 18, 18, 18, 18, 18, 18, 18, 18, 18, 18, 18, 18, 18, 18, 18, 18, 18, 18, 18, 18, 18, 18, 18, 18, 18, 18, 18, 18, 18, 18, 18, 18, 18, 18, 18, 18, 18, 18, 18, 18, 18, 18, 18, 18, 18, 18, 18, 18, 18, 18, 18, 18, 18, 18, 18, 18, 18, 18, 18, 18, 17, 17, 17, 17, 17, 17, 17, 17, 17, 17]",16.95486111111111,"[32.91641865079365, 32.9188988095238, 32.916666666666664, 32.92212301587301, 32.91815476190476, 32.91865079365079, 32.91815476190476, 32.91344246031746, 32.916666666666664, 32.92460317460317, 32.91914682539682, 30.92981150793651, 24.93923611111111, 23.946428571428573, 22.949404761904763, 22.944444444444443, 21.954613095238095, 20.94965277777778, 20.958829365079364, 20.949404761904763, 20.942708333333336, 20.951636904761905, 20.95436507936508, 20.953373015873016, 20.947668650793652, 20.94717261904762, 20.956349206349206, 20.947916666666668, 20.953621031746028, 18.960813492063494, 18.95982142857143, 18.955357142857142, 17.9625496031746, 17.958333333333332, 17.95858134920635, 17.957589285714285, 17.95486111111111, 17.957589285714285, 17.957093253968253, 17.963045634920636, 17.962301587301585, 17.95907738095238, 17.958085317460316, 17.95436507936508, 17.9593253968254, 17.961805555555557, 17.954117063492063, 17.96106150793651, 17.964285714285715, 17.961061507936506, 17.95907738095238, 17.950148809523807, 17.957093253968253, 17.963045634920636, 17.959325396825395, 17.952380952380953, 17.959325396825395, 17.957589285714285, 17.958829365079364, 17.95907738095238, 17.955605158730158, 17.95982142857143, 17.957589285714285, 17.955605158730158, 17.961061507936506, 17.95734126984127, 17.953373015873016, 17.95907738095238, 17.956349206349206, 17.955357142857142, 17.953869047619047, 17.95138888888889, 17.95610119047619, 17.960565476190474, 17.95188492063492, 17.946180555555554, 17.957093253968253, 17.955357142857142, 17.955109126984127, 17.95486111111111, 17.951636904761905, 17.95486111111111, 17.952380952380953, 17.954117063492063, 17.954613095238095, 17.955109126984127, 17.95808531746032, 17.952380952380953, 17.95014880952381, 17.960813492063494, 17.953373015873016, 17.960565476190478, 17.957589285714285, 17.958085317460316, 17.956845238095237, 17.955109126984127, 17.96106150793651, 17.95486111111111, 17.9578373015873, 17.953869047619047, 17.958333333333332, 17.958333333333332, 17.956845238095237, 17.956349206349206, 17.95734126984127, 17.950892857142858, 17.954613095238095, 17.955109126984127, 17.95436507936508, 17.962053571428573, 17.9593253968254, 17.96155753968254, 17.953869047619047, 17.960813492063494, 17.9578373015873, 17.95362103174603, 17.956845238095237, 17.96155753968254, 17.95436507936508, 17.961805555555554, 17.964285714285715, 17.967757936507937, 17.960565476190474, 17.95957341269841, 17.960813492063494, 17.95659722222222, 17.9578373015873, 17.960565476190478, 17.9593253968254, 17.962301587301585, 17.960069444444443, 17.959077380952383, 17.956845238095237, 17.958829365079364, 17.95486111111111, 17.961061507936506, 17.961805555555557, 17.959325396825395, 17.954613095238095, 17.9578373015873, 17.958829365079364, 17.961557539682538, 17.957093253968257, 17.95610119047619, 17.96081349206349, 17.961805555555557, 17.961557539682538, 17.958085317460316, 17.95610119047619, 17.959325396825395, 17.955357142857142, 17.95436507936508, 17.957589285714285, 17.957093253968253, 17.958085317460316, 17.956845238095237, 17.957589285714285, 17.9578373015873, 17.956349206349206, 17.95610119047619, 17.95610119047619, 17.963293650793652, 17.958333333333332, 17.955853174603174, 17.956845238095237, 17.95610119047619, 17.952876984126984, 17.955357142857142, 17.96081349206349, 17.958085317460316, 17.956349206349206, 17.954117063492063, 17.961309523809526, 17.94965277777778, 17.95734126984127, 17.95659722222222, 17.956349206349206, 17.951636904761905, 17.957093253968253, 17.956349206349206, 17.961061507936506, 17.95659722222222, 17.952132936507937, 17.955853174603174, 17.953373015873016, 17.958085317460316, 17.952132936507937, 17.951636904761905, 17.951636904761905, 17.94965277777778, 17.957589285714285, 17.952132936507937, 17.952876984126984, 17.947420634920636, 17.949404761904763, 17.95138888888889, 17.943452380952383, 17.948164682539684, 17.950892857142858, 17.9516369047619, 17.953373015873016, 17.951140873015873, 17.95362103174603, 17.95014880952381, 17.94667658730159, 17.946180555555554, 17.952380952380953, 17.950892857142858, 17.95610119047619, 17.946924603174605, 17.95014880952381, 17.947668650793652, 17.947420634920636, 17.94890873015873, 17.943948412698415, 17.950148809523807, 17.943204365079367, 17.951636904761905, 17.948164682539684, 17.94866071428571, 17.9484126984127, 17.949652777777775, 17.94543650793651, 17.951140873015873, 17.94965277777778, 17.94890873015873, 17.95138888888889, 17.944692460317462, 17.947916666666664, 17.94196428571429, 17.955853174603174, 17.951140873015873, 17.94965277777778, 17.948660714285715, 17.947668650793652, 17.94667658730159, 17.949156746031743, 17.944692460317462, 17.941220238095237, 17.945932539682538, 17.949900793650794, 17.94593253968254, 17.950644841269842, 17.950892857142858, 17.95138888888889, 17.951140873015873, 17.95188492063492, 17.954117063492063, 17.953125, 17.953125, 17.953373015873016, 17.95014880952381, 17.95262896825397, 17.951140873015873, 17.953373015873016, 17.95436507936508, 17.9516369047619, 17.951140873015873, 17.952380952380953, 17.949900793650794, 17.950892857142858, 17.951636904761905, 17.947668650793652, 17.95262896825397, 17.94965277777778, 16.95436507936508, 16.951636904761905, 16.95734126984127, 16.95659722222222, 16.94965277777778, 16.95436507936508, 16.95362103174603, 16.95436507936508, 16.954613095238095, 16.95486111111111]",0.9165779109801104,0.9126122296505261,17,"[33, 33, 33, 33, 33, 33, 33, 33, 33, 33, 33, 31, 25, 24, 23, 23, 22, 21, 21, 21, 21, 21, 21, 21, 21, 21, 21, 21, 21, 19, 19, 19, 18, 18, 18, 18, 18, 18, 18, 18, 18, 18, 18, 18, 18, 18, 18, 18, 18, 18, 18, 18, 18, 18, 18, 18, 18, 18, 18, 18, 18, 18, 18, 18, 18, 18, 18, 18, 18, 18, 18, 18, 18, 18, 18, 18, 18, 18, 18, 18, 18, 18, 18, 18, 18, 18, 18, 18, 18, 18, 18, 18, 18, 18, 18, 18, 18, 18, 18, 18, 18, 18, 18, 18, 18, 18, 18, 18, 18, 18, 18, 18, 18, 18, 18, 18, 18, 18, 18, 18, 18, 18, 18, 18, 18, 18, 18, 18, 18, 18, 18, 18, 18, 18, 18, 18, 18, 18, 18, 18, 18, 18, 18, 18, 18, 18, 18, 18, 18, 18, 18, 18, 18, 18, 18, 18, 18, 18, 18, 18, 18, 18, 18, 18, 18, 18, 18, 18, 18, 18, 18, 18, 18, 18, 18, 18, 18, 18, 18, 18, 18, 18, 18, 18, 18, 18, 18, 18, 18, 18, 18, 18, 18, 18, 18, 18, 18, 18, 18, 18, 18, 18, 18, 18, 18, 18, 18, 18, 18, 18, 18, 18, 18, 18, 18, 18, 18, 18, 18, 18, 18, 18, 18, 18, 18, 18, 18, 18, 18, 18, 18, 18, 18, 18, 18, 18, 18, 18, 18, 18, 18, 18, 18, 18, 18, 18, 18, 18, 18, 18, 18, 18, 18, 18, 18, 18, 18, 18, 18, 18, 18, 18, 18, 18, 18, 17, 17, 17, 17, 17, 17, 17, 17, 17, 17]",275,"[0.42326509952545166, 0.444418340921402, 0.34166619181632996, 0.3348395824432373, 0.3290347158908844, 0.3021390438079834, 0.34342122077941895, 0.24991872906684875, 0.24648617208003998, 0.29418066143989563, 0.2729191482067108, 0.27562955021858215, 0.2162008285522461, 0.21368388831615448, 0.21560953557491302, 0.20637205243110657, 0.3077429234981537, 0.19888722896575928, 0.24548932909965515, 0.18878349661827087, 0.18482021987438202, 0.1938750147819519, 0.27725449204444885, 0.18171162903308868, 0.17510850727558136, 0.19017533957958221, 0.17764325439929962, 0.2001929134130478, 0.19600307941436768, 0.20883537828922272, 0.19227170944213867, 0.2494579553604126, 0.18528993427753448, 0.1890610307455063, 0.18882212042808533, 0.2002159059047699, 0.18622882664203644, 0.20097874104976654, 0.18302704393863678, 0.18187905848026276, 0.1888442486524582, 0.18563926219940186, 0.20679046213626862, 0.19489994645118713, 0.1993543803691864, 0.19043554365634918, 0.2322426289319992, 0.19110450148582458, 0.1815817803144455, 0.18286092579364777, 0.1811336874961853, 0.18520504236221313, 0.178733229637146, 0.18382401764392853, 0.1833149492740631, 0.18315961956977844, 0.18762491643428802, 0.1954699009656906, 0.20030274987220764, 0.19962799549102783, 0.18900837004184723, 0.2527714967727661, 0.17714546620845795, 0.1799725741147995, 0.17338772118091583, 0.2141682654619217, 0.1779307723045349, 0.17810602486133575, 0.18774238228797913, 0.17425498366355896, 0.22790445387363434, 0.19194383919239044, 0.18030528724193573, 0.17885982990264893, 0.1756156086921692, 0.17285509407520294, 0.1772657334804535, 0.17970198392868042, 0.18357957899570465, 0.18280579149723053, 0.18468469381332397, 0.18891717493534088, 0.18452659249305725, 0.17637942731380463, 0.17897993326187134, 0.1801004409790039, 0.18068762123584747, 0.17854297161102295, 0.17724107205867767, 0.18088604509830475, 0.19081667065620422, 0.18691518902778625, 0.18594563007354736, 0.1954667866230011, 0.1823260486125946, 0.1842973530292511, 0.190592959523201, 0.17789693176746368, 0.18378475308418274, 0.1874423772096634, 0.19439597427845, 0.22530597448349, 0.1790648251771927, 0.2028498649597168, 0.1867755949497223, 0.1864096075296402, 0.18637652695178986, 0.1811901032924652, 0.1938328593969345, 0.19090600311756134, 0.19399704039096832, 0.22357571125030518, 0.19881419837474823, 0.1963699460029602, 0.1921057254076004, 0.19111186265945435, 0.2105233073234558, 0.18763260543346405, 0.19368886947631836, 0.19108577072620392, 0.2014947086572647, 0.19529998302459717, 0.18537850677967072, 0.20077991485595703, 0.19022177159786224, 0.20037207007408142, 0.2027980089187622, 0.18771813809871674, 0.19535717368125916, 0.20196111500263214, 0.19220779836177826, 0.19002607464790344, 0.19708867371082306, 0.2055746614933014, 0.21247398853302002, 0.18797960877418518, 0.21690557897090912, 0.19248242676258087, 0.19478775560855865, 0.21734550595283508, 0.2032371312379837, 0.20130206644535065, 0.19715791940689087, 0.19965553283691406, 0.21058636903762817, 0.22027218341827393, 0.21078673005104065, 0.2178613543510437, 0.20335225760936737, 0.20342274010181427, 0.19873055815696716, 0.2124849259853363, 0.21882398426532745, 0.20454511046409607, 0.2016737312078476, 0.20126573741436005, 0.23008401691913605, 0.2195073664188385, 0.2142828106880188, 0.208043172955513, 0.2409793883562088, 0.22037670016288757, 0.22346778213977814, 0.2062688022851944, 0.20762845873832703, 0.20088446140289307, 0.20511838793754578, 0.23003420233726501, 0.2337784618139267, 0.2153506875038147, 0.20751041173934937, 0.23010589182376862, 0.22955656051635742, 0.25776034593582153, 0.2109513133764267, 0.21352563798427582, 0.21492162346839905, 0.2659369707107544, 0.22291253507137299, 0.21916647255420685, 0.22255347669124603, 0.2191256880760193, 0.23152349889278412, 0.22169440984725952, 0.22604085505008698, 0.21454359591007233, 0.2201555073261261, 0.21708667278289795, 0.22282053530216217, 0.22466795146465302, 0.2144363820552826, 0.22042956948280334, 0.2111666351556778, 0.2296423763036728, 0.21906724572181702, 0.2153054028749466, 0.2306651920080185, 0.22647380828857422, 0.22808565199375153, 0.23308901488780975, 0.22966961562633514, 0.22788435220718384, 0.22231727838516235, 0.24317756295204163, 0.2559119164943695, 0.22386467456817627, 0.2387237548828125, 0.24293223023414612, 0.24489286541938782, 0.2420826107263565, 0.2508891820907593, 0.2543230950832367, 0.23102319240570068, 0.2462678700685501, 0.25984078645706177, 0.23783111572265625, 0.23669996857643127, 0.26635614037513733, 0.24089273810386658, 0.241029754281044, 0.23899444937705994, 0.24926064908504486, 0.2552262842655182, 0.24104151129722595, 0.24529443681240082, 0.2449161857366562, 0.2640035152435303, 0.24519005417823792, 0.2497139424085617, 0.2723139822483063, 0.24793025851249695, 0.24553348124027252, 0.2455354481935501, 0.2594085931777954, 0.2567153871059418, 0.2800274193286896, 0.2570165693759918, 0.2621009647846222, 0.2560785114765167, 0.25722065567970276, 0.27085280418395996, 0.26715582609176636, 0.27603188157081604, 0.28517773747444153, 0.28094348311424255, 0.28516149520874023, 0.26442068815231323, 0.2652928829193115, 0.2619747221469879, 0.2668849527835846, 0.27684977650642395, 0.26749157905578613, 0.2680498957633972, 0.2746885120868683, 0.29655706882476807, 0.2716805338859558, 0.28340041637420654, 0.28269487619400024, 0.2850172817707062, 0.29680773615837097, 0.28193143010139465, 0.27892738580703735, 0.2862240970134735, 0.2812137305736542, 0.29589664936065674, 0.3059529960155487, 0.2923920750617981, 0.28856581449508667, 0.2657810151576996, 0.30728673934936523, 0.2985137104988098, 0.3148566484451294, 0.2726106643676758, 0.2881826162338257, 0.29920968413352966]",17.0,"[33.0, 33.0, 33.0, 33.0, 33.0, 33.0, 33.0, 33.0, 33.0, 33.0, 33.0, 31.0, 25.0, 24.0, 23.0, 23.0, 22.0, 21.0, 21.0, 21.0, 21.0, 21.0, 21.0, 21.0, 21.0, 21.0, 21.0, 21.0, 21.0, 19.0, 19.0, 19.0, 18.0, 18.0, 18.0, 18.0, 18.0, 18.0, 18.0, 18.0, 18.0, 18.0, 18.0, 18.0, 18.0, 18.0, 18.0, 18.0, 18.0, 18.0, 18.0, 18.0, 18.0, 18.0, 18.0, 18.0, 18.0, 18.0, 18.0, 18.0, 18.0, 18.0, 18.0, 18.0, 18.0, 18.0, 18.0, 18.0, 18.0, 18.0, 18.0, 18.0, 18.0, 18.0, 18.0, 18.0, 18.0, 18.0, 18.0, 18.0, 18.0, 18.0, 18.0, 18.0, 18.0, 18.0, 18.0, 18.0, 18.0, 18.0, 18.0, 18.0, 18.0, 18.0, 18.0, 18.0, 18.0, 18.0, 18.0, 18.0, 18.0, 18.0, 18.0, 18.0, 18.0, 18.0, 18.0, 18.0, 18.0, 18.0, 18.0, 18.0, 18.0, 18.0, 18.0, 18.0, 18.0, 18.0, 18.0, 18.0, 18.0, 18.0, 18.0, 18.0, 18.0, 18.0, 18.0, 18.0, 18.0, 18.0, 18.0, 18.0, 18.0, 18.0, 18.0, 18.0, 18.0, 18.0, 18.0, 18.0, 18.0, 18.0, 18.0, 18.0, 18.0, 18.0, 18.0, 18.0, 18.0, 18.0, 18.0, 18.0, 18.0, 18.0, 18.0, 18.0, 18.0, 18.0, 18.0, 18.0, 18.0, 18.0, 18.0, 18.0, 18.0, 18.0, 18.0, 18.0, 18.0, 18.0, 18.0, 18.0, 18.0, 18.0, 18.0, 18.0, 18.0, 18.0, 18.0, 18.0, 18.0, 18.0, 18.0, 18.0, 18.0, 18.0, 18.0, 18.0, 18.0, 18.0, 18.0, 18.0, 18.0, 18.0, 18.0, 18.0, 18.0, 18.0, 18.0, 18.0, 18.0, 18.0, 18.0, 18.0, 18.0, 18.0, 18.0, 18.0, 18.0, 18.0, 18.0, 18.0, 18.0, 18.0, 18.0, 18.0, 18.0, 18.0, 18.0, 18.0, 18.0, 18.0, 18.0, 18.0, 18.0, 18.0, 18.0, 18.0, 18.0, 18.0, 18.0, 18.0, 18.0, 18.0, 18.0, 18.0, 18.0, 18.0, 18.0, 18.0, 18.0, 18.0, 18.0, 18.0, 18.0, 18.0, 18.0, 18.0, 18.0, 18.0, 18.0, 18.0, 18.0, 18.0, 18.0, 18.0, 18.0, 18.0, 18.0, 18.0, 18.0, 18.0, 18.0, 18.0, 18.0, 17.0, 17.0, 17.0, 17.0, 17.0, 17.0, 17.0, 17.0, 17.0, 17.0]",COMPLETE
