,number,value,datetime_start,datetime_complete,duration,params_batch_size_scaler,params_constant_learning_rate,params_depth,params_epochs,params_kernel_l2,params_num_trees,params_temperature,user_attrs_accuracy_test,user_attrs_accuracy_valid,user_attrs_approximate_feature_sparsity,user_attrs_approximate_feature_sparsity_history,user_attrs_approximate_weight_sparsity,user_attrs_approximate_weight_sparsity_history,user_attrs_auc_test,user_attrs_auc_valid,user_attrs_feature_sparsity,user_attrs_feature_sparsity_history,user_attrs_num_epochs,user_attrs_val_loss_history,user_attrs_weight_sparsity,user_attrs_weight_sparsity_history,state
92,92,0.7711738867205111,2024-08-31 05:05:43.733335,2024-08-31 05:07:45.611928,0 days 00:02:01.878593,64,0.26979815982072564,6,265,0.016876115761231124,45,0.0006407314868595282,0.882,0.88,33,"[33, 33, 33, 33, 33, 33, 33, 33, 33, 33, 33, 33, 33, 33, 33, 33, 33, 33, 33, 33, 33, 33, 33, 33, 33, 33, 33, 33, 33, 33, 33, 33, 33, 33, 33, 33, 33, 33, 33, 33, 33, 33, 33, 33, 33, 33, 33, 33, 33, 33, 33, 33, 33, 33, 33, 33, 33, 33, 33, 33, 33, 33, 33, 33, 33, 33, 33, 33, 33, 33, 33, 33, 33, 33, 33, 33, 33, 33, 33, 33, 33, 33, 33, 33, 33, 33, 33, 33, 33, 33, 33, 33, 33, 33, 33, 33, 33, 33, 33, 33, 33, 33, 33, 33, 33, 33, 33, 33, 33, 33, 33, 33, 33, 33, 33, 33, 33, 33, 33, 33, 33, 33, 33, 33, 33, 33, 33, 33, 33, 33, 33, 33, 33, 33, 33, 33, 33, 33, 33, 33, 33, 33, 33, 33, 33, 33, 33, 33, 33, 33, 33, 33, 33, 33, 33, 33, 33, 33, 33, 33, 33, 33, 33, 33, 33, 33, 33, 33, 33, 33, 33, 33, 33, 33, 33, 33, 33, 33, 33, 33, 33, 33, 33, 33, 33, 33, 33, 33, 33, 33, 33, 33, 33, 33, 33, 33, 33, 33, 33, 33, 33, 33, 33, 33, 33, 33, 33, 33, 33, 33, 33, 33, 33, 33, 33, 33, 33, 33, 33, 33, 33, 33, 33, 33, 33, 33, 33, 33, 33, 33, 33, 33, 33, 33, 33, 33, 33, 33, 33, 33, 33, 33, 33, 33, 33, 33, 33, 33, 33, 33, 33, 33, 33, 33, 33, 33, 33, 33, 33, 33, 33, 33, 33, 33, 33]",32.9336860670194,"[32.92204585537919, 32.92345679012346, 32.92416225749559, 32.92804232804233, 32.928395061728395, 32.92768959435626, 32.925220458553795, 32.922751322751324, 32.927336860670195, 32.92345679012346, 32.92522045855379, 32.92239858906526, 32.92345679012345, 32.925220458553795, 32.924162257495595, 32.920634920634924, 32.92804232804233, 32.928395061728395, 32.926984126984124, 32.91957671957672, 32.91710758377425, 32.924867724867724, 32.925925925925924, 32.925925925925924, 32.92768959435626, 32.92522045855379, 32.922751322751324, 32.922751322751324, 32.926984126984124, 32.924867724867724, 32.92416225749559, 32.92804232804233, 32.92557319223986, 32.929805996472666, 32.92768959435626, 32.92910052910053, 32.93509700176367, 32.927336860670195, 32.930511463844795, 32.93015873015873, 32.9326278659612, 32.92910052910053, 32.930864197530866, 32.92557319223986, 32.92910052910053, 32.926984126984124, 32.927336860670195, 32.92345679012345, 32.92557319223986, 32.92239858906526, 32.925925925925924, 32.930864197530866, 32.931569664902995, 32.928395061728395, 32.92663139329806, 32.92768959435626, 32.925925925925924, 32.92698412698413, 32.92557319223986, 32.928395061728395, 32.926278659611995, 32.926278659611995, 32.92698412698413, 32.92733686067019, 32.92345679012345, 32.925925925925924, 32.928395061728395, 32.9326278659612, 32.93121693121693, 32.926984126984124, 32.932980599647266, 32.93227513227514, 32.934038800705466, 32.9326278659612, 32.929453262786595, 32.928747795414466, 32.92627865961199, 32.93121693121693, 32.934038800705466, 32.93015873015872, 32.93015873015873, 32.93333333333333, 32.928042328042324, 32.92910052910053, 32.92910052910053, 32.9305114638448, 32.93121693121693, 32.928042328042324, 32.929453262786595, 32.93015873015873, 32.929453262786595, 32.92874779541446, 32.930864197530866, 32.92698412698413, 32.92557319223986, 32.92663139329806, 32.92663139329806, 32.925925925925924, 32.927336860670195, 32.926278659611995, 32.92874779541446, 32.929805996472666, 32.9305114638448, 32.93227513227513, 32.93439153439153, 32.930511463844795, 32.931569664902995, 32.928395061728395, 32.93439153439154, 32.934038800705466, 32.93333333333334, 32.9326278659612, 32.932980599647266, 32.93333333333334, 32.929805996472666, 32.930864197530866, 32.92804232804233, 32.926984126984124, 32.93015873015873, 32.929453262786595, 32.93439153439154, 32.93086419753086, 32.930864197530866, 32.93227513227513, 32.930864197530866, 32.931569664902995, 32.929453262786595, 32.92804232804233, 32.92980599647266, 32.93121693121693, 32.9336860670194, 32.9326278659612, 32.93827160493827, 32.938624338624344, 32.93544973544974, 32.93615520282187, 32.9358024691358, 32.93827160493827, 32.93756613756614, 32.931922398589066, 32.928042328042324, 32.93439153439154, 32.93650793650794, 32.93862433862434, 32.934038800705466, 32.93615520282187, 32.935097001763666, 32.934038800705466, 32.932980599647266, 32.93439153439154, 32.931922398589066, 32.929453262786595, 32.93015873015873, 32.929805996472666, 32.92804232804233, 32.928395061728395, 32.93121693121693, 32.930511463844795, 32.933686067019394, 32.93298059964727, 32.931569664903, 32.931569664903, 32.930864197530866, 32.934038800705466, 32.937213403880065, 32.93333333333333, 32.925220458553795, 32.929453262786595, 32.930864197530866, 32.9336860670194, 32.931922398589066, 32.928747795414466, 32.928747795414466, 32.930511463844795, 32.929453262786595, 32.92910052910052, 32.932980599647266, 32.934038800705466, 32.9336860670194, 32.931922398589066, 32.936155202821865, 32.9347442680776, 32.9379188712522, 32.940740740740736, 32.93827160493827, 32.93615520282187, 32.93474426807761, 32.93333333333334, 32.93333333333334, 32.931922398589066, 32.93333333333334, 32.93333333333333, 32.9336860670194, 32.935097001763666, 32.935097001763666, 32.930511463844795, 32.9305114638448, 32.932627865961194, 32.93439153439154, 32.934038800705466, 32.939682539682536, 32.94038800705467, 32.93827160493827, 32.939682539682536, 32.93650793650794, 32.9358024691358, 32.93544973544974, 32.93756613756614, 32.93544973544974, 32.9358024691358, 32.935097001763666, 32.93791887125221, 32.93333333333333, 32.9326278659612, 32.93227513227514, 32.931922398589066, 32.93227513227514, 32.9358024691358, 32.93827160493827, 32.93333333333333, 32.93544973544974, 32.932627865961194, 32.936155202821865, 32.935097001763666, 32.9347442680776, 32.93544973544974, 32.93615520282187, 32.93721340388007, 32.9358024691358, 32.93650793650794, 32.93333333333334, 32.9294532627866, 32.9294532627866, 32.929805996472666, 32.930864197530866, 32.931922398589066, 32.93333333333333, 32.934038800705466, 32.932627865961194, 32.92768959435626, 32.927336860670195, 32.927336860670195, 32.928747795414466, 32.92804232804233, 32.92910052910053, 32.928747795414466, 32.930864197530866, 32.93015873015873, 32.9347442680776, 32.935097001763666, 32.93686067019401, 32.9347442680776, 32.934038800705466, 32.93544973544974, 32.93509700176367, 32.93227513227514, 32.929453262786595, 32.931569664903, 32.931569664902995, 32.932980599647266, 32.93015873015873, 32.92910052910053, 32.93121693121693, 32.931569664903, 32.9336860670194]",0.8005597800510241,0.7711738867205111,33,"[33, 33, 33, 33, 33, 33, 33, 33, 33, 33, 33, 33, 33, 33, 33, 33, 33, 33, 33, 33, 33, 33, 33, 33, 33, 33, 33, 33, 33, 33, 33, 33, 33, 33, 33, 33, 33, 33, 33, 33, 33, 33, 33, 33, 33, 33, 33, 33, 33, 33, 33, 33, 33, 33, 33, 33, 33, 33, 33, 33, 33, 33, 33, 33, 33, 33, 33, 33, 33, 33, 33, 33, 33, 33, 33, 33, 33, 33, 33, 33, 33, 33, 33, 33, 33, 33, 33, 33, 33, 33, 33, 33, 33, 33, 33, 33, 33, 33, 33, 33, 33, 33, 33, 33, 33, 33, 33, 33, 33, 33, 33, 33, 33, 33, 33, 33, 33, 33, 33, 33, 33, 33, 33, 33, 33, 33, 33, 33, 33, 33, 33, 33, 33, 33, 33, 33, 33, 33, 33, 33, 33, 33, 33, 33, 33, 33, 33, 33, 33, 33, 33, 33, 33, 33, 33, 33, 33, 33, 33, 33, 33, 33, 33, 33, 33, 33, 33, 33, 33, 33, 33, 33, 33, 33, 33, 33, 33, 33, 33, 33, 33, 33, 33, 33, 33, 33, 33, 33, 33, 33, 33, 33, 33, 33, 33, 33, 33, 33, 33, 33, 33, 33, 33, 33, 33, 33, 33, 33, 33, 33, 33, 33, 33, 33, 33, 33, 33, 33, 33, 33, 33, 33, 33, 33, 33, 33, 33, 33, 33, 33, 33, 33, 33, 33, 33, 33, 33, 33, 33, 33, 33, 33, 33, 33, 33, 33, 33, 33, 33, 33, 33, 33, 33, 33, 33, 33, 33, 33, 33, 33, 33, 33, 33, 33, 33]",265,"[0.5310757756233215, 0.46442076563835144, 0.4339781701564789, 0.4166828989982605, 0.40779098868370056, 0.4031926393508911, 0.40009167790412903, 0.3976436257362366, 0.3956032693386078, 0.3942181468009949, 0.3929086923599243, 0.39178702235221863, 0.39056336879730225, 0.38954776525497437, 0.3888327479362488, 0.38793718814849854, 0.38724151253700256, 0.3866908550262451, 0.3857309818267822, 0.38495951890945435, 0.38435059785842896, 0.38358181715011597, 0.3828737735748291, 0.38222622871398926, 0.3816138505935669, 0.3810390830039978, 0.3805787265300751, 0.380013108253479, 0.37948912382125854, 0.3790220022201538, 0.3786677420139313, 0.3782863914966583, 0.3778344988822937, 0.3773976266384125, 0.37683868408203125, 0.37640380859375, 0.37596121430397034, 0.3755108118057251, 0.3752090334892273, 0.37482067942619324, 0.37450122833251953, 0.37418755888938904, 0.3738362491130829, 0.37364575266838074, 0.3733435571193695, 0.373043417930603, 0.37278443574905396, 0.3724786043167114, 0.3722008168697357, 0.37207236886024475, 0.37174201011657715, 0.37136539816856384, 0.3711298108100891, 0.3708285987377167, 0.3706130087375641, 0.37027233839035034, 0.36994802951812744, 0.369767427444458, 0.36951854825019836, 0.3692241609096527, 0.3689214587211609, 0.3687146306037903, 0.3685394525527954, 0.3683265447616577, 0.36805838346481323, 0.3677535355091095, 0.36757853627204895, 0.3675731420516968, 0.36735299229621887, 0.3670915961265564, 0.366962730884552, 0.3667709231376648, 0.36674293875694275, 0.36649012565612793, 0.36636507511138916, 0.36606040596961975, 0.36578264832496643, 0.3654800355434418, 0.36522555351257324, 0.3651282489299774, 0.3648759722709656, 0.36469632387161255, 0.36457884311676025, 0.36438578367233276, 0.36413857340812683, 0.3639103174209595, 0.3636491894721985, 0.36349883675575256, 0.3632519543170929, 0.36308753490448, 0.3629445731639862, 0.3628329038619995, 0.36274442076683044, 0.3624991476535797, 0.3621244728565216, 0.36196696758270264, 0.36183783411979675, 0.361517071723938, 0.36124733090400696, 0.36107131838798523, 0.3610626459121704, 0.3608493506908417, 0.3606501519680023, 0.3604038655757904, 0.3602624535560608, 0.3600535988807678, 0.3597583770751953, 0.35952386260032654, 0.3594163656234741, 0.35925766825675964, 0.3590942323207855, 0.3589702546596527, 0.3588029444217682, 0.3586142361164093, 0.3585747182369232, 0.35827264189720154, 0.35800570249557495, 0.35789957642555237, 0.3579162657260895, 0.3575771450996399, 0.3573624789714813, 0.3571644723415375, 0.35704201459884644, 0.3569851219654083, 0.3566088378429413, 0.3566212058067322, 0.35649263858795166, 0.3561779856681824, 0.356075644493103, 0.35606783628463745, 0.35569554567337036, 0.35554781556129456, 0.35544413328170776, 0.3554150462150574, 0.3550083637237549, 0.35483723878860474, 0.35457855463027954, 0.3544124662876129, 0.3543156385421753, 0.35405945777893066, 0.35398638248443604, 0.3536456823348999, 0.3534611463546753, 0.35327091813087463, 0.35303062200546265, 0.3529064953327179, 0.35273441672325134, 0.3525758385658264, 0.3524397909641266, 0.3522777855396271, 0.3521505296230316, 0.3520660102367401, 0.35191237926483154, 0.3518209755420685, 0.35156145691871643, 0.3512917757034302, 0.3511368930339813, 0.3509262502193451, 0.350782573223114, 0.3507578372955322, 0.35056009888648987, 0.35032668709754944, 0.3502565622329712, 0.35008853673934937, 0.3496907353401184, 0.349699467420578, 0.3496731221675873, 0.3495423495769501, 0.3493923544883728, 0.34900543093681335, 0.3489658236503601, 0.3489769697189331, 0.3487794101238251, 0.34844905138015747, 0.3481989800930023, 0.34798985719680786, 0.34780967235565186, 0.3476611375808716, 0.34763163328170776, 0.34735485911369324, 0.3474288582801819, 0.34731724858283997, 0.347062349319458, 0.3468503952026367, 0.3466230034828186, 0.34650111198425293, 0.3462846279144287, 0.3461328148841858, 0.3458729684352875, 0.3457942306995392, 0.3456476330757141, 0.3454749286174774, 0.3453740179538727, 0.34522897005081177, 0.3449409604072571, 0.3447607457637787, 0.3447163701057434, 0.3444893956184387, 0.34427180886268616, 0.34405502676963806, 0.34383636713027954, 0.34366515278816223, 0.3435229957103729, 0.3433660864830017, 0.34327515959739685, 0.34302058815956116, 0.34281161427497864, 0.3426511287689209, 0.342464804649353, 0.3424244821071625, 0.34227848052978516, 0.34200114011764526, 0.3419155776500702, 0.34196603298187256, 0.3416856825351715, 0.34152257442474365, 0.3413900136947632, 0.3411075174808502, 0.3410201370716095, 0.3408921957015991, 0.34080201387405396, 0.3408071994781494, 0.3406825363636017, 0.3406575918197632, 0.34056374430656433, 0.3402855694293976, 0.3401167690753937, 0.34002599120140076, 0.3398159146308899, 0.33987346291542053, 0.3396293520927429, 0.33922410011291504, 0.33901551365852356, 0.33883219957351685, 0.33852505683898926, 0.33837440609931946, 0.33823221921920776, 0.33790892362594604, 0.3376717269420624, 0.33754807710647583, 0.3372318148612976, 0.33712321519851685, 0.336976557970047, 0.33675530552864075, 0.33660566806793213, 0.3364880084991455, 0.3362134099006653, 0.3359418213367462, 0.3357361853122711, 0.3356502950191498, 0.33547210693359375, 0.3350064158439636, 0.3349595367908478, 0.3346869945526123, 0.33462846279144287, 0.3343926966190338, 0.3340971767902374, 0.3338993489742279, 0.33377039432525635, 0.333657443523407, 0.33351582288742065, 0.3331797420978546, 0.33290231227874756, 0.33265262842178345, 0.33249759674072266]",33.0,"[33.0, 33.0, 33.0, 33.0, 33.0, 33.0, 33.0, 33.0, 33.0, 33.0, 33.0, 33.0, 33.0, 33.0, 33.0, 33.0, 33.0, 33.0, 33.0, 33.0, 33.0, 33.0, 33.0, 33.0, 33.0, 33.0, 33.0, 33.0, 33.0, 33.0, 33.0, 33.0, 33.0, 33.0, 33.0, 33.0, 33.0, 33.0, 33.0, 33.0, 33.0, 33.0, 33.0, 33.0, 33.0, 33.0, 33.0, 33.0, 33.0, 33.0, 33.0, 33.0, 33.0, 33.0, 33.0, 33.0, 33.0, 33.0, 33.0, 33.0, 33.0, 33.0, 33.0, 33.0, 33.0, 33.0, 33.0, 33.0, 33.0, 33.0, 33.0, 33.0, 33.0, 33.0, 33.0, 33.0, 33.0, 33.0, 33.0, 33.0, 33.0, 33.0, 33.0, 33.0, 33.0, 33.0, 33.0, 33.0, 33.0, 33.0, 33.0, 33.0, 33.0, 33.0, 33.0, 33.0, 33.0, 33.0, 33.0, 33.0, 33.0, 33.0, 33.0, 33.0, 33.0, 33.0, 33.0, 33.0, 33.0, 33.0, 33.0, 33.0, 33.0, 33.0, 33.0, 33.0, 33.0, 33.0, 33.0, 33.0, 33.0, 33.0, 33.0, 33.0, 33.0, 33.0, 33.0, 33.0, 33.0, 33.0, 33.0, 33.0, 33.0, 33.0, 33.0, 33.0, 33.0, 33.0, 33.0, 33.0, 33.0, 33.0, 33.0, 33.0, 33.0, 33.0, 33.0, 33.0, 33.0, 33.0, 33.0, 33.0, 33.0, 33.0, 33.0, 33.0, 33.0, 33.0, 33.0, 33.0, 33.0, 33.0, 33.0, 33.0, 33.0, 33.0, 33.0, 33.0, 33.0, 33.0, 33.0, 33.0, 33.0, 33.0, 33.0, 33.0, 33.0, 33.0, 33.0, 33.0, 33.0, 33.0, 33.0, 33.0, 33.0, 33.0, 33.0, 33.0, 33.0, 33.0, 33.0, 33.0, 33.0, 33.0, 33.0, 33.0, 33.0, 33.0, 33.0, 33.0, 33.0, 33.0, 33.0, 33.0, 33.0, 33.0, 33.0, 33.0, 33.0, 33.0, 33.0, 33.0, 33.0, 33.0, 33.0, 33.0, 33.0, 33.0, 33.0, 33.0, 33.0, 33.0, 33.0, 33.0, 33.0, 33.0, 33.0, 33.0, 33.0, 33.0, 33.0, 33.0, 33.0, 33.0, 33.0, 33.0, 33.0, 33.0, 33.0, 33.0, 33.0, 33.0, 33.0, 33.0, 33.0, 33.0, 33.0, 33.0, 33.0, 33.0, 33.0, 33.0, 33.0, 33.0, 33.0, 33.0, 33.0, 33.0, 33.0, 33.0, 33.0, 33.0, 33.0, 33.0, 33.0]",COMPLETE
