,number,value,datetime_start,datetime_complete,duration,params_batch_size_scaler,params_constant_learning_rate,params_depth,params_epochs,params_kernel_l2,params_num_trees,params_temperature,user_attrs_accuracy_test,user_attrs_accuracy_valid,user_attrs_approximate_feature_sparsity,user_attrs_approximate_feature_sparsity_history,user_attrs_approximate_weight_sparsity,user_attrs_approximate_weight_sparsity_history,user_attrs_auc_test,user_attrs_auc_valid,user_attrs_feature_sparsity,user_attrs_feature_sparsity_history,user_attrs_num_epochs,user_attrs_val_loss_history,user_attrs_weight_sparsity,user_attrs_weight_sparsity_history,state
130,130,0.7822905797941544,2024-08-31 06:40:28.646418,2024-08-31 06:41:55.741990,0 days 00:01:27.095572,64,0.1508234375629447,5,325,0.015193296860567865,40,0.011664473604564749,0.884,0.88125,33,"[33, 33, 33, 33, 33, 33, 33, 33, 33, 33, 33, 33, 33, 33, 33, 33, 33, 33, 33, 33, 33, 33, 33, 33, 33, 33, 33, 33, 33, 33, 33, 33, 33, 33, 33, 33, 33, 33, 33, 33, 33, 33, 33, 33, 33, 33, 33, 33, 33, 33, 33, 33, 33, 33, 33, 33, 33, 33, 33, 33, 33, 33, 33, 33, 33, 33, 33, 33, 33, 33, 33, 33, 33, 33, 33, 33, 33, 33, 33, 33, 33, 33, 33, 33, 33, 33, 33, 33, 33, 33, 33, 33, 33, 33, 33, 33, 33, 33, 33, 33, 33, 33, 33, 33, 33, 33, 33, 33, 33, 33, 33, 33, 33, 33, 33, 33, 33, 33, 33, 33, 33, 33, 33, 33, 33, 33, 33, 33, 33, 33, 33, 33, 33, 33, 33, 33, 33, 33, 33, 33, 33, 33, 33, 33, 33, 33, 33, 33, 33, 33, 33, 33, 33, 33, 33, 33, 33, 33, 33, 33, 33, 33, 33, 33, 33, 33, 33, 33, 33, 33, 33, 33, 33, 33, 33, 33, 33, 33, 33, 33, 33, 33, 33, 33, 33, 33, 33, 33, 33, 33, 33, 33, 33, 33, 33, 33, 33, 33, 33, 33, 33, 33, 33, 33, 33, 33, 33, 33, 33, 33, 33, 33, 33, 33, 33, 33, 33, 33, 33, 33, 33, 33, 33, 33, 33, 33, 33, 33, 33, 33, 33, 33, 33, 33, 33, 33, 33, 33, 33, 33, 33, 33, 33, 33, 33, 33, 33, 33, 33, 33, 33, 33, 33, 33, 33, 33, 33, 33, 33, 33, 33, 33, 33, 33, 33, 33, 33, 33, 33, 33, 33, 33, 33, 33, 33, 33, 33, 33, 33, 33, 33, 33, 33, 33, 33, 33, 33, 33, 33, 33, 33, 33, 33, 33, 33, 33, 33, 33, 33, 33, 33, 33, 33, 33, 33, 33, 33, 33, 33, 33, 33, 33, 33, 33, 33, 33, 33, 33, 33, 33, 33, 33, 33, 33, 33]",32.94919354838709,"[32.950806451612905, 32.950806451612905, 32.94919354838709, 32.954032258064515, 32.961290322580645, 32.95645161290322, 32.943548387096776, 32.94758064516129, 32.94758064516129, 32.95, 32.95887096774194, 32.95645161290323, 32.95483870967742, 32.947580645161295, 32.947580645161295, 32.95161290322581, 32.9483870967742, 32.950806451612905, 32.94193548387097, 32.93709677419355, 32.939516129032256, 32.943548387096776, 32.946774193548386, 32.950806451612905, 32.94838709677419, 32.95564516129032, 32.94838709677419, 32.95241935483871, 32.94516129032258, 32.94274193548387, 32.94758064516129, 32.94919354838709, 32.94596774193548, 32.95241935483871, 32.94758064516129, 32.94596774193548, 32.94516129032258, 32.95, 32.95483870967742, 32.954032258064515, 32.950806451612905, 32.954838709677425, 32.95322580645161, 32.958064516129035, 32.95564516129032, 32.95322580645161, 32.95645161290323, 32.95241935483871, 32.95, 32.954032258064515, 32.95483870967742, 32.95161290322581, 32.95322580645161, 32.95645161290322, 32.94919354838709, 32.95161290322581, 32.95645161290323, 32.95483870967742, 32.94838709677419, 32.946774193548386, 32.95, 32.95161290322581, 32.95161290322581, 32.94838709677419, 32.94596774193548, 32.946774193548386, 32.95, 32.94516129032258, 32.957258064516125, 32.95645161290322, 32.95161290322581, 32.950806451612905, 32.954032258064515, 32.95725806451613, 32.95725806451613, 32.95322580645161, 32.95241935483871, 32.9483870967742, 32.94838709677419, 32.94919354838709, 32.94919354838709, 32.954032258064515, 32.95564516129032, 32.95241935483871, 32.95483870967742, 32.95322580645161, 32.95161290322581, 32.9491935483871, 32.94758064516129, 32.946774193548386, 32.957258064516125, 32.94596774193548, 32.94516129032258, 32.94516129032258, 32.943548387096776, 32.94596774193548, 32.950806451612905, 32.94758064516129, 32.94596774193548, 32.94758064516129, 32.9491935483871, 32.94838709677419, 32.946774193548386, 32.949999999999996, 32.95241935483871, 32.95241935483871, 32.950806451612905, 32.950806451612905, 32.95, 32.95241935483871, 32.95161290322581, 32.954032258064515, 32.950806451612905, 32.95241935483871, 32.94435483870968, 32.94919354838709, 32.9483870967742, 32.95483870967742, 32.95564516129032, 32.958064516129035, 32.95241935483871, 32.95483870967742, 32.95161290322581, 32.9491935483871, 32.950806451612905, 32.95241935483871, 32.95241935483871, 32.958064516129035, 32.95564516129032, 32.954032258064515, 32.954032258064515, 32.95322580645161, 32.954032258064515, 32.95241935483871, 32.95241935483871, 32.950806451612905, 32.95564516129032, 32.95806451612903, 32.958064516129035, 32.95645161290323, 32.95967741935484, 32.95967741935484, 32.958064516129035, 32.95322580645161, 32.95241935483871, 32.95241935483871, 32.95322580645161, 32.95564516129032, 32.95483870967742, 32.95483870967742, 32.954032258064515, 32.95483870967742, 32.954032258064515, 32.95564516129032, 32.950806451612905, 32.954032258064515, 32.95161290322581, 32.954032258064515, 32.95564516129032, 32.958064516129035, 32.954032258064515, 32.946774193548386, 32.950806451612905, 32.950806451612905, 32.95322580645162, 32.95161290322581, 32.95564516129033, 32.95322580645161, 32.95241935483871, 32.954032258064515, 32.95967741935484, 32.958064516129035, 32.957258064516125, 32.95645161290323, 32.95967741935484, 32.95967741935484, 32.954032258064515, 32.95967741935484, 32.96048387096774, 32.96209677419355, 32.96048387096774, 32.96370967741935, 32.96370967741935, 32.965322580645164, 32.96532258064516, 32.964516129032255, 32.96612903225807, 32.96290322580646, 32.96370967741935, 32.961290322580645, 32.961290322580645, 32.96290322580645, 32.96612903225807, 32.96612903225807, 32.96774193548387, 32.96935483870968, 32.97096774193548, 32.97096774193548, 32.97338709677419, 32.968548387096774, 32.96935483870968, 32.96209677419355, 32.96451612903226, 32.968548387096774, 32.968548387096774, 32.96693548387097, 32.974999999999994, 32.97016129032258, 32.97258064516129, 32.97016129032258, 32.97016129032258, 32.97016129032258, 32.961290322580645, 32.96290322580645, 32.96612903225807, 32.97096774193548, 32.96693548387097, 32.96774193548387, 32.96693548387097, 32.96209677419355, 32.96290322580645, 32.96290322580645, 32.96774193548387, 32.96693548387097, 32.964516129032255, 32.96370967741935, 32.96048387096774, 32.96290322580645, 32.961290322580645, 32.958064516129035, 32.95887096774194, 32.96209677419355, 32.96048387096774, 32.957258064516125, 32.95806451612903, 32.96209677419355, 32.957258064516125, 32.954032258064515, 32.95, 32.950806451612905, 32.95483870967742, 32.95887096774194, 32.96048387096774, 32.95967741935484, 32.95645161290322, 32.954032258064515, 32.95564516129032, 32.95564516129032, 32.95645161290322, 32.96290322580645, 32.95887096774194, 32.95887096774194, 32.95645161290322, 32.95887096774194, 32.954032258064515, 32.954032258064515, 32.95645161290322, 32.954032258064515, 32.95887096774194, 32.96209677419355, 32.96209677419355, 32.95806451612903, 32.95322580645161, 32.958064516129035, 32.95564516129032, 32.954032258064515, 32.958064516129035, 32.95645161290323, 32.958064516129035, 32.95887096774194, 32.95725806451613, 32.958064516129035, 32.958064516129035, 32.95725806451613, 32.95322580645161, 32.95645161290322, 32.954032258064515, 32.95161290322581, 32.954032258064515, 32.95241935483871, 32.95483870967742, 32.950806451612905, 32.94516129032258, 32.95241935483871, 32.94838709677419, 32.94758064516129, 32.95161290322581, 32.95, 32.950806451612905, 32.950806451612905, 32.9491935483871, 32.9491935483871, 32.95645161290323, 32.96048387096774, 32.954032258064515, 32.95483870967742, 32.95564516129033, 32.958064516129035, 32.958064516129035, 32.950806451612905, 32.95887096774194, 32.95241935483871, 32.946774193548386, 32.950806451612905, 32.94838709677419, 32.950806451612905, 32.95241935483871, 32.95483870967742, 32.95322580645161, 32.954032258064515, 32.95483870967742, 32.95564516129032, 32.954032258064515, 32.95161290322581, 32.950806451612905, 32.94516129032258, 32.950806451612905, 32.95241935483871, 32.95483870967742, 32.957258064516125, 32.95483870967742, 32.95483870967742, 32.95, 32.94516129032258, 32.94919354838709]",0.8075694152032298,0.7822905797941544,33,"[33, 33, 33, 33, 33, 33, 33, 33, 33, 33, 33, 33, 33, 33, 33, 33, 33, 33, 33, 33, 33, 33, 33, 33, 33, 33, 33, 33, 33, 33, 33, 33, 33, 33, 33, 33, 33, 33, 33, 33, 33, 33, 33, 33, 33, 33, 33, 33, 33, 33, 33, 33, 33, 33, 33, 33, 33, 33, 33, 33, 33, 33, 33, 33, 33, 33, 33, 33, 33, 33, 33, 33, 33, 33, 33, 33, 33, 33, 33, 33, 33, 33, 33, 33, 33, 33, 33, 33, 33, 33, 33, 33, 33, 33, 33, 33, 33, 33, 33, 33, 33, 33, 33, 33, 33, 33, 33, 33, 33, 33, 33, 33, 33, 33, 33, 33, 33, 33, 33, 33, 33, 33, 33, 33, 33, 33, 33, 33, 33, 33, 33, 33, 33, 33, 33, 33, 33, 33, 33, 33, 33, 33, 33, 33, 33, 33, 33, 33, 33, 33, 33, 33, 33, 33, 33, 33, 33, 33, 33, 33, 33, 33, 33, 33, 33, 33, 33, 33, 33, 33, 33, 33, 33, 33, 33, 33, 33, 33, 33, 33, 33, 33, 33, 33, 33, 33, 33, 33, 33, 33, 33, 33, 33, 33, 33, 33, 33, 33, 33, 33, 33, 33, 33, 33, 33, 33, 33, 33, 33, 33, 33, 33, 33, 33, 33, 33, 33, 33, 33, 33, 33, 33, 33, 33, 33, 33, 33, 33, 33, 33, 33, 33, 33, 33, 33, 33, 33, 33, 33, 33, 33, 33, 33, 33, 33, 33, 33, 33, 33, 33, 33, 33, 33, 33, 33, 33, 33, 33, 33, 33, 33, 33, 33, 33, 33, 33, 33, 33, 33, 33, 33, 33, 33, 33, 33, 33, 33, 33, 33, 33, 33, 33, 33, 33, 33, 33, 33, 33, 33, 33, 33, 33, 33, 33, 33, 33, 33, 33, 33, 33, 33, 33, 33, 33, 33, 33, 33, 33, 33, 33, 33, 33, 33, 33, 33, 33, 33, 33, 33, 33, 33, 33, 33, 33, 33]",325,"[0.5975021123886108, 0.4945535957813263, 0.4475260078907013, 0.425967812538147, 0.41326600313186646, 0.4059751629829407, 0.4014706015586853, 0.3992890417575836, 0.3974373936653137, 0.39599674940109253, 0.3945804834365845, 0.3935350179672241, 0.39253512024879456, 0.39161786437034607, 0.39074552059173584, 0.3899795413017273, 0.38909390568733215, 0.38829952478408813, 0.3875090777873993, 0.386827290058136, 0.3862461745738983, 0.3855701684951782, 0.3849535286426544, 0.3841968774795532, 0.38378405570983887, 0.38333919644355774, 0.3828004002571106, 0.38235408067703247, 0.3817862570285797, 0.38118407130241394, 0.3806605935096741, 0.38021937012672424, 0.37979498505592346, 0.37940657138824463, 0.37896424531936646, 0.37858185172080994, 0.37822234630584717, 0.37785279750823975, 0.37750568985939026, 0.3770754337310791, 0.3767235279083252, 0.3762529492378235, 0.3759286403656006, 0.37561795115470886, 0.3753732740879059, 0.3750809133052826, 0.3746394217014313, 0.3741915822029114, 0.3738800287246704, 0.37353846430778503, 0.3731708228588104, 0.37284815311431885, 0.37262898683547974, 0.3723440170288086, 0.3720261752605438, 0.37178316712379456, 0.3713422119617462, 0.3711071312427521, 0.3708508610725403, 0.37065383791923523, 0.370414137840271, 0.37007245421409607, 0.3700350821018219, 0.3697603940963745, 0.3694775104522705, 0.36921456456184387, 0.36898598074913025, 0.3687445819377899, 0.3684185743331909, 0.3682170510292053, 0.36798372864723206, 0.3676747977733612, 0.3674754202365875, 0.3672846853733063, 0.3671652674674988, 0.3669987618923187, 0.36686670780181885, 0.3666892349720001, 0.36651715636253357, 0.3662163019180298, 0.36606377363204956, 0.36585938930511475, 0.3656982481479645, 0.36549919843673706, 0.3655061423778534, 0.36544132232666016, 0.36521825194358826, 0.3650355637073517, 0.36505764722824097, 0.3650013208389282, 0.36476650834083557, 0.36460503935813904, 0.3643263876438141, 0.3639688193798065, 0.3636590838432312, 0.363416850566864, 0.3632979989051819, 0.3633393347263336, 0.3630985915660858, 0.3631539046764374, 0.36288967728614807, 0.36258938908576965, 0.36243966221809387, 0.3622388541698456, 0.3620785176753998, 0.36196431517601013, 0.36181390285491943, 0.3616129159927368, 0.3614535629749298, 0.361247718334198, 0.3610980212688446, 0.36099866032600403, 0.360884428024292, 0.360734224319458, 0.3605070412158966, 0.360346257686615, 0.36045777797698975, 0.3602462708950043, 0.3601475656032562, 0.3598480224609375, 0.3596700429916382, 0.35956114530563354, 0.35934722423553467, 0.35919076204299927, 0.35909396409988403, 0.35894671082496643, 0.3587680160999298, 0.3587150275707245, 0.35856297612190247, 0.3583528399467468, 0.3582565188407898, 0.358103483915329, 0.3579370975494385, 0.35775795578956604, 0.3575511872768402, 0.357355535030365, 0.3571354150772095, 0.35703063011169434, 0.3568837642669678, 0.35672006011009216, 0.35653746128082275, 0.3563103973865509, 0.35605013370513916, 0.35596171021461487, 0.35570228099823, 0.35547634959220886, 0.3552626669406891, 0.35505855083465576, 0.35479509830474854, 0.3546222448348999, 0.35437729954719543, 0.35420769453048706, 0.3540298342704773, 0.35387858748435974, 0.35374686121940613, 0.35350704193115234, 0.3533521592617035, 0.35321521759033203, 0.3530544340610504, 0.3529393672943115, 0.3527551591396332, 0.352458655834198, 0.35227325558662415, 0.35219573974609375, 0.3521061837673187, 0.35202112793922424, 0.35184958577156067, 0.3516523241996765, 0.3513995110988617, 0.3513014316558838, 0.35111308097839355, 0.3510827124118805, 0.3509471118450165, 0.350955605506897, 0.3506091237068176, 0.35051900148391724, 0.3502894937992096, 0.3502616584300995, 0.3501863479614258, 0.3500305116176605, 0.3497130572795868, 0.3495919704437256, 0.349414587020874, 0.34925660490989685, 0.3491203188896179, 0.3490419089794159, 0.34895455837249756, 0.34861114621162415, 0.3484581708908081, 0.3483330011367798, 0.3480686843395233, 0.34781691431999207, 0.34766021370887756, 0.34756556153297424, 0.3473956286907196, 0.3472508192062378, 0.3470825254917145, 0.3468772768974304, 0.34678494930267334, 0.3466128408908844, 0.3463950455188751, 0.34622514247894287, 0.3459759056568146, 0.3458659052848816, 0.34573113918304443, 0.34554967284202576, 0.34541141986846924, 0.34532156586647034, 0.3449510633945465, 0.344702810049057, 0.3446153700351715, 0.3443503677845001, 0.34424903988838196, 0.3441494107246399, 0.3439195156097412, 0.34375637769699097, 0.34358420968055725, 0.3434862792491913, 0.3433908224105835, 0.34337273240089417, 0.34323838353157043, 0.3430873453617096, 0.3429499566555023, 0.34262916445732117, 0.34245795011520386, 0.3424510657787323, 0.34224119782447815, 0.34196367859840393, 0.3418736755847931, 0.3418310284614563, 0.34155330061912537, 0.34142643213272095, 0.3410979211330414, 0.3410071134567261, 0.3407026529312134, 0.3403886556625366, 0.3402423858642578, 0.34005817770957947, 0.3398036062717438, 0.3395847976207733, 0.33942803740501404, 0.3392830789089203, 0.33907055854797363, 0.33916381001472473, 0.33901843428611755, 0.3387070596218109, 0.3385155498981476, 0.33835816383361816, 0.33821573853492737, 0.33813154697418213, 0.33791816234588623, 0.3379006087779999, 0.3375701904296875, 0.3373834490776062, 0.337233304977417, 0.33702772855758667, 0.3368074297904968, 0.3367728292942047, 0.3366779685020447, 0.33664461970329285, 0.336307555437088, 0.33623450994491577, 0.3361222445964813, 0.33583977818489075, 0.33550798892974854, 0.3353496789932251, 0.3351799249649048, 0.33497753739356995, 0.334793359041214, 0.33461588621139526, 0.33438292145729065, 0.33423611521720886, 0.33418720960617065, 0.3340374231338501, 0.333825945854187, 0.3337000012397766, 0.33365142345428467, 0.333401083946228, 0.33318275213241577, 0.3330444395542145, 0.33283427357673645, 0.33268341422080994, 0.33251383900642395, 0.332692950963974, 0.33256131410598755, 0.33256375789642334, 0.33241748809814453, 0.33220309019088745, 0.3320666253566742, 0.3317316174507141, 0.3315146267414093, 0.3313455879688263, 0.33119142055511475, 0.3311675786972046, 0.330984503030777, 0.3307531774044037, 0.33044207096099854, 0.3303845524787903, 0.3301966190338135, 0.3300483822822571, 0.3297995626926422, 0.32961520552635193, 0.32936882972717285, 0.3291824758052826, 0.32901066541671753, 0.3289106488227844, 0.3286830484867096, 0.3285210132598877, 0.32830512523651123, 0.3283006548881531, 0.3281830847263336, 0.3279360830783844, 0.32772135734558105, 0.3276214301586151, 0.3274902105331421, 0.3273710012435913, 0.3272216022014618, 0.32707130908966064, 0.32677149772644043, 0.32665079832077026, 0.3265220522880554, 0.3264612853527069, 0.3260476291179657, 0.325798898935318, 0.3256058394908905]",33.0,"[33.0, 33.0, 33.0, 33.0, 33.0, 33.0, 33.0, 33.0, 33.0, 33.0, 33.0, 33.0, 33.0, 33.0, 33.0, 33.0, 33.0, 33.0, 33.0, 33.0, 33.0, 33.0, 33.0, 33.0, 33.0, 33.0, 33.0, 33.0, 33.0, 33.0, 33.0, 33.0, 33.0, 33.0, 33.0, 33.0, 33.0, 33.0, 33.0, 33.0, 33.0, 33.0, 33.0, 33.0, 33.0, 33.0, 33.0, 33.0, 33.0, 33.0, 33.0, 33.0, 33.0, 33.0, 33.0, 33.0, 33.0, 33.0, 33.0, 33.0, 33.0, 33.0, 33.0, 33.0, 33.0, 33.0, 33.0, 33.0, 33.0, 33.0, 33.0, 33.0, 33.0, 33.0, 33.0, 33.0, 33.0, 33.0, 33.0, 33.0, 33.0, 33.0, 33.0, 33.0, 33.0, 33.0, 33.0, 33.0, 33.0, 33.0, 33.0, 33.0, 33.0, 33.0, 33.0, 33.0, 33.0, 33.0, 33.0, 33.0, 33.0, 33.0, 33.0, 33.0, 33.0, 33.0, 33.0, 33.0, 33.0, 33.0, 33.0, 33.0, 33.0, 33.0, 33.0, 33.0, 33.0, 33.0, 33.0, 33.0, 33.0, 33.0, 33.0, 33.0, 33.0, 33.0, 33.0, 33.0, 33.0, 33.0, 33.0, 33.0, 33.0, 33.0, 33.0, 33.0, 33.0, 33.0, 33.0, 33.0, 33.0, 33.0, 33.0, 33.0, 33.0, 33.0, 33.0, 33.0, 33.0, 33.0, 33.0, 33.0, 33.0, 33.0, 33.0, 33.0, 33.0, 33.0, 33.0, 33.0, 33.0, 33.0, 33.0, 33.0, 33.0, 33.0, 33.0, 33.0, 33.0, 33.0, 33.0, 33.0, 33.0, 33.0, 33.0, 33.0, 33.0, 33.0, 33.0, 33.0, 33.0, 33.0, 33.0, 33.0, 33.0, 33.0, 33.0, 33.0, 33.0, 33.0, 33.0, 33.0, 33.0, 33.0, 33.0, 33.0, 33.0, 33.0, 33.0, 33.0, 33.0, 33.0, 33.0, 33.0, 33.0, 33.0, 33.0, 33.0, 33.0, 33.0, 33.0, 33.0, 33.0, 33.0, 33.0, 33.0, 33.0, 33.0, 33.0, 33.0, 33.0, 33.0, 33.0, 33.0, 33.0, 33.0, 33.0, 33.0, 33.0, 33.0, 33.0, 33.0, 33.0, 33.0, 33.0, 33.0, 33.0, 33.0, 33.0, 33.0, 33.0, 33.0, 33.0, 33.0, 33.0, 33.0, 33.0, 33.0, 33.0, 33.0, 33.0, 33.0, 33.0, 33.0, 33.0, 33.0, 33.0, 33.0, 33.0, 33.0, 33.0, 33.0, 33.0, 33.0, 33.0, 33.0, 33.0, 33.0, 33.0, 33.0, 33.0, 33.0, 33.0, 33.0, 33.0, 33.0, 33.0, 33.0, 33.0, 33.0, 33.0, 33.0, 33.0, 33.0, 33.0, 33.0, 33.0, 33.0, 33.0, 33.0, 33.0, 33.0, 33.0, 33.0, 33.0, 33.0, 33.0, 33.0, 33.0, 33.0, 33.0, 33.0, 33.0, 33.0, 33.0, 33.0, 33.0, 33.0, 33.0, 33.0, 33.0, 33.0, 33.0, 33.0, 33.0, 33.0, 33.0, 33.0, 33.0, 33.0, 33.0, 33.0, 33.0, 33.0, 33.0]",COMPLETE
