,number,value,datetime_start,datetime_complete,duration,params_batch_size_scaler,params_constant_learning_rate,params_depth,params_epochs,params_kernel_l2,params_num_trees,params_temperature,user_attrs_accuracy_test,user_attrs_accuracy_valid,user_attrs_approximate_feature_sparsity,user_attrs_approximate_feature_sparsity_history,user_attrs_approximate_weight_sparsity,user_attrs_approximate_weight_sparsity_history,user_attrs_auc_test,user_attrs_auc_valid,user_attrs_feature_sparsity,user_attrs_feature_sparsity_history,user_attrs_num_epochs,user_attrs_val_loss_history,user_attrs_weight_sparsity,user_attrs_weight_sparsity_history,state
101,101,0.7094846131055893,2024-08-31 05:23:04.992299,2024-08-31 05:23:28.127273,0 days 00:00:23.134974,16,0.013169818200925183,2,170,0.0014352872909303212,14,0.00653657639832806,0.87,0.865,33,"[33, 33, 33, 33, 33, 33, 33, 33, 33, 33, 33, 33, 33, 33, 33, 33, 33, 33, 33, 33, 33, 33, 33, 33, 33, 33, 33, 33, 33, 33, 33, 33, 33, 33, 33, 33, 33, 33, 33, 33, 33, 33, 33, 33, 33, 33, 33, 33, 33, 33, 33, 33, 33, 33, 33, 33, 33, 33, 33, 33, 33, 33, 33, 33, 33, 33, 33, 33, 33, 33, 33, 33, 33, 33, 33, 33, 33, 33, 33, 33, 33, 33, 33, 33, 33, 33, 33, 33, 33, 33, 33, 33, 33, 33, 33, 33, 33, 33, 33, 33, 33, 33, 33, 33, 33, 33, 33, 33, 33, 33, 33, 33, 33, 33, 33, 33, 33, 33, 33, 33, 33, 33, 33, 33, 33, 33, 33, 33, 33, 33, 33, 33, 33, 33, 33, 33, 33, 33, 33, 33, 33, 33, 33, 33, 33, 33, 33, 33, 33, 33, 33, 33, 33, 33, 33, 33, 33, 33, 33, 33, 33, 33, 33, 33, 33, 33, 33, 33, 33, 33]",32.976190476190474,"[32.976190476190474, 33.0, 33.0, 33.0, 33.0, 33.0, 32.976190476190474, 32.976190476190474, 32.976190476190474, 33.0, 33.0, 32.976190476190474, 33.0, 33.0, 33.0, 33.0, 33.0, 33.0, 33.0, 33.0, 33.0, 32.976190476190474, 32.976190476190474, 32.95238095238095, 33.0, 33.0, 33.0, 33.0, 33.0, 33.0, 33.0, 33.0, 33.0, 33.0, 33.0, 33.0, 33.0, 33.0, 33.0, 33.0, 33.0, 33.0, 32.976190476190474, 33.0, 33.0, 33.0, 32.976190476190474, 32.95238095238095, 32.976190476190474, 32.976190476190474, 32.95238095238095, 32.95238095238095, 32.95238095238095, 32.95238095238095, 32.95238095238095, 32.95238095238095, 32.976190476190474, 32.95238095238095, 32.976190476190474, 32.976190476190474, 32.976190476190474, 32.976190476190474, 32.976190476190474, 32.976190476190474, 32.976190476190474, 33.0, 33.0, 32.976190476190474, 32.95238095238095, 33.0, 32.976190476190474, 33.0, 33.0, 32.976190476190474, 32.976190476190474, 33.0, 33.0, 33.0, 33.0, 33.0, 32.976190476190474, 33.0, 33.0, 33.0, 33.0, 33.0, 33.0, 33.0, 33.0, 33.0, 33.0, 33.0, 33.0, 33.0, 33.0, 33.0, 33.0, 33.0, 33.0, 33.0, 32.976190476190474, 33.0, 33.0, 33.0, 33.0, 33.0, 33.0, 33.0, 33.0, 32.976190476190474, 32.976190476190474, 33.0, 33.0, 33.0, 33.0, 33.0, 33.0, 32.976190476190474, 32.976190476190474, 32.95238095238095, 33.0, 33.0, 33.0, 32.976190476190474, 32.976190476190474, 33.0, 33.0, 33.0, 33.0, 33.0, 33.0, 33.0, 33.0, 32.976190476190474, 32.976190476190474, 32.976190476190474, 33.0, 33.0, 33.0, 33.0, 33.0, 33.0, 32.976190476190474, 33.0, 33.0, 33.0, 33.0, 33.0, 33.0, 33.0, 33.0, 33.0, 33.0, 33.0, 33.0, 33.0, 32.976190476190474, 33.0, 33.0, 33.0, 33.0, 32.976190476190474, 32.976190476190474, 32.976190476190474, 32.95238095238095, 32.92857142857143, 32.976190476190474, 32.95238095238095, 32.95238095238095, 32.976190476190474]",0.7485365632146896,0.7094846131055893,33,"[33, 33, 33, 33, 33, 33, 33, 33, 33, 33, 33, 33, 33, 33, 33, 33, 33, 33, 33, 33, 33, 33, 33, 33, 33, 33, 33, 33, 33, 33, 33, 33, 33, 33, 33, 33, 33, 33, 33, 33, 33, 33, 33, 33, 33, 33, 33, 33, 33, 33, 33, 33, 33, 33, 33, 33, 33, 33, 33, 33, 33, 33, 33, 33, 33, 33, 33, 33, 33, 33, 33, 33, 33, 33, 33, 33, 33, 33, 33, 33, 33, 33, 33, 33, 33, 33, 33, 33, 33, 33, 33, 33, 33, 33, 33, 33, 33, 33, 33, 33, 33, 33, 33, 33, 33, 33, 33, 33, 33, 33, 33, 33, 33, 33, 33, 33, 33, 33, 33, 33, 33, 33, 33, 33, 33, 33, 33, 33, 33, 33, 33, 33, 33, 33, 33, 33, 33, 33, 33, 33, 33, 33, 33, 33, 33, 33, 33, 33, 33, 33, 33, 33, 33, 33, 33, 33, 33, 33, 33, 33, 33, 33, 33, 33, 33, 33, 33, 33, 33, 33]",170,"[0.42063817381858826, 0.4195525646209717, 0.41852161288261414, 0.4175167977809906, 0.41657811403274536, 0.41566067934036255, 0.41475483775138855, 0.41388005018234253, 0.4130045771598816, 0.41214290261268616, 0.41132181882858276, 0.41051238775253296, 0.4097314178943634, 0.40896016359329224, 0.4082034230232239, 0.40745556354522705, 0.40671923756599426, 0.40599894523620605, 0.4053110182285309, 0.4046308994293213, 0.403956800699234, 0.40330955386161804, 0.40266531705856323, 0.4020136594772339, 0.40136775374412537, 0.40076595544815063, 0.400156706571579, 0.39956241846084595, 0.39897385239601135, 0.3983856439590454, 0.3978155553340912, 0.3972473442554474, 0.39670124650001526, 0.3961346745491028, 0.3955932557582855, 0.39505088329315186, 0.3945263922214508, 0.3940052390098572, 0.39349859952926636, 0.39299049973487854, 0.3925139307975769, 0.3920370042324066, 0.39158275723457336, 0.3911316692829132, 0.3906717300415039, 0.3902151584625244, 0.3897714912891388, 0.3893645405769348, 0.38891780376434326, 0.38848933577537537, 0.38806551694869995, 0.38765400648117065, 0.3872421383857727, 0.3868468999862671, 0.38646194338798523, 0.3860625922679901, 0.38568922877311707, 0.3852982819080353, 0.3849048316478729, 0.3845522999763489, 0.38419249653816223, 0.3838021457195282, 0.38342994451522827, 0.3830898404121399, 0.3827367126941681, 0.3824031949043274, 0.382068932056427, 0.381728857755661, 0.3814060091972351, 0.3810902535915375, 0.380738765001297, 0.3804457187652588, 0.38013747334480286, 0.3798255920410156, 0.379495233297348, 0.37919288873672485, 0.37889695167541504, 0.3786143958568573, 0.37833136320114136, 0.3780343532562256, 0.37774932384490967, 0.3774794340133667, 0.37719348073005676, 0.37693241238594055, 0.3766576647758484, 0.3763795495033264, 0.3761098086833954, 0.3758370578289032, 0.3755685091018677, 0.37530338764190674, 0.37502360343933105, 0.3747693598270416, 0.37450817227363586, 0.374252051115036, 0.3739941418170929, 0.37375491857528687, 0.3735124468803406, 0.3732639253139496, 0.3730244040489197, 0.3727933466434479, 0.3725547790527344, 0.3723437190055847, 0.3721001148223877, 0.37186920642852783, 0.3716351389884949, 0.37140578031539917, 0.37118950486183167, 0.37095901370048523, 0.370741069316864, 0.370519757270813, 0.3702930510044098, 0.37010276317596436, 0.369888573884964, 0.36968329548835754, 0.36947813630104065, 0.3692643344402313, 0.36903834342956543, 0.36884379386901855, 0.3686327636241913, 0.3684394955635071, 0.36824044585227966, 0.36802414059638977, 0.3678129315376282, 0.36762452125549316, 0.3674108386039734, 0.36723068356513977, 0.36703819036483765, 0.3668399155139923, 0.36664965748786926, 0.36644020676612854, 0.3662618398666382, 0.3660705089569092, 0.3658909499645233, 0.36569979786872864, 0.3655272424221039, 0.3653429448604584, 0.3651684522628784, 0.36498504877090454, 0.3647976815700531, 0.3646111786365509, 0.36444908380508423, 0.3642861843109131, 0.3640856146812439, 0.3639147877693176, 0.36373013257980347, 0.36352938413619995, 0.3633427023887634, 0.36316898465156555, 0.3629968762397766, 0.3628128468990326, 0.3626394271850586, 0.362479567527771, 0.3623100221157074, 0.3621293008327484, 0.3619786202907562, 0.36180028319358826, 0.36163341999053955, 0.36147740483283997, 0.36132803559303284, 0.3611598610877991, 0.36099064350128174, 0.3608241677284241, 0.36066722869873047, 0.36051177978515625, 0.36034056544303894, 0.36017218232154846, 0.359981507062912, 0.35982993245124817, 0.3596634268760681, 0.3594915270805359]",33.0,"[33.0, 33.0, 33.0, 33.0, 33.0, 33.0, 33.0, 33.0, 33.0, 33.0, 33.0, 33.0, 33.0, 33.0, 33.0, 33.0, 33.0, 33.0, 33.0, 33.0, 33.0, 33.0, 33.0, 33.0, 33.0, 33.0, 33.0, 33.0, 33.0, 33.0, 33.0, 33.0, 33.0, 33.0, 33.0, 33.0, 33.0, 33.0, 33.0, 33.0, 33.0, 33.0, 33.0, 33.0, 33.0, 33.0, 33.0, 33.0, 33.0, 33.0, 33.0, 33.0, 33.0, 33.0, 33.0, 33.0, 33.0, 33.0, 33.0, 33.0, 33.0, 33.0, 33.0, 33.0, 33.0, 33.0, 33.0, 33.0, 33.0, 33.0, 33.0, 33.0, 33.0, 33.0, 33.0, 33.0, 33.0, 33.0, 33.0, 33.0, 33.0, 33.0, 33.0, 33.0, 33.0, 33.0, 33.0, 33.0, 33.0, 33.0, 33.0, 33.0, 33.0, 33.0, 33.0, 33.0, 33.0, 33.0, 33.0, 33.0, 33.0, 33.0, 33.0, 33.0, 33.0, 33.0, 33.0, 33.0, 33.0, 33.0, 33.0, 33.0, 33.0, 33.0, 33.0, 33.0, 33.0, 33.0, 33.0, 33.0, 33.0, 33.0, 33.0, 33.0, 33.0, 33.0, 33.0, 33.0, 33.0, 33.0, 33.0, 33.0, 33.0, 33.0, 33.0, 33.0, 33.0, 33.0, 33.0, 33.0, 33.0, 33.0, 33.0, 33.0, 33.0, 33.0, 33.0, 33.0, 33.0, 33.0, 33.0, 33.0, 33.0, 33.0, 33.0, 33.0, 33.0, 33.0, 33.0, 33.0, 33.0, 33.0, 33.0, 33.0, 33.0, 33.0, 33.0, 33.0, 33.0, 33.0]",COMPLETE
102,102,0.6088418286509255,2024-08-31 05:23:30.710965,2024-08-31 05:25:10.299725,0 days 00:01:39.588760,64,0.23023808701682782,6,330,0.2944483479243752,2,0.07166829606325342,0.859,0.85875,1,"[33, 33, 33, 33, 33, 33, 33, 33, 31, 29, 28, 27, 26, 22, 22, 20, 18, 18, 17, 16, 16, 15, 15, 15, 14, 13, 12, 11, 11, 10, 10, 10, 9, 9, 9, 9, 7, 7, 6, 6, 6, 6, 6, 6, 6, 6, 6, 6, 6, 6, 6, 6, 6, 4, 3, 3, 3, 3, 3, 3, 3, 3, 3, 3, 3, 3, 3, 3, 3, 3, 3, 3, 3, 3, 3, 3, 1, 1, 1, 1, 1, 1, 1, 1, 1, 1, 1, 1, 1, 1, 1, 1, 1, 1, 1, 1, 1, 1, 1, 1, 1, 1, 1, 1, 1, 1, 1, 1, 1, 1, 1, 1, 1, 1, 1, 1, 1, 1, 1, 1, 1, 1, 1, 1, 1, 1, 1, 1, 1, 1, 1, 1, 1, 1, 1, 1, 1, 1, 1, 1, 1, 1, 1, 1, 1, 1, 1, 1, 1, 1, 1, 1, 1, 1, 1, 1, 1, 1, 1, 1, 1, 1, 1, 1, 1, 1, 1, 1, 1, 1, 1, 1, 1, 1, 1, 1, 1, 1, 1, 1, 1, 1, 1, 1, 1, 1, 1, 1, 1, 1, 1, 1, 1, 1, 1, 1, 1, 1, 1, 1, 1, 1, 1, 1, 1, 1, 1, 1, 1, 1, 1, 1, 1, 1, 1, 1, 1, 1, 1, 1, 1, 1, 1, 1, 1, 1, 1, 1, 1, 1, 1, 1, 1, 1, 1, 1, 1, 1, 1, 1, 1, 1, 1, 1, 1, 1, 1, 1, 1, 1, 1, 1, 1, 1, 1, 1, 1, 1, 1, 1, 1, 1, 1, 1, 1, 1, 1, 1, 1, 1, 1, 1, 1, 1, 1, 1, 1, 1, 1, 1, 1, 1, 1, 1, 1, 1, 1, 1, 1, 1, 1, 1, 1, 1, 1, 1, 1, 1, 1, 1, 1, 1, 1, 1, 1, 1, 1, 1, 1, 1, 1, 1, 1, 1, 1, 1, 1, 1, 1, 1, 1, 1, 1, 1, 1, 1, 1, 1, 1, 1]",1.0,"[32.98412698412699, 32.976190476190474, 32.96825396825397, 32.98412698412699, 32.992063492063494, 32.98412698412699, 32.98412698412699, 33.0, 31.0, 28.984126984126984, 28.0, 26.992063492063494, 25.984126984126984, 21.992063492063494, 22.0, 20.0, 17.992063492063494, 18.0, 16.96825396825397, 15.992063492063492, 16.0, 14.984126984126984, 14.992063492063492, 15.0, 14.0, 13.0, 11.992063492063492, 10.984126984126984, 10.984126984126984, 10.0, 10.0, 10.0, 8.992063492063492, 9.0, 9.0, 9.0, 7.0, 7.0, 6.0, 6.0, 6.0, 6.0, 5.992063492063492, 5.992063492063492, 6.0, 6.0, 6.0, 6.0, 6.0, 6.0, 5.992063492063492, 6.0, 5.984126984126984, 4.0, 3.0, 3.0, 3.0, 3.0, 3.0, 3.0, 3.0, 3.0, 3.0, 3.0, 2.992063492063492, 3.0, 3.0, 3.0, 3.0, 3.0, 3.0, 3.0, 3.0, 2.984126984126984, 2.992063492063492, 3.0, 1.0, 1.0, 1.0, 1.0, 1.0, 1.0, 1.0, 1.0, 1.0, 1.0, 1.0, 1.0, 1.0, 1.0, 1.0, 1.0, 1.0, 1.0, 1.0, 1.0, 1.0, 1.0, 1.0, 1.0, 1.0, 1.0, 1.0, 1.0, 1.0, 1.0, 1.0, 1.0, 1.0, 1.0, 1.0, 1.0, 1.0, 1.0, 1.0, 1.0, 1.0, 1.0, 1.0, 1.0, 1.0, 1.0, 1.0, 1.0, 1.0, 1.0, 1.0, 1.0, 1.0, 1.0, 1.0, 1.0, 0.9920634920634921, 0.9920634920634921, 0.9920634920634921, 0.9920634920634921, 0.9920634920634921, 1.0, 1.0, 1.0, 1.0, 1.0, 1.0, 0.9920634920634921, 1.0, 1.0, 1.0, 1.0, 1.0, 1.0, 1.0, 1.0, 1.0, 1.0, 1.0, 1.0, 1.0, 0.9920634920634921, 0.9920634920634921, 1.0, 1.0, 1.0, 1.0, 1.0, 1.0, 1.0, 1.0, 1.0, 1.0, 1.0, 1.0, 1.0, 1.0, 1.0, 1.0, 1.0, 1.0, 1.0, 1.0, 1.0, 1.0, 1.0, 1.0, 1.0, 1.0, 1.0, 1.0, 1.0, 1.0, 1.0, 1.0, 1.0, 1.0, 1.0, 1.0, 1.0, 1.0, 1.0, 1.0, 1.0, 1.0, 1.0, 1.0, 1.0, 1.0, 1.0, 1.0, 1.0, 1.0, 1.0, 0.9920634920634921, 0.9920634920634921, 0.9920634920634921, 0.9920634920634921, 0.9920634920634921, 1.0, 1.0, 1.0, 1.0, 1.0, 1.0, 1.0, 0.9920634920634921, 0.9920634920634921, 1.0, 1.0, 1.0, 1.0, 1.0, 1.0, 1.0, 1.0, 1.0, 1.0, 1.0, 1.0, 1.0, 1.0, 1.0, 1.0, 0.9920634920634921, 0.9920634920634921, 1.0, 1.0, 1.0, 1.0, 1.0, 1.0, 1.0, 1.0, 0.9920634920634921, 0.9920634920634921, 1.0, 1.0, 1.0, 1.0, 1.0, 1.0, 1.0, 1.0, 1.0, 1.0, 1.0, 1.0, 1.0, 1.0, 1.0, 1.0, 1.0, 1.0, 1.0, 1.0, 1.0, 0.9920634920634921, 0.9920634920634921, 1.0, 1.0, 1.0, 1.0, 1.0, 1.0, 1.0, 1.0, 1.0, 1.0, 1.0, 1.0, 1.0, 1.0, 1.0, 1.0, 1.0, 1.0, 1.0, 1.0, 1.0, 1.0, 1.0, 1.0, 1.0, 1.0, 0.9920634920634921, 0.9920634920634921, 0.9920634920634921, 0.9920634920634921, 0.9920634920634921, 1.0, 1.0, 1.0, 1.0, 1.0, 1.0, 1.0, 1.0, 1.0, 1.0, 1.0, 1.0, 1.0, 1.0, 1.0, 1.0, 1.0, 1.0, 1.0, 1.0, 1.0, 1.0, 1.0, 1.0]",0.6144865793145584,0.6088418286509255,1,"[33, 33, 33, 33, 33, 33, 33, 33, 31, 29, 28, 27, 26, 22, 22, 20, 18, 18, 17, 16, 16, 15, 15, 15, 14, 13, 12, 11, 11, 10, 10, 10, 9, 9, 9, 9, 7, 7, 6, 6, 6, 6, 6, 6, 6, 6, 6, 6, 6, 6, 6, 6, 6, 4, 3, 3, 3, 3, 3, 3, 3, 3, 3, 3, 3, 3, 3, 3, 3, 3, 3, 3, 3, 3, 3, 3, 1, 1, 1, 1, 1, 1, 1, 1, 1, 1, 1, 1, 1, 1, 1, 1, 1, 1, 1, 1, 1, 1, 1, 1, 1, 1, 1, 1, 1, 1, 1, 1, 1, 1, 1, 1, 1, 1, 1, 1, 1, 1, 1, 1, 1, 1, 1, 1, 1, 1, 1, 1, 1, 1, 1, 1, 1, 1, 1, 1, 1, 1, 1, 1, 1, 1, 1, 1, 1, 1, 1, 1, 1, 1, 1, 1, 1, 1, 1, 1, 1, 1, 1, 1, 1, 1, 1, 1, 1, 1, 1, 1, 1, 1, 1, 1, 1, 1, 1, 1, 1, 1, 1, 1, 1, 1, 1, 1, 1, 1, 1, 1, 1, 1, 1, 1, 1, 1, 1, 1, 1, 1, 1, 1, 1, 1, 1, 1, 1, 1, 1, 1, 1, 1, 1, 1, 1, 1, 1, 1, 1, 1, 1, 1, 1, 1, 1, 1, 1, 1, 1, 1, 1, 1, 1, 1, 1, 1, 1, 1, 1, 1, 1, 1, 1, 1, 1, 1, 1, 1, 1, 1, 1, 1, 1, 1, 1, 1, 1, 1, 1, 1, 1, 1, 1, 1, 1, 1, 1, 1, 1, 1, 1, 1, 1, 1, 1, 1, 1, 1, 1, 1, 1, 1, 1, 1, 1, 1, 1, 1, 1, 1, 1, 1, 1, 1, 1, 1, 1, 1, 1, 1, 1, 1, 1, 1, 1, 1, 1, 1, 1, 1, 1, 1, 1, 1, 1, 1, 1, 1, 1, 1, 1, 1, 1, 1, 1, 1, 1, 1, 1, 1, 1, 1]",330,"[0.7542986869812012, 0.7362431883811951, 0.719332754611969, 0.7039631009101868, 0.6892016530036926, 0.6760208606719971, 0.6635949611663818, 0.6517469882965088, 0.6347560286521912, 0.620323121547699, 0.6076571345329285, 0.5954077839851379, 0.5831495523452759, 0.5609620213508606, 0.553580641746521, 0.5399672985076904, 0.527440071105957, 0.5212386250495911, 0.5130329728126526, 0.5046684145927429, 0.4993048906326294, 0.4914441704750061, 0.48696181178092957, 0.48264187574386597, 0.47572726011276245, 0.46844029426574707, 0.46392959356307983, 0.4592497646808624, 0.4560083746910095, 0.45000582933425903, 0.44749000668525696, 0.4446167051792145, 0.43957969546318054, 0.4372705817222595, 0.4350316524505615, 0.43318840861320496, 0.433966726064682, 0.4323270916938782, 0.42988431453704834, 0.42825600504875183, 0.4268820583820343, 0.4253641963005066, 0.42414265871047974, 0.4228743314743042, 0.42173612117767334, 0.42065680027008057, 0.4196051359176636, 0.41865408420562744, 0.41787225008010864, 0.41694390773773193, 0.4161474108695984, 0.4151928722858429, 0.4143953025341034, 0.4179498255252838, 0.41688910126686096, 0.41617947816848755, 0.41561177372932434, 0.41504737734794617, 0.4143756628036499, 0.41386258602142334, 0.41340798139572144, 0.41289857029914856, 0.41255882382392883, 0.4122742712497711, 0.4118756055831909, 0.41161221265792847, 0.4113970696926117, 0.41111746430397034, 0.4109092950820923, 0.41058504581451416, 0.41028663516044617, 0.410060316324234, 0.4098711311817169, 0.40962445735931396, 0.40942761301994324, 0.4092646837234497, 0.41113904118537903, 0.410282164812088, 0.40966537594795227, 0.40893450379371643, 0.40836888551712036, 0.40774402022361755, 0.40726566314697266, 0.40676116943359375, 0.40621161460876465, 0.40577471256256104, 0.40540459752082825, 0.4051075875759125, 0.40479329228401184, 0.404494971036911, 0.4043048620223999, 0.4041926860809326, 0.4038061499595642, 0.40361106395721436, 0.4034607410430908, 0.4033237099647522, 0.4030841588973999, 0.40295031666755676, 0.402762770652771, 0.4026176333427429, 0.4025019705295563, 0.40234696865081787, 0.40219298005104065, 0.4020448923110962, 0.4019147753715515, 0.4017804265022278, 0.40168091654777527, 0.4016000032424927, 0.40150460600852966, 0.4014321267604828, 0.4013602137565613, 0.40129145979881287, 0.4012490212917328, 0.40119534730911255, 0.40112125873565674, 0.40108218789100647, 0.401045024394989, 0.4010009765625, 0.40094566345214844, 0.40089571475982666, 0.40086182951927185, 0.4008333086967468, 0.40076836943626404, 0.4007452726364136, 0.40070563554763794, 0.40069666504859924, 0.40068522095680237, 0.4006560444831848, 0.40061497688293457, 0.4005916118621826, 0.40055978298187256, 0.4005490243434906, 0.4004918932914734, 0.40046992897987366, 0.40044066309928894, 0.40040624141693115, 0.4003641903400421, 0.40033501386642456, 0.4003126621246338, 0.4002867043018341, 0.4002540707588196, 0.4002194106578827, 0.40019693970680237, 0.4001774191856384, 0.40015318989753723, 0.4001269042491913, 0.4001093804836273, 0.4000907242298126, 0.400063693523407, 0.40004268288612366, 0.40002402663230896, 0.39999857544898987, 0.39997923374176025, 0.3999582529067993, 0.3999353349208832, 0.3999157249927521, 0.3998962640762329, 0.3998791575431824, 0.39986103773117065, 0.39984196424484253, 0.3998194634914398, 0.3998008072376251, 0.39978182315826416, 0.3997631371021271, 0.3997434377670288, 0.39972445368766785, 0.3997061848640442, 0.39968717098236084, 0.39967140555381775, 0.39965203404426575, 0.3996346592903137, 0.3996175527572632, 0.3996012508869171, 0.3995884954929352, 0.399568110704422, 0.3995498716831207, 0.3995327055454254, 0.3995194137096405, 0.39950495958328247, 0.3994915783405304, 0.3994837701320648, 0.3994656801223755, 0.3994506001472473, 0.3994371294975281, 0.3994298279285431, 0.39943358302116394, 0.3994065821170807, 0.39939621090888977, 0.39936959743499756, 0.39934834837913513, 0.39931759238243103, 0.39930474758148193, 0.3992859125137329, 0.3992629945278168, 0.3992454409599304, 0.3992339074611664, 0.399222731590271, 0.3992112874984741, 0.3991941809654236, 0.39918482303619385, 0.3991701006889343, 0.3991464376449585, 0.3991323709487915, 0.39910954236984253, 0.39909952878952026, 0.3990849554538727, 0.3990812301635742, 0.399067223072052, 0.3990474045276642, 0.39904800057411194, 0.3990270495414734, 0.3990117311477661, 0.3989959955215454, 0.39897528290748596, 0.39895638823509216, 0.39894336462020874, 0.39892956614494324, 0.3989097476005554, 0.39889708161354065, 0.39889267086982727, 0.39887887239456177, 0.3988659977912903, 0.3988410234451294, 0.3988223373889923, 0.39880993962287903, 0.3987957239151001, 0.3987789452075958, 0.39876845479011536, 0.3987559378147125, 0.3987383544445038, 0.3987239599227905, 0.39871451258659363, 0.3987048864364624, 0.398698627948761, 0.39869529008865356, 0.39868873357772827, 0.3986876606941223, 0.3986700177192688, 0.39866191148757935, 0.39866477251052856, 0.398640513420105, 0.39862173795700073, 0.39860856533050537, 0.3986031711101532, 0.3985784947872162, 0.3985574245452881, 0.398542582988739, 0.39853858947753906, 0.39851266145706177, 0.3984956741333008, 0.39848625659942627, 0.3984729051589966, 0.39845818281173706, 0.3984447717666626, 0.3984297811985016, 0.39841851592063904, 0.3984127342700958, 0.3984030783176422, 0.39838990569114685, 0.3983841836452484, 0.39838072657585144, 0.39837345480918884, 0.39836156368255615, 0.39834076166152954, 0.39832186698913574, 0.39831674098968506, 0.39830902218818665, 0.3982957899570465, 0.3982858955860138, 0.3982734978199005, 0.3982662260532379, 0.39824679493904114, 0.39823082089424133, 0.3982268273830414, 0.39820975065231323, 0.39819446206092834, 0.3981841802597046, 0.39817342162132263, 0.39816319942474365, 0.39814862608909607, 0.3981376588344574, 0.3981335759162903, 0.3981274664402008, 0.39811792969703674, 0.398103266954422, 0.3980936110019684, 0.3980809152126312, 0.3980666995048523, 0.398057758808136, 0.3980458080768585, 0.39804238080978394, 0.39802730083465576, 0.3980148732662201, 0.39800286293029785, 0.3979918658733368, 0.3979831039905548, 0.3979725241661072, 0.39796197414398193, 0.39795130491256714, 0.3979414701461792, 0.39793241024017334, 0.3979223668575287, 0.39791542291641235, 0.39790886640548706, 0.3979019522666931, 0.39789116382598877, 0.3978782892227173, 0.3978661000728607, 0.3978527784347534, 0.3978430926799774, 0.39783331751823425, 0.39782387018203735, 0.39781424403190613, 0.3978036642074585, 0.3977954387664795, 0.39778760075569153, 0.39777588844299316, 0.39777061343193054, 0.3977605700492859, 0.39774754643440247, 0.39773887395858765, 0.39772847294807434, 0.3977218568325043, 0.3977116346359253, 0.3977012634277344, 0.3976961076259613, 0.39768078923225403, 0.39766913652420044, 0.39765986800193787, 0.39765164256095886]",1.0,"[33.0, 33.0, 33.0, 33.0, 33.0, 33.0, 33.0, 33.0, 31.0, 29.0, 28.0, 27.0, 26.0, 22.0, 22.0, 20.0, 18.0, 18.0, 17.0, 16.0, 16.0, 15.0, 15.0, 15.0, 14.0, 13.0, 12.0, 11.0, 11.0, 10.0, 10.0, 10.0, 9.0, 9.0, 9.0, 9.0, 7.0, 7.0, 6.0, 6.0, 6.0, 6.0, 6.0, 6.0, 6.0, 6.0, 6.0, 6.0, 6.0, 6.0, 6.0, 6.0, 6.0, 4.0, 3.0, 3.0, 3.0, 3.0, 3.0, 3.0, 3.0, 3.0, 3.0, 3.0, 3.0, 3.0, 3.0, 3.0, 3.0, 3.0, 3.0, 3.0, 3.0, 3.0, 3.0, 3.0, 1.0, 1.0, 1.0, 1.0, 1.0, 1.0, 1.0, 1.0, 1.0, 1.0, 1.0, 1.0, 1.0, 1.0, 1.0, 1.0, 1.0, 1.0, 1.0, 1.0, 1.0, 1.0, 1.0, 1.0, 1.0, 1.0, 1.0, 1.0, 1.0, 1.0, 1.0, 1.0, 1.0, 1.0, 1.0, 1.0, 1.0, 1.0, 1.0, 1.0, 1.0, 1.0, 1.0, 1.0, 1.0, 1.0, 1.0, 1.0, 1.0, 1.0, 1.0, 1.0, 1.0, 1.0, 1.0, 1.0, 1.0, 1.0, 1.0, 1.0, 1.0, 1.0, 1.0, 1.0, 1.0, 1.0, 1.0, 1.0, 1.0, 1.0, 1.0, 1.0, 1.0, 1.0, 1.0, 1.0, 1.0, 1.0, 1.0, 1.0, 1.0, 1.0, 1.0, 1.0, 1.0, 1.0, 1.0, 1.0, 1.0, 1.0, 1.0, 1.0, 1.0, 1.0, 1.0, 1.0, 1.0, 1.0, 1.0, 1.0, 1.0, 1.0, 1.0, 1.0, 1.0, 1.0, 1.0, 1.0, 1.0, 1.0, 1.0, 1.0, 1.0, 1.0, 1.0, 1.0, 1.0, 1.0, 1.0, 1.0, 1.0, 1.0, 1.0, 1.0, 1.0, 1.0, 1.0, 1.0, 1.0, 1.0, 1.0, 1.0, 1.0, 1.0, 1.0, 1.0, 1.0, 1.0, 1.0, 1.0, 1.0, 1.0, 1.0, 1.0, 1.0, 1.0, 1.0, 1.0, 1.0, 1.0, 1.0, 1.0, 1.0, 1.0, 1.0, 1.0, 1.0, 1.0, 1.0, 1.0, 1.0, 1.0, 1.0, 1.0, 1.0, 1.0, 1.0, 1.0, 1.0, 1.0, 1.0, 1.0, 1.0, 1.0, 1.0, 1.0, 1.0, 1.0, 1.0, 1.0, 1.0, 1.0, 1.0, 1.0, 1.0, 1.0, 1.0, 1.0, 1.0, 1.0, 1.0, 1.0, 1.0, 1.0, 1.0, 1.0, 1.0, 1.0, 1.0, 1.0, 1.0, 1.0, 1.0, 1.0, 1.0, 1.0, 1.0, 1.0, 1.0, 1.0, 1.0, 1.0, 1.0, 1.0, 1.0, 1.0, 1.0, 1.0, 1.0, 1.0, 1.0, 1.0, 1.0, 1.0, 1.0, 1.0, 1.0, 1.0, 1.0, 1.0, 1.0, 1.0, 1.0, 1.0, 1.0, 1.0, 1.0, 1.0, 1.0, 1.0, 1.0, 1.0, 1.0, 1.0, 1.0, 1.0, 1.0, 1.0, 1.0, 1.0, 1.0, 1.0, 1.0, 1.0]",COMPLETE
