,number,value,datetime_start,datetime_complete,duration,params_batch_size_scaler,params_constant_learning_rate,params_depth,params_epochs,params_kernel_l2,params_num_trees,params_temperature,user_attrs_accuracy_test,user_attrs_accuracy_valid,user_attrs_approximate_feature_sparsity,user_attrs_approximate_feature_sparsity_history,user_attrs_approximate_weight_sparsity,user_attrs_approximate_weight_sparsity_history,user_attrs_auc_test,user_attrs_auc_valid,user_attrs_feature_sparsity,user_attrs_feature_sparsity_history,user_attrs_num_epochs,user_attrs_val_loss_history,user_attrs_weight_sparsity,user_attrs_weight_sparsity_history,state
162,162,0.9153559789259446,2024-08-31 08:41:13.701587,2024-08-31 08:42:32.030114,0 days 00:01:18.328527,4,0.1570893095591901,1,450,0.008571152133147731,97,0.004420458004332733,0.927,0.93125,32,"[33, 33, 33, 33, 33, 33, 33, 33, 33, 33, 33, 33, 33, 33, 33, 33, 33, 33, 33, 33, 33, 33, 33, 33, 33, 33, 33, 33, 33, 33, 33, 33, 33, 33, 33, 33, 33, 33, 33, 33, 33, 33, 33, 33, 33, 33, 33, 33, 33, 33, 33, 33, 33, 33, 33, 33, 33, 33, 33, 33, 33, 33, 33, 33, 33, 33, 33, 33, 33, 33, 33, 33, 33, 33, 33, 33, 33, 33, 33, 33, 33, 33, 33, 33, 33, 33, 33, 33, 33, 33, 33, 33, 33, 33, 33, 33, 33, 33, 33, 33, 33, 33, 33, 33, 33, 33, 33, 33, 33, 33, 33, 33, 33, 33, 33, 33, 33, 33, 33, 33, 33, 33, 33, 33, 33, 33, 33, 33, 33, 33, 33, 33, 33, 33, 33, 33, 33, 33, 33, 33, 33, 33, 33, 33, 33, 33, 33, 33, 33, 33, 33, 33, 33, 33, 33, 33, 33, 33, 33, 33, 33, 33, 33, 33, 33, 33, 33, 32, 32, 32, 32, 32, 32, 32, 32, 32, 32, 32, 32, 32, 32, 32, 32, 32, 32, 32, 32, 32, 32, 32, 32, 32, 32, 32, 32, 32, 32, 32, 32, 32, 32, 32, 32, 32, 32, 32, 32, 32, 32, 32, 32, 32, 32, 32, 32, 32, 32, 32, 32, 32, 32, 32, 32, 32, 32, 32, 32, 32, 32, 32, 32, 32, 32, 32, 32, 32, 32, 32, 32, 32, 32, 32, 32, 32, 32, 32, 32, 32, 32, 32, 32, 32, 32, 32, 32, 32, 32, 32, 32, 32, 32, 32, 32, 32, 32, 32, 32, 32, 32, 32, 32, 32, 32, 32, 32, 32, 32, 32, 32, 32, 32, 32, 32, 32, 32, 32, 32, 32, 32, 32, 32, 32, 32, 32, 32, 32, 32, 32, 32, 32, 32, 32, 32, 32, 32, 32, 32, 32, 32, 32, 32, 32, 32, 32, 32, 32, 32, 32, 32, 32, 32, 32, 32, 32, 32, 32, 32, 32, 32, 32, 32, 32, 32, 32, 32, 32, 32, 32, 32, 32, 32, 32, 32, 32, 32, 32, 32, 32, 32, 32, 32, 32, 32, 32, 32, 32, 32, 32, 32, 32, 32, 32, 32, 32, 32, 32, 32, 32, 32, 32, 32, 32, 32, 32, 32, 32, 32, 32, 32, 32, 32, 32, 32, 32, 32, 32, 32, 32, 32, 32, 32, 32, 32, 32, 32, 32, 32, 32, 32, 32, 32, 32, 32, 32, 32, 32, 32, 32, 32, 32, 32, 32, 32, 32, 32, 32, 32, 32, 32, 32, 32, 32, 32, 32, 32, 32, 32, 32, 32, 32, 32, 32, 32, 32, 32, 32, 32, 32, 32, 32, 32, 32, 32, 32, 32, 32, 32, 32, 32, 32]",31.97938144329897,"[32.98969072164948, 33.0, 32.98969072164948, 33.0, 32.97938144329897, 32.93814432989691, 32.96907216494846, 32.98969072164948, 32.97938144329897, 32.98969072164948, 32.98969072164948, 32.98969072164948, 32.98969072164948, 32.97938144329897, 32.98969072164948, 32.97938144329897, 32.97938144329897, 32.97938144329897, 32.98969072164948, 32.98969072164948, 32.98969072164948, 32.98969072164948, 32.98969072164948, 32.96907216494846, 32.97938144329897, 32.98969072164948, 32.97938144329897, 32.97938144329897, 32.95876288659794, 32.94845360824742, 32.98969072164948, 33.0, 32.98969072164948, 32.97938144329897, 32.98969072164948, 32.98969072164948, 32.96907216494846, 32.98969072164948, 32.97938144329897, 33.0, 32.98969072164948, 32.97938144329897, 33.0, 32.98969072164948, 32.98969072164948, 32.98969072164948, 32.98969072164948, 32.98969072164948, 32.96907216494846, 32.98969072164948, 32.97938144329897, 32.98969072164948, 32.98969072164948, 32.97938144329897, 32.96907216494846, 32.98969072164948, 32.97938144329897, 32.98969072164948, 32.97938144329897, 32.97938144329897, 32.97938144329897, 32.98969072164948, 32.96907216494846, 32.98969072164948, 32.98969072164948, 32.98969072164948, 32.97938144329897, 32.98969072164948, 32.98969072164948, 32.94845360824742, 32.91752577319588, 32.97938144329897, 32.98969072164948, 33.0, 33.0, 32.98969072164948, 32.98969072164948, 32.97938144329897, 32.97938144329897, 32.93814432989691, 32.95876288659794, 32.93814432989691, 32.97938144329897, 32.96907216494846, 32.98969072164948, 32.96907216494846, 33.0, 32.97938144329897, 32.97938144329897, 32.98969072164948, 32.98969072164948, 32.97938144329897, 32.95876288659794, 33.0, 32.95876288659794, 32.97938144329897, 32.98969072164948, 33.0, 32.96907216494846, 33.0, 33.0, 33.0, 32.95876288659794, 32.98969072164948, 32.98969072164948, 32.98969072164948, 32.98969072164948, 32.96907216494846, 32.98969072164948, 33.0, 33.0, 33.0, 32.98969072164948, 32.97938144329897, 33.0, 33.0, 33.0, 33.0, 33.0, 33.0, 33.0, 32.98969072164948, 32.98969072164948, 32.98969072164948, 32.97938144329897, 33.0, 33.0, 32.97938144329897, 33.0, 32.98969072164948, 32.98969072164948, 33.0, 32.98969072164948, 32.95876288659794, 32.98969072164948, 33.0, 33.0, 32.98969072164948, 32.98969072164948, 32.97938144329897, 33.0, 33.0, 32.97938144329897, 33.0, 32.98969072164948, 33.0, 32.97938144329897, 32.98969072164948, 32.98969072164948, 32.98969072164948, 32.97938144329897, 32.98969072164948, 32.98969072164948, 32.96907216494846, 32.98969072164948, 32.97938144329897, 32.98969072164948, 32.98969072164948, 33.0, 33.0, 32.98969072164948, 33.0, 32.98969072164948, 33.0, 33.0, 32.97938144329897, 32.98969072164948, 31.989690721649485, 31.989690721649485, 31.989690721649485, 31.969072164948454, 31.97938144329897, 31.969072164948454, 31.989690721649485, 32.0, 32.0, 31.989690721649485, 31.97938144329897, 31.989690721649485, 31.989690721649485, 31.97938144329897, 31.97938144329897, 31.969072164948454, 31.989690721649485, 31.989690721649485, 32.0, 32.0, 31.969072164948454, 31.989690721649485, 31.989690721649485, 31.989690721649485, 31.969072164948454, 31.97938144329897, 31.989690721649485, 31.97938144329897, 31.989690721649485, 31.95876288659794, 31.97938144329897, 31.969072164948454, 31.989690721649485, 31.989690721649485, 32.0, 31.989690721649485, 32.0, 32.0, 32.0, 31.97938144329897, 32.0, 31.97938144329897, 31.97938144329897, 32.0, 31.97938144329897, 31.97938144329897, 32.0, 31.97938144329897, 31.989690721649485, 31.989690721649485, 32.0, 31.989690721649485, 31.97938144329897, 31.989690721649485, 31.969072164948454, 31.969072164948454, 31.989690721649485, 31.989690721649485, 32.0, 31.97938144329897, 31.989690721649485, 31.969072164948454, 32.0, 31.969072164948454, 31.97938144329897, 31.95876288659794, 31.969072164948454, 31.989690721649485, 31.97938144329897, 31.989690721649485, 32.0, 32.0, 31.989690721649485, 31.989690721649485, 32.0, 32.0, 31.989690721649485, 31.97938144329897, 31.97938144329897, 31.948453608247423, 31.969072164948454, 31.989690721649485, 31.97938144329897, 31.989690721649485, 31.969072164948454, 31.989690721649485, 31.989690721649485, 31.95876288659794, 31.969072164948454, 31.969072164948454, 31.97938144329897, 31.989690721649485, 31.95876288659794, 31.97938144329897, 31.969072164948454, 31.989690721649485, 31.969072164948454, 31.969072164948454, 31.989690721649485, 31.97938144329897, 31.989690721649485, 31.97938144329897, 31.989690721649485, 31.97938144329897, 31.97938144329897, 32.0, 32.0, 31.97938144329897, 31.95876288659794, 32.0, 31.989690721649485, 32.0, 32.0, 31.989690721649485, 32.0, 32.0, 31.989690721649485, 31.989690721649485, 31.989690721649485, 32.0, 31.969072164948454, 31.97938144329897, 31.97938144329897, 31.989690721649485, 31.989690721649485, 31.97938144329897, 31.97938144329897, 31.97938144329897, 31.989690721649485, 31.989690721649485, 31.97938144329897, 31.97938144329897, 31.989690721649485, 32.0, 31.989690721649485, 32.0, 31.989690721649485, 31.989690721649485, 31.989690721649485, 31.989690721649485, 32.0, 31.989690721649485, 32.0, 32.0, 31.989690721649485, 32.0, 32.0, 31.989690721649485, 32.0, 32.0, 31.989690721649485, 31.989690721649485, 31.989690721649485, 31.969072164948454, 31.989690721649485, 31.989690721649485, 31.989690721649485, 31.989690721649485, 31.97938144329897, 31.989690721649485, 31.989690721649485, 31.97938144329897, 31.969072164948454, 31.97938144329897, 31.989690721649485, 31.97938144329897, 31.989690721649485, 31.97938144329897, 31.97938144329897, 31.97938144329897, 31.989690721649485, 32.0, 32.0, 31.97938144329897, 31.948453608247423, 31.989690721649485, 31.97938144329897, 31.989690721649485, 31.97938144329897, 31.95876288659794, 31.969072164948454, 31.948453608247423, 31.938144329896907, 31.97938144329897, 31.969072164948454, 31.989690721649485, 31.95876288659794, 31.938144329896907, 31.969072164948454, 31.95876288659794, 31.969072164948454, 31.969072164948454, 31.969072164948454, 31.95876288659794, 32.0, 31.989690721649485, 31.969072164948454, 31.989690721649485, 31.95876288659794, 31.97938144329897, 31.969072164948454, 31.969072164948454, 31.989690721649485, 31.989690721649485, 31.95876288659794, 31.969072164948454, 31.97938144329897, 31.95876288659794, 31.989690721649485, 31.969072164948454, 31.969072164948454, 32.0, 31.989690721649485, 32.0, 32.0, 32.0, 31.989690721649485, 31.95876288659794, 32.0, 31.989690721649485, 31.969072164948454, 31.97938144329897, 31.969072164948454, 31.95876288659794, 31.97938144329897, 32.0, 32.0, 31.989690721649485, 32.0, 31.95876288659794, 31.97938144329897, 31.989690721649485, 31.989690721649485, 31.989690721649485, 31.97938144329897, 31.97938144329897, 32.0, 31.969072164948454, 31.97938144329897, 31.989690721649485, 31.969072164948454, 31.989690721649485, 31.989690721649485, 31.969072164948454, 31.989690721649485, 31.989690721649485, 31.97938144329897, 31.989690721649485, 31.989690721649485, 31.969072164948454, 31.969072164948454, 31.948453608247423, 31.917525773195877, 31.95876288659794, 31.97938144329897, 31.969072164948454, 32.0, 31.969072164948454, 31.95876288659794, 31.989690721649485, 31.97938144329897, 31.97938144329897, 31.97938144329897, 31.969072164948454, 31.97938144329897, 31.97938144329897, 31.97938144329897, 31.969072164948454, 31.989690721649485, 31.969072164948454, 31.95876288659794, 31.969072164948454, 31.948453608247423, 31.95876288659794, 31.948453608247423, 31.969072164948454, 32.0, 32.0, 32.0, 31.989690721649485, 31.97938144329897, 31.989690721649485, 31.97938144329897]",0.9139028558690215,0.9153559789259446,32,"[33, 33, 33, 33, 33, 33, 33, 33, 33, 33, 33, 33, 33, 33, 33, 33, 33, 33, 33, 33, 33, 33, 33, 33, 33, 33, 33, 33, 33, 33, 33, 33, 33, 33, 33, 33, 33, 33, 33, 33, 33, 33, 33, 33, 33, 33, 33, 33, 33, 33, 33, 33, 33, 33, 33, 33, 33, 33, 33, 33, 33, 33, 33, 33, 33, 33, 33, 33, 33, 33, 33, 33, 33, 33, 33, 33, 33, 33, 33, 33, 33, 33, 33, 33, 33, 33, 33, 33, 33, 33, 33, 33, 33, 33, 33, 33, 33, 33, 33, 33, 33, 33, 33, 33, 33, 33, 33, 33, 33, 33, 33, 33, 33, 33, 33, 33, 33, 33, 33, 33, 33, 33, 33, 33, 33, 33, 33, 33, 33, 33, 33, 33, 33, 33, 33, 33, 33, 33, 33, 33, 33, 33, 33, 33, 33, 33, 33, 33, 33, 33, 33, 33, 33, 33, 33, 33, 33, 33, 33, 33, 33, 33, 33, 33, 33, 33, 33, 32, 32, 32, 32, 32, 32, 32, 32, 32, 32, 32, 32, 32, 32, 32, 32, 32, 32, 32, 32, 32, 32, 32, 32, 32, 32, 32, 32, 32, 32, 32, 32, 32, 32, 32, 32, 32, 32, 32, 32, 32, 32, 32, 32, 32, 32, 32, 32, 32, 32, 32, 32, 32, 32, 32, 32, 32, 32, 32, 32, 32, 32, 32, 32, 32, 32, 32, 32, 32, 32, 32, 32, 32, 32, 32, 32, 32, 32, 32, 32, 32, 32, 32, 32, 32, 32, 32, 32, 32, 32, 32, 32, 32, 32, 32, 32, 32, 32, 32, 32, 32, 32, 32, 32, 32, 32, 32, 32, 32, 32, 32, 32, 32, 32, 32, 32, 32, 32, 32, 32, 32, 32, 32, 32, 32, 32, 32, 32, 32, 32, 32, 32, 32, 32, 32, 32, 32, 32, 32, 32, 32, 32, 32, 32, 32, 32, 32, 32, 32, 32, 32, 32, 32, 32, 32, 32, 32, 32, 32, 32, 32, 32, 32, 32, 32, 32, 32, 32, 32, 32, 32, 32, 32, 32, 32, 32, 32, 32, 32, 32, 32, 32, 32, 32, 32, 32, 32, 32, 32, 32, 32, 32, 32, 32, 32, 32, 32, 32, 32, 32, 32, 32, 32, 32, 32, 32, 32, 32, 32, 32, 32, 32, 32, 32, 32, 32, 32, 32, 32, 32, 32, 32, 32, 32, 32, 32, 32, 32, 32, 32, 32, 32, 32, 32, 32, 32, 32, 32, 32, 32, 32, 32, 32, 32, 32, 32, 32, 32, 32, 32, 32, 32, 32, 32, 32, 32, 32, 32, 32, 32, 32, 32, 32, 32, 32, 32, 32, 32, 32, 32, 32, 32, 32, 32, 32, 32, 32, 32, 32, 32, 32, 32, 32]",450,"[0.4561842679977417, 0.3693370819091797, 0.36651211977005005, 0.4885863959789276, 0.34609949588775635, 0.3507598042488098, 0.347159206867218, 0.5380645990371704, 0.3538864850997925, 0.3224243223667145, 0.34389346837997437, 0.3165784478187561, 0.34233102202415466, 0.30893078446388245, 0.34487447142601013, 0.3044193983078003, 0.3041437566280365, 0.43562817573547363, 0.29800355434417725, 0.29492491483688354, 0.2714594900608063, 0.303317666053772, 0.2570195198059082, 0.4122089445590973, 0.25805291533470154, 0.2528424859046936, 0.24259518086910248, 0.2402133196592331, 0.23630180954933167, 0.23926736414432526, 0.28320667147636414, 0.23675191402435303, 0.2442767173051834, 0.23255100846290588, 0.228817880153656, 0.24683435261249542, 0.22351305186748505, 0.2667681574821472, 0.22535118460655212, 0.2264706790447235, 0.2313312143087387, 0.2257961630821228, 0.22285732626914978, 0.2360149621963501, 0.27557793259620667, 0.23009240627288818, 0.22729818522930145, 0.22426024079322815, 0.2275477945804596, 0.21764208376407623, 0.22107069194316864, 0.22388504445552826, 0.21762630343437195, 0.2251039743423462, 0.21599455177783966, 0.2241194099187851, 0.2381315976381302, 0.21737991273403168, 0.2225871980190277, 0.2180851399898529, 0.21603897213935852, 0.2207040786743164, 0.21575632691383362, 0.21874412894248962, 0.2309504896402359, 0.2531643211841583, 0.2213553637266159, 0.2130759209394455, 0.20817831158638, 0.2254522293806076, 0.21217937767505646, 0.2316955327987671, 0.2129310667514801, 0.21194757521152496, 0.22073069214820862, 0.24083006381988525, 0.20777061581611633, 0.21123191714286804, 0.20428591966629028, 0.2254229336977005, 0.23354944586753845, 0.20601299405097961, 0.20453301072120667, 0.20314952731132507, 0.2025129497051239, 0.21591004729270935, 0.2032671570777893, 0.21086673438549042, 0.20374658703804016, 0.23627319931983948, 0.207387775182724, 0.20134222507476807, 0.20466333627700806, 0.20295171439647675, 0.21019454300403595, 0.21135032176971436, 0.20440071821212769, 0.2018314003944397, 0.21147890388965607, 0.20182719826698303, 0.20442765951156616, 0.20103146135807037, 0.2195180058479309, 0.20608671009540558, 0.20348475873470306, 0.2102402299642563, 0.20020416378974915, 0.203983873128891, 0.19876952469348907, 0.1997787058353424, 0.19625630974769592, 0.20097282528877258, 0.20575541257858276, 0.197613924741745, 0.20082111656665802, 0.19639578461647034, 0.19554375112056732, 0.1940564513206482, 0.19988898932933807, 0.2048841118812561, 0.19976304471492767, 0.19868473708629608, 0.2026914656162262, 0.19639040529727936, 0.20573310554027557, 0.22628574073314667, 0.19602221250534058, 0.19539697468280792, 0.2053748071193695, 0.1972864866256714, 0.19557715952396393, 0.20729389786720276, 0.19600993394851685, 0.21354322135448456, 0.1983158439397812, 0.19795779883861542, 0.19689252972602844, 0.20459049940109253, 0.20316210389137268, 0.20269395411014557, 0.19718798995018005, 0.19973741471767426, 0.21694211661815643, 0.20996852219104767, 0.1961330622434616, 0.19469650089740753, 0.22491897642612457, 0.20750196278095245, 0.19696339964866638, 0.19695580005645752, 0.20055216550827026, 0.1941896677017212, 0.19620105624198914, 0.200786292552948, 0.20157232880592346, 0.19814413785934448, 0.1994471400976181, 0.20071139931678772, 0.20332323014736176, 0.1990356296300888, 0.19465714693069458, 0.19594749808311462, 0.21672385931015015, 0.21311141550540924, 0.2023264765739441, 0.20327283442020416, 0.19686992466449738, 0.19842040538787842, 0.21092066168785095, 0.22453166544437408, 0.19743022322654724, 0.19639670848846436, 0.2066057175397873, 0.21034085750579834, 0.20189744234085083, 0.20053265988826752, 0.19723254442214966, 0.2015041708946228, 0.21039767563343048, 0.24309846758842468, 0.20326437056064606, 0.2048722803592682, 0.20171846449375153, 0.19705261290073395, 0.20195429027080536, 0.21817991137504578, 0.1987982988357544, 0.20201942324638367, 0.20388229191303253, 0.20355939865112305, 0.20026369392871857, 0.20894917845726013, 0.2115640789270401, 0.20797455310821533, 0.22189828753471375, 0.20754514634609222, 0.20774026215076447, 0.2043301910161972, 0.20280511677265167, 0.20814867317676544, 0.21504878997802734, 0.2029811441898346, 0.2073649913072586, 0.20285533368587494, 0.20613116025924683, 0.20864690840244293, 0.20107658207416534, 0.2445470243692398, 0.20428773760795593, 0.2146497368812561, 0.20310240983963013, 0.20457354187965393, 0.19859443604946136, 0.20826871693134308, 0.20224328339099884, 0.2071709781885147, 0.2040422260761261, 0.20859961211681366, 0.204066202044487, 0.22216156125068665, 0.20842939615249634, 0.20253320038318634, 0.2034064531326294, 0.21336406469345093, 0.21652273833751678, 0.20507682859897614, 0.21051044762134552, 0.20336098968982697, 0.23174379765987396, 0.21803583204746246, 0.20066924393177032, 0.20496849715709686, 0.21053792536258698, 0.2396579384803772, 0.20636679232120514, 0.21409370005130768, 0.21927860379219055, 0.20442065596580505, 0.21138612926006317, 0.21418410539627075, 0.2035496085882187, 0.2116450071334839, 0.21064825356006622, 0.21441887319087982, 0.2131309062242508, 0.2074175775051117, 0.21048541367053986, 0.2071133553981781, 0.21441325545310974, 0.20767836272716522, 0.20739419758319855, 0.21628011763095856, 0.20929111540317535, 0.20645387470722198, 0.20998483896255493, 0.20635536313056946, 0.2132452130317688, 0.208396777510643, 0.2142293006181717, 0.21406486630439758, 0.21673285961151123, 0.21875520050525665, 0.21094439923763275, 0.22638428211212158, 0.21188458800315857, 0.2199692726135254, 0.21814817190170288, 0.2146054059267044, 0.21598684787750244, 0.21967129409313202, 0.21328945457935333, 0.2146543562412262, 0.21625922620296478, 0.21692611277103424, 0.22980690002441406, 0.22523097693920135, 0.21293991804122925, 0.2165217250585556, 0.21821926534175873, 0.21686936914920807, 0.2140882909297943, 0.22281642258167267, 0.2210490107536316, 0.2177906185388565, 0.2168155312538147, 0.2217785120010376, 0.21362949907779694, 0.22322694957256317, 0.2191600352525711, 0.21585620939731598, 0.21819333732128143, 0.22334985435009003, 0.22373852133750916, 0.2200699746608734, 0.22339864075183868, 0.225946307182312, 0.22920921444892883, 0.21868494153022766, 0.2232465296983719, 0.23283971846103668, 0.22137285768985748, 0.22657957673072815, 0.2505020797252655, 0.22481462359428406, 0.22313301265239716, 0.22270068526268005, 0.22507278621196747, 0.22610321640968323, 0.2227218598127365, 0.22738172113895416, 0.22193393111228943, 0.22834934294223785, 0.23020920157432556, 0.22934047877788544, 0.2243405282497406, 0.22553959488868713, 0.22723224759101868, 0.22694340348243713, 0.22716332972049713, 0.23976075649261475, 0.2316533923149109, 0.2280813753604889, 0.2308492660522461, 0.22740916907787323, 0.2267957329750061, 0.2353326827287674, 0.23266573250293732, 0.23129844665527344, 0.22796016931533813, 0.22720254957675934, 0.23368997871875763, 0.23314306139945984, 0.23429541289806366, 0.22849227488040924, 0.22963422536849976, 0.23419569432735443, 0.2439395934343338, 0.2316209375858307, 0.2281736433506012, 0.23281708359718323, 0.22921666502952576, 0.25471243262290955, 0.23126044869422913, 0.23053708672523499, 0.2437622994184494, 0.2404564619064331, 0.2348361611366272, 0.23004066944122314, 0.23465189337730408, 0.24373149871826172, 0.23498407006263733, 0.24406425654888153, 0.2330859899520874, 0.23442697525024414, 0.23738908767700195, 0.23129898309707642, 0.23304514586925507, 0.23992635309696198, 0.2486162781715393, 0.23722562193870544, 0.23004762828350067, 0.2337026596069336, 0.23217591643333435, 0.24514997005462646, 0.24129150807857513, 0.24263666570186615, 0.24261032044887543, 0.23497433960437775, 0.23898276686668396, 0.23635989427566528, 0.24037563800811768, 0.24105645716190338, 0.23632894456386566, 0.24377965927124023, 0.24293817579746246, 0.24317651987075806, 0.2421218305826187, 0.2543017864227295, 0.23736907541751862, 0.24026991426944733, 0.239103302359581, 0.24314813315868378, 0.23854400217533112, 0.24621392786502838, 0.24667248129844666, 0.24478068947792053, 0.2438831925392151, 0.24325218796730042, 0.25975602865219116, 0.2410402148962021, 0.2439175397157669, 0.24400484561920166, 0.24410049617290497, 0.2395455539226532, 0.24770034849643707, 0.24664241075515747, 0.24499939382076263, 0.24300354719161987, 0.2475668489933014, 0.2431972324848175, 0.24780845642089844, 0.24630606174468994, 0.2454964965581894, 0.24524769186973572, 0.24730564653873444, 0.25308099389076233, 0.24744315445423126, 0.24897193908691406, 0.24763700366020203, 0.24529080092906952, 0.24508021771907806, 0.24461941421031952, 0.2547360360622406, 0.24539178609848022, 0.24931083619594574, 0.24654148519039154, 0.25220683217048645, 0.24889324605464935, 0.25328779220581055, 0.2511124908924103, 0.25857508182525635, 0.2549247443675995, 0.25174984335899353, 0.25141453742980957, 0.25217685103416443, 0.24618114531040192, 0.24250894784927368, 0.2552449405193329, 0.2509036064147949, 0.2555710971355438, 0.2567491829395294, 0.24722938239574432, 0.253092885017395, 0.2525573670864105, 0.2505449056625366, 0.2516334652900696, 0.25780192017555237, 0.25138694047927856, 0.25586825609207153, 0.2498738318681717, 0.26577821373939514, 0.25992056727409363, 0.24954739212989807, 0.2492150068283081, 0.2568886876106262, 0.2827165126800537, 0.25543099641799927, 0.25645890831947327, 0.2521652579307556, 0.2572512626647949]",32.0,"[33.0, 33.0, 33.0, 33.0, 33.0, 33.0, 33.0, 33.0, 33.0, 33.0, 33.0, 33.0, 33.0, 33.0, 33.0, 33.0, 33.0, 33.0, 33.0, 33.0, 33.0, 33.0, 33.0, 33.0, 33.0, 33.0, 33.0, 33.0, 33.0, 33.0, 33.0, 33.0, 33.0, 33.0, 33.0, 33.0, 33.0, 33.0, 33.0, 33.0, 33.0, 33.0, 33.0, 33.0, 33.0, 33.0, 33.0, 33.0, 33.0, 33.0, 33.0, 33.0, 33.0, 33.0, 33.0, 33.0, 33.0, 33.0, 33.0, 33.0, 33.0, 33.0, 33.0, 33.0, 33.0, 33.0, 33.0, 33.0, 33.0, 33.0, 33.0, 33.0, 33.0, 33.0, 33.0, 33.0, 33.0, 33.0, 33.0, 33.0, 33.0, 33.0, 33.0, 33.0, 33.0, 33.0, 33.0, 33.0, 33.0, 33.0, 33.0, 33.0, 33.0, 33.0, 33.0, 33.0, 33.0, 33.0, 33.0, 33.0, 33.0, 33.0, 33.0, 33.0, 33.0, 33.0, 33.0, 33.0, 