,number,value,datetime_start,datetime_complete,duration,params_batch_size_scaler,params_constant_learning_rate,params_depth,params_epochs,params_kernel_l2,params_num_trees,params_temperature,user_attrs_accuracy_test,user_attrs_accuracy_valid,user_attrs_approximate_feature_sparsity,user_attrs_approximate_feature_sparsity_history,user_attrs_approximate_weight_sparsity,user_attrs_approximate_weight_sparsity_history,user_attrs_auc_test,user_attrs_auc_valid,user_attrs_feature_sparsity,user_attrs_feature_sparsity_history,user_attrs_num_epochs,user_attrs_val_loss_history,user_attrs_weight_sparsity,user_attrs_weight_sparsity_history,state
131,131,0.759915497674898,2024-08-31 06:41:58.895131,2024-08-31 06:44:00.551462,0 days 00:02:01.656331,16,0.04507199590494533,5,300,0.17376904581677635,93,0.00422584132014161,0.879,0.87375,33,"[33, 33, 33, 33, 33, 33, 33, 33, 33, 33, 33, 33, 33, 33, 33, 33, 33, 33, 33, 33, 33, 33, 33, 33, 33, 33, 33, 33, 33, 33, 33, 33, 33, 33, 33, 33, 33, 33, 33, 33, 33, 33, 33, 33, 33, 33, 33, 33, 33, 33, 33, 33, 33, 33, 33, 33, 33, 33, 33, 33, 33, 33, 33, 33, 33, 33, 33, 33, 33, 33, 33, 33, 33, 33, 33, 33, 33, 33, 33, 33, 33, 33, 33, 33, 33, 33, 33, 33, 33, 33, 33, 33, 33, 33, 33, 33, 33, 33, 33, 33, 33, 33, 33, 33, 33, 33, 33, 33, 33, 33, 33, 33, 33, 33, 33, 33, 33, 33, 33, 33, 33, 33, 33, 33, 33, 33, 33, 33, 33, 33, 33, 33, 33, 33, 33, 33, 33, 33, 33, 33, 33, 33, 33, 33, 33, 33, 33, 33, 33, 33, 33, 33, 33, 33, 33, 33, 33, 33, 33, 33, 33, 33, 33, 33, 33, 33, 33, 33, 33, 33, 33, 33, 33, 33, 33, 33, 33, 33, 33, 33, 33, 33, 33, 33, 33, 33, 33, 33, 33, 33, 33, 33, 33, 33, 33, 33, 33, 33, 33, 33, 33, 33, 33, 33, 33, 33, 33, 33, 33, 33, 33, 33, 33, 33, 33, 33, 33, 33, 33, 33, 33, 33, 33, 33, 33, 33, 33, 33, 33, 33, 33, 33, 33, 33, 33, 33, 33, 33, 33, 33, 33, 33, 33, 33, 33, 33, 33, 33, 33, 33, 33, 33, 33, 33, 33, 33, 33, 33, 33, 33, 33, 33, 33, 33, 33, 33, 33, 33, 33, 33, 33, 33, 33, 33, 33, 33, 33, 33, 33, 33, 33, 33, 33, 33, 33, 33, 33, 33, 33, 33, 33, 33, 33, 33, 33, 33, 33, 33, 33, 33]",32.9275060700659,"[32.92542490461325, 32.928893513701006, 32.92854665279223, 32.92299687825182, 32.92403746097815, 32.92403746097815, 32.91952826916407, 32.91571279916753, 32.92369060006937, 32.918140825528965, 32.92195629552549, 32.92577176552202, 32.926812348248355, 32.92646548733958, 32.928893513701006, 32.92646548733958, 32.927159209157125, 32.92403746097815, 32.924731182795696, 32.92369060006937, 32.91987513007284, 32.925078043704474, 32.92369060006937, 32.92681234824835, 32.92299687825182, 32.92403746097815, 32.9219562955255, 32.92438432188692, 32.92230315643427, 32.920915712799165, 32.92369060006937, 32.926812348248355, 32.9275060700659, 32.929240374609776, 32.9275060700659, 32.92819979188346, 32.928893513701006, 32.93270898369754, 32.93825875823795, 32.941727367325704, 32.93270898369754, 32.933055844606315, 32.93201526187998, 32.93201526187999, 32.93374956642386, 32.933402705515086, 32.93479014915019, 32.9361775927853, 32.93340270551509, 32.93166840097121, 32.93444328824142, 32.929587235518554, 32.93201526187998, 32.93409642733264, 32.93201526187998, 32.92993409642733, 32.92854665279223, 32.92993409642733, 32.93062781824488, 32.92785293097467, 32.93201526187998, 32.93166840097121, 32.92993409642733, 32.930974679153664, 32.9275060700659, 32.929587235518554, 32.928893513701006, 32.928546652792235, 32.928546652792235, 32.9275060700659, 32.928893513701006, 32.92819979188346, 32.926812348248355, 32.9261186264308, 32.922650017343045, 32.9219562955255, 32.92403746097815, 32.926812348248355, 32.926812348248355, 32.928546652792235, 32.92819979188345, 32.92577176552203, 32.9261186264308, 32.924731182795696, 32.924384321886926, 32.92403746097814, 32.92438432188692, 32.92542490461325, 32.929587235518554, 32.931321540062434, 32.93097467915366, 32.929240374609776, 32.930627818244886, 32.93236212278876, 32.92854665279223, 32.92854665279223, 32.929240374609776, 32.92993409642733, 32.92785293097468, 32.92819979188346, 32.93062781824488, 32.93097467915366, 32.93166840097121, 32.92577176552203, 32.92577176552202, 32.924731182795696, 32.927159209157125, 32.927159209157125, 32.9275060700659, 32.929587235518554, 32.92924037460978, 32.92993409642733, 32.93201526187998, 32.928893513701006, 32.92577176552202, 32.9261186264308, 32.924384321886926, 32.922650017343045, 32.92438432188692, 32.92334373916059, 32.92056885189039, 32.922650017343045, 32.92403746097815, 32.927159209157125, 32.929240374609776, 32.93097467915366, 32.92924037460978, 32.928893513701006, 32.92646548733957, 32.92854665279223, 32.92854665279223, 32.928893513701, 32.92819979188346, 32.92854665279223, 32.92681234824835, 32.931668400971205, 32.93374956642386, 32.93444328824141, 32.93270898369754, 32.93409642733264, 32.93409642733264, 32.935830731876514, 32.931321540062434, 32.92993409642733, 32.928546652792235, 32.92854665279223, 32.92542490461325, 32.9261186264308, 32.927159209157125, 32.9275060700659, 32.93374956642386, 32.935137010058966, 32.93583073187652, 32.93409642733264, 32.93340270551509, 32.93270898369754, 32.933055844606315, 32.93444328824142, 32.93617759278529, 32.935830731876514, 32.93201526187998, 32.93270898369754, 32.93236212278876, 32.93236212278876, 32.935483870967744, 32.93270898369754, 32.93062781824488, 32.93270898369754, 32.931321540062434, 32.933055844606315, 32.933055844606315, 32.93409642733264, 32.93270898369754, 32.93166840097121, 32.93374956642386, 32.93687131460285, 32.93548387096774, 32.93583073187652, 32.9389524800555, 32.93825875823794, 32.937565036420395, 32.93791189732917, 32.93860561914672, 32.937565036420395, 32.937565036420395, 32.9403399236906, 32.93860561914672, 32.93652445369407, 32.93617759278529, 32.93166840097121, 32.935483870967744, 32.937565036420395, 32.93617759278529, 32.93270898369754, 32.93270898369754, 32.93687131460284, 32.93617759278529, 32.93236212278876, 32.93374956642386, 32.933055844606315, 32.93409642733264, 32.931321540062434, 32.93236212278876, 32.93340270551509, 32.93479014915019, 32.93444328824142, 32.93409642733264, 32.933055844606315, 32.93201526187999, 32.933055844606315, 32.93409642733264, 32.93479014915019, 32.93409642733264, 32.93444328824142, 32.933402705515086, 32.93236212278876, 32.933055844606315, 32.93374956642386, 32.933402705515086, 32.933402705515086, 32.93236212278876, 32.928893513701006, 32.92819979188346, 32.92542490461325, 32.9275060700659, 32.92785293097468, 32.92577176552202, 32.926812348248355, 32.9261186264308, 32.925078043704474, 32.92715920915713, 32.931321540062434, 32.933055844606315, 32.93166840097121, 32.930974679153664, 32.93166840097121, 32.931321540062434, 32.93028095733611, 32.935483870967744, 32.93583073187652, 32.93583073187652, 32.935830731876514, 32.93444328824141, 32.93444328824141, 32.93270898369754, 32.933055844606315, 32.93201526187998, 32.92993409642733, 32.930974679153664, 32.92785293097468, 32.93028095733611, 32.931321540062434, 32.933402705515086, 32.93305584460631, 32.93270898369754, 32.93270898369754, 32.93270898369754, 32.93340270551509, 32.93340270551509, 32.93270898369754, 32.93340270551509, 32.93374956642386, 32.92993409642733, 32.928546652792235, 32.92819979188346, 32.92611862643081, 32.927159209157125, 32.924731182795696, 32.924731182795696, 32.924037460978155, 32.92230315643427, 32.92126257370795, 32.92091571279917, 32.92091571279917, 32.920568851890394, 32.924731182795696, 32.92438432188692, 32.92646548733958, 32.928546652792235, 32.92577176552203, 32.927159209157125, 32.92785293097468, 32.92819979188346, 32.9275060700659, 32.92785293097468, 32.92854665279223, 32.929587235518554, 32.9275060700659, 32.9261186264308, 32.92785293097468, 32.92681234824835, 32.9261186264308, 32.92819979188346, 32.928546652792235, 32.92889351370101, 32.92819979188346, 32.928893513701006, 32.93028095733611, 32.93028095733611, 32.9275060700659]",0.7915603662513726,0.759915497674898,33,"[33, 33, 33, 33, 33, 33, 33, 33, 33, 33, 33, 33, 33, 33, 33, 33, 33, 33, 33, 33, 33, 33, 33, 33, 33, 33, 33, 33, 33, 33, 33, 33, 33, 33, 33, 33, 33, 33, 33, 33, 33, 33, 33, 33, 33, 33, 33, 33, 33, 33, 33, 33, 33, 33, 33, 33, 33, 33, 33, 33, 33, 33, 33, 33, 33, 33, 33, 33, 33, 33, 33, 33, 33, 33, 33, 33, 33, 33, 33, 33, 33, 33, 33, 33, 33, 33, 33, 33, 33, 33, 33, 33, 33, 33, 33, 33, 33, 33, 33, 33, 33, 33, 33, 33, 33, 33, 33, 33, 33, 33, 33, 33, 33, 33, 33, 33, 33, 33, 33, 33, 33, 33, 33, 33, 33, 33, 33, 33, 33, 33, 33, 33, 33, 33, 33, 33, 33, 33, 33, 33, 33, 33, 33, 33, 33, 33, 33, 33, 33, 33, 33, 33, 33, 33, 33, 33, 33, 33, 33, 33, 33, 33, 33, 33, 33, 33, 33, 33, 33, 33, 33, 33, 33, 33, 33, 33, 33, 33, 33, 33, 33, 33, 33, 33, 33, 33, 33, 33, 33, 33, 33, 33, 33, 33, 33, 33, 33, 33, 33, 33, 33, 33, 33, 33, 33, 33, 33, 33, 33, 33, 33, 33, 33, 33, 33, 33, 33, 33, 33, 33, 33, 33, 33, 33, 33, 33, 33, 33, 33, 33, 33, 33, 33, 33, 33, 33, 33, 33, 33, 33, 33, 33, 33, 33, 33, 33, 33, 33, 33, 33, 33, 33, 33, 33, 33, 33, 33, 33, 33, 33, 33, 33, 33, 33, 33, 33, 33, 33, 33, 33, 33, 33, 33, 33, 33, 33, 33, 33, 33, 33, 33, 33, 33, 33, 33, 33, 33, 33, 33, 33, 33, 33, 33, 33, 33, 33, 33, 33, 33, 33]",300,"[0.4478514790534973, 0.42038494348526, 0.41141194105148315, 0.4076096713542938, 0.40561816096305847, 0.40413159132003784, 0.40288668870925903, 0.40185147523880005, 0.4008663594722748, 0.3999200761318207, 0.3990083634853363, 0.39818161725997925, 0.3973461389541626, 0.39655306935310364, 0.39579474925994873, 0.3950200378894806, 0.3943052589893341, 0.393610417842865, 0.3929455578327179, 0.392307847738266, 0.3916727900505066, 0.3910577893257141, 0.3904748857021332, 0.3899180591106415, 0.38934171199798584, 0.3888148367404938, 0.38829371333122253, 0.38780447840690613, 0.3873351812362671, 0.3868694007396698, 0.3863986134529114, 0.3859640955924988, 0.38554131984710693, 0.38508960604667664, 0.38467830419540405, 0.38428106904029846, 0.3838769793510437, 0.38348889350891113, 0.3831124007701874, 0.3827434182167053, 0.38241657614707947, 0.38211941719055176, 0.3817985951900482, 0.3815499246120453, 0.38118624687194824, 0.3808392584323883, 0.38051268458366394, 0.3801872730255127, 0.3799082636833191, 0.379667729139328, 0.3793792724609375, 0.3791450560092926, 0.378875195980072, 0.3786448538303375, 0.3784084618091583, 0.37818199396133423, 0.3778802156448364, 0.3776227533817291, 0.37735092639923096, 0.3771072328090668, 0.37692877650260925, 0.37669551372528076, 0.37645092606544495, 0.37621501088142395, 0.3760027289390564, 0.375805139541626, 0.3756369650363922, 0.3753904700279236, 0.3751634955406189, 0.3750009834766388, 0.3748131990432739, 0.37463247776031494, 0.37448036670684814, 0.3742368817329407, 0.3740513324737549, 0.37383705377578735, 0.3736666142940521, 0.373485803604126, 0.37331199645996094, 0.3731420636177063, 0.3729795813560486, 0.37279194593429565, 0.3726596534252167, 0.3725377917289734, 0.3723304867744446, 0.3721458315849304, 0.3720196783542633, 0.37185728549957275, 0.3717016875743866, 0.3715369403362274, 0.37136536836624146, 0.3711809515953064, 0.37102431058883667, 0.3708466589450836, 0.3706945776939392, 0.37055423855781555, 0.3703889548778534, 0.3702288866043091, 0.3700738549232483, 0.3699078857898712, 0.3697974681854248, 0.3696451187133789, 0.36948874592781067, 0.3692738711833954, 0.3691270351409912, 0.36895501613616943, 0.368818998336792, 0.36866897344589233, 0.3685142397880554, 0.3683602809906006, 0.36824536323547363, 0.368103951215744, 0.36797934770584106, 0.367843896150589, 0.36773574352264404, 0.36760368943214417, 0.36745789647102356, 0.367313027381897, 0.3671470284461975, 0.3669767677783966, 0.3668418228626251, 0.36671310663223267, 0.3665725290775299, 0.3664660155773163, 0.3663112223148346, 0.36617347598075867, 0.36603569984436035, 0.3659241497516632, 0.3657936453819275, 0.36564838886260986, 0.3655330240726471, 0.365431010723114, 0.36528250575065613, 0.3650931119918823, 0.3649730980396271, 0.36482447385787964, 0.3647201955318451, 0.3645772933959961, 0.36445996165275574, 0.36435702443122864, 0.364225298166275, 0.36407575011253357, 0.36399269104003906, 0.36382946372032166, 0.3636721074581146, 0.3635511100292206, 0.3634367287158966, 0.3633262515068054, 0.36325207352638245, 0.3630989193916321, 0.3629225492477417, 0.36278727650642395, 0.3626396954059601, 0.36250314116477966, 0.36238399147987366, 0.36227381229400635, 0.36210310459136963, 0.36199474334716797, 0.36187130212783813, 0.3617337942123413, 0.36162468791007996, 0.36147674918174744, 0.36140114068984985, 0.36122557520866394, 0.36111781001091003, 0.3609861731529236, 0.36087149381637573, 0.36073029041290283, 0.3606666922569275, 0.36055663228034973, 0.36037197709083557, 0.3602220118045807, 0.36010250449180603, 0.359955370426178, 0.35986313223838806, 0.35972726345062256, 0.35961082577705383, 0.3594842255115509, 0.3593602478504181, 0.3592463731765747, 0.3591533601284027, 0.35900506377220154, 0.3589363992214203, 0.35884788632392883, 0.3586812913417816, 0.3585386574268341, 0.3583889901638031, 0.3582454323768616, 0.3580991327762604, 0.35798779129981995, 0.3578668236732483, 0.3577842712402344, 0.3576619625091553, 0.35757455229759216, 0.3574161231517792, 0.3572852611541748, 0.3571728765964508, 0.35702937841415405, 0.3569786846637726, 0.35686057806015015, 0.3567582070827484, 0.35665270686149597, 0.35650214552879333, 0.35636094212532043, 0.35627830028533936, 0.3561058044433594, 0.3559725880622864, 0.3558843731880188, 0.3557460904121399, 0.3556026220321655, 0.35552871227264404, 0.3554205000400543, 0.355302095413208, 0.3551906943321228, 0.35507503151893616, 0.35501083731651306, 0.3548918068408966, 0.35479193925857544, 0.35465264320373535, 0.3545125126838684, 0.3543922007083893, 0.3542690575122833, 0.35414570569992065, 0.3540295660495758, 0.35389137268066406, 0.3538040816783905, 0.3536430597305298, 0.35350722074508667, 0.3534034788608551, 0.3533128499984741, 0.35317158699035645, 0.3530675768852234, 0.3529401123523712, 0.3528306484222412, 0.35275664925575256, 0.3526119291782379, 0.35248157382011414, 0.3523656725883484, 0.35228657722473145, 0.3521266579627991, 0.3520238399505615, 0.35189488530158997, 0.35185354948043823, 0.3517458438873291, 0.351624459028244, 0.35147637128829956, 0.3514023721218109, 0.3512810468673706, 0.351218044757843, 0.35108768939971924, 0.35095271468162537, 0.350845605134964, 0.3507740795612335, 0.3506224751472473, 0.3506089448928833, 0.3504788279533386, 0.3503359854221344, 0.3502653241157532, 0.350206196308136, 0.3500427007675171, 0.34989070892333984, 0.3498047888278961, 0.3496728539466858, 0.34956932067871094, 0.34946388006210327, 0.34932854771614075, 0.3492025136947632, 0.3490719497203827, 0.3489617109298706, 0.34885987639427185, 0.34872329235076904, 0.3486003577709198, 0.3484852910041809, 0.34839680790901184, 0.3482784926891327, 0.3481740653514862, 0.34806251525878906, 0.3479391038417816, 0.34781455993652344, 0.34771397709846497, 0.3475550413131714, 0.34747037291526794, 0.3473917841911316, 0.34728512167930603, 0.3472093343734741, 0.3471147119998932, 0.3469787836074829, 0.3468574285507202, 0.3467477858066559, 0.34667161107063293, 0.34652262926101685, 0.34644997119903564, 0.34637218713760376, 0.34628531336784363, 0.3461952209472656, 0.3460982143878937, 0.34597861766815186, 0.34581348299980164, 0.3457491397857666, 0.34563225507736206]",33.0,"[33.0, 33.0, 33.0, 33.0, 33.0, 33.0, 33.0, 33.0, 33.0, 33.0, 33.0, 33.0, 33.0, 33.0, 33.0, 33.0, 33.0, 33.0, 33.0, 33.0, 33.0, 33.0, 33.0, 33.0, 33.0, 33.0, 33.0, 33.0, 33.0, 33.0, 33.0, 33.0, 33.0, 33.0, 33.0, 33.0, 33.0, 33.0, 33.0, 33.0, 33.0, 33.0, 33.0, 33.0, 33.0, 33.0, 33.0, 33.0, 33.0, 33.0, 33.0, 33.0, 33.0, 33.0, 33.0, 33.0, 33.0, 33.0, 33.0, 33.0, 33.0, 33.0, 33.0, 33.0, 33.0, 33.0, 33.0, 33.0, 33.0, 33.0, 33.0, 33.0, 33.0, 33.0, 33.0, 33.0, 33.0, 33.0, 33.0, 33.0, 33.0, 33.0, 33.0, 33.0, 33.0, 33.0, 33.0, 33.0, 33.0, 33.0, 33.0, 33.0, 33.0, 33.0, 33.0, 33.0, 33.0, 33.0, 33.0, 33.0, 33.0, 33.0, 33.0, 33.0, 33.0, 33.0, 33.0, 33.0, 33.0, 33.0, 33.0, 33.0, 33.0, 33.0, 33.0, 33.0, 33.0, 33.0, 33.0, 33.0, 33.0, 33.0, 33.0, 33.0, 33.0, 33.0, 33.0, 33.0, 33.0, 33.0, 33.0, 33.0, 33.0, 33.0, 33.0, 33.0, 33.0, 33.0, 33.0, 33.0, 33.0, 33.0, 33.0, 33.0, 33.0, 33.0, 33.0, 33.0, 33.0, 33.0, 33.0, 33.0, 33.0, 33.0, 33.0, 33.0, 33.0, 33.0, 33.0, 33.0, 33.0, 33.0, 33.0, 33.0, 33.0, 33.0, 33.0, 33.0, 33.0, 33.0, 33.0, 33.0, 33.0, 33.0, 33.0, 33.0, 33.0, 33.0, 33.0, 33.0, 33.0, 33.0, 33.0, 33.0, 33.0, 33.0, 33.0, 33.0, 33.0, 33.0, 33.0, 33.0, 33.0, 33.0, 33.0, 33.0, 33.0, 33.0, 33.0, 33.0, 33.0, 33.0, 33.0, 33.0, 33.0, 33.0, 33.0, 33.0, 33.0, 33.0, 33.0, 33.0, 33.0, 33.0, 33.0, 33.0, 33.0, 33.0, 33.0, 33.0, 33.0, 33.0, 33.0, 33.0, 33.0, 33.0, 33.0, 33.0, 33.0, 33.0, 33.0, 33.0, 33.0, 33.0, 33.0, 33.0, 33.0, 33.0, 33.0, 33.0, 33.0, 33.0, 33.0, 33.0, 33.0, 33.0, 33.0, 33.0, 33.0, 33.0, 33.0, 33.0, 33.0, 33.0, 33.0, 33.0, 33.0, 33.0, 33.0, 33.0, 33.0, 33.0, 33.0, 33.0, 33.0, 33.0, 33.0, 33.0, 33.0, 33.0, 33.0, 33.0, 33.0, 33.0, 33.0, 33.0, 33.0, 33.0, 33.0, 33.0, 33.0, 33.0, 33.0, 33.0, 33.0, 33.0, 33.0, 33.0, 33.0, 33.0, 33.0, 33.0, 33.0, 33.0, 33.0, 33.0, 33.0, 33.0, 33.0, 33.0]",COMPLETE
