,number,value,datetime_start,datetime_complete,duration,params_batch_size_scaler,params_constant_learning_rate,params_depth,params_epochs,params_kernel_l2,params_num_trees,params_temperature,user_attrs_accuracy_test,user_attrs_accuracy_valid,user_attrs_approximate_feature_sparsity,user_attrs_approximate_feature_sparsity_history,user_attrs_approximate_weight_sparsity,user_attrs_approximate_weight_sparsity_history,user_attrs_auc_test,user_attrs_auc_valid,user_attrs_feature_sparsity,user_attrs_feature_sparsity_history,user_attrs_num_epochs,user_attrs_val_loss_history,user_attrs_weight_sparsity,user_attrs_weight_sparsity_history,state
71,71,0.9395215828728214,2024-08-31 03:54:30.645577,2024-08-31 03:56:43.454882,0 days 00:02:12.809305,64,4.286288747276264,5,230,0.09304391913030967,45,0.0002486124795717871,0.941,0.9525,19,"[33, 33, 33, 33, 33, 33, 33, 33, 33, 33, 33, 33, 33, 33, 33, 33, 33, 33, 33, 33, 33, 33, 33, 33, 33, 33, 33, 33, 33, 33, 33, 33, 33, 33, 33, 33, 33, 33, 33, 33, 33, 33, 33, 33, 33, 33, 33, 33, 33, 33, 33, 33, 33, 33, 33, 33, 33, 33, 33, 32, 31, 31, 30, 30, 30, 29, 29, 29, 28, 27, 26, 26, 25, 25, 25, 24, 24, 24, 24, 24, 24, 23, 22, 22, 22, 21, 21, 21, 21, 21, 21, 21, 21, 21, 21, 21, 21, 21, 21, 21, 21, 21, 21, 21, 21, 20, 20, 20, 20, 20, 20, 20, 20, 20, 20, 20, 20, 20, 20, 20, 20, 20, 20, 20, 20, 20, 20, 20, 20, 20, 20, 20, 20, 20, 20, 20, 20, 20, 20, 20, 20, 20, 20, 20, 20, 20, 20, 20, 20, 20, 20, 20, 20, 20, 20, 20, 20, 20, 20, 20, 20, 20, 20, 20, 20, 20, 20, 20, 20, 20, 20, 20, 20, 20, 20, 20, 20, 20, 20, 20, 20, 20, 20, 20, 20, 20, 20, 20, 20, 20, 20, 20, 20, 20, 20, 20, 20, 20, 20, 20, 20, 19, 19, 19, 19, 19, 19, 19, 19, 19, 19, 19, 19, 19, 19, 19, 19, 19, 19, 19, 19, 19, 19, 19, 19, 19, 19, 19, 19, 19]",18.964874551971324,"[32.95340501792114, 32.941218637992826, 32.94838709677419, 32.946236559139784, 32.944802867383515, 32.94767025089606, 32.936200716845875, 32.94910394265233, 32.95268817204301, 32.950537634408605, 32.950537634408605, 32.94695340501792, 32.95770609318996, 32.93906810035842, 32.945519713261646, 32.94982078853047, 32.95340501792114, 32.945519713261646, 32.93978494623656, 32.941935483870964, 32.9505376344086, 32.95483870967742, 32.94982078853046, 32.94767025089605, 32.93906810035842, 32.94910394265233, 32.9584229390681, 32.95340501792115, 32.95197132616487, 32.945519713261646, 32.946236559139784, 32.94767025089606, 32.94982078853046, 32.950537634408605, 32.95125448028674, 32.9426523297491, 32.944802867383515, 32.946236559139784, 32.93333333333333, 32.944802867383515, 32.946236559139784, 32.95268817204301, 32.94480286738351, 32.945519713261646, 32.94767025089605, 32.95483870967742, 32.95197132616487, 32.94982078853047, 32.94480286738351, 32.94695340501792, 32.9584229390681, 32.951254480286735, 32.94982078853047, 32.94480286738351, 32.95698924731183, 32.945519713261646, 32.94050179211469, 32.94838709677419, 32.94695340501792, 31.934050179211468, 30.946236559139784, 30.944086021505374, 29.9505376344086, 29.939784946236557, 29.957706093189966, 28.954121863799283, 28.957706093189962, 28.94050179211469, 27.94910394265233, 26.95268817204301, 25.961290322580645, 25.955555555555556, 24.96129032258064, 24.96989247311828, 24.97132616487455, 23.969892473118282, 23.972043010752685, 23.9584229390681, 23.957706093189962, 23.962724014336917, 23.9663082437276, 22.96415770609319, 21.96559139784946, 21.96559139784946, 21.972759856630823, 20.975627240143368, 20.96989247311828, 20.96559139784946, 20.95627240143369, 20.967025089605734, 20.964157706093186, 20.96917562724014, 20.967025089605734, 20.96989247311828, 20.964157706093186, 20.970609318996413, 20.97132616487455, 20.966308243727596, 20.972043010752685, 20.974910394265233, 20.96989247311828, 20.96415770609319, 20.97562724014337, 20.96989247311828, 20.97706093189964, 19.968458781362006, 19.974193548387095, 19.972759856630823, 19.970609318996413, 19.96917562724014, 19.97491039426523, 19.96917562724014, 19.96917562724014, 19.97132616487455, 19.97132616487455, 19.964874551971324, 19.970609318996413, 19.966308243727596, 19.969175627240144, 19.97706093189964, 19.966308243727596, 19.96487455197132, 19.972043010752685, 19.964874551971324, 19.959856630824373, 19.97204301075269, 19.96774193548387, 19.968458781362003, 19.968458781362006, 19.961290322580645, 19.967741935483872, 19.970609318996413, 19.971326164874547, 19.96559139784946, 19.97347670250896, 19.97132616487455, 19.968458781362006, 19.96702508960573, 19.959139784946235, 19.963440860215055, 19.966308243727596, 19.962724014336917, 19.959856630824373, 19.962724014336914, 19.968458781362006, 19.9663082437276, 19.960573476702507, 19.964874551971324, 19.969892473118282, 19.962724014336917, 19.95770609318996, 19.961290322580645, 19.96415770609319, 19.960573476702507, 19.958422939068097, 19.967025089605734, 19.96200716845878, 19.970609318996416, 19.961290322580645, 19.970609318996413, 19.967741935483872, 19.963440860215055, 19.966308243727596, 19.972759856630823, 19.966308243727596, 19.97204301075269, 19.965591397849458, 19.961290322580645, 19.960573476702507, 19.967741935483872, 19.958422939068097, 19.970609318996416, 19.964874551971324, 19.96559139784946, 19.964157706093186, 19.967025089605734, 19.96415770609319, 19.956989247311828, 19.956989247311824, 19.964874551971324, 19.957706093189962, 19.962724014336917, 19.954838709677418, 19.963440860215055, 19.96774193548387, 19.96415770609319, 19.964874551971324, 19.96415770609319, 19.962724014336917, 19.968458781362006, 19.964157706093186, 19.958422939068097, 19.965591397849458, 19.962724014336917, 19.962007168458783, 19.96559139784946, 19.970609318996413, 19.964157706093193, 19.967025089605738, 19.962724014336917, 19.968458781362006, 18.970609318996416, 18.96774193548387, 18.96344086021505, 18.968458781362006, 18.96344086021505, 18.97132616487455, 18.974193548387095, 18.957706093189962, 18.96200716845878, 18.96200716845878, 18.954838709677414, 18.960573476702507, 18.96917562724014, 18.959139784946235, 18.95627240143369, 18.966308243727596, 18.97132616487455, 18.960573476702507, 18.96559139784946, 18.961290322580645, 18.96917562724014, 18.95627240143369, 18.958422939068097, 18.96344086021505, 18.966308243727596, 18.95985663082437, 18.957706093189962, 18.96057347670251, 18.964874551971324]",0.9155128427414361,0.9395215828728214,19,"[33, 33, 33, 33, 33, 33, 33, 33, 33, 33, 33, 33, 33, 33, 33, 33, 33, 33, 33, 33, 33, 33, 33, 33, 33, 33, 33, 33, 33, 33, 33, 33, 33, 33, 33, 33, 33, 33, 33, 33, 33, 33, 33, 33, 33, 33, 33, 33, 33, 33, 33, 33, 33, 33, 33, 33, 33, 33, 33, 32, 31, 31, 30, 30, 30, 29, 29, 29, 28, 27, 26, 26, 25, 25, 25, 24, 24, 24, 24, 24, 24, 23, 22, 22, 22, 21, 21, 21, 21, 21, 21, 21, 21, 21, 21, 21, 21, 21, 21, 21, 21, 21, 21, 21, 21, 20, 20, 20, 20, 20, 20, 20, 20, 20, 20, 20, 20, 20, 20, 20, 20, 20, 20, 20, 20, 20, 20, 20, 20, 20, 20, 20, 20, 20, 20, 20, 20, 20, 20, 20, 20, 20, 20, 20, 20, 20, 20, 20, 20, 20, 20, 20, 20, 20, 20, 20, 20, 20, 20, 20, 20, 20, 20, 20, 20, 20, 20, 20, 20, 20, 20, 20, 20, 20, 20, 20, 20, 20, 20, 20, 20, 20, 20, 20, 20, 20, 20, 20, 20, 20, 20, 20, 20, 20, 20, 20, 20, 20, 20, 20, 20, 19, 19, 19, 19, 19, 19, 19, 19, 19, 19, 19, 19, 19, 19, 19, 19, 19, 19, 19, 19, 19, 19, 19, 19, 19, 19, 19, 19, 19]",230,"[0.38465583324432373, 0.38561907410621643, 0.3730623126029968, 0.373735249042511, 0.3752182126045227, 0.3625776171684265, 0.38356971740722656, 0.36773574352264404, 0.3629285395145416, 0.3454328179359436, 0.3434102535247803, 0.3467760980129242, 0.3303590714931488, 0.3249104619026184, 0.33579784631729126, 0.33201077580451965, 0.31051918864250183, 0.3008567988872528, 0.2929503321647644, 0.30262330174446106, 0.28404346108436584, 0.31509488821029663, 0.27423349022865295, 0.30699315667152405, 0.29388105869293213, 0.26978567242622375, 0.26754510402679443, 0.26287147402763367, 0.28622472286224365, 0.2582608163356781, 0.2506488561630249, 0.24989038705825806, 0.24974654614925385, 0.24359354376792908, 0.24733075499534607, 0.27139896154403687, 0.24332435429096222, 0.24103987216949463, 0.23253370821475983, 0.2722848355770111, 0.23400422930717468, 0.231593519449234, 0.23526005446910858, 0.2293122410774231, 0.23533011972904205, 0.2660718858242035, 0.24130427837371826, 0.2217918336391449, 0.22752489149570465, 0.22162584960460663, 0.22407254576683044, 0.23826001584529877, 0.21804296970367432, 0.2143932282924652, 0.2180549055337906, 0.22540517151355743, 0.2225133180618286, 0.21736793220043182, 0.20776532590389252, 0.21927307546138763, 0.20790061354637146, 0.2398574948310852, 0.21969671547412872, 0.21239033341407776, 0.21056990325450897, 0.21041958034038544, 0.2207154482603073, 0.21233578026294708, 0.20510712265968323, 0.2446397840976715, 0.20695766806602478, 0.22141270339488983, 0.2302059680223465, 0.20294532179832458, 0.23633338510990143, 0.20910853147506714, 0.19912047684192657, 0.2429138571023941, 0.2010144740343094, 0.21667402982711792, 0.25220468640327454, 0.22640366852283478, 0.19958700239658356, 0.19210726022720337, 0.19366668164730072, 0.19347837567329407, 0.18766984343528748, 0.18694119155406952, 0.18684549629688263, 0.18817372620105743, 0.19453831017017365, 0.1963481456041336, 0.23405717313289642, 0.18562108278274536, 0.18998628854751587, 0.19318336248397827, 0.1952977329492569, 0.2598530948162079, 0.23153017461299896, 0.2219247668981552, 0.1868247389793396, 0.18967688083648682, 0.18496744334697723, 0.20409002900123596, 0.18894220888614655, 0.1872692108154297, 0.18302041292190552, 0.2076983004808426, 0.1872090846300125, 0.1888730674982071, 0.27151021361351013, 0.1884775012731552, 0.18961913883686066, 0.2229255884885788, 0.18208672106266022, 0.17833298444747925, 0.19868235290050507, 0.19010141491889954, 0.18097388744354248, 0.18659360706806183, 0.2024977058172226, 0.19508209824562073, 0.19178828597068787, 0.22118282318115234, 0.18809854984283447, 0.18447856605052948, 0.18641653656959534, 0.1932973712682724, 0.1930960714817047, 0.1760326623916626, 0.21593278646469116, 0.18208113312721252, 0.17706310749053955, 0.18315790593624115, 0.18468895554542542, 0.19125418365001678, 0.18602696061134338, 0.17933335900306702, 0.17728181183338165, 0.17383432388305664, 0.19051513075828552, 0.1776612102985382, 0.18879006803035736, 0.17803508043289185, 0.18948140740394592, 0.1777891218662262, 0.1800382435321808, 0.24097494781017303, 0.18023502826690674, 0.17408162355422974, 0.1847892552614212, 0.18263156712055206, 0.1740899682044983, 0.18450675904750824, 0.19307275116443634, 0.17899006605148315, 0.17287665605545044, 0.16963297128677368, 0.18009133636951447, 0.17231157422065735, 0.1761060208082199, 0.17375613749027252, 0.17491570115089417, 0.17298100888729095, 0.17051342129707336, 0.17117266356945038, 0.17661835253238678, 0.18378743529319763, 0.17846865952014923, 0.18077504634857178, 0.1638466715812683, 0.17175361514091492, 0.16662517189979553, 0.1745206117630005, 0.19686861336231232, 0.1735144853591919, 0.17891333997249603, 0.16633693873882294, 0.16645042598247528, 0.187027707695961, 0.16556644439697266, 0.1650427281856537, 0.1627449095249176, 0.18411311507225037, 0.170355886220932, 0.16907864809036255, 0.17241434752941132, 0.17471380531787872, 0.17224521934986115, 0.17534424364566803, 0.17929784953594208, 0.18747815489768982, 0.21500657498836517, 0.2110857218503952, 0.16260692477226257, 0.17538100481033325, 0.18976947665214539, 0.16878479719161987, 0.16876132786273956, 0.1676994264125824, 0.21076105535030365, 0.16818007826805115, 0.16622394323349, 0.2220308482646942, 0.17566035687923431, 0.1860414743423462, 0.1738797128200531, 0.16903997957706451, 0.17519435286521912, 0.166897252202034, 0.1646166741847992, 0.1710447371006012, 0.1827917993068695, 0.17012035846710205, 0.17402960360050201, 0.1980155110359192, 0.1878177672624588, 0.16369876265525818, 0.1675366461277008, 0.16749155521392822, 0.1737600564956665, 0.16791625320911407, 0.17216789722442627, 0.16517682373523712, 0.2012966275215149, 0.16160327196121216, 0.18671634793281555, 0.17744150757789612, 0.18244284391403198, 0.17853641510009766]",19.0,"[33.0, 33.0, 33.0, 33.0, 33.0, 33.0, 33.0, 33.0, 33.0, 33.0, 33.0, 33.0, 33.0, 33.0, 33.0, 33.0, 33.0, 33.0, 33.0, 33.0, 33.0, 33.0, 33.0, 33.0, 33.0, 33.0, 33.0, 33.0, 33.0, 33.0, 33.0, 33.0, 33.0, 33.0, 33.0, 33.0, 33.0, 33.0, 33.0, 33.0, 33.0, 33.0, 33.0, 33.0, 33.0, 33.0, 33.0, 33.0, 33.0, 33.0, 33.0, 33.0, 33.0, 33.0, 33.0, 33.0, 33.0, 33.0, 33.0, 32.0, 31.0, 31.0, 30.0, 30.0, 30.0, 29.0, 29.0, 29.0, 28.0, 27.0, 26.0, 26.0, 25.0, 25.0, 25.0, 24.0, 24.0, 24.0, 24.0, 24.0, 24.0, 23.0, 22.0, 22.0, 22.0, 21.0, 21.0, 21.0, 21.0, 21.0, 21.0, 21.0, 21.0, 21.0, 21.0, 21.0, 21.0, 21.0, 21.0, 21.0, 21.0, 21.0, 21.0, 21.0, 21.0, 20.0, 20.0, 20.0, 20.0, 20.0, 20.0, 20.0, 20.0, 20.0, 20.0, 20.0, 20.0, 20.0, 20.0, 20.0, 20.0, 20.0, 20.0, 20.0, 20.0, 20.0, 20.0, 20.0, 20.0, 20.0, 20.0, 20.0, 20.0, 20.0, 20.0, 20.0, 20.0, 20.0, 20.0, 20.0, 20.0, 20.0, 20.0, 20.0, 20.0, 20.0, 20.0, 20.0, 20.0, 20.0, 20.0, 20.0, 20.0, 20.0, 20.0, 20.0, 20.0, 20.0, 20.0, 20.0, 20.0, 20.0, 20.0, 20.0, 20.0, 20.0, 20.0, 20.0, 20.0, 20.0, 20.0, 20.0, 20.0, 20.0, 20.0, 20.0, 20.0, 20.0, 20.0, 20.0, 20.0, 20.0, 20.0, 20.0, 20.0, 20.0, 20.0, 20.0, 20.0, 20.0, 20.0, 20.0, 20.0, 20.0, 20.0, 20.0, 20.0, 20.0, 20.0, 20.0, 20.0, 19.0, 19.0, 19.0, 19.0, 19.0, 19.0, 19.0, 19.0, 19.0, 19.0, 19.0, 19.0, 19.0, 19.0, 19.0, 19.0, 19.0, 19.0, 19.0, 19.0, 19.0, 19.0, 19.0, 19.0, 19.0, 19.0, 19.0, 19.0, 19.0]",COMPLETE
72,72,0.8601203127616545,2024-08-31 03:56:45.914975,2024-08-31 03:58:58.132980,0 days 00:02:12.218005,4,0.32666441263440915,6,35,0.05245861432164098,50,0.06734226606594695,0.889,0.8875,17,"[32, 20, 19, 19, 19, 19, 19, 19, 18, 18, 18, 18, 18, 18, 18, 18, 18, 18, 17, 17, 17, 17, 17, 17, 17, 17, 17, 17, 17, 17, 17, 17, 17, 17, 17]",16.954285714285714,"[31.92857142857143, 19.95015873015873, 18.953968253968252, 18.9584126984127, 18.96253968253968, 18.958095238095236, 18.96031746031746, 18.9615873015873, 17.953650793650795, 17.96603174603175, 17.960317460317462, 17.95777777777778, 17.952380952380953, 17.955238095238094, 17.956190476190475, 17.959047619047617, 17.95460317460318, 17.95428571428571, 16.953968253968256, 16.962539682539685, 16.964126984126985, 16.963174603174604, 16.957142857142856, 16.959365079365078, 16.966031746031746, 16.963809523809527, 16.963492063492062, 16.95873015873016, 16.964126984126985, 16.96095238095238, 16.958412698412697, 16.96, 16.956507936507936, 16.958412698412697, 16.954285714285714]",0.8579496197954078,0.8601203127616545,17,"[32, 20, 19, 19, 19, 19, 19, 19, 18, 18, 18, 18, 18, 18, 18, 18, 18, 18, 17, 17, 17, 17, 17, 17, 17, 17, 17, 17, 17, 17, 17, 17, 17, 17, 17]",35,"[0.38938742876052856, 0.3806939721107483, 0.3745194375514984, 0.37028464674949646, 0.3670225143432617, 0.3640884757041931, 0.3617681860923767, 0.35989776253700256, 0.35744887590408325, 0.3547583818435669, 0.35348740220069885, 0.35058555006980896, 0.3485802412033081, 0.34682536125183105, 0.34404808282852173, 0.34210482239723206, 0.33981743454933167, 0.3378981053829193, 0.334460973739624, 0.33236533403396606, 0.3300520181655884, 0.3276326060295105, 0.32508060336112976, 0.3219562768936157, 0.31914472579956055, 0.31654393672943115, 0.3134263753890991, 0.3102548122406006, 0.30705124139785767, 0.30360376834869385, 0.30023884773254395, 0.2966720461845398, 0.2933528423309326, 0.29029348492622375, 0.2876638174057007]",17.0,"[32.0, 20.0, 19.0, 19.0, 19.0, 19.0, 19.0, 19.0, 18.0, 18.0, 18.0, 18.0, 18.0, 18.0, 18.0, 18.0, 18.0, 18.0, 17.0, 17.0, 17.0, 17.0, 17.0, 17.0, 17.0, 17.0, 17.0, 17.0, 17.0, 17.0, 17.0, 17.0, 17.0, 17.0, 17.0]",COMPLETE
