,number,value,datetime_start,datetime_complete,duration,params_batch_size_scaler,params_constant_learning_rate,params_depth,params_epochs,params_kernel_l2,params_num_trees,params_temperature,user_attrs_accuracy_test,user_attrs_accuracy_valid,user_attrs_approximate_feature_sparsity,user_attrs_approximate_feature_sparsity_history,user_attrs_approximate_weight_sparsity,user_attrs_approximate_weight_sparsity_history,user_attrs_auc_test,user_attrs_auc_valid,user_attrs_feature_sparsity,user_attrs_feature_sparsity_history,user_attrs_num_epochs,user_attrs_val_loss_history,user_attrs_weight_sparsity,user_attrs_weight_sparsity_history,state
97,97,0.9249655421159073,2024-08-31 05:13:46.956574,2024-08-31 05:16:12.366791,0 days 00:02:25.410217,4,0.05764282383767396,2,275,0.004574946524682656,28,0.010334453446649247,0.94,0.945,33,"[33, 33, 33, 33, 33, 33, 33, 33, 33, 33, 33, 33, 33, 33, 33, 33, 33, 33, 33, 33, 33, 33, 33, 33, 33, 33, 33, 33, 33, 33, 33, 33, 33, 33, 33, 33, 33, 33, 33, 33, 33, 33, 33, 33, 33, 33, 33, 33, 33, 33, 33, 33, 33, 33, 33, 33, 33, 33, 33, 33, 33, 33, 33, 33, 33, 33, 33, 33, 33, 33, 33, 33, 33, 33, 33, 33, 33, 33, 33, 33, 33, 33, 33, 33, 33, 33, 33, 33, 33, 33, 33, 33, 33, 33, 33, 33, 33, 33, 33, 33, 33, 33, 33, 33, 33, 33, 33, 33, 33, 33, 33, 33, 33, 33, 33, 33, 33, 33, 33, 33, 33, 33, 33, 33, 33, 33, 33, 33, 33, 33, 33, 33, 33, 33, 33, 33, 33, 33, 33, 33, 33, 33, 33, 33, 33, 33, 33, 33, 33, 33, 33, 33, 33, 33, 33, 33, 33, 33, 33, 33, 33, 33, 33, 33, 33, 33, 33, 33, 33, 33, 33, 33, 33, 33, 33, 33, 33, 33, 33, 33, 33, 33, 33, 33, 33, 33, 33, 33, 33, 33, 33, 33, 33, 33, 33, 33, 33, 33, 33, 33, 33, 33, 33, 33, 33, 33, 33, 33, 33, 33, 33, 33, 33, 33, 33, 33, 33, 33, 33, 33, 33, 33, 33, 33, 33, 33, 33, 33, 33, 33, 33, 33, 33, 33, 33, 33, 33, 33, 33, 33, 33, 33, 33, 33, 33, 33, 33, 33, 33, 33, 33, 33, 33, 33, 33, 33, 33, 33, 33, 33, 33, 33, 33, 33, 33, 33, 33, 33, 33, 33, 33, 33, 33, 33, 33]",32.976190476190474,"[32.976190476190474, 33.0, 33.0, 32.98809523809524, 32.964285714285715, 32.976190476190474, 32.98809523809524, 32.98809523809524, 32.98809523809524, 32.98809523809524, 33.0, 32.976190476190474, 32.98809523809524, 32.98809523809524, 32.976190476190474, 32.98809523809524, 32.98809523809524, 33.0, 32.98809523809524, 33.0, 32.98809523809524, 32.98809523809524, 32.976190476190474, 32.98809523809524, 32.976190476190474, 33.0, 32.976190476190474, 33.0, 33.0, 32.98809523809524, 33.0, 32.98809523809524, 33.0, 32.976190476190474, 33.0, 33.0, 32.98809523809524, 32.98809523809524, 32.964285714285715, 32.98809523809524, 33.0, 32.976190476190474, 33.0, 33.0, 33.0, 32.98809523809524, 32.98809523809524, 32.98809523809524, 32.98809523809524, 33.0, 32.98809523809524, 33.0, 32.98809523809524, 33.0, 33.0, 32.98809523809524, 32.976190476190474, 32.98809523809524, 33.0, 32.98809523809524, 33.0, 32.976190476190474, 32.976190476190474, 33.0, 32.98809523809524, 32.98809523809524, 32.98809523809524, 33.0, 32.98809523809524, 33.0, 32.98809523809524, 33.0, 33.0, 32.976190476190474, 33.0, 33.0, 32.98809523809524, 33.0, 32.98809523809524, 32.98809523809524, 33.0, 32.98809523809524, 33.0, 33.0, 33.0, 33.0, 32.976190476190474, 32.98809523809524, 33.0, 32.98809523809524, 32.964285714285715, 32.976190476190474, 33.0, 32.98809523809524, 32.976190476190474, 33.0, 32.98809523809524, 33.0, 32.98809523809524, 32.976190476190474, 32.976190476190474, 32.98809523809524, 32.98809523809524, 33.0, 33.0, 33.0, 33.0, 33.0, 33.0, 33.0, 32.964285714285715, 32.98809523809524, 32.98809523809524, 32.964285714285715, 32.976190476190474, 32.98809523809524, 33.0, 32.98809523809524, 32.98809523809524, 32.976190476190474, 32.98809523809524, 32.964285714285715, 32.964285714285715, 32.98809523809524, 33.0, 32.98809523809524, 32.976190476190474, 33.0, 32.98809523809524, 32.98809523809524, 32.976190476190474, 32.976190476190474, 32.976190476190474, 32.98809523809524, 32.98809523809524, 33.0, 32.98809523809524, 32.976190476190474, 32.98809523809524, 32.976190476190474, 32.98809523809524, 32.98809523809524, 33.0, 32.976190476190474, 33.0, 32.98809523809524, 33.0, 33.0, 33.0, 32.98809523809524, 33.0, 32.98809523809524, 33.0, 33.0, 32.98809523809524, 33.0, 33.0, 33.0, 32.98809523809524, 32.98809523809524, 32.98809523809524, 32.976190476190474, 32.98809523809524, 32.976190476190474, 33.0, 32.976190476190474, 32.98809523809524, 33.0, 32.98809523809524, 32.976190476190474, 32.976190476190474, 32.964285714285715, 32.964285714285715, 32.98809523809524, 32.964285714285715, 32.964285714285715, 33.0, 32.964285714285715, 32.964285714285715, 32.964285714285715, 32.976190476190474, 32.95238095238095, 32.964285714285715, 32.976190476190474, 33.0, 32.98809523809524, 32.98809523809524, 33.0, 33.0, 32.98809523809524, 33.0, 33.0, 32.98809523809524, 32.976190476190474, 32.976190476190474, 32.98809523809524, 32.964285714285715, 32.98809523809524, 32.964285714285715, 32.964285714285715, 32.964285714285715, 32.98809523809524, 32.98809523809524, 32.964285714285715, 32.98809523809524, 32.98809523809524, 32.964285714285715, 32.98809523809524, 32.98809523809524, 32.98809523809524, 33.0, 32.98809523809524, 32.98809523809524, 33.0, 33.0, 32.98809523809524, 33.0, 32.98809523809524, 33.0, 32.98809523809524, 32.98809523809524, 32.98809523809524, 32.98809523809524, 32.95238095238095, 32.964285714285715, 32.964285714285715, 32.98809523809524, 32.976190476190474, 32.964285714285715, 32.98809523809524, 33.0, 32.976190476190474, 32.98809523809524, 32.98809523809524, 33.0, 32.98809523809524, 32.98809523809524, 33.0, 32.976190476190474, 32.976190476190474, 33.0, 32.98809523809524, 32.976190476190474, 32.98809523809524, 32.976190476190474, 32.98809523809524, 33.0, 32.98809523809524, 32.98809523809524, 32.976190476190474, 32.98809523809524, 33.0, 32.976190476190474, 32.98809523809524, 32.98809523809524, 32.976190476190474, 32.98809523809524, 32.964285714285715, 32.976190476190474, 32.976190476190474, 32.98809523809524, 32.98809523809524, 32.98809523809524, 32.98809523809524, 32.964285714285715, 32.98809523809524, 33.0, 32.98809523809524, 32.964285714285715, 32.976190476190474, 32.98809523809524, 32.98809523809524, 33.0, 33.0, 32.976190476190474]",0.9117479503628663,0.9249655421159073,33,"[33, 33, 33, 33, 33, 33, 33, 33, 33, 33, 33, 33, 33, 33, 33, 33, 33, 33, 33, 33, 33, 33, 33, 33, 33, 33, 33, 33, 33, 33, 33, 33, 33, 33, 33, 33, 33, 33, 33, 33, 33, 33, 33, 33, 33, 33, 33, 33, 33, 33, 33, 33, 33, 33, 33, 33, 33, 33, 33, 33, 33, 33, 33, 33, 33, 33, 33, 33, 33, 33, 33, 33, 33, 33, 33, 33, 33, 33, 33, 33, 33, 33, 33, 33, 33, 33, 33, 33, 33, 33, 33, 33, 33, 33, 33, 33, 33, 33, 33, 33, 33, 33, 33, 33, 33, 33, 33, 33, 33, 33, 33, 33, 33, 33, 33, 33, 33, 33, 33, 33, 33, 33, 33, 33, 33, 33, 33, 33, 33, 33, 33, 33, 33, 33, 33, 33, 33, 33, 33, 33, 33, 33, 33, 33, 33, 33, 33, 33, 33, 33, 33, 33, 33, 33, 33, 33, 33, 33, 33, 33, 33, 33, 33, 33, 33, 33, 33, 33, 33, 33, 33, 33, 33, 33, 33, 33, 33, 33, 33, 33, 33, 33, 33, 33, 33, 33, 33, 33, 33, 33, 33, 33, 33, 33, 33, 33, 33, 33, 33, 33, 33, 33, 33, 33, 33, 33, 33, 33, 33, 33, 33, 33, 33, 33, 33, 33, 33, 33, 33, 33, 33, 33, 33, 33, 33, 33, 33, 33, 33, 33, 33, 33, 33, 33, 33, 33, 33, 33, 33, 33, 33, 33, 33, 33, 33, 33, 33, 33, 33, 33, 33, 33, 33, 33, 33, 33, 33, 33, 33, 33, 33, 33, 33, 33, 33, 33, 33, 33, 33, 33, 33, 33, 33, 33, 33]",275,"[0.399957537651062, 0.384684681892395, 0.37628117203712463, 0.3717415928840637, 0.36640286445617676, 0.36424577236175537, 0.360816091299057, 0.3569035232067108, 0.35421183705329895, 0.3512777090072632, 0.348881334066391, 0.3474583923816681, 0.3439972698688507, 0.34144437313079834, 0.33890286087989807, 0.33666107058525085, 0.33414334058761597, 0.33217430114746094, 0.32984280586242676, 0.3273487389087677, 0.32616475224494934, 0.32315459847450256, 0.32121899724006653, 0.31828179955482483, 0.3165227770805359, 0.31377798318862915, 0.31153544783592224, 0.30906930565834045, 0.3066610097885132, 0.3051427900791168, 0.3024856150150299, 0.2994425296783447, 0.2970675826072693, 0.2947331666946411, 0.29220205545425415, 0.2894875407218933, 0.28860607743263245, 0.28502896428108215, 0.2842676341533661, 0.2804666757583618, 0.278463214635849, 0.276513934135437, 0.274038702249527, 0.2721218764781952, 0.2701032757759094, 0.26856687664985657, 0.26619845628738403, 0.26414984464645386, 0.26298126578330994, 0.26082730293273926, 0.25879496335983276, 0.25757521390914917, 0.25623801350593567, 0.254421204328537, 0.2536676526069641, 0.2518632411956787, 0.2512066662311554, 0.2492476999759674, 0.24757978320121765, 0.24645227193832397, 0.24535374343395233, 0.24428951740264893, 0.2431786209344864, 0.2422320544719696, 0.24136725068092346, 0.2400529980659485, 0.23848499357700348, 0.2386232167482376, 0.23725932836532593, 0.23594379425048828, 0.23529495298862457, 0.2343212366104126, 0.2333308607339859, 0.23293153941631317, 0.23260335624217987, 0.23062609136104584, 0.2298574447631836, 0.229410320520401, 0.22820916771888733, 0.22747129201889038, 0.22684505581855774, 0.22570839524269104, 0.22588612139225006, 0.2248261272907257, 0.22373615205287933, 0.22297582030296326, 0.22274208068847656, 0.22189371287822723, 0.22096213698387146, 0.22142614424228668, 0.22035306692123413, 0.22035498917102814, 0.21843667328357697, 0.21823590993881226, 0.216735377907753, 0.21649791300296783, 0.21581819653511047, 0.2153206765651703, 0.21605482697486877, 0.21475628018379211, 0.216639444231987, 0.21529968082904816, 0.21339616179466248, 0.21324296295642853, 0.21210239827632904, 0.21409940719604492, 0.21155384182929993, 0.21078449487686157, 0.21076509356498718, 0.20979778468608856, 0.2108660340309143, 0.208659827709198, 0.20929527282714844, 0.20865753293037415, 0.20800043642520905, 0.2075505405664444, 0.20888037979602814, 0.20897123217582703, 0.2075156271457672, 0.2063547521829605, 0.20547445118427277, 0.2062581181526184, 0.20578809082508087, 0.204705148935318, 0.20446079969406128, 0.20667989552021027, 0.20585455000400543, 0.20456646382808685, 0.2043241709470749, 0.20558422803878784, 0.2032216638326645, 0.20316363871097565, 0.20374073088169098, 0.20329897105693817, 0.20391017198562622, 0.20402827858924866, 0.2024623453617096, 0.20160284638404846, 0.20188476145267487, 0.2038952112197876, 0.20146383345127106, 0.20092642307281494, 0.20198605954647064, 0.20151956379413605, 0.20020431280136108, 0.20079778134822845, 0.19990287721157074, 0.19996222853660583, 0.20084615051746368, 0.20124396681785583, 0.20209114253520966, 0.19878782331943512, 0.19922083616256714, 0.2013271301984787, 0.1997012197971344, 0.19915330410003662, 0.19912917912006378, 0.19939284026622772, 0.19984032213687897, 0.2006775438785553, 0.19872964918613434, 0.19954486191272736, 0.1978718340396881, 0.1995808184146881, 0.20015794038772583, 0.1975996047258377, 0.19714193046092987, 0.19828355312347412, 0.19676996767520905, 0.1970646232366562, 0.19700002670288086, 0.19850705564022064, 0.1980048567056656, 0.19663414359092712, 0.19649912416934967, 0.19602182507514954, 0.19867998361587524, 0.19845880568027496, 0.19626520574092865, 0.1958998292684555, 0.19767391681671143, 0.19638799130916595, 0.19597585499286652, 0.1968815177679062, 0.19860532879829407, 0.1947670876979828, 0.19574826955795288, 0.1955500841140747, 0.19564548134803772, 0.1969512701034546, 0.1977887749671936, 0.1967250406742096, 0.1960405707359314, 0.19527405500411987, 0.19633840024471283, 0.1960882693529129, 0.19398446381092072, 0.19531868398189545, 0.19504991173744202, 0.19624944031238556, 0.19455869495868683, 0.19594278931617737, 0.19429855048656464, 0.1947394758462906, 0.19675961136817932, 0.1946198046207428, 0.19601649045944214, 0.1964735984802246, 0.1959514021873474, 0.19574293494224548, 0.1946784406900406, 0.1940762847661972, 0.19567924737930298, 0.199882373213768, 0.19521112740039825, 0.19429610669612885, 0.19642674922943115, 0.19478756189346313, 0.1951712667942047, 0.19633546471595764, 0.19712087512016296, 0.1947847604751587, 0.19389572739601135, 0.19494932889938354, 0.19365043938159943, 0.1955569088459015, 0.1936779022216797, 0.19398841261863708, 0.19549915194511414, 0.19476406276226044, 0.19410568475723267, 0.19499145448207855, 0.19332130253314972, 0.19367775321006775, 0.19288824498653412, 0.19451864063739777, 0.19306395947933197, 0.19297103583812714, 0.19395624101161957, 0.191859170794487, 0.1946471631526947, 0.193832665681839, 0.19207383692264557, 0.19243232905864716, 0.19334201514720917, 0.19275690615177155, 0.1920510083436966, 0.19437839090824127, 0.19291460514068604, 0.19428855180740356, 0.19208712875843048, 0.19355528056621552, 0.1948719173669815, 0.1943386197090149, 0.19237369298934937, 0.19396986067295074, 0.19256514310836792, 0.19340795278549194, 0.192172572016716, 0.1926223337650299, 0.1926589161157608, 0.1930580735206604, 0.19277706742286682, 0.1941317319869995, 0.19343878328800201, 0.19651244580745697, 0.19333194196224213, 0.19178444147109985, 0.1923656463623047, 0.19091767072677612, 0.19314263761043549, 0.1931580752134323, 0.19175875186920166, 0.19719646871089935, 0.19367867708206177]",33.0,"[33.0, 33.0, 33.0, 33.0, 33.0, 33.0, 33.0, 33.0, 33.0, 33.0, 33.0, 33.0, 33.0, 33.0, 33.0, 33.0, 33.0, 33.0, 33.0, 33.0, 33.0, 33.0, 33.0, 33.0, 33.0, 33.0, 33.0, 33.0, 33.0, 33.0, 33.0, 33.0, 33.0, 33.0, 33.0, 33.0, 33.0, 33.0, 33.0, 33.0, 33.0, 33.0, 33.0, 33.0, 33.0, 33.0, 33.0, 33.0, 33.0, 33.0, 33.0, 33.0, 33.0, 33.0, 33.0, 33.0, 33.0, 33.0, 33.0, 33.0, 33.0, 33.0, 33.0, 33.0, 33.0, 33.0, 33.0, 33.0, 33.0, 33.0, 33.0, 33.0, 33.0, 33.0, 33.0, 33.0, 33.0, 33.0, 33.0, 33.0, 33.0, 33.0, 33.0, 33.0, 33.0, 33.0, 33.0, 33.0, 33.0, 33.0, 33.0, 33.0, 33.0, 33.0, 33.0, 33.0, 33.0, 33.0, 33.0, 33.0, 33.0, 33.0, 33.0, 33.0, 33.0, 33.0, 33.0, 33.0, 33.0, 33.0, 33.0, 33.0, 33.0, 33.0, 33.0, 33.0, 33.0, 33.0, 33.0, 33.0, 33.0, 33.0, 33.0, 33.0, 33.0, 33.0, 33.0, 33.0, 33.0, 33.0, 33.0, 33.0, 33.0, 33.0, 33.0, 33.0, 33.0, 33.0, 33.0, 33.0, 33.0, 33.0, 33.0, 33.0, 33.0, 33.0, 33.0, 33.0, 33.0, 33.0, 33.0, 33.0, 33.0, 33.0, 33.0, 33.0, 33.0, 33.0, 33.0, 33.0, 33.0, 33.0, 33.0, 33.0, 33.0, 33.0, 33.0, 33.0, 33.0, 33.0, 33.0, 33.0, 33.0, 33.0, 33.0, 33.0, 33.0, 33.0, 33.0, 33.0, 33.0, 33.0, 33.0, 33.0, 33.0, 33.0, 33.0, 33.0, 33.0, 33.0, 33.0, 33.0, 33.0, 33.0, 33.0, 33.0, 33.0, 33.0, 33.0, 33.0, 33.0, 33.0, 33.0, 33.0, 33.0, 33.0, 33.0, 33.0, 33.0, 33.0, 33.0, 33.0, 33.0, 33.0, 33.0, 33.0, 33.0, 33.0, 33.0, 33.0, 33.0, 33.0, 33.0, 33.0, 33.0, 33.0, 33.0, 33.0, 33.0, 33.0, 33.0, 33.0, 33.0, 33.0, 33.0, 33.0, 33.0, 33.0, 33.0, 33.0, 33.0, 33.0, 33.0, 33.0, 33.0, 33.0, 33.0, 33.0, 33.0, 33.0, 33.0, 33.0, 33.0, 33.0, 33.0, 33.0, 33.0, 33.0, 33.0, 33.0, 33.0, 33.0, 33.0, 33.0, 33.0, 33.0, 33.0, 33.0, 33.0, 33.0, 33.0, 33.0, 33.0, 33.0, 33.0]",COMPLETE
98,98,0.7402326390230707,2024-08-31 05:16:15.774102,2024-08-31 05:16:51.242397,0 days 00:00:35.468295,16,0.1438838443834149,4,40,0.4191580456776531,58,0.07135211571888936,0.875,0.87125,33,"[33, 33, 33, 33, 33, 33, 33, 33, 33, 33, 33, 33, 33, 33, 33, 33, 33, 33, 33, 33, 33, 33, 33, 33, 33, 33, 33, 33, 33, 33, 33, 33, 33, 33, 33, 33, 33, 33, 33, 33]",32.94827586206897,"[32.96896551724138, 32.96206896551724, 32.95977011494253, 32.94712643678161, 32.94942528735632, 32.94942528735632, 32.95747126436782, 32.95172413793104, 32.95632183908046, 32.95747126436782, 32.95402298850575, 32.96206896551724, 32.96436781609195, 32.96896551724138, 32.96091954022989, 32.96436781609195, 32.96091954022988, 32.95977011494253, 32.94942528735632, 32.94597701149426, 32.9448275862069, 32.9448275862069, 32.95402298850575, 32.95517241379311, 32.95862068965518, 32.95517241379311, 32.95862068965518, 32.95862068965517, 32.95517241379311, 32.95632183908046, 32.95517241379311, 32.95747126436782, 32.95517241379311, 32.96206896551724, 32.95977011494253, 32.95172413793104, 32.96206896551724, 32.95402298850575, 32.95172413793103, 32.94827586206897]",0.7758568019881276,0.7402326390230707,33,"[33, 33, 33, 33, 33, 33, 33, 33, 33, 33, 33, 33, 33, 33, 33, 33, 33, 33, 33, 33, 33, 33, 33, 33, 33, 33, 33, 33, 33, 33, 33, 33, 33, 33, 33, 33, 33, 33, 33, 33]",40,"[0.4300219416618347, 0.42312395572662354, 0.41865742206573486, 0.41509926319122314, 0.41225239634513855, 0.4098834991455078, 0.40797972679138184, 0.40619948506355286, 0.404626727104187, 0.4032540023326874, 0.4023236930370331, 0.4008314907550812, 0.3996213972568512, 0.398680180311203, 0.39751338958740234, 0.3967503011226654, 0.39555853605270386, 0.3946945071220398, 0.3938235938549042, 0.3934306204319, 0.3920997977256775, 0.39149990677833557, 0.3906055688858032, 0.38974830508232117, 0.3893545866012573, 0.3882599174976349, 0.3875737488269806, 0.3865620791912079, 0.3857848346233368, 0.3850557804107666, 0.38453397154808044, 0.3837489187717438, 0.38326287269592285, 0.3824462592601776, 0.3817107379436493, 0.3810194432735443, 0.38012951612472534, 0.3794296979904175, 0.3786107003688812, 0.37799346446990967]",33.0,"[33.0, 33.0, 33.0, 33.0, 33.0, 33.0, 33.0, 33.0, 33.0, 33.0, 33.0, 33.0, 33.0, 33.0, 33.0, 33.0, 33.0, 33.0, 33.0, 33.0, 33.0, 33.0, 33.0, 33.0, 33.0, 33.0, 33.0, 33.0, 33.0, 33.0, 33.0, 33.0, 33.0, 33.0, 33.0, 33.0, 33.0, 33.0, 33.0, 33.0]",COMPLETE
