,number,value,datetime_start,datetime_complete,duration,params_batch_size_scaler,params_constant_learning_rate,params_depth,params_epochs,params_kernel_l2,params_num_trees,params_temperature,user_attrs_accuracy_test,user_attrs_accuracy_valid,user_attrs_approximate_feature_sparsity,user_attrs_approximate_feature_sparsity_history,user_attrs_approximate_weight_sparsity,user_attrs_approximate_weight_sparsity_history,user_attrs_auc_test,user_attrs_auc_valid,user_attrs_feature_sparsity,user_attrs_feature_sparsity_history,user_attrs_num_epochs,user_attrs_val_loss_history,user_attrs_weight_sparsity,user_attrs_weight_sparsity_history,state
89,89,0.5,2024-08-31 05:02:29.691440,2024-08-31 05:03:35.399938,0 days 00:01:05.708498,64,8.678607803640952,5,280,0.4649360989305253,37,0.0011610704000757262,0.859,0.85875,0,"[33, 33, 33, 33, 33, 21, 12, 8, 7, 5, 5, 5, 5, 5, 5, 5, 5, 5, 4, 4, 4, 4, 4, 4, 4, 4, 2, 2, 2, 2, 2, 2, 2, 2, 2, 2, 2, 2, 2, 2, 2, 2, 2, 2, 2, 2, 2, 2, 2, 2, 2, 2, 1, 0, 0, 0, 0, 0, 0, 0, 0, 0, 0, 0, 0, 0, 0, 0, 0, 0, 0, 0, 0, 0, 0, 0, 0, 0, 0, 0, 0, 0, 0, 0, 0, 0, 0, 0, 0, 0, 0, 0, 0, 0, 0, 0, 0, 0, 0, 0, 0, 0, 0, 0, 0, 0, 0, 0, 0, 0, 0, 0, 0, 0, 0, 0, 0, 0, 0, 0, 0, 0, 0, 0, 0, 0, 0, 0, 0, 0, 0, 0, 0, 0, 0, 0, 0, 0, 0, 0, 0, 0, 0, 0, 0, 0, 0, 0, 0, 0, 0, 0, 0, 0, 0, 0, 0, 0, 0, 0, 0, 0, 0, 0, 0, 0, 0, 0, 0, 0, 0, 0, 0, 0, 0, 0, 0, 0, 0, 0, 0, 0, 0, 0, 0, 0, 0, 0, 0, 0, 0, 0, 0, 0, 0, 0, 0, 0, 0, 0, 0, 0, 0, 0, 0, 0, 0, 0, 0, 0, 0, 0, 0, 0, 0, 0, 0, 0, 0, 0, 0, 0, 0, 0, 0, 0, 0, 0, 0, 0, 0, 0, 0, 0, 0, 0, 0, 0, 0, 0, 0, 0, 0, 0, 0, 0, 0, 0, 0, 0, 0, 0, 0, 0, 0, 0, 0, 0, 0, 0, 0, 0, 0, 0, 0, 0, 0, 0, 0, 0, 0, 0, 0, 0, 0, 0, 0, 0, 0, 0]",0.0,"[32.95204882301657, 32.953792502179596, 32.96338273757628, 32.958151700087186, 32.95466434176112, 20.966870095902355, 11.98517872711421, 7.989537925021795, 6.9869224062772455, 4.992153443766346, 4.994768962510898, 4.992153443766346, 4.993025283347864, 4.993025283347864, 4.996512641673932, 4.9956408020924155, 4.995640802092415, 4.995640802092415, 3.992153443766347, 3.997384481255449, 3.993897122929381, 3.994768962510898, 3.996512641673932, 3.995640802092415, 3.996512641673932, 3.992153443766347, 1.993897122929381, 2.0, 1.999128160418483, 1.999128160418483, 1.999128160418483, 1.997384481255449, 1.998256320836966, 1.999128160418483, 1.999128160418483, 1.9965126416739318, 1.997384481255449, 1.998256320836966, 1.999128160418483, 1.997384481255449, 2.0, 1.998256320836966, 1.997384481255449, 1.998256320836966, 1.998256320836966, 1.999128160418483, 2.0, 1.999128160418483, 1.998256320836966, 1.999128160418483, 2.0, 2.0, 1.0, 0.0, 0.0, 0.0, 0.0, 0.0, 0.0, 0.0, 0.0, 0.0, 0.0, 0.0, 0.0, 0.0, 0.0, 0.0, 0.0, 0.0, 0.0, 0.0, 0.0, 0.0, 0.0, 0.0, 0.0, 0.0, 0.0, 0.0, 0.0, 0.0, 0.0, 0.0, 0.0, 0.0, 0.0, 0.0, 0.0, 0.0, 0.0, 0.0, 0.0, 0.0, 0.0, 0.0, 0.0, 0.0, 0.0, 0.0, 0.0, 0.0, 0.0, 0.0, 0.0, 0.0, 0.0, 0.0, 0.0, 0.0, 0.0, 0.0, 0.0, 0.0, 0.0, 0.0, 0.0, 0.0, 0.0, 0.0, 0.0, 0.0, 0.0, 0.0, 0.0, 0.0, 0.0, 0.0, 0.0, 0.0, 0.0, 0.0, 0.0, 0.0, 0.0, 0.0, 0.0, 0.0, 0.0, 0.0, 0.0, 0.0, 0.0, 0.0, 0.0, 0.0, 0.0, 0.0, 0.0, 0.0, 0.0, 0.0, 0.0, 0.0, 0.0, 0.0, 0.0, 0.0, 0.0, 0.0, 0.0, 0.0, 0.0, 0.0, 0.0, 0.0, 0.0, 0.0, 0.0, 0.0, 0.0, 0.0, 0.0, 0.0, 0.0, 0.0, 0.0, 0.0, 0.0, 0.0, 0.0, 0.0, 0.0, 0.0, 0.0, 0.0, 0.0, 0.0, 0.0, 0.0, 0.0, 0.0, 0.0, 0.0, 0.0, 0.0, 0.0, 0.0, 0.0, 0.0, 0.0, 0.0, 0.0, 0.0, 0.0, 0.0, 0.0, 0.0, 0.0, 0.0, 0.0, 0.0, 0.0, 0.0, 0.0, 0.0, 0.0, 0.0, 0.0, 0.0, 0.0, 0.0, 0.0, 0.0, 0.0, 0.0, 0.0, 0.0, 0.0, 0.0, 0.0, 0.0, 0.0, 0.0, 0.0, 0.0, 0.0, 0.0, 0.0, 0.0, 0.0, 0.0, 0.0, 0.0, 0.0, 0.0, 0.0, 0.0, 0.0, 0.0, 0.0, 0.0, 0.0, 0.0, 0.0, 0.0, 0.0, 0.0, 0.0, 0.0, 0.0, 0.0, 0.0, 0.0, 0.0, 0.0, 0.0, 0.0, 0.0, 0.0, 0.0, 0.0, 0.0, 0.0, 0.0, 0.0, 0.0, 0.0, 0.0, 0.0]",0.5,0.5,0,"[33, 33, 33, 33, 33, 21, 12, 8, 7, 5, 5, 5, 5, 5, 5, 5, 5, 5, 4, 4, 4, 4, 4, 4, 4, 4, 2, 2, 2, 2, 2, 2, 2, 2, 2, 2, 2, 2, 2, 2, 2, 2, 2, 2, 2, 2, 2, 2, 2, 2, 2, 2, 1, 0, 0, 0, 0, 0, 0, 0, 0, 0, 0, 0, 0, 0, 0, 0, 0, 0, 0, 0, 0, 0, 0, 0, 0, 0, 0, 0, 0, 0, 0, 0, 0, 0, 0, 0, 0, 0, 0, 0, 0, 0, 0, 0, 0, 0, 0, 0, 0, 0, 0, 0, 0, 0, 0, 0, 0, 0, 0, 0, 0, 0, 0, 0, 0, 0, 0, 0, 0, 0, 0, 0, 0, 0, 0, 0, 0, 0, 0, 0, 0, 0, 0, 0, 0, 0, 0, 0, 0, 0, 0, 0, 0, 0, 0, 0, 0, 0, 0, 0, 0, 0, 0, 0, 0, 0, 0, 0, 0, 0, 0, 0, 0, 0, 0, 0, 0, 0, 0, 0, 0, 0, 0, 0, 0, 0, 0, 0, 0, 0, 0, 0, 0, 0, 0, 0, 0, 0, 0, 0, 0, 0, 0, 0, 0, 0, 0, 0, 0, 0, 0, 0, 0, 0, 0, 0, 0, 0, 0, 0, 0, 0, 0, 0, 0, 0, 0, 0, 0, 0, 0, 0, 0, 0, 0, 0, 0, 0, 0, 0, 0, 0, 0, 0, 0, 0, 0, 0, 0, 0, 0, 0, 0, 0, 0, 0, 0, 0, 0, 0, 0, 0, 0, 0, 0, 0, 0, 0, 0, 0, 0, 0, 0, 0, 0, 0, 0, 0, 0, 0, 0, 0, 0, 0, 0, 0, 0, 0]",280,"[0.5319472551345825, 0.5426058173179626, 0.4101669192314148, 0.5445027351379395, 0.5605320930480957, 0.5195481181144714, 0.34671419858932495, 0.4923365116119385, 0.4273892641067505, 0.36202865839004517, 0.3516312837600708, 0.4768925905227661, 0.45552757382392883, 0.3405805230140686, 0.3551992177963257, 0.5011110901832581, 0.48522061109542847, 0.35537347197532654, 0.3918442130088806, 0.5548727512359619, 0.5436720252037048, 0.6900216937065125, 0.4229047894477844, 0.39673805236816406, 0.35525330901145935, 0.33514803647994995, 0.5817076563835144, 0.507372260093689, 0.740750789642334, 0.3878941833972931, 0.4059053659439087, 0.3844878673553467, 0.6165175437927246, 0.3901028335094452, 0.6169517636299133, 0.5264962315559387, 0.6176208257675171, 0.554190993309021, 0.5094252824783325, 0.642296314239502, 0.3835388422012329, 0.39910027384757996, 0.3768472969532013, 0.48788878321647644, 0.5823830962181091, 0.4517943561077118, 0.4191350042819977, 0.5122143030166626, 0.8262039422988892, 0.47171103954315186, 0.3770862817764282, 0.39593273401260376, 0.39208394289016724, 1.052941083908081, 0.43038681149482727, 0.5895624756813049, 0.41549453139305115, 0.4077374339103699, 0.4128522574901581, 0.7292709350585938, 0.40873584151268005, 0.48584166169166565, 0.8273448348045349, 0.4074634611606598, 0.43372613191604614, 0.48949408531188965, 0.40831854939460754, 0.6374639868736267, 0.45747703313827515, 0.478937566280365, 0.6094133853912354, 0.530203640460968, 0.4516233205795288, 0.4960790276527405, 0.4351647198200226, 0.6074817180633545, 0.6578657031059265, 0.7085753083229065, 0.4073560833930969, 0.4626423716545105, 0.4088396430015564, 0.42864808440208435, 0.538852334022522, 0.4168218672275543, 0.725324273109436, 0.4695318937301636, 0.42623084783554077, 0.632038950920105, 0.4126507639884949, 0.49208247661590576, 0.41447561979293823, 0.6923171877861023, 0.4110308885574341, 0.5076712965965271, 0.5150073170661926, 0.4605843424797058, 0.4200538694858551, 0.4389408230781555, 0.5192223191261292, 0.420999675989151, 0.608313798904419, 0.40919655561447144, 0.4771290719509125, 0.5543585419654846, 0.5472869277000427, 0.5945731401443481, 0.7250518798828125, 0.40727585554122925, 0.5597673058509827, 0.4716714024543762, 0.4134580194950104, 0.42084434628486633, 0.569918692111969, 0.41399911046028137, 0.6561791896820068, 0.49535802006721497, 0.4837265908718109, 0.5637637376785278, 0.598436713218689, 0.4147087037563324, 0.6902803778648376, 0.4466765522956848, 0.4072284400463104, 0.4166298806667328, 0.4150131642818451, 0.4184013307094574, 0.4080517590045929, 0.41813400387763977, 0.41154778003692627, 0.45157691836357117, 0.4199952185153961, 0.5432786345481873, 0.5645131468772888, 0.49972641468048096, 0.5664892792701721, 0.5934068560600281, 0.6828686594963074, 0.4107701778411865, 0.4502463638782501, 0.42201972007751465, 0.4462383985519409, 0.5531858801841736, 0.5479612946510315, 0.5223562717437744, 0.4103551208972931, 0.4088827073574066, 0.4199654459953308, 0.5560634136199951, 0.511954665184021, 0.7966294884681702, 0.4410582482814789, 0.43486952781677246, 0.4420851767063141, 0.41014236211776733, 1.0001291036605835, 0.4190312922000885, 0.4430784285068512, 0.44290024042129517, 0.6732990741729736, 0.7031490206718445, 0.4156578779220581, 0.5758804082870483, 0.4797133505344391, 0.4246431589126587, 0.5735790133476257, 0.5189728736877441, 0.5122614502906799, 0.4425838589668274, 0.40825799107551575, 0.5914165377616882, 0.47735604643821716, 0.4324410557746887, 0.43001988530158997, 0.47982466220855713, 0.41493234038352966, 0.5141052007675171, 0.4075327217578888, 0.5629900097846985, 0.5184755325317383, 0.5366570949554443, 0.4799545407295227, 0.6448980569839478, 0.5165591239929199, 0.4671362340450287, 0.4376893639564514, 0.42507508397102356, 0.4076312184333801, 0.4088680148124695, 0.44561445713043213, 0.5499933362007141, 0.5794051885604858, 0.4150736927986145, 0.4773203730583191, 0.4077802896499634, 0.4315682351589203, 0.4160354733467102, 0.6136526465415955, 0.5259528756141663, 0.5512315630912781, 0.43253639340400696, 0.6106619238853455, 0.41643431782722473, 0.4483458697795868, 0.526602566242218, 0.42320290207862854, 0.46180272102355957, 0.5380407571792603, 0.4508795440196991, 0.4285849630832672, 0.4890187382698059, 0.40963563323020935, 0.495555579662323, 0.5067896246910095, 0.4246319532394409, 0.41166335344314575, 0.46749964356422424, 0.4085129499435425, 0.63422691822052, 0.5491998791694641, 0.5549868941307068, 0.4297117292881012, 0.5143193006515503, 0.4077325165271759, 0.47399163246154785, 0.44258537888526917, 0.4347327947616577, 0.46680325269699097, 0.44979140162467957, 0.4714916944503784, 0.5026052594184875, 0.40847381949424744, 0.460000604391098, 0.4434297978878021, 0.5581021904945374, 0.47805699706077576, 0.47506988048553467, 0.47485050559043884, 0.43824613094329834, 0.531905472278595, 0.4389086961746216, 0.40761393308639526, 0.409737765789032, 0.6003137230873108, 0.4781726896762848, 0.5634424686431885, 0.41828614473342896, 0.4540024995803833, 0.4077543020248413, 0.41735103726387024, 0.4109329879283905, 0.4075612723827362, 0.44096893072128296, 0.5099105834960938, 0.41065117716789246, 0.5994945764541626, 0.5228589177131653, 0.4802187979221344, 0.4631606340408325, 0.5947341322898865, 0.41423943638801575, 0.6352952718734741, 0.60637366771698, 0.4393175542354584, 0.4364590346813202, 0.41492316126823425, 0.4106132388114929, 0.4099352955818176, 0.4079464375972748, 0.518871009349823, 0.45168110728263855, 0.4078594148159027, 0.45979705452919006, 0.4257601201534271, 0.5136258006095886, 0.4167129099369049, 0.7880866527557373, 0.41506192088127136, 0.41634058952331543, 0.4075666666030884, 0.45606911182403564]",0.0,"[33.0, 33.0, 33.0, 33.0, 33.0, 21.0, 12.0, 8.0, 7.0, 5.0, 5.0, 5.0, 5.0, 5.0, 5.0, 5.0, 5.0, 5.0, 4.0, 4.0, 4.0, 4.0, 4.0, 4.0, 4.0, 4.0, 2.0, 2.0, 2.0, 2.0, 2.0, 2.0, 2.0, 2.0, 2.0, 2.0, 2.0, 2.0, 2.0, 2.0, 2.0, 2.0, 2.0, 2.0, 2.0, 2.0, 2.0, 2.0, 2.0, 2.0, 2.0, 2.0, 1.0, 0.0, 0.0, 0.0, 0.0, 0.0, 0.0, 0.0, 0.0, 0.0, 0.0, 0.0, 0.0, 0.0, 0.0, 0.0, 0.0, 0.0, 0.0, 0.0, 0.0, 0.0, 0.0, 0.0, 0.0, 0.0, 0.0, 0.0, 0.0, 0.0, 0.0, 0.0, 0.0, 0.0, 0.0, 0.0, 0.0, 0.0, 0.0, 0.0, 0.0, 0.0, 0.0, 0.0, 0.0, 0.0, 0.0, 0.0, 0.0, 0.0, 0.0, 0.0, 0.0, 0.0, 0.0, 0.0, 0.0, 0.0, 0.0, 0.0, 0.0, 0.0, 0.0, 0.0, 0.0, 0.0, 0.0, 0.0, 0.0, 0.0, 0.0, 0.0, 0.0, 0.0, 0.0, 0.0, 0.0, 0.0, 0.0, 0.0, 0.0, 0.0, 0.0, 0.0, 0.0, 0.0, 0.0, 0.0, 0.0, 0.0, 0.0, 0.0, 0.0, 0.0, 0.0, 0.0, 0.0, 0.0, 0.0, 0.0, 0.0, 0.0, 0.0, 0.0, 0.0, 0.0, 0.0, 0.0, 0.0, 0.0, 0.0, 0.0, 0.0, 0.0, 0.0, 0.0, 0.0, 0.0, 0.0, 0.0, 0.0, 0.0, 0.0, 0.0, 0.0, 0.0, 0.0, 0.0, 0.0, 0.0, 0.0, 0.0, 0.0, 0.0, 0.0, 0.0, 0.0, 0.0, 0.0, 0.0, 0.0, 0.0, 0.0, 0.0, 0.0, 0.0, 0.0, 0.0, 0.0, 0.0, 0.0, 0.0, 0.0, 0.0, 0.0, 0.0, 0.0, 0.0, 0.0, 0.0, 0.0, 0.0, 0.0, 0.0, 0.0, 0.0, 0.0, 0.0, 0.0, 0.0, 0.0, 0.0, 0.0, 0.0, 0.0, 0.0, 0.0, 0.0, 0.0, 0.0, 0.0, 0.0, 0.0, 0.0, 0.0, 0.0, 0.0, 0.0, 0.0, 0.0, 0.0, 0.0, 0.0, 0.0, 0.0, 0.0, 0.0, 0.0, 0.0, 0.0, 0.0, 0.0, 0.0, 0.0, 0.0, 0.0, 0.0, 0.0, 0.0, 0.0, 0.0, 0.0, 0.0, 0.0, 0.0, 0.0, 0.0, 0.0, 0.0, 0.0, 0.0, 0.0, 0.0, 0.0, 0.0, 0.0, 0.0, 0.0]",COMPLETE
90,90,0.6939753449008772,2024-08-31 05:03:35.407737,2024-08-31 05:04:13.255275,0 days 00:00:37.847538,64,0.46689663833450995,6,30,0.035491068893622746,38,0.00012396275692678024,0.86,0.85875,33,"[33, 33, 33, 33, 33, 33, 33, 33, 33, 33, 33, 33, 33, 33, 33, 33, 33, 33, 33, 33, 33, 33, 33, 33, 33, 33, 33, 33, 33, 33]",32.93400167084378,"[32.92397660818713, 32.923141186299084, 32.93316624895572, 32.92940685045948, 32.9264828738513, 32.93776106934001, 32.93233082706767, 32.934419381787805, 32.93650793650794, 32.94026733500418, 32.94026733500418, 32.93776106934001, 32.9406850459482, 32.94193817878028, 32.939014202172096, 32.934837092731826, 32.931913116123646, 32.92898913951545, 32.930242272347535, 32.934837092731826, 32.9344193817878, 32.932330827067666, 32.93358395989975, 32.9406850459482, 32.92898913951546, 32.9264828738513, 32.928153717627396, 32.927736006683375, 32.93316624895572, 32.93400167084378]",0.7302239945838391,0.6939753449008772,33,"[33, 33, 33, 33, 33, 33, 33, 33, 33, 33, 33, 33, 33, 33, 33, 33, 33, 33, 33, 33, 33, 33, 33, 33, 33, 33, 33, 33, 33, 33]",30,"[0.49538078904151917, 0.43307197093963623, 0.41170015931129456, 0.40261685848236084, 0.3983791768550873, 0.39490586519241333, 0.3929239511489868, 0.39138442277908325, 0.3902430832386017, 0.38872402906417847, 0.3872029483318329, 0.3859342336654663, 0.38488417863845825, 0.38353291153907776, 0.38274163007736206, 0.3817662000656128, 0.38066792488098145, 0.3797401487827301, 0.3789568841457367, 0.37833666801452637, 0.37761011719703674, 0.37691670656204224, 0.3763004541397095, 0.3759464919567108, 0.37514224648475647, 0.3747739791870117, 0.3743363618850708, 0.3734377920627594, 0.37290140986442566, 0.3727034628391266]",33.0,"[33.0, 33.0, 33.0, 33.0, 33.0, 33.0, 33.0, 33.0, 33.0, 33.0, 33.0, 33.0, 33.0, 33.0, 33.0, 33.0, 33.0, 33.0, 33.0, 33.0, 33.0, 33.0, 33.0, 33.0, 33.0, 33.0, 33.0, 33.0, 33.0, 33.0]",COMPLETE
