,number,value,datetime_start,datetime_complete,duration,params_batch_size_scaler,params_constant_learning_rate,params_depth,params_epochs,params_kernel_l2,params_num_trees,params_temperature,user_attrs_accuracy_test,user_attrs_accuracy_valid,user_attrs_approximate_feature_sparsity,user_attrs_approximate_feature_sparsity_history,user_attrs_approximate_weight_sparsity,user_attrs_approximate_weight_sparsity_history,user_attrs_auc_test,user_attrs_auc_valid,user_attrs_feature_sparsity,user_attrs_feature_sparsity_history,user_attrs_num_epochs,user_attrs_val_loss_history,user_attrs_weight_sparsity,user_attrs_weight_sparsity_history,state
15,15,0.865311537916554,2024-08-31 01:19:19.528295,2024-08-31 01:20:51.291021,0 days 00:01:31.762726,4,0.057144867979386754,2,295,0.8129427593316353,75,0.034712540900372416,0.875,0.8725,5,"[33, 33, 33, 33, 33, 33, 33, 33, 33, 33, 33, 33, 33, 33, 33, 33, 33, 33, 33, 33, 33, 33, 33, 33, 33, 33, 33, 33, 33, 33, 33, 33, 33, 33, 33, 33, 30, 27, 25, 20, 18, 17, 15, 14, 14, 13, 11, 10, 10, 10, 10, 10, 9, 9, 8, 8, 7, 6, 6, 6, 6, 6, 6, 6, 6, 6, 6, 6, 6, 6, 6, 6, 6, 6, 6, 6, 6, 6, 6, 6, 6, 6, 6, 6, 6, 6, 6, 6, 6, 6, 6, 6, 6, 6, 6, 6, 6, 6, 6, 6, 6, 6, 6, 6, 6, 6, 6, 5, 5, 5, 5, 5, 5, 5, 5, 5, 5, 5, 5, 5, 5, 5, 5, 5, 5, 5, 5, 5, 5, 5, 5, 5, 5, 5, 5, 5, 5, 5, 5, 5, 5, 5, 5, 5, 5, 5, 5, 5, 5, 5, 5, 5, 5, 5, 5, 5, 5, 5, 5, 5, 5, 5, 5, 5, 5, 5, 5, 5, 5, 5, 5, 5, 5, 5, 5, 5, 5, 5, 5, 5, 5, 5, 5, 5, 5, 5, 5, 5, 5, 5, 5, 5, 5, 5, 5, 5, 5, 5, 5, 5, 5, 5, 5, 5, 5, 5, 5, 5, 5, 5, 5, 5, 5, 5, 5, 5, 5, 5, 5, 5, 5, 5, 5, 5, 5, 5, 5, 5, 5, 5, 5, 5, 5, 5, 5, 5, 5, 5, 5, 5, 5, 5, 5, 5, 5, 5, 5, 5, 5, 5, 5, 5, 5, 5, 5, 5, 5, 5, 5, 5, 5, 5, 5, 5, 5, 5, 5, 5, 5, 5, 5, 5, 5, 5, 5, 5, 5, 5, 5, 5, 5, 5, 5, 5, 5, 5, 5, 5, 5, 5, 5, 5, 5, 5, 5]",4.933333333333334,"[32.973333333333336, 32.973333333333336, 32.98222222222222, 32.964444444444446, 32.973333333333336, 32.98222222222222, 32.97777777777778, 32.973333333333336, 32.973333333333336, 32.97777777777778, 32.96888888888889, 32.98222222222222, 32.964444444444446, 32.955555555555556, 32.97777777777778, 32.955555555555556, 32.94222222222222, 32.955555555555556, 32.93333333333333, 32.93333333333334, 32.955555555555556, 32.955555555555556, 32.946666666666665, 32.964444444444446, 32.94222222222222, 32.95111111111111, 32.964444444444446, 32.96, 32.97333333333333, 32.98222222222222, 32.977777777777774, 32.955555555555556, 32.93777777777778, 32.96888888888889, 32.98222222222222, 32.955555555555556, 29.977777777777778, 26.99111111111111, 24.96, 19.96888888888889, 17.977777777777778, 16.986666666666668, 14.982222222222223, 13.973333333333333, 13.977777777777778, 12.995555555555555, 10.995555555555555, 9.986666666666666, 9.986666666666666, 9.986666666666666, 9.982222222222221, 9.96888888888889, 8.973333333333333, 8.982222222222221, 7.9911111111111115, 7.9688888888888885, 6.982222222222222, 5.973333333333333, 5.9911111111111115, 5.9911111111111115, 5.986666666666666, 5.986666666666666, 5.986666666666667, 5.986666666666667, 5.9911111111111115, 5.9911111111111115, 5.982222222222223, 5.9911111111111115, 5.982222222222222, 5.982222222222222, 5.986666666666666, 5.986666666666666, 5.986666666666666, 5.986666666666666, 5.982222222222222, 5.977777777777778, 5.986666666666666, 5.995555555555556, 5.9911111111111115, 5.9911111111111115, 5.995555555555556, 5.995555555555556, 6.0, 5.995555555555556, 5.995555555555556, 5.982222222222222, 5.9911111111111115, 5.995555555555556, 5.9911111111111115, 6.0, 5.986666666666666, 5.9911111111111115, 5.995555555555556, 5.9911111111111115, 5.9911111111111115, 5.973333333333334, 5.986666666666666, 5.986666666666666, 5.995555555555556, 5.9911111111111115, 5.9911111111111115, 5.995555555555556, 5.995555555555556, 5.9911111111111115, 5.995555555555556, 5.995555555555556, 5.9911111111111115, 4.9911111111111115, 5.0, 5.0, 4.995555555555556, 4.9911111111111115, 4.995555555555556, 4.986666666666666, 5.0, 4.995555555555556, 4.995555555555556, 4.995555555555556, 4.9911111111111115, 4.9911111111111115, 4.986666666666666, 5.0, 5.0, 5.0, 4.982222222222222, 4.986666666666666, 4.9911111111111115, 4.977777777777778, 4.9911111111111115, 4.9911111111111115, 4.968888888888889, 4.964444444444444, 4.977777777777778, 4.973333333333334, 4.982222222222222, 4.986666666666666, 4.986666666666666, 4.9911111111111115, 4.9911111111111115, 4.982222222222222, 4.982222222222222, 4.977777777777778, 4.968888888888889, 4.977777777777778, 4.986666666666666, 4.9911111111111115, 4.986666666666666, 4.9911111111111115, 4.995555555555556, 4.986666666666666, 4.986666666666666, 4.9911111111111115, 4.9911111111111115, 4.9911111111111115, 4.9911111111111115, 4.986666666666666, 4.982222222222222, 4.977777777777778, 4.986666666666666, 4.982222222222222, 4.986666666666666, 4.9911111111111115, 4.9911111111111115, 4.982222222222222, 4.977777777777778, 4.982222222222222, 4.982222222222222, 4.964444444444444, 4.96, 4.9688888888888885, 4.973333333333333, 4.964444444444444, 4.964444444444444, 4.982222222222222, 4.977777777777778, 4.977777777777778, 4.982222222222222, 4.973333333333333, 4.982222222222222, 4.982222222222222, 4.982222222222222, 4.9911111111111115, 4.982222222222222, 4.977777777777778, 4.982222222222222, 4.982222222222222, 4.973333333333333, 4.982222222222222, 4.982222222222222, 4.9911111111111115, 4.982222222222222, 4.982222222222222, 4.986666666666666, 4.982222222222222, 4.982222222222222, 4.982222222222222, 4.973333333333333, 4.973333333333333, 4.973333333333333, 4.977777777777778, 4.973333333333333, 4.982222222222222, 4.977777777777778, 4.982222222222222, 4.977777777777778, 4.982222222222222, 4.982222222222222, 4.977777777777778, 4.9911111111111115, 4.982222222222222, 4.986666666666666, 4.977777777777778, 4.986666666666666, 4.973333333333334, 4.968888888888889, 4.973333333333334, 4.977777777777778, 4.973333333333334, 4.973333333333333, 4.96, 4.964444444444444, 4.968888888888889, 4.9511111111111115, 4.968888888888889, 4.968888888888889, 4.955555555555556, 4.968888888888889, 4.96, 4.964444444444444, 4.96, 4.96, 4.96, 4.96, 4.964444444444444, 4.951111111111111, 4.96, 4.9511111111111115, 4.96, 4.955555555555556, 4.96, 4.96, 4.946666666666667, 4.9511111111111115, 4.955555555555556, 4.942222222222222, 4.951111111111111, 4.942222222222222, 4.9511111111111115, 4.955555555555556, 4.96, 4.96, 4.964444444444444, 4.955555555555556, 4.96, 4.96, 4.96, 4.96, 4.951111111111111, 4.937777777777778, 4.946666666666667, 4.955555555555556, 4.955555555555556, 4.942222222222222, 4.955555555555556, 4.96, 4.951111111111111, 4.96, 4.946666666666666, 4.96, 4.964444444444444, 4.96, 4.942222222222222, 4.946666666666666, 4.946666666666666, 4.937777777777778, 4.946666666666667, 4.924444444444444, 4.933333333333334, 4.9511111111111115, 4.946666666666667, 4.933333333333334, 4.933333333333334, 4.9511111111111115, 4.9511111111111115, 4.9511111111111115, 4.9511111111111115, 4.9511111111111115, 4.946666666666667, 4.942222222222222, 4.946666666666667, 4.946666666666666, 4.942222222222222, 4.937777777777778, 4.942222222222222, 4.933333333333334]",0.8442977567516244,0.865311537916554,5,"[33, 33, 33, 33, 33, 33, 33, 33, 33, 33, 33, 33, 33, 33, 33, 33, 33, 33, 33, 33, 33, 33, 33, 33, 33, 33, 33, 33, 33, 33, 33, 33, 33, 33, 33, 33, 30, 27, 25, 20, 18, 17, 15, 14, 14, 13, 11, 10, 10, 10, 10, 10, 9, 9, 8, 8, 7, 6, 6, 6, 6, 6, 6, 6, 6, 6, 6, 6, 6, 6, 6, 6, 6, 6, 6, 6, 6, 6, 6, 6, 6, 6, 6, 6, 6, 6, 6, 6, 6, 6, 6, 6, 6, 6, 6, 6, 6, 6, 6, 6, 6, 6, 6, 6, 6, 6, 6, 5, 5, 5, 5, 5, 5, 5, 5, 5, 5, 5, 5, 5, 5, 5, 5, 5, 5, 5, 5, 5, 5, 5, 5, 5, 5, 5, 5, 5, 5, 5, 5, 5, 5, 5, 5, 5, 5, 5, 5, 5, 5, 5, 5, 5, 5, 5, 5, 5, 5, 5, 5, 5, 5, 5, 5, 5, 5, 5, 5, 5, 5, 5, 5, 5, 5, 5, 5, 5, 5, 5, 5, 5, 5, 5, 5, 5, 5, 5, 5, 5, 5, 5, 5, 5, 5, 5, 5, 5, 5, 5, 5, 5, 5, 5, 5, 5, 5, 5, 5, 5, 5, 5, 5, 5, 5, 5, 5, 5, 5, 5, 5, 5, 5, 5, 5, 5, 5, 5, 5, 5, 5, 5, 5, 5, 5, 5, 5, 5, 5, 5, 5, 5, 5, 5, 5, 5, 5, 5, 5, 5, 5, 5, 5, 5, 5, 5, 5, 5, 5, 5, 5, 5, 5, 5, 5, 5, 5, 5, 5, 5, 5, 5, 5, 5, 5, 5, 5, 5, 5, 5, 5, 5, 5, 5, 5, 5, 5, 5, 5, 5, 5, 5, 5, 5, 5, 5, 5]",295,"[0.589976966381073, 0.5723643898963928, 0.5591915249824524, 0.5515315532684326, 0.5383644104003906, 0.5323708057403564, 0.5213362574577332, 0.5138673186302185, 0.5065770149230957, 0.4986976385116577, 0.49197009205818176, 0.4855446219444275, 0.4787816107273102, 0.4719580113887787, 0.466248482465744, 0.4611448645591736, 0.45567548274993896, 0.4501706659793854, 0.44693371653556824, 0.4404810965061188, 0.44610610604286194, 0.43541648983955383, 0.4289473593235016, 0.4234490990638733, 0.4196285307407379, 0.418796181678772, 0.414265900850296, 0.4112584590911865, 0.406046062707901, 0.40465644001960754, 0.3998628556728363, 0.39703863859176636, 0.3945343792438507, 0.39195361733436584, 0.38966628909111023, 0.38689473271369934, 0.3823781907558441, 0.37606188654899597, 0.3728310465812683, 0.36302459239959717, 0.35851678252220154, 0.35617151856422424, 0.3523704409599304, 0.35282233357429504, 0.3533559739589691, 0.3495675027370453, 0.34816494584083557, 0.35467422008514404, 0.3540842533111572, 0.35819801688194275, 0.35330402851104736, 0.3525747060775757, 0.3551476001739502, 0.3545271158218384, 0.3537854254245758, 0.35347166657447815, 0.3531077206134796, 0.35633209347724915, 0.3556990325450897, 0.3546909987926483, 0.35498344898223877, 0.35769882798194885, 0.35336625576019287, 0.35324788093566895, 0.3527568578720093, 0.3522190749645233, 0.3573484420776367, 0.3517356216907501, 0.35163208842277527, 0.35087260603904724, 0.3505840301513672, 0.35047799348831177, 0.3502720594406128, 0.35018080472946167, 0.34943687915802, 0.3528684675693512, 0.34922876954078674, 0.34895238280296326, 0.3492092192173004, 0.3486129343509674, 0.35054412484169006, 0.3502975404262543, 0.3473953604698181, 0.3470101058483124, 0.34820476174354553, 0.34705787897109985, 0.34693443775177, 0.35076823830604553, 0.34580016136169434, 0.3455792963504791, 0.34656116366386414, 0.3463769853115082, 0.3453434109687805, 0.3445800840854645, 0.34440603852272034, 0.34467175602912903, 0.34466448426246643, 0.34371569752693176, 0.3430948257446289, 0.3428157866001129, 0.3424592912197113, 0.3430379033088684, 0.34324023127555847, 0.34224873781204224, 0.34344714879989624, 0.3422584533691406, 0.3416287302970886, 0.3462613821029663, 0.3534206449985504, 0.34447959065437317, 0.34301090240478516, 0.3443915843963623, 0.3437676727771759, 0.34127989411354065, 0.3407011032104492, 0.3405781090259552, 0.3405561149120331, 0.3417525887489319, 0.339300274848938, 0.33838748931884766, 0.33835452795028687, 0.33779430389404297, 0.33763545751571655, 0.3374093770980835, 0.3368971645832062, 0.3370712995529175, 0.33629652857780457, 0.3359598219394684, 0.33776038885116577, 0.3357311189174652, 0.33777254819869995, 0.3342675268650055, 0.3339126706123352, 0.3336327373981476, 0.3336063325405121, 0.33310171961784363, 0.3332005441188812, 0.3323902189731598, 0.3322511911392212, 0.3321842551231384, 0.3322523236274719, 0.3321551978588104, 0.3312055170536041, 0.3321443200111389, 0.33086520433425903, 0.33119601011276245, 0.3304898738861084, 0.3296280801296234, 0.33128130435943604, 0.3293706774711609, 0.32984933257102966, 0.3291356563568115, 0.3279629945755005, 0.3290097415447235, 0.3282215893268585, 0.3271230459213257, 0.3337433934211731, 0.32694655656814575, 0.32859012484550476, 0.3267556130886078, 0.3264783024787903, 0.3259149491786957, 0.32670506834983826, 0.32581910490989685, 0.32492178678512573, 0.324876606464386, 0.3247636556625366, 0.3244657814502716, 0.3247017562389374, 0.3244509994983673, 0.32589951157569885, 0.32461461424827576, 0.3259020745754242, 0.3232511878013611, 0.32243460416793823, 0.3237883746623993, 0.322236031293869, 0.32193848490715027, 0.3222443461418152, 0.3225667476654053, 0.32251057028770447, 0.3212878704071045, 0.32159700989723206, 0.3204425573348999, 0.3202412724494934, 0.3240784704685211, 0.32157185673713684, 0.31972557306289673, 0.31984516978263855, 0.31917083263397217, 0.3201940655708313, 0.3187810778617859, 0.32082217931747437, 0.31843554973602295, 0.3226146996021271, 0.3184908628463745, 0.3182474672794342, 0.32109564542770386, 0.318308025598526, 0.3172942101955414, 0.3170672357082367, 0.3196909427642822, 0.32029205560684204, 0.3166065216064453, 0.31783920526504517, 0.31615495681762695, 0.3169337809085846, 0.31755003333091736, 0.3187035322189331, 0.31630489230155945, 0.3152666687965393, 0.3158542513847351, 0.3152395188808441, 0.3173102140426636, 0.31475093960762024, 0.31484419107437134, 0.3160393536090851, 0.3162311315536499, 0.3157784640789032, 0.315660297870636, 0.3136235177516937, 0.3139555752277374, 0.3138762414455414, 0.3135027587413788, 0.314734548330307, 0.3169149160385132, 0.31890231370925903, 0.31488481163978577, 0.31243008375167847, 0.31271976232528687, 0.3125619888305664, 0.3126547634601593, 0.31267061829566956, 0.31212592124938965, 0.31194451451301575, 0.3120679557323456, 0.3119710683822632, 0.3122810423374176, 0.3127601146697998, 0.313607394695282, 0.31102219223976135, 0.3119789958000183, 0.310847669839859, 0.31115487217903137, 0.31092795729637146, 0.31046006083488464, 0.3160244822502136, 0.3117454946041107, 0.30981066823005676, 0.31005680561065674, 0.3109457492828369, 0.31035345792770386, 0.3095839321613312, 0.3107298016548157, 0.30914241075515747, 0.3093281388282776, 0.30978941917419434, 0.309484601020813, 0.30997633934020996, 0.3115742802619934, 0.3084026277065277, 0.30847588181495667, 0.3093551695346832, 0.3080798089504242, 0.3139820396900177, 0.30870798230171204, 0.3088412582874298, 0.3103477656841278, 0.30984997749328613, 0.3083120882511139, 0.30865052342414856, 0.3083171546459198, 0.3086399734020233, 0.30705201625823975, 0.307453989982605, 0.3073092997074127, 0.30809202790260315, 0.30671265721321106, 0.3075498938560486, 0.3080688714981079, 0.3072410523891449, 0.3065951466560364, 0.3074624538421631, 0.30719149112701416, 0.30623194575309753, 0.3059910535812378, 0.3061677813529968, 0.3064967393875122, 0.3067103624343872, 0.3058309853076935, 0.30578720569610596, 0.30850785970687866, 0.3058297336101532, 0.30730167031288147, 0.30908510088920593]",5.0,"[33.0, 33.0, 33.0, 33.0, 33.0, 33.0, 33.0, 33.0, 33.0, 33.0, 33.0, 33.0, 33.0, 33.0, 33.0, 33.0, 33.0, 33.0, 33.0, 33.0, 33.0, 33.0, 33.0, 33.0, 33.0, 33.0, 33.0, 33.0, 33.0, 33.0, 33.0, 33.0, 33.0, 33.0, 33.0, 33.0, 30.0, 27.0, 25.0, 20.0, 18.0, 17.0, 15.0, 14.0, 14.0, 13.0, 11.0, 10.0, 10.0, 10.0, 10.0, 10.0, 9.0, 9.0, 8.0, 8.0, 7.0, 6.0, 6.0, 6.0, 6.0, 6.0, 6.0, 6.0, 6.0, 6.0, 6.0, 6.0, 6.0, 6.0, 6.0, 6.0, 6.0, 6.0, 6.0, 6.0, 6.0, 6.0, 6.0, 6.0, 6.0, 6.0, 6.0, 6.0, 6.0, 6.0, 6.0, 6.0, 6.0, 6.0, 6.0, 6.0, 6.0, 6.0, 6.0, 6.0, 6.0, 6.0, 6.0, 6.0, 6.0, 6.0, 6.0, 6.0, 6.0, 6.0, 6.0, 5.0, 5.0, 5.0, 5.0, 5.0, 5.0, 5.0, 5.0, 5.0, 5.0, 5.0, 5.0, 5.0, 5.0, 5.0, 5.0, 5.0, 5.0, 5.0, 5.0, 5.0, 5.0, 5.0, 5.0, 5.0, 5.0, 5.0, 5.0, 5.0, 5.0, 5.0, 5.0, 5.0, 5.0, 5.0, 5.0, 5.0, 5.0, 5.0, 5.0, 5.0, 5.0, 5.0, 5.0, 5.0, 5.0, 5.0, 5.0, 5.0, 5.0, 5.0, 5.0, 5.0, 5.0, 5.0, 5.0, 5.0, 5.0, 5.0, 5.0, 5.0, 5.0, 5.0, 5.0, 5.0, 5.0, 5.0, 5.0, 5.0, 5.0, 5.0, 5.0, 5.0, 5.0, 5.0, 5.0, 5.0, 5.0, 5.0, 5.0, 5.0, 5.0, 5.0, 5.0, 5.0, 5.0, 5.0, 5.0, 5.0, 5.0, 5.0, 5.0, 5.0, 5.0, 5.0, 5.0, 5.0, 5.0, 5.0, 5.0, 5.0, 5.0, 5.0, 5.0, 5.0, 5.0, 5.0, 5.0, 5.0, 5.0, 5.0, 5.0, 5.0, 5.0, 5.0, 5.0, 5.0, 5.0, 5.0, 5.0, 5.0, 5.0, 5.0, 5.0, 5.0, 5.0, 5.0, 5.0, 5.0, 5.0, 5.0, 5.0, 5.0, 5.0, 5.0, 5.0, 5.0, 5.0, 5.0, 5.0, 5.0, 5.0, 5.0, 5.0, 5.0, 5.0, 5.0, 5.0, 5.0, 5.0, 5.0, 5.0, 5.0, 5.0, 5.0, 5.0, 5.0, 5.0, 5.0, 5.0, 5.0, 5.0, 5.0, 5.0, 5.0, 5.0, 5.0, 5.0, 5.0, 5.0, 5.0, 5.0, 5.0, 5.0, 5.0, 5.0, 5.0, 5.0, 5.0, 5.0, 5.0, 5.0, 5.0, 5.0, 5.0, 5.0, 5.0, 5.0]",COMPLETE
