,number,value,datetime_start,datetime_complete,duration,params_batch_size_scaler,params_constant_learning_rate,params_depth,params_epochs,params_kernel_l2,params_num_trees,params_temperature,user_attrs_accuracy_test,user_attrs_accuracy_valid,user_attrs_approximate_feature_sparsity,user_attrs_approximate_feature_sparsity_history,user_attrs_approximate_weight_sparsity,user_attrs_approximate_weight_sparsity_history,user_attrs_auc_test,user_attrs_auc_valid,user_attrs_feature_sparsity,user_attrs_feature_sparsity_history,user_attrs_num_epochs,user_attrs_val_loss_history,user_attrs_weight_sparsity,user_attrs_weight_sparsity_history,state
26,26,0.5,2024-08-31 01:34:49.129730,2024-08-31 01:36:56.085259,0 days 00:02:06.955529,4,3.9213742272473073,5,230,0.01400581082540079,33,0.0017077883624164543,0.859,0.85875,0,"[25, 5, 4, 4, 2, 2, 2, 2, 2, 1, 1, 1, 1, 1, 1, 1, 0, 0, 0, 0, 0, 0, 0, 0, 0, 0, 0, 0, 0, 0, 0, 0, 0, 0, 0, 0, 0, 0, 0, 0, 0, 0, 0, 0, 0, 0, 0, 0, 0, 0, 0, 0, 0, 0, 0, 0, 0, 0, 0, 0, 0, 0, 0, 0, 0, 0, 0, 0, 0, 0, 0, 0, 0, 0, 0, 0, 0, 0, 0, 0, 0, 0, 0, 0, 0, 0, 0, 0, 0, 0, 0, 0, 0, 0, 0, 0, 0, 0, 0, 0, 0, 0, 0, 0, 0, 0, 0, 0, 0, 0, 0, 0, 0, 0, 0, 0, 0, 0, 0, 0, 0, 0, 0, 0, 0, 0, 0, 0, 0, 0, 0, 0, 0, 0, 0, 0, 0, 0, 0, 0, 0, 0, 0, 0, 0, 0, 0, 0, 0, 0, 0, 0, 0, 0, 0, 0, 0, 0, 0, 0, 0, 0, 0, 0, 0, 0, 0, 0, 0, 0, 0, 0, 0, 0, 0, 0, 0, 0, 0, 0, 0, 0, 0, 0, 0, 0, 0, 0, 0, 0, 0, 0, 0, 0, 0, 0, 0, 0, 0, 0, 0, 0, 0, 0, 0, 0, 0, 0, 0, 0, 0, 0, 0, 0, 0, 0, 0, 0, 0, 0, 0, 0, 0, 0, 0, 0, 0, 0, 0, 0]",0.0,"[24.977517106549364, 4.999022482893451, 3.9960899315738025, 3.9960899315738025, 1.9990224828934506, 2.0, 1.9990224828934506, 1.9980449657869013, 1.9980449657869013, 1.0, 0.9990224828934506, 1.0, 0.9980449657869013, 0.9990224828934506, 1.0, 1.0, 0.0, 0.0, 0.0, 0.0, 0.0, 0.0, 0.0, 0.0, 0.0, 0.0, 0.0, 0.0, 0.0, 0.0, 0.0, 0.0, 0.0, 0.0, 0.0, 0.0, 0.0, 0.0, 0.0, 0.0, 0.0, 0.0, 0.0, 0.0, 0.0, 0.0, 0.0, 0.0, 0.0, 0.0, 0.0, 0.0, 0.0, 0.0, 0.0, 0.0, 0.0, 0.0, 0.0, 0.0, 0.0, 0.0, 0.0, 0.0, 0.0, 0.0, 0.0, 0.0, 0.0, 0.0, 0.0, 0.0, 0.0, 0.0, 0.0, 0.0, 0.0, 0.0, 0.0, 0.0, 0.0, 0.0, 0.0, 0.0, 0.0, 0.0, 0.0, 0.0, 0.0, 0.0, 0.0, 0.0, 0.0, 0.0, 0.0, 0.0, 0.0, 0.0, 0.0, 0.0, 0.0, 0.0, 0.0, 0.0, 0.0, 0.0, 0.0, 0.0, 0.0, 0.0, 0.0, 0.0, 0.0, 0.0, 0.0, 0.0, 0.0, 0.0, 0.0, 0.0, 0.0, 0.0, 0.0, 0.0, 0.0, 0.0, 0.0, 0.0, 0.0, 0.0, 0.0, 0.0, 0.0, 0.0, 0.0, 0.0, 0.0, 0.0, 0.0, 0.0, 0.0, 0.0, 0.0, 0.0, 0.0, 0.0, 0.0, 0.0, 0.0, 0.0, 0.0, 0.0, 0.0, 0.0, 0.0, 0.0, 0.0, 0.0, 0.0, 0.0, 0.0, 0.0, 0.0, 0.0, 0.0, 0.0, 0.0, 0.0, 0.0, 0.0, 0.0, 0.0, 0.0, 0.0, 0.0, 0.0, 0.0, 0.0, 0.0, 0.0, 0.0, 0.0, 0.0, 0.0, 0.0, 0.0, 0.0, 0.0, 0.0, 0.0, 0.0, 0.0, 0.0, 0.0, 0.0, 0.0, 0.0, 0.0, 0.0, 0.0, 0.0, 0.0, 0.0, 0.0, 0.0, 0.0, 0.0, 0.0, 0.0, 0.0, 0.0, 0.0, 0.0, 0.0, 0.0, 0.0, 0.0, 0.0, 0.0, 0.0, 0.0, 0.0, 0.0, 0.0, 0.0, 0.0, 0.0, 0.0, 0.0, 0.0]",0.5,0.5,0,"[25, 5, 4, 4, 2, 2, 2, 2, 2, 1, 1, 1, 1, 1, 1, 1, 0, 0, 0, 0, 0, 0, 0, 0, 0, 0, 0, 0, 0, 0, 0, 0, 0, 0, 0, 0, 0, 0, 0, 0, 0, 0, 0, 0, 0, 0, 0, 0, 0, 0, 0, 0, 0, 0, 0, 0, 0, 0, 0, 0, 0, 0, 0, 0, 0, 0, 0, 0, 0, 0, 0, 0, 0, 0, 0, 0, 0, 0, 0, 0, 0, 0, 0, 0, 0, 0, 0, 0, 0, 0, 0, 0, 0, 0, 0, 0, 0, 0, 0, 0, 0, 0, 0, 0, 0, 0, 0, 0, 0, 0, 0, 0, 0, 0, 0, 0, 0, 0, 0, 0, 0, 0, 0, 0, 0, 0, 0, 0, 0, 0, 0, 0, 0, 0, 0, 0, 0, 0, 0, 0, 0, 0, 0, 0, 0, 0, 0, 0, 0, 0, 0, 0, 0, 0, 0, 0, 0, 0, 0, 0, 0, 0, 0, 0, 0, 0, 0, 0, 0, 0, 0, 0, 0, 0, 0, 0, 0, 0, 0, 0, 0, 0, 0, 0, 0, 0, 0, 0, 0, 0, 0, 0, 0, 0, 0, 0, 0, 0, 0, 0, 0, 0, 0, 0, 0, 0, 0, 0, 0, 0, 0, 0, 0, 0, 0, 0, 0, 0, 0, 0, 0, 0, 0, 0, 0, 0, 0, 0, 0, 0]",230,"[0.3448900878429413, 0.34780287742614746, 0.33389490842819214, 0.3159976601600647, 0.3693532943725586, 0.4066624045372009, 0.3753383159637451, 0.3766610622406006, 0.3804396390914917, 0.44872185587882996, 0.39188438653945923, 0.39156222343444824, 0.41100382804870605, 0.39896273612976074, 0.41273602843284607, 0.41339120268821716, 0.40964654088020325, 0.42513683438301086, 0.43500858545303345, 0.4083915650844574, 0.417684942483902, 0.5006886720657349, 0.41204512119293213, 0.411607027053833, 0.40724360942840576, 0.4167713224887848, 0.41301029920578003, 0.4325222373008728, 0.4239917993545532, 0.47091254591941833, 0.4185756742954254, 0.40771400928497314, 0.41157829761505127, 0.41204124689102173, 0.410399854183197, 0.41054752469062805, 0.40910840034484863, 0.4435267150402069, 0.41778892278671265, 0.40840476751327515, 0.4165649116039276, 0.40835490822792053, 0.41720131039619446, 0.40722739696502686, 0.418000191450119, 0.4114767014980316, 0.40724071860313416, 0.41708317399024963, 0.426558256149292, 0.41984596848487854, 0.41176900267601013, 0.4078310430049896, 0.407230019569397, 0.4379046559333801, 0.4110674560070038, 0.4116477072238922, 0.4162096381187439, 0.4167247414588928, 0.4182308316230774, 0.4311527907848358, 0.40776869654655457, 0.4138878881931305, 0.4072323739528656, 0.42385292053222656, 0.4257352352142334, 0.4250035881996155, 0.40862327814102173, 0.4072304666042328, 0.4114028811454773, 0.41970470547676086, 0.4072309136390686, 0.4165111780166626, 0.4174046218395233, 0.40848010778427124, 0.4259234666824341, 0.4227864742279053, 0.4208954870700836, 0.410530686378479, 0.41690635681152344, 0.4082174599170685, 0.4074637293815613, 0.40859001874923706, 0.40880969166755676, 0.4130392372608185, 0.40822264552116394, 0.40840765833854675, 0.4072361886501312, 0.40749263763427734, 0.4119669795036316, 0.44111624360084534, 0.4081769287586212, 0.4072657823562622, 0.407230406999588, 0.40831413865089417, 0.4120958745479584, 0.4072277545928955, 0.40724849700927734, 0.41129252314567566, 0.41141143441200256, 0.4107609987258911, 0.41613665223121643, 0.4123762547969818, 0.4087437391281128, 0.4424939453601837, 0.40725812315940857, 0.40811288356781006, 0.425140917301178, 0.4163682460784912, 0.4203964173793793, 0.411387175321579, 0.40819263458251953, 0.4119374454021454, 0.40798431634902954, 0.4083370566368103, 0.43980738520622253, 0.40795207023620605, 0.4083024859428406, 0.40723252296447754, 0.4077983796596527, 0.40838080644607544, 0.46761077642440796, 0.41698676347732544, 0.4296480119228363, 0.40723612904548645, 0.42156338691711426, 0.41105106472969055, 0.41267868876457214, 0.4076891839504242, 0.4364863634109497, 0.40725186467170715, 0.4206860661506653, 0.45664650201797485, 0.4381923973560333, 0.4112192988395691, 0.41582244634628296, 0.4072532653808594, 0.4213883876800537, 0.4321901798248291, 0.4167046844959259, 0.40731140971183777, 0.4086397886276245, 0.4096730053424835, 0.4309369623661041, 0.41695255041122437, 0.43573513627052307, 0.4113822281360626, 0.40829184651374817, 0.4218660593032837, 0.4072340130805969, 0.4083375632762909, 0.40976521372795105, 0.4116643965244293, 0.40839684009552, 0.4158734083175659, 0.4549587666988373, 0.4302468001842499, 0.4086974263191223, 0.4077697992324829, 0.4159778952598572, 0.4440525472164154, 0.43393394351005554, 0.4120040833950043, 0.40785709023475647, 0.43072596192359924, 0.40725821256637573, 0.41335418820381165, 0.41002219915390015, 0.4082862436771393, 0.42679598927497864, 0.43123817443847656, 0.4092942476272583, 0.4113546311855316, 0.41425830125808716, 0.436079204082489, 0.4072277843952179, 0.40836673974990845, 0.4082868993282318, 0.42955443263053894, 0.41529330611228943, 0.4072760343551636, 0.4243820309638977, 0.4112389087677002, 0.41133347153663635, 0.4221031069755554, 0.40722790360450745, 0.42646050453186035, 0.4160100817680359, 0.40722817182540894, 0.41371431946754456, 0.4072529077529907, 0.43815556168556213, 0.4086015224456787, 0.4103168845176697, 0.4113115966320038, 0.40808209776878357, 0.41661912202835083, 0.4086730182170868, 0.4072752892971039, 0.4112478196620941, 0.40742337703704834, 0.4097265601158142, 0.4080144762992859, 0.4167959690093994, 0.41561049222946167, 0.41427260637283325, 0.4113541841506958, 0.4110633432865143, 0.41131269931793213, 0.41177332401275635, 0.4246600270271301, 0.4167415201663971, 0.4167736768722534, 0.40723147988319397, 0.4080786108970642, 0.4081141948699951, 0.4119296371936798, 0.41011691093444824, 0.41296130418777466, 0.40817633271217346, 0.4209110736846924, 0.4081752300262451, 0.4075791835784912, 0.4072278141975403, 0.43899765610694885, 0.414030522108078, 0.4080747663974762, 0.410385400056839, 0.4072287380695343, 0.4230087697505951, 0.4148930311203003]",0.0,"[25.0, 5.0, 4.0, 4.0, 2.0, 2.0, 2.0, 2.0, 2.0, 1.0, 1.0, 1.0, 1.0, 1.0, 1.0, 1.0, 0.0, 0.0, 0.0, 0.0, 0.0, 0.0, 0.0, 0.0, 0.0, 0.0, 0.0, 0.0, 0.0, 0.0, 0.0, 0.0, 0.0, 0.0, 0.0, 0.0, 0.0, 0.0, 0.0, 0.0, 0.0, 0.0, 0.0, 0.0, 0.0, 0.0, 0.0, 0.0, 0.0, 0.0, 0.0, 0.0, 0.0, 0.0, 0.0, 0.0, 0.0, 0.0, 0.0, 0.0, 0.0, 0.0, 0.0, 0.0, 0.0, 0.0, 0.0, 0.0, 0.0, 0.0, 0.0, 0.0, 0.0, 0.0, 0.0, 0.0, 0.0, 0.0, 0.0, 0.0, 0.0, 0.0, 0.0, 0.0, 0.0, 0.0, 0.0, 0.0, 0.0, 0.0, 0.0, 0.0, 0.0, 0.0, 0.0, 0.0, 0.0, 0.0, 0.0, 0.0, 0.0, 0.0, 0.0, 0.0, 0.0, 0.0, 0.0, 0.0, 0.0, 0.0, 0.0, 0.0, 0.0, 0.0, 0.0, 0.0, 0.0, 0.0, 0.0, 0.0, 0.0, 0.0, 0.0, 0.0, 0.0, 0.0, 0.0, 0.0, 0.0, 0.0, 0.0, 0.0, 0.0, 0.0, 0.0, 0.0, 0.0, 0.0, 0.0, 0.0, 0.0, 0.0, 0.0, 0.0, 0.0, 0.0, 0.0, 0.0, 0.0, 0.0, 0.0, 0.0, 0.0, 0.0, 0.0, 0.0, 0.0, 0.0, 0.0, 0.0, 0.0, 0.0, 0.0, 0.0, 0.0, 0.0, 0.0, 0.0, 0.0, 0.0, 0.0, 0.0, 0.0, 0.0, 0.0, 0.0, 0.0, 0.0, 0.0, 0.0, 0.0, 0.0, 0.0, 0.0, 0.0, 0.0, 0.0, 0.0, 0.0, 0.0, 0.0, 0.0, 0.0, 0.0, 0.0, 0.0, 0.0, 0.0, 0.0, 0.0, 0.0, 0.0, 0.0, 0.0, 0.0, 0.0, 0.0, 0.0, 0.0, 0.0, 0.0, 0.0, 0.0, 0.0, 0.0, 0.0, 0.0, 0.0, 0.0, 0.0, 0.0, 0.0, 0.0, 0.0, 0.0, 0.0, 0.0, 0.0, 0.0, 0.0]",COMPLETE
27,27,0.5684584766394868,2024-08-31 01:36:57.342996,2024-08-31 01:37:19.412345,0 days 00:00:22.069349,16,8.3446136469922,2,215,0.0107161484030332,68,0.024712484610913372,0.859,0.85875,9,"[10, 9, 9, 9, 9, 9, 9, 9, 9, 9, 9, 9, 9, 9, 9, 9, 9, 9, 9, 9, 9, 9, 9, 9, 9, 9, 9, 9, 9, 9, 9, 9, 9, 9, 9, 9, 9, 9, 9, 9, 9, 9, 9, 9, 9, 9, 9, 9, 9, 9, 9, 9, 9, 9, 9, 9, 9, 9, 9, 9, 9, 9, 9, 9, 9, 9, 9, 9, 9, 9, 9, 9, 9, 9, 9, 9, 9, 9, 9, 9, 9, 9, 9, 9, 9, 9, 9, 9, 9, 9, 9, 9, 9, 9, 9, 9, 9, 9, 9, 9, 9, 9, 9, 9, 9, 9, 9, 9, 9, 9, 9, 9, 9, 9, 9, 9, 9, 9, 9, 9, 9, 9, 9, 9, 9, 9, 9, 9, 9, 9, 9, 9, 9, 9, 9, 9, 9, 9, 9, 9, 9, 9, 9, 9, 9, 9, 9, 9, 9, 9, 9, 9, 9, 9, 9, 9, 9, 9, 9, 9, 9, 9, 9, 9, 9, 9, 9, 9, 9, 9, 9, 9, 9, 9, 9, 9, 9, 9, 9, 9, 9, 9, 9, 9, 9, 9, 9, 9, 9, 9, 9, 9, 9, 9, 9, 9, 9, 9, 9, 9, 9, 9, 9, 9, 9, 9, 9, 9, 9, 9, 9, 9, 9, 9, 9]",9.0,"[9.995098039215687, 9.0, 9.0, 9.0, 9.0, 9.0, 9.0, 9.0, 9.0, 9.0, 8.995098039215687, 9.0, 9.0, 9.0, 9.0, 9.0, 9.0, 9.0, 9.0, 9.0, 9.0, 9.0, 9.0, 9.0, 9.0, 9.0, 9.0, 9.0, 9.0, 9.0, 9.0, 9.0, 8.995098039215687, 9.0, 9.0, 8.995098039215687, 9.0, 9.0, 9.0, 9.0, 9.0, 9.0, 9.0, 9.0, 9.0, 9.0, 9.0, 9.0, 9.0, 9.0, 9.0, 9.0, 9.0, 9.0, 9.0, 9.0, 9.0, 9.0, 9.0, 9.0, 9.0, 9.0, 9.0, 9.0, 9.0, 9.0, 9.0, 9.0, 9.0, 9.0, 8.995098039215687, 9.0, 9.0, 8.995098039215687, 9.0, 8.995098039215687, 9.0, 9.0, 9.0, 9.0, 9.0, 9.0, 9.0, 9.0, 9.0, 9.0, 9.0, 9.0, 9.0, 9.0, 9.0, 9.0, 9.0, 9.0, 9.0, 8.995098039215687, 9.0, 8.995098039215687, 9.0, 9.0, 9.0, 9.0, 9.0, 9.0, 9.0, 9.0, 9.0, 9.0, 9.0, 9.0, 9.0, 9.0, 9.0, 9.0, 9.0, 9.0, 8.995098039215687, 9.0, 9.0, 8.990196078431373, 9.0, 9.0, 9.0, 9.0, 9.0, 8.995098039215687, 9.0, 9.0, 9.0, 9.0, 8.995098039215687, 9.0, 9.0, 9.0, 9.0, 8.995098039215687, 8.995098039215687, 9.0, 8.995098039215687, 8.995098039215687, 8.995098039215687, 8.995098039215687, 9.0, 9.0, 9.0, 8.995098039215687, 9.0, 9.0, 9.0, 9.0, 9.0, 9.0, 9.0, 9.0, 9.0, 8.990196078431373, 8.995098039215687, 9.0, 9.0, 9.0, 9.0, 9.0, 9.0, 9.0, 8.995098039215687, 9.0, 9.0, 9.0, 9.0, 9.0, 9.0, 9.0, 9.0, 9.0, 9.0, 9.0, 9.0, 9.0, 9.0, 9.0, 9.0, 9.0, 9.0, 9.0, 9.0, 9.0, 9.0, 9.0, 9.0, 9.0, 8.995098039215687, 9.0, 9.0, 9.0, 9.0, 9.0, 9.0, 9.0, 9.0, 9.0, 8.995098039215687, 8.995098039215687, 9.0, 9.0, 9.0, 9.0, 9.0, 9.0, 9.0, 9.0, 8.995098039215687, 9.0, 9.0, 9.0, 9.0]",0.5670456328074043,0.5684584766394868,9,"[10, 9, 9, 9, 9, 9, 9, 9, 9, 9, 9, 9, 9, 9, 9, 9, 9, 9, 9, 9, 9, 9, 9, 9, 9, 9, 9, 9, 9, 9, 9, 9, 9, 9, 9, 9, 9, 9, 9, 9, 9, 9, 9, 9, 9, 9, 9, 9, 9, 9, 9, 9, 9, 9, 9, 9, 9, 9, 9, 9, 9, 9, 9, 9, 9, 9, 9, 9, 9, 9, 9, 9, 9, 9, 9, 9, 9, 9, 9, 9, 9, 9, 9, 9, 9, 9, 9, 9, 9, 9, 9, 9, 9, 9, 9, 9, 9, 9, 9, 9, 9, 9, 9, 9, 9, 9, 9, 9, 9, 9, 9, 9, 9, 9, 9, 9, 9, 9, 9, 9, 9, 9, 9, 9, 9, 9, 9, 9, 9, 9, 9, 9, 9, 9, 9, 9, 9, 9, 9, 9, 9, 9, 9, 9, 9, 9, 9, 9, 9, 9, 9, 9, 9, 9, 9, 9, 9, 9, 9, 9, 9, 9, 9, 9, 9, 9, 9, 9, 9, 9, 9, 9, 9, 9, 9, 9, 9, 9, 9, 9, 9, 9, 9, 9, 9, 9, 9, 9, 9, 9, 9, 9, 9, 9, 9, 9, 9, 9, 9, 9, 9, 9, 9, 9, 9, 9, 9, 9, 9, 9, 9, 9, 9, 9, 9]",215,"[21.820249557495117, 98.37635803222656, 13.442198753356934, 54.174007415771484, 36.118309020996094, 75.32684326171875, 20.501741409301758, 31.159069061279297, 83.07026672363281, 25.651443481445312, 9.697476387023926, 80.2724609375, 60.180965423583984, 51.50126647949219, 29.765878677368164, 56.99357604980469, 103.73919677734375, 85.21575927734375, 67.15398406982422, 56.937522888183594, 27.744855880737305, 80.99513244628906, 59.13933181762695, 8.593668937683105, 94.37483215332031, 87.38365936279297, 41.40056610107422, 22.295146942138672, 56.942691802978516, 42.75554656982422, 22.144489288330078, 5.5897321701049805, 8.103470802307129, 94.0263671875, 71.92589569091797, 13.112876892089844, 25.404926300048828, 71.30564880371094, 37.840335845947266, 23.33279037475586, 32.07762145996094, 10.932611465454102, 73.6048355102539, 52.844696044921875, 15.770496368408203, 13.526439666748047, 27.38556480407715, 69.05460357666016, 53.1031379699707, 43.8353271484375, 35.92643737792969, 65.33899688720703, 4.608960151672363, 12.970107078552246, 43.792144775390625, 6.948298454284668, 9.016118049621582, 10.186511993408203, 8.061768531799316, 12.016871452331543, 7.656743049621582, 6.4966816902160645, 5.31497049331665, 30.610668182373047, 10.774947166442871, 18.224119186401367, 24.858081817626953, 6.481018543243408, 58.0440559387207, 5.308894157409668, 6.5759806632995605, 14.151894569396973, 25.559507369995117, 47.2329216003418, 39.77947235107422, 20.257295608520508, 16.283283233642578, 5.1657514572143555, 12.331888198852539, 5.093143463134766, 21.349872589111328, 9.654422760009766, 12.148632049560547, 13.361014366149902, 5.711267471313477, 36.165771484375, 11.058258056640625, 60.187904357910156, 45.53492736816406, 21.702234268188477, 13.028916358947754, 6.399784564971924, 9.309067726135254, 32.068634033203125, 5.6291399002075195, 37.90514373779297, 8.379929542541504, 11.112290382385254, 7.1899189949035645, 4.792758464813232, 23.411266326904297, 14.843986511230469, 8.002265930175781, 32.56606674194336, 22.7064208984375, 25.634225845336914, 4.5866289138793945, 18.705698013305664, 20.81170654296875, 8.734643936157227, 27.522565841674805, 6.765138626098633, 20.363821029663086, 19.02361297607422, 46.607749938964844, 5.109632968902588, 14.498371124267578, 5.932766914367676, 19.454992294311523, 5.963013172149658, 34.27056884765625, 5.554471969604492, 9.766490936279297, 34.64155578613281, 21.62131118774414, 6.590096950531006, 7.2182769775390625, 34.91897201538086, 5.698538780212402, 6.515092372894287, 8.14229965209961, 5.280393600463867, 11.303417205810547, 11.953988075256348, 6.413653373718262, 5.592470645904541, 10.682506561279297, 15.741188049316406, 9.180049896240234, 5.258405685424805, 17.180034637451172, 13.349847793579102, 25.130495071411133, 13.699275016784668, 8.959870338439941, 26.260879516601562, 10.979974746704102, 22.740812301635742, 7.582963943481445, 47.8069953918457, 38.41402816772461, 26.796724319458008, 21.655431747436523, 6.145771503448486, 6.618969917297363, 13.396293640136719, 19.771156311035156, 19.206989288330078, 5.924750328063965, 8.717848777770996, 27.967409133911133, 11.964899063110352, 15.004140853881836, 26.095012664794922, 15.914451599121094, 12.18400764465332, 18.280637741088867, 36.37299728393555, 14.796439170837402, 8.600452423095703, 8.418034553527832, 10.160722732543945, 43.942501068115234, 16.81035614013672, 23.673616409301758, 8.886015892028809, 11.59009075164795, 31.25479507446289, 11.212677001953125, 7.7599663734436035, 13.909958839416504, 5.106564044952393, 4.796566963195801, 5.8366007804870605, 31.88650894165039, 5.6542067527771, 33.563438415527344, 26.153486251831055, 4.947874069213867, 4.958219528198242, 41.11272430419922, 7.328004360198975, 58.369075775146484, 16.196823120117188, 17.347522735595703, 17.661842346191406, 31.14584732055664, 10.744756698608398, 7.876375675201416, 36.72385025024414, 37.38697052001953, 4.762625217437744, 42.31624984741211, 14.344991683959961, 5.460874557495117, 8.534475326538086, 18.99951934814453, 17.87432289123535, 18.83519172668457, 5.518853664398193, 7.223557949066162, 5.1402082443237305, 36.55056381225586, 13.149120330810547, 19.411624908447266]",9.0,"[10.0, 9.0, 9.0, 9.0, 9.0, 9.0, 9.0, 9.0, 9.0, 9.0, 9.0, 9.0, 9.0, 9.0, 9.0, 9.0, 9.0, 9.0, 9.0, 9.0, 9.0, 9.0, 9.0, 9.0, 9.0, 9.0, 9.0, 9.0, 9.0, 9.0, 9.0, 9.0, 9.0, 9.0, 9.0, 9.0, 9.0, 9.0, 9.0, 9.0, 9.0, 9.0, 9.0, 9.0, 9.0, 9.0, 9.0, 9.0, 9.0, 9.0, 9.0, 9.0, 9.0, 9.0, 9.0, 9.0, 9.0, 9.0, 9.0, 9.0, 9.0, 9.0, 9.0, 9.0, 9.0, 9.0, 9.0, 9.0, 9.0, 9.0, 9.0, 9.0, 9.0, 9.0, 9.0, 9.0, 9.0, 9.0, 9.0, 9.0, 9.0, 9.0, 9.0, 9.0, 9.0, 9.0, 9.0, 9.0, 9.0, 9.0, 9.0, 9.0, 9.0, 9.0, 9.0, 9.0, 9.0, 9.0, 9.0, 9.0, 9.0, 9.0, 9.0, 9.0, 9.0, 9.0, 9.0, 9.0, 9.0, 9.0, 9.0, 9.0, 9.0, 9.0, 9.0, 9.0, 9.0, 9.0, 9.0, 9.0, 9.0, 9.0, 9.0, 9.0, 9.0, 9.0, 9.0, 9.0, 9.0, 9.0, 9.0, 9.0, 9.0, 9.0, 9.0, 9.0, 9.0, 9.0, 9.0, 9.0, 9.0, 9.0, 9.0, 9.0, 9.0, 9.0, 9.0, 9.0, 9.0, 9.0, 9.0, 9.0, 9.0, 9.0, 9.0, 9.0, 9.0, 9.0, 9.0, 9.0, 9.0, 9.0, 9.0, 9.0, 9.0, 9.0, 9.0, 9.0, 9.0, 9.0, 9.0, 9.0, 9.0, 9.0, 9.0, 9.0, 9.0, 9.0, 9.0, 9.0, 9.0, 9.0, 9.0, 9.0, 9.0, 9.0, 9.0, 9.0, 9.0, 9.0, 9.0, 9.0, 9.0, 9.0, 9.0, 9.0, 9.0, 9.0, 9.0, 9.0, 9.0, 9.0, 9.0, 9.0, 9.0, 9.0, 9.0, 9.0, 9.0, 9.0, 9.0, 9.0, 9.0, 9.0, 9.0]",COMPLETE
