,number,value,datetime_start,datetime_complete,duration,params_batch_size_scaler,params_constant_learning_rate,params_depth,params_epochs,params_kernel_l2,params_num_trees,params_temperature,user_attrs_accuracy_test,user_attrs_accuracy_valid,user_attrs_approximate_feature_sparsity,user_attrs_approximate_feature_sparsity_history,user_attrs_approximate_weight_sparsity,user_attrs_approximate_weight_sparsity_history,user_attrs_auc_test,user_attrs_auc_valid,user_attrs_feature_sparsity,user_attrs_feature_sparsity_history,user_attrs_num_epochs,user_attrs_val_loss_history,user_attrs_weight_sparsity,user_attrs_weight_sparsity_history,state
65,65,0.5650899769422009,2024-08-31 03:45:46.631291,2024-08-31 03:45:59.466648,0 days 00:00:12.835357,16,9.059963982051256,4,25,0.22979938864738866,18,0.0003705252794179591,0.84,0.85625,1,"[33, 33, 15, 11, 8, 8, 8, 8, 8, 6, 6, 6, 6, 6, 6, 5, 4, 4, 2, 2, 2, 1, 1, 1, 1]",1.0,"[32.970370370370375, 32.95185185185185, 14.992592592592594, 10.988888888888889, 8.0, 8.0, 7.996296296296297, 7.992592592592592, 7.992592592592594, 5.992592592592593, 5.974074074074075, 5.988888888888889, 5.992592592592593, 5.992592592592593, 5.988888888888889, 4.985185185185186, 3.992592592592593, 3.9962962962962965, 1.9962962962962965, 1.9925925925925927, 1.9925925925925927, 1.0, 1.0, 1.0, 1.0]",0.5511851980283853,0.5650899769422009,1,"[33, 33, 15, 11, 8, 8, 8, 8, 8, 6, 6, 6, 6, 6, 6, 5, 4, 4, 2, 2, 2, 1, 1, 1, 1]",25,"[0.4501238167285919, 0.47100308537483215, 0.39117053151130676, 0.3312448561191559, 0.3062710464000702, 0.30432453751564026, 0.4139099419116974, 0.32812273502349854, 0.2832648456096649, 0.30591389536857605, 0.3792099356651306, 0.4418282210826874, 0.6503549218177795, 0.536979079246521, 0.31178921461105347, 0.5340868234634399, 0.3686264753341675, 0.3404536545276642, 0.5175982117652893, 0.6699674129486084, 0.42278987169265747, 0.41911447048187256, 0.46950575709342957, 0.4017041325569153, 0.429646372795105]",1.0,"[33.0, 33.0, 15.0, 11.0, 8.0, 8.0, 8.0, 8.0, 8.0, 6.0, 6.0, 6.0, 6.0, 6.0, 6.0, 5.0, 4.0, 4.0, 2.0, 2.0, 2.0, 1.0, 1.0, 1.0, 1.0]",COMPLETE
66,66,0.7711094794605247,2024-08-31 03:46:00.982517,2024-08-31 03:47:45.693839,0 days 00:01:44.711322,4,0.04465310105121139,5,90,0.38538931803570736,76,0.00011463712836639951,0.879,0.875,33,"[33, 33, 33, 33, 33, 33, 33, 33, 33, 33, 33, 33, 33, 33, 33, 33, 33, 33, 33, 33, 33, 33, 33, 33, 33, 33, 33, 33, 33, 33, 33, 33, 33, 33, 33, 33, 33, 33, 33, 33, 33, 33, 33, 33, 33, 33, 33, 33, 33, 33, 33, 33, 33, 33, 33, 33, 33, 33, 33, 33, 33, 33, 33, 33, 33, 33, 33, 33, 33, 33, 33, 33, 33, 33, 33, 33, 33, 33, 33, 33, 33, 33, 33, 33, 33, 33, 33, 33, 33, 33]",32.93081494057725,"[32.93633276740238, 32.93378607809847, 32.94057724957555, 32.93378607809847, 32.937606112054326, 32.932088285229206, 32.9295415959253, 32.932088285229206, 32.92911714770798, 32.92529711375212, 32.92487266553481, 32.92784380305603, 32.92784380305603, 32.92996604414261, 32.92657045840407, 32.9320882852292, 32.92954159592529, 32.93081494057725, 32.931239388794566, 32.92572156196944, 32.92869269949066, 32.92657045840407, 32.92657045840407, 32.923174872665534, 32.925721561969446, 32.926146010186756, 32.93251273344652, 32.93803056027165, 32.9393039049236, 32.93590831918506, 32.93378607809847, 32.93251273344652, 32.93251273344652, 32.93505942275043, 32.93590831918506, 32.92741935483871, 32.92784380305603, 32.93293718166383, 32.92741935483871, 32.92359932088285, 32.92657045840407, 32.92614601018676, 32.92911714770798, 32.933361629881155, 32.92911714770798, 32.92741935483871, 32.926146010186756, 32.924023769100174, 32.92147707979626, 32.926994906621395, 32.92784380305603, 32.915959252971135, 32.92359932088285, 32.926146010186756, 32.92529711375212, 32.92275042444822, 32.92529711375212, 32.923174872665534, 32.919779286926996, 32.92402376910017, 32.92147707979626, 32.92529711375212, 32.934634974533104, 32.92996604414262, 32.92741935483871, 32.92487266553481, 32.92190152801358, 32.92784380305603, 32.92572156196944, 32.92996604414262, 32.92869269949066, 32.926146010186756, 32.92741935483871, 32.92529711375212, 32.92572156196944, 32.9223259762309, 32.926146010186756, 32.92529711375212, 32.92784380305603, 32.92784380305603, 32.93039049235993, 32.92741935483871, 32.92657045840408, 32.92147707979627, 32.92529711375212, 32.92741935483871, 32.927419354838705, 32.92487266553481, 32.92529711375212, 32.93081494057725]",0.8005762927368951,0.7711094794605247,33,"[33, 33, 33, 33, 33, 33, 33, 33, 33, 33, 33, 33, 33, 33, 33, 33, 33, 33, 33, 33, 33, 33, 33, 33, 33, 33, 33, 33, 33, 33, 33, 33, 33, 33, 33, 33, 33, 33, 33, 33, 33, 33, 33, 33, 33, 33, 33, 33, 33, 33, 33, 33, 33, 33, 33, 33, 33, 33, 33, 33, 33, 33, 33, 33, 33, 33, 33, 33, 33, 33, 33, 33, 33, 33, 33, 33, 33, 33, 33, 33, 33, 33, 33, 33, 33, 33, 33, 33, 33, 33]",90,"[0.4163154661655426, 0.4072817862033844, 0.40349820256233215, 0.4004133343696594, 0.3978078365325928, 0.3955824375152588, 0.39348602294921875, 0.3916919231414795, 0.3900791108608246, 0.3887104392051697, 0.38739120960235596, 0.38624459505081177, 0.3851707875728607, 0.3842250108718872, 0.38319259881973267, 0.38230374455451965, 0.38148608803749084, 0.38079723715782166, 0.38009318709373474, 0.3794744908809662, 0.37859907746315, 0.37805190682411194, 0.37731510400772095, 0.3768594264984131, 0.37613633275032043, 0.37563028931617737, 0.37532901763916016, 0.3746695816516876, 0.3739314377307892, 0.3734767436981201, 0.372934490442276, 0.3723967671394348, 0.3718840479850769, 0.3713427782058716, 0.3709911108016968, 0.37036067247390747, 0.3698592782020569, 0.36946001648902893, 0.3690001666545868, 0.3684595227241516, 0.36802250146865845, 0.3675106465816498, 0.367087185382843, 0.36658135056495667, 0.3659941852092743, 0.36560359597206116, 0.3651745915412903, 0.3646945059299469, 0.3643782138824463, 0.3638259470462799, 0.3631924092769623, 0.3626914620399475, 0.3622868061065674, 0.3619992136955261, 0.3615565001964569, 0.3608766794204712, 0.36053547263145447, 0.35997653007507324, 0.3596644997596741, 0.3591834604740143, 0.3586406707763672, 0.3581770062446594, 0.3579057455062866, 0.35742682218551636, 0.3569398522377014, 0.35651931166648865, 0.3560180962085724, 0.3557724058628082, 0.3551705479621887, 0.35481777787208557, 0.3543670177459717, 0.35394373536109924, 0.353515088558197, 0.35312339663505554, 0.35252299904823303, 0.35224026441574097, 0.35180720686912537, 0.3514048457145691, 0.3509291410446167, 0.35034453868865967, 0.3500309884548187, 0.34957489371299744, 0.3490491807460785, 0.3485959768295288, 0.34816184639930725, 0.3478092849254608, 0.3473457098007202, 0.34693244099617004, 0.34669628739356995, 0.346106618642807]",33.0,"[33.0, 33.0, 33.0, 33.0, 33.0, 33.0, 33.0, 33.0, 33.0, 33.0, 33.0, 33.0, 33.0, 33.0, 33.0, 33.0, 33.0, 33.0, 33.0, 33.0, 33.0, 33.0, 33.0, 33.0, 33.0, 33.0, 33.0, 33.0, 33.0, 33.0, 33.0, 33.0, 33.0, 33.0, 33.0, 33.0, 33.0, 33.0, 33.0, 33.0, 33.0, 33.0, 33.0, 33.0, 33.0, 33.0, 33.0, 33.0, 33.0, 33.0, 33.0, 33.0, 33.0, 33.0, 33.0, 33.0, 33.0, 33.0, 33.0, 33.0, 33.0, 33.0, 33.0, 33.0, 33.0, 33.0, 33.0, 33.0, 33.0, 33.0, 33.0, 33.0, 33.0, 33.0, 33.0, 33.0, 33.0, 33.0, 33.0, 33.0, 33.0, 33.0, 33.0, 33.0, 33.0, 33.0, 33.0, 33.0, 33.0, 33.0]",COMPLETE
67,67,0.5,2024-08-31 03:47:47.298949,2024-08-31 03:47:53.408738,0 days 00:00:06.109789,1,1.4150995898082386,2,5,0.6334434137975933,99,0.03747065748794225,0.859,0.85875,0,"[0, 0, 0, 0, 0]",0.0,"[0.0, 0.0, 0.0, 0.0, 0.0]",0.5,0.5,0,"[0, 0, 0, 0, 0]",5,"[3.6480584144592285, 1.1161192655563354, 8.489762306213379, 12.828322410583496, 2.8911423683166504]",0.0,"[0.0, 0.0, 0.0, 0.0, 0.0]",COMPLETE
