,number,value,datetime_start,datetime_complete,duration,params_batch_size_scaler,params_constant_learning_rate,params_depth,params_epochs,params_kernel_l2,params_num_trees,params_temperature,user_attrs_accuracy_test,user_attrs_accuracy_valid,user_attrs_approximate_feature_sparsity,user_attrs_approximate_feature_sparsity_history,user_attrs_approximate_weight_sparsity,user_attrs_approximate_weight_sparsity_history,user_attrs_auc_test,user_attrs_auc_valid,user_attrs_feature_sparsity,user_attrs_feature_sparsity_history,user_attrs_num_epochs,user_attrs_val_loss_history,user_attrs_weight_sparsity,user_attrs_weight_sparsity_history,state
127,127,0.9403073514446548,2024-08-31 06:35:04.963499,2024-08-31 06:35:29.064499,0 days 00:00:24.101000,4,0.1933683898984319,1,125,0.001729914938014516,39,0.0008101676804832345,0.951,0.94125,24,"[33, 33, 33, 33, 33, 33, 33, 33, 33, 33, 33, 33, 33, 33, 33, 33, 33, 33, 33, 33, 33, 32, 32, 31, 31, 31, 31, 31, 31, 30, 30, 30, 30, 30, 30, 29, 29, 28, 28, 27, 27, 27, 26, 26, 26, 25, 24, 24, 24, 24, 24, 24, 24, 24, 24, 24, 24, 24, 24, 24, 24, 24, 24, 24, 24, 24, 24, 24, 24, 24, 24, 24, 24, 24, 24, 24, 24, 24, 24, 24, 24, 24, 24, 24, 24, 24, 24, 24, 24, 24, 24, 24, 24, 24, 24, 24, 24, 24, 24, 24, 24, 24, 24, 24, 24, 24, 24, 24, 24, 24, 24, 24, 24, 24, 24, 24, 24, 24, 24, 24, 24, 24, 24, 24, 24]",24.0,"[33.0, 33.0, 32.94871794871795, 32.94871794871795, 32.94871794871795, 32.92307692307692, 33.0, 33.0, 33.0, 33.0, 33.0, 32.97435897435898, 33.0, 33.0, 33.0, 33.0, 32.97435897435898, 32.97435897435898, 33.0, 33.0, 33.0, 31.974358974358974, 32.0, 31.0, 31.0, 31.0, 31.0, 31.0, 31.0, 30.0, 30.0, 30.0, 29.94871794871795, 30.0, 30.0, 29.0, 28.974358974358974, 28.0, 28.0, 27.0, 26.974358974358974, 27.0, 26.0, 26.0, 26.0, 25.0, 24.0, 23.974358974358974, 24.0, 24.0, 24.0, 24.0, 24.0, 23.974358974358974, 24.0, 24.0, 24.0, 23.974358974358974, 23.974358974358974, 24.0, 24.0, 23.974358974358974, 24.0, 24.0, 24.0, 24.0, 23.974358974358974, 24.0, 24.0, 24.0, 24.0, 24.0, 24.0, 24.0, 24.0, 24.0, 24.0, 23.974358974358974, 24.0, 23.974358974358974, 24.0, 23.974358974358974, 24.0, 23.94871794871795, 23.974358974358974, 24.0, 24.0, 23.974358974358974, 24.0, 23.974358974358974, 23.974358974358974, 24.0, 24.0, 24.0, 24.0, 24.0, 24.0, 24.0, 24.0, 24.0, 23.974358974358974, 24.0, 24.0, 24.0, 24.0, 24.0, 24.0, 23.974358974358974, 24.0, 23.974358974358974, 23.974358974358974, 23.974358974358974, 23.974358974358974, 24.0, 24.0, 23.974358974358974, 23.974358974358974, 23.94871794871795, 23.974358974358974, 24.0, 23.974358974358974, 23.974358974358974, 24.0, 24.0, 24.0]",0.9122433309389939,0.9403073514446548,24,"[33, 33, 33, 33, 33, 33, 33, 33, 33, 33, 33, 33, 33, 33, 33, 33, 33, 33, 33, 33, 33, 32, 32, 31, 31, 31, 31, 31, 31, 30, 30, 30, 30, 30, 30, 29, 29, 28, 28, 27, 27, 27, 26, 26, 26, 25, 24, 24, 24, 24, 24, 24, 24, 24, 24, 24, 24, 24, 24, 24, 24, 24, 24, 24, 24, 24, 24, 24, 24, 24, 24, 24, 24, 24, 24, 24, 24, 24, 24, 24, 24, 24, 24, 24, 24, 24, 24, 24, 24, 24, 24, 24, 24, 24, 24, 24, 24, 24, 24, 24, 24, 24, 24, 24, 24, 24, 24, 24, 24, 24, 24, 24, 24, 24, 24, 24, 24, 24, 24, 24, 24, 24, 24, 24, 24]",125,"[0.39031410217285156, 0.3785969913005829, 0.3689570724964142, 0.3619469106197357, 0.3610111474990845, 0.348367303609848, 0.3544514775276184, 0.3406163454055786, 0.3416324555873871, 0.33019134402275085, 0.33103546500205994, 0.31929972767829895, 0.3210608959197998, 0.33282047510147095, 0.3130601644515991, 0.31652459502220154, 0.3100367486476898, 0.30728426575660706, 0.30778664350509644, 0.2988990843296051, 0.28875812888145447, 0.28547289967536926, 0.29895222187042236, 0.27361875772476196, 0.2684905230998993, 0.2638532519340515, 0.25861451029777527, 0.256484717130661, 0.24699892103672028, 0.24595220386981964, 0.24497194588184357, 0.2483309507369995, 0.23958267271518707, 0.23822134733200073, 0.2366713136434555, 0.23388676345348358, 0.2330627292394638, 0.22988851368427277, 0.22762355208396912, 0.2328002154827118, 0.22466769814491272, 0.22701220214366913, 0.22661224007606506, 0.22349099814891815, 0.23570211231708527, 0.22078941762447357, 0.21714699268341064, 0.2178301066160202, 0.21982045471668243, 0.21866533160209656, 0.21557533740997314, 0.2161937952041626, 0.23108743131160736, 0.21316856145858765, 0.21118927001953125, 0.21653404831886292, 0.21400558948516846, 0.21595905721187592, 0.2176208645105362, 0.21007564663887024, 0.21183817088603973, 0.21038509905338287, 0.21082614362239838, 0.20487205684185028, 0.208968847990036, 0.20609846711158752, 0.20388534665107727, 0.20312049984931946, 0.20330467820167542, 0.20358870923519135, 0.20762166380882263, 0.19980955123901367, 0.20582745969295502, 0.20087698101997375, 0.20185302197933197, 0.2013121098279953, 0.19806016981601715, 0.19708587229251862, 0.19873306155204773, 0.20449157059192657, 0.20122705399990082, 0.1958627849817276, 0.1970653086900711, 0.19597531855106354, 0.19212990999221802, 0.2055394947528839, 0.19664186239242554, 0.19622555375099182, 0.1955203413963318, 0.19576244056224823, 0.19685085117816925, 0.1979864537715912, 0.19761985540390015, 0.1984972506761551, 0.19703447818756104, 0.19098028540611267, 0.1946168690919876, 0.18876677751541138, 0.19235244393348694, 0.20231933891773224, 0.19150441884994507, 0.19348116219043732, 0.19943252205848694, 0.18852545320987701, 0.18974345922470093, 0.19400690495967865, 0.19253648817539215, 0.1827632337808609, 0.18939939141273499, 0.18679945170879364, 0.18704576790332794, 0.18698301911354065, 0.187790185213089, 0.18459361791610718, 0.18515928089618683, 0.1964050531387329, 0.18874721229076385, 0.1861383318901062, 0.19326770305633545, 0.18245737254619598, 0.18280480802059174, 0.18524545431137085, 0.18405407667160034, 0.18144968152046204, 0.18073229491710663]",24.0,"[33.0, 33.0, 33.0, 33.0, 33.0, 33.0, 33.0, 33.0, 33.0, 33.0, 33.0, 33.0, 33.0, 33.0, 33.0, 33.0, 33.0, 33.0, 33.0, 33.0, 33.0, 32.0, 32.0, 31.0, 31.0, 31.0, 31.0, 31.0, 31.0, 30.0, 30.0, 30.0, 30.0, 30.0, 30.0, 29.0, 29.0, 28.0, 28.0, 27.0, 27.0, 27.0, 26.0, 26.0, 26.0, 25.0, 24.0, 24.0, 24.0, 24.0, 24.0, 24.0, 24.0, 24.0, 24.0, 24.0, 24.0, 24.0, 24.0, 24.0, 24.0, 24.0, 24.0, 24.0, 24.0, 24.0, 24.0, 24.0, 24.0, 24.0, 24.0, 24.0, 24.0, 24.0, 24.0, 24.0, 24.0, 24.0, 24.0, 24.0, 24.0, 24.0, 24.0, 24.0, 24.0, 24.0, 24.0, 24.0, 24.0, 24.0, 24.0, 24.0, 24.0, 24.0, 24.0, 24.0, 24.0, 24.0, 24.0, 24.0, 24.0, 24.0, 24.0, 24.0, 24.0, 24.0, 24.0, 24.0, 24.0, 24.0, 24.0, 24.0, 24.0, 24.0, 24.0, 24.0, 24.0, 24.0, 24.0, 24.0, 24.0, 24.0, 24.0, 24.0, 24.0]",COMPLETE
128,128,0.5,2024-08-31 06:35:32.470241,2024-08-31 06:36:27.804468,0 days 00:00:55.334227,1,1.0842537097542158,2,90,0.0035887970285527395,51,0.034102012969026915,0.859,0.85875,0,"[0, 0, 0, 0, 0, 0, 0, 0, 0, 0, 0, 0, 0, 0, 0, 0, 0, 0, 0, 0, 0, 0, 0, 0, 0, 0, 0, 0, 0, 0, 0, 0, 0, 0, 0, 0, 0, 0, 0, 0, 0, 0, 0, 0, 0, 0, 0, 0, 0, 0, 0, 0, 0, 0, 0, 0, 0, 0, 0, 0, 0, 0, 0, 0, 0, 0, 0, 0, 0, 0, 0, 0, 0, 0, 0, 0, 0, 0, 0, 0, 0, 0, 0, 0, 0, 0, 0, 0, 0, 0]",0.0,"[0.0, 0.0, 0.0, 0.0, 0.0, 0.0, 0.0, 0.0, 0.0, 0.0, 0.0, 0.0, 0.0, 0.0, 0.0, 0.0, 0.0, 0.0, 0.0, 0.0, 0.0, 0.0, 0.0, 0.0, 0.0, 0.0, 0.0, 0.0, 0.0, 0.0, 0.0, 0.0, 0.0, 0.0, 0.0, 0.0, 0.0, 0.0, 0.0, 0.0, 0.0, 0.0, 0.0, 0.0, 0.0, 0.0, 0.0, 0.0, 0.0, 0.0, 0.0, 0.0, 0.0, 0.0, 0.0, 0.0, 0.0, 0.0, 0.0, 0.0, 0.0, 0.0, 0.0, 0.0, 0.0, 0.0, 0.0, 0.0, 0.0, 0.0, 0.0, 0.0, 0.0, 0.0, 0.0, 0.0, 0.0, 0.0, 0.0, 0.0, 0.0, 0.0, 0.0, 0.0, 0.0, 0.0, 0.0, 0.0, 0.0, 0.0]",0.5,0.5,0,"[0, 0, 0, 0, 0, 0, 0, 0, 0, 0, 0, 0, 0, 0, 0, 0, 0, 0, 0, 0, 0, 0, 0, 0, 0, 0, 0, 0, 0, 0, 0, 0, 0, 0, 0, 0, 0, 0, 0, 0, 0, 0, 0, 0, 0, 0, 0, 0, 0, 0, 0, 0, 0, 0, 0, 0, 0, 0, 0, 0, 0, 0, 0, 0, 0, 0, 0, 0, 0, 0, 0, 0, 0, 0, 0, 0, 0, 0, 0, 0, 0, 0, 0, 0, 0, 0, 0, 0, 0, 0]",90,"[2.0563950538635254, 0.4328366816043854, 0.8217542171478271, 0.4359811842441559, 0.5339605808258057, 0.7083963751792908, 0.8007054924964905, 1.583482027053833, 0.43543922901153564, 1.0103946924209595, 1.7066267728805542, 0.46191394329071045, 0.862460196018219, 2.500354528427124, 1.9420374631881714, 1.5542950630187988, 0.8662053942680359, 0.5231838822364807, 3.636634588241577, 0.4466100335121155, 1.115780234336853, 2.9197096824645996, 2.5090081691741943, 2.2592339515686035, 2.165389060974121, 0.9919400811195374, 0.45493873953819275, 1.023971676826477, 0.9931123852729797, 1.5627188682556152, 0.5433622598648071, 1.1010334491729736, 0.4091910123825073, 2.7565054893493652, 2.2353832721710205, 1.7587788105010986, 2.3012311458587646, 0.4362168610095978, 1.211935043334961, 0.7304803729057312, 0.45001280307769775, 0.47521790862083435, 1.1777242422103882, 0.4325851500034332, 2.2200913429260254, 1.336766242980957, 0.45336365699768066, 1.1271551847457886, 0.4797796905040741, 0.46457114815711975, 0.5541582107543945, 1.3163872957229614, 0.6472497582435608, 1.545159935951233, 0.40858495235443115, 0.7464627027511597, 0.5984088182449341, 0.46007728576660156, 0.5639126896858215, 1.376508355140686, 2.8458869457244873, 0.600564181804657, 0.6359284520149231, 0.4261627495288849, 1.7788833379745483, 0.8149482607841492, 2.9517269134521484, 0.42291298508644104, 1.1386157274246216, 2.2283785343170166, 1.3089030981063843, 0.8603730797767639, 0.9290483593940735, 1.000609278678894, 0.6955955624580383, 0.4087966978549957, 0.4397082030773163, 0.4082402288913727, 1.552483081817627, 1.2799036502838135, 1.839200735092163, 2.056659698486328, 0.9248807430267334, 0.7409549951553345, 1.4640790224075317, 0.47164300084114075, 2.0798027515411377, 1.0490819215774536, 1.8253474235534668, 0.6034316420555115]",0.0,"[0.0, 0.0, 0.0, 0.0, 0.0, 0.0, 0.0, 0.0, 0.0, 0.0, 0.0, 0.0, 0.0, 0.0, 0.0, 0.0, 0.0, 0.0, 0.0, 0.0, 0.0, 0.0, 0.0, 0.0, 0.0, 0.0, 0.0, 0.0, 0.0, 0.0, 0.0, 0.0, 0.0, 0.0, 0.0, 0.0, 0.0, 0.0, 0.0, 0.0, 0.0, 0.0, 0.0, 0.0, 0.0, 0.0, 0.0, 0.0, 0.0, 0.0, 0.0, 0.0, 0.0, 0.0, 0.0, 0.0, 0.0, 0.0, 0.0, 0.0, 0.0, 0.0, 0.0, 0.0, 0.0, 0.0, 0.0, 0.0, 0.0, 0.0, 0.0, 0.0, 0.0, 0.0, 0.0, 0.0, 0.0, 0.0, 0.0, 0.0, 0.0, 0.0, 0.0, 0.0, 0.0, 0.0, 0.0, 0.0, 0.0, 0.0]",COMPLETE
