,number,value,datetime_start,datetime_complete,duration,params_batch_size_scaler,params_constant_learning_rate,params_depth,params_epochs,params_kernel_l2,params_num_trees,params_temperature,user_attrs_accuracy_test,user_attrs_accuracy_valid,user_attrs_approximate_feature_sparsity,user_attrs_approximate_feature_sparsity_history,user_attrs_approximate_weight_sparsity,user_attrs_approximate_weight_sparsity_history,user_attrs_auc_test,user_attrs_auc_valid,user_attrs_feature_sparsity,user_attrs_feature_sparsity_history,user_attrs_num_epochs,user_attrs_val_loss_history,user_attrs_weight_sparsity,user_attrs_weight_sparsity_history,state
142,142,0.9259187695637052,2024-08-31 07:18:12.906310,2024-08-31 07:18:51.912389,0 days 00:00:39.006079,4,0.11696325829123666,3,140,0.03228609981985676,96,0.008512826339755964,0.938,0.935,33,"[33, 33, 33, 33, 33, 33, 33, 33, 33, 33, 33, 33, 33, 33, 33, 33, 33, 33, 33, 33, 33, 33, 33, 33, 33, 33, 33, 33, 33, 33, 33, 33, 33, 33, 33, 33, 33, 33, 33, 33, 33, 33, 33, 33, 33, 33, 33, 33, 33, 33, 33, 33, 33, 33, 33, 33, 33, 33, 33, 33, 33, 33, 33, 33, 33, 33, 33, 33, 33, 33, 33, 33, 33, 33, 33, 33, 33, 33, 33, 33, 33, 33, 33, 33, 33, 33, 33, 33, 33, 33, 33, 33, 33, 33, 33, 33, 33, 33, 33, 33, 33, 33, 33, 33, 33, 33, 33, 33, 33, 33, 33, 33, 33, 33, 33, 33, 33, 33, 33, 33, 33, 33, 33, 33, 33, 33, 33, 33, 33, 33, 33, 33, 33, 33, 33, 33, 33, 33, 33, 33]",32.967261904761905,"[32.958333333333336, 32.97470238095238, 32.98214285714286, 32.96875, 32.964285714285715, 32.96130952380952, 32.95684523809524, 32.95238095238095, 32.95535714285714, 32.96130952380952, 32.96279761904762, 32.96577380952381, 32.97470238095238, 32.97767857142857, 32.97470238095238, 32.964285714285715, 32.95238095238095, 32.96130952380952, 32.96279761904762, 32.970238095238095, 32.96577380952381, 32.967261904761905, 32.95982142857143, 32.97470238095238, 32.96577380952381, 32.979166666666664, 32.96577380952381, 32.964285714285715, 32.970238095238095, 32.96577380952381, 32.96577380952381, 32.961309523809526, 32.973214285714285, 32.96875, 32.955357142857146, 32.96577380952381, 32.95982142857143, 32.95982142857143, 32.96279761904762, 32.970238095238095, 32.96130952380952, 32.958333333333336, 32.961309523809526, 32.95833333333333, 32.961309523809526, 32.967261904761905, 32.96279761904762, 32.97172619047619, 32.97172619047619, 32.96875, 32.95982142857143, 32.97172619047619, 32.96875, 32.96279761904762, 32.964285714285715, 32.95982142857143, 32.973214285714285, 32.979166666666664, 32.973214285714285, 32.964285714285715, 32.967261904761905, 32.96279761904762, 32.967261904761905, 32.967261904761905, 32.96577380952381, 32.96875, 32.964285714285715, 32.95833333333333, 32.96279761904762, 32.95982142857142, 32.958333333333336, 32.956845238095234, 32.953869047619044, 32.958333333333336, 32.96279761904762, 32.95982142857143, 32.964285714285715, 32.95684523809524, 32.970238095238095, 32.95535714285714, 32.961309523809526, 32.96279761904762, 32.95982142857142, 32.96279761904762, 32.958333333333336, 32.95982142857143, 32.967261904761905, 32.953869047619044, 32.967261904761905, 32.95982142857143, 32.964285714285715, 32.96279761904762, 32.952380952380956, 32.96279761904762, 32.96577380952381, 32.95982142857142, 32.964285714285715, 32.964285714285715, 32.96577380952381, 32.964285714285715, 32.95386904761905, 32.944940476190474, 32.970238095238095, 32.95833333333333, 32.96428571428571, 32.95684523809524, 32.967261904761905, 32.961309523809526, 32.961309523809526, 32.967261904761905, 32.95833333333333, 32.95833333333333, 32.955357142857146, 32.95089285714286, 32.955357142857146, 32.944940476190474, 32.94642857142857, 32.953869047619044, 32.95684523809524, 32.964285714285715, 32.95535714285714, 32.956845238095234, 32.95535714285714, 32.95982142857142, 32.958333333333336, 32.964285714285715, 32.967261904761905, 32.97172619047619, 32.953869047619044, 32.95982142857143, 32.953869047619044, 32.970238095238095, 32.970238095238095, 32.97470238095238, 32.970238095238095, 32.96279761904762, 32.970238095238095, 32.96875, 32.967261904761905, 32.967261904761905]",0.9122185619101874,0.9259187695637052,33,"[33, 33, 33, 33, 33, 33, 33, 33, 33, 33, 33, 33, 33, 33, 33, 33, 33, 33, 33, 33, 33, 33, 33, 33, 33, 33, 33, 33, 33, 33, 33, 33, 33, 33, 33, 33, 33, 33, 33, 33, 33, 33, 33, 33, 33, 33, 33, 33, 33, 33, 33, 33, 33, 33, 33, 33, 33, 33, 33, 33, 33, 33, 33, 33, 33, 33, 33, 33, 33, 33, 33, 33, 33, 33, 33, 33, 33, 33, 33, 33, 33, 33, 33, 33, 33, 33, 33, 33, 33, 33, 33, 33, 33, 33, 33, 33, 33, 33, 33, 33, 33, 33, 33, 33, 33, 33, 33, 33, 33, 33, 33, 33, 33, 33, 33, 33, 33, 33, 33, 33, 33, 33, 33, 33, 33, 33, 33, 33, 33, 33, 33, 33, 33, 33, 33, 33, 33, 33, 33, 33]",140,"[0.3949352204799652, 0.3769546151161194, 0.3724723756313324, 0.367061972618103, 0.3635430634021759, 0.35974156856536865, 0.3566882610321045, 0.35454148054122925, 0.3514964282512665, 0.3479499816894531, 0.3473137319087982, 0.34250473976135254, 0.3401036560535431, 0.3383159637451172, 0.33599144220352173, 0.33296066522598267, 0.3302144706249237, 0.3308572769165039, 0.3280397057533264, 0.3251519799232483, 0.3252716362476349, 0.3213684856891632, 0.3205636143684387, 0.3154464066028595, 0.3116891384124756, 0.3098621666431427, 0.30671411752700806, 0.3063856363296509, 0.3024972081184387, 0.29834437370300293, 0.2966104745864868, 0.29233407974243164, 0.291627436876297, 0.28866374492645264, 0.28461840748786926, 0.2814140021800995, 0.2792273461818695, 0.27635079622268677, 0.27510762214660645, 0.2716207802295685, 0.26872527599334717, 0.2661052942276001, 0.26669567823410034, 0.2626694142818451, 0.2638051211833954, 0.26218363642692566, 0.2576664984226227, 0.2558199167251587, 0.2555862367153168, 0.2530097961425781, 0.25232890248298645, 0.2510286569595337, 0.24996374547481537, 0.24942778050899506, 0.25142359733581543, 0.24635280668735504, 0.25148552656173706, 0.2454075813293457, 0.24626941978931427, 0.24235254526138306, 0.24141497910022736, 0.24182531237602234, 0.24250437319278717, 0.2387688308954239, 0.23936624825000763, 0.2394239753484726, 0.23625072836875916, 0.23526018857955933, 0.23483288288116455, 0.23420877754688263, 0.2335711121559143, 0.23276682198047638, 0.23153936862945557, 0.2306993454694748, 0.23043787479400635, 0.22911584377288818, 0.23013946413993835, 0.22888633608818054, 0.22629456222057343, 0.22699880599975586, 0.22522477805614471, 0.22441348433494568, 0.230049729347229, 0.22392576932907104, 0.22761407494544983, 0.22449138760566711, 0.2243078052997589, 0.22016355395317078, 0.21929742395877838, 0.21905726194381714, 0.22003668546676636, 0.21957038342952728, 0.217279851436615, 0.21639899909496307, 0.216189906001091, 0.2167891263961792, 0.21587146818637848, 0.21685735881328583, 0.21509838104248047, 0.21335197985172272, 0.21363501250743866, 0.21283771097660065, 0.21145059168338776, 0.21017196774482727, 0.21060332655906677, 0.20955592393875122, 0.20934230089187622, 0.21001438796520233, 0.20913976430892944, 0.2087731510400772, 0.21124261617660522, 0.2094206064939499, 0.20779867470264435, 0.21257439255714417, 0.2068006843328476, 0.20647205412387848, 0.21138381958007812, 0.20626899600028992, 0.20453310012817383, 0.20583002269268036, 0.20494690537452698, 0.20333795249462128, 0.20387807488441467, 0.20285020768642426, 0.20638690888881683, 0.2022496461868286, 0.203161358833313, 0.20502328872680664, 0.20189818739891052, 0.20359525084495544, 0.20112428069114685, 0.20105604827404022, 0.20126007497310638, 0.20021256804466248, 0.2002902626991272, 0.202356219291687, 0.20313423871994019, 0.20062866806983948, 0.20003414154052734, 0.1985406130552292]",33.0,"[33.0, 33.0, 33.0, 33.0, 33.0, 33.0, 33.0, 33.0, 33.0, 33.0, 33.0, 33.0, 33.0, 33.0, 33.0, 33.0, 33.0, 33.0, 33.0, 33.0, 33.0, 33.0, 33.0, 33.0, 33.0, 33.0, 33.0, 33.0, 33.0, 33.0, 33.0, 33.0, 33.0, 33.0, 33.0, 33.0, 33.0, 33.0, 33.0, 33.0, 33.0, 33.0, 33.0, 33.0, 33.0, 33.0, 33.0, 33.0, 33.0, 33.0, 33.0, 33.0, 33.0, 33.0, 33.0, 33.0, 33.0, 33.0, 33.0, 33.0, 33.0, 33.0, 33.0, 33.0, 33.0, 33.0, 33.0, 33.0, 33.0, 33.0, 33.0, 33.0, 33.0, 33.0, 33.0, 33.0, 33.0, 33.0, 33.0, 33.0, 33.0, 33.0, 33.0, 33.0, 33.0, 33.0, 33.0, 33.0, 33.0, 33.0, 33.0, 33.0, 33.0, 33.0, 33.0, 33.0, 33.0, 33.0, 33.0, 33.0, 33.0, 33.0, 33.0, 33.0, 33.0, 33.0, 33.0, 33.0, 33.0, 33.0, 33.0, 33.0, 33.0, 33.0, 33.0, 33.0, 33.0, 33.0, 33.0, 33.0, 33.0, 33.0, 33.0, 33.0, 33.0, 33.0, 33.0, 33.0, 33.0, 33.0, 33.0, 33.0, 33.0, 33.0, 33.0, 33.0, 33.0, 33.0, 33.0, 33.0]",COMPLETE
143,143,0.5,2024-08-31 07:18:55.337783,2024-08-31 07:19:05.525060,0 days 00:00:10.187277,16,4.693755867406488,3,55,0.004757959788286485,39,0.08202786496708268,0.859,0.85875,0,"[0, 0, 0, 0, 0, 0, 0, 0, 0, 0, 0, 0, 0, 0, 0, 0, 0, 0, 0, 0, 0, 0, 0, 0, 0, 0, 0, 0, 0, 0, 0, 0, 0, 0, 0, 0, 0, 0, 0, 0, 0, 0, 0, 0, 0, 0, 0, 0, 0, 0, 0, 0, 0, 0, 0]",0.0,"[0.0, 0.0, 0.0, 0.0, 0.0, 0.0, 0.0, 0.0, 0.0, 0.0, 0.0, 0.0, 0.0, 0.0, 0.0, 0.0, 0.0, 0.0, 0.0, 0.0, 0.0, 0.0, 0.0, 0.0, 0.0, 0.0, 0.0, 0.0, 0.0, 0.0, 0.0, 0.0, 0.0, 0.0, 0.0, 0.0, 0.0, 0.0, 0.0, 0.0, 0.0, 0.0, 0.0, 0.0, 0.0, 0.0, 0.0, 0.0, 0.0, 0.0, 0.0, 0.0, 0.0, 0.0, 0.0]",0.5,0.5,0,"[0, 0, 0, 0, 0, 0, 0, 0, 0, 0, 0, 0, 0, 0, 0, 0, 0, 0, 0, 0, 0, 0, 0, 0, 0, 0, 0, 0, 0, 0, 0, 0, 0, 0, 0, 0, 0, 0, 0, 0, 0, 0, 0, 0, 0, 0, 0, 0, 0, 0, 0, 0, 0, 0, 0]",55,"[0.616767942905426, 2.9280197620391846, 1.0964617729187012, 2.179813861846924, 3.5843453407287598, 0.44159236550331116, 0.4214785099029541, 0.4241492450237274, 0.9281982183456421, 1.1654685735702515, 1.3532891273498535, 1.99070143699646, 0.8710649013519287, 0.9209535717964172, 2.925269365310669, 0.7344824075698853, 0.4082244038581848, 0.5825703144073486, 3.1401140689849854, 0.7555577158927917, 0.9039226770401001, 1.7986056804656982, 0.4413268566131592, 0.7675215005874634, 1.1874730587005615, 2.87355375289917, 1.3946267366409302, 2.191092014312744, 2.203482151031494, 1.0764340162277222, 1.319656491279602, 1.125251054763794, 0.46975773572921753, 2.4700515270233154, 0.809386134147644, 2.6557388305664062, 1.177620530128479, 1.2653954029083252, 0.9450588226318359, 2.063756227493286, 4.0184102058410645, 0.6193959712982178, 4.3305253982543945, 1.0585718154907227, 0.7615349292755127, 0.43115711212158203, 0.5464622378349304, 2.1089799404144287, 3.7053639888763428, 3.184359073638916, 3.5223183631896973, 0.5079041123390198, 0.8782374858856201, 2.8266775608062744, 3.0492968559265137]",0.0,"[0.0, 0.0, 0.0, 0.0, 0.0, 0.0, 0.0, 0.0, 0.0, 0.0, 0.0, 0.0, 0.0, 0.0, 0.0, 0.0, 0.0, 0.0, 0.0, 0.0, 0.0, 0.0, 0.0, 0.0, 0.0, 0.0, 0.0, 0.0, 0.0, 0.0, 0.0, 0.0, 0.0, 0.0, 0.0, 0.0, 0.0, 0.0, 0.0, 0.0, 0.0, 0.0, 0.0, 0.0, 0.0, 0.0, 0.0, 0.0, 0.0, 0.0, 0.0, 0.0, 0.0, 0.0, 0.0]",COMPLETE
144,144,0.6735195991292138,2024-08-31 07:19:08.804668,2024-08-31 07:19:31.953710,0 days 00:00:23.149042,64,0.029406862664577073,4,110,0.010847951737190643,88,0.0003018258037174888,0.859,0.85875,33,"[33, 33, 33, 33, 33, 33, 33, 33, 33, 33, 33, 33, 33, 33, 33, 33, 33, 33, 33, 33, 33, 33, 33, 33, 33, 33, 33, 33, 33, 33, 33, 33, 33, 33, 33, 33, 33, 33, 33, 33, 33, 33, 33, 33, 33, 33, 33, 33, 33, 33, 33, 33, 33, 33, 33, 33, 33, 33, 33, 33, 33, 33, 33, 33, 33, 33, 33, 33, 33, 33, 33, 33, 33, 33, 33, 33, 33, 33, 33, 33, 33, 33, 33, 33, 33, 33, 33, 33, 33, 33, 33, 33, 33, 33, 33, 33, 33, 33, 33, 33, 33, 33, 33, 33, 33, 33, 33, 33, 33, 33]",32.9469696969697,"[32.95151515151515, 32.94772727272727, 32.94924242424243, 32.94469696969697, 32.942424242424245, 32.94469696969697, 32.945454545454545, 32.945454545454545, 32.943939393939395, 32.94469696969697, 32.942424242424245, 32.94015151515152, 32.94090909090909, 32.942424242424245, 32.94166666666666, 32.942424242424245, 32.943939393939395, 32.946969696969695, 32.948484848484846, 32.94772727272727, 32.948484848484846, 32.94924242424242, 32.95, 32.95151515151515, 32.95378787878788, 32.95454545454545, 32.948484848484846, 32.95075757575758, 32.94621212121212, 32.948484848484846, 32.94772727272727, 32.94924242424243, 32.94621212121212, 32.948484848484846, 32.94621212121212, 32.946969696969695, 32.948484848484846, 32.95227272727273, 32.95075757575758, 32.95, 32.95151515151515, 32.95075757575758, 32.948484848484846, 32.948484848484846, 32.94924242424242, 32.95075757575758, 32.94772727272727, 32.946969696969695, 32.94924242424243, 32.95075757575758, 32.95075757575758, 32.95151515151515, 32.94924242424242, 32.94469696969697, 32.94166666666667, 32.942424242424245, 32.94469696969697, 32.94318181818182, 32.94621212121213, 32.94772727272727, 32.95151515151515, 32.9530303030303, 32.95, 32.95151515151515, 32.95, 32.949999999999996, 32.94924242424242, 32.94772727272727, 32.94318181818182, 32.94469696969697, 32.94166666666667, 32.94015151515152, 32.94318181818182, 32.945454545454545, 32.94318181818182, 32.93863636363636, 32.93712121212121, 32.93560606060606, 32.93712121212121, 32.93863636363637, 32.94015151515152, 32.93939393939394, 32.93333333333333, 32.93181818181819, 32.93560606060606, 32.94015151515152, 32.94318181818182, 32.94166666666667, 32.94166666666667, 32.946969696969695, 32.943939393939395, 32.94772727272727, 32.948484848484846, 32.94924242424242, 32.946969696969695, 32.94318181818182, 32.943939393939395, 32.945454545454545, 32.94772727272727, 32.946969696969695, 32.94166666666666, 32.93787878787879, 32.93787878787879, 32.93863636363636, 32.93863636363636, 32.93863636363636, 32.94090909090909, 32.943939393939395, 32.946969696969695, 32.9469696969697]",0.706412701557972,0.6735195991292138,33,"[33, 33, 33, 33, 33, 33, 33, 33, 33, 33, 33, 33, 33, 33, 33, 33, 33, 33, 33, 33, 33, 33, 33, 33, 33, 33, 33, 33, 33, 33, 33, 33, 33, 33, 33, 33, 33, 33, 33, 33, 33, 33, 33, 33, 33, 33, 33, 33, 33, 33, 33, 33, 33, 33, 33, 33, 33, 33, 33, 33, 33, 33, 33, 33, 33, 33, 33, 33, 33, 33, 33, 33, 33, 33, 33, 33, 33, 33, 33, 33, 33, 33, 33, 33, 33, 33, 33, 33, 33, 33, 33, 33, 33, 33, 33, 33, 33, 33, 33, 33, 33, 33, 33, 33, 33, 33, 33, 33, 33, 33]",110,"[0.47112834453582764, 0.44387927651405334, 0.4291734993457794, 0.41953280568122864, 0.41555503010749817, 0.4109356999397278, 0.40800949931144714, 0.40563565492630005, 0.40438374876976013, 0.4030648171901703, 0.40207839012145996, 0.40125685930252075, 0.4008796811103821, 0.40043288469314575, 0.3999200761318207, 0.39948418736457825, 0.39907318353652954, 0.39873993396759033, 0.3983859717845917, 0.3980725109577179, 0.39781978726387024, 0.3974984288215637, 0.39712971448898315, 0.39683082699775696, 0.396531879901886, 0.3962482213973999, 0.3959457278251648, 0.3956328332424164, 0.3953806757926941, 0.3951319754123688, 0.3948909044265747, 0.3946382999420166, 0.394356369972229, 0.39403489232063293, 0.3937470614910126, 0.3934731185436249, 0.3931955099105835, 0.3928966224193573, 0.3926417827606201, 0.39240914583206177, 0.3921603262424469, 0.39192473888397217, 0.3916681408882141, 0.39140254259109497, 0.3911353051662445, 0.39089325070381165, 0.39064085483551025, 0.3903874158859253, 0.390227347612381, 0.3899635672569275, 0.389753520488739, 0.38955938816070557, 0.38934552669525146, 0.38912540674209595, 0.38890039920806885, 0.3887089788913727, 0.388548344373703, 0.38836121559143066, 0.3882082402706146, 0.3879827558994293, 0.38776615262031555, 0.38757649064064026, 0.38735711574554443, 0.38713183999061584, 0.3869773745536804, 0.38681524991989136, 0.38661646842956543, 0.38642144203186035, 0.3862307369709015, 0.38603493571281433, 0.3858591914176941, 0.3857179582118988, 0.3855401277542114, 0.3854168951511383, 0.38525596261024475, 0.3850609064102173, 0.38493433594703674, 0.3847149908542633, 0.3846031129360199, 0.3844863176345825, 0.38438880443573, 0.3842110335826874, 0.38410675525665283, 0.3839321434497833, 0.3837466835975647, 0.38360396027565, 0.3834531903266907, 0.38327884674072266, 0.3831254839897156, 0.38305366039276123, 0.3828405737876892, 0.38266077637672424, 0.38252997398376465, 0.3823283314704895, 0.38220879435539246, 0.382117360830307, 0.38191527128219604, 0.3817954361438751, 0.38165751099586487, 0.38164031505584717, 0.3814777135848999, 0.3813328146934509, 0.38121989369392395, 0.38114407658576965, 0.3810878396034241, 0.38094645738601685, 0.380820095539093, 0.3807149827480316, 0.38053494691848755, 0.38041260838508606]",33.0,"[33.0, 33.0, 33.0, 33.0, 33.0, 33.0, 33.0, 33.0, 33.0, 33.0, 33.0, 33.0, 33.0, 33.0, 33.0, 33.0, 33.0, 33.0, 33.0, 33.0, 33.0, 33.0, 33.0, 33.0, 33.0, 33.0, 33.0, 33.0, 33.0, 33.0, 33.0, 33.0, 33.0, 33.0, 33.0, 33.0, 33.0, 33.0, 33.0, 33.0, 33.0, 33.0, 33.0, 33.0, 33.0, 33.0, 33.0, 33.0, 33.0, 33.0, 33.0, 33.0, 33.0, 33.0, 33.0, 33.0, 33.0, 33.0, 33.0, 33.0, 33.0, 33.0, 33.0, 33.0, 33.0, 33.0, 33.0, 33.0, 33.0, 33.0, 33.0, 33.0, 33.0, 33.0, 33.0, 33.0, 33.0, 33.0, 33.0, 33.0, 33.0, 33.0, 33.0, 33.0, 33.0, 33.0, 33.0, 33.0, 33.0, 33.0, 33.0, 33.0, 33.0, 33.0, 33.0, 33.0, 33.0, 33.0, 33.0, 33.0, 33.0, 33.0, 33.0, 33.0, 33.0, 33.0, 33.0, 33.0, 33.0, 33.0]",COMPLETE
