,number,value,datetime_start,datetime_complete,duration,params_batch_size_scaler,params_constant_learning_rate,params_depth,params_epochs,params_kernel_l2,params_num_trees,params_temperature,user_attrs_accuracy_test,user_attrs_accuracy_valid,user_attrs_approximate_feature_sparsity,user_attrs_approximate_feature_sparsity_history,user_attrs_approximate_weight_sparsity,user_attrs_approximate_weight_sparsity_history,user_attrs_auc_test,user_attrs_auc_valid,user_attrs_feature_sparsity,user_attrs_feature_sparsity_history,user_attrs_num_epochs,user_attrs_val_loss_history,user_attrs_weight_sparsity,user_attrs_weight_sparsity_history,state
166,166,0.5,2024-08-31 08:47:09.990191,2024-08-31 08:47:45.257578,0 days 00:00:35.267387,64,6.721970817036768,2,470,0.17838594778262112,62,0.0179171703146511,0.859,0.85875,4,"[6, 6, 7, 6, 5, 7, 7, 6, 6, 6, 5, 4, 4, 4, 4, 4, 4, 4, 4, 4, 4, 4, 4, 4, 4, 4, 4, 4, 4, 4, 4, 4, 3, 3, 3, 5, 5, 5, 4, 4, 4, 4, 4, 4, 4, 4, 4, 4, 5, 5, 5, 5, 5, 5, 5, 5, 5, 5, 5, 4, 4, 4, 4, 4, 4, 4, 4, 4, 4, 5, 5, 5, 5, 5, 5, 5, 5, 5, 5, 5, 5, 5, 5, 5, 5, 5, 5, 5, 5, 5, 4, 4, 4, 4, 4, 4, 4, 4, 4, 4, 4, 4, 4, 4, 4, 4, 4, 4, 4, 4, 4, 4, 4, 4, 4, 4, 4, 4, 4, 4, 4, 4, 4, 4, 4, 4, 4, 4, 4, 4, 4, 4, 4, 4, 4, 4, 4, 4, 4, 4, 4, 4, 4, 4, 4, 4, 4, 4, 4, 4, 4, 4, 4, 4, 4, 4, 4, 4, 4, 4, 4, 4, 4, 4, 4, 4, 4, 4, 4, 4, 4, 4, 4, 4, 4, 4, 4, 4, 4, 4, 4, 4, 4, 4, 4, 4, 4, 4, 4, 4, 4, 4, 4, 4, 4, 4, 4, 4, 4, 4, 4, 4, 4, 4, 4, 4, 4, 4, 4, 4, 4, 4, 4, 4, 4, 4, 4, 4, 4, 4, 4, 4, 4, 4, 4, 4, 4, 4, 4, 4, 4, 4, 4, 4, 4, 4, 4, 4, 4, 4, 4, 4, 4, 4, 4, 4, 4, 4, 4, 4, 4, 4, 4, 4, 4, 4, 4, 4, 4, 4, 4, 4, 4, 4, 4, 4, 4, 4, 4, 4, 4, 4, 4, 4, 4, 4, 4, 4, 4, 4, 4, 4, 4, 4, 4, 4, 4, 4, 4, 4, 4, 4, 4, 4, 4, 4, 4, 4, 4, 4, 4, 4, 4, 4, 4, 4, 4, 4, 4, 4, 4, 4, 4, 4, 4, 4, 4, 4, 4, 4, 4, 4, 4, 4, 4, 4, 4, 4, 4, 4, 4, 4, 4, 4, 4, 4, 4, 4, 4, 4, 4, 4, 4, 4, 4, 4, 4, 4, 4, 4, 4, 4, 4, 4, 4, 4, 4, 4, 4, 4, 4, 4, 4, 4, 4, 4, 4, 4, 4, 4, 4, 4, 4, 4, 4, 4, 4, 4, 4, 4, 4, 4, 4, 4, 4, 4, 4, 4, 4, 4, 4, 4, 4, 4, 4, 4, 4, 4, 4, 4, 4, 4, 4, 4, 4, 4, 4, 4, 4, 4, 4, 4, 4, 4, 4, 4, 4, 4, 4, 4, 4, 4, 4, 4, 4, 4, 4, 4, 4, 4, 4, 4, 4, 4, 4, 4, 4, 4, 4, 4, 4, 4, 4, 4, 4, 4, 4, 4, 4, 4, 4, 4, 4, 4, 4, 4, 4, 4, 4, 4, 4, 4, 4, 4, 4, 4, 4, 4, 4, 4]",4.0,"[5.994623655913978, 6.0, 7.0, 6.0, 5.0, 6.994623655913978, 7.0, 6.0, 6.0, 6.0, 4.994623655913978, 4.0, 4.0, 4.0, 3.9946236559139785, 4.0, 4.0, 4.0, 4.0, 4.0, 4.0, 4.0, 4.0, 4.0, 4.0, 4.0, 4.0, 4.0, 4.0, 4.0, 4.0, 4.0, 3.0, 3.0, 3.0, 4.96236559139785, 4.994623655913978, 4.983870967741936, 4.0, 4.0, 4.0, 4.0, 4.0, 3.9946236559139785, 3.989247311827957, 4.0, 4.0, 4.0, 4.994623655913978, 4.989247311827957, 4.989247311827957, 4.989247311827957, 5.0, 5.0, 4.994623655913978, 5.0, 4.994623655913978, 5.0, 5.0, 4.0, 4.0, 4.0, 4.0, 4.0, 4.0, 4.0, 4.0, 4.0, 4.0, 4.983870967741936, 4.994623655913978, 4.994623655913978, 5.0, 5.0, 4.994623655913978, 4.994623655913978, 5.0, 4.994623655913978, 5.0, 5.0, 5.0, 4.994623655913978, 5.0, 5.0, 5.0, 5.0, 5.0, 5.0, 5.0, 5.0, 4.0, 4.0, 4.0, 4.0, 4.0, 4.0, 4.0, 4.0, 4.0, 4.0, 4.0, 4.0, 3.9946236559139785, 4.0, 4.0, 3.9946236559139785, 3.9946236559139785, 4.0, 4.0, 3.9946236559139785, 4.0, 4.0, 4.0, 4.0, 4.0, 4.0, 4.0, 4.0, 4.0, 4.0, 4.0, 4.0, 4.0, 4.0, 4.0, 4.0, 4.0, 3.989247311827957, 4.0, 4.0, 4.0, 4.0, 4.0, 4.0, 4.0, 4.0, 4.0, 4.0, 4.0, 4.0, 4.0, 4.0, 4.0, 4.0, 4.0, 4.0, 3.9946236559139785, 4.0, 3.9946236559139785, 4.0, 4.0, 4.0, 4.0, 4.0, 4.0, 4.0, 4.0, 4.0, 4.0, 4.0, 3.9946236559139785, 4.0, 4.0, 4.0, 4.0, 4.0, 4.0, 4.0, 4.0, 4.0, 4.0, 4.0, 4.0, 4.0, 3.9946236559139785, 4.0, 4.0, 4.0, 4.0, 4.0, 4.0, 4.0, 4.0, 3.9946236559139785, 4.0, 4.0, 4.0, 4.0, 4.0, 4.0, 4.0, 4.0, 4.0, 4.0, 4.0, 4.0, 4.0, 4.0, 4.0, 4.0, 4.0, 4.0, 4.0, 4.0, 4.0, 4.0, 4.0, 3.9946236559139785, 4.0, 3.9946236559139785, 4.0, 4.0, 4.0, 3.9946236559139785, 3.9946236559139785, 4.0, 4.0, 4.0, 4.0, 4.0, 4.0, 4.0, 4.0, 4.0, 4.0, 4.0, 4.0, 4.0, 4.0, 4.0, 4.0, 4.0, 4.0, 4.0, 4.0, 4.0, 4.0, 4.0, 4.0, 4.0, 4.0, 4.0, 4.0, 4.0, 4.0, 4.0, 4.0, 4.0, 4.0, 4.0, 4.0, 4.0, 4.0, 4.0, 4.0, 4.0, 4.0, 4.0, 4.0, 4.0, 4.0, 4.0, 4.0, 4.0, 4.0, 4.0, 4.0, 4.0, 4.0, 4.0, 4.0, 4.0, 4.0, 4.0, 3.9946236559139785, 4.0, 4.0, 4.0, 4.0, 4.0, 4.0, 4.0, 4.0, 4.0, 3.9946236559139785, 3.9946236559139785, 4.0, 4.0, 4.0, 4.0, 4.0, 4.0, 4.0, 4.0, 4.0, 3.989247311827957, 4.0, 4.0, 4.0, 4.0, 4.0, 4.0, 4.0, 4.0, 4.0, 4.0, 4.0, 4.0, 4.0, 4.0, 4.0, 4.0, 4.0, 4.0, 4.0, 4.0, 4.0, 4.0, 4.0, 3.9946236559139785, 4.0, 4.0, 4.0, 4.0, 4.0, 4.0, 4.0, 4.0, 4.0, 4.0, 4.0, 4.0, 4.0, 4.0, 4.0, 3.9946236559139785, 4.0, 4.0, 4.0, 4.0, 4.0, 4.0, 4.0, 4.0, 4.0, 3.9946236559139785, 4.0, 4.0, 4.0, 4.0, 4.0, 4.0, 4.0, 4.0, 4.0, 4.0, 4.0, 4.0, 4.0, 4.0, 4.0, 4.0, 4.0, 4.0, 4.0, 4.0, 4.0, 4.0, 4.0, 4.0, 4.0, 4.0, 4.0, 4.0, 4.0, 4.0, 3.9946236559139785, 4.0, 4.0, 4.0, 4.0, 4.0, 4.0, 4.0, 4.0, 4.0, 4.0, 4.0, 3.9946236559139785, 4.0, 4.0, 4.0, 4.0, 4.0, 4.0, 3.9946236559139785, 4.0, 4.0, 4.0, 4.0, 4.0, 3.9946236559139785, 4.0, 3.9946236559139785, 4.0, 4.0, 4.0, 4.0, 4.0, 4.0, 4.0, 4.0, 4.0, 4.0, 4.0, 4.0, 3.9946236559139785, 4.0, 4.0, 4.0, 4.0, 4.0, 4.0, 4.0, 4.0, 4.0, 4.0, 4.0, 4.0, 4.0, 4.0, 4.0, 4.0, 4.0, 4.0, 4.0, 4.0, 4.0, 4.0, 4.0, 4.0, 4.0, 4.0, 4.0, 4.0, 4.0, 4.0, 4.0, 4.0, 4.0, 4.0, 4.0, 4.0, 4.0, 4.0, 4.0, 4.0, 4.0, 4.0, 4.0, 4.0, 4.0, 4.0, 4.0, 4.0, 4.0, 4.0, 4.0, 4.0, 4.0]",0.5,0.5,4,"[6, 6, 7, 6, 5, 7, 7, 6, 6, 6, 5, 4, 4, 4, 4, 4, 4, 4, 4, 4, 4, 4, 4, 4, 4, 4, 4, 4, 4, 4, 4, 4, 3, 3, 3, 5, 5, 5, 4, 4, 4, 4, 4, 4, 4, 4, 4, 4, 5, 5, 5, 5, 5, 5, 5, 5, 5, 5, 5, 4, 4, 4, 4, 4, 4, 4, 4, 4, 4, 5, 5, 5, 5, 5, 5, 5, 5, 5, 5, 5, 5, 5, 5, 5, 5, 5, 5, 5, 5, 5, 4, 4, 4, 4, 4, 4, 4, 4, 4, 4, 4, 4, 4, 4, 4, 4, 4, 4, 4, 4, 4, 4, 4, 4, 4, 4, 4, 4, 4, 4, 4, 4, 4, 4, 4, 4, 4, 4, 4, 4, 4, 4, 4, 4, 4, 4, 4, 4, 4, 4, 4, 4, 4, 4, 4, 4, 4, 4, 4, 4, 4, 4, 4, 4, 4, 4, 4, 4, 4, 4, 4, 4, 4, 4, 4, 4, 4, 4, 4, 4, 4, 4, 4, 4, 4, 4, 4, 4, 4, 4, 4, 4, 4, 4, 4, 4, 4, 4, 4, 4, 4, 4, 4, 4, 4, 4, 4, 4, 4, 4, 4, 4, 4, 4, 4, 4, 4, 4, 4, 4, 4, 4, 4, 4, 4, 4, 4, 4, 4, 4, 4, 4, 4, 4, 4, 4, 4, 4, 4, 4, 4, 4, 4, 4, 4, 4, 4, 4, 4, 4, 4, 4, 4, 4, 4, 4, 4, 4, 4, 4, 4, 4, 4, 4, 4, 4, 4, 4, 4, 4, 4, 4, 4, 4, 4, 4, 4, 4, 4, 4, 4, 4, 4, 4, 4, 4, 4, 4, 4, 4, 4, 4, 4, 4, 4, 4, 4, 4, 4, 4, 4, 4, 4, 4, 4, 4, 4, 4, 4, 4, 4, 4, 4, 4, 4, 4, 4, 4, 4, 4, 4, 4, 4, 4, 4, 4, 4, 4, 4, 4, 4, 4, 4, 4, 4, 4, 4, 4, 4, 4, 4, 4, 4, 4, 4, 4, 4, 4, 4, 4, 4, 4, 4, 4, 4, 4, 4, 4, 4, 4, 4, 4, 4, 4, 4, 4, 4, 4, 4, 4, 4, 4, 4, 4, 4, 4, 4, 4, 4, 4, 4, 4, 4, 4, 4, 4, 4, 4, 4, 4, 4, 4, 4, 4, 4, 4, 4, 4, 4, 4, 4, 4, 4, 4, 4, 4, 4, 4, 4, 4, 4, 4, 4, 4, 4, 4, 4, 4, 4, 4, 4, 4, 4, 4, 4, 4, 4, 4, 4, 4, 4, 4, 4, 4, 4, 4, 4, 4, 4, 4, 4, 4, 4, 4, 4, 4, 4, 4, 4, 4, 4, 4, 4, 4, 4, 4, 4, 4, 4, 4, 4, 4, 4, 4, 4, 4, 4, 4, 4, 4, 4, 4, 4, 4, 4, 4, 4, 4, 4, 4]",470,"[7.0063652992248535, 22.496259689331055, 31.835094451904297, 65.47834014892578, 34.27589797973633, 12.955821990966797, 39.29027557373047, 54.021671295166016, 4.1795854568481445, 9.027029991149902, 35.662986755371094, 67.5280990600586, 11.611810684204102, 41.5456657409668, 66.99300384521484, 12.528826713562012, 51.13394546508789, 32.02943801879883, 29.976646423339844, 52.4526481628418, 53.71086120605469, 39.98592758178711, 74.44305419921875, 20.770893096923828, 58.71113586425781, 12.739684104919434, 22.275653839111328, 59.720306396484375, 3.5797486305236816, 44.377769470214844, 58.0919075012207, 24.881650924682617, 37.02326965332031, 78.48910522460938, 21.55640411376953, 62.450130462646484, 7.434621810913086, 51.1536979675293, 58.85836410522461, 30.4958438873291, 46.708866119384766, 38.274452209472656, 80.6738052368164, 22.743362426757812, 62.7929573059082, 9.62401294708252, 51.54499053955078, 53.50648498535156, 32.33860778808594, 46.963104248046875, 98.28655242919922, 29.286592483520508, 49.635929107666016, 69.33758544921875, 30.50970458984375, 43.44452667236328, 61.993186950683594, 4.496063709259033, 5.864697456359863, 52.740394592285156, 65.59077453613281, 34.876502990722656, 76.17851257324219, 20.460098266601562, 64.74325561523438, 5.808053970336914, 52.513633728027344, 20.865001678466797, 21.513534545898438, 61.99311065673828, 4.01926851272583, 80.59173583984375, 27.43633460998535, 61.360008239746094, 6.119317531585693, 48.80233383178711, 43.726619720458984, 32.37827682495117, 44.09929275512695, 65.68698120117188, 5.652952194213867, 45.139976501464844, 9.977558135986328, 41.072906494140625, 52.49513244628906, 17.1065616607666, 18.691394805908203, 57.37226867675781, 13.389620780944824, 20.322057723999023, 63.53586959838867, 13.158844947814941, 33.57860565185547, 71.78711700439453, 19.37159538269043, 60.94764709472656, 6.571976184844971, 19.87362289428711, 61.1369743347168, 11.207951545715332, 30.207263946533203, 52.8312873840332, 25.318130493164062, 13.917649269104004, 30.545629501342773, 41.034976959228516, 61.462257385253906, 9.678386688232422, 46.398414611816406, 49.3715705871582, 13.645965576171875, 39.78340148925781, 60.409690856933594, 11.10766887664795, 35.8260498046875, 73.61290740966797, 19.589746475219727, 54.82353973388672, 4.80282735824585, 64.6776123046875, 32.046546936035156, 43.1002197265625, 62.54607009887695, 4.931002140045166, 45.65571594238281, 61.04425811767578, 28.969470977783203, 48.0535888671875, 40.128902435302734, 12.296394348144531, 29.595064163208008, 41.665283203125, 58.46034240722656, 4.554248809814453, 43.54884719848633, 61.57524490356445, 16.827810287475586, 56.36565017700195, 5.418909072875977, 27.761690139770508, 43.211124420166016, 66.9200210571289, 27.500476837158203, 42.05683135986328, 61.88542175292969, 6.669490337371826, 48.101322174072266, 36.89654541015625, 20.604570388793945, 55.393028259277344, 33.25138854980469, 21.2565975189209, 39.63856506347656, 57.31598663330078, 5.112473487854004, 37.574363708496094, 57.052547454833984, 8.196830749511719, 24.1956787109375, 57.89140319824219, 10.858592987060547, 27.971101760864258, 40.33283233642578, 59.781951904296875, 5.759769439697266, 41.659908294677734, 50.33869934082031, 47.80751419067383, 14.533480644226074, 18.295982360839844, 56.098358154296875, 8.882291793823242, 26.932533264160156, 45.16169357299805, 73.34923553466797, 28.77361488342285, 38.135101318359375, 61.443485260009766, 8.521232604980469, 39.68815231323242, 56.310367584228516, 6.669963359832764, 21.623672485351562, 49.45079040527344, 29.90963363647461, 20.500131607055664, 53.0257568359375, 20.9945068359375, 18.2631893157959, 44.00044250488281, 38.252628326416016, 37.14170455932617, 49.175682067871094, 38.33578872680664, 15.723758697509766, 9.3139066696167, 43.161285400390625, 55.467811584472656, 19.672176361083984, 18.670936584472656, 54.526817321777344, 4.406983852386475, 28.257463455200195, 43.0875244140625, 53.9975700378418, 26.823078155517578, 45.686912536621094, 77.02303314208984, 31.594789505004883, 67.59508514404297, 18.58799171447754, 31.219287872314453, 44.94745635986328, 77.8292236328125, 25.698530197143555, 43.87135696411133, 45.5552864074707, 9.374990463256836, 27.706701278686523, 38.12769317626953, 73.82989501953125, 22.803138732910156, 44.2606315612793, 58.332298278808594, 20.52796173095703, 35.863014221191406, 47.6510124206543, 19.0914363861084, 13.161181449890137, 30.582181930541992, 66.6026382446289, 17.00823211669922, 28.82083511352539, 43.084774017333984, 84.40901184082031, 22.865734100341797, 40.65728759765625, 48.72685623168945, 25.683496475219727, 15.589191436767578, 33.50788497924805, 67.230224609375, 17.410324096679688, 47.181068420410156, 53.24977111816406, 6.748566150665283, 26.009654998779297, 43.16453170776367, 31.142210006713867, 67.5126953125, 16.330175399780273, 28.942737579345703, 43.61249923706055, 81.3194808959961, 25.23504638671875, 42.698204040527344, 72.80646514892578, 29.8316593170166, 42.1789436340332, 57.20676803588867, 3.979909658432007, 46.5643196105957, 39.19255065917969, 12.760586738586426, 30.09787368774414, 66.33573150634766, 11.9414644241333, 36.06083297729492, 58.119178771972656, 6.469956874847412, 42.77615737915039, 21.5187931060791, 14.672685623168945, 32.56089401245117, 70.24108123779297, 19.786102294921875, 41.1451416015625, 52.205543518066406, 5.024685382843018, 12.409773826599121, 44.874210357666016, 54.568580627441406, 12.103931427001953, 31.6534423828125, 69.15485382080078, 21.46527671813965, 37.1109619140625, 49.656795501708984, 17.780975341796875, 15.62561321258545, 29.214214324951172, 40.44647979736328, 38.935115814208984, 51.998714447021484, 5.458662509918213, 12.069825172424316, 29.276941299438477, 62.110145568847656, 14.558435440063477, 6.8393683433532715, 36.95459747314453, 47.95643615722656, 40.810813903808594, 26.245079040527344, 41.626319885253906, 54.99589920043945, 3.233165979385376, 44.66326141357422, 69.86083984375, 24.292081832885742, 42.24192428588867, 45.36943054199219, 77.39642333984375, 24.055917739868164, 37.854576110839844, 59.30180358886719, 7.835734844207764, 30.243322372436523, 35.84095001220703, 56.137718200683594, 3.229702949523926, 42.30027389526367, 8.651565551757812, 21.222410202026367, 50.386619567871094, 26.475685119628906, 15.627784729003906, 31.735057830810547, 64.56077575683594, 14.142705917358398, 27.240026473999023, 40.903751373291016, 49.933082580566406, 4.327097415924072, 40.4662971496582, 57.617462158203125, 11.98621940612793, 23.756946563720703, 43.9755744934082, 42.50357437133789, 29.159486770629883, 43.709739685058594, 65.76002502441406, 33.67813491821289, 49.535621643066406, 35.77810287475586, 16.694047927856445, 49.63426208496094, 26.156801223754883, 16.231090545654297, 11.882123947143555, 24.4908504486084, 50.219017028808594, 33.27358627319336, 30.61145782470703, 7.189120292663574, 44.12801742553711, 49.58237838745117, 37.122642517089844, 13.248188018798828, 21.945545196533203, 53.474884033203125, 10.978382110595703, 10.12757396697998, 30.373842239379883, 65.04183959960938, 12.934115409851074, 32.3761100769043, 64.05203247070312, 16.35374641418457, 28.072860717773438, 43.16398620605469, 33.68041229248047, 13.218313217163086, 24.237525939941406, 51.622764587402344, 23.597261428833008, 13.068831443786621, 22.703702926635742, 60.728328704833984, 13.721979141235352, 28.011499404907227, 34.91926574707031, 68.55152130126953, 20.417877197265625, 41.87395095825195, 37.32963943481445, 13.41192626953125, 33.68280792236328, 61.130001068115234, 8.823430061340332, 25.60797119140625, 42.37314987182617, 108.32548522949219, 26.3553466796875, 46.21494674682617, 48.349388122558594, 18.069616317749023, 54.0380744934082, 10.653724670410156, 16.40809440612793, 26.636863708496094, 42.3135871887207, 98.33499145507812, 29.801136016845703, 46.91852951049805, 58.00129699707031, 31.480798721313477, 51.718482971191406, 14.214408874511719, 16.9507999420166, 26.176773071289062, 39.871726989746094, 41.101463317871094, 54.12712860107422, 4.6333160400390625, 42.57390594482422, 58.7830810546875, 12.564632415771484, 30.30374526977539, 65.49928283691406, 17.049592971801758, 14.713576316833496, 24.224966049194336, 40.766136169433594, 46.4040641784668, 29.904890060424805, 27.462221145629883, 41.16606140136719, 58.510597229003906, 9.517712593078613, 37.68608093261719, 53.521846771240234, 3.463987112045288, 62.9856071472168, 13.337924003601074, 33.988182067871094, 62.190277099609375, 10.080899238586426, 29.148000717163086, 41.47111511230469, 51.68352127075195, 12.79664421081543, 17.59613800048828, 53.232398986816406, 5.5996174812316895, 26.401090621948242, 38.1145133972168, 52.336273193359375, 7.6492509841918945, 9.261249542236328, 45.8699836730957, 38.94437789916992, 19.010391235351562, 49.195037841796875, 31.230335235595703, 14.7765531539917, 24.22629165649414, 39.73127746582031, 48.58085632324219, 12.56383991241455, 16.54695701599121, 50.96946716308594, 11.202775955200195, 17.312667846679688, 50.20033645629883, 16.89946937561035, 16.054065704345703, 23.2677059173584, 57.7932014465332]",4.0,"[6.0, 6.0, 7.0, 6.0, 5.0, 7.0, 7.0, 6.0, 6.0, 6.0, 5.0, 4.0, 4.0, 4.0, 4.0, 4.0, 4.0, 4.0, 4.0, 4.0, 4.0, 4.0, 4.0, 4.0, 4.0, 4.0, 4.0, 4.0, 4.0, 4.0, 4.0, 4.0, 3.0, 3.0, 3.0, 5.0, 5.0, 5.0, 4.0, 4.0, 4.0, 4.0, 4.0, 4.0, 4.0, 4.0, 4.0, 4.0, 5.0, 5.0, 5.0, 5.0, 5.0, 5.0, 5.0, 5.0, 5.0, 5.0, 5.0, 4.0, 4.0, 4.0, 4.0, 4.0, 4.0, 4.0, 4.0, 4.0, 4.0, 5.0, 5.0, 5.0, 5.0, 5.0, 5.0, 5.0, 5.0, 5.0, 5.0, 5.0, 5.0, 5.0, 5.0, 5.0, 5.0, 5.0, 5.0, 5.0, 5.0, 5.0, 4.0, 4.0, 4.0, 4.0, 4.0, 4.0, 4.0, 4.0, 4.0, 4.0, 4.0, 4.0, 4.0, 4.0, 4.0, 4.0, 4.0, 4.0, 4.0, 4.0, 4.0, 4.0, 4.0, 4.0, 4.0, 4.0, 4.0, 4.0, 4.0, 4.0, 4.0, 4.0, 4.0, 4.0, 4.0, 4.0, 4.0, 4.0, 4.0, 4.0, 4.0, 4.0, 4.0, 4.0, 4.0, 4.0, 4.0, 4.0, 4.0, 4.0, 4.0, 4.0, 4.0, 4.0, 4.0, 4.0, 4.0, 4.0, 4.0, 4.0, 4.0, 4.0, 4.0, 4.0, 4.0, 4.0, 4.0, 4.0, 4.0, 4.0, 4.0, 4.0, 4.0, 4.0, 4.0, 4.0, 4.0, 4.0, 4.0, 4.0, 4.0, 4.0, 4.0, 4.0, 4.0, 4.0, 4.0, 4.0, 4.0, 4.0, 4.0, 4.0, 4.0, 4.0, 4.0, 4.0, 4.0, 4.0, 4.0, 4.0, 4.0, 4.0, 4.0, 4.0, 4.0, 4.0, 4.0, 4.0, 4.0, 4.0, 4.0, 4.0, 4.0, 4.0, 4.0, 4.0, 4.0, 4.0, 4.0, 4.0, 4.0, 4.0, 4.0, 4.0, 4.0, 4.0, 4.0, 4.0, 4.0, 4.0, 4.0, 4.0, 4.0, 4.0, 4.0, 4.0, 4.0, 4.0, 4.0, 4.0, 4.0, 4.0, 4.0, 4.0, 4.0, 4.0, 4.0, 4.0, 4.0, 4.0, 4.0, 4.0, 4.0, 4.0, 4.0, 4.0, 4.0, 4.0, 4.0, 4.0, 4.0, 4.0, 4.0, 4.0, 4.0, 4.0, 4.0, 4.0, 4.0, 4.0, 4.0, 4.0, 4.0, 4.0, 4.0, 4.0, 4.0, 4.0, 4.0, 4.0, 4.0, 4.0, 4.0, 4.0, 4.0, 4.0, 4.0, 4.0, 4.0, 4.0, 4.0, 4.0, 4.0, 4.0, 4.0, 4.0, 4.0, 4.0, 4.0, 4.0, 4.0, 4.0, 4.0, 4.0, 4.0, 4.0, 4.0, 4.0, 4.0, 4.0, 4.0, 4.0, 4.0, 4.0, 4.0, 4.0, 4.0, 4.0, 4.0, 4.0, 4.0, 4.0, 4.0, 4.0, 4.0, 4.0, 4.0, 4.0, 4.0, 4.0, 4.0, 4.0, 4.0, 4.0, 4.0, 4.0, 4.0, 4.0, 4.0, 4.0, 4.0, 4.0, 4.0, 4.0, 4.0, 4.0, 4.0, 4.0, 4.0, 4.0, 4.0, 4.0, 4.0, 4.0, 4.0, 4.0, 4.0, 4.0, 4.0, 4.0, 4.0, 4.0, 4.0, 4.0, 4.0, 4.0, 4.0, 4.0, 4.0, 4.0, 4.0, 4.0, 4.0, 4.0, 4.0, 4.0, 4.0, 4.0, 4.0, 4.0, 4.0, 4.0, 4.0, 4.0, 4.0, 4.0, 4.0, 4.0, 4.0, 4.0, 4.0, 4.0, 4.0, 4.0, 4.0, 4.0, 4.0, 4.0, 4.0, 4.0, 4.0, 4.0, 4.0, 4.0, 4.0, 4.0, 4.0, 4.0, 4.0, 4.0, 4.0, 4.0, 4.0, 4.0, 4.0, 4.0, 4.0, 4.0, 4.0, 4.0, 4.0, 4.0, 4.0, 4.0, 4.0, 4.0, 4.0, 4.0, 4.0, 4.0, 4.0, 4.0, 4.0, 4.0, 4.0, 4.0, 4.0, 4.0, 4.0, 4.0, 4.0, 4.0, 4.0, 4.0, 4.0, 4.0, 4.0, 4.0, 4.0, 4.0, 4.0, 4.0, 4.0, 4.0, 4.0, 4.0, 4.0, 4.0, 4.0, 4.0, 4.0, 4.0, 4.0, 4.0, 4.0, 4.0, 4.0, 4.0, 4.0, 4.0, 4.0, 4.0, 4.0, 4.0, 4.0, 4.0, 4.0, 4.0, 4.0, 4.0]",COMPLETE
