,number,value,datetime_start,datetime_complete,duration,params_batch_size_scaler,params_constant_learning_rate,params_depth,params_epochs,params_kernel_l2,params_num_trees,params_temperature,user_attrs_accuracy_test,user_attrs_accuracy_valid,user_attrs_approximate_feature_sparsity,user_attrs_approximate_feature_sparsity_history,user_attrs_approximate_weight_sparsity,user_attrs_approximate_weight_sparsity_history,user_attrs_auc_test,user_attrs_auc_valid,user_attrs_feature_sparsity,user_attrs_feature_sparsity_history,user_attrs_num_epochs,user_attrs_val_loss_history,user_attrs_weight_sparsity,user_attrs_weight_sparsity_history,state
1,1,0.6782470920122116,2024-08-31 00:33:08.847506,2024-08-31 00:33:37.002694,0 days 00:00:28.155188,64,0.01208266625330546,3,280,0.00263730777909246,68,0.00039292030026239497,0.86,0.85875,33,"[33, 33, 33, 33, 33, 33, 33, 33, 33, 33, 33, 33, 33, 33, 33, 33, 33, 33, 33, 33, 33, 33, 33, 33, 33, 33, 33, 33, 33, 33, 33, 33, 33, 33, 33, 33, 33, 33, 33, 33, 33, 33, 33, 33, 33, 33, 33, 33, 33, 33, 33, 33, 33, 33, 33, 33, 33, 33, 33, 33, 33, 33, 33, 33, 33, 33, 33, 33, 33, 33, 33, 33, 33, 33, 33, 33, 33, 33, 33, 33, 33, 33, 33, 33, 33, 33, 33, 33, 33, 33, 33, 33, 33, 33, 33, 33, 33, 33, 33, 33, 33, 33, 33, 33, 33, 33, 33, 33, 33, 33, 33, 33, 33, 33, 33, 33, 33, 33, 33, 33, 33, 33, 33, 33, 33, 33, 33, 33, 33, 33, 33, 33, 33, 33, 33, 33, 33, 33, 33, 33, 33, 33, 33, 33, 33, 33, 33, 33, 33, 33, 33, 33, 33, 33, 33, 33, 33, 33, 33, 33, 33, 33, 33, 33, 33, 33, 33, 33, 33, 33, 33, 33, 33, 33, 33, 33, 33, 33, 33, 33, 33, 33, 33, 33, 33, 33, 33, 33, 33, 33, 33, 33, 33, 33, 33, 33, 33, 33, 33, 33, 33, 33, 33, 33, 33, 33, 33, 33, 33, 33, 33, 33, 33, 33, 33, 33, 33, 33, 33, 33, 33, 33, 33, 33, 33, 33, 33, 33, 33, 33, 33, 33, 33, 33, 33, 33, 33, 33, 33, 33, 33, 33, 33, 33, 33, 33, 33, 33, 33, 33, 33, 33, 33, 33, 33, 33, 33, 33, 33, 33, 33, 33, 33, 33, 33, 33, 33, 33, 33, 33, 33, 33, 33, 33, 33, 33, 33, 33, 33, 33]",32.97268907563025,"[32.964285714285715, 32.964285714285715, 32.976890756302524, 32.98109243697479, 32.983193277310924, 32.98529411764706, 32.98529411764706, 32.983193277310924, 32.98529411764706, 32.98529411764706, 32.983193277310924, 32.983193277310924, 32.97899159663866, 32.96848739495798, 32.976890756302524, 32.97478991596639, 32.97268907563025, 32.97268907563026, 32.976890756302524, 32.97478991596638, 32.97268907563026, 32.97478991596638, 32.96638655462185, 32.964285714285715, 32.964285714285715, 32.96638655462185, 32.96638655462185, 32.970588235294116, 32.970588235294116, 32.96848739495798, 32.964285714285715, 32.96008403361344, 32.95378151260504, 32.95378151260504, 32.95378151260505, 32.95168067226891, 32.96218487394958, 32.964285714285715, 32.96638655462185, 32.96638655462185, 32.96848739495798, 32.96848739495798, 32.96638655462185, 32.96638655462185, 32.96848739495798, 32.96638655462185, 32.96848739495798, 32.970588235294116, 32.976890756302524, 32.97899159663865, 32.97899159663865, 32.976890756302524, 32.97899159663866, 32.976890756302524, 32.97478991596638, 32.976890756302524, 32.98109243697479, 32.98109243697479, 32.98109243697479, 32.97478991596638, 32.97478991596638, 32.97899159663866, 32.983193277310924, 32.98109243697479, 32.97899159663866, 32.97899159663866, 32.98109243697479, 32.98109243697479, 32.97899159663866, 32.97899159663866, 32.983193277310924, 32.976890756302524, 32.97899159663866, 32.97899159663866, 32.97899159663866, 32.97899159663866, 32.97899159663866, 32.976890756302524, 32.97268907563025, 32.97478991596638, 32.97478991596638, 32.97478991596638, 32.97268907563026, 32.970588235294116, 32.97478991596638, 32.970588235294116, 32.970588235294116, 32.97478991596638, 32.97268907563025, 32.97478991596638, 32.976890756302524, 32.976890756302524, 32.97268907563025, 32.97268907563025, 32.97478991596639, 32.97478991596639, 32.976890756302524, 32.97268907563025, 32.96848739495798, 32.970588235294116, 32.96848739495798, 32.96638655462185, 32.96848739495798, 32.97478991596638, 32.97899159663866, 32.98109243697479, 32.983193277310924, 32.98109243697479, 32.98109243697479, 32.98109243697479, 32.98109243697479, 32.97899159663866, 32.97899159663866, 32.97899159663866, 32.98109243697479, 32.98109243697479, 32.98109243697479, 32.97899159663866, 32.97899159663866, 32.97899159663866, 32.97899159663866, 32.97899159663866, 32.976890756302524, 32.976890756302524, 32.97268907563025, 32.97268907563025, 32.970588235294116, 32.964285714285715, 32.96638655462185, 32.96638655462185, 32.96638655462185, 32.96638655462185, 32.96638655462185, 32.970588235294116, 32.96848739495798, 32.97268907563025, 32.97268907563025, 32.97478991596639, 32.97899159663866, 32.976890756302524, 32.97899159663866, 32.97689075630252, 32.97268907563025, 32.97268907563025, 32.97268907563025, 32.97899159663865, 32.97899159663865, 32.97899159663865, 32.97899159663865, 32.976890756302524, 32.97899159663866, 32.976890756302524, 32.976890756302524, 32.983193277310924, 32.98529411764706, 32.9873949579832, 32.98529411764706, 32.98529411764706, 32.98529411764706, 32.98529411764706, 32.98529411764706, 32.98109243697479, 32.976890756302524, 32.976890756302524, 32.97899159663866, 32.983193277310924, 32.983193277310924, 32.98109243697479, 32.983193277310924, 32.983193277310924, 32.983193277310924, 32.98109243697479, 32.98529411764706, 32.9873949579832, 32.989495798319325, 32.98109243697479, 32.98109243697479, 32.98529411764706, 32.9873949579832, 32.98529411764706, 32.991596638655466, 32.98739495798319, 32.98739495798319, 32.98739495798319, 32.98529411764706, 32.983193277310924, 32.98109243697479, 32.97689075630252, 32.976890756302524, 32.98109243697479, 32.98109243697479, 32.976890756302524, 32.98109243697479, 32.97899159663866, 32.976890756302524, 32.97899159663866, 32.97899159663866, 32.97899159663866, 32.97899159663866, 32.976890756302524, 32.976890756302524, 32.970588235294116, 32.970588235294116, 32.97268907563026, 32.97478991596638, 32.97268907563026, 32.97478991596638, 32.97478991596638, 32.976890756302524, 32.976890756302524, 32.97268907563026, 32.976890756302524, 32.976890756302524, 32.97899159663866, 32.98109243697479, 32.98109243697479, 32.97899159663866, 32.97478991596638, 32.976890756302524, 32.97268907563025, 32.97268907563025, 32.97268907563025, 32.976890756302524, 32.98109243697479, 32.98109243697479, 32.98109243697479, 32.98109243697479, 32.97899159663866, 32.97899159663866, 32.976890756302524, 32.97899159663866, 32.983193277310924, 32.983193277310924, 32.97899159663866, 32.97899159663866, 32.97899159663866, 32.98109243697479, 32.983193277310924, 32.983193277310924, 32.98109243697479, 32.97899159663866, 32.97478991596638, 32.97268907563026, 32.970588235294116, 32.970588235294116, 32.970588235294116, 32.97268907563025, 32.970588235294116, 32.97268907563025, 32.97268907563025, 32.970588235294116, 32.97478991596638, 32.97478991596638, 32.97478991596638, 32.97478991596638, 32.97268907563025, 32.97268907563025, 32.970588235294116, 32.96638655462185, 32.964285714285715, 32.96218487394958, 32.96218487394958, 32.95798319327731, 32.970588235294116, 32.970588235294116, 32.97268907563026, 32.97478991596638, 32.976890756302524, 32.97268907563026, 32.97268907563026, 32.96848739495798, 32.96848739495798, 32.96848739495798, 32.96848739495798, 32.96848739495798, 32.970588235294116, 32.96848739495798, 32.96848739495798, 32.970588235294116, 32.97268907563025]",0.7165184653109752,0.6782470920122116,33,"[33, 33, 33, 33, 33, 33, 33, 33, 33, 33, 33, 33, 33, 33, 33, 33, 33, 33, 33, 33, 33, 33, 33, 33, 33, 33, 33, 33, 33, 33, 33, 33, 33, 33, 33, 33, 33, 33, 33, 33, 33, 33, 33, 33, 33, 33, 33, 33, 33, 33, 33, 33, 33, 33, 33, 33, 33, 33, 33, 33, 33, 33, 33, 33, 33, 33, 33, 33, 33, 33, 33, 33, 33, 33, 33, 33, 33, 33, 33, 33, 33, 33, 33, 33, 33, 33, 33, 33, 33, 33, 33, 33, 33, 33, 33, 33, 33, 33, 33, 33, 33, 33, 33, 33, 33, 33, 33, 33, 33, 33, 33, 33, 33, 33, 33, 33, 33, 33, 33, 33, 33, 33, 33, 33, 33, 33, 33, 33, 33, 33, 33, 33, 33, 33, 33, 33, 33, 33, 33, 33, 33, 33, 33, 33, 33, 33, 33, 33, 33, 33, 33, 33, 33, 33, 33, 33, 33, 33, 33, 33, 33, 33, 33, 33, 33, 33, 33, 33, 33, 33, 33, 33, 33, 33, 33, 33, 33, 33, 33, 33, 33, 33, 33, 33, 33, 33, 33, 33, 33, 33, 33, 33, 33, 33, 33, 33, 33, 33, 33, 33, 33, 33, 33, 33, 33, 33, 33, 33, 33, 33, 33, 33, 33, 33, 33, 33, 33, 33, 33, 33, 33, 33, 33, 33, 33, 33, 33, 33, 33, 33, 33, 33, 33, 33, 33, 33, 33, 33, 33, 33, 33, 33, 33, 33, 33, 33, 33, 33, 33, 33, 33, 33, 33, 33, 33, 33, 33, 33, 33, 33, 33, 33, 33, 33, 33, 33, 33, 33, 33, 33, 33, 33, 33, 33, 33, 33, 33, 33, 33, 33]",280,"[0.6798459887504578, 0.5929278135299683, 0.5400505661964417, 0.5029701590538025, 0.47779524326324463, 0.45983651280403137, 0.44815385341644287, 0.43912604451179504, 0.4321945309638977, 0.42776063084602356, 0.42445313930511475, 0.42146575450897217, 0.4192862808704376, 0.4173288643360138, 0.4161044955253601, 0.41511061787605286, 0.4139535427093506, 0.41314202547073364, 0.4121496081352234, 0.41141238808631897, 0.41075679659843445, 0.41028517484664917, 0.4097708761692047, 0.40938037633895874, 0.4090038537979126, 0.40868714451789856, 0.4082963466644287, 0.4079842269420624, 0.4076847732067108, 0.40741977095603943, 0.40710723400115967, 0.40685099363327026, 0.40654173493385315, 0.40629616379737854, 0.40604037046432495, 0.4057827889919281, 0.4054744243621826, 0.40523457527160645, 0.4049831032752991, 0.40474578738212585, 0.4044795334339142, 0.4042491018772125, 0.40399685502052307, 0.4037512242794037, 0.4034975469112396, 0.403227299451828, 0.4030076563358307, 0.4027423858642578, 0.4024878442287445, 0.40226566791534424, 0.4020494520664215, 0.4018375873565674, 0.4016241133213043, 0.4014008641242981, 0.4011676013469696, 0.40095284581184387, 0.4007059335708618, 0.40050843358039856, 0.40028277039527893, 0.4000709652900696, 0.3998960554599762, 0.39967137575149536, 0.39947518706321716, 0.39927929639816284, 0.3990634083747864, 0.39888685941696167, 0.39871203899383545, 0.39846310019493103, 0.3982800543308258, 0.3981039524078369, 0.3978525996208191, 0.3976436257362366, 0.39741432666778564, 0.397216260433197, 0.39704686403274536, 0.39684048295021057, 0.3966348171234131, 0.39646193385124207, 0.39627015590667725, 0.3961276710033417, 0.39591389894485474, 0.3957267105579376, 0.39556679129600525, 0.39539897441864014, 0.39522507786750793, 0.3950139582157135, 0.39483529329299927, 0.3946485221385956, 0.3944447636604309, 0.39429041743278503, 0.3941315710544586, 0.39395567774772644, 0.3937877416610718, 0.39360055327415466, 0.39344683289527893, 0.39329302310943604, 0.3931243121623993, 0.39298516511917114, 0.39280837774276733, 0.3926161527633667, 0.39246073365211487, 0.39227989315986633, 0.3921295404434204, 0.392007440328598, 0.39183303713798523, 0.39167463779449463, 0.39155343174934387, 0.3913761079311371, 0.39120930433273315, 0.39103764295578003, 0.3908936381340027, 0.3907390236854553, 0.39059844613075256, 0.3904425799846649, 0.3903055489063263, 0.3901887536048889, 0.3900413513183594, 0.3898978531360626, 0.38978299498558044, 0.3896271586418152, 0.38949716091156006, 0.3893561065196991, 0.38921529054641724, 0.38909912109375, 0.38898617029190063, 0.38887324929237366, 0.3887697458267212, 0.3886354863643646, 0.3885065019130707, 0.3883698284626007, 0.3882252871990204, 0.38807761669158936, 0.3879833221435547, 0.3878680467605591, 0.38778313994407654, 0.3876739740371704, 0.3875560462474823, 0.38751018047332764, 0.38732144236564636, 0.38720718026161194, 0.38710296154022217, 0.3869906961917877, 0.3868931829929352, 0.3867546319961548, 0.38665005564689636, 0.3865007162094116, 0.3864297568798065, 0.3863478899002075, 0.386243999004364, 0.38607898354530334, 0.3859615623950958, 0.3858116865158081, 0.38566306233406067, 0.38554903864860535, 0.3854588568210602, 0.38534650206565857, 0.38522595167160034, 0.38512295484542847, 0.38501930236816406, 0.3849109411239624, 0.38481906056404114, 0.38471880555152893, 0.38463345170021057, 0.3845348358154297, 0.3844406008720398, 0.38440078496932983, 0.3842591941356659, 0.38420096039772034, 0.38411200046539307, 0.3839896023273468, 0.383881151676178, 0.38375693559646606, 0.3836633563041687, 0.38356685638427734, 0.3835171163082123, 0.3834008276462555, 0.38327866792678833, 0.38316649198532104, 0.3830689489841461, 0.3829835057258606, 0.3828878104686737, 0.3827694356441498, 0.38266807794570923, 0.3825736939907074, 0.3824773132801056, 0.38238078355789185, 0.38229304552078247, 0.382195383310318, 0.3820836544036865, 0.3820018470287323, 0.381913959980011, 0.3818455934524536, 0.38174381852149963, 0.3816256821155548, 0.38151800632476807, 0.3814275860786438, 0.3813333511352539, 0.3812423348426819, 0.3811889588832855, 0.38110607862472534, 0.38103607296943665, 0.3809598684310913, 0.38084617257118225, 0.3807646930217743, 0.3806682825088501, 0.3805757761001587, 0.38048240542411804, 0.38040411472320557, 0.3803294897079468, 0.38025355339050293, 0.3801417946815491, 0.3800664246082306, 0.3799979090690613, 0.3799671232700348, 0.3798753023147583, 0.37986063957214355, 0.37979239225387573, 0.3797217905521393, 0.3796154856681824, 0.37958481907844543, 0.37954244017601013, 0.3794468939304352, 0.3793736696243286, 0.37932679057121277, 0.3792020082473755, 0.3791017532348633, 0.37906962633132935, 0.37901219725608826, 0.37887442111968994, 0.37884730100631714, 0.37873613834381104, 0.3786831200122833, 0.37857645750045776, 0.3784700334072113, 0.37838390469551086, 0.3783053457736969, 0.3782339096069336, 0.3781539797782898, 0.3781094253063202, 0.3780500292778015, 0.378000408411026, 0.3778856694698334, 0.3778088092803955, 0.3777562081813812, 0.3776439428329468, 0.3775906264781952, 0.377510666847229, 0.3774406313896179, 0.3773726522922516, 0.3773132562637329, 0.3772863447666168, 0.3772229254245758, 0.3771617114543915, 0.3770611584186554, 0.3769890069961548, 0.3769051432609558, 0.3768569231033325, 0.3768365979194641, 0.3768516480922699, 0.3767889738082886, 0.3767011761665344, 0.3766101598739624, 0.3765590786933899, 0.3764471411705017, 0.37639740109443665, 0.37631070613861084, 0.37622156739234924, 0.3761305510997772, 0.3760536313056946, 0.37598633766174316, 0.37593796849250793, 0.3758918046951294, 0.3758436441421509, 0.375779926776886, 0.37572669982910156, 0.3756876289844513, 0.37559306621551514, 0.3755420446395874, 0.37550240755081177, 0.37545767426490784]",33.0,"[33.0, 33.0, 33.0, 33.0, 33.0, 33.0, 33.0, 33.0, 33.0, 33.0, 33.0, 33.0, 33.0, 33.0, 33.0, 33.0, 33.0, 33.0, 33.0, 33.0, 33.0, 33.0, 33.0, 33.0, 33.0, 33.0, 33.0, 33.0, 33.0, 33.0, 33.0, 33.0, 33.0, 33.0, 33.0, 33.0, 33.0, 33.0, 33.0, 33.0, 33.0, 33.0, 33.0, 33.0, 33.0, 33.0, 33.0, 33.0, 33.0, 33.0, 33.0, 33.0, 33.0, 33.0, 33.0, 33.0, 33.0, 33.0, 33.0, 33.0, 33.0, 33.0, 33.0, 33.0, 33.0, 33.0, 33.0, 33.0, 33.0, 33.0, 33.0, 33.0, 33.0, 33.0, 33.0, 33.0, 33.0, 33.0, 33.0, 33.0, 33.0, 33.0, 33.0, 33.0, 33.0, 33.0, 33.0, 33.0, 33.0, 33.0, 33.0, 33.0, 33.0, 33.0, 33.0, 33.0, 33.0, 33.0, 33.0, 33.0, 33.0, 33.0, 33.0, 33.0, 33.0, 33.0, 33.0, 33.0, 33.0, 33.0, 33.0, 33.0, 33.0, 33.0, 33.0, 33.0, 33.0, 33.0, 33.0, 33.0, 33.0, 33.0, 33.0, 33.0, 33.0, 33.0, 33.0, 33.0, 33.0, 33.0, 33.0, 33.0, 33.0, 33.0, 33.0, 33.0, 33.0, 33.0, 33.0, 33.0, 33.0, 33.0, 33.0, 33.0, 33.0, 33.0, 33.0, 33.0, 33.0, 33.0, 33.0, 33.0, 33.0, 33.0, 33.0, 33.0, 33.0, 33.0, 33.0, 33.0, 33.0, 33.0, 33.0, 33.0, 33.0, 33.0, 33.0, 33.0, 33.0, 33.0, 33.0, 33.0, 33.0, 33.0, 33.0, 33.0, 33.0, 33.0, 33.0, 33.0, 33.0, 33.0, 33.0, 33.0, 33.0, 33.0, 33.0, 33.0, 33.0, 33.0, 33.0, 33.0, 33.0, 33.0, 33.0, 33.0, 33.0, 33.0, 33.0, 33.0, 33.0, 33.0, 33.0, 33.0, 33.0, 33.0, 33.0, 33.0, 33.0, 33.0, 33.0, 33.0, 33.0, 33.0, 33.0, 33.0, 33.0, 33.0, 33.0, 33.0, 33.0, 33.0, 33.0, 33.0, 33.0, 33.0, 33.0, 33.0, 33.0, 33.0, 33.0, 33.0, 33.0, 33.0, 33.0, 33.0, 33.0, 33.0, 33.0, 33.0, 33.0, 33.0, 33.0, 33.0, 33.0, 33.0, 33.0, 33.0, 33.0, 33.0, 33.0, 33.0, 33.0, 33.0, 33.0, 33.0, 33.0, 33.0, 33.0, 33.0, 33.0, 33.0, 33.0, 33.0, 33.0, 33.0, 33.0, 33.0, 33.0, 33.0, 33.0, 33.0, 33.0, 33.0, 33.0, 33.0, 33.0, 33.0, 33.0, 33.0]",COMPLETE
2,2,0.6713104301116821,2024-08-31 00:33:37.069434,2024-08-31 00:33:43.388536,0 days 00:00:06.319102,4,4.25762548601138,1,20,0.003232148147351274,90,0.04309506204261084,0.267,0.27875,5,"[3, 5, 5, 5, 5, 5, 5, 5, 5, 5, 5, 5, 5, 5, 5, 5, 5, 5, 5, 5]",5.0,"[3.0, 5.0, 5.0, 4.988888888888889, 5.0, 5.0, 5.0, 5.0, 5.0, 5.0, 5.0, 5.0, 5.0, 5.0, 5.0, 5.0, 5.0, 5.0, 5.0, 5.0]",0.6280930324721967,0.6713104301116821,5,"[3, 5, 5, 5, 5, 5, 5, 5, 5, 5, 5, 5, 5, 5, 5, 5, 5, 5, 5, 5]",20,"[35.541194915771484, 28.27344512939453, 15.661107063293457, 3.0835602283477783, 54.1998176574707, 14.909518241882324, 6.333758354187012, 10.253470420837402, 5.837084770202637, 35.438316345214844, 47.6257209777832, 8.610074996948242, 48.4421501159668, 15.754388809204102, 17.369447708129883, 41.573890686035156, 15.377507209777832, 33.18818664550781, 9.308300018310547, 6.1522536277771]",5.0,"[3.0, 5.0, 5.0, 5.0, 5.0, 5.0, 5.0, 5.0, 5.0, 5.0, 5.0, 5.0, 5.0, 5.0, 5.0, 5.0, 5.0, 5.0, 5.0, 5.0]",COMPLETE
