,number,value,datetime_start,datetime_complete,duration,params_batch_size_scaler,params_constant_learning_rate,params_depth,params_epochs,params_kernel_l2,params_num_trees,params_temperature,user_attrs_accuracy_test,user_attrs_accuracy_valid,user_attrs_approximate_feature_sparsity,user_attrs_approximate_feature_sparsity_history,user_attrs_approximate_weight_sparsity,user_attrs_approximate_weight_sparsity_history,user_attrs_auc_test,user_attrs_auc_valid,user_attrs_feature_sparsity,user_attrs_feature_sparsity_history,user_attrs_num_epochs,user_attrs_val_loss_history,user_attrs_weight_sparsity,user_attrs_weight_sparsity_history,state
19,19,0.500264069765944,2024-08-31 01:24:55.078088,2024-08-31 01:25:08.093092,0 days 00:00:13.015004,64,5.289901160535133,1,120,0.07084921962013152,94,0.07031515882445502,0.859,0.85875,4,"[0, 0, 4, 3, 3, 3, 2, 2, 1, 3, 2, 5, 4, 4, 4, 5, 5, 5, 5, 5, 5, 5, 5, 5, 5, 5, 5, 5, 5, 5, 5, 5, 5, 5, 5, 5, 5, 5, 5, 5, 5, 5, 5, 5, 5, 5, 5, 5, 5, 5, 5, 5, 5, 5, 5, 5, 5, 5, 5, 5, 5, 5, 5, 5, 5, 5, 5, 5, 5, 5, 5, 5, 5, 5, 5, 5, 5, 5, 5, 5, 5, 5, 5, 5, 5, 5, 5, 5, 5, 5, 5, 5, 5, 5, 5, 5, 5, 5, 4, 4, 4, 4, 4, 4, 4, 4, 4, 4, 4, 4, 4, 4, 4, 4, 4, 4, 4, 4, 4, 4]",4.0,"[0.0, 0.0, 4.0, 3.0, 3.0, 3.0, 2.0, 2.0, 1.0, 3.0, 2.0, 5.0, 4.0, 4.0, 4.0, 5.0, 5.0, 5.0, 5.0, 5.0, 5.0, 5.0, 5.0, 5.0, 5.0, 5.0, 5.0, 5.0, 5.0, 5.0, 5.0, 5.0, 5.0, 5.0, 5.0, 5.0, 5.0, 5.0, 5.0, 5.0, 5.0, 5.0, 5.0, 5.0, 5.0, 5.0, 5.0, 5.0, 5.0, 5.0, 5.0, 5.0, 5.0, 5.0, 5.0, 5.0, 5.0, 5.0, 5.0, 5.0, 5.0, 5.0, 5.0, 5.0, 5.0, 5.0, 5.0, 5.0, 5.0, 5.0, 4.98936170212766, 5.0, 5.0, 5.0, 5.0, 5.0, 5.0, 5.0, 5.0, 5.0, 5.0, 5.0, 5.0, 5.0, 5.0, 5.0, 5.0, 5.0, 5.0, 5.0, 5.0, 5.0, 5.0, 5.0, 5.0, 5.0, 5.0, 5.0, 3.9893617021276597, 4.0, 4.0, 4.0, 4.0, 4.0, 4.0, 4.0, 4.0, 4.0, 4.0, 4.0, 4.0, 4.0, 4.0, 4.0, 4.0, 4.0, 4.0, 4.0, 4.0, 4.0]",0.5056638512537257,0.500264069765944,4,"[0, 0, 4, 3, 3, 3, 2, 2, 1, 3, 2, 5, 4, 4, 4, 5, 5, 5, 5, 5, 5, 5, 5, 5, 5, 5, 5, 5, 5, 5, 5, 5, 5, 5, 5, 5, 5, 5, 5, 5, 5, 5, 5, 5, 5, 5, 5, 5, 5, 5, 5, 5, 5, 5, 5, 5, 5, 5, 5, 5, 5, 5, 5, 5, 5, 5, 5, 5, 5, 5, 5, 5, 5, 5, 5, 5, 5, 5, 5, 5, 5, 5, 5, 5, 5, 5, 5, 5, 5, 5, 5, 5, 5, 5, 5, 5, 5, 5, 4, 4, 4, 4, 4, 4, 4, 4, 4, 4, 4, 4, 4, 4, 4, 4, 4, 4, 4, 4, 4, 4]",120,"[51.38047409057617, 5.0601701736450195, 17.11515998840332, 56.325199127197266, 109.50341033935547, 34.126216888427734, 63.59736633300781, 48.527286529541016, 48.7712287902832, 75.79586791992188, 7.563183784484863, 62.78163528442383, 24.882652282714844, 37.319095611572266, 47.08088684082031, 98.78626251220703, 33.53855514526367, 88.8442611694336, 25.919151306152344, 77.74346923828125, 9.161881446838379, 58.78800964355469, 58.02394485473633, 16.116374969482422, 32.86556625366211, 63.9173469543457, 20.795751571655273, 18.889118194580078, 10.507123947143555, 17.52357292175293, 39.58796310424805, 92.70426940917969, 17.257413864135742, 39.384132385253906, 87.204833984375, 24.961044311523438, 50.3809700012207, 75.08185577392578, 2.8458945751190186, 93.08621978759766, 22.315658569335938, 56.33613586425781, 95.22416687011719, 10.033470153808594, 33.05514144897461, 51.630699157714844, 45.2350959777832, 86.54403686523438, 12.353721618652344, 36.7614631652832, 40.925662994384766, 90.13459014892578, 26.3507022857666, 51.638790130615234, 64.59298706054688, 12.061473846435547, 18.67475700378418, 39.9460334777832, 88.06693267822266, 22.41376495361328, 52.63166046142578, 63.990745544433594, 15.524087905883789, 33.2950439453125, 53.51228332519531, 82.91606140136719, 44.709774017333984, 73.06562805175781, 7.445216655731201, 35.080162048339844, 20.279157638549805, 74.8563003540039, 8.616964340209961, 32.632598876953125, 51.98331069946289, 39.4767951965332, 82.30720520019531, 14.634439468383789, 35.23136901855469, 51.43708038330078, 26.898151397705078, 70.78230285644531, 7.986367702484131, 19.65622901916504, 29.420846939086914, 77.89977264404297, 11.206295013427734, 29.541465759277344, 59.09697723388672, 76.5468521118164, 33.372108459472656, 62.94928741455078, 8.106522560119629, 17.453460693359375, 3.4501543045043945, 55.284969329833984, 73.37001037597656, 37.753658294677734, 54.3248291015625, 94.81547546386719, 35.50586700439453, 59.58217239379883, 54.41310501098633, 9.928183555603027, 34.18871307373047, 75.32928466796875, 12.734518051147461, 35.587215423583984, 78.63650512695312, 11.265329360961914, 31.52996826171875, 51.03337097167969, 61.45292663574219, 34.1939697265625, 39.384376525878906, 83.47673797607422, 24.657934188842773, 49.05449676513672, 75.4500732421875, 11.813998222351074]",4.0,"[0.0, 0.0, 4.0, 3.0, 3.0, 3.0, 2.0, 2.0, 1.0, 3.0, 2.0, 5.0, 4.0, 4.0, 4.0, 5.0, 5.0, 5.0, 5.0, 5.0, 5.0, 5.0, 5.0, 5.0, 5.0, 5.0, 5.0, 5.0, 5.0, 5.0, 5.0, 5.0, 5.0, 5.0, 5.0, 5.0, 5.0, 5.0, 5.0, 5.0, 5.0, 5.0, 5.0, 5.0, 5.0, 5.0, 5.0, 5.0, 5.0, 5.0, 5.0, 5.0, 5.0, 5.0, 5.0, 5.0, 5.0, 5.0, 5.0, 5.0, 5.0, 5.0, 5.0, 5.0, 5.0, 5.0, 5.0, 5.0, 5.0, 5.0, 5.0, 5.0, 5.0, 5.0, 5.0, 5.0, 5.0, 5.0, 5.0, 5.0, 5.0, 5.0, 5.0, 5.0, 5.0, 5.0, 5.0, 5.0, 5.0, 5.0, 5.0, 5.0, 5.0, 5.0, 5.0, 5.0, 5.0, 5.0, 4.0, 4.0, 4.0, 4.0, 4.0, 4.0, 4.0, 4.0, 4.0, 4.0, 4.0, 4.0, 4.0, 4.0, 4.0, 4.0, 4.0, 4.0, 4.0, 4.0, 4.0, 4.0]",COMPLETE
20,20,0.910203398127037,2024-08-31 01:25:08.100213,2024-08-31 01:29:40.919328,0 days 00:04:32.819115,1,0.14791872081084445,4,275,0.6005432364195092,49,0.05704273062008818,0.928,0.92125,10,"[33, 33, 33, 33, 33, 33, 33, 27, 19, 17, 14, 14, 14, 14, 14, 14, 14, 14, 14, 14, 14, 14, 14, 14, 14, 14, 14, 14, 14, 14, 14, 14, 14, 14, 14, 14, 14, 14, 14, 13, 13, 13, 13, 13, 13, 13, 13, 13, 13, 13, 13, 13, 13, 13, 13, 13, 13, 13, 13, 13, 13, 13, 13, 13, 13, 13, 13, 13, 13, 13, 13, 13, 13, 13, 13, 13, 13, 13, 13, 13, 13, 13, 13, 13, 13, 13, 13, 13, 13, 13, 13, 13, 13, 13, 13, 13, 13, 13, 13, 13, 13, 13, 13, 13, 13, 13, 13, 13, 13, 13, 13, 13, 13, 13, 13, 13, 13, 13, 13, 13, 13, 13, 12, 12, 12, 12, 12, 12, 12, 12, 12, 12, 12, 12, 12, 12, 12, 12, 12, 11, 11, 11, 11, 11, 11, 11, 11, 11, 11, 11, 11, 11, 11, 11, 11, 11, 11, 11, 11, 11, 11, 11, 11, 11, 11, 11, 11, 11, 11, 11, 11, 11, 11, 11, 11, 11, 11, 11, 11, 11, 11, 11, 11, 11, 11, 11, 11, 11, 11, 11, 11, 11, 11, 11, 11, 11, 11, 11, 11, 11, 11, 11, 11, 11, 11, 11, 11, 11, 11, 11, 11, 11, 11, 11, 11, 10, 10, 10, 10, 10, 10, 10, 10, 10, 10, 10, 10, 10, 10, 10, 10, 10, 10, 10, 10, 10, 10, 10, 10, 10, 10, 10, 10, 10, 10, 10, 10, 10, 10, 10, 10, 10, 10, 10, 10, 10, 10, 10, 10, 10, 10, 10, 10, 10, 10, 10, 10, 10, 10, 10, 10, 10, 10, 10, 10]",9.745578231292518,"[32.963265306122445, 32.95238095238095, 32.94421768707483, 32.95102040816327, 32.96734693877551, 32.94285714285714, 32.9578231292517, 26.964625850340134, 18.965986394557824, 16.974149659863947, 13.980952380952381, 13.968707482993198, 13.975510204081633, 13.97142857142857, 13.980952380952381, 13.964625850340136, 13.968707482993198, 13.964625850340136, 13.96734693877551, 13.96598639455782, 13.964625850340136, 13.959183673469386, 13.9687074829932, 13.9578231292517, 13.960544217687074, 13.970068027210885, 13.959183673469388, 13.9578231292517, 13.944217687074831, 13.955102040816326, 13.960544217687076, 13.942857142857141, 13.946938775510203, 13.952380952380953, 13.951020408163266, 13.942857142857143, 13.936054421768707, 13.945578231292517, 13.952380952380953, 12.94829931972789, 12.941496598639457, 12.946938775510205, 12.946938775510205, 12.929251700680272, 12.934693877551021, 12.940136054421771, 12.952380952380953, 12.931972789115648, 12.927891156462584, 12.930612244897958, 12.92517006802721, 12.926530612244898, 12.918367346938776, 12.927891156462584, 12.922448979591836, 12.910204081632655, 12.922448979591838, 12.902040816326531, 12.911564625850339, 12.919727891156462, 12.903401360544217, 12.912925170068025, 12.893877551020406, 12.910204081632655, 12.900680272108843, 12.899319727891156, 12.899319727891156, 12.903401360544217, 12.88299319727891, 12.896598639455782, 12.884353741496598, 12.900680272108845, 12.88843537414966, 12.896598639455783, 12.88843537414966, 12.887074829931974, 12.881632653061224, 12.887074829931974, 12.873469387755103, 12.87891156462585, 12.888435374149662, 12.887074829931974, 12.869387755102041, 12.86530612244898, 12.872108843537415, 12.85578231292517, 12.844897959183676, 12.840816326530613, 12.844897959183672, 12.836734693877553, 12.838095238095239, 12.839455782312925, 12.825850340136054, 12.821768707482994, 12.817687074829932, 12.812244897959184, 12.782312925170068, 12.783673469387757, 12.785034013605442, 12.782312925170068, 12.774149659863946, 12.787755102040817, 12.770068027210883, 12.752380952380951, 12.748299319727892, 12.74965986394558, 12.738775510204082, 12.740136054421768, 12.74965986394558, 12.72925170068027, 12.717006802721087, 12.726530612244899, 12.741496598639456, 12.70204081632653, 12.69251700680272, 12.708843537414966, 12.725170068027209, 12.688435374149659, 12.676190476190477, 12.676190476190477, 12.661224489795918, 12.648979591836733, 11.676190476190477, 11.657142857142858, 11.654421768707483, 11.670748299319726, 11.678911564625851, 11.658503401360546, 11.66938775510204, 11.66122448979592, 11.643537414965987, 11.67482993197279, 11.684353741496599, 11.653061224489795, 11.666666666666668, 11.67482993197279, 11.666666666666666, 11.682993197278913, 11.65986394557823, 10.737414965986392, 10.69795918367347, 10.717006802721087, 10.73469387755102, 10.700680272108844, 10.684353741496599, 10.756462585034013, 10.714285714285714, 10.704761904761904, 10.70612244897959, 10.740136054421768, 10.727891156462585, 10.718367346938775, 10.72108843537415, 10.7156462585034, 10.718367346938775, 10.706122448979592, 10.718367346938775, 10.731972789115646, 10.727891156462585, 10.718367346938775, 10.715646258503401, 10.730612244897959, 10.725170068027213, 10.73469387755102, 10.755102040816327, 10.727891156462587, 10.731972789115646, 10.719727891156463, 10.767346938775509, 10.742857142857142, 10.752380952380951, 10.749659863945578, 10.704761904761904, 10.75374149659864, 10.729251700680273, 10.7578231292517, 10.74421768707483, 10.760544217687075, 10.752380952380951, 10.73877551020408, 10.779591836734692, 10.759183673469387, 10.756462585034013, 10.74421768707483, 10.729251700680273, 10.746938775510204, 10.752380952380953, 10.736054421768708, 10.737414965986394, 10.740136054421768, 10.752380952380953, 10.748299319727892, 10.741496598639456, 10.745578231292518, 10.764625850340137, 10.733333333333333, 10.745578231292516, 10.736054421768706, 10.742857142857144, 10.755102040816327, 10.74965986394558, 10.738775510204082, 10.746938775510204, 10.75374149659864, 10.73469387755102, 10.74421768707483, 10.749659863945578, 10.73469387755102, 10.737414965986394, 10.741496598639456, 10.729251700680273, 10.733333333333333, 10.737414965986394, 10.726530612244897, 10.74013605442177, 9.745578231292516, 9.752380952380951, 9.756462585034013, 9.756462585034015, 9.71700680272109, 9.731972789115646, 9.738775510204082, 9.751020408163265, 9.761904761904763, 9.737414965986396, 9.731972789115646, 9.760544217687075, 9.751020408163265, 9.742857142857144, 9.687074829931973, 9.751020408163265, 9.730612244897959, 9.751020408163265, 9.74421768707483, 9.756462585034015, 9.748299319727892, 9.763265306122449, 9.75374149659864, 9.752380952380953, 9.746938775510205, 9.733333333333333, 9.733333333333333, 9.748299319727892, 9.74829931972789, 9.736054421768708, 9.677551020408163, 9.712925170068027, 9.751020408163265, 9.72517006802721, 9.756462585034013, 9.72517006802721, 9.723809523809525, 9.745578231292516, 9.74421768707483, 9.718367346938775, 9.748299319727892, 9.731972789115646, 9.73469387755102, 9.729251700680273, 9.706122448979592, 9.730612244897959, 9.736054421768706, 9.703401360544218, 9.731972789115646, 9.73469387755102, 9.730612244897959, 9.719727891156463, 9.737414965986394, 9.733333333333334, 9.727891156462585, 9.738775510204082, 9.731972789115646, 9.731972789115646, 9.733333333333334, 9.745578231292518]",0.9097911970871622,0.910203398127037,10,"[33, 33, 33, 33, 33, 33, 33, 27, 19, 17, 14, 14, 14, 14, 14, 14, 14, 14, 14, 14, 14, 14, 14, 14, 14, 14, 14, 14, 14, 14, 14, 14, 14, 14, 14, 14, 14, 14, 14, 13, 13, 13, 13, 13, 13, 13, 13, 13, 13, 13, 13, 13, 13, 13, 13, 13, 13, 13, 13, 13, 13, 13, 13, 13, 13, 13, 13, 13, 13, 13, 13, 13, 13, 13, 13, 13, 13, 13, 13, 13, 13, 13, 13, 13, 13, 13, 13, 13, 13, 13, 13, 13, 13, 13, 13, 13, 13, 13, 13, 13, 13, 13, 13, 13, 13, 13, 13, 13, 13, 13, 13, 13, 13, 13, 13, 13, 13, 13, 13, 13, 13, 13, 12, 12, 12, 12, 12, 12, 12, 12, 12, 12, 12, 12, 12, 12, 12, 12, 12, 11, 11, 11, 11, 11, 11, 11, 11, 11, 11, 11, 11, 11, 11, 11, 11, 11, 11, 11, 11, 11, 11, 11, 11, 11, 11, 11, 11, 11, 11, 11, 11, 11, 11, 11, 11, 11, 11, 11, 11, 11, 11, 11, 11, 11, 11, 11, 11, 11, 11, 11, 11, 11, 11, 11, 11, 11, 11, 11, 11, 11, 11, 11, 11, 11, 11, 11, 11, 11, 11, 11, 11, 11, 11, 11, 11, 10, 10, 10, 10, 10, 10, 10, 10, 10, 10, 10, 10, 10, 10, 10, 10, 10, 10, 10, 10, 10, 10, 10, 10, 10, 10, 10, 10, 10, 10, 10, 10, 10, 10, 10, 10, 10, 10, 10, 10, 10, 10, 10, 10, 10, 10, 10, 10, 10, 10, 10, 10, 10, 10, 10, 10, 10, 10, 10, 10]",275,"[0.4157220423221588, 0.40126094222068787, 0.39443695545196533, 0.37679097056388855, 0.3647976219654083, 0.3556135594844818, 0.34401920437812805, 0.3296504616737366, 0.3101654052734375, 0.2963804006576538, 0.2940960228443146, 0.2905394434928894, 0.28579768538475037, 0.28158891201019287, 0.2777262032032013, 0.27221381664276123, 0.27271032333374023, 0.27067145705223083, 0.2674265503883362, 0.2652755677700043, 0.25985920429229736, 0.26030483841896057, 0.26069843769073486, 0.25777506828308105, 0.25971686840057373, 0.25697487592697144, 0.2534066140651703, 0.2538466155529022, 0.25323429703712463, 0.25106725096702576, 0.24910233914852142, 0.25291645526885986, 0.25355759263038635, 0.24627773463726044, 0.2512935400009155, 0.24926131963729858, 0.2518717646598816, 0.25098973512649536, 0.24807144701480865, 0.2513951063156128, 0.24846607446670532, 0.24504142999649048, 0.24572506546974182, 0.24470405280590057, 0.24246734380722046, 0.25284892320632935, 0.245219424366951, 0.24140222370624542, 0.24286773800849915, 0.2421845644712448, 0.2395857572555542, 0.24510174989700317, 0.2443525493144989, 0.23962654173374176, 0.23914943635463715, 0.23822017014026642, 0.2403571456670761, 0.23654703795909882, 0.23425497114658356, 0.23609133064746857, 0.24398232996463776, 0.23891916871070862, 0.23578666150569916, 0.23789364099502563, 0.23818738758563995, 0.23583093285560608, 0.23233692348003387, 0.23488059639930725, 0.23750044405460358, 0.2330937534570694, 0.23257902264595032, 0.23201951384544373, 0.23419393599033356, 0.2333119958639145, 0.23445458710193634, 0.23188938200473785, 0.23157358169555664, 0.23137091100215912, 0.23874226212501526, 0.2294166386127472, 0.23619422316551208, 0.23127952218055725, 0.22769932448863983, 0.22766894102096558, 0.23028051853179932, 0.2334372103214264, 0.23458978533744812, 0.22667205333709717, 0.22967340052127838, 0.22840827703475952, 0.22927862405776978, 0.22929565608501434, 0.22896486520767212, 0.22558258473873138, 0.2321188598871231, 0.22949492931365967, 0.22889606654644012, 0.23002295196056366, 0.22716541588306427, 0.22829054296016693, 0.2229488044977188, 0.22547201812267303, 0.2243024706840515, 0.2228820025920868, 0.22564654052257538, 0.22238868474960327, 0.22562886774539948, 0.22391808032989502, 0.22327761352062225, 0.22216731309890747, 0.22699762880802155, 0.22316639125347137, 0.22384366393089294, 0.22463823854923248, 0.22950269281864166, 0.22682443261146545, 0.22140055894851685, 0.22007755935192108, 0.22966328263282776, 0.2196795493364334, 0.22191961109638214, 0.2255326807498932, 0.2229028344154358, 0.222306028008461, 0.22238197922706604, 0.2234424352645874, 0.2304961234331131, 0.23101171851158142, 0.22243842482566833, 0.22521796822547913, 0.2253057360649109, 0.22573070228099823, 0.2265009731054306, 0.22283796966075897, 0.220493882894516, 0.22410397231578827, 0.22493191063404083, 0.22310318052768707, 0.22124513983726501, 0.22616790235042572, 0.22579826414585114, 0.22503605484962463, 0.23550549149513245, 0.22074595093727112, 0.22498507797718048, 0.2303861826658249, 0.22265782952308655, 0.2202678918838501, 0.22539561986923218, 0.22352838516235352, 0.22237737476825714, 0.22262988984584808, 0.22245462238788605, 0.22876563668251038, 0.21925288438796997, 0.2254502922296524, 0.22345855832099915, 0.22263218462467194, 0.22142402827739716, 0.21845190227031708, 0.21728980541229248, 0.21539631485939026, 0.21591807901859283, 0.2228950709104538, 0.22062888741493225, 0.21811452507972717, 0.21651901304721832, 0.21940158307552338, 0.22672389447689056, 0.21619708836078644, 0.21672628819942474, 0.22154119610786438, 0.22448694705963135, 0.2187197506427765, 0.21967050433158875, 0.22105379402637482, 0.2181704193353653, 0.22702021896839142, 0.21926189959049225, 0.214701846241951, 0.24195325374603271, 0.22150495648384094, 0.21788078546524048, 0.21809092164039612, 0.2314845323562622, 0.21728666126728058, 0.2147950530052185, 0.2172282338142395, 0.21773290634155273, 0.2232149839401245, 0.22590208053588867, 0.22205930948257446, 0.2242632359266281, 0.21245303750038147, 0.21489572525024414, 0.22682197391986847, 0.22185637056827545, 0.24192237854003906, 0.21519526839256287, 0.2199774980545044, 0.21764545142650604, 0.2219635248184204, 0.21173802018165588, 0.22197961807250977, 0.22140447795391083, 0.22141675651073456, 0.21702304482460022, 0.2130502313375473, 0.2126609832048416, 0.22259153425693512, 0.21452301740646362, 0.21657787263393402, 0.21702176332473755, 0.21228733658790588, 0.22087787091732025, 0.21741057932376862, 0.21420370042324066, 0.21702900528907776, 0.21520289778709412, 0.22744224965572357, 0.22475773096084595, 0.21354687213897705, 0.22545431554317474, 0.2139185518026352, 0.22057044506072998, 0.22745929658412933, 0.21501655876636505, 0.21462836861610413, 0.21328169107437134, 0.2267042100429535, 0.2120567262172699, 0.22264480590820312, 0.2257399708032608, 0.22128629684448242, 0.2319038063287735, 0.21450698375701904, 0.21886925399303436, 0.2276143878698349, 0.2289995551109314, 0.2145688384771347, 0.2191716432571411, 0.21676726639270782, 0.22170163691043854, 0.21459850668907166, 0.21721136569976807, 0.22594307363033295, 0.22555142641067505, 0.2146020531654358, 0.2194439172744751, 0.21815559267997742, 0.21622106432914734, 0.21593362092971802, 0.2297559678554535, 0.21790513396263123, 0.22529178857803345, 0.22769248485565186, 0.22512084245681763, 0.21539975702762604, 0.2164110541343689, 0.21849332749843597, 0.22150051593780518, 0.2212439477443695, 0.23168496787548065, 0.2096875011920929, 0.22234895825386047, 0.22182554006576538, 0.2360028773546219, 0.21503344178199768, 0.21932195127010345, 0.21670465171337128, 0.21567966043949127, 0.22678636014461517, 0.21561284363269806, 0.2226182371377945, 0.22238266468048096]",10.0,"[33.0, 33.0, 33.0, 33.0, 33.0, 33.0, 33.0, 27.0, 19.0, 17.0, 14.0, 14.0, 14.0, 14.0, 14.0, 14.0, 14.0, 14.0, 14.0, 14.0, 14.0, 14.0, 14.0, 14.0, 14.0, 14.0, 14.0, 14.0, 14.0, 14.0, 14.0, 14.0, 14.0, 14.0, 14.0, 14.0, 14.0, 14.0, 14.0, 13.0, 13.0, 13.0, 13.0, 13.0, 13.0, 13.0, 13.0, 13.0, 13.0, 13.0, 13.0, 13.0, 13.0, 13.0, 13.0, 13.0, 13.0, 13.0, 13.0, 13.0, 13.0, 13.0, 13.0, 13.0, 13.0, 13.0, 13.0, 13.0, 13.0, 13.0, 13.0, 13.0, 13.0, 13.0, 13.0, 13.0, 13.0, 13.0, 13.0, 13.0, 13.0, 13.0, 13.0, 13.0, 13.0, 13.0, 13.0, 13.0, 13.0, 13.0, 13.0, 13.0, 13.0, 13.0, 13.0, 13.0, 13.0, 13.0, 13.0, 13.0, 13.0, 13.0, 13.0, 13.0, 13.0, 13.0, 13.0, 13.0, 13.0, 13.0, 13.0, 13.0, 13.0, 13.0, 13.0, 13.0, 13.0, 13.0, 13.0, 13.0, 13.0, 13.0, 12.0, 12.0, 12.0, 12.0, 12.0, 12.0, 12.0, 12.0, 12.0, 12.0, 12.0, 12.0, 12.0, 12.0, 12.0, 12.0, 12.0, 11.0, 11.0, 11.0, 11.0, 11.0, 11.0, 11.0, 11.0, 11.0, 11.0, 11.0, 11.0, 11.0, 11.0, 11.0, 11.0, 11.0, 11.0, 11.0, 11.0, 11.0, 11.0, 11.0, 11.0, 11.0, 11.0, 11.0, 11.0, 11.0, 11.0, 11.0, 11.0, 11.0, 11.0, 11.0, 11.0, 11.0, 11.0, 11.0, 11.0, 11.0, 11.0, 11.0, 11.0, 11.0, 11.0, 11.0, 11.0, 11.0, 11.0, 11.0, 11.0, 11.0, 11.0, 11.0, 11.0, 11.0, 11.0, 11.0, 11.0, 11.0, 11.0, 11.0, 11.0, 11.0, 11.0, 11.0, 11.0, 11.0, 11.0, 11.0, 11.0, 11.0, 11.0, 11.0, 11.0, 10.0, 10.0, 10.0, 10.0, 10.0, 10.0, 10.0, 10.0, 10.0, 10.0, 10.0, 10.0, 10.0, 10.0, 10.0, 10.0, 10.0, 10.0, 10.0, 10.0, 10.0, 10.0, 10.0, 10.0, 10.0, 10.0, 10.0, 10.0, 10.0, 10.0, 10.0, 10.0, 10.0, 10.0, 10.0, 10.0, 10.0, 10.0, 10.0, 10.0, 10.0, 10.0, 10.0, 10.0, 10.0, 10.0, 10.0, 10.0, 10.0, 10.0, 10.0, 10.0, 10.0, 10.0, 10.0, 10.0, 10.0, 10.0, 10.0, 10.0]",COMPLETE
