,number,value,datetime_start,datetime_complete,duration,params_batch_size_scaler,params_constant_learning_rate,params_depth,params_epochs,params_kernel_l2,params_num_trees,params_temperature,user_attrs_accuracy_test,user_attrs_accuracy_valid,user_attrs_approximate_feature_sparsity,user_attrs_approximate_feature_sparsity_history,user_attrs_approximate_weight_sparsity,user_attrs_approximate_weight_sparsity_history,user_attrs_auc_test,user_attrs_auc_valid,user_attrs_feature_sparsity,user_attrs_feature_sparsity_history,user_attrs_num_epochs,user_attrs_val_loss_history,user_attrs_weight_sparsity,user_attrs_weight_sparsity_history,state
163,163,0.5,2024-08-31 08:42:36.090946,2024-08-31 08:46:07.373458,0 days 00:03:31.282512,1,2.3746063605351972,1,455,0.027492402982077505,70,0.06918788226504152,0.859,0.85875,0,"[0, 0, 0, 0, 0, 0, 0, 0, 0, 0, 0, 0, 0, 0, 0, 0, 0, 0, 0, 0, 0, 0, 0, 0, 0, 0, 0, 0, 0, 0, 0, 0, 0, 0, 0, 0, 0, 0, 0, 0, 0, 0, 0, 0, 0, 0, 0, 0, 0, 0, 0, 0, 0, 0, 0, 0, 0, 0, 0, 0, 0, 0, 0, 0, 0, 0, 0, 0, 0, 0, 0, 0, 0, 0, 0, 0, 0, 0, 0, 0, 0, 0, 0, 0, 0, 0, 0, 0, 0, 0, 0, 0, 0, 0, 0, 0, 0, 0, 0, 0, 0, 0, 0, 0, 0, 0, 0, 0, 0, 0, 0, 0, 0, 0, 0, 0, 0, 0, 0, 0, 0, 0, 0, 0, 0, 0, 0, 0, 0, 0, 0, 0, 0, 0, 0, 0, 0, 0, 0, 0, 0, 0, 0, 0, 0, 0, 0, 0, 0, 0, 0, 0, 0, 0, 0, 0, 0, 0, 0, 0, 0, 0, 0, 0, 0, 0, 0, 0, 0, 0, 0, 0, 0, 0, 0, 0, 0, 0, 0, 0, 0, 0, 0, 0, 0, 0, 0, 0, 0, 0, 0, 0, 0, 0, 0, 0, 0, 0, 0, 0, 0, 0, 0, 0, 0, 0, 0, 0, 0, 0, 0, 0, 0, 0, 0, 0, 0, 0, 0, 0, 0, 0, 0, 0, 0, 0, 0, 0, 0, 0, 0, 0, 0, 0, 0, 0, 0, 0, 0, 0, 0, 0, 0, 0, 0, 0, 0, 0, 0, 0, 0, 0, 0, 0, 0, 0, 0, 0, 0, 0, 0, 0, 0, 0, 0, 0, 0, 0, 0, 0, 0, 0, 0, 0, 0, 0, 0, 0, 0, 0, 0, 0, 0, 0, 0, 0, 0, 0, 0, 0, 0, 0, 0, 0, 0, 0, 0, 0, 0, 0, 0, 0, 0, 0, 0, 0, 0, 0, 0, 0, 0, 0, 0, 0, 0, 0, 0, 0, 0, 0, 0, 0, 0, 0, 0, 0, 0, 0, 0, 0, 0, 0, 0, 0, 0, 0, 0, 0, 0, 0, 0, 0, 0, 0, 0, 0, 0, 0, 0, 0, 0, 0, 0, 0, 0, 0, 0, 0, 0, 0, 0, 0, 0, 0, 0, 0, 0, 0, 0, 0, 0, 0, 0, 0, 0, 0, 0, 0, 0, 0, 0, 0, 0, 0, 0, 0, 0, 0, 0, 0, 0, 0, 0, 0, 0, 0, 0, 0, 0, 0, 0, 0, 0, 0, 0, 0, 0, 0, 0, 0, 0, 0, 0, 0, 0, 0, 0, 0, 0, 0, 0, 0, 0, 0, 0, 0, 0, 0, 0, 0, 0, 0, 0, 0, 0, 0, 0, 0, 0, 0, 0, 0, 0, 0, 0, 0, 0, 0, 0, 0, 0, 0, 0, 0, 0]",0.0,"[0.0, 0.0, 0.0, 0.0, 0.0, 0.0, 0.0, 0.0, 0.0, 0.0, 0.0, 0.0, 0.0, 0.0, 0.0, 0.0, 0.0, 0.0, 0.0, 0.0, 0.0, 0.0, 0.0, 0.0, 0.0, 0.0, 0.0, 0.0, 0.0, 0.0, 0.0, 0.0, 0.0, 0.0, 0.0, 0.0, 0.0, 0.0, 0.0, 0.0, 0.0, 0.0, 0.0, 0.0, 0.0, 0.0, 0.0, 0.0, 0.0, 0.0, 0.0, 0.0, 0.0, 0.0, 0.0, 0.0, 0.0, 0.0, 0.0, 0.0, 0.0, 0.0, 0.0, 0.0, 0.0, 0.0, 0.0, 0.0, 0.0, 0.0, 0.0, 0.0, 0.0, 0.0, 0.0, 0.0, 0.0, 0.0, 0.0, 0.0, 0.0, 0.0, 0.0, 0.0, 0.0, 0.0, 0.0, 0.0, 0.0, 0.0, 0.0, 0.0, 0.0, 0.0, 0.0, 0.0, 0.0, 0.0, 0.0, 0.0, 0.0, 0.0, 0.0, 0.0, 0.0, 0.0, 0.0, 0.0, 0.0, 0.0, 0.0, 0.0, 0.0, 0.0, 0.0, 0.0, 0.0, 0.0, 0.0, 0.0, 0.0, 0.0, 0.0, 0.0, 0.0, 0.0, 0.0, 0.0, 0.0, 0.0, 0.0, 0.0, 0.0, 0.0, 0.0, 0.0, 0.0, 0.0, 0.0, 0.0, 0.0, 0.0, 0.0, 0.0, 0.0, 0.0, 0.0, 0.0, 0.0, 0.0, 0.0, 0.0, 0.0, 0.0, 0.0, 0.0, 0.0, 0.0, 0.0, 0.0, 0.0, 0.0, 0.0, 0.0, 0.0, 0.0, 0.0, 0.0, 0.0, 0.0, 0.0, 0.0, 0.0, 0.0, 0.0, 0.0, 0.0, 0.0, 0.0, 0.0, 0.0, 0.0, 0.0, 0.0, 0.0, 0.0, 0.0, 0.0, 0.0, 0.0, 0.0, 0.0, 0.0, 0.0, 0.0, 0.0, 0.0, 0.0, 0.0, 0.0, 0.0, 0.0, 0.0, 0.0, 0.0, 0.0, 0.0, 0.0, 0.0, 0.0, 0.0, 0.0, 0.0, 0.0, 0.0, 0.0, 0.0, 0.0, 0.0, 0.0, 0.0, 0.0, 0.0, 0.0, 0.0, 0.0, 0.0, 0.0, 0.0, 0.0, 0.0, 0.0, 0.0, 0.0, 0.0, 0.0, 0.0, 0.0, 0.0, 0.0, 0.0, 0.0, 0.0, 0.0, 0.0, 0.0, 0.0, 0.0, 0.0, 0.0, 0.0, 0.0, 0.0, 0.0, 0.0, 0.0, 0.0, 0.0, 0.0, 0.0, 0.0, 0.0, 0.0, 0.0, 0.0, 0.0, 0.0, 0.0, 0.0, 0.0, 0.0, 0.0, 0.0, 0.0, 0.0, 0.0, 0.0, 0.0, 0.0, 0.0, 0.0, 0.0, 0.0, 0.0, 0.0, 0.0, 0.0, 0.0, 0.0, 0.0, 0.0, 0.0, 0.0, 0.0, 0.0, 0.0, 0.0, 0.0, 0.0, 0.0, 0.0, 0.0, 0.0, 0.0, 0.0, 0.0, 0.0, 0.0, 0.0, 0.0, 0.0, 0.0, 0.0, 0.0, 0.0, 0.0, 0.0, 0.0, 0.0, 0.0, 0.0, 0.0, 0.0, 0.0, 0.0, 0.0, 0.0, 0.0, 0.0, 0.0, 0.0, 0.0, 0.0, 0.0, 0.0, 0.0, 0.0, 0.0, 0.0, 0.0, 0.0, 0.0, 0.0, 0.0, 0.0, 0.0, 0.0, 0.0, 0.0, 0.0, 0.0, 0.0, 0.0, 0.0, 0.0, 0.0, 0.0, 0.0, 0.0, 0.0, 0.0, 0.0, 0.0, 0.0, 0.0, 0.0, 0.0, 0.0, 0.0, 0.0, 0.0, 0.0, 0.0, 0.0, 0.0, 0.0, 0.0, 0.0, 0.0, 0.0, 0.0, 0.0, 0.0, 0.0, 0.0, 0.0, 0.0, 0.0, 0.0, 0.0, 0.0, 0.0, 0.0, 0.0, 0.0, 0.0, 0.0, 0.0, 0.0, 0.0, 0.0, 0.0, 0.0, 0.0, 0.0, 0.0, 0.0, 0.0, 0.0, 0.0, 0.0, 0.0, 0.0, 0.0, 0.0, 0.0, 0.0, 0.0, 0.0, 0.0, 0.0, 0.0, 0.0, 0.0, 0.0, 0.0, 0.0, 0.0, 0.0, 0.0, 0.0, 0.0, 0.0, 0.0, 0.0, 0.0, 0.0, 0.0, 0.0, 0.0, 0.0, 0.0, 0.0, 0.0, 0.0, 0.0, 0.0, 0.0, 0.0, 0.0, 0.0, 0.0, 0.0, 0.0, 0.0]",0.5,0.5,0,"[0, 0, 0, 0, 0, 0, 0, 0, 0, 0, 0, 0, 0, 0, 0, 0, 0, 0, 0, 0, 0, 0, 0, 0, 0, 0, 0, 0, 0, 0, 0, 0, 0, 0, 0, 0, 0, 0, 0, 0, 0, 0, 0, 0, 0, 0, 0, 0, 0, 0, 0, 0, 0, 0, 0, 0, 0, 0, 0, 0, 0, 0, 0, 0, 0, 0, 0, 0, 0, 0, 0, 0, 0, 0, 0, 0, 0, 0, 0, 0, 0, 0, 0, 0, 0, 0, 0, 0, 0, 0, 0, 0, 0, 0, 0, 0, 0, 0, 0, 0, 0, 0, 0, 0, 0, 0, 0, 0, 0, 0, 0, 0, 0, 0, 0, 0, 0, 0, 0, 0, 0, 0, 0, 0, 0, 0, 0, 0, 0, 0, 0, 0, 0, 0, 0, 0, 0, 0, 0, 0, 0, 0, 0, 0, 0, 0, 0, 0, 0, 0, 0, 0, 0, 0, 0, 0, 0, 0, 0, 0, 0, 0, 0, 0, 0, 0, 0, 0, 0, 0, 0, 0, 0, 0, 0, 0, 0, 0, 0, 0, 0, 0, 0, 0, 0, 0, 0, 0, 0, 0, 0, 0, 0, 0, 0, 0, 0, 0, 0, 0, 0, 0, 0, 0, 0, 0, 0, 0, 0, 0, 0, 0, 0, 0, 0, 0, 0, 0, 0, 0, 0, 0, 0, 0, 0, 0, 0, 0, 0, 0, 0, 0, 0, 0, 0, 0, 0, 0, 0, 0, 0, 0, 0, 0, 0, 0, 0, 0, 0, 0, 0, 0, 0, 0, 0, 0, 0, 0, 0, 0, 0, 0, 0, 0, 0, 0, 0, 0, 0, 0, 0, 0, 0, 0, 0, 0, 0, 0, 0, 0, 0, 0, 0, 0, 0, 0, 0, 0, 0, 0, 0, 0, 0, 0, 0, 0, 0, 0, 0, 0, 0, 0, 0, 0, 0, 0, 0, 0, 0, 0, 0, 0, 0, 0, 0, 0, 0, 0, 0, 0, 0, 0, 0, 0, 0, 0, 0, 0, 0, 0, 0, 0, 0, 0, 0, 0, 0, 0, 0, 0, 0, 0, 0, 0, 0, 0, 0, 0, 0, 0, 0, 0, 0, 0, 0, 0, 0, 0, 0, 0, 0, 0, 0, 0, 0, 0, 0, 0, 0, 0, 0, 0, 0, 0, 0, 0, 0, 0, 0, 0, 0, 0, 0, 0, 0, 0, 0, 0, 0, 0, 0, 0, 0, 0, 0, 0, 0, 0, 0, 0, 0, 0, 0, 0, 0, 0, 0, 0, 0, 0, 0, 0, 0, 0, 0, 0, 0, 0, 0, 0, 0, 0, 0, 0, 0, 0, 0, 0, 0, 0, 0, 0, 0, 0, 0, 0, 0, 0, 0, 0, 0, 0, 0, 0, 0, 0, 0, 0, 0, 0, 0, 0, 0, 0, 0]",455,"[1.267289638519287, 14.314947128295898, 19.65532684326172, 18.213659286499023, 7.091948986053467, 14.261307716369629, 11.936452865600586, 5.1470842361450195, 8.943531036376953, 9.175716400146484, 12.718805313110352, 8.698917388916016, 6.0017828941345215, 17.745773315429688, 1.187465786933899, 6.458637237548828, 8.362998008728027, 19.046974182128906, 7.6730194091796875, 6.02301025390625, 8.900016784667969, 1.8760628700256348, 12.856053352355957, 20.293458938598633, 5.447071552276611, 15.872891426086426, 8.469058990478516, 18.870555877685547, 12.74156379699707, 5.5651750564575195, 2.486109972000122, 4.34644079208374, 7.916262626647949, 12.335362434387207, 19.243104934692383, 19.660293579101562, 20.05203628540039, 0.9375686645507812, 5.471034049987793, 1.1497882604599, 33.86663055419922, 7.977800369262695, 15.278606414794922, 3.0072743892669678, 5.639194965362549, 20.005502700805664, 1.1567634344100952, 20.152721405029297, 16.385475158691406, 12.046365737915039, 5.331921577453613, 1.0450408458709717, 19.261171340942383, 2.673887014389038, 8.36361312866211, 13.156829833984375, 6.931801795959473, 5.4777512550354, 5.579623222351074, 10.511829376220703, 16.298986434936523, 6.434068202972412, 4.114913463592529, 4.564224720001221, 12.165576934814453, 13.703843116760254, 2.0670671463012695, 16.34759521484375, 2.2513785362243652, 1.4446619749069214, 1.7793731689453125, 12.88070297241211, 17.258211135864258, 9.235199928283691, 18.85576820373535, 17.174150466918945, 19.461793899536133, 12.23370361328125, 3.009047031402588, 18.475383758544922, 6.298228740692139, 16.08004379272461, 9.258672714233398, 4.715105056762695, 15.098711967468262, 17.366209030151367, 2.518845558166504, 2.5249710083007812, 1.5809123516082764, 3.1439905166625977, 13.52917766571045, 17.995582580566406, 6.459225654602051, 8.997293472290039, 0.6073133945465088, 7.595768928527832, 20.24997901916504, 0.6598077416419983, 1.7304062843322754, 0.4133285582065582, 2.498659133911133, 0.4776381254196167, 9.22650146484375, 4.474245548248291, 17.772676467895508, 12.879914283752441, 1.8773560523986816, 9.650593757629395, 3.672738552093506, 11.416552543640137, 15.449904441833496, 14.293683052062988, 9.074673652648926, 6.98239278793335, 8.896431922912598, 1.967882513999939, 2.492980718612671, 2.9087047576904297, 11.86578369140625, 14.531811714172363, 9.6790771484375, 18.15168571472168, 12.778009414672852, 6.116738796234131, 13.586165428161621, 14.530548095703125, 18.372196197509766, 8.799846649169922, 14.402839660644531, 14.229493141174316, 1.6172394752502441, 11.192266464233398, 11.947226524353027, 18.014780044555664, 7.356174945831299, 5.739108085632324, 0.7267374992370605, 9.971416473388672, 12.788995742797852, 18.843454360961914, 12.81998062133789, 1.2392473220825195, 7.340640068054199, 7.595382213592529, 19.41033363342285, 14.77486801147461, 15.139701843261719, 3.010857582092285, 14.457493782043457, 6.104561805725098, 5.014443874359131, 1.2705439329147339, 10.954258918762207, 2.2375600337982178, 2.416579246520996, 7.291186332702637, 17.868045806884766, 4.067352771759033, 7.065388202667236, 4.530475616455078, 9.343714714050293, 8.522411346435547, 1.8815011978149414, 10.290610313415527, 2.345555067062378, 10.725996017456055, 3.279569149017334, 20.59344482421875, 17.346988677978516, 10.702445030212402, 10.244412422180176, 7.555035591125488, 16.29332733154297, 19.928369522094727, 8.595569610595703, 13.596776962280273, 9.986634254455566, 20.815248489379883, 20.490793228149414, 1.6397883892059326, 20.00298500061035, 19.49201011657715, 6.457672119140625, 13.030204772949219, 3.3976142406463623, 4.668526649475098, 25.181739807128906, 7.611804962158203, 9.99319076538086, 27.208166122436523, 2.7006137371063232, 0.467280775308609, 7.4057159423828125, 9.809589385986328, 3.2328131198883057, 18.75214385986328, 8.259839057922363, 14.074440002441406, 5.326826572418213, 6.948892116546631, 18.011308670043945, 17.273696899414062, 14.9854097366333, 9.771341323852539, 4.91680383682251, 20.41313934326172, 10.474198341369629, 10.291893005371094, 3.8655850887298584, 1.6823534965515137, 5.759039878845215, 6.591070652008057, 12.4495267868042, 15.137584686279297, 1.1073694229125977, 4.449922561645508, 8.105451583862305, 15.634764671325684, 4.875635147094727, 17.817771911621094, 10.079652786254883, 2.419329881668091, 11.562849044799805, 17.188093185424805, 4.0141072273254395, 10.607080459594727, 3.1789844036102295, 8.255636215209961, 2.936283588409424, 0.4993155598640442, 13.080343246459961, 12.976160049438477, 9.879548072814941, 11.588430404663086, 19.35365104675293, 2.4036948680877686, 14.06982135772705, 18.652647018432617, 17.493297576904297, 20.841001510620117, 16.121675491333008, 18.526193618774414, 15.051137924194336, 28.768749237060547, 6.502882480621338, 5.993950843811035, 11.608054161071777, 6.966155529022217, 0.4727429151535034, 3.1441457271575928, 9.152641296386719, 12.619336128234863, 17.767702102661133, 10.396771430969238, 20.556928634643555, 9.404501914978027, 7.278958320617676, 7.41541862487793, 7.439416408538818, 10.4967622756958, 6.1202569007873535, 13.552558898925781, 20.43130874633789, 12.795032501220703, 9.923111915588379, 9.098072052001953, 4.173495769500732, 3.2709577083587646, 11.318399429321289, 14.473857879638672, 16.27486228942871, 19.618656158447266, 16.516454696655273, 14.180163383483887, 15.151104927062988, 11.571881294250488, 14.905871391296387, 6.9181013107299805, 12.856401443481445, 1.1891382932662964, 9.360363960266113, 9.364617347717285, 7.098320484161377, 8.645949363708496, 6.2969818115234375, 5.366941928863525, 5.630806922912598, 0.9039547443389893, 18.541114807128906, 0.938447117805481, 4.933772087097168, 6.9427080154418945, 12.341482162475586, 6.191779136657715, 11.724618911743164, 18.309162139892578, 14.901044845581055, 10.635276794433594, 12.043842315673828, 11.764827728271484, 2.3044235706329346, 0.4325549602508545, 8.916586875915527, 7.240203857421875, 3.8949408531188965, 16.571866989135742, 22.44268798828125, 16.615589141845703, 7.826232433319092, 1.1612571477890015, 17.971599578857422, 7.767807483673096, 1.2534767389297485, 13.286853790283203, 8.511307716369629, 17.953880310058594, 3.2970523834228516, 13.906270980834961, 18.8906192779541, 9.408708572387695, 8.963275909423828, 8.955442428588867, 12.662978172302246, 4.667212009429932, 1.9815517663955688, 3.067411422729492, 17.837032318115234, 17.73418426513672, 2.1232380867004395, 13.138227462768555, 15.590204238891602, 7.585615634918213, 2.830897331237793, 14.791892051696777, 20.132993698120117, 10.666098594665527, 15.483924865722656, 7.7105302810668945, 3.460972309112549, 8.471261978149414, 15.735553741455078, 17.6125431060791, 0.5518481731414795, 9.768962860107422, 14.798295974731445, 18.402362823486328, 15.080920219421387, 4.945122241973877, 12.978887557983398, 4.288578510284424, 17.278018951416016, 7.761160373687744, 14.23794937133789, 1.4432601928710938, 10.1659574508667, 2.6918747425079346, 17.901988983154297, 2.2749974727630615, 20.584461212158203, 2.549717903137207, 12.991286277770996, 20.447582244873047, 1.8880386352539062, 12.641453742980957, 2.0025978088378906, 18.013473510742188, 4.411779403686523, 1.6185247898101807, 3.2798821926116943, 19.599777221679688, 16.122011184692383, 7.574954032897949, 4.868821144104004, 11.982836723327637, 0.6921665668487549, 18.679061889648438, 14.789728164672852, 5.876012802124023, 7.463950157165527, 21.078615188598633, 13.522194862365723, 9.973993301391602, 11.326406478881836, 3.3172225952148438, 12.184288024902344, 12.52115249633789, 20.206890106201172, 4.0462799072265625, 30.034259796142578, 10.111832618713379, 5.512179374694824, 8.05162239074707, 1.258804440498352, 9.981590270996094, 11.914859771728516, 16.602800369262695, 7.772606372833252, 17.257549285888672, 8.410923957824707, 1.995657205581665, 28.0446720123291, 18.495447158813477, 0.8740872740745544, 6.421377182006836, 11.555647850036621, 1.4239779710769653, 0.9592709541320801, 14.499310493469238, 2.8878085613250732, 0.5198563933372498, 7.874986171722412, 6.470588207244873, 6.384283542633057, 1.7255613803863525, 11.604645729064941, 19.071714401245117, 7.672352313995361, 8.925294876098633, 0.964211106300354, 0.5434095859527588, 13.73027229309082, 10.6602783203125, 6.148491382598877, 17.006187438964844, 5.9872589111328125, 5.631532669067383, 7.01344108581543, 13.52047348022461, 7.021021842956543, 7.8396735191345215, 7.1600260734558105, 21.009309768676758, 8.388871192932129, 16.5997257232666, 16.115509033203125, 19.631982803344727, 4.15506649017334, 8.674637794494629, 2.1419756412506104, 13.56035041809082, 4.329319953918457, 11.5717134475708, 7.722896575927734, 14.251766204833984, 5.108570098876953, 1.964146614074707, 3.651197910308838, 1.00655198097229, 13.688515663146973, 19.05170249938965, 5.77949333190918, 20.187772750854492, 9.565552711486816, 19.288753509521484, 12.531956672668457]",0.0,"[0.0, 0.0, 0.0, 0.0, 0.0, 0.0, 0.0, 0.0, 0.0, 0.0, 0.0, 0.0, 0.0, 0.0, 0.0, 0.0, 0.0, 0.0, 0.0, 0.0, 0.0, 0.0, 0.0, 0.0, 0.0, 0.0, 0.0, 0.0, 0.0, 0.0, 0.0, 0.0, 0.0, 0.0, 0.0, 0.0, 0.0, 0.0, 0.0, 0.0, 0.0, 0.0, 0.0, 0.0, 0.0, 0.0, 0.0, 0.0, 0.0, 0.0, 0.0, 0.0, 0.0, 0.0, 0.0, 0.0, 0.0, 0.0, 0.0, 0.0, 0.0, 0.0, 0.0, 0.0, 0.0, 0.0, 0.0, 0.0, 0.0, 0.0, 0.0, 0.0, 0.0, 0.0, 0.0, 0.0, 0.0, 0.0, 0.0, 0.0, 0.0, 0.0, 0.0, 0.0, 0.0, 0.0, 0.0, 0.0, 0.0, 0.0, 0.0, 0.0, 0.0, 0.0, 0.0, 0.0, 0.0, 0.0, 0.0, 0.0, 0.0, 0.0, 0.0, 0.0, 0.0, 0.0, 0.0, 0.0, 0.0, 0.0, 0.0, 0.0, 0.0, 0.0, 0.0, 0.0, 0.0, 0.0, 0.0, 0.0, 0.0, 0.0, 0.0, 0.0, 0.0, 0.0, 0.0, 0.0, 0.0, 0.0, 0.0, 0.0, 0.0, 0.0, 0.0, 0.0, 0.0, 0.0, 0.0, 0.0, 0.0, 0.0, 0.0, 0.0, 0.0, 0.0, 0.0, 0.0, 0.0, 0.0, 0.0, 0.0, 0.0, 0.0, 0.0, 0.0, 0.0, 0.0, 0.0, 0.0, 0.0, 0.0, 0.0, 0.0, 0.0, 0.0, 0.0, 0.0, 0.0, 0.0, 0.0, 0.0, 0.0, 0.0, 0.0, 0.0, 0.0, 0.0, 0.0, 0.0, 0.0, 0.0, 0.0, 0.0, 0.0, 0.0, 0.0, 0.0, 0.0, 0.0, 0.0, 0.0, 0.0, 0.0, 0.0, 0.0, 0.0, 0.0, 0.0, 0.0, 0.0, 0.0, 0.0, 0.0, 0.0, 0.0, 0.0, 0.0, 0.0, 0.0, 0.0, 0.0, 0.0, 0.0, 0.0, 0.0, 0.0, 0.0, 0.0, 0.0, 0.0, 0.0, 0.0, 0.0, 0.0, 0.0, 0.0, 0.0, 0.0, 0.0, 0.0, 0.0, 0.0, 0.0, 0.0, 0.0, 0.0, 0.0, 0.0, 0.0, 0.0, 0.0, 0.0, 0.0, 0.0, 0.0, 0.0, 0.0, 0.0, 0.0, 0.0, 0.0, 0.0, 0.0, 0.0, 0.0, 0.0, 0.0, 0.0, 0.0, 0.0, 0.0, 0.0, 0.0, 0.0, 0.0, 0.0, 0.0, 0.0, 0.0, 0.0, 0.0, 0.0, 0.0, 0.0, 0.0, 0.0, 0.0, 0.0, 0.0, 0.0, 0.0, 0.0, 0.0, 0.0, 0.0, 0.0, 0.0, 0.0, 0.0, 0.0, 0.0, 0.0, 0.0, 0.0, 0.0, 0.0, 0.0, 0.0, 0.0, 0.0, 0.0, 0.0, 0.0, 0.0, 0.0, 0.0, 0.0, 0.0, 0.0, 0.0, 0.0, 0.0, 0.0, 0.0, 0.0, 0.0, 0.0, 0.0, 0.0, 0.0, 0.0, 0.0, 0.0, 0.0, 0.0, 0.0, 0.0, 0.0, 0.0, 0.0, 0.0, 0.0, 0.0, 0.0, 0.0, 0.0, 0.0, 0.0, 0.0, 0.0, 0.0, 0.0, 0.0, 0.0, 0.0, 0.0, 0.0, 0.0, 0.0, 0.0, 0.0, 0.0, 0.0, 0.0, 0.0, 0.0, 0.0, 0.0, 0.0, 0.0, 0.0, 0.0, 0.0, 0.0, 0.0, 0.0, 0.0, 0.0, 0.0, 0.0, 0.0, 0.0, 0.0, 0.0, 0.0, 0.0, 0.0, 0.0, 0.0, 0.0, 0.0, 0.0, 0.0, 0.0, 0.0, 0.0, 0.0, 0.0, 0.0, 0.0, 0.0, 0.0, 0.0, 0.0, 0.0, 0.0, 0.0, 0.0, 0.0, 0.0, 0.0, 0.0, 0.0, 0.0, 0.0, 0.0, 0.0, 0.0, 0.0, 0.0, 0.0, 0.0, 0.0, 0.0, 0.0, 0.0, 0.0, 0.0, 0.0, 0.0, 0.0, 0.0, 0.0, 0.0, 0.0, 0.0, 0.0, 0.0, 0.0, 0.0, 0.0, 0.0, 0.0, 0.0, 0.0, 0.0, 0.0, 0.0, 0.0, 0.0, 0.0, 0.0, 0.0, 0.0, 0.0, 0.0, 0.0, 0.0, 0.0, 0.0, 0.0, 0.0, 0.0, 0.0]",COMPLETE
