,number,value,datetime_start,datetime_complete,duration,params_batch_size_scaler,params_constant_learning_rate,params_depth,params_epochs,params_kernel_l2,params_num_trees,params_temperature,user_attrs_accuracy_test,user_attrs_accuracy_valid,user_attrs_approximate_feature_sparsity,user_attrs_approximate_feature_sparsity_history,user_attrs_approximate_weight_sparsity,user_attrs_approximate_weight_sparsity_history,user_attrs_auc_test,user_attrs_auc_valid,user_attrs_feature_sparsity,user_attrs_feature_sparsity_history,user_attrs_num_epochs,user_attrs_val_loss_history,user_attrs_weight_sparsity,user_attrs_weight_sparsity_history,state
151,151,0.5,2024-08-31 07:48:27.378410,2024-08-31 07:48:34.691664,0 days 00:00:07.313254,16,2.9129982295825054,1,70,0.6389389248496536,24,0.04630483170203279,0.859,0.85875,0,"[0, 0, 0, 0, 0, 0, 0, 0, 0, 0, 0, 0, 0, 0, 0, 0, 0, 0, 0, 0, 0, 0, 0, 0, 0, 0, 0, 0, 0, 0, 0, 0, 0, 0, 0, 0, 0, 0, 0, 0, 0, 0, 0, 0, 0, 0, 0, 0, 0, 0, 0, 0, 0, 0, 0, 0, 0, 0, 0, 0, 0, 0, 0, 0, 0, 0, 0, 0, 0, 0]",0.0,"[0.0, 0.0, 0.0, 0.0, 0.0, 0.0, 0.0, 0.0, 0.0, 0.0, 0.0, 0.0, 0.0, 0.0, 0.0, 0.0, 0.0, 0.0, 0.0, 0.0, 0.0, 0.0, 0.0, 0.0, 0.0, 0.0, 0.0, 0.0, 0.0, 0.0, 0.0, 0.0, 0.0, 0.0, 0.0, 0.0, 0.0, 0.0, 0.0, 0.0, 0.0, 0.0, 0.0, 0.0, 0.0, 0.0, 0.0, 0.0, 0.0, 0.0, 0.0, 0.0, 0.0, 0.0, 0.0, 0.0, 0.0, 0.0, 0.0, 0.0, 0.0, 0.0, 0.0, 0.0, 0.0, 0.0, 0.0, 0.0, 0.0, 0.0]",0.5,0.5,0,"[0, 0, 0, 0, 0, 0, 0, 0, 0, 0, 0, 0, 0, 0, 0, 0, 0, 0, 0, 0, 0, 0, 0, 0, 0, 0, 0, 0, 0, 0, 0, 0, 0, 0, 0, 0, 0, 0, 0, 0, 0, 0, 0, 0, 0, 0, 0, 0, 0, 0, 0, 0, 0, 0, 0, 0, 0, 0, 0, 0, 0, 0, 0, 0, 0, 0, 0, 0, 0, 0]",70,"[3.832127094268799, 4.10649299621582, 4.747854232788086, 1.0028393268585205, 2.2114450931549072, 6.255857467651367, 7.311560153961182, 3.3693277835845947, 4.681050777435303, 0.4081787168979645, 3.6380176544189453, 5.233259677886963, 1.2102162837982178, 4.738037586212158, 3.1236910820007324, 5.750699043273926, 0.41047945618629456, 5.464779853820801, 1.7025724649429321, 3.0118837356567383, 7.434055328369141, 3.4331979751586914, 0.546536922454834, 1.652442455291748, 4.406213283538818, 0.6542282700538635, 2.8555099964141846, 7.4249982833862305, 5.6618523597717285, 0.8041998147964478, 7.069094181060791, 7.697563648223877, 0.7583772540092468, 6.546198844909668, 4.927558422088623, 3.1625607013702393, 1.0664271116256714, 0.6326667666435242, 2.1660430431365967, 0.6593762040138245, 1.1079457998275757, 5.886555194854736, 5.2067975997924805, 5.233656406402588, 6.590969085693359, 5.933699131011963, 1.0369808673858643, 7.625909805297852, 5.4009881019592285, 0.6845119595527649, 1.344091534614563, 4.59086275100708, 0.5396268367767334, 2.2840967178344727, 0.9492477178573608, 2.0752196311950684, 3.7739336490631104, 4.457339286804199, 1.4229249954223633, 3.4905612468719482, 4.929179668426514, 6.4325361251831055, 3.5132949352264404, 4.672211170196533, 6.4270148277282715, 7.559164524078369, 4.650008678436279, 0.40804290771484375, 3.6191627979278564, 3.1565117835998535]",0.0,"[0.0, 0.0, 0.0, 0.0, 0.0, 0.0, 0.0, 0.0, 0.0, 0.0, 0.0, 0.0, 0.0, 0.0, 0.0, 0.0, 0.0, 0.0, 0.0, 0.0, 0.0, 0.0, 0.0, 0.0, 0.0, 0.0, 0.0, 0.0, 0.0, 0.0, 0.0, 0.0, 0.0, 0.0, 0.0, 0.0, 0.0, 0.0, 0.0, 0.0, 0.0, 0.0, 0.0, 0.0, 0.0, 0.0, 0.0, 0.0, 0.0, 0.0, 0.0, 0.0, 0.0, 0.0, 0.0, 0.0, 0.0, 0.0, 0.0, 0.0, 0.0, 0.0, 0.0, 0.0, 0.0, 0.0, 0.0, 0.0, 0.0, 0.0]",COMPLETE
152,152,0.8367791217426028,2024-08-31 07:48:37.806581,2024-08-31 07:48:41.293150,0 days 00:00:03.486569,4,0.2535996586254891,1,10,0.006259448237970389,63,0.00011125790960225022,0.867,0.86125,33,"[33, 33, 33, 33, 33, 33, 33, 33, 33, 33]",33.0,"[32.98412698412699, 33.0, 32.98412698412699, 32.96825396825397, 32.98412698412699, 32.98412698412699, 33.0, 33.0, 32.98412698412699, 33.0]",0.8402149951700394,0.8367791217426028,33,"[33, 33, 33, 33, 33, 33, 33, 33, 33, 33]",10,"[0.46391335129737854, 0.44742733240127563, 0.42690587043762207, 0.4211205244064331, 0.38261207938194275, 0.32963889837265015, 0.3302680552005768, 0.3369099795818329, 0.3195853531360626, 0.39266860485076904]",33.0,"[33.0, 33.0, 33.0, 33.0, 33.0, 33.0, 33.0, 33.0, 33.0, 33.0]",COMPLETE
153,153,0.6663188674627404,2024-08-31 07:48:44.966815,2024-08-31 07:48:53.497633,0 days 00:00:08.530818,64,0.027375136517547638,2,100,0.0018357606284606905,25,0.04073132526194191,0.859,0.85875,33,"[33, 33, 33, 33, 33, 33, 33, 33, 33, 33, 33, 33, 33, 33, 33, 33, 33, 33, 33, 33, 33, 33, 33, 33, 33, 33, 33, 33, 33, 33, 33, 33, 33, 33, 33, 33, 33, 33, 33, 33, 33, 33, 33, 33, 33, 33, 33, 33, 33, 33, 33, 33, 33, 33, 33, 33, 33, 33, 33, 33, 33, 33, 33, 33, 33, 33, 33, 33, 33, 33, 33, 33, 33, 33, 33, 33, 33, 33, 33, 33, 33, 33, 33, 33, 33, 33, 33, 33, 33, 33, 33, 33, 33, 33, 33, 33, 33, 33, 33, 33]",33.0,"[33.0, 33.0, 33.0, 32.96, 32.97333333333333, 32.986666666666665, 32.97333333333333, 32.986666666666665, 32.986666666666665, 33.0, 32.986666666666665, 32.986666666666665, 32.986666666666665, 32.986666666666665, 32.97333333333333, 32.986666666666665, 32.986666666666665, 32.986666666666665, 32.986666666666665, 32.986666666666665, 32.97333333333333, 32.97333333333333, 32.97333333333333, 32.986666666666665, 32.986666666666665, 32.986666666666665, 33.0, 32.986666666666665, 33.0, 32.986666666666665, 32.986666666666665, 33.0, 33.0, 33.0, 32.97333333333333, 32.986666666666665, 32.986666666666665, 32.97333333333333, 32.97333333333333, 32.986666666666665, 32.96, 32.96, 32.986666666666665, 33.0, 32.986666666666665, 32.986666666666665, 32.97333333333333, 32.986666666666665, 32.97333333333333, 32.986666666666665, 33.0, 32.986666666666665, 33.0, 32.97333333333333, 32.986666666666665, 32.986666666666665, 32.986666666666665, 33.0, 32.986666666666665, 32.97333333333333, 32.97333333333333, 32.97333333333333, 32.97333333333333, 32.96, 32.97333333333333, 32.97333333333333, 32.96, 32.96, 32.96, 32.96, 32.96, 32.96, 32.97333333333333, 32.986666666666665, 32.986666666666665, 32.986666666666665, 32.97333333333333, 32.97333333333333, 32.986666666666665, 32.986666666666665, 32.986666666666665, 32.986666666666665, 32.96, 32.97333333333333, 32.986666666666665, 32.986666666666665, 32.986666666666665, 32.986666666666665, 32.97333333333333, 32.97333333333333, 32.97333333333333, 32.97333333333333, 32.96, 32.97333333333333, 32.97333333333333, 32.97333333333333, 32.97333333333333, 32.97333333333333, 32.986666666666665, 33.0]",0.7125554207019542,0.6663188674627404,33,"[33, 33, 33, 33, 33, 33, 33, 33, 33, 33, 33, 33, 33, 33, 33, 33, 33, 33, 33, 33, 33, 33, 33, 33, 33, 33, 33, 33, 33, 33, 33, 33, 33, 33, 33, 33, 33, 33, 33, 33, 33, 33, 33, 33, 33, 33, 33, 33, 33, 33, 33, 33, 33, 33, 33, 33, 33, 33, 33, 33, 33, 33, 33, 33, 33, 33, 33, 33, 33, 33, 33, 33, 33, 33, 33, 33, 33, 33, 33, 33, 33, 33, 33, 33, 33, 33, 33, 33, 33, 33, 33, 33, 33, 33, 33, 33, 33, 33, 33, 33]",100,"[0.5513601899147034, 0.48487091064453125, 0.45198962092399597, 0.43411576747894287, 0.42172348499298096, 0.41565459966659546, 0.41128861904144287, 0.4091126322746277, 0.40669500827789307, 0.4053855240345001, 0.40425628423690796, 0.4036109447479248, 0.402858167886734, 0.4020908772945404, 0.40141019225120544, 0.40086424350738525, 0.4004670977592468, 0.39997875690460205, 0.3995627164840698, 0.39928731322288513, 0.3989584445953369, 0.3985482156276703, 0.39819440245628357, 0.39782512187957764, 0.3975505828857422, 0.3972102701663971, 0.3969361484050751, 0.39660221338272095, 0.39633461833000183, 0.39603468775749207, 0.39575836062431335, 0.395506352186203, 0.3952038288116455, 0.3948673903942108, 0.3945780098438263, 0.39431554079055786, 0.39409101009368896, 0.3938831090927124, 0.39361679553985596, 0.3933876156806946, 0.3931768834590912, 0.3929537832736969, 0.3928086757659912, 0.39251354336738586, 0.39226973056793213, 0.39198368787765503, 0.39170533418655396, 0.39146682620048523, 0.3912454843521118, 0.3910554051399231, 0.39083415269851685, 0.3906593322753906, 0.3904162645339966, 0.39024049043655396, 0.39003056287765503, 0.38975727558135986, 0.38957327604293823, 0.3893706798553467, 0.3891897201538086, 0.3890014886856079, 0.3887748420238495, 0.3885134756565094, 0.3883134722709656, 0.3880939185619354, 0.3879602551460266, 0.38781222701072693, 0.3876309096813202, 0.3873937129974365, 0.3871658742427826, 0.38696300983428955, 0.38681524991989136, 0.3866211175918579, 0.38647764921188354, 0.3863048851490021, 0.38614800572395325, 0.38597652316093445, 0.3857874572277069, 0.385703444480896, 0.38549596071243286, 0.3853561282157898, 0.38515961170196533, 0.38501450419425964, 0.38490021228790283, 0.3846341669559479, 0.38444358110427856, 0.38429951667785645, 0.38409531116485596, 0.3839469254016876, 0.3838120996952057, 0.3836386203765869, 0.38346707820892334, 0.3833038806915283, 0.38319161534309387, 0.3830558657646179, 0.38292044401168823, 0.3827613890171051, 0.38265523314476013, 0.3825575113296509, 0.3823726773262024, 0.3821946978569031]",33.0,"[33.0, 33.0, 33.0, 33.0, 33.0, 33.0, 33.0, 33.0, 33.0, 33.0, 33.0, 33.0, 33.0, 33.0, 33.0, 33.0, 33.0, 33.0, 33.0, 33.0, 33.0, 33.0, 33.0, 33.0, 33.0, 33.0, 33.0, 33.0, 33.0, 33.0, 33.0, 33.0, 33.0, 33.0, 33.0, 33.0, 33.0, 33.0, 33.0, 33.0, 33.0, 33.0, 33.0, 33.0, 33.0, 33.0, 33.0, 33.0, 33.0, 33.0, 33.0, 33.0, 33.0, 33.0, 33.0, 33.0, 33.0, 33.0, 33.0, 33.0, 33.0, 33.0, 33.0, 33.0, 33.0, 33.0, 33.0, 33.0, 33.0, 33.0, 33.0, 33.0, 33.0, 33.0, 33.0, 33.0, 33.0, 33.0, 33.0, 33.0, 33.0, 33.0, 33.0, 33.0, 33.0, 33.0, 33.0, 33.0, 33.0, 33.0, 33.0, 33.0, 33.0, 33.0, 33.0, 33.0, 33.0, 33.0, 33.0, 33.0]",COMPLETE
154,154,0.5,2024-08-31 07:48:56.532490,2024-08-31 07:54:15.908637,0 days 00:05:19.376147,4,0.46968283656912707,6,170,0.0012063587760561244,91,0.02526841874707062,0.859,0.85875,0,"[5, 0, 0, 0, 0, 0, 0, 0, 0, 0, 0, 0, 0, 0, 0, 0, 0, 0, 0, 0, 0, 0, 0, 0, 0, 0, 0, 0, 0, 0, 0, 0, 0, 0, 0, 0, 0, 0, 0, 0, 0, 0, 0, 0, 0, 0, 0, 0, 0, 0, 0, 0, 0, 0, 0, 0, 0, 0, 0, 0, 0, 0, 0, 0, 0, 0, 0, 0, 0, 0, 0, 0, 0, 0, 0, 0, 0, 0, 0, 0, 0, 0, 0, 0, 0, 0, 0, 0, 0, 0, 0, 0, 0, 0, 0, 0, 0, 0, 0, 0, 0, 0, 0, 0, 0, 0, 0, 0, 0, 0, 0, 0, 0, 0, 0, 0, 0, 0, 0, 0, 0, 0, 0, 0, 0, 0, 0, 0, 0, 0, 0, 0, 0, 0, 0, 0, 0, 0, 0, 0, 0, 0, 0, 0, 0, 0, 0, 0, 0, 0, 0, 0, 0, 0, 0, 0, 0, 0, 0, 0, 0, 0, 0, 0, 0, 0, 0, 0, 0, 0]",0.0,"[4.981336124193267, 0.0, 0.0, 0.0, 0.0, 0.0, 0.0, 0.0, 0.0, 0.0, 0.0, 0.0, 0.0, 0.0, 0.0, 0.0, 0.0, 0.0, 0.0, 0.0, 0.0, 0.0, 0.0, 0.0, 0.0, 0.0, 0.0, 0.0, 0.0, 0.0, 0.0, 0.0, 0.0, 0.0, 0.0, 0.0, 0.0, 0.0, 0.0, 0.0, 0.0, 0.0, 0.0, 0.0, 0.0, 0.0, 0.0, 0.0, 0.0, 0.0, 0.0, 0.0, 0.0, 0.0, 0.0, 0.0, 0.0, 0.0, 0.0, 0.0, 0.0, 0.0, 0.0, 0.0, 0.0, 0.0, 0.0, 0.0, 0.0, 0.0, 0.0, 0.0, 0.0, 0.0, 0.0, 0.0, 0.0, 0.0, 0.0, 0.0, 0.0, 0.0, 0.0, 0.0, 0.0, 0.0, 0.0, 0.0, 0.0, 0.0, 0.0, 0.0, 0.0, 0.0, 0.0, 0.0, 0.0, 0.0, 0.0, 0.0, 0.0, 0.0, 0.0, 0.0, 0.0, 0.0, 0.0, 0.0, 0.0, 0.0, 0.0, 0.0, 0.0, 0.0, 0.0, 0.0, 0.0, 0.0, 0.0, 0.0, 0.0, 0.0, 0.0, 0.0, 0.0, 0.0, 0.0, 0.0, 0.0, 0.0, 0.0, 0.0, 0.0, 0.0, 0.0, 0.0, 0.0, 0.0, 0.0, 0.0, 0.0, 0.0, 0.0, 0.0, 0.0, 0.0, 0.0, 0.0, 0.0, 0.0, 0.0, 0.0, 0.0, 0.0, 0.0, 0.0, 0.0, 0.0, 0.0, 0.0, 0.0, 0.0, 0.0, 0.0, 0.0, 0.0, 0.0, 0.0, 0.0, 0.0]",0.5,0.5,0,"[5, 0, 0, 0, 0, 0, 0, 0, 0, 0, 0, 0, 0, 0, 0, 0, 0, 0, 0, 0, 0, 0, 0, 0, 0, 0, 0, 0, 0, 0, 0, 0, 0, 0, 0, 0, 0, 0, 0, 0, 0, 0, 0, 0, 0, 0, 0, 0, 0, 0, 0, 0, 0, 0, 0, 0, 0, 0, 0, 0, 0, 0, 0, 0, 0, 0, 0, 0, 0, 0, 0, 0, 0, 0, 0, 0, 0, 0, 0, 0, 0, 0, 0, 0, 0, 0, 0, 0, 0, 0, 0, 0, 0, 0, 0, 0, 0, 0, 0, 0, 0, 0, 0, 0, 0, 0, 0, 0, 0, 0, 0, 0, 0, 0, 0, 0, 0, 0, 0, 0, 0, 0, 0, 0, 0, 0, 0, 0, 0, 0, 0, 0, 0, 0, 0, 0, 0, 0, 0, 0, 0, 0, 0, 0, 0, 0, 0, 0, 0, 0, 0, 0, 0, 0, 0, 0, 0, 0, 0, 0, 0, 0, 0, 0, 0, 0, 0, 0, 0, 0]",170,"[0.3931613862514496, 0.4104127883911133, 0.40723857283592224, 0.40867093205451965, 0.40764468908309937, 0.40775930881500244, 0.40762293338775635, 0.40734875202178955, 0.40808388590812683, 0.4072309136390686, 0.4081079363822937, 0.4075295925140381, 0.40723326802253723, 0.4094415307044983, 0.4072279632091522, 0.40722811222076416, 0.4072878956794739, 0.407413125038147, 0.40722668170928955, 0.40798109769821167, 0.40776896476745605, 0.4074183702468872, 0.40726324915885925, 0.4079229235649109, 0.41276413202285767, 0.4084758460521698, 0.40722712874412537, 0.4074710011482239, 0.4088483452796936, 0.40738436579704285, 0.4072851240634918, 0.4074171781539917, 0.40757864713668823, 0.40741389989852905, 0.40725356340408325, 0.40780267119407654, 0.40774276852607727, 0.4094809591770172, 0.4074837863445282, 0.40725240111351013, 0.4072572588920593, 0.4072558879852295, 0.4072333574295044, 0.4072483777999878, 0.4072260558605194, 0.4095650017261505, 0.4074680209159851, 0.4074016213417053, 0.4073850214481354, 0.4072728753089905, 0.40791064500808716, 0.4081917107105255, 0.4072960913181305, 0.40722885727882385, 0.4076230525970459, 0.4075624942779541, 0.4078212380409241, 0.4094548523426056, 0.4086984694004059, 0.40723973512649536, 0.40758052468299866, 0.407514750957489, 0.40730106830596924, 0.40812528133392334, 0.40743571519851685, 0.4078676700592041, 0.40729930996894836, 0.40775349736213684, 0.40729668736457825, 0.4072343707084656, 0.40740880370140076, 0.40759262442588806, 0.4072355329990387, 0.4075344502925873, 0.4087126851081848, 0.40723225474357605, 0.4082038998603821, 0.40741756558418274, 0.4083347022533417, 0.40899646282196045, 0.4075993299484253, 0.40740323066711426, 0.4111979305744171, 0.40767237544059753, 0.4072580635547638, 0.4075702726840973, 0.40735316276550293, 0.4072956442832947, 0.4093896150588989, 0.4075055718421936, 0.4072929322719574, 0.4072847068309784, 0.4081648588180542, 0.40983784198760986, 0.40746334195137024, 0.40727055072784424, 0.40724778175354004, 0.4078429043292999, 0.4082561731338501, 0.40746358036994934, 0.4073360562324524, 0.4073665142059326, 0.4078972339630127, 0.4084930419921875, 0.408788800239563, 0.4072696566581726, 0.4073295593261719, 0.40782761573791504, 0.4072536826133728, 0.40764179825782776, 0.40863946080207825, 0.4072468876838684, 0.40750813484191895, 0.407357394695282, 0.40792596340179443, 0.4075930416584015, 0.40736374258995056, 0.40737468004226685, 0.40794050693511963, 0.41021105647087097, 0.4077734351158142, 0.40924346446990967, 0.4118070602416992, 0.4072282314300537, 0.4072633683681488, 0.4073390066623688, 0.4072261452674866, 0.4073602259159088, 0.407532274723053, 0.4090086817741394, 0.4077439606189728, 0.40728989243507385, 0.4072263240814209, 0.4072333872318268, 0.4072573184967041, 0.40797269344329834, 0.40722671151161194, 0.40768054127693176, 0.4072262942790985, 0.40722620487213135, 0.4073183834552765, 0.4084586203098297, 0.4085334539413452, 0.4072367548942566, 0.40723347663879395, 0.4072742164134979, 0.4078393876552582, 0.4077359139919281, 0.4086076319217682, 0.4072965681552887, 0.4072754383087158, 0.4075233042240143, 0.4074963629245758, 0.407744437456131, 0.4072265326976776, 0.4075104892253876, 0.4072626233100891, 0.40727946162223816, 0.4083499014377594, 0.4072365164756775, 0.4075506329536438, 0.4083685576915741, 0.407401442527771, 0.40723124146461487, 0.40756216645240784, 0.40835535526275635, 0.40725284814834595, 0.4091765582561493, 0.4072558581829071, 0.4085342288017273]",0.0,"[5.0, 0.0, 0.0, 0.0, 0.0, 0.0, 0.0, 0.0, 0.0, 0.0, 0.0, 0.0, 0.0, 0.0, 0.0, 0.0, 0.0, 0.0, 0.0, 0.0, 0.0, 0.0, 0.0, 0.0, 0.0, 0.0, 0.0, 0.0, 0.0, 0.0, 0.0, 0.0, 0.0, 0.0, 0.0, 0.0, 0.0, 0.0, 0.0, 0.0, 0.0, 0.0, 0.0, 0.0, 0.0, 0.0, 0.0, 0.0, 0.0, 0.0, 0.0, 0.0, 0.0, 0.0, 0.0, 0.0, 0.0, 0.0, 0.0, 0.0, 0.0, 0.0, 0.0, 0.0, 0.0, 0.0, 0.0, 0.0, 0.0, 0.0, 0.0, 0.0, 0.0, 0.0, 0.0, 0.0, 0.0, 0.0, 0.0, 0.0, 0.0, 0.0, 0.0, 0.0, 0.0, 0.0, 0.0, 0.0, 0.0, 0.0, 0.0, 0.0, 0.0, 0.0, 0.0, 0.0, 0.0, 0.0, 0.0, 0.0, 0.0, 0.0, 0.0, 0.0, 0.0, 0.0, 0.0, 0.0, 0.0, 0.0, 0.0, 0.0, 0.0, 0.0, 0.0, 0.0, 0.0, 0.0, 0.0, 0.0, 0.0, 0.0, 0.0, 0.0, 0.0, 0.0, 0.0, 0.0, 0.0, 0.0, 0.0, 0.0, 0.0, 0.0, 0.0, 0.0, 0.0, 0.0, 0.0, 0.0, 0.0, 0.0, 0.0, 0.0, 0.0, 0.0, 0.0, 0.0, 0.0, 0.0, 0.0, 0.0, 0.0, 0.0, 0.0, 0.0, 0.0, 0.0, 0.0, 0.0, 0.0, 0.0, 0.0, 0.0, 0.0, 0.0, 0.0, 0.0, 0.0, 0.0]",COMPLETE
