,number,value,datetime_start,datetime_complete,duration,params_batch_size_scaler,params_constant_learning_rate,params_depth,params_epochs,params_kernel_l2,params_num_trees,params_temperature,user_attrs_accuracy_test,user_attrs_accuracy_valid,user_attrs_approximate_feature_sparsity,user_attrs_approximate_feature_sparsity_history,user_attrs_approximate_weight_sparsity,user_attrs_approximate_weight_sparsity_history,user_attrs_auc_test,user_attrs_auc_valid,user_attrs_feature_sparsity,user_attrs_feature_sparsity_history,user_attrs_num_epochs,user_attrs_val_loss_history,user_attrs_weight_sparsity,user_attrs_weight_sparsity_history,state
21,21,0.7026445620950392,2024-08-31 01:29:41.362906,2024-08-31 01:30:48.749229,0 days 00:01:07.386323,4,0.025423625005819593,1,475,0.3029328798450923,51,0.0001109320253500145,0.864,0.86375,3,"[33, 33, 33, 33, 33, 33, 33, 33, 33, 33, 33, 33, 33, 33, 33, 33, 33, 33, 33, 33, 33, 33, 33, 33, 33, 33, 33, 33, 33, 33, 33, 33, 33, 33, 33, 33, 33, 33, 33, 33, 33, 33, 33, 33, 33, 33, 33, 33, 33, 33, 33, 33, 33, 33, 33, 33, 33, 33, 33, 33, 33, 33, 33, 33, 33, 33, 33, 33, 33, 33, 33, 33, 33, 33, 33, 33, 33, 33, 33, 33, 33, 33, 33, 33, 33, 33, 33, 33, 32, 32, 32, 32, 30, 30, 28, 26, 26, 25, 24, 20, 18, 17, 17, 16, 16, 16, 16, 16, 15, 13, 13, 13, 13, 13, 13, 13, 11, 11, 11, 11, 11, 11, 11, 11, 11, 11, 11, 11, 11, 11, 11, 11, 11, 11, 11, 11, 11, 11, 11, 11, 11, 11, 10, 10, 10, 10, 10, 10, 10, 10, 10, 10, 10, 10, 10, 10, 10, 10, 10, 10, 10, 10, 10, 10, 10, 10, 10, 10, 10, 10, 10, 10, 10, 10, 10, 10, 10, 10, 10, 10, 10, 10, 10, 10, 10, 10, 10, 10, 10, 10, 10, 10, 10, 10, 10, 10, 10, 10, 10, 10, 10, 10, 10, 10, 10, 10, 9, 9, 9, 9, 9, 9, 9, 9, 9, 9, 9, 9, 9, 9, 9, 9, 9, 9, 9, 9, 9, 9, 9, 9, 9, 9, 9, 9, 9, 9, 9, 9, 9, 9, 9, 9, 9, 9, 9, 9, 9, 9, 9, 9, 9, 9, 9, 9, 9, 9, 9, 9, 9, 9, 9, 9, 9, 9, 9, 9, 9, 9, 9, 9, 9, 9, 9, 8, 8, 8, 7, 5, 5, 5, 5, 5, 5, 5, 5, 5, 5, 5, 5, 5, 5, 5, 5, 5, 5, 5, 5, 5, 5, 5, 5, 5, 5, 5, 5, 5, 5, 5, 5, 5, 5, 5, 5, 5, 5, 5, 5, 5, 5, 5, 5, 5, 5, 5, 5, 5, 5, 5, 5, 5, 5, 5, 4, 4, 4, 4, 3, 3, 3, 3, 3, 3, 3, 3, 3, 3, 3, 3, 3, 3, 3, 3, 3, 3, 3, 3, 3, 3, 3, 3, 3, 3, 3, 3, 3, 3, 3, 3, 3, 3, 3, 3, 3, 3, 3, 3, 3, 3, 3, 3, 3, 3, 3, 3, 3, 3, 3, 3, 3, 3, 3, 3, 3, 3, 3, 3, 3, 3, 3, 3, 3, 3, 3, 3, 3, 3, 3, 3, 3, 3, 3, 3, 3, 3, 3, 3, 3, 3, 3, 3, 3, 3, 3, 3, 3, 3, 3, 3, 3, 3, 3, 3, 3, 3, 3, 3, 3, 3, 3, 3, 3, 3, 3, 3, 3, 3, 3, 3, 3, 3, 3, 3, 3, 3, 3, 3, 3, 3, 3, 3, 3, 3, 3, 3, 3, 3, 3, 3, 3, 3, 3, 3, 3, 3, 3]",3.0,"[33.0, 33.0, 32.98039215686275, 32.98039215686275, 32.98039215686275, 33.0, 32.96078431372549, 32.98039215686275, 33.0, 32.98039215686274, 32.98039215686275, 33.0, 32.98039215686275, 32.98039215686275, 33.0, 32.98039215686275, 32.98039215686275, 32.98039215686275, 32.98039215686275, 33.0, 33.0, 32.98039215686275, 32.98039215686275, 32.98039215686275, 33.0, 32.98039215686275, 33.0, 33.0, 33.0, 33.0, 32.96078431372549, 32.98039215686275, 32.96078431372549, 33.0, 32.98039215686275, 32.96078431372549, 33.0, 33.0, 32.98039215686275, 32.98039215686275, 32.96078431372549, 32.98039215686275, 33.0, 33.0, 32.96078431372549, 32.98039215686275, 33.0, 33.0, 32.96078431372549, 33.0, 33.0, 32.98039215686275, 32.98039215686275, 32.94117647058823, 32.98039215686275, 32.98039215686275, 33.0, 32.98039215686275, 32.96078431372549, 32.98039215686274, 33.0, 33.0, 32.96078431372549, 32.98039215686275, 33.0, 33.0, 32.98039215686275, 33.0, 32.98039215686275, 33.0, 32.98039215686275, 32.96078431372549, 33.0, 33.0, 32.98039215686275, 33.0, 32.98039215686274, 33.0, 32.96078431372549, 33.0, 32.96078431372549, 32.96078431372549, 32.96078431372549, 32.98039215686275, 32.92156862745098, 32.88235294117647, 32.92156862745098, 32.92156862745098, 31.96078431372549, 31.96078431372549, 31.980392156862745, 31.980392156862745, 29.941176470588236, 29.96078431372549, 27.941176470588236, 25.96078431372549, 25.96078431372549, 24.941176470588236, 23.941176470588236, 19.980392156862745, 18.0, 17.0, 16.980392156862745, 15.941176470588236, 15.980392156862745, 15.980392156862745, 15.980392156862745, 15.980392156862745, 15.0, 12.980392156862745, 13.0, 13.0, 12.96078431372549, 13.0, 13.0, 12.980392156862745, 10.980392156862745, 11.0, 10.980392156862745, 11.0, 10.980392156862745, 10.96078431372549, 11.0, 11.0, 10.980392156862745, 11.0, 10.980392156862745, 10.980392156862745, 11.0, 11.0, 10.941176470588236, 10.980392156862745, 10.980392156862745, 10.980392156862745, 10.980392156862745, 10.96078431372549, 11.0, 10.96078431372549, 10.980392156862745, 10.980392156862745, 10.96078431372549, 10.980392156862745, 9.96078431372549, 9.96078431372549, 9.96078431372549, 9.980392156862745, 10.0, 10.0, 10.0, 9.980392156862745, 10.0, 9.980392156862745, 10.0, 9.96078431372549, 9.96078431372549, 9.980392156862745, 10.0, 10.0, 10.0, 10.0, 9.980392156862745, 9.980392156862745, 9.980392156862745, 9.980392156862745, 9.96078431372549, 9.980392156862745, 10.0, 9.980392156862745, 9.980392156862745, 10.0, 9.941176470588236, 9.980392156862745, 10.0, 10.0, 9.980392156862745, 9.980392156862745, 9.980392156862745, 10.0, 10.0, 10.0, 10.0, 10.0, 10.0, 10.0, 9.96078431372549, 9.980392156862745, 9.980392156862745, 9.980392156862745, 10.0, 10.0, 9.980392156862745, 9.96078431372549, 9.980392156862745, 10.0, 10.0, 10.0, 10.0, 10.0, 10.0, 10.0, 9.980392156862745, 9.980392156862745, 10.0, 10.0, 10.0, 10.0, 9.0, 9.0, 9.0, 9.0, 9.0, 9.0, 9.0, 9.0, 9.0, 8.980392156862745, 8.980392156862745, 9.0, 9.0, 9.0, 9.0, 9.0, 9.0, 9.0, 9.0, 9.0, 9.0, 8.980392156862745, 9.0, 9.0, 9.0, 9.0, 9.0, 9.0, 8.980392156862745, 8.980392156862745, 9.0, 9.0, 9.0, 9.0, 9.0, 9.0, 9.0, 9.0, 9.0, 9.0, 9.0, 9.0, 9.0, 9.0, 9.0, 9.0, 9.0, 9.0, 9.0, 9.0, 9.0, 9.0, 9.0, 9.0, 9.0, 8.980392156862745, 8.980392156862745, 8.980392156862745, 8.980392156862745, 8.980392156862745, 8.980392156862745, 8.980392156862745, 9.0, 9.0, 9.0, 9.0, 9.0, 8.0, 8.0, 8.0, 7.0, 5.0, 5.0, 5.0, 5.0, 5.0, 4.980392156862745, 4.980392156862745, 4.980392156862745, 4.980392156862745, 4.980392156862745, 5.0, 5.0, 5.0, 5.0, 4.980392156862745, 4.980392156862745, 4.96078431372549, 4.96078431372549, 4.96078431372549, 4.980392156862745, 4.980392156862745, 4.980392156862745, 5.0, 5.0, 5.0, 5.0, 5.0, 5.0, 5.0, 5.0, 5.0, 5.0, 5.0, 5.0, 5.0, 5.0, 5.0, 5.0, 5.0, 5.0, 5.0, 5.0, 5.0, 5.0, 5.0, 5.0, 5.0, 5.0, 5.0, 5.0, 5.0, 5.0, 5.0, 5.0, 5.0, 4.0, 4.0, 4.0, 4.0, 3.0, 3.0, 3.0, 3.0, 2.980392156862745, 2.980392156862745, 2.980392156862745, 2.980392156862745, 2.980392156862745, 3.0, 3.0, 3.0, 3.0, 3.0, 3.0, 3.0, 3.0, 3.0, 3.0, 3.0, 3.0, 3.0, 3.0, 3.0, 3.0, 3.0, 3.0, 3.0, 3.0, 3.0, 3.0, 3.0, 3.0, 3.0, 3.0, 3.0, 3.0, 3.0, 3.0, 3.0, 3.0, 3.0, 3.0, 3.0, 3.0, 3.0, 3.0, 3.0, 3.0, 3.0, 3.0, 3.0, 3.0, 3.0, 3.0, 3.0, 3.0, 3.0, 3.0, 3.0, 3.0, 3.0, 3.0, 3.0, 3.0, 3.0, 3.0, 3.0, 3.0, 3.0, 3.0, 3.0, 3.0, 3.0, 3.0, 3.0, 3.0, 3.0, 3.0, 3.0, 3.0, 3.0, 3.0, 3.0, 3.0, 3.0, 3.0, 3.0, 3.0, 3.0, 3.0, 3.0, 3.0, 3.0, 3.0, 3.0, 3.0, 3.0, 3.0, 3.0, 3.0, 3.0, 3.0, 3.0, 3.0, 3.0, 3.0, 3.0, 3.0, 3.0, 3.0, 3.0, 3.0, 3.0, 3.0, 3.0, 3.0, 3.0, 3.0, 3.0, 3.0, 3.0, 3.0, 3.0, 3.0, 3.0, 3.0, 3.0, 3.0, 3.0, 3.0, 3.0, 3.0, 3.0, 3.0, 3.0, 3.0, 3.0, 3.0]",0.6733419199299863,0.7026445620950392,3,"[33, 33, 33, 33, 33, 33, 33, 33, 33, 33, 33, 33, 33, 33, 33, 33, 33, 33, 33, 33, 33, 33, 33, 33, 33, 33, 33, 33, 33, 33, 33, 33, 33, 33, 33, 33, 33, 33, 33, 33, 33, 33, 33, 33, 33, 33, 33, 33, 33, 33, 33, 33, 33, 33, 33, 33, 33, 33, 33, 33, 33, 33, 33, 33, 33, 33, 33, 33, 33, 33, 33, 33, 33, 33, 33, 33, 33, 33, 33, 33, 33, 33, 33, 33, 33, 33, 33, 33, 32, 32, 32, 32, 30, 30, 28, 26, 26, 25, 24, 20, 18, 17, 17, 16, 16, 16, 16, 16, 15, 13, 13, 13, 13, 13, 13, 13, 11, 11, 11, 11, 11, 11, 11, 11, 11, 11, 11, 11, 11, 11, 11, 11, 11, 11, 11, 11, 11, 11, 11, 11, 11, 11, 10, 10, 10, 10, 10, 10, 10, 10, 10, 10, 10, 10, 10, 10, 10, 10, 10, 10, 10, 10, 10, 10, 10, 10, 10, 10, 10, 10, 10, 10, 10, 10, 10, 10, 10, 10, 10, 10, 10, 10, 10, 10, 10, 10, 10, 10, 10, 10, 10, 10, 10, 10, 10, 10, 10, 10, 10, 10, 10, 10, 10, 10, 10, 10, 9, 9, 9, 9, 9, 9, 9, 9, 9, 9, 9, 9, 9, 9, 9, 9, 9, 9, 9, 9, 9, 9, 9, 9, 9, 9, 9, 9, 9, 9, 9, 9, 9, 9, 9, 9, 9, 9, 9, 9, 9, 9, 9, 9, 9, 9, 9, 9, 9, 9, 9, 9, 9, 9, 9, 9, 9, 9, 9, 9, 9, 9, 9, 9, 9, 9, 9, 8, 8, 8, 7, 5, 5, 5, 5, 5, 5, 5, 5, 5, 5, 5, 5, 5, 5, 5, 5, 5, 5, 5, 5, 5, 5, 5, 5, 5, 5, 5, 5, 5, 5, 5, 5, 5, 5, 5, 5, 5, 5, 5, 5, 5, 5, 5, 5, 5, 5, 5, 5, 5, 5, 5, 5, 5, 5, 5, 4, 4, 4, 4, 3, 3, 3, 3, 3, 3, 3, 3, 3, 3, 3, 3, 3, 3, 3, 3, 3, 3, 3, 3, 3, 3, 3, 3, 3, 3, 3, 3, 3, 3, 3, 3, 3, 3, 3, 3, 3, 3, 3, 3, 3, 3, 3, 3, 3, 3, 3, 3, 3, 3, 3, 3, 3, 3, 3, 3, 3, 3, 3, 3, 3, 3, 3, 3, 3, 3, 3, 3, 3, 3, 3, 3, 3, 3, 3, 3, 3, 3, 3, 3, 3, 3, 3, 3, 3, 3, 3, 3, 3, 3, 3, 3, 3, 3, 3, 3, 3, 3, 3, 3, 3, 3, 3, 3, 3, 3, 3, 3, 3, 3, 3, 3, 3, 3, 3, 3, 3, 3, 3, 3, 3, 3, 3, 3, 3, 3, 3, 3, 3, 3, 3, 3, 3, 3, 3, 3, 3, 3, 3]",475,"[0.6234581470489502, 0.6124431490898132, 0.6033281087875366, 0.5938620567321777, 0.5856119990348816, 0.5782740116119385, 0.5725715160369873, 0.5627589225769043, 0.5573490858078003, 0.5502735376358032, 0.5429757833480835, 0.5367316007614136, 0.5308752655982971, 0.5253140926361084, 0.5195627808570862, 0.5158414840698242, 0.5094016194343567, 0.5038906931877136, 0.49914368987083435, 0.49470818042755127, 0.49020320177078247, 0.485162615776062, 0.48109450936317444, 0.47657206654548645, 0.4728618562221527, 0.46867451071739197, 0.46479660272598267, 0.46273672580718994, 0.45737534761428833, 0.45437324047088623, 0.45131057500839233, 0.44712406396865845, 0.44392985105514526, 0.44129014015197754, 0.43779417872428894, 0.435311496257782, 0.43198201060295105, 0.43075427412986755, 0.4264254868030548, 0.42437809705734253, 0.42128321528434753, 0.4219592213630676, 0.41656872630119324, 0.4142833650112152, 0.4121844172477722, 0.4100068211555481, 0.40789130330085754, 0.4053689241409302, 0.40328526496887207, 0.4015105068683624, 0.3995853364467621, 0.39768096804618835, 0.3958972692489624, 0.3938695788383484, 0.3922303020954132, 0.3904058337211609, 0.3889364004135132, 0.38766974210739136, 0.38589704036712646, 0.38425198197364807, 0.3840952217578888, 0.38167423009872437, 0.38041743636131287, 0.3788430690765381, 0.37948113679885864, 0.377159982919693, 0.3758287727832794, 0.37395867705345154, 0.3730519115924835, 0.3740772306919098, 0.37102100253105164, 0.3700001537799835, 0.36832377314567566, 0.3678845465183258, 0.3665095865726471, 0.365411639213562, 0.36441218852996826, 0.36390581727027893, 0.36303606629371643, 0.3621993660926819, 0.3615284264087677, 0.35980525612831116, 0.3594130277633667, 0.3582823872566223, 0.35804423689842224, 0.35680413246154785, 0.3561176061630249, 0.3553542196750641, 0.3547160029411316, 0.3538859486579895, 0.3558744788169861, 0.3539469540119171, 0.3551919460296631, 0.3562115728855133, 0.35203811526298523, 0.3498362600803375, 0.34910061955451965, 0.34636247158050537, 0.34659603238105774, 0.34429967403411865, 0.34341731667518616, 0.3430100381374359, 0.3448460102081299, 0.34268295764923096, 0.3425220847129822, 0.3426329493522644, 0.34224629402160645, 0.3424845039844513, 0.34141790866851807, 0.3485870063304901, 0.34630322456359863, 0.3460732400417328, 0.3461061120033264, 0.3477746248245239, 0.3454006314277649, 0.34517043828964233, 0.3459201753139496, 0.3439796566963196, 0.34291133284568787, 0.3425891399383545, 0.34206703305244446, 0.34150969982147217, 0.34143269062042236, 0.34122055768966675, 0.34106868505477905, 0.34145504236221313, 0.34212008118629456, 0.34118324518203735, 0.34057557582855225, 0.3404514789581299, 0.3407723605632782, 0.3402355909347534, 0.34160682559013367, 0.3401777148246765, 0.33988410234451294, 0.3406308889389038, 0.33979934453964233, 0.33982670307159424, 0.3397572338581085, 0.34013569355010986, 0.33935993909835815, 0.33925995230674744, 0.34034767746925354, 0.34015488624572754, 0.3401108682155609, 0.34219348430633545, 0.340053915977478, 0.3421599566936493, 0.3397134840488434, 0.3397185802459717, 0.3396720588207245, 0.34101831912994385, 0.3397662341594696, 0.33931538462638855, 0.339803010225296, 0.3392552435398102, 0.3396126925945282, 0.3390117585659027, 0.3390655219554901, 0.33885571360588074, 0.33899760246276855, 0.3392229974269867, 0.3390701413154602, 0.34270039200782776, 0.3395712971687317, 0.3389624059200287, 0.3386019766330719, 0.3389172852039337, 0.34035545587539673, 0.3383454978466034, 0.33957400918006897, 0.33807265758514404, 0.33797866106033325, 0.33961203694343567, 0.3382110297679901, 0.3384949564933777, 0.3377677798271179, 0.33803436160087585, 0.3376217782497406, 0.3375489115715027, 0.33747437596321106, 0.33746224641799927, 0.33739298582077026, 0.3373074233531952, 0.338166743516922, 0.3371492624282837, 0.3389662504196167, 0.33707043528556824, 0.33767935633659363, 0.33693113923072815, 0.33799993991851807, 0.33682629466056824, 0.33872130513191223, 0.3368869721889496, 0.3373313248157501, 0.33682000637054443, 0.33694759011268616, 0.3366951048374176, 0.33734360337257385, 0.33977237343788147, 0.33871379494667053, 0.33684924244880676, 0.33799296617507935, 0.33620360493659973, 0.33622974157333374, 0.33644962310791016, 0.3542190194129944, 0.3526269197463989, 0.35251525044441223, 0.35279494524002075, 0.354775607585907, 0.3523654043674469, 0.35265350341796875, 0.3522375524044037, 0.3530949354171753, 0.35453036427497864, 0.3522701561450958, 0.35218346118927, 0.35215839743614197, 0.35200515389442444, 0.35199272632598877, 0.3519632816314697, 0.3519130051136017, 0.35218584537506104, 0.3520734906196594, 0.35185813903808594, 0.35242390632629395, 0.3519517183303833, 0.35366740822792053, 0.3520928621292114, 0.3521358370780945, 0.3522113561630249, 0.3515477478504181, 0.35152003169059753, 0.3516826331615448, 0.3514237701892853, 0.3528454601764679, 0.3514837920665741, 0.35426247119903564, 0.3519834280014038, 0.35131245851516724, 0.3515164852142334, 0.35151976346969604, 0.35116681456565857, 0.35205909609794617, 0.35121285915374756, 0.351129412651062, 0.35104674100875854, 0.35226818919181824, 0.3510299026966095, 0.3516191840171814, 0.35095682740211487, 0.3511314392089844, 0.3512216806411743, 0.35136935114860535, 0.3513212502002716, 0.35157662630081177, 0.3510266840457916, 0.3509608209133148, 0.351115345954895, 0.3511442542076111, 0.35081222653388977, 0.35069525241851807, 0.3518023192882538, 0.3519306182861328, 0.35188862681388855, 0.35125958919525146, 0.3507347106933594, 0.3504965305328369, 0.35047829151153564, 0.35050082206726074, 0.3510095179080963, 0.35097476840019226, 0.35550376772880554, 0.3555361032485962, 0.35500651597976685, 0.3626503646373749, 0.36015868186950684, 0.3603036403656006, 0.359607458114624, 0.36004093289375305, 0.35918548703193665, 0.3589814305305481, 0.3591669797897339, 0.3588104546070099, 0.35995978116989136, 0.35840529203414917, 0.3582859933376312, 0.3582303524017334, 0.3582971692085266, 0.35791441798210144, 0.35778218507766724, 0.357690691947937, 0.35802704095840454, 0.35756972432136536, 0.35784247517585754, 0.3575534522533417, 0.3574932813644409, 0.35736802220344543, 0.3572528064250946, 0.3578449487686157, 0.3571450412273407, 0.35891810059547424, 0.3570718765258789, 0.35802069306373596, 0.3571353256702423, 0.35690099000930786, 0.35689884424209595, 0.3571453094482422, 0.35678622126579285, 0.3570772409439087, 0.35680240392684937, 0.35713469982147217, 0.3566416800022125, 0.35668766498565674, 0.3566826581954956, 0.35671231150627136, 0.3572966754436493, 0.3569225072860718, 0.3564794957637787, 0.35803183913230896, 0.35671380162239075, 0.35671576857566833, 0.3571983575820923, 0.35660430788993835, 0.35668879747390747, 0.35629433393478394, 0.35668253898620605, 0.3562205135822296, 0.356850266456604, 0.35629886388778687, 0.35647720098495483, 0.3597922623157501, 0.35995033383369446, 0.3600861430168152, 0.35970982909202576, 0.3717811107635498, 0.3643718957901001, 0.36358851194381714, 0.36325374245643616, 0.36254191398620605, 0.36242133378982544, 0.36244362592697144, 0.3618328869342804, 0.3614904284477234, 0.3612702190876007, 0.361297070980072, 0.36098286509513855, 0.36160808801651, 0.36173680424690247, 0.3607998788356781, 0.3608742952346802, 0.36069732904434204, 0.36158332228660583, 0.3606635630130768, 0.361064076423645, 0.3617086708545685, 0.36065590381622314, 0.36126816272735596, 0.36055582761764526, 0.3605189919471741, 0.3607638478279114, 0.3606947362422943, 0.36220088601112366, 0.3607560694217682, 0.3604101538658142, 0.36086246371269226, 0.3643157184123993, 0.36035385727882385, 0.3609979748725891, 0.360319584608078, 0.36042916774749756, 0.3605964779853821, 0.36065250635147095, 0.3607640862464905, 0.3620714843273163, 0.3605242669582367, 0.3602555990219116, 0.3601807653903961, 0.36041057109832764, 0.36197319626808167, 0.36057019233703613, 0.36012086272239685, 0.36080294847488403, 0.36012253165245056, 0.3609675168991089, 0.3604242205619812, 0.36008593440055847, 0.3602167069911957, 0.36133238673210144, 0.36043819785118103, 0.36011162400245667, 0.3601158857345581, 0.359932541847229, 0.3602283000946045, 0.3600868284702301, 0.36039993166923523, 0.3605937957763672, 0.3601904809474945, 0.3616279661655426, 0.3598608076572418, 0.35979384183883667, 0.3598898649215698, 0.35984718799591064, 0.35994037985801697, 0.3604600131511688, 0.3598078191280365, 0.35997989773750305, 0.36262789368629456, 0.3597956597805023, 0.35998305678367615, 0.36031490564346313, 0.3610505163669586, 0.3596104383468628, 0.35965606570243835, 0.359598845243454, 0.35957062244415283, 0.35963839292526245, 0.3608852028846741, 0.3595913350582123, 0.3595414459705353, 0.35961005091667175, 0.3599098324775696, 0.3603067398071289, 0.3619353771209717, 0.3601893484592438, 0.35974541306495667, 0.3595661222934723, 0.35948580503463745, 0.3599279820919037, 0.359375, 0.3593656122684479, 0.3611893355846405, 0.35932159423828125, 0.3618003726005554, 0.36108633875846863, 0.3593134582042694, 0.3593553602695465, 0.3594629764556885, 0.35924097895622253, 0.35933130979537964, 0.35946956276893616, 0.35988491773605347, 0.35975906252861023, 0.35942181944847107, 0.35948655009269714, 0.35947009921073914, 0.3602029085159302, 0.3591110110282898, 0.35965389013290405, 0.3608229458332062, 0.3606906533241272, 0.3590855300426483, 0.3590489625930786, 0.35909298062324524, 0.359017938375473, 0.3613848090171814, 0.359052836894989, 0.3592415153980255, 0.35898128151893616, 0.3602355718612671, 0.36019089818000793, 0.3594055473804474, 0.3593977391719818, 0.35896414518356323, 0.3613954186439514, 0.3609161674976349, 0.35910657048225403, 0.35900670289993286, 0.3599930703639984, 0.3589157462120056, 0.35884806513786316, 0.3588056266307831, 0.3592337369918823, 0.3594008982181549]",3.0,"[33.0, 33.0, 33.0, 33.0, 33.0, 33.0, 33.0, 33.0, 33.0, 33.0, 33.0, 33.0, 33.0, 33.0, 33.0, 33.0, 33.0, 33.0, 33.0, 33.0, 33.0, 33.0, 33.0, 33.0, 33.0, 33.0, 33.0, 33.0, 33.0, 33.0, 33.0, 33.0, 33.0, 33.0, 33.0, 33.0, 33.0, 33.0, 33.0, 33.0, 33.0, 33.0, 33.0, 33.0, 33.0, 33.0, 33.0, 33.0, 33.0, 33.0, 33.0, 33.0, 33.0, 33.0, 33.0, 33.0, 33.0, 33.0, 33.0, 33.0, 33.0, 33.0, 33.0, 33.0, 33.0, 33.0, 33.0, 33.0, 33.0, 33.0, 33.0, 33.0, 33.0, 33.0, 33.0, 33.0, 33.0, 33.0, 33.0, 33.0, 33.0, 33.0, 33.0, 33.0, 33.0, 33.0, 33.0, 33.0, 32.0, 32.0, 32.0, 32.0, 30.0, 30.0, 28.0, 26.0, 26.0, 25.0, 24.0, 20.0, 18.0, 17.0, 17.0, 16.0, 16.0, 16.0, 16.0, 16.0, 15.0, 13.0, 13.0, 13.0, 13.0, 13.0, 13.0, 13.0, 11.0, 11.0, 11.0, 11.0, 11.0, 11.0, 11.0, 11.0, 11.0, 11.0, 11.0, 11.0, 11.0, 11.0, 11.0, 11.0, 11.0, 11.0, 11.0, 11.0, 11.0, 11.0, 11.0, 11.0, 11.0, 11.0, 10.0, 10.0, 10.0, 10.0, 10.0, 10.0, 10.0, 10.0, 10.0, 10.0, 10.0, 10.0, 10.0, 10.0, 10.0, 10.0, 10.0, 10.0, 10.0, 10.0, 10.0, 10.0, 10.0, 10.0, 10.0, 10.0, 10.0, 10.0, 10.0, 10.0, 10.0, 10.0, 10.0, 10.0, 10.0, 10.0, 10.0, 10.0, 10.0, 10.0, 10.0, 10.0, 10.0, 10.0, 10.0, 10.0, 10.0, 10.0, 10.0, 10.0, 10.0, 10.0, 10.0, 10.0, 10.0, 10.0, 10.0, 10.0, 10.0, 10.0, 10.0, 10.0, 10.0, 10.0, 9.0, 9.0, 9.0, 9.0, 9.0, 9.0, 9.0, 9.0, 9.0, 9.0, 9.0, 9.0, 9.0, 9.0, 9.0, 9.0, 9.0, 9.0, 9.0, 9.0, 9.0, 9.0, 9.0, 9.0, 9.0, 9.0, 9.0, 9.0, 9.0, 9.0, 9.0, 9.0, 9.0, 9.0, 9.0, 9.0, 9.0, 9.0, 9.0, 9.0, 9.0, 9.0, 9.0, 9.0, 9.0, 9.0, 9.0, 9.0, 9.0, 9.0, 9.0, 9.0, 9.0, 9.0, 9.0, 9.0, 9.0, 9.0, 9.0, 9.0, 9.0, 9.0, 9.0, 9.0, 9.0, 9.0, 9.0, 8.0, 8.0, 8.0, 7.0, 5.0, 5.0, 5.0, 5.0, 5.0, 5.0, 5.0, 5.0, 5.0, 5.0, 5.0, 5.0, 5.0, 5.0, 5.0, 5.0, 5.0, 5.0, 5.0, 5.0, 5.0, 5.0, 5.0, 5.0, 5.0, 5.0, 5.0, 5.0, 5.0, 5.0, 5.0, 5.0, 5.0, 5.0, 5.0, 5.0, 5.0, 5.0, 5.0, 5.0, 5.0, 5.0, 5.0, 5.0, 5.0, 5.0, 5.0, 5.0, 5.0, 5.0, 5.0, 5.0, 5.0, 5.0, 5.0, 4.0, 4.0, 4.0, 4.0, 3.0, 3.0, 3.0, 3.0, 3.0, 3.0, 3.0, 3.0, 3.0, 3.0, 3.0, 3.0, 3.0, 3.0, 3.0, 3.0, 3.0, 3.0, 3.0, 3.0, 3.0, 3.0, 3.0, 3.0, 3.0, 3.0, 3.0, 3.0, 3.0, 3.0, 3.0, 3.0, 3.0, 3.0, 3.0, 3.0, 3.0, 3.0, 3.0, 3.0, 3.0, 3.0, 3.0, 3.0, 3.0, 3.0, 3.0, 3.0, 3.0, 3.0, 3.0, 3.0, 3.0, 3.0, 3.0, 3.0, 3.0, 3.0, 3.0, 3.0, 3.0, 3.0, 3.0, 3.0, 3.0, 3.0, 3.0, 3.0, 3.0, 3.0, 3.0, 3.0, 3.0, 3.0, 3.0, 3.0, 3.0, 3.0, 3.0, 3.0, 3.0, 3.0, 3.0, 3.0, 3.0, 3.0, 3.0, 3.0, 3.0, 3.0, 3.0, 3.0, 3.0, 3.0, 3.0, 3.0, 3.0, 3.0, 3.0, 3.0, 3.0, 3.0, 3.0, 3.0, 3.0, 3.0, 3.0, 3.0, 3.0, 3.0, 3.0, 3.0, 3.0, 3.0, 3.0, 3.0, 3.0, 3.0, 3.0, 3.0, 3.0, 3.0, 3.0, 3.0, 3.0, 3.0, 3.0, 3.0, 3.0, 3.0, 3.0, 3.0, 3.0, 3.0, 3.0, 3.0, 3.0, 3.0, 3.0]",COMPLETE
