,number,value,datetime_start,datetime_complete,duration,params_batch_size_scaler,params_constant_learning_rate,params_depth,params_epochs,params_kernel_l2,params_num_trees,params_temperature,user_attrs_accuracy_test,user_attrs_accuracy_valid,user_attrs_approximate_feature_sparsity,user_attrs_approximate_feature_sparsity_history,user_attrs_approximate_weight_sparsity,user_attrs_approximate_weight_sparsity_history,user_attrs_auc_test,user_attrs_auc_valid,user_attrs_feature_sparsity,user_attrs_feature_sparsity_history,user_attrs_num_epochs,user_attrs_val_loss_history,user_attrs_weight_sparsity,user_attrs_weight_sparsity_history,state
109,109,0.5,2024-08-31 05:33:32.971459,2024-08-31 05:34:28.694836,0 days 00:00:55.723377,4,0.6265501912992357,1,380,0.699243591126568,62,0.004018252018497423,0.859,0.85875,0,"[0, 0, 0, 0, 0, 0, 0, 0, 0, 0, 0, 0, 0, 0, 0, 0, 0, 0, 0, 0, 0, 0, 0, 0, 0, 0, 0, 0, 0, 0, 0, 0, 0, 0, 0, 0, 0, 0, 0, 0, 0, 0, 0, 0, 0, 0, 0, 0, 0, 0, 0, 0, 0, 0, 0, 0, 0, 0, 0, 0, 0, 0, 0, 0, 0, 0, 0, 0, 0, 0, 0, 0, 0, 0, 0, 0, 0, 0, 0, 0, 0, 0, 0, 0, 0, 0, 0, 0, 0, 0, 0, 0, 0, 0, 0, 0, 0, 0, 0, 0, 0, 0, 0, 0, 0, 0, 0, 0, 0, 0, 0, 0, 0, 0, 0, 0, 0, 0, 0, 0, 0, 0, 0, 0, 0, 0, 0, 0, 0, 0, 0, 0, 0, 0, 0, 0, 0, 0, 0, 0, 0, 0, 0, 0, 0, 0, 0, 0, 0, 0, 0, 0, 0, 0, 0, 0, 0, 0, 0, 0, 0, 0, 0, 0, 0, 0, 0, 0, 0, 0, 0, 0, 0, 0, 0, 0, 0, 0, 0, 0, 0, 0, 0, 0, 0, 0, 0, 0, 0, 0, 0, 0, 0, 0, 0, 0, 0, 0, 0, 0, 0, 0, 0, 0, 0, 0, 0, 0, 0, 0, 0, 0, 0, 0, 0, 0, 0, 0, 0, 0, 0, 0, 0, 0, 0, 0, 0, 0, 0, 0, 0, 0, 0, 0, 0, 0, 0, 0, 0, 0, 0, 0, 0, 0, 0, 0, 0, 0, 0, 0, 0, 0, 0, 0, 0, 0, 0, 0, 0, 0, 0, 0, 0, 0, 0, 0, 0, 0, 0, 0, 0, 0, 0, 0, 0, 0, 0, 0, 0, 0, 0, 0, 0, 0, 0, 0, 0, 0, 0, 0, 0, 0, 0, 0, 0, 0, 0, 0, 0, 0, 0, 0, 0, 0, 0, 0, 0, 0, 0, 0, 0, 0, 0, 0, 0, 0, 0, 0, 0, 0, 0, 0, 0, 0, 0, 0, 0, 0, 0, 0, 0, 0, 0, 0, 0, 0, 0, 0, 0, 0, 0, 0, 0, 0, 0, 0, 0, 0, 0, 0, 0, 0, 0, 0, 0, 0, 0, 0, 0, 0, 0, 0, 0, 0, 0, 0, 0, 0, 0, 0, 0, 0, 0, 0, 0, 0, 0, 0, 0, 0]",0.0,"[0.0, 0.0, 0.0, 0.0, 0.0, 0.0, 0.0, 0.0, 0.0, 0.0, 0.0, 0.0, 0.0, 0.0, 0.0, 0.0, 0.0, 0.0, 0.0, 0.0, 0.0, 0.0, 0.0, 0.0, 0.0, 0.0, 0.0, 0.0, 0.0, 0.0, 0.0, 0.0, 0.0, 0.0, 0.0, 0.0, 0.0, 0.0, 0.0, 0.0, 0.0, 0.0, 0.0, 0.0, 0.0, 0.0, 0.0, 0.0, 0.0, 0.0, 0.0, 0.0, 0.0, 0.0, 0.0, 0.0, 0.0, 0.0, 0.0, 0.0, 0.0, 0.0, 0.0, 0.0, 0.0, 0.0, 0.0, 0.0, 0.0, 0.0, 0.0, 0.0, 0.0, 0.0, 0.0, 0.0, 0.0, 0.0, 0.0, 0.0, 0.0, 0.0, 0.0, 0.0, 0.0, 0.0, 0.0, 0.0, 0.0, 0.0, 0.0, 0.0, 0.0, 0.0, 0.0, 0.0, 0.0, 0.0, 0.0, 0.0, 0.0, 0.0, 0.0, 0.0, 0.0, 0.0, 0.0, 0.0, 0.0, 0.0, 0.0, 0.0, 0.0, 0.0, 0.0, 0.0, 0.0, 0.0, 0.0, 0.0, 0.0, 0.0, 0.0, 0.0, 0.0, 0.0, 0.0, 0.0, 0.0, 0.0, 0.0, 0.0, 0.0, 0.0, 0.0, 0.0, 0.0, 0.0, 0.0, 0.0, 0.0, 0.0, 0.0, 0.0, 0.0, 0.0, 0.0, 0.0, 0.0, 0.0, 0.0, 0.0, 0.0, 0.0, 0.0, 0.0, 0.0, 0.0, 0.0, 0.0, 0.0, 0.0, 0.0, 0.0, 0.0, 0.0, 0.0, 0.0, 0.0, 0.0, 0.0, 0.0, 0.0, 0.0, 0.0, 0.0, 0.0, 0.0, 0.0, 0.0, 0.0, 0.0, 0.0, 0.0, 0.0, 0.0, 0.0, 0.0, 0.0, 0.0, 0.0, 0.0, 0.0, 0.0, 0.0, 0.0, 0.0, 0.0, 0.0, 0.0, 0.0, 0.0, 0.0, 0.0, 0.0, 0.0, 0.0, 0.0, 0.0, 0.0, 0.0, 0.0, 0.0, 0.0, 0.0, 0.0, 0.0, 0.0, 0.0, 0.0, 0.0, 0.0, 0.0, 0.0, 0.0, 0.0, 0.0, 0.0, 0.0, 0.0, 0.0, 0.0, 0.0, 0.0, 0.0, 0.0, 0.0, 0.0, 0.0, 0.0, 0.0, 0.0, 0.0, 0.0, 0.0, 0.0, 0.0, 0.0, 0.0, 0.0, 0.0, 0.0, 0.0, 0.0, 0.0, 0.0, 0.0, 0.0, 0.0, 0.0, 0.0, 0.0, 0.0, 0.0, 0.0, 0.0, 0.0, 0.0, 0.0, 0.0, 0.0, 0.0, 0.0, 0.0, 0.0, 0.0, 0.0, 0.0, 0.0, 0.0, 0.0, 0.0, 0.0, 0.0, 0.0, 0.0, 0.0, 0.0, 0.0, 0.0, 0.0, 0.0, 0.0, 0.0, 0.0, 0.0, 0.0, 0.0, 0.0, 0.0, 0.0, 0.0, 0.0, 0.0, 0.0, 0.0, 0.0, 0.0, 0.0, 0.0, 0.0, 0.0, 0.0, 0.0, 0.0, 0.0, 0.0, 0.0, 0.0, 0.0, 0.0, 0.0, 0.0, 0.0, 0.0, 0.0, 0.0, 0.0, 0.0, 0.0, 0.0, 0.0, 0.0, 0.0, 0.0, 0.0, 0.0, 0.0, 0.0, 0.0, 0.0, 0.0, 0.0, 0.0, 0.0, 0.0, 0.0, 0.0, 0.0, 0.0, 0.0, 0.0, 0.0, 0.0, 0.0, 0.0, 0.0, 0.0, 0.0, 0.0, 0.0, 0.0, 0.0, 0.0, 0.0, 0.0, 0.0, 0.0, 0.0, 0.0, 0.0, 0.0, 0.0, 0.0, 0.0, 0.0, 0.0, 0.0, 0.0, 0.0]",0.5,0.5,0,"[0, 0, 0, 0, 0, 0, 0, 0, 0, 0, 0, 0, 0, 0, 0, 0, 0, 0, 0, 0, 0, 0, 0, 0, 0, 0, 0, 0, 0, 0, 0, 0, 0, 0, 0, 0, 0, 0, 0, 0, 0, 0, 0, 0, 0, 0, 0, 0, 0, 0, 0, 0, 0, 0, 0, 0, 0, 0, 0, 0, 0, 0, 0, 0, 0, 0, 0, 0, 0, 0, 0, 0, 0, 0, 0, 0, 0, 0, 0, 0, 0, 0, 0, 0, 0, 0, 0, 0, 0, 0, 0, 0, 0, 0, 0, 0, 0, 0, 0, 0, 0, 0, 0, 0, 0, 0, 0, 0, 0, 0, 0, 0, 0, 0, 0, 0, 0, 0, 0, 0, 0, 0, 0, 0, 0, 0, 0, 0, 0, 0, 0, 0, 0, 0, 0, 0, 0, 0, 0, 0, 0, 0, 0, 0, 0, 0, 0, 0, 0, 0, 0, 0, 0, 0, 0, 0, 0, 0, 0, 0, 0, 0, 0, 0, 0, 0, 0, 0, 0, 0, 0, 0, 0, 0, 0, 0, 0, 0, 0, 0, 0, 0, 0, 0, 0, 0, 0, 0, 0, 0, 0, 0, 0, 0, 0, 0, 0, 0, 0, 0, 0, 0, 0, 0, 0, 0, 0, 0, 0, 0, 0, 0, 0, 0, 0, 0, 0, 0, 0, 0, 0, 0, 0, 0, 0, 0, 0, 0, 0, 0, 0, 0, 0, 0, 0, 0, 0, 0, 0, 0, 0, 0, 0, 0, 0, 0, 0, 0, 0, 0, 0, 0, 0, 0, 0, 0, 0, 0, 0, 0, 0, 0, 0, 0, 0, 0, 0, 0, 0, 0, 0, 0, 0, 0, 0, 0, 0, 0, 0, 0, 0, 0, 0, 0, 0, 0, 0, 0, 0, 0, 0, 0, 0, 0, 0, 0, 0, 0, 0, 0, 0, 0, 0, 0, 0, 0, 0, 0, 0, 0, 0, 0, 0, 0, 0, 0, 0, 0, 0, 0, 0, 0, 0, 0, 0, 0, 0, 0, 0, 0, 0, 0, 0, 0, 0, 0, 0, 0, 0, 0, 0, 0, 0, 0, 0, 0, 0, 0, 0, 0, 0, 0, 0, 0, 0, 0, 0, 0, 0, 0, 0, 0, 0, 0, 0, 0, 0, 0, 0, 0, 0, 0, 0, 0, 0, 0, 0, 0, 0, 0]",380,"[0.6303455233573914, 0.40929967164993286, 1.7444367408752441, 3.3949551582336426, 1.100746989250183, 3.0182197093963623, 0.4110301733016968, 0.41008350253105164, 1.584309697151184, 0.7466537952423096, 1.134028673171997, 0.43038785457611084, 2.2960169315338135, 0.49094903469085693, 2.0542564392089844, 2.4420363903045654, 0.8782738447189331, 1.0299993753433228, 0.9698212146759033, 4.251954555511475, 0.41186097264289856, 2.057188034057617, 1.6400026082992554, 0.4460459053516388, 1.6588577032089233, 1.4056885242462158, 1.8890665769577026, 0.5449862480163574, 1.414533257484436, 2.588714361190796, 2.416741371154785, 0.6914726495742798, 0.4091259837150574, 0.41510096192359924, 0.4109719395637512, 1.5992146730422974, 1.6521981954574585, 0.40725013613700867, 0.44306889176368713, 2.785104990005493, 0.6027576327323914, 3.678776741027832, 3.1953954696655273, 2.1049795150756836, 0.41900113224983215, 3.9837899208068848, 0.649681806564331, 3.738828182220459, 1.417426347732544, 1.5938308238983154, 0.41973838210105896, 0.7163974642753601, 3.6955196857452393, 1.3450230360031128, 0.796583890914917, 0.4178418815135956, 2.459975242614746, 3.2879159450531006, 1.8322253227233887, 3.1153998374938965, 0.41594353318214417, 1.2191627025604248, 1.045314073562622, 0.648349940776825, 0.646801769733429, 0.6226972341537476, 1.306108832359314, 2.8465750217437744, 2.2070751190185547, 1.4008278846740723, 1.4996267557144165, 0.9628452062606812, 0.8816103339195251, 0.4841679036617279, 1.2071605920791626, 3.429457902908325, 2.4153027534484863, 0.48259902000427246, 1.4035239219665527, 0.7095528244972229, 0.7854697704315186, 0.8261654376983643, 0.6137439608573914, 0.4079476594924927, 0.4092443883419037, 2.0468661785125732, 0.5351153016090393, 1.8775248527526855, 0.41609370708465576, 1.7830642461776733, 1.019175410270691, 2.5534443855285645, 4.3881354331970215, 3.846614122390747, 0.9272229671478271, 1.4937095642089844, 1.2415984869003296, 2.7558481693267822, 1.330629825592041, 2.305272102355957, 0.4205213785171509, 3.1606836318969727, 1.5200119018554688, 1.8507843017578125, 1.6108179092407227, 3.046088457107544, 1.2037349939346313, 0.549602210521698, 0.561152458190918, 0.4693413972854614, 2.81191349029541, 0.8917263746261597, 1.3199551105499268, 0.7308734059333801, 1.5455024242401123, 1.4430102109909058, 1.804012417793274, 0.5592690110206604, 0.4271388649940491, 4.209129810333252, 2.094834804534912, 0.8604938387870789, 1.3007501363754272, 4.060641288757324, 2.2209267616271973, 0.9647802710533142, 1.6200660467147827, 2.266852617263794, 1.422736644744873, 0.629594087600708, 0.7876603007316589, 1.9870654344558716, 0.923342764377594, 0.7729721665382385, 2.6732518672943115, 0.4081045091152191, 3.5490598678588867, 0.6229371428489685, 2.044433832168579, 0.860107421875, 1.201499581336975, 0.407694935798645, 0.8341811895370483, 0.4350549578666687, 2.0624289512634277, 0.6121750473976135, 1.381974458694458, 3.126356840133667, 2.8516194820404053, 0.45892202854156494, 1.029350996017456, 2.8385348320007324, 0.4825044572353363, 3.776224374771118, 1.302069067955017, 0.41668030619621277, 2.013519525527954, 1.9174150228500366, 0.5730365514755249, 1.4416121244430542, 1.3810851573944092, 1.387526273727417, 0.8157932758331299, 2.840012311935425, 3.0590627193450928, 1.5266691446304321, 1.9843426942825317, 1.685736060142517, 0.5911568999290466, 1.262678861618042, 0.7789633870124817, 1.8953042030334473, 1.3212780952453613, 0.8814816474914551, 1.9802963733673096, 1.5459182262420654, 3.1839098930358887, 2.071362257003784, 2.982161045074463, 1.2086483240127563, 4.054661273956299, 0.8700226545333862, 1.8170665502548218, 0.6199629902839661, 0.6102592349052429, 2.7176766395568848, 0.4509294629096985, 0.768241822719574, 1.7096589803695679, 1.3062195777893066, 3.1161839962005615, 0.9455366730690002, 2.3641533851623535, 1.8149306774139404, 0.5635730028152466, 0.7842395901679993, 0.40737682580947876, 2.459902286529541, 0.9733515381813049, 3.449192762374878, 1.5641815662384033, 2.2361249923706055, 0.7136696577072144, 1.6961135864257812, 1.025983214378357, 2.845869541168213, 1.9175869226455688, 1.1277647018432617, 0.41181233525276184, 0.8201228380203247, 2.991687297821045, 1.8047109842300415, 0.4092659652233124, 0.4168013334274292, 2.4903624057769775, 0.9522648453712463, 3.374540328979492, 3.2013862133026123, 1.2506965398788452, 1.748212456703186, 0.792116105556488, 1.173207402229309, 0.6765531301498413, 2.439080238342285, 1.4432061910629272, 1.5079165697097778, 2.6448616981506348, 0.5511398911476135, 0.9626391530036926, 1.0089741945266724, 0.8663510084152222, 1.6548733711242676, 0.5622427463531494, 2.0256121158599854, 2.7645151615142822, 0.48839619755744934, 3.4458179473876953, 0.7406274676322937, 2.475282669067383, 1.0020437240600586, 1.3040164709091187, 0.7213013172149658, 0.5245934724807739, 0.5735800266265869, 1.0661970376968384, 0.513770341873169, 1.122110366821289, 2.791208505630493, 2.1371028423309326, 0.4613100290298462, 0.45173680782318115, 2.6164190769195557, 2.236790180206299, 1.7207223176956177, 0.6185619831085205, 2.7104177474975586, 0.4607332646846771, 0.9881446957588196, 0.5929019451141357, 1.3513422012329102, 1.1151461601257324, 0.4450113773345947, 0.4172682464122772, 0.4072268605232239, 3.1155550479888916, 0.6755501627922058, 0.5098158121109009, 3.4708471298217773, 1.6776248216629028, 0.9406733512878418, 0.5737081170082092, 0.5722208023071289, 4.395379543304443, 2.4985358715057373, 1.8687012195587158, 0.476034551858902, 0.5082757472991943, 0.658021092414856, 0.7137678265571594, 0.8679202795028687, 2.5570180416107178, 1.0905084609985352, 3.5615203380584717, 0.4196024239063263, 0.5293727517127991, 0.42718246579170227, 4.0608134269714355, 1.3222897052764893, 0.4599519371986389, 1.001702070236206, 0.4274195730686188, 0.5220054984092712, 1.5459381341934204, 3.5446431636810303, 1.0298134088516235, 1.0511285066604614, 0.76012122631073, 1.1307101249694824, 0.9776208400726318, 2.851088047027588, 0.8665032982826233, 3.2847728729248047, 0.8443771600723267, 1.6975284814834595, 0.500366747379303, 2.318274736404419, 2.1887400150299072, 1.1840577125549316, 0.4114852547645569, 2.0619359016418457, 0.5158124566078186, 3.968003273010254, 4.3205132484436035, 2.702425003051758, 1.6469875574111938, 0.4229121804237366, 1.8058761358261108, 2.3042242527008057, 0.731200635433197, 0.9616186618804932, 0.5573908090591431, 0.5156347155570984, 1.153397798538208, 2.058342456817627, 1.0743907690048218, 4.079134941101074, 0.4700753688812256, 1.4266473054885864, 4.107925891876221, 1.037866234779358, 1.4579623937606812, 0.453848659992218, 1.3324687480926514, 1.8200218677520752, 0.903840184211731, 0.4111780822277069, 0.4608203172683716, 1.2971256971359253, 1.7119927406311035, 2.0292961597442627, 1.805471658706665, 2.7546136379241943, 2.304192304611206, 1.1354211568832397, 0.7439250946044922, 2.0323476791381836, 1.2691071033477783, 2.104369878768921, 0.4109969735145569, 0.6077348589897156, 1.8407570123672485, 0.41119998693466187, 1.113663673400879, 1.4185572862625122, 1.3151828050613403, 1.4420474767684937, 0.9971778988838196, 0.9012793898582458, 1.1160036325454712, 1.5670263767242432, 0.9562534093856812, 0.7861470580101013, 1.9814077615737915, 0.7420305609703064, 0.7008103132247925, 1.1989878416061401, 3.8504831790924072, 0.756584644317627, 0.5001562237739563, 0.6197103261947632, 1.8472386598587036, 0.8559756278991699, 2.6600182056427, 0.488686740398407, 0.5435113310813904, 3.4596221446990967, 0.4428597390651703, 0.4182272255420685, 0.40985599160194397, 3.194852828979492]",0.0,"[0.0, 0.0, 0.0, 0.0, 0.0, 0.0, 0.0, 0.0, 0.0, 0.0, 0.0, 0.0, 0.0, 0.0, 0.0, 0.0, 0.0, 0.0, 0.0, 0.0, 0.0, 0.0, 0.0, 0.0, 0.0, 0.0, 0.0, 0.0, 0.0, 0.0, 0.0, 0.0, 0.0, 0.0, 0.0, 0.0, 0.0, 0.0, 0.0, 0.0, 0.0, 0.0, 0.0, 0.0, 0.0, 0.0, 0.0, 0.0, 0.0, 0.0, 0.0, 0.0, 0.0, 0.0, 0.0, 0.0, 0.0, 0.0, 0.0, 0.0, 0.0, 0.0, 0.0, 0.0, 0.0, 0.0, 0.0, 0.0, 0.0, 0.0, 0.0, 0.0, 0.0, 0.0, 0.0, 0.0, 0.0, 0.0, 0.0, 0.0, 0.0, 0.0, 0.0, 0.0, 0.0, 0.0, 0.0, 0.0, 0.0, 0.0, 0.0, 0.0, 0.0, 0.0, 0.0, 0.0, 0.0, 0.0, 0.0, 0.0, 0.0, 0.0, 0.0, 0.0, 0.0, 0.0, 0.0, 0.0, 0.0, 0.0, 0.0, 0.0, 0.0, 0.0, 0.0, 0.0, 0.0, 0.0, 0.0, 0.0, 0.0, 0.0, 0.0, 0.0, 0.0, 0.0, 0.0, 0.0, 0.0, 0.0, 0.0, 0.0, 0.0, 0.0, 0.0, 0.0, 0.0, 0.0, 0.0, 0.0, 0.0, 0.0, 0.0, 0.0, 0.0, 0.0, 0.0, 0.0, 0.0, 0.0, 0.0, 0.0, 0.0, 0.0, 0.0, 0.0, 0.0, 0.0, 0.0, 0.0, 0.0, 0.0, 0.0, 0.0, 0.0, 0.0, 0.0, 0.0, 0.0, 0.0, 0.0, 0.0, 0.0, 0.0, 0.0, 0.0, 0.0, 0.0, 0.0, 0.0, 0.0, 0.0, 0.0, 0.0, 0.0, 0.0, 0.0, 0.0, 0.0, 0.0, 0.0, 0.0, 0.0, 0.0, 0.0, 0.0, 0.0, 0.0, 0.0, 0.0, 0.0, 0.0, 0.0, 0.0, 0.0, 0.0, 0.0, 0.0, 0.0, 0.0, 0.0, 0.0, 0.0, 0.0, 0.0, 0.0, 0.0, 0.0, 0.0, 0.0, 0.0, 0.0, 0.0, 0.0, 0.0, 0.0, 0.0, 0.0, 0.0, 0.0, 0.0, 0.0, 0.0, 0.0, 0.0, 0.0, 0.0, 0.0, 0.0, 0.0, 0.0, 0.0, 0.0, 0.0, 0.0, 0.0, 0.0, 0.0, 0.0, 0.0, 0.0, 0.0, 0.0, 0.0, 0.0, 0.0, 0.0, 0.0, 0.0, 0.0, 0.0, 0.0, 0.0, 0.0, 0.0, 0.0, 0.0, 0.0, 0.0, 0.0, 0.0, 0.0, 0.0, 0.0, 0.0, 0.0, 0.0, 0.0, 0.0, 0.0, 0.0, 0.0, 0.0, 0.0, 0.0, 0.0, 0.0, 0.0, 0.0, 0.0, 0.0, 0.0, 0.0, 0.0, 0.0, 0.0, 0.0, 0.0, 0.0, 0.0, 0.0, 0.0, 0.0, 0.0, 0.0, 0.0, 0.0, 0.0, 0.0, 0.0, 0.0, 0.0, 0.0, 0.0, 0.0, 0.0, 0.0, 0.0, 0.0, 0.0, 0.0, 0.0, 0.0, 0.0, 0.0, 0.0, 0.0, 0.0, 0.0, 0.0, 0.0, 0.0, 0.0, 0.0, 0.0, 0.0, 0.0, 0.0, 0.0, 0.0, 0.0, 0.0, 0.0, 0.0, 0.0, 0.0, 0.0, 0.0, 0.0, 0.0, 0.0, 0.0, 0.0, 0.0, 0.0, 0.0, 0.0, 0.0, 0.0, 0.0, 0.0, 0.0, 0.0, 0.0, 0.0, 0.0, 0.0, 0.0, 0.0, 0.0, 0.0, 0.0, 0.0, 0.0, 0.0, 0.0, 0.0, 0.0, 0.0, 0.0]",COMPLETE
