,number,value,datetime_start,datetime_complete,duration,params_batch_size_scaler,params_constant_learning_rate,params_depth,params_epochs,params_kernel_l2,params_num_trees,params_temperature,user_attrs_accuracy_test,user_attrs_accuracy_valid,user_attrs_approximate_feature_sparsity,user_attrs_approximate_feature_sparsity_history,user_attrs_approximate_weight_sparsity,user_attrs_approximate_weight_sparsity_history,user_attrs_auc_test,user_attrs_auc_valid,user_attrs_feature_sparsity,user_attrs_feature_sparsity_history,user_attrs_num_epochs,user_attrs_val_loss_history,user_attrs_weight_sparsity,user_attrs_weight_sparsity_history,state
107,107,0.5,2024-08-31 05:31:22.468019,2024-08-31 05:33:14.580856,0 days 00:01:52.112837,4,4.418876553931985,4,265,0.07489690690412469,49,0.036738816682665175,0.859,0.85875,0,"[0, 0, 0, 0, 0, 0, 0, 0, 0, 0, 0, 0, 0, 0, 0, 0, 0, 0, 0, 0, 0, 0, 0, 0, 0, 0, 0, 0, 0, 0, 0, 0, 0, 0, 0, 0, 0, 0, 0, 0, 0, 0, 0, 0, 0, 0, 0, 0, 0, 0, 0, 0, 0, 0, 0, 0, 0, 0, 0, 0, 0, 0, 0, 0, 0, 0, 0, 0, 0, 0, 0, 0, 0, 0, 0, 0, 0, 0, 0, 0, 0, 0, 0, 0, 0, 0, 0, 0, 0, 0, 0, 0, 0, 0, 0, 0, 0, 0, 0, 0, 0, 0, 0, 0, 0, 0, 0, 0, 0, 0, 0, 0, 0, 0, 0, 0, 0, 0, 0, 0, 0, 0, 0, 0, 0, 0, 0, 0, 0, 0, 0, 0, 0, 0, 0, 0, 0, 0, 0, 0, 0, 0, 0, 0, 0, 0, 0, 0, 0, 0, 0, 0, 0, 0, 0, 0, 0, 0, 0, 0, 0, 0, 0, 0, 0, 0, 0, 0, 0, 0, 0, 0, 0, 0, 0, 0, 0, 0, 0, 0, 0, 0, 0, 0, 0, 0, 0, 0, 0, 0, 0, 0, 0, 0, 0, 0, 0, 0, 0, 0, 0, 0, 0, 0, 0, 0, 0, 0, 0, 0, 0, 0, 0, 0, 0, 0, 0, 0, 0, 0, 0, 0, 0, 0, 0, 0, 0, 0, 0, 0, 0, 0, 0, 0, 0, 0, 0, 0, 0, 0, 0, 0, 0, 0, 0, 0, 0, 0, 0, 0, 0, 0, 0, 0, 0, 0, 0, 0, 0, 0, 0, 0, 0, 0, 0]",0.0,"[0.0, 0.0, 0.0, 0.0, 0.0, 0.0, 0.0, 0.0, 0.0, 0.0, 0.0, 0.0, 0.0, 0.0, 0.0, 0.0, 0.0, 0.0, 0.0, 0.0, 0.0, 0.0, 0.0, 0.0, 0.0, 0.0, 0.0, 0.0, 0.0, 0.0, 0.0, 0.0, 0.0, 0.0, 0.0, 0.0, 0.0, 0.0, 0.0, 0.0, 0.0, 0.0, 0.0, 0.0, 0.0, 0.0, 0.0, 0.0, 0.0, 0.0, 0.0, 0.0, 0.0, 0.0, 0.0, 0.0, 0.0, 0.0, 0.0, 0.0, 0.0, 0.0, 0.0, 0.0, 0.0, 0.0, 0.0, 0.0, 0.0, 0.0, 0.0, 0.0, 0.0, 0.0, 0.0, 0.0, 0.0, 0.0, 0.0, 0.0, 0.0, 0.0, 0.0, 0.0, 0.0, 0.0, 0.0, 0.0, 0.0, 0.0, 0.0, 0.0, 0.0, 0.0, 0.0, 0.0, 0.0, 0.0, 0.0, 0.0, 0.0, 0.0, 0.0, 0.0, 0.0, 0.0, 0.0, 0.0, 0.0, 0.0, 0.0, 0.0, 0.0, 0.0, 0.0, 0.0, 0.0, 0.0, 0.0, 0.0, 0.0, 0.0, 0.0, 0.0, 0.0, 0.0, 0.0, 0.0, 0.0, 0.0, 0.0, 0.0, 0.0, 0.0, 0.0, 0.0, 0.0, 0.0, 0.0, 0.0, 0.0, 0.0, 0.0, 0.0, 0.0, 0.0, 0.0, 0.0, 0.0, 0.0, 0.0, 0.0, 0.0, 0.0, 0.0, 0.0, 0.0, 0.0, 0.0, 0.0, 0.0, 0.0, 0.0, 0.0, 0.0, 0.0, 0.0, 0.0, 0.0, 0.0, 0.0, 0.0, 0.0, 0.0, 0.0, 0.0, 0.0, 0.0, 0.0, 0.0, 0.0, 0.0, 0.0, 0.0, 0.0, 0.0, 0.0, 0.0, 0.0, 0.0, 0.0, 0.0, 0.0, 0.0, 0.0, 0.0, 0.0, 0.0, 0.0, 0.0, 0.0, 0.0, 0.0, 0.0, 0.0, 0.0, 0.0, 0.0, 0.0, 0.0, 0.0, 0.0, 0.0, 0.0, 0.0, 0.0, 0.0, 0.0, 0.0, 0.0, 0.0, 0.0, 0.0, 0.0, 0.0, 0.0, 0.0, 0.0, 0.0, 0.0, 0.0, 0.0, 0.0, 0.0, 0.0, 0.0, 0.0, 0.0, 0.0, 0.0, 0.0, 0.0, 0.0, 0.0, 0.0, 0.0, 0.0, 0.0, 0.0, 0.0, 0.0, 0.0, 0.0, 0.0, 0.0, 0.0, 0.0, 0.0, 0.0, 0.0, 0.0, 0.0, 0.0, 0.0, 0.0]",0.5,0.5,0,"[0, 0, 0, 0, 0, 0, 0, 0, 0, 0, 0, 0, 0, 0, 0, 0, 0, 0, 0, 0, 0, 0, 0, 0, 0, 0, 0, 0, 0, 0, 0, 0, 0, 0, 0, 0, 0, 0, 0, 0, 0, 0, 0, 0, 0, 0, 0, 0, 0, 0, 0, 0, 0, 0, 0, 0, 0, 0, 0, 0, 0, 0, 0, 0, 0, 0, 0, 0, 0, 0, 0, 0, 0, 0, 0, 0, 0, 0, 0, 0, 0, 0, 0, 0, 0, 0, 0, 0, 0, 0, 0, 0, 0, 0, 0, 0, 0, 0, 0, 0, 0, 0, 0, 0, 0, 0, 0, 0, 0, 0, 0, 0, 0, 0, 0, 0, 0, 0, 0, 0, 0, 0, 0, 0, 0, 0, 0, 0, 0, 0, 0, 0, 0, 0, 0, 0, 0, 0, 0, 0, 0, 0, 0, 0, 0, 0, 0, 0, 0, 0, 0, 0, 0, 0, 0, 0, 0, 0, 0, 0, 0, 0, 0, 0, 0, 0, 0, 0, 0, 0, 0, 0, 0, 0, 0, 0, 0, 0, 0, 0, 0, 0, 0, 0, 0, 0, 0, 0, 0, 0, 0, 0, 0, 0, 0, 0, 0, 0, 0, 0, 0, 0, 0, 0, 0, 0, 0, 0, 0, 0, 0, 0, 0, 0, 0, 0, 0, 0, 0, 0, 0, 0, 0, 0, 0, 0, 0, 0, 0, 0, 0, 0, 0, 0, 0, 0, 0, 0, 0, 0, 0, 0, 0, 0, 0, 0, 0, 0, 0, 0, 0, 0, 0, 0, 0, 0, 0, 0, 0, 0, 0, 0, 0, 0, 0]",265,"[1.07136869430542, 1.3283958435058594, 0.519244372844696, 1.1624726057052612, 0.5473521947860718, 1.434018850326538, 0.409021258354187, 1.9928152561187744, 0.9672459363937378, 0.7441024780273438, 1.4828227758407593, 0.4077896177768707, 1.2872674465179443, 1.6419202089309692, 0.49287453293800354, 1.4873685836791992, 0.5086135268211365, 1.8134052753448486, 0.6294064521789551, 0.4135071039199829, 0.422448992729187, 0.5426988005638123, 0.7473136186599731, 1.8771699666976929, 0.5415967702865601, 0.6399980187416077, 0.4237901568412781, 1.9266444444656372, 0.462248295545578, 0.5208122730255127, 1.3985810279846191, 0.7570512294769287, 0.42956581711769104, 1.4866276979446411, 0.627312183380127, 0.4714064300060272, 0.46376025676727295, 1.0347092151641846, 0.8071149587631226, 0.9676697254180908, 2.280785322189331, 0.4571788012981415, 0.4805150330066681, 2.186936140060425, 1.0617868900299072, 0.7677996158599854, 0.40777114033699036, 1.2381597757339478, 0.410169780254364, 0.5310395359992981, 0.701072096824646, 1.1921131610870361, 0.42348191142082214, 1.0651986598968506, 1.4105488061904907, 2.1109087467193604, 1.3657760620117188, 0.4072517156600952, 0.6009349822998047, 0.4795769453048706, 0.43870991468429565, 0.44495320320129395, 0.4093705713748932, 0.4542762041091919, 2.370239734649658, 0.4899967610836029, 1.2610390186309814, 0.6772239804267883, 1.0201475620269775, 0.8468775749206543, 0.7344467639923096, 0.4381360709667206, 0.4082852602005005, 0.45129889249801636, 1.0432000160217285, 0.4585467278957367, 0.6359580159187317, 1.0940194129943848, 2.1942086219787598, 1.623785376548767, 0.41608864068984985, 1.6083625555038452, 0.719970703125, 0.7723156809806824, 2.145397901535034, 0.5509704351425171, 0.9775733947753906, 0.4890642464160919, 1.8119745254516602, 0.7191908359527588, 1.0844441652297974, 0.8560123443603516, 0.5119861364364624, 0.6397945284843445, 0.8227372765541077, 0.6704962253570557, 0.6223762035369873, 0.45640841126441956, 1.5234482288360596, 1.3442909717559814, 0.4333379864692688, 0.5350773334503174, 0.5512394905090332, 0.42137473821640015, 1.118016242980957, 1.7639940977096558, 0.7683317065238953, 0.4162536561489105, 0.4487988352775574, 0.5299034118652344, 0.9139125943183899, 0.4114342927932739, 0.4566124677658081, 0.50649493932724, 0.4945600628852844, 0.4137059152126312, 0.5299184322357178, 0.836001455783844, 0.5030268430709839, 0.5362116098403931, 0.5750944018363953, 0.4090639054775238, 0.9134005904197693, 1.3273634910583496, 1.186874270439148, 0.6925565600395203, 1.7505322694778442, 1.8818278312683105, 0.44154417514801025, 0.854259729385376, 0.7679386734962463, 0.41998377442359924, 0.4091870188713074, 0.8710809350013733, 0.5006487965583801, 0.774505615234375, 1.1569688320159912, 0.4848582446575165, 0.616127610206604, 0.729264497756958, 0.5425578355789185, 0.40792641043663025, 0.4289063513278961, 0.6609278917312622, 2.56740665435791, 2.6838414669036865, 0.4886750876903534, 0.5551225543022156, 1.1354804039001465, 0.6824727058410645, 1.158937931060791, 0.5017887949943542, 1.8428611755371094, 0.4242132306098938, 0.4753352403640747, 0.41561248898506165, 0.6503964066505432, 1.232469916343689, 0.41567760705947876, 0.8309390544891357, 0.8599125742912292, 0.4167748987674713, 2.1915409564971924, 0.5161312222480774, 0.9927511811256409, 0.5373041033744812, 0.6946530342102051, 0.9778279662132263, 0.4390389323234558, 0.5828885436058044, 0.672065258026123, 1.0292874574661255, 1.086110234260559, 0.649671733379364, 0.46044856309890747, 1.4787240028381348, 0.4657934606075287, 0.6393356323242188, 1.3361190557479858, 1.676292061805725, 0.4371854066848755, 0.8527269959449768, 0.6252546310424805, 1.065291404724121, 0.5839003324508667, 0.4109349846839905, 1.8921771049499512, 0.47449225187301636, 0.8309174180030823, 0.5338551998138428, 0.6268005967140198, 1.2503149509429932, 1.131434679031372, 0.7320454120635986, 0.4978351891040802, 0.4132247865200043, 1.5623114109039307, 1.5147662162780762, 0.5346952080726624, 2.320542335510254, 0.6228117942810059, 1.4752380847930908, 0.650067925453186, 1.066383957862854, 0.9697458148002625, 0.9424360394477844, 0.46638748049736023, 0.5462825894355774, 2.1224818229675293, 2.1378743648529053, 0.6406311988830566, 0.4081355631351471, 0.6258601546287537, 0.5641558170318604, 0.4539031684398651, 0.4661646783351898, 1.6828361749649048, 0.4130336344242096, 0.9578484892845154, 0.45954278111457825, 0.628753662109375, 1.9739586114883423, 0.47177350521087646, 1.4960349798202515, 1.2293388843536377, 1.4180113077163696, 0.6345028281211853, 0.5349928140640259, 0.5916089415550232, 1.231491208076477, 0.4073725938796997, 2.784069538116455, 1.1407620906829834, 0.5102350115776062, 0.40760257840156555, 1.055384874343872, 0.4860004484653473, 0.40791213512420654, 0.4592036306858063, 0.5622882843017578, 0.4363524317741394, 0.504547119140625, 0.4642987549304962, 0.43692275881767273, 0.42177990078926086, 2.1644785404205322, 0.8242215514183044, 0.40796253085136414, 0.40748146176338196, 0.5287556648254395, 0.4714885354042053, 0.43517619371414185, 1.4000980854034424, 0.4074629247188568, 0.8414583802223206, 0.7151716351509094, 0.7169995903968811, 0.503806471824646, 0.44925445318222046, 0.7399961352348328, 0.4661220908164978, 0.47060757875442505, 1.655967354774475, 1.0456761121749878, 0.4105570912361145]",0.0,"[0.0, 0.0, 0.0, 0.0, 0.0, 0.0, 0.0, 0.0, 0.0, 0.0, 0.0, 0.0, 0.0, 0.0, 0.0, 0.0, 0.0, 0.0, 0.0, 0.0, 0.0, 0.0, 0.0, 0.0, 0.0, 0.0, 0.0, 0.0, 0.0, 0.0, 0.0, 0.0, 0.0, 0.0, 0.0, 0.0, 0.0, 0.0, 0.0, 0.0, 0.0, 0.0, 0.0, 0.0, 0.0, 0.0, 0.0, 0.0, 0.0, 0.0, 0.0, 0.0, 0.0, 0.0, 0.0, 0.0, 0.0, 0.0, 0.0, 0.0, 0.0, 0.0, 0.0, 0.0, 0.0, 0.0, 0.0, 0.0, 0.0, 0.0, 0.0, 0.0, 0.0, 0.0, 0.0, 0.0, 0.0, 0.0, 0.0, 0.0, 0.0, 0.0, 0.0, 0.0, 0.0, 0.0, 0.0, 0.0, 0.0, 0.0, 0.0, 0.0, 0.0, 0.0, 0.0, 0.0, 0.0, 0.0, 0.0, 0.0, 0.0, 0.0, 0.0, 0.0, 0.0, 0.0, 0.0, 0.0, 0.0, 0.0, 0.0, 0.0, 0.0, 0.0, 0.0, 0.0, 0.0, 0.0, 0.0, 0.0, 0.0, 0.0, 0.0, 0.0, 0.0, 0.0, 0.0, 0.0, 0.0, 0.0, 0.0, 0.0, 0.0, 0.0, 0.0, 0.0, 0.0, 0.0, 0.0, 0.0, 0.0, 0.0, 0.0, 0.0, 0.0, 0.0, 0.0, 0.0, 0.0, 0.0, 0.0, 0.0, 0.0, 0.0, 0.0, 0.0, 0.0, 0.0, 0.0, 0.0, 0.0, 0.0, 0.0, 0.0, 0.0, 0.0, 0.0, 0.0, 0.0, 0.0, 0.0, 0.0, 0.0, 0.0, 0.0, 0.0, 0.0, 0.0, 0.0, 0.0, 0.0, 0.0, 0.0, 0.0, 0.0, 0.0, 0.0, 0.0, 0.0, 0.0, 0.0, 0.0, 0.0, 0.0, 0.0, 0.0, 0.0, 0.0, 0.0, 0.0, 0.0, 0.0, 0.0, 0.0, 0.0, 0.0, 0.0, 0.0, 0.0, 0.0, 0.0, 0.0, 0.0, 0.0, 0.0, 0.0, 0.0, 0.0, 0.0, 0.0, 0.0, 0.0, 0.0, 0.0, 0.0, 0.0, 0.0, 0.0, 0.0, 0.0, 0.0, 0.0, 0.0, 0.0, 0.0, 0.0, 0.0, 0.0, 0.0, 0.0, 0.0, 0.0, 0.0, 0.0, 0.0, 0.0, 0.0, 0.0, 0.0, 0.0, 0.0, 0.0, 0.0, 0.0, 0.0, 0.0, 0.0, 0.0, 0.0, 0.0, 0.0, 0.0, 0.0, 0.0, 0.0]",COMPLETE
108,108,0.895711764630109,2024-08-31 05:33:16.701797,2024-08-31 05:33:30.914583,0 days 00:00:14.212786,4,0.047973731003525096,2,70,0.003058744083940834,60,0.03424660737014896,0.9,0.8925,33,"[33, 33, 33, 33, 33, 33, 33, 33, 33, 33, 33, 33, 33, 33, 33, 33, 33, 33, 33, 33, 33, 33, 33, 33, 33, 33, 33, 33, 33, 33, 33, 33, 33, 33, 33, 33, 33, 33, 33, 33, 33, 33, 33, 33, 33, 33, 33, 33, 33, 33, 33, 33, 33, 33, 33, 33, 33, 33, 33, 33, 33, 33, 33, 33, 33, 33, 33, 33, 33, 33]",32.97222222222222,"[32.977777777777774, 32.983333333333334, 32.96666666666667, 32.97222222222222, 32.983333333333334, 32.97222222222222, 32.96111111111111, 32.96666666666667, 32.96666666666667, 32.977777777777774, 32.983333333333334, 32.955555555555556, 32.98888888888889, 32.98888888888889, 32.96666666666667, 33.0, 32.98888888888889, 32.983333333333334, 32.99444444444444, 32.97222222222222, 32.99444444444444, 32.98888888888889, 32.98888888888889, 32.983333333333334, 32.99444444444444, 32.99444444444444, 32.983333333333334, 32.983333333333334, 32.983333333333334, 32.977777777777774, 32.96111111111111, 32.955555555555556, 32.955555555555556, 32.97222222222222, 32.977777777777774, 32.99444444444444, 32.99444444444444, 32.977777777777774, 32.977777777777774, 32.977777777777774, 32.96666666666667, 32.977777777777774, 32.98888888888889, 32.99444444444444, 32.983333333333334, 32.98888888888889, 32.977777777777774, 32.983333333333334, 32.96111111111111, 32.983333333333334, 32.96666666666667, 32.977777777777774, 32.98888888888889, 32.98888888888889, 32.983333333333334, 32.98888888888889, 32.99444444444444, 32.983333333333334, 32.983333333333334, 32.98888888888889, 32.98888888888889, 32.983333333333334, 32.977777777777774, 32.977777777777774, 32.96111111111111, 32.97222222222222, 32.96666666666667, 32.97222222222222, 32.94444444444444, 32.97222222222222]",0.8823801385414345,0.895711764630109,33,"[33, 33, 33, 33, 33, 33, 33, 33, 33, 33, 33, 33, 33, 33, 33, 33, 33, 33, 33, 33, 33, 33, 33, 33, 33, 33, 33, 33, 33, 33, 33, 33, 33, 33, 33, 33, 33, 33, 33, 33, 33, 33, 33, 33, 33, 33, 33, 33, 33, 33, 33, 33, 33, 33, 33, 33, 33, 33, 33, 33, 33, 33, 33, 33, 33, 33, 33, 33, 33, 33]",70,"[0.39526858925819397, 0.38417088985443115, 0.37826767563819885, 0.37434542179107666, 0.37003180384635925, 0.367426335811615, 0.3654038906097412, 0.3633711338043213, 0.3611048758029938, 0.35963961482048035, 0.3576955497264862, 0.356516033411026, 0.35486793518066406, 0.3531700074672699, 0.34982556104660034, 0.34899741411209106, 0.34572723507881165, 0.34397926926612854, 0.3434346318244934, 0.3403702676296234, 0.3388867974281311, 0.33702972531318665, 0.3351084589958191, 0.3332868218421936, 0.3316268026828766, 0.3299334645271301, 0.3283672630786896, 0.3266017436981201, 0.3250274956226349, 0.3232889175415039, 0.32236453890800476, 0.31997600197792053, 0.318370521068573, 0.3172401189804077, 0.3155604600906372, 0.3140163719654083, 0.31123799085617065, 0.3097197413444519, 0.30745959281921387, 0.3059312105178833, 0.30369052290916443, 0.3025617301464081, 0.29951977729797363, 0.29756399989128113, 0.29603978991508484, 0.29472559690475464, 0.29235750436782837, 0.29033616185188293, 0.28803250193595886, 0.28632983565330505, 0.28448477387428284, 0.28225794434547424, 0.28356432914733887, 0.2799951732158661, 0.2781344950199127, 0.2762677073478699, 0.27348029613494873, 0.27199482917785645, 0.27004101872444153, 0.2687769830226898, 0.26714953780174255, 0.26567673683166504, 0.26431047916412354, 0.26289287209510803, 0.26173338294029236, 0.26030489802360535, 0.2590973675251007, 0.25789251923561096, 0.2567005455493927, 0.2580248713493347]",33.0,"[33.0, 33.0, 33.0, 33.0, 33.0, 33.0, 33.0, 33.0, 33.0, 33.0, 33.0, 33.0, 33.0, 33.0, 33.0, 33.0, 33.0, 33.0, 33.0, 33.0, 33.0, 33.0, 33.0, 33.0, 33.0, 33.0, 33.0, 33.0, 33.0, 33.0, 33.0, 33.0, 33.0, 33.0, 33.0, 33.0, 33.0, 33.0, 33.0, 33.0, 33.0, 33.0, 33.0, 33.0, 33.0, 33.0, 33.0, 33.0, 33.0, 33.0, 33.0, 33.0, 33.0, 33.0, 33.0, 33.0, 33.0, 33.0, 33.0, 33.0, 33.0, 33.0, 33.0, 33.0, 33.0, 33.0, 33.0, 33.0, 33.0, 33.0]",COMPLETE
