,number,value,datetime_start,datetime_complete,duration,params_batch_size_scaler,params_constant_learning_rate,params_depth,params_epochs,params_kernel_l2,params_num_trees,params_temperature,user_attrs_accuracy_test,user_attrs_accuracy_valid,user_attrs_approximate_feature_sparsity,user_attrs_approximate_feature_sparsity_history,user_attrs_approximate_weight_sparsity,user_attrs_approximate_weight_sparsity_history,user_attrs_auc_test,user_attrs_auc_valid,user_attrs_feature_sparsity,user_attrs_feature_sparsity_history,user_attrs_num_epochs,user_attrs_val_loss_history,user_attrs_weight_sparsity,user_attrs_weight_sparsity_history,state
138,138,0.5,2024-08-31 07:03:04.731808,2024-08-31 07:03:22.259932,0 days 00:00:17.528124,64,1.5028915287029119,3,145,0.001221514308449827,3,0.04508641279167524,0.859,0.85875,0,"[0, 0, 0, 0, 0, 0, 0, 0, 0, 0, 0, 0, 0, 0, 0, 0, 0, 0, 0, 0, 0, 0, 0, 0, 0, 0, 0, 0, 0, 0, 0, 0, 0, 0, 0, 0, 0, 0, 0, 0, 0, 0, 0, 0, 0, 0, 0, 0, 0, 0, 0, 0, 0, 0, 0, 0, 0, 0, 0, 0, 0, 0, 0, 0, 0, 0, 0, 0, 0, 0, 0, 0, 0, 0, 0, 0, 0, 0, 0, 0, 0, 0, 0, 0, 0, 0, 0, 0, 0, 0, 0, 0, 0, 0, 0, 0, 0, 0, 0, 0, 0, 0, 0, 0, 0, 0, 0, 0, 0, 0, 0, 0, 0, 0, 0, 0, 0, 0, 0, 0, 0, 0, 0, 0, 0, 0, 0, 0, 0, 0, 0, 0, 0, 0, 0, 0, 0, 0, 0, 0, 0, 0, 0, 0, 0]",0.0,"[0.0, 0.0, 0.0, 0.0, 0.0, 0.0, 0.0, 0.0, 0.0, 0.0, 0.0, 0.0, 0.0, 0.0, 0.0, 0.0, 0.0, 0.0, 0.0, 0.0, 0.0, 0.0, 0.0, 0.0, 0.0, 0.0, 0.0, 0.0, 0.0, 0.0, 0.0, 0.0, 0.0, 0.0, 0.0, 0.0, 0.0, 0.0, 0.0, 0.0, 0.0, 0.0, 0.0, 0.0, 0.0, 0.0, 0.0, 0.0, 0.0, 0.0, 0.0, 0.0, 0.0, 0.0, 0.0, 0.0, 0.0, 0.0, 0.0, 0.0, 0.0, 0.0, 0.0, 0.0, 0.0, 0.0, 0.0, 0.0, 0.0, 0.0, 0.0, 0.0, 0.0, 0.0, 0.0, 0.0, 0.0, 0.0, 0.0, 0.0, 0.0, 0.0, 0.0, 0.0, 0.0, 0.0, 0.0, 0.0, 0.0, 0.0, 0.0, 0.0, 0.0, 0.0, 0.0, 0.0, 0.0, 0.0, 0.0, 0.0, 0.0, 0.0, 0.0, 0.0, 0.0, 0.0, 0.0, 0.0, 0.0, 0.0, 0.0, 0.0, 0.0, 0.0, 0.0, 0.0, 0.0, 0.0, 0.0, 0.0, 0.0, 0.0, 0.0, 0.0, 0.0, 0.0, 0.0, 0.0, 0.0, 0.0, 0.0, 0.0, 0.0, 0.0, 0.0, 0.0, 0.0, 0.0, 0.0, 0.0, 0.0, 0.0, 0.0, 0.0, 0.0]",0.5,0.5,0,"[0, 0, 0, 0, 0, 0, 0, 0, 0, 0, 0, 0, 0, 0, 0, 0, 0, 0, 0, 0, 0, 0, 0, 0, 0, 0, 0, 0, 0, 0, 0, 0, 0, 0, 0, 0, 0, 0, 0, 0, 0, 0, 0, 0, 0, 0, 0, 0, 0, 0, 0, 0, 0, 0, 0, 0, 0, 0, 0, 0, 0, 0, 0, 0, 0, 0, 0, 0, 0, 0, 0, 0, 0, 0, 0, 0, 0, 0, 0, 0, 0, 0, 0, 0, 0, 0, 0, 0, 0, 0, 0, 0, 0, 0, 0, 0, 0, 0, 0, 0, 0, 0, 0, 0, 0, 0, 0, 0, 0, 0, 0, 0, 0, 0, 0, 0, 0, 0, 0, 0, 0, 0, 0, 0, 0, 0, 0, 0, 0, 0, 0, 0, 0, 0, 0, 0, 0, 0, 0, 0, 0, 0, 0, 0, 0]",145,"[0.4224088191986084, 0.41110312938690186, 0.4075227975845337, 0.4072641134262085, 0.40723514556884766, 0.40728041529655457, 0.4072261154651642, 0.4072263836860657, 0.40735793113708496, 0.40738537907600403, 0.40732407569885254, 0.4077298641204834, 0.40742751955986023, 0.40722671151161194, 0.40728768706321716, 0.4072324335575104, 0.4072445034980774, 0.4073472321033478, 0.4072263240814209, 0.4074175953865051, 0.40726181864738464, 0.40734750032424927, 0.4072287082672119, 0.407256156206131, 0.4073108732700348, 0.40726932883262634, 0.4072292447090149, 0.4072868227958679, 0.40727782249450684, 0.4072929620742798, 0.40725839138031006, 0.4078872799873352, 0.40796035528182983, 0.4072381556034088, 0.4072299301624298, 0.407245934009552, 0.40731364488601685, 0.40735873579978943, 0.40728625655174255, 0.40734046697616577, 0.4072437286376953, 0.4072594940662384, 0.40722760558128357, 0.4074620008468628, 0.40741828083992004, 0.40823203325271606, 0.4072544574737549, 0.4072440266609192, 0.40771377086639404, 0.407339870929718, 0.40725842118263245, 0.40761062502861023, 0.4074209928512573, 0.4074023962020874, 0.4075067937374115, 0.4072428047657013, 0.40722617506980896, 0.40772804617881775, 0.407307505607605, 0.40722617506980896, 0.4073965549468994, 0.40769097208976746, 0.4072779417037964, 0.40738388895988464, 0.40730902552604675, 0.4073604345321655, 0.40727508068084717, 0.40737423300743103, 0.4072262942790985, 0.40735283493995667, 0.4080967605113983, 0.40722793340682983, 0.4072306156158447, 0.4072452485561371, 0.4075653553009033, 0.4072377383708954, 0.4072268605232239, 0.40726935863494873, 0.40722811222076416, 0.407265841960907, 0.4072411060333252, 0.4073325991630554, 0.40740135312080383, 0.40723755955696106, 0.40729278326034546, 0.40726035833358765, 0.4072505831718445, 0.4076063632965088, 0.4073411226272583, 0.4074912965297699, 0.40848037600517273, 0.4080045819282532, 0.40760934352874756, 0.4076622724533081, 0.4074708819389343, 0.40774005651474, 0.40733224153518677, 0.40764573216438293, 0.40730398893356323, 0.40736374258995056, 0.4074244201183319, 0.4078558385372162, 0.4078107476234436, 0.4075421094894409, 0.4075635075569153, 0.4074196517467499, 0.40731143951416016, 0.40723878145217896, 0.40725070238113403, 0.407429039478302, 0.40758010745048523, 0.40731868147850037, 0.4072321951389313, 0.4073817729949951, 0.40722954273223877, 0.40726637840270996, 0.40724098682403564, 0.40750831365585327, 0.40725377202033997, 0.40743696689605713, 0.4072461724281311, 0.4072326719760895, 0.407299280166626, 0.40723517537117004, 0.4072287678718567, 0.4073854386806488, 0.40724068880081177, 0.4072587490081787, 0.4073558747768402, 0.4082448482513428, 0.407236248254776, 0.40742775797843933, 0.40821391344070435, 0.4087032079696655, 0.40742814540863037, 0.4072522819042206, 0.40735629200935364, 0.40734001994132996, 0.4075523614883423, 0.40726783871650696, 0.40732285380363464, 0.407246470451355, 0.4072306156158447, 0.4072703421115875, 0.4084659218788147]",0.0,"[0.0, 0.0, 0.0, 0.0, 0.0, 0.0, 0.0, 0.0, 0.0, 0.0, 0.0, 0.0, 0.0, 0.0, 0.0, 0.0, 0.0, 0.0, 0.0, 0.0, 0.0, 0.0, 0.0, 0.0, 0.0, 0.0, 0.0, 0.0, 0.0, 0.0, 0.0, 0.0, 0.0, 0.0, 0.0, 0.0, 0.0, 0.0, 0.0, 0.0, 0.0, 0.0, 0.0, 0.0, 0.0, 0.0, 0.0, 0.0, 0.0, 0.0, 0.0, 0.0, 0.0, 0.0, 0.0, 0.0, 0.0, 0.0, 0.0, 0.0, 0.0, 0.0, 0.0, 0.0, 0.0, 0.0, 0.0, 0.0, 0.0, 0.0, 0.0, 0.0, 0.0, 0.0, 0.0, 0.0, 0.0, 0.0, 0.0, 0.0, 0.0, 0.0, 0.0, 0.0, 0.0, 0.0, 0.0, 0.0, 0.0, 0.0, 0.0, 0.0, 0.0, 0.0, 0.0, 0.0, 0.0, 0.0, 0.0, 0.0, 0.0, 0.0, 0.0, 0.0, 0.0, 0.0, 0.0, 0.0, 0.0, 0.0, 0.0, 0.0, 0.0, 0.0, 0.0, 0.0, 0.0, 0.0, 0.0, 0.0, 0.0, 0.0, 0.0, 0.0, 0.0, 0.0, 0.0, 0.0, 0.0, 0.0, 0.0, 0.0, 0.0, 0.0, 0.0, 0.0, 0.0, 0.0, 0.0, 0.0, 0.0, 0.0, 0.0, 0.0, 0.0]",COMPLETE
139,139,0.7568883564555398,2024-08-31 07:03:25.681576,2024-08-31 07:08:19.544338,0 days 00:04:53.862762,16,0.08387785802972174,6,265,0.717472901528541,93,0.04613064020001401,0.88,0.875,33,"[33, 33, 33, 33, 33, 33, 33, 33, 33, 33, 33, 33, 33, 33, 33, 33, 33, 33, 33, 33, 33, 33, 33, 33, 33, 33, 33, 33, 33, 33, 33, 33, 33, 33, 33, 33, 33, 33, 33, 33, 33, 33, 33, 33, 33, 33, 33, 33, 33, 33, 33, 33, 33, 33, 33, 33, 33, 33, 33, 33, 33, 33, 33, 33, 33, 33, 33, 33, 33, 33, 33, 33, 33, 33, 33, 33, 33, 33, 33, 33, 33, 33, 33, 33, 33, 33, 33, 33, 33, 33, 33, 33, 33, 33, 33, 33, 33, 33, 33, 33, 33, 33, 33, 33, 33, 33, 33, 33, 33, 33, 33, 33, 33, 33, 33, 33, 33, 33, 33, 33, 33, 33, 33, 33, 33, 33, 33, 33, 33, 33, 33, 33, 33, 33, 33, 33, 33, 33, 33, 33, 33, 33, 33, 33, 33, 33, 33, 33, 33, 33, 33, 33, 33, 33, 33, 33, 33, 33, 33, 33, 33, 33, 33, 33, 33, 33, 33, 33, 33, 33, 33, 33, 33, 33, 33, 33, 33, 33, 33, 33, 33, 33, 33, 33, 33, 33, 33, 33, 33, 33, 33, 33, 33, 33, 33, 33, 33, 33, 33, 33, 33, 33, 33, 33, 33, 33, 33, 33, 33, 33, 33, 33, 33, 33, 33, 33, 33, 33, 33, 33, 33, 33, 33, 33, 33, 33, 33, 33, 33, 33, 33, 33, 33, 33, 33, 33, 33, 33, 33, 33, 33, 33, 33, 33, 33, 33, 33, 33, 33, 33, 33, 33, 33, 33, 33, 33, 33, 33, 33, 33, 33, 33, 33, 33, 33]",32.88769414575866,"[32.89674005803038, 32.892302440689534, 32.89656938044035, 32.89793480116061, 32.89639870285031, 32.89776412357058, 32.89537463731012, 32.89639870285031, 32.897764123570575, 32.89486260454002, 32.896228025260285, 32.896228025260285, 32.897764123570575, 32.8994708994709, 32.90066564260113, 32.89674005803038, 32.89400921658986, 32.897081413210444, 32.90015360983103, 32.89912954429084, 32.900324287421064, 32.899982932240995, 32.899300221880864, 32.90373783922171, 32.8994708994709, 32.89281447345964, 32.89810547875064, 32.899982932240995, 32.896228025260285, 32.89827615634067, 32.89537463731012, 32.896228025260285, 32.89827615634067, 32.897764123570575, 32.899300221880864, 32.902201740911416, 32.8989588667008, 32.897764123570575, 32.89759344598054, 32.89571599249019, 32.895886670080216, 32.89827615634068, 32.89674005803038, 32.89435057176993, 32.891790407919444, 32.8941798941799, 32.89878818911077, 32.89827615634067, 32.897764123570575, 32.89571599249019, 32.895203959720085, 32.894691926949996, 32.895886670080216, 32.89537463731012, 32.89486260454002, 32.89691073562041, 32.894691926949996, 32.89639870285031, 32.89435057176993, 32.894691926949996, 32.8931558286397, 32.89435057176993, 32.89349718381976, 32.892131763099506, 32.89520395972009, 32.89674005803038, 32.89605734767025, 32.89537463731012, 32.89725209080048, 32.89981225465097, 32.89981225465097, 32.89861751152073, 32.8989588667008, 32.89981225465097, 32.90083632019116, 32.89656938044035, 32.89486260454002, 32.89674005803038, 32.893326506229734, 32.89605734767025, 32.895886670080216, 32.89417989417989, 32.8926437958696, 32.89298515104967, 32.89452124935996, 32.89435057176993, 32.89281447345964, 32.89179040791944, 32.893326506229734, 32.8931558286397, 32.89827615634067, 32.897764123570575, 32.89486260454002, 32.89674005803038, 32.89639870285031, 32.89537463731012, 32.895545314900154, 32.89452124935996, 32.893326506229734, 32.8936678614098, 32.89435057176993, 32.894009216589865, 32.89247311827957, 32.88957159924902, 32.89332650622973, 32.89537463731012, 32.89417989417989, 32.89503328213006, 32.8931558286397, 32.892302440689534, 32.89349718381977, 32.89571599249019, 32.8931558286397, 32.89417989417989, 32.89161973032941, 32.892131763099506, 32.89230244068954, 32.89486260454002, 32.897081413210444, 32.89742276839051, 32.89878818911077, 32.89469192694999, 32.896228025260285, 32.89349718381976, 32.89400921658986, 32.893667861409796, 32.892131763099506, 32.89349718381976, 32.89571599249019, 32.89161973032941, 32.89161973032941, 32.89230244068954, 32.892131763099506, 32.89281447345963, 32.890766342379244, 32.89435057176993, 32.8941798941799, 32.89161973032941, 32.89025430960915, 32.89059566478921, 32.89059566478921, 32.89400921658986, 32.89759344598054, 32.89520395972009, 32.89417989417989, 32.89383853899983, 32.89400921658986, 32.893667861409796, 32.89452124935996, 32.89349718381976, 32.89196108550947, 32.8931558286397, 32.893667861409796, 32.89144905273937, 32.893326506229734, 32.892985151049665, 32.89247311827957, 32.8931558286397, 32.89349718381976, 32.8926437958696, 32.89196108550947, 32.89281447345964, 32.89349718381977, 32.891107697559306, 32.89059566478921, 32.88974227683905, 32.89042498719918, 32.89110769755931, 32.892131763099506, 32.8926437958696, 32.89110769755931, 32.89025430960915, 32.88957159924902, 32.890424987199175, 32.889912954429086, 32.89127837514934, 32.892302440689534, 32.89383853899983, 32.89537463731012, 32.89486260454002, 32.89452124935996, 32.89520395972009, 32.89639870285031, 32.89537463731012, 32.895545314900154, 32.89383853899983, 32.892985151049665, 32.8926437958696, 32.89281447345963, 32.89349718381976, 32.893667861409796, 32.892131763099506, 32.89127837514934, 32.889912954429086, 32.89008363201911, 32.89179040791944, 32.8926437958696, 32.89281447345964, 32.89093701996928, 32.89127837514934, 32.89179040791944, 32.89008363201911, 32.89127837514934, 32.89281447345964, 32.891449052739375, 32.89008363201911, 32.88991295442908, 32.8916197303294, 32.88991295442908, 32.89025430960915, 32.89196108550947, 32.89230244068954, 32.893667861409796, 32.89503328213006, 32.89605734767025, 32.89639870285031, 32.89571599249019, 32.89520395972009, 32.89452124935996, 32.89469192694999, 32.89281447345964, 32.89179040791944, 32.891449052739375, 32.89247311827957, 32.89349718381976, 32.89247311827957, 32.89298515104967, 32.892302440689534, 32.894350571769934, 32.89059566478922, 32.88820617852876, 32.88871821129886, 32.88905956647892, 32.89008363201912, 32.88940092165898, 32.88940092165899, 32.888376856118796, 32.888547533708824, 32.89008363201911, 32.88837685611879, 32.88649940262843, 32.88803550093873, 32.888206178528755, 32.88769414575866, 32.88820617852876, 32.888376856118796, 32.88837685611879, 32.88752346816863, 32.88547533708824, 32.88479262672811, 32.886670080218465, 32.88837685611879, 32.88820617852876, 32.88940092165899, 32.88615804744837, 32.88752346816863, 32.88547533708824, 32.8868407578085, 32.88752346816863, 32.88769414575866, 32.888206178528755, 32.8868407578085, 32.88718211298856, 32.8868407578085, 32.88769414575866]",0.7889678745696381,0.7568883564555398,33,"[33, 33, 33, 33, 33, 33, 33, 33, 33, 33, 33, 33, 33, 33, 33, 33, 33, 33, 33, 33, 33, 33, 33, 33, 33, 33, 33, 33, 33, 33, 33, 33, 33, 33, 33, 33, 33, 33, 33, 33, 33, 33, 33, 33, 33, 33, 33, 33, 33, 33, 33, 33, 33, 33, 33, 33, 33, 33, 33, 33, 33, 33, 33, 33, 33, 33, 33, 33, 33, 33, 33, 33, 33, 33, 33, 33, 33, 33, 33, 33, 33, 33, 33, 33, 33, 33, 33, 33, 33, 33, 33, 33, 33, 33, 33, 33, 33, 33, 33, 33, 33, 33, 33, 33, 33, 33, 33, 33, 33, 33, 33, 33, 33, 33, 33, 33, 33, 33, 33, 33, 33, 33, 33, 33, 33, 33, 33, 33, 33, 33, 33, 33, 33, 33, 33, 33, 33, 33, 33, 33, 33, 33, 33, 33, 33, 33, 33, 33, 33, 33, 33, 33, 33, 33, 33, 33, 33, 33, 33, 33, 33, 33, 33, 33, 33, 33, 33, 33, 33, 33, 33, 33, 33, 33, 33, 33, 33, 33, 33, 33, 33, 33, 33, 33, 33, 33, 33, 33, 33, 33, 33, 33, 33, 33, 33, 33, 33, 33, 33, 33, 33, 33, 33, 33, 33, 33, 33, 33, 33, 33, 33, 33, 33, 33, 33, 33, 33, 33, 33, 33, 33, 33, 33, 33, 33, 33, 33, 33, 33, 33, 33, 33, 33, 33, 33, 33, 33, 33, 33, 33, 33, 33, 33, 33, 33, 33, 33, 33, 33, 33, 33, 33, 33, 33, 33, 33, 33, 33, 33, 33, 33, 33, 33, 33, 33]",265,"[0.47274333238601685, 0.43128037452697754, 0.41766640543937683, 0.41236573457717896, 0.4097720682621002, 0.40782245993614197, 0.4064062535762787, 0.40518298745155334, 0.40403521060943604, 0.40303051471710205, 0.40203341841697693, 0.40112268924713135, 0.40021073818206787, 0.39936089515686035, 0.39855360984802246, 0.39777880907058716, 0.39701393246650696, 0.3963044285774231, 0.39559268951416016, 0.39491283893585205, 0.394225537776947, 0.3936052620410919, 0.3930007815361023, 0.3923926055431366, 0.39182135462760925, 0.39128729701042175, 0.3907804489135742, 0.39025843143463135, 0.3897688388824463, 0.3893086314201355, 0.3888390362262726, 0.38838157057762146, 0.38796305656433105, 0.3875309228897095, 0.387115478515625, 0.38671043515205383, 0.38634228706359863, 0.38597145676612854, 0.38559067249298096, 0.3852379322052002, 0.3848903179168701, 0.38456451892852783, 0.3841972053050995, 0.3838987648487091, 0.38358473777770996, 0.38326969742774963, 0.3829624056816101, 0.38266217708587646, 0.3824003338813782, 0.38211533427238464, 0.38182875514030457, 0.3815666139125824, 0.38134944438934326, 0.3811461329460144, 0.3808397352695465, 0.38059455156326294, 0.38031819462776184, 0.3800674378871918, 0.37982177734375, 0.37957072257995605, 0.37934303283691406, 0.37912341952323914, 0.3789541721343994, 0.378750205039978, 0.37853240966796875, 0.3783334493637085, 0.37811678647994995, 0.3779430687427521, 0.37775859236717224, 0.37750816345214844, 0.37732550501823425, 0.3771001398563385, 0.37690269947052, 0.37670257687568665, 0.3765604794025421, 0.37643730640411377, 0.3762313723564148, 0.3760531544685364, 0.3758581280708313, 0.375711590051651, 0.37558770179748535, 0.3754000961780548, 0.375181645154953, 0.37506088614463806, 0.37487533688545227, 0.3746935725212097, 0.37450653314590454, 0.3743351697921753, 0.37422144412994385, 0.3740963637828827, 0.37391960620880127, 0.3737557530403137, 0.3735949695110321, 0.37343063950538635, 0.3733445703983307, 0.37315502762794495, 0.37294986844062805, 0.37285318970680237, 0.37267735600471497, 0.37247368693351746, 0.3722928762435913, 0.3721557557582855, 0.3720056116580963, 0.3718324601650238, 0.3716720640659332, 0.3715210258960724, 0.37141966819763184, 0.3712421655654907, 0.371115505695343, 0.3709719479084015, 0.3708311915397644, 0.37063178420066833, 0.37047144770622253, 0.3703182339668274, 0.37015998363494873, 0.37010252475738525, 0.3698980212211609, 0.36977753043174744, 0.36960557103157043, 0.36947101354599, 0.3693205714225769, 0.3691868185997009, 0.369028776884079, 0.3688703775405884, 0.3686940371990204, 0.36855316162109375, 0.36839884519577026, 0.3682771325111389, 0.3681459426879883, 0.36800795793533325, 0.36782845854759216, 0.36769741773605347, 0.3675684630870819, 0.36739012598991394, 0.36723706126213074, 0.3670863211154938, 0.36692309379577637, 0.36685311794281006, 0.3667178750038147, 0.3665657937526703, 0.36642396450042725, 0.36638712882995605, 0.3661804497241974, 0.3660179078578949, 0.3658830523490906, 0.36575847864151, 0.3655765950679779, 0.36544930934906006, 0.36531975865364075, 0.3651309311389923, 0.36502379179000854, 0.3649137020111084, 0.364787220954895, 0.364629328250885, 0.3645118772983551, 0.36433449387550354, 0.36419743299484253, 0.3640668988227844, 0.363940954208374, 0.36379826068878174, 0.36367276310920715, 0.36356064677238464, 0.3634319603443146, 0.3632800579071045, 0.36312636733055115, 0.3630293309688568, 0.362863689661026, 0.36270737648010254, 0.3625478446483612, 0.36241546273231506, 0.3623274266719818, 0.3622314929962158, 0.3621070384979248, 0.36199623346328735, 0.36183327436447144, 0.36171063780784607, 0.36154529452323914, 0.36139407753944397, 0.3612552583217621, 0.36112499237060547, 0.36101609468460083, 0.36086639761924744, 0.36071741580963135, 0.3605678677558899, 0.36041876673698425, 0.36028537154197693, 0.36018165946006775, 0.3600688874721527, 0.3599536120891571, 0.35981208086013794, 0.35965725779533386, 0.35954344272613525, 0.3594282865524292, 0.3593016564846039, 0.35912856459617615, 0.3590347170829773, 0.358857125043869, 0.35876697301864624, 0.35865551233291626, 0.3585010766983032, 0.3583442270755768, 0.35822123289108276, 0.35807308554649353, 0.35800009965896606, 0.357869029045105, 0.35772445797920227, 0.35761919617652893, 0.35745543241500854, 0.35731393098831177, 0.35714447498321533, 0.35702258348464966, 0.3569590747356415, 0.35678425431251526, 0.35668206214904785, 0.35652828216552734, 0.35638850927352905, 0.35624733567237854, 0.3561258018016815, 0.3560364842414856, 0.35585254430770874, 0.35574352741241455, 0.3556089699268341, 0.3554820716381073, 0.35537469387054443, 0.3551968038082123, 0.3550499379634857, 0.3549266755580902, 0.3548310399055481, 0.35477158427238464, 0.35461291670799255, 0.35450050234794617, 0.35436856746673584, 0.354239821434021, 0.35410022735595703, 0.35394951701164246, 0.3538095951080322, 0.3536781966686249, 0.3535609841346741, 0.35345709323883057, 0.3533104360103607, 0.3531922399997711, 0.3530416488647461, 0.35290995240211487, 0.3528159260749817, 0.35270729660987854, 0.3525680899620056, 0.35246285796165466, 0.3523077368736267, 0.35220277309417725, 0.35204651951789856, 0.3519324064254761, 0.3517901599407196, 0.35168907046318054, 0.3515559136867523, 0.3514188528060913, 0.3513481616973877, 0.3512378931045532, 0.35111862421035767, 0.35099345445632935, 0.35083332657814026, 0.3507138192653656, 0.3505737781524658, 0.350394606590271, 0.35028162598609924, 0.35016605257987976]",33.0,"[33.0, 33.0, 33.0, 33.0, 33.0, 33.0, 33.0, 33.0, 33.0, 33.0, 33.0, 33.0, 33.0, 33.0, 33.0, 33.0, 33.0, 33.0, 33.0, 33.0, 33.0, 33.0, 33.0, 33.0, 33.0, 33.0, 33.0, 33.0, 33.0, 33.0, 33.0, 33.0, 33.0, 33.0, 33.0, 33.0, 33.0, 33.0, 33.0, 33.0, 33.0, 33.0, 33.0, 33.0, 33.0, 33.0, 33.0, 33.0, 33.0, 33.0, 33.0, 33.0, 33.0, 33.0, 33.0, 33.0, 33.0, 33.0, 33.0, 33.0, 33.0, 33.0, 33.0, 33.0, 33.0, 33.0, 33.0, 33.0, 33.0, 33.0, 33.0, 33.0, 33.0, 33.0, 33.0, 33.0, 33.0, 33.0, 33.0, 33.0, 33.0, 33.0, 33.0, 33.0, 33.0, 33.0, 33.0, 33.0, 33.0, 33.0, 33.0, 33.0, 33.0, 33.0, 33.0, 33.0, 33.0, 33.0, 33.0, 33.0, 33.0, 33.0, 33.0, 33.0, 33.0, 33.0, 33.0, 33.0, 33.0, 33.0, 33.0, 33.0, 33.0, 33.0, 33.0, 33.0, 33.0, 33.0, 33.0, 33.0, 33.0, 33.0, 33.0, 33.0, 33.0, 33.0, 33.0, 33.0, 33.0, 33.0, 33.0, 33.0, 33.0, 33.0, 33.0, 33.0, 33.0, 33.0, 33.0, 33.0, 33.0, 33.0, 33.0, 33.0, 33.0, 33.0, 33.0, 33.0, 33.0, 33.0, 33.0, 33.0, 33.0, 33.0, 33.0, 33.0, 33.0, 33.0, 33.0, 33.0, 33.0, 33.0, 33.0, 33.0, 33.0, 33.0, 33.0, 33.0, 33.0, 33.0, 33.0, 33.0, 33.0, 33.0, 33.0, 33.0, 33.0, 33.0, 33.0, 33.0, 33.0, 33.0, 33.0, 33.0, 33.0, 33.0, 33.0, 33.0, 33.0, 33.0, 33.0, 33.0, 33.0, 33.0, 33.0, 33.0, 33.0, 33.0, 33.0, 33.0, 33.0, 33.0, 33.0, 33.0, 33.0, 33.0, 33.0, 33.0, 33.0, 33.0, 33.0, 33.0, 33.0, 33.0, 33.0, 33.0, 33.0, 33.0, 33.0, 33.0, 33.0, 33.0, 33.0, 33.0, 33.0, 33.0, 33.0, 33.0, 33.0, 33.0, 33.0, 33.0, 33.0, 33.0, 33.0, 33.0, 33.0, 33.0, 33.0, 33.0, 33.0, 33.0, 33.0, 33.0, 33.0, 33.0, 33.0, 33.0, 33.0, 33.0, 33.0, 33.0, 33.0, 33.0, 33.0, 33.0, 33.0, 33.0, 33.0, 33.0, 33.0, 33.0, 33.0, 33.0, 33.0]",COMPLETE
