,number,value,datetime_start,datetime_complete,duration,params_batch_size_scaler,params_constant_learning_rate,params_depth,params_epochs,params_kernel_l2,params_num_trees,params_temperature,user_attrs_accuracy_test,user_attrs_accuracy_valid,user_attrs_approximate_feature_sparsity,user_attrs_approximate_feature_sparsity_history,user_attrs_approximate_weight_sparsity,user_attrs_approximate_weight_sparsity_history,user_attrs_auc_test,user_attrs_auc_valid,user_attrs_feature_sparsity,user_attrs_feature_sparsity_history,user_attrs_num_epochs,user_attrs_val_loss_history,user_attrs_weight_sparsity,user_attrs_weight_sparsity_history,state
45,45,0.9124190078705671,2024-08-31 02:41:23.113746,2024-08-31 02:44:17.052366,0 days 00:02:53.938620,64,1.3594629506819402,6,205,0.005617615891368802,74,0.00033135269893738495,0.915,0.9175,33,"[33, 33, 33, 33, 33, 33, 33, 33, 33, 33, 33, 33, 33, 33, 33, 33, 33, 33, 33, 33, 33, 33, 33, 33, 33, 33, 33, 33, 33, 33, 33, 33, 33, 33, 33, 33, 33, 33, 33, 33, 33, 33, 33, 33, 33, 33, 33, 33, 33, 33, 33, 33, 33, 33, 33, 33, 33, 33, 33, 33, 33, 33, 33, 33, 33, 33, 33, 33, 33, 33, 33, 33, 33, 33, 33, 33, 33, 33, 33, 33, 33, 33, 33, 33, 33, 33, 33, 33, 33, 33, 33, 33, 33, 33, 33, 33, 33, 33, 33, 33, 33, 33, 33, 33, 33, 33, 33, 33, 33, 33, 33, 33, 33, 33, 33, 33, 33, 33, 33, 33, 33, 33, 33, 33, 33, 33, 33, 33, 33, 33, 33, 33, 33, 33, 33, 33, 33, 33, 33, 33, 33, 33, 33, 33, 33, 33, 33, 33, 33, 33, 33, 33, 33, 33, 33, 33, 33, 33, 33, 33, 33, 33, 33, 33, 33, 33, 33, 33, 33, 33, 33, 33, 33, 33, 33, 33, 33, 33, 33, 33, 33, 33, 33, 33, 33, 33, 33, 33, 33, 33, 33, 33, 33, 33, 33, 33, 33, 33, 33, 33, 33, 33, 33, 33, 33]",32.91591591591592,"[32.91484341484342, 32.908408408408405, 32.90819390819391, 32.90669240669241, 32.9039039039039, 32.9060489060489, 32.90883740883741, 32.9071214071214, 32.90604890604891, 32.906263406263406, 32.9054054054054, 32.9026169026169, 32.907335907335906, 32.90690690690691, 32.91098241098241, 32.90755040755041, 32.90862290862291, 32.90669240669241, 32.907335907335906, 32.906906906906904, 32.9034749034749, 32.905190905190906, 32.90862290862291, 32.906263406263406, 32.907335907335906, 32.9028314028314, 32.9066924066924, 32.905190905190906, 32.90755040755041, 32.9039039039039, 32.90776490776491, 32.91291291291291, 32.90776490776491, 32.9039039039039, 32.90669240669241, 32.9064779064779, 32.90883740883741, 32.9064779064779, 32.908408408408405, 32.904761904761905, 32.90712140712141, 32.905834405834405, 32.90647790647791, 32.90733590733591, 32.90819390819391, 32.91119691119691, 32.90776490776491, 32.913556413556414, 32.90819390819391, 32.90604890604891, 32.903689403689405, 32.904761904761905, 32.90755040755041, 32.90969540969541, 32.90561990561991, 32.9054054054054, 32.90905190905191, 32.91055341055341, 32.91162591162591, 32.91162591162591, 32.915486915486916, 32.915486915486916, 32.910338910338915, 32.911411411411414, 32.91184041184041, 32.912483912483914, 32.91269841269841, 32.916130416130414, 32.910338910338915, 32.91055341055341, 32.91312741312741, 32.914414414414416, 32.9039039039039, 32.9051909051909, 32.90819390819391, 32.91205491205491, 32.909909909909906, 32.916559416559416, 32.91419991419992, 32.905190905190906, 32.90797940797941, 32.91162591162591, 32.90776490776491, 32.909480909480905, 32.91226941226941, 32.915057915057915, 32.91570141570142, 32.91741741741742, 32.91698841698842, 32.91205491205491, 32.90669240669241, 32.907335907335906, 32.906263406263406, 32.9054054054054, 32.90905190905191, 32.91076791076791, 32.91269841269841, 32.913985413985415, 32.91784641784641, 32.911840411840416, 32.91119691119691, 32.91591591591592, 32.91591591591592, 32.91377091377092, 32.91591591591592, 32.91591591591592, 32.91999141999142, 32.91591591591592, 32.915486915486916, 32.91698841698842, 32.912483912483914, 32.917631917631915, 32.91570141570142, 32.90776490776491, 32.91076791076791, 32.91033891033891, 32.90990990990991, 32.90647790647791, 32.91377091377091, 32.90712140712141, 32.91012441012441, 32.909909909909906, 32.909909909909906, 32.912912912912915, 32.912912912912915, 32.91784641784642, 32.91334191334192, 32.91613041613042, 32.912912912912915, 32.909909909909906, 32.90797940797941, 32.9060489060489, 32.9064779064779, 32.91205491205491, 32.913985413985415, 32.90926640926641, 32.913556413556414, 32.90540540540541, 32.90948090948091, 32.91269841269841, 32.91098241098241, 32.91098241098241, 32.913985413985415, 32.91312741312741, 32.91119691119691, 32.91269841269841, 32.91312741312741, 32.912912912912915, 32.90819390819391, 32.909480909480905, 32.91012441012441, 32.91012441012441, 32.91184041184041, 32.911411411411414, 32.91012441012441, 32.907979407979404, 32.907335907335906, 32.9064779064779, 32.9030459030459, 32.90604890604891, 32.91076791076791, 32.91076791076791, 32.91334191334192, 32.90948090948091, 32.91012441012441, 32.907335907335906, 32.90797940797941, 32.90905190905191, 32.90883740883741, 32.91226941226941, 32.91312741312741, 32.91291291291291, 32.913556413556414, 32.913556413556414, 32.91763191763192, 32.921707421707424, 32.921278421278416, 32.92042042042041, 32.92084942084942, 32.92170742170742, 32.91934791934792, 32.91784641784641, 32.91956241956242, 32.91634491634491, 32.91377091377091, 32.912483912483914, 32.91741741741742, 32.91462891462891, 32.91269841269841, 32.91462891462891, 32.91591591591592, 32.91484341484342, 32.91334191334191, 32.91334191334191, 32.91226941226941, 32.92106392106392, 32.911411411411414, 32.91527241527242, 32.91806091806092, 32.91269841269841, 32.91698841698842, 32.921063921063926, 32.91956241956242, 32.91698841698842, 32.91591591591592]",0.8924198515509539,0.9124190078705671,33,"[33, 33, 33, 33, 33, 33, 33, 33, 33, 33, 33, 33, 33, 33, 33, 33, 33, 33, 33, 33, 33, 33, 33, 33, 33, 33, 33, 33, 33, 33, 33, 33, 33, 33, 33, 33, 33, 33, 33, 33, 33, 33, 33, 33, 33, 33, 33, 33, 33, 33, 33, 33, 33, 33, 33, 33, 33, 33, 33, 33, 33, 33, 33, 33, 33, 33, 33, 33, 33, 33, 33, 33, 33, 33, 33, 33, 33, 33, 33, 33, 33, 33, 33, 33, 33, 33, 33, 33, 33, 33, 33, 33, 33, 33, 33, 33, 33, 33, 33, 33, 33, 33, 33, 33, 33, 33, 33, 33, 33, 33, 33, 33, 33, 33, 33, 33, 33, 33, 33, 33, 33, 33, 33, 33, 33, 33, 33, 33, 33, 33, 33, 33, 33, 33, 33, 33, 33, 33, 33, 33, 33, 33, 33, 33, 33, 33, 33, 33, 33, 33, 33, 33, 33, 33, 33, 33, 33, 33, 33, 33, 33, 33, 33, 33, 33, 33, 33, 33, 33, 33, 33, 33, 33, 33, 33, 33, 33, 33, 33, 33, 33, 33, 33, 33, 33, 33, 33, 33, 33, 33, 33, 33, 33, 33, 33, 33, 33, 33, 33, 33, 33, 33, 33, 33, 33]",205,"[0.3987255394458771, 0.3942398428916931, 0.3887539803981781, 0.38572338223457336, 0.3840521574020386, 0.38012635707855225, 0.3789505660533905, 0.37588733434677124, 0.3747110664844513, 0.3735785186290741, 0.37214526534080505, 0.37137967348098755, 0.369669646024704, 0.3690703213214874, 0.36769330501556396, 0.3678794205188751, 0.364478200674057, 0.3637593984603882, 0.3630421459674835, 0.3622807264328003, 0.36113250255584717, 0.3607635498046875, 0.36264410614967346, 0.3600623607635498, 0.3601774275302887, 0.3571998178958893, 0.35786116123199463, 0.3558753728866577, 0.3545057773590088, 0.3536416292190552, 0.3534899950027466, 0.3532983660697937, 0.3518074154853821, 0.3523484170436859, 0.3520899713039398, 0.35007336735725403, 0.3489851653575897, 0.3490312695503235, 0.3487442135810852, 0.3475275933742523, 0.34679847955703735, 0.3537251353263855, 0.3447999060153961, 0.34477952122688293, 0.34428921341896057, 0.3444468379020691, 0.3432082235813141, 0.342460036277771, 0.3417634665966034, 0.3407153785228729, 0.3396679162979126, 0.33910414576530457, 0.33851632475852966, 0.33802416920661926, 0.33752137422561646, 0.33747056126594543, 0.33559730648994446, 0.33576977252960205, 0.3332427144050598, 0.3328019976615906, 0.33232948184013367, 0.3316577672958374, 0.3319549858570099, 0.3306567668914795, 0.32773101329803467, 0.3269692361354828, 0.3264907896518707, 0.3267590403556824, 0.32501453161239624, 0.3244744837284088, 0.3232566714286804, 0.32242417335510254, 0.3215581476688385, 0.3219324052333832, 0.32139378786087036, 0.3184411823749542, 0.3178618252277374, 0.31812286376953125, 0.31762272119522095, 0.3149397671222687, 0.3138696253299713, 0.3131377398967743, 0.3117158114910126, 0.31237995624542236, 0.31016823649406433, 0.3080174922943115, 0.30727022886276245, 0.30754369497299194, 0.305078387260437, 0.3040080964565277, 0.304233580827713, 0.30213624238967896, 0.30120524764060974, 0.29937171936035156, 0.2983536422252655, 0.29781970381736755, 0.2984577715396881, 0.29518628120422363, 0.2950518727302551, 0.2932865023612976, 0.29332390427589417, 0.29027867317199707, 0.2896779477596283, 0.28970006108283997, 0.2871641218662262, 0.2867412865161896, 0.28664708137512207, 0.28538042306900024, 0.28472012281417847, 0.2821900248527527, 0.2853943109512329, 0.2806651294231415, 0.2779349684715271, 0.27709829807281494, 0.2755855321884155, 0.27523180842399597, 0.27287599444389343, 0.27262216806411743, 0.2715299725532532, 0.2702201008796692, 0.2699565589427948, 0.2686147093772888, 0.26800277829170227, 0.2674153745174408, 0.26706984639167786, 0.2648557722568512, 0.2643766701221466, 0.2643338441848755, 0.2628925144672394, 0.2632279396057129, 0.26244160532951355, 0.26257604360580444, 0.25976839661598206, 0.2590012550354004, 0.2581421136856079, 0.2568627595901489, 0.2571415901184082, 0.2562951445579529, 0.25592267513275146, 0.255373477935791, 0.2553068697452545, 0.25438180565834045, 0.2530737817287445, 0.2546846270561218, 0.2587060332298279, 0.2521710991859436, 0.25156453251838684, 0.2510242462158203, 0.24958133697509766, 0.24972876906394958, 0.2496008723974228, 0.2487831860780716, 0.2475481927394867, 0.246445432305336, 0.2460196614265442, 0.24491167068481445, 0.2472791075706482, 0.24453257024288177, 0.24396982789039612, 0.2432873696088791, 0.24378737807273865, 0.24239830672740936, 0.2417832314968109, 0.24339085817337036, 0.24143800139427185, 0.24031859636306763, 0.2398916631937027, 0.23936566710472107, 0.23982468247413635, 0.23935067653656006, 0.23821257054805756, 0.2376091033220291, 0.23820678889751434, 0.23720817267894745, 0.23689213395118713, 0.23618508875370026, 0.23553547263145447, 0.2354743629693985, 0.23427875339984894, 0.23403407633304596, 0.23292730748653412, 0.23279216885566711, 0.2334885150194168, 0.23161187767982483, 0.2343928962945938, 0.2334454357624054, 0.23358172178268433, 0.23129481077194214, 0.23182161152362823, 0.23148459196090698, 0.23021772503852844, 0.23198768496513367, 0.22994747757911682, 0.22806042432785034, 0.22928127646446228, 0.22722890973091125, 0.22876626253128052, 0.2276110053062439, 0.22989360988140106, 0.22838544845581055, 0.22739745676517487, 0.22627177834510803, 0.22828029096126556, 0.22474437952041626, 0.22637559473514557]",33.0,"[33.0, 33.0, 33.0, 33.0, 33.0, 33.0, 33.0, 33.0, 33.0, 33.0, 33.0, 33.0, 33.0, 33.0, 33.0, 33.0, 33.0, 33.0, 33.0, 33.0, 33.0, 33.0, 33.0, 33.0, 33.0, 33.0, 33.0, 33.0, 33.0, 33.0, 33.0, 33.0, 33.0, 33.0, 33.0, 33.0, 33.0, 33.0, 33.0, 33.0, 33.0, 33.0, 33.0, 33.0, 33.0, 33.0, 33.0, 33.0, 33.0, 33.0, 33.0, 33.0, 33.0, 33.0, 33.0, 33.0, 33.0, 33.0, 33.0, 33.0, 33.0, 33.0, 33.0, 33.0, 33.0, 33.0, 33.0, 33.0, 33.0, 33.0, 33.0, 33.0, 33.0, 33.0, 33.0, 33.0, 33.0, 33.0, 33.0, 33.0, 33.0, 33.0, 33.0, 33.0, 33.0, 33.0, 33.0, 33.0, 33.0, 33.0, 33.0, 33.0, 33.0, 33.0, 33.0, 33.0, 33.0, 33.0, 33.0, 33.0, 33.0, 33.0, 33.0, 33.0, 33.0, 33.0, 33.0, 33.0, 33.0, 33.0, 33.0, 33.0, 33.0, 33.0, 33.0, 33.0, 33.0, 33.0, 33.0, 33.0, 33.0, 33.0, 33.0, 33.0, 33.0, 33.0, 33.0, 33.0, 33.0, 33.0, 33.0, 33.0, 33.0, 33.0, 33.0, 33.0, 33.0, 33.0, 33.0, 33.0, 33.0, 33.0, 33.0, 33.0, 33.0, 33.0, 33.0, 33.0, 33.0, 33.0, 33.0, 33.0, 33.0, 33.0, 33.0, 33.0, 33.0, 33.0, 33.0, 33.0, 33.0, 33.0, 33.0, 33.0, 33.0, 33.0, 33.0, 33.0, 33.0, 33.0, 33.0, 33.0, 33.0, 33.0, 33.0, 33.0, 33.0, 33.0, 33.0, 33.0, 33.0, 33.0, 33.0, 33.0, 33.0, 33.0, 33.0, 33.0, 33.0, 33.0, 33.0, 33.0, 33.0, 33.0, 33.0, 33.0, 33.0, 33.0, 33.0, 33.0, 33.0, 33.0, 33.0, 33.0, 33.0]",COMPLETE
46,46,0.8786374000077288,2024-08-31 02:44:19.144515,2024-08-31 02:46:59.336692,0 days 00:02:40.192177,4,2.865942916350996,6,135,0.0398988184578188,32,0.0008778110299060924,0.908,0.90375,6,"[33, 33, 19, 14, 13, 9, 8, 7, 7, 7, 7, 7, 6, 6, 6, 6, 6, 6, 6, 6, 6, 6, 6, 6, 6, 6, 6, 6, 6, 6, 6, 6, 6, 6, 6, 6, 6, 6, 6, 6, 6, 6, 6, 6, 6, 6, 6, 6, 6, 6, 6, 6, 6, 6, 6, 6, 6, 6, 6, 6, 6, 6, 6, 6, 6, 6, 6, 6, 6, 6, 6, 6, 6, 6, 6, 6, 6, 6, 6, 6, 6, 6, 6, 6, 6, 6, 6, 6, 6, 6, 6, 6, 6, 6, 6, 6, 6, 6, 6, 6, 6, 6, 6, 6, 6, 6, 6, 6, 6, 6, 6, 6, 6, 6, 6, 6, 6, 6, 6, 6, 6, 6, 6, 6, 6, 6, 6, 6, 6, 6, 6, 6, 6, 6, 6]",5.982142857142857,"[32.93353174603175, 32.93700396825397, 18.970238095238095, 13.973214285714288, 12.971230158730158, 8.983134920634921, 7.981646825396826, 6.992559523809524, 6.991071428571429, 6.991071428571429, 6.990079365079365, 6.990575396825397, 5.989583333333333, 5.992063492063492, 5.994047619047619, 5.993551587301587, 5.990079365079366, 5.993055555555555, 5.990575396825397, 5.992063492063492, 5.988591269841271, 5.991071428571429, 5.992063492063492, 5.9915674603174605, 5.990079365079366, 5.990079365079365, 5.988095238095239, 5.9915674603174605, 5.989583333333334, 5.990079365079366, 5.98859126984127, 5.9875992063492065, 5.990575396825397, 5.990575396825397, 5.988095238095238, 5.9875992063492065, 5.9875992063492065, 5.989087301587301, 5.990079365079366, 5.990575396825397, 5.9915674603174605, 5.989087301587301, 5.992063492063492, 5.994047619047619, 5.990575396825397, 5.990575396825397, 5.994047619047619, 5.990575396825397, 5.993551587301587, 5.992063492063492, 5.988095238095238, 5.992559523809524, 5.991071428571429, 5.991071428571429, 5.992063492063492, 5.98859126984127, 5.986607142857142, 5.988095238095238, 5.990575396825397, 5.987103174603175, 5.989583333333333, 5.986111111111111, 5.991071428571429, 5.988095238095238, 5.989583333333334, 5.990575396825397, 5.988095238095238, 5.989583333333334, 5.988095238095238, 5.990575396825397, 5.990575396825397, 5.98859126984127, 5.990575396825397, 5.9875992063492065, 5.990575396825396, 5.990079365079365, 5.9915674603174605, 5.992559523809524, 5.991071428571429, 5.987103174603175, 5.990079365079366, 5.992063492063492, 5.990575396825397, 5.9875992063492065, 5.984126984126984, 5.986607142857142, 5.987103174603174, 5.9875992063492065, 5.986111111111112, 5.9836309523809526, 5.990079365079366, 5.9851190476190474, 5.989087301587301, 5.985615079365079, 5.985615079365079, 5.988095238095238, 5.984623015873016, 5.9836309523809526, 5.984623015873016, 5.985615079365079, 5.98859126984127, 5.9851190476190474, 5.98561507936508, 5.9836309523809526, 5.9851190476190474, 5.982638888888889, 5.9851190476190474, 5.988095238095238, 5.986111111111111, 5.985615079365079, 5.988095238095238, 5.9851190476190474, 5.986607142857142, 5.9915674603174605, 5.986111111111111, 5.988095238095238, 5.986607142857143, 5.98859126984127, 5.987103174603175, 5.989583333333334, 5.985615079365079, 5.989583333333334, 5.986111111111111, 5.98859126984127, 5.984623015873016, 5.986111111111111, 5.986607142857143, 5.986607142857143, 5.9836309523809526, 5.9851190476190474, 5.985615079365079, 5.983134920634921, 5.986607142857143, 5.9836309523809526, 5.982142857142857]",0.8732816486265573,0.8786374000077288,6,"[33, 33, 19, 14, 13, 9, 8, 7, 7, 7, 7, 7, 6, 6, 6, 6, 6, 6, 6, 6, 6, 6, 6, 6, 6, 6, 6, 6, 6, 6, 6, 6, 6, 6, 6, 6, 6, 6, 6, 6, 6, 6, 6, 6, 6, 6, 6, 6, 6, 6, 6, 6, 6, 6, 6, 6, 6, 6, 6, 6, 6, 6, 6, 6, 6, 6, 6, 6, 6, 6, 6, 6, 6, 6, 6, 6, 6, 6, 6, 6, 6, 6, 6, 6, 6, 6, 6, 6, 6, 6, 6, 6, 6, 6, 6, 6, 6, 6, 6, 6, 6, 6, 6, 6, 6, 6, 6, 6, 6, 6, 6, 6, 6, 6, 6, 6, 6, 6, 6, 6, 6, 6, 6, 6, 6, 6, 6, 6, 6, 6, 6, 6, 6, 6, 6]",135,"[0.3598802983760834, 0.3320431113243103, 0.29694029688835144, 0.27456972002983093, 0.2623389959335327, 0.28807196021080017, 0.2871463894844055, 0.2841678857803345, 0.2792325019836426, 0.27374574542045593, 0.27177736163139343, 0.2682243287563324, 0.2659294605255127, 0.27422580122947693, 0.26357677578926086, 0.27175480127334595, 0.264189749956131, 0.26088857650756836, 0.26166701316833496, 0.2635554373264313, 0.25922879576683044, 0.26352939009666443, 0.25871652364730835, 0.2598153352737427, 0.26090139150619507, 0.2592908442020416, 0.26845604181289673, 0.25909659266471863, 0.25955572724342346, 0.26042068004608154, 0.2582671642303467, 0.257966548204422, 0.25668951869010925, 0.2562403678894043, 0.2638428509235382, 0.2598970830440521, 0.25846147537231445, 0.2555589973926544, 0.2607135772705078, 0.25490444898605347, 0.25819864869117737, 0.2567322254180908, 0.25954532623291016, 0.2583545744419098, 0.2605200707912445, 0.2584694027900696, 0.2556498646736145, 0.259095162153244, 0.2570514678955078, 0.25419729948043823, 0.25734013319015503, 0.25594815611839294, 0.2546537220478058, 0.2546888291835785, 0.267331600189209, 0.25500166416168213, 0.2680569589138031, 0.2548288404941559, 0.2642711400985718, 0.2683463394641876, 0.25366708636283875, 0.25521254539489746, 0.2538442611694336, 0.2551060616970062, 0.2561247646808624, 0.25333964824676514, 0.25663700699806213, 0.2559513449668884, 0.25607752799987793, 0.2540722191333771, 0.2615569233894348, 0.267909437417984, 0.2555899918079376, 0.2581765353679657, 0.2557329535484314, 0.2540627419948578, 0.2549455463886261, 0.25586751103401184, 0.2671305537223816, 0.2627618610858917, 0.25622692704200745, 0.26020902395248413, 0.25756216049194336, 0.2559707760810852, 0.25405606627464294, 0.2566620707511902, 0.25465041399002075, 0.257283478975296, 0.268975168466568, 0.2606166899204254, 0.254434198141098, 0.25399380922317505, 0.2542077898979187, 0.25568896532058716, 0.26664790511131287, 0.25563114881515503, 0.2578170895576477, 0.2549979090690613, 0.25442075729370117, 0.2541024684906006, 0.255303293466568, 0.2544718384742737, 0.2558998763561249, 0.26527899503707886, 0.26399052143096924, 0.25796234607696533, 0.2561609447002411, 0.2564929723739624, 0.2554251253604889, 0.25470539927482605, 0.25311097502708435, 0.2583858370780945, 0.25434157252311707, 0.25510871410369873, 0.2556307911872864, 0.2578655183315277, 0.2620850205421448, 0.2533712089061737, 0.26439163088798523, 0.25714147090911865, 0.25687676668167114, 0.25837385654449463, 0.2570199966430664, 0.25507262349128723, 0.2588638663291931, 0.25438329577445984, 0.25874388217926025, 0.2549101412296295, 0.2579618990421295, 0.253666490316391, 0.2565421164035797, 0.2537514567375183, 0.2571742534637451, 0.2559741735458374, 0.2543223202228546]",6.0,"[33.0, 33.0, 19.0, 14.0, 13.0, 9.0, 8.0, 7.0, 7.0, 7.0, 7.0, 7.0, 6.0, 6.0, 6.0, 6.0, 6.0, 6.0, 6.0, 6.0, 6.0, 6.0, 6.0, 6.0, 6.0, 6.0, 6.0, 6.0, 6.0, 6.0, 6.0, 6.0, 6.0, 6.0, 6.0, 6.0, 6.0, 6.0, 6.0, 6.0, 6.0, 6.0, 6.0, 6.0, 6.0, 6.0, 6.0, 6.0, 6.0, 6.0, 6.0, 6.0, 6.0, 6.0, 6.0, 6.0, 6.0, 6.0, 6.0, 6.0, 6.0, 6.0, 6.0, 6.0, 6.0, 6.0, 6.0, 6.0, 6.0, 6.0, 6.0, 6.0, 6.0, 6.0, 6.0, 6.0, 6.0, 6.0, 6.0, 6.0, 6.0, 6.0, 6.0, 6.0, 6.0, 6.0, 6.0, 6.0, 6.0, 6.0, 6.0, 6.0, 6.0, 6.0, 6.0, 6.0, 6.0, 6.0, 6.0, 6.0, 6.0, 6.0, 6.0, 6.0, 6.0, 6.0, 6.0, 6.0, 6.0, 6.0, 6.0, 6.0, 6.0, 6.0, 6.0, 6.0, 6.0, 6.0, 6.0, 6.0, 6.0, 6.0, 6.0, 6.0, 6.0, 6.0, 6.0, 6.0, 6.0, 6.0, 6.0, 6.0, 6.0, 6.0, 6.0]",COMPLETE
