,number,value,datetime_start,datetime_complete,duration,params_batch_size_scaler,params_constant_learning_rate,params_depth,params_epochs,params_kernel_l2,params_num_trees,params_temperature,user_attrs_accuracy_test,user_attrs_accuracy_valid,user_attrs_approximate_feature_sparsity,user_attrs_approximate_feature_sparsity_history,user_attrs_approximate_weight_sparsity,user_attrs_approximate_weight_sparsity_history,user_attrs_auc_test,user_attrs_auc_valid,user_attrs_feature_sparsity,user_attrs_feature_sparsity_history,user_attrs_num_epochs,user_attrs_val_loss_history,user_attrs_weight_sparsity,user_attrs_weight_sparsity_history,state
68,68,0.7556774999677964,2024-08-31 03:47:55.033556,2024-08-31 03:50:33.439446,0 days 00:02:38.405890,64,0.13323791582275385,5,310,0.016054536501897223,78,0.012357313303766547,0.88,0.875,33,"[33, 33, 33, 33, 33, 33, 33, 33, 33, 33, 33, 33, 33, 33, 33, 33, 33, 33, 33, 33, 33, 33, 33, 33, 33, 33, 33, 33, 33, 33, 33, 33, 33, 33, 33, 33, 33, 33, 33, 33, 33, 33, 33, 33, 33, 33, 33, 33, 33, 33, 33, 33, 33, 33, 33, 33, 33, 33, 33, 33, 33, 33, 33, 33, 33, 33, 33, 33, 33, 33, 33, 33, 33, 33, 33, 33, 33, 33, 33, 33, 33, 33, 33, 33, 33, 33, 33, 33, 33, 33, 33, 33, 33, 33, 33, 33, 33, 33, 33, 33, 33, 33, 33, 33, 33, 33, 33, 33, 33, 33, 33, 33, 33, 33, 33, 33, 33, 33, 33, 33, 33, 33, 33, 33, 33, 33, 33, 33, 33, 33, 33, 33, 33, 33, 33, 33, 33, 33, 33, 33, 33, 33, 33, 33, 33, 33, 33, 33, 33, 33, 33, 33, 33, 33, 33, 33, 33, 33, 33, 33, 33, 33, 33, 33, 33, 33, 33, 33, 33, 33, 33, 33, 33, 33, 33, 33, 33, 33, 33, 33, 33, 33, 33, 33, 33, 33, 33, 33, 33, 33, 33, 33, 33, 33, 33, 33, 33, 33, 33, 33, 33, 33, 33, 33, 33, 33, 33, 33, 33, 33, 33, 33, 33, 33, 33, 33, 33, 33, 33, 33, 33, 33, 33, 33, 33, 33, 33, 33, 33, 33, 33, 33, 33, 33, 33, 33, 33, 33, 33, 33, 33, 33, 33, 33, 33, 33, 33, 33, 33, 33, 33, 33, 33, 33, 33, 33, 33, 33, 33, 33, 33, 33, 33, 33, 33, 33, 33, 33, 33, 33, 33, 33, 33, 33, 33, 33, 33, 33, 33, 33, 33, 33, 33, 33, 33, 33, 33, 33, 33, 33, 33, 33, 33, 33, 33, 33, 33, 33, 33, 33, 33, 33, 33, 33, 33, 33, 33, 33, 33, 33]",32.92928039702233,"[32.92390405293631, 32.92845326716294, 32.92803970223325, 32.9251447477254, 32.92886683209264, 32.9313482216708, 32.9313482216708, 32.935483870967744, 32.943755169561626, 32.936724565756826, 32.939619520264685, 32.9383788254756, 32.9317617866005, 32.93217535153019, 32.93507030603805, 32.93507030603805, 32.93010752688172, 32.92928039702233, 32.932588916459885, 32.93382961124897, 32.929693961952026, 32.930521091811414, 32.9317617866005, 32.9313482216708, 32.9317617866005, 32.93507030603805, 32.930521091811414, 32.9317617866005, 32.935483870967744, 32.93382961124897, 32.93217535153019, 32.93341604631927, 32.936724565756826, 32.93424317617866, 32.937551695616214, 32.93341604631927, 32.92845326716294, 32.929693961952026, 32.93300248138958, 32.936724565756826, 32.93507030603805, 32.92886683209264, 32.92886683209264, 32.930521091811414, 32.93217535153019, 32.92928039702233, 32.93341604631927, 32.929693961952026, 32.92928039702233, 32.92597187758478, 32.929693961952026, 32.93382961124897, 32.94086021505376, 32.937551695616214, 32.93631100082713, 32.93961952026468, 32.9379652605459, 32.93465674110835, 32.93093465674111, 32.930521091811414, 32.92803970223325, 32.92928039702233, 32.930521091811414, 32.936724565756826, 32.93341604631927, 32.9313482216708, 32.92803970223325, 32.92803970223325, 32.9317617866005, 32.9313482216708, 32.9313482216708, 32.930521091811414, 32.929693961952026, 32.92803970223325, 32.932588916459885, 32.929693961952026, 32.929693961952026, 32.93093465674111, 32.93217535153019, 32.929693961952026, 32.929693961952026, 32.92845326716294, 32.929693961952026, 32.927626137303555, 32.93300248138958, 32.93424317617866, 32.93300248138958, 32.93300248138958, 32.93341604631927, 32.93217535153019, 32.930521091811414, 32.9317617866005, 32.9317617866005, 32.93217535153019, 32.92845326716294, 32.92390405293631, 32.92431761786601, 32.92431761786601, 32.92886683209264, 32.931761786600504, 32.93507030603805, 32.93424317617866, 32.932588916459885, 32.9317617866005, 32.929693961952026, 32.934656741108356, 32.93424317617866, 32.94003308519438, 32.93507030603805, 32.93300248138958, 32.93217535153019, 32.93424317617866, 32.93424317617866, 32.93217535153019, 32.935483870967744, 32.9317617866005, 32.930521091811414, 32.932588916459885, 32.93300248138958, 32.932588916459885, 32.93093465674111, 32.930521091811414, 32.93300248138958, 32.93382961124897, 32.9313482216708, 32.935483870967744, 32.930521091811414, 32.93093465674111, 32.929693961952026, 32.93010752688172, 32.93300248138958, 32.9317617866005, 32.9317617866005, 32.93631100082713, 32.93424317617866, 32.93341604631927, 32.93382961124897, 32.9317617866005, 32.929693961952026, 32.930521091811414, 32.929693961952026, 32.925558312655085, 32.92514474772539, 32.92845326716294, 32.93424317617866, 32.9317617866005, 32.9313482216708, 32.9313482216708, 32.93341604631927, 32.932588916459885, 32.929693961952026, 32.92928039702233, 32.9313482216708, 32.9317617866005, 32.93382961124897, 32.93382961124897, 32.93217535153019, 32.93093465674111, 32.935483870967744, 32.935483870967744, 32.93300248138958, 32.9317617866005, 32.9317617866005, 32.934656741108356, 32.93382961124897, 32.9317617866005, 32.93300248138958, 32.932588916459885, 32.934656741108356, 32.9317617866005, 32.9313482216708, 32.93341604631927, 32.93341604631927, 32.93217535153019, 32.929693961952026, 32.930521091811414, 32.9313482216708, 32.92886683209264, 32.92928039702233, 32.93217535153019, 32.93300248138958, 32.9317617866005, 32.92886683209264, 32.92679900744417, 32.92679900744417, 32.92845326716294, 32.93382961124897, 32.935483870967744, 32.93300248138958, 32.9317617866005, 32.930521091811414, 32.932588916459885, 32.92928039702233, 32.927626137303555, 32.92803970223325, 32.927626137303555, 32.93010752688172, 32.9313482216708, 32.932588916459885, 32.9313482216708, 32.93631100082713, 32.93507030603805, 32.934656741108356, 32.934656741108356, 32.93424317617866, 32.93424317617866, 32.932588916459885, 32.934656741108356, 32.93631100082713, 32.93300248138958, 32.92597187758478, 32.92762613730356, 32.93382961124897, 32.930521091811414, 32.9317617866005, 32.930521091811414, 32.93093465674111, 32.93341604631927, 32.932588916459885, 32.93093465674111, 32.93010752688172, 32.93010752688172, 32.93217535153019, 32.93093465674111, 32.932588916459885, 32.92928039702233, 32.929693961952026, 32.92845326716294, 32.927626137303555, 32.92803970223325, 32.92597187758478, 32.92638544251447, 32.92514474772539, 32.92638544251447, 32.92886683209264, 32.929693961952026, 32.923904052936315, 32.92721257237386, 32.92679900744417, 32.924317617866, 32.927626137303555, 32.92803970223325, 32.9313482216708, 32.934656741108356, 32.93341604631927, 32.93424317617866, 32.93217535153019, 32.92845326716294, 32.92928039702233, 32.92803970223325, 32.92721257237386, 32.927626137303555, 32.925558312655085, 32.92307692307693, 32.924317617866, 32.924317617866, 32.924731182795696, 32.924731182795696, 32.92349048800662, 32.92307692307693, 32.92059553349876, 32.92307692307692, 32.92555831265509, 32.92886683209264, 32.92679900744417, 32.9313482216708, 32.92845326716294, 32.93093465674111, 32.93093465674111, 32.932588916459885, 32.93300248138958, 32.932588916459885, 32.93217535153019, 32.93093465674111, 32.92928039702233, 32.92886683209264, 32.93010752688172, 32.930521091811414, 32.927626137303555, 32.92721257237386, 32.92597187758478, 32.929693961952026, 32.92845326716294, 32.92679900744417, 32.92431761786601, 32.92638544251447, 32.92638544251448, 32.923904052936315, 32.92431761786601, 32.930521091811414, 32.92803970223325, 32.92431761786601, 32.92431761786601, 32.92266335814723, 32.92059553349876, 32.92307692307693, 32.92142266335815, 32.918941273779986, 32.921836228287845, 32.923904052936315, 32.92390405293631, 32.92059553349876, 32.92886683209264, 32.9251447477254, 32.927626137303555, 32.92803970223325, 32.92721257237386, 32.92431761786601, 32.92638544251447, 32.92928039702233]",0.78756429627061,0.7556774999677964,33,"[33, 33, 33, 33, 33, 33, 33, 33, 33, 33, 33, 33, 33, 33, 33, 33, 33, 33, 33, 33, 33, 33, 33, 33, 33, 33, 33, 33, 33, 33, 33, 33, 33, 33, 33, 33, 33, 33, 33, 33, 33, 33, 33, 33, 33, 33, 33, 33, 33, 33, 33, 33, 33, 33, 33, 33, 33, 33, 33, 33, 33, 33, 33, 33, 33, 33, 33, 33, 33, 33, 33, 33, 33, 33, 33, 33, 33, 33, 33, 33, 33, 33, 33, 33, 33, 33, 33, 33, 33, 33, 33, 33, 33, 33, 33, 33, 33, 33, 33, 33, 33, 33, 33, 33, 33, 33, 33, 33, 33, 33, 33, 33, 33, 33, 33, 33, 33, 33, 33, 33, 33, 33, 33, 33, 33, 33, 33, 33, 33, 33, 33, 33, 33, 33, 33, 33, 33, 33, 33, 33, 33, 33, 33, 33, 33, 33, 33, 33, 33, 33, 33, 33, 33, 33, 33, 33, 33, 33, 33, 33, 33, 33, 33, 33, 33, 33, 33, 33, 33, 33, 33, 33, 33, 33, 33, 33, 33, 33, 33, 33, 33, 33, 33, 33, 33, 33, 33, 33, 33, 33, 33, 33, 33, 33, 33, 33, 33, 33, 33, 33, 33, 33, 33, 33, 33, 33, 33, 33, 33, 33, 33, 33, 33, 33, 33, 33, 33, 33, 33, 33, 33, 33, 33, 33, 33, 33, 33, 33, 33, 33, 33, 33, 33, 33, 33, 33, 33, 33, 33, 33, 33, 33, 33, 33, 33, 33, 33, 33, 33, 33, 33, 33, 33, 33, 33, 33, 33, 33, 33, 33, 33, 33, 33, 33, 33, 33, 33, 33, 33, 33, 33, 33, 33, 33, 33, 33, 33, 33, 33, 33, 33, 33, 33, 33, 33, 33, 33, 33, 33, 33, 33, 33, 33, 33, 33, 33, 33, 33, 33, 33, 33, 33, 33, 33, 33, 33, 33, 33, 33, 33]",310,"[0.4421443045139313, 0.4168149530887604, 0.407606840133667, 0.40374183654785156, 0.4009123742580414, 0.39952319860458374, 0.39847782254219055, 0.3975278437137604, 0.3967054486274719, 0.3959272801876068, 0.3951621353626251, 0.3943725526332855, 0.39365047216415405, 0.39265304803848267, 0.39193400740623474, 0.39116623997688293, 0.39056509733200073, 0.3900449275970459, 0.38948291540145874, 0.3889263868331909, 0.3883114755153656, 0.3877667486667633, 0.3872239589691162, 0.3867170214653015, 0.386193186044693, 0.38596171140670776, 0.38560062646865845, 0.38513824343681335, 0.3843007981777191, 0.3841876685619354, 0.3834250271320343, 0.3829896152019501, 0.38268932700157166, 0.38224098086357117, 0.3816767632961273, 0.3813434839248657, 0.3809012472629547, 0.3805738687515259, 0.38017454743385315, 0.37984219193458557, 0.37951555848121643, 0.3791310489177704, 0.37898004055023193, 0.3788727819919586, 0.3783423602581024, 0.3779299557209015, 0.3776628375053406, 0.3774852454662323, 0.3772599697113037, 0.37686407566070557, 0.3765642046928406, 0.376296728849411, 0.37601158022880554, 0.37578946352005005, 0.37547940015792847, 0.37517330050468445, 0.3748933672904968, 0.3746325671672821, 0.3744124472141266, 0.37417563796043396, 0.3739323318004608, 0.37369388341903687, 0.3735111355781555, 0.37323328852653503, 0.3730538487434387, 0.37290194630622864, 0.37272775173187256, 0.3726370334625244, 0.3724731206893921, 0.3723672926425934, 0.3721729516983032, 0.3719419538974762, 0.37182530760765076, 0.371717631816864, 0.3716059625148773, 0.37119805812835693, 0.3709370791912079, 0.3708397150039673, 0.37074270844459534, 0.37056490778923035, 0.3704832196235657, 0.370319128036499, 0.3699735403060913, 0.36976197361946106, 0.3696237802505493, 0.36957377195358276, 0.36941373348236084, 0.36929208040237427, 0.36921238899230957, 0.36906757950782776, 0.36915257573127747, 0.3687691390514374, 0.3687312602996826, 0.36865952610969543, 0.36837151646614075, 0.36837396025657654, 0.36821627616882324, 0.3682214617729187, 0.3679889738559723, 0.3678375482559204, 0.36751633882522583, 0.3675484359264374, 0.36721646785736084, 0.36710602045059204, 0.3668557107448578, 0.36658868193626404, 0.36636221408843994, 0.36621353030204773, 0.36610934138298035, 0.3660008907318115, 0.36601579189300537, 0.36607351899147034, 0.36603856086730957, 0.36620208621025085, 0.36613237857818604, 0.3655383288860321, 0.3653302788734436, 0.36521077156066895, 0.3649332523345947, 0.36479252576828003, 0.36460745334625244, 0.36440739035606384, 0.36423394083976746, 0.36418187618255615, 0.3641405403614044, 0.36401692032814026, 0.3638771176338196, 0.36372947692871094, 0.36365634202957153, 0.3635121285915375, 0.3633042275905609, 0.3631848394870758, 0.36313289403915405, 0.3629554808139801, 0.36281704902648926, 0.3627258241176605, 0.36250540614128113, 0.3624401390552521, 0.36212262511253357, 0.36203262209892273, 0.36192116141319275, 0.3618055582046509, 0.36199951171875, 0.36174896359443665, 0.3616657555103302, 0.36133864521980286, 0.3612792193889618, 0.36152663826942444, 0.3614269495010376, 0.36129042506217957, 0.3609728515148163, 0.3607807159423828, 0.3606932461261749, 0.3605453372001648, 0.360309898853302, 0.36013293266296387, 0.3599672019481659, 0.3598680794239044, 0.3598268926143646, 0.3598066568374634, 0.35974884033203125, 0.3598508834838867, 0.35954925417900085, 0.35947903990745544, 0.3593701422214508, 0.3592146635055542, 0.3591456115245819, 0.3590957522392273, 0.3589586019515991, 0.35879430174827576, 0.35872581601142883, 0.35866740345954895, 0.3586251735687256, 0.3584955334663391, 0.35852760076522827, 0.35834643244743347, 0.35815227031707764, 0.35795676708221436, 0.3576793670654297, 0.35763126611709595, 0.35746869444847107, 0.3573470413684845, 0.3573234975337982, 0.35711997747421265, 0.3570026457309723, 0.3568956255912781, 0.35666796565055847, 0.3565475046634674, 0.35646018385887146, 0.35620567202568054, 0.3561771512031555, 0.3560114800930023, 0.35597842931747437, 0.3559688627719879, 0.35563141107559204, 0.35562098026275635, 0.35545867681503296, 0.3553757071495056, 0.3552129864692688, 0.35503172874450684, 0.35498350858688354, 0.35509827733039856, 0.3548640012741089, 0.35455918312072754, 0.3542885184288025, 0.3541436493396759, 0.3539908230304718, 0.3539348840713501, 0.3537576198577881, 0.3536626100540161, 0.3535993695259094, 0.3535487651824951, 0.3533529043197632, 0.35325872898101807, 0.35300981998443604, 0.3529369831085205, 0.35273993015289307, 0.35267502069473267, 0.3525768518447876, 0.352401465177536, 0.3522704839706421, 0.3522243797779083, 0.35224542021751404, 0.3519653379917145, 0.3518615961074829, 0.35165083408355713, 0.35152411460876465, 0.3513980805873871, 0.35131192207336426, 0.3512219488620758, 0.3512476980686188, 0.35114067792892456, 0.3510762155056, 0.35116443037986755, 0.35088303685188293, 0.35060179233551025, 0.3504166305065155, 0.3504343032836914, 0.3503231108188629, 0.3501991927623749, 0.3502771258354187, 0.3501594662666321, 0.3498438596725464, 0.34991228580474854, 0.3496738374233246, 0.34957435727119446, 0.34928789734840393, 0.3490661680698395, 0.34898361563682556, 0.3488808870315552, 0.34907370805740356, 0.3490706980228424, 0.3488684892654419, 0.34864357113838196, 0.34855443239212036, 0.3482762277126312, 0.3483225107192993, 0.34808310866355896, 0.3478906750679016, 0.3478577435016632, 0.3477267324924469, 0.3476141095161438, 0.34743595123291016, 0.3475034832954407, 0.3474775552749634, 0.34728649258613586, 0.34732258319854736, 0.3470936715602875, 0.3470970392227173, 0.34697455167770386, 0.34666261076927185, 0.3465060889720917, 0.3465539216995239, 0.34633299708366394, 0.34638094902038574, 0.3463055491447449, 0.34614744782447815, 0.34591320157051086, 0.3457320034503937, 0.34562918543815613, 0.3455005884170532, 0.3453713357448578, 0.3451904356479645, 0.34514498710632324, 0.34504956007003784, 0.34505337476730347, 0.34500521421432495, 0.34493550658226013, 0.3446396589279175, 0.3443847894668579, 0.34429508447647095, 0.3440944254398346, 0.34412169456481934, 0.34402310848236084, 0.3438650369644165, 0.3437560200691223, 0.34368449449539185, 0.3436209559440613, 0.34354573488235474, 0.34350767731666565, 0.34342414140701294, 0.3432329297065735, 0.34306761622428894, 0.3429250717163086, 0.3429264724254608, 0.34279754757881165, 0.3427211046218872, 0.3426765203475952, 0.34278446435928345, 0.3427017331123352]",33.0,"[33.0, 33.0, 33.0, 33.0, 33.0, 33.0, 33.0, 33.0, 33.0, 33.0, 33.0, 33.0, 33.0, 33.0, 33.0, 33.0, 33.0, 33.0, 33.0, 33.0, 33.0, 33.0, 33.0, 33.0, 33.0, 33.0, 33.0, 33.0, 33.0, 33.0, 33.0, 33.0, 33.0, 33.0, 33.0, 33.0, 33.0, 33.0, 33.0, 33.0, 33.0, 33.0, 33.0, 33.0, 33.0, 33.0, 33.0, 33.0, 33.0, 33.0, 33.0, 33.0, 33.0, 33.0, 33.0, 33.0, 33.0, 33.0, 33.0, 33.0, 33.0, 33.0, 33.0, 33.0, 33.0, 33.0, 33.0, 33.0, 33.0, 33.0, 33.0, 33.0, 33.0, 33.0, 33.0, 33.0, 33.0, 33.0, 33.0, 33.0, 33.0, 33.0, 33.0, 33.0, 33.0, 33.0, 33.0, 33.0, 33.0, 33.0, 33.0, 33.0, 33.0, 33.0, 33.0, 33.0, 33.0, 33.0, 33.0, 33.0, 33.0, 33.0, 33.0, 33.0, 33.0, 33.0, 33.0, 33.0, 33.0, 33.0, 33.0, 33.0, 33.0, 33.0, 33.0, 33.0, 33.0, 33.0, 33.0, 33.0, 33.0, 33.0, 33.0, 33.0, 33.0, 33.0, 33.0, 33.0, 33.0, 33.0, 33.0, 33.0, 33.0, 33.0, 33.0, 33.0, 33.0, 33.0, 33.0, 33.0, 33.0, 33.0, 33.0, 33.0, 33.0, 33.0, 33.0, 33.0, 33.0, 33.0, 33.0, 33.0, 33.0, 33.0, 33.0, 33.0, 33.0, 33.0, 33.0, 33.0, 33.0, 33.0, 33.0, 33.0, 33.0, 33.0, 33.0, 33.0, 33.0, 33.0, 33.0, 33.0, 33.0, 33.0, 33.0, 33.0, 33.0, 33.0, 33.0, 33.0, 33.0, 33.0, 33.0, 33.0, 33.0, 33.0, 33.0, 33.0, 33.0, 33.0, 33.0, 33.0, 33.0, 33.0, 33.0, 33.0, 33.0, 33.0, 33.0, 33.0, 33.0, 33.0, 33.0, 33.0, 33.0, 33.0, 33.0, 33.0, 33.0, 33.0, 33.0, 33.0, 33.0, 33.0, 33.0, 33.0, 33.0, 33.0, 33.0, 33.0, 33.0, 33.0, 33.0, 33.0, 33.0, 33.0, 33.0, 33.0, 33.0, 33.0, 33.0, 33.0, 33.0, 33.0, 33.0, 33.0, 33.0, 33.0, 33.0, 33.0, 33.0, 33.0, 33.0, 33.0, 33.0, 33.0, 33.0, 33.0, 33.0, 33.0, 33.0, 33.0, 33.0, 33.0, 33.0, 33.0, 33.0, 33.0, 33.0, 33.0, 33.0, 33.0, 33.0, 33.0, 33.0, 33.0, 33.0, 33.0, 33.0, 33.0, 33.0, 33.0, 33.0, 33.0, 33.0, 33.0, 33.0, 33.0, 33.0, 33.0, 33.0, 33.0, 33.0, 33.0, 33.0, 33.0, 33.0, 33.0, 33.0, 33.0, 33.0, 33.0, 33.0, 33.0, 33.0, 33.0, 33.0, 33.0, 33.0, 33.0, 33.0, 33.0, 33.0, 33.0, 33.0, 33.0, 33.0, 33.0, 33.0, 33.0]",COMPLETE
