,number,value,datetime_start,datetime_complete,duration,params_batch_size_scaler,params_constant_learning_rate,params_depth,params_epochs,params_kernel_l2,params_num_trees,params_temperature,user_attrs_accuracy_test,user_attrs_accuracy_valid,user_attrs_approximate_feature_sparsity,user_attrs_approximate_feature_sparsity_history,user_attrs_approximate_weight_sparsity,user_attrs_approximate_weight_sparsity_history,user_attrs_auc_test,user_attrs_auc_valid,user_attrs_feature_sparsity,user_attrs_feature_sparsity_history,user_attrs_num_epochs,user_attrs_val_loss_history,user_attrs_weight_sparsity,user_attrs_weight_sparsity_history,state
141,141,0.6918499053213278,2024-08-31 07:09:27.431801,2024-08-31 07:18:07.510502,0 days 00:08:40.078701,64,0.03416600844156328,6,480,0.0012989360290899484,87,0.00014885057506425133,0.86,0.85875,33,"[33, 33, 33, 33, 33, 33, 33, 33, 33, 33, 33, 33, 33, 33, 33, 33, 33, 33, 33, 33, 33, 33, 33, 33, 33, 33, 33, 33, 33, 33, 33, 33, 33, 33, 33, 33, 33, 33, 33, 33, 33, 33, 33, 33, 33, 33, 33, 33, 33, 33, 33, 33, 33, 33, 33, 33, 33, 33, 33, 33, 33, 33, 33, 33, 33, 33, 33, 33, 33, 33, 33, 33, 33, 33, 33, 33, 33, 33, 33, 33, 33, 33, 33, 33, 33, 33, 33, 33, 33, 33, 33, 33, 33, 33, 33, 33, 33, 33, 33, 33, 33, 33, 33, 33, 33, 33, 33, 33, 33, 33, 33, 33, 33, 33, 33, 33, 33, 33, 33, 33, 33, 33, 33, 33, 33, 33, 33, 33, 33, 33, 33, 33, 33, 33, 33, 33, 33, 33, 33, 33, 33, 33, 33, 33, 33, 33, 33, 33, 33, 33, 33, 33, 33, 33, 33, 33, 33, 33, 33, 33, 33, 33, 33, 33, 33, 33, 33, 33, 33, 33, 33, 33, 33, 33, 33, 33, 33, 33, 33, 33, 33, 33, 33, 33, 33, 33, 33, 33, 33, 33, 33, 33, 33, 33, 33, 33, 33, 33, 33, 33, 33, 33, 33, 33, 33, 33, 33, 33, 33, 33, 33, 33, 33, 33, 33, 33, 33, 33, 33, 33, 33, 33, 33, 33, 33, 33, 33, 33, 33, 33, 33, 33, 33, 33, 33, 33, 33, 33, 33, 33, 33, 33, 33, 33, 33, 33, 33, 33, 33, 33, 33, 33, 33, 33, 33, 33, 33, 33, 33, 33, 33, 33, 33, 33, 33, 33, 33, 33, 33, 33, 33, 33, 33, 33, 33, 33, 33, 33, 33, 33, 33, 33, 33, 33, 33, 33, 33, 33, 33, 33, 33, 33, 33, 33, 33, 33, 33, 33, 33, 33, 33, 33, 33, 33, 33, 33, 33, 33, 33, 33, 33, 33, 33, 33, 33, 33, 33, 33, 33, 33, 33, 33, 33, 33, 33, 33, 33, 33, 33, 33, 33, 33, 33, 33, 33, 33, 33, 33, 33, 33, 33, 33, 33, 33, 33, 33, 33, 33, 33, 33, 33, 33, 33, 33, 33, 33, 33, 33, 33, 33, 33, 33, 33, 33, 33, 33, 33, 33, 33, 33, 33, 33, 33, 33, 33, 33, 33, 33, 33, 33, 33, 33, 33, 33, 33, 33, 33, 33, 33, 33, 33, 33, 33, 33, 33, 33, 33, 33, 33, 33, 33, 33, 33, 33, 33, 33, 33, 33, 33, 33, 33, 33, 33, 33, 33, 33, 33, 33, 33, 33, 33, 33, 33, 33, 33, 33, 33, 33, 33, 33, 33, 33, 33, 33, 33, 33, 33, 33, 33, 33, 33, 33, 33, 33, 33, 33, 33, 33, 33, 33, 33, 33, 33, 33, 33, 33, 33, 33, 33, 33, 33, 33, 33, 33, 33, 33, 33, 33, 33, 33, 33, 33, 33, 33, 33, 33, 33, 33, 33, 33]",32.90384966247036,"[32.896004378763, 32.897828863346106, 32.89709906951286, 32.8994708994709, 32.90074803867907, 32.90275497172049, 32.906039043970075, 32.90512680167853, 32.904761904761905, 32.90275497172049, 32.90129538405401, 32.90001824484583, 32.900383141762454, 32.898923554095965, 32.90001824484583, 32.90020069330414, 32.90147783251232, 32.90129538405401, 32.901660280970624, 32.90111293559569, 32.901842729428935, 32.9029374201788, 32.90330231709542, 32.90348476555373, 32.90275497172049, 32.902025177887246, 32.90147783251231, 32.901295384054, 32.89983579638752, 32.89910600255428, 32.89837620872103, 32.895821930304685, 32.89618682722131, 32.89709906951286, 32.89709906951286, 32.898923554095965, 32.89801131180442, 32.89928845101259, 32.90001824484583, 32.90074803867907, 32.90093048713738, 32.90147783251231, 32.90220762634556, 32.90111293559569, 32.90074803867907, 32.90020069330414, 32.90020069330414, 32.90111293559569, 32.9011129355957, 32.902025177887246, 32.90366721401204, 32.90421455938697, 32.90512680167853, 32.90622149242839, 32.904761904761905, 32.9029374201788, 32.90147783251231, 32.901660280970624, 32.90147783251231, 32.902025177887246, 32.90257252326218, 32.90311986863711, 32.90311986863711, 32.90239007480386, 32.90403211092866, 32.904579456303594, 32.90384966247035, 32.904579456303594, 32.90530925013684, 32.904944353220216, 32.90695128626163, 32.90676883780332, 32.9080459770115, 32.90841087392812, 32.907498631636564, 32.90658638934501, 32.90676883780332, 32.90676883780332, 32.90731618317825, 32.90731618317825, 32.90786352855318, 32.9064039408867, 32.90731618317825, 32.90695128626163, 32.904579456303594, 32.90403211092866, 32.90366721401204, 32.90549169859514, 32.90567414705345, 32.90567414705345, 32.904944353220216, 32.90512680167853, 32.902937420178795, 32.90220762634556, 32.90239007480387, 32.903119868637106, 32.90384966247035, 32.90421455938697, 32.90549169859515, 32.90676883780332, 32.90695128626163, 32.90731618317825, 32.90512680167853, 32.904579456303594, 32.903667214012046, 32.90403211092866, 32.90384966247035, 32.90421455938697, 32.90403211092866, 32.90512680167852, 32.90695128626163, 32.90512680167852, 32.904761904761905, 32.90622149242839, 32.90567414705346, 32.90658638934501, 32.90658638934501, 32.9064039408867, 32.90530925013684, 32.905856595511764, 32.90603904397008, 32.90549169859515, 32.904579456303594, 32.904579456303594, 32.903667214012046, 32.904761904761905, 32.90439700784528, 32.90330231709542, 32.90366721401204, 32.90348476555373, 32.903119868637106, 32.90275497172049, 32.90239007480387, 32.90239007480387, 32.9029374201788, 32.90239007480386, 32.90275497172049, 32.90275497172049, 32.90093048713738, 32.901842729428935, 32.90020069330414, 32.90001824484583, 32.899106002554284, 32.89983579638752, 32.89928845101259, 32.899106002554284, 32.8994708994709, 32.901842729428935, 32.901295384054, 32.90111293559569, 32.89910600255428, 32.90001824484583, 32.89965334792921, 32.89855865717935, 32.89728151797117, 32.896004378763, 32.896004378762996, 32.89563948184638, 32.896004378762996, 32.89509213647145, 32.89636927567962, 32.895821930304685, 32.89691662105455, 32.897646414887795, 32.897463966429484, 32.89928845101259, 32.8994708994709, 32.8994708994709, 32.89965334792921, 32.90093048713738, 32.901660280970624, 32.902025177887246, 32.90147783251231, 32.90093048713738, 32.900383141762454, 32.90001824484583, 32.89983579638752, 32.90001824484583, 32.89965334792921, 32.900383141762454, 32.900383141762454, 32.900565590220765, 32.900748038679076, 32.90220762634556, 32.90147783251231, 32.901842729428935, 32.903484765553735, 32.90348476555373, 32.902025177887246, 32.90147783251231, 32.90220762634556, 32.901842729428935, 32.901660280970624, 32.90275497172049, 32.90330231709542, 32.90147783251232, 32.9011129355957, 32.900565590220765, 32.90239007480387, 32.90366721401204, 32.90239007480387, 32.90311986863711, 32.90275497172049, 32.904944353220216, 32.90530925013684, 32.90622149242839, 32.905856595511764, 32.90549169859515, 32.90567414705346, 32.904944353220216, 32.904579456303594, 32.90384966247035, 32.90530925013684, 32.904761904761905, 32.906403940886705, 32.90749863163656, 32.90804597701149, 32.90968801313629, 32.9080459770115, 32.90658638934501, 32.90530925013684, 32.906039043970075, 32.90622149242839, 32.906039043970075, 32.90549169859514, 32.90567414705345, 32.90658638934501, 32.9064039408867, 32.90403211092866, 32.90403211092866, 32.90275497172049, 32.904761904761905, 32.90384966247035, 32.90384966247035, 32.90275497172049, 32.903484765553735, 32.903302317095424, 32.904579456303594, 32.90512680167853, 32.90622149242839, 32.90549169859514, 32.90658638934501, 32.90603904397008, 32.90403211092867, 32.90403211092867, 32.903667214012046, 32.90239007480387, 32.900383141762454, 32.900565590220765, 32.90093048713738, 32.89983579638752, 32.89983579638752, 32.89837620872104, 32.89983579638752, 32.89983579638752, 32.90020069330414, 32.90093048713739, 32.900565590220765, 32.900748038679076, 32.902025177887246, 32.902025177887246, 32.901660280970624, 32.90220762634556, 32.90403211092866, 32.90403211092866, 32.90421455938697, 32.90348476555373, 32.903119868637106, 32.90275497172049, 32.90239007480387, 32.90275497172049, 32.903302317095424, 32.902937420178795, 32.902937420178795, 32.90220762634556, 32.90257252326218, 32.902025177887246, 32.90366721401204, 32.90275497172048, 32.902025177887246, 32.90311986863711, 32.90257252326218, 32.9029374201788, 32.90239007480387, 32.90257252326217, 32.90147783251231, 32.901842729428935, 32.90366721401204, 32.90384966247035, 32.904579456303594, 32.90439700784528, 32.904761904761905, 32.904761904761905, 32.90512680167853, 32.90567414705346, 32.905856595511764, 32.90549169859515, 32.90549169859514, 32.9064039408867, 32.9064039408867, 32.90658638934501, 32.9064039408867, 32.906039043970075, 32.90530925013684, 32.90403211092866, 32.903667214012046, 32.903302317095424, 32.90239007480387, 32.90330231709542, 32.9029374201788, 32.90257252326218, 32.90220762634556, 32.901660280970624, 32.902025177887246, 32.90311986863711, 32.903667214012046, 32.903302317095424, 32.903484765553735, 32.904944353220216, 32.90585659551177, 32.90622149242839, 32.90421455938697, 32.903667214012046, 32.90348476555373, 32.90384966247036, 32.90384966247036, 32.904579456303594, 32.90549169859515, 32.904761904761905, 32.90421455938697, 32.90311986863711, 32.90348476555373, 32.90366721401204, 32.90275497172049, 32.90239007480387, 32.90311986863711, 32.903484765553735, 32.90257252326218, 32.90275497172049, 32.90366721401204, 32.903667214012046, 32.90311986863711, 32.904761904761905, 32.90549169859515, 32.904579456303594, 32.90403211092866, 32.90421455938697, 32.903302317095424, 32.90275497172049, 32.900748038679076, 32.900565590220765, 32.90147783251231, 32.90111293559569, 32.90147783251231, 32.901842729428935, 32.902025177887246, 32.90403211092866, 32.903667214012046, 32.904761904761905, 32.90384966247035, 32.904761904761905, 32.906039043970075, 32.9064039408867, 32.907681080094875, 32.90622149242839, 32.90567414705346, 32.90549169859515, 32.907498631636564, 32.90786352855318, 32.90859332238642, 32.90731618317825, 32.90676883780332, 32.90549169859514, 32.9064039408867, 32.90567414705345, 32.90567414705346, 32.90439700784528, 32.90567414705345, 32.90567414705345, 32.906039043970075, 32.90658638934501, 32.90713373471994, 32.90859332238642, 32.90859332238642, 32.908775770844734, 32.90932311621967, 32.90859332238642, 32.91096515234446, 32.91005291005291, 32.90950556467798, 32.90932311621967, 32.910417806969534, 32.91023535851122, 32.91041780696953, 32.91114760080277, 32.91078270388615, 32.91041780696953, 32.910052910052904, 32.90950556467798, 32.9098704615946, 32.90968801313629, 32.91023535851122, 32.910600255427845, 32.908958219303045, 32.908775770844734, 32.9080459770115, 32.90731618317825, 32.90859332238642, 32.90804597701149, 32.90658638934501, 32.90530925013684, 32.906039043970075, 32.90713373471994, 32.90676883780332, 32.90676883780332, 32.9064039408867, 32.906039043970075, 32.9082284254698, 32.909140667761356, 32.90932311621967, 32.91005291005291, 32.910600255427845, 32.910417806969534, 32.90950556467798, 32.90877577084474, 32.907498631636564, 32.907863528553186, 32.90695128626163, 32.90713373471994, 32.90713373471994, 32.90877577084474, 32.90713373471994, 32.907498631636564, 32.906403940886705, 32.90603904397008, 32.905856595511764, 32.904761904761905, 32.90622149242839, 32.90676883780332, 32.906039043970075, 32.90622149242839, 32.90658638934501, 32.905856595511764, 32.90530925013684, 32.904761904761905, 32.903302317095424, 32.903667214012046, 32.903667214012046, 32.903667214012046, 32.90311986863711, 32.90348476555373, 32.90275497172049, 32.90220762634556, 32.901660280970624, 32.9011129355957, 32.901842729428935, 32.90147783251231, 32.901660280970624, 32.90001824484583, 32.900748038679076, 32.90074803867907, 32.89983579638752, 32.89965334792921, 32.89965334792921, 32.89965334792921, 32.89965334792921, 32.900748038679076, 32.900748038679076, 32.90074803867907, 32.90020069330414, 32.90147783251231, 32.90147783251231, 32.901842729428935, 32.90093048713739, 32.90147783251231, 32.90311986863711, 32.90384966247035, 32.90275497172049, 32.9029374201788, 32.90384966247036]",0.7276149902162335,0.6918499053213278,33,"[33, 33, 33, 33, 33, 33, 33, 33, 33, 33, 33, 33, 33, 33, 33, 33, 33, 33, 33, 33, 33, 33, 33, 33, 33, 33, 33, 33, 33, 33, 33, 33, 33, 33, 33, 33, 33, 33, 33, 33, 33, 33, 33, 33, 33, 33, 33, 33, 33, 33, 33, 33, 33, 33, 33, 33, 33, 33, 33, 33, 33, 33, 33, 33, 33, 33, 33, 33, 33, 33, 33, 33, 33, 33, 33, 33, 33, 33, 33, 33, 33, 33, 33, 33, 33, 33, 33, 33, 33, 33, 33, 33, 33, 33, 33, 33, 33, 33, 33, 33, 33, 33, 33, 33, 33, 33, 33, 33, 33, 33, 33, 33, 33, 33, 33, 33, 33, 33, 33, 33, 33, 33, 33, 33, 33, 33, 33, 33, 33, 33, 33, 33, 33, 33, 33, 33, 33, 33, 33, 33, 33, 33, 33, 33, 33, 33, 33, 33, 33, 33, 33, 33, 33, 33, 33, 33, 33, 33, 33, 33, 33, 33, 33, 33, 33, 33, 33, 33, 33, 33, 33, 33, 33, 33, 33, 33, 33, 33, 33, 33, 33, 33, 33, 33, 33, 33, 33, 33, 33, 33, 33, 33, 33, 33, 33, 33, 33, 33, 33, 33, 33, 33, 33, 33, 33, 33, 33, 33, 33, 33, 33, 33, 33, 33, 33, 33, 33, 33, 33, 33, 33, 33, 33, 33, 33, 33, 33, 33, 33, 33, 33, 33, 33, 33, 33, 33, 33, 33, 33, 33, 33, 33, 33, 33, 33, 33, 33, 33, 33, 33, 33, 33, 33, 33, 33, 33, 33, 33, 33, 33, 33, 33, 33, 33, 33, 33, 33, 33, 33, 33, 33, 33, 33, 33, 33, 33, 33, 33, 33, 33, 33, 33, 33, 33, 33, 33, 33, 33, 33, 33, 33, 33, 33, 33, 33, 33, 33, 33, 33, 33, 33, 33, 33, 33, 33, 33, 33, 33, 33, 33, 33, 33, 33, 33, 33, 33, 33, 33, 33, 33, 33, 33, 33, 33, 33, 33, 33, 33, 33, 33, 33, 33, 33, 33, 33, 33, 33, 33, 33, 33, 33, 33, 33, 33, 33, 33, 33, 33, 33, 33, 33, 33, 33, 33, 33, 33, 33, 33, 33, 33, 33, 33, 33, 33, 33, 33, 33, 33, 33, 33, 33, 33, 33, 33, 33, 33, 33, 33, 33, 33, 33, 33, 33, 33, 33, 33, 33, 33, 33, 33, 33, 33, 33, 33, 33, 33, 33, 33, 33, 33, 33, 33, 33, 33, 33, 33, 33, 33, 33, 33, 33, 33, 33, 33, 33, 33, 33, 33, 33, 33, 33, 33, 33, 33, 33, 33, 33, 33, 33, 33, 33, 33, 33, 33, 33, 33, 33, 33, 33, 33, 33, 33, 33, 33, 33, 33, 33, 33, 33, 33, 33, 33, 33, 33, 33, 33, 33, 33, 33, 33, 33, 33, 33, 33, 33, 33, 33, 33, 33, 33, 33, 33, 33, 33, 33, 33, 33, 33, 33, 33]",480,"[0.6368087530136108, 0.597075343132019, 0.5655155777931213, 0.540655255317688, 0.519851803779602, 0.5026295185089111, 0.4886486530303955, 0.47633808851242065, 0.4662283957004547, 0.4574049115180969, 0.4508713185787201, 0.4445168972015381, 0.4392118453979492, 0.4351102411746979, 0.43132057785987854, 0.42740046977996826, 0.42444008588790894, 0.42190101742744446, 0.419727623462677, 0.4180213510990143, 0.4160374402999878, 0.41431063413619995, 0.41271916031837463, 0.4114443063735962, 0.4103890657424927, 0.40934497117996216, 0.40837669372558594, 0.4074459373950958, 0.4066910445690155, 0.40612196922302246, 0.4053952693939209, 0.4048129916191101, 0.404265433549881, 0.40379515290260315, 0.40336692333221436, 0.40292632579803467, 0.4025404751300812, 0.4020881652832031, 0.40171313285827637, 0.4014148712158203, 0.40118563175201416, 0.4008747935295105, 0.4006078839302063, 0.4003373086452484, 0.4000414311885834, 0.399862140417099, 0.39963802695274353, 0.3994271457195282, 0.3992531895637512, 0.3991125524044037, 0.3989149034023285, 0.39871519804000854, 0.3985144793987274, 0.3983594477176666, 0.39811941981315613, 0.3979596197605133, 0.3977762460708618, 0.3976241946220398, 0.3975030779838562, 0.39735281467437744, 0.3971867263317108, 0.39706340432167053, 0.39690789580345154, 0.3967446982860565, 0.39660319685935974, 0.39645764231681824, 0.39629995822906494, 0.3961617648601532, 0.3960249423980713, 0.3958621323108673, 0.39571961760520935, 0.3955714702606201, 0.39544597268104553, 0.39532896876335144, 0.3952029347419739, 0.39510300755500793, 0.39496737718582153, 0.3948414921760559, 0.3947104215621948, 0.39458712935447693, 0.3944544196128845, 0.3943171799182892, 0.39419305324554443, 0.39405927062034607, 0.3939474821090698, 0.3938232660293579, 0.39369529485702515, 0.3935774862766266, 0.3934481143951416, 0.393309623003006, 0.393185019493103, 0.39309293031692505, 0.39298543334007263, 0.3928641378879547, 0.39277374744415283, 0.39265546202659607, 0.39254334568977356, 0.39242100715637207, 0.3922940194606781, 0.3921690881252289, 0.3920811116695404, 0.3919624984264374, 0.39185479283332825, 0.39174580574035645, 0.39165937900543213, 0.39155304431915283, 0.391421914100647, 0.3913000524044037, 0.3911900222301483, 0.39107879996299744, 0.39095887541770935, 0.3908604681491852, 0.39076709747314453, 0.3906691074371338, 0.39058035612106323, 0.39047127962112427, 0.3903924822807312, 0.39030447602272034, 0.3902114927768707, 0.3901263177394867, 0.39004677534103394, 0.3899468183517456, 0.38984382152557373, 0.38975489139556885, 0.389648973941803, 0.3895445764064789, 0.38942795991897583, 0.38930946588516235, 0.38920632004737854, 0.389120876789093, 0.3890257179737091, 0.38894328474998474, 0.38884589076042175, 0.3887394070625305, 0.38863807916641235, 0.3885330259799957, 0.3884422183036804, 0.38833868503570557, 0.38824236392974854, 0.3881416320800781, 0.38804253935813904, 0.3879638910293579, 0.3878696858882904, 0.38777869939804077, 0.3877018094062805, 0.38761940598487854, 0.38753825426101685, 0.3874329626560211, 0.38736629486083984, 0.387287974357605, 0.3871970474720001, 0.38710930943489075, 0.38701847195625305, 0.38693103194236755, 0.3868393301963806, 0.38674095273017883, 0.3866613507270813, 0.3865644931793213, 0.3864670991897583, 0.38638073205947876, 0.38630348443984985, 0.386214017868042, 0.386132150888443, 0.38603246212005615, 0.3859580159187317, 0.38586387038230896, 0.3857840597629547, 0.3856979310512543, 0.3856240212917328, 0.3855258822441101, 0.3854636251926422, 0.38538897037506104, 0.38531821966171265, 0.3852568566799164, 0.38518813252449036, 0.3850928246974945, 0.3849972188472748, 0.3849185109138489, 0.384835809469223, 0.38476935029029846, 0.38469088077545166, 0.38461631536483765, 0.38453349471092224, 0.38445863127708435, 0.3843880593776703, 0.384306937456131, 0.38422247767448425, 0.38415706157684326, 0.3840862512588501, 0.38401833176612854, 0.38395798206329346, 0.38386431336402893, 0.3837760090827942, 0.3836927115917206, 0.3836151361465454, 0.38353896141052246, 0.38346368074417114, 0.3834041655063629, 0.38332322239875793, 0.3832482397556305, 0.38318201899528503, 0.3831159472465515, 0.3830380141735077, 0.382973313331604, 0.3829156160354614, 0.3828502297401428, 0.38279446959495544, 0.3827275335788727, 0.3826545476913452, 0.38257157802581787, 0.38251209259033203, 0.38244637846946716, 0.38239964842796326, 0.3823350965976715, 0.3822749853134155, 0.3822065591812134, 0.38214224576950073, 0.3820798993110657, 0.38201990723609924, 0.38196173310279846, 0.3819049596786499, 0.38182803988456726, 0.3817692697048187, 0.38168755173683167, 0.3816160261631012, 0.38157257437705994, 0.38152989745140076, 0.3814670145511627, 0.3814251720905304, 0.38134312629699707, 0.3813045620918274, 0.38123539090156555, 0.38117003440856934, 0.38110268115997314, 0.3810393512248993, 0.38097113370895386, 0.3809208571910858, 0.38085082173347473, 0.3807980716228485, 0.3807278573513031, 0.3806957006454468, 0.3806408941745758, 0.3805766701698303, 0.38051900267601013, 0.3804382085800171, 0.3803848922252655, 0.3803407549858093, 0.38029757142066956, 0.3802596926689148, 0.3802127540111542, 0.38015076518058777, 0.3800836503505707, 0.38002392649650574, 0.37996384501457214, 0.3798982501029968, 0.3798350989818573, 0.37977495789527893, 0.37972790002822876, 0.3796713352203369, 0.37963902950286865, 0.3795887231826782, 0.37953922152519226, 0.3794832229614258, 0.3794482946395874, 0.3794150650501251, 0.3793852925300598, 0.37932059168815613, 0.37926578521728516, 0.37918925285339355, 0.379126638174057, 0.37907686829566956, 0.3790033459663391, 0.37896132469177246, 0.3789151906967163, 0.3788444399833679, 0.378800630569458, 0.37874022126197815, 0.37870538234710693, 0.37864744663238525, 0.3785959482192993, 0.3785654306411743, 0.37852105498313904, 0.37845873832702637, 0.3784276843070984, 0.3783635199069977, 0.37829989194869995, 0.37824293971061707, 0.37821051478385925, 0.3781508505344391, 0.37810593843460083, 0.3780713677406311, 0.37804150581359863, 0.37799546122550964, 0.3779434859752655, 0.3778897523880005, 0.37784862518310547, 0.3777938485145569, 0.3777349591255188, 0.3776875436306, 0.3776281476020813, 0.37758350372314453, 0.37753668427467346, 0.37748363614082336, 0.3774528205394745, 0.37740790843963623, 0.3773441016674042, 0.37729203701019287, 0.3772413730621338, 0.3771984577178955, 0.37714236974716187, 0.3771040737628937, 0.37706366181373596, 0.3770204782485962, 0.3769606649875641, 0.3769376873970032, 0.37688925862312317, 0.37682631611824036, 0.376770555973053, 0.3767285943031311, 0.37669190764427185, 0.376644492149353, 0.3766140639781952, 0.3765651285648346, 0.3765212893486023, 0.37645888328552246, 0.3764137327671051, 0.37637946009635925, 0.37632521986961365, 0.37627536058425903, 0.3762306869029999, 0.3761827349662781, 0.37614691257476807, 0.37610408663749695, 0.3760627508163452, 0.376010537147522, 0.3759690523147583, 0.37594372034072876, 0.3758932054042816, 0.37585094571113586, 0.3758149743080139, 0.3757668733596802, 0.37571635842323303, 0.37569186091423035, 0.3756831884384155, 0.37562257051467896, 0.3755740821361542, 0.3755440413951874, 0.3755143880844116, 0.3754939138889313, 0.3754764497280121, 0.3754318356513977, 0.3753967583179474, 0.3753548562526703, 0.3753195106983185, 0.37525618076324463, 0.3752472400665283, 0.3752128481864929, 0.37515684962272644, 0.37513577938079834, 0.3750849664211273, 0.3750443160533905, 0.37499260902404785, 0.3749617040157318, 0.3749251663684845, 0.37488043308258057, 0.3748522698879242, 0.37481775879859924, 0.374810129404068, 0.37476393580436707, 0.3747214376926422, 0.3746742904186249, 0.3746165335178375, 0.3745884597301483, 0.37453651428222656, 0.37451061606407166, 0.37449410557746887, 0.3744722604751587, 0.37448155879974365, 0.37445127964019775, 0.3743980824947357, 0.3743501603603363, 0.3742968738079071, 0.3742971420288086, 0.37425127625465393, 0.3741925358772278, 0.3741220235824585, 0.3740772604942322, 0.37402644753456116, 0.37397095561027527, 0.37391823530197144, 0.37387701869010925, 0.3738444149494171, 0.3738240897655487, 0.37378486990928