,number,value,datetime_start,datetime_complete,duration,params_batch_size_scaler,params_constant_learning_rate,params_depth,params_epochs,params_kernel_l2,params_num_trees,params_temperature,user_attrs_accuracy_test,user_attrs_accuracy_valid,user_attrs_approximate_feature_sparsity,user_attrs_approximate_feature_sparsity_history,user_attrs_approximate_weight_sparsity,user_attrs_approximate_weight_sparsity_history,user_attrs_auc_test,user_attrs_auc_valid,user_attrs_feature_sparsity,user_attrs_feature_sparsity_history,user_attrs_num_epochs,user_attrs_val_loss_history,user_attrs_weight_sparsity,user_attrs_weight_sparsity_history,state
112,112,0.8327085829114658,2024-08-31 05:41:42.303978,2024-08-31 05:42:34.978414,0 days 00:00:52.674436,16,0.07588026439426074,4,230,0.058024915795350976,93,0.0006200303274976174,0.874,0.8725,33,"[33, 33, 33, 33, 33, 33, 33, 33, 33, 33, 33, 33, 33, 33, 33, 33, 33, 33, 33, 33, 33, 33, 33, 33, 33, 33, 33, 33, 33, 33, 33, 33, 33, 33, 33, 33, 33, 33, 33, 33, 33, 33, 33, 33, 33, 33, 33, 33, 33, 33, 33, 33, 33, 33, 33, 33, 33, 33, 33, 33, 33, 33, 33, 33, 33, 33, 33, 33, 33, 33, 33, 33, 33, 33, 33, 33, 33, 33, 33, 33, 33, 33, 33, 33, 33, 33, 33, 33, 33, 33, 33, 33, 33, 33, 33, 33, 33, 33, 33, 33, 33, 33, 33, 33, 33, 33, 33, 33, 33, 33, 33, 33, 33, 33, 33, 33, 33, 33, 33, 33, 33, 33, 33, 33, 33, 33, 33, 33, 33, 33, 33, 33, 33, 33, 33, 33, 33, 33, 33, 33, 33, 33, 33, 33, 33, 33, 33, 33, 33, 33, 33, 33, 33, 33, 33, 33, 33, 33, 33, 33, 33, 33, 33, 33, 33, 33, 33, 33, 33, 33, 33, 33, 33, 33, 33, 33, 33, 33, 33, 33, 33, 33, 33, 33, 33, 33, 33, 33, 33, 33, 33, 33, 33, 33, 33, 33, 33, 33, 33, 33, 33, 33, 33, 33, 33, 33, 33, 33, 33, 33, 33, 33, 33, 33, 33, 33, 33, 33, 33, 33, 33, 33, 33, 33, 33, 33, 33, 33, 33, 33]",32.95340501792114,"[32.94838709677419, 32.935483870967744, 32.94767025089606, 32.955555555555556, 32.95268817204301, 32.951254480286735, 32.95197132616487, 32.95340501792114, 32.94982078853047, 32.956272401433694, 32.956989247311824, 32.9505376344086, 32.94910394265233, 32.94838709677419, 32.94336917562724, 32.94767025089605, 32.94408602150537, 32.945519713261646, 32.945519713261646, 32.94336917562724, 32.945519713261646, 32.94838709677419, 32.94695340501792, 32.94408602150537, 32.944802867383515, 32.946236559139784, 32.945519713261646, 32.94336917562724, 32.95197132616487, 32.95340501792115, 32.95627240143369, 32.956272401433694, 32.95483870967742, 32.94767025089605, 32.94767025089605, 32.95555555555555, 32.95197132616487, 32.94982078853046, 32.94695340501792, 32.95268817204301, 32.95197132616487, 32.95483870967742, 32.95627240143369, 32.95913978494624, 32.95770609318996, 32.96200716845878, 32.961290322580645, 32.956272401433694, 32.95627240143369, 32.94982078853047, 32.94336917562724, 32.946953405017915, 32.94480286738351, 32.94910394265232, 32.941218637992826, 32.941935483870964, 32.945519713261646, 32.94838709677419, 32.94121863799283, 32.9426523297491, 32.94121863799283, 32.945519713261646, 32.94408602150538, 32.944802867383515, 32.94982078853047, 32.941218637992826, 32.93978494623656, 32.94910394265233, 32.94695340501792, 32.9426523297491, 32.94193548387097, 32.941935483870964, 32.93906810035842, 32.94408602150537, 32.94910394265233, 32.95483870967742, 32.951254480286735, 32.944802867383515, 32.9505376344086, 32.94910394265233, 32.951254480286735, 32.945519713261646, 32.94838709677419, 32.945519713261646, 32.945519713261646, 32.945519713261646, 32.950537634408605, 32.9505376344086, 32.95412186379928, 32.95197132616487, 32.951254480286735, 32.95412186379928, 32.945519713261646, 32.94695340501792, 32.95412186379929, 32.95483870967742, 32.95483870967742, 32.9584229390681, 32.9584229390681, 32.95412186379929, 32.95340501792114, 32.956989247311824, 32.95340501792114, 32.951254480286735, 32.95412186379928, 32.956272401433694, 32.96057347670251, 32.956989247311824, 32.956272401433694, 32.950537634408605, 32.950537634408605, 32.94982078853046, 32.94408602150537, 32.951254480286735, 32.94336917562724, 32.945519713261646, 32.94121863799283, 32.944802867383515, 32.936200716845875, 32.946953405017915, 32.94193548387097, 32.94623655913978, 32.950537634408605, 32.95340501792115, 32.951254480286735, 32.946953405017915, 32.94695340501792, 32.94982078853047, 32.94910394265233, 32.94767025089605, 32.94408602150538, 32.9505376344086, 32.94838709677419, 32.950537634408605, 32.94480286738351, 32.940501792114695, 32.93691756272401, 32.93835125448029, 32.941935483870964, 32.9426523297491, 32.945519713261646, 32.940501792114695, 32.93978494623656, 32.94480286738351, 32.94910394265233, 32.94480286738351, 32.94408602150537, 32.94336917562724, 32.941218637992826, 32.94121863799283, 32.93835125448028, 32.94480286738351, 32.94408602150538, 32.94336917562724, 32.941218637992826, 32.93835125448029, 32.93763440860215, 32.941935483870964, 32.93835125448028, 32.946236559139784, 32.946236559139784, 32.941935483870964, 32.9426523297491, 32.93906810035842, 32.94121863799283, 32.94336917562724, 32.93978494623656, 32.94408602150537, 32.94695340501792, 32.94695340501792, 32.946236559139784, 32.94480286738351, 32.94695340501792, 32.94767025089605, 32.94910394265233, 32.94838709677419, 32.945519713261646, 32.94408602150538, 32.94121863799283, 32.945519713261646, 32.94838709677419, 32.94408602150537, 32.94767025089605, 32.945519713261646, 32.94910394265233, 32.94838709677419, 32.94910394265233, 32.94695340501792, 32.95268817204301, 32.95268817204301, 32.95340501792114, 32.94982078853047, 32.94910394265233, 32.94982078853047, 32.9426523297491, 32.945519713261646, 32.94767025089606, 32.946236559139784, 32.94982078853047, 32.94767025089606, 32.94767025089605, 32.94910394265233, 32.94767025089605, 32.94767025089605, 32.946953405017915, 32.951254480286735, 32.95412186379929, 32.95197132616487, 32.95197132616487, 32.95197132616487, 32.95197132616487, 32.94982078853046, 32.951254480286735, 32.951254480286735, 32.9505376344086, 32.95483870967742, 32.9505376344086, 32.956272401433694, 32.95340501792114, 32.95483870967742, 32.95913978494623, 32.95627240143369, 32.952688172043004, 32.94838709677419, 32.94838709677419, 32.941935483870964, 32.946236559139784, 32.9505376344086, 32.94838709677419, 32.95340501792114]",0.841965339872357,0.8327085829114658,33,"[33, 33, 33, 33, 33, 33, 33, 33, 33, 33, 33, 33, 33, 33, 33, 33, 33, 33, 33, 33, 33, 33, 33, 33, 33, 33, 33, 33, 33, 33, 33, 33, 33, 33, 33, 33, 33, 33, 33, 33, 33, 33, 33, 33, 33, 33, 33, 33, 33, 33, 33, 33, 33, 33, 33, 33, 33, 33, 33, 33, 33, 33, 33, 33, 33, 33, 33, 33, 33, 33, 33, 33, 33, 33, 33, 33, 33, 33, 33, 33, 33, 33, 33, 33, 33, 33, 33, 33, 33, 33, 33, 33, 33, 33, 33, 33, 33, 33, 33, 33, 33, 33, 33, 33, 33, 33, 33, 33, 33, 33, 33, 33, 33, 33, 33, 33, 33, 33, 33, 33, 33, 33, 33, 33, 33, 33, 33, 33, 33, 33, 33, 33, 33, 33, 33, 33, 33, 33, 33, 33, 33, 33, 33, 33, 33, 33, 33, 33, 33, 33, 33, 33, 33, 33, 33, 33, 33, 33, 33, 33, 33, 33, 33, 33, 33, 33, 33, 33, 33, 33, 33, 33, 33, 33, 33, 33, 33, 33, 33, 33, 33, 33, 33, 33, 33, 33, 33, 33, 33, 33, 33, 33, 33, 33, 33, 33, 33, 33, 33, 33, 33, 33, 33, 33, 33, 33, 33, 33, 33, 33, 33, 33, 33, 33, 33, 33, 33, 33, 33, 33, 33, 33, 33, 33, 33, 33, 33, 33, 33, 33]",230,"[0.41152310371398926, 0.4033351540565491, 0.39971110224723816, 0.39693042635917664, 0.39443889260292053, 0.39231741428375244, 0.3902413249015808, 0.38836491107940674, 0.3866769075393677, 0.3853650987148285, 0.3838824927806854, 0.38265395164489746, 0.3816925287246704, 0.38054028153419495, 0.37956228852272034, 0.3785540461540222, 0.3775414526462555, 0.37680432200431824, 0.37601128220558167, 0.37532007694244385, 0.3748173117637634, 0.3740588426589966, 0.37357333302497864, 0.3728650212287903, 0.37233421206474304, 0.3718069791793823, 0.3713488280773163, 0.3707602322101593, 0.37028875946998596, 0.3699035346508026, 0.36942315101623535, 0.3689819276332855, 0.36853641271591187, 0.3681793212890625, 0.36787375807762146, 0.367343932390213, 0.3670344948768616, 0.36642131209373474, 0.36627301573753357, 0.36598241329193115, 0.3654397130012512, 0.36507996916770935, 0.3645975589752197, 0.36429351568222046, 0.3638177216053009, 0.3636123538017273, 0.36311718821525574, 0.36311104893684387, 0.3627258241176605, 0.3620707392692566, 0.36189982295036316, 0.36132773756980896, 0.3610268831253052, 0.3606531023979187, 0.3601786494255066, 0.3598397374153137, 0.3597439229488373, 0.3592952489852905, 0.3588898777961731, 0.3585515320301056, 0.3583279848098755, 0.3581630289554596, 0.3575884997844696, 0.35758158564567566, 0.3569636642932892, 0.35648050904273987, 0.35622259974479675, 0.3558878004550934, 0.3554217219352722, 0.35513371229171753, 0.3547497093677521, 0.3546516001224518, 0.35427597165107727, 0.35397207736968994, 0.3536869287490845, 0.3533628582954407, 0.3530806601047516, 0.3529324233531952, 0.35243403911590576, 0.3520228862762451, 0.3517347276210785, 0.35138922929763794, 0.35121744871139526, 0.3509068191051483, 0.3505517244338989, 0.35028305649757385, 0.35000550746917725, 0.34970179200172424, 0.34934279322624207, 0.3492359519004822, 0.34899646043777466, 0.34848788380622864, 0.34812915325164795, 0.3478851020336151, 0.34784823656082153, 0.34723910689353943, 0.3469729721546173, 0.34659820795059204, 0.34630879759788513, 0.34605294466018677, 0.3459776043891907, 0.34568142890930176, 0.3452926278114319, 0.3452335000038147, 0.3446517586708069, 0.34447041153907776, 0.3441790044307709, 0.3444026708602905, 0.34359627962112427, 0.3434102535247803, 0.34300240874290466, 0.34278738498687744, 0.342530220746994, 0.3423742949962616, 0.3422084152698517, 0.34212803840637207, 0.3417152464389801, 0.3411077558994293, 0.34082427620887756, 0.3406280279159546, 0.34063243865966797, 0.3403046131134033, 0.3400687277317047, 0.339821457862854, 0.33938828110694885, 0.3391798734664917, 0.33873122930526733, 0.3384704291820526, 0.3382817208766937, 0.33795931935310364, 0.33779364824295044, 0.33757349848747253, 0.33720943331718445, 0.33715298771858215, 0.3367786705493927, 0.3365461230278015, 0.3363584876060486, 0.33596405386924744, 0.33593985438346863, 0.33556443452835083, 0.33563005924224854, 0.3350669741630554, 0.3347959816455841, 0.3345097601413727, 0.3342849612236023, 0.3340762257575989, 0.33390548825263977, 0.33369937539100647, 0.3334231674671173, 0.3335636556148529, 0.3331037759780884, 0.33272257447242737, 0.3325580656528473, 0.3322848975658417, 0.3321201801300049, 0.33183780312538147, 0.33153823018074036, 0.33134791254997253, 0.3309701681137085, 0.3308694064617157, 0.3307807147502899, 0.33049261569976807, 0.3300533592700958, 0.32979968190193176, 0.32948586344718933, 0.32918739318847656, 0.32928863167762756, 0.32889556884765625, 0.3285277187824249, 0.32832324504852295, 0.3281582295894623, 0.3277389109134674, 0.32776451110839844, 0.3274195194244385, 0.32720130681991577, 0.3268286883831024, 0.3268638253211975, 0.3265918493270874, 0.3261653184890747, 0.32588568329811096, 0.3256570100784302, 0.32545703649520874, 0.3251537084579468, 0.32508519291877747, 0.32466375827789307, 0.32446327805519104, 0.32414481043815613, 0.32407090067863464, 0.32380059361457825, 0.32353249192237854, 0.3233545422554016, 0.3230709135532379, 0.32272347807884216, 0.32264819741249084, 0.3221752941608429, 0.32204848527908325, 0.3217056393623352, 0.3215893507003784, 0.3212506175041199, 0.3215758204460144, 0.3206820785999298, 0.3206363022327423, 0.32028651237487793, 0.3199337124824524, 0.31967222690582275, 0.3194701075553894, 0.31915083527565, 0.3189654052257538, 0.31883031129837036, 0.3186570405960083, 0.3180866241455078, 0.3181968033313751, 0.31780844926834106, 0.31728285551071167, 0.31715643405914307, 0.3170235753059387, 0.31672874093055725, 0.3162821829319, 0.31604334712028503, 0.3159095048904419, 0.31561151146888733, 0.3152884244918823, 0.3153134286403656, 0.3147716522216797, 0.31465357542037964, 0.3143153190612793, 0.3139205276966095, 0.31361186504364014, 0.31320008635520935, 0.3127986192703247]",33.0,"[33.0, 33.0, 33.0, 33.0, 33.0, 33.0, 33.0, 33.0, 33.0, 33.0, 33.0, 33.0, 33.0, 33.0, 33.0, 33.0, 33.0, 33.0, 33.0, 33.0, 33.0, 33.0, 33.0, 33.0, 33.0, 33.0, 33.0, 33.0, 33.0, 33.0, 33.0, 33.0, 33.0, 33.0, 33.0, 33.0, 33.0, 33.0, 33.0, 33.0, 33.0, 33.0, 33.0, 33.0, 33.0, 33.0, 33.0, 33.0, 33.0, 33.0, 33.0, 33.0, 33.0, 33.0, 33.0, 33.0, 33.0, 33.0, 33.0, 33.0, 33.0, 33.0, 33.0, 33.0, 33.0, 33.0, 33.0, 33.0, 33.0, 33.0, 33.0, 33.0, 33.0, 33.0, 33.0, 33.0, 33.0, 33.0, 33.0, 33.0, 33.0, 33.0, 33.0, 33.0, 33.0, 33.0, 33.0, 33.0, 33.0, 33.0, 33.0, 33.0, 33.0, 33.0, 33.0, 33.0, 33.0, 33.0, 33.0, 33.0, 33.0, 33.0, 33.0, 33.0, 33.0, 33.0, 33.0, 33.0, 33.0, 33.0, 33.0, 33.0, 33.0, 33.0, 33.0, 33.0, 33.0, 33.0, 33.0, 33.0, 33.0, 33.0, 33.0, 33.0, 33.0, 33.0, 33.0, 33.0, 33.0, 33.0, 33.0, 33.0, 33.0, 33.0, 33.0, 33.0, 33.0, 33.0, 33.0, 33.0, 33.0, 33.0, 33.0, 33.0, 33.0, 33.0, 33.0, 33.0, 33.0, 33.0, 33.0, 33.0, 33.0, 33.0, 33.0, 33.0, 33.0, 33.0, 33.0, 33.0, 33.0, 33.0, 33.0, 33.0, 33.0, 33.0, 33.0, 33.0, 33.0, 33.0, 33.0, 33.0, 33.0, 33.0, 33.0, 33.0, 33.0, 33.0, 33.0, 33.0, 33.0, 33.0, 33.0, 33.0, 33.0, 33.0, 33.0, 33.0, 33.0, 33.0, 33.0, 33.0, 33.0, 33.0, 33.0, 33.0, 33.0, 33.0, 33.0, 33.0, 33.0, 33.0, 33.0, 33.0, 33.0, 33.0, 33.0, 33.0, 33.0, 33.0, 33.0, 33.0, 33.0, 33.0, 33.0, 33.0, 33.0, 33.0, 33.0, 33.0, 33.0, 33.0, 33.0, 33.0, 33.0, 33.0, 33.0, 33.0, 33.0, 33.0]",COMPLETE
