,number,value,datetime_start,datetime_complete,duration,params_batch_size_scaler,params_constant_learning_rate,params_depth,params_epochs,params_kernel_l2,params_num_trees,params_temperature,user_attrs_accuracy_test,user_attrs_accuracy_valid,user_attrs_approximate_feature_sparsity,user_attrs_approximate_feature_sparsity_history,user_attrs_approximate_weight_sparsity,user_attrs_approximate_weight_sparsity_history,user_attrs_auc_test,user_attrs_auc_valid,user_attrs_feature_sparsity,user_attrs_feature_sparsity_history,user_attrs_num_epochs,user_attrs_val_loss_history,user_attrs_weight_sparsity,user_attrs_weight_sparsity_history,state
145,145,0.9329520423542141,2024-08-31 07:19:31.957382,2024-08-31 07:24:29.051778,0 days 00:04:57.094396,1,1.1832650164453429,6,125,0.07741477754409248,58,0.00012685097099352234,0.92,0.9275,27,"[33, 33, 33, 33, 33, 33, 33, 33, 33, 33, 32, 31, 30, 30, 29, 29, 29, 29, 29, 29, 29, 29, 29, 29, 29, 29, 29, 29, 29, 29, 29, 29, 29, 29, 29, 29, 29, 29, 29, 29, 29, 28, 28, 28, 28, 28, 28, 28, 28, 28, 28, 28, 28, 28, 28, 28, 28, 28, 28, 28, 28, 28, 28, 28, 28, 28, 28, 28, 28, 28, 28, 28, 28, 28, 28, 28, 28, 28, 28, 28, 28, 28, 28, 28, 28, 28, 28, 28, 28, 28, 28, 28, 28, 28, 28, 28, 28, 28, 27, 27, 27, 27, 27, 27, 27, 27, 27, 27, 27, 27, 27, 27, 27, 27, 27, 27, 27, 27, 27, 27, 27, 27, 27, 27, 27]",26.8431855500821,"[32.92829775588397, 32.91871921182266, 32.9263820470717, 32.92829775588396, 32.92939244663383, 32.92583470169677, 32.914340448823204, 32.93103448275862, 32.92282430213464, 32.92665571975917, 31.926655719759168, 30.92118226600985, 29.92911877394636, 29.9263820470717, 28.925561029009305, 28.926929392446635, 28.930213464696223, 28.923371647509576, 28.92255062944718, 28.920634920634917, 28.927476737821568, 28.923371647509576, 28.92775041050903, 28.926108374384235, 28.928297755883964, 28.928845101258894, 28.92309797482211, 28.92583470169677, 28.919813902572525, 28.92172961138478, 28.92337164750958, 28.915161466885607, 28.918445539135195, 28.914614121510674, 28.916529830322933, 28.916256157635466, 28.921455938697317, 28.91105637657362, 28.915982484948003, 28.911603721948552, 28.907498631636564, 27.918719211822665, 27.914614121510674, 27.91105637657362, 27.927476737821564, 27.91981390257252, 27.920908593322384, 27.913519430760807, 27.918445539135195, 27.91297208538588, 27.910509031198686, 27.91351943076081, 27.91215106732348, 27.90914066776136, 27.91434044882321, 27.909961685823756, 27.91351943076081, 27.905856595511768, 27.91269841269841, 27.907498631636564, 27.909414340448823, 27.92063492063492, 27.91023535851122, 27.89737274220033, 27.90175150519978, 27.896278051450462, 27.892993979200874, 27.888615216201423, 27.891625615763544, 27.895730706075536, 27.89737274220033, 27.88888888888889, 27.888615216201423, 27.88232074438971, 27.89326765188834, 27.88943623426382, 27.885878489326767, 27.888615216201423, 27.88752052545156, 27.88314176245211, 27.885878489326764, 27.883689107827042, 27.882594417077172, 27.87657361795293, 27.889709906951285, 27.887794198139023, 27.880131362889987, 27.882047071702242, 27.87575259989053, 27.873289545703337, 27.87629994526546, 27.87110016420361, 27.869458128078815, 27.876299945265462, 27.868363437328956, 27.866447728516693, 27.868637110016422, 27.87465790914067, 26.873015873015873, 26.87383689107827, 26.871373836891078, 26.877941981390258, 26.869731800766285, 26.868363437328952, 26.868637110016415, 26.868363437328956, 26.87274220032841, 26.869458128078815, 26.862616310892175, 26.864258347016964, 26.862068965517242, 26.856595511767928, 26.856048166392995, 26.859332238642583, 26.861247947454842, 26.859332238642583, 26.85331143951834, 26.85769020251779, 26.857963875205254, 26.855500821018065, 26.85249042145594, 26.84674329501916, 26.850027367268748, 26.85112205801861, 26.8431855500821]",0.8942940413973035,0.9329520423542141,27,"[33, 33, 33, 33, 33, 33, 33, 33, 33, 33, 32, 31, 30, 30, 29, 29, 29, 29, 29, 29, 29, 29, 29, 29, 29, 29, 29, 29, 29, 29, 29, 29, 29, 29, 29, 29, 29, 29, 29, 29, 29, 28, 28, 28, 28, 28, 28, 28, 28, 28, 28, 28, 28, 28, 28, 28, 28, 28, 28, 28, 28, 28, 28, 28, 28, 28, 28, 28, 28, 28, 28, 28, 28, 28, 28, 28, 28, 28, 28, 28, 28, 28, 28, 28, 28, 28, 28, 28, 28, 28, 28, 28, 28, 28, 28, 28, 28, 28, 27, 27, 27, 27, 27, 27, 27, 27, 27, 27, 27, 27, 27, 27, 27, 27, 27, 27, 27, 27, 27, 27, 27, 27, 27, 27, 27]",125,"[0.3445313274860382, 0.3165406882762909, 0.2702544331550598, 0.2485368400812149, 0.2324094921350479, 0.2177843600511551, 0.22046387195587158, 0.21069888770580292, 0.20251473784446716, 0.18936210870742798, 0.1992669552564621, 0.18916888535022736, 0.20056819915771484, 0.17674726247787476, 0.1890580952167511, 0.18222549557685852, 0.1908692866563797, 0.18467678129673004, 0.18411549925804138, 0.1910792887210846, 0.19887763261795044, 0.19179704785346985, 0.19994567334651947, 0.19329801201820374, 0.18582643568515778, 0.1932813823223114, 0.18981461226940155, 0.21223878860473633, 0.20481212437152863, 0.20304466784000397, 0.20785778760910034, 0.1905028522014618, 0.19656386971473694, 0.2174106240272522, 0.2017255276441574, 0.20142240822315216, 0.2168203592300415, 0.2146964967250824, 0.2377171516418457, 0.22075538337230682, 0.22140100598335266, 0.2174648642539978, 0.2082592397928238, 0.22549283504486084, 0.23530185222625732, 0.23993271589279175, 0.23977980017662048, 0.24706913530826569, 0.24251270294189453, 0.25928354263305664, 0.25537994503974915, 0.24065850675106049, 0.2734145224094391, 0.2630663216114044, 0.25904935598373413, 0.27119484543800354, 0.2844371795654297, 0.27725693583488464, 0.28058111667633057, 0.2682841718196869, 0.2936995327472687, 0.28437647223472595, 0.2877248227596283, 0.296106219291687, 0.3089618980884552, 0.3096282184123993, 0.29816555976867676, 0.2983285188674927, 0.30002811551094055, 0.2912704348564148, 0.33105823397636414, 0.3173007369041443, 0.3211444020271301, 0.30267465114593506, 0.30589932203292847, 0.31176215410232544, 0.3031189441680908, 0.309065580368042, 0.3020840883255005, 0.3117539584636688, 0.31592118740081787, 0.3210715055465698, 0.32510966062545776, 0.31395429372787476, 0.3216875493526459, 0.31115221977233887, 0.3257704973220825, 0.31440311670303345, 0.3147047758102417, 0.3210431635379791, 0.3235168755054474, 0.31823909282684326, 0.321401983499527, 0.32468751072883606, 0.3230687081813812, 0.3208969831466675, 0.3498847186565399, 0.3591422140598297, 0.4463242292404175, 0.4354223310947418, 0.4118207097053528, 0.42630520462989807, 0.38093215227127075, 0.3560142517089844, 0.3511837124824524, 0.3434768617153168, 0.34736788272857666, 0.34091880917549133, 0.3439781963825226, 0.3383916914463043, 0.3337004780769348, 0.34212103486061096, 0.34121808409690857, 0.3376394212245941, 0.3319014608860016, 0.33096086978912354, 0.3339711129665375, 0.3348183333873749, 0.3391939401626587, 0.3285214602947235, 0.3321317434310913, 0.32735946774482727, 0.3347278833389282, 0.332217812538147, 0.33353957533836365]",27.0,"[33.0, 33.0, 33.0, 33.0, 33.0, 33.0, 33.0, 33.0, 33.0, 33.0, 32.0, 31.0, 30.0, 30.0, 29.0, 29.0, 29.0, 29.0, 29.0, 29.0, 29.0, 29.0, 29.0, 29.0, 29.0, 29.0, 29.0, 29.0, 29.0, 29.0, 29.0, 29.0, 29.0, 29.0, 29.0, 29.0, 29.0, 29.0, 29.0, 29.0, 29.0, 28.0, 28.0, 28.0, 28.0, 28.0, 28.0, 28.0, 28.0, 28.0, 28.0, 28.0, 28.0, 28.0, 28.0, 28.0, 28.0, 28.0, 28.0, 28.0, 28.0, 28.0, 28.0, 28.0, 28.0, 28.0, 28.0, 28.0, 28.0, 28.0, 28.0, 28.0, 28.0, 28.0, 28.0, 28.0, 28.0, 28.0, 28.0, 28.0, 28.0, 28.0, 28.0, 28.0, 28.0, 28.0, 28.0, 28.0, 28.0, 28.0, 28.0, 28.0, 28.0, 28.0, 28.0, 28.0, 28.0, 28.0, 27.0, 27.0, 27.0, 27.0, 27.0, 27.0, 27.0, 27.0, 27.0, 27.0, 27.0, 27.0, 27.0, 27.0, 27.0, 27.0, 27.0, 27.0, 27.0, 27.0, 27.0, 27.0, 27.0, 27.0, 27.0, 27.0, 27.0]",COMPLETE
146,146,0.6537336888614084,2024-08-31 07:24:31.682159,2024-08-31 07:24:34.000272,0 days 00:00:02.318113,16,0.05734881470132793,1,10,0.0295519359440557,23,0.0001369135517921024,0.859,0.85875,33,"[33, 33, 33, 33, 33, 33, 33, 33, 33, 33]",32.95652173913044,"[32.95652173913044, 33.0, 32.95652173913044, 33.0, 33.0, 33.0, 33.0, 33.0, 33.0, 32.95652173913044]",0.7058760392671669,0.6537336888614084,33,"[33, 33, 33, 33, 33, 33, 33, 33, 33, 33]",10,"[0.4424929916858673, 0.4377184808254242, 0.43392235040664673, 0.430876761674881, 0.4283824563026428, 0.4258182942867279, 0.4237338602542877, 0.42309534549713135, 0.4200904965400696, 0.4190015494823456]",33.0,"[33.0, 33.0, 33.0, 33.0, 33.0, 33.0, 33.0, 33.0, 33.0, 33.0]",COMPLETE
