,number,value,datetime_start,datetime_complete,duration,params_batch_size_scaler,params_constant_learning_rate,params_depth,params_epochs,params_kernel_l2,params_num_trees,params_temperature,user_attrs_accuracy_test,user_attrs_accuracy_valid,user_attrs_approximate_feature_sparsity,user_attrs_approximate_feature_sparsity_history,user_attrs_approximate_weight_sparsity,user_attrs_approximate_weight_sparsity_history,user_attrs_auc_test,user_attrs_auc_valid,user_attrs_feature_sparsity,user_attrs_feature_sparsity_history,user_attrs_num_epochs,user_attrs_val_loss_history,user_attrs_weight_sparsity,user_attrs_weight_sparsity_history,state
12,12,0.9213716170086691,2024-08-31 01:12:01.162786,2024-08-31 01:13:23.654641,0 days 00:01:22.491855,64,3.8026280378327995,4,425,0.002357870480770308,54,0.0006879407523693494,0.941,0.9375,13,"[33, 33, 33, 33, 33, 33, 33, 33, 33, 33, 33, 33, 33, 33, 33, 33, 33, 33, 33, 33, 33, 33, 33, 33, 33, 33, 33, 33, 33, 33, 32, 28, 24, 23, 21, 20, 20, 20, 20, 20, 20, 20, 20, 19, 19, 18, 18, 18, 18, 18, 18, 18, 18, 18, 18, 18, 17, 17, 17, 17, 17, 17, 17, 17, 17, 17, 17, 17, 17, 17, 17, 17, 17, 17, 17, 17, 17, 17, 17, 17, 17, 17, 17, 17, 17, 17, 17, 17, 17, 17, 17, 17, 17, 17, 17, 17, 17, 17, 17, 17, 17, 17, 17, 17, 17, 17, 17, 17, 17, 17, 17, 17, 17, 17, 17, 16, 16, 16, 16, 16, 16, 16, 16, 16, 16, 16, 16, 16, 16, 16, 16, 16, 16, 16, 16, 16, 16, 16, 16, 16, 16, 16, 16, 16, 16, 16, 16, 15, 15, 15, 15, 15, 15, 15, 15, 15, 15, 15, 15, 15, 15, 15, 15, 15, 15, 15, 15, 14, 14, 14, 14, 14, 14, 14, 14, 14, 14, 14, 14, 14, 14, 14, 14, 14, 14, 14, 14, 14, 14, 14, 14, 14, 14, 14, 14, 14, 14, 14, 14, 14, 14, 14, 14, 14, 14, 13, 13, 13, 13, 13, 13, 13, 13, 13, 13, 13, 13, 13, 13, 13, 13, 13, 13, 13, 13, 13, 13, 13, 13, 13, 13, 13, 13, 13, 13, 13, 13, 13, 13, 13, 13, 13, 13, 13, 13, 13, 13, 13, 13, 13, 13, 13, 13, 13, 13, 13, 13, 13, 13, 13, 13, 13, 13, 13, 13, 13, 13, 13, 13, 13, 13, 13, 13, 13, 13, 13, 13, 13, 13, 13, 13, 13, 13, 13, 13, 13, 13, 13, 13, 13, 13, 13, 13, 13, 13, 13, 13, 13, 13, 13, 13, 13, 13, 13, 13, 13, 13, 13, 13, 13, 13, 13, 13, 13, 13, 13, 13, 13, 13, 13, 13, 13, 13, 13, 13, 13, 13, 13, 13, 13, 13, 13, 13, 13, 13, 13, 13, 13, 13, 13, 13, 13, 13, 13, 13, 13, 13, 13, 13, 13, 13, 13, 13, 13, 13, 13, 13, 13, 13, 13, 13, 13, 13, 13, 13, 13, 13, 13, 13, 13, 13, 13, 13, 13, 13, 13, 13, 13, 13, 13, 13, 13, 13, 13, 13, 13, 13, 13, 13, 13, 13, 13, 13, 13, 13, 13, 13, 13, 13, 13, 13, 13, 13, 13, 13, 13, 13, 13, 13, 13, 13, 13, 13, 13, 13, 13, 13, 13, 13, 13, 13, 13, 13, 13, 13]",12.98395061728395,"[32.95432098765432, 32.96666666666667, 32.94814814814815, 32.95185185185185, 32.95432098765432, 32.961728395061726, 32.967901234567904, 32.95432098765432, 32.95802469135802, 32.96543209876543, 32.95802469135803, 32.9753086419753, 32.955555555555556, 32.96049382716049, 32.9641975308642, 32.96913580246914, 32.96049382716049, 32.971604938271604, 32.971604938271604, 32.96913580246913, 32.97037037037037, 32.955555555555556, 32.95061728395062, 32.96296296296296, 32.96543209876543, 32.961728395061726, 32.953086419753085, 32.959259259259255, 32.96296296296296, 32.95679012345679, 31.964197530864197, 27.977777777777774, 23.980246913580245, 22.960493827160494, 20.976543209876542, 19.976543209876546, 19.97283950617284, 19.97530864197531, 19.972839506172843, 19.974074074074075, 19.982716049382717, 19.982716049382717, 19.976543209876542, 18.977777777777778, 18.981481481481485, 17.979012345679013, 17.970370370370368, 17.977777777777774, 17.976543209876542, 17.982716049382717, 17.97530864197531, 17.98148148148148, 17.983950617283952, 17.976543209876542, 17.972839506172843, 17.982716049382717, 16.987654320987655, 16.982716049382717, 16.985185185185184, 16.990123456790123, 16.98148148148148, 16.982716049382717, 16.98024691358025, 16.980246913580245, 16.98395061728395, 16.98148148148148, 16.979012345679013, 16.979012345679013, 16.988888888888887, 16.980246913580245, 16.977777777777778, 16.985185185185184, 16.985185185185184, 16.983950617283952, 16.979012345679013, 16.980246913580245, 16.983950617283952, 16.982716049382717, 16.990123456790123, 16.981481481481485, 16.98641975308642, 16.990123456790123, 16.98148148148148, 16.98148148148148, 16.98765432098765, 16.985185185185184, 16.983950617283952, 16.985185185185188, 16.976543209876542, 16.98024691358025, 16.982716049382717, 16.985185185185188, 16.985185185185188, 16.98395061728395, 16.98395061728395, 16.98888888888889, 16.982716049382717, 16.982716049382717, 16.983950617283952, 16.987654320987655, 16.979012345679013, 16.982716049382717, 16.98148148148148, 16.983950617283952, 16.985185185185184, 16.983950617283952, 16.976543209876546, 16.98395061728395, 16.979012345679017, 16.974074074074075, 16.977777777777778, 16.98641975308642, 16.98148148148148, 16.980246913580245, 16.982716049382717, 15.983950617283952, 15.980246913580247, 15.982716049382715, 15.985185185185186, 15.98641975308642, 15.983950617283952, 15.982716049382717, 15.982716049382717, 15.975308641975309, 15.974074074074073, 15.976543209876542, 15.97777777777778, 15.98641975308642, 15.97777777777778, 15.982716049382715, 15.981481481481483, 15.980246913580247, 15.98395061728395, 15.987654320987655, 15.98395061728395, 15.980246913580247, 15.987654320987653, 15.987654320987653, 15.985185185185184, 15.980246913580247, 15.985185185185186, 15.988888888888889, 15.980246913580245, 15.980246913580249, 15.985185185185184, 15.985185185185184, 15.986419753086421, 14.976543209876542, 14.982716049382717, 14.982716049382717, 14.992592592592592, 14.986419753086421, 14.981481481481481, 14.992592592592592, 14.98395061728395, 14.979012345679013, 14.981481481481483, 14.977777777777778, 14.98641975308642, 14.985185185185184, 14.990123456790124, 14.982716049382717, 14.986419753086418, 14.99135802469136, 14.98641975308642, 14.987654320987653, 14.993827160493828, 13.987654320987653, 13.988888888888887, 13.987654320987653, 13.982716049382717, 13.986419753086418, 13.991358024691358, 13.987654320987655, 13.988888888888887, 13.98641975308642, 13.990123456790123, 13.987654320987653, 13.987654320987653, 13.990123456790123, 13.992592592592594, 13.991358024691358, 13.987654320987653, 13.987654320987653, 13.987654320987655, 13.990123456790124, 13.988888888888889, 13.988888888888889, 13.988888888888889, 13.985185185185184, 13.991358024691358, 13.988888888888889, 13.995061728395061, 13.992592592592592, 13.988888888888889, 13.991358024691356, 13.990123456790123, 13.98641975308642, 13.993827160493828, 13.988888888888887, 13.991358024691358, 13.990123456790124, 13.987654320987655, 13.988888888888889, 13.990123456790124, 12.991358024691356, 12.979012345679012, 12.98641975308642, 12.990123456790124, 12.988888888888889, 12.991358024691358, 12.991358024691358, 12.991358024691358, 12.98395061728395, 12.987654320987655, 12.98888888888889, 12.991358024691356, 12.987654320987653, 12.987654320987655, 12.981481481481483, 12.987654320987657, 12.988888888888889, 12.986419753086418, 12.990123456790124, 12.990123456790124, 12.990123456790124, 12.990123456790124, 12.987654320987657, 12.995061728395063, 12.993827160493828, 12.991358024691358, 12.98641975308642, 12.98395061728395, 12.995061728395061, 12.992592592592592, 12.987654320987653, 12.993827160493828, 12.985185185185182, 12.98395061728395, 12.986419753086421, 12.985185185185186, 12.990123456790124, 12.985185185185184, 12.987654320987653, 12.988888888888889, 12.98395061728395, 12.987654320987653, 12.988888888888889, 12.985185185185186, 12.988888888888887, 12.990123456790124, 12.98641975308642, 12.985185185185186, 12.988888888888889, 12.985185185185186, 12.995061728395061, 12.991358024691358, 12.993827160493828, 12.988888888888889, 12.98641975308642, 12.995061728395063, 12.993827160493828, 12.993827160493828, 12.985185185185186, 12.988888888888889, 12.990123456790123, 12.988888888888889, 12.986419753086421, 12.99506172839506, 12.992592592592592, 12.986419753086418, 12.991358024691358, 12.988888888888889, 12.99259259259259, 12.986419753086421, 12.987654320987653, 12.990123456790123, 12.986419753086421, 12.985185185185186, 12.985185185185186, 12.988888888888889, 12.988888888888889, 12.990123456790124, 12.990123456790123, 12.990123456790124, 12.988888888888889, 12.98641975308642, 12.992592592592592, 12.996296296296297, 12.996296296296295, 12.990123456790124, 12.985185185185186, 12.988888888888889, 12.988888888888889, 12.988888888888887, 12.992592592592592, 12.991358024691356, 12.991358024691356, 12.991358024691356, 12.990123456790123, 12.992592592592594, 12.995061728395061, 12.990123456790124, 12.991358024691356, 12.991358024691356, 12.988888888888889, 12.987654320987653, 12.990123456790123, 12.987654320987652, 12.985185185185186, 12.991358024691356, 12.985185185185186, 12.987654320987653, 12.985185185185184, 12.983950617283952, 12.99135802469136, 12.995061728395063, 12.990123456790124, 12.98641975308642, 12.987654320987653, 12.985185185185186, 12.990123456790123, 12.991358024691358, 12.98395061728395, 12.991358024691356, 12.98641975308642, 12.991358024691358, 12.98641975308642, 12.986419753086418, 12.987654320987653, 12.985185185185184, 12.985185185185186, 12.987654320987655, 12.985185185185186, 12.975308641975309, 12.992592592592592, 12.986419753086421, 12.982716049382717, 12.985185185185186, 12.98395061728395, 12.985185185185186, 12.988888888888889, 12.981481481481483, 12.987654320987655, 12.988888888888889, 12.987654320987655, 12.98395061728395, 12.982716049382717, 12.980246913580247, 12.988888888888887, 12.98395061728395, 12.98641975308642, 12.991358024691356, 12.985185185185186, 12.988888888888887, 12.98888888888889, 12.985185185185186, 12.983950617283949, 12.991358024691358, 12.988888888888887, 12.990123456790124, 12.985185185185186, 12.982716049382715, 12.982716049382717, 12.987654320987655, 12.98641975308642, 12.987654320987657, 12.990123456790124, 12.987654320987653, 12.987654320987655, 12.982716049382718, 12.988888888888887, 12.987654320987655, 12.985185185185186, 12.982716049382717, 12.979012345679012, 12.990123456790123, 12.982716049382717, 12.983950617283952, 12.982716049382715, 12.987654320987655, 12.974074074074075, 12.985185185185186, 12.98888888888889, 12.986419753086418, 12.98395061728395, 12.981481481481481, 12.982716049382717, 12.98641975308642, 12.976543209876544, 12.98888888888889, 12.985185185185186, 12.986419753086421, 12.98641975308642, 12.991358024691356, 12.993827160493828, 12.98888888888889, 12.983950617283952, 12.982716049382715, 12.980246913580245, 12.988888888888889, 12.98641975308642, 12.988888888888889, 12.987654320987657, 12.98641975308642, 12.98641975308642, 12.988888888888887, 12.991358024691358, 12.990123456790124, 12.985185185185184, 12.985185185185184, 12.99135802469136, 12.987654320987655, 12.98395061728395, 12.985185185185186, 12.985185185185186, 12.98641975308642, 12.985185185185184, 12.98641975308642, 12.985185185185186, 12.991358024691358, 12.98395061728395, 12.990123456790124, 12.993827160493828, 12.98395061728395]",0.9207721331913242,0.9213716170086691,13,"[33, 33, 33, 33, 33, 33, 33, 33, 33, 33, 33, 33, 33, 33, 33, 33, 33, 33, 33, 33, 33, 33, 33, 33, 33, 33, 33, 33, 33, 33, 32, 28, 24, 23, 21, 20, 20, 20, 20, 20, 20, 20, 20, 19, 19, 18, 18, 18, 18, 18, 18, 18, 18, 18, 18, 18, 17, 17, 17, 17, 17, 17, 17, 17, 17, 17, 17, 17, 17, 17, 17, 17, 17, 17, 17, 17, 17, 17, 17, 17, 17, 17, 17, 17, 17, 17, 17, 17, 17, 17, 17, 17, 17, 17, 17, 17, 17, 17, 17, 17, 17, 17, 17, 17, 17, 17, 17, 17, 17, 17, 17, 17, 17, 17, 17, 16, 16, 16, 16, 16, 16, 16, 16, 16, 16, 16, 16, 16, 16, 16, 16, 16, 16, 16, 16, 16, 16, 16, 16, 16, 16, 16, 16, 16, 16, 16, 16, 15, 15, 15, 15, 15, 15, 15, 15, 15, 15, 15, 15, 15, 15, 15, 15, 15, 15, 15, 15, 14, 14, 14, 14, 14, 14, 14, 14, 14, 14, 14, 14, 14, 14, 14, 14, 14, 14, 14, 14, 14, 14, 14, 14, 14, 14, 14, 14, 14, 14, 14, 14, 14, 14, 14, 14, 14, 14, 13, 13, 13, 13, 13, 13, 13, 13, 13, 13, 13, 13, 13, 13, 13, 13, 13, 13, 13, 13, 13, 13, 13, 13, 13, 13, 13, 13, 13, 13, 13, 13, 13, 13, 13, 13, 13, 13, 13, 13, 13, 13, 13, 13, 13, 13, 13, 13, 13, 13, 13, 13, 13, 13, 13, 13, 13, 13, 13, 13, 13, 13, 13, 13, 13, 13, 13, 13, 13, 13, 13, 13, 13, 13, 13, 13, 13, 13, 13, 13, 13, 13, 13, 13, 13, 13, 13, 13, 13, 13, 13, 13, 13, 13, 13, 13, 13, 13, 13, 13, 13, 13, 13, 13, 13, 13, 13, 13, 13, 13, 13, 13, 13, 13, 13, 13, 13, 13, 13, 13, 13, 13, 13, 13, 13, 13, 13, 13, 13, 13, 13, 13, 13, 13, 13, 13, 13, 13, 13, 13, 13, 13, 13, 13, 13, 13, 13, 13, 13, 13, 13, 13, 13, 13, 13, 13, 13, 13, 13, 13, 13, 13, 13, 13, 13, 13, 13, 13, 13, 13, 13, 13, 13, 13, 13, 13, 13, 13, 13, 13, 13, 13, 13, 13, 13, 13, 13, 13, 13, 13, 13, 13, 13, 13, 13, 13, 13, 13, 13, 13, 13, 13, 13, 13, 13, 13, 13, 13, 13, 13, 13, 13, 13, 13, 13, 13, 13, 13, 13, 13]",425,"[0.6008259654045105, 0.4971174895763397, 0.6693761944770813, 0.6930584907531738, 0.8482882976531982, 1.584863543510437, 0.5066660642623901, 0.42403534054756165, 0.35432198643684387, 0.34289249777793884, 0.3983975350856781, 0.43631190061569214, 0.729231059551239, 0.429399311542511, 0.3226054012775421, 0.6263889074325562, 0.4911092519760132, 0.29693594574928284, 0.3773960471153259, 0.28327178955078125, 0.350721538066864, 0.3241287171840668, 0.27502647042274475, 0.3209123909473419, 0.42031151056289673, 0.2776341140270233, 0.32411429286003113, 0.4250953793525696, 0.35864198207855225, 0.3863295316696167, 0.2642503082752228, 0.4469531774520874, 0.25026363134384155, 0.2499188929796219, 0.24989578127861023, 0.2961442470550537, 0.22634996473789215, 0.2197369784116745, 0.23473700881004333, 0.26235151290893555, 0.2257794588804245, 0.2511404752731323, 0.2571171820163727, 0.21659187972545624, 0.22222192585468292, 0.20645509660243988, 0.2555484175682068, 0.2946617007255554, 0.23905006051063538, 0.23066049814224243, 0.2017204314470291, 0.21523836255073547, 0.21957771480083466, 0.21061037480831146, 0.31567007303237915, 0.21234075725078583, 0.20556586980819702, 0.2052733451128006, 0.2035696655511856, 0.19495365023612976, 0.19889682531356812, 0.20402365922927856, 0.19389213621616364, 0.19535598158836365, 0.19273337721824646, 0.23844820261001587, 0.2289002537727356, 0.30253514647483826, 0.18847231566905975, 0.19075007736682892, 0.1960582137107849, 0.19240999221801758, 0.2162250131368637, 0.18875651061534882, 0.1891316920518875, 0.18588204681873322, 0.2542719841003418, 0.20833224058151245, 0.260050505399704, 0.1908879429101944, 0.18204928934574127, 0.18123961985111237, 0.18624188005924225, 0.18510843813419342, 0.2142363339662552, 0.18031424283981323, 0.2287014126777649, 0.3082224428653717, 0.17677488923072815, 0.17509059607982635, 0.1799231767654419, 0.22278840839862823, 0.1973249465227127, 0.19163621962070465, 0.17859777808189392, 0.26332738995552063, 0.19836217164993286, 0.20767176151275635, 0.17350250482559204, 0.17465849220752716, 0.2521038055419922, 0.1734350174665451, 0.20701102912425995, 0.17406949400901794, 0.18462148308753967, 0.19507378339767456, 0.17623117566108704, 0.17627590894699097, 0.18947714567184448, 0.1828525960445404, 0.17886227369308472, 0.20021186769008636, 0.18596357107162476, 0.17405307292938232, 0.18283233046531677, 0.21057423949241638, 0.18260426819324493, 0.1819579005241394, 0.2089061141014099, 0.38642457127571106, 0.194594606757164, 0.22754251956939697, 0.17024654150009155, 0.17240816354751587, 0.1763884425163269, 0.18396715819835663, 0.1766642928123474, 0.1769874393939972, 0.17620660364627838, 0.1739700734615326, 0.17680545151233673, 0.17000703513622284, 0.1755918711423874, 0.1706731766462326, 0.18211323022842407, 0.2628592550754547, 0.16849179565906525, 0.17409271001815796, 0.18015354871749878, 0.1865970641374588, 0.1796984076499939, 0.21111612021923065, 0.17262157797813416, 0.17508117854595184, 0.19177395105361938, 0.18060241639614105, 0.2365444153547287, 0.18125765025615692, 0.1857156753540039, 0.18408368527889252, 0.17549315094947815, 0.17446842789649963, 0.17253604531288147, 0.1685340702533722, 0.16728882491588593, 0.17233224213123322, 0.16965414583683014, 0.17084869742393494, 0.19289106130599976, 0.21479302644729614, 0.20361237227916718, 0.16544033586978912, 0.16461020708084106, 0.16791070997714996, 0.17348593473434448, 0.16847479343414307, 0.17766834795475006, 0.1906728744506836, 0.2211909294128418, 0.2004556804895401, 0.19011792540550232, 0.18938985466957092, 0.18567636609077454, 0.19288812577724457, 0.20861834287643433, 0.1979694962501526, 0.18770845234394073, 0.19607730209827423, 0.18583588302135468, 0.18719720840454102, 0.1847083419561386, 0.210106760263443, 0.2519974410533905, 0.18758739531040192, 0.18931561708450317, 0.19726616144180298, 0.19144101440906525, 0.18918246030807495, 0.1847468763589859, 0.19139768183231354, 0.19250339269638062, 0.2690870463848114, 0.18518534302711487, 0.18690742552280426, 0.18586167693138123, 0.21519123017787933, 0.19829711318016052, 0.21403342485427856, 0.19446663558483124, 0.19719387590885162, 0.1895093023777008, 0.23213738203048706, 0.18998107314109802, 0.19340547919273376, 0.20349176228046417, 0.18891911208629608, 0.26622751355171204, 0.19653011858463287, 0.20424684882164001, 0.2163003534078598, 0.1922968626022339, 0.18998128175735474, 0.23697824776172638, 0.3198588788509369, 0.18918439745903015, 0.19181080162525177, 0.19223906099796295, 0.19526910781860352, 0.2193356454372406, 0.18787483870983124, 0.18676596879959106, 0.24648311734199524, 0.1882544457912445, 0.18612121045589447, 0.2107369750738144, 0.18751977384090424, 0.1911429464817047, 0.20854833722114563, 0.18702806532382965, 0.18605540692806244, 0.19103436172008514, 0.20193170011043549, 0.2397013157606125, 0.19414754211902618, 0.20622877776622772, 0.18688561022281647, 0.19481177628040314, 0.18648377060890198, 0.18710292875766754, 0.2007562518119812, 0.18527883291244507, 0.1907704770565033, 0.1934429109096527, 0.19145242869853973, 0.18508802354335785, 0.18683238327503204, 0.2621283531188965, 0.1850246787071228, 0.19294998049736023, 0.18949289619922638, 0.19084054231643677, 0.1938633918762207, 0.20627647638320923, 0.18826203048229218, 0.19140836596488953, 0.18511463701725006, 0.21093420684337616, 0.1884893923997879, 0.19172704219818115, 0.19325685501098633, 0.209821417927742, 0.22087933123111725, 0.20353689789772034, 0.18472342193126678, 0.21411187946796417, 0.19788676500320435, 0.20265765488147736, 0.20559129118919373, 0.21443437039852142, 0.1934281289577484, 0.18517380952835083, 0.18407049775123596, 0.19480770826339722, 0.19631022214889526, 0.24646160006523132, 0.18885593116283417, 0.202489972114563, 0.18762542307376862, 0.1894637942314148, 0.18775109946727753, 0.20555005967617035, 0.20940428972244263, 0.1837429404258728, 0.19433580338954926, 0.2606434226036072, 0.24240103363990784, 0.19492517411708832, 0.18920770287513733, 0.24218016862869263, 0.19703401625156403, 0.19243702292442322, 0.18687087297439575, 0.18537989258766174, 0.18549196422100067, 0.1943189948797226, 0.1857125163078308, 0.18865078687667847, 0.18584388494491577, 0.20243896543979645, 0.2022983878850937, 0.1864292174577713, 0.1974688023328781, 0.20175400376319885, 0.18381968140602112, 0.18544825911521912, 0.18388643860816956, 0.19332543015480042, 0.18888114392757416, 0.18734103441238403, 0.22406961023807526, 0.1852826625108719, 0.18771541118621826, 0.204116553068161, 0.20913119614124298, 0.18986865878105164, 0.1940506100654602, 0.1847148835659027, 0.47397223114967346, 0.19145837426185608, 0.18657203018665314, 0.19123581051826477, 0.18413999676704407, 0.18534086644649506, 0.19150406122207642, 0.2237086147069931, 0.19572341442108154, 0.19579541683197021, 0.20350174605846405, 0.19769686460494995, 0.19233746826648712, 0.1886945366859436, 0.20009322464466095, 0.20503072440624237, 0.19602258503437042, 0.18772144615650177, 0.18975332379341125, 0.18421390652656555, 0.18964090943336487, 0.20081797242164612, 0.3090228736400604, 0.1957661658525467, 0.18623284995555878, 0.18715958297252655, 0.22512535750865936, 0.18295787274837494, 0.20312342047691345, 0.18811020255088806, 0.18527334928512573, 0.18976634740829468, 0.2036205530166626, 0.19391164183616638, 0.1873205006122589, 0.1963879019021988, 0.18435928225517273, 0.18761253356933594, 0.1862817406654358, 0.2125016748905182, 0.18337322771549225, 0.1900850087404251, 0.18463096022605896, 0.18826012313365936, 0.20235921442508698, 0.19186778366565704, 0.18568848073482513, 0.1889142096042633, 0.1984872817993164, 0.19366112351417542, 0.19540461897850037, 0.2234458327293396, 0.1877315640449524, 0.18849609792232513, 0.1892901211977005, 0.23409149050712585, 0.21081006526947021, 0.1915048062801361, 0.18986086547374725, 0.20303772389888763, 0.18941983580589294, 0.20763631165027618, 0.18666180968284607, 0.1997084617614746, 0.19875894486904144, 0.21495498716831207, 0.2043563723564148, 0.19061927497386932, 0.18886730074882507, 0.18523888289928436, 0.20697510242462158, 0.22076894342899323, 0.1880856305360794, 0.1947273313999176, 0.19400019943714142, 0.1948726326227188, 0.1937490999698639, 0.1959300935268402, 0.19016706943511963, 0.18659253418445587, 0.27477121353149414, 0.1887037605047226, 0.18627507984638214, 0.18578343093395233, 0.2063458412885666, 0.18894125521183014, 0.19224314391613007, 0.191270649433136, 0.21680793166160583, 0.18784497678279877, 0.1937507688999176, 0.29156607389450073, 0.18784277141094208, 0.18960294127464294, 0.27444660663604736, 0.18980979919433594, 0.19527558982372284, 0.185623437166214, 0.1869984269142151, 0.1886501908302307, 0.1914101392030716, 0.1848830282688141, 0.18988825380802155, 0.1873825490474701, 0.1877136379480362, 0.22816643118858337, 0.18732507526874542, 0.18830373883247375]",13.0,"[33.0, 33.0, 33.0, 33.0, 33.0, 33.0, 33.0, 33.0, 33.0, 33.0, 33.0, 33.0, 33.0, 33.0, 33.0, 33.0, 33.0, 33.0, 33.0, 33.0, 33.0, 33.0, 33.0, 33.0, 33.0, 33.0, 33.0, 33.0, 33.0, 33.0, 32.0, 28.0, 24.0, 23.0, 21.0, 20.0, 20.0, 20.0, 20.0, 20.0, 20.0, 20.0, 20.0, 19.0, 19.0, 18.0, 18.0, 18.0, 18.0, 18.0, 18.0, 18.0, 18.0, 18.0, 18.0, 18.0, 17.0, 17.0, 17.0, 17.0, 17.0, 17.0, 17.0, 17.0, 17.0, 17.0, 17.0, 17.0, 17.0, 17.0, 17.0, 17.0, 17.0, 17.0, 17.0, 17.0, 17.0, 17.0, 17.0, 17.0, 17.0, 17.0, 17.0, 17.0, 