,number,value,datetime_start,datetime_complete,duration,params_batch_size_scaler,params_constant_learning_rate,params_depth,params_epochs,params_kernel_l2,params_num_trees,params_temperature,user_attrs_accuracy_test,user_attrs_accuracy_valid,user_attrs_approximate_feature_sparsity,user_attrs_approximate_feature_sparsity_history,user_attrs_approximate_weight_sparsity,user_attrs_approximate_weight_sparsity_history,user_attrs_auc_test,user_attrs_auc_valid,user_attrs_feature_sparsity,user_attrs_feature_sparsity_history,user_attrs_num_epochs,user_attrs_val_loss_history,user_attrs_weight_sparsity,user_attrs_weight_sparsity_history,state
9,9,0.9303242261467712,2024-08-31 00:58:25.869196,2024-08-31 01:04:07.439032,0 days 00:05:41.569836,4,0.16765264451568493,6,290,0.0010200253875097666,24,0.007102884306928829,0.941,0.945,33,"[33, 33, 33, 33, 33, 33, 33, 33, 33, 33, 33, 33, 33, 33, 33, 33, 33, 33, 33, 33, 33, 33, 33, 33, 33, 33, 33, 33, 33, 33, 33, 33, 33, 33, 33, 33, 33, 33, 33, 33, 33, 33, 33, 33, 33, 33, 33, 33, 33, 33, 33, 33, 33, 33, 33, 33, 33, 33, 33, 33, 33, 33, 33, 33, 33, 33, 33, 33, 33, 33, 33, 33, 33, 33, 33, 33, 33, 33, 33, 33, 33, 33, 33, 33, 33, 33, 33, 33, 33, 33, 33, 33, 33, 33, 33, 33, 33, 33, 33, 33, 33, 33, 33, 33, 33, 33, 33, 33, 33, 33, 33, 33, 33, 33, 33, 33, 33, 33, 33, 33, 33, 33, 33, 33, 33, 33, 33, 33, 33, 33, 33, 33, 33, 33, 33, 33, 33, 33, 33, 33, 33, 33, 33, 33, 33, 33, 33, 33, 33, 33, 33, 33, 33, 33, 33, 33, 33, 33, 33, 33, 33, 33, 33, 33, 33, 33, 33, 33, 33, 33, 33, 33, 33, 33, 33, 33, 33, 33, 33, 33, 33, 33, 33, 33, 33, 33, 33, 33, 33, 33, 33, 33, 33, 33, 33, 33, 33, 33, 33, 33, 33, 33, 33, 33, 33, 33, 33, 33, 33, 33, 33, 33, 33, 33, 33, 33, 33, 33, 33, 33, 33, 33, 33, 33, 33, 33, 33, 33, 33, 33, 33, 33, 33, 33, 33, 33, 33, 33, 33, 33, 33, 33, 33, 33, 33, 33, 33, 33, 33, 33, 33, 33, 33, 33, 33, 33, 33, 33, 33, 33, 33, 33, 33, 33, 33, 33, 33, 33, 33, 33, 33, 33, 33, 33, 33, 33, 33, 33, 33, 33, 33, 33, 33, 33, 33, 33, 33, 33, 33, 33]",32.955026455026456,"[32.94708994708995, 32.948412698412696, 32.95701058201058, 32.93584656084656, 32.949074074074076, 32.94378306878307, 32.942460317460316, 32.94378306878307, 32.94775132275132, 32.94973544973545, 32.952380952380956, 32.94444444444445, 32.94113756613757, 32.939153439153436, 32.94378306878307, 32.9537037037037, 32.94642857142858, 32.94378306878307, 32.93783068783069, 32.93518518518518, 32.93915343915344, 32.939153439153436, 32.94775132275132, 32.94642857142857, 32.94113756613757, 32.94444444444445, 32.942460317460316, 32.94775132275132, 32.94642857142857, 32.945767195767196, 32.939153439153436, 32.93981481481482, 32.93187830687831, 32.93849206349206, 32.94047619047619, 32.94444444444444, 32.94775132275132, 32.94907407407407, 32.94973544973545, 32.95039682539683, 32.95304232804233, 32.94775132275132, 32.952380952380956, 32.94708994708995, 32.95238095238095, 32.95304232804233, 32.95304232804232, 32.94708994708994, 32.94973544973545, 32.955026455026456, 32.95568783068783, 32.9563492063492, 32.951719576719576, 32.945105820105816, 32.951719576719576, 32.9563492063492, 32.94907407407407, 32.951719576719576, 32.95833333333333, 32.95238095238095, 32.94775132275132, 32.95767195767196, 32.955026455026456, 32.94179894179894, 32.9510582010582, 32.951719576719576, 32.95304232804233, 32.94775132275132, 32.95238095238095, 32.94775132275132, 32.948412698412696, 32.95238095238095, 32.95238095238095, 32.94642857142857, 32.94775132275132, 32.949074074074076, 32.9484126984127, 32.95238095238095, 32.94708994708995, 32.94047619047619, 32.94179894179894, 32.94642857142857, 32.95039682539683, 32.9510582010582, 32.95701058201058, 32.951719576719576, 32.94378306878307, 32.94444444444444, 32.94113756613756, 32.94179894179894, 32.94642857142857, 32.94113756613757, 32.93915343915344, 32.93981481481482, 32.94047619047619, 32.9404761904762, 32.94179894179894, 32.94775132275132, 32.948412698412696, 32.9537037037037, 32.942460317460316, 32.94179894179894, 32.939153439153436, 32.93915343915344, 32.94444444444444, 32.95304232804233, 32.94510582010582, 32.948412698412696, 32.9510582010582, 32.9431216931217, 32.949074074074076, 32.955687830687836, 32.961640211640216, 32.951719576719576, 32.95304232804233, 32.955026455026456, 32.94973544973545, 32.9510582010582, 32.945105820105816, 32.95039682539682, 32.93981481481482, 32.945767195767196, 32.942460317460316, 32.949074074074076, 32.94775132275133, 32.94642857142857, 32.94312169312169, 32.94047619047619, 32.942460317460316, 32.948412698412696, 32.945767195767196, 32.94179894179894, 32.9484126984127, 32.95568783068783, 32.95370370370371, 32.952380952380956, 32.9510582010582, 32.95238095238095, 32.95436507936508, 32.95899470899471, 32.96031746031746, 32.9537037037037, 32.954365079365076, 32.95767195767196, 32.958333333333336, 32.96230158730159, 32.96296296296296, 32.95965608465608, 32.96296296296296, 32.964285714285715, 32.95568783068783, 32.960978835978835, 32.957671957671955, 32.96759259259259, 32.963624338624335, 32.96230158730159, 32.96296296296296, 32.96494708994709, 32.96560846560846, 32.96626984126984, 32.970238095238095, 32.96494708994709, 32.97222222222222, 32.96560846560846, 32.960978835978835, 32.95304232804233, 32.95965608465608, 32.95965608465608, 32.96031746031746, 32.96031746031746, 32.95899470899471, 32.95965608465609, 32.95634920634921, 32.95767195767196, 32.95238095238095, 32.95899470899471, 32.95634920634921, 32.958333333333336, 32.961640211640216, 32.96031746031746, 32.958333333333336, 32.95436507936508, 32.95965608465608, 32.96296296296296, 32.96296296296296, 32.96230158730159, 32.95701058201058, 32.95767195767196, 32.95965608465608, 32.95634920634921, 32.95701058201058, 32.94973544973545, 32.957671957671955, 32.95767195767196, 32.95965608465608, 32.960978835978835, 32.955026455026456, 32.95634920634921, 32.95436507936508, 32.95304232804233, 32.957671957671955, 32.95965608465608, 32.95899470899471, 32.96230158730159, 32.95965608465608, 32.955026455026456, 32.95767195767196, 32.95767195767196, 32.95965608465609, 32.96164021164021, 32.960978835978835, 32.96031746031746, 32.95701058201058, 32.952380952380956, 32.955026455026456, 32.96031746031746, 32.955026455026456, 32.95634920634921, 32.95238095238095, 32.95568783068783, 32.9563492063492, 32.94973544973545, 32.95304232804233, 32.955026455026456, 32.951719576719576, 32.95304232804233, 32.94642857142857, 32.94642857142857, 32.94312169312169, 32.95039682539682, 32.952380952380956, 32.9563492063492, 32.95634920634921, 32.9537037037037, 32.95304232804233, 32.955026455026456, 32.95238095238095, 32.95568783068783, 32.955687830687836, 32.958333333333336, 32.957671957671955, 32.95304232804233, 32.95238095238095, 32.95039682539682, 32.948412698412696, 32.95304232804233, 32.9563492063492, 32.9563492063492, 32.95965608465609, 32.96031746031746, 32.960978835978835, 32.95965608465609, 32.96031746031746, 32.95965608465608, 32.955026455026456, 32.951719576719576, 32.9510582010582, 32.94642857142857, 32.951719576719576, 32.958333333333336, 32.95899470899471, 32.95568783068783, 32.9537037037037, 32.957671957671955, 32.9537037037037, 32.955026455026456, 32.955026455026456, 32.954365079365076, 32.95436507936508, 32.955687830687836, 32.9537037037037, 32.955026455026456, 32.9484126984127, 32.9510582010582, 32.9537037037037, 32.955026455026456, 32.9537037037037, 32.955026455026456, 32.95304232804233, 32.95833333333333, 32.95701058201058, 32.9563492063492, 32.95304232804232, 32.9510582010582, 32.951058201058196, 32.95039682539682, 32.94973544973545, 32.95304232804233, 32.95039682539682, 32.955026455026456]",0.9154798173696942,0.9303242261467712,33,"[33, 33, 33, 33, 33, 33, 33, 33, 33, 33, 33, 33, 33, 33, 33, 33, 33, 33, 33, 33, 33, 33, 33, 33, 33, 33, 33, 33, 33, 33, 33, 33, 33, 33, 33, 33, 33, 33, 33, 33, 33, 33, 33, 33, 33, 33, 33, 33, 33, 33, 33, 33, 33, 33, 33, 33, 33, 33, 33, 33, 33, 33, 33, 33, 33, 33, 33, 33, 33, 33, 33, 33, 33, 33, 33, 33, 33, 33, 33, 33, 33, 33, 33, 33, 33, 33, 33, 33, 33, 33, 33, 33, 33, 33, 33, 33, 33, 33, 33, 33, 33, 33, 33, 33, 33, 33, 33, 33, 33, 33, 33, 33, 33, 33, 33, 33, 33, 33, 33, 33, 33, 33, 33, 33, 33, 33, 33, 33, 33, 33, 33, 33, 33, 33, 33, 33, 33, 33, 33, 33, 33, 33, 33, 33, 33, 33, 33, 33, 33, 33, 33, 33, 33, 33, 33, 33, 33, 33, 33, 33, 33, 33, 33, 33, 33, 33, 33, 33, 33, 33, 33, 33, 33, 33, 33, 33, 33, 33, 33, 33, 33, 33, 33, 33, 33, 33, 33, 33, 33, 33, 33, 33, 33, 33, 33, 33, 33, 33, 33, 33, 33, 33, 33, 33, 33, 33, 33, 33, 33, 33, 33, 33, 33, 33, 33, 33, 33, 33, 33, 33, 33, 33, 33, 33, 33, 33, 33, 33, 33, 33, 33, 33, 33, 33, 33, 33, 33, 33, 33, 33, 33, 33, 33, 33, 33, 33, 33, 33, 33, 33, 33, 33, 33, 33, 33, 33, 33, 33, 33, 33, 33, 33, 33, 33, 33, 33, 33, 33, 33, 33, 33, 33, 33, 33, 33, 33, 33, 33, 33, 33, 33, 33, 33, 33, 33, 33, 33, 33, 33, 33]",290,"[0.4095306098461151, 0.38837066292762756, 0.3816622495651245, 0.3772315979003906, 0.37378647923469543, 0.37088343501091003, 0.3683129847049713, 0.36611711978912354, 0.3639611303806305, 0.3619545102119446, 0.3600143790245056, 0.35825100541114807, 0.35636624693870544, 0.354567289352417, 0.35287266969680786, 0.35092028975486755, 0.34909912943840027, 0.34718024730682373, 0.34520214796066284, 0.34323233366012573, 0.34121212363243103, 0.3392941951751709, 0.33720946311950684, 0.3350943624973297, 0.33297261595726013, 0.33066004514694214, 0.328429639339447, 0.32621029019355774, 0.32392188906669617, 0.32178547978401184, 0.31957340240478516, 0.3170689642429352, 0.31467747688293457, 0.31225165724754333, 0.309997022151947, 0.3075295686721802, 0.3051562011241913, 0.3027134835720062, 0.30038976669311523, 0.29811593890190125, 0.29575037956237793, 0.2935923635959625, 0.2914128601551056, 0.28924012184143066, 0.28711193799972534, 0.2851319909095764, 0.2832968235015869, 0.28116273880004883, 0.27932217717170715, 0.2775529623031616, 0.275743305683136, 0.2739681005477905, 0.27238723635673523, 0.2707984447479248, 0.26930418610572815, 0.2676790654659271, 0.26632511615753174, 0.2647329270839691, 0.2634631395339966, 0.26207342743873596, 0.2606826722621918, 0.2592901885509491, 0.2581806778907776, 0.2568421959877014, 0.2554274797439575, 0.25423792004585266, 0.2530254125595093, 0.2519892752170563, 0.2510318458080292, 0.24967968463897705, 0.24866074323654175, 0.2473755031824112, 0.24620451033115387, 0.24512970447540283, 0.24418219923973083, 0.24302120506763458, 0.2420511245727539, 0.24098414182662964, 0.23984785377979279, 0.23875324428081512, 0.23778915405273438, 0.23652926087379456, 0.2356310486793518, 0.23450355231761932, 0.23370736837387085, 0.2324838787317276, 0.2315080463886261, 0.23052489757537842, 0.2295583188533783, 0.22897249460220337, 0.22781901061534882, 0.22695836424827576, 0.22597552835941315, 0.22542543709278107, 0.22466488182544708, 0.22391605377197266, 0.22291523218154907, 0.22200588881969452, 0.22156940400600433, 0.22100061178207397, 0.21948052942752838, 0.21869486570358276, 0.21781939268112183, 0.2173958271741867, 0.21661055088043213, 0.2158910632133484, 0.21474456787109375, 0.21410365402698517, 0.21379323303699493, 0.21335192024707794, 0.21226860582828522, 0.21148288249969482, 0.2110135406255722, 0.20989198982715607, 0.20959942042827606, 0.20890043675899506, 0.20835541188716888, 0.20759564638137817, 0.20718343555927277, 0.20643024146556854, 0.20608682930469513, 0.20548658072948456, 0.20496878027915955, 0.20429585874080658, 0.2039361596107483, 0.20346014201641083, 0.20323814451694489, 0.20230387151241302, 0.2023218721151352, 0.20196224749088287, 0.20145997405052185, 0.20074857771396637, 0.19966886937618256, 0.20018789172172546, 0.19948187470436096, 0.19899789988994598, 0.19876857101917267, 0.1980559527873993, 0.1979442834854126, 0.19691044092178345, 0.1973063349723816, 0.19709192216396332, 0.19620883464813232, 0.19624054431915283, 0.19565936923027039, 0.1953163594007492, 0.19516973197460175, 0.19464832544326782, 0.1938934326171875, 0.19370487332344055, 0.19336473941802979, 0.19371263682842255, 0.19359709322452545, 0.19296249747276306, 0.1931392103433609, 0.19275422394275665, 0.19257448613643646, 0.19189949333667755, 0.19146335124969482, 0.19147375226020813, 0.1916053742170334, 0.19079004228115082, 0.190167635679245, 0.189787819981575, 0.18971624970436096, 0.18996679782867432, 0.1897740364074707, 0.1890311986207962, 0.1889384388923645, 0.18858389556407928, 0.18957653641700745, 0.18912942707538605, 0.1887342780828476, 0.188297837972641, 0.18761111795902252, 0.188796266913414, 0.1876654177904129, 0.1877215951681137, 0.1866464465856552, 0.18773292005062103, 0.18723398447036743, 0.18672072887420654, 0.18678036332130432, 0.18697448074817657, 0.1871984899044037, 0.18639399111270905, 0.1854606419801712, 0.1853199601173401, 0.184417724609375, 0.18464572727680206, 0.18533654510974884, 0.18508140742778778, 0.18469035625457764, 0.1850612461566925, 0.18442107737064362, 0.1845564991235733, 0.18427294492721558, 0.18423667550086975, 0.18425749242305756, 0.18555040657520294, 0.18389074504375458, 0.18320177495479584, 0.18342965841293335, 0.1834009885787964, 0.18333885073661804, 0.183328777551651, 0.18309544026851654, 0.1825874149799347, 0.18283039331436157, 0.18244826793670654, 0.18259213864803314, 0.18203921616077423, 0.18176156282424927, 0.18296529352664948, 0.1826765388250351, 0.18295995891094208, 0.1811554878950119, 0.18119950592517853, 0.1817706674337387, 0.18174833059310913, 0.1819906383752823, 0.18083281815052032, 0.18048764765262604, 0.1810004860162735, 0.18086040019989014, 0.18039517104625702, 0.17999549210071564, 0.18052701652050018, 0.17976854741573334, 0.18017637729644775, 0.17953844368457794, 0.1806556135416031, 0.18067896366119385, 0.18028034269809723, 0.17964592576026917, 0.17933756113052368, 0.1792614609003067, 0.17955440282821655, 0.1784418523311615, 0.17871053516864777, 0.1790401041507721, 0.18038830161094666, 0.1785099059343338, 0.17853060364723206, 0.179575577378273, 0.17863373458385468, 0.17859263718128204, 0.177876278758049, 0.1794232428073883, 0.17873325943946838, 0.17830494046211243, 0.17782162129878998, 0.1773679405450821, 0.1772618144750595, 0.17761753499507904, 0.17713424563407898, 0.17746947705745697, 0.17783121764659882, 0.17897379398345947, 0.17731726169586182, 0.1780168116092682, 0.17864231765270233, 0.17734068632125854, 0.17843817174434662, 0.17690685391426086, 0.176558718085289, 0.1771298348903656, 0.17652159929275513, 0.17558997869491577, 0.17652615904808044, 0.17706593871116638, 0.1773023009300232, 0.17769716680049896, 0.1778925359249115, 0.1766517460346222, 0.1761254370212555, 0.1764344573020935, 0.17598313093185425, 0.17726022005081177, 0.17752204835414886, 0.17657087743282318, 0.17649789154529572, 0.17527824640274048, 0.17598919570446014, 0.17608417570590973, 0.1759340912103653, 0.17644110321998596, 0.1769983321428299, 0.17652949690818787, 0.17563331127166748]",33.0,"[33.0, 33.0, 33.0, 33.0, 33.0, 33.0, 33.0, 33.0, 33.0, 33.0, 33.0, 33.0, 33.0, 33.0, 33.0, 33.0, 33.0, 33.0, 33.0, 33.0, 33.0, 33.0, 33.0, 33.0, 33.0, 33.0, 33.0, 33.0, 33.0, 33.0, 33.0, 33.0, 33.0, 33.0, 33.0, 33.0, 33.0, 33.0, 33.0, 33.0, 33.0, 33.0, 33.0, 33.0, 33.0, 33.0, 33.0, 33.0, 33.0, 33.0, 33.0, 33.0, 33.0, 33.0, 33.0, 33.0, 33.0, 33.0, 33.0, 33.0, 33.0, 33.0, 33.0, 33.0, 33.0, 33.0, 33.0, 33.0, 33.0, 33.0, 33.0, 33.0, 33.0, 33.0, 33.0, 33.0, 33.0, 33.0, 33.0, 33.0, 33.0, 33.0, 33.0, 33.0, 33.0, 33.0, 33.0, 33.0, 33.0, 33.0, 33.0, 33.0, 33.0, 33.0, 33.0, 33.0, 33.0, 33.0, 33.0, 33.0, 33.0, 33.0, 33.0, 33.0, 33.0, 33.0, 33.0, 33.0, 33.0, 33.0, 33.0, 33.0, 33.0, 33.0, 33.0, 33.0, 33.0, 33.0, 33.0, 33.0, 33.0, 33.0, 33.0, 33.0, 33.0, 33.0, 33.0, 33.0, 33.0, 33.0, 33.0, 33.0, 33.0, 33.0, 33.0, 33.0, 33.0, 33.0, 33.0, 33.0, 33.0, 33.0, 33.0, 33.0, 33.0, 33.0, 33.0, 33.0, 33.0, 33.0, 33.0, 33.0, 33.0, 33.0, 33.0, 33.0, 33.0, 33.0, 33.0, 33.0, 33.0, 33.0, 33.0, 33.0, 33.0, 33.0, 33.0, 33.0, 33.0, 33.0, 33.0, 33.0, 33.0, 33.0, 33.0, 33.0, 33.0, 33.0, 33.0, 33.0, 33.0, 33.0, 33.0, 33.0, 33.0, 33.0, 33.0, 33.0, 33.0, 33.0, 33.0, 33.0, 33.0, 33.0, 33.0, 33.0, 33.0, 33.0, 33.0, 33.0, 33.0, 33.0, 33.0, 33.0, 33.0, 33.0, 33.0, 33.0, 33.0, 33.0, 33.0, 33.0, 33.0, 33.0, 33.0, 33.0, 33.0, 33.0, 33.0, 33.0, 33.0, 33.0, 33.0, 33.0, 33.0, 33.0, 33.0, 33.0, 33.0, 33.0, 33.0, 33.0, 33.0, 33.0, 33.0, 33.0, 33.0, 33.0, 33.0, 33.0, 33.0, 33.0, 33.0, 33.0, 33.0, 33.0, 33.0, 33.0, 33.0, 33.0, 33.0, 33.0, 33.0, 33.0, 33.0, 33.0, 33.0, 33.0, 33.0, 33.0, 33.0, 33.0, 33.0, 33.0, 33.0, 33.0, 33.0, 33.0, 33.0, 33.0, 33.0, 33.0, 33.0, 33.0, 33.0, 33.0, 33.0, 33.0, 33.0, 33.0, 33.0, 33.0, 33.0, 33.0, 33.0, 33.0, 33.0, 33.0, 33.0, 33.0]",COMPLETE
