,number,value,datetime_start,datetime_complete,duration,params_batch_size_scaler,params_constant_learning_rate,params_depth,params_epochs,params_kernel_l2,params_num_trees,params_temperature,user_attrs_accuracy_test,user_attrs_accuracy_valid,user_attrs_approximate_feature_sparsity,user_attrs_approximate_feature_sparsity_history,user_attrs_approximate_weight_sparsity,user_attrs_approximate_weight_sparsity_history,user_attrs_auc_test,user_attrs_auc_valid,user_attrs_feature_sparsity,user_attrs_feature_sparsity_history,user_attrs_num_epochs,user_attrs_val_loss_history,user_attrs_weight_sparsity,user_attrs_weight_sparsity_history,state
114,114,0.8363926781826848,2024-08-31 05:44:04.109039,2024-08-31 05:46:29.684702,0 days 00:02:25.575663,64,0.22192783501219088,5,350,0.07174674910783939,71,0.0002837541355528956,0.879,0.87875,33,"[33, 33, 33, 33, 33, 33, 33, 33, 33, 33, 33, 33, 33, 33, 33, 33, 33, 33, 33, 33, 33, 33, 33, 33, 33, 33, 33, 33, 33, 33, 33, 33, 33, 33, 33, 33, 33, 33, 33, 33, 33, 33, 33, 33, 33, 33, 33, 33, 33, 33, 33, 33, 33, 33, 33, 33, 33, 33, 33, 33, 33, 33, 33, 33, 33, 33, 33, 33, 33, 33, 33, 33, 33, 33, 33, 33, 33, 33, 33, 33, 33, 33, 33, 33, 33, 33, 33, 33, 33, 33, 33, 33, 33, 33, 33, 33, 33, 33, 33, 33, 33, 33, 33, 33, 33, 33, 33, 33, 33, 33, 33, 33, 33, 33, 33, 33, 33, 33, 33, 33, 33, 33, 33, 33, 33, 33, 33, 33, 33, 33, 33, 33, 33, 33, 33, 33, 33, 33, 33, 33, 33, 33, 33, 33, 33, 33, 33, 33, 33, 33, 33, 33, 33, 33, 33, 33, 33, 33, 33, 33, 33, 33, 33, 33, 33, 33, 33, 33, 33, 33, 33, 33, 33, 33, 33, 33, 33, 33, 33, 33, 33, 33, 33, 33, 33, 33, 33, 33, 33, 33, 33, 33, 33, 33, 33, 33, 33, 33, 33, 33, 33, 33, 33, 33, 33, 33, 33, 33, 33, 33, 33, 33, 33, 33, 33, 33, 33, 33, 33, 33, 33, 33, 33, 33, 33, 33, 33, 33, 33, 33, 33, 33, 33, 33, 33, 33, 33, 33, 33, 33, 33, 33, 33, 33, 33, 33, 33, 33, 33, 33, 33, 33, 33, 33, 33, 33, 33, 33, 33, 33, 33, 33, 33, 33, 33, 33, 33, 33, 33, 33, 33, 33, 33, 33, 33, 33, 33, 33, 33, 33, 33, 33, 33, 33, 33, 33, 33, 33, 33, 33, 33, 33, 33, 33, 33, 33, 33, 33, 33, 33, 33, 33, 33, 33, 33, 33, 33, 33, 33, 33, 33, 33, 33, 33, 33, 33, 33, 33, 33, 33, 33, 33, 33, 33, 33, 33, 33, 33, 33, 33, 33, 33, 33, 33, 33, 33, 33, 33, 33, 33, 33, 33, 33, 33, 33, 33, 33, 33, 33, 33]",32.92412539754657,"[32.935483870967744, 32.93730122671513, 32.93684688777829, 32.937755565651976, 32.927760109041344, 32.93366651522036, 32.92685143116765, 32.93593820990459, 32.93730122671513, 32.93957292139936, 32.94139027714675, 32.94411631076783, 32.938209904588824, 32.940027260336215, 32.938209904588824, 32.94320763289414, 32.94139027714675, 32.940935938209904, 32.9418446160836, 32.937755565651976, 32.93866424352567, 32.93684688777829, 32.93911858246252, 32.940481599273056, 32.935029532030896, 32.93321217628351, 32.93866424352567, 32.93639254884143, 32.93366651522035, 32.938209904588824, 32.92821444797819, 32.93457519309405, 32.93366651522035, 32.93684688777828, 32.93639254884143, 32.937755565651976, 32.93230349840981, 32.937755565651976, 32.93639254884144, 32.935483870967744, 32.93548387096774, 32.93730122671513, 32.93457519309405, 32.930486142662424, 32.932757837346664, 32.92821444797819, 32.93139482053612, 32.93003180372558, 32.92866878691504, 32.92639709223081, 32.93139482053612, 32.92912312585189, 32.930031803725576, 32.927305770104496, 32.927760109041344, 32.932757837346664, 32.93230349840981, 32.92866878691504, 32.92594275329395, 32.927305770104496, 32.93003180372558, 32.93184915947297, 32.93094048159928, 32.93139482053612, 32.92912312585189, 32.92548841435711, 32.930486142662424, 32.93184915947297, 32.927760109041344, 32.926851431167655, 32.92912312585189, 32.92821444797819, 32.92685143116765, 32.930486142662424, 32.9273057701045, 32.92412539754657, 32.92685143116765, 32.925034075420264, 32.92594275329395, 32.92367105860972, 32.930031803725576, 32.933212176283504, 32.930486142662424, 32.932757837346664, 32.93094048159927, 32.93184915947297, 32.93457519309405, 32.93457519309405, 32.932757837346664, 32.93548387096774, 32.932303498409816, 32.932303498409816, 32.930486142662424, 32.929577464788736, 32.93321217628351, 32.93139482053612, 32.93139482053612, 32.93684688777829, 32.93639254884144, 32.93321217628351, 32.93366651522036, 32.933212176283504, 32.93457519309405, 32.935483870967744, 32.935029532030896, 32.93275783734666, 32.93684688777829, 32.938209904588824, 32.937755565651976, 32.93184915947297, 32.93275783734666, 32.933212176283504, 32.93866424352567, 32.93548387096774, 32.935938209904585, 32.93457519309405, 32.93139482053612, 32.93366651522035, 32.93639254884143, 32.93275783734666, 32.93275783734666, 32.932757837346664, 32.93139482053612, 32.93139482053612, 32.93366651522035, 32.940027260336215, 32.938209904588824, 32.932303498409816, 32.92912312585189, 32.92912312585189, 32.93139482053611, 32.9341208541572, 32.93684688777828, 32.935938209904585, 32.935029532030896, 32.93820990458882, 32.93230349840981, 32.93457519309405, 32.93639254884143, 32.937755565651976, 32.93457519309405, 32.93457519309405, 32.93457519309405, 32.94002726033621, 32.94457064970468, 32.943661971830984, 32.937301226715135, 32.930486142662424, 32.930031803725576, 32.93366651522035, 32.929577464788736, 32.92321671967287, 32.927305770104496, 32.92912312585189, 32.929577464788736, 32.93139482053612, 32.92866878691504, 32.93593820990459, 32.93684688777829, 32.930031803725576, 32.932303498409816, 32.933212176283504, 32.92957746478873, 32.9341208541572, 32.930486142662424, 32.93730122671513, 32.935483870967744, 32.93730122671513, 32.937755565651976, 32.935938209904585, 32.93275783734666, 32.935029532030896, 32.93366651522035, 32.93684688777828, 32.93639254884144, 32.940935938209904, 32.9341208541572, 32.93139482053612, 32.935483870967744, 32.93593820990459, 32.93457519309405, 32.93866424352567, 32.93866424352567, 32.938209904588824, 32.938209904588824, 32.93957292139937, 32.94229895502044, 32.93957292139937, 32.93957292139936, 32.935483870967744, 32.93139482053612, 32.935029532030896, 32.93094048159927, 32.930486142662424, 32.930486142662424, 32.930031803725576, 32.9341208541572, 32.93548387096774, 32.932303498409816, 32.93639254884143, 32.943207632894136, 32.93911858246251, 32.93911858246251, 32.93684688777828, 32.93911858246251, 32.94275329395729, 32.94229895502045, 32.94048159927306, 32.9418446160836, 32.93957292139936, 32.938209904588824, 32.9341208541572, 32.93139482053612, 32.933212176283504, 32.9341208541572, 32.93684688777828, 32.9341208541572, 32.935483870967744, 32.9341208541572, 32.93366651522035, 32.93639254884144, 32.932757837346664, 32.935483870967744, 32.93321217628351, 32.932757837346664, 32.93457519309405, 32.92912312585188, 32.930031803725576, 32.929577464788736, 32.93184915947297, 32.932303498409816, 32.93184915947297, 32.93321217628351, 32.935029532030896, 32.935483870967744, 32.93593820990459, 32.94002726033621, 32.93639254884144, 32.93730122671513, 32.93684688777828, 32.937755565651976, 32.93866424352567, 32.93911858246251, 32.94002726033621, 32.93866424352567, 32.938209904588824, 32.93820990458882, 32.93730122671513, 32.938209904588824, 32.935938209904585, 32.935483870967744, 32.93457519309405, 32.937755565651976, 32.93730122671513, 32.93730122671513, 32.93366651522035, 32.92639709223081, 32.92912312585188, 32.930031803725576, 32.93457519309405, 32.93230349840981, 32.927305770104496, 32.92367105860972, 32.92821444797819, 32.92821444797819, 32.927305770104496, 32.93230349840981, 32.93366651522036, 32.930486142662424, 32.92912312585189, 32.92912312585189, 32.93094048159928, 32.93139482053612, 32.932757837346664, 32.938209904588824, 32.93866424352567, 32.93548387096774, 32.940481599273056, 32.937755565651976, 32.93730122671513, 32.93957292139937, 32.935483870967744, 32.9341208541572, 32.935483870967744, 32.935029532030896, 32.93639254884143, 32.937755565651976, 32.93094048159927, 32.93275783734666, 32.930486142662424, 32.93366651522035, 32.93275783734666, 32.92594275329396, 32.930486142662424, 32.93184915947297, 32.932303498409816, 32.93003180372558, 32.932757837346664, 32.937755565651976, 32.93639254884143, 32.935483870967744, 32.93684688777828, 32.93184915947297, 32.92912312585189, 32.927305770104496, 32.92594275329395, 32.921853702862336, 32.92594275329396, 32.92548841435711, 32.924579736483416, 32.92594275329396, 32.92276238073603, 32.91776465243071, 32.917310313493864, 32.92139936392549, 32.927760109041344, 32.935029532030896, 32.93639254884144, 32.9341208541572, 32.932757837346664, 32.92866878691504, 32.92639709223081, 32.92548841435711, 32.92594275329396, 32.92321671967287, 32.927760109041344, 32.93094048159927, 32.93639254884143, 32.932303498409816, 32.935483870967744, 32.935029532030896, 32.933212176283504, 32.93366651522035, 32.930031803725576, 32.93003180372558, 32.927305770104496, 32.927760109041344, 32.93366651522035, 32.926851431167655, 32.93139482053612, 32.9341208541572, 32.927305770104496, 32.92957746478873, 32.929577464788736, 32.93366651522035, 32.93094048159927, 32.930486142662424, 32.926851431167655, 32.92548841435711, 32.92412539754657]",0.8465723792303437,0.8363926781826848,33,"[33, 33, 33, 33, 33, 33, 33, 33, 33, 33, 33, 33, 33, 33, 33, 33, 33, 33, 33, 33, 33, 33, 33, 33, 33, 33, 33, 33, 33, 33, 33, 33, 33, 33, 33, 33, 33, 33, 33, 33, 33, 33, 33, 33, 33, 33, 33, 33, 33, 33, 33, 33, 33, 33, 33, 33, 33, 33, 33, 33, 33, 33, 33, 33, 33, 33, 33, 33, 33, 33, 33, 33, 33, 33, 33, 33, 33, 33, 33, 33, 33, 33, 33, 33, 33, 33, 33, 33, 33, 33, 33, 33, 33, 33, 33, 33, 33, 33, 33, 33, 33, 33, 33, 33, 33, 33, 33, 33, 33, 33, 33, 33, 33, 33, 33, 33, 33, 33, 33, 33, 33, 33, 33, 33, 33, 33, 33, 33, 33, 33, 33, 33, 33, 33, 33, 33, 33, 33, 33, 33, 33, 33, 33, 33, 33, 33, 33, 33, 33, 33, 33, 33, 33, 33, 33, 33, 33, 33, 33, 33, 33, 33, 33, 33, 33, 33, 33, 33, 33, 33, 33, 33, 33, 33, 33, 33, 33, 33, 33, 33, 33, 33, 33, 33, 33, 33, 33, 33, 33, 33, 33, 33, 33, 33, 33, 33, 33, 33, 33, 33, 33, 33, 33, 33, 33, 33, 33, 33, 33, 33, 33, 33, 33, 33, 33, 33, 33, 33, 33, 33, 33, 33, 33, 33, 33, 33, 33, 33, 33, 33, 33, 33, 33, 33, 33, 33, 33, 33, 33, 33, 33, 33, 33, 33, 33, 33, 33, 33, 33, 33, 33, 33, 33, 33, 33, 33, 33, 33, 33, 33, 33, 33, 33, 33, 33, 33, 33, 33, 33, 33, 33, 33, 33, 33, 33, 33, 33, 33, 33, 33, 33, 33, 33, 33, 33, 33, 33, 33, 33, 33, 33, 33, 33, 33, 33, 33, 33, 33, 33, 33, 33, 33, 33, 33, 33, 33, 33, 33, 33, 33, 33, 33, 33, 33, 33, 33, 33, 33, 33, 33, 33, 33, 33, 33, 33, 33, 33, 33, 33, 33, 33, 33, 33, 33, 33, 33, 33, 33, 33, 33, 33, 33, 33, 33, 33, 33, 33, 33, 33, 33]",350,"[0.4461221694946289, 0.41219353675842285, 0.4038130044937134, 0.40050262212753296, 0.39849746227264404, 0.3969647288322449, 0.3955644369125366, 0.39431458711624146, 0.3936763405799866, 0.3916812539100647, 0.39050930738449097, 0.3892193138599396, 0.3882405459880829, 0.3872026205062866, 0.38616684079170227, 0.38523179292678833, 0.3845314681529999, 0.3846847116947174, 0.3833526372909546, 0.38271409273147583, 0.3819315731525421, 0.3811171054840088, 0.3805021047592163, 0.3801502585411072, 0.37982499599456787, 0.37889349460601807, 0.3785604238510132, 0.3777696490287781, 0.3772331476211548, 0.3766554892063141, 0.3764534890651703, 0.37608665227890015, 0.3754662573337555, 0.3749813735485077, 0.37445712089538574, 0.3741663992404938, 0.37373387813568115, 0.37347644567489624, 0.37316998839378357, 0.3727338910102844, 0.37239959836006165, 0.37232017517089844, 0.37171584367752075, 0.37140315771102905, 0.3711026906967163, 0.37094593048095703, 0.37051355838775635, 0.37010738253593445, 0.369986355304718, 0.36946505308151245, 0.36942020058631897, 0.3692653775215149, 0.36903876066207886, 0.3688126504421234, 0.3682834208011627, 0.3684801459312439, 0.36823558807373047, 0.3675776422023773, 0.3673747181892395, 0.3672131597995758, 0.3668959438800812, 0.36658310890197754, 0.3664149343967438, 0.36624184250831604, 0.3661333918571472, 0.3660023808479309, 0.365767240524292, 0.36557215452194214, 0.3654322922229767, 0.36527785658836365, 0.36513441801071167, 0.36486485600471497, 0.36462128162384033, 0.3643154203891754, 0.3642440736293793, 0.3643905222415924, 0.36391058564186096, 0.36369216442108154, 0.36369723081588745, 0.36307623982429504, 0.3628327548503876, 0.3627142012119293, 0.36226099729537964, 0.36210787296295166, 0.36213457584381104, 0.36175647377967834, 0.36189308762550354, 0.3622276782989502, 0.36143434047698975, 0.36133477091789246, 0.36122027039527893, 0.3607866168022156, 0.36052781343460083, 0.36034920811653137, 0.3600093424320221, 0.35986706614494324, 0.3595481514930725, 0.35908782482147217, 0.3588847219944, 0.3587900400161743, 0.3587493598461151, 0.3586580157279968, 0.3581114113330841, 0.3578474521636963, 0.3575798273086548, 0.3574483394622803, 0.35757654905319214, 0.3572975993156433, 0.3566127121448517, 0.3565996289253235, 0.35618671774864197, 0.3559390604496002, 0.35606735944747925, 0.3557845950126648, 0.3553479015827179, 0.3550933599472046, 0.3549693822860718, 0.35483643412590027, 0.35486266016960144, 0.35473042726516724, 0.3552742898464203, 0.3545542061328888, 0.3541403114795685, 0.35389137268066406, 0.35367244482040405, 0.3534198999404907, 0.3534766137599945, 0.3532281219959259, 0.35296353697776794, 0.35263508558273315, 0.3524833023548126, 0.3523050546646118, 0.3521496057510376, 0.3519824743270874, 0.3517555296421051, 0.35204705595970154, 0.3522765338420868, 0.3526419699192047, 0.35145729780197144, 0.3508942723274231, 0.3507612347602844, 0.35044822096824646, 0.3503177762031555, 0.3500908613204956, 0.3498741090297699, 0.3497667610645294, 0.34964144229888916, 0.34938958287239075, 0.349300742149353, 0.3492259681224823, 0.3491557240486145, 0.34898048639297485, 0.34882301092147827, 0.34850314259529114, 0.34859150648117065, 0.34802210330963135, 0.34780415892601013, 0.3475368022918701, 0.34724947810173035, 0.3470996618270874, 0.3469134271144867, 0.34689661860466003, 0.3465944230556488, 0.34646686911582947, 0.34638339281082153, 0.3461100459098816, 0.346004843711853, 0.34591689705848694, 0.34530726075172424, 0.3454210162162781, 0.3450928032398224, 0.3450809717178345, 0.34471720457077026, 0.3446389138698578, 0.34448060393333435, 0.34432151913642883, 0.3438985347747803, 0.34346920251846313, 0.3431445062160492, 0.34309500455856323, 0.3426375985145569, 0.34238186478614807, 0.3423788547515869, 0.34201496839523315, 0.3420007824897766, 0.34172308444976807, 0.34240803122520447, 0.34128525853157043, 0.34133380651474, 0.34117478132247925, 0.34108734130859375, 0.34069764614105225, 0.34072035551071167, 0.3402003049850464, 0.3401297628879547, 0.339839369058609, 0.3395642340183258, 0.3397863507270813, 0.3395574986934662, 0.33950352668762207, 0.3392079472541809, 0.3391117751598358, 0.33894017338752747, 0.33875149488449097, 0.33874088525772095, 0.33853229880332947, 0.3384399712085724, 0.3387974798679352, 0.33822426199913025, 0.33818522095680237, 0.3381040692329407, 0.33782634139060974, 0.3376486301422119, 0.3374069631099701, 0.3372115194797516, 0.33686769008636475, 0.33686327934265137, 0.3365657925605774, 0.33637404441833496, 0.33611923456192017, 0.33590003848075867, 0.33611544966697693, 0.3356485664844513, 0.3353426456451416, 0.33497902750968933, 0.33465462923049927, 0.33448031544685364, 0.3343150317668915, 0.33456212282180786, 0.3341129422187805, 0.33395230770111084, 0.334064781665802, 0.33392977714538574, 0.3337371349334717, 0.33335238695144653, 0.3332863748073578, 0.33296188712120056, 0.33274996280670166, 0.3328442871570587, 0.3327008783817291, 0.33196941018104553, 0.33160677552223206, 0.3314284384250641, 0.3314366638660431, 0.3312440514564514, 0.33147236704826355, 0.3308374285697937, 0.3306509256362915, 0.33041971921920776, 0.3299086093902588, 0.3296720087528229, 0.3294185996055603, 0.32928791642189026, 0.3291913866996765, 0.32908713817596436, 0.3289974331855774, 0.3286516070365906, 0.32828667759895325, 0.3280414640903473, 0.32788708806037903, 0.3276098966598511, 0.32752150297164917, 0.32715460658073425, 0.32703158259391785, 0.32674798369407654, 0.32652223110198975, 0.3264365494251251, 0.3262203335762024, 0.32592812180519104, 0.32572686672210693, 0.3255821466445923, 0.3252980411052704, 0.3252435028553009, 0.32484304904937744, 0.3246523141860962, 0.3244646191596985, 0.3242412805557251, 0.3244374990463257, 0.32436245679855347, 0.32386094331741333, 0.3238837420940399, 0.32432159781455994, 0.32358038425445557, 0.3227130174636841, 0.32256683707237244, 0.32228410243988037, 0.3221144378185272, 0.3222464323043823, 0.3222728669643402, 0.32207784056663513, 0.3215273916721344, 0.3219055235385895, 0.3211185932159424, 0.3207741677761078, 0.32059794664382935, 0.3203650414943695, 0.3203209340572357, 0.32002365589141846, 0.3199521005153656, 0.3198137581348419, 0.31921496987342834, 0.3188636898994446, 0.31851568818092346, 0.31825271248817444, 0.31793537735939026, 0.3176901340484619, 0.31749722361564636, 0.31747302412986755, 0.31721943616867065, 0.3171577751636505, 0.3166009783744812, 0.31632447242736816, 0.3160950839519501, 0.3159046471118927, 0.3156028091907501, 0.31525856256484985, 0.3151361346244812, 0.31489917635917664, 0.31470760703086853, 0.3145681917667389, 0.31420066952705383, 0.3140469789505005, 0.3139350116252899, 0.3131750524044037, 0.3128599226474762, 0.31248950958251953, 0.31259411573410034, 0.3123038113117218, 0.31196704506874084, 0.31194889545440674, 0.3118579387664795, 0.31160685420036316, 0.3109900951385498, 0.3106688857078552, 0.31030625104904175, 0.310263454914093, 0.30986469984054565, 0.3098621964454651, 0.3094269037246704, 0.3097558915615082, 0.3089292645454407, 0.30830591917037964, 0.30829405784606934, 0.30785471200942993, 0.30767005681991577, 0.3075338304042816, 0.307142972946167, 0.3068266212940216, 0.306403785943985, 0.30629661679267883]",33.0,"[33.0, 33.0, 33.0, 33.0, 33.0, 33.0, 33.0, 33.0, 33.0, 33.0, 33.0, 33.0, 33.0, 33.0, 33.0, 33.0, 33.0, 33.0, 33.0, 33.0, 33.0, 33.0, 33.0, 33.0, 33.0, 33.0, 33.0, 33.0, 33.0, 33.0, 33.0, 33.0, 33.0, 33.0, 33.0, 33.0, 33.0, 33.0, 33.0, 33.0, 33.0, 33.0, 33.0, 33.0, 33.0, 33.0, 33.0, 33.0, 33.0, 33.0, 33.0, 33.0, 33.0, 33.0, 33.0, 33.0, 33.0, 33.0, 33.0, 33.0, 33.0, 33.0, 33.0, 33.0, 33.0, 33.0, 33.0, 33.0, 33.0, 33.0, 33.0, 33.0, 33.0, 33.0, 33.0, 33.0, 33.0, 33.0, 33.0, 33.0, 33.0, 33.0, 33.0, 33.0, 33.0, 33.0, 33.0, 33.0, 33.0, 33.0, 33.0, 33.0, 33.0, 33.0, 33.0, 33.0, 33.0, 33.0, 33.0, 33.0, 33.0, 33.0, 33.0, 33.0, 33.0, 33.0, 33.0, 33.0, 33.0, 33.0, 33.0, 33.0, 33.0, 33.0, 33.0, 33.0, 33.0, 33.0, 33.0, 33.0, 33.0, 33.0, 33.0, 33.0, 33.0, 33.0, 33.0, 33.0, 33.0, 33.0, 33.0, 33.0, 33.0, 33.0, 33.0, 33.0, 33.0, 33.0, 33.0, 33.0, 33.0, 33.0, 33.0, 33.0, 33.0, 33.0, 33.0, 33.0, 33.0, 33.0, 33.0, 33.0, 33.0, 33.0, 33.0, 33.0, 33.0, 33.0, 33.0, 33.0, 33.0, 33.0, 33.0, 33.0, 33.0, 33.0, 33.0, 33.0, 33.0, 33.0, 33.0, 33.0, 33.0, 33.0, 33.0, 33.0, 33.0, 33.0, 33.0, 33.0, 33.0, 33.0, 33.0, 33.0, 33.0, 33.0, 33.0, 33.0, 33.0, 33.0, 33.0, 33.0, 33.0, 33.0, 33.0, 33.0, 33.0, 33.0, 33.0, 33.0, 33.0, 33.0, 33.0, 33.0, 33.0, 33.0, 33.0, 33.0, 33.0, 33.0, 33.0, 33.0, 33.0, 33.0, 33.0, 33.0, 33.0, 33.0, 33.0, 33.0, 33.0, 33.0, 33.0, 33.0, 33.0, 33.0, 33.0, 33.0, 33.0, 33.0, 33.0, 33.0, 33.0, 33.0, 33.0, 33.0, 33.0, 33.0, 33.0, 33.0, 33.0, 33.0, 33.0, 33.0, 33.0, 33.0, 33.0, 33.0, 33.0, 33.0, 33.0, 33.0, 33.0, 33.0, 33.0, 33.0, 33.0, 33.0, 33.0, 33.0, 33.0, 33.0, 33.0, 33.0, 33.0, 33.0, 33.0, 33.0, 33.0, 33.0, 33.0, 33.0, 33.0, 33.0, 33.0, 33.0, 33.0, 33.0, 33.0, 33.0, 33.0, 33.0, 33.0, 33.0, 33.0, 33.0, 33.0, 33.0, 33.0, 33.0, 33.0, 33.0, 33.0, 33.0, 33.0, 33.0, 33.0, 33.0, 33.0, 33.0, 33.0, 33.0, 33.0, 33.0, 33.0, 33.0, 33.0, 33.0, 33.0, 33.0, 33.0, 33.0, 33.0, 33.0, 33.0, 33.0, 33.0, 33.0, 33.0, 33.0, 33.0, 33.0, 33.0, 33.0, 33.0, 33.0, 33.0, 33.0, 33.0, 33.0, 33.0, 33.0, 33.0, 33.0, 33.0, 33.0, 33.0, 33.0, 33.0, 33.0, 33.0, 33.0, 33.0, 33.0, 33.0, 33.0, 33.0, 33.0, 33.0, 33.0]",COMPLETE
