,number,value,datetime_start,datetime_complete,duration,params_batch_size_scaler,params_constant_learning_rate,params_depth,params_epochs,params_kernel_l2,params_num_trees,params_temperature,user_attrs_accuracy_test,user_attrs_accuracy_valid,user_attrs_approximate_feature_sparsity,user_attrs_approximate_feature_sparsity_history,user_attrs_approximate_weight_sparsity,user_attrs_approximate_weight_sparsity_history,user_attrs_auc_test,user_attrs_auc_valid,user_attrs_feature_sparsity,user_attrs_feature_sparsity_history,user_attrs_num_epochs,user_attrs_val_loss_history,user_attrs_weight_sparsity,user_attrs_weight_sparsity_history,state
140,140,0.9253777485798199,2024-08-31 07:08:19.548993,2024-08-31 07:09:24.945898,0 days 00:01:05.396905,16,0.6540917709650801,5,170,0.0018492458913778249,100,0.0003586879366945833,0.935,0.9425,30,"[33, 33, 33, 33, 33, 33, 33, 33, 33, 33, 33, 33, 33, 33, 33, 33, 33, 33, 33, 33, 33, 33, 33, 33, 33, 33, 33, 33, 33, 33, 33, 33, 33, 33, 33, 33, 33, 33, 33, 33, 33, 33, 33, 33, 33, 33, 33, 33, 33, 33, 33, 33, 33, 33, 33, 33, 33, 33, 33, 33, 33, 33, 33, 33, 33, 33, 33, 33, 33, 33, 33, 33, 33, 33, 33, 33, 33, 33, 33, 33, 33, 33, 33, 33, 33, 33, 33, 33, 33, 33, 33, 33, 33, 33, 33, 33, 33, 33, 33, 33, 33, 33, 33, 33, 33, 33, 33, 33, 33, 33, 33, 33, 33, 33, 33, 33, 33, 33, 33, 33, 33, 33, 33, 33, 33, 33, 33, 33, 33, 33, 33, 33, 33, 33, 33, 33, 33, 33, 33, 33, 33, 32, 32, 32, 32, 32, 32, 32, 32, 32, 32, 32, 32, 32, 32, 32, 31, 31, 31, 30, 30, 30, 30, 30, 30, 30, 30, 30, 30, 30]",29.93967741935484,"[32.92161290322581, 32.92774193548387, 32.92225806451613, 32.93064516129032, 32.928709677419356, 32.931290322580644, 32.93354838709678, 32.92129032258065, 32.92967741935484, 32.93645161290323, 32.92935483870968, 32.92290322580645, 32.92290322580645, 32.91935483870968, 32.93064516129032, 32.92032258064516, 32.920967741935485, 32.917741935483875, 32.92483870967742, 32.92322580645162, 32.928387096774195, 32.92774193548387, 32.9225806451613, 32.92903225806452, 32.928064516129034, 32.92741935483871, 32.92645161290323, 32.92612903225807, 32.93096774193548, 32.928387096774195, 32.93322580645162, 32.93193548387097, 32.925483870967746, 32.92935483870968, 32.92580645161291, 32.92354838709678, 32.92774193548387, 32.92612903225807, 32.928064516129034, 32.92677419354839, 32.92032258064516, 32.93, 32.92709677419355, 32.92967741935484, 32.93032258064516, 32.928709677419356, 32.924193548387095, 32.92387096774194, 32.92612903225807, 32.92709677419355, 32.93064516129032, 32.93, 32.924838709677424, 32.931935483870966, 32.92967741935484, 32.93064516129032, 32.92677419354839, 32.92774193548387, 32.92387096774194, 32.92645161290323, 32.92645161290323, 32.932580645161295, 32.9341935483871, 32.93, 32.93387096774194, 32.93000000000001, 32.92903225806452, 32.928709677419356, 32.93129032258065, 32.93129032258065, 32.92935483870968, 32.92774193548387, 32.92645161290323, 32.92774193548387, 32.925161290322585, 32.92645161290323, 32.92935483870968, 32.93096774193549, 32.92774193548387, 32.92612903225807, 32.92903225806452, 32.92677419354839, 32.929677419354846, 32.93258064516129, 32.928709677419356, 32.92967741935484, 32.925161290322585, 32.925161290322585, 32.92290322580645, 32.928387096774195, 32.92709677419355, 32.925483870967746, 32.928064516129034, 32.920645161290324, 32.92612903225807, 32.92354838709678, 32.92354838709678, 32.928709677419356, 32.93516129032258, 32.93258064516129, 32.92741935483871, 32.92967741935484, 32.93161290322581, 32.93193548387097, 32.931612903225805, 32.931612903225805, 32.93290322580645, 32.931290322580644, 32.93064516129032, 32.92774193548387, 32.93, 32.931935483870966, 32.93096774193548, 32.93096774193548, 32.93032258064516, 32.928387096774195, 32.928387096774195, 32.93161290322581, 32.93387096774194, 32.93096774193549, 32.92967741935484, 32.932903225806456, 32.9341935483871, 32.92935483870968, 32.93258064516129, 32.935483870967744, 32.931612903225805, 32.93677419354839, 32.931612903225805, 32.93290322580645, 32.93290322580645, 32.92903225806452, 32.92903225806452, 32.92935483870968, 32.928064516129034, 32.92677419354839, 32.92677419354839, 32.924193548387095, 32.92645161290323, 32.93064516129032, 32.92935483870968, 31.92741935483871, 31.931290322580644, 31.92903225806452, 31.92677419354839, 31.924193548387098, 31.928709677419356, 31.93129032258065, 31.93451612903226, 31.931290322580647, 31.932580645161295, 31.937741935483874, 31.937741935483874, 31.938387096774193, 31.936451612903227, 31.936129032258066, 30.940322580645166, 30.942580645161293, 30.94516129032258, 29.945483870967742, 29.942903225806454, 29.94225806451613, 29.943870967741937, 29.941612903225806, 29.938387096774196, 29.93774193548387, 29.939032258064522, 29.938709677419354, 29.939677419354837, 29.93967741935484]",0.9073390632353306,0.9253777485798199,30,"[33, 33, 33, 33, 33, 33, 33, 33, 33, 33, 33, 33, 33, 33, 33, 33, 33, 33, 33, 33, 33, 33, 33, 33, 33, 33, 33, 33, 33, 33, 33, 33, 33, 33, 33, 33, 33, 33, 33, 33, 33, 33, 33, 33, 33, 33, 33, 33, 33, 33, 33, 33, 33, 33, 33, 33, 33, 33, 33, 33, 33, 33, 33, 33, 33, 33, 33, 33, 33, 33, 33, 33, 33, 33, 33, 33, 33, 33, 33, 33, 33, 33, 33, 33, 33, 33, 33, 33, 33, 33, 33, 33, 33, 33, 33, 33, 33, 33, 33, 33, 33, 33, 33, 33, 33, 33, 33, 33, 33, 33, 33, 33, 33, 33, 33, 33, 33, 33, 33, 33, 33, 33, 33, 33, 33, 33, 33, 33, 33, 33, 33, 33, 33, 33, 33, 33, 33, 33, 33, 33, 33, 32, 32, 32, 32, 32, 32, 32, 32, 32, 32, 32, 32, 32, 32, 32, 31, 31, 31, 30, 30, 30, 30, 30, 30, 30, 30, 30, 30, 30]",170,"[0.39221617579460144, 0.38407135009765625, 0.3780040740966797, 0.3740020990371704, 0.3715989589691162, 0.3687317967414856, 0.369005024433136, 0.36463889479637146, 0.36189934611320496, 0.3601864278316498, 0.3585853576660156, 0.35614997148513794, 0.3556572198867798, 0.3543095290660858, 0.3508407175540924, 0.3501884937286377, 0.34876641631126404, 0.34628430008888245, 0.3460969030857086, 0.3438902199268341, 0.34129250049591064, 0.33938202261924744, 0.3432973027229309, 0.33665600419044495, 0.3357313275337219, 0.3330460786819458, 0.3328409492969513, 0.32930460572242737, 0.3276226818561554, 0.3257502615451813, 0.32427752017974854, 0.32469382882118225, 0.32102593779563904, 0.31928765773773193, 0.31764495372772217, 0.3154979944229126, 0.3132108747959137, 0.31082233786582947, 0.3089723289012909, 0.30817705392837524, 0.3048998713493347, 0.3055811822414398, 0.30019518733024597, 0.2967642843723297, 0.29443368315696716, 0.2913317382335663, 0.2910447418689728, 0.2870093584060669, 0.28386902809143066, 0.2813623547554016, 0.281870037317276, 0.27655601501464844, 0.2756071388721466, 0.27225857973098755, 0.2701767086982727, 0.26722079515457153, 0.26502716541290283, 0.2633097171783447, 0.2606111764907837, 0.25880157947540283, 0.2575400471687317, 0.256919264793396, 0.2540692687034607, 0.25344255566596985, 0.25025254487991333, 0.24834896624088287, 0.24709688127040863, 0.24694393575191498, 0.2446344792842865, 0.24342180788516998, 0.24360992014408112, 0.24118183553218842, 0.24014616012573242, 0.2435089349746704, 0.2381533831357956, 0.23772871494293213, 0.2371387481689453, 0.23457205295562744, 0.23493103682994843, 0.23316174745559692, 0.23239678144454956, 0.2304978370666504, 0.22934170067310333, 0.22967377305030823, 0.22792838513851166, 0.22708958387374878, 0.2263316959142685, 0.22796881198883057, 0.2247711718082428, 0.2255464792251587, 0.2240065634250641, 0.22269058227539062, 0.2230277806520462, 0.2234894186258316, 0.22001609206199646, 0.22050988674163818, 0.2204708456993103, 0.2184583693742752, 0.21892991662025452, 0.21699292957782745, 0.21614155173301697, 0.21932682394981384, 0.2152714878320694, 0.21413512527942657, 0.2182581126689911, 0.2130069136619568, 0.2135133296251297, 0.2135147601366043, 0.21318162977695465, 0.21188025176525116, 0.21182945370674133, 0.20994198322296143, 0.20978841185569763, 0.20993657410144806, 0.2093263566493988, 0.21054205298423767, 0.20951926708221436, 0.20768272876739502, 0.2095176726579666, 0.2070302516222, 0.2062116414308548, 0.20560899376869202, 0.20603565871715546, 0.20628787577152252, 0.20434793829917908, 0.2040572613477707, 0.2076839655637741, 0.20320819318294525, 0.20623493194580078, 0.20244714617729187, 0.20705118775367737, 0.20358622074127197, 0.20335619151592255, 0.20153146982192993, 0.20514671504497528, 0.2016541063785553, 0.2032839059829712, 0.20083016157150269, 0.2019055187702179, 0.20191435515880585, 0.19995541870594025, 0.20120704174041748, 0.1999698132276535, 0.2021186798810959, 0.19933564960956573, 0.1979931890964508, 0.19767986238002777, 0.20070035755634308, 0.19733579456806183, 0.19805467128753662, 0.20119290053844452, 0.19804412126541138, 0.19873249530792236, 0.19684083759784698, 0.19648222625255585, 0.1972268670797348, 0.196766197681427, 0.19623275101184845, 0.20050720870494843, 0.19863882660865784, 0.1994675099849701, 0.19519653916358948, 0.19616371393203735, 0.1948331892490387, 0.1942562609910965, 0.19584961235523224, 0.19671393930912018, 0.19547238945960999, 0.19413354992866516, 0.19491785764694214]",30.0,"[33.0, 33.0, 33.0, 33.0, 33.0, 33.0, 33.0, 33.0, 33.0, 33.0, 33.0, 33.0, 33.0, 33.0, 33.0, 33.0, 33.0, 33.0, 33.0, 33.0, 33.0, 33.0, 33.0, 33.0, 33.0, 33.0, 33.0, 33.0, 33.0, 33.0, 33.0, 33.0, 33.0, 33.0, 33.0, 33.0, 33.0, 33.0, 33.0, 33.0, 33.0, 33.0, 33.0, 33.0, 33.0, 33.0, 33.0, 33.0, 33.0, 33.0, 33.0, 33.0, 33.0, 33.0, 33.0, 33.0, 33.0, 33.0, 33.0, 33.0, 33.0, 33.0, 33.0, 33.0, 33.0, 33.0, 33.0, 33.0, 33.0, 33.0, 33.0, 33.0, 33.0, 33.0, 33.0, 33.0, 33.0, 33.0, 33.0, 33.0, 33.0, 33.0, 33.0, 33.0, 33.0, 33.0, 33.0, 33.0, 33.0, 33.0, 33.0, 33.0, 33.0, 33.0, 33.0, 33.0, 33.0, 33.0, 33.0, 33.0, 33.0, 33.0, 33.0, 33.0, 33.0, 33.0, 33.0, 33.0, 33.0, 33.0, 33.0, 33.0, 33.0, 33.0, 33.0, 33.0, 33.0, 33.0, 33.0, 33.0, 33.0, 33.0, 33.0, 33.0, 33.0, 33.0, 33.0, 33.0, 33.0, 33.0, 33.0, 33.0, 33.0, 33.0, 33.0, 33.0, 33.0, 33.0, 33.0, 33.0, 33.0, 32.0, 32.0, 32.0, 32.0, 32.0, 32.0, 32.0, 32.0, 32.0, 32.0, 32.0, 32.0, 32.0, 32.0, 32.0, 31.0, 31.0, 31.0, 30.0, 30.0, 30.0, 30.0, 30.0, 30.0, 30.0, 30.0, 30.0, 30.0, 30.0]",COMPLETE
