,number,value,datetime_start,datetime_complete,duration,params_batch_size_scaler,params_constant_learning_rate,params_depth,params_epochs,params_kernel_l2,params_num_trees,params_temperature,user_attrs_accuracy_test,user_attrs_accuracy_valid,user_attrs_approximate_feature_sparsity,user_attrs_approximate_feature_sparsity_history,user_attrs_approximate_weight_sparsity,user_attrs_approximate_weight_sparsity_history,user_attrs_auc_test,user_attrs_auc_valid,user_attrs_feature_sparsity,user_attrs_feature_sparsity_history,user_attrs_num_epochs,user_attrs_val_loss_history,user_attrs_weight_sparsity,user_attrs_weight_sparsity_history,state
85,85,0.9325140729863071,2024-08-31 04:30:10.429877,2024-08-31 05:00:55.303011,0 days 00:30:44.873134,1,0.2580855197322732,6,325,0.0028521647826878216,99,0.008267620742066568,0.937,0.9375,33,"[33, 33, 33, 33, 33, 33, 33, 33, 33, 33, 33, 33, 33, 33, 33, 33, 33, 33, 33, 33, 33, 33, 33, 33, 33, 33, 33, 33, 33, 33, 33, 33, 33, 33, 33, 33, 33, 33, 33, 33, 33, 33, 33, 33, 33, 33, 33, 33, 33, 33, 33, 33, 33, 33, 33, 33, 33, 33, 33, 33, 33, 33, 33, 33, 33, 33, 33, 33, 33, 33, 33, 33, 33, 33, 33, 33, 33, 33, 33, 33, 33, 33, 33, 33, 33, 33, 33, 33, 33, 33, 33, 33, 33, 33, 33, 33, 33, 33, 33, 33, 33, 33, 33, 33, 33, 33, 33, 33, 33, 33, 33, 33, 33, 33, 33, 33, 33, 33, 33, 33, 33, 33, 33, 33, 33, 33, 33, 33, 33, 33, 33, 33, 33, 33, 33, 33, 33, 33, 33, 33, 33, 33, 33, 33, 33, 33, 33, 33, 33, 33, 33, 33, 33, 33, 33, 33, 33, 33, 33, 33, 33, 33, 33, 33, 33, 33, 33, 33, 33, 33, 33, 33, 33, 33, 33, 33, 33, 33, 33, 33, 33, 33, 33, 33, 33, 33, 33, 33, 33, 33, 33, 33, 33, 33, 33, 33, 33, 33, 33, 33, 33, 33, 33, 33, 33, 33, 33, 33, 33, 33, 33, 33, 33, 33, 33, 33, 33, 33, 33, 33, 33, 33, 33, 33, 33, 33, 33, 33, 33, 33, 33, 33, 33, 33, 33, 33, 33, 33, 33, 33, 33, 33, 33, 33, 33, 33, 33, 33, 33, 33, 33, 33, 33, 33, 33, 33, 33, 33, 33, 33, 33, 33, 33, 33, 33, 33, 33, 33, 33, 33, 33, 33, 33, 33, 33, 33, 33, 33, 33, 33, 33, 33, 33, 33, 33, 33, 33, 33, 33, 33, 33, 33, 33, 33, 33, 33, 33, 33, 33, 33, 33, 33, 33, 33, 33, 33, 33, 33, 33, 33, 33, 33, 33, 33, 33, 33, 33, 33, 33, 33, 33, 33, 33, 33, 33]",32.91903158569825,"[32.88504088504089, 32.89353856020523, 32.89289722623056, 32.89145422478756, 32.89786756453423, 32.89642456309123, 32.89578322911656, 32.89065255731923, 32.88728555395222, 32.89722623055957, 32.89594356261023, 32.8951418951419, 32.89786756453423, 32.8999518999519, 32.901875901875904, 32.89353856020523, 32.9042809042809, 32.904761904761905, 32.8980278980279, 32.89866923200257, 32.90219656886323, 32.90299823633157, 32.90444123777457, 32.896905563572226, 32.8999518999519, 32.896103896103895, 32.90347923681257, 32.90636523969857, 32.896103896103895, 32.900432900432904, 32.903479236812565, 32.90155523488857, 32.901875901875904, 32.902036235369565, 32.90508257174924, 32.900432900432904, 32.902677569344235, 32.904761904761905, 32.907647907647906, 32.909571909571916, 32.903318903318905, 32.909251242584574, 32.903318903318905, 32.90460157126824, 32.90428090428091, 32.904120570787235, 32.900272566939236, 32.89722623055957, 32.89578322911656, 32.8999518999519, 32.899791566458234, 32.89369889369889, 32.89289722623056, 32.90379990379991, 32.89834856501523, 32.90444123777457, 32.90492223825557, 32.904120570787235, 32.905563572230236, 32.90700657367324, 32.909251242584574, 32.91261824595158, 32.905563572230236, 32.90315856982524, 32.905403238736575, 32.90251723585057, 32.9028379028379, 32.904120570787235, 32.90379990379991, 32.899791566458234, 32.90636523969857, 32.903960237293575, 32.90379990379991, 32.90652557319224, 32.909892576559244, 32.905403238736575, 32.90379990379991, 32.90508257174924, 32.906846240179576, 32.899631232964566, 32.90347923681257, 32.90347923681257, 32.90444123777457, 32.899631232964566, 32.90860990860991, 32.90748757415424, 32.906204906204906, 32.908449575116244, 32.911335578002245, 32.908449575116244, 32.91213724547058, 32.90668590668591, 32.90524290524291, 32.908609908609904, 32.90492223825557, 32.90203623536957, 32.900593233926564, 32.90556357223024, 32.906846240179576, 32.907487574154246, 32.91181657848325, 32.91181657848325, 32.914061247394585, 32.911976911976915, 32.91534391534392, 32.91582491582491, 32.91101491101491, 32.91117524450858, 32.91181657848325, 32.91149591149591, 32.91534391534391, 32.91165624498958, 32.91005291005291, 32.91101491101491, 32.910533910533914, 32.91149591149591, 32.905563572230236, 32.90796857463524, 32.911976911976915, 32.911335578002245, 32.91181657848325, 32.90909090909091, 32.90748757415424, 32.91165624498958, 32.906204906204906, 32.908930575597246, 32.91614558281225, 32.91678691678692, 32.91582491582491, 32.914862914862915, 32.91358024691358, 32.90909090909091, 32.910694244027574, 32.91309924643258, 32.91181657848325, 32.911335578002245, 32.91534391534392, 32.91021324354658, 32.907647907647906, 32.90941157607824, 32.90107423440757, 32.90524290524291, 32.90588423921757, 32.91085457752125, 32.91213724547058, 32.909892576559244, 32.91374058040725, 32.91117524450858, 32.912137245470575, 32.908289241622576, 32.91309924643258, 32.912778579445245, 32.90780824114157, 32.911335578002245, 32.908609908609904, 32.91245791245791, 32.91245791245791, 32.91293891293891, 32.91149591149591, 32.91534391534392, 32.910533910533914, 32.91293891293891, 32.91261824595158, 32.908930575597246, 32.91005291005291, 32.91358024691358, 32.91390091390092, 32.913419913419915, 32.91181657848324, 32.91181657848325, 32.91309924643258, 32.91213724547058, 32.914862914862915, 32.91566458233125, 32.91518358185024, 32.91406124739458, 32.91518358185025, 32.912618245951585, 32.911976911976915, 32.91309924643258, 32.91390091390091, 32.911976911976915, 32.91229757896424, 32.91454224787558, 32.91309924643258, 32.911976911976915, 32.91309924643258, 32.914221580888245, 32.91518358185024, 32.916626583293244, 32.91678691678692, 32.91614558281225, 32.920795254128585, 32.91822991822992, 32.91678691678692, 32.91806958473625, 32.91855058521725, 32.917107583774246, 32.917909251242584, 32.91806958473625, 32.916947250280586, 32.91534391534392, 32.91374058040725, 32.91438191438191, 32.91438191438191, 32.913580246913575, 32.91390091390092, 32.91165624498958, 32.91502324835658, 32.91438191438191, 32.915664582331246, 32.91614558281225, 32.91518358185024, 32.91438191438191, 32.914862914862915, 32.914061247394585, 32.91293891293891, 32.91245791245792, 32.91181657848325, 32.909090909090914, 32.909892576559244, 32.909251242584574, 32.90973224306558, 32.908930575597246, 32.91181657848324, 32.91309924643258, 32.91245791245792, 32.91181657848325, 32.914862914862915, 32.91309924643258, 32.91390091390091, 32.91390091390091, 32.91390091390092, 32.91550424883758, 32.91534391534392, 32.91598524931858, 32.91662658329325, 32.913580246913575, 32.91486291486291, 32.914862914862915, 32.91662658329325, 32.91502324835658, 32.913419913419915, 32.91325957992624, 32.91261824595158, 32.91518358185025, 32.91341991341991, 32.91309924643258, 32.91261824595158, 32.914221580888245, 32.91358024691358, 32.91406124739458, 32.91406124739458, 32.913580246913575, 32.91261824595158, 32.91261824595158, 32.914061247394585, 32.91309924643258, 32.912778579445245, 32.91149591149591, 32.91181657848325, 32.91245791245791, 32.911335578002245, 32.91117524450858, 32.91165624498958, 32.91021324354657, 32.91165624498958, 32.91085457752125, 32.908449575116244, 32.91021324354658, 32.91101491101491, 32.911335578002245, 32.91165624498958, 32.91229757896425, 32.91117524450858, 32.913419913419915, 32.91438191438191, 32.91101491101491, 32.911976911976915, 32.91181657848325, 32.91053391053391, 32.91229757896424, 32.91165624498958, 32.91165624498958, 32.914862914862915, 32.913419913419915, 32.91534391534392, 32.91598524931858, 32.91582491582492, 32.91518358185025, 32.91454224787559, 32.91309924643258, 32.91309924643258, 32.91309924643258, 32.91245791245792, 32.91229757896425, 32.914221580888245, 32.914862914862915, 32.91550424883758, 32.916466249799576, 32.917267917267914, 32.917748917748916, 32.917267917267914, 32.916947250280586, 32.91678691678692, 32.916305916305916, 32.91742825076158, 32.91742825076158, 32.916626583293244, 32.917267917267914, 32.91839025172358, 32.917107583774246, 32.91646624979958, 32.91662658329325, 32.917909251242584, 32.91662658329325, 32.91742825076158, 32.917107583774246, 32.917909251242584, 32.91742825076158, 32.91758858425525, 32.91678691678692, 32.916947250280586, 32.91742825076158, 32.91903158569825]",0.9130111708319917,0.9325140729863071,33,"[33, 33, 33, 33, 33, 33, 33, 33, 33, 33, 33, 33, 33, 33, 33, 33, 33, 33, 33, 33, 33, 33, 33, 33, 33, 33, 33, 33, 33, 33, 33, 33, 33, 33, 33, 33, 33, 33, 33, 33, 33, 33, 33, 33, 33, 33, 33, 33, 33, 33, 33, 33, 33, 33, 33, 33, 33, 33, 33, 33, 33, 33, 33, 33, 33, 33, 33, 33, 33, 33, 33, 33, 33, 33, 33, 33, 33, 33, 33, 33, 33, 33, 33, 33, 33, 33, 33, 33, 33, 33, 33, 33, 33, 33, 33, 33, 33, 33, 33, 33, 33, 33, 33, 33, 33, 33, 33, 33, 33, 33, 33, 33, 33, 33, 33, 33, 33, 33, 33, 33, 33, 33, 33, 33, 33, 33, 33, 33, 33, 33, 33, 33, 33, 33, 33, 33, 33, 33, 33, 33, 33, 33, 33, 33, 33, 33, 33, 33, 33, 33, 33, 33, 33, 33, 33, 33, 33, 33, 33, 33, 33, 33, 33, 33, 33, 33, 33, 33, 33, 33, 33, 33, 33, 33, 33, 33, 33, 33, 33, 33, 33, 33, 33, 33, 33, 33, 33, 33, 33, 33, 33, 33, 33, 33, 33, 33, 33, 33, 33, 33, 33, 33, 33, 33, 33, 33, 33, 33, 33, 33, 33, 33, 33, 33, 33, 33, 33, 33, 33, 33, 33, 33, 33, 33, 33, 33, 33, 33, 33, 33, 33, 33, 33, 33, 33, 33, 33, 33, 33, 33, 33, 33, 33, 33, 33, 33, 33, 33, 33, 33, 33, 33, 33, 33, 33, 33, 33, 33, 33, 33, 33, 33, 33, 33, 33, 33, 33, 33, 33, 33, 33, 33, 33, 33, 33, 33, 33, 33, 33, 33, 33, 33, 33, 33, 33, 33, 33, 33, 33, 33, 33, 33, 33, 33, 33, 33, 33, 33, 33, 33, 33, 33, 33, 33, 33, 33, 33, 33, 33, 33, 33, 33, 33, 33, 33, 33, 33, 33, 33, 33, 33, 33, 33, 33, 33]",325,"[0.37316229939460754, 0.3644022047519684, 0.35979989171028137, 0.3498072028160095, 0.34347397089004517, 0.33832457661628723, 0.3329346477985382, 0.3251786530017853, 0.31941717863082886, 0.3126718997955322, 0.305495023727417, 0.2965331971645355, 0.28497764468193054, 0.2725471556186676, 0.2652662396430969, 0.2588510811328888, 0.2549813985824585, 0.24646437168121338, 0.24137462675571442, 0.2399032711982727, 0.2356402575969696, 0.2319364994764328, 0.22744785249233246, 0.22485053539276123, 0.22011913359165192, 0.22159802913665771, 0.21900103986263275, 0.21492892503738403, 0.22042036056518555, 0.20947545766830444, 0.2080484926700592, 0.20679733157157898, 0.2070142775774002, 0.20176737010478973, 0.2000773549079895, 0.20154209434986115, 0.19979692995548248, 0.20113208889961243, 0.19983749091625214, 0.1950853317975998, 0.19427675008773804, 0.19650186598300934, 0.19119398295879364, 0.1892075538635254, 0.19242070615291595, 0.18862669169902802, 0.19339294731616974, 0.19698449969291687, 0.18916729092597961, 0.18921735882759094, 0.19090184569358826, 0.19218853116035461, 0.18927307426929474, 0.19013702869415283, 0.19034132361412048, 0.18960893154144287, 0.18567875027656555, 0.19451385736465454, 0.18839670717716217, 0.18169547617435455, 0.1836487054824829, 0.18482480943202972, 0.1922202855348587, 0.18338987231254578, 0.17974303662776947, 0.18032562732696533, 0.19180646538734436, 0.17785261571407318, 0.18164180219173431, 0.17615889012813568, 0.17743819952011108, 0.17599454522132874, 0.1772596687078476, 0.18197938799858093, 0.17208078503608704, 0.18233782052993774, 0.17678411304950714, 0.1794963777065277, 0.18164728581905365, 0.17222492396831512, 0.17660772800445557, 0.17687779664993286, 0.1770322173833847, 0.17247968912124634, 0.1774502545595169, 0.18113285303115845, 0.17225423455238342, 0.1688551902770996, 0.1739230751991272, 0.16814516484737396, 0.17324668169021606, 0.17054052650928497, 0.17617744207382202, 0.17471686005592346, 0.17385360598564148, 0.18171222507953644, 0.1825638711452484, 0.18999023735523224, 0.1812729686498642, 0.17970310151576996, 0.17087505757808685, 0.1725372076034546, 0.17803213000297546, 0.17523899674415588, 0.1751146912574768, 0.17908117175102234, 0.17632615566253662, 0.18328477442264557, 0.17086519300937653, 0.17729318141937256, 0.1929265558719635, 0.17584754526615143, 0.17436659336090088, 0.1739363670349121, 0.17949819564819336, 0.18172207474708557, 0.17419642210006714, 0.17672675848007202, 0.18312986195087433, 0.17723245918750763, 0.18085384368896484, 0.17792892456054688, 0.17917844653129578, 0.1832694411277771, 0.18168510496616364, 0.18296226859092712, 0.1783772110939026, 0.1832352578639984, 0.17811666429042816, 0.17864760756492615, 0.18675939738750458, 0.1833205372095108, 0.1847579926252365, 0.1842215210199356, 0.18214280903339386, 0.18865229189395905, 0.18268278241157532, 0.1855156123638153, 0.18942677974700928, 0.18977533280849457, 0.1857498586177826, 0.18615873157978058, 0.18621546030044556, 0.18755652010440826, 0.18632318079471588, 0.18454402685165405, 0.19117280840873718, 0.19568972289562225, 0.19401273131370544, 0.20470750331878662, 0.19748669862747192, 0.19257724285125732, 0.20107847452163696, 0.19892124831676483, 0.19085760414600372, 0.19671939313411713, 0.1968255192041397, 0.19802284240722656, 0.1981038600206375, 0.1980506181716919, 0.1996648907661438, 0.19870901107788086, 0.20268140733242035, 0.2056562751531601, 0.20908953249454498, 0.21329237520694733, 0.21151933073997498, 0.20475801825523376, 0.21332210302352905, 0.21780386567115784, 0.21451178193092346, 0.21070575714111328, 0.21285413205623627, 0.21562208235263824, 0.21491384506225586, 0.21385936439037323, 0.21605104207992554, 0.22352682054042816, 0.2209692895412445, 0.21991370618343353, 0.21890172362327576, 0.22437554597854614, 0.2221064418554306, 0.22864177823066711, 0.23269610106945038, 0.23983627557754517, 0.22975490987300873, 0.23340775072574615, 0.23164770007133484, 0.22887685894966125, 0.2288215458393097, 0.2364484816789627, 0.23710645735263824, 0.2398768812417984, 0.24578739702701569, 0.23774023354053497, 0.24038276076316833, 0.2368575632572174, 0.24011722207069397, 0.2436361461877823, 0.24558857083320618, 0.24284003674983978, 0.2516004145145416, 0.2508680522441864, 0.2503039240837097, 0.24658918380737305, 0.2491704523563385, 0.24927853047847748, 0.254943311214447, 0.2521415054798126, 0.2561873197555542, 0.2560209035873413, 0.25609198212623596, 0.257432222366333, 0.25841984152793884, 0.25976061820983887, 0.2621838450431824, 0.2627759873867035, 0.26196059584617615, 0.26040902733802795, 0.2604855000972748, 0.2652091085910797, 0.2666216790676117, 0.26698723435401917, 0.2698931396007538, 0.2652662396430969, 0.2688435912132263, 0.2749875783920288, 0.2708772122859955, 0.2741282284259796, 0.27045729756355286, 0.2690967619419098, 0.27021846175193787, 0.2769421637058258, 0.27367255091667175, 0.2773178815841675, 0.27887189388275146, 0.2755279541015625, 0.27888259291648865, 0.28098127245903015, 0.2796999514102936, 0.28042757511138916, 0.2833887040615082, 0.2834377586841583, 0.28197821974754333, 0.2835969626903534, 0.28263846039772034, 0.28715646266937256, 0.2852168381214142, 0.2852299213409424, 0.2852361500263214, 0.2873230278491974, 0.2869762182235718, 0.2886081039905548, 0.2889549732208252, 0.29082387685775757, 0.2894720733165741, 0.29029011726379395, 0.29140505194664, 0.294079452753067, 0.29490798711776733, 0.293575257062912, 0.294485867023468, 0.2950058877468109, 0.2954860031604767, 0.29507723450660706, 0.29655829071998596, 0.29651740193367004, 0.2979699373245239, 0.2987481653690338, 0.2975310981273651, 0.29783180356025696, 0.30090323090553284, 0.2985277771949768, 0.3010331988334656, 0.29984766244888306, 0.3023132383823395, 0.3031183183193207, 0.304122656583786, 0.30377084016799927, 0.30330339074134827, 0.30586954951286316, 0.3044423460960388, 0.30399268865585327, 0.3069499135017395, 0.30633965134620667, 0.30847299098968506, 0.30808624625205994, 0.3087973892688751, 0.30936476588249207, 0.3081788420677185, 0.3088127374649048, 0.30873653292655945, 0.30926772952079773, 0.3098340332508087, 0.31042611598968506, 0.31299105286598206, 0.31145864725112915, 0.3133784234523773, 0.31388095021247864, 0.3132108747959137, 0.3138633966445923, 0.3146838843822479, 0.3150598108768463, 0.3153088092803955, 0.31518375873565674, 0.3179824948310852, 0.3177148103713989, 0.318631112575531, 0.3180111348628998, 0.31710830330848694, 0.3181663751602173, 0.31802546977996826, 0.31947794556617737, 0.3201102316379547, 0.3206363916397095, 0.32099631428718567, 0.3212175667285919, 0.320899099111557, 0.3208239674568176, 0.3220981955528259, 0.3228776454925537, 0.3225882053375244, 0.323550820350647, 0.3249788284301758]",33.0,"[33.0, 33.0, 33.0, 33.0, 33.0, 33.0, 33.0, 33.0, 33.0, 33.0, 33.0, 33.0, 33.0, 33.0, 33.0, 33.0, 33.0, 33.0, 33.0, 33.0, 33.0, 33.0, 33.0, 33.0, 33.0, 33.0, 33.0, 33.0, 33.0, 33.0, 33.0, 33.0, 33.0, 33.0, 33.0, 33.0, 33.0, 33.0, 33.0, 33.0, 33.0, 33.0, 33.0, 33.0, 33.0, 33.0, 33.0, 33.0, 33.0, 33.0, 33.0, 33.0, 33.0, 33.0, 33.0, 33.0, 33.0, 33.0, 33.0, 33.0, 33.0, 33.0, 33.0, 33.0, 33.0, 33.0, 33.0, 33.0, 33.0, 33.0, 33.0, 33.0, 33.0, 33.0, 33.0, 33.0, 33.0, 33.0, 33.0, 33.0, 33.0, 33.0, 33.0, 33.0, 33.0, 33.0, 33.0, 33.0, 33.0, 33.0, 33.0, 33.0, 33.0, 33.0, 33.0, 33.0, 33.0, 33.0, 33.0, 33.0, 33.0, 33.0, 33.0, 33.0, 33.0, 33.0, 33.0, 33.0, 33.0, 33.0, 33.0, 33.0, 33.0, 33.0, 33.0, 33.0, 33.0, 33.0, 33.0, 33.0, 33.0, 33.0, 33.0, 33.0, 33.0, 33.0, 33.0, 33.0, 33.0, 33.0, 33.0, 33.0, 33.0, 33.0, 33.0, 33.0, 33.0, 33.0, 33.0, 33.0, 33.0, 33.0, 33.0, 33.0, 33.0, 33.0, 33.0, 33.0, 33.0, 33.0, 33.0, 33.0, 33.0, 33.0, 33.0, 33.0, 33.0, 33.0, 33.0, 33.0, 33.0, 33.0, 33.0, 33.0, 33.0, 33.0, 33.0, 33.0, 33.0, 33.0, 33.0, 33.0, 33.0, 33.0, 33.0, 33.0, 33.0, 33.0, 33.0, 33.0, 33.0, 33.0, 33.0, 33.0, 33.0, 33.0, 33.0, 33.0, 33.0, 33.0, 33.0, 33.0, 33.0, 33.0, 33.0, 33.0, 33.0, 33.0, 33.0, 33.0, 33.0, 33.0, 33.0, 33.0, 33.0, 33.0, 33.0, 33.0, 33.0, 33.0, 33.0, 33.0, 33.0, 33.0, 33.0, 33.0, 33.0, 33.0, 33.0, 33.0, 33.0, 33.0, 33.0, 33.0, 33.0, 33.0, 33.0, 33.0, 33.0, 33.0, 33.0, 33.0, 33.0, 33.0, 33.0, 33.0, 33.0, 33.0, 33.0, 33.0, 33.0, 33.0, 33.0, 33.0, 33.0, 33.0, 33.0, 33.0, 33.0, 33.0, 33.0, 33.0, 33.0, 33.0, 33.0, 33.0, 33.0, 33.0, 33.0, 33.0, 33.0, 33.0, 33.0, 33.0, 33.0, 33.0, 33.0, 33.0, 33.0, 33.0, 33.0, 33.0, 33.0, 33.0, 33.0, 33.0, 33.0, 33.0, 33.0, 33.0, 33.0, 33.0, 33.0, 33.0, 33.0, 33.0, 33.0, 33.0, 33.0, 33.0, 33.0, 33.0, 33.0, 33.0, 33.0, 33.0, 33.0, 33.0, 33.0, 33.0, 33.0, 33.0, 33.0, 33.0, 33.0, 33.0, 33.0, 33.0, 33.0, 33.0, 33.0, 33.0, 33.0, 33.0, 33.0, 33.0, 33.0, 33.0, 33.0, 33.0, 33.0, 33.0, 33.0, 33.0, 33.0]",COMPLETE
