,number,value,datetime_start,datetime_complete,duration,params_batch_size_scaler,params_constant_learning_rate,params_depth,params_epochs,params_kernel_l2,params_num_trees,params_temperature,user_attrs_accuracy_test,user_attrs_accuracy_valid,user_attrs_approximate_feature_sparsity,user_attrs_approximate_feature_sparsity_history,user_attrs_approximate_weight_sparsity,user_attrs_approximate_weight_sparsity_history,user_attrs_auc_test,user_attrs_auc_valid,user_attrs_feature_sparsity,user_attrs_feature_sparsity_history,user_attrs_num_epochs,user_attrs_val_loss_history,user_attrs_weight_sparsity,user_attrs_weight_sparsity_history,state
160,160,0.7533846015122825,2024-08-31 08:38:42.728756,2024-08-31 08:39:38.502569,0 days 00:00:55.773813,64,0.03558100703854486,3,450,0.0012109751197145412,86,0.00018037253847437277,0.881,0.8725,33,"[33, 33, 33, 33, 33, 33, 33, 33, 33, 33, 33, 33, 33, 33, 33, 33, 33, 33, 33, 33, 33, 33, 33, 33, 33, 33, 33, 33, 33, 33, 33, 33, 33, 33, 33, 33, 33, 33, 33, 33, 33, 33, 33, 33, 33, 33, 33, 33, 33, 33, 33, 33, 33, 33, 33, 33, 33, 33, 33, 33, 33, 33, 33, 33, 33, 33, 33, 33, 33, 33, 33, 33, 33, 33, 33, 33, 33, 33, 33, 33, 33, 33, 33, 33, 33, 33, 33, 33, 33, 33, 33, 33, 33, 33, 33, 33, 33, 33, 33, 33, 33, 33, 33, 33, 33, 33, 33, 33, 33, 33, 33, 33, 33, 33, 33, 33, 33, 33, 33, 33, 33, 33, 33, 33, 33, 33, 33, 33, 33, 33, 33, 33, 33, 33, 33, 33, 33, 33, 33, 33, 33, 33, 33, 33, 33, 33, 33, 33, 33, 33, 33, 33, 33, 33, 33, 33, 33, 33, 33, 33, 33, 33, 33, 33, 33, 33, 33, 33, 33, 33, 33, 33, 33, 33, 33, 33, 33, 33, 33, 33, 33, 33, 33, 33, 33, 33, 33, 33, 33, 33, 33, 33, 33, 33, 33, 33, 33, 33, 33, 33, 33, 33, 33, 33, 33, 33, 33, 33, 33, 33, 33, 33, 33, 33, 33, 33, 33, 33, 33, 33, 33, 33, 33, 33, 33, 33, 33, 33, 33, 33, 33, 33, 33, 33, 33, 33, 33, 33, 33, 33, 33, 33, 33, 33, 33, 33, 33, 33, 33, 33, 33, 33, 33, 33, 33, 33, 33, 33, 33, 33, 33, 33, 33, 33, 33, 33, 33, 33, 33, 33, 33, 33, 33, 33, 33, 33, 33, 33, 33, 33, 33, 33, 33, 33, 33, 33, 33, 33, 33, 33, 33, 33, 33, 33, 33, 33, 33, 33, 33, 33, 33, 33, 33, 33, 33, 33, 33, 33, 33, 33, 33, 33, 33, 33, 33, 33, 33, 33, 33, 33, 33, 33, 33, 33, 33, 33, 33, 33, 33, 33, 33, 33, 33, 33, 33, 33, 33, 33, 33, 33, 33, 33, 33, 33, 33, 33, 33, 33, 33, 33, 33, 33, 33, 33, 33, 33, 33, 33, 33, 33, 33, 33, 33, 33, 33, 33, 33, 33, 33, 33, 33, 33, 33, 33, 33, 33, 33, 33, 33, 33, 33, 33, 33, 33, 33, 33, 33, 33, 33, 33, 33, 33, 33, 33, 33, 33, 33, 33, 33, 33, 33, 33, 33, 33, 33, 33, 33, 33, 33, 33, 33, 33, 33, 33, 33, 33, 33, 33, 33, 33, 33, 33, 33, 33, 33, 33, 33, 33, 33, 33, 33, 33, 33, 33, 33, 33, 33, 33, 33, 33, 33, 33, 33, 33, 33, 33, 33, 33, 33, 33]",32.970099667774086,"[32.95847176079734, 32.95348837209302, 32.955149501661126, 32.943521594684384, 32.95016611295681, 32.94518272425249, 32.9485049833887, 32.95016611295681, 32.96511627906977, 32.966777408637874, 32.96843853820598, 32.96013289036545, 32.96511627906977, 32.96345514950166, 32.95348837209303, 32.951827242524914, 32.958471760797345, 32.951827242524914, 32.95016611295681, 32.95348837209302, 32.95681063122923, 32.95681063122923, 32.963455149501655, 32.96179401993355, 32.96179401993355, 32.95681063122923, 32.95016611295681, 32.955149501661126, 32.95681063122923, 32.96013289036544, 32.955149501661126, 32.95348837209302, 32.96013289036544, 32.96843853820598, 32.970099667774086, 32.97176079734219, 32.9734219269103, 32.97176079734219, 32.970099667774086, 32.97674418604651, 32.97674418604651, 32.9734219269103, 32.96511627906977, 32.96179401993355, 32.96345514950166, 32.96511627906977, 32.966777408637874, 32.970099667774086, 32.96843853820598, 32.96345514950166, 32.96345514950166, 32.966777408637874, 32.97176079734219, 32.96013289036545, 32.95681063122923, 32.946843853820596, 32.95016611295681, 32.95348837209302, 32.9485049833887, 32.951827242524914, 32.951827242524914, 32.95348837209302, 32.95847176079734, 32.961794019933556, 32.96013289036544, 32.95348837209302, 32.955149501661126, 32.96345514950166, 32.961794019933556, 32.95847176079734, 32.95681063122923, 32.96013289036545, 32.96345514950166, 32.95681063122924, 32.958471760797345, 32.95348837209302, 32.961794019933556, 32.96345514950166, 32.96345514950166, 32.97176079734219, 32.975083056478404, 32.9734219269103, 32.97674418604651, 32.98006644518272, 32.97674418604651, 32.98172757475083, 32.98172757475083, 32.978405315614616, 32.98006644518272, 32.98006644518272, 32.978405315614616, 32.978405315614616, 32.978405315614616, 32.978405315614616, 32.975083056478404, 32.975083056478404, 32.97176079734219, 32.97176079734219, 32.975083056478404, 32.97674418604651, 32.97176079734219, 32.96843853820598, 32.966777408637874, 32.96843853820598, 32.96511627906977, 32.970099667774086, 32.9734219269103, 32.978405315614616, 32.978405315614616, 32.97176079734219, 32.9734219269103, 32.96511627906977, 32.966777408637874, 32.966777408637874, 32.96843853820598, 32.966777408637874, 32.970099667774086, 32.96843853820598, 32.97176079734219, 32.9734219269103, 32.9734219269103, 32.975083056478404, 32.975083056478404, 32.97674418604651, 32.98006644518272, 32.97674418604651, 32.9734219269103, 32.97674418604651, 32.975083056478404, 32.97674418604651, 32.978405315614616, 32.978405315614616, 32.978405315614616, 32.97176079734219, 32.96511627906977, 32.958471760797345, 32.96013289036545, 32.96345514950166, 32.96345514950166, 32.966777408637874, 32.96511627906977, 32.96511627906977, 32.96843853820598, 32.970099667774086, 32.9734219269103, 32.97176079734219, 32.975083056478404, 32.97176079734219, 32.96843853820598, 32.96843853820598, 32.96511627906977, 32.961794019933556, 32.958471760797345, 32.95681063122923, 32.95514950166113, 32.961794019933556, 32.961794019933556, 32.96345514950166, 32.96345514950166, 32.96511627906977, 32.96843853820598, 32.966777408637874, 32.96511627906977, 32.96511627906977, 32.96511627906977, 32.96843853820598, 32.96843853820598, 32.96345514950166, 32.96511627906977, 32.966777408637874, 32.970099667774086, 32.970099667774086, 32.966777408637874, 32.966777408637874, 32.97176079734219, 32.970099667774086, 32.975083056478404, 32.97674418604651, 32.9734219269103, 32.966777408637874, 32.96843853820598, 32.96843853820598, 32.966777408637874, 32.96511627906977, 32.96345514950166, 32.96345514950166, 32.96345514950166, 32.966777408637874, 32.966777408637874, 32.96843853820598, 32.96511627906977, 32.966777408637874, 32.96345514950166, 32.970099667774086, 32.96843853820598, 32.97176079734219, 32.966777408637874, 32.96843853820598, 32.96843853820598, 32.96511627906976, 32.96511627906976, 32.966777408637874, 32.966777408637874, 32.96677740863787, 32.96843853820598, 32.96843853820597, 32.96843853820598, 32.966777408637874, 32.96511627906976, 32.96179401993355, 32.96843853820598, 32.96843853820598, 32.96511627906977, 32.96511627906977, 32.966777408637874, 32.970099667774086, 32.96843853820598, 32.970099667774086, 32.96843853820598, 32.966777408637874, 32.970099667774086, 32.97176079734219, 32.97176079734219, 32.970099667774086, 32.970099667774086, 32.970099667774086, 32.96843853820598, 32.970099667774086, 32.97176079734219, 32.966777408637874, 32.96843853820598, 32.970099667774086, 32.970099667774086, 32.96843853820598, 32.96843853820598, 32.97176079734219, 32.97674418604651, 32.97674418604651, 32.97176079734219, 32.970099667774086, 32.96843853820598, 32.96843853820598, 32.96843853820598, 32.966777408637874, 32.96843853820598, 32.97176079734219, 32.97176079734219, 32.9734219269103, 32.975083056478404, 32.975083056478404, 32.97674418604651, 32.97176079734219, 32.970099667774086, 32.97176079734219, 32.975083056478404, 32.9734219269103, 32.97176079734219, 32.970099667774086, 32.96843853820598, 32.966777408637874, 32.96345514950166, 32.96511627906977, 32.970099667774086, 32.96843853820598, 32.96843853820598, 32.970099667774086, 32.966777408637874, 32.966777408637874, 32.96511627906977, 32.96511627906977, 32.966777408637874, 32.96511627906977, 32.963455149501655, 32.96843853820598, 32.970099667774086, 32.970099667774086, 32.97176079734219, 32.966777408637874, 32.96843853820598, 32.961794019933556, 32.96345514950166, 32.96345514950166, 32.961794019933556, 32.961794019933556, 32.96013289036545, 32.96013289036545, 32.96013289036545, 32.96013289036545, 32.96013289036545, 32.961794019933556, 32.961794019933556, 32.95681063122924, 32.95514950166113, 32.95514950166113, 32.95681063122924, 32.96013289036545, 32.958471760797345, 32.95681063122923, 32.95348837209302, 32.95348837209302, 32.95681063122924, 32.95514950166113, 32.95348837209302, 32.95348837209302, 32.95681063122924, 32.95514950166113, 32.96013289036545, 32.961794019933556, 32.96345514950166, 32.96345514950166, 32.96511627906977, 32.96345514950166, 32.96345514950166, 32.966777408637874, 32.966777408637874, 32.963455149501655, 32.96013289036545, 32.958471760797345, 32.95681063122923, 32.95681063122923, 32.95348837209302, 32.95348837209302, 32.955149501661126, 32.95681063122923, 32.95681063122923, 32.955149501661126, 32.955149501661126, 32.955149501661126, 32.95681063122923, 32.96013289036545, 32.95847176079734, 32.96013289036545, 32.96345514950166, 32.96511627906977, 32.96345514950166, 32.961794019933556, 32.96013289036545, 32.95681063122923, 32.95348837209303, 32.95681063122924, 32.96345514950166, 32.958471760797345, 32.96013289036545, 32.96013289036545, 32.958471760797345, 32.955149501661126, 32.958471760797345, 32.961794019933556, 32.96345514950166, 32.96345514950166, 32.96345514950166, 32.96345514950166, 32.96511627906977, 32.966777408637874, 32.96843853820598, 32.970099667774086, 32.97176079734219, 32.963455149501655, 32.970099667774086, 32.970099667774086, 32.96843853820598, 32.96843853820598, 32.96511627906977, 32.96345514950166, 32.96511627906977, 32.966777408637874, 32.966777408637874, 32.96511627906977, 32.966777408637874, 32.966777408637874, 32.966777408637874, 32.96843853820598, 32.96511627906977, 32.96345514950166, 32.96511627906977, 32.96511627906977, 32.96345514950166, 32.961794019933556, 32.96013289036545, 32.961794019933556, 32.96345514950166, 32.96013289036545, 32.961794019933556, 32.96345514950166, 32.963455149501655, 32.96013289036544, 32.95847176079734, 32.96013289036544, 32.96511627906976, 32.963455149501655, 32.96345514950166, 32.96345514950166, 32.96511627906977, 32.961794019933556, 32.96511627906977, 32.966777408637874, 32.96843853820598, 32.9734219269103, 32.97176079734219, 32.970099667774086, 32.97176079734219, 32.96843853820598, 32.96843853820598, 32.970099667774086, 32.97176079734219, 32.96843853820598, 32.96345514950166, 32.961794019933556, 32.96345514950166, 32.961794019933556, 32.96843853820598, 32.97176079734219, 32.96345514950166, 32.95847176079734, 32.955149501661126, 32.95681063122923, 32.96013289036545, 32.96345514950166, 32.96345514950166, 32.96511627906977, 32.96345514950166, 32.961794019933556, 32.966777408637874, 32.96843853820598, 32.970099667774086, 32.96843853820598, 32.97176079734219, 32.96843853820598, 32.9734219269103, 32.9734219269103, 32.97176079734219, 32.97176079734219, 32.97176079734219, 32.978405315614616, 32.975083056478404, 32.97674418604651, 32.98006644518272, 32.97674418604651, 32.97674418604651, 32.978405315614616, 32.975083056478404, 32.975083056478404, 32.97176079734219, 32.97176079734219, 32.97176079734219, 32.966777408637874, 32.96511627906977, 32.96345514950166, 32.96511627906977, 32.970099667774086]",0.7864662026601936,0.7533846015122825,33,"[33, 33, 33, 33, 33, 33, 33, 33, 33, 33, 33, 33, 33, 33, 33, 33, 33, 33, 33, 33, 33, 33, 33, 33, 33, 33, 33, 33, 33, 33, 33, 33, 33, 33, 33, 33, 33, 33, 33, 33, 33, 33, 33, 33, 33, 33, 33, 33, 33, 33, 33, 33, 33, 33, 33, 33, 33, 33, 33, 33, 33, 33, 33, 33, 33, 33, 33, 33, 33, 33, 33, 33, 33, 33, 33, 33, 33, 33, 33, 33, 33, 33, 33, 33, 33, 33, 33, 33, 33, 33, 33, 33, 33, 33, 33, 33, 33, 33, 33, 33, 33, 33, 33, 33, 33, 33, 33, 33, 33, 33, 33, 33, 33, 33, 33, 33, 33, 33, 33, 33, 33, 33, 33, 33, 33, 33, 33, 33, 33, 33, 33, 33, 33, 33, 33, 33, 33, 33, 33, 33, 33, 33, 33, 33, 33, 33, 33, 33, 33, 33, 33, 33, 33, 33, 33, 33, 33, 33, 33, 33, 33, 33, 33, 33, 33, 33, 33, 33, 33, 33, 33, 33, 33, 33, 33, 33, 33, 33, 33, 33, 33, 33, 33, 33, 33, 33, 33, 33, 33, 33, 33, 33, 33, 33, 33, 33, 33, 33, 33, 33, 33, 33, 33, 33, 33, 33, 33, 33, 33, 33, 33, 33, 33, 33, 33, 33, 33, 33, 33, 33, 33, 33, 33, 33, 33, 33, 33, 33, 33, 33, 33, 33, 33, 33, 33, 33, 33, 33, 33, 33, 33, 33, 33, 33, 33, 33, 33, 33, 33, 33, 33, 33, 33, 33, 33, 33, 33, 33, 33, 33, 33, 33, 33, 33, 33, 33, 33, 33, 33, 33, 33, 33, 33, 33, 33, 33, 33, 33, 33, 33, 33, 33, 33, 33, 33, 33, 33, 33, 33, 33, 33, 33, 33, 33, 33, 33, 33, 33, 33, 33, 33, 33, 33, 33, 33, 33, 33, 33, 33, 33, 33, 33, 33, 33, 33, 33, 33, 33, 33, 33, 33, 33, 33, 33, 33, 33, 33, 33, 33, 33, 33, 33, 33, 33, 33, 33, 33, 33, 33, 33, 33, 33, 33, 33, 33, 33, 33, 33, 33, 33, 33, 33, 33, 33, 33, 33, 33, 33, 33, 33, 33, 33, 33, 33, 33, 33, 33, 33, 33, 33, 33, 33, 33, 33, 33, 33, 33, 33, 33, 33, 33, 33, 33, 33, 33, 33, 33, 33, 33, 33, 33, 33, 33, 33, 33, 33, 33, 33, 33, 33, 33, 33, 33, 33, 33, 33, 33, 33, 33, 33, 33, 33, 33, 33, 33, 33, 33, 33, 33, 33, 33, 33, 33, 33, 33, 33, 33, 33, 33, 33, 33, 33, 33, 33, 33, 33, 33, 33, 33, 33, 33, 33, 33, 33, 33, 33, 33, 33, 33, 33]",450,"[0.4741465747356415, 0.4266653060913086, 0.4111576974391937, 0.40587884187698364, 0.40228939056396484, 0.40059295296669006, 0.39967986941337585, 0.3990330398082733, 0.39826130867004395, 0.3977872133255005, 0.39709052443504333, 0.39653563499450684, 0.3960001766681671, 0.3956092596054077, 0.3950151801109314, 0.39447706937789917, 0.3938811421394348, 0.3933541178703308, 0.3928634226322174, 0.3924757242202759, 0.3919295370578766, 0.3914605975151062, 0.39105045795440674, 0.39065563678741455, 0.390257328748703, 0.3898797631263733, 0.38945692777633667, 0.3891340494155884, 0.3885818123817444, 0.388151079416275, 0.3878897726535797, 0.3874741494655609, 0.387259840965271, 0.38668566942214966, 0.3864728808403015, 0.3860999047756195, 0.38575127720832825, 0.3854016363620758, 0.38498029112815857, 0.3848000466823578, 0.38440176844596863, 0.38410326838493347, 0.38394695520401, 0.3836294412612915, 0.3833063244819641, 0.38290899991989136, 0.38257530331611633, 0.38231876492500305, 0.38206636905670166, 0.3818075656890869, 0.3814883530139923, 0.38126465678215027, 0.38102081418037415, 0.3808828592300415, 0.380675345659256, 0.38044679164886475, 0.38028717041015625, 0.3801667094230652, 0.3797951638698578, 0.3795453906059265, 0.37933239340782166, 0.3790804147720337, 0.3788704574108124, 0.37866532802581787, 0.37839585542678833, 0.3781214654445648, 0.37789830565452576, 0.3776968717575073, 0.3774770498275757, 0.37742000818252563, 0.37719249725341797, 0.3772392272949219, 0.37703871726989746, 0.37669703364372253, 0.37645071744918823, 0.37628892064094543, 0.37610331177711487, 0.3759409189224243, 0.37578830122947693, 0.3756010830402374, 0.37540730834007263, 0.37526988983154297, 0.3750539720058441, 0.37487202882766724, 0.37475550174713135, 0.3745490610599518, 0.3743182122707367, 0.3741157650947571, 0.3739355504512787, 0.37380093336105347, 0.3736323416233063, 0.3735423982143402, 0.3733659088611603, 0.3732421398162842, 0.37315499782562256, 0.37291714549064636, 0.3728705942630768, 0.3727399408817291, 0.37260672450065613, 0.37247684597969055, 0.37232762575149536, 0.37222516536712646, 0.37210938334465027, 0.3719766139984131, 0.3718632757663727, 0.3717619776725769, 0.3716825842857361, 0.37149399518966675, 0.3714291453361511, 0.3713340759277344, 0.3712582290172577, 0.3712293207645416, 0.3710985481739044, 0.370854914188385, 0.370645135641098, 0.37054842710494995, 0.37058040499687195, 0.3703017830848694, 0.3701615035533905, 0.37021100521087646, 0.36997491121292114, 0.3698756694793701, 0.36981409788131714, 0.3698228895664215, 0.3697015345096588, 0.36958274245262146, 0.3694252371788025, 0.36932268738746643, 0.36920931935310364, 0.36909329891204834, 0.3690910041332245, 0.3691333830356598, 0.36898934841156006, 0.3687082529067993, 0.3684815466403961, 0.36839842796325684, 0.3683047592639923, 0.36824852228164673, 0.3682188093662262, 0.3680956959724426, 0.36804094910621643, 0.3679441213607788, 0.36791568994522095, 0.3677529990673065, 0.367752343416214, 0.36754047870635986, 0.36738336086273193, 0.3671973943710327, 0.3670503497123718, 0.3669542074203491, 0.3669178783893585, 0.366739958524704, 0.3666287362575531, 0.36656051874160767, 0.3665522336959839, 0.3666214644908905, 0.3664635717868805, 0.3664773106575012, 0.3662213087081909, 0.36604252457618713, 0.36598631739616394, 0.36597397923469543, 0.3658331036567688, 0.3656904697418213, 0.3656734824180603, 0.3656236529350281, 0.3654150366783142, 0.36544516682624817, 0.3654378652572632, 0.36522072553634644, 0.36513054370880127, 0.36504077911376953, 0.36494123935699463, 0.36481449007987976, 0.36473044753074646, 0.36463645100593567, 0.3647138476371765, 0.3645755648612976, 0.36443856358528137, 0.3643485903739929, 0.36427733302116394, 0.36417025327682495, 0.3641902506351471, 0.3640733063220978, 0.36404183506965637, 0.3641471862792969, 0.36411812901496887, 0.36395812034606934, 0.3638305962085724, 0.36369788646698, 0.3635522425174713, 0.36342644691467285, 0.363372266292572, 0.36330902576446533, 0.36321160197257996, 0.3632095456123352, 0.3631301820278168, 0.3630705177783966, 0.3631347417831421, 0.36292511224746704, 0.3631223440170288, 0.3629744052886963, 0.3627717196941376, 0.3626597225666046, 0.3625641167163849, 0.3625343441963196, 0.362801194190979, 0.36258143186569214, 0.3622428774833679, 0.36216410994529724, 0.36228707432746887, 0.36205631494522095, 0.36191338300704956, 0.3617587387561798, 0.3616636395454407, 0.36154505610466003, 0.36143699288368225, 0.36142775416374207, 0.36149778962135315, 0.36138811707496643, 0.36152803897857666, 0.36121854186058044, 0.3611938953399658, 0.3612428903579712, 0.3617221713066101, 0.3615148663520813, 0.3614370822906494, 0.3609859347343445, 0.36104056239128113, 0.3607332706451416, 0.3606681823730469, 0.36054766178131104, 0.36061814427375793, 0.3609437942504883, 0.3605300188064575, 0.3602229356765747, 0.36009788513183594, 0.3600171208381653, 0.35997650027275085, 0.3598599135875702, 0.3598750829696655, 0.3597206473350525, 0.35960960388183594, 0.35946032404899597, 0.3594258427619934, 0.35928428173065186, 0.3592514097690582, 0.35924696922302246, 0.35929012298583984, 0.3591272830963135, 0.3588956892490387, 0.35879290103912354, 0.3587772846221924, 0.35868126153945923, 0.3584531545639038, 0.35833439230918884, 0.3582841753959656, 0.3582245111465454, 0.35802093148231506, 0.3579518795013428, 0.35779017210006714, 0.35772696137428284, 0.3579156994819641, 0.35797545313835144, 0.3576650619506836, 0.35780948400497437, 0.35756754875183105, 0.35738319158554077, 0.35732805728912354, 0.3573206067085266, 0.35735011100769043, 0.3571265935897827, 0.3572433590888977, 0.3570188879966736, 0.3569880723953247, 0.35700687766075134, 0.35693132877349854, 0.35674262046813965, 0.3567272424697876, 0.356467068195343, 0.3563960790634155, 0.35638728737831116, 0.356379896402359, 0.35645556449890137, 0.35629820823669434, 0.35614341497421265, 0.3559848666191101, 0.35596776008605957, 0.3559007942676544, 0.3559231460094452, 0.35572609305381775, 0.35555499792099, 0.3555528521537781, 0.35540106892585754, 0.35542067885398865, 0.3553561270236969, 0.3552137613296509, 0.3550655245780945, 0.3550509512424469, 0.35497915744781494, 0.3549082279205322, 0.3550243079662323, 0.3550340235233307, 0.3548181653022766, 0.3549700081348419, 0.3547707498073578, 0.3545001745223999, 0.35441693663597107, 0.354391872882843, 0.35437923669815063, 0.3541702926158905, 0.35412853956222534, 0.3540761172771454, 0.3539307117462158, 0.35386744141578674, 0.35381245613098145, 0.35367316007614136, 0.35386502742767334, 0.35382184386253357, 0.35365375876426697, 0.3535526394844055, 0.3534959852695465, 0.3533273935317993, 0.353265643119812, 0.3532237112522125, 0.3534148931503296, 0.3533807396888733, 0.3533724844455719, 0.3530973196029663, 0.3529271185398102, 0.35279518365859985, 0.3526211678981781, 0.35258424282073975, 0.35253679752349854, 0.35263800621032715, 0.3526371419429779, 0.3525906503200531, 0.35249096155166626, 0.352413535118103, 0.35237064957618713, 0.35221725702285767, 0.3522396385669708, 0.3521836996078491, 0.35227110981941223, 0.351981520652771, 0.35163629055023193, 0.35151055455207825, 0.3514494299888611, 0.3513615131378174, 0.35125571489334106, 0.3511837124824524, 0.351149320602417, 0.3511405289173126, 0.35107821226119995, 0.35100308060646057, 0.35099613666534424, 0.3511366546154022, 0.3512732684612274, 0.35072213411331177, 0.3505450487136841, 0.3504508137702942, 0.3505002558231354, 0.3504451513290405, 0.35035791993141174, 0.35034388303756714, 0.3502421975135803, 0.35014593601226807, 0.3500868082046509, 0.35005924105644226, 0.3499538004398346, 0.3499256372451782, 0.3498576879501343, 0.349905788898468, 0.3498150110244751, 0.34986457228660583, 0.34958523511886597, 0.3495083749294281, 0.3495219945907593, 0.34954044222831726, 0.3495473563671112, 0.34945282340049744, 0.3494950234889984, 0.34940484166145325, 0.34921330213546753, 0.34902918338775635, 0.34898290038108826, 0.34892383217811584, 0.348994642496109, 0.348644495010376, 0.3485924005508423, 0.34852951765060425, 0.34841468930244446, 0.34829506278038025, 0.3482002913951874, 0.34808608889579773, 0.34800684452056885, 0.34792521595954895, 0.3478288948535919, 0.34778109192848206, 0.3477116525173187, 0.3476577699184418, 0.34764906764030457, 0.34757569432258606, 0.3475302755832672, 0.34755927324295044, 0.3477763235569, 0.3476194739341736, 0.3477018475532532, 0.34773802757263184, 0.34776461124420166, 0.34757888317108154, 0.34711551666259766, 0.3470380902290344, 0.34710800647735596, 0.3470686376094818, 0.34703490138053894, 0.3469192087650299, 0.34692493081092834, 0.3468761742115021, 0.3467591404914856, 0.34661638736724854, 0.3464602530002594, 0.34641388058662415, 0.3463231027126312, 0.3463131785392761, 0.3463440239429474, 0.3462103605270386, 0.3461263179779053, 0.3460939824581146, 0.34601685404777527, 0.3459741473197937, 0.3459634780883789, 0.