,number,value,datetime_start,datetime_complete,duration,params_batch_size_scaler,params_constant_learning_rate,params_depth,params_epochs,params_kernel_l2,params_num_trees,params_temperature,user_attrs_accuracy_test,user_attrs_accuracy_valid,user_attrs_approximate_feature_sparsity,user_attrs_approximate_feature_sparsity_history,user_attrs_approximate_weight_sparsity,user_attrs_approximate_weight_sparsity_history,user_attrs_auc_test,user_attrs_auc_valid,user_attrs_feature_sparsity,user_attrs_feature_sparsity_history,user_attrs_num_epochs,user_attrs_val_loss_history,user_attrs_weight_sparsity,user_attrs_weight_sparsity_history,state
40,40,0.9078976182195256,2024-08-31 02:10:01.640353,2024-08-31 02:11:17.577703,0 days 00:01:15.937350,1,0.24831585185004482,2,135,0.0017555851339029717,95,0.0019313299973447609,0.926,0.91625,33,"[33, 33, 33, 33, 33, 33, 33, 33, 33, 33, 33, 33, 33, 33, 33, 33, 33, 33, 33, 33, 33, 33, 33, 33, 33, 33, 33, 33, 33, 33, 33, 33, 33, 33, 33, 33, 33, 33, 33, 33, 33, 33, 33, 33, 33, 33, 33, 33, 33, 33, 33, 33, 33, 33, 33, 33, 33, 33, 33, 33, 33, 33, 33, 33, 33, 33, 33, 33, 33, 33, 33, 33, 33, 33, 33, 33, 33, 33, 33, 33, 33, 33, 33, 33, 33, 33, 33, 33, 33, 33, 33, 33, 33, 33, 33, 33, 33, 33, 33, 33, 33, 33, 33, 33, 33, 33, 33, 33, 33, 33, 33, 33, 33, 33, 33, 33, 33, 33, 33, 33, 33, 33, 33, 33, 33, 33, 33, 33, 33, 33, 33, 33, 33, 33, 33]",32.99649122807018,"[32.99298245614035, 32.96140350877193, 32.97543859649123, 32.97543859649123, 32.97894736842105, 32.9859649122807, 32.97894736842105, 32.97543859649123, 32.97543859649123, 32.9859649122807, 32.96842105263158, 32.9859649122807, 32.97543859649123, 32.9859649122807, 32.97894736842105, 32.97543859649123, 32.97894736842105, 32.98947368421052, 32.97894736842105, 32.9719298245614, 32.98245614035088, 32.97543859649123, 32.97543859649123, 32.9859649122807, 32.97894736842105, 32.96842105263158, 32.97543859649123, 32.98245614035088, 32.9859649122807, 32.9859649122807, 32.96842105263158, 32.98245614035088, 32.97894736842105, 32.98245614035088, 32.99298245614035, 32.9859649122807, 32.97894736842105, 32.98245614035088, 32.96842105263158, 32.97543859649123, 32.97894736842105, 32.98245614035088, 32.98245614035088, 32.97894736842105, 32.97543859649123, 32.98947368421052, 32.97894736842105, 32.9719298245614, 32.9719298245614, 32.97543859649123, 32.97894736842105, 32.97543859649123, 32.98245614035088, 32.99649122807018, 32.97543859649123, 32.98947368421052, 32.97894736842105, 32.97894736842105, 32.98947368421052, 32.99298245614035, 32.97543859649123, 32.98245614035088, 32.97543859649123, 32.97543859649123, 32.97543859649123, 32.98245614035088, 32.98245614035088, 32.98245614035088, 32.97543859649123, 32.97894736842105, 32.98245614035088, 32.98947368421052, 32.9719298245614, 32.97543859649123, 32.98245614035088, 32.98947368421052, 32.97894736842105, 32.98947368421052, 32.97894736842105, 32.98245614035088, 32.968421052631584, 32.98245614035088, 32.98245614035088, 32.98947368421052, 32.99298245614035, 32.98947368421052, 32.99298245614035, 32.99298245614035, 32.98245614035088, 32.9859649122807, 32.9859649122807, 32.97894736842105, 32.98947368421052, 32.97894736842105, 32.99298245614035, 32.97894736842105, 32.9859649122807, 32.98245614035088, 32.98947368421052, 32.99649122807018, 32.97894736842105, 32.9859649122807, 32.97894736842105, 32.97543859649123, 32.97894736842105, 32.99298245614035, 32.98947368421052, 32.99298245614035, 32.99649122807018, 32.968421052631584, 32.97894736842105, 32.97894736842105, 32.98245614035088, 32.97894736842105, 32.98245614035088, 32.9719298245614, 32.9859649122807, 32.97543859649123, 32.97894736842105, 32.97543859649123, 32.97894736842105, 32.97894736842105, 32.98245614035088, 32.97894736842105, 32.9719298245614, 32.97894736842105, 32.98245614035088, 32.98947368421052, 32.98245614035088, 32.98245614035088, 32.97543859649123, 32.97894736842105, 32.9859649122807, 32.9859649122807, 32.99649122807018]",0.9022779250158935,0.9078976182195256,33,"[33, 33, 33, 33, 33, 33, 33, 33, 33, 33, 33, 33, 33, 33, 33, 33, 33, 33, 33, 33, 33, 33, 33, 33, 33, 33, 33, 33, 33, 33, 33, 33, 33, 33, 33, 33, 33, 33, 33, 33, 33, 33, 33, 33, 33, 33, 33, 33, 33, 33, 33, 33, 33, 33, 33, 33, 33, 33, 33, 33, 33, 33, 33, 33, 33, 33, 33, 33, 33, 33, 33, 33, 33, 33, 33, 33, 33, 33, 33, 33, 33, 33, 33, 33, 33, 33, 33, 33, 33, 33, 33, 33, 33, 33, 33, 33, 33, 33, 33, 33, 33, 33, 33, 33, 33, 33, 33, 33, 33, 33, 33, 33, 33, 33, 33, 33, 33, 33, 33, 33, 33, 33, 33, 33, 33, 33, 33, 33, 33, 33, 33, 33, 33, 33, 33]",135,"[0.36425772309303284, 0.3473960757255554, 0.30122339725494385, 0.276764452457428, 0.2428193986415863, 0.24177807569503784, 0.22111546993255615, 0.20664195716381073, 0.3219320774078369, 0.19595937430858612, 0.20510998368263245, 0.21119457483291626, 0.19760604202747345, 0.20948247611522675, 0.21143560111522675, 0.20153822004795074, 0.19193309545516968, 0.18736232817173004, 0.21495139598846436, 0.21918761730194092, 0.1847347617149353, 0.18984946608543396, 0.20275914669036865, 0.20830754935741425, 0.19852517545223236, 0.19765371084213257, 0.21203011274337769, 0.20683297514915466, 0.1924193799495697, 0.21588453650474548, 0.20144805312156677, 0.19635528326034546, 0.20195700228214264, 0.22551418840885162, 0.22173133492469788, 0.24690891802310944, 0.19789639115333557, 0.21042032539844513, 0.2545025944709778, 0.21292756497859955, 0.2034890204668045, 0.21111007034778595, 0.19602884352207184, 0.2029932141304016, 0.21407121419906616, 0.3020102381706238, 0.20474769175052643, 0.20830418169498444, 0.219911590218544, 0.21359926462173462, 0.25351274013519287, 0.2390424907207489, 0.21571289002895355, 0.20419257879257202, 0.21723808348178864, 0.21446481347084045, 0.2098308503627777, 0.23409108817577362, 0.22529342770576477, 0.23866236209869385, 0.22756227850914001, 0.21715545654296875, 0.22970743477344513, 0.23367181420326233, 0.2371293604373932, 0.23336607217788696, 0.24671341478824615, 0.23833055794239044, 0.24943026900291443, 0.2553095817565918, 0.24388940632343292, 0.2548896074295044, 0.27375826239585876, 0.259520024061203, 0.25666913390159607, 0.25365227460861206, 0.26220187544822693, 0.27334246039390564, 0.25377872586250305, 0.27516818046569824, 0.2697013020515442, 0.2759016752243042, 0.29708132147789, 0.31344717741012573, 0.2913130819797516, 0.28773608803749084, 0.3294629752635956, 0.27995508909225464, 0.298202246427536, 0.30743879079818726, 0.299445241689682, 0.3013121485710144, 0.3014879822731018, 0.302790105342865, 0.3025786876678467, 0.3093026280403137, 0.31553739309310913, 0.31812793016433716, 0.32357802987098694, 0.3256593644618988, 0.32955241203308105, 0.32828599214553833, 0.3480771780014038, 0.3415588140487671, 0.33196884393692017, 0.3316032290458679, 0.33286914229393005, 0.34468451142311096, 0.34586092829704285, 0.3445761203765869, 0.34641072154045105, 0.34731581807136536, 0.35220181941986084, 0.34759193658828735, 0.3691839873790741, 0.34997817873954773, 0.3532581329345703, 0.3643234670162201, 0.36381205916404724, 0.3603864312171936, 0.3630562722682953, 0.3650451898574829, 0.36518365144729614, 0.3712843954563141, 0.3675951063632965, 0.3709188401699066, 0.37643006443977356, 0.3770007789134979, 0.38002336025238037, 0.37653812766075134, 0.37804919481277466, 0.3805323541164398, 0.3853975236415863, 0.38746774196624756, 0.3896319270133972]",33.0,"[33.0, 33.0, 33.0, 33.0, 33.0, 33.0, 33.0, 33.0, 33.0, 33.0, 33.0, 33.0, 33.0, 33.0, 33.0, 33.0, 33.0, 33.0, 33.0, 33.0, 33.0, 33.0, 33.0, 33.0, 33.0, 33.0, 33.0, 33.0, 33.0, 33.0, 33.0, 33.0, 33.0, 33.0, 33.0, 33.0, 33.0, 33.0, 33.0, 33.0, 33.0, 33.0, 33.0, 33.0, 33.0, 33.0, 33.0, 33.0, 33.0, 33.0, 33.0, 33.0, 33.0, 33.0, 33.0, 33.0, 33.0, 33.0, 33.0, 33.0, 33.0, 33.0, 33.0, 33.0, 33.0, 33.0, 33.0, 33.0, 33.0, 33.0, 33.0, 33.0, 33.0, 33.0, 33.0, 33.0, 33.0, 33.0, 33.0, 33.0, 33.0, 33.0, 33.0, 33.0, 33.0, 33.0, 33.0, 33.0, 33.0, 33.0, 33.0, 33.0, 33.0, 33.0, 33.0, 33.0, 33.0, 33.0, 33.0, 33.0, 33.0, 33.0, 33.0, 33.0, 33.0, 33.0, 33.0, 33.0, 33.0, 33.0, 33.0, 33.0, 33.0, 33.0, 33.0, 33.0, 33.0, 33.0, 33.0, 33.0, 33.0, 33.0, 33.0, 33.0, 33.0, 33.0, 33.0, 33.0, 33.0, 33.0, 33.0, 33.0, 33.0, 33.0, 33.0]",COMPLETE
41,41,0.5,2024-08-31 02:11:18.653098,2024-08-31 02:14:13.018576,0 days 00:02:54.365478,16,1.9889970693745953,6,215,0.2965033545714398,35,0.00757684627222864,0.859,0.85875,0,"[33, 4, 0, 0, 0, 0, 0, 0, 0, 0, 0, 0, 0, 0, 0, 0, 0, 0, 0, 0, 0, 0, 0, 0, 0, 0, 0, 0, 0, 0, 0, 0, 0, 0, 0, 0, 0, 0, 0, 0, 0, 0, 0, 0, 0, 0, 0, 0, 0, 0, 0, 0, 0, 0, 0, 0, 0, 0, 0, 0, 0, 0, 0, 0, 0, 0, 0, 0, 0, 0, 0, 0, 0, 0, 0, 0, 0, 0, 0, 0, 0, 0, 0, 0, 0, 0, 0, 0, 0, 0, 0, 0, 0, 0, 0, 0, 0, 0, 0, 0, 0, 0, 0, 0, 0, 0, 0, 0, 0, 0, 0, 0, 0, 0, 0, 0, 0, 0, 0, 0, 0, 0, 0, 0, 0, 0, 0, 0, 0, 0, 0, 0, 0, 0, 0, 0, 0, 0, 0, 0, 0, 0, 0, 0, 0, 0, 0, 0, 0, 0, 0, 0, 0, 0, 0, 0, 0, 0, 0, 0, 0, 0, 0, 0, 0, 0, 0, 0, 0, 0, 0, 0, 0, 0, 0, 0, 0, 0, 0, 0, 0, 0, 0, 0, 0, 0, 0, 0, 0, 0, 0, 0, 0, 0, 0, 0, 0, 0, 0, 0, 0, 0, 0, 0, 0, 0, 0, 0, 0, 0, 0, 0, 0, 0, 0]",0.0,"[32.93968253968254, 3.9963718820861676, 0.0, 0.0, 0.0, 0.0, 0.0, 0.0, 0.0, 0.0, 0.0, 0.0, 0.0, 0.0, 0.0, 0.0, 0.0, 0.0, 0.0, 0.0, 0.0, 0.0, 0.0, 0.0, 0.0, 0.0, 0.0, 0.0, 0.0, 0.0, 0.0, 0.0, 0.0, 0.0, 0.0, 0.0, 0.0, 0.0, 0.0, 0.0, 0.0, 0.0, 0.0, 0.0, 0.0, 0.0, 0.0, 0.0, 0.0, 0.0, 0.0, 0.0, 0.0, 0.0, 0.0, 0.0, 0.0, 0.0, 0.0, 0.0, 0.0, 0.0, 0.0, 0.0, 0.0, 0.0, 0.0, 0.0, 0.0, 0.0, 0.0, 0.0, 0.0, 0.0, 0.0, 0.0, 0.0, 0.0, 0.0, 0.0, 0.0, 0.0, 0.0, 0.0, 0.0, 0.0, 0.0, 0.0, 0.0, 0.0, 0.0, 0.0, 0.0, 0.0, 0.0, 0.0, 0.0, 0.0, 0.0, 0.0, 0.0, 0.0, 0.0, 0.0, 0.0, 0.0, 0.0, 0.0, 0.0, 0.0, 0.0, 0.0, 0.0, 0.0, 0.0, 0.0, 0.0, 0.0, 0.0, 0.0, 0.0, 0.0, 0.0, 0.0, 0.0, 0.0, 0.0, 0.0, 0.0, 0.0, 0.0, 0.0, 0.0, 0.0, 0.0, 0.0, 0.0, 0.0, 0.0, 0.0, 0.0, 0.0, 0.0, 0.0, 0.0, 0.0, 0.0, 0.0, 0.0, 0.0, 0.0, 0.0, 0.0, 0.0, 0.0, 0.0, 0.0, 0.0, 0.0, 0.0, 0.0, 0.0, 0.0, 0.0, 0.0, 0.0, 0.0, 0.0, 0.0, 0.0, 0.0, 0.0, 0.0, 0.0, 0.0, 0.0, 0.0, 0.0, 0.0, 0.0, 0.0, 0.0, 0.0, 0.0, 0.0, 0.0, 0.0, 0.0, 0.0, 0.0, 0.0, 0.0, 0.0, 0.0, 0.0, 0.0, 0.0, 0.0, 0.0, 0.0, 0.0, 0.0, 0.0, 0.0, 0.0, 0.0, 0.0, 0.0, 0.0, 0.0, 0.0, 0.0, 0.0, 0.0, 0.0]",0.5,0.5,0,"[33, 4, 0, 0, 0, 0, 0, 0, 0, 0, 0, 0, 0, 0, 0, 0, 0, 0, 0, 0, 0, 0, 0, 0, 0, 0, 0, 0, 0, 0, 0, 0, 0, 0, 0, 0, 0, 0, 0, 0, 0, 0, 0, 0, 0, 0, 0, 0, 0, 0, 0, 0, 0, 0, 0, 0, 0, 0, 0, 0, 0, 0, 0, 0, 0, 0, 0, 0, 0, 0, 0, 0, 0, 0, 0, 0, 0, 0, 0, 0, 0, 0, 0, 0, 0, 0, 0, 0, 0, 0, 0, 0, 0, 0, 0, 0, 0, 0, 0, 0, 0, 0, 0, 0, 0, 0, 0, 0, 0, 0, 0, 0, 0, 0, 0, 0, 0, 0, 0, 0, 0, 0, 0, 0, 0, 0, 0, 0, 0, 0, 0, 0, 0, 0, 0, 0, 0, 0, 0, 0, 0, 0, 0, 0, 0, 0, 0, 0, 0, 0, 0, 0, 0, 0, 0, 0, 0, 0, 0, 0, 0, 0, 0, 0, 0, 0, 0, 0, 0, 0, 0, 0, 0, 0, 0, 0, 0, 0, 0, 0, 0, 0, 0, 0, 0, 0, 0, 0, 0, 0, 0, 0, 0, 0, 0, 0, 0, 0, 0, 0, 0, 0, 0, 0, 0, 0, 0, 0, 0, 0, 0, 0, 0, 0, 0]",215,"[0.39135533571243286, 0.3865845203399658, 0.4075775146484375, 0.40761011838912964, 0.4074174761772156, 0.40790241956710815, 0.40835511684417725, 0.4073547124862671, 0.4072265625, 0.407638818025589, 0.4074559807777405, 0.40747639536857605, 0.40722620487213135, 0.40917515754699707, 0.4074482321739197, 0.40745997428894043, 0.40730705857276917, 0.4075290560722351, 0.4072573482990265, 0.4077587425708771, 0.4073975682258606, 0.4072261452674866, 0.4073081910610199, 0.4076107442378998, 0.4074527621269226, 0.4072498679161072, 0.4073851704597473, 0.40807536244392395, 0.4072367548942566, 0.4075806140899658, 0.407524973154068, 0.40787574648857117, 0.4072367548942566, 0.4072261154651642, 0.4072916805744171, 0.4076980948448181, 0.40787503123283386, 0.4076213538646698, 0.40725165605545044, 0.40733033418655396, 0.40846922993659973, 0.40723612904548645, 0.40723028779029846, 0.4073801040649414, 0.407357782125473, 0.40768924355506897, 0.40756312012672424, 0.40773430466651917, 0.40753525495529175, 0.4072642922401428, 0.40722736716270447, 0.4072269797325134, 0.4074670374393463, 0.4073968231678009, 0.40734031796455383, 0.4081730544567108, 0.4078928232192993, 0.40725383162498474, 0.4072399139404297, 0.40731802582740784, 0.4076562523841858, 0.4073339104652405, 0.4072325825691223, 0.4073956608772278, 0.4072832465171814, 0.40725207328796387, 0.4072262644767761, 0.4075479507446289, 0.4072292447090149, 0.4072302579879761, 0.40724191069602966, 0.40767407417297363, 0.40760424733161926, 0.40725889801979065, 0.40745121240615845, 0.4076598286628723, 0.40792039036750793, 0.407584547996521, 0.4075649678707123, 0.4076937139034271, 0.40737441182136536, 0.4074278771877289, 0.4076383709907532, 0.40780189633369446, 0.40749385952949524, 0.40728241205215454, 0.40825966000556946, 0.4072331488132477, 0.4073333740234375, 0.4077274799346924, 0.40729594230651855, 0.40727055072784424, 0.40725764632225037, 0.4073479175567627, 0.4072343707084656, 0.4073750376701355, 0.40725067257881165, 0.40752846002578735, 0.4077173173427582, 0.40821725130081177, 0.4073522090911865, 0.4072449207305908, 0.4074864685535431, 0.41015082597732544, 0.4073784649372101, 0.40722736716270447, 0.40748822689056396, 0.40722739696502686, 0.40727779269218445, 0.4074176549911499, 0.40752577781677246, 0.4073939025402069, 0.40744587779045105, 0.4075212776660919, 0.40730535984039307, 0.4077039062976837, 0.4076637625694275, 0.40809565782546997, 0.4072280526161194, 0.4072408378124237, 0.40756651759147644, 0.4072416424751282, 0.40759265422821045, 0.4073558747768402, 0.40796172618865967, 0.4072479009628296, 0.40724465250968933, 0.40726539492607117, 0.4072900414466858, 0.4102301001548767, 0.4094611704349518, 0.4072269797325134, 0.40728864073753357, 0.4073316156864166, 0.40789172053337097, 0.40732571482658386, 0.40807557106018066, 0.4072785973548889, 0.4072566628456116, 0.4072621166706085, 0.40739622712135315, 0.40727803111076355, 0.40732911229133606, 0.40723147988319397, 0.40752938389778137, 0.40724390745162964, 0.4077754318714142, 0.4077553451061249, 0.4072337746620178, 0.4072857201099396, 0.40725597739219666, 0.40723082423210144, 0.4077032506465912, 0.4072399437427521, 0.4072953760623932, 0.4074525833129883, 0.4074489176273346, 0.40806999802589417, 0.40734413266181946, 0.4076814651489258, 0.4072301983833313, 0.4072422683238983, 0.4073525667190552, 0.4073835611343384, 0.4076855480670929, 0.4072420001029968, 0.4076550602912903, 0.4074114263057709, 0.4075837731361389, 0.40725794434547424, 0.4073120057582855, 0.40724655985832214, 0.4075184166431427, 0.4079025387763977, 0.40726929903030396, 0.4073857367038727, 0.4081222116947174, 0.4075332283973694, 0.4077276587486267, 0.4075712263584137, 0.4085100293159485, 0.4076481759548187, 0.4073984622955322, 0.4075273275375366, 0.4092341363430023, 0.40724414587020874, 0.407601922750473, 0.4073493182659149, 0.4072352349758148, 0.4078879654407501, 0.40756556391716003, 0.40878331661224365, 0.4073244035243988, 0.40733253955841064, 0.40722671151161194, 0.4072262942790985, 0.4076937139034271, 0.40723320841789246, 0.40731483697891235, 0.40852120518684387, 0.4077562391757965, 0.40730446577072144, 0.40804702043533325, 0.4074961841106415, 0.4073007106781006, 0.407231867313385, 0.4092407524585724, 0.40806692838668823, 0.4075182378292084, 0.4073537588119507, 0.4072364568710327, 0.40725448727607727, 0.4074605703353882, 0.4073713421821594, 0.40809735655784607]",0.0,"[33.0, 4.0, 0.0, 0.0, 0.0, 0.0, 0.0, 0.0, 0.0, 0.0, 0.0, 0.0, 0.0, 0.0, 0.0, 0.0, 0.0, 0.0, 0.0, 0.0, 0.0, 0.0, 0.0, 0.0, 0.0, 0.0, 0.0, 0.0, 0.0, 0.0, 0.0, 0.0, 0.0, 0.0, 0.0, 0.0, 0.0, 0.0, 0.0, 0.0, 0.0, 0.0, 0.0, 0.0, 0.0, 0.0, 0.0, 0.0, 0.0, 0.0, 0.0, 0.0, 0.0, 0.0, 0.0, 0.0, 0.0, 0.0, 0.0, 0.0, 0.0, 0.0, 0.0, 0.0, 0.0, 0.0, 0.0, 0.0, 0.0, 0.0, 0.0, 0.0, 0.0, 0.0, 0.0, 0.0, 0.0, 0.0, 0.0, 0.0, 0.0, 0.0, 0.0, 0.0, 0.0, 0.0, 0.0, 0.0, 0.0, 0.0, 0.0, 0.0, 0.0, 0.0, 0.0, 0.0, 0.0, 0.0, 0.0, 0.0, 0.0, 0.0, 0.0, 0.0, 0.0, 0.0, 0.0, 0.0, 0.0, 0.0, 0.0, 0.0, 0.0, 0.0, 0.0, 0.0, 0.0, 0.0, 0.0, 0.0, 0.0, 0.0, 0.0, 0.0, 0.0, 0.0, 0.0, 0.0, 0.0, 0.0, 0.0, 0.0, 0.0, 0.0, 0.0, 0.0, 0.0, 0.0, 0.0, 0.0, 0.0, 0.0, 0.0, 0.0, 0.0, 0.0, 0.0, 0.0, 0.0, 0.0, 0.0, 0.0, 0.0, 0.0, 0.0, 0.0, 0.0, 0.0, 0.0, 0.0, 0.0, 0.0, 0.0, 0.0, 0.0, 0.0, 0.0, 0.0, 0.0, 0.0, 0.0, 0.0, 0.0, 0.0, 0.0, 0.0, 0.0, 0.0, 0.0, 0.0, 0.0, 0.0, 0.0, 0.0, 0.0, 0.0, 0.0, 0.0, 0.0, 0.0, 0.0, 0.0, 0.0, 0.0, 0.0, 0.0, 0.0, 0.0, 0.0, 0.0, 0.0, 0.0, 0.0, 0.0, 0.0, 0.0, 0.0, 0.0, 0.0, 0.0, 0.0, 0.0, 0.0, 0.0, 0.0]",COMPLETE
