,number,value,datetime_start,datetime_complete,duration,params_batch_size_scaler,params_constant_learning_rate,params_depth,params_epochs,params_kernel_l2,params_num_trees,params_temperature,user_attrs_accuracy_test,user_attrs_accuracy_valid,user_attrs_approximate_feature_sparsity,user_attrs_approximate_feature_sparsity_history,user_attrs_approximate_weight_sparsity,user_attrs_approximate_weight_sparsity_history,user_attrs_auc_test,user_attrs_auc_valid,user_attrs_feature_sparsity,user_attrs_feature_sparsity_history,user_attrs_num_epochs,user_attrs_val_loss_history,user_attrs_weight_sparsity,user_attrs_weight_sparsity_history,state
158,158,0.5,2024-08-31 08:15:41.232452,2024-08-31 08:32:38.950795,0 days 00:16:57.718343,1,1.038563915123422,6,475,0.7668627229366203,19,0.015497001433841705,0.859,0.85875,0,"[0, 0, 0, 0, 0, 0, 0, 0, 0, 0, 0, 0, 0, 0, 0, 0, 0, 0, 0, 0, 0, 0, 0, 0, 0, 0, 0, 0, 0, 0, 0, 0, 0, 0, 0, 0, 0, 0, 0, 0, 0, 0, 0, 0, 0, 0, 0, 0, 0, 0, 0, 0, 0, 0, 0, 0, 0, 0, 0, 0, 0, 0, 0, 0, 0, 0, 0, 0, 0, 0, 0, 0, 0, 0, 0, 0, 0, 0, 0, 0, 0, 0, 0, 0, 0, 0, 0, 0, 0, 0, 0, 0, 0, 0, 0, 0, 0, 0, 0, 0, 0, 0, 0, 0, 0, 0, 0, 0, 0, 0, 0, 0, 0, 0, 0, 0, 0, 0, 0, 0, 0, 0, 0, 0, 0, 0, 0, 0, 0, 0, 0, 0, 0, 0, 0, 0, 0, 0, 0, 0, 0, 0, 0, 0, 0, 0, 0, 0, 0, 0, 0, 0, 0, 0, 0, 0, 0, 0, 0, 0, 0, 0, 0, 0, 0, 0, 0, 0, 0, 0, 0, 0, 0, 0, 0, 0, 0, 0, 0, 0, 0, 0, 0, 0, 0, 0, 0, 0, 0, 0, 0, 0, 0, 0, 0, 0, 0, 0, 0, 0, 0, 0, 0, 0, 0, 0, 0, 0, 0, 0, 0, 0, 0, 0, 0, 0, 0, 0, 0, 0, 0, 0, 0, 0, 0, 0, 0, 0, 0, 0, 0, 0, 0, 0, 0, 0, 0, 0, 0, 0, 0, 0, 0, 0, 0, 0, 0, 0, 0, 0, 0, 0, 0, 0, 0, 0, 0, 0, 0, 0, 0, 0, 0, 0, 0, 0, 0, 0, 0, 0, 0, 0, 0, 0, 0, 0, 0, 0, 0, 0, 0, 0, 0, 0, 0, 0, 0, 0, 0, 0, 0, 0, 0, 0, 0, 0, 0, 0, 0, 0, 0, 0, 0, 0, 0, 0, 0, 0, 0, 0, 0, 0, 0, 0, 0, 0, 0, 0, 0, 0, 0, 0, 0, 0, 0, 0, 0, 0, 0, 0, 0, 0, 0, 0, 0, 0, 0, 0, 0, 0, 0, 0, 0, 0, 0, 0, 0, 0, 0, 0, 0, 0, 0, 0, 0, 0, 0, 0, 0, 0, 0, 0, 0, 0, 0, 0, 0, 0, 0, 0, 0, 0, 0, 0, 0, 0, 0, 0, 0, 0, 0, 0, 0, 0, 0, 0, 0, 0, 0, 0, 0, 0, 0, 0, 0, 0, 0, 0, 0, 0, 0, 0, 0, 0, 0, 0, 0, 0, 0, 0, 0, 0, 0, 0, 0, 0, 0, 0, 0, 0, 0, 0, 0, 0, 0, 0, 0, 0, 0, 0, 0, 0, 0, 0, 0, 0, 0, 0, 0, 0, 0, 0, 0, 0, 0, 0, 0, 0, 0, 0, 0, 0, 0, 0, 0, 0, 0, 0, 0, 0, 0, 0, 0, 0, 0, 0, 0, 0, 0, 0, 0, 0, 0, 0, 0]",0.0,"[0.0, 0.0, 0.0, 0.0, 0.0, 0.0, 0.0, 0.0, 0.0, 0.0, 0.0, 0.0, 0.0, 0.0, 0.0, 0.0, 0.0, 0.0, 0.0, 0.0, 0.0, 0.0, 0.0, 0.0, 0.0, 0.0, 0.0, 0.0, 0.0, 0.0, 0.0, 0.0, 0.0, 0.0, 0.0, 0.0, 0.0, 0.0, 0.0, 0.0, 0.0, 0.0, 0.0, 0.0, 0.0, 0.0, 0.0, 0.0, 0.0, 0.0, 0.0, 0.0, 0.0, 0.0, 0.0, 0.0, 0.0, 0.0, 0.0, 0.0, 0.0, 0.0, 0.0, 0.0, 0.0, 0.0, 0.0, 0.0, 0.0, 0.0, 0.0, 0.0, 0.0, 0.0, 0.0, 0.0, 0.0, 0.0, 0.0, 0.0, 0.0, 0.0, 0.0, 0.0, 0.0, 0.0, 0.0, 0.0, 0.0, 0.0, 0.0, 0.0, 0.0, 0.0, 0.0, 0.0, 0.0, 0.0, 0.0, 0.0, 0.0, 0.0, 0.0, 0.0, 0.0, 0.0, 0.0, 0.0, 0.0, 0.0, 0.0, 0.0, 0.0, 0.0, 0.0, 0.0, 0.0, 0.0, 0.0, 0.0, 0.0, 0.0, 0.0, 0.0, 0.0, 0.0, 0.0, 0.0, 0.0, 0.0, 0.0, 0.0, 0.0, 0.0, 0.0, 0.0, 0.0, 0.0, 0.0, 0.0, 0.0, 0.0, 0.0, 0.0, 0.0, 0.0, 0.0, 0.0, 0.0, 0.0, 0.0, 0.0, 0.0, 0.0, 0.0, 0.0, 0.0, 0.0, 0.0, 0.0, 0.0, 0.0, 0.0, 0.0, 0.0, 0.0, 0.0, 0.0, 0.0, 0.0, 0.0, 0.0, 0.0, 0.0, 0.0, 0.0, 0.0, 0.0, 0.0, 0.0, 0.0, 0.0, 0.0, 0.0, 0.0, 0.0, 0.0, 0.0, 0.0, 0.0, 0.0, 0.0, 0.0, 0.0, 0.0, 0.0, 0.0, 0.0, 0.0, 0.0, 0.0, 0.0, 0.0, 0.0, 0.0, 0.0, 0.0, 0.0, 0.0, 0.0, 0.0, 0.0, 0.0, 0.0, 0.0, 0.0, 0.0, 0.0, 0.0, 0.0, 0.0, 0.0, 0.0, 0.0, 0.0, 0.0, 0.0, 0.0, 0.0, 0.0, 0.0, 0.0, 0.0, 0.0, 0.0, 0.0, 0.0, 0.0, 0.0, 0.0, 0.0, 0.0, 0.0, 0.0, 0.0, 0.0, 0.0, 0.0, 0.0, 0.0, 0.0, 0.0, 0.0, 0.0, 0.0, 0.0, 0.0, 0.0, 0.0, 0.0, 0.0, 0.0, 0.0, 0.0, 0.0, 0.0, 0.0, 0.0, 0.0, 0.0, 0.0, 0.0, 0.0, 0.0, 0.0, 0.0, 0.0, 0.0, 0.0, 0.0, 0.0, 0.0, 0.0, 0.0, 0.0, 0.0, 0.0, 0.0, 0.0, 0.0, 0.0, 0.0, 0.0, 0.0, 0.0, 0.0, 0.0, 0.0, 0.0, 0.0, 0.0, 0.0, 0.0, 0.0, 0.0, 0.0, 0.0, 0.0, 0.0, 0.0, 0.0, 0.0, 0.0, 0.0, 0.0, 0.0, 0.0, 0.0, 0.0, 0.0, 0.0, 0.0, 0.0, 0.0, 0.0, 0.0, 0.0, 0.0, 0.0, 0.0, 0.0, 0.0, 0.0, 0.0, 0.0, 0.0, 0.0, 0.0, 0.0, 0.0, 0.0, 0.0, 0.0, 0.0, 0.0, 0.0, 0.0, 0.0, 0.0, 0.0, 0.0, 0.0, 0.0, 0.0, 0.0, 0.0, 0.0, 0.0, 0.0, 0.0, 0.0, 0.0, 0.0, 0.0, 0.0, 0.0, 0.0, 0.0, 0.0, 0.0, 0.0, 0.0, 0.0, 0.0, 0.0, 0.0, 0.0, 0.0, 0.0, 0.0, 0.0, 0.0, 0.0, 0.0, 0.0, 0.0, 0.0, 0.0, 0.0, 0.0, 0.0, 0.0, 0.0, 0.0, 0.0, 0.0, 0.0, 0.0, 0.0, 0.0, 0.0, 0.0, 0.0, 0.0, 0.0, 0.0, 0.0, 0.0, 0.0, 0.0, 0.0, 0.0, 0.0, 0.0, 0.0, 0.0, 0.0, 0.0, 0.0, 0.0, 0.0, 0.0, 0.0, 0.0, 0.0, 0.0, 0.0, 0.0, 0.0, 0.0, 0.0, 0.0, 0.0, 0.0, 0.0, 0.0, 0.0, 0.0, 0.0, 0.0, 0.0, 0.0, 0.0, 0.0, 0.0, 0.0, 0.0, 0.0, 0.0, 0.0, 0.0, 0.0, 0.0, 0.0, 0.0, 0.0, 0.0, 0.0, 0.0, 0.0, 0.0, 0.0, 0.0, 0.0, 0.0, 0.0, 0.0, 0.0, 0.0, 0.0, 0.0, 0.0, 0.0, 0.0, 0.0]",0.5,0.5,0,"[0, 0, 0, 0, 0, 0, 0, 0, 0, 0, 0, 0, 0, 0, 0, 0, 0, 0, 0, 0, 0, 0, 0, 0, 0, 0, 0, 0, 0, 0, 0, 0, 0, 0, 0, 0, 0, 0, 0, 0, 0, 0, 0, 0, 0, 0, 0, 0, 0, 0, 0, 0, 0, 0, 0, 0, 0, 0, 0, 0, 0, 0, 0, 0, 0, 0, 0, 0, 0, 0, 0, 0, 0, 0, 0, 0, 0, 0, 0, 0, 0, 0, 0, 0, 0, 0, 0, 0, 0, 0, 0, 0, 0, 0, 0, 0, 0, 0, 0, 0, 0, 0, 0, 0, 0, 0, 0, 0, 0, 0, 0, 0, 0, 0, 0, 0, 0, 0, 0, 0, 0, 0, 0, 0, 0, 0, 0, 0, 0, 0, 0, 0, 0, 0, 0, 0, 0, 0, 0, 0, 0, 0, 0, 0, 0, 0, 0, 0, 0, 0, 0, 0, 0, 0, 0, 0, 0, 0, 0, 0, 0, 0, 0, 0, 0, 0, 0, 0, 0, 0, 0, 0, 0, 0, 0, 0, 0, 0, 0, 0, 0, 0, 0, 0, 0, 0, 0, 0, 0, 0, 0, 0, 0, 0, 0, 0, 0, 0, 0, 0, 0, 0, 0, 0, 0, 0, 0, 0, 0, 0, 0, 0, 0, 0, 0, 0, 0, 0, 0, 0, 0, 0, 0, 0, 0, 0, 0, 0, 0, 0, 0, 0, 0, 0, 0, 0, 0, 0, 0, 0, 0, 0, 0, 0, 0, 0, 0, 0, 0, 0, 0, 0, 0, 0, 0, 0, 0, 0, 0, 0, 0, 0, 0, 0, 0, 0, 0, 0, 0, 0, 0, 0, 0, 0, 0, 0, 0, 0, 0, 0, 0, 0, 0, 0, 0, 0, 0, 0, 0, 0, 0, 0, 0, 0, 0, 0, 0, 0, 0, 0, 0, 0, 0, 0, 0, 0, 0, 0, 0, 0, 0, 0, 0, 0, 0, 0, 0, 0, 0, 0, 0, 0, 0, 0, 0, 0, 0, 0, 0, 0, 0, 0, 0, 0, 0, 0, 0, 0, 0, 0, 0, 0, 0, 0, 0, 0, 0, 0, 0, 0, 0, 0, 0, 0, 0, 0, 0, 0, 0, 0, 0, 0, 0, 0, 0, 0, 0, 0, 0, 0, 0, 0, 0, 0, 0, 0, 0, 0, 0, 0, 0, 0, 0, 0, 0, 0, 0, 0, 0, 0, 0, 0, 0, 0, 0, 0, 0, 0, 0, 0, 0, 0, 0, 0, 0, 0, 0, 0, 0, 0, 0, 0, 0, 0, 0, 0, 0, 0, 0, 0, 0, 0, 0, 0, 0, 0, 0, 0, 0, 0, 0, 0, 0, 0, 0, 0, 0, 0, 0, 0, 0, 0, 0, 0, 0, 0, 0, 0, 0, 0, 0, 0, 0, 0, 0, 0, 0, 0, 0, 0, 0, 0, 0, 0, 0, 0, 0, 0, 0, 0, 0, 0, 0, 0, 0]",475,"[0.4098946750164032, 0.4074615240097046, 0.4077257812023163, 0.40839850902557373, 0.40746280550956726, 0.40869197249412537, 0.40722712874412537, 0.4075959026813507, 0.40742310881614685, 0.40723586082458496, 0.40977686643600464, 0.4075201153755188, 0.41853103041648865, 0.40798237919807434, 0.4079669713973999, 0.4079558551311493, 0.4123843014240265, 0.40785685181617737, 0.40826213359832764, 0.4072840213775635, 0.4085855185985565, 0.4101037085056305, 0.40724238753318787, 0.4073503911495209, 0.4072816073894501, 0.4083603322505951, 0.4073474407196045, 0.4083217978477478, 0.4072331488132477, 0.4083896577358246, 0.4072512686252594, 0.40754982829093933, 0.4078008532524109, 0.4082353115081787, 0.40929046273231506, 0.4072779417037964, 0.4135131537914276, 0.40723690390586853, 0.40974220633506775, 0.40745842456817627, 0.40727707743644714, 0.4075366258621216, 0.4075423777103424, 0.40945470333099365, 0.407706618309021, 0.40776461362838745, 0.41087600588798523, 0.40763503313064575, 0.41030487418174744, 0.4075257182121277, 0.40758952498435974, 0.40722793340682983, 0.4072912931442261, 0.4088384509086609, 0.4117876887321472, 0.40730246901512146, 0.40724045038223267, 0.4076412618160248, 0.40769100189208984, 0.4107183814048767, 0.40777522325515747, 0.41232696175575256, 0.40722933411598206, 0.40851345658302307, 0.4095650911331177, 0.4082385301589966, 0.407235711812973, 0.40905261039733887, 0.4072723090648651, 0.4075545370578766, 0.40766671299934387, 0.40816402435302734, 0.40740150213241577, 0.40789520740509033, 0.4086836874485016, 0.40746065974235535, 0.4080582857131958, 0.4072708487510681, 0.4083051383495331, 0.4088318347930908, 0.4073745012283325, 0.41382965445518494, 0.4096542000770569, 0.407553106546402, 0.4119134843349457, 0.4082385301589966, 0.407755970954895, 0.40757888555526733, 0.40852904319763184, 0.407357782125473, 0.41076457500457764, 0.40726011991500854, 0.4075942933559418, 0.40746814012527466, 0.4084685444831848, 0.40722742676734924, 0.40749382972717285, 0.40850475430488586, 0.4072783291339874, 0.4078969657421112, 0.4082149267196655, 0.407759428024292, 0.40724125504493713, 0.407240629196167, 0.4079671800136566, 0.4072546362876892, 0.40726882219314575, 0.4082464575767517, 0.40725868940353394, 0.40722742676734924, 0.4081166386604309, 0.40806952118873596, 0.40729063749313354, 0.40729832649230957, 0.40732133388519287, 0.40740635991096497, 0.41137611865997314, 0.4077635109424591, 0.410004585981369, 0.4080551266670227, 0.4084708094596863, 0.41096851229667664, 0.4074067771434784, 0.40731024742126465, 0.40857142210006714, 0.4074532985687256, 0.4082984924316406, 0.4073297381401062, 0.4090648889541626, 0.4072953760623932, 0.4265110492706299, 0.4098643958568573, 0.4076867401599884, 0.4086066484451294, 0.4074912369251251, 0.41893669962882996, 0.40958839654922485, 0.4114742577075958, 0.40823715925216675, 0.40965381264686584, 0.4077209234237671, 0.40729138255119324, 0.40726345777511597, 0.40742138028144836, 0.4072279632091522, 0.40724417567253113, 0.40919429063796997, 0.40825125575065613, 0.4080335199832916, 0.41318631172180176, 0.40837952494621277, 0.4072437584400177, 0.40791407227516174, 0.40728259086608887, 0.4072835147380829, 0.40871283411979675, 0.40822261571884155, 0.4072626829147339, 0.4073600471019745, 0.40747684240341187, 0.4080769419670105, 0.4094897210597992, 0.40823063254356384, 0.4072531759738922, 0.4088671803474426, 0.4077141582965851, 0.4075627028942108, 0.40904635190963745, 0.40830013155937195, 0.40915748476982117, 0.4077793061733246, 0.4072608947753906, 0.40962040424346924, 0.4074694514274597, 0.4076804220676422, 0.4074536859989166, 0.4086751937866211, 0.41330552101135254, 0.40793049335479736, 0.4113015830516815, 0.4072861075401306, 0.40943095088005066, 0.40722864866256714, 0.4078798294067383, 0.40872249007225037, 0.4106311500072479, 0.40722817182540894, 0.40879565477371216, 0.40735751390457153, 0.4072955250740051, 0.4086017310619354, 0.4074127674102783, 0.40863272547721863, 0.4072278141975403, 0.407318115234375, 0.4098033010959625, 0.40994900465011597, 0.4103110432624817, 0.4080103635787964, 0.40932533144950867, 0.40735316276550293, 0.4089930057525635, 0.40728676319122314, 0.40876322984695435, 0.40820521116256714, 0.40722641348838806, 0.4089195132255554, 0.40905898809432983, 0.4072316288948059, 0.4073115289211273, 0.41364917159080505, 0.4072491526603699, 0.4093722403049469, 0.4131215810775757, 0.4072265326976776, 0.40734973549842834, 0.4107213318347931, 0.4092329442501068, 0.40859654545783997, 0.40756624937057495, 0.4074805974960327, 0.4086277484893799, 0.4111223518848419, 0.40814125537872314, 0.40723326802253723, 0.4125123620033264, 0.40771225094795227, 0.40754494071006775, 0.4079875946044922, 0.4136638939380646, 0.40740492939949036, 0.4104335904121399, 0.40730416774749756, 0.40726494789123535, 0.40722599625587463, 0.4077838063240051, 0.4102143943309784, 0.4073275327682495, 0.4076727628707886, 0.40959876775741577, 0.4085664749145508, 0.4087802767753601, 0.409369558095932, 0.40730834007263184, 0.4112175405025482, 0.40778541564941406, 0.40736979246139526, 0.40911731123924255, 0.40723147988319397, 0.40877482295036316, 0.4122239649295807, 0.40742865204811096, 0.4078649580478668, 0.40776461362838745, 0.4080764055252075, 0.4073324501514435, 0.407662957906723, 0.4078090190887451, 0.40796801447868347, 0.40754130482673645, 0.40733131766319275, 0.4088892638683319, 0.40735435485839844, 0.4096235930919647, 0.4096935987472534, 0.4075027108192444, 0.407749205827713, 0.4112042486667633, 0.4072367548942566, 0.40901461243629456, 0.4105384349822998, 0.40730398893356323, 0.40727680921554565, 0.40738433599472046, 0.40723490715026855, 0.41061532497406006, 0.4072435796260834, 0.4082852900028229, 0.40802857279777527, 0.41085880994796753, 0.40736711025238037, 0.40727874636650085, 0.4080064296722412, 0.40737536549568176, 0.408420205116272, 0.407989501953125, 0.40723326802253723, 0.4074811637401581, 0.4072519540786743, 0.40739214420318604, 0.40760356187820435, 0.41073542833328247, 0.40723633766174316, 0.40726688504219055, 0.4075239598751068, 0.40845581889152527, 0.40750133991241455, 0.40736207365989685, 0.4072302281856537, 0.40749630331993103, 0.4073675572872162, 0.40830057859420776, 0.40779995918273926, 0.4073134660720825, 0.40795111656188965, 0.40823379158973694, 0.40934374928474426, 0.40986859798431396, 0.40885716676712036, 0.4072776138782501, 0.4094519019126892, 0.40843403339385986, 0.4074430763721466, 0.41006889939308167, 0.40724480152130127, 0.40740615129470825, 0.4096340537071228, 0.4073488712310791, 0.40869906544685364, 0.4074261784553528, 0.40775445103645325, 0.40835869312286377, 0.4111715257167816, 0.4134703576564789, 0.40722644329071045, 0.40747109055519104, 0.40722617506980896, 0.4085051417350769, 0.4127005338668823, 0.40722665190696716, 0.40744996070861816, 0.4076671898365021, 0.40732333064079285, 0.40766432881355286, 0.4079554080963135, 0.40946701169013977, 0.4077824056148529, 0.4114028811454773, 0.40753382444381714, 0.4074659049510956, 0.4081290364265442, 0.40909090638160706, 0.40856751799583435, 0.4072524607181549, 0.4091647267341614, 0.40759947896003723, 0.40746116638183594, 0.40867453813552856, 0.4072265923023224, 0.407455712556839, 0.40725505352020264, 0.4089891016483307, 0.40897446870803833, 0.4082922637462616, 0.411316454410553, 0.4072388708591461, 0.40874210000038147, 0.40724465250968933, 0.4072280824184418, 0.411106139421463, 0.40812915563583374, 0.40730416774749756, 0.4095281660556793, 0.4074680805206299, 0.407426118850708, 0.4074993431568146, 0.40776580572128296, 0.4076084792613983, 0.40723076462745667, 0.40723034739494324, 0.40865665674209595, 0.4072493016719818, 0.40733131766319275, 0.41302669048309326, 0.4076990783214569, 0.4072529077529907, 0.409183144569397, 0.4095327854156494, 0.4072776734828949, 0.4078325927257538, 0.4120408892631531, 0.40758246183395386, 0.41120731830596924, 0.407319575548172, 0.4084879159927368, 0.4083353281021118, 0.4072323143482208, 0.4073689579963684, 0.4072343111038208, 0.40727028250694275, 0.407627671957016, 0.4082377254962921, 0.4073944091796875, 0.40722620487213135, 0.4100048542022705, 0.4074000120162964, 0.4086393117904663, 0.40774184465408325, 0.40767672657966614, 0.4086640477180481, 0.4079546630382538, 0.4081198573112488, 0.40884676575660706, 0.4077509343624115, 0.41020333766937256, 0.4077257513999939, 0.4076749384403229, 0.40898597240448, 0.40904587507247925, 0.4097065329551697, 0.4074506461620331, 0.40863659977912903, 0.40905532240867615, 0.4116215109825134, 0.40723472833633423, 0.40841352939605713, 0.4074227809906006, 0.40758955478668213, 0.40810394287109375, 0.4096038043498993, 0.41050273180007935, 0.4078385829925537, 0.40737900137901306, 0.4078243672847748, 0.4073692262172699, 0.4072493612766266, 0.40869709849357605, 0.40760722756385803, 0.40837451815605164, 0.4072670042514801, 0.40907013416290283, 0.40922680497169495, 0.4072393774986267, 0.413536936044693, 0.40742766857147217, 0.41047683358192444, 0.40722960233688354, 0.4075107276439667, 0.4087670147418976, 0.4072428047657013, 0.4079282283782959, 0.410084992647171, 0.40758654475212097, 0.4088410437107086, 0.40762484073638916, 0.4083910286426544, 0.40725451707839966, 0.40942683815956116, 0.4072303771972656, 0.40827780961990356, 0.41191238164901733, 0.40779808163642883, 0.40893423557281494, 0.40837451815605164, 0.4094821810722351, 0.4081144332885742, 0.40946656465530396, 0.4159260094165802, 0.4082399308681488, 0.40723854303359985, 0.4072763919830322, 0.408239483833313, 0.40790683031082153, 0.4082176089286804, 0.40760189294815063, 0.4074271321296692, 0.407439261674881, 0.40759360790252686, 0.41462743282318115, 0.4077549874782562, 0.40737128257751465, 0.40744197368621826, 0.4072590172290802, 0.40788722038269043, 0.4079875648021698]",0.0,"[0.0, 0.0, 0.0, 0.0, 0.0, 0.0, 0.0, 0.0, 0.0, 0.0, 0.0, 0.0, 0.0, 0.0, 0.0, 0.0, 0.0, 0.0, 0.0, 0.0, 0.0, 0.0, 0.0, 0.0, 0.0, 0.0, 0.0, 0.0, 0.0, 0.0, 0.0, 0.0, 0.0, 0.0, 0.0, 0.0, 0.0, 0.0, 0.0, 0.0, 0.0, 0.0, 0.0, 0.0, 0.0, 0.0, 0.0, 0.0, 0.0, 0.0, 0.0, 0.0, 0.0, 0.0, 0.0, 0.0, 0.0, 0.0, 0.0, 0.0, 0.0, 0.0, 0.0, 0.0, 0.0, 0.0, 0.0, 0.0, 0.0, 0.0, 0.0, 0.0, 0.0, 0.0, 0.0, 0.0, 0.0, 0.0, 0.0, 0.0, 0.0, 0.0, 0.0, 0.0, 0.0, 0.0, 0.0, 0.0, 0.0, 0.0, 0.0, 0.0, 0.0, 0.0, 0.0, 0.0, 0.0, 0.0, 0.0, 0.0, 0.0, 0.0, 0.0, 0.0, 0.0, 0.0, 0.0, 0.0, 0.0, 0.0, 0.0, 0.0, 0.0, 0.0, 0.0, 0.0, 0.0, 0.0, 0.0, 0.0, 0.0, 0.0, 0.0, 0.0, 0.0, 0.0, 0.0, 0.0, 0.0, 0.0, 0.0, 0.0, 0.0, 0.0, 0.0, 0.0, 0.0, 0.0, 0.0, 0.0, 0.0, 0.0, 0.0, 0.0, 0.0, 0.0, 0.0, 0.0, 0.0, 0.0, 0.0, 0.0, 0.0, 0.0, 0.0, 0.0, 0.0, 0.0, 0.0, 0.0, 0.0, 0.0, 0.0, 0.0, 0.0, 0.0, 0.0, 0.0, 0.0, 0.0, 0.0, 0.0, 0.0, 0.0, 0.0, 0.0, 0.0, 0.0, 0.0, 0.0, 0.0, 0.0, 0.0, 0.0, 0.0, 0.0, 0.0, 0.0, 0.0, 0.0, 0.0, 0.0, 0.0, 0.0, 0.0, 0.0, 0.0, 0.0, 0.0, 0.0, 0.0, 0.0, 0.0, 0.0, 0.0, 0.0, 0.0, 0.0, 0.0, 0.0, 0.0, 0.0, 0.0, 0.0, 0.0, 0.0, 0.0, 0.0, 0.0, 0.0, 0.0, 0.0, 0.0, 0.0, 0.0, 0.0, 0.0, 0.0, 0.0, 0.0, 0.0, 0.0, 0.0, 0.0, 0.0, 0.0, 0.0, 0.0, 0.0, 0.0, 0.0, 0.0, 0.0, 0.0, 0.0, 0.0, 0.0, 0.0, 0.0, 0.0, 0.0, 0.0, 0.0, 0.0, 0.0, 0.0, 0.0, 0.0, 0.0, 0.0, 0.0, 0.0, 0.0, 0.0, 0.0, 0.0, 0.0, 0.0, 0.0, 0.0, 0.0, 0.0, 0.0, 0.0, 0.0, 0.0, 0.0, 0.0, 0.0, 0.0, 0.0, 0.0, 0.0, 0.0, 0.0, 0.0, 0.0, 0.0, 0.0, 0.0, 0.0, 0.0, 0.0, 0.0, 0.0, 0.0, 0.0, 0.0, 0.0, 0.0, 0.0, 0.0, 0.0, 0.0, 0.0, 0.0, 0.0, 0.0, 0.0, 0.0, 0.0, 0.0, 0.0, 0.0, 0.0, 0.0, 0.0, 0.0, 0.0, 0.0, 0.0, 0.0, 0.0, 0.0, 0.0, 0.0, 0.0, 0.0, 0.0, 0.0, 0.0, 0.0, 0.0, 0.0, 0.0, 0.0, 0.0, 0.0, 0.0, 0.0, 0.0, 0.0, 0.0, 0.0, 0.0, 0.0, 0.0, 0.0, 0.0, 0.0, 0.0, 0.0, 0.0, 0.0, 0.0, 0.0, 0.0, 0.0, 0.0, 0.0, 0.0, 0.0, 0.0, 0.0, 0.0, 0.0, 0.0, 0.0, 0.0, 0.0, 0.0, 0.0, 0.0, 0.0, 0.0, 0.0, 0.0, 0.0, 0.0, 0.0, 0.0, 0.0, 0.0, 0.0, 0.0, 0.0, 0.0, 0.0, 0.0, 0.0, 0.0, 0.0, 0.0, 0.0, 0.0, 0.0, 0.0, 0.0, 0.0, 0.0, 0.0, 0.0, 0.0, 0.0, 0.0, 0.0, 0.0, 0.0, 0.0, 0.0, 0.0, 0.0, 0.0, 0.0, 0.0, 0.0, 0.0, 0.0, 0.0, 0.0, 0.0, 0.0, 0.0, 0.0, 0.0, 0.0, 0.0, 0.0, 0.0, 0.0, 0.0, 0.0, 0.0, 0.0, 0.0, 0.0, 0.0, 0.0, 0.0, 0.0, 0.0, 0.0, 0.0, 0.0, 0.0, 0.0, 0.0, 0.0, 0.0, 0.0, 0.0, 0.0, 0.0, 0.0, 0.0, 0.0, 0.0, 0.0, 0.0, 0.0, 0.0, 0.0, 0.0, 0.0, 0.0, 0.0, 0.0, 0.0, 0.0, 0.0, 0.0, 0.0, 0.0, 0.0, 0.0]",COMPLETE
