,number,value,datetime_start,datetime_complete,duration,params_batch_size_scaler,params_constant_learning_rate,params_depth,params_epochs,params_kernel_l2,params_num_trees,params_temperature,user_attrs_accuracy_test,user_attrs_accuracy_valid,user_attrs_approximate_feature_sparsity,user_attrs_approximate_feature_sparsity_history,user_attrs_approximate_weight_sparsity,user_attrs_approximate_weight_sparsity_history,user_attrs_auc_test,user_attrs_auc_valid,user_attrs_feature_sparsity,user_attrs_feature_sparsity_history,user_attrs_num_epochs,user_attrs_val_loss_history,user_attrs_weight_sparsity,user_attrs_weight_sparsity_history,state
60,60,0.8995117929693034,2024-08-31 03:38:19.613308,2024-08-31 03:41:56.261517,0 days 00:03:36.648209,4,0.041964010344222334,5,280,0.008195094459457049,92,0.03195671598521491,0.899,0.8925,33,"[33, 33, 33, 33, 33, 33, 33, 33, 33, 33, 33, 33, 33, 33, 33, 33, 33, 33, 33, 33, 33, 33, 33, 33, 33, 33, 33, 33, 33, 33, 33, 33, 33, 33, 33, 33, 33, 33, 33, 33, 33, 33, 33, 33, 33, 33, 33, 33, 33, 33, 33, 33, 33, 33, 33, 33, 33, 33, 33, 33, 33, 33, 33, 33, 33, 33, 33, 33, 33, 33, 33, 33, 33, 33, 33, 33, 33, 33, 33, 33, 33, 33, 33, 33, 33, 33, 33, 33, 33, 33, 33, 33, 33, 33, 33, 33, 33, 33, 33, 33, 33, 33, 33, 33, 33, 33, 33, 33, 33, 33, 33, 33, 33, 33, 33, 33, 33, 33, 33, 33, 33, 33, 33, 33, 33, 33, 33, 33, 33, 33, 33, 33, 33, 33, 33, 33, 33, 33, 33, 33, 33, 33, 33, 33, 33, 33, 33, 33, 33, 33, 33, 33, 33, 33, 33, 33, 33, 33, 33, 33, 33, 33, 33, 33, 33, 33, 33, 33, 33, 33, 33, 33, 33, 33, 33, 33, 33, 33, 33, 33, 33, 33, 33, 33, 33, 33, 33, 33, 33, 33, 33, 33, 33, 33, 33, 33, 33, 33, 33, 33, 33, 33, 33, 33, 33, 33, 33, 33, 33, 33, 33, 33, 33, 33, 33, 33, 33, 33, 33, 33, 33, 33, 33, 33, 33, 33, 33, 33, 33, 33, 33, 33, 33, 33, 33, 33, 33, 33, 33, 33, 33, 33, 33, 33, 33, 33, 33, 33, 33, 33, 33, 33, 33, 33, 33, 33, 33, 33, 33, 33, 33, 33, 33, 33, 33, 33, 33, 33, 33, 33, 33, 33, 33, 33, 33, 33, 33, 33, 33, 33]",32.92005610098177,"[32.929523141654975, 32.93408134642357, 32.923562412342214, 32.92917251051893, 32.93338008415147, 32.92917251051893, 32.92321178120617, 32.92601683029453, 32.928471248246844, 32.92636746143058, 32.92917251051893, 32.92461430575035, 32.92251051893408, 32.9312762973352, 32.92636746143057, 32.92671809256662, 32.92215988779803, 32.92145862552594, 32.9249649368864, 32.92531556802244, 32.928471248246844, 32.927769985974756, 32.92706872370267, 32.92917251051893, 32.928471248246844, 32.91830294530154, 32.92251051893408, 32.92321178120617, 32.921809256661994, 32.925666199158485, 32.92917251051893, 32.92987377279103, 32.92461430575035, 32.92251051893408, 32.923562412342214, 32.920757363253855, 32.923562412342214, 32.92180925666199, 32.922861150070126, 32.92180925666199, 32.920757363253855, 32.91900420757363, 32.9211079943899, 32.922861150070126, 32.922861150070126, 32.924614305750346, 32.92987377279102, 32.927769985974756, 32.92496493688639, 32.925315568022434, 32.92636746143058, 32.93092566619916, 32.92917251051894, 32.9281206171108, 32.92917251051893, 32.92531556802244, 32.92461430575035, 32.92531556802244, 32.92917251051893, 32.92321178120617, 32.92882187938289, 32.926718092566624, 32.92110799438991, 32.921809256661994, 32.920757363253855, 32.9211079943899, 32.921809256661994, 32.92040673211781, 32.9211079943899, 32.92145862552595, 32.922861150070126, 32.92391304347826, 32.92215988779804, 32.922861150070126, 32.925666199158485, 32.923562412342214, 32.926718092566624, 32.93022440392707, 32.92636746143057, 32.9281206171108, 32.92741935483871, 32.9249649368864, 32.92706872370267, 32.931626928471246, 32.931626928471246, 32.93443197755961, 32.93618513323983, 32.934431977559605, 32.931626928471246, 32.93443197755961, 32.932678821879385, 32.93232819074334, 32.92987377279103, 32.93302945301543, 32.9312762973352, 32.93092566619916, 32.92917251051893, 32.93197755960729, 32.934431977559605, 32.93338008415147, 32.93092566619916, 32.93092566619916, 32.93022440392707, 32.9312762973352, 32.9312762973352, 32.92531556802244, 32.923562412342214, 32.92391304347826, 32.9281206171108, 32.922861150070126, 32.9281206171108, 32.93022440392707, 32.930575035063114, 32.930575035063114, 32.92917251051893, 32.92741935483871, 32.92391304347826, 32.92286115007012, 32.92321178120617, 32.920757363253855, 32.92145862552594, 32.92321178120617, 32.92601683029453, 32.9312762973352, 32.92636746143057, 32.92251051893408, 32.9249649368864, 32.920757363253855, 32.92671809256662, 32.925666199158485, 32.92531556802244, 32.92601683029453, 32.92706872370267, 32.92987377279103, 32.92636746143057, 32.929523141654975, 32.926718092566624, 32.923913043478265, 32.92917251051893, 32.93092566619916, 32.93338008415147, 32.93408134642356, 32.93302945301543, 32.934431977559605, 32.929523141654975, 32.93232819074334, 32.93302945301543, 32.93022440392706, 32.92987377279103, 32.92952314165498, 32.930575035063114, 32.92671809256662, 32.922861150070126, 32.92251051893408, 32.92251051893408, 32.92636746143057, 32.92601683029453, 32.92671809256662, 32.92741935483871, 32.9281206171108, 32.92987377279103, 32.92671809256662, 32.928821879382895, 32.92917251051894, 32.93022440392707, 32.92987377279103, 32.9281206171108, 32.927769985974756, 32.9249649368864, 32.928471248246844, 32.92706872370266, 32.925666199158485, 32.92531556802244, 32.92215988779804, 32.923562412342214, 32.92321178120617, 32.923562412342214, 32.92601683029453, 32.919004207573636, 32.92426367461431, 32.92671809256662, 32.92741935483871, 32.92671809256662, 32.926718092566624, 32.92917251051894, 32.92706872370267, 32.92601683029453, 32.92741935483871, 32.92215988779804, 32.923562412342214, 32.92391304347826, 32.92251051893408, 32.92391304347826, 32.92391304347826, 32.92671809256662, 32.92636746143058, 32.92636746143057, 32.92251051893408, 32.923913043478265, 32.92426367461431, 32.92215988779804, 32.922861150070126, 32.92145862552594, 32.9179523141655, 32.91619915848528, 32.91830294530154, 32.919705469845724, 32.92391304347826, 32.92601683029453, 32.92706872370267, 32.92987377279102, 32.932328190743334, 32.92987377279102, 32.928471248246844, 32.927769985974756, 32.92952314165498, 32.92741935483871, 32.928471248246844, 32.92321178120617, 32.92461430575035, 32.92636746143057, 32.923913043478265, 32.923562412342214, 32.919705469845724, 32.92215988779804, 32.92321178120617, 32.920757363253855, 32.92671809256662, 32.925666199158485, 32.92917251051893, 32.92987377279103, 32.9312762973352, 32.93373071528752, 32.93092566619916, 32.929523141654975, 32.92636746143057, 32.93092566619916, 32.92671809256662, 32.9249649368864, 32.923562412342214, 32.9249649368864, 32.92426367461431, 32.92706872370266, 32.926718092566624, 32.92741935483871, 32.92601683029453, 32.92671809256662, 32.92952314165498, 32.9312762973352, 32.9312762973352, 32.93092566619916, 32.928471248246844, 32.92987377279103, 32.928471248246844, 32.928471248246844, 32.93302945301543, 32.93022440392707, 32.92917251051893, 32.93408134642356, 32.93408134642356, 32.9312762973352, 32.928471248246844, 32.927769985974756, 32.92636746143057, 32.92601683029453, 32.923913043478265, 32.9249649368864, 32.9249649368864, 32.925666199158485, 32.923913043478265, 32.92251051893408, 32.92251051893408, 32.91970546984572, 32.917952314165504, 32.91725105189341, 32.91690042075736, 32.91865357643759, 32.91619915848528, 32.9179523141655, 32.92005610098177]",0.8824874709995953,0.8995117929693034,33,"[33, 33, 33, 33, 33, 33, 33, 33, 33, 33, 33, 33, 33, 33, 33, 33, 33, 33, 33, 33, 33, 33, 33, 33, 33, 33, 33, 33, 33, 33, 33, 33, 33, 33, 33, 33, 33, 33, 33, 33, 33, 33, 33, 33, 33, 33, 33, 33, 33, 33, 33, 33, 33, 33, 33, 33, 33, 33, 33, 33, 33, 33, 33, 33, 33, 33, 33, 33, 33, 33, 33, 33, 33, 33, 33, 33, 33, 33, 33, 33, 33, 33, 33, 33, 33, 33, 33, 33, 33, 33, 33, 33, 33, 33, 33, 33, 33, 33, 33, 33, 33, 33, 33, 33, 33, 33, 33, 33, 33, 33, 33, 33, 33, 33, 33, 33, 33, 33, 33, 33, 33, 33, 33, 33, 33, 33, 33, 33, 33, 33, 33, 33, 33, 33, 33, 33, 33, 33, 33, 33, 33, 33, 33, 33, 33, 33, 33, 33, 33, 33, 33, 33, 33, 33, 33, 33, 33, 33, 33, 33, 33, 33, 33, 33, 33, 33, 33, 33, 33, 33, 33, 33, 33, 33, 33, 33, 33, 33, 33, 33, 33, 33, 33, 33, 33, 33, 33, 33, 33, 33, 33, 33, 33, 33, 33, 33, 33, 33, 33, 33, 33, 33, 33, 33, 33, 33, 33, 33, 33, 33, 33, 33, 33, 33, 33, 33, 33, 33, 33, 33, 33, 33, 33, 33, 33, 33, 33, 33, 33, 33, 33, 33, 33, 33, 33, 33, 33, 33, 33, 33, 33, 33, 33, 33, 33, 33, 33, 33, 33, 33, 33, 33, 33, 33, 33, 33, 33, 33, 33, 33, 33, 33, 33, 33, 33, 33, 33, 33, 33, 33, 33, 33, 33, 33, 33, 33, 33, 33, 33, 33]",280,"[0.4070424735546112, 0.4001796841621399, 0.3966921865940094, 0.3936368525028229, 0.39090263843536377, 0.38853663206100464, 0.3864061236381531, 0.38452574610710144, 0.38287872076034546, 0.3813679814338684, 0.3799927234649658, 0.37872397899627686, 0.37759262323379517, 0.3766336441040039, 0.37548476457595825, 0.37465500831604004, 0.3737715780735016, 0.37297511100769043, 0.37221184372901917, 0.3714280426502228, 0.3707793951034546, 0.37013787031173706, 0.3695162236690521, 0.3688512146472931, 0.368248850107193, 0.36773064732551575, 0.3670531213283539, 0.3665050268173218, 0.3661390244960785, 0.3654651641845703, 0.3650799095630646, 0.3643556535243988, 0.36384260654449463, 0.3634207546710968, 0.36289551854133606, 0.3624143898487091, 0.3619934916496277, 0.3614985942840576, 0.3609204888343811, 0.3603506088256836, 0.3599790334701538, 0.35959720611572266, 0.358920693397522, 0.3585165739059448, 0.35798418521881104, 0.3575938045978546, 0.35712477564811707, 0.35659098625183105, 0.35614874958992004, 0.355785071849823, 0.3552801012992859, 0.35482993721961975, 0.3544222116470337, 0.3539781868457794, 0.3534972667694092, 0.35321906208992004, 0.35259029269218445, 0.35234618186950684, 0.35186251997947693, 0.3513668179512024, 0.3508492708206177, 0.3504553735256195, 0.3499762713909149, 0.34957581758499146, 0.34936854243278503, 0.3487595021724701, 0.34842705726623535, 0.3480511009693146, 0.3475184142589569, 0.347072035074234, 0.3467012643814087, 0.34632861614227295, 0.3458836078643799, 0.3454301953315735, 0.34499701857566833, 0.34463727474212646, 0.344234436750412, 0.34388190507888794, 0.34339016675949097, 0.3431514799594879, 0.3427811861038208, 0.342229962348938, 0.34194985032081604, 0.3414742946624756, 0.3410351574420929, 0.3406580090522766, 0.3402131199836731, 0.33982253074645996, 0.3395359516143799, 0.3390374779701233, 0.33881187438964844, 0.33838382363319397, 0.3379124701023102, 0.33750250935554504, 0.3371533155441284, 0.33696964383125305, 0.3363606333732605, 0.33632129430770874, 0.335720032453537, 0.3356339931488037, 0.334911048412323, 0.3344179093837738, 0.33408692479133606, 0.33388736844062805, 0.3335094451904297, 0.33300507068634033, 0.3326173424720764, 0.332275390625, 0.331879585981369, 0.3315364122390747, 0.33108454942703247, 0.33067113161087036, 0.3302982747554779, 0.329811692237854, 0.32957208156585693, 0.32921847701072693, 0.32862699031829834, 0.3283884525299072, 0.3279571533203125, 0.3275616466999054, 0.32723334431648254, 0.3267863392829895, 0.32647135853767395, 0.32608574628829956, 0.3255147933959961, 0.32518982887268066, 0.3247697353363037, 0.3243747055530548, 0.32382500171661377, 0.3236270844936371, 0.32303234934806824, 0.3225555121898651, 0.3222629427909851, 0.32182562351226807, 0.3214263916015625, 0.32103434205055237, 0.3206193149089813, 0.3200449049472809, 0.3195732831954956, 0.31917083263397217, 0.31875860691070557, 0.31839028000831604, 0.3179960548877716, 0.3174867630004883, 0.31689584255218506, 0.3164050579071045, 0.3159882128238678, 0.3154594898223877, 0.3150220513343811, 0.31454235315322876, 0.31400036811828613, 0.31345313787460327, 0.3131117522716522, 0.31250378489494324, 0.3120260238647461, 0.31159016489982605, 0.3111490309238434, 0.31055793166160583, 0.30992376804351807, 0.30945107340812683, 0.30897241830825806, 0.3084426522254944, 0.30787360668182373, 0.30736616253852844, 0.30689579248428345, 0.3062705397605896, 0.30579033493995667, 0.3052534759044647, 0.30455756187438965, 0.3041881024837494, 0.3035370409488678, 0.3029611110687256, 0.3023701012134552, 0.30170100927352905, 0.3011632263660431, 0.3005802631378174, 0.29993486404418945, 0.29930609464645386, 0.2987755537033081, 0.2982584834098816, 0.29760289192199707, 0.29700273275375366, 0.29641756415367126, 0.2958250343799591, 0.29522645473480225, 0.29454147815704346, 0.2938769459724426, 0.2932572662830353, 0.2926848530769348, 0.29208609461784363, 0.291548490524292, 0.2907678782939911, 0.29022350907325745, 0.28954455256462097, 0.2889591455459595, 0.2882905602455139, 0.287759393453598, 0.2870590090751648, 0.28642767667770386, 0.2858556807041168, 0.28519949316978455, 0.28458845615386963, 0.2839343249797821, 0.2833084166049957, 0.28265902400016785, 0.28204697370529175, 0.2815290093421936, 0.28094401955604553, 0.28052735328674316, 0.27978843450546265, 0.2791496217250824, 0.2783450782299042, 0.27786967158317566, 0.27733466029167175, 0.2766011953353882, 0.275944322347641, 0.2755047082901001, 0.2748502194881439, 0.27440139651298523, 0.2736665606498718, 0.2731601893901825, 0.272706001996994, 0.2720383405685425, 0.27166593074798584, 0.2709473967552185, 0.27043333649635315, 0.26982906460762024, 0.26928800344467163, 0.2689443528652191, 0.2682275176048279, 0.2678743600845337, 0.2672860622406006, 0.266635537147522, 0.26616036891937256, 0.26575034856796265, 0.2651490867137909, 0.2646980583667755, 0.2642008364200592, 0.263755202293396, 0.26328709721565247, 0.26285773515701294, 0.262359619140625, 0.2620182931423187, 0.26183459162712097, 0.2610800564289093, 0.26050230860710144, 0.26009902358055115, 0.2597126364707947, 0.25944849848747253, 0.2588609755039215, 0.25846347212791443, 0.2579944431781769, 0.25769251585006714, 0.25726574659347534, 0.25682133436203003, 0.2565212547779083, 0.2561585605144501, 0.2556924521923065, 0.2552541196346283, 0.25493067502975464, 0.2546124756336212, 0.2542104125022888, 0.2538173198699951, 0.25353342294692993, 0.25312358140945435, 0.2527386546134949, 0.25243666768074036, 0.25229012966156006, 0.251705527305603, 0.2513903081417084, 0.25111624598503113, 0.25080275535583496, 0.2504507303237915, 0.2501373589038849, 0.2497757077217102, 0.24955148994922638, 0.24923813343048096, 0.24894630908966064, 0.24870218336582184, 0.24834299087524414]",33.0,"[33.0, 33.0, 33.0, 33.0, 33.0, 33.0, 33.0, 33.0, 33.0, 33.0, 33.0, 33.0, 33.0, 33.0, 33.0, 33.0, 33.0, 33.0, 33.0, 33.0, 33.0, 33.0, 33.0, 33.0, 33.0, 33.0, 33.0, 33.0, 33.0, 33.0, 33.0, 33.0, 33.0, 33.0, 33.0, 33.0, 33.0, 33.0, 33.0, 33.0, 33.0, 33.0, 33.0, 33.0, 33.0, 33.0, 33.0, 33.0, 33.0, 33.0, 33.0, 33.0, 33.0, 33.0, 33.0, 33.0, 33.0, 33.0, 33.0, 33.0, 33.0, 33.0, 33.0, 33.0, 33.0, 33.0, 33.0, 33.0, 33.0, 33.0, 33.0, 33.0, 33.0, 33.0, 33.0, 33.0, 33.0, 33.0, 33.0, 33.0, 33.0, 33.0, 33.0, 33.0, 33.0, 33.0, 33.0, 33.0, 33.0, 33.0, 33.0, 33.0, 33.0, 33.0, 33.0, 33.0, 33.0, 33.0, 33.0, 33.0, 33.0, 33.0, 33.0, 33.0, 33.0, 33.0, 33.0, 33.0, 33.0, 33.0, 33.0, 33.0, 33.0, 33.0, 33.0, 33.0, 33.0, 33.0, 33.0, 33.0, 33.0, 33.0, 33.0, 33.0, 33.0, 33.0, 33.0, 33.0, 33.0, 33.0, 33.0, 33.0, 33.0, 33.0, 33.0, 33.0, 33.0, 33.0, 33.0, 33.0, 33.0, 33.0, 33.0, 33.0, 33.0, 33.0, 33.0, 33.0, 33.0, 33.0, 33.0, 33.0, 33.0, 33.0, 33.0, 33.0, 33.0, 33.0, 33.0, 33.0, 33.0, 33.0, 33.0, 33.0, 33.0, 33.0, 33.0, 33.0, 33.0, 33.0, 33.0, 33.0, 33.0, 33.0, 33.0, 33.0, 33.0, 33.0, 33.0, 33.0, 33.0, 33.0, 33.0, 33.0, 33.0, 33.0, 33.0, 33.0, 33.0, 33.0, 33.0, 33.0, 33.0, 33.0, 33.0, 33.0, 33.0, 33.0, 33.0, 33.0, 33.0, 33.0, 33.0, 33.0, 33.0, 33.0, 33.0, 33.0, 33.0, 33.0, 33.0, 33.0, 33.0, 33.0, 33.0, 33.0, 33.0, 33.0, 33.0, 33.0, 33.0, 33.0, 33.0, 33.0, 33.0, 33.0, 33.0, 33.0, 33.0, 33.0, 33.0, 33.0, 33.0, 33.0, 33.0, 33.0, 33.0, 33.0, 33.0, 33.0, 33.0, 33.0, 33.0, 33.0, 33.0, 33.0, 33.0, 33.0, 33.0, 33.0, 33.0, 33.0, 33.0, 33.0, 33.0, 33.0, 33.0, 33.0, 33.0, 33.0, 33.0, 33.0, 33.0, 33.0, 33.0, 33.0, 33.0, 33.0, 33.0, 33.0, 33.0, 33.0, 33.0, 33.0, 33.0, 33.0, 33.0, 33.0, 33.0, 33.0]",COMPLETE
61,61,0.8418415323775297,2024-08-31 03:41:57.608932,2024-08-31 03:42:16.378907,0 days 00:00:18.769975,4,0.023912793376208212,1,105,0.019658268633622668,98,0.0016315700227867802,0.855,0.85875,33,"[33, 33, 33, 33, 33, 33, 33, 33, 33, 33, 33, 33, 33, 33, 33, 33, 33, 33, 33, 33, 33, 33, 33, 33, 33, 33, 33, 33, 33, 33, 33, 33, 33, 33, 33, 33, 33, 33, 33, 33, 33, 33, 33, 33, 33, 33, 33, 33, 33, 33, 33, 33, 33, 33, 33, 33, 33, 33, 33, 33, 33, 33, 33, 33, 33, 33, 33, 33, 33, 33, 33, 33, 33, 33, 33, 33, 33, 33, 33, 33, 33, 33, 33, 33, 33, 33, 33, 33, 33, 33, 33, 33, 33, 33, 33, 33, 33, 33, 33, 33, 33, 33, 33, 33, 33]",32.9795918367347,"[32.98979591836735, 32.98979591836735, 32.98979591836735, 32.9795918367347, 32.98979591836735, 32.96938775510204, 32.98979591836735, 33.0, 33.0, 33.0, 32.94897959183673, 32.98979591836735, 32.98979591836735, 32.96938775510204, 32.96938775510204, 32.98979591836735, 32.98979591836735, 32.96938775510204, 32.98979591836735, 32.98979591836735, 32.98979591836735, 33.0, 32.98979591836735, 32.98979591836735, 33.0, 33.0, 32.98979591836735, 32.9795918367347, 32.98979591836735, 32.9795918367347, 32.9795918367347, 32.98979591836735, 33.0, 32.98979591836735, 33.0, 33.0, 33.0, 33.0, 32.98979591836735, 33.0, 33.0, 33.0, 33.0, 33.0, 33.0, 32.98979591836735, 32.98979591836735, 32.9795918367347, 32.98979591836735, 32.9795918367347, 33.0, 32.98979591836735, 32.98979591836735, 32.98979591836735, 32.98979591836735, 32.98979591836735, 33.0, 32.98979591836735, 32.98979591836735, 32.98979591836735, 32.98979591836735, 33.0, 33.0, 33.0, 32.98979591836735, 32.98979591836735, 32.98979591836735, 32.9795918367347, 32.9795918367347, 32.98979591836735, 32.98979591836735, 32.98979591836735, 32.98979591836735, 32.98979591836735, 32.98979591836735, 32.96938775510204, 32.96938775510204, 32.96938775510204, 32.96938775510204, 32.9795918367347, 32.9795918367347, 32.9795918367347, 32.9795918367347, 32.94897959183673, 32.95918367346939, 32.94897959183673, 32.95918367346939, 32.98979591836735, 32.9795918367347, 32.96938775510204, 32.96938775510204, 32.98979591836735, 32.9795918367347, 32.9795918367347, 32.9795918367347, 32.9795918367347, 32.9795918367347, 32.9795918367347, 32.96938775510204, 32.94897959183674, 32.96938775510204, 32.98979591836735, 32.96938775510204, 32.96938775510204, 32.9795918367347]",0.8445991132687687,0.8418415323775297,33,"[33, 33, 33, 33, 33, 33, 33, 33, 33, 33, 33, 33, 33, 33, 33, 33, 33, 33, 33, 33, 33, 33, 33, 33, 33, 33, 33, 33, 33, 33, 33, 33, 33, 33, 33, 33, 33, 33, 33, 33, 33, 33, 33, 33, 33, 33, 33, 33, 33, 33, 33, 33, 33, 33, 33, 33, 33, 33, 33, 33, 33, 33, 33, 33, 33, 33, 33, 33, 33, 33, 33, 33, 33, 33, 33, 33, 33, 33, 33, 33, 33, 33, 33, 33, 33, 33, 33, 33, 33, 33, 33, 33, 33, 33, 33, 33, 33, 33, 33, 33, 33, 33, 33, 33, 33]",105,"[0.43032634258270264, 0.4177217185497284, 0.4091765880584717, 0.4031080901622772, 0.39913707971572876, 0.39526718854904175, 0.39433687925338745, 0.3902486562728882, 0.3882618248462677, 0.3868950307369232, 0.38546955585479736, 0.3843742609024048, 0.38322779536247253, 0.3864237666130066, 0.37968531250953674, 0.37821638584136963, 0.37693729996681213, 0.3782559633255005, 0.3808266818523407, 0.37405213713645935, 0.37136077880859375, 0.370625376701355, 0.37098971009254456, 0.37005823850631714, 0.36750099062919617, 0.36585748195648193, 0.3672305643558502, 0.36284583806991577, 0.36264368891716003, 0.36444786190986633, 0.36822792887687683, 0.35896915197372437, 0.35783129930496216, 0.35707229375839233, 0.35563895106315613, 0.3577083945274353, 0.35365527868270874, 0.3526335656642914, 0.35318467020988464, 0.35078439116477966, 0.35104456543922424, 0.34934884309768677, 0.34860295057296753, 0.34963199496269226, 0.3468053340911865, 0.34609872102737427, 0.3453366756439209, 0.3445723354816437, 0.3456489145755768, 0.3438083529472351, 0.34311485290527344, 0.34207823872566223, 0.3416363596916199, 0.3409872055053711, 0.34056082367897034, 0.3396957516670227, 0.34002453088760376, 0.33865565061569214, 0.33975356817245483, 0.33816832304000854, 0.3379865884780884, 0.33696115016937256, 0.3403005599975586, 0.3358483612537384, 0.33596622943878174, 0.33454078435897827, 0.33406302332878113, 0.3364719748497009, 0.33390846848487854, 0.33342665433883667, 0.3325346112251282, 0.3323071002960205, 0.3352956771850586, 0.33141013979911804, 0.3309614956378937, 0.33129802346229553, 0.3301704525947571, 0.3311217129230499, 0.33048224449157715, 0.32975441217422485, 0.3292483985424042, 0.32878339290618896, 0.33072036504745483, 0.3311949074268341, 0.3280773162841797, 0.3299400210380554, 0.3273284137248993, 0.32709094882011414, 0.32664912939071655, 0.3273087739944458, 0.32616475224494934, 0.32581642270088196, 0.3256138861179352, 0.3253450393676758, 0.32622864842414856, 0.32565099000930786, 0.3270159065723419, 0.3247382342815399, 0.32418444752693176, 0.3240872919559479, 0.32412150502204895, 0.3243902921676636, 0.32444286346435547, 0.3227927088737488, 0.3228628635406494]",33.0,"[33.0, 33.0, 33.0, 33.0, 33.0, 33.0, 33.0, 33.0, 33.0, 33.0, 33.0, 33.0, 33.0, 33.0, 33.0, 33.0, 33.0, 33.0, 33.0, 33.0, 33.0, 33.0, 33.0, 33.0, 33.0, 33.0, 33.0, 33.0, 33.0, 33.0, 33.0, 33.0, 33.0, 33.0, 33.0, 33.0, 33.0, 33.0, 33.0, 33.0, 33.0, 33.0, 33.0, 33.0, 33.0, 33.0, 33.0, 33.0, 33.0, 33.0, 33.0, 33.0, 33.0, 33.0, 33.0, 33.0, 33.0, 33.0, 33.0, 33.0, 33.0, 33.0, 33.0, 33.0, 33.0, 33.0, 33.0, 33.0, 33.0, 33.0, 33.0, 33.0, 33.0, 33.0, 33.0, 33.0, 33.0, 33.0, 33.0, 33.0, 33.0, 33.0, 33.0, 33.0, 33.0, 33.0, 33.0, 33.0, 33.0, 33.0, 33.0, 33.0, 33.0, 33.0, 33.0, 33.0, 33.0, 33.0, 33.0, 33.0, 33.0, 33.0, 33.0, 33.0, 33.0]",COMPLETE
