,number,value,datetime_start,datetime_complete,duration,params_batch_size_scaler,params_constant_learning_rate,params_depth,params_epochs,params_kernel_l2,params_num_trees,params_temperature,user_attrs_accuracy_test,user_attrs_accuracy_valid,user_attrs_approximate_feature_sparsity,user_attrs_approximate_feature_sparsity_history,user_attrs_approximate_weight_sparsity,user_attrs_approximate_weight_sparsity_history,user_attrs_auc_test,user_attrs_auc_valid,user_attrs_feature_sparsity,user_attrs_feature_sparsity_history,user_attrs_num_epochs,user_attrs_val_loss_history,user_attrs_weight_sparsity,user_attrs_weight_sparsity_history,state
155,155,0.5,2024-08-31 07:54:15.913088,2024-08-31 07:56:13.170335,0 days 00:01:57.257247,4,4.926004983973017,4,255,0.11911095688058365,46,0.011187179408080101,0.859,0.85875,0,"[0, 0, 0, 0, 0, 0, 0, 0, 0, 0, 0, 0, 0, 0, 0, 0, 0, 0, 0, 0, 0, 0, 0, 0, 0, 0, 0, 0, 0, 0, 0, 0, 0, 0, 0, 0, 0, 0, 0, 0, 0, 0, 0, 0, 0, 0, 0, 0, 0, 0, 0, 0, 0, 0, 0, 0, 0, 0, 0, 0, 0, 0, 0, 0, 0, 0, 0, 0, 0, 0, 0, 0, 0, 0, 0, 0, 0, 0, 0, 0, 0, 0, 0, 0, 0, 0, 0, 0, 0, 0, 0, 0, 0, 0, 0, 0, 0, 0, 0, 0, 0, 0, 0, 0, 0, 0, 0, 0, 0, 0, 0, 0, 0, 0, 0, 0, 0, 0, 0, 0, 0, 0, 0, 0, 0, 0, 0, 0, 0, 0, 0, 0, 0, 0, 0, 0, 0, 0, 0, 0, 0, 0, 0, 0, 0, 0, 0, 0, 0, 0, 0, 0, 0, 0, 0, 0, 0, 0, 0, 0, 0, 0, 0, 0, 0, 0, 0, 0, 0, 0, 0, 0, 0, 0, 0, 0, 0, 0, 0, 0, 0, 0, 0, 0, 0, 0, 0, 0, 0, 0, 0, 0, 0, 0, 0, 0, 0, 0, 0, 0, 0, 0, 0, 0, 0, 0, 0, 0, 0, 0, 0, 0, 0, 0, 0, 0, 0, 0, 0, 0, 0, 0, 0, 0, 0, 0, 0, 0, 0, 0, 0, 0, 0, 0, 0, 0, 0, 0, 0, 0, 0, 0, 0, 0, 0, 0, 0, 0, 0, 0, 0, 0, 0, 0, 0]",0.0,"[0.0, 0.0, 0.0, 0.0, 0.0, 0.0, 0.0, 0.0, 0.0, 0.0, 0.0, 0.0, 0.0, 0.0, 0.0, 0.0, 0.0, 0.0, 0.0, 0.0, 0.0, 0.0, 0.0, 0.0, 0.0, 0.0, 0.0, 0.0, 0.0, 0.0, 0.0, 0.0, 0.0, 0.0, 0.0, 0.0, 0.0, 0.0, 0.0, 0.0, 0.0, 0.0, 0.0, 0.0, 0.0, 0.0, 0.0, 0.0, 0.0, 0.0, 0.0, 0.0, 0.0, 0.0, 0.0, 0.0, 0.0, 0.0, 0.0, 0.0, 0.0, 0.0, 0.0, 0.0, 0.0, 0.0, 0.0, 0.0, 0.0, 0.0, 0.0, 0.0, 0.0, 0.0, 0.0, 0.0, 0.0, 0.0, 0.0, 0.0, 0.0, 0.0, 0.0, 0.0, 0.0, 0.0, 0.0, 0.0, 0.0, 0.0, 0.0, 0.0, 0.0, 0.0, 0.0, 0.0, 0.0, 0.0, 0.0, 0.0, 0.0, 0.0, 0.0, 0.0, 0.0, 0.0, 0.0, 0.0, 0.0, 0.0, 0.0, 0.0, 0.0, 0.0, 0.0, 0.0, 0.0, 0.0, 0.0, 0.0, 0.0, 0.0, 0.0, 0.0, 0.0, 0.0, 0.0, 0.0, 0.0, 0.0, 0.0, 0.0, 0.0, 0.0, 0.0, 0.0, 0.0, 0.0, 0.0, 0.0, 0.0, 0.0, 0.0, 0.0, 0.0, 0.0, 0.0, 0.0, 0.0, 0.0, 0.0, 0.0, 0.0, 0.0, 0.0, 0.0, 0.0, 0.0, 0.0, 0.0, 0.0, 0.0, 0.0, 0.0, 0.0, 0.0, 0.0, 0.0, 0.0, 0.0, 0.0, 0.0, 0.0, 0.0, 0.0, 0.0, 0.0, 0.0, 0.0, 0.0, 0.0, 0.0, 0.0, 0.0, 0.0, 0.0, 0.0, 0.0, 0.0, 0.0, 0.0, 0.0, 0.0, 0.0, 0.0, 0.0, 0.0, 0.0, 0.0, 0.0, 0.0, 0.0, 0.0, 0.0, 0.0, 0.0, 0.0, 0.0, 0.0, 0.0, 0.0, 0.0, 0.0, 0.0, 0.0, 0.0, 0.0, 0.0, 0.0, 0.0, 0.0, 0.0, 0.0, 0.0, 0.0, 0.0, 0.0, 0.0, 0.0, 0.0, 0.0, 0.0, 0.0, 0.0, 0.0, 0.0, 0.0, 0.0, 0.0, 0.0, 0.0, 0.0, 0.0, 0.0, 0.0, 0.0, 0.0, 0.0, 0.0, 0.0, 0.0, 0.0, 0.0, 0.0, 0.0]",0.5,0.5,0,"[0, 0, 0, 0, 0, 0, 0, 0, 0, 0, 0, 0, 0, 0, 0, 0, 0, 0, 0, 0, 0, 0, 0, 0, 0, 0, 0, 0, 0, 0, 0, 0, 0, 0, 0, 0, 0, 0, 0, 0, 0, 0, 0, 0, 0, 0, 0, 0, 0, 0, 0, 0, 0, 0, 0, 0, 0, 0, 0, 0, 0, 0, 0, 0, 0, 0, 0, 0, 0, 0, 0, 0, 0, 0, 0, 0, 0, 0, 0, 0, 0, 0, 0, 0, 0, 0, 0, 0, 0, 0, 0, 0, 0, 0, 0, 0, 0, 0, 0, 0, 0, 0, 0, 0, 0, 0, 0, 0, 0, 0, 0, 0, 0, 0, 0, 0, 0, 0, 0, 0, 0, 0, 0, 0, 0, 0, 0, 0, 0, 0, 0, 0, 0, 0, 0, 0, 0, 0, 0, 0, 0, 0, 0, 0, 0, 0, 0, 0, 0, 0, 0, 0, 0, 0, 0, 0, 0, 0, 0, 0, 0, 0, 0, 0, 0, 0, 0, 0, 0, 0, 0, 0, 0, 0, 0, 0, 0, 0, 0, 0, 0, 0, 0, 0, 0, 0, 0, 0, 0, 0, 0, 0, 0, 0, 0, 0, 0, 0, 0, 0, 0, 0, 0, 0, 0, 0, 0, 0, 0, 0, 0, 0, 0, 0, 0, 0, 0, 0, 0, 0, 0, 0, 0, 0, 0, 0, 0, 0, 0, 0, 0, 0, 0, 0, 0, 0, 0, 0, 0, 0, 0, 0, 0, 0, 0, 0, 0, 0, 0, 0, 0, 0, 0, 0, 0]",255,"[0.7214140295982361, 0.7510296702384949, 0.5226978659629822, 0.47347474098205566, 1.4060996770858765, 2.443002700805664, 2.0675950050354004, 0.44479334354400635, 1.7164593935012817, 0.8171613216400146, 0.6406234502792358, 0.9241499304771423, 0.5142465829849243, 0.5581596493721008, 0.8398557305335999, 0.44346103072166443, 0.4175097942352295, 1.2954963445663452, 0.46168243885040283, 0.5726320147514343, 1.1745166778564453, 2.2454276084899902, 1.528173565864563, 1.836799144744873, 1.67311692237854, 0.568411648273468, 1.9507665634155273, 0.4589827060699463, 1.0228683948516846, 0.4679378271102905, 0.40872126817703247, 1.1072931289672852, 0.41789862513542175, 0.6974942684173584, 1.9728631973266602, 1.1852045059204102, 0.455458402633667, 0.40746310353279114, 0.7908380627632141, 0.730013370513916, 0.45683369040489197, 0.6142932772636414, 1.0589932203292847, 1.0742968320846558, 0.5873895883560181, 0.733552873134613, 1.3106679916381836, 0.8600238561630249, 0.4241308271884918, 0.6039535403251648, 0.45955464243888855, 2.718874216079712, 1.8840373754501343, 2.028458595275879, 0.4082547724246979, 0.4903355538845062, 2.050023078918457, 0.46681922674179077, 0.9998340010643005, 0.47300708293914795, 1.6377418041229248, 1.2050284147262573, 1.5943810939788818, 0.41272199153900146, 0.4981231987476349, 1.0118104219436646, 2.1283252239227295, 0.5322502255439758, 0.46790680289268494, 0.4241730868816376, 1.0390675067901611, 0.4124052822589874, 1.7682299613952637, 0.8813501000404358, 0.5882002115249634, 0.4944183826446533, 0.4073154330253601, 0.7878289818763733, 0.4682188928127289, 1.085473895072937, 2.0501279830932617, 0.5118982791900635, 0.8518589735031128, 0.41227027773857117, 0.44255611300468445, 1.7304893732070923, 0.7314984202384949, 1.7108665704727173, 1.565579891204834, 0.5526757836341858, 1.952864646911621, 2.252899646759033, 0.8434224724769592, 0.8483063578605652, 0.43971022963523865, 2.320720911026001, 0.651712954044342, 0.9102725386619568, 2.599411725997925, 0.5463465452194214, 2.2324259281158447, 1.2533237934112549, 0.4275955557823181, 1.5907245874404907, 0.9748103618621826, 0.4745963215827942, 0.4902782738208771, 0.5379785299301147, 0.4464038014411926, 0.5577699542045593, 0.8758111596107483, 1.0983737707138062, 0.895334005355835, 1.1043787002563477, 0.41956666111946106, 0.5877143740653992, 0.4398003816604614, 0.5750402212142944, 0.4121997356414795, 1.3637824058532715, 0.5555569529533386, 1.477878451347351, 0.891461193561554, 0.8125048875808716, 2.391589879989624, 1.2340631484985352, 1.7038350105285645, 0.4563288390636444, 1.0625481605529785, 0.46298858523368835, 1.3979588747024536, 0.4433937072753906, 0.41335761547088623, 0.4526246190071106, 1.0124849081039429, 0.5098902583122253, 2.4997365474700928, 0.5083203315734863, 1.0473029613494873, 0.5576719641685486, 0.5836009979248047, 0.6696546673774719, 1.9677691459655762, 0.8463268876075745, 0.5535884499549866, 1.3684028387069702, 2.103671073913574, 0.4072347581386566, 0.46922823786735535, 0.4816625118255615, 0.4494982957839966, 1.1065505743026733, 0.5861611366271973, 0.9985871315002441, 0.4077179729938507, 0.4351956844329834, 0.8785327076911926, 2.7037606239318848, 0.41958022117614746, 2.225922107696533, 0.4199400842189789, 1.1562228202819824, 0.9031825065612793, 0.42011263966560364, 0.5815725922584534, 0.5918464064598083, 1.0191220045089722, 0.7592979669570923, 0.407267302274704, 0.4633527398109436, 1.4985755681991577, 0.4418160319328308, 0.40723633766174316, 2.6102585792541504, 1.7836819887161255, 1.1729505062103271, 1.1500290632247925, 0.47044602036476135, 0.4440458416938782, 0.4092600643634796, 0.4392792582511902, 0.42253750562667847, 1.6405537128448486, 0.6987192630767822, 1.660086989402771, 0.905521035194397, 1.2613191604614258, 1.7682058811187744, 0.4129287302494049, 1.7161016464233398, 0.4196777045726776, 1.8016836643218994, 1.5786035060882568, 0.6019202470779419, 0.836144208908081, 0.7942914366722107, 0.4459680914878845, 0.4882347583770752, 0.46659114956855774, 1.4599529504776, 0.4087947607040405, 0.4201720952987671, 0.6996042728424072, 0.4166344702243805, 0.5366632342338562, 1.4059460163116455, 0.6341318488121033, 0.47482430934906006, 1.5835543870925903, 0.40778446197509766, 1.4960991144180298, 1.2863032817840576, 0.686075747013092, 0.44157564640045166, 1.3443347215652466, 0.6383785605430603, 0.7453542947769165, 1.0382895469665527, 0.40722721815109253, 0.7733749151229858, 1.305586814880371, 0.5899567008018494, 0.5438356995582581, 0.4246993958950043, 1.0902297496795654, 0.40739330649375916, 0.5762307643890381, 1.776418924331665, 1.997035026550293, 1.1218547821044922, 0.40739622712135315, 0.5598301887512207, 1.5762875080108643, 0.6643003225326538, 0.9953765869140625, 0.46938252449035645, 0.6228051781654358, 0.4466487467288971, 1.0913825035095215, 0.7071465253829956, 1.0566143989562988, 0.4265781044960022, 1.2394481897354126, 0.6828182935714722, 0.6988152861595154, 2.2940566539764404, 0.41458946466445923, 1.2874541282653809, 0.5885816812515259, 1.7697856426239014, 0.4795255959033966, 1.4242459535598755, 0.6311261653900146, 0.40808212757110596, 0.44258373975753784]",0.0,"[0.0, 0.0, 0.0, 0.0, 0.0, 0.0, 0.0, 0.0, 0.0, 0.0, 0.0, 0.0, 0.0, 0.0, 0.0, 0.0, 0.0, 0.0, 0.0, 0.0, 0.0, 0.0, 0.0, 0.0, 0.0, 0.0, 0.0, 0.0, 0.0, 0.0, 0.0, 0.0, 0.0, 0.0, 0.0, 0.0, 0.0, 0.0, 0.0, 0.0, 0.0, 0.0, 0.0, 0.0, 0.0, 0.0, 0.0, 0.0, 0.0, 0.0, 0.0, 0.0, 0.0, 0.0, 0.0, 0.0, 0.0, 0.0, 0.0, 0.0, 0.0, 0.0, 0.0, 0.0, 0.0, 0.0, 0.0, 0.0, 0.0, 0.0, 0.0, 0.0, 0.0, 0.0, 0.0, 0.0, 0.0, 0.0, 0.0, 0.0, 0.0, 0.0, 0.0, 0.0, 0.0, 0.0, 0.0, 0.0, 0.0, 0.0, 0.0, 0.0, 0.0, 0.0, 0.0, 0.0, 0.0, 0.0, 0.0, 0.0, 0.0, 0.0, 0.0, 0.0, 0.0, 0.0, 0.0, 0.0, 0.0, 0.0, 0.0, 0.0, 0.0, 0.0, 0.0, 0.0, 0.0, 0.0, 0.0, 0.0, 0.0, 0.0, 0.0, 0.0, 0.0, 0.0, 0.0, 0.0, 0.0, 0.0, 0.0, 0.0, 0.0, 0.0, 0.0, 0.0, 0.0, 0.0, 0.0, 0.0, 0.0, 0.0, 0.0, 0.0, 0.0, 0.0, 0.0, 0.0, 0.0, 0.0, 0.0, 0.0, 0.0, 0.0, 0.0, 0.0, 0.0, 0.0, 0.0, 0.0, 0.0, 0.0, 0.0, 0.0, 0.0, 0.0, 0.0, 0.0, 0.0, 0.0, 0.0, 0.0, 0.0, 0.0, 0.0, 0.0, 0.0, 0.0, 0.0, 0.0, 0.0, 0.0, 0.0, 0.0, 0.0, 0.0, 0.0, 0.0, 0.0, 0.0, 0.0, 0.0, 0.0, 0.0, 0.0, 0.0, 0.0, 0.0, 0.0, 0.0, 0.0, 0.0, 0.0, 0.0, 0.0, 0.0, 0.0, 0.0, 0.0, 0.0, 0.0, 0.0, 0.0, 0.0, 0.0, 0.0, 0.0, 0.0, 0.0, 0.0, 0.0, 0.0, 0.0, 0.0, 0.0, 0.0, 0.0, 0.0, 0.0, 0.0, 0.0, 0.0, 0.0, 0.0, 0.0, 0.0, 0.0, 0.0, 0.0, 0.0, 0.0, 0.0, 0.0, 0.0, 0.0, 0.0, 0.0, 0.0, 0.0, 0.0, 0.0, 0.0, 0.0, 0.0, 0.0]",COMPLETE
