,number,value,datetime_start,datetime_complete,duration,params_batch_size_scaler,params_constant_learning_rate,params_depth,params_epochs,params_kernel_l2,params_num_trees,params_temperature,user_attrs_accuracy_test,user_attrs_accuracy_valid,user_attrs_approximate_feature_sparsity,user_attrs_approximate_feature_sparsity_history,user_attrs_approximate_weight_sparsity,user_attrs_approximate_weight_sparsity_history,user_attrs_auc_test,user_attrs_auc_valid,user_attrs_feature_sparsity,user_attrs_feature_sparsity_history,user_attrs_num_epochs,user_attrs_val_loss_history,user_attrs_weight_sparsity,user_attrs_weight_sparsity_history,state
75,75,0.9269492857234868,2024-08-31 04:21:30.910064,2024-08-31 04:22:30.595938,0 days 00:00:59.685874,16,0.29828777184809485,3,345,0.015630465717201673,86,0.0032902284427559075,0.939,0.94375,31,"[33, 33, 33, 33, 33, 33, 33, 33, 33, 33, 33, 33, 33, 33, 33, 33, 33, 33, 33, 33, 33, 33, 33, 33, 33, 33, 33, 33, 33, 33, 33, 33, 33, 33, 33, 33, 33, 33, 33, 33, 33, 33, 33, 33, 33, 33, 33, 33, 33, 33, 33, 33, 33, 33, 33, 33, 33, 33, 33, 33, 33, 33, 33, 33, 33, 33, 33, 33, 33, 33, 33, 33, 33, 33, 33, 33, 33, 33, 33, 33, 33, 33, 33, 32, 32, 32, 32, 32, 32, 32, 32, 32, 32, 31, 31, 31, 31, 31, 31, 31, 31, 31, 31, 31, 31, 31, 31, 31, 31, 31, 31, 31, 31, 31, 31, 31, 31, 31, 31, 31, 31, 31, 31, 31, 31, 31, 31, 31, 31, 31, 31, 31, 31, 31, 31, 31, 31, 31, 31, 31, 31, 31, 31, 31, 31, 31, 31, 31, 31, 31, 31, 31, 31, 31, 31, 31, 31, 31, 31, 31, 31, 31, 31, 31, 31, 31, 31, 31, 31, 31, 31, 31, 31, 31, 31, 31, 31, 31, 31, 31, 31, 31, 31, 31, 31, 31, 31, 31, 31, 31, 31, 31, 31, 31, 31, 31, 31, 31, 31, 31, 31, 31, 31, 31, 31, 31, 31, 31, 31, 31, 31, 31, 31, 31, 31, 31, 31, 31, 31, 31, 31, 31, 31, 31, 31, 31, 31, 31, 31, 31, 31, 31, 31, 31, 31, 31, 31, 31, 31, 31, 31, 31, 31, 31, 31, 31, 31, 31, 31, 31, 31, 31, 31, 31, 31, 31, 31, 31, 31, 31, 31, 31, 31, 31, 31, 31, 31, 31, 31, 31, 31, 31, 31, 31, 31, 31, 31, 31, 31, 31, 31, 31, 31, 31, 31, 31, 31, 31, 31, 31, 31, 31, 31, 31, 31, 31, 31, 31, 31, 31, 31, 31, 31, 31, 31, 31, 31, 31, 31, 31, 31, 31, 31, 31, 31, 31, 31, 31, 31, 31, 31, 31, 31, 31, 31, 31, 31, 31, 31, 31, 31, 31, 31, 31, 31, 31, 31, 31, 31, 31, 31, 31, 31, 31, 31]",30.975083056478404,"[32.96013289036544, 32.96013289036545, 32.966777408637874, 32.96511627906977, 32.97674418604652, 32.961794019933556, 32.966777408637874, 32.96511627906977, 32.97176079734219, 32.975083056478404, 32.97176079734219, 32.96511627906977, 32.96013289036545, 32.9734219269103, 32.96843853820598, 32.970099667774086, 32.95847176079734, 32.9734219269103, 32.95847176079734, 32.96843853820598, 32.95681063122923, 32.961794019933556, 32.96345514950166, 32.97176079734219, 32.96013289036545, 32.966777408637874, 32.96843853820598, 32.961794019933556, 32.9734219269103, 32.975083056478404, 32.96013289036545, 32.970099667774086, 32.96843853820598, 32.96179401993355, 32.96843853820598, 32.97176079734219, 32.96511627906977, 32.951827242524914, 32.961794019933556, 32.966777408637874, 32.96843853820598, 32.975083056478404, 32.981727574750835, 32.970099667774086, 32.970099667774086, 32.96345514950166, 32.981727574750835, 32.966777408637874, 32.96345514950166, 32.955149501661126, 32.96179401993355, 32.96013289036545, 32.95681063122923, 32.96013289036544, 32.961794019933556, 32.955149501661126, 32.96511627906977, 32.966777408637874, 32.96345514950166, 32.96511627906977, 32.966777408637874, 32.97674418604651, 32.96843853820598, 32.96511627906977, 32.97176079734219, 32.975083056478404, 32.978405315614616, 32.98006644518272, 32.966777408637874, 32.96013289036545, 32.96345514950166, 32.961794019933556, 32.95847176079734, 32.966777408637874, 32.97176079734219, 32.97176079734219, 32.97176079734219, 32.97176079734219, 32.96511627906976, 32.96013289036545, 32.96013289036544, 32.95847176079734, 32.96843853820598, 31.955149501661126, 31.96013289036545, 31.97674418604651, 31.973421926910298, 31.978405315614616, 31.966777408637874, 31.971760797342192, 31.975083056478404, 31.980066445182725, 31.973421926910298, 30.981727574750828, 30.975083056478404, 30.975083056478404, 30.961794019933556, 30.96511627906977, 30.963455149501662, 30.95016611295681, 30.953488372093023, 30.973421926910298, 30.975083056478404, 30.968438538205977, 30.975083056478404, 30.976744186046513, 30.961794019933556, 30.95681063122924, 30.96511627906977, 30.971760797342192, 30.978405315614616, 30.961794019933553, 30.95847176079734, 30.970099667774086, 30.96511627906977, 30.960132890365447, 30.958471760797345, 30.958471760797345, 30.95847176079734, 30.975083056478404, 30.966777408637874, 30.970099667774086, 30.973421926910298, 30.973421926910298, 30.971760797342192, 30.973421926910298, 30.973421926910298, 30.956810631229235, 30.963455149501662, 30.96511627906977, 30.971760797342192, 30.97674418604651, 30.963455149501662, 30.970099667774086, 30.96843853820598, 30.961794019933553, 30.96843853820598, 30.966777408637874, 30.960132890365447, 30.961794019933556, 30.96511627906977, 30.961794019933556, 30.971760797342192, 30.966777408637874, 30.971760797342192, 30.96843853820598, 30.975083056478404, 30.973421926910298, 30.961794019933556, 30.96843853820598, 30.96843853820598, 30.971760797342192, 30.956810631229235, 30.966777408637874, 30.96511627906977, 30.961794019933556, 30.963455149501662, 30.975083056478404, 30.98006644518272, 30.978405315614616, 30.98671096345515, 30.97674418604651, 30.973421926910298, 30.971760797342192, 30.978405315614616, 30.96511627906977, 30.96511627906977, 30.96511627906977, 30.96511627906977, 30.95847176079734, 30.961794019933553, 30.958471760797345, 30.96511627906977, 30.96511627906977, 30.970099667774086, 30.963455149501662, 30.961794019933556, 30.96345514950166, 30.958471760797345, 30.95847176079734, 30.956810631229235, 30.96843853820598, 30.970099667774086, 30.976744186046513, 30.98172757475083, 30.988372093023255, 30.975083056478404, 30.96843853820598, 30.96511627906977, 30.966777408637874, 30.961794019933556, 30.96511627906977, 30.96843853820598, 30.96843853820598, 30.96511627906977, 30.966777408637874, 30.963455149501662, 30.970099667774086, 30.97674418604651, 30.978405315614616, 30.966777408637874, 30.973421926910298, 30.973421926910298, 30.971760797342192, 30.981727574750828, 30.97674418604651, 30.98172757475083, 30.975083056478404, 30.978405315614616, 30.973421926910298, 30.971760797342192, 30.975083056478404, 30.98504983388704, 30.98006644518272, 30.980066445182725, 30.96843853820598, 30.970099667774086, 30.973421926910298, 30.96511627906977, 30.961794019933556, 30.975083056478404, 30.97674418604651, 30.98006644518272, 30.98172757475083, 30.975083056478404, 30.973421926910298, 30.978405315614616, 30.963455149501662, 30.96511627906977, 30.95348837209302, 30.95514950166113, 30.961794019933556, 30.95847176079734, 30.96511627906977, 30.96511627906977, 30.956810631229235, 30.966777408637874, 30.966777408637874, 30.970099667774086, 30.966777408637874, 30.97674418604651, 30.971760797342192, 30.978405315614616, 30.973421926910298, 30.975083056478404, 30.981727574750828, 30.975083056478404, 30.985049833887043, 30.97674418604651, 30.973421926910298, 30.970099667774086, 30.97674418604651, 30.966777408637874, 30.96511627906977, 30.978405315614616, 30.975083056478404, 30.98006644518272, 30.97674418604651, 30.978405315614616, 30.973421926910298, 30.98006644518272, 30.971760797342192, 30.966777408637874, 30.96843853820598, 30.965116279069765, 30.96843853820598, 30.970099667774086, 30.973421926910298, 30.971760797342192, 30.96511627906977, 30.96511627906977, 30.973421926910298, 30.970099667774086, 30.97674418604651, 30.971760797342192, 30.970099667774086, 30.983388704318934, 30.973421926910298, 30.96511627906977, 30.97674418604651, 30.973421926910298, 30.975083056478404, 30.971760797342192, 30.963455149501662, 30.973421926910298, 30.973421926910298, 30.96843853820598, 30.973421926910298, 30.973421926910298, 30.973421926910298, 30.97674418604651, 30.981727574750828, 30.983388704318937, 30.975083056478404, 30.97674418604651, 30.973421926910298, 30.97674418604651, 30.97674418604651, 30.973421926910298, 30.96843853820598, 30.970099667774086, 30.966777408637874, 30.963455149501662, 30.971760797342192, 30.971760797342192, 30.970099667774086, 30.966777408637874, 30.96843853820598, 30.963455149501662, 30.966777408637874, 30.971760797342192, 30.961794019933556, 30.978405315614616, 30.971760797342192, 30.975083056478404, 30.975083056478404, 30.978405315614616, 30.98006644518272, 30.983388704318934, 30.97674418604651, 30.978405315614616, 30.975083056478404, 30.981727574750828, 30.98006644518272, 30.975083056478404, 30.98006644518272, 30.971760797342192, 30.96843853820598, 30.971760797342192, 30.966777408637874, 30.98006644518272, 30.97674418604651, 30.98006644518272, 30.975083056478404, 30.978405315614616, 30.971760797342192, 30.96511627906977, 30.966777408637874, 30.970099667774086, 30.973421926910298, 30.96843853820598, 30.97840531561462, 30.96013289036545, 30.970099667774086, 30.975083056478404]",0.909733402686614,0.9269492857234868,31,"[33, 33, 33, 33, 33, 33, 33, 33, 33, 33, 33, 33, 33, 33, 33, 33, 33, 33, 33, 33, 33, 33, 33, 33, 33, 33, 33, 33, 33, 33, 33, 33, 33, 33, 33, 33, 33, 33, 33, 33, 33, 33, 33, 33, 33, 33, 33, 33, 33, 33, 33, 33, 33, 33, 33, 33, 33, 33, 33, 33, 33, 33, 33, 33, 33, 33, 33, 33, 33, 33, 33, 33, 33, 33, 33, 33, 33, 33, 33, 33, 33, 33, 33, 32, 32, 32, 32, 32, 32, 32, 32, 32, 32, 31, 31, 31, 31, 31, 31, 31, 31, 31, 31, 31, 31, 31, 31, 31, 31, 31, 31, 31, 31, 31, 31, 31, 31, 31, 31, 31, 31, 31, 31, 31, 31, 31, 31, 31, 31, 31, 31, 31, 31, 31, 31, 31, 31, 31, 31, 31, 31, 31, 31, 31, 31, 31, 31, 31, 31, 31, 31, 31, 31, 31, 31, 31, 31, 31, 31, 31, 31, 31, 31, 31, 31, 31, 31, 31, 31, 31, 31, 31, 31, 31, 31, 31, 31, 31, 31, 31, 31, 31, 31, 31, 31, 31, 31, 31, 31, 31, 31, 31, 31, 31, 31, 31, 31, 31, 31, 31, 31, 31, 31, 31, 31, 31, 31, 31, 31, 31, 31, 31, 31, 31, 31, 31, 31, 31, 31, 31, 31, 31, 31, 31, 31, 31, 31, 31, 31, 31, 31, 31, 31, 31, 31, 31, 31, 31, 31, 31, 31, 31, 31, 31, 31, 31, 31, 31, 31, 31, 31, 31, 31, 31, 31, 31, 31, 31, 31, 31, 31, 31, 31, 31, 31, 31, 31, 31, 31, 31, 31, 31, 31, 31, 31, 31, 31, 31, 31, 31, 31, 31, 31, 31, 31, 31, 31, 31, 31, 31, 31, 31, 31, 31, 31, 31, 31, 31, 31, 31, 31, 31, 31, 31, 31, 31, 31, 31, 31, 31, 31, 31, 31, 31, 31, 31, 31, 31, 31, 31, 31, 31, 31, 31, 31, 31, 31, 31, 31, 31, 31, 31, 31, 31, 31, 31, 31, 31, 31, 31, 31, 31, 31, 31, 31]",345,"[0.394153356552124, 0.3846563696861267, 0.37739813327789307, 0.373149573802948, 0.3697263300418854, 0.36744093894958496, 0.367019385099411, 0.3699174225330353, 0.3596920669078827, 0.35816752910614014, 0.35575762391090393, 0.35329732298851013, 0.3516198992729187, 0.3501873314380646, 0.34733882546424866, 0.3456999957561493, 0.3439679741859436, 0.34291380643844604, 0.34885287284851074, 0.33986279368400574, 0.3392535150051117, 0.33430054783821106, 0.33296895027160645, 0.3343461751937866, 0.3290530741214752, 0.3301161527633667, 0.32801714539527893, 0.3270394802093506, 0.3239089250564575, 0.32130587100982666, 0.32149624824523926, 0.32115599513053894, 0.31607455015182495, 0.3148907423019409, 0.31473883986473083, 0.31737473607063293, 0.31297585368156433, 0.31003451347351074, 0.30639687180519104, 0.3033897876739502, 0.30549052357673645, 0.29968127608299255, 0.2977474629878998, 0.2961690425872803, 0.29726651310920715, 0.2941713035106659, 0.29831942915916443, 0.28853505849838257, 0.2867155373096466, 0.284192830324173, 0.2870991826057434, 0.28161507844924927, 0.27904507517814636, 0.2778528332710266, 0.2769163250923157, 0.272447407245636, 0.27269116044044495, 0.2692055404186249, 0.26767340302467346, 0.266056090593338, 0.26470693945884705, 0.263161301612854, 0.2612047791481018, 0.2605673372745514, 0.2592420279979706, 0.258137971162796, 0.25724148750305176, 0.2563721239566803, 0.2552908957004547, 0.25481584668159485, 0.2553614377975464, 0.251125693321228, 0.25412365794181824, 0.24980045855045319, 0.2478579878807068, 0.24653004109859467, 0.24608711898326874, 0.2460220903158188, 0.24454587697982788, 0.24343280494213104, 0.2452244907617569, 0.24158258736133575, 0.24484500288963318, 0.24096712470054626, 0.24000197649002075, 0.2398955374956131, 0.23820725083351135, 0.2431117296218872, 0.24093547463417053, 0.23741549253463745, 0.23625725507736206, 0.23404468595981598, 0.23435066640377045, 0.23374497890472412, 0.2317979782819748, 0.23106086254119873, 0.2296423763036728, 0.22935017943382263, 0.23540988564491272, 0.23035117983818054, 0.22848054766654968, 0.22817060351371765, 0.22568002343177795, 0.23047420382499695, 0.22681249678134918, 0.2257518619298935, 0.22334712743759155, 0.22296491265296936, 0.22222310304641724, 0.22211332619190216, 0.22057117521762848, 0.2203628569841385, 0.2219153791666031, 0.21947471797466278, 0.21826820075511932, 0.21795524656772614, 0.21884892880916595, 0.21683263778686523, 0.21659190952777863, 0.21603013575077057, 0.21512843668460846, 0.21477065980434418, 0.21479803323745728, 0.21422040462493896, 0.21680423617362976, 0.21339476108551025, 0.21593759953975677, 0.2119777649641037, 0.21108905971050262, 0.2120632529258728, 0.21080052852630615, 0.21099978685379028, 0.21037966012954712, 0.2145025134086609, 0.2127162367105484, 0.20894025266170502, 0.2100873440504074, 0.20848463475704193, 0.20882689952850342, 0.20734208822250366, 0.20878466963768005, 0.20750081539154053, 0.21462324261665344, 0.20625616610050201, 0.207625612616539, 0.2050211876630783, 0.20586606860160828, 0.20606231689453125, 0.20547546446323395, 0.20731081068515778, 0.20480170845985413, 0.20556701719760895, 0.20421995222568512, 0.20357540249824524, 0.20387859642505646, 0.204115092754364, 0.20270271599292755, 0.20507261157035828, 0.20317529141902924, 0.20301653444766998, 0.2031862586736679, 0.20149673521518707, 0.2020587921142578, 0.20143377780914307, 0.20498348772525787, 0.20207062363624573, 0.20098991692066193, 0.20308546721935272, 0.20031604170799255, 0.2014446258544922, 0.1994926780462265, 0.2022080272436142, 0.19919094443321228, 0.20093736052513123, 0.20399457216262817, 0.2021317481994629, 0.2002033293247223, 0.2030685842037201, 0.1987733095884323, 0.2016812115907669, 0.1995719075202942, 0.2054636925458908, 0.20191335678100586, 0.19832603633403778, 0.20290836691856384, 0.1991456001996994, 0.19966144859790802, 0.1973082721233368, 0.20394419133663177, 0.19833213090896606, 0.1970355063676834, 0.19902987778186798, 0.19829989969730377, 0.2004128247499466, 0.20393839478492737, 0.19877582788467407, 0.20304647088050842, 0.19670122861862183, 0.1991061419248581, 0.19495712220668793, 0.19496506452560425, 0.1997493952512741, 0.1952715665102005, 0.19491367042064667, 0.19382335245609283, 0.19431060552597046, 0.19656391441822052, 0.19558192789554596, 0.19517576694488525, 0.19587978720664978, 0.19585144519805908, 0.19618791341781616, 0.2018854320049286, 0.19532932341098785, 0.19420084357261658, 0.19371895492076874, 0.19290485978126526, 0.19804656505584717, 0.1923869550228119, 0.19557736814022064, 0.20092104375362396, 0.19368429481983185, 0.19552259147167206, 0.19521088898181915, 0.19258937239646912, 0.19430577754974365, 0.20034511387348175, 0.19208697974681854, 0.192166268825531, 0.1921410709619522, 0.1929558515548706, 0.19154056906700134, 0.19482330977916718, 0.19770637154579163, 0.19242151081562042, 0.20053207874298096, 0.19131655991077423, 0.19055061042308807, 0.19267550110816956, 0.1922687590122223, 0.20659945905208588, 0.19175443053245544, 0.19256237149238586, 0.19236451387405396, 0.19430489838123322, 0.19392572343349457, 0.19039081037044525, 0.19033531844615936, 0.19427967071533203, 0.19035346806049347, 0.19023819267749786, 0.18850672245025635, 0.18949754536151886, 0.19426517188549042, 0.1930723786354065, 0.19154125452041626, 0.18963834643363953, 0.1886996626853943, 0.18868227303028107, 0.18997639417648315, 0.18973785638809204, 0.1906486451625824, 0.1898963898420334, 0.18937423825263977, 0.20263367891311646, 0.19039152562618256, 0.1954031139612198, 0.18798445165157318, 0.188980832695961, 0.19013501703739166, 0.19026999175548553, 0.18780900537967682, 0.18938112258911133, 0.1907353550195694, 0.19911184906959534, 0.18950572609901428, 0.1935800313949585, 0.1879189908504486, 0.19053009152412415, 0.18766729533672333, 0.1879887580871582, 0.19195829331874847, 0.188740536570549, 0.18735572695732117, 0.19234144687652588, 0.18862715363502502, 0.18937444686889648, 0.18854065239429474, 0.18801899254322052, 0.18958334624767303, 0.18631254136562347, 0.18871675431728363, 0.19060388207435608, 0.18639487028121948, 0.18589666485786438, 0.1887536644935608, 0.18807369470596313, 0.18617981672286987, 0.19453434646129608, 0.18967507779598236, 0.18648101389408112, 0.18582652509212494, 0.18544794619083405, 0.1934547871351242, 0.187954843044281, 0.1884000599384308, 0.18506526947021484, 0.1844368726015091, 0.1866931915283203, 0.19030429422855377, 0.20279242098331451, 0.1857721358537674, 0.19096679985523224, 0.18950259685516357, 0.19111108779907227, 0.18910928070545197, 0.1857488453388214, 0.188595712184906, 0.18732742965221405, 0.1849348396062851, 0.19239920377731323, 0.18914881348609924, 0.18596383929252625, 0.18477152287960052, 0.19360700249671936, 0.18882183730602264, 0.1853189319372177, 0.18670976161956787, 0.18557482957839966, 0.18486465513706207, 0.18944813311100006, 0.19114841520786285, 0.1899082362651825, 0.18560150265693665, 0.1865701675415039, 0.19546006619930267, 0.184873566031456, 0.1866960972547531, 0.1897459179162979, 0.1840028017759323, 0.18556852638721466, 0.18409091234207153, 0.19139938056468964, 0.18694372475147247, 0.1862509399652481]",31.0,"[33.0, 33.0, 33.0, 33.0, 33.0, 33.0, 33.0, 33.0, 33.0, 33.0, 33.0, 33.0, 33.0, 33.0, 33.0, 33.0, 33.0, 33.0, 33.0, 33.0, 33.0, 33.0, 33.0, 33.0, 33.0, 33.0, 33.0, 33.0, 33.0, 33.0, 33.0, 33.0, 33.0, 33.0, 33.0, 33.0, 33.0, 33.0, 33.0, 33.0, 33.0, 33.0, 33.0, 33.0, 33.0, 33.0, 33.0, 33.0, 33.0, 33.0, 33.0, 33.0, 33.0, 33.0, 33.0, 33.0, 33.0, 33.0, 33.0, 33.0, 33.0, 33.0, 33.0, 33.0, 33.0, 33.0, 33.0, 33.0, 33.0, 33.0, 33.0, 33.0, 33.0, 33.0, 33.0, 33.0, 33.0, 33.0, 33.0, 33.0, 33.0, 33.0, 33.0, 32.0, 32.0, 32.0, 32.0, 32.0, 32.0, 32.0, 32.0, 32.0, 32.0, 31.0, 31.0, 31.0, 31.0, 31.0, 31.0, 31.0, 31.0, 31.0, 31.0, 31.0, 31.0, 31.0, 31.0, 31.0, 31.0, 31.0, 31.0, 31.0, 31.0, 31.0, 31.0, 31.0, 31.0, 31.0, 31.0, 31.0, 31.0, 31.0, 31.0, 31.0, 31.0, 31.0, 31.0, 31.0, 31.0, 31.0, 31.0, 31.0, 31.0, 31.0, 31.0, 31.0, 31.0, 31.0, 31.0, 31.0, 31.0, 31.0, 31.0, 31.0, 31.0, 31.0, 31.0, 31.0, 31.0, 31.0, 31.0, 31.0, 31.0, 31.0, 31.0, 31.0, 31.0, 31.0, 31.0, 31.0, 31.0, 31.0, 31.0, 31.0, 31.0, 31.0, 31.0, 31.0, 31.0, 31.0, 31.0, 31.0, 31.0, 31.0, 31.0, 31.0, 31.0, 31.0, 31.0, 31.0, 31.0, 31.0, 31.0, 31.0, 31.0, 31.0, 31.0, 31.0, 31.0, 31.0, 31.0, 31.0, 31.0, 31.0, 31.0, 31.0, 31.0, 31.0, 31.0, 31.0, 31.0, 31.0, 31.0, 31.0, 31.0, 31.0, 31.0, 31.0, 31.0, 31.0, 31.0, 31.0, 31.0, 31.0, 31.0, 31.0, 31.0, 31.0, 31.0, 31.0, 31.0, 31.0, 31.0, 31.0, 31.0, 31.0, 31.0, 31.0, 31.0, 31.0, 31.0, 31.0, 31.0, 31.0, 31.0, 31.0, 31.0, 31.0, 31.0, 31.0, 31.0, 31.0, 31.0, 31.0, 31.0, 31.0, 31.0, 31.0, 31.0, 31.0, 31.0, 31.0, 31.0, 31.0, 31.0, 31.0, 31.0, 31.0, 31.0, 31.0, 31.0, 31.0, 31.0, 31.0, 31.0, 31.0, 31.0, 31.0, 31.0, 31.0, 31.0, 31.0, 31.0, 31.0, 31.0, 31.0, 31.0, 31.0, 31.0, 31.0, 31.0, 31.0, 31.0, 31.0, 31.0, 31.0, 31.0, 31.0, 31.0, 31.0, 31.0, 31.0, 31.0, 31.0, 31.0, 31.0, 31.0, 31.0, 31.0, 31.0, 31.0, 31.0, 31.0, 31.0, 31.0, 31.0, 31.0, 31.0, 31.0, 31.0, 31.0, 31.0, 31.0, 31.0, 31.0, 31.0, 31.0, 31.0, 31.0, 31.0, 31.0, 31.0, 31.0, 31.0, 31.0, 31.0, 31.0, 31.0, 31.0, 31.0, 31.0, 31.0, 31.0, 31.0, 31.0, 31.0, 31.0, 31.0, 31.0, 31.0, 31.0, 31.0, 31.0, 31.0, 31.0]",COMPLETE
