,number,value,datetime_start,datetime_complete,duration,params_batch_size_scaler,params_constant_learning_rate,params_depth,params_epochs,params_kernel_l2,params_num_trees,params_temperature,user_attrs_accuracy_test,user_attrs_accuracy_valid,user_attrs_approximate_feature_sparsity,user_attrs_approximate_feature_sparsity_history,user_attrs_approximate_weight_sparsity,user_attrs_approximate_weight_sparsity_history,user_attrs_auc_test,user_attrs_auc_valid,user_attrs_feature_sparsity,user_attrs_feature_sparsity_history,user_attrs_num_epochs,user_attrs_val_loss_history,user_attrs_weight_sparsity,user_attrs_weight_sparsity_history,state
79,79,0.8035836199456403,2024-08-31 04:28:07.924962,2024-08-31 04:28:28.771051,0 days 00:00:20.846089,64,0.06396617350225942,2,275,0.02909139019309306,81,0.03681876676118685,0.874,0.87625,33,"[33, 33, 33, 33, 33, 33, 33, 33, 33, 33, 33, 33, 33, 33, 33, 33, 33, 33, 33, 33, 33, 33, 33, 33, 33, 33, 33, 33, 33, 33, 33, 33, 33, 33, 33, 33, 33, 33, 33, 33, 33, 33, 33, 33, 33, 33, 33, 33, 33, 33, 33, 33, 33, 33, 33, 33, 33, 33, 33, 33, 33, 33, 33, 33, 33, 33, 33, 33, 33, 33, 33, 33, 33, 33, 33, 33, 33, 33, 33, 33, 33, 33, 33, 33, 33, 33, 33, 33, 33, 33, 33, 33, 33, 33, 33, 33, 33, 33, 33, 33, 33, 33, 33, 33, 33, 33, 33, 33, 33, 33, 33, 33, 33, 33, 33, 33, 33, 33, 33, 33, 33, 33, 33, 33, 33, 33, 33, 33, 33, 33, 33, 33, 33, 33, 33, 33, 33, 33, 33, 33, 33, 33, 33, 33, 33, 33, 33, 33, 33, 33, 33, 33, 33, 33, 33, 33, 33, 33, 33, 33, 33, 33, 33, 33, 33, 33, 33, 33, 33, 33, 33, 33, 33, 33, 33, 33, 33, 33, 33, 33, 33, 33, 33, 33, 33, 33, 33, 33, 33, 33, 33, 33, 33, 33, 33, 33, 33, 33, 33, 33, 33, 33, 33, 33, 33, 33, 33, 33, 33, 33, 33, 33, 33, 33, 33, 33, 33, 33, 33, 33, 33, 33, 33, 33, 33, 33, 33, 33, 33, 33, 33, 33, 33, 33, 33, 33, 33, 33, 33, 33, 33, 33, 33, 33, 33, 33, 33, 33, 33, 33, 33, 33, 33, 33, 33, 33, 33, 33, 33, 33, 33, 33, 33, 33, 33, 33, 33, 33, 33, 33, 33, 33, 33, 33, 33]",32.97530864197531,"[32.991769547325106, 32.97942386831276, 32.97942386831276, 32.98765432098766, 32.97942386831276, 32.983539094650205, 32.97530864197531, 32.98765432098765, 32.98765432098766, 32.98765432098766, 32.991769547325106, 32.99588477366255, 32.99588477366255, 32.97942386831276, 32.991769547325106, 32.98765432098765, 32.99588477366255, 32.99588477366255, 32.991769547325106, 32.98765432098765, 32.991769547325106, 32.983539094650205, 32.97942386831276, 32.983539094650205, 32.97530864197531, 32.97119341563786, 32.97942386831276, 32.983539094650205, 32.983539094650205, 32.97942386831276, 32.97530864197531, 32.983539094650205, 32.98765432098765, 32.991769547325106, 32.991769547325106, 32.97942386831276, 32.983539094650205, 32.97942386831276, 32.98765432098765, 32.983539094650205, 32.98765432098765, 32.991769547325106, 32.98765432098765, 32.98765432098766, 32.97942386831276, 32.97119341563786, 32.97530864197531, 32.97530864197531, 32.98765432098765, 32.983539094650205, 32.967078189300416, 32.96707818930041, 32.97119341563786, 32.983539094650205, 32.98765432098766, 32.991769547325106, 32.98765432098766, 32.97119341563786, 32.97942386831276, 32.96707818930041, 32.958847736625515, 32.95473251028807, 32.95061728395062, 32.95473251028807, 32.958847736625515, 32.96296296296296, 32.971193415637856, 32.97942386831276, 32.96707818930041, 32.97530864197531, 32.96707818930041, 32.96296296296296, 32.971193415637856, 32.97530864197531, 32.97119341563786, 32.98765432098765, 32.98765432098765, 32.983539094650205, 32.983539094650205, 32.98765432098766, 32.983539094650205, 32.983539094650205, 32.983539094650205, 32.97942386831276, 32.98765432098765, 32.98765432098765, 32.97530864197531, 32.97942386831276, 32.98765432098765, 32.991769547325106, 32.97942386831276, 32.98765432098765, 32.97530864197531, 32.97942386831276, 32.983539094650205, 32.99588477366255, 32.98765432098766, 32.99588477366255, 32.98765432098765, 32.99588477366255, 32.99588477366255, 32.991769547325106, 32.991769547325106, 32.983539094650205, 32.991769547325106, 32.98765432098765, 32.991769547325106, 32.98765432098765, 32.97942386831276, 32.98765432098765, 32.98765432098765, 32.97530864197531, 32.97942386831276, 32.97119341563786, 32.97530864197531, 32.991769547325106, 32.97942386831276, 32.97942386831276, 32.97942386831276, 32.983539094650205, 32.97942386831276, 32.98765432098765, 32.98765432098765, 32.98765432098765, 32.983539094650205, 32.98765432098765, 32.983539094650205, 32.97942386831276, 32.99588477366255, 32.98765432098765, 32.983539094650205, 32.97942386831276, 32.97119341563786, 32.96296296296296, 32.97119341563786, 32.97942386831276, 32.97119341563786, 32.95473251028807, 32.94238683127572, 32.96707818930041, 32.97119341563786, 32.97942386831276, 32.97942386831276, 32.97942386831276, 32.967078189300416, 32.958847736625515, 32.96296296296296, 32.96296296296296, 32.97530864197531, 32.97530864197531, 32.96707818930041, 32.97530864197531, 32.97119341563786, 32.967078189300416, 32.967078189300416, 32.97119341563786, 32.97119341563786, 32.97942386831276, 32.97942386831276, 32.97530864197531, 32.97530864197531, 32.97530864197531, 32.97119341563786, 32.97119341563786, 32.96707818930041, 32.97119341563786, 32.97530864197531, 32.983539094650205, 32.983539094650205, 32.97119341563786, 32.971193415637856, 32.983539094650205, 32.97942386831276, 32.97942386831276, 32.983539094650205, 32.97942386831276, 32.97942386831276, 32.97942386831276, 32.98765432098765, 32.983539094650205, 32.97942386831276, 32.97942386831276, 32.98765432098766, 32.983539094650205, 32.98765432098765, 32.983539094650205, 32.983539094650205, 32.991769547325106, 32.97942386831276, 32.96707818930041, 32.96296296296296, 32.97530864197531, 32.97530864197531, 32.97530864197531, 32.96707818930041, 32.97119341563786, 32.96707818930041, 32.97942386831276, 32.97530864197531, 32.97530864197531, 32.96707818930041, 32.971193415637856, 32.97119341563786, 32.97530864197531, 32.97119341563786, 32.97530864197531, 32.97942386831276, 32.97942386831276, 32.97530864197531, 32.983539094650205, 32.97119341563786, 32.96707818930041, 32.983539094650205, 32.98765432098765, 32.97942386831276, 32.97119341563786, 32.97942386831276, 32.983539094650205, 32.991769547325106, 32.99588477366255, 32.98765432098765, 32.96707818930041, 32.971193415637856, 32.96707818930041, 32.95473251028807, 32.96296296296296, 32.96707818930041, 32.958847736625515, 32.958847736625515, 32.96296296296296, 32.97530864197531, 32.97942386831276, 32.983539094650205, 32.991769547325106, 32.98765432098765, 32.97119341563786, 32.97119341563786, 32.97530864197531, 32.983539094650205, 32.97942386831276, 32.97530864197531, 32.983539094650205, 32.983539094650205, 32.983539094650205, 32.991769547325106, 32.991769547325106, 32.99588477366255, 32.98765432098765, 32.98765432098765, 32.98765432098765, 32.991769547325106, 32.98765432098765, 32.99588477366255, 32.99588477366255, 32.99588477366255, 32.98765432098765, 32.97942386831276, 32.97942386831276, 32.97530864197531, 32.971193415637856, 32.97942386831276, 32.97530864197531, 32.97530864197531, 32.983539094650205, 32.98765432098765, 32.97942386831276, 32.991769547325106, 32.97942386831276, 32.991769547325106, 32.983539094650205, 32.97530864197531, 32.97119341563786, 32.96296296296296, 32.97530864197531, 32.97530864197531]",0.8262782882949827,0.8035836199456403,33,"[33, 33, 33, 33, 33, 33, 33, 33, 33, 33, 33, 33, 33, 33, 33, 33, 33, 33, 33, 33, 33, 33, 33, 33, 33, 33, 33, 33, 33, 33, 33, 33, 33, 33, 33, 33, 33, 33, 33, 33, 33, 33, 33, 33, 33, 33, 33, 33, 33, 33, 33, 33, 33, 33, 33, 33, 33, 33, 33, 33, 33, 33, 33, 33, 33, 33, 33, 33, 33, 33, 33, 33, 33, 33, 33, 33, 33, 33, 33, 33, 33, 33, 33, 33, 33, 33, 33, 33, 33, 33, 33, 33, 33, 33, 33, 33, 33, 33, 33, 33, 33, 33, 33, 33, 33, 33, 33, 33, 33, 33, 33, 33, 33, 33, 33, 33, 33, 33, 33, 33, 33, 33, 33, 33, 33, 33, 33, 33, 33, 33, 33, 33, 33, 33, 33, 33, 33, 33, 33, 33, 33, 33, 33, 33, 33, 33, 33, 33, 33, 33, 33, 33, 33, 33, 33, 33, 33, 33, 33, 33, 33, 33, 33, 33, 33, 33, 33, 33, 33, 33, 33, 33, 33, 33, 33, 33, 33, 33, 33, 33, 33, 33, 33, 33, 33, 33, 33, 33, 33, 33, 33, 33, 33, 33, 33, 33, 33, 33, 33, 33, 33, 33, 33, 33, 33, 33, 33, 33, 33, 33, 33, 33, 33, 33, 33, 33, 33, 33, 33, 33, 33, 33, 33, 33, 33, 33, 33, 33, 33, 33, 33, 33, 33, 33, 33, 33, 33, 33, 33, 33, 33, 33, 33, 33, 33, 33, 33, 33, 33, 33, 33, 33, 33, 33, 33, 33, 33, 33, 33, 33, 33, 33, 33, 33, 33, 33, 33, 33, 33, 33, 33, 33, 33, 33, 33]",275,"[0.42338940501213074, 0.419765830039978, 0.4170738458633423, 0.4157968759536743, 0.41356900334358215, 0.4120701551437378, 0.4090748727321625, 0.40760132670402527, 0.4059179723262787, 0.40479129552841187, 0.4030819833278656, 0.4014371633529663, 0.4001115560531616, 0.3994040787220001, 0.3983961343765259, 0.39657288789749146, 0.3954225778579712, 0.3944326341152191, 0.3934769332408905, 0.3923397958278656, 0.3915753960609436, 0.3910461664199829, 0.39018839597702026, 0.3894406259059906, 0.3887439966201782, 0.3881121873855591, 0.38770565390586853, 0.3861423134803772, 0.3858899176120758, 0.38478556275367737, 0.3843448758125305, 0.3837178945541382, 0.3839993178844452, 0.38254496455192566, 0.3817465603351593, 0.38119515776634216, 0.381430447101593, 0.38041195273399353, 0.38021308183670044, 0.3793829679489136, 0.37910109758377075, 0.37961968779563904, 0.37850674986839294, 0.3783510625362396, 0.3780975043773651, 0.37857937812805176, 0.3770187497138977, 0.3772351145744324, 0.3761774003505707, 0.37582388520240784, 0.37573742866516113, 0.37557393312454224, 0.3744705617427826, 0.3742537796497345, 0.373881071805954, 0.37343868613243103, 0.37304219603538513, 0.37289178371429443, 0.37292715907096863, 0.37213242053985596, 0.3724927008152008, 0.3714650869369507, 0.37148961424827576, 0.3709911108016968, 0.3708716928958893, 0.37017491459846497, 0.36976614594459534, 0.3698590397834778, 0.36909952759742737, 0.3689501881599426, 0.3688810467720032, 0.3689764142036438, 0.3691478967666626, 0.36871135234832764, 0.3695800006389618, 0.3680236041545868, 0.3673209846019745, 0.3672964870929718, 0.36877164244651794, 0.36683276295661926, 0.3667903244495392, 0.36621588468551636, 0.3661201000213623, 0.36591634154319763, 0.36563408374786377, 0.3656187951564789, 0.3651462197303772, 0.36494553089141846, 0.36484992504119873, 0.36449557542800903, 0.36410894989967346, 0.3640293776988983, 0.363734632730484, 0.36447370052337646, 0.3641432523727417, 0.36290594935417175, 0.36265790462493896, 0.3626595437526703, 0.3624638319015503, 0.36218106746673584, 0.36183711886405945, 0.3616477847099304, 0.3616591691970825, 0.36164066195487976, 0.36131495237350464, 0.36128079891204834, 0.3607925772666931, 0.36045151948928833, 0.3605526089668274, 0.3600063621997833, 0.3597927987575531, 0.3601035177707672, 0.3597932457923889, 0.3593556880950928, 0.35889971256256104, 0.35868626832962036, 0.3584970235824585, 0.35810601711273193, 0.35849300026893616, 0.3588108718395233, 0.3592637777328491, 0.35755228996276855, 0.35711753368377686, 0.35737064480781555, 0.3580716848373413, 0.3566651940345764, 0.35729148983955383, 0.3566155731678009, 0.3558436334133148, 0.3557174801826477, 0.35533106327056885, 0.3552476763725281, 0.355678528547287, 0.3543849289417267, 0.354104220867157, 0.35392436385154724, 0.35378268361091614, 0.35389024019241333, 0.35360804200172424, 0.35306212306022644, 0.3527672588825226, 0.35261812806129456, 0.35326218605041504, 0.35228434205055237, 0.3529178500175476, 0.35578110814094543, 0.35230037569999695, 0.35210639238357544, 0.3519241213798523, 0.3512745797634125, 0.35121551156044006, 0.3513927757740021, 0.35093769431114197, 0.35071036219596863, 0.35058358311653137, 0.3514446020126343, 0.35043466091156006, 0.3504572808742523, 0.35019245743751526, 0.3494018316268921, 0.34976136684417725, 0.34934258460998535, 0.3501932919025421, 0.3484489321708679, 0.34878578782081604, 0.3486320376396179, 0.3481391966342926, 0.34779736399650574, 0.3477523922920227, 0.34745198488235474, 0.34727686643600464, 0.347379595041275, 0.34758633375167847, 0.3474193215370178, 0.3475556969642639, 0.346953809261322, 0.3470100462436676, 0.3474915623664856, 0.3471437096595764, 0.34561100602149963, 0.3453361392021179, 0.3451935052871704, 0.3448200225830078, 0.3445093035697937, 0.34451180696487427, 0.3453930616378784, 0.34393444657325745, 0.3449081778526306, 0.34371253848075867, 0.3441140353679657, 0.3436458706855774, 0.3438268303871155, 0.343265175819397, 0.3437497019767761, 0.3429633378982544, 0.34383028745651245, 0.3428800702095032, 0.344370573759079, 0.34455403685569763, 0.34218674898147583, 0.3430505394935608, 0.34218013286590576, 0.34231919050216675, 0.3418011963367462, 0.34205949306488037, 0.34144914150238037, 0.3413156569004059, 0.34117984771728516, 0.34094661474227905, 0.34077027440071106, 0.3408561646938324, 0.34039270877838135, 0.3402649164199829, 0.34005099534988403, 0.33983656764030457, 0.3395979404449463, 0.33925384283065796, 0.3400021493434906, 0.3406729996204376, 0.3393906354904175, 0.34203198552131653, 0.33990809321403503, 0.3402242660522461, 0.3389384150505066, 0.3386407494544983, 0.33966827392578125, 0.33846360445022583, 0.33857253193855286, 0.339372456073761, 0.33788931369781494, 0.3379039764404297, 0.3378773629665375, 0.3382560610771179, 0.3370662331581116, 0.33719250559806824, 0.3373170793056488, 0.3366932272911072, 0.33647778630256653, 0.33658313751220703, 0.3370545506477356, 0.3360942602157593, 0.33592328429222107, 0.33565425872802734, 0.3353697657585144, 0.3354078233242035, 0.3370685577392578, 0.3351048231124878, 0.3359604775905609, 0.334511935710907, 0.33444496989250183, 0.3343242406845093, 0.3341625928878784, 0.33396437764167786, 0.33423173427581787, 0.33346477150917053, 0.33392494916915894, 0.3330724835395813, 0.3336435556411743, 0.3329544961452484, 0.3328312039375305, 0.3326072692871094, 0.3326058089733124, 0.3325730562210083, 0.33227577805519104, 0.3327500522136688, 0.3321404755115509, 0.331669420003891, 0.331508994102478, 0.3312118947505951, 0.3312753736972809, 0.33092090487480164, 0.33079415559768677, 0.33067673444747925, 0.330765038728714, 0.3332569897174835]",33.0,"[33.0, 33.0, 33.0, 33.0, 33.0, 33.0, 33.0, 33.0, 33.0, 33.0, 33.0, 33.0, 33.0, 33.0, 33.0, 33.0, 33.0, 33.0, 33.0, 33.0, 33.0, 33.0, 33.0, 33.0, 33.0, 33.0, 33.0, 33.0, 33.0, 33.0, 33.0, 33.0, 33.0, 33.0, 33.0, 33.0, 33.0, 33.0, 33.0, 33.0, 33.0, 33.0, 33.0, 33.0, 33.0, 33.0, 33.0, 33.0, 33.0, 33.0, 33.0, 33.0, 33.0, 33.0, 33.0, 33.0, 33.0, 33.0, 33.0, 33.0, 33.0, 33.0, 33.0, 33.0, 33.0, 33.0, 33.0, 33.0, 33.0, 33.0, 33.0, 33.0, 33.0, 33.0, 33.0, 33.0, 33.0, 33.0, 33.0, 33.0, 33.0, 33.0, 33.0, 33.0, 33.0, 33.0, 33.0, 33.0, 33.0, 33.0, 33.0, 33.0, 33.0, 33.0, 33.0, 33.0, 33.0, 33.0, 33.0, 33.0, 33.0, 33.0, 33.0, 33.0, 33.0, 33.0, 33.0, 33.0, 33.0, 33.0, 33.0, 33.0, 33.0, 33.0, 33.0, 33.0, 33.0, 33.0, 33.0, 33.0, 33.0, 33.0, 33.0, 33.0, 33.0, 33.0, 33.0, 33.0, 33.0, 33.0, 33.0, 33.0, 33.0, 33.0, 33.0, 33.0, 33.0, 33.0, 33.0, 33.0, 33.0, 33.0, 33.0, 33.0, 33.0, 33.0, 33.0, 33.0, 33.0, 33.0, 33.0, 33.0, 33.0, 33.0, 33.0, 33.0, 33.0, 33.0, 33.0, 33.0, 33.0, 33.0, 33.0, 33.0, 33.0, 33.0, 33.0, 33.0, 33.0, 33.0, 33.0, 33.0, 33.0, 33.0, 33.0, 33.0, 33.0, 33.0, 33.0, 33.0, 33.0, 33.0, 33.0, 33.0, 33.0, 33.0, 33.0, 33.0, 33.0, 33.0, 33.0, 33.0, 33.0, 33.0, 33.0, 33.0, 33.0, 33.0, 33.0, 33.0, 33.0, 33.0, 33.0, 33.0, 33.0, 33.0, 33.0, 33.0, 33.0, 33.0, 33.0, 33.0, 33.0, 33.0, 33.0, 33.0, 33.0, 33.0, 33.0, 33.0, 33.0, 33.0, 33.0, 33.0, 33.0, 33.0, 33.0, 33.0, 33.0, 33.0, 33.0, 33.0, 33.0, 33.0, 33.0, 33.0, 33.0, 33.0, 33.0, 33.0, 33.0, 33.0, 33.0, 33.0, 33.0, 33.0, 33.0, 33.0, 33.0, 33.0, 33.0, 33.0, 33.0, 33.0, 33.0, 33.0, 33.0, 33.0, 33.0, 33.0, 33.0, 33.0, 33.0, 33.0, 33.0, 33.0, 33.0, 33.0, 33.0, 33.0, 33.0, 33.0, 33.0, 33.0, 33.0]",COMPLETE
