,number,value,datetime_start,datetime_complete,duration,params_batch_size_scaler,params_constant_learning_rate,params_depth,params_epochs,params_kernel_l2,params_num_trees,params_temperature,user_attrs_accuracy_test,user_attrs_accuracy_valid,user_attrs_approximate_feature_sparsity,user_attrs_approximate_feature_sparsity_history,user_attrs_approximate_weight_sparsity,user_attrs_approximate_weight_sparsity_history,user_attrs_auc_test,user_attrs_auc_valid,user_attrs_feature_sparsity,user_attrs_feature_sparsity_history,user_attrs_num_epochs,user_attrs_val_loss_history,user_attrs_weight_sparsity,user_attrs_weight_sparsity_history,state
8,8,0.926434027643596,2024-08-31 00:52:41.676559,2024-08-31 00:58:25.668824,0 days 00:05:43.992265,1,0.06453327048461241,3,485,0.09779676598453176,90,0.007329716219431166,0.94,0.93375,32,"[33, 33, 33, 33, 33, 33, 33, 33, 33, 33, 33, 33, 33, 33, 33, 33, 33, 33, 33, 33, 33, 33, 33, 33, 33, 33, 33, 33, 33, 33, 33, 33, 33, 33, 33, 33, 33, 33, 33, 33, 33, 33, 33, 33, 33, 33, 33, 33, 33, 33, 33, 33, 33, 33, 33, 33, 33, 33, 33, 33, 33, 33, 33, 33, 33, 33, 33, 33, 33, 33, 33, 33, 33, 33, 33, 33, 33, 33, 33, 33, 33, 33, 33, 33, 33, 33, 33, 33, 33, 33, 33, 33, 33, 33, 33, 33, 33, 33, 33, 33, 33, 33, 33, 33, 33, 33, 33, 33, 33, 33, 33, 33, 33, 33, 33, 33, 33, 33, 33, 33, 33, 33, 33, 33, 33, 33, 33, 33, 33, 33, 33, 33, 33, 33, 33, 33, 33, 33, 33, 33, 33, 33, 33, 33, 33, 33, 33, 33, 33, 33, 33, 33, 33, 33, 33, 33, 33, 33, 33, 33, 33, 33, 33, 33, 33, 33, 33, 33, 33, 33, 33, 33, 33, 33, 33, 33, 33, 33, 33, 33, 33, 33, 33, 33, 33, 33, 33, 33, 33, 33, 33, 33, 33, 33, 33, 33, 33, 32, 32, 32, 32, 32, 32, 32, 32, 32, 32, 32, 32, 32, 32, 32, 32, 32, 32, 32, 32, 32, 32, 32, 32, 32, 32, 32, 32, 32, 32, 32, 32, 32, 32, 32, 32, 32, 32, 32, 32, 32, 32, 32, 32, 32, 32, 32, 32, 32, 32, 32, 32, 32, 32, 32, 32, 32, 32, 32, 32, 32, 32, 32, 32, 32, 32, 32, 32, 32, 32, 32, 32, 32, 32, 32, 32, 32, 32, 32, 32, 32, 32, 32, 32, 32, 32, 32, 32, 32, 32, 32, 32, 32, 32, 32, 32, 32, 32, 32, 32, 32, 32, 32, 32, 32, 32, 32, 32, 32, 32, 32, 32, 32, 32, 32, 32, 32, 32, 32, 32, 32, 32, 32, 32, 32, 32, 32, 32, 32, 32, 32, 32, 32, 32, 32, 32, 32, 32, 32, 32, 32, 32, 32, 32, 32, 32, 32, 32, 32, 32, 32, 32, 32, 32, 32, 32, 32, 32, 32, 32, 32, 32, 32, 32, 32, 32, 32, 32, 32, 32, 32, 32, 32, 32, 32, 32, 32, 32, 32, 32, 32, 32, 32, 32, 32, 32, 32, 32, 32, 32, 32, 32, 32, 32, 32, 32, 32, 32, 32, 32, 32, 32, 32, 32, 32, 32, 32, 32, 32, 32, 32, 32, 32, 32, 32, 32, 32, 32, 32, 32, 32, 32, 32, 32, 32, 32, 32, 32, 32, 32, 32, 32, 32, 32, 32, 32, 32, 32, 32, 32, 32, 32, 32, 32, 32, 32, 32, 32, 32, 32, 32, 32, 32, 32, 32, 32, 32, 32, 32, 32, 32, 32, 32, 32, 32, 32, 32, 32, 32, 32, 32, 32, 32, 32, 32, 32, 32, 32, 32, 32, 32, 32, 32, 32, 32, 32, 32, 32]",31.888888888888886,"[32.96349206349206, 32.974603174603175, 32.96984126984127, 32.957142857142856, 32.97936507936508, 32.96190476190476, 32.971428571428575, 32.96984126984127, 32.96666666666667, 32.95238095238095, 32.955555555555556, 32.96666666666667, 32.976190476190474, 32.96825396825397, 32.955555555555556, 32.957142857142856, 32.96031746031746, 32.955555555555556, 32.96031746031746, 32.96825396825397, 32.973015873015875, 32.96984126984127, 32.96666666666667, 32.96031746031746, 32.96825396825397, 32.96825396825397, 32.977777777777774, 32.95079365079365, 32.94761904761904, 32.960317460317455, 32.955555555555556, 32.96190476190476, 32.971428571428575, 32.96666666666667, 32.971428571428575, 32.973015873015875, 32.95238095238095, 32.96349206349206, 32.96190476190476, 32.96349206349206, 32.96190476190476, 32.96666666666667, 32.957142857142856, 32.96825396825397, 32.953968253968256, 32.95873015873016, 32.953968253968256, 32.94920634920635, 32.94603174603175, 32.973015873015875, 32.96190476190476, 32.96190476190476, 32.957142857142856, 32.96666666666667, 32.955555555555556, 32.95238095238095, 32.96984126984127, 32.95873015873016, 32.96666666666667, 32.96825396825397, 32.971428571428575, 32.950793650793656, 32.971428571428575, 32.95238095238095, 32.96190476190476, 32.96349206349206, 32.96031746031746, 32.971428571428575, 32.96666666666667, 32.955555555555556, 32.96190476190476, 32.96825396825397, 32.96825396825397, 32.96825396825397, 32.973015873015875, 32.96666666666667, 32.96031746031746, 32.953968253968256, 32.96666666666667, 32.977777777777774, 32.973015873015875, 32.96825396825397, 32.971428571428575, 32.95873015873016, 32.976190476190474, 32.96984126984127, 32.974603174603175, 32.976190476190474, 32.96984126984127, 32.974603174603175, 32.96507936507937, 32.96825396825397, 32.96349206349206, 32.96666666666667, 32.96507936507936, 32.96190476190476, 32.96507936507936, 32.96666666666667, 32.96507936507936, 32.96507936507936, 32.95873015873016, 32.96349206349206, 32.96984126984127, 32.973015873015875, 32.95873015873016, 32.953968253968256, 32.96666666666667, 32.953968253968256, 32.955555555555556, 32.96190476190476, 32.96349206349207, 32.96031746031746, 32.96507936507936, 32.96349206349206, 32.957142857142856, 32.96190476190476, 32.96507936507936, 32.96190476190476, 32.96349206349207, 32.96825396825397, 32.960317460317455, 32.95079365079365, 32.958730158730155, 32.94444444444444, 32.96190476190476, 32.95238095238095, 32.950793650793656, 32.96507936507937, 32.95238095238095, 32.955555555555556, 32.95079365079365, 32.94444444444444, 32.94761904761905, 32.957142857142856, 32.955555555555556, 32.955555555555556, 32.950793650793656, 32.953968253968256, 32.955555555555556, 32.957142857142856, 32.96349206349206, 32.953968253968256, 32.96349206349206, 32.96349206349206, 32.973015873015875, 32.973015873015875, 32.957142857142856, 32.94761904761905, 32.957142857142856, 32.96507936507937, 32.96349206349206, 32.96349206349206, 32.94920634920635, 32.94603174603175, 32.93968253968254, 32.95079365079365, 32.94761904761905, 32.95238095238095, 32.953968253968256, 32.94603174603175, 32.95238095238095, 32.957142857142856, 32.957142857142856, 32.96349206349206, 32.94444444444444, 32.957142857142856, 32.94761904761905, 32.94444444444444, 32.950793650793656, 32.955555555555556, 32.94920634920635, 32.95873015873016, 32.957142857142856, 32.93809523809524, 32.94126984126984, 32.952380952380956, 32.96031746031746, 32.957142857142856, 32.960317460317455, 32.94444444444444, 32.93650793650794, 32.94285714285714, 32.94285714285714, 32.93333333333334, 32.93492063492064, 32.957142857142856, 32.953968253968256, 32.952380952380956, 32.94761904761904, 32.93650793650794, 32.94920634920635, 32.94444444444444, 32.94920634920635, 32.93650793650794, 32.94444444444444, 32.94126984126984, 32.93809523809524, 31.942857142857143, 31.952380952380953, 31.94920634920635, 31.94920634920635, 31.93968253968254, 31.94920634920635, 31.934920634920633, 31.94920634920635, 31.93809523809524, 31.93809523809524, 31.93333333333333, 31.942857142857143, 31.942857142857143, 31.950793650793653, 31.93968253968254, 31.934920634920633, 31.94603174603175, 31.938095238095237, 31.953968253968256, 31.941269841269843, 31.95079365079365, 31.94603174603175, 31.94126984126984, 31.952380952380953, 31.938095238095237, 31.96031746031746, 31.93809523809524, 31.94603174603175, 31.947619047619046, 31.93968253968254, 31.942857142857143, 31.942857142857143, 31.94603174603175, 31.960317460317462, 31.94920634920635, 31.936507936507937, 31.95714285714286, 31.94920634920635, 31.939682539682543, 31.93809523809524, 31.938095238095237, 31.93015873015873, 31.944444444444443, 31.947619047619046, 31.936507936507937, 31.955555555555556, 31.934920634920633, 31.942857142857143, 31.942857142857143, 31.93015873015873, 31.934920634920637, 31.946031746031746, 31.938095238095237, 31.939682539682543, 31.931746031746034, 31.934920634920637, 31.936507936507937, 31.946031746031743, 31.928571428571427, 31.917460317460318, 31.94126984126984, 31.934920634920633, 31.93015873015873, 31.944444444444446, 31.95238095238095, 31.934920634920633, 31.946031746031746, 31.933333333333334, 31.93174603174603, 31.933333333333334, 31.942857142857143, 31.950793650793653, 31.957142857142856, 31.925396825396824, 31.933333333333334, 31.941269841269843, 31.94603174603175, 31.941269841269843, 31.936507936507937, 31.923809523809524, 31.933333333333337, 31.93174603174603, 31.93174603174603, 31.93809523809524, 31.933333333333334, 31.941269841269843, 31.939682539682543, 31.946031746031743, 31.944444444444443, 31.93968253968254, 31.92857142857143, 31.94126984126984, 31.925396825396824, 31.944444444444443, 31.922222222222224, 31.919047619047618, 31.94761904761905, 31.936507936507937, 31.953968253968256, 31.933333333333337, 31.93015873015873, 31.920634920634924, 31.941269841269843, 31.92698412698413, 31.93174603174603, 31.934920634920637, 31.936507936507937, 31.942857142857143, 31.94761904761905, 31.939682539682543, 31.944444444444443, 31.933333333333334, 31.941269841269843, 31.946031746031746, 31.946031746031746, 31.94761904761905, 31.941269841269843, 31.934920634920637, 31.942857142857143, 31.939682539682543, 31.92063492063492, 31.923809523809524, 31.92698412698413, 31.93015873015873, 31.917460317460318, 31.92698412698413, 31.934920634920637, 31.925396825396824, 31.91269841269841, 31.922222222222224, 31.915873015873018, 31.93174603174603, 31.94126984126984, 31.93015873015873, 31.922222222222224, 31.92857142857143, 31.933333333333337, 31.923809523809524, 31.912698412698415, 31.91269841269841, 31.926984126984127, 31.907936507936512, 31.920634920634924, 31.919047619047618, 31.90952380952381, 31.915873015873018, 31.92857142857143, 31.91111111111111, 31.90952380952381, 31.917460317460318, 31.917460317460318, 31.904761904761905, 31.91269841269841, 31.901587301587305, 31.91111111111111, 31.90793650793651, 31.904761904761905, 31.90952380952381, 31.91111111111111, 31.914285714285718, 31.91269841269841, 31.909523809523808, 31.91111111111111, 31.914285714285718, 31.900000000000002, 31.925396825396824, 31.923809523809524, 31.919047619047618, 31.90952380952381, 31.909523809523808, 31.8984126984127, 31.920634920634924, 31.904761904761905, 31.920634920634917, 31.925396825396827, 31.91111111111111, 31.919047619047618, 31.92698412698413, 31.914285714285715, 31.914285714285715, 31.926984126984127, 31.92857142857143, 31.926984126984127, 31.946031746031746, 31.91904761904762, 31.90952380952381, 31.938095238095237, 31.933333333333337, 31.93015873015873, 31.922222222222224, 31.915873015873018, 31.92222222222222, 31.912698412698415, 31.91904761904762, 31.90634920634921, 31.90634920634921, 31.90793650793651, 31.914285714285715, 31.906349206349205, 31.915873015873018, 31.915873015873018, 31.91904761904762, 31.917460317460318, 31.900000000000002, 31.917460317460318, 31.92857142857143, 31.925396825396824, 31.914285714285715, 31.907936507936512, 31.914285714285715, 31.90634920634921, 31.90793650793651, 31.9031746031746, 31.904761904761905, 31.9, 31.8984126984127, 31.91428571428571, 31.893650793650796, 31.895238095238096, 31.887301587301586, 31.893650793650792, 31.885714285714286, 31.88095238095238, 31.9, 31.9031746031746, 31.89047619047619, 31.876190476190477, 31.887301587301586, 31.892063492063492, 31.9, 31.9, 31.90634920634921, 31.901587301587302, 31.892063492063492, 31.893650793650792, 31.9, 31.917460317460318, 31.882539682539687, 31.91428571428571, 31.93015873015873, 31.906349206349205, 31.906349206349205, 31.903174603174605, 31.914285714285718, 31.895238095238096, 31.906349206349205, 31.892063492063492, 31.901587301587302, 31.904761904761905, 31.9015873015873, 31.901587301587302, 31.9, 31.919047619047618, 31.914285714285718, 31.90634920634921, 31.907936507936512, 31.904761904761905, 31.8952380952381, 31.895238095238096, 31.906349206349205, 31.896825396825395, 31.907936507936505, 31.8968253968254, 31.903174603174605, 31.91269841269841, 31.8984126984127, 31.895238095238092, 31.9, 31.892063492063492, 31.8984126984127, 31.900000000000002, 31.88888888888889, 31.88888888888889, 31.89047619047619, 31.890476190476193, 31.88888888888889, 31.887301587301586, 31.876190476190473, 31.895238095238096, 31.88253968253968, 31.893650793650792, 31.877777777777776, 31.890476190476193, 31.887301587301586, 31.8952380952381, 31.884126984126986, 31.882539682539683, 31.888888888888886]",0.9128873256879598,0.926434027643596,32,"[33, 33, 33, 33, 33, 33, 33, 33, 33, 33, 33, 33, 33, 33, 33, 33, 33, 33, 33, 33, 33, 33, 33, 33, 33, 33, 33, 33, 33, 33, 33, 33, 33, 33, 33, 33, 33, 33, 33, 33, 33, 33, 33, 33, 33, 33, 33, 33, 33, 33, 33, 33, 33, 33, 33, 33, 33, 33, 33, 33, 33, 33, 33, 33, 33, 33, 33, 33, 33, 33, 33, 33, 33, 33, 33, 33, 33, 33, 33, 33, 33, 33, 33, 33, 33, 33, 33, 33, 33, 33, 33, 33, 33, 33, 33, 33, 33, 33, 33, 33, 33, 33, 33, 33, 33, 33, 33, 33, 33, 33, 33, 33, 33, 33, 33, 33, 33, 33, 33, 33, 33, 33, 33, 33, 33, 33, 33, 33, 33, 33, 33, 33, 33, 33, 33, 33, 33, 33, 33, 33, 33, 33, 33, 33, 33, 33, 33, 33, 33, 33, 33, 33, 33, 33, 33, 33, 33, 33, 33, 33, 33, 33, 33, 33, 33, 33, 33, 33, 33, 33, 33, 33, 33, 33, 33, 33, 33, 33, 33, 33, 33, 33, 33, 33, 33, 33, 33, 33, 33, 33, 33, 33, 33, 33, 33, 33, 33, 32, 32, 32, 32, 32, 32, 32, 32, 32, 32, 32, 32, 32, 32, 32, 32, 32, 32, 32, 32, 32, 32, 32, 32, 32, 32, 32, 32, 32, 32, 32, 32, 32, 32, 32, 32, 32, 32, 32, 32, 32, 32, 32, 32, 32, 32, 32, 32, 32, 32, 32, 32, 32, 32, 32, 32, 32, 32, 32, 32, 32, 32, 32, 32, 32, 32, 32, 32, 32, 32, 32, 32, 32, 32, 32, 32, 32, 32, 32, 32, 32, 32, 32, 32, 32, 32, 32, 32, 32, 32, 32, 32, 32, 32, 32, 32, 32, 32, 32, 32, 32, 32, 32, 32, 32, 32, 32, 32, 32, 32, 32, 32, 32, 32, 32, 32, 32, 32, 32, 32, 32, 32, 32, 32, 32, 32, 32, 32, 32, 32, 32, 32, 32, 32, 32, 32, 32, 32, 32, 32, 32, 32, 32, 32, 32, 32, 32, 32, 32, 32, 32, 32, 32, 32, 32, 32, 32, 32, 32, 32, 32, 32, 32, 32, 32, 32, 32, 32, 32, 32, 32, 32, 32, 32, 32, 32, 32, 32, 32, 32, 32, 32, 32, 32, 32, 32, 32, 32, 32, 32, 32, 32, 32, 32, 32, 32, 32, 32, 32, 32, 32, 32, 32, 32, 32, 32, 32, 32, 32, 32, 32, 32, 32, 32, 32, 32, 32, 32, 32, 32, 32, 32, 32, 32, 32, 32, 32, 32, 32, 32, 32, 32, 32, 32, 32, 32, 32, 32, 32, 32, 32, 32, 32, 32, 32, 32, 32, 32, 32, 32, 32, 32, 32, 32, 32, 32, 32, 32, 32, 32, 32, 32, 32, 32, 32, 32, 32, 32, 32, 32, 32, 32, 32, 32, 32, 32, 32, 32, 32, 32, 32, 32, 32, 32, 32, 32, 32, 32]",485,"[0.38730475306510925, 0.3752603530883789, 0.36945900321006775, 0.37196648120880127, 0.35271430015563965, 0.3704307973384857, 0.3456495404243469, 0.336762398481369, 0.3311586081981659, 0.32544267177581787, 0.3321888744831085, 0.3170766830444336, 0.3110946714878082, 0.30950653553009033, 0.2985849976539612, 0.2916228175163269, 0.2854018211364746, 0.2820676565170288, 0.27339860796928406, 0.26859498023986816, 0.26700806617736816, 0.2646108567714691, 0.25984814763069153, 0.256406307220459, 0.25467443466186523, 0.25887712836265564, 0.24905741214752197, 0.24713094532489777, 0.25015223026275635, 0.2406749278306961, 0.2400803416967392, 0.23870204389095306, 0.23712627589702606, 0.23344551026821136, 0.23863640427589417, 0.22916346788406372, 0.231862410902977, 0.229722797870636, 0.22742266952991486, 0.22653315961360931, 0.22440087795257568, 0.2233126014471054, 0.22108513116836548, 0.2207169085741043, 0.21942146122455597, 0.22153055667877197, 0.21860277652740479, 0.21876797080039978, 0.22109846770763397, 0.21539536118507385, 0.2169865369796753, 0.22177456319332123, 0.21478039026260376, 0.21162040531635284, 0.21430225670337677, 0.21723836660385132, 0.2089388072490692, 0.23280005156993866, 0.20834125578403473, 0.2084531933069229, 0.21301637589931488, 0.20888644456863403, 0.2174050509929657, 0.2087262123823166, 0.2113514542579651, 0.21802307665348053, 0.20759522914886475, 0.21048671007156372, 0.20868167281150818, 0.2062627077102661, 0.2072315812110901, 0.20883390307426453, 0.20787197351455688, 0.20770065486431122, 0.20713280141353607, 0.21425865590572357, 0.21349407732486725, 0.20202983915805817, 0.2084376960992813, 0.20748737454414368, 0.22145098447799683, 0.20639735460281372, 0.2056565135717392, 0.20572033524513245, 0.20342916250228882, 0.20374371111392975, 0.2044716626405716, 0.2048387974500656, 0.19940775632858276, 0.2041601687669754, 0.20351390540599823, 0.20350804924964905, 0.19947263598442078, 0.2045680284500122, 0.20580154657363892, 0.20394477248191833, 0.1989309936761856, 0.2077871710062027, 0.1967502385377884, 0.2091732770204544, 0.2070445418357849, 0.20166760683059692, 0.19859158992767334, 0.19957146048545837, 0.19993442296981812, 0.20169028639793396, 0.2064741551876068, 0.20312148332595825, 0.19708381593227386, 0.19939281046390533, 0.20450358092784882, 0.20051082968711853, 0.19932526350021362, 0.20196324586868286, 0.1971380114555359, 0.19867733120918274, 0.2015647143125534, 0.20149308443069458, 0.19774585962295532, 0.19999121129512787, 0.20336519181728363, 0.20014441013336182, 0.19506588578224182, 0.22196424007415771, 0.19686976075172424, 0.19680459797382355, 0.1945771723985672, 0.20805278420448303, 0.2037201076745987, 0.1942795217037201, 0.19959871470928192, 0.19497618079185486, 0.197082981467247, 0.20714706182479858, 0.20137670636177063, 0.20989607274532318, 0.199595108628273, 0.19422362744808197, 0.2001177966594696, 0.20299610495567322, 0.1959468424320221, 0.20320722460746765, 0.2040526270866394, 0.20074477791786194, 0.19643107056617737, 0.19680002331733704, 0.1965702772140503, 0.197509765625, 0.19898612797260284, 0.1940343976020813, 0.20824873447418213, 0.19576863944530487, 0.19984717667102814, 0.19437654316425323, 0.20187294483184814, 0.19926300644874573, 0.19848281145095825, 0.1983274519443512, 0.20615334808826447, 0.19842849671840668, 0.20650655031204224, 0.209646075963974, 0.19590799510478973, 0.20374296605587006, 0.19686710834503174, 0.19542661309242249, 0.21090121567249298, 0.2017260193824768, 0.19445618987083435, 0.1979883760213852, 0.19980323314666748, 0.19722586870193481, 0.1931600719690323, 0.19840651750564575, 0.19192320108413696, 0.20088352262973785, 0.19380638003349304, 0.2059461772441864, 0.19684211909770966, 0.19660192728042603, 0.20309214293956757, 0.2022145837545395, 0.19752134382724762, 0.1964673548936844, 0.201321542263031, 0.19823482632637024, 0.1969487965106964, 0.1998472958803177, 0.19867177307605743, 0.1953229010105133, 0.19478784501552582, 0.19745798408985138, 0.20065385103225708, 0.20074039697647095, 0.1949743628501892, 0.19217826426029205, 0.20831416547298431, 0.19786547124385834, 0.19912214577198029, 0.19886957108974457, 0.1957804560661316, 0.19597415626049042, 0.19353435933589935, 0.19829612970352173, 0.19402897357940674, 0.19728919863700867, 0.1974375694990158, 0.20851995050907135, 0.20081457495689392, 0.20301173627376556, 0.202464759349823, 0.20911554992198944, 0.20461688935756683, 0.2064790278673172, 0.1974191516637802, 0.20078708231449127, 0.20342569053173065, 0.20229369401931763, 0.19594678282737732, 0.1965557485818863, 0.20409215986728668, 0.21009711921215057, 0.19489069283008575, 0.20872622728347778, 0.1964707374572754, 0.21111741662025452, 0.1976315826177597, 0.21081118285655975, 0.20661598443984985, 0.19880828261375427, 0.20501258969306946, 0.19684621691703796, 0.19780342280864716, 0.19999226927757263, 0.2007894665002823, 0.1984407603740692, 0.2100452184677124, 0.20083944499492645, 0.2027416080236435, 0.20983456075191498, 0.1994391828775406, 0.19643288850784302, 0.19694574177265167, 0.20009580254554749, 0.19738911092281342, 0.20348677039146423, 0.2031201869249344, 0.203460693359375, 0.19698181748390198, 0.20044368505477905, 0.20627696812152863, 0.20507961511611938, 0.208946093916893, 0.20659185945987701, 0.20014390349388123, 0.19607725739479065, 0.19980449974536896, 0.19613461196422577, 0.20187684893608093, 0.19662128388881683, 0.2013855129480362, 0.20092713832855225, 0.21052168309688568, 0.20059992372989655, 0.20554165542125702, 0.20246635377407074, 0.20515450835227966, 0.2066010981798172, 0.2116505652666092, 0.20733313262462616, 0.20121194422245026, 0.2092672884464264, 0.20908111333847046, 0.21379533410072327, 0.20863422751426697, 0.20484963059425354, 0.20080029964447021, 0.20254018902778625, 0.20338310301303864, 0.20699962973594666, 0.20937934517860413, 0.2111872285604477, 0.20414279401302338, 0.20289209485054016, 0.2059648483991623, 0.20808245241641998, 0.20698486268520355, 0.20410457253456116, 0.208790123462677, 0.21011804044246674, 0.2082800269126892, 0.20333996415138245, 0.21654638648033142, 0.20602314174175262, 0.20603586733341217, 0.20515689253807068, 0.2074780911207199, 0.21710708737373352, 0.2074664831161499, 0.21012961864471436, 0.2046215832233429, 0.21224026381969452, 0.20501786470413208, 0.2096683382987976, 0.209297776222229, 0.21771222352981567, 0.20500457286834717, 0.22034306824207306, 0.20945440232753754, 0.21322230994701385, 0.2098829299211502, 0.21060806512832642, 0.20583760738372803, 0.21300281584262848, 0.21722759306430817, 0.217668354511261, 0.2185620367527008, 0.20574602484703064, 0.21835260093212128, 0.22479547560214996, 0.2220110148191452, 0.21424530446529388, 0.216656893491745, 0.2076461762189865, 0.2149023860692978, 0.20984281599521637, 0.22825880348682404, 0.22307762503623962, 0.2170305848121643, 0.2143319547176361, 0.2262774258852005, 0.22550630569458008, 0.2186012864112854, 0.21158713102340698, 0.22278140485286713, 0.2227296680212021, 0.22068099677562714, 0.2172105759382248, 0.21516022086143494, 0.21860556304454803, 0.21597139537334442, 0.22812898457050323, 0.22008562088012695, 0.21341916918754578, 0.22446408867835999, 0.22475288808345795, 0.22797532379627228, 0.2148444950580597, 0.21735695004463196, 0.2267974317073822, 0.23211173713207245, 0.21939201653003693, 0.2170364409685135, 0.22805996239185333, 0.22305350005626678, 0.22648586332798004, 0.23075731098651886, 0.2223716378211975, 0.22402772307395935, 0.21851852536201477, 0.2294359803199768, 0.22543968260288239, 0.22164802253246307, 0.23127469420433044, 0.21830976009368896, 0.22110863029956818, 0.21967044472694397, 0.23232832551002502, 0.22716431319713593, 0.23104380071163177, 0.22547878324985504, 0.2294347882270813, 0.22702476382255554, 0.22264713048934937, 0.22941604256629944, 0.22875691950321198, 0.22449500858783722, 0.2302912324666977, 0.2291402965784073, 0.2275407612323761, 0.24543437361