,number,value,datetime_start,datetime_complete,duration,params_batch_size_scaler,params_constant_learning_rate,params_depth,params_epochs,params_kernel_l2,params_num_trees,params_temperature,user_attrs_accuracy_test,user_attrs_accuracy_valid,user_attrs_approximate_feature_sparsity,user_attrs_approximate_feature_sparsity_history,user_attrs_approximate_weight_sparsity,user_attrs_approximate_weight_sparsity_history,user_attrs_auc_test,user_attrs_auc_valid,user_attrs_feature_sparsity,user_attrs_feature_sparsity_history,user_attrs_num_epochs,user_attrs_val_loss_history,user_attrs_weight_sparsity,user_attrs_weight_sparsity_history,state
18,18,0.9109505223428784,2024-08-31 01:23:48.574977,2024-08-31 01:24:54.426354,0 days 00:01:05.851377,16,0.0603872560058978,2,320,0.03749824371356462,81,0.05948725254022411,0.898,0.89375,33,"[33, 33, 33, 33, 33, 33, 33, 33, 33, 33, 33, 33, 33, 33, 33, 33, 33, 33, 33, 33, 33, 33, 33, 33, 33, 33, 33, 33, 33, 33, 33, 33, 33, 33, 33, 33, 33, 33, 33, 33, 33, 33, 33, 33, 33, 33, 33, 33, 33, 33, 33, 33, 33, 33, 33, 33, 33, 33, 33, 33, 33, 33, 33, 33, 33, 33, 33, 33, 33, 33, 33, 33, 33, 33, 33, 33, 33, 33, 33, 33, 33, 33, 33, 33, 33, 33, 33, 33, 33, 33, 33, 33, 33, 33, 33, 33, 33, 33, 33, 33, 33, 33, 33, 33, 33, 33, 33, 33, 33, 33, 33, 33, 33, 33, 33, 33, 33, 33, 33, 33, 33, 33, 33, 33, 33, 33, 33, 33, 33, 33, 33, 33, 33, 33, 33, 33, 33, 33, 33, 33, 33, 33, 33, 33, 33, 33, 33, 33, 33, 33, 33, 33, 33, 33, 33, 33, 33, 33, 33, 33, 33, 33, 33, 33, 33, 33, 33, 33, 33, 33, 33, 33, 33, 33, 33, 33, 33, 33, 33, 33, 33, 33, 33, 33, 33, 33, 33, 33, 33, 33, 33, 33, 33, 33, 33, 33, 33, 33, 33, 33, 33, 33, 33, 33, 33, 33, 33, 33, 33, 33, 33, 33, 33, 33, 33, 33, 33, 33, 33, 33, 33, 33, 33, 33, 33, 33, 33, 33, 33, 33, 33, 33, 33, 33, 33, 33, 33, 33, 33, 33, 33, 33, 33, 33, 33, 33, 33, 33, 33, 33, 33, 33, 33, 33, 33, 33, 33, 33, 33, 33, 33, 33, 33, 33, 33, 33, 33, 33, 33, 33, 33, 33, 33, 33, 33, 33, 33, 33, 33, 33, 33, 33, 33, 33, 33, 33, 33, 33, 33, 33, 33, 33, 33, 33, 33, 33, 33, 33, 33, 33, 33, 33, 33, 33, 33, 33, 33, 33, 33, 33, 33, 33, 33, 33, 33, 33, 33, 33, 33, 33]",32.983539094650205,"[32.983539094650205, 32.97530864197531, 32.97530864197531, 32.991769547325106, 32.991769547325106, 32.97942386831276, 32.97942386831276, 32.991769547325106, 32.983539094650205, 32.983539094650205, 32.97530864197531, 32.983539094650205, 32.983539094650205, 32.991769547325106, 32.97942386831276, 32.97942386831276, 32.97530864197531, 32.983539094650205, 32.97119341563786, 32.97530864197531, 32.991769547325106, 32.991769547325106, 32.97942386831276, 32.98765432098766, 32.98765432098766, 32.97942386831276, 32.97942386831276, 32.97530864197531, 32.97942386831276, 32.98765432098765, 32.96707818930041, 32.97942386831276, 32.97119341563786, 32.983539094650205, 32.983539094650205, 32.97942386831276, 32.983539094650205, 32.97942386831276, 32.98765432098766, 32.98765432098765, 32.98765432098765, 32.983539094650205, 32.983539094650205, 32.97942386831276, 32.97942386831276, 32.97119341563786, 32.97530864197531, 32.97530864197531, 32.97530864197531, 32.97530864197531, 32.97530864197531, 32.971193415637856, 32.97119341563786, 32.97119341563786, 32.97942386831276, 32.983539094650205, 32.97119341563786, 32.98765432098765, 32.971193415637856, 32.97119341563786, 32.983539094650205, 32.971193415637856, 32.96707818930041, 32.97530864197531, 32.983539094650205, 32.98765432098765, 32.983539094650205, 32.991769547325106, 32.98765432098765, 32.991769547325106, 32.98765432098766, 32.98765432098765, 32.97942386831276, 32.97942386831276, 32.983539094650205, 32.983539094650205, 32.98765432098765, 32.97942386831276, 32.97942386831276, 32.983539094650205, 32.983539094650205, 32.98765432098765, 32.97942386831276, 32.983539094650205, 32.991769547325106, 32.991769547325106, 32.983539094650205, 32.98765432098765, 32.983539094650205, 32.98765432098765, 32.991769547325106, 32.98765432098765, 32.983539094650205, 32.97942386831276, 32.983539094650205, 32.991769547325106, 32.991769547325106, 32.983539094650205, 32.99588477366255, 32.991769547325106, 32.98765432098766, 32.983539094650205, 32.97942386831276, 32.991769547325106, 32.983539094650205, 32.97530864197531, 32.983539094650205, 32.983539094650205, 32.98765432098765, 32.98765432098765, 32.99588477366255, 32.983539094650205, 32.97942386831276, 32.98765432098766, 32.98765432098766, 32.983539094650205, 32.98765432098765, 32.97942386831276, 32.97942386831276, 32.97942386831276, 32.97942386831276, 32.98765432098765, 32.98765432098765, 32.983539094650205, 32.98765432098765, 32.98765432098765, 32.991769547325106, 32.991769547325106, 32.983539094650205, 32.99588477366255, 32.991769547325106, 32.991769547325106, 32.97942386831276, 32.983539094650205, 32.96707818930041, 32.971193415637856, 32.96707818930041, 32.97119341563786, 32.983539094650205, 32.98765432098765, 32.97530864197531, 32.971193415637856, 32.97119341563786, 32.97942386831276, 32.97530864197531, 32.967078189300416, 32.97530864197531, 32.97942386831276, 32.97530864197531, 32.983539094650205, 32.97119341563786, 32.971193415637856, 32.97530864197531, 32.958847736625515, 32.96296296296296, 32.97530864197531, 32.97530864197531, 32.96296296296296, 32.971193415637856, 32.971193415637856, 32.96707818930041, 32.97530864197531, 32.97530864197531, 32.983539094650205, 32.983539094650205, 32.97530864197531, 32.97942386831276, 32.97530864197531, 32.96707818930041, 32.96296296296296, 32.96707818930041, 32.96707818930041, 32.96296296296296, 32.958847736625515, 32.95473251028807, 32.95473251028807, 32.96296296296296, 32.958847736625515, 32.97530864197531, 32.983539094650205, 32.97942386831276, 32.97530864197531, 32.97942386831276, 32.97119341563786, 32.98765432098765, 32.991769547325106, 32.98765432098765, 32.97530864197531, 32.98765432098765, 32.983539094650205, 32.991769547325106, 32.99588477366255, 32.983539094650205, 32.97942386831276, 32.97119341563786, 32.97119341563786, 32.98765432098765, 32.97942386831276, 32.97119341563786, 32.97942386831276, 32.96707818930041, 32.96296296296296, 32.96296296296296, 32.971193415637856, 32.96296296296296, 32.96707818930041, 32.97530864197531, 32.97119341563786, 32.983539094650205, 32.97942386831276, 32.983539094650205, 32.97942386831276, 32.97942386831276, 32.97530864197531, 32.971193415637856, 32.97530864197531, 32.983539094650205, 32.97942386831276, 32.98765432098765, 32.97942386831276, 32.97942386831276, 32.97942386831276, 32.97119341563786, 32.97942386831276, 32.97530864197531, 32.97530864197531, 32.983539094650205, 32.98765432098765, 32.98765432098765, 32.991769547325106, 32.983539094650205, 32.98765432098765, 32.98765432098765, 32.983539094650205, 32.983539094650205, 32.983539094650205, 32.97942386831276, 32.983539094650205, 32.98765432098765, 32.983539094650205, 32.983539094650205, 32.97942386831276, 32.991769547325106, 32.983539094650205, 32.991769547325106, 32.991769547325106, 32.98765432098765, 32.983539094650205, 32.97530864197531, 32.97530864197531, 32.983539094650205, 32.983539094650205, 32.97942386831276, 32.98765432098765, 32.983539094650205, 32.991769547325106, 32.98765432098765, 32.983539094650205, 32.97942386831276, 32.98765432098765, 32.98765432098765, 32.97942386831276, 32.97942386831276, 32.983539094650205, 32.983539094650205, 32.98765432098766, 32.983539094650205, 32.983539094650205, 32.983539094650205, 32.983539094650205, 32.983539094650205, 32.96707818930041, 32.96707818930041, 32.97119341563786, 32.97530864197531, 32.96707818930041, 32.97530864197531, 32.96707818930041, 32.971193415637856, 32.971193415637856, 32.983539094650205, 32.97942386831276, 32.97942386831276, 32.991769547325106, 33.0, 32.991769547325106, 32.97942386831276, 32.96707818930041, 32.96707818930041, 32.983539094650205, 32.99588477366255, 32.991769547325106, 32.97942386831276, 32.97530864197531, 32.97530864197531, 32.967078189300416, 32.97530864197531, 32.97942386831276, 32.98765432098765, 32.98765432098765, 32.983539094650205, 32.98765432098766, 32.991769547325106, 32.98765432098765, 32.97942386831276, 32.98765432098765, 32.97942386831276, 32.98765432098765, 32.983539094650205, 32.991769547325106, 32.98765432098765, 32.983539094650205, 32.98765432098766, 32.983539094650205, 32.991769547325106, 32.991769547325106, 32.99588477366255, 32.983539094650205, 32.97942386831276, 32.983539094650205]",0.888811829688158,0.9109505223428784,33,"[33, 33, 33, 33, 33, 33, 33, 33, 33, 33, 33, 33, 33, 33, 33, 33, 33, 33, 33, 33, 33, 33, 33, 33, 33, 33, 33, 33, 33, 33, 33, 33, 33, 33, 33, 33, 33, 33, 33, 33, 33, 33, 33, 33, 33, 33, 33, 33, 33, 33, 33, 33, 33, 33, 33, 33, 33, 33, 33, 33, 33, 33, 33, 33, 33, 33, 33, 33, 33, 33, 33, 33, 33, 33, 33, 33, 33, 33, 33, 33, 33, 33, 33, 33, 33, 33, 33, 33, 33, 33, 33, 33, 33, 33, 33, 33, 33, 33, 33, 33, 33, 33, 33, 33, 33, 33, 33, 33, 33, 33, 33, 33, 33, 33, 33, 33, 33, 33, 33, 33, 33, 33, 33, 33, 33, 33, 33, 33, 33, 33, 33, 33, 33, 33, 33, 33, 33, 33, 33, 33, 33, 33, 33, 33, 33, 33, 33, 33, 33, 33, 33, 33, 33, 33, 33, 33, 33, 33, 33, 33, 33, 33, 33, 33, 33, 33, 33, 33, 33, 33, 33, 33, 33, 33, 33, 33, 33, 33, 33, 33, 33, 33, 33, 33, 33, 33, 33, 33, 33, 33, 33, 33, 33, 33, 33, 33, 33, 33, 33, 33, 33, 33, 33, 33, 33, 33, 33, 33, 33, 33, 33, 33, 33, 33, 33, 33, 33, 33, 33, 33, 33, 33, 33, 33, 33, 33, 33, 33, 33, 33, 33, 33, 33, 33, 33, 33, 33, 33, 33, 33, 33, 33, 33, 33, 33, 33, 33, 33, 33, 33, 33, 33, 33, 33, 33, 33, 33, 33, 33, 33, 33, 33, 33, 33, 33, 33, 33, 33, 33, 33, 33, 33, 33, 33, 33, 33, 33, 33, 33, 33, 33, 33, 33, 33, 33, 33, 33, 33, 33, 33, 33, 33, 33, 33, 33, 33, 33, 33, 33, 33, 33, 33, 33, 33, 33, 33, 33, 33, 33, 33, 33, 33, 33, 33, 33, 33, 33, 33, 33, 33]",320,"[0.41447609663009644, 0.40820202231407166, 0.4034106433391571, 0.39879217743873596, 0.3953688442707062, 0.3925624191761017, 0.3902398347854614, 0.38774746656417847, 0.3857938349246979, 0.3843032419681549, 0.38268208503723145, 0.3813779354095459, 0.3801850378513336, 0.3794322609901428, 0.37814944982528687, 0.3770233392715454, 0.3766348659992218, 0.37501129508018494, 0.37474891543388367, 0.37329062819480896, 0.3723933696746826, 0.37348705530166626, 0.3707740306854248, 0.3701832592487335, 0.3696851432323456, 0.3685675859451294, 0.36806708574295044, 0.3677760064601898, 0.36624085903167725, 0.366363525390625, 0.3650951087474823, 0.36517369747161865, 0.3638761639595032, 0.3631923794746399, 0.3622301518917084, 0.3615715801715851, 0.3609830141067505, 0.36001259088516235, 0.3601284921169281, 0.35975131392478943, 0.3590714931488037, 0.3579474687576294, 0.3571522831916809, 0.35675251483917236, 0.35625267028808594, 0.3550519049167633, 0.355218768119812, 0.353831946849823, 0.3534555733203888, 0.35268133878707886, 0.35210052132606506, 0.3514214754104614, 0.3508768379688263, 0.3512183427810669, 0.35007625818252563, 0.3523835241794586, 0.3488299548625946, 0.3478868007659912, 0.3474005162715912, 0.3469855487346649, 0.3464178442955017, 0.34918826818466187, 0.34522944688796997, 0.3452254831790924, 0.3457408845424652, 0.3451438546180725, 0.34303975105285645, 0.34385764598846436, 0.34287890791893005, 0.34175121784210205, 0.34130027890205383, 0.34078705310821533, 0.3409833014011383, 0.34000056982040405, 0.3395634889602661, 0.3386637568473816, 0.3385052978992462, 0.33788302540779114, 0.33733436465263367, 0.33731305599212646, 0.3366888463497162, 0.3358723819255829, 0.3354039788246155, 0.33544209599494934, 0.33509722352027893, 0.33466431498527527, 0.33371981978416443, 0.3332398235797882, 0.33287182450294495, 0.33259376883506775, 0.33192336559295654, 0.33139923214912415, 0.3313037157058716, 0.3305158317089081, 0.33335140347480774, 0.3298513889312744, 0.32927271723747253, 0.3289257287979126, 0.3283294439315796, 0.32904791831970215, 0.32785606384277344, 0.32876044511795044, 0.3269861936569214, 0.3260369598865509, 0.3259783089160919, 0.3253871500492096, 0.3251015841960907, 0.32438886165618896, 0.32397451996803284, 0.3234685957431793, 0.3230796456336975, 0.3226644992828369, 0.32341304421424866, 0.3220936059951782, 0.322280615568161, 0.32199519872665405, 0.32061776518821716, 0.3201519846916199, 0.3205215334892273, 0.3195732831954956, 0.3187254071235657, 0.31811705231666565, 0.3175319731235504, 0.3171488642692566, 0.3167775869369507, 0.3163113594055176, 0.31592071056365967, 0.31542453169822693, 0.31533095240592957, 0.3145129978656769, 0.3140450417995453, 0.31354960799217224, 0.3134981393814087, 0.3144029676914215, 0.31206560134887695, 0.31232550740242004, 0.31114262342453003, 0.3112596869468689, 0.3104366958141327, 0.31016767024993896, 0.30946406722068787, 0.30900058150291443, 0.30845674872398376, 0.30869555473327637, 0.3074841797351837, 0.3069840371608734, 0.3071952760219574, 0.30584537982940674, 0.3059786558151245, 0.3048536777496338, 0.30515289306640625, 0.30399322509765625, 0.30386900901794434, 0.3037507236003876, 0.3032311499118805, 0.30255669355392456, 0.3018219769001007, 0.30142897367477417, 0.3008694052696228, 0.300605446100235, 0.2999710142612457, 0.3003229796886444, 0.2990076243877411, 0.29974600672721863, 0.2978547215461731, 0.29725515842437744, 0.2967599928379059, 0.29632389545440674, 0.2962215542793274, 0.2954410910606384, 0.29529228806495667, 0.29493412375450134, 0.29415279626846313, 0.2935526967048645, 0.29293563961982727, 0.2924700975418091, 0.29186177253723145, 0.2914784848690033, 0.29105624556541443, 0.2905126214027405, 0.29025590419769287, 0.2900523245334625, 0.28914129734039307, 0.2891654670238495, 0.28893229365348816, 0.2876635789871216, 0.287153959274292, 0.28760987520217896, 0.2862166464328766, 0.28563830256462097, 0.2855542004108429, 0.2846812307834625, 0.2843851149082184, 0.2840881049633026, 0.2834574580192566, 0.2832449972629547, 0.28268757462501526, 0.28191205859184265, 0.28193801641464233, 0.2821867763996124, 0.2811073362827301, 0.2803608179092407, 0.2800893485546112, 0.2795533835887909, 0.2791048586368561, 0.27902334928512573, 0.2788037955760956, 0.2781984806060791, 0.2776747941970825, 0.2775604724884033, 0.276777982711792, 0.2781226634979248, 0.2759675979614258, 0.2759442627429962, 0.2763451337814331, 0.2756754457950592, 0.2740210294723511, 0.27376192808151245, 0.27337539196014404, 0.27291685342788696, 0.2725476920604706, 0.271887868642807, 0.2717237174510956, 0.2715848684310913, 0.2709312438964844, 0.27060776948928833, 0.2702102065086365, 0.27080783247947693, 0.2694958746433258, 0.269216924905777, 0.26870110630989075, 0.2691032290458679, 0.2680208384990692, 0.2697197496891022, 0.26730698347091675, 0.26698240637779236, 0.2665479779243469, 0.26623132824897766, 0.2658439576625824, 0.26551544666290283, 0.266117662191391, 0.26581305265426636, 0.26452088356018066, 0.2643108665943146, 0.26446521282196045, 0.2637321650981903, 0.26352202892303467, 0.2644446790218353, 0.2640203535556793, 0.26340344548225403, 0.26261061429977417, 0.2628852128982544, 0.2622109353542328, 0.26170140504837036, 0.2622593939304352, 0.26125311851501465, 0.26127690076828003, 0.260708212852478, 0.2606967091560364, 0.25992903113365173, 0.25967222452163696, 0.2593470811843872, 0.25922510027885437, 0.2590797543525696, 0.2588249444961548, 0.2585119903087616, 0.2582550048828125, 0.2580113112926483, 0.25801146030426025, 0.2574930489063263, 0.25884759426116943, 0.2570548355579376, 0.2573116421699524, 0.2569498121738434, 0.2566644251346588, 0.25589361786842346, 0.25593793392181396, 0.25561094284057617, 0.25535279512405396, 0.25562357902526855, 0.2547832131385803, 0.25451648235321045, 0.2547759413719177, 0.2545960545539856, 0.25421521067619324, 0.2536197602748871, 0.2531617283821106, 0.2533504366874695, 0.2531212866306305, 0.25266024470329285, 0.2526087760925293, 0.2525258958339691, 0.2523288130760193, 0.25214511156082153, 0.25196051597595215, 0.25165265798568726, 0.251722514629364, 0.25129303336143494, 0.25093376636505127, 0.250584214925766, 0.25027522444725037, 0.250122606754303, 0.25121739506721497, 0.24967069923877716, 0.2494545578956604, 0.24972711503505707, 0.24921907484531403, 0.2526257336139679, 0.24896937608718872, 0.24895749986171722, 0.24828946590423584, 0.2486281841993332, 0.24786785244941711, 0.24770042300224304, 0.2474772036075592, 0.24749454855918884, 0.24810487031936646, 0.24674184620380402, 0.24735184013843536, 0.24735607206821442]",33.0,"[33.0, 33.0, 33.0, 33.0, 33.0, 33.0, 33.0, 33.0, 33.0, 33.0, 33.0, 33.0, 33.0, 33.0, 33.0, 33.0, 33.0, 33.0, 33.0, 33.0, 33.0, 33.0, 33.0, 33.0, 33.0, 33.0, 33.0, 33.0, 33.0, 33.0, 33.0, 33.0, 33.0, 33.0, 33.0, 33.0, 33.0, 33.0, 33.0, 33.0, 33.0, 33.0, 33.0, 33.0, 33.0, 33.0, 33.0, 33.0, 33.0, 33.0, 33.0, 33.0, 33.0, 33.0, 33.0, 33.0, 33.0, 33.0, 33.0, 33.0, 33.0, 33.0, 33.0, 33.0, 33.0, 33.0, 33.0, 33.0, 33.0, 33.0, 33.0, 33.0, 33.0, 33.0, 33.0, 33.0, 33.0, 33.0, 33.0, 33.0, 33.0, 33.0, 33.0, 33.0, 33.0, 33.0, 33.0, 33.0, 33.0, 33.0, 33.0, 33.0, 33.0, 33.0, 33.0, 33.0, 33.0, 33.0, 33.0, 33.0, 33.0, 33.0, 33.0, 33.0, 33.0, 33.0, 33.0, 33.0, 33.0, 33.0, 33.0, 33.0, 33.0, 33.0, 33.0, 33.0, 33.0, 33.0, 33.0, 33.0, 33.0, 33.0, 33.0, 33.0, 33.0, 33.0, 33.0, 33.0, 33.0, 33.0, 33.0, 33.0, 33.0, 33.0, 33.0, 33.0, 33.0, 33.0, 33.0, 33.0, 33.0, 33.0, 33.0, 33.0, 33.0, 33.0, 33.0, 33.0, 33.0, 33.0, 33.0, 33.0, 33.0, 33.0, 33.0, 33.0, 33.0, 33.0, 33.0, 33.0, 33.0, 33.0, 33.0, 33.0, 33.0, 33.0, 33.0, 33.0, 33.0, 33.0, 33.0, 33.0, 33.0, 33.0, 33.0, 33.0, 33.0, 33.0, 33.0, 33.0, 33.0, 33.0, 33.0, 33.0, 33.0, 33.0, 33.0, 33.0, 33.0, 33.0, 33.0, 33.0, 33.0, 33.0, 33.0, 33.0, 33.0, 33.0, 33.0, 33.0, 33.0, 33.0, 33.0, 33.0, 33.0, 33.0, 33.0, 33.0, 33.0, 33.0, 33.0, 33.0, 33.0, 33.0, 33.0, 33.0, 33.0, 33.0, 33.0, 33.0, 33.0, 33.0, 33.0, 33.0, 33.0, 33.0, 33.0, 33.0, 33.0, 33.0, 33.0, 33.0, 33.0, 33.0, 33.0, 33.0, 33.0, 33.0, 33.0, 33.0, 33.0, 33.0, 33.0, 33.0, 33.0, 33.0, 33.0, 33.0, 33.0, 33.0, 33.0, 33.0, 33.0, 33.0, 33.0, 33.0, 33.0, 33.0, 33.0, 33.0, 33.0, 33.0, 33.0, 33.0, 33.0, 33.0, 33.0, 33.0, 33.0, 33.0, 33.0, 33.0, 33.0, 33.0, 33.0, 33.0, 33.0, 33.0, 33.0, 33.0, 33.0, 33.0, 33.0, 33.0, 33.0, 33.0, 33.0, 33.0, 33.0, 33.0, 33.0, 33.0, 33.0, 33.0, 33.0, 33.0, 33.0, 33.0, 33.0, 33.0, 33.0, 33.0, 33.0, 33.0, 33.0, 33.0, 33.0, 33.0, 33.0, 33.0, 33.0, 33.0, 33.0, 33.0, 33.0, 33.0, 33.0, 33.0, 33.0, 33.0]",COMPLETE
