,number,value,datetime_start,datetime_complete,duration,params_batch_size_scaler,params_constant_learning_rate,params_depth,params_epochs,params_kernel_l2,params_num_trees,params_temperature,user_attrs_accuracy_test,user_attrs_accuracy_valid,user_attrs_approximate_feature_sparsity,user_attrs_approximate_feature_sparsity_history,user_attrs_approximate_weight_sparsity,user_attrs_approximate_weight_sparsity_history,user_attrs_auc_test,user_attrs_auc_valid,user_attrs_feature_sparsity,user_attrs_feature_sparsity_history,user_attrs_num_epochs,user_attrs_val_loss_history,user_attrs_weight_sparsity,user_attrs_weight_sparsity_history,state
38,38,0.7792892014787907,2024-08-31 02:04:51.734442,2024-08-31 02:07:31.951601,0 days 00:02:40.217159,16,0.055360334464600945,5,230,0.0014817956490167713,27,0.0033538892833643286,0.883,0.88125,33,"[33, 33, 33, 33, 33, 33, 33, 33, 33, 33, 33, 33, 33, 33, 33, 33, 33, 33, 33, 33, 33, 33, 33, 33, 33, 33, 33, 33, 33, 33, 33, 33, 33, 33, 33, 33, 33, 33, 33, 33, 33, 33, 33, 33, 33, 33, 33, 33, 33, 33, 33, 33, 33, 33, 33, 33, 33, 33, 33, 33, 33, 33, 33, 33, 33, 33, 33, 33, 33, 33, 33, 33, 33, 33, 33, 33, 33, 33, 33, 33, 33, 33, 33, 33, 33, 33, 33, 33, 33, 33, 33, 33, 33, 33, 33, 33, 33, 33, 33, 33, 33, 33, 33, 33, 33, 33, 33, 33, 33, 33, 33, 33, 33, 33, 33, 33, 33, 33, 33, 33, 33, 33, 33, 33, 33, 33, 33, 33, 33, 33, 33, 33, 33, 33, 33, 33, 33, 33, 33, 33, 33, 33, 33, 33, 33, 33, 33, 33, 33, 33, 33, 33, 33, 33, 33, 33, 33, 33, 33, 33, 33, 33, 33, 33, 33, 33, 33, 33, 33, 33, 33, 33, 33, 33, 33, 33, 33, 33, 33, 33, 33, 33, 33, 33, 33, 33, 33, 33, 33, 33, 33, 33, 33, 33, 33, 33, 33, 33, 33, 33, 33, 33, 33, 33, 33, 33, 33, 33, 33, 33, 33, 33, 33, 33, 33, 33, 33, 33, 33, 33, 33, 33, 33, 33, 33, 33, 33, 33, 33, 33]",32.961768219832734,"[32.95937873357228, 32.95818399044205, 32.95937873357228, 32.96535244922342, 32.966547192353644, 32.961768219832734, 32.96415770609319, 32.956989247311824, 32.96535244922342, 32.95459976105138, 32.956989247311824, 32.956989247311824, 32.951015531660694, 32.96057347670251, 32.9557945041816, 32.956989247311824, 32.951015531660694, 32.95818399044205, 32.94982078853047, 32.95818399044205, 32.95937873357229, 32.966547192353644, 32.961768219832734, 32.9557945041816, 32.946236559139784, 32.94982078853047, 32.94862604540024, 32.9557945041816, 32.955794504181604, 32.9557945041816, 32.95459976105137, 32.94982078853047, 32.95459976105138, 32.95459976105137, 32.952210274790914, 32.95459976105137, 32.95459976105138, 32.951015531660694, 32.95221027479092, 32.95459976105137, 32.95937873357228, 32.961768219832734, 32.95937873357228, 32.96296296296296, 32.96057347670251, 32.95459976105137, 32.95340501792114, 32.951015531660694, 32.961768219832734, 32.951015531660694, 32.95459976105137, 32.9557945041816, 32.95818399044205, 32.95937873357228, 32.95937873357228, 32.94743130227001, 32.956989247311824, 32.96415770609319, 32.9557945041816, 32.95937873357228, 32.95937873357228, 32.96415770609319, 32.956989247311824, 32.96057347670251, 32.96415770609319, 32.96296296296296, 32.95698924731183, 32.96057347670251, 32.96296296296296, 32.9557945041816, 32.9557945041816, 32.9557945041816, 32.96415770609319, 32.95937873357228, 32.9557945041816, 32.94982078853047, 32.94504181600956, 32.94862604540024, 32.95340501792114, 32.951015531660694, 32.94384707287933, 32.946236559139784, 32.94384707287933, 32.9378733572282, 32.94504181600956, 32.94504181600956, 32.95818399044205, 32.9557945041816, 32.95937873357228, 32.961768219832734, 32.95937873357228, 32.9557945041816, 32.95698924731183, 32.95818399044205, 32.96296296296296, 32.95818399044205, 32.9557945041816, 32.96415770609319, 32.96535244922342, 32.96296296296296, 32.96415770609319, 32.966547192353644, 32.966547192353644, 32.96535244922342, 32.96535244922342, 32.96057347670251, 32.956989247311824, 32.95937873357228, 32.95937873357228, 32.966547192353644, 32.961768219832734, 32.95818399044206, 32.956989247311824, 32.96415770609319, 32.96535244922342, 32.97013142174433, 32.9689366786141, 32.96415770609319, 32.96535244922342, 32.966547192353644, 32.96296296296296, 32.95937873357228, 32.96415770609319, 32.96296296296296, 32.961768219832734, 32.96057347670251, 32.95937873357228, 32.961768219832734, 32.96296296296296, 32.966547192353644, 32.96774193548387, 32.96415770609319, 32.96535244922342, 32.961768219832734, 32.96535244922342, 32.96774193548387, 32.96535244922342, 32.961768219832734, 32.95818399044205, 32.95818399044205, 32.95818399044205, 32.95459976105137, 32.956989247311824, 32.9557945041816, 32.952210274790914, 32.95818399044205, 32.96057347670251, 32.961768219832734, 32.96535244922342, 32.961768219832734, 32.961768219832734, 32.95937873357228, 32.96296296296296, 32.961768219832734, 32.956989247311824, 32.95937873357228, 32.956989247311824, 32.9557945041816, 32.95937873357228, 32.95937873357228, 32.9557945041816, 32.9557945041816, 32.95340501792114, 32.95937873357228, 32.96057347670251, 32.95937873357228, 32.95937873357228, 32.9557945041816, 32.95818399044205, 32.956989247311824, 32.952210274790914, 32.9557945041816, 32.95340501792114, 32.94862604540024, 32.94982078853047, 32.95459976105137, 32.952210274790914, 32.95818399044205, 32.94862604540024, 32.95340501792115, 32.956989247311824, 32.95340501792114, 32.956989247311824, 32.956989247311824, 32.95340501792115, 32.94982078853047, 32.95340501792114, 32.95340501792115, 32.94982078853047, 32.941457586618874, 32.946236559139784, 32.941457586618874, 32.94504181600956, 32.94862604540023, 32.95340501792114, 32.95340501792114, 32.95340501792114, 32.95459976105137, 32.95818399044205, 32.96296296296296, 32.96774193548387, 32.96296296296296, 32.96774193548387, 32.96535244922342, 32.9689366786141, 32.97491039426523, 32.97013142174433, 32.96415770609319, 32.961768219832734, 32.96415770609319, 32.956989247311824, 32.95818399044205, 32.956989247311824, 32.961768219832734, 32.96535244922342, 32.96774193548387, 32.96535244922342, 32.95818399044205, 32.96535244922342, 32.95937873357228, 32.96296296296296, 32.96535244922342, 32.96774193548387, 32.96296296296296, 32.95937873357228, 32.966547192353644, 32.96535244922342, 32.96535244922342, 32.95937873357228, 32.961768219832734]",0.8059924537025569,0.7792892014787907,33,"[33, 33, 33, 33, 33, 33, 33, 33, 33, 33, 33, 33, 33, 33, 33, 33, 33, 33, 33, 33, 33, 33, 33, 33, 33, 33, 33, 33, 33, 33, 33, 33, 33, 33, 33, 33, 33, 33, 33, 33, 33, 33, 33, 33, 33, 33, 33, 33, 33, 33, 33, 33, 33, 33, 33, 33, 33, 33, 33, 33, 33, 33, 33, 33, 33, 33, 33, 33, 33, 33, 33, 33, 33, 33, 33, 33, 33, 33, 33, 33, 33, 33, 33, 33, 33, 33, 33, 33, 33, 33, 33, 33, 33, 33, 33, 33, 33, 33, 33, 33, 33, 33, 33, 33, 33, 33, 33, 33, 33, 33, 33, 33, 33, 33, 33, 33, 33, 33, 33, 33, 33, 33, 33, 33, 33, 33, 33, 33, 33, 33, 33, 33, 33, 33, 33, 33, 33, 33, 33, 33, 33, 33, 33, 33, 33, 33, 33, 33, 33, 33, 33, 33, 33, 33, 33, 33, 33, 33, 33, 33, 33, 33, 33, 33, 33, 33, 33, 33, 33, 33, 33, 33, 33, 33, 33, 33, 33, 33, 33, 33, 33, 33, 33, 33, 33, 33, 33, 33, 33, 33, 33, 33, 33, 33, 33, 33, 33, 33, 33, 33, 33, 33, 33, 33, 33, 33, 33, 33, 33, 33, 33, 33, 33, 33, 33, 33, 33, 33, 33, 33, 33, 33, 33, 33, 33, 33, 33, 33, 33, 33]",230,"[0.4902310073375702, 0.4508821964263916, 0.4290756583213806, 0.416497141122818, 0.40812069177627563, 0.4027566909790039, 0.3990055024623871, 0.39621463418006897, 0.39406272768974304, 0.39236631989479065, 0.39087796211242676, 0.3896043300628662, 0.3884774148464203, 0.38743293285369873, 0.3864779770374298, 0.3855692148208618, 0.38473978638648987, 0.3838749825954437, 0.38309481739997864, 0.3823234438896179, 0.3816182315349579, 0.3809117376804352, 0.38027533888816833, 0.37963250279426575, 0.37903645634651184, 0.3784547746181488, 0.37789997458457947, 0.377361536026001, 0.3768194317817688, 0.3763093054294586, 0.37580621242523193, 0.37531542778015137, 0.3748490810394287, 0.3744083642959595, 0.37400099635124207, 0.37358611822128296, 0.3731673061847687, 0.3727673590183258, 0.3723895251750946, 0.3720185458660126, 0.37164729833602905, 0.3713039457798004, 0.37093421816825867, 0.3705652356147766, 0.3702562749385834, 0.3699530363082886, 0.36963412165641785, 0.369329571723938, 0.36900946497917175, 0.3686993420124054, 0.3683842420578003, 0.3681086599826813, 0.36783644556999207, 0.36754611134529114, 0.36727410554885864, 0.3669869899749756, 0.3667123317718506, 0.36642348766326904, 0.36614668369293213, 0.36587730050086975, 0.36562249064445496, 0.36538657546043396, 0.36510518193244934, 0.36483272910118103, 0.3645513653755188, 0.36430075764656067, 0.3640514314174652, 0.3637941777706146, 0.36357322335243225, 0.36334994435310364, 0.3630906343460083, 0.36283478140830994, 0.36256107687950134, 0.36233946681022644, 0.36211833357810974, 0.3618956506252289, 0.3616635501384735, 0.3614421486854553, 0.36124420166015625, 0.3610311448574066, 0.36079975962638855, 0.3605571985244751, 0.3603473901748657, 0.3601071238517761, 0.3598775565624237, 0.3596508800983429, 0.3594020903110504, 0.3591722548007965, 0.3589586913585663, 0.358742892742157, 0.35852599143981934, 0.358301043510437, 0.35811957716941833, 0.35791996121406555, 0.3577217161655426, 0.35750553011894226, 0.3572686016559601, 0.357047438621521, 0.3568251430988312, 0.3566361665725708, 0.3564016819000244, 0.35619884729385376, 0.35599926114082336, 0.3557625114917755, 0.35556548833847046, 0.3553222715854645, 0.3551200032234192, 0.35491612553596497, 0.35467329621315, 0.35448595881462097, 0.354274719953537, 0.35406509041786194, 0.35385191440582275, 0.3536427319049835, 0.35345259308815, 0.3532470464706421, 0.35304126143455505, 0.3528079688549042, 0.35263076424598694, 0.35242190957069397, 0.352212518453598, 0.3520031273365021, 0.3517819941043854, 0.35156509280204773, 0.35137513279914856, 0.3511989712715149, 0.3509908616542816, 0.3507659137248993, 0.35056254267692566, 0.35034245252609253, 0.35016173124313354, 0.34996458888053894, 0.3497351408004761, 0.3495611846446991, 0.34937548637390137, 0.34914612770080566, 0.3489115536212921, 0.34870192408561707, 0.34851568937301636, 0.3483106195926666, 0.3480813503265381, 0.3478769063949585, 0.347677618265152, 0.34746253490448, 0.3472444415092468, 0.3470367193222046, 0.3468307554721832, 0.34664374589920044, 0.34644198417663574, 0.346221923828125, 0.34601402282714844, 0.3458627462387085, 0.3456190824508667, 0.34540390968322754, 0.34520071744918823, 0.3450073301792145, 0.344817191362381, 0.34457284212112427, 0.3443325459957123, 0.3441433012485504, 0.3438774347305298, 0.34364786744117737, 0.34343573451042175, 0.34322115778923035, 0.3430160880088806, 0.34278881549835205, 0.3426041305065155, 0.34238919615745544, 0.3421429693698883, 0.34191402792930603, 0.3417152166366577, 0.3414802551269531, 0.3412799835205078, 0.341057687997818, 0.3408336639404297, 0.3405827581882477, 0.3403652310371399, 0.34014320373535156, 0.3399294912815094, 0.3397040069103241, 0.33949220180511475, 0.3392565846443176, 0.3390474319458008, 0.3388215899467468, 0.33860599994659424, 0.33839431405067444, 0.3381531834602356, 0.33792752027511597, 0.33768340945243835, 0.33743417263031006, 0.3372074067592621, 0.33698800206184387, 0.3367916941642761, 0.3365674316883087, 0.3363364338874817, 0.3361208736896515, 0.3358752429485321, 0.3356689214706421, 0.3354504108428955, 0.3351982533931732, 0.33496710658073425, 0.33473479747772217, 0.33451956510543823, 0.33431774377822876, 0.334084689617157, 0.3338230848312378, 0.3335758149623871, 0.33335673809051514, 0.3331458568572998, 0.332880437374115, 0.3326267600059509, 0.33239254355430603, 0.332190603017807, 0.331939697265625, 0.3317113220691681, 0.3314714729785919, 0.3312452435493469, 0.3309984505176544, 0.33073851466178894, 0.33050915598869324, 0.33030956983566284, 0.3300846219062805, 0.3298724293708801, 0.32962387800216675, 0.3293921649456024, 0.3291444778442383, 0.32890480756759644, 0.3286464214324951, 0.3284227252006531, 0.32819896936416626]",33.0,"[33.0, 33.0, 33.0, 33.0, 33.0, 33.0, 33.0, 33.0, 33.0, 33.0, 33.0, 33.0, 33.0, 33.0, 33.0, 33.0, 33.0, 33.0, 33.0, 33.0, 33.0, 33.0, 33.0, 33.0, 33.0, 33.0, 33.0, 33.0, 33.0, 33.0, 33.0, 33.0, 33.0, 33.0, 33.0, 33.0, 33.0, 33.0, 33.0, 33.0, 33.0, 33.0, 33.0, 33.0, 33.0, 33.0, 33.0, 33.0, 33.0, 33.0, 33.0, 33.0, 33.0, 33.0, 33.0, 33.0, 33.0, 33.0, 33.0, 33.0, 33.0, 33.0, 33.0, 33.0, 33.0, 33.0, 33.0, 33.0, 33.0, 33.0, 33.0, 33.0, 33.0, 33.0, 33.0, 33.0, 33.0, 33.0, 33.0, 33.0, 33.0, 33.0, 33.0, 33.0, 33.0, 33.0, 33.0, 33.0, 33.0, 33.0, 33.0, 33.0, 33.0, 33.0, 33.0, 33.0, 33.0, 33.0, 33.0, 33.0, 33.0, 33.0, 33.0, 33.0, 33.0, 33.0, 33.0, 33.0, 33.0, 33.0, 33.0, 33.0, 33.0, 33.0, 33.0, 33.0, 33.0, 33.0, 33.0, 33.0, 33.0, 33.0, 33.0, 33.0, 33.0, 33.0, 33.0, 33.0, 33.0, 33.0, 33.0, 33.0, 33.0, 33.0, 33.0, 33.0, 33.0, 33.0, 33.0, 33.0, 33.0, 33.0, 33.0, 33.0, 33.0, 33.0, 33.0, 33.0, 33.0, 33.0, 33.0, 33.0, 33.0, 33.0, 33.0, 33.0, 33.0, 33.0, 33.0, 33.0, 33.0, 33.0, 33.0, 33.0, 33.0, 33.0, 33.0, 33.0, 33.0, 33.0, 33.0, 33.0, 33.0, 33.0, 33.0, 33.0, 33.0, 33.0, 33.0, 33.0, 33.0, 33.0, 33.0, 33.0, 33.0, 33.0, 33.0, 33.0, 33.0, 33.0, 33.0, 33.0, 33.0, 33.0, 33.0, 33.0, 33.0, 33.0, 33.0, 33.0, 33.0, 33.0, 33.0, 33.0, 33.0, 33.0, 33.0, 33.0, 33.0, 33.0, 33.0, 33.0, 33.0, 33.0, 33.0, 33.0, 33.0, 33.0, 33.0, 33.0, 33.0, 33.0, 33.0, 33.0, 33.0, 33.0, 33.0, 33.0, 33.0, 33.0]",COMPLETE
