,number,value,datetime_start,datetime_complete,duration,params_batch_size_scaler,params_constant_learning_rate,params_depth,params_epochs,params_kernel_l2,params_num_trees,params_temperature,user_attrs_accuracy_test,user_attrs_accuracy_valid,user_attrs_approximate_feature_sparsity,user_attrs_approximate_feature_sparsity_history,user_attrs_approximate_weight_sparsity,user_attrs_approximate_weight_sparsity_history,user_attrs_auc_test,user_attrs_auc_valid,user_attrs_feature_sparsity,user_attrs_feature_sparsity_history,user_attrs_num_epochs,user_attrs_val_loss_history,user_attrs_weight_sparsity,user_attrs_weight_sparsity_history,state
117,117,0.5,2024-08-31 05:57:54.139221,2024-08-31 05:59:25.661289,0 days 00:01:31.522068,4,1.542386071796223,2,425,0.019289786809517196,73,0.0392697769301103,0.859,0.85875,0,"[0, 0, 0, 0, 0, 0, 0, 0, 0, 0, 0, 0, 0, 0, 0, 0, 0, 0, 0, 0, 0, 0, 0, 0, 0, 0, 0, 0, 0, 0, 0, 0, 0, 0, 0, 0, 0, 0, 0, 0, 0, 0, 0, 0, 0, 0, 0, 0, 0, 0, 0, 0, 0, 0, 0, 0, 0, 0, 0, 0, 0, 0, 0, 0, 0, 0, 0, 0, 0, 0, 0, 0, 0, 0, 0, 0, 0, 0, 0, 0, 0, 0, 0, 0, 0, 0, 0, 0, 0, 0, 0, 0, 0, 0, 0, 0, 0, 0, 0, 0, 0, 0, 0, 0, 0, 0, 0, 0, 0, 0, 0, 0, 0, 0, 0, 0, 0, 0, 0, 0, 0, 0, 0, 0, 0, 0, 0, 0, 0, 0, 0, 0, 0, 0, 0, 0, 0, 0, 0, 0, 0, 0, 0, 0, 0, 0, 0, 0, 0, 0, 0, 0, 0, 0, 0, 0, 0, 0, 0, 0, 0, 0, 0, 0, 0, 0, 0, 0, 0, 0, 0, 0, 0, 0, 0, 0, 0, 0, 0, 0, 0, 0, 0, 0, 0, 0, 0, 0, 0, 0, 0, 0, 0, 0, 0, 0, 0, 0, 0, 0, 0, 0, 0, 0, 0, 0, 0, 0, 0, 0, 0, 0, 0, 0, 0, 0, 0, 0, 0, 0, 0, 0, 0, 0, 0, 0, 0, 0, 0, 0, 0, 0, 0, 0, 0, 0, 0, 0, 0, 0, 0, 0, 0, 0, 0, 0, 0, 0, 0, 0, 0, 0, 0, 0, 0, 0, 0, 0, 0, 0, 0, 0, 0, 0, 0, 0, 0, 0, 0, 0, 0, 0, 0, 0, 0, 0, 0, 0, 0, 0, 0, 0, 0, 0, 0, 0, 0, 0, 0, 0, 0, 0, 0, 0, 0, 0, 0, 0, 0, 0, 0, 0, 0, 0, 0, 0, 0, 0, 0, 0, 0, 0, 0, 0, 0, 0, 0, 0, 0, 0, 0, 0, 0, 0, 0, 0, 0, 0, 0, 0, 0, 0, 0, 0, 0, 0, 0, 0, 0, 0, 0, 0, 0, 0, 0, 0, 0, 0, 0, 0, 0, 0, 0, 0, 0, 0, 0, 0, 0, 0, 0, 0, 0, 0, 0, 0, 0, 0, 0, 0, 0, 0, 0, 0, 0, 0, 0, 0, 0, 0, 0, 0, 0, 0, 0, 0, 0, 0, 0, 0, 0, 0, 0, 0, 0, 0, 0, 0, 0, 0, 0, 0, 0, 0, 0, 0, 0, 0, 0, 0, 0, 0, 0, 0, 0, 0, 0, 0, 0, 0, 0, 0, 0, 0, 0]",0.0,"[0.0, 0.0, 0.0, 0.0, 0.0, 0.0, 0.0, 0.0, 0.0, 0.0, 0.0, 0.0, 0.0, 0.0, 0.0, 0.0, 0.0, 0.0, 0.0, 0.0, 0.0, 0.0, 0.0, 0.0, 0.0, 0.0, 0.0, 0.0, 0.0, 0.0, 0.0, 0.0, 0.0, 0.0, 0.0, 0.0, 0.0, 0.0, 0.0, 0.0, 0.0, 0.0, 0.0, 0.0, 0.0, 0.0, 0.0, 0.0, 0.0, 0.0, 0.0, 0.0, 0.0, 0.0, 0.0, 0.0, 0.0, 0.0, 0.0, 0.0, 0.0, 0.0, 0.0, 0.0, 0.0, 0.0, 0.0, 0.0, 0.0, 0.0, 0.0, 0.0, 0.0, 0.0, 0.0, 0.0, 0.0, 0.0, 0.0, 0.0, 0.0, 0.0, 0.0, 0.0, 0.0, 0.0, 0.0, 0.0, 0.0, 0.0, 0.0, 0.0, 0.0, 0.0, 0.0, 0.0, 0.0, 0.0, 0.0, 0.0, 0.0, 0.0, 0.0, 0.0, 0.0, 0.0, 0.0, 0.0, 0.0, 0.0, 0.0, 0.0, 0.0, 0.0, 0.0, 0.0, 0.0, 0.0, 0.0, 0.0, 0.0, 0.0, 0.0, 0.0, 0.0, 0.0, 0.0, 0.0, 0.0, 0.0, 0.0, 0.0, 0.0, 0.0, 0.0, 0.0, 0.0, 0.0, 0.0, 0.0, 0.0, 0.0, 0.0, 0.0, 0.0, 0.0, 0.0, 0.0, 0.0, 0.0, 0.0, 0.0, 0.0, 0.0, 0.0, 0.0, 0.0, 0.0, 0.0, 0.0, 0.0, 0.0, 0.0, 0.0, 0.0, 0.0, 0.0, 0.0, 0.0, 0.0, 0.0, 0.0, 0.0, 0.0, 0.0, 0.0, 0.0, 0.0, 0.0, 0.0, 0.0, 0.0, 0.0, 0.0, 0.0, 0.0, 0.0, 0.0, 0.0, 0.0, 0.0, 0.0, 0.0, 0.0, 0.0, 0.0, 0.0, 0.0, 0.0, 0.0, 0.0, 0.0, 0.0, 0.0, 0.0, 0.0, 0.0, 0.0, 0.0, 0.0, 0.0, 0.0, 0.0, 0.0, 0.0, 0.0, 0.0, 0.0, 0.0, 0.0, 0.0, 0.0, 0.0, 0.0, 0.0, 0.0, 0.0, 0.0, 0.0, 0.0, 0.0, 0.0, 0.0, 0.0, 0.0, 0.0, 0.0, 0.0, 0.0, 0.0, 0.0, 0.0, 0.0, 0.0, 0.0, 0.0, 0.0, 0.0, 0.0, 0.0, 0.0, 0.0, 0.0, 0.0, 0.0, 0.0, 0.0, 0.0, 0.0, 0.0, 0.0, 0.0, 0.0, 0.0, 0.0, 0.0, 0.0, 0.0, 0.0, 0.0, 0.0, 0.0, 0.0, 0.0, 0.0, 0.0, 0.0, 0.0, 0.0, 0.0, 0.0, 0.0, 0.0, 0.0, 0.0, 0.0, 0.0, 0.0, 0.0, 0.0, 0.0, 0.0, 0.0, 0.0, 0.0, 0.0, 0.0, 0.0, 0.0, 0.0, 0.0, 0.0, 0.0, 0.0, 0.0, 0.0, 0.0, 0.0, 0.0, 0.0, 0.0, 0.0, 0.0, 0.0, 0.0, 0.0, 0.0, 0.0, 0.0, 0.0, 0.0, 0.0, 0.0, 0.0, 0.0, 0.0, 0.0, 0.0, 0.0, 0.0, 0.0, 0.0, 0.0, 0.0, 0.0, 0.0, 0.0, 0.0, 0.0, 0.0, 0.0, 0.0, 0.0, 0.0, 0.0, 0.0, 0.0, 0.0, 0.0, 0.0, 0.0, 0.0, 0.0, 0.0, 0.0, 0.0, 0.0, 0.0, 0.0, 0.0, 0.0, 0.0, 0.0, 0.0, 0.0, 0.0, 0.0, 0.0, 0.0, 0.0, 0.0, 0.0, 0.0, 0.0, 0.0, 0.0, 0.0, 0.0, 0.0, 0.0, 0.0, 0.0, 0.0, 0.0, 0.0, 0.0, 0.0, 0.0, 0.0, 0.0, 0.0, 0.0, 0.0, 0.0, 0.0, 0.0, 0.0, 0.0, 0.0, 0.0, 0.0, 0.0, 0.0, 0.0, 0.0, 0.0, 0.0, 0.0, 0.0, 0.0, 0.0, 0.0, 0.0, 0.0, 0.0, 0.0, 0.0, 0.0, 0.0, 0.0, 0.0, 0.0, 0.0, 0.0, 0.0]",0.5,0.5,0,"[0, 0, 0, 0, 0, 0, 0, 0, 0, 0, 0, 0, 0, 0, 0, 0, 0, 0, 0, 0, 0, 0, 0, 0, 0, 0, 0, 0, 0, 0, 0, 0, 0, 0, 0, 0, 0, 0, 0, 0, 0, 0, 0, 0, 0, 0, 0, 0, 0, 0, 0, 0, 0, 0, 0, 0, 0, 0, 0, 0, 0, 0, 0, 0, 0, 0, 0, 0, 0, 0, 0, 0, 0, 0, 0, 0, 0, 0, 0, 0, 0, 0, 0, 0, 0, 0, 0, 0, 0, 0, 0, 0, 0, 0, 0, 0, 0, 0, 0, 0, 0, 0, 0, 0, 0, 0, 0, 0, 0, 0, 0, 0, 0, 0, 0, 0, 0, 0, 0, 0, 0, 0, 0, 0, 0, 0, 0, 0, 0, 0, 0, 0, 0, 0, 0, 0, 0, 0, 0, 0, 0, 0, 0, 0, 0, 0, 0, 0, 0, 0, 0, 0, 0, 0, 0, 0, 0, 0, 0, 0, 0, 0, 0, 0, 0, 0, 0, 0, 0, 0, 0, 0, 0, 0, 0, 0, 0, 0, 0, 0, 0, 0, 0, 0, 0, 0, 0, 0, 0, 0, 0, 0, 0, 0, 0, 0, 0, 0, 0, 0, 0, 0, 0, 0, 0, 0, 0, 0, 0, 0, 0, 0, 0, 0, 0, 0, 0, 0, 0, 0, 0, 0, 0, 0, 0, 0, 0, 0, 0, 0, 0, 0, 0, 0, 0, 0, 0, 0, 0, 0, 0, 0, 0, 0, 0, 0, 0, 0, 0, 0, 0, 0, 0, 0, 0, 0, 0, 0, 0, 0, 0, 0, 0, 0, 0, 0, 0, 0, 0, 0, 0, 0, 0, 0, 0, 0, 0, 0, 0, 0, 0, 0, 0, 0, 0, 0, 0, 0, 0, 0, 0, 0, 0, 0, 0, 0, 0, 0, 0, 0, 0, 0, 0, 0, 0, 0, 0, 0, 0, 0, 0, 0, 0, 0, 0, 0, 0, 0, 0, 0, 0, 0, 0, 0, 0, 0, 0, 0, 0, 0, 0, 0, 0, 0, 0, 0, 0, 0, 0, 0, 0, 0, 0, 0, 0, 0, 0, 0, 0, 0, 0, 0, 0, 0, 0, 0, 0, 0, 0, 0, 0, 0, 0, 0, 0, 0, 0, 0, 0, 0, 0, 0, 0, 0, 0, 0, 0, 0, 0, 0, 0, 0, 0, 0, 0, 0, 0, 0, 0, 0, 0, 0, 0, 0, 0, 0, 0, 0, 0, 0, 0, 0, 0, 0, 0, 0, 0, 0, 0, 0, 0, 0, 0, 0, 0, 0, 0, 0, 0, 0, 0, 0, 0, 0, 0]",425,"[1.5145652294158936, 3.2463018894195557, 2.8950600624084473, 0.9620606303215027, 2.908154249191284, 3.258523941040039, 1.4368382692337036, 0.4731510579586029, 0.7848700881004333, 3.3877127170562744, 2.887381076812744, 5.007301330566406, 0.4645409882068634, 1.2591782808303833, 2.7671620845794678, 0.40722617506980896, 5.228808403015137, 4.063934803009033, 2.7612297534942627, 4.195164680480957, 0.9137616753578186, 0.4075210988521576, 3.0451972484588623, 3.336935043334961, 3.669728994369507, 2.3457396030426025, 3.5598158836364746, 0.7995178699493408, 4.438995361328125, 0.40824389457702637, 4.881268501281738, 2.8859689235687256, 2.706270217895508, 5.910308837890625, 0.9050140976905823, 0.9398940801620483, 4.267927646636963, 1.0301510095596313, 1.982237696647644, 2.664949655532837, 2.9053690433502197, 5.896155834197998, 5.093027114868164, 1.3737494945526123, 0.7323128581047058, 3.6422224044799805, 6.4397053718566895, 5.1278791427612305, 0.711087167263031, 5.74207878112793, 1.165910243988037, 6.238339424133301, 4.994915962219238, 1.1531741619110107, 2.766281843185425, 0.4245138466358185, 2.7167038917541504, 1.550449252128601, 0.5073103904724121, 3.157122850418091, 3.371053457260132, 5.628385543823242, 5.365638256072998, 6.3493194580078125, 1.2067592144012451, 3.007888078689575, 3.654404401779175, 2.9407012462615967, 1.204282283782959, 5.11832332611084, 1.5576508045196533, 0.4685145318508148, 1.3880479335784912, 3.5517945289611816, 0.4472936987876892, 5.626597881317139, 2.4468777179718018, 1.6131399869918823, 1.757054090499878, 5.5924248695373535, 4.757234573364258, 2.354111671447754, 1.6156681776046753, 2.620180130004883, 2.747934579849243, 4.135856628417969, 3.4763236045837402, 0.4916561245918274, 0.41793113946914673, 2.661609172821045, 2.2435882091522217, 0.45220717787742615, 5.751203536987305, 2.3900890350341797, 3.6446526050567627, 2.3454604148864746, 1.4255528450012207, 1.4582935571670532, 3.692490816116333, 0.40783748030662537, 2.0688931941986084, 3.8295764923095703, 2.920417547225952, 3.004422903060913, 2.3466596603393555, 1.7266861200332642, 0.4225071966648102, 0.4496833384037018, 4.1131815910339355, 1.9698847532272339, 3.040086030960083, 2.317739963531494, 0.44669437408447266, 1.9700716733932495, 2.1399741172790527, 1.5656071901321411, 2.771958589553833, 4.636658191680908, 5.964261054992676, 6.582700252532959, 3.7294270992279053, 1.6105124950408936, 1.5792127847671509, 2.9594388008117676, 6.126091957092285, 3.9986233711242676, 3.2095377445220947, 1.6457934379577637, 0.49508172273635864, 1.5805690288543701, 0.7352990508079529, 0.6943971514701843, 4.8790717124938965, 2.3555099964141846, 3.5005428791046143, 3.2552366256713867, 0.7072247266769409, 4.27509880065918, 4.135101795196533, 5.233309745788574, 3.594897508621216, 0.8489704728126526, 0.8396849632263184, 3.9494683742523193, 0.5877121090888977, 4.387691497802734, 0.735058605670929, 1.7467525005340576, 2.1247472763061523, 4.406712532043457, 2.6878442764282227, 3.0631649494171143, 2.1391613483428955, 1.4446569681167603, 2.106992244720459, 4.550434112548828, 0.4160822629928589, 2.25980281829834, 0.4142525792121887, 5.365408420562744, 1.332903265953064, 2.356753349304199, 1.7765207290649414, 2.308563470840454, 1.144077181816101, 3.0789122581481934, 1.4240882396697998, 2.0071799755096436, 1.278943657875061, 1.8131448030471802, 2.503445625305176, 4.880794525146484, 4.60883903503418, 4.920531749725342, 0.4973629415035248, 2.3953959941864014, 6.231710910797119, 3.997835159301758, 2.011343002319336, 2.164424419403076, 0.5026360154151917, 1.7426872253417969, 2.828486442565918, 2.7940149307250977, 0.6597741842269897, 0.413778156042099, 2.7792088985443115, 2.996889352798462, 1.632048487663269, 2.824782371520996, 2.868039608001709, 0.8049859404563904, 3.5813510417938232, 5.869232177734375, 0.5541751384735107, 5.974148750305176, 1.8816344738006592, 4.4529595375061035, 4.390791416168213, 3.378464460372925, 0.41805312037467957, 5.815677642822266, 0.5948617458343506, 5.875922203063965, 3.0060243606567383, 1.1034173965454102, 1.1426701545715332, 5.333566188812256, 1.6073977947235107, 4.2668843269348145, 2.498965263366699, 4.2604241371154785, 0.47722312808036804, 0.7812091112136841, 0.43752551078796387, 3.1434240341186523, 2.388017416000366, 3.925173282623291, 5.892094612121582, 0.4395752251148224, 1.3569426536560059, 0.639798104763031, 0.49019238352775574, 2.6230552196502686, 0.42197033762931824, 0.9608369469642639, 0.8054455518722534, 4.099738597869873, 0.43481457233428955, 1.8793113231658936, 5.351194381713867, 2.3435442447662354, 3.965141534805298, 4.079378604888916, 0.4141606390476227, 3.6958441734313965, 5.095436096191406, 1.678816556930542, 0.4482176899909973, 5.948165416717529, 2.2715108394622803, 0.4083547294139862, 4.251237869262695, 1.4006608724594116, 0.4314793646335602, 4.725525379180908, 0.46455299854278564, 1.622046709060669, 4.738364219665527, 4.62855339050293, 2.2590954303741455, 4.424554347991943, 0.9771333932876587, 1.1270040273666382, 2.580327033996582, 1.7511292695999146, 1.0258713960647583, 1.1200627088546753, 0.637106716632843, 0.4276740252971649, 0.4295726716518402, 0.9017516374588013, 0.9034274816513062, 6.369081497192383, 3.4967756271362305, 1.2600892782211304, 3.8883681297302246, 0.4176986813545227, 0.46503952145576477, 2.3797457218170166, 2.7922165393829346, 1.4455004930496216, 4.53250789642334, 2.384742498397827, 3.826357841491699, 2.6627418994903564, 1.5374242067337036, 0.9291311502456665, 0.4846804141998291, 5.13137149810791, 0.41315096616744995, 0.9810973405838013, 0.9145346283912659, 3.319061279296875, 2.016669273376465, 2.759861946105957, 4.621814727783203, 1.2741074562072754, 2.0152153968811035, 6.402220249176025, 4.106227397918701, 1.789321780204773, 2.4556679725646973, 4.241367816925049, 4.6432976722717285, 0.8238675594329834, 5.752554893493652, 2.001527786254883, 1.7136389017105103, 0.5517760515213013, 3.5603528022766113, 2.863403558731079, 6.000941276550293, 2.717561721801758, 0.8786196112632751, 3.712475061416626, 4.407884120941162, 2.112521171569824, 1.359696626663208, 6.00282096862793, 4.936868667602539, 3.3375234603881836, 4.634381294250488, 4.0116682052612305, 2.6381120681762695, 2.6317412853240967, 6.117176055908203, 4.119509696960449, 3.383671522140503, 2.5193161964416504, 0.5291650891304016, 2.8859076499938965, 0.857729434967041, 0.7776728868484497, 0.4273892939090729, 0.6245559453964233, 1.3869223594665527, 4.171427249908447, 4.173192501068115, 3.100881338119507, 1.444474458694458, 6.083615779876709, 4.438662528991699, 5.539400100708008, 2.653785467147827, 1.3696800470352173, 0.5702424645423889, 1.8155288696289062, 5.747896671295166, 1.894148349761963, 0.41204965114593506, 3.7184696197509766, 5.314236640930176, 1.8513761758804321, 2.273648977279663, 1.3977879285812378, 3.201775312423706, 1.781531810760498, 1.644890546798706, 0.6108333468437195, 0.407298743724823, 0.7964246273040771, 1.7765141725540161, 2.864621877670288, 4.606233596801758, 0.4267214834690094, 1.8625906705856323, 5.1395673751831055, 4.1392436027526855, 0.5868334174156189, 2.0039541721343994, 2.987091302871704, 0.7090386748313904, 3.4880199432373047, 1.6624642610549927, 1.7017730474472046, 0.763710618019104, 1.3640164136886597, 6.249576568603516, 1.807078242301941, 4.987147808074951, 6.5933308601379395, 0.5330308675765991, 2.826279878616333, 3.8683173656463623, 1.106561541557312, 0.40769124031066895, 0.653897762298584, 5.930792331695557, 3.000152587890625, 0.44382601976394653, 0.43825051188468933, 0.651976466178894, 5.692499160766602, 2.0287575721740723, 4.703982830047607, 1.4632338285446167, 3.194797992706299, 1.7758709192276, 0.4078340232372284, 4.278472423553467, 2.4795031547546387, 0.7966682314872742, 2.5161895751953125, 1.9232902526855469, 1.8032217025756836, 0.93080735206604, 1.5946934223175049, 4.546375751495361, 5.353784084320068, 1.4400641918182373, 4.652511119842529, 2.4140868186950684, 2.7730448246002197, 0.7854342460632324, 3.3285655975341797, 1.523400902748108, 1.6050626039505005, 1.508366346359253, 1.3517820835113525, 1.9509433507919312, 0.6608241200447083, 1.8556588888168335, 1.2039921283721924, 1.7435382604599, 0.46320152282714844, 4.166439056396484, 3.4024477005004883, 2.4898524284362793, 0.4603046774864197, 0.5023494362831116, 3.8080222606658936, 3.4944019317626953, 4.52036714553833, 1.502903699874878]",0.0,"[0.0, 0.0, 0.0, 0.0, 0.0, 0.0, 0.0, 0.0, 0.0, 0.0, 0.0, 0.0, 0.0, 0.0, 0.0, 0.0, 0.0, 0.0, 0.0, 0.0, 0.0, 0.0, 0.0, 0.0, 0.0, 0.0, 0.0, 0.0, 0.0, 0.0, 0.0, 0.0, 0.0, 0.0, 0.0, 0.0, 0.0, 0.0, 0.0, 0.0, 0.0, 0.0, 0.0, 0.0, 0.0, 0.0, 0.0, 0.0, 0.0, 0.0, 0.0, 0.0, 0.0, 0.0, 0.0, 0.0, 0.0, 0.0, 0.0, 0.0, 0.0, 0.0, 0.0, 0.0, 0.0, 0.0, 0.0, 0.0, 0.0, 0.0, 0.0, 0.0, 0.0, 0.0, 0.0, 0.0, 0.0, 0.0, 0.0, 0.0, 0.0, 0.0, 0.0, 0.0, 0.0, 0.0, 0.0, 0.0, 0.0, 0.0, 0.0, 0.0, 0.0, 0.0, 0.0, 0.0, 0.0, 0.0, 0.0, 0.0, 0.0, 0.0, 0.0, 0.0, 0.0, 0.0, 0.0, 0.0, 0.0, 0.0, 0.0, 0.0, 0.0, 0.0, 0.0, 0.0, 0.0, 0.0, 0.0, 0.0, 0.0, 0.0, 0.0, 0.0, 0.0, 0.0, 0.0, 0.0, 0.0, 0.0, 0.0, 0.0, 0.0, 0.0, 0.0, 0.0, 0.0, 0.0, 0.0, 0.0, 0.0, 0.0, 0.0, 0.0, 0.0, 0.0, 0.0, 0.0, 0.0, 0.0, 0.0, 0.0, 0.0, 0.0, 0.0, 0.0, 0.0, 0.0, 0.0, 0.0, 0.0, 0.0, 0.0, 0.0, 0.0, 0.0, 0.0, 0.0, 0.0, 0.0, 0.0, 0.0, 0.0, 0.0, 0.0, 0.0, 0.0, 0.0, 0.0, 0.0, 0.0, 0.0, 0.0, 0.0, 0.0, 0.0, 0.0, 0.0, 0.0, 0.0, 0.0, 0.0, 0.0, 0.0, 0.0, 0.0, 0.0, 0.0, 0.0, 0.0, 0.0, 0.0, 0.0, 0.0, 0.0, 0.0, 0.0, 0.0, 0.0, 0.0, 0.0, 0.0, 0.0, 0.0, 0.0, 0.0, 0.0, 0.0, 0.0, 0.0, 0.0, 0.0, 0.0, 0.0, 0.0, 0.0, 0.0, 0.0, 0.0, 0.0, 0.0, 0.0, 0.0, 0.0, 0.0, 0.0, 0.0, 0.0, 0.0, 0.0, 0.0, 0.0, 0.0, 0.0, 0.0, 0.0, 0.0, 0.0, 0.0, 0.0, 0.0, 0.0, 0.0, 0.0, 0.0, 0.0, 0.0, 0.0, 0.0, 0.0, 0.0, 0.0, 0.0, 0.0, 0.0, 0.0, 0.0, 0.0, 0.0, 0.0, 0.0, 0.0, 0.0, 0.0, 0.0, 0.0, 0.0, 0.0, 0.0, 0.0, 0.0, 0.0, 0.0, 0.0, 0.0, 0.0, 0.0, 0.0, 0.0, 0.0, 0.0, 0.0, 0.0, 0.0, 0.0, 0.0, 0.0, 0.0, 0.0, 0.0, 0.0, 0.0, 0.0, 0.0, 0.0, 0.0, 0.0, 0.0, 0.0, 0.0, 0.0, 0.0, 0.0, 0.0, 0.0, 0.0, 0.0, 0.0, 0.0, 0.0, 0.0, 0.0, 0.0, 0.0, 0.0, 0.0, 0.0, 0.0, 0.0, 0.0, 0.0, 0.0, 0.0, 0.0, 0.0, 0.0, 0.0, 0.0, 0.0, 0.0, 0.0, 0.0, 0.0, 0.0, 0.0, 0.0, 0.0, 0.0, 0.0, 0.0, 0.0, 0.0, 0.0, 0.0, 0.0, 0.0, 0.0, 0.0, 0.0, 0.0, 0.0, 0.0, 0.0, 0.0, 0.0, 0.0, 0.0, 0.0, 0.0, 0.0, 0.0, 0.0, 0.0, 0.0, 0.0, 0.0, 0.0, 0.0, 0.0, 0.0, 0.0, 0.0, 0.0, 0.0, 0.0, 0.0, 0.0, 0.0, 0.0, 0.0, 0.0, 0.0, 0.0, 0.0, 0.0, 0.0, 0.0, 0.0, 0.0, 0.0, 0.0, 0.0, 0.0, 0.0, 0.0, 0.0, 0.0, 0.0, 0.0, 0.0, 0.0, 0.0, 0.0, 0.0, 0.0, 0.0, 0.0, 0.0, 0.0, 0.0, 0.0, 0.0, 0.0, 0.0, 0.0]",COMPLETE
