,number,value,datetime_start,datetime_complete,duration,params_batch_size_scaler,params_constant_learning_rate,params_depth,params_epochs,params_kernel_l2,params_num_trees,params_temperature,user_attrs_accuracy_test,user_attrs_accuracy_valid,user_attrs_approximate_feature_sparsity,user_attrs_approximate_feature_sparsity_history,user_attrs_approximate_weight_sparsity,user_attrs_approximate_weight_sparsity_history,user_attrs_auc_test,user_attrs_auc_valid,user_attrs_feature_sparsity,user_attrs_feature_sparsity_history,user_attrs_num_epochs,user_attrs_val_loss_history,user_attrs_weight_sparsity,user_attrs_weight_sparsity_history,state
82,82,0.7725135577282272,2024-08-31 04:29:04.222437,2024-08-31 04:29:11.341801,0 days 00:00:07.119364,16,0.1879088989413477,3,30,0.07851269419336822,38,0.013241884882358819,0.882,0.8775,33,"[33, 33, 33, 33, 33, 33, 33, 33, 33, 33, 33, 33, 33, 33, 33, 33, 33, 33, 33, 33, 33, 33, 33, 33, 33, 33, 33, 33, 33, 33]",32.98872180451128,"[32.992481203007515, 32.98120300751879, 32.984962406015036, 32.97744360902256, 32.96992481203007, 32.984962406015036, 32.984962406015036, 32.97744360902256, 32.984962406015036, 32.973684210526315, 32.973684210526315, 32.984962406015036, 32.95864661654136, 32.973684210526315, 32.97744360902256, 32.98120300751879, 32.984962406015036, 32.973684210526315, 32.98120300751879, 32.97744360902256, 32.98872180451128, 32.99624060150376, 32.98872180451128, 32.99624060150376, 32.98120300751879, 32.97744360902256, 32.99624060150376, 32.99624060150376, 32.98872180451128, 32.98872180451128]",0.7999570670167356,0.7725135577282272,33,"[33, 33, 33, 33, 33, 33, 33, 33, 33, 33, 33, 33, 33, 33, 33, 33, 33, 33, 33, 33, 33, 33, 33, 33, 33, 33, 33, 33, 33, 33]",30,"[0.4103928506374359, 0.4032798409461975, 0.3977184593677521, 0.39455533027648926, 0.39111462235450745, 0.38876059651374817, 0.3865724205970764, 0.38458752632141113, 0.38273775577545166, 0.38093024492263794, 0.3792369067668915, 0.3776335120201111, 0.3760731518268585, 0.3745066821575165, 0.37363380193710327, 0.3715111017227173, 0.37042179703712463, 0.3685249984264374, 0.36695700883865356, 0.36527618765830994, 0.36494389176368713, 0.3625083863735199, 0.3614303469657898, 0.35996612906455994, 0.35956963896751404, 0.35767459869384766, 0.35787636041641235, 0.35452747344970703, 0.3539196252822876, 0.35177430510520935]",33.0,"[33.0, 33.0, 33.0, 33.0, 33.0, 33.0, 33.0, 33.0, 33.0, 33.0, 33.0, 33.0, 33.0, 33.0, 33.0, 33.0, 33.0, 33.0, 33.0, 33.0, 33.0, 33.0, 33.0, 33.0, 33.0, 33.0, 33.0, 33.0, 33.0, 33.0]",COMPLETE
83,83,0.9322306810423671,2024-08-31 04:29:12.854345,2024-08-31 04:29:51.173001,0 days 00:00:38.318656,4,0.34875876457960253,2,235,0.01935517053168678,88,0.00310361296744071,0.957,0.95375,17,"[33, 33, 33, 33, 33, 33, 33, 33, 29, 28, 24, 20, 19, 17, 17, 17, 17, 17, 17, 17, 17, 17, 17, 17, 17, 17, 17, 17, 17, 17, 17, 17, 17, 17, 17, 17, 17, 17, 17, 17, 17, 17, 17, 17, 17, 17, 17, 17, 17, 17, 17, 17, 17, 17, 17, 17, 17, 17, 17, 17, 17, 17, 17, 17, 17, 17, 17, 17, 17, 17, 17, 17, 17, 17, 17, 17, 17, 17, 17, 17, 17, 17, 17, 17, 17, 17, 17, 17, 17, 17, 17, 17, 17, 17, 17, 17, 17, 17, 17, 17, 17, 17, 17, 17, 17, 17, 17, 17, 17, 17, 17, 17, 17, 17, 17, 17, 17, 17, 17, 17, 17, 17, 17, 17, 17, 17, 17, 17, 17, 17, 17, 17, 17, 17, 17, 17, 17, 17, 17, 17, 17, 17, 17, 17, 17, 17, 17, 17, 17, 17, 17, 17, 17, 17, 17, 17, 17, 17, 17, 17, 17, 17, 17, 17, 17, 17, 17, 17, 17, 17, 17, 17, 17, 17, 17, 17, 17, 17, 17, 17, 17, 17, 17, 17, 17, 17, 17, 17, 17, 17, 17, 17, 17, 17, 17, 17, 17, 17, 17, 17, 17, 17, 17, 17, 17, 17, 17, 17, 17, 17, 17, 17, 17, 17, 17, 17, 17, 17, 17, 17, 17, 17, 17, 17, 17, 17, 17, 17, 17, 17, 17, 17, 17, 17, 17]",16.988636363636363,"[32.99242424242424, 32.99242424242424, 32.98863636363636, 32.95454545454545, 32.96590909090909, 32.98863636363636, 32.96212121212121, 32.98863636363636, 28.988636363636363, 27.981060606060606, 23.973484848484848, 19.992424242424242, 18.992424242424242, 16.984848484848484, 17.0, 16.96969696969697, 16.99621212121212, 16.992424242424242, 17.0, 16.988636363636363, 16.992424242424242, 16.988636363636363, 16.984848484848484, 16.981060606060606, 16.984848484848484, 16.984848484848484, 16.99621212121212, 16.992424242424242, 16.99621212121212, 16.981060606060606, 17.0, 16.99621212121212, 16.984848484848484, 16.977272727272727, 16.988636363636363, 16.988636363636363, 17.0, 16.981060606060606, 16.984848484848484, 16.992424242424242, 16.992424242424242, 16.988636363636363, 16.988636363636363, 16.984848484848484, 16.992424242424242, 16.988636363636363, 16.973484848484848, 16.984848484848484, 16.981060606060606, 16.984848484848484, 17.0, 16.992424242424242, 16.992424242424242, 16.977272727272727, 16.992424242424242, 16.992424242424242, 16.992424242424242, 16.984848484848484, 16.973484848484848, 16.99621212121212, 16.992424242424242, 16.988636363636363, 16.99621212121212, 16.973484848484848, 16.992424242424242, 16.984848484848484, 16.992424242424242, 16.984848484848484, 16.988636363636363, 16.96969696969697, 16.984848484848484, 16.981060606060606, 16.977272727272727, 16.981060606060606, 16.984848484848484, 16.992424242424242, 16.992424242424242, 16.984848484848484, 16.977272727272727, 16.99621212121212, 16.984848484848484, 16.992424242424242, 16.981060606060606, 16.988636363636363, 16.992424242424242, 16.988636363636363, 16.984848484848484, 16.988636363636363, 16.99621212121212, 16.984848484848484, 16.981060606060606, 16.984848484848484, 16.992424242424242, 16.984848484848484, 16.992424242424242, 16.981060606060606, 16.988636363636363, 16.973484848484848, 16.988636363636363, 16.984848484848484, 16.988636363636363, 16.992424242424242, 16.984848484848484, 16.981060606060606, 16.988636363636363, 16.988636363636363, 16.984848484848484, 16.988636363636363, 16.988636363636363, 16.984848484848484, 16.992424242424242, 16.984848484848484, 16.988636363636363, 16.99621212121212, 16.992424242424242, 16.984848484848484, 16.992424242424242, 16.984848484848484, 16.984848484848484, 16.988636363636363, 16.992424242424242, 16.988636363636363, 16.981060606060606, 16.99621212121212, 16.96969696969697, 16.981060606060606, 16.96969696969697, 16.977272727272727, 16.988636363636363, 16.988636363636363, 16.988636363636363, 16.981060606060606, 16.96969696969697, 16.984848484848484, 16.981060606060606, 16.99621212121212, 16.981060606060606, 16.984848484848484, 16.96969696969697, 16.977272727272727, 16.992424242424242, 16.988636363636363, 16.992424242424242, 16.988636363636363, 17.0, 16.977272727272727, 16.96969696969697, 16.988636363636363, 16.988636363636363, 16.992424242424242, 16.988636363636363, 16.988636363636363, 16.99621212121212, 16.992424242424242, 16.984848484848484, 16.992424242424242, 16.984848484848484, 16.988636363636363, 16.988636363636363, 16.981060606060606, 16.992424242424242, 16.981060606060606, 16.988636363636363, 16.984848484848484, 16.984848484848484, 16.981060606060606, 16.988636363636363, 16.992424242424242, 16.984848484848484, 16.984848484848484, 16.99621212121212, 16.988636363636363, 16.99621212121212, 16.992424242424242, 16.988636363636363, 16.988636363636363, 16.984848484848484, 16.988636363636363, 16.988636363636363, 16.988636363636363, 16.992424242424242, 16.988636363636363, 16.984848484848484, 16.984848484848484, 16.981060606060606, 16.99621212121212, 16.99621212121212, 16.99621212121212, 16.988636363636363, 16.977272727272727, 16.984848484848484, 17.0, 17.0, 16.992424242424242, 16.984848484848484, 16.988636363636363, 16.992424242424242, 16.984848484848484, 16.99621212121212, 16.984848484848484, 16.984848484848484, 16.988636363636363, 16.984848484848484, 16.988636363636363, 16.981060606060606, 16.984848484848484, 16.984848484848484, 16.981060606060606, 16.977272727272727, 16.973484848484848, 16.977272727272727, 16.977272727272727, 16.981060606060606, 16.977272727272727, 16.984848484848484, 16.981060606060606, 16.981060606060606, 16.977272727272727, 16.988636363636363, 16.977272727272727, 16.992424242424242, 16.988636363636363, 16.988636363636363, 16.984848484848484, 16.984848484848484, 16.981060606060606, 16.981060606060606, 16.96590909090909, 16.977272727272727, 16.973484848484848, 16.984848484848484, 16.981060606060606, 16.992424242424242, 16.984848484848484, 16.988636363636363]",0.9234224192736069,0.9322306810423671,17,"[33, 33, 33, 33, 33, 33, 33, 33, 29, 28, 24, 20, 19, 17, 17, 17, 17, 17, 17, 17, 17, 17, 17, 17, 17, 17, 17, 17, 17, 17, 17, 17, 17, 17, 17, 17, 17, 17, 17, 17, 17, 17, 17, 17, 17, 17, 17, 17, 17, 17, 17, 17, 17, 17, 17, 17, 17, 17, 17, 17, 17, 17, 17, 17, 17, 17, 17, 17, 17, 17, 17, 17, 17, 17, 17, 17, 17, 17, 17, 17, 17, 17, 17, 17, 17, 17, 17, 17, 17, 17, 17, 17, 17, 17, 17, 17, 17, 17, 17, 17, 17, 17, 17, 17, 17, 17, 17, 17, 17, 17, 17, 17, 17, 17, 17, 17, 17, 17, 17, 17, 17, 17, 17, 17, 17, 17, 17, 17, 17, 17, 17, 17, 17, 17, 17, 17, 17, 17, 17, 17, 17, 17, 17, 17, 17, 17, 17, 17, 17, 17, 17, 17, 17, 17, 17, 17, 17, 17, 17, 17, 17, 17, 17, 17, 17, 17, 17, 17, 17, 17, 17, 17, 17, 17, 17, 17, 17, 17, 17, 17, 17, 17, 17, 17, 17, 17, 17, 17, 17, 17, 17, 17, 17, 17, 17, 17, 17, 17, 17, 17, 17, 17, 17, 17, 17, 17, 17, 17, 17, 17, 17, 17, 17, 17, 17, 17, 17, 17, 17, 17, 17, 17, 17, 17, 17, 17, 17, 17, 17, 17, 17, 17, 17, 17, 17]",235,"[0.3825334310531616, 0.4219711422920227, 0.3459152281284332, 0.4851273000240326, 0.3231097161769867, 0.3114693760871887, 0.3773897588253021, 0.31538259983062744, 0.2811738848686218, 0.29762810468673706, 0.25649285316467285, 0.26524612307548523, 0.2453986555337906, 0.24420635402202606, 0.24104119837284088, 0.25261491537094116, 0.22744399309158325, 0.23176351189613342, 0.24113216996192932, 0.22453327476978302, 0.21865049004554749, 0.213681161403656, 0.20984213054180145, 0.24117511510849, 0.22724966704845428, 0.2131488025188446, 0.21021825075149536, 0.20009326934814453, 0.20693835616111755, 0.20975185930728912, 0.19923508167266846, 0.21553251147270203, 0.20752260088920593, 0.21843120455741882, 0.20438866317272186, 0.20737354457378387, 0.21200886368751526, 0.19313262403011322, 0.1977190226316452, 0.2007049322128296, 0.19150899350643158, 0.19632108509540558, 0.20083799958229065, 0.19146113097667694, 0.1948723942041397, 0.18613427877426147, 0.200717031955719, 0.18956083059310913, 0.1927008181810379, 0.2015693336725235, 0.19209110736846924, 0.18851423263549805, 0.19281521439552307, 0.1846490502357483, 0.18481723964214325, 0.18401215970516205, 0.1851702332496643, 0.19149984419345856, 0.1789495348930359, 0.227862149477005, 0.1930842250585556, 0.19504903256893158, 0.18992017209529877, 0.18258634209632874, 0.212504044175148, 0.1878182291984558, 0.18390707671642303, 0.18670397996902466, 0.18207715451717377, 0.18154874444007874, 0.1851978451013565, 0.1819494664669037, 0.18823325634002686, 0.19410358369350433, 0.1774127334356308, 0.1751135289669037, 0.18788930773735046, 0.1960650235414505, 0.18849487602710724, 0.19609609246253967, 0.17575734853744507, 0.18048429489135742, 0.22706405818462372, 0.1776416152715683, 0.18194250762462616, 0.18281464278697968, 0.1803787350654602, 0.18059605360031128, 0.17351295053958893, 0.1764988899230957, 0.18059444427490234, 0.17433255910873413, 0.17781491577625275, 0.17825287580490112, 0.17989486455917358, 0.1797969788312912, 0.1766572743654251, 0.17817072570323944, 0.18391399085521698, 0.18089401721954346, 0.17274610698223114, 0.17635712027549744, 0.18617281317710876, 0.17688800394535065, 0.1814611256122589, 0.19274866580963135, 0.17404039204120636, 0.18518351018428802, 0.1713378131389618, 0.1875392496585846, 0.18068867921829224, 0.17006929218769073, 0.18010765314102173, 0.1888318955898285, 0.2055855244398117, 0.18320268392562866, 0.17587226629257202, 0.1724502444267273, 0.1788344830274582, 0.1764853298664093, 0.17119848728179932, 0.17110061645507812, 0.17098772525787354, 0.16616277396678925, 0.19396312534809113, 0.17451399564743042, 0.1703963726758957, 0.19965343177318573, 0.1707414835691452, 0.18490010499954224, 0.17825111746788025, 0.17387814819812775, 0.17944970726966858, 0.17617888748645782, 0.17665687203407288, 0.16961996257305145, 0.18261215090751648, 0.17216630280017853, 0.17812737822532654, 0.180751234292984, 0.20504391193389893, 0.1681261956691742, 0.16803394258022308, 0.170227512717247, 0.17909562587738037, 0.1681196242570877, 0.18202991783618927, 0.18414655327796936, 0.1694309562444687, 0.17484018206596375, 0.19878838956356049, 0.18197983503341675, 0.17250512540340424, 0.1727001965045929, 0.2268235981464386, 0.16834403574466705, 0.16718032956123352, 0.1747390180826187, 0.17362278699874878, 0.1779802441596985, 0.18064892292022705, 0.16820035874843597, 0.1656077802181244, 0.18002647161483765, 0.16760759055614471, 0.17247000336647034, 0.16728879511356354, 0.16959987580776215, 0.18012160062789917, 0.17556354403495789, 0.1779751032590866, 0.17215539515018463, 0.1635986566543579, 0.18214496970176697, 0.1739431917667389, 0.16344213485717773, 0.17023774981498718, 0.17209577560424805, 0.17481239140033722, 0.16961830854415894, 0.169321671128273, 0.16639314591884613, 0.16894224286079407, 0.168731689453125, 0.16967812180519104, 0.1627986878156662, 0.17159877717494965, 0.17521007359027863, 0.21991321444511414, 0.1673189103603363, 0.17558258771896362, 0.16485841572284698, 0.1673024594783783, 0.17994612455368042, 0.17173758149147034, 0.16470979154109955, 0.17363496124744415, 0.16950394213199615, 0.16437578201293945, 0.17706802487373352, 0.18451453745365143, 0.16532182693481445, 0.16713660955429077, 0.17159290611743927, 0.16550487279891968, 0.16912275552749634, 0.1953553706407547, 0.18568885326385498, 0.16557364165782928, 0.1666426807641983, 0.16951292753219604, 0.17064708471298218, 0.18479537963867188, 0.17415712773799896, 0.20272526144981384, 0.17178142070770264, 0.16993167996406555, 0.16533668339252472, 0.17365433275699615, 0.16708248853683472, 0.17034457623958588, 0.1676195114850998, 0.17840318381786346, 0.16793429851531982, 0.17017191648483276, 0.16974954307079315, 0.1825251579284668, 0.16849102079868317, 0.18757221102714539, 0.18118318915367126, 0.17786645889282227, 0.17091920971870422, 0.1653575897216797, 0.17995883524417877, 0.170166477560997]",17.0,"[33.0, 33.0, 33.0, 33.0, 33.0, 33.0, 33.0, 33.0, 29.0, 28.0, 24.0, 20.0, 19.0, 17.0, 17.0, 17.0, 17.0, 17.0, 17.0, 17.0, 17.0, 17.0, 17.0, 17.0, 17.0, 17.0, 17.0, 17.0, 17.0, 17.0, 17.0, 17.0, 17.0, 17.0, 17.0, 17.0, 17.0, 17.0, 17.0, 17.0, 17.0, 17.0, 17.0, 17.0, 17.0, 17.0, 17.0, 17.0, 17.0, 17.0, 17.0, 17.0, 17.0, 17.0, 17.0, 17.0, 17.0, 17.0, 17.0, 17.0, 17.0, 17.0, 17.0, 17.0, 17.0, 17.0, 17.0, 17.0, 17.0, 17.0, 17.0, 17.0, 17.0, 17.0, 17.0, 17.0, 17.0, 17.0, 17.0, 17.0, 17.0, 17.0, 17.0, 17.0, 17.0, 17.0, 17.0, 17.0, 17.0, 17.0, 17.0, 17.0, 17.0, 17.0, 17.0, 17.0, 17.0, 17.0, 17.0, 17.0, 17.0, 17.0, 17.0, 17.0, 17.0, 17.0, 17.0, 17.0, 17.0, 17.0, 17.0, 17.0, 17.0, 17.0, 17.0, 17.0, 17.0, 17.0, 17.0, 17.0, 17.0, 17.0, 17.0, 17.0, 17.0, 17.0, 17.0, 17.0, 17.0, 17.0, 17.0, 17.0, 17.0, 17.0, 17.0, 17.0, 17.0, 17.0, 17.0, 17.0, 17.0, 17.0, 17.0, 17.0, 17.0, 17.0, 17.0, 17.0, 17.0, 17.0, 17.0, 17.0, 17.0, 17.0, 17.0, 17.0, 17.0, 17.0, 17.0, 17.0, 17.0, 17.0, 17.0, 17.0, 17.0, 17.0, 17.0, 17.0, 17.0, 17.0, 17.0, 17.0, 17.0, 17.0, 17.0, 17.0, 17.0, 17.0, 17.0, 17.0, 17.0, 17.0, 17.0, 17.0, 17.0, 17.0, 17.0, 17.0, 17.0, 17.0, 17.0, 17.0, 17.0, 17.0, 17.0, 17.0, 17.0, 17.0, 17.0, 17.0, 17.0, 17.0, 17.0, 17.0, 17.0, 17.0, 17.0, 17.0, 17.0, 17.0, 17.0, 17.0, 17.0, 17.0, 17.0, 17.0, 17.0, 17.0, 17.0, 17.0, 17.0, 17.0, 17.0, 17.0, 17.0, 17.0, 17.0, 17.0, 17.0, 17.0, 17.0, 17.0, 17.0, 17.0, 17.0]",COMPLETE
84,84,0.9148922466540428,2024-08-31 04:29:52.967397,2024-08-31 04:30:10.423232,0 days 00:00:17.455835,64,2.517658013587782,4,75,0.03379402201451234,43,0.0007777522163053774,0.922,0.9225,16,"[33, 33, 33, 33, 33, 33, 33, 33, 33, 33, 33, 33, 33, 33, 33, 33, 33, 33, 33, 33, 33, 33, 33, 33, 33, 33, 33, 33, 33, 33, 33, 33, 33, 33, 33, 33, 33, 31, 30, 27, 26, 26, 23, 22, 21, 20, 20, 20, 19, 19, 18, 18, 18, 18, 18, 18, 18, 18, 18, 18, 17, 17, 16, 16, 16, 16, 16, 16, 16, 16, 16, 16, 16, 16, 16]",15.989147286821705,"[32.95968992248062, 32.95968992248062, 32.970542635658916, 32.972093023255816, 32.965891472868215, 32.96124031007752, 32.95658914728682, 32.968992248062015, 32.95813953488372, 32.95968992248062, 32.951937984496126, 32.95813953488372, 32.96124031007752, 32.968992248062015, 32.973643410852716, 32.970542635658916, 32.97674418604651, 32.96279069767442, 32.967441860465115, 32.970542635658916, 32.96434108527132, 32.972093023255816, 32.973643410852716, 32.964341085271315, 32.95968992248062, 32.95658914728682, 32.95658914728682, 32.96279069767442, 32.968992248062015, 32.96589147286822, 32.95503875968993, 32.97674418604651, 32.950387596899226, 32.96434108527132, 32.944186046511625, 32.95968992248062, 32.95968992248062, 30.964341085271315, 29.961240310077518, 26.955038759689923, 25.973643410852713, 25.975193798449613, 22.975193798449613, 21.970542635658916, 20.976744186046513, 19.984496124031008, 19.982945736434107, 19.976744186046513, 18.987596899224805, 18.973643410852716, 17.973643410852713, 17.984496124031008, 17.979844961240314, 17.97829457364341, 17.98139534883721, 17.990697674418605, 17.990697674418602, 17.97984496124031, 17.987596899224805, 17.97674418604651, 16.986046511627904, 16.98139534883721, 15.981395348837209, 15.984496124031008, 15.984496124031008, 15.981395348837209, 15.981395348837209, 15.987596899224805, 15.989147286821705, 15.976744186046513, 15.992248062015504, 15.995348837209303, 15.993798449612402, 15.986046511627906, 15.989147286821705]",0.8987029285248392,0.9148922466540428,16,"[33, 33, 33, 33, 33, 33, 33, 33, 33, 33, 33, 33, 33, 33, 33, 33, 33, 33, 33, 33, 33, 33, 33, 33, 33, 33, 33, 33, 33, 33, 33, 33, 33, 33, 33, 33, 33, 31, 30, 27, 26, 26, 23, 22, 21, 20, 20, 20, 19, 19, 18, 18, 18, 18, 18, 18, 18, 18, 18, 18, 17, 17, 16, 16, 16, 16, 16, 16, 16, 16, 16, 16, 16, 16, 16]",75,"[0.3873085379600525, 0.38940638303756714, 0.3771820068359375, 0.36703380942344666, 0.39087292551994324, 0.4094362258911133, 0.35744956135749817, 0.3518965542316437, 0.3524046838283539, 0.3436039686203003, 0.4015856683254242, 0.3444324731826782, 0.3353942632675171, 0.3328176736831665, 0.3167096674442291, 0.3226211667060852, 0.3153744041919708, 0.3061657249927521, 0.2992343604564667, 0.31133735179901123, 0.2912746071815491, 0.33387625217437744, 0.31319600343704224, 0.28526660799980164, 0.2994699776172638, 0.3024377226829529, 0.2746332287788391, 0.2829965054988861, 0.2865515649318695, 0.27662479877471924, 0.2754825949668884, 0.26603320240974426, 0.2879393398761749, 0.2629132866859436, 0.2637205719947815, 0.25621360540390015, 0.26332682371139526, 0.25545626878738403, 0.2648521959781647, 0.2581740915775299, 0.25772929191589355, 0.25123780965805054, 0.2561327815055847, 0.2572011947631836, 0.24046148359775543, 0.2432120442390442, 0.2380407452583313, 0.23727980256080627, 0.23946654796600342, 0.23224379122257233, 0.22868995368480682, 0.2541675567626953, 0.22823049128055573, 0.22975553572177887, 0.25863316655158997, 0.22543096542358398, 0.2275332510471344, 0.2231931835412979, 0.2207333743572235, 0.2222076952457428, 0.22772882878780365, 0.2192486822605133, 0.2218015342950821, 0.2337038815021515, 0.22295963764190674, 0.2538745105266571, 0.2357741743326187, 0.22912617027759552, 0.22170418500900269, 0.23121634125709534, 0.2145511507987976, 0.2178170531988144, 0.21815775334835052, 0.2117786854505539, 0.21410968899726868]",16.0,"[33.0, 33.0, 33.0, 33.0, 33.0, 33.0, 33.0, 33.0, 33.0, 33.0, 33.0, 33.0, 33.0, 33.0, 33.0, 33.0, 33.0, 33.0, 33.0, 33.0, 33.0, 33.0, 33.0, 33.0, 33.0, 33.0, 33.0, 33.0, 33.0, 33.0, 33.0, 33.0, 33.0, 33.0, 33.0, 33.0, 33.0, 31.0, 30.0, 27.0, 26.0, 26.0, 23.0, 22.0, 21.0, 20.0, 20.0, 20.0, 19.0, 19.0, 18.0, 18.0, 18.0, 18.0, 18.0, 18.0, 18.0, 18.0, 18.0, 18.0, 17.0, 17.0, 16.0, 16.0, 16.0, 16.0, 16.0, 16.0, 16.0, 16.0, 16.0, 16.0, 16.0, 16.0, 16.0]",COMPLETE
