,number,value,datetime_start,datetime_complete,duration,params_batch_size_scaler,params_constant_learning_rate,params_depth,params_epochs,params_kernel_l2,params_num_trees,params_temperature,user_attrs_accuracy_test,user_attrs_accuracy_valid,user_attrs_approximate_feature_sparsity,user_attrs_approximate_feature_sparsity_history,user_attrs_approximate_weight_sparsity,user_attrs_approximate_weight_sparsity_history,user_attrs_auc_test,user_attrs_auc_valid,user_attrs_feature_sparsity,user_attrs_feature_sparsity_history,user_attrs_num_epochs,user_attrs_val_loss_history,user_attrs_weight_sparsity,user_attrs_weight_sparsity_history,state
125,125,0.9146088547101029,2024-08-31 06:32:47.154374,2024-08-31 06:33:41.689895,0 days 00:00:54.535521,4,0.0579848191463442,3,150,0.14216244580215495,89,0.0003737746379750273,0.906,0.90625,33,"[33, 33, 33, 33, 33, 33, 33, 33, 33, 33, 33, 33, 33, 33, 33, 33, 33, 33, 33, 33, 33, 33, 33, 33, 33, 33, 33, 33, 33, 33, 33, 33, 33, 33, 33, 33, 33, 33, 33, 33, 33, 33, 33, 33, 33, 33, 33, 33, 33, 33, 33, 33, 33, 33, 33, 33, 33, 33, 33, 33, 33, 33, 33, 33, 33, 33, 33, 33, 33, 33, 33, 33, 33, 33, 33, 33, 33, 33, 33, 33, 33, 33, 33, 33, 33, 33, 33, 33, 33, 33, 33, 33, 33, 33, 33, 33, 33, 33, 33, 33, 33, 33, 33, 33, 33, 33, 33, 33, 33, 33, 33, 33, 33, 33, 33, 33, 33, 33, 33, 33, 33, 33, 33, 33, 33, 33, 33, 33, 33, 33, 33, 33, 33, 33, 33, 33, 33, 33, 33, 33, 33, 33, 33, 33, 33, 33, 33, 33, 33, 33]",32.95666131621188,"[32.96789727126806, 32.96629213483146, 32.95826645264848, 32.974317817014445, 32.97110754414125, 32.96950240770465, 32.950240770465484, 32.947030497592294, 32.95826645264847, 32.96468699839486, 32.96468699839486, 32.95826645264847, 32.96789727126806, 32.96629213483146, 32.96147672552167, 32.96468699839487, 32.95826645264847, 32.96629213483146, 32.963081861958266, 32.951845906902086, 32.951845906902086, 32.96789727126806, 32.959871589085076, 32.95345104333869, 32.95826645264847, 32.96147672552166, 32.96789727126806, 32.96629213483146, 32.96950240770465, 32.963081861958266, 32.971107544141255, 32.974317817014445, 32.974317817014445, 32.96950240770465, 32.96789727126806, 32.95826645264847, 32.951845906902086, 32.959871589085076, 32.96147672552167, 32.947030497592294, 32.96147672552167, 32.963081861958266, 32.971107544141255, 32.95987158908507, 32.95826645264847, 32.95826645264847, 32.96468699839486, 32.95505617977528, 32.96950240770465, 32.974317817014445, 32.963081861958266, 32.96468699839487, 32.95505617977528, 32.95666131621188, 32.97110754414125, 32.96950240770465, 32.94863563402889, 32.96789727126806, 32.95987158908507, 32.963081861958266, 32.96468699839486, 32.96468699839487, 32.96950240770465, 32.96789727126806, 32.97271268057785, 32.97110754414125, 32.96789727126806, 32.97271268057785, 32.96789727126806, 32.97592295345105, 32.97592295345104, 32.98073836276083, 32.97913322632424, 32.96468699839486, 32.96468699839486, 32.95826645264847, 32.971107544141255, 32.96789727126806, 32.96950240770465, 32.96147672552167, 32.959871589085076, 32.95505617977528, 32.959871589085076, 32.95987158908507, 32.95826645264847, 32.951845906902086, 32.95826645264847, 32.951845906902086, 32.96147672552167, 32.959871589085076, 32.97110754414125, 32.95987158908507, 32.951845906902086, 32.963081861958266, 32.95505617977528, 32.95987158908507, 32.95345104333868, 32.959871589085076, 32.95987158908507, 32.95024077046549, 32.96629213483146, 32.96147672552167, 32.959871589085076, 32.96468699839486, 32.95505617977528, 32.95345104333868, 32.96629213483146, 32.96629213483146, 32.96950240770465, 32.96789727126806, 32.963081861958266, 32.96629213483146, 32.95826645264847, 32.963081861958266, 32.96629213483146, 32.96629213483146, 32.95505617977528, 32.95666131621188, 32.950240770465484, 32.96950240770465, 32.96147672552167, 32.96147672552167, 32.96789727126806, 32.96147672552167, 32.963081861958266, 32.95826645264847, 32.959871589085076, 32.95826645264847, 32.95666131621188, 32.959871589085076, 32.96629213483146, 32.963081861958266, 32.963081861958266, 32.96468699839487, 32.95826645264847, 32.95987158908507, 32.97271268057785, 32.96950240770465, 32.97271268057785, 32.974317817014445, 32.971107544141255, 32.96468699839487, 32.966292134831455, 32.95987158908507, 32.95666131621188, 32.96147672552167, 32.95826645264847, 32.95666131621187, 32.95826645264847, 32.95666131621188]",0.8947233712299474,0.9146088547101029,33,"[33, 33, 33, 33, 33, 33, 33, 33, 33, 33, 33, 33, 33, 33, 33, 33, 33, 33, 33, 33, 33, 33, 33, 33, 33, 33, 33, 33, 33, 33, 33, 33, 33, 33, 33, 33, 33, 33, 33, 33, 33, 33, 33, 33, 33, 33, 33, 33, 33, 33, 33, 33, 33, 33, 33, 33, 33, 33, 33, 33, 33, 33, 33, 33, 33, 33, 33, 33, 33, 33, 33, 33, 33, 33, 33, 33, 33, 33, 33, 33, 33, 33, 33, 33, 33, 33, 33, 33, 33, 33, 33, 33, 33, 33, 33, 33, 33, 33, 33, 33, 33, 33, 33, 33, 33, 33, 33, 33, 33, 33, 33, 33, 33, 33, 33, 33, 33, 33, 33, 33, 33, 33, 33, 33, 33, 33, 33, 33, 33, 33, 33, 33, 33, 33, 33, 33, 33, 33, 33, 33, 33, 33, 33, 33, 33, 33, 33, 33, 33, 33]",150,"[0.4097641408443451, 0.4001638889312744, 0.39332470297813416, 0.3905801475048065, 0.3856482207775116, 0.3830445408821106, 0.3809662163257599, 0.37879469990730286, 0.37708625197410583, 0.3753161132335663, 0.3740418553352356, 0.3720702826976776, 0.37060290575027466, 0.3688288927078247, 0.3672536611557007, 0.36591190099716187, 0.36434245109558105, 0.36311447620391846, 0.3618530035018921, 0.35999271273612976, 0.35885360836982727, 0.3576073944568634, 0.35590633749961853, 0.3550376892089844, 0.35529738664627075, 0.35197779536247253, 0.3538272976875305, 0.35000374913215637, 0.34840238094329834, 0.3473920524120331, 0.3463650941848755, 0.34525763988494873, 0.3442004323005676, 0.3431222140789032, 0.3411644995212555, 0.3399912118911743, 0.3391849994659424, 0.33799874782562256, 0.3367059826850891, 0.33578845858573914, 0.3348768353462219, 0.33350813388824463, 0.3324296176433563, 0.33126166462898254, 0.3303338587284088, 0.32914024591445923, 0.32828211784362793, 0.3265937566757202, 0.3252575993537903, 0.32498955726623535, 0.3227260708808899, 0.3215188980102539, 0.3204919099807739, 0.31904658675193787, 0.3180670738220215, 0.3163144290447235, 0.31505993008613586, 0.3143245577812195, 0.3124121129512787, 0.3110259771347046, 0.3105432093143463, 0.30838248133659363, 0.30691060423851013, 0.30580195784568787, 0.3039742708206177, 0.30325326323509216, 0.3028228282928467, 0.29966625571250916, 0.2983362078666687, 0.29682573676109314, 0.29776373505592346, 0.2942626476287842, 0.2925989627838135, 0.29126328229904175, 0.2898509204387665, 0.2891536355018616, 0.2876126170158386, 0.28621676564216614, 0.2852669060230255, 0.28364312648773193, 0.2826807200908661, 0.2825300693511963, 0.28046807646751404, 0.27946770191192627, 0.27815675735473633, 0.27766522765159607, 0.27702850103378296, 0.2756204307079315, 0.2747929096221924, 0.27375975251197815, 0.2730531394481659, 0.2724052369594574, 0.27181681990623474, 0.27035340666770935, 0.2701014578342438, 0.2690199017524719, 0.26801013946533203, 0.26714980602264404, 0.2667941749095917, 0.2664056122303009, 0.2654314339160919, 0.2647695541381836, 0.26427754759788513, 0.26364269852638245, 0.263913631439209, 0.2622700035572052, 0.2616221308708191, 0.2612925171852112, 0.260868102312088, 0.26008710265159607, 0.25953343510627747, 0.25925755500793457, 0.26033610105514526, 0.2596283555030823, 0.2577110826969147, 0.25722724199295044, 0.2567223310470581, 0.25612738728523254, 0.2560132145881653, 0.2553194463253021, 0.25542977452278137, 0.25436514616012573, 0.25413626432418823, 0.2538039982318878, 0.25423210859298706, 0.25235676765441895, 0.25202369689941406, 0.2520720660686493, 0.25110480189323425, 0.2506036162376404, 0.25084224343299866, 0.2503383159637451, 0.24887029826641083, 0.2500571310520172, 0.24939072132110596, 0.24825121462345123, 0.2477557212114334, 0.24687795341014862, 0.24641552567481995, 0.24675214290618896, 0.24577730894088745, 0.2459375411272049, 0.24524833261966705, 0.244622141122818, 0.24420709908008575, 0.24391861259937286, 0.24323591589927673, 0.24274133145809174, 0.2424449473619461, 0.24294285476207733]",33.0,"[33.0, 33.0, 33.0, 33.0, 33.0, 33.0, 33.0, 33.0, 33.0, 33.0, 33.0, 33.0, 33.0, 33.0, 33.0, 33.0, 33.0, 33.0, 33.0, 33.0, 33.0, 33.0, 33.0, 33.0, 33.0, 33.0, 33.0, 33.0, 33.0, 33.0, 33.0, 33.0, 33.0, 33.0, 33.0, 33.0, 33.0, 33.0, 33.0, 33.0, 33.0, 33.0, 33.0, 33.0, 33.0, 33.0, 33.0, 33.0, 33.0, 33.0, 33.0, 33.0, 33.0, 33.0, 33.0, 33.0, 33.0, 33.0, 33.0, 33.0, 33.0, 33.0, 33.0, 33.0, 33.0, 33.0, 33.0, 33.0, 33.0, 33.0, 33.0, 33.0, 33.0, 33.0, 33.0, 33.0, 33.0, 33.0, 33.0, 33.0, 33.0, 33.0, 33.0, 33.0, 33.0, 33.0, 33.0, 33.0, 33.0, 33.0, 33.0, 33.0, 33.0, 33.0, 33.0, 33.0, 33.0, 33.0, 33.0, 33.0, 33.0, 33.0, 33.0, 33.0, 33.0, 33.0, 33.0, 33.0, 33.0, 33.0, 33.0, 33.0, 33.0, 33.0, 33.0, 33.0, 33.0, 33.0, 33.0, 33.0, 33.0, 33.0, 33.0, 33.0, 33.0, 33.0, 33.0, 33.0, 33.0, 33.0, 33.0, 33.0, 33.0, 33.0, 33.0, 33.0, 33.0, 33.0, 33.0, 33.0, 33.0, 33.0, 33.0, 33.0, 33.0, 33.0, 33.0, 33.0, 33.0, 33.0]",COMPLETE
126,126,0.9027708003246125,2024-08-31 06:33:44.886295,2024-08-31 06:35:01.796059,0 days 00:01:16.909764,4,0.053539551020031495,4,165,0.0015939255387972583,63,0.04381429143702629,0.898,0.89125,33,"[33, 33, 33, 33, 33, 33, 33, 33, 33, 33, 33, 33, 33, 33, 33, 33, 33, 33, 33, 33, 33, 33, 33, 33, 33, 33, 33, 33, 33, 33, 33, 33, 33, 33, 33, 33, 33, 33, 33, 33, 33, 33, 33, 33, 33, 33, 33, 33, 33, 33, 33, 33, 33, 33, 33, 33, 33, 33, 33, 33, 33, 33, 33, 33, 33, 33, 33, 33, 33, 33, 33, 33, 33, 33, 33, 33, 33, 33, 33, 33, 33, 33, 33, 33, 33, 33, 33, 33, 33, 33, 33, 33, 33, 33, 33, 33, 33, 33, 33, 33, 33, 33, 33, 33, 33, 33, 33, 33, 33, 33, 33, 33, 33, 33, 33, 33, 33, 33, 33, 33, 33, 33, 33, 33, 33, 33, 33, 33, 33, 33, 33, 33, 33, 33, 33, 33, 33, 33, 33, 33, 33, 33, 33, 33, 33, 33, 33, 33, 33, 33, 33, 33, 33, 33, 33, 33, 33, 33, 33, 33, 33, 33, 33, 33, 33]",32.96825396825397,"[32.954497354497356, 32.959788359788355, 32.954497354497356, 32.951322751322756, 32.94603174603175, 32.955555555555556, 32.956613756613756, 32.96084656084656, 32.953439153439156, 32.954497354497356, 32.955555555555556, 32.95873015873016, 32.95132275132275, 32.95978835978836, 32.95767195767196, 32.954497354497356, 32.955555555555556, 32.96190476190476, 32.94920634920635, 32.953439153439156, 32.954497354497356, 32.95026455026455, 32.95449735449735, 32.96296296296296, 32.95978835978836, 32.96613756613756, 32.96507936507936, 32.96084656084656, 32.96190476190476, 32.953439153439156, 32.96084656084656, 32.96296296296296, 32.96084656084656, 32.95978835978836, 32.956613756613756, 32.94920634920635, 32.955555555555556, 32.96190476190476, 32.96402116402116, 32.96507936507937, 32.96825396825397, 32.95873015873016, 32.958730158730155, 32.952380952380956, 32.95026455026455, 32.94497354497355, 32.95132275132275, 32.955555555555556, 32.95978835978836, 32.956613756613756, 32.96084656084656, 32.94920634920635, 32.958730158730155, 32.958730158730155, 32.96402116402116, 32.95978835978836, 32.957671957671955, 32.956613756613756, 32.953439153439156, 32.95238095238095, 32.957671957671955, 32.96402116402116, 32.96613756613757, 32.95978835978836, 32.955555555555556, 32.95343915343915, 32.95238095238095, 32.95132275132275, 32.94285714285714, 32.95026455026455, 32.956613756613756, 32.954497354497356, 32.95132275132275, 32.94603174603175, 32.95238095238095, 32.955555555555556, 32.94920634920635, 32.953439153439156, 32.956613756613756, 32.96296296296296, 32.96507936507936, 32.96084656084656, 32.956613756613756, 32.94708994708995, 32.95026455026455, 32.94920634920635, 32.96084656084656, 32.96719576719577, 32.96190476190476, 32.955555555555556, 32.95978835978836, 32.955555555555556, 32.95978835978836, 32.94708994708995, 32.95026455026455, 32.956613756613756, 32.956613756613756, 32.95555555555555, 32.96190476190476, 32.956613756613756, 32.956613756613756, 32.95661375661376, 32.957671957671955, 32.95978835978836, 32.958730158730155, 32.95978835978836, 32.959788359788355, 32.958730158730155, 32.96825396825397, 32.971428571428575, 32.96931216931217, 32.96507936507936, 32.96402116402116, 32.973544973544975, 32.972486772486775, 32.96613756613757, 32.96190476190476, 32.959788359788355, 32.96190476190476, 32.96613756613756, 32.96825396825397, 32.96507936507937, 32.96296296296296, 32.96190476190476, 32.958730158730155, 32.96402116402116, 32.96084656084656, 32.958730158730155, 32.954497354497356, 32.96190476190476, 32.96402116402116, 32.96719576719577, 32.96190476190476, 32.957671957671955, 32.953439153439156, 32.956613756613756, 32.95978835978836, 32.95873015873016, 32.95767195767196, 32.95873015873016, 32.95873015873016, 32.95132275132275, 32.94603174603174, 32.94497354497354, 32.94391534391534, 32.95026455026455, 32.955555555555556, 32.94285714285714, 32.94920634920635, 32.94814814814815, 32.94920634920635, 32.957671957671955, 32.955555555555556, 32.959788359788355, 32.96507936507936, 32.956613756613756, 32.96719576719577, 32.95873015873016, 32.96825396825397, 32.96507936507936, 32.96613756613757, 32.973544973544975, 32.96825396825397, 32.97142857142857, 32.96825396825397]",0.884435967932364,0.9027708003246125,33,"[33, 33, 33, 33, 33, 33, 33, 33, 33, 33, 33, 33, 33, 33, 33, 33, 33, 33, 33, 33, 33, 33, 33, 33, 33, 33, 33, 33, 33, 33, 33, 33, 33, 33, 33, 33, 33, 33, 33, 33, 33, 33, 33, 33, 33, 33, 33, 33, 33, 33, 33, 33, 33, 33, 33, 33, 33, 33, 33, 33, 33, 33, 33, 33, 33, 33, 33, 33, 33, 33, 33, 33, 33, 33, 33, 33, 33, 33, 33, 33, 33, 33, 33, 33, 33, 33, 33, 33, 33, 33, 33, 33, 33, 33, 33, 33, 33, 33, 33, 33, 33, 33, 33, 33, 33, 33, 33, 33, 33, 33, 33, 33, 33, 33, 33, 33, 33, 33, 33, 33, 33, 33, 33, 33, 33, 33, 33, 33, 33, 33, 33, 33, 33, 33, 33, 33, 33, 33, 33, 33, 33, 33, 33, 33, 33, 33, 33, 33, 33, 33, 33, 33, 33, 33, 33, 33, 33, 33, 33, 33, 33, 33, 33, 33, 33]",165,"[0.3968196511268616, 0.3902757167816162, 0.3853417634963989, 0.38146647810935974, 0.37836700677871704, 0.37651801109313965, 0.3736827075481415, 0.3720603883266449, 0.3705078959465027, 0.36886587738990784, 0.3674396276473999, 0.3662411868572235, 0.3659420907497406, 0.3640221655368805, 0.3628661036491394, 0.36182183027267456, 0.36080482602119446, 0.35980546474456787, 0.35916489362716675, 0.3578765392303467, 0.3569246530532837, 0.3560580909252167, 0.3551872670650482, 0.35421428084373474, 0.3532730042934418, 0.3524133265018463, 0.3517961800098419, 0.35104140639305115, 0.3498106002807617, 0.3488498032093048, 0.3479459881782532, 0.3470509648323059, 0.34645840525627136, 0.34550023078918457, 0.3451390564441681, 0.34372246265411377, 0.3430226147174835, 0.3426893353462219, 0.34148135781288147, 0.3407602608203888, 0.34002459049224854, 0.33886268734931946, 0.3381350636482239, 0.3371504247188568, 0.33662092685699463, 0.33561429381370544, 0.33490097522735596, 0.33410054445266724, 0.33350226283073425, 0.3324323892593384, 0.3316688537597656, 0.3308744728565216, 0.3300940692424774, 0.32928094267845154, 0.32849982380867004, 0.32787182927131653, 0.3269391655921936, 0.32607418298721313, 0.32559943199157715, 0.3244282603263855, 0.32361578941345215, 0.32312968373298645, 0.32216376066207886, 0.3213306665420532, 0.3205745816230774, 0.3196329176425934, 0.31883957982063293, 0.3177775740623474, 0.31696581840515137, 0.31609663367271423, 0.3151912987232208, 0.3144906461238861, 0.3135606348514557, 0.31240373849868774, 0.31164273619651794, 0.31066542863845825, 0.3096294105052948, 0.3090740442276001, 0.3078237473964691, 0.30685746669769287, 0.30576831102371216, 0.3046703636646271, 0.3035963773727417, 0.30255675315856934, 0.3018839359283447, 0.300819993019104, 0.2994922399520874, 0.29863330721855164, 0.2974344491958618, 0.29643696546554565, 0.29531386494636536, 0.2943080961704254, 0.29311510920524597, 0.2920052409172058, 0.29128268361091614, 0.29015982151031494, 0.288731187582016, 0.28774523735046387, 0.28669917583465576, 0.28555408120155334, 0.28444746136665344, 0.28347277641296387, 0.282507061958313, 0.2812981903553009, 0.2804858684539795, 0.27926671504974365, 0.2785179615020752, 0.2771972417831421, 0.2766377329826355, 0.27536988258361816, 0.2743031978607178, 0.273558646440506, 0.2726101875305176, 0.2716582417488098, 0.2709985077381134, 0.2700585126876831, 0.269314169883728, 0.2685944736003876, 0.2676181197166443, 0.2667727768421173, 0.26598769426345825, 0.26563143730163574, 0.26448163390159607, 0.26373597979545593, 0.26303791999816895, 0.2623828053474426, 0.26201707124710083, 0.26116621494293213, 0.2603817880153656, 0.25970345735549927, 0.25933581590652466, 0.2584887146949768, 0.25806811451911926, 0.2575191557407379, 0.2571505904197693, 0.2562798261642456, 0.25573474168777466, 0.25540173053741455, 0.25495025515556335, 0.2547447383403778, 0.2537810504436493, 0.25322404503822327, 0.2527492046356201, 0.2523235082626343, 0.2519795894622803, 0.25162315368652344, 0.2510681450366974, 0.25091448426246643, 0.25001004338264465, 0.2499675303697586, 0.2492203563451767, 0.24911637604236603, 0.24844631552696228, 0.2480163723230362, 0.24760398268699646, 0.24719256162643433, 0.24668268859386444, 0.2466645985841751, 0.24601294100284576, 0.24548503756523132, 0.24505123496055603, 0.24484285712242126, 0.24472971260547638, 0.24397607147693634, 0.2436305284500122]",33.0,"[33.0, 33.0, 33.0, 33.0, 33.0, 33.0, 33.0, 33.0, 33.0, 33.0, 33.0, 33.0, 33.0, 33.0, 33.0, 33.0, 33.0, 33.0, 33.0, 33.0, 33.0, 33.0, 33.0, 33.0, 33.0, 33.0, 33.0, 33.0, 33.0, 33.0, 33.0, 33.0, 33.0, 33.0, 33.0, 33.0, 33.0, 33.0, 33.0, 33.0, 33.0, 33.0, 33.0, 33.0, 33.0, 33.0, 33.0, 33.0, 33.0, 33.0, 33.0, 33.0, 33.0, 33.0, 33.0, 33.0, 33.0, 33.0, 33.0, 33.0, 33.0, 33.0, 33.0, 33.0, 33.0, 33.0, 33.0, 33.0, 33.0, 33.0, 33.0, 33.0, 33.0, 33.0, 33.0, 33.0, 33.0, 33.0, 33.0, 33.0, 33.0, 33.0, 33.0, 33.0, 33.0, 33.0, 33.0, 33.0, 33.0, 33.0, 33.0, 33.0, 33.0, 33.0, 33.0, 33.0, 33.0, 33.0, 33.0, 33.0, 33.0, 33.0, 33.0, 33.0, 33.0, 33.0, 33.0, 33.0, 33.0, 33.0, 33.0, 33.0, 33.0, 33.0, 33.0, 33.0, 33.0, 33.0, 33.0, 33.0, 33.0, 33.0, 33.0, 33.0, 33.0, 33.0, 33.0, 33.0, 33.0, 33.0, 33.0, 33.0, 33.0, 33.0, 33.0, 33.0, 33.0, 33.0, 33.0, 33.0, 33.0, 33.0, 33.0, 33.0, 33.0, 33.0, 33.0, 33.0, 33.0, 33.0, 33.0, 33.0, 33.0, 33.0, 33.0, 33.0, 33.0, 33.0, 33.0, 33.0, 33.0, 33.0, 33.0, 33.0, 33.0]",COMPLETE
