,number,value,datetime_start,datetime_complete,duration,params_batch_size_scaler,params_constant_learning_rate,params_depth,params_epochs,params_kernel_l2,params_num_trees,params_temperature,user_attrs_accuracy_test,user_attrs_accuracy_valid,user_attrs_approximate_feature_sparsity,user_attrs_approximate_feature_sparsity_history,user_attrs_approximate_weight_sparsity,user_attrs_approximate_weight_sparsity_history,user_attrs_auc_test,user_attrs_auc_valid,user_attrs_feature_sparsity,user_attrs_feature_sparsity_history,user_attrs_num_epochs,user_attrs_val_loss_history,user_attrs_weight_sparsity,user_attrs_weight_sparsity_history,state
49,49,0.9289459107830634,2024-08-31 02:58:06.558291,2024-08-31 03:18:52.523741,0 days 00:20:45.965450,4,0.12998142199630464,6,425,0.576261417145645,94,0.00048272619892252564,0.94,0.94625,32,"[33, 33, 33, 33, 33, 33, 33, 33, 33, 33, 33, 33, 33, 33, 33, 33, 33, 33, 33, 33, 33, 33, 33, 33, 33, 33, 33, 33, 33, 33, 33, 33, 33, 33, 33, 33, 33, 33, 33, 33, 33, 33, 33, 33, 33, 33, 33, 33, 33, 33, 33, 33, 33, 33, 33, 33, 33, 33, 33, 33, 33, 33, 33, 33, 33, 33, 33, 33, 33, 33, 33, 33, 33, 33, 33, 33, 33, 33, 33, 33, 33, 33, 33, 33, 33, 33, 33, 33, 33, 33, 33, 33, 33, 33, 33, 33, 33, 33, 33, 33, 33, 33, 33, 33, 33, 33, 33, 33, 33, 33, 33, 33, 33, 33, 33, 33, 33, 33, 33, 33, 33, 33, 33, 33, 33, 33, 33, 33, 33, 33, 33, 33, 33, 33, 33, 33, 33, 33, 33, 33, 33, 33, 33, 33, 33, 33, 33, 33, 33, 33, 33, 33, 33, 33, 33, 33, 33, 33, 33, 33, 33, 33, 33, 33, 33, 33, 33, 33, 33, 33, 33, 33, 33, 33, 33, 33, 33, 33, 33, 33, 33, 33, 33, 33, 33, 33, 33, 33, 33, 33, 33, 33, 33, 33, 33, 33, 33, 33, 33, 33, 33, 33, 33, 33, 33, 33, 33, 33, 33, 33, 33, 33, 33, 33, 33, 33, 33, 33, 33, 33, 33, 33, 33, 33, 33, 33, 33, 33, 33, 33, 33, 33, 33, 33, 33, 33, 33, 33, 33, 33, 33, 33, 33, 33, 33, 33, 33, 33, 33, 33, 33, 33, 33, 33, 33, 33, 33, 33, 33, 33, 33, 33, 33, 33, 33, 33, 33, 33, 33, 33, 33, 33, 33, 33, 33, 33, 33, 33, 33, 33, 33, 33, 33, 33, 33, 33, 33, 33, 33, 33, 33, 33, 33, 33, 33, 33, 33, 33, 33, 33, 33, 33, 33, 33, 33, 33, 33, 33, 33, 33, 33, 33, 33, 33, 33, 33, 33, 33, 33, 33, 33, 33, 33, 33, 33, 33, 33, 33, 33, 33, 33, 33, 33, 33, 33, 33, 33, 33, 33, 33, 33, 33, 33, 33, 33, 33, 33, 33, 33, 33, 33, 33, 33, 33, 33, 33, 33, 33, 33, 33, 33, 33, 33, 33, 33, 33, 33, 33, 33, 33, 32, 32, 32, 32, 32, 32, 32, 32, 32, 32, 32, 32, 32, 32, 32, 32, 32, 32, 32, 32, 32, 32, 32, 32, 32, 32, 32, 32, 32, 32, 32, 32, 32, 32, 32, 32, 32, 32, 32, 32, 32, 32, 32, 32, 32, 32, 32, 32, 32, 32, 32, 32, 32, 32, 32]",31.854778790949005,"[32.901046943600136, 32.89969604863222, 32.8951367781155, 32.89108409321175, 32.897838568051334, 32.89598108747045, 32.8936170212766, 32.89327929753462, 32.899527186761226, 32.899527186761226, 32.88922661263087, 32.89733198243837, 32.894123606889565, 32.89665653495441, 32.8951367781155, 32.89631881121243, 32.897669706180345, 32.89277271192165, 32.8966565349544, 32.90054035798717, 32.902566700439046, 32.899358324890244, 32.899696048632215, 32.89294157379264, 32.893954745018576, 32.89479905437352, 32.88973319824384, 32.88939547450186, 32.88787571766295, 32.88500506585613, 32.88736913204998, 32.89108409321175, 32.890239783856806, 32.892266126308684, 32.8887200270179, 32.88736913204998, 32.8919284025667, 32.890408645727796, 32.886862546437015, 32.890239783856806, 32.89327929753462, 32.892434988179666, 32.890239783856806, 32.89175954069571, 32.895981087470446, 32.89581222559946, 32.890239783856806, 32.8919284025667, 32.88973319824384, 32.88449848024316, 32.88652482269504, 32.89159067882472, 32.888720027017904, 32.88804457953394, 32.88736913204998, 32.886862546437015, 32.890408645727796, 32.88618709895306, 32.8855116514691, 32.888888888888886, 32.886693684566026, 32.88584937521108, 32.88973319824384, 32.89209726443769, 32.88905775075988, 32.89142181695373, 32.890239783856806, 32.883485309017225, 32.88787571766295, 32.88990206011483, 32.890746369469774, 32.88973319824384, 32.89142181695373, 32.89598108747045, 32.88618709895306, 32.88399189463019, 32.88601823708207, 32.8887200270179, 32.890408645727796, 32.88635596082405, 32.88956433637285, 32.892772711921644, 32.89395474501857, 32.892772711921644, 32.888888888888886, 32.89175954069571, 32.894292468760554, 32.89327929753462, 32.89142181695373, 32.894123606889565, 32.892097264437695, 32.887031408308005, 32.88855116514691, 32.890746369469774, 32.88770685579196, 32.887200270178994, 32.887031408308005, 32.88601823708207, 32.890239783856806, 32.890408645727796, 32.88753799392097, 32.88432961837217, 32.88618709895306, 32.8823032759203, 32.87926376224249, 32.881627828436336, 32.88618709895306, 32.885342789598106, 32.888888888888886, 32.88787571766295, 32.88939547450185, 32.88736913204998, 32.886693684566026, 32.88956433637284, 32.88618709895305, 32.890239783856806, 32.888888888888886, 32.88939547450186, 32.88787571766295, 32.89108409321175, 32.888888888888886, 32.88939547450186, 32.888888888888886, 32.89091523134076, 32.8951367781155, 32.89311043566363, 32.88939547450186, 32.88787571766295, 32.890746369469774, 32.8887200270179, 32.88973319824384, 32.887200270178994, 32.890577507598785, 32.88821344140493, 32.88264099966228, 32.885173927727124, 32.883147585275246, 32.88162782843634, 32.885680513340084, 32.88247213779129, 32.88652482269504, 32.886862546437015, 32.887031408308005, 32.88736913204998, 32.88432961837217, 32.883316447146235, 32.88264099966228, 32.88112124282337, 32.8789260385005, 32.87774400540358, 32.87943262411348, 32.88129010469436, 32.87943262411348, 32.88078351908139, 32.88095238095238, 32.88264099966228, 32.88432961837217, 32.8790949003715, 32.879770347855455, 32.87689969604863, 32.87386018237082, 32.876055386693686, 32.876561972306654, 32.8741979061128, 32.87183383991895, 32.87352245862884, 32.87689969604863, 32.87825059101655, 32.88027693346842, 32.88179669030733, 32.881627828436336, 32.88449848024316, 32.88399189463019, 32.886693684566026, 32.88652482269504, 32.88635596082405, 32.88500506585613, 32.883654170888214, 32.88095238095238, 32.87909490037149, 32.88129010469436, 32.88027693346842, 32.87858831475853, 32.880108071597434, 32.88078351908139, 32.87892603850051, 32.878588314758524, 32.878250591016545, 32.88129010469436, 32.88280986153327, 32.88517392772712, 32.88297872340426, 32.88145896656535, 32.879770347855455, 32.876393110435664, 32.87487335359676, 32.8774062816616, 32.876224248564675, 32.874873353596755, 32.87183383991895, 32.87504221546775, 32.87791286727457, 32.87369132049983, 32.874873353596755, 32.87588652482269, 32.87554880108072, 32.87841945288754, 32.87689969604863, 32.875042215467744, 32.87521107733874, 32.8774062816616, 32.878250591016545, 32.87791286727457, 32.87706855791962, 32.87689969604863, 32.87470449172577, 32.874704491725765, 32.87149611617697, 32.86879432624113, 32.87065180682202, 32.86828774062817, 32.871158392434985, 32.870989530564, 32.87082066869301, 32.87402904424181, 32.876561972306654, 32.87926376224249, 32.8774062816616, 32.87673083417764, 32.874535629854776, 32.872509287402906, 32.87706855791962, 32.87521107733874, 32.87386018237082, 32.87048294495103, 32.86946977372509, 32.868963188112126, 32.86879432624114, 32.86828774062817, 32.86811887875718, 32.86507936507937, 32.86811887875717, 32.869300911854104, 32.87031408308004, 32.87183383991895, 32.87166497804796, 32.87166497804796, 32.87200270178994, 32.872847011144884, 32.87571766295171, 32.876055386693686, 32.872678149273895, 32.87301587301587, 32.87065180682202, 32.87301587301587, 32.872509287402906, 32.87082066869301, 32.87301587301587, 32.870820668693014, 32.869300911854104, 32.86862546437015, 32.867443431273216, 32.867612293144205, 32.87065180682202, 32.868963188112126, 32.86592367443431, 32.86946977372509, 32.86997635933806, 32.870989530563996, 32.87014522120905, 32.87132725430598, 32.870820668693014, 32.87335359675785, 32.872509287402906, 32.874029044241816, 32.872847011144884, 32.87369132049983, 32.87183383991895, 32.87200270178994, 32.874535629854776, 32.87402904424181, 32.872509287402906, 32.87200270178994, 32.87149611617697, 32.87335359675785, 32.870820668693014, 32.87217156366093, 32.87369132049983, 32.87335359675785, 32.87082066869301, 32.87048294495103, 32.868963188112126, 32.86811887875718, 32.8677811550152, 32.86626139817629, 32.86474164133739, 32.86355960824046, 32.861702127659576, 32.86305302262749, 32.86136440391759, 32.86592367443431, 32.86592367443431, 32.865754812563324, 32.86491050320838, 32.867781155015194, 32.86828774062817, 32.86676798378926, 32.86507936507936, 32.86659912191827, 32.864235055724414, 32.86237757514353, 32.86355960824046, 32.86339074636947, 32.862208713272544, 32.86322188449848, 32.862039851401555, 32.86507936507937, 32.86727456940223, 32.86761229314421, 32.8645727794664, 32.86592367443431, 32.86491050320838, 32.86507936507937, 32.86507936507937, 32.865754812563324, 32.86355960824046, 32.86102668017562, 32.860351232691656, 32.86153326578858, 32.861702127659576, 32.8628841607565, 32.858662613981764, 32.85798716649781, 32.85916919959473, 32.86271529888551, 32.86322188449848, 32.862208713272544, 32.8611955420466, 32.86085781830463, 32.85883147585275, 32.85731171901385, 32.856129685916926, 32.856636271529894, 32.856467409658904, 32.85781830462682, 32.861702127659576, 32.858493752110775, 32.858156028368796, 32.85612968591692, 32.85900033772374, 32.858493752110775, 32.86085781830463, 32.856805133400876, 32.85596082404593, 32.85731171901385, 32.8564674096589, 32.85748058088484, 32.856636271529894, 32.85916919959473, 32.85916919959473, 32.858662613981764, 32.858156028368796, 32.85612968591692, 32.854609929078016, 32.858324890239786, 32.85883147585275, 32.85781830462682, 32.85714285714286, 32.858156028368796, 32.85748058088484, 31.85849375211077, 31.86052009456265, 31.86052009456265, 31.860013508949677, 31.861195542046605, 31.86339074636947, 31.86305302262749, 31.861026680175616, 31.85933806146572, 31.85849375211077, 31.86035123269166, 31.858324890239782, 31.857311719013847, 31.859675785207703, 31.860857818304627, 31.861533265788584, 31.859844647078692, 31.861364403917595, 31.862208713272544, 31.86322188449848, 31.86355960824046, 31.860688956433638, 31.860857818304627, 31.86237757514353, 31.85933806146572, 31.85916919959473, 31.8596757852077, 31.855960824045933, 31.858662613981764, 31.85916919959473, 31.862377575143533, 31.861364403917598, 31.86085781830463, 31.858324890239782, 31.85764944275583, 31.860520094562645, 31.858493752110775, 31.85984464707869, 31.86018237082067, 31.857987166497804, 31.8596757852077, 31.858831475852753, 31.860182370820674, 31.858324890239786, 31.857142857142858, 31.858156028368796, 31.85748058088484, 31.85714285714286, 31.853765619723063, 31.855116514690984, 31.854272205336038, 31.85359675785208, 31.85562310030395, 31.853596757852074, 31.854778790949005]",0.9126561480857669,0.9289459107830634,32,"[33, 33, 33, 33, 33, 33, 33, 33, 33, 33, 33, 33, 33, 33, 33, 33, 33, 33, 33, 33, 33, 33, 33, 33, 33, 33, 33, 33, 33, 33, 33, 33, 33, 33, 33, 33, 33, 33, 33, 33, 33, 33, 33, 33, 33, 33, 33, 33, 33, 33, 33, 33, 33, 33, 33, 33, 33, 33, 33, 33, 33, 33, 33, 33, 33, 33, 33, 33, 33, 33, 33, 33, 33, 33, 33, 33, 33, 33, 33, 33, 33, 33, 33, 33, 33, 33, 33, 33, 33, 33, 33, 33, 33, 33, 33, 33, 33, 33, 33, 33, 33, 33, 33, 33, 33, 33, 33, 33, 33, 33, 33, 33, 33, 33, 33, 33, 33, 33, 33, 33, 33, 33, 33, 33, 33, 33, 33, 33, 33, 33, 33, 33, 33, 33, 33, 33, 33, 33, 33, 33, 33, 33, 33, 33, 33, 33, 33, 33, 33, 33, 33, 33, 33, 33, 33, 33, 33, 33, 33, 33, 33, 33, 33, 33, 33, 33, 33, 33, 33, 33, 33, 33, 33, 33, 33, 33, 33, 33, 33, 33, 33, 33, 33, 33, 33, 33, 33, 33, 33, 33, 33, 33, 33, 33, 33, 33, 33, 33, 33, 33, 33, 33, 33, 33, 33, 33, 33, 33, 33, 33, 33, 33, 33, 33, 33, 33, 33, 33, 33, 33, 33, 33, 33, 33, 33, 33, 33, 33, 33, 33, 33, 33, 33, 33, 33, 33, 33, 33, 33, 33, 33, 33, 33, 33, 33, 33, 33, 33, 33, 33, 33, 33, 33, 33, 33, 33, 33, 33, 33, 33, 33, 33, 33, 33, 33, 33, 33, 33, 33, 33, 33, 33, 33, 33, 33, 33, 33, 33, 33, 33, 33, 33, 33, 33, 33, 33, 33, 33, 33, 33, 33, 33, 33, 33, 33, 33, 33, 33, 33, 33, 33, 33, 33, 33, 33, 33, 33, 33, 33, 33, 33, 33, 33, 33, 33, 33, 33, 33, 33, 33, 33, 33, 33, 33, 33, 33, 33, 33, 33, 33, 33, 33, 33, 33, 33, 33, 33, 33, 33, 33, 33, 33, 33, 33, 33, 33, 33, 33, 33, 33, 33, 33, 33, 33, 33, 33, 33, 33, 33, 33, 33, 33, 33, 33, 33, 33, 33, 33, 33, 33, 32, 32, 32, 32, 32, 32, 32, 32, 32, 32, 32, 32, 32, 32, 32, 32, 32, 32, 32, 32, 32, 32, 32, 32, 32, 32, 32, 32, 32, 32, 32, 32, 32, 32, 32, 32, 32, 32, 32, 32, 32, 32, 32, 32, 32, 32, 32, 32, 32, 32, 32, 32, 32, 32, 32]",425,"[0.40395188331604004, 0.39744797348976135, 0.3927515745162964, 0.38886940479278564, 0.38585740327835083, 0.3834109902381897, 0.38128596544265747, 0.3796091079711914, 0.377953439950943, 0.3765034079551697, 0.3752917945384979, 0.3742915093898773, 0.37302953004837036, 0.3720912039279938, 0.3709694743156433, 0.3698902130126953, 0.36924660205841064, 0.36805498600006104, 0.36711663007736206, 0.3664288818836212, 0.3654543161392212, 0.364437073469162, 0.3636051118373871, 0.36326342821121216, 0.36208388209342957, 0.3611370027065277, 0.3604278564453125, 0.3592940866947174, 0.35860276222229004, 0.35796046257019043, 0.35719507932662964, 0.3562891483306885, 0.35555708408355713, 0.35447272658348083, 0.3536413908004761, 0.35298919677734375, 0.35217466950416565, 0.3514065444469452, 0.35061848163604736, 0.34973403811454773, 0.3489871621131897, 0.3482942581176758, 0.34753599762916565, 0.34678328037261963, 0.3460049331188202, 0.3453593850135803, 0.34448572993278503, 0.3437814712524414, 0.343474805355072, 0.34253156185150146, 0.3416496217250824, 0.34095749258995056, 0.34025561809539795, 0.33959829807281494, 0.3385776877403259, 0.3378404676914215, 0.33714473247528076, 0.33628809452056885, 0.3355747163295746, 0.3347822427749634, 0.3342382311820984, 0.33346447348594666, 0.33242902159690857, 0.3316197097301483, 0.3310908377170563, 0.33014172315597534, 0.3291526436805725, 0.3294207453727722, 0.3280037045478821, 0.3271951377391815, 0.3257429897785187, 0.32509666681289673, 0.3240131735801697, 0.3229552209377289, 0.32202205061912537, 0.3211776316165924, 0.32011470198631287, 0.3197791874408722, 0.31801939010620117, 0.31702980399131775, 0.31592902541160583, 0.3149397373199463, 0.3137933611869812, 0.3126363456249237, 0.3116558790206909, 0.3105792999267578, 0.3093279004096985, 0.3080875277519226, 0.30692121386528015, 0.3061397671699524, 0.3051201105117798, 0.30382269620895386, 0.3026164174079895, 0.30069735646247864, 0.29956644773483276, 0.2981976270675659, 0.2971251606941223, 0.2959499955177307, 0.2947379946708679, 0.29338279366493225, 0.2922033965587616, 0.2912082374095917, 0.29000163078308105, 0.2889346182346344, 0.2877366840839386, 0.28693822026252747, 0.2854986786842346, 0.284614235162735, 0.28327563405036926, 0.2823464274406433, 0.2813583314418793, 0.28060275316238403, 0.2793988585472107, 0.2784120738506317, 0.27755501866340637, 0.2768315076828003, 0.27578866481781006, 0.2750079035758972, 0.2745142877101898, 0.27379223704338074, 0.2728167772293091, 0.27214181423187256, 0.271289587020874, 0.27045130729675293, 0.26994359493255615, 0.2691236734390259, 0.2683962881565094, 0.2680383324623108, 0.26722005009651184, 0.2666877508163452, 0.2658231258392334, 0.26544108986854553, 0.2645207941532135, 0.26416701078414917, 0.26331380009651184, 0.26260149478912354, 0.2620774209499359, 0.2616656720638275, 0.26095184683799744, 0.2605278491973877, 0.26011955738067627, 0.25931596755981445, 0.25915586948394775, 0.258439302444458, 0.2581770420074463, 0.2574969232082367, 0.2569660246372223, 0.25613296031951904, 0.25560757517814636, 0.2552433907985687, 0.25463175773620605, 0.25413763523101807, 0.25364628434181213, 0.2531318962574005, 0.2526853680610657, 0.2522329092025757, 0.2517770528793335, 0.25128716230392456, 0.2507648169994354, 0.250179260969162, 0.24987779557704926, 0.24935370683670044, 0.24881906807422638, 0.24844759702682495, 0.24789083003997803, 0.2476074993610382, 0.2472292184829712, 0.24675241112709045, 0.24619241058826447, 0.24604284763336182, 0.24542345106601715, 0.24502581357955933, 0.24469110369682312, 0.24454765021800995, 0.24398918449878693, 0.243375763297081, 0.24314653873443604, 0.24250580370426178, 0.24217210710048676, 0.2422780841588974, 0.24151897430419922, 0.2411257028579712, 0.24064767360687256, 0.2399016171693802, 0.239488884806633, 0.2392352670431137, 0.23901379108428955, 0.23810218274593353, 0.23793873190879822, 0.23749536275863647, 0.237274631857872, 0.23695798218250275, 0.23674285411834717, 0.23620830476284027, 0.2357446849346161, 0.23542287945747375, 0.2351161390542984, 0.23470334708690643, 0.23453514277935028, 0.2340524047613144, 0.23364609479904175, 0.2334255427122116, 0.23306845128536224, 0.2330758422613144, 0.2323436737060547, 0.23227915167808533, 0.23160028457641602, 0.2311980277299881, 0.2312660664319992, 0.2309131622314453, 0.2302352786064148, 0.23002828657627106, 0.22970663011074066, 0.2290855050086975, 0.2286446988582611, 0.22835440933704376, 0.22824712097644806, 0.22812210023403168, 0.22745361924171448, 0.2275153547525406, 0.22710227966308594, 0.22692835330963135, 0.2267511785030365, 0.22654426097869873, 0.22587177157402039, 0.22603434324264526, 0.2261275351047516, 0.22557705640792847, 0.22453437745571136, 0.22436121106147766, 0.2242901772260666, 0.22387667000293732, 0.22372648119926453, 0.22358064353466034, 0.22304973006248474, 0.22274629771709442, 0.22263604402542114, 0.22221414744853973, 0.22214509546756744, 0.2215808629989624, 0.2214697301387787, 0.2212563306093216, 0.22069717943668365, 0.22122342884540558, 0.22012008726596832, 0.22033120691776276, 0.22042042016983032, 0.22037507593631744, 0.21992211043834686, 0.21981744468212128, 0.21951022744178772, 0.21897563338279724, 0.2189786583185196, 0.21919864416122437, 0.2190096527338028, 0.2180870622396469, 0.21791991591453552, 0.2180337756872177, 0.2175702601671219, 0.21739579737186432, 0.21766197681427002, 0.21704570949077606, 0.21677760779857635, 0.2170623391866684, 0.21727514266967773, 0.216572105884552, 0.21555966138839722, 0.21553371846675873, 0.2156752645969391, 0.21552690863609314, 0.2148318886756897, 0.21517592668533325, 0.21497568488121033, 0.21514886617660522, 0.21517935395240784, 0.2147684544324875, 0.21483173966407776, 0.21407023072242737, 0.2138368785381317, 0.21351253986358643, 0.21372352540493011, 0.21454238891601562, 0.21323303878307343, 0.2135164588689804, 0.2134348750114441, 0.21264353394508362, 0.21257756650447845, 0.21188341081142426, 0.21275024116039276, 0.21209712326526642, 0.2116384357213974, 0.21138066053390503, 0.2116750329732895, 0.21273204684257507, 0.21141642332077026, 0.21107468008995056, 0.21070846915245056, 0.2110157012939453, 0.21105386316776276, 0.21080026030540466, 0.21052303910255432, 0.21047352254390717, 0.20995751023292542, 0.21019436419010162, 0.2105145901441574, 0.21041229367256165, 0.20969440042972565, 0.20980539917945862, 0.2095382660627365, 0.21031999588012695, 0.20888358354568481, 0.20971810817718506, 0.20964281260967255, 0.2092445343732834, 0.2092701494693756, 0.2102283537387848, 0.20907782018184662, 0.20842590928077698, 0.2082172930240631, 0.2087327241897583, 0.20866279304027557, 0.20740070939064026, 0.20749488472938538, 0.2075837254524231, 0.2073659896850586, 0.20748931169509888, 0.20698517560958862, 0.2069491147994995, 0.20722775161266327, 0.2085256427526474, 0.207255020737648, 0.20706726610660553, 0.20653888583183289, 0.2071482241153717, 0.2070530354976654, 0.20706577599048615, 0.20677252113819122, 0.20737490057945251, 0.20657776296138763, 0.20616136491298676, 0.20697690546512604, 0.20658820867538452, 0.2065969854593277, 0.20588698983192444, 0.20716135203838348, 0.20707307755947113, 0.20514358580112457, 0.2058541625738144, 0.20576618611812592, 0.20619197189807892, 0.20695309340953827, 0.20644240081310272, 0.20566004514694214, 0.20544050633907318, 0.20478123426437378, 0.2044677585363388, 0.20574399828910828, 0.2055833786725998, 0.20525065064430237, 0.20488768815994263, 0.2045430988073349, 0.2054479569196701, 0.20534755289554596, 0.20428234338760376, 0.2056998610496521, 0.20444507896900177, 0.2039363831281662, 0.2043878585100174, 0.2039913684129715, 0.20452290773391724, 0.20290225744247437, 0.2040172964334488, 0.20338840782642365, 0.20303699374198914, 0.20413397252559662, 0.20319503545761108, 0.20318399369716644, 0.20375750958919525, 0.20268329977989197, 0.2029542475938797, 0.20396415889263153, 0.2039889693260193, 0.20376619696617126, 0.20443904399871826, 0.20267097651958466, 0.2022988647222519, 0.20264846086502075, 0.20266002416610718, 0.20285619795322418, 0.20235693454742432, 0.20177678763866425, 0.2021925151348114, 0.20204992592334747, 0.20200149714946747, 0.2021700143814087, 0.20204414427280426, 0.20127201080322266, 0.2024054378271103, 0.2015131562948227, 0.20156842470169067, 0.20143617689609528, 0.20357492566108704, 0.20204558968544006, 0.201569065451622, 0.20135006308555603, 0.20151358842849731, 0.20231571793556213, 0.2005883753299713, 0.20152226090431213, 0.2013072818517685, 0.19949449598789215, 0.2002992033958435, 0.20018455386161804, 0.20182010531425476, 0.20266598463058472, 0.20175859332084656, 0.20135316252708435, 0.2014465481042862, 0.20074385404586792, 0.20089660584926605, 0.20127536356449127, 0.20049026608467102, 0.20093445479869843, 0.20078080892562866, 0.20033477246761322]",32.0,"[33.0, 33.0, 33.0, 33.0, 33.0, 33.0, 33.0, 33.0, 33.0, 33.0, 33.0, 33.0, 33.0, 33.0, 33.0, 33.0, 33.0, 33.0, 33.0, 33.0, 33.0, 33.0, 33.0, 33.0, 33.0, 33.0, 33.0, 33.0, 33.0, 33.0, 33.0, 33.0, 33.0, 33.0, 33.0, 33.0, 33.0, 33.0, 33.0, 33.0, 33.0, 33.0, 33.0, 33.0, 33.0, 33.0, 33.0, 33.0, 33.0, 33.0, 33.0, 33.0, 33.0, 33.0, 33.0, 33.0, 33.0, 33.0, 33.0, 33.0, 33.0, 33.0, 33.0, 33.0, 33.0, 33.0, 33.0, 33.0, 33.0, 33.0, 33.0, 33.0, 33.0, 33.0, 33.0, 33.0, 33.0, 33.0, 33.0, 33.0, 33.0, 33.0, 33.0, 33.0, 33.0, 33.0, 33.0, 33.0, 33.0, 33.0, 33.0, 33.0, 33.0, 33.0, 33.0, 33.0, 33.0, 33.0, 33.0, 33.0, 33.0, 33.0, 33.0, 33.0, 33.0, 33.0, 33.0, 33.0, 33.0, 33.0, 33.0, 33.0, 33.0, 33.0, 33.0, 33.0, 33.0, 33.0, 33.0, 33.0, 33.0, 33.0, 33.0, 33.0, 33.