,number,value,datetime_start,datetime_complete,duration,params_batch_size_scaler,params_constant_learning_rate,params_depth,params_epochs,params_kernel_l2,params_num_trees,params_temperature,user_attrs_accuracy_test,user_attrs_accuracy_valid,user_attrs_approximate_feature_sparsity,user_attrs_approximate_feature_sparsity_history,user_attrs_approximate_weight_sparsity,user_attrs_approximate_weight_sparsity_history,user_attrs_auc_test,user_attrs_auc_valid,user_attrs_feature_sparsity,user_attrs_feature_sparsity_history,user_attrs_num_epochs,user_attrs_val_loss_history,user_attrs_weight_sparsity,user_attrs_weight_sparsity_history,state
33,33,0.5,2024-08-31 01:45:19.183677,2024-08-31 01:46:20.264810,0 days 00:01:01.081133,4,2.269279995369176,2,440,0.3420808973739781,3,0.004124029638323179,0.859,0.85875,0,"[0, 0, 0, 0, 0, 0, 0, 0, 0, 0, 0, 0, 0, 0, 0, 0, 0, 0, 0, 0, 0, 0, 0, 0, 0, 0, 0, 0, 0, 0, 0, 0, 0, 0, 0, 0, 0, 0, 0, 0, 0, 0, 0, 0, 0, 0, 0, 0, 0, 0, 0, 0, 0, 0, 0, 0, 0, 0, 0, 0, 0, 0, 0, 0, 0, 0, 0, 0, 0, 0, 0, 0, 0, 0, 0, 0, 0, 0, 0, 0, 0, 0, 0, 0, 0, 0, 0, 0, 0, 0, 0, 0, 0, 0, 0, 0, 0, 0, 0, 0, 0, 0, 0, 0, 0, 0, 0, 0, 0, 0, 0, 0, 0, 0, 0, 0, 0, 0, 0, 0, 0, 0, 0, 0, 0, 0, 0, 0, 0, 0, 0, 0, 0, 0, 0, 0, 0, 0, 0, 0, 0, 0, 0, 0, 0, 0, 0, 0, 0, 0, 0, 0, 0, 0, 0, 0, 0, 0, 0, 0, 0, 0, 0, 0, 0, 0, 0, 0, 0, 0, 0, 0, 0, 0, 0, 0, 0, 0, 0, 0, 0, 0, 0, 0, 0, 0, 0, 0, 0, 0, 0, 0, 0, 0, 0, 0, 0, 0, 0, 0, 0, 0, 0, 0, 0, 0, 0, 0, 0, 0, 0, 0, 0, 0, 0, 0, 0, 0, 0, 0, 0, 0, 0, 0, 0, 0, 0, 0, 0, 0, 0, 0, 0, 0, 0, 0, 0, 0, 0, 0, 0, 0, 0, 0, 0, 0, 0, 0, 0, 0, 0, 0, 0, 0, 0, 0, 0, 0, 0, 0, 0, 0, 0, 0, 0, 0, 0, 0, 0, 0, 0, 0, 0, 0, 0, 0, 0, 0, 0, 0, 0, 0, 0, 0, 0, 0, 0, 0, 0, 0, 0, 0, 0, 0, 0, 0, 0, 0, 0, 0, 0, 0, 0, 0, 0, 0, 0, 0, 0, 0, 0, 0, 0, 0, 0, 0, 0, 0, 0, 0, 0, 0, 0, 0, 0, 0, 0, 0, 0, 0, 0, 0, 0, 0, 0, 0, 0, 0, 0, 0, 0, 0, 0, 0, 0, 0, 0, 0, 0, 0, 0, 0, 0, 0, 0, 0, 0, 0, 0, 0, 0, 0, 0, 0, 0, 0, 0, 0, 0, 0, 0, 0, 0, 0, 0, 0, 0, 0, 0, 0, 0, 0, 0, 0, 0, 0, 0, 0, 0, 0, 0, 0, 0, 0, 0, 0, 0, 0, 0, 0, 0, 0, 0, 0, 0, 0, 0, 0, 0, 0, 0, 0, 0, 0, 0, 0, 0, 0, 0, 0, 0, 0, 0, 0, 0, 0, 0, 0, 0, 0, 0, 0, 0, 0, 0, 0, 0, 0, 0, 0]",0.0,"[0.0, 0.0, 0.0, 0.0, 0.0, 0.0, 0.0, 0.0, 0.0, 0.0, 0.0, 0.0, 0.0, 0.0, 0.0, 0.0, 0.0, 0.0, 0.0, 0.0, 0.0, 0.0, 0.0, 0.0, 0.0, 0.0, 0.0, 0.0, 0.0, 0.0, 0.0, 0.0, 0.0, 0.0, 0.0, 0.0, 0.0, 0.0, 0.0, 0.0, 0.0, 0.0, 0.0, 0.0, 0.0, 0.0, 0.0, 0.0, 0.0, 0.0, 0.0, 0.0, 0.0, 0.0, 0.0, 0.0, 0.0, 0.0, 0.0, 0.0, 0.0, 0.0, 0.0, 0.0, 0.0, 0.0, 0.0, 0.0, 0.0, 0.0, 0.0, 0.0, 0.0, 0.0, 0.0, 0.0, 0.0, 0.0, 0.0, 0.0, 0.0, 0.0, 0.0, 0.0, 0.0, 0.0, 0.0, 0.0, 0.0, 0.0, 0.0, 0.0, 0.0, 0.0, 0.0, 0.0, 0.0, 0.0, 0.0, 0.0, 0.0, 0.0, 0.0, 0.0, 0.0, 0.0, 0.0, 0.0, 0.0, 0.0, 0.0, 0.0, 0.0, 0.0, 0.0, 0.0, 0.0, 0.0, 0.0, 0.0, 0.0, 0.0, 0.0, 0.0, 0.0, 0.0, 0.0, 0.0, 0.0, 0.0, 0.0, 0.0, 0.0, 0.0, 0.0, 0.0, 0.0, 0.0, 0.0, 0.0, 0.0, 0.0, 0.0, 0.0, 0.0, 0.0, 0.0, 0.0, 0.0, 0.0, 0.0, 0.0, 0.0, 0.0, 0.0, 0.0, 0.0, 0.0, 0.0, 0.0, 0.0, 0.0, 0.0, 0.0, 0.0, 0.0, 0.0, 0.0, 0.0, 0.0, 0.0, 0.0, 0.0, 0.0, 0.0, 0.0, 0.0, 0.0, 0.0, 0.0, 0.0, 0.0, 0.0, 0.0, 0.0, 0.0, 0.0, 0.0, 0.0, 0.0, 0.0, 0.0, 0.0, 0.0, 0.0, 0.0, 0.0, 0.0, 0.0, 0.0, 0.0, 0.0, 0.0, 0.0, 0.0, 0.0, 0.0, 0.0, 0.0, 0.0, 0.0, 0.0, 0.0, 0.0, 0.0, 0.0, 0.0, 0.0, 0.0, 0.0, 0.0, 0.0, 0.0, 0.0, 0.0, 0.0, 0.0, 0.0, 0.0, 0.0, 0.0, 0.0, 0.0, 0.0, 0.0, 0.0, 0.0, 0.0, 0.0, 0.0, 0.0, 0.0, 0.0, 0.0, 0.0, 0.0, 0.0, 0.0, 0.0, 0.0, 0.0, 0.0, 0.0, 0.0, 0.0, 0.0, 0.0, 0.0, 0.0, 0.0, 0.0, 0.0, 0.0, 0.0, 0.0, 0.0, 0.0, 0.0, 0.0, 0.0, 0.0, 0.0, 0.0, 0.0, 0.0, 0.0, 0.0, 0.0, 0.0, 0.0, 0.0, 0.0, 0.0, 0.0, 0.0, 0.0, 0.0, 0.0, 0.0, 0.0, 0.0, 0.0, 0.0, 0.0, 0.0, 0.0, 0.0, 0.0, 0.0, 0.0, 0.0, 0.0, 0.0, 0.0, 0.0, 0.0, 0.0, 0.0, 0.0, 0.0, 0.0, 0.0, 0.0, 0.0, 0.0, 0.0, 0.0, 0.0, 0.0, 0.0, 0.0, 0.0, 0.0, 0.0, 0.0, 0.0, 0.0, 0.0, 0.0, 0.0, 0.0, 0.0, 0.0, 0.0, 0.0, 0.0, 0.0, 0.0, 0.0, 0.0, 0.0, 0.0, 0.0, 0.0, 0.0, 0.0, 0.0, 0.0, 0.0, 0.0, 0.0, 0.0, 0.0, 0.0, 0.0, 0.0, 0.0, 0.0, 0.0, 0.0, 0.0, 0.0, 0.0, 0.0, 0.0, 0.0, 0.0, 0.0, 0.0, 0.0, 0.0, 0.0, 0.0, 0.0, 0.0, 0.0, 0.0, 0.0, 0.0, 0.0, 0.0, 0.0, 0.0, 0.0, 0.0, 0.0, 0.0, 0.0, 0.0, 0.0, 0.0, 0.0, 0.0, 0.0, 0.0, 0.0, 0.0, 0.0, 0.0, 0.0, 0.0, 0.0, 0.0, 0.0, 0.0, 0.0, 0.0, 0.0, 0.0, 0.0, 0.0, 0.0, 0.0, 0.0, 0.0, 0.0, 0.0, 0.0, 0.0, 0.0, 0.0, 0.0, 0.0, 0.0, 0.0, 0.0, 0.0, 0.0, 0.0, 0.0, 0.0, 0.0, 0.0, 0.0, 0.0, 0.0, 0.0, 0.0, 0.0, 0.0]",0.5,0.5,0,"[0, 0, 0, 0, 0, 0, 0, 0, 0, 0, 0, 0, 0, 0, 0, 0, 0, 0, 0, 0, 0, 0, 0, 0, 0, 0, 0, 0, 0, 0, 0, 0, 0, 0, 0, 0, 0, 0, 0, 0, 0, 0, 0, 0, 0, 0, 0, 0, 0, 0, 0, 0, 0, 0, 0, 0, 0, 0, 0, 0, 0, 0, 0, 0, 0, 0, 0, 0, 0, 0, 0, 0, 0, 0, 0, 0, 0, 0, 0, 0, 0, 0, 0, 0, 0, 0, 0, 0, 0, 0, 0, 0, 0, 0, 0, 0, 0, 0, 0, 0, 0, 0, 0, 0, 0, 0, 0, 0, 0, 0, 0, 0, 0, 0, 0, 0, 0, 0, 0, 0, 0, 0, 0, 0, 0, 0, 0, 0, 0, 0, 0, 0, 0, 0, 0, 0, 0, 0, 0, 0, 0, 0, 0, 0, 0, 0, 0, 0, 0, 0, 0, 0, 0, 0, 0, 0, 0, 0, 0, 0, 0, 0, 0, 0, 0, 0, 0, 0, 0, 0, 0, 0, 0, 0, 0, 0, 0, 0, 0, 0, 0, 0, 0, 0, 0, 0, 0, 0, 0, 0, 0, 0, 0, 0, 0, 0, 0, 0, 0, 0, 0, 0, 0, 0, 0, 0, 0, 0, 0, 0, 0, 0, 0, 0, 0, 0, 0, 0, 0, 0, 0, 0, 0, 0, 0, 0, 0, 0, 0, 0, 0, 0, 0, 0, 0, 0, 0, 0, 0, 0, 0, 0, 0, 0, 0, 0, 0, 0, 0, 0, 0, 0, 0, 0, 0, 0, 0, 0, 0, 0, 0, 0, 0, 0, 0, 0, 0, 0, 0, 0, 0, 0, 0, 0, 0, 0, 0, 0, 0, 0, 0, 0, 0, 0, 0, 0, 0, 0, 0, 0, 0, 0, 0, 0, 0, 0, 0, 0, 0, 0, 0, 0, 0, 0, 0, 0, 0, 0, 0, 0, 0, 0, 0, 0, 0, 0, 0, 0, 0, 0, 0, 0, 0, 0, 0, 0, 0, 0, 0, 0, 0, 0, 0, 0, 0, 0, 0, 0, 0, 0, 0, 0, 0, 0, 0, 0, 0, 0, 0, 0, 0, 0, 0, 0, 0, 0, 0, 0, 0, 0, 0, 0, 0, 0, 0, 0, 0, 0, 0, 0, 0, 0, 0, 0, 0, 0, 0, 0, 0, 0, 0, 0, 0, 0, 0, 0, 0, 0, 0, 0, 0, 0, 0, 0, 0, 0, 0, 0, 0, 0, 0, 0, 0, 0, 0, 0, 0, 0, 0, 0, 0, 0, 0, 0, 0, 0, 0, 0, 0, 0, 0, 0, 0, 0, 0, 0, 0, 0, 0, 0, 0, 0, 0, 0, 0, 0, 0, 0, 0, 0]",440,"[0.4072471857070923, 0.4072430431842804, 0.4257357120513916, 0.4094780385494232, 0.4075939953327179, 0.40746989846229553, 0.4159119427204132, 0.42030471563339233, 0.4155818819999695, 0.409644216299057, 0.4150281846523285, 0.4074329137802124, 0.41085052490234375, 0.4075953960418701, 0.4077812135219574, 0.40798094868659973, 0.40923240780830383, 0.40752899646759033, 0.40728533267974854, 0.41115283966064453, 0.41204583644866943, 0.4169255793094635, 0.4072369635105133, 0.407557874917984, 0.4083593785762787, 0.4161011874675751, 0.4072423577308655, 0.4084286093711853, 0.40722617506980896, 0.4073141813278198, 0.4110804796218872, 0.4084671139717102, 0.40733441710472107, 0.4120616614818573, 0.4135286808013916, 0.4099360704421997, 0.40919792652130127, 0.4091787040233612, 0.41012856364250183, 0.4132569134235382, 0.4073050618171692, 0.4072493612766266, 0.40895068645477295, 0.40728703141212463, 0.40723150968551636, 0.40723758935928345, 0.4073290228843689, 0.4072287082672119, 0.40781962871551514, 0.40757477283477783, 0.4129813015460968, 0.40876632928848267, 0.41355839371681213, 0.4105430245399475, 0.4072630703449249, 0.407370388507843, 0.407228022813797, 0.40973445773124695, 0.4074971675872803, 0.4100944995880127, 0.41129598021507263, 0.41115981340408325, 0.4072280824184418, 0.4078604578971863, 0.4072294235229492, 0.4073381721973419, 0.40724095702171326, 0.4100172817707062, 0.4100538492202759, 0.40973660349845886, 0.4090902805328369, 0.4084363281726837, 0.40843665599823, 0.40773239731788635, 0.40932855010032654, 0.4089345932006836, 0.40846461057662964, 0.407604455947876, 0.40899458527565, 0.40833941102027893, 0.4117855131626129, 0.40728023648262024, 0.407599538564682, 0.40724536776542664, 0.40726399421691895, 0.40725764632225037, 0.4093559682369232, 0.40725651383399963, 0.4072708785533905, 0.4075114130973816, 0.40785202383995056, 0.4089636206626892, 0.4126894474029541, 0.4114140272140503, 0.40728509426116943, 0.41051357984542847, 0.407536119222641, 0.4079150855541229, 0.40782588720321655, 0.4105406701564789, 0.40975722670555115, 0.4103047251701355, 0.4074667692184448, 0.4072302281856537, 0.40742531418800354, 0.40892693400382996, 0.4076107144355774, 0.40724536776542664, 0.40784019231796265, 0.40781277418136597, 0.4078395962715149, 0.40833958983421326, 0.408791720867157, 0.4102655053138733, 0.40803825855255127, 0.407339483499527, 0.4072355031967163, 0.40736064314842224, 0.41199061274528503, 0.40805643796920776, 0.4095746576786041, 0.40770164132118225, 0.4106939435005188, 0.408040314912796, 0.40826719999313354, 0.4076923131942749, 0.40807488560676575, 0.40894806385040283, 0.40980350971221924, 0.40745383501052856, 0.40765300393104553, 0.40929368138313293, 0.4142991304397583, 0.40728759765625, 0.4079683721065521, 0.41225284337997437, 0.4088068902492523, 0.410315603017807, 0.411970853805542, 0.4074932932853699, 0.4128861129283905, 0.40733471512794495, 0.4120577573776245, 0.40799087285995483, 0.40845873951911926, 0.4074628949165344, 0.4088488519191742, 0.4093373119831085, 0.4072261452674866, 0.4082222878932953, 0.40758487582206726, 0.4076283574104309, 0.4082859456539154, 0.40740954875946045, 0.4076367914676666, 0.4074046313762665, 0.40786275267601013, 0.40736839175224304, 0.4072336256504059, 0.4075435698032379, 0.4103912115097046, 0.41127246618270874, 0.4099472165107727, 0.4113418459892273, 0.40734782814979553, 0.4160502552986145, 0.41056933999061584, 0.40803587436676025, 0.4130426049232483, 0.4081019163131714, 0.4078919589519501, 0.40731942653656006, 0.40727531909942627, 0.40951916575431824, 0.40825676918029785, 0.4075583219528198, 0.4073351323604584, 0.40832462906837463, 0.407233327627182, 0.40726059675216675, 0.4074745178222656, 0.40825706720352173, 0.4074825346469879, 0.4077773988246918, 0.40752044320106506, 0.4075620770454407, 0.4075072407722473, 0.4078899621963501, 0.4072490632534027, 0.40800198912620544, 0.40780651569366455, 0.40898919105529785, 0.4083726406097412, 0.4077702760696411, 0.4086664319038391, 0.40734589099884033, 0.408315509557724, 0.40734362602233887, 0.4094138741493225, 0.40874701738357544, 0.4108504056930542, 0.4105622172355652, 0.4084406793117523, 0.40728214383125305, 0.4074315130710602, 0.4072318375110626, 0.40844565629959106, 0.4153791069984436, 0.4077763259410858, 0.40730801224708557, 0.4090687036514282, 0.40727004408836365, 0.40726420283317566, 0.40724295377731323, 0.4080883264541626, 0.40730902552604675, 0.411205530166626, 0.4088514447212219, 0.4074268341064453, 0.4078127145767212, 0.40755119919776917, 0.4103214740753174, 0.4076330065727234, 0.40724867582321167, 0.407652884721756, 0.4092017114162445, 0.41039684414863586, 0.4082944095134735, 0.4100513756275177, 0.40744736790657043, 0.4072515070438385, 0.410118967294693, 0.40805527567863464, 0.4092859923839569, 0.41008442640304565, 0.4072268009185791, 0.4072314500808716, 0.40727680921554565, 0.4075530171394348, 0.4074355959892273, 0.4074219763278961, 0.4079045355319977, 0.40813881158828735, 0.4073609411716461, 0.4076768457889557, 0.407822847366333, 0.4102022051811218, 0.4072635769844055, 0.40723907947540283, 0.4095792770385742, 0.41116592288017273, 0.40785473585128784, 0.4078191816806793, 0.4072267413139343, 0.40808171033859253, 0.40763577818870544, 0.40860337018966675, 0.4089292287826538, 0.40765488147735596, 0.40734559297561646, 0.4094201624393463, 0.40723270177841187, 0.41035422682762146, 0.40726909041404724, 0.41331467032432556, 0.4131871461868286, 0.41078177094459534, 0.40955647826194763, 0.40909573435783386, 0.408389687538147, 0.40768104791641235, 0.40742409229278564, 0.4072485864162445, 0.4078322947025299, 0.40941739082336426, 0.40935760736465454, 0.40783435106277466, 0.4072433114051819, 0.41159066557884216, 0.40823039412498474, 0.4076074957847595, 0.407340407371521, 0.4103531241416931, 0.40862831473350525, 0.40788280963897705, 0.4127395749092102, 0.4131726324558258, 0.4130585193634033, 0.40751779079437256, 0.41362762451171875, 0.41033121943473816, 0.40772175788879395, 0.4154192805290222, 0.40765923261642456, 0.40724095702171326, 0.4112570583820343, 0.4095746576786041, 0.4083210825920105, 0.4073109030723572, 0.40734389424324036, 0.4077746272087097, 0.4088466167449951, 0.4072398245334625, 0.4072391092777252, 0.41337716579437256, 0.407615065574646, 0.40760064125061035, 0.407267689704895, 0.40870049595832825, 0.4085683822631836, 0.4076261818408966, 0.4077955484390259, 0.4073120355606079, 0.4085655212402344, 0.4074068069458008, 0.41271689534187317, 0.4090896248817444, 0.41204842925071716, 0.407293438911438, 0.4072546660900116, 0.4083425998687744, 0.4073411524295807, 0.4077843725681305, 0.40884339809417725, 0.40943482518196106, 0.4072262644767761, 0.42969298362731934, 0.40748435258865356, 0.40906819701194763, 0.40819403529167175, 0.4077303409576416, 0.4079342782497406, 0.40963053703308105, 0.40790989995002747, 0.40779441595077515, 0.4073907136917114, 0.41008296608924866, 0.407256156206131, 0.4073359966278076, 0.4079006612300873, 0.4090760052204132, 0.41087445616722107, 0.4083758592605591, 0.40766671299934387, 0.4081750214099884, 0.40729185938835144, 0.4108824133872986, 0.4072306156158447, 0.4077812433242798, 0.4089818596839905, 0.4075603187084198, 0.41546404361724854, 0.41528624296188354, 0.40774574875831604, 0.41018420457839966, 0.41401490569114685, 0.41208675503730774, 0.409480482339859, 0.4113568067550659, 0.41427290439605713, 0.4074442684650421, 0.40750500559806824, 0.40722617506980896, 0.4090547263622284, 0.40857434272766113, 0.4080520570278168, 0.407551109790802, 0.4078318774700165, 0.4074000120162964, 0.40812018513679504, 0.4074563980102539, 0.40729498863220215, 0.4074561595916748, 0.40723296999931335, 0.41132426261901855, 0.4083338677883148, 0.4238240718841553, 0.41388338804244995, 0.4074432849884033, 0.4072539806365967, 0.4072851836681366, 0.40797650814056396, 0.41369810700416565, 0.4103259742259979, 0.4075103998184204, 0.40730777382850647, 0.412718266248703, 0.409993052482605, 0.4092763662338257, 0.40722769498825073, 0.4082471430301666, 0.4088567793369293, 0.4080773890018463, 0.40724050998687744, 0.4086950421333313, 0.4079774022102356, 0.4072467088699341, 0.40809082984924316, 0.4112969934940338, 0.40881073474884033, 0.40739235281944275, 0.4128894805908203, 0.40723422169685364, 0.40753525495529175, 0.4075455367565155, 0.41237032413482666, 0.40832987427711487, 0.4086419939994812, 0.40729036927223206, 0.4072343111038208, 0.40803444385528564, 0.40831372141838074, 0.4073640704154968, 0.4108755588531494, 0.4090974032878876, 0.40803709626197815, 0.40741947293281555, 0.41323935985565186, 0.4073386490345001, 0.4097829759120941, 0.4080379903316498, 0.4098633825778961, 0.4078114628791809, 0.40747520327568054, 0.40758636593818665, 0.40813079476356506, 0.4123965799808502, 0.40777844190597534, 0.40734878182411194, 0.40722978115081787, 0.4113841652870178, 0.40728336572647095, 0.4083651602268219, 0.4073415696620941, 0.4076431393623352, 0.4080255627632141, 0.4075138568878174, 0.40722736716270447, 0.40724101662635803, 0.4074024260044098]",0.0,"[0.0, 0.0, 0.0, 0.0, 0.0, 0.0, 0.0, 0.0, 0.0, 0.0, 0.0, 0.0, 0.0, 0.0, 0.0, 0.0, 0.0, 0.0, 0.0, 0.0, 0.0, 0.0, 0.0, 0.0, 0.0, 0.0, 0.0, 0.0, 0.0, 0.0, 0.0, 0.0, 0.0, 0.0, 0.0, 0.0, 0.0, 0.0, 0.0, 0.0, 0.0, 0.0, 0.0, 0.0, 0.0, 0.0, 0.0, 0.0, 0.0, 0.0, 0.0, 0.0, 0.0, 0.0, 0.0, 0.0, 0.0, 0.0, 0.0, 0.0, 0.0, 0.0, 0.0, 0.0, 0.0, 0.0, 0.0, 0.0, 0.0, 0.0, 0.0, 0.0, 0.0, 0.0, 0.0, 0.0, 0.0, 0.0, 0.0, 0.0, 0.0, 0.0, 0.0, 0.0, 0.0, 0.0, 0.0, 0.0, 0.0, 0.0, 0.0, 0.0, 0.0, 0.0, 0.0, 0.0, 0.0, 0.0, 0.0, 0.0, 0.0, 0.0, 0.0, 0.0, 0.0, 0.0, 0.0, 0.0, 0.0, 0.0, 0.0, 0.0, 0.0, 0.0, 0.0, 0.0, 0.0, 0.0, 0.0, 0.0, 0.0, 0.0, 0.0, 0.0, 0.0, 0.0, 0.0, 0.0, 0.0, 0.0, 0.0, 0.0, 0.0, 0.0, 0.0, 0.0, 0.0, 0.0, 0.0, 0.0, 0.0, 0.0, 0.0, 0.0, 0.0, 0.0, 0.0, 0.0, 0.0, 0.0, 0.0, 0.0, 0.0, 0.0, 0.0, 0.0, 0.0, 0.0, 0.0, 0.0, 0.0, 0.0, 0.0, 0.0, 0.0, 0.0, 0.0, 0.0, 0.0, 0.0, 0.0, 0.0, 0.0, 0.0, 0.0, 0.0, 0.0, 0.0, 0.0, 0.0, 0.0, 0.0, 0.0, 0.0, 0.0, 0.0, 0.0, 0.0, 0.0, 0.0, 0.0, 0.0, 0.0, 0.0, 0.0, 0.0, 0.0, 0.0, 0.0, 0.0, 0.0, 0.0, 0.0, 0.0, 0.0, 0.0, 0.0, 0.0, 0.0, 0.0, 0.0, 0.0, 0.0, 0.0, 0.0, 0.0, 0.0, 0.0, 0.0, 0.0, 0.0, 0.0, 0.0, 0.0, 0.0, 0.0, 0.0, 0.0, 0.0, 0.0, 0.0, 0.0, 0.0, 0.0, 0.0, 0.0, 0.0, 0.0, 0.0, 0.0, 0.0, 0.0, 0.0, 0.0, 0.0, 0.0, 0.0, 0.0, 0.0, 0.0, 0.0, 0.0, 0.0, 0.0, 0.0, 0.0, 0.0, 0.0, 0.0, 0.0, 0.0, 0.0, 0.0, 0.0, 0.0, 0.0, 0.0, 0.0, 0.0, 0.0, 0.0, 0.0, 0.0, 0.0, 0.0, 0.0, 0.0, 0.0, 0.0, 0.0, 0.0, 0.0, 0.0, 0.0, 0.0, 0.0, 0.0, 0.0, 0.0, 0.0, 0.0, 0.0, 0.0, 0.0, 0.0, 0.0, 0.0, 0.0, 0.0, 0.0, 0.0, 0.0, 0.0, 0.0, 0.0, 0.0, 0.0, 0.0, 0.0, 0.0, 0.0, 0.0, 0.0, 0.0, 0.0, 0.0, 0.0, 0.0, 0.0, 0.0, 0.0, 0.0, 0.0, 0.0, 0.0, 0.0, 0.0, 0.0, 0.0, 0.0, 0.0, 0.0, 0.0, 0.0, 0.0, 0.0, 0.0, 0.0, 0.0, 0.0, 0.0, 0.0, 0.0, 0.0, 0.0, 0.0, 0.0, 0.0, 0.0, 0.0, 0.0, 0.0, 0.0, 0.0, 0.0, 0.0, 0.0, 0.0, 0.0, 0.0, 0.0, 0.0, 0.0, 0.0, 0.0, 0.0, 0.0, 0.0, 0.0, 0.0, 0.0, 0.0, 0.0, 0.0, 0.0, 0.0, 0.0, 0.0, 0.0, 0.0, 0.0, 0.0, 0.0, 0.0, 0.0, 0.0, 0.0, 0.0, 0.0, 0.0, 0.0, 0.0, 0.0, 0.0, 0.0, 0.0, 0.0, 0.0, 0.0, 0.0, 0.0, 0.0, 0.0, 0.0, 0.0, 0.0, 0.0, 0.0, 0.0, 0.0, 0.0, 0.0, 0.0, 0.0, 0.0, 0.0, 0.0, 0.0, 0.0, 0.0, 0.0, 0.0, 0.0, 0.0, 0.0, 0.0, 0.0, 0.0, 0.0, 0.0, 0.0, 0.0, 0.0, 0.0, 0.0, 0.0, 0.0, 0.0, 0.0, 0.0]",COMPLETE
