,number,value,datetime_start,datetime_complete,duration,params_batch_size_scaler,params_constant_learning_rate,params_depth,params_epochs,params_kernel_l2,params_num_trees,params_temperature,user_attrs_accuracy_test,user_attrs_accuracy_valid,user_attrs_approximate_feature_sparsity,user_attrs_approximate_feature_sparsity_history,user_attrs_approximate_weight_sparsity,user_attrs_approximate_weight_sparsity_history,user_attrs_auc_test,user_attrs_auc_valid,user_attrs_feature_sparsity,user_attrs_feature_sparsity_history,user_attrs_num_epochs,user_attrs_val_loss_history,user_attrs_weight_sparsity,user_attrs_weight_sparsity_history,state
55,55,0.759632105730958,2024-08-31 03:29:36.415704,2024-08-31 03:30:31.257478,0 days 00:00:54.841774,16,0.023684685885312452,4,340,0.20438539981926984,32,0.00024604092033294814,0.883,0.8775,33,"[33, 33, 33, 33, 33, 33, 33, 33, 33, 33, 33, 33, 33, 33, 33, 33, 33, 33, 33, 33, 33, 33, 33, 33, 33, 33, 33, 33, 33, 33, 33, 33, 33, 33, 33, 33, 33, 33, 33, 33, 33, 33, 33, 33, 33, 33, 33, 33, 33, 33, 33, 33, 33, 33, 33, 33, 33, 33, 33, 33, 33, 33, 33, 33, 33, 33, 33, 33, 33, 33, 33, 33, 33, 33, 33, 33, 33, 33, 33, 33, 33, 33, 33, 33, 33, 33, 33, 33, 33, 33, 33, 33, 33, 33, 33, 33, 33, 33, 33, 33, 33, 33, 33, 33, 33, 33, 33, 33, 33, 33, 33, 33, 33, 33, 33, 33, 33, 33, 33, 33, 33, 33, 33, 33, 33, 33, 33, 33, 33, 33, 33, 33, 33, 33, 33, 33, 33, 33, 33, 33, 33, 33, 33, 33, 33, 33, 33, 33, 33, 33, 33, 33, 33, 33, 33, 33, 33, 33, 33, 33, 33, 33, 33, 33, 33, 33, 33, 33, 33, 33, 33, 33, 33, 33, 33, 33, 33, 33, 33, 33, 33, 33, 33, 33, 33, 33, 33, 33, 33, 33, 33, 33, 33, 33, 33, 33, 33, 33, 33, 33, 33, 33, 33, 33, 33, 33, 33, 33, 33, 33, 33, 33, 33, 33, 33, 33, 33, 33, 33, 33, 33, 33, 33, 33, 33, 33, 33, 33, 33, 33, 33, 33, 33, 33, 33, 33, 33, 33, 33, 33, 33, 33, 33, 33, 33, 33, 33, 33, 33, 33, 33, 33, 33, 33, 33, 33, 33, 33, 33, 33, 33, 33, 33, 33, 33, 33, 33, 33, 33, 33, 33, 33, 33, 33, 33, 33, 33, 33, 33, 33, 33, 33, 33, 33, 33, 33, 33, 33, 33, 33, 33, 33, 33, 33, 33, 33, 33, 33, 33, 33, 33, 33, 33, 33, 33, 33, 33, 33, 33, 33, 33, 33, 33, 33, 33, 33, 33, 33, 33, 33, 33, 33, 33, 33, 33, 33, 33, 33, 33, 33, 33, 33, 33, 33, 33, 33, 33, 33, 33, 33]",32.97916666666667,"[32.97916666666667, 32.97291666666667, 32.97708333333333, 32.97083333333333, 32.97083333333333, 32.96666666666667, 32.956250000000004, 32.96041666666667, 32.9625, 32.97083333333333, 32.96458333333334, 32.97083333333333, 32.96875, 32.97291666666667, 32.96041666666667, 32.97083333333333, 32.975, 32.96666666666667, 32.97083333333333, 32.97083333333333, 32.975, 32.97708333333333, 32.96875, 32.97916666666667, 32.97916666666667, 32.9625, 32.97708333333333, 32.975, 32.97916666666667, 32.98125, 32.983333333333334, 32.98125, 32.97291666666667, 32.96666666666667, 32.96875, 32.9625, 32.958333333333336, 32.96875, 32.97708333333333, 32.983333333333334, 32.97291666666667, 32.97083333333333, 32.97291666666667, 32.97708333333333, 32.983333333333334, 32.98125, 32.97916666666667, 32.97708333333333, 32.96875, 32.96666666666667, 32.97708333333333, 32.962500000000006, 32.96666666666667, 32.962500000000006, 32.962500000000006, 32.97083333333333, 32.96875, 32.96666666666667, 32.96458333333334, 32.956250000000004, 32.958333333333336, 32.962500000000006, 32.96041666666667, 32.958333333333336, 32.9625, 32.958333333333336, 32.956250000000004, 32.96041666666667, 32.958333333333336, 32.954166666666666, 32.956250000000004, 32.96666666666667, 32.96041666666667, 32.962500000000006, 32.958333333333336, 32.962500000000006, 32.96458333333334, 32.96666666666667, 32.96666666666667, 32.962500000000006, 32.96458333333334, 32.96458333333334, 32.96666666666667, 32.96458333333334, 32.95625, 32.958333333333336, 32.96041666666667, 32.96458333333334, 32.952083333333334, 32.954166666666666, 32.954166666666666, 32.95625, 32.958333333333336, 32.958333333333336, 32.95833333333333, 32.9625, 32.96666666666667, 32.962500000000006, 32.96458333333334, 32.97291666666667, 32.97083333333333, 32.96666666666667, 32.96666666666667, 32.96666666666667, 32.96666666666667, 32.96875, 32.96041666666667, 32.97083333333333, 32.97291666666667, 32.96666666666667, 32.96666666666667, 32.96666666666667, 32.96875, 32.96875, 32.97291666666667, 32.97291666666667, 32.975, 32.97708333333333, 32.97291666666667, 32.97291666666667, 32.96666666666667, 32.96458333333334, 32.962500000000006, 32.97083333333333, 32.96458333333334, 32.96458333333334, 32.96666666666667, 32.96458333333334, 32.96458333333334, 32.96458333333334, 32.962500000000006, 32.96041666666667, 32.96041666666667, 32.958333333333336, 32.96458333333334, 32.96041666666667, 32.962500000000006, 32.96458333333334, 32.96458333333334, 32.96875, 32.97291666666667, 32.96666666666667, 32.96875, 32.97083333333333, 32.97083333333333, 32.96875, 32.96666666666667, 32.96666666666667, 32.96666666666667, 32.96666666666667, 32.96666666666667, 32.962500000000006, 32.96666666666667, 32.97083333333334, 32.97708333333333, 32.97708333333333, 32.97708333333333, 32.97708333333333, 32.97083333333333, 32.96875, 32.97083333333333, 32.96875, 32.975, 32.975, 32.96875, 32.97083333333333, 32.97291666666667, 32.97708333333333, 32.97916666666667, 32.97916666666667, 32.983333333333334, 32.97916666666667, 32.97708333333333, 32.97083333333334, 32.97708333333333, 32.98125, 32.98125, 32.9875, 32.99166666666667, 32.9875, 32.985416666666666, 32.98125, 32.97916666666667, 32.97916666666667, 32.97708333333333, 32.97916666666667, 32.97708333333333, 32.975, 32.97291666666667, 32.98125, 32.97916666666667, 32.97708333333333, 32.97083333333333, 32.96458333333334, 32.962500000000006, 32.962500000000006, 32.96666666666667, 32.97083333333334, 32.97083333333334, 32.96875, 32.975, 32.975, 32.97291666666667, 32.975, 32.975, 32.975, 32.975, 32.975, 32.97291666666667, 32.975, 32.96666666666667, 32.96875, 32.96666666666667, 32.97083333333333, 32.975, 32.97291666666667, 32.97083333333333, 32.97083333333333, 32.97291666666667, 32.97708333333333, 32.97708333333333, 32.97708333333333, 32.98125, 32.97291666666667, 32.97083333333333, 32.96666666666667, 32.96458333333334, 32.9625, 32.96875, 32.97291666666667, 32.97083333333333, 32.97291666666667, 32.97083333333333, 32.96458333333334, 32.96875, 32.96666666666667, 32.96666666666667, 32.97708333333333, 32.97916666666667, 32.98125, 32.97916666666667, 32.975, 32.97708333333333, 32.97916666666667, 32.97916666666667, 32.97708333333333, 32.97708333333333, 32.97291666666667, 32.975, 32.96666666666667, 32.96458333333334, 32.96041666666667, 32.96666666666667, 32.97291666666667, 32.96666666666667, 32.96875, 32.96666666666667, 32.96875, 32.96666666666667, 32.9625, 32.96458333333333, 32.96458333333334, 32.96458333333334, 32.962500000000006, 32.962500000000006, 32.96458333333334, 32.96666666666667, 32.96458333333334, 32.96666666666667, 32.96458333333334, 32.96875, 32.96875, 32.96458333333334, 32.96875, 32.97291666666667, 32.97291666666667, 32.97083333333333, 32.97083333333333, 32.97291666666667, 32.97291666666667, 32.975, 32.96875, 32.975, 32.97083333333333, 32.97083333333334, 32.96666666666667, 32.96875, 32.97291666666667, 32.97083333333334, 32.96875, 32.96875, 32.97083333333333, 32.97291666666667, 32.975, 32.975, 32.97291666666667, 32.96875, 32.96875, 32.96458333333334, 32.96666666666667, 32.97083333333333, 32.975, 32.97708333333333, 32.97708333333333, 32.97708333333333, 32.97708333333333, 32.97708333333333, 32.97916666666667, 32.97916666666667, 32.97708333333333, 32.97291666666667, 32.96875, 32.962500000000006, 32.96458333333334, 32.96458333333334, 32.97291666666667, 32.975, 32.975, 32.97291666666667, 32.97083333333333, 32.975, 32.97083333333333, 32.97291666666667, 32.97708333333333, 32.97916666666667, 32.97916666666667, 32.975, 32.97083333333333, 32.97708333333333, 32.97708333333333, 32.97291666666667, 32.97083333333333, 32.97083333333333, 32.97291666666667, 32.96875, 32.975, 32.97291666666667, 32.97708333333333, 32.97708333333333, 32.97916666666667]",0.7887944913679935,0.759632105730958,33,"[33, 33, 33, 33, 33, 33, 33, 33, 33, 33, 33, 33, 33, 33, 33, 33, 33, 33, 33, 33, 33, 33, 33, 33, 33, 33, 33, 33, 33, 33, 33, 33, 33, 33, 33, 33, 33, 33, 33, 33, 33, 33, 33, 33, 33, 33, 33, 33, 33, 33, 33, 33, 33, 33, 33, 33, 33, 33, 33, 33, 33, 33, 33, 33, 33, 33, 33, 33, 33, 33, 33, 33, 33, 33, 33, 33, 33, 33, 33, 33, 33, 33, 33, 33, 33, 33, 33, 33, 33, 33, 33, 33, 33, 33, 33, 33, 33, 33, 33, 33, 33, 33, 33, 33, 33, 33, 33, 33, 33, 33, 33, 33, 33, 33, 33, 33, 33, 33, 33, 33, 33, 33, 33, 33, 33, 33, 33, 33, 33, 33, 33, 33, 33, 33, 33, 33, 33, 33, 33, 33, 33, 33, 33, 33, 33, 33, 33, 33, 33, 33, 33, 33, 33, 33, 33, 33, 33, 33, 33, 33, 33, 33, 33, 33, 33, 33, 33, 33, 33, 33, 33, 33, 33, 33, 33, 33, 33, 33, 33, 33, 33, 33, 33, 33, 33, 33, 33, 33, 33, 33, 33, 33, 33, 33, 33, 33, 33, 33, 33, 33, 33, 33, 33, 33, 33, 33, 33, 33, 33, 33, 33, 33, 33, 33, 33, 33, 33, 33, 33, 33, 33, 33, 33, 33, 33, 33, 33, 33, 33, 33, 33, 33, 33, 33, 33, 33, 33, 33, 33, 33, 33, 33, 33, 33, 33, 33, 33, 33, 33, 33, 33, 33, 33, 33, 33, 33, 33, 33, 33, 33, 33, 33, 33, 33, 33, 33, 33, 33, 33, 33, 33, 33, 33, 33, 33, 33, 33, 33, 33, 33, 33, 33, 33, 33, 33, 33, 33, 33, 33, 33, 33, 33, 33, 33, 33, 33, 33, 33, 33, 33, 33, 33, 33, 33, 33, 33, 33, 33, 33, 33, 33, 33, 33, 33, 33, 33, 33, 33, 33, 33, 33, 33, 33, 33, 33, 33, 33, 33, 33, 33, 33, 33, 33, 33, 33, 33, 33, 33, 33, 33]",340,"[0.46796444058418274, 0.4522518217563629, 0.4423099756240845, 0.43589431047439575, 0.431468665599823, 0.4283493757247925, 0.4261484444141388, 0.4243648648262024, 0.42302843928337097, 0.4218780994415283, 0.42092910408973694, 0.420045405626297, 0.4192647933959961, 0.41853150725364685, 0.4178720712661743, 0.41724881529808044, 0.41662338376045227, 0.4160687327384949, 0.41550225019454956, 0.41496041417121887, 0.4144379794597626, 0.4139503836631775, 0.41345837712287903, 0.4129975438117981, 0.4125227630138397, 0.41207149624824524, 0.41162344813346863, 0.4111790955066681, 0.41075924038887024, 0.41036486625671387, 0.4099617004394531, 0.40955856442451477, 0.40916672348976135, 0.4087858200073242, 0.40843120217323303, 0.40808555483818054, 0.4077495336532593, 0.40740543603897095, 0.40708619356155396, 0.40677016973495483, 0.4064360558986664, 0.4061375558376312, 0.4058094322681427, 0.40549731254577637, 0.40520042181015015, 0.4048999547958374, 0.40462589263916016, 0.40434738993644714, 0.40406227111816406, 0.4037969708442688, 0.4035308361053467, 0.403263658285141, 0.40302589535713196, 0.4027770161628723, 0.4025173485279083, 0.4022698700428009, 0.4020220637321472, 0.401767760515213, 0.4015360176563263, 0.40129855275154114, 0.40107670426368713, 0.4008459746837616, 0.40062415599823, 0.400399774312973, 0.40018612146377563, 0.39997532963752747, 0.39974838495254517, 0.3995496332645416, 0.3993476927280426, 0.39913997054100037, 0.3989489674568176, 0.39877620339393616, 0.3985816538333893, 0.3984000086784363, 0.3982042074203491, 0.39800941944122314, 0.39781302213668823, 0.3976135551929474, 0.3974362313747406, 0.39725247025489807, 0.39710015058517456, 0.3969157338142395, 0.39672064781188965, 0.39654800295829773, 0.3963828384876251, 0.39621731638908386, 0.3960406482219696, 0.3958774209022522, 0.39568787813186646, 0.39552438259124756, 0.39534515142440796, 0.39517661929130554, 0.39500895142555237, 0.39487141370773315, 0.39470726251602173, 0.39455851912498474, 0.39440521597862244, 0.3942505121231079, 0.3940967917442322, 0.39392754435539246, 0.3937886357307434, 0.3936314284801483, 0.39348304271698, 0.3933180570602417, 0.3931657075881958, 0.39301005005836487, 0.3928609788417816, 0.3927101790904999, 0.39255425333976746, 0.39241358637809753, 0.39226436614990234, 0.3921160399913788, 0.3919655680656433, 0.39182162284851074, 0.3916885256767273, 0.3915483355522156, 0.3914015293121338, 0.39127659797668457, 0.3911389112472534, 0.39099493622779846, 0.3908374011516571, 0.3907148241996765, 0.3905618190765381, 0.39042195677757263, 0.39028307795524597, 0.3901301622390747, 0.3899843096733093, 0.3898508548736572, 0.3897073268890381, 0.3895886242389679, 0.389464408159256, 0.3893377184867859, 0.38919007778167725, 0.38905125856399536, 0.3889136016368866, 0.38879480957984924, 0.38866275548934937, 0.3885115087032318, 0.38836944103240967, 0.3882450461387634, 0.3880954682826996, 0.38797032833099365, 0.3878540098667145, 0.38773423433303833, 0.3875916302204132, 0.3874504864215851, 0.38731738924980164, 0.3871794641017914, 0.38705775141716003, 0.3869510591030121, 0.38680794835090637, 0.38666221499443054, 0.38653072714805603, 0.38639384508132935, 0.3862572908401489, 0.3861404359340668, 0.3860153555870056, 0.3858986794948578, 0.3857806921005249, 0.38562899827957153, 0.3854950964450836, 0.385372519493103, 0.38524752855300903, 0.38511553406715393, 0.3849809765815735, 0.38485488295555115, 0.3847365975379944, 0.3846288025379181, 0.3845050036907196, 0.384379118680954, 0.38423702120780945, 0.3841032385826111, 0.3839825391769409, 0.3838690221309662, 0.3837381601333618, 0.38360995054244995, 0.38346362113952637, 0.3833475410938263, 0.38324257731437683, 0.38310325145721436, 0.3829747438430786, 0.3828447461128235, 0.38272154331207275, 0.3825906813144684, 0.38249003887176514, 0.38238525390625, 0.3822617828845978, 0.38213226199150085, 0.3820033669471741, 0.3818729519844055, 0.38176029920578003, 0.3816336393356323, 0.3815203905105591, 0.38140010833740234, 0.3812781274318695, 0.38115423917770386, 0.3810175359249115, 0.38088592886924744, 0.38075020909309387, 0.38062432408332825, 0.3805004358291626, 0.38036155700683594, 0.38023144006729126, 0.3801102042198181, 0.37998223304748535, 0.3798576593399048, 0.37973552942276, 0.37959805130958557, 0.3794630467891693, 0.3793502449989319, 0.3792208433151245, 0.3791086971759796, 0.3789602518081665, 0.3788365125656128, 0.3786986172199249, 0.3785690367221832, 0.3784337341785431, 0.37831583619117737, 0.37820038199424744, 0.3780996799468994, 0.3779759109020233, 0.3778626322746277, 0.37774768471717834, 0.37764984369277954, 0.37753796577453613, 0.37739020586013794, 0.3772844076156616, 0.37716051936149597, 0.3770311772823334, 0.3769115209579468, 0.37679988145828247, 0.376674085855484, 0.3765656650066376, 0.3764607310295105, 0.3763508200645447, 0.3762303590774536, 0.3761086165904999, 0.37598350644111633, 0.3758471608161926, 0.37570396065711975, 0.375569224357605, 0.37544506788253784, 0.37530672550201416, 0.3751783072948456, 0.3750600814819336, 0.37492793798446655, 0.37478873133659363, 0.3746802508831024, 0.3745558261871338, 0.3744176924228668, 0.37427669763565063, 0.3741649389266968, 0.37404513359069824, 0.3739224672317505, 0.37379181385040283, 0.3736596405506134, 0.3735502362251282, 0.37345045804977417, 0.37333670258522034, 0.3732289969921112, 0.373102068901062, 0.3729899227619171, 0.37285029888153076, 0.37273111939430237, 0.3726022243499756, 0.37249740958213806, 0.3723483681678772, 0.3722299635410309, 0.37209659814834595, 0.3719802498817444, 0.37184658646583557, 0.37173518538475037, 0.37160083651542664, 0.3714791238307953, 0.3713492453098297, 0.37123385071754456, 0.3711414039134979, 0.37102219462394714, 0.3709072768688202, 0.37075355648994446, 0.37063267827033997, 0.3705132305622101, 0.370411217212677, 0.37027373909950256, 0.37015315890312195, 0.3700142204761505, 0.36989569664001465, 0.3697904646396637, 0.36966854333877563, 0.3695361614227295, 0.36940374970436096, 0.36928215622901917, 0.3691704571247101, 0.36906203627586365, 0.3689209818840027, 0.36879923939704895, 0.36866360902786255, 0.36855849623680115, 0.3684437572956085, 0.36830374598503113, 0.36815720796585083, 0.3680432438850403, 0.3679268956184387, 0.3677932322025299, 0.36765846610069275, 0.3675355613231659, 0.367418110370636, 0.36729785799980164, 0.36716902256011963, 0.3670245110988617, 0.36692574620246887, 0.36680784821510315, 0.36666786670684814, 0.36656051874160767, 0.3664533495903015, 0.36632996797561646, 0.36618584394454956, 0.3660465180873871, 0.3659241795539856, 0.3658059239387512, 0.3656877279281616, 0.3655766546726227, 0.3654445707798004, 0.36531636118888855, 0.3651961088180542, 0.3650667071342468, 0.36494240164756775, 0.3648124635219574, 0.36467915773391724, 0.3645589351654053, 0.3644314706325531, 0.364313006401062, 0.3641631305217743, 0.3640230894088745, 0.36390429735183716, 0.3637716770172119, 0.3636459410190582, 0.36352500319480896, 0.3633970618247986, 0.36328575015068054]",33.0,"[33.0, 33.0, 33.0, 33.0, 33.0, 33.0, 33.0, 33.0, 33.0, 33.0, 33.0, 33.0, 33.0, 33.0, 33.0, 33.0, 33.0, 33.0, 33.0, 33.0, 33.0, 33.0, 33.0, 33.0, 33.0, 33.0, 33.0, 33.0, 33.0, 33.0, 33.0, 33.0, 33.0, 33.0, 33.0, 33.0, 33.0, 33.0, 33.0, 33.0, 33.0, 33.0, 33.0, 33.0, 33.0, 33.0, 33.0, 33.0, 33.0, 33.0, 33.0, 33.0, 33.0, 33.0, 33.0, 33.0, 33.0, 33.0, 33.0, 33.0, 33.0, 33.0, 33.0, 33.0, 33.0, 33.0, 33.0, 33.0, 33.0, 33.0, 33.0, 33.0, 33.0, 33.0, 33.0, 33.0, 33.0, 33.0, 33.0, 33.0, 33.0, 33.0, 33.0, 33.0, 33.0, 33.0, 33.0, 33.0, 33.0, 33.0, 33.0, 33.0, 33.0, 33.0, 33.0, 33.0, 33.0, 33.0, 33.0, 33.0, 33.0, 33.0, 33.0, 33.0, 33.0, 33.0, 33.0, 33.0, 33.0, 33.0, 33.0, 33.0, 33.0, 33.0, 33.0, 33.0, 33.0, 33.0, 33.0, 33.0, 33.0, 33.0, 33.0, 33.0, 33.0, 33.0, 33.0, 33.0, 33.0, 33.0, 33.0, 33.0, 33.0, 33.0, 33.0, 33.0, 33.0, 33.0, 33.0, 33.0, 33.0, 33.0, 33.0, 33.0, 33.0, 33.0, 33.0, 33.0, 33.0, 33.0, 33.0, 33.0, 33.0, 33.0, 33.0, 33.0, 33.0, 33.0, 33.0, 33.0, 33.0, 33.0, 33.0, 33.0, 33.0, 33.0, 33.0, 33.0, 33.0, 33.0, 33.0, 33.0, 33.0, 33.0, 33.0, 33.0, 33.0, 33.0, 33.0, 33.0, 33.0, 33.0, 33.0, 33.0, 33.0, 33.0, 33.0, 33.0, 33.0, 33.0, 33.0, 33.0, 33.0, 33.0, 33.0, 33.0, 33.0, 33.0, 33.0, 33.0, 33.0, 33.0, 33.0, 33.0, 33.0, 33.0, 33.0, 33.0, 33.0, 33.0, 33.0, 33.0, 33.0, 33.0, 33.0, 33.0, 33.0, 33.0, 33.0, 33.0, 33.0, 33.0, 33.0, 33.0, 33.0, 33.0, 33.0, 33.0, 33.0, 33.0, 33.0, 33.0, 33.0, 33.0, 33.0, 33.0, 33.0, 33.0, 33.0, 33.0, 33.0, 33.0, 33.0, 33.0, 33.0, 33.0, 33.0, 33.0, 33.0, 33.0, 33.0, 33.0, 33.0, 33.0, 33.0, 33.0, 33.0, 33.0, 33.0, 33.0, 33.0, 33.0, 33.0, 33.0, 33.0, 33.0, 33.0, 33.0, 33.0, 33.0, 33.0, 33.0, 33.0, 33.0, 33.0, 33.0, 33.0, 33.0, 33.0, 33.0, 33.0, 33.0, 33.0, 33.0, 33.0, 33.0, 33.0, 33.0, 33.0, 33.0, 33.0, 33.0, 33.0, 33.0, 33.0, 33.0, 33.0, 33.0, 33.0, 33.0, 33.0, 33.0, 33.0, 33.0, 33.0, 33.0, 33.0, 33.0, 33.0, 33.0, 33.0, 33.0, 33.0, 33.0, 33.0, 33.0, 33.0, 33.0, 33.0, 33.0, 33.0, 33.0, 33.0, 33.0, 33.0, 33.0, 33.0, 33.0, 33.0, 33.0, 33.0, 33.0, 33.0, 33.0, 33.0, 33.0, 33.0, 33.0, 33.0, 33.0]",COMPLETE
