,number,value,datetime_start,datetime_complete,duration,params_batch_size_scaler,params_constant_learning_rate,params_depth,params_epochs,params_kernel_l2,params_num_trees,params_temperature,user_attrs_accuracy_test,user_attrs_accuracy_valid,user_attrs_approximate_feature_sparsity,user_attrs_approximate_feature_sparsity_history,user_attrs_approximate_weight_sparsity,user_attrs_approximate_weight_sparsity_history,user_attrs_auc_test,user_attrs_auc_valid,user_attrs_feature_sparsity,user_attrs_feature_sparsity_history,user_attrs_num_epochs,user_attrs_val_loss_history,user_attrs_weight_sparsity,user_attrs_weight_sparsity_history,state
113,113,0.5,2024-08-31 05:42:38.175842,2024-08-31 05:44:02.205741,0 days 00:01:24.029899,64,1.2233152839708321,6,380,0.2621135599063226,8,0.017985446016393694,0.859,0.85875,0,"[33, 33, 33, 10, 1, 1, 0, 0, 0, 0, 0, 0, 0, 0, 0, 0, 0, 0, 0, 0, 0, 0, 0, 0, 0, 0, 0, 0, 0, 0, 0, 0, 0, 0, 0, 0, 0, 0, 0, 0, 0, 0, 0, 0, 0, 0, 0, 0, 0, 0, 0, 0, 0, 0, 0, 0, 0, 0, 0, 0, 0, 0, 0, 0, 0, 0, 0, 0, 0, 0, 0, 0, 0, 0, 0, 0, 0, 0, 0, 0, 0, 0, 0, 0, 0, 0, 0, 0, 0, 0, 0, 0, 0, 0, 0, 0, 0, 0, 0, 0, 0, 0, 0, 0, 0, 0, 0, 0, 0, 0, 0, 0, 0, 0, 0, 0, 0, 0, 0, 0, 0, 0, 0, 0, 0, 0, 0, 0, 0, 0, 0, 0, 0, 0, 0, 0, 0, 0, 0, 0, 0, 0, 0, 0, 0, 0, 0, 0, 0, 0, 0, 0, 0, 0, 0, 0, 0, 0, 0, 0, 0, 0, 0, 0, 0, 0, 0, 0, 0, 0, 0, 0, 0, 0, 0, 0, 0, 0, 0, 0, 0, 0, 0, 0, 0, 0, 0, 0, 0, 0, 0, 0, 0, 0, 0, 0, 0, 0, 0, 0, 0, 0, 0, 0, 0, 0, 0, 0, 0, 0, 0, 0, 0, 0, 0, 0, 0, 0, 0, 0, 0, 0, 0, 0, 0, 0, 0, 0, 0, 0, 0, 0, 0, 0, 0, 0, 0, 0, 0, 0, 0, 0, 0, 0, 0, 0, 0, 0, 0, 0, 0, 0, 0, 0, 0, 0, 0, 0, 0, 0, 0, 0, 0, 0, 0, 0, 0, 0, 0, 0, 0, 0, 0, 0, 0, 0, 0, 0, 0, 0, 0, 0, 0, 0, 0, 0, 0, 0, 0, 0, 0, 0, 0, 0, 0, 0, 0, 0, 0, 0, 0, 0, 0, 0, 0, 0, 0, 0, 0, 0, 0, 0, 0, 0, 0, 0, 0, 0, 0, 0, 0, 0, 0, 0, 0, 0, 0, 0, 0, 0, 0, 0, 0, 0, 0, 0, 0, 0, 0, 0, 0, 0, 0, 0, 0, 0, 0, 0, 0, 0, 0, 0, 0, 0, 0, 0, 0, 0, 0, 0, 0, 0, 0, 0, 0, 0, 0, 0, 0, 0, 0, 0, 0, 0, 0, 0, 0, 0, 0, 0]",0.0,"[32.970238095238095, 32.974206349206355, 32.964285714285715, 9.988095238095237, 1.0, 1.0, 0.0, 0.0, 0.0, 0.0, 0.0, 0.0, 0.0, 0.0, 0.0, 0.0, 0.0, 0.0, 0.0, 0.0, 0.0, 0.0, 0.0, 0.0, 0.0, 0.0, 0.0, 0.0, 0.0, 0.0, 0.0, 0.0, 0.0, 0.0, 0.0, 0.0, 0.0, 0.0, 0.0, 0.0, 0.0, 0.0, 0.0, 0.0, 0.0, 0.0, 0.0, 0.0, 0.0, 0.0, 0.0, 0.0, 0.0, 0.0, 0.0, 0.0, 0.0, 0.0, 0.0, 0.0, 0.0, 0.0, 0.0, 0.0, 0.0, 0.0, 0.0, 0.0, 0.0, 0.0, 0.0, 0.0, 0.0, 0.0, 0.0, 0.0, 0.0, 0.0, 0.0, 0.0, 0.0, 0.0, 0.0, 0.0, 0.0, 0.0, 0.0, 0.0, 0.0, 0.0, 0.0, 0.0, 0.0, 0.0, 0.0, 0.0, 0.0, 0.0, 0.0, 0.0, 0.0, 0.0, 0.0, 0.0, 0.0, 0.0, 0.0, 0.0, 0.0, 0.0, 0.0, 0.0, 0.0, 0.0, 0.0, 0.0, 0.0, 0.0, 0.0, 0.0, 0.0, 0.0, 0.0, 0.0, 0.0, 0.0, 0.0, 0.0, 0.0, 0.0, 0.0, 0.0, 0.0, 0.0, 0.0, 0.0, 0.0, 0.0, 0.0, 0.0, 0.0, 0.0, 0.0, 0.0, 0.0, 0.0, 0.0, 0.0, 0.0, 0.0, 0.0, 0.0, 0.0, 0.0, 0.0, 0.0, 0.0, 0.0, 0.0, 0.0, 0.0, 0.0, 0.0, 0.0, 0.0, 0.0, 0.0, 0.0, 0.0, 0.0, 0.0, 0.0, 0.0, 0.0, 0.0, 0.0, 0.0, 0.0, 0.0, 0.0, 0.0, 0.0, 0.0, 0.0, 0.0, 0.0, 0.0, 0.0, 0.0, 0.0, 0.0, 0.0, 0.0, 0.0, 0.0, 0.0, 0.0, 0.0, 0.0, 0.0, 0.0, 0.0, 0.0, 0.0, 0.0, 0.0, 0.0, 0.0, 0.0, 0.0, 0.0, 0.0, 0.0, 0.0, 0.0, 0.0, 0.0, 0.0, 0.0, 0.0, 0.0, 0.0, 0.0, 0.0, 0.0, 0.0, 0.0, 0.0, 0.0, 0.0, 0.0, 0.0, 0.0, 0.0, 0.0, 0.0, 0.0, 0.0, 0.0, 0.0, 0.0, 0.0, 0.0, 0.0, 0.0, 0.0, 0.0, 0.0, 0.0, 0.0, 0.0, 0.0, 0.0, 0.0, 0.0, 0.0, 0.0, 0.0, 0.0, 0.0, 0.0, 0.0, 0.0, 0.0, 0.0, 0.0, 0.0, 0.0, 0.0, 0.0, 0.0, 0.0, 0.0, 0.0, 0.0, 0.0, 0.0, 0.0, 0.0, 0.0, 0.0, 0.0, 0.0, 0.0, 0.0, 0.0, 0.0, 0.0, 0.0, 0.0, 0.0, 0.0, 0.0, 0.0, 0.0, 0.0, 0.0, 0.0, 0.0, 0.0, 0.0, 0.0, 0.0, 0.0, 0.0, 0.0, 0.0, 0.0, 0.0, 0.0, 0.0, 0.0, 0.0, 0.0, 0.0, 0.0, 0.0, 0.0, 0.0, 0.0, 0.0, 0.0, 0.0, 0.0, 0.0, 0.0, 0.0, 0.0, 0.0, 0.0, 0.0, 0.0, 0.0, 0.0, 0.0, 0.0, 0.0, 0.0, 0.0, 0.0, 0.0, 0.0, 0.0, 0.0, 0.0, 0.0, 0.0, 0.0, 0.0, 0.0, 0.0, 0.0, 0.0, 0.0, 0.0, 0.0, 0.0, 0.0, 0.0, 0.0, 0.0, 0.0, 0.0, 0.0, 0.0, 0.0, 0.0, 0.0, 0.0, 0.0, 0.0, 0.0, 0.0, 0.0, 0.0, 0.0, 0.0, 0.0, 0.0, 0.0]",0.5,0.5,0,"[33, 33, 33, 10, 1, 1, 0, 0, 0, 0, 0, 0, 0, 0, 0, 0, 0, 0, 0, 0, 0, 0, 0, 0, 0, 0, 0, 0, 0, 0, 0, 0, 0, 0, 0, 0, 0, 0, 0, 0, 0, 0, 0, 0, 0, 0, 0, 0, 0, 0, 0, 0, 0, 0, 0, 0, 0, 0, 0, 0, 0, 0, 0, 0, 0, 0, 0, 0, 0, 0, 0, 0, 0, 0, 0, 0, 0, 0, 0, 0, 0, 0, 0, 0, 0, 0, 0, 0, 0, 0, 0, 0, 0, 0, 0, 0, 0, 0, 0, 0, 0, 0, 0, 0, 0, 0, 0, 0, 0, 0, 0, 0, 0, 0, 0, 0, 0, 0, 0, 0, 0, 0, 0, 0, 0, 0, 0, 0, 0, 0, 0, 0, 0, 0, 0, 0, 0, 0, 0, 0, 0, 0, 0, 0, 0, 0, 0, 0, 0, 0, 0, 0, 0, 0, 0, 0, 0, 0, 0, 0, 0, 0, 0, 0, 0, 0, 0, 0, 0, 0, 0, 0, 0, 0, 0, 0, 0, 0, 0, 0, 0, 0, 0, 0, 0, 0, 0, 0, 0, 0, 0, 0, 0, 0, 0, 0, 0, 0, 0, 0, 0, 0, 0, 0, 0, 0, 0, 0, 0, 0, 0, 0, 0, 0, 0, 0, 0, 0, 0, 0, 0, 0, 0, 0, 0, 0, 0, 0, 0, 0, 0, 0, 0, 0, 0, 0, 0, 0, 0, 0, 0, 0, 0, 0, 0, 0, 0, 0, 0, 0, 0, 0, 0, 0, 0, 0, 0, 0, 0, 0, 0, 0, 0, 0, 0, 0, 0, 0, 0, 0, 0, 0, 0, 0, 0, 0, 0, 0, 0, 0, 0, 0, 0, 0, 0, 0, 0, 0, 0, 0, 0, 0, 0, 0, 0, 0, 0, 0, 0, 0, 0, 0, 0, 0, 0, 0, 0, 0, 0, 0, 0, 0, 0, 0, 0, 0, 0, 0, 0, 0, 0, 0, 0, 0, 0, 0, 0, 0, 0, 0, 0, 0, 0, 0, 0, 0, 0, 0, 0, 0, 0, 0, 0, 0, 0, 0, 0, 0, 0, 0, 0, 0, 0, 0, 0, 0, 0, 0, 0, 0, 0, 0, 0, 0, 0, 0, 0, 0, 0, 0, 0, 0, 0, 0, 0, 0, 0, 0, 0, 0]",380,"[0.5064390301704407, 0.46157896518707275, 0.43954163789749146, 0.4143388867378235, 0.4153868556022644, 0.40812361240386963, 0.4203323423862457, 0.41614004969596863, 0.41295763850212097, 0.4102153778076172, 0.40941116213798523, 0.4087633490562439, 0.4081479609012604, 0.40790173411369324, 0.4076744019985199, 0.4073989987373352, 0.40735694766044617, 0.40730300545692444, 0.4073013365268707, 0.4072510600090027, 0.40723365545272827, 0.4072273373603821, 0.40722617506980896, 0.40722617506980896, 0.4072380065917969, 0.40723422169685364, 0.407227486371994, 0.40722715854644775, 0.4072399139404297, 0.4072352647781372, 0.4072797894477844, 0.40729185938835144, 0.4072701930999756, 0.4072304666042328, 0.40723565220832825, 0.4072364866733551, 0.40722620487213135, 0.407238245010376, 0.4072341024875641, 0.40723857283592224, 0.40725791454315186, 0.4072802662849426, 0.4072263240814209, 0.40724068880081177, 0.407231867313385, 0.40722647309303284, 0.4072306752204895, 0.4072292447090149, 0.4072265625, 0.4072612524032593, 0.40727218985557556, 0.4072731137275696, 0.4073321223258972, 0.4072400629520416, 0.40728798508644104, 0.40725159645080566, 0.40722647309303284, 0.4072312116622925, 0.4072290062904358, 0.40723374485969543, 0.4072283208370209, 0.4072386622428894, 0.4072587192058563, 0.40728169679641724, 0.40723717212677, 0.40724241733551025, 0.4072267413139343, 0.4072267413139343, 0.40722671151161194, 0.40725743770599365, 0.4072920083999634, 0.4072910249233246, 0.40726959705352783, 0.40723755955696106, 0.4072312116622925, 0.4072328209877014, 0.4072563052177429, 0.4072522819042206, 0.407233327627182, 0.4072309732437134, 0.40723204612731934, 0.40723755955696106, 0.4072261154651642, 0.407238245010376, 0.40722671151161194, 0.4072261154651642, 0.407248318195343, 0.40722617506980896, 0.4072262942790985, 0.4072261154651642, 0.4072273373603821, 0.4072262942790985, 0.40722906589508057, 0.4072282314300537, 0.4072268307209015, 0.4072380065917969, 0.407265305519104, 0.40731117129325867, 0.4072648286819458, 0.4072679281234741, 0.4072817862033844, 0.40722671151161194, 0.4072444438934326, 0.40723395347595215, 0.40723171830177307, 0.40725505352020264, 0.4072524309158325, 0.4072389304637909, 0.4072275459766388, 0.40723931789398193, 0.40722617506980896, 0.40725016593933105, 0.4073013961315155, 0.4073326885700226, 0.4073216915130615, 0.40722769498825073, 0.40724483132362366, 0.4072309136390686, 0.4072313606739044, 0.407245397567749, 0.40723076462745667, 0.4072403013706207, 0.4072350263595581, 0.4072328209877014, 0.40726393461227417, 0.40722617506980896, 0.4072311520576477, 0.4072270095348358, 0.407226026058197, 0.4072268009185791, 0.4072260558605194, 0.40726473927497864, 0.40724000334739685, 0.4072519540786743, 0.40722838044166565, 0.4072325825691223, 0.40722620487213135, 0.4072285592556, 0.40722620487213135, 0.40722668170928955, 0.40722960233688354, 0.40724363923072815, 0.4072309732437134, 0.40722617506980896, 0.40722939372062683, 0.40723124146461487, 0.4072261154651642, 0.40723028779029846, 0.4072461724281311, 0.4072272479534149, 0.4072268605232239, 0.4072425067424774, 0.40724173188209534, 0.4072478413581848, 0.40724068880081177, 0.4072776436805725, 0.40726974606513977, 0.4073156416416168, 0.40732479095458984, 0.40728116035461426, 0.4072720408439636, 0.4072840213775635, 0.40728431940078735, 0.4072956144809723, 0.4072342813014984, 0.40725937485694885, 0.4073037803173065, 0.4072524309158325, 0.4072378873825073, 0.4072573781013489, 0.40724655985832214, 0.40722692012786865, 0.4072338938713074, 0.40725696086883545, 0.4072665274143219, 0.4073009490966797, 0.4072754681110382, 0.40728530287742615, 0.40725746750831604, 0.4072471559047699, 0.40727561712265015, 0.4072985053062439, 0.4072651267051697, 0.40728694200515747, 0.4072314500808716, 0.4072364866733551, 0.4072301387786865, 0.4072285592556, 0.4072299301624298, 0.4072309732437134, 0.40722712874412537, 0.4072307348251343, 0.4072537124156952, 0.40732452273368835, 0.407268762588501, 0.40725409984588623, 0.4072510600090027, 0.40731802582740784, 0.40727856755256653, 0.4072711169719696, 0.4073055386543274, 0.40724077820777893, 0.4072263240814209, 0.4072262644767761, 0.40722906589508057, 0.4072495400905609, 0.40726378560066223, 0.40725982189178467, 0.4072338044643402, 0.40727710723876953, 0.4073141813278198, 0.40725845098495483, 0.40726330876350403, 0.40731045603752136, 0.40724849700927734, 0.40724602341651917, 0.4072454869747162, 0.40724480152130127, 0.40725845098495483, 0.4072716534137726, 0.4072383940219879, 0.4072306752204895, 0.4072408378124237, 0.4072614312171936, 0.40722665190696716, 0.4072304666042328, 0.4072262644767761, 0.40722981095314026, 0.40722882747650146, 0.4072261452674866, 0.40722817182540894, 0.40724751353263855, 0.4072612524032593, 0.4072306454181671, 0.4072261154651642, 0.4072473645210266, 0.4072394073009491, 0.40722939372062683, 0.40722668170928955, 0.4072280824184418, 0.4072370231151581, 0.4072719216346741, 0.4072635769844055, 0.40730804204940796, 0.4073142111301422, 0.4073339104652405, 0.40728896856307983, 0.4072352945804596, 0.4072325527667999, 0.4072265326976776, 0.407227486371994, 0.4072309732437134, 0.4072270095348358, 0.4072277843952179, 0.40722885727882385, 0.4072301983833313, 0.40724000334739685, 0.40722891688346863, 0.40723785758018494, 0.4072260558605194, 0.4072342813014984, 0.4072318375110626, 0.4072283208370209, 0.4072265625, 0.4072344899177551, 0.407232403755188, 0.4072827100753784, 0.4072549045085907, 0.40724048018455505, 0.4072358012199402, 0.4072291851043701, 0.4072338342666626, 0.40722671151161194, 0.4072306156158447, 0.4072272479534149, 0.4072338044643402, 0.40725234150886536, 0.40726447105407715, 0.40730950236320496, 0.40726280212402344, 0.4072311818599701, 0.407248318195343, 0.4072273373603821, 0.40722617506980896, 0.40726226568222046, 0.4072439968585968, 0.407228022813797, 0.4072606563568115, 0.40723368525505066, 0.40723106265068054, 0.40723487734794617, 0.4072590172290802, 0.40735602378845215, 0.4072897434234619, 0.4073370397090912, 0.4072783589363098, 0.4072325825691223, 0.4072374999523163, 0.4072383940219879, 0.4072343111038208, 0.40727657079696655, 0.4072772264480591, 0.40724050998687744, 0.40723633766174316, 0.4072810411453247, 0.40727174282073975, 0.40727224946022034, 0.4073062241077423, 0.40730300545692444, 0.407311350107193, 0.40727320313453674, 0.4072665274143219, 0.4072796702384949, 0.40727952122688293, 0.40727946162223816, 0.4072421193122864, 0.4072297215461731, 0.40723106265068054, 0.40722915530204773, 0.4072280824184418, 0.40722620487213135, 0.4072391092777252, 0.407234787940979, 0.4072458744049072, 0.407276451587677, 0.4072456359863281, 0.40722763538360596, 0.40723973512649536, 0.4072284698486328, 0.40723785758018494, 0.40728333592414856, 0.40725553035736084, 0.4072530269622803, 0.4072302281856537, 0.407267689704895, 0.4072701334953308, 0.40723034739494324, 0.40722692012786865, 0.407230943441391, 0.4072294235229492, 0.4072285592556, 0.4072381854057312, 0.40725773572921753, 0.4072629511356354, 0.4073065221309662, 0.4072410464286804, 0.40726131200790405, 0.40723034739494324, 0.4072263240814209, 0.40722715854644775, 0.4072309732437134, 0.40724167227745056, 0.4072611629962921, 0.4072435796260834, 0.40722793340682983, 0.407235711812973, 0.40723732113838196, 0.40723034739494324, 0.40725311636924744, 0.4072577953338623, 0.40725448727607727, 0.40724095702171326, 0.4072408676147461, 0.40722617506980896, 0.4072270095348358, 0.4072299897670746, 0.40722891688346863, 0.40727484226226807, 0.40727683901786804, 0.407326877117157, 0.4074154794216156, 0.4072977304458618, 0.40738409757614136, 0.40730658173561096, 0.40728095173835754, 0.4072554111480713, 0.4072287678718567, 0.40726345777511597, 0.4072767496109009, 0.40722939372062683]",0.0,"[33.0, 33.0, 33.0, 10.0, 1.0, 1.0, 0.0, 0.0, 0.0, 0.0, 0.0, 0.0, 0.0, 0.0, 0.0, 0.0, 0.0, 0.0, 0.0, 0.0, 0.0, 0.0, 0.0, 0.0, 0.0, 0.0, 0.0, 0.0, 0.0, 0.0, 0.0, 0.0, 0.0, 0.0, 0.0, 0.0, 0.0, 0.0, 0.0, 0.0, 0.0, 0.0, 0.0, 0.0, 0.0, 0.0, 0.0, 0.0, 0.0, 0.0, 0.0, 0.0, 0.0, 0.0, 0.0, 0.0, 0.0, 0.0, 0.0, 0.0, 0.0, 0.0, 0.0, 0.0, 0.0, 0.0, 0.0, 0.0, 0.0, 0.0, 0.0, 0.0, 0.0, 0.0, 0.0, 0.0, 0.0, 0.0, 0.0, 0.0, 0.0, 0.0, 0.0, 0.0, 0.0, 0.0, 0.0, 0.0, 0.0, 0.0, 0.0, 0.0, 0.0, 0.0, 0.0, 0.0, 0.0, 0.0, 0.0, 0.0, 0.0, 0.0, 0.0, 0.0, 0.0, 0.0, 0.0, 0.0, 0.0, 0.0, 0.0, 0.0, 0.0, 0.0, 0.0, 0.0, 0.0, 0.0, 0.0, 0.0, 0.0, 0.0, 0.0, 0.0, 0.0, 0.0, 0.0, 0.0, 0.0, 0.0, 0.0, 0.0, 0.0, 0.0, 0.0, 0.0, 0.0, 0.0, 0.0, 0.0, 0.0, 0.0, 0.0, 0.0, 0.0, 0.0, 0.0, 0.0, 0.0, 0.0, 0.0, 0.0, 0.0, 0.0, 0.0, 0.0, 0.0, 0.0, 0.0, 0.0, 0.0, 0.0, 0.0, 0.0, 0.0, 0.0, 0.0, 0.0, 0.0, 0.0, 0.0, 0.0, 0.0, 0.0, 0.0, 0.0, 0.0, 0.0, 0.0, 0.0, 0.0, 0.0, 0.0, 0.0, 0.0, 0.0, 0.0, 0.0, 0.0, 0.0, 0.0, 0.0, 0.0, 0.0, 0.0, 0.0, 0.0, 0.0, 0.0, 0.0, 0.0, 0.0, 0.0, 0.0, 0.0, 0.0, 0.0, 0.0, 0.0, 0.0, 0.0, 0.0, 0.0, 0.0, 0.0, 0.0, 0.0, 0.0, 0.0, 0.0, 0.0, 0.0, 0.0, 0.0, 0.0, 0.0, 0.0, 0.0, 0.0, 0.0, 0.0, 0.0, 0.0, 0.0, 0.0, 0.0, 0.0, 0.0, 0.0, 0.0, 0.0, 0.0, 0.0, 0.0, 0.0, 0.0, 0.0, 0.0, 0.0, 0.0, 0.0, 0.0, 0.0, 0.0, 0.0, 0.0, 0.0, 0.0, 0.0, 0.0, 0.0, 0.0, 0.0, 0.0, 0.0, 0.0, 0.0, 0.0, 0.0, 0.0, 0.0, 0.0, 0.0, 0.0, 0.0, 0.0, 0.0, 0.0, 0.0, 0.0, 0.0, 0.0, 0.0, 0.0, 0.0, 0.0, 0.0, 0.0, 0.0, 0.0, 0.0, 0.0, 0.0, 0.0, 0.0, 0.0, 0.0, 0.0, 0.0, 0.0, 0.0, 0.0, 0.0, 0.0, 0.0, 0.0, 0.0, 0.0, 0.0, 0.0, 0.0, 0.0, 0.0, 0.0, 0.0, 0.0, 0.0, 0.0, 0.0, 0.0, 0.0, 0.0, 0.0, 0.0, 0.0, 0.0, 0.0, 0.0, 0.0, 0.0, 0.0, 0.0, 0.0, 0.0, 0.0, 0.0, 0.0, 0.0, 0.0, 0.0, 0.0, 0.0, 0.0, 0.0, 0.0, 0.0, 0.0, 0.0, 0.0, 0.0, 0.0, 0.0, 0.0, 0.0, 0.0, 0.0, 0.0, 0.0, 0.0, 0.0, 0.0, 0.0, 0.0, 0.0, 0.0, 0.0, 0.0, 0.0, 0.0, 0.0, 0.0, 0.0, 0.0, 0.0, 0.0, 0.0, 0.0, 0.0, 0.0, 0.0]",COMPLETE
