,number,value,datetime_start,datetime_complete,duration,params_batch_size_scaler,params_constant_learning_rate,params_depth,params_epochs,params_kernel_l2,params_num_trees,params_temperature,user_attrs_accuracy_test,user_attrs_accuracy_valid,user_attrs_approximate_feature_sparsity,user_attrs_approximate_feature_sparsity_history,user_attrs_approximate_weight_sparsity,user_attrs_approximate_weight_sparsity_history,user_attrs_auc_test,user_attrs_auc_valid,user_attrs_feature_sparsity,user_attrs_feature_sparsity_history,user_attrs_num_epochs,user_attrs_val_loss_history,user_attrs_weight_sparsity,user_attrs_weight_sparsity_history,state
25,25,0.6635171516533344,2024-08-31 01:32:39.611816,2024-08-31 01:34:48.490580,0 days 00:02:08.878764,4,0.6518509501856641,4,315,0.007189999250101478,83,0.0057610284770130546,0.863,0.86,2,"[33, 33, 4, 4, 4, 4, 3, 3, 3, 2, 2, 2, 2, 2, 2, 2, 2, 2, 2, 2, 2, 2, 2, 2, 2, 2, 2, 2, 2, 2, 2, 2, 2, 2, 2, 2, 2, 2, 2, 2, 2, 2, 2, 2, 2, 2, 2, 2, 2, 2, 2, 2, 2, 2, 2, 2, 2, 2, 2, 2, 2, 2, 2, 2, 2, 2, 2, 2, 2, 2, 2, 2, 2, 2, 2, 2, 2, 2, 2, 2, 2, 2, 2, 2, 2, 2, 2, 2, 2, 2, 2, 2, 2, 2, 2, 2, 2, 2, 2, 2, 2, 2, 2, 2, 2, 2, 2, 2, 2, 2, 2, 2, 2, 2, 2, 2, 2, 2, 2, 2, 2, 2, 2, 2, 2, 2, 2, 2, 2, 2, 2, 2, 2, 2, 2, 2, 2, 2, 2, 2, 2, 2, 2, 2, 2, 2, 2, 2, 2, 2, 2, 2, 2, 2, 2, 2, 2, 2, 2, 2, 2, 2, 2, 2, 2, 2, 2, 2, 2, 2, 2, 2, 2, 2, 2, 2, 2, 2, 2, 2, 2, 2, 2, 2, 2, 2, 2, 2, 2, 2, 2, 2, 2, 2, 2, 2, 2, 2, 2, 2, 2, 2, 2, 2, 2, 2, 2, 2, 2, 2, 2, 2, 2, 2, 2, 2, 2, 2, 2, 2, 2, 2, 2, 2, 2, 2, 2, 2, 2, 2, 2, 2, 2, 2, 2, 2, 2, 2, 2, 2, 2, 2, 2, 2, 2, 2, 2, 2, 2, 2, 2, 2, 2, 2, 2, 2, 2, 2, 2, 2, 2, 2, 2, 2, 2, 2, 2, 2, 2, 2, 2, 2, 2, 2, 2, 2, 2, 2, 2, 2, 2, 2, 2, 2, 2, 2, 2, 2, 2, 2, 2, 2, 2, 2, 2, 2, 2, 2, 2, 2, 2, 2, 2, 2, 2, 2, 2, 2, 2, 2, 2, 2, 2, 2, 2]",1.9983935742971888,"[32.95421686746988, 32.94698795180723, 3.9919678714859437, 3.99277108433735, 3.9967871485943776, 3.993574297188755, 2.9975903614457833, 2.994377510040161, 2.995180722891566, 1.9975903614457833, 1.9991967871485943, 1.9991967871485943, 1.9951807228915663, 1.9983935742971888, 1.9975903614457833, 1.9991967871485943, 1.9983935742971888, 1.9951807228915661, 1.9951807228915661, 1.9983935742971888, 1.9967871485943776, 1.9983935742971888, 1.9991967871485943, 1.9975903614457833, 1.9967871485943776, 2.0, 2.0, 2.0, 1.9983935742971888, 1.9975903614457833, 1.9991967871485943, 1.9983935742971888, 1.9975903614457833, 1.9975903614457833, 1.9967871485943776, 1.9975903614457833, 1.9975903614457833, 1.9975903614457833, 1.9991967871485943, 1.9983935742971888, 1.9991967871485943, 1.9983935742971888, 2.0, 2.0, 1.9983935742971888, 1.9983935742971888, 2.0, 1.9983935742971888, 1.9983935742971888, 2.0, 1.9967871485943776, 1.9983935742971888, 1.9975903614457833, 1.9983935742971888, 1.9975903614457833, 1.9959839357429718, 1.9983935742971888, 1.9983935742971888, 1.9983935742971888, 1.9959839357429718, 1.9943775100401606, 1.9991967871485943, 1.9983935742971888, 1.9975903614457833, 1.9975903614457833, 1.9959839357429718, 1.9967871485943776, 1.9967871485943776, 1.9967871485943776, 1.9983935742971888, 1.9983935742971888, 1.9975903614457833, 1.9983935742971888, 2.0, 1.9991967871485943, 2.0, 1.9983935742971888, 1.9983935742971888, 1.9975903614457833, 1.9983935742971888, 1.9983935742971888, 1.9975903614457833, 1.9967871485943776, 1.9967871485943776, 2.0, 2.0, 1.9991967871485943, 1.9983935742971888, 2.0, 1.9991967871485943, 2.0, 1.9991967871485943, 1.9991967871485943, 1.9991967871485943, 2.0, 1.9975903614457833, 1.9983935742971888, 1.9991967871485943, 1.9983935742971888, 1.9983935742971888, 2.0, 1.9991967871485943, 1.9975903614457833, 1.9983935742971888, 1.9975903614457833, 1.9975903614457833, 1.9975903614457833, 1.9983935742971888, 1.9991967871485943, 1.9991967871485943, 1.9991967871485943, 1.9991967871485943, 1.9991967871485943, 1.9991967871485943, 2.0, 1.9991967871485943, 1.9983935742971888, 1.9991967871485943, 1.9991967871485943, 1.9983935742971888, 1.9975903614457833, 1.9983935742971888, 1.9991967871485943, 1.9991967871485943, 1.9975903614457833, 1.9967871485943776, 1.9959839357429718, 1.9959839357429718, 1.9967871485943776, 1.9967871485943776, 1.9975903614457833, 1.9983935742971888, 1.9983935742971888, 1.9975903614457833, 1.9967871485943776, 1.9975903614457833, 1.9967871485943776, 1.9975903614457833, 1.9983935742971888, 1.9983935742971888, 1.9983935742971888, 1.9959839357429718, 1.9983935742971888, 1.9959839357429718, 1.9967871485943776, 1.9967871485943776, 1.9967871485943776, 1.9983935742971888, 1.9983935742971888, 1.9983935742971888, 1.9975903614457833, 1.9975903614457833, 1.9983935742971888, 1.9967871485943776, 1.9967871485943776, 1.9975903614457833, 1.9975903614457833, 1.9983935742971888, 1.9959839357429718, 1.9967871485943776, 1.9967871485943776, 1.9975903614457833, 1.9959839357429718, 1.9935742971887551, 1.9983935742971888, 1.9967871485943776, 1.9951807228915663, 1.9951807228915663, 1.9975903614457833, 1.9951807228915663, 1.9967871485943776, 1.9975903614457833, 1.9991967871485943, 1.9967871485943776, 1.9967871485943776, 1.9951807228915661, 1.9943775100401606, 1.9975903614457833, 1.9951807228915663, 1.9959839357429718, 1.9959839357429718, 1.9967871485943776, 1.9951807228915663, 1.9967871485943776, 1.9959839357429718, 1.9951807228915663, 1.9959839357429718, 1.9967871485943776, 1.9959839357429718, 1.9975903614457833, 1.9967871485943776, 1.9975903614457833, 1.9975903614457833, 1.9967871485943776, 1.9967871485943776, 1.9967871485943776, 1.9967871485943776, 1.9967871485943776, 1.9959839357429718, 1.9967871485943776, 1.9967871485943776, 1.9983935742971888, 1.9959839357429718, 1.9975903614457833, 1.9959839357429718, 1.9951807228915663, 1.9959839357429718, 1.9967871485943776, 1.9967871485943776, 1.9967871485943776, 1.9959839357429718, 1.9959839357429718, 1.9967871485943776, 1.9967871485943776, 1.9967871485943776, 1.9951807228915663, 1.9975903614457833, 1.9959839357429718, 1.9967871485943776, 1.9967871485943776, 1.9967871485943776, 1.9959839357429718, 1.9951807228915663, 1.9967871485943776, 1.9959839357429718, 1.9967871485943776, 1.9967871485943776, 1.9967871485943776, 1.9975903614457833, 1.9967871485943776, 1.9967871485943776, 1.9975903614457833, 1.9959839357429718, 1.9967871485943776, 1.9975903614457833, 1.9959839357429718, 1.9967871485943776, 1.9959839357429718, 1.9959839357429718, 1.9951807228915663, 1.9959839357429718, 1.9967871485943776, 1.9967871485943776, 1.9959839357429718, 1.9959839357429718, 1.9951807228915663, 1.9951807228915663, 1.9975903614457833, 1.9967871485943776, 1.9975903614457833, 1.9959839357429718, 1.9967871485943776, 1.9959839357429718, 1.9959839357429718, 1.9951807228915663, 1.9959839357429718, 1.9975903614457833, 1.9975903614457833, 1.9959839357429718, 1.9967871485943776, 1.9967871485943776, 1.9975903614457833, 1.9975903614457833, 1.9967871485943776, 1.9975903614457833, 1.9975903614457833, 1.9975903614457833, 1.9975903614457833, 1.9975903614457833, 1.9959839357429718, 1.9959839357429718, 1.9959839357429718, 1.9967871485943776, 1.9967871485943776, 1.9983935742971888, 1.9983935742971888, 1.9983935742971888, 1.9975903614457833, 1.9975903614457833, 1.9967871485943776, 1.9967871485943776, 1.9967871485943776, 1.9967871485943776, 1.9967871485943776, 1.9967871485943776, 1.9967871485943776, 1.9967871485943776, 1.9975903614457833, 1.9975903614457833, 1.9991967871485943, 1.9991967871485943, 1.9983935742971888, 1.9975903614457833, 1.9975903614457833, 1.9975903614457833, 1.9975903614457833, 1.9991967871485943, 1.9991967871485943, 1.9975903614457833, 1.9983935742971888, 1.9983935742971888, 1.9991967871485943, 1.9991967871485943, 1.9983935742971888, 1.9983935742971888, 1.9991967871485943, 1.9983935742971888, 1.9983935742971888, 1.9983935742971888, 1.9975903614457833, 1.9975903614457833, 1.9975903614457833, 1.9983935742971888, 1.9983935742971888, 1.9983935742971888]",0.6446635127436653,0.6635171516533344,2,"[33, 33, 4, 4, 4, 4, 3, 3, 3, 2, 2, 2, 2, 2, 2, 2, 2, 2, 2, 2, 2, 2, 2, 2, 2, 2, 2, 2, 2, 2, 2, 2, 2, 2, 2, 2, 2, 2, 2, 2, 2, 2, 2, 2, 2, 2, 2, 2, 2, 2, 2, 2, 2, 2, 2, 2, 2, 2, 2, 2, 2, 2, 2, 2, 2, 2, 2, 2, 2, 2, 2, 2, 2, 2, 2, 2, 2, 2, 2, 2, 2, 2, 2, 2, 2, 2, 2, 2, 2, 2, 2, 2, 2, 2, 2, 2, 2, 2, 2, 2, 2, 2, 2, 2, 2, 2, 2, 2, 2, 2, 2, 2, 2, 2, 2, 2, 2, 2, 2, 2, 2, 2, 2, 2, 2, 2, 2, 2, 2, 2, 2, 2, 2, 2, 2, 2, 2, 2, 2, 2, 2, 2, 2, 2, 2, 2, 2, 2, 2, 2, 2, 2, 2, 2, 2, 2, 2, 2, 2, 2, 2, 2, 2, 2, 2, 2, 2, 2, 2, 2, 2, 2, 2, 2, 2, 2, 2, 2, 2, 2, 2, 2, 2, 2, 2, 2, 2, 2, 2, 2, 2, 2, 2, 2, 2, 2, 2, 2, 2, 2, 2, 2, 2, 2, 2, 2, 2, 2, 2, 2, 2, 2, 2, 2, 2, 2, 2, 2, 2, 2, 2, 2, 2, 2, 2, 2, 2, 2, 2, 2, 2, 2, 2, 2, 2, 2, 2, 2, 2, 2, 2, 2, 2, 2, 2, 2, 2, 2, 2, 2, 2, 2, 2, 2, 2, 2, 2, 2, 2, 2, 2, 2, 2, 2, 2, 2, 2, 2, 2, 2, 2, 2, 2, 2, 2, 2, 2, 2, 2, 2, 2, 2, 2, 2, 2, 2, 2, 2, 2, 2, 2, 2, 2, 2, 2, 2, 2, 2, 2, 2, 2, 2, 2, 2, 2, 2, 2, 2, 2, 2, 2, 2, 2, 2, 2]",315,"[0.3678716719150543, 0.359573632478714, 0.3664531409740448, 0.3590700626373291, 0.3655366003513336, 0.3601883351802826, 0.37152495980262756, 0.3702961802482605, 0.37763750553131104, 0.37919771671295166, 0.3711596429347992, 0.36913058161735535, 0.3863440454006195, 0.36956360936164856, 0.36684510111808777, 0.37466612458229065, 0.3706689476966858, 0.38933998346328735, 0.3663235604763031, 0.37138882279396057, 0.3668438196182251, 0.3690560460090637, 0.36638855934143066, 0.38395047187805176, 0.3779406249523163, 0.3721223473548889, 0.3664868175983429, 0.36714810132980347, 0.3697245717048645, 0.36808836460113525, 0.37045031785964966, 0.3671582341194153, 0.3676556348800659, 0.3843696713447571, 0.3734293282032013, 0.36822548508644104, 0.3687218427658081, 0.3686697781085968, 0.3856457769870758, 0.3669019937515259, 0.3668597936630249, 0.3663943409919739, 0.3717619776725769, 0.3674141764640808, 0.3700351417064667, 0.36721110343933105, 0.3668215274810791, 0.3716850280761719, 0.3751417398452759, 0.36646416783332825, 0.3930175006389618, 0.36636248230934143, 0.3764154016971588, 0.3695814609527588, 0.3679095208644867, 0.36670243740081787, 0.3666211664676666, 0.36687347292900085, 0.36644408106803894, 0.36660438776016235, 0.3664610683917999, 0.3685103952884674, 0.37541717290878296, 0.38105642795562744, 0.3663581609725952, 0.36764946579933167, 0.37425315380096436, 0.3705676794052124, 0.3907930850982666, 0.370407372713089, 0.36957401037216187, 0.36639392375946045, 0.3724779188632965, 0.3667154610157013, 0.3943067491054535, 0.3697894215583801, 0.3668721318244934, 0.36844509840011597, 0.36986100673675537, 0.37744104862213135, 0.3826664090156555, 0.36756813526153564, 0.36937791109085083, 0.368063747882843, 0.37077972292900085, 0.3668454885482788, 0.3671705722808838, 0.38574454188346863, 0.36667758226394653, 0.37459519505500793, 0.36646854877471924, 0.36710941791534424, 0.37265488505363464, 0.3664613962173462, 0.3701110780239105, 0.3672983646392822, 0.3719125986099243, 0.3679247200489044, 0.3693552315235138, 0.36663925647735596, 0.3680405914783478, 0.37568795680999756, 0.36911389231681824, 0.36633849143981934, 0.36754658818244934, 0.36631157994270325, 0.36801677942276, 0.38072189688682556, 0.37228161096572876, 0.36637401580810547, 0.36634090542793274, 0.3676047623157501, 0.37364497780799866, 0.37490546703338623, 0.3679080605506897, 0.3673234283924103, 0.36960652470588684, 0.36737141013145447, 0.38588660955429077, 0.36710304021835327, 0.366482138633728, 0.3670279383659363, 0.36713793873786926, 0.36712247133255005, 0.3663732409477234, 0.366950124502182, 0.3663749694824219, 0.3675558865070343, 0.3663005530834198, 0.36895182728767395, 0.37124988436698914, 0.3721156418323517, 0.3804534077644348, 0.38317549228668213, 0.36653760075569153, 0.3672409951686859, 0.36628466844558716, 0.37254732847213745, 0.37046387791633606, 0.368368923664093, 0.36697837710380554, 0.37850847840309143, 0.3689999282360077, 0.3758491277694702, 0.3814474046230316, 0.3722633123397827, 0.36629676818847656, 0.36866527795791626, 0.37227457761764526, 0.3770385980606079, 0.367034912109375, 0.3662859797477722, 0.3677710294723511, 0.3709946572780609, 0.3663008511066437, 0.36724621057510376, 0.3757099211215973, 0.3812579810619354, 0.36732739210128784, 0.366316020488739, 0.36988547444343567, 0.37375399470329285, 0.3665694296360016, 0.3668041527271271, 0.39120540022850037, 0.3697315454483032, 0.37453415989875793, 0.36652541160583496, 0.413733571767807, 0.3682945966720581, 0.36630237102508545, 0.37041282653808594, 0.4503183662891388, 0.36961743235588074, 0.3665103018283844, 0.367206335067749, 0.3673979938030243, 0.3719208538532257, 0.3668012320995331, 0.3869863450527191, 0.3663352131843567, 0.36637020111083984, 0.3678632378578186, 0.36628270149230957, 0.366281658411026, 0.3701196610927582, 0.3737090826034546, 0.3752388060092926, 0.369099497795105, 0.37780505418777466, 0.36725085973739624, 0.36669331789016724, 0.36631089448928833, 0.3666291832923889, 0.36669921875, 0.3663835823535919, 0.3681132197380066, 0.37048208713531494, 0.36728546023368835, 0.36792057752609253, 0.36641883850097656, 0.3668915927410126, 0.3662915825843811, 0.3800077736377716, 0.36909279227256775, 0.36696648597717285, 0.3669280707836151, 0.36626529693603516, 0.36826092004776, 0.3761613368988037, 0.36627131700515747, 0.3664141893386841, 0.3723714351654053, 0.37357497215270996, 0.36643412709236145, 0.37377434968948364, 0.367427796125412, 0.36637282371520996, 0.3675113320350647, 0.38011860847473145, 0.3664500415325165, 0.36631396412849426, 0.381306916475296, 0.3720080256462097, 0.3741385340690613, 0.366253137588501, 0.36694079637527466, 0.3663427233695984, 0.37979498505592346, 0.37228721380233765, 0.37218567728996277, 0.3669002950191498, 0.36880993843078613, 0.36825889348983765, 0.37489306926727295, 0.36956867575645447, 0.366943359375, 0.3685039281845093, 0.36626431345939636, 0.37619277834892273, 0.36649224162101746, 0.367112934589386, 0.3674868047237396, 0.37888336181640625, 0.37126898765563965, 0.3667827248573303, 0.3681095540523529, 0.40673911571502686, 0.366720974445343, 0.3728836476802826, 0.37748974561691284, 0.3731878995895386, 0.3680086135864258, 0.37009283900260925, 0.36818835139274597, 0.3733852505683899, 0.36813804507255554, 0.3684063255786896, 0.37862902879714966, 0.36957982182502747, 0.37359142303466797, 0.3740682899951935, 0.36633846163749695, 0.41660448908805847, 0.3681832253932953, 0.36643385887145996, 0.36645716428756714, 0.3675607442855835, 0.3670349419116974, 0.3683544397354126, 0.3743126392364502, 0.36626991629600525, 0.3749958276748657, 0.3709186613559723, 0.36629965901374817, 0.3664219379425049, 0.36640697717666626, 0.37422284483909607, 0.36648333072662354, 0.36817672848701477, 0.3662469983100891, 0.368775337934494, 0.3666837811470032, 0.3670385479927063, 0.36727288365364075, 0.36894676089286804, 0.3665732145309448, 0.36949893832206726, 0.3674098253250122, 0.37256959080696106, 0.3676430881023407, 0.37303173542022705, 0.3668501675128937, 0.36737096309661865, 0.3665592074394226, 0.3679501712322235, 0.3684532642364502, 0.3729119598865509, 0.367147296667099, 0.37191712856292725, 0.36671265959739685, 0.3669948875904083, 0.3663378655910492, 0.36625534296035767, 0.36809635162353516, 0.36651191115379333, 0.3669314980506897, 0.36659252643585205, 0.3662346601486206, 0.3681834042072296, 0.366449773311615, 0.3662433624267578, 0.3698805272579193, 0.3709997832775116, 0.3678344786167145]",2.0,"[33.0, 33.0, 4.0, 4.0, 4.0, 4.0, 3.0, 3.0, 3.0, 2.0, 2.0, 2.0, 2.0, 2.0, 2.0, 2.0, 2.0, 2.0, 2.0, 2.0, 2.0, 2.0, 2.0, 2.0, 2.0, 2.0, 2.0, 2.0, 2.0, 2.0, 2.0, 2.0, 2.0, 2.0, 2.0, 2.0, 2.0, 2.0, 2.0, 2.0, 2.0, 2.0, 2.0, 2.0, 2.0, 2.0, 2.0, 2.0, 2.0, 2.0, 2.0, 2.0, 2.0, 2.0, 2.0, 2.0, 2.0, 2.0, 2.0, 2.0, 2.0, 2.0, 2.0, 2.0, 2.0, 2.0, 2.0, 2.0, 2.0, 2.0, 2.0, 2.0, 2.0, 2.0, 2.0, 2.0, 2.0, 2.0, 2.0, 2.0, 2.0, 2.0, 2.0, 2.0, 2.0, 2.0, 2.0, 2.0, 2.0, 2.0, 2.0, 2.0, 2.0, 2.0, 2.0, 2.0, 2.0, 2.0, 2.0, 2.0, 2.0, 2.0, 2.0, 2.0, 2.0, 2.0, 2.0, 2.0, 2.0, 2.0, 2.0, 2.0, 2.0, 2.0, 2.0, 2.0, 2.0, 2.0, 2.0, 2.0, 2.0, 2.0, 2.0, 2.0, 2.0, 2.0, 2.0, 2.0, 2.0, 2.0, 2.0, 2.0, 2.0, 2.0, 2.0, 2.0, 2.0, 2.0, 2.0, 2.0, 2.0, 2.0, 2.0, 2.0, 2.0, 2.0, 2.0, 2.0, 2.0, 2.0, 2.0, 2.0, 2.0, 2.0, 2.0, 2.0, 2.0, 2.0, 2.0, 2.0, 2.0, 2.0, 2.0, 2.0, 2.0, 2.0, 2.0, 2.0, 2.0, 2.0, 2.0, 2.0, 2.0, 2.0, 2.0, 2.0, 2.0, 2.0, 2.0, 2.0, 2.0, 2.0, 2.0, 2.0, 2.0, 2.0, 2.0, 2.0, 2.0, 2.0, 2.0, 2.0, 2.0, 2.0, 2.0, 2.0, 2.0, 2.0, 2.0, 2.0, 2.0, 2.0, 2.0, 2.0, 2.0, 2.0, 2.0, 2.0, 2.0, 2.0, 2.0, 2.0, 2.0, 2.0, 2.0, 2.0, 2.0, 2.0, 2.0, 2.0, 2.0, 2.0, 2.0, 2.0, 2.0, 2.0, 2.0, 2.0, 2.0, 2.0, 2.0, 2.0, 2.0, 2.0, 2.0, 2.0, 2.0, 2.0, 2.0, 2.0, 2.0, 2.0, 2.0, 2.0, 2.0, 2.0, 2.0, 2.0, 2.0, 2.0, 2.0, 2.0, 2.0, 2.0, 2.0, 2.0, 2.0, 2.0, 2.0, 2.0, 2.0, 2.0, 2.0, 2.0, 2.0, 2.0, 2.0, 2.0, 2.0, 2.0, 2.0, 2.0, 2.0, 2.0, 2.0, 2.0, 2.0, 2.0, 2.0, 2.0, 2.0, 2.0, 2.0, 2.0, 2.0, 2.0, 2.0, 2.0, 2.0, 2.0, 2.0, 2.0, 2.0, 2.0, 2.0, 2.0, 2.0, 2.0, 2.0, 2.0, 2.0, 2.0, 2.0, 2.0, 2.0, 2.0, 2.0, 2.0, 2.0, 2.0, 2.0, 2.0, 2.0, 2.0, 2.0]",COMPLETE
