,number,value,datetime_start,datetime_complete,duration,params_batch_size_scaler,params_constant_learning_rate,params_depth,params_epochs,params_kernel_l2,params_num_trees,params_temperature,user_attrs_accuracy_test,user_attrs_accuracy_valid,user_attrs_approximate_feature_sparsity,user_attrs_approximate_feature_sparsity_history,user_attrs_approximate_weight_sparsity,user_attrs_approximate_weight_sparsity_history,user_attrs_auc_test,user_attrs_auc_valid,user_attrs_feature_sparsity,user_attrs_feature_sparsity_history,user_attrs_num_epochs,user_attrs_val_loss_history,user_attrs_weight_sparsity,user_attrs_weight_sparsity_history,state
39,39,0.8599657353376873,2024-08-31 02:07:33.588140,2024-08-31 02:10:01.623564,0 days 00:02:28.035424,4,0.6029722817976475,3,375,0.03415265215772549,85,0.0041961926128815975,0.896,0.8925,5,"[33, 33, 32, 11, 6, 6, 6, 6, 5, 5, 5, 5, 5, 5, 5, 5, 5, 5, 5, 5, 5, 5, 5, 5, 5, 5, 5, 5, 5, 5, 5, 5, 5, 5, 5, 5, 5, 5, 5, 5, 5, 5, 5, 5, 5, 5, 5, 5, 5, 5, 5, 5, 5, 5, 5, 5, 5, 5, 5, 5, 5, 5, 5, 5, 5, 5, 5, 5, 5, 5, 5, 5, 5, 5, 5, 5, 5, 5, 5, 5, 5, 5, 5, 5, 5, 5, 5, 5, 5, 5, 5, 5, 5, 5, 5, 5, 5, 5, 5, 5, 5, 5, 5, 5, 5, 5, 5, 5, 5, 5, 5, 5, 5, 5, 5, 5, 5, 5, 5, 5, 5, 5, 5, 5, 5, 5, 5, 5, 5, 5, 5, 5, 5, 5, 5, 5, 5, 5, 5, 5, 5, 5, 5, 5, 5, 5, 5, 5, 5, 5, 5, 5, 5, 5, 5, 5, 5, 5, 5, 5, 5, 5, 5, 5, 5, 5, 5, 5, 5, 5, 5, 5, 5, 5, 5, 5, 5, 5, 5, 5, 5, 5, 5, 5, 5, 5, 5, 5, 5, 5, 5, 5, 5, 5, 5, 5, 5, 5, 5, 5, 5, 5, 5, 5, 5, 5, 5, 5, 5, 5, 5, 5, 5, 5, 5, 5, 5, 5, 5, 5, 5, 5, 5, 5, 5, 5, 5, 5, 5, 5, 5, 5, 5, 5, 5, 5, 5, 5, 5, 5, 5, 5, 5, 5, 5, 5, 5, 5, 5, 5, 5, 5, 5, 5, 5, 5, 5, 5, 5, 5, 5, 5, 5, 5, 5, 5, 5, 5, 5, 5, 5, 5, 5, 5, 5, 5, 5, 5, 5, 5, 5, 5, 5, 5, 5, 5, 5, 5, 5, 5, 5, 5, 5, 5, 5, 5, 5, 5, 5, 5, 5, 5, 5, 5, 5, 5, 5, 5, 5, 5, 5, 5, 5, 5, 5, 5, 5, 5, 5, 5, 5, 5, 5, 5, 5, 5, 5, 5, 5, 5, 5, 5, 5, 5, 5, 5, 5, 5, 5, 5, 5, 5, 5, 5, 5, 5, 5, 5, 5, 5, 5, 5, 5, 5, 5, 5, 5, 5, 5, 5, 5, 5, 5, 5, 5, 5, 5, 5, 5, 5, 5, 5, 5, 5, 5]",4.981512605042017,"[32.96134453781512, 32.957983193277315, 31.956302521008404, 10.989915966386555, 5.996638655462185, 5.989915966386555, 5.996638655462185, 5.998319327731092, 5.0, 5.0, 4.994957983193277, 5.0, 5.0, 4.996638655462185, 4.998319327731092, 4.998319327731092, 4.994957983193277, 4.994957983193277, 4.994957983193277, 4.996638655462185, 4.996638655462185, 4.994957983193277, 4.994957983193277, 4.994957983193277, 4.994957983193277, 4.988235294117647, 4.99327731092437, 4.994957983193277, 4.996638655462185, 5.0, 4.994957983193277, 4.996638655462185, 4.99327731092437, 4.99327731092437, 4.996638655462185, 4.996638655462185, 4.99327731092437, 4.991596638655462, 4.99327731092437, 4.988235294117647, 4.99327731092437, 4.99327731092437, 4.989915966386555, 4.988235294117647, 4.991596638655462, 4.989915966386555, 4.989915966386555, 4.9865546218487395, 4.989915966386555, 4.994957983193277, 4.99327731092437, 4.99327731092437, 4.996638655462185, 5.0, 4.998319327731092, 4.994957983193277, 4.994957983193277, 4.996638655462185, 4.996638655462185, 4.998319327731092, 4.996638655462185, 5.0, 4.996638655462185, 4.996638655462185, 4.991596638655462, 4.996638655462185, 4.99327731092437, 4.996638655462185, 4.994957983193277, 4.994957983193277, 4.996638655462185, 4.99327731092437, 4.996638655462185, 4.994957983193277, 4.998319327731092, 4.994957983193277, 4.99327731092437, 4.991596638655462, 4.998319327731092, 5.0, 5.0, 4.994957983193277, 4.996638655462185, 4.994957983193277, 4.99327731092437, 4.998319327731092, 4.99327731092437, 4.998319327731092, 4.996638655462185, 4.998319327731092, 4.996638655462185, 4.991596638655462, 4.994957983193277, 4.988235294117647, 4.994957983193277, 4.996638655462185, 4.991596638655462, 4.989915966386555, 4.988235294117647, 4.998319327731092, 4.991596638655462, 4.998319327731092, 4.996638655462185, 4.998319327731092, 4.996638655462185, 4.9865546218487395, 4.991596638655462, 4.99327731092437, 4.996638655462185, 4.994957983193277, 4.99327731092437, 4.991596638655462, 4.99327731092437, 4.994957983193277, 4.991596638655462, 4.996638655462185, 4.99327731092437, 4.994957983193277, 4.994957983193277, 4.996638655462185, 4.994957983193277, 4.994957983193277, 4.994957983193277, 5.0, 4.994957983193277, 4.996638655462185, 4.994957983193277, 4.998319327731092, 4.996638655462185, 5.0, 4.998319327731092, 4.996638655462185, 4.99327731092437, 4.996638655462185, 4.998319327731092, 4.998319327731092, 4.996638655462185, 4.99327731092437, 4.994957983193277, 4.994957983193277, 4.994957983193277, 4.996638655462185, 4.996638655462185, 4.996638655462185, 4.998319327731092, 4.998319327731092, 4.998319327731092, 4.996638655462185, 4.994957983193277, 4.996638655462185, 4.996638655462185, 4.991596638655462, 4.99327731092437, 4.99327731092437, 4.996638655462185, 4.991596638655462, 4.99327731092437, 4.996638655462185, 4.994957983193277, 4.994957983193277, 4.994957983193277, 4.994957983193277, 4.994957983193277, 4.991596638655462, 4.991596638655462, 5.0, 4.996638655462185, 4.994957983193277, 4.991596638655462, 4.996638655462185, 4.998319327731092, 4.994957983193277, 4.996638655462185, 4.991596638655462, 4.989915966386555, 4.991596638655462, 4.99327731092437, 4.994957983193277, 4.994957983193277, 4.994957983193277, 4.996638655462185, 4.991596638655462, 4.996638655462185, 4.994957983193277, 4.996638655462185, 4.996638655462185, 4.996638655462185, 4.996638655462185, 4.99327731092437, 4.994957983193277, 4.996638655462185, 4.998319327731092, 4.989915966386555, 4.994957983193277, 4.996638655462185, 4.996638655462185, 4.998319327731092, 4.991596638655462, 4.998319327731092, 4.99327731092437, 4.991596638655462, 4.99327731092437, 4.994957983193277, 4.994957983193277, 4.9865546218487395, 4.991596638655462, 4.994957983193277, 4.99327731092437, 4.998319327731092, 4.99327731092437, 4.99327731092437, 4.996638655462185, 5.0, 4.996638655462185, 4.998319327731092, 4.996638655462185, 4.994957983193277, 4.991596638655462, 4.991596638655462, 4.99327731092437, 4.989915966386555, 4.991596638655462, 4.991596638655462, 4.99327731092437, 4.988235294117647, 4.9865546218487395, 4.99327731092437, 4.988235294117647, 4.989915966386555, 4.994957983193277, 4.988235294117647, 4.988235294117647, 4.988235294117647, 4.9865546218487395, 4.988235294117647, 4.991596638655462, 4.99327731092437, 4.99327731092437, 4.99327731092437, 4.994957983193277, 4.991596638655462, 4.994957983193277, 4.994957983193277, 4.989915966386555, 4.991596638655462, 4.99327731092437, 4.994957983193277, 4.988235294117647, 4.996638655462185, 4.99327731092437, 4.994957983193277, 4.994957983193277, 4.994957983193277, 4.998319327731092, 4.991596638655462, 4.998319327731092, 5.0, 4.996638655462185, 4.996638655462185, 4.994957983193277, 4.998319327731092, 4.99327731092437, 4.996638655462185, 4.998319327731092, 4.99327731092437, 4.994957983193277, 4.998319327731092, 4.998319327731092, 4.99327731092437, 4.994957983193277, 5.0, 4.994957983193277, 5.0, 4.996638655462185, 4.994957983193277, 4.994957983193277, 4.99327731092437, 4.996638655462185, 4.988235294117647, 4.996638655462185, 4.991596638655462, 4.991596638655462, 4.989915966386555, 4.996638655462185, 4.996638655462185, 4.991596638655462, 4.994957983193277, 4.998319327731092, 4.99327731092437, 4.998319327731092, 4.998319327731092, 4.994957983193277, 4.996638655462185, 4.994957983193277, 4.989915966386555, 4.991596638655462, 4.991596638655462, 4.996638655462185, 4.994957983193277, 4.99327731092437, 4.989915966386555, 4.994957983193277, 4.99327731092437, 4.991596638655462, 4.9865546218487395, 4.998319327731092, 4.988235294117647, 4.99327731092437, 4.994957983193277, 4.994957983193277, 4.991596638655462, 4.989915966386555, 4.988235294117647, 4.991596638655462, 4.994957983193277, 4.989915966386555, 4.991596638655462, 4.99327731092437, 4.988235294117647, 4.9865546218487395, 4.989915966386555, 4.994957983193277, 4.99327731092437, 4.996638655462185, 4.99327731092437, 4.994957983193277, 4.994957983193277, 4.99327731092437, 4.99327731092437, 4.991596638655462, 4.994957983193277, 4.989915966386555, 4.989915966386555, 4.991596638655462, 4.991596638655462, 4.996638655462185, 4.991596638655462, 4.994957983193277, 4.991596638655462, 4.996638655462185, 4.99327731092437, 4.9865546218487395, 4.994957983193277, 4.988235294117647, 4.99327731092437, 4.99327731092437, 4.996638655462185, 4.996638655462185, 4.988235294117647, 4.996638655462185, 4.994957983193277, 4.991596638655462, 4.989915966386555, 4.99327731092437, 4.99327731092437, 4.991596638655462, 4.991596638655462, 4.991596638655462, 4.99327731092437, 4.99327731092437, 4.994957983193277, 4.99327731092437, 4.99327731092437, 4.991596638655462, 4.989915966386555, 4.99327731092437, 4.989915966386555, 4.988235294117647, 4.984873949579832, 4.983193277310924, 4.983193277310924, 4.9865546218487395, 4.983193277310924, 4.983193277310924, 4.981512605042017]",0.8675723874866866,0.8599657353376873,5,"[33, 33, 32, 11, 6, 6, 6, 6, 5, 5, 5, 5, 5, 5, 5, 5, 5, 5, 5, 5, 5, 5, 5, 5, 5, 5, 5, 5, 5, 5, 5, 5, 5, 5, 5, 5, 5, 5, 5, 5, 5, 5, 5, 5, 5, 5, 5, 5, 5, 5, 5, 5, 5, 5, 5, 5, 5, 5, 5, 5, 5, 5, 5, 5, 5, 5, 5, 5, 5, 5, 5, 5, 5, 5, 5, 5, 5, 5, 5, 5, 5, 5, 5, 5, 5, 5, 5, 5, 5, 5, 5, 5, 5, 5, 5, 5, 5, 5, 5, 5, 5, 5, 5, 5, 5, 5, 5, 5, 5, 5, 5, 5, 5, 5, 5, 5, 5, 5, 5, 5, 5, 5, 5, 5, 5, 5, 5, 5, 5, 5, 5, 5, 5, 5, 5, 5, 5, 5, 5, 5, 5, 5, 5, 5, 5, 5, 5, 5, 5, 5, 5, 5, 5, 5, 5, 5, 5, 5, 5, 5, 5, 5, 5, 5, 5, 5, 5, 5, 5, 5, 5, 5, 5, 5, 5, 5, 5, 5, 5, 5, 5, 5, 5, 5, 5, 5, 5, 5, 5, 5, 5, 5, 5, 5, 5, 5, 5, 5, 5, 5, 5, 5, 5, 5, 5, 5, 5, 5, 5, 5, 5, 5, 5, 5, 5, 5, 5, 5, 5, 5, 5, 5, 5, 5, 5, 5, 5, 5, 5, 5, 5, 5, 5, 5, 5, 5, 5, 5, 5, 5, 5, 5, 5, 5, 5, 5, 5, 5, 5, 5, 5, 5, 5, 5, 5, 5, 5, 5, 5, 5, 5, 5, 5, 5, 5, 5, 5, 5, 5, 5, 5, 5, 5, 5, 5, 5, 5, 5, 5, 5, 5, 5, 5, 5, 5, 5, 5, 5, 5, 5, 5, 5, 5, 5, 5, 5, 5, 5, 5, 5, 5, 5, 5, 5, 5, 5, 5, 5, 5, 5, 5, 5, 5, 5, 5, 5, 5, 5, 5, 5, 5, 5, 5, 5, 5, 5, 5, 5, 5, 5, 5, 5, 5, 5, 5, 5, 5, 5, 5, 5, 5, 5, 5, 5, 5, 5, 5, 5, 5, 5, 5, 5, 5, 5, 5, 5, 5, 5, 5, 5, 5, 5, 5, 5, 5, 5, 5, 5, 5, 5, 5, 5, 5, 5, 5]",375,"[0.3796044886112213, 0.35300037264823914, 0.36192211508750916, 0.3322274088859558, 0.3407279849052429, 0.3344489634037018, 0.3263698220252991, 0.3299851715564728, 0.32046759128570557, 0.3102051317691803, 0.3077429533004761, 0.3010023236274719, 0.2972184419631958, 0.2984484136104584, 0.2938160002231598, 0.29712149500846863, 0.2957890033721924, 0.31715166568756104, 0.2991516888141632, 0.3705875277519226, 0.2905210554599762, 0.3354271650314331, 0.3084782361984253, 0.29900220036506653, 0.3634321987628937, 0.28644198179244995, 0.35580480098724365, 0.2854268550872803, 0.29549703001976013, 0.2842342257499695, 0.2920479476451874, 0.32931214570999146, 0.28420746326446533, 0.2797706127166748, 0.2845982015132904, 0.2777951955795288, 0.30132633447647095, 0.38334786891937256, 0.2796652615070343, 0.2756347358226776, 0.27876555919647217, 0.2816084027290344, 0.30148813128471375, 0.313175231218338, 0.2851293385028839, 0.2726912200450897, 0.27597472071647644, 0.27271023392677307, 0.27459201216697693, 0.2778890132904053, 0.28136613965034485, 0.2712242007255554, 0.2724522054195404, 0.29074370861053467, 0.2753240764141083, 0.31040331721305847, 0.29163822531700134, 0.2720588445663452, 0.2763296961784363, 0.28917306661605835, 0.27418336272239685, 0.27749890089035034, 0.2816568911075592, 0.2727700173854828, 0.28311726450920105, 0.27809685468673706, 0.2780070900917053, 0.30236920714378357, 0.27225804328918457, 0.29068806767463684, 0.27049505710601807, 0.2699485719203949, 0.27458474040031433, 0.3370034396648407, 0.2679063677787781, 0.2734116315841675, 0.2698477804660797, 0.270371675491333, 0.28607863187789917, 0.2892896831035614, 0.2682743966579437, 0.2694056034088135, 0.26964637637138367, 0.2700125277042389, 0.2739547789096832, 0.28395867347717285, 0.26800110936164856, 0.27679717540740967, 0.2731810510158539, 0.26997479796409607, 0.27097994089126587, 0.31649741530418396, 0.27733051776885986, 0.28709691762924194, 0.33231303095817566, 0.2771817147731781, 0.2681560218334198, 0.27008822560310364, 0.2717789113521576, 0.26822325587272644, 0.2773246467113495, 0.2669556140899658, 0.2815130949020386, 0.29535922408103943, 0.27250686287879944, 0.2677411139011383, 0.2721928656101227, 0.2710798382759094, 0.26828283071517944, 0.2774244248867035, 0.2669629752635956, 0.26942822337150574, 0.26724326610565186, 0.28090745210647583, 0.2688125669956207, 0.29586708545684814, 0.287962406873703, 0.26677069067955017, 0.3206009268760681, 0.2720365524291992, 0.27239298820495605, 0.27319931983947754, 0.2872724235057831, 0.2668856084346771, 0.2709049582481384, 0.26770874857902527, 0.4643861651420593, 0.27046024799346924, 0.268982857465744, 0.27714529633522034, 0.29793810844421387, 0.27600693702697754, 0.2776939272880554, 0.26796475052833557, 0.2693154811859131, 0.28854599595069885, 0.2667008638381958, 0.2689967751502991, 0.2893672585487366, 0.27208390831947327, 0.272885262966156, 0.26917731761932373, 0.2697042226791382, 0.26725083589553833, 0.28348007798194885, 0.27011311054229736, 0.2703119218349457, 0.2681772708892822, 0.2677009403705597, 0.30016040802001953, 0.2753029763698578, 0.26724186539649963, 0.26802653074264526, 0.2685069143772125, 0.2665732204914093, 0.26607102155685425, 0.2905181050300598, 0.27100107073783875, 0.2702288329601288, 0.29205942153930664, 0.2731612026691437, 0.27978265285491943, 0.2709195613861084, 0.26757633686065674, 0.2787057161331177, 0.27255871891975403, 0.2672027349472046, 0.32221823930740356, 0.2977612018585205, 0.2741018533706665, 0.27426230907440186, 0.29261645674705505, 0.26630640029907227, 0.26946187019348145, 0.3073728680610657, 0.26858770847320557, 0.26769912242889404, 0.26983967423439026, 0.29731255769729614, 0.3008236289024353, 0.2805865406990051, 0.28127920627593994, 0.2707124352455139, 0.2688516676425934, 0.2666819095611572, 0.2708088755607605, 0.26978278160095215, 0.2660455107688904, 0.2720971405506134, 0.2856329679489136, 0.2901923656463623, 0.2726353704929352, 0.2772948741912842, 0.26560649275779724, 0.27334803342819214, 0.2687007784843445, 0.2662755846977234, 0.27232006192207336, 0.2819787561893463, 0.2732032835483551, 0.2681225538253784, 0.2661193609237671, 0.26626744866371155, 0.26701819896698, 0.31832316517829895, 0.29556700587272644, 0.2750706672668457, 0.26637473702430725, 0.2689841091632843, 0.26632457971572876, 0.2681274712085724, 0.2678733468055725, 0.2669534981250763, 0.26607224345207214, 0.2697778642177582, 0.2716876268386841, 0.2700810432434082, 0.28081366419792175, 0.27051398158073425, 0.2843853831291199, 0.26713302731513977, 0.2686721086502075, 0.26933765411376953, 0.26738524436950684, 0.2660057842731476, 0.27298787236213684, 0.2671712636947632, 0.2685733735561371, 0.2677612006664276, 0.2680537700653076, 0.2795916795730591, 0.26777899265289307, 0.28283488750457764, 0.2677381634712219, 0.30273741483688354, 0.2976333200931549, 0.26784905791282654, 0.2671881318092346, 0.2808772027492523, 0.26617562770843506, 0.2742854058742523, 0.26954156160354614, 0.2669525742530823, 0.28317251801490784, 0.283066987991333, 0.28150278329849243, 0.27885353565216064, 0.2747688591480255, 0.266516774892807, 0.2702288329601288, 0.26735299825668335, 0.26582276821136475, 0.26706311106681824, 0.2671254873275757, 0.28070709109306335, 0.2804068624973297, 0.26899805665016174, 0.2742573022842407, 0.26589271426200867, 0.26783081889152527, 0.26590633392333984, 0.26635247468948364, 0.26776739954948425, 0.2661192715167999, 0.27880385518074036, 0.26667162775993347, 0.2860327363014221, 0.26941514015197754, 0.2689623534679413, 0.2711062431335449, 0.2662583291530609, 0.2961058020591736, 0.2714444100856781, 0.27660492062568665, 0.2657849192619324, 0.2659076750278473, 0.2692776024341583, 0.3145385980606079, 0.2775786221027374, 0.26921817660331726, 0.26868367195129395, 0.2666904330253601, 0.27819931507110596, 0.2675798237323761, 0.2879098355770111, 0.2682611048221588, 0.28683000802993774, 0.2667084038257599, 0.2662453055381775, 0.2730988562107086, 0.30195826292037964, 0.2672593593597412, 0.2777191996574402, 0.2669135332107544, 0.27131912112236023, 0.2706317901611328, 0.27296745777130127, 0.2660876214504242, 0.26738736033439636, 0.26986780762672424, 0.2690821886062622, 0.28473103046417236, 0.27101337909698486, 0.3046778738498688, 0.27289071679115295, 0.26704609394073486, 0.2677675187587738, 0.2693832516670227, 0.26649561524391174, 0.3153337836265564, 0.2667471766471863, 0.27523621916770935, 0.2658369541168213, 0.2673172950744629, 0.26659977436065674, 0.2684565484523773, 0.3006342649459839, 0.32162532210350037, 0.2735139727592468, 0.26649683713912964, 0.2761234641075134, 0.27340787649154663, 0.26835381984710693, 0.2824596166610718, 0.26937103271484375, 0.3250521123409271, 0.2918986976146698, 0.271358847618103, 0.27206555008888245, 0.3057895600795746, 0.2793695330619812, 0.26909154653549194, 0.2870199382305145, 0.26700589060783386, 0.28033432364463806, 0.2843191623687744, 0.2669218182563782, 0.34015896916389465, 0.26894062757492065, 0.2875395715236664, 0.2793671488761902, 0.2664285898208618, 0.27525031566619873, 0.3029521703720093, 0.2700573205947876, 0.27821990847587585, 0.26658880710601807, 0.269341379404068, 0.30294468998908997, 0.2811627686023712, 0.2736723721027374, 0.27670231461524963, 0.2793537378311157, 0.3008849620819092, 0.27806898951530457, 0.2662264406681061, 0.2658456265926361, 0.2664977014064789, 0.26590976119041443, 0.2712455093860626, 0.2673097550868988, 0.27500927448272705, 0.2703384459018707, 0.2673462927341461, 0.2822116017341614, 0.26863667368888855, 0.26924023032188416, 0.2666917145252228, 0.27571535110473633, 0.2751022279262543, 0.2671562135219574, 0.2824274003505707, 0.2686409652233124, 0.2666690945625305, 0.2697238624095917]",5.0,"[33.0, 33.0, 32.0, 11.0, 6.0, 6.0, 6.0, 6.0, 5.0, 5.0, 5.0, 5.0, 5.0, 5.0, 5.0, 5.0, 5.0, 5.0, 5.0, 5.0, 5.0, 5.0, 5.0, 5.0, 5.0, 5.0, 5.0, 5.0, 5.0, 5.0, 5.0, 5.0, 5.0, 5.0, 5.0, 5.0, 5.0, 5.0, 5.0, 5.0, 5.0, 5.0, 5.0, 5.0, 5.0, 5.0, 5.0, 5.0, 5.0, 5.0, 5.0, 5.0, 5.0, 5.0, 5.0, 5.0, 5.0, 5.0, 5.0, 5.0, 5.0, 5.0, 5.0, 5.0, 5.0, 5.0, 5.0, 5.0, 5.0, 5.0, 5.0, 5.0, 5.0, 5.0, 5.0, 5.0, 5.0, 5.0, 5.0, 5.0, 5.0, 5.0, 5.0, 5.0, 5.0, 5.0, 5.0, 5.0, 5.0, 5.0, 5.0, 5.0, 5.0, 5.0, 5.0, 5.0, 5.0, 5.0, 5.0, 5.0, 5.0, 5.0, 5.0, 5.0, 5.0, 5.0, 5.0, 5.0, 5.0, 5.0, 5.0, 5.0, 5.0, 5.0, 5.0, 5.0, 5.0, 5.0, 5.0, 5.0, 5.0, 5.0, 5.0, 5.0, 5.0, 5.0, 5.0, 5.0, 5.0, 5.0, 5.0, 5.0, 5.0, 5.0, 5.0, 5.0, 5.0, 5.0, 5.0, 5.0, 5.0, 5.0, 5.0, 5.0, 5.0, 5.0, 5.0, 5.0, 5.0, 5.0, 5.0, 5.0, 5.0, 5.0, 5.0, 5.0, 5.0, 5.0, 5.0, 5.0, 5.0, 5.0, 5.0, 5.0, 5.0, 5.0, 5.0, 5.0, 5.0, 5.0, 5.0, 5.0, 5.0, 5.0, 5.0, 5.0, 5.0, 5.0, 5.0, 5.0, 5.0, 5.0, 5.0, 5.0, 5.0, 5.0, 5.0, 5.0, 5.0, 5.0, 5.0, 5.0, 5.0, 5.0, 5.0, 5.0, 5.0, 5.0, 5.0, 5.0, 5.0, 5.0, 5.0, 5.0, 5.0, 5.0, 5.0, 5.0, 5.0, 5.0, 5.0, 5.0, 5.0, 5.0, 5.0, 5.0, 5.0, 5.0, 5.0, 5.0, 5.0, 5.0, 5.0, 5.0, 5.0, 5.0, 5.0, 5.0, 5.0, 5.0, 5.0, 5.0, 5.0, 5.0, 5.0, 5.0, 5.0, 5.0, 5.0, 5.0, 5.0, 5.0, 5.0, 5.0, 5.0, 5.0, 5.0, 5.0, 5.0, 5.0, 5.0, 5.0, 5.0, 5.0, 5.0, 5.0, 5.0, 5.0, 5.0, 5.0, 5.0, 5.0, 5.0, 5.0, 5.0, 5.0, 5.0, 5.0, 5.0, 5.0, 5.0, 5.0, 5.0, 5.0, 5.0, 5.0, 5.0, 5.0, 5.0, 5.0, 5.0, 5.0, 5.0, 5.0, 5.0, 5.0, 5.0, 5.0, 5.0, 5.0, 5.0, 5.0, 5.0, 5.0, 5.0, 5.0, 5.0, 5.0, 5.0, 5.0, 5.0, 5.0, 5.0, 5.0, 5.0, 5.0, 5.0, 5.0, 5.0, 5.0, 5.0, 5.0, 5.0, 5.0, 5.0, 5.0, 5.0, 5.0, 5.0, 5.0, 5.0, 5.0, 5.0, 5.0, 5.0, 5.0, 5.0, 5.0, 5.0, 5.0, 5.0, 5.0, 5.0, 5.0, 5.0, 5.0, 5.0, 5.0, 5.0, 5.0, 5.0, 5.0, 5.0, 5.0, 5.0, 5.0, 5.0, 5.0, 5.0, 5.0, 5.0, 5.0, 5.0, 5.0, 5.0, 5.0, 5.0, 5.0, 5.0, 5.0, 5.0, 5.0, 5.0, 5.0, 5.0, 5.0, 5.0, 5.0, 5.0, 5.0, 5.0, 5.0, 5.0, 5.0, 5.0]",COMPLETE
