,number,value,datetime_start,datetime_complete,duration,params_batch_size_scaler,params_constant_learning_rate,params_depth,params_epochs,params_kernel_l2,params_num_trees,params_temperature,user_attrs_accuracy_test,user_attrs_accuracy_valid,user_attrs_approximate_feature_sparsity,user_attrs_approximate_feature_sparsity_history,user_attrs_approximate_weight_sparsity,user_attrs_approximate_weight_sparsity_history,user_attrs_auc_test,user_attrs_auc_valid,user_attrs_feature_sparsity,user_attrs_feature_sparsity_history,user_attrs_num_epochs,user_attrs_val_loss_history,user_attrs_weight_sparsity,user_attrs_weight_sparsity_history,state
10,10,0.5,2024-08-31 01:04:07.448640,2024-08-31 01:05:32.336267,0 days 00:01:24.887627,16,5.316250698200586,1,465,0.11821994488747958,63,0.09816768541009782,0.859,0.85875,3,"[1, 2, 2, 1, 5, 4, 4, 4, 3, 2, 2, 2, 2, 2, 2, 2, 2, 2, 2, 2, 2, 5, 5, 4, 4, 3, 3, 2, 3, 3, 3, 3, 3, 3, 3, 3, 3, 3, 2, 3, 3, 3, 3, 4, 3, 3, 4, 4, 3, 3, 3, 3, 3, 2, 3, 3, 3, 3, 3, 3, 2, 3, 3, 3, 2, 3, 2, 3, 3, 3, 3, 2, 3, 3, 3, 3, 4, 3, 3, 2, 2, 5, 5, 5, 4, 4, 4, 5, 3, 1, 2, 3, 2, 3, 3, 3, 3, 3, 2, 3, 3, 3, 2, 2, 1, 5, 3, 2, 2, 2, 2, 2, 2, 2, 2, 2, 2, 3, 4, 3, 1, 2, 2, 1, 3, 4, 4, 4, 4, 2, 4, 2, 2, 2, 2, 2, 2, 3, 2, 2, 3, 2, 3, 2, 2, 2, 2, 3, 2, 2, 2, 2, 2, 2, 1, 2, 2, 2, 2, 2, 2, 2, 2, 2, 2, 2, 2, 3, 3, 3, 2, 2, 2, 2, 2, 2, 3, 2, 2, 3, 3, 3, 3, 3, 3, 3, 3, 3, 3, 3, 3, 3, 3, 2, 2, 2, 2, 2, 2, 2, 2, 2, 2, 2, 2, 2, 2, 2, 2, 2, 2, 2, 2, 2, 2, 3, 3, 2, 2, 3, 2, 2, 2, 3, 3, 3, 2, 2, 3, 2, 2, 2, 2, 2, 2, 2, 2, 2, 2, 2, 2, 3, 4, 3, 3, 3, 2, 2, 3, 3, 3, 3, 3, 3, 2, 2, 2, 3, 2, 2, 2, 3, 2, 2, 2, 2, 2, 3, 2, 3, 3, 3, 3, 3, 3, 3, 3, 3, 3, 3, 3, 3, 2, 3, 2, 3, 2, 2, 2, 2, 2, 5, 3, 3, 2, 2, 2, 2, 2, 2, 2, 2, 3, 3, 3, 3, 2, 3, 2, 3, 2, 2, 2, 2, 2, 2, 2, 2, 2, 2, 2, 2, 2, 2, 2, 4, 3, 2, 2, 2, 2, 2, 2, 2, 2, 2, 2, 1, 2, 3, 6, 5, 5, 3, 3, 3, 3, 3, 3, 3, 3, 3, 2, 1, 2, 2, 2, 2, 2, 2, 2, 2, 2, 3, 2, 2, 2, 2, 2, 2, 2, 2, 2, 2, 2, 3, 2, 1, 2, 2, 2, 2, 2, 2, 2, 2, 2, 2, 2, 2, 2, 2, 2, 3, 2, 4, 3, 3, 2, 3, 3, 3, 3, 3, 2, 3, 3, 2, 5, 5, 3, 4, 3, 3, 3, 3, 3, 2, 2, 3, 3, 3, 3, 3, 3, 2, 3, 3, 3, 4, 3, 3, 3, 3, 3, 2, 3, 3, 3, 3, 3, 3, 3, 3, 3, 1, 2, 2, 1, 2, 2, 2, 3, 2, 2, 2, 2, 2, 3, 1, 2, 2, 2, 4, 3]",3.0,"[1.0, 2.0, 2.0, 1.0, 5.0, 4.0, 4.0, 4.0, 3.0, 2.0, 2.0, 2.0, 2.0, 2.0, 2.0, 2.0, 2.0, 2.0, 2.0, 2.0, 2.0, 5.0, 5.0, 4.0, 4.0, 3.0, 3.0, 2.0, 3.0, 3.0, 3.0, 3.0, 3.0, 3.0, 3.0, 3.0, 3.0, 3.0, 2.0, 3.0, 3.0, 3.0, 3.0, 4.0, 3.0, 3.0, 4.0, 4.0, 3.0, 3.0, 3.0, 3.0, 3.0, 2.0, 3.0, 3.0, 3.0, 3.0, 3.0, 3.0, 2.0, 3.0, 3.0, 3.0, 2.0, 3.0, 2.0, 3.0, 3.0, 3.0, 3.0, 2.0, 2.984126984126984, 3.0, 3.0, 3.0, 4.0, 3.0, 3.0, 2.0, 2.0, 5.0, 5.0, 5.0, 4.0, 4.0, 4.0, 5.0, 3.0, 1.0, 2.0, 3.0, 2.0, 3.0, 2.984126984126984, 3.0, 3.0, 3.0, 2.0, 3.0, 3.0, 3.0, 2.0, 2.0, 1.0, 5.0, 3.0, 2.0, 1.9841269841269842, 2.0, 2.0, 2.0, 2.0, 2.0, 2.0, 2.0, 2.0, 3.0, 4.0, 3.0, 1.0, 2.0, 2.0, 1.0, 3.0, 4.0, 4.0, 4.0, 4.0, 2.0, 4.0, 2.0, 2.0, 2.0, 2.0, 2.0, 2.0, 3.0, 2.0, 2.0, 3.0, 2.0, 3.0, 2.0, 2.0, 2.0, 2.0, 3.0, 2.0, 2.0, 2.0, 2.0, 2.0, 2.0, 1.0, 2.0, 2.0, 2.0, 2.0, 2.0, 2.0, 2.0, 2.0, 2.0, 2.0, 2.0, 2.0, 3.0, 3.0, 3.0, 2.0, 2.0, 2.0, 2.0, 2.0, 2.0, 3.0, 1.9841269841269842, 2.0, 3.0, 3.0, 3.0, 3.0, 3.0, 3.0, 3.0, 3.0, 3.0, 3.0, 3.0, 3.0, 3.0, 3.0, 2.0, 2.0, 2.0, 2.0, 2.0, 2.0, 2.0, 2.0, 2.0, 2.0, 2.0, 2.0, 2.0, 2.0, 2.0, 2.0, 2.0, 2.0, 2.0, 2.0, 2.0, 2.0, 3.0, 3.0, 2.0, 2.0, 3.0, 2.0, 2.0, 2.0, 3.0, 3.0, 3.0, 2.0, 2.0, 3.0, 2.0, 2.0, 2.0, 2.0, 2.0, 2.0, 2.0, 2.0, 2.0, 2.0, 2.0, 2.0, 3.0, 4.0, 3.0, 3.0, 2.984126984126984, 2.0, 2.0, 3.0, 3.0, 3.0, 3.0, 3.0, 3.0, 2.0, 2.0, 2.0, 3.0, 2.0, 2.0, 2.0, 3.0, 2.0, 2.0, 2.0, 2.0, 2.0, 3.0, 2.0, 3.0, 3.0, 3.0, 3.0, 3.0, 3.0, 3.0, 3.0, 3.0, 3.0, 3.0, 3.0, 3.0, 2.0, 3.0, 2.0, 3.0, 2.0, 2.0, 2.0, 2.0, 2.0, 5.0, 3.0, 3.0, 2.0, 2.0, 2.0, 2.0, 2.0, 2.0, 2.0, 2.0, 3.0, 3.0, 3.0, 3.0, 2.0, 3.0, 2.0, 3.0, 2.0, 2.0, 2.0, 2.0, 2.0, 2.0, 2.0, 2.0, 2.0, 2.0, 2.0, 2.0, 2.0, 2.0, 2.0, 4.0, 3.0, 2.0, 2.0, 2.0, 2.0, 2.0, 2.0, 2.0, 2.0, 2.0, 2.0, 1.0, 2.0, 3.0, 6.0, 5.0, 5.0, 3.0, 3.0, 3.0, 3.0, 3.0, 3.0, 3.0, 3.0, 3.0, 2.0, 1.0, 2.0, 2.0, 2.0, 2.0, 2.0, 2.0, 2.0, 2.0, 2.0, 3.0, 2.0, 2.0, 2.0, 2.0, 2.0, 2.0, 2.0, 2.0, 2.0, 2.0, 2.0, 3.0, 2.0, 1.0, 2.0, 2.0, 2.0, 2.0, 2.0, 2.0, 2.0, 2.0, 2.0, 2.0, 2.0, 2.0, 2.0, 2.0, 2.0, 3.0, 2.0, 3.984126984126984, 3.0, 3.0, 2.0, 3.0, 3.0, 3.0, 3.0, 2.984126984126984, 2.0, 3.0, 3.0, 2.0, 5.0, 5.0, 3.0, 4.0, 3.0, 3.0, 3.0, 3.0, 3.0, 2.0, 2.0, 3.0, 3.0, 3.0, 2.984126984126984, 3.0, 3.0, 2.0, 3.0, 3.0, 3.0, 4.0, 3.0, 3.0, 3.0, 3.0, 3.0, 2.0, 3.0, 3.0, 3.0, 3.0, 3.0, 3.0, 3.0, 3.0, 3.0, 1.0, 2.0, 2.0, 1.0, 2.0, 2.0, 2.0, 3.0, 2.0, 2.0, 2.0, 2.0, 2.0, 3.0, 1.0, 2.0, 2.0, 2.0, 4.0, 3.0]",0.5,0.5,3,"[1, 2, 2, 1, 5, 4, 4, 4, 3, 2, 2, 2, 2, 2, 2, 2, 2, 2, 2, 2, 2, 5, 5, 4, 4, 3, 3, 2, 3, 3, 3, 3, 3, 3, 3, 3, 3, 3, 2, 3, 3, 3, 3, 4, 3, 3, 4, 4, 3, 3, 3, 3, 3, 2, 3, 3, 3, 3, 3, 3, 2, 3, 3, 3, 2, 3, 2, 3, 3, 3, 3, 2, 3, 3, 3, 3, 4, 3, 3, 2, 2, 5, 5, 5, 4, 4, 4, 5, 3, 1, 2, 3, 2, 3, 3, 3, 3, 3, 2, 3, 3, 3, 2, 2, 1, 5, 3, 2, 2, 2, 2, 2, 2, 2, 2, 2, 2, 3, 4, 3, 1, 2, 2, 1, 3, 4, 4, 4, 4, 2, 4, 2, 2, 2, 2, 2, 2, 3, 2, 2, 3, 2, 3, 2, 2, 2, 2, 3, 2, 2, 2, 2, 2, 2, 1, 2, 2, 2, 2, 2, 2, 2, 2, 2, 2, 2, 2, 3, 3, 3, 2, 2, 2, 2, 2, 2, 3, 2, 2, 3, 3, 3, 3, 3, 3, 3, 3, 3, 3, 3, 3, 3, 3, 2, 2, 2, 2, 2, 2, 2, 2, 2, 2, 2, 2, 2, 2, 2, 2, 2, 2, 2, 2, 2, 2, 3, 3, 2, 2, 3, 2, 2, 2, 3, 3, 3, 2, 2, 3, 2, 2, 2, 2, 2, 2, 2, 2, 2, 2, 2, 2, 3, 4, 3, 3, 3, 2, 2, 3, 3, 3, 3, 3, 3, 2, 2, 2, 3, 2, 2, 2, 3, 2, 2, 2, 2, 2, 3, 2, 3, 3, 3, 3, 3, 3, 3, 3, 3, 3, 3, 3, 3, 2, 3, 2, 3, 2, 2, 2, 2, 2, 5, 3, 3, 2, 2, 2, 2, 2, 2, 2, 2, 3, 3, 3, 3, 2, 3, 2, 3, 2, 2, 2, 2, 2, 2, 2, 2, 2, 2, 2, 2, 2, 2, 2, 4, 3, 2, 2, 2, 2, 2, 2, 2, 2, 2, 2, 1, 2, 3, 6, 5, 5, 3, 3, 3, 3, 3, 3, 3, 3, 3, 2, 1, 2, 2, 2, 2, 2, 2, 2, 2, 2, 3, 2, 2, 2, 2, 2, 2, 2, 2, 2, 2, 2, 3, 2, 1, 2, 2, 2, 2, 2, 2, 2, 2, 2, 2, 2, 2, 2, 2, 2, 3, 2, 4, 3, 3, 2, 3, 3, 3, 3, 3, 2, 3, 3, 2, 5, 5, 3, 4, 3, 3, 3, 3, 3, 2, 2, 3, 3, 3, 3, 3, 3, 2, 3, 3, 3, 4, 3, 3, 3, 3, 3, 2, 3, 3, 3, 3, 3, 3, 3, 3, 3, 1, 2, 2, 1, 2, 2, 2, 3, 2, 2, 2, 2, 2, 3, 1, 2, 2, 2, 4, 3]",465,"[10.655767440795898, 34.099178314208984, 34.75364303588867, 39.10542297363281, 58.866485595703125, 18.236642837524414, 3.5853729248046875, 33.473873138427734, 22.431346893310547, 61.72405242919922, 53.152748107910156, 62.79751968383789, 54.603153228759766, 5.901272773742676, 64.75636291503906, 55.47211837768555, 6.3242950439453125, 30.355308532714844, 5.438190460205078, 16.509794235229492, 30.660886764526367, 45.6877326965332, 15.030247688293457, 22.75414276123047, 22.1547908782959, 7.00830078125, 15.520794868469238, 12.409900665283203, 5.367396354675293, 29.44427490234375, 9.894603729248047, 18.958290100097656, 9.959199905395508, 23.275733947753906, 37.779659271240234, 36.183555603027344, 13.418903350830078, 34.91786193847656, 29.983755111694336, 31.496606826782227, 24.972963333129883, 16.822717666625977, 9.274160385131836, 56.91436004638672, 22.758695602416992, 31.394023895263672, 24.550500869750977, 27.461559295654297, 13.05187702178955, 44.67207336425781, 52.11159133911133, 28.935155868530273, 25.99936294555664, 63.99351501464844, 50.1727409362793, 44.22315979003906, 16.752620697021484, 4.644611358642578, 11.75792121887207, 49.8204460144043, 41.33246994018555, 25.271806716918945, 14.890263557434082, 6.910112380981445, 46.716121673583984, 30.06684112548828, 27.819387435913086, 7.962841033935547, 32.15157699584961, 27.595319747924805, 2.576028823852539, 22.892370223999023, 16.162700653076172, 35.247093200683594, 13.78586196899414, 35.98324966430664, 45.141178131103516, 38.7816047668457, 26.322677612304688, 9.932857513427734, 53.82896423339844, 60.48247528076172, 59.206905364990234, 8.113953590393066, 4.078717231750488, 22.528392791748047, 47.590702056884766, 48.465152740478516, 21.05565643310547, 62.9370002746582, 51.244117736816406, 23.575855255126953, 12.894396781921387, 52.952911376953125, 40.12693405151367, 15.558233261108398, 23.403217315673828, 27.306795120239258, 39.07521057128906, 18.592281341552734, 41.408016204833984, 32.162506103515625, 8.920609474182129, 56.37163543701172, 65.24340057373047, 37.62907791137695, 58.10139465332031, 41.104888916015625, 23.21161651611328, 35.93274688720703, 6.804233551025391, 35.138572692871094, 64.39364624023438, 21.820852279663086, 8.457715034484863, 18.181180953979492, 26.663877487182617, 39.845218658447266, 46.37395095825195, 17.197168350219727, 56.5547981262207, 64.55917358398438, 10.494711875915527, 7.988488674163818, 44.64521789550781, 5.842101573944092, 62.25838851928711, 5.195488929748535, 39.807952880859375, 28.57870101928711, 40.145259857177734, 12.372819900512695, 63.81266784667969, 37.689796447753906, 1.9762835502624512, 34.881248474121094, 2.8358101844787598, 61.25483703613281, 45.41704177856445, 28.282751083374023, 39.405296325683594, 49.131771087646484, 62.726436614990234, 47.03473663330078, 4.9754438400268555, 18.599157333374023, 9.346442222595215, 25.401123046875, 39.03254699707031, 22.182937622070312, 30.53399658203125, 45.87308120727539, 55.633419036865234, 23.911579132080078, 20.619237899780273, 18.790069580078125, 8.833505630493164, 12.91614055633545, 26.062650680541992, 8.684372901916504, 15.465863227844238, 24.595643997192383, 21.624113082885742, 33.77503204345703, 28.598512649536133, 38.82334899902344, 47.3780517578125, 59.22087860107422, 77.2854995727539, 36.76463317871094, 4.766402721405029, 58.645137786865234, 50.3704719543457, 55.27809143066406, 23.09609603881836, 21.120115280151367, 11.548937797546387, 18.935829162597656, 25.846654891967773, 38.122127532958984, 22.415407180786133, 16.912784576416016, 7.211561679840088, 47.127498626708984, 58.96586990356445, 29.736770629882812, 51.616600036621094, 48.4541130065918, 45.743309020996094, 13.701371192932129, 6.948754787445068, 49.120121002197266, 22.395212173461914, 33.58315658569336, 42.568321228027344, 41.048091888427734, 3.6918487548828125, 19.6907958984375, 12.860027313232422, 22.456132888793945, 10.556687355041504, 21.46270179748535, 12.343026161193848, 48.64822769165039, 29.818622589111328, 41.97671890258789, 50.70614242553711, 49.3781852722168, 58.908504486083984, 48.76192855834961, 54.72532272338867, 25.73326873779297, 32.620811462402344, 41.938270568847656, 49.01691436767578, 62.096412658691406, 24.76694107055664, 65.33411407470703, 21.017850875854492, 8.30042839050293, 59.83839797973633, 13.374645233154297, 3.6264395713806152, 9.407903671264648, 21.794597625732422, 21.677867889404297, 3.1766927242279053, 41.14903259277344, 52.99644470214844, 46.507720947265625, 45.262908935546875, 31.955299377441406, 23.39398193359375, 12.035107612609863, 17.49773597717285, 30.513586044311523, 4.959358215332031, 18.404884338378906, 29.677810668945312, 42.15849685668945, 38.14177322387695, 55.306884765625, 64.25838470458984, 19.383146286010742, 7.667974948883057, 21.949609756469727, 13.177875518798828, 22.586198806762695, 18.188671112060547, 26.9218807220459, 34.537742614746094, 7.352508068084717, 38.22900390625, 36.23216247558594, 45.16978073120117, 24.339536666870117, 31.947214126586914, 46.167701721191406, 56.28874588012695, 49.096195220947266, 34.61328887939453, 42.83012390136719, 28.36579132080078, 15.906479835510254, 26.431652069091797, 15.690245628356934, 33.578609466552734, 45.451229095458984, 50.834407806396484, 60.636566162109375, 53.53352355957031, 61.7835807800293, 37.445472717285156, 21.195589065551758, 25.23200035095215, 10.04074478149414, 53.78828430175781, 36.33457946777344, 48.48371887207031, 32.06586837768555, 38.39847183227539, 12.319995880126953, 56.6937141418457, 6.483478546142578, 42.6356086730957, 20.76427459716797, 42.851627349853516, 52.18136215209961, 34.566410064697266, 41.04606628417969, 52.45302200317383, 62.741512298583984, 69.81832885742188, 7.546332836151123, 7.7868971824646, 39.65271759033203, 6.41208028793335, 13.28840446472168, 6.993031024932861, 13.802861213684082, 3.723029136657715, 15.351934432983398, 16.305261611938477, 26.537092208862305, 86.8410873413086, 21.126514434814453, 35.311702728271484, 28.448068618774414, 16.98988151550293, 33.49833679199219, 22.291278839111328, 31.496253967285156, 23.95935821533203, 30.295063018798828, 15.431884765625, 2.525977373123169, 65.33235931396484, 20.431941986083984, 7.340234279632568, 18.936370849609375, 36.48310852050781, 19.825965881347656, 29.332565307617188, 41.123722076416016, 52.561336517333984, 65.09069061279297, 62.69484329223633, 50.66603469848633, 60.162132263183594, 17.38947105407715, 1.590071678161621, 40.92417907714844, 49.1038932800293, 50.23691940307617, 35.84963607788086, 35.1045036315918, 32.67631530761719, 37.764896392822266, 48.810970306396484, 53.21223068237305, 62.971256256103516, 52.60634231567383, 42.55133819580078, 18.853801727294922, 8.238228797912598, 16.687589645385742, 26.217748641967773, 44.23457336425781, 29.397380828857422, 21.562715530395508, 36.86503982543945, 29.86666488647461, 29.854612350463867, 2.1807329654693604, 53.05620193481445, 55.78450012207031, 45.197208404541016, 47.820804595947266, 33.499412536621094, 38.45174789428711, 52.23771667480469, 64.22565460205078, 27.343111038208008, 10.487151145935059, 6.1131744384765625, 67.0390853881836, 59.221763610839844, 48.099205017089844, 32.3660774230957, 41.17429733276367, 50.6346549987793, 63.50005340576172, 11.843388557434082, 3.8812103271484375, 18.749513626098633, 33.548980712890625, 20.1325740814209, 61.795352935791016, 24.64605712890625, 3.8441226482391357, 36.81682205200195, 26.45064926147461, 26.206947326660156, 16.061176300048828, 23.778039932250977, 3.1123342514038086, 13.635037422180176, 2.951080083847046, 15.398176193237305, 53.63436508178711, 7.485197067260742, 16.127193450927734, 2.981236457824707, 32.5426025390625, 40.056312561035156, 52.511837005615234, 57.29302215576172, 38.88337326049805, 51.3746337890625, 43.72788619995117, 32.11681365966797, 26.05117416381836, 56.0352668762207, 12.037078857421875, 2.5151455402374268, 17.331567764282227, 6.512274742126465, 25.451740264892578, 37.75541305541992, 30.652029037475586, 31.627084732055664, 25.54302215576172, 51.23183059692383, 46.426055908203125, 35.35784149169922, 25.609481811523438, 17.974563598632812, 9.295251846313477, 11.204244613647461, 42.89599609375, 30.35015296936035, 17.88084602355957, 9.244246482849121, 55.72841262817383, 49.07743835449219, 24.593063354492188, 14.980106353759766, 6.717053413391113, 48.84878921508789, 51.444053649902344, 18.232261657714844, 9.500785827636719, 46.78068542480469, 56.71873474121094, 44.28529357910156, 60.8351936340332, 36.94672775268555, 13.500579833984375, 2.554933547973633, 19.884397506713867, 11.2785062789917, 44.76667785644531, 40.33622741699219, 28.935205459594727, 21.251625061035156, 47.12809753417969, 33.033653259277344, 15.519442558288574, 9.694880485534668, 60.7744140625, 59.57514190673828, 3.252699375152588, 21.053449630737305, 15.139791488647461, 27.041521072387695, 4.143130779266357, 13.542386054992676, 48.23224639892578, 52.815673828125, 53.40949630737305, 64.89205932617188, 57.0211181640625, 48.823280334472656, 61.16499328613281, 53.7968635559082]",3.0,"[1.0, 2.0, 2.0, 1.0, 5.0, 4.0, 4.0, 4.0, 3.0, 2.0, 2.0, 2.0, 2.0, 2.0, 2.0, 2.0, 2.0, 2.0, 2.0, 2.0, 2.0, 5.0, 5.0, 4.0, 4.0, 3.0, 3.0, 2.0, 3.0, 3.0, 3.0, 3.0, 3.0, 3.0, 3.0, 3.0, 3.0, 3.0, 2.0, 3.0, 3.0, 3.0, 3.0, 4.0, 3.0, 3.0, 4.0, 4.0, 3.0, 3.0, 3.0, 3.0, 3.0, 2.0, 3.0, 3.0, 3.0, 3.0, 3.0, 3.0, 2.0, 3.0, 3.0, 3.0, 2.0, 3.0, 2.0, 3.0, 3.0, 3.0, 3.0, 2.0, 3.0, 3.0, 3.0, 3.0, 4.0, 3.0, 3.0, 2.0, 2.0, 5.0, 5.0, 5.0, 4.0, 4.0, 4.0, 5.0, 3.0, 1.0, 2.0, 3.0, 2.0, 3.0, 3.0, 3.0, 3.0, 3.0, 2.0, 3.0, 3.0, 3.0, 2.0, 2.0, 1.0, 5.0, 3.0, 2.0, 2.0, 2.0, 2.0, 2.0, 2.0, 2.0, 2.0, 2.0, 2.0, 3.0, 4.0, 3.0, 1.0, 2.0, 2.0, 1.0, 3.0, 4.0, 4.0, 4.0, 4.0, 2.0, 4.0, 2.0, 2.0, 2.0, 2.0, 2.0, 2.0, 3.0, 2.0, 2.0, 3.0, 2.0, 3.0, 2.0, 2.0, 2.0, 2.0, 3.0, 2.0, 2.0, 2.0, 2.0, 2.0, 2.0, 1.0, 2.0, 2.0, 2.0, 2.0, 2.0, 2.0, 2.0, 2.0, 2.0, 2.0, 2.0, 2.0, 3.0, 3.0, 3.0, 2.0, 2.0, 2.0, 2.0, 2.0, 2.0, 3.0, 2.0, 2.0, 3.0, 3.0, 3.0, 3.0, 3.0, 3.0, 3.0, 3.0, 3.0, 3.0, 3.0, 3.0, 3.0, 3.0, 2.0, 2.0, 2.0, 2.0, 2.0, 2.0, 2.0, 2.0, 2.0, 2.0, 2.0, 2.0, 2.0, 2.0, 2.0, 2.0, 2.0, 2.0, 2.0, 2.0, 2.0, 2.0, 3.0, 3.0, 2.0, 2.0, 3.0, 2.0, 2.0, 2.0, 3.0, 3.0, 3.0, 2.0, 2.0, 3.0, 2.0, 2.0, 2.0, 2.0, 2.0, 2.0, 2.0, 2.0, 2.0, 2.0, 2.0, 2.0, 3.0, 4.0, 3.0, 3.0, 3.0, 2.0, 2.0, 3.0, 3.0, 3.0, 3.0, 3.0, 3.0, 2.0, 2.0, 2.0, 3.0, 2.0, 2.0, 2.0, 3.0, 2.0, 2.0, 2.0, 2.0, 2.0, 3.0, 2.0, 3.0, 3.0, 3.0, 3.0, 3.0, 3.0, 3.0, 3.0, 3.0, 3.0, 3.0, 3.0, 3.0, 2.0, 3.0, 2.0, 3.0, 2.0, 2.0, 2.0, 2.0, 2.0, 5.0, 3.0, 3.0, 2.0, 2.0, 2.0, 2.0, 2.0, 2.0, 2.0, 2.0, 3.0, 3.0, 3.0, 3.0, 2.0, 3.0, 2.0, 3.0, 2.0, 2.0, 2.0, 2.0, 2.0, 2.0, 2.0, 2.0, 2.0, 2.0, 2.0, 2.0, 2.0, 2.0, 2.0, 4.0, 3.0, 2.0, 2.0, 2.0, 2.0, 2.0, 2.0, 2.0, 2.0, 2.0, 2.0, 1.0, 2.0, 3.0, 6.0, 5.0, 5.0, 3.0, 3.0, 3.0, 3.0, 3.0, 3.0, 3.0, 3.0, 3.0, 2.0, 1.0, 2.0, 2.0, 2.0, 2.0, 2.0, 2.0, 2.0, 2.0, 2.0, 3.0, 2.0, 2.0, 2.0, 2.0, 2.0, 2.0, 2.0, 2.0, 2.0, 2.0, 2.0, 3.0, 2.0, 1.0, 2.0, 2.0, 2.0, 2.0, 2.0, 2.0, 2.0, 2.0, 2.0, 2.0, 2.0, 2.0, 2.0, 2.0, 2.0, 3.0, 2.0, 4.0, 3.0, 3.0, 2.0, 3.0, 3.0, 3.0, 3.0, 3.0, 2.0, 3.0, 3.0, 2.0, 5.0, 5.0, 3.0, 4.0, 3.0, 3.0, 3.0, 3.0, 3.0, 2.0, 2.0, 3.0, 3.0, 3.0, 3.0, 3.0, 3.0, 2.0, 3.0, 3.0, 3.0, 4.0, 3.0, 3.0, 3.0, 3.0, 3.0, 2.0, 3.0, 3.0, 3.0, 3.0, 3.0, 3.0, 3.0, 3.0, 3.0, 1.0, 2.0, 2.0, 1.0, 2.0, 2.0, 2.0, 3.0, 2.0, 2.0, 2.0, 2.0, 2.0, 3.0, 1.0, 2.0, 2.0, 2.0, 4.0, 3.0]",COMPLETE
