,number,value,datetime_start,datetime_complete,duration,params_batch_size_scaler,params_constant_learning_rate,params_depth,params_epochs,params_kernel_l2,params_num_trees,params_temperature,user_attrs_accuracy_test,user_attrs_accuracy_valid,user_attrs_approximate_feature_sparsity,user_attrs_approximate_feature_sparsity_history,user_attrs_approximate_weight_sparsity,user_attrs_approximate_weight_sparsity_history,user_attrs_auc_test,user_attrs_auc_valid,user_attrs_feature_sparsity,user_attrs_feature_sparsity_history,user_attrs_num_epochs,user_attrs_val_loss_history,user_attrs_weight_sparsity,user_attrs_weight_sparsity_history,state
14,14,0.9312903350465666,2024-08-31 01:16:19.290460,2024-08-31 01:19:19.516361,0 days 00:03:00.225901,1,0.013603655823905403,2,360,0.04776952756270085,11,0.00010906061452397877,0.945,0.9525,25,"[33, 33, 33, 33, 33, 33, 33, 33, 33, 33, 33, 33, 33, 33, 33, 33, 33, 33, 33, 33, 33, 33, 33, 33, 33, 33, 33, 33, 33, 33, 33, 33, 33, 33, 33, 33, 33, 33, 33, 33, 33, 33, 33, 33, 33, 33, 33, 33, 33, 33, 33, 33, 33, 33, 33, 33, 33, 33, 33, 33, 33, 33, 33, 33, 33, 33, 33, 33, 33, 33, 33, 33, 33, 33, 33, 33, 33, 33, 33, 33, 33, 33, 33, 33, 33, 33, 33, 33, 33, 33, 33, 33, 33, 33, 33, 33, 33, 33, 33, 33, 33, 33, 33, 33, 33, 33, 33, 33, 33, 33, 33, 33, 33, 33, 33, 33, 33, 33, 33, 33, 33, 33, 33, 33, 33, 33, 33, 33, 33, 33, 33, 33, 33, 33, 33, 33, 33, 33, 33, 32, 32, 32, 32, 32, 32, 32, 32, 32, 32, 31, 31, 31, 31, 31, 31, 31, 31, 31, 31, 31, 31, 31, 31, 31, 31, 31, 31, 31, 31, 30, 30, 30, 30, 30, 30, 30, 30, 30, 30, 30, 30, 29, 29, 29, 29, 29, 29, 29, 29, 29, 29, 29, 29, 29, 29, 29, 29, 29, 29, 29, 29, 29, 29, 29, 29, 29, 29, 29, 29, 29, 29, 29, 29, 29, 29, 29, 29, 29, 29, 29, 29, 29, 29, 29, 29, 29, 29, 29, 29, 29, 29, 29, 29, 29, 29, 29, 29, 29, 29, 29, 29, 29, 29, 29, 29, 29, 29, 29, 29, 29, 29, 29, 29, 29, 29, 29, 29, 29, 29, 29, 29, 29, 29, 29, 29, 29, 29, 29, 29, 29, 29, 29, 29, 28, 28, 28, 28, 28, 28, 28, 28, 28, 28, 28, 28, 28, 28, 28, 28, 27, 27, 27, 26, 26, 26, 26, 26, 26, 26, 26, 26, 26, 26, 26, 26, 26, 26, 26, 26, 26, 26, 26, 26, 26, 26, 26, 26, 26, 26, 26, 26, 26, 26, 26, 26, 26, 26, 26, 26, 26, 26, 26, 26, 26, 26, 25, 25, 25, 25, 25, 25, 25, 25, 25, 25, 25, 25, 25, 25, 25, 25, 25, 25, 25, 25, 25, 25, 25, 25, 25]",24.96969696969697,"[33.0, 33.0, 33.0, 33.0, 33.0, 32.96969696969697, 32.96969696969697, 33.0, 33.0, 33.0, 33.0, 32.96969696969697, 33.0, 32.90909090909091, 33.0, 33.0, 33.0, 33.0, 33.0, 32.96969696969697, 32.96969696969697, 33.0, 33.0, 32.96969696969697, 33.0, 32.96969696969697, 33.0, 33.0, 33.0, 33.0, 33.0, 32.96969696969697, 33.0, 33.0, 33.0, 32.93939393939394, 32.93939393939394, 32.96969696969697, 32.96969696969697, 33.0, 33.0, 33.0, 33.0, 33.0, 33.0, 32.90909090909091, 32.93939393939394, 33.0, 32.96969696969697, 33.0, 33.0, 33.0, 32.96969696969697, 33.0, 33.0, 33.0, 32.96969696969697, 33.0, 32.96969696969697, 32.96969696969697, 32.96969696969697, 32.96969696969697, 33.0, 32.96969696969697, 32.96969696969697, 33.0, 32.93939393939394, 33.0, 33.0, 33.0, 33.0, 33.0, 33.0, 33.0, 33.0, 33.0, 32.96969696969697, 32.93939393939394, 32.96969696969697, 32.96969696969697, 33.0, 33.0, 33.0, 33.0, 33.0, 33.0, 32.96969696969697, 32.96969696969697, 32.96969696969697, 32.96969696969697, 33.0, 33.0, 33.0, 33.0, 32.96969696969697, 32.96969696969697, 33.0, 32.93939393939394, 32.96969696969697, 33.0, 32.96969696969697, 32.96969696969697, 32.96969696969697, 32.96969696969697, 33.0, 32.96969696969697, 32.96969696969697, 33.0, 33.0, 33.0, 33.0, 33.0, 33.0, 32.96969696969697, 33.0, 32.96969696969697, 32.93939393939394, 32.93939393939394, 32.93939393939394, 32.93939393939394, 32.96969696969697, 32.93939393939394, 32.93939393939394, 32.90909090909091, 32.93939393939394, 32.878787878787875, 32.96969696969697, 32.96969696969697, 33.0, 33.0, 32.84848484848485, 32.93939393939394, 32.878787878787875, 32.93939393939394, 32.96969696969697, 32.96969696969697, 32.93939393939394, 32.96969696969697, 33.0, 32.0, 32.0, 32.0, 32.0, 32.0, 31.96969696969697, 32.0, 31.96969696969697, 32.0, 32.0, 30.96969696969697, 30.96969696969697, 30.96969696969697, 30.96969696969697, 31.0, 31.0, 30.96969696969697, 31.0, 31.0, 30.96969696969697, 31.0, 31.0, 31.0, 31.0, 30.96969696969697, 30.96969696969697, 30.96969696969697, 30.96969696969697, 31.0, 31.0, 30.0, 30.0, 30.0, 30.0, 30.0, 29.939393939393938, 30.0, 30.0, 29.96969696969697, 30.0, 29.939393939393938, 29.939393939393938, 28.96969696969697, 28.96969696969697, 28.96969696969697, 28.939393939393938, 28.96969696969697, 28.96969696969697, 29.0, 28.939393939393938, 28.96969696969697, 28.939393939393938, 28.96969696969697, 28.939393939393938, 28.96969696969697, 29.0, 28.96969696969697, 28.96969696969697, 28.939393939393938, 28.96969696969697, 28.96969696969697, 28.96969696969697, 28.96969696969697, 28.96969696969697, 29.0, 28.939393939393938, 29.0, 29.0, 28.96969696969697, 28.96969696969697, 28.939393939393938, 28.96969696969697, 28.96969696969697, 28.96969696969697, 28.939393939393938, 28.96969696969697, 29.0, 29.0, 29.0, 29.0, 28.96969696969697, 28.96969696969697, 29.0, 29.0, 29.0, 28.96969696969697, 29.0, 28.96969696969697, 29.0, 28.939393939393938, 28.939393939393938, 28.96969696969697, 28.96969696969697, 28.939393939393938, 28.96969696969697, 28.939393939393938, 29.0, 28.90909090909091, 28.96969696969697, 29.0, 28.939393939393938, 28.939393939393938, 28.96969696969697, 28.96969696969697, 28.96969696969697, 28.939393939393938, 29.0, 29.0, 29.0, 28.939393939393938, 28.90909090909091, 28.96969696969697, 28.939393939393938, 29.0, 28.96969696969697, 29.0, 29.0, 29.0, 28.96969696969697, 28.96969696969697, 28.96969696969697, 28.939393939393938, 28.96969696969697, 28.96969696969697, 28.96969696969697, 28.939393939393938, 29.0, 28.96969696969697, 28.96969696969697, 28.96969696969697, 28.939393939393938, 29.0, 28.939393939393938, 28.939393939393938, 28.0, 28.0, 28.0, 27.939393939393938, 28.0, 27.96969696969697, 27.96969696969697, 28.0, 27.96969696969697, 27.96969696969697, 28.0, 28.0, 28.0, 28.0, 28.0, 28.0, 27.0, 26.96969696969697, 27.0, 25.96969696969697, 25.939393939393938, 26.0, 25.939393939393938, 25.939393939393938, 25.96969696969697, 25.939393939393938, 25.96969696969697, 26.0, 25.96969696969697, 25.96969696969697, 26.0, 25.96969696969697, 25.96969696969697, 26.0, 25.939393939393938, 25.939393939393938, 25.96969696969697, 25.909090909090907, 25.96969696969697, 26.0, 25.96969696969697, 25.939393939393938, 26.0, 25.939393939393938, 25.96969696969697, 25.939393939393938, 25.96969696969697, 26.0, 25.96969696969697, 26.0, 25.96969696969697, 25.939393939393938, 25.96969696969697, 25.939393939393938, 25.96969696969697, 25.96969696969697, 25.96969696969697, 25.939393939393938, 26.0, 25.96969696969697, 25.939393939393938, 26.0, 24.96969696969697, 24.939393939393938, 24.909090909090907, 24.96969696969697, 25.0, 25.0, 24.96969696969697, 25.0, 25.0, 25.0, 25.0, 24.96969696969697, 24.909090909090907, 24.87878787878788, 24.96969696969697, 24.939393939393938, 24.96969696969697, 24.96969696969697, 24.96969696969697, 24.939393939393938, 24.96969696969697, 25.0, 24.96969696969697, 24.96969696969697, 24.96969696969697]",0.913465269693442,0.9312903350465666,25,"[33, 33, 33, 33, 33, 33, 33, 33, 33, 33, 33, 33, 33, 33, 33, 33, 33, 33, 33, 33, 33, 33, 33, 33, 33, 33, 33, 33, 33, 33, 33, 33, 33, 33, 33, 33, 33, 33, 33, 33, 33, 33, 33, 33, 33, 33, 33, 33, 33, 33, 33, 33, 33, 33, 33, 33, 33, 33, 33, 33, 33, 33, 33, 33, 33, 33, 33, 33, 33, 33, 33, 33, 33, 33, 33, 33, 33, 33, 33, 33, 33, 33, 33, 33, 33, 33, 33, 33, 33, 33, 33, 33, 33, 33, 33, 33, 33, 33, 33, 33, 33, 33, 33, 33, 33, 33, 33, 33, 33, 33, 33, 33, 33, 33, 33, 33, 33, 33, 33, 33, 33, 33, 33, 33, 33, 33, 33, 33, 33, 33, 33, 33, 33, 33, 33, 33, 33, 33, 33, 32, 32, 32, 32, 32, 32, 32, 32, 32, 32, 31, 31, 31, 31, 31, 31, 31, 31, 31, 31, 31, 31, 31, 31, 31, 31, 31, 31, 31, 31, 30, 30, 30, 30, 30, 30, 30, 30, 30, 30, 30, 30, 29, 29, 29, 29, 29, 29, 29, 29, 29, 29, 29, 29, 29, 29, 29, 29, 29, 29, 29, 29, 29, 29, 29, 29, 29, 29, 29, 29, 29, 29, 29, 29, 29, 29, 29, 29, 29, 29, 29, 29, 29, 29, 29, 29, 29, 29, 29, 29, 29, 29, 29, 29, 29, 29, 29, 29, 29, 29, 29, 29, 29, 29, 29, 29, 29, 29, 29, 29, 29, 29, 29, 29, 29, 29, 29, 29, 29, 29, 29, 29, 29, 29, 29, 29, 29, 29, 29, 29, 29, 29, 29, 29, 28, 28, 28, 28, 28, 28, 28, 28, 28, 28, 28, 28, 28, 28, 28, 28, 27, 27, 27, 26, 26, 26, 26, 26, 26, 26, 26, 26, 26, 26, 26, 26, 26, 26, 26, 26, 26, 26, 26, 26, 26, 26, 26, 26, 26, 26, 26, 26, 26, 26, 26, 26, 26, 26, 26, 26, 26, 26, 26, 26, 26, 26, 25, 25, 25, 25, 25, 25, 25, 25, 25, 25, 25, 25, 25, 25, 25, 25, 25, 25, 25, 25, 25, 25, 25, 25, 25]",360,"[0.44615641236305237, 0.43274712562561035, 0.4249992072582245, 0.4192565679550171, 0.4150523841381073, 0.41125261783599854, 0.4080786108970642, 0.40541571378707886, 0.40297016501426697, 0.4001993238925934, 0.3979760408401489, 0.3955378234386444, 0.39307236671447754, 0.39077579975128174, 0.38853511214256287, 0.3865021765232086, 0.38412725925445557, 0.3818020522594452, 0.3797324001789093, 0.3778513967990875, 0.3755633533000946, 0.37340283393859863, 0.3712855279445648, 0.36955031752586365, 0.3671496510505676, 0.3651720881462097, 0.36297979950904846, 0.3608061969280243, 0.3586297631263733, 0.3563790023326874, 0.3542601466178894, 0.35206958651542664, 0.34957122802734375, 0.3477647304534912, 0.345409095287323, 0.3429615795612335, 0.34103336930274963, 0.33850210905075073, 0.33625707030296326, 0.33409225940704346, 0.3319116532802582, 0.3294812738895416, 0.3271298110485077, 0.324767529964447, 0.32258322834968567, 0.32067668437957764, 0.31866684556007385, 0.3163065016269684, 0.31465592980384827, 0.3123522400856018, 0.3106745183467865, 0.3085881471633911, 0.30673378705978394, 0.30523261427879333, 0.3034575283527374, 0.301668256521225, 0.300820529460907, 0.2985849678516388, 0.29749685525894165, 0.29592931270599365, 0.2946016788482666, 0.2932560443878174, 0.29269081354141235, 0.2912634611129761, 0.2909458577632904, 0.28878071904182434, 0.2873039245605469, 0.28581103682518005, 0.28524529933929443, 0.28394466638565063, 0.28267794847488403, 0.28220894932746887, 0.28117635846138, 0.2800120413303375, 0.2791486382484436, 0.27802106738090515, 0.2769176959991455, 0.2757439613342285, 0.2753532826900482, 0.27479276061058044, 0.27331840991973877, 0.27252939343452454, 0.2716924548149109, 0.27092528343200684, 0.27025169134140015, 0.2691906988620758, 0.26836341619491577, 0.2675575613975525, 0.2667645215988159, 0.26689302921295166, 0.2655172646045685, 0.2649955153465271, 0.2639533579349518, 0.26359111070632935, 0.2633531093597412, 0.2625042498111725, 0.26231518387794495, 0.2609385550022125, 0.2602357268333435, 0.25898635387420654, 0.2580421268939972, 0.25724443793296814, 0.2569372057914734, 0.25703179836273193, 0.25606223940849304, 0.25522249937057495, 0.2553793787956238, 0.254963755607605, 0.2538526952266693, 0.25353848934173584, 0.2524411976337433, 0.25254949927330017, 0.25153863430023193, 0.25147005915641785, 0.2511972486972809, 0.2504628896713257, 0.25000059604644775, 0.24956780672073364, 0.24843353033065796, 0.24874061346054077, 0.24821239709854126, 0.248001828789711, 0.24776393175125122, 0.24737481772899628, 0.24634727835655212, 0.24645376205444336, 0.247189462184906, 0.2459498792886734, 0.24494421482086182, 0.24411500990390778, 0.24395328760147095, 0.24532337486743927, 0.2453775852918625, 0.24347001314163208, 0.2426820546388626, 0.24262580275535583, 0.24124865233898163, 0.2410491704940796, 0.241019606590271, 0.2407354712486267, 0.23965923488140106, 0.2396698147058487, 0.23928560316562653, 0.23928506672382355, 0.23923856019973755, 0.2390647679567337, 0.2395176738500595, 0.23886436223983765, 0.2375200241804123, 0.23705893754959106, 0.23682424426078796, 0.23726826906204224, 0.23637259006500244, 0.2368588000535965, 0.23793268203735352, 0.23574453592300415, 0.23433519899845123, 0.23491322994232178, 0.23418401181697845, 0.23436792194843292, 0.23403730988502502, 0.23342175781726837, 0.23449848592281342, 0.23333624005317688, 0.2353745847940445, 0.2329755425453186, 0.2321869134902954, 0.23246124386787415, 0.2325187623500824, 0.23242196440696716, 0.23192617297172546, 0.23176665604114532, 0.23240453004837036, 0.23198986053466797, 0.23002292215824127, 0.23098590970039368, 0.23163838684558868, 0.22988252341747284, 0.22962303459644318, 0.2294444441795349, 0.229742169380188, 0.2285631000995636, 0.22979669272899628, 0.2304048091173172, 0.22879961133003235, 0.22954462468624115, 0.22780559957027435, 0.2298751026391983, 0.22834689915180206, 0.2278466671705246, 0.2274913787841797, 0.22798147797584534, 0.22786608338356018, 0.2275700569152832, 0.22742918133735657, 0.22710873186588287, 0.2274213433265686, 0.22651295363903046, 0.22602631151676178, 0.22618727385997772, 0.22768519818782806, 0.22582769393920898, 0.22696223855018616, 0.2261810153722763, 0.22733086347579956, 0.22622770071029663, 0.2249433696269989, 0.2244773805141449, 0.22527961432933807, 0.22660650312900543, 0.22526252269744873, 0.22402557730674744, 0.22523429989814758, 0.22603435814380646, 0.2242376208305359, 0.22678080201148987, 0.22390201687812805, 0.2244645357131958, 0.22361689805984497, 0.22376951575279236, 0.2229735255241394, 0.22374898195266724, 0.22314508259296417, 0.22278863191604614, 0.22420291602611542, 0.2227659821510315, 0.2217024266719818, 0.22235536575317383, 0.22324293851852417, 0.22264431416988373, 0.224789559841156, 0.22257286310195923, 0.22215749323368073, 0.2219989150762558, 0.2229350209236145, 0.22265054285526276, 0.22376489639282227, 0.22140878438949585, 0.2232300341129303, 0.22081707417964935, 0.22345837950706482, 0.22063662111759186, 0.2209986299276352, 0.22119396924972534, 0.22171708941459656, 0.21922896802425385, 0.22034694254398346, 0.2197190523147583, 0.2198478728532791, 0.2205459475517273, 0.2199891209602356, 0.22040648758411407, 0.22083716094493866, 0.21838495135307312, 0.2179677039384842, 0.2196030467748642, 0.2177848368883133, 0.21905487775802612, 0.2194032222032547, 0.22052617371082306, 0.21826627850532532, 0.21866053342819214, 0.21959461271762848, 0.2173941284418106, 0.2177850306034088, 0.2180701643228531, 0.21865347027778625, 0.21845050156116486, 0.22055763006210327, 0.21829327940940857, 0.21842804551124573, 0.21786533296108246, 0.22003069519996643, 0.21971441805362701, 0.22153525054454803, 0.21879547834396362, 0.21980495750904083, 0.2198990285396576, 0.21987538039684296, 0.22023065388202667, 0.22075271606445312, 0.2209312468767166, 0.22229818999767303, 0.21848931908607483, 0.21864238381385803, 0.2175251841545105, 0.21917831897735596, 0.21815571188926697, 0.218022882938385, 0.21744658052921295, 0.21721237897872925, 0.21717499196529388, 0.22009769082069397, 0.21873527765274048, 0.21611221134662628, 0.2142508178949356, 0.2150304764509201, 0.2141932100057602, 0.21694014966487885, 0.21651624143123627, 0.2153816670179367, 0.2155417948961258, 0.21594005823135376, 0.2145782709121704, 0.21607863903045654, 0.2147844135761261, 0.2143249660730362, 0.21320213377475739, 0.21680164337158203, 0.217579647898674, 0.21412138640880585, 0.21290189027786255, 0.21494676172733307, 0.2146989107131958, 0.2138136327266693, 0.21662768721580505, 0.2137274295091629, 0.21400494873523712, 0.212870791554451, 0.21475200355052948, 0.21486270427703857, 0.21439045667648315, 0.21232196688652039, 0.21312463283538818, 0.21325214207172394, 0.21359071135520935, 0.2122691571712494, 0.21490879356861115, 0.21390026807785034, 0.2145296037197113, 0.2120676189661026, 0.21357490122318268, 0.2114545851945877, 0.2124563604593277, 0.21117240190505981, 0.2106184959411621, 0.20999610424041748, 0.21161091327667236, 0.21094655990600586, 0.21041908860206604, 0.21052661538124084, 0.20935536921024323, 0.20992907881736755, 0.2113405466079712, 0.20933419466018677, 0.21104982495307922, 0.21176393330097198, 0.20958778262138367, 0.2099122256040573, 0.2103288769721985, 0.21031883358955383, 0.2092452496290207, 0.21092748641967773, 0.20882856845855713, 0.20997196435928345, 0.21047087013721466, 0.2102387249469757, 0.20990049839019775, 0.20947404205799103, 0.20805484056472778]",25.0,"[33.0, 33.0, 33.0, 33.0, 33.0, 33.0, 33.0, 33.0, 33.0, 33.0, 33.0, 33.0, 33.0, 33.0, 33.0, 33.0, 33.0, 33.0, 33.0, 33.0, 33.0, 33.0, 33.0, 33.0, 33.0, 33.0, 33.0, 33.0, 33.0, 33.0, 33.0, 33.0, 33.0, 33.0, 33.0, 33.0, 33.0, 33.0, 33.0, 33.0, 33.0, 33.0, 33.0, 33.0, 33.0, 33.0, 33.0, 33.0, 33.0, 33.0, 33.0, 33.0, 33.0, 33.0, 33.0, 33.0, 33.0, 33.0, 33.0, 33.0, 33.0, 33.0, 33.0, 33.0, 33.0, 33.0, 33.0, 33.0, 33.0, 33.0, 33.0, 33.0, 33.0, 33.0, 33.0, 33.0, 33.0, 33.0, 33.0, 33.0, 33.0, 33.0, 33.0, 33.0, 33.0, 33.0, 33.0, 33.0, 33.0, 33.0, 33.0, 33.0, 33.0, 33.0, 33.0, 33.0, 33.0, 33.0, 33.0, 33.0, 33.0, 33.0, 33.0, 33.0, 33.0, 33.0, 33.0, 33.0, 33.0, 33.0, 33.0, 33.0, 33.0, 33.0, 33.0, 33.0, 33.0, 33.0, 33.0, 33.0, 33.0, 33.0, 33.0, 33.0, 33.0, 33.0, 33.0, 33.0, 33.0, 33.0, 33.0, 33.0, 33.0, 33.0, 33.0, 33.0, 33.0, 33.0, 33.0, 32.0, 32.0, 32.0, 32.0, 32.0, 32.0, 32.0, 32.0, 32.0, 32.0, 31.0, 31.0, 31.0, 31.0, 31.0, 31.0, 31.0, 31.0, 31.0, 31.0, 31.0, 31.0, 31.0, 31.0, 31.0, 31.0, 31.0, 31.0, 31.0, 31.0, 30.0, 30.0, 30.0, 30.0, 30.0, 30.0, 30.0, 30.0, 30.0, 30.0, 30.0, 30.0, 29.0, 29.0, 29.0, 29.0, 29.0, 29.0, 29.0, 29.0, 29.0, 29.0, 29.0, 29.0, 29.0, 29.0, 29.0, 29.0, 29.0, 29.0, 29.0, 29.0, 29.0, 29.0, 29.0, 29.0, 29.0, 29.0, 29.0, 29.0, 29.0, 29.0, 29.0, 29.0, 29.0, 29.0, 29.0, 29.0, 29.0, 29.0, 29.0, 29.0, 29.0, 29.0, 29.0, 29.0, 29.0, 29.0, 29.0, 29.0, 29.0, 29.0, 29.0, 29.0, 29.0, 29.0, 29.0, 29.0, 29.0, 29.0, 29.0, 29.0, 29.0, 29.0, 29.0, 29.0, 29.0, 29.0, 29.0, 29.0, 29.0, 29.0, 29.0, 29.0, 29.0, 29.0, 29.0, 29.0, 29.0, 29.0, 29.0, 29.0, 29.0, 29.0, 29.0, 29.0, 29.0, 29.0, 29.0, 29.0, 29.0, 29.0, 29.0, 29.0, 28.0, 28.0, 28.0, 28.0, 28.0, 28.0, 28.0, 28.0, 28.0, 28.0, 28.0, 28.0, 28.0, 28.0, 28.0, 28.0, 27.0, 27.0, 27.0, 26.0, 26.0, 26.0, 26.0, 26.0, 26.0, 26.0, 26.0, 26.0, 26.0, 26.0, 26.0, 26.0, 26.0, 26.0, 26.0, 26.0, 26.0, 26.0, 26.0, 26.0, 26.0, 26.0, 26.0, 26.0, 26.0, 26.0, 26.0, 26.0, 26.0, 26.0, 26.0, 26.0, 26.0, 26.0, 26.0, 26.0, 26.0, 26.0, 26.0, 26.0, 26.0, 26.0, 25.0, 25.0, 25.0, 25.0, 25.0, 25.0, 25.0, 25.0, 25.0, 25.0, 25.0, 25.0, 25.0, 25.0, 25.0, 25.0, 25.0, 25.0, 25.0, 25.0, 25.0, 25.0, 25.0, 25.0, 25.0]",COMPLETE
