,number,value,datetime_start,datetime_complete,duration,params_batch_size_scaler,params_constant_learning_rate,params_depth,params_epochs,params_kernel_l2,params_num_trees,params_temperature,user_attrs_accuracy_test,user_attrs_accuracy_valid,user_attrs_approximate_feature_sparsity,user_attrs_approximate_feature_sparsity_history,user_attrs_approximate_weight_sparsity,user_attrs_approximate_weight_sparsity_history,user_attrs_auc_test,user_attrs_auc_valid,user_attrs_feature_sparsity,user_attrs_feature_sparsity_history,user_attrs_num_epochs,user_attrs_val_loss_history,user_attrs_weight_sparsity,user_attrs_weight_sparsity_history,state
23,23,0.5,2024-08-31 01:31:48.617036,2024-08-31 01:32:10.509735,0 days 00:00:21.892699,16,0.29563821256441253,1,300,0.019999956311000506,60,0.02642905207428035,0.859,0.85875,0,"[33, 33, 30, 14, 5, 1, 0, 0, 0, 0, 0, 0, 0, 0, 0, 0, 0, 0, 0, 0, 0, 0, 0, 0, 0, 0, 0, 0, 0, 0, 0, 0, 0, 0, 0, 0, 0, 0, 0, 0, 0, 0, 0, 0, 0, 0, 0, 0, 0, 0, 0, 0, 0, 0, 0, 0, 0, 0, 0, 0, 0, 0, 0, 0, 0, 0, 0, 0, 0, 0, 0, 0, 0, 0, 0, 0, 0, 0, 0, 0, 0, 0, 0, 0, 0, 0, 0, 0, 0, 0, 0, 0, 0, 0, 0, 0, 0, 0, 0, 0, 0, 0, 0, 0, 0, 0, 0, 0, 0, 0, 0, 0, 0, 0, 0, 0, 0, 0, 0, 0, 0, 0, 0, 0, 0, 0, 0, 0, 0, 0, 0, 0, 0, 0, 0, 0, 0, 0, 0, 0, 0, 0, 0, 0, 0, 0, 0, 0, 0, 0, 0, 0, 0, 0, 0, 0, 0, 0, 0, 0, 0, 0, 0, 0, 0, 0, 0, 0, 0, 0, 0, 0, 0, 0, 0, 0, 0, 0, 0, 0, 0, 0, 0, 0, 0, 0, 0, 0, 0, 0, 0, 0, 0, 0, 0, 0, 0, 0, 0, 0, 0, 0, 0, 0, 0, 0, 0, 0, 0, 0, 0, 0, 0, 0, 0, 0, 0, 0, 0, 0, 0, 0, 0, 0, 0, 0, 0, 0, 0, 0, 0, 0, 0, 0, 0, 0, 0, 0, 0, 0, 0, 0, 0, 0, 0, 0, 0, 0, 0, 0, 0, 0, 0, 0, 0, 0, 0, 0, 0, 0, 0, 0, 0, 0, 0, 0, 0, 0, 0, 0, 0, 0, 0, 0, 0, 0, 0, 0, 0, 0, 0, 0, 0, 0, 0, 0, 0, 0, 0, 0, 0, 0, 0, 0, 0, 0, 0, 0, 0, 0]",0.0,"[32.983333333333334, 33.0, 30.0, 13.983333333333334, 5.0, 1.0, 0.0, 0.0, 0.0, 0.0, 0.0, 0.0, 0.0, 0.0, 0.0, 0.0, 0.0, 0.0, 0.0, 0.0, 0.0, 0.0, 0.0, 0.0, 0.0, 0.0, 0.0, 0.0, 0.0, 0.0, 0.0, 0.0, 0.0, 0.0, 0.0, 0.0, 0.0, 0.0, 0.0, 0.0, 0.0, 0.0, 0.0, 0.0, 0.0, 0.0, 0.0, 0.0, 0.0, 0.0, 0.0, 0.0, 0.0, 0.0, 0.0, 0.0, 0.0, 0.0, 0.0, 0.0, 0.0, 0.0, 0.0, 0.0, 0.0, 0.0, 0.0, 0.0, 0.0, 0.0, 0.0, 0.0, 0.0, 0.0, 0.0, 0.0, 0.0, 0.0, 0.0, 0.0, 0.0, 0.0, 0.0, 0.0, 0.0, 0.0, 0.0, 0.0, 0.0, 0.0, 0.0, 0.0, 0.0, 0.0, 0.0, 0.0, 0.0, 0.0, 0.0, 0.0, 0.0, 0.0, 0.0, 0.0, 0.0, 0.0, 0.0, 0.0, 0.0, 0.0, 0.0, 0.0, 0.0, 0.0, 0.0, 0.0, 0.0, 0.0, 0.0, 0.0, 0.0, 0.0, 0.0, 0.0, 0.0, 0.0, 0.0, 0.0, 0.0, 0.0, 0.0, 0.0, 0.0, 0.0, 0.0, 0.0, 0.0, 0.0, 0.0, 0.0, 0.0, 0.0, 0.0, 0.0, 0.0, 0.0, 0.0, 0.0, 0.0, 0.0, 0.0, 0.0, 0.0, 0.0, 0.0, 0.0, 0.0, 0.0, 0.0, 0.0, 0.0, 0.0, 0.0, 0.0, 0.0, 0.0, 0.0, 0.0, 0.0, 0.0, 0.0, 0.0, 0.0, 0.0, 0.0, 0.0, 0.0, 0.0, 0.0, 0.0, 0.0, 0.0, 0.0, 0.0, 0.0, 0.0, 0.0, 0.0, 0.0, 0.0, 0.0, 0.0, 0.0, 0.0, 0.0, 0.0, 0.0, 0.0, 0.0, 0.0, 0.0, 0.0, 0.0, 0.0, 0.0, 0.0, 0.0, 0.0, 0.0, 0.0, 0.0, 0.0, 0.0, 0.0, 0.0, 0.0, 0.0, 0.0, 0.0, 0.0, 0.0, 0.0, 0.0, 0.0, 0.0, 0.0, 0.0, 0.0, 0.0, 0.0, 0.0, 0.0, 0.0, 0.0, 0.0, 0.0, 0.0, 0.0, 0.0, 0.0, 0.0, 0.0, 0.0, 0.0, 0.0, 0.0, 0.0, 0.0, 0.0, 0.0, 0.0, 0.0, 0.0, 0.0, 0.0, 0.0, 0.0, 0.0, 0.0, 0.0, 0.0, 0.0, 0.0, 0.0, 0.0, 0.0, 0.0, 0.0, 0.0, 0.0, 0.0, 0.0, 0.0, 0.0, 0.0, 0.0, 0.0, 0.0, 0.0, 0.0, 0.0, 0.0, 0.0, 0.0, 0.0, 0.0, 0.0, 0.0, 0.0, 0.0, 0.0, 0.0, 0.0, 0.0, 0.0, 0.0, 0.0, 0.0, 0.0, 0.0]",0.5,0.5,0,"[33, 33, 30, 14, 5, 1, 0, 0, 0, 0, 0, 0, 0, 0, 0, 0, 0, 0, 0, 0, 0, 0, 0, 0, 0, 0, 0, 0, 0, 0, 0, 0, 0, 0, 0, 0, 0, 0, 0, 0, 0, 0, 0, 0, 0, 0, 0, 0, 0, 0, 0, 0, 0, 0, 0, 0, 0, 0, 0, 0, 0, 0, 0, 0, 0, 0, 0, 0, 0, 0, 0, 0, 0, 0, 0, 0, 0, 0, 0, 0, 0, 0, 0, 0, 0, 0, 0, 0, 0, 0, 0, 0, 0, 0, 0, 0, 0, 0, 0, 0, 0, 0, 0, 0, 0, 0, 0, 0, 0, 0, 0, 0, 0, 0, 0, 0, 0, 0, 0, 0, 0, 0, 0, 0, 0, 0, 0, 0, 0, 0, 0, 0, 0, 0, 0, 0, 0, 0, 0, 0, 0, 0, 0, 0, 0, 0, 0, 0, 0, 0, 0, 0, 0, 0, 0, 0, 0, 0, 0, 0, 0, 0, 0, 0, 0, 0, 0, 0, 0, 0, 0, 0, 0, 0, 0, 0, 0, 0, 0, 0, 0, 0, 0, 0, 0, 0, 0, 0, 0, 0, 0, 0, 0, 0, 0, 0, 0, 0, 0, 0, 0, 0, 0, 0, 0, 0, 0, 0, 0, 0, 0, 0, 0, 0, 0, 0, 0, 0, 0, 0, 0, 0, 0, 0, 0, 0, 0, 0, 0, 0, 0, 0, 0, 0, 0, 0, 0, 0, 0, 0, 0, 0, 0, 0, 0, 0, 0, 0, 0, 0, 0, 0, 0, 0, 0, 0, 0, 0, 0, 0, 0, 0, 0, 0, 0, 0, 0, 0, 0, 0, 0, 0, 0, 0, 0, 0, 0, 0, 0, 0, 0, 0, 0, 0, 0, 0, 0, 0, 0, 0, 0, 0, 0, 0, 0, 0, 0, 0, 0, 0]",300,"[0.4257522225379944, 0.4139333665370941, 0.4352016746997833, 0.3929939568042755, 0.39124995470046997, 0.4600990414619446, 0.4421980679035187, 0.4272434115409851, 0.4073273837566376, 0.41003257036209106, 0.4745877981185913, 0.40759041905403137, 0.5470221042633057, 0.42062321305274963, 0.43790367245674133, 0.407777339220047, 0.5803340077400208, 0.46384933590888977, 0.4293380081653595, 0.4150197207927704, 0.5963104963302612, 0.4285869300365448, 0.40854930877685547, 0.42103156447410583, 0.9072993397712708, 0.420205295085907, 0.40748241543769836, 0.40999096632003784, 0.4313640892505646, 0.48134440183639526, 0.5636869668960571, 0.4075325131416321, 0.43396785855293274, 0.4451393485069275, 0.4100534915924072, 0.4594927132129669, 0.414948970079422, 0.40740886330604553, 0.42601022124290466, 0.40775030851364136, 0.42573782801628113, 0.415038138628006, 0.4114707112312317, 0.5544834733009338, 0.4449003338813782, 0.5455948114395142, 0.6427642107009888, 0.5626819729804993, 0.4231051504611969, 0.429910808801651, 0.566368818283081, 0.4099040925502777, 0.40752628445625305, 0.408466100692749, 0.46242621541023254, 0.43549132347106934, 0.4126194417476654, 0.4106031656265259, 0.407670259475708, 0.43284523487091064, 0.4213460683822632, 0.40843746066093445, 0.6425138711929321, 0.4075188934803009, 0.5077036023139954, 0.40874186158180237, 0.4151822328567505, 0.44612228870391846, 0.40860310196876526, 0.574745774269104, 0.4661600589752197, 0.7479965686798096, 0.447542279958725, 0.41077831387519836, 0.40912166237831116, 0.5433918237686157, 0.667664647102356, 0.4156216084957123, 0.4078971743583679, 0.40945595502853394, 0.40917128324508667, 0.4677247703075409, 0.41425707936286926, 0.41619813442230225, 0.48422202467918396, 0.4089340269565582, 0.410897433757782, 0.47375229001045227, 0.4134944677352905, 0.4352978765964508, 0.5516051054000854, 0.4086773693561554, 0.47813349962234497, 0.46063724160194397, 0.5060858130455017, 0.4149908423423767, 0.5377587676048279, 0.40756499767303467, 0.4074688255786896, 0.42103302478790283, 0.4101982116699219, 0.4084584414958954, 0.4612027704715729, 0.421457439661026, 0.45048096776008606, 0.4366234838962555, 0.4073621332645416, 0.4292225241661072, 0.4614655673503876, 0.4754132926464081, 0.49541231989860535, 0.431098073720932, 0.40744927525520325, 0.4072430729866028, 0.4326951503753662, 0.6337873339653015, 0.41474807262420654, 0.5006877779960632, 0.407563179731369, 0.40724724531173706, 0.6529827117919922, 0.5104571580886841, 0.47185397148132324, 0.42676976323127747, 0.418838769197464, 0.612216591835022, 0.5195116996765137, 0.4499116837978363, 0.4175873100757599, 0.43039971590042114, 0.40783581137657166, 0.453313410282135, 0.4932496249675751, 0.4080968499183655, 0.4502502381801605, 0.4452250003814697, 0.4650647044181824, 0.40784016251564026, 0.4354437589645386, 0.5167872905731201, 0.4552652835845947, 0.4917363226413727, 0.6083083152770996, 0.5030934810638428, 0.42773932218551636, 0.41549476981163025, 0.40791621804237366, 0.40817713737487793, 0.4326099455356598, 0.43633773922920227, 0.4153553247451782, 0.40732020139694214, 0.6243322491645813, 0.4072267413139343, 0.40748825669288635, 0.5129438042640686, 0.7584525346755981, 0.41010457277297974, 0.42147722840309143, 0.42091187834739685, 0.41257014870643616, 0.46785813570022583, 0.6110326647758484, 0.42383506894111633, 0.5406493544578552, 0.4236622750759125, 0.44135376811027527, 0.42963990569114685, 0.5713841915130615, 0.408652663230896, 0.41496410965919495, 0.4072915315628052, 0.40967991948127747, 0.4100196063518524, 0.4073798358440399, 0.4247801601886749, 0.489185631275177, 0.4172428846359253, 0.4112509787082672, 0.4243685007095337, 0.5302571654319763, 0.413921058177948, 0.4507501721382141, 0.40861228108406067, 0.47150954604148865, 0.6699364185333252, 0.40748655796051025, 0.4209827482700348, 0.4667208790779114, 0.41132500767707825, 0.4208017587661743, 0.4148141145706177, 0.43094947934150696, 0.7817121744155884, 0.44697219133377075, 0.4254893958568573, 0.4154825210571289, 0.4335542321205139, 0.4331810474395752, 0.429115891456604, 0.41396886110305786, 0.4147593677043915, 0.4884241223335266, 0.5020613670349121, 0.4281017780303955, 0.4081343710422516, 0.4443759024143219, 0.4161089360713959, 0.41218358278274536, 0.4080062508583069, 0.40858855843544006, 0.4892238676548004, 0.6188749670982361, 0.41304436326026917, 0.4130443334579468, 0.41059303283691406, 0.41350018978118896, 0.411218523979187, 0.40863218903541565, 0.5180208683013916, 0.5470689535140991, 0.408003568649292, 0.41601821780204773, 0.49302369356155396, 0.5536715984344482, 0.41043949127197266, 0.4183919131755829, 0.4552474319934845, 0.4092232584953308, 0.4234895408153534, 0.5474628806114197, 0.6073065996170044, 0.4215167760848999, 0.5318471193313599, 0.43987101316452026, 0.4130133390426636, 0.44076427817344666, 0.849835991859436, 0.42866015434265137, 0.41694653034210205, 0.4072396159172058, 0.5145276188850403, 0.43931037187576294, 0.5307527184486389, 0.430131196975708, 0.44791722297668457, 0.4405657947063446, 0.49718543887138367, 0.44098567962646484, 0.4446541666984558, 0.4210282266139984, 0.42981648445129395, 0.42674195766448975, 0.4078438878059387, 0.40789595246315, 0.4355587065219879, 0.4221561551094055, 0.487303763628006, 0.456374853849411, 0.4412975013256073, 0.4073762893676758, 0.4074881374835968, 0.4478227198123932, 0.5283535122871399, 0.4751911461353302, 0.4153646230697632, 0.4225485920906067, 0.41153284907341003, 0.42094284296035767, 0.40989184379577637, 0.4218578338623047, 0.42292094230651855, 0.4411683976650238, 0.41586339473724365, 0.4326067864894867, 0.4194743037223816, 0.6604880690574646, 0.45895954966545105, 0.4127131700515747, 0.44903019070625305, 0.48457419872283936, 0.4099286198616028, 0.4482958912849426, 0.4451506435871124, 0.440471351146698, 0.43531981110572815, 0.40832558274269104, 0.46406325697898865, 0.44637295603752136, 0.41018837690353394, 0.4296475350856781, 0.41612693667411804, 0.5765774250030518, 0.40723517537117004, 0.40749427676200867, 0.4436100125312805, 0.4688250720500946, 0.4476666748523712, 0.456620991230011, 0.4717150628566742]",0.0,"[33.0, 33.0, 30.0, 14.0, 5.0, 1.0, 0.0, 0.0, 0.0, 0.0, 0.0, 0.0, 0.0, 0.0, 0.0, 0.0, 0.0, 0.0, 0.0, 0.0, 0.0, 0.0, 0.0, 0.0, 0.0, 0.0, 0.0, 0.0, 0.0, 0.0, 0.0, 0.0, 0.0, 0.0, 0.0, 0.0, 0.0, 0.0, 0.0, 0.0, 0.0, 0.0, 0.0, 0.0, 0.0, 0.0, 0.0, 0.0, 0.0, 0.0, 0.0, 0.0, 0.0, 0.0, 0.0, 0.0, 0.0, 0.0, 0.0, 0.0, 0.0, 0.0, 0.0, 0.0, 0.0, 0.0, 0.0, 0.0, 0.0, 0.0, 0.0, 0.0, 0.0, 0.0, 0.0, 0.0, 0.0, 0.0, 0.0, 0.0, 0.0, 0.0, 0.0, 0.0, 0.0, 0.0, 0.0, 0.0, 0.0, 0.0, 0.0, 0.0, 0.0, 0.0, 0.0, 0.0, 0.0, 0.0, 0.0, 0.0, 0.0, 0.0, 0.0, 0.0, 0.0, 0.0, 0.0, 0.0, 0.0, 0.0, 0.0, 0.0, 0.0, 0.0, 0.0, 0.0, 0.0, 0.0, 0.0, 0.0, 0.0, 0.0, 0.0, 0.0, 0.0, 0.0, 0.0, 0.0, 0.0, 0.0, 0.0, 0.0, 0.0, 0.0, 0.0, 0.0, 0.0, 0.0, 0.0, 0.0, 0.0, 0.0, 0.0, 0.0, 0.0, 0.0, 0.0, 0.0, 0.0, 0.0, 0.0, 0.0, 0.0, 0.0, 0.0, 0.0, 0.0, 0.0, 0.0, 0.0, 0.0, 0.0, 0.0, 0.0, 0.0, 0.0, 0.0, 0.0, 0.0, 0.0, 0.0, 0.0, 0.0, 0.0, 0.0, 0.0, 0.0, 0.0, 0.0, 0.0, 0.0, 0.0, 0.0, 0.0, 0.0, 0.0, 0.0, 0.0, 0.0, 0.0, 0.0, 0.0, 0.0, 0.0, 0.0, 0.0, 0.0, 0.0, 0.0, 0.0, 0.0, 0.0, 0.0, 0.0, 0.0, 0.0, 0.0, 0.0, 0.0, 0.0, 0.0, 0.0, 0.0, 0.0, 0.0, 0.0, 0.0, 0.0, 0.0, 0.0, 0.0, 0.0, 0.0, 0.0, 0.0, 0.0, 0.0, 0.0, 0.0, 0.0, 0.0, 0.0, 0.0, 0.0, 0.0, 0.0, 0.0, 0.0, 0.0, 0.0, 0.0, 0.0, 0.0, 0.0, 0.0, 0.0, 0.0, 0.0, 0.0, 0.0, 0.0, 0.0, 0.0, 0.0, 0.0, 0.0, 0.0, 0.0, 0.0, 0.0, 0.0, 0.0, 0.0, 0.0, 0.0, 0.0, 0.0, 0.0, 0.0, 0.0, 0.0, 0.0, 0.0, 0.0, 0.0, 0.0, 0.0, 0.0, 0.0, 0.0, 0.0, 0.0, 0.0, 0.0, 0.0, 0.0, 0.0, 0.0, 0.0, 0.0, 0.0, 0.0, 0.0, 0.0, 0.0, 0.0, 0.0, 0.0, 0.0, 0.0]",COMPLETE
24,24,0.5,2024-08-31 01:32:11.088098,2024-08-31 01:32:39.604138,0 days 00:00:28.516040,4,2.3109348472239186,1,215,0.10894480094141915,62,0.05699087618613633,0.141,0.14125,0,"[0, 0, 0, 0, 0, 0, 0, 0, 0, 0, 0, 0, 0, 0, 0, 0, 0, 0, 0, 0, 0, 0, 0, 0, 0, 0, 0, 0, 0, 0, 0, 0, 0, 0, 0, 0, 0, 0, 0, 0, 0, 0, 0, 0, 0, 0, 0, 0, 0, 0, 0, 0, 0, 0, 0, 0, 0, 0, 0, 0, 0, 0, 0, 0, 0, 0, 0, 0, 0, 0, 0, 0, 0, 0, 0, 0, 0, 0, 0, 0, 0, 0, 0, 0, 0, 0, 0, 0, 0, 0, 0, 0, 0, 0, 0, 0, 0, 0, 0, 0, 0, 0, 0, 0, 0, 0, 0, 0, 0, 0, 0, 0, 0, 0, 0, 0, 0, 0, 0, 0, 0, 0, 0, 0, 0, 0, 0, 0, 0, 0, 0, 0, 0, 0, 0, 0, 0, 0, 0, 0, 0, 0, 0, 0, 0, 0, 0, 0, 0, 0, 0, 0, 0, 0, 0, 0, 0, 0, 0, 0, 0, 0, 0, 0, 0, 0, 0, 0, 0, 0, 0, 0, 0, 0, 0, 0, 0, 0, 0, 0, 0, 0, 0, 0, 0, 0, 0, 0, 0, 0, 0, 0, 0, 0, 0, 0, 0, 0, 0, 0, 0, 0, 0, 0, 0, 0, 0, 0, 0, 0, 0, 0, 0, 0, 0]",0.0,"[0.0, 0.0, 0.0, 0.0, 0.0, 0.0, 0.0, 0.0, 0.0, 0.0, 0.0, 0.0, 0.0, 0.0, 0.0, 0.0, 0.0, 0.0, 0.0, 0.0, 0.0, 0.0, 0.0, 0.0, 0.0, 0.0, 0.0, 0.0, 0.0, 0.0, 0.0, 0.0, 0.0, 0.0, 0.0, 0.0, 0.0, 0.0, 0.0, 0.0, 0.0, 0.0, 0.0, 0.0, 0.0, 0.0, 0.0, 0.0, 0.0, 0.0, 0.0, 0.0, 0.0, 0.0, 0.0, 0.0, 0.0, 0.0, 0.0, 0.0, 0.0, 0.0, 0.0, 0.0, 0.0, 0.0, 0.0, 0.0, 0.0, 0.0, 0.0, 0.0, 0.0, 0.0, 0.0, 0.0, 0.0, 0.0, 0.0, 0.0, 0.0, 0.0, 0.0, 0.0, 0.0, 0.0, 0.0, 0.0, 0.0, 0.0, 0.0, 0.0, 0.0, 0.0, 0.0, 0.0, 0.0, 0.0, 0.0, 0.0, 0.0, 0.0, 0.0, 0.0, 0.0, 0.0, 0.0, 0.0, 0.0, 0.0, 0.0, 0.0, 0.0, 0.0, 0.0, 0.0, 0.0, 0.0, 0.0, 0.0, 0.0, 0.0, 0.0, 0.0, 0.0, 0.0, 0.0, 0.0, 0.0, 0.0, 0.0, 0.0, 0.0, 0.0, 0.0, 0.0, 0.0, 0.0, 0.0, 0.0, 0.0, 0.0, 0.0, 0.0, 0.0, 0.0, 0.0, 0.0, 0.0, 0.0, 0.0, 0.0, 0.0, 0.0, 0.0, 0.0, 0.0, 0.0, 0.0, 0.0, 0.0, 0.0, 0.0, 0.0, 0.0, 0.0, 0.0, 0.0, 0.0, 0.0, 0.0, 0.0, 0.0, 0.0, 0.0, 0.0, 0.0, 0.0, 0.0, 0.0, 0.0, 0.0, 0.0, 0.0, 0.0, 0.0, 0.0, 0.0, 0.0, 0.0, 0.0, 0.0, 0.0, 0.0, 0.0, 0.0, 0.0, 0.0, 0.0, 0.0, 0.0, 0.0, 0.0, 0.0, 0.0, 0.0, 0.0, 0.0, 0.0, 0.0, 0.0, 0.0, 0.0, 0.0, 0.0]",0.5,0.5,0,"[0, 0, 0, 0, 0, 0, 0, 0, 0, 0, 0, 0, 0, 0, 0, 0, 0, 0, 0, 0, 0, 0, 0, 0, 0, 0, 0, 0, 0, 0, 0, 0, 0, 0, 0, 0, 0, 0, 0, 0, 0, 0, 0, 0, 0, 0, 0, 0, 0, 0, 0, 0, 0, 0, 0, 0, 0, 0, 0, 0, 0, 0, 0, 0, 0, 0, 0, 0, 0, 0, 0, 0, 0, 0, 0, 0, 0, 0, 0, 0, 0, 0, 0, 0, 0, 0, 0, 0, 0, 0, 0, 0, 0, 0, 0, 0, 0, 0, 0, 0, 0, 0, 0, 0, 0, 0, 0, 0, 0, 0, 0, 0, 0, 0, 0, 0, 0, 0, 0, 0, 0, 0, 0, 0, 0, 0, 0, 0, 0, 0, 0, 0, 0, 0, 0, 0, 0, 0, 0, 0, 0, 0, 0, 0, 0, 0, 0, 0, 0, 0, 0, 0, 0, 0, 0, 0, 0, 0, 0, 0, 0, 0, 0, 0, 0, 0, 0, 0, 0, 0, 0, 0, 0, 0, 0, 0, 0, 0, 0, 0, 0, 0, 0, 0, 0, 0, 0, 0, 0, 0, 0, 0, 0, 0, 0, 0, 0, 0, 0, 0, 0, 0, 0, 0, 0, 0, 0, 0, 0, 0, 0, 0, 0, 0, 0]",215,"[11.440616607666016, 0.5494582653045654, 12.283344268798828, 10.076700210571289, 3.5383613109588623, 8.876199722290039, 9.970542907714844, 7.628272533416748, 9.728562355041504, 10.336867332458496, 9.409189224243164, 8.626874923706055, 5.5221028327941895, 0.5169258117675781, 13.235357284545898, 3.2850899696350098, 13.661396026611328, 12.085692405700684, 10.241316795349121, 16.877140045166016, 8.932644844055176, 2.3947770595550537, 9.173578262329102, 0.9056990146636963, 10.199653625488281, 1.4808276891708374, 7.493161201477051, 7.3103766441345215, 16.885528564453125, 12.522119522094727, 9.313277244567871, 7.8382649421691895, 9.724565505981445, 2.148745059967041, 8.76526165008545, 8.105498313903809, 3.8384575843811035, 5.560885429382324, 9.402262687683105, 12.615882873535156, 8.957887649536133, 3.5554933547973633, 0.4255002737045288, 8.440983772277832, 0.735109269618988, 13.933250427246094, 12.320595741271973, 7.586325645446777, 8.047372817993164, 7.5456132888793945, 8.458233833312988, 1.9119361639022827, 8.302221298217773, 3.4021682739257812, 0.4225078821182251, 9.445276260375977, 16.096750259399414, 13.792990684509277, 16.516176223754883, 7.903634071350098, 9.907591819763184, 0.780763566493988, 11.858905792236328, 9.507168769836426, 2.2583162784576416, 16.144542694091797, 2.9821159839630127, 13.646753311157227, 9.780538558959961, 6.4155778884887695, 10.014615058898926, 3.5254299640655518, 7.969876766204834, 15.29708480834961, 3.916722059249878, 0.45227986574172974, 3.8988211154937744, 10.38576889038086, 6.210970401763916, 12.5857572555542, 2.361271858215332, 12.043379783630371, 12.272604942321777, 12.446288108825684, 8.636178016662598, 5.082930088043213, 4.793511867523193, 5.321229457855225, 2.6151299476623535, 3.615454912185669, 11.505584716796875, 4.089498996734619, 1.8225778341293335, 2.236090660095215, 4.597592830657959, 11.024832725524902, 0.6205292344093323, 14.33625602722168, 0.533661425113678, 6.624140739440918, 11.647905349731445, 7.302950859069824, 3.808547019958496, 14.318897247314453, 1.3020031452178955, 10.406092643737793, 8.901784896850586, 16.917068481445312, 17.181699752807617, 11.71642780303955, 10.325178146362305, 11.967076301574707, 10.541094779968262, 13.281502723693848, 1.2067673206329346, 12.042040824890137, 7.918109893798828, 9.031543731689453, 10.565476417541504, 3.8682327270507812, 0.4870471656322479, 3.2640140056610107, 10.210805892944336, 5.588832378387451, 7.0080366134643555, 15.528969764709473, 15.133078575134277, 14.792701721191406, 4.953736782073975, 11.216243743896484, 4.0235700607299805, 2.95217227935791, 10.60751724243164, 15.242110252380371, 19.961753845214844, 9.230940818786621, 4.996352195739746, 6.6287407875061035, 6.880866050720215, 3.8375322818756104, 4.312854290008545, 1.0519503355026245, 8.890093803405762, 13.44162368774414, 6.881655216217041, 2.805934190750122, 14.821144104003906, 5.166234970092773, 3.8457517623901367, 9.49816608428955, 14.079141616821289, 14.441181182861328, 10.923593521118164, 15.451149940490723, 9.979214668273926, 10.02968978881836, 5.960730075836182, 14.864337921142578, 11.063136100769043, 6.304409980773926, 5.783466815948486, 13.879064559936523, 3.8932952880859375, 16.66603660583496, 17.062864303588867, 10.157007217407227, 1.570338487625122, 5.96603536605835, 6.2166266441345215, 0.8092761039733887, 2.5535261631011963, 2.6356918811798096, 17.054027557373047, 13.417619705200195, 16.06560707092285, 0.4133814573287964, 1.892697811126709, 9.13232135772705, 2.499563694000244, 5.087026596069336, 3.6995065212249756, 14.906791687011719, 14.33667278289795, 0.40881943702697754, 16.454526901245117, 7.832769393920898, 16.246675491333008, 11.472953796386719, 8.380919456481934, 11.260296821594238, 10.868943214416504, 2.7551310062408447, 3.2686853408813477, 14.12795639038086, 5.916994571685791, 5.092864513397217, 11.826668739318848, 6.11479377746582, 18.874073028564453, 12.745375633239746, 16.772050857543945, 11.173094749450684, 3.045515537261963, 11.39512825012207, 3.471351385116577, 1.160158634185791, 4.711672782897949, 13.363381385803223, 12.5454740524292, 1.174028754234314, 7.0173797607421875, 6.541532516479492, 2.516690254211426, 19.56975746154785, 5.974676609039307]",0.0,"[0.0, 0.0, 0.0, 0.0, 0.0, 0.0, 0.0, 0.0, 0.0, 0.0, 0.0, 0.0, 0.0, 0.0, 0.0, 0.0, 0.0, 0.0, 0.0, 0.0, 0.0, 0.0, 0.0, 0.0, 0.0, 0.0, 0.0, 0.0, 0.0, 0.0, 0.0, 0.0, 0.0, 0.0, 0.0, 0.0, 0.0, 0.0, 0.0, 0.0, 0.0, 0.0, 0.0, 0.0, 0.0, 0.0, 0.0, 0.0, 0.0, 0.0, 0.0, 0.0, 0.0, 0.0, 0.0, 0.0, 0.0, 0.0, 0.0, 0.0, 0.0, 0.0, 0.0, 0.0, 0.0, 0.0, 0.0, 0.0, 0.0, 0.0, 0.0, 0.0, 0.0, 0.0, 0.0, 0.0, 0.0, 0.0, 0.0, 0.0, 0.0, 0.0, 0.0, 0.0, 0.0, 0.0, 0.0, 0.0, 0.0, 0.0, 0.0, 0.0, 0.0, 0.0, 0.0, 0.0, 0.0, 0.0, 0.0, 0.0, 0.0, 0.0, 0.0, 0.0, 0.0, 0.0, 0.0, 0.0, 0.0, 0.0, 0.0, 0.0, 0.0, 0.0, 0.0, 0.0, 0.0, 0.0, 0.0, 0.0, 0.0, 0.0, 0.0, 0.0, 0.0, 0.0, 0.0, 0.0, 0.0, 0.0, 0.0, 0.0, 0.0, 0.0, 0.0, 0.0, 0.0, 0.0, 0.0, 0.0, 0.0, 0.0, 0.0, 0.0, 0.0, 0.0, 0.0, 0.0, 0.0, 0.0, 0.0, 0.0, 0.0, 0.0, 0.0, 0.0, 0.0, 0.0, 0.0, 0.0, 0.0, 0.0, 0.0, 0.0, 0.0, 0.0, 0.0, 0.0, 0.0, 0.0, 0.0, 0.0, 0.0, 0.0, 0.0, 0.0, 0.0, 0.0, 0.0, 0.0, 0.0, 0.0, 0.0, 0.0, 0.0, 0.0, 0.0, 0.0, 0.0, 0.0, 0.0, 0.0, 0.0, 0.0, 0.0, 0.0, 0.0, 0.0, 0.0, 0.0, 0.0, 0.0, 0.0, 0.0, 0.0, 0.0, 0.0, 0.0, 0.0, 0.0, 0.0, 0.0, 0.0, 0.0, 0.0]",COMPLETE
