,number,value,datetime_start,datetime_complete,duration,params_batch_size_scaler,params_constant_learning_rate,params_depth,params_epochs,params_kernel_l2,params_num_trees,params_temperature,user_attrs_accuracy_test,user_attrs_accuracy_valid,user_attrs_approximate_feature_sparsity,user_attrs_approximate_feature_sparsity_history,user_attrs_approximate_weight_sparsity,user_attrs_approximate_weight_sparsity_history,user_attrs_auc_test,user_attrs_auc_valid,user_attrs_feature_sparsity,user_attrs_feature_sparsity_history,user_attrs_num_epochs,user_attrs_val_loss_history,user_attrs_weight_sparsity,user_attrs_weight_sparsity_history,state
16,16,0.5,2024-08-31 01:20:51.783206,2024-08-31 01:21:14.770638,0 days 00:00:22.987432,64,0.02953753055793246,1,245,0.06591562661260544,2,0.005088084453659527,0.859,0.85875,0,"[32, 32, 32, 32, 32, 32, 31, 31, 31, 29, 28, 27, 25, 25, 24, 23, 23, 23, 23, 22, 21, 20, 20, 19, 19, 19, 19, 19, 18, 16, 16, 14, 14, 13, 13, 12, 10, 10, 10, 10, 10, 10, 7, 5, 5, 4, 3, 3, 1, 1, 1, 1, 1, 0, 0, 0, 0, 0, 0, 0, 0, 0, 0, 0, 0, 0, 0, 0, 0, 0, 0, 0, 0, 0, 0, 0, 0, 0, 0, 0, 0, 0, 0, 0, 0, 0, 0, 0, 0, 0, 0, 0, 0, 0, 0, 0, 0, 0, 0, 0, 0, 0, 0, 0, 0, 0, 0, 0, 0, 0, 0, 0, 0, 0, 0, 0, 0, 0, 0, 0, 0, 0, 0, 0, 0, 0, 0, 0, 0, 0, 0, 0, 0, 0, 0, 0, 0, 0, 0, 0, 0, 0, 0, 0, 0, 0, 0, 0, 0, 0, 0, 0, 0, 0, 0, 0, 0, 0, 0, 0, 0, 0, 0, 0, 0, 0, 0, 0, 0, 0, 0, 0, 0, 0, 0, 0, 0, 0, 0, 0, 0, 0, 0, 0, 0, 0, 0, 0, 0, 0, 0, 0, 0, 0, 0, 0, 0, 0, 0, 0, 0, 0, 0, 0, 0, 0, 0, 0, 0, 0, 0, 0, 0, 0, 0, 0, 0, 0, 0, 0, 0, 0, 0, 0, 0, 0, 0, 0, 0, 0, 0, 0, 0, 0, 0, 0, 0, 0, 0, 0, 0, 0, 0, 0, 0]",0.0,"[32.0, 32.0, 32.0, 32.0, 32.0, 32.0, 31.0, 31.0, 31.0, 29.0, 28.0, 27.0, 25.0, 25.0, 24.0, 23.0, 23.0, 23.0, 23.0, 22.0, 21.0, 20.0, 20.0, 19.0, 19.0, 19.0, 19.0, 19.0, 18.0, 16.0, 16.0, 14.0, 14.0, 13.0, 13.0, 12.0, 10.0, 10.0, 10.0, 10.0, 10.0, 10.0, 7.0, 5.0, 5.0, 4.0, 3.0, 3.0, 1.0, 1.0, 1.0, 1.0, 1.0, 0.0, 0.0, 0.0, 0.0, 0.0, 0.0, 0.0, 0.0, 0.0, 0.0, 0.0, 0.0, 0.0, 0.0, 0.0, 0.0, 0.0, 0.0, 0.0, 0.0, 0.0, 0.0, 0.0, 0.0, 0.0, 0.0, 0.0, 0.0, 0.0, 0.0, 0.0, 0.0, 0.0, 0.0, 0.0, 0.0, 0.0, 0.0, 0.0, 0.0, 0.0, 0.0, 0.0, 0.0, 0.0, 0.0, 0.0, 0.0, 0.0, 0.0, 0.0, 0.0, 0.0, 0.0, 0.0, 0.0, 0.0, 0.0, 0.0, 0.0, 0.0, 0.0, 0.0, 0.0, 0.0, 0.0, 0.0, 0.0, 0.0, 0.0, 0.0, 0.0, 0.0, 0.0, 0.0, 0.0, 0.0, 0.0, 0.0, 0.0, 0.0, 0.0, 0.0, 0.0, 0.0, 0.0, 0.0, 0.0, 0.0, 0.0, 0.0, 0.0, 0.0, 0.0, 0.0, 0.0, 0.0, 0.0, 0.0, 0.0, 0.0, 0.0, 0.0, 0.0, 0.0, 0.0, 0.0, 0.0, 0.0, 0.0, 0.0, 0.0, 0.0, 0.0, 0.0, 0.0, 0.0, 0.0, 0.0, 0.0, 0.0, 0.0, 0.0, 0.0, 0.0, 0.0, 0.0, 0.0, 0.0, 0.0, 0.0, 0.0, 0.0, 0.0, 0.0, 0.0, 0.0, 0.0, 0.0, 0.0, 0.0, 0.0, 0.0, 0.0, 0.0, 0.0, 0.0, 0.0, 0.0, 0.0, 0.0, 0.0, 0.0, 0.0, 0.0, 0.0, 0.0, 0.0, 0.0, 0.0, 0.0, 0.0, 0.0, 0.0, 0.0, 0.0, 0.0, 0.0, 0.0, 0.0, 0.0, 0.0, 0.0, 0.0, 0.0, 0.0, 0.0, 0.0, 0.0, 0.0, 0.0, 0.0, 0.0, 0.0, 0.0, 0.0, 0.0, 0.0, 0.0, 0.0, 0.0, 0.0]",0.5,0.5,0,"[32, 32, 32, 32, 32, 32, 31, 31, 31, 29, 28, 27, 25, 25, 24, 23, 23, 23, 23, 22, 21, 20, 20, 19, 19, 19, 19, 19, 18, 16, 16, 14, 14, 13, 13, 12, 10, 10, 10, 10, 10, 10, 7, 5, 5, 4, 3, 3, 1, 1, 1, 1, 1, 0, 0, 0, 0, 0, 0, 0, 0, 0, 0, 0, 0, 0, 0, 0, 0, 0, 0, 0, 0, 0, 0, 0, 0, 0, 0, 0, 0, 0, 0, 0, 0, 0, 0, 0, 0, 0, 0, 0, 0, 0, 0, 0, 0, 0, 0, 0, 0, 0, 0, 0, 0, 0, 0, 0, 0, 0, 0, 0, 0, 0, 0, 0, 0, 0, 0, 0, 0, 0, 0, 0, 0, 0, 0, 0, 0, 0, 0, 0, 0, 0, 0, 0, 0, 0, 0, 0, 0, 0, 0, 0, 0, 0, 0, 0, 0, 0, 0, 0, 0, 0, 0, 0, 0, 0, 0, 0, 0, 0, 0, 0, 0, 0, 0, 0, 0, 0, 0, 0, 0, 0, 0, 0, 0, 0, 0, 0, 0, 0, 0, 0, 0, 0, 0, 0, 0, 0, 0, 0, 0, 0, 0, 0, 0, 0, 0, 0, 0, 0, 0, 0, 0, 0, 0, 0, 0, 0, 0, 0, 0, 0, 0, 0, 0, 0, 0, 0, 0, 0, 0, 0, 0, 0, 0, 0, 0, 0, 0, 0, 0, 0, 0, 0, 0, 0, 0, 0, 0, 0, 0, 0, 0]",245,"[0.6194268465042114, 0.6111017465591431, 0.6035804748535156, 0.596411406993866, 0.5900892019271851, 0.584316611289978, 0.5777148604393005, 0.572036862373352, 0.5673065185546875, 0.5602667927742004, 0.5545517802238464, 0.549433708190918, 0.5434978008270264, 0.5394822955131531, 0.5346242785453796, 0.5297245979309082, 0.5266461372375488, 0.5235174298286438, 0.5204851031303406, 0.5158326625823975, 0.5110155344009399, 0.5065234303474426, 0.5042132139205933, 0.49976834654808044, 0.4976711571216583, 0.49557751417160034, 0.49370619654655457, 0.4917551279067993, 0.4874914884567261, 0.4805181622505188, 0.4790436625480652, 0.4721650183200836, 0.4707353115081787, 0.46655964851379395, 0.4652162492275238, 0.4612675607204437, 0.4538464844226837, 0.4528806805610657, 0.4520198106765747, 0.45112746953964233, 0.45027244091033936, 0.44941192865371704, 0.4375373125076294, 0.43045175075531006, 0.4299250543117523, 0.4260302484035492, 0.4222216308116913, 0.421822726726532, 0.41423043608665466, 0.4140115976333618, 0.4138031303882599, 0.4135550558567047, 0.41337820887565613, 0.4090334177017212, 0.4089074730873108, 0.40879005193710327, 0.4087206721305847, 0.4085852801799774, 0.4085117280483246, 0.40842097997665405, 0.40837782621383667, 0.4083435833454132, 0.4082774221897125, 0.4082411527633667, 0.4081881046295166, 0.40814390778541565, 0.40806615352630615, 0.40799981355667114, 0.4079657793045044, 0.40791717171669006, 0.407866507768631, 0.4078144431114197, 0.4077948033809662, 0.40773826837539673, 0.40773606300354004, 0.40770649909973145, 0.4076961576938629, 0.40764373540878296, 0.4076037108898163, 0.40757834911346436, 0.4075618088245392, 0.40753173828125, 0.4075317680835724, 0.4075247049331665, 0.4075111150741577, 0.4075014591217041, 0.4074956178665161, 0.4075310230255127, 0.4075346887111664, 0.40753814578056335, 0.4075450897216797, 0.40753039717674255, 0.4075164794921875, 0.40751704573631287, 0.40750718116760254, 0.4074978232383728, 0.40747925639152527, 0.40746796131134033, 0.40744495391845703, 0.40743839740753174, 0.40743812918663025, 0.40742599964141846, 0.4074287712574005, 0.4074230194091797, 0.40741467475891113, 0.4074093997478485, 0.40740716457366943, 0.40737631916999817, 0.4073586165904999, 0.40736502408981323, 0.4073595404624939, 0.4073452651500702, 0.4073474109172821, 0.4073300063610077, 0.4073343276977539, 0.40732651948928833, 0.40731126070022583, 0.407301127910614, 0.40729695558547974, 0.40730324387550354, 0.4073040783405304, 0.4073016345500946, 0.40729743242263794, 0.40730389952659607, 0.4072895050048828, 0.4072829484939575, 0.4072769284248352, 0.4072701334953308, 0.4072701334953308, 0.40726909041404724, 0.40726685523986816, 0.407258540391922, 0.4072546362876892, 0.4072585701942444, 0.4072556793689728, 0.4072607159614563, 0.407257616519928, 0.4072549045085907, 0.4072635769844055, 0.4072677493095398, 0.4072694480419159, 0.407279372215271, 0.4072723090648651, 0.40726956725120544, 0.4072684347629547, 0.4072701632976532, 0.40726661682128906, 0.4072595238685608, 0.4072599411010742, 0.4072570502758026, 0.40725311636924744, 0.40724602341651917, 0.40724411606788635, 0.40724071860313416, 0.4072405993938446, 0.4072398245334625, 0.40724220871925354, 0.40723976492881775, 0.40723639726638794, 0.4072364866733551, 0.40723472833633423, 0.40723320841789246, 0.4072316884994507, 0.40723472833633423, 0.4072342813014984, 0.40723326802253723, 0.4072364866733551, 0.40724000334739685, 0.40723857283592224, 0.40723922848701477, 0.4072372019290924, 0.40723946690559387, 0.4072335958480835, 0.40723273158073425, 0.4072328209877014, 0.40722987055778503, 0.40723052620887756, 0.4072302281856537, 0.40722960233688354, 0.40723109245300293, 0.4072303771972656, 0.40723296999931335, 0.4072326719760895, 0.40723130106925964, 0.4072328805923462, 0.4072360098361969, 0.40723690390586853, 0.4072389304637909, 0.4072376489639282, 0.4072370231151581, 0.4072377681732178, 0.4072352349758148, 0.4072379171848297, 0.40724095702171326, 0.4072415828704834, 0.40723809599876404, 0.40723949670791626, 0.40723544359207153, 0.407234787940979, 0.4072318375110626, 0.4072340130805969, 0.40723326802253723, 0.40723320841789246, 0.40723514556884766, 0.40723857283592224, 0.4072359800338745, 0.40723326802253723, 0.40723273158073425, 0.40723347663879395, 0.4072355031967163, 0.40723443031311035, 0.4072391390800476, 0.40723907947540283, 0.40724456310272217, 0.407245397567749, 0.4072417914867401, 0.40724337100982666, 0.4072466194629669, 0.40724387764930725, 0.4072413742542267, 0.4072398245334625, 0.40723463892936707, 0.40723419189453125, 0.4072318971157074, 0.407230943441391, 0.40723252296447754, 0.4072299301624298, 0.4072314500808716, 0.4072275459766388, 0.4072272479534149, 0.4072268009185791, 0.4072268009185791, 0.4072265326976776, 0.407227098941803, 0.40722665190696716, 0.407226026058197, 0.40722617506980896, 0.40722617506980896, 0.4072262644767761, 0.4072265625, 0.4072265923023224, 0.40722617506980896, 0.4072263240814209, 0.40722620487213135, 0.4072261154651642]",0.0,"[32.0, 32.0, 32.0, 32.0, 32.0, 32.0, 31.0, 31.0, 31.0, 29.0, 28.0, 27.0, 25.0, 25.0, 24.0, 23.0, 23.0, 23.0, 23.0, 22.0, 21.0, 20.0, 20.0, 19.0, 19.0, 19.0, 19.0, 19.0, 18.0, 16.0, 16.0, 14.0, 14.0, 13.0, 13.0, 12.0, 10.0, 10.0, 10.0, 10.0, 10.0, 10.0, 7.0, 5.0, 5.0, 4.0, 3.0, 3.0, 1.0, 1.0, 1.0, 1.0, 1.0, 0.0, 0.0, 0.0, 0.0, 0.0, 0.0, 0.0, 0.0, 0.0, 0.0, 0.0, 0.0, 0.0, 0.0, 0.0, 0.0, 0.0, 0.0, 0.0, 0.0, 0.0, 0.0, 0.0, 0.0, 0.0, 0.0, 0.0, 0.0, 0.0, 0.0, 0.0, 0.0, 0.0, 0.0, 0.0, 0.0, 0.0, 0.0, 0.0, 0.0, 0.0, 0.0, 0.0, 0.0, 0.0, 0.0, 0.0, 0.0, 0.0, 0.0, 0.0, 0.0, 0.0, 0.0, 0.0, 0.0, 0.0, 0.0, 0.0, 0.0, 0.0, 0.0, 0.0, 0.0, 0.0, 0.0, 0.0, 0.0, 0.0, 0.0, 0.0, 0.0, 0.0, 0.0, 0.0, 0.0, 0.0, 0.0, 0.0, 0.0, 0.0, 0.0, 0.0, 0.0, 0.0, 0.0, 0.0, 0.0, 0.0, 0.0, 0.0, 0.0, 0.0, 0.0, 0.0, 0.0, 0.0, 0.0, 0.0, 0.0, 0.0, 0.0, 0.0, 0.0, 0.0, 0.0, 0.0, 0.0, 0.0, 0.0, 0.0, 0.0, 0.0, 0.0, 0.0, 0.0, 0.0, 0.0, 0.0, 0.0, 0.0, 0.0, 0.0, 0.0, 0.0, 0.0, 0.0, 0.0, 0.0, 0.0, 0.0, 0.0, 0.0, 0.0, 0.0, 0.0, 0.0, 0.0, 0.0, 0.0, 0.0, 0.0, 0.0, 0.0, 0.0, 0.0, 0.0, 0.0, 0.0, 0.0, 0.0, 0.0, 0.0, 0.0, 0.0, 0.0, 0.0, 0.0, 0.0, 0.0, 0.0, 0.0, 0.0, 0.0, 0.0, 0.0, 0.0, 0.0, 0.0, 0.0, 0.0, 0.0, 0.0, 0.0, 0.0, 0.0, 0.0, 0.0, 0.0, 0.0, 0.0, 0.0, 0.0, 0.0, 0.0, 0.0, 0.0, 0.0, 0.0, 0.0, 0.0, 0.0]",COMPLETE
17,17,0.9240123146681094,2024-08-31 01:21:15.315157,2024-08-31 01:23:48.069818,0 days 00:02:32.754661,4,0.44961900205856536,5,135,0.0015812644356288574,75,0.001288999039512246,0.939,0.9525,19,"[33, 33, 33, 33, 33, 33, 33, 33, 33, 33, 33, 33, 33, 33, 33, 33, 33, 33, 33, 31, 28, 23, 22, 21, 21, 20, 19, 19, 19, 19, 19, 19, 19, 19, 19, 19, 19, 19, 19, 19, 19, 19, 19, 19, 19, 19, 19, 19, 19, 19, 19, 19, 19, 19, 19, 19, 19, 19, 19, 19, 19, 19, 19, 19, 19, 19, 19, 19, 19, 19, 19, 19, 19, 19, 19, 19, 19, 19, 19, 19, 19, 19, 19, 19, 19, 19, 19, 19, 19, 19, 19, 19, 19, 19, 19, 19, 19, 19, 19, 19, 19, 19, 19, 19, 19, 19, 19, 19, 19, 19, 19, 19, 19, 19, 19, 19, 19, 19, 19, 19, 19, 19, 19, 19, 19, 19, 19, 19, 19, 19, 19, 19, 19, 19, 19]",18.96129032258064,"[32.94236559139785, 32.93763440860215, 32.93462365591398, 32.932473118279574, 32.93247311827957, 32.93849462365591, 32.924731182795696, 32.92774193548387, 32.931612903225805, 32.93032258064516, 32.932043010752686, 32.94279569892473, 32.936344086021506, 32.94150537634408, 32.93763440860215, 32.935913978494625, 32.93806451612903, 32.93419354838709, 32.94021505376344, 30.936774193548384, 27.95311827956989, 22.960860215053764, 21.956989247311828, 20.969032258064516, 20.961720430107526, 19.964301075268814, 18.96989247311828, 18.9647311827957, 18.975483870967743, 18.973763440860218, 18.975913978494624, 18.962580645161292, 18.97247311827957, 18.96516129032258, 18.963010752688174, 18.960860215053764, 18.969462365591397, 18.969462365591397, 18.966021505376343, 18.96731182795699, 18.964301075268818, 18.962150537634407, 18.961290322580645, 18.966451612903224, 18.96559139784946, 18.961720430107526, 18.967311827956987, 18.96688172043011, 18.96860215053763, 18.966021505376343, 18.964301075268818, 18.960430107526886, 18.961720430107523, 18.96516129032258, 18.965591397849465, 18.959569892473116, 18.964301075268818, 18.969462365591397, 18.968172043010753, 18.963870967741936, 18.961720430107526, 18.963870967741936, 18.971182795698926, 18.973333333333336, 18.969032258064516, 18.968602150537635, 18.970752688172045, 18.971182795698926, 18.969462365591397, 18.96516129032258, 18.96688172043011, 18.9647311827957, 18.97075268817204, 18.974193548387095, 18.97462365591398, 18.96989247311828, 18.96989247311828, 18.970752688172045, 18.976774193548387, 18.97075268817204, 18.97075268817204, 18.970322580645156, 18.965591397849465, 18.968172043010753, 18.963870967741936, 18.966451612903228, 18.96344086021506, 18.969462365591397, 18.963010752688174, 18.968172043010753, 18.970322580645163, 18.965591397849458, 18.969032258064516, 18.97290322580645, 18.969462365591397, 18.96688172043011, 18.969892473118282, 18.968172043010753, 18.968172043010753, 18.967741935483872, 18.9647311827957, 18.96989247311828, 18.969032258064516, 18.96731182795699, 18.965161290322584, 18.966021505376347, 18.968602150537635, 18.96215053763441, 18.962580645161292, 18.96258064516129, 18.960430107526882, 18.966021505376343, 18.96688172043011, 18.96258064516129, 18.965161290322584, 18.96258064516129, 18.965591397849465, 18.964301075268818, 18.964301075268818, 18.96688172043011, 18.968172043010753, 18.969032258064516, 18.966021505376343, 18.969032258064516, 18.97032258064516, 18.9741935483871, 18.969462365591397, 18.97032258064516, 18.969032258064516, 18.969892473118282, 18.973333333333333, 18.969462365591397, 18.968602150537635, 18.96989247311828, 18.96129032258064]",0.9083876187881341,0.9240123146681094,19,"[33, 33, 33, 33, 33, 33, 33, 33, 33, 33, 33, 33, 33, 33, 33, 33, 33, 33, 33, 31, 28, 23, 22, 21, 21, 20, 19, 19, 19, 19, 19, 19, 19, 19, 19, 19, 19, 19, 19, 19, 19, 19, 19, 19, 19, 19, 19, 19, 19, 19, 19, 19, 19, 19, 19, 19, 19, 19, 19, 19, 19, 19, 19, 19, 19, 19, 19, 19, 19, 19, 19, 19, 19, 19, 19, 19, 19, 19, 19, 19, 19, 19, 19, 19, 19, 19, 19, 19, 19, 19, 19, 19, 19, 19, 19, 19, 19, 19, 19, 19, 19, 19, 19, 19, 19, 19, 19, 19, 19, 19, 19, 19, 19, 19, 19, 19, 19, 19, 19, 19, 19, 19, 19, 19, 19, 19, 19, 19, 19, 19, 19, 19, 19, 19, 19]",135,"[0.38113880157470703, 0.37042170763015747, 0.36321040987968445, 0.3590809106826782, 0.35374003648757935, 0.3489896059036255, 0.3448421359062195, 0.3400527536869049, 0.33527904748916626, 0.3303554058074951, 0.3256717622280121, 0.31972941756248474, 0.3136601746082306, 0.3125147521495819, 0.2996630370616913, 0.2943784296512604, 0.2881968021392822, 0.27958744764328003, 0.2745039761066437, 0.2686622142791748, 0.26656320691108704, 0.25833597779273987, 0.2536243200302124, 0.25158146023750305, 0.24588045477867126, 0.24530912935733795, 0.24092021584510803, 0.24194490909576416, 0.23817962408065796, 0.23442161083221436, 0.23577384650707245, 0.22876405715942383, 0.22787004709243774, 0.22545042634010315, 0.22355541586875916, 0.2227952927350998, 0.22142156958580017, 0.217981219291687, 0.21563401818275452, 0.2178906500339508, 0.21529804170131683, 0.2133156806230545, 0.20946069061756134, 0.2079322636127472, 0.2086964249610901, 0.20718814432621002, 0.2064359039068222, 0.20463600754737854, 0.20438745617866516, 0.2016604095697403, 0.2007971554994583, 0.2012299746274948, 0.20069284737110138, 0.20263084769248962, 0.2077598124742508, 0.19903716444969177, 0.19599758088588715, 0.19501139223575592, 0.19495552778244019, 0.1978943943977356, 0.1923878788948059, 0.1919948011636734, 0.19422265887260437, 0.19234970211982727, 0.18987694382667542, 0.1902846395969391, 0.18883107602596283, 0.18934263288974762, 0.1891375482082367, 0.18856172263622284, 0.1892707496881485, 0.18605777621269226, 0.1900651752948761, 0.18490929901599884, 0.18775029480457306, 0.18660660088062286, 0.18361781537532806, 0.18455328047275543, 0.18412575125694275, 0.18318146467208862, 0.18459755182266235, 0.18523840606212616, 0.18138763308525085, 0.18223242461681366, 0.18249589204788208, 0.18392407894134521, 0.18086761236190796, 0.18691812455654144, 0.18238869309425354, 0.17931590974330902, 0.17975297570228577, 0.1816054880619049, 0.17984718084335327, 0.17737960815429688, 0.178321972489357, 0.17859432101249695, 0.17764636874198914, 0.1776435524225235, 0.17857471108436584, 0.17955563962459564, 0.17679870128631592, 0.17595753073692322, 0.17946098744869232, 0.17675694823265076, 0.17718154191970825, 0.17558471858501434, 0.17701482772827148, 0.17535780370235443, 0.17617250978946686, 0.17433318495750427, 0.17532339692115784, 0.17367179691791534, 0.17409294843673706, 0.17526747286319733, 0.17457203567028046, 0.17640462517738342, 0.17612633109092712, 0.1749916672706604, 0.17341305315494537, 0.17320892214775085, 0.1734572798013687, 0.1751345694065094, 0.17270198464393616, 0.1744707226753235, 0.17673034965991974, 0.17333249747753143, 0.1719822883605957, 0.17329400777816772, 0.174441397190094, 0.17221952974796295, 0.17329350113868713, 0.17098474502563477, 0.17196477949619293, 0.1734752506017685, 0.17206330597400665]",19.0,"[33.0, 33.0, 33.0, 33.0, 33.0, 33.0, 33.0, 33.0, 33.0, 33.0, 33.0, 33.0, 33.0, 33.0, 33.0, 33.0, 33.0, 33.0, 33.0, 31.0, 28.0, 23.0, 22.0, 21.0, 21.0, 20.0, 19.0, 19.0, 19.0, 19.0, 19.0, 19.0, 19.0, 19.0, 19.0, 19.0, 19.0, 19.0, 19.0, 19.0, 19.0, 19.0, 19.0, 19.0, 19.0, 19.0, 19.0, 19.0, 19.0, 19.0, 19.0, 19.0, 19.0, 19.0, 19.0, 19.0, 19.0, 19.0, 19.0, 19.0, 19.0, 19.0, 19.0, 19.0, 19.0, 19.0, 19.0, 19.0, 19.0, 19.0, 19.0, 19.0, 19.0, 19.0, 19.0, 19.0, 19.0, 19.0, 19.0, 19.0, 19.0, 19.0, 19.0, 19.0, 19.0, 19.0, 19.0, 19.0, 19.0, 19.0, 19.0, 19.0, 19.0, 19.0, 19.0, 19.0, 19.0, 19.0, 19.0, 19.0, 19.0, 19.0, 19.0, 19.0, 19.0, 19.0, 19.0, 19.0, 19.0, 19.0, 19.0, 19.0, 19.0, 19.0, 19.0, 19.0, 19.0, 19.0, 19.0, 19.0, 19.0, 19.0, 19.0, 19.0, 19.0, 19.0, 19.0, 19.0, 19.0, 19.0, 19.0, 19.0, 19.0, 19.0, 19.0]",COMPLETE
