,number,value,datetime_start,datetime_complete,duration,params_batch_size_scaler,params_constant_learning_rate,params_depth,params_epochs,params_kernel_l2,params_num_trees,params_temperature,user_attrs_accuracy_test,user_attrs_accuracy_valid,user_attrs_approximate_feature_sparsity,user_attrs_approximate_feature_sparsity_history,user_attrs_approximate_weight_sparsity,user_attrs_approximate_weight_sparsity_history,user_attrs_auc_test,user_attrs_auc_valid,user_attrs_feature_sparsity,user_attrs_feature_sparsity_history,user_attrs_num_epochs,user_attrs_val_loss_history,user_attrs_weight_sparsity,user_attrs_weight_sparsity_history,state
121,121,0.9332225528461567,2024-08-31 06:19:17.121782,2024-08-31 06:28:19.274408,0 days 00:09:02.152626,1,0.023456141855302714,3,500,0.6164060192150673,64,0.00028035486507363183,0.945,0.95875,21,"[33, 33, 33, 33, 33, 33, 33, 33, 33, 33, 33, 33, 33, 33, 33, 33, 33, 33, 33, 33, 33, 33, 33, 33, 33, 33, 33, 33, 33, 33, 33, 33, 33, 33, 33, 33, 33, 33, 33, 33, 33, 33, 33, 33, 33, 33, 33, 33, 33, 33, 33, 33, 33, 33, 33, 33, 33, 33, 33, 33, 33, 33, 33, 33, 33, 33, 33, 33, 33, 33, 33, 33, 33, 33, 33, 33, 33, 33, 33, 33, 33, 33, 33, 33, 33, 33, 33, 33, 33, 33, 33, 33, 33, 33, 33, 33, 33, 33, 33, 31, 30, 30, 29, 28, 28, 28, 27, 26, 25, 25, 24, 24, 24, 23, 23, 23, 23, 23, 23, 23, 23, 23, 23, 23, 23, 23, 23, 23, 23, 23, 23, 23, 23, 23, 23, 23, 23, 23, 23, 23, 23, 23, 23, 23, 23, 23, 23, 23, 23, 22, 22, 22, 22, 22, 22, 22, 22, 22, 22, 22, 22, 22, 21, 21, 21, 21, 21, 21, 21, 21, 21, 21, 21, 21, 21, 21, 21, 21, 21, 21, 21, 21, 21, 21, 21, 21, 21, 21, 21, 21, 21, 21, 21, 21, 21, 21, 21, 21, 21, 21, 21, 21, 21, 21, 21, 21, 21, 21, 21, 21, 21, 21, 21, 21, 21, 21, 21, 21, 21, 21, 21, 21, 21, 21, 21, 21, 21, 21, 21, 21, 21, 21, 21, 21, 21, 21, 21, 21, 21, 21, 21, 21, 21, 21, 21, 21, 21, 21, 21, 21, 21, 21, 21, 21, 21, 21, 21, 21, 21, 21, 21, 21, 21, 21, 21, 21, 21, 21, 21, 21, 21, 21, 21, 21, 21, 21, 21, 21, 21, 21, 21, 21, 21, 21, 21, 21, 21, 21, 21, 21, 21, 21, 21, 21, 21, 21, 21, 21, 21, 21, 21, 21, 21, 21, 21, 21, 21, 21, 21, 21, 21, 21, 21, 21, 21, 21, 21, 21, 21, 21, 21, 21, 21, 21, 21, 21, 21, 21, 21, 21, 21, 21, 21, 21, 21, 21, 21, 21, 21, 21, 21, 21, 21, 21, 21, 21, 21, 21, 21, 21, 21, 21, 21, 21, 21, 21, 21, 21, 21, 21, 21, 21, 21, 21, 21, 21, 21, 21, 21, 21, 21, 21, 21, 21, 21, 21, 21, 21, 21, 21, 21, 21, 21, 21, 21, 21, 21, 21, 21, 21, 21, 21, 21, 21, 21, 21, 21, 21, 21, 21, 21, 21, 21, 21, 21, 21, 21, 21, 21, 21, 21, 21, 21, 21, 21, 21, 21, 21, 21, 21, 21, 21, 21, 21, 21, 21, 21, 21, 21, 21, 21, 21, 21, 21, 21, 21, 21, 21, 21, 21, 21, 21, 21, 21, 21, 21, 21, 21, 21, 21, 21, 21, 21, 21, 21, 21, 21, 21, 21, 21, 21, 21, 21, 21, 21, 21, 21, 21, 21, 21, 21, 21, 21, 21, 21, 21, 21, 21, 21, 21, 21, 21, 21, 21, 21, 21, 21, 21, 21, 21, 21, 21, 21, 21, 21, 21, 21, 21, 21, 21]",20.50446428571429,"[32.950892857142854, 32.97767857142857, 32.984375, 32.973214285714285, 32.966517857142854, 32.97767857142857, 32.96651785714286, 32.96205357142857, 32.98214285714286, 32.97098214285714, 32.973214285714285, 32.964285714285715, 32.96205357142857, 32.96205357142857, 32.955357142857146, 32.96205357142858, 32.953125, 32.95982142857143, 32.97544642857143, 32.964285714285715, 32.95982142857143, 32.948660714285715, 32.953125, 32.948660714285715, 32.95982142857142, 32.97544642857142, 32.973214285714285, 32.964285714285715, 32.96205357142857, 32.964285714285715, 32.973214285714285, 32.964285714285715, 32.973214285714285, 32.96875, 32.95982142857142, 32.950892857142854, 32.95982142857142, 32.955357142857146, 32.953125, 32.95535714285714, 32.9375, 32.941964285714285, 32.95089285714286, 32.957589285714285, 32.950892857142854, 32.948660714285715, 32.948660714285715, 32.92857142857143, 32.95982142857143, 32.95535714285714, 32.94642857142857, 32.96651785714286, 32.948660714285715, 32.94642857142857, 32.953125, 32.933035714285715, 32.97098214285714, 32.95982142857143, 32.94419642857143, 32.9375, 32.9375, 32.91517857142857, 32.935267857142854, 32.941964285714285, 32.95089285714286, 32.9375, 32.933035714285715, 32.935267857142854, 32.93526785714286, 32.93526785714286, 32.941964285714285, 32.941964285714285, 32.939732142857146, 32.939732142857146, 32.92857142857143, 32.921875, 32.93080357142857, 32.92857142857143, 32.93973214285714, 32.933035714285715, 32.92857142857143, 32.919642857142854, 32.926339285714285, 32.94642857142858, 32.94419642857143, 32.93973214285714, 32.93080357142857, 32.94642857142857, 32.94419642857143, 32.917410714285715, 32.94419642857143, 32.93080357142857, 32.935267857142854, 32.93080357142857, 32.92857142857142, 32.9375, 32.926339285714285, 32.92857142857143, 32.91517857142857, 30.91964285714286, 29.924107142857146, 29.92633928571429, 28.92633928571429, 27.917410714285715, 27.935267857142858, 27.908482142857142, 26.912946428571427, 25.921875, 24.930803571428573, 24.94419642857143, 23.93080357142857, 23.9375, 23.926339285714285, 22.921874999999996, 22.915178571428573, 22.915178571428573, 22.908482142857146, 22.935267857142858, 22.910714285714285, 22.921875, 22.912946428571427, 22.924107142857146, 22.91071428571429, 22.91294642857143, 22.941964285714285, 22.935267857142858, 22.926339285714285, 22.939732142857142, 22.939732142857142, 22.933035714285715, 22.912946428571427, 22.921875, 22.89732142857143, 22.910714285714285, 22.928571428571427, 22.928571428571427, 22.928571428571427, 22.935267857142858, 22.921875000000004, 22.924107142857146, 22.910714285714285, 22.91517857142857, 22.924107142857146, 22.91964285714286, 22.926339285714285, 22.921875000000004, 22.912946428571427, 22.892857142857142, 22.883928571428573, 21.908482142857142, 21.917410714285715, 21.908482142857142, 21.924107142857146, 21.926339285714285, 21.92857142857143, 21.904017857142858, 21.91071428571429, 21.917410714285715, 21.915178571428573, 21.892857142857142, 21.899553571428577, 21.90625, 20.917410714285715, 20.919642857142858, 20.917410714285715, 20.901785714285715, 20.895089285714285, 20.890624999999996, 20.872767857142854, 20.892857142857142, 20.879464285714285, 20.88616071428571, 20.895089285714285, 20.904017857142854, 20.870535714285715, 20.881696428571427, 20.886160714285715, 20.892857142857146, 20.89732142857143, 20.888392857142858, 20.904017857142858, 20.890625, 20.89732142857143, 20.90625, 20.90625, 20.908482142857142, 20.899553571428573, 20.886160714285715, 20.888392857142858, 20.917410714285715, 20.904017857142858, 20.908482142857142, 20.91071428571429, 20.897321428571427, 20.90178571428571, 20.890625, 20.88616071428571, 20.88616071428571, 20.895089285714285, 20.897321428571427, 20.901785714285715, 20.904017857142858, 20.908482142857142, 20.886160714285715, 20.901785714285715, 20.904017857142858, 20.899553571428573, 20.892857142857142, 20.897321428571427, 20.89955357142857, 20.892857142857142, 20.881696428571427, 20.87946428571429, 20.881696428571427, 20.88169642857143, 20.868303571428573, 20.85267857142857, 20.854910714285715, 20.872767857142854, 20.86830357142857, 20.892857142857142, 20.888392857142858, 20.875, 20.857142857142858, 20.85044642857143, 20.863839285714285, 20.85714285714286, 20.875, 20.888392857142858, 20.859375, 20.868303571428573, 20.859375, 20.859375, 20.854910714285715, 20.872767857142858, 20.870535714285715, 20.872767857142858, 20.85491071428571, 20.857142857142858, 20.841517857142858, 20.823660714285715, 20.841517857142858, 20.834821428571427, 20.814732142857142, 20.814732142857142, 20.814732142857146, 20.841517857142858, 20.845982142857146, 20.810267857142858, 20.84821428571429, 20.84821428571429, 20.828125, 20.845982142857142, 20.837053571428573, 20.812500000000004, 20.825892857142858, 20.814732142857146, 20.837053571428573, 20.823660714285715, 20.82142857142857, 20.81919642857143, 20.82366071428571, 20.83928571428572, 20.84821428571429, 20.825892857142858, 20.845982142857142, 20.854910714285715, 20.83258928571429, 20.848214285714285, 20.84821428571429, 20.83258928571429, 20.830357142857142, 20.83482142857143, 20.8125, 20.83258928571429, 20.80133928571429, 20.796875, 20.801339285714285, 20.78571428571429, 20.790178571428573, 20.805803571428573, 20.796875, 20.767857142857142, 20.78125, 20.790178571428573, 20.810267857142858, 20.805803571428573, 20.8125, 20.808035714285715, 20.810267857142858, 20.832589285714285, 20.801339285714285, 20.796875000000004, 20.803571428571427, 20.792410714285715, 20.790178571428573, 20.796874999999996, 20.783482142857142, 20.783482142857142, 20.779017857142854, 20.781249999999996, 20.792410714285715, 20.77008928571429, 20.761160714285715, 20.78125, 20.770089285714285, 20.75669642857143, 20.765625, 20.783482142857142, 20.75892857142857, 20.767857142857142, 20.765625, 20.770089285714285, 20.779017857142854, 20.756696428571427, 20.75892857142857, 20.772321428571427, 20.765625, 20.770089285714285, 20.752232142857142, 20.75, 20.763392857142858, 20.76116071428571, 20.758928571428573, 20.75446428571429, 20.765625, 20.770089285714285, 20.754464285714285, 20.745535714285715, 20.74107142857143, 20.76339285714286, 20.754464285714285, 20.712053571428573, 20.77678571428572, 20.72321428571429, 20.745535714285715, 20.743303571428573, 20.75, 20.732142857142858, 20.712053571428573, 20.72544642857143, 20.723214285714285, 20.705357142857146, 20.698660714285715, 20.729910714285715, 20.703125000000004, 20.705357142857142, 20.691964285714285, 20.714285714285715, 20.667410714285715, 20.687499999999996, 20.674107142857142, 20.671875, 20.656249999999996, 20.667410714285715, 20.671875, 20.680803571428577, 20.65625, 20.680803571428573, 20.676339285714285, 20.6875, 20.685267857142858, 20.676339285714285, 20.68080357142857, 20.680803571428573, 20.698660714285715, 20.676339285714285, 20.703125000000004, 20.689732142857142, 20.667410714285715, 20.69419642857143, 20.689732142857146, 20.712053571428573, 20.70982142857143, 20.689732142857142, 20.703125, 20.70982142857143, 20.712053571428573, 20.691964285714285, 20.69642857142857, 20.703125, 20.6875, 20.683035714285715, 20.70758928571429, 20.703125, 20.674107142857142, 20.680803571428573, 20.68080357142857, 20.674107142857142, 20.680803571428573, 20.689732142857142, 20.67857142857143, 20.674107142857142, 20.689732142857142, 20.685267857142854, 20.674107142857146, 20.674107142857146, 20.667410714285715, 20.689732142857142, 20.671874999999996, 20.68303571428571, 20.69866071428571, 20.671875, 20.669642857142854, 20.660714285714285, 20.651785714285715, 20.654017857142858, 20.63392857142857, 20.624999999999996, 20.633928571428573, 20.633928571428573, 20.63392857142857, 20.613839285714285, 20.613839285714285, 20.604910714285715, 20.595982142857142, 20.58705357142857, 20.613839285714285, 20.598214285714285, 20.609375, 20.604910714285715, 20.58705357142857, 20.58482142857143, 20.584821428571427, 20.57366071428571, 20.58482142857143, 20.59375, 20.584821428571427, 20.580357142857142, 20.575892857142858, 20.56696428571429, 20.575892857142858, 20.575892857142858, 20.566964285714285, 20.573660714285715, 20.56919642857143, 20.549107142857146, 20.55357142857143, 20.540178571428573, 20.544642857142858, 20.524553571428566, 20.54241071428571, 20.53571428571428, 20.52455357142857, 20.54017857142857, 20.544642857142854, 20.511160714285715, 20.524553571428573, 20.517857142857142, 20.522321428571427, 20.488839285714285, 20.506696428571427, 20.515624999999996, 20.506696428571427, 20.49330357142857, 20.531250000000004, 20.50892857142857, 20.500000000000004, 20.500000000000004, 20.486607142857142, 20.515624999999996, 20.51116071428571, 20.497767857142858, 20.497767857142858, 20.51116071428571, 20.482142857142858, 20.497767857142858, 20.491071428571427, 20.533482142857142, 20.482142857142854, 20.491071428571427, 20.551339285714285, 20.50892857142857, 20.482142857142858, 20.524553571428573, 20.486607142857146, 20.488839285714285, 20.47767857142857, 20.508928571428573, 20.533482142857146, 20.549107142857146, 20.49107142857143, 20.517857142857142, 20.508928571428573, 20.515625, 20.52901785714286, 20.54241071428572, 20.502232142857142, 20.502232142857146, 20.508928571428573, 20.50669642857143, 20.508928571428573, 20.500000000000004, 20.49776785714286, 20.493303571428573, 20.513392857142858, 20.502232142857142, 20.52008928571429, 20.502232142857146, 20.50446428571429]",0.9167595505246906,0.9332225528461567,21,"[33, 33, 33, 33, 33, 33, 33, 33, 33, 33, 33, 33, 33, 33, 33, 33, 33, 33, 33, 33, 33, 33, 33, 33, 33, 33, 33, 33, 33, 33, 33, 33, 33, 33, 33, 33, 33, 33, 33, 33, 33, 33, 33, 33, 33, 33, 33, 33, 33, 33, 33, 33, 33, 33, 33, 33, 33, 33, 33, 33, 33, 33, 33, 33, 33, 33, 33, 33, 33, 33, 33, 33, 33, 33, 33, 33, 33, 33, 33, 33, 33, 33, 33, 33, 33, 33, 33, 33, 33, 33, 33, 33, 33, 33, 33, 33, 33, 33, 33, 31, 30, 30, 29, 28, 28, 28, 27, 26, 25, 25, 24, 24, 24, 23, 23, 23, 23, 23, 23, 23, 23, 23, 23, 23, 23, 23, 23, 23, 23, 23, 23, 23, 23, 23, 23, 23, 23, 23, 23, 23, 23, 23, 23, 23, 23, 23, 23, 23, 23, 22, 22, 22, 22, 22, 22, 22, 22, 22, 22, 22, 22, 22, 21, 21, 21, 21, 21, 21, 21, 21, 21, 21, 21, 21, 21, 21, 21, 21, 21, 21, 21, 21, 21, 21, 21, 21, 21, 21, 21, 21, 21, 21, 21, 21, 21, 21, 21, 21, 21, 21, 21, 21, 21, 21, 21, 21, 21, 21, 21, 21, 21, 21, 21, 21, 21, 21, 21, 21, 21, 21, 21, 21, 21, 21, 21, 21, 21, 21, 21, 21, 21, 21, 21, 21, 21, 21, 21, 21, 21, 21, 21, 21, 21, 21, 21, 21, 21, 21, 21, 21, 21, 21, 21, 21, 21, 21, 21, 21, 21, 21, 21, 21, 21, 21, 21, 21, 21, 21, 21, 21, 21, 21, 21, 21, 21, 21, 21, 21, 21, 21, 21, 21, 21, 21, 21, 21, 21, 21, 21, 21, 21, 21, 21, 21, 21, 21, 21, 21, 21, 21, 21, 21, 21, 21, 21, 21, 21, 21, 21, 21, 21, 21, 21, 21, 21, 21, 21, 21, 21, 21, 21, 21, 21, 21, 21, 21, 21, 21, 21, 21, 21, 21, 21, 21, 21, 21, 21, 21, 21, 21, 21, 21, 21, 21, 21, 21, 21, 21, 21, 21, 21, 21, 21, 21, 21, 21, 21, 21, 21, 21, 21, 21, 21, 21, 21, 21, 21, 21, 21, 21, 21, 21, 21, 21, 21, 21, 21, 21, 21, 21, 21, 21, 21, 21, 21, 21, 21, 21, 21, 21, 21, 21, 21, 21, 21, 21, 21, 21, 21, 21, 21, 21, 21, 21, 21, 21, 21, 21, 21, 21, 21, 21, 21, 21, 21, 21, 21, 21, 21, 21, 21, 21, 21, 21, 21, 21, 21, 21, 21, 21, 21, 21, 21, 21, 21, 21, 21, 21, 21, 21, 21, 21, 21, 21, 21, 21, 21, 21, 21, 21, 21, 21, 21, 21, 21, 21, 21, 21, 21, 21, 21, 21, 21, 21, 21, 21, 21, 21, 21, 21, 21, 21, 21, 21, 21, 21, 21, 21, 21, 21, 21, 21, 21, 21, 21, 21, 21, 21, 21, 21, 21, 21, 21, 21, 21, 21, 21, 21, 21, 21]",500,"[0.47066542506217957, 0.4591723680496216, 0.45114123821258545, 0.4458531141281128, 0.44151949882507324, 0.4367821514606476, 0.4321562945842743, 0.42922404408454895, 0.42593204975128174, 0.420695424079895, 0.4194556772708893, 0.41418009996414185, 0.41166868805885315, 0.40731021761894226, 0.4051343500614166, 0.401399701833725, 0.3988809585571289, 0.397765576839447, 0.3942708969116211, 0.3911805748939514, 0.3888631761074066, 0.3856948912143707, 0.38734546303749084, 0.380867600440979, 0.37870144844055176, 0.3763052821159363, 0.37426528334617615, 0.3719475567340851, 0.36956170201301575, 0.36734646558761597, 0.36526423692703247, 0.36272117495536804, 0.36076274514198303, 0.3584037125110626, 0.3572106659412384, 0.3537219762802124, 0.351797491312027, 0.34907791018486023, 0.34716546535491943, 0.3463732600212097, 0.34578827023506165, 0.34427207708358765, 0.33854639530181885, 0.33652785420417786, 0.3342163860797882, 0.33147698640823364, 0.3305254280567169, 0.32723069190979004, 0.32534369826316833, 0.322307288646698, 0.3205326795578003, 0.32161280512809753, 0.3175073564052582, 0.31579384207725525, 0.3126380741596222, 0.31085237860679626, 0.31154412031173706, 0.3074837028980255, 0.30630427598953247, 0.3041589856147766, 0.30277037620544434, 0.3014502227306366, 0.30020806193351746, 0.2988278865814209, 0.2981075048446655, 0.2962549924850464, 0.2947755753993988, 0.2935362160205841, 0.2930675745010376, 0.2912960350513458, 0.29040253162384033, 0.28939899802207947, 0.2885081171989441, 0.28748878836631775, 0.2868870496749878, 0.28525736927986145, 0.2848494052886963, 0.2834342420101166, 0.28359463810920715, 0.2827740013599396, 0.2815931737422943, 0.2835896611213684, 0.27936482429504395, 0.27776822447776794, 0.2774311304092407, 0.27620503306388855, 0.2755863666534424, 0.2743796110153198, 0.2738097310066223, 0.27316540479660034, 0.2719537317752838, 0.27136874198913574, 0.2727047801017761, 0.270059198141098, 0.2701065242290497, 0.2692142426967621, 0.2679156959056854, 0.2687655985355377, 0.2681581377983093, 0.26700595021247864, 0.2665775716304779, 0.2637786865234375, 0.2656658887863159, 0.2631393074989319, 0.26340633630752563, 0.26297011971473694, 0.2630403935909271, 0.2614634037017822, 0.2593425512313843, 0.25917500257492065, 0.2584773004055023, 0.25811129808425903, 0.2570927143096924, 0.25629574060440063, 0.2537630498409271, 0.25489556789398193, 0.2535884976387024, 0.25585925579071045, 0.2563667595386505, 0.25227564573287964, 0.2516500651836395, 0.25279030203819275, 0.25643783807754517, 0.25174686312675476, 0.2527722418308258, 0.25066694617271423, 0.2493048459291458, 0.2499338537454605, 0.24899417161941528, 0.24986422061920166, 0.24844947457313538, 0.2480650097131729, 0.24691295623779297, 0.24606478214263916, 0.2457064837217331, 0.24555814266204834, 0.2514077425003052, 0.24534565210342407, 0.2459162324666977, 0.2444406896829605, 0.24456535279750824, 0.24673116207122803, 0.24350392818450928, 0.24492275714874268, 0.24414990842342377, 0.24287943542003632, 0.24384307861328125, 0.24206897616386414, 0.2443666309118271, 0.24088533222675323, 0.23989535868167877, 0.24019889533519745, 0.2393263429403305, 0.24167682230472565, 0.23973532021045685, 0.23759326338768005, 0.23736724257469177, 0.23720678687095642, 0.23771142959594727, 0.23718313872814178, 0.2365039587020874, 0.23587049543857574, 0.2380782663822174, 0.2355480045080185, 0.23539987206459045, 0.23528127372264862, 0.23366321623325348, 0.23309148848056793, 0.2330540269613266, 0.2326386272907257, 0.2343413531780243, 0.2371130734682083, 0.23370879888534546, 0.2349487543106079, 0.23227982223033905, 0.23210370540618896, 0.2309592217206955, 0.230821430683136, 0.23258520662784576, 0.23379582166671753, 0.23042036592960358, 0.2324068397283554, 0.2305448204278946, 0.23317690193653107, 0.22865164279937744, 0.22920846939086914, 0.22932706773281097, 0.2286071926355362, 0.2294515073299408, 0.23068146407604218, 0.22918058931827545, 0.2283301204442978, 0.2291157841682434, 0.2268051952123642, 0.2256910353899002, 0.23062169551849365, 0.22689281404018402, 0.22717918455600739, 0.22621271014213562, 0.2279035896062851, 0.22569774091243744, 0.2275323122739792, 0.22735868394374847, 0.22553768754005432, 0.22620263695716858, 0.22648343443870544, 0.22745011746883392, 0.22626322507858276, 0.22751064598560333, 0.22623346745967865, 0.2253189980983734, 0.2242700159549713, 0.2236035168170929, 0.22342008352279663, 0.2246534526348114, 0.22467981278896332, 0.2274777591228485, 0.22748824954032898, 0.2243441939353943, 0.22327162325382233, 0.22306270897388458, 0.22062765061855316, 0.22285343706607819, 0.22662517428398132, 0.22311583161354065, 0.22103051841259003, 0.22009897232055664, 0.22350357472896576, 0.22150163352489471, 0.22030141949653625, 0.22072330117225647, 0.2222277671098709, 0.22085659205913544, 0.21995539963245392, 0.2220880091190338, 0.2199845165014267, 0.22117206454277039, 0.22073112428188324, 0.22074230015277863, 0.2175721377134323, 0.2181801050901413, 0.2197231501340866, 0.2184751331806183, 0.21924470365047455, 0.21900440752506256, 0.21973948180675507, 0.21778006851673126, 0.22089684009552002, 0.2212524265050888, 0.22089199721813202, 0.2189541757106781, 0.21670489013195038, 0.21661020815372467, 0.2201213389635086, 0.22075435519218445, 0.218009352684021, 0.21729688346385956, 0.21938928961753845, 0.21508178114891052, 0.21617385745048523, 0.21757811307907104, 0.21487829089164734, 0.21728357672691345, 0.2178984433412552, 0.2162015289068222, 0.21513497829437256, 0.21501664817333221, 0.2142498791217804, 0.21529272198677063, 0.21707946062088013, 0.21615789830684662, 0.2143634557723999, 0.21356186270713806, 0.2152007818222046, 0.2127673327922821, 0.21388882398605347, 0.21725279092788696, 0.21600505709648132, 0.21651990711688995, 0.214073047041893, 0.2154577225446701, 0.2132476419210434, 0.21570035815238953, 0.21508333086967468, 0.21329078078269958, 0.2162434160709381, 0.21329335868358612, 0.21460823714733124, 0.2156079262495041, 0.21116140484809875, 0.21346957981586456, 0.21438392996788025, 0.2141737937927246, 0.21242490410804749, 0.21100212633609772, 0.21537166833877563, 0.21336473524570465, 0.21595972776412964, 0.21893253922462463, 0.21276052296161652, 0.2133171111345291, 0.21326251327991486, 0.21277734637260437, 0.21235811710357666, 0.2134205400943756, 0.2105272114276886, 0.21191155910491943, 0.2116161733865738, 0.21591010689735413, 0.21144449710845947, 0.21360459923744202, 0.21110799908638, 0.20969396829605103, 0.20982955396175385, 0.2143295854330063, 0.21045956015586853, 0.21408893167972565, 0.21330758929252625, 0.2121865302324295, 0.20959991216659546, 0.21205709874629974, 0.20965631306171417, 0.2091132551431656, 0.21118830144405365, 0.21040523052215576, 0.21358276903629303, 0.20836809277534485, 0.2109503597021103, 0.21079188585281372, 0.20957939326763153, 0.2097000926733017, 0.20696549117565155, 0.20908688008785248, 0.21373333036899567, 0.20791250467300415, 0.2076330929994583, 0.20727451145648956, 0.20632551610469818, 0.21038073301315308, 0.21230953931808472, 0.21438369154930115, 0.20861539244651794, 0.21220272779464722, 0.20953354239463806, 0.2062186300754547, 0.2093522697687149, 0.2071828693151474, 0.2080652117729187, 0.20923390984535217, 0.2074802815914154, 0.20680858194828033, 0.20715799927711487, 0.20521600544452667, 0.206418976187706, 0.21049776673316956, 0.208267480134964, 0.20728935301303864, 0.2055463045835495, 0.21020419895648956, 0.20762735605239868, 0.2062399983406067, 0.20679336786270142, 0.20511120557785034, 0.20538416504859924, 0.20496636629104614, 0.20662689208984375, 0.20594534277915955, 0.20603063702583313, 0.2048386186361313, 0.20411323010921478, 0.2055513560771942, 0.20465412735939026, 0.2066127210855484, 0.2073133885860443, 0.2057257890701294, 0.2028721570968628, 0.20