,number,value,datetime_start,datetime_complete,duration,params_batch_size_scaler,params_constant_learning_rate,params_depth,params_epochs,params_kernel_l2,params_num_trees,params_temperature,user_attrs_accuracy_test,user_attrs_accuracy_valid,user_attrs_approximate_feature_sparsity,user_attrs_approximate_feature_sparsity_history,user_attrs_approximate_weight_sparsity,user_attrs_approximate_weight_sparsity_history,user_attrs_auc_test,user_attrs_auc_valid,user_attrs_feature_sparsity,user_attrs_feature_sparsity_history,user_attrs_num_epochs,user_attrs_val_loss_history,user_attrs_weight_sparsity,user_attrs_weight_sparsity_history,state
69,69,0.8731563421828908,2024-08-31 03:50:35.619977,2024-08-31 03:51:42.803513,0 days 00:01:07.183536,16,0.023030403813894162,2,445,0.042608798769927396,23,0.0007246610998636049,0.882,0.8775,33,"[33, 33, 33, 33, 33, 33, 33, 33, 33, 33, 33, 33, 33, 33, 33, 33, 33, 33, 33, 33, 33, 33, 33, 33, 33, 33, 33, 33, 33, 33, 33, 33, 33, 33, 33, 33, 33, 33, 33, 33, 33, 33, 33, 33, 33, 33, 33, 33, 33, 33, 33, 33, 33, 33, 33, 33, 33, 33, 33, 33, 33, 33, 33, 33, 33, 33, 33, 33, 33, 33, 33, 33, 33, 33, 33, 33, 33, 33, 33, 33, 33, 33, 33, 33, 33, 33, 33, 33, 33, 33, 33, 33, 33, 33, 33, 33, 33, 33, 33, 33, 33, 33, 33, 33, 33, 33, 33, 33, 33, 33, 33, 33, 33, 33, 33, 33, 33, 33, 33, 33, 33, 33, 33, 33, 33, 33, 33, 33, 33, 33, 33, 33, 33, 33, 33, 33, 33, 33, 33, 33, 33, 33, 33, 33, 33, 33, 33, 33, 33, 33, 33, 33, 33, 33, 33, 33, 33, 33, 33, 33, 33, 33, 33, 33, 33, 33, 33, 33, 33, 33, 33, 33, 33, 33, 33, 33, 33, 33, 33, 33, 33, 33, 33, 33, 33, 33, 33, 33, 33, 33, 33, 33, 33, 33, 33, 33, 33, 33, 33, 33, 33, 33, 33, 33, 33, 33, 33, 33, 33, 33, 33, 33, 33, 33, 33, 33, 33, 33, 33, 33, 33, 33, 33, 33, 33, 33, 33, 33, 33, 33, 33, 33, 33, 33, 33, 33, 33, 33, 33, 33, 33, 33, 33, 33, 33, 33, 33, 33, 33, 33, 33, 33, 33, 33, 33, 33, 33, 33, 33, 33, 33, 33, 33, 33, 33, 33, 33, 33, 33, 33, 33, 33, 33, 33, 33, 33, 33, 33, 33, 33, 33, 33, 33, 33, 33, 33, 33, 33, 33, 33, 33, 33, 33, 33, 33, 33, 33, 33, 33, 33, 33, 33, 33, 33, 33, 33, 33, 33, 33, 33, 33, 33, 33, 33, 33, 33, 33, 33, 33, 33, 33, 33, 33, 33, 33, 33, 33, 33, 33, 33, 33, 33, 33, 33, 33, 33, 33, 33, 33, 33, 33, 33, 33, 33, 33, 33, 33, 33, 33, 33, 33, 33, 33, 33, 33, 33, 33, 33, 33, 33, 33, 33, 33, 33, 33, 33, 33, 33, 33, 33, 33, 33, 33, 33, 33, 33, 33, 33, 33, 33, 33, 33, 33, 33, 33, 33, 33, 33, 33, 33, 33, 33, 33, 33, 33, 33, 33, 33, 33, 33, 33, 33, 33, 33, 33, 33, 33, 33, 33, 33, 33, 33, 33, 33, 33, 33, 33, 33, 33, 33, 33, 33, 33, 33, 33, 33, 33, 33, 33, 33, 33, 33, 33, 33, 33, 33, 33, 33, 33, 33, 33, 33, 33, 33, 33]",32.98550724637681,"[32.98550724637681, 33.0, 32.98550724637681, 33.0, 32.98550724637681, 32.98550724637681, 32.98550724637681, 33.0, 33.0, 32.971014492753625, 33.0, 33.0, 32.98550724637681, 32.98550724637681, 33.0, 33.0, 33.0, 32.98550724637681, 33.0, 33.0, 33.0, 32.98550724637681, 32.98550724637681, 32.98550724637681, 32.98550724637681, 32.98550724637681, 32.98550724637681, 33.0, 33.0, 33.0, 33.0, 33.0, 33.0, 32.98550724637681, 32.98550724637681, 33.0, 32.95652173913044, 33.0, 32.98550724637681, 32.98550724637681, 32.98550724637681, 33.0, 33.0, 33.0, 32.98550724637681, 32.98550724637681, 32.95652173913044, 32.971014492753625, 33.0, 33.0, 33.0, 33.0, 32.98550724637681, 33.0, 32.98550724637681, 32.98550724637681, 32.98550724637681, 33.0, 32.98550724637681, 32.98550724637681, 33.0, 33.0, 33.0, 32.98550724637681, 32.971014492753625, 33.0, 32.98550724637681, 33.0, 32.98550724637681, 32.98550724637681, 32.971014492753625, 32.98550724637681, 32.971014492753625, 32.98550724637681, 32.971014492753625, 32.971014492753625, 32.971014492753625, 32.98550724637681, 32.98550724637681, 32.98550724637681, 32.98550724637681, 33.0, 33.0, 33.0, 33.0, 32.971014492753625, 32.98550724637681, 32.98550724637681, 33.0, 33.0, 33.0, 33.0, 33.0, 33.0, 33.0, 33.0, 32.98550724637681, 32.98550724637681, 32.95652173913044, 32.971014492753625, 32.971014492753625, 32.95652173913044, 32.95652173913044, 32.95652173913044, 32.95652173913044, 32.971014492753625, 32.971014492753625, 32.98550724637681, 32.98550724637681, 32.98550724637681, 33.0, 32.98550724637681, 33.0, 33.0, 33.0, 32.98550724637681, 32.98550724637681, 33.0, 32.98550724637681, 32.98550724637681, 32.98550724637681, 32.98550724637681, 32.971014492753625, 32.95652173913044, 32.971014492753625, 32.971014492753625, 32.971014492753625, 32.98550724637681, 32.95652173913044, 32.98550724637681, 32.98550724637681, 32.98550724637681, 32.98550724637681, 32.98550724637681, 32.98550724637681, 32.98550724637681, 32.98550724637681, 32.98550724637681, 32.95652173913044, 32.971014492753625, 32.98550724637681, 32.98550724637681, 32.971014492753625, 33.0, 33.0, 33.0, 32.98550724637681, 33.0, 33.0, 33.0, 32.98550724637681, 32.98550724637681, 33.0, 32.98550724637681, 32.98550724637681, 32.971014492753625, 32.98550724637681, 32.98550724637681, 33.0, 32.98550724637681, 33.0, 33.0, 32.98550724637681, 32.98550724637681, 33.0, 33.0, 33.0, 33.0, 33.0, 33.0, 33.0, 33.0, 33.0, 32.98550724637681, 32.98550724637681, 32.98550724637681, 32.98550724637681, 32.98550724637681, 33.0, 33.0, 33.0, 33.0, 33.0, 32.98550724637681, 32.98550724637681, 32.98550724637681, 32.98550724637681, 32.98550724637681, 32.98550724637681, 32.971014492753625, 32.971014492753625, 32.971014492753625, 32.971014492753625, 32.98550724637681, 32.971014492753625, 32.971014492753625, 32.98550724637681, 32.98550724637681, 32.971014492753625, 32.95652173913044, 32.971014492753625, 32.971014492753625, 32.971014492753625, 32.971014492753625, 32.98550724637681, 33.0, 32.98550724637681, 33.0, 33.0, 32.98550724637681, 33.0, 33.0, 33.0, 33.0, 32.98550724637681, 32.98550724637681, 32.98550724637681, 33.0, 32.971014492753625, 32.95652173913044, 32.98550724637681, 32.98550724637681, 32.98550724637681, 32.98550724637681, 32.98550724637681, 32.98550724637681, 32.98550724637681, 32.98550724637681, 32.98550724637681, 32.98550724637681, 32.971014492753625, 32.98550724637681, 33.0, 33.0, 33.0, 33.0, 32.98550724637681, 32.98550724637681, 33.0, 32.98550724637681, 32.98550724637681, 32.971014492753625, 32.971014492753625, 32.971014492753625, 32.98550724637681, 32.98550724637681, 32.98550724637681, 32.971014492753625, 32.98550724637681, 32.98550724637681, 32.971014492753625, 33.0, 33.0, 33.0, 33.0, 32.98550724637681, 32.98550724637681, 32.98550724637681, 32.98550724637681, 32.98550724637681, 32.971014492753625, 32.971014492753625, 32.98550724637681, 32.98550724637681, 32.971014492753625, 33.0, 33.0, 33.0, 32.98550724637681, 32.98550724637681, 33.0, 33.0, 33.0, 32.971014492753625, 32.98550724637681, 32.98550724637681, 33.0, 33.0, 33.0, 33.0, 32.98550724637681, 32.98550724637681, 32.95652173913044, 32.98550724637681, 32.98550724637681, 32.98550724637681, 32.98550724637681, 32.98550724637681, 32.94202898550725, 32.95652173913044, 32.95652173913044, 32.98550724637681, 32.98550724637681, 32.971014492753625, 32.971014492753625, 32.971014492753625, 32.95652173913044, 32.94202898550725, 32.95652173913044, 32.95652173913044, 32.95652173913044, 32.971014492753625, 32.971014492753625, 32.971014492753625, 32.971014492753625, 32.971014492753625, 32.95652173913044, 32.971014492753625, 32.971014492753625, 32.971014492753625, 32.98550724637681, 32.98550724637681, 32.95652173913044, 32.971014492753625, 32.98550724637681, 32.98550724637681, 32.971014492753625, 32.95652173913044, 32.98550724637681, 32.98550724637681, 32.98550724637681, 32.98550724637681, 32.98550724637681, 32.98550724637681, 32.98550724637681, 32.971014492753625, 32.98550724637681, 32.98550724637681, 32.98550724637681, 32.98550724637681, 32.98550724637681, 32.95652173913044, 32.98550724637681, 32.98550724637681, 32.98550724637681, 32.971014492753625, 32.98550724637681, 32.98550724637681, 32.98550724637681, 32.98550724637681, 32.98550724637681, 33.0, 33.0, 33.0, 33.0, 33.0, 33.0, 33.0, 33.0, 33.0, 32.98550724637681, 32.98550724637681, 33.0, 32.98550724637681, 32.95652173913044, 32.971014492753625, 33.0, 33.0, 33.0, 33.0, 33.0, 33.0, 33.0, 33.0, 33.0, 32.971014492753625, 32.971014492753625, 32.971014492753625, 32.95652173913044, 32.95652173913044, 32.971014492753625, 32.95652173913044, 32.95652173913044, 32.971014492753625, 32.95652173913044, 32.95652173913044, 32.971014492753625, 32.95652173913044, 32.95652173913044, 32.98550724637681, 32.98550724637681, 32.98550724637681, 32.98550724637681, 32.95652173913044, 32.95652173913044, 32.971014492753625, 32.971014492753625, 32.95652173913044, 32.971014492753625, 32.98550724637681, 33.0, 33.0, 33.0, 32.98550724637681, 33.0, 33.0, 33.0, 33.0, 33.0, 33.0, 32.98550724637681, 32.98550724637681, 32.971014492753625, 32.95652173913044, 32.95652173913044, 32.971014492753625, 32.971014492753625, 33.0, 33.0, 33.0, 32.971014492753625, 32.98550724637681, 32.98550724637681, 32.95652173913044, 33.0, 33.0, 32.98550724637681, 32.971014492753625, 32.971014492753625, 32.94202898550725, 32.91304347826087, 32.927536231884055, 32.95652173913044, 32.971014492753625, 32.971014492753625, 32.94202898550725, 32.971014492753625, 32.971014492753625, 32.971014492753625, 32.971014492753625, 32.971014492753625, 32.971014492753625, 32.98550724637681, 32.98550724637681, 32.971014492753625, 32.95652173913044, 32.95652173913044, 32.971014492753625, 32.971014492753625, 32.971014492753625, 32.971014492753625, 32.98550724637681, 32.98550724637681, 32.98550724637681, 32.98550724637681]",0.871390946094337,0.8731563421828908,33,"[33, 33, 33, 33, 33, 33, 33, 33, 33, 33, 33, 33, 33, 33, 33, 33, 33, 33, 33, 33, 33, 33, 33, 33, 33, 33, 33, 33, 33, 33, 33, 33, 33, 33, 33, 33, 33, 33, 33, 33, 33, 33, 33, 33, 33, 33, 33, 33, 33, 33, 33, 33, 33, 33, 33, 33, 33, 33, 33, 33, 33, 33, 33, 33, 33, 33, 33, 33, 33, 33, 33, 33, 33, 33, 33, 33, 33, 33, 33, 33, 33, 33, 33, 33, 33, 33, 33, 33, 33, 33, 33, 33, 33, 33, 33, 33, 33, 33, 33, 33, 33, 33, 33, 33, 33, 33, 33, 33, 33, 33, 33, 33, 33, 33, 33, 33, 33, 33, 33, 33, 33, 33, 33, 33, 33, 33, 33, 33, 33, 33, 33, 33, 33, 33, 33, 33, 33, 33, 33, 33, 33, 33, 33, 33, 33, 33, 33, 33, 33, 33, 33, 33, 33, 33, 33, 33, 33, 33, 33, 33, 33, 33, 33, 33, 33, 33, 33, 33, 33, 33, 33, 33, 33, 33, 33, 33, 33, 33, 33, 33, 33, 33, 33, 33, 33, 33, 33, 33, 33, 33, 33, 33, 33, 33, 33, 33, 33, 33, 33, 33, 33, 33, 33, 33, 33, 33, 33, 33, 33, 33, 33, 33, 33, 33, 33, 33, 33, 33, 33, 33, 33, 33, 33, 33, 33, 33, 33, 33, 33, 33, 33, 33, 33, 33, 33, 33, 33, 33, 33, 33, 33, 33, 33, 33, 33, 33, 33, 33, 33, 33, 33, 33, 33, 33, 33, 33, 33, 33, 33, 33, 33, 33, 33, 33, 33, 33, 33, 33, 33, 33, 33, 33, 33, 33, 33, 33, 33, 33, 33, 33, 33, 33, 33, 33, 33, 33, 33, 33, 33, 33, 33, 33, 33, 33, 33, 33, 33, 33, 33, 33, 33, 33, 33, 33, 33, 33, 33, 33, 33, 33, 33, 33, 33, 33, 33, 33, 33, 33, 33, 33, 33, 33, 33, 33, 33, 33, 33, 33, 33, 33, 33, 33, 33, 33, 33, 33, 33, 33, 33, 33, 33, 33, 33, 33, 33, 33, 33, 33, 33, 33, 33, 33, 33, 33, 33, 33, 33, 33, 33, 33, 33, 33, 33, 33, 33, 33, 33, 33, 33, 33, 33, 33, 33, 33, 33, 33, 33, 33, 33, 33, 33, 33, 33, 33, 33, 33, 33, 33, 33, 33, 33, 33, 33, 33, 33, 33, 33, 33, 33, 33, 33, 33, 33, 33, 33, 33, 33, 33, 33, 33, 33, 33, 33, 33, 33, 33, 33, 33, 33, 33, 33, 33, 33, 33, 33, 33, 33, 33, 33, 33, 33, 33, 33, 33, 33, 33, 33, 33, 33, 33, 33, 33, 33, 33, 33]",445,"[0.4580259323120117, 0.43769901990890503, 0.43041688203811646, 0.4270350933074951, 0.4248350262641907, 0.4230555593967438, 0.42155998945236206, 0.4201752543449402, 0.4189636707305908, 0.4177437722682953, 0.4166191816329956, 0.4156029522418976, 0.4146255850791931, 0.41367802023887634, 0.41281262040138245, 0.41193345189094543, 0.41111117601394653, 0.4103817045688629, 0.4096190631389618, 0.408915638923645, 0.408241868019104, 0.4075759947299957, 0.40696796774864197, 0.40635955333709717, 0.4057828485965729, 0.40520036220550537, 0.4046298563480377, 0.404075026512146, 0.4035881459712982, 0.4031139314174652, 0.40260985493659973, 0.40214061737060547, 0.40162426233291626, 0.4012106955051422, 0.4007619023323059, 0.40033748745918274, 0.399946391582489, 0.39960014820098877, 0.3991647958755493, 0.39881831407546997, 0.3985062539577484, 0.39814403653144836, 0.3977160155773163, 0.3973649740219116, 0.39696988463401794, 0.3966313600540161, 0.3962240517139435, 0.39590203762054443, 0.3955809772014618, 0.39524245262145996, 0.39493075013160706, 0.39457863569259644, 0.39425280690193176, 0.3939560651779175, 0.3936764597892761, 0.3933440148830414, 0.3929983973503113, 0.3927293121814728, 0.39240744709968567, 0.39209070801734924, 0.3917999565601349, 0.3915106952190399, 0.3912658393383026, 0.3909851908683777, 0.3906264901161194, 0.3903149366378784, 0.39002010226249695, 0.3898063004016876, 0.389478862285614, 0.3891522288322449, 0.3889221251010895, 0.3886127471923828, 0.38834044337272644, 0.3881337344646454, 0.38785937428474426, 0.3875991106033325, 0.38733169436454773, 0.38705238699913025, 0.3867992162704468, 0.3865298926830292, 0.38631293177604675, 0.38599446415901184, 0.3857690691947937, 0.3855205774307251, 0.385184109210968, 0.3848680257797241, 0.38461029529571533, 0.3844289481639862, 0.3841626048088074, 0.383909672498703, 0.383560448884964, 0.383284330368042, 0.38304027915000916, 0.3828222155570984, 0.3825092017650604, 0.38227444887161255, 0.38200855255126953, 0.38177013397216797, 0.3816140294075012, 0.3813420534133911, 0.38102132081985474, 0.38076984882354736, 0.3804720640182495, 0.3802705407142639, 0.38008177280426025, 0.3798271119594574, 0.37952369451522827, 0.37925994396209717, 0.37900444865226746, 0.3787834942340851, 0.3784880042076111, 0.37826526165008545, 0.3780282735824585, 0.3777516484260559, 0.37759697437286377, 0.3773130476474762, 0.37702614068984985, 0.37681305408477783, 0.37655219435691833, 0.3762885332107544, 0.37601786851882935, 0.37578871846199036, 0.3756178319454193, 0.3754384517669678, 0.3751654028892517, 0.3748704791069031, 0.3746406137943268, 0.3743665814399719, 0.37414637207984924, 0.3739064335823059, 0.3736949563026428, 0.37345945835113525, 0.3731902241706848, 0.37300583720207214, 0.37280046939849854, 0.3725765645503998, 0.37229400873184204, 0.3721459209918976, 0.3719264566898346, 0.3717155158519745, 0.3714771568775177, 0.37125301361083984, 0.37104034423828125, 0.3708529770374298, 0.37059253454208374, 0.37032389640808105, 0.37007027864456177, 0.36986348032951355, 0.3696439862251282, 0.3693789541721344, 0.3692018985748291, 0.3690156042575836, 0.3687793016433716, 0.36849701404571533, 0.36824536323547363, 0.3680403232574463, 0.3679162263870239, 0.3676826059818268, 0.3674532175064087, 0.36719444394111633, 0.36693111062049866, 0.3667506277561188, 0.3665701746940613, 0.366305947303772, 0.36610791087150574, 0.3658226728439331, 0.36564746499061584, 0.3654237687587738, 0.3651488423347473, 0.3649945557117462, 0.36478304862976074, 0.36453965306282043, 0.3643006384372711, 0.364118754863739, 0.36387214064598083, 0.3636707067489624, 0.3634573817253113, 0.36324572563171387, 0.36304640769958496, 0.36289897561073303, 0.36268123984336853, 0.36246243119239807, 0.3622557520866394, 0.36202743649482727, 0.3617975115776062, 0.3615953326225281, 0.3614009916782379, 0.3611774444580078, 0.3609252870082855, 0.3606952726840973, 0.3605627715587616, 0.3603673279285431, 0.36016595363616943, 0.3600430190563202, 0.3598770201206207, 0.3595712184906006, 0.35933196544647217, 0.3591800928115845, 0.359030544757843, 0.35885605216026306, 0.3586134612560272, 0.3583213686943054, 0.3581222593784332, 0.3579392731189728, 0.3577537536621094, 0.3576107919216156, 0.3573630154132843, 0.3572094738483429, 0.3570002615451813, 0.356764018535614, 0.35656777024269104, 0.3563423156738281, 0.356163889169693, 0.35593098402023315, 0.35578715801239014, 0.35564857721328735, 0.3553856909275055, 0.3551355004310608, 0.3549647629261017, 0.35475924611091614, 0.35458439588546753, 0.3543357849121094, 0.35417431592941284, 0.3539354205131531, 0.35375332832336426, 0.3535340428352356, 0.3533482849597931, 0.3531351387500763, 0.3529350757598877, 0.3526935577392578, 0.35249054431915283, 0.3522665798664093, 0.3520648181438446, 0.35185277462005615, 0.3516230881214142, 0.3515041470527649, 0.35129889845848083, 0.3510738015174866, 0.3508722186088562, 0.35073256492614746, 0.350475013256073, 0.35029152035713196, 0.3501253128051758, 0.34992581605911255, 0.3497757017612457, 0.34953197836875916, 0.3493967354297638, 0.34909388422966003, 0.3488675653934479, 0.3486589789390564, 0.3484257459640503, 0.34819525480270386, 0.3480258584022522, 0.3477785885334015, 0.347572922706604, 0.34741151332855225, 0.3472371995449066, 0.34705227613449097, 0.34679943323135376, 0.3466280698776245, 0.34634819626808167, 0.34619414806365967, 0.345954030752182, 0.3457149267196655, 0.3455745279788971, 0.3454546332359314, 0.3452678918838501, 0.34500572085380554, 0.344760924577713, 0.34455177187919617, 0.34436115622520447, 0.3441394567489624, 0.3439463675022125, 0.34375637769699097, 0.3436034023761749, 0.34334492683410645, 0.34310629963874817, 0.3428770899772644, 0.3426033854484558, 0.34240344166755676, 0.34223851561546326, 0.3420495092868805, 0.3418477177619934, 0.34169501066207886, 0.34150269627571106, 0.3412526249885559, 0.3410899341106415, 0.3409317433834076, 0.34064438939094543, 0.34050774574279785, 0.34026485681533813, 0.3400338292121887, 0.3398084342479706, 0.33953118324279785, 0.3393297493457794, 0.3390795886516571, 0.3388609290122986, 0.33866584300994873, 0.33843162655830383, 0.3382314443588257, 0.3379780948162079, 0.3377552926540375, 0.33757561445236206, 0.3373098075389862, 0.3370645046234131, 0.3368564546108246, 0.3366721272468567, 0.3364599347114563, 0.3362461030483246, 0.3360355496406555, 0.3358914852142334, 0.3356079161167145, 0.3353208899497986, 0.3351859152317047, 0.334980845451355, 0.3347204327583313, 0.33445826172828674, 0.3342958092689514, 0.33409976959228516, 0.33381909132003784, 0.33358025550842285, 0.33335593342781067, 0.33314311504364014, 0.33291321992874146, 0.3326667845249176, 0.3324677348136902, 0.3322630822658539, 0.3320872187614441, 0.3318731188774109, 0.33165740966796875, 0.33144769072532654, 0.33118385076522827, 0.3310481905937195, 0.3309127688407898, 0.3306843042373657, 0.33034560084342957, 0.33007389307022095, 0.3297877907752991, 0.32955989241600037, 0.32926735281944275, 0.32901209592819214, 0.3288189172744751, 0.3285926878452301, 0.32837891578674316, 0.32816827297210693, 0.3279568552970886, 0.32776501774787903, 0.3275143504142761, 0.32726234197616577, 0.32705986499786377, 0.32682543992996216, 0.3265285789966583, 0.3262801468372345, 0.32600924372673035, 0.3258107006549835, 0.3256225287914276, 0.3253597617149353, 0.3251827657222748, 0.32493144273757935, 0.3246805667877197, 0.32451796531677246, 0.3243042230606079, 0.32408106327056885, 0.3237954378128052, 0.32354453206062317, 0.32334017753601074, 0.3231220245361328, 0.32294830679893494, 0.3227550983428955, 0.322529673576355, 0.32226577401161194, 0.32203948497772217, 0.3217979371547699, 0.3215336501598358, 0.3212815821170807, 0.32101571559906006, 0.32073917984962463, 0.3205239176750183, 0.3202245235443115, 0.3200260102748871, 0.3197900354862213, 0.31955447793006897, 0.3193604350090027, 0.3191535174846649, 0.31891030073165894, 0.31868529319763184, 0.31839415431022644, 0.3181634545326233, 0.3179740011692047, 0.3177807629108429, 0.31754791736602783, 0.3172694444656372, 0.3170176148414612, 0.3167799711227417, 0.3165244162082672, 0.31634798645973206, 0.31603285670280457, 0.315830260515213, 0.31558454036712646, 0.3153860569000244, 0.31514084339141846, 0.3149353265762329, 0.3147076666355133, 0.3144884407520294, 0.31423717737197876, 0.3140608072280884, 0.3137747049331665, 0.31357699632644653, 0.31336501240730286, 0.313047856092453, 0.3128272593021393, 0.31257569789886475, 0.3123597800731659, 0.3121658265590668, 0.3119026720523834, 0.3117104470729828, 0.31146180629730225, 0.3112607002258301, 0.311063677072525, 0.310886412858963, 0.310674786567688, 0.310421347618103, 0.3102196455001831, 0.3099810779094696, 0.30974501371383667, 0.30951327085494995, 0.3093210458755493, 0.3091330826282501, 0.30893996357917786, 0.3086722195148468, 0.30841994285583496, 0.3082333207130432, 0.3079982101917267, 0.30782341957092285, 0.3076263964176178, 0.3073737919330597, 0.30713823437690735, 0.30697906017303467, 0.3068268597126007, 0.30664610862731934, 0.30643367767333984, 0.30616915225982666, 0.3059561550617218, 0.30580949783325195, 0.3056364953517914]",33.0,"[33.0, 33.0, 33.0, 33.0, 33.0, 33.0, 33.0, 33.0, 33.0, 33.0, 33.0, 33.0, 33.0, 33.0, 33.0, 33.0, 33.0, 33.0, 33.0, 33.0, 33.0, 33.0, 33.0, 33.0, 33.0, 33.0, 33.0, 33.0, 33.0, 33.0, 33.0, 33.0, 33.0, 33.0, 33.0, 33.0, 33.0, 33.0, 33.0, 33.0, 33.0, 33.0, 33.0, 33.0, 33.0, 33.0, 33.0, 33.0, 33.0, 33.0, 33.0, 33.0, 33.0, 33.0, 33.0, 33.0, 33.0, 33.0, 33.0, 33.0, 33.0, 33.0, 33.0, 33.0, 33.0, 33.0, 33.0, 33.0, 33.0, 33.0, 33.0, 33.0, 33.0, 33.0, 33.0, 33.0, 33.0, 33.0, 33.0, 33.0, 33.0, 33.0, 33.0, 33.0, 33.0, 33.0, 33.0, 33.0, 33.0, 33.0, 33.0, 33.0, 33.0, 33.0, 33.0, 33.0, 33.0, 33.0, 33.0, 33.0, 33.0, 33.0, 33.0, 33.0, 33.0, 33.0, 33.0, 33.0, 33.0, 33.0, 33.0, 33.0, 33.0, 33.0, 33.0, 33.0, 33.0, 33.0, 33.0, 33.0, 33.0, 33.0, 33.0, 33.0, 33.0, 33.0, 33.0, 33.0, 33.0, 33.0, 33.0, 33.0, 33.0, 33.0, 33.0, 33.0, 33.0, 33.0, 33.0, 33.0, 33.0, 33.0, 33.0, 33.0, 33.0, 33.0, 33.0, 33.0, 33.0, 33.0, 33.0, 33.0, 33.0, 33.0, 33.0, 33.0, 33.0, 33.0, 33.0, 33.0, 33.0, 33.0, 33.0, 33.0, 33.0, 33.0, 33.0, 33.0, 33.0, 33.0, 33.0, 33.0, 33.0, 33.0, 33.0, 33.0, 33.0, 33.0, 33.0, 33.0, 33.0, 33.0, 33.0, 33.0, 33.0, 33.0, 33.0, 33.0, 33.0, 33.0, 33.0, 33.0, 33.0, 33.0, 33.0, 33.0, 33.0, 33.0, 33.0, 33.0, 33.0, 33.0, 33.0, 33.0, 33.0, 33.0, 33.0, 33.0, 33.0, 33.0, 33.0, 33.0, 33.0, 33.0, 33.0, 33.0, 33.0, 33.0, 33.0, 33.0, 33.0, 33.0, 33.0, 33.0, 33.0, 33.0, 33.0, 33.0, 33.0, 33.0, 33.0, 33.0, 33.0, 33.0, 33.0, 33.0, 33.0, 33.0, 33.0, 33.0, 33.0, 33.0, 33.0, 33.0, 33.0, 33.0, 33.0, 33.0, 33.0, 33.0, 33.0, 33.0, 33.0, 33.0, 33.0, 33.0, 33.0, 33.0, 33.0, 33.0, 33.0, 33.0, 33.0, 33.0, 33.0, 33.0, 33.0, 33.0, 33.0, 33.0, 33.0, 33.0, 33.0, 33.0, 33.0, 33.0, 33.0, 33.0, 33.0, 33.0, 33.0, 33.0