,number,value,datetime_start,datetime_complete,duration,params_batch_size_scaler,params_constant_learning_rate,params_depth,params_epochs,params_kernel_l2,params_num_trees,params_temperature,user_attrs_accuracy_test,user_attrs_accuracy_valid,user_attrs_approximate_feature_sparsity,user_attrs_approximate_feature_sparsity_history,user_attrs_approximate_weight_sparsity,user_attrs_approximate_weight_sparsity_history,user_attrs_auc_test,user_attrs_auc_valid,user_attrs_feature_sparsity,user_attrs_feature_sparsity_history,user_attrs_num_epochs,user_attrs_val_loss_history,user_attrs_weight_sparsity,user_attrs_weight_sparsity_history,state
156,156,0.9242699437080548,2024-08-31 07:56:17.151714,2024-08-31 08:08:33.263670,0 days 00:12:16.111956,4,0.07007050773524504,6,375,0.00601693167507287,18,0.00554250414878703,0.936,0.9425,33,"[33, 33, 33, 33, 33, 33, 33, 33, 33, 33, 33, 33, 33, 33, 33, 33, 33, 33, 33, 33, 33, 33, 33, 33, 33, 33, 33, 33, 33, 33, 33, 33, 33, 33, 33, 33, 33, 33, 33, 33, 33, 33, 33, 33, 33, 33, 33, 33, 33, 33, 33, 33, 33, 33, 33, 33, 33, 33, 33, 33, 33, 33, 33, 33, 33, 33, 33, 33, 33, 33, 33, 33, 33, 33, 33, 33, 33, 33, 33, 33, 33, 33, 33, 33, 33, 33, 33, 33, 33, 33, 33, 33, 33, 33, 33, 33, 33, 33, 33, 33, 33, 33, 33, 33, 33, 33, 33, 33, 33, 33, 33, 33, 33, 33, 33, 33, 33, 33, 33, 33, 33, 33, 33, 33, 33, 33, 33, 33, 33, 33, 33, 33, 33, 33, 33, 33, 33, 33, 33, 33, 33, 33, 33, 33, 33, 33, 33, 33, 33, 33, 33, 33, 33, 33, 33, 33, 33, 33, 33, 33, 33, 33, 33, 33, 33, 33, 33, 33, 33, 33, 33, 33, 33, 33, 33, 33, 33, 33, 33, 33, 33, 33, 33, 33, 33, 33, 33, 33, 33, 33, 33, 33, 33, 33, 33, 33, 33, 33, 33, 33, 33, 33, 33, 33, 33, 33, 33, 33, 33, 33, 33, 33, 33, 33, 33, 33, 33, 33, 33, 33, 33, 33, 33, 33, 33, 33, 33, 33, 33, 33, 33, 33, 33, 33, 33, 33, 33, 33, 33, 33, 33, 33, 33, 33, 33, 33, 33, 33, 33, 33, 33, 33, 33, 33, 33, 33, 33, 33, 33, 33, 33, 33, 33, 33, 33, 33, 33, 33, 33, 33, 33, 33, 33, 33, 33, 33, 33, 33, 33, 33, 33, 33, 33, 33, 33, 33, 33, 33, 33, 33, 33, 33, 33, 33, 33, 33, 33, 33, 33, 33, 33, 33, 33, 33, 33, 33, 33, 33, 33, 33, 33, 33, 33, 33, 33, 33, 33, 33, 33, 33, 33, 33, 33, 33, 33, 33, 33, 33, 33, 33, 33, 33, 33, 33, 33, 33, 33, 33, 33, 33, 33, 33, 33, 33, 33, 33, 33, 33, 33, 33, 33, 33, 33, 33, 33, 33, 33, 33, 33, 33, 33, 33, 33, 33, 33, 33, 33, 33, 33, 33, 33, 33, 33, 33, 33]",32.95855379188713,"[32.948853615520285, 32.95238095238095, 32.957671957671955, 32.95855379188713, 32.947971781305114, 32.9347442680776, 32.945326278659614, 32.94444444444444, 32.946208112874785, 32.94708994708995, 32.957671957671955, 32.955026455026456, 32.961199294532626, 32.9594356261023, 32.96031746031746, 32.96119929453263, 32.96296296296296, 32.955026455026456, 32.95679012345679, 32.960317460317455, 32.96031746031746, 32.952380952380956, 32.955026455026456, 32.96031746031746, 32.95767195767196, 32.961199294532626, 32.967372134038804, 32.95943562610229, 32.96031746031746, 32.95414462081129, 32.95326278659612, 32.9647266313933, 32.957671957671955, 32.95590828924162, 32.95590828924162, 32.95855379188713, 32.96031746031746, 32.95679012345679, 32.952380952380956, 32.951499118165785, 32.95326278659612, 32.951499118165785, 32.95061728395061, 32.948853615520285, 32.954144620811284, 32.95414462081129, 32.95414462081129, 32.95855379188713, 32.96031746031746, 32.961199294532626, 32.9620811287478, 32.95855379188713, 32.95855379188713, 32.95326278659612, 32.955026455026456, 32.95679012345679, 32.95326278659612, 32.95061728395062, 32.951499118165785, 32.955026455026456, 32.952380952380956, 32.95855379188713, 32.95590828924162, 32.94444444444444, 32.94708994708995, 32.947971781305114, 32.94003527336861, 32.95326278659612, 32.94797178130512, 32.94356261022928, 32.95149911816579, 32.951499118165785, 32.948853615520285, 32.94973544973545, 32.95767195767196, 32.952380952380956, 32.955026455026456, 32.954144620811284, 32.947971781305114, 32.951499118165785, 32.951499118165785, 32.93915343915344, 32.93650793650794, 32.94356261022928, 32.951499118165785, 32.94973544973545, 32.95590828924162, 32.95326278659612, 32.951499118165785, 32.952380952380956, 32.952380952380956, 32.951499118165785, 32.951499118165785, 32.946208112874785, 32.951499118165785, 32.95414462081129, 32.948853615520285, 32.94708994708995, 32.94356261022928, 32.94620811287478, 32.945326278659614, 32.94444444444445, 32.94973544973545, 32.94444444444444, 32.94620811287478, 32.94708994708995, 32.94708994708995, 32.94444444444445, 32.947971781305114, 32.957671957671955, 32.947971781305114, 32.95943562610229, 32.952380952380956, 32.94973544973545, 32.955026455026456, 32.951499118165785, 32.955026455026456, 32.95061728395062, 32.94973544973545, 32.95326278659612, 32.957671957671955, 32.948853615520285, 32.94973544973545, 32.954144620811284, 32.957671957671955, 32.955026455026456, 32.955026455026456, 32.95590828924163, 32.95061728395062, 32.94973544973545, 32.955026455026456, 32.95326278659612, 32.95061728395062, 32.955026455026456, 32.961199294532626, 32.957671957671955, 32.95590828924163, 32.9647266313933, 32.95943562610229, 32.95943562610229, 32.9620811287478, 32.96296296296296, 32.96031746031746, 32.955026455026456, 32.95149911816579, 32.9620811287478, 32.95679012345679, 32.95679012345679, 32.95061728395062, 32.942680776014114, 32.95679012345679, 32.95590828924162, 32.95590828924163, 32.96031746031746, 32.96031746031746, 32.95855379188713, 32.955026455026456, 32.95414462081129, 32.952380952380956, 32.95326278659612, 32.95326278659612, 32.95855379188713, 32.95943562610229, 32.955026455026456, 32.951499118165785, 32.951499118165785, 32.95061728395062, 32.94885361552028, 32.94620811287478, 32.94708994708995, 32.95061728395062, 32.945326278659614, 32.94708994708995, 32.94708994708995, 32.947971781305114, 32.95326278659612, 32.95326278659612, 32.95679012345679, 32.95679012345679, 32.95855379188713, 32.95679012345679, 32.95679012345679, 32.94973544973545, 32.948853615520285, 32.948853615520285, 32.94444444444444, 32.94708994708995, 32.951499118165785, 32.95061728395062, 32.951499118165785, 32.95238095238095, 32.95326278659612, 32.95061728395062, 32.95061728395062, 32.954144620811284, 32.95855379188713, 32.95326278659612, 32.95326278659612, 32.951499118165785, 32.95238095238095, 32.955026455026456, 32.95238095238095, 32.96031746031746, 32.954144620811284, 32.95590828924162, 32.95679012345679, 32.955026455026456, 32.95679012345679, 32.95414462081129, 32.952380952380956, 32.96031746031746, 32.955026455026456, 32.957671957671955, 32.963844797178126, 32.96031746031746, 32.94973544973545, 32.951499118165785, 32.95238095238095, 32.94973544973545, 32.95590828924162, 32.95061728395062, 32.95679012345679, 32.957671957671955, 32.96296296296296, 32.95855379188713, 32.95679012345679, 32.955026455026456, 32.955026455026456, 32.95679012345679, 32.955026455026456, 32.95326278659612, 32.954144620811284, 32.95414462081129, 32.95238095238095, 32.95414462081129, 32.94973544973545, 32.95061728395062, 32.95326278659612, 32.951499118165785, 32.95061728395062, 32.95061728395062, 32.951499118165785, 32.94973544973545, 32.951499118165785, 32.947971781305114, 32.95326278659612, 32.95414462081129, 32.95414462081129, 32.95855379188713, 32.95679012345679, 32.95679012345679, 32.955026455026456, 32.951499118165785, 32.95855379188713, 32.95326278659612, 32.95590828924162, 32.95943562610229, 32.95679012345679, 32.95238095238095, 32.94885361552028, 32.94708994708995, 32.947971781305114, 32.94620811287478, 32.948853615520285, 32.952380952380956, 32.952380952380956, 32.947971781305114, 32.947971781305114, 32.94620811287478, 32.95061728395062, 32.95590828924162, 32.95061728395061, 32.94708994708995, 32.94532627865961, 32.94091710758377, 32.94268077601411, 32.945326278659614, 32.94356261022928, 32.94091710758378, 32.93738977072311, 32.94444444444444, 32.95061728395062, 32.94356261022928, 32.93827160493827, 32.93915343915344, 32.93827160493827, 32.93827160493827, 32.94356261022928, 32.94444444444445, 32.952380952380956, 32.94797178130512, 32.949735449735456, 32.946208112874785, 32.94444444444444, 32.947971781305114, 32.95326278659612, 32.95590828924163, 32.95326278659612, 32.945326278659614, 32.94797178130512, 32.95061728395062, 32.945326278659614, 32.95061728395062, 32.94885361552028, 32.95326278659612, 32.95326278659612, 32.951499118165785, 32.95061728395061, 32.94973544973545, 32.947971781305114, 32.945326278659614, 32.94708994708994, 32.94444444444444, 32.947971781305114, 32.94356261022928, 32.93827160493827, 32.94003527336861, 32.94444444444444, 32.945326278659614, 32.951499118165785, 32.954144620811284, 32.955026455026456, 32.94620811287478, 32.94620811287478, 32.94620811287478, 32.945326278659614, 32.951499118165785, 32.94444444444444, 32.94091710758378, 32.94091710758377, 32.947971781305114, 32.952380952380956, 32.955026455026456, 32.955026455026456, 32.954144620811284, 32.95238095238095, 32.94973544973545, 32.94708994708995, 32.945326278659614, 32.947971781305114, 32.951499118165785, 32.95590828924162, 32.955026455026456, 32.95679012345679, 32.95590828924162, 32.955026455026456, 32.947971781305114, 32.947971781305114, 32.94356261022928, 32.95149911816579, 32.95414462081129, 32.95061728395062, 32.94708994708995, 32.94885361552028, 32.95326278659612, 32.95326278659612, 32.95590828924162, 32.955026455026456, 32.95149911816579, 32.95590828924162, 32.954144620811284, 32.956790123456784, 32.95326278659612, 32.955026455026456, 32.955026455026456, 32.95590828924162, 32.95943562610229, 32.95943562610229, 32.957671957671955, 32.95679012345679, 32.955026455026456, 32.95855379188713, 32.95855379188713, 32.960317460317455, 32.95855379188713]",0.9112608261296743,0.9242699437080548,33,"[33, 33, 33, 33, 33, 33, 33, 33, 33, 33, 33, 33, 33, 33, 33, 33, 33, 33, 33, 33, 33, 33, 33, 33, 33, 33, 33, 33, 33, 33, 33, 33, 33, 33, 33, 33, 33, 33, 33, 33, 33, 33, 33, 33, 33, 33, 33, 33, 33, 33, 33, 33, 33, 33, 33, 33, 33, 33, 33, 33, 33, 33, 33, 33, 33, 33, 33, 33, 33, 33, 33, 33, 33, 33, 33, 33, 33, 33, 33, 33, 33, 33, 33, 33, 33, 33, 33, 33, 33, 33, 33, 33, 33, 33, 33, 33, 33, 33, 33, 33, 33, 33, 33, 33, 33, 33, 33, 33, 33, 33, 33, 33, 33, 33, 33, 33, 33, 33, 33, 33, 33, 33, 33, 33, 33, 33, 33, 33, 33, 33, 33, 33, 33, 33, 33, 33, 33, 33, 33, 33, 33, 33, 33, 33, 33, 33, 33, 33, 33, 33, 33, 33, 33, 33, 33, 33, 33, 33, 33, 33, 33, 33, 33, 33, 33, 33, 33, 33, 33, 33, 33, 33, 33, 33, 33, 33, 33, 33, 33, 33, 33, 33, 33, 33, 33, 33, 33, 33, 33, 33, 33, 33, 33, 33, 33, 33, 33, 33, 33, 33, 33, 33, 33, 33, 33, 33, 33, 33, 33, 33, 33, 33, 33, 33, 33, 33, 33, 33, 33, 33, 33, 33, 33, 33, 33, 33, 33, 33, 33, 33, 33, 33, 33, 33, 33, 33, 33, 33, 33, 33, 33, 33, 33, 33, 33, 33, 33, 33, 33, 33, 33, 33, 33, 33, 33, 33, 33, 33, 33, 33, 33, 33, 33, 33, 33, 33, 33, 33, 33, 33, 33, 33, 33, 33, 33, 33, 33, 33, 33, 33, 33, 33, 33, 33, 33, 33, 33, 33, 33, 33, 33, 33, 33, 33, 33, 33, 33, 33, 33, 33, 33, 33, 33, 33, 33, 33, 33, 33, 33, 33, 33, 33, 33, 33, 33, 33, 33, 33, 33, 33, 33, 33, 33, 33, 33, 33, 33, 33, 33, 33, 33, 33, 33, 33, 33, 33, 33, 33, 33, 33, 33, 33, 33, 33, 33, 33, 33, 33, 33, 33, 33, 33, 33, 33, 33, 33, 33, 33, 33, 33, 33, 33, 33, 33, 33, 33, 33, 33, 33, 33, 33, 33, 33, 33, 33]",375,"[0.5109293460845947, 0.4378603994846344, 0.4114329218864441, 0.3996194899082184, 0.3931003510951996, 0.38885393738746643, 0.38571158051490784, 0.3831477761268616, 0.3810312747955322, 0.3791561424732208, 0.37745732069015503, 0.3759229779243469, 0.37451761960983276, 0.37318530678749084, 0.37196314334869385, 0.3707997798919678, 0.3696998953819275, 0.3686409294605255, 0.36763790249824524, 0.366685688495636, 0.36576327681541443, 0.3648514151573181, 0.36395472288131714, 0.36306872963905334, 0.3622027635574341, 0.36135274171829224, 0.36052989959716797, 0.3596838712692261, 0.3588550090789795, 0.3580183684825897, 0.35720741748809814, 0.3563964366912842, 0.3555707037448883, 0.3547436594963074, 0.35390132665634155, 0.35305631160736084, 0.35220223665237427, 0.3513402044773102, 0.3504981994628906, 0.3496541976928711, 0.348771870136261, 0.3479374945163727, 0.3470499813556671, 0.34614408016204834, 0.3452082574367523, 0.3443233370780945, 0.3433971703052521, 0.3424568474292755, 0.34150227904319763, 0.34053492546081543, 0.33958977460861206, 0.33863499760627747, 0.3376599848270416, 0.3366718292236328, 0.3356664776802063, 0.33465495705604553, 0.33363455533981323, 0.3325972259044647, 0.33159682154655457, 0.33053094148635864, 0.32946112751960754, 0.32842880487442017, 0.3273473083972931, 0.32626837491989136, 0.3251854181289673, 0.3240801692008972, 0.3229715824127197, 0.32189515233039856, 0.3207955062389374, 0.31967291235923767, 0.3185279071331024, 0.3173903822898865, 0.3162618577480316, 0.31514155864715576, 0.3139791786670685, 0.31286314129829407, 0.31173521280288696, 0.31059473752975464, 0.3094398081302643, 0.3083215355873108, 0.3072005808353424, 0.3060605525970459, 0.3049119710922241, 0.30380353331565857, 0.30270856618881226, 0.3016122579574585, 0.3005043864250183, 0.2994265854358673, 0.2983221709728241, 0.2972441017627716, 0.296184778213501, 0.29510697722435, 0.2940813899040222, 0.2930564880371094, 0.2920095920562744, 0.2909744381904602, 0.28997349739074707, 0.2889717221260071, 0.28797999024391174, 0.2870129644870758, 0.2860760986804962, 0.28513869643211365, 0.2842060625553131, 0.2832563519477844, 0.2823542654514313, 0.2815079391002655, 0.28061002492904663, 0.2797614336013794, 0.2788950204849243, 0.2780715525150299, 0.27724799513816833, 0.27643004059791565, 0.27563509345054626, 0.27482661604881287, 0.27406296133995056, 0.27329954504966736, 0.272553950548172, 0.271781325340271, 0.2710219621658325, 0.27032962441444397, 0.2696428894996643, 0.26891791820526123, 0.2682039439678192, 0.2674791216850281, 0.26680514216423035, 0.2661096155643463, 0.2654789090156555, 0.2647973895072937, 0.2641284465789795, 0.26344722509384155, 0.2628081738948822, 0.26218029856681824, 0.26155510544776917, 0.26100441813468933, 0.26040196418762207, 0.2597801089286804, 0.25923481583595276, 0.25857436656951904, 0.2579798698425293, 0.2573561668395996, 0.25678324699401855, 0.2562144100666046, 0.255626916885376, 0.255071222782135, 0.2545563280582428, 0.2540026009082794, 0.253463476896286, 0.252899169921875, 0.25231707096099854, 0.25178900361061096, 0.2512350380420685, 0.25073114037513733, 0.25022274255752563, 0.24970273673534393, 0.24915087223052979, 0.24861255288124084, 0.24811901152133942, 0.24760836362838745, 0.2470860332250595, 0.24657221138477325, 0.24606065452098846, 0.24558591842651367, 0.24507302045822144, 0.2445838898420334, 0.24410021305084229, 0.24360601603984833, 0.24308361113071442, 0.24265117943286896, 0.24205802381038666, 0.24159912765026093, 0.2410762459039688, 0.24060168862342834, 0.24015933275222778, 0.2397087812423706, 0.23927602171897888, 0.23873719573020935, 0.23833125829696655, 0.2379005253314972, 0.23743773996829987, 0.2369696944952011, 0.23651307821273804, 0.23605558276176453, 0.23558594286441803, 0.23515161871910095, 0.23471792042255402, 0.23424258828163147, 0.23383747041225433, 0.23336035013198853, 0.23293054103851318, 0.2325487732887268, 0.23210513591766357, 0.23170779645442963, 0.23127864301204681, 0.23084013164043427, 0.23038434982299805, 0.2299806773662567, 0.2295476347208023, 0.22907981276512146, 0.22879214584827423, 0.22828100621700287, 0.22785446047782898, 0.22751526534557343, 0.22701571881771088, 0.22665555775165558, 0.2263643443584442, 0.22595426440238953, 0.2254699468612671, 0.22510145604610443, 0.2246452271938324, 0.22429226338863373, 0.223953977227211, 0.22357983887195587, 0.22318200767040253, 0.22277036309242249, 0.2224271148443222, 0.2220175713300705, 0.22162394225597382, 0.2213274985551834, 0.22099681198596954, 0.22066669166088104, 0.22020168602466583, 0.219849094748497, 0.21942606568336487, 0.219077929854393, 0.21873435378074646, 0.21834973990917206, 0.21806402504444122, 0.21780674159526825, 0.21750102937221527, 0.21709775924682617, 0.21674369275569916, 0.21633252501487732, 0.21593262255191803, 0.21578745543956757, 0.2153245359659195, 0.2149483859539032, 0.21468238532543182, 0.21437959372997284, 0.21404486894607544, 0.21366412937641144, 0.21339763700962067, 0.21305344998836517, 0.21296349167823792, 0.21274425089359283, 0.21244561672210693, 0.2121114283800125, 0.2118120640516281, 0.21148300170898438, 0.21102315187454224, 0.21085119247436523, 0.2105470895767212, 0.21018379926681519, 0.209882915019989, 0.20954076945781708, 0.20928721129894257, 0.20895333588123322, 0.20884504914283752, 0.20860889554023743, 0.20828485488891602, 0.20799344778060913, 0.20778396725654602, 0.20756374299526215, 0.20718801021575928, 0.20702922344207764, 0.2067219763994217, 0.20651865005493164, 0.20607390999794006, 0.20599119365215302, 0.20575818419456482, 0.20537370443344116, 0.20524221658706665, 0.204976886510849, 0.20478326082229614, 0.20446129143238068, 0.20427772402763367, 0.20398494601249695, 0.20376721024513245, 0.2036263346672058, 0.2034902572631836, 0.20307189226150513, 0.20292547345161438, 0.2026745229959488, 0.20243175327777863, 0.20213721692562103, 0.20204001665115356, 0.20194369554519653, 0.2016115039587021, 0.2015184909105301, 0.20131658017635345, 0.20103725790977478, 0.20075595378875732, 0.2006472945213318, 0.20051491260528564, 0.20025187730789185, 0.20023790001869202, 0.2000587433576584, 0.19983971118927002, 0.19952113926410675, 0.19932454824447632, 0.19929102063179016, 0.19899874925613403, 0.19876521825790405, 0.19854682683944702, 0.1981923133134842, 0.19820933043956757, 0.19802352786064148, 0.19796520471572876, 0.19777673482894897, 0.19760943949222565, 0.19754691421985626, 0.1972373127937317, 0.19711437821388245, 0.19679532945156097, 0.19671215116977692, 0.1966770738363266, 0.19661208987236023, 0.19623087346553802, 0.1961686909198761, 0.19599860906600952, 0.1957225352525711, 0.1954895555973053, 0.19533655047416687, 0.19531211256980896, 0.19512851536273956, 0.19503994286060333, 0.1949252486228943, 0.19474923610687256, 0.19469356536865234, 0.19440911710262299, 0.19438622891902924, 0.19419242441654205, 0.19413337111473083, 0.1938958615064621, 0.1938825100660324, 0.19367776811122894, 0.19347913563251495, 0.19316503405570984, 0.19319911301136017, 0.19301727414131165, 0.19289672374725342, 0.19267719984054565, 0.19250370562076569, 0.19244907796382904, 0.1923585832118988, 0.19240115582942963, 0.19243572652339935, 0.19204911589622498, 0.1917981654405594, 0.1919226497411728, 0.19156073033809662, 0.191446453332901, 0.19132879376411438, 0.1914004385471344, 0.19119036197662354, 0.19118337333202362, 0.19100713729858398, 0.1909838616847992, 0.19075912237167358, 0.19067443907260895, 0.19041714072227478, 0.19053590297698975, 0.19017983973026276, 0.19022312760353088, 0.19008834660053253, 0.19026660919189453, 0.1900639533996582, 0.1900596171617508, 0.18967238068580627, 0.18945926427841187, 0.18938134610652924, 0.18931537866592407, 0.18924836814403534, 0.18914072215557098, 0.1892322599887848, 0.18896527588367462]",33.0,"[33.0, 33.0, 33.0, 33.0, 33.0, 33.0, 33.0, 33.0, 33.0, 33.0, 33.0, 33.0, 33.0, 33.0, 33.0, 33.0, 33.0, 33.0, 33.0, 33.0, 33.0, 33.0, 33.0, 33.0, 33.0, 33.0, 33.0, 33.0, 33.0, 33.0, 33.0, 33.0, 33.0, 33.0, 33.0, 33.0, 33.0, 33.0, 33.0, 33.0, 33.0, 33.0, 33.0, 33.0, 33.0, 33.0, 33.0, 33.0, 33.0, 33.0, 33.0, 33.0, 33.0, 33.0, 33.0, 33.0, 33.0, 33.0, 33.0, 33.0, 33.0, 33.0, 33.0, 33.0, 33.0, 33.0, 33.0, 33.0, 33.0, 33.0, 33.0, 33.0, 33.0, 33.0, 33.0, 33.0, 33.0, 33.0, 33.0, 33.0, 33.0, 33.0, 33.0, 33.0, 33.0, 33.0, 33.0, 33.0, 33.0, 33.0, 33.0, 33.0, 33.0, 33.0, 33.0, 33.0, 33.0, 33.0, 33.0, 33.0, 33.0, 33.0, 33.0, 33.0, 33.0, 33.0, 33.0, 33.0, 33.0, 33.0, 33.0, 33.0, 33.0, 33.0, 33.0, 33.0, 33.0, 33.0, 33.0, 33.0, 33.0, 33.0, 33.0, 33.0, 33.0, 33.0, 33.0, 33.0, 33.0, 33.0, 33.0, 33.0, 33.0, 33.0, 33.0, 33.0, 33.0, 33.0, 33.0, 33.0, 33.0, 33.0, 33.0, 33.0, 33.0, 33.0, 33.0, 33.0, 33.0, 33.0, 33.0, 33.0, 33.0, 33.0, 33.0, 33.0, 33.0, 33.0, 33.0, 33.0, 33.0, 33.0, 33.0, 33.0, 33.0, 33.0, 33.0, 33.0, 33.0, 33.0, 33.0, 33.0, 33.0, 33.0, 33.0, 33.0, 33.0, 33.0, 33.0, 33.0, 33.0, 33.0, 33.0, 33.0, 33.0, 33.0, 33.0, 33.0, 33.0, 33.0, 33.0, 33.0, 33.0, 33.0, 33.0, 33.0, 33.0, 33.0, 33.0, 33.0, 33.0, 33.0, 33.0, 33.0, 33.0, 33.0, 33.0, 33.0, 33.0, 33.0, 33.0, 33.0, 33.0, 33.0, 33.0, 33.0, 33.0, 33.0, 33.0, 33.0, 33.0, 33.0, 33.0, 33.0, 33.0, 33.0, 33.0, 33.0, 33.0, 33.0, 33.0, 33.0, 33.0, 33.0, 33.0, 33.0, 33.0, 33.0, 33.0, 33.0, 33.0, 33.0, 33.0, 33.0, 33.0, 33.0, 33.0, 33.0, 33.0, 33.0, 33.0, 33.0, 33.0, 33.0, 33.0, 33.0, 33.0, 33.0, 33.0, 33.0, 33.0, 33.0, 33.0, 33.0, 33.0, 33.0, 33.0, 33.0, 33.0, 33.0, 33.0, 33.0, 33.0, 33.0, 33.0, 33.0, 33.0, 33.0, 33.0, 33.0, 33.0, 33.0, 33.0, 33.0, 33.0, 33.0, 33.0, 33.0, 33.0, 33.0, 33.0, 33.0, 33.0, 33.0, 33.0, 33.0, 33.0, 33.0, 33.0, 33.0, 33.0, 33.0, 33.0, 33.0, 33.0, 33.0, 33.0, 33.0, 33.0, 33.0, 33.0, 33.0, 33.0, 33.0, 33.0, 33.0, 33.0, 33.0, 33.0, 33.0, 33.0, 33.0, 33.0, 33.0, 33.0, 33.0, 33.0, 33.0, 33.0, 33.0, 33.0, 33.0, 33.0, 33.0, 33.0, 33.0, 33.0, 33.0, 33.0, 33.0, 33.0, 33.0, 33.0, 33.0, 33.0, 33.0, 33.0, 33.0, 33.0, 33.0, 33.0, 33.0, 33.0, 33.0, 33.0, 33.0, 33.0, 33.0, 33.0, 33.0, 33.0, 33.0, 33.0, 33.0, 33.0, 33.0, 33.0, 33.0, 33.0, 33.0, 33.0, 33.0, 33.0, 33.0, 33.0]",COMPLETE
