,number,value,datetime_start,datetime_complete,duration,params_batch_size_scaler,params_constant_learning_rate,params_depth,params_epochs,params_kernel_l2,params_num_trees,params_temperature,user_attrs_accuracy_test,user_attrs_accuracy_valid,user_attrs_approximate_feature_sparsity,user_attrs_approximate_feature_sparsity_history,user_attrs_approximate_weight_sparsity,user_attrs_approximate_weight_sparsity_history,user_attrs_auc_test,user_attrs_auc_valid,user_attrs_feature_sparsity,user_attrs_feature_sparsity_history,user_attrs_num_epochs,user_attrs_val_loss_history,user_attrs_weight_sparsity,user_attrs_weight_sparsity_history,state
80,80,0.9017274027128337,2024-08-31 04:28:28.779313,2024-08-31 04:28:51.074583,0 days 00:00:22.295270,64,0.21794738224868704,2,305,0.111522148931975,93,0.0004837457918237915,0.898,0.89625,33,"[33, 33, 33, 33, 33, 33, 33, 33, 33, 33, 33, 33, 33, 33, 33, 33, 33, 33, 33, 33, 33, 33, 33, 33, 33, 33, 33, 33, 33, 33, 33, 33, 33, 33, 33, 33, 33, 33, 33, 33, 33, 33, 33, 33, 33, 33, 33, 33, 33, 33, 33, 33, 33, 33, 33, 33, 33, 33, 33, 33, 33, 33, 33, 33, 33, 33, 33, 33, 33, 33, 33, 33, 33, 33, 33, 33, 33, 33, 33, 33, 33, 33, 33, 33, 33, 33, 33, 33, 33, 33, 33, 33, 33, 33, 33, 33, 33, 33, 33, 33, 33, 33, 33, 33, 33, 33, 33, 33, 33, 33, 33, 33, 33, 33, 33, 33, 33, 33, 33, 33, 33, 33, 33, 33, 33, 33, 33, 33, 33, 33, 33, 33, 33, 33, 33, 33, 33, 33, 33, 33, 33, 33, 33, 33, 33, 33, 33, 33, 33, 33, 33, 33, 33, 33, 33, 33, 33, 33, 33, 33, 33, 33, 33, 33, 33, 33, 33, 33, 33, 33, 33, 33, 33, 33, 33, 33, 33, 33, 33, 33, 33, 33, 33, 33, 33, 33, 33, 33, 33, 33, 33, 33, 33, 33, 33, 33, 33, 33, 33, 33, 33, 33, 33, 33, 33, 33, 33, 33, 33, 33, 33, 33, 33, 33, 33, 33, 33, 33, 33, 33, 33, 33, 33, 33, 33, 33, 33, 33, 33, 33, 33, 33, 33, 33, 33, 33, 33, 33, 33, 33, 33, 33, 33, 33, 33, 33, 33, 33, 33, 33, 33, 33, 33, 33, 33, 33, 33, 33, 33, 33, 33, 33, 33, 33, 33, 33, 33, 33, 33, 33, 33, 33, 33, 33, 33, 33, 33, 33, 33, 33, 33, 33, 33, 33, 33, 33, 33, 33, 33, 33, 33, 33, 33, 33, 33, 33, 33, 33, 33, 33, 33, 33, 33, 33, 33]",32.95340501792114,"[32.97491039426524, 32.96415770609319, 32.956989247311824, 32.971326164874554, 32.956989247311824, 32.96057347670251, 32.956989247311824, 32.97491039426523, 32.97491039426523, 32.96774193548387, 32.96774193548387, 32.95340501792114, 32.97849462365591, 32.96774193548387, 32.97491039426523, 32.96415770609319, 32.96774193548387, 32.96057347670251, 32.96774193548387, 32.96415770609319, 32.96774193548387, 32.96415770609319, 32.971326164874554, 32.956989247311824, 32.94982078853047, 32.971326164874554, 32.96415770609319, 32.96415770609319, 32.96774193548387, 32.96774193548387, 32.96415770609319, 32.96415770609319, 32.96774193548387, 32.96774193548387, 32.971326164874554, 32.956989247311824, 32.96415770609319, 32.97849462365591, 32.97491039426524, 32.96774193548387, 32.982078853046595, 32.97849462365592, 32.982078853046595, 32.97491039426524, 32.96415770609319, 32.96057347670251, 32.971326164874554, 32.96774193548387, 32.971326164874554, 32.96774193548387, 32.971326164874554, 32.97491039426523, 32.97491039426524, 32.96415770609319, 32.94982078853047, 32.971326164874554, 32.971326164874554, 32.96415770609319, 32.971326164874554, 32.97849462365591, 32.96774193548387, 32.971326164874554, 32.956989247311824, 32.92831541218638, 32.956989247311824, 32.96774193548387, 32.96415770609319, 32.971326164874554, 32.96774193548387, 32.96415770609319, 32.96774193548387, 32.97491039426524, 32.96057347670251, 32.971326164874554, 32.97849462365591, 32.971326164874554, 32.982078853046595, 32.97491039426523, 32.96774193548387, 32.98566308243728, 32.982078853046595, 32.98566308243728, 32.97491039426524, 32.982078853046595, 32.96774193548387, 32.94982078853047, 32.96057347670251, 32.971326164874554, 32.96415770609319, 32.96057347670251, 32.97491039426523, 32.96057347670251, 32.97491039426523, 32.96774193548387, 32.96774193548387, 32.97491039426523, 32.971326164874554, 32.95340501792114, 32.96057347670251, 32.94982078853046, 32.96057347670251, 32.96774193548387, 32.971326164874554, 32.956989247311824, 32.97849462365591, 32.971326164874554, 32.97491039426523, 32.96057347670251, 32.94982078853047, 32.96057347670251, 32.97132616487455, 32.97491039426523, 32.96415770609319, 32.96415770609319, 32.96057347670251, 32.971326164874554, 32.956989247311824, 32.96415770609319, 32.96415770609319, 32.982078853046595, 32.96415770609319, 32.96057347670251, 32.97849462365591, 32.971326164874554, 32.96057347670251, 32.96415770609319, 32.96774193548387, 32.956989247311824, 32.96774193548387, 32.96057347670251, 32.982078853046595, 32.971326164874554, 32.971326164874554, 32.95340501792115, 32.97491039426524, 32.96057347670251, 32.96774193548387, 32.96774193548387, 32.96415770609319, 32.97491039426524, 32.95340501792114, 32.96415770609319, 32.982078853046595, 32.97491039426523, 32.971326164874554, 32.97849462365591, 32.97491039426523, 32.982078853046595, 32.97849462365591, 32.96774193548387, 32.956989247311824, 32.95340501792114, 32.96057347670251, 32.971326164874554, 32.94982078853047, 32.946236559139784, 32.956989247311824, 32.95340501792114, 32.971326164874554, 32.95340501792115, 32.96774193548387, 32.97132616487455, 32.96774193548387, 32.94982078853047, 32.956989247311824, 32.95340501792114, 32.96057347670251, 32.96774193548387, 32.96057347670251, 32.96774193548387, 32.96415770609319, 32.96774193548387, 32.96057347670251, 32.96057347670251, 32.94982078853047, 32.96057347670251, 32.96057347670251, 32.956989247311824, 32.95340501792115, 32.97132616487455, 32.96415770609319, 32.96774193548387, 32.97849462365592, 32.96057347670251, 32.96774193548387, 32.95340501792114, 32.9426523297491, 32.946236559139784, 32.96415770609319, 32.956989247311824, 32.94982078853047, 32.94982078853047, 32.96057347670251, 32.94982078853047, 32.956989247311824, 32.94982078853047, 32.9426523297491, 32.946236559139784, 32.94982078853047, 32.96415770609319, 32.956989247311824, 32.94982078853047, 32.94982078853047, 32.96415770609319, 32.96415770609319, 32.956989247311824, 32.96415770609319, 32.956989247311824, 32.956989247311824, 32.96774193548387, 32.956989247311824, 32.96057347670251, 32.946236559139784, 32.94982078853047, 32.95340501792115, 32.956989247311824, 32.96057347670251, 32.95340501792114, 32.956989247311824, 32.96415770609319, 32.946236559139784, 32.93548387096774, 32.95340501792114, 32.956989247311824, 32.96057347670251, 32.971326164874554, 32.95340501792114, 32.956989247311824, 32.96415770609319, 32.96057347670251, 32.96415770609319, 32.971326164874554, 32.96415770609319, 32.96774193548387, 32.96057347670251, 32.9426523297491, 32.9426523297491, 32.96774193548387, 32.96415770609319, 32.94982078853047, 32.956989247311824, 32.946236559139784, 32.946236559139784, 32.95340501792114, 32.96057347670251, 32.956989247311824, 32.956989247311824, 32.971326164874554, 32.94982078853047, 32.946236559139784, 32.935483870967744, 32.939068100358426, 32.9426523297491, 32.95340501792114, 32.96774193548387, 32.95340501792114, 32.956989247311824, 32.9426523297491, 32.94982078853046, 32.93906810035842, 32.9426523297491, 32.94982078853047, 32.93906810035842, 32.94982078853047, 32.956989247311824, 32.956989247311824, 32.94982078853047, 32.93548387096774, 32.946236559139784, 32.93189964157706, 32.92831541218638, 32.92831541218638, 32.9426523297491, 32.92831541218638, 32.93906810035842, 32.96415770609319, 32.94982078853047, 32.94982078853047, 32.95340501792115, 32.94982078853047, 32.946236559139784, 32.96057347670251, 32.956989247311824, 32.95340501792114, 32.94982078853046, 32.946236559139784, 32.93906810035842, 32.9426523297491, 32.95340501792114, 32.956989247311824, 32.94982078853046, 32.946236559139784, 32.9426523297491, 32.95340501792114, 32.946236559139784, 32.95340501792115, 32.96057347670251, 32.956989247311824, 32.935483870967744, 32.956989247311824, 32.96415770609319, 32.95340501792114, 32.95340501792115, 32.956989247311824, 32.95340501792114]",0.8850056555949108,0.9017274027128337,33,"[33, 33, 33, 33, 33, 33, 33, 33, 33, 33, 33, 33, 33, 33, 33, 33, 33, 33, 33, 33, 33, 33, 33, 33, 33, 33, 33, 33, 33, 33, 33, 33, 33, 33, 33, 33, 33, 33, 33, 33, 33, 33, 33, 33, 33, 33, 33, 33, 33, 33, 33, 33, 33, 33, 33, 33, 33, 33, 33, 33, 33, 33, 33, 33, 33, 33, 33, 33, 33, 33, 33, 33, 33, 33, 33, 33, 33, 33, 33, 33, 33, 33, 33, 33, 33, 33, 33, 33, 33, 33, 33, 33, 33, 33, 33, 33, 33, 33, 33, 33, 33, 33, 33, 33, 33, 33, 33, 33, 33, 33, 33, 33, 33, 33, 33, 33, 33, 33, 33, 33, 33, 33, 33, 33, 33, 33, 33, 33, 33, 33, 33, 33, 33, 33, 33, 33, 33, 33, 33, 33, 33, 33, 33, 33, 33, 33, 33, 33, 33, 33, 33, 33, 33, 33, 33, 33, 33, 33, 33, 33, 33, 33, 33, 33, 33, 33, 33, 33, 33, 33, 33, 33, 33, 33, 33, 33, 33, 33, 33, 33, 33, 33, 33, 33, 33, 33, 33, 33, 33, 33, 33, 33, 33, 33, 33, 33, 33, 33, 33, 33, 33, 33, 33, 33, 33, 33, 33, 33, 33, 33, 33, 33, 33, 33, 33, 33, 33, 33, 33, 33, 33, 33, 33, 33, 33, 33, 33, 33, 33, 33, 33, 33, 33, 33, 33, 33, 33, 33, 33, 33, 33, 33, 33, 33, 33, 33, 33, 33, 33, 33, 33, 33, 33, 33, 33, 33, 33, 33, 33, 33, 33, 33, 33, 33, 33, 33, 33, 33, 33, 33, 33, 33, 33, 33, 33, 33, 33, 33, 33, 33, 33, 33, 33, 33, 33, 33, 33, 33, 33, 33, 33, 33, 33, 33, 33, 33, 33, 33, 33, 33, 33, 33, 33, 33, 33]",305,"[0.43387916684150696, 0.42242905497550964, 0.41839274764060974, 0.417508989572525, 0.409285306930542, 0.40867093205451965, 0.40507644414901733, 0.4028133749961853, 0.40187057852745056, 0.4183972179889679, 0.40002191066741943, 0.40680110454559326, 0.4012903571128845, 0.39518481492996216, 0.3938799798488617, 0.39437782764434814, 0.3919917047023773, 0.39252814650535583, 0.3979676365852356, 0.3959727883338928, 0.38856270909309387, 0.390877902507782, 0.39016392827033997, 0.38657596707344055, 0.3870651125907898, 0.3904334008693695, 0.3857728838920593, 0.38702887296676636, 0.3829818069934845, 0.3965039849281311, 0.3837389051914215, 0.3804301917552948, 0.380215048789978, 0.38187888264656067, 0.37795203924179077, 0.38136622309684753, 0.3892505168914795, 0.3776235580444336, 0.37625980377197266, 0.37989339232444763, 0.3746671974658966, 0.39107879996299744, 0.3743637204170227, 0.3835669457912445, 0.3725854754447937, 0.3731050193309784, 0.3735660910606384, 0.3745008707046509, 0.37102648615837097, 0.3699212372303009, 0.3702716529369354, 0.3728669285774231, 0.37478694319725037, 0.36818820238113403, 0.3678622543811798, 0.36797022819519043, 0.37542182207107544, 0.36667120456695557, 0.3697161078453064, 0.3654264807701111, 0.38728973269462585, 0.36484789848327637, 0.36476653814315796, 0.36410295963287354, 0.36383673548698425, 0.36250150203704834, 0.3664321005344391, 0.360922634601593, 0.3603803515434265, 0.3617066442966461, 0.3629571497440338, 0.3598939776420593, 0.3632645010948181, 0.3583168387413025, 0.3599628806114197, 0.3571099042892456, 0.3560432493686676, 0.3578867018222809, 0.35683608055114746, 0.3568306267261505, 0.3552674949169159, 0.3543340265750885, 0.35336777567863464, 0.3532967269420624, 0.35521021485328674, 0.36524975299835205, 0.37485772371292114, 0.34994325041770935, 0.3611125648021698, 0.3596349060535431, 0.3521570563316345, 0.3548896014690399, 0.3501427173614502, 0.3494289815425873, 0.3543354272842407, 0.3469774127006531, 0.3463371992111206, 0.34673136472702026, 0.3516078591346741, 0.3472517132759094, 0.3498343527317047, 0.3437623679637909, 0.3431602418422699, 0.35785984992980957, 0.35650917887687683, 0.34244921803474426, 0.35328757762908936, 0.34293892979621887, 0.35960501432418823, 0.3415265679359436, 0.34351903200149536, 0.34281760454177856, 0.34513482451438904, 0.34377366304397583, 0.34012845158576965, 0.3398364186286926, 0.3428947329521179, 0.3482021987438202, 0.33813217282295227, 0.33775073289871216, 0.3480238616466522, 0.3419957458972931, 0.3378230035305023, 0.3359035849571228, 0.34284982085227966, 0.341654896736145, 0.3361792266368866, 0.3508397936820984, 0.3364677429199219, 0.34017035365104675, 0.33921578526496887, 0.3397599458694458, 0.34373408555984497, 0.3333737552165985, 0.33495423197746277, 0.33264636993408203, 0.34092384576797485, 0.33438098430633545, 0.33289414644241333, 0.3312511742115021, 0.3311190903186798, 0.33414456248283386, 0.33226218819618225, 0.33386269211769104, 0.33494117856025696, 0.32827332615852356, 0.3304694890975952, 0.3328430950641632, 0.33250826597213745, 0.34215787053108215, 0.33169612288475037, 0.3268308639526367, 0.327170193195343, 0.3260647654533386, 0.32466164231300354, 0.3253210186958313, 0.32334721088409424, 0.32337939739227295, 0.33469563722610474, 0.32260650396347046, 0.3225184977054596, 0.32179024815559387, 0.32816174626350403, 0.32519644498825073, 0.34211045503616333, 0.3189292252063751, 0.3202395737171173, 0.3184739649295807, 0.3184877932071686, 0.3197847902774811, 0.32343336939811707, 0.3186793625354767, 0.31982937455177307, 0.31626424193382263, 0.33028706908226013, 0.3135063350200653, 0.31622105836868286, 0.31274449825286865, 0.3281742036342621, 0.3183489739894867, 0.3156386911869049, 0.313826322555542, 0.32657626271247864, 0.32037103176116943, 0.3086394667625427, 0.3083607256412506, 0.3162461519241333, 0.31255683302879333, 0.3122583329677582, 0.30847665667533875, 0.3068471848964691, 0.3059796690940857, 0.3092910945415497, 0.30465608835220337, 0.30684134364128113, 0.3039061725139618, 0.31150296330451965, 0.30359581112861633, 0.30612143874168396, 0.3056989312171936, 0.3270709216594696, 0.3011481761932373, 0.30248773097991943, 0.3029806911945343, 0.30140355229377747, 0.31300514936447144, 0.3018362522125244, 0.30184879899024963, 0.2997951805591583, 0.298583984375, 0.30658042430877686, 0.29853135347366333, 0.29658693075180054, 0.2986537516117096, 0.29431065917015076, 0.29438894987106323, 0.29711323976516724, 0.30049049854278564, 0.29345086216926575, 0.2944786548614502, 0.2989296317100525, 0.2998117208480835, 0.2913573682308197, 0.29944589734077454, 0.2943255305290222, 0.28914526104927063, 0.2989116907119751, 0.28817206621170044, 0.29009002447128296, 0.2894221842288971, 0.2890886962413788, 0.28881439566612244, 0.2874014973640442, 0.2884748876094818, 0.2868529260158539, 0.286427766084671, 0.28629249334335327, 0.29697176814079285, 0.2864950895309448, 0.2888652980327606, 0.2847113609313965, 0.28611263632774353, 0.283745139837265, 0.28390854597091675, 0.2818847894668579, 0.2930060923099518, 0.2966233789920807, 0.28195053339004517, 0.2821621000766754, 0.2828504741191864, 0.2852924168109894, 0.2798387408256531, 0.28029072284698486, 0.2786036431789398, 0.2778298556804657, 0.27843815088272095, 0.28069326281547546, 0.2771998643875122, 0.28923192620277405, 0.27881285548210144, 0.2790241837501526, 0.2927052676677704, 0.2761029005050659, 0.282566100358963, 0.27794769406318665, 0.2755303680896759, 0.276787132024765, 0.27490708231925964, 0.2737124562263489, 0.2863764464855194, 0.27306699752807617, 0.273240327835083, 0.2727457880973816, 0.27474430203437805, 0.2788226902484894, 0.2754974067211151, 0.2723284959793091, 0.27258220314979553, 0.27165937423706055, 0.2853397727012634, 0.27297574281692505, 0.2719227075576782, 0.281021386384964, 0.27129238843917847, 0.27520179748535156, 0.28293168544769287, 0.2757313549518585, 0.2717342972755432, 0.2723487615585327, 0.2691071033477783, 0.2685009241104126, 0.26789557933807373, 0.26809486746788025, 0.27052733302116394, 0.2715475857257843, 0.268562376499176, 0.2684340476989746, 0.26772043108940125, 0.27027419209480286, 0.26960521936416626, 0.2694486379623413, 0.26883673667907715, 0.2683687210083008, 0.2664201557636261, 0.27122536301612854]",33.0,"[33.0, 33.0, 33.0, 33.0, 33.0, 33.0, 33.0, 33.0, 33.0, 33.0, 33.0, 33.0, 33.0, 33.0, 33.0, 33.0, 33.0, 33.0, 33.0, 33.0, 33.0, 33.0, 33.0, 33.0, 33.0, 33.0, 33.0, 33.0, 33.0, 33.0, 33.0, 33.0, 33.0, 33.0, 33.0, 33.0, 33.0, 33.0, 33.0, 33.0, 33.0, 33.0, 33.0, 33.0, 33.0, 33.0, 33.0, 33.0, 33.0, 33.0, 33.0, 33.0, 33.0, 33.0, 33.0, 33.0, 33.0, 33.0, 33.0, 33.0, 33.0, 33.0, 33.0, 33.0, 33.0, 33.0, 33.0, 33.0, 33.0, 33.0, 33.0, 33.0, 33.0, 33.0, 33.0, 33.0, 33.0, 33.0, 33.0, 33.0, 33.0, 33.0, 33.0, 33.0, 33.0, 33.0, 33.0, 33.0, 33.0, 33.0, 33.0, 33.0, 33.0, 33.0, 33.0, 33.0, 33.0, 33.0, 33.0, 33.0, 33.0, 33.0, 33.0, 33.0, 33.0, 33.0, 33.0, 33.0, 33.0, 33.0, 33.0, 33.0, 33.0, 33.0, 33.0, 33.0, 33.0, 33.0, 33.0, 33.0, 33.0, 33.0, 33.0, 33.0, 33.0, 33.0, 33.0, 33.0, 33.0, 33.0, 33.0, 33.0, 33.0, 33.0, 33.0, 33.0, 33.0, 33.0, 33.0, 33.0, 33.0, 33.0, 33.0, 33.0, 33.0, 33.0, 33.0, 33.0, 33.0, 33.0, 33.0, 33.0, 33.0, 33.0, 33.0, 33.0, 33.0, 33.0, 33.0, 33.0, 33.0, 33.0, 33.0, 33.0, 33.0, 33.0, 33.0, 33.0, 33.0, 33.0, 33.0, 33.0, 33.0, 33.0, 33.0, 33.0, 33.0, 33.0, 33.0, 33.0, 33.0, 33.0, 33.0, 33.0, 33.0, 33.0, 33.0, 33.0, 33.0, 33.0, 33.0, 33.0, 33.0, 33.0, 33.0, 33.0, 33.0, 33.0, 33.0, 33.0, 33.0, 33.0, 33.0, 33.0, 33.0, 33.0, 33.0, 33.0, 33.0, 33.0, 33.0, 33.0, 33.0, 33.0, 33.0, 33.0, 33.0, 33.0, 33.0, 33.0, 33.0, 33.0, 33.0, 33.0, 33.0, 33.0, 33.0, 33.0, 33.0, 33.0, 33.0, 33.0, 33.0, 33.0, 33.0, 33.0, 33.0, 33.0, 33.0, 33.0, 33.0, 33.0, 33.0, 33.0, 33.0, 33.0, 33.0, 33.0, 33.0, 33.0, 33.0, 33.0, 33.0, 33.0, 33.0, 33.0, 33.0, 33.0, 33.0, 33.0, 33.0, 33.0, 33.0, 33.0, 33.0, 33.0, 33.0, 33.0, 33.0, 33.0, 33.0, 33.0, 33.0, 33.0, 33.0, 33.0, 33.0, 33.0, 33.0, 33.0, 33.0, 33.0, 33.0, 33.0, 33.0, 33.0, 33.0, 33.0, 33.0, 33.0, 33.0, 33.0, 33.0, 33.0, 33.0, 33.0, 33.0, 33.0, 33.0, 33.0, 33.0, 33.0, 33.0, 33.0, 33.0]",COMPLETE
81,81,0.5,2024-08-31 04:28:52.662405,2024-08-31 04:29:02.767272,0 days 00:00:10.104867,16,2.1839006946975137,3,75,0.14135541255066061,18,0.01252918641996017,0.859,0.85875,0,"[0, 0, 0, 0, 0, 0, 0, 0, 0, 0, 0, 0, 0, 0, 0, 0, 0, 0, 0, 0, 0, 0, 0, 0, 0, 0, 0, 0, 0, 0, 0, 0, 0, 0, 0, 0, 0, 0, 0, 0, 0, 0, 0, 0, 0, 0, 0, 0, 0, 0, 0, 0, 0, 0, 0, 0, 0, 0, 0, 0, 0, 0, 0, 0, 0, 0, 0, 0, 0, 0, 0, 0, 0, 0, 0]",0.0,"[0.0, 0.0, 0.0, 0.0, 0.0, 0.0, 0.0, 0.0, 0.0, 0.0, 0.0, 0.0, 0.0, 0.0, 0.0, 0.0, 0.0, 0.0, 0.0, 0.0, 0.0, 0.0, 0.0, 0.0, 0.0, 0.0, 0.0, 0.0, 0.0, 0.0, 0.0, 0.0, 0.0, 0.0, 0.0, 0.0, 0.0, 0.0, 0.0, 0.0, 0.0, 0.0, 0.0, 0.0, 0.0, 0.0, 0.0, 0.0, 0.0, 0.0, 0.0, 0.0, 0.0, 0.0, 0.0, 0.0, 0.0, 0.0, 0.0, 0.0, 0.0, 0.0, 0.0, 0.0, 0.0, 0.0, 0.0, 0.0, 0.0, 0.0, 0.0, 0.0, 0.0, 0.0, 0.0]",0.5,0.5,0,"[0, 0, 0, 0, 0, 0, 0, 0, 0, 0, 0, 0, 0, 0, 0, 0, 0, 0, 0, 0, 0, 0, 0, 0, 0, 0, 0, 0, 0, 0, 0, 0, 0, 0, 0, 0, 0, 0, 0, 0, 0, 0, 0, 0, 0, 0, 0, 0, 0, 0, 0, 0, 0, 0, 0, 0, 0, 0, 0, 0, 0, 0, 0, 0, 0, 0, 0, 0, 0, 0, 0, 0, 0, 0, 0]",75,"[0.43074116110801697, 0.41311654448509216, 0.41706398129463196, 0.4124753177165985, 0.40946441888809204, 0.4124561548233032, 0.40905529260635376, 0.40974369645118713, 0.4077666103839874, 0.40722620487213135, 0.40735507011413574, 0.41307106614112854, 0.412109375, 0.40750575065612793, 0.4275273382663727, 0.40792012214660645, 0.40731534361839294, 0.41503196954727173, 0.4160860478878021, 0.427526593208313, 0.413772314786911, 0.4079114496707916, 0.4132762849330902, 0.4078107178211212, 0.40731990337371826, 0.40881896018981934, 0.41678473353385925, 0.4097400903701782, 0.4151654839515686, 0.41114455461502075, 0.40802010893821716, 0.4622989594936371, 0.43015891313552856, 0.41174018383026123, 0.40728989243507385, 0.41432586312294006, 0.41505715250968933, 0.4092751443386078, 0.4212902784347534, 0.4072782099246979, 0.42323407530784607, 0.4084238111972809, 0.41470879316329956, 0.41573086380958557, 0.4074602425098419, 0.41553184390068054, 0.40730971097946167, 0.4128612279891968, 0.4080842137336731, 0.4229566156864166, 0.4091414511203766, 0.42808541655540466, 0.4086374044418335, 0.4105919301509857, 0.4185848534107208, 0.40762409567832947, 0.4259011745452881, 0.40723708271980286, 0.4115839898586273, 0.40990474820137024, 0.4082486629486084, 0.44408392906188965, 0.4086951017379761, 0.4083298444747925, 0.4198698103427887, 0.4072262644767761, 0.4080686867237091, 0.42041969299316406, 0.40926697850227356, 0.41238680481910706, 0.4205200672149658, 0.4120984375476837, 0.42209166288375854, 0.40739020705223083, 0.40723544359207153]",0.0,"[0.0, 0.0, 0.0, 0.0, 0.0, 0.0, 0.0, 0.0, 0.0, 0.0, 0.0, 0.0, 0.0, 0.0, 0.0, 0.0, 0.0, 0.0, 0.0, 0.0, 0.0, 0.0, 0.0, 0.0, 0.0, 0.0, 0.0, 0.0, 0.0, 0.0, 0.0, 0.0, 0.0, 0.0, 0.0, 0.0, 0.0, 0.0, 0.0, 0.0, 0.0, 0.0, 0.0, 0.0, 0.0, 0.0, 0.0, 0.0, 0.0, 0.0, 0.0, 0.0, 0.0, 0.0, 0.0, 0.0, 0.0, 0.0, 0.0, 0.0, 0.0, 0.0, 0.0, 0.0, 0.0, 0.0, 0.0, 0.0, 0.0, 0.0, 0.0, 0.0, 0.0, 0.0, 0.0]",COMPLETE
