,number,value,datetime_start,datetime_complete,duration,params_batch_size_scaler,params_constant_learning_rate,params_depth,params_epochs,params_kernel_l2,params_num_trees,params_temperature,user_attrs_accuracy_test,user_attrs_accuracy_valid,user_attrs_approximate_feature_sparsity,user_attrs_approximate_feature_sparsity_history,user_attrs_approximate_weight_sparsity,user_attrs_approximate_weight_sparsity_history,user_attrs_auc_test,user_attrs_auc_valid,user_attrs_feature_sparsity,user_attrs_feature_sparsity_history,user_attrs_num_epochs,user_attrs_val_loss_history,user_attrs_weight_sparsity,user_attrs_weight_sparsity_history,state
70,70,0.9114528989707721,2024-08-31 03:51:42.824494,2024-08-31 03:54:28.142292,0 days 00:02:45.317798,16,0.2355486096278813,5,215,0.010891719884251168,45,0.010590459760806406,0.912,0.90625,33,"[33, 33, 33, 33, 33, 33, 33, 33, 33, 33, 33, 33, 33, 33, 33, 33, 33, 33, 33, 33, 33, 33, 33, 33, 33, 33, 33, 33, 33, 33, 33, 33, 33, 33, 33, 33, 33, 33, 33, 33, 33, 33, 33, 33, 33, 33, 33, 33, 33, 33, 33, 33, 33, 33, 33, 33, 33, 33, 33, 33, 33, 33, 33, 33, 33, 33, 33, 33, 33, 33, 33, 33, 33, 33, 33, 33, 33, 33, 33, 33, 33, 33, 33, 33, 33, 33, 33, 33, 33, 33, 33, 33, 33, 33, 33, 33, 33, 33, 33, 33, 33, 33, 33, 33, 33, 33, 33, 33, 33, 33, 33, 33, 33, 33, 33, 33, 33, 33, 33, 33, 33, 33, 33, 33, 33, 33, 33, 33, 33, 33, 33, 33, 33, 33, 33, 33, 33, 33, 33, 33, 33, 33, 33, 33, 33, 33, 33, 33, 33, 33, 33, 33, 33, 33, 33, 33, 33, 33, 33, 33, 33, 33, 33, 33, 33, 33, 33, 33, 33, 33, 33, 33, 33, 33, 33, 33, 33, 33, 33, 33, 33, 33, 33, 33, 33, 33, 33, 33, 33, 33, 33, 33, 33, 33, 33, 33, 33, 33, 33, 33, 33, 33, 33, 33, 33, 33, 33, 33, 33, 33, 33, 33, 33, 33, 33]",32.95197132616487,"[32.95197132616487, 32.95770609318997, 32.96200716845878, 32.951254480286735, 32.945519713261646, 32.951254480286735, 32.95483870967742, 32.956272401433694, 32.94767025089606, 32.951254480286735, 32.940501792114695, 32.95197132616487, 32.95340501792114, 32.95913978494624, 32.94767025089605, 32.94336917562724, 32.94838709677419, 32.951254480286735, 32.9426523297491, 32.95197132616487, 32.95340501792114, 32.95627240143369, 32.94910394265233, 32.95412186379928, 32.94910394265233, 32.94408602150538, 32.93978494623656, 32.94767025089606, 32.9426523297491, 32.9426523297491, 32.946236559139784, 32.94408602150537, 32.94910394265233, 32.94767025089606, 32.95268817204301, 32.95197132616487, 32.94838709677419, 32.95197132616487, 32.951254480286735, 32.94838709677419, 32.94551971326165, 32.94767025089606, 32.944802867383515, 32.94336917562724, 32.94408602150537, 32.94982078853047, 32.95197132616487, 32.94480286738351, 32.95268817204301, 32.9505376344086, 32.951254480286735, 32.94480286738351, 32.94695340501792, 32.94767025089605, 32.94838709677419, 32.93763440860215, 32.93261648745519, 32.940501792114695, 32.93978494623656, 32.94408602150538, 32.9426523297491, 32.941218637992826, 32.93691756272401, 32.946236559139784, 32.94982078853047, 32.95197132616487, 32.944802867383515, 32.9426523297491, 32.940501792114695, 32.94480286738351, 32.946236559139784, 32.941218637992826, 32.940501792114695, 32.93691756272401, 32.935483870967744, 32.93978494623656, 32.94480286738351, 32.941218637992826, 32.941935483870964, 32.93548387096774, 32.93978494623656, 32.93333333333333, 32.9426523297491, 32.936200716845875, 32.93405017921147, 32.93691756272401, 32.93405017921147, 32.935483870967744, 32.93691756272401, 32.93906810035842, 32.94838709677419, 32.94767025089605, 32.94838709677419, 32.94838709677419, 32.94767025089605, 32.95340501792114, 32.95770609318996, 32.95412186379928, 32.94982078853047, 32.95483870967742, 32.955555555555556, 32.95483870967742, 32.94982078853047, 32.94982078853046, 32.95412186379928, 32.95197132616487, 32.95197132616487, 32.946953405017915, 32.941935483870964, 32.940501792114695, 32.940501792114695, 32.93978494623656, 32.93978494623656, 32.944802867383515, 32.945519713261646, 32.9505376344086, 32.94336917562724, 32.94408602150538, 32.94336917562724, 32.93978494623656, 32.945519713261646, 32.94767025089605, 32.94838709677419, 32.94982078853047, 32.94838709677419, 32.946236559139784, 32.946953405017915, 32.946236559139784, 32.955555555555556, 32.951254480286735, 32.94838709677419, 32.955555555555556, 32.96200716845878, 32.95555555555555, 32.95698924731183, 32.94982078853047, 32.94623655913978, 32.94838709677419, 32.94910394265233, 32.94695340501792, 32.95340501792114, 32.95412186379928, 32.95483870967742, 32.95913978494624, 32.95340501792115, 32.95268817204301, 32.955555555555556, 32.94910394265233, 32.94910394265233, 32.95340501792114, 32.95197132616487, 32.95412186379929, 32.950537634408605, 32.94982078853047, 32.95197132616487, 32.9584229390681, 32.960573476702514, 32.955555555555556, 32.959856630824376, 32.95412186379929, 32.94982078853046, 32.95268817204301, 32.951254480286735, 32.95197132616487, 32.95197132616487, 32.95412186379928, 32.95340501792114, 32.95268817204301, 32.95340501792114, 32.94767025089605, 32.94910394265233, 32.9505376344086, 32.95483870967742, 32.95483870967742, 32.956272401433694, 32.955555555555556, 32.950537634408605, 32.9584229390681, 32.95770609318996, 32.95770609318996, 32.9584229390681, 32.95770609318996, 32.956272401433694, 32.95770609318996, 32.9584229390681, 32.959856630824376, 32.955555555555556, 32.95913978494623, 32.95412186379928, 32.94767025089605, 32.94838709677419, 32.95197132616487, 32.94982078853047, 32.94838709677419, 32.94982078853046, 32.9505376344086, 32.95340501792114, 32.95268817204301, 32.95197132616487, 32.94767025089606, 32.9584229390681, 32.95197132616487, 32.95268817204301, 32.95340501792115, 32.94767025089605, 32.944802867383515, 32.950537634408605, 32.94767025089606, 32.94767025089606, 32.94910394265232, 32.951254480286735, 32.94838709677419, 32.952688172043004, 32.952688172043004, 32.95197132616487]",0.8938316861929178,0.9114528989707721,33,"[33, 33, 33, 33, 33, 33, 33, 33, 33, 33, 33, 33, 33, 33, 33, 33, 33, 33, 33, 33, 33, 33, 33, 33, 33, 33, 33, 33, 33, 33, 33, 33, 33, 33, 33, 33, 33, 33, 33, 33, 33, 33, 33, 33, 33, 33, 33, 33, 33, 33, 33, 33, 33, 33, 33, 33, 33, 33, 33, 33, 33, 33, 33, 33, 33, 33, 33, 33, 33, 33, 33, 33, 33, 33, 33, 33, 33, 33, 33, 33, 33, 33, 33, 33, 33, 33, 33, 33, 33, 33, 33, 33, 33, 33, 33, 33, 33, 33, 33, 33, 33, 33, 33, 33, 33, 33, 33, 33, 33, 33, 33, 33, 33, 33, 33, 33, 33, 33, 33, 33, 33, 33, 33, 33, 33, 33, 33, 33, 33, 33, 33, 33, 33, 33, 33, 33, 33, 33, 33, 33, 33, 33, 33, 33, 33, 33, 33, 33, 33, 33, 33, 33, 33, 33, 33, 33, 33, 33, 33, 33, 33, 33, 33, 33, 33, 33, 33, 33, 33, 33, 33, 33, 33, 33, 33, 33, 33, 33, 33, 33, 33, 33, 33, 33, 33, 33, 33, 33, 33, 33, 33, 33, 33, 33, 33, 33, 33, 33, 33, 33, 33, 33, 33, 33, 33, 33, 33, 33, 33, 33, 33, 33, 33, 33, 33]",215,"[0.4091927409172058, 0.39471548795700073, 0.3895973563194275, 0.38615286350250244, 0.38311898708343506, 0.38051629066467285, 0.3781384229660034, 0.3762265741825104, 0.37446048855781555, 0.3728576600551605, 0.37159478664398193, 0.3703426420688629, 0.36921557784080505, 0.36815980076789856, 0.3672875165939331, 0.36612269282341003, 0.3652188181877136, 0.36431798338890076, 0.36359837651252747, 0.36277100443840027, 0.36192822456359863, 0.3611593544483185, 0.3605250120162964, 0.35963135957717896, 0.3588278293609619, 0.35808125138282776, 0.35739585757255554, 0.35666128993034363, 0.3559272289276123, 0.3553279638290405, 0.3546527922153473, 0.3537088632583618, 0.35323402285575867, 0.35239288210868835, 0.3519485592842102, 0.35108333826065063, 0.350101113319397, 0.3495769202709198, 0.34880077838897705, 0.34800755977630615, 0.3471720516681671, 0.3463619649410248, 0.34565526247024536, 0.34484386444091797, 0.34409934282302856, 0.3435481786727905, 0.3428858816623688, 0.3421020805835724, 0.341487318277359, 0.340764582157135, 0.3398699164390564, 0.3390761613845825, 0.3384499251842499, 0.33776092529296875, 0.336980938911438, 0.33618712425231934, 0.33543455600738525, 0.33468031883239746, 0.3339729309082031, 0.33313819766044617, 0.3324134051799774, 0.33166420459747314, 0.33102309703826904, 0.32990342378616333, 0.32901424169540405, 0.3284964859485626, 0.327599436044693, 0.3266456723213196, 0.3256876468658447, 0.32500916719436646, 0.32408657670021057, 0.323246031999588, 0.322361558675766, 0.3215097188949585, 0.32071250677108765, 0.31977811455726624, 0.31894147396087646, 0.3183712661266327, 0.31708818674087524, 0.3158772587776184, 0.31495553255081177, 0.31385642290115356, 0.31294405460357666, 0.31190627813339233, 0.3109586238861084, 0.3100343942642212, 0.30919599533081055, 0.30812156200408936, 0.3071482181549072, 0.30637362599372864, 0.30523180961608887, 0.30411258339881897, 0.3029671907424927, 0.30170443654060364, 0.3008292615413666, 0.2998066842556, 0.2986682057380676, 0.29780280590057373, 0.29675811529159546, 0.295722097158432, 0.29466843605041504, 0.29380127787590027, 0.2928544282913208, 0.29201969504356384, 0.29081371426582336, 0.2896963655948639, 0.2888037860393524, 0.2880484461784363, 0.28675076365470886, 0.2858084440231323, 0.28480854630470276, 0.28392598032951355, 0.28299680352211, 0.2817921042442322, 0.2808857858181, 0.2798652946949005, 0.27905571460723877, 0.2780749201774597, 0.2774091064929962, 0.27658140659332275, 0.275989830493927, 0.2751517593860626, 0.27414897084236145, 0.27344056963920593, 0.2724663019180298, 0.27165690064430237, 0.2711438238620758, 0.27044677734375, 0.269662469625473, 0.2689964771270752, 0.26829764246940613, 0.2676319181919098, 0.26703375577926636, 0.26643773913383484, 0.2657316327095032, 0.2650872468948364, 0.2645341157913208, 0.2639608085155487, 0.263397753238678, 0.26266351342201233, 0.26217761635780334, 0.26142358779907227, 0.2608775794506073, 0.2602345943450928, 0.2597266137599945, 0.25944897532463074, 0.2588821351528168, 0.2582007348537445, 0.2575482726097107, 0.2572977840900421, 0.25669410824775696, 0.2561737895011902, 0.2556082606315613, 0.25500795245170593, 0.2546481490135193, 0.254159152507782, 0.25357893109321594, 0.25307679176330566, 0.2525067627429962, 0.25209054350852966, 0.25190800428390503, 0.2510164976119995, 0.250621497631073, 0.250301331281662, 0.24954912066459656, 0.2490496188402176, 0.24835748970508575, 0.24769027531147003, 0.24717338383197784, 0.2468300312757492, 0.24642428755760193, 0.24616581201553345, 0.24591977894306183, 0.24535326659679413, 0.2448236346244812, 0.24453584849834442, 0.24398420751094818, 0.24361108243465424, 0.2431156486272812, 0.24296745657920837, 0.24250125885009766, 0.24217729270458221, 0.24142052233219147, 0.24115444719791412, 0.24069805443286896, 0.2406136691570282, 0.23982666432857513, 0.23937585949897766, 0.2389669269323349, 0.23879513144493103, 0.2381787747144699, 0.23786243796348572, 0.23743222653865814, 0.23700183629989624, 0.23648574948310852, 0.23603284358978271, 0.23590920865535736, 0.2353794425725937, 0.2348863184452057, 0.2344382107257843, 0.23376299440860748, 0.2340259552001953, 0.23335252702236176, 0.23315714299678802, 0.23248642683029175, 0.23197412490844727, 0.23168276250362396, 0.23112894594669342, 0.23072493076324463, 0.2305433601140976, 0.22994926571846008, 0.22975535690784454, 0.22921104729175568, 0.22882694005966187, 0.2283501774072647]",33.0,"[33.0, 33.0, 33.0, 33.0, 33.0, 33.0, 33.0, 33.0, 33.0, 33.0, 33.0, 33.0, 33.0, 33.0, 33.0, 33.0, 33.0, 33.0, 33.0, 33.0, 33.0, 33.0, 33.0, 33.0, 33.0, 33.0, 33.0, 33.0, 33.0, 33.0, 33.0, 33.0, 33.0, 33.0, 33.0, 33.0, 33.0, 33.0, 33.0, 33.0, 33.0, 33.0, 33.0, 33.0, 33.0, 33.0, 33.0, 33.0, 33.0, 33.0, 33.0, 33.0, 33.0, 33.0, 33.0, 33.0, 33.0, 33.0, 33.0, 33.0, 33.0, 33.0, 33.0, 33.0, 33.0, 33.0, 33.0, 33.0, 33.0, 33.0, 33.0, 33.0, 33.0, 33.0, 33.0, 33.0, 33.0, 33.0, 33.0, 33.0, 33.0, 33.0, 33.0, 33.0, 33.0, 33.0, 33.0, 33.0, 33.0, 33.0, 33.0, 33.0, 33.0, 33.0, 33.0, 33.0, 33.0, 33.0, 33.0, 33.0, 33.0, 33.0, 33.0, 33.0, 33.0, 33.0, 33.0, 33.0, 33.0, 33.0, 33.0, 33.0, 33.0, 33.0, 33.0, 33.0, 33.0, 33.0, 33.0, 33.0, 33.0, 33.0, 33.0, 33.0, 33.0, 33.0, 33.0, 33.0, 33.0, 33.0, 33.0, 33.0, 33.0, 33.0, 33.0, 33.0, 33.0, 33.0, 33.0, 33.0, 33.0, 33.0, 33.0, 33.0, 33.0, 33.0, 33.0, 33.0, 33.0, 33.0, 33.0, 33.0, 33.0, 33.0, 33.0, 33.0, 33.0, 33.0, 33.0, 33.0, 33.0, 33.0, 33.0, 33.0, 33.0, 33.0, 33.0, 33.0, 33.0, 33.0, 33.0, 33.0, 33.0, 33.0, 33.0, 33.0, 33.0, 33.0, 33.0, 33.0, 33.0, 33.0, 33.0, 33.0, 33.0, 33.0, 33.0, 33.0, 33.0, 33.0, 33.0, 33.0, 33.0, 33.0, 33.0, 33.0, 33.0, 33.0, 33.0, 33.0, 33.0, 33.0, 33.0, 33.0, 33.0, 33.0, 33.0, 33.0, 33.0, 33.0, 33.0, 33.0, 33.0, 33.0, 33.0]",COMPLETE
