,number,value,datetime_start,datetime_complete,duration,params_batch_size_scaler,params_constant_learning_rate,params_depth,params_epochs,params_kernel_l2,params_num_trees,params_temperature,user_attrs_accuracy_test,user_attrs_accuracy_valid,user_attrs_approximate_feature_sparsity,user_attrs_approximate_feature_sparsity_history,user_attrs_approximate_weight_sparsity,user_attrs_approximate_weight_sparsity_history,user_attrs_auc_test,user_attrs_auc_valid,user_attrs_feature_sparsity,user_attrs_feature_sparsity_history,user_attrs_num_epochs,user_attrs_val_loss_history,user_attrs_weight_sparsity,user_attrs_weight_sparsity_history,state
73,73,0.9364042714894824,2024-08-31 03:59:00.311014,2024-08-31 04:03:31.947961,0 days 00:04:31.636947,16,1.2652551375989738,6,315,0.32653811858247433,55,0.00010563276031309157,0.951,0.95375,26,"[33, 33, 33, 33, 33, 33, 33, 33, 33, 33, 33, 33, 33, 33, 33, 33, 33, 33, 33, 33, 33, 33, 33, 33, 33, 33, 33, 33, 33, 33, 33, 33, 33, 33, 33, 33, 33, 33, 33, 33, 33, 33, 33, 33, 33, 33, 33, 33, 33, 33, 33, 33, 33, 33, 33, 33, 33, 33, 33, 33, 33, 33, 33, 33, 33, 33, 33, 33, 33, 33, 33, 33, 33, 33, 33, 33, 33, 33, 33, 33, 33, 33, 33, 33, 33, 33, 33, 33, 33, 33, 33, 33, 33, 33, 33, 33, 33, 33, 33, 33, 33, 33, 33, 33, 32, 32, 32, 32, 32, 32, 32, 32, 31, 31, 30, 30, 30, 30, 30, 30, 30, 30, 30, 30, 30, 30, 30, 30, 30, 30, 30, 30, 30, 30, 29, 29, 29, 29, 29, 29, 29, 28, 28, 28, 28, 28, 28, 28, 28, 28, 28, 28, 28, 28, 28, 28, 28, 28, 28, 28, 28, 28, 28, 28, 28, 28, 28, 28, 28, 28, 28, 28, 28, 28, 28, 28, 28, 28, 26, 26, 26, 26, 26, 26, 26, 26, 26, 26, 26, 26, 26, 26, 26, 26, 26, 26, 26, 26, 26, 26, 26, 26, 26, 26, 26, 26, 26, 26, 26, 26, 26, 26, 26, 26, 26, 26, 26, 26, 26, 26, 26, 26, 26, 26, 26, 26, 26, 26, 26, 26, 26, 26, 26, 26, 26, 26, 26, 26, 26, 26, 26, 26, 26, 26, 26, 26, 26, 26, 26, 26, 26, 26, 26, 26, 26, 26, 26, 26, 26, 26, 26, 26, 26, 26, 26, 26, 26, 26, 26, 26, 26, 26, 26, 26, 26, 26, 26, 26, 26, 26, 26, 26, 26, 26, 26, 26, 26, 26, 26, 26, 26, 26, 26, 26, 26, 26, 26, 26, 26, 26, 26, 26, 26, 26, 26, 26, 26, 26, 26, 26, 26, 26, 26, 26, 26]",25.87417027417027,"[32.917748917748916, 32.923809523809524, 32.92121212121212, 32.921789321789326, 32.92092352092352, 32.920634920634924, 32.91919191919192, 32.91226551226551, 32.91139971139971, 32.9067821067821, 32.91399711399711, 32.914862914862915, 32.92063492063492, 32.91919191919192, 32.92842712842713, 32.92005772005772, 32.92409812409812, 32.923809523809524, 32.925252525252525, 32.92929292929293, 32.92582972582973, 32.920923520923516, 32.91774891774892, 32.91861471861472, 32.91544011544011, 32.917748917748916, 32.918037518037515, 32.91226551226551, 32.91919191919192, 32.92467532467533, 32.924963924963926, 32.926406926406926, 32.918037518037515, 32.92784992784993, 32.91890331890332, 32.91688311688312, 32.92842712842713, 32.92121212121212, 32.92005772005772, 32.92150072150072, 32.92265512265512, 32.923809523809524, 32.92121212121212, 32.923809523809524, 32.91746031746032, 32.91890331890332, 32.915151515151514, 32.91803751803752, 32.91168831168831, 32.916305916305916, 32.91572871572872, 32.91139971139971, 32.9082251082251, 32.906493506493504, 32.90851370851371, 32.90880230880231, 32.9067821067821, 32.91399711399711, 32.90591630591631, 32.9015873015873, 32.906204906204906, 32.91601731601732, 32.9038961038961, 32.91457431457432, 32.91255411255411, 32.90764790764791, 32.911976911976915, 32.905050505050504, 32.903318903318905, 32.903318903318905, 32.90562770562771, 32.906204906204906, 32.90533910533911, 32.90851370851371, 32.90735930735931, 32.9067821067821, 32.90822510822511, 32.910533910533914, 32.913419913419915, 32.91024531024531, 32.91139971139971, 32.903318903318905, 32.8972582972583, 32.9027417027417, 32.907647907647906, 32.903030303030306, 32.8987012987013, 32.900721500721495, 32.9053391053391, 32.903030303030306, 32.897546897546896, 32.898989898989896, 32.9001443001443, 32.9024531024531, 32.9021645021645, 32.9010101010101, 32.903318903318905, 32.90389610389611, 32.9036075036075, 32.904473304473306, 32.9007215007215, 32.9024531024531, 32.8984126984127, 32.901875901875904, 31.897835497835498, 31.902164502164503, 31.894949494949493, 31.89235209235209, 31.901010101010097, 31.9024531024531, 31.900144300144298, 31.896103896103895, 30.898701298701297, 30.894372294372292, 29.89119769119769, 29.896969696969695, 29.904761904761905, 29.904761904761905, 29.903896103896102, 29.906493506493508, 29.901875901875904, 29.903030303030302, 29.907359307359307, 29.903607503607503, 29.894660894660895, 29.895238095238096, 29.9007215007215, 29.8984126984127, 29.897835497835498, 29.8989898989899, 29.901587301587302, 29.900721500721502, 29.903318903318905, 29.8989898989899, 28.9027417027417, 28.904761904761905, 28.901298701298696, 28.9041847041847, 28.900144300144298, 28.8989898989899, 28.9007215007215, 27.8998556998557, 27.9007215007215, 27.9027417027417, 27.901587301587305, 27.902741702741707, 27.906493506493508, 27.90793650793651, 27.909379509379512, 27.90995670995671, 27.90735930735931, 27.91139971139971, 27.91370851370851, 27.916594516594515, 27.91082251082251, 27.908802308802308, 27.90822510822511, 27.907647907647906, 27.903607503607507, 27.905339105339106, 27.909379509379512, 27.902164502164503, 27.9001443001443, 27.9010101010101, 27.898701298701297, 27.8972582972583, 27.8961038961039, 27.903607503607507, 27.90562770562771, 27.902164502164503, 27.901010101010097, 27.903607503607503, 27.894949494949493, 27.892352092352095, 27.893506493506493, 27.898989898989903, 27.8989898989899, 27.901875901875904, 25.905050505050507, 25.906782106782106, 25.904473304473306, 25.897835497835498, 25.8992784992785, 25.904473304473303, 25.906493506493508, 25.908513708513706, 25.900432900432897, 25.8995670995671, 25.9024531024531, 25.906782106782106, 25.898701298701297, 25.897546897546896, 25.907647907647906, 25.90562770562771, 25.898124098124097, 25.897258297258297, 25.900144300144298, 25.895815295815293, 25.901587301587302, 25.905339105339102, 25.9027417027417, 25.898124098124097, 25.896681096681096, 25.907070707070705, 25.907359307359307, 25.9001443001443, 25.895238095238096, 25.89466089466089, 25.9027417027417, 25.8995670995671, 25.901587301587302, 25.905339105339102, 25.900144300144298, 25.8975468975469, 25.901587301587305, 25.9004329004329, 25.8966810966811, 25.891774891774894, 25.89148629148629, 25.8969696969697, 25.88917748917749, 25.893506493506496, 25.894372294372296, 25.892352092352095, 25.894372294372296, 25.896103896103895, 25.894372294372292, 25.8989898989899, 25.895526695526694, 25.890620490620492, 25.893217893217894, 25.898701298701294, 25.89062049062049, 25.8975468975469, 25.896681096681096, 25.893217893217894, 25.892929292929296, 25.89321789321789, 25.892640692640693, 25.89062049062049, 25.88946608946609, 25.890331890331893, 25.89177489177489, 25.896681096681093, 25.897546897546896, 25.894949494949493, 25.896681096681096, 25.893217893217894, 25.8961038961039, 25.89033189033189, 25.889177489177488, 25.896103896103895, 25.892063492063492, 25.892929292929292, 25.89235209235209, 25.894949494949493, 25.89177489177489, 25.89177489177489, 25.899278499278502, 25.88513708513708, 25.89033189033189, 25.88946608946609, 25.890909090909094, 25.883982683982683, 25.881962481962482, 25.888023088023086, 25.87849927849928, 25.882539682539683, 25.881673881673883, 25.882251082251077, 25.87994227994228, 25.874170274170275, 25.878787878787875, 25.875036075036075, 25.879942279942277, 25.881962481962482, 25.881096681096682, 25.88138528138528, 25.884559884559884, 25.877633477633477, 25.881096681096682, 25.88282828282828, 25.874747474747476, 25.881962481962482, 25.888311688311685, 25.890331890331893, 25.883405483405483, 25.88253968253968, 25.883405483405483, 25.885137085137085, 25.88369408369408, 25.885137085137085, 25.882828282828278, 25.889177489177488, 25.881962481962482, 25.88023088023088, 25.883982683982683, 25.881096681096682, 25.88946608946609, 25.886580086580086, 25.87878787878788, 25.88051948051948, 25.88311688311688, 25.87041847041847, 25.87907647907648, 25.87070707070707, 25.87070707070707, 25.87099567099567, 25.865223665223667, 25.873304473304476, 25.870129870129865, 25.873593073593074, 25.875324675324674, 25.870995670995676, 25.87417027417027]",0.9178659004780423,0.9364042714894824,26,"[33, 33, 33, 33, 33, 33, 33, 33, 33, 33, 33, 33, 33, 33, 33, 33, 33, 33, 33, 33, 33, 33, 33, 33, 33, 33, 33, 33, 33, 33, 33, 33, 33, 33, 33, 33, 33, 33, 33, 33, 33, 33, 33, 33, 33, 33, 33, 33, 33, 33, 33, 33, 33, 33, 33, 33, 33, 33, 33, 33, 33, 33, 33, 33, 33, 33, 33, 33, 33, 33, 33, 33, 33, 33, 33, 33, 33, 33, 33, 33, 33, 33, 33, 33, 33, 33, 33, 33, 33, 33, 33, 33, 33, 33, 33, 33, 33, 33, 33, 33, 33, 33, 33, 33, 32, 32, 32, 32, 32, 32, 32, 32, 31, 31, 30, 30, 30, 30, 30, 30, 30, 30, 30, 30, 30, 30, 30, 30, 30, 30, 30, 30, 30, 30, 29, 29, 29, 29, 29, 29, 29, 28, 28, 28, 28, 28, 28, 28, 28, 28, 28, 28, 28, 28, 28, 28, 28, 28, 28, 28, 28, 28, 28, 28, 28, 28, 28, 28, 28, 28, 28, 28, 28, 28, 28, 28, 28, 28, 26, 26, 26, 26, 26, 26, 26, 26, 26, 26, 26, 26, 26, 26, 26, 26, 26, 26, 26, 26, 26, 26, 26, 26, 26, 26, 26, 26, 26, 26, 26, 26, 26, 26, 26, 26, 26, 26, 26, 26, 26, 26, 26, 26, 26, 26, 26, 26, 26, 26, 26, 26, 26, 26, 26, 26, 26, 26, 26, 26, 26, 26, 26, 26, 26, 26, 26, 26, 26, 26, 26, 26, 26, 26, 26, 26, 26, 26, 26, 26, 26, 26, 26, 26, 26, 26, 26, 26, 26, 26, 26, 26, 26, 26, 26, 26, 26, 26, 26, 26, 26, 26, 26, 26, 26, 26, 26, 26, 26, 26, 26, 26, 26, 26, 26, 26, 26, 26, 26, 26, 26, 26, 26, 26, 26, 26, 26, 26, 26, 26, 26, 26, 26, 26, 26, 26, 26]",315,"[0.39556819200515747, 0.3854895830154419, 0.37932246923446655, 0.3753155767917633, 0.37235134840011597, 0.36962464451789856, 0.3674650192260742, 0.3650418519973755, 0.3624417781829834, 0.3594825863838196, 0.35703346133232117, 0.35408759117126465, 0.35183045268058777, 0.3492946922779083, 0.3470572233200073, 0.3448353707790375, 0.34235161542892456, 0.3458366394042969, 0.3368590474128723, 0.3354737460613251, 0.3326677680015564, 0.32946765422821045, 0.3283132314682007, 0.32181239128112793, 0.3189583718776703, 0.316180020570755, 0.31234970688819885, 0.3080279231071472, 0.30442988872528076, 0.30145180225372314, 0.29794469475746155, 0.29403674602508545, 0.2901851534843445, 0.2867644131183624, 0.285356730222702, 0.2813529074192047, 0.2782198190689087, 0.27568066120147705, 0.2749340534210205, 0.2714245617389679, 0.2696165442466736, 0.2670319974422455, 0.2657824456691742, 0.2652064263820648, 0.2619381248950958, 0.26023179292678833, 0.2631073594093323, 0.2572372555732727, 0.2564701437950134, 0.25396671891212463, 0.25339627265930176, 0.2523697018623352, 0.25023525953292847, 0.2476835399866104, 0.2481844127178192, 0.2464117407798767, 0.2464560568332672, 0.2432694286108017, 0.24146589636802673, 0.2410096526145935, 0.2397359311580658, 0.23870739340782166, 0.23851871490478516, 0.23797444999217987, 0.23976576328277588, 0.23479245603084564, 0.2333904206752777, 0.235086590051651, 0.23137933015823364, 0.23093609511852264, 0.23167955875396729, 0.2304251343011856, 0.22781820595264435, 0.22963477671146393, 0.22649677097797394, 0.2250109612941742, 0.22382871806621552, 0.2233133763074875, 0.22324666380882263, 0.2228795439004898, 0.22191080451011658, 0.22292833030223846, 0.22012171149253845, 0.22014078497886658, 0.21904464066028595, 0.21839433908462524, 0.21818381547927856, 0.21615803241729736, 0.21593116223812103, 0.21715280413627625, 0.21705743670463562, 0.21642030775547028, 0.21395882964134216, 0.2173178642988205, 0.21340402960777283, 0.21362759172916412, 0.21297603845596313, 0.2116919457912445, 0.2113928645849228, 0.21099287271499634, 0.21072182059288025, 0.21061529219150543, 0.2103905826807022, 0.21070900559425354, 0.21100637316703796, 0.21065424382686615, 0.2083704173564911, 0.20830067992210388, 0.20772798359394073, 0.20938235521316528, 0.20769159495830536, 0.2083410620689392, 0.20993362367153168, 0.21108070015907288, 0.20605674386024475, 0.20924383401870728, 0.2068205326795578, 0.20958533883094788, 0.207882359623909, 0.20940914750099182, 0.2044183760881424, 0.20519700646400452, 0.2078256756067276, 0.20912259817123413, 0.20555461943149567, 0.20517544448375702, 0.2073628455400467, 0.20916002988815308, 0.20288026332855225, 0.20467102527618408, 0.20245008170604706, 0.2027873396873474, 0.20217947661876678, 0.20471525192260742, 0.20974595844745636, 0.20941992104053497, 0.2090357542037964, 0.20521366596221924, 0.20707614719867706, 0.2102186232805252, 0.21511906385421753, 0.20984520018100739, 0.20773714780807495, 0.20513921976089478, 0.20230475068092346, 0.2011502981185913, 0.20412158966064453, 0.20488232374191284, 0.20413731038570404, 0.2022729367017746, 0.20224913954734802, 0.20280148088932037, 0.20130935311317444, 0.20343302190303802, 0.20160728693008423, 0.20060165226459503, 0.20252925157546997, 0.19909463822841644, 0.1998988687992096, 0.20146453380584717, 0.1969078779220581, 0.2079911082983017, 0.20527653396129608, 0.1994302123785019, 0.19952847063541412, 0.20400285720825195, 0.20079801976680756, 0.2042350023984909, 0.19814252853393555, 0.19902952015399933, 0.19854973256587982, 0.20170852541923523, 0.1992359608411789, 0.19985324144363403, 0.19601240754127502, 0.2017659693956375, 0.1966926008462906, 0.19895824790000916, 0.19126646220684052, 0.19614657759666443, 0.1932571530342102, 0.19182325899600983, 0.1909780502319336, 0.1929556131362915, 0.19484718143939972, 0.1965823918581009, 0.1956939697265625, 0.19353851675987244, 0.1897643804550171, 0.1906919628381729, 0.19506196677684784, 0.19573970139026642, 0.191836416721344, 0.19250372052192688, 0.1910003274679184, 0.18877439200878143, 0.1880769580602646, 0.18982575833797455, 0.19319668412208557, 0.18776485323905945, 0.19675731658935547, 0.19031624495983124, 0.1892690658569336, 0.19347093999385834, 0.19449728727340698, 0.18796953558921814, 0.18988260626792908, 0.18558092415332794, 0.18810835480690002, 0.1874047815799713, 0.1904711276292801, 0.19002492725849152, 0.19175530970096588, 0.18874040246009827, 0.1879303902387619, 0.18709222972393036, 0.1929234266281128, 0.1896190643310547, 0.1888372302055359, 0.18637815117835999, 0.1925889253616333, 0.1882750391960144, 0.18672552704811096, 0.19193212687969208, 0.19021831452846527, 0.18775250017642975, 0.1844361126422882, 0.18783529102802277, 0.18915235996246338, 0.18789060413837433, 0.1871885061264038, 0.18876422941684723, 0.19063813984394073, 0.18759214878082275, 0.18507471680641174, 0.18727841973304749, 0.18951383233070374, 0.19418485462665558, 0.1884108930826187, 0.1860719472169876, 0.1868872195482254, 0.18901892006397247, 0.19594167172908783, 0.19298642873764038, 0.1838141828775406, 0.1847451627254486, 0.18469294905662537, 0.1872168928384781, 0.18502262234687805, 0.18965454399585724, 0.18697001039981842, 0.18870466947555542, 0.18984468281269073, 0.1863369196653366, 0.18651792407035828, 0.1902949959039688, 0.19031427800655365, 0.18433895707130432, 0.19131599366664886, 0.1884857714176178, 0.19353578984737396, 0.1915091872215271, 0.18833918869495392, 0.18519550561904907, 0.1849004030227661, 0.1882239282131195, 0.18855920433998108, 0.18656545877456665, 0.1858573704957962, 0.18630677461624146, 0.18580490350723267, 0.18537044525146484, 0.18449416756629944, 0.1894150972366333, 0.18441255390644073, 0.1858566850423813, 0.1904432475566864, 0.1876630187034607, 0.18519224226474762, 0.18637853860855103, 0.19235731661319733, 0.1884937882423401, 0.18897685408592224, 0.1885756105184555, 0.18796750903129578, 0.1896999031305313, 0.1879320740699768, 0.1913328766822815, 0.1839733123779297, 0.18686272203922272, 0.18770474195480347, 0.18663446605205536, 0.18707066774368286, 0.18446119129657745, 0.18646174669265747, 0.19329629838466644, 0.19144636392593384, 0.1841694414615631, 0.1852233111858368, 0.18257765471935272, 0.1855795532464981, 0.19306959211826324, 0.1852414309978485, 0.18481695652008057, 0.18862274289131165, 0.1841786950826645, 0.18543905019760132, 0.1904493272304535, 0.19172005355358124, 0.18504907190799713, 0.18766194581985474, 0.1846904754638672, 0.18976694345474243, 0.1862277388572693, 0.18559347093105316]",26.0,"[33.0, 33.0, 33.0, 33.0, 33.0, 33.0, 33.0, 33.0, 33.0, 33.0, 33.0, 33.0, 33.0, 33.0, 33.0, 33.0, 33.0, 33.0, 33.0, 33.0, 33.0, 33.0, 33.0, 33.0, 33.0, 33.0, 33.0, 33.0, 33.0, 33.0, 33.0, 33.0, 33.0, 33.0, 33.0, 33.0, 33.0, 33.0, 33.0, 33.0, 33.0, 33.0, 33.0, 33.0, 33.0, 33.0, 33.0, 33.0, 33.0, 33.0, 33.0, 33.0, 33.0, 33.0, 33.0, 33.0, 33.0, 33.0, 33.0, 33.0, 33.0, 33.0, 33.0, 33.0, 33.0, 33.0, 33.0, 33.0, 33.0, 33.0, 33.0, 33.0, 33.0, 33.0, 33.0, 33.0, 33.0, 33.0, 33.0, 33.0, 33.0, 33.0, 33.0, 33.0, 33.0, 33.0, 33.0, 33.0, 33.0, 33.0, 33.0, 33.0, 33.0, 33.0, 33.0, 33.0, 33.0, 33.0, 33.0, 33.0, 33.0, 33.0, 33.0, 33.0, 32.0, 32.0, 32.0, 32.0, 32.0, 32.0, 32.0, 32.0, 31.0, 31.0, 30.0, 30.0, 30.0, 30.0, 30.0, 30.0, 30.0, 30.0, 30.0, 30.0, 30.0, 30.0, 30.0, 30.0, 30.0, 30.0, 30.0, 30.0, 30.0, 30.0, 29.0, 29.0, 29.0, 29.0, 29.0, 29.0, 29.0, 28.0, 28.0, 28.0, 28.0, 28.0, 28.0, 28.0, 28.0, 28.0, 28.0, 28.0, 28.0, 28.0, 28.0, 28.0, 28.0, 28.0, 28.0, 28.0, 28.0, 28.0, 28.0, 28.0, 28.0, 28.0, 28.0, 28.0, 28.0, 28.0, 28.0, 28.0, 28.0, 28.0, 28.0, 28.0, 28.0, 28.0, 26.0, 26.0, 26.0, 26.0, 26.0, 26.0, 26.0, 26.0, 26.0, 26.0, 26.0, 26.0, 26.0, 26.0, 26.0, 26.0, 26.0, 26.0, 26.0, 26.0, 26.0, 26.0, 26.0, 26.0, 26.0, 26.0, 26.0, 26.0, 26.0, 26.0, 26.0, 26.0, 26.0, 26.0, 26.0, 26.0, 26.0, 26.0, 26.0, 26.0, 26.0, 26.0, 26.0, 26.0, 26.0, 26.0, 26.0, 26.0, 26.0, 26.0, 26.0, 26.0, 26.0, 26.0, 26.0, 26.0, 26.0, 26.0, 26.0, 26.0, 26.0, 26.0, 26.0, 26.0, 26.0, 26.0, 26.0, 26.0, 26.0, 26.0, 26.0, 26.0, 26.0, 26.0, 26.0, 26.0, 26.0, 26.0, 26.0, 26.0, 26.0, 26.0, 26.0, 26.0, 26.0, 26.0, 26.0, 26.0, 26.0, 26.0, 26.0, 26.0, 26.0, 26.0, 26.0, 26.0, 26.0, 26.0, 26.0, 26.0, 26.0, 26.0, 26.0, 26.0, 26.0, 26.0, 26.0, 26.0, 26.0, 26.0, 26.0, 26.0, 26.0, 26.0, 26.0, 26.0, 26.0, 26.0, 26.0, 26.0, 26.0, 26.0, 26.0, 26.0, 26.0, 26.0, 26.0, 26.0, 26.0, 26.0, 26.0, 26.0, 26.0, 26.0, 26.0, 26.0, 26.0]",COMPLETE
