,number,value,datetime_start,datetime_complete,duration,params_batch_size_scaler,params_constant_learning_rate,params_depth,params_epochs,params_kernel_l2,params_num_trees,params_temperature,user_attrs_accuracy_test,user_attrs_accuracy_valid,user_attrs_approximate_feature_sparsity,user_attrs_approximate_feature_sparsity_history,user_attrs_approximate_weight_sparsity,user_attrs_approximate_weight_sparsity_history,user_attrs_auc_test,user_attrs_auc_valid,user_attrs_feature_sparsity,user_attrs_feature_sparsity_history,user_attrs_num_epochs,user_attrs_val_loss_history,user_attrs_weight_sparsity,user_attrs_weight_sparsity_history,state
62,62,0.5,2024-08-31 03:42:17.787764,2024-08-31 03:44:26.187980,0 days 00:02:08.400216,4,1.8319678666739516,4,375,0.08215918676893799,22,0.006185601089458453,0.859,0.85875,0,"[0, 0, 0, 0, 0, 0, 0, 0, 0, 0, 0, 0, 0, 0, 0, 0, 0, 0, 0, 0, 0, 0, 0, 0, 0, 0, 0, 0, 0, 0, 0, 0, 0, 0, 0, 0, 0, 0, 0, 0, 0, 0, 0, 0, 0, 0, 0, 0, 0, 0, 0, 0, 0, 0, 0, 0, 0, 0, 0, 0, 0, 0, 0, 0, 0, 0, 0, 0, 0, 0, 0, 0, 0, 0, 0, 0, 0, 0, 0, 0, 0, 0, 0, 0, 0, 0, 0, 0, 0, 0, 0, 0, 0, 0, 0, 0, 0, 0, 0, 0, 0, 0, 0, 0, 0, 0, 0, 0, 0, 0, 0, 0, 0, 0, 0, 0, 0, 0, 0, 0, 0, 0, 0, 0, 0, 0, 0, 0, 0, 0, 0, 0, 0, 0, 0, 0, 0, 0, 0, 0, 0, 0, 0, 0, 0, 0, 0, 0, 0, 0, 0, 0, 0, 0, 0, 0, 0, 0, 0, 0, 0, 0, 0, 0, 0, 0, 0, 0, 0, 0, 0, 0, 0, 0, 0, 0, 0, 0, 0, 0, 0, 0, 0, 0, 0, 0, 0, 0, 0, 0, 0, 0, 0, 0, 0, 0, 0, 0, 0, 0, 0, 0, 0, 0, 0, 0, 0, 0, 0, 0, 0, 0, 0, 0, 0, 0, 0, 0, 0, 0, 0, 0, 0, 0, 0, 0, 0, 0, 0, 0, 0, 0, 0, 0, 0, 0, 0, 0, 0, 0, 0, 0, 0, 0, 0, 0, 0, 0, 0, 0, 0, 0, 0, 0, 0, 0, 0, 0, 0, 0, 0, 0, 0, 0, 0, 0, 0, 0, 0, 0, 0, 0, 0, 0, 0, 0, 0, 0, 0, 0, 0, 0, 0, 0, 0, 0, 0, 0, 0, 0, 0, 0, 0, 0, 0, 0, 0, 0, 0, 0, 0, 0, 0, 0, 0, 0, 0, 0, 0, 0, 0, 0, 0, 0, 0, 0, 0, 0, 0, 0, 0, 0, 0, 0, 0, 0, 0, 0, 0, 0, 0, 0, 0, 0, 0, 0, 0, 0, 0, 0, 0, 0, 0, 0, 0, 0, 0, 0, 0, 0, 0, 0, 0, 0, 0, 0, 0, 0, 0, 0, 0, 0, 0, 0, 0, 0, 0, 0, 0, 0, 0, 0, 0, 0, 0]",0.0,"[0.0, 0.0, 0.0, 0.0, 0.0, 0.0, 0.0, 0.0, 0.0, 0.0, 0.0, 0.0, 0.0, 0.0, 0.0, 0.0, 0.0, 0.0, 0.0, 0.0, 0.0, 0.0, 0.0, 0.0, 0.0, 0.0, 0.0, 0.0, 0.0, 0.0, 0.0, 0.0, 0.0, 0.0, 0.0, 0.0, 0.0, 0.0, 0.0, 0.0, 0.0, 0.0, 0.0, 0.0, 0.0, 0.0, 0.0, 0.0, 0.0, 0.0, 0.0, 0.0, 0.0, 0.0, 0.0, 0.0, 0.0, 0.0, 0.0, 0.0, 0.0, 0.0, 0.0, 0.0, 0.0, 0.0, 0.0, 0.0, 0.0, 0.0, 0.0, 0.0, 0.0, 0.0, 0.0, 0.0, 0.0, 0.0, 0.0, 0.0, 0.0, 0.0, 0.0, 0.0, 0.0, 0.0, 0.0, 0.0, 0.0, 0.0, 0.0, 0.0, 0.0, 0.0, 0.0, 0.0, 0.0, 0.0, 0.0, 0.0, 0.0, 0.0, 0.0, 0.0, 0.0, 0.0, 0.0, 0.0, 0.0, 0.0, 0.0, 0.0, 0.0, 0.0, 0.0, 0.0, 0.0, 0.0, 0.0, 0.0, 0.0, 0.0, 0.0, 0.0, 0.0, 0.0, 0.0, 0.0, 0.0, 0.0, 0.0, 0.0, 0.0, 0.0, 0.0, 0.0, 0.0, 0.0, 0.0, 0.0, 0.0, 0.0, 0.0, 0.0, 0.0, 0.0, 0.0, 0.0, 0.0, 0.0, 0.0, 0.0, 0.0, 0.0, 0.0, 0.0, 0.0, 0.0, 0.0, 0.0, 0.0, 0.0, 0.0, 0.0, 0.0, 0.0, 0.0, 0.0, 0.0, 0.0, 0.0, 0.0, 0.0, 0.0, 0.0, 0.0, 0.0, 0.0, 0.0, 0.0, 0.0, 0.0, 0.0, 0.0, 0.0, 0.0, 0.0, 0.0, 0.0, 0.0, 0.0, 0.0, 0.0, 0.0, 0.0, 0.0, 0.0, 0.0, 0.0, 0.0, 0.0, 0.0, 0.0, 0.0, 0.0, 0.0, 0.0, 0.0, 0.0, 0.0, 0.0, 0.0, 0.0, 0.0, 0.0, 0.0, 0.0, 0.0, 0.0, 0.0, 0.0, 0.0, 0.0, 0.0, 0.0, 0.0, 0.0, 0.0, 0.0, 0.0, 0.0, 0.0, 0.0, 0.0, 0.0, 0.0, 0.0, 0.0, 0.0, 0.0, 0.0, 0.0, 0.0, 0.0, 0.0, 0.0, 0.0, 0.0, 0.0, 0.0, 0.0, 0.0, 0.0, 0.0, 0.0, 0.0, 0.0, 0.0, 0.0, 0.0, 0.0, 0.0, 0.0, 0.0, 0.0, 0.0, 0.0, 0.0, 0.0, 0.0, 0.0, 0.0, 0.0, 0.0, 0.0, 0.0, 0.0, 0.0, 0.0, 0.0, 0.0, 0.0, 0.0, 0.0, 0.0, 0.0, 0.0, 0.0, 0.0, 0.0, 0.0, 0.0, 0.0, 0.0, 0.0, 0.0, 0.0, 0.0, 0.0, 0.0, 0.0, 0.0, 0.0, 0.0, 0.0, 0.0, 0.0, 0.0, 0.0, 0.0, 0.0, 0.0, 0.0, 0.0, 0.0, 0.0, 0.0, 0.0, 0.0, 0.0, 0.0, 0.0, 0.0, 0.0, 0.0, 0.0, 0.0, 0.0, 0.0, 0.0, 0.0, 0.0, 0.0, 0.0, 0.0, 0.0, 0.0, 0.0, 0.0, 0.0, 0.0, 0.0, 0.0, 0.0, 0.0, 0.0, 0.0, 0.0, 0.0, 0.0, 0.0, 0.0, 0.0, 0.0, 0.0, 0.0, 0.0, 0.0, 0.0, 0.0, 0.0, 0.0, 0.0, 0.0, 0.0, 0.0, 0.0, 0.0, 0.0, 0.0, 0.0, 0.0, 0.0, 0.0, 0.0]",0.5,0.5,0,"[0, 0, 0, 0, 0, 0, 0, 0, 0, 0, 0, 0, 0, 0, 0, 0, 0, 0, 0, 0, 0, 0, 0, 0, 0, 0, 0, 0, 0, 0, 0, 0, 0, 0, 0, 0, 0, 0, 0, 0, 0, 0, 0, 0, 0, 0, 0, 0, 0, 0, 0, 0, 0, 0, 0, 0, 0, 0, 0, 0, 0, 0, 0, 0, 0, 0, 0, 0, 0, 0, 0, 0, 0, 0, 0, 0, 0, 0, 0, 0, 0, 0, 0, 0, 0, 0, 0, 0, 0, 0, 0, 0, 0, 0, 0, 0, 0, 0, 0, 0, 0, 0, 0, 0, 0, 0, 0, 0, 0, 0, 0, 0, 0, 0, 0, 0, 0, 0, 0, 0, 0, 0, 0, 0, 0, 0, 0, 0, 0, 0, 0, 0, 0, 0, 0, 0, 0, 0, 0, 0, 0, 0, 0, 0, 0, 0, 0, 0, 0, 0, 0, 0, 0, 0, 0, 0, 0, 0, 0, 0, 0, 0, 0, 0, 0, 0, 0, 0, 0, 0, 0, 0, 0, 0, 0, 0, 0, 0, 0, 0, 0, 0, 0, 0, 0, 0, 0, 0, 0, 0, 0, 0, 0, 0, 0, 0, 0, 0, 0, 0, 0, 0, 0, 0, 0, 0, 0, 0, 0, 0, 0, 0, 0, 0, 0, 0, 0, 0, 0, 0, 0, 0, 0, 0, 0, 0, 0, 0, 0, 0, 0, 0, 0, 0, 0, 0, 0, 0, 0, 0, 0, 0, 0, 0, 0, 0, 0, 0, 0, 0, 0, 0, 0, 0, 0, 0, 0, 0, 0, 0, 0, 0, 0, 0, 0, 0, 0, 0, 0, 0, 0, 0, 0, 0, 0, 0, 0, 0, 0, 0, 0, 0, 0, 0, 0, 0, 0, 0, 0, 0, 0, 0, 0, 0, 0, 0, 0, 0, 0, 0, 0, 0, 0, 0, 0, 0, 0, 0, 0, 0, 0, 0, 0, 0, 0, 0, 0, 0, 0, 0, 0, 0, 0, 0, 0, 0, 0, 0, 0, 0, 0, 0, 0, 0, 0, 0, 0, 0, 0, 0, 0, 0, 0, 0, 0, 0, 0, 0, 0, 0, 0, 0, 0, 0, 0, 0, 0, 0, 0, 0, 0, 0, 0, 0, 0, 0, 0, 0, 0, 0, 0, 0, 0, 0, 0]",375,"[0.40731051564216614, 0.4080857038497925, 0.4090321362018585, 0.4271102249622345, 0.4169071912765503, 0.4075342118740082, 0.40731966495513916, 0.41356900334358215, 0.4099472165107727, 0.4074242413043976, 0.40768954157829285, 0.4112078547477722, 0.4077894985675812, 0.421056866645813, 0.41224899888038635, 0.4072369635105133, 0.4085193872451782, 0.4183635413646698, 0.4079541862010956, 0.42070233821868896, 0.40767890214920044, 0.40738850831985474, 0.40871331095695496, 0.40722763538360596, 0.40754035115242004, 0.41469115018844604, 0.4135044813156128, 0.4072301983833313, 0.4077102243900299, 0.4079018533229828, 0.4096032381057739, 0.4079459011554718, 0.4088161885738373, 0.4520597755908966, 0.40724289417266846, 0.4073009490966797, 0.4079330563545227, 0.40937966108322144, 0.40732067823410034, 0.4161694347858429, 0.42858925461769104, 0.4111664593219757, 0.4266783595085144, 0.4077589809894562, 0.40836289525032043, 0.4080318510532379, 0.4206776022911072, 0.4076416492462158, 0.4082140028476715, 0.40779218077659607, 0.40807124972343445, 0.4075971841812134, 0.4110376238822937, 0.41089507937431335, 0.41655898094177246, 0.4079662561416626, 0.40722644329071045, 0.4178374111652374, 0.40863659977912903, 0.4074358344078064, 0.41751277446746826, 0.40768110752105713, 0.4121752977371216, 0.40849000215530396, 0.40960967540740967, 0.407913476228714, 0.4136819839477539, 0.4148160219192505, 0.4099214971065521, 0.408687025308609, 0.4253067374229431, 0.4075899124145508, 0.40742558240890503, 0.40890321135520935, 0.4081297814846039, 0.4083784222602844, 0.4338231682777405, 0.4078538119792938, 0.4081438183784485, 0.41133666038513184, 0.4098159372806549, 0.4293026626110077, 0.4072626233100891, 0.40849700570106506, 0.4135771691799164, 0.4213549494743347, 0.40760016441345215, 0.4088294208049774, 0.4146183133125305, 0.4075346291065216, 0.4083521366119385, 0.4088016152381897, 0.4072791039943695, 0.40902531147003174, 0.4077376425266266, 0.434386283159256, 0.40861210227012634, 0.4072857201099396, 0.408936083316803, 0.4079255163669586, 0.4150751829147339, 0.40729668736457825, 0.4072859287261963, 0.4072587490081787, 0.40751925110816956, 0.4176129400730133, 0.4073791205883026, 0.40755584836006165, 0.4119880795478821, 0.4083824157714844, 0.4093812108039856, 0.41243141889572144, 0.40952053666114807, 0.4074174165725708, 0.40734654664993286, 0.40722644329071045, 0.4079069197177887, 0.4181676506996155, 0.42847302556037903, 0.40743082761764526, 0.41222894191741943, 0.4076787531375885, 0.4073461890220642, 0.412569135427475, 0.40737590193748474, 0.4088948965072632, 0.40736567974090576, 0.4114384055137634, 0.4897408187389374, 0.408486545085907, 0.40724241733551025, 0.40776485204696655, 0.40917831659317017, 0.4091019034385681, 0.4112433195114136, 0.4072929620742798, 0.41777732968330383, 0.40970322489738464, 0.4096585810184479, 0.4113810658454895, 0.4079117476940155, 0.41944998502731323, 0.4141739010810852, 0.4103564918041229, 0.4072691798210144, 0.41287752985954285, 0.409180611371994, 0.4107967019081116, 0.4152314066886902, 0.41587021946907043, 0.4124046564102173, 0.4114384353160858, 0.407828688621521, 0.4130655527114868, 0.40758270025253296, 0.41418397426605225, 0.4152495861053467, 0.41366779804229736, 0.4215312898159027, 0.4195072054862976, 0.407504677772522, 0.42018166184425354, 0.4098494052886963, 0.4072783589363098, 0.4087912440299988, 0.4342042803764343, 0.41826000809669495, 0.40722882747650146, 0.4248127043247223, 0.40793219208717346, 0.4111259877681732, 0.41578131914138794, 0.41041556000709534, 0.4072290360927582, 0.4076308310031891, 0.41116955876350403, 0.43768376111984253, 0.4073486328125, 0.41910699009895325, 0.4114125072956085, 0.4072723686695099, 0.4086097776889801, 0.41665589809417725, 0.407359778881073, 0.40905818343162537, 0.4202846884727478, 0.4095081388950348, 0.414116770029068, 0.4111311435699463, 0.41211071610450745, 0.41287872195243835, 0.40906769037246704, 0.4093568027019501, 0.4086361229419708, 0.4120440185070038, 0.4122198820114136, 0.4080975651741028, 0.4215776324272156, 0.40730205178260803, 0.4075930714607239, 0.44473719596862793, 0.4073218107223511, 0.4075033664703369, 0.40956759452819824, 0.4172605574131012, 0.4073747992515564, 0.40915152430534363, 0.4083678126335144, 0.4081982374191284, 0.41468527913093567, 0.41195380687713623, 0.4089965522289276, 0.4167887568473816, 0.41370218992233276, 0.407490998506546, 0.4092372953891754, 0.40744099020957947, 0.4088652431964874, 0.4085278809070587, 0.40982699394226074, 0.41470497846603394, 0.4075195789337158, 0.40917110443115234, 0.4125233590602875, 0.40758273005485535, 0.4135289788246155, 0.40900367498397827, 0.40912097692489624, 0.42195916175842285, 0.40752944350242615, 0.4128461182117462, 0.41087982058525085, 0.4075092375278473, 0.40775540471076965, 0.40892502665519714, 0.40743201971054077, 0.4090551733970642, 0.40735676884651184, 0.4082517623901367, 0.4072616994380951, 0.40756189823150635, 0.408425897359848, 0.4120006263256073, 0.4121517241001129, 0.4073091149330139, 0.4092956483364105, 0.4111294150352478, 0.4076319932937622, 0.41005417704582214, 0.40751180052757263, 0.4072430729866028, 0.4087996184825897, 0.40725991129875183, 0.4094741940498352, 0.40899479389190674, 0.4090592563152313, 0.40765225887298584, 0.41418007016181946, 0.4082939624786377, 0.41767579317092896, 0.41941937804222107, 0.40945515036582947, 0.40724632143974304, 0.40733757615089417, 0.41179466247558594, 0.4090897738933563, 0.40949690341949463, 0.4164443910121918, 0.40745165944099426, 0.4075929522514343, 0.4113980829715729, 0.41015851497650146, 0.4078250229358673, 0.4209980070590973, 0.4096852242946625, 0.41105157136917114, 0.407770574092865, 0.40788352489471436, 0.40728560090065, 0.4107171893119812, 0.4080966114997864, 0.4136720597743988, 0.40878555178642273, 0.40765392780303955, 0.4124024212360382, 0.4176078140735626, 0.4073657989501953, 0.4094669222831726, 0.4073165953159332, 0.42046260833740234, 0.4089486300945282, 0.4318089783191681, 0.41103190183639526, 0.414077490568161, 0.4072323143482208, 0.40766605734825134, 0.4089808166027069, 0.4123264253139496, 0.4078758955001831, 0.40995800495147705, 0.41184288263320923, 0.41097140312194824, 0.40788933634757996, 0.40735331177711487, 0.4096660912036896, 0.4084846079349518, 0.42242100834846497, 0.4089679419994354, 0.4072476923465729, 0.4072261154651642, 0.40785449743270874, 0.41382119059562683, 0.4238049387931824, 0.4089778661727905, 0.4129696190357208, 0.4323101043701172, 0.42007020115852356, 0.4072439968585968, 0.4142131805419922, 0.40752536058425903, 0.407410591840744, 0.40779948234558105, 0.4079097807407379, 0.40726548433303833, 0.4127539396286011, 0.4145846664905548, 0.407901406288147, 0.41015952825546265, 0.40993762016296387, 0.40910568833351135, 0.4074012041091919, 0.4081835150718689, 0.40876564383506775, 0.40722763538360596, 0.40732714533805847, 0.40827250480651855, 0.4234592020511627, 0.4086064100265503, 0.4072860777378082, 0.4118269979953766, 0.4085606634616852, 0.41199278831481934, 0.4089218080043793, 0.4075983166694641, 0.4118312895298004, 0.40748339891433716, 0.4083111584186554, 0.40728816390037537, 0.408689945936203, 0.4150753915309906, 0.4076158404350281, 0.4074840843677521, 0.4157809913158417, 0.40866023302078247, 0.4072783589363098, 0.4103507995605469, 0.4077964425086975, 0.40988296270370483, 0.4103684723377228, 0.40758880972862244, 0.40730300545692444, 0.417520672082901, 0.40724998712539673, 0.4072802662849426, 0.41058745980262756, 0.41258540749549866, 0.4088710844516754, 0.4091946482658386, 0.41245558857917786, 0.40723663568496704, 0.4072268009185791, 0.4072292745113373, 0.4074084162712097, 0.40782222151756287, 0.40774089097976685]",0.0,"[0.0, 0.0, 0.0, 0.0, 0.0, 0.0, 0.0, 0.0, 0.0, 0.0, 0.0, 0.0, 0.0, 0.0, 0.0, 0.0, 0.0, 0.0, 0.0, 0.0, 0.0, 0.0, 0.0, 0.0, 0.0, 0.0, 0.0, 0.0, 0.0, 0.0, 0.0, 0.0, 0.0, 0.0, 0.0, 0.0, 0.0, 0.0, 0.0, 0.0, 0.0, 0.0, 0.0, 0.0, 0.0, 0.0, 0.0, 0.0, 0.0, 0.0, 0.0, 0.0, 0.0, 0.0, 0.0, 0.0, 0.0, 0.0, 0.0, 0.0, 0.0, 0.0, 0.0, 0.0, 0.0, 0.0, 0.0, 0.0, 0.0, 0.0, 0.0, 0.0, 0.0, 0.0, 0.0, 0.0, 0.0, 0.0, 0.0, 0.0, 0.0, 0.0, 0.0, 0.0, 0.0, 0.0, 0.0, 0.0, 0.0, 0.0, 0.0, 0.0, 0.0, 0.0, 0.0, 0.0, 0.0, 0.0, 0.0, 0.0, 0.0, 0.0, 0.0, 0.0, 0.0, 0.0, 0.0, 0.0, 0.0, 0.0, 0.0, 0.0, 0.0, 0.0, 0.0, 0.0, 0.0, 0.0, 0.0, 0.0, 0.0, 0.0, 0.0, 0.0, 0.0, 0.0, 0.0, 0.0, 0.0, 0.0, 0.0, 0.0, 0.0, 0.0, 0.0, 0.0, 0.0, 0.0, 0.0, 0.0, 0.0, 0.0, 0.0, 0.0, 0.0, 0.0, 0.0, 0.0, 0.0, 0.0, 0.0, 0.0, 0.0, 0.0, 0.0, 0.0, 0.0, 0.0, 0.0, 0.0, 0.0, 0.0, 0.0, 0.0, 0.0, 0.0, 0.0, 0.0, 0.0, 0.0, 0.0, 0.0, 0.0, 0.0, 0.0, 0.0, 0.0, 0.0, 0.0, 0.0, 0.0, 0.0, 0.0, 0.0, 0.0, 0.0, 0.0, 0.0, 0.0, 0.0, 0.0, 0.0, 0.0, 0.0, 0.0, 0.0, 0.0, 0.0, 0.0, 0.0, 0.0, 0.0, 0.0, 0.0, 0.0, 0.0, 0.0, 0.0, 0.0, 0.0, 0.0, 0.0, 0.0, 0.0, 0.0, 0.0, 0.0, 0.0, 0.0, 0.0, 0.0, 0.0, 0.0, 0.0, 0.0, 0.0, 0.0, 0.0, 0.0, 0.0, 0.0, 0.0, 0.0, 0.0, 0.0, 0.0, 0.0, 0.0, 0.0, 0.0, 0.0, 0.0, 0.0, 0.0, 0.0, 0.0, 0.0, 0.0, 0.0, 0.0, 0.0, 0.0, 0.0, 0.0, 0.0, 0.0, 0.0, 0.0, 0.0, 0.0, 0.0, 0.0, 0.0, 0.0, 0.0, 0.0, 0.0, 0.0, 0.0, 0.0, 0.0, 0.0, 0.0, 0.0, 0.0, 0.0, 0.0, 0.0, 0.0, 0.0, 0.0, 0.0, 0.0, 0.0, 0.0, 0.0, 0.0, 0.0, 0.0, 0.0, 0.0, 0.0, 0.0, 0.0, 0.0, 0.0, 0.0, 0.0, 0.0, 0.0, 0.0, 0.0, 0.0, 0.0, 0.0, 0.0, 0.0, 0.0, 0.0, 0.0, 0.0, 0.0, 0.0, 0.0, 0.0, 0.0, 0.0, 0.0, 0.0, 0.0, 0.0, 0.0, 0.0, 0.0, 0.0, 0.0, 0.0, 0.0, 0.0, 0.0, 0.0, 0.0, 0.0, 0.0, 0.0, 0.0, 0.0, 0.0, 0.0, 0.0, 0.0, 0.0, 0.0, 0.0, 0.0, 0.0, 0.0, 0.0, 0.0, 0.0, 0.0, 0.0, 0.0, 0.0, 0.0, 0.0, 0.0, 0.0, 0.0, 0.0, 0.0, 0.0, 0.0, 0.0, 0.0, 0.0, 0.0, 0.0, 0.0, 0.0, 0.0, 0.0, 0.0, 0.0, 0.0]",COMPLETE
63,63,0.8715912457652226,2024-08-31 03:44:27.702853,2024-08-31 03:45:36.055897,0 days 00:01:08.353044,16,2.2209841053384425,6,100,0.015321123264841582,6,0.0007947730602526021,0.907,0.9,6,"[33, 33, 33, 33, 33, 33, 33, 33, 33, 33, 33, 33, 32, 24, 22, 21, 20, 16, 16, 16, 16, 16, 16, 16, 16, 16, 16, 16, 14, 14, 12, 12, 12, 12, 12, 12, 12, 12, 12, 12, 12, 12, 12, 12, 12, 12, 12, 11, 11, 11, 11, 11, 11, 11, 11, 11, 11, 11, 11, 11, 10, 8, 6, 6, 6, 6, 6, 6, 6, 6, 6, 6, 6, 6, 6, 6, 6, 6, 6, 6, 6, 6, 6, 6, 6, 6, 6, 6, 6, 6, 6, 6, 6, 6, 6, 6, 6, 6, 6, 6]",5.989417989417989,"[32.976190476190474, 32.973544973544975, 32.96031746031746, 32.976190476190474, 32.96296296296296, 32.976190476190474, 32.97089947089947, 32.98677248677249, 32.98148148148148, 32.976190476190474, 32.957671957671955, 32.97089947089947, 31.965608465608465, 23.98148148148148, 21.986772486772487, 20.984126984126984, 19.98148148148148, 15.989417989417987, 15.989417989417987, 15.986772486772487, 15.978835978835978, 15.99206349206349, 16.0, 15.989417989417987, 15.994708994708994, 15.994708994708994, 15.986772486772486, 15.997354497354497, 13.994708994708994, 13.986772486772487, 11.99206349206349, 11.997354497354497, 11.994708994708994, 11.997354497354497, 11.997354497354497, 11.989417989417989, 11.994708994708994, 12.0, 11.994708994708994, 11.989417989417989, 11.986772486772486, 11.992063492063492, 11.986772486772486, 11.994708994708994, 12.0, 11.997354497354497, 11.994708994708994, 10.997354497354497, 10.994708994708994, 10.997354497354497, 10.997354497354497, 10.989417989417989, 10.992063492063492, 10.992063492063492, 10.989417989417989, 10.992063492063492, 10.997354497354497, 10.994708994708994, 10.992063492063492, 11.0, 9.986772486772486, 7.992063492063492, 5.992063492063492, 6.0, 5.997354497354497, 6.0, 6.0, 5.994708994708994, 5.994708994708994, 5.992063492063492, 5.994708994708994, 5.997354497354497, 5.994708994708994, 5.992063492063492, 5.992063492063492, 6.0, 5.992063492063492, 5.994708994708994, 5.992063492063492, 5.9867724867724865, 5.994708994708994, 5.997354497354497, 5.992063492063492, 5.994708994708994, 5.997354497354497, 5.992063492063492, 5.997354497354497, 5.994708994708994, 5.994708994708994, 5.994708994708994, 5.989417989417989, 5.997354497354497, 5.997354497354497, 5.992063492063492, 5.9867724867724865, 5.992063492063492, 5.992063492063492, 5.989417989417989, 5.989417989417989, 5.989417989417989]",0.8759897291093883,0.8715912457652226,6,"[33, 33, 33, 33, 33, 33, 33, 33, 33, 33, 33, 33, 32, 24, 22, 21, 20, 16, 16, 16, 16, 16, 16, 16, 16, 16, 16, 16, 14, 14, 12, 12, 12, 12, 12, 12, 12, 12, 12, 12, 12, 12, 12, 12, 12, 12, 12, 11, 11, 11, 11, 11, 11, 11, 11, 11, 11, 11, 11, 11, 10, 8, 6, 6, 6, 6, 6, 6, 6, 6, 6, 6, 6, 6, 6, 6, 6, 6, 6, 6, 6, 6, 6, 6, 6, 6, 6, 6, 6, 6, 6, 6, 6, 6, 6, 6, 6, 6, 6, 6]",100,"[0.38407063484191895, 0.3659406900405884, 0.3547438383102417, 0.34421584010124207, 0.3310016393661499, 0.3187617361545563, 0.3060961365699768, 0.2935214638710022, 0.28382015228271484, 0.27421027421951294, 0.2687566578388214, 0.2621315121650696, 0.25544482469558716, 0.2509574592113495, 0.2433445006608963, 0.2418384701013565, 0.23955999314785004, 0.23486970365047455, 0.2286587357521057, 0.22636735439300537, 0.22591044008731842, 0.22047977149486542, 0.2181868702173233, 0.21503925323486328, 0.21506157517433167, 0.21325692534446716, 0.211008682847023, 0.2099907100200653, 0.2587396800518036, 0.2564883530139923, 0.25850287079811096, 0.25872498750686646, 0.2575056254863739, 0.25633543729782104, 0.25816240906715393, 0.25662848353385925, 0.2566389739513397, 0.25549769401550293, 0.2543361485004425, 0.25359469652175903, 0.2525848150253296, 0.25257930159568787, 0.2520001530647278, 0.2522546648979187, 0.25032365322113037, 0.25002968311309814, 0.2508179843425751, 0.24989721179008484, 0.2500583529472351, 0.24980470538139343, 0.24997930228710175, 0.25111138820648193, 0.25206106901168823, 0.25203943252563477, 0.24902713298797607, 0.24858154356479645, 0.24859504401683807, 0.24829739332199097, 0.251119464635849, 0.24831745028495789, 0.25568264722824097, 0.2752212584018707, 0.27140846848487854, 0.26929688453674316, 0.26382899284362793, 0.26560264825820923, 0.2641522288322449, 0.2657712697982788, 0.2628427743911743, 0.2619134783744812, 0.2604704797267914, 0.2597487270832062, 0.2624155282974243, 0.25921130180358887, 0.2593354284763336, 0.26284152269363403, 0.2601981461048126, 0.2599619925022125, 0.2598089873790741, 0.2596597671508789, 0.2618088126182556, 0.25940993428230286, 0.2608366310596466, 0.25878530740737915, 0.26241037249565125, 0.2595955729484558, 0.2595601975917816, 0.25849807262420654, 0.2583633065223694, 0.25802308320999146, 0.2605712115764618, 0.25932204723358154, 0.26025837659835815, 0.2582606375217438, 0.2579896152019501, 0.25996410846710205, 0.25991126894950867, 0.25782856345176697, 0.2596316933631897, 0.2612282335758209]",6.0,"[33.0, 33.0, 33.0, 33.0, 33.0, 33.0, 33.0, 33.0, 33.0, 33.0, 33.0, 33.0, 32.0, 24.0, 22.0, 21.0, 20.0, 16.0, 16.0, 16.0, 16.0, 16.0, 16.0, 16.0, 16.0, 16.0, 16.0, 16.0, 14.0, 14.0, 12.0, 12.0, 12.0, 12.0, 12.0, 12.0, 12.0, 12.0, 12.0, 12.0, 12.0, 12.0, 12.0, 12.0, 12.0, 12.0, 12.0, 11.0, 11.0, 11.0, 11.0, 11.0, 11.0, 11.0, 11.0, 11.0, 11.0, 11.0, 11.0, 11.0, 10.0, 8.0, 6.0, 6.0, 6.0, 6.0, 6.0, 6.0, 6.0, 6.0, 6.0, 6.0, 6.0, 6.0, 6.0, 6.0, 6.0, 6.0, 6.0, 6.0, 6.0, 6.0, 6.0, 6.0, 6.0, 6.0, 6.0, 6.0, 6.0, 6.0, 6.0, 6.0, 6.0, 6.0, 6.0, 6.0, 6.0, 6.0, 6.0, 6.0]",COMPLETE
64,64,0.8984683953575248,2024-08-31 03:45:37.551777,2024-08-31 03:45:46.623458,0 days 00:00:09.071681,4,0.3036328791248266,2,40,0.03340143302848233,14,0.000609043980929803,0.915,0.9175,7,"[33, 33, 33, 33, 33, 33, 33, 33, 33, 32, 29, 27, 22, 20, 18, 18, 18, 17, 17, 15, 15, 14, 13, 11, 10, 10, 8, 8, 8, 8, 8, 8, 8, 8, 7, 7, 7, 7, 7, 7]",7.0,"[32.976190476190474, 32.976190476190474, 33.0, 33.0, 33.0, 32.976190476190474, 32.976190476190474, 32.95238095238095, 33.0, 31.976190476190474, 29.0, 27.0, 22.0, 20.0, 17.976190476190474, 18.0, 18.0, 16.976190476190474, 17.0, 14.976190476190476, 15.0, 14.0, 13.0, 11.0, 10.0, 10.0, 8.0, 8.0, 8.0, 8.0, 8.0, 8.0, 8.0, 8.0, 7.0, 6.976190476190476, 7.0, 7.0, 7.0, 7.0]",0.8834204377513024,0.8984683953575248,7,"[33, 33, 33, 33, 33, 33, 33, 33, 33, 32, 29, 27, 22, 20, 18, 18, 18, 17, 17, 15, 15, 14, 13, 11, 10, 10, 8, 8, 8, 8, 8, 8, 8, 8, 7, 7, 7, 7, 7, 7]",40,"[0.39905792474746704, 0.3859701454639435, 0.37557563185691833, 0.3592251241207123, 0.34848853945732117, 0.3341057300567627, 0.3209695518016815, 0.30779603123664856, 0.2951940596103668, 0.2825249433517456, 0.27612799406051636, 0.2683452367782593, 0.26373839378356934, 0.25507834553718567, 0.25224509835243225, 0.2462177276611328, 0.2437635213136673, 0.24008432030677795, 0.24133461713790894, 0.24417153000831604, 0.237198606133461, 0.24810239672660828, 0.24993948638439178, 0.2541012167930603, 0.2505725026130676, 0.24915894865989685, 0.25703710317611694, 0.24891069531440735, 0.24488107860088348, 0.25173380970954895, 0.2446531057357788, 0.24443182349205017, 0.24724523723125458, 0.24647930264472961, 0.2455853521823883, 0.2429153472185135, 0.2439918965101242, 0.2413293868303299, 0.24233867228031158, 0.24236278235912323]",7.0,"[33.0, 33.0, 33.0, 33.0, 33.0, 33.0, 33.0, 33.0, 33.0, 32.0, 29.0, 27.0, 22.0, 20.0, 18.0, 18.0, 18.0, 17.0, 17.0, 15.0, 15.0, 14.0, 13.0, 11.0, 10.0, 10.0, 8.0, 8.0, 8.0, 8.0, 8.0, 8.0, 8.0, 8.0, 7.0, 7.0, 7.0, 7.0, 7.0, 7.0]",COMPLETE
