,number,value,datetime_start,datetime_complete,duration,params_batch_size_scaler,params_constant_learning_rate,params_depth,params_epochs,params_kernel_l2,params_num_trees,params_temperature,user_attrs_accuracy_test,user_attrs_accuracy_valid,user_attrs_approximate_feature_sparsity,user_attrs_approximate_feature_sparsity_history,user_attrs_approximate_weight_sparsity,user_attrs_approximate_weight_sparsity_history,user_attrs_auc_test,user_attrs_auc_valid,user_attrs_feature_sparsity,user_attrs_feature_sparsity_history,user_attrs_num_epochs,user_attrs_val_loss_history,user_attrs_weight_sparsity,user_attrs_weight_sparsity_history,state
134,134,0.5,2024-08-31 06:48:51.862005,2024-08-31 06:53:17.732767,0 days 00:04:25.870762,4,0.690775627598153,4,490,0.02103874652307782,94,0.016551443944446166,0.859,0.85875,0,"[0, 0, 0, 0, 0, 0, 0, 0, 0, 0, 0, 0, 0, 0, 0, 0, 0, 0, 0, 0, 0, 0, 0, 0, 0, 0, 0, 0, 0, 0, 0, 0, 0, 0, 0, 0, 0, 0, 0, 0, 0, 0, 0, 0, 0, 0, 0, 0, 0, 0, 0, 0, 0, 0, 0, 0, 0, 0, 0, 0, 0, 0, 0, 0, 0, 0, 0, 0, 0, 0, 0, 0, 0, 0, 0, 0, 0, 0, 0, 0, 0, 0, 0, 0, 0, 0, 0, 0, 0, 0, 0, 0, 0, 0, 0, 0, 0, 0, 0, 0, 0, 0, 0, 0, 0, 0, 0, 0, 0, 0, 0, 0, 0, 0, 0, 0, 0, 0, 0, 0, 0, 0, 0, 0, 0, 0, 0, 0, 0, 0, 0, 0, 0, 0, 0, 0, 0, 0, 0, 0, 0, 0, 0, 0, 0, 0, 0, 0, 0, 0, 0, 0, 0, 0, 0, 0, 0, 0, 0, 0, 0, 0, 0, 0, 0, 0, 0, 0, 0, 0, 0, 0, 0, 0, 0, 0, 0, 0, 0, 0, 0, 0, 0, 0, 0, 0, 0, 0, 0, 0, 0, 0, 0, 0, 0, 0, 0, 0, 0, 0, 0, 0, 0, 0, 0, 0, 0, 0, 0, 0, 0, 0, 0, 0, 0, 0, 0, 0, 0, 0, 0, 0, 0, 0, 0, 0, 0, 0, 0, 0, 0, 0, 0, 0, 0, 0, 0, 0, 0, 0, 0, 0, 0, 0, 0, 0, 0, 0, 0, 0, 0, 0, 0, 0, 0, 0, 0, 0, 0, 0, 0, 0, 0, 0, 0, 0, 0, 0, 0, 0, 0, 0, 0, 0, 0, 0, 0, 0, 0, 0, 0, 0, 0, 0, 0, 0, 0, 0, 0, 0, 0, 0, 0, 0, 0, 0, 0, 0, 0, 0, 0, 0, 0, 0, 0, 0, 0, 0, 0, 0, 0, 0, 0, 0, 0, 0, 0, 0, 0, 0, 0, 0, 0, 0, 0, 0, 0, 0, 0, 0, 0, 0, 0, 0, 0, 0, 0, 0, 0, 0, 0, 0, 0, 0, 0, 0, 0, 0, 0, 0, 0, 0, 0, 0, 0, 0, 0, 0, 0, 0, 0, 0, 0, 0, 0, 0, 0, 0, 0, 0, 0, 0, 0, 0, 0, 0, 0, 0, 0, 0, 0, 0, 0, 0, 0, 0, 0, 0, 0, 0, 0, 0, 0, 0, 0, 0, 0, 0, 0, 0, 0, 0, 0, 0, 0, 0, 0, 0, 0, 0, 0, 0, 0, 0, 0, 0, 0, 0, 0, 0, 0, 0, 0, 0, 0, 0, 0, 0, 0, 0, 0, 0, 0, 0, 0, 0, 0, 0, 0, 0, 0, 0, 0, 0, 0, 0, 0, 0, 0, 0, 0, 0, 0, 0, 0, 0, 0, 0, 0, 0, 0, 0, 0, 0, 0, 0, 0, 0, 0, 0, 0, 0, 0, 0, 0, 0, 0, 0, 0, 0, 0, 0, 0, 0, 0, 0, 0, 0, 0, 0]",0.0,"[0.0, 0.0, 0.0, 0.0, 0.0, 0.0, 0.0, 0.0, 0.0, 0.0, 0.0, 0.0, 0.0, 0.0, 0.0, 0.0, 0.0, 0.0, 0.0, 0.0, 0.0, 0.0, 0.0, 0.0, 0.0, 0.0, 0.0, 0.0, 0.0, 0.0, 0.0, 0.0, 0.0, 0.0, 0.0, 0.0, 0.0, 0.0, 0.0, 0.0, 0.0, 0.0, 0.0, 0.0, 0.0, 0.0, 0.0, 0.0, 0.0, 0.0, 0.0, 0.0, 0.0, 0.0, 0.0, 0.0, 0.0, 0.0, 0.0, 0.0, 0.0, 0.0, 0.0, 0.0, 0.0, 0.0, 0.0, 0.0, 0.0, 0.0, 0.0, 0.0, 0.0, 0.0, 0.0, 0.0, 0.0, 0.0, 0.0, 0.0, 0.0, 0.0, 0.0, 0.0, 0.0, 0.0, 0.0, 0.0, 0.0, 0.0, 0.0, 0.0, 0.0, 0.0, 0.0, 0.0, 0.0, 0.0, 0.0, 0.0, 0.0, 0.0, 0.0, 0.0, 0.0, 0.0, 0.0, 0.0, 0.0, 0.0, 0.0, 0.0, 0.0, 0.0, 0.0, 0.0, 0.0, 0.0, 0.0, 0.0, 0.0, 0.0, 0.0, 0.0, 0.0, 0.0, 0.0, 0.0, 0.0, 0.0, 0.0, 0.0, 0.0, 0.0, 0.0, 0.0, 0.0, 0.0, 0.0, 0.0, 0.0, 0.0, 0.0, 0.0, 0.0, 0.0, 0.0, 0.0, 0.0, 0.0, 0.0, 0.0, 0.0, 0.0, 0.0, 0.0, 0.0, 0.0, 0.0, 0.0, 0.0, 0.0, 0.0, 0.0, 0.0, 0.0, 0.0, 0.0, 0.0, 0.0, 0.0, 0.0, 0.0, 0.0, 0.0, 0.0, 0.0, 0.0, 0.0, 0.0, 0.0, 0.0, 0.0, 0.0, 0.0, 0.0, 0.0, 0.0, 0.0, 0.0, 0.0, 0.0, 0.0, 0.0, 0.0, 0.0, 0.0, 0.0, 0.0, 0.0, 0.0, 0.0, 0.0, 0.0, 0.0, 0.0, 0.0, 0.0, 0.0, 0.0, 0.0, 0.0, 0.0, 0.0, 0.0, 0.0, 0.0, 0.0, 0.0, 0.0, 0.0, 0.0, 0.0, 0.0, 0.0, 0.0, 0.0, 0.0, 0.0, 0.0, 0.0, 0.0, 0.0, 0.0, 0.0, 0.0, 0.0, 0.0, 0.0, 0.0, 0.0, 0.0, 0.0, 0.0, 0.0, 0.0, 0.0, 0.0, 0.0, 0.0, 0.0, 0.0, 0.0, 0.0, 0.0, 0.0, 0.0, 0.0, 0.0, 0.0, 0.0, 0.0, 0.0, 0.0, 0.0, 0.0, 0.0, 0.0, 0.0, 0.0, 0.0, 0.0, 0.0, 0.0, 0.0, 0.0, 0.0, 0.0, 0.0, 0.0, 0.0, 0.0, 0.0, 0.0, 0.0, 0.0, 0.0, 0.0, 0.0, 0.0, 0.0, 0.0, 0.0, 0.0, 0.0, 0.0, 0.0, 0.0, 0.0, 0.0, 0.0, 0.0, 0.0, 0.0, 0.0, 0.0, 0.0, 0.0, 0.0, 0.0, 0.0, 0.0, 0.0, 0.0, 0.0, 0.0, 0.0, 0.0, 0.0, 0.0, 0.0, 0.0, 0.0, 0.0, 0.0, 0.0, 0.0, 0.0, 0.0, 0.0, 0.0, 0.0, 0.0, 0.0, 0.0, 0.0, 0.0, 0.0, 0.0, 0.0, 0.0, 0.0, 0.0, 0.0, 0.0, 0.0, 0.0, 0.0, 0.0, 0.0, 0.0, 0.0, 0.0, 0.0, 0.0, 0.0, 0.0, 0.0, 0.0, 0.0, 0.0, 0.0, 0.0, 0.0, 0.0, 0.0, 0.0, 0.0, 0.0, 0.0, 0.0, 0.0, 0.0, 0.0, 0.0, 0.0, 0.0, 0.0, 0.0, 0.0, 0.0, 0.0, 0.0, 0.0, 0.0, 0.0, 0.0, 0.0, 0.0, 0.0, 0.0, 0.0, 0.0, 0.0, 0.0, 0.0, 0.0, 0.0, 0.0, 0.0, 0.0, 0.0, 0.0, 0.0, 0.0, 0.0, 0.0, 0.0, 0.0, 0.0, 0.0, 0.0, 0.0, 0.0, 0.0, 0.0, 0.0, 0.0, 0.0, 0.0, 0.0, 0.0, 0.0, 0.0, 0.0, 0.0, 0.0, 0.0, 0.0, 0.0, 0.0, 0.0, 0.0, 0.0, 0.0, 0.0, 0.0, 0.0, 0.0, 0.0, 0.0, 0.0, 0.0, 0.0, 0.0, 0.0, 0.0, 0.0, 0.0, 0.0, 0.0, 0.0, 0.0, 0.0, 0.0, 0.0, 0.0, 0.0, 0.0, 0.0, 0.0, 0.0, 0.0, 0.0, 0.0, 0.0, 0.0, 0.0, 0.0, 0.0, 0.0, 0.0, 0.0, 0.0, 0.0, 0.0, 0.0, 0.0, 0.0, 0.0, 0.0, 0.0, 0.0, 0.0, 0.0, 0.0, 0.0, 0.0, 0.0, 0.0]",0.5,0.5,0,"[0, 0, 0, 0, 0, 0, 0, 0, 0, 0, 0, 0, 0, 0, 0, 0, 0, 0, 0, 0, 0, 0, 0, 0, 0, 0, 0, 0, 0, 0, 0, 0, 0, 0, 0, 0, 0, 0, 0, 0, 0, 0, 0, 0, 0, 0, 0, 0, 0, 0, 0, 0, 0, 0, 0, 0, 0, 0, 0, 0, 0, 0, 0, 0, 0, 0, 0, 0, 0, 0, 0, 0, 0, 0, 0, 0, 0, 0, 0, 0, 0, 0, 0, 0, 0, 0, 0, 0, 0, 0, 0, 0, 0, 0, 0, 0, 0, 0, 0, 0, 0, 0, 0, 0, 0, 0, 0, 0, 0, 0, 0, 0, 0, 0, 0, 0, 0, 0, 0, 0, 0, 0, 0, 0, 0, 0, 0, 0, 0, 0, 0, 0, 0, 0, 0, 0, 0, 0, 0, 0, 0, 0, 0, 0, 0, 0, 0, 0, 0, 0, 0, 0, 0, 0, 0, 0, 0, 0, 0, 0, 0, 0, 0, 0, 0, 0, 0, 0, 0, 0, 0, 0, 0, 0, 0, 0, 0, 0, 0, 0, 0, 0, 0, 0, 0, 0, 0, 0, 0, 0, 0, 0, 0, 0, 0, 0, 0, 0, 0, 0, 0, 0, 0, 0, 0, 0, 0, 0, 0, 0, 0, 0, 0, 0, 0, 0, 0, 0, 0, 0, 0, 0, 0, 0, 0, 0, 0, 0, 0, 0, 0, 0, 0, 0, 0, 0, 0, 0, 0, 0, 0, 0, 0, 0, 0, 0, 0, 0, 0, 0, 0, 0, 0, 0, 0, 0, 0, 0, 0, 0, 0, 0, 0, 0, 0, 0, 0, 0, 0, 0, 0, 0, 0, 0, 0, 0, 0, 0, 0, 0, 0, 0, 0, 0, 0, 0, 0, 0, 0, 0, 0, 0, 0, 0, 0, 0, 0, 0, 0, 0, 0, 0, 0, 0, 0, 0, 0, 0, 0, 0, 0, 0, 0, 0, 0, 0, 0, 0, 0, 0, 0, 0, 0, 0, 0, 0, 0, 0, 0, 0, 0, 0, 0, 0, 0, 0, 0, 0, 0, 0, 0, 0, 0, 0, 0, 0, 0, 0, 0, 0, 0, 0, 0, 0, 0, 0, 0, 0, 0, 0, 0, 0, 0, 0, 0, 0, 0, 0, 0, 0, 0, 0, 0, 0, 0, 0, 0, 0, 0, 0, 0, 0, 0, 0, 0, 0, 0, 0, 0, 0, 0, 0, 0, 0, 0, 0, 0, 0, 0, 0, 0, 0, 0, 0, 0, 0, 0, 0, 0, 0, 0, 0, 0, 0, 0, 0, 0, 0, 0, 0, 0, 0, 0, 0, 0, 0, 0, 0, 0, 0, 0, 0, 0, 0, 0, 0, 0, 0, 0, 0, 0, 0, 0, 0, 0, 0, 0, 0, 0, 0, 0, 0, 0, 0, 0, 0, 0, 0, 0, 0, 0, 0, 0, 0, 0, 0, 0, 0, 0, 0, 0, 0, 0, 0, 0, 0, 0, 0, 0, 0, 0, 0, 0, 0, 0, 0, 0, 0, 0, 0]",490,"[0.43406692147254944, 0.4081900715827942, 0.40754997730255127, 0.40723198652267456, 0.41117823123931885, 0.4117192029953003, 0.41120395064353943, 0.4188203513622284, 0.4081035852432251, 0.4231240451335907, 0.4249240458011627, 0.4078575074672699, 0.416377991437912, 0.4114072322845459, 0.40729302167892456, 0.4112115800380707, 0.42302024364471436, 0.4111829400062561, 0.4080979824066162, 0.4075430929660797, 0.4110027253627777, 0.42123737931251526, 0.44820040464401245, 0.42307865619659424, 0.40985730290412903, 0.4166710674762726, 0.45475098490715027, 0.4130500853061676, 0.4085996747016907, 0.4160194396972656, 0.4160081148147583, 0.4212082028388977, 0.43620118498802185, 0.407842218875885, 0.4086827039718628, 0.4297868311405182, 0.4086814820766449, 0.4112032949924469, 0.4419825077056885, 0.40809494256973267, 0.40871089696884155, 0.4310561418533325, 0.408334344625473, 0.4197959899902344, 0.41208162903785706, 0.4083881378173828, 0.41618606448173523, 0.4089122414588928, 0.4143733084201813, 0.4240984618663788, 0.4164409935474396, 0.411892294883728, 0.4160221517086029, 0.41297534108161926, 0.4111780524253845, 0.411325603723526, 0.41808998584747314, 0.40817174315452576, 0.40852808952331543, 0.40854278206825256, 0.41577640175819397, 0.409715473651886, 0.4125308096408844, 0.40783950686454773, 0.40922436118125916, 0.4114256799221039, 0.41130220890045166, 0.40932518243789673, 0.4299525022506714, 0.4083921015262604, 0.41188645362854004, 0.40724390745162964, 0.430271714925766, 0.4113579988479614, 0.40906932950019836, 0.4107053279876709, 0.4113524556159973, 0.41103923320770264, 0.407240092754364, 0.40795913338661194, 0.4146086573600769, 0.4072277545928955, 0.4157901406288147, 0.4072277545928955, 0.4164012670516968, 0.41061192750930786, 0.4487747848033905, 0.4081874489784241, 0.4111816883087158, 0.4072715640068054, 0.40728068351745605, 0.4081111550331116, 0.4246295988559723, 0.4114578366279602, 0.43280792236328125, 0.4218035936355591, 0.4472624957561493, 0.41135460138320923, 0.4461916387081146, 0.40724390745162964, 0.40815484523773193, 0.41008761525154114, 0.41765686869621277, 0.41017189621925354, 0.41139835119247437, 0.41046714782714844, 0.4157486855983734, 0.40944844484329224, 0.40964987874031067, 0.4249430000782013, 0.46010804176330566, 0.41028186678886414, 0.4157695472240448, 0.40816134214401245, 0.41105934977531433, 0.4072337746620178, 0.4119042456150055, 0.41567978262901306, 0.42366692423820496, 0.41075432300567627, 0.4111759066581726, 0.423307329416275, 0.4078364670276642, 0.40723490715026855, 0.40844687819480896, 0.41058430075645447, 0.42133963108062744, 0.4084510803222656, 0.4114711284637451, 0.4111785590648651, 0.4250759482383728, 0.41783714294433594, 0.42477691173553467, 0.4132675230503082, 0.40828701853752136, 0.4169144034385681, 0.40838688611984253, 0.4072786569595337, 0.42222511768341064, 0.4167211949825287, 0.4352535009384155, 0.41130220890045166, 0.4072284996509552, 0.40722787380218506, 0.415862113237381, 0.4353978633880615, 0.4072871804237366, 0.40886157751083374, 0.415924072265625, 0.41117745637893677, 0.4248005151748657, 0.41009530425071716, 0.4158431589603424, 0.4102851152420044, 0.4086874723434448, 0.40728145837783813, 0.411640465259552, 0.407291978597641, 0.4072326719760895, 0.41289517283439636, 0.4663923680782318, 0.40753498673439026, 0.44711482524871826, 0.4111747443675995, 0.41157692670822144, 0.41571155190467834, 0.41676852107048035, 0.4083718955516815, 0.41620633006095886, 0.40722644329071045, 0.4314902126789093, 0.41559141874313354, 0.41121605038642883, 0.4113668203353882, 0.41571494936943054, 0.4144766628742218, 0.4401099383831024, 0.41134437918663025, 0.41116705536842346, 0.4092554450035095, 0.4077283442020416, 0.40873250365257263, 0.41333234310150146, 0.4072277545928955, 0.4124096632003784, 0.4111131727695465, 0.4074295461177826, 0.40727728605270386, 0.40763604640960693, 0.4218210279941559, 0.4080788493156433, 0.41550135612487793, 0.4072687029838562, 0.41330650448799133, 0.4186633825302124, 0.41132503747940063, 0.43757545948028564, 0.4167538583278656, 0.41599419713020325, 0.42452049255371094, 0.4112570881843567, 0.40761005878448486, 0.4085330069065094, 0.4159260094165802, 0.41986095905303955, 0.41133347153663635, 0.4552578032016754, 0.416963130235672, 0.4499340355396271, 0.41674450039863586, 0.407959908246994, 0.4354800283908844, 0.41645610332489014, 0.41248807311058044, 0.41570910811424255, 0.40752604603767395, 0.40818163752555847, 0.40723082423210144, 0.4122578799724579, 0.41189926862716675, 0.4074770212173462, 0.43389254808425903, 0.4072323739528656, 0.40832042694091797, 0.4239567816257477, 0.41083604097366333, 0.4156556725502014, 0.4075084626674652, 0.4083610475063324, 0.41518890857696533, 0.4230203926563263, 0.41658228635787964, 0.42934027314186096, 0.4111214578151703, 0.4160647690296173, 0.4072597920894623, 0.40832504630088806, 0.40726184844970703, 0.4091334640979767, 0.4101099371910095, 0.4072277843952179, 0.41323211789131165, 0.4156966507434845, 0.40841758251190186, 0.4112592041492462, 0.41116201877593994, 0.41066116094589233, 0.40722817182540894, 0.41264641284942627, 0.40724945068359375, 0.40744873881340027, 0.42327362298965454, 0.42208802700042725, 0.4120502769947052, 0.40729594230651855, 0.42215293645858765, 0.40749865770339966, 0.4086826741695404, 0.40835899114608765, 0.4088786840438843, 0.408445805311203, 0.41058576107025146, 0.4164665639400482, 0.4083017408847809, 0.4083874225616455, 0.4073352515697479, 0.4305327236652374, 0.4166950285434723, 0.42280614376068115, 0.41595783829689026, 0.40809765458106995, 0.4216996729373932, 0.4085253179073334, 0.40810081362724304, 0.4311758875846863, 0.414872407913208, 0.4072742760181427, 0.4113999307155609, 0.4669351875782013, 0.4668940007686615, 0.41094866394996643, 0.43802958726882935, 0.4159441292285919, 0.4245578348636627, 0.4073554277420044, 0.4249015748500824, 0.4072378873825073, 0.4130284786224365, 0.4164305031299591, 0.416835218667984, 0.4197385013103485, 0.40743598341941833, 0.42229706048965454, 0.4163691997528076, 0.41627609729766846, 0.40839123725891113, 0.4243823289871216, 0.4073760211467743, 0.40924274921417236, 0.4151268005371094, 0.4092349112033844, 0.4072670340538025, 0.4334834814071655, 0.40827926993370056, 0.4082909822463989, 0.4111400544643402, 0.4117698669433594, 0.4078107178211212, 0.41554272174835205, 0.408814013004303, 0.4128081500530243, 0.42238280177116394, 0.4393799304962158, 0.4368821084499359, 0.4244454503059387, 0.40751922130584717, 0.40746521949768066, 0.40783122181892395, 0.41542744636535645, 0.41102370619773865, 0.40950047969818115, 0.40850067138671875, 0.4072326421737671, 0.4216948449611664, 0.4078831374645233, 0.4084181487560272, 0.40939652919769287, 0.4103703796863556, 0.43076592683792114, 0.42284688353538513, 0.4102534353733063, 0.4079923629760742, 0.4076171815395355, 0.4302976131439209, 0.41125962138175964, 0.41232186555862427, 0.41116151213645935, 0.40969836711883545, 0.4098340570926666, 0.40815314650535583, 0.4077157974243164, 0.4163649082183838, 0.4786609411239624, 0.4082818627357483, 0.4086361229419708, 0.4081725776195526, 0.41648975014686584, 0.4082389175891876, 0.40758633613586426, 0.4110244810581207, 0.40729209780693054, 0.4333253502845764, 0.4083985984325409, 0.41682571172714233, 0.4799955487251282, 0.4337846040725708, 0.414230614900589, 0.40747231245040894, 0.4092376232147217, 0.4080641567707062, 0.42266127467155457, 0.4072296619415283, 0.4072278141975403, 0.439118355512619, 0.4380449652671814, 0.411293625831604, 0.41675126552581787, 0.4263325035572052, 0.4114139676094055, 0.42918679118156433, 0.40728646516799927, 0.41130074858665466, 0.40875282883644104, 0.41274285316467285, 0.40815532207489014, 0.42242947220802307, 0.4278124272823334, 0.4113069474697113, 0.40880173444747925, 0.4086262881755829, 0.43534260988235474, 0.42918360233306885, 0.42042654752731323, 0.40963947772979736, 0.4081236720085144, 0.43824124336242676, 0.40722790360450745, 0.4083961248397827, 0.4073925316333771, 0.4072379767894745, 0.4827675521373749, 0.41085365414619446, 0.40801334381103516, 0.4072355628013611, 0.4072396755218506, 0.40830889344215393, 0.4103968143463135, 0.40729713439941406, 0.41130688786506653, 0.41118839383125305, 0.4381343126296997, 0.4078010618686676, 0.4159604012966156, 0.41419517993927, 0.41658568382263184, 0.4072287082672119, 0.41680067777633667, 0.4165736138820648, 0.40777406096458435, 0.41796860098838806, 0.40863919258117676, 0.4081255793571472, 0.4103878140449524, 0.4072791039943695, 0.4079119861125946, 0.4113417863845825, 0.41679486632347107, 0.4072282910346985, 0.416031152009964, 0.411304771900177, 0.43221405148506165, 0.4199468493461609, 0.4082959294319153, 0.4124882221221924, 0.42334800958633423, 0.4079122841358185, 0.4381422698497772, 0.4190449118614197, 0.4072290360927582, 0.41100335121154785, 0.40894633531570435, 0.40979498624801636, 0.4087739884853363, 0.41294142603874207, 0.4104791283607483, 0.42186057567596436, 0.4111345410346985, 0.435522198677063, 0.41566750407218933, 0.4082755744457245, 0.4072278141975403, 0.40908676385879517, 0.4115324914455414, 0.4490761160850525, 0.41438961029052734, 0.4179311692714691, 0.4167931377887726, 0.40815839171409607, 0.4098212420940399, 0.413258820772171, 0.4158438742160797, 0.40872782468795776, 0.40846186876296997, 0.4075204133987427, 0.4263511598110199, 0.4081743359565735, 0.43546631932258606, 0.429005891084671, 0.4356425404548645, 0.40750983357429504, 0.40724363923072815, 0.4072626829147339, 0.4645836651325226, 0.42137572169303894, 0.410206139087677, 0.40724191069602966, 0.4167959690093994, 0.41128501296043396, 0.409155935049057, 0.407520592212677, 0.407289057970047, 0.4074530005455017, 0.4156509041786194, 0.40885597467422485, 0.40745896100997925, 0.41563528776168823, 0.41120296716690063, 0.40816959738731384, 0.4076264500617981, 0.4300882816314697, 0.4083792567253113, 0.42685848474502563, 0.407752126455307, 0.40800943970680237, 0.41336384415626526, 0.4073231816291809, 0.4112984538078308, 0.4086419939994812, 0.4298388659954071, 0.40726718306541443]",0.0,"[0.0, 0.0, 0.0, 0.0, 0.0, 0.0, 0.0, 0.0, 0.0, 0.0, 0.0, 0.0, 0.0, 0.0, 0.0, 0.0, 0.0, 0.0, 0.0, 0.0, 0.0, 0.0, 0.0, 0.0, 0.0, 0.0, 0.0, 0.0, 0.0, 0.0, 0.0, 0.0, 0.0, 0.0, 0.0, 0.0, 0.0, 0.0, 0.0, 0.0, 0.0, 0.0, 0.0, 0.0, 0.0, 0.0, 0.0, 0.0, 0.0, 0.0, 0.0, 0.0, 0.0, 0.0, 0.0, 0.0, 0.0, 0.0, 0.0, 0.0, 0.0, 0.0, 0.0, 0.0, 0.0, 0.0, 0.0, 0.0, 0.0, 0.0, 0.0, 0.0, 0.0, 0.0, 0.0, 0.0, 0.0, 0.0, 0.0, 0.0, 0.0, 0.0, 0.0, 0.0, 0.0, 0.0, 0.0, 0.0, 0.0, 0.0, 0.0, 0.0, 0.0, 0.0, 0.0, 0.0, 0.0, 0.0, 0.0, 0.0, 0.0, 0.0, 0.0, 0.0, 0.0, 0.0, 0.0, 0.0, 0.0, 0.0, 0.0, 0.0, 0.0, 0.0, 0.0, 0.0, 0.0, 0.0, 0.0, 0.0, 0.0, 0.0, 0.0, 0.0, 0.0, 0.0, 0.0, 0.0, 0.0, 0.0, 0.0, 0.0, 0.0, 0.0, 0.0, 0.0, 0.0, 0.0, 0.0, 0.0, 0.0, 0.0, 0.0, 0.0, 0.0, 0.0, 0.0, 0.0, 0.0, 0.0, 0.0, 0.0, 0.0, 0.0, 0.0, 0.0, 0.0, 0.0, 0.0, 0.0, 0.0, 0.0, 0.0, 0.0, 0.0, 0.0, 0.0, 0.0, 0.0, 0.0, 0.0, 0.0, 0.0, 0.0, 0.0, 0.0, 0.0, 0.0, 0.0, 0.0, 0.0, 0.0, 0.0, 0.0, 0.0, 0.0, 0.0, 0.0, 0.0, 0.0, 0.0, 0.0, 0.0, 0.0, 0.0, 0.0, 0.0, 0.0, 0.0, 0.0, 0.0, 0.0, 0.0, 0.0, 0.0, 0.0, 0.0, 0.0, 0.0, 0.0, 0.0, 0.0, 0.0, 0.0, 0.0, 0.0, 0.0, 0.0, 0.0, 0.0, 0.0, 0.0, 0.0, 0.0, 0.0, 0.0, 0.0, 0.0, 0.0, 0.0, 0.0, 0.0, 0.0, 0.0, 0.0, 0.0, 0.0, 0.0, 0.0, 0.0, 0.0, 0.0, 0.0, 0.0, 0.0, 0.0, 0.0, 0.0, 0.0, 0.0, 0.0, 0.0, 0.0, 0.0, 0.0, 0.0, 0.0, 0.0, 0.0, 0.0, 0.0, 0.0, 0.0, 0.0, 0.0, 0.0, 0.0, 0.0, 0.0, 0.0, 0.0, 0.0, 0.0, 0.0, 0.0, 0.0, 0.0, 0.0, 0.0, 0.0, 0.0, 0.0, 0.0, 0.0, 0.0, 0.0, 0.0, 0.0, 0.0, 0.0, 0.0, 0.0, 0.0, 0.0, 0.0, 0.0, 0.0, 0.0, 0.0, 0.0, 0.0, 0.0, 0.0, 0.0, 0.0, 0.0, 0.0, 0.0, 0.0, 0.0, 0.0, 0.0, 0.0, 0.0, 0.0, 0.0, 0.0, 0.0, 0.0, 0.0, 0.0, 0.0, 0.0, 0.0, 0.0, 0.0, 0.0, 0.0, 0.0, 0.0, 0.0, 0.0, 0.0, 0.0, 0.0, 0.0, 0.0, 0.0, 0.0, 0.0, 0.0, 0.0, 0.0, 0.0, 0.0, 0.0, 0.0, 0.0, 0.0, 0.0, 0.0, 0.0, 0.0, 0.0, 0.0, 0.0, 0.0, 0.0, 0.0, 0.0, 0.0, 0.0, 0.0, 0.0, 0.0, 0.0, 0.0, 0.0, 0.0, 0.0, 0.0, 0.0, 0.0, 0.0, 0.0, 0.0, 0.0, 0.0, 0.0, 0.0, 0.0, 0.0, 0.0, 0.0, 0.0, 0.0, 0.0, 0.0, 0.0, 0.0, 0.0, 0.0, 0.0, 0.0, 0.0, 0.0, 0.0, 0.0, 0.0, 0.0, 0.0, 0.0, 0.0, 0.0, 0.0, 0.0, 0.0, 0.0, 0.0, 0.0, 0.0, 0.0, 0.0, 0.0, 0.0, 0.0, 0.0, 0.0, 0.0, 0.0, 0.0, 0.0, 0.0, 0.0, 0.0, 0.0, 0.0, 0.0, 0.0, 0.0, 0.0, 0.0, 0.0, 0.0, 0.0, 0.0, 0.0, 0.0, 0.0, 0.0, 0.0, 0.0, 0.0, 0.0, 0.0, 0.0, 0.0, 0.0, 0.0, 0.0, 0.0, 0.0, 0.0, 0.0, 0.0, 0.0, 0.0, 0.0, 0.0, 0.0, 0.0, 0.0, 0.0, 0.0, 0.0, 0.0, 0.0, 0.0, 0.0, 0.0, 0.0, 0.0, 0.0, 0.0, 0.0, 0.0, 0.0, 0.0, 0.0, 0.0, 0.0, 0.0, 0.0, 0.0, 0.0, 0.0, 0.0, 0.0, 0.0, 0.0]",COMPLETE
135,135,0.7252901547062385,2024-08-31 06:53:17.743493,2024-08-31 06:54:56.055865,0 days 00:01:38.312372,4,0.06785788421141105,5,30,0.04437724442915702,54,0.025292028783871216,0.873,0.86875,33,"[33, 33, 33, 33, 33, 33, 33, 33, 33, 33, 33, 33, 33, 33, 33, 33, 33, 33, 33, 33, 33, 33, 33, 33, 33, 33, 33, 33, 33, 33]",32.943249701314215,"[32.946236559139784, 32.942054958183995, 32.9378733572282, 32.94205495818399, 32.935483870967744, 32.94504181600956, 32.93966547192354, 32.9378733572282, 32.94743130227001, 32.94563918757467, 32.94922341696535, 32.940262843488654, 32.943249701314215, 32.93608124253286, 32.94026284348865, 32.9378733572282, 32.948028673835125, 32.95041816009558, 32.95221027479092, 32.95340501792115, 32.94026284348865, 32.94563918757467, 32.94862604540024, 32.946236559139784, 32.94205495818399, 32.94384707287933, 32.9378733572282, 32.93966547192354, 32.94504181600956, 32.943249701314215]",0.7608467705314608,0.7252901547062385,33,"[33, 33, 33, 33, 33, 33, 33, 33, 33, 33, 33, 33, 33, 33, 33, 33, 33, 33, 33, 33, 33, 33, 33, 33, 33, 33, 33, 33, 33, 33]",30,"[0.4053992033004761, 0.3950241506099701, 0.3905284106731415, 0.38688400387763977, 0.3838454484939575, 0.3813095986843109, 0.37901294231414795, 0.3772263824939728, 0.37553977966308594, 0.37398654222488403, 0.37261226773262024, 0.37139835953712463, 0.3702428340911865, 0.3691602945327759, 0.3682141602039337, 0.36732661724090576, 0.36641839146614075, 0.3655107915401459, 0.36459559202194214, 0.3637414872646332, 0.36285343766212463, 0.36215588450431824, 0.3612438440322876, 0.3604101538658142, 0.3596537709236145, 0.35887545347213745, 0.35811442136764526, 0.3575798273086548, 0.356556236743927, 0.35563167929649353]",33.0,"[33.0, 33.0, 33.0, 33.0, 33.0, 33.0, 33.0, 33.0, 33.0, 33.0, 33.0, 33.0, 33.0, 33.0, 33.0, 33.0, 33.0, 33.0, 33.0, 33.0, 33.0, 33.0, 33.0, 33.0, 33.0, 33.0, 33.0, 33.0, 33.0, 33.0]",COMPLETE
