,number,value,datetime_start,datetime_complete,duration,params_batch_size_scaler,params_constant_learning_rate,params_depth,params_epochs,params_kernel_l2,params_num_trees,params_temperature,user_attrs_accuracy_test,user_attrs_accuracy_valid,user_attrs_approximate_feature_sparsity,user_attrs_approximate_feature_sparsity_history,user_attrs_approximate_weight_sparsity,user_attrs_approximate_weight_sparsity_history,user_attrs_auc_test,user_attrs_auc_valid,user_attrs_feature_sparsity,user_attrs_feature_sparsity_history,user_attrs_num_epochs,user_attrs_val_loss_history,user_attrs_weight_sparsity,user_attrs_weight_sparsity_history,state
99,99,0.6088418286509255,2024-08-31 05:16:57.320710,2024-08-31 05:22:33.197849,0 days 00:05:35.877139,1,0.4613196271653118,2,335,0.009503894833532159,98,0.021058711653209335,0.859,0.85875,1,"[2, 1, 1, 1, 1, 1, 1, 1, 1, 1, 1, 1, 1, 1, 1, 1, 1, 1, 1, 1, 1, 1, 1, 1, 1, 1, 1, 1, 1, 1, 1, 1, 1, 1, 1, 1, 1, 1, 1, 1, 1, 1, 1, 1, 1, 1, 1, 1, 1, 1, 1, 1, 1, 1, 1, 1, 1, 1, 1, 1, 1, 1, 1, 1, 1, 1, 1, 1, 1, 1, 1, 1, 1, 1, 1, 1, 1, 1, 1, 1, 1, 1, 1, 1, 1, 1, 1, 1, 1, 1, 1, 1, 1, 1, 1, 1, 1, 1, 1, 1, 1, 1, 1, 1, 1, 1, 1, 1, 1, 1, 1, 1, 1, 1, 1, 1, 1, 1, 1, 1, 1, 1, 1, 1, 1, 1, 1, 1, 1, 1, 1, 1, 1, 1, 1, 1, 1, 1, 1, 1, 1, 1, 1, 1, 1, 1, 1, 1, 1, 1, 1, 1, 1, 1, 1, 1, 1, 1, 1, 1, 1, 1, 1, 1, 1, 1, 1, 1, 1, 1, 1, 1, 1, 1, 1, 1, 1, 1, 1, 1, 1, 1, 1, 1, 1, 1, 1, 1, 1, 1, 1, 1, 1, 1, 1, 1, 1, 1, 1, 1, 1, 1, 1, 1, 1, 1, 1, 1, 1, 1, 1, 1, 1, 1, 1, 1, 1, 1, 1, 1, 1, 1, 1, 1, 1, 1, 1, 1, 1, 1, 1, 1, 1, 1, 1, 1, 1, 1, 1, 1, 1, 1, 1, 1, 1, 1, 1, 1, 1, 1, 1, 1, 1, 1, 1, 1, 1, 1, 1, 1, 1, 1, 1, 1, 1, 1, 1, 1, 1, 1, 1, 1, 1, 1, 1, 1, 1, 1, 1, 1, 1, 1, 1, 1, 1, 1, 1, 1, 1, 1, 1, 1, 1, 1, 1, 1, 1, 1, 1, 1, 1, 1, 1, 1, 1, 1, 1, 1, 1, 1, 1, 1, 1, 1, 1, 1, 1, 1, 1, 1, 1, 1, 1, 1, 1, 1, 1, 1, 1, 1, 1, 1, 1, 1, 1]",1.0,"[2.0, 1.0, 1.0, 1.0, 1.0, 1.0, 1.0, 1.0, 0.9965986394557823, 1.0, 1.0, 1.0, 1.0, 1.0, 1.0, 1.0, 1.0, 1.0, 1.0, 1.0, 0.9965986394557823, 0.9965986394557823, 1.0, 1.0, 1.0, 1.0, 1.0, 1.0, 1.0, 0.9965986394557823, 1.0, 1.0, 1.0, 1.0, 1.0, 1.0, 1.0, 1.0, 1.0, 1.0, 1.0, 1.0, 1.0, 1.0, 1.0, 1.0, 1.0, 1.0, 1.0, 1.0, 1.0, 1.0, 1.0, 1.0, 1.0, 1.0, 1.0, 1.0, 1.0, 1.0, 1.0, 1.0, 1.0, 1.0, 1.0, 1.0, 1.0, 1.0, 1.0, 1.0, 1.0, 0.9965986394557823, 0.9965986394557823, 0.9965986394557823, 1.0, 1.0, 0.9965986394557823, 0.9965986394557823, 0.9965986394557823, 1.0, 0.9965986394557823, 1.0, 1.0, 1.0, 1.0, 1.0, 1.0, 1.0, 1.0, 1.0, 1.0, 1.0, 1.0, 1.0, 0.9965986394557823, 1.0, 1.0, 1.0, 1.0, 1.0, 1.0, 1.0, 1.0, 1.0, 1.0, 1.0, 1.0, 1.0, 1.0, 1.0, 1.0, 1.0, 1.0, 1.0, 1.0, 1.0, 1.0, 1.0, 1.0, 1.0, 1.0, 1.0, 1.0, 1.0, 1.0, 1.0, 1.0, 1.0, 1.0, 1.0, 1.0, 1.0, 1.0, 1.0, 1.0, 1.0, 1.0, 1.0, 1.0, 1.0, 1.0, 1.0, 1.0, 1.0, 1.0, 1.0, 1.0, 1.0, 1.0, 1.0, 1.0, 1.0, 1.0, 1.0, 1.0, 1.0, 1.0, 1.0, 1.0, 1.0, 1.0, 1.0, 1.0, 1.0, 1.0, 1.0, 1.0, 1.0, 1.0, 1.0, 1.0, 1.0, 1.0, 1.0, 1.0, 1.0, 1.0, 1.0, 1.0, 1.0, 1.0, 1.0, 1.0, 1.0, 1.0, 1.0, 1.0, 1.0, 1.0, 1.0, 1.0, 1.0, 1.0, 1.0, 1.0, 1.0, 1.0, 1.0, 1.0, 1.0, 1.0, 1.0, 1.0, 1.0, 1.0, 1.0, 1.0, 1.0, 1.0, 1.0, 1.0, 1.0, 1.0, 1.0, 1.0, 1.0, 1.0, 1.0, 1.0, 1.0, 1.0, 1.0, 1.0, 1.0, 1.0, 1.0, 1.0, 1.0, 1.0, 1.0, 1.0, 1.0, 1.0, 1.0, 1.0, 1.0, 1.0, 1.0, 1.0, 1.0, 1.0, 1.0, 1.0, 1.0, 1.0, 1.0, 1.0, 1.0, 1.0, 1.0, 1.0, 1.0, 1.0, 1.0, 1.0, 1.0, 1.0, 1.0, 1.0, 1.0, 1.0, 1.0, 1.0, 1.0, 1.0, 1.0, 1.0, 1.0, 1.0, 1.0, 1.0, 1.0, 1.0, 1.0, 1.0, 1.0, 1.0, 1.0, 1.0, 1.0, 1.0, 1.0, 1.0, 1.0, 1.0, 1.0, 1.0, 1.0, 1.0, 1.0, 1.0, 1.0, 1.0, 1.0, 1.0, 1.0, 1.0, 1.0, 1.0, 1.0, 1.0, 1.0, 1.0, 1.0, 1.0, 1.0, 1.0, 1.0, 1.0, 1.0, 1.0, 1.0, 1.0, 1.0, 1.0, 1.0, 1.0, 1.0, 1.0, 1.0, 1.0, 1.0, 1.0, 1.0, 1.0, 1.0, 1.0, 1.0, 1.0, 1.0, 1.0, 1.0, 1.0, 1.0, 1.0]",0.6144865793145584,0.6088418286509255,1,"[2, 1, 1, 1, 1, 1, 1, 1, 1, 1, 1, 1, 1, 1, 1, 1, 1, 1, 1, 1, 1, 1, 1, 1, 1, 1, 1, 1, 1, 1, 1, 1, 1, 1, 1, 1, 1, 1, 1, 1, 1, 1, 1, 1, 1, 1, 1, 1, 1, 1, 1, 1, 1, 1, 1, 1, 1, 1, 1, 1, 1, 1, 1, 1, 1, 1, 1, 1, 1, 1, 1, 1, 1, 1, 1, 1, 1, 1, 1, 1, 1, 1, 1, 1, 1, 1, 1, 1, 1, 1, 1, 1, 1, 1, 1, 1, 1, 1, 1, 1, 1, 1, 1, 1, 1, 1, 1, 1, 1, 1, 1, 1, 1, 1, 1, 1, 1, 1, 1, 1, 1, 1, 1, 1, 1, 1, 1, 1, 1, 1, 1, 1, 1, 1, 1, 1, 1, 1, 1, 1, 1, 1, 1, 1, 1, 1, 1, 1, 1, 1, 1, 1, 1, 1, 1, 1, 1, 1, 1, 1, 1, 1, 1, 1, 1, 1, 1, 1, 1, 1, 1, 1, 1, 1, 1, 1, 1, 1, 1, 1, 1, 1, 1, 1, 1, 1, 1, 1, 1, 1, 1, 1, 1, 1, 1, 1, 1, 1, 1, 1, 1, 1, 1, 1, 1, 1, 1, 1, 1, 1, 1, 1, 1, 1, 1, 1, 1, 1, 1, 1, 1, 1, 1, 1, 1, 1, 1, 1, 1, 1, 1, 1, 1, 1, 1, 1, 1, 1, 1, 1, 1, 1, 1, 1, 1, 1, 1, 1, 1, 1, 1, 1, 1, 1, 1, 1, 1, 1, 1, 1, 1, 1, 1, 1, 1, 1, 1, 1, 1, 1, 1, 1, 1, 1, 1, 1, 1, 1, 1, 1, 1, 1, 1, 1, 1, 1, 1, 1, 1, 1, 1, 1, 1, 1, 1, 1, 1, 1, 1, 1, 1, 1, 1, 1, 1, 1, 1, 1, 1, 1, 1, 1, 1, 1, 1, 1, 1, 1, 1, 1, 1, 1, 1, 1, 1, 1, 1, 1, 1, 1, 1, 1, 1, 1, 1]",335,"[0.37511971592903137, 0.42622554302215576, 0.9309054017066956, 0.8325980305671692, 0.4036819338798523, 0.3935593068599701, 0.9913109540939331, 0.5275939702987671, 0.47071924805641174, 0.8986902832984924, 0.4362104833126068, 1.3167686462402344, 0.45509567856788635, 0.4955580532550812, 0.7816808819770813, 0.5568366050720215, 0.4209575355052948, 0.5506633520126343, 1.1230590343475342, 0.6671026349067688, 0.39875876903533936, 0.6922394037246704, 0.6148518919944763, 0.5482468605041504, 0.4656224846839905, 0.49839773774147034, 0.4029148519039154, 1.8759952783584595, 0.9519250392913818, 0.49591854214668274, 0.9127243161201477, 2.253741979598999, 0.4310428202152252, 0.6389254927635193, 0.4764692187309265, 0.9639326333999634, 0.6320981979370117, 0.4493725299835205, 0.7190155982971191, 1.5359834432601929, 0.4951649606227875, 0.6243717074394226, 0.39929062128067017, 0.5034288763999939, 1.9081083536148071, 0.5584456324577332, 1.299296259880066, 1.6803838014602661, 0.9188098311424255, 0.4173995852470398, 0.5535700917243958, 0.5670661926269531, 0.405958354473114, 0.4270133674144745, 1.866425633430481, 0.4771672487258911, 2.7038047313690186, 0.4091818928718567, 0.5057899951934814, 0.5142894983291626, 0.6366099119186401, 0.9725366234779358, 1.179887056350708, 0.622996985912323, 0.4260333776473999, 1.1764960289001465, 1.5140658617019653, 0.4944807291030884, 1.635203242301941, 0.4662354290485382, 1.5631859302520752, 0.4311067461967468, 0.7002672553062439, 0.5799794793128967, 0.48185551166534424, 0.8382202386856079, 0.9517520666122437, 0.6744953393936157, 0.42491787672042847, 0.7066531181335449, 1.9561049938201904, 0.6231091618537903, 0.4793391525745392, 0.8197621703147888, 0.6958519816398621, 0.4445708990097046, 1.101922631263733, 0.5986158847808838, 0.41457757353782654, 0.45342540740966797, 1.5336683988571167, 1.0008900165557861, 0.62859708070755, 0.7462904453277588, 0.47095856070518494, 0.5009772777557373, 0.43893352150917053, 0.3960440456867218, 0.8484815359115601, 1.183971881866455, 0.48011839389801025, 1.781582236289978, 0.758595883846283, 0.41961339116096497, 0.4645615816116333, 0.7742124199867249, 0.46196991205215454, 0.6346254944801331, 0.6891108155250549, 0.7213320136070251, 0.39227330684661865, 2.0276148319244385, 0.886525571346283, 0.7035408616065979, 0.9764890074729919, 1.1070562601089478, 0.5268682241439819, 0.6405697464942932, 0.40680545568466187, 0.7316631078720093, 0.4218291938304901, 0.4062671363353729, 0.4505041539669037, 0.8142932653427124, 0.48481297492980957, 0.7219650149345398, 0.6682003736495972, 2.507780075073242, 0.5014476180076599, 0.45114609599113464, 0.5125016570091248, 0.7086734771728516, 1.4232629537582397, 0.7221716046333313, 0.7244880199432373, 1.23476243019104, 0.6446914076805115, 1.1873894929885864, 0.5934829115867615, 0.49362242221832275, 1.6935653686523438, 0.45689693093299866, 0.6448546051979065, 0.5493385195732117, 0.9077984094619751, 0.5179760456085205, 0.9607372283935547, 2.1110527515411377, 0.9492676258087158, 0.764129102230072, 0.6470122337341309, 0.47072112560272217, 0.7700746059417725, 1.4131596088409424, 0.6073304414749146, 1.2130430936813354, 1.1053013801574707, 0.5025882124900818, 1.1237910985946655, 0.40177565813064575, 0.4076630473136902, 0.6188390254974365, 0.4048093557357788, 1.6536073684692383, 0.45315250754356384, 1.2204312086105347, 0.3984427750110626, 1.064031720161438, 0.4072064459323883, 0.8504549264907837, 1.224801778793335, 0.6065386533737183, 0.5209591388702393, 0.4114152193069458, 0.5698342323303223, 0.4195898175239563, 0.4288773834705353, 0.4147019684314728, 0.40812286734580994, 0.45378485321998596, 0.8511615991592407, 0.6346083879470825, 0.7370333075523376, 0.4089318811893463, 0.8001379370689392, 0.44062340259552, 1.0970653295516968, 0.5517815947532654, 0.9025911092758179, 0.8335021734237671, 0.5514513254165649, 0.39634156227111816, 0.5012757778167725, 1.2582319974899292, 0.4358530044555664, 0.5118894577026367, 0.5869319438934326, 1.505174160003662, 0.40505874156951904, 1.3732028007507324, 0.8241320252418518, 0.8424654603004456, 0.8329426646232605, 0.5759151577949524, 0.6325275897979736, 1.9277197122573853, 0.4116115868091583, 0.6125069856643677, 1.1491745710372925, 1.5726732015609741, 0.8344877362251282, 0.5309435725212097, 0.4056662321090698, 0.4401208162307739, 0.39182597398757935, 0.5131012201309204, 0.5306901931762695, 0.5077556371688843, 0.7271280884742737, 0.6374072432518005, 0.647589921951294, 0.5025860667228699, 1.095226764678955, 0.7807148694992065, 1.8709726333618164, 0.5062108635902405, 1.0664864778518677, 1.120362639427185, 1.7006028890609741, 0.4265576899051666, 0.3955537676811218, 0.5048269629478455, 0.544562816619873, 0.5129889249801636, 0.4675108790397644, 0.39999717473983765, 0.4255931079387665, 1.2249226570129395, 0.918398916721344, 0.4072728753089905, 0.6206640005111694, 0.46469733119010925, 0.393090158700943, 0.49389201402664185, 0.4153258502483368, 0.4172469675540924, 0.5118467807769775, 0.4480549693107605, 1.3288406133651733, 0.5780037045478821, 0.4315129518508911, 0.5091001987457275, 0.5755051970481873, 1.8256275653839111, 0.6012408137321472, 1.4933468103408813, 1.5180128812789917, 0.5605713725090027, 0.6082391142845154, 1.1103622913360596, 0.5330735445022583, 1.6785593032836914, 0.4032653570175171, 1.6745795011520386, 0.4447740912437439, 0.7686473727226257, 0.47284549474716187, 0.7646558880805969, 0.8921653032302856, 1.1007148027420044, 0.4000539481639862, 0.39833059906959534, 1.8931586742401123, 0.4006306529045105, 0.48180413246154785, 0.5739633440971375, 2.9196059703826904, 1.1929984092712402, 0.5562576651573181, 0.5629611015319824, 0.8633264303207397, 0.3971211910247803, 0.5105583667755127, 1.0721014738082886, 0.652616024017334, 0.5894804000854492, 0.6631523370742798, 0.4156903326511383, 0.453521192073822, 0.588066816329956, 0.4123691916465759, 0.41226357221603394, 0.41308993101119995, 0.9997653961181641, 0.4817107319831848, 0.41445115208625793, 0.46805718541145325, 0.45343899726867676, 3.4243621826171875, 1.2218395471572876, 0.6056140065193176, 0.9774872064590454, 1.0600470304489136, 0.8972318768501282, 1.5203180313110352, 1.5444979667663574, 0.47940346598625183, 0.4240454137325287, 0.6406787633895874, 0.5140278339385986, 0.3956510126590729, 2.3051607608795166, 0.8528090119361877, 1.0199872255325317, 0.44130054116249084, 0.7591302990913391, 0.4982941448688507, 0.4039882719516754, 0.7108023166656494, 0.49896466732025146, 2.3185226917266846, 1.2799651622772217, 0.5095633864402771, 0.4247988164424896, 0.547539234161377, 0.903835654258728, 1.1840126514434814, 0.44527000188827515, 1.3013137578964233, 0.6565393209457397, 0.4462529122829437, 1.1606957912445068, 1.674568772315979, 0.9956346154212952, 1.2521461248397827]",1.0,"[2.0, 1.0, 1.0, 1.0, 1.0, 1.0, 1.0, 1.0, 1.0, 1.0, 1.0, 1.0, 1.0, 1.0, 1.0, 1.0, 1.0, 1.0, 1.0, 1.0, 1.0, 1.0, 1.0, 1.0, 1.0, 1.0, 1.0, 1.0, 1.0, 1.0, 1.0, 1.0, 1.0, 1.0, 1.0, 1.0, 1.0, 1.0, 1.0, 1.0, 1.0, 1.0, 1.0, 1.0, 1.0, 1.0, 1.0, 1.0, 1.0, 1.0, 1.0, 1.0, 1.0, 1.0, 1.0, 1.0, 1.0, 1.0, 1.0, 1.0, 1.0, 1.0, 1.0, 1.0, 1.0, 1.0, 1.0, 1.0, 1.0, 1.0, 1.0, 1.0, 1.0, 1.0, 1.0, 1.0, 1.0, 1.0, 1.0, 1.0, 1.0, 1.0, 1.0, 1.0, 1.0, 1.0, 1.0, 1.0, 1.0, 1.0, 1.0, 1.0, 1.0, 1.0, 1.0, 1.0, 1.0, 1.0, 1.0, 1.0, 1.0, 1.0, 1.0, 1.0, 1.0, 1.0, 1.0, 1.0, 1.0, 1.0, 1.0, 1.0, 1.0, 1.0, 1.0, 1.0, 1.0, 1.0, 1.0, 1.0, 1.0, 1.0, 1.0, 1.0, 1.0, 1.0, 1.0, 1.0, 1.0, 1.0, 1.0, 1.0, 1.0, 1.0, 1.0, 1.0, 1.0, 1.0, 1.0, 1.0, 1.0, 1.0, 1.0, 1.0, 1.0, 1.0, 1.0, 1.0, 1.0, 1.0, 1.0, 1.0, 1.0, 1.0, 1.0, 1.0, 1.0, 1.0, 1.0, 1.0, 1.0, 1.0, 1.0, 1.0, 1.0, 1.0, 1.0, 1.0, 1.0, 1.0, 1.0, 1.0, 1.0, 1.0, 1.0, 1.0, 1.0, 1.0, 1.0, 1.0, 1.0, 1.0, 1.0, 1.0, 1.0, 1.0, 1.0, 1.0, 1.0, 1.0, 1.0, 1.0, 1.0, 1.0, 1.0, 1.0, 1.0, 1.0, 1.0, 1.0, 1.0, 1.0, 1.0, 1.0, 1.0, 1.0, 1.0, 1.0, 1.0, 1.0, 1.0, 1.0, 1.0, 1.0, 1.0, 1.0, 1.0, 1.0, 1.0, 1.0, 1.0, 1.0, 1.0, 1.0, 1.0, 1.0, 1.0, 1.0, 1.0, 1.0, 1.0, 1.0, 1.0, 1.0, 1.0, 1.0, 1.0, 1.0, 1.0, 1.0, 1.0, 1.0, 1.0, 1.0, 1.0, 1.0, 1.0, 1.0, 1.0, 1.0, 1.0, 1.0, 1.0, 1.0, 1.0, 1.0, 1.0, 1.0, 1.0, 1.0, 1.0, 1.0, 1.0, 1.0, 1.0, 1.0, 1.0, 1.0, 1.0, 1.0, 1.0, 1.0, 1.0, 1.0, 1.0, 1.0, 1.0, 1.0, 1.0, 1.0, 1.0, 1.0, 1.0, 1.0, 1.0, 1.0, 1.0, 1.0, 1.0, 1.0, 1.0, 1.0, 1.0, 1.0, 1.0, 1.0, 1.0, 1.0, 1.0, 1.0, 1.0, 1.0, 1.0, 1.0, 1.0, 1.0, 1.0, 1.0, 1.0, 1.0, 1.0, 1.0, 1.0, 1.0, 1.0, 1.0, 1.0, 1.0, 1.0, 1.0, 1.0, 1.0, 1.0, 1.0, 1.0, 1.0, 1.0, 1.0, 1.0, 1.0, 1.0, 1.0, 1.0, 1.0, 1.0]",COMPLETE
100,100,0.6088418286509255,2024-08-31 05:22:33.210279,2024-08-31 05:23:02.459245,0 days 00:00:29.248966,4,0.25611622129734246,1,165,0.001292224567454076,22,0.01206608093605249,0.859,0.85875,1,"[23, 2, 1, 1, 1, 1, 1, 1, 1, 1, 1, 1, 1, 1, 1, 1, 1, 1, 1, 1, 1, 1, 1, 1, 1, 1, 1, 1, 1, 1, 1, 1, 1, 1, 1, 1, 1, 1, 1, 1, 1, 1, 1, 1, 1, 1, 1, 1, 1, 1, 1, 1, 1, 1, 1, 1, 1, 1, 1, 1, 1, 1, 1, 1, 1, 1, 1, 1, 1, 1, 1, 1, 1, 1, 1, 1, 1, 1, 1, 1, 1, 1, 1, 1, 1, 1, 1, 1, 1, 1, 1, 1, 1, 1, 1, 1, 1, 1, 1, 1, 1, 1, 1, 1, 1, 1, 1, 1, 1, 1, 1, 1, 1, 1, 1, 1, 1, 1, 1, 1, 1, 1, 1, 1, 1, 1, 1, 1, 1, 1, 1, 1, 1, 1, 1, 1, 1, 1, 1, 1, 1, 1, 1, 1, 1, 1, 1, 1, 1, 1, 1, 1, 1, 1, 1, 1, 1, 1, 1, 1, 1, 1, 1, 1, 1]",1.0,"[22.863636363636363, 2.0, 1.0, 1.0, 1.0, 1.0, 1.0, 1.0, 1.0, 1.0, 1.0, 1.0, 1.0, 1.0, 1.0, 0.9545454545454546, 1.0, 1.0, 1.0, 1.0, 1.0, 1.0, 1.0, 1.0, 1.0, 1.0, 1.0, 1.0, 1.0, 1.0, 1.0, 1.0, 1.0, 1.0, 1.0, 1.0, 1.0, 1.0, 1.0, 1.0, 1.0, 1.0, 1.0, 1.0, 1.0, 1.0, 1.0, 1.0, 1.0, 1.0, 1.0, 1.0, 1.0, 1.0, 1.0, 1.0, 1.0, 1.0, 1.0, 1.0, 1.0, 1.0, 1.0, 1.0, 1.0, 1.0, 1.0, 1.0, 1.0, 1.0, 1.0, 1.0, 1.0, 1.0, 1.0, 1.0, 1.0, 1.0, 1.0, 1.0, 1.0, 1.0, 1.0, 1.0, 1.0, 1.0, 1.0, 1.0, 1.0, 1.0, 1.0, 1.0, 1.0, 1.0, 1.0, 1.0, 1.0, 1.0, 1.0, 1.0, 1.0, 1.0, 1.0, 1.0, 1.0, 1.0, 1.0, 1.0, 1.0, 1.0, 1.0, 1.0, 1.0, 1.0, 1.0, 1.0, 1.0, 1.0, 1.0, 1.0, 1.0, 1.0, 1.0, 1.0, 1.0, 1.0, 1.0, 1.0, 1.0, 1.0, 1.0, 1.0, 1.0, 1.0, 1.0, 1.0, 1.0, 1.0, 1.0, 1.0, 1.0, 1.0, 1.0, 1.0, 1.0, 1.0, 1.0, 1.0, 1.0, 1.0, 1.0, 1.0, 1.0, 1.0, 1.0, 1.0, 1.0, 1.0, 1.0, 1.0, 1.0, 1.0, 1.0, 1.0, 1.0]",0.6144865793145584,0.6088418286509255,1,"[23, 2, 1, 1, 1, 1, 1, 1, 1, 1, 1, 1, 1, 1, 1, 1, 1, 1, 1, 1, 1, 1, 1, 1, 1, 1, 1, 1, 1, 1, 1, 1, 1, 1, 1, 1, 1, 1, 1, 1, 1, 1, 1, 1, 1, 1, 1, 1, 1, 1, 1, 1, 1, 1, 1, 1, 1, 1, 1, 1, 1, 1, 1, 1, 1, 1, 1, 1, 1, 1, 1, 1, 1, 1, 1, 1, 1, 1, 1, 1, 1, 1, 1, 1, 1, 1, 1, 1, 1, 1, 1, 1, 1, 1, 1, 1, 1, 1, 1, 1, 1, 1, 1, 1, 1, 1, 1, 1, 1, 1, 1, 1, 1, 1, 1, 1, 1, 1, 1, 1, 1, 1, 1, 1, 1, 1, 1, 1, 1, 1, 1, 1, 1, 1, 1, 1, 1, 1, 1, 1, 1, 1, 1, 1, 1, 1, 1, 1, 1, 1, 1, 1, 1, 1, 1, 1, 1, 1, 1, 1, 1, 1, 1, 1, 1]",165,"[0.37160271406173706, 0.38116157054901123, 0.39044812321662903, 0.38748547434806824, 0.3852604627609253, 0.39367857575416565, 0.38957634568214417, 0.39118728041648865, 0.3862929046154022, 0.38259682059288025, 0.38694149255752563, 0.38256099820137024, 0.38417625427246094, 0.384441614151001, 0.3848438262939453, 0.3829990327358246, 0.3826063275337219, 0.38780951499938965, 0.38512471318244934, 0.40247565507888794, 0.385705828666687, 0.38467034697532654, 0.38759440183639526, 0.38255444169044495, 0.38907068967819214, 0.3905166685581207, 0.3835429251194, 0.38408520817756653, 0.3947461247444153, 0.3841951787471771, 0.38578566908836365, 0.3829410672187805, 0.38252949714660645, 0.3927987217903137, 0.40910813212394714, 0.38278621435165405, 0.412300705909729, 0.38596299290657043, 0.3825472295284271, 0.3826940059661865, 0.3827444911003113, 0.38252246379852295, 0.3867814540863037, 0.3830065429210663, 0.38257095217704773, 0.38738441467285156, 0.3825157582759857, 0.3909388780593872, 0.3835781216621399, 0.38453036546707153, 0.3849867880344391, 0.38643139600753784, 0.3828897774219513, 0.403128445148468, 0.3852039575576782, 0.38413429260253906, 0.3837980628013611, 0.3829732835292816, 0.38295555114746094, 0.38840851187705994, 0.38824403285980225, 0.38282206654548645, 0.3847304880619049, 0.39645931124687195, 0.38743963837623596, 0.40155738592147827, 0.3826521337032318, 0.384621798992157, 0.38514283299446106, 0.38294097781181335, 0.3848680555820465, 0.4059363305568695, 0.3850608468055725, 0.38250553607940674, 0.3844371438026428, 0.38332003355026245, 0.38369303941726685, 0.3876621723175049, 0.3848556578159332, 0.3837525248527527, 0.3833819329738617, 0.38273361325263977, 0.38359615206718445, 0.3828601837158203, 0.382567822933197, 0.3825182616710663, 0.38362759351730347, 0.3856574594974518, 0.3863956034183502, 0.3895725607872009, 0.39407292008399963, 0.38417309522628784, 0.3826133608818054, 0.38324177265167236, 0.38473591208457947, 0.3825452923774719, 0.3882995545864105, 0.3856114447116852, 0.3892666697502136, 0.38253527879714966, 0.3828202784061432, 0.38251349329948425, 0.38257861137390137, 0.38310953974723816, 0.3842281103134155, 0.3825543522834778, 0.39176222681999207, 0.38399964570999146, 0.3837208151817322, 0.38259026408195496, 0.39237794280052185, 0.3860856592655182, 0.3923649191856384, 0.3847222626209259, 0.38421279191970825, 0.39083948731422424, 0.388041615486145, 0.3826683461666107, 0.38249945640563965, 0.3824995458126068, 0.38276436924934387, 0.3842743933200836, 0.38286224007606506, 0.3856198191642761, 0.3827415406703949, 0.3832303583621979, 0.3917136788368225, 0.3850621283054352, 0.3846924901008606, 0.38300973176956177, 0.3894549310207367, 0.3862672448158264, 0.38265320658683777, 0.38370653986930847, 0.3877254128456116, 0.3825012445449829, 0.3842558264732361, 0.3889259397983551, 0.38455313444137573, 0.3827592134475708, 0.3862278461456299, 0.3845377266407013, 0.38513901829719543, 0.38271671533584595, 0.3873443901538849, 0.3827294409275055, 0.3907339870929718, 0.39835402369499207, 0.3848506510257721, 0.38696005940437317, 0.38283592462539673, 0.38292399048805237, 0.3835116922855377, 0.3825453221797943, 0.38307446241378784, 0.38731616735458374, 0.38310664892196655, 0.3842276334762573, 0.3833257257938385, 0.38274016976356506, 0.3893186151981354, 0.38445040583610535, 0.3893571197986603, 0.39051708579063416, 0.38445866107940674]",1.0,"[23.0, 2.0, 1.0, 1.0, 1.0, 1.0, 1.0, 1.0, 1.0, 1.0, 1.0, 1.0, 1.0, 1.0, 1.0, 1.0, 1.0, 1.0, 1.0, 1.0, 1.0, 1.0, 1.0, 1.0, 1.0, 1.0, 1.0, 1.0, 1.0, 1.0, 1.0, 1.0, 1.0, 1.0, 1.0, 1.0, 1.0, 1.0, 1.0, 1.0, 1.0, 1.0, 1.0, 1.0, 1.0, 1.0, 1.0, 1.0, 1.0, 1.0, 1.0, 1.0, 1.0, 1.0, 1.0, 1.0, 1.0, 1.0, 1.0, 1.0, 1.0, 1.0, 1.0, 1.0, 1.0, 1.0, 1.0, 1.0, 1.0, 1.0, 1.0, 1.0, 1.0, 1.0, 1.0, 1.0, 1.0, 1.0, 1.0, 1.0, 1.0, 1.0, 1.0, 1.0, 1.0, 1.0, 1.0, 1.0, 1.0, 1.0, 1.0, 1.0, 1.0, 1.0, 1.0, 1.0, 1.0, 1.0, 1.0, 1.0, 1.0, 1.0, 1.0, 1.0, 1.0, 1.0, 1.0, 1.0, 1.0, 1.0, 1.0, 1.0, 1.0, 1.0, 1.0, 1.0, 1.0, 1.0, 1.0, 1.0, 1.0, 1.0, 1.0, 1.0, 1.0, 1.0, 1.0, 1.0, 1.0, 1.0, 1.0, 1.0, 1.0, 1.0, 1.0, 1.0, 1.0, 1.0, 1.0, 1.0, 1.0, 1.0, 1.0, 1.0, 1.0, 1.0, 1.0, 1.0, 1.0, 1.0, 1.0, 1.0, 1.0, 1.0, 1.0, 1.0, 1.0, 1.0, 1.0, 1.0, 1.0, 1.0, 1.0, 1.0, 1.0]",COMPLETE
