,number,value,datetime_start,datetime_complete,duration,params_batch_size_scaler,params_constant_learning_rate,params_depth,params_epochs,params_kernel_l2,params_num_trees,params_temperature,user_attrs_accuracy_test,user_attrs_accuracy_valid,user_attrs_approximate_feature_sparsity,user_attrs_approximate_feature_sparsity_history,user_attrs_approximate_weight_sparsity,user_attrs_approximate_weight_sparsity_history,user_attrs_auc_test,user_attrs_auc_valid,user_attrs_feature_sparsity,user_attrs_feature_sparsity_history,user_attrs_num_epochs,user_attrs_val_loss_history,user_attrs_weight_sparsity,user_attrs_weight_sparsity_history,state
78,78,0.5,2024-08-31 04:25:36.833951,2024-08-31 04:28:06.425535,0 days 00:02:29.591584,64,0.8108086580496046,6,310,0.005702945750912685,38,0.02390930950235769,0.859,0.85875,0,"[33, 33, 33, 33, 33, 1, 0, 0, 0, 0, 0, 0, 0, 0, 0, 0, 0, 0, 0, 0, 0, 0, 0, 0, 0, 0, 0, 0, 0, 0, 0, 0, 0, 0, 0, 0, 0, 0, 0, 0, 0, 0, 0, 0, 0, 0, 0, 0, 0, 0, 0, 0, 0, 0, 0, 0, 0, 0, 0, 0, 0, 0, 0, 0, 0, 0, 0, 0, 0, 0, 0, 0, 0, 0, 0, 0, 0, 0, 0, 0, 0, 0, 0, 0, 0, 0, 0, 0, 0, 0, 0, 0, 0, 0, 0, 0, 0, 0, 0, 0, 0, 0, 0, 0, 0, 0, 0, 0, 0, 0, 0, 0, 0, 0, 0, 0, 0, 0, 0, 0, 0, 0, 0, 0, 0, 0, 0, 0, 0, 0, 0, 0, 0, 0, 0, 0, 0, 0, 0, 0, 0, 0, 0, 0, 0, 0, 0, 0, 0, 0, 0, 0, 0, 0, 0, 0, 0, 0, 0, 0, 0, 0, 0, 0, 0, 0, 0, 0, 0, 0, 0, 0, 0, 0, 0, 0, 0, 0, 0, 0, 0, 0, 0, 0, 0, 0, 0, 0, 0, 0, 0, 0, 0, 0, 0, 0, 0, 0, 0, 0, 0, 0, 0, 0, 0, 0, 0, 0, 0, 0, 0, 0, 0, 0, 0, 0, 0, 0, 0, 0, 0, 0, 0, 0, 0, 0, 0, 0, 0, 0, 0, 0, 0, 0, 0, 0, 0, 0, 0, 0, 0, 0, 0, 0, 0, 0, 0, 0, 0, 0, 0, 0, 0, 0, 0, 0, 0, 0, 0, 0, 0, 0, 0, 0, 0, 0, 0, 0, 0, 0, 0, 0, 0, 0, 0, 0, 0, 0, 0, 0, 0, 0, 0, 0, 0, 0, 0, 0, 0, 0, 0, 0, 0, 0, 0, 0, 0, 0, 0, 0, 0, 0, 0, 0, 0, 0, 0, 0, 0, 0]",0.0,"[32.925229741019216, 32.92606516290727, 32.930242272347535, 32.92481203007519, 32.92690058479532, 0.9983291562238931, 0.0, 0.0, 0.0, 0.0, 0.0, 0.0, 0.0, 0.0, 0.0, 0.0, 0.0, 0.0, 0.0, 0.0, 0.0, 0.0, 0.0, 0.0, 0.0, 0.0, 0.0, 0.0, 0.0, 0.0, 0.0, 0.0, 0.0, 0.0, 0.0, 0.0, 0.0, 0.0, 0.0, 0.0, 0.0, 0.0, 0.0, 0.0, 0.0, 0.0, 0.0, 0.0, 0.0, 0.0, 0.0, 0.0, 0.0, 0.0, 0.0, 0.0, 0.0, 0.0, 0.0, 0.0, 0.0, 0.0, 0.0, 0.0, 0.0, 0.0, 0.0, 0.0, 0.0, 0.0, 0.0, 0.0, 0.0, 0.0, 0.0, 0.0, 0.0, 0.0, 0.0, 0.0, 0.0, 0.0, 0.0, 0.0, 0.0, 0.0, 0.0, 0.0, 0.0, 0.0, 0.0, 0.0, 0.0, 0.0, 0.0, 0.0, 0.0, 0.0, 0.0, 0.0, 0.0, 0.0, 0.0, 0.0, 0.0, 0.0, 0.0, 0.0, 0.0, 0.0, 0.0, 0.0, 0.0, 0.0, 0.0, 0.0, 0.0, 0.0, 0.0, 0.0, 0.0, 0.0, 0.0, 0.0, 0.0, 0.0, 0.0, 0.0, 0.0, 0.0, 0.0, 0.0, 0.0, 0.0, 0.0, 0.0, 0.0, 0.0, 0.0, 0.0, 0.0, 0.0, 0.0, 0.0, 0.0, 0.0, 0.0, 0.0, 0.0, 0.0, 0.0, 0.0, 0.0, 0.0, 0.0, 0.0, 0.0, 0.0, 0.0, 0.0, 0.0, 0.0, 0.0, 0.0, 0.0, 0.0, 0.0, 0.0, 0.0, 0.0, 0.0, 0.0, 0.0, 0.0, 0.0, 0.0, 0.0, 0.0, 0.0, 0.0, 0.0, 0.0, 0.0, 0.0, 0.0, 0.0, 0.0, 0.0, 0.0, 0.0, 0.0, 0.0, 0.0, 0.0, 0.0, 0.0, 0.0, 0.0, 0.0, 0.0, 0.0, 0.0, 0.0, 0.0, 0.0, 0.0, 0.0, 0.0, 0.0, 0.0, 0.0, 0.0, 0.0, 0.0, 0.0, 0.0, 0.0, 0.0, 0.0, 0.0, 0.0, 0.0, 0.0, 0.0, 0.0, 0.0, 0.0, 0.0, 0.0, 0.0, 0.0, 0.0, 0.0, 0.0, 0.0, 0.0, 0.0, 0.0, 0.0, 0.0, 0.0, 0.0, 0.0, 0.0, 0.0, 0.0, 0.0, 0.0, 0.0, 0.0, 0.0, 0.0, 0.0, 0.0, 0.0, 0.0, 0.0, 0.0, 0.0, 0.0, 0.0, 0.0, 0.0, 0.0, 0.0, 0.0, 0.0, 0.0, 0.0, 0.0, 0.0, 0.0, 0.0, 0.0, 0.0, 0.0, 0.0, 0.0, 0.0, 0.0, 0.0, 0.0, 0.0, 0.0, 0.0, 0.0, 0.0, 0.0, 0.0, 0.0, 0.0, 0.0, 0.0, 0.0, 0.0, 0.0, 0.0, 0.0, 0.0, 0.0, 0.0, 0.0, 0.0, 0.0, 0.0, 0.0, 0.0, 0.0, 0.0, 0.0]",0.5,0.5,0,"[33, 33, 33, 33, 33, 1, 0, 0, 0, 0, 0, 0, 0, 0, 0, 0, 0, 0, 0, 0, 0, 0, 0, 0, 0, 0, 0, 0, 0, 0, 0, 0, 0, 0, 0, 0, 0, 0, 0, 0, 0, 0, 0, 0, 0, 0, 0, 0, 0, 0, 0, 0, 0, 0, 0, 0, 0, 0, 0, 0, 0, 0, 0, 0, 0, 0, 0, 0, 0, 0, 0, 0, 0, 0, 0, 0, 0, 0, 0, 0, 0, 0, 0, 0, 0, 0, 0, 0, 0, 0, 0, 0, 0, 0, 0, 0, 0, 0, 0, 0, 0, 0, 0, 0, 0, 0, 0, 0, 0, 0, 0, 0, 0, 0, 0, 0, 0, 0, 0, 0, 0, 0, 0, 0, 0, 0, 0, 0, 0, 0, 0, 0, 0, 0, 0, 0, 0, 0, 0, 0, 0, 0, 0, 0, 0, 0, 0, 0, 0, 0, 0, 0, 0, 0, 0, 0, 0, 0, 0, 0, 0, 0, 0, 0, 0, 0, 0, 0, 0, 0, 0, 0, 0, 0, 0, 0, 0, 0, 0, 0, 0, 0, 0, 0, 0, 0, 0, 0, 0, 0, 0, 0, 0, 0, 0, 0, 0, 0, 0, 0, 0, 0, 0, 0, 0, 0, 0, 0, 0, 0, 0, 0, 0, 0, 0, 0, 0, 0, 0, 0, 0, 0, 0, 0, 0, 0, 0, 0, 0, 0, 0, 0, 0, 0, 0, 0, 0, 0, 0, 0, 0, 0, 0, 0, 0, 0, 0, 0, 0, 0, 0, 0, 0, 0, 0, 0, 0, 0, 0, 0, 0, 0, 0, 0, 0, 0, 0, 0, 0, 0, 0, 0, 0, 0, 0, 0, 0, 0, 0, 0, 0, 0, 0, 0, 0, 0, 0, 0, 0, 0, 0, 0, 0, 0, 0, 0, 0, 0, 0, 0, 0, 0, 0, 0, 0, 0, 0, 0, 0, 0]",310,"[0.43109235167503357, 0.40339910984039307, 0.3957476019859314, 0.3920936584472656, 0.3883916735649109, 0.4036495089530945, 0.40845200419425964, 0.4073069095611572, 0.40738236904144287, 0.4073554277420044, 0.4073306620121002, 0.4073716998100281, 0.4075099527835846, 0.4073156714439392, 0.4072393476963043, 0.40735355019569397, 0.40736865997314453, 0.40734195709228516, 0.40736305713653564, 0.4073909819126129, 0.40725603699684143, 0.40734413266181946, 0.407246857881546, 0.4072856903076172, 0.40723365545272827, 0.40731072425842285, 0.40722954273223877, 0.4072713553905487, 0.4073343575000763, 0.4072686731815338, 0.4072490632534027, 0.4072277843952179, 0.40722736716270447, 0.4075220227241516, 0.4073266088962555, 0.4073207974433899, 0.40724411606788635, 0.4072645306587219, 0.4072261154651642, 0.40740105509757996, 0.40722864866256714, 0.4072328209877014, 0.4072456359863281, 0.4072624444961548, 0.4072452485561371, 0.407304048538208, 0.4073200225830078, 0.40722599625587463, 0.40722888708114624, 0.40728333592414856, 0.40724143385887146, 0.4072389304637909, 0.4073421359062195, 0.4072466194629669, 0.40723147988319397, 0.4072490930557251, 0.40726760029792786, 0.40780535340309143, 0.4074741303920746, 0.40722644329071045, 0.40724849700927734, 0.40722739696502686, 0.40722671151161194, 0.4073415994644165, 0.40734726190567017, 0.40724846720695496, 0.4072869122028351, 0.40723103284835815, 0.40722665190696716, 0.40739044547080994, 0.4072304666042328, 0.4072268605232239, 0.4072524309158325, 0.4073271155357361, 0.4073063135147095, 0.4072509706020355, 0.40747764706611633, 0.4073850214481354, 0.4072554111480713, 0.40722617506980896, 0.40723830461502075, 0.40725570917129517, 0.4074288606643677, 0.4075956642627716, 0.40749114751815796, 0.40723204612731934, 0.40723279118537903, 0.4072279632091522, 0.40729063749313354, 0.40746891498565674, 0.40746650099754333, 0.40733107924461365, 0.40724536776542664, 0.407456636428833, 0.40730515122413635, 0.4072285592556, 0.40726760029792786, 0.4073165953159332, 0.4073905944824219, 0.40723687410354614, 0.40722641348838806, 0.4072261154651642, 0.40729546546936035, 0.40722665190696716, 0.40729445219039917, 0.4072273373603821, 0.40751007199287415, 0.4073783755302429, 0.40723717212677, 0.4072381556034088, 0.40730738639831543, 0.4072321653366089, 0.4072817265987396, 0.4072670042514801, 0.40722617506980896, 0.40727943181991577, 0.4072648584842682, 0.4072270095348358, 0.4072313606739044, 0.4072895348072052, 0.40724921226501465, 0.40726783871650696, 0.4072554409503937, 0.4073031544685364, 0.4073287844657898, 0.4076336622238159, 0.40758436918258667, 0.4072776436805725, 0.4072621166706085, 0.4073425233364105, 0.4072458744049072, 0.407250314950943, 0.4072321355342865, 0.4072301387786865, 0.4072303771972656, 0.40722671151161194, 0.4072287678718567, 0.4072410464286804, 0.40723350644111633, 0.40722617506980896, 0.4072803556919098, 0.4074177145957947, 0.4076061546802521, 0.40731513500213623, 0.4072433114051819, 0.4072965979576111, 0.4072282910346985, 0.4072275161743164, 0.4072670638561249, 0.40722665190696716, 0.40724867582321167, 0.4072931706905365, 0.4073173403739929, 0.4072644114494324, 0.4072561264038086, 0.4072968363761902, 0.40742361545562744, 0.40723326802253723, 0.4072268009185791, 0.4073134660720825, 0.4073108434677124, 0.4072263240814209, 0.4072467088699341, 0.4073445796966553, 0.40724894404411316, 0.40726813673973083, 0.407228022813797, 0.4073205590248108, 0.40724286437034607, 0.4072585999965668, 0.40761658549308777, 0.4072587490081787, 0.40723320841789246, 0.40727168321609497, 0.40722739696502686, 0.40723732113838196, 0.4072360098361969, 0.4072359502315521, 0.40728652477264404, 0.4072636365890503, 0.4072580337524414, 0.4073808193206787, 0.4075009226799011, 0.4072265625, 0.4072291851043701, 0.4072704315185547, 0.40723028779029846, 0.40722620487213135, 0.4073440134525299, 0.4072679877281189, 0.40724191069602966, 0.4075864553451538, 0.40751370787620544, 0.40724852681159973, 0.40732505917549133, 0.40759342908859253, 0.40734946727752686, 0.4072495996952057, 0.4075901508331299, 0.4072476327419281, 0.4072262644767761, 0.4072365462779999, 0.40722644329071045, 0.4072261154651642, 0.4073103964328766, 0.4072321355342865, 0.40733322501182556, 0.40728676319122314, 0.40722617506980896, 0.4072400629520416, 0.40728244185447693, 0.40728744864463806, 0.4072914123535156, 0.40740910172462463, 0.40729042887687683, 0.40722647309303284, 0.40728798508644104, 0.4072500467300415, 0.4072478413581848, 0.40723541378974915, 0.4072311520576477, 0.40805384516716003, 0.4076407551765442, 0.40726563334465027, 0.4072518050670624, 0.40722641348838806, 0.4072592854499817, 0.4072321951389313, 0.40728700160980225, 0.4072313606739044, 0.4073304831981659, 0.4074159264564514, 0.4075682461261749, 0.4072798192501068, 0.4074164927005768, 0.4072447121143341, 0.4072645604610443, 0.40727463364601135, 0.4072433412075043, 0.40732496976852417, 0.40722617506980896, 0.4072396159172058, 0.40733271837234497, 0.40729260444641113, 0.4072273373603821, 0.40723106265068054, 0.4075862169265747, 0.4072312116622925, 0.40742284059524536, 0.40722671151161194, 0.4072474241256714, 0.4072471559047699, 0.4072261452674866, 0.40722641348838806, 0.40724658966064453, 0.4072543978691101, 0.4072461426258087, 0.4073936343193054, 0.40723931789398193, 0.4072261154651642, 0.40749114751815796, 0.4072362184524536, 0.40734541416168213, 0.40725067257881165, 0.4072352647781372, 0.4072389602661133, 0.4072280824184418, 0.4072324335575104, 0.407267302274704, 0.4073787331581116, 0.407444566488266, 0.4075182378292084, 0.40752169489860535, 0.4074595272541046, 0.4075952470302582, 0.4072619676589966, 0.40722939372062683, 0.40731796622276306, 0.4072539508342743, 0.40722721815109253, 0.4072336256504059, 0.4072418510913849, 0.40756189823150635, 0.40730345249176025, 0.4072433412075043, 0.4072359502315521, 0.40723273158073425, 0.4073275625705719, 0.4072361886501312, 0.4072309136390686, 0.4072633385658264, 0.4072568416595459, 0.4072994291782379, 0.40726977586746216, 0.4072262942790985, 0.4073818325996399, 0.4073329269886017, 0.4072510600090027, 0.4073586165904999, 0.4072703421115875, 0.40728336572647095, 0.407235324382782, 0.4072294533252716, 0.40722647309303284, 0.40724217891693115, 0.4073205888271332, 0.4073059558868408, 0.4072535037994385, 0.4072272479534149, 0.40728309750556946]",0.0,"[33.0, 33.0, 33.0, 33.0, 33.0, 1.0, 0.0, 0.0, 0.0, 0.0, 0.0, 0.0, 0.0, 0.0, 0.0, 0.0, 0.0, 0.0, 0.0, 0.0, 0.0, 0.0, 0.0, 0.0, 0.0, 0.0, 0.0, 0.0, 0.0, 0.0, 0.0, 0.0, 0.0, 0.0, 0.0, 0.0, 0.0, 0.0, 0.0, 0.0, 0.0, 0.0, 0.0, 0.0, 0.0, 0.0, 0.0, 0.0, 0.0, 0.0, 0.0, 0.0, 0.0, 0.0, 0.0, 0.0, 0.0, 0.0, 0.0, 0.0, 0.0, 0.0, 0.0, 0.0, 0.0, 0.0, 0.0, 0.0, 0.0, 0.0, 0.0, 0.0, 0.0, 0.0, 0.0, 0.0, 0.0, 0.0, 0.0, 0.0, 0.0, 0.0, 0.0, 0.0, 0.0, 0.0, 0.0, 0.0, 0.0, 0.0, 0.0, 0.0, 0.0, 0.0, 0.0, 0.0, 0.0, 0.0, 0.0, 0.0, 0.0, 0.0, 0.0, 0.0, 0.0, 0.0, 0.0, 0.0, 0.0, 0.0, 0.0, 0.0, 0.0, 0.0, 0.0, 0.0, 0.0, 0.0, 0.0, 0.0, 0.0, 0.0, 0.0, 0.0, 0.0, 0.0, 0.0, 0.0, 0.0, 0.0, 0.0, 0.0, 0.0, 0.0, 0.0, 0.0, 0.0, 0.0, 0.0, 0.0, 0.0, 0.0, 0.0, 0.0, 0.0, 0.0, 0.0, 0.0, 0.0, 0.0, 0.0, 0.0, 0.0, 0.0, 0.0, 0.0, 0.0, 0.0, 0.0, 0.0, 0.0, 0.0, 0.0, 0.0, 0.0, 0.0, 0.0, 0.0, 0.0, 0.0, 0.0, 0.0, 0.0, 0.0, 0.0, 0.0, 0.0, 0.0, 0.0, 0.0, 0.0, 0.0, 0.0, 0.0, 0.0, 0.0, 0.0, 0.0, 0.0, 0.0, 0.0, 0.0, 0.0, 0.0, 0.0, 0.0, 0.0, 0.0, 0.0, 0.0, 0.0, 0.0, 0.0, 0.0, 0.0, 0.0, 0.0, 0.0, 0.0, 0.0, 0.0, 0.0, 0.0, 0.0, 0.0, 0.0, 0.0, 0.0, 0.0, 0.0, 0.0, 0.0, 0.0, 0.0, 0.0, 0.0, 0.0, 0.0, 0.0, 0.0, 0.0, 0.0, 0.0, 0.0, 0.0, 0.0, 0.0, 0.0, 0.0, 0.0, 0.0, 0.0, 0.0, 0.0, 0.0, 0.0, 0.0, 0.0, 0.0, 0.0, 0.0, 0.0, 0.0, 0.0, 0.0, 0.0, 0.0, 0.0, 0.0, 0.0, 0.0, 0.0, 0.0, 0.0, 0.0, 0.0, 0.0, 0.0, 0.0, 0.0, 0.0, 0.0, 0.0, 0.0, 0.0, 0.0, 0.0, 0.0, 0.0, 0.0, 0.0, 0.0, 0.0, 0.0, 0.0, 0.0, 0.0, 0.0, 0.0, 0.0, 0.0, 0.0, 0.0, 0.0, 0.0, 0.0, 0.0, 0.0, 0.0, 0.0, 0.0, 0.0, 0.0, 0.0, 0.0, 0.0, 0.0, 0.0, 0.0, 0.0]",COMPLETE
