,number,value,datetime_start,datetime_complete,duration,params_batch_size_scaler,params_constant_learning_rate,params_depth,params_epochs,params_kernel_l2,params_num_trees,params_temperature,user_attrs_accuracy_test,user_attrs_accuracy_valid,user_attrs_approximate_feature_sparsity,user_attrs_approximate_feature_sparsity_history,user_attrs_approximate_weight_sparsity,user_attrs_approximate_weight_sparsity_history,user_attrs_auc_test,user_attrs_auc_valid,user_attrs_feature_sparsity,user_attrs_feature_sparsity_history,user_attrs_num_epochs,user_attrs_val_loss_history,user_attrs_weight_sparsity,user_attrs_weight_sparsity_history,state
161,161,0.5,2024-08-31 08:39:42.379884,2024-08-31 08:41:08.133255,0 days 00:01:25.753371,1,0.8906425905597766,2,165,0.06642410027642517,4,0.00896383327200573,0.859,0.85875,0,"[0, 0, 0, 0, 0, 0, 0, 0, 0, 0, 0, 0, 0, 0, 0, 0, 0, 0, 0, 0, 0, 0, 0, 0, 0, 0, 0, 0, 0, 0, 0, 0, 0, 0, 0, 0, 0, 0, 0, 0, 0, 0, 0, 0, 0, 0, 0, 0, 0, 0, 0, 0, 0, 0, 0, 0, 0, 0, 0, 0, 0, 0, 0, 0, 0, 0, 0, 0, 0, 0, 0, 0, 0, 0, 0, 0, 0, 0, 0, 0, 0, 0, 0, 0, 0, 0, 0, 0, 0, 0, 0, 0, 0, 0, 0, 0, 0, 0, 0, 0, 0, 0, 0, 0, 0, 0, 0, 0, 0, 0, 0, 0, 0, 0, 0, 0, 0, 0, 0, 0, 0, 0, 0, 0, 0, 0, 0, 0, 0, 0, 0, 0, 0, 0, 0, 0, 0, 0, 0, 0, 0, 0, 0, 0, 0, 0, 0, 0, 0, 0, 0, 0, 0, 0, 0, 0, 0, 0, 0, 0, 0, 0, 0, 0, 0]",0.0,"[0.0, 0.0, 0.0, 0.0, 0.0, 0.0, 0.0, 0.0, 0.0, 0.0, 0.0, 0.0, 0.0, 0.0, 0.0, 0.0, 0.0, 0.0, 0.0, 0.0, 0.0, 0.0, 0.0, 0.0, 0.0, 0.0, 0.0, 0.0, 0.0, 0.0, 0.0, 0.0, 0.0, 0.0, 0.0, 0.0, 0.0, 0.0, 0.0, 0.0, 0.0, 0.0, 0.0, 0.0, 0.0, 0.0, 0.0, 0.0, 0.0, 0.0, 0.0, 0.0, 0.0, 0.0, 0.0, 0.0, 0.0, 0.0, 0.0, 0.0, 0.0, 0.0, 0.0, 0.0, 0.0, 0.0, 0.0, 0.0, 0.0, 0.0, 0.0, 0.0, 0.0, 0.0, 0.0, 0.0, 0.0, 0.0, 0.0, 0.0, 0.0, 0.0, 0.0, 0.0, 0.0, 0.0, 0.0, 0.0, 0.0, 0.0, 0.0, 0.0, 0.0, 0.0, 0.0, 0.0, 0.0, 0.0, 0.0, 0.0, 0.0, 0.0, 0.0, 0.0, 0.0, 0.0, 0.0, 0.0, 0.0, 0.0, 0.0, 0.0, 0.0, 0.0, 0.0, 0.0, 0.0, 0.0, 0.0, 0.0, 0.0, 0.0, 0.0, 0.0, 0.0, 0.0, 0.0, 0.0, 0.0, 0.0, 0.0, 0.0, 0.0, 0.0, 0.0, 0.0, 0.0, 0.0, 0.0, 0.0, 0.0, 0.0, 0.0, 0.0, 0.0, 0.0, 0.0, 0.0, 0.0, 0.0, 0.0, 0.0, 0.0, 0.0, 0.0, 0.0, 0.0, 0.0, 0.0, 0.0, 0.0, 0.0, 0.0, 0.0, 0.0]",0.5,0.5,0,"[0, 0, 0, 0, 0, 0, 0, 0, 0, 0, 0, 0, 0, 0, 0, 0, 0, 0, 0, 0, 0, 0, 0, 0, 0, 0, 0, 0, 0, 0, 0, 0, 0, 0, 0, 0, 0, 0, 0, 0, 0, 0, 0, 0, 0, 0, 0, 0, 0, 0, 0, 0, 0, 0, 0, 0, 0, 0, 0, 0, 0, 0, 0, 0, 0, 0, 0, 0, 0, 0, 0, 0, 0, 0, 0, 0, 0, 0, 0, 0, 0, 0, 0, 0, 0, 0, 0, 0, 0, 0, 0, 0, 0, 0, 0, 0, 0, 0, 0, 0, 0, 0, 0, 0, 0, 0, 0, 0, 0, 0, 0, 0, 0, 0, 0, 0, 0, 0, 0, 0, 0, 0, 0, 0, 0, 0, 0, 0, 0, 0, 0, 0, 0, 0, 0, 0, 0, 0, 0, 0, 0, 0, 0, 0, 0, 0, 0, 0, 0, 0, 0, 0, 0, 0, 0, 0, 0, 0, 0, 0, 0, 0, 0, 0, 0]",165,"[0.40722915530204773, 0.4080510437488556, 0.4072832763195038, 0.4317720830440521, 0.4072347581386566, 0.4074881374835968, 0.4077054560184479, 0.4187684655189514, 0.4077942669391632, 0.4114961326122284, 0.4072459936141968, 0.4130966067314148, 0.4072273373603821, 0.40909796953201294, 0.40789273381233215, 0.4072275161743164, 0.4082351326942444, 0.4081107974052429, 0.413575679063797, 0.4072498679161072, 0.40788033604621887, 0.4118645489215851, 0.40727683901786804, 0.4072314500808716, 0.4112100899219513, 0.4102645218372345, 0.41396647691726685, 0.40864112973213196, 0.4155477285385132, 0.41164571046829224, 0.41339176893234253, 0.40983420610427856, 0.4186955690383911, 0.40954482555389404, 0.4232441186904907, 0.41225552558898926, 0.4111171066761017, 0.41281846165657043, 0.4119798243045807, 0.4081140458583832, 0.40722617506980896, 0.4108180105686188, 0.40722960233688354, 0.4271882176399231, 0.41312167048454285, 0.42192623019218445, 0.410795122385025, 0.40959763526916504, 0.4080522060394287, 0.40739184617996216, 0.40998291969299316, 0.4097200632095337, 0.41325485706329346, 0.4186253845691681, 0.4072689712047577, 0.4494219124317169, 0.4090770483016968, 0.40724483132362366, 0.4073216915130615, 0.4079994857311249, 0.40722715854644775, 0.4073626697063446, 0.4074033498764038, 0.4109247326850891, 0.4084744155406952, 0.4074348509311676, 0.407438188791275, 0.4164920151233673, 0.41009384393692017, 0.40730637311935425, 0.4093957245349884, 0.40741077065467834, 0.4152120351791382, 0.4072508215904236, 0.4080280661582947, 0.41069766879081726, 0.41040515899658203, 0.40748831629753113, 0.41303738951683044, 0.40732821822166443, 0.408696711063385, 0.40800192952156067, 0.40817156434059143, 0.42061489820480347, 0.41356605291366577, 0.43244290351867676, 0.452188104391098, 0.4135904014110565, 0.41507381200790405, 0.4104049801826477, 0.4201732575893402, 0.40890371799468994, 0.4080287218093872, 0.40798676013946533, 0.4457586705684662, 0.40849512815475464, 0.40726983547210693, 0.41072243452072144, 0.4082859754562378, 0.4124337136745453, 0.4084220230579376, 0.4176301658153534, 0.4080967307090759, 0.44173768162727356, 0.4090283513069153, 0.40743687748908997, 0.40745726227760315, 0.41064056754112244, 0.41261914372444153, 0.41009780764579773, 0.40726128220558167, 0.4085671305656433, 0.40770506858825684, 0.40727245807647705, 0.40938571095466614, 0.4075795114040375, 0.4072474539279938, 0.4245873987674713, 0.4079724848270416, 0.40835732221603394, 0.4170995354652405, 0.4085450768470764, 0.4073597192764282, 0.4106213450431824, 0.40724286437034607, 0.4268680512905121, 0.40731295943260193, 0.4092927575111389, 0.41566017270088196, 0.4073048532009125, 0.4164239168167114, 0.4149295389652252, 0.4293016791343689, 0.4074423909187317, 0.4285859763622284, 0.4072275459766388, 0.4080786108970642, 0.41245734691619873, 0.40740785002708435, 0.41036906838417053, 0.4073701798915863, 0.41129639744758606, 0.4136359393596649, 0.4148359000682831, 0.42600396275520325, 0.4157872796058655, 0.4074704051017761, 0.40846502780914307, 0.414282888174057, 0.4074355661869049, 0.4072881042957306, 0.4074386656284332, 0.4099195599555969, 0.40722838044166565, 0.4100537896156311, 0.4168759882450104, 0.41153526306152344, 0.40966546535491943, 0.4235200881958008, 0.40738120675086975, 0.40901657938957214, 0.40722864866256714, 0.4153568148612976, 0.41018733382225037, 0.41323304176330566]",0.0,"[0.0, 0.0, 0.0, 0.0, 0.0, 0.0, 0.0, 0.0, 0.0, 0.0, 0.0, 0.0, 0.0, 0.0, 0.0, 0.0, 0.0, 0.0, 0.0, 0.0, 0.0, 0.0, 0.0, 0.0, 0.0, 0.0, 0.0, 0.0, 0.0, 0.0, 0.0, 0.0, 0.0, 0.0, 0.0, 0.0, 0.0, 0.0, 0.0, 0.0, 0.0, 0.0, 0.0, 0.0, 0.0, 0.0, 0.0, 0.0, 0.0, 0.0, 0.0, 0.0, 0.0, 0.0, 0.0, 0.0, 0.0, 0.0, 0.0, 0.0, 0.0, 0.0, 0.0, 0.0, 0.0, 0.0, 0.0, 0.0, 0.0, 0.0, 0.0, 0.0, 0.0, 0.0, 0.0, 0.0, 0.0, 0.0, 0.0, 0.0, 0.0, 0.0, 0.0, 0.0, 0.0, 0.0, 0.0, 0.0, 0.0, 0.0, 0.0, 0.0, 0.0, 0.0, 0.0, 0.0, 0.0, 0.0, 0.0, 0.0, 0.0, 0.0, 0.0, 0.0, 0.0, 0.0, 0.0, 0.0, 0.0, 0.0, 0.0, 0.0, 0.0, 0.0, 0.0, 0.0, 0.0, 0.0, 0.0, 0.0, 0.0, 0.0, 0.0, 0.0, 0.0, 0.0, 0.0, 0.0, 0.0, 0.0, 0.0, 0.0, 0.0, 0.0, 0.0, 0.0, 0.0, 0.0, 0.0, 0.0, 0.0, 0.0, 0.0, 0.0, 0.0, 0.0, 0.0, 0.0, 0.0, 0.0, 0.0, 0.0, 0.0, 0.0, 0.0, 0.0, 0.0, 0.0, 0.0, 0.0, 0.0, 0.0, 0.0, 0.0, 0.0]",COMPLETE
