,number,value,datetime_start,datetime_complete,duration,params_batch_size_scaler,params_constant_learning_rate,params_depth,params_epochs,params_kernel_l2,params_num_trees,params_temperature,user_attrs_accuracy_test,user_attrs_accuracy_valid,user_attrs_approximate_feature_sparsity,user_attrs_approximate_feature_sparsity_history,user_attrs_approximate_weight_sparsity,user_attrs_approximate_weight_sparsity_history,user_attrs_auc_test,user_attrs_auc_valid,user_attrs_feature_sparsity,user_attrs_feature_sparsity_history,user_attrs_num_epochs,user_attrs_val_loss_history,user_attrs_weight_sparsity,user_attrs_weight_sparsity_history,state
147,147,0.9285337043191509,2024-08-31 07:24:36.592106,2024-08-31 07:26:45.289424,0 days 00:02:08.697318,4,0.5910708841219456,5,250,0.07936477647283142,39,0.0011486376329113966,0.938,0.94125,15,"[33, 33, 33, 33, 33, 33, 33, 33, 33, 33, 33, 29, 23, 19, 19, 17, 17, 16, 15, 15, 15, 15, 15, 15, 15, 15, 15, 15, 15, 15, 15, 15, 15, 15, 15, 15, 15, 15, 15, 15, 15, 15, 15, 15, 15, 15, 15, 15, 15, 15, 15, 15, 15, 15, 15, 15, 15, 15, 15, 15, 15, 15, 15, 15, 15, 15, 15, 15, 15, 15, 15, 15, 15, 15, 15, 15, 15, 15, 15, 15, 15, 15, 15, 15, 15, 15, 15, 15, 15, 15, 15, 15, 15, 15, 15, 15, 15, 15, 15, 15, 15, 15, 15, 15, 15, 15, 15, 15, 15, 15, 15, 15, 15, 15, 15, 15, 15, 15, 15, 15, 15, 15, 15, 15, 15, 15, 15, 15, 15, 15, 15, 15, 15, 15, 15, 15, 15, 15, 15, 15, 15, 15, 15, 15, 15, 15, 15, 15, 15, 15, 15, 15, 15, 15, 15, 15, 15, 15, 15, 15, 15, 15, 15, 15, 15, 15, 15, 15, 15, 15, 15, 15, 15, 15, 15, 15, 15, 15, 15, 15, 15, 15, 15, 15, 15, 15, 15, 15, 15, 15, 15, 15, 15, 15, 15, 15, 15, 15, 15, 15, 15, 15, 15, 15, 15, 15, 15, 15, 15, 15, 15, 15, 15, 15, 15, 15, 15, 15, 15, 15, 15, 15, 15, 15, 15, 15, 15, 15, 15, 15, 15, 15, 15, 15, 15, 15, 15, 15, 15, 15, 15, 15, 15, 15, 15, 15, 15, 15, 15, 15]",14.961952026468156,"[32.94871794871795, 32.95781637717121, 32.96774193548387, 32.950372208436725, 32.94292803970223, 32.961124896608766, 32.961124896608766, 32.945409429280396, 32.95698924731183, 32.951199338296114, 32.9520264681555, 28.953680727874275, 22.965260545905707, 18.977667493796524, 18.973531844499586, 16.9793217535153, 16.970223325062033, 15.971050454921423, 14.982630272952852, 14.974358974358973, 14.98345740281224, 14.970223325062035, 14.97684036393714, 14.977667493796528, 14.974358974358974, 14.9793217535153, 14.986765922249793, 14.982630272952854, 14.98345740281224, 14.981803143093465, 14.980148883374689, 14.975186104218363, 14.980976013234077, 14.973531844499588, 14.977667493796528, 14.979321753515302, 14.980976013234077, 14.978494623655914, 14.976013234077751, 14.980976013234079, 14.97601323407775, 14.980976013234077, 14.9793217535153, 14.980976013234077, 14.980148883374689, 14.97601323407775, 14.971050454921423, 14.97187758478081, 14.9727047146402, 14.97684036393714, 14.977667493796526, 14.976840363937137, 14.977667493796526, 14.973531844499586, 14.974358974358973, 14.97187758478081, 14.978494623655914, 14.97601323407775, 14.967741935483868, 14.971877584780811, 14.973531844499586, 14.975186104218363, 14.97601323407775, 14.976013234077751, 14.97684036393714, 14.975186104218361, 14.97187758478081, 14.977667493796528, 14.975186104218363, 14.980976013234077, 14.974358974358974, 14.974358974358973, 14.98014888337469, 14.976840363937137, 14.976840363937137, 14.968569065343257, 14.977667493796526, 14.978494623655916, 14.97187758478081, 14.981803143093465, 14.981803143093465, 14.979321753515302, 14.977667493796526, 14.977667493796526, 14.98014888337469, 14.977667493796528, 14.978494623655914, 14.977667493796524, 14.97187758478081, 14.971050454921421, 14.969396195202645, 14.972704714640198, 14.977667493796526, 14.979321753515302, 14.978494623655914, 14.980976013234075, 14.972704714640196, 14.971877584780811, 14.973531844499586, 14.974358974358971, 14.977667493796528, 14.979321753515302, 14.975186104218363, 14.977667493796526, 14.975186104218363, 14.973531844499588, 14.973531844499586, 14.974358974358974, 14.970223325062033, 14.970223325062035, 14.975186104218363, 14.9793217535153, 14.975186104218361, 14.97187758478081, 14.972704714640198, 14.97187758478081, 14.977667493796526, 14.977667493796526, 14.974358974358974, 14.975186104218363, 14.978494623655912, 14.980148883374689, 14.978494623655914, 14.97601323407775, 14.973531844499586, 14.978494623655914, 14.971050454921421, 14.972704714640198, 14.972704714640196, 14.968569065343258, 14.974358974358974, 14.966087675765097, 14.967741935483874, 14.970223325062035, 14.965260545905709, 14.968569065343258, 14.966914805624484, 14.970223325062035, 14.957816377171218, 14.96029776674938, 14.966914805624484, 14.968569065343258, 14.977667493796526, 14.969396195202647, 14.971050454921421, 14.96774193548387, 14.973531844499586, 14.97601323407775, 14.966087675765094, 14.969396195202647, 14.96774193548387, 14.968569065343258, 14.966914805624482, 14.973531844499586, 14.972704714640198, 14.97187758478081, 14.966087675765094, 14.966914805624482, 14.966914805624482, 14.966087675765094, 14.966914805624482, 14.96029776674938, 14.968569065343258, 14.972704714640196, 14.974358974358976, 14.965260545905705, 14.967741935483872, 14.970223325062035, 14.96360628618693, 14.96774193548387, 14.962779156327544, 14.966087675765095, 14.966087675765094, 14.96443341604632, 14.967741935483872, 14.966087675765094, 14.966914805624484, 14.973531844499586, 14.966087675765094, 14.96029776674938, 14.969396195202647, 14.9727047146402, 14.964433416046319, 14.965260545905705, 14.964433416046319, 14.96360628618693, 14.967741935483868, 14.956989247311828, 14.955334987593051, 14.95947063688999, 14.969396195202648, 14.964433416046319, 14.957816377171214, 14.957816377171214, 14.96029776674938, 14.962779156327542, 14.959470636889993, 14.96774193548387, 14.968569065343258, 14.971877584780808, 14.978494623655916, 14.970223325062033, 14.965260545905707, 14.961124896608768, 14.964433416046319, 14.966087675765095, 14.966914805624482, 14.965260545905707, 14.96112489660877, 14.958643507030605, 14.964433416046319, 14.959470636889991, 14.964433416046319, 14.964433416046319, 14.963606286186932, 14.962779156327542, 14.961124896608768, 14.972704714640198, 14.965260545905705, 14.971050454921421, 14.965260545905705, 14.95616211745244, 14.961952026468154, 14.960297766749381, 14.964433416046317, 14.957816377171216, 14.954507857733663, 14.959470636889991, 14.949545078577334, 14.96360628618693, 14.952853598014888, 14.960297766749378, 14.962779156327542, 14.956989247311828, 14.958643507030603, 14.962779156327542, 14.963606286186929, 14.961952026468152, 14.952853598014887, 14.953680727874275, 14.958643507030605, 14.959470636889991, 14.966087675765095, 14.965260545905707, 14.96029776674938, 14.96443341604632, 14.95947063688999, 14.959470636889993, 14.965260545905707, 14.961952026468156]",0.9236123151611225,0.9285337043191509,15,"[33, 33, 33, 33, 33, 33, 33, 33, 33, 33, 33, 29, 23, 19, 19, 17, 17, 16, 15, 15, 15, 15, 15, 15, 15, 15, 15, 15, 15, 15, 15, 15, 15, 15, 15, 15, 15, 15, 15, 15, 15, 15, 15, 15, 15, 15, 15, 15, 15, 15, 15, 15, 15, 15, 15, 15, 15, 15, 15, 15, 15, 15, 15, 15, 15, 15, 15, 15, 15, 15, 15, 15, 15, 15, 15, 15, 15, 15, 15, 15, 15, 15, 15, 15, 15, 15, 15, 15, 15, 15, 15, 15, 15, 15, 15, 15, 15, 15, 15, 15, 15, 15, 15, 15, 15, 15, 15, 15, 15, 15, 15, 15, 15, 15, 15, 15, 15, 15, 15, 15, 15, 15, 15, 15, 15, 15, 15, 15, 15, 15, 15, 15, 15, 15, 15, 15, 15, 15, 15, 15, 15, 15, 15, 15, 15, 15, 15, 15, 15, 15, 15, 15, 15, 15, 15, 15, 15, 15, 15, 15, 15, 15, 15, 15, 15, 15, 15, 15, 15, 15, 15, 15, 15, 15, 15, 15, 15, 15, 15, 15, 15, 15, 15, 15, 15, 15, 15, 15, 15, 15, 15, 15, 15, 15, 15, 15, 15, 15, 15, 15, 15, 15, 15, 15, 15, 15, 15, 15, 15, 15, 15, 15, 15, 15, 15, 15, 15, 15, 15, 15, 15, 15, 15, 15, 15, 15, 15, 15, 15, 15, 15, 15, 15, 15, 15, 15, 15, 15, 15, 15, 15, 15, 15, 15, 15, 15, 15, 15, 15, 15]",250,"[0.377198725938797, 0.36751052737236023, 0.35975348949432373, 0.35256779193878174, 0.3440723121166229, 0.33532389998435974, 0.32628753781318665, 0.3172823488712311, 0.30705881118774414, 0.2944682836532593, 0.2872350215911865, 0.2778140902519226, 0.2682780921459198, 0.2585477828979492, 0.255069375038147, 0.2522669732570648, 0.2476252019405365, 0.24616937339305878, 0.24017184972763062, 0.23754875361919403, 0.23431405425071716, 0.22973720729351044, 0.22872352600097656, 0.2264871746301651, 0.2220039814710617, 0.22006618976593018, 0.21778438985347748, 0.21641112864017487, 0.2129688262939453, 0.21349380910396576, 0.2123851776123047, 0.2099563628435135, 0.214474156498909, 0.20669710636138916, 0.20608383417129517, 0.2047225385904312, 0.2052149772644043, 0.20200248062610626, 0.20282845199108124, 0.2011384218931198, 0.20217902958393097, 0.2014821171760559, 0.20034104585647583, 0.1997225135564804, 0.19960415363311768, 0.1979600489139557, 0.1950829178094864, 0.19663181900978088, 0.19396568834781647, 0.19577161967754364, 0.19491833448410034, 0.19558633863925934, 0.19402733445167542, 0.1945512890815735, 0.19671615958213806, 0.19287556409835815, 0.19144564867019653, 0.18887634575366974, 0.19361667335033417, 0.19133315980434418, 0.18999342620372772, 0.19133919477462769, 0.18911132216453552, 0.1915837824344635, 0.18732649087905884, 0.19010749459266663, 0.18659836053848267, 0.18800072371959686, 0.1884436458349228, 0.18536514043807983, 0.18808230757713318, 0.18713487684726715, 0.18683670461177826, 0.1850997358560562, 0.1819917857646942, 0.18509048223495483, 0.18779806792736053, 0.1883280724287033, 0.1867857426404953, 0.18199759721755981, 0.188039168715477, 0.18390102684497833, 0.1832456737756729, 0.18315137922763824, 0.18363279104232788, 0.18180158734321594, 0.17981964349746704, 0.1819062978029251, 0.18311814963817596, 0.18648330867290497, 0.18208883702754974, 0.1807435005903244, 0.18176397681236267, 0.17725855112075806, 0.1806928515434265, 0.18019060790538788, 0.18252339959144592, 0.18114915490150452, 0.17842108011245728, 0.17845748364925385, 0.17886456847190857, 0.1779545247554779, 0.17768704891204834, 0.17869845032691956, 0.178237646818161, 0.17873962223529816, 0.1780804991722107, 0.17750446498394012, 0.1776028275489807, 0.17773780226707458, 0.17554329335689545, 0.18175750970840454, 0.17910243570804596, 0.17653225362300873, 0.1778634488582611, 0.17809490859508514, 0.1763831526041031, 0.1772865355014801, 0.1757228821516037, 0.1774294078350067, 0.17526210844516754, 0.17672380805015564, 0.1747310310602188, 0.17648151516914368, 0.17686378955841064, 0.17661334574222565, 0.17404383420944214, 0.17693473398685455, 0.1737421154975891, 0.17435358464717865, 0.17575593292713165, 0.17473949491977692, 0.17784902453422546, 0.17665182054042816, 0.17347493767738342, 0.17309562861919403, 0.17321842908859253, 0.17271485924720764, 0.17565344274044037, 0.17593300342559814, 0.18009014427661896, 0.17578846216201782, 0.17327961325645447, 0.17479480803012848, 0.17285862565040588, 0.17564602196216583, 0.17124517261981964, 0.17334875464439392, 0.17585867643356323, 0.17133836448192596, 0.17559246718883514, 0.1772747039794922, 0.1713581681251526, 0.1730012446641922, 0.1755126416683197, 0.1754312515258789, 0.17350277304649353, 0.1739942580461502, 0.17307347059249878, 0.17897015810012817, 0.17967481911182404, 0.17928479611873627, 0.1735534816980362, 0.17384448647499084, 0.17518562078475952, 0.1724500209093094, 0.17286749184131622, 0.17331655323505402, 0.17494064569473267, 0.17284074425697327, 0.17387963831424713, 0.17343226075172424, 0.17382511496543884, 0.176124706864357, 0.17374618351459503, 0.1732919067144394, 0.1692356914281845, 0.16894899308681488, 0.17165708541870117, 0.1764625906944275, 0.17107252776622772, 0.17366990447044373, 0.1730583906173706, 0.16990333795547485, 0.17639309167861938, 0.17279477417469025, 0.17227822542190552, 0.1732954978942871, 0.17271137237548828, 0.17219549417495728, 0.1728743314743042, 0.17132888734340668, 0.17230911552906036, 0.17196571826934814, 0.16976381838321686, 0.17131827771663666, 0.1762440800666809, 0.17359399795532227, 0.17150485515594482, 0.17306233942508698, 0.1740885227918625, 0.17320571839809418, 0.1741514354944229, 0.17091315984725952, 0.17499805986881256, 0.17053377628326416, 0.1768900752067566, 0.17226572334766388, 0.17193002998828888, 0.17622987926006317, 0.1733309030532837, 0.1749820113182068, 0.17478567361831665, 0.17380934953689575, 0.17225797474384308, 0.1736089140176773, 0.1729143112897873, 0.17437957227230072, 0.1767391562461853, 0.17289844155311584, 0.17739111185073853, 0.1714387685060501, 0.17436693608760834, 0.17300735414028168, 0.1730331927537918, 0.17999780178070068, 0.17120960354804993, 0.1743413209915161, 0.17408056557178497, 0.17313949763774872, 0.17513935267925262, 0.17607128620147705, 0.1720764935016632, 0.1724518984556198, 0.17326654493808746, 0.17717145383358002, 0.17359010875225067, 0.1722397357225418, 0.17584162950515747, 0.17220982909202576, 0.17295782268047333, 0.1756422370672226, 0.177184596657753, 0.17284882068634033, 0.1784302294254303, 0.17261295020580292, 0.17744554579257965, 0.1764817088842392, 0.17200785875320435, 0.1775076687335968]",15.0,"[33.0, 33.0, 33.0, 33.0, 33.0, 33.0, 33.0, 33.0, 33.0, 33.0, 33.0, 29.0, 23.0, 19.0, 19.0, 17.0, 17.0, 16.0, 15.0, 15.0, 15.0, 15.0, 15.0, 15.0, 15.0, 15.0, 15.0, 15.0, 15.0, 15.0, 15.0, 15.0, 15.0, 15.0, 15.0, 15.0, 15.0, 15.0, 15.0, 15.0, 15.0, 15.0, 15.0, 15.0, 15.0, 15.0, 15.0, 15.0, 15.0, 15.0, 15.0, 15.0, 15.0, 15.0, 15.0, 15.0, 15.0, 15.0, 15.0, 15.0, 15.0, 15.0, 15.0, 15.0, 15.0, 15.0, 15.0, 15.0, 15.0, 15.0, 15.0, 15.0, 15.0, 15.0, 15.0, 15.0, 15.0, 15.0, 15.0, 15.0, 15.0, 15.0, 15.0, 15.0, 15.0, 15.0, 15.0, 15.0, 15.0, 15.0, 15.0, 15.0, 15.0, 15.0, 15.0, 15.0, 15.0, 15.0, 15.0, 15.0, 15.0, 15.0, 15.0, 15.0, 15.0, 15.0, 15.0, 15.0, 15.0, 15.0, 15.0, 15.0, 15.0, 15.0, 15.0, 15.0, 15.0, 15.0, 15.0, 15.0, 15.0, 15.0, 15.0, 15.0, 15.0, 15.0, 15.0, 15.0, 15.0, 15.0, 15.0, 15.0, 15.0, 15.0, 15.0, 15.0, 15.0, 15.0, 15.0, 15.0, 15.0, 15.0, 15.0, 15.0, 15.0, 15.0, 15.0, 15.0, 15.0, 15.0, 15.0, 15.0, 15.0, 15.0, 15.0, 15.0, 15.0, 15.0, 15.0, 15.0, 15.0, 15.0, 15.0, 15.0, 15.0, 15.0, 15.0, 15.0, 15.0, 15.0, 15.0, 15.0, 15.0, 15.0, 15.0, 15.0, 15.0, 15.0, 15.0, 15.0, 15.0, 15.0, 15.0, 15.0, 15.0, 15.0, 15.0, 15.0, 15.0, 15.0, 15.0, 15.0, 15.0, 15.0, 15.0, 15.0, 15.0, 15.0, 15.0, 15.0, 15.0, 15.0, 15.0, 15.0, 15.0, 15.0, 15.0, 15.0, 15.0, 15.0, 15.0, 15.0, 15.0, 15.0, 15.0, 15.0, 15.0, 15.0, 15.0, 15.0, 15.0, 15.0, 15.0, 15.0, 15.0, 15.0, 15.0, 15.0, 15.0, 15.0, 15.0, 15.0, 15.0, 15.0, 15.0, 15.0, 15.0, 15.0, 15.0, 15.0, 15.0, 15.0, 15.0, 15.0, 15.0, 15.0, 15.0, 15.0, 15.0, 15.0]",COMPLETE
