,number,value,datetime_start,datetime_complete,duration,params_batch_size_scaler,params_constant_learning_rate,params_depth,params_epochs,params_kernel_l2,params_num_trees,params_temperature,user_attrs_accuracy_test,user_attrs_accuracy_valid,user_attrs_approximate_feature_sparsity,user_attrs_approximate_feature_sparsity_history,user_attrs_approximate_weight_sparsity,user_attrs_approximate_weight_sparsity_history,user_attrs_auc_test,user_attrs_auc_valid,user_attrs_feature_sparsity,user_attrs_feature_sparsity_history,user_attrs_num_epochs,user_attrs_val_loss_history,user_attrs_weight_sparsity,user_attrs_weight_sparsity_history,state
110,110,0.5,2024-08-31 05:34:28.704153,2024-08-31 05:41:27.518644,0 days 00:06:58.814491,4,5.660034038011637,6,305,0.2935854021985652,59,0.04349612522120653,0.859,0.85875,0,"[0, 0, 0, 0, 0, 0, 0, 0, 0, 0, 0, 0, 0, 0, 0, 0, 0, 0, 0, 0, 0, 0, 0, 0, 0, 0, 0, 0, 0, 0, 0, 0, 0, 0, 0, 0, 0, 0, 0, 0, 0, 0, 0, 0, 0, 0, 0, 0, 0, 0, 0, 0, 0, 0, 0, 0, 0, 0, 0, 0, 0, 0, 0, 0, 0, 0, 0, 0, 0, 0, 0, 0, 0, 0, 0, 0, 0, 0, 0, 0, 0, 0, 0, 0, 0, 0, 0, 0, 0, 0, 0, 0, 0, 0, 0, 0, 0, 0, 0, 0, 0, 0, 0, 0, 0, 0, 0, 0, 0, 0, 0, 0, 0, 0, 0, 0, 0, 0, 0, 0, 0, 0, 0, 0, 0, 0, 0, 0, 0, 0, 0, 0, 0, 0, 0, 0, 0, 0, 0, 0, 0, 0, 0, 0, 0, 0, 0, 0, 0, 0, 0, 0, 0, 0, 0, 0, 0, 0, 0, 0, 0, 0, 0, 0, 0, 0, 0, 0, 0, 0, 0, 0, 0, 0, 0, 0, 0, 0, 0, 0, 0, 0, 0, 0, 0, 0, 0, 0, 0, 0, 0, 0, 0, 0, 0, 0, 0, 0, 0, 0, 0, 0, 0, 0, 0, 0, 0, 0, 0, 0, 0, 0, 0, 0, 0, 0, 0, 0, 0, 0, 0, 0, 0, 0, 0, 0, 0, 0, 0, 0, 0, 0, 0, 0, 0, 0, 0, 0, 0, 0, 0, 0, 0, 0, 0, 0, 0, 0, 0, 0, 0, 0, 0, 0, 0, 0, 0, 0, 0, 0, 0, 0, 0, 0, 0, 0, 0, 0, 0, 0, 0, 0, 0, 0, 0, 0, 0, 0, 0, 0, 0, 0, 0, 0, 0, 0, 0, 0, 0, 0, 0, 0, 0, 0, 0, 0, 0, 0, 0, 0, 0, 0, 0, 0, 0]",0.0,"[0.0, 0.0, 0.0, 0.0, 0.0, 0.0, 0.0, 0.0, 0.0, 0.0, 0.0, 0.0, 0.0, 0.0, 0.0, 0.0, 0.0, 0.0, 0.0, 0.0, 0.0, 0.0, 0.0, 0.0, 0.0, 0.0, 0.0, 0.0, 0.0, 0.0, 0.0, 0.0, 0.0, 0.0, 0.0, 0.0, 0.0, 0.0, 0.0, 0.0, 0.0, 0.0, 0.0, 0.0, 0.0, 0.0, 0.0, 0.0, 0.0, 0.0, 0.0, 0.0, 0.0, 0.0, 0.0, 0.0, 0.0, 0.0, 0.0, 0.0, 0.0, 0.0, 0.0, 0.0, 0.0, 0.0, 0.0, 0.0, 0.0, 0.0, 0.0, 0.0, 0.0, 0.0, 0.0, 0.0, 0.0, 0.0, 0.0, 0.0, 0.0, 0.0, 0.0, 0.0, 0.0, 0.0, 0.0, 0.0, 0.0, 0.0, 0.0, 0.0, 0.0, 0.0, 0.0, 0.0, 0.0, 0.0, 0.0, 0.0, 0.0, 0.0, 0.0, 0.0, 0.0, 0.0, 0.0, 0.0, 0.0, 0.0, 0.0, 0.0, 0.0, 0.0, 0.0, 0.0, 0.0, 0.0, 0.0, 0.0, 0.0, 0.0, 0.0, 0.0, 0.0, 0.0, 0.0, 0.0, 0.0, 0.0, 0.0, 0.0, 0.0, 0.0, 0.0, 0.0, 0.0, 0.0, 0.0, 0.0, 0.0, 0.0, 0.0, 0.0, 0.0, 0.0, 0.0, 0.0, 0.0, 0.0, 0.0, 0.0, 0.0, 0.0, 0.0, 0.0, 0.0, 0.0, 0.0, 0.0, 0.0, 0.0, 0.0, 0.0, 0.0, 0.0, 0.0, 0.0, 0.0, 0.0, 0.0, 0.0, 0.0, 0.0, 0.0, 0.0, 0.0, 0.0, 0.0, 0.0, 0.0, 0.0, 0.0, 0.0, 0.0, 0.0, 0.0, 0.0, 0.0, 0.0, 0.0, 0.0, 0.0, 0.0, 0.0, 0.0, 0.0, 0.0, 0.0, 0.0, 0.0, 0.0, 0.0, 0.0, 0.0, 0.0, 0.0, 0.0, 0.0, 0.0, 0.0, 0.0, 0.0, 0.0, 0.0, 0.0, 0.0, 0.0, 0.0, 0.0, 0.0, 0.0, 0.0, 0.0, 0.0, 0.0, 0.0, 0.0, 0.0, 0.0, 0.0, 0.0, 0.0, 0.0, 0.0, 0.0, 0.0, 0.0, 0.0, 0.0, 0.0, 0.0, 0.0, 0.0, 0.0, 0.0, 0.0, 0.0, 0.0, 0.0, 0.0, 0.0, 0.0, 0.0, 0.0, 0.0, 0.0, 0.0, 0.0, 0.0, 0.0, 0.0, 0.0, 0.0, 0.0, 0.0, 0.0, 0.0, 0.0, 0.0, 0.0, 0.0, 0.0, 0.0, 0.0, 0.0, 0.0, 0.0, 0.0, 0.0, 0.0, 0.0, 0.0, 0.0, 0.0, 0.0, 0.0, 0.0, 0.0, 0.0, 0.0, 0.0, 0.0, 0.0, 0.0, 0.0, 0.0, 0.0, 0.0, 0.0, 0.0, 0.0, 0.0, 0.0, 0.0]",0.5,0.5,0,"[0, 0, 0, 0, 0, 0, 0, 0, 0, 0, 0, 0, 0, 0, 0, 0, 0, 0, 0, 0, 0, 0, 0, 0, 0, 0, 0, 0, 0, 0, 0, 0, 0, 0, 0, 0, 0, 0, 0, 0, 0, 0, 0, 0, 0, 0, 0, 0, 0, 0, 0, 0, 0, 0, 0, 0, 0, 0, 0, 0, 0, 0, 0, 0, 0, 0, 0, 0, 0, 0, 0, 0, 0, 0, 0, 0, 0, 0, 0, 0, 0, 0, 0, 0, 0, 0, 0, 0, 0, 0, 0, 0, 0, 0, 0, 0, 0, 0, 0, 0, 0, 0, 0, 0, 0, 0, 0, 0, 0, 0, 0, 0, 0, 0, 0, 0, 0, 0, 0, 0, 0, 0, 0, 0, 0, 0, 0, 0, 0, 0, 0, 0, 0, 0, 0, 0, 0, 0, 0, 0, 0, 0, 0, 0, 0, 0, 0, 0, 0, 0, 0, 0, 0, 0, 0, 0, 0, 0, 0, 0, 0, 0, 0, 0, 0, 0, 0, 0, 0, 0, 0, 0, 0, 0, 0, 0, 0, 0, 0, 0, 0, 0, 0, 0, 0, 0, 0, 0, 0, 0, 0, 0, 0, 0, 0, 0, 0, 0, 0, 0, 0, 0, 0, 0, 0, 0, 0, 0, 0, 0, 0, 0, 0, 0, 0, 0, 0, 0, 0, 0, 0, 0, 0, 0, 0, 0, 0, 0, 0, 0, 0, 0, 0, 0, 0, 0, 0, 0, 0, 0, 0, 0, 0, 0, 0, 0, 0, 0, 0, 0, 0, 0, 0, 0, 0, 0, 0, 0, 0, 0, 0, 0, 0, 0, 0, 0, 0, 0, 0, 0, 0, 0, 0, 0, 0, 0, 0, 0, 0, 0, 0, 0, 0, 0, 0, 0, 0, 0, 0, 0, 0, 0, 0, 0, 0, 0, 0, 0, 0, 0, 0, 0, 0, 0, 0]",305,"[0.423545241355896, 0.4333554804325104, 0.4271866977214813, 0.4668520987033844, 0.4097978472709656, 0.40732285380363464, 0.5519720911979675, 0.4444488286972046, 0.4171331822872162, 0.4074825942516327, 0.4437786042690277, 0.4115026593208313, 0.4112957715988159, 0.40749675035476685, 0.42797955870628357, 0.43759089708328247, 0.43675148487091064, 0.4280174970626831, 0.42800435423851013, 0.4167312681674957, 0.4140768051147461, 0.40792691707611084, 0.46557632088661194, 0.4139424264431, 0.41593265533447266, 0.4425416588783264, 0.40894973278045654, 0.4072297215461731, 0.40828871726989746, 0.40758368372917175, 0.41201499104499817, 0.4100590646266937, 0.4143465459346771, 0.414082795381546, 0.42803260684013367, 0.45725008845329285, 0.4120914340019226, 0.4092004895210266, 0.4301455616950989, 0.48557284474372864, 0.4158129394054413, 0.41002029180526733, 0.4356820285320282, 0.42752018570899963, 0.4077979326248169, 0.4072829484939575, 0.427246630191803, 0.41070055961608887, 0.4124576449394226, 0.40734782814979553, 0.4190463721752167, 0.4081707000732422, 0.4074574410915375, 0.41215282678604126, 0.46621331572532654, 0.41020911931991577, 0.4093572497367859, 0.4193246066570282, 0.40911316871643066, 0.4097885489463806, 0.4206431210041046, 0.427602618932724, 0.4428671896457672, 0.41418126225471497, 0.40827685594558716, 0.414250910282135, 0.40814778208732605, 0.42071136832237244, 0.4082830846309662, 0.41136878728866577, 0.41446852684020996, 0.40861785411834717, 0.41252806782722473, 0.4263729155063629, 0.41205233335494995, 0.450485497713089, 0.4072400629520416, 0.40723946690559387, 0.43601498007774353, 0.4072290062904358, 0.42822498083114624, 0.40870511531829834, 0.4076685607433319, 0.41860106587409973, 0.4127405285835266, 0.4911228120326996, 0.4233679175376892, 0.408484548330307, 0.4136178493499756, 0.42014679312705994, 0.4281211793422699, 0.41560351848602295, 0.41228780150413513, 0.4086626470088959, 0.4094701409339905, 0.48893481492996216, 0.4891887605190277, 0.40992099046707153, 0.4270474910736084, 0.4101814031600952, 0.4161751866340637, 0.41546958684921265, 0.42584118247032166, 0.40738973021507263, 0.4140981435775757, 0.4877721667289734, 0.41161206364631653, 0.41209807991981506, 0.4408006966114044, 0.41219601035118103, 0.43872469663619995, 0.4168636202812195, 0.44234851002693176, 0.416714072227478, 0.43908175826072693, 0.4228527843952179, 0.4285195469856262, 0.4083360731601715, 0.5559084415435791, 0.40763306617736816, 0.4116114377975464, 0.41250211000442505, 0.41360291838645935, 0.4831997752189636, 0.40733978152275085, 0.4235561788082123, 0.4084889590740204, 0.4587348699569702, 0.4081742763519287, 0.4185904562473297, 0.462528258562088, 0.4079185426235199, 0.44980698823928833, 0.42666423320770264, 0.4216601550579071, 0.4155674874782562, 0.42946502566337585, 0.42985668778419495, 0.4090452194213867, 0.43929240107536316, 0.4166397750377655, 0.4274594485759735, 0.4072554111480713, 0.4072262644767761, 0.4309424161911011, 0.4648779034614563, 0.4209188222885132, 0.41100913286209106, 0.40862587094306946, 0.42378589510917664, 0.4290987253189087, 0.4228743612766266, 0.40820175409317017, 0.47113293409347534, 0.4074837565422058, 0.42804110050201416, 0.4194757342338562, 0.4072321355342865, 0.41024327278137207, 0.40889573097229004, 0.40736767649650574, 0.40759041905403137, 0.4233734607696533, 0.4072595536708832, 0.4098536968231201, 0.41249093413352966, 0.4417063593864441, 0.5184744000434875, 0.4267275631427765, 0.42719900608062744, 0.4131837487220764, 0.4125375747680664, 0.42086243629455566, 0.4072326719760895, 0.42153966426849365, 0.5073512196540833, 0.4072265326976776, 0.40731266140937805, 0.428924024105072, 0.43103083968162537, 0.4198131859302521, 0.41619741916656494, 0.4072287082672119, 0.40723732113838196, 0.4302574396133423, 0.41389426589012146, 0.4085697829723358, 0.4361279606819153, 0.412538081407547, 0.5979654788970947, 0.416146457195282, 0.41204696893692017, 0.423945814371109, 0.4432736933231354, 0.41613078117370605, 0.42059147357940674, 0.4072416424751282, 0.41855189204216003, 0.41065457463264465, 0.4120650589466095, 0.41868099570274353, 0.40925177931785583, 0.4072774648666382, 0.43553411960601807, 0.4207698404788971, 0.41540762782096863, 0.4156966805458069, 0.4245184063911438, 0.4084562659263611, 0.41331207752227783, 0.4301762282848358, 0.40801775455474854, 0.4082709848880768, 0.40742406249046326, 0.4120509624481201, 0.4276430904865265, 0.4545780122280121, 0.440348356962204, 0.4192971885204315, 0.4075513780117035, 0.4089253544807434, 0.42364925146102905, 0.4098087251186371, 0.4081784784793854, 0.4087184965610504, 0.4394737482070923, 0.44526413083076477, 0.40747320652008057, 0.4238898754119873, 0.40819069743156433, 0.4493062496185303, 0.4079939126968384, 0.4713302552700043, 0.4079197347164154, 0.4384775459766388, 0.41391047835350037, 0.4072307348251343, 0.4185986816883087, 0.4192100167274475, 0.40968379378318787, 0.4072670340538025, 0.42975300550460815, 0.4158395528793335, 0.408956378698349, 0.41212499141693115, 0.41779616475105286, 0.40875083208084106, 0.41336295008659363, 0.4083307981491089, 0.41351157426834106, 0.4605933725833893, 0.4073062539100647, 0.40866729617118835, 0.40891730785369873, 0.4086768329143524, 0.4073013365268707, 0.40736129879951477, 0.4090519845485687, 0.42562663555145264, 0.4095037877559662, 0.4358253479003906, 0.4109395146369934, 0.4072352945804596, 0.41604381799697876, 0.449251264333725, 0.4072866141796112, 0.4160236716270447, 0.414652556180954, 0.4467247724533081, 0.40745818614959717, 0.4074779152870178, 0.4132114350795746, 0.4189800024032593, 0.4201355278491974, 0.4131740927696228, 0.41204124689102173, 0.431033730506897, 0.4074704349040985, 0.408222496509552, 0.4134916067123413, 0.4197334349155426, 0.41237303614616394, 0.4138161838054657, 0.4189207851886749, 0.40881574153900146, 0.4224887788295746, 0.4097902774810791, 0.42460596561431885, 0.4254957437515259, 0.45091843605041504, 0.49577218294143677, 0.4209929406642914, 0.4179028570652008, 0.40729182958602905, 0.46714329719543457, 0.43115389347076416, 0.4081105887889862, 0.420012503862381, 0.42573121190071106, 0.40723395347595215, 0.4272376298904419, 0.4129692018032074, 0.42580074071884155, 0.4074297845363617, 0.4905222952365875]",0.0,"[0.0, 0.0, 0.0, 0.0, 0.0, 0.0, 0.0, 0.0, 0.0, 0.0, 0.0, 0.0, 0.0, 0.0, 0.0, 0.0, 0.0, 0.0, 0.0, 0.0, 0.0, 0.0, 0.0, 0.0, 0.0, 0.0, 0.0, 0.0, 0.0, 0.0, 0.0, 0.0, 0.0, 0.0, 0.0, 0.0, 0.0, 0.0, 0.0, 0.0, 0.0, 0.0, 0.0, 0.0, 0.0, 0.0, 0.0, 0.0, 0.0, 0.0, 0.0, 0.0, 0.0, 0.0, 0.0, 0.0, 0.0, 0.0, 0.0, 0.0, 0.0, 0.0, 0.0, 0.0, 0.0, 0.0, 0.0, 0.0, 0.0, 0.0, 0.0, 0.0, 0.0, 0.0, 0.0, 0.0, 0.0, 0.0, 0.0, 0.0, 0.0, 0.0, 0.0, 0.0, 0.0, 0.0, 0.0, 0.0, 0.0, 0.0, 0.0, 0.0, 0.0, 0.0, 0.0, 0.0, 0.0, 0.0, 0.0, 0.0, 0.0, 0.0, 0.0, 0.0, 0.0, 0.0, 0.0, 0.0, 0.0, 0.0, 0.0, 0.0, 0.0, 0.0, 0.0, 0.0, 0.0, 0.0, 0.0, 0.0, 0.0, 0.0, 0.0, 0.0, 0.0, 0.0, 0.0, 0.0, 0.0, 0.0, 0.0, 0.0, 0.0, 0.0, 0.0, 0.0, 0.0, 0.0, 0.0, 0.0, 0.0, 0.0, 0.0, 0.0, 0.0, 0.0, 0.0, 0.0, 0.0, 0.0, 0.0, 0.0, 0.0, 0.0, 0.0, 0.0, 0.0, 0.0, 0.0, 0.0, 0.0, 0.0, 0.0, 0.0, 0.0, 0.0, 0.0, 0.0, 0.0, 0.0, 0.0, 0.0, 0.0, 0.0, 0.0, 0.0, 0.0, 0.0, 0.0, 0.0, 0.0, 0.0, 0.0, 0.0, 0.0, 0.0, 0.0, 0.0, 0.0, 0.0, 0.0, 0.0, 0.0, 0.0, 0.0, 0.0, 0.0, 0.0, 0.0, 0.0, 0.0, 0.0, 0.0, 0.0, 0.0, 0.0, 0.0, 0.0, 0.0, 0.0, 0.0, 0.0, 0.0, 0.0, 0.0, 0.0, 0.0, 0.0, 0.0, 0.0, 0.0, 0.0, 0.0, 0.0, 0.0, 0.0, 0.0, 0.0, 0.0, 0.0, 0.0, 0.0, 0.0, 0.0, 0.0, 0.0, 0.0, 0.0, 0.0, 0.0, 0.0, 0.0, 0.0, 0.0, 0.0, 0.0, 0.0, 0.0, 0.0, 0.0, 0.0, 0.0, 0.0, 0.0, 0.0, 0.0, 0.0, 0.0, 0.0, 0.0, 0.0, 0.0, 0.0, 0.0, 0.0, 0.0, 0.0, 0.0, 0.0, 0.0, 0.0, 0.0, 0.0, 0.0, 0.0, 0.0, 0.0, 0.0, 0.0, 0.0, 0.0, 0.0, 0.0, 0.0, 0.0, 0.0, 0.0, 0.0, 0.0, 0.0, 0.0, 0.0, 0.0, 0.0, 0.0, 0.0, 0.0, 0.0, 0.0, 0.0, 0.0, 0.0, 0.0, 0.0, 0.0]",COMPLETE
111,111,0.7347322590202369,2024-08-31 05:41:29.701048,2024-08-31 05:41:40.138160,0 days 00:00:10.437112,16,0.02399977263725349,1,105,0.23168801514518542,59,0.00010871520272710904,0.872,0.87375,33,"[33, 33, 33, 33, 33, 33, 33, 33, 33, 33, 33, 33, 33, 33, 33, 33, 33, 33, 33, 33, 33, 33, 33, 33, 33, 33, 33, 33, 33, 33, 33, 33, 33, 33, 33, 33, 33, 33, 33, 33, 33, 33, 33, 33, 33, 33, 33, 33, 33, 33, 33, 33, 33, 33, 33, 33, 33, 33, 33, 33, 33, 33, 33, 33, 33, 33, 33, 33, 33, 33, 33, 33, 33, 33, 33, 33, 33, 33, 33, 33, 33, 33, 33, 33, 33, 33, 33, 33, 33, 33, 33, 33, 33, 33, 33, 33, 33, 33, 33, 33, 33, 33, 33, 33, 33]",33.0,"[33.0, 32.983050847457626, 33.0, 33.0, 32.983050847457626, 32.983050847457626, 32.983050847457626, 33.0, 33.0, 32.983050847457626, 33.0, 33.0, 32.983050847457626, 32.983050847457626, 32.983050847457626, 32.983050847457626, 32.983050847457626, 32.983050847457626, 32.96610169491525, 32.983050847457626, 32.983050847457626, 32.96610169491525, 32.96610169491525, 32.96610169491525, 32.983050847457626, 32.983050847457626, 32.983050847457626, 32.983050847457626, 32.983050847457626, 32.983050847457626, 33.0, 33.0, 33.0, 33.0, 33.0, 33.0, 32.983050847457626, 32.983050847457626, 32.983050847457626, 32.983050847457626, 32.983050847457626, 32.983050847457626, 33.0, 33.0, 33.0, 32.96610169491525, 32.983050847457626, 32.96610169491525, 32.983050847457626, 32.983050847457626, 32.983050847457626, 32.96610169491525, 32.983050847457626, 32.983050847457626, 32.983050847457626, 32.94915254237288, 32.96610169491525, 32.983050847457626, 32.983050847457626, 32.96610169491525, 32.983050847457626, 33.0, 33.0, 33.0, 33.0, 32.983050847457626, 33.0, 32.983050847457626, 32.983050847457626, 32.983050847457626, 32.94915254237288, 32.96610169491525, 32.96610169491525, 32.983050847457626, 32.96610169491525, 32.96610169491525, 32.983050847457626, 32.983050847457626, 32.983050847457626, 32.983050847457626, 32.983050847457626, 32.94915254237288, 32.96610169491525, 32.96610169491525, 32.96610169491525, 32.983050847457626, 32.983050847457626, 32.983050847457626, 32.983050847457626, 32.96610169491525, 33.0, 32.983050847457626, 33.0, 33.0, 32.983050847457626, 32.983050847457626, 32.983050847457626, 32.983050847457626, 33.0, 33.0, 33.0, 32.983050847457626, 32.983050847457626, 32.983050847457626, 33.0]",0.7703745902789818,0.7347322590202369,33,"[33, 33, 33, 33, 33, 33, 33, 33, 33, 33, 33, 33, 33, 33, 33, 33, 33, 33, 33, 33, 33, 33, 33, 33, 33, 33, 33, 33, 33, 33, 33, 33, 33, 33, 33, 33, 33, 33, 33, 33, 33, 33, 33, 33, 33, 33, 33, 33, 33, 33, 33, 33, 33, 33, 33, 33, 33, 33, 33, 33, 33, 33, 33, 33, 33, 33, 33, 33, 33, 33, 33, 33, 33, 33, 33, 33, 33, 33, 33, 33, 33, 33, 33, 33, 33, 33, 33, 33, 33, 33, 33, 33, 33, 33, 33, 33, 33, 33, 33, 33, 33, 33, 33, 33, 33]",105,"[0.5820494294166565, 0.5757980346679688, 0.5703893899917603, 0.5654736161231995, 0.5610690712928772, 0.557083249092102, 0.5534195303916931, 0.5502865314483643, 0.5471541881561279, 0.5442940592765808, 0.541700005531311, 0.5393045544624329, 0.5370419025421143, 0.5349488854408264, 0.5330344438552856, 0.5315147638320923, 0.5294630527496338, 0.5278708934783936, 0.5266225934028625, 0.5247347354888916, 0.5237258672714233, 0.522538959980011, 0.5206209421157837, 0.5193676948547363, 0.5182951092720032, 0.5170319080352783, 0.5159705877304077, 0.51491779088974, 0.5137928128242493, 0.5125625729560852, 0.5115633606910706, 0.5106412768363953, 0.5095451474189758, 0.5087120532989502, 0.5075666904449463, 0.5066259503364563, 0.5056778192520142, 0.5047849416732788, 0.5038496851921082, 0.5029293298721313, 0.5020840167999268, 0.5012558102607727, 0.5006396770477295, 0.4998653531074524, 0.49866703152656555, 0.49746230244636536, 0.49661481380462646, 0.4957432150840759, 0.49483466148376465, 0.49398165941238403, 0.4936281144618988, 0.4924534559249878, 0.4916275143623352, 0.49132078886032104, 0.49012768268585205, 0.4891397953033447, 0.4881431460380554, 0.4874083697795868, 0.4866011142730713, 0.48588693141937256, 0.4850707948207855, 0.484253853559494, 0.48392346501350403, 0.48252981901168823, 0.48181605339050293, 0.48103511333465576, 0.4801856279373169, 0.4795202314853668, 0.47925224900245667, 0.4779922366142273, 0.47834548354148865, 0.4769100546836853, 0.4758208394050598, 0.47507840394973755, 0.47409477829933167, 0.4734252691268921, 0.47256651520729065, 0.4717739224433899, 0.4710523188114166, 0.4707004427909851, 0.46957311034202576, 0.4689912497997284, 0.46811604499816895, 0.4680885076522827, 0.4666461944580078, 0.4658321440219879, 0.46533435583114624, 0.4643823504447937, 0.46360597014427185, 0.46301552653312683, 0.4621977210044861, 0.46147677302360535, 0.4608253240585327, 0.460254430770874, 0.4593854248523712, 0.45877230167388916, 0.4579828977584839, 0.45737630128860474, 0.4569159746170044, 0.4558587670326233, 0.4560518264770508, 0.4548632502555847, 0.45391571521759033, 0.45383748412132263, 0.4527076482772827]",33.0,"[33.0, 33.0, 33.0, 33.0, 33.0, 33.0, 33.0, 33.0, 33.0, 33.0, 33.0, 33.0, 33.0, 33.0, 33.0, 33.0, 33.0, 33.0, 33.0, 33.0, 33.0, 33.0, 33.0, 33.0, 33.0, 33.0, 33.0, 33.0, 33.0, 33.0, 33.0, 33.0, 33.0, 33.0, 33.0, 33.0, 33.0, 33.0, 33.0, 33.0, 33.0, 33.0, 33.0, 33.0, 33.0, 33.0, 33.0, 33.0, 33.0, 33.0, 33.0, 33.0, 33.0, 33.0, 33.0, 33.0, 33.0, 33.0, 33.0, 33.0, 33.0, 33.0, 33.0, 33.0, 33.0, 33.0, 33.0, 33.0, 33.0, 33.0, 33.0, 33.0, 33.0, 33.0, 33.0, 33.0, 33.0, 33.0, 33.0, 33.0, 33.0, 33.0, 33.0, 33.0, 33.0, 33.0, 33.0, 33.0, 33.0, 33.0, 33.0, 33.0, 33.0, 33.0, 33.0, 33.0, 33.0, 33.0, 33.0, 33.0, 33.0, 33.0, 33.0, 33.0, 33.0]",COMPLETE
