,number,value,datetime_start,datetime_complete,duration,params_batch_size_scaler,params_constant_learning_rate,params_depth,params_epochs,params_kernel_l2,params_num_trees,params_temperature,user_attrs_accuracy_test,user_attrs_accuracy_valid,user_attrs_approximate_feature_sparsity,user_attrs_approximate_feature_sparsity_history,user_attrs_approximate_weight_sparsity,user_attrs_approximate_weight_sparsity_history,user_attrs_auc_test,user_attrs_auc_valid,user_attrs_feature_sparsity,user_attrs_feature_sparsity_history,user_attrs_num_epochs,user_attrs_val_loss_history,user_attrs_weight_sparsity,user_attrs_weight_sparsity_history,state
0,0,0.9164509023457124,2024-08-31 00:32:29.611198,2024-08-31 00:33:08.712426,0 days 00:00:39.101228,4,0.027559267640273756,2,175,0.015498955191377133,10,0.00413475900783472,0.926,0.91375,33,"[33, 33, 33, 33, 33, 33, 33, 33, 33, 33, 33, 33, 33, 33, 33, 33, 33, 33, 33, 33, 33, 33, 33, 33, 33, 33, 33, 33, 33, 33, 33, 33, 33, 33, 33, 33, 33, 33, 33, 33, 33, 33, 33, 33, 33, 33, 33, 33, 33, 33, 33, 33, 33, 33, 33, 33, 33, 33, 33, 33, 33, 33, 33, 33, 33, 33, 33, 33, 33, 33, 33, 33, 33, 33, 33, 33, 33, 33, 33, 33, 33, 33, 33, 33, 33, 33, 33, 33, 33, 33, 33, 33, 33, 33, 33, 33, 33, 33, 33, 33, 33, 33, 33, 33, 33, 33, 33, 33, 33, 33, 33, 33, 33, 33, 33, 33, 33, 33, 33, 33, 33, 33, 33, 33, 33, 33, 33, 33, 33, 33, 33, 33, 33, 33, 33, 33, 33, 33, 33, 33, 33, 33, 33, 33, 33, 33, 33, 33, 33, 33, 33, 33, 33, 33, 33, 33, 33, 33, 33, 33, 33, 33, 33, 33, 33, 33, 33, 33, 33, 33, 33, 33, 33, 33, 33]",32.96666666666667,"[32.96666666666667, 33.0, 33.0, 33.0, 33.0, 33.0, 33.0, 33.0, 32.96666666666667, 33.0, 33.0, 33.0, 33.0, 33.0, 33.0, 33.0, 33.0, 33.0, 32.96666666666667, 33.0, 33.0, 33.0, 33.0, 33.0, 32.93333333333334, 33.0, 32.96666666666667, 33.0, 32.96666666666667, 33.0, 33.0, 32.96666666666667, 33.0, 33.0, 33.0, 33.0, 33.0, 33.0, 33.0, 32.96666666666667, 33.0, 33.0, 33.0, 32.96666666666667, 33.0, 32.96666666666667, 32.96666666666667, 33.0, 33.0, 33.0, 33.0, 33.0, 33.0, 33.0, 33.0, 33.0, 33.0, 32.96666666666667, 32.93333333333334, 33.0, 33.0, 33.0, 33.0, 33.0, 33.0, 33.0, 33.0, 32.96666666666667, 32.96666666666667, 33.0, 33.0, 33.0, 33.0, 33.0, 33.0, 32.96666666666667, 33.0, 33.0, 32.96666666666667, 32.96666666666667, 33.0, 32.96666666666667, 33.0, 33.0, 33.0, 33.0, 33.0, 33.0, 33.0, 33.0, 33.0, 33.0, 33.0, 33.0, 32.96666666666667, 33.0, 33.0, 32.96666666666667, 33.0, 33.0, 33.0, 33.0, 33.0, 33.0, 33.0, 33.0, 32.96666666666667, 33.0, 33.0, 33.0, 33.0, 33.0, 33.0, 32.96666666666667, 33.0, 33.0, 33.0, 33.0, 33.0, 33.0, 32.96666666666667, 32.96666666666667, 33.0, 33.0, 33.0, 33.0, 33.0, 33.0, 32.96666666666667, 33.0, 32.96666666666667, 33.0, 33.0, 33.0, 33.0, 32.96666666666667, 32.96666666666667, 32.96666666666667, 32.96666666666667, 32.96666666666667, 33.0, 33.0, 33.0, 33.0, 33.0, 33.0, 33.0, 33.0, 33.0, 32.96666666666667, 33.0, 33.0, 33.0, 33.0, 33.0, 33.0, 33.0, 33.0, 32.96666666666667, 33.0, 33.0, 33.0, 33.0, 33.0, 33.0, 32.96666666666667, 32.96666666666667, 33.0, 33.0, 33.0, 32.96666666666667, 33.0, 33.0, 32.96666666666667, 32.96666666666667]",0.9023770011311188,0.9164509023457124,33,"[33, 33, 33, 33, 33, 33, 33, 33, 33, 33, 33, 33, 33, 33, 33, 33, 33, 33, 33, 33, 33, 33, 33, 33, 33, 33, 33, 33, 33, 33, 33, 33, 33, 33, 33, 33, 33, 33, 33, 33, 33, 33, 33, 33, 33, 33, 33, 33, 33, 33, 33, 33, 33, 33, 33, 33, 33, 33, 33, 33, 33, 33, 33, 33, 33, 33, 33, 33, 33, 33, 33, 33, 33, 33, 33, 33, 33, 33, 33, 33, 33, 33, 33, 33, 33, 33, 33, 33, 33, 33, 33, 33, 33, 33, 33, 33, 33, 33, 33, 33, 33, 33, 33, 33, 33, 33, 33, 33, 33, 33, 33, 33, 33, 33, 33, 33, 33, 33, 33, 33, 33, 33, 33, 33, 33, 33, 33, 33, 33, 33, 33, 33, 33, 33, 33, 33, 33, 33, 33, 33, 33, 33, 33, 33, 33, 33, 33, 33, 33, 33, 33, 33, 33, 33, 33, 33, 33, 33, 33, 33, 33, 33, 33, 33, 33, 33, 33, 33, 33, 33, 33, 33, 33, 33, 33]",175,"[0.4594716727733612, 0.4245041012763977, 0.41465020179748535, 0.4081733822822571, 0.40284138917922974, 0.3984707295894623, 0.394789457321167, 0.39166736602783203, 0.38897770643234253, 0.38657844066619873, 0.38457390666007996, 0.3827117681503296, 0.38096773624420166, 0.3794080317020416, 0.3779412806034088, 0.3765060007572174, 0.37520506978034973, 0.37385475635528564, 0.3726414144039154, 0.37147408723831177, 0.37022531032562256, 0.36901530623435974, 0.3679126501083374, 0.36677470803260803, 0.3655959367752075, 0.3643648624420166, 0.36313414573669434, 0.3619648814201355, 0.36064091324806213, 0.35938480496406555, 0.3581046760082245, 0.35686665773391724, 0.35564789175987244, 0.35440295934677124, 0.3530173599720001, 0.35168370604515076, 0.350281685590744, 0.3489275276660919, 0.3475097417831421, 0.3460632264614105, 0.34461331367492676, 0.3431069552898407, 0.3416137993335724, 0.34013354778289795, 0.3385199308395386, 0.33696937561035156, 0.335409015417099, 0.33388543128967285, 0.3322153389453888, 0.33061710000038147, 0.32904648780822754, 0.3273780047893524, 0.3257894515991211, 0.3242083489894867, 0.3228053152561188, 0.32103195786476135, 0.3194269835948944, 0.3178541958332062, 0.31638672947883606, 0.3147791624069214, 0.31318750977516174, 0.31166958808898926, 0.31013667583465576, 0.30856427550315857, 0.3071153461933136, 0.30568158626556396, 0.3042886257171631, 0.30297690629959106, 0.30157148838043213, 0.30036935210227966, 0.298991322517395, 0.29769623279571533, 0.29633161425590515, 0.29498204588890076, 0.29377996921539307, 0.29257360100746155, 0.2913244962692261, 0.2901657819747925, 0.2890170216560364, 0.2879107594490051, 0.28674331307411194, 0.2856590151786804, 0.28472650051116943, 0.28370049595832825, 0.2826839089393616, 0.2817019522190094, 0.28069838881492615, 0.27972865104675293, 0.27884089946746826, 0.2780371904373169, 0.2771121859550476, 0.27625831961631775, 0.2753346562385559, 0.27446499466896057, 0.27360236644744873, 0.27277258038520813, 0.2720123827457428, 0.2711605131626129, 0.27038413286209106, 0.2697591781616211, 0.2691345810890198, 0.2682706415653229, 0.26768362522125244, 0.26683807373046875, 0.266116738319397, 0.26541823148727417, 0.2649157643318176, 0.26411324739456177, 0.26353123784065247, 0.26286324858665466, 0.2622118890285492, 0.2615533471107483, 0.2610326111316681, 0.26061686873435974, 0.25985345244407654, 0.25937870144844055, 0.2588174343109131, 0.25827518105506897, 0.25767144560813904, 0.2571083605289459, 0.2565586268901825, 0.25626274943351746, 0.25585639476776123, 0.2552235424518585, 0.2547394037246704, 0.2542910575866699, 0.2535857856273651, 0.25324103236198425, 0.25278136134147644, 0.2523277997970581, 0.2518022656440735, 0.2513599991798401, 0.25098636746406555, 0.2505646049976349, 0.25012916326522827, 0.24980376660823822, 0.24962127208709717, 0.2491634041070938, 0.24867187440395355, 0.24856817722320557, 0.24843589961528778, 0.2476930022239685, 0.24755418300628662, 0.24706725776195526, 0.24640057981014252, 0.24622544646263123, 0.24583013355731964, 0.24573788046836853, 0.24527262151241302, 0.24479688704013824, 0.2445051074028015, 0.24427086114883423, 0.2438851147890091, 0.2436608374118805, 0.24342119693756104, 0.24295635521411896, 0.24282768368721008, 0.2427048534154892, 0.24246633052825928, 0.2420380562543869, 0.24178802967071533, 0.2414952665567398, 0.24109956622123718, 0.24065493047237396, 0.24046966433525085, 0.2402421236038208, 0.24024330079555511, 0.23975113034248352, 0.2395879030227661, 0.23967109620571136, 0.23938575387001038, 0.2390235960483551, 0.23867949843406677, 0.2386043667793274, 0.23836442828178406]",33.0,"[33.0, 33.0, 33.0, 33.0, 33.0, 33.0, 33.0, 33.0, 33.0, 33.0, 33.0, 33.0, 33.0, 33.0, 33.0, 33.0, 33.0, 33.0, 33.0, 33.0, 33.0, 33.0, 33.0, 33.0, 33.0, 33.0, 33.0, 33.0, 33.0, 33.0, 33.0, 33.0, 33.0, 33.0, 33.0, 33.0, 33.0, 33.0, 33.0, 33.0, 33.0, 33.0, 33.0, 33.0, 33.0, 33.0, 33.0, 33.0, 33.0, 33.0, 33.0, 33.0, 33.0, 33.0, 33.0, 33.0, 33.0, 33.0, 33.0, 33.0, 33.0, 33.0, 33.0, 33.0, 33.0, 33.0, 33.0, 33.0, 33.0, 33.0, 33.0, 33.0, 33.0, 33.0, 33.0, 33.0, 33.0, 33.0, 33.0, 33.0, 33.0, 33.0, 33.0, 33.0, 33.0, 33.0, 33.0, 33.0, 33.0, 33.0, 33.0, 33.0, 33.0, 33.0, 33.0, 33.0, 33.0, 33.0, 33.0, 33.0, 33.0, 33.0, 33.0, 33.0, 33.0, 33.0, 33.0, 33.0, 33.0, 33.0, 33.0, 33.0, 33.0, 33.0, 33.0, 33.0, 33.0, 33.0, 33.0, 33.0, 33.0, 33.0, 33.0, 33.0, 33.0, 33.0, 33.0, 33.0, 33.0, 33.0, 33.0, 33.0, 33.0, 33.0, 33.0, 33.0, 33.0, 33.0, 33.0, 33.0, 33.0, 33.0, 33.0, 33.0, 33.0, 33.0, 33.0, 33.0, 33.0, 33.0, 33.0, 33.0, 33.0, 33.0, 33.0, 33.0, 33.0, 33.0, 33.0, 33.0, 33.0, 33.0, 33.0, 33.0, 33.0, 33.0, 33.0, 33.0, 33.0, 33.0, 33.0, 33.0, 33.0, 33.0, 33.0]",COMPLETE
