,number,value,datetime_start,datetime_complete,duration,params_batch_size_scaler,params_constant_learning_rate,params_depth,params_epochs,params_kernel_l2,params_num_trees,params_temperature,user_attrs_accuracy_test,user_attrs_accuracy_valid,user_attrs_approximate_feature_sparsity,user_attrs_approximate_feature_sparsity_history,user_attrs_approximate_weight_sparsity,user_attrs_approximate_weight_sparsity_history,user_attrs_auc_test,user_attrs_auc_valid,user_attrs_feature_sparsity,user_attrs_feature_sparsity_history,user_attrs_num_epochs,user_attrs_val_loss_history,user_attrs_weight_sparsity,user_attrs_weight_sparsity_history,state
105,105,0.5,2024-08-31 05:28:01.843611,2024-08-31 05:31:02.581564,0 days 00:03:00.737953,4,4.0857761639915875,4,370,0.005758602845431975,71,0.006330920585777317,0.859,0.85875,0,"[0, 0, 0, 0, 0, 0, 0, 0, 0, 0, 0, 0, 0, 0, 0, 0, 0, 0, 0, 0, 0, 0, 0, 0, 0, 0, 0, 0, 0, 0, 0, 0, 0, 0, 0, 0, 0, 0, 0, 0, 0, 0, 0, 0, 0, 0, 0, 0, 0, 0, 0, 0, 0, 0, 0, 0, 0, 0, 0, 0, 0, 0, 0, 0, 0, 0, 0, 0, 0, 0, 0, 0, 0, 0, 0, 0, 0, 0, 0, 0, 0, 0, 0, 0, 0, 0, 0, 0, 0, 0, 0, 0, 0, 0, 0, 0, 0, 0, 0, 0, 0, 0, 0, 0, 0, 0, 0, 0, 0, 0, 0, 0, 0, 0, 0, 0, 0, 0, 0, 0, 0, 0, 0, 0, 0, 0, 0, 0, 0, 0, 0, 0, 0, 0, 0, 0, 0, 0, 0, 0, 0, 0, 0, 0, 0, 0, 0, 0, 0, 0, 0, 0, 0, 0, 0, 0, 0, 0, 0, 0, 0, 0, 0, 0, 0, 0, 0, 0, 0, 0, 0, 0, 0, 0, 0, 0, 0, 0, 0, 0, 0, 0, 0, 0, 0, 0, 0, 0, 0, 0, 0, 0, 0, 0, 0, 0, 0, 0, 0, 0, 0, 0, 0, 0, 0, 0, 0, 0, 0, 0, 0, 0, 0, 0, 0, 0, 0, 0, 0, 0, 0, 0, 0, 0, 0, 0, 0, 0, 0, 0, 0, 0, 0, 0, 0, 0, 0, 0, 0, 0, 0, 0, 0, 0, 0, 0, 0, 0, 0, 0, 0, 0, 0, 0, 0, 0, 0, 0, 0, 0, 0, 0, 0, 0, 0, 0, 0, 0, 0, 0, 0, 0, 0, 0, 0, 0, 0, 0, 0, 0, 0, 0, 0, 0, 0, 0, 0, 0, 0, 0, 0, 0, 0, 0, 0, 0, 0, 0, 0, 0, 0, 0, 0, 0, 0, 0, 0, 0, 0, 0, 0, 0, 0, 0, 0, 0, 0, 0, 0, 0, 0, 0, 0, 0, 0, 0, 0, 0, 0, 0, 0, 0, 0, 0, 0, 0, 0, 0, 0, 0, 0, 0, 0, 0, 0, 0, 0, 0, 0, 0, 0, 0, 0, 0, 0, 0, 0, 0, 0, 0, 0, 0, 0, 0, 0, 0, 0, 0, 0, 0]",0.0,"[0.0, 0.0, 0.0, 0.0, 0.0, 0.0, 0.0, 0.0, 0.0, 0.0, 0.0, 0.0, 0.0, 0.0, 0.0, 0.0, 0.0, 0.0, 0.0, 0.0, 0.0, 0.0, 0.0, 0.0, 0.0, 0.0, 0.0, 0.0, 0.0, 0.0, 0.0, 0.0, 0.0, 0.0, 0.0, 0.0, 0.0, 0.0, 0.0, 0.0, 0.0, 0.0, 0.0, 0.0, 0.0, 0.0, 0.0, 0.0, 0.0, 0.0, 0.0, 0.0, 0.0, 0.0, 0.0, 0.0, 0.0, 0.0, 0.0, 0.0, 0.0, 0.0, 0.0, 0.0, 0.0, 0.0, 0.0, 0.0, 0.0, 0.0, 0.0, 0.0, 0.0, 0.0, 0.0, 0.0, 0.0, 0.0, 0.0, 0.0, 0.0, 0.0, 0.0, 0.0, 0.0, 0.0, 0.0, 0.0, 0.0, 0.0, 0.0, 0.0, 0.0, 0.0, 0.0, 0.0, 0.0, 0.0, 0.0, 0.0, 0.0, 0.0, 0.0, 0.0, 0.0, 0.0, 0.0, 0.0, 0.0, 0.0, 0.0, 0.0, 0.0, 0.0, 0.0, 0.0, 0.0, 0.0, 0.0, 0.0, 0.0, 0.0, 0.0, 0.0, 0.0, 0.0, 0.0, 0.0, 0.0, 0.0, 0.0, 0.0, 0.0, 0.0, 0.0, 0.0, 0.0, 0.0, 0.0, 0.0, 0.0, 0.0, 0.0, 0.0, 0.0, 0.0, 0.0, 0.0, 0.0, 0.0, 0.0, 0.0, 0.0, 0.0, 0.0, 0.0, 0.0, 0.0, 0.0, 0.0, 0.0, 0.0, 0.0, 0.0, 0.0, 0.0, 0.0, 0.0, 0.0, 0.0, 0.0, 0.0, 0.0, 0.0, 0.0, 0.0, 0.0, 0.0, 0.0, 0.0, 0.0, 0.0, 0.0, 0.0, 0.0, 0.0, 0.0, 0.0, 0.0, 0.0, 0.0, 0.0, 0.0, 0.0, 0.0, 0.0, 0.0, 0.0, 0.0, 0.0, 0.0, 0.0, 0.0, 0.0, 0.0, 0.0, 0.0, 0.0, 0.0, 0.0, 0.0, 0.0, 0.0, 0.0, 0.0, 0.0, 0.0, 0.0, 0.0, 0.0, 0.0, 0.0, 0.0, 0.0, 0.0, 0.0, 0.0, 0.0, 0.0, 0.0, 0.0, 0.0, 0.0, 0.0, 0.0, 0.0, 0.0, 0.0, 0.0, 0.0, 0.0, 0.0, 0.0, 0.0, 0.0, 0.0, 0.0, 0.0, 0.0, 0.0, 0.0, 0.0, 0.0, 0.0, 0.0, 0.0, 0.0, 0.0, 0.0, 0.0, 0.0, 0.0, 0.0, 0.0, 0.0, 0.0, 0.0, 0.0, 0.0, 0.0, 0.0, 0.0, 0.0, 0.0, 0.0, 0.0, 0.0, 0.0, 0.0, 0.0, 0.0, 0.0, 0.0, 0.0, 0.0, 0.0, 0.0, 0.0, 0.0, 0.0, 0.0, 0.0, 0.0, 0.0, 0.0, 0.0, 0.0, 0.0, 0.0, 0.0, 0.0, 0.0, 0.0, 0.0, 0.0, 0.0, 0.0, 0.0, 0.0, 0.0, 0.0, 0.0, 0.0, 0.0, 0.0, 0.0, 0.0, 0.0, 0.0, 0.0, 0.0, 0.0, 0.0, 0.0, 0.0, 0.0, 0.0, 0.0, 0.0, 0.0, 0.0, 0.0, 0.0, 0.0, 0.0, 0.0, 0.0, 0.0, 0.0, 0.0, 0.0, 0.0, 0.0, 0.0, 0.0, 0.0, 0.0, 0.0, 0.0, 0.0, 0.0, 0.0, 0.0, 0.0, 0.0, 0.0, 0.0, 0.0, 0.0, 0.0, 0.0, 0.0, 0.0, 0.0, 0.0, 0.0, 0.0, 0.0, 0.0, 0.0]",0.5,0.5,0,"[0, 0, 0, 0, 0, 0, 0, 0, 0, 0, 0, 0, 0, 0, 0, 0, 0, 0, 0, 0, 0, 0, 0, 0, 0, 0, 0, 0, 0, 0, 0, 0, 0, 0, 0, 0, 0, 0, 0, 0, 0, 0, 0, 0, 0, 0, 0, 0, 0, 0, 0, 0, 0, 0, 0, 0, 0, 0, 0, 0, 0, 0, 0, 0, 0, 0, 0, 0, 0, 0, 0, 0, 0, 0, 0, 0, 0, 0, 0, 0, 0, 0, 0, 0, 0, 0, 0, 0, 0, 0, 0, 0, 0, 0, 0, 0, 0, 0, 0, 0, 0, 0, 0, 0, 0, 0, 0, 0, 0, 0, 0, 0, 0, 0, 0, 0, 0, 0, 0, 0, 0, 0, 0, 0, 0, 0, 0, 0, 0, 0, 0, 0, 0, 0, 0, 0, 0, 0, 0, 0, 0, 0, 0, 0, 0, 0, 0, 0, 0, 0, 0, 0, 0, 0, 0, 0, 0, 0, 0, 0, 0, 0, 0, 0, 0, 0, 0, 0, 0, 0, 0, 0, 0, 0, 0, 0, 0, 0, 0, 0, 0, 0, 0, 0, 0, 0, 0, 0, 0, 0, 0, 0, 0, 0, 0, 0, 0, 0, 0, 0, 0, 0, 0, 0, 0, 0, 0, 0, 0, 0, 0, 0, 0, 0, 0, 0, 0, 0, 0, 0, 0, 0, 0, 0, 0, 0, 0, 0, 0, 0, 0, 0, 0, 0, 0, 0, 0, 0, 0, 0, 0, 0, 0, 0, 0, 0, 0, 0, 0, 0, 0, 0, 0, 0, 0, 0, 0, 0, 0, 0, 0, 0, 0, 0, 0, 0, 0, 0, 0, 0, 0, 0, 0, 0, 0, 0, 0, 0, 0, 0, 0, 0, 0, 0, 0, 0, 0, 0, 0, 0, 0, 0, 0, 0, 0, 0, 0, 0, 0, 0, 0, 0, 0, 0, 0, 0, 0, 0, 0, 0, 0, 0, 0, 0, 0, 0, 0, 0, 0, 0, 0, 0, 0, 0, 0, 0, 0, 0, 0, 0, 0, 0, 0, 0, 0, 0, 0, 0, 0, 0, 0, 0, 0, 0, 0, 0, 0, 0, 0, 0, 0, 0, 0, 0, 0, 0, 0, 0, 0, 0, 0, 0, 0, 0, 0, 0, 0, 0, 0, 0]",370,"[0.4827064275741577, 1.996970534324646, 1.784716010093689, 2.7163846492767334, 1.24191415309906, 1.155450701713562, 1.7462992668151855, 0.4406285583972931, 0.5289731025695801, 1.0449577569961548, 2.684157609939575, 2.8697328567504883, 3.864920139312744, 1.8444002866744995, 0.8295422196388245, 2.3340699672698975, 1.8923932313919067, 0.42818358540534973, 1.9958126544952393, 0.6561489105224609, 0.4083520770072937, 1.0828546285629272, 3.2050387859344482, 0.7079126834869385, 1.1657124757766724, 2.4109725952148438, 0.4346712827682495, 1.7315937280654907, 0.5173069834709167, 2.2107460498809814, 0.4752112627029419, 0.45748475193977356, 3.102309465408325, 2.2269132137298584, 0.801512598991394, 1.102455735206604, 2.0904297828674316, 1.2037091255187988, 1.2657787799835205, 0.5594565272331238, 0.4481584429740906, 0.4308147430419922, 2.0587611198425293, 2.1346242427825928, 1.051339864730835, 1.021142840385437, 0.5039389729499817, 0.4145703911781311, 0.8409587740898132, 3.423781394958496, 3.834575891494751, 0.48439860343933105, 1.508330225944519, 3.3870792388916016, 0.9814707040786743, 0.5664413571357727, 0.6721204519271851, 3.256140947341919, 1.645444393157959, 0.48903176188468933, 0.5753474831581116, 0.5195991396903992, 1.5227924585342407, 0.4114231467247009, 0.5913287401199341, 1.70920729637146, 0.7955583333969116, 0.4482487738132477, 3.1412062644958496, 0.6495873928070068, 3.504059076309204, 0.8971003890037537, 2.1927330493927, 0.4253794550895691, 1.6040138006210327, 3.7377331256866455, 1.2703447341918945, 1.863081932067871, 1.336036205291748, 0.7994287610054016, 1.050840973854065, 0.5793030858039856, 0.45661312341690063, 1.8677618503570557, 0.43161994218826294, 0.7695884108543396, 0.48146671056747437, 1.0035810470581055, 1.9913181066513062, 3.621706485748291, 1.7929219007492065, 1.869091510772705, 0.4144243001937866, 1.2531323432922363, 2.3572003841400146, 1.4306241273880005, 1.2233233451843262, 3.150026798248291, 0.40730389952659607, 0.691056489944458, 1.5537402629852295, 2.725677251815796, 0.43496906757354736, 1.4116318225860596, 1.5090014934539795, 0.6460533738136292, 0.6177463531494141, 2.1511123180389404, 0.41654640436172485, 0.7529157400131226, 0.539706289768219, 1.3484673500061035, 3.274282932281494, 0.9321120977401733, 3.5506646633148193, 2.902279853820801, 3.179877996444702, 1.842179536819458, 0.728786289691925, 1.1278458833694458, 3.0068771839141846, 1.2086342573165894, 0.41823941469192505, 0.7135868668556213, 1.0157667398452759, 0.5652068853378296, 1.5659701824188232, 0.4472578167915344, 0.423247754573822, 1.3403887748718262, 0.6486473679542542, 0.7081262469291687, 3.5678415298461914, 0.6936787366867065, 1.5060862302780151, 0.7900651693344116, 2.646254062652588, 1.0905650854110718, 0.43495628237724304, 3.7345519065856934, 3.9976203441619873, 1.8015203475952148, 1.4936578273773193, 2.227066993713379, 1.1894229650497437, 1.3463220596313477, 0.780254065990448, 0.4905262887477875, 2.1722211837768555, 1.7415831089019775, 1.2969369888305664, 0.4603421688079834, 1.3184269666671753, 0.776594877243042, 0.4202810525894165, 0.9117897152900696, 1.420703411102295, 2.3099777698516846, 0.5286765098571777, 0.4308956265449524, 1.5299208164215088, 3.2214667797088623, 1.918105125427246, 0.7502443194389343, 0.4076574742794037, 0.4588885009288788, 0.8448501825332642, 1.0947078466415405, 0.8756772875785828, 2.6535491943359375, 2.615933418273926, 0.6263105273246765, 2.874882698059082, 1.0159987211227417, 3.328108549118042, 0.41812923550605774, 0.48871317505836487, 0.6814152002334595, 0.4259713888168335, 0.49331676959991455, 1.1355949640274048, 0.40983521938323975, 1.1992360353469849, 2.283698320388794, 2.9567160606384277, 1.390519618988037, 1.4669381380081177, 1.6945087909698486, 2.5755321979522705, 1.6165452003479004, 2.3697891235351562, 0.4105004370212555, 0.841389536857605, 0.5398706793785095, 2.152871608734131, 3.575122356414795, 1.996881127357483, 1.566097617149353, 0.45187702775001526, 1.704047679901123, 1.2954858541488647, 1.5550304651260376, 1.5116379261016846, 0.49619439244270325, 1.8739840984344482, 1.7478123903274536, 0.8724063634872437, 0.41631028056144714, 0.7038953900337219, 1.021419882774353, 0.5151640176773071, 2.142838478088379, 0.6043155789375305, 0.5800181031227112, 0.4827606976032257, 0.5837035179138184, 0.7747949957847595, 2.3550543785095215, 1.2316193580627441, 0.4253431260585785, 1.4776840209960938, 0.5578210949897766, 2.481505870819092, 1.5319470167160034, 0.6181533932685852, 1.8304694890975952, 0.6054989099502563, 1.9665794372558594, 3.3907506465911865, 1.1275465488433838, 0.7883930802345276, 0.5724897384643555, 3.7571916580200195, 3.0133936405181885, 2.7346608638763428, 0.5225169658660889, 2.243549346923828, 0.845633864402771, 0.9469652771949768, 1.1144301891326904, 0.4224313497543335, 0.9811123013496399, 3.191397190093994, 1.7394787073135376, 0.9568189978599548, 0.47299981117248535, 0.4073006510734558, 1.5459727048873901, 0.49007946252822876, 0.7350755333900452, 1.2904689311981201, 0.8149838447570801, 2.2920920848846436, 3.403397798538208, 0.4092806875705719, 2.471909523010254, 2.4666318893432617, 0.46734580397605896, 0.9888305068016052, 0.7922676205635071, 2.4176104068756104, 0.6861147880554199, 1.5360008478164673, 2.6260221004486084, 3.9909863471984863, 2.2063214778900146, 1.5748454332351685, 0.921345591545105, 0.40925273299217224, 0.9146989583969116, 1.2012041807174683, 0.9715973734855652, 3.2964258193969727, 1.348461627960205, 1.0787980556488037, 0.4115017354488373, 2.0593888759613037, 1.456194281578064, 1.5148420333862305, 0.7454188466072083, 1.6190972328186035, 1.205787181854248, 0.4097716212272644, 0.4497818052768707, 1.1251963376998901, 0.7200979590415955, 0.4779254198074341, 2.767504930496216, 2.751803398132324, 1.4927996397018433, 3.1069140434265137, 1.906500220298767, 0.7630766034126282, 1.2989612817764282, 1.0550609827041626, 0.8212324380874634, 0.4133205711841583, 0.5170509815216064, 0.559029757976532, 2.7844631671905518, 1.0454621315002441, 3.2541463375091553, 3.190215826034546, 1.195659875869751, 1.1363685131072998, 2.417371988296509, 2.1070244312286377, 0.4629794657230377, 0.8546763062477112, 3.3732216358184814, 0.46000945568084717, 2.625197410583496, 1.395865797996521, 1.4626662731170654, 1.5934771299362183, 0.8085258603096008, 0.8904634118080139, 0.4157019555568695, 3.8365044593811035, 1.7271560430526733, 3.3046483993530273, 0.927259624004364, 0.5958130359649658, 0.7433398365974426, 1.4808508157730103, 1.8580535650253296, 2.0708305835723877, 0.46279701590538025, 0.7438240647315979, 1.7755361795425415, 0.6837220191955566, 0.4700731337070465, 1.24245285987854, 2.8534982204437256, 0.7249985337257385, 1.9205806255340576, 0.42743930220603943, 1.6038535833358765, 0.48947152495384216, 1.1703723669052124, 1.0179749727249146, 2.011645555496216, 2.0761430263519287, 1.6064202785491943, 1.79584538936615, 0.6293055415153503, 1.3244123458862305, 0.992281436920166, 3.5100057125091553, 1.817696213722229, 0.8627572655677795, 3.8569746017456055, 1.2727947235107422, 1.1824989318847656, 1.9573458433151245, 1.6563308238983154, 1.0664725303649902, 0.41078129410743713, 3.355088710784912, 0.4202735126018524, 2.0620274543762207, 1.0607631206512451, 3.3523190021514893, 0.41073623299598694, 1.1843109130859375, 3.5126049518585205, 0.9700173735618591, 1.4971351623535156, 0.43404650688171387, 0.6427313089370728]",0.0,"[0.0, 0.0, 0.0, 0.0, 0.0, 0.0, 0.0, 0.0, 0.0, 0.0, 0.0, 0.0, 0.0, 0.0, 0.0, 0.0, 0.0, 0.0, 0.0, 0.0, 0.0, 0.0, 0.0, 0.0, 0.0, 0.0, 0.0, 0.0, 0.0, 0.0, 0.0, 0.0, 0.0, 0.0, 0.0, 0.0, 0.0, 0.0, 0.0, 0.0, 0.0, 0.0, 0.0, 0.0, 0.0, 0.0, 0.0, 0.0, 0.0, 0.0, 0.0, 0.0, 0.0, 0.0, 0.0, 0.0, 0.0, 0.0, 0.0, 0.0, 0.0, 0.0, 0.0, 0.0, 0.0, 0.0, 0.0, 0.0, 0.0, 0.0, 0.0, 0.0, 0.0, 0.0, 0.0, 0.0, 0.0, 0.0, 0.0, 0.0, 0.0, 0.0, 0.0, 0.0, 0.0, 0.0, 0.0, 0.0, 0.0, 0.0, 0.0, 0.0, 0.0, 0.0, 0.0, 0.0, 0.0, 0.0, 0.0, 0.0, 0.0, 0.0, 0.0, 0.0, 0.0, 0.0, 0.0, 0.0, 0.0, 0.0, 0.0, 0.0, 0.0, 0.0, 0.0, 0.0, 0.0, 0.0, 0.0, 0.0, 0.0, 0.0, 0.0, 0.0, 0.0, 0.0, 0.0, 0.0, 0.0, 0.0, 0.0, 0.0, 0.0, 0.0, 0.0, 0.0, 0.0, 0.0, 0.0, 0.0, 0.0, 0.0, 0.0, 0.0, 0.0, 0.0, 0.0, 0.0, 0.0, 0.0, 0.0, 0.0, 0.0, 0.0, 0.0, 0.0, 0.0, 0.0, 0.0, 0.0, 0.0, 0.0, 0.0, 0.0, 0.0, 0.0, 0.0, 0.0, 0.0, 0.0, 0.0, 0.0, 0.0, 0.0, 0.0, 0.0, 0.0, 0.0, 0.0, 0.0, 0.0, 0.0, 0.0, 0.0, 0.0, 0.0, 0.0, 0.0, 0.0, 0.0, 0.0, 0.0, 0.0, 0.0, 0.0, 0.0, 0.0, 0.0, 0.0, 0.0, 0.0, 0.0, 0.0, 0.0, 0.0, 0.0, 0.0, 0.0, 0.0, 0.0, 0.0, 0.0, 0.0, 0.0, 0.0, 0.0, 0.0, 0.0, 0.0, 0.0, 0.0, 0.0, 0.0, 0.0, 0.0, 0.0, 0.0, 0.0, 0.0, 0.0, 0.0, 0.0, 0.0, 0.0, 0.0, 0.0, 0.0, 0.0, 0.0, 0.0, 0.0, 0.0, 0.0, 0.0, 0.0, 0.0, 0.0, 0.0, 0.0, 0.0, 0.0, 0.0, 0.0, 0.0, 0.0, 0.0, 0.0, 0.0, 0.0, 0.0, 0.0, 0.0, 0.0, 0.0, 0.0, 0.0, 0.0, 0.0, 0.0, 0.0, 0.0, 0.0, 0.0, 0.0, 0.0, 0.0, 0.0, 0.0, 0.0, 0.0, 0.0, 0.0, 0.0, 0.0, 0.0, 0.0, 0.0, 0.0, 0.0, 0.0, 0.0, 0.0, 0.0, 0.0, 0.0, 0.0, 0.0, 0.0, 0.0, 0.0, 0.0, 0.0, 0.0, 0.0, 0.0, 0.0, 0.0, 0.0, 0.0, 0.0, 0.0, 0.0, 0.0, 0.0, 0.0, 0.0, 0.0, 0.0, 0.0, 0.0, 0.0, 0.0, 0.0, 0.0, 0.0, 0.0, 0.0, 0.0, 0.0, 0.0, 0.0, 0.0, 0.0, 0.0, 0.0, 0.0, 0.0, 0.0, 0.0, 0.0, 0.0, 0.0, 0.0, 0.0, 0.0, 0.0, 0.0, 0.0, 0.0, 0.0, 0.0, 0.0, 0.0, 0.0, 0.0, 0.0, 0.0, 0.0, 0.0, 0.0, 0.0, 0.0, 0.0, 0.0, 0.0, 0.0, 0.0, 0.0, 0.0, 0.0]",COMPLETE
106,106,0.5,2024-08-31 05:31:04.890185,2024-08-31 05:31:20.229861,0 days 00:00:15.339676,64,0.7162054277538791,2,150,0.41500993620929993,54,0.0018407626959989368,0.859,0.85875,0,"[33, 33, 33, 33, 33, 33, 33, 33, 33, 33, 33, 33, 33, 33, 33, 33, 33, 33, 33, 33, 33, 33, 33, 33, 31, 25, 17, 12, 10, 8, 5, 5, 5, 5, 3, 3, 3, 3, 3, 1, 1, 1, 1, 1, 1, 1, 1, 1, 1, 1, 1, 1, 1, 1, 1, 1, 1, 0, 0, 0, 0, 0, 0, 0, 0, 0, 0, 0, 0, 0, 0, 0, 0, 0, 0, 0, 0, 0, 0, 0, 0, 0, 0, 0, 0, 0, 0, 0, 0, 0, 0, 0, 0, 0, 0, 0, 0, 0, 0, 0, 0, 0, 0, 0, 0, 0, 0, 0, 0, 0, 0, 0, 0, 0, 0, 0, 0, 0, 0, 0, 0, 0, 0, 0, 0, 0, 0, 0, 0, 0, 0, 0, 0, 0, 0, 0, 0, 0, 0, 0, 0, 0, 0, 0, 0, 0, 0, 0, 0, 0]",0.0,"[32.98148148148148, 32.97530864197531, 32.97530864197531, 32.98148148148148, 32.96913580246913, 32.96296296296296, 32.97530864197531, 32.98765432098766, 32.96913580246914, 32.96913580246914, 32.96913580246914, 32.98765432098766, 32.98765432098766, 32.97530864197531, 32.96913580246914, 32.95679012345679, 32.96296296296296, 32.98148148148148, 32.95679012345679, 32.97530864197531, 32.95061728395062, 32.98148148148148, 32.96913580246914, 32.99382716049383, 30.95679012345679, 24.98148148148148, 17.0, 11.987654320987655, 9.993827160493828, 7.993827160493828, 5.0, 5.0, 5.0, 5.0, 3.0, 3.0, 2.993827160493827, 3.0, 3.0, 1.0, 1.0, 1.0, 1.0, 1.0, 1.0, 1.0, 1.0, 1.0, 1.0, 1.0, 1.0, 1.0, 1.0, 1.0, 1.0, 1.0, 1.0, 0.0, 0.0, 0.0, 0.0, 0.0, 0.0, 0.0, 0.0, 0.0, 0.0, 0.0, 0.0, 0.0, 0.0, 0.0, 0.0, 0.0, 0.0, 0.0, 0.0, 0.0, 0.0, 0.0, 0.0, 0.0, 0.0, 0.0, 0.0, 0.0, 0.0, 0.0, 0.0, 0.0, 0.0, 0.0, 0.0, 0.0, 0.0, 0.0, 0.0, 0.0, 0.0, 0.0, 0.0, 0.0, 0.0, 0.0, 0.0, 0.0, 0.0, 0.0, 0.0, 0.0, 0.0, 0.0, 0.0, 0.0, 0.0, 0.0, 0.0, 0.0, 0.0, 0.0, 0.0, 0.0, 0.0, 0.0, 0.0, 0.0, 0.0, 0.0, 0.0, 0.0, 0.0, 0.0, 0.0, 0.0, 0.0, 0.0, 0.0, 0.0, 0.0, 0.0, 0.0, 0.0, 0.0, 0.0, 0.0, 0.0, 0.0, 0.0, 0.0, 0.0]",0.5,0.5,0,"[33, 33, 33, 33, 33, 33, 33, 33, 33, 33, 33, 33, 33, 33, 33, 33, 33, 33, 33, 33, 33, 33, 33, 33, 31, 25, 17, 12, 10, 8, 5, 5, 5, 5, 3, 3, 3, 3, 3, 1, 1, 1, 1, 1, 1, 1, 1, 1, 1, 1, 1, 1, 1, 1, 1, 1, 1, 0, 0, 0, 0, 0, 0, 0, 0, 0, 0, 0, 0, 0, 0, 0, 0, 0, 0, 0, 0, 0, 0, 0, 0, 0, 0, 0, 0, 0, 0, 0, 0, 0, 0, 0, 0, 0, 0, 0, 0, 0, 0, 0, 0, 0, 0, 0, 0, 0, 0, 0, 0, 0, 0, 0, 0, 0, 0, 0, 0, 0, 0, 0, 0, 0, 0, 0, 0, 0, 0, 0, 0, 0, 0, 0, 0, 0, 0, 0, 0, 0, 0, 0, 0, 0, 0, 0, 0, 0, 0, 0, 0, 0]",150,"[0.5405433177947998, 0.5230106115341187, 0.5131875276565552, 0.5281349420547485, 0.7122138738632202, 0.5679205060005188, 0.5031941533088684, 0.4750271737575531, 0.4951053261756897, 0.4641157388687134, 0.45856043696403503, 0.47246506810188293, 0.5702826976776123, 0.448882132768631, 0.49617382884025574, 0.49010002613067627, 0.43501171469688416, 0.4340458810329437, 0.5366594791412354, 0.5094271302223206, 0.5971665382385254, 0.4542710781097412, 0.5539872646331787, 0.4953495264053345, 0.4931269586086273, 0.4331965744495392, 0.40184929966926575, 0.368960976600647, 0.37786155939102173, 0.505314290523529, 0.4843316972255707, 0.39236605167388916, 0.3727703094482422, 0.4040873646736145, 0.3839462399482727, 0.41503629088401794, 0.39979714155197144, 0.384199321269989, 0.381168007850647, 0.7156313061714172, 0.415970116853714, 0.43133899569511414, 0.3997744023799896, 0.39915066957473755, 0.5766538381576538, 0.4958796799182892, 0.4231797754764557, 0.5059202909469604, 0.41143977642059326, 0.5001043081283569, 0.4007326364517212, 0.5623264908790588, 0.44688698649406433, 0.4410504400730133, 0.4388388693332672, 0.4312376379966736, 0.4078661799430847, 0.4250258207321167, 0.45442870259284973, 0.4397546350955963, 0.46630895137786865, 0.4308389723300934, 0.4199906289577484, 0.42706671357154846, 0.45541873574256897, 0.515652596950531, 0.5570151805877686, 0.40729328989982605, 0.40743470191955566, 0.40805572271347046, 0.4325629472732544, 0.41841238737106323, 0.4534156918525696, 0.40724098682403564, 0.40744340419769287, 0.4144991338253021, 0.41467490792274475, 0.6460920572280884, 0.4726477861404419, 0.5766720771789551, 0.44185158610343933, 0.4094235301017761, 0.40984877943992615, 0.41606053709983826, 0.43953314423561096, 0.4254501461982727, 0.40820664167404175, 0.5022739768028259, 0.47264564037323, 0.6877861618995667, 0.4240055978298187, 0.4803370535373688, 0.42931053042411804, 0.4147484600543976, 0.4475461542606354, 0.6552164554595947, 0.4939020574092865, 0.4102340042591095, 0.5270543098449707, 0.4144401550292969, 0.409999817609787, 0.42536285519599915, 0.44138020277023315, 0.4705168902873993, 0.43668022751808167, 0.4509791433811188, 0.41919976472854614, 0.4282422959804535, 0.415521502494812, 0.45587512850761414, 0.45449498295783997, 0.4093254804611206, 0.5348490476608276, 0.4072304666042328, 0.42375344038009644, 0.47641345858573914, 0.4165653586387634, 0.4072957932949066, 0.4074462652206421, 0.44268181920051575, 0.4100864827632904, 0.5289578437805176, 0.4076637029647827, 0.41451695561408997, 0.4489533305168152, 0.41859349608421326, 0.4191320836544037, 0.47339585423469543, 0.5535160303115845, 0.43321532011032104, 0.4871576726436615, 0.47107651829719543, 0.42101019620895386, 0.5038055181503296, 0.4236997663974762, 0.4601327180862427, 0.43023741245269775, 0.5281828045845032, 0.408672571182251, 0.671856701374054, 0.4706001281738281, 0.45791375637054443, 0.4456573724746704, 0.44713112711906433, 0.4139679968357086, 0.40965309739112854, 0.4177018702030182, 0.42410528659820557, 0.4665452241897583, 0.47070908546447754]",0.0,"[33.0, 33.0, 33.0, 33.0, 33.0, 33.0, 33.0, 33.0, 33.0, 33.0, 33.0, 33.0, 33.0, 33.0, 33.0, 33.0, 33.0, 33.0, 33.0, 33.0, 33.0, 33.0, 33.0, 33.0, 31.0, 25.0, 17.0, 12.0, 10.0, 8.0, 5.0, 5.0, 5.0, 5.0, 3.0, 3.0, 3.0, 3.0, 3.0, 1.0, 1.0, 1.0, 1.0, 1.0, 1.0, 1.0, 1.0, 1.0, 1.0, 1.0, 1.0, 1.0, 1.0, 1.0, 1.0, 1.0, 1.0, 0.0, 0.0, 0.0, 0.0, 0.0, 0.0, 0.0, 0.0, 0.0, 0.0, 0.0, 0.0, 0.0, 0.0, 0.0, 0.0, 0.0, 0.0, 0.0, 0.0, 0.0, 0.0, 0.0, 0.0, 0.0, 0.0, 0.0, 0.0, 0.0, 0.0, 0.0, 0.0, 0.0, 0.0, 0.0, 0.0, 0.0, 0.0, 0.0, 0.0, 0.0, 0.0, 0.0, 0.0, 0.0, 0.0, 0.0, 0.0, 0.0, 0.0, 0.0, 0.0, 0.0, 0.0, 0.0, 0.0, 0.0, 0.0, 0.0, 0.0, 0.0, 0.0, 0.0, 0.0, 0.0, 0.0, 0.0, 0.0, 0.0, 0.0, 0.0, 0.0, 0.0, 0.0, 0.0, 0.0, 0.0, 0.0, 0.0, 0.0, 0.0, 0.0, 0.0, 0.0, 0.0, 0.0, 0.0, 0.0, 0.0, 0.0, 0.0, 0.0, 0.0]",COMPLETE
