,number,value,datetime_start,datetime_complete,duration,params_batch_size_scaler,params_constant_learning_rate,params_depth,params_epochs,params_kernel_l2,params_num_trees,params_temperature,user_attrs_accuracy_test,user_attrs_accuracy_valid,user_attrs_approximate_feature_sparsity,user_attrs_approximate_feature_sparsity_history,user_attrs_approximate_weight_sparsity,user_attrs_approximate_weight_sparsity_history,user_attrs_auc_test,user_attrs_auc_valid,user_attrs_feature_sparsity,user_attrs_feature_sparsity_history,user_attrs_num_epochs,user_attrs_val_loss_history,user_attrs_weight_sparsity,user_attrs_weight_sparsity_history,state
91,91,0.5,2024-08-31 05:04:15.228339,2024-08-31 05:05:41.915482,0 days 00:01:26.687143,64,4.214127329459849,5,390,0.03051611568033075,46,0.0038512389968794855,0.859,0.85875,0,"[33, 33, 33, 33, 31, 6, 4, 2, 2, 1, 1, 1, 1, 1, 1, 1, 1, 1, 1, 1, 1, 1, 1, 1, 1, 1, 1, 1, 1, 1, 1, 1, 1, 1, 1, 1, 1, 1, 1, 1, 1, 1, 0, 0, 0, 0, 0, 0, 0, 0, 0, 0, 0, 0, 0, 0, 0, 0, 0, 0, 0, 0, 0, 0, 0, 0, 0, 0, 0, 0, 0, 0, 0, 0, 0, 0, 0, 0, 0, 0, 0, 0, 0, 0, 0, 0, 0, 0, 0, 0, 0, 0, 0, 0, 0, 0, 0, 0, 0, 0, 0, 0, 0, 0, 0, 0, 0, 0, 0, 0, 0, 0, 0, 0, 0, 0, 0, 0, 0, 0, 0, 0, 0, 0, 0, 0, 0, 0, 0, 0, 0, 0, 0, 0, 0, 0, 0, 0, 0, 0, 0, 0, 0, 0, 0, 0, 0, 0, 0, 0, 0, 0, 0, 0, 0, 0, 0, 0, 0, 0, 0, 0, 0, 0, 0, 0, 0, 0, 0, 0, 0, 0, 0, 0, 0, 0, 0, 0, 0, 0, 0, 0, 0, 0, 0, 0, 0, 0, 0, 0, 0, 0, 0, 0, 0, 0, 0, 0, 0, 0, 0, 0, 0, 0, 0, 0, 0, 0, 0, 0, 0, 0, 0, 0, 0, 0, 0, 0, 0, 0, 0, 0, 0, 0, 0, 0, 0, 0, 0, 0, 0, 0, 0, 0, 0, 0, 0, 0, 0, 0, 0, 0, 0, 0, 0, 0, 0, 0, 0, 0, 0, 0, 0, 0, 0, 0, 0, 0, 0, 0, 0, 0, 0, 0, 0, 0, 0, 0, 0, 0, 0, 0, 0, 0, 0, 0, 0, 0, 0, 0, 0, 0, 0, 0, 0, 0, 0, 0, 0, 0, 0, 0, 0, 0, 0, 0, 0, 0, 0, 0, 0, 0, 0, 0, 0, 0, 0, 0, 0, 0, 0, 0, 0, 0, 0, 0, 0, 0, 0, 0, 0, 0, 0, 0, 0, 0, 0, 0, 0, 0, 0, 0, 0, 0, 0, 0, 0, 0, 0, 0, 0, 0, 0, 0, 0, 0, 0, 0, 0, 0, 0, 0, 0, 0, 0, 0, 0, 0, 0, 0, 0, 0, 0, 0, 0, 0, 0, 0, 0, 0, 0, 0, 0, 0, 0, 0, 0, 0, 0, 0, 0, 0, 0, 0, 0, 0, 0, 0, 0, 0]",0.0,"[32.964936886395506, 32.9656381486676, 32.95582047685835, 32.950210378681625, 30.950210378681625, 5.9929873772791025, 3.994389901823282, 1.9957924263674613, 1.9964936886395512, 0.9992987377279102, 0.9985974754558204, 0.9992987377279102, 0.9978962131837307, 0.9992987377279102, 0.9992987377279102, 0.9985974754558204, 0.9992987377279102, 0.9992987377279102, 0.9992987377279102, 0.9992987377279102, 0.9978962131837307, 0.9985974754558204, 0.9971949509116409, 0.9985974754558204, 0.9978962131837307, 0.9978962131837307, 0.9992987377279102, 0.9992987377279102, 0.9992987377279102, 0.9985974754558204, 0.9978962131837307, 0.9992987377279102, 0.9985974754558204, 0.9992987377279102, 1.0, 0.9992987377279102, 1.0, 1.0, 0.9992987377279102, 1.0, 0.9992987377279102, 0.9992987377279102, 0.0, 0.0, 0.0, 0.0, 0.0, 0.0, 0.0, 0.0, 0.0, 0.0, 0.0, 0.0, 0.0, 0.0, 0.0, 0.0, 0.0, 0.0, 0.0, 0.0, 0.0, 0.0, 0.0, 0.0, 0.0, 0.0, 0.0, 0.0, 0.0, 0.0, 0.0, 0.0, 0.0, 0.0, 0.0, 0.0, 0.0, 0.0, 0.0, 0.0, 0.0, 0.0, 0.0, 0.0, 0.0, 0.0, 0.0, 0.0, 0.0, 0.0, 0.0, 0.0, 0.0, 0.0, 0.0, 0.0, 0.0, 0.0, 0.0, 0.0, 0.0, 0.0, 0.0, 0.0, 0.0, 0.0, 0.0, 0.0, 0.0, 0.0, 0.0, 0.0, 0.0, 0.0, 0.0, 0.0, 0.0, 0.0, 0.0, 0.0, 0.0, 0.0, 0.0, 0.0, 0.0, 0.0, 0.0, 0.0, 0.0, 0.0, 0.0, 0.0, 0.0, 0.0, 0.0, 0.0, 0.0, 0.0, 0.0, 0.0, 0.0, 0.0, 0.0, 0.0, 0.0, 0.0, 0.0, 0.0, 0.0, 0.0, 0.0, 0.0, 0.0, 0.0, 0.0, 0.0, 0.0, 0.0, 0.0, 0.0, 0.0, 0.0, 0.0, 0.0, 0.0, 0.0, 0.0, 0.0, 0.0, 0.0, 0.0, 0.0, 0.0, 0.0, 0.0, 0.0, 0.0, 0.0, 0.0, 0.0, 0.0, 0.0, 0.0, 0.0, 0.0, 0.0, 0.0, 0.0, 0.0, 0.0, 0.0, 0.0, 0.0, 0.0, 0.0, 0.0, 0.0, 0.0, 0.0, 0.0, 0.0, 0.0, 0.0, 0.0, 0.0, 0.0, 0.0, 0.0, 0.0, 0.0, 0.0, 0.0, 0.0, 0.0, 0.0, 0.0, 0.0, 0.0, 0.0, 0.0, 0.0, 0.0, 0.0, 0.0, 0.0, 0.0, 0.0, 0.0, 0.0, 0.0, 0.0, 0.0, 0.0, 0.0, 0.0, 0.0, 0.0, 0.0, 0.0, 0.0, 0.0, 0.0, 0.0, 0.0, 0.0, 0.0, 0.0, 0.0, 0.0, 0.0, 0.0, 0.0, 0.0, 0.0, 0.0, 0.0, 0.0, 0.0, 0.0, 0.0, 0.0, 0.0, 0.0, 0.0, 0.0, 0.0, 0.0, 0.0, 0.0, 0.0, 0.0, 0.0, 0.0, 0.0, 0.0, 0.0, 0.0, 0.0, 0.0, 0.0, 0.0, 0.0, 0.0, 0.0, 0.0, 0.0, 0.0, 0.0, 0.0, 0.0, 0.0, 0.0, 0.0, 0.0, 0.0, 0.0, 0.0, 0.0, 0.0, 0.0, 0.0, 0.0, 0.0, 0.0, 0.0, 0.0, 0.0, 0.0, 0.0, 0.0, 0.0, 0.0, 0.0, 0.0, 0.0, 0.0, 0.0, 0.0, 0.0, 0.0, 0.0, 0.0, 0.0, 0.0, 0.0, 0.0, 0.0, 0.0, 0.0, 0.0, 0.0, 0.0, 0.0, 0.0, 0.0, 0.0, 0.0, 0.0, 0.0, 0.0, 0.0, 0.0, 0.0, 0.0, 0.0, 0.0, 0.0, 0.0, 0.0, 0.0, 0.0, 0.0, 0.0, 0.0, 0.0, 0.0, 0.0, 0.0, 0.0, 0.0, 0.0, 0.0, 0.0, 0.0, 0.0, 0.0, 0.0, 0.0, 0.0, 0.0, 0.0, 0.0, 0.0, 0.0, 0.0, 0.0, 0.0, 0.0, 0.0, 0.0, 0.0, 0.0, 0.0, 0.0, 0.0, 0.0, 0.0, 0.0]",0.5,0.5,0,"[33, 33, 33, 33, 31, 6, 4, 2, 2, 1, 1, 1, 1, 1, 1, 1, 1, 1, 1, 1, 1, 1, 1, 1, 1, 1, 1, 1, 1, 1, 1, 1, 1, 1, 1, 1, 1, 1, 1, 1, 1, 1, 0, 0, 0, 0, 0, 0, 0, 0, 0, 0, 0, 0, 0, 0, 0, 0, 0, 0, 0, 0, 0, 0, 0, 0, 0, 0, 0, 0, 0, 0, 0, 0, 0, 0, 0, 0, 0, 0, 0, 0, 0, 0, 0, 0, 0, 0, 0, 0, 0, 0, 0, 0, 0, 0, 0, 0, 0, 0, 0, 0, 0, 0, 0, 0, 0, 0, 0, 0, 0, 0, 0, 0, 0, 0, 0, 0, 0, 0, 0, 0, 0, 0, 0, 0, 0, 0, 0, 0, 0, 0, 0, 0, 0, 0, 0, 0, 0, 0, 0, 0, 0, 0, 0, 0, 0, 0, 0, 0, 0, 0, 0, 0, 0, 0, 0, 0, 0, 0, 0, 0, 0, 0, 0, 0, 0, 0, 0, 0, 0, 0, 0, 0, 0, 0, 0, 0, 0, 0, 0, 0, 0, 0, 0, 0, 0, 0, 0, 0, 0, 0, 0, 0, 0, 0, 0, 0, 0, 0, 0, 0, 0, 0, 0, 0, 0, 0, 0, 0, 0, 0, 0, 0, 0, 0, 0, 0, 0, 0, 0, 0, 0, 0, 0, 0, 0, 0, 0, 0, 0, 0, 0, 0, 0, 0, 0, 0, 0, 0, 0, 0, 0, 0, 0, 0, 0, 0, 0, 0, 0, 0, 0, 0, 0, 0, 0, 0, 0, 0, 0, 0, 0, 0, 0, 0, 0, 0, 0, 0, 0, 0, 0, 0, 0, 0, 0, 0, 0, 0, 0, 0, 0, 0, 0, 0, 0, 0, 0, 0, 0, 0, 0, 0, 0, 0, 0, 0, 0, 0, 0, 0, 0, 0, 0, 0, 0, 0, 0, 0, 0, 0, 0, 0, 0, 0, 0, 0, 0, 0, 0, 0, 0, 0, 0, 0, 0, 0, 0, 0, 0, 0, 0, 0, 0, 0, 0, 0, 0, 0, 0, 0, 0, 0, 0, 0, 0, 0, 0, 0, 0, 0, 0, 0, 0, 0, 0, 0, 0, 0, 0, 0, 0, 0, 0, 0, 0, 0, 0, 0, 0, 0, 0, 0, 0, 0, 0, 0, 0, 0, 0, 0, 0, 0, 0, 0, 0, 0, 0, 0]",390,"[0.4157918691635132, 0.3842533826828003, 0.38629651069641113, 0.37502652406692505, 0.3660117983818054, 0.3915629982948303, 0.3737781047821045, 0.4000250995159149, 0.415302574634552, 0.3950977623462677, 0.4052739441394806, 0.42939189076423645, 0.3912326693534851, 0.3934997618198395, 0.39081427454948425, 0.3958045244216919, 0.38710394501686096, 0.3914717733860016, 0.4136981666088104, 0.3964277505874634, 0.3847804367542267, 0.39108821749687195, 0.39440152049064636, 0.3871017098426819, 0.4195875823497772, 0.38513678312301636, 0.3836086392402649, 0.38357579708099365, 0.41794270277023315, 0.3868096172809601, 0.3837127387523651, 0.4066198468208313, 0.3972782492637634, 0.3834921717643738, 0.39303380250930786, 0.425242155790329, 0.38734230399131775, 0.38271015882492065, 0.3918958008289337, 0.38270026445388794, 0.38906991481781006, 0.39221638441085815, 0.4073622226715088, 0.41802382469177246, 0.41432303190231323, 0.42315474152565, 0.40785881876945496, 0.4122408330440521, 0.4148513078689575, 0.40851283073425293, 0.4075767993927002, 0.4072379171848297, 0.40754440426826477, 0.4101172685623169, 0.42913833260536194, 0.41843754053115845, 0.41278931498527527, 0.40724343061447144, 0.40744704008102417, 0.4326236844062805, 0.40728142857551575, 0.4175255596637726, 0.41782692074775696, 0.4408454895019531, 0.4169812798500061, 0.421127051115036, 0.4735068380832672, 0.4078160226345062, 0.4484506845474243, 0.4195033311843872, 0.41256293654441833, 0.448550820350647, 0.4146755635738373, 0.40736836194992065, 0.4102191925048828, 0.4305686056613922, 0.4331757724285126, 0.4166114032268524, 0.4120030999183655, 0.5149056315422058, 0.43955448269844055, 0.4151771664619446, 0.4078870415687561, 0.4123584032058716, 0.41704419255256653, 0.4087841808795929, 0.42190104722976685, 0.4076867699623108, 0.41809242963790894, 0.5153021812438965, 0.4152942895889282, 0.4134329557418823, 0.4162946343421936, 0.42850884795188904, 0.4127563238143921, 0.41711893677711487, 0.41043776273727417, 0.41671493649482727, 0.40953290462493896, 0.4211817979812622, 0.41349852085113525, 0.4146597981452942, 0.4091876745223999, 0.40733543038368225, 0.4126082956790924, 0.4169992506504059, 0.4075514078140259, 0.43016690015792847, 0.40781480073928833, 0.40860772132873535, 0.4163905084133148, 0.4218795895576477, 0.4517555236816406, 0.4081783592700958, 0.4908509850502014, 0.40802201628685, 0.4115775227546692, 0.4115653932094574, 0.4072268605232239, 0.41747578978538513, 0.4198973774909973, 0.4094989001750946, 0.4079154133796692, 0.4243513345718384, 0.409915566444397, 0.40982434153556824, 0.4088976979255676, 0.4165811538696289, 0.41761574149131775, 0.42077845335006714, 0.4125805199146271, 0.41684943437576294, 0.43396636843681335, 0.4073599874973297, 0.4241539239883423, 0.4284493923187256, 0.40903815627098083, 0.40829741954803467, 0.40792524814605713, 0.4169370234012604, 0.4212273359298706, 0.4072645604610443, 0.4114900529384613, 0.4290047883987427, 0.40742027759552, 0.44057029485702515, 0.4167226552963257, 0.4345499873161316, 0.40734344720840454, 0.4072352647781372, 0.41368719935417175, 0.4118102192878723, 0.44151535630226135, 0.4395347535610199, 0.4113333821296692, 0.413399338722229, 0.4150655269622803, 0.4088623821735382, 0.43824586272239685, 0.4083244204521179, 0.440283864736557, 0.4109423756599426, 0.4508824944496155, 0.4091598391532898, 0.4072575271129608, 0.4072507917881012, 0.40725311636924744, 0.4072897434234619, 0.41206565499305725, 0.4224303364753723, 0.4134187400341034, 0.4101392328739166, 0.40782487392425537, 0.4142923653125763, 0.41075384616851807, 0.4097703695297241, 0.40891745686531067, 0.4080643951892853, 0.41979140043258667, 0.40723368525505066, 0.4238048493862152, 0.4124622642993927, 0.4072495400905609, 0.40866249799728394, 0.41283127665519714, 0.40896716713905334, 0.41016268730163574, 0.40743374824523926, 0.44910338521003723, 0.4082714021205902, 0.4103376865386963, 0.4200570285320282, 0.419228732585907, 0.4072263240814209, 0.4193865954875946, 0.4078630805015564, 0.43045124411582947, 0.41217172145843506, 0.4414236545562744, 0.40905600786209106, 0.4115977883338928, 0.4096084237098694, 0.41287022829055786, 0.4217093586921692, 0.4077259302139282, 0.41323238611221313, 0.4072440266609192, 0.41217777132987976, 0.4118189215660095, 0.41229918599128723, 0.4096137285232544, 0.4090791344642639, 0.41314518451690674, 0.40871936082839966, 0.41708725690841675, 0.428496390581131, 0.4081219434738159, 0.4092746078968048, 0.41507670283317566, 0.41376274824142456, 0.4187673330307007, 0.4080570340156555, 0.43357327580451965, 0.4244705140590668, 0.4081258475780487, 0.4098179340362549, 0.4330201745033264, 0.40772107243537903, 0.4151586890220642, 0.4079902172088623, 0.41846969723701477, 0.4101066589355469, 0.40725722908973694, 0.41104066371917725, 0.41161882877349854, 0.40812018513679504, 0.4073173403739929, 0.40757954120635986, 0.41275689005851746, 0.4072471261024475, 0.4275626242160797, 0.4092690944671631, 0.4205980598926544, 0.41014260053634644, 0.4315481185913086, 0.4509120285511017, 0.40905800461769104, 0.438568115234375, 0.4193652272224426, 0.42766281962394714, 0.4184392988681793, 0.4140118658542633, 0.4564693868160248, 0.42427194118499756, 0.4076889157295227, 0.40725311636924744, 0.40777474641799927, 0.4174354672431946, 0.40761807560920715, 0.4165892004966736, 0.42815613746643066, 0.41762664914131165, 0.4144648015499115, 0.407449334859848, 0.4214703440666199, 0.40764859318733215, 0.4388199746608734, 0.4074498116970062, 0.4077361226081848, 0.42096734046936035, 0.42166653275489807, 0.41792893409729004, 0.44300949573516846, 0.44434988498687744, 0.4137215316295624, 0.40835249423980713, 0.40770214796066284, 0.4090043604373932, 0.40806999802589417, 0.40722712874412537, 0.4086148142814636, 0.4075017273426056, 0.4072687029838562, 0.4089813232421875, 0.407318115234375, 0.4160677194595337, 0.41244369745254517, 0.4166036546230316, 0.409456342458725, 0.4101364016532898, 0.40742629766464233, 0.42610806226730347, 0.40762338042259216, 0.4072929620742798, 0.40797051787376404, 0.4329712688922882, 0.41380035877227783, 0.4072447121143341, 0.40751251578330994, 0.4073329269886017, 0.4076539874076843, 0.4100699722766876, 0.41858142614364624, 0.4092594385147095, 0.40965643525123596, 0.4072636067867279, 0.41019386053085327, 0.41421714425086975, 0.4089420437812805, 0.4194749593734741, 0.4250384569168091, 0.40732046961784363, 0.41016703844070435, 0.43105965852737427, 0.40860289335250854, 0.41809555888175964, 0.41350287199020386, 0.40822097659111023, 0.41963109374046326, 0.40856269001960754, 0.4118694067001343, 0.4461083710193634, 0.40750789642333984, 0.4080464839935303, 0.4367309510707855, 0.4104459285736084, 0.4100950360298157, 0.41063714027404785, 0.41828909516334534, 0.44321537017822266, 0.4082601070404053, 0.427094042301178, 0.41412535309791565, 0.40994980931282043, 0.407868891954422, 0.40766310691833496, 0.41063544154167175, 0.4136580526828766, 0.41978782415390015, 0.437336266040802, 0.4305831789970398, 0.4089885354042053, 0.40750378370285034, 0.40925779938697815, 0.4154258966445923, 0.4160536229610443, 0.41268107295036316, 0.44414079189300537, 0.4090822637081146, 0.40827369689941406, 0.40727564692497253, 0.4503154456615448, 0.4092349112033844, 0.40953755378723145, 0.4275607764720917, 0.4078787565231323, 0.40753209590911865, 0.4097844064235687, 0.4074234068393707, 0.40959563851356506, 0.41599535942077637, 0.4098762571811676, 0.41215839982032776, 0.41068899631500244, 0.41163170337677, 0.42302727699279785, 0.4209080636501312, 0.40945395827293396, 0.40723228454589844, 0.4072812795639038, 0.40746691823005676, 0.4126705229282379, 0.41006195545196533, 0.40766671299934387, 0.40929949283599854, 0.41285011172294617, 0.41735580563545227, 0.4543289840221405, 0.49526605010032654, 0.4137980341911316, 0.4092024266719818, 0.4073067605495453, 0.4072685241699219, 0.42088982462882996, 0.4099240005016327, 0.40892088413238525, 0.418303519487381, 0.4137154519557953, 0.41022759675979614, 0.46015504002571106]",0.0,"[33.0, 33.0, 33.0, 33.0, 31.0, 6.0, 4.0, 2.0, 2.0, 1.0, 1.0, 1.0, 1.0, 1.0, 1.0, 1.0, 1.0, 1.0, 1.0, 1.0, 1.0, 1.0, 1.0, 1.0, 1.0, 1.0, 1.0, 1.0, 1.0, 1.0, 1.0, 1.0, 1.0, 1.0, 1.0, 1.0, 1.0, 1.0, 1.0, 1.0, 1.0, 1.0, 0.0, 0.0, 0.0, 0.0, 0.0, 0.0, 0.0, 0.0, 0.0, 0.0, 0.0, 0.0, 0.0, 0.0, 0.0, 0.0, 0.0, 0.0, 0.0, 0.0, 0.0, 0.0, 0.0, 0.0, 0.0, 0.0, 0.0, 0.0, 0.0, 0.0, 0.0, 0.0, 0.0, 0.0, 0.0, 0.0, 0.0, 0.0, 0.0, 0.0, 0.0, 0.0, 0.0, 0.0, 0.0, 0.0, 0.0, 0.0, 0.0, 0.0, 0.0, 0.0, 0.0, 0.0, 0.0, 0.0, 0.0, 0.0, 0.0, 0.0, 0.0, 0.0, 0.0, 0.0, 0.0, 0.0, 0.0, 0.0, 0.0, 0.0, 0.0, 0.0, 0.0, 0.0, 0.0, 0.0, 0.0, 0.0, 0.0, 0.0, 0.0, 0.0, 0.0, 0.0, 0.0, 0.0, 0.0, 0.0, 0.0, 0.0, 0.0, 0.0, 0.0, 0.0, 0.0, 0.0, 0.0, 0.0, 0.0, 0.0, 0.0, 0.0, 0.0, 0.0, 0.0, 0.0, 0.0, 0.0, 0.0, 0.0, 0.0, 0.0, 0.0, 0.0, 0.0, 0.0, 0.0, 0.0, 0.0, 0.0, 0.0, 0.0, 0.0, 0.0, 0.0, 0.0, 0.0, 0.0, 0.0, 0.0, 0.0, 0.0, 0.0, 0.0, 0.0, 0.0, 0.0, 0.0, 0.0, 0.0, 0.0, 0.0, 0.0, 0.0, 0.0, 0.0, 0.0, 0.0, 0.0, 0.0, 0.0, 0.0, 0.0, 0.0, 0.0, 0.0, 0.0, 0.0, 0.0, 0.0, 0.0, 0.0, 0.0, 0.0, 0.0, 0.0, 0.0, 0.0, 0.0, 0.0, 0.0, 0.0, 0.0, 0.0, 0.0, 0.0, 0.0, 0.0, 0.0, 0.0, 0.0, 0.0, 0.0, 0.0, 0.0, 0.0, 0.0, 0.0, 0.0, 0.0, 0.0, 0.0, 0.0, 0.0, 0.0, 0.0, 0.0, 0.0, 0.0, 0.0, 0.0, 0.0, 0.0, 0.0, 0.0, 0.0, 0.0, 0.0, 0.0, 0.0, 0.0, 0.0, 0.0, 0.0, 0.0, 0.0, 0.0, 0.0, 0.0, 0.0, 0.0, 0.0, 0.0, 0.0, 0.0, 0.0, 0.0, 0.0, 0.0, 0.0, 0.0, 0.0, 0.0, 0.0, 0.0, 0.0, 0.0, 0.0, 0.0, 0.0, 0.0, 0.0, 0.0, 0.0, 0.0, 0.0, 0.0, 0.0, 0.0, 0.0, 0.0, 0.0, 0.0, 0.0, 0.0, 0.0, 0.0, 0.0, 0.0, 0.0, 0.0, 0.0, 0.0, 0.0, 0.0, 0.0, 0.0, 0.0, 0.0, 0.0, 0.0, 0.0, 0.0, 0.0, 0.0, 0.0, 0.0, 0.0, 0.0, 0.0, 0.0, 0.0, 0.0, 0.0, 0.0, 0.0, 0.0, 0.0, 0.0, 0.0, 0.0, 0.0, 0.0, 0.0, 0.0, 0.0, 0.0, 0.0, 0.0, 0.0, 0.0, 0.0, 0.0, 0.0, 0.0, 0.0, 0.0, 0.0, 0.0, 0.0, 0.0, 0.0, 0.0, 0.0, 0.0, 0.0, 0.0, 0.0, 0.0, 0.0, 0.0, 0.0, 0.0, 0.0, 0.0, 0.0, 0.0, 0.0, 0.0, 0.0, 0.0, 0.0, 0.0, 0.0, 0.0, 0.0, 0.0, 0.0, 0.0, 0.0, 0.0, 0.0, 0.0, 0.0, 0.0, 0.0, 0.0, 0.0]",COMPLETE
