,number,value,datetime_start,datetime_complete,duration,params_batch_size_scaler,params_constant_learning_rate,params_depth,params_epochs,params_kernel_l2,params_num_trees,params_temperature,user_attrs_accuracy_test,user_attrs_accuracy_valid,user_attrs_approximate_feature_sparsity,user_attrs_approximate_feature_sparsity_history,user_attrs_approximate_weight_sparsity,user_attrs_approximate_weight_sparsity_history,user_attrs_auc_test,user_attrs_auc_valid,user_attrs_feature_sparsity,user_attrs_feature_sparsity_history,user_attrs_num_epochs,user_attrs_val_loss_history,user_attrs_weight_sparsity,user_attrs_weight_sparsity_history,state
164,164,0.6088418286509255,2024-08-31 08:46:10.452458,2024-08-31 08:46:31.718953,0 days 00:00:21.266495,64,1.3115416906693051,2,265,0.0893705431669509,90,0.006065583151849529,0.141,0.14125,1,"[33, 33, 33, 33, 33, 33, 33, 33, 30, 21, 11, 8, 4, 4, 4, 4, 4, 4, 4, 4, 4, 4, 3, 3, 3, 1, 1, 1, 1, 1, 1, 1, 1, 1, 1, 1, 1, 1, 1, 1, 1, 1, 1, 1, 1, 1, 1, 1, 1, 1, 1, 1, 1, 1, 1, 1, 1, 1, 1, 1, 1, 1, 1, 1, 1, 1, 1, 1, 1, 1, 1, 1, 1, 1, 1, 1, 1, 1, 1, 1, 1, 1, 1, 1, 1, 1, 1, 1, 1, 1, 1, 1, 1, 1, 1, 1, 1, 1, 1, 1, 1, 1, 1, 1, 1, 1, 1, 1, 1, 1, 1, 1, 1, 1, 1, 1, 1, 1, 1, 1, 1, 1, 1, 1, 1, 1, 1, 1, 1, 1, 1, 1, 1, 1, 1, 1, 1, 1, 1, 1, 1, 1, 1, 1, 1, 1, 1, 1, 1, 1, 1, 1, 1, 1, 1, 1, 1, 1, 1, 1, 1, 1, 1, 1, 1, 1, 1, 1, 1, 1, 1, 1, 1, 1, 1, 1, 1, 1, 1, 1, 1, 1, 1, 1, 1, 1, 1, 1, 1, 1, 1, 1, 1, 1, 1, 1, 1, 1, 1, 1, 1, 1, 1, 1, 1, 1, 1, 1, 1, 1, 1, 1, 1, 1, 1, 1, 1, 1, 1, 1, 1, 1, 1, 1, 1, 1, 1, 1, 1, 1, 1, 1, 1, 1, 1, 1, 1, 1, 1, 1, 1, 1, 1, 1, 1, 1, 1, 1, 1, 1, 1, 1, 1, 1, 1, 1, 1, 1, 1, 1, 1, 1, 1, 1, 1]",1.0,"[32.974074074074075, 32.98148148148148, 32.97777777777778, 32.977777777777774, 32.97777777777778, 32.98888888888889, 32.98148148148148, 32.97777777777778, 29.974074074074075, 20.992592592592594, 10.992592592592594, 7.996296296296297, 4.0, 3.9962962962962965, 3.992592592592593, 4.0, 3.9962962962962965, 4.0, 3.9962962962962965, 4.0, 3.9962962962962965, 4.0, 2.9962962962962965, 3.0, 3.0, 1.0, 1.0, 1.0, 1.0, 1.0, 1.0, 1.0, 1.0, 1.0, 1.0, 1.0, 1.0, 1.0, 1.0, 1.0, 1.0, 1.0, 0.9962962962962963, 1.0, 1.0, 1.0, 1.0, 1.0, 1.0, 0.9925925925925926, 1.0, 1.0, 1.0, 1.0, 1.0, 1.0, 1.0, 1.0, 1.0, 1.0, 1.0, 1.0, 1.0, 1.0, 1.0, 1.0, 1.0, 1.0, 1.0, 1.0, 1.0, 1.0, 1.0, 1.0, 1.0, 1.0, 1.0, 1.0, 1.0, 1.0, 1.0, 1.0, 1.0, 1.0, 1.0, 1.0, 1.0, 1.0, 1.0, 1.0, 1.0, 1.0, 1.0, 0.9962962962962963, 1.0, 1.0, 1.0, 1.0, 1.0, 1.0, 1.0, 1.0, 1.0, 1.0, 1.0, 1.0, 1.0, 1.0, 1.0, 1.0, 1.0, 1.0, 1.0, 1.0, 1.0, 1.0, 1.0, 1.0, 1.0, 1.0, 1.0, 1.0, 1.0, 1.0, 0.9925925925925926, 0.9962962962962963, 0.9925925925925926, 1.0, 0.9962962962962963, 1.0, 1.0, 1.0, 1.0, 1.0, 1.0, 1.0, 1.0, 1.0, 1.0, 1.0, 1.0, 1.0, 1.0, 1.0, 1.0, 1.0, 1.0, 1.0, 1.0, 1.0, 1.0, 1.0, 1.0, 1.0, 1.0, 1.0, 1.0, 1.0, 1.0, 1.0, 1.0, 1.0, 1.0, 1.0, 1.0, 1.0, 1.0, 1.0, 1.0, 1.0, 1.0, 1.0, 1.0, 1.0, 1.0, 1.0, 1.0, 1.0, 1.0, 1.0, 1.0, 1.0, 1.0, 1.0, 1.0, 1.0, 1.0, 1.0, 1.0, 1.0, 1.0, 1.0, 1.0, 1.0, 1.0, 1.0, 1.0, 1.0, 1.0, 1.0, 1.0, 0.9962962962962963, 0.9962962962962963, 0.9962962962962963, 1.0, 1.0, 1.0, 1.0, 1.0, 1.0, 1.0, 1.0, 1.0, 1.0, 1.0, 1.0, 1.0, 1.0, 1.0, 1.0, 1.0, 1.0, 1.0, 1.0, 1.0, 1.0, 1.0, 1.0, 1.0, 1.0, 1.0, 1.0, 1.0, 1.0, 1.0, 1.0, 1.0, 1.0, 1.0, 1.0, 1.0, 1.0, 1.0, 1.0, 1.0, 1.0, 1.0, 0.9962962962962963, 0.9962962962962963, 1.0, 1.0, 1.0, 1.0, 1.0, 1.0, 1.0, 1.0, 1.0, 1.0, 1.0, 1.0, 1.0, 1.0, 1.0, 1.0]",0.6144865793145584,0.6088418286509255,1,"[33, 33, 33, 33, 33, 33, 33, 33, 30, 21, 11, 8, 4, 4, 4, 4, 4, 4, 4, 4, 4, 4, 3, 3, 3, 1, 1, 1, 1, 1, 1, 1, 1, 1, 1, 1, 1, 1, 1, 1, 1, 1, 1, 1, 1, 1, 1, 1, 1, 1, 1, 1, 1, 1, 1, 1, 1, 1, 1, 1, 1, 1, 1, 1, 1, 1, 1, 1, 1, 1, 1, 1, 1, 1, 1, 1, 1, 1, 1, 1, 1, 1, 1, 1, 1, 1, 1, 1, 1, 1, 1, 1, 1, 1, 1, 1, 1, 1, 1, 1, 1, 1, 1, 1, 1, 1, 1, 1, 1, 1, 1, 1, 1, 1, 1, 1, 1, 1, 1, 1, 1, 1, 1, 1, 1, 1, 1, 1, 1, 1, 1, 1, 1, 1, 1, 1, 1, 1, 1, 1, 1, 1, 1, 1, 1, 1, 1, 1, 1, 1, 1, 1, 1, 1, 1, 1, 1, 1, 1, 1, 1, 1, 1, 1, 1, 1, 1, 1, 1, 1, 1, 1, 1, 1, 1, 1, 1, 1, 1, 1, 1, 1, 1, 1, 1, 1, 1, 1, 1, 1, 1, 1, 1, 1, 1, 1, 1, 1, 1, 1, 1, 1, 1, 1, 1, 1, 1, 1, 1, 1, 1, 1, 1, 1, 1, 1, 1, 1, 1, 1, 1, 1, 1, 1, 1, 1, 1, 1, 1, 1, 1, 1, 1, 1, 1, 1, 1, 1, 1, 1, 1, 1, 1, 1, 1, 1, 1, 1, 1, 1, 1, 1, 1, 1, 1, 1, 1, 1, 1, 1, 1, 1, 1, 1, 1]",265,"[0.4039574861526489, 3.6529805660247803, 2.3136813640594482, 2.5872271060943604, 0.9420868158340454, 2.2757740020751953, 2.057523727416992, 3.630723237991333, 1.3395676612854004, 4.253741264343262, 1.267640233039856, 0.4478663504123688, 3.4721179008483887, 2.914613962173462, 4.530335426330566, 3.2467987537384033, 2.6923537254333496, 1.1152554750442505, 2.5395281314849854, 1.9893162250518799, 1.9610540866851807, 1.8826956748962402, 2.222675085067749, 0.41726481914520264, 1.3318564891815186, 4.479859828948975, 0.6657426357269287, 4.8614020347595215, 2.8795652389526367, 6.626703262329102, 1.6236977577209473, 4.77575159072876, 0.3886226713657379, 0.4884090721607208, 4.047451496124268, 0.7317882776260376, 0.6607242822647095, 2.8704159259796143, 2.866591453552246, 5.374258995056152, 0.6909475922584534, 4.142745494842529, 0.7300452589988708, 1.2563327550888062, 1.2966293096542358, 1.4069900512695312, 6.566020965576172, 1.8700100183486938, 5.1445631980896, 0.45327746868133545, 3.847414970397949, 0.6373682022094727, 4.134105682373047, 2.3252346515655518, 2.9513156414031982, 6.6373066902160645, 2.116767644882202, 5.255906581878662, 0.8070640563964844, 3.388288974761963, 4.371297359466553, 2.4057250022888184, 2.9220309257507324, 6.787036895751953, 2.4397716522216797, 3.0930347442626953, 2.987360954284668, 6.404656887054443, 1.4810326099395752, 0.5717064142227173, 3.818917751312256, 0.6042115092277527, 3.925788164138794, 1.5002508163452148, 1.6373497247695923, 5.060929775238037, 0.5209951996803284, 4.269155979156494, 1.6071569919586182, 1.9523109197616577, 4.720167636871338, 0.7218522429466248, 5.924444198608398, 2.5721547603607178, 0.41088053584098816, 5.940892219543457, 1.4688141345977783, 1.0357487201690674, 0.686288058757782, 3.5015408992767334, 2.263246536254883, 3.4989590644836426, 2.4315531253814697, 0.7654439806938171, 3.671329975128174, 1.0214632749557495, 0.6211147308349609, 3.938483476638794, 0.456086665391922, 0.5417966842651367, 3.2483880519866943, 5.647561073303223, 0.6646985411643982, 2.4388790130615234, 0.5470563769340515, 3.486438035964966, 3.9134676456451416, 0.7247366905212402, 2.171574592590332, 2.2862448692321777, 1.790682077407837, 3.1345720291137695, 4.758495330810547, 0.49349653720855713, 2.748321533203125, 3.935950994491577, 3.1962716579437256, 3.009507656097412, 5.7404022216796875, 1.3112884759902954, 4.246658802032471, 2.5982885360717773, 2.7980153560638428, 4.391734600067139, 1.2084681987762451, 0.9441362023353577, 2.5777032375335693, 0.45860764384269714, 5.9154953956604, 1.0906333923339844, 0.9638428688049316, 2.3563785552978516, 0.48611560463905334, 3.5368125438690186, 1.6504675149917603, 3.74307918548584, 0.8313964605331421, 2.1559627056121826, 1.7648382186889648, 2.3146941661834717, 2.1411027908325195, 2.8903326988220215, 2.4721665382385254, 1.3264610767364502, 1.1317188739776611, 2.043788194656372, 2.587594985961914, 1.4190194606781006, 1.402308702468872, 4.055454730987549, 0.9161021709442139, 1.2361541986465454, 0.6527242064476013, 2.585620641708374, 0.830950915813446, 1.998113751411438, 4.4570136070251465, 1.2095606327056885, 0.6239667534828186, 0.503615140914917, 2.789184331893921, 0.5889604687690735, 0.7404106855392456, 3.0833725929260254, 5.760866165161133, 1.1187142133712769, 0.6113747954368591, 3.0653603076934814, 6.079138278961182, 1.1420689821243286, 0.9121832251548767, 0.5774113535881042, 0.9324324131011963, 0.8235503435134888, 1.2601306438446045, 0.8098248839378357, 1.8955864906311035, 2.427030563354492, 0.6831279993057251, 4.910889625549316, 0.6023730635643005, 0.6702531576156616, 2.4352266788482666, 3.266979932785034, 3.0871782302856445, 4.585361957550049, 0.6768730282783508, 4.934863567352295, 0.5364624857902527, 4.127164840698242, 0.6932335495948792, 4.915088653564453, 0.583719789981842, 1.8694669008255005, 2.1757168769836426, 0.8124486804008484, 0.7457318902015686, 1.7781894207000732, 4.322096347808838, 2.448296546936035, 2.9397547245025635, 3.4874041080474854, 2.7488701343536377, 1.7512954473495483, 2.5250542163848877, 0.5353220105171204, 3.104597806930542, 3.7367665767669678, 0.8875994682312012, 1.4179930686950684, 1.5614917278289795, 1.4072874784469604, 0.47096049785614014, 1.3907207250595093, 1.2227590084075928, 2.529914617538452, 0.6833102703094482, 3.423849105834961, 2.2081539630889893, 1.4333895444869995, 1.3970295190811157, 1.2251189947128296, 1.6059603691101074, 1.551629900932312, 3.0710973739624023, 5.8468217849731445, 0.8811452984809875, 2.3299732208251953, 1.0807600021362305, 0.48845627903938293, 3.923471450805664, 0.483873188495636, 0.4841047525405884, 2.675396680831909, 0.796489953994751, 1.718927264213562, 1.9759937524795532, 1.9446344375610352, 3.147007465362549, 5.185770034790039, 0.5658495426177979, 1.865777611732483, 3.721411943435669, 0.6653794646263123, 1.8868529796600342, 2.780749797821045, 1.7045280933380127, 2.1072986125946045, 1.4154014587402344, 0.7823278307914734, 0.7855821251869202, 3.199315071105957, 3.4437499046325684, 2.5910773277282715, 0.5366790890693665, 4.388386249542236, 3.7775626182556152, 3.027353525161743, 2.0173773765563965, 4.50618314743042, 0.6404540538787842, 0.5646711587905884, 1.651237964630127, 1.4876621961593628, 2.2265663146972656]",1.0,"[33.0, 33.0, 33.0, 33.0, 33.0, 33.0, 33.0, 33.0, 30.0, 21.0, 11.0, 8.0, 4.0, 4.0, 4.0, 4.0, 4.0, 4.0, 4.0, 4.0, 4.0, 4.0, 3.0, 3.0, 3.0, 1.0, 1.0, 1.0, 1.0, 1.0, 1.0, 1.0, 1.0, 1.0, 1.0, 1.0, 1.0, 1.0, 1.0, 1.0, 1.0, 1.0, 1.0, 1.0, 1.0, 1.0, 1.0, 1.0, 1.0, 1.0, 1.0, 1.0, 1.0, 1.0, 1.0, 1.0, 1.0, 1.0, 1.0, 1.0, 1.0, 1.0, 1.0, 1.0, 1.0, 1.0, 1.0, 1.0, 1.0, 1.0, 1.0, 1.0, 1.0, 1.0, 1.0, 1.0, 1.0, 1.0, 1.0, 1.0, 1.0, 1.0, 1.0, 1.0, 1.0, 1.0, 1.0, 1.0, 1.0, 1.0, 1.0, 1.0, 1.0, 1.0, 1.0, 1.0, 1.0, 1.0, 1.0, 1.0, 1.0, 1.0, 1.0, 1.0, 1.0, 1.0, 1.0, 1.0, 1.0, 1.0, 1.0, 1.0, 1.0, 1.0, 1.0, 1.0, 1.0, 1.0, 1.0, 1.0, 1.0, 1.0, 1.0, 1.0, 1.0, 1.0, 1.0, 1.0, 1.0, 1.0, 1.0, 1.0, 1.0, 1.0, 1.0, 1.0, 1.0, 1.0, 1.0, 1.0, 1.0, 1.0, 1.0, 1.0, 1.0, 1.0, 1.0, 1.0, 1.0, 1.0, 1.0, 1.0, 1.0, 1.0, 1.0, 1.0, 1.0, 1.0, 1.0, 1.0, 1.0, 1.0, 1.0, 1.0, 1.0, 1.0, 1.0, 1.0, 1.0, 1.0, 1.0, 1.0, 1.0, 1.0, 1.0, 1.0, 1.0, 1.0, 1.0, 1.0, 1.0, 1.0, 1.0, 1.0, 1.0, 1.0, 1.0, 1.0, 1.0, 1.0, 1.0, 1.0, 1.0, 1.0, 1.0, 1.0, 1.0, 1.0, 1.0, 1.0, 1.0, 1.0, 1.0, 1.0, 1.0, 1.0, 1.0, 1.0, 1.0, 1.0, 1.0, 1.0, 1.0, 1.0, 1.0, 1.0, 1.0, 1.0, 1.0, 1.0, 1.0, 1.0, 1.0, 1.0, 1.0, 1.0, 1.0, 1.0, 1.0, 1.0, 1.0, 1.0, 1.0, 1.0, 1.0, 1.0, 1.0, 1.0, 1.0, 1.0, 1.0, 1.0, 1.0, 1.0, 1.0, 1.0, 1.0, 1.0, 1.0, 1.0, 1.0, 1.0, 1.0, 1.0, 1.0, 1.0, 1.0, 1.0, 1.0, 1.0, 1.0, 1.0, 1.0, 1.0, 1.0]",COMPLETE
165,165,0.5,2024-08-31 08:46:31.724284,2024-08-31 08:47:06.931282,0 days 00:00:35.206998,64,9.120787446188915,5,170,0.07521529010806403,7,0.0005948246364664187,0.859,0.85875,0,"[33, 33, 33, 33, 33, 33, 33, 33, 26, 19, 17, 16, 16, 15, 15, 15, 15, 11, 11, 11, 10, 9, 9, 8, 7, 7, 7, 7, 7, 7, 7, 7, 7, 6, 6, 6, 6, 6, 5, 5, 5, 5, 2, 2, 2, 2, 2, 2, 2, 2, 2, 2, 2, 2, 2, 2, 2, 2, 1, 1, 1, 1, 0, 0, 0, 0, 0, 0, 0, 0, 0, 0, 0, 0, 0, 0, 0, 0, 0, 0, 0, 0, 0, 0, 0, 0, 0, 0, 0, 0, 0, 0, 0, 0, 0, 0, 0, 0, 0, 0, 0, 0, 0, 0, 0, 0, 0, 0, 0, 0, 0, 0, 0, 0, 0, 0, 0, 0, 0, 0, 0, 0, 0, 0, 0, 0, 0, 0, 0, 0, 0, 0, 0, 0, 0, 0, 0, 0, 0, 0, 0, 0, 0, 0, 0, 0, 0, 0, 0, 0, 0, 0, 0, 0, 0, 0, 0, 0, 0, 0, 0, 0, 0, 0, 0, 0, 0, 0, 0, 0]",0.0,"[32.963133640552996, 32.97235023041475, 32.97695852534562, 32.97235023041475, 32.97695852534562, 32.99078341013825, 32.95852534562212, 32.963133640552996, 25.95852534562212, 18.986175115207374, 16.986175115207374, 15.990783410138249, 15.990783410138249, 14.990783410138249, 14.981566820276498, 14.986175115207374, 14.976958525345623, 10.990783410138249, 10.995391705069125, 10.981566820276498, 9.990783410138249, 9.0, 8.995391705069125, 7.9953917050691246, 6.986175115207374, 6.981566820276498, 6.986175115207374, 6.990783410138249, 6.9953917050691246, 6.9953917050691246, 6.990783410138249, 7.0, 6.976958525345623, 6.0, 5.990783410138249, 5.981566820276498, 5.981566820276498, 5.9953917050691246, 4.9953917050691246, 4.986175115207374, 4.9953917050691246, 4.990783410138249, 2.0, 2.0, 2.0, 2.0, 1.9907834101382489, 2.0, 1.9953917050691246, 2.0, 2.0, 2.0, 1.9907834101382489, 1.9953917050691246, 1.9861751152073732, 1.9953917050691246, 1.9907834101382489, 1.9953917050691246, 0.9953917050691244, 0.9953917050691244, 0.9953917050691244, 0.9953917050691244, 0.0, 0.0, 0.0, 0.0, 0.0, 0.0, 0.0, 0.0, 0.0, 0.0, 0.0, 0.0, 0.0, 0.0, 0.0, 0.0, 0.0, 0.0, 0.0, 0.0, 0.0, 0.0, 0.0, 0.0, 0.0, 0.0, 0.0, 0.0, 0.0, 0.0, 0.0, 0.0, 0.0, 0.0, 0.0, 0.0, 0.0, 0.0, 0.0, 0.0, 0.0, 0.0, 0.0, 0.0, 0.0, 0.0, 0.0, 0.0, 0.0, 0.0, 0.0, 0.0, 0.0, 0.0, 0.0, 0.0, 0.0, 0.0, 0.0, 0.0, 0.0, 0.0, 0.0, 0.0, 0.0, 0.0, 0.0, 0.0, 0.0, 0.0, 0.0, 0.0, 0.0, 0.0, 0.0, 0.0, 0.0, 0.0, 0.0, 0.0, 0.0, 0.0, 0.0, 0.0, 0.0, 0.0, 0.0, 0.0, 0.0, 0.0, 0.0, 0.0, 0.0, 0.0, 0.0, 0.0, 0.0, 0.0, 0.0, 0.0, 0.0, 0.0, 0.0, 0.0, 0.0, 0.0, 0.0, 0.0]",0.5,0.5,0,"[33, 33, 33, 33, 33, 33, 33, 33, 26, 19, 17, 16, 16, 15, 15, 15, 15, 11, 11, 11, 10, 9, 9, 8, 7, 7, 7, 7, 7, 7, 7, 7, 7, 6, 6, 6, 6, 6, 5, 5, 5, 5, 2, 2, 2, 2, 2, 2, 2, 2, 2, 2, 2, 2, 2, 2, 2, 2, 1, 1, 1, 1, 0, 0, 0, 0, 0, 0, 0, 0, 0, 0, 0, 0, 0, 0, 0, 0, 0, 0, 0, 0, 0, 0, 0, 0, 0, 0, 0, 0, 0, 0, 0, 0, 0, 0, 0, 0, 0, 0, 0, 0, 0, 0, 0, 0, 0, 0, 0, 0, 0, 0, 0, 0, 0, 0, 0, 0, 0, 0, 0, 0, 0, 0, 0, 0, 0, 0, 0, 0, 0, 0, 0, 0, 0, 0, 0, 0, 0, 0, 0, 0, 0, 0, 0, 0, 0, 0, 0, 0, 0, 0, 0, 0, 0, 0, 0, 0, 0, 0, 0, 0, 0, 0, 0, 0, 0, 0, 0, 0]",170,"[0.3937583267688751, 0.40476009249687195, 0.3759065866470337, 0.3549354672431946, 0.3455810546875, 0.32192742824554443, 0.31515923142433167, 0.3002811372280121, 0.2922377288341522, 0.2883308231830597, 0.26868966221809387, 0.28696000576019287, 0.26293817162513733, 0.2588502764701843, 0.25919443368911743, 0.257394939661026, 0.23418255150318146, 0.36190709471702576, 0.2896944284439087, 0.2671942114830017, 0.26075467467308044, 0.2716699242591858, 0.26296353340148926, 0.25424474477767944, 0.25007107853889465, 0.26081281900405884, 0.26546651124954224, 0.2749652862548828, 0.26004931330680847, 0.2767258882522583, 0.24389111995697021, 0.23564644157886505, 0.24856099486351013, 0.338347464799881, 0.3030732274055481, 0.2742427587509155, 0.31991297006607056, 0.2935689091682434, 0.29157570004463196, 0.29625263810157776, 0.29466569423675537, 0.30715373158454895, 0.7990424633026123, 0.4268523156642914, 0.3839987516403198, 0.3906969428062439, 0.3845267593860626, 0.383830726146698, 0.38195687532424927, 0.3911181390285492, 0.3817334473133087, 0.3973234295845032, 0.3858965039253235, 0.3804650902748108, 0.3819633722305298, 0.379967600107193, 0.3796652555465698, 0.38094088435173035, 0.3996163308620453, 0.40188834071159363, 0.39534109830856323, 0.3943334221839905, 0.40728747844696045, 0.4077693223953247, 0.40829014778137207, 0.4571895897388458, 0.40755385160446167, 0.42633605003356934, 0.41278570890426636, 0.41011330485343933, 0.4154512286186218, 0.42382729053497314, 0.40749865770339966, 0.40788811445236206, 0.40999871492385864, 0.4115864038467407, 0.4084619879722595, 0.4097643196582794, 0.40755897760391235, 0.40845489501953125, 0.4101487696170807, 0.4084644019603729, 0.4085422158241272, 0.4175793528556824, 0.4075678288936615, 0.4072813391685486, 0.4118659496307373, 0.4087558090686798, 0.4083552658557892, 0.4084097146987915, 0.41207990050315857, 0.4122585356235504, 0.41183799505233765, 0.4098566770553589, 0.4075137972831726, 0.4098745286464691, 0.40746963024139404, 0.4075380563735962, 0.4072285592556, 0.41480720043182373, 0.4267636835575104, 0.4072425365447998, 0.40972068905830383, 0.4117375910282135, 0.4072294533252716, 0.4165850877761841, 0.4504294693470001, 0.41131579875946045, 0.4081898033618927, 0.407521516084671, 0.4074019491672516, 0.40819212794303894, 0.4134458601474762, 0.4094596207141876, 0.40954509377479553, 0.4075157046318054, 0.4072277843952179, 0.4136772155761719, 0.4112022817134857, 0.40735873579978943, 0.4083084166049957, 0.4081563651561737, 0.41857436299324036, 0.4111683666706085, 0.4075251817703247, 0.4075096845626831, 0.40756362676620483, 0.4074292778968811, 0.4093286097049713, 0.43384093046188354, 0.413187712430954, 0.4193617105484009, 0.4081021249294281, 0.4082002341747284, 0.4127521514892578, 0.4072324335575104, 0.40722715854644775, 0.4093000292778015, 0.41523459553718567, 0.4126260280609131, 0.4107587933540344, 0.40925323963165283, 0.4072415232658386, 0.4072304666042328, 0.40745922923088074, 0.4269433617591858, 0.4073926508426666, 0.40739449858665466, 0.40798866748809814, 0.4072299301624298, 0.4127711355686188, 0.41252070665359497, 0.42205071449279785, 0.40745848417282104, 0.40722641348838806, 0.407431423664093, 0.4123896062374115, 0.40738147497177124, 0.40921321511268616, 0.40740489959716797, 0.40744391083717346, 0.4074164628982544, 0.40744340419769287, 0.4166988432407379, 0.4083369970321655, 0.4073847234249115, 0.40722647309303284, 0.4080965518951416, 0.40740928053855896, 0.40895789861679077]",0.0,"[33.0, 33.0, 33.0, 33.0, 33.0, 33.0, 33.0, 33.0, 26.0, 19.0, 17.0, 16.0, 16.0, 15.0, 15.0, 15.0, 15.0, 11.0, 11.0, 11.0, 10.0, 9.0, 9.0, 8.0, 7.0, 7.0, 7.0, 7.0, 7.0, 7.0, 7.0, 7.0, 7.0, 6.0, 6.0, 6.0, 6.0, 6.0, 5.0, 5.0, 5.0, 5.0, 2.0, 2.0, 2.0, 2.0, 2.0, 2.0, 2.0, 2.0, 2.0, 2.0, 2.0, 2.0, 2.0, 2.0, 2.0, 2.0, 1.0, 1.0, 1.0, 1.0, 0.0, 0.0, 0.0, 0.0, 0.0, 0.0, 0.0, 0.0, 0.0, 0.0, 0.0, 0.0, 0.0, 0.0, 0.0, 0.0, 0.0, 0.0, 0.0, 0.0, 0.0, 0.0, 0.0, 0.0, 0.0, 0.0, 0.0, 0.0, 0.0, 0.0, 0.0, 0.0, 0.0, 0.0, 0.0, 0.0, 0.0, 0.0, 0.0, 0.0, 0.0, 0.0, 0.0, 0.0, 0.0, 0.0, 0.0, 0.0, 0.0, 0.0, 0.0, 0.0, 0.0, 0.0, 0.0, 0.0, 0.0, 0.0, 0.0, 0.0, 0.0, 0.0, 0.0, 0.0, 0.0, 0.0, 0.0, 0.0, 0.0, 0.0, 0.0, 0.0, 0.0, 0.0, 0.0, 0.0, 0.0, 0.0, 0.0, 0.0, 0.0, 0.0, 0.0, 0.0, 0.0, 0.0, 0.0, 0.0, 0.0, 0.0, 0.0, 0.0, 0.0, 0.0, 0.0, 0.0, 0.0, 0.0, 0.0, 0.0, 0.0, 0.0, 0.0, 0.0, 0.0, 0.0, 0.0, 0.0]",COMPLETE
