,number,value,datetime_start,datetime_complete,duration,params_batch_size_scaler,params_constant_learning_rate,params_depth,params_epochs,params_kernel_l2,params_num_trees,params_temperature,user_attrs_accuracy_test,user_attrs_accuracy_valid,user_attrs_approximate_feature_sparsity,user_attrs_approximate_feature_sparsity_history,user_attrs_approximate_weight_sparsity,user_attrs_approximate_weight_sparsity_history,user_attrs_auc_test,user_attrs_auc_valid,user_attrs_feature_sparsity,user_attrs_feature_sparsity_history,user_attrs_num_epochs,user_attrs_val_loss_history,user_attrs_weight_sparsity,user_attrs_weight_sparsity_history,state
137,137,0.930839484226662,2024-08-31 06:59:31.115068,2024-08-31 07:03:01.032972,0 days 00:03:29.917904,1,0.011072135007698535,1,425,0.11363679874028723,98,0.002901826900948813,0.937,0.93375,26,"[33, 33, 33, 33, 33, 33, 33, 33, 33, 33, 33, 33, 33, 33, 33, 33, 33, 33, 33, 33, 33, 33, 33, 33, 33, 33, 33, 33, 33, 33, 33, 33, 33, 33, 33, 33, 33, 33, 33, 33, 33, 33, 33, 33, 33, 33, 33, 33, 33, 33, 33, 33, 33, 33, 33, 33, 33, 33, 33, 33, 33, 33, 33, 33, 33, 33, 33, 33, 33, 33, 33, 33, 33, 33, 33, 33, 33, 33, 33, 33, 33, 33, 33, 33, 33, 33, 33, 33, 33, 33, 33, 33, 33, 33, 33, 33, 33, 33, 33, 33, 33, 33, 33, 33, 33, 33, 33, 33, 33, 33, 33, 33, 33, 33, 33, 33, 33, 33, 33, 33, 33, 33, 33, 33, 33, 33, 33, 33, 33, 33, 33, 33, 33, 33, 33, 33, 33, 33, 33, 33, 33, 33, 33, 33, 33, 33, 33, 33, 33, 33, 33, 33, 33, 33, 33, 33, 33, 33, 33, 33, 33, 33, 33, 33, 33, 33, 33, 33, 33, 33, 33, 33, 33, 33, 33, 33, 33, 33, 33, 33, 33, 33, 33, 33, 33, 33, 33, 33, 33, 33, 33, 33, 33, 33, 33, 33, 33, 33, 33, 33, 33, 33, 33, 33, 33, 33, 33, 33, 33, 33, 33, 33, 33, 33, 33, 33, 33, 33, 33, 33, 33, 33, 33, 33, 33, 33, 33, 33, 33, 33, 33, 33, 33, 33, 33, 33, 33, 33, 33, 33, 33, 33, 33, 33, 33, 33, 33, 33, 33, 33, 33, 33, 33, 33, 33, 33, 33, 33, 33, 33, 33, 33, 33, 33, 33, 33, 33, 33, 33, 33, 33, 33, 33, 33, 33, 33, 33, 33, 33, 33, 33, 33, 33, 33, 33, 33, 33, 33, 33, 33, 33, 33, 33, 33, 33, 33, 33, 33, 33, 33, 32, 32, 32, 32, 32, 32, 32, 32, 32, 32, 32, 32, 32, 32, 32, 32, 32, 32, 32, 32, 32, 32, 32, 32, 32, 32, 32, 32, 32, 32, 32, 32, 32, 32, 32, 32, 32, 32, 32, 32, 32, 32, 32, 32, 32, 30, 30, 30, 29, 29, 29, 29, 29, 29, 29, 29, 29, 29, 29, 29, 29, 29, 29, 29, 29, 29, 29, 29, 29, 29, 29, 29, 29, 29, 29, 29, 29, 29, 29, 29, 28, 28, 28, 28, 28, 28, 28, 28, 28, 28, 28, 28, 28, 28, 28, 28, 28, 28, 28, 28, 28, 27, 27, 27, 26, 26, 26, 26, 26, 26, 26, 26, 26, 26, 26, 26, 26, 26, 26, 26, 26, 26, 26, 26, 26]",25.93877551020408,"[32.9795918367347, 32.98979591836735, 33.0, 32.96938775510204, 32.9795918367347, 32.98979591836735, 32.98979591836735, 32.95918367346939, 32.9795918367347, 33.0, 32.98979591836735, 32.98979591836735, 33.0, 32.9795918367347, 33.0, 32.98979591836735, 32.94897959183673, 32.96938775510204, 32.9795918367347, 32.95918367346939, 32.95918367346939, 32.9795918367347, 33.0, 33.0, 32.98979591836735, 32.96938775510204, 32.96938775510204, 32.9795918367347, 33.0, 32.96938775510204, 33.0, 32.98979591836735, 32.9795918367347, 32.98979591836735, 32.98979591836735, 32.9795918367347, 33.0, 32.98979591836735, 32.98979591836735, 33.0, 33.0, 32.98979591836735, 33.0, 32.9795918367347, 32.98979591836735, 33.0, 33.0, 32.98979591836735, 33.0, 33.0, 33.0, 32.98979591836735, 32.98979591836735, 32.95918367346939, 32.96938775510204, 32.96938775510204, 32.9795918367347, 32.98979591836735, 33.0, 32.93877551020408, 32.96938775510204, 32.95918367346939, 32.94897959183673, 32.95918367346939, 32.9795918367347, 32.98979591836735, 32.98979591836735, 32.98979591836735, 32.98979591836735, 32.98979591836735, 32.94897959183673, 32.9795918367347, 32.9795918367347, 32.95918367346939, 32.96938775510204, 32.98979591836735, 32.98979591836735, 32.96938775510204, 32.98979591836735, 32.9795918367347, 32.96938775510204, 32.9795918367347, 32.9795918367347, 32.95918367346939, 32.94897959183673, 32.95918367346939, 32.94897959183673, 32.96938775510204, 32.9795918367347, 33.0, 32.98979591836735, 32.9795918367347, 32.98979591836735, 32.98979591836735, 32.96938775510204, 32.96938775510204, 32.96938775510204, 32.9795918367347, 32.98979591836735, 32.9795918367347, 32.94897959183673, 32.96938775510204, 32.95918367346939, 32.9795918367347, 32.96938775510204, 32.9795918367347, 32.9795918367347, 32.94897959183673, 32.95918367346939, 32.9795918367347, 32.9795918367347, 32.94897959183674, 32.96938775510204, 32.96938775510204, 32.9795918367347, 32.96938775510204, 32.96938775510204, 32.9795918367347, 32.9795918367347, 32.9795918367347, 32.9795918367347, 32.9795918367347, 32.95918367346939, 32.9795918367347, 32.92857142857143, 32.94897959183673, 32.96938775510204, 32.95918367346939, 32.96938775510204, 32.9795918367347, 32.96938775510204, 32.96938775510204, 32.98979591836735, 32.96938775510204, 32.96938775510204, 32.96938775510204, 32.96938775510204, 32.96938775510204, 32.95918367346939, 32.93877551020408, 32.96938775510204, 32.96938775510204, 32.94897959183673, 32.9795918367347, 32.9795918367347, 32.94897959183673, 32.95918367346939, 32.95918367346939, 32.92857142857143, 32.9795918367347, 32.96938775510204, 32.9795918367347, 32.94897959183673, 32.93877551020408, 32.93877551020408, 32.9795918367347, 32.95918367346939, 32.96938775510204, 32.93877551020408, 32.95918367346939, 32.95918367346939, 32.93877551020408, 32.94897959183674, 32.94897959183673, 32.95918367346939, 32.95918367346939, 32.96938775510204, 32.9795918367347, 32.95918367346939, 32.98979591836735, 32.93877551020408, 32.95918367346939, 32.95918367346939, 32.9795918367347, 32.9795918367347, 32.9795918367347, 32.94897959183674, 32.98979591836735, 32.96938775510204, 32.95918367346939, 32.9795918367347, 32.9795918367347, 32.96938775510204, 32.9795918367347, 32.93877551020408, 32.96938775510204, 32.93877551020408, 32.95918367346939, 32.93877551020408, 32.92857142857143, 32.9795918367347, 32.92857142857143, 32.96938775510204, 32.93877551020408, 32.96938775510204, 32.93877551020408, 32.91836734693878, 32.95918367346939, 32.96938775510204, 32.94897959183673, 32.93877551020408, 32.94897959183673, 32.96938775510204, 32.95918367346939, 32.9795918367347, 32.96938775510204, 32.95918367346939, 32.9795918367347, 32.9795918367347, 32.93877551020408, 32.98979591836735, 32.9795918367347, 32.96938775510204, 32.96938775510204, 32.90816326530612, 32.93877551020408, 32.96938775510204, 32.92857142857143, 32.88775510204082, 32.93877551020408, 32.92857142857143, 32.94897959183673, 32.95918367346939, 32.95918367346939, 32.92857142857143, 32.94897959183674, 32.90816326530612, 32.93877551020408, 32.92857142857143, 32.92857142857143, 32.92857142857143, 32.94897959183673, 32.95918367346939, 32.91836734693878, 32.93877551020408, 32.92857142857143, 32.91836734693878, 32.94897959183673, 32.96938775510204, 32.86734693877551, 32.88775510204081, 32.95918367346939, 32.94897959183673, 32.95918367346939, 32.95918367346939, 32.96938775510204, 32.94897959183673, 32.90816326530612, 32.90816326530612, 32.94897959183673, 32.91836734693878, 32.94897959183673, 32.96938775510204, 32.91836734693878, 32.96938775510204, 32.9795918367347, 32.94897959183673, 32.91836734693878, 32.91836734693878, 32.95918367346939, 32.93877551020408, 32.93877551020408, 32.94897959183673, 32.94897959183673, 32.95918367346939, 32.94897959183673, 32.9795918367347, 32.93877551020408, 32.92857142857143, 32.90816326530612, 32.95918367346939, 32.93877551020408, 32.95918367346939, 32.88775510204081, 32.88775510204081, 32.92857142857143, 32.88775510204081, 32.91836734693878, 32.90816326530612, 32.92857142857143, 32.86734693877551, 32.94897959183673, 32.90816326530612, 32.92857142857143, 32.91836734693878, 32.86734693877551, 32.88775510204081, 32.92857142857143, 32.93877551020408, 32.90816326530612, 32.89795918367347, 32.93877551020408, 32.90816326530612, 32.85714285714286, 32.89795918367347, 32.86734693877551, 32.88775510204082, 32.88775510204081, 32.90816326530612, 32.94897959183673, 31.95918367346939, 31.93877551020408, 31.908163265306122, 31.918367346938776, 31.93877551020408, 31.89795918367347, 31.95918367346939, 31.918367346938776, 31.948979591836736, 31.96938775510204, 31.948979591836736, 31.948979591836736, 31.95918367346939, 31.93877551020408, 31.92857142857143, 31.918367346938776, 31.98979591836735, 31.908163265306122, 31.92857142857143, 31.948979591836736, 31.93877551020408, 31.93877551020408, 31.89795918367347, 31.92857142857143, 31.95918367346939, 31.877551020408166, 31.948979591836736, 31.877551020408166, 31.92857142857143, 31.95918367346939, 31.92857142857143, 31.89795918367347, 31.908163265306122, 31.928571428571427, 31.918367346938776, 31.918367346938776, 31.89795918367347, 31.877551020408163, 31.89795918367347, 31.877551020408163, 31.92857142857143, 31.887755102040817, 31.908163265306122, 31.92857142857143, 31.92857142857143, 29.98979591836735, 29.918367346938776, 29.92857142857143, 28.918367346938776, 28.897959183673468, 28.89795918367347, 28.948979591836736, 28.948979591836736, 28.93877551020408, 28.93877551020408, 28.918367346938776, 28.92857142857143, 28.95918367346939, 28.93877551020408, 28.979591836734695, 28.96938775510204, 28.948979591836736, 28.92857142857143, 28.91836734693878, 28.979591836734695, 28.948979591836736, 28.93877551020408, 28.95918367346939, 28.92857142857143, 28.918367346938776, 28.96938775510204, 28.95918367346939, 28.918367346938776, 28.96938775510204, 28.92857142857143, 28.948979591836736, 28.93877551020408, 28.96938775510204, 28.92857142857143, 28.948979591836736, 27.95918367346939, 27.95918367346939, 27.92857142857143, 27.948979591836736, 27.93877551020408, 27.95918367346939, 27.95918367346939, 27.92857142857143, 27.948979591836736, 27.979591836734695, 27.95918367346939, 27.92857142857143, 27.979591836734695, 27.96938775510204, 27.948979591836736, 27.93877551020408, 27.92857142857143, 27.979591836734695, 27.92857142857143, 27.948979591836736, 27.948979591836736, 26.93877551020408, 26.93877551020408, 26.877551020408163, 25.93877551020408, 25.92857142857143, 25.93877551020408, 25.89795918367347, 25.93877551020408, 25.92857142857143, 25.92857142857143, 25.95918367346939, 25.93877551020408, 25.96938775510204, 25.948979591836736, 25.95918367346939, 25.95918367346939, 25.92857142857143, 25.96938775510204, 25.96938775510204, 25.918367346938776, 25.93877551020408, 25.908163265306122, 25.89795918367347, 25.93877551020408]",0.9124662521982513,0.930839484226662,26,"[33, 33, 33, 33, 33, 33, 33, 33, 33, 33, 33, 33, 33, 33, 33, 33, 33, 33, 33, 33, 33, 33, 33, 33, 33, 33, 33, 33, 33, 33, 33, 33, 33, 33, 33, 33, 33, 33, 33, 33, 33, 33, 33, 33, 33, 33, 33, 33, 33, 33, 33, 33, 33, 33, 33, 33, 33, 33, 33, 33, 33, 33, 33, 33, 33, 33, 33, 33, 33, 33, 33, 33, 33, 33, 33, 33, 33, 33, 33, 33, 33, 33, 33, 33, 33, 33, 33, 33, 33, 33, 33, 33, 33, 33, 33, 33, 33, 33, 33, 33, 33, 33, 33, 33, 33, 33, 33, 33, 33, 33, 33, 33, 33, 33, 33, 33, 33, 33, 33, 33, 33, 33, 33, 33, 33, 33, 33, 33, 33, 33, 33, 33, 33, 33, 33, 33, 33, 33, 33, 33, 33, 33, 33, 33, 33, 33, 33, 33, 33, 33, 33, 33, 33, 33, 33, 33, 33, 33, 33, 33, 33, 33, 33, 33, 33, 33, 33, 33, 33, 33, 33, 33, 33, 33, 33, 33, 33, 33, 33, 33, 33, 33, 33, 33, 33, 33, 33, 33, 33, 33, 33, 33, 33, 33, 33, 33, 33, 33, 33, 33, 33, 33, 33, 33, 33, 33, 33, 33, 33, 33, 33, 33, 33, 33, 33, 33, 33, 33, 33, 33, 33, 33, 33, 33, 33, 33, 33, 33, 33, 33, 33, 33, 33, 33, 33, 33, 33, 33, 33, 33, 33, 33, 33, 33, 33, 33, 33, 33, 33, 33, 33, 33, 33, 33, 33, 33, 33, 33, 33, 33, 33, 33, 33, 33, 33, 33, 33, 33, 33, 33, 33, 33, 33, 33, 33, 33, 33, 33, 33, 33, 33, 33, 33, 33, 33, 33, 33, 33, 33, 33, 33, 33, 33, 33, 33, 33, 33, 33, 33, 33, 32, 32, 32, 32, 32, 32, 32, 32, 32, 32, 32, 32, 32, 32, 32, 32, 32, 32, 32, 32, 32, 32, 32, 32, 32, 32, 32, 32, 32, 32, 32, 32, 32, 32, 32, 32, 32, 32, 32, 32, 32, 32, 32, 32, 32, 30, 30, 30, 29, 29, 29, 29, 29, 29, 29, 29, 29, 29, 29, 29, 29, 29, 29, 29, 29, 29, 29, 29, 29, 29, 29, 29, 29, 29, 29, 29, 29, 29, 29, 29, 28, 28, 28, 28, 28, 28, 28, 28, 28, 28, 28, 28, 28, 28, 28, 28, 28, 28, 28, 28, 28, 27, 27, 27, 26, 26, 26, 26, 26, 26, 26, 26, 26, 26, 26, 26, 26, 26, 26, 26, 26, 26, 26, 26, 26]",425,"[0.4552331268787384, 0.4416694939136505, 0.43562179803848267, 0.4308801591396332, 0.42555350065231323, 0.42232081294059753, 0.4193042516708374, 0.4160143733024597, 0.41381600499153137, 0.41500723361968994, 0.4088243246078491, 0.4064486622810364, 0.42313212156295776, 0.4201902151107788, 0.4002474248409271, 0.3985294997692108, 0.39886215329170227, 0.3945772051811218, 0.3932162821292877, 0.4059078097343445, 0.3896147608757019, 0.38923943042755127, 0.3860621154308319, 0.3847200274467468, 0.38409748673439026, 0.3819909989833832, 0.3805864453315735, 0.38000252842903137, 0.38016238808631897, 0.37700846791267395, 0.37956663966178894, 0.37531939148902893, 0.37761566042900085, 0.3769415318965912, 0.3733881115913391, 0.37152767181396484, 0.3690687417984009, 0.36783352494239807, 0.36704307794570923, 0.3662477731704712, 0.3656074106693268, 0.36669713258743286, 0.36390960216522217, 0.3651091754436493, 0.36353641748428345, 0.36205559968948364, 0.3593875467777252, 0.3628602921962738, 0.35759299993515015, 0.35738441348075867, 0.358646959066391, 0.36038944125175476, 0.3550943434238434, 0.35504651069641113, 0.36141741275787354, 0.35322362184524536, 0.3549330234527588, 0.3526580035686493, 0.3534517288208008, 0.351217120885849, 0.35156315565109253, 0.34936970472335815, 0.34954696893692017, 0.3482395112514496, 0.35125648975372314, 0.34730446338653564, 0.34706565737724304, 0.3468393385410309, 0.34644266963005066, 0.34509003162384033, 0.3484968841075897, 0.34381622076034546, 0.3435581922531128, 0.3459972143173218, 0.35181429982185364, 0.3423244059085846, 0.341429740190506, 0.343410849571228, 0.34276092052459717, 0.3400088846683502, 0.34165164828300476, 0.33972445130348206, 0.33958354592323303, 0.35252487659454346, 0.3390006124973297, 0.33913516998291016, 0.33967795968055725, 0.33895766735076904, 0.3411320447921753, 0.33626648783683777, 0.3392408490180969, 0.3360271453857422, 0.3378694951534271, 0.33579593896865845, 0.3349142074584961, 0.3346756100654602, 0.3381955623626709, 0.3334431052207947, 0.336615651845932, 0.336221307516098, 0.3342486321926117, 0.3323841989040375, 0.33097580075263977, 0.3319631516933441, 0.3397015631198883, 0.3323421776294708, 0.36277201771736145, 0.32961052656173706, 0.32981958985328674, 0.3280056416988373, 0.3290652930736542, 0.328784704208374, 0.3283563554286957, 0.3268304169178009, 0.32506462931632996, 0.32423821091651917, 0.32803109288215637, 0.322576642036438, 0.32265999913215637, 0.3224153518676758, 0.3210386633872986, 0.3193630576133728, 0.3197983205318451, 0.3190103769302368, 0.31687432527542114, 0.3175017237663269, 0.3230735659599304, 0.3149879574775696, 0.3186746835708618, 0.31509581208229065, 0.3119696378707886, 0.3108993172645569, 0.31074070930480957, 0.3067309856414795, 0.3095434904098511, 0.3044155538082123, 0.30245500802993774, 0.3021656274795532, 0.3002752959728241, 0.2992783188819885, 0.30031490325927734, 0.29706501960754395, 0.2959781289100647, 0.2990860044956207, 0.29452380537986755, 0.29350507259368896, 0.29095181822776794, 0.2905656099319458, 0.2884413003921509, 0.28930559754371643, 0.28585273027420044, 0.283905953168869, 0.28322359919548035, 0.2821500897407532, 0.28201812505722046, 0.2800668776035309, 0.27902305126190186, 0.27889326214790344, 0.27961596846580505, 0.27650243043899536, 0.27539947628974915, 0.2746478021144867, 0.2777705490589142, 0.274929404258728, 0.27153706550598145, 0.27038851380348206, 0.2693457305431366, 0.2696708142757416, 0.2735578417778015, 0.2674681842327118, 0.2668640911579132, 0.27121207118034363, 0.2663480341434479, 0.2670205235481262, 0.2644871771335602, 0.2656354010105133, 0.2626372277736664, 0.2638629972934723, 0.26129966974258423, 0.2617005705833435, 0.26185107231140137, 0.26124536991119385, 0.26091334223747253, 0.2608805000782013, 0.2603161633014679, 0.2598857283592224, 0.260812908411026, 0.25709080696105957, 0.25674039125442505, 0.25752368569374084, 0.2544924020767212, 0.25610601902008057, 0.25462254881858826, 0.2538681626319885, 0.25384679436683655, 0.25455108284950256, 0.25349414348602295, 0.2534491717815399, 0.2587135136127472, 0.25778815150260925, 0.2566034197807312, 0.2531464397907257, 0.2541876435279846, 0.2502198815345764, 0.2513858675956726, 0.24996837973594666, 0.25036606192588806, 0.2500171661376953, 0.24897794425487518, 0.2545250952243805, 0.250680536031723, 0.248685821890831, 0.2505057156085968, 0.24808292090892792, 0.24668914079666138, 0.24976974725723267, 0.2474074810743332, 0.24603945016860962, 0.24852466583251953, 0.24599383771419525, 0.24537581205368042, 0.2464081197977066, 0.24914239346981049, 0.24650274217128754, 0.24635177850723267, 0.24430164694786072, 0.24422115087509155, 0.2502999007701874, 0.24414367973804474, 0.2436200976371765, 0.2443534880876541, 0.2439432591199875, 0.24239300191402435, 0.24211521446704865, 0.24593700468540192, 0.24815264344215393, 0.24408036470413208, 0.24474278092384338, 0.24157679080963135, 0.24004152417182922, 0.2427111566066742, 0.24082478880882263, 0.25228509306907654, 0.24114440381526947, 0.2399197816848755, 0.2404065877199173, 0.24156704545021057, 0.2389243245124817, 0.2444457858800888, 0.24278204143047333, 0.23877805471420288, 0.23839065432548523, 0.24055421352386475, 0.2379208356142044, 0.23917990922927856, 0.2435223013162613, 0.23763485252857208, 0.23693417012691498, 0.23735427856445312, 0.23769758641719818, 0.23846307396888733, 0.23931628465652466, 0.24021711945533752, 0.23744887113571167, 0.23790916800498962, 0.24267549812793732, 0.23878349363803864, 0.2410377860069275, 0.236150324344635, 0.2385115772485733, 0.2369336485862732, 0.23816639184951782, 0.23575378954410553, 0.23894117772579193, 0.23531566560268402, 0.2357938587665558, 0.23538562655448914, 0.24341470003128052, 0.2353782057762146, 0.23268535733222961, 0.2366277277469635, 0.23347705602645874, 0.23821613192558289, 0.23330380022525787, 0.2322881519794464, 0.23450559377670288, 0.23325245082378387, 0.2332715541124344, 0.2319244146347046, 0.2382737398147583, 0.23395343124866486, 0.23139648139476776, 0.23236793279647827, 0.23256665468215942, 0.23744474351406097, 0.23222696781158447, 0.2307053953409195, 0.23107987642288208, 0.23036958277225494, 0.23231811821460724, 0.23130272328853607, 0.23002707958221436, 0.23044736683368683, 0.2327546626329422, 0.22959822416305542, 0.22963018715381622, 0.23102231323719025, 0.22980163991451263, 0.22878679633140564, 0.22927959263324738, 0.22853504121303558, 0.23099300265312195, 0.22784002125263214, 0.228487029671669, 0.22928954660892487, 0.22820593416690826, 0.22794947028160095, 0.23255495727062225, 0.23292799293994904, 0.22893059253692627, 0.22764205932617188, 0.22646161913871765, 0.2324586659669876, 0.22695335745811462, 0.22682657837867737, 0.22702081501483917, 0.22800631821155548, 0.2330019325017929, 0.23224960267543793, 0.22672919929027557, 0.23245824873447418, 0.22687503695487976, 0.23083625733852386, 0.22592958807945251, 0.2249249815940857, 0.2281816303730011, 0.2249748557806015, 0.2291504293680191, 0.22638444602489471, 0.22586113214492798, 0.22552955150604248, 0.2279382199048996, 0.2322511523962021, 0.22658628225326538, 0.2258407026529312, 0.2240978628396988, 0.2246425747871399, 0.22396057844161987, 0.2311267852783203, 0.22590325772762299, 0.22553691267967224, 0.22471262514591217, 0.22479934990406036, 0.2239656001329422, 0.22503423690795898, 0.22649416327476501, 0.22295865416526794, 0.22445815801620483, 0.22319521009922028, 0.22797225415706635, 0.2225569486618042, 0.22198975086212158, 0.22672872245311737, 0.22422495484352112, 0.22121843695640564, 0.2243373692035675, 0.22473964095115662, 0.2209932506084442, 0.2230186015367508, 0.2216608077287674, 0.22270141541957855, 0.2254326045513153, 0.22167223691940308, 0.22770485281944275, 0.22047866880893707, 0.22578918933868408, 0.22206948697566986, 0.21913108229637146, 0.22343437373638153, 0.2202325463294983, 0.21952487528324127, 0.22717048227787018, 0.22067442536354065, 0.22139328718185425, 0.22524328529834747, 0.22199004888534546, 0.21989752352237701, 0.21903474628925323, 0.2208048403263092, 0.21812260150909424, 0.2187785506248474, 0.21947427093982697, 0.22048026323318481, 0.217875137925148, 0.22062841057777405, 0.2187015414237976, 0.21717269718647003, 0.21999450027942657, 0.21700158715248108, 0.2205306440591812, 0.2217310667037964, 0.22969114780426025, 0.21825331449508667, 0.21980896592140198, 0.21511854231357574, 0.21359790861606598, 0.21318458020687103, 0.21502263844013214, 0.21701587736606598, 0.21653586626052856, 0.21556246280670166, 0.21487291157245636, 0.21491451561450958, 0.2276434749364853, 0.21457073092460632, 0.21794821321964264, 0.21475544571876526, 0.2127375602722168, 0.21150241792201996, 0.2231036126613617, 0.21543970704078674, 0.21300238370895386, 0.21254007518291473, 0.21814487874507904, 0.21243099868297577]",26.0,"[33.0, 33.0, 33.0, 33.0, 33.0, 33.0, 33.0, 33.0, 33.0, 33.0, 33.0, 33.0, 33.0, 33.0, 33.0, 33.0, 33.0, 33.0, 33.0, 33.0, 33.0, 33.0, 33.0, 33.0, 33.0, 33.0, 33.0, 33.0, 33.0, 33.0, 33.0, 33.0, 33.0, 33.0, 33.0, 33.0, 33.0, 33.0, 33.0, 33.0, 33.0, 33.0, 33.0, 33.0, 33.0, 33.0, 33.0, 33.0, 33.0, 33.0, 33.0, 33.0, 33.0, 33.0, 33.0, 33.0, 33.0, 33.0, 33.0, 33.0, 33.0, 33.0, 33.0, 33.0, 33.0, 33.0, 33.0, 33.0, 33.0, 33.0, 33.0, 33.0, 33.0, 33.0, 33.0, 33.0, 33.0, 33.0, 33.0, 33.0, 33.0, 33.0, 33.0, 33.0, 33.0, 33.0, 33.0, 33.0, 33.0, 33.0, 33.0, 33.0, 33.0, 33.0, 33.0, 33.0, 33.0, 33.0, 33.0, 33.0, 33.0, 33.0, 33.0, 33.0, 33.0, 33.0, 33.0, 33.0, 33.0, 33.0, 33.0, 33.0, 33.0, 33.0, 33.0, 33.0, 33.0, 33.0, 33.0, 33.0, 33.0, 33.0, 33.0, 33.0, 33.0, 33.0, 33.0, 33.0, 33.0, 33.0, 33.0, 33.0, 33.0, 33.0, 33.0, 33.0, 33.0, 33.0, 33.0, 33.0, 33.0, 33.0, 33.0, 33.0, 33.0, 33.0, 33.0, 33.0, 33.0, 33.0, 33.0, 33.0, 33.0, 33.0, 33.0, 33.0, 33.0, 33.0, 33.0, 33.0, 33.0, 33.0, 33.0, 33.0, 33.0, 33.0, 33.0, 33.0, 33.0, 33.0, 33.0, 33.0, 33.0, 33.0, 33.0, 33.0, 33.0, 33.0, 33.0, 33.0, 33.0, 33.0, 33.0, 33.0, 33.0, 33.0, 33.0, 33.0, 33.0,