,number,value,datetime_start,datetime_complete,duration,params_batch_size_scaler,params_constant_learning_rate,params_depth,params_epochs,params_kernel_l2,params_num_trees,params_temperature,user_attrs_accuracy_test,user_attrs_accuracy_valid,user_attrs_approximate_feature_sparsity,user_attrs_approximate_feature_sparsity_history,user_attrs_approximate_weight_sparsity,user_attrs_approximate_weight_sparsity_history,user_attrs_auc_test,user_attrs_auc_valid,user_attrs_feature_sparsity,user_attrs_feature_sparsity_history,user_attrs_num_epochs,user_attrs_val_loss_history,user_attrs_weight_sparsity,user_attrs_weight_sparsity_history,state
4,4,0.885561180456261,2024-08-31 00:36:09.025601,2024-08-31 00:45:53.107438,0 days 00:09:44.081837,1,0.020402247877617876,6,150,0.007300053042915259,45,0.00024551934474363233,0.903,0.895,33,"[33, 33, 33, 33, 33, 33, 33, 33, 33, 33, 33, 33, 33, 33, 33, 33, 33, 33, 33, 33, 33, 33, 33, 33, 33, 33, 33, 33, 33, 33, 33, 33, 33, 33, 33, 33, 33, 33, 33, 33, 33, 33, 33, 33, 33, 33, 33, 33, 33, 33, 33, 33, 33, 33, 33, 33, 33, 33, 33, 33, 33, 33, 33, 33, 33, 33, 33, 33, 33, 33, 33, 33, 33, 33, 33, 33, 33, 33, 33, 33, 33, 33, 33, 33, 33, 33, 33, 33, 33, 33, 33, 33, 33, 33, 33, 33, 33, 33, 33, 33, 33, 33, 33, 33, 33, 33, 33, 33, 33, 33, 33, 33, 33, 33, 33, 33, 33, 33, 33, 33, 33, 33, 33, 33, 33, 33, 33, 33, 33, 33, 33, 33, 33, 33, 33, 33, 33, 33, 33, 33, 33, 33, 33, 33, 33, 33, 33, 33, 33, 33]",32.9358024691358,"[32.928747795414466, 32.92804232804233, 32.925925925925924, 32.92557319223986, 32.92204585537919, 32.91957671957672, 32.91992945326279, 32.91534391534392, 32.91851851851852, 32.92416225749559, 32.92451499118166, 32.92804232804233, 32.929805996472666, 32.928747795414466, 32.93544973544974, 32.93544973544974, 32.93333333333333, 32.93333333333333, 32.9347442680776, 32.9347442680776, 32.93968253968254, 32.9358024691358, 32.931569664902995, 32.932980599647266, 32.93333333333333, 32.931569664903, 32.9389770723104, 32.93121693121693, 32.927336860670195, 32.926984126984124, 32.92874779541446, 32.924867724867724, 32.923809523809524, 32.927336860670195, 32.931922398589066, 32.931569664903, 32.924867724867724, 32.928395061728395, 32.92663139329806, 32.92204585537919, 32.91816578483245, 32.92804232804233, 32.921693121693124, 32.91640211640212, 32.91851851851852, 32.923809523809524, 32.92910052910053, 32.92768959435626, 32.931569664902995, 32.929453262786595, 32.92910052910053, 32.931569664902995, 32.9326278659612, 32.924867724867724, 32.92698412698413, 32.929453262786595, 32.928395061728395, 32.923809523809524, 32.927336860670195, 32.925925925925924, 32.928395061728395, 32.926278659611995, 32.92910052910053, 32.92204585537919, 32.92134038800705, 32.92063492063492, 32.918165784832446, 32.927336860670195, 32.92239858906526, 32.9358024691358, 32.930511463844795, 32.926278659611995, 32.931922398589066, 32.930864197530866, 32.92663139329806, 32.927336860670195, 32.93015873015873, 32.923809523809524, 32.926278659611995, 32.92768959435626, 32.93333333333334, 32.930511463844795, 32.93862433862434, 32.93015873015873, 32.92910052910053, 32.92416225749559, 32.92768959435626, 32.93121693121693, 32.930864197530866, 32.931569664902995, 32.930864197530866, 32.93015873015873, 32.93015873015873, 32.92768959435626, 32.92557319223986, 32.93015873015873, 32.928395061728395, 32.931569664903, 32.927336860670195, 32.925925925925924, 32.92698412698413, 32.924867724867724, 32.92345679012346, 32.921693121693124, 32.92204585537919, 32.922751322751324, 32.924867724867724, 32.921693121693124, 32.91781305114639, 32.91534391534392, 32.923809523809524, 32.92204585537919, 32.92204585537919, 32.9326278659612, 32.933686067019394, 32.9347442680776, 32.9347442680776, 32.9347442680776, 32.934038800705466, 32.926984126984124, 32.92698412698413, 32.92768959435626, 32.923809523809524, 32.92804232804233, 32.92663139329806, 32.926278659611995, 32.925925925925924, 32.931569664902995, 32.93121693121693, 32.925220458553795, 32.92698412698413, 32.928747795414466, 32.929805996472666, 32.92522045855379, 32.926984126984124, 32.92910052910053, 32.9326278659612, 32.935097001763666, 32.936155202821865, 32.9347442680776, 32.931922398589066, 32.926984126984124, 32.92663139329806, 32.9326278659612, 32.93121693121694, 32.93615520282187, 32.934038800705466, 32.936860670194, 32.9336860670194, 32.9358024691358]",0.8716716617541427,0.885561180456261,33,"[33, 33, 33, 33, 33, 33, 33, 33, 33, 33, 33, 33, 33, 33, 33, 33, 33, 33, 33, 33, 33, 33, 33, 33, 33, 33, 33, 33, 33, 33, 33, 33, 33, 33, 33, 33, 33, 33, 33, 33, 33, 33, 33, 33, 33, 33, 33, 33, 33, 33, 33, 33, 33, 33, 33, 33, 33, 33, 33, 33, 33, 33, 33, 33, 33, 33, 33, 33, 33, 33, 33, 33, 33, 33, 33, 33, 33, 33, 33, 33, 33, 33, 33, 33, 33, 33, 33, 33, 33, 33, 33, 33, 33, 33, 33, 33, 33, 33, 33, 33, 33, 33, 33, 33, 33, 33, 33, 33, 33, 33, 33, 33, 33, 33, 33, 33, 33, 33, 33, 33, 33, 33, 33, 33, 33, 33, 33, 33, 33, 33, 33, 33, 33, 33, 33, 33, 33, 33, 33, 33, 33, 33, 33, 33, 33, 33, 33, 33, 33, 33]",150,"[0.4240635335445404, 0.3998294174671173, 0.39334988594055176, 0.38947129249572754, 0.3863179385662079, 0.3837021291255951, 0.38144925236701965, 0.3794858455657959, 0.3777080178260803, 0.37613075971603394, 0.37473198771476746, 0.37343788146972656, 0.3722762167453766, 0.3712042272090912, 0.3701545298099518, 0.3691661059856415, 0.3682347536087036, 0.3674372136592865, 0.36663541197776794, 0.3658372163772583, 0.3650720715522766, 0.36434799432754517, 0.3636128604412079, 0.36287248134613037, 0.36221572756767273, 0.36148449778556824, 0.3608115017414093, 0.3601640462875366, 0.3595021963119507, 0.3587823808193207, 0.3581976294517517, 0.35758349299430847, 0.3569137454032898, 0.356240451335907, 0.3555292785167694, 0.3549236059188843, 0.3542931377887726, 0.35370340943336487, 0.35301506519317627, 0.352387398481369, 0.3516923785209656, 0.35110247135162354, 0.35043472051620483, 0.3497800827026367, 0.34911102056503296, 0.34843510389328003, 0.3478047549724579, 0.34715306758880615, 0.3464660942554474, 0.34577590227127075, 0.3450733423233032, 0.3444252014160156, 0.34371888637542725, 0.34303146600723267, 0.34236568212509155, 0.3416804373264313, 0.34095653891563416, 0.3402937054634094, 0.33954524993896484, 0.3388540744781494, 0.3381774127483368, 0.3373914361000061, 0.336649626493454, 0.3358447551727295, 0.3351399600505829, 0.3344622850418091, 0.3336450159549713, 0.33285319805145264, 0.331960529088974, 0.33123111724853516, 0.3303752839565277, 0.32958924770355225, 0.32877132296562195, 0.3279263973236084, 0.3270304799079895, 0.3262275457382202, 0.32533377408981323, 0.32444992661476135, 0.3235947787761688, 0.32260483503341675, 0.32177624106407166, 0.32088643312454224, 0.3198946714401245, 0.3188782036304474, 0.3179314136505127, 0.31703150272369385, 0.3160461485385895, 0.31504392623901367, 0.31403613090515137, 0.3129948377609253, 0.3120359182357788, 0.31104910373687744, 0.30997803807258606, 0.308972030878067, 0.3079085052013397, 0.30693668127059937, 0.30584263801574707, 0.304777592420578, 0.3037244975566864, 0.30266255140304565, 0.3016299903392792, 0.300601601600647, 0.2994995415210724, 0.29844850301742554, 0.29740482568740845, 0.2963341474533081, 0.29524245858192444, 0.2942839562892914, 0.2931693196296692, 0.29213979840278625, 0.2910556495189667, 0.2900640368461609, 0.28902676701545715, 0.28803184628486633, 0.28707870841026306, 0.2860248386859894, 0.2850877642631531, 0.2840759754180908, 0.28312352299690247, 0.2821841835975647, 0.2812560796737671, 0.2803601920604706, 0.2794605493545532, 0.278648316860199, 0.27774399518966675, 0.2768840789794922, 0.2759963870048523, 0.2752312421798706, 0.2743525207042694, 0.27356088161468506, 0.272773414850235, 0.27197808027267456, 0.27127552032470703, 0.2705214023590088, 0.2697874903678894, 0.26911258697509766, 0.26836809515953064, 0.2676365375518799, 0.2669457495212555, 0.2662768065929413, 0.26564428210258484, 0.26502981781959534, 0.26431137323379517, 0.26372015476226807, 0.2630360424518585, 0.26236775517463684, 0.26176729798316956, 0.2612166404724121, 0.2606077790260315, 0.25996580719947815]",33.0,"[33.0, 33.0, 33.0, 33.0, 33.0, 33.0, 33.0, 33.0, 33.0, 33.0, 33.0, 33.0, 33.0, 33.0, 33.0, 33.0, 33.0, 33.0, 33.0, 33.0, 33.0, 33.0, 33.0, 33.0, 33.0, 33.0, 33.0, 33.0, 33.0, 33.0, 33.0, 33.0, 33.0, 33.0, 33.0, 33.0, 33.0, 33.0, 33.0, 33.0, 33.0, 33.0, 33.0, 33.0, 33.0, 33.0, 33.0, 33.0, 33.0, 33.0, 33.0, 33.0, 33.0, 33.0, 33.0, 33.0, 33.0, 33.0, 33.0, 33.0, 33.0, 33.0, 33.0, 33.0, 33.0, 33.0, 33.0, 33.0, 33.0, 33.0, 33.0, 33.0, 33.0, 33.0, 33.0, 33.0, 33.0, 33.0, 33.0, 33.0, 33.0, 33.0, 33.0, 33.0, 33.0, 33.0, 33.0, 33.0, 33.0, 33.0, 33.0, 33.0, 33.0, 33.0, 33.0, 33.0, 33.0, 33.0, 33.0, 33.0, 33.0, 33.0, 33.0, 33.0, 33.0, 33.0, 33.0, 33.0, 33.0, 33.0, 33.0, 33.0, 33.0, 33.0, 33.0, 33.0, 33.0, 33.0, 33.0, 33.0, 33.0, 33.0, 33.0, 33.0, 33.0, 33.0, 33.0, 33.0, 33.0, 33.0, 33.0, 33.0, 33.0, 33.0, 33.0, 33.0, 33.0, 33.0, 33.0, 33.0, 33.0, 33.0, 33.0, 33.0, 33.0, 33.0, 33.0, 33.0, 33.0, 33.0]",COMPLETE
5,5,0.791674717574165,2024-08-31 00:45:53.113841,2024-08-31 00:46:18.508904,0 days 00:00:25.395063,4,0.29834549048893877,4,75,0.05860256303804334,6,0.012568257791164588,0.882,0.86875,3,"[33, 26, 6, 3, 3, 3, 3, 3, 3, 3, 3, 3, 3, 3, 3, 3, 3, 3, 3, 3, 3, 3, 3, 3, 3, 3, 3, 3, 3, 3, 3, 3, 3, 3, 3, 3, 3, 3, 3, 3, 3, 3, 3, 3, 3, 3, 3, 3, 3, 3, 3, 3, 3, 3, 3, 3, 3, 3, 3, 3, 3, 3, 3, 3, 3, 3, 3, 3, 3, 3, 3, 3, 3, 3, 3]",3.0,"[32.98888888888889, 25.977777777777778, 6.0, 3.0, 3.0, 3.0, 3.0, 3.0, 3.0, 3.0, 3.0, 3.0, 2.988888888888889, 3.0, 3.0, 3.0, 3.0, 3.0, 3.0, 3.0, 3.0, 3.0, 2.988888888888889, 2.988888888888889, 3.0, 3.0, 3.0, 3.0, 3.0, 3.0, 3.0, 3.0, 3.0, 3.0, 3.0, 2.988888888888889, 3.0, 2.988888888888889, 3.0, 3.0, 3.0, 3.0, 3.0, 3.0, 3.0, 2.988888888888889, 3.0, 3.0, 3.0, 3.0, 3.0, 2.988888888888889, 2.988888888888889, 3.0, 3.0, 3.0, 3.0, 3.0, 3.0, 3.0, 3.0, 3.0, 3.0, 2.988888888888889, 2.988888888888889, 2.988888888888889, 3.0, 3.0, 3.0, 2.988888888888889, 3.0, 2.988888888888889, 2.988888888888889, 3.0, 3.0]",0.7998001965009618,0.791674717574165,3,"[33, 26, 6, 3, 3, 3, 3, 3, 3, 3, 3, 3, 3, 3, 3, 3, 3, 3, 3, 3, 3, 3, 3, 3, 3, 3, 3, 3, 3, 3, 3, 3, 3, 3, 3, 3, 3, 3, 3, 3, 3, 3, 3, 3, 3, 3, 3, 3, 3, 3, 3, 3, 3, 3, 3, 3, 3, 3, 3, 3, 3, 3, 3, 3, 3, 3, 3, 3, 3, 3, 3, 3, 3, 3, 3]",75,"[0.4075077176094055, 0.38946834206581116, 0.3806469738483429, 0.37468376755714417, 0.3710702955722809, 0.36746588349342346, 0.3643757104873657, 0.3611457347869873, 0.35853809118270874, 0.35620009899139404, 0.35431480407714844, 0.3524778485298157, 0.35131070017814636, 0.3505187928676605, 0.3493106961250305, 0.3483426570892334, 0.34770888090133667, 0.3475129008293152, 0.34665927290916443, 0.3465574383735657, 0.3458629548549652, 0.3454347252845764, 0.3452893793582916, 0.34476161003112793, 0.3449844419956207, 0.3442850112915039, 0.3446325957775116, 0.34426674246788025, 0.34411391615867615, 0.3441494107246399, 0.3438396453857422, 0.34429946541786194, 0.3437460958957672, 0.34381282329559326, 0.34364527463912964, 0.3430616855621338, 0.34293854236602783, 0.3428402245044708, 0.3424648940563202, 0.34311267733573914, 0.3423858880996704, 0.34280136227607727, 0.34313488006591797, 0.3420289158821106, 0.34188076853752136, 0.3422112762928009, 0.34209969639778137, 0.34209486842155457, 0.34165555238723755, 0.3413817286491394, 0.34119465947151184, 0.3416651785373688, 0.34125709533691406, 0.34212586283683777, 0.34117308259010315, 0.3409169018268585, 0.341060608625412, 0.3409050703048706, 0.3404195308685303, 0.3408149480819702, 0.34097081422805786, 0.3404839038848877, 0.34007468819618225, 0.33994266390800476, 0.3405241370201111, 0.3403794765472412, 0.3409624397754669, 0.33971527218818665, 0.3398141860961914, 0.3403944671154022, 0.34112873673439026, 0.339543879032135, 0.3395407497882843, 0.3395969867706299, 0.3394288122653961]",3.0,"[33.0, 26.0, 6.0, 3.0, 3.0, 3.0, 3.0, 3.0, 3.0, 3.0, 3.0, 3.0, 3.0, 3.0, 3.0, 3.0, 3.0, 3.0, 3.0, 3.0, 3.0, 3.0, 3.0, 3.0, 3.0, 3.0, 3.0, 3.0, 3.0, 3.0, 3.0, 3.0, 3.0, 3.0, 3.0, 3.0, 3.0, 3.0, 3.0, 3.0, 3.0, 3.0, 3.0, 3.0, 3.0, 3.0, 3.0, 3.0, 3.0, 3.0, 3.0, 3.0, 3.0, 3.0, 3.0, 3.0, 3.0, 3.0, 3.0, 3.0, 3.0, 3.0, 3.0, 3.0, 3.0, 3.0, 3.0, 3.0, 3.0, 3.0, 3.0, 3.0, 3.0, 3.0, 3.0]",COMPLETE
