,number,value,datetime_start,datetime_complete,duration,params_batch_size_scaler,params_constant_learning_rate,params_depth,params_epochs,params_kernel_l2,params_num_trees,params_temperature,user_attrs_accuracy_test,user_attrs_accuracy_valid,user_attrs_approximate_feature_sparsity,user_attrs_approximate_feature_sparsity_history,user_attrs_approximate_weight_sparsity,user_attrs_approximate_weight_sparsity_history,user_attrs_auc_test,user_attrs_auc_valid,user_attrs_feature_sparsity,user_attrs_feature_sparsity_history,user_attrs_num_epochs,user_attrs_val_loss_history,user_attrs_weight_sparsity,user_attrs_weight_sparsity_history,state
50,50,0.9193234661411035,2024-08-31 03:18:52.538280,2024-08-31 03:19:43.251376,0 days 00:00:50.713096,16,0.6626473811274624,5,95,0.12753505954436287,42,0.0005260982710467508,0.92,0.91625,21,"[33, 33, 33, 33, 33, 33, 33, 33, 33, 33, 33, 33, 33, 33, 33, 33, 33, 33, 33, 33, 33, 33, 33, 33, 33, 33, 33, 33, 33, 33, 33, 33, 33, 33, 33, 33, 33, 33, 33, 33, 33, 33, 33, 33, 33, 33, 33, 33, 33, 33, 33, 33, 33, 33, 33, 33, 33, 33, 33, 33, 33, 33, 33, 33, 33, 33, 33, 33, 33, 33, 33, 31, 29, 28, 25, 25, 24, 23, 23, 23, 23, 23, 23, 23, 23, 22, 22, 22, 22, 21, 21, 21, 21, 21, 21]",20.967741935483872,"[32.9531490015361, 32.95084485407066, 32.95007680491551, 32.94162826420891, 32.95007680491551, 32.94930875576036, 32.95161290322581, 32.94470046082949, 32.946236559139784, 32.94930875576037, 32.955453149001535, 32.956989247311824, 32.95084485407066, 32.94777265745007, 32.953917050691246, 32.956989247311824, 32.95775729646697, 32.95775729646697, 32.964669738863286, 32.95929339477726, 32.955453149001535, 32.944700460829495, 32.9531490015361, 32.95238095238095, 32.95238095238095, 32.953917050691246, 32.955453149001535, 32.94854070660522, 32.943932411674346, 32.94930875576037, 32.936251920122885, 32.94854070660522, 32.95161290322581, 32.96006144393241, 32.9615975422427, 32.95468509984639, 32.95084485407066, 32.96082949308756, 32.9531490015361, 32.94777265745007, 32.95468509984639, 32.95929339477726, 32.964669738863286, 32.96236559139785, 32.95468509984639, 32.96236559139785, 32.95775729646697, 32.96082949308755, 32.95161290322581, 32.95852534562212, 32.966205837173575, 32.955453149001535, 32.95775729646697, 32.955453149001535, 32.944700460829495, 32.95852534562212, 32.94930875576037, 32.9516129032258, 32.94854070660522, 32.946236559139784, 32.95084485407066, 32.9531490015361, 32.9531490015361, 32.94700460829493, 32.9531490015361, 32.95084485407066, 32.946236559139784, 32.945468509984636, 32.945468509984636, 32.94700460829493, 32.947004608294925, 30.955453149001535, 28.957757296466973, 27.96006144393241, 24.96620583717358, 24.961597542242703, 23.966973886328724, 22.96927803379416, 22.96927803379416, 22.97004608294931, 22.964669738863286, 22.969278033794165, 22.96082949308756, 22.96082949308756, 22.969278033794165, 21.96774193548387, 21.968509984639017, 21.970046082949306, 21.965437788018434, 20.96774193548387, 20.969278033794165, 20.96774193548387, 20.96774193548387, 20.96082949308756, 20.967741935483872]",0.9016917246674757,0.9193234661411035,21,"[33, 33, 33, 33, 33, 33, 33, 33, 33, 33, 33, 33, 33, 33, 33, 33, 33, 33, 33, 33, 33, 33, 33, 33, 33, 33, 33, 33, 33, 33, 33, 33, 33, 33, 33, 33, 33, 33, 33, 33, 33, 33, 33, 33, 33, 33, 33, 33, 33, 33, 33, 33, 33, 33, 33, 33, 33, 33, 33, 33, 33, 33, 33, 33, 33, 33, 33, 33, 33, 33, 33, 31, 29, 28, 25, 25, 24, 23, 23, 23, 23, 23, 23, 23, 23, 22, 22, 22, 22, 21, 21, 21, 21, 21, 21]",95,"[0.398159384727478, 0.38878291845321655, 0.3825822174549103, 0.3783120810985565, 0.3751147389411926, 0.3726048171520233, 0.3702898919582367, 0.36869946122169495, 0.3671261966228485, 0.3637467324733734, 0.36177924275398254, 0.359171062707901, 0.3569067716598511, 0.35453805327415466, 0.3526245057582855, 0.35068434476852417, 0.3488568067550659, 0.3465310335159302, 0.34455424547195435, 0.34301429986953735, 0.34064507484436035, 0.3382188081741333, 0.3360050916671753, 0.33381471037864685, 0.3317064344882965, 0.3294306695461273, 0.32733866572380066, 0.3246667981147766, 0.3223905861377716, 0.3188587427139282, 0.31588849425315857, 0.31327325105667114, 0.3107237219810486, 0.3081807494163513, 0.3050665855407715, 0.3029235005378723, 0.29987266659736633, 0.2970082759857178, 0.29500195384025574, 0.29259055852890015, 0.290187805891037, 0.28808897733688354, 0.2845930755138397, 0.28249895572662354, 0.2804591953754425, 0.27930331230163574, 0.2767390012741089, 0.27381542325019836, 0.2724100351333618, 0.27140629291534424, 0.26915645599365234, 0.2675154507160187, 0.26670417189598083, 0.2647568881511688, 0.2633553743362427, 0.2619115114212036, 0.2615812122821808, 0.2600218653678894, 0.25789517164230347, 0.256690114736557, 0.25525662302970886, 0.2556859850883484, 0.2534463107585907, 0.2520773410797119, 0.250704288482666, 0.250978946685791, 0.2481716275215149, 0.24701832234859467, 0.24629245698451996, 0.2450508177280426, 0.24389959871768951, 0.24317552149295807, 0.2428203523159027, 0.2418542057275772, 0.23943203687667847, 0.23981839418411255, 0.23584237694740295, 0.23536378145217896, 0.23482252657413483, 0.23473171889781952, 0.23466891050338745, 0.23361320793628693, 0.23194317519664764, 0.23074723780155182, 0.23061241209506989, 0.22956591844558716, 0.22675420343875885, 0.22623609006404877, 0.22594983875751495, 0.22478455305099487, 0.22282914817333221, 0.2219477891921997, 0.22421610355377197, 0.22046871483325958, 0.22021572291851044]",21.0,"[33.0, 33.0, 33.0, 33.0, 33.0, 33.0, 33.0, 33.0, 33.0, 33.0, 33.0, 33.0, 33.0, 33.0, 33.0, 33.0, 33.0, 33.0, 33.0, 33.0, 33.0, 33.0, 33.0, 33.0, 33.0, 33.0, 33.0, 33.0, 33.0, 33.0, 33.0, 33.0, 33.0, 33.0, 33.0, 33.0, 33.0, 33.0, 33.0, 33.0, 33.0, 33.0, 33.0, 33.0, 33.0, 33.0, 33.0, 33.0, 33.0, 33.0, 33.0, 33.0, 33.0, 33.0, 33.0, 33.0, 33.0, 33.0, 33.0, 33.0, 33.0, 33.0, 33.0, 33.0, 33.0, 33.0, 33.0, 33.0, 33.0, 33.0, 33.0, 31.0, 29.0, 28.0, 25.0, 25.0, 24.0, 23.0, 23.0, 23.0, 23.0, 23.0, 23.0, 23.0, 23.0, 22.0, 22.0, 22.0, 22.0, 21.0, 21.0, 21.0, 21.0, 21.0, 21.0]",COMPLETE
51,51,0.5,2024-08-31 03:19:44.476238,2024-08-31 03:21:11.311879,0 days 00:01:26.835641,1,0.9824436864708481,4,90,0.051540372691891996,50,0.09778230613730227,0.859,0.85875,0,"[0, 0, 0, 0, 0, 0, 0, 0, 0, 0, 0, 0, 0, 0, 0, 0, 0, 0, 0, 0, 0, 0, 0, 0, 0, 0, 0, 0, 0, 0, 0, 0, 0, 0, 0, 0, 0, 0, 0, 0, 0, 0, 0, 0, 0, 0, 0, 0, 0, 0, 0, 0, 0, 0, 0, 0, 0, 0, 0, 0, 0, 0, 0, 0, 0, 0, 0, 0, 0, 0, 0, 0, 0, 0, 0, 0, 0, 0, 0, 0, 0, 0, 0, 0, 0, 0, 0, 0, 0, 0]",0.0,"[0.0, 0.0, 0.0, 0.0, 0.0, 0.0, 0.0, 0.0, 0.0, 0.0, 0.0, 0.0, 0.0, 0.0, 0.0, 0.0, 0.0, 0.0, 0.0, 0.0, 0.0, 0.0, 0.0, 0.0, 0.0, 0.0, 0.0, 0.0, 0.0, 0.0, 0.0, 0.0, 0.0, 0.0, 0.0, 0.0, 0.0, 0.0, 0.0, 0.0, 0.0, 0.0, 0.0, 0.0, 0.0, 0.0, 0.0, 0.0, 0.0, 0.0, 0.0, 0.0, 0.0, 0.0, 0.0, 0.0, 0.0, 0.0, 0.0, 0.0, 0.0, 0.0, 0.0, 0.0, 0.0, 0.0, 0.0, 0.0, 0.0, 0.0, 0.0, 0.0, 0.0, 0.0, 0.0, 0.0, 0.0, 0.0, 0.0, 0.0, 0.0, 0.0, 0.0, 0.0, 0.0, 0.0, 0.0, 0.0, 0.0, 0.0]",0.5,0.5,0,"[0, 0, 0, 0, 0, 0, 0, 0, 0, 0, 0, 0, 0, 0, 0, 0, 0, 0, 0, 0, 0, 0, 0, 0, 0, 0, 0, 0, 0, 0, 0, 0, 0, 0, 0, 0, 0, 0, 0, 0, 0, 0, 0, 0, 0, 0, 0, 0, 0, 0, 0, 0, 0, 0, 0, 0, 0, 0, 0, 0, 0, 0, 0, 0, 0, 0, 0, 0, 0, 0, 0, 0, 0, 0, 0, 0, 0, 0, 0, 0, 0, 0, 0, 0, 0, 0, 0, 0, 0, 0]",90,"[0.42060670256614685, 0.4115831255912781, 0.49018582701683044, 0.4391849637031555, 0.42231911420822144, 0.4090295433998108, 0.4435874819755554, 0.571718692779541, 0.4651140570640564, 0.4121863543987274, 0.4182218611240387, 0.41355282068252563, 0.4183833599090576, 0.471187949180603, 0.41003358364105225, 0.41308116912841797, 0.43114984035491943, 0.43841099739074707, 0.4143509566783905, 0.4073975682258606, 0.49343761801719666, 0.4130428433418274, 0.4080545902252197, 0.4147581458091736, 0.4089994728565216, 0.4117492735385895, 0.4212092161178589, 0.4178568124771118, 0.4346495568752289, 0.42325928807258606, 0.48314762115478516, 0.4113093614578247, 0.44141778349876404, 0.4128073751926422, 0.4074592590332031, 0.42444443702697754, 0.43593886494636536, 0.4083236753940582, 0.41771286725997925, 0.4453915059566498, 0.40748265385627747, 0.41933920979499817, 0.4073648154735565, 0.4085468053817749, 0.5684398412704468, 0.40722599625587463, 0.4250718951225281, 0.4267721474170685, 0.43225163221359253, 0.4081164598464966, 0.4082525670528412, 0.437369167804718, 0.44350138306617737, 0.40906792879104614, 0.4247424006462097, 0.42650672793388367, 0.4851967990398407, 0.4083273410797119, 0.4306311309337616, 0.40827080607414246, 0.4141499996185303, 0.5485411882400513, 0.4146924912929535, 0.5858446359634399, 0.444938063621521, 0.43539658188819885, 0.4359438717365265, 0.48450806736946106, 0.40800049901008606, 0.42108482122421265, 0.4141748547554016, 0.4083789587020874, 0.4082617461681366, 0.4181954264640808, 0.4120735228061676, 0.4082997143268585, 0.42829713225364685, 0.4232374131679535, 0.4110138714313507, 0.41206204891204834, 0.40750202536582947, 0.40829041600227356, 0.4107232689857483, 0.4100770652294159, 0.4216512441635132, 0.4106464385986328, 0.41016697883605957, 0.42167019844055176, 0.40854185819625854, 0.40765002369880676]",0.0,"[0.0, 0.0, 0.0, 0.0, 0.0, 0.0, 0.0, 0.0, 0.0, 0.0, 0.0, 0.0, 0.0, 0.0, 0.0, 0.0, 0.0, 0.0, 0.0, 0.0, 0.0, 0.0, 0.0, 0.0, 0.0, 0.0, 0.0, 0.0, 0.0, 0.0, 0.0, 0.0, 0.0, 0.0, 0.0, 0.0, 0.0, 0.0, 0.0, 0.0, 0.0, 0.0, 0.0, 0.0, 0.0, 0.0, 0.0, 0.0, 0.0, 0.0, 0.0, 0.0, 0.0, 0.0, 0.0, 0.0, 0.0, 0.0, 0.0, 0.0, 0.0, 0.0, 0.0, 0.0, 0.0, 0.0, 0.0, 0.0, 0.0, 0.0, 0.0, 0.0, 0.0, 0.0, 0.0, 0.0, 0.0, 0.0, 0.0, 0.0, 0.0, 0.0, 0.0, 0.0, 0.0, 0.0, 0.0, 0.0, 0.0, 0.0]",COMPLETE
52,52,0.5,2024-08-31 03:21:12.369719,2024-08-31 03:21:16.370794,0 days 00:00:04.001075,16,0.6121020032133617,1,35,0.022656845652192913,4,0.0013375329804106958,0.859,0.85875,0,"[27, 13, 4, 4, 3, 2, 2, 2, 2, 2, 1, 1, 1, 1, 0, 0, 0, 0, 0, 0, 0, 0, 0, 0, 0, 0, 0, 0, 0, 0, 0, 0, 0, 0, 0]",0.0,"[27.0, 13.0, 4.0, 4.0, 3.0, 2.0, 2.0, 2.0, 2.0, 2.0, 1.0, 1.0, 1.0, 1.0, 0.0, 0.0, 0.0, 0.0, 0.0, 0.0, 0.0, 0.0, 0.0, 0.0, 0.0, 0.0, 0.0, 0.0, 0.0, 0.0, 0.0, 0.0, 0.0, 0.0, 0.0]",0.5,0.5,0,"[27, 13, 4, 4, 3, 2, 2, 2, 2, 2, 1, 1, 1, 1, 0, 0, 0, 0, 0, 0, 0, 0, 0, 0, 0, 0, 0, 0, 0, 0, 0, 0, 0, 0, 0]",35,"[0.41293060779571533, 0.3874150514602661, 0.3746599853038788, 0.37313470244407654, 0.37133416533470154, 0.3904471695423126, 0.3849586248397827, 0.38380300998687744, 0.38345158100128174, 0.3831442892551422, 0.39084717631340027, 0.3901636600494385, 0.3903198540210724, 0.39188864827156067, 0.4075809717178345, 0.40727195143699646, 0.4072396457195282, 0.4075098931789398, 0.4073679745197296, 0.41089093685150146, 0.4072282910346985, 0.4072272777557373, 0.40761810541152954, 0.4074997305870056, 0.4075075387954712, 0.4073411524295807, 0.4078007638454437, 0.40722769498825073, 0.40734508633613586, 0.4076666235923767, 0.40764713287353516, 0.4102461338043213, 0.4072282016277313, 0.40815994143486023, 0.40838339924812317]",0.0,"[27.0, 13.0, 4.0, 4.0, 3.0, 2.0, 2.0, 2.0, 2.0, 2.0, 1.0, 1.0, 1.0, 1.0, 0.0, 0.0, 0.0, 0.0, 0.0, 0.0, 0.0, 0.0, 0.0, 0.0, 0.0, 0.0, 0.0, 0.0, 0.0, 0.0, 0.0, 0.0, 0.0, 0.0, 0.0]",COMPLETE
