,number,value,datetime_start,datetime_complete,duration,params_batch_size_scaler,params_constant_learning_rate,params_depth,params_epochs,params_kernel_l2,params_num_trees,params_temperature,user_attrs_accuracy_test,user_attrs_accuracy_valid,user_attrs_approximate_feature_sparsity,user_attrs_approximate_feature_sparsity_history,user_attrs_approximate_weight_sparsity,user_attrs_approximate_weight_sparsity_history,user_attrs_auc_test,user_attrs_auc_valid,user_attrs_feature_sparsity,user_attrs_feature_sparsity_history,user_attrs_num_epochs,user_attrs_val_loss_history,user_attrs_weight_sparsity,user_attrs_weight_sparsity_history,state
150,150,0.7711738867205111,2024-08-31 07:47:33.644198,2024-08-31 07:48:24.130565,0 days 00:00:50.486367,16,0.015068557373295498,3,405,0.005888205652765702,50,0.0014937953009959864,0.88,0.875,33,"[33, 33, 33, 33, 33, 33, 33, 33, 33, 33, 33, 33, 33, 33, 33, 33, 33, 33, 33, 33, 33, 33, 33, 33, 33, 33, 33, 33, 33, 33, 33, 33, 33, 33, 33, 33, 33, 33, 33, 33, 33, 33, 33, 33, 33, 33, 33, 33, 33, 33, 33, 33, 33, 33, 33, 33, 33, 33, 33, 33, 33, 33, 33, 33, 33, 33, 33, 33, 33, 33, 33, 33, 33, 33, 33, 33, 33, 33, 33, 33, 33, 33, 33, 33, 33, 33, 33, 33, 33, 33, 33, 33, 33, 33, 33, 33, 33, 33, 33, 33, 33, 33, 33, 33, 33, 33, 33, 33, 33, 33, 33, 33, 33, 33, 33, 33, 33, 33, 33, 33, 33, 33, 33, 33, 33, 33, 33, 33, 33, 33, 33, 33, 33, 33, 33, 33, 33, 33, 33, 33, 33, 33, 33, 33, 33, 33, 33, 33, 33, 33, 33, 33, 33, 33, 33, 33, 33, 33, 33, 33, 33, 33, 33, 33, 33, 33, 33, 33, 33, 33, 33, 33, 33, 33, 33, 33, 33, 33, 33, 33, 33, 33, 33, 33, 33, 33, 33, 33, 33, 33, 33, 33, 33, 33, 33, 33, 33, 33, 33, 33, 33, 33, 33, 33, 33, 33, 33, 33, 33, 33, 33, 33, 33, 33, 33, 33, 33, 33, 33, 33, 33, 33, 33, 33, 33, 33, 33, 33, 33, 33, 33, 33, 33, 33, 33, 33, 33, 33, 33, 33, 33, 33, 33, 33, 33, 33, 33, 33, 33, 33, 33, 33, 33, 33, 33, 33, 33, 33, 33, 33, 33, 33, 33, 33, 33, 33, 33, 33, 33, 33, 33, 33, 33, 33, 33, 33, 33, 33, 33, 33, 33, 33, 33, 33, 33, 33, 33, 33, 33, 33, 33, 33, 33, 33, 33, 33, 33, 33, 33, 33, 33, 33, 33, 33, 33, 33, 33, 33, 33, 33, 33, 33, 33, 33, 33, 33, 33, 33, 33, 33, 33, 33, 33, 33, 33, 33, 33, 33, 33, 33, 33, 33, 33, 33, 33, 33, 33, 33, 33, 33, 33, 33, 33, 33, 33, 33, 33, 33, 33, 33, 33, 33, 33, 33, 33, 33, 33, 33, 33, 33, 33, 33, 33, 33, 33, 33, 33, 33, 33, 33, 33, 33, 33, 33, 33, 33, 33, 33, 33, 33, 33, 33, 33, 33, 33, 33, 33, 33, 33, 33, 33, 33, 33, 33, 33, 33, 33, 33, 33, 33, 33, 33, 33, 33, 33]",32.98857142857143,"[32.98285714285714, 32.971428571428575, 32.98857142857143, 32.98, 32.97714285714286, 32.980000000000004, 32.97714285714286, 32.98, 32.98285714285714, 32.97714285714286, 32.97428571428571, 32.98285714285714, 32.97428571428571, 32.97714285714286, 32.98285714285714, 32.96857142857143, 32.97428571428571, 32.97714285714286, 32.97428571428571, 32.96857142857143, 32.980000000000004, 32.98285714285714, 32.97714285714286, 32.98571428571429, 32.98285714285714, 32.98857142857143, 32.98571428571429, 32.980000000000004, 32.98857142857143, 32.988571428571426, 32.98, 32.97714285714286, 32.97428571428571, 32.97714285714286, 32.98285714285714, 32.98, 32.980000000000004, 32.98857142857143, 32.98571428571429, 32.98285714285714, 32.98285714285714, 32.98571428571429, 32.988571428571426, 32.98, 32.97142857142857, 32.962857142857146, 32.97142857142857, 32.98285714285714, 32.98285714285714, 32.980000000000004, 32.97428571428571, 32.971428571428575, 32.957142857142856, 32.97428571428571, 32.98571428571429, 32.98285714285714, 32.980000000000004, 32.98285714285714, 32.98285714285714, 32.98571428571429, 32.99142857142857, 32.98285714285714, 32.98571428571429, 32.97714285714286, 32.97428571428571, 32.96857142857143, 32.95142857142857, 32.962857142857146, 32.962857142857146, 32.96, 32.965714285714284, 32.965714285714284, 32.971428571428575, 32.96857142857143, 32.96, 32.96, 32.957142857142856, 32.962857142857146, 32.96857142857143, 32.962857142857146, 32.962857142857146, 32.96857142857143, 32.965714285714284, 32.971428571428575, 32.97428571428571, 32.97428571428571, 32.96857142857143, 32.971428571428575, 32.962857142857146, 32.96857142857143, 32.971428571428575, 32.97714285714286, 32.97428571428571, 32.96857142857143, 32.971428571428575, 32.97428571428571, 32.971428571428575, 32.962857142857146, 32.96857142857143, 32.965714285714284, 32.965714285714284, 32.965714285714284, 32.96, 32.96857142857143, 32.96857142857143, 32.971428571428575, 32.96857142857143, 32.962857142857146, 32.962857142857146, 32.965714285714284, 32.96, 32.96, 32.957142857142856, 32.96, 32.965714285714284, 32.971428571428575, 32.971428571428575, 32.97714285714286, 32.980000000000004, 32.97714285714286, 32.97714285714286, 32.97714285714286, 32.97714285714286, 32.98857142857143, 32.98571428571429, 32.98285714285714, 32.97142857142857, 32.97714285714286, 32.980000000000004, 32.98285714285714, 32.97714285714286, 32.97428571428571, 32.97428571428571, 32.971428571428575, 32.971428571428575, 32.96, 32.97428571428571, 32.98285714285714, 32.98285714285714, 32.98, 32.97428571428571, 32.97142857142857, 32.96857142857143, 32.97142857142857, 32.97142857142857, 32.97714285714286, 32.98285714285714, 32.98571428571429, 32.98285714285714, 32.980000000000004, 32.97428571428571, 32.97428571428571, 32.97428571428571, 32.96857142857143, 32.97714285714286, 32.97714285714286, 32.97428571428571, 32.97714285714286, 32.97428571428571, 32.97428571428571, 32.97428571428571, 32.97714285714286, 32.97714285714286, 32.97428571428571, 32.971428571428575, 32.97428571428571, 32.97714285714286, 32.97428571428571, 32.965714285714284, 32.971428571428575, 32.96857142857143, 32.962857142857146, 32.971428571428575, 32.96857142857143, 32.971428571428575, 32.97714285714286, 32.97714285714286, 32.97714285714286, 32.98, 32.98, 32.98, 32.97428571428571, 32.97714285714286, 32.97428571428571, 32.97714285714286, 32.97714285714286, 32.97714285714286, 32.97428571428571, 32.97714285714286, 32.97714285714286, 32.97714285714286, 32.980000000000004, 32.97714285714286, 32.98285714285714, 32.98285714285714, 32.98571428571429, 32.98571428571429, 32.98285714285714, 32.98571428571429, 32.980000000000004, 32.98571428571429, 32.98285714285714, 32.98285714285714, 32.98571428571429, 32.98571428571429, 32.98571428571429, 32.98857142857143, 32.98571428571429, 32.98857142857143, 32.98285714285714, 32.98285714285714, 32.97714285714286, 32.971428571428575, 32.97428571428571, 32.971428571428575, 32.971428571428575, 32.96857142857143, 32.965714285714284, 32.965714285714284, 32.97428571428571, 32.962857142857146, 32.962857142857146, 32.96857142857143, 32.965714285714284, 32.965714285714284, 32.962857142857146, 32.957142857142856, 32.96, 32.96, 32.96, 32.962857142857146, 32.96857142857143, 32.971428571428575, 32.96857142857143, 32.96857142857143, 32.96857142857143, 32.971428571428575, 32.965714285714284, 32.97714285714286, 32.980000000000004, 32.980000000000004, 32.980000000000004, 32.97428571428571, 32.97714285714286, 32.97714285714286, 32.97714285714286, 32.97428571428571, 32.97714285714286, 32.97714285714286, 32.97714285714286, 32.97714285714286, 32.98571428571429, 32.98571428571429, 32.98285714285714, 32.98857142857143, 32.98857142857143, 32.98285714285714, 32.98571428571429, 32.98571428571429, 32.99142857142857, 32.98571428571429, 32.98, 32.97428571428571, 32.97428571428571, 32.97428571428571, 32.97714285714286, 32.97428571428571, 32.97428571428571, 32.971428571428575, 32.97428571428571, 32.97428571428571, 32.97142857142857, 32.965714285714284, 32.965714285714284, 32.96857142857143, 32.965714285714284, 32.965714285714284, 32.965714285714284, 32.96285714285714, 32.965714285714284, 32.965714285714284, 32.965714285714284, 32.965714285714284, 32.957142857142856, 32.95428571428572, 32.95428571428571, 32.95428571428572, 32.957142857142856, 32.96, 32.965714285714284, 32.965714285714284, 32.96, 32.95428571428572, 32.95428571428572, 32.96, 32.957142857142856, 32.95428571428572, 32.95428571428572, 32.96, 32.962857142857146, 32.971428571428575, 32.96857142857143, 32.97428571428571, 32.965714285714284, 32.96285714285714, 32.965714285714284, 32.965714285714284, 32.97428571428571, 32.97428571428571, 32.97428571428571, 32.96857142857143, 32.96857142857143, 32.96, 32.95142857142857, 32.957142857142856, 32.96, 32.962857142857146, 32.965714285714284, 32.962857142857146, 32.96857142857143, 32.97428571428571, 32.965714285714284, 32.96857142857143, 32.962857142857146, 32.965714285714284, 32.96857142857143, 32.96857142857143, 32.96857142857143, 32.96857142857143, 32.96857142857143, 32.96857142857143, 32.97428571428571, 32.97428571428571, 32.96857142857143, 32.96857142857143, 32.96857142857143, 32.965714285714284, 32.962857142857146, 32.971428571428575, 32.97428571428571, 32.980000000000004, 32.980000000000004, 32.980000000000004, 32.980000000000004, 32.97428571428571, 32.96857142857143, 32.971428571428575, 32.965714285714284, 32.962857142857146, 32.96, 32.96, 32.962857142857146, 32.962857142857146, 32.962857142857146, 32.957142857142856, 32.95142857142857, 32.95142857142857, 32.95142857142857, 32.95142857142857, 32.95142857142857, 32.957142857142856, 32.965714285714284, 32.965714285714284, 32.96, 32.965714285714284, 32.965714285714284, 32.96857142857143, 32.965714285714284, 32.965714285714284, 32.96857142857143, 32.965714285714284, 32.96, 32.962857142857146, 32.96857142857143, 32.971428571428575, 32.971428571428575, 32.965714285714284, 32.96857142857143, 32.96, 32.965714285714284, 32.965714285714284, 32.96, 32.965714285714284, 32.965714285714284, 32.96857142857143, 32.96857142857143, 32.965714285714284, 32.965714285714284, 32.96857142857143, 32.97142857142857, 32.96857142857143, 32.965714285714284, 32.965714285714284, 32.97142857142857, 32.97142857142857, 32.96857142857143, 32.96857142857143, 32.965714285714284, 32.96857142857143, 32.97714285714286, 32.97714285714286, 32.980000000000004, 32.98285714285714, 32.980000000000004, 32.98857142857143]",0.8002625517053477,0.7711738867205111,33,"[33, 33, 33, 33, 33, 33, 33, 33, 33, 33, 33, 33, 33, 33, 33, 33, 33, 33, 33, 33, 33, 33, 33, 33, 33, 33, 33, 33, 33, 33, 33, 33, 33, 33, 33, 33, 33, 33, 33, 33, 33, 33, 33, 33, 33, 33, 33, 33, 33, 33, 33, 33, 33, 33, 33, 33, 33, 33, 33, 33, 33, 33, 33, 33, 33, 33, 33, 33, 33, 33, 33, 33, 33, 33, 33, 33, 33, 33, 33, 33, 33, 33, 33, 33, 33, 33, 33, 33, 33, 33, 33, 33, 33, 33, 33, 33, 33, 33, 33, 33, 33, 33, 33, 33, 33, 33, 33, 33, 33, 33, 33, 33, 33, 33, 33, 33, 33, 33, 33, 33, 33, 33, 33, 33, 33, 33, 33, 33, 33, 33, 33, 33, 33, 33, 33, 33, 33, 33, 33, 33, 33, 33, 33, 33, 33, 33, 33, 33, 33, 33, 33, 33, 33, 33, 33, 33, 33, 33, 33, 33, 33, 33, 33, 33, 33, 33, 33, 33, 33, 33, 33, 33, 33, 33, 33, 33, 33, 33, 33, 33, 33, 33, 33, 33, 33, 33, 33, 33, 33, 33, 33, 33, 33, 33, 33, 33, 33, 33, 33, 33, 33, 33, 33, 33, 33, 33, 33, 33, 33, 33, 33, 33, 33, 33, 33, 33, 33, 33, 33, 33, 33, 33, 33, 33, 33, 33, 33, 33, 33, 33, 33, 33, 33, 33, 33, 33, 33, 33, 33, 33, 33, 33, 33, 33, 33, 33, 33, 33, 33, 33, 33, 33, 33, 33, 33, 33, 33, 33, 33, 33, 33, 33, 33, 33, 33, 33, 33, 33, 33, 33, 33, 33, 33, 33, 33, 33, 33, 33, 33, 33, 33, 33, 33, 33, 33, 33, 33, 33, 33, 33, 33, 33, 33, 33, 33, 33, 33, 33, 33, 33, 33, 33, 33, 33, 33, 33, 33, 33, 33, 33, 33, 33, 33, 33, 33, 33, 33, 33, 33, 33, 33, 33, 33, 33, 33, 33, 33, 33, 33, 33, 33, 33, 33, 33, 33, 33, 33, 33, 33, 33, 33, 33, 33, 33, 33, 33, 33, 33, 33, 33, 33, 33, 33, 33, 33, 33, 33, 33, 33, 33, 33, 33, 33, 33, 33, 33, 33, 33, 33, 33, 33, 33, 33, 33, 33, 33, 33, 33, 33, 33, 33, 33, 33, 33, 33, 33, 33, 33, 33, 33, 33, 33, 33, 33, 33, 33, 33, 33, 33, 33, 33, 33, 33, 33, 33]",405,"[0.7170464992523193, 0.5046347379684448, 0.44218960404396057, 0.42002570629119873, 0.4101088345050812, 0.40524977445602417, 0.4025317430496216, 0.40078485012054443, 0.3995746672153473, 0.39856478571891785, 0.39770352840423584, 0.39684879779815674, 0.39608824253082275, 0.3953426778316498, 0.3946636915206909, 0.393951952457428, 0.3932960629463196, 0.3926709294319153, 0.39206188917160034, 0.39147239923477173, 0.3909050226211548, 0.390359103679657, 0.3898153007030487, 0.38928863406181335, 0.38875728845596313, 0.3882434070110321, 0.38773486018180847, 0.38726574182510376, 0.3867837190628052, 0.38634276390075684, 0.3858887553215027, 0.38545700907707214, 0.3850327730178833, 0.38463294506073, 0.3842284381389618, 0.3838531970977783, 0.38345563411712646, 0.38307875394821167, 0.38269558548927307, 0.3823660910129547, 0.3820064663887024, 0.38167014718055725, 0.3813277781009674, 0.3810175955295563, 0.38069143891334534, 0.3803790211677551, 0.3800743818283081, 0.379794716835022, 0.37949830293655396, 0.37920820713043213, 0.37891167402267456, 0.3786167502403259, 0.37835872173309326, 0.3780839443206787, 0.3778298497200012, 0.3775586187839508, 0.3773062229156494, 0.37706059217453003, 0.3768410384654999, 0.3766028881072998, 0.3763836622238159, 0.37616148591041565, 0.3759223520755768, 0.3756815791130066, 0.3754715621471405, 0.3752478361129761, 0.3750322759151459, 0.37483471632003784, 0.3746328353881836, 0.3744317889213562, 0.37423238158226013, 0.37403497099876404, 0.3738512396812439, 0.37364569306373596, 0.37342533469200134, 0.37326422333717346, 0.3731231987476349, 0.372945636510849, 0.37273091077804565, 0.3725332021713257, 0.3723432123661041, 0.3721683621406555, 0.3720114827156067, 0.37182632088661194, 0.37166500091552734, 0.37151607871055603, 0.37137290835380554, 0.37119317054748535, 0.37098002433776855, 0.37082403898239136, 0.3706203103065491, 0.37046921253204346, 0.37031322717666626, 0.37014541029930115, 0.36998966336250305, 0.36982131004333496, 0.36968985199928284, 0.3695526123046875, 0.36941519379615784, 0.3693230152130127, 0.3691483438014984, 0.36900973320007324, 0.3688546419143677, 0.3687037229537964, 0.368562251329422, 0.368429571390152, 0.3682844936847687, 0.3681459128856659, 0.36796635389328003, 0.367823988199234, 0.36769595742225647, 0.36757493019104004, 0.3674170672893524, 0.36724844574928284, 0.36710572242736816, 0.3669646084308624, 0.36683255434036255, 0.3667278587818146, 0.3665837347507477, 0.3664749562740326, 0.3663598299026489, 0.36621034145355225, 0.3660683333873749, 0.3659587502479553, 0.36583220958709717, 0.3657066226005554, 0.36553990840911865, 0.3654324412345886, 0.365342378616333, 0.3652181327342987, 0.3650743365287781, 0.364920437335968, 0.3648538291454315, 0.3647299110889435, 0.364578515291214, 0.3644739091396332, 0.36432161927223206, 0.3641911745071411, 0.3640432059764862, 0.36390700936317444, 0.36379191279411316, 0.363666832447052, 0.36352303624153137, 0.3634077310562134, 0.3633163571357727, 0.36318108439445496, 0.36303970217704773, 0.36294564604759216, 0.36279919743537903, 0.3626910448074341, 0.3625924587249756, 0.36246269941329956, 0.362324059009552, 0.36218202114105225, 0.36204543709754944, 0.36192551255226135, 0.36180567741394043, 0.3616877794265747, 0.36156803369522095, 0.3614540994167328, 0.36134690046310425, 0.3612119257450104, 0.3610977828502655, 0.3609682321548462, 0.3608749806880951, 0.36075496673583984, 0.3606446385383606, 0.3605286478996277, 0.36044037342071533, 0.3603484630584717, 0.36023008823394775, 0.36009299755096436, 0.3599663972854614, 0.35985565185546875, 0.3597831428050995, 0.3596380650997162, 0.3595070540904999, 0.359353631734848, 0.3592488765716553, 0.359144926071167, 0.3590681850910187, 0.35898151993751526, 0.35884472727775574, 0.3587590456008911, 0.35864853858947754, 0.3585151731967926, 0.3583986759185791, 0.3582793176174164, 0.35819217562675476, 0.3580845892429352, 0.35794517397880554, 0.35784173011779785, 0.35774093866348267, 0.35761725902557373, 0.357523649930954, 0.35740622878074646, 0.3572905659675598, 0.3571769595146179, 0.3570615351200104, 0.35696011781692505, 0.3568337559700012, 0.35673290491104126, 0.35663023591041565, 0.3565157353878021, 0.35643309354782104, 0.35633403062820435, 0.3562178909778595, 0.3561016321182251, 0.35595741868019104, 0.35583439469337463, 0.3557484745979309, 0.35568296909332275, 0.35561421513557434, 0.35552337765693665, 0.3554108738899231, 0.3552880883216858, 0.3551531732082367, 0.35504600405693054, 0.35498371720314026, 0.3548654615879059, 0.35475197434425354, 0.3546200692653656, 0.3545130789279938, 0.35441455245018005, 0.3542843163013458, 0.35419774055480957, 0.3540773093700409, 0.3539591133594513, 0.35384657979011536, 0.3537142276763916, 0.3536238968372345, 0.35351836681365967, 0.3534390926361084, 0.353351891040802, 0.3532303273677826, 0.3531387746334076, 0.35302552580833435, 0.3529021739959717, 0.35278189182281494, 0.35268470644950867, 0.3525994122028351, 0.3525185286998749, 0.3524177074432373, 0.35231536626815796, 0.3522113859653473, 0.35209301114082336, 0.3520076870918274, 0.35187065601348877, 0.35179099440574646, 0.3516910672187805, 0.35160472989082336, 0.3514825105667114, 0.3513779044151306, 0.351278692483902, 0.351144939661026, 0.3510587215423584, 0.3509558439254761, 0.35088303685188293, 0.3507646918296814, 0.35064783692359924, 0.35055607557296753, 0.350472092628479, 0.3503556549549103, 0.3502246141433716, 0.35015395283699036, 0.35005295276641846, 0.3499535620212555, 0.349867582321167, 0.34977853298187256, 0.3496457040309906, 0.3495427370071411, 0.3494361639022827, 0.349348247051239, 0.3492695689201355, 0.34914129972457886, 0.3490474820137024, 0.3489483892917633, 0.34886181354522705, 0.34876182675361633, 0.34870949387550354, 0.3485763669013977, 0.3484862446784973, 0.3483940362930298, 0.3483060896396637, 0.34820133447647095, 0.34807705879211426, 0.3479767143726349, 0.34787118434906006, 0.3477397859096527, 0.34764260053634644, 0.34752386808395386, 0.3474285900592804, 0.3473282754421234, 0.34721824526786804, 0.347118079662323, 0.34704646468162537, 0.34693214297294617, 0.34684550762176514, 0.34674036502838135, 0.34666454792022705, 0.34656253457069397, 0.3464926481246948, 0.3463537096977234, 0.34623292088508606, 0.34612515568733215, 0.34602460265159607, 0.34592804312705994, 0.34582844376564026, 0.34572315216064453, 0.34563252329826355, 0.34555140137672424, 0.3454667925834656, 0.345357209444046, 0.34528717398643494, 0.34516045451164246, 0.3450833857059479, 0.34501221776008606, 0.3448808193206787, 0.34479328989982605, 0.3446911871433258, 0.3445948660373688, 0.3445374667644501, 0.3444172143936157, 0.3443146049976349, 0.3442087471485138, 0.34410831332206726, 0.3440499007701874, 0.3439600467681885, 0.3438453674316406, 0.34374383091926575, 0.3436920642852783, 0.3436104953289032, 0.34350159764289856, 0.3433780372142792, 0.3432518243789673, 0.3431331217288971, 0.34304946660995483, 0.342952698469162, 0.3428668975830078, 0.34277138113975525, 0.34269478917121887, 0.34258437156677246, 0.3424786329269409, 0.34240561723709106, 0.3423393964767456, 0.3422474265098572, 0.34217149019241333, 0.34207683801651, 0.34198319911956787, 0.34186413884162903, 0.3417682945728302, 0.34167158603668213, 0.34159356355667114, 0.3415105938911438, 0.3414367735385895, 0.34134015440940857, 0.3412579298019409, 0.34116366505622864, 0.3410587012767792, 0.3409482538700104, 0.34087318181991577, 0.3407753109931946, 0.3406851887702942, 0.3405699133872986, 0.3404683768749237, 0.34037986397743225, 0.34031495451927185, 0.34019505977630615, 0.34011927247047424, 0.3400258719921112, 0.3399215638637543, 0.3398227393627167, 0.3397364020347595, 0.33964022994041443, 0.33959320187568665, 0.3395041525363922, 0.33940136432647705, 0.3393296003341675, 0.33924901485443115, 0.33914047479629517, 0.3390670418739319, 0.3389691412448883, 0.3388434946537018, 0.33875733613967896, 0.3386269807815552, 0.3385402262210846, 0.3384428918361664, 0.338362455368042, 0.33826401829719543, 0.3381655514240265, 0.3380911946296692, 0.3379902243614197, 0.33789756894111633, 0.33782511949539185, 0.33774131536483765, 0.3376513719558716, 0.3375891447067261, 0.33749672770500183, 0.33740606904029846, 0.3373236358165741, 0.3372500240802765, 0.3371503949165344, 0.3370647430419922, 0.3369654417037964, 0.3368805944919586]",33.0,"[33.0, 33.0, 33.0, 33.0, 33.0, 33.0, 33.0, 33.0, 33.0, 33.0, 33.0, 33.0, 33.0, 33.0, 33.0, 33.0, 33.0, 33.0, 33.0, 33.0, 33.0, 33.0, 33.0, 33.0, 33.0, 33.0, 33.0, 33.0, 33.0, 33.0, 33.0, 33.0, 33.0, 33.0, 33.0, 33.0, 33.0, 33.0, 33.0, 33.0, 33.0, 33.0, 33.0, 33.0, 33.0, 33.0, 33.0, 33.0, 33.0, 33.0, 33.0, 33.0, 33.0, 33.0, 33.0, 33.0, 33.0, 33.0, 33.0, 33.0, 33.0, 33.0, 33.0, 33.0, 33.0, 33.0, 33.0, 33.0, 33.0, 33.0, 33.0, 33.0, 33.0, 33.0, 33.0, 33.0, 33.0, 33.0, 33.0, 33.0, 33.0, 33.0, 33.0, 33.0, 33.0, 33.0, 33.0, 33.0, 33.0, 33.0, 33.0, 33.0, 33.0, 33.0, 33.0, 33.0, 33.0, 33.0, 33.0, 33.0, 33.0, 33.0, 33.0, 33.0, 33.0, 33.0, 33.0, 33.0, 33.0, 33.0, 33.0, 33.0, 33.0, 33.0, 33.0, 33.0, 33.0, 33.0, 33.0, 33.0, 33.0, 33.0, 33.0, 33.0, 33.0, 33.0, 33.0, 33.0, 33.0, 33.0, 33.0, 33.0, 33.0, 33.0, 33.0, 33.0, 33.0, 33.0, 33.0, 33.0, 33.0, 33.0, 33.0, 33.0, 33.0, 33.0, 33.0, 33.0, 33.0, 33.0, 33.0, 33.0, 33.0, 33.0, 33.0, 33.0, 33.0, 33.0, 33.0, 33.0, 33.0, 33.0, 33.0, 33.0, 33.0, 33.0, 33.0, 33.0, 33.0, 33.0, 33.0, 33.0, 33.0, 33.0, 33.0, 33.0, 33.0, 33.0, 33.0, 33.0, 33.0, 33.0, 33.0, 33.0, 33.0, 33.0, 33.0, 33.0, 33.0, 33.0, 33.0, 33.0, 33.0, 33.0, 33.0, 33.0, 33.0, 33.0, 33.0, 33.0, 33.0, 33.0, 33.0, 33.0, 33.0, 33.0, 33.0, 33.0, 33.0, 33.0, 33.0, 33.0, 33.0, 33.0, 33.0, 33.0, 33.0, 33.0, 33.0, 33.0, 33.0, 33.0, 33.0, 33.0, 33.0, 33.0, 33.0, 33.0, 33.0, 33.0, 33.0, 33.0, 33.0, 33.0, 33.0, 33.0, 33.0, 33.0, 33.0, 33.0, 33.0, 33.0, 33.0, 33.0, 33.0, 33.0, 33.0, 33.0, 33.0, 33.0, 33.0, 33.0, 33.0, 33.0, 33.0, 33.0, 33.0, 33.0, 33.0, 33.0, 33.0, 33.0, 33.0, 33.0, 33.0, 33.0, 33.0, 33.0, 33.0, 33.0, 33.0, 33.0, 33.0, 33.0, 33.0, 33.0, 33.0, 33.0, 33.0, 33.0, 33.0, 33.0, 33.0, 33.0, 33.0, 33.0, 33.0, 33.0, 33.0, 33.0, 33.0, 33.0, 33.0, 33.0, 33.0, 33.0, 33.0, 33.0, 33.0, 33.0, 33.0, 33.0, 33.0, 33.0, 33.0, 33.0, 33.0, 33.0, 33.0, 33.0, 33.0, 33.0, 33.0, 33.0, 33.0, 33.0, 33.0, 33.0, 33.0, 33.0, 33.0, 33.0, 33.0, 33.0, 33.0, 33.0, 33.0, 33.0, 33.0, 33.0, 33.0, 33.0, 33.0, 33.0, 33.0, 33.0, 33.0, 33.0, 33.0, 33.0, 33.0, 33.0, 33.0, 33.0, 33.0, 33.0, 33.0, 33.0, 33.0, 33.0, 33.0, 33.0, 33.0, 33.0, 33.0, 33.0, 33.0, 33.0, 33.0, 33.0, 33