,number,value,datetime_start,datetime_complete,duration,params_batch_size_scaler,params_constant_learning_rate,params_depth,params_epochs,params_kernel_l2,params_num_trees,params_temperature,user_attrs_accuracy_test,user_attrs_accuracy_valid,user_attrs_approximate_feature_sparsity,user_attrs_approximate_feature_sparsity_history,user_attrs_approximate_weight_sparsity,user_attrs_approximate_weight_sparsity_history,user_attrs_auc_test,user_attrs_auc_valid,user_attrs_feature_sparsity,user_attrs_feature_sparsity_history,user_attrs_num_epochs,user_attrs_val_loss_history,user_attrs_weight_sparsity,user_attrs_weight_sparsity_history,state
124,124,0.904754543932192,2024-08-31 06:31:47.888896,2024-08-31 06:32:47.143647,0 days 00:00:59.254751,64,4.161818484913403,3,415,0.03072410150573893,71,0.0012315897047898894,0.757,0.785,9,"[33, 33, 33, 33, 33, 33, 33, 33, 33, 33, 33, 33, 33, 32, 30, 24, 18, 18, 18, 18, 18, 18, 16, 16, 16, 16, 13, 13, 13, 13, 13, 13, 13, 13, 13, 12, 12, 12, 12, 11, 11, 11, 11, 11, 11, 11, 11, 11, 11, 11, 10, 10, 9, 9, 9, 9, 9, 9, 9, 9, 9, 9, 9, 9, 9, 9, 9, 9, 9, 9, 9, 9, 9, 9, 9, 9, 9, 9, 9, 9, 9, 9, 9, 9, 9, 9, 9, 9, 9, 9, 9, 9, 9, 9, 9, 9, 9, 9, 9, 9, 9, 9, 9, 9, 9, 9, 9, 9, 9, 9, 9, 9, 9, 9, 9, 9, 9, 9, 9, 9, 9, 9, 9, 9, 9, 9, 9, 9, 9, 9, 9, 9, 9, 9, 9, 9, 9, 9, 9, 9, 9, 9, 9, 9, 9, 9, 9, 9, 9, 9, 9, 9, 9, 9, 9, 9, 9, 9, 9, 9, 9, 9, 9, 9, 9, 9, 9, 9, 9, 9, 9, 9, 9, 9, 9, 9, 9, 9, 9, 9, 9, 9, 9, 9, 9, 9, 9, 9, 9, 9, 9, 9, 9, 9, 9, 9, 9, 9, 9, 9, 9, 9, 9, 9, 9, 9, 9, 9, 9, 9, 9, 9, 9, 9, 9, 9, 9, 9, 9, 9, 9, 9, 9, 9, 9, 9, 9, 9, 9, 9, 9, 9, 9, 9, 9, 9, 9, 9, 9, 9, 9, 9, 9, 9, 9, 9, 9, 9, 9, 9, 9, 9, 9, 9, 9, 9, 9, 9, 9, 9, 9, 9, 9, 9, 9, 9, 9, 9, 9, 9, 9, 9, 9, 9, 9, 9, 9, 9, 9, 9, 9, 9, 9, 9, 9, 9, 9, 9, 9, 9, 9, 9, 9, 9, 9, 9, 9, 9, 9, 9, 9, 9, 9, 9, 9, 9, 9, 9, 9, 9, 9, 9, 9, 9, 9, 9, 9, 9, 9, 9, 9, 9, 9, 9, 9, 9, 9, 9, 9, 9, 9, 9, 9, 9, 9, 9, 9, 9, 9, 9, 9, 9, 9, 9, 9, 9, 9, 9, 9, 9, 9, 9, 9, 9, 9, 9, 9, 9, 9, 9, 9, 9, 9, 9, 9, 9, 9, 9, 9, 9, 9, 9, 9, 9, 9, 9, 9, 9, 9, 9, 9, 9, 9, 9, 9, 9, 9, 9, 9, 9, 9, 9, 9, 9, 9, 9, 9, 9, 9, 9, 9, 9, 9, 9, 9, 9, 9, 9, 9, 9, 9, 9, 9, 9, 9]",8.993963782696177,"[32.97183098591549, 32.9738430583501, 32.97585513078471, 32.969818913480886, 32.9738430583501, 32.95975855130784, 32.96177062374245, 32.97585513078471, 32.983903420523134, 32.97585513078471, 32.9738430583501, 32.95774647887324, 32.985915492957744, 31.951710261569414, 29.97987927565392, 23.97585513078471, 17.98993963782696, 17.979879275653925, 17.97987927565392, 17.991951710261567, 17.97585513078471, 17.985915492957744, 15.993963782696177, 15.987927565392352, 15.98993963782696, 15.993963782696175, 12.993963782696177, 12.987927565392354, 12.991951710261569, 12.979879275653923, 12.997987927565392, 12.985915492957746, 12.991951710261569, 12.991951710261569, 12.993963782696177, 11.995975855130784, 11.991951710261569, 11.987927565392354, 11.98993963782696, 10.995975855130784, 10.98993963782696, 10.997987927565392, 10.98993963782696, 10.995975855130784, 10.993963782696175, 10.98993963782696, 10.995975855130784, 10.995975855130784, 10.991951710261569, 10.991951710261569, 9.991951710261569, 9.98993963782696, 8.995975855130784, 8.985915492957746, 8.995975855130784, 8.995975855130784, 8.98993963782696, 8.98993963782696, 8.993963782696177, 8.997987927565392, 9.0, 8.991951710261569, 8.991951710261569, 8.995975855130784, 8.995975855130784, 8.995975855130784, 8.991951710261569, 8.991951710261569, 8.997987927565392, 8.995975855130784, 9.0, 8.993963782696177, 8.991951710261569, 8.997987927565392, 8.995975855130784, 8.997987927565392, 8.995975855130784, 8.993963782696177, 8.997987927565392, 8.997987927565392, 9.0, 8.997987927565392, 8.98993963782696, 8.991951710261569, 8.995975855130784, 8.981891348088531, 8.997987927565392, 8.997987927565392, 9.0, 8.997987927565392, 9.0, 8.997987927565392, 8.995975855130784, 8.991951710261569, 8.997987927565392, 8.991951710261569, 8.997987927565392, 8.991951710261569, 8.997987927565392, 8.993963782696177, 8.995975855130784, 8.997987927565392, 8.993963782696177, 8.993963782696177, 8.993963782696177, 8.991951710261569, 8.993963782696177, 8.995975855130784, 8.995975855130784, 8.995975855130784, 8.995975855130784, 8.991951710261569, 8.993963782696177, 8.983903420523138, 8.995975855130784, 8.997987927565392, 8.997987927565392, 8.991951710261569, 8.993963782696177, 8.991951710261569, 8.991951710261569, 9.0, 8.997987927565392, 8.997987927565392, 8.997987927565392, 8.991951710261569, 8.993963782696175, 8.995975855130785, 8.995975855130784, 8.997987927565392, 8.991951710261569, 8.991951710261569, 8.997987927565392, 8.997987927565392, 8.993963782696177, 8.995975855130784, 8.997987927565392, 8.997987927565392, 8.995975855130785, 8.995975855130784, 9.0, 8.997987927565392, 8.997987927565392, 8.995975855130784, 8.995975855130784, 9.0, 8.993963782696177, 8.993963782696177, 8.993963782696177, 8.995975855130784, 8.997987927565392, 8.995975855130784, 8.991951710261569, 8.993963782696177, 8.995975855130784, 8.993963782696177, 8.993963782696177, 8.995975855130784, 8.995975855130784, 9.0, 8.993963782696177, 8.995975855130784, 8.995975855130784, 9.0, 9.0, 8.997987927565392, 8.997987927565392, 8.993963782696177, 8.995975855130784, 8.997987927565392, 8.991951710261569, 8.991951710261569, 8.991951710261569, 8.995975855130784, 8.995975855130784, 8.995975855130784, 8.991951710261569, 8.997987927565392, 8.993963782696177, 8.995975855130784, 8.995975855130784, 8.995975855130784, 8.995975855130785, 8.993963782696177, 8.997987927565392, 8.991951710261569, 8.995975855130784, 8.997987927565392, 8.997987927565392, 8.991951710261569, 8.995975855130784, 8.991951710261569, 8.991951710261569, 8.997987927565392, 8.991951710261569, 8.995975855130784, 8.997987927565392, 8.989939637826962, 8.993963782696177, 8.995975855130784, 8.995975855130784, 8.991951710261569, 8.997987927565392, 8.997987927565392, 8.995975855130784, 8.993963782696177, 8.997987927565392, 9.0, 9.0, 8.991951710261569, 8.993963782696177, 8.995975855130784, 8.98993963782696, 9.0, 8.993963782696175, 8.993963782696177, 8.98993963782696, 8.995975855130784, 8.995975855130784, 8.995975855130784, 8.995975855130784, 8.997987927565392, 8.993963782696177, 8.995975855130784, 8.991951710261569, 8.997987927565392, 8.997987927565392, 9.0, 8.993963782696177, 8.997987927565392, 8.993963782696177, 8.993963782696177, 8.997987927565392, 8.997987927565392, 8.995975855130784, 8.993963782696177, 8.98993963782696, 8.997987927565392, 8.995975855130784, 8.993963782696177, 8.98993963782696, 8.995975855130784, 8.995975855130784, 8.991951710261569, 8.993963782696177, 8.991951710261569, 8.981891348088531, 8.997987927565392, 9.0, 8.995975855130784, 8.98993963782696, 8.993963782696177, 8.995975855130784, 8.991951710261569, 8.98993963782696, 8.991951710261569, 8.993963782696177, 8.991951710261569, 8.993963782696177, 8.993963782696175, 8.995975855130784, 8.991951710261569, 8.98993963782696, 8.985915492957746, 8.98993963782696, 8.987927565392354, 8.991951710261569, 8.987927565392354, 8.993963782696175, 8.991951710261569, 8.991951710261569, 8.991951710261569, 8.991951710261569, 8.993963782696175, 8.993963782696177, 8.991951710261569, 8.985915492957746, 8.995975855130784, 8.98993963782696, 8.991951710261569, 8.991951710261569, 8.98993963782696, 8.991951710261569, 8.997987927565392, 8.997987927565392, 8.991951710261569, 8.997987927565392, 8.991951710261569, 8.993963782696177, 8.991951710261569, 8.991951710261569, 8.997987927565392, 8.997987927565392, 8.991951710261569, 8.995975855130784, 8.997987927565392, 8.993963782696177, 8.997987927565392, 8.997987927565392, 8.993963782696177, 9.0, 8.991951710261569, 8.995975855130784, 8.993963782696177, 8.993963782696177, 8.993963782696177, 8.997987927565392, 8.993963782696177, 8.995975855130784, 8.995975855130784, 8.987927565392352, 8.997987927565392, 8.991951710261569, 8.993963782696177, 8.993963782696177, 8.983903420523138, 8.993963782696175, 9.0, 8.997987927565392, 8.995975855130784, 8.98993963782696, 8.997987927565392, 8.993963782696177, 9.0, 8.995975855130784, 8.991951710261569, 8.997987927565392, 8.995975855130784, 8.983903420523138, 9.0, 8.997987927565392, 8.997987927565392, 8.995975855130784, 8.989939637826962, 8.993963782696177, 8.997987927565392, 8.993963782696177, 8.98993963782696, 8.995975855130784, 8.987927565392354, 8.991951710261569, 8.993963782696177, 8.997987927565392, 8.991951710261569, 8.995975855130784, 8.991951710261569, 8.987927565392354, 8.991951710261569, 8.993963782696177, 8.995975855130784, 8.993963782696177, 8.98993963782696, 8.98390342052314, 8.993963782696177, 8.995975855130784, 9.0, 8.993963782696177, 8.997987927565392, 8.991951710261569, 8.98993963782696, 8.997987927565392, 8.987927565392354, 8.991951710261569, 8.98993963782696, 8.993963782696177, 8.98993963782696, 8.997987927565392, 8.997987927565392, 8.993963782696175, 8.98993963782696, 8.993963782696177, 8.991951710261569, 8.991951710261569, 8.995975855130784, 8.995975855130784, 8.991951710261569, 9.0, 8.997987927565392, 8.995975855130784, 8.995975855130784, 8.997987927565392, 8.997987927565392, 8.991951710261569, 8.98993963782696, 8.995975855130784, 8.997987927565392, 8.993963782696177, 8.993963782696177, 8.993963782696177, 8.993963782696175, 8.991951710261569, 8.993963782696175, 8.98993963782696, 8.985915492957746, 8.98993963782696, 8.993963782696175, 8.991951710261569, 8.991951710261569, 8.993963782696177, 8.989939637826962, 8.98993963782696, 8.989939637826962, 8.98993963782696, 8.983903420523138, 8.993963782696177, 8.989939637826962, 8.993963782696175, 8.985915492957746, 8.993963782696177, 8.991951710261569, 8.991951710261569, 8.991951710261569, 8.991951710261569, 8.98993963782696, 8.993963782696177]",0.8852863712547164,0.904754543932192,9,"[33, 33, 33, 33, 33, 33, 33, 33, 33, 33, 33, 33, 33, 32, 30, 24, 18, 18, 18, 18, 18, 18, 16, 16, 16, 16, 13, 13, 13, 13, 13, 13, 13, 13, 13, 12, 12, 12, 12, 11, 11, 11, 11, 11, 11, 11, 11, 11, 11, 11, 10, 10, 9, 9, 9, 9, 9, 9, 9, 9, 9, 9, 9, 9, 9, 9, 9, 9, 9, 9, 9, 9, 9, 9, 9, 9, 9, 9, 9, 9, 9, 9, 9, 9, 9, 9, 9, 9, 9, 9, 9, 9, 9, 9, 9, 9, 9, 9, 9, 9, 9, 9, 9, 9, 9, 9, 9, 9, 9, 9, 9, 9, 9, 9, 9, 9, 9, 9, 9, 9, 9, 9, 9, 9, 9, 9, 9, 9, 9, 9, 9, 9, 9, 9, 9, 9, 9, 9, 9, 9, 9, 9, 9, 9, 9, 9, 9, 9, 9, 9, 9, 9, 9, 9, 9, 9, 9, 9, 9, 9, 9, 9, 9, 9, 9, 9, 9, 9, 9, 9, 9, 9, 9, 9, 9, 9, 9, 9, 9, 9, 9, 9, 9, 9, 9, 9, 9, 9, 9, 9, 9, 9, 9, 9, 9, 9, 9, 9, 9, 9, 9, 9, 9, 9, 9, 9, 9, 9, 9, 9, 9, 9, 9, 9, 9, 9, 9, 9, 9, 9, 9, 9, 9, 9, 9, 9, 9, 9, 9, 9, 9, 9, 9, 9, 9, 9, 9, 9, 9, 9, 9, 9, 9, 9, 9, 9, 9, 9, 9, 9, 9, 9, 9, 9, 9, 9, 9, 9, 9, 9, 9, 9, 9, 9, 9, 9, 9, 9, 9, 9, 9, 9, 9, 9, 9, 9, 9, 9, 9, 9, 9, 9, 9, 9, 9, 9, 9, 9, 9, 9, 9, 9, 9, 9, 9, 9, 9, 9, 9, 9, 9, 9, 9, 9, 9, 9, 9, 9, 9, 9, 9, 9, 9, 9, 9, 9, 9, 9, 9, 9, 9, 9, 9, 9, 9, 9, 9, 9, 9, 9, 9, 9, 9, 9, 9, 9, 9, 9, 9, 9, 9, 9, 9, 9, 9, 9, 9, 9, 9, 9, 9, 9, 9, 9, 9, 9, 9, 9, 9, 9, 9, 9, 9, 9, 9, 9, 9, 9, 9, 9, 9, 9, 9, 9, 9, 9, 9, 9, 9, 9, 9, 9, 9, 9, 9, 9, 9, 9, 9, 9, 9, 9, 9, 9, 9, 9, 9, 9, 9, 9, 9, 9, 9, 9, 9, 9, 9, 9, 9, 9, 9, 9, 9, 9, 9]",415,"[1.9323276281356812, 7.067965030670166, 0.7274574041366577, 4.885382652282715, 0.4585188925266266, 2.4550530910491943, 2.1814424991607666, 5.607667446136475, 0.7968729138374329, 3.0614519119262695, 3.133255958557129, 2.1306424140930176, 1.150665044784546, 0.8181096911430359, 1.684913992881775, 1.5684099197387695, 6.1216721534729, 0.831570565700531, 0.39252200722694397, 7.436245918273926, 1.7426376342773438, 0.5617806315422058, 4.7020392417907715, 2.3923499584198, 0.795143723487854, 0.36051303148269653, 2.3600096702575684, 0.44928038120269775, 2.317561626434326, 0.9358579516410828, 1.517703652381897, 1.1601113080978394, 0.7231939435005188, 1.7136417627334595, 1.1311970949172974, 0.5024052858352661, 0.7043589949607849, 0.3761453628540039, 0.8269177079200745, 3.6988282203674316, 0.3542541265487671, 2.7165021896362305, 0.2859114706516266, 1.0526949167251587, 0.2974449098110199, 0.7269486784934998, 0.599260151386261, 0.48645228147506714, 3.636291265487671, 0.7589352130889893, 0.49778565764427185, 0.4517550766468048, 0.42117416858673096, 1.158236026763916, 2.891310214996338, 0.3587498366832733, 0.723615825176239, 1.4330874681472778, 0.2923188805580139, 1.6888271570205688, 0.3452698588371277, 0.6436954736709595, 1.8281170129776, 2.717818021774292, 1.837705373764038, 0.46712368726730347, 2.0594325065612793, 1.465276837348938, 0.6675127148628235, 0.8280247449874878, 0.32383546233177185, 2.049241304397583, 0.3927946984767914, 0.44177332520484924, 0.32232993841171265, 2.7308926582336426, 0.8965213894844055, 0.7879171967506409, 0.3067306578159332, 0.29298561811447144, 0.3365504741668701, 0.468613862991333, 0.5969889163970947, 0.47977325320243835, 1.9592299461364746, 0.3007678985595703, 0.5232058167457581, 0.32427749037742615, 0.4815812408924103, 1.539088487625122, 0.2867577373981476, 0.9082057476043701, 2.9187633991241455, 0.3314753770828247, 0.36569273471832275, 0.5325974822044373, 1.9715018272399902, 0.3233862817287445, 1.5063660144805908, 0.8038325309753418, 0.32477256655693054, 0.29758211970329285, 0.43612369894981384, 0.42520514130592346, 0.9098091125488281, 0.46611058712005615, 0.9367717504501343, 1.397653341293335, 2.040710687637329, 1.3160157203674316, 0.40366441011428833, 0.4923400580883026, 0.34056490659713745, 2.6342291831970215, 1.5769684314727783, 0.4340593218803406, 0.3465414047241211, 0.38266077637672424, 0.7004736065864563, 0.5161300301551819, 0.7812622785568237, 0.30869075655937195, 0.38189080357551575, 0.30870571732521057, 0.2749822437763214, 2.1701531410217285, 0.3344639241695404, 2.661330223083496, 0.2996434271335602, 0.6620627045631409, 0.6306046843528748, 1.070794701576233, 0.49255600571632385, 0.4334215521812439, 0.7798281908035278, 1.6632838249206543, 0.35680100321769714, 1.738579511642456, 0.40962162613868713, 0.3193378150463104, 0.9100735187530518, 2.0013394355773926, 0.5708085894584656, 0.7256405353546143, 1.278045415878296, 0.3000671863555908, 0.5167499780654907, 0.3467041254043579, 1.3498157262802124, 0.7884225249290466, 0.3397803008556366, 0.2897999584674835, 0.3914080560207367, 1.5337873697280884, 0.5526758432388306, 0.338933527469635, 0.3006006181240082, 0.2773202657699585, 1.2555817365646362, 1.667662501335144, 0.29859256744384766, 1.682315707206726, 0.5798106789588928, 0.3713957965373993, 0.378524512052536, 0.5244879126548767, 0.2751365005970001, 0.2604437470436096, 0.8535430431365967, 0.3534027338027954, 0.28934594988822937, 0.36808350682258606, 0.35318031907081604, 0.3959173262119293, 0.26429226994514465, 0.3396371603012085, 0.2834765911102295, 1.0979353189468384, 0.9956322312355042, 0.8533588647842407, 0.5121546387672424, 0.4910198152065277, 0.44816067814826965, 0.31472280621528625, 0.9802448153495789, 0.8322990536689758, 0.8033013939857483, 0.41055288910865784, 0.2872098684310913, 0.804720401763916, 0.2918040454387665, 0.2980661392211914, 0.3184259831905365, 1.4206806421279907, 0.2838621735572815, 0.2840306758880615, 1.8261399269104004, 0.5256461501121521, 0.6017023324966431, 0.3096219003200531, 0.6081368327140808, 0.27475816011428833, 0.31312552094459534, 0.3451896011829376, 0.27230438590049744, 1.4671540260314941, 0.8006556034088135, 0.3256869912147522, 0.36440640687942505, 0.33906519412994385, 0.4033753573894501, 0.46035170555114746, 0.29747119545936584, 0.32353538274765015, 0.7720643877983093, 0.512676477432251, 0.3559175133705139, 0.4780477285385132, 0.6862507462501526, 0.6197875142097473, 0.3741203248500824, 0.31069907546043396, 0.3457029461860657, 0.28511494398117065, 1.0500367879867554, 0.4917947053909302, 0.6452900171279907, 0.6251345276832581, 0.4801183044910431, 0.7736137509346008, 0.46754834055900574, 0.2566436231136322, 0.7218194007873535, 0.43521353602409363, 0.3044627606868744, 0.5278415679931641, 0.7655891180038452, 0.3630155324935913, 1.024587869644165, 0.5350016951560974, 1.4084514379501343, 0.396442711353302, 0.6384159326553345, 0.8019126653671265, 0.5165892243385315, 0.28465989232063293, 0.25776660442352295, 0.3489292562007904, 1.0042742490768433, 0.4560869336128235, 0.34716495871543884, 0.3033897578716278, 0.7365148663520813, 0.3474857807159424, 0.26287516951560974, 0.4573117792606354, 0.30715981125831604, 0.29463058710098267, 3.62797474861145, 1.7137482166290283, 0.5969967246055603, 0.35240840911865234, 0.32734760642051697, 0.6554070115089417, 0.2923574447631836, 2.242255687713623, 0.44170838594436646, 0.6329705119132996, 0.4058833420276642, 0.3440912365913391, 0.2948732078075409, 1.0505924224853516, 0.3137749135494232, 0.4734007716178894, 1.129917860031128, 0.5438748002052307, 0.319055438041687, 0.36304911971092224, 0.643673300743103, 0.7389889359474182, 0.2837957739830017, 0.2783740162849426, 0.36957961320877075, 0.2770485281944275, 0.30583587288856506, 0.32278016209602356, 0.28228044509887695, 0.5390819311141968, 0.31069478392601013, 0.308866411447525, 0.30392760038375854, 0.3682166039943695, 0.3361378014087677, 0.2711767256259918, 1.324154257774353, 0.2564794421195984, 0.9031412601470947, 0.4708520770072937, 0.5267443656921387, 0.9012672305107117, 0.842876672744751, 0.3077571988105774, 0.2751873731613159, 0.5022937059402466, 0.2603161931037903, 0.3720982074737549, 0.5547912120819092, 0.32366448640823364, 0.29481908679008484, 0.3572251796722412, 0.5894415378570557, 0.3442250192165375, 0.27405408024787903, 0.2697034776210785, 0.5610148906707764, 0.7638931274414062, 1.598049283027649, 0.2881758213043213, 0.27072563767433167, 0.3090571463108063, 0.46525460481643677, 0.6464971899986267, 0.3426494598388672, 0.3677562475204468, 0.43274304270744324, 0.6870991587638855, 2.0141186714172363, 0.3136078715324402, 1.0066739320755005, 0.47667521238327026, 0.3158895969390869, 0.2697432339191437, 0.25677627325057983, 1.317314863204956, 0.31051668524742126, 0.3255089223384857, 0.3390430212020874, 0.9838891625404358, 0.2831372022628784, 0.2659807801246643, 0.2596878111362457, 0.26638078689575195, 0.39694634079933167, 0.2920891344547272, 0.571033239364624, 0.5210058093070984, 1.1916992664337158, 0.32237350940704346, 0.27767863869667053, 0.4627738893032074, 0.6554255485534668, 0.7506604790687561, 0.46301546692848206, 0.2935985028743744, 0.30355221033096313, 0.6510379910469055, 0.3221799433231354, 0.36506569385528564, 0.31017500162124634, 0.2792268395423889, 0.4294661581516266, 0.27496492862701416, 0.33721837401390076, 0.32924628257751465, 0.3555617928504944, 0.4003790020942688, 0.273157000541687, 0.30438151955604553, 1.128995418548584, 0.43960216641426086, 0.3288004696369171, 0.3533884882926941, 0.3764997720718384, 0.30800408124923706, 0.42195507884025574, 0.3739122152328491, 0.3305869698524475, 0.2894577980041504, 0.40773266553878784, 0.29241910576820374, 0.6742656826972961, 0.372641921043396, 0.2773011028766632, 0.3044600486755371, 0.43491798639297485, 0.38424110412597656, 0.3391540050506592, 0.27010396122932434, 0.6384830474853516, 0.3123740553855896, 0.27061760425567627, 0.31041720509529114, 0.39800646901130676, 0.38968104124069214, 0.3604778051376343, 0.27250510454177856, 0.3641568124294281, 0.2638324201107025, 1.7062515020370483, 0.2835260331630707, 0.4995924234390259, 0.30515021085739136, 0.315608948469162, 0.3566626012325287, 0.3507000803947449, 0.26397237181663513, 0.5111348032951355, 0.4590141773223877, 0.5900996923446655, 0.2663487493991852, 0.46421581506729126, 0.5323132872581482, 0.32365408539772034, 0.2734503149986267, 0.6885270476341248]",9.0,"[33.0, 33.0, 33.0, 33.0, 33.0, 33.0, 33.0, 33.0, 33.0, 33.0, 33.0, 33.0, 33.0, 32.0, 30.0, 24.0, 18.0, 18.0, 18.0, 18.0, 18.0, 18.0, 16.0, 16.0, 16.0, 16.0, 13.0, 13.0, 13.0, 13.0, 13.0, 13.0, 13.0, 13.0, 13.0, 12.0, 12.0, 12.0, 12.0, 11.0, 11.0, 11.0, 11.0, 11.0, 11.0, 11.0, 11.0, 11.0, 11.0, 11.0, 10.0, 10.0, 9.0, 9.0, 9.0, 9.0, 9.0, 9.0, 9.0, 9.0, 9.0, 9.0, 9.0, 9.0, 9.0, 9.0, 9.0, 9.0, 9.0, 9.0, 9.0, 9.0, 9.0, 9.0, 9.0, 9.0, 9.0, 9.0, 9.0, 9.0, 9.0, 9.0, 9.0, 9.0, 9.0, 9.0, 9.0, 9.0, 9.0, 9.0, 9.0, 9.0, 9.0, 9.0, 9.0, 9.0, 9.0, 9.0, 9.0, 9.0, 9.0, 9.0, 9.0, 9.0, 9.0, 9.0, 9.0, 9.0, 9.0, 9.0, 9.0, 9.0, 9.0, 9.0, 9.0, 9.0, 9.0, 9.0, 9.0, 9.0, 9.0, 9.0, 9.0, 9.0, 9.0, 9.0, 9.0, 9.0, 9.0, 9.0, 9.0, 9.0, 9.0, 9.0, 9.0, 9.0, 9.0, 9.0, 9.0, 9.0, 9.0, 9.0, 9.0, 9.0, 9.0, 9.0, 9.0, 9.0, 9.0, 9.0, 9.0, 9.0, 9.0, 9.0, 9.0, 9.0, 9.0, 9.0, 9.0, 9.0, 9.0, 9.0, 9.0, 9.0, 9.0, 9.0, 9.0, 9.0, 9.0, 9.0, 9.0, 9.0, 9.0, 9.0, 9.0, 9.0, 9.0, 9.0, 9.0, 9.0, 9.0, 9.0, 9.0, 9.0, 9.0, 9.0, 9.0, 9.0, 9.0, 9.0, 9.0, 9.0, 9.0, 9.0, 9.0, 9.0, 9.0, 9.0, 9.0, 9.0, 9.0, 9.0, 9.0, 9.0, 9.0, 9.0, 9.0, 9.0, 9.0, 9.0, 9.0, 9.0, 9.0, 9.0, 9.0, 9.0, 9.0, 9.0, 9.0, 9.0, 9.0, 9.0, 9.0, 9.0, 9.0, 9.0, 9.0, 9.0, 9.0, 9.0, 9.0, 9.0, 9.0, 9.0, 9.0, 9.0, 9.0, 9.0, 9.0, 9.0, 9.0, 9.0, 9.0, 9.0, 9.0, 9.0, 9.0, 9.0, 9.0, 9.0, 9.0, 9.0, 9.0, 9.0, 9.0, 9.0, 9.0, 9.0, 9.0, 9.0, 9.0, 9.0, 9.0, 9.0, 9.0, 9.0, 9.0, 9.0, 9.0, 9.0, 9.0, 9.0, 9.0, 9.0, 9.0, 9.0, 9.0, 9.0, 9.0, 9.0, 9.0, 9.0, 9.0, 9.0, 9.0, 9.0, 9.0, 9.0, 9.0, 9.0, 9.0, 9.0, 9.0, 9.0, 9.0, 9.0, 9.0, 9.0, 9.0, 9.0, 9.0, 9.0, 9.0, 9.0, 9.0, 9.0, 9.0, 9.0, 9.0, 9.0, 9.0, 9.0, 9.0, 9.0, 9.0, 9.0, 9.0, 9.0, 9.0, 9.0, 9.0, 9.0, 9.0, 9.0, 9.0, 9.0, 9.0, 9.0, 9.0, 9.0, 9.0, 9.0, 9.0, 9.0, 9.0, 9.0, 9.0, 9.0, 9.0, 9.0, 9.0, 9.0, 9.0, 9.0, 9.0, 9.0, 9.0, 9.0, 9.0, 9.0, 9.0, 9.0, 9.0, 9.0, 9.0, 9.0, 9.0, 9.0, 9.0, 9.0, 9.0, 9.0, 9.0, 9.0, 9.0, 9.0, 9.0, 9.0, 9.0, 9.0, 9.0, 9.0, 9.0, 9.0, 9.0, 9.0, 9.0, 9.0, 9.0, 9.0, 9.0, 9.0, 9.0, 9.0, 9.0, 9.0, 9.0, 9.0, 9.0, 9.0, 9.0, 9.0, 9.0, 9.0, 9.0, 9.0, 9.0, 9.0, 9.0, 9.0, 9.0, 9.0, 9.0, 9.0, 9.0, 9.0, 9.0, 9.0, 9.0, 9.0, 9.0, 9.0, 9.0, 9.0, 9.0]",COMPLETE
