,number,value,datetime_start,datetime_complete,duration,params_batch_size_scaler,params_constant_learning_rate,params_depth,params_epochs,params_kernel_l2,params_num_trees,params_temperature,user_attrs_accuracy_test,user_attrs_accuracy_valid,user_attrs_approximate_feature_sparsity,user_attrs_approximate_feature_sparsity_history,user_attrs_approximate_weight_sparsity,user_attrs_approximate_weight_sparsity_history,user_attrs_auc_test,user_attrs_auc_valid,user_attrs_feature_sparsity,user_attrs_feature_sparsity_history,user_attrs_num_epochs,user_attrs_val_loss_history,user_attrs_weight_sparsity,user_attrs_weight_sparsity_history,state
122,122,0.8138759000914583,2024-08-31 06:28:22.723791,2024-08-31 06:29:10.733464,0 days 00:00:48.009673,64,0.2894554474304785,2,460,0.0011663114375482127,42,0.029064689964209443,0.884,0.875,9,"[33, 33, 33, 33, 33, 33, 33, 33, 33, 33, 33, 30, 30, 30, 30, 27, 25, 25, 21, 19, 17, 17, 17, 17, 16, 16, 15, 15, 14, 14, 14, 14, 12, 12, 12, 12, 12, 12, 11, 11, 11, 11, 11, 11, 11, 11, 10, 10, 10, 10, 10, 10, 10, 9, 9, 9, 9, 9, 9, 9, 9, 9, 9, 9, 9, 9, 9, 9, 9, 9, 9, 9, 9, 9, 9, 9, 9, 9, 9, 9, 9, 9, 9, 9, 9, 9, 9, 9, 9, 9, 9, 9, 9, 9, 9, 9, 9, 9, 9, 9, 9, 9, 9, 9, 9, 9, 9, 9, 9, 9, 9, 9, 9, 9, 9, 9, 9, 9, 9, 9, 9, 9, 9, 9, 9, 9, 9, 9, 9, 9, 9, 9, 9, 9, 9, 9, 9, 9, 9, 9, 9, 9, 9, 9, 9, 9, 9, 9, 9, 9, 9, 9, 9, 9, 9, 9, 9, 9, 9, 9, 9, 9, 9, 9, 9, 9, 9, 9, 9, 9, 9, 9, 9, 9, 9, 9, 9, 9, 9, 9, 9, 9, 9, 9, 9, 9, 9, 9, 9, 9, 9, 9, 9, 9, 9, 9, 9, 9, 9, 9, 9, 9, 9, 9, 9, 9, 9, 9, 9, 9, 9, 9, 9, 9, 9, 9, 9, 9, 9, 9, 9, 9, 9, 9, 9, 9, 9, 9, 9, 9, 9, 9, 9, 9, 9, 9, 9, 9, 9, 9, 9, 9, 9, 9, 9, 9, 9, 9, 9, 9, 9, 9, 9, 9, 9, 9, 9, 9, 9, 9, 9, 9, 9, 9, 9, 9, 9, 9, 9, 9, 9, 9, 9, 9, 9, 9, 9, 9, 9, 9, 9, 9, 9, 9, 9, 9, 9, 9, 9, 9, 9, 9, 9, 9, 9, 9, 9, 9, 9, 9, 9, 9, 9, 9, 9, 9, 9, 9, 9, 9, 9, 9, 9, 9, 9, 9, 9, 9, 9, 9, 9, 9, 9, 9, 9, 9, 9, 9, 9, 9, 9, 9, 9, 9, 9, 9, 9, 9, 9, 9, 9, 9, 9, 9, 9, 9, 9, 9, 9, 9, 9, 9, 9, 9, 9, 9, 9, 9, 9, 9, 9, 9, 9, 9, 9, 9, 9, 9, 9, 9, 9, 9, 9, 9, 9, 9, 9, 9, 9, 9, 9, 9, 9, 9, 9, 9, 9, 9, 9, 9, 9, 9, 9, 9, 9, 9, 9, 9, 9, 9, 9, 9, 9, 9, 9, 9, 9, 9, 9, 9, 9, 9, 9, 9, 9, 9, 9, 9, 9, 9, 9, 9, 9, 9, 9, 9, 9, 9, 9, 9, 9, 9, 9, 9, 9, 9, 9, 9, 9, 9, 9, 9, 9, 9, 9, 9, 9, 9, 9, 9, 9, 9, 9, 9, 9, 9, 9, 9, 9, 9]",9.0,"[32.992063492063494, 32.976190476190474, 32.98412698412699, 32.98412698412699, 33.0, 32.98412698412699, 32.98412698412699, 32.96825396825397, 32.98412698412699, 32.992063492063494, 32.96825396825397, 29.976190476190474, 29.984126984126984, 30.0, 29.992063492063494, 26.984126984126984, 25.0, 24.992063492063494, 20.992063492063494, 19.0, 16.992063492063494, 16.992063492063494, 16.984126984126984, 16.992063492063494, 15.984126984126984, 15.984126984126984, 15.0, 15.0, 14.0, 13.984126984126984, 14.0, 13.992063492063492, 12.0, 11.984126984126984, 11.992063492063492, 12.0, 11.992063492063492, 11.992063492063492, 10.992063492063492, 10.992063492063492, 11.0, 11.0, 11.0, 11.0, 11.0, 11.0, 9.992063492063492, 9.992063492063492, 10.0, 10.0, 9.984126984126984, 9.984126984126984, 9.992063492063492, 8.992063492063492, 9.0, 9.0, 8.984126984126984, 9.0, 9.0, 8.992063492063492, 8.984126984126984, 8.984126984126984, 8.992063492063492, 8.992063492063492, 8.976190476190476, 8.992063492063492, 9.0, 9.0, 9.0, 9.0, 9.0, 9.0, 9.0, 9.0, 8.992063492063492, 8.992063492063492, 8.992063492063492, 9.0, 9.0, 9.0, 8.992063492063492, 9.0, 8.992063492063492, 9.0, 8.984126984126984, 8.992063492063492, 8.984126984126984, 9.0, 8.992063492063492, 8.992063492063492, 8.992063492063492, 9.0, 9.0, 8.984126984126984, 8.992063492063492, 8.992063492063492, 8.992063492063492, 8.992063492063492, 8.992063492063492, 9.0, 9.0, 8.992063492063492, 9.0, 8.992063492063492, 9.0, 8.992063492063492, 8.992063492063492, 8.992063492063492, 9.0, 9.0, 9.0, 9.0, 9.0, 9.0, 9.0, 9.0, 9.0, 9.0, 9.0, 9.0, 9.0, 9.0, 9.0, 9.0, 9.0, 9.0, 9.0, 9.0, 9.0, 8.984126984126984, 8.984126984126984, 8.984126984126984, 8.976190476190476, 8.984126984126984, 8.984126984126984, 9.0, 8.992063492063492, 8.992063492063492, 9.0, 9.0, 8.992063492063492, 9.0, 9.0, 9.0, 9.0, 9.0, 9.0, 8.976190476190476, 9.0, 9.0, 9.0, 9.0, 8.992063492063492, 8.976190476190476, 9.0, 9.0, 8.984126984126984, 9.0, 9.0, 9.0, 9.0, 8.992063492063492, 8.992063492063492, 9.0, 8.992063492063492, 9.0, 9.0, 9.0, 8.992063492063492, 8.992063492063492, 9.0, 9.0, 8.992063492063492, 9.0, 9.0, 8.992063492063492, 9.0, 9.0, 9.0, 9.0, 8.992063492063492, 9.0, 8.992063492063492, 8.992063492063492, 8.992063492063492, 9.0, 8.992063492063492, 9.0, 8.992063492063492, 8.992063492063492, 8.984126984126984, 8.992063492063492, 9.0, 8.992063492063492, 9.0, 9.0, 9.0, 9.0, 9.0, 9.0, 8.992063492063492, 9.0, 8.992063492063492, 9.0, 9.0, 9.0, 9.0, 9.0, 9.0, 8.984126984126984, 9.0, 9.0, 8.992063492063492, 9.0, 8.992063492063492, 8.992063492063492, 9.0, 9.0, 9.0, 9.0, 9.0, 9.0, 9.0, 9.0, 9.0, 9.0, 9.0, 9.0, 9.0, 9.0, 9.0, 9.0, 9.0, 8.992063492063492, 9.0, 9.0, 8.992063492063492, 9.0, 8.992063492063492, 8.992063492063492, 8.992063492063492, 8.992063492063492, 8.984126984126984, 8.992063492063492, 9.0, 9.0, 9.0, 9.0, 9.0, 9.0, 9.0, 9.0, 9.0, 9.0, 9.0, 9.0, 8.992063492063492, 9.0, 8.992063492063492, 9.0, 9.0, 8.992063492063492, 9.0, 8.992063492063492, 9.0, 9.0, 9.0, 9.0, 9.0, 9.0, 9.0, 9.0, 9.0, 8.992063492063492, 9.0, 8.992063492063492, 9.0, 9.0, 8.992063492063492, 9.0, 9.0, 8.984126984126984, 9.0, 8.992063492063492, 8.992063492063492, 9.0, 9.0, 9.0, 8.992063492063492, 8.992063492063492, 8.984126984126984, 9.0, 9.0, 8.992063492063492, 8.992063492063492, 8.992063492063492, 8.992063492063492, 9.0, 8.992063492063492, 9.0, 8.984126984126984, 8.992063492063492, 9.0, 9.0, 9.0, 8.992063492063492, 9.0, 9.0, 9.0, 9.0, 9.0, 9.0, 9.0, 8.984126984126984, 9.0, 9.0, 9.0, 9.0, 9.0, 9.0, 9.0, 9.0, 9.0, 9.0, 9.0, 9.0, 9.0, 9.0, 9.0, 9.0, 9.0, 8.992063492063492, 8.992063492063492, 9.0, 9.0, 9.0, 9.0, 9.0, 9.0, 9.0, 8.992063492063492, 9.0, 8.992063492063492, 8.992063492063492, 8.992063492063492, 9.0, 9.0, 9.0, 9.0, 9.0, 8.992063492063492, 9.0, 9.0, 9.0, 8.992063492063492, 8.992063492063492, 9.0, 9.0, 9.0, 8.992063492063492, 8.992063492063492, 9.0, 9.0, 9.0, 9.0, 9.0, 9.0, 8.992063492063492, 9.0, 9.0, 8.992063492063492, 8.992063492063492, 9.0, 9.0, 9.0, 9.0, 9.0, 9.0, 9.0, 9.0, 9.0, 9.0, 9.0, 9.0, 9.0, 9.0, 9.0, 8.992063492063492, 9.0, 9.0, 9.0, 9.0, 9.0, 9.0, 9.0, 9.0, 9.0, 9.0, 9.0, 9.0, 9.0, 9.0, 9.0, 9.0, 8.992063492063492, 8.992063492063492, 9.0, 8.992063492063492, 9.0, 9.0, 9.0, 9.0, 9.0, 9.0, 9.0, 8.992063492063492, 9.0, 8.992063492063492, 9.0, 9.0, 9.0, 9.0, 9.0, 9.0, 9.0, 8.992063492063492, 9.0, 9.0, 9.0, 9.0, 9.0, 9.0, 9.0, 8.992063492063492, 9.0, 8.992063492063492, 9.0, 9.0, 8.992063492063492, 9.0, 9.0, 9.0, 9.0, 9.0, 9.0, 8.984126984126984, 9.0, 8.992063492063492, 9.0, 9.0, 9.0, 9.0, 9.0, 8.992063492063492, 9.0, 9.0, 9.0, 9.0, 9.0, 9.0]",0.8218446321386403,0.8138759000914583,9,"[33, 33, 33, 33, 33, 33, 33, 33, 33, 33, 33, 30, 30, 30, 30, 27, 25, 25, 21, 19, 17, 17, 17, 17, 16, 16, 15, 15, 14, 14, 14, 14, 12, 12, 12, 12, 12, 12, 11, 11, 11, 11, 11, 11, 11, 11, 10, 10, 10, 10, 10, 10, 10, 9, 9, 9, 9, 9, 9, 9, 9, 9, 9, 9, 9, 9, 9, 9, 9, 9, 9, 9, 9, 9, 9, 9, 9, 9, 9, 9, 9, 9, 9, 9, 9, 9, 9, 9, 9, 9, 9, 9, 9, 9, 9, 9, 9, 9, 9, 9, 9, 9, 9, 9, 9, 9, 9, 9, 9, 9, 9, 9, 9, 9, 9, 9, 9, 9, 9, 9, 9, 9, 9, 9, 9, 9, 9, 9, 9, 9, 9, 9, 9, 9, 9, 9, 9, 9, 9, 9, 9, 9, 9, 9, 9, 9, 9, 9, 9, 9, 9, 9, 9, 9, 9, 9, 9, 9, 9, 9, 9, 9, 9, 9, 9, 9, 9, 9, 9, 9, 9, 9, 9, 9, 9, 9, 9, 9, 9, 9, 9, 9, 9, 9, 9, 9, 9, 9, 9, 9, 9, 9, 9, 9, 9, 9, 9, 9, 9, 9, 9, 9, 9, 9, 9, 9, 9, 9, 9, 9, 9, 9, 9, 9, 9, 9, 9, 9, 9, 9, 9, 9, 9, 9, 9, 9, 9, 9, 9, 9, 9, 9, 9, 9, 9, 9, 9, 9, 9, 9, 9, 9, 9, 9, 9, 9, 9, 9, 9, 9, 9, 9, 9, 9, 9, 9, 9, 9, 9, 9, 9, 9, 9, 9, 9, 9, 9, 9, 9, 9, 9, 9, 9, 9, 9, 9, 9, 9, 9, 9, 9, 9, 9, 9, 9, 9, 9, 9, 9, 9, 9, 9, 9, 9, 9, 9, 9, 9, 9, 9, 9, 9, 9, 9, 9, 9, 9, 9, 9, 9, 9, 9, 9, 9, 9, 9, 9, 9, 9, 9, 9, 9, 9, 9, 9, 9, 9, 9, 9, 9, 9, 9, 9, 9, 9, 9, 9, 9, 9, 9, 9, 9, 9, 9, 9, 9, 9, 9, 9, 9, 9, 9, 9, 9, 9, 9, 9, 9, 9, 9, 9, 9, 9, 9, 9, 9, 9, 9, 9, 9, 9, 9, 9, 9, 9, 9, 9, 9, 9, 9, 9, 9, 9, 9, 9, 9, 9, 9, 9, 9, 9, 9, 9, 9, 9, 9, 9, 9, 9, 9, 9, 9, 9, 9, 9, 9, 9, 9, 9, 9, 9, 9, 9, 9, 9, 9, 9, 9, 9, 9, 9, 9, 9, 9, 9, 9, 9, 9, 9, 9, 9, 9, 9, 9, 9, 9, 9, 9, 9, 9, 9, 9, 9, 9, 9, 9, 9, 9, 9, 9, 9, 9, 9, 9, 9, 9, 9, 9, 9, 9]",460,"[0.4007844030857086, 0.39626753330230713, 0.39073267579078674, 0.3870440721511841, 0.3846641182899475, 0.3812381625175476, 0.379162073135376, 0.3797195553779602, 0.37911751866340637, 0.3740115761756897, 0.37358391284942627, 0.3735038638114929, 0.3884843587875366, 0.3720647096633911, 0.3739151060581207, 0.36752328276634216, 0.3707205057144165, 0.3655366003513336, 0.3678242564201355, 0.370400607585907, 0.3908587396144867, 0.37278568744659424, 0.37354159355163574, 0.3738976716995239, 0.3728489577770233, 0.37324246764183044, 0.36590802669525146, 0.3687531650066376, 0.36909162998199463, 0.3605838119983673, 0.37001192569732666, 0.373565137386322, 0.3668101131916046, 0.3738000988960266, 0.366122841835022, 0.3674292266368866, 0.36650171875953674, 0.36533600091934204, 0.38021746277809143, 0.36700257658958435, 0.36596575379371643, 0.3687645196914673, 0.365831196308136, 0.36874666810035706, 0.36517277359962463, 0.367588073015213, 0.36440029740333557, 0.3643921911716461, 0.3641718327999115, 0.3648332357406616, 0.36483728885650635, 0.36493101716041565, 0.3686859607696533, 0.3719780445098877, 0.3631766438484192, 0.36407479643821716, 0.36347880959510803, 0.3635842800140381, 0.3639393746852875, 0.36297208070755005, 0.3627755641937256, 0.3631521463394165, 0.36311015486717224, 0.3634246587753296, 0.3629026412963867, 0.3678971827030182, 0.3627585470676422, 0.3631647825241089, 0.3621410131454468, 0.36212921142578125, 0.3641478717327118, 0.3630863428115845, 0.3623006343841553, 0.3633320927619934, 0.3686659634113312, 0.36320027709007263, 0.3619031012058258, 0.3644983172416687, 0.3601095974445343, 0.3600405752658844, 0.3597419857978821, 0.36038491129875183, 0.3602263331413269, 0.36333194375038147, 0.3598870038986206, 0.36379021406173706, 0.36546242237091064, 0.3623476028442383, 0.3600011169910431, 0.3597545325756073, 0.3656695485115051, 0.3636110723018646, 0.3599155843257904, 0.3619401454925537, 0.36389246582984924, 0.360590398311615, 0.35998594760894775, 0.363058865070343, 0.3600504398345947, 0.3628532290458679, 0.35981059074401855, 0.36006098985671997, 0.36212241649627686, 0.35876044631004333, 0.35882827639579773, 0.3613930642604828, 0.358681321144104, 0.36044707894325256, 0.36424538493156433, 0.3606258034706116, 0.3583034873008728, 0.3576395511627197, 0.35756972432136536, 0.35737624764442444, 0.3568582236766815, 0.35699111223220825, 0.3573111593723297, 0.35846468806266785, 0.35706549882888794, 0.3639013171195984, 0.36039841175079346, 0.3562924265861511, 0.35647013783454895, 0.36142027378082275, 0.3578837513923645, 0.3566664755344391, 0.36256182193756104, 0.35638153553009033, 0.35606810450553894, 0.35912254452705383, 0.35608306527137756, 0.356141597032547, 0.35517874360084534, 0.3554992377758026, 0.35661551356315613, 0.36472031474113464, 0.35522764921188354, 0.3580067753791809, 0.3557153642177582, 0.35458943247795105, 0.3543626666069031, 0.35443246364593506, 0.36330920457839966, 0.3570230007171631, 0.3543146848678589, 0.35383906960487366, 0.3571403920650482, 0.36547932028770447, 0.3536053001880646, 0.3532795011997223, 0.3543907403945923, 0.35455653071403503, 0.35361212491989136, 0.3528253436088562, 0.35476723313331604, 0.3518452048301697, 0.3566981256008148, 0.35404354333877563, 0.3604338765144348, 0.3521650433540344, 0.3513946235179901, 0.353282630443573, 0.3521192967891693, 0.35101136565208435, 0.3511463403701782, 0.3507537841796875, 0.35070472955703735, 0.35065579414367676, 0.35039597749710083, 0.35015869140625, 0.35034313797950745, 0.34969520568847656, 0.35243985056877136, 0.34907686710357666, 0.3562055826187134, 0.35126519203186035, 0.34956592321395874, 0.34926292300224304, 0.3490837514400482, 0.3516216576099396, 0.34946221113204956, 0.34927791357040405, 0.35087263584136963, 0.355723112821579, 0.34756186604499817, 0.3486368954181671, 0.350066602230072, 0.34772589802742004, 0.3512994647026062, 0.3511699438095093, 0.3473449647426605, 0.3470102548599243, 0.3467980921268463, 0.3516177833080292, 0.3491762578487396, 0.3480607569217682, 0.34991970658302307, 0.34636378288269043, 0.34699925780296326, 0.3456425070762634, 0.3465459942817688, 0.3443441689014435, 0.34412747621536255, 0.34572747349739075, 0.3445020020008087, 0.35321635007858276, 0.35416245460510254, 0.34550759196281433, 0.34730449318885803, 0.34864962100982666, 0.34700697660446167, 0.3440106511116028, 0.34314507246017456, 0.3441024124622345, 0.34238702058792114, 0.346138596534729, 0.3448728322982788, 0.3439478278160095, 0.3474794030189514, 0.34601637721061707, 0.3418911099433899, 0.34287115931510925, 0.3416858911514282, 0.3411553204059601, 0.34067654609680176, 0.34414955973625183, 0.340015709400177, 0.33951279520988464, 0.3413960635662079, 0.3490932583808899, 0.3383033275604248, 0.33941197395324707, 0.33760470151901245, 0.3375104069709778, 0.3369769752025604, 0.3369769752025604, 0.3385547995567322, 0.3371703326702118, 0.3360744118690491, 0.3367757797241211, 0.3401448428630829, 0.33583149313926697, 0.33544671535491943, 0.3396996557712555, 0.3356236219406128, 0.3373190760612488, 0.3381744623184204, 0.34006333351135254, 0.3353610336780548, 0.3364126682281494, 0.3354194760322571, 0.334754079580307, 0.33496206998825073, 0.3350645899772644, 0.33345112204551697, 0.33458206057548523, 0.3390168845653534, 0.3336036205291748, 0.33432725071907043, 0.33224260807037354, 0.33138829469680786, 0.33338695764541626, 0.3318279981613159, 0.3321729600429535, 0.3378910422325134, 0.33233222365379333, 0.3315650224685669, 0.33061373233795166, 0.33064526319503784, 0.330941379070282, 0.331843763589859, 0.3309583365917206, 0.3302721679210663, 0.3308183252811432, 0.3304959237575531, 0.3297712206840515, 0.3293035626411438, 0.3293066918849945, 0.33172371983528137, 0.3340345323085785, 0.33329764008522034, 0.3271424174308777, 0.32882946729660034, 0.326544851064682, 0.32829901576042175, 0.3308161199092865, 0.3271879255771637, 0.32738131284713745, 0.32828834652900696, 0.3293643891811371, 0.32860833406448364, 0.33458760380744934, 0.32649776339530945, 0.3283417522907257, 0.32647454738616943, 0.3266719579696655, 0.3268382251262665, 0.32537272572517395, 0.3266052007675171, 0.32628995180130005, 0.32460883259773254, 0.3257300853729248, 0.32564517855644226, 0.3265693187713623, 0.3264845907688141, 0.3253839910030365, 0.3256269693374634, 0.32721182703971863, 0.32373106479644775, 0.3236508071422577, 0.3255103826522827, 0.32542380690574646, 0.32436603307724, 0.32495638728141785, 0.3242177665233612, 0.3285752534866333, 0.3235670328140259, 0.3275987505912781, 0.32375890016555786, 0.3243943750858307, 0.32549241185188293, 0.3264686167240143, 0.32382479310035706, 0.32407963275909424, 0.3258539140224457, 0.32462868094444275, 0.3251095712184906, 0.3255489468574524, 0.32583823800086975, 0.3229910135269165, 0.32295235991477966, 0.3224283456802368, 0.3232591152191162, 0.32228410243988037, 0.3258334994316101, 0.32180798053741455, 0.3255174160003662, 0.3218327462673187, 0.32465827465057373, 0.3212798237800598, 0.3215039372444153, 0.3208470642566681, 0.3209204375743866, 0.32051894068717957, 0.32166293263435364, 0.3211800754070282, 0.3229634463787079, 0.3246862292289734, 0.3211383819580078, 0.32100600004196167, 0.32417920231819153, 0.3198288679122925, 0.32074517011642456, 0.3213111162185669, 0.3231935203075409, 0.3257538080215454, 0.32064712047576904, 0.3208189904689789, 0.3203926980495453, 0.3208036720752716, 0.3214321434497833, 0.32003891468048096, 0.32095518708229065, 0.31976842880249023, 0.32320404052734375, 0.3191663920879364, 0.3191830813884735, 0.31977468729019165, 0.31935492157936096, 0.32007044553756714, 0.3200256824493408, 0.32196179032325745, 0.3211209177970886, 0.32065626978874207, 0.32007884979248047, 0.31992021203041077, 0.32062894105911255, 0.32052481174468994, 0.3259660005569458, 0.32139432430267334, 0.3223343789577484, 0.32104912400245667, 0.3210708200931549, 0.32303282618522644, 0.32456836104393005, 0.3197772800922394, 0.32116028666496277, 0.3213973343372345, 0.3224395513534546, 0.32290348410606384, 0.32287827134132385, 0.3195052742958069, 0.3185235857963562, 0.31851887702941895, 0.31923261284828186, 0.31942588090896606, 0.31914111971855164, 0.3202611207962036, 0.32116836309432983, 0.3186086118221283, 0.3217966556549072, 0.31822314858436584, 0.31919270753860474, 0.3206371068954468, 0.31802523136138916, 0.31872332096099854, 0.3201018273830414, 0.3233339190483093, 0.3187867999076843, 0.31803855299949646, 0.31771162152290344, 0.31730011105537415, 0.3183174133300781, 0.31973227858543396, 0.31771981716156006, 0.3192252814769745, 0.31995460391044617, 0.31937307119369507, 0.3190213739871979, 0.32009565830230713, 0.3200072944164276, 0.32170653343200684, 0.3184608221054077, 0.31790995597839355, 0.3207872807979584, 0.3183191418647766, 0.3176473081111908, 0.31633302569389343, 0.31639567017555237, 0.3163827359676361, 0.3159593641757965, 0.3170537054538727, 0.31690025329589844, 0.31846025586128235, 0.321714848279953, 0.31565359234809875, 0.3156803548336029, 0.3156140148639679, 0.31791290640830994, 0.3244163990020752, 0.31703129410743713, 0.31695735454559326, 0.3160691559314728, 0.3172849416732788, 0.3170342743396759, 0.3252430856227875, 0.31866568326950073, 0.31658849120140076, 0.31584540009498596, 0.31703051924705505, 0.31658920645713806, 0.3198970556259155, 0.3173586428165436, 0.3171079456806183, 0.31752392649650574, 0.3183121383190155, 0.3163841962814331, 0.3159836232662201, 0.31650519371032715, 0.32063549757003784]",9.0,"[33.0, 33.0, 33.0, 33.0, 33.0, 33.0, 33.0, 33.0, 33.0, 33.0, 33.0, 30.0, 30.0, 30.0, 30.0, 27.0, 25.0, 25.0, 21.0, 19.0, 17.0, 17.0, 17.0, 17.0, 16.0, 16.0, 15.0, 15.0, 14.0, 14.0, 14.0, 14.0, 12.0, 12.0, 12.0, 12.0, 12.0, 12.0, 11.0, 11.0, 11.0, 11.0, 11.0, 11.0, 11.0, 11.0, 10.0, 10.0, 10.0, 10.0, 10.0, 10.0, 10.0, 9.0, 9.0, 9.0, 9.0, 9.0, 9.0, 9.0, 9.0, 9.0, 9.0, 9.0, 9.0, 9.0, 9.0, 9.0, 9.0, 9.0, 9.0, 9.0, 9.0, 9.0, 9.0, 9.0, 9.0, 9.0, 9.0, 9.0, 9.0, 9.0, 9.0, 9.0, 9.0, 9.0, 9.0, 9.0, 9.0, 9.0, 9.0, 9.0, 9.0, 9.0, 9.0, 9.0, 9.0, 9.0, 9.0, 9.0, 9.0, 9.0, 9.0, 9.0, 9.0, 9.0, 9.0, 9.0, 9.0, 9.0, 9.0, 9.0, 9.0, 9.0, 9.0, 9.0, 9.0, 9.0, 9.0, 9.0, 9.0, 9.0, 9.0, 9.0, 9.0, 9.0, 9.0, 9.0, 9.0, 9.0, 9.0, 9.0, 9.0, 9.0, 9.0, 9.0, 9.0, 9.0, 9.0, 9.0, 9.0, 9.0, 9.0, 9.0, 9.0, 9.0, 9.0, 9.0, 9.0, 9.0, 9.0, 9.0, 9.0, 9.0, 9.0, 9.0, 9.0, 9.0, 9.0, 9.0, 9.0, 9.0, 9.0, 9.0, 9.0, 9.0, 9.0, 9.0, 9.0, 9.0, 9.0, 9.0, 9.0, 9.0, 9.0, 9.0, 9.0, 9.0, 9.0, 9.0, 9.0, 9.0, 9.0, 9.0, 9.0, 9.0, 9.0, 9.0, 9.0, 9.0, 9.0, 9.0, 9.0, 9.0, 9.0, 9.0, 9.0, 9.0, 9.0, 9.0, 9.0, 9.0, 9.0, 9.0, 9.0, 9.0, 9.0, 9.0, 9.0, 9.0, 9.0, 9.0, 9.0, 9.0, 9.0, 9.0, 9.0, 9.0, 9.0, 9.0, 9.0, 9.0, 9.0, 9.0, 9.0, 9.0, 9.0, 9.0, 9.0, 9.0, 9.0, 9.0, 9.0, 9.0, 9.0, 9.0, 9.0, 9.0, 9.0, 9.0, 9.0, 9.0, 9.0, 9.0, 9.0, 9.0, 9.0, 9.0, 9.0, 9.0, 9.0, 9.0, 9.0, 9.0, 9.0, 9.0, 9.0, 9.0, 9.0, 9.0, 9.0, 9.0, 9.0, 9.0, 9.0, 9.0, 9.0, 9.0, 9.0, 9.0, 9.0, 9.0, 9.0, 9.0, 9.0, 9.0, 9.0, 9.0, 9.0, 9.0, 9.0, 9.0, 9.0, 9.0, 9.0, 9.0, 9.0, 9.0, 9.0, 9.0, 9.0, 9.0, 9.0, 9.0, 9.0, 9.0, 9.0, 9.0, 9.0, 9.0, 9.0, 9.0, 9.0, 9.0, 9.0, 9.0, 9.0, 9.0, 9.0, 9.0, 9.0, 9.0, 9.0, 9.0, 9.0, 9.0, 9.0, 9.0, 9.0, 9.0, 9.0, 9.0, 9.0, 9.0, 9.0, 9.0, 9.0, 9.0, 9.0, 9.0, 9.0, 9.0, 9.0, 9.0, 9.0, 9.0, 9.0, 9.0, 9.0, 9.0, 9.0, 9.0, 9.0, 9.0, 9.0, 9.0, 9.0, 9.0, 9.0, 9.0, 9.0, 9.0, 9.0, 9.0, 9.0, 9.0, 9.0, 9.0, 9.0, 9.0, 9.0, 9.0, 9.0, 9.0, 9.0, 9.0, 9.0, 9.0, 9.0, 9.0, 9.0, 9.0, 9.0, 9.0, 9.0, 9.0, 9.0, 9.0, 9.0, 9.0, 9.0, 9.0, 9.0, 9.0, 9.0, 9.0, 9.0, 9.0, 9.0, 9.0, 9.0, 9.0, 9.0, 9.0, 9.0, 9.0, 9.0, 9.0, 9.0, 9.0, 9.0, 9.0, 9.0, 9.0, 9.0, 9.0, 9.0, 9.0, 9.0, 9.0, 9.0, 9.0, 9.0, 9.0, 9.0, 9.0, 9.0, 9.0, 9.0, 9.0, 9.0, 9.0, 9.0, 9.0, 9.0, 9.0, 9.0, 9.0, 9.0, 9.0, 9.0, 9.0, 9.0, 9.0, 9.0, 9.0, 9.0, 9.0, 9.0, 9.0, 9.0, 9.0, 9.0, 9.0, 9.0, 9.0, 9.0, 9.0, 9.0, 9.0, 9.0, 9.0, 9.0, 9.0, 9.0, 9.0, 9.0, 9.0, 9.0, 9.0]",COMPLETE
