,number,value,datetime_start,datetime_complete,duration,params_batch_size_scaler,params_constant_learning_rate,params_depth,params_epochs,params_kernel_l2,params_num_trees,params_temperature,user_attrs_accuracy_test,user_attrs_accuracy_valid,user_attrs_approximate_feature_sparsity,user_attrs_approximate_feature_sparsity_history,user_attrs_approximate_weight_sparsity,user_attrs_approximate_weight_sparsity_history,user_attrs_auc_test,user_attrs_auc_valid,user_attrs_feature_sparsity,user_attrs_feature_sparsity_history,user_attrs_num_epochs,user_attrs_val_loss_history,user_attrs_weight_sparsity,user_attrs_weight_sparsity_history,state
118,118,0.5,2024-08-31 05:59:28.256909,2024-08-31 06:16:12.156858,0 days 00:16:43.899949,1,4.822777824029085,6,455,0.00976188502036949,31,0.011200130914246384,0.859,0.85875,0,"[0, 0, 0, 0, 0, 0, 0, 0, 0, 0, 0, 0, 0, 0, 0, 0, 0, 0, 0, 0, 0, 0, 0, 0, 0, 0, 0, 0, 0, 0, 0, 0, 0, 0, 0, 0, 0, 0, 0, 0, 0, 0, 0, 0, 0, 0, 0, 0, 0, 0, 0, 0, 0, 0, 0, 0, 0, 0, 0, 0, 0, 0, 0, 0, 0, 0, 0, 0, 0, 0, 0, 0, 0, 0, 0, 0, 0, 0, 0, 0, 0, 0, 0, 0, 0, 0, 0, 0, 0, 0, 0, 0, 0, 0, 0, 0, 0, 0, 0, 0, 0, 0, 0, 0, 0, 0, 0, 0, 0, 0, 0, 0, 0, 0, 0, 0, 0, 0, 0, 0, 0, 0, 0, 0, 0, 0, 0, 0, 0, 0, 0, 0, 0, 0, 0, 0, 0, 0, 0, 0, 0, 0, 0, 0, 0, 0, 0, 0, 0, 0, 0, 0, 0, 0, 0, 0, 0, 0, 0, 0, 0, 0, 0, 0, 0, 0, 0, 0, 0, 0, 0, 0, 0, 0, 0, 0, 0, 0, 0, 0, 0, 0, 0, 0, 0, 0, 0, 0, 0, 0, 0, 0, 0, 0, 0, 0, 0, 0, 0, 0, 0, 0, 0, 0, 0, 0, 0, 0, 0, 0, 0, 0, 0, 0, 0, 0, 0, 0, 0, 0, 0, 0, 0, 0, 0, 0, 0, 0, 0, 0, 0, 0, 0, 0, 0, 0, 0, 0, 0, 0, 0, 0, 0, 0, 0, 0, 0, 0, 0, 0, 0, 0, 0, 0, 0, 0, 0, 0, 0, 0, 0, 0, 0, 0, 0, 0, 0, 0, 0, 0, 0, 0, 0, 0, 0, 0, 0, 0, 0, 0, 0, 0, 0, 0, 0, 0, 0, 0, 0, 0, 0, 0, 0, 0, 0, 0, 0, 0, 0, 0, 0, 0, 0, 0, 0, 0, 0, 0, 0, 0, 0, 0, 0, 0, 0, 0, 0, 0, 0, 0, 0, 0, 0, 0, 0, 0, 0, 0, 0, 0, 0, 0, 0, 0, 0, 0, 0, 0, 0, 0, 0, 0, 0, 0, 0, 0, 0, 0, 0, 0, 0, 0, 0, 0, 0, 0, 0, 0, 0, 0, 0, 0, 0, 0, 0, 0, 0, 0, 0, 0, 0, 0, 0, 0, 0, 0, 0, 0, 0, 0, 0, 0, 0, 0, 0, 0, 0, 0, 0, 0, 0, 0, 0, 0, 0, 0, 0, 0, 0, 0, 0, 0, 0, 0, 0, 0, 0, 0, 0, 0, 0, 0, 0, 0, 0, 0, 0, 0, 0, 0, 0, 0, 0, 0, 0, 0, 0, 0, 0, 0, 0, 0, 0, 0, 0, 0, 0, 0, 0, 0, 0, 0, 0, 0, 0, 0, 0, 0, 0, 0, 0, 0, 0, 0, 0]",0.0,"[0.0, 0.0, 0.0, 0.0, 0.0, 0.0, 0.0, 0.0, 0.0, 0.0, 0.0, 0.0, 0.0, 0.0, 0.0, 0.0, 0.0, 0.0, 0.0, 0.0, 0.0, 0.0, 0.0, 0.0, 0.0, 0.0, 0.0, 0.0, 0.0, 0.0, 0.0, 0.0, 0.0, 0.0, 0.0, 0.0, 0.0, 0.0, 0.0, 0.0, 0.0, 0.0, 0.0, 0.0, 0.0, 0.0, 0.0, 0.0, 0.0, 0.0, 0.0, 0.0, 0.0, 0.0, 0.0, 0.0, 0.0, 0.0, 0.0, 0.0, 0.0, 0.0, 0.0, 0.0, 0.0, 0.0, 0.0, 0.0, 0.0, 0.0, 0.0, 0.0, 0.0, 0.0, 0.0, 0.0, 0.0, 0.0, 0.0, 0.0, 0.0, 0.0, 0.0, 0.0, 0.0, 0.0, 0.0, 0.0, 0.0, 0.0, 0.0, 0.0, 0.0, 0.0, 0.0, 0.0, 0.0, 0.0, 0.0, 0.0, 0.0, 0.0, 0.0, 0.0, 0.0, 0.0, 0.0, 0.0, 0.0, 0.0, 0.0, 0.0, 0.0, 0.0, 0.0, 0.0, 0.0, 0.0, 0.0, 0.0, 0.0, 0.0, 0.0, 0.0, 0.0, 0.0, 0.0, 0.0, 0.0, 0.0, 0.0, 0.0, 0.0, 0.0, 0.0, 0.0, 0.0, 0.0, 0.0, 0.0, 0.0, 0.0, 0.0, 0.0, 0.0, 0.0, 0.0, 0.0, 0.0, 0.0, 0.0, 0.0, 0.0, 0.0, 0.0, 0.0, 0.0, 0.0, 0.0, 0.0, 0.0, 0.0, 0.0, 0.0, 0.0, 0.0, 0.0, 0.0, 0.0, 0.0, 0.0, 0.0, 0.0, 0.0, 0.0, 0.0, 0.0, 0.0, 0.0, 0.0, 0.0, 0.0, 0.0, 0.0, 0.0, 0.0, 0.0, 0.0, 0.0, 0.0, 0.0, 0.0, 0.0, 0.0, 0.0, 0.0, 0.0, 0.0, 0.0, 0.0, 0.0, 0.0, 0.0, 0.0, 0.0, 0.0, 0.0, 0.0, 0.0, 0.0, 0.0, 0.0, 0.0, 0.0, 0.0, 0.0, 0.0, 0.0, 0.0, 0.0, 0.0, 0.0, 0.0, 0.0, 0.0, 0.0, 0.0, 0.0, 0.0, 0.0, 0.0, 0.0, 0.0, 0.0, 0.0, 0.0, 0.0, 0.0, 0.0, 0.0, 0.0, 0.0, 0.0, 0.0, 0.0, 0.0, 0.0, 0.0, 0.0, 0.0, 0.0, 0.0, 0.0, 0.0, 0.0, 0.0, 0.0, 0.0, 0.0, 0.0, 0.0, 0.0, 0.0, 0.0, 0.0, 0.0, 0.0, 0.0, 0.0, 0.0, 0.0, 0.0, 0.0, 0.0, 0.0, 0.0, 0.0, 0.0, 0.0, 0.0, 0.0, 0.0, 0.0, 0.0, 0.0, 0.0, 0.0, 0.0, 0.0, 0.0, 0.0, 0.0, 0.0, 0.0, 0.0, 0.0, 0.0, 0.0, 0.0, 0.0, 0.0, 0.0, 0.0, 0.0, 0.0, 0.0, 0.0, 0.0, 0.0, 0.0, 0.0, 0.0, 0.0, 0.0, 0.0, 0.0, 0.0, 0.0, 0.0, 0.0, 0.0, 0.0, 0.0, 0.0, 0.0, 0.0, 0.0, 0.0, 0.0, 0.0, 0.0, 0.0, 0.0, 0.0, 0.0, 0.0, 0.0, 0.0, 0.0, 0.0, 0.0, 0.0, 0.0, 0.0, 0.0, 0.0, 0.0, 0.0, 0.0, 0.0, 0.0, 0.0, 0.0, 0.0, 0.0, 0.0, 0.0, 0.0, 0.0, 0.0, 0.0, 0.0, 0.0, 0.0, 0.0, 0.0, 0.0, 0.0, 0.0, 0.0, 0.0, 0.0, 0.0, 0.0, 0.0, 0.0, 0.0, 0.0, 0.0, 0.0, 0.0, 0.0, 0.0, 0.0, 0.0, 0.0, 0.0, 0.0, 0.0, 0.0, 0.0, 0.0, 0.0, 0.0, 0.0, 0.0, 0.0, 0.0, 0.0, 0.0, 0.0, 0.0, 0.0, 0.0, 0.0, 0.0, 0.0, 0.0, 0.0, 0.0, 0.0, 0.0, 0.0, 0.0, 0.0, 0.0, 0.0, 0.0, 0.0, 0.0, 0.0, 0.0, 0.0, 0.0, 0.0, 0.0, 0.0, 0.0, 0.0, 0.0, 0.0, 0.0, 0.0, 0.0, 0.0, 0.0, 0.0, 0.0, 0.0, 0.0, 0.0, 0.0, 0.0, 0.0, 0.0, 0.0, 0.0, 0.0, 0.0, 0.0, 0.0, 0.0, 0.0, 0.0, 0.0]",0.5,0.5,0,"[0, 0, 0, 0, 0, 0, 0, 0, 0, 0, 0, 0, 0, 0, 0, 0, 0, 0, 0, 0, 0, 0, 0, 0, 0, 0, 0, 0, 0, 0, 0, 0, 0, 0, 0, 0, 0, 0, 0, 0, 0, 0, 0, 0, 0, 0, 0, 0, 0, 0, 0, 0, 0, 0, 0, 0, 0, 0, 0, 0, 0, 0, 0, 0, 0, 0, 0, 0, 0, 0, 0, 0, 0, 0, 0, 0, 0, 0, 0, 0, 0, 0, 0, 0, 0, 0, 0, 0, 0, 0, 0, 0, 0, 0, 0, 0, 0, 0, 0, 0, 0, 0, 0, 0, 0, 0, 0, 0, 0, 0, 0, 0, 0, 0, 0, 0, 0, 0, 0, 0, 0, 0, 0, 0, 0, 0, 0, 0, 0, 0, 0, 0, 0, 0, 0, 0, 0, 0, 0, 0, 0, 0, 0, 0, 0, 0, 0, 0, 0, 0, 0, 0, 0, 0, 0, 0, 0, 0, 0, 0, 0, 0, 0, 0, 0, 0, 0, 0, 0, 0, 0, 0, 0, 0, 0, 0, 0, 0, 0, 0, 0, 0, 0, 0, 0, 0, 0, 0, 0, 0, 0, 0, 0, 0, 0, 0, 0, 0, 0, 0, 0, 0, 0, 0, 0, 0, 0, 0, 0, 0, 0, 0, 0, 0, 0, 0, 0, 0, 0, 0, 0, 0, 0, 0, 0, 0, 0, 0, 0, 0, 0, 0, 0, 0, 0, 0, 0, 0, 0, 0, 0, 0, 0, 0, 0, 0, 0, 0, 0, 0, 0, 0, 0, 0, 0, 0, 0, 0, 0, 0, 0, 0, 0, 0, 0, 0, 0, 0, 0, 0, 0, 0, 0, 0, 0, 0, 0, 0, 0, 0, 0, 0, 0, 0, 0, 0, 0, 0, 0, 0, 0, 0, 0, 0, 0, 0, 0, 0, 0, 0, 0, 0, 0, 0, 0, 0, 0, 0, 0, 0, 0, 0, 0, 0, 0, 0, 0, 0, 0, 0, 0, 0, 0, 0, 0, 0, 0, 0, 0, 0, 0, 0, 0, 0, 0, 0, 0, 0, 0, 0, 0, 0, 0, 0, 0, 0, 0, 0, 0, 0, 0, 0, 0, 0, 0, 0, 0, 0, 0, 0, 0, 0, 0, 0, 0, 0, 0, 0, 0, 0, 0, 0, 0, 0, 0, 0, 0, 0, 0, 0, 0, 0, 0, 0, 0, 0, 0, 0, 0, 0, 0, 0, 0, 0, 0, 0, 0, 0, 0, 0, 0, 0, 0, 0, 0, 0, 0, 0, 0, 0, 0, 0, 0, 0, 0, 0, 0, 0, 0, 0, 0, 0, 0, 0, 0, 0, 0, 0, 0, 0, 0, 0, 0, 0, 0, 0, 0, 0, 0, 0, 0, 0, 0, 0, 0, 0, 0, 0, 0, 0, 0, 0, 0, 0, 0]",455,"[0.411167711019516, 0.4158908426761627, 0.41254836320877075, 0.412344366312027, 0.4091489017009735, 0.4119749069213867, 0.4086827039718628, 0.40758785605430603, 0.4073762595653534, 0.4072788655757904, 0.40953052043914795, 0.4132384955883026, 0.42990443110466003, 0.4076104760169983, 0.44287917017936707, 0.41058120131492615, 0.4100172817707062, 0.43833667039871216, 0.4178454875946045, 0.4439544379711151, 0.42868924140930176, 0.44978201389312744, 0.42451298236846924, 0.4428574740886688, 0.4286075532436371, 0.4093540906906128, 0.42520660161972046, 0.4111558496952057, 0.4155968129634857, 0.4171481728553772, 0.4240165948867798, 0.4075469970703125, 0.4353225827217102, 0.40731948614120483, 0.453235387802124, 0.42373061180114746, 0.4104912579059601, 0.4115948975086212, 0.40785083174705505, 0.4156017601490021, 0.44907838106155396, 0.42303845286369324, 0.41051414608955383, 0.41478079557418823, 0.42158499360084534, 0.4374927580356598, 0.409882128238678, 0.43920081853866577, 0.40722981095314026, 0.4195214807987213, 0.4251018166542053, 0.4252857267856598, 0.4168698787689209, 0.41749295592308044, 0.40866923332214355, 0.4346757233142853, 0.4072430729866028, 0.40785539150238037, 0.42259159684181213, 0.41973987221717834, 0.4075886607170105, 0.4084743857383728, 0.42046141624450684, 0.40945297479629517, 0.4296365976333618, 0.409412145614624, 0.4138457775115967, 0.44076210260391235, 0.42347612977027893, 0.4108581244945526, 0.41093748807907104, 0.40749603509902954, 0.40790027379989624, 0.40724554657936096, 0.4123730957508087, 0.4245893359184265, 0.4097421169281006, 0.40723931789398193, 0.4222169816493988, 0.4231520891189575, 0.41037285327911377, 0.41033005714416504, 0.4073822796344757, 0.4820939600467682, 0.40876179933547974, 0.4132944941520691, 0.4197962284088135, 0.40730762481689453, 0.4072261154651642, 0.4107201099395752, 0.4201582074165344, 0.4148046374320984, 0.43161457777023315, 0.4125230312347412, 0.4094133675098419, 0.4501747786998749, 0.5121051669120789, 0.41175806522369385, 0.41035041213035583, 0.41391006112098694, 0.4364643096923828, 0.4180489778518677, 0.4072948098182678, 0.4072479009628296, 0.44015035033226013, 0.41199588775634766, 0.4074399173259735, 0.4083176851272583, 0.4276655912399292, 0.40862324833869934, 0.4171154499053955, 0.4245551824569702, 0.4270116686820984, 0.4078603982925415, 0.4179832339286804, 0.4163203537464142, 0.42545709013938904, 0.4165244996547699, 0.40729305148124695, 0.40735766291618347, 0.44232046604156494, 0.40839046239852905, 0.4116460382938385, 0.407487690448761, 0.4077851474285126, 0.4232456088066101, 0.4075479507446289, 0.46493256092071533, 0.41203784942626953, 0.4104589819908142, 0.4076194763183594, 0.4103988707065582, 0.4072476327419281, 0.4288147985935211, 0.4147288501262665, 0.45265936851501465, 0.4400464594364166, 0.4114583134651184, 0.4133315682411194, 0.4095343351364136, 0.41452544927597046, 0.4072646200656891, 0.4266156852245331, 0.419729083776474, 0.41735005378723145, 0.4207330346107483, 0.4089353084564209, 0.41141900420188904, 0.4431482255458832, 0.4075532853603363, 0.42111605405807495, 0.4129217863082886, 0.408420592546463, 0.41009384393692017, 0.40855515003204346, 0.40843886137008667, 0.41710135340690613, 0.413197785615921, 0.4158000946044922, 0.4419769048690796, 0.4083635210990906, 0.40884852409362793, 0.40725839138031006, 0.415630042552948, 0.4072370231151581, 0.4184088110923767, 0.40992000699043274, 0.41452082991600037, 0.40743449330329895, 0.40807655453681946, 0.4170103967189789, 0.40788599848747253, 0.4096471667289734, 0.40749725699424744, 0.4085248112678528, 0.4264003038406372, 0.40735310316085815, 0.41318467259407043, 0.463392436504364, 0.4172922968864441, 0.4184074103832245, 0.4080246388912201, 0.4092729687690735, 0.40725553035736084, 0.4118558168411255, 0.40777701139450073, 0.41595008969306946, 0.41489434242248535, 0.4072696566581726, 0.4107133746147156, 0.4091724157333374, 0.4108861982822418, 0.4141635596752167, 0.41013675928115845, 0.41289564967155457, 0.41427475214004517, 0.42314639687538147, 0.42312753200531006, 0.420587956905365, 0.4141034185886383, 0.4094613790512085, 0.4075351655483246, 0.43783214688301086, 0.435336709022522, 0.407981276512146, 0.41815823316574097, 0.407408744096756, 0.4107193052768707, 0.5020366907119751, 0.41364964842796326, 0.4101751446723938, 0.4178514778614044, 0.40917617082595825, 0.4121529757976532, 0.40748515725135803, 0.45971518754959106, 0.4331892728805542, 0.41313132643699646, 0.40770748257637024, 0.4140743613243103, 0.41774287819862366, 0.4682080149650574, 0.40818968415260315, 0.4147213101387024, 0.4110531210899353, 0.41869914531707764, 0.4119623601436615, 0.41788017749786377, 0.4104832112789154, 0.4285729229450226, 0.4132740795612335, 0.4080335199832916, 0.4202984869480133, 0.41371551156044006, 0.4405619502067566, 0.4111296832561493, 0.4088018536567688, 0.4428532123565674, 0.42744553089141846, 0.42124226689338684, 0.4492432475090027, 0.4115586578845978, 0.4082740545272827, 0.40727654099464417, 0.40818649530410767, 0.4122273325920105, 0.4104122817516327, 0.4269922971725464, 0.4128454327583313, 0.4079016149044037, 0.41431498527526855, 0.40769776701927185, 0.4314095377922058, 0.4089178144931793, 0.4160782992839813, 0.4203124940395355, 0.45190486311912537, 0.4136110246181488, 0.41073235869407654, 0.4186300039291382, 0.4130640923976898, 0.432498961687088, 0.4098118543624878, 0.4203548729419708, 0.40722620487213135, 0.44256043434143066, 0.4142410159111023, 0.4108807444572449, 0.40744534134864807, 0.41556820273399353, 0.4072439670562744, 0.4087075889110565, 0.41033899784088135, 0.4478360712528229, 0.41386377811431885, 0.41590991616249084, 0.41448843479156494, 0.4183206558227539, 0.4172448217868805, 0.41109994053840637, 0.41100823879241943, 0.40868011116981506, 0.4307071566581726, 0.40961992740631104, 0.40726861357688904, 0.40861254930496216, 0.4120660126209259, 0.4131823480129242, 0.4159487783908844, 0.40830162167549133, 0.41695472598075867, 0.40727701783180237, 0.5406361818313599, 0.49608883261680603, 0.4089963436126709, 0.4549473226070404, 0.4371086061000824, 0.41004177927970886, 0.4274066090583801, 0.4379698932170868, 0.40758296847343445, 0.41177910566329956, 0.424153208732605, 0.41320106387138367, 0.4087452292442322, 0.40722721815109253, 0.4153690040111542, 0.42372018098831177, 0.40770256519317627, 0.4209904372692108, 0.4425711929798126, 0.4268161356449127, 0.4072674512863159, 0.4094150960445404, 0.41495856642723083, 0.4075705409049988, 0.40771692991256714, 0.41478535532951355, 0.41622433066368103, 0.40761637687683105, 0.4126948118209839, 0.4177261292934418, 0.4093440771102905, 0.40926703810691833, 0.4081859886646271, 0.4142840504646301, 0.41147109866142273, 0.430265337228775, 0.4077220559120178, 0.4073666036128998, 0.43897193670272827, 0.4103124737739563, 0.4092838168144226, 0.41839587688446045, 0.40843528509140015, 0.41144803166389465, 0.4073684811592102, 0.4097169041633606, 0.4405955374240875, 0.44180116057395935, 0.41941019892692566, 0.4328778088092804, 0.4252934753894806, 0.40883690118789673, 0.4085973799228668, 0.40944725275039673, 0.45677322149276733, 0.40726950764656067, 0.408845990896225, 0.41558822989463806, 0.41202032566070557, 0.48240768909454346, 0.4097866714000702, 0.4106656014919281, 0.44474488496780396, 0.4076673090457916, 0.4084608554840088, 0.4136514663696289, 0.4304600656032562, 0.4084550738334656, 0.4291188716888428, 0.418211966753006, 0.42269065976142883, 0.40729281306266785, 0.4076180160045624, 0.40794673562049866, 0.4130432903766632, 0.4372091591358185, 0.41483187675476074, 0.4088626801967621, 0.4185809791088104, 0.4084458649158478, 0.4086703062057495, 0.43461763858795166, 0.4150736331939697, 0.4541860520839691, 0.4170834720134735, 0.4073311984539032, 0.4082837700843811, 0.429057776927948, 0.4134722948074341, 0.415354460477829, 0.4306958317756653, 0.4269222617149353, 0.41836312413215637, 0.40757086873054504, 0.46664515137672424, 0.4102177917957306, 0.4141842722892761, 0.4109347462654114, 0.41339123249053955, 0.4279140532016754, 0.42035555839538574, 0.42260903120040894, 0.4370727241039276, 0.4421981871128082, 0.4355852007865906, 0.41334885358810425, 0.408751904964447, 0.4149293899536133, 0.40832769870758057, 0.4253970980644226, 0.4090719223022461, 0.407235324382782, 0.44477665424346924, 0.40987205505371094, 0.41410622000694275, 0.4389148950576782, 0.4168594777584076, 0.407670259475708, 0.40750589966773987, 0.41961997747421265, 0.4072273373603821, 0.4446236491203308, 0.4492538869380951, 0.4075445830821991, 0.44285544753074646, 0.42948344349861145, 0.4444822669029236, 0.4144262671470642, 0.4452696740627289, 0.4072979986667633, 0.41163936257362366, 0.41302570700645447, 0.4181334972381592, 0.41523537039756775, 0.407435804605484, 0.40922024846076965, 0.40736961364746094, 0.41250449419021606, 0.40831679105758667, 0.42957255244255066, 0.41819870471954346, 0.5371139049530029, 0.42620185017585754, 0.4410668611526489, 0.4195585548877716, 0.4131597876548767, 0.42840301990509033, 0.41378289461135864, 0.4287865459918976, 0.4079412519931793, 0.42518168687820435, 0.4245023727416992, 0.4122355580329895, 0.4136379361152649, 0.4277278184890747, 0.420754998922348, 0.4073924720287323, 0.4173152446746826, 0.40990185737609863, 0.40731698274612427, 0.41017046570777893, 0.409149706363678, 0.42345452308654785]",0.0,"[0.0, 0.0, 0.0, 0.0, 0.0, 0.0, 0.0, 0.0, 0.0, 0.0, 0.0, 0.0, 0.0, 0.0, 0.0, 0.0, 0.0, 0.0, 0.0, 0.0, 0.0, 0.0, 0.0, 0.0, 0.0, 0.0, 0.0, 0.0, 0.0, 0.0, 0.0, 0.0, 0.0, 0.0, 0.0, 0.0, 0.0, 0.0, 0.0, 0.0, 0.0, 0.0, 0.0, 0.0, 0.0, 0.0, 0.0, 0.0, 0.0, 0.0, 0.0, 0.0, 0.0, 0.0, 0.0, 0.0, 0.0, 0.0, 0.0, 0.0, 0.0, 0.0, 0.0, 0.0, 0.0, 0.0, 0.0, 0.0, 0.0, 0.0, 0.0, 0.0, 0.0, 0.0, 0.0, 0.0, 0.0, 0.0, 0.0, 0.0, 0.0, 0.0, 0.0, 0.0, 0.0, 0.0, 0.0, 0.0, 0.0, 0.0, 0.0, 0.0, 0.0, 0.0, 0.0, 0.0, 0.0, 0.0, 0.0, 0.0, 0.0, 0.0, 0.0, 0.0, 0.0, 0.0, 0.0, 0.0, 0.0, 0.0, 0.0, 0.0, 0.0, 0.0, 0.0, 0.0, 0.0, 0.0, 0.0, 0.0, 0.0, 0.0, 0.0, 0.0, 0.0, 0.0, 0.0, 0.0, 0.0, 0.0, 0.0, 0.0, 0.0, 0.0, 0.0, 0.0, 0.0, 0.0, 0.0, 0.0, 0.0, 0.0, 0.0, 0.0, 0.0, 0.0, 0.0, 0.0, 0.0, 0.0, 0.0, 0.0, 0.0, 0.0, 0.0, 0.0, 0.0, 0.0, 0.0, 0.0, 0.0, 0.0, 0.0, 0.0, 0.0, 0.0, 0.0, 0.0, 0.0, 0.0, 0.0, 0.0, 0.0, 0.0, 0.0, 0.0, 0.0, 0.0, 0.0, 0.0, 0.0, 0.0, 0.0, 0.0, 0.0, 0.0, 0.0, 0.0, 0.0, 0.0, 0.0, 0.0, 0.0, 0.0, 0.0, 0.0, 0.0, 0.0, 0.0, 0.0, 0.0, 0.0, 0.0, 0.0, 0.0, 0.0, 0.0, 0.0, 0.0, 0.0, 0.0, 0.0, 0.0, 0.0, 0.0, 0.0, 0.0, 0.0, 0.0, 0.0, 0.0, 0.0, 0.0, 0.0, 0.0, 0.0, 0.0, 0.0, 0.0, 0.0, 0.0, 0.0, 0.0, 0.0, 0.0, 0.0, 0.0, 0.0, 0.0, 0.0, 0.0, 0.0, 0.0, 0.0, 0.0, 0.0, 0.0, 0.0, 0.0, 0.0, 0.0, 0.0, 0.0, 0.0, 0.0, 0.0, 0.0, 0.0, 0.0, 0.0, 0.0, 0.0, 0.0, 0.0, 0.0, 0.0, 0.0, 0.0, 0.0, 0.0, 0.0, 0.0, 0.0, 0.0, 0.0, 0.0, 0.0, 0.0, 0.0, 0.0, 0.0, 0.0, 0.0, 0.0, 0.0, 0.0, 0.0, 0.0, 0.0, 0.0, 0.0, 0.0, 0.0, 0.0, 0.0, 0.0, 0.0, 0.0, 0.0, 0.0, 0.0, 0.0, 0.0, 0.0, 0.0, 0.0, 0.0, 0.0, 0.0, 0.0, 0.0, 0.0, 0.0, 0.0, 0.0, 0.0, 0.0, 0.0, 0.0, 0.0, 0.0, 0.0, 0.0, 0.0, 0.0, 0.0, 0.0, 0.0, 0.0, 0.0, 0.0, 0.0, 0.0, 0.0, 0.0, 0.0, 0.0, 0.0, 0.0, 0.0, 0.0, 0.0, 0.0, 0.0, 0.0, 0.0, 0.0, 0.0, 0.0, 0.0, 0.0, 0.0, 0.0, 0.0, 0.0, 0.0, 0.0, 0.0, 0.0, 0.0, 0.0, 0.0, 0.0, 0.0, 0.0, 0.0, 0.0, 0.0, 0.0, 0.0, 0.0, 0.0, 0.0, 0.0, 0.0, 0.0, 0.0, 0.0, 0.0, 0.0, 0.0, 0.0, 0.0, 0.0, 0.0, 0.0, 0.0, 0.0, 0.0, 0.0, 0.0, 0.0, 0.0, 0.0, 0.0, 0.0, 0.0, 0.0, 0.0, 0.0, 0.0, 0.0, 0.0, 0.0, 0.0, 0.0, 0.0, 0.0, 0.0, 0.0, 0.0, 0.0, 0.0, 0.0, 0.0, 0.0, 0.0, 0.0, 0.0, 0.0, 0.0, 0.0, 0.0, 0.0, 0.0, 0.0, 0.0, 0.0, 0.0, 0.0, 0.0, 0.0, 0.0, 0.0, 0.0, 0.0, 0.0, 0.0, 0.0, 0.0, 0.0, 0.0, 0.0, 0.0, 0.0, 0.0, 0.0, 0.0, 0.0, 0.0, 0.0, 0.0, 0.0, 0.0, 0.0]",COMPLETE
119,119,0.5,2024-08-31 06:16:15.329117,2024-08-31 06:17:32.640764,0 days 00:01:17.311647,1,3.542474478223192,3,80,0.08055878072746514,67,0.034943317246755215,0.141,0.14125,0,"[0, 0, 0, 0, 0, 0, 0, 0, 0, 0, 0, 0, 0, 0, 0, 0, 0, 0, 0, 0, 0, 0, 0, 0, 0, 0, 0, 0, 0, 0, 0, 0, 0, 0, 0, 0, 0, 0, 0, 0, 0, 0, 0, 0, 0, 0, 0, 0, 0, 0, 0, 0, 0, 0, 0, 0, 0, 0, 0, 0, 0, 0, 0, 0, 0, 0, 0, 0, 0, 0, 0, 0, 0, 0, 0, 0, 0, 0, 0, 0]",0.0,"[0.0, 0.0, 0.0, 0.0, 0.0, 0.0, 0.0, 0.0, 0.0, 0.0, 0.0, 0.0, 0.0, 0.0, 0.0, 0.0, 0.0, 0.0, 0.0, 0.0, 0.0, 0.0, 0.0, 0.0, 0.0, 0.0, 0.0, 0.0, 0.0, 0.0, 0.0, 0.0, 0.0, 0.0, 0.0, 0.0, 0.0, 0.0, 0.0, 0.0, 0.0, 0.0, 0.0, 0.0, 0.0, 0.0, 0.0, 0.0, 0.0, 0.0, 0.0, 0.0, 0.0, 0.0, 0.0, 0.0, 0.0, 0.0, 0.0, 0.0, 0.0, 0.0, 0.0, 0.0, 0.0, 0.0, 0.0, 0.0, 0.0, 0.0, 0.0, 0.0, 0.0, 0.0, 0.0, 0.0, 0.0, 0.0, 0.0, 0.0]",0.5,0.5,0,"[0, 0, 0, 0, 0, 0, 0, 0, 0, 0, 0, 0, 0, 0, 0, 0, 0, 0, 0, 0, 0, 0, 0, 0, 0, 0, 0, 0, 0, 0, 0, 0, 0, 0, 0, 0, 0, 0, 0, 0, 0, 0, 0, 0, 0, 0, 0, 0, 0, 0, 0, 0, 0, 0, 0, 0, 0, 0, 0, 0, 0, 0, 0, 0, 0, 0, 0, 0, 0, 0, 0, 0, 0, 0, 0, 0, 0, 0, 0, 0]",80,"[2.945700168609619, 5.150793552398682, 2.111558675765991, 6.128168106079102, 4.380487442016602, 1.8535670042037964, 7.077349662780762, 7.0975141525268555, 6.024139404296875, 0.7651364207267761, 0.7544193863868713, 5.130707263946533, 0.5043372511863708, 4.432664394378662, 1.2677818536758423, 2.805596113204956, 3.957869291305542, 5.460692882537842, 5.570497989654541, 1.8632277250289917, 2.025285243988037, 0.554736316204071, 1.6568667888641357, 2.7107152938842773, 3.6215927600860596, 2.281095027923584, 1.6562550067901611, 3.4519457817077637, 4.936425685882568, 7.043203353881836, 0.7588486671447754, 4.998470306396484, 0.5301339626312256, 6.982011795043945, 8.299787521362305, 0.4136435389518738, 4.9623517990112305, 0.8604629039764404, 2.8969690799713135, 0.7543649077415466, 6.060607433319092, 3.8485898971557617, 0.9289116859436035, 5.081553936004639, 5.724855422973633, 1.1844044923782349, 3.4727447032928467, 1.4531316757202148, 5.1579508781433105, 3.896423578262329, 4.521747589111328, 4.85098934173584, 0.8552660346031189, 4.580210208892822, 9.097156524658203, 1.9613425731658936, 2.7296712398529053, 2.502847671508789, 4.526124954223633, 6.088541030883789, 5.143768787384033, 0.8887637853622437, 2.036125898361206, 0.7947418689727783, 5.487586498260498, 1.0312200784683228, 4.569189548492432, 3.7659127712249756, 0.6669809222221375, 0.4199641942977905, 6.992578029632568, 5.879339218139648, 5.438007354736328, 1.2988135814666748, 2.469806432723999, 5.775558948516846, 5.426276683807373, 3.9348578453063965, 0.7157713174819946, 4.095108509063721]",0.0,"[0.0, 0.0, 0.0, 0.0, 0.0, 0.0, 0.0, 0.0, 0.0, 0.0, 0.0, 0.0, 0.0, 0.0, 0.0, 0.0, 0.0, 0.0, 0.0, 0.0, 0.0, 0.0, 0.0, 0.0, 0.0, 0.0, 0.0, 0.0, 0.0, 0.0, 0.0, 0.0, 0.0, 0.0, 0.0, 0.0, 0.0, 0.0, 0.0, 0.0, 0.0, 0.0, 0.0, 0.0, 0.0, 0.0, 0.0, 0.0, 0.0, 0.0, 0.0, 0.0, 0.0, 0.0, 0.0, 0.0, 0.0, 0.0, 0.0, 0.0, 0.0, 0.0, 0.0, 0.0, 0.0, 0.0, 0.0, 0.0, 0.0, 0.0, 0.0, 0.0, 0.0, 0.0, 0.0, 0.0, 0.0, 0.0, 0.0, 0.0]",COMPLETE
